<?xml version="1.0" encoding="UTF-8"?>
<testsuite xmlns:xsi="http://www.w3.org/2001/XMLSchema-instance" xsi:noNamespaceSchemaLocation="https://maven.apache.org/surefire/maven-surefire-plugin/xsd/surefire-test-report.xsd" name="org.apache.hadoop.ozone.freon.TestFreonWithDatanodeFastRestart" time="10.25" tests="1" errors="0" skipped="1" failures="0">
  <properties>
    <property name="awt.toolkit" value="sun.awt.X11.XToolkit"/>
    <property name="file.encoding.pkg" value="sun.io"/>
    <property name="java.specification.version" value="1.8"/>
    <property name="sun.cpu.isalist" value=""/>
    <property name="sun.jnu.encoding" value="UTF-8"/>
    <property name="java.class.path" value="/opt/src/hadoop-ozone/tools/target/test-classes:/opt/src/hadoop-ozone/tools/target/classes:/opt/src/hadoop-ozone/ozone-manager/target/classes:/opt/src/hadoop-hdds/docs/target/classes:/home/user/.m2/repository/org/bouncycastle/bcprov-jdk15on/1.60/bcprov-jdk15on-1.60.jar:/opt/src/hadoop-ozone/common/target/classes:/home/user/.m2/repository/org/apache/commons/commons-compress/1.4.1/commons-compress-1.4.1.jar:/home/user/.m2/repository/org/tukaani/xz/1.0/xz-1.0.jar:/home/user/.m2/repository/org/apache/hadoop/hadoop-hdfs-client/3.2.0/hadoop-hdfs-client-3.2.0.jar:/home/user/.m2/repository/com/fasterxml/jackson/core/jackson-annotations/2.9.5/jackson-annotations-2.9.5.jar:/opt/src/hadoop-hdds/common/target/classes:/opt/src/hadoop-hdds/config/target/classes:/home/user/.m2/repository/javax/annotation/javax.annotation-api/1.2/javax.annotation-api-1.2.jar:/home/user/.m2/repository/org/apache/ratis/ratis-server/0.4.0-fe2b15d-SNAPSHOT/ratis-server-0.4.0-fe2b15d-SNAPSHOT.jar:/home/user/.m2/repository/org/apache/ratis/ratis-thirdparty-misc/0.2.0/ratis-thirdparty-misc-0.2.0.jar:/home/user/.m2/repository/org/apache/ratis/ratis-proto/0.4.0-fe2b15d-SNAPSHOT/ratis-proto-0.4.0-fe2b15d-SNAPSHOT.jar:/home/user/.m2/repository/org/apache/ratis/ratis-common/0.4.0-fe2b15d-SNAPSHOT/ratis-common-0.4.0-fe2b15d-SNAPSHOT.jar:/home/user/.m2/repository/org/apache/ratis/ratis-client/0.4.0-fe2b15d-SNAPSHOT/ratis-client-0.4.0-fe2b15d-SNAPSHOT.jar:/home/user/.m2/repository/org/apache/ratis/ratis-netty/0.4.0-fe2b15d-SNAPSHOT/ratis-netty-0.4.0-fe2b15d-SNAPSHOT.jar:/home/user/.m2/repository/org/apache/ratis/ratis-grpc/0.4.0-fe2b15d-SNAPSHOT/ratis-grpc-0.4.0-fe2b15d-SNAPSHOT.jar:/home/user/.m2/repository/org/rocksdb/rocksdbjni/5.14.2/rocksdbjni-5.14.2.jar:/home/user/.m2/repository/org/apache/logging/log4j/log4j-api/2.11.0/log4j-api-2.11.0.jar:/home/user/.m2/repository/org/apache/logging/log4j/log4j-core/2.11.0/log4j-core-2.11.0.jar:/home/user/.m2/repository/com/lmax/disruptor/3.4.2/disruptor-3.4.2.jar:/home/user/.m2/repository/org/apache/commons/commons-pool2/2.6.0/commons-pool2-2.6.0.jar:/home/user/.m2/repository/org/bouncycastle/bcpkix-jdk15on/1.60/bcpkix-jdk15on-1.60.jar:/home/user/.m2/repository/commons-validator/commons-validator/1.6/commons-validator-1.6.jar:/home/user/.m2/repository/commons-digester/commons-digester/1.8.1/commons-digester-1.8.1.jar:/home/user/.m2/repository/io/jaegertracing/jaeger-client/0.33.1/jaeger-client-0.33.1.jar:/home/user/.m2/repository/io/jaegertracing/jaeger-thrift/0.33.1/jaeger-thrift-0.33.1.jar:/home/user/.m2/repository/org/apache/thrift/libthrift/0.11.0/libthrift-0.11.0.jar:/home/user/.m2/repository/com/squareup/okhttp3/okhttp/3.9.0/okhttp-3.9.0.jar:/home/user/.m2/repository/com/squareup/okio/okio/1.13.0/okio-1.13.0.jar:/home/user/.m2/repository/io/jaegertracing/jaeger-core/0.33.1/jaeger-core-0.33.1.jar:/home/user/.m2/repository/io/jaegertracing/jaeger-tracerresolver/0.33.1/jaeger-tracerresolver-0.33.1.jar:/home/user/.m2/repository/io/opentracing/contrib/opentracing-tracerresolver/0.1.5/opentracing-tracerresolver-0.1.5.jar:/home/user/.m2/repository/io/opentracing/opentracing-util/0.31.0/opentracing-util-0.31.0.jar:/home/user/.m2/repository/io/opentracing/opentracing-api/0.31.0/opentracing-api-0.31.0.jar:/home/user/.m2/repository/io/opentracing/opentracing-noop/0.31.0/opentracing-noop-0.31.0.jar:/home/user/.m2/repository/org/yaml/snakeyaml/1.16/snakeyaml-1.16.jar:/opt/src/hadoop-hdds/server-scm/target/classes:/home/user/.m2/repository/org/hamcrest/hamcrest-all/1.3/hamcrest-all-1.3.jar:/opt/src/hadoop-hdds/container-service/target/classes:/opt/src/hadoop-hdds/client/target/classes:/opt/src/hadoop-hdds/tools/target/classes:/home/user/.m2/repository/org/xerial/sqlite-jdbc/3.25.2/sqlite-jdbc-3.25.2.jar:/opt/src/hadoop-ozone/client/target/classes:/home/user/.m2/repository/org/apache/hadoop/hadoop-ozone-filesystem/0.5.0-SNAPSHOT/hadoop-ozone-filesystem-0.5.0-SNAPSHOT.jar:/opt/src/hadoop-hdds/framework/target/classes:/home/user/.m2/repository/info/picocli/picocli/3.9.6/picocli-3.9.6.jar:/home/user/.m2/repository/com/google/protobuf/protobuf-java/2.5.0/protobuf-java-2.5.0.jar:/home/user/.m2/repository/com/google/guava/guava/11.0.2/guava-11.0.2.jar:/home/user/.m2/repository/org/apache/hadoop/hadoop-common/3.2.0/hadoop-common-3.2.0.jar:/home/user/.m2/repository/org/apache/hadoop/hadoop-annotations/3.2.0/hadoop-annotations-3.2.0.jar:/usr/lib/jvm/java-1.8-openjdk/jre/../lib/tools.jar:/home/user/.m2/repository/commons-cli/commons-cli/1.2/commons-cli-1.2.jar:/home/user/.m2/repository/org/apache/commons/commons-math3/3.1.1/commons-math3-3.1.1.jar:/home/user/.m2/repository/org/apache/httpcomponents/httpclient/4.5.2/httpclient-4.5.2.jar:/home/user/.m2/repository/org/apache/httpcomponents/httpcore/4.4.4/httpcore-4.4.4.jar:/home/user/.m2/repository/commons-codec/commons-codec/1.11/commons-codec-1.11.jar:/home/user/.m2/repository/commons-io/commons-io/2.5/commons-io-2.5.jar:/home/user/.m2/repository/commons-net/commons-net/3.6/commons-net-3.6.jar:/home/user/.m2/repository/commons-collections/commons-collections/3.2.2/commons-collections-3.2.2.jar:/home/user/.m2/repository/javax/servlet/javax.servlet-api/3.1.0/javax.servlet-api-3.1.0.jar:/home/user/.m2/repository/org/eclipse/jetty/jetty-server/9.3.24.v20180605/jetty-server-9.3.24.v20180605.jar:/home/user/.m2/repository/org/eclipse/jetty/jetty-http/9.3.24.v20180605/jetty-http-9.3.24.v20180605.jar:/home/user/.m2/repository/org/eclipse/jetty/jetty-io/9.3.24.v20180605/jetty-io-9.3.24.v20180605.jar:/home/user/.m2/repository/org/eclipse/jetty/jetty-util/9.3.24.v20180605/jetty-util-9.3.24.v20180605.jar:/home/user/.m2/repository/org/eclipse/jetty/jetty-servlet/9.3.24.v20180605/jetty-servlet-9.3.24.v20180605.jar:/home/user/.m2/repository/org/eclipse/jetty/jetty-security/9.3.24.v20180605/jetty-security-9.3.24.v20180605.jar:/home/user/.m2/repository/org/eclipse/jetty/jetty-webapp/9.3.24.v20180605/jetty-webapp-9.3.24.v20180605.jar:/home/user/.m2/repository/org/eclipse/jetty/jetty-xml/9.3.24.v20180605/jetty-xml-9.3.24.v20180605.jar:/home/user/.m2/repository/javax/servlet/jsp/jsp-api/2.1/jsp-api-2.1.jar:/home/user/.m2/repository/com/sun/jersey/jersey-core/1.19/jersey-core-1.19.jar:/home/user/.m2/repository/javax/ws/rs/jsr311-api/1.1.1/jsr311-api-1.1.1.jar:/home/user/.m2/repository/com/sun/jersey/jersey-servlet/1.19/jersey-servlet-1.19.jar:/home/user/.m2/repository/com/sun/jersey/jersey-json/1.19/jersey-json-1.19.jar:/home/user/.m2/repository/org/codehaus/jettison/jettison/1.1/jettison-1.1.jar:/home/user/.m2/repository/com/sun/xml/bind/jaxb-impl/2.3.0.1/jaxb-impl-2.3.0.1.jar:/home/user/.m2/repository/org/codehaus/jackson/jackson-core-asl/1.9.13/jackson-core-asl-1.9.13.jar:/home/user/.m2/repository/org/codehaus/jackson/jackson-mapper-asl/1.9.13/jackson-mapper-asl-1.9.13.jar:/home/user/.m2/repository/org/codehaus/jackson/jackson-jaxrs/1.9.13/jackson-jaxrs-1.9.13.jar:/home/user/.m2/repository/org/codehaus/jackson/jackson-xc/1.9.13/jackson-xc-1.9.13.jar:/home/user/.m2/repository/com/sun/jersey/jersey-server/1.19/jersey-server-1.19.jar:/home/user/.m2/repository/commons-logging/commons-logging/1.1.3/commons-logging-1.1.3.jar:/home/user/.m2/repository/log4j/log4j/1.2.17/log4j-1.2.17.jar:/home/user/.m2/repository/commons-beanutils/commons-beanutils/1.9.3/commons-beanutils-1.9.3.jar:/home/user/.m2/repository/org/apache/commons/commons-configuration2/2.1.1/commons-configuration2-2.1.1.jar:/home/user/.m2/repository/org/apache/commons/commons-lang3/3.7/commons-lang3-3.7.jar:/home/user/.m2/repository/org/apache/commons/commons-text/1.4/commons-text-1.4.jar:/home/user/.m2/repository/org/slf4j/slf4j-api/1.7.25/slf4j-api-1.7.25.jar:/home/user/.m2/repository/org/slf4j/slf4j-log4j12/1.7.25/slf4j-log4j12-1.7.25.jar:/home/user/.m2/repository/org/apache/avro/avro/1.7.7/avro-1.7.7.jar:/home/user/.m2/repository/com/thoughtworks/paranamer/paranamer/2.3/paranamer-2.3.jar:/home/user/.m2/repository/org/xerial/snappy/snappy-java/1.0.5/snappy-java-1.0.5.jar:/home/user/.m2/repository/com/google/re2j/re2j/1.1/re2j-1.1.jar:/home/user/.m2/repository/com/google/code/gson/gson/2.2.4/gson-2.2.4.jar:/home/user/.m2/repository/org/apache/hadoop/hadoop-auth/3.2.0/hadoop-auth-3.2.0.jar:/home/user/.m2/repository/com/nimbusds/nimbus-jose-jwt/4.41.1/nimbus-jose-jwt-4.41.1.jar:/home/user/.m2/repository/com/github/stephenc/jcip/jcip-annotations/1.0-1/jcip-annotations-1.0-1.jar:/home/user/.m2/repository/net/minidev/json-smart/2.3/json-smart-2.3.jar:/home/user/.m2/repository/net/minidev/accessors-smart/1.2/accessors-smart-1.2.jar:/home/user/.m2/repository/org/apache/curator/curator-framework/2.12.0/curator-framework-2.12.0.jar:/home/user/.m2/repository/com/jcraft/jsch/0.1.54/jsch-0.1.54.jar:/home/user/.m2/repository/org/apache/curator/curator-client/2.12.0/curator-client-2.12.0.jar:/home/user/.m2/repository/org/apache/curator/curator-recipes/2.12.0/curator-recipes-2.12.0.jar:/home/user/.m2/repository/com/google/code/findbugs/jsr305/3.0.0/jsr305-3.0.0.jar:/home/user/.m2/repository/org/apache/htrace/htrace-core4/4.1.0-incubating/htrace-core4-4.1.0-incubating.jar:/home/user/.m2/repository/org/apache/zookeeper/zookeeper/3.4.13/zookeeper-3.4.13.jar:/home/user/.m2/repository/org/apache/yetus/audience-annotations/0.5.0/audience-annotations-0.5.0.jar:/home/user/.m2/repository/org/apache/kerby/kerb-simplekdc/1.0.1/kerb-simplekdc-1.0.1.jar:/home/user/.m2/repository/org/apache/kerby/kerb-client/1.0.1/kerb-client-1.0.1.jar:/home/user/.m2/repository/org/apache/kerby/kerby-config/1.0.1/kerby-config-1.0.1.jar:/home/user/.m2/repository/org/apache/kerby/kerb-core/1.0.1/kerb-core-1.0.1.jar:/home/user/.m2/repository/org/apache/kerby/kerby-pkix/1.0.1/kerby-pkix-1.0.1.jar:/home/user/.m2/repository/org/apache/kerby/kerby-asn1/1.0.1/kerby-asn1-1.0.1.jar:/home/user/.m2/repository/org/apache/kerby/kerby-util/1.0.1/kerby-util-1.0.1.jar:/home/user/.m2/repository/org/apache/kerby/kerb-common/1.0.1/kerb-common-1.0.1.jar:/home/user/.m2/repository/org/apache/kerby/kerb-crypto/1.0.1/kerb-crypto-1.0.1.jar:/home/user/.m2/repository/org/apache/kerby/kerb-util/1.0.1/kerb-util-1.0.1.jar:/home/user/.m2/repository/org/apache/kerby/token-provider/1.0.1/token-provider-1.0.1.jar:/home/user/.m2/repository/org/apache/kerby/kerb-admin/1.0.1/kerb-admin-1.0.1.jar:/home/user/.m2/repository/org/apache/kerby/kerb-server/1.0.1/kerb-server-1.0.1.jar:/home/user/.m2/repository/org/apache/kerby/kerb-identity/1.0.1/kerb-identity-1.0.1.jar:/home/user/.m2/repository/org/apache/kerby/kerby-xdr/1.0.1/kerby-xdr-1.0.1.jar:/home/user/.m2/repository/com/fasterxml/jackson/core/jackson-databind/2.9.5/jackson-databind-2.9.5.jar:/home/user/.m2/repository/com/fasterxml/jackson/core/jackson-core/2.9.5/jackson-core-2.9.5.jar:/home/user/.m2/repository/org/codehaus/woodstox/stax2-api/3.1.4/stax2-api-3.1.4.jar:/home/user/.m2/repository/com/fasterxml/woodstox/woodstox-core/5.0.3/woodstox-core-5.0.3.jar:/home/user/.m2/repository/dnsjava/dnsjava/2.1.7/dnsjava-2.1.7.jar:/home/user/.m2/repository/org/apache/hadoop/hadoop-hdfs/3.2.0/hadoop-hdfs-3.2.0.jar:/home/user/.m2/repository/org/eclipse/jetty/jetty-util-ajax/9.3.24.v20180605/jetty-util-ajax-9.3.24.v20180605.jar:/home/user/.m2/repository/commons-daemon/commons-daemon/1.0.13/commons-daemon-1.0.13.jar:/home/user/.m2/repository/io/netty/netty/3.10.5.Final/netty-3.10.5.Final.jar:/home/user/.m2/repository/io/netty/netty-all/4.0.52.Final/netty-all-4.0.52.Final.jar:/home/user/.m2/repository/org/fusesource/leveldbjni/leveldbjni-all/1.8/leveldbjni-all-1.8.jar:/home/user/.m2/repository/com/sun/xml/bind/jaxb-core/2.3.0.1/jaxb-core-2.3.0.1.jar:/home/user/.m2/repository/javax/xml/bind/jaxb-api/2.3.0/jaxb-api-2.3.0.jar:/home/user/.m2/repository/javax/activation/activation/1.1.1/activation-1.1.1.jar:/home/user/.m2/repository/io/dropwizard/metrics/metrics-core/3.2.4/metrics-core-3.2.4.jar:/home/user/.m2/repository/org/openjdk/jmh/jmh-core/1.19/jmh-core-1.19.jar:/home/user/.m2/repository/net/sf/jopt-simple/jopt-simple/4.6/jopt-simple-4.6.jar:/home/user/.m2/repository/org/openjdk/jmh/jmh-generator-annprocess/1.19/jmh-generator-annprocess-1.19.jar:/home/user/.m2/repository/com/google/code/findbugs/findbugs/3.0.1/findbugs-3.0.1.jar:/home/user/.m2/repository/net/jcip/jcip-annotations/1.0/jcip-annotations-1.0.jar:/home/user/.m2/repository/com/google/code/findbugs/bcel-findbugs/6.0/bcel-findbugs-6.0.jar:/home/user/.m2/repository/com/google/code/findbugs/jFormatString/2.0.1/jFormatString-2.0.1.jar:/home/user/.m2/repository/dom4j/dom4j/1.6.1/dom4j-1.6.1.jar:/home/user/.m2/repository/xml-apis/xml-apis/1.0.b2/xml-apis-1.0.b2.jar:/home/user/.m2/repository/org/ow2/asm/asm-debug-all/5.0.2/asm-debug-all-5.0.2.jar:/home/user/.m2/repository/org/ow2/asm/asm-commons/5.0.2/asm-commons-5.0.2.jar:/home/user/.m2/repository/org/ow2/asm/asm-tree/5.0.2/asm-tree-5.0.2.jar:/home/user/.m2/repository/org/ow2/asm/asm/5.0.4/asm-5.0.4.jar:/home/user/.m2/repository/commons-lang/commons-lang/2.6/commons-lang-2.6.jar:/home/user/.m2/repository/com/apple/AppleJavaExtensions/1.4/AppleJavaExtensions-1.4.jar:/home/user/.m2/repository/jaxen/jaxen/1.1.6/jaxen-1.1.6.jar:/home/user/.m2/repository/junit/junit/4.11/junit-4.11.jar:/home/user/.m2/repository/org/hamcrest/hamcrest-core/1.3/hamcrest-core-1.3.jar:/home/user/.m2/repository/org/apache/hadoop/hadoop-common/3.2.0/hadoop-common-3.2.0-tests.jar:/home/user/.m2/repository/org/apache/hadoop/hadoop-ozone-integration-test/0.5.0-SNAPSHOT/hadoop-ozone-integration-test-0.5.0-SNAPSHOT-tests.jar:/opt/src/hadoop-ozone/objectstore-service/target/classes:/opt/src/hadoop-ozone/s3gateway/target/classes:/home/user/.m2/repository/org/jboss/weld/servlet/weld-servlet/2.4.7.Final/weld-servlet-2.4.7.Final.jar:/home/user/.m2/repository/org/glassfish/jersey/containers/jersey-container-servlet-core/2.27/jersey-container-servlet-core-2.27.jar:/home/user/.m2/repository/org/glassfish/hk2/external/javax.inject/2.5.0-b42/javax.inject-2.5.0-b42.jar:/home/user/.m2/repository/org/glassfish/jersey/core/jersey-common/2.27/jersey-common-2.27.jar:/home/user/.m2/repository/org/glassfish/hk2/osgi-resource-locator/1.0.1/osgi-resource-locator-1.0.1.jar:/home/user/.m2/repository/javax/ws/rs/javax.ws.rs-api/2.1/javax.ws.rs-api-2.1.jar:/home/user/.m2/repository/org/glassfish/jersey/ext/cdi/jersey-cdi1x/2.27/jersey-cdi1x-2.27.jar:/home/user/.m2/repository/org/glassfish/jersey/inject/jersey-hk2/2.27/jersey-hk2-2.27.jar:/home/user/.m2/repository/org/glassfish/hk2/hk2-locator/2.5.0-b42/hk2-locator-2.5.0-b42.jar:/home/user/.m2/repository/org/javassist/javassist/3.22.0-CR2/javassist-3.22.0-CR2.jar:/home/user/.m2/repository/org/glassfish/hk2/hk2-api/2.5.0/hk2-api-2.5.0.jar:/home/user/.m2/repository/org/glassfish/hk2/external/jakarta.inject/2.5.0/jakarta.inject-2.5.0.jar:/home/user/.m2/repository/org/glassfish/hk2/hk2-utils/2.5.0/hk2-utils-2.5.0.jar:/home/user/.m2/repository/jakarta/annotation/jakarta.annotation-api/1.3.4/jakarta.annotation-api-1.3.4.jar:/home/user/.m2/repository/org/glassfish/hk2/external/aopalliance-repackaged/2.5.0/aopalliance-repackaged-2.5.0.jar:/home/user/.m2/repository/com/fasterxml/jackson/dataformat/jackson-dataformat-xml/2.9.0/jackson-dataformat-xml-2.9.0.jar:/home/user/.m2/repository/com/fasterxml/jackson/module/jackson-module-jaxb-annotations/2.9.5/jackson-module-jaxb-annotations-2.9.5.jar:/home/user/.m2/repository/javax/enterprise/cdi-api/1.2/cdi-api-1.2.jar:/home/user/.m2/repository/javax/el/javax.el-api/3.0.0/javax.el-api-3.0.0.jar:/home/user/.m2/repository/javax/interceptor/javax.interceptor-api/1.2/javax.interceptor-api-1.2.jar:/home/user/.m2/repository/javax/inject/javax.inject/1/javax.inject-1.jar:/opt/src/hadoop-ozone/csi/target/classes:/home/user/.m2/repository/com/google/protobuf/protobuf-java-util/3.5.1/protobuf-java-util-3.5.1.jar:/home/user/.m2/repository/io/grpc/grpc-netty/1.17.1/grpc-netty-1.17.1.jar:/home/user/.m2/repository/io/grpc/grpc-core/1.17.1/grpc-core-1.17.1.jar:/home/user/.m2/repository/io/grpc/grpc-context/1.17.1/grpc-context-1.17.1.jar:/home/user/.m2/repository/com/google/errorprone/error_prone_annotations/2.2.0/error_prone_annotations-2.2.0.jar:/home/user/.m2/repository/org/codehaus/mojo/animal-sniffer-annotations/1.17/animal-sniffer-annotations-1.17.jar:/home/user/.m2/repository/io/opencensus/opencensus-api/0.17.0/opencensus-api-0.17.0.jar:/home/user/.m2/repository/io/opencensus/opencensus-contrib-grpc-metrics/0.17.0/opencensus-contrib-grpc-metrics-0.17.0.jar:/home/user/.m2/repository/io/netty/netty-codec-http2/4.1.30.Final/netty-codec-http2-4.1.30.Final.jar:/home/user/.m2/repository/io/netty/netty-codec-http/4.1.30.Final/netty-codec-http-4.1.30.Final.jar:/home/user/.m2/repository/io/netty/netty-codec/4.1.30.Final/netty-codec-4.1.30.Final.jar:/home/user/.m2/repository/io/netty/netty-handler/4.1.30.Final/netty-handler-4.1.30.Final.jar:/home/user/.m2/repository/io/netty/netty-handler-proxy/4.1.30.Final/netty-handler-proxy-4.1.30.Final.jar:/home/user/.m2/repository/io/netty/netty-codec-socks/4.1.30.Final/netty-codec-socks-4.1.30.Final.jar:/home/user/.m2/repository/io/netty/netty-transport-native-epoll/4.1.30.Final/netty-transport-native-epoll-4.1.30.Final.jar:/home/user/.m2/repository/io/netty/netty-common/4.1.30.Final/netty-common-4.1.30.Final.jar:/home/user/.m2/repository/io/netty/netty-buffer/4.1.30.Final/netty-buffer-4.1.30.Final.jar:/home/user/.m2/repository/io/netty/netty-transport/4.1.30.Final/netty-transport-4.1.30.Final.jar:/home/user/.m2/repository/io/netty/netty-resolver/4.1.30.Final/netty-resolver-4.1.30.Final.jar:/home/user/.m2/repository/io/netty/netty-transport-native-unix-common/4.1.30.Final/netty-transport-native-unix-common-4.1.30.Final.jar:/home/user/.m2/repository/io/grpc/grpc-protobuf/1.17.1/grpc-protobuf-1.17.1.jar:/home/user/.m2/repository/com/google/api/grpc/proto-google-common-protos/1.0.0/proto-google-common-protos-1.0.0.jar:/home/user/.m2/repository/io/grpc/grpc-protobuf-lite/1.17.1/grpc-protobuf-lite-1.17.1.jar:/home/user/.m2/repository/io/grpc/grpc-stub/1.17.1/grpc-stub-1.17.1.jar:/opt/src/hadoop-ozone/ozone-recon/target/classes:/opt/src/hadoop-ozone/ozone-recon-codegen/target/classes:/home/user/.m2/repository/com/google/inject/extensions/guice-multibindings/4.0/guice-multibindings-4.0.jar:/home/user/.m2/repository/com/google/inject/guice/4.0/guice-4.0.jar:/home/user/.m2/repository/aopalliance/aopalliance/1.0/aopalliance-1.0.jar:/home/user/.m2/repository/com/google/inject/extensions/guice-servlet/4.0/guice-servlet-4.0.jar:/home/user/.m2/repository/org/glassfish/jersey/containers/jersey-container-servlet/2.27/jersey-container-servlet-2.27.jar:/home/user/.m2/repository/org/glassfish/hk2/guice-bridge/2.5.0/guice-bridge-2.5.0.jar:/home/user/.m2/repository/org/glassfish/jersey/core/jersey-server/2.27/jersey-server-2.27.jar:/home/user/.m2/repository/org/glassfish/jersey/core/jersey-client/2.27/jersey-client-2.27.jar:/home/user/.m2/repository/org/glassfish/jersey/media/jersey-media-jaxb/2.27/jersey-media-jaxb-2.27.jar:/home/user/.m2/repository/javax/validation/validation-api/1.1.0.Final/validation-api-1.1.0.Final.jar:/home/user/.m2/repository/org/glassfish/jersey/media/jersey-media-json-jackson/2.27/jersey-media-json-jackson-2.27.jar:/home/user/.m2/repository/org/glassfish/jersey/ext/jersey-entity-filtering/2.27/jersey-entity-filtering-2.27.jar:/home/user/.m2/repository/com/google/inject/extensions/guice-assistedinject/4.0/guice-assistedinject-4.0.jar:/home/user/.m2/repository/org/jooq/jooq/3.11.10/jooq-3.11.10.jar:/home/user/.m2/repository/org/jooq/jooq-meta/3.11.10/jooq-meta-3.11.10.jar:/home/user/.m2/repository/org/jooq/jooq-codegen/3.11.10/jooq-codegen-3.11.10.jar:/home/user/.m2/repository/com/jolbox/bonecp/0.8.0.RELEASE/bonecp-0.8.0.RELEASE.jar:/home/user/.m2/repository/org/springframework/spring-jdbc/5.1.3.RELEASE/spring-jdbc-5.1.3.RELEASE.jar:/home/user/.m2/repository/org/springframework/spring-beans/5.1.3.RELEASE/spring-beans-5.1.3.RELEASE.jar:/home/user/.m2/repository/org/springframework/spring-core/5.1.3.RELEASE/spring-core-5.1.3.RELEASE.jar:/home/user/.m2/repository/org/springframework/spring-jcl/5.1.3.RELEASE/spring-jcl-5.1.3.RELEASE.jar:/home/user/.m2/repository/org/springframework/spring-tx/5.1.3.RELEASE/spring-tx-5.1.3.RELEASE.jar:/home/user/.m2/repository/org/mockito/mockito-core/2.15.0/mockito-core-2.15.0.jar:/home/user/.m2/repository/net/bytebuddy/byte-buddy/1.7.9/byte-buddy-1.7.9.jar:/home/user/.m2/repository/net/bytebuddy/byte-buddy-agent/1.7.9/byte-buddy-agent-1.7.9.jar:/home/user/.m2/repository/org/objenesis/objenesis/1.0/objenesis-1.0.jar:"/>
    <property name="java.vm.vendor" value="IcedTea"/>
    <property name="sun.arch.data.model" value="64"/>
    <property name="test.build.dir" value="/opt/src/hadoop-ozone/tools/target/test-dir"/>
    <property name="test.cache.data" value=""/>
    <property name="java.vendor.url" value="https://icedtea.classpath.org"/>
    <property name="user.timezone" value=""/>
    <property name="java.vm.specification.version" value="1.8"/>
    <property name="os.name" value="Linux"/>
    <property name="test.build.data" value="/opt/src/hadoop-ozone/tools/target/test-dir"/>
    <property name="user.country" value="US"/>
    <property name="sun.java.launcher" value="SUN_STANDARD"/>
    <property name="sun.boot.library.path" value="/usr/lib/jvm/java-1.8-openjdk/jre/lib/amd64"/>
    <property name="sun.java.command" value="/opt/src/hadoop-ozone/tools/target/surefire/surefirebooter4701738778754299950.jar /opt/src/hadoop-ozone/tools/target/surefire 2019-06-17T05-21-27_147-jvmRun1 surefire5970376601775078382tmp surefire_922743914715416083939tmp"/>
    <property name="surefire.test.class.path" value="/opt/src/hadoop-ozone/tools/target/test-classes:/opt/src/hadoop-ozone/tools/target/classes:/opt/src/hadoop-ozone/ozone-manager/target/classes:/opt/src/hadoop-hdds/docs/target/classes:/home/user/.m2/repository/org/bouncycastle/bcprov-jdk15on/1.60/bcprov-jdk15on-1.60.jar:/opt/src/hadoop-ozone/common/target/classes:/home/user/.m2/repository/org/apache/commons/commons-compress/1.4.1/commons-compress-1.4.1.jar:/home/user/.m2/repository/org/tukaani/xz/1.0/xz-1.0.jar:/home/user/.m2/repository/org/apache/hadoop/hadoop-hdfs-client/3.2.0/hadoop-hdfs-client-3.2.0.jar:/home/user/.m2/repository/com/fasterxml/jackson/core/jackson-annotations/2.9.5/jackson-annotations-2.9.5.jar:/opt/src/hadoop-hdds/common/target/classes:/opt/src/hadoop-hdds/config/target/classes:/home/user/.m2/repository/javax/annotation/javax.annotation-api/1.2/javax.annotation-api-1.2.jar:/home/user/.m2/repository/org/apache/ratis/ratis-server/0.4.0-fe2b15d-SNAPSHOT/ratis-server-0.4.0-fe2b15d-SNAPSHOT.jar:/home/user/.m2/repository/org/apache/ratis/ratis-thirdparty-misc/0.2.0/ratis-thirdparty-misc-0.2.0.jar:/home/user/.m2/repository/org/apache/ratis/ratis-proto/0.4.0-fe2b15d-SNAPSHOT/ratis-proto-0.4.0-fe2b15d-SNAPSHOT.jar:/home/user/.m2/repository/org/apache/ratis/ratis-common/0.4.0-fe2b15d-SNAPSHOT/ratis-common-0.4.0-fe2b15d-SNAPSHOT.jar:/home/user/.m2/repository/org/apache/ratis/ratis-client/0.4.0-fe2b15d-SNAPSHOT/ratis-client-0.4.0-fe2b15d-SNAPSHOT.jar:/home/user/.m2/repository/org/apache/ratis/ratis-netty/0.4.0-fe2b15d-SNAPSHOT/ratis-netty-0.4.0-fe2b15d-SNAPSHOT.jar:/home/user/.m2/repository/org/apache/ratis/ratis-grpc/0.4.0-fe2b15d-SNAPSHOT/ratis-grpc-0.4.0-fe2b15d-SNAPSHOT.jar:/home/user/.m2/repository/org/rocksdb/rocksdbjni/5.14.2/rocksdbjni-5.14.2.jar:/home/user/.m2/repository/org/apache/logging/log4j/log4j-api/2.11.0/log4j-api-2.11.0.jar:/home/user/.m2/repository/org/apache/logging/log4j/log4j-core/2.11.0/log4j-core-2.11.0.jar:/home/user/.m2/repository/com/lmax/disruptor/3.4.2/disruptor-3.4.2.jar:/home/user/.m2/repository/org/apache/commons/commons-pool2/2.6.0/commons-pool2-2.6.0.jar:/home/user/.m2/repository/org/bouncycastle/bcpkix-jdk15on/1.60/bcpkix-jdk15on-1.60.jar:/home/user/.m2/repository/commons-validator/commons-validator/1.6/commons-validator-1.6.jar:/home/user/.m2/repository/commons-digester/commons-digester/1.8.1/commons-digester-1.8.1.jar:/home/user/.m2/repository/io/jaegertracing/jaeger-client/0.33.1/jaeger-client-0.33.1.jar:/home/user/.m2/repository/io/jaegertracing/jaeger-thrift/0.33.1/jaeger-thrift-0.33.1.jar:/home/user/.m2/repository/org/apache/thrift/libthrift/0.11.0/libthrift-0.11.0.jar:/home/user/.m2/repository/com/squareup/okhttp3/okhttp/3.9.0/okhttp-3.9.0.jar:/home/user/.m2/repository/com/squareup/okio/okio/1.13.0/okio-1.13.0.jar:/home/user/.m2/repository/io/jaegertracing/jaeger-core/0.33.1/jaeger-core-0.33.1.jar:/home/user/.m2/repository/io/jaegertracing/jaeger-tracerresolver/0.33.1/jaeger-tracerresolver-0.33.1.jar:/home/user/.m2/repository/io/opentracing/contrib/opentracing-tracerresolver/0.1.5/opentracing-tracerresolver-0.1.5.jar:/home/user/.m2/repository/io/opentracing/opentracing-util/0.31.0/opentracing-util-0.31.0.jar:/home/user/.m2/repository/io/opentracing/opentracing-api/0.31.0/opentracing-api-0.31.0.jar:/home/user/.m2/repository/io/opentracing/opentracing-noop/0.31.0/opentracing-noop-0.31.0.jar:/home/user/.m2/repository/org/yaml/snakeyaml/1.16/snakeyaml-1.16.jar:/opt/src/hadoop-hdds/server-scm/target/classes:/home/user/.m2/repository/org/hamcrest/hamcrest-all/1.3/hamcrest-all-1.3.jar:/opt/src/hadoop-hdds/container-service/target/classes:/opt/src/hadoop-hdds/client/target/classes:/opt/src/hadoop-hdds/tools/target/classes:/home/user/.m2/repository/org/xerial/sqlite-jdbc/3.25.2/sqlite-jdbc-3.25.2.jar:/opt/src/hadoop-ozone/client/target/classes:/home/user/.m2/repository/org/apache/hadoop/hadoop-ozone-filesystem/0.5.0-SNAPSHOT/hadoop-ozone-filesystem-0.5.0-SNAPSHOT.jar:/opt/src/hadoop-hdds/framework/target/classes:/home/user/.m2/repository/info/picocli/picocli/3.9.6/picocli-3.9.6.jar:/home/user/.m2/repository/com/google/protobuf/protobuf-java/2.5.0/protobuf-java-2.5.0.jar:/home/user/.m2/repository/com/google/guava/guava/11.0.2/guava-11.0.2.jar:/home/user/.m2/repository/org/apache/hadoop/hadoop-common/3.2.0/hadoop-common-3.2.0.jar:/home/user/.m2/repository/org/apache/hadoop/hadoop-annotations/3.2.0/hadoop-annotations-3.2.0.jar:/usr/lib/jvm/java-1.8-openjdk/jre/../lib/tools.jar:/home/user/.m2/repository/commons-cli/commons-cli/1.2/commons-cli-1.2.jar:/home/user/.m2/repository/org/apache/commons/commons-math3/3.1.1/commons-math3-3.1.1.jar:/home/user/.m2/repository/org/apache/httpcomponents/httpclient/4.5.2/httpclient-4.5.2.jar:/home/user/.m2/repository/org/apache/httpcomponents/httpcore/4.4.4/httpcore-4.4.4.jar:/home/user/.m2/repository/commons-codec/commons-codec/1.11/commons-codec-1.11.jar:/home/user/.m2/repository/commons-io/commons-io/2.5/commons-io-2.5.jar:/home/user/.m2/repository/commons-net/commons-net/3.6/commons-net-3.6.jar:/home/user/.m2/repository/commons-collections/commons-collections/3.2.2/commons-collections-3.2.2.jar:/home/user/.m2/repository/javax/servlet/javax.servlet-api/3.1.0/javax.servlet-api-3.1.0.jar:/home/user/.m2/repository/org/eclipse/jetty/jetty-server/9.3.24.v20180605/jetty-server-9.3.24.v20180605.jar:/home/user/.m2/repository/org/eclipse/jetty/jetty-http/9.3.24.v20180605/jetty-http-9.3.24.v20180605.jar:/home/user/.m2/repository/org/eclipse/jetty/jetty-io/9.3.24.v20180605/jetty-io-9.3.24.v20180605.jar:/home/user/.m2/repository/org/eclipse/jetty/jetty-util/9.3.24.v20180605/jetty-util-9.3.24.v20180605.jar:/home/user/.m2/repository/org/eclipse/jetty/jetty-servlet/9.3.24.v20180605/jetty-servlet-9.3.24.v20180605.jar:/home/user/.m2/repository/org/eclipse/jetty/jetty-security/9.3.24.v20180605/jetty-security-9.3.24.v20180605.jar:/home/user/.m2/repository/org/eclipse/jetty/jetty-webapp/9.3.24.v20180605/jetty-webapp-9.3.24.v20180605.jar:/home/user/.m2/repository/org/eclipse/jetty/jetty-xml/9.3.24.v20180605/jetty-xml-9.3.24.v20180605.jar:/home/user/.m2/repository/javax/servlet/jsp/jsp-api/2.1/jsp-api-2.1.jar:/home/user/.m2/repository/com/sun/jersey/jersey-core/1.19/jersey-core-1.19.jar:/home/user/.m2/repository/javax/ws/rs/jsr311-api/1.1.1/jsr311-api-1.1.1.jar:/home/user/.m2/repository/com/sun/jersey/jersey-servlet/1.19/jersey-servlet-1.19.jar:/home/user/.m2/repository/com/sun/jersey/jersey-json/1.19/jersey-json-1.19.jar:/home/user/.m2/repository/org/codehaus/jettison/jettison/1.1/jettison-1.1.jar:/home/user/.m2/repository/com/sun/xml/bind/jaxb-impl/2.3.0.1/jaxb-impl-2.3.0.1.jar:/home/user/.m2/repository/org/codehaus/jackson/jackson-core-asl/1.9.13/jackson-core-asl-1.9.13.jar:/home/user/.m2/repository/org/codehaus/jackson/jackson-mapper-asl/1.9.13/jackson-mapper-asl-1.9.13.jar:/home/user/.m2/repository/org/codehaus/jackson/jackson-jaxrs/1.9.13/jackson-jaxrs-1.9.13.jar:/home/user/.m2/repository/org/codehaus/jackson/jackson-xc/1.9.13/jackson-xc-1.9.13.jar:/home/user/.m2/repository/com/sun/jersey/jersey-server/1.19/jersey-server-1.19.jar:/home/user/.m2/repository/commons-logging/commons-logging/1.1.3/commons-logging-1.1.3.jar:/home/user/.m2/repository/log4j/log4j/1.2.17/log4j-1.2.17.jar:/home/user/.m2/repository/commons-beanutils/commons-beanutils/1.9.3/commons-beanutils-1.9.3.jar:/home/user/.m2/repository/org/apache/commons/commons-configuration2/2.1.1/commons-configuration2-2.1.1.jar:/home/user/.m2/repository/org/apache/commons/commons-lang3/3.7/commons-lang3-3.7.jar:/home/user/.m2/repository/org/apache/commons/commons-text/1.4/commons-text-1.4.jar:/home/user/.m2/repository/org/slf4j/slf4j-api/1.7.25/slf4j-api-1.7.25.jar:/home/user/.m2/repository/org/slf4j/slf4j-log4j12/1.7.25/slf4j-log4j12-1.7.25.jar:/home/user/.m2/repository/org/apache/avro/avro/1.7.7/avro-1.7.7.jar:/home/user/.m2/repository/com/thoughtworks/paranamer/paranamer/2.3/paranamer-2.3.jar:/home/user/.m2/repository/org/xerial/snappy/snappy-java/1.0.5/snappy-java-1.0.5.jar:/home/user/.m2/repository/com/google/re2j/re2j/1.1/re2j-1.1.jar:/home/user/.m2/repository/com/google/code/gson/gson/2.2.4/gson-2.2.4.jar:/home/user/.m2/repository/org/apache/hadoop/hadoop-auth/3.2.0/hadoop-auth-3.2.0.jar:/home/user/.m2/repository/com/nimbusds/nimbus-jose-jwt/4.41.1/nimbus-jose-jwt-4.41.1.jar:/home/user/.m2/repository/com/github/stephenc/jcip/jcip-annotations/1.0-1/jcip-annotations-1.0-1.jar:/home/user/.m2/repository/net/minidev/json-smart/2.3/json-smart-2.3.jar:/home/user/.m2/repository/net/minidev/accessors-smart/1.2/accessors-smart-1.2.jar:/home/user/.m2/repository/org/apache/curator/curator-framework/2.12.0/curator-framework-2.12.0.jar:/home/user/.m2/repository/com/jcraft/jsch/0.1.54/jsch-0.1.54.jar:/home/user/.m2/repository/org/apache/curator/curator-client/2.12.0/curator-client-2.12.0.jar:/home/user/.m2/repository/org/apache/curator/curator-recipes/2.12.0/curator-recipes-2.12.0.jar:/home/user/.m2/repository/com/google/code/findbugs/jsr305/3.0.0/jsr305-3.0.0.jar:/home/user/.m2/repository/org/apache/htrace/htrace-core4/4.1.0-incubating/htrace-core4-4.1.0-incubating.jar:/home/user/.m2/repository/org/apache/zookeeper/zookeeper/3.4.13/zookeeper-3.4.13.jar:/home/user/.m2/repository/org/apache/yetus/audience-annotations/0.5.0/audience-annotations-0.5.0.jar:/home/user/.m2/repository/org/apache/kerby/kerb-simplekdc/1.0.1/kerb-simplekdc-1.0.1.jar:/home/user/.m2/repository/org/apache/kerby/kerb-client/1.0.1/kerb-client-1.0.1.jar:/home/user/.m2/repository/org/apache/kerby/kerby-config/1.0.1/kerby-config-1.0.1.jar:/home/user/.m2/repository/org/apache/kerby/kerb-core/1.0.1/kerb-core-1.0.1.jar:/home/user/.m2/repository/org/apache/kerby/kerby-pkix/1.0.1/kerby-pkix-1.0.1.jar:/home/user/.m2/repository/org/apache/kerby/kerby-asn1/1.0.1/kerby-asn1-1.0.1.jar:/home/user/.m2/repository/org/apache/kerby/kerby-util/1.0.1/kerby-util-1.0.1.jar:/home/user/.m2/repository/org/apache/kerby/kerb-common/1.0.1/kerb-common-1.0.1.jar:/home/user/.m2/repository/org/apache/kerby/kerb-crypto/1.0.1/kerb-crypto-1.0.1.jar:/home/user/.m2/repository/org/apache/kerby/kerb-util/1.0.1/kerb-util-1.0.1.jar:/home/user/.m2/repository/org/apache/kerby/token-provider/1.0.1/token-provider-1.0.1.jar:/home/user/.m2/repository/org/apache/kerby/kerb-admin/1.0.1/kerb-admin-1.0.1.jar:/home/user/.m2/repository/org/apache/kerby/kerb-server/1.0.1/kerb-server-1.0.1.jar:/home/user/.m2/repository/org/apache/kerby/kerb-identity/1.0.1/kerb-identity-1.0.1.jar:/home/user/.m2/repository/org/apache/kerby/kerby-xdr/1.0.1/kerby-xdr-1.0.1.jar:/home/user/.m2/repository/com/fasterxml/jackson/core/jackson-databind/2.9.5/jackson-databind-2.9.5.jar:/home/user/.m2/repository/com/fasterxml/jackson/core/jackson-core/2.9.5/jackson-core-2.9.5.jar:/home/user/.m2/repository/org/codehaus/woodstox/stax2-api/3.1.4/stax2-api-3.1.4.jar:/home/user/.m2/repository/com/fasterxml/woodstox/woodstox-core/5.0.3/woodstox-core-5.0.3.jar:/home/user/.m2/repository/dnsjava/dnsjava/2.1.7/dnsjava-2.1.7.jar:/home/user/.m2/repository/org/apache/hadoop/hadoop-hdfs/3.2.0/hadoop-hdfs-3.2.0.jar:/home/user/.m2/repository/org/eclipse/jetty/jetty-util-ajax/9.3.24.v20180605/jetty-util-ajax-9.3.24.v20180605.jar:/home/user/.m2/repository/commons-daemon/commons-daemon/1.0.13/commons-daemon-1.0.13.jar:/home/user/.m2/repository/io/netty/netty/3.10.5.Final/netty-3.10.5.Final.jar:/home/user/.m2/repository/io/netty/netty-all/4.0.52.Final/netty-all-4.0.52.Final.jar:/home/user/.m2/repository/org/fusesource/leveldbjni/leveldbjni-all/1.8/leveldbjni-all-1.8.jar:/home/user/.m2/repository/com/sun/xml/bind/jaxb-core/2.3.0.1/jaxb-core-2.3.0.1.jar:/home/user/.m2/repository/javax/xml/bind/jaxb-api/2.3.0/jaxb-api-2.3.0.jar:/home/user/.m2/repository/javax/activation/activation/1.1.1/activation-1.1.1.jar:/home/user/.m2/repository/io/dropwizard/metrics/metrics-core/3.2.4/metrics-core-3.2.4.jar:/home/user/.m2/repository/org/openjdk/jmh/jmh-core/1.19/jmh-core-1.19.jar:/home/user/.m2/repository/net/sf/jopt-simple/jopt-simple/4.6/jopt-simple-4.6.jar:/home/user/.m2/repository/org/openjdk/jmh/jmh-generator-annprocess/1.19/jmh-generator-annprocess-1.19.jar:/home/user/.m2/repository/com/google/code/findbugs/findbugs/3.0.1/findbugs-3.0.1.jar:/home/user/.m2/repository/net/jcip/jcip-annotations/1.0/jcip-annotations-1.0.jar:/home/user/.m2/repository/com/google/code/findbugs/bcel-findbugs/6.0/bcel-findbugs-6.0.jar:/home/user/.m2/repository/com/google/code/findbugs/jFormatString/2.0.1/jFormatString-2.0.1.jar:/home/user/.m2/repository/dom4j/dom4j/1.6.1/dom4j-1.6.1.jar:/home/user/.m2/repository/xml-apis/xml-apis/1.0.b2/xml-apis-1.0.b2.jar:/home/user/.m2/repository/org/ow2/asm/asm-debug-all/5.0.2/asm-debug-all-5.0.2.jar:/home/user/.m2/repository/org/ow2/asm/asm-commons/5.0.2/asm-commons-5.0.2.jar:/home/user/.m2/repository/org/ow2/asm/asm-tree/5.0.2/asm-tree-5.0.2.jar:/home/user/.m2/repository/org/ow2/asm/asm/5.0.4/asm-5.0.4.jar:/home/user/.m2/repository/commons-lang/commons-lang/2.6/commons-lang-2.6.jar:/home/user/.m2/repository/com/apple/AppleJavaExtensions/1.4/AppleJavaExtensions-1.4.jar:/home/user/.m2/repository/jaxen/jaxen/1.1.6/jaxen-1.1.6.jar:/home/user/.m2/repository/junit/junit/4.11/junit-4.11.jar:/home/user/.m2/repository/org/hamcrest/hamcrest-core/1.3/hamcrest-core-1.3.jar:/home/user/.m2/repository/org/apache/hadoop/hadoop-common/3.2.0/hadoop-common-3.2.0-tests.jar:/home/user/.m2/repository/org/apache/hadoop/hadoop-ozone-integration-test/0.5.0-SNAPSHOT/hadoop-ozone-integration-test-0.5.0-SNAPSHOT-tests.jar:/opt/src/hadoop-ozone/objectstore-service/target/classes:/opt/src/hadoop-ozone/s3gateway/target/classes:/home/user/.m2/repository/org/jboss/weld/servlet/weld-servlet/2.4.7.Final/weld-servlet-2.4.7.Final.jar:/home/user/.m2/repository/org/glassfish/jersey/containers/jersey-container-servlet-core/2.27/jersey-container-servlet-core-2.27.jar:/home/user/.m2/repository/org/glassfish/hk2/external/javax.inject/2.5.0-b42/javax.inject-2.5.0-b42.jar:/home/user/.m2/repository/org/glassfish/jersey/core/jersey-common/2.27/jersey-common-2.27.jar:/home/user/.m2/repository/org/glassfish/hk2/osgi-resource-locator/1.0.1/osgi-resource-locator-1.0.1.jar:/home/user/.m2/repository/javax/ws/rs/javax.ws.rs-api/2.1/javax.ws.rs-api-2.1.jar:/home/user/.m2/repository/org/glassfish/jersey/ext/cdi/jersey-cdi1x/2.27/jersey-cdi1x-2.27.jar:/home/user/.m2/repository/org/glassfish/jersey/inject/jersey-hk2/2.27/jersey-hk2-2.27.jar:/home/user/.m2/repository/org/glassfish/hk2/hk2-locator/2.5.0-b42/hk2-locator-2.5.0-b42.jar:/home/user/.m2/repository/org/javassist/javassist/3.22.0-CR2/javassist-3.22.0-CR2.jar:/home/user/.m2/repository/org/glassfish/hk2/hk2-api/2.5.0/hk2-api-2.5.0.jar:/home/user/.m2/repository/org/glassfish/hk2/external/jakarta.inject/2.5.0/jakarta.inject-2.5.0.jar:/home/user/.m2/repository/org/glassfish/hk2/hk2-utils/2.5.0/hk2-utils-2.5.0.jar:/home/user/.m2/repository/jakarta/annotation/jakarta.annotation-api/1.3.4/jakarta.annotation-api-1.3.4.jar:/home/user/.m2/repository/org/glassfish/hk2/external/aopalliance-repackaged/2.5.0/aopalliance-repackaged-2.5.0.jar:/home/user/.m2/repository/com/fasterxml/jackson/dataformat/jackson-dataformat-xml/2.9.0/jackson-dataformat-xml-2.9.0.jar:/home/user/.m2/repository/com/fasterxml/jackson/module/jackson-module-jaxb-annotations/2.9.5/jackson-module-jaxb-annotations-2.9.5.jar:/home/user/.m2/repository/javax/enterprise/cdi-api/1.2/cdi-api-1.2.jar:/home/user/.m2/repository/javax/el/javax.el-api/3.0.0/javax.el-api-3.0.0.jar:/home/user/.m2/repository/javax/interceptor/javax.interceptor-api/1.2/javax.interceptor-api-1.2.jar:/home/user/.m2/repository/javax/inject/javax.inject/1/javax.inject-1.jar:/opt/src/hadoop-ozone/csi/target/classes:/home/user/.m2/repository/com/google/protobuf/protobuf-java-util/3.5.1/protobuf-java-util-3.5.1.jar:/home/user/.m2/repository/io/grpc/grpc-netty/1.17.1/grpc-netty-1.17.1.jar:/home/user/.m2/repository/io/grpc/grpc-core/1.17.1/grpc-core-1.17.1.jar:/home/user/.m2/repository/io/grpc/grpc-context/1.17.1/grpc-context-1.17.1.jar:/home/user/.m2/repository/com/google/errorprone/error_prone_annotations/2.2.0/error_prone_annotations-2.2.0.jar:/home/user/.m2/repository/org/codehaus/mojo/animal-sniffer-annotations/1.17/animal-sniffer-annotations-1.17.jar:/home/user/.m2/repository/io/opencensus/opencensus-api/0.17.0/opencensus-api-0.17.0.jar:/home/user/.m2/repository/io/opencensus/opencensus-contrib-grpc-metrics/0.17.0/opencensus-contrib-grpc-metrics-0.17.0.jar:/home/user/.m2/repository/io/netty/netty-codec-http2/4.1.30.Final/netty-codec-http2-4.1.30.Final.jar:/home/user/.m2/repository/io/netty/netty-codec-http/4.1.30.Final/netty-codec-http-4.1.30.Final.jar:/home/user/.m2/repository/io/netty/netty-codec/4.1.30.Final/netty-codec-4.1.30.Final.jar:/home/user/.m2/repository/io/netty/netty-handler/4.1.30.Final/netty-handler-4.1.30.Final.jar:/home/user/.m2/repository/io/netty/netty-handler-proxy/4.1.30.Final/netty-handler-proxy-4.1.30.Final.jar:/home/user/.m2/repository/io/netty/netty-codec-socks/4.1.30.Final/netty-codec-socks-4.1.30.Final.jar:/home/user/.m2/repository/io/netty/netty-transport-native-epoll/4.1.30.Final/netty-transport-native-epoll-4.1.30.Final.jar:/home/user/.m2/repository/io/netty/netty-common/4.1.30.Final/netty-common-4.1.30.Final.jar:/home/user/.m2/repository/io/netty/netty-buffer/4.1.30.Final/netty-buffer-4.1.30.Final.jar:/home/user/.m2/repository/io/netty/netty-transport/4.1.30.Final/netty-transport-4.1.30.Final.jar:/home/user/.m2/repository/io/netty/netty-resolver/4.1.30.Final/netty-resolver-4.1.30.Final.jar:/home/user/.m2/repository/io/netty/netty-transport-native-unix-common/4.1.30.Final/netty-transport-native-unix-common-4.1.30.Final.jar:/home/user/.m2/repository/io/grpc/grpc-protobuf/1.17.1/grpc-protobuf-1.17.1.jar:/home/user/.m2/repository/com/google/api/grpc/proto-google-common-protos/1.0.0/proto-google-common-protos-1.0.0.jar:/home/user/.m2/repository/io/grpc/grpc-protobuf-lite/1.17.1/grpc-protobuf-lite-1.17.1.jar:/home/user/.m2/repository/io/grpc/grpc-stub/1.17.1/grpc-stub-1.17.1.jar:/opt/src/hadoop-ozone/ozone-recon/target/classes:/opt/src/hadoop-ozone/ozone-recon-codegen/target/classes:/home/user/.m2/repository/com/google/inject/extensions/guice-multibindings/4.0/guice-multibindings-4.0.jar:/home/user/.m2/repository/com/google/inject/guice/4.0/guice-4.0.jar:/home/user/.m2/repository/aopalliance/aopalliance/1.0/aopalliance-1.0.jar:/home/user/.m2/repository/com/google/inject/extensions/guice-servlet/4.0/guice-servlet-4.0.jar:/home/user/.m2/repository/org/glassfish/jersey/containers/jersey-container-servlet/2.27/jersey-container-servlet-2.27.jar:/home/user/.m2/repository/org/glassfish/hk2/guice-bridge/2.5.0/guice-bridge-2.5.0.jar:/home/user/.m2/repository/org/glassfish/jersey/core/jersey-server/2.27/jersey-server-2.27.jar:/home/user/.m2/repository/org/glassfish/jersey/core/jersey-client/2.27/jersey-client-2.27.jar:/home/user/.m2/repository/org/glassfish/jersey/media/jersey-media-jaxb/2.27/jersey-media-jaxb-2.27.jar:/home/user/.m2/repository/javax/validation/validation-api/1.1.0.Final/validation-api-1.1.0.Final.jar:/home/user/.m2/repository/org/glassfish/jersey/media/jersey-media-json-jackson/2.27/jersey-media-json-jackson-2.27.jar:/home/user/.m2/repository/org/glassfish/jersey/ext/jersey-entity-filtering/2.27/jersey-entity-filtering-2.27.jar:/home/user/.m2/repository/com/google/inject/extensions/guice-assistedinject/4.0/guice-assistedinject-4.0.jar:/home/user/.m2/repository/org/jooq/jooq/3.11.10/jooq-3.11.10.jar:/home/user/.m2/repository/org/jooq/jooq-meta/3.11.10/jooq-meta-3.11.10.jar:/home/user/.m2/repository/org/jooq/jooq-codegen/3.11.10/jooq-codegen-3.11.10.jar:/home/user/.m2/repository/com/jolbox/bonecp/0.8.0.RELEASE/bonecp-0.8.0.RELEASE.jar:/home/user/.m2/repository/org/springframework/spring-jdbc/5.1.3.RELEASE/spring-jdbc-5.1.3.RELEASE.jar:/home/user/.m2/repository/org/springframework/spring-beans/5.1.3.RELEASE/spring-beans-5.1.3.RELEASE.jar:/home/user/.m2/repository/org/springframework/spring-core/5.1.3.RELEASE/spring-core-5.1.3.RELEASE.jar:/home/user/.m2/repository/org/springframework/spring-jcl/5.1.3.RELEASE/spring-jcl-5.1.3.RELEASE.jar:/home/user/.m2/repository/org/springframework/spring-tx/5.1.3.RELEASE/spring-tx-5.1.3.RELEASE.jar:/home/user/.m2/repository/org/mockito/mockito-core/2.15.0/mockito-core-2.15.0.jar:/home/user/.m2/repository/net/bytebuddy/byte-buddy/1.7.9/byte-buddy-1.7.9.jar:/home/user/.m2/repository/net/bytebuddy/byte-buddy-agent/1.7.9/byte-buddy-agent-1.7.9.jar:/home/user/.m2/repository/org/objenesis/objenesis/1.0/objenesis-1.0.jar:"/>
    <property name="sun.cpu.endian" value="little"/>
    <property name="user.home" value="/home/user"/>
    <property name="user.language" value="en"/>
    <property name="java.specification.vendor" value="Oracle Corporation"/>
    <property name="java.home" value="/usr/lib/jvm/java-1.8-openjdk/jre"/>
    <property name="java.security.krb5.conf" value="/opt/src/hadoop-ozone/tools/target/test-classes/krb5.conf"/>
    <property name="basedir" value="/opt/src/hadoop-ozone/tools"/>
    <property name="file.separator" value="/"/>
    <property name="line.separator" value="&#10;"/>
    <property name="java.vm.specification.vendor" value="Oracle Corporation"/>
    <property name="java.specification.name" value="Java Platform API Specification"/>
    <property name="java.awt.graphicsenv" value="sun.awt.X11GraphicsEnvironment"/>
    <property name="surefire.real.class.path" value="/opt/src/hadoop-ozone/tools/target/surefire/surefirebooter4701738778754299950.jar"/>
    <property name="hadoop.log.dir" value="/opt/src/hadoop-ozone/tools/target/log"/>
    <property name="sun.boot.class.path" value="/usr/lib/jvm/java-1.8-openjdk/jre/lib/resources.jar:/usr/lib/jvm/java-1.8-openjdk/jre/lib/rt.jar:/usr/lib/jvm/java-1.8-openjdk/jre/lib/sunrsasign.jar:/usr/lib/jvm/java-1.8-openjdk/jre/lib/jsse.jar:/usr/lib/jvm/java-1.8-openjdk/jre/lib/jce.jar:/usr/lib/jvm/java-1.8-openjdk/jre/lib/charsets.jar:/usr/lib/jvm/java-1.8-openjdk/jre/lib/jfr.jar:/usr/lib/jvm/java-1.8-openjdk/jre/classes"/>
    <property name="sun.management.compiler" value="HotSpot 64-Bit Tiered Compilers"/>
    <property name="java.runtime.version" value="1.8.0_212-b04"/>
    <property name="java.net.preferIPv4Stack" value="true"/>
    <property name="user.name" value="jenkins1000"/>
    <property name="path.separator" value=":"/>
    <property name="java.security.egd" value="file:///dev/urandom"/>
    <property name="os.version" value="4.15.0-1021-aws"/>
    <property name="java.endorsed.dirs" value="/usr/lib/jvm/java-1.8-openjdk/jre/lib/endorsed"/>
    <property name="java.runtime.name" value="OpenJDK Runtime Environment"/>
    <property name="file.encoding" value="UTF-8"/>
    <property name="java.vm.name" value="OpenJDK 64-Bit Server VM"/>
    <property name="test.build.webapps" value=""/>
    <property name="localRepository" value="/home/user/.m2/repository"/>
    <property name="java.vendor.url.bug" value="https://icedtea.classpath.org/bugzilla"/>
    <property name="java.io.tmpdir" value="/tmp"/>
    <property name="require.test.libhadoop" value=""/>
    <property name="java.version" value="1.8.0_212"/>
    <property name="user.dir" value="/opt/src/hadoop-ozone/tools"/>
    <property name="os.arch" value="amd64"/>
    <property name="java.vm.specification.name" value="Java Virtual Machine Specification"/>
    <property name="test.build.classes" value="/opt/src/hadoop-ozone/tools/target/test-classes"/>
    <property name="java.awt.printerjob" value="sun.print.PSPrinterJob"/>
    <property name="sun.os.patch.level" value="unknown"/>
    <property name="hadoop.tmp.dir" value="/opt/src/hadoop-ozone/tools/target/tmp"/>
    <property name="java.library.path" value="/usr/lib/jvm/java-1.8-openjdk/jre/lib/amd64/server:/usr/lib/jvm/java-1.8-openjdk/jre/lib/amd64:/usr/lib/jvm/java-1.8-openjdk/jre/../lib/amd64:/opt/src/hadoop-ozone/tools/target/native/target/usr/local/lib:/opt/src/hadoop-ozone/tools/../../hadoop-common-project/hadoop-common/target/native/target/usr/local/lib:/usr/java/packages/lib/amd64:/usr/lib64:/lib64:/lib:/usr/lib"/>
    <property name="java.vm.info" value="mixed mode"/>
    <property name="java.vendor" value="IcedTea"/>
    <property name="java.vm.version" value="25.212-b04"/>
    <property name="java.ext.dirs" value="/usr/lib/jvm/java-1.8-openjdk/jre/lib/ext:/usr/java/packages/lib/ext"/>
    <property name="sun.io.unicode.encoding" value="UnicodeLittle"/>
    <property name="java.class.version" value="52.0"/>
  </properties>
  <testcase name="testRestart" classname="org.apache.hadoop.ozone.freon.TestFreonWithDatanodeFastRestart" time="0">
    <skipped message="TODO:HDDS-1160"/>
    <system-out><![CDATA[2019-06-17 05:25:44,965 WARN  server.ServerUtils (ServerUtils.java:getScmDbDir(145)) - ozone.scm.db.dirs is not configured. We recommend adding this setting. Falling back to ozone.metadata.dirs instead.
2019-06-17 05:25:45,040 WARN  server.ServerUtils (ServerUtils.java:getScmDbDir(145)) - ozone.scm.db.dirs is not configured. We recommend adding this setting. Falling back to ozone.metadata.dirs instead.
2019-06-17 05:25:45,042 WARN  server.ServerUtils (ServerUtils.java:getScmDbDir(145)) - ozone.scm.db.dirs is not configured. We recommend adding this setting. Falling back to ozone.metadata.dirs instead.
2019-06-17 05:25:45,057 INFO  util.log (Log.java:initialized(192)) - Logging initialized @780ms
2019-06-17 05:25:45,143 INFO  db.DBStoreBuilder (DBStoreBuilder.java:addTable(110)) - using custom profile for table: deletedBlocks
2019-06-17 05:25:45,144 INFO  db.DBStoreBuilder (DBStoreBuilder.java:processTables(161)) - Using default column profile:DBProfile.DISK for Table:deletedBlocks
2019-06-17 05:25:45,144 INFO  db.DBStoreBuilder (DBStoreBuilder.java:addTable(110)) - using custom profile for table: validCerts
2019-06-17 05:25:45,144 INFO  db.DBStoreBuilder (DBStoreBuilder.java:processTables(161)) - Using default column profile:DBProfile.DISK for Table:validCerts
2019-06-17 05:25:45,144 INFO  db.DBStoreBuilder (DBStoreBuilder.java:addTable(110)) - using custom profile for table: revokedCerts
2019-06-17 05:25:45,145 INFO  db.DBStoreBuilder (DBStoreBuilder.java:processTables(161)) - Using default column profile:DBProfile.DISK for Table:revokedCerts
2019-06-17 05:25:45,157 INFO  db.DBStoreBuilder (DBStoreBuilder.java:addTable(110)) - using custom profile for table: default
2019-06-17 05:25:45,157 INFO  db.DBStoreBuilder (DBStoreBuilder.java:processTables(167)) - Using default column profile:DBProfile.DISK for Table:default
2019-06-17 05:25:45,159 INFO  db.DBStoreBuilder (DBStoreBuilder.java:getDbProfile(198)) - Using default options. DBProfile.DISK
2019-06-17 05:25:45,211 INFO  net.NodeSchemaLoader (NodeSchemaLoader.java:loadSchemaFromFile(125)) - Loading file from sun.misc.CompoundEnumeration@419c5f1a
2019-06-17 05:25:45,212 INFO  net.NodeSchemaLoader (NodeSchemaLoader.java:loadSchema(171)) - Loading network topology layer schema file
2019-06-17 05:25:45,261 INFO  node.SCMNodeManager (SCMNodeManager.java:<init>(119)) - Entering startup safe mode.
2019-06-17 05:25:45,322 WARN  server.ServerUtils (ServerUtils.java:getScmDbDir(145)) - ozone.scm.db.dirs is not configured. We recommend adding this setting. Falling back to ozone.metadata.dirs instead.
2019-06-17 05:25:45,340 INFO  pipeline.SCMPipelineManager (SCMPipelineManager.java:initializePipelineState(126)) - No pipeline exists in current db
2019-06-17 05:25:45,342 WARN  server.ServerUtils (ServerUtils.java:getScmDbDir(145)) - ozone.scm.db.dirs is not configured. We recommend adding this setting. Falling back to ozone.metadata.dirs instead.
2019-06-17 05:25:45,389 WARN  events.EventQueue (EventQueue.java:fireEvent(175)) - No event handler registered for event TypedEvent{payloadType=SafeModeStatus, name='SafeModeStatus'}
2019-06-17 05:25:45,670 INFO  ipc.CallQueueManager (CallQueueManager.java:<init>(84)) - Using callQueue: class java.util.concurrent.LinkedBlockingQueue, queueCapacity: 2000, scheduler: class org.apache.hadoop.ipc.DefaultRpcScheduler, ipcBackoff: false.
2019-06-17 05:25:45,690 INFO  ipc.Server (Server.java:run(1074)) - Starting Socket Reader #1 for port 35261
2019-06-17 05:25:45,709 INFO  ipc.CallQueueManager (CallQueueManager.java:<init>(84)) - Using callQueue: class java.util.concurrent.LinkedBlockingQueue, queueCapacity: 2000, scheduler: class org.apache.hadoop.ipc.DefaultRpcScheduler, ipcBackoff: false.
2019-06-17 05:25:45,709 INFO  ipc.Server (Server.java:run(1074)) - Starting Socket Reader #1 for port 39421
2019-06-17 05:25:45,715 INFO  ipc.CallQueueManager (CallQueueManager.java:<init>(84)) - Using callQueue: class java.util.concurrent.LinkedBlockingQueue, queueCapacity: 2000, scheduler: class org.apache.hadoop.ipc.DefaultRpcScheduler, ipcBackoff: false.
2019-06-17 05:25:45,715 INFO  ipc.Server (Server.java:run(1074)) - Starting Socket Reader #1 for port 40423
2019-06-17 05:25:45,731 INFO  hdfs.DFSUtil (DFSUtil.java:httpServerTemplateForNNAndJN(1641)) - Starting Web-server for scm at: http://0.0.0.0:0
2019-06-17 05:25:45,866 INFO  server.AuthenticationFilter (AuthenticationFilter.java:constructSecretProvider(240)) - Unable to initialize FileSignerSecretProvider, falling back to use random secrets.
2019-06-17 05:25:45,877 WARN  http.HttpRequestLog (HttpRequestLog.java:getRequestLog(97)) - Jetty request log can only be enabled using Log4j
2019-06-17 05:25:45,884 INFO  http.HttpServer2 (HttpServer2.java:addGlobalFilter(975)) - Added global filter 'safety' (class=org.apache.hadoop.http.HttpServer2$QuotingInputFilter)
2019-06-17 05:25:45,886 INFO  http.HttpServer2 (HttpServer2.java:addFilter(948)) - Added filter static_user_filter (class=org.apache.hadoop.http.lib.StaticUserWebFilter$StaticUserFilter) to context scm
2019-06-17 05:25:45,886 INFO  http.HttpServer2 (HttpServer2.java:addFilter(958)) - Added filter static_user_filter (class=org.apache.hadoop.http.lib.StaticUserWebFilter$StaticUserFilter) to context logs
2019-06-17 05:25:45,886 INFO  http.HttpServer2 (HttpServer2.java:addFilter(958)) - Added filter static_user_filter (class=org.apache.hadoop.http.lib.StaticUserWebFilter$StaticUserFilter) to context static
2019-06-17 05:25:45,906 INFO  server.StorageContainerManager (StorageContainerManager.java:start(753)) - StorageContainerLocationProtocol RPC server is listening at /0.0.0.0:40423
2019-06-17 05:25:45,948 WARN  impl.MetricsConfig (MetricsConfig.java:loadFirst(134)) - Cannot locate configuration: tried hadoop-metrics2-storagecontainermanager.properties,hadoop-metrics2.properties
2019-06-17 05:25:45,958 INFO  impl.MetricsSystemImpl (MetricsSystemImpl.java:startTimer(374)) - Scheduled Metric snapshot period at 10 second(s).
2019-06-17 05:25:45,958 INFO  impl.MetricsSystemImpl (MetricsSystemImpl.java:start(191)) - StorageContainerManager metrics system started
2019-06-17 05:25:46,146 INFO  server.SCMClientProtocolServer (SCMClientProtocolServer.java:start(149)) - RPC server for Client  is listening at /0.0.0.0:40423
2019-06-17 05:25:46,148 INFO  ipc.Server (Server.java:run(1314)) - IPC Server Responder: starting
2019-06-17 05:25:46,149 INFO  ipc.Server (Server.java:run(1153)) - IPC Server listener on 40423: starting
2019-06-17 05:25:46,153 INFO  server.StorageContainerManager (StorageContainerManager.java:start(762)) - ScmBlockLocationProtocol RPC server is listening at /0.0.0.0:39421
2019-06-17 05:25:46,153 INFO  server.SCMBlockProtocolServer (SCMBlockProtocolServer.java:start(137)) - RPC server for Block Protocol is listening at /0.0.0.0:39421
2019-06-17 05:25:46,153 INFO  ipc.Server (Server.java:run(1314)) - IPC Server Responder: starting
2019-06-17 05:25:46,153 INFO  ipc.Server (Server.java:run(1153)) - IPC Server listener on 39421: starting
2019-06-17 05:25:46,156 INFO  server.StorageContainerManager (StorageContainerManager.java:start(766)) - ScmDatanodeProtocl RPC server is listening at /0.0.0.0:35261
2019-06-17 05:25:46,156 INFO  server.SCMDatanodeProtocolServer (SCMDatanodeProtocolServer.java:start(191)) - RPC server for DataNodes is listening at /0.0.0.0:35261
2019-06-17 05:25:46,157 INFO  ipc.Server (Server.java:run(1314)) - IPC Server Responder: starting
2019-06-17 05:25:46,157 INFO  ipc.Server (Server.java:run(1153)) - IPC Server listener on 35261: starting
2019-06-17 05:25:46,160 INFO  http.HttpServer2 (HttpServer2.java:bindListener(1191)) - Jetty bound to port 42205
2019-06-17 05:25:46,162 INFO  server.Server (Server.java:doStart(351)) - jetty-9.3.24.v20180605, build timestamp: 2018-06-05T17:11:56Z, git hash: 84205aa28f11a4f31f2a3b86d1bba2cc8ab69827
2019-06-17 05:25:46,194 INFO  handler.ContextHandler (ContextHandler.java:doStart(781)) - Started o.e.j.s.ServletContextHandler@413f69cc{/logs,file:///opt/src/hadoop-ozone/tools/target/log,AVAILABLE}
2019-06-17 05:25:46,195 INFO  handler.ContextHandler (ContextHandler.java:doStart(781)) - Started o.e.j.s.ServletContextHandler@1b75c2e3{/static,file:///opt/src/hadoop-hdds/server-scm/target/classes/webapps/static/,AVAILABLE}
2019-06-17 05:25:46,224 INFO  handler.ContextHandler (ContextHandler.java:doStart(781)) - Started o.e.j.w.WebAppContext@3918c187{/,file:///opt/src/hadoop-hdds/server-scm/target/classes/webapps/scm/,AVAILABLE}{/scm}
2019-06-17 05:25:46,229 INFO  server.AbstractConnector (AbstractConnector.java:doStart(278)) - Started ServerConnector@11eadcba{HTTP/1.1,[http/1.1]}{0.0.0.0:42205}
2019-06-17 05:25:46,229 INFO  server.Server (Server.java:doStart(419)) - Started @1953ms
2019-06-17 05:25:46,259 INFO  server.BaseHttpServer (BaseHttpServer.java:updateConnectorAddress(207)) - HTTP server of SCM is listening at http://0.0.0.0:42205
2019-06-17 05:25:46,266 INFO  util.JvmPauseMonitor (JvmPauseMonitor.java:run(188)) - Starting JVM pause monitor
2019-06-17 05:25:46,269 WARN  scm.ScmUtils (ScmUtils.java:getDBPath(63)) - ozone.om.db.dirs is not configured. We recommend adding this setting. Falling back to ozone.metadata.dirs instead.
2019-06-17 05:25:46,342 WARN  scm.ScmUtils (ScmUtils.java:getDBPath(63)) - ozone.om.db.dirs is not configured. We recommend adding this setting. Falling back to ozone.metadata.dirs instead.
2019-06-17 05:25:46,343 INFO  om.OzoneManager (OzoneManager.java:setOMNodeDetails(532)) - OM Service ID is not set. Setting it to the default ID: omServiceIdDefault
2019-06-17 05:25:46,343 INFO  om.OzoneManager (OzoneManager.java:setOMNodeDetails(538)) - OM Node ID is not set. Setting it to the OmStorage's OmID: 84916034-0d7d-47f9-8e5c-8180c02394cf
2019-06-17 05:25:46,344 WARN  scm.HddsServerUtil (HddsServerUtil.java:getDefaultRatisDirectory(354)) - Storage directory for Ratis is not configured. It is a good idea to map this to an SSD disk. Falling back to ozone.metadata.dirs
2019-06-17 05:25:46,345 WARN  scm.HddsServerUtil (HddsServerUtil.java:getDefaultRatisDirectory(354)) - Storage directory for Ratis is not configured. It is a good idea to map this to an SSD disk. Falling back to ozone.metadata.dirs
2019-06-17 05:25:46,345 INFO  om.OzoneManager (OzoneManager.java:loadOMHAConfigs(489)) - Found matching OM address with OMServiceId: null, OMNodeId: null, RPC Address: localhost:0 and Ratis port: 9872
2019-06-17 05:25:46,511 WARN  scm.ScmUtils (ScmUtils.java:getDBPath(63)) - ozone.om.db.dirs is not configured. We recommend adding this setting. Falling back to ozone.metadata.dirs instead.
2019-06-17 05:25:46,517 INFO  db.DBStoreBuilder (DBStoreBuilder.java:addTable(110)) - using custom profile for table: userTable
2019-06-17 05:25:46,517 INFO  db.DBStoreBuilder (DBStoreBuilder.java:processTables(161)) - Using default column profile:DBProfile.DISK for Table:userTable
2019-06-17 05:25:46,518 INFO  db.DBStoreBuilder (DBStoreBuilder.java:addTable(110)) - using custom profile for table: volumeTable
2019-06-17 05:25:46,518 INFO  db.DBStoreBuilder (DBStoreBuilder.java:processTables(161)) - Using default column profile:DBProfile.DISK for Table:volumeTable
2019-06-17 05:25:46,518 INFO  db.DBStoreBuilder (DBStoreBuilder.java:addTable(110)) - using custom profile for table: bucketTable
2019-06-17 05:25:46,518 INFO  db.DBStoreBuilder (DBStoreBuilder.java:processTables(161)) - Using default column profile:DBProfile.DISK for Table:bucketTable
2019-06-17 05:25:46,518 INFO  db.DBStoreBuilder (DBStoreBuilder.java:addTable(110)) - using custom profile for table: keyTable
2019-06-17 05:25:46,519 INFO  db.DBStoreBuilder (DBStoreBuilder.java:processTables(161)) - Using default column profile:DBProfile.DISK for Table:keyTable
2019-06-17 05:25:46,519 INFO  db.DBStoreBuilder (DBStoreBuilder.java:addTable(110)) - using custom profile for table: deletedTable
2019-06-17 05:25:46,519 INFO  db.DBStoreBuilder (DBStoreBuilder.java:processTables(161)) - Using default column profile:DBProfile.DISK for Table:deletedTable
2019-06-17 05:25:46,519 INFO  db.DBStoreBuilder (DBStoreBuilder.java:addTable(110)) - using custom profile for table: openKeyTable
2019-06-17 05:25:46,520 INFO  db.DBStoreBuilder (DBStoreBuilder.java:processTables(161)) - Using default column profile:DBProfile.DISK for Table:openKeyTable
2019-06-17 05:25:46,520 INFO  db.DBStoreBuilder (DBStoreBuilder.java:addTable(110)) - using custom profile for table: s3Table
2019-06-17 05:25:46,520 INFO  db.DBStoreBuilder (DBStoreBuilder.java:processTables(161)) - Using default column profile:DBProfile.DISK for Table:s3Table
2019-06-17 05:25:46,520 INFO  db.DBStoreBuilder (DBStoreBuilder.java:addTable(110)) - using custom profile for table: multipartInfoTable
2019-06-17 05:25:46,520 INFO  db.DBStoreBuilder (DBStoreBuilder.java:processTables(161)) - Using default column profile:DBProfile.DISK for Table:multipartInfoTable
2019-06-17 05:25:46,520 INFO  db.DBStoreBuilder (DBStoreBuilder.java:addTable(110)) - using custom profile for table: dTokenTable
2019-06-17 05:25:46,521 INFO  db.DBStoreBuilder (DBStoreBuilder.java:processTables(161)) - Using default column profile:DBProfile.DISK for Table:dTokenTable
2019-06-17 05:25:46,521 INFO  db.DBStoreBuilder (DBStoreBuilder.java:addTable(110)) - using custom profile for table: s3SecretTable
2019-06-17 05:25:46,521 INFO  db.DBStoreBuilder (DBStoreBuilder.java:processTables(161)) - Using default column profile:DBProfile.DISK for Table:s3SecretTable
2019-06-17 05:25:46,521 INFO  db.DBStoreBuilder (DBStoreBuilder.java:addTable(110)) - using custom profile for table: prefixTable
2019-06-17 05:25:46,522 INFO  db.DBStoreBuilder (DBStoreBuilder.java:processTables(161)) - Using default column profile:DBProfile.DISK for Table:prefixTable
2019-06-17 05:25:46,522 INFO  db.DBStoreBuilder (DBStoreBuilder.java:addTable(110)) - using custom profile for table: default
2019-06-17 05:25:46,522 INFO  db.DBStoreBuilder (DBStoreBuilder.java:processTables(167)) - Using default column profile:DBProfile.DISK for Table:default
2019-06-17 05:25:46,522 INFO  db.DBStoreBuilder (DBStoreBuilder.java:getDbProfile(198)) - Using default options. DBProfile.DISK
2019-06-17 05:25:47,034 INFO  ipc.CallQueueManager (CallQueueManager.java:<init>(84)) - Using callQueue: class java.util.concurrent.LinkedBlockingQueue, queueCapacity: 2000, scheduler: class org.apache.hadoop.ipc.DefaultRpcScheduler, ipcBackoff: false.
2019-06-17 05:25:47,035 INFO  ipc.Server (Server.java:run(1074)) - Starting Socket Reader #1 for port 35593
2019-06-17 05:25:47,056 WARN  scm.ScmUtils (ScmUtils.java:getDBPath(63)) - ozone.om.db.dirs is not configured. We recommend adding this setting. Falling back to ozone.metadata.dirs instead.
2019-06-17 05:25:47,057 INFO  om.OzoneManager (OzoneManager.java:start(1230)) - OzoneManager RPC server is listening at localhost/127.0.0.1:35593
2019-06-17 05:25:47,057 INFO  impl.MetricsSystemImpl (MetricsSystemImpl.java:init(158)) - OzoneManager metrics system started (again)
2019-06-17 05:25:47,057 INFO  ipc.Server (Server.java:run(1314)) - IPC Server Responder: starting
2019-06-17 05:25:47,058 INFO  ipc.Server (Server.java:run(1153)) - IPC Server listener on 35593: starting
2019-06-17 05:25:47,099 INFO  hdfs.DFSUtil (DFSUtil.java:httpServerTemplateForNNAndJN(1641)) - Starting Web-server for ozoneManager at: http://0.0.0.0:0
2019-06-17 05:25:47,100 INFO  server.AuthenticationFilter (AuthenticationFilter.java:constructSecretProvider(240)) - Unable to initialize FileSignerSecretProvider, falling back to use random secrets.
2019-06-17 05:25:47,101 WARN  http.HttpRequestLog (HttpRequestLog.java:getRequestLog(97)) - Jetty request log can only be enabled using Log4j
2019-06-17 05:25:47,102 INFO  http.HttpServer2 (HttpServer2.java:addGlobalFilter(975)) - Added global filter 'safety' (class=org.apache.hadoop.http.HttpServer2$QuotingInputFilter)
2019-06-17 05:25:47,103 INFO  http.HttpServer2 (HttpServer2.java:addFilter(948)) - Added filter static_user_filter (class=org.apache.hadoop.http.lib.StaticUserWebFilter$StaticUserFilter) to context ozoneManager
2019-06-17 05:25:47,103 INFO  http.HttpServer2 (HttpServer2.java:addFilter(958)) - Added filter static_user_filter (class=org.apache.hadoop.http.lib.StaticUserWebFilter$StaticUserFilter) to context static
2019-06-17 05:25:47,103 INFO  http.HttpServer2 (HttpServer2.java:addFilter(958)) - Added filter static_user_filter (class=org.apache.hadoop.http.lib.StaticUserWebFilter$StaticUserFilter) to context logs
2019-06-17 05:25:47,105 INFO  http.HttpServer2 (HttpServer2.java:bindListener(1191)) - Jetty bound to port 41541
2019-06-17 05:25:47,105 INFO  server.Server (Server.java:doStart(351)) - jetty-9.3.24.v20180605, build timestamp: 2018-06-05T17:11:56Z, git hash: 84205aa28f11a4f31f2a3b86d1bba2cc8ab69827
2019-06-17 05:25:47,106 INFO  handler.ContextHandler (ContextHandler.java:doStart(781)) - Started o.e.j.s.ServletContextHandler@85ec632{/logs,file:///opt/src/hadoop-ozone/tools/target/log,AVAILABLE}
2019-06-17 05:25:47,106 INFO  handler.ContextHandler (ContextHandler.java:doStart(781)) - Started o.e.j.s.ServletContextHandler@65ef722a{/static,file:///opt/src/hadoop-ozone/ozone-manager/target/classes/webapps/static/,AVAILABLE}
2019-06-17 05:25:47,110 INFO  handler.ContextHandler (ContextHandler.java:doStart(781)) - Started o.e.j.w.WebAppContext@1c65121{/,file:///opt/src/hadoop-ozone/ozone-manager/target/classes/webapps/ozoneManager/,AVAILABLE}{/ozoneManager}
2019-06-17 05:25:47,112 INFO  server.AbstractConnector (AbstractConnector.java:doStart(278)) - Started ServerConnector@115f4ab3{HTTP/1.1,[http/1.1]}{0.0.0.0:41541}
2019-06-17 05:25:47,112 INFO  server.Server (Server.java:doStart(419)) - Started @2835ms
2019-06-17 05:25:47,112 INFO  server.BaseHttpServer (BaseHttpServer.java:updateConnectorAddress(207)) - HTTP server of OZONEMANAGER is listening at http://0.0.0.0:41541
2019-06-17 05:25:47,228 INFO  impl.MetricsSystemImpl (MetricsSystemImpl.java:init(158)) - HddsDatanode metrics system started (again)
2019-06-17 05:25:47,382 INFO  ozone.HddsDatanodeService (HddsDatanodeService.java:start(185)) - HddsDatanodeService host:ozone-unit-076618677d3bs2hd-1453520820 ip:192.168.134.72
2019-06-17 05:25:47,407 INFO  volume.HddsVolume (HddsVolume.java:<init>(176)) - Creating Volume: /opt/src/hadoop-ozone/tools/target/test-dir/MiniOzoneClusterImpl-e8f225eb-68d8-46eb-969d-8e00a313900f/datanode-0/data/containers/hdds of  storage type : DISK and capacity : 104021790720
2019-06-17 05:25:47,409 INFO  volume.VolumeSet (VolumeSet.java:initializeVolumeSet(170)) - Added Volume : /opt/src/hadoop-ozone/tools/target/test-dir/MiniOzoneClusterImpl-e8f225eb-68d8-46eb-969d-8e00a313900f/datanode-0/data/containers/hdds to VolumeSet
2019-06-17 05:25:47,411 INFO  volume.ThrottledAsyncChecker (ThrottledAsyncChecker.java:schedule(140)) - Scheduling a check for org.apache.hadoop.ozone.container.common.volume.HddsVolume@2bc12da
2019-06-17 05:25:47,430 INFO  volume.HddsVolumeChecker (HddsVolumeChecker.java:checkAllVolumes(203)) - Scheduled health check for volume org.apache.hadoop.ozone.container.common.volume.HddsVolume@2bc12da
2019-06-17 05:25:47,482 INFO  ratis.XceiverServerRatis (XceiverServerRatis.java:newXceiverServerRatis(401)) - Found a free port for the server : 44623
2019-06-17 05:25:47,550 INFO  impl.RaftServerProxy (ConfUtils.java:logGet(43)) - raft.rpc.type = GRPC (default)
2019-06-17 05:25:47,562 INFO  grpc.GrpcConfigKeys$Server (ConfUtils.java:logGet(43)) - raft.grpc.server.port = 44623 (custom)
2019-06-17 05:25:47,564 INFO  server.GrpcService (ConfUtils.java:logGet(43)) - raft.grpc.message.size.max = 33570816 (custom)
2019-06-17 05:25:47,565 INFO  server.RaftServerConfigKeys (ConfUtils.java:logGet(43)) - raft.server.log.appender.buffer.byte-limit = 33554432 (custom)
2019-06-17 05:25:47,566 INFO  server.GrpcService (ConfUtils.java:logGet(43)) - raft.grpc.flow.control.window = 1MB (=1048576) (default)
2019-06-17 05:25:47,567 INFO  server.RaftServerConfigKeys (ConfUtils.java:logGet(43)) - raft.server.rpc.request.timeout = 3000ms (default)
2019-06-17 05:25:47,742 INFO  server.RaftServerConfigKeys (ConfUtils.java:logGet(43)) - raft.server.storage.dir = [/opt/src/hadoop-ozone/tools/target/test-dir/MiniOzoneClusterImpl-e8f225eb-68d8-46eb-969d-8e00a313900f/datanode-0/data/ratis] (custom)
2019-06-17 05:25:47,750 INFO  server.XceiverServerGrpc (XceiverServerGrpc.java:<init>(97)) - Found a free port for the server : 34017
2019-06-17 05:25:47,785 INFO  replication.SimpleContainerDownloader (SimpleContainerDownloader.java:<init>(72)) - Starting container downloader service to copy containers to replicate.
2019-06-17 05:25:47,799 INFO  hdfs.DFSUtil (DFSUtil.java:httpServerTemplateForNNAndJN(1641)) - Starting Web-server for hddsDatanode at: http://0.0.0.0:0
2019-06-17 05:25:47,800 INFO  server.AuthenticationFilter (AuthenticationFilter.java:constructSecretProvider(240)) - Unable to initialize FileSignerSecretProvider, falling back to use random secrets.
2019-06-17 05:25:47,801 WARN  http.HttpRequestLog (HttpRequestLog.java:getRequestLog(97)) - Jetty request log can only be enabled using Log4j
2019-06-17 05:25:47,803 INFO  http.HttpServer2 (HttpServer2.java:addGlobalFilter(975)) - Added global filter 'safety' (class=org.apache.hadoop.http.HttpServer2$QuotingInputFilter)
2019-06-17 05:25:47,804 INFO  http.HttpServer2 (HttpServer2.java:addFilter(948)) - Added filter static_user_filter (class=org.apache.hadoop.http.lib.StaticUserWebFilter$StaticUserFilter) to context hddsDatanode
2019-06-17 05:25:47,804 INFO  http.HttpServer2 (HttpServer2.java:addFilter(958)) - Added filter static_user_filter (class=org.apache.hadoop.http.lib.StaticUserWebFilter$StaticUserFilter) to context logs
2019-06-17 05:25:47,804 INFO  http.HttpServer2 (HttpServer2.java:addFilter(958)) - Added filter static_user_filter (class=org.apache.hadoop.http.lib.StaticUserWebFilter$StaticUserFilter) to context static
2019-06-17 05:25:47,805 INFO  http.HttpServer2 (HttpServer2.java:bindListener(1191)) - Jetty bound to port 46525
2019-06-17 05:25:47,805 INFO  server.Server (Server.java:doStart(351)) - jetty-9.3.24.v20180605, build timestamp: 2018-06-05T17:11:56Z, git hash: 84205aa28f11a4f31f2a3b86d1bba2cc8ab69827
2019-06-17 05:25:47,808 INFO  handler.ContextHandler (ContextHandler.java:doStart(781)) - Started o.e.j.s.ServletContextHandler@540a903b{/logs,file:///opt/src/hadoop-ozone/tools/target/log,AVAILABLE}
2019-06-17 05:25:47,808 INFO  handler.ContextHandler (ContextHandler.java:doStart(781)) - Started o.e.j.s.ServletContextHandler@151db587{/static,file:///opt/src/hadoop-hdds/container-service/target/classes/webapps/static,AVAILABLE}
2019-06-17 05:25:47,812 INFO  handler.ContextHandler (ContextHandler.java:doStart(781)) - Started o.e.j.w.WebAppContext@56d93692{/,file:///opt/src/hadoop-hdds/container-service/target/classes/webapps/hddsDatanode/,AVAILABLE}{/hddsDatanode}
2019-06-17 05:25:47,813 INFO  server.AbstractConnector (AbstractConnector.java:doStart(278)) - Started ServerConnector@1686f0b4{HTTP/1.1,[http/1.1]}{0.0.0.0:46525}
2019-06-17 05:25:47,813 INFO  server.Server (Server.java:doStart(419)) - Started @3537ms
2019-06-17 05:25:47,814 INFO  server.BaseHttpServer (BaseHttpServer.java:updateConnectorAddress(207)) - HTTP server of HDDSDATANODE is listening at http://0.0.0.0:46525
2019-06-17 05:25:48,943 INFO  ozone.HddsDatanodeService (HddsDatanodeService.java:startPlugins(396)) - Started plug-in org.apache.hadoop.ozone.web.OzoneHddsDatanodeService@51ab1ee3
2019-06-17 05:25:48,944 INFO  impl.MetricsSystemImpl (MetricsSystemImpl.java:init(158)) - HddsDatanode metrics system started (again)
2019-06-17 05:25:48,945 INFO  ozone.HddsDatanodeService (HddsDatanodeService.java:start(185)) - HddsDatanodeService host:ozone-unit-076618677d3bs2hd-1453520820 ip:192.168.134.72
2019-06-17 05:25:48,964 INFO  volume.HddsVolume (HddsVolume.java:<init>(176)) - Creating Volume: /opt/src/hadoop-ozone/tools/target/test-dir/MiniOzoneClusterImpl-e8f225eb-68d8-46eb-969d-8e00a313900f/datanode-1/data/containers/hdds of  storage type : DISK and capacity : 104021790720
2019-06-17 05:25:48,964 INFO  volume.VolumeSet (VolumeSet.java:initializeVolumeSet(170)) - Added Volume : /opt/src/hadoop-ozone/tools/target/test-dir/MiniOzoneClusterImpl-e8f225eb-68d8-46eb-969d-8e00a313900f/datanode-1/data/containers/hdds to VolumeSet
2019-06-17 05:25:48,965 INFO  volume.ThrottledAsyncChecker (ThrottledAsyncChecker.java:schedule(140)) - Scheduling a check for org.apache.hadoop.ozone.container.common.volume.HddsVolume@1945113f
2019-06-17 05:25:48,965 INFO  util.JvmPauseMonitor (JvmPauseMonitor.java:run(188)) - Starting JVM pause monitor
2019-06-17 05:25:48,966 INFO  volume.HddsVolumeChecker (HddsVolumeChecker.java:checkAllVolumes(203)) - Scheduled health check for volume org.apache.hadoop.ozone.container.common.volume.HddsVolume@1945113f
2019-06-17 05:25:48,999 INFO  ratis.XceiverServerRatis (XceiverServerRatis.java:newXceiverServerRatis(401)) - Found a free port for the server : 44551
2019-06-17 05:25:49,002 INFO  impl.RaftServerProxy (ConfUtils.java:logGet(43)) - raft.rpc.type = GRPC (default)
2019-06-17 05:25:49,002 INFO  grpc.GrpcConfigKeys$Server (ConfUtils.java:logGet(43)) - raft.grpc.server.port = 44551 (custom)
2019-06-17 05:25:49,003 INFO  server.GrpcService (ConfUtils.java:logGet(43)) - raft.grpc.message.size.max = 33570816 (custom)
2019-06-17 05:25:49,003 INFO  server.RaftServerConfigKeys (ConfUtils.java:logGet(43)) - raft.server.log.appender.buffer.byte-limit = 33554432 (custom)
2019-06-17 05:25:49,004 INFO  server.GrpcService (ConfUtils.java:logGet(43)) - raft.grpc.flow.control.window = 1MB (=1048576) (default)
2019-06-17 05:25:49,004 INFO  server.RaftServerConfigKeys (ConfUtils.java:logGet(43)) - raft.server.rpc.request.timeout = 3000ms (default)
2019-06-17 05:25:49,004 INFO  server.RaftServerConfigKeys (ConfUtils.java:logGet(43)) - raft.server.storage.dir = [/opt/src/hadoop-ozone/tools/target/test-dir/MiniOzoneClusterImpl-e8f225eb-68d8-46eb-969d-8e00a313900f/datanode-1/data/ratis] (custom)
2019-06-17 05:25:49,005 INFO  server.XceiverServerGrpc (XceiverServerGrpc.java:<init>(97)) - Found a free port for the server : 37495
2019-06-17 05:25:49,005 INFO  replication.SimpleContainerDownloader (SimpleContainerDownloader.java:<init>(72)) - Starting container downloader service to copy containers to replicate.
2019-06-17 05:25:49,006 INFO  hdfs.DFSUtil (DFSUtil.java:httpServerTemplateForNNAndJN(1641)) - Starting Web-server for hddsDatanode at: http://0.0.0.0:0
2019-06-17 05:25:49,008 INFO  server.AuthenticationFilter (AuthenticationFilter.java:constructSecretProvider(240)) - Unable to initialize FileSignerSecretProvider, falling back to use random secrets.
2019-06-17 05:25:49,014 WARN  http.HttpRequestLog (HttpRequestLog.java:getRequestLog(97)) - Jetty request log can only be enabled using Log4j
2019-06-17 05:25:49,016 INFO  http.HttpServer2 (HttpServer2.java:addGlobalFilter(975)) - Added global filter 'safety' (class=org.apache.hadoop.http.HttpServer2$QuotingInputFilter)
2019-06-17 05:25:49,016 INFO  http.HttpServer2 (HttpServer2.java:addFilter(948)) - Added filter static_user_filter (class=org.apache.hadoop.http.lib.StaticUserWebFilter$StaticUserFilter) to context hddsDatanode
2019-06-17 05:25:49,017 INFO  http.HttpServer2 (HttpServer2.java:addFilter(958)) - Added filter static_user_filter (class=org.apache.hadoop.http.lib.StaticUserWebFilter$StaticUserFilter) to context logs
2019-06-17 05:25:49,017 INFO  http.HttpServer2 (HttpServer2.java:addFilter(958)) - Added filter static_user_filter (class=org.apache.hadoop.http.lib.StaticUserWebFilter$StaticUserFilter) to context static
2019-06-17 05:25:49,017 INFO  http.HttpServer2 (HttpServer2.java:bindListener(1191)) - Jetty bound to port 36309
2019-06-17 05:25:49,018 INFO  server.Server (Server.java:doStart(351)) - jetty-9.3.24.v20180605, build timestamp: 2018-06-05T17:11:56Z, git hash: 84205aa28f11a4f31f2a3b86d1bba2cc8ab69827
2019-06-17 05:25:49,031 INFO  handler.ContextHandler (ContextHandler.java:doStart(781)) - Started o.e.j.s.ServletContextHandler@6ba060f3{/logs,file:///opt/src/hadoop-ozone/tools/target/log,AVAILABLE}
2019-06-17 05:25:49,031 INFO  handler.ContextHandler (ContextHandler.java:doStart(781)) - Started o.e.j.s.ServletContextHandler@77bc2e16{/static,file:///opt/src/hadoop-hdds/container-service/target/classes/webapps/static,AVAILABLE}
2019-06-17 05:25:49,036 INFO  handler.ContextHandler (ContextHandler.java:doStart(781)) - Started o.e.j.w.WebAppContext@41b13f3d{/,file:///opt/src/hadoop-hdds/container-service/target/classes/webapps/hddsDatanode/,AVAILABLE}{/hddsDatanode}
2019-06-17 05:25:49,036 INFO  server.AbstractConnector (AbstractConnector.java:doStart(278)) - Started ServerConnector@7c0777b5{HTTP/1.1,[http/1.1]}{0.0.0.0:36309}
2019-06-17 05:25:49,037 INFO  server.Server (Server.java:doStart(419)) - Started @4760ms
2019-06-17 05:25:49,038 INFO  server.BaseHttpServer (BaseHttpServer.java:updateConnectorAddress(207)) - HTTP server of HDDSDATANODE is listening at http://0.0.0.0:36309
2019-06-17 05:25:49,087 INFO  datanode.InitDatanodeState (InitDatanodeState.java:persistContainerDatanodeDetails(140)) - DatanodeDetails is persisted to /opt/src/hadoop-ozone/tools/target/test-dir/MiniOzoneClusterImpl-e8f225eb-68d8-46eb-969d-8e00a313900f/datanode-0/meta/datanode.id
2019-06-17 05:25:49,191 INFO  ozone.HddsDatanodeService (HddsDatanodeService.java:startPlugins(396)) - Started plug-in org.apache.hadoop.ozone.web.OzoneHddsDatanodeService@79d82f66
2019-06-17 05:25:49,192 INFO  impl.MetricsSystemImpl (MetricsSystemImpl.java:init(158)) - HddsDatanode metrics system started (again)
2019-06-17 05:25:49,192 INFO  ozone.HddsDatanodeService (HddsDatanodeService.java:start(185)) - HddsDatanodeService host:ozone-unit-076618677d3bs2hd-1453520820 ip:192.168.134.72
2019-06-17 05:25:49,206 INFO  util.JvmPauseMonitor (JvmPauseMonitor.java:run(188)) - Starting JVM pause monitor
2019-06-17 05:25:49,209 INFO  volume.HddsVolume (HddsVolume.java:<init>(176)) - Creating Volume: /opt/src/hadoop-ozone/tools/target/test-dir/MiniOzoneClusterImpl-e8f225eb-68d8-46eb-969d-8e00a313900f/datanode-2/data/containers/hdds of  storage type : DISK and capacity : 104021790720
2019-06-17 05:25:49,209 INFO  volume.VolumeSet (VolumeSet.java:initializeVolumeSet(170)) - Added Volume : /opt/src/hadoop-ozone/tools/target/test-dir/MiniOzoneClusterImpl-e8f225eb-68d8-46eb-969d-8e00a313900f/datanode-2/data/containers/hdds to VolumeSet
2019-06-17 05:25:49,210 INFO  volume.ThrottledAsyncChecker (ThrottledAsyncChecker.java:schedule(140)) - Scheduling a check for org.apache.hadoop.ozone.container.common.volume.HddsVolume@bfec2f9
2019-06-17 05:25:49,215 INFO  volume.HddsVolumeChecker (HddsVolumeChecker.java:checkAllVolumes(203)) - Scheduled health check for volume org.apache.hadoop.ozone.container.common.volume.HddsVolume@bfec2f9
2019-06-17 05:25:49,239 INFO  datanode.InitDatanodeState (InitDatanodeState.java:persistContainerDatanodeDetails(140)) - DatanodeDetails is persisted to /opt/src/hadoop-ozone/tools/target/test-dir/MiniOzoneClusterImpl-e8f225eb-68d8-46eb-969d-8e00a313900f/datanode-1/meta/datanode.id
2019-06-17 05:25:49,246 INFO  ratis.XceiverServerRatis (XceiverServerRatis.java:newXceiverServerRatis(401)) - Found a free port for the server : 46139
2019-06-17 05:25:49,247 INFO  impl.RaftServerProxy (ConfUtils.java:logGet(43)) - raft.rpc.type = GRPC (default)
2019-06-17 05:25:49,247 INFO  grpc.GrpcConfigKeys$Server (ConfUtils.java:logGet(43)) - raft.grpc.server.port = 46139 (custom)
2019-06-17 05:25:49,248 INFO  server.GrpcService (ConfUtils.java:logGet(43)) - raft.grpc.message.size.max = 33570816 (custom)
2019-06-17 05:25:49,248 INFO  server.RaftServerConfigKeys (ConfUtils.java:logGet(43)) - raft.server.log.appender.buffer.byte-limit = 33554432 (custom)
2019-06-17 05:25:49,248 INFO  server.GrpcService (ConfUtils.java:logGet(43)) - raft.grpc.flow.control.window = 1MB (=1048576) (default)
2019-06-17 05:25:49,248 INFO  server.RaftServerConfigKeys (ConfUtils.java:logGet(43)) - raft.server.rpc.request.timeout = 3000ms (default)
2019-06-17 05:25:49,249 INFO  server.RaftServerConfigKeys (ConfUtils.java:logGet(43)) - raft.server.storage.dir = [/opt/src/hadoop-ozone/tools/target/test-dir/MiniOzoneClusterImpl-e8f225eb-68d8-46eb-969d-8e00a313900f/datanode-2/data/ratis] (custom)
2019-06-17 05:25:49,249 INFO  server.XceiverServerGrpc (XceiverServerGrpc.java:<init>(97)) - Found a free port for the server : 39533
2019-06-17 05:25:49,250 INFO  replication.SimpleContainerDownloader (SimpleContainerDownloader.java:<init>(72)) - Starting container downloader service to copy containers to replicate.
2019-06-17 05:25:49,251 INFO  hdfs.DFSUtil (DFSUtil.java:httpServerTemplateForNNAndJN(1641)) - Starting Web-server for hddsDatanode at: http://0.0.0.0:0
2019-06-17 05:25:49,254 INFO  server.AuthenticationFilter (AuthenticationFilter.java:constructSecretProvider(240)) - Unable to initialize FileSignerSecretProvider, falling back to use random secrets.
2019-06-17 05:25:49,258 WARN  http.HttpRequestLog (HttpRequestLog.java:getRequestLog(97)) - Jetty request log can only be enabled using Log4j
2019-06-17 05:25:49,260 INFO  http.HttpServer2 (HttpServer2.java:addGlobalFilter(975)) - Added global filter 'safety' (class=org.apache.hadoop.http.HttpServer2$QuotingInputFilter)
2019-06-17 05:25:49,260 INFO  http.HttpServer2 (HttpServer2.java:addFilter(948)) - Added filter static_user_filter (class=org.apache.hadoop.http.lib.StaticUserWebFilter$StaticUserFilter) to context hddsDatanode
2019-06-17 05:25:49,260 INFO  http.HttpServer2 (HttpServer2.java:addFilter(958)) - Added filter static_user_filter (class=org.apache.hadoop.http.lib.StaticUserWebFilter$StaticUserFilter) to context logs
2019-06-17 05:25:49,261 INFO  http.HttpServer2 (HttpServer2.java:addFilter(958)) - Added filter static_user_filter (class=org.apache.hadoop.http.lib.StaticUserWebFilter$StaticUserFilter) to context static
2019-06-17 05:25:49,261 INFO  http.HttpServer2 (HttpServer2.java:bindListener(1191)) - Jetty bound to port 43155
2019-06-17 05:25:49,261 INFO  server.Server (Server.java:doStart(351)) - jetty-9.3.24.v20180605, build timestamp: 2018-06-05T17:11:56Z, git hash: 84205aa28f11a4f31f2a3b86d1bba2cc8ab69827
2019-06-17 05:25:49,283 INFO  handler.ContextHandler (ContextHandler.java:doStart(781)) - Started o.e.j.s.ServletContextHandler@10c47c79{/logs,file:///opt/src/hadoop-ozone/tools/target/log,AVAILABLE}
2019-06-17 05:25:49,286 INFO  handler.ContextHandler (ContextHandler.java:doStart(781)) - Started o.e.j.s.ServletContextHandler@753fd7a1{/static,file:///opt/src/hadoop-hdds/container-service/target/classes/webapps/static,AVAILABLE}
2019-06-17 05:25:49,290 INFO  handler.ContextHandler (ContextHandler.java:doStart(781)) - Started o.e.j.w.WebAppContext@6ef60295{/,file:///opt/src/hadoop-hdds/container-service/target/classes/webapps/hddsDatanode/,AVAILABLE}{/hddsDatanode}
2019-06-17 05:25:49,292 INFO  server.AbstractConnector (AbstractConnector.java:doStart(278)) - Started ServerConnector@4238f7eb{HTTP/1.1,[http/1.1]}{0.0.0.0:43155}
2019-06-17 05:25:49,293 INFO  server.Server (Server.java:doStart(419)) - Started @5016ms
2019-06-17 05:25:49,293 INFO  server.BaseHttpServer (BaseHttpServer.java:updateConnectorAddress(207)) - HTTP server of HDDSDATANODE is listening at http://0.0.0.0:43155
2019-06-17 05:25:49,442 INFO  ozone.HddsDatanodeService (HddsDatanodeService.java:startPlugins(396)) - Started plug-in org.apache.hadoop.ozone.web.OzoneHddsDatanodeService@168b4cb0
2019-06-17 05:25:49,443 INFO  util.JvmPauseMonitor (JvmPauseMonitor.java:run(188)) - Starting JVM pause monitor
2019-06-17 05:25:49,445 INFO  datanode.InitDatanodeState (InitDatanodeState.java:persistContainerDatanodeDetails(140)) - DatanodeDetails is persisted to /opt/src/hadoop-ozone/tools/target/test-dir/MiniOzoneClusterImpl-e8f225eb-68d8-46eb-969d-8e00a313900f/datanode-2/meta/datanode.id
2019-06-17 05:25:49,448 INFO  ozone.MiniOzoneClusterImpl (MiniOzoneClusterImpl.java:lambda$waitForClusterToBeReady$0(142)) - Waiting for cluster to be ready. Got 0 of 3 DN Heartbeats.
2019-06-17 05:25:50,448 INFO  ozone.MiniOzoneClusterImpl (MiniOzoneClusterImpl.java:lambda$waitForClusterToBeReady$0(142)) - Waiting for cluster to be ready. Got 0 of 3 DN Heartbeats.
2019-06-17 05:25:50,987 INFO  ozoneimpl.OzoneContainer (OzoneContainer.java:start(186)) - Attempting to start container services.
2019-06-17 05:25:50,987 INFO  ozoneimpl.OzoneContainer (OzoneContainer.java:startContainerScrub(160)) - Background container scrubber has been disabled by hdds.containerscrub.enabled
2019-06-17 05:25:50,988 INFO  ratis.XceiverServerRatis (XceiverServerRatis.java:start(418)) - Starting XceiverServerRatis c61cb588-3642-437c-a743-605f5a939883 at port 44623
2019-06-17 05:25:50,999 INFO  impl.RaftServerProxy (RaftServerProxy.java:lambda$start$3(299)) - c61cb588-3642-437c-a743-605f5a939883: start RPC server
2019-06-17 05:25:51,116 INFO  server.GrpcService (GrpcService.java:startImpl(148)) - c61cb588-3642-437c-a743-605f5a939883: GrpcService started, listening on 0.0.0.0/0.0.0.0:44623
2019-06-17 05:25:51,207 INFO  ozoneimpl.OzoneContainer (OzoneContainer.java:start(186)) - Attempting to start container services.
2019-06-17 05:25:51,208 INFO  ozoneimpl.OzoneContainer (OzoneContainer.java:startContainerScrub(160)) - Background container scrubber has been disabled by hdds.containerscrub.enabled
2019-06-17 05:25:51,208 INFO  ratis.XceiverServerRatis (XceiverServerRatis.java:start(418)) - Starting XceiverServerRatis 70fc6908-ec5c-46dd-8ebf-0417b7da1e01 at port 44551
2019-06-17 05:25:51,213 INFO  impl.RaftServerProxy (RaftServerProxy.java:lambda$start$3(299)) - 70fc6908-ec5c-46dd-8ebf-0417b7da1e01: start RPC server
2019-06-17 05:25:51,214 INFO  server.GrpcService (GrpcService.java:startImpl(148)) - 70fc6908-ec5c-46dd-8ebf-0417b7da1e01: GrpcService started, listening on 0.0.0.0/0.0.0.0:44551
2019-06-17 05:25:51,447 INFO  ozoneimpl.OzoneContainer (OzoneContainer.java:start(186)) - Attempting to start container services.
2019-06-17 05:25:51,448 INFO  ozoneimpl.OzoneContainer (OzoneContainer.java:startContainerScrub(160)) - Background container scrubber has been disabled by hdds.containerscrub.enabled
2019-06-17 05:25:51,448 INFO  ratis.XceiverServerRatis (XceiverServerRatis.java:start(418)) - Starting XceiverServerRatis 66b6d715-804b-41fe-87bf-64fc0af8236e at port 46139
2019-06-17 05:25:51,448 INFO  ozone.MiniOzoneClusterImpl (MiniOzoneClusterImpl.java:lambda$waitForClusterToBeReady$0(142)) - Waiting for cluster to be ready. Got 0 of 3 DN Heartbeats.
2019-06-17 05:25:51,454 INFO  impl.RaftServerProxy (RaftServerProxy.java:lambda$start$3(299)) - 66b6d715-804b-41fe-87bf-64fc0af8236e: start RPC server
2019-06-17 05:25:51,455 INFO  server.GrpcService (GrpcService.java:startImpl(148)) - 66b6d715-804b-41fe-87bf-64fc0af8236e: GrpcService started, listening on 0.0.0.0/0.0.0.0:46139
2019-06-17 05:25:52,449 INFO  ozone.MiniOzoneClusterImpl (MiniOzoneClusterImpl.java:lambda$waitForClusterToBeReady$0(142)) - Waiting for cluster to be ready. Got 0 of 3 DN Heartbeats.
2019-06-17 05:25:52,984 INFO  net.NetworkTopology (NetworkTopologyImpl.java:add(109)) - Added a new node: /default-rack/192.168.134.72
2019-06-17 05:25:52,984 INFO  node.SCMNodeManager (SCMNodeManager.java:register(269)) - Registered Data node : c61cb588-3642-437c-a743-605f5a939883{ip: 192.168.134.72, host: ozone-unit-076618677d3bs2hd-1453520820, networkLocation: /default-rack, certSerialId: null}
2019-06-17 05:25:52,987 INFO  safemode.SCMSafeModeManager (DataNodeSafeModeRule.java:process(71)) - SCM in safe mode. 1 DataNodes registered, 1 required.
2019-06-17 05:25:52,988 INFO  safemode.SCMSafeModeManager (SCMSafeModeManager.java:validateSafeModeExitRules(177)) - ScmSafeModeManager, all rules are successfully validated
2019-06-17 05:25:52,988 INFO  safemode.SCMSafeModeManager (SCMSafeModeManager.java:exitSafeMode(193)) - SCM exiting safe mode.
2019-06-17 05:25:53,206 INFO  node.SCMNodeManager (SCMNodeManager.java:register(269)) - Registered Data node : 70fc6908-ec5c-46dd-8ebf-0417b7da1e01{ip: 192.168.134.72, host: ozone-unit-076618677d3bs2hd-1453520820, networkLocation: /default-rack, certSerialId: null}
2019-06-17 05:25:53,289 INFO  impl.RaftServerProxy (RaftServerProxy.java:addNew(89)) - c61cb588-3642-437c-a743-605f5a939883: addNew group-52D37283E5A2:[c61cb588-3642-437c-a743-605f5a939883:192.168.134.72:44623] returns group-52D37283E5A2:java.util.concurrent.CompletableFuture@3859db2c[Not completed]
2019-06-17 05:25:53,295 INFO  impl.RaftServerImpl (RaftServerImpl.java:<init>(91)) - c61cb588-3642-437c-a743-605f5a939883: new RaftServerImpl for group-52D37283E5A2:[c61cb588-3642-437c-a743-605f5a939883:192.168.134.72:44623] with ContainerStateMachine:uninitialized
2019-06-17 05:25:53,296 INFO  server.RaftServerConfigKeys (ConfUtils.java:logGet(43)) - raft.server.rpc.timeout.min = 1s (custom)
2019-06-17 05:25:53,296 INFO  server.RaftServerConfigKeys (ConfUtils.java:logGet(43)) - raft.server.rpc.timeout.max = 1200ms (custom)
2019-06-17 05:25:53,297 INFO  server.RaftServerConfigKeys (ConfUtils.java:logGet(43)) - raft.server.rpcslowness.timeout = 120s (custom)
2019-06-17 05:25:53,297 INFO  server.RaftServerConfigKeys (ConfUtils.java:logGet(43)) - raft.server.log.appender.install.snapshot.enabled = true (default)
2019-06-17 05:25:53,304 INFO  impl.RaftServerImpl (ServerState.java:<init>(101)) - c61cb588-3642-437c-a743-605f5a939883:group-52D37283E5A2 ConfigurationManager, init=-1: [c61cb588-3642-437c-a743-605f5a939883:192.168.134.72:44623], old=null, confs=<EMPTY_MAP>
2019-06-17 05:25:53,304 INFO  server.RaftServerConfigKeys (ConfUtils.java:logGet(43)) - raft.server.storage.dir = [/opt/src/hadoop-ozone/tools/target/test-dir/MiniOzoneClusterImpl-e8f225eb-68d8-46eb-969d-8e00a313900f/datanode-0/data/ratis] (custom)
2019-06-17 05:25:53,311 INFO  storage.RaftStorageDirectory (RaftStorageDirectory.java:analyzeStorage(246)) - The storage directory /opt/src/hadoop-ozone/tools/target/test-dir/MiniOzoneClusterImpl-e8f225eb-68d8-46eb-969d-8e00a313900f/datanode-0/data/ratis/8f5fd92d-63ec-4e48-9a26-52d37283e5a2 does not exist. Creating ...
2019-06-17 05:25:53,316 INFO  storage.RaftStorageDirectory (RaftStorageDirectory.java:tryLock(328)) - Lock on /opt/src/hadoop-ozone/tools/target/test-dir/MiniOzoneClusterImpl-e8f225eb-68d8-46eb-969d-8e00a313900f/datanode-0/data/ratis/8f5fd92d-63ec-4e48-9a26-52d37283e5a2/in_use.lock acquired by nodename 23293@ozone-unit-076618677d3bs2hd-1453520820
2019-06-17 05:25:53,320 INFO  storage.RaftStorage (RaftStorage.java:format(75)) - Storage directory /opt/src/hadoop-ozone/tools/target/test-dir/MiniOzoneClusterImpl-e8f225eb-68d8-46eb-969d-8e00a313900f/datanode-0/data/ratis/8f5fd92d-63ec-4e48-9a26-52d37283e5a2 has been successfully formatted.
2019-06-17 05:25:53,322 INFO  ratis.ContainerStateMachine (ContainerStateMachine.java:loadSnapshot(199)) - The snapshot info is null.Setting the last applied index to:(t:0, i:~)
2019-06-17 05:25:53,322 INFO  server.RaftServerConfigKeys (ConfUtils.java:logGet(43)) - raft.server.leader.election.timeout = 120s (custom)
2019-06-17 05:25:53,324 INFO  server.RaftServerConfigKeys (ConfUtils.java:logGet(43)) - raft.server.log.use.memory = false (default)
2019-06-17 05:25:53,326 INFO  server.RaftServerConfigKeys (ConfUtils.java:logGet(43)) - raft.server.log.appender.buffer.byte-limit = 33554432 (custom)
2019-06-17 05:25:53,329 INFO  server.RaftServerConfigKeys (ConfUtils.java:logGet(43)) - raft.server.log.segment.size.max = 16384 (custom)
2019-06-17 05:25:53,333 INFO  server.RaftServerConfigKeys (ConfUtils.java:logGet(43)) - raft.server.log.segment.cache.num.max = 2 (custom)
2019-06-17 05:25:53,335 INFO  storage.RaftLogWorker (RaftLogWorker.java:<init>(123)) - new c61cb588-3642-437c-a743-605f5a939883-RaftLogWorker for Storage Directory /opt/src/hadoop-ozone/tools/target/test-dir/MiniOzoneClusterImpl-e8f225eb-68d8-46eb-969d-8e00a313900f/datanode-0/data/ratis/8f5fd92d-63ec-4e48-9a26-52d37283e5a2
2019-06-17 05:25:53,335 INFO  server.RaftServerConfigKeys (ConfUtils.java:logGet(43)) - raft.server.log.queue.byte-limit = 2147483647 (custom)
2019-06-17 05:25:53,336 INFO  server.RaftServerConfigKeys (ConfUtils.java:logGet(43)) - raft.server.log.queue.element-limit = 1024 (custom)
2019-06-17 05:25:53,337 INFO  server.RaftServerConfigKeys (ConfUtils.java:logGet(43)) - raft.server.log.segment.size.max = 16384 (custom)
2019-06-17 05:25:53,337 INFO  server.RaftServerConfigKeys (ConfUtils.java:logGet(43)) - raft.server.log.preallocated.size = 16384 (custom)
2019-06-17 05:25:53,338 INFO  server.RaftServerConfigKeys (ConfUtils.java:logGet(43)) - raft.server.log.write.buffer.size = 33554432 (custom)
2019-06-17 05:25:53,338 INFO  server.RaftServerConfigKeys (ConfUtils.java:logGet(43)) - raft.server.log.force.sync.num = 128 (default)
2019-06-17 05:25:53,339 INFO  server.RaftServerConfigKeys (ConfUtils.java:logGet(43)) - raft.server.log.statemachine.data.sync = true (default)
2019-06-17 05:25:53,339 INFO  server.RaftServerConfigKeys (ConfUtils.java:logGet(43)) - raft.server.log.statemachine.data.sync.timeout = 10s (default)
2019-06-17 05:25:53,339 INFO  server.RaftServerConfigKeys (ConfUtils.java:logGet(43)) - raft.server.log.statemachine.data.sync.timeout.retry = -1 (default)
2019-06-17 05:25:53,341 INFO  server.RaftServerConfigKeys (ConfUtils.java:logGet(43)) - raft.server.log.statemachine.data.caching.enabled = true (custom)
2019-06-17 05:25:53,346 INFO  server.RaftServerConfigKeys (ConfUtils.java:logGet(43)) - raft.server.snapshot.auto.trigger.enabled = true (custom)
2019-06-17 05:25:53,346 INFO  server.RaftServerConfigKeys (ConfUtils.java:logGet(43)) - raft.server.snapshot.auto.trigger.threshold = 10000 (custom)
2019-06-17 05:25:53,347 INFO  server.RaftServerConfigKeys (ConfUtils.java:logGet(43)) - raft.server.retrycache.expirytime = 600000ms (custom)
2019-06-17 05:25:53,360 INFO  impl.RaftServerImpl (RaftServerImpl.java:start(173)) - c61cb588-3642-437c-a743-605f5a939883: start group-52D37283E5A2
2019-06-17 05:25:53,361 INFO  impl.RaftServerImpl (RaftServerImpl.java:setRole(164)) - c61cb588-3642-437c-a743-605f5a939883:group-52D37283E5A2 changes role from null to FOLLOWER at term 0 for startAsFollower
2019-06-17 05:25:53,362 INFO  impl.RoleInfo (RoleInfo.java:updateAndGet(143)) - c61cb588-3642-437c-a743-605f5a939883: start FollowerState
2019-06-17 05:25:53,363 INFO  util.JmxRegister (JmxRegister.java:tryRegister(44)) - Successfully registered JMX Bean with object name Ratis:service=RaftServer,group=group-52D37283E5A2,id=c61cb588-3642-437c-a743-605f5a939883
2019-06-17 05:25:53,550 INFO  ozone.MiniOzoneClusterImpl (MiniOzoneClusterImpl.java:lambda$waitForClusterToBeReady$0(142)) - Waiting for cluster to be ready. Got 2 of 3 DN Heartbeats.
2019-06-17 05:25:53,558 INFO  node.SCMNodeManager (SCMNodeManager.java:register(269)) - Registered Data node : 66b6d715-804b-41fe-87bf-64fc0af8236e{ip: 192.168.134.72, host: ozone-unit-076618677d3bs2hd-1453520820, networkLocation: /default-rack, certSerialId: null}
2019-06-17 05:25:53,567 INFO  pipeline.PipelineStateManager (PipelineStateManager.java:addPipeline(56)) - Created pipeline Pipeline[ Id: 8f5fd92d-63ec-4e48-9a26-52d37283e5a2, Nodes: c61cb588-3642-437c-a743-605f5a939883{ip: 192.168.134.72, host: ozone-unit-076618677d3bs2hd-1453520820, networkLocation: /default-rack, certSerialId: null}, Type:RATIS, Factor:ONE, State:OPEN]
2019-06-17 05:25:53,578 INFO  impl.RaftServerProxy (RaftServerProxy.java:addNew(89)) - 66b6d715-804b-41fe-87bf-64fc0af8236e: addNew group-F4727560739D:[66b6d715-804b-41fe-87bf-64fc0af8236e:192.168.134.72:46139] returns group-F4727560739D:java.util.concurrent.CompletableFuture@35840e6c[Not completed]
2019-06-17 05:25:53,592 INFO  impl.RaftServerImpl (RaftServerImpl.java:<init>(91)) - 66b6d715-804b-41fe-87bf-64fc0af8236e: new RaftServerImpl for group-F4727560739D:[66b6d715-804b-41fe-87bf-64fc0af8236e:192.168.134.72:46139] with ContainerStateMachine:uninitialized
2019-06-17 05:25:53,593 INFO  server.RaftServerConfigKeys (ConfUtils.java:logGet(43)) - raft.server.rpc.timeout.min = 1s (custom)
2019-06-17 05:25:53,593 INFO  server.RaftServerConfigKeys (ConfUtils.java:logGet(43)) - raft.server.rpc.timeout.max = 1200ms (custom)
2019-06-17 05:25:53,593 INFO  server.RaftServerConfigKeys (ConfUtils.java:logGet(43)) - raft.server.rpcslowness.timeout = 120s (custom)
2019-06-17 05:25:53,593 INFO  server.RaftServerConfigKeys (ConfUtils.java:logGet(43)) - raft.server.log.appender.install.snapshot.enabled = true (default)
2019-06-17 05:25:53,593 INFO  impl.RaftServerImpl (ServerState.java:<init>(101)) - 66b6d715-804b-41fe-87bf-64fc0af8236e:group-F4727560739D ConfigurationManager, init=-1: [66b6d715-804b-41fe-87bf-64fc0af8236e:192.168.134.72:46139], old=null, confs=<EMPTY_MAP>
2019-06-17 05:25:53,594 INFO  server.RaftServerConfigKeys (ConfUtils.java:logGet(43)) - raft.server.storage.dir = [/opt/src/hadoop-ozone/tools/target/test-dir/MiniOzoneClusterImpl-e8f225eb-68d8-46eb-969d-8e00a313900f/datanode-2/data/ratis] (custom)
2019-06-17 05:25:53,594 INFO  storage.RaftStorageDirectory (RaftStorageDirectory.java:analyzeStorage(246)) - The storage directory /opt/src/hadoop-ozone/tools/target/test-dir/MiniOzoneClusterImpl-e8f225eb-68d8-46eb-969d-8e00a313900f/datanode-2/data/ratis/7890719b-c19a-4c40-87c6-f4727560739d does not exist. Creating ...
2019-06-17 05:25:53,596 INFO  storage.RaftStorageDirectory (RaftStorageDirectory.java:tryLock(328)) - Lock on /opt/src/hadoop-ozone/tools/target/test-dir/MiniOzoneClusterImpl-e8f225eb-68d8-46eb-969d-8e00a313900f/datanode-2/data/ratis/7890719b-c19a-4c40-87c6-f4727560739d/in_use.lock acquired by nodename 23293@ozone-unit-076618677d3bs2hd-1453520820
2019-06-17 05:25:53,598 INFO  storage.RaftStorage (RaftStorage.java:format(75)) - Storage directory /opt/src/hadoop-ozone/tools/target/test-dir/MiniOzoneClusterImpl-e8f225eb-68d8-46eb-969d-8e00a313900f/datanode-2/data/ratis/7890719b-c19a-4c40-87c6-f4727560739d has been successfully formatted.
2019-06-17 05:25:53,599 INFO  ratis.ContainerStateMachine (ContainerStateMachine.java:loadSnapshot(199)) - The snapshot info is null.Setting the last applied index to:(t:0, i:~)
2019-06-17 05:25:53,599 INFO  server.RaftServerConfigKeys (ConfUtils.java:logGet(43)) - raft.server.leader.election.timeout = 120s (custom)
2019-06-17 05:25:53,600 INFO  server.RaftServerConfigKeys (ConfUtils.java:logGet(43)) - raft.server.log.use.memory = false (default)
2019-06-17 05:25:53,600 INFO  server.RaftServerConfigKeys (ConfUtils.java:logGet(43)) - raft.server.log.appender.buffer.byte-limit = 33554432 (custom)
2019-06-17 05:25:53,600 INFO  server.RaftServerConfigKeys (ConfUtils.java:logGet(43)) - raft.server.log.segment.size.max = 16384 (custom)
2019-06-17 05:25:53,600 INFO  server.RaftServerConfigKeys (ConfUtils.java:logGet(43)) - raft.server.log.segment.cache.num.max = 2 (custom)
2019-06-17 05:25:53,600 INFO  storage.RaftLogWorker (RaftLogWorker.java:<init>(123)) - new 66b6d715-804b-41fe-87bf-64fc0af8236e-RaftLogWorker for Storage Directory /opt/src/hadoop-ozone/tools/target/test-dir/MiniOzoneClusterImpl-e8f225eb-68d8-46eb-969d-8e00a313900f/datanode-2/data/ratis/7890719b-c19a-4c40-87c6-f4727560739d
2019-06-17 05:25:53,600 INFO  server.RaftServerConfigKeys (ConfUtils.java:logGet(43)) - raft.server.log.queue.byte-limit = 2147483647 (custom)
2019-06-17 05:25:53,601 INFO  server.RaftServerConfigKeys (ConfUtils.java:logGet(43)) - raft.server.log.queue.element-limit = 1024 (custom)
2019-06-17 05:25:53,601 INFO  server.RaftServerConfigKeys (ConfUtils.java:logGet(43)) - raft.server.log.segment.size.max = 16384 (custom)
2019-06-17 05:25:53,601 INFO  server.RaftServerConfigKeys (ConfUtils.java:logGet(43)) - raft.server.log.preallocated.size = 16384 (custom)
2019-06-17 05:25:53,601 INFO  server.RaftServerConfigKeys (ConfUtils.java:logGet(43)) - raft.server.log.write.buffer.size = 33554432 (custom)
2019-06-17 05:25:53,601 INFO  server.RaftServerConfigKeys (ConfUtils.java:logGet(43)) - raft.server.log.force.sync.num = 128 (default)
2019-06-17 05:25:53,601 INFO  server.RaftServerConfigKeys (ConfUtils.java:logGet(43)) - raft.server.log.statemachine.data.sync = true (default)
2019-06-17 05:25:53,601 INFO  server.RaftServerConfigKeys (ConfUtils.java:logGet(43)) - raft.server.log.statemachine.data.sync.timeout = 10s (default)
2019-06-17 05:25:53,601 INFO  server.RaftServerConfigKeys (ConfUtils.java:logGet(43)) - raft.server.log.statemachine.data.sync.timeout.retry = -1 (default)
2019-06-17 05:25:53,601 INFO  server.RaftServerConfigKeys (ConfUtils.java:logGet(43)) - raft.server.log.statemachine.data.caching.enabled = true (custom)
2019-06-17 05:25:53,602 INFO  server.RaftServerConfigKeys (ConfUtils.java:logGet(43)) - raft.server.snapshot.auto.trigger.enabled = true (custom)
2019-06-17 05:25:53,602 INFO  server.RaftServerConfigKeys (ConfUtils.java:logGet(43)) - raft.server.snapshot.auto.trigger.threshold = 10000 (custom)
2019-06-17 05:25:53,602 INFO  server.RaftServerConfigKeys (ConfUtils.java:logGet(43)) - raft.server.retrycache.expirytime = 600000ms (custom)
2019-06-17 05:25:53,602 INFO  impl.RaftServerImpl (RaftServerImpl.java:start(173)) - 66b6d715-804b-41fe-87bf-64fc0af8236e: start group-F4727560739D
2019-06-17 05:25:53,602 INFO  impl.RaftServerImpl (RaftServerImpl.java:setRole(164)) - 66b6d715-804b-41fe-87bf-64fc0af8236e:group-F4727560739D changes role from null to FOLLOWER at term 0 for startAsFollower
2019-06-17 05:25:53,602 INFO  impl.RoleInfo (RoleInfo.java:updateAndGet(143)) - 66b6d715-804b-41fe-87bf-64fc0af8236e: start FollowerState
2019-06-17 05:25:53,603 INFO  util.JmxRegister (JmxRegister.java:tryRegister(44)) - Successfully registered JMX Bean with object name Ratis:service=RaftServer,group=group-F4727560739D,id=66b6d715-804b-41fe-87bf-64fc0af8236e
2019-06-17 05:25:53,610 INFO  pipeline.PipelineStateManager (PipelineStateManager.java:addPipeline(56)) - Created pipeline Pipeline[ Id: 7890719b-c19a-4c40-87c6-f4727560739d, Nodes: 66b6d715-804b-41fe-87bf-64fc0af8236e{ip: 192.168.134.72, host: ozone-unit-076618677d3bs2hd-1453520820, networkLocation: /default-rack, certSerialId: null}, Type:RATIS, Factor:ONE, State:OPEN]
2019-06-17 05:25:53,620 INFO  impl.RaftServerProxy (RaftServerProxy.java:addNew(89)) - 70fc6908-ec5c-46dd-8ebf-0417b7da1e01: addNew group-6CCAE0DBB2B0:[70fc6908-ec5c-46dd-8ebf-0417b7da1e01:192.168.134.72:44551] returns group-6CCAE0DBB2B0:java.util.concurrent.CompletableFuture@7ca9fc3b[Not completed]
2019-06-17 05:25:53,623 INFO  impl.RaftServerImpl (RaftServerImpl.java:<init>(91)) - 70fc6908-ec5c-46dd-8ebf-0417b7da1e01: new RaftServerImpl for group-6CCAE0DBB2B0:[70fc6908-ec5c-46dd-8ebf-0417b7da1e01:192.168.134.72:44551] with ContainerStateMachine:uninitialized
2019-06-17 05:25:53,623 INFO  server.RaftServerConfigKeys (ConfUtils.java:logGet(43)) - raft.server.rpc.timeout.min = 1s (custom)
2019-06-17 05:25:53,624 INFO  server.RaftServerConfigKeys (ConfUtils.java:logGet(43)) - raft.server.rpc.timeout.max = 1200ms (custom)
2019-06-17 05:25:53,624 INFO  server.RaftServerConfigKeys (ConfUtils.java:logGet(43)) - raft.server.rpcslowness.timeout = 120s (custom)
2019-06-17 05:25:53,624 INFO  server.RaftServerConfigKeys (ConfUtils.java:logGet(43)) - raft.server.log.appender.install.snapshot.enabled = true (default)
2019-06-17 05:25:53,624 INFO  impl.RaftServerImpl (ServerState.java:<init>(101)) - 70fc6908-ec5c-46dd-8ebf-0417b7da1e01:group-6CCAE0DBB2B0 ConfigurationManager, init=-1: [70fc6908-ec5c-46dd-8ebf-0417b7da1e01:192.168.134.72:44551], old=null, confs=<EMPTY_MAP>
2019-06-17 05:25:53,624 INFO  server.RaftServerConfigKeys (ConfUtils.java:logGet(43)) - raft.server.storage.dir = [/opt/src/hadoop-ozone/tools/target/test-dir/MiniOzoneClusterImpl-e8f225eb-68d8-46eb-969d-8e00a313900f/datanode-1/data/ratis] (custom)
2019-06-17 05:25:53,624 INFO  storage.RaftStorageDirectory (RaftStorageDirectory.java:analyzeStorage(246)) - The storage directory /opt/src/hadoop-ozone/tools/target/test-dir/MiniOzoneClusterImpl-e8f225eb-68d8-46eb-969d-8e00a313900f/datanode-1/data/ratis/b4318f07-c37c-46c3-9072-6ccae0dbb2b0 does not exist. Creating ...
2019-06-17 05:25:53,626 INFO  storage.RaftStorageDirectory (RaftStorageDirectory.java:tryLock(328)) - Lock on /opt/src/hadoop-ozone/tools/target/test-dir/MiniOzoneClusterImpl-e8f225eb-68d8-46eb-969d-8e00a313900f/datanode-1/data/ratis/b4318f07-c37c-46c3-9072-6ccae0dbb2b0/in_use.lock acquired by nodename 23293@ozone-unit-076618677d3bs2hd-1453520820
2019-06-17 05:25:53,628 INFO  storage.RaftStorage (RaftStorage.java:format(75)) - Storage directory /opt/src/hadoop-ozone/tools/target/test-dir/MiniOzoneClusterImpl-e8f225eb-68d8-46eb-969d-8e00a313900f/datanode-1/data/ratis/b4318f07-c37c-46c3-9072-6ccae0dbb2b0 has been successfully formatted.
2019-06-17 05:25:53,629 INFO  ratis.ContainerStateMachine (ContainerStateMachine.java:loadSnapshot(199)) - The snapshot info is null.Setting the last applied index to:(t:0, i:~)
2019-06-17 05:25:53,629 INFO  server.RaftServerConfigKeys (ConfUtils.java:logGet(43)) - raft.server.leader.election.timeout = 120s (custom)
2019-06-17 05:25:53,629 INFO  server.RaftServerConfigKeys (ConfUtils.java:logGet(43)) - raft.server.log.use.memory = false (default)
2019-06-17 05:25:53,629 INFO  server.RaftServerConfigKeys (ConfUtils.java:logGet(43)) - raft.server.log.appender.buffer.byte-limit = 33554432 (custom)
2019-06-17 05:25:53,629 INFO  server.RaftServerConfigKeys (ConfUtils.java:logGet(43)) - raft.server.log.segment.size.max = 16384 (custom)
2019-06-17 05:25:53,629 INFO  server.RaftServerConfigKeys (ConfUtils.java:logGet(43)) - raft.server.log.segment.cache.num.max = 2 (custom)
2019-06-17 05:25:53,629 INFO  storage.RaftLogWorker (RaftLogWorker.java:<init>(123)) - new 70fc6908-ec5c-46dd-8ebf-0417b7da1e01-RaftLogWorker for Storage Directory /opt/src/hadoop-ozone/tools/target/test-dir/MiniOzoneClusterImpl-e8f225eb-68d8-46eb-969d-8e00a313900f/datanode-1/data/ratis/b4318f07-c37c-46c3-9072-6ccae0dbb2b0
2019-06-17 05:25:53,629 INFO  server.RaftServerConfigKeys (ConfUtils.java:logGet(43)) - raft.server.log.queue.byte-limit = 2147483647 (custom)
2019-06-17 05:25:53,630 INFO  server.RaftServerConfigKeys (ConfUtils.java:logGet(43)) - raft.server.log.queue.element-limit = 1024 (custom)
2019-06-17 05:25:53,630 INFO  server.RaftServerConfigKeys (ConfUtils.java:logGet(43)) - raft.server.log.segment.size.max = 16384 (custom)
2019-06-17 05:25:53,630 INFO  server.RaftServerConfigKeys (ConfUtils.java:logGet(43)) - raft.server.log.preallocated.size = 16384 (custom)
2019-06-17 05:25:53,630 INFO  server.RaftServerConfigKeys (ConfUtils.java:logGet(43)) - raft.server.log.write.buffer.size = 33554432 (custom)
2019-06-17 05:25:53,630 INFO  server.RaftServerConfigKeys (ConfUtils.java:logGet(43)) - raft.server.log.force.sync.num = 128 (default)
2019-06-17 05:25:53,630 INFO  server.RaftServerConfigKeys (ConfUtils.java:logGet(43)) - raft.server.log.statemachine.data.sync = true (default)
2019-06-17 05:25:53,630 INFO  server.RaftServerConfigKeys (ConfUtils.java:logGet(43)) - raft.server.log.statemachine.data.sync.timeout = 10s (default)
2019-06-17 05:25:53,630 INFO  server.RaftServerConfigKeys (ConfUtils.java:logGet(43)) - raft.server.log.statemachine.data.sync.timeout.retry = -1 (default)
2019-06-17 05:25:53,631 INFO  server.RaftServerConfigKeys (ConfUtils.java:logGet(43)) - raft.server.log.statemachine.data.caching.enabled = true (custom)
2019-06-17 05:25:53,631 INFO  server.RaftServerConfigKeys (ConfUtils.java:logGet(43)) - raft.server.snapshot.auto.trigger.enabled = true (custom)
2019-06-17 05:25:53,631 INFO  server.RaftServerConfigKeys (ConfUtils.java:logGet(43)) - raft.server.snapshot.auto.trigger.threshold = 10000 (custom)
2019-06-17 05:25:53,631 INFO  server.RaftServerConfigKeys (ConfUtils.java:logGet(43)) - raft.server.retrycache.expirytime = 600000ms (custom)
2019-06-17 05:25:53,632 INFO  impl.RaftServerImpl (RaftServerImpl.java:start(173)) - 70fc6908-ec5c-46dd-8ebf-0417b7da1e01: start group-6CCAE0DBB2B0
2019-06-17 05:25:53,632 INFO  impl.RaftServerImpl (RaftServerImpl.java:setRole(164)) - 70fc6908-ec5c-46dd-8ebf-0417b7da1e01:group-6CCAE0DBB2B0 changes role from null to FOLLOWER at term 0 for startAsFollower
2019-06-17 05:25:53,632 INFO  impl.RoleInfo (RoleInfo.java:updateAndGet(143)) - 70fc6908-ec5c-46dd-8ebf-0417b7da1e01: start FollowerState
2019-06-17 05:25:53,632 INFO  util.JmxRegister (JmxRegister.java:tryRegister(44)) - Successfully registered JMX Bean with object name Ratis:service=RaftServer,group=group-6CCAE0DBB2B0,id=70fc6908-ec5c-46dd-8ebf-0417b7da1e01
2019-06-17 05:25:53,637 INFO  pipeline.PipelineStateManager (PipelineStateManager.java:addPipeline(56)) - Created pipeline Pipeline[ Id: b4318f07-c37c-46c3-9072-6ccae0dbb2b0, Nodes: 70fc6908-ec5c-46dd-8ebf-0417b7da1e01{ip: 192.168.134.72, host: ozone-unit-076618677d3bs2hd-1453520820, networkLocation: /default-rack, certSerialId: null}, Type:RATIS, Factor:ONE, State:OPEN]
2019-06-17 05:25:53,659 INFO  impl.RaftServerProxy (RaftServerProxy.java:addNew(89)) - 66b6d715-804b-41fe-87bf-64fc0af8236e: addNew group-402377F11992:[70fc6908-ec5c-46dd-8ebf-0417b7da1e01:192.168.134.72:44551, 66b6d715-804b-41fe-87bf-64fc0af8236e:192.168.134.72:46139, c61cb588-3642-437c-a743-605f5a939883:192.168.134.72:44623] returns group-402377F11992:java.util.concurrent.CompletableFuture@39ceead6[Not completed]
2019-06-17 05:25:53,660 INFO  impl.RaftServerImpl (RaftServerImpl.java:<init>(91)) - 66b6d715-804b-41fe-87bf-64fc0af8236e: new RaftServerImpl for group-402377F11992:[70fc6908-ec5c-46dd-8ebf-0417b7da1e01:192.168.134.72:44551, 66b6d715-804b-41fe-87bf-64fc0af8236e:192.168.134.72:46139, c61cb588-3642-437c-a743-605f5a939883:192.168.134.72:44623] with ContainerStateMachine:uninitialized
2019-06-17 05:25:53,660 INFO  server.RaftServerConfigKeys (ConfUtils.java:logGet(43)) - raft.server.rpc.timeout.min = 1s (custom)
2019-06-17 05:25:53,660 INFO  server.RaftServerConfigKeys (ConfUtils.java:logGet(43)) - raft.server.rpc.timeout.max = 1200ms (custom)
2019-06-17 05:25:53,660 INFO  server.RaftServerConfigKeys (ConfUtils.java:logGet(43)) - raft.server.rpcslowness.timeout = 120s (custom)
2019-06-17 05:25:53,661 INFO  server.RaftServerConfigKeys (ConfUtils.java:logGet(43)) - raft.server.log.appender.install.snapshot.enabled = true (default)
2019-06-17 05:25:53,661 INFO  impl.RaftServerImpl (ServerState.java:<init>(101)) - 66b6d715-804b-41fe-87bf-64fc0af8236e:group-402377F11992 ConfigurationManager, init=-1: [70fc6908-ec5c-46dd-8ebf-0417b7da1e01:192.168.134.72:44551, 66b6d715-804b-41fe-87bf-64fc0af8236e:192.168.134.72:46139, c61cb588-3642-437c-a743-605f5a939883:192.168.134.72:44623], old=null, confs=<EMPTY_MAP>
2019-06-17 05:25:53,661 INFO  server.RaftServerConfigKeys (ConfUtils.java:logGet(43)) - raft.server.storage.dir = [/opt/src/hadoop-ozone/tools/target/test-dir/MiniOzoneClusterImpl-e8f225eb-68d8-46eb-969d-8e00a313900f/datanode-2/data/ratis] (custom)
2019-06-17 05:25:53,662 INFO  storage.RaftStorageDirectory (RaftStorageDirectory.java:analyzeStorage(246)) - The storage directory /opt/src/hadoop-ozone/tools/target/test-dir/MiniOzoneClusterImpl-e8f225eb-68d8-46eb-969d-8e00a313900f/datanode-2/data/ratis/a6c7faf5-bd16-4392-9574-402377f11992 does not exist. Creating ...
2019-06-17 05:25:53,662 INFO  impl.RaftServerProxy (RaftServerProxy.java:addNew(89)) - c61cb588-3642-437c-a743-605f5a939883: addNew group-402377F11992:[70fc6908-ec5c-46dd-8ebf-0417b7da1e01:192.168.134.72:44551, 66b6d715-804b-41fe-87bf-64fc0af8236e:192.168.134.72:46139, c61cb588-3642-437c-a743-605f5a939883:192.168.134.72:44623] returns group-402377F11992:java.util.concurrent.CompletableFuture@3e922f9[Not completed]
2019-06-17 05:25:53,662 INFO  impl.RaftServerProxy (RaftServerProxy.java:addNew(89)) - 70fc6908-ec5c-46dd-8ebf-0417b7da1e01: addNew group-402377F11992:[70fc6908-ec5c-46dd-8ebf-0417b7da1e01:192.168.134.72:44551, 66b6d715-804b-41fe-87bf-64fc0af8236e:192.168.134.72:46139, c61cb588-3642-437c-a743-605f5a939883:192.168.134.72:44623] returns group-402377F11992:java.util.concurrent.CompletableFuture@3df17937[Not completed]
2019-06-17 05:25:53,662 INFO  impl.RaftServerImpl (RaftServerImpl.java:<init>(91)) - c61cb588-3642-437c-a743-605f5a939883: new RaftServerImpl for group-402377F11992:[70fc6908-ec5c-46dd-8ebf-0417b7da1e01:192.168.134.72:44551, 66b6d715-804b-41fe-87bf-64fc0af8236e:192.168.134.72:46139, c61cb588-3642-437c-a743-605f5a939883:192.168.134.72:44623] with ContainerStateMachine:uninitialized
2019-06-17 05:25:53,663 INFO  server.RaftServerConfigKeys (ConfUtils.java:logGet(43)) - raft.server.rpc.timeout.min = 1s (custom)
2019-06-17 05:25:53,663 INFO  server.RaftServerConfigKeys (ConfUtils.java:logGet(43)) - raft.server.rpc.timeout.max = 1200ms (custom)
2019-06-17 05:25:53,663 INFO  impl.RaftServerImpl (RaftServerImpl.java:<init>(91)) - 70fc6908-ec5c-46dd-8ebf-0417b7da1e01: new RaftServerImpl for group-402377F11992:[70fc6908-ec5c-46dd-8ebf-0417b7da1e01:192.168.134.72:44551, 66b6d715-804b-41fe-87bf-64fc0af8236e:192.168.134.72:46139, c61cb588-3642-437c-a743-605f5a939883:192.168.134.72:44623] with ContainerStateMachine:uninitialized
2019-06-17 05:25:53,663 INFO  server.RaftServerConfigKeys (ConfUtils.java:logGet(43)) - raft.server.rpc.timeout.min = 1s (custom)
2019-06-17 05:25:53,663 INFO  server.RaftServerConfigKeys (ConfUtils.java:logGet(43)) - raft.server.rpc.timeout.max = 1200ms (custom)
2019-06-17 05:25:53,663 INFO  server.RaftServerConfigKeys (ConfUtils.java:logGet(43)) - raft.server.rpcslowness.timeout = 120s (custom)
2019-06-17 05:25:53,663 INFO  server.RaftServerConfigKeys (ConfUtils.java:logGet(43)) - raft.server.log.appender.install.snapshot.enabled = true (default)
2019-06-17 05:25:53,663 INFO  impl.RaftServerImpl (ServerState.java:<init>(101)) - 70fc6908-ec5c-46dd-8ebf-0417b7da1e01:group-402377F11992 ConfigurationManager, init=-1: [70fc6908-ec5c-46dd-8ebf-0417b7da1e01:192.168.134.72:44551, 66b6d715-804b-41fe-87bf-64fc0af8236e:192.168.134.72:46139, c61cb588-3642-437c-a743-605f5a939883:192.168.134.72:44623], old=null, confs=<EMPTY_MAP>
2019-06-17 05:25:53,664 INFO  server.RaftServerConfigKeys (ConfUtils.java:logGet(43)) - raft.server.storage.dir = [/opt/src/hadoop-ozone/tools/target/test-dir/MiniOzoneClusterImpl-e8f225eb-68d8-46eb-969d-8e00a313900f/datanode-1/data/ratis] (custom)
2019-06-17 05:25:53,664 INFO  storage.RaftStorageDirectory (RaftStorageDirectory.java:tryLock(328)) - Lock on /opt/src/hadoop-ozone/tools/target/test-dir/MiniOzoneClusterImpl-e8f225eb-68d8-46eb-969d-8e00a313900f/datanode-2/data/ratis/a6c7faf5-bd16-4392-9574-402377f11992/in_use.lock acquired by nodename 23293@ozone-unit-076618677d3bs2hd-1453520820
2019-06-17 05:25:53,663 INFO  server.RaftServerConfigKeys (ConfUtils.java:logGet(43)) - raft.server.rpcslowness.timeout = 120s (custom)
2019-06-17 05:25:53,664 INFO  server.RaftServerConfigKeys (ConfUtils.java:logGet(43)) - raft.server.log.appender.install.snapshot.enabled = true (default)
2019-06-17 05:25:53,664 INFO  impl.RaftServerImpl (ServerState.java:<init>(101)) - c61cb588-3642-437c-a743-605f5a939883:group-402377F11992 ConfigurationManager, init=-1: [70fc6908-ec5c-46dd-8ebf-0417b7da1e01:192.168.134.72:44551, 66b6d715-804b-41fe-87bf-64fc0af8236e:192.168.134.72:46139, c61cb588-3642-437c-a743-605f5a939883:192.168.134.72:44623], old=null, confs=<EMPTY_MAP>
2019-06-17 05:25:53,664 INFO  server.RaftServerConfigKeys (ConfUtils.java:logGet(43)) - raft.server.storage.dir = [/opt/src/hadoop-ozone/tools/target/test-dir/MiniOzoneClusterImpl-e8f225eb-68d8-46eb-969d-8e00a313900f/datanode-0/data/ratis] (custom)
2019-06-17 05:25:53,665 INFO  storage.RaftStorageDirectory (RaftStorageDirectory.java:analyzeStorage(246)) - The storage directory /opt/src/hadoop-ozone/tools/target/test-dir/MiniOzoneClusterImpl-e8f225eb-68d8-46eb-969d-8e00a313900f/datanode-0/data/ratis/a6c7faf5-bd16-4392-9574-402377f11992 does not exist. Creating ...
2019-06-17 05:25:53,664 INFO  storage.RaftStorageDirectory (RaftStorageDirectory.java:analyzeStorage(246)) - The storage directory /opt/src/hadoop-ozone/tools/target/test-dir/MiniOzoneClusterImpl-e8f225eb-68d8-46eb-969d-8e00a313900f/datanode-1/data/ratis/a6c7faf5-bd16-4392-9574-402377f11992 does not exist. Creating ...
2019-06-17 05:25:53,666 INFO  storage.RaftStorage (RaftStorage.java:format(75)) - Storage directory /opt/src/hadoop-ozone/tools/target/test-dir/MiniOzoneClusterImpl-e8f225eb-68d8-46eb-969d-8e00a313900f/datanode-2/data/ratis/a6c7faf5-bd16-4392-9574-402377f11992 has been successfully formatted.
2019-06-17 05:25:53,667 INFO  ratis.ContainerStateMachine (ContainerStateMachine.java:loadSnapshot(199)) - The snapshot info is null.Setting the last applied index to:(t:0, i:~)
2019-06-17 05:25:53,667 INFO  server.RaftServerConfigKeys (ConfUtils.java:logGet(43)) - raft.server.leader.election.timeout = 120s (custom)
2019-06-17 05:25:53,667 INFO  server.RaftServerConfigKeys (ConfUtils.java:logGet(43)) - raft.server.log.use.memory = false (default)
2019-06-17 05:25:53,667 INFO  storage.RaftStorageDirectory (RaftStorageDirectory.java:tryLock(328)) - Lock on /opt/src/hadoop-ozone/tools/target/test-dir/MiniOzoneClusterImpl-e8f225eb-68d8-46eb-969d-8e00a313900f/datanode-0/data/ratis/a6c7faf5-bd16-4392-9574-402377f11992/in_use.lock acquired by nodename 23293@ozone-unit-076618677d3bs2hd-1453520820
2019-06-17 05:25:53,667 INFO  storage.RaftStorageDirectory (RaftStorageDirectory.java:tryLock(328)) - Lock on /opt/src/hadoop-ozone/tools/target/test-dir/MiniOzoneClusterImpl-e8f225eb-68d8-46eb-969d-8e00a313900f/datanode-1/data/ratis/a6c7faf5-bd16-4392-9574-402377f11992/in_use.lock acquired by nodename 23293@ozone-unit-076618677d3bs2hd-1453520820
2019-06-17 05:25:53,667 INFO  server.RaftServerConfigKeys (ConfUtils.java:logGet(43)) - raft.server.log.appender.buffer.byte-limit = 33554432 (custom)
2019-06-17 05:25:53,668 INFO  server.RaftServerConfigKeys (ConfUtils.java:logGet(43)) - raft.server.log.segment.size.max = 16384 (custom)
2019-06-17 05:25:53,668 INFO  server.RaftServerConfigKeys (ConfUtils.java:logGet(43)) - raft.server.log.segment.cache.num.max = 2 (custom)
2019-06-17 05:25:53,668 INFO  storage.RaftLogWorker (RaftLogWorker.java:<init>(123)) - new 66b6d715-804b-41fe-87bf-64fc0af8236e-RaftLogWorker for Storage Directory /opt/src/hadoop-ozone/tools/target/test-dir/MiniOzoneClusterImpl-e8f225eb-68d8-46eb-969d-8e00a313900f/datanode-2/data/ratis/a6c7faf5-bd16-4392-9574-402377f11992
2019-06-17 05:25:53,668 INFO  server.RaftServerConfigKeys (ConfUtils.java:logGet(43)) - raft.server.log.queue.byte-limit = 2147483647 (custom)
2019-06-17 05:25:53,669 INFO  server.RaftServerConfigKeys (ConfUtils.java:logGet(43)) - raft.server.log.queue.element-limit = 1024 (custom)
2019-06-17 05:25:53,669 INFO  server.RaftServerConfigKeys (ConfUtils.java:logGet(43)) - raft.server.log.segment.size.max = 16384 (custom)
2019-06-17 05:25:53,669 INFO  server.RaftServerConfigKeys (ConfUtils.java:logGet(43)) - raft.server.log.preallocated.size = 16384 (custom)
2019-06-17 05:25:53,669 INFO  server.RaftServerConfigKeys (ConfUtils.java:logGet(43)) - raft.server.log.write.buffer.size = 33554432 (custom)
2019-06-17 05:25:53,669 INFO  server.RaftServerConfigKeys (ConfUtils.java:logGet(43)) - raft.server.log.force.sync.num = 128 (default)
2019-06-17 05:25:53,669 INFO  server.RaftServerConfigKeys (ConfUtils.java:logGet(43)) - raft.server.log.statemachine.data.sync = true (default)
2019-06-17 05:25:53,669 INFO  server.RaftServerConfigKeys (ConfUtils.java:logGet(43)) - raft.server.log.statemachine.data.sync.timeout = 10s (default)
2019-06-17 05:25:53,669 INFO  server.RaftServerConfigKeys (ConfUtils.java:logGet(43)) - raft.server.log.statemachine.data.sync.timeout.retry = -1 (default)
2019-06-17 05:25:53,669 INFO  storage.RaftStorage (RaftStorage.java:format(75)) - Storage directory /opt/src/hadoop-ozone/tools/target/test-dir/MiniOzoneClusterImpl-e8f225eb-68d8-46eb-969d-8e00a313900f/datanode-0/data/ratis/a6c7faf5-bd16-4392-9574-402377f11992 has been successfully formatted.
2019-06-17 05:25:53,670 INFO  storage.RaftStorage (RaftStorage.java:format(75)) - Storage directory /opt/src/hadoop-ozone/tools/target/test-dir/MiniOzoneClusterImpl-e8f225eb-68d8-46eb-969d-8e00a313900f/datanode-1/data/ratis/a6c7faf5-bd16-4392-9574-402377f11992 has been successfully formatted.
2019-06-17 05:25:53,670 INFO  server.RaftServerConfigKeys (ConfUtils.java:logGet(43)) - raft.server.log.statemachine.data.caching.enabled = true (custom)
2019-06-17 05:25:53,670 INFO  ratis.ContainerStateMachine (ContainerStateMachine.java:loadSnapshot(199)) - The snapshot info is null.Setting the last applied index to:(t:0, i:~)
2019-06-17 05:25:53,670 INFO  server.RaftServerConfigKeys (ConfUtils.java:logGet(43)) - raft.server.leader.election.timeout = 120s (custom)
2019-06-17 05:25:53,670 INFO  server.RaftServerConfigKeys (ConfUtils.java:logGet(43)) - raft.server.snapshot.auto.trigger.enabled = true (custom)
2019-06-17 05:25:53,670 INFO  ratis.ContainerStateMachine (ContainerStateMachine.java:loadSnapshot(199)) - The snapshot info is null.Setting the last applied index to:(t:0, i:~)
2019-06-17 05:25:53,671 INFO  server.RaftServerConfigKeys (ConfUtils.java:logGet(43)) - raft.server.leader.election.timeout = 120s (custom)
2019-06-17 05:25:53,671 INFO  server.RaftServerConfigKeys (ConfUtils.java:logGet(43)) - raft.server.log.use.memory = false (default)
2019-06-17 05:25:53,671 INFO  server.RaftServerConfigKeys (ConfUtils.java:logGet(43)) - raft.server.log.appender.buffer.byte-limit = 33554432 (custom)
2019-06-17 05:25:53,671 INFO  server.RaftServerConfigKeys (ConfUtils.java:logGet(43)) - raft.server.log.segment.size.max = 16384 (custom)
2019-06-17 05:25:53,671 INFO  server.RaftServerConfigKeys (ConfUtils.java:logGet(43)) - raft.server.log.segment.cache.num.max = 2 (custom)
2019-06-17 05:25:53,671 INFO  storage.RaftLogWorker (RaftLogWorker.java:<init>(123)) - new c61cb588-3642-437c-a743-605f5a939883-RaftLogWorker for Storage Directory /opt/src/hadoop-ozone/tools/target/test-dir/MiniOzoneClusterImpl-e8f225eb-68d8-46eb-969d-8e00a313900f/datanode-0/data/ratis/a6c7faf5-bd16-4392-9574-402377f11992
2019-06-17 05:25:53,671 INFO  server.RaftServerConfigKeys (ConfUtils.java:logGet(43)) - raft.server.log.queue.byte-limit = 2147483647 (custom)
2019-06-17 05:25:53,671 INFO  server.RaftServerConfigKeys (ConfUtils.java:logGet(43)) - raft.server.log.queue.element-limit = 1024 (custom)
2019-06-17 05:25:53,671 INFO  server.RaftServerConfigKeys (ConfUtils.java:logGet(43)) - raft.server.log.segment.size.max = 16384 (custom)
2019-06-17 05:25:53,672 INFO  server.RaftServerConfigKeys (ConfUtils.java:logGet(43)) - raft.server.log.preallocated.size = 16384 (custom)
2019-06-17 05:25:53,672 INFO  server.RaftServerConfigKeys (ConfUtils.java:logGet(43)) - raft.server.log.write.buffer.size = 33554432 (custom)
2019-06-17 05:25:53,672 INFO  server.RaftServerConfigKeys (ConfUtils.java:logGet(43)) - raft.server.log.force.sync.num = 128 (default)
2019-06-17 05:25:53,672 INFO  server.RaftServerConfigKeys (ConfUtils.java:logGet(43)) - raft.server.log.statemachine.data.sync = true (default)
2019-06-17 05:25:53,672 INFO  server.RaftServerConfigKeys (ConfUtils.java:logGet(43)) - raft.server.log.statemachine.data.sync.timeout = 10s (default)
2019-06-17 05:25:53,672 INFO  server.RaftServerConfigKeys (ConfUtils.java:logGet(43)) - raft.server.log.statemachine.data.sync.timeout.retry = -1 (default)
2019-06-17 05:25:53,672 INFO  server.RaftServerConfigKeys (ConfUtils.java:logGet(43)) - raft.server.log.statemachine.data.caching.enabled = true (custom)
2019-06-17 05:25:53,670 INFO  server.RaftServerConfigKeys (ConfUtils.java:logGet(43)) - raft.server.snapshot.auto.trigger.threshold = 10000 (custom)
2019-06-17 05:25:53,673 INFO  server.RaftServerConfigKeys (ConfUtils.java:logGet(43)) - raft.server.snapshot.auto.trigger.enabled = true (custom)
2019-06-17 05:25:53,673 INFO  server.RaftServerConfigKeys (ConfUtils.java:logGet(43)) - raft.server.retrycache.expirytime = 600000ms (custom)
2019-06-17 05:25:53,673 INFO  impl.RaftServerImpl (RaftServerImpl.java:start(173)) - 66b6d715-804b-41fe-87bf-64fc0af8236e: start group-402377F11992
2019-06-17 05:25:53,673 INFO  impl.RaftServerImpl (RaftServerImpl.java:setRole(164)) - 66b6d715-804b-41fe-87bf-64fc0af8236e:group-402377F11992 changes role from null to FOLLOWER at term 0 for startAsFollower
2019-06-17 05:25:53,673 INFO  impl.RoleInfo (RoleInfo.java:updateAndGet(143)) - 66b6d715-804b-41fe-87bf-64fc0af8236e: start FollowerState
2019-06-17 05:25:53,670 INFO  server.RaftServerConfigKeys (ConfUtils.java:logGet(43)) - raft.server.log.use.memory = false (default)
2019-06-17 05:25:53,673 INFO  util.JmxRegister (JmxRegister.java:tryRegister(44)) - Successfully registered JMX Bean with object name Ratis:service=RaftServer,group=group-402377F11992,id=66b6d715-804b-41fe-87bf-64fc0af8236e
2019-06-17 05:25:53,673 INFO  server.RaftServerConfigKeys (ConfUtils.java:logGet(43)) - raft.server.snapshot.auto.trigger.threshold = 10000 (custom)
2019-06-17 05:25:53,674 INFO  server.RaftServerConfigKeys (ConfUtils.java:logGet(43)) - raft.server.log.appender.buffer.byte-limit = 33554432 (custom)
2019-06-17 05:25:53,674 INFO  server.RaftServerConfigKeys (ConfUtils.java:logGet(43)) - raft.server.log.segment.size.max = 16384 (custom)
2019-06-17 05:25:53,674 INFO  server.RaftServerConfigKeys (ConfUtils.java:logGet(43)) - raft.server.log.segment.cache.num.max = 2 (custom)
2019-06-17 05:25:53,674 INFO  storage.RaftLogWorker (RaftLogWorker.java:<init>(123)) - new 70fc6908-ec5c-46dd-8ebf-0417b7da1e01-RaftLogWorker for Storage Directory /opt/src/hadoop-ozone/tools/target/test-dir/MiniOzoneClusterImpl-e8f225eb-68d8-46eb-969d-8e00a313900f/datanode-1/data/ratis/a6c7faf5-bd16-4392-9574-402377f11992
2019-06-17 05:25:53,674 INFO  server.RaftServerConfigKeys (ConfUtils.java:logGet(43)) - raft.server.log.queue.byte-limit = 2147483647 (custom)
2019-06-17 05:25:53,674 INFO  server.RaftServerConfigKeys (ConfUtils.java:logGet(43)) - raft.server.log.queue.element-limit = 1024 (custom)
2019-06-17 05:25:53,675 INFO  server.RaftServerConfigKeys (ConfUtils.java:logGet(43)) - raft.server.log.segment.size.max = 16384 (custom)
2019-06-17 05:25:53,675 INFO  server.RaftServerConfigKeys (ConfUtils.java:logGet(43)) - raft.server.log.preallocated.size = 16384 (custom)
2019-06-17 05:25:53,675 INFO  server.RaftServerConfigKeys (ConfUtils.java:logGet(43)) - raft.server.log.write.buffer.size = 33554432 (custom)
2019-06-17 05:25:53,675 INFO  server.RaftServerConfigKeys (ConfUtils.java:logGet(43)) - raft.server.log.force.sync.num = 128 (default)
2019-06-17 05:25:53,675 INFO  server.RaftServerConfigKeys (ConfUtils.java:logGet(43)) - raft.server.log.statemachine.data.sync = true (default)
2019-06-17 05:25:53,675 INFO  server.RaftServerConfigKeys (ConfUtils.java:logGet(43)) - raft.server.log.statemachine.data.sync.timeout = 10s (default)
2019-06-17 05:25:53,675 INFO  server.RaftServerConfigKeys (ConfUtils.java:logGet(43)) - raft.server.log.statemachine.data.sync.timeout.retry = -1 (default)
2019-06-17 05:25:53,675 INFO  server.RaftServerConfigKeys (ConfUtils.java:logGet(43)) - raft.server.retrycache.expirytime = 600000ms (custom)
2019-06-17 05:25:53,675 INFO  impl.RaftServerImpl (RaftServerImpl.java:start(173)) - c61cb588-3642-437c-a743-605f5a939883: start group-402377F11992
2019-06-17 05:25:53,675 INFO  impl.RaftServerImpl (RaftServerImpl.java:setRole(164)) - c61cb588-3642-437c-a743-605f5a939883:group-402377F11992 changes role from null to FOLLOWER at term 0 for startAsFollower
2019-06-17 05:25:53,676 INFO  impl.RoleInfo (RoleInfo.java:updateAndGet(143)) - c61cb588-3642-437c-a743-605f5a939883: start FollowerState
2019-06-17 05:25:53,676 INFO  server.RaftServerConfigKeys (ConfUtils.java:logGet(43)) - raft.server.log.statemachine.data.caching.enabled = true (custom)
2019-06-17 05:25:53,676 INFO  util.JmxRegister (JmxRegister.java:tryRegister(44)) - Successfully registered JMX Bean with object name Ratis:service=RaftServer,group=group-402377F11992,id=c61cb588-3642-437c-a743-605f5a939883
2019-06-17 05:25:53,677 INFO  server.RaftServerConfigKeys (ConfUtils.java:logGet(43)) - raft.server.snapshot.auto.trigger.enabled = true (custom)
2019-06-17 05:25:53,677 INFO  server.RaftServerConfigKeys (ConfUtils.java:logGet(43)) - raft.server.snapshot.auto.trigger.threshold = 10000 (custom)
2019-06-17 05:25:53,677 INFO  server.RaftServerConfigKeys (ConfUtils.java:logGet(43)) - raft.server.retrycache.expirytime = 600000ms (custom)
2019-06-17 05:25:53,679 INFO  impl.RaftServerImpl (RaftServerImpl.java:start(173)) - 70fc6908-ec5c-46dd-8ebf-0417b7da1e01: start group-402377F11992
2019-06-17 05:25:53,679 INFO  impl.RaftServerImpl (RaftServerImpl.java:setRole(164)) - 70fc6908-ec5c-46dd-8ebf-0417b7da1e01:group-402377F11992 changes role from null to FOLLOWER at term 0 for startAsFollower
2019-06-17 05:25:53,682 INFO  impl.RoleInfo (RoleInfo.java:updateAndGet(143)) - 70fc6908-ec5c-46dd-8ebf-0417b7da1e01: start FollowerState
2019-06-17 05:25:53,683 INFO  util.JmxRegister (JmxRegister.java:tryRegister(44)) - Successfully registered JMX Bean with object name Ratis:service=RaftServer,group=group-402377F11992,id=70fc6908-ec5c-46dd-8ebf-0417b7da1e01
2019-06-17 05:25:53,694 INFO  pipeline.PipelineStateManager (PipelineStateManager.java:addPipeline(56)) - Created pipeline Pipeline[ Id: a6c7faf5-bd16-4392-9574-402377f11992, Nodes: 66b6d715-804b-41fe-87bf-64fc0af8236e{ip: 192.168.134.72, host: ozone-unit-076618677d3bs2hd-1453520820, networkLocation: /default-rack, certSerialId: null}c61cb588-3642-437c-a743-605f5a939883{ip: 192.168.134.72, host: ozone-unit-076618677d3bs2hd-1453520820, networkLocation: /default-rack, certSerialId: null}70fc6908-ec5c-46dd-8ebf-0417b7da1e01{ip: 192.168.134.72, host: ozone-unit-076618677d3bs2hd-1453520820, networkLocation: /default-rack, certSerialId: null}, Type:RATIS, Factor:THREE, State:OPEN]
2019-06-17 05:25:54,534 INFO  impl.FollowerState (FollowerState.java:run(101)) - c61cb588-3642-437c-a743-605f5a939883:group-52D37283E5A2 changes to CANDIDATE, lastRpcTime:1172, electionTimeout:1172ms
2019-06-17 05:25:54,535 INFO  impl.RoleInfo (RoleInfo.java:shutdownFollowerState(121)) - c61cb588-3642-437c-a743-605f5a939883: shutdown FollowerState
2019-06-17 05:25:54,535 INFO  impl.RaftServerImpl (RaftServerImpl.java:setRole(164)) - c61cb588-3642-437c-a743-605f5a939883:group-52D37283E5A2 changes role from FOLLOWER to CANDIDATE at term 0 for changeToCandidate
2019-06-17 05:25:54,536 INFO  impl.RoleInfo (RoleInfo.java:updateAndGet(143)) - c61cb588-3642-437c-a743-605f5a939883: start LeaderElection
2019-06-17 05:25:54,541 INFO  impl.LeaderElection (LeaderElection.java:askForVotes(181)) - c61cb588-3642-437c-a743-605f5a939883:group-52D37283E5A2:LeaderElection1: begin an election at term 1 for -1: [c61cb588-3642-437c-a743-605f5a939883:192.168.134.72:44623], old=null
2019-06-17 05:25:54,542 INFO  impl.RoleInfo (RoleInfo.java:shutdownLeaderElection(134)) - c61cb588-3642-437c-a743-605f5a939883: shutdown LeaderElection
2019-06-17 05:25:54,543 INFO  impl.RaftServerImpl (RaftServerImpl.java:setRole(164)) - c61cb588-3642-437c-a743-605f5a939883:group-52D37283E5A2 changes role from CANDIDATE to LEADER at term 1 for changeToLeader
2019-06-17 05:25:54,543 INFO  impl.RaftServerImpl (ServerState.java:setLeader(263)) - c61cb588-3642-437c-a743-605f5a939883:group-52D37283E5A2 change Leader from null to c61cb588-3642-437c-a743-605f5a939883 at term 1 for becomeLeader, leader elected after 1221ms
2019-06-17 05:25:54,547 INFO  server.RaftServerConfigKeys (ConfUtils.java:logGet(43)) - raft.server.staging.catchup.gap = 1000 (default)
2019-06-17 05:25:54,547 INFO  server.RaftServerConfigKeys (ConfUtils.java:logGet(43)) - raft.server.rpc.sleep.time = 25ms (default)
2019-06-17 05:25:54,549 INFO  server.RaftServerConfigKeys (ConfUtils.java:logGet(43)) - raft.server.watch.timeout = 10s (default)
2019-06-17 05:25:54,549 INFO  server.RaftServerConfigKeys (ConfUtils.java:logGet(43)) - raft.server.watch.timeout.denomination = 1s (default)
2019-06-17 05:25:54,551 INFO  ozone.MiniOzoneClusterImpl (MiniOzoneClusterImpl.java:lambda$waitForClusterToBeReady$0(142)) - Cluster is ready. Got 3 of 3 DN Heartbeats.
]]></system-out>
    <system-err><![CDATA[ERROR StatusLogger No Log4j 2 configuration file found. Using default configuration (logging only errors to the console), or user programmatically provided configurations. Set system property 'log4j2.debug' to show Log4j 2 internal initialization logging. See https://logging.apache.org/log4j/2.x/manual/configuration.html for instructions on how to configure Log4j 2
Jun 17, 2019 5:25:48 AM com.sun.jersey.server.impl.application.WebApplicationImpl _initiate
INFO: Initiating Jersey application, version 'Jersey: 1.19 02/11/2015 03:25 AM'
Jun 17, 2019 5:25:49 AM com.sun.jersey.server.impl.application.WebApplicationImpl _initiate
INFO: Initiating Jersey application, version 'Jersey: 1.19 02/11/2015 03:25 AM'
Jun 17, 2019 5:25:49 AM com.sun.jersey.server.impl.application.WebApplicationImpl _initiate
INFO: Initiating Jersey application, version 'Jersey: 1.19 02/11/2015 03:25 AM'
]]></system-err>
  </testcase>
</testsuite>