<?xml version="1.0" encoding="UTF-8"?>
<testsuite xmlns:xsi="http://www.w3.org/2001/XMLSchema-instance" xsi:noNamespaceSchemaLocation="https://maven.apache.org/surefire/maven-surefire-plugin/xsd/surefire-test-report.xsd" name="org.apache.hadoop.hdds.scm.pipeline.TestNodeFailure" time="10.259" tests="1" errors="0" skipped="1" failures="0">
  <properties>
    <property name="awt.toolkit" value="sun.awt.X11.XToolkit"/>
    <property name="file.encoding.pkg" value="sun.io"/>
    <property name="java.specification.version" value="1.8"/>
    <property name="sun.cpu.isalist" value=""/>
    <property name="sun.jnu.encoding" value="UTF-8"/>
    <property name="java.class.path" value="/opt/src/hadoop-ozone/integration-test/target/test-classes:/opt/src/hadoop-ozone/integration-test/target/classes:/home/user/.m2/repository/org/apache/hadoop/hadoop-ozone-common/0.5.0-SNAPSHOT/hadoop-ozone-common-0.5.0-SNAPSHOT.jar:/home/user/.m2/repository/org/apache/commons/commons-compress/1.4.1/commons-compress-1.4.1.jar:/home/user/.m2/repository/org/tukaani/xz/1.0/xz-1.0.jar:/home/user/.m2/repository/org/apache/hadoop/hadoop-common/3.2.0/hadoop-common-3.2.0.jar:/home/user/.m2/repository/org/apache/hadoop/hadoop-hdfs/3.2.0/hadoop-hdfs-3.2.0.jar:/home/user/.m2/repository/org/apache/hadoop/hadoop-hdfs-client/3.2.0/hadoop-hdfs-client-3.2.0.jar:/home/user/.m2/repository/com/fasterxml/jackson/core/jackson-annotations/2.9.5/jackson-annotations-2.9.5.jar:/home/user/.m2/repository/org/apache/hadoop/hadoop-hdds-common/0.5.0-SNAPSHOT/hadoop-hdds-common-0.5.0-SNAPSHOT.jar:/home/user/.m2/repository/javax/annotation/javax.annotation-api/1.2/javax.annotation-api-1.2.jar:/home/user/.m2/repository/org/apache/ratis/ratis-server/0.4.0-fe2b15d-SNAPSHOT/ratis-server-0.4.0-fe2b15d-SNAPSHOT.jar:/home/user/.m2/repository/org/apache/ratis/ratis-thirdparty-misc/0.2.0/ratis-thirdparty-misc-0.2.0.jar:/home/user/.m2/repository/org/apache/ratis/ratis-proto/0.4.0-fe2b15d-SNAPSHOT/ratis-proto-0.4.0-fe2b15d-SNAPSHOT.jar:/home/user/.m2/repository/org/apache/ratis/ratis-common/0.4.0-fe2b15d-SNAPSHOT/ratis-common-0.4.0-fe2b15d-SNAPSHOT.jar:/home/user/.m2/repository/org/apache/ratis/ratis-client/0.4.0-fe2b15d-SNAPSHOT/ratis-client-0.4.0-fe2b15d-SNAPSHOT.jar:/home/user/.m2/repository/org/apache/ratis/ratis-netty/0.4.0-fe2b15d-SNAPSHOT/ratis-netty-0.4.0-fe2b15d-SNAPSHOT.jar:/home/user/.m2/repository/org/apache/ratis/ratis-grpc/0.4.0-fe2b15d-SNAPSHOT/ratis-grpc-0.4.0-fe2b15d-SNAPSHOT.jar:/home/user/.m2/repository/org/rocksdb/rocksdbjni/5.14.2/rocksdbjni-5.14.2.jar:/home/user/.m2/repository/org/apache/logging/log4j/log4j-api/2.11.0/log4j-api-2.11.0.jar:/home/user/.m2/repository/org/apache/logging/log4j/log4j-core/2.11.0/log4j-core-2.11.0.jar:/home/user/.m2/repository/com/lmax/disruptor/3.4.2/disruptor-3.4.2.jar:/home/user/.m2/repository/org/apache/commons/commons-pool2/2.6.0/commons-pool2-2.6.0.jar:/home/user/.m2/repository/org/bouncycastle/bcpkix-jdk15on/1.60/bcpkix-jdk15on-1.60.jar:/home/user/.m2/repository/commons-validator/commons-validator/1.6/commons-validator-1.6.jar:/home/user/.m2/repository/commons-digester/commons-digester/1.8.1/commons-digester-1.8.1.jar:/home/user/.m2/repository/io/jaegertracing/jaeger-client/0.33.1/jaeger-client-0.33.1.jar:/home/user/.m2/repository/io/jaegertracing/jaeger-thrift/0.33.1/jaeger-thrift-0.33.1.jar:/home/user/.m2/repository/org/apache/thrift/libthrift/0.11.0/libthrift-0.11.0.jar:/home/user/.m2/repository/com/squareup/okhttp3/okhttp/3.9.0/okhttp-3.9.0.jar:/home/user/.m2/repository/com/squareup/okio/okio/1.13.0/okio-1.13.0.jar:/home/user/.m2/repository/io/jaegertracing/jaeger-core/0.33.1/jaeger-core-0.33.1.jar:/home/user/.m2/repository/io/jaegertracing/jaeger-tracerresolver/0.33.1/jaeger-tracerresolver-0.33.1.jar:/home/user/.m2/repository/io/opentracing/contrib/opentracing-tracerresolver/0.1.5/opentracing-tracerresolver-0.1.5.jar:/home/user/.m2/repository/io/opentracing/opentracing-util/0.31.0/opentracing-util-0.31.0.jar:/home/user/.m2/repository/io/opentracing/opentracing-api/0.31.0/opentracing-api-0.31.0.jar:/home/user/.m2/repository/io/opentracing/opentracing-noop/0.31.0/opentracing-noop-0.31.0.jar:/home/user/.m2/repository/org/apache/hadoop/hadoop-hdds-server-framework/0.5.0-SNAPSHOT/hadoop-hdds-server-framework-0.5.0-SNAPSHOT.jar:/home/user/.m2/repository/org/apache/hadoop/hadoop-hdds-server-scm/0.5.0-SNAPSHOT/hadoop-hdds-server-scm-0.5.0-SNAPSHOT.jar:/home/user/.m2/repository/org/apache/hadoop/hadoop-hdds-container-service/0.5.0-SNAPSHOT/hadoop-hdds-container-service-0.5.0-SNAPSHOT.jar:/home/user/.m2/repository/org/apache/hadoop/hadoop-hdds-client/0.5.0-SNAPSHOT/hadoop-hdds-client-0.5.0-SNAPSHOT.jar:/home/user/.m2/repository/org/apache/hadoop/hadoop-hdds-tools/0.5.0-SNAPSHOT/hadoop-hdds-tools-0.5.0-SNAPSHOT.jar:/home/user/.m2/repository/org/apache/hadoop/hadoop-ozone-ozone-manager/0.5.0-SNAPSHOT/hadoop-ozone-ozone-manager-0.5.0-SNAPSHOT.jar:/home/user/.m2/repository/org/apache/hadoop/hadoop-hdds-docs/0.5.0-SNAPSHOT/hadoop-hdds-docs-0.5.0-SNAPSHOT.jar:/home/user/.m2/repository/org/bouncycastle/bcprov-jdk15on/1.60/bcprov-jdk15on-1.60.jar:/home/user/.m2/repository/org/apache/hadoop/hadoop-minikdc/3.2.0/hadoop-minikdc-3.2.0.jar:/home/user/.m2/repository/commons-io/commons-io/2.5/commons-io-2.5.jar:/home/user/.m2/repository/org/apache/kerby/kerb-simplekdc/1.0.1/kerb-simplekdc-1.0.1.jar:/home/user/.m2/repository/org/apache/kerby/kerb-client/1.0.1/kerb-client-1.0.1.jar:/home/user/.m2/repository/org/apache/kerby/kerby-config/1.0.1/kerby-config-1.0.1.jar:/home/user/.m2/repository/org/apache/kerby/kerb-core/1.0.1/kerb-core-1.0.1.jar:/home/user/.m2/repository/org/apache/kerby/kerby-pkix/1.0.1/kerby-pkix-1.0.1.jar:/home/user/.m2/repository/org/apache/kerby/kerby-asn1/1.0.1/kerby-asn1-1.0.1.jar:/home/user/.m2/repository/org/apache/kerby/kerby-util/1.0.1/kerby-util-1.0.1.jar:/home/user/.m2/repository/org/apache/kerby/kerb-common/1.0.1/kerb-common-1.0.1.jar:/home/user/.m2/repository/org/apache/kerby/kerb-crypto/1.0.1/kerb-crypto-1.0.1.jar:/home/user/.m2/repository/org/apache/kerby/kerb-util/1.0.1/kerb-util-1.0.1.jar:/home/user/.m2/repository/org/apache/kerby/token-provider/1.0.1/token-provider-1.0.1.jar:/home/user/.m2/repository/org/apache/kerby/kerb-admin/1.0.1/kerb-admin-1.0.1.jar:/home/user/.m2/repository/org/apache/kerby/kerb-server/1.0.1/kerb-server-1.0.1.jar:/home/user/.m2/repository/org/apache/kerby/kerb-identity/1.0.1/kerb-identity-1.0.1.jar:/home/user/.m2/repository/org/apache/kerby/kerby-xdr/1.0.1/kerby-xdr-1.0.1.jar:/home/user/.m2/repository/org/slf4j/slf4j-log4j12/1.7.25/slf4j-log4j12-1.7.25.jar:/home/user/.m2/repository/org/apache/hadoop/hadoop-ozone-objectstore-service/0.5.0-SNAPSHOT/hadoop-ozone-objectstore-service-0.5.0-SNAPSHOT.jar:/home/user/.m2/repository/org/apache/hadoop/hadoop-ozone-s3gateway/0.5.0-SNAPSHOT/hadoop-ozone-s3gateway-0.5.0-SNAPSHOT.jar:/home/user/.m2/repository/org/jboss/weld/servlet/weld-servlet/2.4.7.Final/weld-servlet-2.4.7.Final.jar:/home/user/.m2/repository/org/glassfish/jersey/containers/jersey-container-servlet-core/2.27/jersey-container-servlet-core-2.27.jar:/home/user/.m2/repository/org/glassfish/hk2/external/javax.inject/2.5.0-b42/javax.inject-2.5.0-b42.jar:/home/user/.m2/repository/org/glassfish/jersey/core/jersey-common/2.27/jersey-common-2.27.jar:/home/user/.m2/repository/org/glassfish/hk2/osgi-resource-locator/1.0.1/osgi-resource-locator-1.0.1.jar:/home/user/.m2/repository/javax/ws/rs/javax.ws.rs-api/2.1/javax.ws.rs-api-2.1.jar:/home/user/.m2/repository/org/glassfish/jersey/ext/cdi/jersey-cdi1x/2.27/jersey-cdi1x-2.27.jar:/home/user/.m2/repository/org/glassfish/jersey/inject/jersey-hk2/2.27/jersey-hk2-2.27.jar:/home/user/.m2/repository/org/glassfish/hk2/hk2-locator/2.5.0-b42/hk2-locator-2.5.0-b42.jar:/home/user/.m2/repository/org/javassist/javassist/3.22.0-CR2/javassist-3.22.0-CR2.jar:/home/user/.m2/repository/org/glassfish/hk2/hk2-api/2.5.0/hk2-api-2.5.0.jar:/home/user/.m2/repository/org/glassfish/hk2/external/jakarta.inject/2.5.0/jakarta.inject-2.5.0.jar:/home/user/.m2/repository/org/glassfish/hk2/hk2-utils/2.5.0/hk2-utils-2.5.0.jar:/home/user/.m2/repository/jakarta/annotation/jakarta.annotation-api/1.3.4/jakarta.annotation-api-1.3.4.jar:/home/user/.m2/repository/org/glassfish/hk2/external/aopalliance-repackaged/2.5.0/aopalliance-repackaged-2.5.0.jar:/home/user/.m2/repository/com/fasterxml/jackson/dataformat/jackson-dataformat-xml/2.9.0/jackson-dataformat-xml-2.9.0.jar:/home/user/.m2/repository/com/fasterxml/jackson/core/jackson-core/2.9.5/jackson-core-2.9.5.jar:/home/user/.m2/repository/com/fasterxml/jackson/module/jackson-module-jaxb-annotations/2.9.5/jackson-module-jaxb-annotations-2.9.5.jar:/home/user/.m2/repository/javax/enterprise/cdi-api/1.2/cdi-api-1.2.jar:/home/user/.m2/repository/javax/el/javax.el-api/3.0.0/javax.el-api-3.0.0.jar:/home/user/.m2/repository/javax/interceptor/javax.interceptor-api/1.2/javax.interceptor-api-1.2.jar:/home/user/.m2/repository/javax/inject/javax.inject/1/javax.inject-1.jar:/home/user/.m2/repository/com/sun/xml/bind/jaxb-impl/2.3.0.1/jaxb-impl-2.3.0.1.jar:/home/user/.m2/repository/com/sun/xml/bind/jaxb-core/2.3.0.1/jaxb-core-2.3.0.1.jar:/home/user/.m2/repository/javax/xml/bind/jaxb-api/2.3.0/jaxb-api-2.3.0.jar:/home/user/.m2/repository/javax/activation/activation/1.1.1/activation-1.1.1.jar:/home/user/.m2/repository/org/apache/hadoop/hadoop-ozone-csi/0.5.0-SNAPSHOT/hadoop-ozone-csi-0.5.0-SNAPSHOT.jar:/home/user/.m2/repository/com/google/protobuf/protobuf-java-util/3.5.1/protobuf-java-util-3.5.1.jar:/home/user/.m2/repository/org/apache/hadoop/hadoop-hdds-config/0.5.0-SNAPSHOT/hadoop-hdds-config-0.5.0-SNAPSHOT.jar:/home/user/.m2/repository/com/google/guava/guava/11.0.2/guava-11.0.2.jar:/home/user/.m2/repository/com/google/protobuf/protobuf-java/2.5.0/protobuf-java-2.5.0.jar:/home/user/.m2/repository/io/grpc/grpc-netty/1.17.1/grpc-netty-1.17.1.jar:/home/user/.m2/repository/io/grpc/grpc-core/1.17.1/grpc-core-1.17.1.jar:/home/user/.m2/repository/io/grpc/grpc-context/1.17.1/grpc-context-1.17.1.jar:/home/user/.m2/repository/com/google/errorprone/error_prone_annotations/2.2.0/error_prone_annotations-2.2.0.jar:/home/user/.m2/repository/org/codehaus/mojo/animal-sniffer-annotations/1.17/animal-sniffer-annotations-1.17.jar:/home/user/.m2/repository/io/opencensus/opencensus-api/0.17.0/opencensus-api-0.17.0.jar:/home/user/.m2/repository/io/opencensus/opencensus-contrib-grpc-metrics/0.17.0/opencensus-contrib-grpc-metrics-0.17.0.jar:/home/user/.m2/repository/io/netty/netty-codec-http2/4.1.30.Final/netty-codec-http2-4.1.30.Final.jar:/home/user/.m2/repository/io/netty/netty-codec-http/4.1.30.Final/netty-codec-http-4.1.30.Final.jar:/home/user/.m2/repository/io/netty/netty-codec/4.1.30.Final/netty-codec-4.1.30.Final.jar:/home/user/.m2/repository/io/netty/netty-handler/4.1.30.Final/netty-handler-4.1.30.Final.jar:/home/user/.m2/repository/io/netty/netty-handler-proxy/4.1.30.Final/netty-handler-proxy-4.1.30.Final.jar:/home/user/.m2/repository/io/netty/netty-codec-socks/4.1.30.Final/netty-codec-socks-4.1.30.Final.jar:/home/user/.m2/repository/io/netty/netty-transport-native-epoll/4.1.30.Final/netty-transport-native-epoll-4.1.30.Final.jar:/home/user/.m2/repository/io/netty/netty-common/4.1.30.Final/netty-common-4.1.30.Final.jar:/home/user/.m2/repository/io/netty/netty-buffer/4.1.30.Final/netty-buffer-4.1.30.Final.jar:/home/user/.m2/repository/io/netty/netty-transport/4.1.30.Final/netty-transport-4.1.30.Final.jar:/home/user/.m2/repository/io/netty/netty-resolver/4.1.30.Final/netty-resolver-4.1.30.Final.jar:/home/user/.m2/repository/io/netty/netty-transport-native-unix-common/4.1.30.Final/netty-transport-native-unix-common-4.1.30.Final.jar:/home/user/.m2/repository/io/grpc/grpc-protobuf/1.17.1/grpc-protobuf-1.17.1.jar:/home/user/.m2/repository/com/google/api/grpc/proto-google-common-protos/1.0.0/proto-google-common-protos-1.0.0.jar:/home/user/.m2/repository/io/grpc/grpc-protobuf-lite/1.17.1/grpc-protobuf-lite-1.17.1.jar:/home/user/.m2/repository/io/grpc/grpc-stub/1.17.1/grpc-stub-1.17.1.jar:/home/user/.m2/repository/org/apache/hadoop/hadoop-ozone-recon/0.5.0-SNAPSHOT/hadoop-ozone-recon-0.5.0-SNAPSHOT.jar:/home/user/.m2/repository/org/apache/hadoop/hadoop-ozone-reconcodegen/0.5.0-SNAPSHOT/hadoop-ozone-reconcodegen-0.5.0-SNAPSHOT.jar:/home/user/.m2/repository/com/google/inject/extensions/guice-multibindings/4.0/guice-multibindings-4.0.jar:/home/user/.m2/repository/com/google/inject/guice/4.0/guice-4.0.jar:/home/user/.m2/repository/aopalliance/aopalliance/1.0/aopalliance-1.0.jar:/home/user/.m2/repository/com/google/inject/extensions/guice-servlet/4.0/guice-servlet-4.0.jar:/home/user/.m2/repository/org/glassfish/jersey/containers/jersey-container-servlet/2.27/jersey-container-servlet-2.27.jar:/home/user/.m2/repository/org/glassfish/hk2/guice-bridge/2.5.0/guice-bridge-2.5.0.jar:/home/user/.m2/repository/org/glassfish/jersey/core/jersey-server/2.27/jersey-server-2.27.jar:/home/user/.m2/repository/org/glassfish/jersey/core/jersey-client/2.27/jersey-client-2.27.jar:/home/user/.m2/repository/org/glassfish/jersey/media/jersey-media-jaxb/2.27/jersey-media-jaxb-2.27.jar:/home/user/.m2/repository/javax/validation/validation-api/1.1.0.Final/validation-api-1.1.0.Final.jar:/home/user/.m2/repository/org/glassfish/jersey/media/jersey-media-json-jackson/2.27/jersey-media-json-jackson-2.27.jar:/home/user/.m2/repository/org/glassfish/jersey/ext/jersey-entity-filtering/2.27/jersey-entity-filtering-2.27.jar:/home/user/.m2/repository/com/google/inject/extensions/guice-assistedinject/4.0/guice-assistedinject-4.0.jar:/home/user/.m2/repository/org/jooq/jooq/3.11.10/jooq-3.11.10.jar:/home/user/.m2/repository/org/jooq/jooq-meta/3.11.10/jooq-meta-3.11.10.jar:/home/user/.m2/repository/org/jooq/jooq-codegen/3.11.10/jooq-codegen-3.11.10.jar:/home/user/.m2/repository/com/jolbox/bonecp/0.8.0.RELEASE/bonecp-0.8.0.RELEASE.jar:/home/user/.m2/repository/org/xerial/sqlite-jdbc/3.25.2/sqlite-jdbc-3.25.2.jar:/home/user/.m2/repository/org/springframework/spring-jdbc/5.1.3.RELEASE/spring-jdbc-5.1.3.RELEASE.jar:/home/user/.m2/repository/org/springframework/spring-beans/5.1.3.RELEASE/spring-beans-5.1.3.RELEASE.jar:/home/user/.m2/repository/org/springframework/spring-core/5.1.3.RELEASE/spring-core-5.1.3.RELEASE.jar:/home/user/.m2/repository/org/springframework/spring-jcl/5.1.3.RELEASE/spring-jcl-5.1.3.RELEASE.jar:/home/user/.m2/repository/org/springframework/spring-tx/5.1.3.RELEASE/spring-tx-5.1.3.RELEASE.jar:/home/user/.m2/repository/org/apache/hadoop/hadoop-ozone-client/0.5.0-SNAPSHOT/hadoop-ozone-client-0.5.0-SNAPSHOT.jar:/home/user/.m2/repository/org/apache/hadoop/hadoop-ozone-ozone-manager/0.5.0-SNAPSHOT/hadoop-ozone-ozone-manager-0.5.0-SNAPSHOT-tests.jar:/home/user/.m2/repository/junit/junit/4.11/junit-4.11.jar:/home/user/.m2/repository/org/hamcrest/hamcrest-core/1.3/hamcrest-core-1.3.jar:/home/user/.m2/repository/org/openjdk/jmh/jmh-core/1.19/jmh-core-1.19.jar:/home/user/.m2/repository/net/sf/jopt-simple/jopt-simple/4.6/jopt-simple-4.6.jar:/home/user/.m2/repository/org/apache/commons/commons-math3/3.1.1/commons-math3-3.1.1.jar:/home/user/.m2/repository/org/openjdk/jmh/jmh-generator-annprocess/1.19/jmh-generator-annprocess-1.19.jar:/home/user/.m2/repository/org/mockito/mockito-all/1.8.5/mockito-all-1.8.5.jar:/home/user/.m2/repository/org/apache/hadoop/hadoop-kms/3.2.0/hadoop-kms-3.2.0.jar:/home/user/.m2/repository/org/apache/hadoop/hadoop-auth/3.2.0/hadoop-auth-3.2.0.jar:/home/user/.m2/repository/com/nimbusds/nimbus-jose-jwt/4.41.1/nimbus-jose-jwt-4.41.1.jar:/home/user/.m2/repository/com/github/stephenc/jcip/jcip-annotations/1.0-1/jcip-annotations-1.0-1.jar:/home/user/.m2/repository/net/minidev/json-smart/2.3/json-smart-2.3.jar:/home/user/.m2/repository/net/minidev/accessors-smart/1.2/accessors-smart-1.2.jar:/home/user/.m2/repository/org/ow2/asm/asm/5.0.4/asm-5.0.4.jar:/home/user/.m2/repository/org/apache/curator/curator-framework/2.12.0/curator-framework-2.12.0.jar:/home/user/.m2/repository/com/sun/jersey/jersey-core/1.19/jersey-core-1.19.jar:/home/user/.m2/repository/javax/ws/rs/jsr311-api/1.1.1/jsr311-api-1.1.1.jar:/home/user/.m2/repository/com/sun/jersey/jersey-server/1.19/jersey-server-1.19.jar:/home/user/.m2/repository/javax/servlet/javax.servlet-api/3.1.0/javax.servlet-api-3.1.0.jar:/home/user/.m2/repository/org/eclipse/jetty/jetty-server/9.3.24.v20180605/jetty-server-9.3.24.v20180605.jar:/home/user/.m2/repository/org/eclipse/jetty/jetty-http/9.3.24.v20180605/jetty-http-9.3.24.v20180605.jar:/home/user/.m2/repository/org/eclipse/jetty/jetty-io/9.3.24.v20180605/jetty-io-9.3.24.v20180605.jar:/home/user/.m2/repository/org/eclipse/jetty/jetty-webapp/9.3.24.v20180605/jetty-webapp-9.3.24.v20180605.jar:/home/user/.m2/repository/org/eclipse/jetty/jetty-xml/9.3.24.v20180605/jetty-xml-9.3.24.v20180605.jar:/home/user/.m2/repository/log4j/log4j/1.2.17/log4j-1.2.17.jar:/home/user/.m2/repository/org/slf4j/slf4j-api/1.7.25/slf4j-api-1.7.25.jar:/home/user/.m2/repository/org/slf4j/jul-to-slf4j/1.7.25/jul-to-slf4j-1.7.25.jar:/home/user/.m2/repository/org/eclipse/jetty/jetty-util/9.3.24.v20180605/jetty-util-9.3.24.v20180605.jar:/home/user/.m2/repository/io/dropwizard/metrics/metrics-core/3.2.4/metrics-core-3.2.4.jar:/home/user/.m2/repository/com/fasterxml/jackson/core/jackson-databind/2.9.5/jackson-databind-2.9.5.jar:/home/user/.m2/repository/org/apache/hadoop/hadoop-kms/3.2.0/hadoop-kms-3.2.0-tests.jar:/home/user/.m2/repository/org/apache/hadoop/hadoop-hdds-server-scm/0.5.0-SNAPSHOT/hadoop-hdds-server-scm-0.5.0-SNAPSHOT-tests.jar:/home/user/.m2/repository/org/hamcrest/hamcrest-all/1.3/hamcrest-all-1.3.jar:/home/user/.m2/repository/info/picocli/picocli/3.9.6/picocli-3.9.6.jar:/home/user/.m2/repository/org/apache/hadoop/hadoop-hdds-container-service/0.5.0-SNAPSHOT/hadoop-hdds-container-service-0.5.0-SNAPSHOT-tests.jar:/home/user/.m2/repository/org/yaml/snakeyaml/1.16/snakeyaml-1.16.jar:/home/user/.m2/repository/org/apache/hadoop/hadoop-common/3.2.0/hadoop-common-3.2.0-tests.jar:/home/user/.m2/repository/org/apache/hadoop/hadoop-annotations/3.2.0/hadoop-annotations-3.2.0.jar:/usr/lib/jvm/java-1.8-openjdk/jre/../lib/tools.jar:/home/user/.m2/repository/commons-cli/commons-cli/1.2/commons-cli-1.2.jar:/home/user/.m2/repository/org/apache/httpcomponents/httpclient/4.5.2/httpclient-4.5.2.jar:/home/user/.m2/repository/org/apache/httpcomponents/httpcore/4.4.4/httpcore-4.4.4.jar:/home/user/.m2/repository/commons-codec/commons-codec/1.11/commons-codec-1.11.jar:/home/user/.m2/repository/commons-net/commons-net/3.6/commons-net-3.6.jar:/home/user/.m2/repository/commons-collections/commons-collections/3.2.2/commons-collections-3.2.2.jar:/home/user/.m2/repository/org/eclipse/jetty/jetty-servlet/9.3.24.v20180605/jetty-servlet-9.3.24.v20180605.jar:/home/user/.m2/repository/org/eclipse/jetty/jetty-security/9.3.24.v20180605/jetty-security-9.3.24.v20180605.jar:/home/user/.m2/repository/javax/servlet/jsp/jsp-api/2.1/jsp-api-2.1.jar:/home/user/.m2/repository/com/sun/jersey/jersey-servlet/1.19/jersey-servlet-1.19.jar:/home/user/.m2/repository/com/sun/jersey/jersey-json/1.19/jersey-json-1.19.jar:/home/user/.m2/repository/org/codehaus/jettison/jettison/1.1/jettison-1.1.jar:/home/user/.m2/repository/org/codehaus/jackson/jackson-core-asl/1.9.13/jackson-core-asl-1.9.13.jar:/home/user/.m2/repository/org/codehaus/jackson/jackson-mapper-asl/1.9.13/jackson-mapper-asl-1.9.13.jar:/home/user/.m2/repository/org/codehaus/jackson/jackson-jaxrs/1.9.13/jackson-jaxrs-1.9.13.jar:/home/user/.m2/repository/org/codehaus/jackson/jackson-xc/1.9.13/jackson-xc-1.9.13.jar:/home/user/.m2/repository/commons-logging/commons-logging/1.1.3/commons-logging-1.1.3.jar:/home/user/.m2/repository/commons-beanutils/commons-beanutils/1.9.3/commons-beanutils-1.9.3.jar:/home/user/.m2/repository/org/apache/commons/commons-configuration2/2.1.1/commons-configuration2-2.1.1.jar:/home/user/.m2/repository/org/apache/commons/commons-lang3/3.7/commons-lang3-3.7.jar:/home/user/.m2/repository/org/apache/commons/commons-text/1.4/commons-text-1.4.jar:/home/user/.m2/repository/org/apache/avro/avro/1.7.7/avro-1.7.7.jar:/home/user/.m2/repository/com/thoughtworks/paranamer/paranamer/2.3/paranamer-2.3.jar:/home/user/.m2/repository/org/xerial/snappy/snappy-java/1.0.5/snappy-java-1.0.5.jar:/home/user/.m2/repository/com/google/re2j/re2j/1.1/re2j-1.1.jar:/home/user/.m2/repository/com/google/code/gson/gson/2.2.4/gson-2.2.4.jar:/home/user/.m2/repository/com/jcraft/jsch/0.1.54/jsch-0.1.54.jar:/home/user/.m2/repository/org/apache/curator/curator-client/2.12.0/curator-client-2.12.0.jar:/home/user/.m2/repository/org/apache/curator/curator-recipes/2.12.0/curator-recipes-2.12.0.jar:/home/user/.m2/repository/com/google/code/findbugs/jsr305/3.0.0/jsr305-3.0.0.jar:/home/user/.m2/repository/org/apache/htrace/htrace-core4/4.1.0-incubating/htrace-core4-4.1.0-incubating.jar:/home/user/.m2/repository/org/apache/zookeeper/zookeeper/3.4.13/zookeeper-3.4.13.jar:/home/user/.m2/repository/org/apache/yetus/audience-annotations/0.5.0/audience-annotations-0.5.0.jar:/home/user/.m2/repository/org/codehaus/woodstox/stax2-api/3.1.4/stax2-api-3.1.4.jar:/home/user/.m2/repository/com/fasterxml/woodstox/woodstox-core/5.0.3/woodstox-core-5.0.3.jar:/home/user/.m2/repository/dnsjava/dnsjava/2.1.7/dnsjava-2.1.7.jar:/home/user/.m2/repository/org/apache/hadoop/hadoop-hdfs/3.2.0/hadoop-hdfs-3.2.0-tests.jar:/home/user/.m2/repository/org/eclipse/jetty/jetty-util-ajax/9.3.24.v20180605/jetty-util-ajax-9.3.24.v20180605.jar:/home/user/.m2/repository/commons-daemon/commons-daemon/1.0.13/commons-daemon-1.0.13.jar:/home/user/.m2/repository/io/netty/netty/3.10.5.Final/netty-3.10.5.Final.jar:/home/user/.m2/repository/io/netty/netty-all/4.0.52.Final/netty-all-4.0.52.Final.jar:/home/user/.m2/repository/org/fusesource/leveldbjni/leveldbjni-all/1.8/leveldbjni-all-1.8.jar:"/>
    <property name="java.vm.vendor" value="IcedTea"/>
    <property name="sun.arch.data.model" value="64"/>
    <property name="test.build.dir" value="/opt/src/hadoop-ozone/integration-test/target/test-dir"/>
    <property name="test.cache.data" value=""/>
    <property name="java.vendor.url" value="https://icedtea.classpath.org"/>
    <property name="user.timezone" value=""/>
    <property name="java.vm.specification.version" value="1.8"/>
    <property name="os.name" value="Linux"/>
    <property name="test.build.data" value="/opt/src/hadoop-ozone/integration-test/target/test-dir"/>
    <property name="user.country" value="US"/>
    <property name="sun.java.launcher" value="SUN_STANDARD"/>
    <property name="sun.boot.library.path" value="/usr/lib/jvm/java-1.8-openjdk/jre/lib/amd64"/>
    <property name="sun.java.command" value="/opt/src/hadoop-ozone/integration-test/target/surefire/surefirebooter3446182597740495427.jar /opt/src/hadoop-ozone/integration-test/target/surefire 2019-06-15T09-13-21_513-jvmRun1 surefire5947856520342429971tmp surefire_87391819245365718350tmp"/>
    <property name="surefire.test.class.path" value="/opt/src/hadoop-ozone/integration-test/target/test-classes:/opt/src/hadoop-ozone/integration-test/target/classes:/home/user/.m2/repository/org/apache/hadoop/hadoop-ozone-common/0.5.0-SNAPSHOT/hadoop-ozone-common-0.5.0-SNAPSHOT.jar:/home/user/.m2/repository/org/apache/commons/commons-compress/1.4.1/commons-compress-1.4.1.jar:/home/user/.m2/repository/org/tukaani/xz/1.0/xz-1.0.jar:/home/user/.m2/repository/org/apache/hadoop/hadoop-common/3.2.0/hadoop-common-3.2.0.jar:/home/user/.m2/repository/org/apache/hadoop/hadoop-hdfs/3.2.0/hadoop-hdfs-3.2.0.jar:/home/user/.m2/repository/org/apache/hadoop/hadoop-hdfs-client/3.2.0/hadoop-hdfs-client-3.2.0.jar:/home/user/.m2/repository/com/fasterxml/jackson/core/jackson-annotations/2.9.5/jackson-annotations-2.9.5.jar:/home/user/.m2/repository/org/apache/hadoop/hadoop-hdds-common/0.5.0-SNAPSHOT/hadoop-hdds-common-0.5.0-SNAPSHOT.jar:/home/user/.m2/repository/javax/annotation/javax.annotation-api/1.2/javax.annotation-api-1.2.jar:/home/user/.m2/repository/org/apache/ratis/ratis-server/0.4.0-fe2b15d-SNAPSHOT/ratis-server-0.4.0-fe2b15d-SNAPSHOT.jar:/home/user/.m2/repository/org/apache/ratis/ratis-thirdparty-misc/0.2.0/ratis-thirdparty-misc-0.2.0.jar:/home/user/.m2/repository/org/apache/ratis/ratis-proto/0.4.0-fe2b15d-SNAPSHOT/ratis-proto-0.4.0-fe2b15d-SNAPSHOT.jar:/home/user/.m2/repository/org/apache/ratis/ratis-common/0.4.0-fe2b15d-SNAPSHOT/ratis-common-0.4.0-fe2b15d-SNAPSHOT.jar:/home/user/.m2/repository/org/apache/ratis/ratis-client/0.4.0-fe2b15d-SNAPSHOT/ratis-client-0.4.0-fe2b15d-SNAPSHOT.jar:/home/user/.m2/repository/org/apache/ratis/ratis-netty/0.4.0-fe2b15d-SNAPSHOT/ratis-netty-0.4.0-fe2b15d-SNAPSHOT.jar:/home/user/.m2/repository/org/apache/ratis/ratis-grpc/0.4.0-fe2b15d-SNAPSHOT/ratis-grpc-0.4.0-fe2b15d-SNAPSHOT.jar:/home/user/.m2/repository/org/rocksdb/rocksdbjni/5.14.2/rocksdbjni-5.14.2.jar:/home/user/.m2/repository/org/apache/logging/log4j/log4j-api/2.11.0/log4j-api-2.11.0.jar:/home/user/.m2/repository/org/apache/logging/log4j/log4j-core/2.11.0/log4j-core-2.11.0.jar:/home/user/.m2/repository/com/lmax/disruptor/3.4.2/disruptor-3.4.2.jar:/home/user/.m2/repository/org/apache/commons/commons-pool2/2.6.0/commons-pool2-2.6.0.jar:/home/user/.m2/repository/org/bouncycastle/bcpkix-jdk15on/1.60/bcpkix-jdk15on-1.60.jar:/home/user/.m2/repository/commons-validator/commons-validator/1.6/commons-validator-1.6.jar:/home/user/.m2/repository/commons-digester/commons-digester/1.8.1/commons-digester-1.8.1.jar:/home/user/.m2/repository/io/jaegertracing/jaeger-client/0.33.1/jaeger-client-0.33.1.jar:/home/user/.m2/repository/io/jaegertracing/jaeger-thrift/0.33.1/jaeger-thrift-0.33.1.jar:/home/user/.m2/repository/org/apache/thrift/libthrift/0.11.0/libthrift-0.11.0.jar:/home/user/.m2/repository/com/squareup/okhttp3/okhttp/3.9.0/okhttp-3.9.0.jar:/home/user/.m2/repository/com/squareup/okio/okio/1.13.0/okio-1.13.0.jar:/home/user/.m2/repository/io/jaegertracing/jaeger-core/0.33.1/jaeger-core-0.33.1.jar:/home/user/.m2/repository/io/jaegertracing/jaeger-tracerresolver/0.33.1/jaeger-tracerresolver-0.33.1.jar:/home/user/.m2/repository/io/opentracing/contrib/opentracing-tracerresolver/0.1.5/opentracing-tracerresolver-0.1.5.jar:/home/user/.m2/repository/io/opentracing/opentracing-util/0.31.0/opentracing-util-0.31.0.jar:/home/user/.m2/repository/io/opentracing/opentracing-api/0.31.0/opentracing-api-0.31.0.jar:/home/user/.m2/repository/io/opentracing/opentracing-noop/0.31.0/opentracing-noop-0.31.0.jar:/home/user/.m2/repository/org/apache/hadoop/hadoop-hdds-server-framework/0.5.0-SNAPSHOT/hadoop-hdds-server-framework-0.5.0-SNAPSHOT.jar:/home/user/.m2/repository/org/apache/hadoop/hadoop-hdds-server-scm/0.5.0-SNAPSHOT/hadoop-hdds-server-scm-0.5.0-SNAPSHOT.jar:/home/user/.m2/repository/org/apache/hadoop/hadoop-hdds-container-service/0.5.0-SNAPSHOT/hadoop-hdds-container-service-0.5.0-SNAPSHOT.jar:/home/user/.m2/repository/org/apache/hadoop/hadoop-hdds-client/0.5.0-SNAPSHOT/hadoop-hdds-client-0.5.0-SNAPSHOT.jar:/home/user/.m2/repository/org/apache/hadoop/hadoop-hdds-tools/0.5.0-SNAPSHOT/hadoop-hdds-tools-0.5.0-SNAPSHOT.jar:/home/user/.m2/repository/org/apache/hadoop/hadoop-ozone-ozone-manager/0.5.0-SNAPSHOT/hadoop-ozone-ozone-manager-0.5.0-SNAPSHOT.jar:/home/user/.m2/repository/org/apache/hadoop/hadoop-hdds-docs/0.5.0-SNAPSHOT/hadoop-hdds-docs-0.5.0-SNAPSHOT.jar:/home/user/.m2/repository/org/bouncycastle/bcprov-jdk15on/1.60/bcprov-jdk15on-1.60.jar:/home/user/.m2/repository/org/apache/hadoop/hadoop-minikdc/3.2.0/hadoop-minikdc-3.2.0.jar:/home/user/.m2/repository/commons-io/commons-io/2.5/commons-io-2.5.jar:/home/user/.m2/repository/org/apache/kerby/kerb-simplekdc/1.0.1/kerb-simplekdc-1.0.1.jar:/home/user/.m2/repository/org/apache/kerby/kerb-client/1.0.1/kerb-client-1.0.1.jar:/home/user/.m2/repository/org/apache/kerby/kerby-config/1.0.1/kerby-config-1.0.1.jar:/home/user/.m2/repository/org/apache/kerby/kerb-core/1.0.1/kerb-core-1.0.1.jar:/home/user/.m2/repository/org/apache/kerby/kerby-pkix/1.0.1/kerby-pkix-1.0.1.jar:/home/user/.m2/repository/org/apache/kerby/kerby-asn1/1.0.1/kerby-asn1-1.0.1.jar:/home/user/.m2/repository/org/apache/kerby/kerby-util/1.0.1/kerby-util-1.0.1.jar:/home/user/.m2/repository/org/apache/kerby/kerb-common/1.0.1/kerb-common-1.0.1.jar:/home/user/.m2/repository/org/apache/kerby/kerb-crypto/1.0.1/kerb-crypto-1.0.1.jar:/home/user/.m2/repository/org/apache/kerby/kerb-util/1.0.1/kerb-util-1.0.1.jar:/home/user/.m2/repository/org/apache/kerby/token-provider/1.0.1/token-provider-1.0.1.jar:/home/user/.m2/repository/org/apache/kerby/kerb-admin/1.0.1/kerb-admin-1.0.1.jar:/home/user/.m2/repository/org/apache/kerby/kerb-server/1.0.1/kerb-server-1.0.1.jar:/home/user/.m2/repository/org/apache/kerby/kerb-identity/1.0.1/kerb-identity-1.0.1.jar:/home/user/.m2/repository/org/apache/kerby/kerby-xdr/1.0.1/kerby-xdr-1.0.1.jar:/home/user/.m2/repository/org/slf4j/slf4j-log4j12/1.7.25/slf4j-log4j12-1.7.25.jar:/home/user/.m2/repository/org/apache/hadoop/hadoop-ozone-objectstore-service/0.5.0-SNAPSHOT/hadoop-ozone-objectstore-service-0.5.0-SNAPSHOT.jar:/home/user/.m2/repository/org/apache/hadoop/hadoop-ozone-s3gateway/0.5.0-SNAPSHOT/hadoop-ozone-s3gateway-0.5.0-SNAPSHOT.jar:/home/user/.m2/repository/org/jboss/weld/servlet/weld-servlet/2.4.7.Final/weld-servlet-2.4.7.Final.jar:/home/user/.m2/repository/org/glassfish/jersey/containers/jersey-container-servlet-core/2.27/jersey-container-servlet-core-2.27.jar:/home/user/.m2/repository/org/glassfish/hk2/external/javax.inject/2.5.0-b42/javax.inject-2.5.0-b42.jar:/home/user/.m2/repository/org/glassfish/jersey/core/jersey-common/2.27/jersey-common-2.27.jar:/home/user/.m2/repository/org/glassfish/hk2/osgi-resource-locator/1.0.1/osgi-resource-locator-1.0.1.jar:/home/user/.m2/repository/javax/ws/rs/javax.ws.rs-api/2.1/javax.ws.rs-api-2.1.jar:/home/user/.m2/repository/org/glassfish/jersey/ext/cdi/jersey-cdi1x/2.27/jersey-cdi1x-2.27.jar:/home/user/.m2/repository/org/glassfish/jersey/inject/jersey-hk2/2.27/jersey-hk2-2.27.jar:/home/user/.m2/repository/org/glassfish/hk2/hk2-locator/2.5.0-b42/hk2-locator-2.5.0-b42.jar:/home/user/.m2/repository/org/javassist/javassist/3.22.0-CR2/javassist-3.22.0-CR2.jar:/home/user/.m2/repository/org/glassfish/hk2/hk2-api/2.5.0/hk2-api-2.5.0.jar:/home/user/.m2/repository/org/glassfish/hk2/external/jakarta.inject/2.5.0/jakarta.inject-2.5.0.jar:/home/user/.m2/repository/org/glassfish/hk2/hk2-utils/2.5.0/hk2-utils-2.5.0.jar:/home/user/.m2/repository/jakarta/annotation/jakarta.annotation-api/1.3.4/jakarta.annotation-api-1.3.4.jar:/home/user/.m2/repository/org/glassfish/hk2/external/aopalliance-repackaged/2.5.0/aopalliance-repackaged-2.5.0.jar:/home/user/.m2/repository/com/fasterxml/jackson/dataformat/jackson-dataformat-xml/2.9.0/jackson-dataformat-xml-2.9.0.jar:/home/user/.m2/repository/com/fasterxml/jackson/core/jackson-core/2.9.5/jackson-core-2.9.5.jar:/home/user/.m2/repository/com/fasterxml/jackson/module/jackson-module-jaxb-annotations/2.9.5/jackson-module-jaxb-annotations-2.9.5.jar:/home/user/.m2/repository/javax/enterprise/cdi-api/1.2/cdi-api-1.2.jar:/home/user/.m2/repository/javax/el/javax.el-api/3.0.0/javax.el-api-3.0.0.jar:/home/user/.m2/repository/javax/interceptor/javax.interceptor-api/1.2/javax.interceptor-api-1.2.jar:/home/user/.m2/repository/javax/inject/javax.inject/1/javax.inject-1.jar:/home/user/.m2/repository/com/sun/xml/bind/jaxb-impl/2.3.0.1/jaxb-impl-2.3.0.1.jar:/home/user/.m2/repository/com/sun/xml/bind/jaxb-core/2.3.0.1/jaxb-core-2.3.0.1.jar:/home/user/.m2/repository/javax/xml/bind/jaxb-api/2.3.0/jaxb-api-2.3.0.jar:/home/user/.m2/repository/javax/activation/activation/1.1.1/activation-1.1.1.jar:/home/user/.m2/repository/org/apache/hadoop/hadoop-ozone-csi/0.5.0-SNAPSHOT/hadoop-ozone-csi-0.5.0-SNAPSHOT.jar:/home/user/.m2/repository/com/google/protobuf/protobuf-java-util/3.5.1/protobuf-java-util-3.5.1.jar:/home/user/.m2/repository/org/apache/hadoop/hadoop-hdds-config/0.5.0-SNAPSHOT/hadoop-hdds-config-0.5.0-SNAPSHOT.jar:/home/user/.m2/repository/com/google/guava/guava/11.0.2/guava-11.0.2.jar:/home/user/.m2/repository/com/google/protobuf/protobuf-java/2.5.0/protobuf-java-2.5.0.jar:/home/user/.m2/repository/io/grpc/grpc-netty/1.17.1/grpc-netty-1.17.1.jar:/home/user/.m2/repository/io/grpc/grpc-core/1.17.1/grpc-core-1.17.1.jar:/home/user/.m2/repository/io/grpc/grpc-context/1.17.1/grpc-context-1.17.1.jar:/home/user/.m2/repository/com/google/errorprone/error_prone_annotations/2.2.0/error_prone_annotations-2.2.0.jar:/home/user/.m2/repository/org/codehaus/mojo/animal-sniffer-annotations/1.17/animal-sniffer-annotations-1.17.jar:/home/user/.m2/repository/io/opencensus/opencensus-api/0.17.0/opencensus-api-0.17.0.jar:/home/user/.m2/repository/io/opencensus/opencensus-contrib-grpc-metrics/0.17.0/opencensus-contrib-grpc-metrics-0.17.0.jar:/home/user/.m2/repository/io/netty/netty-codec-http2/4.1.30.Final/netty-codec-http2-4.1.30.Final.jar:/home/user/.m2/repository/io/netty/netty-codec-http/4.1.30.Final/netty-codec-http-4.1.30.Final.jar:/home/user/.m2/repository/io/netty/netty-codec/4.1.30.Final/netty-codec-4.1.30.Final.jar:/home/user/.m2/repository/io/netty/netty-handler/4.1.30.Final/netty-handler-4.1.30.Final.jar:/home/user/.m2/repository/io/netty/netty-handler-proxy/4.1.30.Final/netty-handler-proxy-4.1.30.Final.jar:/home/user/.m2/repository/io/netty/netty-codec-socks/4.1.30.Final/netty-codec-socks-4.1.30.Final.jar:/home/user/.m2/repository/io/netty/netty-transport-native-epoll/4.1.30.Final/netty-transport-native-epoll-4.1.30.Final.jar:/home/user/.m2/repository/io/netty/netty-common/4.1.30.Final/netty-common-4.1.30.Final.jar:/home/user/.m2/repository/io/netty/netty-buffer/4.1.30.Final/netty-buffer-4.1.30.Final.jar:/home/user/.m2/repository/io/netty/netty-transport/4.1.30.Final/netty-transport-4.1.30.Final.jar:/home/user/.m2/repository/io/netty/netty-resolver/4.1.30.Final/netty-resolver-4.1.30.Final.jar:/home/user/.m2/repository/io/netty/netty-transport-native-unix-common/4.1.30.Final/netty-transport-native-unix-common-4.1.30.Final.jar:/home/user/.m2/repository/io/grpc/grpc-protobuf/1.17.1/grpc-protobuf-1.17.1.jar:/home/user/.m2/repository/com/google/api/grpc/proto-google-common-protos/1.0.0/proto-google-common-protos-1.0.0.jar:/home/user/.m2/repository/io/grpc/grpc-protobuf-lite/1.17.1/grpc-protobuf-lite-1.17.1.jar:/home/user/.m2/repository/io/grpc/grpc-stub/1.17.1/grpc-stub-1.17.1.jar:/home/user/.m2/repository/org/apache/hadoop/hadoop-ozone-recon/0.5.0-SNAPSHOT/hadoop-ozone-recon-0.5.0-SNAPSHOT.jar:/home/user/.m2/repository/org/apache/hadoop/hadoop-ozone-reconcodegen/0.5.0-SNAPSHOT/hadoop-ozone-reconcodegen-0.5.0-SNAPSHOT.jar:/home/user/.m2/repository/com/google/inject/extensions/guice-multibindings/4.0/guice-multibindings-4.0.jar:/home/user/.m2/repository/com/google/inject/guice/4.0/guice-4.0.jar:/home/user/.m2/repository/aopalliance/aopalliance/1.0/aopalliance-1.0.jar:/home/user/.m2/repository/com/google/inject/extensions/guice-servlet/4.0/guice-servlet-4.0.jar:/home/user/.m2/repository/org/glassfish/jersey/containers/jersey-container-servlet/2.27/jersey-container-servlet-2.27.jar:/home/user/.m2/repository/org/glassfish/hk2/guice-bridge/2.5.0/guice-bridge-2.5.0.jar:/home/user/.m2/repository/org/glassfish/jersey/core/jersey-server/2.27/jersey-server-2.27.jar:/home/user/.m2/repository/org/glassfish/jersey/core/jersey-client/2.27/jersey-client-2.27.jar:/home/user/.m2/repository/org/glassfish/jersey/media/jersey-media-jaxb/2.27/jersey-media-jaxb-2.27.jar:/home/user/.m2/repository/javax/validation/validation-api/1.1.0.Final/validation-api-1.1.0.Final.jar:/home/user/.m2/repository/org/glassfish/jersey/media/jersey-media-json-jackson/2.27/jersey-media-json-jackson-2.27.jar:/home/user/.m2/repository/org/glassfish/jersey/ext/jersey-entity-filtering/2.27/jersey-entity-filtering-2.27.jar:/home/user/.m2/repository/com/google/inject/extensions/guice-assistedinject/4.0/guice-assistedinject-4.0.jar:/home/user/.m2/repository/org/jooq/jooq/3.11.10/jooq-3.11.10.jar:/home/user/.m2/repository/org/jooq/jooq-meta/3.11.10/jooq-meta-3.11.10.jar:/home/user/.m2/repository/org/jooq/jooq-codegen/3.11.10/jooq-codegen-3.11.10.jar:/home/user/.m2/repository/com/jolbox/bonecp/0.8.0.RELEASE/bonecp-0.8.0.RELEASE.jar:/home/user/.m2/repository/org/xerial/sqlite-jdbc/3.25.2/sqlite-jdbc-3.25.2.jar:/home/user/.m2/repository/org/springframework/spring-jdbc/5.1.3.RELEASE/spring-jdbc-5.1.3.RELEASE.jar:/home/user/.m2/repository/org/springframework/spring-beans/5.1.3.RELEASE/spring-beans-5.1.3.RELEASE.jar:/home/user/.m2/repository/org/springframework/spring-core/5.1.3.RELEASE/spring-core-5.1.3.RELEASE.jar:/home/user/.m2/repository/org/springframework/spring-jcl/5.1.3.RELEASE/spring-jcl-5.1.3.RELEASE.jar:/home/user/.m2/repository/org/springframework/spring-tx/5.1.3.RELEASE/spring-tx-5.1.3.RELEASE.jar:/home/user/.m2/repository/org/apache/hadoop/hadoop-ozone-client/0.5.0-SNAPSHOT/hadoop-ozone-client-0.5.0-SNAPSHOT.jar:/home/user/.m2/repository/org/apache/hadoop/hadoop-ozone-ozone-manager/0.5.0-SNAPSHOT/hadoop-ozone-ozone-manager-0.5.0-SNAPSHOT-tests.jar:/home/user/.m2/repository/junit/junit/4.11/junit-4.11.jar:/home/user/.m2/repository/org/hamcrest/hamcrest-core/1.3/hamcrest-core-1.3.jar:/home/user/.m2/repository/org/openjdk/jmh/jmh-core/1.19/jmh-core-1.19.jar:/home/user/.m2/repository/net/sf/jopt-simple/jopt-simple/4.6/jopt-simple-4.6.jar:/home/user/.m2/repository/org/apache/commons/commons-math3/3.1.1/commons-math3-3.1.1.jar:/home/user/.m2/repository/org/openjdk/jmh/jmh-generator-annprocess/1.19/jmh-generator-annprocess-1.19.jar:/home/user/.m2/repository/org/mockito/mockito-all/1.8.5/mockito-all-1.8.5.jar:/home/user/.m2/repository/org/apache/hadoop/hadoop-kms/3.2.0/hadoop-kms-3.2.0.jar:/home/user/.m2/repository/org/apache/hadoop/hadoop-auth/3.2.0/hadoop-auth-3.2.0.jar:/home/user/.m2/repository/com/nimbusds/nimbus-jose-jwt/4.41.1/nimbus-jose-jwt-4.41.1.jar:/home/user/.m2/repository/com/github/stephenc/jcip/jcip-annotations/1.0-1/jcip-annotations-1.0-1.jar:/home/user/.m2/repository/net/minidev/json-smart/2.3/json-smart-2.3.jar:/home/user/.m2/repository/net/minidev/accessors-smart/1.2/accessors-smart-1.2.jar:/home/user/.m2/repository/org/ow2/asm/asm/5.0.4/asm-5.0.4.jar:/home/user/.m2/repository/org/apache/curator/curator-framework/2.12.0/curator-framework-2.12.0.jar:/home/user/.m2/repository/com/sun/jersey/jersey-core/1.19/jersey-core-1.19.jar:/home/user/.m2/repository/javax/ws/rs/jsr311-api/1.1.1/jsr311-api-1.1.1.jar:/home/user/.m2/repository/com/sun/jersey/jersey-server/1.19/jersey-server-1.19.jar:/home/user/.m2/repository/javax/servlet/javax.servlet-api/3.1.0/javax.servlet-api-3.1.0.jar:/home/user/.m2/repository/org/eclipse/jetty/jetty-server/9.3.24.v20180605/jetty-server-9.3.24.v20180605.jar:/home/user/.m2/repository/org/eclipse/jetty/jetty-http/9.3.24.v20180605/jetty-http-9.3.24.v20180605.jar:/home/user/.m2/repository/org/eclipse/jetty/jetty-io/9.3.24.v20180605/jetty-io-9.3.24.v20180605.jar:/home/user/.m2/repository/org/eclipse/jetty/jetty-webapp/9.3.24.v20180605/jetty-webapp-9.3.24.v20180605.jar:/home/user/.m2/repository/org/eclipse/jetty/jetty-xml/9.3.24.v20180605/jetty-xml-9.3.24.v20180605.jar:/home/user/.m2/repository/log4j/log4j/1.2.17/log4j-1.2.17.jar:/home/user/.m2/repository/org/slf4j/slf4j-api/1.7.25/slf4j-api-1.7.25.jar:/home/user/.m2/repository/org/slf4j/jul-to-slf4j/1.7.25/jul-to-slf4j-1.7.25.jar:/home/user/.m2/repository/org/eclipse/jetty/jetty-util/9.3.24.v20180605/jetty-util-9.3.24.v20180605.jar:/home/user/.m2/repository/io/dropwizard/metrics/metrics-core/3.2.4/metrics-core-3.2.4.jar:/home/user/.m2/repository/com/fasterxml/jackson/core/jackson-databind/2.9.5/jackson-databind-2.9.5.jar:/home/user/.m2/repository/org/apache/hadoop/hadoop-kms/3.2.0/hadoop-kms-3.2.0-tests.jar:/home/user/.m2/repository/org/apache/hadoop/hadoop-hdds-server-scm/0.5.0-SNAPSHOT/hadoop-hdds-server-scm-0.5.0-SNAPSHOT-tests.jar:/home/user/.m2/repository/org/hamcrest/hamcrest-all/1.3/hamcrest-all-1.3.jar:/home/user/.m2/repository/info/picocli/picocli/3.9.6/picocli-3.9.6.jar:/home/user/.m2/repository/org/apache/hadoop/hadoop-hdds-container-service/0.5.0-SNAPSHOT/hadoop-hdds-container-service-0.5.0-SNAPSHOT-tests.jar:/home/user/.m2/repository/org/yaml/snakeyaml/1.16/snakeyaml-1.16.jar:/home/user/.m2/repository/org/apache/hadoop/hadoop-common/3.2.0/hadoop-common-3.2.0-tests.jar:/home/user/.m2/repository/org/apache/hadoop/hadoop-annotations/3.2.0/hadoop-annotations-3.2.0.jar:/usr/lib/jvm/java-1.8-openjdk/jre/../lib/tools.jar:/home/user/.m2/repository/commons-cli/commons-cli/1.2/commons-cli-1.2.jar:/home/user/.m2/repository/org/apache/httpcomponents/httpclient/4.5.2/httpclient-4.5.2.jar:/home/user/.m2/repository/org/apache/httpcomponents/httpcore/4.4.4/httpcore-4.4.4.jar:/home/user/.m2/repository/commons-codec/commons-codec/1.11/commons-codec-1.11.jar:/home/user/.m2/repository/commons-net/commons-net/3.6/commons-net-3.6.jar:/home/user/.m2/repository/commons-collections/commons-collections/3.2.2/commons-collections-3.2.2.jar:/home/user/.m2/repository/org/eclipse/jetty/jetty-servlet/9.3.24.v20180605/jetty-servlet-9.3.24.v20180605.jar:/home/user/.m2/repository/org/eclipse/jetty/jetty-security/9.3.24.v20180605/jetty-security-9.3.24.v20180605.jar:/home/user/.m2/repository/javax/servlet/jsp/jsp-api/2.1/jsp-api-2.1.jar:/home/user/.m2/repository/com/sun/jersey/jersey-servlet/1.19/jersey-servlet-1.19.jar:/home/user/.m2/repository/com/sun/jersey/jersey-json/1.19/jersey-json-1.19.jar:/home/user/.m2/repository/org/codehaus/jettison/jettison/1.1/jettison-1.1.jar:/home/user/.m2/repository/org/codehaus/jackson/jackson-core-asl/1.9.13/jackson-core-asl-1.9.13.jar:/home/user/.m2/repository/org/codehaus/jackson/jackson-mapper-asl/1.9.13/jackson-mapper-asl-1.9.13.jar:/home/user/.m2/repository/org/codehaus/jackson/jackson-jaxrs/1.9.13/jackson-jaxrs-1.9.13.jar:/home/user/.m2/repository/org/codehaus/jackson/jackson-xc/1.9.13/jackson-xc-1.9.13.jar:/home/user/.m2/repository/commons-logging/commons-logging/1.1.3/commons-logging-1.1.3.jar:/home/user/.m2/repository/commons-beanutils/commons-beanutils/1.9.3/commons-beanutils-1.9.3.jar:/home/user/.m2/repository/org/apache/commons/commons-configuration2/2.1.1/commons-configuration2-2.1.1.jar:/home/user/.m2/repository/org/apache/commons/commons-lang3/3.7/commons-lang3-3.7.jar:/home/user/.m2/repository/org/apache/commons/commons-text/1.4/commons-text-1.4.jar:/home/user/.m2/repository/org/apache/avro/avro/1.7.7/avro-1.7.7.jar:/home/user/.m2/repository/com/thoughtworks/paranamer/paranamer/2.3/paranamer-2.3.jar:/home/user/.m2/repository/org/xerial/snappy/snappy-java/1.0.5/snappy-java-1.0.5.jar:/home/user/.m2/repository/com/google/re2j/re2j/1.1/re2j-1.1.jar:/home/user/.m2/repository/com/google/code/gson/gson/2.2.4/gson-2.2.4.jar:/home/user/.m2/repository/com/jcraft/jsch/0.1.54/jsch-0.1.54.jar:/home/user/.m2/repository/org/apache/curator/curator-client/2.12.0/curator-client-2.12.0.jar:/home/user/.m2/repository/org/apache/curator/curator-recipes/2.12.0/curator-recipes-2.12.0.jar:/home/user/.m2/repository/com/google/code/findbugs/jsr305/3.0.0/jsr305-3.0.0.jar:/home/user/.m2/repository/org/apache/htrace/htrace-core4/4.1.0-incubating/htrace-core4-4.1.0-incubating.jar:/home/user/.m2/repository/org/apache/zookeeper/zookeeper/3.4.13/zookeeper-3.4.13.jar:/home/user/.m2/repository/org/apache/yetus/audience-annotations/0.5.0/audience-annotations-0.5.0.jar:/home/user/.m2/repository/org/codehaus/woodstox/stax2-api/3.1.4/stax2-api-3.1.4.jar:/home/user/.m2/repository/com/fasterxml/woodstox/woodstox-core/5.0.3/woodstox-core-5.0.3.jar:/home/user/.m2/repository/dnsjava/dnsjava/2.1.7/dnsjava-2.1.7.jar:/home/user/.m2/repository/org/apache/hadoop/hadoop-hdfs/3.2.0/hadoop-hdfs-3.2.0-tests.jar:/home/user/.m2/repository/org/eclipse/jetty/jetty-util-ajax/9.3.24.v20180605/jetty-util-ajax-9.3.24.v20180605.jar:/home/user/.m2/repository/commons-daemon/commons-daemon/1.0.13/commons-daemon-1.0.13.jar:/home/user/.m2/repository/io/netty/netty/3.10.5.Final/netty-3.10.5.Final.jar:/home/user/.m2/repository/io/netty/netty-all/4.0.52.Final/netty-all-4.0.52.Final.jar:/home/user/.m2/repository/org/fusesource/leveldbjni/leveldbjni-all/1.8/leveldbjni-all-1.8.jar:"/>
    <property name="sun.cpu.endian" value="little"/>
    <property name="user.home" value="/home/user"/>
    <property name="user.language" value="en"/>
    <property name="java.specification.vendor" value="Oracle Corporation"/>
    <property name="java.home" value="/usr/lib/jvm/java-1.8-openjdk/jre"/>
    <property name="java.security.krb5.conf" value="/opt/src/hadoop-ozone/integration-test/target/test-classes/krb5.conf"/>
    <property name="basedir" value="/opt/src/hadoop-ozone/integration-test"/>
    <property name="file.separator" value="/"/>
    <property name="line.separator" value="&#10;"/>
    <property name="java.vm.specification.vendor" value="Oracle Corporation"/>
    <property name="java.specification.name" value="Java Platform API Specification"/>
    <property name="java.awt.graphicsenv" value="sun.awt.X11GraphicsEnvironment"/>
    <property name="surefire.real.class.path" value="/opt/src/hadoop-ozone/integration-test/target/surefire/surefirebooter3446182597740495427.jar"/>
    <property name="hadoop.log.dir" value="/opt/src/hadoop-ozone/integration-test/target/log"/>
    <property name="sun.boot.class.path" value="/usr/lib/jvm/java-1.8-openjdk/jre/lib/resources.jar:/usr/lib/jvm/java-1.8-openjdk/jre/lib/rt.jar:/usr/lib/jvm/java-1.8-openjdk/jre/lib/sunrsasign.jar:/usr/lib/jvm/java-1.8-openjdk/jre/lib/jsse.jar:/usr/lib/jvm/java-1.8-openjdk/jre/lib/jce.jar:/usr/lib/jvm/java-1.8-openjdk/jre/lib/charsets.jar:/usr/lib/jvm/java-1.8-openjdk/jre/lib/jfr.jar:/usr/lib/jvm/java-1.8-openjdk/jre/classes"/>
    <property name="sun.management.compiler" value="HotSpot 64-Bit Tiered Compilers"/>
    <property name="java.runtime.version" value="1.8.0_212-b04"/>
    <property name="java.net.preferIPv4Stack" value="true"/>
    <property name="user.name" value="jenkins1000"/>
    <property name="path.separator" value=":"/>
    <property name="java.security.egd" value="file:///dev/urandom"/>
    <property name="os.version" value="4.15.0-1021-aws"/>
    <property name="java.endorsed.dirs" value="/usr/lib/jvm/java-1.8-openjdk/jre/lib/endorsed"/>
    <property name="java.runtime.name" value="OpenJDK Runtime Environment"/>
    <property name="file.encoding" value="UTF-8"/>
    <property name="java.vm.name" value="OpenJDK 64-Bit Server VM"/>
    <property name="test.build.webapps" value=""/>
    <property name="localRepository" value="/home/user/.m2/repository"/>
    <property name="java.vendor.url.bug" value="https://icedtea.classpath.org/bugzilla"/>
    <property name="java.io.tmpdir" value="/tmp"/>
    <property name="require.test.libhadoop" value=""/>
    <property name="java.version" value="1.8.0_212"/>
    <property name="user.dir" value="/opt/src/hadoop-ozone/integration-test"/>
    <property name="os.arch" value="amd64"/>
    <property name="java.vm.specification.name" value="Java Virtual Machine Specification"/>
    <property name="test.build.classes" value="/opt/src/hadoop-ozone/integration-test/target/test-classes"/>
    <property name="java.awt.printerjob" value="sun.print.PSPrinterJob"/>
    <property name="sun.os.patch.level" value="unknown"/>
    <property name="hadoop.tmp.dir" value="/opt/src/hadoop-ozone/integration-test/target/tmp"/>
    <property name="java.library.path" value="/usr/lib/jvm/java-1.8-openjdk/jre/lib/amd64/server:/usr/lib/jvm/java-1.8-openjdk/jre/lib/amd64:/usr/lib/jvm/java-1.8-openjdk/jre/../lib/amd64:/opt/src/hadoop-ozone/integration-test/target/native/target/usr/local/lib:/opt/src/hadoop-ozone/integration-test/../../hadoop-common-project/hadoop-common/target/native/target/usr/local/lib:/usr/java/packages/lib/amd64:/usr/lib64:/lib64:/lib:/usr/lib"/>
    <property name="java.vm.info" value="mixed mode"/>
    <property name="java.vendor" value="IcedTea"/>
    <property name="java.vm.version" value="25.212-b04"/>
    <property name="java.ext.dirs" value="/usr/lib/jvm/java-1.8-openjdk/jre/lib/ext:/usr/java/packages/lib/ext"/>
    <property name="sun.io.unicode.encoding" value="UnicodeLittle"/>
    <property name="java.class.version" value="52.0"/>
  </properties>
  <testcase name="testPipelineFail" classname="org.apache.hadoop.hdds.scm.pipeline.TestNodeFailure" time="0">
    <skipped/>
    <system-out><![CDATA[2019-06-15 09:17:12,572 WARN  server.ServerUtils (ServerUtils.java:getScmDbDir(145)) - ozone.scm.db.dirs is not configured. We recommend adding this setting. Falling back to ozone.metadata.dirs instead.
2019-06-15 09:17:12,652 WARN  server.ServerUtils (ServerUtils.java:getScmDbDir(145)) - ozone.scm.db.dirs is not configured. We recommend adding this setting. Falling back to ozone.metadata.dirs instead.
2019-06-15 09:17:12,655 WARN  server.ServerUtils (ServerUtils.java:getScmDbDir(145)) - ozone.scm.db.dirs is not configured. We recommend adding this setting. Falling back to ozone.metadata.dirs instead.
2019-06-15 09:17:12,674 INFO  util.log (Log.java:initialized(192)) - Logging initialized @684ms
2019-06-15 09:17:12,755 INFO  db.DBStoreBuilder (DBStoreBuilder.java:addTable(110)) - using custom profile for table: deletedBlocks
2019-06-15 09:17:12,755 INFO  db.DBStoreBuilder (DBStoreBuilder.java:processTables(161)) - Using default column profile:DBProfile.DISK for Table:deletedBlocks
2019-06-15 09:17:12,755 INFO  db.DBStoreBuilder (DBStoreBuilder.java:addTable(110)) - using custom profile for table: validCerts
2019-06-15 09:17:12,755 INFO  db.DBStoreBuilder (DBStoreBuilder.java:processTables(161)) - Using default column profile:DBProfile.DISK for Table:validCerts
2019-06-15 09:17:12,756 INFO  db.DBStoreBuilder (DBStoreBuilder.java:addTable(110)) - using custom profile for table: revokedCerts
2019-06-15 09:17:12,756 INFO  db.DBStoreBuilder (DBStoreBuilder.java:processTables(161)) - Using default column profile:DBProfile.DISK for Table:revokedCerts
2019-06-15 09:17:12,765 INFO  db.DBStoreBuilder (DBStoreBuilder.java:addTable(110)) - using custom profile for table: default
2019-06-15 09:17:12,765 INFO  db.DBStoreBuilder (DBStoreBuilder.java:processTables(167)) - Using default column profile:DBProfile.DISK for Table:default
2019-06-15 09:17:12,766 INFO  db.DBStoreBuilder (DBStoreBuilder.java:getDbProfile(198)) - Using default options. DBProfile.DISK
2019-06-15 09:17:12,819 INFO  net.NodeSchemaLoader (NodeSchemaLoader.java:loadSchemaFromFile(125)) - Loading file from sun.misc.CompoundEnumeration@27ce24aa
2019-06-15 09:17:12,820 INFO  net.NodeSchemaLoader (NodeSchemaLoader.java:loadSchema(171)) - Loading network topology layer schema file
2019-06-15 09:17:12,875 INFO  node.SCMNodeManager (SCMNodeManager.java:<init>(119)) - Entering startup safe mode.
2019-06-15 09:17:12,940 WARN  server.ServerUtils (ServerUtils.java:getScmDbDir(145)) - ozone.scm.db.dirs is not configured. We recommend adding this setting. Falling back to ozone.metadata.dirs instead.
2019-06-15 09:17:12,958 INFO  pipeline.SCMPipelineManager (SCMPipelineManager.java:initializePipelineState(126)) - No pipeline exists in current db
2019-06-15 09:17:12,960 WARN  server.ServerUtils (ServerUtils.java:getScmDbDir(145)) - ozone.scm.db.dirs is not configured. We recommend adding this setting. Falling back to ozone.metadata.dirs instead.
2019-06-15 09:17:13,018 WARN  events.EventQueue (EventQueue.java:fireEvent(175)) - No event handler registered for event TypedEvent{payloadType=SafeModeStatus, name='SafeModeStatus'}
2019-06-15 09:17:13,323 INFO  ipc.CallQueueManager (CallQueueManager.java:<init>(84)) - Using callQueue: class java.util.concurrent.LinkedBlockingQueue, queueCapacity: 2000, scheduler: class org.apache.hadoop.ipc.DefaultRpcScheduler, ipcBackoff: false.
2019-06-15 09:17:13,347 INFO  ipc.Server (Server.java:run(1074)) - Starting Socket Reader #1 for port 33427
2019-06-15 09:17:13,369 INFO  ipc.CallQueueManager (CallQueueManager.java:<init>(84)) - Using callQueue: class java.util.concurrent.LinkedBlockingQueue, queueCapacity: 2000, scheduler: class org.apache.hadoop.ipc.DefaultRpcScheduler, ipcBackoff: false.
2019-06-15 09:17:13,369 INFO  ipc.Server (Server.java:run(1074)) - Starting Socket Reader #1 for port 36019
2019-06-15 09:17:13,401 INFO  ipc.CallQueueManager (CallQueueManager.java:<init>(84)) - Using callQueue: class java.util.concurrent.LinkedBlockingQueue, queueCapacity: 2000, scheduler: class org.apache.hadoop.ipc.DefaultRpcScheduler, ipcBackoff: false.
2019-06-15 09:17:13,401 INFO  ipc.Server (Server.java:run(1074)) - Starting Socket Reader #1 for port 46599
2019-06-15 09:17:13,416 INFO  hdfs.DFSUtil (DFSUtil.java:httpServerTemplateForNNAndJN(1641)) - Starting Web-server for scm at: http://0.0.0.0:0
2019-06-15 09:17:13,548 INFO  server.AuthenticationFilter (AuthenticationFilter.java:constructSecretProvider(240)) - Unable to initialize FileSignerSecretProvider, falling back to use random secrets.
2019-06-15 09:17:13,553 WARN  http.HttpRequestLog (HttpRequestLog.java:getRequestLog(97)) - Jetty request log can only be enabled using Log4j
2019-06-15 09:17:13,560 INFO  http.HttpServer2 (HttpServer2.java:addGlobalFilter(975)) - Added global filter 'safety' (class=org.apache.hadoop.http.HttpServer2$QuotingInputFilter)
2019-06-15 09:17:13,561 INFO  http.HttpServer2 (HttpServer2.java:addFilter(948)) - Added filter static_user_filter (class=org.apache.hadoop.http.lib.StaticUserWebFilter$StaticUserFilter) to context scm
2019-06-15 09:17:13,562 INFO  http.HttpServer2 (HttpServer2.java:addFilter(958)) - Added filter static_user_filter (class=org.apache.hadoop.http.lib.StaticUserWebFilter$StaticUserFilter) to context logs
2019-06-15 09:17:13,562 INFO  http.HttpServer2 (HttpServer2.java:addFilter(958)) - Added filter static_user_filter (class=org.apache.hadoop.http.lib.StaticUserWebFilter$StaticUserFilter) to context static
2019-06-15 09:17:13,581 INFO  server.StorageContainerManager (StorageContainerManager.java:start(753)) - StorageContainerLocationProtocol RPC server is listening at /0.0.0.0:46599
2019-06-15 09:17:13,623 WARN  impl.MetricsConfig (MetricsConfig.java:loadFirst(134)) - Cannot locate configuration: tried hadoop-metrics2-storagecontainermanager.properties,hadoop-metrics2.properties
2019-06-15 09:17:13,632 INFO  impl.MetricsSystemImpl (MetricsSystemImpl.java:startTimer(374)) - Scheduled Metric snapshot period at 10 second(s).
2019-06-15 09:17:13,632 INFO  impl.MetricsSystemImpl (MetricsSystemImpl.java:start(191)) - StorageContainerManager metrics system started
2019-06-15 09:17:13,788 INFO  server.SCMClientProtocolServer (SCMClientProtocolServer.java:start(149)) - RPC server for Client  is listening at /0.0.0.0:46599
2019-06-15 09:17:13,789 INFO  ipc.Server (Server.java:run(1314)) - IPC Server Responder: starting
2019-06-15 09:17:13,789 INFO  ipc.Server (Server.java:run(1153)) - IPC Server listener on 46599: starting
2019-06-15 09:17:13,792 INFO  server.StorageContainerManager (StorageContainerManager.java:start(762)) - ScmBlockLocationProtocol RPC server is listening at /0.0.0.0:36019
2019-06-15 09:17:13,792 INFO  server.SCMBlockProtocolServer (SCMBlockProtocolServer.java:start(137)) - RPC server for Block Protocol is listening at /0.0.0.0:36019
2019-06-15 09:17:13,792 INFO  ipc.Server (Server.java:run(1314)) - IPC Server Responder: starting
2019-06-15 09:17:13,793 INFO  ipc.Server (Server.java:run(1153)) - IPC Server listener on 36019: starting
2019-06-15 09:17:13,794 INFO  server.StorageContainerManager (StorageContainerManager.java:start(766)) - ScmDatanodeProtocl RPC server is listening at /0.0.0.0:33427
2019-06-15 09:17:13,795 INFO  server.SCMDatanodeProtocolServer (SCMDatanodeProtocolServer.java:start(191)) - RPC server for DataNodes is listening at /0.0.0.0:33427
2019-06-15 09:17:13,795 INFO  ipc.Server (Server.java:run(1314)) - IPC Server Responder: starting
2019-06-15 09:17:13,795 INFO  ipc.Server (Server.java:run(1153)) - IPC Server listener on 33427: starting
2019-06-15 09:17:13,798 INFO  http.HttpServer2 (HttpServer2.java:bindListener(1191)) - Jetty bound to port 43523
2019-06-15 09:17:13,799 INFO  server.Server (Server.java:doStart(351)) - jetty-9.3.24.v20180605, build timestamp: 2018-06-05T17:11:56Z, git hash: 84205aa28f11a4f31f2a3b86d1bba2cc8ab69827
2019-06-15 09:17:13,833 INFO  handler.ContextHandler (ContextHandler.java:doStart(781)) - Started o.e.j.s.ServletContextHandler@16c63f5{/logs,file:///opt/src/hadoop-ozone/integration-test/target/log,AVAILABLE}
2019-06-15 09:17:13,833 INFO  handler.ContextHandler (ContextHandler.java:doStart(781)) - Started o.e.j.s.ServletContextHandler@6d3c5255{/static,file:///opt/src/hadoop-ozone/integration-test/target/test-classes/webapps/static,AVAILABLE}
2019-06-15 09:17:13,856 INFO  handler.ContextHandler (ContextHandler.java:doStart(781)) - Started o.e.j.w.WebAppContext@2b62442c{/,file:///opt/src/hadoop-ozone/integration-test/target/test-classes/webapps/scm/,AVAILABLE}{/scm}
2019-06-15 09:17:13,860 INFO  server.AbstractConnector (AbstractConnector.java:doStart(278)) - Started ServerConnector@6e521c1e{HTTP/1.1,[http/1.1]}{0.0.0.0:43523}
2019-06-15 09:17:13,860 INFO  server.Server (Server.java:doStart(419)) - Started @1870ms
2019-06-15 09:17:13,861 INFO  server.BaseHttpServer (BaseHttpServer.java:updateConnectorAddress(207)) - HTTP server of SCM is listening at http://0.0.0.0:43523
2019-06-15 09:17:13,866 INFO  util.JvmPauseMonitor (JvmPauseMonitor.java:run(188)) - Starting JVM pause monitor
2019-06-15 09:17:13,868 WARN  scm.ScmUtils (ScmUtils.java:getDBPath(63)) - ozone.om.db.dirs is not configured. We recommend adding this setting. Falling back to ozone.metadata.dirs instead.
2019-06-15 09:17:13,944 WARN  scm.ScmUtils (ScmUtils.java:getDBPath(63)) - ozone.om.db.dirs is not configured. We recommend adding this setting. Falling back to ozone.metadata.dirs instead.
2019-06-15 09:17:13,945 INFO  om.OzoneManager (OzoneManager.java:setOMNodeDetails(532)) - OM Service ID is not set. Setting it to the default ID: omServiceIdDefault
2019-06-15 09:17:13,945 INFO  om.OzoneManager (OzoneManager.java:setOMNodeDetails(538)) - OM Node ID is not set. Setting it to the OmStorage's OmID: ebd487d7-13b0-406c-b4dd-3b7ef303e5d4
2019-06-15 09:17:13,947 WARN  scm.HddsServerUtil (HddsServerUtil.java:getDefaultRatisDirectory(354)) - Storage directory for Ratis is not configured. It is a good idea to map this to an SSD disk. Falling back to ozone.metadata.dirs
2019-06-15 09:17:13,947 WARN  scm.HddsServerUtil (HddsServerUtil.java:getDefaultRatisDirectory(354)) - Storage directory for Ratis is not configured. It is a good idea to map this to an SSD disk. Falling back to ozone.metadata.dirs
2019-06-15 09:17:13,947 INFO  om.OzoneManager (OzoneManager.java:loadOMHAConfigs(489)) - Found matching OM address with OMServiceId: null, OMNodeId: null, RPC Address: localhost:0 and Ratis port: 9872
2019-06-15 09:17:14,102 WARN  scm.ScmUtils (ScmUtils.java:getDBPath(63)) - ozone.om.db.dirs is not configured. We recommend adding this setting. Falling back to ozone.metadata.dirs instead.
2019-06-15 09:17:14,107 INFO  db.DBStoreBuilder (DBStoreBuilder.java:addTable(110)) - using custom profile for table: userTable
2019-06-15 09:17:14,108 INFO  db.DBStoreBuilder (DBStoreBuilder.java:processTables(161)) - Using default column profile:DBProfile.DISK for Table:userTable
2019-06-15 09:17:14,108 INFO  db.DBStoreBuilder (DBStoreBuilder.java:addTable(110)) - using custom profile for table: volumeTable
2019-06-15 09:17:14,108 INFO  db.DBStoreBuilder (DBStoreBuilder.java:processTables(161)) - Using default column profile:DBProfile.DISK for Table:volumeTable
2019-06-15 09:17:14,108 INFO  db.DBStoreBuilder (DBStoreBuilder.java:addTable(110)) - using custom profile for table: bucketTable
2019-06-15 09:17:14,108 INFO  db.DBStoreBuilder (DBStoreBuilder.java:processTables(161)) - Using default column profile:DBProfile.DISK for Table:bucketTable
2019-06-15 09:17:14,108 INFO  db.DBStoreBuilder (DBStoreBuilder.java:addTable(110)) - using custom profile for table: keyTable
2019-06-15 09:17:14,109 INFO  db.DBStoreBuilder (DBStoreBuilder.java:processTables(161)) - Using default column profile:DBProfile.DISK for Table:keyTable
2019-06-15 09:17:14,109 INFO  db.DBStoreBuilder (DBStoreBuilder.java:addTable(110)) - using custom profile for table: deletedTable
2019-06-15 09:17:14,109 INFO  db.DBStoreBuilder (DBStoreBuilder.java:processTables(161)) - Using default column profile:DBProfile.DISK for Table:deletedTable
2019-06-15 09:17:14,109 INFO  db.DBStoreBuilder (DBStoreBuilder.java:addTable(110)) - using custom profile for table: openKeyTable
2019-06-15 09:17:14,109 INFO  db.DBStoreBuilder (DBStoreBuilder.java:processTables(161)) - Using default column profile:DBProfile.DISK for Table:openKeyTable
2019-06-15 09:17:14,109 INFO  db.DBStoreBuilder (DBStoreBuilder.java:addTable(110)) - using custom profile for table: s3Table
2019-06-15 09:17:14,110 INFO  db.DBStoreBuilder (DBStoreBuilder.java:processTables(161)) - Using default column profile:DBProfile.DISK for Table:s3Table
2019-06-15 09:17:14,110 INFO  db.DBStoreBuilder (DBStoreBuilder.java:addTable(110)) - using custom profile for table: multipartInfoTable
2019-06-15 09:17:14,110 INFO  db.DBStoreBuilder (DBStoreBuilder.java:processTables(161)) - Using default column profile:DBProfile.DISK for Table:multipartInfoTable
2019-06-15 09:17:14,110 INFO  db.DBStoreBuilder (DBStoreBuilder.java:addTable(110)) - using custom profile for table: dTokenTable
2019-06-15 09:17:14,110 INFO  db.DBStoreBuilder (DBStoreBuilder.java:processTables(161)) - Using default column profile:DBProfile.DISK for Table:dTokenTable
2019-06-15 09:17:14,110 INFO  db.DBStoreBuilder (DBStoreBuilder.java:addTable(110)) - using custom profile for table: s3SecretTable
2019-06-15 09:17:14,111 INFO  db.DBStoreBuilder (DBStoreBuilder.java:processTables(161)) - Using default column profile:DBProfile.DISK for Table:s3SecretTable
2019-06-15 09:17:14,111 INFO  db.DBStoreBuilder (DBStoreBuilder.java:addTable(110)) - using custom profile for table: prefixTable
2019-06-15 09:17:14,111 INFO  db.DBStoreBuilder (DBStoreBuilder.java:processTables(161)) - Using default column profile:DBProfile.DISK for Table:prefixTable
2019-06-15 09:17:14,111 INFO  db.DBStoreBuilder (DBStoreBuilder.java:addTable(110)) - using custom profile for table: default
2019-06-15 09:17:14,111 INFO  db.DBStoreBuilder (DBStoreBuilder.java:processTables(167)) - Using default column profile:DBProfile.DISK for Table:default
2019-06-15 09:17:14,111 INFO  db.DBStoreBuilder (DBStoreBuilder.java:getDbProfile(198)) - Using default options. DBProfile.DISK
2019-06-15 09:17:14,579 INFO  ipc.CallQueueManager (CallQueueManager.java:<init>(84)) - Using callQueue: class java.util.concurrent.LinkedBlockingQueue, queueCapacity: 2000, scheduler: class org.apache.hadoop.ipc.DefaultRpcScheduler, ipcBackoff: false.
2019-06-15 09:17:14,580 INFO  ipc.Server (Server.java:run(1074)) - Starting Socket Reader #1 for port 38619
2019-06-15 09:17:14,609 WARN  scm.ScmUtils (ScmUtils.java:getDBPath(63)) - ozone.om.db.dirs is not configured. We recommend adding this setting. Falling back to ozone.metadata.dirs instead.
2019-06-15 09:17:14,609 INFO  om.OzoneManager (OzoneManager.java:start(1230)) - OzoneManager RPC server is listening at localhost/127.0.0.1:38619
2019-06-15 09:17:14,610 INFO  impl.MetricsSystemImpl (MetricsSystemImpl.java:init(158)) - OzoneManager metrics system started (again)
2019-06-15 09:17:14,610 INFO  ipc.Server (Server.java:run(1314)) - IPC Server Responder: starting
2019-06-15 09:17:14,611 INFO  ipc.Server (Server.java:run(1153)) - IPC Server listener on 38619: starting
2019-06-15 09:17:14,623 INFO  hdfs.DFSUtil (DFSUtil.java:httpServerTemplateForNNAndJN(1641)) - Starting Web-server for ozoneManager at: http://0.0.0.0:0
2019-06-15 09:17:14,624 INFO  server.AuthenticationFilter (AuthenticationFilter.java:constructSecretProvider(240)) - Unable to initialize FileSignerSecretProvider, falling back to use random secrets.
2019-06-15 09:17:14,624 WARN  http.HttpRequestLog (HttpRequestLog.java:getRequestLog(97)) - Jetty request log can only be enabled using Log4j
2019-06-15 09:17:14,626 INFO  http.HttpServer2 (HttpServer2.java:addGlobalFilter(975)) - Added global filter 'safety' (class=org.apache.hadoop.http.HttpServer2$QuotingInputFilter)
2019-06-15 09:17:14,626 INFO  http.HttpServer2 (HttpServer2.java:addFilter(948)) - Added filter static_user_filter (class=org.apache.hadoop.http.lib.StaticUserWebFilter$StaticUserFilter) to context ozoneManager
2019-06-15 09:17:14,627 INFO  http.HttpServer2 (HttpServer2.java:addFilter(958)) - Added filter static_user_filter (class=org.apache.hadoop.http.lib.StaticUserWebFilter$StaticUserFilter) to context logs
2019-06-15 09:17:14,627 INFO  http.HttpServer2 (HttpServer2.java:addFilter(958)) - Added filter static_user_filter (class=org.apache.hadoop.http.lib.StaticUserWebFilter$StaticUserFilter) to context static
2019-06-15 09:17:14,628 INFO  http.HttpServer2 (HttpServer2.java:bindListener(1191)) - Jetty bound to port 42375
2019-06-15 09:17:14,628 INFO  server.Server (Server.java:doStart(351)) - jetty-9.3.24.v20180605, build timestamp: 2018-06-05T17:11:56Z, git hash: 84205aa28f11a4f31f2a3b86d1bba2cc8ab69827
2019-06-15 09:17:14,630 INFO  handler.ContextHandler (ContextHandler.java:doStart(781)) - Started o.e.j.s.ServletContextHandler@3d7fa3ae{/logs,file:///opt/src/hadoop-ozone/integration-test/target/log,AVAILABLE}
2019-06-15 09:17:14,630 INFO  handler.ContextHandler (ContextHandler.java:doStart(781)) - Started o.e.j.s.ServletContextHandler@3605c4d3{/static,file:///opt/src/hadoop-ozone/integration-test/target/test-classes/webapps/static,AVAILABLE}
2019-06-15 09:17:14,634 INFO  handler.ContextHandler (ContextHandler.java:doStart(781)) - Started o.e.j.w.WebAppContext@7b60c3e{/,file:///opt/src/hadoop-ozone/integration-test/target/test-classes/webapps/ozoneManager/,AVAILABLE}{/ozoneManager}
2019-06-15 09:17:14,634 INFO  server.AbstractConnector (AbstractConnector.java:doStart(278)) - Started ServerConnector@3fbfa96{HTTP/1.1,[http/1.1]}{0.0.0.0:42375}
2019-06-15 09:17:14,634 INFO  server.Server (Server.java:doStart(419)) - Started @2645ms
2019-06-15 09:17:14,635 INFO  server.BaseHttpServer (BaseHttpServer.java:updateConnectorAddress(207)) - HTTP server of OZONEMANAGER is listening at http://0.0.0.0:42375
2019-06-15 09:17:14,772 INFO  impl.MetricsSystemImpl (MetricsSystemImpl.java:init(158)) - HddsDatanode metrics system started (again)
2019-06-15 09:17:14,929 INFO  ozone.HddsDatanodeService (HddsDatanodeService.java:start(185)) - HddsDatanodeService host:ozone-unit-076618677d3-zsc8r-561628338 ip:192.168.11.247
2019-06-15 09:17:14,953 INFO  volume.HddsVolume (HddsVolume.java:<init>(176)) - Creating Volume: /opt/src/hadoop-ozone/integration-test/target/test-dir/MiniOzoneClusterImpl-1954c0b4-74ed-4a38-b1e0-77a3e245d19b/datanode-0/data/containers/hdds of  storage type : DISK and capacity : 104021790720
2019-06-15 09:17:14,954 INFO  volume.VolumeSet (VolumeSet.java:initializeVolumeSet(170)) - Added Volume : /opt/src/hadoop-ozone/integration-test/target/test-dir/MiniOzoneClusterImpl-1954c0b4-74ed-4a38-b1e0-77a3e245d19b/datanode-0/data/containers/hdds to VolumeSet
2019-06-15 09:17:14,956 INFO  volume.ThrottledAsyncChecker (ThrottledAsyncChecker.java:schedule(140)) - Scheduling a check for org.apache.hadoop.ozone.container.common.volume.HddsVolume@5fb7183b
2019-06-15 09:17:14,971 INFO  volume.HddsVolumeChecker (HddsVolumeChecker.java:checkAllVolumes(203)) - Scheduled health check for volume org.apache.hadoop.ozone.container.common.volume.HddsVolume@5fb7183b
2019-06-15 09:17:15,013 INFO  ratis.XceiverServerRatis (XceiverServerRatis.java:newXceiverServerRatis(401)) - Found a free port for the server : 39681
2019-06-15 09:17:15,072 INFO  impl.RaftServerProxy (ConfUtils.java:logGet(43)) - raft.rpc.type = GRPC (default)
2019-06-15 09:17:15,080 INFO  grpc.GrpcConfigKeys$Server (ConfUtils.java:logGet(43)) - raft.grpc.server.port = 39681 (custom)
2019-06-15 09:17:15,081 INFO  server.GrpcService (ConfUtils.java:logGet(43)) - raft.grpc.message.size.max = 33570816 (custom)
2019-06-15 09:17:15,082 INFO  server.RaftServerConfigKeys (ConfUtils.java:logGet(43)) - raft.server.log.appender.buffer.byte-limit = 33554432 (custom)
2019-06-15 09:17:15,083 INFO  server.GrpcService (ConfUtils.java:logGet(43)) - raft.grpc.flow.control.window = 1MB (=1048576) (default)
2019-06-15 09:17:15,084 INFO  server.RaftServerConfigKeys (ConfUtils.java:logGet(43)) - raft.server.rpc.request.timeout = 3000ms (default)
2019-06-15 09:17:15,209 INFO  server.RaftServerConfigKeys (ConfUtils.java:logGet(43)) - raft.server.storage.dir = [/opt/src/hadoop-ozone/integration-test/target/test-dir/MiniOzoneClusterImpl-1954c0b4-74ed-4a38-b1e0-77a3e245d19b/datanode-0/data/ratis] (custom)
2019-06-15 09:17:15,214 INFO  server.XceiverServerGrpc (XceiverServerGrpc.java:<init>(97)) - Found a free port for the server : 38657
2019-06-15 09:17:15,238 INFO  replication.SimpleContainerDownloader (SimpleContainerDownloader.java:<init>(72)) - Starting container downloader service to copy containers to replicate.
2019-06-15 09:17:15,248 INFO  hdfs.DFSUtil (DFSUtil.java:httpServerTemplateForNNAndJN(1641)) - Starting Web-server for hddsDatanode at: http://0.0.0.0:0
2019-06-15 09:17:15,249 INFO  server.AuthenticationFilter (AuthenticationFilter.java:constructSecretProvider(240)) - Unable to initialize FileSignerSecretProvider, falling back to use random secrets.
2019-06-15 09:17:15,250 WARN  http.HttpRequestLog (HttpRequestLog.java:getRequestLog(97)) - Jetty request log can only be enabled using Log4j
2019-06-15 09:17:15,251 INFO  http.HttpServer2 (HttpServer2.java:addGlobalFilter(975)) - Added global filter 'safety' (class=org.apache.hadoop.http.HttpServer2$QuotingInputFilter)
2019-06-15 09:17:15,252 INFO  http.HttpServer2 (HttpServer2.java:addFilter(948)) - Added filter static_user_filter (class=org.apache.hadoop.http.lib.StaticUserWebFilter$StaticUserFilter) to context hddsDatanode
2019-06-15 09:17:15,252 INFO  http.HttpServer2 (HttpServer2.java:addFilter(958)) - Added filter static_user_filter (class=org.apache.hadoop.http.lib.StaticUserWebFilter$StaticUserFilter) to context static
2019-06-15 09:17:15,252 INFO  http.HttpServer2 (HttpServer2.java:addFilter(958)) - Added filter static_user_filter (class=org.apache.hadoop.http.lib.StaticUserWebFilter$StaticUserFilter) to context logs
2019-06-15 09:17:15,253 INFO  http.HttpServer2 (HttpServer2.java:bindListener(1191)) - Jetty bound to port 34735
2019-06-15 09:17:15,253 INFO  server.Server (Server.java:doStart(351)) - jetty-9.3.24.v20180605, build timestamp: 2018-06-05T17:11:56Z, git hash: 84205aa28f11a4f31f2a3b86d1bba2cc8ab69827
2019-06-15 09:17:15,256 INFO  handler.ContextHandler (ContextHandler.java:doStart(781)) - Started o.e.j.s.ServletContextHandler@4cdb8504{/logs,file:///opt/src/hadoop-ozone/integration-test/target/log,AVAILABLE}
2019-06-15 09:17:15,256 INFO  handler.ContextHandler (ContextHandler.java:doStart(781)) - Started o.e.j.s.ServletContextHandler@10358c32{/static,jar:file:/home/user/.m2/repository/org/apache/hadoop/hadoop-hdds-container-service/0.5.0-SNAPSHOT/hadoop-hdds-container-service-0.5.0-SNAPSHOT.jar!/webapps/static,AVAILABLE}
2019-06-15 09:17:15,284 INFO  handler.ContextHandler (ContextHandler.java:doStart(781)) - Started o.e.j.w.WebAppContext@53830483{/,file:///tmp/jetty-0.0.0.0-34735-hddsDatanode-_-any-421346502834473843.dir/webapp/,AVAILABLE}{/hddsDatanode}
2019-06-15 09:17:15,284 INFO  server.AbstractConnector (AbstractConnector.java:doStart(278)) - Started ServerConnector@29f85fe1{HTTP/1.1,[http/1.1]}{0.0.0.0:34735}
2019-06-15 09:17:15,285 INFO  server.Server (Server.java:doStart(419)) - Started @3295ms
2019-06-15 09:17:15,285 INFO  server.BaseHttpServer (BaseHttpServer.java:updateConnectorAddress(207)) - HTTP server of HDDSDATANODE is listening at http://0.0.0.0:34735
2019-06-15 09:17:16,065 INFO  ozone.HddsDatanodeService (HddsDatanodeService.java:startPlugins(396)) - Started plug-in org.apache.hadoop.ozone.web.OzoneHddsDatanodeService@4351ed61
2019-06-15 09:17:16,066 INFO  impl.MetricsSystemImpl (MetricsSystemImpl.java:init(158)) - HddsDatanode metrics system started (again)
2019-06-15 09:17:16,066 INFO  ozone.HddsDatanodeService (HddsDatanodeService.java:start(185)) - HddsDatanodeService host:ozone-unit-076618677d3-zsc8r-561628338 ip:192.168.11.247
2019-06-15 09:17:16,079 INFO  util.JvmPauseMonitor (JvmPauseMonitor.java:run(188)) - Starting JVM pause monitor
2019-06-15 09:17:16,081 INFO  volume.HddsVolume (HddsVolume.java:<init>(176)) - Creating Volume: /opt/src/hadoop-ozone/integration-test/target/test-dir/MiniOzoneClusterImpl-1954c0b4-74ed-4a38-b1e0-77a3e245d19b/datanode-1/data/containers/hdds of  storage type : DISK and capacity : 104021790720
2019-06-15 09:17:16,081 INFO  volume.VolumeSet (VolumeSet.java:initializeVolumeSet(170)) - Added Volume : /opt/src/hadoop-ozone/integration-test/target/test-dir/MiniOzoneClusterImpl-1954c0b4-74ed-4a38-b1e0-77a3e245d19b/datanode-1/data/containers/hdds to VolumeSet
2019-06-15 09:17:16,081 INFO  volume.ThrottledAsyncChecker (ThrottledAsyncChecker.java:schedule(140)) - Scheduling a check for org.apache.hadoop.ozone.container.common.volume.HddsVolume@2574a9e3
2019-06-15 09:17:16,087 INFO  volume.HddsVolumeChecker (HddsVolumeChecker.java:checkAllVolumes(203)) - Scheduled health check for volume org.apache.hadoop.ozone.container.common.volume.HddsVolume@2574a9e3
2019-06-15 09:17:16,098 INFO  ratis.XceiverServerRatis (XceiverServerRatis.java:newXceiverServerRatis(401)) - Found a free port for the server : 42587
2019-06-15 09:17:16,099 INFO  impl.RaftServerProxy (ConfUtils.java:logGet(43)) - raft.rpc.type = GRPC (default)
2019-06-15 09:17:16,100 INFO  grpc.GrpcConfigKeys$Server (ConfUtils.java:logGet(43)) - raft.grpc.server.port = 42587 (custom)
2019-06-15 09:17:16,100 INFO  server.GrpcService (ConfUtils.java:logGet(43)) - raft.grpc.message.size.max = 33570816 (custom)
2019-06-15 09:17:16,100 INFO  server.RaftServerConfigKeys (ConfUtils.java:logGet(43)) - raft.server.log.appender.buffer.byte-limit = 33554432 (custom)
2019-06-15 09:17:16,100 INFO  server.GrpcService (ConfUtils.java:logGet(43)) - raft.grpc.flow.control.window = 1MB (=1048576) (default)
2019-06-15 09:17:16,101 INFO  server.RaftServerConfigKeys (ConfUtils.java:logGet(43)) - raft.server.rpc.request.timeout = 3000ms (default)
2019-06-15 09:17:16,101 INFO  server.RaftServerConfigKeys (ConfUtils.java:logGet(43)) - raft.server.storage.dir = [/opt/src/hadoop-ozone/integration-test/target/test-dir/MiniOzoneClusterImpl-1954c0b4-74ed-4a38-b1e0-77a3e245d19b/datanode-1/data/ratis] (custom)
2019-06-15 09:17:16,102 INFO  server.XceiverServerGrpc (XceiverServerGrpc.java:<init>(97)) - Found a free port for the server : 43633
2019-06-15 09:17:16,102 INFO  replication.SimpleContainerDownloader (SimpleContainerDownloader.java:<init>(72)) - Starting container downloader service to copy containers to replicate.
2019-06-15 09:17:16,103 INFO  hdfs.DFSUtil (DFSUtil.java:httpServerTemplateForNNAndJN(1641)) - Starting Web-server for hddsDatanode at: http://0.0.0.0:0
2019-06-15 09:17:16,105 INFO  server.AuthenticationFilter (AuthenticationFilter.java:constructSecretProvider(240)) - Unable to initialize FileSignerSecretProvider, falling back to use random secrets.
2019-06-15 09:17:16,106 WARN  http.HttpRequestLog (HttpRequestLog.java:getRequestLog(97)) - Jetty request log can only be enabled using Log4j
2019-06-15 09:17:16,107 INFO  http.HttpServer2 (HttpServer2.java:addGlobalFilter(975)) - Added global filter 'safety' (class=org.apache.hadoop.http.HttpServer2$QuotingInputFilter)
2019-06-15 09:17:16,108 INFO  http.HttpServer2 (HttpServer2.java:addFilter(948)) - Added filter static_user_filter (class=org.apache.hadoop.http.lib.StaticUserWebFilter$StaticUserFilter) to context hddsDatanode
2019-06-15 09:17:16,108 INFO  http.HttpServer2 (HttpServer2.java:addFilter(958)) - Added filter static_user_filter (class=org.apache.hadoop.http.lib.StaticUserWebFilter$StaticUserFilter) to context static
2019-06-15 09:17:16,108 INFO  http.HttpServer2 (HttpServer2.java:addFilter(958)) - Added filter static_user_filter (class=org.apache.hadoop.http.lib.StaticUserWebFilter$StaticUserFilter) to context logs
2019-06-15 09:17:16,109 INFO  http.HttpServer2 (HttpServer2.java:bindListener(1191)) - Jetty bound to port 38411
2019-06-15 09:17:16,109 INFO  server.Server (Server.java:doStart(351)) - jetty-9.3.24.v20180605, build timestamp: 2018-06-05T17:11:56Z, git hash: 84205aa28f11a4f31f2a3b86d1bba2cc8ab69827
2019-06-15 09:17:16,111 INFO  handler.ContextHandler (ContextHandler.java:doStart(781)) - Started o.e.j.s.ServletContextHandler@3d53e6f7{/logs,file:///opt/src/hadoop-ozone/integration-test/target/log,AVAILABLE}
2019-06-15 09:17:16,112 INFO  handler.ContextHandler (ContextHandler.java:doStart(781)) - Started o.e.j.s.ServletContextHandler@3ece79fe{/static,jar:file:/home/user/.m2/repository/org/apache/hadoop/hadoop-hdds-container-service/0.5.0-SNAPSHOT/hadoop-hdds-container-service-0.5.0-SNAPSHOT.jar!/webapps/static,AVAILABLE}
2019-06-15 09:17:16,134 INFO  handler.ContextHandler (ContextHandler.java:doStart(781)) - Started o.e.j.w.WebAppContext@47b33e07{/,file:///tmp/jetty-0.0.0.0-38411-hddsDatanode-_-any-2218048076707251707.dir/webapp/,AVAILABLE}{/hddsDatanode}
2019-06-15 09:17:16,134 INFO  server.AbstractConnector (AbstractConnector.java:doStart(278)) - Started ServerConnector@7126e26{HTTP/1.1,[http/1.1]}{0.0.0.0:38411}
2019-06-15 09:17:16,135 INFO  server.Server (Server.java:doStart(419)) - Started @4145ms
2019-06-15 09:17:16,136 INFO  server.BaseHttpServer (BaseHttpServer.java:updateConnectorAddress(207)) - HTTP server of HDDSDATANODE is listening at http://0.0.0.0:38411
2019-06-15 09:17:16,178 INFO  datanode.InitDatanodeState (InitDatanodeState.java:persistContainerDatanodeDetails(140)) - DatanodeDetails is persisted to /opt/src/hadoop-ozone/integration-test/target/test-dir/MiniOzoneClusterImpl-1954c0b4-74ed-4a38-b1e0-77a3e245d19b/datanode-0/meta/datanode.id
2019-06-15 09:17:16,255 INFO  ozone.HddsDatanodeService (HddsDatanodeService.java:startPlugins(396)) - Started plug-in org.apache.hadoop.ozone.web.OzoneHddsDatanodeService@30c19bff
2019-06-15 09:17:16,255 INFO  impl.MetricsSystemImpl (MetricsSystemImpl.java:init(158)) - HddsDatanode metrics system started (again)
2019-06-15 09:17:16,256 INFO  ozone.HddsDatanodeService (HddsDatanodeService.java:start(185)) - HddsDatanodeService host:ozone-unit-076618677d3-zsc8r-561628338 ip:192.168.11.247
2019-06-15 09:17:16,259 INFO  util.JvmPauseMonitor (JvmPauseMonitor.java:run(188)) - Starting JVM pause monitor
2019-06-15 09:17:16,265 INFO  volume.HddsVolume (HddsVolume.java:<init>(176)) - Creating Volume: /opt/src/hadoop-ozone/integration-test/target/test-dir/MiniOzoneClusterImpl-1954c0b4-74ed-4a38-b1e0-77a3e245d19b/datanode-2/data/containers/hdds of  storage type : DISK and capacity : 104021790720
2019-06-15 09:17:16,265 INFO  volume.VolumeSet (VolumeSet.java:initializeVolumeSet(170)) - Added Volume : /opt/src/hadoop-ozone/integration-test/target/test-dir/MiniOzoneClusterImpl-1954c0b4-74ed-4a38-b1e0-77a3e245d19b/datanode-2/data/containers/hdds to VolumeSet
2019-06-15 09:17:16,265 INFO  volume.ThrottledAsyncChecker (ThrottledAsyncChecker.java:schedule(140)) - Scheduling a check for org.apache.hadoop.ozone.container.common.volume.HddsVolume@2443abd6
2019-06-15 09:17:16,266 INFO  datanode.InitDatanodeState (InitDatanodeState.java:persistContainerDatanodeDetails(140)) - DatanodeDetails is persisted to /opt/src/hadoop-ozone/integration-test/target/test-dir/MiniOzoneClusterImpl-1954c0b4-74ed-4a38-b1e0-77a3e245d19b/datanode-1/meta/datanode.id
2019-06-15 09:17:16,276 INFO  volume.HddsVolumeChecker (HddsVolumeChecker.java:checkAllVolumes(203)) - Scheduled health check for volume org.apache.hadoop.ozone.container.common.volume.HddsVolume@2443abd6
2019-06-15 09:17:16,291 INFO  ratis.XceiverServerRatis (XceiverServerRatis.java:newXceiverServerRatis(401)) - Found a free port for the server : 39443
2019-06-15 09:17:16,292 INFO  impl.RaftServerProxy (ConfUtils.java:logGet(43)) - raft.rpc.type = GRPC (default)
2019-06-15 09:17:16,292 INFO  grpc.GrpcConfigKeys$Server (ConfUtils.java:logGet(43)) - raft.grpc.server.port = 39443 (custom)
2019-06-15 09:17:16,293 INFO  server.GrpcService (ConfUtils.java:logGet(43)) - raft.grpc.message.size.max = 33570816 (custom)
2019-06-15 09:17:16,293 INFO  server.RaftServerConfigKeys (ConfUtils.java:logGet(43)) - raft.server.log.appender.buffer.byte-limit = 33554432 (custom)
2019-06-15 09:17:16,293 INFO  server.GrpcService (ConfUtils.java:logGet(43)) - raft.grpc.flow.control.window = 1MB (=1048576) (default)
2019-06-15 09:17:16,293 INFO  server.RaftServerConfigKeys (ConfUtils.java:logGet(43)) - raft.server.rpc.request.timeout = 3000ms (default)
2019-06-15 09:17:16,294 INFO  server.RaftServerConfigKeys (ConfUtils.java:logGet(43)) - raft.server.storage.dir = [/opt/src/hadoop-ozone/integration-test/target/test-dir/MiniOzoneClusterImpl-1954c0b4-74ed-4a38-b1e0-77a3e245d19b/datanode-2/data/ratis] (custom)
2019-06-15 09:17:16,294 INFO  server.XceiverServerGrpc (XceiverServerGrpc.java:<init>(97)) - Found a free port for the server : 40279
2019-06-15 09:17:16,295 INFO  replication.SimpleContainerDownloader (SimpleContainerDownloader.java:<init>(72)) - Starting container downloader service to copy containers to replicate.
2019-06-15 09:17:16,324 INFO  hdfs.DFSUtil (DFSUtil.java:httpServerTemplateForNNAndJN(1641)) - Starting Web-server for hddsDatanode at: http://0.0.0.0:0
2019-06-15 09:17:16,325 INFO  server.AuthenticationFilter (AuthenticationFilter.java:constructSecretProvider(240)) - Unable to initialize FileSignerSecretProvider, falling back to use random secrets.
2019-06-15 09:17:16,325 WARN  http.HttpRequestLog (HttpRequestLog.java:getRequestLog(97)) - Jetty request log can only be enabled using Log4j
2019-06-15 09:17:16,327 INFO  http.HttpServer2 (HttpServer2.java:addGlobalFilter(975)) - Added global filter 'safety' (class=org.apache.hadoop.http.HttpServer2$QuotingInputFilter)
2019-06-15 09:17:16,328 INFO  http.HttpServer2 (HttpServer2.java:addFilter(948)) - Added filter static_user_filter (class=org.apache.hadoop.http.lib.StaticUserWebFilter$StaticUserFilter) to context hddsDatanode
2019-06-15 09:17:16,328 INFO  http.HttpServer2 (HttpServer2.java:addFilter(958)) - Added filter static_user_filter (class=org.apache.hadoop.http.lib.StaticUserWebFilter$StaticUserFilter) to context logs
2019-06-15 09:17:16,328 INFO  http.HttpServer2 (HttpServer2.java:addFilter(958)) - Added filter static_user_filter (class=org.apache.hadoop.http.lib.StaticUserWebFilter$StaticUserFilter) to context static
2019-06-15 09:17:16,329 INFO  http.HttpServer2 (HttpServer2.java:bindListener(1191)) - Jetty bound to port 38293
2019-06-15 09:17:16,329 INFO  server.Server (Server.java:doStart(351)) - jetty-9.3.24.v20180605, build timestamp: 2018-06-05T17:11:56Z, git hash: 84205aa28f11a4f31f2a3b86d1bba2cc8ab69827
2019-06-15 09:17:16,330 INFO  handler.ContextHandler (ContextHandler.java:doStart(781)) - Started o.e.j.s.ServletContextHandler@14d25b6e{/logs,file:///opt/src/hadoop-ozone/integration-test/target/log,AVAILABLE}
2019-06-15 09:17:16,331 INFO  handler.ContextHandler (ContextHandler.java:doStart(781)) - Started o.e.j.s.ServletContextHandler@740dcae3{/static,jar:file:/home/user/.m2/repository/org/apache/hadoop/hadoop-hdds-container-service/0.5.0-SNAPSHOT/hadoop-hdds-container-service-0.5.0-SNAPSHOT.jar!/webapps/static,AVAILABLE}
2019-06-15 09:17:16,360 INFO  handler.ContextHandler (ContextHandler.java:doStart(781)) - Started o.e.j.w.WebAppContext@739265f1{/,file:///tmp/jetty-0.0.0.0-38293-hddsDatanode-_-any-2920183828841677144.dir/webapp/,AVAILABLE}{/hddsDatanode}
2019-06-15 09:17:16,361 INFO  server.AbstractConnector (AbstractConnector.java:doStart(278)) - Started ServerConnector@58eac00e{HTTP/1.1,[http/1.1]}{0.0.0.0:38293}
2019-06-15 09:17:16,361 INFO  server.Server (Server.java:doStart(419)) - Started @4371ms
2019-06-15 09:17:16,362 INFO  server.BaseHttpServer (BaseHttpServer.java:updateConnectorAddress(207)) - HTTP server of HDDSDATANODE is listening at http://0.0.0.0:38293
2019-06-15 09:17:16,510 INFO  ozone.HddsDatanodeService (HddsDatanodeService.java:startPlugins(396)) - Started plug-in org.apache.hadoop.ozone.web.OzoneHddsDatanodeService@632b305d
2019-06-15 09:17:16,511 INFO  impl.MetricsSystemImpl (MetricsSystemImpl.java:init(158)) - HddsDatanode metrics system started (again)
2019-06-15 09:17:16,511 INFO  ozone.HddsDatanodeService (HddsDatanodeService.java:start(185)) - HddsDatanodeService host:ozone-unit-076618677d3-zsc8r-561628338 ip:192.168.11.247
2019-06-15 09:17:16,515 INFO  util.JvmPauseMonitor (JvmPauseMonitor.java:run(188)) - Starting JVM pause monitor
2019-06-15 09:17:16,516 INFO  datanode.InitDatanodeState (InitDatanodeState.java:persistContainerDatanodeDetails(140)) - DatanodeDetails is persisted to /opt/src/hadoop-ozone/integration-test/target/test-dir/MiniOzoneClusterImpl-1954c0b4-74ed-4a38-b1e0-77a3e245d19b/datanode-2/meta/datanode.id
2019-06-15 09:17:16,519 INFO  volume.HddsVolume (HddsVolume.java:<init>(176)) - Creating Volume: /opt/src/hadoop-ozone/integration-test/target/test-dir/MiniOzoneClusterImpl-1954c0b4-74ed-4a38-b1e0-77a3e245d19b/datanode-3/data/containers/hdds of  storage type : DISK and capacity : 104021790720
2019-06-15 09:17:16,520 INFO  volume.VolumeSet (VolumeSet.java:initializeVolumeSet(170)) - Added Volume : /opt/src/hadoop-ozone/integration-test/target/test-dir/MiniOzoneClusterImpl-1954c0b4-74ed-4a38-b1e0-77a3e245d19b/datanode-3/data/containers/hdds to VolumeSet
2019-06-15 09:17:16,520 INFO  volume.ThrottledAsyncChecker (ThrottledAsyncChecker.java:schedule(140)) - Scheduling a check for org.apache.hadoop.ozone.container.common.volume.HddsVolume@1f15e689
2019-06-15 09:17:16,521 INFO  volume.HddsVolumeChecker (HddsVolumeChecker.java:checkAllVolumes(203)) - Scheduled health check for volume org.apache.hadoop.ozone.container.common.volume.HddsVolume@1f15e689
2019-06-15 09:17:16,532 INFO  ratis.XceiverServerRatis (XceiverServerRatis.java:newXceiverServerRatis(401)) - Found a free port for the server : 45263
2019-06-15 09:17:16,533 INFO  impl.RaftServerProxy (ConfUtils.java:logGet(43)) - raft.rpc.type = GRPC (default)
2019-06-15 09:17:16,533 INFO  grpc.GrpcConfigKeys$Server (ConfUtils.java:logGet(43)) - raft.grpc.server.port = 45263 (custom)
2019-06-15 09:17:16,533 INFO  server.GrpcService (ConfUtils.java:logGet(43)) - raft.grpc.message.size.max = 33570816 (custom)
2019-06-15 09:17:16,534 INFO  server.RaftServerConfigKeys (ConfUtils.java:logGet(43)) - raft.server.log.appender.buffer.byte-limit = 33554432 (custom)
2019-06-15 09:17:16,534 INFO  server.GrpcService (ConfUtils.java:logGet(43)) - raft.grpc.flow.control.window = 1MB (=1048576) (default)
2019-06-15 09:17:16,534 INFO  server.RaftServerConfigKeys (ConfUtils.java:logGet(43)) - raft.server.rpc.request.timeout = 3000ms (default)
2019-06-15 09:17:16,535 INFO  server.RaftServerConfigKeys (ConfUtils.java:logGet(43)) - raft.server.storage.dir = [/opt/src/hadoop-ozone/integration-test/target/test-dir/MiniOzoneClusterImpl-1954c0b4-74ed-4a38-b1e0-77a3e245d19b/datanode-3/data/ratis] (custom)
2019-06-15 09:17:16,535 INFO  server.XceiverServerGrpc (XceiverServerGrpc.java:<init>(97)) - Found a free port for the server : 42899
2019-06-15 09:17:16,535 INFO  replication.SimpleContainerDownloader (SimpleContainerDownloader.java:<init>(72)) - Starting container downloader service to copy containers to replicate.
2019-06-15 09:17:16,536 INFO  hdfs.DFSUtil (DFSUtil.java:httpServerTemplateForNNAndJN(1641)) - Starting Web-server for hddsDatanode at: http://0.0.0.0:0
2019-06-15 09:17:16,538 INFO  server.AuthenticationFilter (AuthenticationFilter.java:constructSecretProvider(240)) - Unable to initialize FileSignerSecretProvider, falling back to use random secrets.
2019-06-15 09:17:16,539 WARN  http.HttpRequestLog (HttpRequestLog.java:getRequestLog(97)) - Jetty request log can only be enabled using Log4j
2019-06-15 09:17:16,540 INFO  http.HttpServer2 (HttpServer2.java:addGlobalFilter(975)) - Added global filter 'safety' (class=org.apache.hadoop.http.HttpServer2$QuotingInputFilter)
2019-06-15 09:17:16,541 INFO  http.HttpServer2 (HttpServer2.java:addFilter(948)) - Added filter static_user_filter (class=org.apache.hadoop.http.lib.StaticUserWebFilter$StaticUserFilter) to context hddsDatanode
2019-06-15 09:17:16,541 INFO  http.HttpServer2 (HttpServer2.java:addFilter(958)) - Added filter static_user_filter (class=org.apache.hadoop.http.lib.StaticUserWebFilter$StaticUserFilter) to context logs
2019-06-15 09:17:16,541 INFO  http.HttpServer2 (HttpServer2.java:addFilter(958)) - Added filter static_user_filter (class=org.apache.hadoop.http.lib.StaticUserWebFilter$StaticUserFilter) to context static
2019-06-15 09:17:16,542 INFO  http.HttpServer2 (HttpServer2.java:bindListener(1191)) - Jetty bound to port 39461
2019-06-15 09:17:16,542 INFO  server.Server (Server.java:doStart(351)) - jetty-9.3.24.v20180605, build timestamp: 2018-06-05T17:11:56Z, git hash: 84205aa28f11a4f31f2a3b86d1bba2cc8ab69827
2019-06-15 09:17:16,544 INFO  handler.ContextHandler (ContextHandler.java:doStart(781)) - Started o.e.j.s.ServletContextHandler@445bce9a{/logs,file:///opt/src/hadoop-ozone/integration-test/target/log,AVAILABLE}
2019-06-15 09:17:16,545 INFO  handler.ContextHandler (ContextHandler.java:doStart(781)) - Started o.e.j.s.ServletContextHandler@5e1a5f{/static,jar:file:/home/user/.m2/repository/org/apache/hadoop/hadoop-hdds-container-service/0.5.0-SNAPSHOT/hadoop-hdds-container-service-0.5.0-SNAPSHOT.jar!/webapps/static,AVAILABLE}
2019-06-15 09:17:16,574 INFO  handler.ContextHandler (ContextHandler.java:doStart(781)) - Started o.e.j.w.WebAppContext@7d9c45ee{/,file:///tmp/jetty-0.0.0.0-39461-hddsDatanode-_-any-8800132156775610474.dir/webapp/,AVAILABLE}{/hddsDatanode}
2019-06-15 09:17:16,575 INFO  server.AbstractConnector (AbstractConnector.java:doStart(278)) - Started ServerConnector@31da0434{HTTP/1.1,[http/1.1]}{0.0.0.0:39461}
2019-06-15 09:17:16,576 INFO  server.Server (Server.java:doStart(419)) - Started @4586ms
2019-06-15 09:17:16,577 INFO  server.BaseHttpServer (BaseHttpServer.java:updateConnectorAddress(207)) - HTTP server of HDDSDATANODE is listening at http://0.0.0.0:39461
2019-06-15 09:17:16,679 INFO  ozone.HddsDatanodeService (HddsDatanodeService.java:startPlugins(396)) - Started plug-in org.apache.hadoop.ozone.web.OzoneHddsDatanodeService@2322e56f
2019-06-15 09:17:16,679 INFO  impl.MetricsSystemImpl (MetricsSystemImpl.java:init(158)) - HddsDatanode metrics system started (again)
2019-06-15 09:17:16,680 INFO  ozone.HddsDatanodeService (HddsDatanodeService.java:start(185)) - HddsDatanodeService host:ozone-unit-076618677d3-zsc8r-561628338 ip:192.168.11.247
2019-06-15 09:17:16,688 INFO  util.JvmPauseMonitor (JvmPauseMonitor.java:run(188)) - Starting JVM pause monitor
2019-06-15 09:17:16,691 INFO  datanode.InitDatanodeState (InitDatanodeState.java:persistContainerDatanodeDetails(140)) - DatanodeDetails is persisted to /opt/src/hadoop-ozone/integration-test/target/test-dir/MiniOzoneClusterImpl-1954c0b4-74ed-4a38-b1e0-77a3e245d19b/datanode-3/meta/datanode.id
2019-06-15 09:17:16,695 INFO  volume.HddsVolume (HddsVolume.java:<init>(176)) - Creating Volume: /opt/src/hadoop-ozone/integration-test/target/test-dir/MiniOzoneClusterImpl-1954c0b4-74ed-4a38-b1e0-77a3e245d19b/datanode-4/data/containers/hdds of  storage type : DISK and capacity : 104021790720
2019-06-15 09:17:16,695 INFO  volume.VolumeSet (VolumeSet.java:initializeVolumeSet(170)) - Added Volume : /opt/src/hadoop-ozone/integration-test/target/test-dir/MiniOzoneClusterImpl-1954c0b4-74ed-4a38-b1e0-77a3e245d19b/datanode-4/data/containers/hdds to VolumeSet
2019-06-15 09:17:16,695 INFO  volume.ThrottledAsyncChecker (ThrottledAsyncChecker.java:schedule(140)) - Scheduling a check for org.apache.hadoop.ozone.container.common.volume.HddsVolume@4ef18604
2019-06-15 09:17:16,699 INFO  volume.HddsVolumeChecker (HddsVolumeChecker.java:checkAllVolumes(203)) - Scheduled health check for volume org.apache.hadoop.ozone.container.common.volume.HddsVolume@4ef18604
2019-06-15 09:17:16,712 INFO  ratis.XceiverServerRatis (XceiverServerRatis.java:newXceiverServerRatis(401)) - Found a free port for the server : 43603
2019-06-15 09:17:16,713 INFO  impl.RaftServerProxy (ConfUtils.java:logGet(43)) - raft.rpc.type = GRPC (default)
2019-06-15 09:17:16,713 INFO  grpc.GrpcConfigKeys$Server (ConfUtils.java:logGet(43)) - raft.grpc.server.port = 43603 (custom)
2019-06-15 09:17:16,713 INFO  server.GrpcService (ConfUtils.java:logGet(43)) - raft.grpc.message.size.max = 33570816 (custom)
2019-06-15 09:17:16,714 INFO  server.RaftServerConfigKeys (ConfUtils.java:logGet(43)) - raft.server.log.appender.buffer.byte-limit = 33554432 (custom)
2019-06-15 09:17:16,714 INFO  server.GrpcService (ConfUtils.java:logGet(43)) - raft.grpc.flow.control.window = 1MB (=1048576) (default)
2019-06-15 09:17:16,714 INFO  server.RaftServerConfigKeys (ConfUtils.java:logGet(43)) - raft.server.rpc.request.timeout = 3000ms (default)
2019-06-15 09:17:16,715 INFO  server.RaftServerConfigKeys (ConfUtils.java:logGet(43)) - raft.server.storage.dir = [/opt/src/hadoop-ozone/integration-test/target/test-dir/MiniOzoneClusterImpl-1954c0b4-74ed-4a38-b1e0-77a3e245d19b/datanode-4/data/ratis] (custom)
2019-06-15 09:17:16,715 INFO  server.XceiverServerGrpc (XceiverServerGrpc.java:<init>(97)) - Found a free port for the server : 36035
2019-06-15 09:17:16,715 INFO  replication.SimpleContainerDownloader (SimpleContainerDownloader.java:<init>(72)) - Starting container downloader service to copy containers to replicate.
2019-06-15 09:17:16,716 INFO  hdfs.DFSUtil (DFSUtil.java:httpServerTemplateForNNAndJN(1641)) - Starting Web-server for hddsDatanode at: http://0.0.0.0:0
2019-06-15 09:17:16,718 INFO  server.AuthenticationFilter (AuthenticationFilter.java:constructSecretProvider(240)) - Unable to initialize FileSignerSecretProvider, falling back to use random secrets.
2019-06-15 09:17:16,718 WARN  http.HttpRequestLog (HttpRequestLog.java:getRequestLog(97)) - Jetty request log can only be enabled using Log4j
2019-06-15 09:17:16,720 INFO  http.HttpServer2 (HttpServer2.java:addGlobalFilter(975)) - Added global filter 'safety' (class=org.apache.hadoop.http.HttpServer2$QuotingInputFilter)
2019-06-15 09:17:16,720 INFO  http.HttpServer2 (HttpServer2.java:addFilter(948)) - Added filter static_user_filter (class=org.apache.hadoop.http.lib.StaticUserWebFilter$StaticUserFilter) to context hddsDatanode
2019-06-15 09:17:16,720 INFO  http.HttpServer2 (HttpServer2.java:addFilter(958)) - Added filter static_user_filter (class=org.apache.hadoop.http.lib.StaticUserWebFilter$StaticUserFilter) to context logs
2019-06-15 09:17:16,721 INFO  http.HttpServer2 (HttpServer2.java:addFilter(958)) - Added filter static_user_filter (class=org.apache.hadoop.http.lib.StaticUserWebFilter$StaticUserFilter) to context static
2019-06-15 09:17:16,721 INFO  http.HttpServer2 (HttpServer2.java:bindListener(1191)) - Jetty bound to port 39525
2019-06-15 09:17:16,721 INFO  server.Server (Server.java:doStart(351)) - jetty-9.3.24.v20180605, build timestamp: 2018-06-05T17:11:56Z, git hash: 84205aa28f11a4f31f2a3b86d1bba2cc8ab69827
2019-06-15 09:17:16,724 INFO  handler.ContextHandler (ContextHandler.java:doStart(781)) - Started o.e.j.s.ServletContextHandler@6da54910{/logs,file:///opt/src/hadoop-ozone/integration-test/target/log,AVAILABLE}
2019-06-15 09:17:16,724 INFO  handler.ContextHandler (ContextHandler.java:doStart(781)) - Started o.e.j.s.ServletContextHandler@24134cbc{/static,jar:file:/home/user/.m2/repository/org/apache/hadoop/hadoop-hdds-container-service/0.5.0-SNAPSHOT/hadoop-hdds-container-service-0.5.0-SNAPSHOT.jar!/webapps/static,AVAILABLE}
2019-06-15 09:17:16,753 INFO  handler.ContextHandler (ContextHandler.java:doStart(781)) - Started o.e.j.w.WebAppContext@256bb5be{/,file:///tmp/jetty-0.0.0.0-39525-hddsDatanode-_-any-6910921963940254052.dir/webapp/,AVAILABLE}{/hddsDatanode}
2019-06-15 09:17:16,754 INFO  server.AbstractConnector (AbstractConnector.java:doStart(278)) - Started ServerConnector@5fef0c19{HTTP/1.1,[http/1.1]}{0.0.0.0:39525}
2019-06-15 09:17:16,755 INFO  server.Server (Server.java:doStart(419)) - Started @4765ms
2019-06-15 09:17:16,756 INFO  server.BaseHttpServer (BaseHttpServer.java:updateConnectorAddress(207)) - HTTP server of HDDSDATANODE is listening at http://0.0.0.0:39525
2019-06-15 09:17:16,881 INFO  ozone.HddsDatanodeService (HddsDatanodeService.java:startPlugins(396)) - Started plug-in org.apache.hadoop.ozone.web.OzoneHddsDatanodeService@3e43f049
2019-06-15 09:17:16,881 INFO  impl.MetricsSystemImpl (MetricsSystemImpl.java:init(158)) - HddsDatanode metrics system started (again)
2019-06-15 09:17:16,882 INFO  ozone.HddsDatanodeService (HddsDatanodeService.java:start(185)) - HddsDatanodeService host:ozone-unit-076618677d3-zsc8r-561628338 ip:192.168.11.247
2019-06-15 09:17:16,896 INFO  volume.HddsVolume (HddsVolume.java:<init>(176)) - Creating Volume: /opt/src/hadoop-ozone/integration-test/target/test-dir/MiniOzoneClusterImpl-1954c0b4-74ed-4a38-b1e0-77a3e245d19b/datanode-5/data/containers/hdds of  storage type : DISK and capacity : 104021790720
2019-06-15 09:17:16,896 INFO  util.JvmPauseMonitor (JvmPauseMonitor.java:run(188)) - Starting JVM pause monitor
2019-06-15 09:17:16,896 INFO  volume.VolumeSet (VolumeSet.java:initializeVolumeSet(170)) - Added Volume : /opt/src/hadoop-ozone/integration-test/target/test-dir/MiniOzoneClusterImpl-1954c0b4-74ed-4a38-b1e0-77a3e245d19b/datanode-5/data/containers/hdds to VolumeSet
2019-06-15 09:17:16,897 INFO  volume.ThrottledAsyncChecker (ThrottledAsyncChecker.java:schedule(140)) - Scheduling a check for org.apache.hadoop.ozone.container.common.volume.HddsVolume@58a7dc4
2019-06-15 09:17:16,898 INFO  datanode.InitDatanodeState (InitDatanodeState.java:persistContainerDatanodeDetails(140)) - DatanodeDetails is persisted to /opt/src/hadoop-ozone/integration-test/target/test-dir/MiniOzoneClusterImpl-1954c0b4-74ed-4a38-b1e0-77a3e245d19b/datanode-4/meta/datanode.id
2019-06-15 09:17:16,899 INFO  volume.HddsVolumeChecker (HddsVolumeChecker.java:checkAllVolumes(203)) - Scheduled health check for volume org.apache.hadoop.ozone.container.common.volume.HddsVolume@58a7dc4
2019-06-15 09:17:16,909 INFO  ratis.XceiverServerRatis (XceiverServerRatis.java:newXceiverServerRatis(401)) - Found a free port for the server : 42987
2019-06-15 09:17:16,911 INFO  impl.RaftServerProxy (ConfUtils.java:logGet(43)) - raft.rpc.type = GRPC (default)
2019-06-15 09:17:16,911 INFO  grpc.GrpcConfigKeys$Server (ConfUtils.java:logGet(43)) - raft.grpc.server.port = 42987 (custom)
2019-06-15 09:17:16,911 INFO  server.GrpcService (ConfUtils.java:logGet(43)) - raft.grpc.message.size.max = 33570816 (custom)
2019-06-15 09:17:16,912 INFO  server.RaftServerConfigKeys (ConfUtils.java:logGet(43)) - raft.server.log.appender.buffer.byte-limit = 33554432 (custom)
2019-06-15 09:17:16,912 INFO  server.GrpcService (ConfUtils.java:logGet(43)) - raft.grpc.flow.control.window = 1MB (=1048576) (default)
2019-06-15 09:17:16,912 INFO  server.RaftServerConfigKeys (ConfUtils.java:logGet(43)) - raft.server.rpc.request.timeout = 3000ms (default)
2019-06-15 09:17:16,913 INFO  server.RaftServerConfigKeys (ConfUtils.java:logGet(43)) - raft.server.storage.dir = [/opt/src/hadoop-ozone/integration-test/target/test-dir/MiniOzoneClusterImpl-1954c0b4-74ed-4a38-b1e0-77a3e245d19b/datanode-5/data/ratis] (custom)
2019-06-15 09:17:16,913 INFO  server.XceiverServerGrpc (XceiverServerGrpc.java:<init>(97)) - Found a free port for the server : 46563
2019-06-15 09:17:16,913 INFO  replication.SimpleContainerDownloader (SimpleContainerDownloader.java:<init>(72)) - Starting container downloader service to copy containers to replicate.
2019-06-15 09:17:16,914 INFO  hdfs.DFSUtil (DFSUtil.java:httpServerTemplateForNNAndJN(1641)) - Starting Web-server for hddsDatanode at: http://0.0.0.0:0
2019-06-15 09:17:16,916 INFO  server.AuthenticationFilter (AuthenticationFilter.java:constructSecretProvider(240)) - Unable to initialize FileSignerSecretProvider, falling back to use random secrets.
2019-06-15 09:17:16,916 WARN  http.HttpRequestLog (HttpRequestLog.java:getRequestLog(97)) - Jetty request log can only be enabled using Log4j
2019-06-15 09:17:16,917 INFO  http.HttpServer2 (HttpServer2.java:addGlobalFilter(975)) - Added global filter 'safety' (class=org.apache.hadoop.http.HttpServer2$QuotingInputFilter)
2019-06-15 09:17:16,918 INFO  http.HttpServer2 (HttpServer2.java:addFilter(948)) - Added filter static_user_filter (class=org.apache.hadoop.http.lib.StaticUserWebFilter$StaticUserFilter) to context hddsDatanode
2019-06-15 09:17:16,918 INFO  http.HttpServer2 (HttpServer2.java:addFilter(958)) - Added filter static_user_filter (class=org.apache.hadoop.http.lib.StaticUserWebFilter$StaticUserFilter) to context logs
2019-06-15 09:17:16,918 INFO  http.HttpServer2 (HttpServer2.java:addFilter(958)) - Added filter static_user_filter (class=org.apache.hadoop.http.lib.StaticUserWebFilter$StaticUserFilter) to context static
2019-06-15 09:17:16,919 INFO  http.HttpServer2 (HttpServer2.java:bindListener(1191)) - Jetty bound to port 45959
2019-06-15 09:17:16,919 INFO  server.Server (Server.java:doStart(351)) - jetty-9.3.24.v20180605, build timestamp: 2018-06-05T17:11:56Z, git hash: 84205aa28f11a4f31f2a3b86d1bba2cc8ab69827
2019-06-15 09:17:16,921 INFO  handler.ContextHandler (ContextHandler.java:doStart(781)) - Started o.e.j.s.ServletContextHandler@e3899fd{/logs,file:///opt/src/hadoop-ozone/integration-test/target/log,AVAILABLE}
2019-06-15 09:17:16,922 INFO  handler.ContextHandler (ContextHandler.java:doStart(781)) - Started o.e.j.s.ServletContextHandler@788e3702{/static,jar:file:/home/user/.m2/repository/org/apache/hadoop/hadoop-hdds-container-service/0.5.0-SNAPSHOT/hadoop-hdds-container-service-0.5.0-SNAPSHOT.jar!/webapps/static,AVAILABLE}
2019-06-15 09:17:16,943 INFO  handler.ContextHandler (ContextHandler.java:doStart(781)) - Started o.e.j.w.WebAppContext@99a8de3{/,file:///tmp/jetty-0.0.0.0-45959-hddsDatanode-_-any-6536777295308224462.dir/webapp/,AVAILABLE}{/hddsDatanode}
2019-06-15 09:17:16,944 INFO  server.AbstractConnector (AbstractConnector.java:doStart(278)) - Started ServerConnector@87f501f{HTTP/1.1,[http/1.1]}{0.0.0.0:45959}
2019-06-15 09:17:16,945 INFO  server.Server (Server.java:doStart(419)) - Started @4955ms
2019-06-15 09:17:16,945 INFO  server.BaseHttpServer (BaseHttpServer.java:updateConnectorAddress(207)) - HTTP server of HDDSDATANODE is listening at http://0.0.0.0:45959
2019-06-15 09:17:17,051 INFO  ozone.HddsDatanodeService (HddsDatanodeService.java:startPlugins(396)) - Started plug-in org.apache.hadoop.ozone.web.OzoneHddsDatanodeService@6c5ca0b6
2019-06-15 09:17:17,052 INFO  ozone.MiniOzoneClusterImpl (MiniOzoneClusterImpl.java:lambda$waitForClusterToBeReady$0(142)) - Waiting for cluster to be ready. Got 0 of 6 DN Heartbeats.
2019-06-15 09:17:17,055 INFO  util.JvmPauseMonitor (JvmPauseMonitor.java:run(188)) - Starting JVM pause monitor
2019-06-15 09:17:17,056 INFO  datanode.InitDatanodeState (InitDatanodeState.java:persistContainerDatanodeDetails(140)) - DatanodeDetails is persisted to /opt/src/hadoop-ozone/integration-test/target/test-dir/MiniOzoneClusterImpl-1954c0b4-74ed-4a38-b1e0-77a3e245d19b/datanode-5/meta/datanode.id
2019-06-15 09:17:18,053 INFO  ozone.MiniOzoneClusterImpl (MiniOzoneClusterImpl.java:lambda$waitForClusterToBeReady$0(142)) - Waiting for cluster to be ready. Got 0 of 6 DN Heartbeats.
2019-06-15 09:17:18,098 INFO  ozoneimpl.OzoneContainer (OzoneContainer.java:start(186)) - Attempting to start container services.
2019-06-15 09:17:18,098 INFO  ozoneimpl.OzoneContainer (OzoneContainer.java:startContainerScrub(160)) - Background container scrubber has been disabled by hdds.containerscrub.enabled
2019-06-15 09:17:18,098 INFO  ratis.XceiverServerRatis (XceiverServerRatis.java:start(418)) - Starting XceiverServerRatis 5cd9881d-2f30-4aa6-8033-dd44ce078107 at port 39681
2019-06-15 09:17:18,143 INFO  impl.RaftServerProxy (RaftServerProxy.java:lambda$start$3(299)) - 5cd9881d-2f30-4aa6-8033-dd44ce078107: start RPC server
2019-06-15 09:17:18,253 INFO  server.GrpcService (GrpcService.java:startImpl(148)) - 5cd9881d-2f30-4aa6-8033-dd44ce078107: GrpcService started, listening on 0.0.0.0/0.0.0.0:39681
2019-06-15 09:17:18,263 INFO  ozoneimpl.OzoneContainer (OzoneContainer.java:start(186)) - Attempting to start container services.
2019-06-15 09:17:18,263 INFO  ozoneimpl.OzoneContainer (OzoneContainer.java:startContainerScrub(160)) - Background container scrubber has been disabled by hdds.containerscrub.enabled
2019-06-15 09:17:18,263 INFO  ratis.XceiverServerRatis (XceiverServerRatis.java:start(418)) - Starting XceiverServerRatis 0de7c197-8155-4e41-9b1e-43f587f8a147 at port 42587
2019-06-15 09:17:18,273 INFO  impl.RaftServerProxy (RaftServerProxy.java:lambda$start$3(299)) - 0de7c197-8155-4e41-9b1e-43f587f8a147: start RPC server
2019-06-15 09:17:18,275 INFO  server.GrpcService (GrpcService.java:startImpl(148)) - 0de7c197-8155-4e41-9b1e-43f587f8a147: GrpcService started, listening on 0.0.0.0/0.0.0.0:42587
2019-06-15 09:17:18,519 INFO  ozoneimpl.OzoneContainer (OzoneContainer.java:start(186)) - Attempting to start container services.
2019-06-15 09:17:18,520 INFO  ozoneimpl.OzoneContainer (OzoneContainer.java:startContainerScrub(160)) - Background container scrubber has been disabled by hdds.containerscrub.enabled
2019-06-15 09:17:18,520 INFO  ratis.XceiverServerRatis (XceiverServerRatis.java:start(418)) - Starting XceiverServerRatis 2042a3e0-e793-4187-8d88-47a87faa4607 at port 39443
2019-06-15 09:17:18,526 INFO  impl.RaftServerProxy (RaftServerProxy.java:lambda$start$3(299)) - 2042a3e0-e793-4187-8d88-47a87faa4607: start RPC server
2019-06-15 09:17:18,527 INFO  server.GrpcService (GrpcService.java:startImpl(148)) - 2042a3e0-e793-4187-8d88-47a87faa4607: GrpcService started, listening on 0.0.0.0/0.0.0.0:39443
2019-06-15 09:17:18,692 INFO  ozoneimpl.OzoneContainer (OzoneContainer.java:start(186)) - Attempting to start container services.
2019-06-15 09:17:18,693 INFO  ozoneimpl.OzoneContainer (OzoneContainer.java:startContainerScrub(160)) - Background container scrubber has been disabled by hdds.containerscrub.enabled
2019-06-15 09:17:18,693 INFO  ratis.XceiverServerRatis (XceiverServerRatis.java:start(418)) - Starting XceiverServerRatis 1a1d785e-ef80-4c90-a3ad-494184dbf9ed at port 45263
2019-06-15 09:17:18,698 INFO  impl.RaftServerProxy (RaftServerProxy.java:lambda$start$3(299)) - 1a1d785e-ef80-4c90-a3ad-494184dbf9ed: start RPC server
2019-06-15 09:17:18,699 INFO  server.GrpcService (GrpcService.java:startImpl(148)) - 1a1d785e-ef80-4c90-a3ad-494184dbf9ed: GrpcService started, listening on 0.0.0.0/0.0.0.0:45263
2019-06-15 09:17:18,900 INFO  ozoneimpl.OzoneContainer (OzoneContainer.java:start(186)) - Attempting to start container services.
2019-06-15 09:17:18,901 INFO  ozoneimpl.OzoneContainer (OzoneContainer.java:startContainerScrub(160)) - Background container scrubber has been disabled by hdds.containerscrub.enabled
2019-06-15 09:17:18,902 INFO  ratis.XceiverServerRatis (XceiverServerRatis.java:start(418)) - Starting XceiverServerRatis 5fb74092-91d9-43dc-930a-f03bd504fa9b at port 43603
2019-06-15 09:17:18,907 INFO  impl.RaftServerProxy (RaftServerProxy.java:lambda$start$3(299)) - 5fb74092-91d9-43dc-930a-f03bd504fa9b: start RPC server
2019-06-15 09:17:18,909 INFO  server.GrpcService (GrpcService.java:startImpl(148)) - 5fb74092-91d9-43dc-930a-f03bd504fa9b: GrpcService started, listening on 0.0.0.0/0.0.0.0:43603
2019-06-15 09:17:19,053 INFO  ozone.MiniOzoneClusterImpl (MiniOzoneClusterImpl.java:lambda$waitForClusterToBeReady$0(142)) - Waiting for cluster to be ready. Got 0 of 6 DN Heartbeats.
2019-06-15 09:17:19,059 INFO  ozoneimpl.OzoneContainer (OzoneContainer.java:start(186)) - Attempting to start container services.
2019-06-15 09:17:19,060 INFO  ozoneimpl.OzoneContainer (OzoneContainer.java:startContainerScrub(160)) - Background container scrubber has been disabled by hdds.containerscrub.enabled
2019-06-15 09:17:19,061 INFO  ratis.XceiverServerRatis (XceiverServerRatis.java:start(418)) - Starting XceiverServerRatis aae5619a-ad71-4ba3-b618-e9d1883a6508 at port 42987
2019-06-15 09:17:19,065 INFO  impl.RaftServerProxy (RaftServerProxy.java:lambda$start$3(299)) - aae5619a-ad71-4ba3-b618-e9d1883a6508: start RPC server
2019-06-15 09:17:19,067 INFO  server.GrpcService (GrpcService.java:startImpl(148)) - aae5619a-ad71-4ba3-b618-e9d1883a6508: GrpcService started, listening on 0.0.0.0/0.0.0.0:42987
2019-06-15 09:17:20,053 INFO  ozone.MiniOzoneClusterImpl (MiniOzoneClusterImpl.java:lambda$waitForClusterToBeReady$0(142)) - Waiting for cluster to be ready. Got 0 of 6 DN Heartbeats.
2019-06-15 09:17:20,097 INFO  net.NetworkTopology (NetworkTopologyImpl.java:add(109)) - Added a new node: /default-rack/192.168.11.247
2019-06-15 09:17:20,097 INFO  node.SCMNodeManager (SCMNodeManager.java:register(269)) - Registered Data node : 5cd9881d-2f30-4aa6-8033-dd44ce078107{ip: 192.168.11.247, host: ozone-unit-076618677d3-zsc8r-561628338, networkLocation: /default-rack, certSerialId: null}
2019-06-15 09:17:20,101 INFO  safemode.SCMSafeModeManager (DataNodeSafeModeRule.java:process(71)) - SCM in safe mode. 1 DataNodes registered, 1 required.
2019-06-15 09:17:20,101 INFO  safemode.SCMSafeModeManager (SCMSafeModeManager.java:validateSafeModeExitRules(177)) - ScmSafeModeManager, all rules are successfully validated
2019-06-15 09:17:20,101 INFO  safemode.SCMSafeModeManager (SCMSafeModeManager.java:exitSafeMode(193)) - SCM exiting safe mode.
2019-06-15 09:17:20,262 INFO  node.SCMNodeManager (SCMNodeManager.java:register(269)) - Registered Data node : 0de7c197-8155-4e41-9b1e-43f587f8a147{ip: 192.168.11.247, host: ozone-unit-076618677d3-zsc8r-561628338, networkLocation: /default-rack, certSerialId: null}
2019-06-15 09:17:20,419 INFO  impl.RaftServerProxy (RaftServerProxy.java:addNew(89)) - 5cd9881d-2f30-4aa6-8033-dd44ce078107: addNew group-D7DEE0F45771:[5cd9881d-2f30-4aa6-8033-dd44ce078107:192.168.11.247:39681] returns group-D7DEE0F45771:java.util.concurrent.CompletableFuture@746523a6[Not completed]
2019-06-15 09:17:20,424 INFO  impl.RaftServerImpl (RaftServerImpl.java:<init>(91)) - 5cd9881d-2f30-4aa6-8033-dd44ce078107: new RaftServerImpl for group-D7DEE0F45771:[5cd9881d-2f30-4aa6-8033-dd44ce078107:192.168.11.247:39681] with ContainerStateMachine:uninitialized
2019-06-15 09:17:20,425 INFO  server.RaftServerConfigKeys (ConfUtils.java:logGet(43)) - raft.server.rpc.timeout.min = 1s (custom)
2019-06-15 09:17:20,425 INFO  server.RaftServerConfigKeys (ConfUtils.java:logGet(43)) - raft.server.rpc.timeout.max = 1200ms (custom)
2019-06-15 09:17:20,425 INFO  server.RaftServerConfigKeys (ConfUtils.java:logGet(43)) - raft.server.rpcslowness.timeout = 10s (custom)
2019-06-15 09:17:20,426 INFO  server.RaftServerConfigKeys (ConfUtils.java:logGet(43)) - raft.server.log.appender.install.snapshot.enabled = true (default)
2019-06-15 09:17:20,430 INFO  impl.RaftServerImpl (ServerState.java:<init>(101)) - 5cd9881d-2f30-4aa6-8033-dd44ce078107:group-D7DEE0F45771 ConfigurationManager, init=-1: [5cd9881d-2f30-4aa6-8033-dd44ce078107:192.168.11.247:39681], old=null, confs=<EMPTY_MAP>
2019-06-15 09:17:20,430 INFO  server.RaftServerConfigKeys (ConfUtils.java:logGet(43)) - raft.server.storage.dir = [/opt/src/hadoop-ozone/integration-test/target/test-dir/MiniOzoneClusterImpl-1954c0b4-74ed-4a38-b1e0-77a3e245d19b/datanode-0/data/ratis] (custom)
2019-06-15 09:17:20,435 INFO  storage.RaftStorageDirectory (RaftStorageDirectory.java:analyzeStorage(246)) - The storage directory /opt/src/hadoop-ozone/integration-test/target/test-dir/MiniOzoneClusterImpl-1954c0b4-74ed-4a38-b1e0-77a3e245d19b/datanode-0/data/ratis/28c473b6-f77b-4630-a03a-d7dee0f45771 does not exist. Creating ...
2019-06-15 09:17:20,550 INFO  node.SCMNodeManager (SCMNodeManager.java:register(269)) - Registered Data node : 2042a3e0-e793-4187-8d88-47a87faa4607{ip: 192.168.11.247, host: ozone-unit-076618677d3-zsc8r-561628338, networkLocation: /default-rack, certSerialId: null}
2019-06-15 09:17:20,551 INFO  storage.RaftStorageDirectory (RaftStorageDirectory.java:tryLock(328)) - Lock on /opt/src/hadoop-ozone/integration-test/target/test-dir/MiniOzoneClusterImpl-1954c0b4-74ed-4a38-b1e0-77a3e245d19b/datanode-0/data/ratis/28c473b6-f77b-4630-a03a-d7dee0f45771/in_use.lock acquired by nodename 10105@ozone-unit-076618677d3-zsc8r-561628338
2019-06-15 09:17:20,555 INFO  storage.RaftStorage (RaftStorage.java:format(75)) - Storage directory /opt/src/hadoop-ozone/integration-test/target/test-dir/MiniOzoneClusterImpl-1954c0b4-74ed-4a38-b1e0-77a3e245d19b/datanode-0/data/ratis/28c473b6-f77b-4630-a03a-d7dee0f45771 has been successfully formatted.
2019-06-15 09:17:20,556 INFO  ratis.ContainerStateMachine (ContainerStateMachine.java:loadSnapshot(199)) - The snapshot info is null.Setting the last applied index to:(t:0, i:~)
2019-06-15 09:17:20,556 INFO  server.RaftServerConfigKeys (ConfUtils.java:logGet(43)) - raft.server.leader.election.timeout = 10s (custom)
2019-06-15 09:17:20,558 INFO  server.RaftServerConfigKeys (ConfUtils.java:logGet(43)) - raft.server.log.use.memory = false (default)
2019-06-15 09:17:20,559 INFO  server.RaftServerConfigKeys (ConfUtils.java:logGet(43)) - raft.server.log.appender.buffer.byte-limit = 33554432 (custom)
2019-06-15 09:17:20,562 INFO  server.RaftServerConfigKeys (ConfUtils.java:logGet(43)) - raft.server.log.segment.size.max = 16384 (custom)
2019-06-15 09:17:20,565 INFO  server.RaftServerConfigKeys (ConfUtils.java:logGet(43)) - raft.server.log.segment.cache.num.max = 2 (custom)
2019-06-15 09:17:20,567 INFO  storage.RaftLogWorker (RaftLogWorker.java:<init>(123)) - new 5cd9881d-2f30-4aa6-8033-dd44ce078107-RaftLogWorker for Storage Directory /opt/src/hadoop-ozone/integration-test/target/test-dir/MiniOzoneClusterImpl-1954c0b4-74ed-4a38-b1e0-77a3e245d19b/datanode-0/data/ratis/28c473b6-f77b-4630-a03a-d7dee0f45771
2019-06-15 09:17:20,568 INFO  server.RaftServerConfigKeys (ConfUtils.java:logGet(43)) - raft.server.log.queue.byte-limit = 2147483647 (custom)
2019-06-15 09:17:20,568 INFO  server.RaftServerConfigKeys (ConfUtils.java:logGet(43)) - raft.server.log.queue.element-limit = 1024 (custom)
2019-06-15 09:17:20,569 INFO  server.RaftServerConfigKeys (ConfUtils.java:logGet(43)) - raft.server.log.segment.size.max = 16384 (custom)
2019-06-15 09:17:20,570 INFO  server.RaftServerConfigKeys (ConfUtils.java:logGet(43)) - raft.server.log.preallocated.size = 16384 (custom)
2019-06-15 09:17:20,570 INFO  server.RaftServerConfigKeys (ConfUtils.java:logGet(43)) - raft.server.log.write.buffer.size = 33554432 (custom)
2019-06-15 09:17:20,570 INFO  server.RaftServerConfigKeys (ConfUtils.java:logGet(43)) - raft.server.log.force.sync.num = 128 (default)
2019-06-15 09:17:20,571 INFO  server.RaftServerConfigKeys (ConfUtils.java:logGet(43)) - raft.server.log.statemachine.data.sync = true (default)
2019-06-15 09:17:20,571 INFO  server.RaftServerConfigKeys (ConfUtils.java:logGet(43)) - raft.server.log.statemachine.data.sync.timeout = 10s (default)
2019-06-15 09:17:20,571 INFO  server.RaftServerConfigKeys (ConfUtils.java:logGet(43)) - raft.server.log.statemachine.data.sync.timeout.retry = -1 (default)
2019-06-15 09:17:20,573 INFO  server.RaftServerConfigKeys (ConfUtils.java:logGet(43)) - raft.server.log.statemachine.data.caching.enabled = true (custom)
2019-06-15 09:17:20,578 INFO  server.RaftServerConfigKeys (ConfUtils.java:logGet(43)) - raft.server.snapshot.auto.trigger.enabled = true (custom)
2019-06-15 09:17:20,578 INFO  server.RaftServerConfigKeys (ConfUtils.java:logGet(43)) - raft.server.snapshot.auto.trigger.threshold = 10000 (custom)
2019-06-15 09:17:20,579 INFO  server.RaftServerConfigKeys (ConfUtils.java:logGet(43)) - raft.server.retrycache.expirytime = 600000ms (custom)
2019-06-15 09:17:20,592 INFO  impl.RaftServerImpl (RaftServerImpl.java:start(173)) - 5cd9881d-2f30-4aa6-8033-dd44ce078107: start group-D7DEE0F45771
2019-06-15 09:17:20,593 INFO  impl.RaftServerImpl (RaftServerImpl.java:setRole(164)) - 5cd9881d-2f30-4aa6-8033-dd44ce078107:group-D7DEE0F45771 changes role from null to FOLLOWER at term 0 for startAsFollower
2019-06-15 09:17:20,594 INFO  impl.RoleInfo (RoleInfo.java:updateAndGet(143)) - 5cd9881d-2f30-4aa6-8033-dd44ce078107: start FollowerState
2019-06-15 09:17:20,596 INFO  util.JmxRegister (JmxRegister.java:tryRegister(44)) - Successfully registered JMX Bean with object name Ratis:service=RaftServer,group=group-D7DEE0F45771,id=5cd9881d-2f30-4aa6-8033-dd44ce078107
2019-06-15 09:17:20,640 INFO  pipeline.PipelineStateManager (PipelineStateManager.java:addPipeline(56)) - Created pipeline Pipeline[ Id: 28c473b6-f77b-4630-a03a-d7dee0f45771, Nodes: 5cd9881d-2f30-4aa6-8033-dd44ce078107{ip: 192.168.11.247, host: ozone-unit-076618677d3-zsc8r-561628338, networkLocation: /default-rack, certSerialId: null}, Type:RATIS, Factor:ONE, State:OPEN]
2019-06-15 09:17:20,657 INFO  impl.RaftServerProxy (RaftServerProxy.java:addNew(89)) - 0de7c197-8155-4e41-9b1e-43f587f8a147: addNew group-DB749B03E1E0:[0de7c197-8155-4e41-9b1e-43f587f8a147:192.168.11.247:42587] returns group-DB749B03E1E0:java.util.concurrent.CompletableFuture@7c284ac7[Not completed]
2019-06-15 09:17:20,658 INFO  impl.RaftServerImpl (RaftServerImpl.java:<init>(91)) - 0de7c197-8155-4e41-9b1e-43f587f8a147: new RaftServerImpl for group-DB749B03E1E0:[0de7c197-8155-4e41-9b1e-43f587f8a147:192.168.11.247:42587] with ContainerStateMachine:uninitialized
2019-06-15 09:17:20,659 INFO  server.RaftServerConfigKeys (ConfUtils.java:logGet(43)) - raft.server.rpc.timeout.min = 1s (custom)
2019-06-15 09:17:20,659 INFO  server.RaftServerConfigKeys (ConfUtils.java:logGet(43)) - raft.server.rpc.timeout.max = 1200ms (custom)
2019-06-15 09:17:20,659 INFO  server.RaftServerConfigKeys (ConfUtils.java:logGet(43)) - raft.server.rpcslowness.timeout = 10s (custom)
2019-06-15 09:17:20,659 INFO  server.RaftServerConfigKeys (ConfUtils.java:logGet(43)) - raft.server.log.appender.install.snapshot.enabled = true (default)
2019-06-15 09:17:20,659 INFO  impl.RaftServerImpl (ServerState.java:<init>(101)) - 0de7c197-8155-4e41-9b1e-43f587f8a147:group-DB749B03E1E0 ConfigurationManager, init=-1: [0de7c197-8155-4e41-9b1e-43f587f8a147:192.168.11.247:42587], old=null, confs=<EMPTY_MAP>
2019-06-15 09:17:20,659 INFO  server.RaftServerConfigKeys (ConfUtils.java:logGet(43)) - raft.server.storage.dir = [/opt/src/hadoop-ozone/integration-test/target/test-dir/MiniOzoneClusterImpl-1954c0b4-74ed-4a38-b1e0-77a3e245d19b/datanode-1/data/ratis] (custom)
2019-06-15 09:17:20,659 INFO  storage.RaftStorageDirectory (RaftStorageDirectory.java:analyzeStorage(246)) - The storage directory /opt/src/hadoop-ozone/integration-test/target/test-dir/MiniOzoneClusterImpl-1954c0b4-74ed-4a38-b1e0-77a3e245d19b/datanode-1/data/ratis/80d2e7da-f39a-4c12-b157-db749b03e1e0 does not exist. Creating ...
2019-06-15 09:17:20,662 INFO  storage.RaftStorageDirectory (RaftStorageDirectory.java:tryLock(328)) - Lock on /opt/src/hadoop-ozone/integration-test/target/test-dir/MiniOzoneClusterImpl-1954c0b4-74ed-4a38-b1e0-77a3e245d19b/datanode-1/data/ratis/80d2e7da-f39a-4c12-b157-db749b03e1e0/in_use.lock acquired by nodename 10105@ozone-unit-076618677d3-zsc8r-561628338
2019-06-15 09:17:20,664 INFO  storage.RaftStorage (RaftStorage.java:format(75)) - Storage directory /opt/src/hadoop-ozone/integration-test/target/test-dir/MiniOzoneClusterImpl-1954c0b4-74ed-4a38-b1e0-77a3e245d19b/datanode-1/data/ratis/80d2e7da-f39a-4c12-b157-db749b03e1e0 has been successfully formatted.
2019-06-15 09:17:20,665 INFO  ratis.ContainerStateMachine (ContainerStateMachine.java:loadSnapshot(199)) - The snapshot info is null.Setting the last applied index to:(t:0, i:~)
2019-06-15 09:17:20,666 INFO  server.RaftServerConfigKeys (ConfUtils.java:logGet(43)) - raft.server.leader.election.timeout = 10s (custom)
2019-06-15 09:17:20,666 INFO  server.RaftServerConfigKeys (ConfUtils.java:logGet(43)) - raft.server.log.use.memory = false (default)
2019-06-15 09:17:20,666 INFO  server.RaftServerConfigKeys (ConfUtils.java:logGet(43)) - raft.server.log.appender.buffer.byte-limit = 33554432 (custom)
2019-06-15 09:17:20,666 INFO  server.RaftServerConfigKeys (ConfUtils.java:logGet(43)) - raft.server.log.segment.size.max = 16384 (custom)
2019-06-15 09:17:20,666 INFO  server.RaftServerConfigKeys (ConfUtils.java:logGet(43)) - raft.server.log.segment.cache.num.max = 2 (custom)
2019-06-15 09:17:20,667 INFO  storage.RaftLogWorker (RaftLogWorker.java:<init>(123)) - new 0de7c197-8155-4e41-9b1e-43f587f8a147-RaftLogWorker for Storage Directory /opt/src/hadoop-ozone/integration-test/target/test-dir/MiniOzoneClusterImpl-1954c0b4-74ed-4a38-b1e0-77a3e245d19b/datanode-1/data/ratis/80d2e7da-f39a-4c12-b157-db749b03e1e0
2019-06-15 09:17:20,667 INFO  server.RaftServerConfigKeys (ConfUtils.java:logGet(43)) - raft.server.log.queue.byte-limit = 2147483647 (custom)
2019-06-15 09:17:20,667 INFO  server.RaftServerConfigKeys (ConfUtils.java:logGet(43)) - raft.server.log.queue.element-limit = 1024 (custom)
2019-06-15 09:17:20,668 INFO  server.RaftServerConfigKeys (ConfUtils.java:logGet(43)) - raft.server.log.segment.size.max = 16384 (custom)
2019-06-15 09:17:20,668 INFO  server.RaftServerConfigKeys (ConfUtils.java:logGet(43)) - raft.server.log.preallocated.size = 16384 (custom)
2019-06-15 09:17:20,668 INFO  server.RaftServerConfigKeys (ConfUtils.java:logGet(43)) - raft.server.log.write.buffer.size = 33554432 (custom)
2019-06-15 09:17:20,668 INFO  server.RaftServerConfigKeys (ConfUtils.java:logGet(43)) - raft.server.log.force.sync.num = 128 (default)
2019-06-15 09:17:20,668 INFO  server.RaftServerConfigKeys (ConfUtils.java:logGet(43)) - raft.server.log.statemachine.data.sync = true (default)
2019-06-15 09:17:20,668 INFO  server.RaftServerConfigKeys (ConfUtils.java:logGet(43)) - raft.server.log.statemachine.data.sync.timeout = 10s (default)
2019-06-15 09:17:20,668 INFO  server.RaftServerConfigKeys (ConfUtils.java:logGet(43)) - raft.server.log.statemachine.data.sync.timeout.retry = -1 (default)
2019-06-15 09:17:20,668 INFO  server.RaftServerConfigKeys (ConfUtils.java:logGet(43)) - raft.server.log.statemachine.data.caching.enabled = true (custom)
2019-06-15 09:17:20,668 INFO  server.RaftServerConfigKeys (ConfUtils.java:logGet(43)) - raft.server.snapshot.auto.trigger.enabled = true (custom)
2019-06-15 09:17:20,668 INFO  server.RaftServerConfigKeys (ConfUtils.java:logGet(43)) - raft.server.snapshot.auto.trigger.threshold = 10000 (custom)
2019-06-15 09:17:20,669 INFO  server.RaftServerConfigKeys (ConfUtils.java:logGet(43)) - raft.server.retrycache.expirytime = 600000ms (custom)
2019-06-15 09:17:20,669 INFO  impl.RaftServerImpl (RaftServerImpl.java:start(173)) - 0de7c197-8155-4e41-9b1e-43f587f8a147: start group-DB749B03E1E0
2019-06-15 09:17:20,669 INFO  impl.RaftServerImpl (RaftServerImpl.java:setRole(164)) - 0de7c197-8155-4e41-9b1e-43f587f8a147:group-DB749B03E1E0 changes role from null to FOLLOWER at term 0 for startAsFollower
2019-06-15 09:17:20,669 INFO  impl.RoleInfo (RoleInfo.java:updateAndGet(143)) - 0de7c197-8155-4e41-9b1e-43f587f8a147: start FollowerState
2019-06-15 09:17:20,670 INFO  util.JmxRegister (JmxRegister.java:tryRegister(44)) - Successfully registered JMX Bean with object name Ratis:service=RaftServer,group=group-DB749B03E1E0,id=0de7c197-8155-4e41-9b1e-43f587f8a147
2019-06-15 09:17:20,677 INFO  pipeline.PipelineStateManager (PipelineStateManager.java:addPipeline(56)) - Created pipeline Pipeline[ Id: 80d2e7da-f39a-4c12-b157-db749b03e1e0, Nodes: 0de7c197-8155-4e41-9b1e-43f587f8a147{ip: 192.168.11.247, host: ozone-unit-076618677d3-zsc8r-561628338, networkLocation: /default-rack, certSerialId: null}, Type:RATIS, Factor:ONE, State:OPEN]
2019-06-15 09:17:20,691 INFO  node.SCMNodeManager (SCMNodeManager.java:register(269)) - Registered Data node : 1a1d785e-ef80-4c90-a3ad-494184dbf9ed{ip: 192.168.11.247, host: ozone-unit-076618677d3-zsc8r-561628338, networkLocation: /default-rack, certSerialId: null}
2019-06-15 09:17:20,693 INFO  impl.RaftServerProxy (RaftServerProxy.java:addNew(89)) - 2042a3e0-e793-4187-8d88-47a87faa4607: addNew group-6B4E2C20040D:[2042a3e0-e793-4187-8d88-47a87faa4607:192.168.11.247:39443] returns group-6B4E2C20040D:java.util.concurrent.CompletableFuture@3bf36256[Not completed]
2019-06-15 09:17:20,716 INFO  impl.RaftServerImpl (RaftServerImpl.java:<init>(91)) - 2042a3e0-e793-4187-8d88-47a87faa4607: new RaftServerImpl for group-6B4E2C20040D:[2042a3e0-e793-4187-8d88-47a87faa4607:192.168.11.247:39443] with ContainerStateMachine:uninitialized
2019-06-15 09:17:20,716 INFO  server.RaftServerConfigKeys (ConfUtils.java:logGet(43)) - raft.server.rpc.timeout.min = 1s (custom)
2019-06-15 09:17:20,716 INFO  server.RaftServerConfigKeys (ConfUtils.java:logGet(43)) - raft.server.rpc.timeout.max = 1200ms (custom)
2019-06-15 09:17:20,716 INFO  server.RaftServerConfigKeys (ConfUtils.java:logGet(43)) - raft.server.rpcslowness.timeout = 10s (custom)
2019-06-15 09:17:20,716 INFO  server.RaftServerConfigKeys (ConfUtils.java:logGet(43)) - raft.server.log.appender.install.snapshot.enabled = true (default)
2019-06-15 09:17:20,716 INFO  impl.RaftServerImpl (ServerState.java:<init>(101)) - 2042a3e0-e793-4187-8d88-47a87faa4607:group-6B4E2C20040D ConfigurationManager, init=-1: [2042a3e0-e793-4187-8d88-47a87faa4607:192.168.11.247:39443], old=null, confs=<EMPTY_MAP>
2019-06-15 09:17:20,716 INFO  server.RaftServerConfigKeys (ConfUtils.java:logGet(43)) - raft.server.storage.dir = [/opt/src/hadoop-ozone/integration-test/target/test-dir/MiniOzoneClusterImpl-1954c0b4-74ed-4a38-b1e0-77a3e245d19b/datanode-2/data/ratis] (custom)
2019-06-15 09:17:20,717 INFO  storage.RaftStorageDirectory (RaftStorageDirectory.java:analyzeStorage(246)) - The storage directory /opt/src/hadoop-ozone/integration-test/target/test-dir/MiniOzoneClusterImpl-1954c0b4-74ed-4a38-b1e0-77a3e245d19b/datanode-2/data/ratis/78aac4e5-b668-41fc-aa2f-6b4e2c20040d does not exist. Creating ...
2019-06-15 09:17:20,719 INFO  storage.RaftStorageDirectory (RaftStorageDirectory.java:tryLock(328)) - Lock on /opt/src/hadoop-ozone/integration-test/target/test-dir/MiniOzoneClusterImpl-1954c0b4-74ed-4a38-b1e0-77a3e245d19b/datanode-2/data/ratis/78aac4e5-b668-41fc-aa2f-6b4e2c20040d/in_use.lock acquired by nodename 10105@ozone-unit-076618677d3-zsc8r-561628338
2019-06-15 09:17:20,721 INFO  storage.RaftStorage (RaftStorage.java:format(75)) - Storage directory /opt/src/hadoop-ozone/integration-test/target/test-dir/MiniOzoneClusterImpl-1954c0b4-74ed-4a38-b1e0-77a3e245d19b/datanode-2/data/ratis/78aac4e5-b668-41fc-aa2f-6b4e2c20040d has been successfully formatted.
2019-06-15 09:17:20,721 INFO  ratis.ContainerStateMachine (ContainerStateMachine.java:loadSnapshot(199)) - The snapshot info is null.Setting the last applied index to:(t:0, i:~)
2019-06-15 09:17:20,721 INFO  server.RaftServerConfigKeys (ConfUtils.java:logGet(43)) - raft.server.leader.election.timeout = 10s (custom)
2019-06-15 09:17:20,721 INFO  server.RaftServerConfigKeys (ConfUtils.java:logGet(43)) - raft.server.log.use.memory = false (default)
2019-06-15 09:17:20,721 INFO  server.RaftServerConfigKeys (ConfUtils.java:logGet(43)) - raft.server.log.appender.buffer.byte-limit = 33554432 (custom)
2019-06-15 09:17:20,721 INFO  server.RaftServerConfigKeys (ConfUtils.java:logGet(43)) - raft.server.log.segment.size.max = 16384 (custom)
2019-06-15 09:17:20,721 INFO  server.RaftServerConfigKeys (ConfUtils.java:logGet(43)) - raft.server.log.segment.cache.num.max = 2 (custom)
2019-06-15 09:17:20,722 INFO  storage.RaftLogWorker (RaftLogWorker.java:<init>(123)) - new 2042a3e0-e793-4187-8d88-47a87faa4607-RaftLogWorker for Storage Directory /opt/src/hadoop-ozone/integration-test/target/test-dir/MiniOzoneClusterImpl-1954c0b4-74ed-4a38-b1e0-77a3e245d19b/datanode-2/data/ratis/78aac4e5-b668-41fc-aa2f-6b4e2c20040d
2019-06-15 09:17:20,722 INFO  server.RaftServerConfigKeys (ConfUtils.java:logGet(43)) - raft.server.log.queue.byte-limit = 2147483647 (custom)
2019-06-15 09:17:20,722 INFO  server.RaftServerConfigKeys (ConfUtils.java:logGet(43)) - raft.server.log.queue.element-limit = 1024 (custom)
2019-06-15 09:17:20,722 INFO  server.RaftServerConfigKeys (ConfUtils.java:logGet(43)) - raft.server.log.segment.size.max = 16384 (custom)
2019-06-15 09:17:20,722 INFO  server.RaftServerConfigKeys (ConfUtils.java:logGet(43)) - raft.server.log.preallocated.size = 16384 (custom)
2019-06-15 09:17:20,722 INFO  server.RaftServerConfigKeys (ConfUtils.java:logGet(43)) - raft.server.log.write.buffer.size = 33554432 (custom)
2019-06-15 09:17:20,722 INFO  server.RaftServerConfigKeys (ConfUtils.java:logGet(43)) - raft.server.log.force.sync.num = 128 (default)
2019-06-15 09:17:20,722 INFO  server.RaftServerConfigKeys (ConfUtils.java:logGet(43)) - raft.server.log.statemachine.data.sync = true (default)
2019-06-15 09:17:20,722 INFO  server.RaftServerConfigKeys (ConfUtils.java:logGet(43)) - raft.server.log.statemachine.data.sync.timeout = 10s (default)
2019-06-15 09:17:20,722 INFO  server.RaftServerConfigKeys (ConfUtils.java:logGet(43)) - raft.server.log.statemachine.data.sync.timeout.retry = -1 (default)
2019-06-15 09:17:20,722 INFO  server.RaftServerConfigKeys (ConfUtils.java:logGet(43)) - raft.server.log.statemachine.data.caching.enabled = true (custom)
2019-06-15 09:17:20,723 INFO  server.RaftServerConfigKeys (ConfUtils.java:logGet(43)) - raft.server.snapshot.auto.trigger.enabled = true (custom)
2019-06-15 09:17:20,723 INFO  server.RaftServerConfigKeys (ConfUtils.java:logGet(43)) - raft.server.snapshot.auto.trigger.threshold = 10000 (custom)
2019-06-15 09:17:20,723 INFO  server.RaftServerConfigKeys (ConfUtils.java:logGet(43)) - raft.server.retrycache.expirytime = 600000ms (custom)
2019-06-15 09:17:20,723 INFO  impl.RaftServerImpl (RaftServerImpl.java:start(173)) - 2042a3e0-e793-4187-8d88-47a87faa4607: start group-6B4E2C20040D
2019-06-15 09:17:20,723 INFO  impl.RaftServerImpl (RaftServerImpl.java:setRole(164)) - 2042a3e0-e793-4187-8d88-47a87faa4607:group-6B4E2C20040D changes role from null to FOLLOWER at term 0 for startAsFollower
2019-06-15 09:17:20,724 INFO  impl.RoleInfo (RoleInfo.java:updateAndGet(143)) - 2042a3e0-e793-4187-8d88-47a87faa4607: start FollowerState
2019-06-15 09:17:20,724 INFO  util.JmxRegister (JmxRegister.java:tryRegister(44)) - Successfully registered JMX Bean with object name Ratis:service=RaftServer,group=group-6B4E2C20040D,id=2042a3e0-e793-4187-8d88-47a87faa4607
2019-06-15 09:17:20,729 INFO  pipeline.PipelineStateManager (PipelineStateManager.java:addPipeline(56)) - Created pipeline Pipeline[ Id: 78aac4e5-b668-41fc-aa2f-6b4e2c20040d, Nodes: 2042a3e0-e793-4187-8d88-47a87faa4607{ip: 192.168.11.247, host: ozone-unit-076618677d3-zsc8r-561628338, networkLocation: /default-rack, certSerialId: null}, Type:RATIS, Factor:ONE, State:OPEN]
2019-06-15 09:17:20,744 INFO  impl.RaftServerProxy (RaftServerProxy.java:addNew(89)) - 1a1d785e-ef80-4c90-a3ad-494184dbf9ed: addNew group-36B740377910:[1a1d785e-ef80-4c90-a3ad-494184dbf9ed:192.168.11.247:45263] returns group-36B740377910:java.util.concurrent.CompletableFuture@63909e5[Not completed]
2019-06-15 09:17:20,748 INFO  impl.RaftServerImpl (RaftServerImpl.java:<init>(91)) - 1a1d785e-ef80-4c90-a3ad-494184dbf9ed: new RaftServerImpl for group-36B740377910:[1a1d785e-ef80-4c90-a3ad-494184dbf9ed:192.168.11.247:45263] with ContainerStateMachine:uninitialized
2019-06-15 09:17:20,748 INFO  server.RaftServerConfigKeys (ConfUtils.java:logGet(43)) - raft.server.rpc.timeout.min = 1s (custom)
2019-06-15 09:17:20,748 INFO  server.RaftServerConfigKeys (ConfUtils.java:logGet(43)) - raft.server.rpc.timeout.max = 1200ms (custom)
2019-06-15 09:17:20,748 INFO  server.RaftServerConfigKeys (ConfUtils.java:logGet(43)) - raft.server.rpcslowness.timeout = 10s (custom)
2019-06-15 09:17:20,749 INFO  server.RaftServerConfigKeys (ConfUtils.java:logGet(43)) - raft.server.log.appender.install.snapshot.enabled = true (default)
2019-06-15 09:17:20,749 INFO  impl.RaftServerImpl (ServerState.java:<init>(101)) - 1a1d785e-ef80-4c90-a3ad-494184dbf9ed:group-36B740377910 ConfigurationManager, init=-1: [1a1d785e-ef80-4c90-a3ad-494184dbf9ed:192.168.11.247:45263], old=null, confs=<EMPTY_MAP>
2019-06-15 09:17:20,749 INFO  server.RaftServerConfigKeys (ConfUtils.java:logGet(43)) - raft.server.storage.dir = [/opt/src/hadoop-ozone/integration-test/target/test-dir/MiniOzoneClusterImpl-1954c0b4-74ed-4a38-b1e0-77a3e245d19b/datanode-3/data/ratis] (custom)
2019-06-15 09:17:20,749 INFO  storage.RaftStorageDirectory (RaftStorageDirectory.java:analyzeStorage(246)) - The storage directory /opt/src/hadoop-ozone/integration-test/target/test-dir/MiniOzoneClusterImpl-1954c0b4-74ed-4a38-b1e0-77a3e245d19b/datanode-3/data/ratis/d91cffcb-25a3-4a77-baeb-36b740377910 does not exist. Creating ...
2019-06-15 09:17:20,751 INFO  storage.RaftStorageDirectory (RaftStorageDirectory.java:tryLock(328)) - Lock on /opt/src/hadoop-ozone/integration-test/target/test-dir/MiniOzoneClusterImpl-1954c0b4-74ed-4a38-b1e0-77a3e245d19b/datanode-3/data/ratis/d91cffcb-25a3-4a77-baeb-36b740377910/in_use.lock acquired by nodename 10105@ozone-unit-076618677d3-zsc8r-561628338
2019-06-15 09:17:20,753 INFO  storage.RaftStorage (RaftStorage.java:format(75)) - Storage directory /opt/src/hadoop-ozone/integration-test/target/test-dir/MiniOzoneClusterImpl-1954c0b4-74ed-4a38-b1e0-77a3e245d19b/datanode-3/data/ratis/d91cffcb-25a3-4a77-baeb-36b740377910 has been successfully formatted.
2019-06-15 09:17:20,754 INFO  ratis.ContainerStateMachine (ContainerStateMachine.java:loadSnapshot(199)) - The snapshot info is null.Setting the last applied index to:(t:0, i:~)
2019-06-15 09:17:20,754 INFO  server.RaftServerConfigKeys (ConfUtils.java:logGet(43)) - raft.server.leader.election.timeout = 10s (custom)
2019-06-15 09:17:20,754 INFO  server.RaftServerConfigKeys (ConfUtils.java:logGet(43)) - raft.server.log.use.memory = false (default)
2019-06-15 09:17:20,754 INFO  server.RaftServerConfigKeys (ConfUtils.java:logGet(43)) - raft.server.log.appender.buffer.byte-limit = 33554432 (custom)
2019-06-15 09:17:20,754 INFO  server.RaftServerConfigKeys (ConfUtils.java:logGet(43)) - raft.server.log.segment.size.max = 16384 (custom)
2019-06-15 09:17:20,754 INFO  server.RaftServerConfigKeys (ConfUtils.java:logGet(43)) - raft.server.log.segment.cache.num.max = 2 (custom)
2019-06-15 09:17:20,754 INFO  storage.RaftLogWorker (RaftLogWorker.java:<init>(123)) - new 1a1d785e-ef80-4c90-a3ad-494184dbf9ed-RaftLogWorker for Storage Directory /opt/src/hadoop-ozone/integration-test/target/test-dir/MiniOzoneClusterImpl-1954c0b4-74ed-4a38-b1e0-77a3e245d19b/datanode-3/data/ratis/d91cffcb-25a3-4a77-baeb-36b740377910
2019-06-15 09:17:20,754 INFO  server.RaftServerConfigKeys (ConfUtils.java:logGet(43)) - raft.server.log.queue.byte-limit = 2147483647 (custom)
2019-06-15 09:17:20,754 INFO  server.RaftServerConfigKeys (ConfUtils.java:logGet(43)) - raft.server.log.queue.element-limit = 1024 (custom)
2019-06-15 09:17:20,754 INFO  server.RaftServerConfigKeys (ConfUtils.java:logGet(43)) - raft.server.log.segment.size.max = 16384 (custom)
2019-06-15 09:17:20,754 INFO  server.RaftServerConfigKeys (ConfUtils.java:logGet(43)) - raft.server.log.preallocated.size = 16384 (custom)
2019-06-15 09:17:20,754 INFO  server.RaftServerConfigKeys (ConfUtils.java:logGet(43)) - raft.server.log.write.buffer.size = 33554432 (custom)
2019-06-15 09:17:20,755 INFO  server.RaftServerConfigKeys (ConfUtils.java:logGet(43)) - raft.server.log.force.sync.num = 128 (default)
2019-06-15 09:17:20,755 INFO  server.RaftServerConfigKeys (ConfUtils.java:logGet(43)) - raft.server.log.statemachine.data.sync = true (default)
2019-06-15 09:17:20,755 INFO  server.RaftServerConfigKeys (ConfUtils.java:logGet(43)) - raft.server.log.statemachine.data.sync.timeout = 10s (default)
2019-06-15 09:17:20,755 INFO  server.RaftServerConfigKeys (ConfUtils.java:logGet(43)) - raft.server.log.statemachine.data.sync.timeout.retry = -1 (default)
2019-06-15 09:17:20,755 INFO  server.RaftServerConfigKeys (ConfUtils.java:logGet(43)) - raft.server.log.statemachine.data.caching.enabled = true (custom)
2019-06-15 09:17:20,755 INFO  server.RaftServerConfigKeys (ConfUtils.java:logGet(43)) - raft.server.snapshot.auto.trigger.enabled = true (custom)
2019-06-15 09:17:20,755 INFO  server.RaftServerConfigKeys (ConfUtils.java:logGet(43)) - raft.server.snapshot.auto.trigger.threshold = 10000 (custom)
2019-06-15 09:17:20,755 INFO  server.RaftServerConfigKeys (ConfUtils.java:logGet(43)) - raft.server.retrycache.expirytime = 600000ms (custom)
2019-06-15 09:17:20,756 INFO  impl.RaftServerImpl (RaftServerImpl.java:start(173)) - 1a1d785e-ef80-4c90-a3ad-494184dbf9ed: start group-36B740377910
2019-06-15 09:17:20,756 INFO  impl.RaftServerImpl (RaftServerImpl.java:setRole(164)) - 1a1d785e-ef80-4c90-a3ad-494184dbf9ed:group-36B740377910 changes role from null to FOLLOWER at term 0 for startAsFollower
2019-06-15 09:17:20,756 INFO  impl.RoleInfo (RoleInfo.java:updateAndGet(143)) - 1a1d785e-ef80-4c90-a3ad-494184dbf9ed: start FollowerState
2019-06-15 09:17:20,756 INFO  util.JmxRegister (JmxRegister.java:tryRegister(44)) - Successfully registered JMX Bean with object name Ratis:service=RaftServer,group=group-36B740377910,id=1a1d785e-ef80-4c90-a3ad-494184dbf9ed
2019-06-15 09:17:20,763 INFO  pipeline.PipelineStateManager (PipelineStateManager.java:addPipeline(56)) - Created pipeline Pipeline[ Id: d91cffcb-25a3-4a77-baeb-36b740377910, Nodes: 1a1d785e-ef80-4c90-a3ad-494184dbf9ed{ip: 192.168.11.247, host: ozone-unit-076618677d3-zsc8r-561628338, networkLocation: /default-rack, certSerialId: null}, Type:RATIS, Factor:ONE, State:OPEN]
2019-06-15 09:17:20,785 INFO  impl.RaftServerProxy (RaftServerProxy.java:addNew(89)) - 5cd9881d-2f30-4aa6-8033-dd44ce078107: addNew group-205474211BA7:[5cd9881d-2f30-4aa6-8033-dd44ce078107:192.168.11.247:39681, 0de7c197-8155-4e41-9b1e-43f587f8a147:192.168.11.247:42587, 1a1d785e-ef80-4c90-a3ad-494184dbf9ed:192.168.11.247:45263] returns group-205474211BA7:java.util.concurrent.CompletableFuture@425db6c4[Not completed]
2019-06-15 09:17:20,787 INFO  impl.RaftServerProxy (RaftServerProxy.java:addNew(89)) - 0de7c197-8155-4e41-9b1e-43f587f8a147: addNew group-205474211BA7:[5cd9881d-2f30-4aa6-8033-dd44ce078107:192.168.11.247:39681, 0de7c197-8155-4e41-9b1e-43f587f8a147:192.168.11.247:42587, 1a1d785e-ef80-4c90-a3ad-494184dbf9ed:192.168.11.247:45263] returns group-205474211BA7:java.util.concurrent.CompletableFuture@75f30eb[Not completed]
2019-06-15 09:17:20,788 INFO  impl.RaftServerImpl (RaftServerImpl.java:<init>(91)) - 5cd9881d-2f30-4aa6-8033-dd44ce078107: new RaftServerImpl for group-205474211BA7:[5cd9881d-2f30-4aa6-8033-dd44ce078107:192.168.11.247:39681, 0de7c197-8155-4e41-9b1e-43f587f8a147:192.168.11.247:42587, 1a1d785e-ef80-4c90-a3ad-494184dbf9ed:192.168.11.247:45263] with ContainerStateMachine:uninitialized
2019-06-15 09:17:20,788 INFO  server.RaftServerConfigKeys (ConfUtils.java:logGet(43)) - raft.server.rpc.timeout.min = 1s (custom)
2019-06-15 09:17:20,788 INFO  server.RaftServerConfigKeys (ConfUtils.java:logGet(43)) - raft.server.rpc.timeout.max = 1200ms (custom)
2019-06-15 09:17:20,788 INFO  server.RaftServerConfigKeys (ConfUtils.java:logGet(43)) - raft.server.rpcslowness.timeout = 10s (custom)
2019-06-15 09:17:20,788 INFO  impl.RaftServerImpl (RaftServerImpl.java:<init>(91)) - 0de7c197-8155-4e41-9b1e-43f587f8a147: new RaftServerImpl for group-205474211BA7:[5cd9881d-2f30-4aa6-8033-dd44ce078107:192.168.11.247:39681, 0de7c197-8155-4e41-9b1e-43f587f8a147:192.168.11.247:42587, 1a1d785e-ef80-4c90-a3ad-494184dbf9ed:192.168.11.247:45263] with ContainerStateMachine:uninitialized
2019-06-15 09:17:20,788 INFO  server.RaftServerConfigKeys (ConfUtils.java:logGet(43)) - raft.server.rpc.timeout.min = 1s (custom)
2019-06-15 09:17:20,789 INFO  server.RaftServerConfigKeys (ConfUtils.java:logGet(43)) - raft.server.rpc.timeout.max = 1200ms (custom)
2019-06-15 09:17:20,788 INFO  server.RaftServerConfigKeys (ConfUtils.java:logGet(43)) - raft.server.log.appender.install.snapshot.enabled = true (default)
2019-06-15 09:17:20,789 INFO  server.RaftServerConfigKeys (ConfUtils.java:logGet(43)) - raft.server.rpcslowness.timeout = 10s (custom)
2019-06-15 09:17:20,789 INFO  server.RaftServerConfigKeys (ConfUtils.java:logGet(43)) - raft.server.log.appender.install.snapshot.enabled = true (default)
2019-06-15 09:17:20,789 INFO  impl.RaftServerImpl (ServerState.java:<init>(101)) - 0de7c197-8155-4e41-9b1e-43f587f8a147:group-205474211BA7 ConfigurationManager, init=-1: [5cd9881d-2f30-4aa6-8033-dd44ce078107:192.168.11.247:39681, 0de7c197-8155-4e41-9b1e-43f587f8a147:192.168.11.247:42587, 1a1d785e-ef80-4c90-a3ad-494184dbf9ed:192.168.11.247:45263], old=null, confs=<EMPTY_MAP>
2019-06-15 09:17:20,789 INFO  server.RaftServerConfigKeys (ConfUtils.java:logGet(43)) - raft.server.storage.dir = [/opt/src/hadoop-ozone/integration-test/target/test-dir/MiniOzoneClusterImpl-1954c0b4-74ed-4a38-b1e0-77a3e245d19b/datanode-1/data/ratis] (custom)
2019-06-15 09:17:20,789 INFO  storage.RaftStorageDirectory (RaftStorageDirectory.java:analyzeStorage(246)) - The storage directory /opt/src/hadoop-ozone/integration-test/target/test-dir/MiniOzoneClusterImpl-1954c0b4-74ed-4a38-b1e0-77a3e245d19b/datanode-1/data/ratis/0c217c42-4db2-4c77-91af-205474211ba7 does not exist. Creating ...
2019-06-15 09:17:20,789 INFO  impl.RaftServerImpl (ServerState.java:<init>(101)) - 5cd9881d-2f30-4aa6-8033-dd44ce078107:group-205474211BA7 ConfigurationManager, init=-1: [5cd9881d-2f30-4aa6-8033-dd44ce078107:192.168.11.247:39681, 0de7c197-8155-4e41-9b1e-43f587f8a147:192.168.11.247:42587, 1a1d785e-ef80-4c90-a3ad-494184dbf9ed:192.168.11.247:45263], old=null, confs=<EMPTY_MAP>
2019-06-15 09:17:20,790 INFO  impl.RaftServerImpl (RaftServerImpl.java:<init>(91)) - 1a1d785e-ef80-4c90-a3ad-494184dbf9ed: new RaftServerImpl for group-205474211BA7:[5cd9881d-2f30-4aa6-8033-dd44ce078107:192.168.11.247:39681, 0de7c197-8155-4e41-9b1e-43f587f8a147:192.168.11.247:42587, 1a1d785e-ef80-4c90-a3ad-494184dbf9ed:192.168.11.247:45263] with ContainerStateMachine:uninitialized
2019-06-15 09:17:20,790 INFO  server.RaftServerConfigKeys (ConfUtils.java:logGet(43)) - raft.server.rpc.timeout.min = 1s (custom)
2019-06-15 09:17:20,790 INFO  server.RaftServerConfigKeys (ConfUtils.java:logGet(43)) - raft.server.rpc.timeout.max = 1200ms (custom)
2019-06-15 09:17:20,790 INFO  server.RaftServerConfigKeys (ConfUtils.java:logGet(43)) - raft.server.rpcslowness.timeout = 10s (custom)
2019-06-15 09:17:20,791 INFO  server.RaftServerConfigKeys (ConfUtils.java:logGet(43)) - raft.server.log.appender.install.snapshot.enabled = true (default)
2019-06-15 09:17:20,791 INFO  impl.RaftServerImpl (ServerState.java:<init>(101)) - 1a1d785e-ef80-4c90-a3ad-494184dbf9ed:group-205474211BA7 ConfigurationManager, init=-1: [5cd9881d-2f30-4aa6-8033-dd44ce078107:192.168.11.247:39681, 0de7c197-8155-4e41-9b1e-43f587f8a147:192.168.11.247:42587, 1a1d785e-ef80-4c90-a3ad-494184dbf9ed:192.168.11.247:45263], old=null, confs=<EMPTY_MAP>
2019-06-15 09:17:20,791 INFO  server.RaftServerConfigKeys (ConfUtils.java:logGet(43)) - raft.server.storage.dir = [/opt/src/hadoop-ozone/integration-test/target/test-dir/MiniOzoneClusterImpl-1954c0b4-74ed-4a38-b1e0-77a3e245d19b/datanode-3/data/ratis] (custom)
2019-06-15 09:17:20,791 INFO  storage.RaftStorageDirectory (RaftStorageDirectory.java:analyzeStorage(246)) - The storage directory /opt/src/hadoop-ozone/integration-test/target/test-dir/MiniOzoneClusterImpl-1954c0b4-74ed-4a38-b1e0-77a3e245d19b/datanode-3/data/ratis/0c217c42-4db2-4c77-91af-205474211ba7 does not exist. Creating ...
2019-06-15 09:17:20,792 INFO  storage.RaftStorageDirectory (RaftStorageDirectory.java:tryLock(328)) - Lock on /opt/src/hadoop-ozone/integration-test/target/test-dir/MiniOzoneClusterImpl-1954c0b4-74ed-4a38-b1e0-77a3e245d19b/datanode-1/data/ratis/0c217c42-4db2-4c77-91af-205474211ba7/in_use.lock acquired by nodename 10105@ozone-unit-076618677d3-zsc8r-561628338
2019-06-15 09:17:20,793 INFO  storage.RaftStorageDirectory (RaftStorageDirectory.java:tryLock(328)) - Lock on /opt/src/hadoop-ozone/integration-test/target/test-dir/MiniOzoneClusterImpl-1954c0b4-74ed-4a38-b1e0-77a3e245d19b/datanode-3/data/ratis/0c217c42-4db2-4c77-91af-205474211ba7/in_use.lock acquired by nodename 10105@ozone-unit-076618677d3-zsc8r-561628338
2019-06-15 09:17:20,789 INFO  impl.RaftServerProxy (RaftServerProxy.java:addNew(89)) - 1a1d785e-ef80-4c90-a3ad-494184dbf9ed: addNew group-205474211BA7:[5cd9881d-2f30-4aa6-8033-dd44ce078107:192.168.11.247:39681, 0de7c197-8155-4e41-9b1e-43f587f8a147:192.168.11.247:42587, 1a1d785e-ef80-4c90-a3ad-494184dbf9ed:192.168.11.247:45263] returns group-205474211BA7:java.util.concurrent.CompletableFuture@61f105c9[Not completed]
2019-06-15 09:17:20,790 INFO  server.RaftServerConfigKeys (ConfUtils.java:logGet(43)) - raft.server.storage.dir = [/opt/src/hadoop-ozone/integration-test/target/test-dir/MiniOzoneClusterImpl-1954c0b4-74ed-4a38-b1e0-77a3e245d19b/datanode-0/data/ratis] (custom)
2019-06-15 09:17:20,795 INFO  storage.RaftStorageDirectory (RaftStorageDirectory.java:analyzeStorage(246)) - The storage directory /opt/src/hadoop-ozone/integration-test/target/test-dir/MiniOzoneClusterImpl-1954c0b4-74ed-4a38-b1e0-77a3e245d19b/datanode-0/data/ratis/0c217c42-4db2-4c77-91af-205474211ba7 does not exist. Creating ...
2019-06-15 09:17:20,795 INFO  storage.RaftStorage (RaftStorage.java:format(75)) - Storage directory /opt/src/hadoop-ozone/integration-test/target/test-dir/MiniOzoneClusterImpl-1954c0b4-74ed-4a38-b1e0-77a3e245d19b/datanode-1/data/ratis/0c217c42-4db2-4c77-91af-205474211ba7 has been successfully formatted.
2019-06-15 09:17:20,796 INFO  ratis.ContainerStateMachine (ContainerStateMachine.java:loadSnapshot(199)) - The snapshot info is null.Setting the last applied index to:(t:0, i:~)
2019-06-15 09:17:20,796 INFO  server.RaftServerConfigKeys (ConfUtils.java:logGet(43)) - raft.server.leader.election.timeout = 10s (custom)
2019-06-15 09:17:20,796 INFO  server.RaftServerConfigKeys (ConfUtils.java:logGet(43)) - raft.server.log.use.memory = false (default)
2019-06-15 09:17:20,796 INFO  server.RaftServerConfigKeys (ConfUtils.java:logGet(43)) - raft.server.log.appender.buffer.byte-limit = 33554432 (custom)
2019-06-15 09:17:20,796 INFO  server.RaftServerConfigKeys (ConfUtils.java:logGet(43)) - raft.server.log.segment.size.max = 16384 (custom)
2019-06-15 09:17:20,796 INFO  server.RaftServerConfigKeys (ConfUtils.java:logGet(43)) - raft.server.log.segment.cache.num.max = 2 (custom)
2019-06-15 09:17:20,796 INFO  storage.RaftLogWorker (RaftLogWorker.java:<init>(123)) - new 0de7c197-8155-4e41-9b1e-43f587f8a147-RaftLogWorker for Storage Directory /opt/src/hadoop-ozone/integration-test/target/test-dir/MiniOzoneClusterImpl-1954c0b4-74ed-4a38-b1e0-77a3e245d19b/datanode-1/data/ratis/0c217c42-4db2-4c77-91af-205474211ba7
2019-06-15 09:17:20,796 INFO  server.RaftServerConfigKeys (ConfUtils.java:logGet(43)) - raft.server.log.queue.byte-limit = 2147483647 (custom)
2019-06-15 09:17:20,796 INFO  server.RaftServerConfigKeys (ConfUtils.java:logGet(43)) - raft.server.log.queue.element-limit = 1024 (custom)
2019-06-15 09:17:20,797 INFO  server.RaftServerConfigKeys (ConfUtils.java:logGet(43)) - raft.server.log.segment.size.max = 16384 (custom)
2019-06-15 09:17:20,797 INFO  server.RaftServerConfigKeys (ConfUtils.java:logGet(43)) - raft.server.log.preallocated.size = 16384 (custom)
2019-06-15 09:17:20,797 INFO  server.RaftServerConfigKeys (ConfUtils.java:logGet(43)) - raft.server.log.write.buffer.size = 33554432 (custom)
2019-06-15 09:17:20,797 INFO  server.RaftServerConfigKeys (ConfUtils.java:logGet(43)) - raft.server.log.force.sync.num = 128 (default)
2019-06-15 09:17:20,797 INFO  server.RaftServerConfigKeys (ConfUtils.java:logGet(43)) - raft.server.log.statemachine.data.sync = true (default)
2019-06-15 09:17:20,797 INFO  server.RaftServerConfigKeys (ConfUtils.java:logGet(43)) - raft.server.log.statemachine.data.sync.timeout = 10s (default)
2019-06-15 09:17:20,797 INFO  server.RaftServerConfigKeys (ConfUtils.java:logGet(43)) - raft.server.log.statemachine.data.sync.timeout.retry = -1 (default)
2019-06-15 09:17:20,797 INFO  storage.RaftStorageDirectory (RaftStorageDirectory.java:tryLock(328)) - Lock on /opt/src/hadoop-ozone/integration-test/target/test-dir/MiniOzoneClusterImpl-1954c0b4-74ed-4a38-b1e0-77a3e245d19b/datanode-0/data/ratis/0c217c42-4db2-4c77-91af-205474211ba7/in_use.lock acquired by nodename 10105@ozone-unit-076618677d3-zsc8r-561628338
2019-06-15 09:17:20,797 INFO  storage.RaftStorage (RaftStorage.java:format(75)) - Storage directory /opt/src/hadoop-ozone/integration-test/target/test-dir/MiniOzoneClusterImpl-1954c0b4-74ed-4a38-b1e0-77a3e245d19b/datanode-3/data/ratis/0c217c42-4db2-4c77-91af-205474211ba7 has been successfully formatted.
2019-06-15 09:17:20,797 INFO  ratis.ContainerStateMachine (ContainerStateMachine.java:loadSnapshot(199)) - The snapshot info is null.Setting the last applied index to:(t:0, i:~)
2019-06-15 09:17:20,798 INFO  server.RaftServerConfigKeys (ConfUtils.java:logGet(43)) - raft.server.leader.election.timeout = 10s (custom)
2019-06-15 09:17:20,798 INFO  server.RaftServerConfigKeys (ConfUtils.java:logGet(43)) - raft.server.log.use.memory = false (default)
2019-06-15 09:17:20,798 INFO  server.RaftServerConfigKeys (ConfUtils.java:logGet(43)) - raft.server.log.appender.buffer.byte-limit = 33554432 (custom)
2019-06-15 09:17:20,798 INFO  server.RaftServerConfigKeys (ConfUtils.java:logGet(43)) - raft.server.log.segment.size.max = 16384 (custom)
2019-06-15 09:17:20,798 INFO  server.RaftServerConfigKeys (ConfUtils.java:logGet(43)) - raft.server.log.segment.cache.num.max = 2 (custom)
2019-06-15 09:17:20,798 INFO  storage.RaftLogWorker (RaftLogWorker.java:<init>(123)) - new 1a1d785e-ef80-4c90-a3ad-494184dbf9ed-RaftLogWorker for Storage Directory /opt/src/hadoop-ozone/integration-test/target/test-dir/MiniOzoneClusterImpl-1954c0b4-74ed-4a38-b1e0-77a3e245d19b/datanode-3/data/ratis/0c217c42-4db2-4c77-91af-205474211ba7
2019-06-15 09:17:20,798 INFO  server.RaftServerConfigKeys (ConfUtils.java:logGet(43)) - raft.server.log.queue.byte-limit = 2147483647 (custom)
2019-06-15 09:17:20,798 INFO  server.RaftServerConfigKeys (ConfUtils.java:logGet(43)) - raft.server.log.queue.element-limit = 1024 (custom)
2019-06-15 09:17:20,798 INFO  server.RaftServerConfigKeys (ConfUtils.java:logGet(43)) - raft.server.log.segment.size.max = 16384 (custom)
2019-06-15 09:17:20,798 INFO  server.RaftServerConfigKeys (ConfUtils.java:logGet(43)) - raft.server.log.preallocated.size = 16384 (custom)
2019-06-15 09:17:20,798 INFO  server.RaftServerConfigKeys (ConfUtils.java:logGet(43)) - raft.server.log.write.buffer.size = 33554432 (custom)
2019-06-15 09:17:20,798 INFO  server.RaftServerConfigKeys (ConfUtils.java:logGet(43)) - raft.server.log.force.sync.num = 128 (default)
2019-06-15 09:17:20,799 INFO  server.RaftServerConfigKeys (ConfUtils.java:logGet(43)) - raft.server.log.statemachine.data.sync = true (default)
2019-06-15 09:17:20,799 INFO  server.RaftServerConfigKeys (ConfUtils.java:logGet(43)) - raft.server.log.statemachine.data.sync.timeout = 10s (default)
2019-06-15 09:17:20,799 INFO  server.RaftServerConfigKeys (ConfUtils.java:logGet(43)) - raft.server.log.statemachine.data.sync.timeout.retry = -1 (default)
2019-06-15 09:17:20,799 INFO  server.RaftServerConfigKeys (ConfUtils.java:logGet(43)) - raft.server.log.statemachine.data.caching.enabled = true (custom)
2019-06-15 09:17:20,797 INFO  server.RaftServerConfigKeys (ConfUtils.java:logGet(43)) - raft.server.log.statemachine.data.caching.enabled = true (custom)
2019-06-15 09:17:20,799 INFO  server.RaftServerConfigKeys (ConfUtils.java:logGet(43)) - raft.server.snapshot.auto.trigger.enabled = true (custom)
2019-06-15 09:17:20,799 INFO  server.RaftServerConfigKeys (ConfUtils.java:logGet(43)) - raft.server.snapshot.auto.trigger.enabled = true (custom)
2019-06-15 09:17:20,800 INFO  server.RaftServerConfigKeys (ConfUtils.java:logGet(43)) - raft.server.snapshot.auto.trigger.threshold = 10000 (custom)
2019-06-15 09:17:20,800 INFO  server.RaftServerConfigKeys (ConfUtils.java:logGet(43)) - raft.server.retrycache.expirytime = 600000ms (custom)
2019-06-15 09:17:20,800 INFO  impl.RaftServerImpl (RaftServerImpl.java:start(173)) - 0de7c197-8155-4e41-9b1e-43f587f8a147: start group-205474211BA7
2019-06-15 09:17:20,800 INFO  impl.RaftServerImpl (RaftServerImpl.java:setRole(164)) - 0de7c197-8155-4e41-9b1e-43f587f8a147:group-205474211BA7 changes role from null to FOLLOWER at term 0 for startAsFollower
2019-06-15 09:17:20,800 INFO  impl.RoleInfo (RoleInfo.java:updateAndGet(143)) - 0de7c197-8155-4e41-9b1e-43f587f8a147: start FollowerState
2019-06-15 09:17:20,800 INFO  server.RaftServerConfigKeys (ConfUtils.java:logGet(43)) - raft.server.snapshot.auto.trigger.threshold = 10000 (custom)
2019-06-15 09:17:20,800 INFO  storage.RaftStorage (RaftStorage.java:format(75)) - Storage directory /opt/src/hadoop-ozone/integration-test/target/test-dir/MiniOzoneClusterImpl-1954c0b4-74ed-4a38-b1e0-77a3e245d19b/datanode-0/data/ratis/0c217c42-4db2-4c77-91af-205474211ba7 has been successfully formatted.
2019-06-15 09:17:20,801 INFO  ratis.ContainerStateMachine (ContainerStateMachine.java:loadSnapshot(199)) - The snapshot info is null.Setting the last applied index to:(t:0, i:~)
2019-06-15 09:17:20,801 INFO  server.RaftServerConfigKeys (ConfUtils.java:logGet(43)) - raft.server.leader.election.timeout = 10s (custom)
2019-06-15 09:17:20,801 INFO  server.RaftServerConfigKeys (ConfUtils.java:logGet(43)) - raft.server.log.use.memory = false (default)
2019-06-15 09:17:20,801 INFO  server.RaftServerConfigKeys (ConfUtils.java:logGet(43)) - raft.server.log.appender.buffer.byte-limit = 33554432 (custom)
2019-06-15 09:17:20,801 INFO  server.RaftServerConfigKeys (ConfUtils.java:logGet(43)) - raft.server.log.segment.size.max = 16384 (custom)
2019-06-15 09:17:20,801 INFO  server.RaftServerConfigKeys (ConfUtils.java:logGet(43)) - raft.server.log.segment.cache.num.max = 2 (custom)
2019-06-15 09:17:20,801 INFO  storage.RaftLogWorker (RaftLogWorker.java:<init>(123)) - new 5cd9881d-2f30-4aa6-8033-dd44ce078107-RaftLogWorker for Storage Directory /opt/src/hadoop-ozone/integration-test/target/test-dir/MiniOzoneClusterImpl-1954c0b4-74ed-4a38-b1e0-77a3e245d19b/datanode-0/data/ratis/0c217c42-4db2-4c77-91af-205474211ba7
2019-06-15 09:17:20,801 INFO  server.RaftServerConfigKeys (ConfUtils.java:logGet(43)) - raft.server.log.queue.byte-limit = 2147483647 (custom)
2019-06-15 09:17:20,801 INFO  server.RaftServerConfigKeys (ConfUtils.java:logGet(43)) - raft.server.log.queue.element-limit = 1024 (custom)
2019-06-15 09:17:20,801 INFO  server.RaftServerConfigKeys (ConfUtils.java:logGet(43)) - raft.server.log.segment.size.max = 16384 (custom)
2019-06-15 09:17:20,801 INFO  server.RaftServerConfigKeys (ConfUtils.java:logGet(43)) - raft.server.log.preallocated.size = 16384 (custom)
2019-06-15 09:17:20,801 INFO  server.RaftServerConfigKeys (ConfUtils.java:logGet(43)) - raft.server.log.write.buffer.size = 33554432 (custom)
2019-06-15 09:17:20,802 INFO  server.RaftServerConfigKeys (ConfUtils.java:logGet(43)) - raft.server.log.force.sync.num = 128 (default)
2019-06-15 09:17:20,802 INFO  server.RaftServerConfigKeys (ConfUtils.java:logGet(43)) - raft.server.log.statemachine.data.sync = true (default)
2019-06-15 09:17:20,802 INFO  server.RaftServerConfigKeys (ConfUtils.java:logGet(43)) - raft.server.log.statemachine.data.sync.timeout = 10s (default)
2019-06-15 09:17:20,802 INFO  server.RaftServerConfigKeys (ConfUtils.java:logGet(43)) - raft.server.log.statemachine.data.sync.timeout.retry = -1 (default)
2019-06-15 09:17:20,800 INFO  util.JmxRegister (JmxRegister.java:tryRegister(44)) - Successfully registered JMX Bean with object name Ratis:service=RaftServer,group=group-205474211BA7,id=0de7c197-8155-4e41-9b1e-43f587f8a147
2019-06-15 09:17:20,802 INFO  server.RaftServerConfigKeys (ConfUtils.java:logGet(43)) - raft.server.retrycache.expirytime = 600000ms (custom)
2019-06-15 09:17:20,802 INFO  server.RaftServerConfigKeys (ConfUtils.java:logGet(43)) - raft.server.log.statemachine.data.caching.enabled = true (custom)
2019-06-15 09:17:20,802 INFO  impl.RaftServerImpl (RaftServerImpl.java:start(173)) - 1a1d785e-ef80-4c90-a3ad-494184dbf9ed: start group-205474211BA7
2019-06-15 09:17:20,802 INFO  impl.RaftServerImpl (RaftServerImpl.java:setRole(164)) - 1a1d785e-ef80-4c90-a3ad-494184dbf9ed:group-205474211BA7 changes role from null to FOLLOWER at term 0 for startAsFollower
2019-06-15 09:17:20,803 INFO  impl.RoleInfo (RoleInfo.java:updateAndGet(143)) - 1a1d785e-ef80-4c90-a3ad-494184dbf9ed: start FollowerState
2019-06-15 09:17:20,803 INFO  server.RaftServerConfigKeys (ConfUtils.java:logGet(43)) - raft.server.snapshot.auto.trigger.enabled = true (custom)
2019-06-15 09:17:20,803 INFO  server.RaftServerConfigKeys (ConfUtils.java:logGet(43)) - raft.server.snapshot.auto.trigger.threshold = 10000 (custom)
2019-06-15 09:17:20,805 INFO  server.RaftServerConfigKeys (ConfUtils.java:logGet(43)) - raft.server.retrycache.expirytime = 600000ms (custom)
2019-06-15 09:17:20,805 INFO  util.JmxRegister (JmxRegister.java:tryRegister(44)) - Successfully registered JMX Bean with object name Ratis:service=RaftServer,group=group-205474211BA7,id=1a1d785e-ef80-4c90-a3ad-494184dbf9ed
2019-06-15 09:17:20,805 INFO  impl.RaftServerImpl (RaftServerImpl.java:start(173)) - 5cd9881d-2f30-4aa6-8033-dd44ce078107: start group-205474211BA7
2019-06-15 09:17:20,805 INFO  impl.RaftServerImpl (RaftServerImpl.java:setRole(164)) - 5cd9881d-2f30-4aa6-8033-dd44ce078107:group-205474211BA7 changes role from null to FOLLOWER at term 0 for startAsFollower
2019-06-15 09:17:20,809 INFO  impl.RoleInfo (RoleInfo.java:updateAndGet(143)) - 5cd9881d-2f30-4aa6-8033-dd44ce078107: start FollowerState
2019-06-15 09:17:20,811 INFO  util.JmxRegister (JmxRegister.java:tryRegister(44)) - Successfully registered JMX Bean with object name Ratis:service=RaftServer,group=group-205474211BA7,id=5cd9881d-2f30-4aa6-8033-dd44ce078107
2019-06-15 09:17:20,817 INFO  pipeline.PipelineStateManager (PipelineStateManager.java:addPipeline(56)) - Created pipeline Pipeline[ Id: 0c217c42-4db2-4c77-91af-205474211ba7, Nodes: 0de7c197-8155-4e41-9b1e-43f587f8a147{ip: 192.168.11.247, host: ozone-unit-076618677d3-zsc8r-561628338, networkLocation: /default-rack, certSerialId: null}5cd9881d-2f30-4aa6-8033-dd44ce078107{ip: 192.168.11.247, host: ozone-unit-076618677d3-zsc8r-561628338, networkLocation: /default-rack, certSerialId: null}1a1d785e-ef80-4c90-a3ad-494184dbf9ed{ip: 192.168.11.247, host: ozone-unit-076618677d3-zsc8r-561628338, networkLocation: /default-rack, certSerialId: null}, Type:RATIS, Factor:THREE, State:OPEN]
2019-06-15 09:17:20,898 INFO  node.SCMNodeManager (SCMNodeManager.java:register(269)) - Registered Data node : 5fb74092-91d9-43dc-930a-f03bd504fa9b{ip: 192.168.11.247, host: ozone-unit-076618677d3-zsc8r-561628338, networkLocation: /default-rack, certSerialId: null}
2019-06-15 09:17:20,908 INFO  impl.RaftServerProxy (RaftServerProxy.java:addNew(89)) - 5fb74092-91d9-43dc-930a-f03bd504fa9b: addNew group-F6B8A7D2386B:[5fb74092-91d9-43dc-930a-f03bd504fa9b:192.168.11.247:43603] returns group-F6B8A7D2386B:java.util.concurrent.CompletableFuture@6770cfa4[Not completed]
2019-06-15 09:17:20,909 INFO  impl.RaftServerImpl (RaftServerImpl.java:<init>(91)) - 5fb74092-91d9-43dc-930a-f03bd504fa9b: new RaftServerImpl for group-F6B8A7D2386B:[5fb74092-91d9-43dc-930a-f03bd504fa9b:192.168.11.247:43603] with ContainerStateMachine:uninitialized
2019-06-15 09:17:20,909 INFO  server.RaftServerConfigKeys (ConfUtils.java:logGet(43)) - raft.server.rpc.timeout.min = 1s (custom)
2019-06-15 09:17:20,909 INFO  server.RaftServerConfigKeys (ConfUtils.java:logGet(43)) - raft.server.rpc.timeout.max = 1200ms (custom)
2019-06-15 09:17:20,909 INFO  server.RaftServerConfigKeys (ConfUtils.java:logGet(43)) - raft.server.rpcslowness.timeout = 10s (custom)
2019-06-15 09:17:20,909 INFO  server.RaftServerConfigKeys (ConfUtils.java:logGet(43)) - raft.server.log.appender.install.snapshot.enabled = true (default)
2019-06-15 09:17:20,909 INFO  impl.RaftServerImpl (ServerState.java:<init>(101)) - 5fb74092-91d9-43dc-930a-f03bd504fa9b:group-F6B8A7D2386B ConfigurationManager, init=-1: [5fb74092-91d9-43dc-930a-f03bd504fa9b:192.168.11.247:43603], old=null, confs=<EMPTY_MAP>
2019-06-15 09:17:20,909 INFO  server.RaftServerConfigKeys (ConfUtils.java:logGet(43)) - raft.server.storage.dir = [/opt/src/hadoop-ozone/integration-test/target/test-dir/MiniOzoneClusterImpl-1954c0b4-74ed-4a38-b1e0-77a3e245d19b/datanode-4/data/ratis] (custom)
2019-06-15 09:17:20,910 INFO  storage.RaftStorageDirectory (RaftStorageDirectory.java:analyzeStorage(246)) - The storage directory /opt/src/hadoop-ozone/integration-test/target/test-dir/MiniOzoneClusterImpl-1954c0b4-74ed-4a38-b1e0-77a3e245d19b/datanode-4/data/ratis/926d5bfd-d5da-4f3f-8328-f6b8a7d2386b does not exist. Creating ...
2019-06-15 09:17:20,912 INFO  storage.RaftStorageDirectory (RaftStorageDirectory.java:tryLock(328)) - Lock on /opt/src/hadoop-ozone/integration-test/target/test-dir/MiniOzoneClusterImpl-1954c0b4-74ed-4a38-b1e0-77a3e245d19b/datanode-4/data/ratis/926d5bfd-d5da-4f3f-8328-f6b8a7d2386b/in_use.lock acquired by nodename 10105@ozone-unit-076618677d3-zsc8r-561628338
2019-06-15 09:17:20,914 INFO  storage.RaftStorage (RaftStorage.java:format(75)) - Storage directory /opt/src/hadoop-ozone/integration-test/target/test-dir/MiniOzoneClusterImpl-1954c0b4-74ed-4a38-b1e0-77a3e245d19b/datanode-4/data/ratis/926d5bfd-d5da-4f3f-8328-f6b8a7d2386b has been successfully formatted.
2019-06-15 09:17:20,914 INFO  ratis.ContainerStateMachine (ContainerStateMachine.java:loadSnapshot(199)) - The snapshot info is null.Setting the last applied index to:(t:0, i:~)
2019-06-15 09:17:20,914 INFO  server.RaftServerConfigKeys (ConfUtils.java:logGet(43)) - raft.server.leader.election.timeout = 10s (custom)
2019-06-15 09:17:20,914 INFO  server.RaftServerConfigKeys (ConfUtils.java:logGet(43)) - raft.server.log.use.memory = false (default)
2019-06-15 09:17:20,914 INFO  server.RaftServerConfigKeys (ConfUtils.java:logGet(43)) - raft.server.log.appender.buffer.byte-limit = 33554432 (custom)
2019-06-15 09:17:20,914 INFO  server.RaftServerConfigKeys (ConfUtils.java:logGet(43)) - raft.server.log.segment.size.max = 16384 (custom)
2019-06-15 09:17:20,914 INFO  server.RaftServerConfigKeys (ConfUtils.java:logGet(43)) - raft.server.log.segment.cache.num.max = 2 (custom)
2019-06-15 09:17:20,914 INFO  storage.RaftLogWorker (RaftLogWorker.java:<init>(123)) - new 5fb74092-91d9-43dc-930a-f03bd504fa9b-RaftLogWorker for Storage Directory /opt/src/hadoop-ozone/integration-test/target/test-dir/MiniOzoneClusterImpl-1954c0b4-74ed-4a38-b1e0-77a3e245d19b/datanode-4/data/ratis/926d5bfd-d5da-4f3f-8328-f6b8a7d2386b
2019-06-15 09:17:20,914 INFO  server.RaftServerConfigKeys (ConfUtils.java:logGet(43)) - raft.server.log.queue.byte-limit = 2147483647 (custom)
2019-06-15 09:17:20,914 INFO  server.RaftServerConfigKeys (ConfUtils.java:logGet(43)) - raft.server.log.queue.element-limit = 1024 (custom)
2019-06-15 09:17:20,915 INFO  server.RaftServerConfigKeys (ConfUtils.java:logGet(43)) - raft.server.log.segment.size.max = 16384 (custom)
2019-06-15 09:17:20,915 INFO  server.RaftServerConfigKeys (ConfUtils.java:logGet(43)) - raft.server.log.preallocated.size = 16384 (custom)
2019-06-15 09:17:20,915 INFO  server.RaftServerConfigKeys (ConfUtils.java:logGet(43)) - raft.server.log.write.buffer.size = 33554432 (custom)
2019-06-15 09:17:20,915 INFO  server.RaftServerConfigKeys (ConfUtils.java:logGet(43)) - raft.server.log.force.sync.num = 128 (default)
2019-06-15 09:17:20,915 INFO  server.RaftServerConfigKeys (ConfUtils.java:logGet(43)) - raft.server.log.statemachine.data.sync = true (default)
2019-06-15 09:17:20,915 INFO  server.RaftServerConfigKeys (ConfUtils.java:logGet(43)) - raft.server.log.statemachine.data.sync.timeout = 10s (default)
2019-06-15 09:17:20,915 INFO  server.RaftServerConfigKeys (ConfUtils.java:logGet(43)) - raft.server.log.statemachine.data.sync.timeout.retry = -1 (default)
2019-06-15 09:17:20,915 INFO  server.RaftServerConfigKeys (ConfUtils.java:logGet(43)) - raft.server.log.statemachine.data.caching.enabled = true (custom)
2019-06-15 09:17:20,915 INFO  server.RaftServerConfigKeys (ConfUtils.java:logGet(43)) - raft.server.snapshot.auto.trigger.enabled = true (custom)
2019-06-15 09:17:20,915 INFO  server.RaftServerConfigKeys (ConfUtils.java:logGet(43)) - raft.server.snapshot.auto.trigger.threshold = 10000 (custom)
2019-06-15 09:17:20,916 INFO  server.RaftServerConfigKeys (ConfUtils.java:logGet(43)) - raft.server.retrycache.expirytime = 600000ms (custom)
2019-06-15 09:17:20,916 INFO  impl.RaftServerImpl (RaftServerImpl.java:start(173)) - 5fb74092-91d9-43dc-930a-f03bd504fa9b: start group-F6B8A7D2386B
2019-06-15 09:17:20,916 INFO  impl.RaftServerImpl (RaftServerImpl.java:setRole(164)) - 5fb74092-91d9-43dc-930a-f03bd504fa9b:group-F6B8A7D2386B changes role from null to FOLLOWER at term 0 for startAsFollower
2019-06-15 09:17:20,916 INFO  impl.RoleInfo (RoleInfo.java:updateAndGet(143)) - 5fb74092-91d9-43dc-930a-f03bd504fa9b: start FollowerState
2019-06-15 09:17:20,916 INFO  util.JmxRegister (JmxRegister.java:tryRegister(44)) - Successfully registered JMX Bean with object name Ratis:service=RaftServer,group=group-F6B8A7D2386B,id=5fb74092-91d9-43dc-930a-f03bd504fa9b
2019-06-15 09:17:20,921 INFO  pipeline.PipelineStateManager (PipelineStateManager.java:addPipeline(56)) - Created pipeline Pipeline[ Id: 926d5bfd-d5da-4f3f-8328-f6b8a7d2386b, Nodes: 5fb74092-91d9-43dc-930a-f03bd504fa9b{ip: 192.168.11.247, host: ozone-unit-076618677d3-zsc8r-561628338, networkLocation: /default-rack, certSerialId: null}, Type:RATIS, Factor:ONE, State:OPEN]
2019-06-15 09:17:21,054 INFO  ozone.MiniOzoneClusterImpl (MiniOzoneClusterImpl.java:lambda$waitForClusterToBeReady$0(142)) - Waiting for cluster to be ready. Got 5 of 6 DN Heartbeats.
2019-06-15 09:17:21,057 INFO  node.SCMNodeManager (SCMNodeManager.java:register(269)) - Registered Data node : aae5619a-ad71-4ba3-b618-e9d1883a6508{ip: 192.168.11.247, host: ozone-unit-076618677d3-zsc8r-561628338, networkLocation: /default-rack, certSerialId: null}
2019-06-15 09:17:21,067 INFO  impl.RaftServerProxy (RaftServerProxy.java:addNew(89)) - aae5619a-ad71-4ba3-b618-e9d1883a6508: addNew group-04D3205B02DD:[aae5619a-ad71-4ba3-b618-e9d1883a6508:192.168.11.247:42987] returns group-04D3205B02DD:java.util.concurrent.CompletableFuture@252b664[Not completed]
2019-06-15 09:17:21,068 INFO  impl.RaftServerImpl (RaftServerImpl.java:<init>(91)) - aae5619a-ad71-4ba3-b618-e9d1883a6508: new RaftServerImpl for group-04D3205B02DD:[aae5619a-ad71-4ba3-b618-e9d1883a6508:192.168.11.247:42987] with ContainerStateMachine:uninitialized
2019-06-15 09:17:21,068 INFO  server.RaftServerConfigKeys (ConfUtils.java:logGet(43)) - raft.server.rpc.timeout.min = 1s (custom)
2019-06-15 09:17:21,068 INFO  server.RaftServerConfigKeys (ConfUtils.java:logGet(43)) - raft.server.rpc.timeout.max = 1200ms (custom)
2019-06-15 09:17:21,068 INFO  server.RaftServerConfigKeys (ConfUtils.java:logGet(43)) - raft.server.rpcslowness.timeout = 10s (custom)
2019-06-15 09:17:21,068 INFO  server.RaftServerConfigKeys (ConfUtils.java:logGet(43)) - raft.server.log.appender.install.snapshot.enabled = true (default)
2019-06-15 09:17:21,068 INFO  impl.RaftServerImpl (ServerState.java:<init>(101)) - aae5619a-ad71-4ba3-b618-e9d1883a6508:group-04D3205B02DD ConfigurationManager, init=-1: [aae5619a-ad71-4ba3-b618-e9d1883a6508:192.168.11.247:42987], old=null, confs=<EMPTY_MAP>
2019-06-15 09:17:21,069 INFO  server.RaftServerConfigKeys (ConfUtils.java:logGet(43)) - raft.server.storage.dir = [/opt/src/hadoop-ozone/integration-test/target/test-dir/MiniOzoneClusterImpl-1954c0b4-74ed-4a38-b1e0-77a3e245d19b/datanode-5/data/ratis] (custom)
2019-06-15 09:17:21,069 INFO  storage.RaftStorageDirectory (RaftStorageDirectory.java:analyzeStorage(246)) - The storage directory /opt/src/hadoop-ozone/integration-test/target/test-dir/MiniOzoneClusterImpl-1954c0b4-74ed-4a38-b1e0-77a3e245d19b/datanode-5/data/ratis/fa3f0c21-74e5-49c5-8967-04d3205b02dd does not exist. Creating ...
2019-06-15 09:17:21,071 INFO  storage.RaftStorageDirectory (RaftStorageDirectory.java:tryLock(328)) - Lock on /opt/src/hadoop-ozone/integration-test/target/test-dir/MiniOzoneClusterImpl-1954c0b4-74ed-4a38-b1e0-77a3e245d19b/datanode-5/data/ratis/fa3f0c21-74e5-49c5-8967-04d3205b02dd/in_use.lock acquired by nodename 10105@ozone-unit-076618677d3-zsc8r-561628338
2019-06-15 09:17:21,073 INFO  storage.RaftStorage (RaftStorage.java:format(75)) - Storage directory /opt/src/hadoop-ozone/integration-test/target/test-dir/MiniOzoneClusterImpl-1954c0b4-74ed-4a38-b1e0-77a3e245d19b/datanode-5/data/ratis/fa3f0c21-74e5-49c5-8967-04d3205b02dd has been successfully formatted.
2019-06-15 09:17:21,073 INFO  ratis.ContainerStateMachine (ContainerStateMachine.java:loadSnapshot(199)) - The snapshot info is null.Setting the last applied index to:(t:0, i:~)
2019-06-15 09:17:21,073 INFO  server.RaftServerConfigKeys (ConfUtils.java:logGet(43)) - raft.server.leader.election.timeout = 10s (custom)
2019-06-15 09:17:21,073 INFO  server.RaftServerConfigKeys (ConfUtils.java:logGet(43)) - raft.server.log.use.memory = false (default)
2019-06-15 09:17:21,073 INFO  server.RaftServerConfigKeys (ConfUtils.java:logGet(43)) - raft.server.log.appender.buffer.byte-limit = 33554432 (custom)
2019-06-15 09:17:21,073 INFO  server.RaftServerConfigKeys (ConfUtils.java:logGet(43)) - raft.server.log.segment.size.max = 16384 (custom)
2019-06-15 09:17:21,074 INFO  server.RaftServerConfigKeys (ConfUtils.java:logGet(43)) - raft.server.log.segment.cache.num.max = 2 (custom)
2019-06-15 09:17:21,074 INFO  storage.RaftLogWorker (RaftLogWorker.java:<init>(123)) - new aae5619a-ad71-4ba3-b618-e9d1883a6508-RaftLogWorker for Storage Directory /opt/src/hadoop-ozone/integration-test/target/test-dir/MiniOzoneClusterImpl-1954c0b4-74ed-4a38-b1e0-77a3e245d19b/datanode-5/data/ratis/fa3f0c21-74e5-49c5-8967-04d3205b02dd
2019-06-15 09:17:21,074 INFO  server.RaftServerConfigKeys (ConfUtils.java:logGet(43)) - raft.server.log.queue.byte-limit = 2147483647 (custom)
2019-06-15 09:17:21,074 INFO  server.RaftServerConfigKeys (ConfUtils.java:logGet(43)) - raft.server.log.queue.element-limit = 1024 (custom)
2019-06-15 09:17:21,074 INFO  server.RaftServerConfigKeys (ConfUtils.java:logGet(43)) - raft.server.log.segment.size.max = 16384 (custom)
2019-06-15 09:17:21,074 INFO  server.RaftServerConfigKeys (ConfUtils.java:logGet(43)) - raft.server.log.preallocated.size = 16384 (custom)
2019-06-15 09:17:21,074 INFO  server.RaftServerConfigKeys (ConfUtils.java:logGet(43)) - raft.server.log.write.buffer.size = 33554432 (custom)
2019-06-15 09:17:21,074 INFO  server.RaftServerConfigKeys (ConfUtils.java:logGet(43)) - raft.server.log.force.sync.num = 128 (default)
2019-06-15 09:17:21,074 INFO  server.RaftServerConfigKeys (ConfUtils.java:logGet(43)) - raft.server.log.statemachine.data.sync = true (default)
2019-06-15 09:17:21,074 INFO  server.RaftServerConfigKeys (ConfUtils.java:logGet(43)) - raft.server.log.statemachine.data.sync.timeout = 10s (default)
2019-06-15 09:17:21,074 INFO  server.RaftServerConfigKeys (ConfUtils.java:logGet(43)) - raft.server.log.statemachine.data.sync.timeout.retry = -1 (default)
2019-06-15 09:17:21,074 INFO  server.RaftServerConfigKeys (ConfUtils.java:logGet(43)) - raft.server.log.statemachine.data.caching.enabled = true (custom)
2019-06-15 09:17:21,075 INFO  server.RaftServerConfigKeys (ConfUtils.java:logGet(43)) - raft.server.snapshot.auto.trigger.enabled = true (custom)
2019-06-15 09:17:21,075 INFO  server.RaftServerConfigKeys (ConfUtils.java:logGet(43)) - raft.server.snapshot.auto.trigger.threshold = 10000 (custom)
2019-06-15 09:17:21,075 INFO  server.RaftServerConfigKeys (ConfUtils.java:logGet(43)) - raft.server.retrycache.expirytime = 600000ms (custom)
2019-06-15 09:17:21,075 INFO  impl.RaftServerImpl (RaftServerImpl.java:start(173)) - aae5619a-ad71-4ba3-b618-e9d1883a6508: start group-04D3205B02DD
2019-06-15 09:17:21,075 INFO  impl.RaftServerImpl (RaftServerImpl.java:setRole(164)) - aae5619a-ad71-4ba3-b618-e9d1883a6508:group-04D3205B02DD changes role from null to FOLLOWER at term 0 for startAsFollower
2019-06-15 09:17:21,075 INFO  impl.RoleInfo (RoleInfo.java:updateAndGet(143)) - aae5619a-ad71-4ba3-b618-e9d1883a6508: start FollowerState
2019-06-15 09:17:21,075 INFO  util.JmxRegister (JmxRegister.java:tryRegister(44)) - Successfully registered JMX Bean with object name Ratis:service=RaftServer,group=group-04D3205B02DD,id=aae5619a-ad71-4ba3-b618-e9d1883a6508
2019-06-15 09:17:21,080 INFO  pipeline.PipelineStateManager (PipelineStateManager.java:addPipeline(56)) - Created pipeline Pipeline[ Id: fa3f0c21-74e5-49c5-8967-04d3205b02dd, Nodes: aae5619a-ad71-4ba3-b618-e9d1883a6508{ip: 192.168.11.247, host: ozone-unit-076618677d3-zsc8r-561628338, networkLocation: /default-rack, certSerialId: null}, Type:RATIS, Factor:ONE, State:OPEN]
2019-06-15 09:17:21,101 INFO  impl.RaftServerProxy (RaftServerProxy.java:addNew(89)) - 5fb74092-91d9-43dc-930a-f03bd504fa9b: addNew group-AB9078206EE5:[aae5619a-ad71-4ba3-b618-e9d1883a6508:192.168.11.247:42987, 5fb74092-91d9-43dc-930a-f03bd504fa9b:192.168.11.247:43603, 2042a3e0-e793-4187-8d88-47a87faa4607:192.168.11.247:39443] returns group-AB9078206EE5:java.util.concurrent.CompletableFuture@7d75ec1[Not completed]
2019-06-15 09:17:21,102 INFO  impl.RaftServerImpl (RaftServerImpl.java:<init>(91)) - 5fb74092-91d9-43dc-930a-f03bd504fa9b: new RaftServerImpl for group-AB9078206EE5:[aae5619a-ad71-4ba3-b618-e9d1883a6508:192.168.11.247:42987, 5fb74092-91d9-43dc-930a-f03bd504fa9b:192.168.11.247:43603, 2042a3e0-e793-4187-8d88-47a87faa4607:192.168.11.247:39443] with ContainerStateMachine:uninitialized
2019-06-15 09:17:21,102 INFO  server.RaftServerConfigKeys (ConfUtils.java:logGet(43)) - raft.server.rpc.timeout.min = 1s (custom)
2019-06-15 09:17:21,102 INFO  server.RaftServerConfigKeys (ConfUtils.java:logGet(43)) - raft.server.rpc.timeout.max = 1200ms (custom)
2019-06-15 09:17:21,102 INFO  server.RaftServerConfigKeys (ConfUtils.java:logGet(43)) - raft.server.rpcslowness.timeout = 10s (custom)
2019-06-15 09:17:21,102 INFO  server.RaftServerConfigKeys (ConfUtils.java:logGet(43)) - raft.server.log.appender.install.snapshot.enabled = true (default)
2019-06-15 09:17:21,102 INFO  impl.RaftServerImpl (ServerState.java:<init>(101)) - 5fb74092-91d9-43dc-930a-f03bd504fa9b:group-AB9078206EE5 ConfigurationManager, init=-1: [aae5619a-ad71-4ba3-b618-e9d1883a6508:192.168.11.247:42987, 5fb74092-91d9-43dc-930a-f03bd504fa9b:192.168.11.247:43603, 2042a3e0-e793-4187-8d88-47a87faa4607:192.168.11.247:39443], old=null, confs=<EMPTY_MAP>
2019-06-15 09:17:21,102 INFO  server.RaftServerConfigKeys (ConfUtils.java:logGet(43)) - raft.server.storage.dir = [/opt/src/hadoop-ozone/integration-test/target/test-dir/MiniOzoneClusterImpl-1954c0b4-74ed-4a38-b1e0-77a3e245d19b/datanode-4/data/ratis] (custom)
2019-06-15 09:17:21,103 INFO  storage.RaftStorageDirectory (RaftStorageDirectory.java:analyzeStorage(246)) - The storage directory /opt/src/hadoop-ozone/integration-test/target/test-dir/MiniOzoneClusterImpl-1954c0b4-74ed-4a38-b1e0-77a3e245d19b/datanode-4/data/ratis/7e12cf57-a2da-4e68-b3a9-ab9078206ee5 does not exist. Creating ...
2019-06-15 09:17:21,103 INFO  impl.RaftServerProxy (RaftServerProxy.java:addNew(89)) - aae5619a-ad71-4ba3-b618-e9d1883a6508: addNew group-AB9078206EE5:[aae5619a-ad71-4ba3-b618-e9d1883a6508:192.168.11.247:42987, 5fb74092-91d9-43dc-930a-f03bd504fa9b:192.168.11.247:43603, 2042a3e0-e793-4187-8d88-47a87faa4607:192.168.11.247:39443] returns group-AB9078206EE5:java.util.concurrent.CompletableFuture@3c4e7aab[Not completed]
2019-06-15 09:17:21,103 INFO  impl.RaftServerProxy (RaftServerProxy.java:addNew(89)) - 2042a3e0-e793-4187-8d88-47a87faa4607: addNew group-AB9078206EE5:[aae5619a-ad71-4ba3-b618-e9d1883a6508:192.168.11.247:42987, 5fb74092-91d9-43dc-930a-f03bd504fa9b:192.168.11.247:43603, 2042a3e0-e793-4187-8d88-47a87faa4607:192.168.11.247:39443] returns group-AB9078206EE5:java.util.concurrent.CompletableFuture@10a129c9[Not completed]
2019-06-15 09:17:21,104 INFO  impl.RaftServerImpl (RaftServerImpl.java:<init>(91)) - 2042a3e0-e793-4187-8d88-47a87faa4607: new RaftServerImpl for group-AB9078206EE5:[aae5619a-ad71-4ba3-b618-e9d1883a6508:192.168.11.247:42987, 5fb74092-91d9-43dc-930a-f03bd504fa9b:192.168.11.247:43603, 2042a3e0-e793-4187-8d88-47a87faa4607:192.168.11.247:39443] with ContainerStateMachine:uninitialized
2019-06-15 09:17:21,104 INFO  server.RaftServerConfigKeys (ConfUtils.java:logGet(43)) - raft.server.rpc.timeout.min = 1s (custom)
2019-06-15 09:17:21,104 INFO  server.RaftServerConfigKeys (ConfUtils.java:logGet(43)) - raft.server.rpc.timeout.max = 1200ms (custom)
2019-06-15 09:17:21,104 INFO  server.RaftServerConfigKeys (ConfUtils.java:logGet(43)) - raft.server.rpcslowness.timeout = 10s (custom)
2019-06-15 09:17:21,104 INFO  server.RaftServerConfigKeys (ConfUtils.java:logGet(43)) - raft.server.log.appender.install.snapshot.enabled = true (default)
2019-06-15 09:17:21,104 INFO  impl.RaftServerImpl (ServerState.java:<init>(101)) - 2042a3e0-e793-4187-8d88-47a87faa4607:group-AB9078206EE5 ConfigurationManager, init=-1: [aae5619a-ad71-4ba3-b618-e9d1883a6508:192.168.11.247:42987, 5fb74092-91d9-43dc-930a-f03bd504fa9b:192.168.11.247:43603, 2042a3e0-e793-4187-8d88-47a87faa4607:192.168.11.247:39443], old=null, confs=<EMPTY_MAP>
2019-06-15 09:17:21,104 INFO  server.RaftServerConfigKeys (ConfUtils.java:logGet(43)) - raft.server.storage.dir = [/opt/src/hadoop-ozone/integration-test/target/test-dir/MiniOzoneClusterImpl-1954c0b4-74ed-4a38-b1e0-77a3e245d19b/datanode-2/data/ratis] (custom)
2019-06-15 09:17:21,105 INFO  storage.RaftStorageDirectory (RaftStorageDirectory.java:analyzeStorage(246)) - The storage directory /opt/src/hadoop-ozone/integration-test/target/test-dir/MiniOzoneClusterImpl-1954c0b4-74ed-4a38-b1e0-77a3e245d19b/datanode-2/data/ratis/7e12cf57-a2da-4e68-b3a9-ab9078206ee5 does not exist. Creating ...
2019-06-15 09:17:21,105 INFO  storage.RaftStorageDirectory (RaftStorageDirectory.java:tryLock(328)) - Lock on /opt/src/hadoop-ozone/integration-test/target/test-dir/MiniOzoneClusterImpl-1954c0b4-74ed-4a38-b1e0-77a3e245d19b/datanode-4/data/ratis/7e12cf57-a2da-4e68-b3a9-ab9078206ee5/in_use.lock acquired by nodename 10105@ozone-unit-076618677d3-zsc8r-561628338
2019-06-15 09:17:21,105 INFO  impl.RaftServerImpl (RaftServerImpl.java:<init>(91)) - aae5619a-ad71-4ba3-b618-e9d1883a6508: new RaftServerImpl for group-AB9078206EE5:[aae5619a-ad71-4ba3-b618-e9d1883a6508:192.168.11.247:42987, 5fb74092-91d9-43dc-930a-f03bd504fa9b:192.168.11.247:43603, 2042a3e0-e793-4187-8d88-47a87faa4607:192.168.11.247:39443] with ContainerStateMachine:uninitialized
2019-06-15 09:17:21,106 INFO  server.RaftServerConfigKeys (ConfUtils.java:logGet(43)) - raft.server.rpc.timeout.min = 1s (custom)
2019-06-15 09:17:21,106 INFO  server.RaftServerConfigKeys (ConfUtils.java:logGet(43)) - raft.server.rpc.timeout.max = 1200ms (custom)
2019-06-15 09:17:21,106 INFO  server.RaftServerConfigKeys (ConfUtils.java:logGet(43)) - raft.server.rpcslowness.timeout = 10s (custom)
2019-06-15 09:17:21,106 INFO  server.RaftServerConfigKeys (ConfUtils.java:logGet(43)) - raft.server.log.appender.install.snapshot.enabled = true (default)
2019-06-15 09:17:21,106 INFO  impl.RaftServerImpl (ServerState.java:<init>(101)) - aae5619a-ad71-4ba3-b618-e9d1883a6508:group-AB9078206EE5 ConfigurationManager, init=-1: [aae5619a-ad71-4ba3-b618-e9d1883a6508:192.168.11.247:42987, 5fb74092-91d9-43dc-930a-f03bd504fa9b:192.168.11.247:43603, 2042a3e0-e793-4187-8d88-47a87faa4607:192.168.11.247:39443], old=null, confs=<EMPTY_MAP>
2019-06-15 09:17:21,106 INFO  server.RaftServerConfigKeys (ConfUtils.java:logGet(43)) - raft.server.storage.dir = [/opt/src/hadoop-ozone/integration-test/target/test-dir/MiniOzoneClusterImpl-1954c0b4-74ed-4a38-b1e0-77a3e245d19b/datanode-5/data/ratis] (custom)
2019-06-15 09:17:21,106 INFO  storage.RaftStorageDirectory (RaftStorageDirectory.java:analyzeStorage(246)) - The storage directory /opt/src/hadoop-ozone/integration-test/target/test-dir/MiniOzoneClusterImpl-1954c0b4-74ed-4a38-b1e0-77a3e245d19b/datanode-5/data/ratis/7e12cf57-a2da-4e68-b3a9-ab9078206ee5 does not exist. Creating ...
2019-06-15 09:17:21,108 INFO  storage.RaftStorageDirectory (RaftStorageDirectory.java:tryLock(328)) - Lock on /opt/src/hadoop-ozone/integration-test/target/test-dir/MiniOzoneClusterImpl-1954c0b4-74ed-4a38-b1e0-77a3e245d19b/datanode-2/data/ratis/7e12cf57-a2da-4e68-b3a9-ab9078206ee5/in_use.lock acquired by nodename 10105@ozone-unit-076618677d3-zsc8r-561628338
2019-06-15 09:17:21,109 INFO  storage.RaftStorage (RaftStorage.java:format(75)) - Storage directory /opt/src/hadoop-ozone/integration-test/target/test-dir/MiniOzoneClusterImpl-1954c0b4-74ed-4a38-b1e0-77a3e245d19b/datanode-4/data/ratis/7e12cf57-a2da-4e68-b3a9-ab9078206ee5 has been successfully formatted.
2019-06-15 09:17:21,109 INFO  ratis.ContainerStateMachine (ContainerStateMachine.java:loadSnapshot(199)) - The snapshot info is null.Setting the last applied index to:(t:0, i:~)
2019-06-15 09:17:21,109 INFO  storage.RaftStorageDirectory (RaftStorageDirectory.java:tryLock(328)) - Lock on /opt/src/hadoop-ozone/integration-test/target/test-dir/MiniOzoneClusterImpl-1954c0b4-74ed-4a38-b1e0-77a3e245d19b/datanode-5/data/ratis/7e12cf57-a2da-4e68-b3a9-ab9078206ee5/in_use.lock acquired by nodename 10105@ozone-unit-076618677d3-zsc8r-561628338
2019-06-15 09:17:21,109 INFO  server.RaftServerConfigKeys (ConfUtils.java:logGet(43)) - raft.server.leader.election.timeout = 10s (custom)
2019-06-15 09:17:21,109 INFO  server.RaftServerConfigKeys (ConfUtils.java:logGet(43)) - raft.server.log.use.memory = false (default)
2019-06-15 09:17:21,110 INFO  server.RaftServerConfigKeys (ConfUtils.java:logGet(43)) - raft.server.log.appender.buffer.byte-limit = 33554432 (custom)
2019-06-15 09:17:21,110 INFO  server.RaftServerConfigKeys (ConfUtils.java:logGet(43)) - raft.server.log.segment.size.max = 16384 (custom)
2019-06-15 09:17:21,110 INFO  server.RaftServerConfigKeys (ConfUtils.java:logGet(43)) - raft.server.log.segment.cache.num.max = 2 (custom)
2019-06-15 09:17:21,110 INFO  storage.RaftLogWorker (RaftLogWorker.java:<init>(123)) - new 5fb74092-91d9-43dc-930a-f03bd504fa9b-RaftLogWorker for Storage Directory /opt/src/hadoop-ozone/integration-test/target/test-dir/MiniOzoneClusterImpl-1954c0b4-74ed-4a38-b1e0-77a3e245d19b/datanode-4/data/ratis/7e12cf57-a2da-4e68-b3a9-ab9078206ee5
2019-06-15 09:17:21,110 INFO  server.RaftServerConfigKeys (ConfUtils.java:logGet(43)) - raft.server.log.queue.byte-limit = 2147483647 (custom)
2019-06-15 09:17:21,110 INFO  server.RaftServerConfigKeys (ConfUtils.java:logGet(43)) - raft.server.log.queue.element-limit = 1024 (custom)
2019-06-15 09:17:21,110 INFO  server.RaftServerConfigKeys (ConfUtils.java:logGet(43)) - raft.server.log.segment.size.max = 16384 (custom)
2019-06-15 09:17:21,110 INFO  server.RaftServerConfigKeys (ConfUtils.java:logGet(43)) - raft.server.log.preallocated.size = 16384 (custom)
2019-06-15 09:17:21,110 INFO  server.RaftServerConfigKeys (ConfUtils.java:logGet(43)) - raft.server.log.write.buffer.size = 33554432 (custom)
2019-06-15 09:17:21,110 INFO  server.RaftServerConfigKeys (ConfUtils.java:logGet(43)) - raft.server.log.force.sync.num = 128 (default)
2019-06-15 09:17:21,110 INFO  server.RaftServerConfigKeys (ConfUtils.java:logGet(43)) - raft.server.log.statemachine.data.sync = true (default)
2019-06-15 09:17:21,110 INFO  server.RaftServerConfigKeys (ConfUtils.java:logGet(43)) - raft.server.log.statemachine.data.sync.timeout = 10s (default)
2019-06-15 09:17:21,110 INFO  server.RaftServerConfigKeys (ConfUtils.java:logGet(43)) - raft.server.log.statemachine.data.sync.timeout.retry = -1 (default)
2019-06-15 09:17:21,111 INFO  server.RaftServerConfigKeys (ConfUtils.java:logGet(43)) - raft.server.log.statemachine.data.caching.enabled = true (custom)
2019-06-15 09:17:21,111 INFO  server.RaftServerConfigKeys (ConfUtils.java:logGet(43)) - raft.server.snapshot.auto.trigger.enabled = true (custom)
2019-06-15 09:17:21,111 INFO  server.RaftServerConfigKeys (ConfUtils.java:logGet(43)) - raft.server.snapshot.auto.trigger.threshold = 10000 (custom)
2019-06-15 09:17:21,111 INFO  server.RaftServerConfigKeys (ConfUtils.java:logGet(43)) - raft.server.retrycache.expirytime = 600000ms (custom)
2019-06-15 09:17:21,111 INFO  impl.RaftServerImpl (RaftServerImpl.java:start(173)) - 5fb74092-91d9-43dc-930a-f03bd504fa9b: start group-AB9078206EE5
2019-06-15 09:17:21,111 INFO  impl.RaftServerImpl (RaftServerImpl.java:setRole(164)) - 5fb74092-91d9-43dc-930a-f03bd504fa9b:group-AB9078206EE5 changes role from null to FOLLOWER at term 0 for startAsFollower
2019-06-15 09:17:21,111 INFO  impl.RoleInfo (RoleInfo.java:updateAndGet(143)) - 5fb74092-91d9-43dc-930a-f03bd504fa9b: start FollowerState
2019-06-15 09:17:21,112 INFO  storage.RaftStorage (RaftStorage.java:format(75)) - Storage directory /opt/src/hadoop-ozone/integration-test/target/test-dir/MiniOzoneClusterImpl-1954c0b4-74ed-4a38-b1e0-77a3e245d19b/datanode-2/data/ratis/7e12cf57-a2da-4e68-b3a9-ab9078206ee5 has been successfully formatted.
2019-06-15 09:17:21,112 INFO  util.JmxRegister (JmxRegister.java:tryRegister(44)) - Successfully registered JMX Bean with object name Ratis:service=RaftServer,group=group-AB9078206EE5,id=5fb74092-91d9-43dc-930a-f03bd504fa9b
2019-06-15 09:17:21,112 INFO  ratis.ContainerStateMachine (ContainerStateMachine.java:loadSnapshot(199)) - The snapshot info is null.Setting the last applied index to:(t:0, i:~)
2019-06-15 09:17:21,112 INFO  server.RaftServerConfigKeys (ConfUtils.java:logGet(43)) - raft.server.leader.election.timeout = 10s (custom)
2019-06-15 09:17:21,112 INFO  server.RaftServerConfigKeys (ConfUtils.java:logGet(43)) - raft.server.log.use.memory = false (default)
2019-06-15 09:17:21,112 INFO  storage.RaftStorage (RaftStorage.java:format(75)) - Storage directory /opt/src/hadoop-ozone/integration-test/target/test-dir/MiniOzoneClusterImpl-1954c0b4-74ed-4a38-b1e0-77a3e245d19b/datanode-5/data/ratis/7e12cf57-a2da-4e68-b3a9-ab9078206ee5 has been successfully formatted.
2019-06-15 09:17:21,112 INFO  server.RaftServerConfigKeys (ConfUtils.java:logGet(43)) - raft.server.log.appender.buffer.byte-limit = 33554432 (custom)
2019-06-15 09:17:21,112 INFO  ratis.ContainerStateMachine (ContainerStateMachine.java:loadSnapshot(199)) - The snapshot info is null.Setting the last applied index to:(t:0, i:~)
2019-06-15 09:17:21,112 INFO  server.RaftServerConfigKeys (ConfUtils.java:logGet(43)) - raft.server.log.segment.size.max = 16384 (custom)
2019-06-15 09:17:21,113 INFO  server.RaftServerConfigKeys (ConfUtils.java:logGet(43)) - raft.server.leader.election.timeout = 10s (custom)
2019-06-15 09:17:21,113 INFO  server.RaftServerConfigKeys (ConfUtils.java:logGet(43)) - raft.server.log.segment.cache.num.max = 2 (custom)
2019-06-15 09:17:21,113 INFO  server.RaftServerConfigKeys (ConfUtils.java:logGet(43)) - raft.server.log.use.memory = false (default)
2019-06-15 09:17:21,113 INFO  storage.RaftLogWorker (RaftLogWorker.java:<init>(123)) - new 2042a3e0-e793-4187-8d88-47a87faa4607-RaftLogWorker for Storage Directory /opt/src/hadoop-ozone/integration-test/target/test-dir/MiniOzoneClusterImpl-1954c0b4-74ed-4a38-b1e0-77a3e245d19b/datanode-2/data/ratis/7e12cf57-a2da-4e68-b3a9-ab9078206ee5
2019-06-15 09:17:21,113 INFO  server.RaftServerConfigKeys (ConfUtils.java:logGet(43)) - raft.server.log.appender.buffer.byte-limit = 33554432 (custom)
2019-06-15 09:17:21,113 INFO  server.RaftServerConfigKeys (ConfUtils.java:logGet(43)) - raft.server.log.queue.byte-limit = 2147483647 (custom)
2019-06-15 09:17:21,113 INFO  server.RaftServerConfigKeys (ConfUtils.java:logGet(43)) - raft.server.log.segment.size.max = 16384 (custom)
2019-06-15 09:17:21,113 INFO  server.RaftServerConfigKeys (ConfUtils.java:logGet(43)) - raft.server.log.queue.element-limit = 1024 (custom)
2019-06-15 09:17:21,113 INFO  server.RaftServerConfigKeys (ConfUtils.java:logGet(43)) - raft.server.log.segment.size.max = 16384 (custom)
2019-06-15 09:17:21,113 INFO  server.RaftServerConfigKeys (ConfUtils.java:logGet(43)) - raft.server.log.preallocated.size = 16384 (custom)
2019-06-15 09:17:21,113 INFO  server.RaftServerConfigKeys (ConfUtils.java:logGet(43)) - raft.server.log.write.buffer.size = 33554432 (custom)
2019-06-15 09:17:21,114 INFO  server.RaftServerConfigKeys (ConfUtils.java:logGet(43)) - raft.server.log.force.sync.num = 128 (default)
2019-06-15 09:17:21,114 INFO  server.RaftServerConfigKeys (ConfUtils.java:logGet(43)) - raft.server.log.statemachine.data.sync = true (default)
2019-06-15 09:17:21,114 INFO  server.RaftServerConfigKeys (ConfUtils.java:logGet(43)) - raft.server.log.statemachine.data.sync.timeout = 10s (default)
2019-06-15 09:17:21,114 INFO  server.RaftServerConfigKeys (ConfUtils.java:logGet(43)) - raft.server.log.statemachine.data.sync.timeout.retry = -1 (default)
2019-06-15 09:17:21,115 INFO  server.RaftServerConfigKeys (ConfUtils.java:logGet(43)) - raft.server.log.statemachine.data.caching.enabled = true (custom)
2019-06-15 09:17:21,113 INFO  server.RaftServerConfigKeys (ConfUtils.java:logGet(43)) - raft.server.log.segment.cache.num.max = 2 (custom)
2019-06-15 09:17:21,115 INFO  storage.RaftLogWorker (RaftLogWorker.java:<init>(123)) - new aae5619a-ad71-4ba3-b618-e9d1883a6508-RaftLogWorker for Storage Directory /opt/src/hadoop-ozone/integration-test/target/test-dir/MiniOzoneClusterImpl-1954c0b4-74ed-4a38-b1e0-77a3e245d19b/datanode-5/data/ratis/7e12cf57-a2da-4e68-b3a9-ab9078206ee5
2019-06-15 09:17:21,115 INFO  server.RaftServerConfigKeys (ConfUtils.java:logGet(43)) - raft.server.log.queue.byte-limit = 2147483647 (custom)
2019-06-15 09:17:21,115 INFO  server.RaftServerConfigKeys (ConfUtils.java:logGet(43)) - raft.server.log.queue.element-limit = 1024 (custom)
2019-06-15 09:17:21,116 INFO  server.RaftServerConfigKeys (ConfUtils.java:logGet(43)) - raft.server.log.segment.size.max = 16384 (custom)
2019-06-15 09:17:21,116 INFO  server.RaftServerConfigKeys (ConfUtils.java:logGet(43)) - raft.server.log.preallocated.size = 16384 (custom)
2019-06-15 09:17:21,116 INFO  server.RaftServerConfigKeys (ConfUtils.java:logGet(43)) - raft.server.log.write.buffer.size = 33554432 (custom)
2019-06-15 09:17:21,116 INFO  server.RaftServerConfigKeys (ConfUtils.java:logGet(43)) - raft.server.log.force.sync.num = 128 (default)
2019-06-15 09:17:21,116 INFO  server.RaftServerConfigKeys (ConfUtils.java:logGet(43)) - raft.server.log.statemachine.data.sync = true (default)
2019-06-15 09:17:21,116 INFO  server.RaftServerConfigKeys (ConfUtils.java:logGet(43)) - raft.server.log.statemachine.data.sync.timeout = 10s (default)
2019-06-15 09:17:21,116 INFO  server.RaftServerConfigKeys (ConfUtils.java:logGet(43)) - raft.server.log.statemachine.data.sync.timeout.retry = -1 (default)
2019-06-15 09:17:21,120 INFO  server.RaftServerConfigKeys (ConfUtils.java:logGet(43)) - raft.server.log.statemachine.data.caching.enabled = true (custom)
2019-06-15 09:17:21,121 INFO  server.RaftServerConfigKeys (ConfUtils.java:logGet(43)) - raft.server.snapshot.auto.trigger.enabled = true (custom)
2019-06-15 09:17:21,123 INFO  server.RaftServerConfigKeys (ConfUtils.java:logGet(43)) - raft.server.snapshot.auto.trigger.threshold = 10000 (custom)
2019-06-15 09:17:21,124 INFO  server.RaftServerConfigKeys (ConfUtils.java:logGet(43)) - raft.server.retrycache.expirytime = 600000ms (custom)
2019-06-15 09:17:21,124 INFO  server.RaftServerConfigKeys (ConfUtils.java:logGet(43)) - raft.server.snapshot.auto.trigger.enabled = true (custom)
2019-06-15 09:17:21,124 INFO  impl.RaftServerImpl (RaftServerImpl.java:start(173)) - 2042a3e0-e793-4187-8d88-47a87faa4607: start group-AB9078206EE5
2019-06-15 09:17:21,125 INFO  server.RaftServerConfigKeys (ConfUtils.java:logGet(43)) - raft.server.snapshot.auto.trigger.threshold = 10000 (custom)
2019-06-15 09:17:21,125 INFO  impl.RaftServerImpl (RaftServerImpl.java:setRole(164)) - 2042a3e0-e793-4187-8d88-47a87faa4607:group-AB9078206EE5 changes role from null to FOLLOWER at term 0 for startAsFollower
2019-06-15 09:17:21,125 INFO  server.RaftServerConfigKeys (ConfUtils.java:logGet(43)) - raft.server.retrycache.expirytime = 600000ms (custom)
2019-06-15 09:17:21,125 INFO  impl.RoleInfo (RoleInfo.java:updateAndGet(143)) - 2042a3e0-e793-4187-8d88-47a87faa4607: start FollowerState
2019-06-15 09:17:21,125 INFO  impl.RaftServerImpl (RaftServerImpl.java:start(173)) - aae5619a-ad71-4ba3-b618-e9d1883a6508: start group-AB9078206EE5
2019-06-15 09:17:21,125 INFO  util.JmxRegister (JmxRegister.java:tryRegister(44)) - Successfully registered JMX Bean with object name Ratis:service=RaftServer,group=group-AB9078206EE5,id=2042a3e0-e793-4187-8d88-47a87faa4607
2019-06-15 09:17:21,125 INFO  impl.RaftServerImpl (RaftServerImpl.java:setRole(164)) - aae5619a-ad71-4ba3-b618-e9d1883a6508:group-AB9078206EE5 changes role from null to FOLLOWER at term 0 for startAsFollower
2019-06-15 09:17:21,125 INFO  impl.RoleInfo (RoleInfo.java:updateAndGet(143)) - aae5619a-ad71-4ba3-b618-e9d1883a6508: start FollowerState
2019-06-15 09:17:21,126 INFO  util.JmxRegister (JmxRegister.java:tryRegister(44)) - Successfully registered JMX Bean with object name Ratis:service=RaftServer,group=group-AB9078206EE5,id=aae5619a-ad71-4ba3-b618-e9d1883a6508
2019-06-15 09:17:21,138 INFO  pipeline.PipelineStateManager (PipelineStateManager.java:addPipeline(56)) - Created pipeline Pipeline[ Id: 7e12cf57-a2da-4e68-b3a9-ab9078206ee5, Nodes: aae5619a-ad71-4ba3-b618-e9d1883a6508{ip: 192.168.11.247, host: ozone-unit-076618677d3-zsc8r-561628338, networkLocation: /default-rack, certSerialId: null}2042a3e0-e793-4187-8d88-47a87faa4607{ip: 192.168.11.247, host: ozone-unit-076618677d3-zsc8r-561628338, networkLocation: /default-rack, certSerialId: null}5fb74092-91d9-43dc-930a-f03bd504fa9b{ip: 192.168.11.247, host: ozone-unit-076618677d3-zsc8r-561628338, networkLocation: /default-rack, certSerialId: null}, Type:RATIS, Factor:THREE, State:OPEN]
2019-06-15 09:17:21,637 INFO  impl.FollowerState (FollowerState.java:run(101)) - 5cd9881d-2f30-4aa6-8033-dd44ce078107:group-D7DEE0F45771 changes to CANDIDATE, lastRpcTime:1043, electionTimeout:1042ms
2019-06-15 09:17:21,637 INFO  impl.RoleInfo (RoleInfo.java:shutdownFollowerState(121)) - 5cd9881d-2f30-4aa6-8033-dd44ce078107: shutdown FollowerState
2019-06-15 09:17:21,637 INFO  impl.RaftServerImpl (RaftServerImpl.java:setRole(164)) - 5cd9881d-2f30-4aa6-8033-dd44ce078107:group-D7DEE0F45771 changes role from FOLLOWER to CANDIDATE at term 0 for changeToCandidate
2019-06-15 09:17:21,639 INFO  impl.RoleInfo (RoleInfo.java:updateAndGet(143)) - 5cd9881d-2f30-4aa6-8033-dd44ce078107: start LeaderElection
2019-06-15 09:17:21,645 INFO  impl.LeaderElection (LeaderElection.java:askForVotes(181)) - 5cd9881d-2f30-4aa6-8033-dd44ce078107:group-D7DEE0F45771:LeaderElection1: begin an election at term 1 for -1: [5cd9881d-2f30-4aa6-8033-dd44ce078107:192.168.11.247:39681], old=null
2019-06-15 09:17:21,647 INFO  impl.RoleInfo (RoleInfo.java:shutdownLeaderElection(134)) - 5cd9881d-2f30-4aa6-8033-dd44ce078107: shutdown LeaderElection
2019-06-15 09:17:21,648 INFO  impl.RaftServerImpl (RaftServerImpl.java:setRole(164)) - 5cd9881d-2f30-4aa6-8033-dd44ce078107:group-D7DEE0F45771 changes role from CANDIDATE to LEADER at term 1 for changeToLeader
2019-06-15 09:17:21,648 INFO  impl.RaftServerImpl (ServerState.java:setLeader(263)) - 5cd9881d-2f30-4aa6-8033-dd44ce078107:group-D7DEE0F45771 change Leader from null to 5cd9881d-2f30-4aa6-8033-dd44ce078107 at term 1 for becomeLeader, leader elected after 1091ms
2019-06-15 09:17:21,651 INFO  server.RaftServerConfigKeys (ConfUtils.java:logGet(43)) - raft.server.staging.catchup.gap = 1000 (default)
2019-06-15 09:17:21,652 INFO  server.RaftServerConfigKeys (ConfUtils.java:logGet(43)) - raft.server.rpc.sleep.time = 25ms (default)
2019-06-15 09:17:21,653 INFO  server.RaftServerConfigKeys (ConfUtils.java:logGet(43)) - raft.server.watch.timeout = 10s (default)
2019-06-15 09:17:21,653 INFO  server.RaftServerConfigKeys (ConfUtils.java:logGet(43)) - raft.server.watch.timeout.denomination = 1s (default)
2019-06-15 09:17:21,658 INFO  impl.RoleInfo (RoleInfo.java:updateAndGet(143)) - 5cd9881d-2f30-4aa6-8033-dd44ce078107: start LeaderState
2019-06-15 09:17:21,671 INFO  storage.RaftLogWorker (RaftLogWorker.java:startLogSegment(298)) - 5cd9881d-2f30-4aa6-8033-dd44ce078107-RaftLogWorker: Starting segment from index:0
2019-06-15 09:17:21,677 INFO  impl.RaftServerImpl (ServerState.java:setRaftConf(361)) - 5cd9881d-2f30-4aa6-8033-dd44ce078107:group-D7DEE0F45771 set configuration 0: [5cd9881d-2f30-4aa6-8033-dd44ce078107:192.168.11.247:39681], old=null at 0
2019-06-15 09:17:21,694 INFO  impl.FollowerState (FollowerState.java:run(101)) - 0de7c197-8155-4e41-9b1e-43f587f8a147:group-DB749B03E1E0 changes to CANDIDATE, lastRpcTime:1024, electionTimeout:1024ms
2019-06-15 09:17:21,695 INFO  impl.RoleInfo (RoleInfo.java:shutdownFollowerState(121)) - 0de7c197-8155-4e41-9b1e-43f587f8a147: shutdown FollowerState
2019-06-15 09:17:21,695 INFO  impl.RaftServerImpl (RaftServerImpl.java:setRole(164)) - 0de7c197-8155-4e41-9b1e-43f587f8a147:group-DB749B03E1E0 changes role from FOLLOWER to CANDIDATE at term 0 for changeToCandidate
2019-06-15 09:17:21,695 INFO  impl.RoleInfo (RoleInfo.java:updateAndGet(143)) - 0de7c197-8155-4e41-9b1e-43f587f8a147: start LeaderElection
2019-06-15 09:17:21,699 INFO  impl.LeaderElection (LeaderElection.java:askForVotes(181)) - 0de7c197-8155-4e41-9b1e-43f587f8a147:group-DB749B03E1E0:LeaderElection2: begin an election at term 1 for -1: [0de7c197-8155-4e41-9b1e-43f587f8a147:192.168.11.247:42587], old=null
2019-06-15 09:17:21,699 INFO  impl.RoleInfo (RoleInfo.java:shutdownLeaderElection(134)) - 0de7c197-8155-4e41-9b1e-43f587f8a147: shutdown LeaderElection
2019-06-15 09:17:21,700 INFO  impl.RaftServerImpl (RaftServerImpl.java:setRole(164)) - 0de7c197-8155-4e41-9b1e-43f587f8a147:group-DB749B03E1E0 changes role from CANDIDATE to LEADER at term 1 for changeToLeader
2019-06-15 09:17:21,700 INFO  impl.RaftServerImpl (ServerState.java:setLeader(263)) - 0de7c197-8155-4e41-9b1e-43f587f8a147:group-DB749B03E1E0 change Leader from null to 0de7c197-8155-4e41-9b1e-43f587f8a147 at term 1 for becomeLeader, leader elected after 1033ms
2019-06-15 09:17:21,700 INFO  server.RaftServerConfigKeys (ConfUtils.java:logGet(43)) - raft.server.staging.catchup.gap = 1000 (default)
2019-06-15 09:17:21,701 INFO  server.RaftServerConfigKeys (ConfUtils.java:logGet(43)) - raft.server.rpc.sleep.time = 25ms (default)
2019-06-15 09:17:21,701 INFO  server.RaftServerConfigKeys (ConfUtils.java:logGet(43)) - raft.server.watch.timeout = 10s (default)
2019-06-15 09:17:21,701 INFO  server.RaftServerConfigKeys (ConfUtils.java:logGet(43)) - raft.server.watch.timeout.denomination = 1s (default)
2019-06-15 09:17:21,701 INFO  impl.RoleInfo (RoleInfo.java:updateAndGet(143)) - 0de7c197-8155-4e41-9b1e-43f587f8a147: start LeaderState
2019-06-15 09:17:21,701 INFO  storage.RaftLogWorker (RaftLogWorker.java:startLogSegment(298)) - 0de7c197-8155-4e41-9b1e-43f587f8a147-RaftLogWorker: Starting segment from index:0
2019-06-15 09:17:21,701 INFO  impl.RaftServerImpl (ServerState.java:setRaftConf(361)) - 0de7c197-8155-4e41-9b1e-43f587f8a147:group-DB749B03E1E0 set configuration 0: [0de7c197-8155-4e41-9b1e-43f587f8a147:192.168.11.247:42587], old=null at 0
2019-06-15 09:17:21,761 INFO  impl.FollowerState (FollowerState.java:run(101)) - 2042a3e0-e793-4187-8d88-47a87faa4607:group-6B4E2C20040D changes to CANDIDATE, lastRpcTime:1037, electionTimeout:1037ms
2019-06-15 09:17:21,761 INFO  impl.RoleInfo (RoleInfo.java:shutdownFollowerState(121)) - 2042a3e0-e793-4187-8d88-47a87faa4607: shutdown FollowerState
2019-06-15 09:17:21,761 INFO  impl.RaftServerImpl (RaftServerImpl.java:setRole(164)) - 2042a3e0-e793-4187-8d88-47a87faa4607:group-6B4E2C20040D changes role from FOLLOWER to CANDIDATE at term 0 for changeToCandidate
2019-06-15 09:17:21,761 INFO  impl.RoleInfo (RoleInfo.java:updateAndGet(143)) - 2042a3e0-e793-4187-8d88-47a87faa4607: start LeaderElection
2019-06-15 09:17:21,766 INFO  impl.LeaderElection (LeaderElection.java:askForVotes(181)) - 2042a3e0-e793-4187-8d88-47a87faa4607:group-6B4E2C20040D:LeaderElection3: begin an election at term 1 for -1: [2042a3e0-e793-4187-8d88-47a87faa4607:192.168.11.247:39443], old=null
2019-06-15 09:17:21,766 INFO  impl.RoleInfo (RoleInfo.java:shutdownLeaderElection(134)) - 2042a3e0-e793-4187-8d88-47a87faa4607: shutdown LeaderElection
2019-06-15 09:17:21,766 INFO  impl.RaftServerImpl (RaftServerImpl.java:setRole(164)) - 2042a3e0-e793-4187-8d88-47a87faa4607:group-6B4E2C20040D changes role from CANDIDATE to LEADER at term 1 for changeToLeader
2019-06-15 09:17:21,766 INFO  impl.RaftServerImpl (ServerState.java:setLeader(263)) - 2042a3e0-e793-4187-8d88-47a87faa4607:group-6B4E2C20040D change Leader from null to 2042a3e0-e793-4187-8d88-47a87faa4607 at term 1 for becomeLeader, leader elected after 1044ms
2019-06-15 09:17:21,767 INFO  server.RaftServerConfigKeys (ConfUtils.java:logGet(43)) - raft.server.staging.catchup.gap = 1000 (default)
2019-06-15 09:17:21,767 INFO  server.RaftServerConfigKeys (ConfUtils.java:logGet(43)) - raft.server.rpc.sleep.time = 25ms (default)
2019-06-15 09:17:21,767 INFO  server.RaftServerConfigKeys (ConfUtils.java:logGet(43)) - raft.server.watch.timeout = 10s (default)
2019-06-15 09:17:21,767 INFO  server.RaftServerConfigKeys (ConfUtils.java:logGet(43)) - raft.server.watch.timeout.denomination = 1s (default)
2019-06-15 09:17:21,767 INFO  impl.RoleInfo (RoleInfo.java:updateAndGet(143)) - 2042a3e0-e793-4187-8d88-47a87faa4607: start LeaderState
2019-06-15 09:17:21,767 INFO  storage.RaftLogWorker (RaftLogWorker.java:startLogSegment(298)) - 2042a3e0-e793-4187-8d88-47a87faa4607-RaftLogWorker: Starting segment from index:0
2019-06-15 09:17:21,768 INFO  impl.RaftServerImpl (ServerState.java:setRaftConf(361)) - 2042a3e0-e793-4187-8d88-47a87faa4607:group-6B4E2C20040D set configuration 0: [2042a3e0-e793-4187-8d88-47a87faa4607:192.168.11.247:39443], old=null at 0
2019-06-15 09:17:21,824 INFO  storage.RaftLogWorker (RaftLogWorker.java:execute(469)) - 2042a3e0-e793-4187-8d88-47a87faa4607-RaftLogWorker: created new log segment /opt/src/hadoop-ozone/integration-test/target/test-dir/MiniOzoneClusterImpl-1954c0b4-74ed-4a38-b1e0-77a3e245d19b/datanode-2/data/ratis/78aac4e5-b668-41fc-aa2f-6b4e2c20040d/current/log_inprogress_0
2019-06-15 09:17:21,824 INFO  storage.RaftLogWorker (RaftLogWorker.java:execute(469)) - 0de7c197-8155-4e41-9b1e-43f587f8a147-RaftLogWorker: created new log segment /opt/src/hadoop-ozone/integration-test/target/test-dir/MiniOzoneClusterImpl-1954c0b4-74ed-4a38-b1e0-77a3e245d19b/datanode-1/data/ratis/80d2e7da-f39a-4c12-b157-db749b03e1e0/current/log_inprogress_0
2019-06-15 09:17:21,824 INFO  storage.RaftLogWorker (RaftLogWorker.java:execute(469)) - 5cd9881d-2f30-4aa6-8033-dd44ce078107-RaftLogWorker: created new log segment /opt/src/hadoop-ozone/integration-test/target/test-dir/MiniOzoneClusterImpl-1954c0b4-74ed-4a38-b1e0-77a3e245d19b/datanode-0/data/ratis/28c473b6-f77b-4630-a03a-d7dee0f45771/current/log_inprogress_0
2019-06-15 09:17:21,861 INFO  impl.FollowerState (FollowerState.java:run(101)) - 0de7c197-8155-4e41-9b1e-43f587f8a147:group-205474211BA7 changes to CANDIDATE, lastRpcTime:1060, electionTimeout:1060ms
2019-06-15 09:17:21,861 INFO  impl.RoleInfo (RoleInfo.java:shutdownFollowerState(121)) - 0de7c197-8155-4e41-9b1e-43f587f8a147: shutdown FollowerState
2019-06-15 09:17:21,861 INFO  impl.RaftServerImpl (RaftServerImpl.java:setRole(164)) - 0de7c197-8155-4e41-9b1e-43f587f8a147:group-205474211BA7 changes role from FOLLOWER to CANDIDATE at term 0 for changeToCandidate
2019-06-15 09:17:21,861 INFO  impl.RoleInfo (RoleInfo.java:updateAndGet(143)) - 0de7c197-8155-4e41-9b1e-43f587f8a147: start LeaderElection
2019-06-15 09:17:21,865 INFO  impl.LeaderElection (LeaderElection.java:askForVotes(181)) - 0de7c197-8155-4e41-9b1e-43f587f8a147:group-205474211BA7:LeaderElection4: begin an election at term 1 for -1: [5cd9881d-2f30-4aa6-8033-dd44ce078107:192.168.11.247:39681, 0de7c197-8155-4e41-9b1e-43f587f8a147:192.168.11.247:42587, 1a1d785e-ef80-4c90-a3ad-494184dbf9ed:192.168.11.247:45263], old=null
2019-06-15 09:17:21,883 INFO  impl.RaftServerImpl (RaftServerImpl.java:setRole(164)) - 1a1d785e-ef80-4c90-a3ad-494184dbf9ed:group-205474211BA7 changes role from FOLLOWER to FOLLOWER at term 1 for recognizeCandidate:0de7c197-8155-4e41-9b1e-43f587f8a147
2019-06-15 09:17:21,884 INFO  impl.RoleInfo (RoleInfo.java:shutdownFollowerState(121)) - 1a1d785e-ef80-4c90-a3ad-494184dbf9ed: shutdown FollowerState
2019-06-15 09:17:21,884 INFO  impl.RoleInfo (RoleInfo.java:updateAndGet(143)) - 1a1d785e-ef80-4c90-a3ad-494184dbf9ed: start FollowerState
2019-06-15 09:17:21,883 INFO  impl.RaftServerImpl (RaftServerImpl.java:setRole(164)) - 5cd9881d-2f30-4aa6-8033-dd44ce078107:group-205474211BA7 changes role from FOLLOWER to FOLLOWER at term 1 for recognizeCandidate:0de7c197-8155-4e41-9b1e-43f587f8a147
2019-06-15 09:17:21,884 INFO  impl.FollowerState (FollowerState.java:run(109)) - 1a1d785e-ef80-4c90-a3ad-494184dbf9ed: FollowerState was interrupted: java.lang.InterruptedException: sleep interrupted
2019-06-15 09:17:21,884 INFO  impl.RoleInfo (RoleInfo.java:shutdownFollowerState(121)) - 5cd9881d-2f30-4aa6-8033-dd44ce078107: shutdown FollowerState
2019-06-15 09:17:21,886 INFO  impl.RoleInfo (RoleInfo.java:updateAndGet(143)) - 5cd9881d-2f30-4aa6-8033-dd44ce078107: start FollowerState
2019-06-15 09:17:21,901 INFO  impl.LeaderElection (LeaderElection.java:logAndReturn(56)) - 0de7c197-8155-4e41-9b1e-43f587f8a147:group-205474211BA7:LeaderElection4: Election PASSED; received 1 response(s) [0de7c197-8155-4e41-9b1e-43f587f8a147->1a1d785e-ef80-4c90-a3ad-494184dbf9ed,true-t1] and 0 exception(s); 0de7c197-8155-4e41-9b1e-43f587f8a147:t1, leader=null, voted=0de7c197-8155-4e41-9b1e-43f587f8a147, raftlog=0de7c197-8155-4e41-9b1e-43f587f8a147-SegmentedRaftLog:OPENED:c-1,f-1,i0, conf=-1: [5cd9881d-2f30-4aa6-8033-dd44ce078107:192.168.11.247:39681, 0de7c197-8155-4e41-9b1e-43f587f8a147:192.168.11.247:42587, 1a1d785e-ef80-4c90-a3ad-494184dbf9ed:192.168.11.247:45263], old=null
2019-06-15 09:17:21,901 INFO  impl.RoleInfo (RoleInfo.java:shutdownLeaderElection(134)) - 0de7c197-8155-4e41-9b1e-43f587f8a147: shutdown LeaderElection
2019-06-15 09:17:21,901 INFO  impl.RaftServerImpl (RaftServerImpl.java:setRole(164)) - 0de7c197-8155-4e41-9b1e-43f587f8a147:group-205474211BA7 changes role from CANDIDATE to LEADER at term 1 for changeToLeader
2019-06-15 09:17:21,901 INFO  impl.RaftServerImpl (ServerState.java:setLeader(263)) - 0de7c197-8155-4e41-9b1e-43f587f8a147:group-205474211BA7 change Leader from null to 0de7c197-8155-4e41-9b1e-43f587f8a147 at term 1 for becomeLeader, leader elected after 1105ms
2019-06-15 09:17:21,901 INFO  server.RaftServerConfigKeys (ConfUtils.java:logGet(43)) - raft.server.staging.catchup.gap = 1000 (default)
2019-06-15 09:17:21,901 INFO  server.RaftServerConfigKeys (ConfUtils.java:logGet(43)) - raft.server.rpc.sleep.time = 25ms (default)
2019-06-15 09:17:21,901 INFO  server.RaftServerConfigKeys (ConfUtils.java:logGet(43)) - raft.server.watch.timeout = 10s (default)
2019-06-15 09:17:21,901 INFO  server.RaftServerConfigKeys (ConfUtils.java:logGet(43)) - raft.server.watch.timeout.denomination = 1s (default)
2019-06-15 09:17:21,904 INFO  server.RaftServerConfigKeys (ConfUtils.java:logGet(43)) - raft.server.log.appender.snapshot.chunk.size.max = 16MB (=16777216) (default)
2019-06-15 09:17:21,904 INFO  server.RaftServerConfigKeys (ConfUtils.java:logGet(43)) - raft.server.log.appender.buffer.byte-limit = 33554432 (custom)
2019-06-15 09:17:21,904 INFO  server.RaftServerConfigKeys (ConfUtils.java:logGet(43)) - raft.server.log.appender.buffer.element-limit = 1 (custom)
2019-06-15 09:17:21,905 INFO  grpc.GrpcConfigKeys$Server (ConfUtils.java:logGet(43)) - raft.grpc.server.leader.outstanding.appends.max = 128 (default)
2019-06-15 09:17:21,905 INFO  server.RaftServerConfigKeys (ConfUtils.java:logGet(43)) - raft.server.rpc.request.timeout = 3000ms (default)
2019-06-15 09:17:21,905 INFO  server.RaftServerConfigKeys (ConfUtils.java:logGet(43)) - raft.server.log.appender.install.snapshot.enabled = true (default)
2019-06-15 09:17:21,905 INFO  server.RaftServerConfigKeys (ConfUtils.java:logGet(43)) - raft.server.log.appender.snapshot.chunk.size.max = 16MB (=16777216) (default)
2019-06-15 09:17:21,905 INFO  server.RaftServerConfigKeys (ConfUtils.java:logGet(43)) - raft.server.log.appender.buffer.byte-limit = 33554432 (custom)
2019-06-15 09:17:21,905 INFO  server.RaftServerConfigKeys (ConfUtils.java:logGet(43)) - raft.server.log.appender.buffer.element-limit = 1 (custom)
2019-06-15 09:17:21,906 INFO  grpc.GrpcConfigKeys$Server (ConfUtils.java:logGet(43)) - raft.grpc.server.leader.outstanding.appends.max = 128 (default)
2019-06-15 09:17:21,906 INFO  server.RaftServerConfigKeys (ConfUtils.java:logGet(43)) - raft.server.rpc.request.timeout = 3000ms (default)
2019-06-15 09:17:21,906 INFO  server.RaftServerConfigKeys (ConfUtils.java:logGet(43)) - raft.server.log.appender.install.snapshot.enabled = true (default)
2019-06-15 09:17:21,906 INFO  impl.RoleInfo (RoleInfo.java:updateAndGet(143)) - 0de7c197-8155-4e41-9b1e-43f587f8a147: start LeaderState
2019-06-15 09:17:21,906 INFO  storage.RaftLogWorker (RaftLogWorker.java:startLogSegment(298)) - 0de7c197-8155-4e41-9b1e-43f587f8a147-RaftLogWorker: Starting segment from index:0
2019-06-15 09:17:21,911 INFO  impl.RaftServerImpl (ServerState.java:setRaftConf(361)) - 0de7c197-8155-4e41-9b1e-43f587f8a147:group-205474211BA7 set configuration 0: [5cd9881d-2f30-4aa6-8033-dd44ce078107:192.168.11.247:39681, 0de7c197-8155-4e41-9b1e-43f587f8a147:192.168.11.247:42587, 1a1d785e-ef80-4c90-a3ad-494184dbf9ed:192.168.11.247:45263], old=null at 0
2019-06-15 09:17:21,928 INFO  impl.FollowerState (FollowerState.java:run(101)) - 1a1d785e-ef80-4c90-a3ad-494184dbf9ed:group-36B740377910 changes to CANDIDATE, lastRpcTime:1172, electionTimeout:1160ms
2019-06-15 09:17:21,947 INFO  impl.RoleInfo (RoleInfo.java:shutdownFollowerState(121)) - 1a1d785e-ef80-4c90-a3ad-494184dbf9ed: shutdown FollowerState
2019-06-15 09:17:21,947 INFO  impl.RaftServerImpl (RaftServerImpl.java:setRole(164)) - 1a1d785e-ef80-4c90-a3ad-494184dbf9ed:group-36B740377910 changes role from FOLLOWER to CANDIDATE at term 0 for changeToCandidate
2019-06-15 09:17:21,947 INFO  impl.RoleInfo (RoleInfo.java:updateAndGet(143)) - 1a1d785e-ef80-4c90-a3ad-494184dbf9ed: start LeaderElection
2019-06-15 09:17:21,950 INFO  storage.RaftLogWorker (RaftLogWorker.java:execute(469)) - 0de7c197-8155-4e41-9b1e-43f587f8a147-RaftLogWorker: created new log segment /opt/src/hadoop-ozone/integration-test/target/test-dir/MiniOzoneClusterImpl-1954c0b4-74ed-4a38-b1e0-77a3e245d19b/datanode-1/data/ratis/0c217c42-4db2-4c77-91af-205474211ba7/current/log_inprogress_0
2019-06-15 09:17:21,953 INFO  impl.RaftServerImpl (ServerState.java:setLeader(263)) - 1a1d785e-ef80-4c90-a3ad-494184dbf9ed:group-205474211BA7 change Leader from null to 0de7c197-8155-4e41-9b1e-43f587f8a147 at term 1 for appendEntries, leader elected after 1155ms
2019-06-15 09:17:21,953 INFO  impl.RaftServerImpl (ServerState.java:setLeader(263)) - 5cd9881d-2f30-4aa6-8033-dd44ce078107:group-205474211BA7 change Leader from null to 0de7c197-8155-4e41-9b1e-43f587f8a147 at term 1 for appendEntries, leader elected after 1152ms
2019-06-15 09:17:21,954 INFO  impl.LeaderElection (LeaderElection.java:askForVotes(181)) - 1a1d785e-ef80-4c90-a3ad-494184dbf9ed:group-36B740377910:LeaderElection5: begin an election at term 1 for -1: [1a1d785e-ef80-4c90-a3ad-494184dbf9ed:192.168.11.247:45263], old=null
2019-06-15 09:17:21,954 INFO  impl.RoleInfo (RoleInfo.java:shutdownLeaderElection(134)) - 1a1d785e-ef80-4c90-a3ad-494184dbf9ed: shutdown LeaderElection
2019-06-15 09:17:21,954 INFO  impl.RaftServerImpl (RaftServerImpl.java:setRole(164)) - 1a1d785e-ef80-4c90-a3ad-494184dbf9ed:group-36B740377910 changes role from CANDIDATE to LEADER at term 1 for changeToLeader
2019-06-15 09:17:21,955 INFO  impl.RaftServerImpl (ServerState.java:setLeader(263)) - 1a1d785e-ef80-4c90-a3ad-494184dbf9ed:group-36B740377910 change Leader from null to 1a1d785e-ef80-4c90-a3ad-494184dbf9ed at term 1 for becomeLeader, leader elected after 1200ms
2019-06-15 09:17:21,956 INFO  server.RaftServerConfigKeys (ConfUtils.java:logGet(43)) - raft.server.staging.catchup.gap = 1000 (default)
2019-06-15 09:17:21,956 INFO  server.RaftServerConfigKeys (ConfUtils.java:logGet(43)) - raft.server.rpc.sleep.time = 25ms (default)
2019-06-15 09:17:21,956 INFO  server.RaftServerConfigKeys (ConfUtils.java:logGet(43)) - raft.server.watch.timeout = 10s (default)
2019-06-15 09:17:21,956 INFO  server.RaftServerConfigKeys (ConfUtils.java:logGet(43)) - raft.server.watch.timeout.denomination = 1s (default)
2019-06-15 09:17:21,956 INFO  impl.RoleInfo (RoleInfo.java:updateAndGet(143)) - 1a1d785e-ef80-4c90-a3ad-494184dbf9ed: start LeaderState
2019-06-15 09:17:21,956 INFO  storage.RaftLogWorker (RaftLogWorker.java:startLogSegment(298)) - 1a1d785e-ef80-4c90-a3ad-494184dbf9ed-RaftLogWorker: Starting segment from index:0
2019-06-15 09:17:21,960 INFO  impl.RaftServerImpl (ServerState.java:setRaftConf(361)) - 1a1d785e-ef80-4c90-a3ad-494184dbf9ed:group-36B740377910 set configuration 0: [1a1d785e-ef80-4c90-a3ad-494184dbf9ed:192.168.11.247:45263], old=null at 0
2019-06-15 09:17:21,999 INFO  storage.RaftLogWorker (RaftLogWorker.java:execute(469)) - 1a1d785e-ef80-4c90-a3ad-494184dbf9ed-RaftLogWorker: created new log segment /opt/src/hadoop-ozone/integration-test/target/test-dir/MiniOzoneClusterImpl-1954c0b4-74ed-4a38-b1e0-77a3e245d19b/datanode-3/data/ratis/d91cffcb-25a3-4a77-baeb-36b740377910/current/log_inprogress_0
2019-06-15 09:17:22,007 INFO  impl.RaftServerImpl (ServerState.java:setRaftConf(361)) - 5cd9881d-2f30-4aa6-8033-dd44ce078107:group-205474211BA7 set configuration 0: [5cd9881d-2f30-4aa6-8033-dd44ce078107:192.168.11.247:39681, 0de7c197-8155-4e41-9b1e-43f587f8a147:192.168.11.247:42587, 1a1d785e-ef80-4c90-a3ad-494184dbf9ed:192.168.11.247:45263], old=null at 0
2019-06-15 09:17:22,007 INFO  storage.RaftLogWorker (RaftLogWorker.java:startLogSegment(298)) - 5cd9881d-2f30-4aa6-8033-dd44ce078107-RaftLogWorker: Starting segment from index:0
2019-06-15 09:17:22,007 INFO  impl.RaftServerImpl (ServerState.java:setRaftConf(361)) - 1a1d785e-ef80-4c90-a3ad-494184dbf9ed:group-205474211BA7 set configuration 0: [5cd9881d-2f30-4aa6-8033-dd44ce078107:192.168.11.247:39681, 0de7c197-8155-4e41-9b1e-43f587f8a147:192.168.11.247:42587, 1a1d785e-ef80-4c90-a3ad-494184dbf9ed:192.168.11.247:45263], old=null at 0
2019-06-15 09:17:22,007 INFO  storage.RaftLogWorker (RaftLogWorker.java:startLogSegment(298)) - 1a1d785e-ef80-4c90-a3ad-494184dbf9ed-RaftLogWorker: Starting segment from index:0
2019-06-15 09:17:22,050 INFO  storage.RaftLogWorker (RaftLogWorker.java:execute(469)) - 5cd9881d-2f30-4aa6-8033-dd44ce078107-RaftLogWorker: created new log segment /opt/src/hadoop-ozone/integration-test/target/test-dir/MiniOzoneClusterImpl-1954c0b4-74ed-4a38-b1e0-77a3e245d19b/datanode-0/data/ratis/0c217c42-4db2-4c77-91af-205474211ba7/current/log_inprogress_0
2019-06-15 09:17:22,052 INFO  storage.RaftLogWorker (RaftLogWorker.java:execute(469)) - 1a1d785e-ef80-4c90-a3ad-494184dbf9ed-RaftLogWorker: created new log segment /opt/src/hadoop-ozone/integration-test/target/test-dir/MiniOzoneClusterImpl-1954c0b4-74ed-4a38-b1e0-77a3e245d19b/datanode-3/data/ratis/0c217c42-4db2-4c77-91af-205474211ba7/current/log_inprogress_0
2019-06-15 09:17:22,054 INFO  ozone.MiniOzoneClusterImpl (MiniOzoneClusterImpl.java:lambda$waitForClusterToBeReady$0(142)) - Cluster is ready. Got 6 of 6 DN Heartbeats.
]]></system-out>
    <system-err><![CDATA[ERROR StatusLogger No Log4j 2 configuration file found. Using default configuration (logging only errors to the console), or user programmatically provided configurations. Set system property 'log4j2.debug' to show Log4j 2 internal initialization logging. See https://logging.apache.org/log4j/2.x/manual/configuration.html for instructions on how to configure Log4j 2
Jun 15, 2019 9:17:15 AM com.sun.jersey.server.impl.application.WebApplicationImpl _initiate
INFO: Initiating Jersey application, version 'Jersey: 1.19 02/11/2015 03:25 AM'
Jun 15, 2019 9:17:16 AM com.sun.jersey.server.impl.application.WebApplicationImpl _initiate
INFO: Initiating Jersey application, version 'Jersey: 1.19 02/11/2015 03:25 AM'
Jun 15, 2019 9:17:16 AM com.sun.jersey.server.impl.application.WebApplicationImpl _initiate
INFO: Initiating Jersey application, version 'Jersey: 1.19 02/11/2015 03:25 AM'
Jun 15, 2019 9:17:16 AM com.sun.jersey.server.impl.application.WebApplicationImpl _initiate
INFO: Initiating Jersey application, version 'Jersey: 1.19 02/11/2015 03:25 AM'
Jun 15, 2019 9:17:16 AM com.sun.jersey.server.impl.application.WebApplicationImpl _initiate
INFO: Initiating Jersey application, version 'Jersey: 1.19 02/11/2015 03:25 AM'
Jun 15, 2019 9:17:16 AM com.sun.jersey.server.impl.application.WebApplicationImpl _initiate
INFO: Initiating Jersey application, version 'Jersey: 1.19 02/11/2015 03:25 AM'
]]></system-err>
  </testcase>
</testsuite>