<?xml version="1.0" encoding="UTF-8"?>
<testsuite xmlns:xsi="http://www.w3.org/2001/XMLSchema-instance" xsi:noNamespaceSchemaLocation="https://maven.apache.org/surefire/maven-surefire-plugin/xsd/surefire-test-report.xsd" name="org.apache.hadoop.hdds.scm.pipeline.TestNodeFailure" time="10.164" tests="1" errors="0" skipped="1" failures="0">
  <properties>
    <property name="awt.toolkit" value="sun.awt.X11.XToolkit"/>
    <property name="file.encoding.pkg" value="sun.io"/>
    <property name="java.specification.version" value="1.8"/>
    <property name="sun.cpu.isalist" value=""/>
    <property name="sun.jnu.encoding" value="UTF-8"/>
    <property name="java.class.path" value="/opt/src/hadoop-ozone/integration-test/target/test-classes:/opt/src/hadoop-ozone/integration-test/target/classes:/root/.m2/repository/org/apache/hadoop/hadoop-ozone-common/0.5.0-SNAPSHOT/hadoop-ozone-common-0.5.0-SNAPSHOT.jar:/root/.m2/repository/org/apache/commons/commons-compress/1.4.1/commons-compress-1.4.1.jar:/root/.m2/repository/org/tukaani/xz/1.0/xz-1.0.jar:/root/.m2/repository/org/apache/hadoop/hadoop-common/3.2.0/hadoop-common-3.2.0.jar:/root/.m2/repository/org/apache/hadoop/hadoop-hdfs/3.2.0/hadoop-hdfs-3.2.0.jar:/root/.m2/repository/org/apache/hadoop/hadoop-hdfs-client/3.2.0/hadoop-hdfs-client-3.2.0.jar:/root/.m2/repository/com/fasterxml/jackson/core/jackson-annotations/2.9.5/jackson-annotations-2.9.5.jar:/root/.m2/repository/org/apache/hadoop/hadoop-hdds-common/0.5.0-SNAPSHOT/hadoop-hdds-common-0.5.0-SNAPSHOT.jar:/root/.m2/repository/javax/annotation/javax.annotation-api/1.2/javax.annotation-api-1.2.jar:/root/.m2/repository/org/apache/ratis/ratis-server/0.4.0-fe2b15d-SNAPSHOT/ratis-server-0.4.0-fe2b15d-SNAPSHOT.jar:/root/.m2/repository/org/apache/ratis/ratis-thirdparty-misc/0.2.0/ratis-thirdparty-misc-0.2.0.jar:/root/.m2/repository/org/apache/ratis/ratis-proto/0.4.0-fe2b15d-SNAPSHOT/ratis-proto-0.4.0-fe2b15d-SNAPSHOT.jar:/root/.m2/repository/org/apache/ratis/ratis-common/0.4.0-fe2b15d-SNAPSHOT/ratis-common-0.4.0-fe2b15d-SNAPSHOT.jar:/root/.m2/repository/org/apache/ratis/ratis-client/0.4.0-fe2b15d-SNAPSHOT/ratis-client-0.4.0-fe2b15d-SNAPSHOT.jar:/root/.m2/repository/org/apache/ratis/ratis-netty/0.4.0-fe2b15d-SNAPSHOT/ratis-netty-0.4.0-fe2b15d-SNAPSHOT.jar:/root/.m2/repository/org/apache/ratis/ratis-grpc/0.4.0-fe2b15d-SNAPSHOT/ratis-grpc-0.4.0-fe2b15d-SNAPSHOT.jar:/root/.m2/repository/org/rocksdb/rocksdbjni/5.14.2/rocksdbjni-5.14.2.jar:/root/.m2/repository/org/apache/logging/log4j/log4j-api/2.11.0/log4j-api-2.11.0.jar:/root/.m2/repository/org/apache/logging/log4j/log4j-core/2.11.0/log4j-core-2.11.0.jar:/root/.m2/repository/com/lmax/disruptor/3.4.2/disruptor-3.4.2.jar:/root/.m2/repository/org/apache/commons/commons-pool2/2.6.0/commons-pool2-2.6.0.jar:/root/.m2/repository/org/bouncycastle/bcpkix-jdk15on/1.60/bcpkix-jdk15on-1.60.jar:/root/.m2/repository/commons-validator/commons-validator/1.6/commons-validator-1.6.jar:/root/.m2/repository/commons-digester/commons-digester/1.8.1/commons-digester-1.8.1.jar:/root/.m2/repository/io/jaegertracing/jaeger-client/0.33.1/jaeger-client-0.33.1.jar:/root/.m2/repository/io/jaegertracing/jaeger-thrift/0.33.1/jaeger-thrift-0.33.1.jar:/root/.m2/repository/org/apache/thrift/libthrift/0.11.0/libthrift-0.11.0.jar:/root/.m2/repository/com/squareup/okhttp3/okhttp/3.9.0/okhttp-3.9.0.jar:/root/.m2/repository/com/squareup/okio/okio/1.13.0/okio-1.13.0.jar:/root/.m2/repository/io/jaegertracing/jaeger-core/0.33.1/jaeger-core-0.33.1.jar:/root/.m2/repository/io/jaegertracing/jaeger-tracerresolver/0.33.1/jaeger-tracerresolver-0.33.1.jar:/root/.m2/repository/io/opentracing/contrib/opentracing-tracerresolver/0.1.5/opentracing-tracerresolver-0.1.5.jar:/root/.m2/repository/io/opentracing/opentracing-util/0.31.0/opentracing-util-0.31.0.jar:/root/.m2/repository/io/opentracing/opentracing-api/0.31.0/opentracing-api-0.31.0.jar:/root/.m2/repository/io/opentracing/opentracing-noop/0.31.0/opentracing-noop-0.31.0.jar:/root/.m2/repository/org/apache/hadoop/hadoop-hdds-server-framework/0.5.0-SNAPSHOT/hadoop-hdds-server-framework-0.5.0-SNAPSHOT.jar:/root/.m2/repository/org/apache/hadoop/hadoop-hdds-server-scm/0.5.0-SNAPSHOT/hadoop-hdds-server-scm-0.5.0-SNAPSHOT.jar:/root/.m2/repository/org/apache/hadoop/hadoop-hdds-container-service/0.5.0-SNAPSHOT/hadoop-hdds-container-service-0.5.0-SNAPSHOT.jar:/root/.m2/repository/org/apache/hadoop/hadoop-hdds-client/0.5.0-SNAPSHOT/hadoop-hdds-client-0.5.0-SNAPSHOT.jar:/root/.m2/repository/org/apache/hadoop/hadoop-hdds-tools/0.5.0-SNAPSHOT/hadoop-hdds-tools-0.5.0-SNAPSHOT.jar:/root/.m2/repository/org/apache/hadoop/hadoop-ozone-ozone-manager/0.5.0-SNAPSHOT/hadoop-ozone-ozone-manager-0.5.0-SNAPSHOT.jar:/root/.m2/repository/org/apache/hadoop/hadoop-hdds-docs/0.5.0-SNAPSHOT/hadoop-hdds-docs-0.5.0-SNAPSHOT.jar:/root/.m2/repository/org/bouncycastle/bcprov-jdk15on/1.60/bcprov-jdk15on-1.60.jar:/root/.m2/repository/org/apache/hadoop/hadoop-minikdc/3.2.0/hadoop-minikdc-3.2.0.jar:/root/.m2/repository/commons-io/commons-io/2.5/commons-io-2.5.jar:/root/.m2/repository/org/apache/kerby/kerb-simplekdc/1.0.1/kerb-simplekdc-1.0.1.jar:/root/.m2/repository/org/apache/kerby/kerb-client/1.0.1/kerb-client-1.0.1.jar:/root/.m2/repository/org/apache/kerby/kerby-config/1.0.1/kerby-config-1.0.1.jar:/root/.m2/repository/org/apache/kerby/kerb-core/1.0.1/kerb-core-1.0.1.jar:/root/.m2/repository/org/apache/kerby/kerby-pkix/1.0.1/kerby-pkix-1.0.1.jar:/root/.m2/repository/org/apache/kerby/kerby-asn1/1.0.1/kerby-asn1-1.0.1.jar:/root/.m2/repository/org/apache/kerby/kerby-util/1.0.1/kerby-util-1.0.1.jar:/root/.m2/repository/org/apache/kerby/kerb-common/1.0.1/kerb-common-1.0.1.jar:/root/.m2/repository/org/apache/kerby/kerb-crypto/1.0.1/kerb-crypto-1.0.1.jar:/root/.m2/repository/org/apache/kerby/kerb-util/1.0.1/kerb-util-1.0.1.jar:/root/.m2/repository/org/apache/kerby/token-provider/1.0.1/token-provider-1.0.1.jar:/root/.m2/repository/org/apache/kerby/kerb-admin/1.0.1/kerb-admin-1.0.1.jar:/root/.m2/repository/org/apache/kerby/kerb-server/1.0.1/kerb-server-1.0.1.jar:/root/.m2/repository/org/apache/kerby/kerb-identity/1.0.1/kerb-identity-1.0.1.jar:/root/.m2/repository/org/apache/kerby/kerby-xdr/1.0.1/kerby-xdr-1.0.1.jar:/root/.m2/repository/org/slf4j/slf4j-log4j12/1.7.25/slf4j-log4j12-1.7.25.jar:/root/.m2/repository/org/apache/hadoop/hadoop-ozone-objectstore-service/0.5.0-SNAPSHOT/hadoop-ozone-objectstore-service-0.5.0-SNAPSHOT.jar:/root/.m2/repository/org/apache/hadoop/hadoop-ozone-s3gateway/0.5.0-SNAPSHOT/hadoop-ozone-s3gateway-0.5.0-SNAPSHOT.jar:/root/.m2/repository/org/jboss/weld/servlet/weld-servlet/2.4.7.Final/weld-servlet-2.4.7.Final.jar:/root/.m2/repository/org/glassfish/jersey/containers/jersey-container-servlet-core/2.27/jersey-container-servlet-core-2.27.jar:/root/.m2/repository/org/glassfish/hk2/external/javax.inject/2.5.0-b42/javax.inject-2.5.0-b42.jar:/root/.m2/repository/org/glassfish/jersey/core/jersey-common/2.27/jersey-common-2.27.jar:/root/.m2/repository/org/glassfish/hk2/osgi-resource-locator/1.0.1/osgi-resource-locator-1.0.1.jar:/root/.m2/repository/javax/ws/rs/javax.ws.rs-api/2.1/javax.ws.rs-api-2.1.jar:/root/.m2/repository/org/glassfish/jersey/ext/cdi/jersey-cdi1x/2.27/jersey-cdi1x-2.27.jar:/root/.m2/repository/org/glassfish/jersey/inject/jersey-hk2/2.27/jersey-hk2-2.27.jar:/root/.m2/repository/org/glassfish/hk2/hk2-locator/2.5.0-b42/hk2-locator-2.5.0-b42.jar:/root/.m2/repository/org/javassist/javassist/3.22.0-CR2/javassist-3.22.0-CR2.jar:/root/.m2/repository/org/glassfish/hk2/hk2-api/2.5.0/hk2-api-2.5.0.jar:/root/.m2/repository/org/glassfish/hk2/external/jakarta.inject/2.5.0/jakarta.inject-2.5.0.jar:/root/.m2/repository/org/glassfish/hk2/hk2-utils/2.5.0/hk2-utils-2.5.0.jar:/root/.m2/repository/jakarta/annotation/jakarta.annotation-api/1.3.4/jakarta.annotation-api-1.3.4.jar:/root/.m2/repository/org/glassfish/hk2/external/aopalliance-repackaged/2.5.0/aopalliance-repackaged-2.5.0.jar:/root/.m2/repository/com/fasterxml/jackson/dataformat/jackson-dataformat-xml/2.9.0/jackson-dataformat-xml-2.9.0.jar:/root/.m2/repository/com/fasterxml/jackson/core/jackson-core/2.9.5/jackson-core-2.9.5.jar:/root/.m2/repository/com/fasterxml/jackson/module/jackson-module-jaxb-annotations/2.9.5/jackson-module-jaxb-annotations-2.9.5.jar:/root/.m2/repository/javax/enterprise/cdi-api/1.2/cdi-api-1.2.jar:/root/.m2/repository/javax/el/javax.el-api/3.0.0/javax.el-api-3.0.0.jar:/root/.m2/repository/javax/interceptor/javax.interceptor-api/1.2/javax.interceptor-api-1.2.jar:/root/.m2/repository/javax/inject/javax.inject/1/javax.inject-1.jar:/root/.m2/repository/com/sun/xml/bind/jaxb-impl/2.3.0.1/jaxb-impl-2.3.0.1.jar:/root/.m2/repository/com/sun/xml/bind/jaxb-core/2.3.0.1/jaxb-core-2.3.0.1.jar:/root/.m2/repository/javax/xml/bind/jaxb-api/2.3.0/jaxb-api-2.3.0.jar:/root/.m2/repository/javax/activation/activation/1.1.1/activation-1.1.1.jar:/root/.m2/repository/org/apache/hadoop/hadoop-ozone-csi/0.5.0-SNAPSHOT/hadoop-ozone-csi-0.5.0-SNAPSHOT.jar:/root/.m2/repository/com/google/protobuf/protobuf-java-util/3.5.1/protobuf-java-util-3.5.1.jar:/root/.m2/repository/org/apache/hadoop/hadoop-hdds-config/0.5.0-SNAPSHOT/hadoop-hdds-config-0.5.0-SNAPSHOT.jar:/root/.m2/repository/com/google/guava/guava/11.0.2/guava-11.0.2.jar:/root/.m2/repository/com/google/protobuf/protobuf-java/2.5.0/protobuf-java-2.5.0.jar:/root/.m2/repository/io/grpc/grpc-netty/1.17.1/grpc-netty-1.17.1.jar:/root/.m2/repository/io/grpc/grpc-core/1.17.1/grpc-core-1.17.1.jar:/root/.m2/repository/io/grpc/grpc-context/1.17.1/grpc-context-1.17.1.jar:/root/.m2/repository/com/google/errorprone/error_prone_annotations/2.2.0/error_prone_annotations-2.2.0.jar:/root/.m2/repository/org/codehaus/mojo/animal-sniffer-annotations/1.17/animal-sniffer-annotations-1.17.jar:/root/.m2/repository/io/opencensus/opencensus-api/0.17.0/opencensus-api-0.17.0.jar:/root/.m2/repository/io/opencensus/opencensus-contrib-grpc-metrics/0.17.0/opencensus-contrib-grpc-metrics-0.17.0.jar:/root/.m2/repository/io/netty/netty-codec-http2/4.1.30.Final/netty-codec-http2-4.1.30.Final.jar:/root/.m2/repository/io/netty/netty-codec-http/4.1.30.Final/netty-codec-http-4.1.30.Final.jar:/root/.m2/repository/io/netty/netty-codec/4.1.30.Final/netty-codec-4.1.30.Final.jar:/root/.m2/repository/io/netty/netty-handler/4.1.30.Final/netty-handler-4.1.30.Final.jar:/root/.m2/repository/io/netty/netty-handler-proxy/4.1.30.Final/netty-handler-proxy-4.1.30.Final.jar:/root/.m2/repository/io/netty/netty-codec-socks/4.1.30.Final/netty-codec-socks-4.1.30.Final.jar:/root/.m2/repository/io/netty/netty-transport-native-epoll/4.1.30.Final/netty-transport-native-epoll-4.1.30.Final.jar:/root/.m2/repository/io/netty/netty-common/4.1.30.Final/netty-common-4.1.30.Final.jar:/root/.m2/repository/io/netty/netty-buffer/4.1.30.Final/netty-buffer-4.1.30.Final.jar:/root/.m2/repository/io/netty/netty-transport/4.1.30.Final/netty-transport-4.1.30.Final.jar:/root/.m2/repository/io/netty/netty-resolver/4.1.30.Final/netty-resolver-4.1.30.Final.jar:/root/.m2/repository/io/netty/netty-transport-native-unix-common/4.1.30.Final/netty-transport-native-unix-common-4.1.30.Final.jar:/root/.m2/repository/io/grpc/grpc-protobuf/1.17.1/grpc-protobuf-1.17.1.jar:/root/.m2/repository/com/google/api/grpc/proto-google-common-protos/1.0.0/proto-google-common-protos-1.0.0.jar:/root/.m2/repository/io/grpc/grpc-protobuf-lite/1.17.1/grpc-protobuf-lite-1.17.1.jar:/root/.m2/repository/io/grpc/grpc-stub/1.17.1/grpc-stub-1.17.1.jar:/root/.m2/repository/org/apache/hadoop/hadoop-ozone-recon/0.5.0-SNAPSHOT/hadoop-ozone-recon-0.5.0-SNAPSHOT.jar:/root/.m2/repository/org/apache/hadoop/hadoop-ozone-reconcodegen/0.5.0-SNAPSHOT/hadoop-ozone-reconcodegen-0.5.0-SNAPSHOT.jar:/root/.m2/repository/com/google/inject/extensions/guice-multibindings/4.0/guice-multibindings-4.0.jar:/root/.m2/repository/com/google/inject/guice/4.0/guice-4.0.jar:/root/.m2/repository/aopalliance/aopalliance/1.0/aopalliance-1.0.jar:/root/.m2/repository/com/google/inject/extensions/guice-servlet/4.0/guice-servlet-4.0.jar:/root/.m2/repository/org/glassfish/jersey/containers/jersey-container-servlet/2.27/jersey-container-servlet-2.27.jar:/root/.m2/repository/org/glassfish/hk2/guice-bridge/2.5.0/guice-bridge-2.5.0.jar:/root/.m2/repository/org/glassfish/jersey/core/jersey-server/2.27/jersey-server-2.27.jar:/root/.m2/repository/org/glassfish/jersey/core/jersey-client/2.27/jersey-client-2.27.jar:/root/.m2/repository/org/glassfish/jersey/media/jersey-media-jaxb/2.27/jersey-media-jaxb-2.27.jar:/root/.m2/repository/javax/validation/validation-api/1.1.0.Final/validation-api-1.1.0.Final.jar:/root/.m2/repository/org/glassfish/jersey/media/jersey-media-json-jackson/2.27/jersey-media-json-jackson-2.27.jar:/root/.m2/repository/org/glassfish/jersey/ext/jersey-entity-filtering/2.27/jersey-entity-filtering-2.27.jar:/root/.m2/repository/com/google/inject/extensions/guice-assistedinject/4.0/guice-assistedinject-4.0.jar:/root/.m2/repository/org/jooq/jooq/3.11.10/jooq-3.11.10.jar:/root/.m2/repository/org/jooq/jooq-meta/3.11.10/jooq-meta-3.11.10.jar:/root/.m2/repository/org/jooq/jooq-codegen/3.11.10/jooq-codegen-3.11.10.jar:/root/.m2/repository/com/jolbox/bonecp/0.8.0.RELEASE/bonecp-0.8.0.RELEASE.jar:/root/.m2/repository/org/xerial/sqlite-jdbc/3.25.2/sqlite-jdbc-3.25.2.jar:/root/.m2/repository/org/springframework/spring-jdbc/5.1.3.RELEASE/spring-jdbc-5.1.3.RELEASE.jar:/root/.m2/repository/org/springframework/spring-beans/5.1.3.RELEASE/spring-beans-5.1.3.RELEASE.jar:/root/.m2/repository/org/springframework/spring-core/5.1.3.RELEASE/spring-core-5.1.3.RELEASE.jar:/root/.m2/repository/org/springframework/spring-jcl/5.1.3.RELEASE/spring-jcl-5.1.3.RELEASE.jar:/root/.m2/repository/org/springframework/spring-tx/5.1.3.RELEASE/spring-tx-5.1.3.RELEASE.jar:/root/.m2/repository/org/apache/hadoop/hadoop-ozone-client/0.5.0-SNAPSHOT/hadoop-ozone-client-0.5.0-SNAPSHOT.jar:/root/.m2/repository/org/apache/hadoop/hadoop-ozone-ozone-manager/0.5.0-SNAPSHOT/hadoop-ozone-ozone-manager-0.5.0-SNAPSHOT-tests.jar:/root/.m2/repository/junit/junit/4.11/junit-4.11.jar:/root/.m2/repository/org/hamcrest/hamcrest-core/1.3/hamcrest-core-1.3.jar:/root/.m2/repository/org/openjdk/jmh/jmh-core/1.19/jmh-core-1.19.jar:/root/.m2/repository/net/sf/jopt-simple/jopt-simple/4.6/jopt-simple-4.6.jar:/root/.m2/repository/org/apache/commons/commons-math3/3.1.1/commons-math3-3.1.1.jar:/root/.m2/repository/org/openjdk/jmh/jmh-generator-annprocess/1.19/jmh-generator-annprocess-1.19.jar:/root/.m2/repository/org/mockito/mockito-all/1.8.5/mockito-all-1.8.5.jar:/root/.m2/repository/org/apache/hadoop/hadoop-kms/3.2.0/hadoop-kms-3.2.0.jar:/root/.m2/repository/org/apache/hadoop/hadoop-auth/3.2.0/hadoop-auth-3.2.0.jar:/root/.m2/repository/com/nimbusds/nimbus-jose-jwt/4.41.1/nimbus-jose-jwt-4.41.1.jar:/root/.m2/repository/com/github/stephenc/jcip/jcip-annotations/1.0-1/jcip-annotations-1.0-1.jar:/root/.m2/repository/net/minidev/json-smart/2.3/json-smart-2.3.jar:/root/.m2/repository/net/minidev/accessors-smart/1.2/accessors-smart-1.2.jar:/root/.m2/repository/org/ow2/asm/asm/5.0.4/asm-5.0.4.jar:/root/.m2/repository/org/apache/curator/curator-framework/2.12.0/curator-framework-2.12.0.jar:/root/.m2/repository/com/sun/jersey/jersey-core/1.19/jersey-core-1.19.jar:/root/.m2/repository/javax/ws/rs/jsr311-api/1.1.1/jsr311-api-1.1.1.jar:/root/.m2/repository/com/sun/jersey/jersey-server/1.19/jersey-server-1.19.jar:/root/.m2/repository/javax/servlet/javax.servlet-api/3.1.0/javax.servlet-api-3.1.0.jar:/root/.m2/repository/org/eclipse/jetty/jetty-server/9.3.24.v20180605/jetty-server-9.3.24.v20180605.jar:/root/.m2/repository/org/eclipse/jetty/jetty-http/9.3.24.v20180605/jetty-http-9.3.24.v20180605.jar:/root/.m2/repository/org/eclipse/jetty/jetty-io/9.3.24.v20180605/jetty-io-9.3.24.v20180605.jar:/root/.m2/repository/org/eclipse/jetty/jetty-webapp/9.3.24.v20180605/jetty-webapp-9.3.24.v20180605.jar:/root/.m2/repository/org/eclipse/jetty/jetty-xml/9.3.24.v20180605/jetty-xml-9.3.24.v20180605.jar:/root/.m2/repository/log4j/log4j/1.2.17/log4j-1.2.17.jar:/root/.m2/repository/org/slf4j/slf4j-api/1.7.25/slf4j-api-1.7.25.jar:/root/.m2/repository/org/slf4j/jul-to-slf4j/1.7.25/jul-to-slf4j-1.7.25.jar:/root/.m2/repository/org/eclipse/jetty/jetty-util/9.3.24.v20180605/jetty-util-9.3.24.v20180605.jar:/root/.m2/repository/io/dropwizard/metrics/metrics-core/3.2.4/metrics-core-3.2.4.jar:/root/.m2/repository/com/fasterxml/jackson/core/jackson-databind/2.9.5/jackson-databind-2.9.5.jar:/root/.m2/repository/org/apache/hadoop/hadoop-kms/3.2.0/hadoop-kms-3.2.0-tests.jar:/root/.m2/repository/org/apache/hadoop/hadoop-hdds-server-scm/0.5.0-SNAPSHOT/hadoop-hdds-server-scm-0.5.0-SNAPSHOT-tests.jar:/root/.m2/repository/org/hamcrest/hamcrest-all/1.3/hamcrest-all-1.3.jar:/root/.m2/repository/info/picocli/picocli/3.9.6/picocli-3.9.6.jar:/root/.m2/repository/org/apache/hadoop/hadoop-hdds-container-service/0.5.0-SNAPSHOT/hadoop-hdds-container-service-0.5.0-SNAPSHOT-tests.jar:/root/.m2/repository/org/yaml/snakeyaml/1.16/snakeyaml-1.16.jar:/root/.m2/repository/org/apache/hadoop/hadoop-common/3.2.0/hadoop-common-3.2.0-tests.jar:/root/.m2/repository/org/apache/hadoop/hadoop-annotations/3.2.0/hadoop-annotations-3.2.0.jar:/usr/lib/jvm/java-1.8-openjdk/jre/../lib/tools.jar:/root/.m2/repository/commons-cli/commons-cli/1.2/commons-cli-1.2.jar:/root/.m2/repository/org/apache/httpcomponents/httpclient/4.5.2/httpclient-4.5.2.jar:/root/.m2/repository/org/apache/httpcomponents/httpcore/4.4.4/httpcore-4.4.4.jar:/root/.m2/repository/commons-codec/commons-codec/1.11/commons-codec-1.11.jar:/root/.m2/repository/commons-net/commons-net/3.6/commons-net-3.6.jar:/root/.m2/repository/commons-collections/commons-collections/3.2.2/commons-collections-3.2.2.jar:/root/.m2/repository/org/eclipse/jetty/jetty-servlet/9.3.24.v20180605/jetty-servlet-9.3.24.v20180605.jar:/root/.m2/repository/org/eclipse/jetty/jetty-security/9.3.24.v20180605/jetty-security-9.3.24.v20180605.jar:/root/.m2/repository/javax/servlet/jsp/jsp-api/2.1/jsp-api-2.1.jar:/root/.m2/repository/com/sun/jersey/jersey-servlet/1.19/jersey-servlet-1.19.jar:/root/.m2/repository/com/sun/jersey/jersey-json/1.19/jersey-json-1.19.jar:/root/.m2/repository/org/codehaus/jettison/jettison/1.1/jettison-1.1.jar:/root/.m2/repository/org/codehaus/jackson/jackson-core-asl/1.9.13/jackson-core-asl-1.9.13.jar:/root/.m2/repository/org/codehaus/jackson/jackson-mapper-asl/1.9.13/jackson-mapper-asl-1.9.13.jar:/root/.m2/repository/org/codehaus/jackson/jackson-jaxrs/1.9.13/jackson-jaxrs-1.9.13.jar:/root/.m2/repository/org/codehaus/jackson/jackson-xc/1.9.13/jackson-xc-1.9.13.jar:/root/.m2/repository/commons-logging/commons-logging/1.1.3/commons-logging-1.1.3.jar:/root/.m2/repository/commons-beanutils/commons-beanutils/1.9.3/commons-beanutils-1.9.3.jar:/root/.m2/repository/org/apache/commons/commons-configuration2/2.1.1/commons-configuration2-2.1.1.jar:/root/.m2/repository/org/apache/commons/commons-lang3/3.7/commons-lang3-3.7.jar:/root/.m2/repository/org/apache/commons/commons-text/1.4/commons-text-1.4.jar:/root/.m2/repository/org/apache/avro/avro/1.7.7/avro-1.7.7.jar:/root/.m2/repository/com/thoughtworks/paranamer/paranamer/2.3/paranamer-2.3.jar:/root/.m2/repository/org/xerial/snappy/snappy-java/1.0.5/snappy-java-1.0.5.jar:/root/.m2/repository/com/google/re2j/re2j/1.1/re2j-1.1.jar:/root/.m2/repository/com/google/code/gson/gson/2.2.4/gson-2.2.4.jar:/root/.m2/repository/com/jcraft/jsch/0.1.54/jsch-0.1.54.jar:/root/.m2/repository/org/apache/curator/curator-client/2.12.0/curator-client-2.12.0.jar:/root/.m2/repository/org/apache/curator/curator-recipes/2.12.0/curator-recipes-2.12.0.jar:/root/.m2/repository/com/google/code/findbugs/jsr305/3.0.0/jsr305-3.0.0.jar:/root/.m2/repository/org/apache/htrace/htrace-core4/4.1.0-incubating/htrace-core4-4.1.0-incubating.jar:/root/.m2/repository/org/apache/zookeeper/zookeeper/3.4.13/zookeeper-3.4.13.jar:/root/.m2/repository/org/apache/yetus/audience-annotations/0.5.0/audience-annotations-0.5.0.jar:/root/.m2/repository/org/codehaus/woodstox/stax2-api/3.1.4/stax2-api-3.1.4.jar:/root/.m2/repository/com/fasterxml/woodstox/woodstox-core/5.0.3/woodstox-core-5.0.3.jar:/root/.m2/repository/dnsjava/dnsjava/2.1.7/dnsjava-2.1.7.jar:/root/.m2/repository/org/apache/hadoop/hadoop-hdfs/3.2.0/hadoop-hdfs-3.2.0-tests.jar:/root/.m2/repository/org/eclipse/jetty/jetty-util-ajax/9.3.24.v20180605/jetty-util-ajax-9.3.24.v20180605.jar:/root/.m2/repository/commons-daemon/commons-daemon/1.0.13/commons-daemon-1.0.13.jar:/root/.m2/repository/io/netty/netty/3.10.5.Final/netty-3.10.5.Final.jar:/root/.m2/repository/io/netty/netty-all/4.0.52.Final/netty-all-4.0.52.Final.jar:/root/.m2/repository/org/fusesource/leveldbjni/leveldbjni-all/1.8/leveldbjni-all-1.8.jar:"/>
    <property name="java.vm.vendor" value="IcedTea"/>
    <property name="sun.arch.data.model" value="64"/>
    <property name="test.build.dir" value="/opt/src/hadoop-ozone/integration-test/target/test-dir"/>
    <property name="test.cache.data" value=""/>
    <property name="java.vendor.url" value="https://icedtea.classpath.org"/>
    <property name="user.timezone" value=""/>
    <property name="java.vm.specification.version" value="1.8"/>
    <property name="os.name" value="Linux"/>
    <property name="test.build.data" value="/opt/src/hadoop-ozone/integration-test/target/test-dir"/>
    <property name="user.country" value="US"/>
    <property name="sun.java.launcher" value="SUN_STANDARD"/>
    <property name="sun.boot.library.path" value="/usr/lib/jvm/java-1.8-openjdk/jre/lib/amd64"/>
    <property name="sun.java.command" value="/opt/src/hadoop-ozone/integration-test/target/surefire/surefirebooter38783106331156416.jar /opt/src/hadoop-ozone/integration-test/target/surefire 2019-06-12T18-38-54_572-jvmRun1 surefire8889220057099466086tmp surefire_86759003229172046667tmp"/>
    <property name="surefire.test.class.path" value="/opt/src/hadoop-ozone/integration-test/target/test-classes:/opt/src/hadoop-ozone/integration-test/target/classes:/root/.m2/repository/org/apache/hadoop/hadoop-ozone-common/0.5.0-SNAPSHOT/hadoop-ozone-common-0.5.0-SNAPSHOT.jar:/root/.m2/repository/org/apache/commons/commons-compress/1.4.1/commons-compress-1.4.1.jar:/root/.m2/repository/org/tukaani/xz/1.0/xz-1.0.jar:/root/.m2/repository/org/apache/hadoop/hadoop-common/3.2.0/hadoop-common-3.2.0.jar:/root/.m2/repository/org/apache/hadoop/hadoop-hdfs/3.2.0/hadoop-hdfs-3.2.0.jar:/root/.m2/repository/org/apache/hadoop/hadoop-hdfs-client/3.2.0/hadoop-hdfs-client-3.2.0.jar:/root/.m2/repository/com/fasterxml/jackson/core/jackson-annotations/2.9.5/jackson-annotations-2.9.5.jar:/root/.m2/repository/org/apache/hadoop/hadoop-hdds-common/0.5.0-SNAPSHOT/hadoop-hdds-common-0.5.0-SNAPSHOT.jar:/root/.m2/repository/javax/annotation/javax.annotation-api/1.2/javax.annotation-api-1.2.jar:/root/.m2/repository/org/apache/ratis/ratis-server/0.4.0-fe2b15d-SNAPSHOT/ratis-server-0.4.0-fe2b15d-SNAPSHOT.jar:/root/.m2/repository/org/apache/ratis/ratis-thirdparty-misc/0.2.0/ratis-thirdparty-misc-0.2.0.jar:/root/.m2/repository/org/apache/ratis/ratis-proto/0.4.0-fe2b15d-SNAPSHOT/ratis-proto-0.4.0-fe2b15d-SNAPSHOT.jar:/root/.m2/repository/org/apache/ratis/ratis-common/0.4.0-fe2b15d-SNAPSHOT/ratis-common-0.4.0-fe2b15d-SNAPSHOT.jar:/root/.m2/repository/org/apache/ratis/ratis-client/0.4.0-fe2b15d-SNAPSHOT/ratis-client-0.4.0-fe2b15d-SNAPSHOT.jar:/root/.m2/repository/org/apache/ratis/ratis-netty/0.4.0-fe2b15d-SNAPSHOT/ratis-netty-0.4.0-fe2b15d-SNAPSHOT.jar:/root/.m2/repository/org/apache/ratis/ratis-grpc/0.4.0-fe2b15d-SNAPSHOT/ratis-grpc-0.4.0-fe2b15d-SNAPSHOT.jar:/root/.m2/repository/org/rocksdb/rocksdbjni/5.14.2/rocksdbjni-5.14.2.jar:/root/.m2/repository/org/apache/logging/log4j/log4j-api/2.11.0/log4j-api-2.11.0.jar:/root/.m2/repository/org/apache/logging/log4j/log4j-core/2.11.0/log4j-core-2.11.0.jar:/root/.m2/repository/com/lmax/disruptor/3.4.2/disruptor-3.4.2.jar:/root/.m2/repository/org/apache/commons/commons-pool2/2.6.0/commons-pool2-2.6.0.jar:/root/.m2/repository/org/bouncycastle/bcpkix-jdk15on/1.60/bcpkix-jdk15on-1.60.jar:/root/.m2/repository/commons-validator/commons-validator/1.6/commons-validator-1.6.jar:/root/.m2/repository/commons-digester/commons-digester/1.8.1/commons-digester-1.8.1.jar:/root/.m2/repository/io/jaegertracing/jaeger-client/0.33.1/jaeger-client-0.33.1.jar:/root/.m2/repository/io/jaegertracing/jaeger-thrift/0.33.1/jaeger-thrift-0.33.1.jar:/root/.m2/repository/org/apache/thrift/libthrift/0.11.0/libthrift-0.11.0.jar:/root/.m2/repository/com/squareup/okhttp3/okhttp/3.9.0/okhttp-3.9.0.jar:/root/.m2/repository/com/squareup/okio/okio/1.13.0/okio-1.13.0.jar:/root/.m2/repository/io/jaegertracing/jaeger-core/0.33.1/jaeger-core-0.33.1.jar:/root/.m2/repository/io/jaegertracing/jaeger-tracerresolver/0.33.1/jaeger-tracerresolver-0.33.1.jar:/root/.m2/repository/io/opentracing/contrib/opentracing-tracerresolver/0.1.5/opentracing-tracerresolver-0.1.5.jar:/root/.m2/repository/io/opentracing/opentracing-util/0.31.0/opentracing-util-0.31.0.jar:/root/.m2/repository/io/opentracing/opentracing-api/0.31.0/opentracing-api-0.31.0.jar:/root/.m2/repository/io/opentracing/opentracing-noop/0.31.0/opentracing-noop-0.31.0.jar:/root/.m2/repository/org/apache/hadoop/hadoop-hdds-server-framework/0.5.0-SNAPSHOT/hadoop-hdds-server-framework-0.5.0-SNAPSHOT.jar:/root/.m2/repository/org/apache/hadoop/hadoop-hdds-server-scm/0.5.0-SNAPSHOT/hadoop-hdds-server-scm-0.5.0-SNAPSHOT.jar:/root/.m2/repository/org/apache/hadoop/hadoop-hdds-container-service/0.5.0-SNAPSHOT/hadoop-hdds-container-service-0.5.0-SNAPSHOT.jar:/root/.m2/repository/org/apache/hadoop/hadoop-hdds-client/0.5.0-SNAPSHOT/hadoop-hdds-client-0.5.0-SNAPSHOT.jar:/root/.m2/repository/org/apache/hadoop/hadoop-hdds-tools/0.5.0-SNAPSHOT/hadoop-hdds-tools-0.5.0-SNAPSHOT.jar:/root/.m2/repository/org/apache/hadoop/hadoop-ozone-ozone-manager/0.5.0-SNAPSHOT/hadoop-ozone-ozone-manager-0.5.0-SNAPSHOT.jar:/root/.m2/repository/org/apache/hadoop/hadoop-hdds-docs/0.5.0-SNAPSHOT/hadoop-hdds-docs-0.5.0-SNAPSHOT.jar:/root/.m2/repository/org/bouncycastle/bcprov-jdk15on/1.60/bcprov-jdk15on-1.60.jar:/root/.m2/repository/org/apache/hadoop/hadoop-minikdc/3.2.0/hadoop-minikdc-3.2.0.jar:/root/.m2/repository/commons-io/commons-io/2.5/commons-io-2.5.jar:/root/.m2/repository/org/apache/kerby/kerb-simplekdc/1.0.1/kerb-simplekdc-1.0.1.jar:/root/.m2/repository/org/apache/kerby/kerb-client/1.0.1/kerb-client-1.0.1.jar:/root/.m2/repository/org/apache/kerby/kerby-config/1.0.1/kerby-config-1.0.1.jar:/root/.m2/repository/org/apache/kerby/kerb-core/1.0.1/kerb-core-1.0.1.jar:/root/.m2/repository/org/apache/kerby/kerby-pkix/1.0.1/kerby-pkix-1.0.1.jar:/root/.m2/repository/org/apache/kerby/kerby-asn1/1.0.1/kerby-asn1-1.0.1.jar:/root/.m2/repository/org/apache/kerby/kerby-util/1.0.1/kerby-util-1.0.1.jar:/root/.m2/repository/org/apache/kerby/kerb-common/1.0.1/kerb-common-1.0.1.jar:/root/.m2/repository/org/apache/kerby/kerb-crypto/1.0.1/kerb-crypto-1.0.1.jar:/root/.m2/repository/org/apache/kerby/kerb-util/1.0.1/kerb-util-1.0.1.jar:/root/.m2/repository/org/apache/kerby/token-provider/1.0.1/token-provider-1.0.1.jar:/root/.m2/repository/org/apache/kerby/kerb-admin/1.0.1/kerb-admin-1.0.1.jar:/root/.m2/repository/org/apache/kerby/kerb-server/1.0.1/kerb-server-1.0.1.jar:/root/.m2/repository/org/apache/kerby/kerb-identity/1.0.1/kerb-identity-1.0.1.jar:/root/.m2/repository/org/apache/kerby/kerby-xdr/1.0.1/kerby-xdr-1.0.1.jar:/root/.m2/repository/org/slf4j/slf4j-log4j12/1.7.25/slf4j-log4j12-1.7.25.jar:/root/.m2/repository/org/apache/hadoop/hadoop-ozone-objectstore-service/0.5.0-SNAPSHOT/hadoop-ozone-objectstore-service-0.5.0-SNAPSHOT.jar:/root/.m2/repository/org/apache/hadoop/hadoop-ozone-s3gateway/0.5.0-SNAPSHOT/hadoop-ozone-s3gateway-0.5.0-SNAPSHOT.jar:/root/.m2/repository/org/jboss/weld/servlet/weld-servlet/2.4.7.Final/weld-servlet-2.4.7.Final.jar:/root/.m2/repository/org/glassfish/jersey/containers/jersey-container-servlet-core/2.27/jersey-container-servlet-core-2.27.jar:/root/.m2/repository/org/glassfish/hk2/external/javax.inject/2.5.0-b42/javax.inject-2.5.0-b42.jar:/root/.m2/repository/org/glassfish/jersey/core/jersey-common/2.27/jersey-common-2.27.jar:/root/.m2/repository/org/glassfish/hk2/osgi-resource-locator/1.0.1/osgi-resource-locator-1.0.1.jar:/root/.m2/repository/javax/ws/rs/javax.ws.rs-api/2.1/javax.ws.rs-api-2.1.jar:/root/.m2/repository/org/glassfish/jersey/ext/cdi/jersey-cdi1x/2.27/jersey-cdi1x-2.27.jar:/root/.m2/repository/org/glassfish/jersey/inject/jersey-hk2/2.27/jersey-hk2-2.27.jar:/root/.m2/repository/org/glassfish/hk2/hk2-locator/2.5.0-b42/hk2-locator-2.5.0-b42.jar:/root/.m2/repository/org/javassist/javassist/3.22.0-CR2/javassist-3.22.0-CR2.jar:/root/.m2/repository/org/glassfish/hk2/hk2-api/2.5.0/hk2-api-2.5.0.jar:/root/.m2/repository/org/glassfish/hk2/external/jakarta.inject/2.5.0/jakarta.inject-2.5.0.jar:/root/.m2/repository/org/glassfish/hk2/hk2-utils/2.5.0/hk2-utils-2.5.0.jar:/root/.m2/repository/jakarta/annotation/jakarta.annotation-api/1.3.4/jakarta.annotation-api-1.3.4.jar:/root/.m2/repository/org/glassfish/hk2/external/aopalliance-repackaged/2.5.0/aopalliance-repackaged-2.5.0.jar:/root/.m2/repository/com/fasterxml/jackson/dataformat/jackson-dataformat-xml/2.9.0/jackson-dataformat-xml-2.9.0.jar:/root/.m2/repository/com/fasterxml/jackson/core/jackson-core/2.9.5/jackson-core-2.9.5.jar:/root/.m2/repository/com/fasterxml/jackson/module/jackson-module-jaxb-annotations/2.9.5/jackson-module-jaxb-annotations-2.9.5.jar:/root/.m2/repository/javax/enterprise/cdi-api/1.2/cdi-api-1.2.jar:/root/.m2/repository/javax/el/javax.el-api/3.0.0/javax.el-api-3.0.0.jar:/root/.m2/repository/javax/interceptor/javax.interceptor-api/1.2/javax.interceptor-api-1.2.jar:/root/.m2/repository/javax/inject/javax.inject/1/javax.inject-1.jar:/root/.m2/repository/com/sun/xml/bind/jaxb-impl/2.3.0.1/jaxb-impl-2.3.0.1.jar:/root/.m2/repository/com/sun/xml/bind/jaxb-core/2.3.0.1/jaxb-core-2.3.0.1.jar:/root/.m2/repository/javax/xml/bind/jaxb-api/2.3.0/jaxb-api-2.3.0.jar:/root/.m2/repository/javax/activation/activation/1.1.1/activation-1.1.1.jar:/root/.m2/repository/org/apache/hadoop/hadoop-ozone-csi/0.5.0-SNAPSHOT/hadoop-ozone-csi-0.5.0-SNAPSHOT.jar:/root/.m2/repository/com/google/protobuf/protobuf-java-util/3.5.1/protobuf-java-util-3.5.1.jar:/root/.m2/repository/org/apache/hadoop/hadoop-hdds-config/0.5.0-SNAPSHOT/hadoop-hdds-config-0.5.0-SNAPSHOT.jar:/root/.m2/repository/com/google/guava/guava/11.0.2/guava-11.0.2.jar:/root/.m2/repository/com/google/protobuf/protobuf-java/2.5.0/protobuf-java-2.5.0.jar:/root/.m2/repository/io/grpc/grpc-netty/1.17.1/grpc-netty-1.17.1.jar:/root/.m2/repository/io/grpc/grpc-core/1.17.1/grpc-core-1.17.1.jar:/root/.m2/repository/io/grpc/grpc-context/1.17.1/grpc-context-1.17.1.jar:/root/.m2/repository/com/google/errorprone/error_prone_annotations/2.2.0/error_prone_annotations-2.2.0.jar:/root/.m2/repository/org/codehaus/mojo/animal-sniffer-annotations/1.17/animal-sniffer-annotations-1.17.jar:/root/.m2/repository/io/opencensus/opencensus-api/0.17.0/opencensus-api-0.17.0.jar:/root/.m2/repository/io/opencensus/opencensus-contrib-grpc-metrics/0.17.0/opencensus-contrib-grpc-metrics-0.17.0.jar:/root/.m2/repository/io/netty/netty-codec-http2/4.1.30.Final/netty-codec-http2-4.1.30.Final.jar:/root/.m2/repository/io/netty/netty-codec-http/4.1.30.Final/netty-codec-http-4.1.30.Final.jar:/root/.m2/repository/io/netty/netty-codec/4.1.30.Final/netty-codec-4.1.30.Final.jar:/root/.m2/repository/io/netty/netty-handler/4.1.30.Final/netty-handler-4.1.30.Final.jar:/root/.m2/repository/io/netty/netty-handler-proxy/4.1.30.Final/netty-handler-proxy-4.1.30.Final.jar:/root/.m2/repository/io/netty/netty-codec-socks/4.1.30.Final/netty-codec-socks-4.1.30.Final.jar:/root/.m2/repository/io/netty/netty-transport-native-epoll/4.1.30.Final/netty-transport-native-epoll-4.1.30.Final.jar:/root/.m2/repository/io/netty/netty-common/4.1.30.Final/netty-common-4.1.30.Final.jar:/root/.m2/repository/io/netty/netty-buffer/4.1.30.Final/netty-buffer-4.1.30.Final.jar:/root/.m2/repository/io/netty/netty-transport/4.1.30.Final/netty-transport-4.1.30.Final.jar:/root/.m2/repository/io/netty/netty-resolver/4.1.30.Final/netty-resolver-4.1.30.Final.jar:/root/.m2/repository/io/netty/netty-transport-native-unix-common/4.1.30.Final/netty-transport-native-unix-common-4.1.30.Final.jar:/root/.m2/repository/io/grpc/grpc-protobuf/1.17.1/grpc-protobuf-1.17.1.jar:/root/.m2/repository/com/google/api/grpc/proto-google-common-protos/1.0.0/proto-google-common-protos-1.0.0.jar:/root/.m2/repository/io/grpc/grpc-protobuf-lite/1.17.1/grpc-protobuf-lite-1.17.1.jar:/root/.m2/repository/io/grpc/grpc-stub/1.17.1/grpc-stub-1.17.1.jar:/root/.m2/repository/org/apache/hadoop/hadoop-ozone-recon/0.5.0-SNAPSHOT/hadoop-ozone-recon-0.5.0-SNAPSHOT.jar:/root/.m2/repository/org/apache/hadoop/hadoop-ozone-reconcodegen/0.5.0-SNAPSHOT/hadoop-ozone-reconcodegen-0.5.0-SNAPSHOT.jar:/root/.m2/repository/com/google/inject/extensions/guice-multibindings/4.0/guice-multibindings-4.0.jar:/root/.m2/repository/com/google/inject/guice/4.0/guice-4.0.jar:/root/.m2/repository/aopalliance/aopalliance/1.0/aopalliance-1.0.jar:/root/.m2/repository/com/google/inject/extensions/guice-servlet/4.0/guice-servlet-4.0.jar:/root/.m2/repository/org/glassfish/jersey/containers/jersey-container-servlet/2.27/jersey-container-servlet-2.27.jar:/root/.m2/repository/org/glassfish/hk2/guice-bridge/2.5.0/guice-bridge-2.5.0.jar:/root/.m2/repository/org/glassfish/jersey/core/jersey-server/2.27/jersey-server-2.27.jar:/root/.m2/repository/org/glassfish/jersey/core/jersey-client/2.27/jersey-client-2.27.jar:/root/.m2/repository/org/glassfish/jersey/media/jersey-media-jaxb/2.27/jersey-media-jaxb-2.27.jar:/root/.m2/repository/javax/validation/validation-api/1.1.0.Final/validation-api-1.1.0.Final.jar:/root/.m2/repository/org/glassfish/jersey/media/jersey-media-json-jackson/2.27/jersey-media-json-jackson-2.27.jar:/root/.m2/repository/org/glassfish/jersey/ext/jersey-entity-filtering/2.27/jersey-entity-filtering-2.27.jar:/root/.m2/repository/com/google/inject/extensions/guice-assistedinject/4.0/guice-assistedinject-4.0.jar:/root/.m2/repository/org/jooq/jooq/3.11.10/jooq-3.11.10.jar:/root/.m2/repository/org/jooq/jooq-meta/3.11.10/jooq-meta-3.11.10.jar:/root/.m2/repository/org/jooq/jooq-codegen/3.11.10/jooq-codegen-3.11.10.jar:/root/.m2/repository/com/jolbox/bonecp/0.8.0.RELEASE/bonecp-0.8.0.RELEASE.jar:/root/.m2/repository/org/xerial/sqlite-jdbc/3.25.2/sqlite-jdbc-3.25.2.jar:/root/.m2/repository/org/springframework/spring-jdbc/5.1.3.RELEASE/spring-jdbc-5.1.3.RELEASE.jar:/root/.m2/repository/org/springframework/spring-beans/5.1.3.RELEASE/spring-beans-5.1.3.RELEASE.jar:/root/.m2/repository/org/springframework/spring-core/5.1.3.RELEASE/spring-core-5.1.3.RELEASE.jar:/root/.m2/repository/org/springframework/spring-jcl/5.1.3.RELEASE/spring-jcl-5.1.3.RELEASE.jar:/root/.m2/repository/org/springframework/spring-tx/5.1.3.RELEASE/spring-tx-5.1.3.RELEASE.jar:/root/.m2/repository/org/apache/hadoop/hadoop-ozone-client/0.5.0-SNAPSHOT/hadoop-ozone-client-0.5.0-SNAPSHOT.jar:/root/.m2/repository/org/apache/hadoop/hadoop-ozone-ozone-manager/0.5.0-SNAPSHOT/hadoop-ozone-ozone-manager-0.5.0-SNAPSHOT-tests.jar:/root/.m2/repository/junit/junit/4.11/junit-4.11.jar:/root/.m2/repository/org/hamcrest/hamcrest-core/1.3/hamcrest-core-1.3.jar:/root/.m2/repository/org/openjdk/jmh/jmh-core/1.19/jmh-core-1.19.jar:/root/.m2/repository/net/sf/jopt-simple/jopt-simple/4.6/jopt-simple-4.6.jar:/root/.m2/repository/org/apache/commons/commons-math3/3.1.1/commons-math3-3.1.1.jar:/root/.m2/repository/org/openjdk/jmh/jmh-generator-annprocess/1.19/jmh-generator-annprocess-1.19.jar:/root/.m2/repository/org/mockito/mockito-all/1.8.5/mockito-all-1.8.5.jar:/root/.m2/repository/org/apache/hadoop/hadoop-kms/3.2.0/hadoop-kms-3.2.0.jar:/root/.m2/repository/org/apache/hadoop/hadoop-auth/3.2.0/hadoop-auth-3.2.0.jar:/root/.m2/repository/com/nimbusds/nimbus-jose-jwt/4.41.1/nimbus-jose-jwt-4.41.1.jar:/root/.m2/repository/com/github/stephenc/jcip/jcip-annotations/1.0-1/jcip-annotations-1.0-1.jar:/root/.m2/repository/net/minidev/json-smart/2.3/json-smart-2.3.jar:/root/.m2/repository/net/minidev/accessors-smart/1.2/accessors-smart-1.2.jar:/root/.m2/repository/org/ow2/asm/asm/5.0.4/asm-5.0.4.jar:/root/.m2/repository/org/apache/curator/curator-framework/2.12.0/curator-framework-2.12.0.jar:/root/.m2/repository/com/sun/jersey/jersey-core/1.19/jersey-core-1.19.jar:/root/.m2/repository/javax/ws/rs/jsr311-api/1.1.1/jsr311-api-1.1.1.jar:/root/.m2/repository/com/sun/jersey/jersey-server/1.19/jersey-server-1.19.jar:/root/.m2/repository/javax/servlet/javax.servlet-api/3.1.0/javax.servlet-api-3.1.0.jar:/root/.m2/repository/org/eclipse/jetty/jetty-server/9.3.24.v20180605/jetty-server-9.3.24.v20180605.jar:/root/.m2/repository/org/eclipse/jetty/jetty-http/9.3.24.v20180605/jetty-http-9.3.24.v20180605.jar:/root/.m2/repository/org/eclipse/jetty/jetty-io/9.3.24.v20180605/jetty-io-9.3.24.v20180605.jar:/root/.m2/repository/org/eclipse/jetty/jetty-webapp/9.3.24.v20180605/jetty-webapp-9.3.24.v20180605.jar:/root/.m2/repository/org/eclipse/jetty/jetty-xml/9.3.24.v20180605/jetty-xml-9.3.24.v20180605.jar:/root/.m2/repository/log4j/log4j/1.2.17/log4j-1.2.17.jar:/root/.m2/repository/org/slf4j/slf4j-api/1.7.25/slf4j-api-1.7.25.jar:/root/.m2/repository/org/slf4j/jul-to-slf4j/1.7.25/jul-to-slf4j-1.7.25.jar:/root/.m2/repository/org/eclipse/jetty/jetty-util/9.3.24.v20180605/jetty-util-9.3.24.v20180605.jar:/root/.m2/repository/io/dropwizard/metrics/metrics-core/3.2.4/metrics-core-3.2.4.jar:/root/.m2/repository/com/fasterxml/jackson/core/jackson-databind/2.9.5/jackson-databind-2.9.5.jar:/root/.m2/repository/org/apache/hadoop/hadoop-kms/3.2.0/hadoop-kms-3.2.0-tests.jar:/root/.m2/repository/org/apache/hadoop/hadoop-hdds-server-scm/0.5.0-SNAPSHOT/hadoop-hdds-server-scm-0.5.0-SNAPSHOT-tests.jar:/root/.m2/repository/org/hamcrest/hamcrest-all/1.3/hamcrest-all-1.3.jar:/root/.m2/repository/info/picocli/picocli/3.9.6/picocli-3.9.6.jar:/root/.m2/repository/org/apache/hadoop/hadoop-hdds-container-service/0.5.0-SNAPSHOT/hadoop-hdds-container-service-0.5.0-SNAPSHOT-tests.jar:/root/.m2/repository/org/yaml/snakeyaml/1.16/snakeyaml-1.16.jar:/root/.m2/repository/org/apache/hadoop/hadoop-common/3.2.0/hadoop-common-3.2.0-tests.jar:/root/.m2/repository/org/apache/hadoop/hadoop-annotations/3.2.0/hadoop-annotations-3.2.0.jar:/usr/lib/jvm/java-1.8-openjdk/jre/../lib/tools.jar:/root/.m2/repository/commons-cli/commons-cli/1.2/commons-cli-1.2.jar:/root/.m2/repository/org/apache/httpcomponents/httpclient/4.5.2/httpclient-4.5.2.jar:/root/.m2/repository/org/apache/httpcomponents/httpcore/4.4.4/httpcore-4.4.4.jar:/root/.m2/repository/commons-codec/commons-codec/1.11/commons-codec-1.11.jar:/root/.m2/repository/commons-net/commons-net/3.6/commons-net-3.6.jar:/root/.m2/repository/commons-collections/commons-collections/3.2.2/commons-collections-3.2.2.jar:/root/.m2/repository/org/eclipse/jetty/jetty-servlet/9.3.24.v20180605/jetty-servlet-9.3.24.v20180605.jar:/root/.m2/repository/org/eclipse/jetty/jetty-security/9.3.24.v20180605/jetty-security-9.3.24.v20180605.jar:/root/.m2/repository/javax/servlet/jsp/jsp-api/2.1/jsp-api-2.1.jar:/root/.m2/repository/com/sun/jersey/jersey-servlet/1.19/jersey-servlet-1.19.jar:/root/.m2/repository/com/sun/jersey/jersey-json/1.19/jersey-json-1.19.jar:/root/.m2/repository/org/codehaus/jettison/jettison/1.1/jettison-1.1.jar:/root/.m2/repository/org/codehaus/jackson/jackson-core-asl/1.9.13/jackson-core-asl-1.9.13.jar:/root/.m2/repository/org/codehaus/jackson/jackson-mapper-asl/1.9.13/jackson-mapper-asl-1.9.13.jar:/root/.m2/repository/org/codehaus/jackson/jackson-jaxrs/1.9.13/jackson-jaxrs-1.9.13.jar:/root/.m2/repository/org/codehaus/jackson/jackson-xc/1.9.13/jackson-xc-1.9.13.jar:/root/.m2/repository/commons-logging/commons-logging/1.1.3/commons-logging-1.1.3.jar:/root/.m2/repository/commons-beanutils/commons-beanutils/1.9.3/commons-beanutils-1.9.3.jar:/root/.m2/repository/org/apache/commons/commons-configuration2/2.1.1/commons-configuration2-2.1.1.jar:/root/.m2/repository/org/apache/commons/commons-lang3/3.7/commons-lang3-3.7.jar:/root/.m2/repository/org/apache/commons/commons-text/1.4/commons-text-1.4.jar:/root/.m2/repository/org/apache/avro/avro/1.7.7/avro-1.7.7.jar:/root/.m2/repository/com/thoughtworks/paranamer/paranamer/2.3/paranamer-2.3.jar:/root/.m2/repository/org/xerial/snappy/snappy-java/1.0.5/snappy-java-1.0.5.jar:/root/.m2/repository/com/google/re2j/re2j/1.1/re2j-1.1.jar:/root/.m2/repository/com/google/code/gson/gson/2.2.4/gson-2.2.4.jar:/root/.m2/repository/com/jcraft/jsch/0.1.54/jsch-0.1.54.jar:/root/.m2/repository/org/apache/curator/curator-client/2.12.0/curator-client-2.12.0.jar:/root/.m2/repository/org/apache/curator/curator-recipes/2.12.0/curator-recipes-2.12.0.jar:/root/.m2/repository/com/google/code/findbugs/jsr305/3.0.0/jsr305-3.0.0.jar:/root/.m2/repository/org/apache/htrace/htrace-core4/4.1.0-incubating/htrace-core4-4.1.0-incubating.jar:/root/.m2/repository/org/apache/zookeeper/zookeeper/3.4.13/zookeeper-3.4.13.jar:/root/.m2/repository/org/apache/yetus/audience-annotations/0.5.0/audience-annotations-0.5.0.jar:/root/.m2/repository/org/codehaus/woodstox/stax2-api/3.1.4/stax2-api-3.1.4.jar:/root/.m2/repository/com/fasterxml/woodstox/woodstox-core/5.0.3/woodstox-core-5.0.3.jar:/root/.m2/repository/dnsjava/dnsjava/2.1.7/dnsjava-2.1.7.jar:/root/.m2/repository/org/apache/hadoop/hadoop-hdfs/3.2.0/hadoop-hdfs-3.2.0-tests.jar:/root/.m2/repository/org/eclipse/jetty/jetty-util-ajax/9.3.24.v20180605/jetty-util-ajax-9.3.24.v20180605.jar:/root/.m2/repository/commons-daemon/commons-daemon/1.0.13/commons-daemon-1.0.13.jar:/root/.m2/repository/io/netty/netty/3.10.5.Final/netty-3.10.5.Final.jar:/root/.m2/repository/io/netty/netty-all/4.0.52.Final/netty-all-4.0.52.Final.jar:/root/.m2/repository/org/fusesource/leveldbjni/leveldbjni-all/1.8/leveldbjni-all-1.8.jar:"/>
    <property name="sun.cpu.endian" value="little"/>
    <property name="user.home" value="/root"/>
    <property name="user.language" value="en"/>
    <property name="java.specification.vendor" value="Oracle Corporation"/>
    <property name="java.home" value="/usr/lib/jvm/java-1.8-openjdk/jre"/>
    <property name="java.security.krb5.conf" value="/opt/src/hadoop-ozone/integration-test/target/test-classes/krb5.conf"/>
    <property name="basedir" value="/opt/src/hadoop-ozone/integration-test"/>
    <property name="file.separator" value="/"/>
    <property name="line.separator" value="&#10;"/>
    <property name="java.vm.specification.vendor" value="Oracle Corporation"/>
    <property name="java.specification.name" value="Java Platform API Specification"/>
    <property name="java.awt.graphicsenv" value="sun.awt.X11GraphicsEnvironment"/>
    <property name="surefire.real.class.path" value="/opt/src/hadoop-ozone/integration-test/target/surefire/surefirebooter38783106331156416.jar"/>
    <property name="hadoop.log.dir" value="/opt/src/hadoop-ozone/integration-test/target/log"/>
    <property name="sun.boot.class.path" value="/usr/lib/jvm/java-1.8-openjdk/jre/lib/resources.jar:/usr/lib/jvm/java-1.8-openjdk/jre/lib/rt.jar:/usr/lib/jvm/java-1.8-openjdk/jre/lib/sunrsasign.jar:/usr/lib/jvm/java-1.8-openjdk/jre/lib/jsse.jar:/usr/lib/jvm/java-1.8-openjdk/jre/lib/jce.jar:/usr/lib/jvm/java-1.8-openjdk/jre/lib/charsets.jar:/usr/lib/jvm/java-1.8-openjdk/jre/lib/jfr.jar:/usr/lib/jvm/java-1.8-openjdk/jre/classes"/>
    <property name="sun.management.compiler" value="HotSpot 64-Bit Tiered Compilers"/>
    <property name="java.runtime.version" value="1.8.0_212-b04"/>
    <property name="java.net.preferIPv4Stack" value="true"/>
    <property name="user.name" value="root"/>
    <property name="path.separator" value=":"/>
    <property name="java.security.egd" value="file:///dev/urandom"/>
    <property name="os.version" value="4.15.0-1021-aws"/>
    <property name="java.endorsed.dirs" value="/usr/lib/jvm/java-1.8-openjdk/jre/lib/endorsed"/>
    <property name="java.runtime.name" value="OpenJDK Runtime Environment"/>
    <property name="file.encoding" value="UTF-8"/>
    <property name="java.vm.name" value="OpenJDK 64-Bit Server VM"/>
    <property name="test.build.webapps" value=""/>
    <property name="localRepository" value="/root/.m2/repository"/>
    <property name="java.vendor.url.bug" value="https://icedtea.classpath.org/bugzilla"/>
    <property name="java.io.tmpdir" value="/tmp"/>
    <property name="require.test.libhadoop" value=""/>
    <property name="java.version" value="1.8.0_212"/>
    <property name="user.dir" value="/opt/src/hadoop-ozone/integration-test"/>
    <property name="os.arch" value="amd64"/>
    <property name="java.vm.specification.name" value="Java Virtual Machine Specification"/>
    <property name="test.build.classes" value="/opt/src/hadoop-ozone/integration-test/target/test-classes"/>
    <property name="java.awt.printerjob" value="sun.print.PSPrinterJob"/>
    <property name="sun.os.patch.level" value="unknown"/>
    <property name="hadoop.tmp.dir" value="/opt/src/hadoop-ozone/integration-test/target/tmp"/>
    <property name="java.library.path" value="/usr/lib/jvm/java-1.8-openjdk/jre/lib/amd64/server:/usr/lib/jvm/java-1.8-openjdk/jre/lib/amd64:/usr/lib/jvm/java-1.8-openjdk/jre/../lib/amd64:/opt/src/hadoop-ozone/integration-test/target/native/target/usr/local/lib:/opt/src/hadoop-ozone/integration-test/../../hadoop-common-project/hadoop-common/target/native/target/usr/local/lib:/usr/java/packages/lib/amd64:/usr/lib64:/lib64:/lib:/usr/lib"/>
    <property name="java.vm.info" value="mixed mode"/>
    <property name="java.vendor" value="IcedTea"/>
    <property name="java.vm.version" value="25.212-b04"/>
    <property name="java.ext.dirs" value="/usr/lib/jvm/java-1.8-openjdk/jre/lib/ext:/usr/java/packages/lib/ext"/>
    <property name="sun.io.unicode.encoding" value="UnicodeLittle"/>
    <property name="java.class.version" value="52.0"/>
  </properties>
  <testcase name="testPipelineFail" classname="org.apache.hadoop.hdds.scm.pipeline.TestNodeFailure" time="0">
    <skipped/>
    <system-out><![CDATA[2019-06-12 18:42:47,472 WARN  server.ServerUtils (ServerUtils.java:getScmDbDir(145)) - ozone.scm.db.dirs is not configured. We recommend adding this setting. Falling back to ozone.metadata.dirs instead.
2019-06-12 18:42:47,543 WARN  server.ServerUtils (ServerUtils.java:getScmDbDir(145)) - ozone.scm.db.dirs is not configured. We recommend adding this setting. Falling back to ozone.metadata.dirs instead.
2019-06-12 18:42:47,545 WARN  server.ServerUtils (ServerUtils.java:getScmDbDir(145)) - ozone.scm.db.dirs is not configured. We recommend adding this setting. Falling back to ozone.metadata.dirs instead.
2019-06-12 18:42:47,558 INFO  util.log (Log.java:initialized(192)) - Logging initialized @643ms
2019-06-12 18:42:47,637 INFO  db.DBStoreBuilder (DBStoreBuilder.java:addTable(110)) - using custom profile for table: deletedBlocks
2019-06-12 18:42:47,637 INFO  db.DBStoreBuilder (DBStoreBuilder.java:processTables(161)) - Using default column profile:DBProfile.DISK for Table:deletedBlocks
2019-06-12 18:42:47,638 INFO  db.DBStoreBuilder (DBStoreBuilder.java:addTable(110)) - using custom profile for table: validCerts
2019-06-12 18:42:47,638 INFO  db.DBStoreBuilder (DBStoreBuilder.java:processTables(161)) - Using default column profile:DBProfile.DISK for Table:validCerts
2019-06-12 18:42:47,638 INFO  db.DBStoreBuilder (DBStoreBuilder.java:addTable(110)) - using custom profile for table: revokedCerts
2019-06-12 18:42:47,638 INFO  db.DBStoreBuilder (DBStoreBuilder.java:processTables(161)) - Using default column profile:DBProfile.DISK for Table:revokedCerts
2019-06-12 18:42:47,647 INFO  db.DBStoreBuilder (DBStoreBuilder.java:addTable(110)) - using custom profile for table: default
2019-06-12 18:42:47,647 INFO  db.DBStoreBuilder (DBStoreBuilder.java:processTables(167)) - Using default column profile:DBProfile.DISK for Table:default
2019-06-12 18:42:47,649 INFO  db.DBStoreBuilder (DBStoreBuilder.java:getDbProfile(198)) - Using default options. DBProfile.DISK
2019-06-12 18:42:47,713 INFO  node.SCMNodeManager (SCMNodeManager.java:<init>(108)) - Entering startup safe mode.
2019-06-12 18:42:47,770 INFO  net.NodeSchemaLoader (NodeSchemaLoader.java:loadSchemaFromFile(125)) - Loading file from sun.misc.CompoundEnumeration@443118b0
2019-06-12 18:42:47,772 INFO  net.NodeSchemaLoader (NodeSchemaLoader.java:loadSchema(171)) - Loading network topology layer schema file
2019-06-12 18:42:47,818 WARN  server.ServerUtils (ServerUtils.java:getScmDbDir(145)) - ozone.scm.db.dirs is not configured. We recommend adding this setting. Falling back to ozone.metadata.dirs instead.
2019-06-12 18:42:47,835 INFO  pipeline.SCMPipelineManager (SCMPipelineManager.java:initializePipelineState(126)) - No pipeline exists in current db
2019-06-12 18:42:47,837 WARN  server.ServerUtils (ServerUtils.java:getScmDbDir(145)) - ozone.scm.db.dirs is not configured. We recommend adding this setting. Falling back to ozone.metadata.dirs instead.
2019-06-12 18:42:47,882 WARN  events.EventQueue (EventQueue.java:fireEvent(175)) - No event handler registered for event TypedEvent{payloadType=SafeModeStatus, name='SafeModeStatus'}
2019-06-12 18:42:48,127 INFO  ipc.CallQueueManager (CallQueueManager.java:<init>(84)) - Using callQueue: class java.util.concurrent.LinkedBlockingQueue, queueCapacity: 2000, scheduler: class org.apache.hadoop.ipc.DefaultRpcScheduler, ipcBackoff: false.
2019-06-12 18:42:48,148 INFO  ipc.Server (Server.java:run(1074)) - Starting Socket Reader #1 for port 42303
2019-06-12 18:42:48,167 INFO  ipc.CallQueueManager (CallQueueManager.java:<init>(84)) - Using callQueue: class java.util.concurrent.LinkedBlockingQueue, queueCapacity: 2000, scheduler: class org.apache.hadoop.ipc.DefaultRpcScheduler, ipcBackoff: false.
2019-06-12 18:42:48,168 INFO  ipc.Server (Server.java:run(1074)) - Starting Socket Reader #1 for port 39691
2019-06-12 18:42:48,174 INFO  ipc.CallQueueManager (CallQueueManager.java:<init>(84)) - Using callQueue: class java.util.concurrent.LinkedBlockingQueue, queueCapacity: 2000, scheduler: class org.apache.hadoop.ipc.DefaultRpcScheduler, ipcBackoff: false.
2019-06-12 18:42:48,198 INFO  ipc.Server (Server.java:run(1074)) - Starting Socket Reader #1 for port 39467
2019-06-12 18:42:48,214 INFO  hdfs.DFSUtil (DFSUtil.java:httpServerTemplateForNNAndJN(1641)) - Starting Web-server for scm at: http://0.0.0.0:0
2019-06-12 18:42:48,350 INFO  server.AuthenticationFilter (AuthenticationFilter.java:constructSecretProvider(240)) - Unable to initialize FileSignerSecretProvider, falling back to use random secrets.
2019-06-12 18:42:48,355 WARN  http.HttpRequestLog (HttpRequestLog.java:getRequestLog(97)) - Jetty request log can only be enabled using Log4j
2019-06-12 18:42:48,360 INFO  http.HttpServer2 (HttpServer2.java:addGlobalFilter(975)) - Added global filter 'safety' (class=org.apache.hadoop.http.HttpServer2$QuotingInputFilter)
2019-06-12 18:42:48,362 INFO  http.HttpServer2 (HttpServer2.java:addFilter(948)) - Added filter static_user_filter (class=org.apache.hadoop.http.lib.StaticUserWebFilter$StaticUserFilter) to context scm
2019-06-12 18:42:48,363 INFO  http.HttpServer2 (HttpServer2.java:addFilter(958)) - Added filter static_user_filter (class=org.apache.hadoop.http.lib.StaticUserWebFilter$StaticUserFilter) to context logs
2019-06-12 18:42:48,363 INFO  http.HttpServer2 (HttpServer2.java:addFilter(958)) - Added filter static_user_filter (class=org.apache.hadoop.http.lib.StaticUserWebFilter$StaticUserFilter) to context static
2019-06-12 18:42:48,382 INFO  server.StorageContainerManager (StorageContainerManager.java:start(752)) - StorageContainerLocationProtocol RPC server is listening at /0.0.0.0:39467
2019-06-12 18:42:48,422 WARN  impl.MetricsConfig (MetricsConfig.java:loadFirst(134)) - Cannot locate configuration: tried hadoop-metrics2-storagecontainermanager.properties,hadoop-metrics2.properties
2019-06-12 18:42:48,432 INFO  impl.MetricsSystemImpl (MetricsSystemImpl.java:startTimer(374)) - Scheduled Metric snapshot period at 10 second(s).
2019-06-12 18:42:48,433 INFO  impl.MetricsSystemImpl (MetricsSystemImpl.java:start(191)) - StorageContainerManager metrics system started
2019-06-12 18:42:48,597 INFO  server.SCMClientProtocolServer (SCMClientProtocolServer.java:start(149)) - RPC server for Client  is listening at /0.0.0.0:39467
2019-06-12 18:42:48,597 INFO  ipc.Server (Server.java:run(1314)) - IPC Server Responder: starting
2019-06-12 18:42:48,598 INFO  ipc.Server (Server.java:run(1153)) - IPC Server listener on 39467: starting
2019-06-12 18:42:48,600 INFO  server.StorageContainerManager (StorageContainerManager.java:start(761)) - ScmBlockLocationProtocol RPC server is listening at /0.0.0.0:39691
2019-06-12 18:42:48,600 INFO  server.SCMBlockProtocolServer (SCMBlockProtocolServer.java:start(137)) - RPC server for Block Protocol is listening at /0.0.0.0:39691
2019-06-12 18:42:48,600 INFO  ipc.Server (Server.java:run(1314)) - IPC Server Responder: starting
2019-06-12 18:42:48,601 INFO  ipc.Server (Server.java:run(1153)) - IPC Server listener on 39691: starting
2019-06-12 18:42:48,603 INFO  server.StorageContainerManager (StorageContainerManager.java:start(765)) - ScmDatanodeProtocl RPC server is listening at /0.0.0.0:42303
2019-06-12 18:42:48,603 INFO  server.SCMDatanodeProtocolServer (SCMDatanodeProtocolServer.java:start(191)) - RPC server for DataNodes is listening at /0.0.0.0:42303
2019-06-12 18:42:48,603 INFO  ipc.Server (Server.java:run(1314)) - IPC Server Responder: starting
2019-06-12 18:42:48,603 INFO  ipc.Server (Server.java:run(1153)) - IPC Server listener on 42303: starting
2019-06-12 18:42:48,608 INFO  http.HttpServer2 (HttpServer2.java:bindListener(1191)) - Jetty bound to port 36849
2019-06-12 18:42:48,609 INFO  server.Server (Server.java:doStart(351)) - jetty-9.3.24.v20180605, build timestamp: 2018-06-05T17:11:56Z, git hash: 84205aa28f11a4f31f2a3b86d1bba2cc8ab69827
2019-06-12 18:42:48,647 INFO  handler.ContextHandler (ContextHandler.java:doStart(781)) - Started o.e.j.s.ServletContextHandler@2df6226d{/logs,file:///opt/src/hadoop-ozone/integration-test/target/log,AVAILABLE}
2019-06-12 18:42:48,648 INFO  handler.ContextHandler (ContextHandler.java:doStart(781)) - Started o.e.j.s.ServletContextHandler@4ff4357f{/static,file:///opt/src/hadoop-ozone/integration-test/target/test-classes/webapps/static,AVAILABLE}
2019-06-12 18:42:48,672 INFO  handler.ContextHandler (ContextHandler.java:doStart(781)) - Started o.e.j.w.WebAppContext@2484f433{/,file:///opt/src/hadoop-ozone/integration-test/target/test-classes/webapps/scm/,AVAILABLE}{/scm}
2019-06-12 18:42:48,676 INFO  server.AbstractConnector (AbstractConnector.java:doStart(278)) - Started ServerConnector@841e575{HTTP/1.1,[http/1.1]}{0.0.0.0:36849}
2019-06-12 18:42:48,677 INFO  server.Server (Server.java:doStart(419)) - Started @1761ms
2019-06-12 18:42:48,678 INFO  server.BaseHttpServer (BaseHttpServer.java:updateConnectorAddress(207)) - HTTP server of SCM is listening at http://0.0.0.0:36849
2019-06-12 18:42:48,682 INFO  util.JvmPauseMonitor (JvmPauseMonitor.java:run(188)) - Starting JVM pause monitor
2019-06-12 18:42:48,685 WARN  scm.ScmUtils (ScmUtils.java:getDBPath(63)) - ozone.om.db.dirs is not configured. We recommend adding this setting. Falling back to ozone.metadata.dirs instead.
2019-06-12 18:42:48,769 WARN  scm.ScmUtils (ScmUtils.java:getDBPath(63)) - ozone.om.db.dirs is not configured. We recommend adding this setting. Falling back to ozone.metadata.dirs instead.
2019-06-12 18:42:48,770 INFO  om.OzoneManager (OzoneManager.java:setOMNodeDetails(519)) - OM Service ID is not set. Setting it to the default ID: omServiceIdDefault
2019-06-12 18:42:48,770 INFO  om.OzoneManager (OzoneManager.java:setOMNodeDetails(525)) - OM Node ID is not set. Setting it to the OmStorage's OmID: 8f14eaf6-9792-4a67-a698-f060f3c23fa5
2019-06-12 18:42:48,771 WARN  scm.HddsServerUtil (HddsServerUtil.java:getDefaultRatisDirectory(354)) - Storage directory for Ratis is not configured. It is a good idea to map this to an SSD disk. Falling back to ozone.metadata.dirs
2019-06-12 18:42:48,772 WARN  scm.HddsServerUtil (HddsServerUtil.java:getDefaultRatisDirectory(354)) - Storage directory for Ratis is not configured. It is a good idea to map this to an SSD disk. Falling back to ozone.metadata.dirs
2019-06-12 18:42:48,772 INFO  om.OzoneManager (OzoneManager.java:loadOMHAConfigs(476)) - Found matching OM address with OMServiceId: null, OMNodeId: null, RPC Address: localhost:0 and Ratis port: 9872
2019-06-12 18:42:48,917 WARN  scm.ScmUtils (ScmUtils.java:getDBPath(63)) - ozone.om.db.dirs is not configured. We recommend adding this setting. Falling back to ozone.metadata.dirs instead.
2019-06-12 18:42:48,922 INFO  db.DBStoreBuilder (DBStoreBuilder.java:addTable(110)) - using custom profile for table: userTable
2019-06-12 18:42:48,922 INFO  db.DBStoreBuilder (DBStoreBuilder.java:processTables(161)) - Using default column profile:DBProfile.DISK for Table:userTable
2019-06-12 18:42:48,922 INFO  db.DBStoreBuilder (DBStoreBuilder.java:addTable(110)) - using custom profile for table: volumeTable
2019-06-12 18:42:48,923 INFO  db.DBStoreBuilder (DBStoreBuilder.java:processTables(161)) - Using default column profile:DBProfile.DISK for Table:volumeTable
2019-06-12 18:42:48,923 INFO  db.DBStoreBuilder (DBStoreBuilder.java:addTable(110)) - using custom profile for table: bucketTable
2019-06-12 18:42:48,923 INFO  db.DBStoreBuilder (DBStoreBuilder.java:processTables(161)) - Using default column profile:DBProfile.DISK for Table:bucketTable
2019-06-12 18:42:48,923 INFO  db.DBStoreBuilder (DBStoreBuilder.java:addTable(110)) - using custom profile for table: keyTable
2019-06-12 18:42:48,924 INFO  db.DBStoreBuilder (DBStoreBuilder.java:processTables(161)) - Using default column profile:DBProfile.DISK for Table:keyTable
2019-06-12 18:42:48,924 INFO  db.DBStoreBuilder (DBStoreBuilder.java:addTable(110)) - using custom profile for table: deletedTable
2019-06-12 18:42:48,924 INFO  db.DBStoreBuilder (DBStoreBuilder.java:processTables(161)) - Using default column profile:DBProfile.DISK for Table:deletedTable
2019-06-12 18:42:48,924 INFO  db.DBStoreBuilder (DBStoreBuilder.java:addTable(110)) - using custom profile for table: openKeyTable
2019-06-12 18:42:48,925 INFO  db.DBStoreBuilder (DBStoreBuilder.java:processTables(161)) - Using default column profile:DBProfile.DISK for Table:openKeyTable
2019-06-12 18:42:48,925 INFO  db.DBStoreBuilder (DBStoreBuilder.java:addTable(110)) - using custom profile for table: s3Table
2019-06-12 18:42:48,925 INFO  db.DBStoreBuilder (DBStoreBuilder.java:processTables(161)) - Using default column profile:DBProfile.DISK for Table:s3Table
2019-06-12 18:42:48,925 INFO  db.DBStoreBuilder (DBStoreBuilder.java:addTable(110)) - using custom profile for table: multipartInfoTable
2019-06-12 18:42:48,925 INFO  db.DBStoreBuilder (DBStoreBuilder.java:processTables(161)) - Using default column profile:DBProfile.DISK for Table:multipartInfoTable
2019-06-12 18:42:48,925 INFO  db.DBStoreBuilder (DBStoreBuilder.java:addTable(110)) - using custom profile for table: dTokenTable
2019-06-12 18:42:48,926 INFO  db.DBStoreBuilder (DBStoreBuilder.java:processTables(161)) - Using default column profile:DBProfile.DISK for Table:dTokenTable
2019-06-12 18:42:48,926 INFO  db.DBStoreBuilder (DBStoreBuilder.java:addTable(110)) - using custom profile for table: s3SecretTable
2019-06-12 18:42:48,926 INFO  db.DBStoreBuilder (DBStoreBuilder.java:processTables(161)) - Using default column profile:DBProfile.DISK for Table:s3SecretTable
2019-06-12 18:42:48,926 INFO  db.DBStoreBuilder (DBStoreBuilder.java:addTable(110)) - using custom profile for table: prefixTable
2019-06-12 18:42:48,927 INFO  db.DBStoreBuilder (DBStoreBuilder.java:processTables(161)) - Using default column profile:DBProfile.DISK for Table:prefixTable
2019-06-12 18:42:48,927 INFO  db.DBStoreBuilder (DBStoreBuilder.java:addTable(110)) - using custom profile for table: default
2019-06-12 18:42:48,927 INFO  db.DBStoreBuilder (DBStoreBuilder.java:processTables(167)) - Using default column profile:DBProfile.DISK for Table:default
2019-06-12 18:42:48,927 INFO  db.DBStoreBuilder (DBStoreBuilder.java:getDbProfile(198)) - Using default options. DBProfile.DISK
2019-06-12 18:42:49,365 INFO  ipc.CallQueueManager (CallQueueManager.java:<init>(84)) - Using callQueue: class java.util.concurrent.LinkedBlockingQueue, queueCapacity: 2000, scheduler: class org.apache.hadoop.ipc.DefaultRpcScheduler, ipcBackoff: false.
2019-06-12 18:42:49,366 INFO  ipc.Server (Server.java:run(1074)) - Starting Socket Reader #1 for port 40659
2019-06-12 18:42:49,399 WARN  scm.ScmUtils (ScmUtils.java:getDBPath(63)) - ozone.om.db.dirs is not configured. We recommend adding this setting. Falling back to ozone.metadata.dirs instead.
2019-06-12 18:42:49,400 INFO  om.OzoneManager (OzoneManager.java:start(1217)) - OzoneManager RPC server is listening at localhost/127.0.0.1:40659
2019-06-12 18:42:49,400 INFO  impl.MetricsSystemImpl (MetricsSystemImpl.java:init(158)) - OzoneManager metrics system started (again)
2019-06-12 18:42:49,401 INFO  ipc.Server (Server.java:run(1314)) - IPC Server Responder: starting
2019-06-12 18:42:49,401 INFO  ipc.Server (Server.java:run(1153)) - IPC Server listener on 40659: starting
2019-06-12 18:42:49,456 INFO  hdfs.DFSUtil (DFSUtil.java:httpServerTemplateForNNAndJN(1641)) - Starting Web-server for ozoneManager at: http://0.0.0.0:0
2019-06-12 18:42:49,457 INFO  server.AuthenticationFilter (AuthenticationFilter.java:constructSecretProvider(240)) - Unable to initialize FileSignerSecretProvider, falling back to use random secrets.
2019-06-12 18:42:49,458 WARN  http.HttpRequestLog (HttpRequestLog.java:getRequestLog(97)) - Jetty request log can only be enabled using Log4j
2019-06-12 18:42:49,459 INFO  http.HttpServer2 (HttpServer2.java:addGlobalFilter(975)) - Added global filter 'safety' (class=org.apache.hadoop.http.HttpServer2$QuotingInputFilter)
2019-06-12 18:42:49,460 INFO  http.HttpServer2 (HttpServer2.java:addFilter(948)) - Added filter static_user_filter (class=org.apache.hadoop.http.lib.StaticUserWebFilter$StaticUserFilter) to context ozoneManager
2019-06-12 18:42:49,460 INFO  http.HttpServer2 (HttpServer2.java:addFilter(958)) - Added filter static_user_filter (class=org.apache.hadoop.http.lib.StaticUserWebFilter$StaticUserFilter) to context logs
2019-06-12 18:42:49,460 INFO  http.HttpServer2 (HttpServer2.java:addFilter(958)) - Added filter static_user_filter (class=org.apache.hadoop.http.lib.StaticUserWebFilter$StaticUserFilter) to context static
2019-06-12 18:42:49,461 INFO  http.HttpServer2 (HttpServer2.java:bindListener(1191)) - Jetty bound to port 40459
2019-06-12 18:42:49,461 INFO  server.Server (Server.java:doStart(351)) - jetty-9.3.24.v20180605, build timestamp: 2018-06-05T17:11:56Z, git hash: 84205aa28f11a4f31f2a3b86d1bba2cc8ab69827
2019-06-12 18:42:49,463 INFO  handler.ContextHandler (ContextHandler.java:doStart(781)) - Started o.e.j.s.ServletContextHandler@7c2a69b4{/logs,file:///opt/src/hadoop-ozone/integration-test/target/log,AVAILABLE}
2019-06-12 18:42:49,463 INFO  handler.ContextHandler (ContextHandler.java:doStart(781)) - Started o.e.j.s.ServletContextHandler@648ee871{/static,file:///opt/src/hadoop-ozone/integration-test/target/test-classes/webapps/static,AVAILABLE}
2019-06-12 18:42:49,466 INFO  handler.ContextHandler (ContextHandler.java:doStart(781)) - Started o.e.j.w.WebAppContext@6f012914{/,file:///opt/src/hadoop-ozone/integration-test/target/test-classes/webapps/ozoneManager/,AVAILABLE}{/ozoneManager}
2019-06-12 18:42:49,467 INFO  server.AbstractConnector (AbstractConnector.java:doStart(278)) - Started ServerConnector@18fdb6cf{HTTP/1.1,[http/1.1]}{0.0.0.0:40459}
2019-06-12 18:42:49,467 INFO  server.Server (Server.java:doStart(419)) - Started @2552ms
2019-06-12 18:42:49,468 INFO  server.BaseHttpServer (BaseHttpServer.java:updateConnectorAddress(207)) - HTTP server of OZONEMANAGER is listening at http://0.0.0.0:40459
2019-06-12 18:42:49,594 INFO  impl.MetricsSystemImpl (MetricsSystemImpl.java:init(158)) - HddsDatanode metrics system started (again)
2019-06-12 18:42:49,738 INFO  ozone.HddsDatanodeService (HddsDatanodeService.java:start(185)) - HddsDatanodeService host:ozone-hw5hf-1599250011 ip:192.168.46.15
2019-06-12 18:42:49,763 INFO  volume.HddsVolume (HddsVolume.java:<init>(176)) - Creating Volume: /opt/src/hadoop-ozone/integration-test/target/test-dir/MiniOzoneClusterImpl-31cd421d-7316-4e57-af3b-d38f3d11e3aa/datanode-0/data/containers/hdds of  storage type : DISK and capacity : 104021790720
2019-06-12 18:42:49,764 INFO  volume.VolumeSet (VolumeSet.java:initializeVolumeSet(170)) - Added Volume : /opt/src/hadoop-ozone/integration-test/target/test-dir/MiniOzoneClusterImpl-31cd421d-7316-4e57-af3b-d38f3d11e3aa/datanode-0/data/containers/hdds to VolumeSet
2019-06-12 18:42:49,766 INFO  volume.ThrottledAsyncChecker (ThrottledAsyncChecker.java:schedule(140)) - Scheduling a check for org.apache.hadoop.ozone.container.common.volume.HddsVolume@4a6c18ad
2019-06-12 18:42:49,780 INFO  volume.HddsVolumeChecker (HddsVolumeChecker.java:checkAllVolumes(203)) - Scheduled health check for volume org.apache.hadoop.ozone.container.common.volume.HddsVolume@4a6c18ad
2019-06-12 18:42:49,816 INFO  ratis.XceiverServerRatis (XceiverServerRatis.java:newXceiverServerRatis(401)) - Found a free port for the server : 37061
2019-06-12 18:42:49,883 INFO  impl.RaftServerProxy (ConfUtils.java:logGet(43)) - raft.rpc.type = GRPC (default)
2019-06-12 18:42:49,892 INFO  grpc.GrpcConfigKeys$Server (ConfUtils.java:logGet(43)) - raft.grpc.server.port = 37061 (custom)
2019-06-12 18:42:49,893 INFO  server.GrpcService (ConfUtils.java:logGet(43)) - raft.grpc.message.size.max = 33570816 (custom)
2019-06-12 18:42:49,895 INFO  server.RaftServerConfigKeys (ConfUtils.java:logGet(43)) - raft.server.log.appender.buffer.byte-limit = 33554432 (custom)
2019-06-12 18:42:49,895 INFO  server.GrpcService (ConfUtils.java:logGet(43)) - raft.grpc.flow.control.window = 1MB (=1048576) (default)
2019-06-12 18:42:49,896 INFO  server.RaftServerConfigKeys (ConfUtils.java:logGet(43)) - raft.server.rpc.request.timeout = 3000ms (default)
2019-06-12 18:42:50,024 INFO  server.RaftServerConfigKeys (ConfUtils.java:logGet(43)) - raft.server.storage.dir = [/opt/src/hadoop-ozone/integration-test/target/test-dir/MiniOzoneClusterImpl-31cd421d-7316-4e57-af3b-d38f3d11e3aa/datanode-0/data/ratis] (custom)
2019-06-12 18:42:50,029 INFO  server.XceiverServerGrpc (XceiverServerGrpc.java:<init>(97)) - Found a free port for the server : 37947
2019-06-12 18:42:50,050 INFO  replication.SimpleContainerDownloader (SimpleContainerDownloader.java:<init>(72)) - Starting container downloader service to copy containers to replicate.
2019-06-12 18:42:50,060 INFO  hdfs.DFSUtil (DFSUtil.java:httpServerTemplateForNNAndJN(1641)) - Starting Web-server for hddsDatanode at: http://0.0.0.0:0
2019-06-12 18:42:50,061 INFO  server.AuthenticationFilter (AuthenticationFilter.java:constructSecretProvider(240)) - Unable to initialize FileSignerSecretProvider, falling back to use random secrets.
2019-06-12 18:42:50,061 WARN  http.HttpRequestLog (HttpRequestLog.java:getRequestLog(97)) - Jetty request log can only be enabled using Log4j
2019-06-12 18:42:50,062 INFO  http.HttpServer2 (HttpServer2.java:addGlobalFilter(975)) - Added global filter 'safety' (class=org.apache.hadoop.http.HttpServer2$QuotingInputFilter)
2019-06-12 18:42:50,063 INFO  http.HttpServer2 (HttpServer2.java:addFilter(948)) - Added filter static_user_filter (class=org.apache.hadoop.http.lib.StaticUserWebFilter$StaticUserFilter) to context hddsDatanode
2019-06-12 18:42:50,063 INFO  http.HttpServer2 (HttpServer2.java:addFilter(958)) - Added filter static_user_filter (class=org.apache.hadoop.http.lib.StaticUserWebFilter$StaticUserFilter) to context logs
2019-06-12 18:42:50,063 INFO  http.HttpServer2 (HttpServer2.java:addFilter(958)) - Added filter static_user_filter (class=org.apache.hadoop.http.lib.StaticUserWebFilter$StaticUserFilter) to context static
2019-06-12 18:42:50,064 INFO  http.HttpServer2 (HttpServer2.java:bindListener(1191)) - Jetty bound to port 41571
2019-06-12 18:42:50,064 INFO  server.Server (Server.java:doStart(351)) - jetty-9.3.24.v20180605, build timestamp: 2018-06-05T17:11:56Z, git hash: 84205aa28f11a4f31f2a3b86d1bba2cc8ab69827
2019-06-12 18:42:50,066 INFO  handler.ContextHandler (ContextHandler.java:doStart(781)) - Started o.e.j.s.ServletContextHandler@2e51d054{/logs,file:///opt/src/hadoop-ozone/integration-test/target/log,AVAILABLE}
2019-06-12 18:42:50,067 INFO  handler.ContextHandler (ContextHandler.java:doStart(781)) - Started o.e.j.s.ServletContextHandler@615e3f51{/static,jar:file:/root/.m2/repository/org/apache/hadoop/hadoop-hdds-container-service/0.5.0-SNAPSHOT/hadoop-hdds-container-service-0.5.0-SNAPSHOT.jar!/webapps/static,AVAILABLE}
2019-06-12 18:42:50,100 INFO  handler.ContextHandler (ContextHandler.java:doStart(781)) - Started o.e.j.w.WebAppContext@5e1fc2aa{/,file:///tmp/jetty-0.0.0.0-41571-hddsDatanode-_-any-5993824643757043945.dir/webapp/,AVAILABLE}{/hddsDatanode}
2019-06-12 18:42:50,101 INFO  server.AbstractConnector (AbstractConnector.java:doStart(278)) - Started ServerConnector@192aac56{HTTP/1.1,[http/1.1]}{0.0.0.0:41571}
2019-06-12 18:42:50,101 INFO  server.Server (Server.java:doStart(419)) - Started @3186ms
2019-06-12 18:42:50,102 INFO  server.BaseHttpServer (BaseHttpServer.java:updateConnectorAddress(207)) - HTTP server of HDDSDATANODE is listening at http://0.0.0.0:41571
2019-06-12 18:42:50,886 INFO  ozone.HddsDatanodeService (HddsDatanodeService.java:startPlugins(396)) - Started plug-in org.apache.hadoop.ozone.web.OzoneHddsDatanodeService@1f992a3a
2019-06-12 18:42:50,888 INFO  impl.MetricsSystemImpl (MetricsSystemImpl.java:init(158)) - HddsDatanode metrics system started (again)
2019-06-12 18:42:50,889 INFO  ozone.HddsDatanodeService (HddsDatanodeService.java:start(185)) - HddsDatanodeService host:ozone-hw5hf-1599250011 ip:192.168.46.15
2019-06-12 18:42:50,895 INFO  util.JvmPauseMonitor (JvmPauseMonitor.java:run(188)) - Starting JVM pause monitor
2019-06-12 18:42:50,897 INFO  volume.HddsVolume (HddsVolume.java:<init>(176)) - Creating Volume: /opt/src/hadoop-ozone/integration-test/target/test-dir/MiniOzoneClusterImpl-31cd421d-7316-4e57-af3b-d38f3d11e3aa/datanode-1/data/containers/hdds of  storage type : DISK and capacity : 104021790720
2019-06-12 18:42:50,898 INFO  volume.VolumeSet (VolumeSet.java:initializeVolumeSet(170)) - Added Volume : /opt/src/hadoop-ozone/integration-test/target/test-dir/MiniOzoneClusterImpl-31cd421d-7316-4e57-af3b-d38f3d11e3aa/datanode-1/data/containers/hdds to VolumeSet
2019-06-12 18:42:50,898 INFO  volume.ThrottledAsyncChecker (ThrottledAsyncChecker.java:schedule(140)) - Scheduling a check for org.apache.hadoop.ozone.container.common.volume.HddsVolume@78a8978a
2019-06-12 18:42:50,902 INFO  volume.HddsVolumeChecker (HddsVolumeChecker.java:checkAllVolumes(203)) - Scheduled health check for volume org.apache.hadoop.ozone.container.common.volume.HddsVolume@78a8978a
2019-06-12 18:42:50,920 INFO  ratis.XceiverServerRatis (XceiverServerRatis.java:newXceiverServerRatis(401)) - Found a free port for the server : 33081
2019-06-12 18:42:50,921 INFO  impl.RaftServerProxy (ConfUtils.java:logGet(43)) - raft.rpc.type = GRPC (default)
2019-06-12 18:42:50,922 INFO  grpc.GrpcConfigKeys$Server (ConfUtils.java:logGet(43)) - raft.grpc.server.port = 33081 (custom)
2019-06-12 18:42:50,922 INFO  server.GrpcService (ConfUtils.java:logGet(43)) - raft.grpc.message.size.max = 33570816 (custom)
2019-06-12 18:42:50,922 INFO  server.RaftServerConfigKeys (ConfUtils.java:logGet(43)) - raft.server.log.appender.buffer.byte-limit = 33554432 (custom)
2019-06-12 18:42:50,922 INFO  server.GrpcService (ConfUtils.java:logGet(43)) - raft.grpc.flow.control.window = 1MB (=1048576) (default)
2019-06-12 18:42:50,923 INFO  server.RaftServerConfigKeys (ConfUtils.java:logGet(43)) - raft.server.rpc.request.timeout = 3000ms (default)
2019-06-12 18:42:50,923 INFO  server.RaftServerConfigKeys (ConfUtils.java:logGet(43)) - raft.server.storage.dir = [/opt/src/hadoop-ozone/integration-test/target/test-dir/MiniOzoneClusterImpl-31cd421d-7316-4e57-af3b-d38f3d11e3aa/datanode-1/data/ratis] (custom)
2019-06-12 18:42:50,924 INFO  server.XceiverServerGrpc (XceiverServerGrpc.java:<init>(97)) - Found a free port for the server : 35643
2019-06-12 18:42:50,924 INFO  replication.SimpleContainerDownloader (SimpleContainerDownloader.java:<init>(72)) - Starting container downloader service to copy containers to replicate.
2019-06-12 18:42:50,925 INFO  hdfs.DFSUtil (DFSUtil.java:httpServerTemplateForNNAndJN(1641)) - Starting Web-server for hddsDatanode at: http://0.0.0.0:0
2019-06-12 18:42:50,926 INFO  server.AuthenticationFilter (AuthenticationFilter.java:constructSecretProvider(240)) - Unable to initialize FileSignerSecretProvider, falling back to use random secrets.
2019-06-12 18:42:50,930 WARN  http.HttpRequestLog (HttpRequestLog.java:getRequestLog(97)) - Jetty request log can only be enabled using Log4j
2019-06-12 18:42:50,931 INFO  http.HttpServer2 (HttpServer2.java:addGlobalFilter(975)) - Added global filter 'safety' (class=org.apache.hadoop.http.HttpServer2$QuotingInputFilter)
2019-06-12 18:42:50,932 INFO  http.HttpServer2 (HttpServer2.java:addFilter(948)) - Added filter static_user_filter (class=org.apache.hadoop.http.lib.StaticUserWebFilter$StaticUserFilter) to context hddsDatanode
2019-06-12 18:42:50,932 INFO  http.HttpServer2 (HttpServer2.java:addFilter(958)) - Added filter static_user_filter (class=org.apache.hadoop.http.lib.StaticUserWebFilter$StaticUserFilter) to context logs
2019-06-12 18:42:50,932 INFO  http.HttpServer2 (HttpServer2.java:addFilter(958)) - Added filter static_user_filter (class=org.apache.hadoop.http.lib.StaticUserWebFilter$StaticUserFilter) to context static
2019-06-12 18:42:50,933 INFO  http.HttpServer2 (HttpServer2.java:bindListener(1191)) - Jetty bound to port 46005
2019-06-12 18:42:50,933 INFO  server.Server (Server.java:doStart(351)) - jetty-9.3.24.v20180605, build timestamp: 2018-06-05T17:11:56Z, git hash: 84205aa28f11a4f31f2a3b86d1bba2cc8ab69827
2019-06-12 18:42:50,939 INFO  handler.ContextHandler (ContextHandler.java:doStart(781)) - Started o.e.j.s.ServletContextHandler@2574a9e3{/logs,file:///opt/src/hadoop-ozone/integration-test/target/log,AVAILABLE}
2019-06-12 18:42:50,939 INFO  handler.ContextHandler (ContextHandler.java:doStart(781)) - Started o.e.j.s.ServletContextHandler@422ab737{/static,jar:file:/root/.m2/repository/org/apache/hadoop/hadoop-hdds-container-service/0.5.0-SNAPSHOT/hadoop-hdds-container-service-0.5.0-SNAPSHOT.jar!/webapps/static,AVAILABLE}
2019-06-12 18:42:50,970 INFO  handler.ContextHandler (ContextHandler.java:doStart(781)) - Started o.e.j.w.WebAppContext@78da899f{/,file:///tmp/jetty-0.0.0.0-46005-hddsDatanode-_-any-6763148713764820074.dir/webapp/,AVAILABLE}{/hddsDatanode}
2019-06-12 18:42:50,971 INFO  server.AbstractConnector (AbstractConnector.java:doStart(278)) - Started ServerConnector@e7b265e{HTTP/1.1,[http/1.1]}{0.0.0.0:46005}
2019-06-12 18:42:50,971 INFO  server.Server (Server.java:doStart(419)) - Started @4056ms
2019-06-12 18:42:50,974 INFO  datanode.InitDatanodeState (InitDatanodeState.java:persistContainerDatanodeDetails(140)) - DatanodeDetails is persisted to /opt/src/hadoop-ozone/integration-test/target/test-dir/MiniOzoneClusterImpl-31cd421d-7316-4e57-af3b-d38f3d11e3aa/datanode-0/meta/datanode.id
2019-06-12 18:42:51,000 INFO  server.BaseHttpServer (BaseHttpServer.java:updateConnectorAddress(207)) - HTTP server of HDDSDATANODE is listening at http://0.0.0.0:46005
2019-06-12 18:42:51,114 INFO  ozone.HddsDatanodeService (HddsDatanodeService.java:startPlugins(396)) - Started plug-in org.apache.hadoop.ozone.web.OzoneHddsDatanodeService@63fd4dda
2019-06-12 18:42:51,115 INFO  impl.MetricsSystemImpl (MetricsSystemImpl.java:init(158)) - HddsDatanode metrics system started (again)
2019-06-12 18:42:51,115 INFO  ozone.HddsDatanodeService (HddsDatanodeService.java:start(185)) - HddsDatanodeService host:ozone-hw5hf-1599250011 ip:192.168.46.15
2019-06-12 18:42:51,117 INFO  util.JvmPauseMonitor (JvmPauseMonitor.java:run(188)) - Starting JVM pause monitor
2019-06-12 18:42:51,120 INFO  datanode.InitDatanodeState (InitDatanodeState.java:persistContainerDatanodeDetails(140)) - DatanodeDetails is persisted to /opt/src/hadoop-ozone/integration-test/target/test-dir/MiniOzoneClusterImpl-31cd421d-7316-4e57-af3b-d38f3d11e3aa/datanode-1/meta/datanode.id
2019-06-12 18:42:51,123 INFO  volume.HddsVolume (HddsVolume.java:<init>(176)) - Creating Volume: /opt/src/hadoop-ozone/integration-test/target/test-dir/MiniOzoneClusterImpl-31cd421d-7316-4e57-af3b-d38f3d11e3aa/datanode-2/data/containers/hdds of  storage type : DISK and capacity : 104021790720
2019-06-12 18:42:51,124 INFO  volume.VolumeSet (VolumeSet.java:initializeVolumeSet(170)) - Added Volume : /opt/src/hadoop-ozone/integration-test/target/test-dir/MiniOzoneClusterImpl-31cd421d-7316-4e57-af3b-d38f3d11e3aa/datanode-2/data/containers/hdds to VolumeSet
2019-06-12 18:42:51,124 INFO  volume.ThrottledAsyncChecker (ThrottledAsyncChecker.java:schedule(140)) - Scheduling a check for org.apache.hadoop.ozone.container.common.volume.HddsVolume@4b56b031
2019-06-12 18:42:51,126 INFO  volume.HddsVolumeChecker (HddsVolumeChecker.java:checkAllVolumes(203)) - Scheduled health check for volume org.apache.hadoop.ozone.container.common.volume.HddsVolume@4b56b031
2019-06-12 18:42:51,138 INFO  ratis.XceiverServerRatis (XceiverServerRatis.java:newXceiverServerRatis(401)) - Found a free port for the server : 44105
2019-06-12 18:42:51,140 INFO  impl.RaftServerProxy (ConfUtils.java:logGet(43)) - raft.rpc.type = GRPC (default)
2019-06-12 18:42:51,140 INFO  grpc.GrpcConfigKeys$Server (ConfUtils.java:logGet(43)) - raft.grpc.server.port = 44105 (custom)
2019-06-12 18:42:51,140 INFO  server.GrpcService (ConfUtils.java:logGet(43)) - raft.grpc.message.size.max = 33570816 (custom)
2019-06-12 18:42:51,140 INFO  server.RaftServerConfigKeys (ConfUtils.java:logGet(43)) - raft.server.log.appender.buffer.byte-limit = 33554432 (custom)
2019-06-12 18:42:51,141 INFO  server.GrpcService (ConfUtils.java:logGet(43)) - raft.grpc.flow.control.window = 1MB (=1048576) (default)
2019-06-12 18:42:51,141 INFO  server.RaftServerConfigKeys (ConfUtils.java:logGet(43)) - raft.server.rpc.request.timeout = 3000ms (default)
2019-06-12 18:42:51,141 INFO  server.RaftServerConfigKeys (ConfUtils.java:logGet(43)) - raft.server.storage.dir = [/opt/src/hadoop-ozone/integration-test/target/test-dir/MiniOzoneClusterImpl-31cd421d-7316-4e57-af3b-d38f3d11e3aa/datanode-2/data/ratis] (custom)
2019-06-12 18:42:51,141 INFO  server.XceiverServerGrpc (XceiverServerGrpc.java:<init>(97)) - Found a free port for the server : 43479
2019-06-12 18:42:51,142 INFO  replication.SimpleContainerDownloader (SimpleContainerDownloader.java:<init>(72)) - Starting container downloader service to copy containers to replicate.
2019-06-12 18:42:51,143 INFO  hdfs.DFSUtil (DFSUtil.java:httpServerTemplateForNNAndJN(1641)) - Starting Web-server for hddsDatanode at: http://0.0.0.0:0
2019-06-12 18:42:51,144 INFO  server.AuthenticationFilter (AuthenticationFilter.java:constructSecretProvider(240)) - Unable to initialize FileSignerSecretProvider, falling back to use random secrets.
2019-06-12 18:42:51,144 WARN  http.HttpRequestLog (HttpRequestLog.java:getRequestLog(97)) - Jetty request log can only be enabled using Log4j
2019-06-12 18:42:51,145 INFO  http.HttpServer2 (HttpServer2.java:addGlobalFilter(975)) - Added global filter 'safety' (class=org.apache.hadoop.http.HttpServer2$QuotingInputFilter)
2019-06-12 18:42:51,146 INFO  http.HttpServer2 (HttpServer2.java:addFilter(948)) - Added filter static_user_filter (class=org.apache.hadoop.http.lib.StaticUserWebFilter$StaticUserFilter) to context hddsDatanode
2019-06-12 18:42:51,146 INFO  http.HttpServer2 (HttpServer2.java:addFilter(958)) - Added filter static_user_filter (class=org.apache.hadoop.http.lib.StaticUserWebFilter$StaticUserFilter) to context logs
2019-06-12 18:42:51,146 INFO  http.HttpServer2 (HttpServer2.java:addFilter(958)) - Added filter static_user_filter (class=org.apache.hadoop.http.lib.StaticUserWebFilter$StaticUserFilter) to context static
2019-06-12 18:42:51,146 INFO  http.HttpServer2 (HttpServer2.java:bindListener(1191)) - Jetty bound to port 44229
2019-06-12 18:42:51,147 INFO  server.Server (Server.java:doStart(351)) - jetty-9.3.24.v20180605, build timestamp: 2018-06-05T17:11:56Z, git hash: 84205aa28f11a4f31f2a3b86d1bba2cc8ab69827
2019-06-12 18:42:51,148 INFO  handler.ContextHandler (ContextHandler.java:doStart(781)) - Started o.e.j.s.ServletContextHandler@2443abd6{/logs,file:///opt/src/hadoop-ozone/integration-test/target/log,AVAILABLE}
2019-06-12 18:42:51,149 INFO  handler.ContextHandler (ContextHandler.java:doStart(781)) - Started o.e.j.s.ServletContextHandler@bd3eff4{/static,jar:file:/root/.m2/repository/org/apache/hadoop/hadoop-hdds-container-service/0.5.0-SNAPSHOT/hadoop-hdds-container-service-0.5.0-SNAPSHOT.jar!/webapps/static,AVAILABLE}
2019-06-12 18:42:51,178 INFO  handler.ContextHandler (ContextHandler.java:doStart(781)) - Started o.e.j.w.WebAppContext@4e80a001{/,file:///tmp/jetty-0.0.0.0-44229-hddsDatanode-_-any-3800337096833691140.dir/webapp/,AVAILABLE}{/hddsDatanode}
2019-06-12 18:42:51,179 INFO  server.AbstractConnector (AbstractConnector.java:doStart(278)) - Started ServerConnector@624b523{HTTP/1.1,[http/1.1]}{0.0.0.0:44229}
2019-06-12 18:42:51,180 INFO  server.Server (Server.java:doStart(419)) - Started @4265ms
2019-06-12 18:42:51,181 INFO  server.BaseHttpServer (BaseHttpServer.java:updateConnectorAddress(207)) - HTTP server of HDDSDATANODE is listening at http://0.0.0.0:44229
2019-06-12 18:42:51,344 INFO  ozone.HddsDatanodeService (HddsDatanodeService.java:startPlugins(396)) - Started plug-in org.apache.hadoop.ozone.web.OzoneHddsDatanodeService@11c78080
2019-06-12 18:42:51,344 INFO  impl.MetricsSystemImpl (MetricsSystemImpl.java:init(158)) - HddsDatanode metrics system started (again)
2019-06-12 18:42:51,345 INFO  ozone.HddsDatanodeService (HddsDatanodeService.java:start(185)) - HddsDatanodeService host:ozone-hw5hf-1599250011 ip:192.168.46.15
2019-06-12 18:42:51,350 INFO  util.JvmPauseMonitor (JvmPauseMonitor.java:run(188)) - Starting JVM pause monitor
2019-06-12 18:42:51,359 INFO  datanode.InitDatanodeState (InitDatanodeState.java:persistContainerDatanodeDetails(140)) - DatanodeDetails is persisted to /opt/src/hadoop-ozone/integration-test/target/test-dir/MiniOzoneClusterImpl-31cd421d-7316-4e57-af3b-d38f3d11e3aa/datanode-2/meta/datanode.id
2019-06-12 18:42:51,361 INFO  volume.HddsVolume (HddsVolume.java:<init>(176)) - Creating Volume: /opt/src/hadoop-ozone/integration-test/target/test-dir/MiniOzoneClusterImpl-31cd421d-7316-4e57-af3b-d38f3d11e3aa/datanode-3/data/containers/hdds of  storage type : DISK and capacity : 104021790720
2019-06-12 18:42:51,361 INFO  volume.VolumeSet (VolumeSet.java:initializeVolumeSet(170)) - Added Volume : /opt/src/hadoop-ozone/integration-test/target/test-dir/MiniOzoneClusterImpl-31cd421d-7316-4e57-af3b-d38f3d11e3aa/datanode-3/data/containers/hdds to VolumeSet
2019-06-12 18:42:51,362 INFO  volume.ThrottledAsyncChecker (ThrottledAsyncChecker.java:schedule(140)) - Scheduling a check for org.apache.hadoop.ozone.container.common.volume.HddsVolume@7c11d32
2019-06-12 18:42:51,366 INFO  volume.HddsVolumeChecker (HddsVolumeChecker.java:checkAllVolumes(203)) - Scheduled health check for volume org.apache.hadoop.ozone.container.common.volume.HddsVolume@7c11d32
2019-06-12 18:42:51,382 INFO  ratis.XceiverServerRatis (XceiverServerRatis.java:newXceiverServerRatis(401)) - Found a free port for the server : 45091
2019-06-12 18:42:51,383 INFO  impl.RaftServerProxy (ConfUtils.java:logGet(43)) - raft.rpc.type = GRPC (default)
2019-06-12 18:42:51,383 INFO  grpc.GrpcConfigKeys$Server (ConfUtils.java:logGet(43)) - raft.grpc.server.port = 45091 (custom)
2019-06-12 18:42:51,383 INFO  server.GrpcService (ConfUtils.java:logGet(43)) - raft.grpc.message.size.max = 33570816 (custom)
2019-06-12 18:42:51,383 INFO  server.RaftServerConfigKeys (ConfUtils.java:logGet(43)) - raft.server.log.appender.buffer.byte-limit = 33554432 (custom)
2019-06-12 18:42:51,383 INFO  server.GrpcService (ConfUtils.java:logGet(43)) - raft.grpc.flow.control.window = 1MB (=1048576) (default)
2019-06-12 18:42:51,384 INFO  server.RaftServerConfigKeys (ConfUtils.java:logGet(43)) - raft.server.rpc.request.timeout = 3000ms (default)
2019-06-12 18:42:51,384 INFO  server.RaftServerConfigKeys (ConfUtils.java:logGet(43)) - raft.server.storage.dir = [/opt/src/hadoop-ozone/integration-test/target/test-dir/MiniOzoneClusterImpl-31cd421d-7316-4e57-af3b-d38f3d11e3aa/datanode-3/data/ratis] (custom)
2019-06-12 18:42:51,384 INFO  server.XceiverServerGrpc (XceiverServerGrpc.java:<init>(97)) - Found a free port for the server : 35533
2019-06-12 18:42:51,385 INFO  replication.SimpleContainerDownloader (SimpleContainerDownloader.java:<init>(72)) - Starting container downloader service to copy containers to replicate.
2019-06-12 18:42:51,385 INFO  hdfs.DFSUtil (DFSUtil.java:httpServerTemplateForNNAndJN(1641)) - Starting Web-server for hddsDatanode at: http://0.0.0.0:0
2019-06-12 18:42:51,386 INFO  server.AuthenticationFilter (AuthenticationFilter.java:constructSecretProvider(240)) - Unable to initialize FileSignerSecretProvider, falling back to use random secrets.
2019-06-12 18:42:51,389 WARN  http.HttpRequestLog (HttpRequestLog.java:getRequestLog(97)) - Jetty request log can only be enabled using Log4j
2019-06-12 18:42:51,391 INFO  http.HttpServer2 (HttpServer2.java:addGlobalFilter(975)) - Added global filter 'safety' (class=org.apache.hadoop.http.HttpServer2$QuotingInputFilter)
2019-06-12 18:42:51,391 INFO  http.HttpServer2 (HttpServer2.java:addFilter(948)) - Added filter static_user_filter (class=org.apache.hadoop.http.lib.StaticUserWebFilter$StaticUserFilter) to context hddsDatanode
2019-06-12 18:42:51,392 INFO  http.HttpServer2 (HttpServer2.java:addFilter(958)) - Added filter static_user_filter (class=org.apache.hadoop.http.lib.StaticUserWebFilter$StaticUserFilter) to context logs
2019-06-12 18:42:51,392 INFO  http.HttpServer2 (HttpServer2.java:addFilter(958)) - Added filter static_user_filter (class=org.apache.hadoop.http.lib.StaticUserWebFilter$StaticUserFilter) to context static
2019-06-12 18:42:51,393 INFO  http.HttpServer2 (HttpServer2.java:bindListener(1191)) - Jetty bound to port 42243
2019-06-12 18:42:51,393 INFO  server.Server (Server.java:doStart(351)) - jetty-9.3.24.v20180605, build timestamp: 2018-06-05T17:11:56Z, git hash: 84205aa28f11a4f31f2a3b86d1bba2cc8ab69827
2019-06-12 18:42:51,398 INFO  handler.ContextHandler (ContextHandler.java:doStart(781)) - Started o.e.j.s.ServletContextHandler@25974207{/logs,file:///opt/src/hadoop-ozone/integration-test/target/log,AVAILABLE}
2019-06-12 18:42:51,398 INFO  handler.ContextHandler (ContextHandler.java:doStart(781)) - Started o.e.j.s.ServletContextHandler@195113de{/static,jar:file:/root/.m2/repository/org/apache/hadoop/hadoop-hdds-container-service/0.5.0-SNAPSHOT/hadoop-hdds-container-service-0.5.0-SNAPSHOT.jar!/webapps/static,AVAILABLE}
2019-06-12 18:42:51,430 INFO  handler.ContextHandler (ContextHandler.java:doStart(781)) - Started o.e.j.w.WebAppContext@74c9e11{/,file:///tmp/jetty-0.0.0.0-42243-hddsDatanode-_-any-1783432382320651580.dir/webapp/,AVAILABLE}{/hddsDatanode}
2019-06-12 18:42:51,431 INFO  server.AbstractConnector (AbstractConnector.java:doStart(278)) - Started ServerConnector@5b55ea33{HTTP/1.1,[http/1.1]}{0.0.0.0:42243}
2019-06-12 18:42:51,432 INFO  server.Server (Server.java:doStart(419)) - Started @4516ms
2019-06-12 18:42:51,432 INFO  server.BaseHttpServer (BaseHttpServer.java:updateConnectorAddress(207)) - HTTP server of HDDSDATANODE is listening at http://0.0.0.0:42243
2019-06-12 18:42:51,559 INFO  ozone.HddsDatanodeService (HddsDatanodeService.java:startPlugins(396)) - Started plug-in org.apache.hadoop.ozone.web.OzoneHddsDatanodeService@601d6622
2019-06-12 18:42:51,560 INFO  impl.MetricsSystemImpl (MetricsSystemImpl.java:init(158)) - HddsDatanode metrics system started (again)
2019-06-12 18:42:51,560 INFO  ozone.HddsDatanodeService (HddsDatanodeService.java:start(185)) - HddsDatanodeService host:ozone-hw5hf-1599250011 ip:192.168.46.15
2019-06-12 18:42:51,574 INFO  util.JvmPauseMonitor (JvmPauseMonitor.java:run(188)) - Starting JVM pause monitor
2019-06-12 18:42:51,582 INFO  volume.HddsVolume (HddsVolume.java:<init>(176)) - Creating Volume: /opt/src/hadoop-ozone/integration-test/target/test-dir/MiniOzoneClusterImpl-31cd421d-7316-4e57-af3b-d38f3d11e3aa/datanode-4/data/containers/hdds of  storage type : DISK and capacity : 104021790720
2019-06-12 18:42:51,582 INFO  volume.VolumeSet (VolumeSet.java:initializeVolumeSet(170)) - Added Volume : /opt/src/hadoop-ozone/integration-test/target/test-dir/MiniOzoneClusterImpl-31cd421d-7316-4e57-af3b-d38f3d11e3aa/datanode-4/data/containers/hdds to VolumeSet
2019-06-12 18:42:51,583 INFO  volume.ThrottledAsyncChecker (ThrottledAsyncChecker.java:schedule(140)) - Scheduling a check for org.apache.hadoop.ozone.container.common.volume.HddsVolume@57186526
2019-06-12 18:42:51,583 INFO  datanode.InitDatanodeState (InitDatanodeState.java:persistContainerDatanodeDetails(140)) - DatanodeDetails is persisted to /opt/src/hadoop-ozone/integration-test/target/test-dir/MiniOzoneClusterImpl-31cd421d-7316-4e57-af3b-d38f3d11e3aa/datanode-3/meta/datanode.id
2019-06-12 18:42:51,584 INFO  volume.HddsVolumeChecker (HddsVolumeChecker.java:checkAllVolumes(203)) - Scheduled health check for volume org.apache.hadoop.ozone.container.common.volume.HddsVolume@57186526
2019-06-12 18:42:51,601 INFO  ratis.XceiverServerRatis (XceiverServerRatis.java:newXceiverServerRatis(401)) - Found a free port for the server : 46431
2019-06-12 18:42:51,602 INFO  impl.RaftServerProxy (ConfUtils.java:logGet(43)) - raft.rpc.type = GRPC (default)
2019-06-12 18:42:51,602 INFO  grpc.GrpcConfigKeys$Server (ConfUtils.java:logGet(43)) - raft.grpc.server.port = 46431 (custom)
2019-06-12 18:42:51,602 INFO  server.GrpcService (ConfUtils.java:logGet(43)) - raft.grpc.message.size.max = 33570816 (custom)
2019-06-12 18:42:51,603 INFO  server.RaftServerConfigKeys (ConfUtils.java:logGet(43)) - raft.server.log.appender.buffer.byte-limit = 33554432 (custom)
2019-06-12 18:42:51,603 INFO  server.GrpcService (ConfUtils.java:logGet(43)) - raft.grpc.flow.control.window = 1MB (=1048576) (default)
2019-06-12 18:42:51,603 INFO  server.RaftServerConfigKeys (ConfUtils.java:logGet(43)) - raft.server.rpc.request.timeout = 3000ms (default)
2019-06-12 18:42:51,604 INFO  server.RaftServerConfigKeys (ConfUtils.java:logGet(43)) - raft.server.storage.dir = [/opt/src/hadoop-ozone/integration-test/target/test-dir/MiniOzoneClusterImpl-31cd421d-7316-4e57-af3b-d38f3d11e3aa/datanode-4/data/ratis] (custom)
2019-06-12 18:42:51,604 INFO  server.XceiverServerGrpc (XceiverServerGrpc.java:<init>(97)) - Found a free port for the server : 43017
2019-06-12 18:42:51,604 INFO  replication.SimpleContainerDownloader (SimpleContainerDownloader.java:<init>(72)) - Starting container downloader service to copy containers to replicate.
2019-06-12 18:42:51,605 INFO  hdfs.DFSUtil (DFSUtil.java:httpServerTemplateForNNAndJN(1641)) - Starting Web-server for hddsDatanode at: http://0.0.0.0:0
2019-06-12 18:42:51,606 INFO  server.AuthenticationFilter (AuthenticationFilter.java:constructSecretProvider(240)) - Unable to initialize FileSignerSecretProvider, falling back to use random secrets.
2019-06-12 18:42:51,607 WARN  http.HttpRequestLog (HttpRequestLog.java:getRequestLog(97)) - Jetty request log can only be enabled using Log4j
2019-06-12 18:42:51,608 INFO  http.HttpServer2 (HttpServer2.java:addGlobalFilter(975)) - Added global filter 'safety' (class=org.apache.hadoop.http.HttpServer2$QuotingInputFilter)
2019-06-12 18:42:51,608 INFO  http.HttpServer2 (HttpServer2.java:addFilter(948)) - Added filter static_user_filter (class=org.apache.hadoop.http.lib.StaticUserWebFilter$StaticUserFilter) to context hddsDatanode
2019-06-12 18:42:51,608 INFO  http.HttpServer2 (HttpServer2.java:addFilter(958)) - Added filter static_user_filter (class=org.apache.hadoop.http.lib.StaticUserWebFilter$StaticUserFilter) to context logs
2019-06-12 18:42:51,609 INFO  http.HttpServer2 (HttpServer2.java:addFilter(958)) - Added filter static_user_filter (class=org.apache.hadoop.http.lib.StaticUserWebFilter$StaticUserFilter) to context static
2019-06-12 18:42:51,609 INFO  http.HttpServer2 (HttpServer2.java:bindListener(1191)) - Jetty bound to port 46619
2019-06-12 18:42:51,609 INFO  server.Server (Server.java:doStart(351)) - jetty-9.3.24.v20180605, build timestamp: 2018-06-05T17:11:56Z, git hash: 84205aa28f11a4f31f2a3b86d1bba2cc8ab69827
2019-06-12 18:42:51,615 INFO  handler.ContextHandler (ContextHandler.java:doStart(781)) - Started o.e.j.s.ServletContextHandler@48cd319d{/logs,file:///opt/src/hadoop-ozone/integration-test/target/log,AVAILABLE}
2019-06-12 18:42:51,615 INFO  handler.ContextHandler (ContextHandler.java:doStart(781)) - Started o.e.j.s.ServletContextHandler@4ef18604{/static,jar:file:/root/.m2/repository/org/apache/hadoop/hadoop-hdds-container-service/0.5.0-SNAPSHOT/hadoop-hdds-container-service-0.5.0-SNAPSHOT.jar!/webapps/static,AVAILABLE}
2019-06-12 18:42:51,637 INFO  handler.ContextHandler (ContextHandler.java:doStart(781)) - Started o.e.j.w.WebAppContext@543fe698{/,file:///tmp/jetty-0.0.0.0-46619-hddsDatanode-_-any-7746010274752008462.dir/webapp/,AVAILABLE}{/hddsDatanode}
2019-06-12 18:42:51,638 INFO  server.AbstractConnector (AbstractConnector.java:doStart(278)) - Started ServerConnector@6b2fdffc{HTTP/1.1,[http/1.1]}{0.0.0.0:46619}
2019-06-12 18:42:51,639 INFO  server.Server (Server.java:doStart(419)) - Started @4723ms
2019-06-12 18:42:51,639 INFO  server.BaseHttpServer (BaseHttpServer.java:updateConnectorAddress(207)) - HTTP server of HDDSDATANODE is listening at http://0.0.0.0:46619
2019-06-12 18:42:51,736 INFO  ozone.HddsDatanodeService (HddsDatanodeService.java:startPlugins(396)) - Started plug-in org.apache.hadoop.ozone.web.OzoneHddsDatanodeService@20256a0b
2019-06-12 18:42:51,736 INFO  impl.MetricsSystemImpl (MetricsSystemImpl.java:init(158)) - HddsDatanode metrics system started (again)
2019-06-12 18:42:51,737 INFO  ozone.HddsDatanodeService (HddsDatanodeService.java:start(185)) - HddsDatanodeService host:ozone-hw5hf-1599250011 ip:192.168.46.15
2019-06-12 18:42:51,740 INFO  util.JvmPauseMonitor (JvmPauseMonitor.java:run(188)) - Starting JVM pause monitor
2019-06-12 18:42:51,742 INFO  datanode.InitDatanodeState (InitDatanodeState.java:persistContainerDatanodeDetails(140)) - DatanodeDetails is persisted to /opt/src/hadoop-ozone/integration-test/target/test-dir/MiniOzoneClusterImpl-31cd421d-7316-4e57-af3b-d38f3d11e3aa/datanode-4/meta/datanode.id
2019-06-12 18:42:51,755 INFO  volume.HddsVolume (HddsVolume.java:<init>(176)) - Creating Volume: /opt/src/hadoop-ozone/integration-test/target/test-dir/MiniOzoneClusterImpl-31cd421d-7316-4e57-af3b-d38f3d11e3aa/datanode-5/data/containers/hdds of  storage type : DISK and capacity : 104021790720
2019-06-12 18:42:51,756 INFO  volume.VolumeSet (VolumeSet.java:initializeVolumeSet(170)) - Added Volume : /opt/src/hadoop-ozone/integration-test/target/test-dir/MiniOzoneClusterImpl-31cd421d-7316-4e57-af3b-d38f3d11e3aa/datanode-5/data/containers/hdds to VolumeSet
2019-06-12 18:42:51,756 INFO  volume.ThrottledAsyncChecker (ThrottledAsyncChecker.java:schedule(140)) - Scheduling a check for org.apache.hadoop.ozone.container.common.volume.HddsVolume@7364f68
2019-06-12 18:42:51,759 INFO  volume.HddsVolumeChecker (HddsVolumeChecker.java:checkAllVolumes(203)) - Scheduled health check for volume org.apache.hadoop.ozone.container.common.volume.HddsVolume@7364f68
2019-06-12 18:42:51,770 INFO  ratis.XceiverServerRatis (XceiverServerRatis.java:newXceiverServerRatis(401)) - Found a free port for the server : 42793
2019-06-12 18:42:51,770 INFO  impl.RaftServerProxy (ConfUtils.java:logGet(43)) - raft.rpc.type = GRPC (default)
2019-06-12 18:42:51,771 INFO  grpc.GrpcConfigKeys$Server (ConfUtils.java:logGet(43)) - raft.grpc.server.port = 42793 (custom)
2019-06-12 18:42:51,771 INFO  server.GrpcService (ConfUtils.java:logGet(43)) - raft.grpc.message.size.max = 33570816 (custom)
2019-06-12 18:42:51,771 INFO  server.RaftServerConfigKeys (ConfUtils.java:logGet(43)) - raft.server.log.appender.buffer.byte-limit = 33554432 (custom)
2019-06-12 18:42:51,771 INFO  server.GrpcService (ConfUtils.java:logGet(43)) - raft.grpc.flow.control.window = 1MB (=1048576) (default)
2019-06-12 18:42:51,772 INFO  server.RaftServerConfigKeys (ConfUtils.java:logGet(43)) - raft.server.rpc.request.timeout = 3000ms (default)
2019-06-12 18:42:51,772 INFO  server.RaftServerConfigKeys (ConfUtils.java:logGet(43)) - raft.server.storage.dir = [/opt/src/hadoop-ozone/integration-test/target/test-dir/MiniOzoneClusterImpl-31cd421d-7316-4e57-af3b-d38f3d11e3aa/datanode-5/data/ratis] (custom)
2019-06-12 18:42:51,772 INFO  server.XceiverServerGrpc (XceiverServerGrpc.java:<init>(97)) - Found a free port for the server : 40407
2019-06-12 18:42:51,773 INFO  replication.SimpleContainerDownloader (SimpleContainerDownloader.java:<init>(72)) - Starting container downloader service to copy containers to replicate.
2019-06-12 18:42:51,774 INFO  hdfs.DFSUtil (DFSUtil.java:httpServerTemplateForNNAndJN(1641)) - Starting Web-server for hddsDatanode at: http://0.0.0.0:0
2019-06-12 18:42:51,775 INFO  server.AuthenticationFilter (AuthenticationFilter.java:constructSecretProvider(240)) - Unable to initialize FileSignerSecretProvider, falling back to use random secrets.
2019-06-12 18:42:51,776 WARN  http.HttpRequestLog (HttpRequestLog.java:getRequestLog(97)) - Jetty request log can only be enabled using Log4j
2019-06-12 18:42:51,777 INFO  http.HttpServer2 (HttpServer2.java:addGlobalFilter(975)) - Added global filter 'safety' (class=org.apache.hadoop.http.HttpServer2$QuotingInputFilter)
2019-06-12 18:42:51,778 INFO  http.HttpServer2 (HttpServer2.java:addFilter(948)) - Added filter static_user_filter (class=org.apache.hadoop.http.lib.StaticUserWebFilter$StaticUserFilter) to context hddsDatanode
2019-06-12 18:42:51,778 INFO  http.HttpServer2 (HttpServer2.java:addFilter(958)) - Added filter static_user_filter (class=org.apache.hadoop.http.lib.StaticUserWebFilter$StaticUserFilter) to context logs
2019-06-12 18:42:51,778 INFO  http.HttpServer2 (HttpServer2.java:addFilter(958)) - Added filter static_user_filter (class=org.apache.hadoop.http.lib.StaticUserWebFilter$StaticUserFilter) to context static
2019-06-12 18:42:51,778 INFO  http.HttpServer2 (HttpServer2.java:bindListener(1191)) - Jetty bound to port 35051
2019-06-12 18:42:51,779 INFO  server.Server (Server.java:doStart(351)) - jetty-9.3.24.v20180605, build timestamp: 2018-06-05T17:11:56Z, git hash: 84205aa28f11a4f31f2a3b86d1bba2cc8ab69827
2019-06-12 18:42:51,780 INFO  handler.ContextHandler (ContextHandler.java:doStart(781)) - Started o.e.j.s.ServletContextHandler@5122e4bf{/logs,file:///opt/src/hadoop-ozone/integration-test/target/log,AVAILABLE}
2019-06-12 18:42:51,781 INFO  handler.ContextHandler (ContextHandler.java:doStart(781)) - Started o.e.j.s.ServletContextHandler@58a7dc4{/static,jar:file:/root/.m2/repository/org/apache/hadoop/hadoop-hdds-container-service/0.5.0-SNAPSHOT/hadoop-hdds-container-service-0.5.0-SNAPSHOT.jar!/webapps/static,AVAILABLE}
2019-06-12 18:42:51,802 INFO  handler.ContextHandler (ContextHandler.java:doStart(781)) - Started o.e.j.w.WebAppContext@578c3fd9{/,file:///tmp/jetty-0.0.0.0-35051-hddsDatanode-_-any-1970265677822646068.dir/webapp/,AVAILABLE}{/hddsDatanode}
2019-06-12 18:42:51,802 INFO  server.AbstractConnector (AbstractConnector.java:doStart(278)) - Started ServerConnector@245cb8df{HTTP/1.1,[http/1.1]}{0.0.0.0:35051}
2019-06-12 18:42:51,803 INFO  server.Server (Server.java:doStart(419)) - Started @4887ms
2019-06-12 18:42:51,804 INFO  server.BaseHttpServer (BaseHttpServer.java:updateConnectorAddress(207)) - HTTP server of HDDSDATANODE is listening at http://0.0.0.0:35051
2019-06-12 18:42:51,939 INFO  ozone.HddsDatanodeService (HddsDatanodeService.java:startPlugins(396)) - Started plug-in org.apache.hadoop.ozone.web.OzoneHddsDatanodeService@28daf506
2019-06-12 18:42:51,940 INFO  ozone.MiniOzoneClusterImpl (MiniOzoneClusterImpl.java:lambda$waitForClusterToBeReady$0(142)) - Waiting for cluster to be ready. Got 0 of 6 DN Heartbeats.
2019-06-12 18:42:51,944 INFO  util.JvmPauseMonitor (JvmPauseMonitor.java:run(188)) - Starting JVM pause monitor
2019-06-12 18:42:51,945 INFO  datanode.InitDatanodeState (InitDatanodeState.java:persistContainerDatanodeDetails(140)) - DatanodeDetails is persisted to /opt/src/hadoop-ozone/integration-test/target/test-dir/MiniOzoneClusterImpl-31cd421d-7316-4e57-af3b-d38f3d11e3aa/datanode-5/meta/datanode.id
2019-06-12 18:42:52,917 INFO  ozoneimpl.OzoneContainer (OzoneContainer.java:start(186)) - Attempting to start container services.
2019-06-12 18:42:52,917 INFO  ozoneimpl.OzoneContainer (OzoneContainer.java:startContainerScrub(160)) - Background container scrubber has been disabled by hdds.containerscrub.enabled
2019-06-12 18:42:52,917 INFO  ratis.XceiverServerRatis (XceiverServerRatis.java:start(418)) - Starting XceiverServerRatis 93688f0e-f527-445d-a53b-82811601bf5e at port 37061
2019-06-12 18:42:52,928 INFO  impl.RaftServerProxy (RaftServerProxy.java:lambda$start$3(299)) - 93688f0e-f527-445d-a53b-82811601bf5e: start RPC server
2019-06-12 18:42:52,940 INFO  ozone.MiniOzoneClusterImpl (MiniOzoneClusterImpl.java:lambda$waitForClusterToBeReady$0(142)) - Waiting for cluster to be ready. Got 0 of 6 DN Heartbeats.
2019-06-12 18:42:53,054 INFO  server.GrpcService (GrpcService.java:startImpl(148)) - 93688f0e-f527-445d-a53b-82811601bf5e: GrpcService started, listening on 0.0.0.0/0.0.0.0:37061
2019-06-12 18:42:53,122 INFO  ozoneimpl.OzoneContainer (OzoneContainer.java:start(186)) - Attempting to start container services.
2019-06-12 18:42:53,122 INFO  ozoneimpl.OzoneContainer (OzoneContainer.java:startContainerScrub(160)) - Background container scrubber has been disabled by hdds.containerscrub.enabled
2019-06-12 18:42:53,122 INFO  ratis.XceiverServerRatis (XceiverServerRatis.java:start(418)) - Starting XceiverServerRatis 39ce5b5f-b876-4b97-830c-49c335b4aedf at port 33081
2019-06-12 18:42:53,128 INFO  impl.RaftServerProxy (RaftServerProxy.java:lambda$start$3(299)) - 39ce5b5f-b876-4b97-830c-49c335b4aedf: start RPC server
2019-06-12 18:42:53,130 INFO  server.GrpcService (GrpcService.java:startImpl(148)) - 39ce5b5f-b876-4b97-830c-49c335b4aedf: GrpcService started, listening on 0.0.0.0/0.0.0.0:33081
2019-06-12 18:42:53,354 INFO  ozoneimpl.OzoneContainer (OzoneContainer.java:start(186)) - Attempting to start container services.
2019-06-12 18:42:53,355 INFO  ozoneimpl.OzoneContainer (OzoneContainer.java:startContainerScrub(160)) - Background container scrubber has been disabled by hdds.containerscrub.enabled
2019-06-12 18:42:53,355 INFO  ratis.XceiverServerRatis (XceiverServerRatis.java:start(418)) - Starting XceiverServerRatis a0fcf672-9fde-428c-87d7-b5820b2a630c at port 44105
2019-06-12 18:42:53,359 INFO  impl.RaftServerProxy (RaftServerProxy.java:lambda$start$3(299)) - a0fcf672-9fde-428c-87d7-b5820b2a630c: start RPC server
2019-06-12 18:42:53,361 INFO  server.GrpcService (GrpcService.java:startImpl(148)) - a0fcf672-9fde-428c-87d7-b5820b2a630c: GrpcService started, listening on 0.0.0.0/0.0.0.0:44105
2019-06-12 18:42:53,577 INFO  ozoneimpl.OzoneContainer (OzoneContainer.java:start(186)) - Attempting to start container services.
2019-06-12 18:42:53,578 INFO  ozoneimpl.OzoneContainer (OzoneContainer.java:startContainerScrub(160)) - Background container scrubber has been disabled by hdds.containerscrub.enabled
2019-06-12 18:42:53,578 INFO  ratis.XceiverServerRatis (XceiverServerRatis.java:start(418)) - Starting XceiverServerRatis 6fb63815-7193-4564-a38d-79e98743aa59 at port 45091
2019-06-12 18:42:53,583 INFO  impl.RaftServerProxy (RaftServerProxy.java:lambda$start$3(299)) - 6fb63815-7193-4564-a38d-79e98743aa59: start RPC server
2019-06-12 18:42:53,584 INFO  server.GrpcService (GrpcService.java:startImpl(148)) - 6fb63815-7193-4564-a38d-79e98743aa59: GrpcService started, listening on 0.0.0.0/0.0.0.0:45091
2019-06-12 18:42:53,744 INFO  ozoneimpl.OzoneContainer (OzoneContainer.java:start(186)) - Attempting to start container services.
2019-06-12 18:42:53,746 INFO  ozoneimpl.OzoneContainer (OzoneContainer.java:startContainerScrub(160)) - Background container scrubber has been disabled by hdds.containerscrub.enabled
2019-06-12 18:42:53,746 INFO  ratis.XceiverServerRatis (XceiverServerRatis.java:start(418)) - Starting XceiverServerRatis cc03ba94-93cb-4b14-a61f-d0b0ecb55f50 at port 46431
2019-06-12 18:42:53,752 INFO  impl.RaftServerProxy (RaftServerProxy.java:lambda$start$3(299)) - cc03ba94-93cb-4b14-a61f-d0b0ecb55f50: start RPC server
2019-06-12 18:42:53,754 INFO  server.GrpcService (GrpcService.java:startImpl(148)) - cc03ba94-93cb-4b14-a61f-d0b0ecb55f50: GrpcService started, listening on 0.0.0.0/0.0.0.0:46431
2019-06-12 18:42:53,941 INFO  ozone.MiniOzoneClusterImpl (MiniOzoneClusterImpl.java:lambda$waitForClusterToBeReady$0(142)) - Waiting for cluster to be ready. Got 0 of 6 DN Heartbeats.
2019-06-12 18:42:53,948 INFO  ozoneimpl.OzoneContainer (OzoneContainer.java:start(186)) - Attempting to start container services.
2019-06-12 18:42:53,950 INFO  ozoneimpl.OzoneContainer (OzoneContainer.java:startContainerScrub(160)) - Background container scrubber has been disabled by hdds.containerscrub.enabled
2019-06-12 18:42:53,950 INFO  ratis.XceiverServerRatis (XceiverServerRatis.java:start(418)) - Starting XceiverServerRatis d654e74f-d05f-4386-8ccf-c0fa0a209ef5 at port 42793
2019-06-12 18:42:53,953 INFO  impl.RaftServerProxy (RaftServerProxy.java:lambda$start$3(299)) - d654e74f-d05f-4386-8ccf-c0fa0a209ef5: start RPC server
2019-06-12 18:42:53,955 INFO  server.GrpcService (GrpcService.java:startImpl(148)) - d654e74f-d05f-4386-8ccf-c0fa0a209ef5: GrpcService started, listening on 0.0.0.0/0.0.0.0:42793
2019-06-12 18:42:54,916 INFO  node.SCMNodeManager (SCMNodeManager.java:register(234)) - Registered Data node : 93688f0e-f527-445d-a53b-82811601bf5e{ip: 192.168.46.15, host: ozone-hw5hf-1599250011, networkLocation: /default-rack, certSerialId: null}
2019-06-12 18:42:54,919 INFO  safemode.SCMSafeModeManager (DataNodeSafeModeRule.java:process(71)) - SCM in safe mode. 1 DataNodes registered, 1 required.
2019-06-12 18:42:54,919 INFO  safemode.SCMSafeModeManager (SCMSafeModeManager.java:validateSafeModeExitRules(177)) - ScmSafeModeManager, all rules are successfully validated
2019-06-12 18:42:54,919 INFO  safemode.SCMSafeModeManager (SCMSafeModeManager.java:exitSafeMode(193)) - SCM exiting safe mode.
2019-06-12 18:42:54,941 INFO  ozone.MiniOzoneClusterImpl (MiniOzoneClusterImpl.java:lambda$waitForClusterToBeReady$0(142)) - Waiting for cluster to be ready. Got 1 of 6 DN Heartbeats.
2019-06-12 18:42:55,119 INFO  node.SCMNodeManager (SCMNodeManager.java:register(234)) - Registered Data node : 39ce5b5f-b876-4b97-830c-49c335b4aedf{ip: 192.168.46.15, host: ozone-hw5hf-1599250011, networkLocation: /default-rack, certSerialId: null}
2019-06-12 18:42:55,247 INFO  impl.RaftServerProxy (RaftServerProxy.java:addNew(89)) - 93688f0e-f527-445d-a53b-82811601bf5e: addNew group-5A383D350E29:[93688f0e-f527-445d-a53b-82811601bf5e:192.168.46.15:37061] returns group-5A383D350E29:java.util.concurrent.CompletableFuture@35b7b87e[Not completed]
2019-06-12 18:42:55,259 INFO  impl.RaftServerImpl (RaftServerImpl.java:<init>(91)) - 93688f0e-f527-445d-a53b-82811601bf5e: new RaftServerImpl for group-5A383D350E29:[93688f0e-f527-445d-a53b-82811601bf5e:192.168.46.15:37061] with ContainerStateMachine:uninitialized
2019-06-12 18:42:55,260 INFO  server.RaftServerConfigKeys (ConfUtils.java:logGet(43)) - raft.server.rpc.timeout.min = 1s (custom)
2019-06-12 18:42:55,260 INFO  server.RaftServerConfigKeys (ConfUtils.java:logGet(43)) - raft.server.rpc.timeout.max = 1200ms (custom)
2019-06-12 18:42:55,260 INFO  server.RaftServerConfigKeys (ConfUtils.java:logGet(43)) - raft.server.rpcslowness.timeout = 10s (custom)
2019-06-12 18:42:55,261 INFO  server.RaftServerConfigKeys (ConfUtils.java:logGet(43)) - raft.server.log.appender.install.snapshot.enabled = true (default)
2019-06-12 18:42:55,266 INFO  impl.RaftServerImpl (ServerState.java:<init>(101)) - 93688f0e-f527-445d-a53b-82811601bf5e:group-5A383D350E29 ConfigurationManager, init=-1: [93688f0e-f527-445d-a53b-82811601bf5e:192.168.46.15:37061], old=null, confs=<EMPTY_MAP>
2019-06-12 18:42:55,266 INFO  server.RaftServerConfigKeys (ConfUtils.java:logGet(43)) - raft.server.storage.dir = [/opt/src/hadoop-ozone/integration-test/target/test-dir/MiniOzoneClusterImpl-31cd421d-7316-4e57-af3b-d38f3d11e3aa/datanode-0/data/ratis] (custom)
2019-06-12 18:42:55,271 INFO  storage.RaftStorageDirectory (RaftStorageDirectory.java:analyzeStorage(246)) - The storage directory /opt/src/hadoop-ozone/integration-test/target/test-dir/MiniOzoneClusterImpl-31cd421d-7316-4e57-af3b-d38f3d11e3aa/datanode-0/data/ratis/72226cc7-485b-4ccd-8b07-5a383d350e29 does not exist. Creating ...
2019-06-12 18:42:55,275 INFO  storage.RaftStorageDirectory (RaftStorageDirectory.java:tryLock(328)) - Lock on /opt/src/hadoop-ozone/integration-test/target/test-dir/MiniOzoneClusterImpl-31cd421d-7316-4e57-af3b-d38f3d11e3aa/datanode-0/data/ratis/72226cc7-485b-4ccd-8b07-5a383d350e29/in_use.lock acquired by nodename 10165@ozone-hw5hf-1599250011
2019-06-12 18:42:55,279 INFO  storage.RaftStorage (RaftStorage.java:format(75)) - Storage directory /opt/src/hadoop-ozone/integration-test/target/test-dir/MiniOzoneClusterImpl-31cd421d-7316-4e57-af3b-d38f3d11e3aa/datanode-0/data/ratis/72226cc7-485b-4ccd-8b07-5a383d350e29 has been successfully formatted.
2019-06-12 18:42:55,280 INFO  ratis.ContainerStateMachine (ContainerStateMachine.java:loadSnapshot(199)) - The snapshot info is null.Setting the last applied index to:(t:0, i:~)
2019-06-12 18:42:55,280 INFO  server.RaftServerConfigKeys (ConfUtils.java:logGet(43)) - raft.server.leader.election.timeout = 10s (custom)
2019-06-12 18:42:55,282 INFO  server.RaftServerConfigKeys (ConfUtils.java:logGet(43)) - raft.server.log.use.memory = false (default)
2019-06-12 18:42:55,411 INFO  server.RaftServerConfigKeys (ConfUtils.java:logGet(43)) - raft.server.log.appender.buffer.byte-limit = 33554432 (custom)
2019-06-12 18:42:55,414 INFO  node.SCMNodeManager (SCMNodeManager.java:register(234)) - Registered Data node : a0fcf672-9fde-428c-87d7-b5820b2a630c{ip: 192.168.46.15, host: ozone-hw5hf-1599250011, networkLocation: /default-rack, certSerialId: null}
2019-06-12 18:42:55,417 INFO  server.RaftServerConfigKeys (ConfUtils.java:logGet(43)) - raft.server.log.segment.size.max = 16384 (custom)
2019-06-12 18:42:55,421 INFO  server.RaftServerConfigKeys (ConfUtils.java:logGet(43)) - raft.server.log.segment.cache.num.max = 2 (custom)
2019-06-12 18:42:55,424 INFO  storage.RaftLogWorker (RaftLogWorker.java:<init>(123)) - new 93688f0e-f527-445d-a53b-82811601bf5e-RaftLogWorker for Storage Directory /opt/src/hadoop-ozone/integration-test/target/test-dir/MiniOzoneClusterImpl-31cd421d-7316-4e57-af3b-d38f3d11e3aa/datanode-0/data/ratis/72226cc7-485b-4ccd-8b07-5a383d350e29
2019-06-12 18:42:55,425 INFO  server.RaftServerConfigKeys (ConfUtils.java:logGet(43)) - raft.server.log.queue.byte-limit = 2147483647 (custom)
2019-06-12 18:42:55,425 INFO  server.RaftServerConfigKeys (ConfUtils.java:logGet(43)) - raft.server.log.queue.element-limit = 1024 (custom)
2019-06-12 18:42:55,427 INFO  server.RaftServerConfigKeys (ConfUtils.java:logGet(43)) - raft.server.log.segment.size.max = 16384 (custom)
2019-06-12 18:42:55,428 INFO  server.RaftServerConfigKeys (ConfUtils.java:logGet(43)) - raft.server.log.preallocated.size = 16384 (custom)
2019-06-12 18:42:55,428 INFO  server.RaftServerConfigKeys (ConfUtils.java:logGet(43)) - raft.server.log.write.buffer.size = 33554432 (custom)
2019-06-12 18:42:55,429 INFO  server.RaftServerConfigKeys (ConfUtils.java:logGet(43)) - raft.server.log.force.sync.num = 128 (default)
2019-06-12 18:42:55,430 INFO  server.RaftServerConfigKeys (ConfUtils.java:logGet(43)) - raft.server.log.statemachine.data.sync = true (default)
2019-06-12 18:42:55,430 INFO  server.RaftServerConfigKeys (ConfUtils.java:logGet(43)) - raft.server.log.statemachine.data.sync.timeout = 10s (default)
2019-06-12 18:42:55,430 INFO  server.RaftServerConfigKeys (ConfUtils.java:logGet(43)) - raft.server.log.statemachine.data.sync.timeout.retry = -1 (default)
2019-06-12 18:42:55,433 INFO  server.RaftServerConfigKeys (ConfUtils.java:logGet(43)) - raft.server.log.statemachine.data.caching.enabled = true (custom)
2019-06-12 18:42:55,439 INFO  server.RaftServerConfigKeys (ConfUtils.java:logGet(43)) - raft.server.snapshot.auto.trigger.enabled = true (custom)
2019-06-12 18:42:55,440 INFO  server.RaftServerConfigKeys (ConfUtils.java:logGet(43)) - raft.server.snapshot.auto.trigger.threshold = 10000 (custom)
2019-06-12 18:42:55,440 INFO  server.RaftServerConfigKeys (ConfUtils.java:logGet(43)) - raft.server.retrycache.expirytime = 600000ms (custom)
2019-06-12 18:42:55,461 INFO  impl.RaftServerImpl (RaftServerImpl.java:start(173)) - 93688f0e-f527-445d-a53b-82811601bf5e: start group-5A383D350E29
2019-06-12 18:42:55,462 INFO  impl.RaftServerImpl (RaftServerImpl.java:setRole(164)) - 93688f0e-f527-445d-a53b-82811601bf5e:group-5A383D350E29 changes role from null to FOLLOWER at term 0 for startAsFollower
2019-06-12 18:42:55,463 INFO  impl.RoleInfo (RoleInfo.java:updateAndGet(143)) - 93688f0e-f527-445d-a53b-82811601bf5e: start FollowerState
2019-06-12 18:42:55,464 INFO  util.JmxRegister (JmxRegister.java:tryRegister(44)) - Successfully registered JMX Bean with object name Ratis:service=RaftServer,group=group-5A383D350E29,id=93688f0e-f527-445d-a53b-82811601bf5e
2019-06-12 18:42:55,506 INFO  pipeline.PipelineStateManager (PipelineStateManager.java:addPipeline(56)) - Created pipeline Pipeline[ Id: 72226cc7-485b-4ccd-8b07-5a383d350e29, Nodes: 93688f0e-f527-445d-a53b-82811601bf5e{ip: 192.168.46.15, host: ozone-hw5hf-1599250011, networkLocation: /default-rack, certSerialId: null}, Type:RATIS, Factor:ONE, State:OPEN]
2019-06-12 18:42:55,522 INFO  impl.RaftServerProxy (RaftServerProxy.java:addNew(89)) - 39ce5b5f-b876-4b97-830c-49c335b4aedf: addNew group-2C67BE828B58:[39ce5b5f-b876-4b97-830c-49c335b4aedf:192.168.46.15:33081] returns group-2C67BE828B58:java.util.concurrent.CompletableFuture@2811d59[Not completed]
2019-06-12 18:42:55,523 INFO  impl.RaftServerImpl (RaftServerImpl.java:<init>(91)) - 39ce5b5f-b876-4b97-830c-49c335b4aedf: new RaftServerImpl for group-2C67BE828B58:[39ce5b5f-b876-4b97-830c-49c335b4aedf:192.168.46.15:33081] with ContainerStateMachine:uninitialized
2019-06-12 18:42:55,525 INFO  server.RaftServerConfigKeys (ConfUtils.java:logGet(43)) - raft.server.rpc.timeout.min = 1s (custom)
2019-06-12 18:42:55,525 INFO  server.RaftServerConfigKeys (ConfUtils.java:logGet(43)) - raft.server.rpc.timeout.max = 1200ms (custom)
2019-06-12 18:42:55,525 INFO  server.RaftServerConfigKeys (ConfUtils.java:logGet(43)) - raft.server.rpcslowness.timeout = 10s (custom)
2019-06-12 18:42:55,525 INFO  server.RaftServerConfigKeys (ConfUtils.java:logGet(43)) - raft.server.log.appender.install.snapshot.enabled = true (default)
2019-06-12 18:42:55,525 INFO  impl.RaftServerImpl (ServerState.java:<init>(101)) - 39ce5b5f-b876-4b97-830c-49c335b4aedf:group-2C67BE828B58 ConfigurationManager, init=-1: [39ce5b5f-b876-4b97-830c-49c335b4aedf:192.168.46.15:33081], old=null, confs=<EMPTY_MAP>
2019-06-12 18:42:55,525 INFO  server.RaftServerConfigKeys (ConfUtils.java:logGet(43)) - raft.server.storage.dir = [/opt/src/hadoop-ozone/integration-test/target/test-dir/MiniOzoneClusterImpl-31cd421d-7316-4e57-af3b-d38f3d11e3aa/datanode-1/data/ratis] (custom)
2019-06-12 18:42:55,525 INFO  storage.RaftStorageDirectory (RaftStorageDirectory.java:analyzeStorage(246)) - The storage directory /opt/src/hadoop-ozone/integration-test/target/test-dir/MiniOzoneClusterImpl-31cd421d-7316-4e57-af3b-d38f3d11e3aa/datanode-1/data/ratis/6e32ad5a-6361-4fb0-8902-2c67be828b58 does not exist. Creating ...
2019-06-12 18:42:55,527 INFO  storage.RaftStorageDirectory (RaftStorageDirectory.java:tryLock(328)) - Lock on /opt/src/hadoop-ozone/integration-test/target/test-dir/MiniOzoneClusterImpl-31cd421d-7316-4e57-af3b-d38f3d11e3aa/datanode-1/data/ratis/6e32ad5a-6361-4fb0-8902-2c67be828b58/in_use.lock acquired by nodename 10165@ozone-hw5hf-1599250011
2019-06-12 18:42:55,529 INFO  storage.RaftStorage (RaftStorage.java:format(75)) - Storage directory /opt/src/hadoop-ozone/integration-test/target/test-dir/MiniOzoneClusterImpl-31cd421d-7316-4e57-af3b-d38f3d11e3aa/datanode-1/data/ratis/6e32ad5a-6361-4fb0-8902-2c67be828b58 has been successfully formatted.
2019-06-12 18:42:55,530 INFO  ratis.ContainerStateMachine (ContainerStateMachine.java:loadSnapshot(199)) - The snapshot info is null.Setting the last applied index to:(t:0, i:~)
2019-06-12 18:42:55,530 INFO  server.RaftServerConfigKeys (ConfUtils.java:logGet(43)) - raft.server.leader.election.timeout = 10s (custom)
2019-06-12 18:42:55,530 INFO  server.RaftServerConfigKeys (ConfUtils.java:logGet(43)) - raft.server.log.use.memory = false (default)
2019-06-12 18:42:55,530 INFO  server.RaftServerConfigKeys (ConfUtils.java:logGet(43)) - raft.server.log.appender.buffer.byte-limit = 33554432 (custom)
2019-06-12 18:42:55,530 INFO  server.RaftServerConfigKeys (ConfUtils.java:logGet(43)) - raft.server.log.segment.size.max = 16384 (custom)
2019-06-12 18:42:55,530 INFO  server.RaftServerConfigKeys (ConfUtils.java:logGet(43)) - raft.server.log.segment.cache.num.max = 2 (custom)
2019-06-12 18:42:55,530 INFO  storage.RaftLogWorker (RaftLogWorker.java:<init>(123)) - new 39ce5b5f-b876-4b97-830c-49c335b4aedf-RaftLogWorker for Storage Directory /opt/src/hadoop-ozone/integration-test/target/test-dir/MiniOzoneClusterImpl-31cd421d-7316-4e57-af3b-d38f3d11e3aa/datanode-1/data/ratis/6e32ad5a-6361-4fb0-8902-2c67be828b58
2019-06-12 18:42:55,531 INFO  server.RaftServerConfigKeys (ConfUtils.java:logGet(43)) - raft.server.log.queue.byte-limit = 2147483647 (custom)
2019-06-12 18:42:55,531 INFO  server.RaftServerConfigKeys (ConfUtils.java:logGet(43)) - raft.server.log.queue.element-limit = 1024 (custom)
2019-06-12 18:42:55,531 INFO  server.RaftServerConfigKeys (ConfUtils.java:logGet(43)) - raft.server.log.segment.size.max = 16384 (custom)
2019-06-12 18:42:55,531 INFO  server.RaftServerConfigKeys (ConfUtils.java:logGet(43)) - raft.server.log.preallocated.size = 16384 (custom)
2019-06-12 18:42:55,531 INFO  server.RaftServerConfigKeys (ConfUtils.java:logGet(43)) - raft.server.log.write.buffer.size = 33554432 (custom)
2019-06-12 18:42:55,532 INFO  server.RaftServerConfigKeys (ConfUtils.java:logGet(43)) - raft.server.log.force.sync.num = 128 (default)
2019-06-12 18:42:55,532 INFO  server.RaftServerConfigKeys (ConfUtils.java:logGet(43)) - raft.server.log.statemachine.data.sync = true (default)
2019-06-12 18:42:55,532 INFO  server.RaftServerConfigKeys (ConfUtils.java:logGet(43)) - raft.server.log.statemachine.data.sync.timeout = 10s (default)
2019-06-12 18:42:55,532 INFO  server.RaftServerConfigKeys (ConfUtils.java:logGet(43)) - raft.server.log.statemachine.data.sync.timeout.retry = -1 (default)
2019-06-12 18:42:55,532 INFO  server.RaftServerConfigKeys (ConfUtils.java:logGet(43)) - raft.server.log.statemachine.data.caching.enabled = true (custom)
2019-06-12 18:42:55,534 INFO  server.RaftServerConfigKeys (ConfUtils.java:logGet(43)) - raft.server.snapshot.auto.trigger.enabled = true (custom)
2019-06-12 18:42:55,534 INFO  server.RaftServerConfigKeys (ConfUtils.java:logGet(43)) - raft.server.snapshot.auto.trigger.threshold = 10000 (custom)
2019-06-12 18:42:55,534 INFO  server.RaftServerConfigKeys (ConfUtils.java:logGet(43)) - raft.server.retrycache.expirytime = 600000ms (custom)
2019-06-12 18:42:55,534 INFO  impl.RaftServerImpl (RaftServerImpl.java:start(173)) - 39ce5b5f-b876-4b97-830c-49c335b4aedf: start group-2C67BE828B58
2019-06-12 18:42:55,534 INFO  impl.RaftServerImpl (RaftServerImpl.java:setRole(164)) - 39ce5b5f-b876-4b97-830c-49c335b4aedf:group-2C67BE828B58 changes role from null to FOLLOWER at term 0 for startAsFollower
2019-06-12 18:42:55,534 INFO  impl.RoleInfo (RoleInfo.java:updateAndGet(143)) - 39ce5b5f-b876-4b97-830c-49c335b4aedf: start FollowerState
2019-06-12 18:42:55,535 INFO  util.JmxRegister (JmxRegister.java:tryRegister(44)) - Successfully registered JMX Bean with object name Ratis:service=RaftServer,group=group-2C67BE828B58,id=39ce5b5f-b876-4b97-830c-49c335b4aedf
2019-06-12 18:42:55,543 INFO  pipeline.PipelineStateManager (PipelineStateManager.java:addPipeline(56)) - Created pipeline Pipeline[ Id: 6e32ad5a-6361-4fb0-8902-2c67be828b58, Nodes: 39ce5b5f-b876-4b97-830c-49c335b4aedf{ip: 192.168.46.15, host: ozone-hw5hf-1599250011, networkLocation: /default-rack, certSerialId: null}, Type:RATIS, Factor:ONE, State:OPEN]
2019-06-12 18:42:55,557 INFO  impl.RaftServerProxy (RaftServerProxy.java:addNew(89)) - a0fcf672-9fde-428c-87d7-b5820b2a630c: addNew group-28E05B348BAF:[a0fcf672-9fde-428c-87d7-b5820b2a630c:192.168.46.15:44105] returns group-28E05B348BAF:java.util.concurrent.CompletableFuture@437f0293[Not completed]
2019-06-12 18:42:55,584 INFO  node.SCMNodeManager (SCMNodeManager.java:register(234)) - Registered Data node : 6fb63815-7193-4564-a38d-79e98743aa59{ip: 192.168.46.15, host: ozone-hw5hf-1599250011, networkLocation: /default-rack, certSerialId: null}
2019-06-12 18:42:55,584 INFO  impl.RaftServerImpl (RaftServerImpl.java:<init>(91)) - a0fcf672-9fde-428c-87d7-b5820b2a630c: new RaftServerImpl for group-28E05B348BAF:[a0fcf672-9fde-428c-87d7-b5820b2a630c:192.168.46.15:44105] with ContainerStateMachine:uninitialized
2019-06-12 18:42:55,584 INFO  server.RaftServerConfigKeys (ConfUtils.java:logGet(43)) - raft.server.rpc.timeout.min = 1s (custom)
2019-06-12 18:42:55,584 INFO  server.RaftServerConfigKeys (ConfUtils.java:logGet(43)) - raft.server.rpc.timeout.max = 1200ms (custom)
2019-06-12 18:42:55,585 INFO  server.RaftServerConfigKeys (ConfUtils.java:logGet(43)) - raft.server.rpcslowness.timeout = 10s (custom)
2019-06-12 18:42:55,585 INFO  server.RaftServerConfigKeys (ConfUtils.java:logGet(43)) - raft.server.log.appender.install.snapshot.enabled = true (default)
2019-06-12 18:42:55,585 INFO  impl.RaftServerImpl (ServerState.java:<init>(101)) - a0fcf672-9fde-428c-87d7-b5820b2a630c:group-28E05B348BAF ConfigurationManager, init=-1: [a0fcf672-9fde-428c-87d7-b5820b2a630c:192.168.46.15:44105], old=null, confs=<EMPTY_MAP>
2019-06-12 18:42:55,585 INFO  server.RaftServerConfigKeys (ConfUtils.java:logGet(43)) - raft.server.storage.dir = [/opt/src/hadoop-ozone/integration-test/target/test-dir/MiniOzoneClusterImpl-31cd421d-7316-4e57-af3b-d38f3d11e3aa/datanode-2/data/ratis] (custom)
2019-06-12 18:42:55,585 INFO  storage.RaftStorageDirectory (RaftStorageDirectory.java:analyzeStorage(246)) - The storage directory /opt/src/hadoop-ozone/integration-test/target/test-dir/MiniOzoneClusterImpl-31cd421d-7316-4e57-af3b-d38f3d11e3aa/datanode-2/data/ratis/a173de2a-b564-4128-8f2c-28e05b348baf does not exist. Creating ...
2019-06-12 18:42:55,588 INFO  storage.RaftStorageDirectory (RaftStorageDirectory.java:tryLock(328)) - Lock on /opt/src/hadoop-ozone/integration-test/target/test-dir/MiniOzoneClusterImpl-31cd421d-7316-4e57-af3b-d38f3d11e3aa/datanode-2/data/ratis/a173de2a-b564-4128-8f2c-28e05b348baf/in_use.lock acquired by nodename 10165@ozone-hw5hf-1599250011
2019-06-12 18:42:55,590 INFO  storage.RaftStorage (RaftStorage.java:format(75)) - Storage directory /opt/src/hadoop-ozone/integration-test/target/test-dir/MiniOzoneClusterImpl-31cd421d-7316-4e57-af3b-d38f3d11e3aa/datanode-2/data/ratis/a173de2a-b564-4128-8f2c-28e05b348baf has been successfully formatted.
2019-06-12 18:42:55,591 INFO  ratis.ContainerStateMachine (ContainerStateMachine.java:loadSnapshot(199)) - The snapshot info is null.Setting the last applied index to:(t:0, i:~)
2019-06-12 18:42:55,592 INFO  server.RaftServerConfigKeys (ConfUtils.java:logGet(43)) - raft.server.leader.election.timeout = 10s (custom)
2019-06-12 18:42:55,592 INFO  server.RaftServerConfigKeys (ConfUtils.java:logGet(43)) - raft.server.log.use.memory = false (default)
2019-06-12 18:42:55,592 INFO  server.RaftServerConfigKeys (ConfUtils.java:logGet(43)) - raft.server.log.appender.buffer.byte-limit = 33554432 (custom)
2019-06-12 18:42:55,592 INFO  server.RaftServerConfigKeys (ConfUtils.java:logGet(43)) - raft.server.log.segment.size.max = 16384 (custom)
2019-06-12 18:42:55,592 INFO  server.RaftServerConfigKeys (ConfUtils.java:logGet(43)) - raft.server.log.segment.cache.num.max = 2 (custom)
2019-06-12 18:42:55,592 INFO  storage.RaftLogWorker (RaftLogWorker.java:<init>(123)) - new a0fcf672-9fde-428c-87d7-b5820b2a630c-RaftLogWorker for Storage Directory /opt/src/hadoop-ozone/integration-test/target/test-dir/MiniOzoneClusterImpl-31cd421d-7316-4e57-af3b-d38f3d11e3aa/datanode-2/data/ratis/a173de2a-b564-4128-8f2c-28e05b348baf
2019-06-12 18:42:55,592 INFO  server.RaftServerConfigKeys (ConfUtils.java:logGet(43)) - raft.server.log.queue.byte-limit = 2147483647 (custom)
2019-06-12 18:42:55,592 INFO  server.RaftServerConfigKeys (ConfUtils.java:logGet(43)) - raft.server.log.queue.element-limit = 1024 (custom)
2019-06-12 18:42:55,593 INFO  server.RaftServerConfigKeys (ConfUtils.java:logGet(43)) - raft.server.log.segment.size.max = 16384 (custom)
2019-06-12 18:42:55,593 INFO  server.RaftServerConfigKeys (ConfUtils.java:logGet(43)) - raft.server.log.preallocated.size = 16384 (custom)
2019-06-12 18:42:55,593 INFO  server.RaftServerConfigKeys (ConfUtils.java:logGet(43)) - raft.server.log.write.buffer.size = 33554432 (custom)
2019-06-12 18:42:55,593 INFO  server.RaftServerConfigKeys (ConfUtils.java:logGet(43)) - raft.server.log.force.sync.num = 128 (default)
2019-06-12 18:42:55,593 INFO  server.RaftServerConfigKeys (ConfUtils.java:logGet(43)) - raft.server.log.statemachine.data.sync = true (default)
2019-06-12 18:42:55,593 INFO  server.RaftServerConfigKeys (ConfUtils.java:logGet(43)) - raft.server.log.statemachine.data.sync.timeout = 10s (default)
2019-06-12 18:42:55,593 INFO  server.RaftServerConfigKeys (ConfUtils.java:logGet(43)) - raft.server.log.statemachine.data.sync.timeout.retry = -1 (default)
2019-06-12 18:42:55,593 INFO  server.RaftServerConfigKeys (ConfUtils.java:logGet(43)) - raft.server.log.statemachine.data.caching.enabled = true (custom)
2019-06-12 18:42:55,594 INFO  server.RaftServerConfigKeys (ConfUtils.java:logGet(43)) - raft.server.snapshot.auto.trigger.enabled = true (custom)
2019-06-12 18:42:55,594 INFO  server.RaftServerConfigKeys (ConfUtils.java:logGet(43)) - raft.server.snapshot.auto.trigger.threshold = 10000 (custom)
2019-06-12 18:42:55,594 INFO  server.RaftServerConfigKeys (ConfUtils.java:logGet(43)) - raft.server.retrycache.expirytime = 600000ms (custom)
2019-06-12 18:42:55,594 INFO  impl.RaftServerImpl (RaftServerImpl.java:start(173)) - a0fcf672-9fde-428c-87d7-b5820b2a630c: start group-28E05B348BAF
2019-06-12 18:42:55,594 INFO  impl.RaftServerImpl (RaftServerImpl.java:setRole(164)) - a0fcf672-9fde-428c-87d7-b5820b2a630c:group-28E05B348BAF changes role from null to FOLLOWER at term 0 for startAsFollower
2019-06-12 18:42:55,594 INFO  impl.RoleInfo (RoleInfo.java:updateAndGet(143)) - a0fcf672-9fde-428c-87d7-b5820b2a630c: start FollowerState
2019-06-12 18:42:55,594 INFO  util.JmxRegister (JmxRegister.java:tryRegister(44)) - Successfully registered JMX Bean with object name Ratis:service=RaftServer,group=group-28E05B348BAF,id=a0fcf672-9fde-428c-87d7-b5820b2a630c
2019-06-12 18:42:55,603 INFO  pipeline.PipelineStateManager (PipelineStateManager.java:addPipeline(56)) - Created pipeline Pipeline[ Id: a173de2a-b564-4128-8f2c-28e05b348baf, Nodes: a0fcf672-9fde-428c-87d7-b5820b2a630c{ip: 192.168.46.15, host: ozone-hw5hf-1599250011, networkLocation: /default-rack, certSerialId: null}, Type:RATIS, Factor:ONE, State:OPEN]
2019-06-12 18:42:55,618 INFO  impl.RaftServerProxy (RaftServerProxy.java:addNew(89)) - 6fb63815-7193-4564-a38d-79e98743aa59: addNew group-0361A2793738:[6fb63815-7193-4564-a38d-79e98743aa59:192.168.46.15:45091] returns group-0361A2793738:java.util.concurrent.CompletableFuture@183e2bae[Not completed]
2019-06-12 18:42:55,621 INFO  impl.RaftServerImpl (RaftServerImpl.java:<init>(91)) - 6fb63815-7193-4564-a38d-79e98743aa59: new RaftServerImpl for group-0361A2793738:[6fb63815-7193-4564-a38d-79e98743aa59:192.168.46.15:45091] with ContainerStateMachine:uninitialized
2019-06-12 18:42:55,621 INFO  server.RaftServerConfigKeys (ConfUtils.java:logGet(43)) - raft.server.rpc.timeout.min = 1s (custom)
2019-06-12 18:42:55,621 INFO  server.RaftServerConfigKeys (ConfUtils.java:logGet(43)) - raft.server.rpc.timeout.max = 1200ms (custom)
2019-06-12 18:42:55,621 INFO  server.RaftServerConfigKeys (ConfUtils.java:logGet(43)) - raft.server.rpcslowness.timeout = 10s (custom)
2019-06-12 18:42:55,621 INFO  server.RaftServerConfigKeys (ConfUtils.java:logGet(43)) - raft.server.log.appender.install.snapshot.enabled = true (default)
2019-06-12 18:42:55,621 INFO  impl.RaftServerImpl (ServerState.java:<init>(101)) - 6fb63815-7193-4564-a38d-79e98743aa59:group-0361A2793738 ConfigurationManager, init=-1: [6fb63815-7193-4564-a38d-79e98743aa59:192.168.46.15:45091], old=null, confs=<EMPTY_MAP>
2019-06-12 18:42:55,622 INFO  server.RaftServerConfigKeys (ConfUtils.java:logGet(43)) - raft.server.storage.dir = [/opt/src/hadoop-ozone/integration-test/target/test-dir/MiniOzoneClusterImpl-31cd421d-7316-4e57-af3b-d38f3d11e3aa/datanode-3/data/ratis] (custom)
2019-06-12 18:42:55,622 INFO  storage.RaftStorageDirectory (RaftStorageDirectory.java:analyzeStorage(246)) - The storage directory /opt/src/hadoop-ozone/integration-test/target/test-dir/MiniOzoneClusterImpl-31cd421d-7316-4e57-af3b-d38f3d11e3aa/datanode-3/data/ratis/76921d42-112b-4ed0-8d56-0361a2793738 does not exist. Creating ...
2019-06-12 18:42:55,624 INFO  storage.RaftStorageDirectory (RaftStorageDirectory.java:tryLock(328)) - Lock on /opt/src/hadoop-ozone/integration-test/target/test-dir/MiniOzoneClusterImpl-31cd421d-7316-4e57-af3b-d38f3d11e3aa/datanode-3/data/ratis/76921d42-112b-4ed0-8d56-0361a2793738/in_use.lock acquired by nodename 10165@ozone-hw5hf-1599250011
2019-06-12 18:42:55,626 INFO  storage.RaftStorage (RaftStorage.java:format(75)) - Storage directory /opt/src/hadoop-ozone/integration-test/target/test-dir/MiniOzoneClusterImpl-31cd421d-7316-4e57-af3b-d38f3d11e3aa/datanode-3/data/ratis/76921d42-112b-4ed0-8d56-0361a2793738 has been successfully formatted.
2019-06-12 18:42:55,626 INFO  ratis.ContainerStateMachine (ContainerStateMachine.java:loadSnapshot(199)) - The snapshot info is null.Setting the last applied index to:(t:0, i:~)
2019-06-12 18:42:55,626 INFO  server.RaftServerConfigKeys (ConfUtils.java:logGet(43)) - raft.server.leader.election.timeout = 10s (custom)
2019-06-12 18:42:55,626 INFO  server.RaftServerConfigKeys (ConfUtils.java:logGet(43)) - raft.server.log.use.memory = false (default)
2019-06-12 18:42:55,626 INFO  server.RaftServerConfigKeys (ConfUtils.java:logGet(43)) - raft.server.log.appender.buffer.byte-limit = 33554432 (custom)
2019-06-12 18:42:55,627 INFO  server.RaftServerConfigKeys (ConfUtils.java:logGet(43)) - raft.server.log.segment.size.max = 16384 (custom)
2019-06-12 18:42:55,627 INFO  server.RaftServerConfigKeys (ConfUtils.java:logGet(43)) - raft.server.log.segment.cache.num.max = 2 (custom)
2019-06-12 18:42:55,627 INFO  storage.RaftLogWorker (RaftLogWorker.java:<init>(123)) - new 6fb63815-7193-4564-a38d-79e98743aa59-RaftLogWorker for Storage Directory /opt/src/hadoop-ozone/integration-test/target/test-dir/MiniOzoneClusterImpl-31cd421d-7316-4e57-af3b-d38f3d11e3aa/datanode-3/data/ratis/76921d42-112b-4ed0-8d56-0361a2793738
2019-06-12 18:42:55,627 INFO  server.RaftServerConfigKeys (ConfUtils.java:logGet(43)) - raft.server.log.queue.byte-limit = 2147483647 (custom)
2019-06-12 18:42:55,627 INFO  server.RaftServerConfigKeys (ConfUtils.java:logGet(43)) - raft.server.log.queue.element-limit = 1024 (custom)
2019-06-12 18:42:55,627 INFO  server.RaftServerConfigKeys (ConfUtils.java:logGet(43)) - raft.server.log.segment.size.max = 16384 (custom)
2019-06-12 18:42:55,627 INFO  server.RaftServerConfigKeys (ConfUtils.java:logGet(43)) - raft.server.log.preallocated.size = 16384 (custom)
2019-06-12 18:42:55,627 INFO  server.RaftServerConfigKeys (ConfUtils.java:logGet(43)) - raft.server.log.write.buffer.size = 33554432 (custom)
2019-06-12 18:42:55,627 INFO  server.RaftServerConfigKeys (ConfUtils.java:logGet(43)) - raft.server.log.force.sync.num = 128 (default)
2019-06-12 18:42:55,627 INFO  server.RaftServerConfigKeys (ConfUtils.java:logGet(43)) - raft.server.log.statemachine.data.sync = true (default)
2019-06-12 18:42:55,627 INFO  server.RaftServerConfigKeys (ConfUtils.java:logGet(43)) - raft.server.log.statemachine.data.sync.timeout = 10s (default)
2019-06-12 18:42:55,627 INFO  server.RaftServerConfigKeys (ConfUtils.java:logGet(43)) - raft.server.log.statemachine.data.sync.timeout.retry = -1 (default)
2019-06-12 18:42:55,628 INFO  server.RaftServerConfigKeys (ConfUtils.java:logGet(43)) - raft.server.log.statemachine.data.caching.enabled = true (custom)
2019-06-12 18:42:55,628 INFO  server.RaftServerConfigKeys (ConfUtils.java:logGet(43)) - raft.server.snapshot.auto.trigger.enabled = true (custom)
2019-06-12 18:42:55,628 INFO  server.RaftServerConfigKeys (ConfUtils.java:logGet(43)) - raft.server.snapshot.auto.trigger.threshold = 10000 (custom)
2019-06-12 18:42:55,628 INFO  server.RaftServerConfigKeys (ConfUtils.java:logGet(43)) - raft.server.retrycache.expirytime = 600000ms (custom)
2019-06-12 18:42:55,628 INFO  impl.RaftServerImpl (RaftServerImpl.java:start(173)) - 6fb63815-7193-4564-a38d-79e98743aa59: start group-0361A2793738
2019-06-12 18:42:55,628 INFO  impl.RaftServerImpl (RaftServerImpl.java:setRole(164)) - 6fb63815-7193-4564-a38d-79e98743aa59:group-0361A2793738 changes role from null to FOLLOWER at term 0 for startAsFollower
2019-06-12 18:42:55,628 INFO  impl.RoleInfo (RoleInfo.java:updateAndGet(143)) - 6fb63815-7193-4564-a38d-79e98743aa59: start FollowerState
2019-06-12 18:42:55,629 INFO  util.JmxRegister (JmxRegister.java:tryRegister(44)) - Successfully registered JMX Bean with object name Ratis:service=RaftServer,group=group-0361A2793738,id=6fb63815-7193-4564-a38d-79e98743aa59
2019-06-12 18:42:55,642 INFO  pipeline.PipelineStateManager (PipelineStateManager.java:addPipeline(56)) - Created pipeline Pipeline[ Id: 76921d42-112b-4ed0-8d56-0361a2793738, Nodes: 6fb63815-7193-4564-a38d-79e98743aa59{ip: 192.168.46.15, host: ozone-hw5hf-1599250011, networkLocation: /default-rack, certSerialId: null}, Type:RATIS, Factor:ONE, State:OPEN]
2019-06-12 18:42:55,673 INFO  impl.RaftServerProxy (RaftServerProxy.java:addNew(89)) - 93688f0e-f527-445d-a53b-82811601bf5e: addNew group-2705328C80EB:[6fb63815-7193-4564-a38d-79e98743aa59:192.168.46.15:45091, 39ce5b5f-b876-4b97-830c-49c335b4aedf:192.168.46.15:33081, 93688f0e-f527-445d-a53b-82811601bf5e:192.168.46.15:37061] returns group-2705328C80EB:java.util.concurrent.CompletableFuture@47c1a148[Not completed]
2019-06-12 18:42:55,674 INFO  impl.RaftServerImpl (RaftServerImpl.java:<init>(91)) - 93688f0e-f527-445d-a53b-82811601bf5e: new RaftServerImpl for group-2705328C80EB:[6fb63815-7193-4564-a38d-79e98743aa59:192.168.46.15:45091, 39ce5b5f-b876-4b97-830c-49c335b4aedf:192.168.46.15:33081, 93688f0e-f527-445d-a53b-82811601bf5e:192.168.46.15:37061] with ContainerStateMachine:uninitialized
2019-06-12 18:42:55,675 INFO  impl.RaftServerProxy (RaftServerProxy.java:addNew(89)) - 6fb63815-7193-4564-a38d-79e98743aa59: addNew group-2705328C80EB:[6fb63815-7193-4564-a38d-79e98743aa59:192.168.46.15:45091, 39ce5b5f-b876-4b97-830c-49c335b4aedf:192.168.46.15:33081, 93688f0e-f527-445d-a53b-82811601bf5e:192.168.46.15:37061] returns group-2705328C80EB:java.util.concurrent.CompletableFuture@2ecb9145[Not completed]
2019-06-12 18:42:55,675 INFO  server.RaftServerConfigKeys (ConfUtils.java:logGet(43)) - raft.server.rpc.timeout.min = 1s (custom)
2019-06-12 18:42:55,675 INFO  server.RaftServerConfigKeys (ConfUtils.java:logGet(43)) - raft.server.rpc.timeout.max = 1200ms (custom)
2019-06-12 18:42:55,675 INFO  server.RaftServerConfigKeys (ConfUtils.java:logGet(43)) - raft.server.rpcslowness.timeout = 10s (custom)
2019-06-12 18:42:55,674 INFO  impl.RaftServerProxy (RaftServerProxy.java:addNew(89)) - 39ce5b5f-b876-4b97-830c-49c335b4aedf: addNew group-2705328C80EB:[6fb63815-7193-4564-a38d-79e98743aa59:192.168.46.15:45091, 39ce5b5f-b876-4b97-830c-49c335b4aedf:192.168.46.15:33081, 93688f0e-f527-445d-a53b-82811601bf5e:192.168.46.15:37061] returns group-2705328C80EB:java.util.concurrent.CompletableFuture@747cf92d[Not completed]
2019-06-12 18:42:55,675 INFO  server.RaftServerConfigKeys (ConfUtils.java:logGet(43)) - raft.server.log.appender.install.snapshot.enabled = true (default)
2019-06-12 18:42:55,675 INFO  impl.RaftServerImpl (RaftServerImpl.java:<init>(91)) - 6fb63815-7193-4564-a38d-79e98743aa59: new RaftServerImpl for group-2705328C80EB:[6fb63815-7193-4564-a38d-79e98743aa59:192.168.46.15:45091, 39ce5b5f-b876-4b97-830c-49c335b4aedf:192.168.46.15:33081, 93688f0e-f527-445d-a53b-82811601bf5e:192.168.46.15:37061] with ContainerStateMachine:uninitialized
2019-06-12 18:42:55,675 INFO  impl.RaftServerImpl (ServerState.java:<init>(101)) - 93688f0e-f527-445d-a53b-82811601bf5e:group-2705328C80EB ConfigurationManager, init=-1: [6fb63815-7193-4564-a38d-79e98743aa59:192.168.46.15:45091, 39ce5b5f-b876-4b97-830c-49c335b4aedf:192.168.46.15:33081, 93688f0e-f527-445d-a53b-82811601bf5e:192.168.46.15:37061], old=null, confs=<EMPTY_MAP>
2019-06-12 18:42:55,676 INFO  server.RaftServerConfigKeys (ConfUtils.java:logGet(43)) - raft.server.rpc.timeout.min = 1s (custom)
2019-06-12 18:42:55,676 INFO  server.RaftServerConfigKeys (ConfUtils.java:logGet(43)) - raft.server.storage.dir = [/opt/src/hadoop-ozone/integration-test/target/test-dir/MiniOzoneClusterImpl-31cd421d-7316-4e57-af3b-d38f3d11e3aa/datanode-0/data/ratis] (custom)
2019-06-12 18:42:55,676 INFO  server.RaftServerConfigKeys (ConfUtils.java:logGet(43)) - raft.server.rpc.timeout.max = 1200ms (custom)
2019-06-12 18:42:55,676 INFO  impl.RaftServerImpl (RaftServerImpl.java:<init>(91)) - 39ce5b5f-b876-4b97-830c-49c335b4aedf: new RaftServerImpl for group-2705328C80EB:[6fb63815-7193-4564-a38d-79e98743aa59:192.168.46.15:45091, 39ce5b5f-b876-4b97-830c-49c335b4aedf:192.168.46.15:33081, 93688f0e-f527-445d-a53b-82811601bf5e:192.168.46.15:37061] with ContainerStateMachine:uninitialized
2019-06-12 18:42:55,676 INFO  server.RaftServerConfigKeys (ConfUtils.java:logGet(43)) - raft.server.rpcslowness.timeout = 10s (custom)
2019-06-12 18:42:55,676 INFO  storage.RaftStorageDirectory (RaftStorageDirectory.java:analyzeStorage(246)) - The storage directory /opt/src/hadoop-ozone/integration-test/target/test-dir/MiniOzoneClusterImpl-31cd421d-7316-4e57-af3b-d38f3d11e3aa/datanode-0/data/ratis/85a9f7ca-fbbe-4fb9-ac17-2705328c80eb does not exist. Creating ...
2019-06-12 18:42:55,676 INFO  server.RaftServerConfigKeys (ConfUtils.java:logGet(43)) - raft.server.rpc.timeout.min = 1s (custom)
2019-06-12 18:42:55,676 INFO  server.RaftServerConfigKeys (ConfUtils.java:logGet(43)) - raft.server.log.appender.install.snapshot.enabled = true (default)
2019-06-12 18:42:55,676 INFO  server.RaftServerConfigKeys (ConfUtils.java:logGet(43)) - raft.server.rpc.timeout.max = 1200ms (custom)
2019-06-12 18:42:55,676 INFO  server.RaftServerConfigKeys (ConfUtils.java:logGet(43)) - raft.server.rpcslowness.timeout = 10s (custom)
2019-06-12 18:42:55,677 INFO  server.RaftServerConfigKeys (ConfUtils.java:logGet(43)) - raft.server.log.appender.install.snapshot.enabled = true (default)
2019-06-12 18:42:55,677 INFO  impl.RaftServerImpl (ServerState.java:<init>(101)) - 39ce5b5f-b876-4b97-830c-49c335b4aedf:group-2705328C80EB ConfigurationManager, init=-1: [6fb63815-7193-4564-a38d-79e98743aa59:192.168.46.15:45091, 39ce5b5f-b876-4b97-830c-49c335b4aedf:192.168.46.15:33081, 93688f0e-f527-445d-a53b-82811601bf5e:192.168.46.15:37061], old=null, confs=<EMPTY_MAP>
2019-06-12 18:42:55,677 INFO  server.RaftServerConfigKeys (ConfUtils.java:logGet(43)) - raft.server.storage.dir = [/opt/src/hadoop-ozone/integration-test/target/test-dir/MiniOzoneClusterImpl-31cd421d-7316-4e57-af3b-d38f3d11e3aa/datanode-1/data/ratis] (custom)
2019-06-12 18:42:55,677 INFO  storage.RaftStorageDirectory (RaftStorageDirectory.java:analyzeStorage(246)) - The storage directory /opt/src/hadoop-ozone/integration-test/target/test-dir/MiniOzoneClusterImpl-31cd421d-7316-4e57-af3b-d38f3d11e3aa/datanode-1/data/ratis/85a9f7ca-fbbe-4fb9-ac17-2705328c80eb does not exist. Creating ...
2019-06-12 18:42:55,676 INFO  impl.RaftServerImpl (ServerState.java:<init>(101)) - 6fb63815-7193-4564-a38d-79e98743aa59:group-2705328C80EB ConfigurationManager, init=-1: [6fb63815-7193-4564-a38d-79e98743aa59:192.168.46.15:45091, 39ce5b5f-b876-4b97-830c-49c335b4aedf:192.168.46.15:33081, 93688f0e-f527-445d-a53b-82811601bf5e:192.168.46.15:37061], old=null, confs=<EMPTY_MAP>
2019-06-12 18:42:55,678 INFO  server.RaftServerConfigKeys (ConfUtils.java:logGet(43)) - raft.server.storage.dir = [/opt/src/hadoop-ozone/integration-test/target/test-dir/MiniOzoneClusterImpl-31cd421d-7316-4e57-af3b-d38f3d11e3aa/datanode-3/data/ratis] (custom)
2019-06-12 18:42:55,678 INFO  storage.RaftStorageDirectory (RaftStorageDirectory.java:analyzeStorage(246)) - The storage directory /opt/src/hadoop-ozone/integration-test/target/test-dir/MiniOzoneClusterImpl-31cd421d-7316-4e57-af3b-d38f3d11e3aa/datanode-3/data/ratis/85a9f7ca-fbbe-4fb9-ac17-2705328c80eb does not exist. Creating ...
2019-06-12 18:42:55,678 INFO  storage.RaftStorageDirectory (RaftStorageDirectory.java:tryLock(328)) - Lock on /opt/src/hadoop-ozone/integration-test/target/test-dir/MiniOzoneClusterImpl-31cd421d-7316-4e57-af3b-d38f3d11e3aa/datanode-0/data/ratis/85a9f7ca-fbbe-4fb9-ac17-2705328c80eb/in_use.lock acquired by nodename 10165@ozone-hw5hf-1599250011
2019-06-12 18:42:55,679 INFO  storage.RaftStorageDirectory (RaftStorageDirectory.java:tryLock(328)) - Lock on /opt/src/hadoop-ozone/integration-test/target/test-dir/MiniOzoneClusterImpl-31cd421d-7316-4e57-af3b-d38f3d11e3aa/datanode-1/data/ratis/85a9f7ca-fbbe-4fb9-ac17-2705328c80eb/in_use.lock acquired by nodename 10165@ozone-hw5hf-1599250011
2019-06-12 18:42:55,680 INFO  storage.RaftStorageDirectory (RaftStorageDirectory.java:tryLock(328)) - Lock on /opt/src/hadoop-ozone/integration-test/target/test-dir/MiniOzoneClusterImpl-31cd421d-7316-4e57-af3b-d38f3d11e3aa/datanode-3/data/ratis/85a9f7ca-fbbe-4fb9-ac17-2705328c80eb/in_use.lock acquired by nodename 10165@ozone-hw5hf-1599250011
2019-06-12 18:42:55,681 INFO  storage.RaftStorage (RaftStorage.java:format(75)) - Storage directory /opt/src/hadoop-ozone/integration-test/target/test-dir/MiniOzoneClusterImpl-31cd421d-7316-4e57-af3b-d38f3d11e3aa/datanode-0/data/ratis/85a9f7ca-fbbe-4fb9-ac17-2705328c80eb has been successfully formatted.
2019-06-12 18:42:55,681 INFO  ratis.ContainerStateMachine (ContainerStateMachine.java:loadSnapshot(199)) - The snapshot info is null.Setting the last applied index to:(t:0, i:~)
2019-06-12 18:42:55,682 INFO  server.RaftServerConfigKeys (ConfUtils.java:logGet(43)) - raft.server.leader.election.timeout = 10s (custom)
2019-06-12 18:42:55,682 INFO  server.RaftServerConfigKeys (ConfUtils.java:logGet(43)) - raft.server.log.use.memory = false (default)
2019-06-12 18:42:55,682 INFO  server.RaftServerConfigKeys (ConfUtils.java:logGet(43)) - raft.server.log.appender.buffer.byte-limit = 33554432 (custom)
2019-06-12 18:42:55,682 INFO  server.RaftServerConfigKeys (ConfUtils.java:logGet(43)) - raft.server.log.segment.size.max = 16384 (custom)
2019-06-12 18:42:55,682 INFO  server.RaftServerConfigKeys (ConfUtils.java:logGet(43)) - raft.server.log.segment.cache.num.max = 2 (custom)
2019-06-12 18:42:55,682 INFO  storage.RaftLogWorker (RaftLogWorker.java:<init>(123)) - new 93688f0e-f527-445d-a53b-82811601bf5e-RaftLogWorker for Storage Directory /opt/src/hadoop-ozone/integration-test/target/test-dir/MiniOzoneClusterImpl-31cd421d-7316-4e57-af3b-d38f3d11e3aa/datanode-0/data/ratis/85a9f7ca-fbbe-4fb9-ac17-2705328c80eb
2019-06-12 18:42:55,682 INFO  server.RaftServerConfigKeys (ConfUtils.java:logGet(43)) - raft.server.log.queue.byte-limit = 2147483647 (custom)
2019-06-12 18:42:55,682 INFO  server.RaftServerConfigKeys (ConfUtils.java:logGet(43)) - raft.server.log.queue.element-limit = 1024 (custom)
2019-06-12 18:42:55,683 INFO  server.RaftServerConfigKeys (ConfUtils.java:logGet(43)) - raft.server.log.segment.size.max = 16384 (custom)
2019-06-12 18:42:55,683 INFO  server.RaftServerConfigKeys (ConfUtils.java:logGet(43)) - raft.server.log.preallocated.size = 16384 (custom)
2019-06-12 18:42:55,683 INFO  storage.RaftStorage (RaftStorage.java:format(75)) - Storage directory /opt/src/hadoop-ozone/integration-test/target/test-dir/MiniOzoneClusterImpl-31cd421d-7316-4e57-af3b-d38f3d11e3aa/datanode-1/data/ratis/85a9f7ca-fbbe-4fb9-ac17-2705328c80eb has been successfully formatted.
2019-06-12 18:42:55,683 INFO  server.RaftServerConfigKeys (ConfUtils.java:logGet(43)) - raft.server.log.write.buffer.size = 33554432 (custom)
2019-06-12 18:42:55,683 INFO  storage.RaftStorage (RaftStorage.java:format(75)) - Storage directory /opt/src/hadoop-ozone/integration-test/target/test-dir/MiniOzoneClusterImpl-31cd421d-7316-4e57-af3b-d38f3d11e3aa/datanode-3/data/ratis/85a9f7ca-fbbe-4fb9-ac17-2705328c80eb has been successfully formatted.
2019-06-12 18:42:55,683 INFO  server.RaftServerConfigKeys (ConfUtils.java:logGet(43)) - raft.server.log.force.sync.num = 128 (default)
2019-06-12 18:42:55,683 INFO  ratis.ContainerStateMachine (ContainerStateMachine.java:loadSnapshot(199)) - The snapshot info is null.Setting the last applied index to:(t:0, i:~)
2019-06-12 18:42:55,683 INFO  server.RaftServerConfigKeys (ConfUtils.java:logGet(43)) - raft.server.log.statemachine.data.sync = true (default)
2019-06-12 18:42:55,683 INFO  ratis.ContainerStateMachine (ContainerStateMachine.java:loadSnapshot(199)) - The snapshot info is null.Setting the last applied index to:(t:0, i:~)
2019-06-12 18:42:55,683 INFO  server.RaftServerConfigKeys (ConfUtils.java:logGet(43)) - raft.server.log.statemachine.data.sync.timeout = 10s (default)
2019-06-12 18:42:55,683 INFO  server.RaftServerConfigKeys (ConfUtils.java:logGet(43)) - raft.server.leader.election.timeout = 10s (custom)
2019-06-12 18:42:55,684 INFO  server.RaftServerConfigKeys (ConfUtils.java:logGet(43)) - raft.server.log.statemachine.data.sync.timeout.retry = -1 (default)
2019-06-12 18:42:55,683 INFO  server.RaftServerConfigKeys (ConfUtils.java:logGet(43)) - raft.server.leader.election.timeout = 10s (custom)
2019-06-12 18:42:55,684 INFO  server.RaftServerConfigKeys (ConfUtils.java:logGet(43)) - raft.server.log.use.memory = false (default)
2019-06-12 18:42:55,684 INFO  server.RaftServerConfigKeys (ConfUtils.java:logGet(43)) - raft.server.log.appender.buffer.byte-limit = 33554432 (custom)
2019-06-12 18:42:55,684 INFO  server.RaftServerConfigKeys (ConfUtils.java:logGet(43)) - raft.server.log.segment.size.max = 16384 (custom)
2019-06-12 18:42:55,684 INFO  server.RaftServerConfigKeys (ConfUtils.java:logGet(43)) - raft.server.log.segment.cache.num.max = 2 (custom)
2019-06-12 18:42:55,684 INFO  storage.RaftLogWorker (RaftLogWorker.java:<init>(123)) - new 6fb63815-7193-4564-a38d-79e98743aa59-RaftLogWorker for Storage Directory /opt/src/hadoop-ozone/integration-test/target/test-dir/MiniOzoneClusterImpl-31cd421d-7316-4e57-af3b-d38f3d11e3aa/datanode-3/data/ratis/85a9f7ca-fbbe-4fb9-ac17-2705328c80eb
2019-06-12 18:42:55,684 INFO  server.RaftServerConfigKeys (ConfUtils.java:logGet(43)) - raft.server.log.queue.byte-limit = 2147483647 (custom)
2019-06-12 18:42:55,684 INFO  server.RaftServerConfigKeys (ConfUtils.java:logGet(43)) - raft.server.log.queue.element-limit = 1024 (custom)
2019-06-12 18:42:55,684 INFO  server.RaftServerConfigKeys (ConfUtils.java:logGet(43)) - raft.server.log.segment.size.max = 16384 (custom)
2019-06-12 18:42:55,684 INFO  server.RaftServerConfigKeys (ConfUtils.java:logGet(43)) - raft.server.log.preallocated.size = 16384 (custom)
2019-06-12 18:42:55,685 INFO  server.RaftServerConfigKeys (ConfUtils.java:logGet(43)) - raft.server.log.write.buffer.size = 33554432 (custom)
2019-06-12 18:42:55,685 INFO  server.RaftServerConfigKeys (ConfUtils.java:logGet(43)) - raft.server.log.force.sync.num = 128 (default)
2019-06-12 18:42:55,685 INFO  server.RaftServerConfigKeys (ConfUtils.java:logGet(43)) - raft.server.log.statemachine.data.sync = true (default)
2019-06-12 18:42:55,685 INFO  server.RaftServerConfigKeys (ConfUtils.java:logGet(43)) - raft.server.log.statemachine.data.sync.timeout = 10s (default)
2019-06-12 18:42:55,685 INFO  server.RaftServerConfigKeys (ConfUtils.java:logGet(43)) - raft.server.log.statemachine.data.sync.timeout.retry = -1 (default)
2019-06-12 18:42:55,685 INFO  server.RaftServerConfigKeys (ConfUtils.java:logGet(43)) - raft.server.log.statemachine.data.caching.enabled = true (custom)
2019-06-12 18:42:55,684 INFO  server.RaftServerConfigKeys (ConfUtils.java:logGet(43)) - raft.server.log.use.memory = false (default)
2019-06-12 18:42:55,685 INFO  server.RaftServerConfigKeys (ConfUtils.java:logGet(43)) - raft.server.snapshot.auto.trigger.enabled = true (custom)
2019-06-12 18:42:55,684 INFO  server.RaftServerConfigKeys (ConfUtils.java:logGet(43)) - raft.server.log.statemachine.data.caching.enabled = true (custom)
2019-06-12 18:42:55,685 INFO  server.RaftServerConfigKeys (ConfUtils.java:logGet(43)) - raft.server.snapshot.auto.trigger.threshold = 10000 (custom)
2019-06-12 18:42:55,685 INFO  server.RaftServerConfigKeys (ConfUtils.java:logGet(43)) - raft.server.log.appender.buffer.byte-limit = 33554432 (custom)
2019-06-12 18:42:55,686 INFO  server.RaftServerConfigKeys (ConfUtils.java:logGet(43)) - raft.server.log.segment.size.max = 16384 (custom)
2019-06-12 18:42:55,686 INFO  server.RaftServerConfigKeys (ConfUtils.java:logGet(43)) - raft.server.log.segment.cache.num.max = 2 (custom)
2019-06-12 18:42:55,686 INFO  storage.RaftLogWorker (RaftLogWorker.java:<init>(123)) - new 39ce5b5f-b876-4b97-830c-49c335b4aedf-RaftLogWorker for Storage Directory /opt/src/hadoop-ozone/integration-test/target/test-dir/MiniOzoneClusterImpl-31cd421d-7316-4e57-af3b-d38f3d11e3aa/datanode-1/data/ratis/85a9f7ca-fbbe-4fb9-ac17-2705328c80eb
2019-06-12 18:42:55,686 INFO  server.RaftServerConfigKeys (ConfUtils.java:logGet(43)) - raft.server.log.queue.byte-limit = 2147483647 (custom)
2019-06-12 18:42:55,686 INFO  server.RaftServerConfigKeys (ConfUtils.java:logGet(43)) - raft.server.log.queue.element-limit = 1024 (custom)
2019-06-12 18:42:55,686 INFO  server.RaftServerConfigKeys (ConfUtils.java:logGet(43)) - raft.server.log.segment.size.max = 16384 (custom)
2019-06-12 18:42:55,686 INFO  server.RaftServerConfigKeys (ConfUtils.java:logGet(43)) - raft.server.log.preallocated.size = 16384 (custom)
2019-06-12 18:42:55,686 INFO  server.RaftServerConfigKeys (ConfUtils.java:logGet(43)) - raft.server.log.write.buffer.size = 33554432 (custom)
2019-06-12 18:42:55,686 INFO  server.RaftServerConfigKeys (ConfUtils.java:logGet(43)) - raft.server.log.force.sync.num = 128 (default)
2019-06-12 18:42:55,686 INFO  server.RaftServerConfigKeys (ConfUtils.java:logGet(43)) - raft.server.log.statemachine.data.sync = true (default)
2019-06-12 18:42:55,686 INFO  server.RaftServerConfigKeys (ConfUtils.java:logGet(43)) - raft.server.log.statemachine.data.sync.timeout = 10s (default)
2019-06-12 18:42:55,687 INFO  server.RaftServerConfigKeys (ConfUtils.java:logGet(43)) - raft.server.log.statemachine.data.sync.timeout.retry = -1 (default)
2019-06-12 18:42:55,689 INFO  server.RaftServerConfigKeys (ConfUtils.java:logGet(43)) - raft.server.log.statemachine.data.caching.enabled = true (custom)
2019-06-12 18:42:55,689 INFO  server.RaftServerConfigKeys (ConfUtils.java:logGet(43)) - raft.server.snapshot.auto.trigger.enabled = true (custom)
2019-06-12 18:42:55,690 INFO  server.RaftServerConfigKeys (ConfUtils.java:logGet(43)) - raft.server.snapshot.auto.trigger.threshold = 10000 (custom)
2019-06-12 18:42:55,690 INFO  server.RaftServerConfigKeys (ConfUtils.java:logGet(43)) - raft.server.snapshot.auto.trigger.enabled = true (custom)
2019-06-12 18:42:55,689 INFO  server.RaftServerConfigKeys (ConfUtils.java:logGet(43)) - raft.server.retrycache.expirytime = 600000ms (custom)
2019-06-12 18:42:55,690 INFO  server.RaftServerConfigKeys (ConfUtils.java:logGet(43)) - raft.server.snapshot.auto.trigger.threshold = 10000 (custom)
2019-06-12 18:42:55,690 INFO  server.RaftServerConfigKeys (ConfUtils.java:logGet(43)) - raft.server.retrycache.expirytime = 600000ms (custom)
2019-06-12 18:42:55,690 INFO  impl.RaftServerImpl (RaftServerImpl.java:start(173)) - 6fb63815-7193-4564-a38d-79e98743aa59: start group-2705328C80EB
2019-06-12 18:42:55,690 INFO  impl.RaftServerImpl (RaftServerImpl.java:start(173)) - 93688f0e-f527-445d-a53b-82811601bf5e: start group-2705328C80EB
2019-06-12 18:42:55,690 INFO  impl.RaftServerImpl (RaftServerImpl.java:setRole(164)) - 6fb63815-7193-4564-a38d-79e98743aa59:group-2705328C80EB changes role from null to FOLLOWER at term 0 for startAsFollower
2019-06-12 18:42:55,690 INFO  impl.RaftServerImpl (RaftServerImpl.java:setRole(164)) - 93688f0e-f527-445d-a53b-82811601bf5e:group-2705328C80EB changes role from null to FOLLOWER at term 0 for startAsFollower
2019-06-12 18:42:55,690 INFO  impl.RoleInfo (RoleInfo.java:updateAndGet(143)) - 6fb63815-7193-4564-a38d-79e98743aa59: start FollowerState
2019-06-12 18:42:55,690 INFO  impl.RoleInfo (RoleInfo.java:updateAndGet(143)) - 93688f0e-f527-445d-a53b-82811601bf5e: start FollowerState
2019-06-12 18:42:55,691 INFO  server.RaftServerConfigKeys (ConfUtils.java:logGet(43)) - raft.server.retrycache.expirytime = 600000ms (custom)
2019-06-12 18:42:55,691 INFO  impl.RaftServerImpl (RaftServerImpl.java:start(173)) - 39ce5b5f-b876-4b97-830c-49c335b4aedf: start group-2705328C80EB
2019-06-12 18:42:55,691 INFO  util.JmxRegister (JmxRegister.java:tryRegister(44)) - Successfully registered JMX Bean with object name Ratis:service=RaftServer,group=group-2705328C80EB,id=6fb63815-7193-4564-a38d-79e98743aa59
2019-06-12 18:42:55,691 INFO  impl.RaftServerImpl (RaftServerImpl.java:setRole(164)) - 39ce5b5f-b876-4b97-830c-49c335b4aedf:group-2705328C80EB changes role from null to FOLLOWER at term 0 for startAsFollower
2019-06-12 18:42:55,691 INFO  impl.RoleInfo (RoleInfo.java:updateAndGet(143)) - 39ce5b5f-b876-4b97-830c-49c335b4aedf: start FollowerState
2019-06-12 18:42:55,691 INFO  util.JmxRegister (JmxRegister.java:tryRegister(44)) - Successfully registered JMX Bean with object name Ratis:service=RaftServer,group=group-2705328C80EB,id=93688f0e-f527-445d-a53b-82811601bf5e
2019-06-12 18:42:55,691 INFO  util.JmxRegister (JmxRegister.java:tryRegister(44)) - Successfully registered JMX Bean with object name Ratis:service=RaftServer,group=group-2705328C80EB,id=39ce5b5f-b876-4b97-830c-49c335b4aedf
2019-06-12 18:42:55,716 INFO  pipeline.PipelineStateManager (PipelineStateManager.java:addPipeline(56)) - Created pipeline Pipeline[ Id: 85a9f7ca-fbbe-4fb9-ac17-2705328c80eb, Nodes: 39ce5b5f-b876-4b97-830c-49c335b4aedf{ip: 192.168.46.15, host: ozone-hw5hf-1599250011, networkLocation: /default-rack, certSerialId: null}93688f0e-f527-445d-a53b-82811601bf5e{ip: 192.168.46.15, host: ozone-hw5hf-1599250011, networkLocation: /default-rack, certSerialId: null}6fb63815-7193-4564-a38d-79e98743aa59{ip: 192.168.46.15, host: ozone-hw5hf-1599250011, networkLocation: /default-rack, certSerialId: null}, Type:RATIS, Factor:THREE, State:OPEN]
2019-06-12 18:42:55,742 INFO  node.SCMNodeManager (SCMNodeManager.java:register(234)) - Registered Data node : cc03ba94-93cb-4b14-a61f-d0b0ecb55f50{ip: 192.168.46.15, host: ozone-hw5hf-1599250011, networkLocation: /default-rack, certSerialId: null}
2019-06-12 18:42:55,753 INFO  impl.RaftServerProxy (RaftServerProxy.java:addNew(89)) - cc03ba94-93cb-4b14-a61f-d0b0ecb55f50: addNew group-D1E4C6537DB5:[cc03ba94-93cb-4b14-a61f-d0b0ecb55f50:192.168.46.15:46431] returns group-D1E4C6537DB5:java.util.concurrent.CompletableFuture@50160ffc[Not completed]
2019-06-12 18:42:55,754 INFO  impl.RaftServerImpl (RaftServerImpl.java:<init>(91)) - cc03ba94-93cb-4b14-a61f-d0b0ecb55f50: new RaftServerImpl for group-D1E4C6537DB5:[cc03ba94-93cb-4b14-a61f-d0b0ecb55f50:192.168.46.15:46431] with ContainerStateMachine:uninitialized
2019-06-12 18:42:55,754 INFO  server.RaftServerConfigKeys (ConfUtils.java:logGet(43)) - raft.server.rpc.timeout.min = 1s (custom)
2019-06-12 18:42:55,754 INFO  server.RaftServerConfigKeys (ConfUtils.java:logGet(43)) - raft.server.rpc.timeout.max = 1200ms (custom)
2019-06-12 18:42:55,754 INFO  server.RaftServerConfigKeys (ConfUtils.java:logGet(43)) - raft.server.rpcslowness.timeout = 10s (custom)
2019-06-12 18:42:55,755 INFO  server.RaftServerConfigKeys (ConfUtils.java:logGet(43)) - raft.server.log.appender.install.snapshot.enabled = true (default)
2019-06-12 18:42:55,755 INFO  impl.RaftServerImpl (ServerState.java:<init>(101)) - cc03ba94-93cb-4b14-a61f-d0b0ecb55f50:group-D1E4C6537DB5 ConfigurationManager, init=-1: [cc03ba94-93cb-4b14-a61f-d0b0ecb55f50:192.168.46.15:46431], old=null, confs=<EMPTY_MAP>
2019-06-12 18:42:55,755 INFO  server.RaftServerConfigKeys (ConfUtils.java:logGet(43)) - raft.server.storage.dir = [/opt/src/hadoop-ozone/integration-test/target/test-dir/MiniOzoneClusterImpl-31cd421d-7316-4e57-af3b-d38f3d11e3aa/datanode-4/data/ratis] (custom)
2019-06-12 18:42:55,755 INFO  storage.RaftStorageDirectory (RaftStorageDirectory.java:analyzeStorage(246)) - The storage directory /opt/src/hadoop-ozone/integration-test/target/test-dir/MiniOzoneClusterImpl-31cd421d-7316-4e57-af3b-d38f3d11e3aa/datanode-4/data/ratis/3fd2dbf9-6513-4e11-a63b-d1e4c6537db5 does not exist. Creating ...
2019-06-12 18:42:55,757 INFO  storage.RaftStorageDirectory (RaftStorageDirectory.java:tryLock(328)) - Lock on /opt/src/hadoop-ozone/integration-test/target/test-dir/MiniOzoneClusterImpl-31cd421d-7316-4e57-af3b-d38f3d11e3aa/datanode-4/data/ratis/3fd2dbf9-6513-4e11-a63b-d1e4c6537db5/in_use.lock acquired by nodename 10165@ozone-hw5hf-1599250011
2019-06-12 18:42:55,759 INFO  storage.RaftStorage (RaftStorage.java:format(75)) - Storage directory /opt/src/hadoop-ozone/integration-test/target/test-dir/MiniOzoneClusterImpl-31cd421d-7316-4e57-af3b-d38f3d11e3aa/datanode-4/data/ratis/3fd2dbf9-6513-4e11-a63b-d1e4c6537db5 has been successfully formatted.
2019-06-12 18:42:55,759 INFO  ratis.ContainerStateMachine (ContainerStateMachine.java:loadSnapshot(199)) - The snapshot info is null.Setting the last applied index to:(t:0, i:~)
2019-06-12 18:42:55,759 INFO  server.RaftServerConfigKeys (ConfUtils.java:logGet(43)) - raft.server.leader.election.timeout = 10s (custom)
2019-06-12 18:42:55,759 INFO  server.RaftServerConfigKeys (ConfUtils.java:logGet(43)) - raft.server.log.use.memory = false (default)
2019-06-12 18:42:55,759 INFO  server.RaftServerConfigKeys (ConfUtils.java:logGet(43)) - raft.server.log.appender.buffer.byte-limit = 33554432 (custom)
2019-06-12 18:42:55,759 INFO  server.RaftServerConfigKeys (ConfUtils.java:logGet(43)) - raft.server.log.segment.size.max = 16384 (custom)
2019-06-12 18:42:55,759 INFO  server.RaftServerConfigKeys (ConfUtils.java:logGet(43)) - raft.server.log.segment.cache.num.max = 2 (custom)
2019-06-12 18:42:55,760 INFO  storage.RaftLogWorker (RaftLogWorker.java:<init>(123)) - new cc03ba94-93cb-4b14-a61f-d0b0ecb55f50-RaftLogWorker for Storage Directory /opt/src/hadoop-ozone/integration-test/target/test-dir/MiniOzoneClusterImpl-31cd421d-7316-4e57-af3b-d38f3d11e3aa/datanode-4/data/ratis/3fd2dbf9-6513-4e11-a63b-d1e4c6537db5
2019-06-12 18:42:55,760 INFO  server.RaftServerConfigKeys (ConfUtils.java:logGet(43)) - raft.server.log.queue.byte-limit = 2147483647 (custom)
2019-06-12 18:42:55,760 INFO  server.RaftServerConfigKeys (ConfUtils.java:logGet(43)) - raft.server.log.queue.element-limit = 1024 (custom)
2019-06-12 18:42:55,760 INFO  server.RaftServerConfigKeys (ConfUtils.java:logGet(43)) - raft.server.log.segment.size.max = 16384 (custom)
2019-06-12 18:42:55,760 INFO  server.RaftServerConfigKeys (ConfUtils.java:logGet(43)) - raft.server.log.preallocated.size = 16384 (custom)
2019-06-12 18:42:55,760 INFO  server.RaftServerConfigKeys (ConfUtils.java:logGet(43)) - raft.server.log.write.buffer.size = 33554432 (custom)
2019-06-12 18:42:55,760 INFO  server.RaftServerConfigKeys (ConfUtils.java:logGet(43)) - raft.server.log.force.sync.num = 128 (default)
2019-06-12 18:42:55,760 INFO  server.RaftServerConfigKeys (ConfUtils.java:logGet(43)) - raft.server.log.statemachine.data.sync = true (default)
2019-06-12 18:42:55,760 INFO  server.RaftServerConfigKeys (ConfUtils.java:logGet(43)) - raft.server.log.statemachine.data.sync.timeout = 10s (default)
2019-06-12 18:42:55,760 INFO  server.RaftServerConfigKeys (ConfUtils.java:logGet(43)) - raft.server.log.statemachine.data.sync.timeout.retry = -1 (default)
2019-06-12 18:42:55,761 INFO  server.RaftServerConfigKeys (ConfUtils.java:logGet(43)) - raft.server.log.statemachine.data.caching.enabled = true (custom)
2019-06-12 18:42:55,761 INFO  server.RaftServerConfigKeys (ConfUtils.java:logGet(43)) - raft.server.snapshot.auto.trigger.enabled = true (custom)
2019-06-12 18:42:55,761 INFO  server.RaftServerConfigKeys (ConfUtils.java:logGet(43)) - raft.server.snapshot.auto.trigger.threshold = 10000 (custom)
2019-06-12 18:42:55,761 INFO  server.RaftServerConfigKeys (ConfUtils.java:logGet(43)) - raft.server.retrycache.expirytime = 600000ms (custom)
2019-06-12 18:42:55,761 INFO  impl.RaftServerImpl (RaftServerImpl.java:start(173)) - cc03ba94-93cb-4b14-a61f-d0b0ecb55f50: start group-D1E4C6537DB5
2019-06-12 18:42:55,761 INFO  impl.RaftServerImpl (RaftServerImpl.java:setRole(164)) - cc03ba94-93cb-4b14-a61f-d0b0ecb55f50:group-D1E4C6537DB5 changes role from null to FOLLOWER at term 0 for startAsFollower
2019-06-12 18:42:55,761 INFO  impl.RoleInfo (RoleInfo.java:updateAndGet(143)) - cc03ba94-93cb-4b14-a61f-d0b0ecb55f50: start FollowerState
2019-06-12 18:42:55,762 INFO  util.JmxRegister (JmxRegister.java:tryRegister(44)) - Successfully registered JMX Bean with object name Ratis:service=RaftServer,group=group-D1E4C6537DB5,id=cc03ba94-93cb-4b14-a61f-d0b0ecb55f50
2019-06-12 18:42:55,766 INFO  pipeline.PipelineStateManager (PipelineStateManager.java:addPipeline(56)) - Created pipeline Pipeline[ Id: 3fd2dbf9-6513-4e11-a63b-d1e4c6537db5, Nodes: cc03ba94-93cb-4b14-a61f-d0b0ecb55f50{ip: 192.168.46.15, host: ozone-hw5hf-1599250011, networkLocation: /default-rack, certSerialId: null}, Type:RATIS, Factor:ONE, State:OPEN]
2019-06-12 18:42:55,941 INFO  ozone.MiniOzoneClusterImpl (MiniOzoneClusterImpl.java:lambda$waitForClusterToBeReady$0(142)) - Waiting for cluster to be ready. Got 5 of 6 DN Heartbeats.
2019-06-12 18:42:55,947 INFO  node.SCMNodeManager (SCMNodeManager.java:register(234)) - Registered Data node : d654e74f-d05f-4386-8ccf-c0fa0a209ef5{ip: 192.168.46.15, host: ozone-hw5hf-1599250011, networkLocation: /default-rack, certSerialId: null}
2019-06-12 18:42:55,957 INFO  impl.RaftServerProxy (RaftServerProxy.java:addNew(89)) - d654e74f-d05f-4386-8ccf-c0fa0a209ef5: addNew group-BB7C63A88EEF:[d654e74f-d05f-4386-8ccf-c0fa0a209ef5:192.168.46.15:42793] returns group-BB7C63A88EEF:java.util.concurrent.CompletableFuture@11fb5a23[Not completed]
2019-06-12 18:42:55,958 INFO  impl.RaftServerImpl (RaftServerImpl.java:<init>(91)) - d654e74f-d05f-4386-8ccf-c0fa0a209ef5: new RaftServerImpl for group-BB7C63A88EEF:[d654e74f-d05f-4386-8ccf-c0fa0a209ef5:192.168.46.15:42793] with ContainerStateMachine:uninitialized
2019-06-12 18:42:55,958 INFO  server.RaftServerConfigKeys (ConfUtils.java:logGet(43)) - raft.server.rpc.timeout.min = 1s (custom)
2019-06-12 18:42:55,958 INFO  server.RaftServerConfigKeys (ConfUtils.java:logGet(43)) - raft.server.rpc.timeout.max = 1200ms (custom)
2019-06-12 18:42:55,958 INFO  server.RaftServerConfigKeys (ConfUtils.java:logGet(43)) - raft.server.rpcslowness.timeout = 10s (custom)
2019-06-12 18:42:55,958 INFO  server.RaftServerConfigKeys (ConfUtils.java:logGet(43)) - raft.server.log.appender.install.snapshot.enabled = true (default)
2019-06-12 18:42:55,958 INFO  impl.RaftServerImpl (ServerState.java:<init>(101)) - d654e74f-d05f-4386-8ccf-c0fa0a209ef5:group-BB7C63A88EEF ConfigurationManager, init=-1: [d654e74f-d05f-4386-8ccf-c0fa0a209ef5:192.168.46.15:42793], old=null, confs=<EMPTY_MAP>
2019-06-12 18:42:55,958 INFO  server.RaftServerConfigKeys (ConfUtils.java:logGet(43)) - raft.server.storage.dir = [/opt/src/hadoop-ozone/integration-test/target/test-dir/MiniOzoneClusterImpl-31cd421d-7316-4e57-af3b-d38f3d11e3aa/datanode-5/data/ratis] (custom)
2019-06-12 18:42:55,958 INFO  storage.RaftStorageDirectory (RaftStorageDirectory.java:analyzeStorage(246)) - The storage directory /opt/src/hadoop-ozone/integration-test/target/test-dir/MiniOzoneClusterImpl-31cd421d-7316-4e57-af3b-d38f3d11e3aa/datanode-5/data/ratis/46972719-10d3-4dbd-ba29-bb7c63a88eef does not exist. Creating ...
2019-06-12 18:42:55,961 INFO  storage.RaftStorageDirectory (RaftStorageDirectory.java:tryLock(328)) - Lock on /opt/src/hadoop-ozone/integration-test/target/test-dir/MiniOzoneClusterImpl-31cd421d-7316-4e57-af3b-d38f3d11e3aa/datanode-5/data/ratis/46972719-10d3-4dbd-ba29-bb7c63a88eef/in_use.lock acquired by nodename 10165@ozone-hw5hf-1599250011
2019-06-12 18:42:55,963 INFO  storage.RaftStorage (RaftStorage.java:format(75)) - Storage directory /opt/src/hadoop-ozone/integration-test/target/test-dir/MiniOzoneClusterImpl-31cd421d-7316-4e57-af3b-d38f3d11e3aa/datanode-5/data/ratis/46972719-10d3-4dbd-ba29-bb7c63a88eef has been successfully formatted.
2019-06-12 18:42:55,963 INFO  ratis.ContainerStateMachine (ContainerStateMachine.java:loadSnapshot(199)) - The snapshot info is null.Setting the last applied index to:(t:0, i:~)
2019-06-12 18:42:55,963 INFO  server.RaftServerConfigKeys (ConfUtils.java:logGet(43)) - raft.server.leader.election.timeout = 10s (custom)
2019-06-12 18:42:55,963 INFO  server.RaftServerConfigKeys (ConfUtils.java:logGet(43)) - raft.server.log.use.memory = false (default)
2019-06-12 18:42:55,963 INFO  server.RaftServerConfigKeys (ConfUtils.java:logGet(43)) - raft.server.log.appender.buffer.byte-limit = 33554432 (custom)
2019-06-12 18:42:55,964 INFO  server.RaftServerConfigKeys (ConfUtils.java:logGet(43)) - raft.server.log.segment.size.max = 16384 (custom)
2019-06-12 18:42:55,964 INFO  server.RaftServerConfigKeys (ConfUtils.java:logGet(43)) - raft.server.log.segment.cache.num.max = 2 (custom)
2019-06-12 18:42:55,964 INFO  storage.RaftLogWorker (RaftLogWorker.java:<init>(123)) - new d654e74f-d05f-4386-8ccf-c0fa0a209ef5-RaftLogWorker for Storage Directory /opt/src/hadoop-ozone/integration-test/target/test-dir/MiniOzoneClusterImpl-31cd421d-7316-4e57-af3b-d38f3d11e3aa/datanode-5/data/ratis/46972719-10d3-4dbd-ba29-bb7c63a88eef
2019-06-12 18:42:55,964 INFO  server.RaftServerConfigKeys (ConfUtils.java:logGet(43)) - raft.server.log.queue.byte-limit = 2147483647 (custom)
2019-06-12 18:42:55,964 INFO  server.RaftServerConfigKeys (ConfUtils.java:logGet(43)) - raft.server.log.queue.element-limit = 1024 (custom)
2019-06-12 18:42:55,964 INFO  server.RaftServerConfigKeys (ConfUtils.java:logGet(43)) - raft.server.log.segment.size.max = 16384 (custom)
2019-06-12 18:42:55,964 INFO  server.RaftServerConfigKeys (ConfUtils.java:logGet(43)) - raft.server.log.preallocated.size = 16384 (custom)
2019-06-12 18:42:55,964 INFO  server.RaftServerConfigKeys (ConfUtils.java:logGet(43)) - raft.server.log.write.buffer.size = 33554432 (custom)
2019-06-12 18:42:55,964 INFO  server.RaftServerConfigKeys (ConfUtils.java:logGet(43)) - raft.server.log.force.sync.num = 128 (default)
2019-06-12 18:42:55,964 INFO  server.RaftServerConfigKeys (ConfUtils.java:logGet(43)) - raft.server.log.statemachine.data.sync = true (default)
2019-06-12 18:42:55,964 INFO  server.RaftServerConfigKeys (ConfUtils.java:logGet(43)) - raft.server.log.statemachine.data.sync.timeout = 10s (default)
2019-06-12 18:42:55,964 INFO  server.RaftServerConfigKeys (ConfUtils.java:logGet(43)) - raft.server.log.statemachine.data.sync.timeout.retry = -1 (default)
2019-06-12 18:42:55,964 INFO  server.RaftServerConfigKeys (ConfUtils.java:logGet(43)) - raft.server.log.statemachine.data.caching.enabled = true (custom)
2019-06-12 18:42:55,965 INFO  server.RaftServerConfigKeys (ConfUtils.java:logGet(43)) - raft.server.snapshot.auto.trigger.enabled = true (custom)
2019-06-12 18:42:55,965 INFO  server.RaftServerConfigKeys (ConfUtils.java:logGet(43)) - raft.server.snapshot.auto.trigger.threshold = 10000 (custom)
2019-06-12 18:42:55,965 INFO  server.RaftServerConfigKeys (ConfUtils.java:logGet(43)) - raft.server.retrycache.expirytime = 600000ms (custom)
2019-06-12 18:42:55,965 INFO  impl.RaftServerImpl (RaftServerImpl.java:start(173)) - d654e74f-d05f-4386-8ccf-c0fa0a209ef5: start group-BB7C63A88EEF
2019-06-12 18:42:55,965 INFO  impl.RaftServerImpl (RaftServerImpl.java:setRole(164)) - d654e74f-d05f-4386-8ccf-c0fa0a209ef5:group-BB7C63A88EEF changes role from null to FOLLOWER at term 0 for startAsFollower
2019-06-12 18:42:55,965 INFO  impl.RoleInfo (RoleInfo.java:updateAndGet(143)) - d654e74f-d05f-4386-8ccf-c0fa0a209ef5: start FollowerState
2019-06-12 18:42:55,966 INFO  util.JmxRegister (JmxRegister.java:tryRegister(44)) - Successfully registered JMX Bean with object name Ratis:service=RaftServer,group=group-BB7C63A88EEF,id=d654e74f-d05f-4386-8ccf-c0fa0a209ef5
2019-06-12 18:42:55,971 INFO  pipeline.PipelineStateManager (PipelineStateManager.java:addPipeline(56)) - Created pipeline Pipeline[ Id: 46972719-10d3-4dbd-ba29-bb7c63a88eef, Nodes: d654e74f-d05f-4386-8ccf-c0fa0a209ef5{ip: 192.168.46.15, host: ozone-hw5hf-1599250011, networkLocation: /default-rack, certSerialId: null}, Type:RATIS, Factor:ONE, State:OPEN]
2019-06-12 18:42:55,990 INFO  impl.RaftServerProxy (RaftServerProxy.java:addNew(89)) - cc03ba94-93cb-4b14-a61f-d0b0ecb55f50: addNew group-4B6F802DD289:[cc03ba94-93cb-4b14-a61f-d0b0ecb55f50:192.168.46.15:46431, a0fcf672-9fde-428c-87d7-b5820b2a630c:192.168.46.15:44105, d654e74f-d05f-4386-8ccf-c0fa0a209ef5:192.168.46.15:42793] returns group-4B6F802DD289:java.util.concurrent.CompletableFuture@6f32d5a7[Not completed]
2019-06-12 18:42:55,990 INFO  impl.RaftServerProxy (RaftServerProxy.java:addNew(89)) - a0fcf672-9fde-428c-87d7-b5820b2a630c: addNew group-4B6F802DD289:[cc03ba94-93cb-4b14-a61f-d0b0ecb55f50:192.168.46.15:46431, a0fcf672-9fde-428c-87d7-b5820b2a630c:192.168.46.15:44105, d654e74f-d05f-4386-8ccf-c0fa0a209ef5:192.168.46.15:42793] returns group-4B6F802DD289:java.util.concurrent.CompletableFuture@85d9de[Not completed]
2019-06-12 18:42:55,991 INFO  impl.RaftServerImpl (RaftServerImpl.java:<init>(91)) - cc03ba94-93cb-4b14-a61f-d0b0ecb55f50: new RaftServerImpl for group-4B6F802DD289:[cc03ba94-93cb-4b14-a61f-d0b0ecb55f50:192.168.46.15:46431, a0fcf672-9fde-428c-87d7-b5820b2a630c:192.168.46.15:44105, d654e74f-d05f-4386-8ccf-c0fa0a209ef5:192.168.46.15:42793] with ContainerStateMachine:uninitialized
2019-06-12 18:42:55,991 INFO  server.RaftServerConfigKeys (ConfUtils.java:logGet(43)) - raft.server.rpc.timeout.min = 1s (custom)
2019-06-12 18:42:55,991 INFO  server.RaftServerConfigKeys (ConfUtils.java:logGet(43)) - raft.server.rpc.timeout.max = 1200ms (custom)
2019-06-12 18:42:55,991 INFO  server.RaftServerConfigKeys (ConfUtils.java:logGet(43)) - raft.server.rpcslowness.timeout = 10s (custom)
2019-06-12 18:42:55,991 INFO  server.RaftServerConfigKeys (ConfUtils.java:logGet(43)) - raft.server.log.appender.install.snapshot.enabled = true (default)
2019-06-12 18:42:55,991 INFO  impl.RaftServerImpl (ServerState.java:<init>(101)) - cc03ba94-93cb-4b14-a61f-d0b0ecb55f50:group-4B6F802DD289 ConfigurationManager, init=-1: [cc03ba94-93cb-4b14-a61f-d0b0ecb55f50:192.168.46.15:46431, a0fcf672-9fde-428c-87d7-b5820b2a630c:192.168.46.15:44105, d654e74f-d05f-4386-8ccf-c0fa0a209ef5:192.168.46.15:42793], old=null, confs=<EMPTY_MAP>
2019-06-12 18:42:55,992 INFO  impl.RaftServerImpl (RaftServerImpl.java:<init>(91)) - d654e74f-d05f-4386-8ccf-c0fa0a209ef5: new RaftServerImpl for group-4B6F802DD289:[cc03ba94-93cb-4b14-a61f-d0b0ecb55f50:192.168.46.15:46431, a0fcf672-9fde-428c-87d7-b5820b2a630c:192.168.46.15:44105, d654e74f-d05f-4386-8ccf-c0fa0a209ef5:192.168.46.15:42793] with ContainerStateMachine:uninitialized
2019-06-12 18:42:55,992 INFO  server.RaftServerConfigKeys (ConfUtils.java:logGet(43)) - raft.server.rpc.timeout.min = 1s (custom)
2019-06-12 18:42:55,992 INFO  server.RaftServerConfigKeys (ConfUtils.java:logGet(43)) - raft.server.rpc.timeout.max = 1200ms (custom)
2019-06-12 18:42:55,992 INFO  server.RaftServerConfigKeys (ConfUtils.java:logGet(43)) - raft.server.rpcslowness.timeout = 10s (custom)
2019-06-12 18:42:55,992 INFO  impl.RaftServerImpl (RaftServerImpl.java:<init>(91)) - a0fcf672-9fde-428c-87d7-b5820b2a630c: new RaftServerImpl for group-4B6F802DD289:[cc03ba94-93cb-4b14-a61f-d0b0ecb55f50:192.168.46.15:46431, a0fcf672-9fde-428c-87d7-b5820b2a630c:192.168.46.15:44105, d654e74f-d05f-4386-8ccf-c0fa0a209ef5:192.168.46.15:42793] with ContainerStateMachine:uninitialized
2019-06-12 18:42:55,992 INFO  server.RaftServerConfigKeys (ConfUtils.java:logGet(43)) - raft.server.rpc.timeout.min = 1s (custom)
2019-06-12 18:42:55,992 INFO  server.RaftServerConfigKeys (ConfUtils.java:logGet(43)) - raft.server.rpc.timeout.max = 1200ms (custom)
2019-06-12 18:42:55,992 INFO  server.RaftServerConfigKeys (ConfUtils.java:logGet(43)) - raft.server.rpcslowness.timeout = 10s (custom)
2019-06-12 18:42:55,992 INFO  server.RaftServerConfigKeys (ConfUtils.java:logGet(43)) - raft.server.log.appender.install.snapshot.enabled = true (default)
2019-06-12 18:42:55,992 INFO  impl.RaftServerImpl (ServerState.java:<init>(101)) - a0fcf672-9fde-428c-87d7-b5820b2a630c:group-4B6F802DD289 ConfigurationManager, init=-1: [cc03ba94-93cb-4b14-a61f-d0b0ecb55f50:192.168.46.15:46431, a0fcf672-9fde-428c-87d7-b5820b2a630c:192.168.46.15:44105, d654e74f-d05f-4386-8ccf-c0fa0a209ef5:192.168.46.15:42793], old=null, confs=<EMPTY_MAP>
2019-06-12 18:42:55,992 INFO  server.RaftServerConfigKeys (ConfUtils.java:logGet(43)) - raft.server.storage.dir = [/opt/src/hadoop-ozone/integration-test/target/test-dir/MiniOzoneClusterImpl-31cd421d-7316-4e57-af3b-d38f3d11e3aa/datanode-2/data/ratis] (custom)
2019-06-12 18:42:55,993 INFO  storage.RaftStorageDirectory (RaftStorageDirectory.java:analyzeStorage(246)) - The storage directory /opt/src/hadoop-ozone/integration-test/target/test-dir/MiniOzoneClusterImpl-31cd421d-7316-4e57-af3b-d38f3d11e3aa/datanode-2/data/ratis/7a15df30-402c-443f-84bf-4b6f802dd289 does not exist. Creating ...
2019-06-12 18:42:55,995 INFO  storage.RaftStorageDirectory (RaftStorageDirectory.java:tryLock(328)) - Lock on /opt/src/hadoop-ozone/integration-test/target/test-dir/MiniOzoneClusterImpl-31cd421d-7316-4e57-af3b-d38f3d11e3aa/datanode-2/data/ratis/7a15df30-402c-443f-84bf-4b6f802dd289/in_use.lock acquired by nodename 10165@ozone-hw5hf-1599250011
2019-06-12 18:42:55,997 INFO  storage.RaftStorage (RaftStorage.java:format(75)) - Storage directory /opt/src/hadoop-ozone/integration-test/target/test-dir/MiniOzoneClusterImpl-31cd421d-7316-4e57-af3b-d38f3d11e3aa/datanode-2/data/ratis/7a15df30-402c-443f-84bf-4b6f802dd289 has been successfully formatted.
2019-06-12 18:42:55,997 INFO  ratis.ContainerStateMachine (ContainerStateMachine.java:loadSnapshot(199)) - The snapshot info is null.Setting the last applied index to:(t:0, i:~)
2019-06-12 18:42:55,997 INFO  server.RaftServerConfigKeys (ConfUtils.java:logGet(43)) - raft.server.leader.election.timeout = 10s (custom)
2019-06-12 18:42:55,997 INFO  server.RaftServerConfigKeys (ConfUtils.java:logGet(43)) - raft.server.log.use.memory = false (default)
2019-06-12 18:42:55,997 INFO  server.RaftServerConfigKeys (ConfUtils.java:logGet(43)) - raft.server.log.appender.buffer.byte-limit = 33554432 (custom)
2019-06-12 18:42:55,997 INFO  server.RaftServerConfigKeys (ConfUtils.java:logGet(43)) - raft.server.log.segment.size.max = 16384 (custom)
2019-06-12 18:42:55,997 INFO  server.RaftServerConfigKeys (ConfUtils.java:logGet(43)) - raft.server.log.segment.cache.num.max = 2 (custom)
2019-06-12 18:42:55,990 INFO  impl.RaftServerProxy (RaftServerProxy.java:addNew(89)) - d654e74f-d05f-4386-8ccf-c0fa0a209ef5: addNew group-4B6F802DD289:[cc03ba94-93cb-4b14-a61f-d0b0ecb55f50:192.168.46.15:46431, a0fcf672-9fde-428c-87d7-b5820b2a630c:192.168.46.15:44105, d654e74f-d05f-4386-8ccf-c0fa0a209ef5:192.168.46.15:42793] returns group-4B6F802DD289:java.util.concurrent.CompletableFuture@7cb2e0ce[Not completed]
2019-06-12 18:42:55,997 INFO  storage.RaftLogWorker (RaftLogWorker.java:<init>(123)) - new a0fcf672-9fde-428c-87d7-b5820b2a630c-RaftLogWorker for Storage Directory /opt/src/hadoop-ozone/integration-test/target/test-dir/MiniOzoneClusterImpl-31cd421d-7316-4e57-af3b-d38f3d11e3aa/datanode-2/data/ratis/7a15df30-402c-443f-84bf-4b6f802dd289
2019-06-12 18:42:55,992 INFO  server.RaftServerConfigKeys (ConfUtils.java:logGet(43)) - raft.server.log.appender.install.snapshot.enabled = true (default)
2019-06-12 18:42:55,992 INFO  server.RaftServerConfigKeys (ConfUtils.java:logGet(43)) - raft.server.storage.dir = [/opt/src/hadoop-ozone/integration-test/target/test-dir/MiniOzoneClusterImpl-31cd421d-7316-4e57-af3b-d38f3d11e3aa/datanode-4/data/ratis] (custom)
2019-06-12 18:42:55,998 INFO  storage.RaftStorageDirectory (RaftStorageDirectory.java:analyzeStorage(246)) - The storage directory /opt/src/hadoop-ozone/integration-test/target/test-dir/MiniOzoneClusterImpl-31cd421d-7316-4e57-af3b-d38f3d11e3aa/datanode-4/data/ratis/7a15df30-402c-443f-84bf-4b6f802dd289 does not exist. Creating ...
2019-06-12 18:42:55,998 INFO  impl.RaftServerImpl (ServerState.java:<init>(101)) - d654e74f-d05f-4386-8ccf-c0fa0a209ef5:group-4B6F802DD289 ConfigurationManager, init=-1: [cc03ba94-93cb-4b14-a61f-d0b0ecb55f50:192.168.46.15:46431, a0fcf672-9fde-428c-87d7-b5820b2a630c:192.168.46.15:44105, d654e74f-d05f-4386-8ccf-c0fa0a209ef5:192.168.46.15:42793], old=null, confs=<EMPTY_MAP>
2019-06-12 18:42:55,998 INFO  server.RaftServerConfigKeys (ConfUtils.java:logGet(43)) - raft.server.log.queue.byte-limit = 2147483647 (custom)
2019-06-12 18:42:55,998 INFO  server.RaftServerConfigKeys (ConfUtils.java:logGet(43)) - raft.server.storage.dir = [/opt/src/hadoop-ozone/integration-test/target/test-dir/MiniOzoneClusterImpl-31cd421d-7316-4e57-af3b-d38f3d11e3aa/datanode-5/data/ratis] (custom)
2019-06-12 18:42:55,998 INFO  server.RaftServerConfigKeys (ConfUtils.java:logGet(43)) - raft.server.log.queue.element-limit = 1024 (custom)
2019-06-12 18:42:55,999 INFO  server.RaftServerConfigKeys (ConfUtils.java:logGet(43)) - raft.server.log.segment.size.max = 16384 (custom)
2019-06-12 18:42:55,999 INFO  storage.RaftStorageDirectory (RaftStorageDirectory.java:analyzeStorage(246)) - The storage directory /opt/src/hadoop-ozone/integration-test/target/test-dir/MiniOzoneClusterImpl-31cd421d-7316-4e57-af3b-d38f3d11e3aa/datanode-5/data/ratis/7a15df30-402c-443f-84bf-4b6f802dd289 does not exist. Creating ...
2019-06-12 18:42:55,999 INFO  server.RaftServerConfigKeys (ConfUtils.java:logGet(43)) - raft.server.log.preallocated.size = 16384 (custom)
2019-06-12 18:42:55,999 INFO  server.RaftServerConfigKeys (ConfUtils.java:logGet(43)) - raft.server.log.write.buffer.size = 33554432 (custom)
2019-06-12 18:42:55,999 INFO  server.RaftServerConfigKeys (ConfUtils.java:logGet(43)) - raft.server.log.force.sync.num = 128 (default)
2019-06-12 18:42:55,999 INFO  server.RaftServerConfigKeys (ConfUtils.java:logGet(43)) - raft.server.log.statemachine.data.sync = true (default)
2019-06-12 18:42:55,999 INFO  server.RaftServerConfigKeys (ConfUtils.java:logGet(43)) - raft.server.log.statemachine.data.sync.timeout = 10s (default)
2019-06-12 18:42:55,999 INFO  server.RaftServerConfigKeys (ConfUtils.java:logGet(43)) - raft.server.log.statemachine.data.sync.timeout.retry = -1 (default)
2019-06-12 18:42:56,000 INFO  server.RaftServerConfigKeys (ConfUtils.java:logGet(43)) - raft.server.log.statemachine.data.caching.enabled = true (custom)
2019-06-12 18:42:56,000 INFO  storage.RaftStorageDirectory (RaftStorageDirectory.java:tryLock(328)) - Lock on /opt/src/hadoop-ozone/integration-test/target/test-dir/MiniOzoneClusterImpl-31cd421d-7316-4e57-af3b-d38f3d11e3aa/datanode-4/data/ratis/7a15df30-402c-443f-84bf-4b6f802dd289/in_use.lock acquired by nodename 10165@ozone-hw5hf-1599250011
2019-06-12 18:42:56,001 INFO  storage.RaftStorageDirectory (RaftStorageDirectory.java:tryLock(328)) - Lock on /opt/src/hadoop-ozone/integration-test/target/test-dir/MiniOzoneClusterImpl-31cd421d-7316-4e57-af3b-d38f3d11e3aa/datanode-5/data/ratis/7a15df30-402c-443f-84bf-4b6f802dd289/in_use.lock acquired by nodename 10165@ozone-hw5hf-1599250011
2019-06-12 18:42:56,001 INFO  server.RaftServerConfigKeys (ConfUtils.java:logGet(43)) - raft.server.snapshot.auto.trigger.enabled = true (custom)
2019-06-12 18:42:56,002 INFO  server.RaftServerConfigKeys (ConfUtils.java:logGet(43)) - raft.server.snapshot.auto.trigger.threshold = 10000 (custom)
2019-06-12 18:42:56,002 INFO  server.RaftServerConfigKeys (ConfUtils.java:logGet(43)) - raft.server.retrycache.expirytime = 600000ms (custom)
2019-06-12 18:42:56,002 INFO  impl.RaftServerImpl (RaftServerImpl.java:start(173)) - a0fcf672-9fde-428c-87d7-b5820b2a630c: start group-4B6F802DD289
2019-06-12 18:42:56,002 INFO  impl.RaftServerImpl (RaftServerImpl.java:setRole(164)) - a0fcf672-9fde-428c-87d7-b5820b2a630c:group-4B6F802DD289 changes role from null to FOLLOWER at term 0 for startAsFollower
2019-06-12 18:42:56,002 INFO  impl.RoleInfo (RoleInfo.java:updateAndGet(143)) - a0fcf672-9fde-428c-87d7-b5820b2a630c: start FollowerState
2019-06-12 18:42:56,002 INFO  util.JmxRegister (JmxRegister.java:tryRegister(44)) - Successfully registered JMX Bean with object name Ratis:service=RaftServer,group=group-4B6F802DD289,id=a0fcf672-9fde-428c-87d7-b5820b2a630c
2019-06-12 18:42:56,003 INFO  storage.RaftStorage (RaftStorage.java:format(75)) - Storage directory /opt/src/hadoop-ozone/integration-test/target/test-dir/MiniOzoneClusterImpl-31cd421d-7316-4e57-af3b-d38f3d11e3aa/datanode-4/data/ratis/7a15df30-402c-443f-84bf-4b6f802dd289 has been successfully formatted.
2019-06-12 18:42:56,003 INFO  ratis.ContainerStateMachine (ContainerStateMachine.java:loadSnapshot(199)) - The snapshot info is null.Setting the last applied index to:(t:0, i:~)
2019-06-12 18:42:56,003 INFO  server.RaftServerConfigKeys (ConfUtils.java:logGet(43)) - raft.server.leader.election.timeout = 10s (custom)
2019-06-12 18:42:56,003 INFO  server.RaftServerConfigKeys (ConfUtils.java:logGet(43)) - raft.server.log.use.memory = false (default)
2019-06-12 18:42:56,003 INFO  server.RaftServerConfigKeys (ConfUtils.java:logGet(43)) - raft.server.log.appender.buffer.byte-limit = 33554432 (custom)
2019-06-12 18:42:56,003 INFO  server.RaftServerConfigKeys (ConfUtils.java:logGet(43)) - raft.server.log.segment.size.max = 16384 (custom)
2019-06-12 18:42:56,003 INFO  server.RaftServerConfigKeys (ConfUtils.java:logGet(43)) - raft.server.log.segment.cache.num.max = 2 (custom)
2019-06-12 18:42:56,004 INFO  storage.RaftLogWorker (RaftLogWorker.java:<init>(123)) - new cc03ba94-93cb-4b14-a61f-d0b0ecb55f50-RaftLogWorker for Storage Directory /opt/src/hadoop-ozone/integration-test/target/test-dir/MiniOzoneClusterImpl-31cd421d-7316-4e57-af3b-d38f3d11e3aa/datanode-4/data/ratis/7a15df30-402c-443f-84bf-4b6f802dd289
2019-06-12 18:42:56,004 INFO  server.RaftServerConfigKeys (ConfUtils.java:logGet(43)) - raft.server.log.queue.byte-limit = 2147483647 (custom)
2019-06-12 18:42:56,004 INFO  server.RaftServerConfigKeys (ConfUtils.java:logGet(43)) - raft.server.log.queue.element-limit = 1024 (custom)
2019-06-12 18:42:56,004 INFO  server.RaftServerConfigKeys (ConfUtils.java:logGet(43)) - raft.server.log.segment.size.max = 16384 (custom)
2019-06-12 18:42:56,004 INFO  server.RaftServerConfigKeys (ConfUtils.java:logGet(43)) - raft.server.log.preallocated.size = 16384 (custom)
2019-06-12 18:42:56,004 INFO  server.RaftServerConfigKeys (ConfUtils.java:logGet(43)) - raft.server.log.write.buffer.size = 33554432 (custom)
2019-06-12 18:42:56,004 INFO  server.RaftServerConfigKeys (ConfUtils.java:logGet(43)) - raft.server.log.force.sync.num = 128 (default)
2019-06-12 18:42:56,004 INFO  storage.RaftStorage (RaftStorage.java:format(75)) - Storage directory /opt/src/hadoop-ozone/integration-test/target/test-dir/MiniOzoneClusterImpl-31cd421d-7316-4e57-af3b-d38f3d11e3aa/datanode-5/data/ratis/7a15df30-402c-443f-84bf-4b6f802dd289 has been successfully formatted.
2019-06-12 18:42:56,007 INFO  ratis.ContainerStateMachine (ContainerStateMachine.java:loadSnapshot(199)) - The snapshot info is null.Setting the last applied index to:(t:0, i:~)
2019-06-12 18:42:56,007 INFO  server.RaftServerConfigKeys (ConfUtils.java:logGet(43)) - raft.server.leader.election.timeout = 10s (custom)
2019-06-12 18:42:56,007 INFO  server.RaftServerConfigKeys (ConfUtils.java:logGet(43)) - raft.server.log.use.memory = false (default)
2019-06-12 18:42:56,007 INFO  server.RaftServerConfigKeys (ConfUtils.java:logGet(43)) - raft.server.log.appender.buffer.byte-limit = 33554432 (custom)
2019-06-12 18:42:56,007 INFO  server.RaftServerConfigKeys (ConfUtils.java:logGet(43)) - raft.server.log.segment.size.max = 16384 (custom)
2019-06-12 18:42:56,007 INFO  server.RaftServerConfigKeys (ConfUtils.java:logGet(43)) - raft.server.log.segment.cache.num.max = 2 (custom)
2019-06-12 18:42:56,004 INFO  server.RaftServerConfigKeys (ConfUtils.java:logGet(43)) - raft.server.log.statemachine.data.sync = true (default)
2019-06-12 18:42:56,008 INFO  storage.RaftLogWorker (RaftLogWorker.java:<init>(123)) - new d654e74f-d05f-4386-8ccf-c0fa0a209ef5-RaftLogWorker for Storage Directory /opt/src/hadoop-ozone/integration-test/target/test-dir/MiniOzoneClusterImpl-31cd421d-7316-4e57-af3b-d38f3d11e3aa/datanode-5/data/ratis/7a15df30-402c-443f-84bf-4b6f802dd289
2019-06-12 18:42:56,009 INFO  server.RaftServerConfigKeys (ConfUtils.java:logGet(43)) - raft.server.log.queue.byte-limit = 2147483647 (custom)
2019-06-12 18:42:56,009 INFO  server.RaftServerConfigKeys (ConfUtils.java:logGet(43)) - raft.server.log.queue.element-limit = 1024 (custom)
2019-06-12 18:42:56,009 INFO  server.RaftServerConfigKeys (ConfUtils.java:logGet(43)) - raft.server.log.segment.size.max = 16384 (custom)
2019-06-12 18:42:56,009 INFO  server.RaftServerConfigKeys (ConfUtils.java:logGet(43)) - raft.server.log.preallocated.size = 16384 (custom)
2019-06-12 18:42:56,009 INFO  server.RaftServerConfigKeys (ConfUtils.java:logGet(43)) - raft.server.log.write.buffer.size = 33554432 (custom)
2019-06-12 18:42:56,009 INFO  server.RaftServerConfigKeys (ConfUtils.java:logGet(43)) - raft.server.log.force.sync.num = 128 (default)
2019-06-12 18:42:56,009 INFO  server.RaftServerConfigKeys (ConfUtils.java:logGet(43)) - raft.server.log.statemachine.data.sync.timeout = 10s (default)
2019-06-12 18:42:56,009 INFO  server.RaftServerConfigKeys (ConfUtils.java:logGet(43)) - raft.server.log.statemachine.data.sync = true (default)
2019-06-12 18:42:56,011 INFO  server.RaftServerConfigKeys (ConfUtils.java:logGet(43)) - raft.server.log.statemachine.data.sync.timeout = 10s (default)
2019-06-12 18:42:56,011 INFO  server.RaftServerConfigKeys (ConfUtils.java:logGet(43)) - raft.server.log.statemachine.data.sync.timeout.retry = -1 (default)
2019-06-12 18:42:56,011 INFO  server.RaftServerConfigKeys (ConfUtils.java:logGet(43)) - raft.server.log.statemachine.data.caching.enabled = true (custom)
2019-06-12 18:42:56,009 INFO  server.RaftServerConfigKeys (ConfUtils.java:logGet(43)) - raft.server.log.statemachine.data.sync.timeout.retry = -1 (default)
2019-06-12 18:42:56,013 INFO  server.RaftServerConfigKeys (ConfUtils.java:logGet(43)) - raft.server.snapshot.auto.trigger.enabled = true (custom)
2019-06-12 18:42:56,013 INFO  server.RaftServerConfigKeys (ConfUtils.java:logGet(43)) - raft.server.log.statemachine.data.caching.enabled = true (custom)
2019-06-12 18:42:56,014 INFO  server.RaftServerConfigKeys (ConfUtils.java:logGet(43)) - raft.server.snapshot.auto.trigger.threshold = 10000 (custom)
2019-06-12 18:42:56,014 INFO  server.RaftServerConfigKeys (ConfUtils.java:logGet(43)) - raft.server.retrycache.expirytime = 600000ms (custom)
2019-06-12 18:42:56,014 INFO  impl.RaftServerImpl (RaftServerImpl.java:start(173)) - d654e74f-d05f-4386-8ccf-c0fa0a209ef5: start group-4B6F802DD289
2019-06-12 18:42:56,014 INFO  impl.RaftServerImpl (RaftServerImpl.java:setRole(164)) - d654e74f-d05f-4386-8ccf-c0fa0a209ef5:group-4B6F802DD289 changes role from null to FOLLOWER at term 0 for startAsFollower
2019-06-12 18:42:56,017 INFO  impl.RoleInfo (RoleInfo.java:updateAndGet(143)) - d654e74f-d05f-4386-8ccf-c0fa0a209ef5: start FollowerState
2019-06-12 18:42:56,017 INFO  server.RaftServerConfigKeys (ConfUtils.java:logGet(43)) - raft.server.snapshot.auto.trigger.enabled = true (custom)
2019-06-12 18:42:56,018 INFO  server.RaftServerConfigKeys (ConfUtils.java:logGet(43)) - raft.server.snapshot.auto.trigger.threshold = 10000 (custom)
2019-06-12 18:42:56,018 INFO  util.JmxRegister (JmxRegister.java:tryRegister(44)) - Successfully registered JMX Bean with object name Ratis:service=RaftServer,group=group-4B6F802DD289,id=d654e74f-d05f-4386-8ccf-c0fa0a209ef5
2019-06-12 18:42:56,018 INFO  server.RaftServerConfigKeys (ConfUtils.java:logGet(43)) - raft.server.retrycache.expirytime = 600000ms (custom)
2019-06-12 18:42:56,018 INFO  impl.RaftServerImpl (RaftServerImpl.java:start(173)) - cc03ba94-93cb-4b14-a61f-d0b0ecb55f50: start group-4B6F802DD289
2019-06-12 18:42:56,018 INFO  impl.RaftServerImpl (RaftServerImpl.java:setRole(164)) - cc03ba94-93cb-4b14-a61f-d0b0ecb55f50:group-4B6F802DD289 changes role from null to FOLLOWER at term 0 for startAsFollower
2019-06-12 18:42:56,018 INFO  impl.RoleInfo (RoleInfo.java:updateAndGet(143)) - cc03ba94-93cb-4b14-a61f-d0b0ecb55f50: start FollowerState
2019-06-12 18:42:56,021 INFO  util.JmxRegister (JmxRegister.java:tryRegister(44)) - Successfully registered JMX Bean with object name Ratis:service=RaftServer,group=group-4B6F802DD289,id=cc03ba94-93cb-4b14-a61f-d0b0ecb55f50
2019-06-12 18:42:56,033 INFO  pipeline.PipelineStateManager (PipelineStateManager.java:addPipeline(56)) - Created pipeline Pipeline[ Id: 7a15df30-402c-443f-84bf-4b6f802dd289, Nodes: cc03ba94-93cb-4b14-a61f-d0b0ecb55f50{ip: 192.168.46.15, host: ozone-hw5hf-1599250011, networkLocation: /default-rack, certSerialId: null}d654e74f-d05f-4386-8ccf-c0fa0a209ef5{ip: 192.168.46.15, host: ozone-hw5hf-1599250011, networkLocation: /default-rack, certSerialId: null}a0fcf672-9fde-428c-87d7-b5820b2a630c{ip: 192.168.46.15, host: ozone-hw5hf-1599250011, networkLocation: /default-rack, certSerialId: null}, Type:RATIS, Factor:THREE, State:OPEN]
2019-06-12 18:42:56,540 INFO  impl.FollowerState (FollowerState.java:run(101)) - 93688f0e-f527-445d-a53b-82811601bf5e:group-5A383D350E29 changes to CANDIDATE, lastRpcTime:1077, electionTimeout:1077ms
2019-06-12 18:42:56,541 INFO  impl.RoleInfo (RoleInfo.java:shutdownFollowerState(121)) - 93688f0e-f527-445d-a53b-82811601bf5e: shutdown FollowerState
2019-06-12 18:42:56,541 INFO  impl.RaftServerImpl (RaftServerImpl.java:setRole(164)) - 93688f0e-f527-445d-a53b-82811601bf5e:group-5A383D350E29 changes role from FOLLOWER to CANDIDATE at term 0 for changeToCandidate
2019-06-12 18:42:56,542 INFO  impl.RoleInfo (RoleInfo.java:updateAndGet(143)) - 93688f0e-f527-445d-a53b-82811601bf5e: start LeaderElection
2019-06-12 18:42:56,548 INFO  impl.LeaderElection (LeaderElection.java:askForVotes(181)) - 93688f0e-f527-445d-a53b-82811601bf5e:group-5A383D350E29:LeaderElection1: begin an election at term 1 for -1: [93688f0e-f527-445d-a53b-82811601bf5e:192.168.46.15:37061], old=null
2019-06-12 18:42:56,550 INFO  impl.RoleInfo (RoleInfo.java:shutdownLeaderElection(134)) - 93688f0e-f527-445d-a53b-82811601bf5e: shutdown LeaderElection
2019-06-12 18:42:56,550 INFO  impl.RaftServerImpl (RaftServerImpl.java:setRole(164)) - 93688f0e-f527-445d-a53b-82811601bf5e:group-5A383D350E29 changes role from CANDIDATE to LEADER at term 1 for changeToLeader
2019-06-12 18:42:56,550 INFO  impl.RaftServerImpl (ServerState.java:setLeader(263)) - 93688f0e-f527-445d-a53b-82811601bf5e:group-5A383D350E29 change Leader from null to 93688f0e-f527-445d-a53b-82811601bf5e at term 1 for becomeLeader, leader elected after 1270ms
2019-06-12 18:42:56,554 INFO  server.RaftServerConfigKeys (ConfUtils.java:logGet(43)) - raft.server.staging.catchup.gap = 1000 (default)
2019-06-12 18:42:56,554 INFO  server.RaftServerConfigKeys (ConfUtils.java:logGet(43)) - raft.server.rpc.sleep.time = 25ms (default)
2019-06-12 18:42:56,556 INFO  server.RaftServerConfigKeys (ConfUtils.java:logGet(43)) - raft.server.watch.timeout = 10s (default)
2019-06-12 18:42:56,556 INFO  server.RaftServerConfigKeys (ConfUtils.java:logGet(43)) - raft.server.watch.timeout.denomination = 1s (default)
2019-06-12 18:42:56,561 INFO  impl.RoleInfo (RoleInfo.java:updateAndGet(143)) - 93688f0e-f527-445d-a53b-82811601bf5e: start LeaderState
2019-06-12 18:42:56,574 INFO  storage.RaftLogWorker (RaftLogWorker.java:startLogSegment(298)) - 93688f0e-f527-445d-a53b-82811601bf5e-RaftLogWorker: Starting segment from index:0
2019-06-12 18:42:56,586 INFO  impl.RaftServerImpl (ServerState.java:setRaftConf(361)) - 93688f0e-f527-445d-a53b-82811601bf5e:group-5A383D350E29 set configuration 0: [93688f0e-f527-445d-a53b-82811601bf5e:192.168.46.15:37061], old=null at 0
2019-06-12 18:42:56,620 INFO  impl.FollowerState (FollowerState.java:run(101)) - 39ce5b5f-b876-4b97-830c-49c335b4aedf:group-2C67BE828B58 changes to CANDIDATE, lastRpcTime:1086, electionTimeout:1085ms
2019-06-12 18:42:56,621 INFO  impl.RoleInfo (RoleInfo.java:shutdownFollowerState(121)) - 39ce5b5f-b876-4b97-830c-49c335b4aedf: shutdown FollowerState
2019-06-12 18:42:56,621 INFO  impl.RaftServerImpl (RaftServerImpl.java:setRole(164)) - 39ce5b5f-b876-4b97-830c-49c335b4aedf:group-2C67BE828B58 changes role from FOLLOWER to CANDIDATE at term 0 for changeToCandidate
2019-06-12 18:42:56,622 INFO  impl.RoleInfo (RoleInfo.java:updateAndGet(143)) - 39ce5b5f-b876-4b97-830c-49c335b4aedf: start LeaderElection
2019-06-12 18:42:56,624 INFO  impl.FollowerState (FollowerState.java:run(101)) - a0fcf672-9fde-428c-87d7-b5820b2a630c:group-28E05B348BAF changes to CANDIDATE, lastRpcTime:1029, electionTimeout:1029ms
2019-06-12 18:42:56,624 INFO  impl.RoleInfo (RoleInfo.java:shutdownFollowerState(121)) - a0fcf672-9fde-428c-87d7-b5820b2a630c: shutdown FollowerState
2019-06-12 18:42:56,624 INFO  impl.RaftServerImpl (RaftServerImpl.java:setRole(164)) - a0fcf672-9fde-428c-87d7-b5820b2a630c:group-28E05B348BAF changes role from FOLLOWER to CANDIDATE at term 0 for changeToCandidate
2019-06-12 18:42:56,624 INFO  impl.RoleInfo (RoleInfo.java:updateAndGet(143)) - a0fcf672-9fde-428c-87d7-b5820b2a630c: start LeaderElection
2019-06-12 18:42:56,627 INFO  impl.LeaderElection (LeaderElection.java:askForVotes(181)) - 39ce5b5f-b876-4b97-830c-49c335b4aedf:group-2C67BE828B58:LeaderElection2: begin an election at term 1 for -1: [39ce5b5f-b876-4b97-830c-49c335b4aedf:192.168.46.15:33081], old=null
2019-06-12 18:42:56,627 INFO  impl.RoleInfo (RoleInfo.java:shutdownLeaderElection(134)) - 39ce5b5f-b876-4b97-830c-49c335b4aedf: shutdown LeaderElection
2019-06-12 18:42:56,627 INFO  impl.RaftServerImpl (RaftServerImpl.java:setRole(164)) - 39ce5b5f-b876-4b97-830c-49c335b4aedf:group-2C67BE828B58 changes role from CANDIDATE to LEADER at term 1 for changeToLeader
2019-06-12 18:42:56,628 INFO  impl.RaftServerImpl (ServerState.java:setLeader(263)) - 39ce5b5f-b876-4b97-830c-49c335b4aedf:group-2C67BE828B58 change Leader from null to 39ce5b5f-b876-4b97-830c-49c335b4aedf at term 1 for becomeLeader, leader elected after 1097ms
2019-06-12 18:42:56,628 INFO  server.RaftServerConfigKeys (ConfUtils.java:logGet(43)) - raft.server.staging.catchup.gap = 1000 (default)
2019-06-12 18:42:56,628 INFO  server.RaftServerConfigKeys (ConfUtils.java:logGet(43)) - raft.server.rpc.sleep.time = 25ms (default)
2019-06-12 18:42:56,629 INFO  server.RaftServerConfigKeys (ConfUtils.java:logGet(43)) - raft.server.watch.timeout = 10s (default)
2019-06-12 18:42:56,629 INFO  server.RaftServerConfigKeys (ConfUtils.java:logGet(43)) - raft.server.watch.timeout.denomination = 1s (default)
2019-06-12 18:42:56,629 INFO  impl.RoleInfo (RoleInfo.java:updateAndGet(143)) - 39ce5b5f-b876-4b97-830c-49c335b4aedf: start LeaderState
2019-06-12 18:42:56,629 INFO  impl.LeaderElection (LeaderElection.java:askForVotes(181)) - a0fcf672-9fde-428c-87d7-b5820b2a630c:group-28E05B348BAF:LeaderElection3: begin an election at term 1 for -1: [a0fcf672-9fde-428c-87d7-b5820b2a630c:192.168.46.15:44105], old=null
2019-06-12 18:42:56,630 INFO  impl.RoleInfo (RoleInfo.java:shutdownLeaderElection(134)) - a0fcf672-9fde-428c-87d7-b5820b2a630c: shutdown LeaderElection
2019-06-12 18:42:56,630 INFO  impl.RaftServerImpl (RaftServerImpl.java:setRole(164)) - a0fcf672-9fde-428c-87d7-b5820b2a630c:group-28E05B348BAF changes role from CANDIDATE to LEADER at term 1 for changeToLeader
2019-06-12 18:42:56,630 INFO  storage.RaftLogWorker (RaftLogWorker.java:startLogSegment(298)) - 39ce5b5f-b876-4b97-830c-49c335b4aedf-RaftLogWorker: Starting segment from index:0
2019-06-12 18:42:56,630 INFO  impl.RaftServerImpl (ServerState.java:setLeader(263)) - a0fcf672-9fde-428c-87d7-b5820b2a630c:group-28E05B348BAF change Leader from null to a0fcf672-9fde-428c-87d7-b5820b2a630c at term 1 for becomeLeader, leader elected after 1037ms
2019-06-12 18:42:56,631 INFO  server.RaftServerConfigKeys (ConfUtils.java:logGet(43)) - raft.server.staging.catchup.gap = 1000 (default)
2019-06-12 18:42:56,631 INFO  impl.RaftServerImpl (ServerState.java:setRaftConf(361)) - 39ce5b5f-b876-4b97-830c-49c335b4aedf:group-2C67BE828B58 set configuration 0: [39ce5b5f-b876-4b97-830c-49c335b4aedf:192.168.46.15:33081], old=null at 0
2019-06-12 18:42:56,631 INFO  server.RaftServerConfigKeys (ConfUtils.java:logGet(43)) - raft.server.rpc.sleep.time = 25ms (default)
2019-06-12 18:42:56,632 INFO  server.RaftServerConfigKeys (ConfUtils.java:logGet(43)) - raft.server.watch.timeout = 10s (default)
2019-06-12 18:42:56,632 INFO  server.RaftServerConfigKeys (ConfUtils.java:logGet(43)) - raft.server.watch.timeout.denomination = 1s (default)
2019-06-12 18:42:56,632 INFO  impl.RoleInfo (RoleInfo.java:updateAndGet(143)) - a0fcf672-9fde-428c-87d7-b5820b2a630c: start LeaderState
2019-06-12 18:42:56,632 INFO  storage.RaftLogWorker (RaftLogWorker.java:startLogSegment(298)) - a0fcf672-9fde-428c-87d7-b5820b2a630c-RaftLogWorker: Starting segment from index:0
2019-06-12 18:42:56,633 INFO  impl.RaftServerImpl (ServerState.java:setRaftConf(361)) - a0fcf672-9fde-428c-87d7-b5820b2a630c:group-28E05B348BAF set configuration 0: [a0fcf672-9fde-428c-87d7-b5820b2a630c:192.168.46.15:44105], old=null at 0
2019-06-12 18:42:56,634 INFO  impl.FollowerState (FollowerState.java:run(101)) - 6fb63815-7193-4564-a38d-79e98743aa59:group-0361A2793738 changes to CANDIDATE, lastRpcTime:1005, electionTimeout:1005ms
2019-06-12 18:42:56,634 INFO  impl.RoleInfo (RoleInfo.java:shutdownFollowerState(121)) - 6fb63815-7193-4564-a38d-79e98743aa59: shutdown FollowerState
2019-06-12 18:42:56,634 INFO  impl.RaftServerImpl (RaftServerImpl.java:setRole(164)) - 6fb63815-7193-4564-a38d-79e98743aa59:group-0361A2793738 changes role from FOLLOWER to CANDIDATE at term 0 for changeToCandidate
2019-06-12 18:42:56,634 INFO  impl.RoleInfo (RoleInfo.java:updateAndGet(143)) - 6fb63815-7193-4564-a38d-79e98743aa59: start LeaderElection
2019-06-12 18:42:56,638 INFO  impl.LeaderElection (LeaderElection.java:askForVotes(181)) - 6fb63815-7193-4564-a38d-79e98743aa59:group-0361A2793738:LeaderElection4: begin an election at term 1 for -1: [6fb63815-7193-4564-a38d-79e98743aa59:192.168.46.15:45091], old=null
2019-06-12 18:42:56,638 INFO  impl.RoleInfo (RoleInfo.java:shutdownLeaderElection(134)) - 6fb63815-7193-4564-a38d-79e98743aa59: shutdown LeaderElection
2019-06-12 18:42:56,638 INFO  impl.RaftServerImpl (RaftServerImpl.java:setRole(164)) - 6fb63815-7193-4564-a38d-79e98743aa59:group-0361A2793738 changes role from CANDIDATE to LEADER at term 1 for changeToLeader
2019-06-12 18:42:56,639 INFO  impl.RaftServerImpl (ServerState.java:setLeader(263)) - 6fb63815-7193-4564-a38d-79e98743aa59:group-0361A2793738 change Leader from null to 6fb63815-7193-4564-a38d-79e98743aa59 at term 1 for becomeLeader, leader elected after 1012ms
2019-06-12 18:42:56,639 INFO  server.RaftServerConfigKeys (ConfUtils.java:logGet(43)) - raft.server.staging.catchup.gap = 1000 (default)
2019-06-12 18:42:56,639 INFO  server.RaftServerConfigKeys (ConfUtils.java:logGet(43)) - raft.server.rpc.sleep.time = 25ms (default)
2019-06-12 18:42:56,639 INFO  server.RaftServerConfigKeys (ConfUtils.java:logGet(43)) - raft.server.watch.timeout = 10s (default)
2019-06-12 18:42:56,640 INFO  server.RaftServerConfigKeys (ConfUtils.java:logGet(43)) - raft.server.watch.timeout.denomination = 1s (default)
2019-06-12 18:42:56,640 INFO  impl.RoleInfo (RoleInfo.java:updateAndGet(143)) - 6fb63815-7193-4564-a38d-79e98743aa59: start LeaderState
2019-06-12 18:42:56,640 INFO  storage.RaftLogWorker (RaftLogWorker.java:startLogSegment(298)) - 6fb63815-7193-4564-a38d-79e98743aa59-RaftLogWorker: Starting segment from index:0
2019-06-12 18:42:56,640 INFO  impl.RaftServerImpl (ServerState.java:setRaftConf(361)) - 6fb63815-7193-4564-a38d-79e98743aa59:group-0361A2793738 set configuration 0: [6fb63815-7193-4564-a38d-79e98743aa59:192.168.46.15:45091], old=null at 0
2019-06-12 18:42:56,710 INFO  impl.FollowerState (FollowerState.java:run(101)) - 39ce5b5f-b876-4b97-830c-49c335b4aedf:group-2705328C80EB changes to CANDIDATE, lastRpcTime:1018, electionTimeout:1018ms
2019-06-12 18:42:56,710 INFO  impl.RoleInfo (RoleInfo.java:shutdownFollowerState(121)) - 39ce5b5f-b876-4b97-830c-49c335b4aedf: shutdown FollowerState
2019-06-12 18:42:56,710 INFO  impl.RaftServerImpl (RaftServerImpl.java:setRole(164)) - 39ce5b5f-b876-4b97-830c-49c335b4aedf:group-2705328C80EB changes role from FOLLOWER to CANDIDATE at term 0 for changeToCandidate
2019-06-12 18:42:56,710 INFO  impl.RoleInfo (RoleInfo.java:updateAndGet(143)) - 39ce5b5f-b876-4b97-830c-49c335b4aedf: start LeaderElection
2019-06-12 18:42:56,746 INFO  impl.LeaderElection (LeaderElection.java:askForVotes(181)) - 39ce5b5f-b876-4b97-830c-49c335b4aedf:group-2705328C80EB:LeaderElection5: begin an election at term 1 for -1: [6fb63815-7193-4564-a38d-79e98743aa59:192.168.46.15:45091, 39ce5b5f-b876-4b97-830c-49c335b4aedf:192.168.46.15:33081, 93688f0e-f527-445d-a53b-82811601bf5e:192.168.46.15:37061], old=null
2019-06-12 18:42:56,749 INFO  storage.RaftLogWorker (RaftLogWorker.java:execute(469)) - 93688f0e-f527-445d-a53b-82811601bf5e-RaftLogWorker: created new log segment /opt/src/hadoop-ozone/integration-test/target/test-dir/MiniOzoneClusterImpl-31cd421d-7316-4e57-af3b-d38f3d11e3aa/datanode-0/data/ratis/72226cc7-485b-4ccd-8b07-5a383d350e29/current/log_inprogress_0
2019-06-12 18:42:56,749 INFO  storage.RaftLogWorker (RaftLogWorker.java:execute(469)) - 39ce5b5f-b876-4b97-830c-49c335b4aedf-RaftLogWorker: created new log segment /opt/src/hadoop-ozone/integration-test/target/test-dir/MiniOzoneClusterImpl-31cd421d-7316-4e57-af3b-d38f3d11e3aa/datanode-1/data/ratis/6e32ad5a-6361-4fb0-8902-2c67be828b58/current/log_inprogress_0
2019-06-12 18:42:56,750 INFO  storage.RaftLogWorker (RaftLogWorker.java:execute(469)) - a0fcf672-9fde-428c-87d7-b5820b2a630c-RaftLogWorker: created new log segment /opt/src/hadoop-ozone/integration-test/target/test-dir/MiniOzoneClusterImpl-31cd421d-7316-4e57-af3b-d38f3d11e3aa/datanode-2/data/ratis/a173de2a-b564-4128-8f2c-28e05b348baf/current/log_inprogress_0
2019-06-12 18:42:56,750 INFO  storage.RaftLogWorker (RaftLogWorker.java:execute(469)) - 6fb63815-7193-4564-a38d-79e98743aa59-RaftLogWorker: created new log segment /opt/src/hadoop-ozone/integration-test/target/test-dir/MiniOzoneClusterImpl-31cd421d-7316-4e57-af3b-d38f3d11e3aa/datanode-3/data/ratis/76921d42-112b-4ed0-8d56-0361a2793738/current/log_inprogress_0
2019-06-12 18:42:56,771 INFO  impl.RaftServerImpl (RaftServerImpl.java:setRole(164)) - 6fb63815-7193-4564-a38d-79e98743aa59:group-2705328C80EB changes role from FOLLOWER to FOLLOWER at term 1 for recognizeCandidate:39ce5b5f-b876-4b97-830c-49c335b4aedf
2019-06-12 18:42:56,771 INFO  impl.RaftServerImpl (RaftServerImpl.java:setRole(164)) - 93688f0e-f527-445d-a53b-82811601bf5e:group-2705328C80EB changes role from FOLLOWER to FOLLOWER at term 1 for recognizeCandidate:39ce5b5f-b876-4b97-830c-49c335b4aedf
2019-06-12 18:42:56,771 INFO  impl.RoleInfo (RoleInfo.java:shutdownFollowerState(121)) - 6fb63815-7193-4564-a38d-79e98743aa59: shutdown FollowerState
2019-06-12 18:42:56,771 INFO  impl.RoleInfo (RoleInfo.java:updateAndGet(143)) - 6fb63815-7193-4564-a38d-79e98743aa59: start FollowerState
2019-06-12 18:42:56,772 INFO  impl.FollowerState (FollowerState.java:run(109)) - 6fb63815-7193-4564-a38d-79e98743aa59: FollowerState was interrupted: java.lang.InterruptedException: sleep interrupted
2019-06-12 18:42:56,771 INFO  impl.RoleInfo (RoleInfo.java:shutdownFollowerState(121)) - 93688f0e-f527-445d-a53b-82811601bf5e: shutdown FollowerState
2019-06-12 18:42:56,772 INFO  impl.RoleInfo (RoleInfo.java:updateAndGet(143)) - 93688f0e-f527-445d-a53b-82811601bf5e: start FollowerState
2019-06-12 18:42:56,773 INFO  impl.FollowerState (FollowerState.java:run(109)) - 93688f0e-f527-445d-a53b-82811601bf5e: FollowerState was interrupted: java.lang.InterruptedException: sleep interrupted
2019-06-12 18:42:56,790 INFO  impl.LeaderElection (LeaderElection.java:logAndReturn(56)) - 39ce5b5f-b876-4b97-830c-49c335b4aedf:group-2705328C80EB:LeaderElection5: Election PASSED; received 1 response(s) [39ce5b5f-b876-4b97-830c-49c335b4aedf->6fb63815-7193-4564-a38d-79e98743aa59,true-t1] and 0 exception(s); 39ce5b5f-b876-4b97-830c-49c335b4aedf:t1, leader=null, voted=39ce5b5f-b876-4b97-830c-49c335b4aedf, raftlog=39ce5b5f-b876-4b97-830c-49c335b4aedf-SegmentedRaftLog:OPENED:c-1,f-1,i0, conf=-1: [6fb63815-7193-4564-a38d-79e98743aa59:192.168.46.15:45091, 39ce5b5f-b876-4b97-830c-49c335b4aedf:192.168.46.15:33081, 93688f0e-f527-445d-a53b-82811601bf5e:192.168.46.15:37061], old=null
2019-06-12 18:42:56,790 INFO  impl.RoleInfo (RoleInfo.java:shutdownLeaderElection(134)) - 39ce5b5f-b876-4b97-830c-49c335b4aedf: shutdown LeaderElection
2019-06-12 18:42:56,790 INFO  impl.RaftServerImpl (RaftServerImpl.java:setRole(164)) - 39ce5b5f-b876-4b97-830c-49c335b4aedf:group-2705328C80EB changes role from CANDIDATE to LEADER at term 1 for changeToLeader
2019-06-12 18:42:56,790 INFO  impl.RaftServerImpl (ServerState.java:setLeader(263)) - 39ce5b5f-b876-4b97-830c-49c335b4aedf:group-2705328C80EB change Leader from null to 39ce5b5f-b876-4b97-830c-49c335b4aedf at term 1 for becomeLeader, leader elected after 1106ms
2019-06-12 18:42:56,790 INFO  server.RaftServerConfigKeys (ConfUtils.java:logGet(43)) - raft.server.staging.catchup.gap = 1000 (default)
2019-06-12 18:42:56,790 INFO  server.RaftServerConfigKeys (ConfUtils.java:logGet(43)) - raft.server.rpc.sleep.time = 25ms (default)
2019-06-12 18:42:56,790 INFO  server.RaftServerConfigKeys (ConfUtils.java:logGet(43)) - raft.server.watch.timeout = 10s (default)
2019-06-12 18:42:56,791 INFO  server.RaftServerConfigKeys (ConfUtils.java:logGet(43)) - raft.server.watch.timeout.denomination = 1s (default)
2019-06-12 18:42:56,803 INFO  server.RaftServerConfigKeys (ConfUtils.java:logGet(43)) - raft.server.log.appender.snapshot.chunk.size.max = 16MB (=16777216) (default)
2019-06-12 18:42:56,803 INFO  server.RaftServerConfigKeys (ConfUtils.java:logGet(43)) - raft.server.log.appender.buffer.byte-limit = 33554432 (custom)
2019-06-12 18:42:56,803 INFO  server.RaftServerConfigKeys (ConfUtils.java:logGet(43)) - raft.server.log.appender.buffer.element-limit = 1 (custom)
2019-06-12 18:42:56,805 INFO  grpc.GrpcConfigKeys$Server (ConfUtils.java:logGet(43)) - raft.grpc.server.leader.outstanding.appends.max = 128 (default)
2019-06-12 18:42:56,805 INFO  server.RaftServerConfigKeys (ConfUtils.java:logGet(43)) - raft.server.rpc.request.timeout = 3000ms (default)
2019-06-12 18:42:56,805 INFO  server.RaftServerConfigKeys (ConfUtils.java:logGet(43)) - raft.server.log.appender.install.snapshot.enabled = true (default)
2019-06-12 18:42:56,805 INFO  server.RaftServerConfigKeys (ConfUtils.java:logGet(43)) - raft.server.log.appender.snapshot.chunk.size.max = 16MB (=16777216) (default)
2019-06-12 18:42:56,805 INFO  server.RaftServerConfigKeys (ConfUtils.java:logGet(43)) - raft.server.log.appender.buffer.byte-limit = 33554432 (custom)
2019-06-12 18:42:56,805 INFO  server.RaftServerConfigKeys (ConfUtils.java:logGet(43)) - raft.server.log.appender.buffer.element-limit = 1 (custom)
2019-06-12 18:42:56,805 INFO  grpc.GrpcConfigKeys$Server (ConfUtils.java:logGet(43)) - raft.grpc.server.leader.outstanding.appends.max = 128 (default)
2019-06-12 18:42:56,806 INFO  server.RaftServerConfigKeys (ConfUtils.java:logGet(43)) - raft.server.rpc.request.timeout = 3000ms (default)
2019-06-12 18:42:56,806 INFO  server.RaftServerConfigKeys (ConfUtils.java:logGet(43)) - raft.server.log.appender.install.snapshot.enabled = true (default)
2019-06-12 18:42:56,806 INFO  impl.RoleInfo (RoleInfo.java:updateAndGet(143)) - 39ce5b5f-b876-4b97-830c-49c335b4aedf: start LeaderState
2019-06-12 18:42:56,806 INFO  storage.RaftLogWorker (RaftLogWorker.java:startLogSegment(298)) - 39ce5b5f-b876-4b97-830c-49c335b4aedf-RaftLogWorker: Starting segment from index:0
2019-06-12 18:42:56,819 INFO  impl.RaftServerImpl (ServerState.java:setRaftConf(361)) - 39ce5b5f-b876-4b97-830c-49c335b4aedf:group-2705328C80EB set configuration 0: [6fb63815-7193-4564-a38d-79e98743aa59:192.168.46.15:45091, 39ce5b5f-b876-4b97-830c-49c335b4aedf:192.168.46.15:33081, 93688f0e-f527-445d-a53b-82811601bf5e:192.168.46.15:37061], old=null at 0
2019-06-12 18:42:56,836 INFO  impl.RaftServerImpl (ServerState.java:setLeader(263)) - 6fb63815-7193-4564-a38d-79e98743aa59:group-2705328C80EB change Leader from null to 39ce5b5f-b876-4b97-830c-49c335b4aedf at term 1 for appendEntries, leader elected after 1152ms
2019-06-12 18:42:56,844 INFO  impl.RaftServerImpl (ServerState.java:setLeader(263)) - 93688f0e-f527-445d-a53b-82811601bf5e:group-2705328C80EB change Leader from null to 39ce5b5f-b876-4b97-830c-49c335b4aedf at term 1 for appendEntries, leader elected after 1162ms
2019-06-12 18:42:56,848 INFO  storage.RaftLogWorker (RaftLogWorker.java:execute(469)) - 39ce5b5f-b876-4b97-830c-49c335b4aedf-RaftLogWorker: created new log segment /opt/src/hadoop-ozone/integration-test/target/test-dir/MiniOzoneClusterImpl-31cd421d-7316-4e57-af3b-d38f3d11e3aa/datanode-1/data/ratis/85a9f7ca-fbbe-4fb9-ac17-2705328c80eb/current/log_inprogress_0
2019-06-12 18:42:56,867 INFO  impl.RaftServerImpl (ServerState.java:setRaftConf(361)) - 93688f0e-f527-445d-a53b-82811601bf5e:group-2705328C80EB set configuration 0: [6fb63815-7193-4564-a38d-79e98743aa59:192.168.46.15:45091, 39ce5b5f-b876-4b97-830c-49c335b4aedf:192.168.46.15:33081, 93688f0e-f527-445d-a53b-82811601bf5e:192.168.46.15:37061], old=null at 0
2019-06-12 18:42:56,867 INFO  storage.RaftLogWorker (RaftLogWorker.java:startLogSegment(298)) - 93688f0e-f527-445d-a53b-82811601bf5e-RaftLogWorker: Starting segment from index:0
2019-06-12 18:42:56,868 INFO  impl.RaftServerImpl (ServerState.java:setRaftConf(361)) - 6fb63815-7193-4564-a38d-79e98743aa59:group-2705328C80EB set configuration 0: [6fb63815-7193-4564-a38d-79e98743aa59:192.168.46.15:45091, 39ce5b5f-b876-4b97-830c-49c335b4aedf:192.168.46.15:33081, 93688f0e-f527-445d-a53b-82811601bf5e:192.168.46.15:37061], old=null at 0
2019-06-12 18:42:56,868 INFO  storage.RaftLogWorker (RaftLogWorker.java:startLogSegment(298)) - 6fb63815-7193-4564-a38d-79e98743aa59-RaftLogWorker: Starting segment from index:0
2019-06-12 18:42:56,908 INFO  impl.FollowerState (FollowerState.java:run(101)) - cc03ba94-93cb-4b14-a61f-d0b0ecb55f50:group-D1E4C6537DB5 changes to CANDIDATE, lastRpcTime:1146, electionTimeout:1140ms
2019-06-12 18:42:56,908 INFO  impl.RoleInfo (RoleInfo.java:shutdownFollowerState(121)) - cc03ba94-93cb-4b14-a61f-d0b0ecb55f50: shutdown FollowerState
2019-06-12 18:42:56,908 INFO  impl.RaftServerImpl (RaftServerImpl.java:setRole(164)) - cc03ba94-93cb-4b14-a61f-d0b0ecb55f50:group-D1E4C6537DB5 changes role from FOLLOWER to CANDIDATE at term 0 for changeToCandidate
2019-06-12 18:42:56,909 INFO  impl.RoleInfo (RoleInfo.java:updateAndGet(143)) - cc03ba94-93cb-4b14-a61f-d0b0ecb55f50: start LeaderElection
2019-06-12 18:42:56,910 INFO  storage.RaftLogWorker (RaftLogWorker.java:execute(469)) - 6fb63815-7193-4564-a38d-79e98743aa59-RaftLogWorker: created new log segment /opt/src/hadoop-ozone/integration-test/target/test-dir/MiniOzoneClusterImpl-31cd421d-7316-4e57-af3b-d38f3d11e3aa/datanode-3/data/ratis/85a9f7ca-fbbe-4fb9-ac17-2705328c80eb/current/log_inprogress_0
2019-06-12 18:42:56,911 INFO  storage.RaftLogWorker (RaftLogWorker.java:execute(469)) - 93688f0e-f527-445d-a53b-82811601bf5e-RaftLogWorker: created new log segment /opt/src/hadoop-ozone/integration-test/target/test-dir/MiniOzoneClusterImpl-31cd421d-7316-4e57-af3b-d38f3d11e3aa/datanode-0/data/ratis/85a9f7ca-fbbe-4fb9-ac17-2705328c80eb/current/log_inprogress_0
2019-06-12 18:42:56,916 INFO  impl.LeaderElection (LeaderElection.java:askForVotes(181)) - cc03ba94-93cb-4b14-a61f-d0b0ecb55f50:group-D1E4C6537DB5:LeaderElection6: begin an election at term 1 for -1: [cc03ba94-93cb-4b14-a61f-d0b0ecb55f50:192.168.46.15:46431], old=null
2019-06-12 18:42:56,916 INFO  impl.RoleInfo (RoleInfo.java:shutdownLeaderElection(134)) - cc03ba94-93cb-4b14-a61f-d0b0ecb55f50: shutdown LeaderElection
2019-06-12 18:42:56,916 INFO  impl.RaftServerImpl (RaftServerImpl.java:setRole(164)) - cc03ba94-93cb-4b14-a61f-d0b0ecb55f50:group-D1E4C6537DB5 changes role from CANDIDATE to LEADER at term 1 for changeToLeader
2019-06-12 18:42:56,916 INFO  impl.RaftServerImpl (ServerState.java:setLeader(263)) - cc03ba94-93cb-4b14-a61f-d0b0ecb55f50:group-D1E4C6537DB5 change Leader from null to cc03ba94-93cb-4b14-a61f-d0b0ecb55f50 at term 1 for becomeLeader, leader elected after 1157ms
2019-06-12 18:42:56,917 INFO  server.RaftServerConfigKeys (ConfUtils.java:logGet(43)) - raft.server.staging.catchup.gap = 1000 (default)
2019-06-12 18:42:56,917 INFO  server.RaftServerConfigKeys (ConfUtils.java:logGet(43)) - raft.server.rpc.sleep.time = 25ms (default)
2019-06-12 18:42:56,917 INFO  server.RaftServerConfigKeys (ConfUtils.java:logGet(43)) - raft.server.watch.timeout = 10s (default)
2019-06-12 18:42:56,917 INFO  server.RaftServerConfigKeys (ConfUtils.java:logGet(43)) - raft.server.watch.timeout.denomination = 1s (default)
2019-06-12 18:42:56,918 INFO  impl.RoleInfo (RoleInfo.java:updateAndGet(143)) - cc03ba94-93cb-4b14-a61f-d0b0ecb55f50: start LeaderState
2019-06-12 18:42:56,918 INFO  storage.RaftLogWorker (RaftLogWorker.java:startLogSegment(298)) - cc03ba94-93cb-4b14-a61f-d0b0ecb55f50-RaftLogWorker: Starting segment from index:0
2019-06-12 18:42:56,918 INFO  impl.RaftServerImpl (ServerState.java:setRaftConf(361)) - cc03ba94-93cb-4b14-a61f-d0b0ecb55f50:group-D1E4C6537DB5 set configuration 0: [cc03ba94-93cb-4b14-a61f-d0b0ecb55f50:192.168.46.15:46431], old=null at 0
2019-06-12 18:42:56,942 INFO  ozone.MiniOzoneClusterImpl (MiniOzoneClusterImpl.java:lambda$waitForClusterToBeReady$0(142)) - Cluster is ready. Got 6 of 6 DN Heartbeats.
]]></system-out>
    <system-err><![CDATA[ERROR StatusLogger No Log4j 2 configuration file found. Using default configuration (logging only errors to the console), or user programmatically provided configurations. Set system property 'log4j2.debug' to show Log4j 2 internal initialization logging. See https://logging.apache.org/log4j/2.x/manual/configuration.html for instructions on how to configure Log4j 2
Jun 12, 2019 6:42:50 PM com.sun.jersey.server.impl.application.WebApplicationImpl _initiate
INFO: Initiating Jersey application, version 'Jersey: 1.19 02/11/2015 03:25 AM'
Jun 12, 2019 6:42:51 PM com.sun.jersey.server.impl.application.WebApplicationImpl _initiate
INFO: Initiating Jersey application, version 'Jersey: 1.19 02/11/2015 03:25 AM'
Jun 12, 2019 6:42:51 PM com.sun.jersey.server.impl.application.WebApplicationImpl _initiate
INFO: Initiating Jersey application, version 'Jersey: 1.19 02/11/2015 03:25 AM'
Jun 12, 2019 6:42:51 PM com.sun.jersey.server.impl.application.WebApplicationImpl _initiate
INFO: Initiating Jersey application, version 'Jersey: 1.19 02/11/2015 03:25 AM'
Jun 12, 2019 6:42:51 PM com.sun.jersey.server.impl.application.WebApplicationImpl _initiate
INFO: Initiating Jersey application, version 'Jersey: 1.19 02/11/2015 03:25 AM'
Jun 12, 2019 6:42:51 PM com.sun.jersey.server.impl.application.WebApplicationImpl _initiate
INFO: Initiating Jersey application, version 'Jersey: 1.19 02/11/2015 03:25 AM'
]]></system-err>
  </testcase>
</testsuite>