<?xml version="1.0" encoding="UTF-8"?>
<testsuite xmlns:xsi="http://www.w3.org/2001/XMLSchema-instance" xsi:noNamespaceSchemaLocation="https://maven.apache.org/surefire/maven-surefire-plugin/xsd/surefire-test-report.xsd" name="org.apache.hadoop.ozone.client.rpc.TestWatchForCommit" time="112.26" tests="6" errors="1" skipped="0" failures="1">
  <properties>
    <property name="awt.toolkit" value="sun.awt.X11.XToolkit"/>
    <property name="file.encoding.pkg" value="sun.io"/>
    <property name="java.specification.version" value="1.8"/>
    <property name="sun.cpu.isalist" value=""/>
    <property name="sun.jnu.encoding" value="UTF-8"/>
    <property name="java.class.path" value="/opt/src/hadoop-ozone/integration-test/target/test-classes:/opt/src/hadoop-ozone/integration-test/target/classes:/root/.m2/repository/org/apache/hadoop/hadoop-ozone-common/0.5.0-SNAPSHOT/hadoop-ozone-common-0.5.0-SNAPSHOT.jar:/root/.m2/repository/org/apache/commons/commons-compress/1.4.1/commons-compress-1.4.1.jar:/root/.m2/repository/org/tukaani/xz/1.0/xz-1.0.jar:/root/.m2/repository/org/apache/hadoop/hadoop-common/3.2.0/hadoop-common-3.2.0.jar:/root/.m2/repository/org/apache/hadoop/hadoop-hdfs/3.2.0/hadoop-hdfs-3.2.0.jar:/root/.m2/repository/org/apache/hadoop/hadoop-hdfs-client/3.2.0/hadoop-hdfs-client-3.2.0.jar:/root/.m2/repository/com/fasterxml/jackson/core/jackson-annotations/2.9.5/jackson-annotations-2.9.5.jar:/root/.m2/repository/org/apache/hadoop/hadoop-hdds-common/0.5.0-SNAPSHOT/hadoop-hdds-common-0.5.0-SNAPSHOT.jar:/root/.m2/repository/javax/annotation/javax.annotation-api/1.2/javax.annotation-api-1.2.jar:/root/.m2/repository/org/apache/ratis/ratis-server/0.4.0-fe2b15d-SNAPSHOT/ratis-server-0.4.0-fe2b15d-SNAPSHOT.jar:/root/.m2/repository/org/apache/ratis/ratis-thirdparty-misc/0.2.0/ratis-thirdparty-misc-0.2.0.jar:/root/.m2/repository/org/apache/ratis/ratis-proto/0.4.0-fe2b15d-SNAPSHOT/ratis-proto-0.4.0-fe2b15d-SNAPSHOT.jar:/root/.m2/repository/org/apache/ratis/ratis-common/0.4.0-fe2b15d-SNAPSHOT/ratis-common-0.4.0-fe2b15d-SNAPSHOT.jar:/root/.m2/repository/org/apache/ratis/ratis-client/0.4.0-fe2b15d-SNAPSHOT/ratis-client-0.4.0-fe2b15d-SNAPSHOT.jar:/root/.m2/repository/org/apache/ratis/ratis-netty/0.4.0-fe2b15d-SNAPSHOT/ratis-netty-0.4.0-fe2b15d-SNAPSHOT.jar:/root/.m2/repository/org/apache/ratis/ratis-grpc/0.4.0-fe2b15d-SNAPSHOT/ratis-grpc-0.4.0-fe2b15d-SNAPSHOT.jar:/root/.m2/repository/org/rocksdb/rocksdbjni/5.14.2/rocksdbjni-5.14.2.jar:/root/.m2/repository/org/apache/logging/log4j/log4j-api/2.11.0/log4j-api-2.11.0.jar:/root/.m2/repository/org/apache/logging/log4j/log4j-core/2.11.0/log4j-core-2.11.0.jar:/root/.m2/repository/com/lmax/disruptor/3.4.2/disruptor-3.4.2.jar:/root/.m2/repository/org/apache/commons/commons-pool2/2.6.0/commons-pool2-2.6.0.jar:/root/.m2/repository/org/bouncycastle/bcpkix-jdk15on/1.60/bcpkix-jdk15on-1.60.jar:/root/.m2/repository/commons-validator/commons-validator/1.6/commons-validator-1.6.jar:/root/.m2/repository/commons-digester/commons-digester/1.8.1/commons-digester-1.8.1.jar:/root/.m2/repository/io/jaegertracing/jaeger-client/0.33.1/jaeger-client-0.33.1.jar:/root/.m2/repository/io/jaegertracing/jaeger-thrift/0.33.1/jaeger-thrift-0.33.1.jar:/root/.m2/repository/org/apache/thrift/libthrift/0.11.0/libthrift-0.11.0.jar:/root/.m2/repository/com/squareup/okhttp3/okhttp/3.9.0/okhttp-3.9.0.jar:/root/.m2/repository/com/squareup/okio/okio/1.13.0/okio-1.13.0.jar:/root/.m2/repository/io/jaegertracing/jaeger-core/0.33.1/jaeger-core-0.33.1.jar:/root/.m2/repository/io/jaegertracing/jaeger-tracerresolver/0.33.1/jaeger-tracerresolver-0.33.1.jar:/root/.m2/repository/io/opentracing/contrib/opentracing-tracerresolver/0.1.5/opentracing-tracerresolver-0.1.5.jar:/root/.m2/repository/io/opentracing/opentracing-util/0.31.0/opentracing-util-0.31.0.jar:/root/.m2/repository/io/opentracing/opentracing-api/0.31.0/opentracing-api-0.31.0.jar:/root/.m2/repository/io/opentracing/opentracing-noop/0.31.0/opentracing-noop-0.31.0.jar:/root/.m2/repository/org/apache/hadoop/hadoop-hdds-server-framework/0.5.0-SNAPSHOT/hadoop-hdds-server-framework-0.5.0-SNAPSHOT.jar:/root/.m2/repository/org/apache/hadoop/hadoop-hdds-server-scm/0.5.0-SNAPSHOT/hadoop-hdds-server-scm-0.5.0-SNAPSHOT.jar:/root/.m2/repository/org/apache/hadoop/hadoop-hdds-container-service/0.5.0-SNAPSHOT/hadoop-hdds-container-service-0.5.0-SNAPSHOT.jar:/root/.m2/repository/org/apache/hadoop/hadoop-hdds-client/0.5.0-SNAPSHOT/hadoop-hdds-client-0.5.0-SNAPSHOT.jar:/root/.m2/repository/org/apache/hadoop/hadoop-hdds-tools/0.5.0-SNAPSHOT/hadoop-hdds-tools-0.5.0-SNAPSHOT.jar:/root/.m2/repository/org/apache/hadoop/hadoop-ozone-ozone-manager/0.5.0-SNAPSHOT/hadoop-ozone-ozone-manager-0.5.0-SNAPSHOT.jar:/root/.m2/repository/org/apache/hadoop/hadoop-hdds-docs/0.5.0-SNAPSHOT/hadoop-hdds-docs-0.5.0-SNAPSHOT.jar:/root/.m2/repository/org/bouncycastle/bcprov-jdk15on/1.60/bcprov-jdk15on-1.60.jar:/root/.m2/repository/org/apache/hadoop/hadoop-minikdc/3.2.0/hadoop-minikdc-3.2.0.jar:/root/.m2/repository/commons-io/commons-io/2.5/commons-io-2.5.jar:/root/.m2/repository/org/apache/kerby/kerb-simplekdc/1.0.1/kerb-simplekdc-1.0.1.jar:/root/.m2/repository/org/apache/kerby/kerb-client/1.0.1/kerb-client-1.0.1.jar:/root/.m2/repository/org/apache/kerby/kerby-config/1.0.1/kerby-config-1.0.1.jar:/root/.m2/repository/org/apache/kerby/kerb-core/1.0.1/kerb-core-1.0.1.jar:/root/.m2/repository/org/apache/kerby/kerby-pkix/1.0.1/kerby-pkix-1.0.1.jar:/root/.m2/repository/org/apache/kerby/kerby-asn1/1.0.1/kerby-asn1-1.0.1.jar:/root/.m2/repository/org/apache/kerby/kerby-util/1.0.1/kerby-util-1.0.1.jar:/root/.m2/repository/org/apache/kerby/kerb-common/1.0.1/kerb-common-1.0.1.jar:/root/.m2/repository/org/apache/kerby/kerb-crypto/1.0.1/kerb-crypto-1.0.1.jar:/root/.m2/repository/org/apache/kerby/kerb-util/1.0.1/kerb-util-1.0.1.jar:/root/.m2/repository/org/apache/kerby/token-provider/1.0.1/token-provider-1.0.1.jar:/root/.m2/repository/org/apache/kerby/kerb-admin/1.0.1/kerb-admin-1.0.1.jar:/root/.m2/repository/org/apache/kerby/kerb-server/1.0.1/kerb-server-1.0.1.jar:/root/.m2/repository/org/apache/kerby/kerb-identity/1.0.1/kerb-identity-1.0.1.jar:/root/.m2/repository/org/apache/kerby/kerby-xdr/1.0.1/kerby-xdr-1.0.1.jar:/root/.m2/repository/org/slf4j/slf4j-log4j12/1.7.25/slf4j-log4j12-1.7.25.jar:/root/.m2/repository/org/apache/hadoop/hadoop-ozone-objectstore-service/0.5.0-SNAPSHOT/hadoop-ozone-objectstore-service-0.5.0-SNAPSHOT.jar:/root/.m2/repository/org/apache/hadoop/hadoop-ozone-s3gateway/0.5.0-SNAPSHOT/hadoop-ozone-s3gateway-0.5.0-SNAPSHOT.jar:/root/.m2/repository/org/jboss/weld/servlet/weld-servlet/2.4.7.Final/weld-servlet-2.4.7.Final.jar:/root/.m2/repository/org/glassfish/jersey/containers/jersey-container-servlet-core/2.27/jersey-container-servlet-core-2.27.jar:/root/.m2/repository/org/glassfish/hk2/external/javax.inject/2.5.0-b42/javax.inject-2.5.0-b42.jar:/root/.m2/repository/org/glassfish/jersey/core/jersey-common/2.27/jersey-common-2.27.jar:/root/.m2/repository/org/glassfish/hk2/osgi-resource-locator/1.0.1/osgi-resource-locator-1.0.1.jar:/root/.m2/repository/javax/ws/rs/javax.ws.rs-api/2.1/javax.ws.rs-api-2.1.jar:/root/.m2/repository/org/glassfish/jersey/ext/cdi/jersey-cdi1x/2.27/jersey-cdi1x-2.27.jar:/root/.m2/repository/org/glassfish/jersey/inject/jersey-hk2/2.27/jersey-hk2-2.27.jar:/root/.m2/repository/org/glassfish/hk2/hk2-locator/2.5.0-b42/hk2-locator-2.5.0-b42.jar:/root/.m2/repository/org/javassist/javassist/3.22.0-CR2/javassist-3.22.0-CR2.jar:/root/.m2/repository/org/glassfish/hk2/hk2-api/2.5.0/hk2-api-2.5.0.jar:/root/.m2/repository/org/glassfish/hk2/external/jakarta.inject/2.5.0/jakarta.inject-2.5.0.jar:/root/.m2/repository/org/glassfish/hk2/hk2-utils/2.5.0/hk2-utils-2.5.0.jar:/root/.m2/repository/jakarta/annotation/jakarta.annotation-api/1.3.4/jakarta.annotation-api-1.3.4.jar:/root/.m2/repository/org/glassfish/hk2/external/aopalliance-repackaged/2.5.0/aopalliance-repackaged-2.5.0.jar:/root/.m2/repository/com/fasterxml/jackson/dataformat/jackson-dataformat-xml/2.9.0/jackson-dataformat-xml-2.9.0.jar:/root/.m2/repository/com/fasterxml/jackson/core/jackson-core/2.9.5/jackson-core-2.9.5.jar:/root/.m2/repository/com/fasterxml/jackson/module/jackson-module-jaxb-annotations/2.9.5/jackson-module-jaxb-annotations-2.9.5.jar:/root/.m2/repository/javax/enterprise/cdi-api/1.2/cdi-api-1.2.jar:/root/.m2/repository/javax/el/javax.el-api/3.0.0/javax.el-api-3.0.0.jar:/root/.m2/repository/javax/interceptor/javax.interceptor-api/1.2/javax.interceptor-api-1.2.jar:/root/.m2/repository/javax/inject/javax.inject/1/javax.inject-1.jar:/root/.m2/repository/com/sun/xml/bind/jaxb-impl/2.3.0.1/jaxb-impl-2.3.0.1.jar:/root/.m2/repository/com/sun/xml/bind/jaxb-core/2.3.0.1/jaxb-core-2.3.0.1.jar:/root/.m2/repository/javax/xml/bind/jaxb-api/2.3.0/jaxb-api-2.3.0.jar:/root/.m2/repository/javax/activation/activation/1.1.1/activation-1.1.1.jar:/root/.m2/repository/org/apache/hadoop/hadoop-ozone-csi/0.5.0-SNAPSHOT/hadoop-ozone-csi-0.5.0-SNAPSHOT.jar:/root/.m2/repository/com/google/protobuf/protobuf-java-util/3.5.1/protobuf-java-util-3.5.1.jar:/root/.m2/repository/org/apache/hadoop/hadoop-hdds-config/0.5.0-SNAPSHOT/hadoop-hdds-config-0.5.0-SNAPSHOT.jar:/root/.m2/repository/com/google/guava/guava/11.0.2/guava-11.0.2.jar:/root/.m2/repository/com/google/protobuf/protobuf-java/2.5.0/protobuf-java-2.5.0.jar:/root/.m2/repository/io/grpc/grpc-netty/1.17.1/grpc-netty-1.17.1.jar:/root/.m2/repository/io/grpc/grpc-core/1.17.1/grpc-core-1.17.1.jar:/root/.m2/repository/io/grpc/grpc-context/1.17.1/grpc-context-1.17.1.jar:/root/.m2/repository/com/google/errorprone/error_prone_annotations/2.2.0/error_prone_annotations-2.2.0.jar:/root/.m2/repository/org/codehaus/mojo/animal-sniffer-annotations/1.17/animal-sniffer-annotations-1.17.jar:/root/.m2/repository/io/opencensus/opencensus-api/0.17.0/opencensus-api-0.17.0.jar:/root/.m2/repository/io/opencensus/opencensus-contrib-grpc-metrics/0.17.0/opencensus-contrib-grpc-metrics-0.17.0.jar:/root/.m2/repository/io/netty/netty-codec-http2/4.1.30.Final/netty-codec-http2-4.1.30.Final.jar:/root/.m2/repository/io/netty/netty-codec-http/4.1.30.Final/netty-codec-http-4.1.30.Final.jar:/root/.m2/repository/io/netty/netty-codec/4.1.30.Final/netty-codec-4.1.30.Final.jar:/root/.m2/repository/io/netty/netty-handler/4.1.30.Final/netty-handler-4.1.30.Final.jar:/root/.m2/repository/io/netty/netty-handler-proxy/4.1.30.Final/netty-handler-proxy-4.1.30.Final.jar:/root/.m2/repository/io/netty/netty-codec-socks/4.1.30.Final/netty-codec-socks-4.1.30.Final.jar:/root/.m2/repository/io/netty/netty-transport-native-epoll/4.1.30.Final/netty-transport-native-epoll-4.1.30.Final.jar:/root/.m2/repository/io/netty/netty-common/4.1.30.Final/netty-common-4.1.30.Final.jar:/root/.m2/repository/io/netty/netty-buffer/4.1.30.Final/netty-buffer-4.1.30.Final.jar:/root/.m2/repository/io/netty/netty-transport/4.1.30.Final/netty-transport-4.1.30.Final.jar:/root/.m2/repository/io/netty/netty-resolver/4.1.30.Final/netty-resolver-4.1.30.Final.jar:/root/.m2/repository/io/netty/netty-transport-native-unix-common/4.1.30.Final/netty-transport-native-unix-common-4.1.30.Final.jar:/root/.m2/repository/io/grpc/grpc-protobuf/1.17.1/grpc-protobuf-1.17.1.jar:/root/.m2/repository/com/google/api/grpc/proto-google-common-protos/1.0.0/proto-google-common-protos-1.0.0.jar:/root/.m2/repository/io/grpc/grpc-protobuf-lite/1.17.1/grpc-protobuf-lite-1.17.1.jar:/root/.m2/repository/io/grpc/grpc-stub/1.17.1/grpc-stub-1.17.1.jar:/root/.m2/repository/org/apache/hadoop/hadoop-ozone-recon/0.5.0-SNAPSHOT/hadoop-ozone-recon-0.5.0-SNAPSHOT.jar:/root/.m2/repository/org/apache/hadoop/hadoop-ozone-reconcodegen/0.5.0-SNAPSHOT/hadoop-ozone-reconcodegen-0.5.0-SNAPSHOT.jar:/root/.m2/repository/com/google/inject/extensions/guice-multibindings/4.0/guice-multibindings-4.0.jar:/root/.m2/repository/com/google/inject/guice/4.0/guice-4.0.jar:/root/.m2/repository/aopalliance/aopalliance/1.0/aopalliance-1.0.jar:/root/.m2/repository/com/google/inject/extensions/guice-servlet/4.0/guice-servlet-4.0.jar:/root/.m2/repository/org/glassfish/jersey/containers/jersey-container-servlet/2.27/jersey-container-servlet-2.27.jar:/root/.m2/repository/org/glassfish/hk2/guice-bridge/2.5.0/guice-bridge-2.5.0.jar:/root/.m2/repository/org/glassfish/jersey/core/jersey-server/2.27/jersey-server-2.27.jar:/root/.m2/repository/org/glassfish/jersey/core/jersey-client/2.27/jersey-client-2.27.jar:/root/.m2/repository/org/glassfish/jersey/media/jersey-media-jaxb/2.27/jersey-media-jaxb-2.27.jar:/root/.m2/repository/javax/validation/validation-api/1.1.0.Final/validation-api-1.1.0.Final.jar:/root/.m2/repository/org/glassfish/jersey/media/jersey-media-json-jackson/2.27/jersey-media-json-jackson-2.27.jar:/root/.m2/repository/org/glassfish/jersey/ext/jersey-entity-filtering/2.27/jersey-entity-filtering-2.27.jar:/root/.m2/repository/com/google/inject/extensions/guice-assistedinject/4.0/guice-assistedinject-4.0.jar:/root/.m2/repository/org/jooq/jooq/3.11.10/jooq-3.11.10.jar:/root/.m2/repository/org/jooq/jooq-meta/3.11.10/jooq-meta-3.11.10.jar:/root/.m2/repository/org/jooq/jooq-codegen/3.11.10/jooq-codegen-3.11.10.jar:/root/.m2/repository/com/jolbox/bonecp/0.8.0.RELEASE/bonecp-0.8.0.RELEASE.jar:/root/.m2/repository/org/xerial/sqlite-jdbc/3.25.2/sqlite-jdbc-3.25.2.jar:/root/.m2/repository/org/springframework/spring-jdbc/5.1.3.RELEASE/spring-jdbc-5.1.3.RELEASE.jar:/root/.m2/repository/org/springframework/spring-beans/5.1.3.RELEASE/spring-beans-5.1.3.RELEASE.jar:/root/.m2/repository/org/springframework/spring-core/5.1.3.RELEASE/spring-core-5.1.3.RELEASE.jar:/root/.m2/repository/org/springframework/spring-jcl/5.1.3.RELEASE/spring-jcl-5.1.3.RELEASE.jar:/root/.m2/repository/org/springframework/spring-tx/5.1.3.RELEASE/spring-tx-5.1.3.RELEASE.jar:/root/.m2/repository/org/apache/hadoop/hadoop-ozone-client/0.5.0-SNAPSHOT/hadoop-ozone-client-0.5.0-SNAPSHOT.jar:/root/.m2/repository/org/apache/hadoop/hadoop-ozone-ozone-manager/0.5.0-SNAPSHOT/hadoop-ozone-ozone-manager-0.5.0-SNAPSHOT-tests.jar:/root/.m2/repository/junit/junit/4.11/junit-4.11.jar:/root/.m2/repository/org/hamcrest/hamcrest-core/1.3/hamcrest-core-1.3.jar:/root/.m2/repository/org/openjdk/jmh/jmh-core/1.19/jmh-core-1.19.jar:/root/.m2/repository/net/sf/jopt-simple/jopt-simple/4.6/jopt-simple-4.6.jar:/root/.m2/repository/org/apache/commons/commons-math3/3.1.1/commons-math3-3.1.1.jar:/root/.m2/repository/org/openjdk/jmh/jmh-generator-annprocess/1.19/jmh-generator-annprocess-1.19.jar:/root/.m2/repository/org/mockito/mockito-all/1.8.5/mockito-all-1.8.5.jar:/root/.m2/repository/org/apache/hadoop/hadoop-kms/3.2.0/hadoop-kms-3.2.0.jar:/root/.m2/repository/org/apache/hadoop/hadoop-auth/3.2.0/hadoop-auth-3.2.0.jar:/root/.m2/repository/com/nimbusds/nimbus-jose-jwt/4.41.1/nimbus-jose-jwt-4.41.1.jar:/root/.m2/repository/com/github/stephenc/jcip/jcip-annotations/1.0-1/jcip-annotations-1.0-1.jar:/root/.m2/repository/net/minidev/json-smart/2.3/json-smart-2.3.jar:/root/.m2/repository/net/minidev/accessors-smart/1.2/accessors-smart-1.2.jar:/root/.m2/repository/org/ow2/asm/asm/5.0.4/asm-5.0.4.jar:/root/.m2/repository/org/apache/curator/curator-framework/2.12.0/curator-framework-2.12.0.jar:/root/.m2/repository/com/sun/jersey/jersey-core/1.19/jersey-core-1.19.jar:/root/.m2/repository/javax/ws/rs/jsr311-api/1.1.1/jsr311-api-1.1.1.jar:/root/.m2/repository/com/sun/jersey/jersey-server/1.19/jersey-server-1.19.jar:/root/.m2/repository/javax/servlet/javax.servlet-api/3.1.0/javax.servlet-api-3.1.0.jar:/root/.m2/repository/org/eclipse/jetty/jetty-server/9.3.24.v20180605/jetty-server-9.3.24.v20180605.jar:/root/.m2/repository/org/eclipse/jetty/jetty-http/9.3.24.v20180605/jetty-http-9.3.24.v20180605.jar:/root/.m2/repository/org/eclipse/jetty/jetty-io/9.3.24.v20180605/jetty-io-9.3.24.v20180605.jar:/root/.m2/repository/org/eclipse/jetty/jetty-webapp/9.3.24.v20180605/jetty-webapp-9.3.24.v20180605.jar:/root/.m2/repository/org/eclipse/jetty/jetty-xml/9.3.24.v20180605/jetty-xml-9.3.24.v20180605.jar:/root/.m2/repository/log4j/log4j/1.2.17/log4j-1.2.17.jar:/root/.m2/repository/org/slf4j/slf4j-api/1.7.25/slf4j-api-1.7.25.jar:/root/.m2/repository/org/slf4j/jul-to-slf4j/1.7.25/jul-to-slf4j-1.7.25.jar:/root/.m2/repository/org/eclipse/jetty/jetty-util/9.3.24.v20180605/jetty-util-9.3.24.v20180605.jar:/root/.m2/repository/io/dropwizard/metrics/metrics-core/3.2.4/metrics-core-3.2.4.jar:/root/.m2/repository/com/fasterxml/jackson/core/jackson-databind/2.9.5/jackson-databind-2.9.5.jar:/root/.m2/repository/org/apache/hadoop/hadoop-kms/3.2.0/hadoop-kms-3.2.0-tests.jar:/root/.m2/repository/org/apache/hadoop/hadoop-hdds-server-scm/0.5.0-SNAPSHOT/hadoop-hdds-server-scm-0.5.0-SNAPSHOT-tests.jar:/root/.m2/repository/org/hamcrest/hamcrest-all/1.3/hamcrest-all-1.3.jar:/root/.m2/repository/info/picocli/picocli/3.9.6/picocli-3.9.6.jar:/root/.m2/repository/org/apache/hadoop/hadoop-hdds-container-service/0.5.0-SNAPSHOT/hadoop-hdds-container-service-0.5.0-SNAPSHOT-tests.jar:/root/.m2/repository/org/yaml/snakeyaml/1.16/snakeyaml-1.16.jar:/root/.m2/repository/org/apache/hadoop/hadoop-common/3.2.0/hadoop-common-3.2.0-tests.jar:/root/.m2/repository/org/apache/hadoop/hadoop-annotations/3.2.0/hadoop-annotations-3.2.0.jar:/usr/lib/jvm/java-1.8-openjdk/jre/../lib/tools.jar:/root/.m2/repository/commons-cli/commons-cli/1.2/commons-cli-1.2.jar:/root/.m2/repository/org/apache/httpcomponents/httpclient/4.5.2/httpclient-4.5.2.jar:/root/.m2/repository/org/apache/httpcomponents/httpcore/4.4.4/httpcore-4.4.4.jar:/root/.m2/repository/commons-codec/commons-codec/1.11/commons-codec-1.11.jar:/root/.m2/repository/commons-net/commons-net/3.6/commons-net-3.6.jar:/root/.m2/repository/commons-collections/commons-collections/3.2.2/commons-collections-3.2.2.jar:/root/.m2/repository/org/eclipse/jetty/jetty-servlet/9.3.24.v20180605/jetty-servlet-9.3.24.v20180605.jar:/root/.m2/repository/org/eclipse/jetty/jetty-security/9.3.24.v20180605/jetty-security-9.3.24.v20180605.jar:/root/.m2/repository/javax/servlet/jsp/jsp-api/2.1/jsp-api-2.1.jar:/root/.m2/repository/com/sun/jersey/jersey-servlet/1.19/jersey-servlet-1.19.jar:/root/.m2/repository/com/sun/jersey/jersey-json/1.19/jersey-json-1.19.jar:/root/.m2/repository/org/codehaus/jettison/jettison/1.1/jettison-1.1.jar:/root/.m2/repository/org/codehaus/jackson/jackson-core-asl/1.9.13/jackson-core-asl-1.9.13.jar:/root/.m2/repository/org/codehaus/jackson/jackson-mapper-asl/1.9.13/jackson-mapper-asl-1.9.13.jar:/root/.m2/repository/org/codehaus/jackson/jackson-jaxrs/1.9.13/jackson-jaxrs-1.9.13.jar:/root/.m2/repository/org/codehaus/jackson/jackson-xc/1.9.13/jackson-xc-1.9.13.jar:/root/.m2/repository/commons-logging/commons-logging/1.1.3/commons-logging-1.1.3.jar:/root/.m2/repository/commons-beanutils/commons-beanutils/1.9.3/commons-beanutils-1.9.3.jar:/root/.m2/repository/org/apache/commons/commons-configuration2/2.1.1/commons-configuration2-2.1.1.jar:/root/.m2/repository/org/apache/commons/commons-lang3/3.7/commons-lang3-3.7.jar:/root/.m2/repository/org/apache/commons/commons-text/1.4/commons-text-1.4.jar:/root/.m2/repository/org/apache/avro/avro/1.7.7/avro-1.7.7.jar:/root/.m2/repository/com/thoughtworks/paranamer/paranamer/2.3/paranamer-2.3.jar:/root/.m2/repository/org/xerial/snappy/snappy-java/1.0.5/snappy-java-1.0.5.jar:/root/.m2/repository/com/google/re2j/re2j/1.1/re2j-1.1.jar:/root/.m2/repository/com/google/code/gson/gson/2.2.4/gson-2.2.4.jar:/root/.m2/repository/com/jcraft/jsch/0.1.54/jsch-0.1.54.jar:/root/.m2/repository/org/apache/curator/curator-client/2.12.0/curator-client-2.12.0.jar:/root/.m2/repository/org/apache/curator/curator-recipes/2.12.0/curator-recipes-2.12.0.jar:/root/.m2/repository/com/google/code/findbugs/jsr305/3.0.0/jsr305-3.0.0.jar:/root/.m2/repository/org/apache/htrace/htrace-core4/4.1.0-incubating/htrace-core4-4.1.0-incubating.jar:/root/.m2/repository/org/apache/zookeeper/zookeeper/3.4.13/zookeeper-3.4.13.jar:/root/.m2/repository/org/apache/yetus/audience-annotations/0.5.0/audience-annotations-0.5.0.jar:/root/.m2/repository/org/codehaus/woodstox/stax2-api/3.1.4/stax2-api-3.1.4.jar:/root/.m2/repository/com/fasterxml/woodstox/woodstox-core/5.0.3/woodstox-core-5.0.3.jar:/root/.m2/repository/dnsjava/dnsjava/2.1.7/dnsjava-2.1.7.jar:/root/.m2/repository/org/apache/hadoop/hadoop-hdfs/3.2.0/hadoop-hdfs-3.2.0-tests.jar:/root/.m2/repository/org/eclipse/jetty/jetty-util-ajax/9.3.24.v20180605/jetty-util-ajax-9.3.24.v20180605.jar:/root/.m2/repository/commons-daemon/commons-daemon/1.0.13/commons-daemon-1.0.13.jar:/root/.m2/repository/io/netty/netty/3.10.5.Final/netty-3.10.5.Final.jar:/root/.m2/repository/io/netty/netty-all/4.0.52.Final/netty-all-4.0.52.Final.jar:/root/.m2/repository/org/fusesource/leveldbjni/leveldbjni-all/1.8/leveldbjni-all-1.8.jar:"/>
    <property name="java.vm.vendor" value="IcedTea"/>
    <property name="sun.arch.data.model" value="64"/>
    <property name="test.build.dir" value="/opt/src/hadoop-ozone/integration-test/target/test-dir"/>
    <property name="test.cache.data" value=""/>
    <property name="java.vendor.url" value="https://icedtea.classpath.org"/>
    <property name="user.timezone" value=""/>
    <property name="java.vm.specification.version" value="1.8"/>
    <property name="os.name" value="Linux"/>
    <property name="test.build.data" value="/opt/src/hadoop-ozone/integration-test/target/test-dir"/>
    <property name="user.country" value="US"/>
    <property name="sun.java.launcher" value="SUN_STANDARD"/>
    <property name="sun.boot.library.path" value="/usr/lib/jvm/java-1.8-openjdk/jre/lib/amd64"/>
    <property name="sun.java.command" value="/opt/src/hadoop-ozone/integration-test/target/surefire/surefirebooter945421591837047876.jar /opt/src/hadoop-ozone/integration-test/target/surefire 2019-06-12T18-38-54_572-jvmRun1 surefire4013517849276477712tmp surefire_211813830153204225449tmp"/>
    <property name="surefire.test.class.path" value="/opt/src/hadoop-ozone/integration-test/target/test-classes:/opt/src/hadoop-ozone/integration-test/target/classes:/root/.m2/repository/org/apache/hadoop/hadoop-ozone-common/0.5.0-SNAPSHOT/hadoop-ozone-common-0.5.0-SNAPSHOT.jar:/root/.m2/repository/org/apache/commons/commons-compress/1.4.1/commons-compress-1.4.1.jar:/root/.m2/repository/org/tukaani/xz/1.0/xz-1.0.jar:/root/.m2/repository/org/apache/hadoop/hadoop-common/3.2.0/hadoop-common-3.2.0.jar:/root/.m2/repository/org/apache/hadoop/hadoop-hdfs/3.2.0/hadoop-hdfs-3.2.0.jar:/root/.m2/repository/org/apache/hadoop/hadoop-hdfs-client/3.2.0/hadoop-hdfs-client-3.2.0.jar:/root/.m2/repository/com/fasterxml/jackson/core/jackson-annotations/2.9.5/jackson-annotations-2.9.5.jar:/root/.m2/repository/org/apache/hadoop/hadoop-hdds-common/0.5.0-SNAPSHOT/hadoop-hdds-common-0.5.0-SNAPSHOT.jar:/root/.m2/repository/javax/annotation/javax.annotation-api/1.2/javax.annotation-api-1.2.jar:/root/.m2/repository/org/apache/ratis/ratis-server/0.4.0-fe2b15d-SNAPSHOT/ratis-server-0.4.0-fe2b15d-SNAPSHOT.jar:/root/.m2/repository/org/apache/ratis/ratis-thirdparty-misc/0.2.0/ratis-thirdparty-misc-0.2.0.jar:/root/.m2/repository/org/apache/ratis/ratis-proto/0.4.0-fe2b15d-SNAPSHOT/ratis-proto-0.4.0-fe2b15d-SNAPSHOT.jar:/root/.m2/repository/org/apache/ratis/ratis-common/0.4.0-fe2b15d-SNAPSHOT/ratis-common-0.4.0-fe2b15d-SNAPSHOT.jar:/root/.m2/repository/org/apache/ratis/ratis-client/0.4.0-fe2b15d-SNAPSHOT/ratis-client-0.4.0-fe2b15d-SNAPSHOT.jar:/root/.m2/repository/org/apache/ratis/ratis-netty/0.4.0-fe2b15d-SNAPSHOT/ratis-netty-0.4.0-fe2b15d-SNAPSHOT.jar:/root/.m2/repository/org/apache/ratis/ratis-grpc/0.4.0-fe2b15d-SNAPSHOT/ratis-grpc-0.4.0-fe2b15d-SNAPSHOT.jar:/root/.m2/repository/org/rocksdb/rocksdbjni/5.14.2/rocksdbjni-5.14.2.jar:/root/.m2/repository/org/apache/logging/log4j/log4j-api/2.11.0/log4j-api-2.11.0.jar:/root/.m2/repository/org/apache/logging/log4j/log4j-core/2.11.0/log4j-core-2.11.0.jar:/root/.m2/repository/com/lmax/disruptor/3.4.2/disruptor-3.4.2.jar:/root/.m2/repository/org/apache/commons/commons-pool2/2.6.0/commons-pool2-2.6.0.jar:/root/.m2/repository/org/bouncycastle/bcpkix-jdk15on/1.60/bcpkix-jdk15on-1.60.jar:/root/.m2/repository/commons-validator/commons-validator/1.6/commons-validator-1.6.jar:/root/.m2/repository/commons-digester/commons-digester/1.8.1/commons-digester-1.8.1.jar:/root/.m2/repository/io/jaegertracing/jaeger-client/0.33.1/jaeger-client-0.33.1.jar:/root/.m2/repository/io/jaegertracing/jaeger-thrift/0.33.1/jaeger-thrift-0.33.1.jar:/root/.m2/repository/org/apache/thrift/libthrift/0.11.0/libthrift-0.11.0.jar:/root/.m2/repository/com/squareup/okhttp3/okhttp/3.9.0/okhttp-3.9.0.jar:/root/.m2/repository/com/squareup/okio/okio/1.13.0/okio-1.13.0.jar:/root/.m2/repository/io/jaegertracing/jaeger-core/0.33.1/jaeger-core-0.33.1.jar:/root/.m2/repository/io/jaegertracing/jaeger-tracerresolver/0.33.1/jaeger-tracerresolver-0.33.1.jar:/root/.m2/repository/io/opentracing/contrib/opentracing-tracerresolver/0.1.5/opentracing-tracerresolver-0.1.5.jar:/root/.m2/repository/io/opentracing/opentracing-util/0.31.0/opentracing-util-0.31.0.jar:/root/.m2/repository/io/opentracing/opentracing-api/0.31.0/opentracing-api-0.31.0.jar:/root/.m2/repository/io/opentracing/opentracing-noop/0.31.0/opentracing-noop-0.31.0.jar:/root/.m2/repository/org/apache/hadoop/hadoop-hdds-server-framework/0.5.0-SNAPSHOT/hadoop-hdds-server-framework-0.5.0-SNAPSHOT.jar:/root/.m2/repository/org/apache/hadoop/hadoop-hdds-server-scm/0.5.0-SNAPSHOT/hadoop-hdds-server-scm-0.5.0-SNAPSHOT.jar:/root/.m2/repository/org/apache/hadoop/hadoop-hdds-container-service/0.5.0-SNAPSHOT/hadoop-hdds-container-service-0.5.0-SNAPSHOT.jar:/root/.m2/repository/org/apache/hadoop/hadoop-hdds-client/0.5.0-SNAPSHOT/hadoop-hdds-client-0.5.0-SNAPSHOT.jar:/root/.m2/repository/org/apache/hadoop/hadoop-hdds-tools/0.5.0-SNAPSHOT/hadoop-hdds-tools-0.5.0-SNAPSHOT.jar:/root/.m2/repository/org/apache/hadoop/hadoop-ozone-ozone-manager/0.5.0-SNAPSHOT/hadoop-ozone-ozone-manager-0.5.0-SNAPSHOT.jar:/root/.m2/repository/org/apache/hadoop/hadoop-hdds-docs/0.5.0-SNAPSHOT/hadoop-hdds-docs-0.5.0-SNAPSHOT.jar:/root/.m2/repository/org/bouncycastle/bcprov-jdk15on/1.60/bcprov-jdk15on-1.60.jar:/root/.m2/repository/org/apache/hadoop/hadoop-minikdc/3.2.0/hadoop-minikdc-3.2.0.jar:/root/.m2/repository/commons-io/commons-io/2.5/commons-io-2.5.jar:/root/.m2/repository/org/apache/kerby/kerb-simplekdc/1.0.1/kerb-simplekdc-1.0.1.jar:/root/.m2/repository/org/apache/kerby/kerb-client/1.0.1/kerb-client-1.0.1.jar:/root/.m2/repository/org/apache/kerby/kerby-config/1.0.1/kerby-config-1.0.1.jar:/root/.m2/repository/org/apache/kerby/kerb-core/1.0.1/kerb-core-1.0.1.jar:/root/.m2/repository/org/apache/kerby/kerby-pkix/1.0.1/kerby-pkix-1.0.1.jar:/root/.m2/repository/org/apache/kerby/kerby-asn1/1.0.1/kerby-asn1-1.0.1.jar:/root/.m2/repository/org/apache/kerby/kerby-util/1.0.1/kerby-util-1.0.1.jar:/root/.m2/repository/org/apache/kerby/kerb-common/1.0.1/kerb-common-1.0.1.jar:/root/.m2/repository/org/apache/kerby/kerb-crypto/1.0.1/kerb-crypto-1.0.1.jar:/root/.m2/repository/org/apache/kerby/kerb-util/1.0.1/kerb-util-1.0.1.jar:/root/.m2/repository/org/apache/kerby/token-provider/1.0.1/token-provider-1.0.1.jar:/root/.m2/repository/org/apache/kerby/kerb-admin/1.0.1/kerb-admin-1.0.1.jar:/root/.m2/repository/org/apache/kerby/kerb-server/1.0.1/kerb-server-1.0.1.jar:/root/.m2/repository/org/apache/kerby/kerb-identity/1.0.1/kerb-identity-1.0.1.jar:/root/.m2/repository/org/apache/kerby/kerby-xdr/1.0.1/kerby-xdr-1.0.1.jar:/root/.m2/repository/org/slf4j/slf4j-log4j12/1.7.25/slf4j-log4j12-1.7.25.jar:/root/.m2/repository/org/apache/hadoop/hadoop-ozone-objectstore-service/0.5.0-SNAPSHOT/hadoop-ozone-objectstore-service-0.5.0-SNAPSHOT.jar:/root/.m2/repository/org/apache/hadoop/hadoop-ozone-s3gateway/0.5.0-SNAPSHOT/hadoop-ozone-s3gateway-0.5.0-SNAPSHOT.jar:/root/.m2/repository/org/jboss/weld/servlet/weld-servlet/2.4.7.Final/weld-servlet-2.4.7.Final.jar:/root/.m2/repository/org/glassfish/jersey/containers/jersey-container-servlet-core/2.27/jersey-container-servlet-core-2.27.jar:/root/.m2/repository/org/glassfish/hk2/external/javax.inject/2.5.0-b42/javax.inject-2.5.0-b42.jar:/root/.m2/repository/org/glassfish/jersey/core/jersey-common/2.27/jersey-common-2.27.jar:/root/.m2/repository/org/glassfish/hk2/osgi-resource-locator/1.0.1/osgi-resource-locator-1.0.1.jar:/root/.m2/repository/javax/ws/rs/javax.ws.rs-api/2.1/javax.ws.rs-api-2.1.jar:/root/.m2/repository/org/glassfish/jersey/ext/cdi/jersey-cdi1x/2.27/jersey-cdi1x-2.27.jar:/root/.m2/repository/org/glassfish/jersey/inject/jersey-hk2/2.27/jersey-hk2-2.27.jar:/root/.m2/repository/org/glassfish/hk2/hk2-locator/2.5.0-b42/hk2-locator-2.5.0-b42.jar:/root/.m2/repository/org/javassist/javassist/3.22.0-CR2/javassist-3.22.0-CR2.jar:/root/.m2/repository/org/glassfish/hk2/hk2-api/2.5.0/hk2-api-2.5.0.jar:/root/.m2/repository/org/glassfish/hk2/external/jakarta.inject/2.5.0/jakarta.inject-2.5.0.jar:/root/.m2/repository/org/glassfish/hk2/hk2-utils/2.5.0/hk2-utils-2.5.0.jar:/root/.m2/repository/jakarta/annotation/jakarta.annotation-api/1.3.4/jakarta.annotation-api-1.3.4.jar:/root/.m2/repository/org/glassfish/hk2/external/aopalliance-repackaged/2.5.0/aopalliance-repackaged-2.5.0.jar:/root/.m2/repository/com/fasterxml/jackson/dataformat/jackson-dataformat-xml/2.9.0/jackson-dataformat-xml-2.9.0.jar:/root/.m2/repository/com/fasterxml/jackson/core/jackson-core/2.9.5/jackson-core-2.9.5.jar:/root/.m2/repository/com/fasterxml/jackson/module/jackson-module-jaxb-annotations/2.9.5/jackson-module-jaxb-annotations-2.9.5.jar:/root/.m2/repository/javax/enterprise/cdi-api/1.2/cdi-api-1.2.jar:/root/.m2/repository/javax/el/javax.el-api/3.0.0/javax.el-api-3.0.0.jar:/root/.m2/repository/javax/interceptor/javax.interceptor-api/1.2/javax.interceptor-api-1.2.jar:/root/.m2/repository/javax/inject/javax.inject/1/javax.inject-1.jar:/root/.m2/repository/com/sun/xml/bind/jaxb-impl/2.3.0.1/jaxb-impl-2.3.0.1.jar:/root/.m2/repository/com/sun/xml/bind/jaxb-core/2.3.0.1/jaxb-core-2.3.0.1.jar:/root/.m2/repository/javax/xml/bind/jaxb-api/2.3.0/jaxb-api-2.3.0.jar:/root/.m2/repository/javax/activation/activation/1.1.1/activation-1.1.1.jar:/root/.m2/repository/org/apache/hadoop/hadoop-ozone-csi/0.5.0-SNAPSHOT/hadoop-ozone-csi-0.5.0-SNAPSHOT.jar:/root/.m2/repository/com/google/protobuf/protobuf-java-util/3.5.1/protobuf-java-util-3.5.1.jar:/root/.m2/repository/org/apache/hadoop/hadoop-hdds-config/0.5.0-SNAPSHOT/hadoop-hdds-config-0.5.0-SNAPSHOT.jar:/root/.m2/repository/com/google/guava/guava/11.0.2/guava-11.0.2.jar:/root/.m2/repository/com/google/protobuf/protobuf-java/2.5.0/protobuf-java-2.5.0.jar:/root/.m2/repository/io/grpc/grpc-netty/1.17.1/grpc-netty-1.17.1.jar:/root/.m2/repository/io/grpc/grpc-core/1.17.1/grpc-core-1.17.1.jar:/root/.m2/repository/io/grpc/grpc-context/1.17.1/grpc-context-1.17.1.jar:/root/.m2/repository/com/google/errorprone/error_prone_annotations/2.2.0/error_prone_annotations-2.2.0.jar:/root/.m2/repository/org/codehaus/mojo/animal-sniffer-annotations/1.17/animal-sniffer-annotations-1.17.jar:/root/.m2/repository/io/opencensus/opencensus-api/0.17.0/opencensus-api-0.17.0.jar:/root/.m2/repository/io/opencensus/opencensus-contrib-grpc-metrics/0.17.0/opencensus-contrib-grpc-metrics-0.17.0.jar:/root/.m2/repository/io/netty/netty-codec-http2/4.1.30.Final/netty-codec-http2-4.1.30.Final.jar:/root/.m2/repository/io/netty/netty-codec-http/4.1.30.Final/netty-codec-http-4.1.30.Final.jar:/root/.m2/repository/io/netty/netty-codec/4.1.30.Final/netty-codec-4.1.30.Final.jar:/root/.m2/repository/io/netty/netty-handler/4.1.30.Final/netty-handler-4.1.30.Final.jar:/root/.m2/repository/io/netty/netty-handler-proxy/4.1.30.Final/netty-handler-proxy-4.1.30.Final.jar:/root/.m2/repository/io/netty/netty-codec-socks/4.1.30.Final/netty-codec-socks-4.1.30.Final.jar:/root/.m2/repository/io/netty/netty-transport-native-epoll/4.1.30.Final/netty-transport-native-epoll-4.1.30.Final.jar:/root/.m2/repository/io/netty/netty-common/4.1.30.Final/netty-common-4.1.30.Final.jar:/root/.m2/repository/io/netty/netty-buffer/4.1.30.Final/netty-buffer-4.1.30.Final.jar:/root/.m2/repository/io/netty/netty-transport/4.1.30.Final/netty-transport-4.1.30.Final.jar:/root/.m2/repository/io/netty/netty-resolver/4.1.30.Final/netty-resolver-4.1.30.Final.jar:/root/.m2/repository/io/netty/netty-transport-native-unix-common/4.1.30.Final/netty-transport-native-unix-common-4.1.30.Final.jar:/root/.m2/repository/io/grpc/grpc-protobuf/1.17.1/grpc-protobuf-1.17.1.jar:/root/.m2/repository/com/google/api/grpc/proto-google-common-protos/1.0.0/proto-google-common-protos-1.0.0.jar:/root/.m2/repository/io/grpc/grpc-protobuf-lite/1.17.1/grpc-protobuf-lite-1.17.1.jar:/root/.m2/repository/io/grpc/grpc-stub/1.17.1/grpc-stub-1.17.1.jar:/root/.m2/repository/org/apache/hadoop/hadoop-ozone-recon/0.5.0-SNAPSHOT/hadoop-ozone-recon-0.5.0-SNAPSHOT.jar:/root/.m2/repository/org/apache/hadoop/hadoop-ozone-reconcodegen/0.5.0-SNAPSHOT/hadoop-ozone-reconcodegen-0.5.0-SNAPSHOT.jar:/root/.m2/repository/com/google/inject/extensions/guice-multibindings/4.0/guice-multibindings-4.0.jar:/root/.m2/repository/com/google/inject/guice/4.0/guice-4.0.jar:/root/.m2/repository/aopalliance/aopalliance/1.0/aopalliance-1.0.jar:/root/.m2/repository/com/google/inject/extensions/guice-servlet/4.0/guice-servlet-4.0.jar:/root/.m2/repository/org/glassfish/jersey/containers/jersey-container-servlet/2.27/jersey-container-servlet-2.27.jar:/root/.m2/repository/org/glassfish/hk2/guice-bridge/2.5.0/guice-bridge-2.5.0.jar:/root/.m2/repository/org/glassfish/jersey/core/jersey-server/2.27/jersey-server-2.27.jar:/root/.m2/repository/org/glassfish/jersey/core/jersey-client/2.27/jersey-client-2.27.jar:/root/.m2/repository/org/glassfish/jersey/media/jersey-media-jaxb/2.27/jersey-media-jaxb-2.27.jar:/root/.m2/repository/javax/validation/validation-api/1.1.0.Final/validation-api-1.1.0.Final.jar:/root/.m2/repository/org/glassfish/jersey/media/jersey-media-json-jackson/2.27/jersey-media-json-jackson-2.27.jar:/root/.m2/repository/org/glassfish/jersey/ext/jersey-entity-filtering/2.27/jersey-entity-filtering-2.27.jar:/root/.m2/repository/com/google/inject/extensions/guice-assistedinject/4.0/guice-assistedinject-4.0.jar:/root/.m2/repository/org/jooq/jooq/3.11.10/jooq-3.11.10.jar:/root/.m2/repository/org/jooq/jooq-meta/3.11.10/jooq-meta-3.11.10.jar:/root/.m2/repository/org/jooq/jooq-codegen/3.11.10/jooq-codegen-3.11.10.jar:/root/.m2/repository/com/jolbox/bonecp/0.8.0.RELEASE/bonecp-0.8.0.RELEASE.jar:/root/.m2/repository/org/xerial/sqlite-jdbc/3.25.2/sqlite-jdbc-3.25.2.jar:/root/.m2/repository/org/springframework/spring-jdbc/5.1.3.RELEASE/spring-jdbc-5.1.3.RELEASE.jar:/root/.m2/repository/org/springframework/spring-beans/5.1.3.RELEASE/spring-beans-5.1.3.RELEASE.jar:/root/.m2/repository/org/springframework/spring-core/5.1.3.RELEASE/spring-core-5.1.3.RELEASE.jar:/root/.m2/repository/org/springframework/spring-jcl/5.1.3.RELEASE/spring-jcl-5.1.3.RELEASE.jar:/root/.m2/repository/org/springframework/spring-tx/5.1.3.RELEASE/spring-tx-5.1.3.RELEASE.jar:/root/.m2/repository/org/apache/hadoop/hadoop-ozone-client/0.5.0-SNAPSHOT/hadoop-ozone-client-0.5.0-SNAPSHOT.jar:/root/.m2/repository/org/apache/hadoop/hadoop-ozone-ozone-manager/0.5.0-SNAPSHOT/hadoop-ozone-ozone-manager-0.5.0-SNAPSHOT-tests.jar:/root/.m2/repository/junit/junit/4.11/junit-4.11.jar:/root/.m2/repository/org/hamcrest/hamcrest-core/1.3/hamcrest-core-1.3.jar:/root/.m2/repository/org/openjdk/jmh/jmh-core/1.19/jmh-core-1.19.jar:/root/.m2/repository/net/sf/jopt-simple/jopt-simple/4.6/jopt-simple-4.6.jar:/root/.m2/repository/org/apache/commons/commons-math3/3.1.1/commons-math3-3.1.1.jar:/root/.m2/repository/org/openjdk/jmh/jmh-generator-annprocess/1.19/jmh-generator-annprocess-1.19.jar:/root/.m2/repository/org/mockito/mockito-all/1.8.5/mockito-all-1.8.5.jar:/root/.m2/repository/org/apache/hadoop/hadoop-kms/3.2.0/hadoop-kms-3.2.0.jar:/root/.m2/repository/org/apache/hadoop/hadoop-auth/3.2.0/hadoop-auth-3.2.0.jar:/root/.m2/repository/com/nimbusds/nimbus-jose-jwt/4.41.1/nimbus-jose-jwt-4.41.1.jar:/root/.m2/repository/com/github/stephenc/jcip/jcip-annotations/1.0-1/jcip-annotations-1.0-1.jar:/root/.m2/repository/net/minidev/json-smart/2.3/json-smart-2.3.jar:/root/.m2/repository/net/minidev/accessors-smart/1.2/accessors-smart-1.2.jar:/root/.m2/repository/org/ow2/asm/asm/5.0.4/asm-5.0.4.jar:/root/.m2/repository/org/apache/curator/curator-framework/2.12.0/curator-framework-2.12.0.jar:/root/.m2/repository/com/sun/jersey/jersey-core/1.19/jersey-core-1.19.jar:/root/.m2/repository/javax/ws/rs/jsr311-api/1.1.1/jsr311-api-1.1.1.jar:/root/.m2/repository/com/sun/jersey/jersey-server/1.19/jersey-server-1.19.jar:/root/.m2/repository/javax/servlet/javax.servlet-api/3.1.0/javax.servlet-api-3.1.0.jar:/root/.m2/repository/org/eclipse/jetty/jetty-server/9.3.24.v20180605/jetty-server-9.3.24.v20180605.jar:/root/.m2/repository/org/eclipse/jetty/jetty-http/9.3.24.v20180605/jetty-http-9.3.24.v20180605.jar:/root/.m2/repository/org/eclipse/jetty/jetty-io/9.3.24.v20180605/jetty-io-9.3.24.v20180605.jar:/root/.m2/repository/org/eclipse/jetty/jetty-webapp/9.3.24.v20180605/jetty-webapp-9.3.24.v20180605.jar:/root/.m2/repository/org/eclipse/jetty/jetty-xml/9.3.24.v20180605/jetty-xml-9.3.24.v20180605.jar:/root/.m2/repository/log4j/log4j/1.2.17/log4j-1.2.17.jar:/root/.m2/repository/org/slf4j/slf4j-api/1.7.25/slf4j-api-1.7.25.jar:/root/.m2/repository/org/slf4j/jul-to-slf4j/1.7.25/jul-to-slf4j-1.7.25.jar:/root/.m2/repository/org/eclipse/jetty/jetty-util/9.3.24.v20180605/jetty-util-9.3.24.v20180605.jar:/root/.m2/repository/io/dropwizard/metrics/metrics-core/3.2.4/metrics-core-3.2.4.jar:/root/.m2/repository/com/fasterxml/jackson/core/jackson-databind/2.9.5/jackson-databind-2.9.5.jar:/root/.m2/repository/org/apache/hadoop/hadoop-kms/3.2.0/hadoop-kms-3.2.0-tests.jar:/root/.m2/repository/org/apache/hadoop/hadoop-hdds-server-scm/0.5.0-SNAPSHOT/hadoop-hdds-server-scm-0.5.0-SNAPSHOT-tests.jar:/root/.m2/repository/org/hamcrest/hamcrest-all/1.3/hamcrest-all-1.3.jar:/root/.m2/repository/info/picocli/picocli/3.9.6/picocli-3.9.6.jar:/root/.m2/repository/org/apache/hadoop/hadoop-hdds-container-service/0.5.0-SNAPSHOT/hadoop-hdds-container-service-0.5.0-SNAPSHOT-tests.jar:/root/.m2/repository/org/yaml/snakeyaml/1.16/snakeyaml-1.16.jar:/root/.m2/repository/org/apache/hadoop/hadoop-common/3.2.0/hadoop-common-3.2.0-tests.jar:/root/.m2/repository/org/apache/hadoop/hadoop-annotations/3.2.0/hadoop-annotations-3.2.0.jar:/usr/lib/jvm/java-1.8-openjdk/jre/../lib/tools.jar:/root/.m2/repository/commons-cli/commons-cli/1.2/commons-cli-1.2.jar:/root/.m2/repository/org/apache/httpcomponents/httpclient/4.5.2/httpclient-4.5.2.jar:/root/.m2/repository/org/apache/httpcomponents/httpcore/4.4.4/httpcore-4.4.4.jar:/root/.m2/repository/commons-codec/commons-codec/1.11/commons-codec-1.11.jar:/root/.m2/repository/commons-net/commons-net/3.6/commons-net-3.6.jar:/root/.m2/repository/commons-collections/commons-collections/3.2.2/commons-collections-3.2.2.jar:/root/.m2/repository/org/eclipse/jetty/jetty-servlet/9.3.24.v20180605/jetty-servlet-9.3.24.v20180605.jar:/root/.m2/repository/org/eclipse/jetty/jetty-security/9.3.24.v20180605/jetty-security-9.3.24.v20180605.jar:/root/.m2/repository/javax/servlet/jsp/jsp-api/2.1/jsp-api-2.1.jar:/root/.m2/repository/com/sun/jersey/jersey-servlet/1.19/jersey-servlet-1.19.jar:/root/.m2/repository/com/sun/jersey/jersey-json/1.19/jersey-json-1.19.jar:/root/.m2/repository/org/codehaus/jettison/jettison/1.1/jettison-1.1.jar:/root/.m2/repository/org/codehaus/jackson/jackson-core-asl/1.9.13/jackson-core-asl-1.9.13.jar:/root/.m2/repository/org/codehaus/jackson/jackson-mapper-asl/1.9.13/jackson-mapper-asl-1.9.13.jar:/root/.m2/repository/org/codehaus/jackson/jackson-jaxrs/1.9.13/jackson-jaxrs-1.9.13.jar:/root/.m2/repository/org/codehaus/jackson/jackson-xc/1.9.13/jackson-xc-1.9.13.jar:/root/.m2/repository/commons-logging/commons-logging/1.1.3/commons-logging-1.1.3.jar:/root/.m2/repository/commons-beanutils/commons-beanutils/1.9.3/commons-beanutils-1.9.3.jar:/root/.m2/repository/org/apache/commons/commons-configuration2/2.1.1/commons-configuration2-2.1.1.jar:/root/.m2/repository/org/apache/commons/commons-lang3/3.7/commons-lang3-3.7.jar:/root/.m2/repository/org/apache/commons/commons-text/1.4/commons-text-1.4.jar:/root/.m2/repository/org/apache/avro/avro/1.7.7/avro-1.7.7.jar:/root/.m2/repository/com/thoughtworks/paranamer/paranamer/2.3/paranamer-2.3.jar:/root/.m2/repository/org/xerial/snappy/snappy-java/1.0.5/snappy-java-1.0.5.jar:/root/.m2/repository/com/google/re2j/re2j/1.1/re2j-1.1.jar:/root/.m2/repository/com/google/code/gson/gson/2.2.4/gson-2.2.4.jar:/root/.m2/repository/com/jcraft/jsch/0.1.54/jsch-0.1.54.jar:/root/.m2/repository/org/apache/curator/curator-client/2.12.0/curator-client-2.12.0.jar:/root/.m2/repository/org/apache/curator/curator-recipes/2.12.0/curator-recipes-2.12.0.jar:/root/.m2/repository/com/google/code/findbugs/jsr305/3.0.0/jsr305-3.0.0.jar:/root/.m2/repository/org/apache/htrace/htrace-core4/4.1.0-incubating/htrace-core4-4.1.0-incubating.jar:/root/.m2/repository/org/apache/zookeeper/zookeeper/3.4.13/zookeeper-3.4.13.jar:/root/.m2/repository/org/apache/yetus/audience-annotations/0.5.0/audience-annotations-0.5.0.jar:/root/.m2/repository/org/codehaus/woodstox/stax2-api/3.1.4/stax2-api-3.1.4.jar:/root/.m2/repository/com/fasterxml/woodstox/woodstox-core/5.0.3/woodstox-core-5.0.3.jar:/root/.m2/repository/dnsjava/dnsjava/2.1.7/dnsjava-2.1.7.jar:/root/.m2/repository/org/apache/hadoop/hadoop-hdfs/3.2.0/hadoop-hdfs-3.2.0-tests.jar:/root/.m2/repository/org/eclipse/jetty/jetty-util-ajax/9.3.24.v20180605/jetty-util-ajax-9.3.24.v20180605.jar:/root/.m2/repository/commons-daemon/commons-daemon/1.0.13/commons-daemon-1.0.13.jar:/root/.m2/repository/io/netty/netty/3.10.5.Final/netty-3.10.5.Final.jar:/root/.m2/repository/io/netty/netty-all/4.0.52.Final/netty-all-4.0.52.Final.jar:/root/.m2/repository/org/fusesource/leveldbjni/leveldbjni-all/1.8/leveldbjni-all-1.8.jar:"/>
    <property name="sun.cpu.endian" value="little"/>
    <property name="user.home" value="/root"/>
    <property name="user.language" value="en"/>
    <property name="java.specification.vendor" value="Oracle Corporation"/>
    <property name="java.home" value="/usr/lib/jvm/java-1.8-openjdk/jre"/>
    <property name="java.security.krb5.conf" value="/opt/src/hadoop-ozone/integration-test/target/test-classes/krb5.conf"/>
    <property name="basedir" value="/opt/src/hadoop-ozone/integration-test"/>
    <property name="file.separator" value="/"/>
    <property name="line.separator" value="&#10;"/>
    <property name="java.vm.specification.vendor" value="Oracle Corporation"/>
    <property name="java.specification.name" value="Java Platform API Specification"/>
    <property name="java.awt.graphicsenv" value="sun.awt.X11GraphicsEnvironment"/>
    <property name="surefire.real.class.path" value="/opt/src/hadoop-ozone/integration-test/target/surefire/surefirebooter945421591837047876.jar"/>
    <property name="hadoop.log.dir" value="/opt/src/hadoop-ozone/integration-test/target/log"/>
    <property name="sun.boot.class.path" value="/usr/lib/jvm/java-1.8-openjdk/jre/lib/resources.jar:/usr/lib/jvm/java-1.8-openjdk/jre/lib/rt.jar:/usr/lib/jvm/java-1.8-openjdk/jre/lib/sunrsasign.jar:/usr/lib/jvm/java-1.8-openjdk/jre/lib/jsse.jar:/usr/lib/jvm/java-1.8-openjdk/jre/lib/jce.jar:/usr/lib/jvm/java-1.8-openjdk/jre/lib/charsets.jar:/usr/lib/jvm/java-1.8-openjdk/jre/lib/jfr.jar:/usr/lib/jvm/java-1.8-openjdk/jre/classes"/>
    <property name="sun.management.compiler" value="HotSpot 64-Bit Tiered Compilers"/>
    <property name="java.runtime.version" value="1.8.0_212-b04"/>
    <property name="java.net.preferIPv4Stack" value="true"/>
    <property name="user.name" value="root"/>
    <property name="path.separator" value=":"/>
    <property name="java.security.egd" value="file:///dev/urandom"/>
    <property name="os.version" value="4.15.0-1021-aws"/>
    <property name="java.endorsed.dirs" value="/usr/lib/jvm/java-1.8-openjdk/jre/lib/endorsed"/>
    <property name="java.runtime.name" value="OpenJDK Runtime Environment"/>
    <property name="file.encoding" value="UTF-8"/>
    <property name="java.vm.name" value="OpenJDK 64-Bit Server VM"/>
    <property name="test.build.webapps" value=""/>
    <property name="localRepository" value="/root/.m2/repository"/>
    <property name="java.vendor.url.bug" value="https://icedtea.classpath.org/bugzilla"/>
    <property name="java.io.tmpdir" value="/tmp"/>
    <property name="require.test.libhadoop" value=""/>
    <property name="java.version" value="1.8.0_212"/>
    <property name="user.dir" value="/opt/src/hadoop-ozone/integration-test"/>
    <property name="os.arch" value="amd64"/>
    <property name="java.vm.specification.name" value="Java Virtual Machine Specification"/>
    <property name="test.build.classes" value="/opt/src/hadoop-ozone/integration-test/target/test-classes"/>
    <property name="java.awt.printerjob" value="sun.print.PSPrinterJob"/>
    <property name="sun.os.patch.level" value="unknown"/>
    <property name="hadoop.tmp.dir" value="/opt/src/hadoop-ozone/integration-test/target/tmp"/>
    <property name="java.library.path" value="/usr/lib/jvm/java-1.8-openjdk/jre/lib/amd64/server:/usr/lib/jvm/java-1.8-openjdk/jre/lib/amd64:/usr/lib/jvm/java-1.8-openjdk/jre/../lib/amd64:/opt/src/hadoop-ozone/integration-test/target/native/target/usr/local/lib:/opt/src/hadoop-ozone/integration-test/../../hadoop-common-project/hadoop-common/target/native/target/usr/local/lib:/usr/java/packages/lib/amd64:/usr/lib64:/lib64:/lib:/usr/lib"/>
    <property name="java.vm.info" value="mixed mode"/>
    <property name="java.vendor" value="IcedTea"/>
    <property name="java.vm.version" value="25.212-b04"/>
    <property name="java.ext.dirs" value="/usr/lib/jvm/java-1.8-openjdk/jre/lib/ext:/usr/java/packages/lib/ext"/>
    <property name="sun.io.unicode.encoding" value="UnicodeLittle"/>
    <property name="java.class.version" value="52.0"/>
  </properties>
  <testcase name="testWatchForCommitWithKeyWrite" classname="org.apache.hadoop.ozone.client.rpc.TestWatchForCommit" time="16.512">
    <failure message="expected:&lt;4&gt; but was:&lt;8&gt;" type="java.lang.AssertionError"><![CDATA[java.lang.AssertionError: expected:<4> but was:<8>
	at org.junit.Assert.fail(Assert.java:88)
	at org.junit.Assert.failNotEquals(Assert.java:743)
	at org.junit.Assert.assertEquals(Assert.java:118)
	at org.junit.Assert.assertEquals(Assert.java:555)
	at org.junit.Assert.assertEquals(Assert.java:542)
	at org.apache.hadoop.ozone.client.rpc.TestWatchForCommit.testWatchForCommitWithKeyWrite(TestWatchForCommit.java:167)
	at sun.reflect.NativeMethodAccessorImpl.invoke0(Native Method)
	at sun.reflect.NativeMethodAccessorImpl.invoke(NativeMethodAccessorImpl.java:62)
	at sun.reflect.DelegatingMethodAccessorImpl.invoke(DelegatingMethodAccessorImpl.java:43)
	at java.lang.reflect.Method.invoke(Method.java:498)
	at org.junit.runners.model.FrameworkMethod$1.runReflectiveCall(FrameworkMethod.java:47)
	at org.junit.internal.runners.model.ReflectiveCallable.run(ReflectiveCallable.java:12)
	at org.junit.runners.model.FrameworkMethod.invokeExplosively(FrameworkMethod.java:44)
	at org.junit.internal.runners.statements.InvokeMethod.evaluate(InvokeMethod.java:17)
	at org.junit.runners.ParentRunner.runLeaf(ParentRunner.java:271)
	at org.junit.runners.BlockJUnit4ClassRunner.runChild(BlockJUnit4ClassRunner.java:70)
	at org.junit.runners.BlockJUnit4ClassRunner.runChild(BlockJUnit4ClassRunner.java:50)
	at org.junit.runners.ParentRunner$3.run(ParentRunner.java:238)
	at org.junit.runners.ParentRunner$1.schedule(ParentRunner.java:63)
	at org.junit.runners.ParentRunner.runChildren(ParentRunner.java:236)
	at org.junit.runners.ParentRunner.access$000(ParentRunner.java:53)
	at org.junit.runners.ParentRunner$2.evaluate(ParentRunner.java:229)
	at org.junit.runners.ParentRunner.run(ParentRunner.java:309)
	at org.apache.maven.surefire.junit4.JUnit4Provider.execute(JUnit4Provider.java:365)
	at org.apache.maven.surefire.junit4.JUnit4Provider.executeWithRerun(JUnit4Provider.java:273)
	at org.apache.maven.surefire.junit4.JUnit4Provider.executeTestSet(JUnit4Provider.java:238)
	at org.apache.maven.surefire.junit4.JUnit4Provider.invoke(JUnit4Provider.java:159)
	at org.apache.maven.surefire.booter.ForkedBooter.invokeProviderInSameClassLoader(ForkedBooter.java:384)
	at org.apache.maven.surefire.booter.ForkedBooter.runSuitesInProcess(ForkedBooter.java:345)
	at org.apache.maven.surefire.booter.ForkedBooter.execute(ForkedBooter.java:126)
	at org.apache.maven.surefire.booter.ForkedBooter.main(ForkedBooter.java:418)
]]></failure>
    <system-out><![CDATA[2019-06-12 18:53:56,192 WARN  server.ServerUtils (ServerUtils.java:getScmDbDir(145)) - ozone.scm.db.dirs is not configured. We recommend adding this setting. Falling back to ozone.metadata.dirs instead.
2019-06-12 18:53:56,256 WARN  server.ServerUtils (ServerUtils.java:getScmDbDir(145)) - ozone.scm.db.dirs is not configured. We recommend adding this setting. Falling back to ozone.metadata.dirs instead.
2019-06-12 18:53:56,259 WARN  server.ServerUtils (ServerUtils.java:getScmDbDir(145)) - ozone.scm.db.dirs is not configured. We recommend adding this setting. Falling back to ozone.metadata.dirs instead.
2019-06-12 18:53:56,271 INFO  util.log (Log.java:initialized(192)) - Logging initialized @619ms
2019-06-12 18:53:56,349 INFO  db.DBStoreBuilder (DBStoreBuilder.java:addTable(110)) - using custom profile for table: deletedBlocks
2019-06-12 18:53:56,349 INFO  db.DBStoreBuilder (DBStoreBuilder.java:processTables(161)) - Using default column profile:DBProfile.DISK for Table:deletedBlocks
2019-06-12 18:53:56,349 INFO  db.DBStoreBuilder (DBStoreBuilder.java:addTable(110)) - using custom profile for table: validCerts
2019-06-12 18:53:56,349 INFO  db.DBStoreBuilder (DBStoreBuilder.java:processTables(161)) - Using default column profile:DBProfile.DISK for Table:validCerts
2019-06-12 18:53:56,350 INFO  db.DBStoreBuilder (DBStoreBuilder.java:addTable(110)) - using custom profile for table: revokedCerts
2019-06-12 18:53:56,350 INFO  db.DBStoreBuilder (DBStoreBuilder.java:processTables(161)) - Using default column profile:DBProfile.DISK for Table:revokedCerts
2019-06-12 18:53:56,358 INFO  db.DBStoreBuilder (DBStoreBuilder.java:addTable(110)) - using custom profile for table: default
2019-06-12 18:53:56,359 INFO  db.DBStoreBuilder (DBStoreBuilder.java:processTables(167)) - Using default column profile:DBProfile.DISK for Table:default
2019-06-12 18:53:56,360 INFO  db.DBStoreBuilder (DBStoreBuilder.java:getDbProfile(198)) - Using default options. DBProfile.DISK
2019-06-12 18:53:56,421 WARN  server.ServerUtils (ServerUtils.java:sanitizeUserArgs(70)) - ozone.scm.stale.node.interval value = 300000 is larger than max = 100000 based on the key value of ozone.scm.heartbeat.thread.interval, reset to the max value 100000.
2019-06-12 18:53:56,421 WARN  server.ServerUtils (ServerUtils.java:sanitizeUserArgs(70)) - ozone.scm.stale.node.interval value = 300000 is larger than max = 100000 based on the key value of ozone.scm.heartbeat.thread.interval, reset to the max value 100000.
2019-06-12 18:53:56,423 INFO  node.SCMNodeManager (SCMNodeManager.java:<init>(108)) - Entering startup safe mode.
2019-06-12 18:53:56,472 INFO  net.NodeSchemaLoader (NodeSchemaLoader.java:loadSchemaFromFile(125)) - Loading file from sun.misc.CompoundEnumeration@6c6cb480
2019-06-12 18:53:56,474 INFO  net.NodeSchemaLoader (NodeSchemaLoader.java:loadSchema(171)) - Loading network topology layer schema file
2019-06-12 18:53:56,518 WARN  server.ServerUtils (ServerUtils.java:getScmDbDir(145)) - ozone.scm.db.dirs is not configured. We recommend adding this setting. Falling back to ozone.metadata.dirs instead.
2019-06-12 18:53:56,536 INFO  pipeline.SCMPipelineManager (SCMPipelineManager.java:initializePipelineState(126)) - No pipeline exists in current db
2019-06-12 18:53:56,538 WARN  server.ServerUtils (ServerUtils.java:getScmDbDir(145)) - ozone.scm.db.dirs is not configured. We recommend adding this setting. Falling back to ozone.metadata.dirs instead.
2019-06-12 18:53:56,585 WARN  events.EventQueue (EventQueue.java:fireEvent(175)) - No event handler registered for event TypedEvent{payloadType=SafeModeStatus, name='SafeModeStatus'}
2019-06-12 18:53:56,845 INFO  ipc.CallQueueManager (CallQueueManager.java:<init>(84)) - Using callQueue: class java.util.concurrent.LinkedBlockingQueue, queueCapacity: 2000, scheduler: class org.apache.hadoop.ipc.DefaultRpcScheduler, ipcBackoff: false.
2019-06-12 18:53:56,865 INFO  ipc.Server (Server.java:run(1074)) - Starting Socket Reader #1 for port 45959
2019-06-12 18:53:56,884 INFO  ipc.CallQueueManager (CallQueueManager.java:<init>(84)) - Using callQueue: class java.util.concurrent.LinkedBlockingQueue, queueCapacity: 2000, scheduler: class org.apache.hadoop.ipc.DefaultRpcScheduler, ipcBackoff: false.
2019-06-12 18:53:56,908 INFO  ipc.Server (Server.java:run(1074)) - Starting Socket Reader #1 for port 33063
2019-06-12 18:53:56,915 INFO  ipc.CallQueueManager (CallQueueManager.java:<init>(84)) - Using callQueue: class java.util.concurrent.LinkedBlockingQueue, queueCapacity: 2000, scheduler: class org.apache.hadoop.ipc.DefaultRpcScheduler, ipcBackoff: false.
2019-06-12 18:53:56,916 INFO  ipc.Server (Server.java:run(1074)) - Starting Socket Reader #1 for port 34407
2019-06-12 18:53:56,936 INFO  hdfs.DFSUtil (DFSUtil.java:httpServerTemplateForNNAndJN(1641)) - Starting Web-server for scm at: http://0.0.0.0:0
2019-06-12 18:53:57,058 INFO  server.AuthenticationFilter (AuthenticationFilter.java:constructSecretProvider(240)) - Unable to initialize FileSignerSecretProvider, falling back to use random secrets.
2019-06-12 18:53:57,064 WARN  http.HttpRequestLog (HttpRequestLog.java:getRequestLog(97)) - Jetty request log can only be enabled using Log4j
2019-06-12 18:53:57,070 INFO  http.HttpServer2 (HttpServer2.java:addGlobalFilter(975)) - Added global filter 'safety' (class=org.apache.hadoop.http.HttpServer2$QuotingInputFilter)
2019-06-12 18:53:57,073 INFO  http.HttpServer2 (HttpServer2.java:addFilter(948)) - Added filter static_user_filter (class=org.apache.hadoop.http.lib.StaticUserWebFilter$StaticUserFilter) to context scm
2019-06-12 18:53:57,073 INFO  http.HttpServer2 (HttpServer2.java:addFilter(958)) - Added filter static_user_filter (class=org.apache.hadoop.http.lib.StaticUserWebFilter$StaticUserFilter) to context static
2019-06-12 18:53:57,073 INFO  http.HttpServer2 (HttpServer2.java:addFilter(958)) - Added filter static_user_filter (class=org.apache.hadoop.http.lib.StaticUserWebFilter$StaticUserFilter) to context logs
2019-06-12 18:53:57,095 INFO  server.StorageContainerManager (StorageContainerManager.java:start(752)) - StorageContainerLocationProtocol RPC server is listening at /0.0.0.0:34407
2019-06-12 18:53:57,140 WARN  impl.MetricsConfig (MetricsConfig.java:loadFirst(134)) - Cannot locate configuration: tried hadoop-metrics2-storagecontainermanager.properties,hadoop-metrics2.properties
2019-06-12 18:53:57,150 INFO  impl.MetricsSystemImpl (MetricsSystemImpl.java:startTimer(374)) - Scheduled Metric snapshot period at 10 second(s).
2019-06-12 18:53:57,150 INFO  impl.MetricsSystemImpl (MetricsSystemImpl.java:start(191)) - StorageContainerManager metrics system started
2019-06-12 18:53:57,309 INFO  server.SCMClientProtocolServer (SCMClientProtocolServer.java:start(149)) - RPC server for Client  is listening at /0.0.0.0:34407
2019-06-12 18:53:57,310 INFO  ipc.Server (Server.java:run(1314)) - IPC Server Responder: starting
2019-06-12 18:53:57,310 INFO  ipc.Server (Server.java:run(1153)) - IPC Server listener on 34407: starting
2019-06-12 18:53:57,312 INFO  server.StorageContainerManager (StorageContainerManager.java:start(761)) - ScmBlockLocationProtocol RPC server is listening at /0.0.0.0:33063
2019-06-12 18:53:57,312 INFO  server.SCMBlockProtocolServer (SCMBlockProtocolServer.java:start(137)) - RPC server for Block Protocol is listening at /0.0.0.0:33063
2019-06-12 18:53:57,313 INFO  ipc.Server (Server.java:run(1314)) - IPC Server Responder: starting
2019-06-12 18:53:57,313 INFO  ipc.Server (Server.java:run(1153)) - IPC Server listener on 33063: starting
2019-06-12 18:53:57,317 INFO  server.StorageContainerManager (StorageContainerManager.java:start(765)) - ScmDatanodeProtocl RPC server is listening at /0.0.0.0:45959
2019-06-12 18:53:57,317 INFO  server.SCMDatanodeProtocolServer (SCMDatanodeProtocolServer.java:start(191)) - RPC server for DataNodes is listening at /0.0.0.0:45959
2019-06-12 18:53:57,317 INFO  ipc.Server (Server.java:run(1314)) - IPC Server Responder: starting
2019-06-12 18:53:57,318 INFO  ipc.Server (Server.java:run(1153)) - IPC Server listener on 45959: starting
2019-06-12 18:53:57,320 INFO  http.HttpServer2 (HttpServer2.java:bindListener(1191)) - Jetty bound to port 36367
2019-06-12 18:53:57,321 INFO  server.Server (Server.java:doStart(351)) - jetty-9.3.24.v20180605, build timestamp: 2018-06-05T17:11:56Z, git hash: 84205aa28f11a4f31f2a3b86d1bba2cc8ab69827
2019-06-12 18:53:57,352 INFO  handler.ContextHandler (ContextHandler.java:doStart(781)) - Started o.e.j.s.ServletContextHandler@4758820d{/logs,file:///opt/src/hadoop-ozone/integration-test/target/log,AVAILABLE}
2019-06-12 18:53:57,353 INFO  handler.ContextHandler (ContextHandler.java:doStart(781)) - Started o.e.j.s.ServletContextHandler@28ec166e{/static,file:///opt/src/hadoop-ozone/integration-test/target/test-classes/webapps/static,AVAILABLE}
2019-06-12 18:53:57,385 INFO  handler.ContextHandler (ContextHandler.java:doStart(781)) - Started o.e.j.w.WebAppContext@6b5966e1{/,file:///opt/src/hadoop-ozone/integration-test/target/test-classes/webapps/scm/,AVAILABLE}{/scm}
2019-06-12 18:53:57,390 INFO  server.AbstractConnector (AbstractConnector.java:doStart(278)) - Started ServerConnector@1d9bec4d{HTTP/1.1,[http/1.1]}{0.0.0.0:36367}
2019-06-12 18:53:57,390 INFO  server.Server (Server.java:doStart(419)) - Started @1738ms
2019-06-12 18:53:57,424 INFO  server.BaseHttpServer (BaseHttpServer.java:updateConnectorAddress(207)) - HTTP server of SCM is listening at http://0.0.0.0:36367
2019-06-12 18:53:57,429 INFO  util.JvmPauseMonitor (JvmPauseMonitor.java:run(188)) - Starting JVM pause monitor
2019-06-12 18:53:57,430 WARN  scm.ScmUtils (ScmUtils.java:getDBPath(63)) - ozone.om.db.dirs is not configured. We recommend adding this setting. Falling back to ozone.metadata.dirs instead.
2019-06-12 18:53:57,504 WARN  scm.ScmUtils (ScmUtils.java:getDBPath(63)) - ozone.om.db.dirs is not configured. We recommend adding this setting. Falling back to ozone.metadata.dirs instead.
2019-06-12 18:53:57,504 INFO  om.OzoneManager (OzoneManager.java:setOMNodeDetails(519)) - OM Service ID is not set. Setting it to the default ID: omServiceIdDefault
2019-06-12 18:53:57,505 INFO  om.OzoneManager (OzoneManager.java:setOMNodeDetails(525)) - OM Node ID is not set. Setting it to the OmStorage's OmID: 5375dc76-1f5c-4e41-b15e-88da7e4e62e7
2019-06-12 18:53:57,506 WARN  scm.HddsServerUtil (HddsServerUtil.java:getDefaultRatisDirectory(354)) - Storage directory for Ratis is not configured. It is a good idea to map this to an SSD disk. Falling back to ozone.metadata.dirs
2019-06-12 18:53:57,507 WARN  scm.HddsServerUtil (HddsServerUtil.java:getDefaultRatisDirectory(354)) - Storage directory for Ratis is not configured. It is a good idea to map this to an SSD disk. Falling back to ozone.metadata.dirs
2019-06-12 18:53:57,507 INFO  om.OzoneManager (OzoneManager.java:loadOMHAConfigs(476)) - Found matching OM address with OMServiceId: null, OMNodeId: null, RPC Address: localhost:0 and Ratis port: 9872
2019-06-12 18:53:57,663 WARN  scm.ScmUtils (ScmUtils.java:getDBPath(63)) - ozone.om.db.dirs is not configured. We recommend adding this setting. Falling back to ozone.metadata.dirs instead.
2019-06-12 18:53:57,668 INFO  db.DBStoreBuilder (DBStoreBuilder.java:addTable(110)) - using custom profile for table: userTable
2019-06-12 18:53:57,668 INFO  db.DBStoreBuilder (DBStoreBuilder.java:processTables(161)) - Using default column profile:DBProfile.DISK for Table:userTable
2019-06-12 18:53:57,668 INFO  db.DBStoreBuilder (DBStoreBuilder.java:addTable(110)) - using custom profile for table: volumeTable
2019-06-12 18:53:57,668 INFO  db.DBStoreBuilder (DBStoreBuilder.java:processTables(161)) - Using default column profile:DBProfile.DISK for Table:volumeTable
2019-06-12 18:53:57,669 INFO  db.DBStoreBuilder (DBStoreBuilder.java:addTable(110)) - using custom profile for table: bucketTable
2019-06-12 18:53:57,669 INFO  db.DBStoreBuilder (DBStoreBuilder.java:processTables(161)) - Using default column profile:DBProfile.DISK for Table:bucketTable
2019-06-12 18:53:57,669 INFO  db.DBStoreBuilder (DBStoreBuilder.java:addTable(110)) - using custom profile for table: keyTable
2019-06-12 18:53:57,669 INFO  db.DBStoreBuilder (DBStoreBuilder.java:processTables(161)) - Using default column profile:DBProfile.DISK for Table:keyTable
2019-06-12 18:53:57,669 INFO  db.DBStoreBuilder (DBStoreBuilder.java:addTable(110)) - using custom profile for table: deletedTable
2019-06-12 18:53:57,670 INFO  db.DBStoreBuilder (DBStoreBuilder.java:processTables(161)) - Using default column profile:DBProfile.DISK for Table:deletedTable
2019-06-12 18:53:57,670 INFO  db.DBStoreBuilder (DBStoreBuilder.java:addTable(110)) - using custom profile for table: openKeyTable
2019-06-12 18:53:57,670 INFO  db.DBStoreBuilder (DBStoreBuilder.java:processTables(161)) - Using default column profile:DBProfile.DISK for Table:openKeyTable
2019-06-12 18:53:57,670 INFO  db.DBStoreBuilder (DBStoreBuilder.java:addTable(110)) - using custom profile for table: s3Table
2019-06-12 18:53:57,670 INFO  db.DBStoreBuilder (DBStoreBuilder.java:processTables(161)) - Using default column profile:DBProfile.DISK for Table:s3Table
2019-06-12 18:53:57,670 INFO  db.DBStoreBuilder (DBStoreBuilder.java:addTable(110)) - using custom profile for table: multipartInfoTable
2019-06-12 18:53:57,671 INFO  db.DBStoreBuilder (DBStoreBuilder.java:processTables(161)) - Using default column profile:DBProfile.DISK for Table:multipartInfoTable
2019-06-12 18:53:57,671 INFO  db.DBStoreBuilder (DBStoreBuilder.java:addTable(110)) - using custom profile for table: dTokenTable
2019-06-12 18:53:57,671 INFO  db.DBStoreBuilder (DBStoreBuilder.java:processTables(161)) - Using default column profile:DBProfile.DISK for Table:dTokenTable
2019-06-12 18:53:57,671 INFO  db.DBStoreBuilder (DBStoreBuilder.java:addTable(110)) - using custom profile for table: s3SecretTable
2019-06-12 18:53:57,671 INFO  db.DBStoreBuilder (DBStoreBuilder.java:processTables(161)) - Using default column profile:DBProfile.DISK for Table:s3SecretTable
2019-06-12 18:53:57,672 INFO  db.DBStoreBuilder (DBStoreBuilder.java:addTable(110)) - using custom profile for table: prefixTable
2019-06-12 18:53:57,672 INFO  db.DBStoreBuilder (DBStoreBuilder.java:processTables(161)) - Using default column profile:DBProfile.DISK for Table:prefixTable
2019-06-12 18:53:57,672 INFO  db.DBStoreBuilder (DBStoreBuilder.java:addTable(110)) - using custom profile for table: default
2019-06-12 18:53:57,672 INFO  db.DBStoreBuilder (DBStoreBuilder.java:processTables(167)) - Using default column profile:DBProfile.DISK for Table:default
2019-06-12 18:53:57,672 INFO  db.DBStoreBuilder (DBStoreBuilder.java:getDbProfile(198)) - Using default options. DBProfile.DISK
2019-06-12 18:53:58,120 INFO  ipc.CallQueueManager (CallQueueManager.java:<init>(84)) - Using callQueue: class java.util.concurrent.LinkedBlockingQueue, queueCapacity: 2000, scheduler: class org.apache.hadoop.ipc.DefaultRpcScheduler, ipcBackoff: false.
2019-06-12 18:53:58,121 INFO  ipc.Server (Server.java:run(1074)) - Starting Socket Reader #1 for port 41979
2019-06-12 18:53:58,139 WARN  scm.ScmUtils (ScmUtils.java:getDBPath(63)) - ozone.om.db.dirs is not configured. We recommend adding this setting. Falling back to ozone.metadata.dirs instead.
2019-06-12 18:53:58,140 INFO  om.OzoneManager (OzoneManager.java:start(1217)) - OzoneManager RPC server is listening at localhost/127.0.0.1:41979
2019-06-12 18:53:58,140 INFO  impl.MetricsSystemImpl (MetricsSystemImpl.java:init(158)) - OzoneManager metrics system started (again)
2019-06-12 18:53:58,140 INFO  ipc.Server (Server.java:run(1314)) - IPC Server Responder: starting
2019-06-12 18:53:58,141 INFO  ipc.Server (Server.java:run(1153)) - IPC Server listener on 41979: starting
2019-06-12 18:53:58,147 INFO  hdfs.DFSUtil (DFSUtil.java:httpServerTemplateForNNAndJN(1641)) - Starting Web-server for ozoneManager at: http://0.0.0.0:0
2019-06-12 18:53:58,148 INFO  server.AuthenticationFilter (AuthenticationFilter.java:constructSecretProvider(240)) - Unable to initialize FileSignerSecretProvider, falling back to use random secrets.
2019-06-12 18:53:58,149 WARN  http.HttpRequestLog (HttpRequestLog.java:getRequestLog(97)) - Jetty request log can only be enabled using Log4j
2019-06-12 18:53:58,152 INFO  http.HttpServer2 (HttpServer2.java:addGlobalFilter(975)) - Added global filter 'safety' (class=org.apache.hadoop.http.HttpServer2$QuotingInputFilter)
2019-06-12 18:53:58,152 INFO  http.HttpServer2 (HttpServer2.java:addFilter(948)) - Added filter static_user_filter (class=org.apache.hadoop.http.lib.StaticUserWebFilter$StaticUserFilter) to context ozoneManager
2019-06-12 18:53:58,153 INFO  http.HttpServer2 (HttpServer2.java:addFilter(958)) - Added filter static_user_filter (class=org.apache.hadoop.http.lib.StaticUserWebFilter$StaticUserFilter) to context logs
2019-06-12 18:53:58,153 INFO  http.HttpServer2 (HttpServer2.java:addFilter(958)) - Added filter static_user_filter (class=org.apache.hadoop.http.lib.StaticUserWebFilter$StaticUserFilter) to context static
2019-06-12 18:53:58,154 INFO  http.HttpServer2 (HttpServer2.java:bindListener(1191)) - Jetty bound to port 43851
2019-06-12 18:53:58,154 INFO  server.Server (Server.java:doStart(351)) - jetty-9.3.24.v20180605, build timestamp: 2018-06-05T17:11:56Z, git hash: 84205aa28f11a4f31f2a3b86d1bba2cc8ab69827
2019-06-12 18:53:58,159 INFO  handler.ContextHandler (ContextHandler.java:doStart(781)) - Started o.e.j.s.ServletContextHandler@70325d20{/logs,file:///opt/src/hadoop-ozone/integration-test/target/log,AVAILABLE}
2019-06-12 18:53:58,159 INFO  handler.ContextHandler (ContextHandler.java:doStart(781)) - Started o.e.j.s.ServletContextHandler@4d847d32{/static,file:///opt/src/hadoop-ozone/integration-test/target/test-classes/webapps/static,AVAILABLE}
2019-06-12 18:53:58,164 INFO  handler.ContextHandler (ContextHandler.java:doStart(781)) - Started o.e.j.w.WebAppContext@a0a9fa5{/,file:///opt/src/hadoop-ozone/integration-test/target/test-classes/webapps/ozoneManager/,AVAILABLE}{/ozoneManager}
2019-06-12 18:53:58,164 INFO  server.AbstractConnector (AbstractConnector.java:doStart(278)) - Started ServerConnector@15723761{HTTP/1.1,[http/1.1]}{0.0.0.0:43851}
2019-06-12 18:53:58,164 INFO  server.Server (Server.java:doStart(419)) - Started @2512ms
2019-06-12 18:53:58,193 INFO  server.BaseHttpServer (BaseHttpServer.java:updateConnectorAddress(207)) - HTTP server of OZONEMANAGER is listening at http://0.0.0.0:43851
2019-06-12 18:53:58,328 INFO  impl.MetricsSystemImpl (MetricsSystemImpl.java:init(158)) - HddsDatanode metrics system started (again)
2019-06-12 18:53:58,457 INFO  ozone.HddsDatanodeService (HddsDatanodeService.java:start(185)) - HddsDatanodeService host:ozone-hw5hf-1599250011 ip:192.168.46.15
2019-06-12 18:53:58,478 INFO  volume.HddsVolume (HddsVolume.java:<init>(176)) - Creating Volume: /opt/src/hadoop-ozone/integration-test/target/test-dir/MiniOzoneClusterImpl-00b93388-e5ff-4a86-ae52-b128693da3ec/datanode-0/data/containers/hdds of  storage type : DISK and capacity : 104021790720
2019-06-12 18:53:58,479 INFO  volume.VolumeSet (VolumeSet.java:initializeVolumeSet(170)) - Added Volume : /opt/src/hadoop-ozone/integration-test/target/test-dir/MiniOzoneClusterImpl-00b93388-e5ff-4a86-ae52-b128693da3ec/datanode-0/data/containers/hdds to VolumeSet
2019-06-12 18:53:58,481 INFO  volume.ThrottledAsyncChecker (ThrottledAsyncChecker.java:schedule(140)) - Scheduling a check for org.apache.hadoop.ozone.container.common.volume.HddsVolume@74ad8d05
2019-06-12 18:53:58,494 INFO  volume.HddsVolumeChecker (HddsVolumeChecker.java:checkAllVolumes(203)) - Scheduled health check for volume org.apache.hadoop.ozone.container.common.volume.HddsVolume@74ad8d05
2019-06-12 18:53:58,526 INFO  ratis.XceiverServerRatis (XceiverServerRatis.java:newXceiverServerRatis(401)) - Found a free port for the server : 34715
2019-06-12 18:53:58,580 INFO  impl.RaftServerProxy (ConfUtils.java:logGet(43)) - raft.rpc.type = GRPC (default)
2019-06-12 18:53:58,589 INFO  grpc.GrpcConfigKeys$Server (ConfUtils.java:logGet(43)) - raft.grpc.server.port = 34715 (custom)
2019-06-12 18:53:58,590 INFO  server.GrpcService (ConfUtils.java:logGet(43)) - raft.grpc.message.size.max = 33570816 (custom)
2019-06-12 18:53:58,592 INFO  server.RaftServerConfigKeys (ConfUtils.java:logGet(43)) - raft.server.log.appender.buffer.byte-limit = 33554432 (custom)
2019-06-12 18:53:58,592 INFO  server.GrpcService (ConfUtils.java:logGet(43)) - raft.grpc.flow.control.window = 1MB (=1048576) (default)
2019-06-12 18:53:58,593 INFO  server.RaftServerConfigKeys (ConfUtils.java:logGet(43)) - raft.server.rpc.request.timeout = 3000ms (default)
2019-06-12 18:53:58,705 INFO  server.RaftServerConfigKeys (ConfUtils.java:logGet(43)) - raft.server.storage.dir = [/opt/src/hadoop-ozone/integration-test/target/test-dir/MiniOzoneClusterImpl-00b93388-e5ff-4a86-ae52-b128693da3ec/datanode-0/data/ratis] (custom)
2019-06-12 18:53:58,711 INFO  server.XceiverServerGrpc (XceiverServerGrpc.java:<init>(97)) - Found a free port for the server : 38425
2019-06-12 18:53:58,732 INFO  replication.SimpleContainerDownloader (SimpleContainerDownloader.java:<init>(72)) - Starting container downloader service to copy containers to replicate.
2019-06-12 18:53:58,741 INFO  hdfs.DFSUtil (DFSUtil.java:httpServerTemplateForNNAndJN(1641)) - Starting Web-server for hddsDatanode at: http://0.0.0.0:0
2019-06-12 18:53:58,742 INFO  server.AuthenticationFilter (AuthenticationFilter.java:constructSecretProvider(240)) - Unable to initialize FileSignerSecretProvider, falling back to use random secrets.
2019-06-12 18:53:58,743 WARN  http.HttpRequestLog (HttpRequestLog.java:getRequestLog(97)) - Jetty request log can only be enabled using Log4j
2019-06-12 18:53:58,744 INFO  http.HttpServer2 (HttpServer2.java:addGlobalFilter(975)) - Added global filter 'safety' (class=org.apache.hadoop.http.HttpServer2$QuotingInputFilter)
2019-06-12 18:53:58,745 INFO  http.HttpServer2 (HttpServer2.java:addFilter(948)) - Added filter static_user_filter (class=org.apache.hadoop.http.lib.StaticUserWebFilter$StaticUserFilter) to context hddsDatanode
2019-06-12 18:53:58,745 INFO  http.HttpServer2 (HttpServer2.java:addFilter(958)) - Added filter static_user_filter (class=org.apache.hadoop.http.lib.StaticUserWebFilter$StaticUserFilter) to context logs
2019-06-12 18:53:58,745 INFO  http.HttpServer2 (HttpServer2.java:addFilter(958)) - Added filter static_user_filter (class=org.apache.hadoop.http.lib.StaticUserWebFilter$StaticUserFilter) to context static
2019-06-12 18:53:58,746 INFO  http.HttpServer2 (HttpServer2.java:bindListener(1191)) - Jetty bound to port 33275
2019-06-12 18:53:58,746 INFO  server.Server (Server.java:doStart(351)) - jetty-9.3.24.v20180605, build timestamp: 2018-06-05T17:11:56Z, git hash: 84205aa28f11a4f31f2a3b86d1bba2cc8ab69827
2019-06-12 18:53:58,748 INFO  handler.ContextHandler (ContextHandler.java:doStart(781)) - Started o.e.j.s.ServletContextHandler@2f66f0d0{/logs,file:///opt/src/hadoop-ozone/integration-test/target/log,AVAILABLE}
2019-06-12 18:53:58,748 INFO  handler.ContextHandler (ContextHandler.java:doStart(781)) - Started o.e.j.s.ServletContextHandler@7569ea63{/static,jar:file:/root/.m2/repository/org/apache/hadoop/hadoop-hdds-container-service/0.5.0-SNAPSHOT/hadoop-hdds-container-service-0.5.0-SNAPSHOT.jar!/webapps/static,AVAILABLE}
2019-06-12 18:53:58,771 INFO  handler.ContextHandler (ContextHandler.java:doStart(781)) - Started o.e.j.w.WebAppContext@18460128{/,file:///tmp/jetty-0.0.0.0-33275-hddsDatanode-_-any-4930753591257007739.dir/webapp/,AVAILABLE}{/hddsDatanode}
2019-06-12 18:53:58,772 INFO  server.AbstractConnector (AbstractConnector.java:doStart(278)) - Started ServerConnector@74d3b638{HTTP/1.1,[http/1.1]}{0.0.0.0:33275}
2019-06-12 18:53:58,772 INFO  server.Server (Server.java:doStart(419)) - Started @3120ms
2019-06-12 18:53:58,773 INFO  server.BaseHttpServer (BaseHttpServer.java:updateConnectorAddress(207)) - HTTP server of HDDSDATANODE is listening at http://0.0.0.0:33275
2019-06-12 18:53:59,527 INFO  ozone.HddsDatanodeService (HddsDatanodeService.java:startPlugins(396)) - Started plug-in org.apache.hadoop.ozone.web.OzoneHddsDatanodeService@7d4d8579
2019-06-12 18:53:59,528 INFO  impl.MetricsSystemImpl (MetricsSystemImpl.java:init(158)) - HddsDatanode metrics system started (again)
2019-06-12 18:53:59,529 INFO  ozone.HddsDatanodeService (HddsDatanodeService.java:start(185)) - HddsDatanodeService host:ozone-hw5hf-1599250011 ip:192.168.46.15
2019-06-12 18:53:59,535 INFO  util.JvmPauseMonitor (JvmPauseMonitor.java:run(188)) - Starting JVM pause monitor
2019-06-12 18:53:59,537 INFO  volume.HddsVolume (HddsVolume.java:<init>(176)) - Creating Volume: /opt/src/hadoop-ozone/integration-test/target/test-dir/MiniOzoneClusterImpl-00b93388-e5ff-4a86-ae52-b128693da3ec/datanode-1/data/containers/hdds of  storage type : DISK and capacity : 104021790720
2019-06-12 18:53:59,537 INFO  volume.VolumeSet (VolumeSet.java:initializeVolumeSet(170)) - Added Volume : /opt/src/hadoop-ozone/integration-test/target/test-dir/MiniOzoneClusterImpl-00b93388-e5ff-4a86-ae52-b128693da3ec/datanode-1/data/containers/hdds to VolumeSet
2019-06-12 18:53:59,537 INFO  volume.ThrottledAsyncChecker (ThrottledAsyncChecker.java:schedule(140)) - Scheduling a check for org.apache.hadoop.ozone.container.common.volume.HddsVolume@4351ed61
2019-06-12 18:53:59,538 INFO  volume.HddsVolumeChecker (HddsVolumeChecker.java:checkAllVolumes(203)) - Scheduled health check for volume org.apache.hadoop.ozone.container.common.volume.HddsVolume@4351ed61
2019-06-12 18:53:59,553 INFO  ratis.XceiverServerRatis (XceiverServerRatis.java:newXceiverServerRatis(401)) - Found a free port for the server : 40849
2019-06-12 18:53:59,554 INFO  impl.RaftServerProxy (ConfUtils.java:logGet(43)) - raft.rpc.type = GRPC (default)
2019-06-12 18:53:59,554 INFO  grpc.GrpcConfigKeys$Server (ConfUtils.java:logGet(43)) - raft.grpc.server.port = 40849 (custom)
2019-06-12 18:53:59,554 INFO  server.GrpcService (ConfUtils.java:logGet(43)) - raft.grpc.message.size.max = 33570816 (custom)
2019-06-12 18:53:59,555 INFO  server.RaftServerConfigKeys (ConfUtils.java:logGet(43)) - raft.server.log.appender.buffer.byte-limit = 33554432 (custom)
2019-06-12 18:53:59,555 INFO  server.GrpcService (ConfUtils.java:logGet(43)) - raft.grpc.flow.control.window = 1MB (=1048576) (default)
2019-06-12 18:53:59,555 INFO  server.RaftServerConfigKeys (ConfUtils.java:logGet(43)) - raft.server.rpc.request.timeout = 3000ms (default)
2019-06-12 18:53:59,556 INFO  server.RaftServerConfigKeys (ConfUtils.java:logGet(43)) - raft.server.storage.dir = [/opt/src/hadoop-ozone/integration-test/target/test-dir/MiniOzoneClusterImpl-00b93388-e5ff-4a86-ae52-b128693da3ec/datanode-1/data/ratis] (custom)
2019-06-12 18:53:59,556 INFO  server.XceiverServerGrpc (XceiverServerGrpc.java:<init>(97)) - Found a free port for the server : 38617
2019-06-12 18:53:59,557 INFO  replication.SimpleContainerDownloader (SimpleContainerDownloader.java:<init>(72)) - Starting container downloader service to copy containers to replicate.
2019-06-12 18:53:59,558 INFO  hdfs.DFSUtil (DFSUtil.java:httpServerTemplateForNNAndJN(1641)) - Starting Web-server for hddsDatanode at: http://0.0.0.0:0
2019-06-12 18:53:59,559 INFO  server.AuthenticationFilter (AuthenticationFilter.java:constructSecretProvider(240)) - Unable to initialize FileSignerSecretProvider, falling back to use random secrets.
2019-06-12 18:53:59,562 WARN  http.HttpRequestLog (HttpRequestLog.java:getRequestLog(97)) - Jetty request log can only be enabled using Log4j
2019-06-12 18:53:59,563 INFO  http.HttpServer2 (HttpServer2.java:addGlobalFilter(975)) - Added global filter 'safety' (class=org.apache.hadoop.http.HttpServer2$QuotingInputFilter)
2019-06-12 18:53:59,564 INFO  http.HttpServer2 (HttpServer2.java:addFilter(948)) - Added filter static_user_filter (class=org.apache.hadoop.http.lib.StaticUserWebFilter$StaticUserFilter) to context hddsDatanode
2019-06-12 18:53:59,564 INFO  http.HttpServer2 (HttpServer2.java:addFilter(958)) - Added filter static_user_filter (class=org.apache.hadoop.http.lib.StaticUserWebFilter$StaticUserFilter) to context static
2019-06-12 18:53:59,564 INFO  http.HttpServer2 (HttpServer2.java:addFilter(958)) - Added filter static_user_filter (class=org.apache.hadoop.http.lib.StaticUserWebFilter$StaticUserFilter) to context logs
2019-06-12 18:53:59,565 INFO  http.HttpServer2 (HttpServer2.java:bindListener(1191)) - Jetty bound to port 41099
2019-06-12 18:53:59,565 INFO  server.Server (Server.java:doStart(351)) - jetty-9.3.24.v20180605, build timestamp: 2018-06-05T17:11:56Z, git hash: 84205aa28f11a4f31f2a3b86d1bba2cc8ab69827
2019-06-12 18:53:59,582 INFO  handler.ContextHandler (ContextHandler.java:doStart(781)) - Started o.e.j.s.ServletContextHandler@5403799b{/logs,file:///opt/src/hadoop-ozone/integration-test/target/log,AVAILABLE}
2019-06-12 18:53:59,585 INFO  handler.ContextHandler (ContextHandler.java:doStart(781)) - Started o.e.j.s.ServletContextHandler@3ad8717d{/static,jar:file:/root/.m2/repository/org/apache/hadoop/hadoop-hdds-container-service/0.5.0-SNAPSHOT/hadoop-hdds-container-service-0.5.0-SNAPSHOT.jar!/webapps/static,AVAILABLE}
2019-06-12 18:53:59,615 INFO  handler.ContextHandler (ContextHandler.java:doStart(781)) - Started o.e.j.w.WebAppContext@3dc40ab9{/,file:///tmp/jetty-0.0.0.0-41099-hddsDatanode-_-any-8010772551811331129.dir/webapp/,AVAILABLE}{/hddsDatanode}
2019-06-12 18:53:59,616 INFO  server.AbstractConnector (AbstractConnector.java:doStart(278)) - Started ServerConnector@2db6d68d{HTTP/1.1,[http/1.1]}{0.0.0.0:41099}
2019-06-12 18:53:59,616 INFO  server.Server (Server.java:doStart(419)) - Started @3964ms
2019-06-12 18:53:59,617 INFO  server.BaseHttpServer (BaseHttpServer.java:updateConnectorAddress(207)) - HTTP server of HDDSDATANODE is listening at http://0.0.0.0:41099
2019-06-12 18:53:59,619 INFO  datanode.InitDatanodeState (InitDatanodeState.java:persistContainerDatanodeDetails(140)) - DatanodeDetails is persisted to /opt/src/hadoop-ozone/integration-test/target/test-dir/MiniOzoneClusterImpl-00b93388-e5ff-4a86-ae52-b128693da3ec/datanode-0/meta/datanode.id
2019-06-12 18:53:59,724 INFO  ozone.HddsDatanodeService (HddsDatanodeService.java:startPlugins(396)) - Started plug-in org.apache.hadoop.ozone.web.OzoneHddsDatanodeService@7fe07361
2019-06-12 18:53:59,725 INFO  impl.MetricsSystemImpl (MetricsSystemImpl.java:init(158)) - HddsDatanode metrics system started (again)
2019-06-12 18:53:59,725 INFO  ozone.HddsDatanodeService (HddsDatanodeService.java:start(185)) - HddsDatanodeService host:ozone-hw5hf-1599250011 ip:192.168.46.15
2019-06-12 18:53:59,738 INFO  util.JvmPauseMonitor (JvmPauseMonitor.java:run(188)) - Starting JVM pause monitor
2019-06-12 18:53:59,740 INFO  datanode.InitDatanodeState (InitDatanodeState.java:persistContainerDatanodeDetails(140)) - DatanodeDetails is persisted to /opt/src/hadoop-ozone/integration-test/target/test-dir/MiniOzoneClusterImpl-00b93388-e5ff-4a86-ae52-b128693da3ec/datanode-1/meta/datanode.id
2019-06-12 18:53:59,751 INFO  volume.HddsVolume (HddsVolume.java:<init>(176)) - Creating Volume: /opt/src/hadoop-ozone/integration-test/target/test-dir/MiniOzoneClusterImpl-00b93388-e5ff-4a86-ae52-b128693da3ec/datanode-2/data/containers/hdds of  storage type : DISK and capacity : 104021790720
2019-06-12 18:53:59,751 INFO  volume.VolumeSet (VolumeSet.java:initializeVolumeSet(170)) - Added Volume : /opt/src/hadoop-ozone/integration-test/target/test-dir/MiniOzoneClusterImpl-00b93388-e5ff-4a86-ae52-b128693da3ec/datanode-2/data/containers/hdds to VolumeSet
2019-06-12 18:53:59,752 INFO  volume.ThrottledAsyncChecker (ThrottledAsyncChecker.java:schedule(140)) - Scheduling a check for org.apache.hadoop.ozone.container.common.volume.HddsVolume@79a201cf
2019-06-12 18:53:59,758 INFO  volume.HddsVolumeChecker (HddsVolumeChecker.java:checkAllVolumes(203)) - Scheduled health check for volume org.apache.hadoop.ozone.container.common.volume.HddsVolume@79a201cf
2019-06-12 18:53:59,774 INFO  ratis.XceiverServerRatis (XceiverServerRatis.java:newXceiverServerRatis(401)) - Found a free port for the server : 39717
2019-06-12 18:53:59,775 INFO  impl.RaftServerProxy (ConfUtils.java:logGet(43)) - raft.rpc.type = GRPC (default)
2019-06-12 18:53:59,775 INFO  grpc.GrpcConfigKeys$Server (ConfUtils.java:logGet(43)) - raft.grpc.server.port = 39717 (custom)
2019-06-12 18:53:59,776 INFO  server.GrpcService (ConfUtils.java:logGet(43)) - raft.grpc.message.size.max = 33570816 (custom)
2019-06-12 18:53:59,776 INFO  server.RaftServerConfigKeys (ConfUtils.java:logGet(43)) - raft.server.log.appender.buffer.byte-limit = 33554432 (custom)
2019-06-12 18:53:59,776 INFO  server.GrpcService (ConfUtils.java:logGet(43)) - raft.grpc.flow.control.window = 1MB (=1048576) (default)
2019-06-12 18:53:59,776 INFO  server.RaftServerConfigKeys (ConfUtils.java:logGet(43)) - raft.server.rpc.request.timeout = 3000ms (default)
2019-06-12 18:53:59,777 INFO  server.RaftServerConfigKeys (ConfUtils.java:logGet(43)) - raft.server.storage.dir = [/opt/src/hadoop-ozone/integration-test/target/test-dir/MiniOzoneClusterImpl-00b93388-e5ff-4a86-ae52-b128693da3ec/datanode-2/data/ratis] (custom)
2019-06-12 18:53:59,778 INFO  server.XceiverServerGrpc (XceiverServerGrpc.java:<init>(97)) - Found a free port for the server : 42629
2019-06-12 18:53:59,779 INFO  replication.SimpleContainerDownloader (SimpleContainerDownloader.java:<init>(72)) - Starting container downloader service to copy containers to replicate.
2019-06-12 18:53:59,780 INFO  hdfs.DFSUtil (DFSUtil.java:httpServerTemplateForNNAndJN(1641)) - Starting Web-server for hddsDatanode at: http://0.0.0.0:0
2019-06-12 18:53:59,781 INFO  server.AuthenticationFilter (AuthenticationFilter.java:constructSecretProvider(240)) - Unable to initialize FileSignerSecretProvider, falling back to use random secrets.
2019-06-12 18:53:59,783 WARN  http.HttpRequestLog (HttpRequestLog.java:getRequestLog(97)) - Jetty request log can only be enabled using Log4j
2019-06-12 18:53:59,785 INFO  http.HttpServer2 (HttpServer2.java:addGlobalFilter(975)) - Added global filter 'safety' (class=org.apache.hadoop.http.HttpServer2$QuotingInputFilter)
2019-06-12 18:53:59,786 INFO  http.HttpServer2 (HttpServer2.java:addFilter(948)) - Added filter static_user_filter (class=org.apache.hadoop.http.lib.StaticUserWebFilter$StaticUserFilter) to context hddsDatanode
2019-06-12 18:53:59,786 INFO  http.HttpServer2 (HttpServer2.java:addFilter(958)) - Added filter static_user_filter (class=org.apache.hadoop.http.lib.StaticUserWebFilter$StaticUserFilter) to context logs
2019-06-12 18:53:59,786 INFO  http.HttpServer2 (HttpServer2.java:addFilter(958)) - Added filter static_user_filter (class=org.apache.hadoop.http.lib.StaticUserWebFilter$StaticUserFilter) to context static
2019-06-12 18:53:59,787 INFO  http.HttpServer2 (HttpServer2.java:bindListener(1191)) - Jetty bound to port 35637
2019-06-12 18:53:59,787 INFO  server.Server (Server.java:doStart(351)) - jetty-9.3.24.v20180605, build timestamp: 2018-06-05T17:11:56Z, git hash: 84205aa28f11a4f31f2a3b86d1bba2cc8ab69827
2019-06-12 18:53:59,802 INFO  handler.ContextHandler (ContextHandler.java:doStart(781)) - Started o.e.j.s.ServletContextHandler@285005b8{/logs,file:///opt/src/hadoop-ozone/integration-test/target/log,AVAILABLE}
2019-06-12 18:53:59,806 INFO  handler.ContextHandler (ContextHandler.java:doStart(781)) - Started o.e.j.s.ServletContextHandler@27585351{/static,jar:file:/root/.m2/repository/org/apache/hadoop/hadoop-hdds-container-service/0.5.0-SNAPSHOT/hadoop-hdds-container-service-0.5.0-SNAPSHOT.jar!/webapps/static,AVAILABLE}
2019-06-12 18:53:59,830 INFO  handler.ContextHandler (ContextHandler.java:doStart(781)) - Started o.e.j.w.WebAppContext@681c0ae6{/,file:///tmp/jetty-0.0.0.0-35637-hddsDatanode-_-any-6843124072824424500.dir/webapp/,AVAILABLE}{/hddsDatanode}
2019-06-12 18:53:59,831 INFO  server.AbstractConnector (AbstractConnector.java:doStart(278)) - Started ServerConnector@73ca34e7{HTTP/1.1,[http/1.1]}{0.0.0.0:35637}
2019-06-12 18:53:59,831 INFO  server.Server (Server.java:doStart(419)) - Started @4179ms
2019-06-12 18:53:59,832 INFO  server.BaseHttpServer (BaseHttpServer.java:updateConnectorAddress(207)) - HTTP server of HDDSDATANODE is listening at http://0.0.0.0:35637
2019-06-12 18:54:00,013 INFO  ozone.HddsDatanodeService (HddsDatanodeService.java:startPlugins(396)) - Started plug-in org.apache.hadoop.ozone.web.OzoneHddsDatanodeService@552fee7a
2019-06-12 18:54:00,013 INFO  impl.MetricsSystemImpl (MetricsSystemImpl.java:init(158)) - HddsDatanode metrics system started (again)
2019-06-12 18:54:00,014 INFO  ozone.HddsDatanodeService (HddsDatanodeService.java:start(185)) - HddsDatanodeService host:ozone-hw5hf-1599250011 ip:192.168.46.15
2019-06-12 18:54:00,015 INFO  util.JvmPauseMonitor (JvmPauseMonitor.java:run(188)) - Starting JVM pause monitor
2019-06-12 18:54:00,016 INFO  datanode.InitDatanodeState (InitDatanodeState.java:persistContainerDatanodeDetails(140)) - DatanodeDetails is persisted to /opt/src/hadoop-ozone/integration-test/target/test-dir/MiniOzoneClusterImpl-00b93388-e5ff-4a86-ae52-b128693da3ec/datanode-2/meta/datanode.id
2019-06-12 18:54:00,020 INFO  volume.HddsVolume (HddsVolume.java:<init>(176)) - Creating Volume: /opt/src/hadoop-ozone/integration-test/target/test-dir/MiniOzoneClusterImpl-00b93388-e5ff-4a86-ae52-b128693da3ec/datanode-3/data/containers/hdds of  storage type : DISK and capacity : 104021790720
2019-06-12 18:54:00,020 INFO  volume.VolumeSet (VolumeSet.java:initializeVolumeSet(170)) - Added Volume : /opt/src/hadoop-ozone/integration-test/target/test-dir/MiniOzoneClusterImpl-00b93388-e5ff-4a86-ae52-b128693da3ec/datanode-3/data/containers/hdds to VolumeSet
2019-06-12 18:54:00,020 INFO  volume.ThrottledAsyncChecker (ThrottledAsyncChecker.java:schedule(140)) - Scheduling a check for org.apache.hadoop.ozone.container.common.volume.HddsVolume@42297bdf
2019-06-12 18:54:00,021 INFO  volume.HddsVolumeChecker (HddsVolumeChecker.java:checkAllVolumes(203)) - Scheduled health check for volume org.apache.hadoop.ozone.container.common.volume.HddsVolume@42297bdf
2019-06-12 18:54:00,034 INFO  ratis.XceiverServerRatis (XceiverServerRatis.java:newXceiverServerRatis(401)) - Found a free port for the server : 42657
2019-06-12 18:54:00,036 INFO  impl.RaftServerProxy (ConfUtils.java:logGet(43)) - raft.rpc.type = GRPC (default)
2019-06-12 18:54:00,036 INFO  grpc.GrpcConfigKeys$Server (ConfUtils.java:logGet(43)) - raft.grpc.server.port = 42657 (custom)
2019-06-12 18:54:00,036 INFO  server.GrpcService (ConfUtils.java:logGet(43)) - raft.grpc.message.size.max = 33570816 (custom)
2019-06-12 18:54:00,036 INFO  server.RaftServerConfigKeys (ConfUtils.java:logGet(43)) - raft.server.log.appender.buffer.byte-limit = 33554432 (custom)
2019-06-12 18:54:00,037 INFO  server.GrpcService (ConfUtils.java:logGet(43)) - raft.grpc.flow.control.window = 1MB (=1048576) (default)
2019-06-12 18:54:00,037 INFO  server.RaftServerConfigKeys (ConfUtils.java:logGet(43)) - raft.server.rpc.request.timeout = 3000ms (default)
2019-06-12 18:54:00,038 INFO  server.RaftServerConfigKeys (ConfUtils.java:logGet(43)) - raft.server.storage.dir = [/opt/src/hadoop-ozone/integration-test/target/test-dir/MiniOzoneClusterImpl-00b93388-e5ff-4a86-ae52-b128693da3ec/datanode-3/data/ratis] (custom)
2019-06-12 18:54:00,038 INFO  server.XceiverServerGrpc (XceiverServerGrpc.java:<init>(97)) - Found a free port for the server : 46843
2019-06-12 18:54:00,038 INFO  replication.SimpleContainerDownloader (SimpleContainerDownloader.java:<init>(72)) - Starting container downloader service to copy containers to replicate.
2019-06-12 18:54:00,040 INFO  hdfs.DFSUtil (DFSUtil.java:httpServerTemplateForNNAndJN(1641)) - Starting Web-server for hddsDatanode at: http://0.0.0.0:0
2019-06-12 18:54:00,041 INFO  server.AuthenticationFilter (AuthenticationFilter.java:constructSecretProvider(240)) - Unable to initialize FileSignerSecretProvider, falling back to use random secrets.
2019-06-12 18:54:00,041 WARN  http.HttpRequestLog (HttpRequestLog.java:getRequestLog(97)) - Jetty request log can only be enabled using Log4j
2019-06-12 18:54:00,043 INFO  http.HttpServer2 (HttpServer2.java:addGlobalFilter(975)) - Added global filter 'safety' (class=org.apache.hadoop.http.HttpServer2$QuotingInputFilter)
2019-06-12 18:54:00,043 INFO  http.HttpServer2 (HttpServer2.java:addFilter(948)) - Added filter static_user_filter (class=org.apache.hadoop.http.lib.StaticUserWebFilter$StaticUserFilter) to context hddsDatanode
2019-06-12 18:54:00,043 INFO  http.HttpServer2 (HttpServer2.java:addFilter(958)) - Added filter static_user_filter (class=org.apache.hadoop.http.lib.StaticUserWebFilter$StaticUserFilter) to context static
2019-06-12 18:54:00,044 INFO  http.HttpServer2 (HttpServer2.java:addFilter(958)) - Added filter static_user_filter (class=org.apache.hadoop.http.lib.StaticUserWebFilter$StaticUserFilter) to context logs
2019-06-12 18:54:00,044 INFO  http.HttpServer2 (HttpServer2.java:bindListener(1191)) - Jetty bound to port 43931
2019-06-12 18:54:00,044 INFO  server.Server (Server.java:doStart(351)) - jetty-9.3.24.v20180605, build timestamp: 2018-06-05T17:11:56Z, git hash: 84205aa28f11a4f31f2a3b86d1bba2cc8ab69827
2019-06-12 18:54:00,047 INFO  handler.ContextHandler (ContextHandler.java:doStart(781)) - Started o.e.j.s.ServletContextHandler@739831a4{/logs,file:///opt/src/hadoop-ozone/integration-test/target/log,AVAILABLE}
2019-06-12 18:54:00,048 INFO  handler.ContextHandler (ContextHandler.java:doStart(781)) - Started o.e.j.s.ServletContextHandler@38a4e2b0{/static,jar:file:/root/.m2/repository/org/apache/hadoop/hadoop-hdds-container-service/0.5.0-SNAPSHOT/hadoop-hdds-container-service-0.5.0-SNAPSHOT.jar!/webapps/static,AVAILABLE}
2019-06-12 18:54:00,078 INFO  handler.ContextHandler (ContextHandler.java:doStart(781)) - Started o.e.j.w.WebAppContext@62c3f556{/,file:///tmp/jetty-0.0.0.0-43931-hddsDatanode-_-any-9193263224505533137.dir/webapp/,AVAILABLE}{/hddsDatanode}
2019-06-12 18:54:00,078 INFO  server.AbstractConnector (AbstractConnector.java:doStart(278)) - Started ServerConnector@2cfe272f{HTTP/1.1,[http/1.1]}{0.0.0.0:43931}
2019-06-12 18:54:00,079 INFO  server.Server (Server.java:doStart(419)) - Started @4427ms
2019-06-12 18:54:00,080 INFO  server.BaseHttpServer (BaseHttpServer.java:updateConnectorAddress(207)) - HTTP server of HDDSDATANODE is listening at http://0.0.0.0:43931
2019-06-12 18:54:00,215 INFO  ozone.HddsDatanodeService (HddsDatanodeService.java:startPlugins(396)) - Started plug-in org.apache.hadoop.ozone.web.OzoneHddsDatanodeService@257f30f7
2019-06-12 18:54:00,215 INFO  impl.MetricsSystemImpl (MetricsSystemImpl.java:init(158)) - HddsDatanode metrics system started (again)
2019-06-12 18:54:00,215 INFO  ozone.HddsDatanodeService (HddsDatanodeService.java:start(185)) - HddsDatanodeService host:ozone-hw5hf-1599250011 ip:192.168.46.15
2019-06-12 18:54:00,218 INFO  util.JvmPauseMonitor (JvmPauseMonitor.java:run(188)) - Starting JVM pause monitor
2019-06-12 18:54:00,219 INFO  datanode.InitDatanodeState (InitDatanodeState.java:persistContainerDatanodeDetails(140)) - DatanodeDetails is persisted to /opt/src/hadoop-ozone/integration-test/target/test-dir/MiniOzoneClusterImpl-00b93388-e5ff-4a86-ae52-b128693da3ec/datanode-3/meta/datanode.id
2019-06-12 18:54:00,224 INFO  volume.HddsVolume (HddsVolume.java:<init>(176)) - Creating Volume: /opt/src/hadoop-ozone/integration-test/target/test-dir/MiniOzoneClusterImpl-00b93388-e5ff-4a86-ae52-b128693da3ec/datanode-4/data/containers/hdds of  storage type : DISK and capacity : 104021790720
2019-06-12 18:54:00,225 INFO  volume.VolumeSet (VolumeSet.java:initializeVolumeSet(170)) - Added Volume : /opt/src/hadoop-ozone/integration-test/target/test-dir/MiniOzoneClusterImpl-00b93388-e5ff-4a86-ae52-b128693da3ec/datanode-4/data/containers/hdds to VolumeSet
2019-06-12 18:54:00,225 INFO  volume.ThrottledAsyncChecker (ThrottledAsyncChecker.java:schedule(140)) - Scheduling a check for org.apache.hadoop.ozone.container.common.volume.HddsVolume@611d0763
2019-06-12 18:54:00,226 INFO  volume.HddsVolumeChecker (HddsVolumeChecker.java:checkAllVolumes(203)) - Scheduled health check for volume org.apache.hadoop.ozone.container.common.volume.HddsVolume@611d0763
2019-06-12 18:54:00,235 INFO  ratis.XceiverServerRatis (XceiverServerRatis.java:newXceiverServerRatis(401)) - Found a free port for the server : 35749
2019-06-12 18:54:00,236 INFO  impl.RaftServerProxy (ConfUtils.java:logGet(43)) - raft.rpc.type = GRPC (default)
2019-06-12 18:54:00,237 INFO  grpc.GrpcConfigKeys$Server (ConfUtils.java:logGet(43)) - raft.grpc.server.port = 35749 (custom)
2019-06-12 18:54:00,237 INFO  server.GrpcService (ConfUtils.java:logGet(43)) - raft.grpc.message.size.max = 33570816 (custom)
2019-06-12 18:54:00,237 INFO  server.RaftServerConfigKeys (ConfUtils.java:logGet(43)) - raft.server.log.appender.buffer.byte-limit = 33554432 (custom)
2019-06-12 18:54:00,238 INFO  server.GrpcService (ConfUtils.java:logGet(43)) - raft.grpc.flow.control.window = 1MB (=1048576) (default)
2019-06-12 18:54:00,238 INFO  server.RaftServerConfigKeys (ConfUtils.java:logGet(43)) - raft.server.rpc.request.timeout = 3000ms (default)
2019-06-12 18:54:00,238 INFO  server.RaftServerConfigKeys (ConfUtils.java:logGet(43)) - raft.server.storage.dir = [/opt/src/hadoop-ozone/integration-test/target/test-dir/MiniOzoneClusterImpl-00b93388-e5ff-4a86-ae52-b128693da3ec/datanode-4/data/ratis] (custom)
2019-06-12 18:54:00,239 INFO  server.XceiverServerGrpc (XceiverServerGrpc.java:<init>(97)) - Found a free port for the server : 41581
2019-06-12 18:54:00,239 INFO  replication.SimpleContainerDownloader (SimpleContainerDownloader.java:<init>(72)) - Starting container downloader service to copy containers to replicate.
2019-06-12 18:54:00,240 INFO  hdfs.DFSUtil (DFSUtil.java:httpServerTemplateForNNAndJN(1641)) - Starting Web-server for hddsDatanode at: http://0.0.0.0:0
2019-06-12 18:54:00,241 INFO  server.AuthenticationFilter (AuthenticationFilter.java:constructSecretProvider(240)) - Unable to initialize FileSignerSecretProvider, falling back to use random secrets.
2019-06-12 18:54:00,241 WARN  http.HttpRequestLog (HttpRequestLog.java:getRequestLog(97)) - Jetty request log can only be enabled using Log4j
2019-06-12 18:54:00,243 INFO  http.HttpServer2 (HttpServer2.java:addGlobalFilter(975)) - Added global filter 'safety' (class=org.apache.hadoop.http.HttpServer2$QuotingInputFilter)
2019-06-12 18:54:00,243 INFO  http.HttpServer2 (HttpServer2.java:addFilter(948)) - Added filter static_user_filter (class=org.apache.hadoop.http.lib.StaticUserWebFilter$StaticUserFilter) to context hddsDatanode
2019-06-12 18:54:00,243 INFO  http.HttpServer2 (HttpServer2.java:addFilter(958)) - Added filter static_user_filter (class=org.apache.hadoop.http.lib.StaticUserWebFilter$StaticUserFilter) to context logs
2019-06-12 18:54:00,243 INFO  http.HttpServer2 (HttpServer2.java:addFilter(958)) - Added filter static_user_filter (class=org.apache.hadoop.http.lib.StaticUserWebFilter$StaticUserFilter) to context static
2019-06-12 18:54:00,244 INFO  http.HttpServer2 (HttpServer2.java:bindListener(1191)) - Jetty bound to port 41355
2019-06-12 18:54:00,244 INFO  server.Server (Server.java:doStart(351)) - jetty-9.3.24.v20180605, build timestamp: 2018-06-05T17:11:56Z, git hash: 84205aa28f11a4f31f2a3b86d1bba2cc8ab69827
2019-06-12 18:54:00,247 INFO  handler.ContextHandler (ContextHandler.java:doStart(781)) - Started o.e.j.s.ServletContextHandler@492521c4{/logs,file:///opt/src/hadoop-ozone/integration-test/target/log,AVAILABLE}
2019-06-12 18:54:00,248 INFO  handler.ContextHandler (ContextHandler.java:doStart(781)) - Started o.e.j.s.ServletContextHandler@6ddd1c51{/static,jar:file:/root/.m2/repository/org/apache/hadoop/hadoop-hdds-container-service/0.5.0-SNAPSHOT/hadoop-hdds-container-service-0.5.0-SNAPSHOT.jar!/webapps/static,AVAILABLE}
2019-06-12 18:54:00,269 INFO  handler.ContextHandler (ContextHandler.java:doStart(781)) - Started o.e.j.w.WebAppContext@640d604{/,file:///tmp/jetty-0.0.0.0-41355-hddsDatanode-_-any-8915179918632078948.dir/webapp/,AVAILABLE}{/hddsDatanode}
2019-06-12 18:54:00,269 INFO  server.AbstractConnector (AbstractConnector.java:doStart(278)) - Started ServerConnector@62cbc478{HTTP/1.1,[http/1.1]}{0.0.0.0:41355}
2019-06-12 18:54:00,270 INFO  server.Server (Server.java:doStart(419)) - Started @4618ms
2019-06-12 18:54:00,271 INFO  server.BaseHttpServer (BaseHttpServer.java:updateConnectorAddress(207)) - HTTP server of HDDSDATANODE is listening at http://0.0.0.0:41355
2019-06-12 18:54:00,366 INFO  ozone.HddsDatanodeService (HddsDatanodeService.java:startPlugins(396)) - Started plug-in org.apache.hadoop.ozone.web.OzoneHddsDatanodeService@21274afe
2019-06-12 18:54:00,366 INFO  impl.MetricsSystemImpl (MetricsSystemImpl.java:init(158)) - HddsDatanode metrics system started (again)
2019-06-12 18:54:00,367 INFO  ozone.HddsDatanodeService (HddsDatanodeService.java:start(185)) - HddsDatanodeService host:ozone-hw5hf-1599250011 ip:192.168.46.15
2019-06-12 18:54:00,381 INFO  util.JvmPauseMonitor (JvmPauseMonitor.java:run(188)) - Starting JVM pause monitor
2019-06-12 18:54:00,383 INFO  datanode.InitDatanodeState (InitDatanodeState.java:persistContainerDatanodeDetails(140)) - DatanodeDetails is persisted to /opt/src/hadoop-ozone/integration-test/target/test-dir/MiniOzoneClusterImpl-00b93388-e5ff-4a86-ae52-b128693da3ec/datanode-4/meta/datanode.id
2019-06-12 18:54:00,386 INFO  volume.HddsVolume (HddsVolume.java:<init>(176)) - Creating Volume: /opt/src/hadoop-ozone/integration-test/target/test-dir/MiniOzoneClusterImpl-00b93388-e5ff-4a86-ae52-b128693da3ec/datanode-5/data/containers/hdds of  storage type : DISK and capacity : 104021790720
2019-06-12 18:54:00,386 INFO  volume.VolumeSet (VolumeSet.java:initializeVolumeSet(170)) - Added Volume : /opt/src/hadoop-ozone/integration-test/target/test-dir/MiniOzoneClusterImpl-00b93388-e5ff-4a86-ae52-b128693da3ec/datanode-5/data/containers/hdds to VolumeSet
2019-06-12 18:54:00,386 INFO  volume.ThrottledAsyncChecker (ThrottledAsyncChecker.java:schedule(140)) - Scheduling a check for org.apache.hadoop.ozone.container.common.volume.HddsVolume@115c946b
2019-06-12 18:54:00,387 INFO  volume.HddsVolumeChecker (HddsVolumeChecker.java:checkAllVolumes(203)) - Scheduled health check for volume org.apache.hadoop.ozone.container.common.volume.HddsVolume@115c946b
2019-06-12 18:54:00,398 INFO  ratis.XceiverServerRatis (XceiverServerRatis.java:newXceiverServerRatis(401)) - Found a free port for the server : 37849
2019-06-12 18:54:00,399 INFO  impl.RaftServerProxy (ConfUtils.java:logGet(43)) - raft.rpc.type = GRPC (default)
2019-06-12 18:54:00,399 INFO  grpc.GrpcConfigKeys$Server (ConfUtils.java:logGet(43)) - raft.grpc.server.port = 37849 (custom)
2019-06-12 18:54:00,399 INFO  server.GrpcService (ConfUtils.java:logGet(43)) - raft.grpc.message.size.max = 33570816 (custom)
2019-06-12 18:54:00,400 INFO  server.RaftServerConfigKeys (ConfUtils.java:logGet(43)) - raft.server.log.appender.buffer.byte-limit = 33554432 (custom)
2019-06-12 18:54:00,400 INFO  server.GrpcService (ConfUtils.java:logGet(43)) - raft.grpc.flow.control.window = 1MB (=1048576) (default)
2019-06-12 18:54:00,400 INFO  server.RaftServerConfigKeys (ConfUtils.java:logGet(43)) - raft.server.rpc.request.timeout = 3000ms (default)
2019-06-12 18:54:00,401 INFO  server.RaftServerConfigKeys (ConfUtils.java:logGet(43)) - raft.server.storage.dir = [/opt/src/hadoop-ozone/integration-test/target/test-dir/MiniOzoneClusterImpl-00b93388-e5ff-4a86-ae52-b128693da3ec/datanode-5/data/ratis] (custom)
2019-06-12 18:54:00,401 INFO  server.XceiverServerGrpc (XceiverServerGrpc.java:<init>(97)) - Found a free port for the server : 38581
2019-06-12 18:54:00,402 INFO  replication.SimpleContainerDownloader (SimpleContainerDownloader.java:<init>(72)) - Starting container downloader service to copy containers to replicate.
2019-06-12 18:54:00,403 INFO  hdfs.DFSUtil (DFSUtil.java:httpServerTemplateForNNAndJN(1641)) - Starting Web-server for hddsDatanode at: http://0.0.0.0:0
2019-06-12 18:54:00,404 INFO  server.AuthenticationFilter (AuthenticationFilter.java:constructSecretProvider(240)) - Unable to initialize FileSignerSecretProvider, falling back to use random secrets.
2019-06-12 18:54:00,404 WARN  http.HttpRequestLog (HttpRequestLog.java:getRequestLog(97)) - Jetty request log can only be enabled using Log4j
2019-06-12 18:54:00,405 INFO  http.HttpServer2 (HttpServer2.java:addGlobalFilter(975)) - Added global filter 'safety' (class=org.apache.hadoop.http.HttpServer2$QuotingInputFilter)
2019-06-12 18:54:00,406 INFO  http.HttpServer2 (HttpServer2.java:addFilter(948)) - Added filter static_user_filter (class=org.apache.hadoop.http.lib.StaticUserWebFilter$StaticUserFilter) to context hddsDatanode
2019-06-12 18:54:00,406 INFO  http.HttpServer2 (HttpServer2.java:addFilter(958)) - Added filter static_user_filter (class=org.apache.hadoop.http.lib.StaticUserWebFilter$StaticUserFilter) to context static
2019-06-12 18:54:00,406 INFO  http.HttpServer2 (HttpServer2.java:addFilter(958)) - Added filter static_user_filter (class=org.apache.hadoop.http.lib.StaticUserWebFilter$StaticUserFilter) to context logs
2019-06-12 18:54:00,406 INFO  http.HttpServer2 (HttpServer2.java:bindListener(1191)) - Jetty bound to port 46875
2019-06-12 18:54:00,407 INFO  server.Server (Server.java:doStart(351)) - jetty-9.3.24.v20180605, build timestamp: 2018-06-05T17:11:56Z, git hash: 84205aa28f11a4f31f2a3b86d1bba2cc8ab69827
2019-06-12 18:54:00,417 INFO  handler.ContextHandler (ContextHandler.java:doStart(781)) - Started o.e.j.s.ServletContextHandler@36d582cb{/logs,file:///opt/src/hadoop-ozone/integration-test/target/log,AVAILABLE}
2019-06-12 18:54:00,418 INFO  handler.ContextHandler (ContextHandler.java:doStart(781)) - Started o.e.j.s.ServletContextHandler@24d8f87a{/static,jar:file:/root/.m2/repository/org/apache/hadoop/hadoop-hdds-container-service/0.5.0-SNAPSHOT/hadoop-hdds-container-service-0.5.0-SNAPSHOT.jar!/webapps/static,AVAILABLE}
2019-06-12 18:54:00,439 INFO  handler.ContextHandler (ContextHandler.java:doStart(781)) - Started o.e.j.w.WebAppContext@4f3c7808{/,file:///tmp/jetty-0.0.0.0-46875-hddsDatanode-_-any-8607439199606107717.dir/webapp/,AVAILABLE}{/hddsDatanode}
2019-06-12 18:54:00,440 INFO  server.AbstractConnector (AbstractConnector.java:doStart(278)) - Started ServerConnector@4b4969ea{HTTP/1.1,[http/1.1]}{0.0.0.0:46875}
2019-06-12 18:54:00,440 INFO  server.Server (Server.java:doStart(419)) - Started @4788ms
2019-06-12 18:54:00,441 INFO  server.BaseHttpServer (BaseHttpServer.java:updateConnectorAddress(207)) - HTTP server of HDDSDATANODE is listening at http://0.0.0.0:46875
2019-06-12 18:54:00,559 INFO  ozone.HddsDatanodeService (HddsDatanodeService.java:startPlugins(396)) - Started plug-in org.apache.hadoop.ozone.web.OzoneHddsDatanodeService@27ffd9f8
2019-06-12 18:54:00,560 INFO  impl.MetricsSystemImpl (MetricsSystemImpl.java:init(158)) - HddsDatanode metrics system started (again)
2019-06-12 18:54:00,560 INFO  ozone.HddsDatanodeService (HddsDatanodeService.java:start(185)) - HddsDatanodeService host:ozone-hw5hf-1599250011 ip:192.168.46.15
2019-06-12 18:54:00,565 INFO  util.JvmPauseMonitor (JvmPauseMonitor.java:run(188)) - Starting JVM pause monitor
2019-06-12 18:54:00,573 INFO  datanode.InitDatanodeState (InitDatanodeState.java:persistContainerDatanodeDetails(140)) - DatanodeDetails is persisted to /opt/src/hadoop-ozone/integration-test/target/test-dir/MiniOzoneClusterImpl-00b93388-e5ff-4a86-ae52-b128693da3ec/datanode-5/meta/datanode.id
2019-06-12 18:54:00,573 INFO  volume.HddsVolume (HddsVolume.java:<init>(176)) - Creating Volume: /opt/src/hadoop-ozone/integration-test/target/test-dir/MiniOzoneClusterImpl-00b93388-e5ff-4a86-ae52-b128693da3ec/datanode-6/data/containers/hdds of  storage type : DISK and capacity : 104021790720
2019-06-12 18:54:00,574 INFO  volume.VolumeSet (VolumeSet.java:initializeVolumeSet(170)) - Added Volume : /opt/src/hadoop-ozone/integration-test/target/test-dir/MiniOzoneClusterImpl-00b93388-e5ff-4a86-ae52-b128693da3ec/datanode-6/data/containers/hdds to VolumeSet
2019-06-12 18:54:00,574 INFO  volume.ThrottledAsyncChecker (ThrottledAsyncChecker.java:schedule(140)) - Scheduling a check for org.apache.hadoop.ozone.container.common.volume.HddsVolume@59b492ec
2019-06-12 18:54:00,578 INFO  volume.HddsVolumeChecker (HddsVolumeChecker.java:checkAllVolumes(203)) - Scheduled health check for volume org.apache.hadoop.ozone.container.common.volume.HddsVolume@59b492ec
2019-06-12 18:54:00,587 INFO  ratis.XceiverServerRatis (XceiverServerRatis.java:newXceiverServerRatis(401)) - Found a free port for the server : 43867
2019-06-12 18:54:00,589 INFO  impl.RaftServerProxy (ConfUtils.java:logGet(43)) - raft.rpc.type = GRPC (default)
2019-06-12 18:54:00,589 INFO  grpc.GrpcConfigKeys$Server (ConfUtils.java:logGet(43)) - raft.grpc.server.port = 43867 (custom)
2019-06-12 18:54:00,589 INFO  server.GrpcService (ConfUtils.java:logGet(43)) - raft.grpc.message.size.max = 33570816 (custom)
2019-06-12 18:54:00,589 INFO  server.RaftServerConfigKeys (ConfUtils.java:logGet(43)) - raft.server.log.appender.buffer.byte-limit = 33554432 (custom)
2019-06-12 18:54:00,589 INFO  server.GrpcService (ConfUtils.java:logGet(43)) - raft.grpc.flow.control.window = 1MB (=1048576) (default)
2019-06-12 18:54:00,589 INFO  server.RaftServerConfigKeys (ConfUtils.java:logGet(43)) - raft.server.rpc.request.timeout = 3000ms (default)
2019-06-12 18:54:00,590 INFO  server.RaftServerConfigKeys (ConfUtils.java:logGet(43)) - raft.server.storage.dir = [/opt/src/hadoop-ozone/integration-test/target/test-dir/MiniOzoneClusterImpl-00b93388-e5ff-4a86-ae52-b128693da3ec/datanode-6/data/ratis] (custom)
2019-06-12 18:54:00,590 INFO  server.XceiverServerGrpc (XceiverServerGrpc.java:<init>(97)) - Found a free port for the server : 43795
2019-06-12 18:54:00,590 INFO  replication.SimpleContainerDownloader (SimpleContainerDownloader.java:<init>(72)) - Starting container downloader service to copy containers to replicate.
2019-06-12 18:54:00,591 INFO  hdfs.DFSUtil (DFSUtil.java:httpServerTemplateForNNAndJN(1641)) - Starting Web-server for hddsDatanode at: http://0.0.0.0:0
2019-06-12 18:54:00,592 INFO  server.AuthenticationFilter (AuthenticationFilter.java:constructSecretProvider(240)) - Unable to initialize FileSignerSecretProvider, falling back to use random secrets.
2019-06-12 18:54:00,594 WARN  http.HttpRequestLog (HttpRequestLog.java:getRequestLog(97)) - Jetty request log can only be enabled using Log4j
2019-06-12 18:54:00,594 INFO  http.HttpServer2 (HttpServer2.java:addGlobalFilter(975)) - Added global filter 'safety' (class=org.apache.hadoop.http.HttpServer2$QuotingInputFilter)
2019-06-12 18:54:00,595 INFO  http.HttpServer2 (HttpServer2.java:addFilter(948)) - Added filter static_user_filter (class=org.apache.hadoop.http.lib.StaticUserWebFilter$StaticUserFilter) to context hddsDatanode
2019-06-12 18:54:00,595 INFO  http.HttpServer2 (HttpServer2.java:addFilter(958)) - Added filter static_user_filter (class=org.apache.hadoop.http.lib.StaticUserWebFilter$StaticUserFilter) to context logs
2019-06-12 18:54:00,595 INFO  http.HttpServer2 (HttpServer2.java:addFilter(958)) - Added filter static_user_filter (class=org.apache.hadoop.http.lib.StaticUserWebFilter$StaticUserFilter) to context static
2019-06-12 18:54:00,596 INFO  http.HttpServer2 (HttpServer2.java:bindListener(1191)) - Jetty bound to port 34311
2019-06-12 18:54:00,596 INFO  server.Server (Server.java:doStart(351)) - jetty-9.3.24.v20180605, build timestamp: 2018-06-05T17:11:56Z, git hash: 84205aa28f11a4f31f2a3b86d1bba2cc8ab69827
2019-06-12 18:54:00,602 INFO  handler.ContextHandler (ContextHandler.java:doStart(781)) - Started o.e.j.s.ServletContextHandler@62e73ab6{/logs,file:///opt/src/hadoop-ozone/integration-test/target/log,AVAILABLE}
2019-06-12 18:54:00,602 INFO  handler.ContextHandler (ContextHandler.java:doStart(781)) - Started o.e.j.s.ServletContextHandler@29bd85db{/static,jar:file:/root/.m2/repository/org/apache/hadoop/hadoop-hdds-container-service/0.5.0-SNAPSHOT/hadoop-hdds-container-service-0.5.0-SNAPSHOT.jar!/webapps/static,AVAILABLE}
2019-06-12 18:54:00,623 INFO  handler.ContextHandler (ContextHandler.java:doStart(781)) - Started o.e.j.w.WebAppContext@2a484710{/,file:///tmp/jetty-0.0.0.0-34311-hddsDatanode-_-any-7523217207648472905.dir/webapp/,AVAILABLE}{/hddsDatanode}
2019-06-12 18:54:00,624 INFO  server.AbstractConnector (AbstractConnector.java:doStart(278)) - Started ServerConnector@661e1399{HTTP/1.1,[http/1.1]}{0.0.0.0:34311}
2019-06-12 18:54:00,625 INFO  server.Server (Server.java:doStart(419)) - Started @4973ms
2019-06-12 18:54:00,626 INFO  server.BaseHttpServer (BaseHttpServer.java:updateConnectorAddress(207)) - HTTP server of HDDSDATANODE is listening at http://0.0.0.0:34311
2019-06-12 18:54:00,727 INFO  ozone.HddsDatanodeService (HddsDatanodeService.java:startPlugins(396)) - Started plug-in org.apache.hadoop.ozone.web.OzoneHddsDatanodeService@22865072
2019-06-12 18:54:00,727 INFO  ozone.MiniOzoneClusterImpl (MiniOzoneClusterImpl.java:lambda$waitForClusterToBeReady$0(142)) - Waiting for cluster to be ready. Got 0 of 7 DN Heartbeats.
2019-06-12 18:54:00,730 INFO  util.JvmPauseMonitor (JvmPauseMonitor.java:run(188)) - Starting JVM pause monitor
2019-06-12 18:54:00,731 INFO  datanode.InitDatanodeState (InitDatanodeState.java:persistContainerDatanodeDetails(140)) - DatanodeDetails is persisted to /opt/src/hadoop-ozone/integration-test/target/test-dir/MiniOzoneClusterImpl-00b93388-e5ff-4a86-ae52-b128693da3ec/datanode-6/meta/datanode.id
2019-06-12 18:54:01,557 INFO  ozoneimpl.OzoneContainer (OzoneContainer.java:start(186)) - Attempting to start container services.
2019-06-12 18:54:01,557 INFO  ozoneimpl.OzoneContainer (OzoneContainer.java:startContainerScrub(160)) - Background container scrubber has been disabled by hdds.containerscrub.enabled
2019-06-12 18:54:01,557 INFO  ratis.XceiverServerRatis (XceiverServerRatis.java:start(418)) - Starting XceiverServerRatis f616be8b-2cb6-4612-a9ca-ba2d9f0c2702 at port 34715
2019-06-12 18:54:01,569 INFO  impl.RaftServerProxy (RaftServerProxy.java:lambda$start$3(299)) - f616be8b-2cb6-4612-a9ca-ba2d9f0c2702: start RPC server
2019-06-12 18:54:01,680 INFO  server.GrpcService (GrpcService.java:startImpl(148)) - f616be8b-2cb6-4612-a9ca-ba2d9f0c2702: GrpcService started, listening on 0.0.0.0/0.0.0.0:34715
2019-06-12 18:54:01,728 INFO  ozone.MiniOzoneClusterImpl (MiniOzoneClusterImpl.java:lambda$waitForClusterToBeReady$0(142)) - Waiting for cluster to be ready. Got 0 of 7 DN Heartbeats.
2019-06-12 18:54:01,742 INFO  ozoneimpl.OzoneContainer (OzoneContainer.java:start(186)) - Attempting to start container services.
2019-06-12 18:54:01,742 INFO  ozoneimpl.OzoneContainer (OzoneContainer.java:startContainerScrub(160)) - Background container scrubber has been disabled by hdds.containerscrub.enabled
2019-06-12 18:54:01,742 INFO  ratis.XceiverServerRatis (XceiverServerRatis.java:start(418)) - Starting XceiverServerRatis 8fae5783-13da-42ff-9496-269e290418f3 at port 40849
2019-06-12 18:54:01,747 INFO  impl.RaftServerProxy (RaftServerProxy.java:lambda$start$3(299)) - 8fae5783-13da-42ff-9496-269e290418f3: start RPC server
2019-06-12 18:54:01,749 INFO  server.GrpcService (GrpcService.java:startImpl(148)) - 8fae5783-13da-42ff-9496-269e290418f3: GrpcService started, listening on 0.0.0.0/0.0.0.0:40849
2019-06-12 18:54:02,019 INFO  ozoneimpl.OzoneContainer (OzoneContainer.java:start(186)) - Attempting to start container services.
2019-06-12 18:54:02,020 INFO  ozoneimpl.OzoneContainer (OzoneContainer.java:startContainerScrub(160)) - Background container scrubber has been disabled by hdds.containerscrub.enabled
2019-06-12 18:54:02,020 INFO  ratis.XceiverServerRatis (XceiverServerRatis.java:start(418)) - Starting XceiverServerRatis 1cf6edce-a6fa-4eef-b65d-a3e567c1c9eb at port 39717
2019-06-12 18:54:02,025 INFO  impl.RaftServerProxy (RaftServerProxy.java:lambda$start$3(299)) - 1cf6edce-a6fa-4eef-b65d-a3e567c1c9eb: start RPC server
2019-06-12 18:54:02,026 INFO  server.GrpcService (GrpcService.java:startImpl(148)) - 1cf6edce-a6fa-4eef-b65d-a3e567c1c9eb: GrpcService started, listening on 0.0.0.0/0.0.0.0:39717
2019-06-12 18:54:02,221 INFO  ozoneimpl.OzoneContainer (OzoneContainer.java:start(186)) - Attempting to start container services.
2019-06-12 18:54:02,223 INFO  ozoneimpl.OzoneContainer (OzoneContainer.java:startContainerScrub(160)) - Background container scrubber has been disabled by hdds.containerscrub.enabled
2019-06-12 18:54:02,223 INFO  ratis.XceiverServerRatis (XceiverServerRatis.java:start(418)) - Starting XceiverServerRatis 94673d78-aa6f-49ab-af4c-5980bc85e10b at port 42657
2019-06-12 18:54:02,228 INFO  impl.RaftServerProxy (RaftServerProxy.java:lambda$start$3(299)) - 94673d78-aa6f-49ab-af4c-5980bc85e10b: start RPC server
2019-06-12 18:54:02,230 INFO  server.GrpcService (GrpcService.java:startImpl(148)) - 94673d78-aa6f-49ab-af4c-5980bc85e10b: GrpcService started, listening on 0.0.0.0/0.0.0.0:42657
2019-06-12 18:54:02,383 INFO  ozoneimpl.OzoneContainer (OzoneContainer.java:start(186)) - Attempting to start container services.
2019-06-12 18:54:02,384 INFO  ozoneimpl.OzoneContainer (OzoneContainer.java:startContainerScrub(160)) - Background container scrubber has been disabled by hdds.containerscrub.enabled
2019-06-12 18:54:02,384 INFO  ratis.XceiverServerRatis (XceiverServerRatis.java:start(418)) - Starting XceiverServerRatis dccb0fc5-c443-4a9d-a024-c6f8ee0e3840 at port 35749
2019-06-12 18:54:02,389 INFO  impl.RaftServerProxy (RaftServerProxy.java:lambda$start$3(299)) - dccb0fc5-c443-4a9d-a024-c6f8ee0e3840: start RPC server
2019-06-12 18:54:02,391 INFO  server.GrpcService (GrpcService.java:startImpl(148)) - dccb0fc5-c443-4a9d-a024-c6f8ee0e3840: GrpcService started, listening on 0.0.0.0/0.0.0.0:35749
2019-06-12 18:54:02,570 INFO  ozoneimpl.OzoneContainer (OzoneContainer.java:start(186)) - Attempting to start container services.
2019-06-12 18:54:02,572 INFO  ozoneimpl.OzoneContainer (OzoneContainer.java:startContainerScrub(160)) - Background container scrubber has been disabled by hdds.containerscrub.enabled
2019-06-12 18:54:02,572 INFO  ratis.XceiverServerRatis (XceiverServerRatis.java:start(418)) - Starting XceiverServerRatis 27ac8c9c-4e95-4c30-a6ea-108f8e4da263 at port 37849
2019-06-12 18:54:02,582 INFO  impl.RaftServerProxy (RaftServerProxy.java:lambda$start$3(299)) - 27ac8c9c-4e95-4c30-a6ea-108f8e4da263: start RPC server
2019-06-12 18:54:02,584 INFO  server.GrpcService (GrpcService.java:startImpl(148)) - 27ac8c9c-4e95-4c30-a6ea-108f8e4da263: GrpcService started, listening on 0.0.0.0/0.0.0.0:37849
2019-06-12 18:54:02,728 INFO  ozone.MiniOzoneClusterImpl (MiniOzoneClusterImpl.java:lambda$waitForClusterToBeReady$0(142)) - Waiting for cluster to be ready. Got 0 of 7 DN Heartbeats.
2019-06-12 18:54:02,733 INFO  ozoneimpl.OzoneContainer (OzoneContainer.java:start(186)) - Attempting to start container services.
2019-06-12 18:54:02,735 INFO  ozoneimpl.OzoneContainer (OzoneContainer.java:startContainerScrub(160)) - Background container scrubber has been disabled by hdds.containerscrub.enabled
2019-06-12 18:54:02,735 INFO  ratis.XceiverServerRatis (XceiverServerRatis.java:start(418)) - Starting XceiverServerRatis 4af5aefa-72cc-478d-9dc8-5cf29e4a63e0 at port 43867
2019-06-12 18:54:02,740 INFO  impl.RaftServerProxy (RaftServerProxy.java:lambda$start$3(299)) - 4af5aefa-72cc-478d-9dc8-5cf29e4a63e0: start RPC server
2019-06-12 18:54:02,742 INFO  server.GrpcService (GrpcService.java:startImpl(148)) - 4af5aefa-72cc-478d-9dc8-5cf29e4a63e0: GrpcService started, listening on 0.0.0.0/0.0.0.0:43867
2019-06-12 18:54:03,557 INFO  node.SCMNodeManager (SCMNodeManager.java:register(234)) - Registered Data node : f616be8b-2cb6-4612-a9ca-ba2d9f0c2702{ip: 192.168.46.15, host: ozone-hw5hf-1599250011, networkLocation: /default-rack, certSerialId: null}
2019-06-12 18:54:03,573 INFO  safemode.SCMSafeModeManager (DataNodeSafeModeRule.java:process(71)) - SCM in safe mode. 1 DataNodes registered, 1 required.
2019-06-12 18:54:03,573 INFO  safemode.SCMSafeModeManager (SCMSafeModeManager.java:validateSafeModeExitRules(177)) - ScmSafeModeManager, all rules are successfully validated
2019-06-12 18:54:03,573 INFO  safemode.SCMSafeModeManager (SCMSafeModeManager.java:exitSafeMode(193)) - SCM exiting safe mode.
2019-06-12 18:54:03,729 INFO  ozone.MiniOzoneClusterImpl (MiniOzoneClusterImpl.java:lambda$waitForClusterToBeReady$0(142)) - Waiting for cluster to be ready. Got 1 of 7 DN Heartbeats.
2019-06-12 18:54:03,739 INFO  node.SCMNodeManager (SCMNodeManager.java:register(234)) - Registered Data node : 8fae5783-13da-42ff-9496-269e290418f3{ip: 192.168.46.15, host: ozone-hw5hf-1599250011, networkLocation: /default-rack, certSerialId: null}
2019-06-12 18:54:03,869 INFO  impl.RaftServerProxy (RaftServerProxy.java:addNew(89)) - f616be8b-2cb6-4612-a9ca-ba2d9f0c2702: addNew group-1313BA3AFF44:[f616be8b-2cb6-4612-a9ca-ba2d9f0c2702:192.168.46.15:34715] returns group-1313BA3AFF44:java.util.concurrent.CompletableFuture@49b5d2d2[Not completed]
2019-06-12 18:54:03,874 INFO  impl.RaftServerImpl (RaftServerImpl.java:<init>(91)) - f616be8b-2cb6-4612-a9ca-ba2d9f0c2702: new RaftServerImpl for group-1313BA3AFF44:[f616be8b-2cb6-4612-a9ca-ba2d9f0c2702:192.168.46.15:34715] with ContainerStateMachine:uninitialized
2019-06-12 18:54:03,875 INFO  server.RaftServerConfigKeys (ConfUtils.java:logGet(43)) - raft.server.rpc.timeout.min = 1s (custom)
2019-06-12 18:54:03,875 INFO  server.RaftServerConfigKeys (ConfUtils.java:logGet(43)) - raft.server.rpc.timeout.max = 1200ms (custom)
2019-06-12 18:54:03,875 INFO  server.RaftServerConfigKeys (ConfUtils.java:logGet(43)) - raft.server.rpcslowness.timeout = 120s (custom)
2019-06-12 18:54:03,876 INFO  server.RaftServerConfigKeys (ConfUtils.java:logGet(43)) - raft.server.log.appender.install.snapshot.enabled = true (default)
2019-06-12 18:54:03,880 INFO  impl.RaftServerImpl (ServerState.java:<init>(101)) - f616be8b-2cb6-4612-a9ca-ba2d9f0c2702:group-1313BA3AFF44 ConfigurationManager, init=-1: [f616be8b-2cb6-4612-a9ca-ba2d9f0c2702:192.168.46.15:34715], old=null, confs=<EMPTY_MAP>
2019-06-12 18:54:03,880 INFO  server.RaftServerConfigKeys (ConfUtils.java:logGet(43)) - raft.server.storage.dir = [/opt/src/hadoop-ozone/integration-test/target/test-dir/MiniOzoneClusterImpl-00b93388-e5ff-4a86-ae52-b128693da3ec/datanode-0/data/ratis] (custom)
2019-06-12 18:54:04,012 INFO  storage.RaftStorageDirectory (RaftStorageDirectory.java:analyzeStorage(246)) - The storage directory /opt/src/hadoop-ozone/integration-test/target/test-dir/MiniOzoneClusterImpl-00b93388-e5ff-4a86-ae52-b128693da3ec/datanode-0/data/ratis/65aa4844-6e3b-4970-bc85-1313ba3aff44 does not exist. Creating ...
2019-06-12 18:54:04,021 INFO  node.SCMNodeManager (SCMNodeManager.java:register(234)) - Registered Data node : 1cf6edce-a6fa-4eef-b65d-a3e567c1c9eb{ip: 192.168.46.15, host: ozone-hw5hf-1599250011, networkLocation: /default-rack, certSerialId: null}
2019-06-12 18:54:04,024 INFO  storage.RaftStorageDirectory (RaftStorageDirectory.java:tryLock(328)) - Lock on /opt/src/hadoop-ozone/integration-test/target/test-dir/MiniOzoneClusterImpl-00b93388-e5ff-4a86-ae52-b128693da3ec/datanode-0/data/ratis/65aa4844-6e3b-4970-bc85-1313ba3aff44/in_use.lock acquired by nodename 10680@ozone-hw5hf-1599250011
2019-06-12 18:54:04,028 INFO  storage.RaftStorage (RaftStorage.java:format(75)) - Storage directory /opt/src/hadoop-ozone/integration-test/target/test-dir/MiniOzoneClusterImpl-00b93388-e5ff-4a86-ae52-b128693da3ec/datanode-0/data/ratis/65aa4844-6e3b-4970-bc85-1313ba3aff44 has been successfully formatted.
2019-06-12 18:54:04,030 INFO  ratis.ContainerStateMachine (ContainerStateMachine.java:loadSnapshot(199)) - The snapshot info is null.Setting the last applied index to:(t:0, i:~)
2019-06-12 18:54:04,030 INFO  server.RaftServerConfigKeys (ConfUtils.java:logGet(43)) - raft.server.leader.election.timeout = 120s (custom)
2019-06-12 18:54:04,032 INFO  server.RaftServerConfigKeys (ConfUtils.java:logGet(43)) - raft.server.log.use.memory = false (default)
2019-06-12 18:54:04,034 INFO  server.RaftServerConfigKeys (ConfUtils.java:logGet(43)) - raft.server.log.appender.buffer.byte-limit = 33554432 (custom)
2019-06-12 18:54:04,037 INFO  server.RaftServerConfigKeys (ConfUtils.java:logGet(43)) - raft.server.log.segment.size.max = 16384 (custom)
2019-06-12 18:54:04,041 INFO  server.RaftServerConfigKeys (ConfUtils.java:logGet(43)) - raft.server.log.segment.cache.num.max = 2 (custom)
2019-06-12 18:54:04,044 INFO  storage.RaftLogWorker (RaftLogWorker.java:<init>(123)) - new f616be8b-2cb6-4612-a9ca-ba2d9f0c2702-RaftLogWorker for Storage Directory /opt/src/hadoop-ozone/integration-test/target/test-dir/MiniOzoneClusterImpl-00b93388-e5ff-4a86-ae52-b128693da3ec/datanode-0/data/ratis/65aa4844-6e3b-4970-bc85-1313ba3aff44
2019-06-12 18:54:04,045 INFO  server.RaftServerConfigKeys (ConfUtils.java:logGet(43)) - raft.server.log.queue.byte-limit = 2147483647 (custom)
2019-06-12 18:54:04,045 INFO  server.RaftServerConfigKeys (ConfUtils.java:logGet(43)) - raft.server.log.queue.element-limit = 1024 (custom)
2019-06-12 18:54:04,047 INFO  server.RaftServerConfigKeys (ConfUtils.java:logGet(43)) - raft.server.log.segment.size.max = 16384 (custom)
2019-06-12 18:54:04,047 INFO  server.RaftServerConfigKeys (ConfUtils.java:logGet(43)) - raft.server.log.preallocated.size = 16384 (custom)
2019-06-12 18:54:04,048 INFO  server.RaftServerConfigKeys (ConfUtils.java:logGet(43)) - raft.server.log.write.buffer.size = 33554432 (custom)
2019-06-12 18:54:04,048 INFO  server.RaftServerConfigKeys (ConfUtils.java:logGet(43)) - raft.server.log.force.sync.num = 128 (default)
2019-06-12 18:54:04,049 INFO  server.RaftServerConfigKeys (ConfUtils.java:logGet(43)) - raft.server.log.statemachine.data.sync = true (default)
2019-06-12 18:54:04,049 INFO  server.RaftServerConfigKeys (ConfUtils.java:logGet(43)) - raft.server.log.statemachine.data.sync.timeout = 10s (default)
2019-06-12 18:54:04,050 INFO  server.RaftServerConfigKeys (ConfUtils.java:logGet(43)) - raft.server.log.statemachine.data.sync.timeout.retry = -1 (default)
2019-06-12 18:54:04,052 INFO  server.RaftServerConfigKeys (ConfUtils.java:logGet(43)) - raft.server.log.statemachine.data.caching.enabled = true (custom)
2019-06-12 18:54:04,057 INFO  server.RaftServerConfigKeys (ConfUtils.java:logGet(43)) - raft.server.snapshot.auto.trigger.enabled = true (custom)
2019-06-12 18:54:04,058 INFO  server.RaftServerConfigKeys (ConfUtils.java:logGet(43)) - raft.server.snapshot.auto.trigger.threshold = 10000 (custom)
2019-06-12 18:54:04,058 INFO  server.RaftServerConfigKeys (ConfUtils.java:logGet(43)) - raft.server.retrycache.expirytime = 600000ms (custom)
2019-06-12 18:54:04,077 INFO  impl.RaftServerImpl (RaftServerImpl.java:start(173)) - f616be8b-2cb6-4612-a9ca-ba2d9f0c2702: start group-1313BA3AFF44
2019-06-12 18:54:04,078 INFO  impl.RaftServerImpl (RaftServerImpl.java:setRole(164)) - f616be8b-2cb6-4612-a9ca-ba2d9f0c2702:group-1313BA3AFF44 changes role from null to FOLLOWER at term 0 for startAsFollower
2019-06-12 18:54:04,079 INFO  impl.RoleInfo (RoleInfo.java:updateAndGet(143)) - f616be8b-2cb6-4612-a9ca-ba2d9f0c2702: start FollowerState
2019-06-12 18:54:04,081 INFO  util.JmxRegister (JmxRegister.java:tryRegister(44)) - Successfully registered JMX Bean with object name Ratis:service=RaftServer,group=group-1313BA3AFF44,id=f616be8b-2cb6-4612-a9ca-ba2d9f0c2702
2019-06-12 18:54:04,122 INFO  pipeline.PipelineStateManager (PipelineStateManager.java:addPipeline(56)) - Created pipeline Pipeline[ Id: 65aa4844-6e3b-4970-bc85-1313ba3aff44, Nodes: f616be8b-2cb6-4612-a9ca-ba2d9f0c2702{ip: 192.168.46.15, host: ozone-hw5hf-1599250011, networkLocation: /default-rack, certSerialId: null}, Type:RATIS, Factor:ONE, State:OPEN]
2019-06-12 18:54:04,142 INFO  impl.RaftServerProxy (RaftServerProxy.java:addNew(89)) - 8fae5783-13da-42ff-9496-269e290418f3: addNew group-EFC0BCFB89E6:[8fae5783-13da-42ff-9496-269e290418f3:192.168.46.15:40849] returns group-EFC0BCFB89E6:java.util.concurrent.CompletableFuture@7e6a7d2a[Not completed]
2019-06-12 18:54:04,143 INFO  impl.RaftServerImpl (RaftServerImpl.java:<init>(91)) - 8fae5783-13da-42ff-9496-269e290418f3: new RaftServerImpl for group-EFC0BCFB89E6:[8fae5783-13da-42ff-9496-269e290418f3:192.168.46.15:40849] with ContainerStateMachine:uninitialized
2019-06-12 18:54:04,144 INFO  server.RaftServerConfigKeys (ConfUtils.java:logGet(43)) - raft.server.rpc.timeout.min = 1s (custom)
2019-06-12 18:54:04,144 INFO  server.RaftServerConfigKeys (ConfUtils.java:logGet(43)) - raft.server.rpc.timeout.max = 1200ms (custom)
2019-06-12 18:54:04,144 INFO  server.RaftServerConfigKeys (ConfUtils.java:logGet(43)) - raft.server.rpcslowness.timeout = 120s (custom)
2019-06-12 18:54:04,144 INFO  server.RaftServerConfigKeys (ConfUtils.java:logGet(43)) - raft.server.log.appender.install.snapshot.enabled = true (default)
2019-06-12 18:54:04,144 INFO  impl.RaftServerImpl (ServerState.java:<init>(101)) - 8fae5783-13da-42ff-9496-269e290418f3:group-EFC0BCFB89E6 ConfigurationManager, init=-1: [8fae5783-13da-42ff-9496-269e290418f3:192.168.46.15:40849], old=null, confs=<EMPTY_MAP>
2019-06-12 18:54:04,145 INFO  server.RaftServerConfigKeys (ConfUtils.java:logGet(43)) - raft.server.storage.dir = [/opt/src/hadoop-ozone/integration-test/target/test-dir/MiniOzoneClusterImpl-00b93388-e5ff-4a86-ae52-b128693da3ec/datanode-1/data/ratis] (custom)
2019-06-12 18:54:04,145 INFO  storage.RaftStorageDirectory (RaftStorageDirectory.java:analyzeStorage(246)) - The storage directory /opt/src/hadoop-ozone/integration-test/target/test-dir/MiniOzoneClusterImpl-00b93388-e5ff-4a86-ae52-b128693da3ec/datanode-1/data/ratis/65924732-db3f-4fc9-ab5d-efc0bcfb89e6 does not exist. Creating ...
2019-06-12 18:54:04,148 INFO  storage.RaftStorageDirectory (RaftStorageDirectory.java:tryLock(328)) - Lock on /opt/src/hadoop-ozone/integration-test/target/test-dir/MiniOzoneClusterImpl-00b93388-e5ff-4a86-ae52-b128693da3ec/datanode-1/data/ratis/65924732-db3f-4fc9-ab5d-efc0bcfb89e6/in_use.lock acquired by nodename 10680@ozone-hw5hf-1599250011
2019-06-12 18:54:04,150 INFO  storage.RaftStorage (RaftStorage.java:format(75)) - Storage directory /opt/src/hadoop-ozone/integration-test/target/test-dir/MiniOzoneClusterImpl-00b93388-e5ff-4a86-ae52-b128693da3ec/datanode-1/data/ratis/65924732-db3f-4fc9-ab5d-efc0bcfb89e6 has been successfully formatted.
2019-06-12 18:54:04,152 INFO  ratis.ContainerStateMachine (ContainerStateMachine.java:loadSnapshot(199)) - The snapshot info is null.Setting the last applied index to:(t:0, i:~)
2019-06-12 18:54:04,153 INFO  server.RaftServerConfigKeys (ConfUtils.java:logGet(43)) - raft.server.leader.election.timeout = 120s (custom)
2019-06-12 18:54:04,153 INFO  server.RaftServerConfigKeys (ConfUtils.java:logGet(43)) - raft.server.log.use.memory = false (default)
2019-06-12 18:54:04,153 INFO  server.RaftServerConfigKeys (ConfUtils.java:logGet(43)) - raft.server.log.appender.buffer.byte-limit = 33554432 (custom)
2019-06-12 18:54:04,153 INFO  server.RaftServerConfigKeys (ConfUtils.java:logGet(43)) - raft.server.log.segment.size.max = 16384 (custom)
2019-06-12 18:54:04,153 INFO  server.RaftServerConfigKeys (ConfUtils.java:logGet(43)) - raft.server.log.segment.cache.num.max = 2 (custom)
2019-06-12 18:54:04,154 INFO  storage.RaftLogWorker (RaftLogWorker.java:<init>(123)) - new 8fae5783-13da-42ff-9496-269e290418f3-RaftLogWorker for Storage Directory /opt/src/hadoop-ozone/integration-test/target/test-dir/MiniOzoneClusterImpl-00b93388-e5ff-4a86-ae52-b128693da3ec/datanode-1/data/ratis/65924732-db3f-4fc9-ab5d-efc0bcfb89e6
2019-06-12 18:54:04,155 INFO  server.RaftServerConfigKeys (ConfUtils.java:logGet(43)) - raft.server.log.queue.byte-limit = 2147483647 (custom)
2019-06-12 18:54:04,155 INFO  server.RaftServerConfigKeys (ConfUtils.java:logGet(43)) - raft.server.log.queue.element-limit = 1024 (custom)
2019-06-12 18:54:04,155 INFO  server.RaftServerConfigKeys (ConfUtils.java:logGet(43)) - raft.server.log.segment.size.max = 16384 (custom)
2019-06-12 18:54:04,155 INFO  server.RaftServerConfigKeys (ConfUtils.java:logGet(43)) - raft.server.log.preallocated.size = 16384 (custom)
2019-06-12 18:54:04,155 INFO  server.RaftServerConfigKeys (ConfUtils.java:logGet(43)) - raft.server.log.write.buffer.size = 33554432 (custom)
2019-06-12 18:54:04,155 INFO  server.RaftServerConfigKeys (ConfUtils.java:logGet(43)) - raft.server.log.force.sync.num = 128 (default)
2019-06-12 18:54:04,155 INFO  server.RaftServerConfigKeys (ConfUtils.java:logGet(43)) - raft.server.log.statemachine.data.sync = true (default)
2019-06-12 18:54:04,156 INFO  server.RaftServerConfigKeys (ConfUtils.java:logGet(43)) - raft.server.log.statemachine.data.sync.timeout = 10s (default)
2019-06-12 18:54:04,156 INFO  server.RaftServerConfigKeys (ConfUtils.java:logGet(43)) - raft.server.log.statemachine.data.sync.timeout.retry = -1 (default)
2019-06-12 18:54:04,156 INFO  server.RaftServerConfigKeys (ConfUtils.java:logGet(43)) - raft.server.log.statemachine.data.caching.enabled = true (custom)
2019-06-12 18:54:04,156 INFO  server.RaftServerConfigKeys (ConfUtils.java:logGet(43)) - raft.server.snapshot.auto.trigger.enabled = true (custom)
2019-06-12 18:54:04,157 INFO  server.RaftServerConfigKeys (ConfUtils.java:logGet(43)) - raft.server.snapshot.auto.trigger.threshold = 10000 (custom)
2019-06-12 18:54:04,157 INFO  server.RaftServerConfigKeys (ConfUtils.java:logGet(43)) - raft.server.retrycache.expirytime = 600000ms (custom)
2019-06-12 18:54:04,157 INFO  impl.RaftServerImpl (RaftServerImpl.java:start(173)) - 8fae5783-13da-42ff-9496-269e290418f3: start group-EFC0BCFB89E6
2019-06-12 18:54:04,157 INFO  impl.RaftServerImpl (RaftServerImpl.java:setRole(164)) - 8fae5783-13da-42ff-9496-269e290418f3:group-EFC0BCFB89E6 changes role from null to FOLLOWER at term 0 for startAsFollower
2019-06-12 18:54:04,157 INFO  impl.RoleInfo (RoleInfo.java:updateAndGet(143)) - 8fae5783-13da-42ff-9496-269e290418f3: start FollowerState
2019-06-12 18:54:04,158 INFO  util.JmxRegister (JmxRegister.java:tryRegister(44)) - Successfully registered JMX Bean with object name Ratis:service=RaftServer,group=group-EFC0BCFB89E6,id=8fae5783-13da-42ff-9496-269e290418f3
2019-06-12 18:54:04,168 INFO  pipeline.PipelineStateManager (PipelineStateManager.java:addPipeline(56)) - Created pipeline Pipeline[ Id: 65924732-db3f-4fc9-ab5d-efc0bcfb89e6, Nodes: 8fae5783-13da-42ff-9496-269e290418f3{ip: 192.168.46.15, host: ozone-hw5hf-1599250011, networkLocation: /default-rack, certSerialId: null}, Type:RATIS, Factor:ONE, State:OPEN]
2019-06-12 18:54:04,187 INFO  impl.RaftServerProxy (RaftServerProxy.java:addNew(89)) - 1cf6edce-a6fa-4eef-b65d-a3e567c1c9eb: addNew group-1FFD3762CE8C:[1cf6edce-a6fa-4eef-b65d-a3e567c1c9eb:192.168.46.15:39717] returns group-1FFD3762CE8C:java.util.concurrent.CompletableFuture@6ea81e79[Not completed]
2019-06-12 18:54:04,226 INFO  impl.RaftServerImpl (RaftServerImpl.java:<init>(91)) - 1cf6edce-a6fa-4eef-b65d-a3e567c1c9eb: new RaftServerImpl for group-1FFD3762CE8C:[1cf6edce-a6fa-4eef-b65d-a3e567c1c9eb:192.168.46.15:39717] with ContainerStateMachine:uninitialized
2019-06-12 18:54:04,226 INFO  server.RaftServerConfigKeys (ConfUtils.java:logGet(43)) - raft.server.rpc.timeout.min = 1s (custom)
2019-06-12 18:54:04,226 INFO  server.RaftServerConfigKeys (ConfUtils.java:logGet(43)) - raft.server.rpc.timeout.max = 1200ms (custom)
2019-06-12 18:54:04,226 INFO  server.RaftServerConfigKeys (ConfUtils.java:logGet(43)) - raft.server.rpcslowness.timeout = 120s (custom)
2019-06-12 18:54:04,226 INFO  server.RaftServerConfigKeys (ConfUtils.java:logGet(43)) - raft.server.log.appender.install.snapshot.enabled = true (default)
2019-06-12 18:54:04,227 INFO  impl.RaftServerImpl (ServerState.java:<init>(101)) - 1cf6edce-a6fa-4eef-b65d-a3e567c1c9eb:group-1FFD3762CE8C ConfigurationManager, init=-1: [1cf6edce-a6fa-4eef-b65d-a3e567c1c9eb:192.168.46.15:39717], old=null, confs=<EMPTY_MAP>
2019-06-12 18:54:04,228 INFO  server.RaftServerConfigKeys (ConfUtils.java:logGet(43)) - raft.server.storage.dir = [/opt/src/hadoop-ozone/integration-test/target/test-dir/MiniOzoneClusterImpl-00b93388-e5ff-4a86-ae52-b128693da3ec/datanode-2/data/ratis] (custom)
2019-06-12 18:54:04,228 INFO  storage.RaftStorageDirectory (RaftStorageDirectory.java:analyzeStorage(246)) - The storage directory /opt/src/hadoop-ozone/integration-test/target/test-dir/MiniOzoneClusterImpl-00b93388-e5ff-4a86-ae52-b128693da3ec/datanode-2/data/ratis/85d0882c-24b3-49e6-9f4a-1ffd3762ce8c does not exist. Creating ...
2019-06-12 18:54:04,228 INFO  node.SCMNodeManager (SCMNodeManager.java:register(234)) - Registered Data node : 94673d78-aa6f-49ab-af4c-5980bc85e10b{ip: 192.168.46.15, host: ozone-hw5hf-1599250011, networkLocation: /default-rack, certSerialId: null}
2019-06-12 18:54:04,230 INFO  storage.RaftStorageDirectory (RaftStorageDirectory.java:tryLock(328)) - Lock on /opt/src/hadoop-ozone/integration-test/target/test-dir/MiniOzoneClusterImpl-00b93388-e5ff-4a86-ae52-b128693da3ec/datanode-2/data/ratis/85d0882c-24b3-49e6-9f4a-1ffd3762ce8c/in_use.lock acquired by nodename 10680@ozone-hw5hf-1599250011
2019-06-12 18:54:04,232 INFO  storage.RaftStorage (RaftStorage.java:format(75)) - Storage directory /opt/src/hadoop-ozone/integration-test/target/test-dir/MiniOzoneClusterImpl-00b93388-e5ff-4a86-ae52-b128693da3ec/datanode-2/data/ratis/85d0882c-24b3-49e6-9f4a-1ffd3762ce8c has been successfully formatted.
2019-06-12 18:54:04,232 INFO  ratis.ContainerStateMachine (ContainerStateMachine.java:loadSnapshot(199)) - The snapshot info is null.Setting the last applied index to:(t:0, i:~)
2019-06-12 18:54:04,232 INFO  server.RaftServerConfigKeys (ConfUtils.java:logGet(43)) - raft.server.leader.election.timeout = 120s (custom)
2019-06-12 18:54:04,232 INFO  server.RaftServerConfigKeys (ConfUtils.java:logGet(43)) - raft.server.log.use.memory = false (default)
2019-06-12 18:54:04,232 INFO  server.RaftServerConfigKeys (ConfUtils.java:logGet(43)) - raft.server.log.appender.buffer.byte-limit = 33554432 (custom)
2019-06-12 18:54:04,232 INFO  server.RaftServerConfigKeys (ConfUtils.java:logGet(43)) - raft.server.log.segment.size.max = 16384 (custom)
2019-06-12 18:54:04,232 INFO  server.RaftServerConfigKeys (ConfUtils.java:logGet(43)) - raft.server.log.segment.cache.num.max = 2 (custom)
2019-06-12 18:54:04,233 INFO  storage.RaftLogWorker (RaftLogWorker.java:<init>(123)) - new 1cf6edce-a6fa-4eef-b65d-a3e567c1c9eb-RaftLogWorker for Storage Directory /opt/src/hadoop-ozone/integration-test/target/test-dir/MiniOzoneClusterImpl-00b93388-e5ff-4a86-ae52-b128693da3ec/datanode-2/data/ratis/85d0882c-24b3-49e6-9f4a-1ffd3762ce8c
2019-06-12 18:54:04,233 INFO  server.RaftServerConfigKeys (ConfUtils.java:logGet(43)) - raft.server.log.queue.byte-limit = 2147483647 (custom)
2019-06-12 18:54:04,233 INFO  server.RaftServerConfigKeys (ConfUtils.java:logGet(43)) - raft.server.log.queue.element-limit = 1024 (custom)
2019-06-12 18:54:04,233 INFO  server.RaftServerConfigKeys (ConfUtils.java:logGet(43)) - raft.server.log.segment.size.max = 16384 (custom)
2019-06-12 18:54:04,233 INFO  server.RaftServerConfigKeys (ConfUtils.java:logGet(43)) - raft.server.log.preallocated.size = 16384 (custom)
2019-06-12 18:54:04,233 INFO  server.RaftServerConfigKeys (ConfUtils.java:logGet(43)) - raft.server.log.write.buffer.size = 33554432 (custom)
2019-06-12 18:54:04,233 INFO  server.RaftServerConfigKeys (ConfUtils.java:logGet(43)) - raft.server.log.force.sync.num = 128 (default)
2019-06-12 18:54:04,233 INFO  server.RaftServerConfigKeys (ConfUtils.java:logGet(43)) - raft.server.log.statemachine.data.sync = true (default)
2019-06-12 18:54:04,233 INFO  server.RaftServerConfigKeys (ConfUtils.java:logGet(43)) - raft.server.log.statemachine.data.sync.timeout = 10s (default)
2019-06-12 18:54:04,233 INFO  server.RaftServerConfigKeys (ConfUtils.java:logGet(43)) - raft.server.log.statemachine.data.sync.timeout.retry = -1 (default)
2019-06-12 18:54:04,233 INFO  server.RaftServerConfigKeys (ConfUtils.java:logGet(43)) - raft.server.log.statemachine.data.caching.enabled = true (custom)
2019-06-12 18:54:04,234 INFO  server.RaftServerConfigKeys (ConfUtils.java:logGet(43)) - raft.server.snapshot.auto.trigger.enabled = true (custom)
2019-06-12 18:54:04,234 INFO  server.RaftServerConfigKeys (ConfUtils.java:logGet(43)) - raft.server.snapshot.auto.trigger.threshold = 10000 (custom)
2019-06-12 18:54:04,234 INFO  server.RaftServerConfigKeys (ConfUtils.java:logGet(43)) - raft.server.retrycache.expirytime = 600000ms (custom)
2019-06-12 18:54:04,234 INFO  impl.RaftServerImpl (RaftServerImpl.java:start(173)) - 1cf6edce-a6fa-4eef-b65d-a3e567c1c9eb: start group-1FFD3762CE8C
2019-06-12 18:54:04,234 INFO  impl.RaftServerImpl (RaftServerImpl.java:setRole(164)) - 1cf6edce-a6fa-4eef-b65d-a3e567c1c9eb:group-1FFD3762CE8C changes role from null to FOLLOWER at term 0 for startAsFollower
2019-06-12 18:54:04,234 INFO  impl.RoleInfo (RoleInfo.java:updateAndGet(143)) - 1cf6edce-a6fa-4eef-b65d-a3e567c1c9eb: start FollowerState
2019-06-12 18:54:04,234 INFO  util.JmxRegister (JmxRegister.java:tryRegister(44)) - Successfully registered JMX Bean with object name Ratis:service=RaftServer,group=group-1FFD3762CE8C,id=1cf6edce-a6fa-4eef-b65d-a3e567c1c9eb
2019-06-12 18:54:04,244 INFO  pipeline.PipelineStateManager (PipelineStateManager.java:addPipeline(56)) - Created pipeline Pipeline[ Id: 85d0882c-24b3-49e6-9f4a-1ffd3762ce8c, Nodes: 1cf6edce-a6fa-4eef-b65d-a3e567c1c9eb{ip: 192.168.46.15, host: ozone-hw5hf-1599250011, networkLocation: /default-rack, certSerialId: null}, Type:RATIS, Factor:ONE, State:OPEN]
2019-06-12 18:54:04,258 INFO  impl.RaftServerProxy (RaftServerProxy.java:addNew(89)) - 94673d78-aa6f-49ab-af4c-5980bc85e10b: addNew group-47D844E6CE3D:[94673d78-aa6f-49ab-af4c-5980bc85e10b:192.168.46.15:42657] returns group-47D844E6CE3D:java.util.concurrent.CompletableFuture@6d17ba54[Not completed]
2019-06-12 18:54:04,262 INFO  impl.RaftServerImpl (RaftServerImpl.java:<init>(91)) - 94673d78-aa6f-49ab-af4c-5980bc85e10b: new RaftServerImpl for group-47D844E6CE3D:[94673d78-aa6f-49ab-af4c-5980bc85e10b:192.168.46.15:42657] with ContainerStateMachine:uninitialized
2019-06-12 18:54:04,262 INFO  server.RaftServerConfigKeys (ConfUtils.java:logGet(43)) - raft.server.rpc.timeout.min = 1s (custom)
2019-06-12 18:54:04,262 INFO  server.RaftServerConfigKeys (ConfUtils.java:logGet(43)) - raft.server.rpc.timeout.max = 1200ms (custom)
2019-06-12 18:54:04,262 INFO  server.RaftServerConfigKeys (ConfUtils.java:logGet(43)) - raft.server.rpcslowness.timeout = 120s (custom)
2019-06-12 18:54:04,262 INFO  server.RaftServerConfigKeys (ConfUtils.java:logGet(43)) - raft.server.log.appender.install.snapshot.enabled = true (default)
2019-06-12 18:54:04,263 INFO  impl.RaftServerImpl (ServerState.java:<init>(101)) - 94673d78-aa6f-49ab-af4c-5980bc85e10b:group-47D844E6CE3D ConfigurationManager, init=-1: [94673d78-aa6f-49ab-af4c-5980bc85e10b:192.168.46.15:42657], old=null, confs=<EMPTY_MAP>
2019-06-12 18:54:04,263 INFO  server.RaftServerConfigKeys (ConfUtils.java:logGet(43)) - raft.server.storage.dir = [/opt/src/hadoop-ozone/integration-test/target/test-dir/MiniOzoneClusterImpl-00b93388-e5ff-4a86-ae52-b128693da3ec/datanode-3/data/ratis] (custom)
2019-06-12 18:54:04,263 INFO  storage.RaftStorageDirectory (RaftStorageDirectory.java:analyzeStorage(246)) - The storage directory /opt/src/hadoop-ozone/integration-test/target/test-dir/MiniOzoneClusterImpl-00b93388-e5ff-4a86-ae52-b128693da3ec/datanode-3/data/ratis/56c37af6-58ad-40b7-9013-47d844e6ce3d does not exist. Creating ...
2019-06-12 18:54:04,265 INFO  storage.RaftStorageDirectory (RaftStorageDirectory.java:tryLock(328)) - Lock on /opt/src/hadoop-ozone/integration-test/target/test-dir/MiniOzoneClusterImpl-00b93388-e5ff-4a86-ae52-b128693da3ec/datanode-3/data/ratis/56c37af6-58ad-40b7-9013-47d844e6ce3d/in_use.lock acquired by nodename 10680@ozone-hw5hf-1599250011
2019-06-12 18:54:04,267 INFO  storage.RaftStorage (RaftStorage.java:format(75)) - Storage directory /opt/src/hadoop-ozone/integration-test/target/test-dir/MiniOzoneClusterImpl-00b93388-e5ff-4a86-ae52-b128693da3ec/datanode-3/data/ratis/56c37af6-58ad-40b7-9013-47d844e6ce3d has been successfully formatted.
2019-06-12 18:54:04,267 INFO  ratis.ContainerStateMachine (ContainerStateMachine.java:loadSnapshot(199)) - The snapshot info is null.Setting the last applied index to:(t:0, i:~)
2019-06-12 18:54:04,267 INFO  server.RaftServerConfigKeys (ConfUtils.java:logGet(43)) - raft.server.leader.election.timeout = 120s (custom)
2019-06-12 18:54:04,267 INFO  server.RaftServerConfigKeys (ConfUtils.java:logGet(43)) - raft.server.log.use.memory = false (default)
2019-06-12 18:54:04,267 INFO  server.RaftServerConfigKeys (ConfUtils.java:logGet(43)) - raft.server.log.appender.buffer.byte-limit = 33554432 (custom)
2019-06-12 18:54:04,267 INFO  server.RaftServerConfigKeys (ConfUtils.java:logGet(43)) - raft.server.log.segment.size.max = 16384 (custom)
2019-06-12 18:54:04,268 INFO  server.RaftServerConfigKeys (ConfUtils.java:logGet(43)) - raft.server.log.segment.cache.num.max = 2 (custom)
2019-06-12 18:54:04,268 INFO  storage.RaftLogWorker (RaftLogWorker.java:<init>(123)) - new 94673d78-aa6f-49ab-af4c-5980bc85e10b-RaftLogWorker for Storage Directory /opt/src/hadoop-ozone/integration-test/target/test-dir/MiniOzoneClusterImpl-00b93388-e5ff-4a86-ae52-b128693da3ec/datanode-3/data/ratis/56c37af6-58ad-40b7-9013-47d844e6ce3d
2019-06-12 18:54:04,268 INFO  server.RaftServerConfigKeys (ConfUtils.java:logGet(43)) - raft.server.log.queue.byte-limit = 2147483647 (custom)
2019-06-12 18:54:04,268 INFO  server.RaftServerConfigKeys (ConfUtils.java:logGet(43)) - raft.server.log.queue.element-limit = 1024 (custom)
2019-06-12 18:54:04,268 INFO  server.RaftServerConfigKeys (ConfUtils.java:logGet(43)) - raft.server.log.segment.size.max = 16384 (custom)
2019-06-12 18:54:04,268 INFO  server.RaftServerConfigKeys (ConfUtils.java:logGet(43)) - raft.server.log.preallocated.size = 16384 (custom)
2019-06-12 18:54:04,268 INFO  server.RaftServerConfigKeys (ConfUtils.java:logGet(43)) - raft.server.log.write.buffer.size = 33554432 (custom)
2019-06-12 18:54:04,268 INFO  server.RaftServerConfigKeys (ConfUtils.java:logGet(43)) - raft.server.log.force.sync.num = 128 (default)
2019-06-12 18:54:04,268 INFO  server.RaftServerConfigKeys (ConfUtils.java:logGet(43)) - raft.server.log.statemachine.data.sync = true (default)
2019-06-12 18:54:04,268 INFO  server.RaftServerConfigKeys (ConfUtils.java:logGet(43)) - raft.server.log.statemachine.data.sync.timeout = 10s (default)
2019-06-12 18:54:04,268 INFO  server.RaftServerConfigKeys (ConfUtils.java:logGet(43)) - raft.server.log.statemachine.data.sync.timeout.retry = -1 (default)
2019-06-12 18:54:04,268 INFO  server.RaftServerConfigKeys (ConfUtils.java:logGet(43)) - raft.server.log.statemachine.data.caching.enabled = true (custom)
2019-06-12 18:54:04,269 INFO  server.RaftServerConfigKeys (ConfUtils.java:logGet(43)) - raft.server.snapshot.auto.trigger.enabled = true (custom)
2019-06-12 18:54:04,269 INFO  server.RaftServerConfigKeys (ConfUtils.java:logGet(43)) - raft.server.snapshot.auto.trigger.threshold = 10000 (custom)
2019-06-12 18:54:04,269 INFO  server.RaftServerConfigKeys (ConfUtils.java:logGet(43)) - raft.server.retrycache.expirytime = 600000ms (custom)
2019-06-12 18:54:04,269 INFO  impl.RaftServerImpl (RaftServerImpl.java:start(173)) - 94673d78-aa6f-49ab-af4c-5980bc85e10b: start group-47D844E6CE3D
2019-06-12 18:54:04,269 INFO  impl.RaftServerImpl (RaftServerImpl.java:setRole(164)) - 94673d78-aa6f-49ab-af4c-5980bc85e10b:group-47D844E6CE3D changes role from null to FOLLOWER at term 0 for startAsFollower
2019-06-12 18:54:04,269 INFO  impl.RoleInfo (RoleInfo.java:updateAndGet(143)) - 94673d78-aa6f-49ab-af4c-5980bc85e10b: start FollowerState
2019-06-12 18:54:04,270 INFO  util.JmxRegister (JmxRegister.java:tryRegister(44)) - Successfully registered JMX Bean with object name Ratis:service=RaftServer,group=group-47D844E6CE3D,id=94673d78-aa6f-49ab-af4c-5980bc85e10b
2019-06-12 18:54:04,278 INFO  pipeline.PipelineStateManager (PipelineStateManager.java:addPipeline(56)) - Created pipeline Pipeline[ Id: 56c37af6-58ad-40b7-9013-47d844e6ce3d, Nodes: 94673d78-aa6f-49ab-af4c-5980bc85e10b{ip: 192.168.46.15, host: ozone-hw5hf-1599250011, networkLocation: /default-rack, certSerialId: null}, Type:RATIS, Factor:ONE, State:OPEN]
2019-06-12 18:54:04,308 INFO  impl.RaftServerProxy (RaftServerProxy.java:addNew(89)) - 8fae5783-13da-42ff-9496-269e290418f3: addNew group-4EAABE9F7ADA:[94673d78-aa6f-49ab-af4c-5980bc85e10b:192.168.46.15:42657, f616be8b-2cb6-4612-a9ca-ba2d9f0c2702:192.168.46.15:34715, 8fae5783-13da-42ff-9496-269e290418f3:192.168.46.15:40849] returns group-4EAABE9F7ADA:java.util.concurrent.CompletableFuture@2d1fcab4[Not completed]
2019-06-12 18:54:04,308 INFO  impl.RaftServerProxy (RaftServerProxy.java:addNew(89)) - f616be8b-2cb6-4612-a9ca-ba2d9f0c2702: addNew group-4EAABE9F7ADA:[94673d78-aa6f-49ab-af4c-5980bc85e10b:192.168.46.15:42657, f616be8b-2cb6-4612-a9ca-ba2d9f0c2702:192.168.46.15:34715, 8fae5783-13da-42ff-9496-269e290418f3:192.168.46.15:40849] returns group-4EAABE9F7ADA:java.util.concurrent.CompletableFuture@65c0af9e[Not completed]
2019-06-12 18:54:04,308 INFO  impl.RaftServerProxy (RaftServerProxy.java:addNew(89)) - 94673d78-aa6f-49ab-af4c-5980bc85e10b: addNew group-4EAABE9F7ADA:[94673d78-aa6f-49ab-af4c-5980bc85e10b:192.168.46.15:42657, f616be8b-2cb6-4612-a9ca-ba2d9f0c2702:192.168.46.15:34715, 8fae5783-13da-42ff-9496-269e290418f3:192.168.46.15:40849] returns group-4EAABE9F7ADA:java.util.concurrent.CompletableFuture@71ea9f26[Not completed]
2019-06-12 18:54:04,309 INFO  impl.RaftServerImpl (RaftServerImpl.java:<init>(91)) - 8fae5783-13da-42ff-9496-269e290418f3: new RaftServerImpl for group-4EAABE9F7ADA:[94673d78-aa6f-49ab-af4c-5980bc85e10b:192.168.46.15:42657, f616be8b-2cb6-4612-a9ca-ba2d9f0c2702:192.168.46.15:34715, 8fae5783-13da-42ff-9496-269e290418f3:192.168.46.15:40849] with ContainerStateMachine:uninitialized
2019-06-12 18:54:04,309 INFO  server.RaftServerConfigKeys (ConfUtils.java:logGet(43)) - raft.server.rpc.timeout.min = 1s (custom)
2019-06-12 18:54:04,309 INFO  impl.RaftServerImpl (RaftServerImpl.java:<init>(91)) - f616be8b-2cb6-4612-a9ca-ba2d9f0c2702: new RaftServerImpl for group-4EAABE9F7ADA:[94673d78-aa6f-49ab-af4c-5980bc85e10b:192.168.46.15:42657, f616be8b-2cb6-4612-a9ca-ba2d9f0c2702:192.168.46.15:34715, 8fae5783-13da-42ff-9496-269e290418f3:192.168.46.15:40849] with ContainerStateMachine:uninitialized
2019-06-12 18:54:04,309 INFO  server.RaftServerConfigKeys (ConfUtils.java:logGet(43)) - raft.server.rpc.timeout.max = 1200ms (custom)
2019-06-12 18:54:04,309 INFO  server.RaftServerConfigKeys (ConfUtils.java:logGet(43)) - raft.server.rpc.timeout.min = 1s (custom)
2019-06-12 18:54:04,309 INFO  server.RaftServerConfigKeys (ConfUtils.java:logGet(43)) - raft.server.rpcslowness.timeout = 120s (custom)
2019-06-12 18:54:04,309 INFO  server.RaftServerConfigKeys (ConfUtils.java:logGet(43)) - raft.server.rpc.timeout.max = 1200ms (custom)
2019-06-12 18:54:04,309 INFO  server.RaftServerConfigKeys (ConfUtils.java:logGet(43)) - raft.server.log.appender.install.snapshot.enabled = true (default)
2019-06-12 18:54:04,309 INFO  impl.RaftServerImpl (RaftServerImpl.java:<init>(91)) - 94673d78-aa6f-49ab-af4c-5980bc85e10b: new RaftServerImpl for group-4EAABE9F7ADA:[94673d78-aa6f-49ab-af4c-5980bc85e10b:192.168.46.15:42657, f616be8b-2cb6-4612-a9ca-ba2d9f0c2702:192.168.46.15:34715, 8fae5783-13da-42ff-9496-269e290418f3:192.168.46.15:40849] with ContainerStateMachine:uninitialized
2019-06-12 18:54:04,309 INFO  server.RaftServerConfigKeys (ConfUtils.java:logGet(43)) - raft.server.rpcslowness.timeout = 120s (custom)
2019-06-12 18:54:04,310 INFO  server.RaftServerConfigKeys (ConfUtils.java:logGet(43)) - raft.server.log.appender.install.snapshot.enabled = true (default)
2019-06-12 18:54:04,310 INFO  server.RaftServerConfigKeys (ConfUtils.java:logGet(43)) - raft.server.rpc.timeout.min = 1s (custom)
2019-06-12 18:54:04,310 INFO  impl.RaftServerImpl (ServerState.java:<init>(101)) - 8fae5783-13da-42ff-9496-269e290418f3:group-4EAABE9F7ADA ConfigurationManager, init=-1: [94673d78-aa6f-49ab-af4c-5980bc85e10b:192.168.46.15:42657, f616be8b-2cb6-4612-a9ca-ba2d9f0c2702:192.168.46.15:34715, 8fae5783-13da-42ff-9496-269e290418f3:192.168.46.15:40849], old=null, confs=<EMPTY_MAP>
2019-06-12 18:54:04,310 INFO  server.RaftServerConfigKeys (ConfUtils.java:logGet(43)) - raft.server.rpc.timeout.max = 1200ms (custom)
2019-06-12 18:54:04,310 INFO  server.RaftServerConfigKeys (ConfUtils.java:logGet(43)) - raft.server.storage.dir = [/opt/src/hadoop-ozone/integration-test/target/test-dir/MiniOzoneClusterImpl-00b93388-e5ff-4a86-ae52-b128693da3ec/datanode-1/data/ratis] (custom)
2019-06-12 18:54:04,310 INFO  impl.RaftServerImpl (ServerState.java:<init>(101)) - f616be8b-2cb6-4612-a9ca-ba2d9f0c2702:group-4EAABE9F7ADA ConfigurationManager, init=-1: [94673d78-aa6f-49ab-af4c-5980bc85e10b:192.168.46.15:42657, f616be8b-2cb6-4612-a9ca-ba2d9f0c2702:192.168.46.15:34715, 8fae5783-13da-42ff-9496-269e290418f3:192.168.46.15:40849], old=null, confs=<EMPTY_MAP>
2019-06-12 18:54:04,310 INFO  server.RaftServerConfigKeys (ConfUtils.java:logGet(43)) - raft.server.storage.dir = [/opt/src/hadoop-ozone/integration-test/target/test-dir/MiniOzoneClusterImpl-00b93388-e5ff-4a86-ae52-b128693da3ec/datanode-0/data/ratis] (custom)
2019-06-12 18:54:04,310 INFO  storage.RaftStorageDirectory (RaftStorageDirectory.java:analyzeStorage(246)) - The storage directory /opt/src/hadoop-ozone/integration-test/target/test-dir/MiniOzoneClusterImpl-00b93388-e5ff-4a86-ae52-b128693da3ec/datanode-1/data/ratis/4fbb4260-9d9d-4e46-96a5-4eaabe9f7ada does not exist. Creating ...
2019-06-12 18:54:04,311 INFO  storage.RaftStorageDirectory (RaftStorageDirectory.java:analyzeStorage(246)) - The storage directory /opt/src/hadoop-ozone/integration-test/target/test-dir/MiniOzoneClusterImpl-00b93388-e5ff-4a86-ae52-b128693da3ec/datanode-0/data/ratis/4fbb4260-9d9d-4e46-96a5-4eaabe9f7ada does not exist. Creating ...
2019-06-12 18:54:04,310 INFO  server.RaftServerConfigKeys (ConfUtils.java:logGet(43)) - raft.server.rpcslowness.timeout = 120s (custom)
2019-06-12 18:54:04,311 INFO  server.RaftServerConfigKeys (ConfUtils.java:logGet(43)) - raft.server.log.appender.install.snapshot.enabled = true (default)
2019-06-12 18:54:04,311 INFO  impl.RaftServerImpl (ServerState.java:<init>(101)) - 94673d78-aa6f-49ab-af4c-5980bc85e10b:group-4EAABE9F7ADA ConfigurationManager, init=-1: [94673d78-aa6f-49ab-af4c-5980bc85e10b:192.168.46.15:42657, f616be8b-2cb6-4612-a9ca-ba2d9f0c2702:192.168.46.15:34715, 8fae5783-13da-42ff-9496-269e290418f3:192.168.46.15:40849], old=null, confs=<EMPTY_MAP>
2019-06-12 18:54:04,311 INFO  server.RaftServerConfigKeys (ConfUtils.java:logGet(43)) - raft.server.storage.dir = [/opt/src/hadoop-ozone/integration-test/target/test-dir/MiniOzoneClusterImpl-00b93388-e5ff-4a86-ae52-b128693da3ec/datanode-3/data/ratis] (custom)
2019-06-12 18:54:04,311 INFO  storage.RaftStorageDirectory (RaftStorageDirectory.java:analyzeStorage(246)) - The storage directory /opt/src/hadoop-ozone/integration-test/target/test-dir/MiniOzoneClusterImpl-00b93388-e5ff-4a86-ae52-b128693da3ec/datanode-3/data/ratis/4fbb4260-9d9d-4e46-96a5-4eaabe9f7ada does not exist. Creating ...
2019-06-12 18:54:04,313 INFO  storage.RaftStorageDirectory (RaftStorageDirectory.java:tryLock(328)) - Lock on /opt/src/hadoop-ozone/integration-test/target/test-dir/MiniOzoneClusterImpl-00b93388-e5ff-4a86-ae52-b128693da3ec/datanode-0/data/ratis/4fbb4260-9d9d-4e46-96a5-4eaabe9f7ada/in_use.lock acquired by nodename 10680@ozone-hw5hf-1599250011
2019-06-12 18:54:04,313 INFO  storage.RaftStorageDirectory (RaftStorageDirectory.java:tryLock(328)) - Lock on /opt/src/hadoop-ozone/integration-test/target/test-dir/MiniOzoneClusterImpl-00b93388-e5ff-4a86-ae52-b128693da3ec/datanode-1/data/ratis/4fbb4260-9d9d-4e46-96a5-4eaabe9f7ada/in_use.lock acquired by nodename 10680@ozone-hw5hf-1599250011
2019-06-12 18:54:04,331 INFO  storage.RaftStorageDirectory (RaftStorageDirectory.java:tryLock(328)) - Lock on /opt/src/hadoop-ozone/integration-test/target/test-dir/MiniOzoneClusterImpl-00b93388-e5ff-4a86-ae52-b128693da3ec/datanode-3/data/ratis/4fbb4260-9d9d-4e46-96a5-4eaabe9f7ada/in_use.lock acquired by nodename 10680@ozone-hw5hf-1599250011
2019-06-12 18:54:04,331 INFO  storage.RaftStorage (RaftStorage.java:format(75)) - Storage directory /opt/src/hadoop-ozone/integration-test/target/test-dir/MiniOzoneClusterImpl-00b93388-e5ff-4a86-ae52-b128693da3ec/datanode-1/data/ratis/4fbb4260-9d9d-4e46-96a5-4eaabe9f7ada has been successfully formatted.
2019-06-12 18:54:04,331 INFO  storage.RaftStorage (RaftStorage.java:format(75)) - Storage directory /opt/src/hadoop-ozone/integration-test/target/test-dir/MiniOzoneClusterImpl-00b93388-e5ff-4a86-ae52-b128693da3ec/datanode-0/data/ratis/4fbb4260-9d9d-4e46-96a5-4eaabe9f7ada has been successfully formatted.
2019-06-12 18:54:04,332 INFO  ratis.ContainerStateMachine (ContainerStateMachine.java:loadSnapshot(199)) - The snapshot info is null.Setting the last applied index to:(t:0, i:~)
2019-06-12 18:54:04,332 INFO  ratis.ContainerStateMachine (ContainerStateMachine.java:loadSnapshot(199)) - The snapshot info is null.Setting the last applied index to:(t:0, i:~)
2019-06-12 18:54:04,332 INFO  server.RaftServerConfigKeys (ConfUtils.java:logGet(43)) - raft.server.leader.election.timeout = 120s (custom)
2019-06-12 18:54:04,332 INFO  server.RaftServerConfigKeys (ConfUtils.java:logGet(43)) - raft.server.leader.election.timeout = 120s (custom)
2019-06-12 18:54:04,332 INFO  server.RaftServerConfigKeys (ConfUtils.java:logGet(43)) - raft.server.log.use.memory = false (default)
2019-06-12 18:54:04,332 INFO  server.RaftServerConfigKeys (ConfUtils.java:logGet(43)) - raft.server.log.use.memory = false (default)
2019-06-12 18:54:04,332 INFO  server.RaftServerConfigKeys (ConfUtils.java:logGet(43)) - raft.server.log.appender.buffer.byte-limit = 33554432 (custom)
2019-06-12 18:54:04,332 INFO  server.RaftServerConfigKeys (ConfUtils.java:logGet(43)) - raft.server.log.appender.buffer.byte-limit = 33554432 (custom)
2019-06-12 18:54:04,332 INFO  server.RaftServerConfigKeys (ConfUtils.java:logGet(43)) - raft.server.log.segment.size.max = 16384 (custom)
2019-06-12 18:54:04,332 INFO  server.RaftServerConfigKeys (ConfUtils.java:logGet(43)) - raft.server.log.segment.size.max = 16384 (custom)
2019-06-12 18:54:04,333 INFO  server.RaftServerConfigKeys (ConfUtils.java:logGet(43)) - raft.server.log.segment.cache.num.max = 2 (custom)
2019-06-12 18:54:04,333 INFO  storage.RaftLogWorker (RaftLogWorker.java:<init>(123)) - new f616be8b-2cb6-4612-a9ca-ba2d9f0c2702-RaftLogWorker for Storage Directory /opt/src/hadoop-ozone/integration-test/target/test-dir/MiniOzoneClusterImpl-00b93388-e5ff-4a86-ae52-b128693da3ec/datanode-0/data/ratis/4fbb4260-9d9d-4e46-96a5-4eaabe9f7ada
2019-06-12 18:54:04,333 INFO  server.RaftServerConfigKeys (ConfUtils.java:logGet(43)) - raft.server.log.queue.byte-limit = 2147483647 (custom)
2019-06-12 18:54:04,333 INFO  server.RaftServerConfigKeys (ConfUtils.java:logGet(43)) - raft.server.log.queue.element-limit = 1024 (custom)
2019-06-12 18:54:04,333 INFO  server.RaftServerConfigKeys (ConfUtils.java:logGet(43)) - raft.server.log.segment.size.max = 16384 (custom)
2019-06-12 18:54:04,333 INFO  server.RaftServerConfigKeys (ConfUtils.java:logGet(43)) - raft.server.log.preallocated.size = 16384 (custom)
2019-06-12 18:54:04,333 INFO  server.RaftServerConfigKeys (ConfUtils.java:logGet(43)) - raft.server.log.write.buffer.size = 33554432 (custom)
2019-06-12 18:54:04,333 INFO  server.RaftServerConfigKeys (ConfUtils.java:logGet(43)) - raft.server.log.force.sync.num = 128 (default)
2019-06-12 18:54:04,333 INFO  server.RaftServerConfigKeys (ConfUtils.java:logGet(43)) - raft.server.log.statemachine.data.sync = true (default)
2019-06-12 18:54:04,333 INFO  server.RaftServerConfigKeys (ConfUtils.java:logGet(43)) - raft.server.log.statemachine.data.sync.timeout = 10s (default)
2019-06-12 18:54:04,333 INFO  server.RaftServerConfigKeys (ConfUtils.java:logGet(43)) - raft.server.log.statemachine.data.sync.timeout.retry = -1 (default)
2019-06-12 18:54:04,334 INFO  server.RaftServerConfigKeys (ConfUtils.java:logGet(43)) - raft.server.log.statemachine.data.caching.enabled = true (custom)
2019-06-12 18:54:04,332 INFO  server.RaftServerConfigKeys (ConfUtils.java:logGet(43)) - raft.server.log.segment.cache.num.max = 2 (custom)
2019-06-12 18:54:04,333 INFO  storage.RaftStorage (RaftStorage.java:format(75)) - Storage directory /opt/src/hadoop-ozone/integration-test/target/test-dir/MiniOzoneClusterImpl-00b93388-e5ff-4a86-ae52-b128693da3ec/datanode-3/data/ratis/4fbb4260-9d9d-4e46-96a5-4eaabe9f7ada has been successfully formatted.
2019-06-12 18:54:04,334 INFO  server.RaftServerConfigKeys (ConfUtils.java:logGet(43)) - raft.server.snapshot.auto.trigger.enabled = true (custom)
2019-06-12 18:54:04,334 INFO  storage.RaftLogWorker (RaftLogWorker.java:<init>(123)) - new 8fae5783-13da-42ff-9496-269e290418f3-RaftLogWorker for Storage Directory /opt/src/hadoop-ozone/integration-test/target/test-dir/MiniOzoneClusterImpl-00b93388-e5ff-4a86-ae52-b128693da3ec/datanode-1/data/ratis/4fbb4260-9d9d-4e46-96a5-4eaabe9f7ada
2019-06-12 18:54:04,334 INFO  ratis.ContainerStateMachine (ContainerStateMachine.java:loadSnapshot(199)) - The snapshot info is null.Setting the last applied index to:(t:0, i:~)
2019-06-12 18:54:04,334 INFO  server.RaftServerConfigKeys (ConfUtils.java:logGet(43)) - raft.server.log.queue.byte-limit = 2147483647 (custom)
2019-06-12 18:54:04,334 INFO  server.RaftServerConfigKeys (ConfUtils.java:logGet(43)) - raft.server.snapshot.auto.trigger.threshold = 10000 (custom)
2019-06-12 18:54:04,334 INFO  server.RaftServerConfigKeys (ConfUtils.java:logGet(43)) - raft.server.log.queue.element-limit = 1024 (custom)
2019-06-12 18:54:04,334 INFO  server.RaftServerConfigKeys (ConfUtils.java:logGet(43)) - raft.server.leader.election.timeout = 120s (custom)
2019-06-12 18:54:04,335 INFO  server.RaftServerConfigKeys (ConfUtils.java:logGet(43)) - raft.server.retrycache.expirytime = 600000ms (custom)
2019-06-12 18:54:04,335 INFO  server.RaftServerConfigKeys (ConfUtils.java:logGet(43)) - raft.server.log.segment.size.max = 16384 (custom)
2019-06-12 18:54:04,335 INFO  server.RaftServerConfigKeys (ConfUtils.java:logGet(43)) - raft.server.log.use.memory = false (default)
2019-06-12 18:54:04,335 INFO  impl.RaftServerImpl (RaftServerImpl.java:start(173)) - f616be8b-2cb6-4612-a9ca-ba2d9f0c2702: start group-4EAABE9F7ADA
2019-06-12 18:54:04,335 INFO  server.RaftServerConfigKeys (ConfUtils.java:logGet(43)) - raft.server.log.preallocated.size = 16384 (custom)
2019-06-12 18:54:04,335 INFO  server.RaftServerConfigKeys (ConfUtils.java:logGet(43)) - raft.server.log.appender.buffer.byte-limit = 33554432 (custom)
2019-06-12 18:54:04,335 INFO  impl.RaftServerImpl (RaftServerImpl.java:setRole(164)) - f616be8b-2cb6-4612-a9ca-ba2d9f0c2702:group-4EAABE9F7ADA changes role from null to FOLLOWER at term 0 for startAsFollower
2019-06-12 18:54:04,335 INFO  server.RaftServerConfigKeys (ConfUtils.java:logGet(43)) - raft.server.log.write.buffer.size = 33554432 (custom)
2019-06-12 18:54:04,335 INFO  impl.RoleInfo (RoleInfo.java:updateAndGet(143)) - f616be8b-2cb6-4612-a9ca-ba2d9f0c2702: start FollowerState
2019-06-12 18:54:04,335 INFO  server.RaftServerConfigKeys (ConfUtils.java:logGet(43)) - raft.server.log.segment.size.max = 16384 (custom)
2019-06-12 18:54:04,335 INFO  server.RaftServerConfigKeys (ConfUtils.java:logGet(43)) - raft.server.log.segment.cache.num.max = 2 (custom)
2019-06-12 18:54:04,336 INFO  storage.RaftLogWorker (RaftLogWorker.java:<init>(123)) - new 94673d78-aa6f-49ab-af4c-5980bc85e10b-RaftLogWorker for Storage Directory /opt/src/hadoop-ozone/integration-test/target/test-dir/MiniOzoneClusterImpl-00b93388-e5ff-4a86-ae52-b128693da3ec/datanode-3/data/ratis/4fbb4260-9d9d-4e46-96a5-4eaabe9f7ada
2019-06-12 18:54:04,336 INFO  server.RaftServerConfigKeys (ConfUtils.java:logGet(43)) - raft.server.log.queue.byte-limit = 2147483647 (custom)
2019-06-12 18:54:04,336 INFO  server.RaftServerConfigKeys (ConfUtils.java:logGet(43)) - raft.server.log.queue.element-limit = 1024 (custom)
2019-06-12 18:54:04,336 INFO  server.RaftServerConfigKeys (ConfUtils.java:logGet(43)) - raft.server.log.segment.size.max = 16384 (custom)
2019-06-12 18:54:04,336 INFO  server.RaftServerConfigKeys (ConfUtils.java:logGet(43)) - raft.server.log.preallocated.size = 16384 (custom)
2019-06-12 18:54:04,336 INFO  server.RaftServerConfigKeys (ConfUtils.java:logGet(43)) - raft.server.log.write.buffer.size = 33554432 (custom)
2019-06-12 18:54:04,336 INFO  server.RaftServerConfigKeys (ConfUtils.java:logGet(43)) - raft.server.log.force.sync.num = 128 (default)
2019-06-12 18:54:04,336 INFO  server.RaftServerConfigKeys (ConfUtils.java:logGet(43)) - raft.server.log.statemachine.data.sync = true (default)
2019-06-12 18:54:04,336 INFO  server.RaftServerConfigKeys (ConfUtils.java:logGet(43)) - raft.server.log.statemachine.data.sync.timeout = 10s (default)
2019-06-12 18:54:04,336 INFO  server.RaftServerConfigKeys (ConfUtils.java:logGet(43)) - raft.server.log.statemachine.data.sync.timeout.retry = -1 (default)
2019-06-12 18:54:04,336 INFO  server.RaftServerConfigKeys (ConfUtils.java:logGet(43)) - raft.server.log.statemachine.data.caching.enabled = true (custom)
2019-06-12 18:54:04,335 INFO  server.RaftServerConfigKeys (ConfUtils.java:logGet(43)) - raft.server.log.force.sync.num = 128 (default)
2019-06-12 18:54:04,336 INFO  util.JmxRegister (JmxRegister.java:tryRegister(44)) - Successfully registered JMX Bean with object name Ratis:service=RaftServer,group=group-4EAABE9F7ADA,id=f616be8b-2cb6-4612-a9ca-ba2d9f0c2702
2019-06-12 18:54:04,337 INFO  server.RaftServerConfigKeys (ConfUtils.java:logGet(43)) - raft.server.snapshot.auto.trigger.enabled = true (custom)
2019-06-12 18:54:04,337 INFO  server.RaftServerConfigKeys (ConfUtils.java:logGet(43)) - raft.server.snapshot.auto.trigger.threshold = 10000 (custom)
2019-06-12 18:54:04,337 INFO  server.RaftServerConfigKeys (ConfUtils.java:logGet(43)) - raft.server.retrycache.expirytime = 600000ms (custom)
2019-06-12 18:54:04,337 INFO  impl.RaftServerImpl (RaftServerImpl.java:start(173)) - 94673d78-aa6f-49ab-af4c-5980bc85e10b: start group-4EAABE9F7ADA
2019-06-12 18:54:04,337 INFO  impl.RaftServerImpl (RaftServerImpl.java:setRole(164)) - 94673d78-aa6f-49ab-af4c-5980bc85e10b:group-4EAABE9F7ADA changes role from null to FOLLOWER at term 0 for startAsFollower
2019-06-12 18:54:04,337 INFO  server.RaftServerConfigKeys (ConfUtils.java:logGet(43)) - raft.server.log.statemachine.data.sync = true (default)
2019-06-12 18:54:04,338 INFO  server.RaftServerConfigKeys (ConfUtils.java:logGet(43)) - raft.server.log.statemachine.data.sync.timeout = 10s (default)
2019-06-12 18:54:04,338 INFO  server.RaftServerConfigKeys (ConfUtils.java:logGet(43)) - raft.server.log.statemachine.data.sync.timeout.retry = -1 (default)
2019-06-12 18:54:04,338 INFO  impl.RoleInfo (RoleInfo.java:updateAndGet(143)) - 94673d78-aa6f-49ab-af4c-5980bc85e10b: start FollowerState
2019-06-12 18:54:04,338 INFO  server.RaftServerConfigKeys (ConfUtils.java:logGet(43)) - raft.server.log.statemachine.data.caching.enabled = true (custom)
2019-06-12 18:54:04,339 INFO  util.JmxRegister (JmxRegister.java:tryRegister(44)) - Successfully registered JMX Bean with object name Ratis:service=RaftServer,group=group-4EAABE9F7ADA,id=94673d78-aa6f-49ab-af4c-5980bc85e10b
2019-06-12 18:54:04,339 INFO  server.RaftServerConfigKeys (ConfUtils.java:logGet(43)) - raft.server.snapshot.auto.trigger.enabled = true (custom)
2019-06-12 18:54:04,339 INFO  server.RaftServerConfigKeys (ConfUtils.java:logGet(43)) - raft.server.snapshot.auto.trigger.threshold = 10000 (custom)
2019-06-12 18:54:04,340 INFO  server.RaftServerConfigKeys (ConfUtils.java:logGet(43)) - raft.server.retrycache.expirytime = 600000ms (custom)
2019-06-12 18:54:04,340 INFO  impl.RaftServerImpl (RaftServerImpl.java:start(173)) - 8fae5783-13da-42ff-9496-269e290418f3: start group-4EAABE9F7ADA
2019-06-12 18:54:04,340 INFO  impl.RaftServerImpl (RaftServerImpl.java:setRole(164)) - 8fae5783-13da-42ff-9496-269e290418f3:group-4EAABE9F7ADA changes role from null to FOLLOWER at term 0 for startAsFollower
2019-06-12 18:54:04,340 INFO  impl.RoleInfo (RoleInfo.java:updateAndGet(143)) - 8fae5783-13da-42ff-9496-269e290418f3: start FollowerState
2019-06-12 18:54:04,341 INFO  util.JmxRegister (JmxRegister.java:tryRegister(44)) - Successfully registered JMX Bean with object name Ratis:service=RaftServer,group=group-4EAABE9F7ADA,id=8fae5783-13da-42ff-9496-269e290418f3
2019-06-12 18:54:04,355 INFO  pipeline.PipelineStateManager (PipelineStateManager.java:addPipeline(56)) - Created pipeline Pipeline[ Id: 4fbb4260-9d9d-4e46-96a5-4eaabe9f7ada, Nodes: f616be8b-2cb6-4612-a9ca-ba2d9f0c2702{ip: 192.168.46.15, host: ozone-hw5hf-1599250011, networkLocation: /default-rack, certSerialId: null}8fae5783-13da-42ff-9496-269e290418f3{ip: 192.168.46.15, host: ozone-hw5hf-1599250011, networkLocation: /default-rack, certSerialId: null}94673d78-aa6f-49ab-af4c-5980bc85e10b{ip: 192.168.46.15, host: ozone-hw5hf-1599250011, networkLocation: /default-rack, certSerialId: null}, Type:RATIS, Factor:THREE, State:OPEN]
2019-06-12 18:54:04,381 INFO  node.SCMNodeManager (SCMNodeManager.java:register(234)) - Registered Data node : dccb0fc5-c443-4a9d-a024-c6f8ee0e3840{ip: 192.168.46.15, host: ozone-hw5hf-1599250011, networkLocation: /default-rack, certSerialId: null}
2019-06-12 18:54:04,390 INFO  impl.RaftServerProxy (RaftServerProxy.java:addNew(89)) - dccb0fc5-c443-4a9d-a024-c6f8ee0e3840: addNew group-71C4963E2F9D:[dccb0fc5-c443-4a9d-a024-c6f8ee0e3840:192.168.46.15:35749] returns group-71C4963E2F9D:java.util.concurrent.CompletableFuture@249b2d42[Not completed]
2019-06-12 18:54:04,391 INFO  impl.RaftServerImpl (RaftServerImpl.java:<init>(91)) - dccb0fc5-c443-4a9d-a024-c6f8ee0e3840: new RaftServerImpl for group-71C4963E2F9D:[dccb0fc5-c443-4a9d-a024-c6f8ee0e3840:192.168.46.15:35749] with ContainerStateMachine:uninitialized
2019-06-12 18:54:04,391 INFO  server.RaftServerConfigKeys (ConfUtils.java:logGet(43)) - raft.server.rpc.timeout.min = 1s (custom)
2019-06-12 18:54:04,392 INFO  server.RaftServerConfigKeys (ConfUtils.java:logGet(43)) - raft.server.rpc.timeout.max = 1200ms (custom)
2019-06-12 18:54:04,392 INFO  server.RaftServerConfigKeys (ConfUtils.java:logGet(43)) - raft.server.rpcslowness.timeout = 120s (custom)
2019-06-12 18:54:04,392 INFO  server.RaftServerConfigKeys (ConfUtils.java:logGet(43)) - raft.server.log.appender.install.snapshot.enabled = true (default)
2019-06-12 18:54:04,392 INFO  impl.RaftServerImpl (ServerState.java:<init>(101)) - dccb0fc5-c443-4a9d-a024-c6f8ee0e3840:group-71C4963E2F9D ConfigurationManager, init=-1: [dccb0fc5-c443-4a9d-a024-c6f8ee0e3840:192.168.46.15:35749], old=null, confs=<EMPTY_MAP>
2019-06-12 18:54:04,392 INFO  server.RaftServerConfigKeys (ConfUtils.java:logGet(43)) - raft.server.storage.dir = [/opt/src/hadoop-ozone/integration-test/target/test-dir/MiniOzoneClusterImpl-00b93388-e5ff-4a86-ae52-b128693da3ec/datanode-4/data/ratis] (custom)
2019-06-12 18:54:04,392 INFO  storage.RaftStorageDirectory (RaftStorageDirectory.java:analyzeStorage(246)) - The storage directory /opt/src/hadoop-ozone/integration-test/target/test-dir/MiniOzoneClusterImpl-00b93388-e5ff-4a86-ae52-b128693da3ec/datanode-4/data/ratis/1b7767d4-8878-4a65-ba43-71c4963e2f9d does not exist. Creating ...
2019-06-12 18:54:04,394 INFO  storage.RaftStorageDirectory (RaftStorageDirectory.java:tryLock(328)) - Lock on /opt/src/hadoop-ozone/integration-test/target/test-dir/MiniOzoneClusterImpl-00b93388-e5ff-4a86-ae52-b128693da3ec/datanode-4/data/ratis/1b7767d4-8878-4a65-ba43-71c4963e2f9d/in_use.lock acquired by nodename 10680@ozone-hw5hf-1599250011
2019-06-12 18:54:04,396 INFO  storage.RaftStorage (RaftStorage.java:format(75)) - Storage directory /opt/src/hadoop-ozone/integration-test/target/test-dir/MiniOzoneClusterImpl-00b93388-e5ff-4a86-ae52-b128693da3ec/datanode-4/data/ratis/1b7767d4-8878-4a65-ba43-71c4963e2f9d has been successfully formatted.
2019-06-12 18:54:04,396 INFO  ratis.ContainerStateMachine (ContainerStateMachine.java:loadSnapshot(199)) - The snapshot info is null.Setting the last applied index to:(t:0, i:~)
2019-06-12 18:54:04,396 INFO  server.RaftServerConfigKeys (ConfUtils.java:logGet(43)) - raft.server.leader.election.timeout = 120s (custom)
2019-06-12 18:54:04,396 INFO  server.RaftServerConfigKeys (ConfUtils.java:logGet(43)) - raft.server.log.use.memory = false (default)
2019-06-12 18:54:04,396 INFO  server.RaftServerConfigKeys (ConfUtils.java:logGet(43)) - raft.server.log.appender.buffer.byte-limit = 33554432 (custom)
2019-06-12 18:54:04,396 INFO  server.RaftServerConfigKeys (ConfUtils.java:logGet(43)) - raft.server.log.segment.size.max = 16384 (custom)
2019-06-12 18:54:04,397 INFO  server.RaftServerConfigKeys (ConfUtils.java:logGet(43)) - raft.server.log.segment.cache.num.max = 2 (custom)
2019-06-12 18:54:04,397 INFO  storage.RaftLogWorker (RaftLogWorker.java:<init>(123)) - new dccb0fc5-c443-4a9d-a024-c6f8ee0e3840-RaftLogWorker for Storage Directory /opt/src/hadoop-ozone/integration-test/target/test-dir/MiniOzoneClusterImpl-00b93388-e5ff-4a86-ae52-b128693da3ec/datanode-4/data/ratis/1b7767d4-8878-4a65-ba43-71c4963e2f9d
2019-06-12 18:54:04,397 INFO  server.RaftServerConfigKeys (ConfUtils.java:logGet(43)) - raft.server.log.queue.byte-limit = 2147483647 (custom)
2019-06-12 18:54:04,397 INFO  server.RaftServerConfigKeys (ConfUtils.java:logGet(43)) - raft.server.log.queue.element-limit = 1024 (custom)
2019-06-12 18:54:04,397 INFO  server.RaftServerConfigKeys (ConfUtils.java:logGet(43)) - raft.server.log.segment.size.max = 16384 (custom)
2019-06-12 18:54:04,397 INFO  server.RaftServerConfigKeys (ConfUtils.java:logGet(43)) - raft.server.log.preallocated.size = 16384 (custom)
2019-06-12 18:54:04,397 INFO  server.RaftServerConfigKeys (ConfUtils.java:logGet(43)) - raft.server.log.write.buffer.size = 33554432 (custom)
2019-06-12 18:54:04,397 INFO  server.RaftServerConfigKeys (ConfUtils.java:logGet(43)) - raft.server.log.force.sync.num = 128 (default)
2019-06-12 18:54:04,397 INFO  server.RaftServerConfigKeys (ConfUtils.java:logGet(43)) - raft.server.log.statemachine.data.sync = true (default)
2019-06-12 18:54:04,398 INFO  server.RaftServerConfigKeys (ConfUtils.java:logGet(43)) - raft.server.log.statemachine.data.sync.timeout = 10s (default)
2019-06-12 18:54:04,398 INFO  server.RaftServerConfigKeys (ConfUtils.java:logGet(43)) - raft.server.log.statemachine.data.sync.timeout.retry = -1 (default)
2019-06-12 18:54:04,398 INFO  server.RaftServerConfigKeys (ConfUtils.java:logGet(43)) - raft.server.log.statemachine.data.caching.enabled = true (custom)
2019-06-12 18:54:04,398 INFO  server.RaftServerConfigKeys (ConfUtils.java:logGet(43)) - raft.server.snapshot.auto.trigger.enabled = true (custom)
2019-06-12 18:54:04,398 INFO  server.RaftServerConfigKeys (ConfUtils.java:logGet(43)) - raft.server.snapshot.auto.trigger.threshold = 10000 (custom)
2019-06-12 18:54:04,398 INFO  server.RaftServerConfigKeys (ConfUtils.java:logGet(43)) - raft.server.retrycache.expirytime = 600000ms (custom)
2019-06-12 18:54:04,399 INFO  impl.RaftServerImpl (RaftServerImpl.java:start(173)) - dccb0fc5-c443-4a9d-a024-c6f8ee0e3840: start group-71C4963E2F9D
2019-06-12 18:54:04,399 INFO  impl.RaftServerImpl (RaftServerImpl.java:setRole(164)) - dccb0fc5-c443-4a9d-a024-c6f8ee0e3840:group-71C4963E2F9D changes role from null to FOLLOWER at term 0 for startAsFollower
2019-06-12 18:54:04,399 INFO  impl.RoleInfo (RoleInfo.java:updateAndGet(143)) - dccb0fc5-c443-4a9d-a024-c6f8ee0e3840: start FollowerState
2019-06-12 18:54:04,399 INFO  util.JmxRegister (JmxRegister.java:tryRegister(44)) - Successfully registered JMX Bean with object name Ratis:service=RaftServer,group=group-71C4963E2F9D,id=dccb0fc5-c443-4a9d-a024-c6f8ee0e3840
2019-06-12 18:54:04,404 INFO  pipeline.PipelineStateManager (PipelineStateManager.java:addPipeline(56)) - Created pipeline Pipeline[ Id: 1b7767d4-8878-4a65-ba43-71c4963e2f9d, Nodes: dccb0fc5-c443-4a9d-a024-c6f8ee0e3840{ip: 192.168.46.15, host: ozone-hw5hf-1599250011, networkLocation: /default-rack, certSerialId: null}, Type:RATIS, Factor:ONE, State:OPEN]
2019-06-12 18:54:04,568 INFO  node.SCMNodeManager (SCMNodeManager.java:register(234)) - Registered Data node : 27ac8c9c-4e95-4c30-a6ea-108f8e4da263{ip: 192.168.46.15, host: ozone-hw5hf-1599250011, networkLocation: /default-rack, certSerialId: null}
2019-06-12 18:54:04,582 INFO  impl.RaftServerProxy (RaftServerProxy.java:addNew(89)) - 27ac8c9c-4e95-4c30-a6ea-108f8e4da263: addNew group-4C0DB7A06837:[27ac8c9c-4e95-4c30-a6ea-108f8e4da263:192.168.46.15:37849] returns group-4C0DB7A06837:java.util.concurrent.CompletableFuture@50f86a52[Not completed]
2019-06-12 18:54:04,583 INFO  impl.RaftServerImpl (RaftServerImpl.java:<init>(91)) - 27ac8c9c-4e95-4c30-a6ea-108f8e4da263: new RaftServerImpl for group-4C0DB7A06837:[27ac8c9c-4e95-4c30-a6ea-108f8e4da263:192.168.46.15:37849] with ContainerStateMachine:uninitialized
2019-06-12 18:54:04,583 INFO  server.RaftServerConfigKeys (ConfUtils.java:logGet(43)) - raft.server.rpc.timeout.min = 1s (custom)
2019-06-12 18:54:04,583 INFO  server.RaftServerConfigKeys (ConfUtils.java:logGet(43)) - raft.server.rpc.timeout.max = 1200ms (custom)
2019-06-12 18:54:04,583 INFO  server.RaftServerConfigKeys (ConfUtils.java:logGet(43)) - raft.server.rpcslowness.timeout = 120s (custom)
2019-06-12 18:54:04,583 INFO  server.RaftServerConfigKeys (ConfUtils.java:logGet(43)) - raft.server.log.appender.install.snapshot.enabled = true (default)
2019-06-12 18:54:04,583 INFO  impl.RaftServerImpl (ServerState.java:<init>(101)) - 27ac8c9c-4e95-4c30-a6ea-108f8e4da263:group-4C0DB7A06837 ConfigurationManager, init=-1: [27ac8c9c-4e95-4c30-a6ea-108f8e4da263:192.168.46.15:37849], old=null, confs=<EMPTY_MAP>
2019-06-12 18:54:04,583 INFO  server.RaftServerConfigKeys (ConfUtils.java:logGet(43)) - raft.server.storage.dir = [/opt/src/hadoop-ozone/integration-test/target/test-dir/MiniOzoneClusterImpl-00b93388-e5ff-4a86-ae52-b128693da3ec/datanode-5/data/ratis] (custom)
2019-06-12 18:54:04,583 INFO  storage.RaftStorageDirectory (RaftStorageDirectory.java:analyzeStorage(246)) - The storage directory /opt/src/hadoop-ozone/integration-test/target/test-dir/MiniOzoneClusterImpl-00b93388-e5ff-4a86-ae52-b128693da3ec/datanode-5/data/ratis/0244db2d-2c15-4813-9382-4c0db7a06837 does not exist. Creating ...
2019-06-12 18:54:04,585 INFO  storage.RaftStorageDirectory (RaftStorageDirectory.java:tryLock(328)) - Lock on /opt/src/hadoop-ozone/integration-test/target/test-dir/MiniOzoneClusterImpl-00b93388-e5ff-4a86-ae52-b128693da3ec/datanode-5/data/ratis/0244db2d-2c15-4813-9382-4c0db7a06837/in_use.lock acquired by nodename 10680@ozone-hw5hf-1599250011
2019-06-12 18:54:04,587 INFO  storage.RaftStorage (RaftStorage.java:format(75)) - Storage directory /opt/src/hadoop-ozone/integration-test/target/test-dir/MiniOzoneClusterImpl-00b93388-e5ff-4a86-ae52-b128693da3ec/datanode-5/data/ratis/0244db2d-2c15-4813-9382-4c0db7a06837 has been successfully formatted.
2019-06-12 18:54:04,587 INFO  ratis.ContainerStateMachine (ContainerStateMachine.java:loadSnapshot(199)) - The snapshot info is null.Setting the last applied index to:(t:0, i:~)
2019-06-12 18:54:04,587 INFO  server.RaftServerConfigKeys (ConfUtils.java:logGet(43)) - raft.server.leader.election.timeout = 120s (custom)
2019-06-12 18:54:04,587 INFO  server.RaftServerConfigKeys (ConfUtils.java:logGet(43)) - raft.server.log.use.memory = false (default)
2019-06-12 18:54:04,587 INFO  server.RaftServerConfigKeys (ConfUtils.java:logGet(43)) - raft.server.log.appender.buffer.byte-limit = 33554432 (custom)
2019-06-12 18:54:04,587 INFO  server.RaftServerConfigKeys (ConfUtils.java:logGet(43)) - raft.server.log.segment.size.max = 16384 (custom)
2019-06-12 18:54:04,587 INFO  server.RaftServerConfigKeys (ConfUtils.java:logGet(43)) - raft.server.log.segment.cache.num.max = 2 (custom)
2019-06-12 18:54:04,588 INFO  storage.RaftLogWorker (RaftLogWorker.java:<init>(123)) - new 27ac8c9c-4e95-4c30-a6ea-108f8e4da263-RaftLogWorker for Storage Directory /opt/src/hadoop-ozone/integration-test/target/test-dir/MiniOzoneClusterImpl-00b93388-e5ff-4a86-ae52-b128693da3ec/datanode-5/data/ratis/0244db2d-2c15-4813-9382-4c0db7a06837
2019-06-12 18:54:04,588 INFO  server.RaftServerConfigKeys (ConfUtils.java:logGet(43)) - raft.server.log.queue.byte-limit = 2147483647 (custom)
2019-06-12 18:54:04,588 INFO  server.RaftServerConfigKeys (ConfUtils.java:logGet(43)) - raft.server.log.queue.element-limit = 1024 (custom)
2019-06-12 18:54:04,588 INFO  server.RaftServerConfigKeys (ConfUtils.java:logGet(43)) - raft.server.log.segment.size.max = 16384 (custom)
2019-06-12 18:54:04,588 INFO  server.RaftServerConfigKeys (ConfUtils.java:logGet(43)) - raft.server.log.preallocated.size = 16384 (custom)
2019-06-12 18:54:04,588 INFO  server.RaftServerConfigKeys (ConfUtils.java:logGet(43)) - raft.server.log.write.buffer.size = 33554432 (custom)
2019-06-12 18:54:04,588 INFO  server.RaftServerConfigKeys (ConfUtils.java:logGet(43)) - raft.server.log.force.sync.num = 128 (default)
2019-06-12 18:54:04,588 INFO  server.RaftServerConfigKeys (ConfUtils.java:logGet(43)) - raft.server.log.statemachine.data.sync = true (default)
2019-06-12 18:54:04,588 INFO  server.RaftServerConfigKeys (ConfUtils.java:logGet(43)) - raft.server.log.statemachine.data.sync.timeout = 10s (default)
2019-06-12 18:54:04,588 INFO  server.RaftServerConfigKeys (ConfUtils.java:logGet(43)) - raft.server.log.statemachine.data.sync.timeout.retry = -1 (default)
2019-06-12 18:54:04,588 INFO  server.RaftServerConfigKeys (ConfUtils.java:logGet(43)) - raft.server.log.statemachine.data.caching.enabled = true (custom)
2019-06-12 18:54:04,589 INFO  server.RaftServerConfigKeys (ConfUtils.java:logGet(43)) - raft.server.snapshot.auto.trigger.enabled = true (custom)
2019-06-12 18:54:04,589 INFO  server.RaftServerConfigKeys (ConfUtils.java:logGet(43)) - raft.server.snapshot.auto.trigger.threshold = 10000 (custom)
2019-06-12 18:54:04,589 INFO  server.RaftServerConfigKeys (ConfUtils.java:logGet(43)) - raft.server.retrycache.expirytime = 600000ms (custom)
2019-06-12 18:54:04,589 INFO  impl.RaftServerImpl (RaftServerImpl.java:start(173)) - 27ac8c9c-4e95-4c30-a6ea-108f8e4da263: start group-4C0DB7A06837
2019-06-12 18:54:04,589 INFO  impl.RaftServerImpl (RaftServerImpl.java:setRole(164)) - 27ac8c9c-4e95-4c30-a6ea-108f8e4da263:group-4C0DB7A06837 changes role from null to FOLLOWER at term 0 for startAsFollower
2019-06-12 18:54:04,589 INFO  impl.RoleInfo (RoleInfo.java:updateAndGet(143)) - 27ac8c9c-4e95-4c30-a6ea-108f8e4da263: start FollowerState
2019-06-12 18:54:04,590 INFO  util.JmxRegister (JmxRegister.java:tryRegister(44)) - Successfully registered JMX Bean with object name Ratis:service=RaftServer,group=group-4C0DB7A06837,id=27ac8c9c-4e95-4c30-a6ea-108f8e4da263
2019-06-12 18:54:04,595 INFO  pipeline.PipelineStateManager (PipelineStateManager.java:addPipeline(56)) - Created pipeline Pipeline[ Id: 0244db2d-2c15-4813-9382-4c0db7a06837, Nodes: 27ac8c9c-4e95-4c30-a6ea-108f8e4da263{ip: 192.168.46.15, host: ozone-hw5hf-1599250011, networkLocation: /default-rack, certSerialId: null}, Type:RATIS, Factor:ONE, State:OPEN]
2019-06-12 18:54:04,610 INFO  impl.RaftServerProxy (RaftServerProxy.java:addNew(89)) - dccb0fc5-c443-4a9d-a024-c6f8ee0e3840: addNew group-632DA9310B3B:[1cf6edce-a6fa-4eef-b65d-a3e567c1c9eb:192.168.46.15:39717, dccb0fc5-c443-4a9d-a024-c6f8ee0e3840:192.168.46.15:35749, 27ac8c9c-4e95-4c30-a6ea-108f8e4da263:192.168.46.15:37849] returns group-632DA9310B3B:java.util.concurrent.CompletableFuture@478f0e5a[Not completed]
2019-06-12 18:54:04,611 INFO  impl.RaftServerImpl (RaftServerImpl.java:<init>(91)) - dccb0fc5-c443-4a9d-a024-c6f8ee0e3840: new RaftServerImpl for group-632DA9310B3B:[1cf6edce-a6fa-4eef-b65d-a3e567c1c9eb:192.168.46.15:39717, dccb0fc5-c443-4a9d-a024-c6f8ee0e3840:192.168.46.15:35749, 27ac8c9c-4e95-4c30-a6ea-108f8e4da263:192.168.46.15:37849] with ContainerStateMachine:uninitialized
2019-06-12 18:54:04,612 INFO  server.RaftServerConfigKeys (ConfUtils.java:logGet(43)) - raft.server.rpc.timeout.min = 1s (custom)
2019-06-12 18:54:04,612 INFO  server.RaftServerConfigKeys (ConfUtils.java:logGet(43)) - raft.server.rpc.timeout.max = 1200ms (custom)
2019-06-12 18:54:04,612 INFO  server.RaftServerConfigKeys (ConfUtils.java:logGet(43)) - raft.server.rpcslowness.timeout = 120s (custom)
2019-06-12 18:54:04,612 INFO  server.RaftServerConfigKeys (ConfUtils.java:logGet(43)) - raft.server.log.appender.install.snapshot.enabled = true (default)
2019-06-12 18:54:04,612 INFO  impl.RaftServerImpl (ServerState.java:<init>(101)) - dccb0fc5-c443-4a9d-a024-c6f8ee0e3840:group-632DA9310B3B ConfigurationManager, init=-1: [1cf6edce-a6fa-4eef-b65d-a3e567c1c9eb:192.168.46.15:39717, dccb0fc5-c443-4a9d-a024-c6f8ee0e3840:192.168.46.15:35749, 27ac8c9c-4e95-4c30-a6ea-108f8e4da263:192.168.46.15:37849], old=null, confs=<EMPTY_MAP>
2019-06-12 18:54:04,612 INFO  server.RaftServerConfigKeys (ConfUtils.java:logGet(43)) - raft.server.storage.dir = [/opt/src/hadoop-ozone/integration-test/target/test-dir/MiniOzoneClusterImpl-00b93388-e5ff-4a86-ae52-b128693da3ec/datanode-4/data/ratis] (custom)
2019-06-12 18:54:04,612 INFO  storage.RaftStorageDirectory (RaftStorageDirectory.java:analyzeStorage(246)) - The storage directory /opt/src/hadoop-ozone/integration-test/target/test-dir/MiniOzoneClusterImpl-00b93388-e5ff-4a86-ae52-b128693da3ec/datanode-4/data/ratis/0321db64-972c-4aca-951e-632da9310b3b does not exist. Creating ...
2019-06-12 18:54:04,615 INFO  storage.RaftStorageDirectory (RaftStorageDirectory.java:tryLock(328)) - Lock on /opt/src/hadoop-ozone/integration-test/target/test-dir/MiniOzoneClusterImpl-00b93388-e5ff-4a86-ae52-b128693da3ec/datanode-4/data/ratis/0321db64-972c-4aca-951e-632da9310b3b/in_use.lock acquired by nodename 10680@ozone-hw5hf-1599250011
2019-06-12 18:54:04,615 INFO  impl.RaftServerProxy (RaftServerProxy.java:addNew(89)) - 1cf6edce-a6fa-4eef-b65d-a3e567c1c9eb: addNew group-632DA9310B3B:[1cf6edce-a6fa-4eef-b65d-a3e567c1c9eb:192.168.46.15:39717, dccb0fc5-c443-4a9d-a024-c6f8ee0e3840:192.168.46.15:35749, 27ac8c9c-4e95-4c30-a6ea-108f8e4da263:192.168.46.15:37849] returns group-632DA9310B3B:java.util.concurrent.CompletableFuture@54b65603[Not completed]
2019-06-12 18:54:04,616 INFO  impl.RaftServerImpl (RaftServerImpl.java:<init>(91)) - 1cf6edce-a6fa-4eef-b65d-a3e567c1c9eb: new RaftServerImpl for group-632DA9310B3B:[1cf6edce-a6fa-4eef-b65d-a3e567c1c9eb:192.168.46.15:39717, dccb0fc5-c443-4a9d-a024-c6f8ee0e3840:192.168.46.15:35749, 27ac8c9c-4e95-4c30-a6ea-108f8e4da263:192.168.46.15:37849] with ContainerStateMachine:uninitialized
2019-06-12 18:54:04,616 INFO  server.RaftServerConfigKeys (ConfUtils.java:logGet(43)) - raft.server.rpc.timeout.min = 1s (custom)
2019-06-12 18:54:04,616 INFO  server.RaftServerConfigKeys (ConfUtils.java:logGet(43)) - raft.server.rpc.timeout.max = 1200ms (custom)
2019-06-12 18:54:04,616 INFO  server.RaftServerConfigKeys (ConfUtils.java:logGet(43)) - raft.server.rpcslowness.timeout = 120s (custom)
2019-06-12 18:54:04,616 INFO  server.RaftServerConfigKeys (ConfUtils.java:logGet(43)) - raft.server.log.appender.install.snapshot.enabled = true (default)
2019-06-12 18:54:04,616 INFO  impl.RaftServerImpl (ServerState.java:<init>(101)) - 1cf6edce-a6fa-4eef-b65d-a3e567c1c9eb:group-632DA9310B3B ConfigurationManager, init=-1: [1cf6edce-a6fa-4eef-b65d-a3e567c1c9eb:192.168.46.15:39717, dccb0fc5-c443-4a9d-a024-c6f8ee0e3840:192.168.46.15:35749, 27ac8c9c-4e95-4c30-a6ea-108f8e4da263:192.168.46.15:37849], old=null, confs=<EMPTY_MAP>
2019-06-12 18:54:04,617 INFO  server.RaftServerConfigKeys (ConfUtils.java:logGet(43)) - raft.server.storage.dir = [/opt/src/hadoop-ozone/integration-test/target/test-dir/MiniOzoneClusterImpl-00b93388-e5ff-4a86-ae52-b128693da3ec/datanode-2/data/ratis] (custom)
2019-06-12 18:54:04,617 INFO  storage.RaftStorageDirectory (RaftStorageDirectory.java:analyzeStorage(246)) - The storage directory /opt/src/hadoop-ozone/integration-test/target/test-dir/MiniOzoneClusterImpl-00b93388-e5ff-4a86-ae52-b128693da3ec/datanode-2/data/ratis/0321db64-972c-4aca-951e-632da9310b3b does not exist. Creating ...
2019-06-12 18:54:04,617 INFO  storage.RaftStorage (RaftStorage.java:format(75)) - Storage directory /opt/src/hadoop-ozone/integration-test/target/test-dir/MiniOzoneClusterImpl-00b93388-e5ff-4a86-ae52-b128693da3ec/datanode-4/data/ratis/0321db64-972c-4aca-951e-632da9310b3b has been successfully formatted.
2019-06-12 18:54:04,617 INFO  ratis.ContainerStateMachine (ContainerStateMachine.java:loadSnapshot(199)) - The snapshot info is null.Setting the last applied index to:(t:0, i:~)
2019-06-12 18:54:04,617 INFO  server.RaftServerConfigKeys (ConfUtils.java:logGet(43)) - raft.server.leader.election.timeout = 120s (custom)
2019-06-12 18:54:04,618 INFO  server.RaftServerConfigKeys (ConfUtils.java:logGet(43)) - raft.server.log.use.memory = false (default)
2019-06-12 18:54:04,618 INFO  server.RaftServerConfigKeys (ConfUtils.java:logGet(43)) - raft.server.log.appender.buffer.byte-limit = 33554432 (custom)
2019-06-12 18:54:04,618 INFO  server.RaftServerConfigKeys (ConfUtils.java:logGet(43)) - raft.server.log.segment.size.max = 16384 (custom)
2019-06-12 18:54:04,618 INFO  server.RaftServerConfigKeys (ConfUtils.java:logGet(43)) - raft.server.log.segment.cache.num.max = 2 (custom)
2019-06-12 18:54:04,618 INFO  storage.RaftLogWorker (RaftLogWorker.java:<init>(123)) - new dccb0fc5-c443-4a9d-a024-c6f8ee0e3840-RaftLogWorker for Storage Directory /opt/src/hadoop-ozone/integration-test/target/test-dir/MiniOzoneClusterImpl-00b93388-e5ff-4a86-ae52-b128693da3ec/datanode-4/data/ratis/0321db64-972c-4aca-951e-632da9310b3b
2019-06-12 18:54:04,618 INFO  server.RaftServerConfigKeys (ConfUtils.java:logGet(43)) - raft.server.log.queue.byte-limit = 2147483647 (custom)
2019-06-12 18:54:04,618 INFO  server.RaftServerConfigKeys (ConfUtils.java:logGet(43)) - raft.server.log.queue.element-limit = 1024 (custom)
2019-06-12 18:54:04,618 INFO  server.RaftServerConfigKeys (ConfUtils.java:logGet(43)) - raft.server.log.segment.size.max = 16384 (custom)
2019-06-12 18:54:04,618 INFO  server.RaftServerConfigKeys (ConfUtils.java:logGet(43)) - raft.server.log.preallocated.size = 16384 (custom)
2019-06-12 18:54:04,618 INFO  server.RaftServerConfigKeys (ConfUtils.java:logGet(43)) - raft.server.log.write.buffer.size = 33554432 (custom)
2019-06-12 18:54:04,618 INFO  server.RaftServerConfigKeys (ConfUtils.java:logGet(43)) - raft.server.log.force.sync.num = 128 (default)
2019-06-12 18:54:04,618 INFO  server.RaftServerConfigKeys (ConfUtils.java:logGet(43)) - raft.server.log.statemachine.data.sync = true (default)
2019-06-12 18:54:04,618 INFO  server.RaftServerConfigKeys (ConfUtils.java:logGet(43)) - raft.server.log.statemachine.data.sync.timeout = 10s (default)
2019-06-12 18:54:04,619 INFO  server.RaftServerConfigKeys (ConfUtils.java:logGet(43)) - raft.server.log.statemachine.data.sync.timeout.retry = -1 (default)
2019-06-12 18:54:04,619 INFO  server.RaftServerConfigKeys (ConfUtils.java:logGet(43)) - raft.server.log.statemachine.data.caching.enabled = true (custom)
2019-06-12 18:54:04,619 INFO  server.RaftServerConfigKeys (ConfUtils.java:logGet(43)) - raft.server.snapshot.auto.trigger.enabled = true (custom)
2019-06-12 18:54:04,619 INFO  server.RaftServerConfigKeys (ConfUtils.java:logGet(43)) - raft.server.snapshot.auto.trigger.threshold = 10000 (custom)
2019-06-12 18:54:04,619 INFO  server.RaftServerConfigKeys (ConfUtils.java:logGet(43)) - raft.server.retrycache.expirytime = 600000ms (custom)
2019-06-12 18:54:04,619 INFO  impl.RaftServerImpl (RaftServerImpl.java:start(173)) - dccb0fc5-c443-4a9d-a024-c6f8ee0e3840: start group-632DA9310B3B
2019-06-12 18:54:04,619 INFO  impl.RaftServerImpl (RaftServerImpl.java:setRole(164)) - dccb0fc5-c443-4a9d-a024-c6f8ee0e3840:group-632DA9310B3B changes role from null to FOLLOWER at term 0 for startAsFollower
2019-06-12 18:54:04,619 INFO  impl.RoleInfo (RoleInfo.java:updateAndGet(143)) - dccb0fc5-c443-4a9d-a024-c6f8ee0e3840: start FollowerState
2019-06-12 18:54:04,620 INFO  util.JmxRegister (JmxRegister.java:tryRegister(44)) - Successfully registered JMX Bean with object name Ratis:service=RaftServer,group=group-632DA9310B3B,id=dccb0fc5-c443-4a9d-a024-c6f8ee0e3840
2019-06-12 18:54:04,621 INFO  storage.RaftStorageDirectory (RaftStorageDirectory.java:tryLock(328)) - Lock on /opt/src/hadoop-ozone/integration-test/target/test-dir/MiniOzoneClusterImpl-00b93388-e5ff-4a86-ae52-b128693da3ec/datanode-2/data/ratis/0321db64-972c-4aca-951e-632da9310b3b/in_use.lock acquired by nodename 10680@ozone-hw5hf-1599250011
2019-06-12 18:54:04,621 INFO  impl.RaftServerProxy (RaftServerProxy.java:addNew(89)) - 27ac8c9c-4e95-4c30-a6ea-108f8e4da263: addNew group-632DA9310B3B:[1cf6edce-a6fa-4eef-b65d-a3e567c1c9eb:192.168.46.15:39717, dccb0fc5-c443-4a9d-a024-c6f8ee0e3840:192.168.46.15:35749, 27ac8c9c-4e95-4c30-a6ea-108f8e4da263:192.168.46.15:37849] returns group-632DA9310B3B:java.util.concurrent.CompletableFuture@5c2b659b[Not completed]
2019-06-12 18:54:04,621 INFO  impl.RaftServerImpl (RaftServerImpl.java:<init>(91)) - 27ac8c9c-4e95-4c30-a6ea-108f8e4da263: new RaftServerImpl for group-632DA9310B3B:[1cf6edce-a6fa-4eef-b65d-a3e567c1c9eb:192.168.46.15:39717, dccb0fc5-c443-4a9d-a024-c6f8ee0e3840:192.168.46.15:35749, 27ac8c9c-4e95-4c30-a6ea-108f8e4da263:192.168.46.15:37849] with ContainerStateMachine:uninitialized
2019-06-12 18:54:04,622 INFO  server.RaftServerConfigKeys (ConfUtils.java:logGet(43)) - raft.server.rpc.timeout.min = 1s (custom)
2019-06-12 18:54:04,622 INFO  server.RaftServerConfigKeys (ConfUtils.java:logGet(43)) - raft.server.rpc.timeout.max = 1200ms (custom)
2019-06-12 18:54:04,622 INFO  server.RaftServerConfigKeys (ConfUtils.java:logGet(43)) - raft.server.rpcslowness.timeout = 120s (custom)
2019-06-12 18:54:04,622 INFO  server.RaftServerConfigKeys (ConfUtils.java:logGet(43)) - raft.server.log.appender.install.snapshot.enabled = true (default)
2019-06-12 18:54:04,622 INFO  impl.RaftServerImpl (ServerState.java:<init>(101)) - 27ac8c9c-4e95-4c30-a6ea-108f8e4da263:group-632DA9310B3B ConfigurationManager, init=-1: [1cf6edce-a6fa-4eef-b65d-a3e567c1c9eb:192.168.46.15:39717, dccb0fc5-c443-4a9d-a024-c6f8ee0e3840:192.168.46.15:35749, 27ac8c9c-4e95-4c30-a6ea-108f8e4da263:192.168.46.15:37849], old=null, confs=<EMPTY_MAP>
2019-06-12 18:54:04,622 INFO  server.RaftServerConfigKeys (ConfUtils.java:logGet(43)) - raft.server.storage.dir = [/opt/src/hadoop-ozone/integration-test/target/test-dir/MiniOzoneClusterImpl-00b93388-e5ff-4a86-ae52-b128693da3ec/datanode-5/data/ratis] (custom)
2019-06-12 18:54:04,622 INFO  storage.RaftStorageDirectory (RaftStorageDirectory.java:analyzeStorage(246)) - The storage directory /opt/src/hadoop-ozone/integration-test/target/test-dir/MiniOzoneClusterImpl-00b93388-e5ff-4a86-ae52-b128693da3ec/datanode-5/data/ratis/0321db64-972c-4aca-951e-632da9310b3b does not exist. Creating ...
2019-06-12 18:54:04,624 INFO  storage.RaftStorage (RaftStorage.java:format(75)) - Storage directory /opt/src/hadoop-ozone/integration-test/target/test-dir/MiniOzoneClusterImpl-00b93388-e5ff-4a86-ae52-b128693da3ec/datanode-2/data/ratis/0321db64-972c-4aca-951e-632da9310b3b has been successfully formatted.
2019-06-12 18:54:04,625 INFO  storage.RaftStorageDirectory (RaftStorageDirectory.java:tryLock(328)) - Lock on /opt/src/hadoop-ozone/integration-test/target/test-dir/MiniOzoneClusterImpl-00b93388-e5ff-4a86-ae52-b128693da3ec/datanode-5/data/ratis/0321db64-972c-4aca-951e-632da9310b3b/in_use.lock acquired by nodename 10680@ozone-hw5hf-1599250011
2019-06-12 18:54:04,625 INFO  ratis.ContainerStateMachine (ContainerStateMachine.java:loadSnapshot(199)) - The snapshot info is null.Setting the last applied index to:(t:0, i:~)
2019-06-12 18:54:04,625 INFO  server.RaftServerConfigKeys (ConfUtils.java:logGet(43)) - raft.server.leader.election.timeout = 120s (custom)
2019-06-12 18:54:04,625 INFO  server.RaftServerConfigKeys (ConfUtils.java:logGet(43)) - raft.server.log.use.memory = false (default)
2019-06-12 18:54:04,625 INFO  server.RaftServerConfigKeys (ConfUtils.java:logGet(43)) - raft.server.log.appender.buffer.byte-limit = 33554432 (custom)
2019-06-12 18:54:04,625 INFO  server.RaftServerConfigKeys (ConfUtils.java:logGet(43)) - raft.server.log.segment.size.max = 16384 (custom)
2019-06-12 18:54:04,625 INFO  server.RaftServerConfigKeys (ConfUtils.java:logGet(43)) - raft.server.log.segment.cache.num.max = 2 (custom)
2019-06-12 18:54:04,625 INFO  storage.RaftLogWorker (RaftLogWorker.java:<init>(123)) - new 1cf6edce-a6fa-4eef-b65d-a3e567c1c9eb-RaftLogWorker for Storage Directory /opt/src/hadoop-ozone/integration-test/target/test-dir/MiniOzoneClusterImpl-00b93388-e5ff-4a86-ae52-b128693da3ec/datanode-2/data/ratis/0321db64-972c-4aca-951e-632da9310b3b
2019-06-12 18:54:04,626 INFO  server.RaftServerConfigKeys (ConfUtils.java:logGet(43)) - raft.server.log.queue.byte-limit = 2147483647 (custom)
2019-06-12 18:54:04,626 INFO  server.RaftServerConfigKeys (ConfUtils.java:logGet(43)) - raft.server.log.queue.element-limit = 1024 (custom)
2019-06-12 18:54:04,626 INFO  server.RaftServerConfigKeys (ConfUtils.java:logGet(43)) - raft.server.log.segment.size.max = 16384 (custom)
2019-06-12 18:54:04,626 INFO  server.RaftServerConfigKeys (ConfUtils.java:logGet(43)) - raft.server.log.preallocated.size = 16384 (custom)
2019-06-12 18:54:04,626 INFO  server.RaftServerConfigKeys (ConfUtils.java:logGet(43)) - raft.server.log.write.buffer.size = 33554432 (custom)
2019-06-12 18:54:04,626 INFO  server.RaftServerConfigKeys (ConfUtils.java:logGet(43)) - raft.server.log.force.sync.num = 128 (default)
2019-06-12 18:54:04,626 INFO  server.RaftServerConfigKeys (ConfUtils.java:logGet(43)) - raft.server.log.statemachine.data.sync = true (default)
2019-06-12 18:54:04,626 INFO  server.RaftServerConfigKeys (ConfUtils.java:logGet(43)) - raft.server.log.statemachine.data.sync.timeout = 10s (default)
2019-06-12 18:54:04,626 INFO  server.RaftServerConfigKeys (ConfUtils.java:logGet(43)) - raft.server.log.statemachine.data.sync.timeout.retry = -1 (default)
2019-06-12 18:54:04,626 INFO  server.RaftServerConfigKeys (ConfUtils.java:logGet(43)) - raft.server.log.statemachine.data.caching.enabled = true (custom)
2019-06-12 18:54:04,627 INFO  storage.RaftStorage (RaftStorage.java:format(75)) - Storage directory /opt/src/hadoop-ozone/integration-test/target/test-dir/MiniOzoneClusterImpl-00b93388-e5ff-4a86-ae52-b128693da3ec/datanode-5/data/ratis/0321db64-972c-4aca-951e-632da9310b3b has been successfully formatted.
2019-06-12 18:54:04,627 INFO  server.RaftServerConfigKeys (ConfUtils.java:logGet(43)) - raft.server.snapshot.auto.trigger.enabled = true (custom)
2019-06-12 18:54:04,628 INFO  ratis.ContainerStateMachine (ContainerStateMachine.java:loadSnapshot(199)) - The snapshot info is null.Setting the last applied index to:(t:0, i:~)
2019-06-12 18:54:04,628 INFO  server.RaftServerConfigKeys (ConfUtils.java:logGet(43)) - raft.server.snapshot.auto.trigger.threshold = 10000 (custom)
2019-06-12 18:54:04,628 INFO  server.RaftServerConfigKeys (ConfUtils.java:logGet(43)) - raft.server.leader.election.timeout = 120s (custom)
2019-06-12 18:54:04,628 INFO  server.RaftServerConfigKeys (ConfUtils.java:logGet(43)) - raft.server.retrycache.expirytime = 600000ms (custom)
2019-06-12 18:54:04,628 INFO  server.RaftServerConfigKeys (ConfUtils.java:logGet(43)) - raft.server.log.use.memory = false (default)
2019-06-12 18:54:04,628 INFO  impl.RaftServerImpl (RaftServerImpl.java:start(173)) - 1cf6edce-a6fa-4eef-b65d-a3e567c1c9eb: start group-632DA9310B3B
2019-06-12 18:54:04,628 INFO  server.RaftServerConfigKeys (ConfUtils.java:logGet(43)) - raft.server.log.appender.buffer.byte-limit = 33554432 (custom)
2019-06-12 18:54:04,628 INFO  impl.RaftServerImpl (RaftServerImpl.java:setRole(164)) - 1cf6edce-a6fa-4eef-b65d-a3e567c1c9eb:group-632DA9310B3B changes role from null to FOLLOWER at term 0 for startAsFollower
2019-06-12 18:54:04,628 INFO  server.RaftServerConfigKeys (ConfUtils.java:logGet(43)) - raft.server.log.segment.size.max = 16384 (custom)
2019-06-12 18:54:04,628 INFO  impl.RoleInfo (RoleInfo.java:updateAndGet(143)) - 1cf6edce-a6fa-4eef-b65d-a3e567c1c9eb: start FollowerState
2019-06-12 18:54:04,628 INFO  server.RaftServerConfigKeys (ConfUtils.java:logGet(43)) - raft.server.log.segment.cache.num.max = 2 (custom)
2019-06-12 18:54:04,629 INFO  storage.RaftLogWorker (RaftLogWorker.java:<init>(123)) - new 27ac8c9c-4e95-4c30-a6ea-108f8e4da263-RaftLogWorker for Storage Directory /opt/src/hadoop-ozone/integration-test/target/test-dir/MiniOzoneClusterImpl-00b93388-e5ff-4a86-ae52-b128693da3ec/datanode-5/data/ratis/0321db64-972c-4aca-951e-632da9310b3b
2019-06-12 18:54:04,629 INFO  util.JmxRegister (JmxRegister.java:tryRegister(44)) - Successfully registered JMX Bean with object name Ratis:service=RaftServer,group=group-632DA9310B3B,id=1cf6edce-a6fa-4eef-b65d-a3e567c1c9eb
2019-06-12 18:54:04,629 INFO  server.RaftServerConfigKeys (ConfUtils.java:logGet(43)) - raft.server.log.queue.byte-limit = 2147483647 (custom)
2019-06-12 18:54:04,629 INFO  server.RaftServerConfigKeys (ConfUtils.java:logGet(43)) - raft.server.log.queue.element-limit = 1024 (custom)
2019-06-12 18:54:04,629 INFO  server.RaftServerConfigKeys (ConfUtils.java:logGet(43)) - raft.server.log.segment.size.max = 16384 (custom)
2019-06-12 18:54:04,631 INFO  server.RaftServerConfigKeys (ConfUtils.java:logGet(43)) - raft.server.log.preallocated.size = 16384 (custom)
2019-06-12 18:54:04,631 INFO  server.RaftServerConfigKeys (ConfUtils.java:logGet(43)) - raft.server.log.write.buffer.size = 33554432 (custom)
2019-06-12 18:54:04,631 INFO  server.RaftServerConfigKeys (ConfUtils.java:logGet(43)) - raft.server.log.force.sync.num = 128 (default)
2019-06-12 18:54:04,631 INFO  server.RaftServerConfigKeys (ConfUtils.java:logGet(43)) - raft.server.log.statemachine.data.sync = true (default)
2019-06-12 18:54:04,631 INFO  server.RaftServerConfigKeys (ConfUtils.java:logGet(43)) - raft.server.log.statemachine.data.sync.timeout = 10s (default)
2019-06-12 18:54:04,632 INFO  server.RaftServerConfigKeys (ConfUtils.java:logGet(43)) - raft.server.log.statemachine.data.sync.timeout.retry = -1 (default)
2019-06-12 18:54:04,632 INFO  server.RaftServerConfigKeys (ConfUtils.java:logGet(43)) - raft.server.log.statemachine.data.caching.enabled = true (custom)
2019-06-12 18:54:04,632 INFO  server.RaftServerConfigKeys (ConfUtils.java:logGet(43)) - raft.server.snapshot.auto.trigger.enabled = true (custom)
2019-06-12 18:54:04,632 INFO  server.RaftServerConfigKeys (ConfUtils.java:logGet(43)) - raft.server.snapshot.auto.trigger.threshold = 10000 (custom)
2019-06-12 18:54:04,632 INFO  server.RaftServerConfigKeys (ConfUtils.java:logGet(43)) - raft.server.retrycache.expirytime = 600000ms (custom)
2019-06-12 18:54:04,632 INFO  impl.RaftServerImpl (RaftServerImpl.java:start(173)) - 27ac8c9c-4e95-4c30-a6ea-108f8e4da263: start group-632DA9310B3B
2019-06-12 18:54:04,633 INFO  impl.RaftServerImpl (RaftServerImpl.java:setRole(164)) - 27ac8c9c-4e95-4c30-a6ea-108f8e4da263:group-632DA9310B3B changes role from null to FOLLOWER at term 0 for startAsFollower
2019-06-12 18:54:04,633 INFO  impl.RoleInfo (RoleInfo.java:updateAndGet(143)) - 27ac8c9c-4e95-4c30-a6ea-108f8e4da263: start FollowerState
2019-06-12 18:54:04,633 INFO  util.JmxRegister (JmxRegister.java:tryRegister(44)) - Successfully registered JMX Bean with object name Ratis:service=RaftServer,group=group-632DA9310B3B,id=27ac8c9c-4e95-4c30-a6ea-108f8e4da263
2019-06-12 18:54:04,645 INFO  pipeline.PipelineStateManager (PipelineStateManager.java:addPipeline(56)) - Created pipeline Pipeline[ Id: 0321db64-972c-4aca-951e-632da9310b3b, Nodes: dccb0fc5-c443-4a9d-a024-c6f8ee0e3840{ip: 192.168.46.15, host: ozone-hw5hf-1599250011, networkLocation: /default-rack, certSerialId: null}27ac8c9c-4e95-4c30-a6ea-108f8e4da263{ip: 192.168.46.15, host: ozone-hw5hf-1599250011, networkLocation: /default-rack, certSerialId: null}1cf6edce-a6fa-4eef-b65d-a3e567c1c9eb{ip: 192.168.46.15, host: ozone-hw5hf-1599250011, networkLocation: /default-rack, certSerialId: null}, Type:RATIS, Factor:THREE, State:OPEN]
2019-06-12 18:54:04,729 INFO  ozone.MiniOzoneClusterImpl (MiniOzoneClusterImpl.java:lambda$waitForClusterToBeReady$0(142)) - Waiting for cluster to be ready. Got 6 of 7 DN Heartbeats.
2019-06-12 18:54:04,732 INFO  node.SCMNodeManager (SCMNodeManager.java:register(234)) - Registered Data node : 4af5aefa-72cc-478d-9dc8-5cf29e4a63e0{ip: 192.168.46.15, host: ozone-hw5hf-1599250011, networkLocation: /default-rack, certSerialId: null}
2019-06-12 18:54:04,748 INFO  impl.RaftServerProxy (RaftServerProxy.java:addNew(89)) - 4af5aefa-72cc-478d-9dc8-5cf29e4a63e0: addNew group-7A9A39A3AAF2:[4af5aefa-72cc-478d-9dc8-5cf29e4a63e0:192.168.46.15:43867] returns group-7A9A39A3AAF2:java.util.concurrent.CompletableFuture@327ca34d[Not completed]
2019-06-12 18:54:04,748 INFO  impl.RaftServerImpl (RaftServerImpl.java:<init>(91)) - 4af5aefa-72cc-478d-9dc8-5cf29e4a63e0: new RaftServerImpl for group-7A9A39A3AAF2:[4af5aefa-72cc-478d-9dc8-5cf29e4a63e0:192.168.46.15:43867] with ContainerStateMachine:uninitialized
2019-06-12 18:54:04,748 INFO  server.RaftServerConfigKeys (ConfUtils.java:logGet(43)) - raft.server.rpc.timeout.min = 1s (custom)
2019-06-12 18:54:04,749 INFO  server.RaftServerConfigKeys (ConfUtils.java:logGet(43)) - raft.server.rpc.timeout.max = 1200ms (custom)
2019-06-12 18:54:04,749 INFO  server.RaftServerConfigKeys (ConfUtils.java:logGet(43)) - raft.server.rpcslowness.timeout = 120s (custom)
2019-06-12 18:54:04,749 INFO  server.RaftServerConfigKeys (ConfUtils.java:logGet(43)) - raft.server.log.appender.install.snapshot.enabled = true (default)
2019-06-12 18:54:04,749 INFO  impl.RaftServerImpl (ServerState.java:<init>(101)) - 4af5aefa-72cc-478d-9dc8-5cf29e4a63e0:group-7A9A39A3AAF2 ConfigurationManager, init=-1: [4af5aefa-72cc-478d-9dc8-5cf29e4a63e0:192.168.46.15:43867], old=null, confs=<EMPTY_MAP>
2019-06-12 18:54:04,749 INFO  server.RaftServerConfigKeys (ConfUtils.java:logGet(43)) - raft.server.storage.dir = [/opt/src/hadoop-ozone/integration-test/target/test-dir/MiniOzoneClusterImpl-00b93388-e5ff-4a86-ae52-b128693da3ec/datanode-6/data/ratis] (custom)
2019-06-12 18:54:04,749 INFO  storage.RaftStorageDirectory (RaftStorageDirectory.java:analyzeStorage(246)) - The storage directory /opt/src/hadoop-ozone/integration-test/target/test-dir/MiniOzoneClusterImpl-00b93388-e5ff-4a86-ae52-b128693da3ec/datanode-6/data/ratis/6fba352b-c387-437f-a853-7a9a39a3aaf2 does not exist. Creating ...
2019-06-12 18:54:04,751 INFO  storage.RaftStorageDirectory (RaftStorageDirectory.java:tryLock(328)) - Lock on /opt/src/hadoop-ozone/integration-test/target/test-dir/MiniOzoneClusterImpl-00b93388-e5ff-4a86-ae52-b128693da3ec/datanode-6/data/ratis/6fba352b-c387-437f-a853-7a9a39a3aaf2/in_use.lock acquired by nodename 10680@ozone-hw5hf-1599250011
2019-06-12 18:54:04,753 INFO  storage.RaftStorage (RaftStorage.java:format(75)) - Storage directory /opt/src/hadoop-ozone/integration-test/target/test-dir/MiniOzoneClusterImpl-00b93388-e5ff-4a86-ae52-b128693da3ec/datanode-6/data/ratis/6fba352b-c387-437f-a853-7a9a39a3aaf2 has been successfully formatted.
2019-06-12 18:54:04,753 INFO  ratis.ContainerStateMachine (ContainerStateMachine.java:loadSnapshot(199)) - The snapshot info is null.Setting the last applied index to:(t:0, i:~)
2019-06-12 18:54:04,753 INFO  server.RaftServerConfigKeys (ConfUtils.java:logGet(43)) - raft.server.leader.election.timeout = 120s (custom)
2019-06-12 18:54:04,753 INFO  server.RaftServerConfigKeys (ConfUtils.java:logGet(43)) - raft.server.log.use.memory = false (default)
2019-06-12 18:54:04,754 INFO  server.RaftServerConfigKeys (ConfUtils.java:logGet(43)) - raft.server.log.appender.buffer.byte-limit = 33554432 (custom)
2019-06-12 18:54:04,754 INFO  server.RaftServerConfigKeys (ConfUtils.java:logGet(43)) - raft.server.log.segment.size.max = 16384 (custom)
2019-06-12 18:54:04,754 INFO  server.RaftServerConfigKeys (ConfUtils.java:logGet(43)) - raft.server.log.segment.cache.num.max = 2 (custom)
2019-06-12 18:54:04,754 INFO  storage.RaftLogWorker (RaftLogWorker.java:<init>(123)) - new 4af5aefa-72cc-478d-9dc8-5cf29e4a63e0-RaftLogWorker for Storage Directory /opt/src/hadoop-ozone/integration-test/target/test-dir/MiniOzoneClusterImpl-00b93388-e5ff-4a86-ae52-b128693da3ec/datanode-6/data/ratis/6fba352b-c387-437f-a853-7a9a39a3aaf2
2019-06-12 18:54:04,754 INFO  server.RaftServerConfigKeys (ConfUtils.java:logGet(43)) - raft.server.log.queue.byte-limit = 2147483647 (custom)
2019-06-12 18:54:04,754 INFO  server.RaftServerConfigKeys (ConfUtils.java:logGet(43)) - raft.server.log.queue.element-limit = 1024 (custom)
2019-06-12 18:54:04,754 INFO  server.RaftServerConfigKeys (ConfUtils.java:logGet(43)) - raft.server.log.segment.size.max = 16384 (custom)
2019-06-12 18:54:04,754 INFO  server.RaftServerConfigKeys (ConfUtils.java:logGet(43)) - raft.server.log.preallocated.size = 16384 (custom)
2019-06-12 18:54:04,754 INFO  server.RaftServerConfigKeys (ConfUtils.java:logGet(43)) - raft.server.log.write.buffer.size = 33554432 (custom)
2019-06-12 18:54:04,754 INFO  server.RaftServerConfigKeys (ConfUtils.java:logGet(43)) - raft.server.log.force.sync.num = 128 (default)
2019-06-12 18:54:04,754 INFO  server.RaftServerConfigKeys (ConfUtils.java:logGet(43)) - raft.server.log.statemachine.data.sync = true (default)
2019-06-12 18:54:04,754 INFO  server.RaftServerConfigKeys (ConfUtils.java:logGet(43)) - raft.server.log.statemachine.data.sync.timeout = 10s (default)
2019-06-12 18:54:04,754 INFO  server.RaftServerConfigKeys (ConfUtils.java:logGet(43)) - raft.server.log.statemachine.data.sync.timeout.retry = -1 (default)
2019-06-12 18:54:04,754 INFO  server.RaftServerConfigKeys (ConfUtils.java:logGet(43)) - raft.server.log.statemachine.data.caching.enabled = true (custom)
2019-06-12 18:54:04,755 INFO  server.RaftServerConfigKeys (ConfUtils.java:logGet(43)) - raft.server.snapshot.auto.trigger.enabled = true (custom)
2019-06-12 18:54:04,755 INFO  server.RaftServerConfigKeys (ConfUtils.java:logGet(43)) - raft.server.snapshot.auto.trigger.threshold = 10000 (custom)
2019-06-12 18:54:04,755 INFO  server.RaftServerConfigKeys (ConfUtils.java:logGet(43)) - raft.server.retrycache.expirytime = 600000ms (custom)
2019-06-12 18:54:04,755 INFO  impl.RaftServerImpl (RaftServerImpl.java:start(173)) - 4af5aefa-72cc-478d-9dc8-5cf29e4a63e0: start group-7A9A39A3AAF2
2019-06-12 18:54:04,755 INFO  impl.RaftServerImpl (RaftServerImpl.java:setRole(164)) - 4af5aefa-72cc-478d-9dc8-5cf29e4a63e0:group-7A9A39A3AAF2 changes role from null to FOLLOWER at term 0 for startAsFollower
2019-06-12 18:54:04,755 INFO  impl.RoleInfo (RoleInfo.java:updateAndGet(143)) - 4af5aefa-72cc-478d-9dc8-5cf29e4a63e0: start FollowerState
2019-06-12 18:54:04,758 INFO  util.JmxRegister (JmxRegister.java:tryRegister(44)) - Successfully registered JMX Bean with object name Ratis:service=RaftServer,group=group-7A9A39A3AAF2,id=4af5aefa-72cc-478d-9dc8-5cf29e4a63e0
2019-06-12 18:54:04,762 INFO  pipeline.PipelineStateManager (PipelineStateManager.java:addPipeline(56)) - Created pipeline Pipeline[ Id: 6fba352b-c387-437f-a853-7a9a39a3aaf2, Nodes: 4af5aefa-72cc-478d-9dc8-5cf29e4a63e0{ip: 192.168.46.15, host: ozone-hw5hf-1599250011, networkLocation: /default-rack, certSerialId: null}, Type:RATIS, Factor:ONE, State:OPEN]
2019-06-12 18:54:05,086 INFO  impl.FollowerState (FollowerState.java:run(101)) - f616be8b-2cb6-4612-a9ca-ba2d9f0c2702:group-1313BA3AFF44 changes to CANDIDATE, lastRpcTime:1006, electionTimeout:1006ms
2019-06-12 18:54:05,086 INFO  impl.RoleInfo (RoleInfo.java:shutdownFollowerState(121)) - f616be8b-2cb6-4612-a9ca-ba2d9f0c2702: shutdown FollowerState
2019-06-12 18:54:05,086 INFO  impl.RaftServerImpl (RaftServerImpl.java:setRole(164)) - f616be8b-2cb6-4612-a9ca-ba2d9f0c2702:group-1313BA3AFF44 changes role from FOLLOWER to CANDIDATE at term 0 for changeToCandidate
2019-06-12 18:54:05,087 INFO  impl.RoleInfo (RoleInfo.java:updateAndGet(143)) - f616be8b-2cb6-4612-a9ca-ba2d9f0c2702: start LeaderElection
2019-06-12 18:54:05,093 INFO  impl.LeaderElection (LeaderElection.java:askForVotes(181)) - f616be8b-2cb6-4612-a9ca-ba2d9f0c2702:group-1313BA3AFF44:LeaderElection1: begin an election at term 1 for -1: [f616be8b-2cb6-4612-a9ca-ba2d9f0c2702:192.168.46.15:34715], old=null
2019-06-12 18:54:05,094 INFO  impl.RoleInfo (RoleInfo.java:shutdownLeaderElection(134)) - f616be8b-2cb6-4612-a9ca-ba2d9f0c2702: shutdown LeaderElection
2019-06-12 18:54:05,094 INFO  impl.RaftServerImpl (RaftServerImpl.java:setRole(164)) - f616be8b-2cb6-4612-a9ca-ba2d9f0c2702:group-1313BA3AFF44 changes role from CANDIDATE to LEADER at term 1 for changeToLeader
2019-06-12 18:54:05,095 INFO  impl.RaftServerImpl (ServerState.java:setLeader(263)) - f616be8b-2cb6-4612-a9ca-ba2d9f0c2702:group-1313BA3AFF44 change Leader from null to f616be8b-2cb6-4612-a9ca-ba2d9f0c2702 at term 1 for becomeLeader, leader elected after 1064ms
2019-06-12 18:54:05,098 INFO  server.RaftServerConfigKeys (ConfUtils.java:logGet(43)) - raft.server.staging.catchup.gap = 1000 (default)
2019-06-12 18:54:05,099 INFO  server.RaftServerConfigKeys (ConfUtils.java:logGet(43)) - raft.server.rpc.sleep.time = 25ms (default)
2019-06-12 18:54:05,100 INFO  server.RaftServerConfigKeys (ConfUtils.java:logGet(43)) - raft.server.watch.timeout = 10s (default)
2019-06-12 18:54:05,101 INFO  server.RaftServerConfigKeys (ConfUtils.java:logGet(43)) - raft.server.watch.timeout.denomination = 1s (default)
2019-06-12 18:54:05,106 INFO  impl.RoleInfo (RoleInfo.java:updateAndGet(143)) - f616be8b-2cb6-4612-a9ca-ba2d9f0c2702: start LeaderState
2019-06-12 18:54:05,119 INFO  storage.RaftLogWorker (RaftLogWorker.java:startLogSegment(298)) - f616be8b-2cb6-4612-a9ca-ba2d9f0c2702-RaftLogWorker: Starting segment from index:0
2019-06-12 18:54:05,129 INFO  impl.RaftServerImpl (ServerState.java:setRaftConf(361)) - f616be8b-2cb6-4612-a9ca-ba2d9f0c2702:group-1313BA3AFF44 set configuration 0: [f616be8b-2cb6-4612-a9ca-ba2d9f0c2702:192.168.46.15:34715], old=null at 0
2019-06-12 18:54:05,253 INFO  impl.FollowerState (FollowerState.java:run(101)) - 1cf6edce-a6fa-4eef-b65d-a3e567c1c9eb:group-1FFD3762CE8C changes to CANDIDATE, lastRpcTime:1018, electionTimeout:1018ms
2019-06-12 18:54:05,260 INFO  impl.RoleInfo (RoleInfo.java:shutdownFollowerState(121)) - 1cf6edce-a6fa-4eef-b65d-a3e567c1c9eb: shutdown FollowerState
2019-06-12 18:54:05,261 INFO  impl.RaftServerImpl (RaftServerImpl.java:setRole(164)) - 1cf6edce-a6fa-4eef-b65d-a3e567c1c9eb:group-1FFD3762CE8C changes role from FOLLOWER to CANDIDATE at term 0 for changeToCandidate
2019-06-12 18:54:05,261 INFO  impl.RoleInfo (RoleInfo.java:updateAndGet(143)) - 1cf6edce-a6fa-4eef-b65d-a3e567c1c9eb: start LeaderElection
2019-06-12 18:54:05,266 INFO  impl.LeaderElection (LeaderElection.java:askForVotes(181)) - 1cf6edce-a6fa-4eef-b65d-a3e567c1c9eb:group-1FFD3762CE8C:LeaderElection2: begin an election at term 1 for -1: [1cf6edce-a6fa-4eef-b65d-a3e567c1c9eb:192.168.46.15:39717], old=null
2019-06-12 18:54:05,266 INFO  impl.RoleInfo (RoleInfo.java:shutdownLeaderElection(134)) - 1cf6edce-a6fa-4eef-b65d-a3e567c1c9eb: shutdown LeaderElection
2019-06-12 18:54:05,266 INFO  impl.RaftServerImpl (RaftServerImpl.java:setRole(164)) - 1cf6edce-a6fa-4eef-b65d-a3e567c1c9eb:group-1FFD3762CE8C changes role from CANDIDATE to LEADER at term 1 for changeToLeader
2019-06-12 18:54:05,266 INFO  impl.RaftServerImpl (ServerState.java:setLeader(263)) - 1cf6edce-a6fa-4eef-b65d-a3e567c1c9eb:group-1FFD3762CE8C change Leader from null to 1cf6edce-a6fa-4eef-b65d-a3e567c1c9eb at term 1 for becomeLeader, leader elected after 1033ms
2019-06-12 18:54:05,267 INFO  server.RaftServerConfigKeys (ConfUtils.java:logGet(43)) - raft.server.staging.catchup.gap = 1000 (default)
2019-06-12 18:54:05,267 INFO  server.RaftServerConfigKeys (ConfUtils.java:logGet(43)) - raft.server.rpc.sleep.time = 25ms (default)
2019-06-12 18:54:05,267 INFO  server.RaftServerConfigKeys (ConfUtils.java:logGet(43)) - raft.server.watch.timeout = 10s (default)
2019-06-12 18:54:05,267 INFO  server.RaftServerConfigKeys (ConfUtils.java:logGet(43)) - raft.server.watch.timeout.denomination = 1s (default)
2019-06-12 18:54:05,267 INFO  storage.RaftLogWorker (RaftLogWorker.java:execute(469)) - f616be8b-2cb6-4612-a9ca-ba2d9f0c2702-RaftLogWorker: created new log segment /opt/src/hadoop-ozone/integration-test/target/test-dir/MiniOzoneClusterImpl-00b93388-e5ff-4a86-ae52-b128693da3ec/datanode-0/data/ratis/65aa4844-6e3b-4970-bc85-1313ba3aff44/current/log_inprogress_0
2019-06-12 18:54:05,268 INFO  impl.RoleInfo (RoleInfo.java:updateAndGet(143)) - 1cf6edce-a6fa-4eef-b65d-a3e567c1c9eb: start LeaderState
2019-06-12 18:54:05,268 INFO  storage.RaftLogWorker (RaftLogWorker.java:startLogSegment(298)) - 1cf6edce-a6fa-4eef-b65d-a3e567c1c9eb-RaftLogWorker: Starting segment from index:0
2019-06-12 18:54:05,286 INFO  impl.RaftServerImpl (ServerState.java:setRaftConf(361)) - 1cf6edce-a6fa-4eef-b65d-a3e567c1c9eb:group-1FFD3762CE8C set configuration 0: [1cf6edce-a6fa-4eef-b65d-a3e567c1c9eb:192.168.46.15:39717], old=null at 0
2019-06-12 18:54:05,305 INFO  storage.RaftLogWorker (RaftLogWorker.java:execute(469)) - 1cf6edce-a6fa-4eef-b65d-a3e567c1c9eb-RaftLogWorker: created new log segment /opt/src/hadoop-ozone/integration-test/target/test-dir/MiniOzoneClusterImpl-00b93388-e5ff-4a86-ae52-b128693da3ec/datanode-2/data/ratis/85d0882c-24b3-49e6-9f4a-1ffd3762ce8c/current/log_inprogress_0
2019-06-12 18:54:05,310 INFO  impl.FollowerState (FollowerState.java:run(101)) - 94673d78-aa6f-49ab-af4c-5980bc85e10b:group-47D844E6CE3D changes to CANDIDATE, lastRpcTime:1040, electionTimeout:1040ms
2019-06-12 18:54:05,310 INFO  impl.RoleInfo (RoleInfo.java:shutdownFollowerState(121)) - 94673d78-aa6f-49ab-af4c-5980bc85e10b: shutdown FollowerState
2019-06-12 18:54:05,310 INFO  impl.RaftServerImpl (RaftServerImpl.java:setRole(164)) - 94673d78-aa6f-49ab-af4c-5980bc85e10b:group-47D844E6CE3D changes role from FOLLOWER to CANDIDATE at term 0 for changeToCandidate
2019-06-12 18:54:05,310 INFO  impl.RoleInfo (RoleInfo.java:updateAndGet(143)) - 94673d78-aa6f-49ab-af4c-5980bc85e10b: start LeaderElection
2019-06-12 18:54:05,315 INFO  impl.LeaderElection (LeaderElection.java:askForVotes(181)) - 94673d78-aa6f-49ab-af4c-5980bc85e10b:group-47D844E6CE3D:LeaderElection3: begin an election at term 1 for -1: [94673d78-aa6f-49ab-af4c-5980bc85e10b:192.168.46.15:42657], old=null
2019-06-12 18:54:05,316 INFO  impl.RoleInfo (RoleInfo.java:shutdownLeaderElection(134)) - 94673d78-aa6f-49ab-af4c-5980bc85e10b: shutdown LeaderElection
2019-06-12 18:54:05,316 INFO  impl.RaftServerImpl (RaftServerImpl.java:setRole(164)) - 94673d78-aa6f-49ab-af4c-5980bc85e10b:group-47D844E6CE3D changes role from CANDIDATE to LEADER at term 1 for changeToLeader
2019-06-12 18:54:05,316 INFO  impl.RaftServerImpl (ServerState.java:setLeader(263)) - 94673d78-aa6f-49ab-af4c-5980bc85e10b:group-47D844E6CE3D change Leader from null to 94673d78-aa6f-49ab-af4c-5980bc85e10b at term 1 for becomeLeader, leader elected after 1048ms
2019-06-12 18:54:05,317 INFO  server.RaftServerConfigKeys (ConfUtils.java:logGet(43)) - raft.server.staging.catchup.gap = 1000 (default)
2019-06-12 18:54:05,318 INFO  server.RaftServerConfigKeys (ConfUtils.java:logGet(43)) - raft.server.rpc.sleep.time = 25ms (default)
2019-06-12 18:54:05,318 INFO  server.RaftServerConfigKeys (ConfUtils.java:logGet(43)) - raft.server.watch.timeout = 10s (default)
2019-06-12 18:54:05,318 INFO  server.RaftServerConfigKeys (ConfUtils.java:logGet(43)) - raft.server.watch.timeout.denomination = 1s (default)
2019-06-12 18:54:05,318 INFO  impl.RoleInfo (RoleInfo.java:updateAndGet(143)) - 94673d78-aa6f-49ab-af4c-5980bc85e10b: start LeaderState
2019-06-12 18:54:05,318 INFO  storage.RaftLogWorker (RaftLogWorker.java:startLogSegment(298)) - 94673d78-aa6f-49ab-af4c-5980bc85e10b-RaftLogWorker: Starting segment from index:0
2019-06-12 18:54:05,321 INFO  impl.RaftServerImpl (ServerState.java:setRaftConf(361)) - 94673d78-aa6f-49ab-af4c-5980bc85e10b:group-47D844E6CE3D set configuration 0: [94673d78-aa6f-49ab-af4c-5980bc85e10b:192.168.46.15:42657], old=null at 0
2019-06-12 18:54:05,354 INFO  impl.FollowerState (FollowerState.java:run(101)) - 8fae5783-13da-42ff-9496-269e290418f3:group-EFC0BCFB89E6 changes to CANDIDATE, lastRpcTime:1196, electionTimeout:1194ms
2019-06-12 18:54:05,354 INFO  impl.FollowerState (FollowerState.java:run(101)) - 8fae5783-13da-42ff-9496-269e290418f3:group-4EAABE9F7ADA changes to CANDIDATE, lastRpcTime:1013, electionTimeout:1007ms
2019-06-12 18:54:05,354 INFO  impl.RoleInfo (RoleInfo.java:shutdownFollowerState(121)) - 8fae5783-13da-42ff-9496-269e290418f3: shutdown FollowerState
2019-06-12 18:54:05,354 INFO  impl.RaftServerImpl (RaftServerImpl.java:setRole(164)) - 8fae5783-13da-42ff-9496-269e290418f3:group-EFC0BCFB89E6 changes role from FOLLOWER to CANDIDATE at term 0 for changeToCandidate
2019-06-12 18:54:05,354 INFO  impl.RoleInfo (RoleInfo.java:updateAndGet(143)) - 8fae5783-13da-42ff-9496-269e290418f3: start LeaderElection
2019-06-12 18:54:05,354 INFO  impl.RoleInfo (RoleInfo.java:shutdownFollowerState(121)) - 8fae5783-13da-42ff-9496-269e290418f3: shutdown FollowerState
2019-06-12 18:54:05,354 INFO  impl.RaftServerImpl (RaftServerImpl.java:setRole(164)) - 8fae5783-13da-42ff-9496-269e290418f3:group-4EAABE9F7ADA changes role from FOLLOWER to CANDIDATE at term 0 for changeToCandidate
2019-06-12 18:54:05,354 INFO  impl.RoleInfo (RoleInfo.java:updateAndGet(143)) - 8fae5783-13da-42ff-9496-269e290418f3: start LeaderElection
2019-06-12 18:54:05,356 INFO  storage.RaftLogWorker (RaftLogWorker.java:execute(469)) - 94673d78-aa6f-49ab-af4c-5980bc85e10b-RaftLogWorker: created new log segment /opt/src/hadoop-ozone/integration-test/target/test-dir/MiniOzoneClusterImpl-00b93388-e5ff-4a86-ae52-b128693da3ec/datanode-3/data/ratis/56c37af6-58ad-40b7-9013-47d844e6ce3d/current/log_inprogress_0
2019-06-12 18:54:05,363 INFO  impl.LeaderElection (LeaderElection.java:askForVotes(181)) - 8fae5783-13da-42ff-9496-269e290418f3:group-EFC0BCFB89E6:LeaderElection4: begin an election at term 1 for -1: [8fae5783-13da-42ff-9496-269e290418f3:192.168.46.15:40849], old=null
2019-06-12 18:54:05,364 INFO  impl.RoleInfo (RoleInfo.java:shutdownLeaderElection(134)) - 8fae5783-13da-42ff-9496-269e290418f3: shutdown LeaderElection
2019-06-12 18:54:05,364 INFO  impl.RaftServerImpl (RaftServerImpl.java:setRole(164)) - 8fae5783-13da-42ff-9496-269e290418f3:group-EFC0BCFB89E6 changes role from CANDIDATE to LEADER at term 1 for changeToLeader
2019-06-12 18:54:05,367 INFO  impl.RaftServerImpl (ServerState.java:setLeader(263)) - 8fae5783-13da-42ff-9496-269e290418f3:group-EFC0BCFB89E6 change Leader from null to 8fae5783-13da-42ff-9496-269e290418f3 at term 1 for becomeLeader, leader elected after 1213ms
2019-06-12 18:54:05,367 INFO  server.RaftServerConfigKeys (ConfUtils.java:logGet(43)) - raft.server.staging.catchup.gap = 1000 (default)
2019-06-12 18:54:05,367 INFO  server.RaftServerConfigKeys (ConfUtils.java:logGet(43)) - raft.server.rpc.sleep.time = 25ms (default)
2019-06-12 18:54:05,367 INFO  server.RaftServerConfigKeys (ConfUtils.java:logGet(43)) - raft.server.watch.timeout = 10s (default)
2019-06-12 18:54:05,368 INFO  server.RaftServerConfigKeys (ConfUtils.java:logGet(43)) - raft.server.watch.timeout.denomination = 1s (default)
2019-06-12 18:54:05,368 INFO  impl.RoleInfo (RoleInfo.java:updateAndGet(143)) - 8fae5783-13da-42ff-9496-269e290418f3: start LeaderState
2019-06-12 18:54:05,368 INFO  storage.RaftLogWorker (RaftLogWorker.java:startLogSegment(298)) - 8fae5783-13da-42ff-9496-269e290418f3-RaftLogWorker: Starting segment from index:0
2019-06-12 18:54:05,369 INFO  impl.RaftServerImpl (ServerState.java:setRaftConf(361)) - 8fae5783-13da-42ff-9496-269e290418f3:group-EFC0BCFB89E6 set configuration 0: [8fae5783-13da-42ff-9496-269e290418f3:192.168.46.15:40849], old=null at 0
2019-06-12 18:54:05,399 INFO  impl.LeaderElection (LeaderElection.java:askForVotes(181)) - 8fae5783-13da-42ff-9496-269e290418f3:group-4EAABE9F7ADA:LeaderElection5: begin an election at term 1 for -1: [94673d78-aa6f-49ab-af4c-5980bc85e10b:192.168.46.15:42657, f616be8b-2cb6-4612-a9ca-ba2d9f0c2702:192.168.46.15:34715, 8fae5783-13da-42ff-9496-269e290418f3:192.168.46.15:40849], old=null
2019-06-12 18:54:05,420 INFO  impl.FollowerState (FollowerState.java:run(101)) - f616be8b-2cb6-4612-a9ca-ba2d9f0c2702:group-4EAABE9F7ADA changes to CANDIDATE, lastRpcTime:1084, electionTimeout:1082ms
2019-06-12 18:54:05,420 INFO  impl.RoleInfo (RoleInfo.java:shutdownFollowerState(121)) - f616be8b-2cb6-4612-a9ca-ba2d9f0c2702: shutdown FollowerState
2019-06-12 18:54:05,420 INFO  impl.FollowerState (FollowerState.java:run(101)) - dccb0fc5-c443-4a9d-a024-c6f8ee0e3840:group-71C4963E2F9D changes to CANDIDATE, lastRpcTime:1021, electionTimeout:1010ms
2019-06-12 18:54:05,420 INFO  impl.RaftServerImpl (RaftServerImpl.java:setRole(164)) - f616be8b-2cb6-4612-a9ca-ba2d9f0c2702:group-4EAABE9F7ADA changes role from FOLLOWER to CANDIDATE at term 0 for changeToCandidate
2019-06-12 18:54:05,420 INFO  impl.RoleInfo (RoleInfo.java:shutdownFollowerState(121)) - dccb0fc5-c443-4a9d-a024-c6f8ee0e3840: shutdown FollowerState
2019-06-12 18:54:05,420 INFO  impl.RaftServerImpl (RaftServerImpl.java:setRole(164)) - dccb0fc5-c443-4a9d-a024-c6f8ee0e3840:group-71C4963E2F9D changes role from FOLLOWER to CANDIDATE at term 0 for changeToCandidate
2019-06-12 18:54:05,420 INFO  impl.RoleInfo (RoleInfo.java:updateAndGet(143)) - f616be8b-2cb6-4612-a9ca-ba2d9f0c2702: start LeaderElection
2019-06-12 18:54:05,420 INFO  impl.RoleInfo (RoleInfo.java:updateAndGet(143)) - dccb0fc5-c443-4a9d-a024-c6f8ee0e3840: start LeaderElection
2019-06-12 18:54:05,423 INFO  storage.RaftLogWorker (RaftLogWorker.java:execute(469)) - 8fae5783-13da-42ff-9496-269e290418f3-RaftLogWorker: created new log segment /opt/src/hadoop-ozone/integration-test/target/test-dir/MiniOzoneClusterImpl-00b93388-e5ff-4a86-ae52-b128693da3ec/datanode-1/data/ratis/65924732-db3f-4fc9-ab5d-efc0bcfb89e6/current/log_inprogress_0
2019-06-12 18:54:05,436 INFO  impl.LeaderElection (LeaderElection.java:askForVotes(181)) - dccb0fc5-c443-4a9d-a024-c6f8ee0e3840:group-71C4963E2F9D:LeaderElection7: begin an election at term 1 for -1: [dccb0fc5-c443-4a9d-a024-c6f8ee0e3840:192.168.46.15:35749], old=null
2019-06-12 18:54:05,436 INFO  impl.RoleInfo (RoleInfo.java:shutdownLeaderElection(134)) - dccb0fc5-c443-4a9d-a024-c6f8ee0e3840: shutdown LeaderElection
2019-06-12 18:54:05,436 INFO  impl.RaftServerImpl (RaftServerImpl.java:setRole(164)) - dccb0fc5-c443-4a9d-a024-c6f8ee0e3840:group-71C4963E2F9D changes role from CANDIDATE to LEADER at term 1 for changeToLeader
2019-06-12 18:54:05,437 INFO  impl.RaftServerImpl (ServerState.java:setLeader(263)) - dccb0fc5-c443-4a9d-a024-c6f8ee0e3840:group-71C4963E2F9D change Leader from null to dccb0fc5-c443-4a9d-a024-c6f8ee0e3840 at term 1 for becomeLeader, leader elected after 1040ms
2019-06-12 18:54:05,437 INFO  impl.LeaderElection (LeaderElection.java:askForVotes(181)) - f616be8b-2cb6-4612-a9ca-ba2d9f0c2702:group-4EAABE9F7ADA:LeaderElection6: begin an election at term 1 for -1: [94673d78-aa6f-49ab-af4c-5980bc85e10b:192.168.46.15:42657, f616be8b-2cb6-4612-a9ca-ba2d9f0c2702:192.168.46.15:34715, 8fae5783-13da-42ff-9496-269e290418f3:192.168.46.15:40849], old=null
2019-06-12 18:54:05,447 INFO  server.RaftServerConfigKeys (ConfUtils.java:logGet(43)) - raft.server.staging.catchup.gap = 1000 (default)
2019-06-12 18:54:05,447 INFO  server.RaftServerConfigKeys (ConfUtils.java:logGet(43)) - raft.server.rpc.sleep.time = 25ms (default)
2019-06-12 18:54:05,448 INFO  server.RaftServerConfigKeys (ConfUtils.java:logGet(43)) - raft.server.watch.timeout = 10s (default)
2019-06-12 18:54:05,448 INFO  server.RaftServerConfigKeys (ConfUtils.java:logGet(43)) - raft.server.watch.timeout.denomination = 1s (default)
2019-06-12 18:54:05,448 INFO  impl.RoleInfo (RoleInfo.java:updateAndGet(143)) - dccb0fc5-c443-4a9d-a024-c6f8ee0e3840: start LeaderState
2019-06-12 18:54:05,448 INFO  storage.RaftLogWorker (RaftLogWorker.java:startLogSegment(298)) - dccb0fc5-c443-4a9d-a024-c6f8ee0e3840-RaftLogWorker: Starting segment from index:0
2019-06-12 18:54:05,453 INFO  impl.RaftServerImpl (ServerState.java:setRaftConf(361)) - dccb0fc5-c443-4a9d-a024-c6f8ee0e3840:group-71C4963E2F9D set configuration 0: [dccb0fc5-c443-4a9d-a024-c6f8ee0e3840:192.168.46.15:35749], old=null at 0
2019-06-12 18:54:05,476 INFO  impl.RaftServerImpl (RaftServerImpl.java:setRole(164)) - 94673d78-aa6f-49ab-af4c-5980bc85e10b:group-4EAABE9F7ADA changes role from FOLLOWER to FOLLOWER at term 1 for recognizeCandidate:8fae5783-13da-42ff-9496-269e290418f3
2019-06-12 18:54:05,476 INFO  impl.RoleInfo (RoleInfo.java:shutdownFollowerState(121)) - 94673d78-aa6f-49ab-af4c-5980bc85e10b: shutdown FollowerState
2019-06-12 18:54:05,499 INFO  storage.RaftLogWorker (RaftLogWorker.java:execute(469)) - dccb0fc5-c443-4a9d-a024-c6f8ee0e3840-RaftLogWorker: created new log segment /opt/src/hadoop-ozone/integration-test/target/test-dir/MiniOzoneClusterImpl-00b93388-e5ff-4a86-ae52-b128693da3ec/datanode-4/data/ratis/1b7767d4-8878-4a65-ba43-71c4963e2f9d/current/log_inprogress_0
2019-06-12 18:54:05,499 INFO  impl.FollowerState (FollowerState.java:run(109)) - 94673d78-aa6f-49ab-af4c-5980bc85e10b: FollowerState was interrupted: java.lang.InterruptedException: sleep interrupted
2019-06-12 18:54:05,500 INFO  impl.RoleInfo (RoleInfo.java:updateAndGet(143)) - 94673d78-aa6f-49ab-af4c-5980bc85e10b: start FollowerState
2019-06-12 18:54:05,514 INFO  impl.LeaderElection (LeaderElection.java:logAndReturn(56)) - 8fae5783-13da-42ff-9496-269e290418f3:group-4EAABE9F7ADA:LeaderElection5: Election PASSED; received 2 response(s) [8fae5783-13da-42ff-9496-269e290418f3->94673d78-aa6f-49ab-af4c-5980bc85e10b,true-t1, 8fae5783-13da-42ff-9496-269e290418f3->f616be8b-2cb6-4612-a9ca-ba2d9f0c2702,false-t1] and 0 exception(s); 8fae5783-13da-42ff-9496-269e290418f3:t1, leader=null, voted=8fae5783-13da-42ff-9496-269e290418f3, raftlog=8fae5783-13da-42ff-9496-269e290418f3-SegmentedRaftLog:OPENED:c-1,f-1,i0, conf=-1: [94673d78-aa6f-49ab-af4c-5980bc85e10b:192.168.46.15:42657, f616be8b-2cb6-4612-a9ca-ba2d9f0c2702:192.168.46.15:34715, 8fae5783-13da-42ff-9496-269e290418f3:192.168.46.15:40849], old=null
2019-06-12 18:54:05,514 INFO  impl.RoleInfo (RoleInfo.java:shutdownLeaderElection(134)) - 8fae5783-13da-42ff-9496-269e290418f3: shutdown LeaderElection
2019-06-12 18:54:05,514 INFO  impl.RaftServerImpl (RaftServerImpl.java:setRole(164)) - 8fae5783-13da-42ff-9496-269e290418f3:group-4EAABE9F7ADA changes role from CANDIDATE to LEADER at term 1 for changeToLeader
2019-06-12 18:54:05,515 INFO  impl.LeaderElection (LeaderElection.java:logAndReturn(56)) - f616be8b-2cb6-4612-a9ca-ba2d9f0c2702:group-4EAABE9F7ADA:LeaderElection6: Election REJECTED; received 2 response(s) [f616be8b-2cb6-4612-a9ca-ba2d9f0c2702->94673d78-aa6f-49ab-af4c-5980bc85e10b,false-t1, f616be8b-2cb6-4612-a9ca-ba2d9f0c2702->8fae5783-13da-42ff-9496-269e290418f3,false-t1] and 0 exception(s); f616be8b-2cb6-4612-a9ca-ba2d9f0c2702:t1, leader=null, voted=f616be8b-2cb6-4612-a9ca-ba2d9f0c2702, raftlog=f616be8b-2cb6-4612-a9ca-ba2d9f0c2702-SegmentedRaftLog:OPENED:c-1,f-1,i0, conf=-1: [94673d78-aa6f-49ab-af4c-5980bc85e10b:192.168.46.15:42657, f616be8b-2cb6-4612-a9ca-ba2d9f0c2702:192.168.46.15:34715, 8fae5783-13da-42ff-9496-269e290418f3:192.168.46.15:40849], old=null
2019-06-12 18:54:05,516 INFO  impl.RaftServerImpl (RaftServerImpl.java:setRole(164)) - f616be8b-2cb6-4612-a9ca-ba2d9f0c2702:group-4EAABE9F7ADA changes role from CANDIDATE to FOLLOWER at term 1 for DISCOVERED_A_NEW_TERM
2019-06-12 18:54:05,517 INFO  impl.RoleInfo (RoleInfo.java:shutdownLeaderElection(134)) - f616be8b-2cb6-4612-a9ca-ba2d9f0c2702: shutdown LeaderElection
2019-06-12 18:54:05,515 INFO  impl.RaftServerImpl (ServerState.java:setLeader(263)) - 8fae5783-13da-42ff-9496-269e290418f3:group-4EAABE9F7ADA change Leader from null to 8fae5783-13da-42ff-9496-269e290418f3 at term 1 for becomeLeader, leader elected after 1183ms
2019-06-12 18:54:05,518 INFO  impl.RoleInfo (RoleInfo.java:updateAndGet(143)) - f616be8b-2cb6-4612-a9ca-ba2d9f0c2702: start FollowerState
2019-06-12 18:54:05,519 INFO  server.RaftServerConfigKeys (ConfUtils.java:logGet(43)) - raft.server.staging.catchup.gap = 1000 (default)
2019-06-12 18:54:05,520 INFO  server.RaftServerConfigKeys (ConfUtils.java:logGet(43)) - raft.server.rpc.sleep.time = 25ms (default)
2019-06-12 18:54:05,520 INFO  server.RaftServerConfigKeys (ConfUtils.java:logGet(43)) - raft.server.watch.timeout = 10s (default)
2019-06-12 18:54:05,520 INFO  server.RaftServerConfigKeys (ConfUtils.java:logGet(43)) - raft.server.watch.timeout.denomination = 1s (default)
2019-06-12 18:54:05,522 INFO  server.RaftServerConfigKeys (ConfUtils.java:logGet(43)) - raft.server.log.appender.snapshot.chunk.size.max = 16MB (=16777216) (default)
2019-06-12 18:54:05,522 INFO  server.RaftServerConfigKeys (ConfUtils.java:logGet(43)) - raft.server.log.appender.buffer.byte-limit = 33554432 (custom)
2019-06-12 18:54:05,522 INFO  server.RaftServerConfigKeys (ConfUtils.java:logGet(43)) - raft.server.log.appender.buffer.element-limit = 1 (custom)
2019-06-12 18:54:05,523 INFO  grpc.GrpcConfigKeys$Server (ConfUtils.java:logGet(43)) - raft.grpc.server.leader.outstanding.appends.max = 128 (default)
2019-06-12 18:54:05,523 INFO  server.RaftServerConfigKeys (ConfUtils.java:logGet(43)) - raft.server.rpc.request.timeout = 3000ms (default)
2019-06-12 18:54:05,523 INFO  server.RaftServerConfigKeys (ConfUtils.java:logGet(43)) - raft.server.log.appender.install.snapshot.enabled = true (default)
2019-06-12 18:54:05,524 INFO  server.RaftServerConfigKeys (ConfUtils.java:logGet(43)) - raft.server.log.appender.snapshot.chunk.size.max = 16MB (=16777216) (default)
2019-06-12 18:54:05,524 INFO  server.RaftServerConfigKeys (ConfUtils.java:logGet(43)) - raft.server.log.appender.buffer.byte-limit = 33554432 (custom)
2019-06-12 18:54:05,524 INFO  server.RaftServerConfigKeys (ConfUtils.java:logGet(43)) - raft.server.log.appender.buffer.element-limit = 1 (custom)
2019-06-12 18:54:05,524 INFO  grpc.GrpcConfigKeys$Server (ConfUtils.java:logGet(43)) - raft.grpc.server.leader.outstanding.appends.max = 128 (default)
2019-06-12 18:54:05,524 INFO  server.RaftServerConfigKeys (ConfUtils.java:logGet(43)) - raft.server.rpc.request.timeout = 3000ms (default)
2019-06-12 18:54:05,524 INFO  server.RaftServerConfigKeys (ConfUtils.java:logGet(43)) - raft.server.log.appender.install.snapshot.enabled = true (default)
2019-06-12 18:54:05,524 INFO  impl.RoleInfo (RoleInfo.java:updateAndGet(143)) - 8fae5783-13da-42ff-9496-269e290418f3: start LeaderState
2019-06-12 18:54:05,524 INFO  storage.RaftLogWorker (RaftLogWorker.java:startLogSegment(298)) - 8fae5783-13da-42ff-9496-269e290418f3-RaftLogWorker: Starting segment from index:0
2019-06-12 18:54:05,525 INFO  impl.RaftServerImpl (ServerState.java:setRaftConf(361)) - 8fae5783-13da-42ff-9496-269e290418f3:group-4EAABE9F7ADA set configuration 0: [94673d78-aa6f-49ab-af4c-5980bc85e10b:192.168.46.15:42657, f616be8b-2cb6-4612-a9ca-ba2d9f0c2702:192.168.46.15:34715, 8fae5783-13da-42ff-9496-269e290418f3:192.168.46.15:40849], old=null at 0
2019-06-12 18:54:05,562 INFO  storage.RaftLogWorker (RaftLogWorker.java:execute(469)) - 8fae5783-13da-42ff-9496-269e290418f3-RaftLogWorker: created new log segment /opt/src/hadoop-ozone/integration-test/target/test-dir/MiniOzoneClusterImpl-00b93388-e5ff-4a86-ae52-b128693da3ec/datanode-1/data/ratis/4fbb4260-9d9d-4e46-96a5-4eaabe9f7ada/current/log_inprogress_0
2019-06-12 18:54:05,571 INFO  impl.RaftServerImpl (ServerState.java:setLeader(263)) - f616be8b-2cb6-4612-a9ca-ba2d9f0c2702:group-4EAABE9F7ADA change Leader from null to 8fae5783-13da-42ff-9496-269e290418f3 at term 1 for appendEntries, leader elected after 1239ms
2019-06-12 18:54:05,575 INFO  impl.RaftServerImpl (ServerState.java:setLeader(263)) - 94673d78-aa6f-49ab-af4c-5980bc85e10b:group-4EAABE9F7ADA change Leader from null to 8fae5783-13da-42ff-9496-269e290418f3 at term 1 for appendEntries, leader elected after 1240ms
2019-06-12 18:54:05,596 INFO  impl.RaftServerImpl (ServerState.java:setRaftConf(361)) - f616be8b-2cb6-4612-a9ca-ba2d9f0c2702:group-4EAABE9F7ADA set configuration 0: [94673d78-aa6f-49ab-af4c-5980bc85e10b:192.168.46.15:42657, f616be8b-2cb6-4612-a9ca-ba2d9f0c2702:192.168.46.15:34715, 8fae5783-13da-42ff-9496-269e290418f3:192.168.46.15:40849], old=null at 0
2019-06-12 18:54:05,596 INFO  impl.RaftServerImpl (ServerState.java:setRaftConf(361)) - 94673d78-aa6f-49ab-af4c-5980bc85e10b:group-4EAABE9F7ADA set configuration 0: [94673d78-aa6f-49ab-af4c-5980bc85e10b:192.168.46.15:42657, f616be8b-2cb6-4612-a9ca-ba2d9f0c2702:192.168.46.15:34715, 8fae5783-13da-42ff-9496-269e290418f3:192.168.46.15:40849], old=null at 0
2019-06-12 18:54:05,597 INFO  storage.RaftLogWorker (RaftLogWorker.java:startLogSegment(298)) - f616be8b-2cb6-4612-a9ca-ba2d9f0c2702-RaftLogWorker: Starting segment from index:0
2019-06-12 18:54:05,597 INFO  storage.RaftLogWorker (RaftLogWorker.java:startLogSegment(298)) - 94673d78-aa6f-49ab-af4c-5980bc85e10b-RaftLogWorker: Starting segment from index:0
2019-06-12 18:54:05,634 INFO  storage.RaftLogWorker (RaftLogWorker.java:execute(469)) - f616be8b-2cb6-4612-a9ca-ba2d9f0c2702-RaftLogWorker: created new log segment /opt/src/hadoop-ozone/integration-test/target/test-dir/MiniOzoneClusterImpl-00b93388-e5ff-4a86-ae52-b128693da3ec/datanode-0/data/ratis/4fbb4260-9d9d-4e46-96a5-4eaabe9f7ada/current/log_inprogress_0
2019-06-12 18:54:05,636 INFO  storage.RaftLogWorker (RaftLogWorker.java:execute(469)) - 94673d78-aa6f-49ab-af4c-5980bc85e10b-RaftLogWorker: created new log segment /opt/src/hadoop-ozone/integration-test/target/test-dir/MiniOzoneClusterImpl-00b93388-e5ff-4a86-ae52-b128693da3ec/datanode-3/data/ratis/4fbb4260-9d9d-4e46-96a5-4eaabe9f7ada/current/log_inprogress_0
2019-06-12 18:54:05,638 INFO  impl.FollowerState (FollowerState.java:run(101)) - 1cf6edce-a6fa-4eef-b65d-a3e567c1c9eb:group-632DA9310B3B changes to CANDIDATE, lastRpcTime:1010, electionTimeout:1009ms
2019-06-12 18:54:05,639 INFO  impl.RoleInfo (RoleInfo.java:shutdownFollowerState(121)) - 1cf6edce-a6fa-4eef-b65d-a3e567c1c9eb: shutdown FollowerState
2019-06-12 18:54:05,639 INFO  impl.RaftServerImpl (RaftServerImpl.java:setRole(164)) - 1cf6edce-a6fa-4eef-b65d-a3e567c1c9eb:group-632DA9310B3B changes role from FOLLOWER to CANDIDATE at term 0 for changeToCandidate
2019-06-12 18:54:05,639 INFO  impl.RoleInfo (RoleInfo.java:updateAndGet(143)) - 1cf6edce-a6fa-4eef-b65d-a3e567c1c9eb: start LeaderElection
2019-06-12 18:54:05,641 INFO  impl.FollowerState (FollowerState.java:run(101)) - 27ac8c9c-4e95-4c30-a6ea-108f8e4da263:group-4C0DB7A06837 changes to CANDIDATE, lastRpcTime:1051, electionTimeout:1051ms
2019-06-12 18:54:05,641 INFO  impl.RoleInfo (RoleInfo.java:shutdownFollowerState(121)) - 27ac8c9c-4e95-4c30-a6ea-108f8e4da263: shutdown FollowerState
2019-06-12 18:54:05,641 INFO  impl.RaftServerImpl (RaftServerImpl.java:setRole(164)) - 27ac8c9c-4e95-4c30-a6ea-108f8e4da263:group-4C0DB7A06837 changes role from FOLLOWER to CANDIDATE at term 0 for changeToCandidate
2019-06-12 18:54:05,641 INFO  impl.RoleInfo (RoleInfo.java:updateAndGet(143)) - 27ac8c9c-4e95-4c30-a6ea-108f8e4da263: start LeaderElection
2019-06-12 18:54:05,646 INFO  impl.LeaderElection (LeaderElection.java:askForVotes(181)) - 1cf6edce-a6fa-4eef-b65d-a3e567c1c9eb:group-632DA9310B3B:LeaderElection8: begin an election at term 1 for -1: [1cf6edce-a6fa-4eef-b65d-a3e567c1c9eb:192.168.46.15:39717, dccb0fc5-c443-4a9d-a024-c6f8ee0e3840:192.168.46.15:35749, 27ac8c9c-4e95-4c30-a6ea-108f8e4da263:192.168.46.15:37849], old=null
2019-06-12 18:54:05,648 INFO  impl.LeaderElection (LeaderElection.java:askForVotes(181)) - 27ac8c9c-4e95-4c30-a6ea-108f8e4da263:group-4C0DB7A06837:LeaderElection9: begin an election at term 1 for -1: [27ac8c9c-4e95-4c30-a6ea-108f8e4da263:192.168.46.15:37849], old=null
2019-06-12 18:54:05,648 INFO  impl.RoleInfo (RoleInfo.java:shutdownLeaderElection(134)) - 27ac8c9c-4e95-4c30-a6ea-108f8e4da263: shutdown LeaderElection
2019-06-12 18:54:05,648 INFO  impl.RaftServerImpl (RaftServerImpl.java:setRole(164)) - 27ac8c9c-4e95-4c30-a6ea-108f8e4da263:group-4C0DB7A06837 changes role from CANDIDATE to LEADER at term 1 for changeToLeader
2019-06-12 18:54:05,648 INFO  impl.RaftServerImpl (ServerState.java:setLeader(263)) - 27ac8c9c-4e95-4c30-a6ea-108f8e4da263:group-4C0DB7A06837 change Leader from null to 27ac8c9c-4e95-4c30-a6ea-108f8e4da263 at term 1 for becomeLeader, leader elected after 1061ms
2019-06-12 18:54:05,649 INFO  server.RaftServerConfigKeys (ConfUtils.java:logGet(43)) - raft.server.staging.catchup.gap = 1000 (default)
2019-06-12 18:54:05,650 INFO  server.RaftServerConfigKeys (ConfUtils.java:logGet(43)) - raft.server.rpc.sleep.time = 25ms (default)
2019-06-12 18:54:05,650 INFO  server.RaftServerConfigKeys (ConfUtils.java:logGet(43)) - raft.server.watch.timeout = 10s (default)
2019-06-12 18:54:05,650 INFO  server.RaftServerConfigKeys (ConfUtils.java:logGet(43)) - raft.server.watch.timeout.denomination = 1s (default)
2019-06-12 18:54:05,650 INFO  impl.RoleInfo (RoleInfo.java:updateAndGet(143)) - 27ac8c9c-4e95-4c30-a6ea-108f8e4da263: start LeaderState
2019-06-12 18:54:05,650 INFO  storage.RaftLogWorker (RaftLogWorker.java:startLogSegment(298)) - 27ac8c9c-4e95-4c30-a6ea-108f8e4da263-RaftLogWorker: Starting segment from index:0
2019-06-12 18:54:05,661 INFO  impl.RaftServerImpl (ServerState.java:setRaftConf(361)) - 27ac8c9c-4e95-4c30-a6ea-108f8e4da263:group-4C0DB7A06837 set configuration 0: [27ac8c9c-4e95-4c30-a6ea-108f8e4da263:192.168.46.15:37849], old=null at 0
2019-06-12 18:54:05,688 INFO  impl.FollowerState (FollowerState.java:run(101)) - 27ac8c9c-4e95-4c30-a6ea-108f8e4da263:group-632DA9310B3B changes to CANDIDATE, lastRpcTime:1054, electionTimeout:1052ms
2019-06-12 18:54:05,688 INFO  impl.RoleInfo (RoleInfo.java:shutdownFollowerState(121)) - 27ac8c9c-4e95-4c30-a6ea-108f8e4da263: shutdown FollowerState
2019-06-12 18:54:05,688 INFO  impl.RaftServerImpl (RaftServerImpl.java:setRole(164)) - 27ac8c9c-4e95-4c30-a6ea-108f8e4da263:group-632DA9310B3B changes role from FOLLOWER to CANDIDATE at term 0 for changeToCandidate
2019-06-12 18:54:05,688 INFO  impl.RoleInfo (RoleInfo.java:updateAndGet(143)) - 27ac8c9c-4e95-4c30-a6ea-108f8e4da263: start LeaderElection
2019-06-12 18:54:05,690 INFO  storage.RaftLogWorker (RaftLogWorker.java:execute(469)) - 27ac8c9c-4e95-4c30-a6ea-108f8e4da263-RaftLogWorker: created new log segment /opt/src/hadoop-ozone/integration-test/target/test-dir/MiniOzoneClusterImpl-00b93388-e5ff-4a86-ae52-b128693da3ec/datanode-5/data/ratis/0244db2d-2c15-4813-9382-4c0db7a06837/current/log_inprogress_0
2019-06-12 18:54:05,693 INFO  impl.RaftServerImpl (RaftServerImpl.java:setRole(164)) - 27ac8c9c-4e95-4c30-a6ea-108f8e4da263:group-632DA9310B3B changes role from CANDIDATE to FOLLOWER at term 1 for recognizeCandidate:1cf6edce-a6fa-4eef-b65d-a3e567c1c9eb
2019-06-12 18:54:05,695 INFO  impl.RoleInfo (RoleInfo.java:shutdownLeaderElection(134)) - 27ac8c9c-4e95-4c30-a6ea-108f8e4da263: shutdown LeaderElection
2019-06-12 18:54:05,696 INFO  impl.RoleInfo (RoleInfo.java:updateAndGet(143)) - 27ac8c9c-4e95-4c30-a6ea-108f8e4da263: start FollowerState
2019-06-12 18:54:05,696 INFO  impl.RaftServerImpl (RaftServerImpl.java:setRole(164)) - dccb0fc5-c443-4a9d-a024-c6f8ee0e3840:group-632DA9310B3B changes role from FOLLOWER to FOLLOWER at term 1 for recognizeCandidate:1cf6edce-a6fa-4eef-b65d-a3e567c1c9eb
2019-06-12 18:54:05,697 INFO  impl.RoleInfo (RoleInfo.java:shutdownFollowerState(121)) - dccb0fc5-c443-4a9d-a024-c6f8ee0e3840: shutdown FollowerState
2019-06-12 18:54:05,697 INFO  impl.RoleInfo (RoleInfo.java:updateAndGet(143)) - dccb0fc5-c443-4a9d-a024-c6f8ee0e3840: start FollowerState
2019-06-12 18:54:05,697 INFO  impl.FollowerState (FollowerState.java:run(109)) - dccb0fc5-c443-4a9d-a024-c6f8ee0e3840: FollowerState was interrupted: java.lang.InterruptedException: sleep interrupted
2019-06-12 18:54:05,701 INFO  impl.LeaderElection (LeaderElection.java:askForVotes(181)) - 27ac8c9c-4e95-4c30-a6ea-108f8e4da263:group-632DA9310B3B:LeaderElection10: begin an election at term 2 for -1: [1cf6edce-a6fa-4eef-b65d-a3e567c1c9eb:192.168.46.15:39717, dccb0fc5-c443-4a9d-a024-c6f8ee0e3840:192.168.46.15:35749, 27ac8c9c-4e95-4c30-a6ea-108f8e4da263:192.168.46.15:37849], old=null
2019-06-12 18:54:05,707 INFO  impl.LeaderElection (LeaderElection.java:logAndReturn(56)) - 27ac8c9c-4e95-4c30-a6ea-108f8e4da263:group-632DA9310B3B:LeaderElection10: Election REJECTED; received 0 response(s) [] and 0 exception(s); 27ac8c9c-4e95-4c30-a6ea-108f8e4da263:t2, leader=null, voted=27ac8c9c-4e95-4c30-a6ea-108f8e4da263, raftlog=27ac8c9c-4e95-4c30-a6ea-108f8e4da263-SegmentedRaftLog:OPENED:c-1,f-1,i0, conf=-1: [1cf6edce-a6fa-4eef-b65d-a3e567c1c9eb:192.168.46.15:39717, dccb0fc5-c443-4a9d-a024-c6f8ee0e3840:192.168.46.15:35749, 27ac8c9c-4e95-4c30-a6ea-108f8e4da263:192.168.46.15:37849], old=null
2019-06-12 18:54:05,708 INFO  impl.LeaderElection (LeaderElection.java:logAndReturn(56)) - 1cf6edce-a6fa-4eef-b65d-a3e567c1c9eb:group-632DA9310B3B:LeaderElection8: Election PASSED; received 2 response(s) [1cf6edce-a6fa-4eef-b65d-a3e567c1c9eb->dccb0fc5-c443-4a9d-a024-c6f8ee0e3840,true-t1, 1cf6edce-a6fa-4eef-b65d-a3e567c1c9eb->27ac8c9c-4e95-4c30-a6ea-108f8e4da263,false-t1] and 0 exception(s); 1cf6edce-a6fa-4eef-b65d-a3e567c1c9eb:t1, leader=null, voted=1cf6edce-a6fa-4eef-b65d-a3e567c1c9eb, raftlog=1cf6edce-a6fa-4eef-b65d-a3e567c1c9eb-SegmentedRaftLog:OPENED:c-1,f-1,i0, conf=-1: [1cf6edce-a6fa-4eef-b65d-a3e567c1c9eb:192.168.46.15:39717, dccb0fc5-c443-4a9d-a024-c6f8ee0e3840:192.168.46.15:35749, 27ac8c9c-4e95-4c30-a6ea-108f8e4da263:192.168.46.15:37849], old=null
2019-06-12 18:54:05,708 INFO  impl.RoleInfo (RoleInfo.java:shutdownLeaderElection(134)) - 1cf6edce-a6fa-4eef-b65d-a3e567c1c9eb: shutdown LeaderElection
2019-06-12 18:54:05,708 INFO  impl.RaftServerImpl (RaftServerImpl.java:setRole(164)) - 1cf6edce-a6fa-4eef-b65d-a3e567c1c9eb:group-632DA9310B3B changes role from CANDIDATE to LEADER at term 1 for changeToLeader
2019-06-12 18:54:05,708 INFO  impl.RaftServerImpl (ServerState.java:setLeader(263)) - 1cf6edce-a6fa-4eef-b65d-a3e567c1c9eb:group-632DA9310B3B change Leader from null to 1cf6edce-a6fa-4eef-b65d-a3e567c1c9eb at term 1 for becomeLeader, leader elected after 1083ms
2019-06-12 18:54:05,708 INFO  server.RaftServerConfigKeys (ConfUtils.java:logGet(43)) - raft.server.staging.catchup.gap = 1000 (default)
2019-06-12 18:54:05,708 INFO  server.RaftServerConfigKeys (ConfUtils.java:logGet(43)) - raft.server.rpc.sleep.time = 25ms (default)
2019-06-12 18:54:05,708 INFO  server.RaftServerConfigKeys (ConfUtils.java:logGet(43)) - raft.server.watch.timeout = 10s (default)
2019-06-12 18:54:05,708 INFO  server.RaftServerConfigKeys (ConfUtils.java:logGet(43)) - raft.server.watch.timeout.denomination = 1s (default)
2019-06-12 18:54:05,709 INFO  server.RaftServerConfigKeys (ConfUtils.java:logGet(43)) - raft.server.log.appender.snapshot.chunk.size.max = 16MB (=16777216) (default)
2019-06-12 18:54:05,709 INFO  server.RaftServerConfigKeys (ConfUtils.java:logGet(43)) - raft.server.log.appender.buffer.byte-limit = 33554432 (custom)
2019-06-12 18:54:05,709 INFO  server.RaftServerConfigKeys (ConfUtils.java:logGet(43)) - raft.server.log.appender.buffer.element-limit = 1 (custom)
2019-06-12 18:54:05,709 INFO  grpc.GrpcConfigKeys$Server (ConfUtils.java:logGet(43)) - raft.grpc.server.leader.outstanding.appends.max = 128 (default)
2019-06-12 18:54:05,709 INFO  server.RaftServerConfigKeys (ConfUtils.java:logGet(43)) - raft.server.rpc.request.timeout = 3000ms (default)
2019-06-12 18:54:05,709 INFO  server.RaftServerConfigKeys (ConfUtils.java:logGet(43)) - raft.server.log.appender.install.snapshot.enabled = true (default)
2019-06-12 18:54:05,709 INFO  server.RaftServerConfigKeys (ConfUtils.java:logGet(43)) - raft.server.log.appender.snapshot.chunk.size.max = 16MB (=16777216) (default)
2019-06-12 18:54:05,711 INFO  server.RaftServerConfigKeys (ConfUtils.java:logGet(43)) - raft.server.log.appender.buffer.byte-limit = 33554432 (custom)
2019-06-12 18:54:05,711 INFO  server.RaftServerConfigKeys (ConfUtils.java:logGet(43)) - raft.server.log.appender.buffer.element-limit = 1 (custom)
2019-06-12 18:54:05,711 INFO  grpc.GrpcConfigKeys$Server (ConfUtils.java:logGet(43)) - raft.grpc.server.leader.outstanding.appends.max = 128 (default)
2019-06-12 18:54:05,711 INFO  server.RaftServerConfigKeys (ConfUtils.java:logGet(43)) - raft.server.rpc.request.timeout = 3000ms (default)
2019-06-12 18:54:05,711 INFO  server.RaftServerConfigKeys (ConfUtils.java:logGet(43)) - raft.server.log.appender.install.snapshot.enabled = true (default)
2019-06-12 18:54:05,711 INFO  impl.RoleInfo (RoleInfo.java:updateAndGet(143)) - 1cf6edce-a6fa-4eef-b65d-a3e567c1c9eb: start LeaderState
2019-06-12 18:54:05,711 INFO  storage.RaftLogWorker (RaftLogWorker.java:startLogSegment(298)) - 1cf6edce-a6fa-4eef-b65d-a3e567c1c9eb-RaftLogWorker: Starting segment from index:0
2019-06-12 18:54:05,712 INFO  impl.RaftServerImpl (ServerState.java:setRaftConf(361)) - 1cf6edce-a6fa-4eef-b65d-a3e567c1c9eb:group-632DA9310B3B set configuration 0: [1cf6edce-a6fa-4eef-b65d-a3e567c1c9eb:192.168.46.15:39717, dccb0fc5-c443-4a9d-a024-c6f8ee0e3840:192.168.46.15:35749, 27ac8c9c-4e95-4c30-a6ea-108f8e4da263:192.168.46.15:37849], old=null at 0
2019-06-12 18:54:05,730 INFO  ozone.MiniOzoneClusterImpl (MiniOzoneClusterImpl.java:lambda$waitForClusterToBeReady$0(142)) - Cluster is ready. Got 7 of 7 DN Heartbeats.
2019-06-12 18:54:05,734 INFO  impl.RaftServerImpl (ServerState.java:setLeader(263)) - dccb0fc5-c443-4a9d-a024-c6f8ee0e3840:group-632DA9310B3B change Leader from null to 1cf6edce-a6fa-4eef-b65d-a3e567c1c9eb at term 1 for appendEntries, leader elected after 1116ms
2019-06-12 18:54:05,737 INFO  impl.RaftServerImpl (ServerState.java:setLeader(263)) - 1cf6edce-a6fa-4eef-b65d-a3e567c1c9eb:group-632DA9310B3B change Leader from 1cf6edce-a6fa-4eef-b65d-a3e567c1c9eb to null at term 2 for updateCurrentTerm
2019-06-12 18:54:05,758 INFO  impl.RaftServerImpl (RaftServerImpl.java:setRole(164)) - 1cf6edce-a6fa-4eef-b65d-a3e567c1c9eb:group-632DA9310B3B changes role from LEADER to FOLLOWER at term 2 for stepDown
2019-06-12 18:54:05,758 INFO  impl.RoleInfo (RoleInfo.java:shutdownLeaderState(104)) - 1cf6edce-a6fa-4eef-b65d-a3e567c1c9eb: shutdown LeaderState
2019-06-12 18:54:05,759 WARN  server.GrpcLogAppender (GrpcLogAppender.java:mayWait(142)) - GrpcLogAppender(1cf6edce-a6fa-4eef-b65d-a3e567c1c9eb -> 27ac8c9c-4e95-4c30-a6ea-108f8e4da263): Wait interrupted by java.lang.InterruptedException
2019-06-12 18:54:05,759 INFO  impl.PendingRequests (PendingRequests.java:sendNotLeaderResponses(140)) - 1cf6edce-a6fa-4eef-b65d-a3e567c1c9eb-PendingRequests: sendNotLeaderResponses
2019-06-12 18:54:05,761 INFO  server.GrpcServerProtocolService (GrpcServerProtocolService.java:onCompleted(104)) - 27ac8c9c-4e95-4c30-a6ea-108f8e4da263: appendEntries completed
2019-06-12 18:54:05,757 INFO  impl.RaftServerImpl (ServerState.java:setLeader(263)) - dccb0fc5-c443-4a9d-a024-c6f8ee0e3840:group-632DA9310B3B change Leader from 1cf6edce-a6fa-4eef-b65d-a3e567c1c9eb to null at term 2 for updateCurrentTerm
2019-06-12 18:54:05,762 INFO  impl.RaftServerImpl (RaftServerImpl.java:setRole(164)) - dccb0fc5-c443-4a9d-a024-c6f8ee0e3840:group-632DA9310B3B changes role from FOLLOWER to FOLLOWER at term 2 for recognizeCandidate:27ac8c9c-4e95-4c30-a6ea-108f8e4da263
2019-06-12 18:54:05,762 INFO  impl.RoleInfo (RoleInfo.java:shutdownFollowerState(121)) - dccb0fc5-c443-4a9d-a024-c6f8ee0e3840: shutdown FollowerState
2019-06-12 18:54:05,762 INFO  impl.RoleInfo (RoleInfo.java:updateAndGet(143)) - dccb0fc5-c443-4a9d-a024-c6f8ee0e3840: start FollowerState
2019-06-12 18:54:05,762 INFO  impl.RoleInfo (RoleInfo.java:updateAndGet(143)) - 1cf6edce-a6fa-4eef-b65d-a3e567c1c9eb: start FollowerState
2019-06-12 18:54:05,763 INFO  storage.RaftLogWorker (RaftLogWorker.java:execute(469)) - 1cf6edce-a6fa-4eef-b65d-a3e567c1c9eb-RaftLogWorker: created new log segment /opt/src/hadoop-ozone/integration-test/target/test-dir/MiniOzoneClusterImpl-00b93388-e5ff-4a86-ae52-b128693da3ec/datanode-2/data/ratis/0321db64-972c-4aca-951e-632da9310b3b/current/log_inprogress_0
2019-06-12 18:54:05,763 INFO  impl.FollowerState (FollowerState.java:run(109)) - dccb0fc5-c443-4a9d-a024-c6f8ee0e3840: FollowerState was interrupted: java.lang.InterruptedException: sleep interrupted
2019-06-12 18:54:05,766 INFO  impl.RaftServerImpl (RaftServerImpl.java:setRole(164)) - 1cf6edce-a6fa-4eef-b65d-a3e567c1c9eb:group-632DA9310B3B changes role from FOLLOWER to FOLLOWER at term 2 for recognizeCandidate:27ac8c9c-4e95-4c30-a6ea-108f8e4da263
2019-06-12 18:54:05,766 INFO  impl.RoleInfo (RoleInfo.java:shutdownFollowerState(121)) - 1cf6edce-a6fa-4eef-b65d-a3e567c1c9eb: shutdown FollowerState
2019-06-12 18:54:05,766 INFO  impl.RoleInfo (RoleInfo.java:updateAndGet(143)) - 1cf6edce-a6fa-4eef-b65d-a3e567c1c9eb: start FollowerState
2019-06-12 18:54:05,761 WARN  server.GrpcLogAppender (GrpcLogAppender.java:mayWait(142)) - GrpcLogAppender(1cf6edce-a6fa-4eef-b65d-a3e567c1c9eb -> dccb0fc5-c443-4a9d-a024-c6f8ee0e3840): Wait interrupted by java.lang.InterruptedException
2019-06-12 18:54:05,766 INFO  server.GrpcLogAppender (GrpcLogAppender.java:onCompleted(277)) - 1cf6edce-a6fa-4eef-b65d-a3e567c1c9eb: follower 1cf6edce-a6fa-4eef-b65d-a3e567c1c9eb->27ac8c9c-4e95-4c30-a6ea-108f8e4da263(c-1,m0,n1, attendVote=true, lastRpcSendTime=7, lastRpcResponseTime=5) response Completed
2019-06-12 18:54:05,767 INFO  server.GrpcServerProtocolService (GrpcServerProtocolService.java:onCompleted(104)) - dccb0fc5-c443-4a9d-a024-c6f8ee0e3840: appendEntries completed
2019-06-12 18:54:05,769 INFO  impl.FollowerState (FollowerState.java:run(109)) - 1cf6edce-a6fa-4eef-b65d-a3e567c1c9eb: FollowerState was interrupted: java.lang.InterruptedException: sleep interrupted
2019-06-12 18:54:05,780 INFO  impl.FollowerInfo (FollowerInfo.java:lambda$new$0(50)) - 1cf6edce-a6fa-4eef-b65d-a3e567c1c9eb->27ac8c9c-4e95-4c30-a6ea-108f8e4da263: nextIndex: updateUnconditionally 1 -> 0
2019-06-12 18:54:05,780 INFO  server.GrpcLogAppender (GrpcLogAppender.java:onCompleted(277)) - 1cf6edce-a6fa-4eef-b65d-a3e567c1c9eb: follower 1cf6edce-a6fa-4eef-b65d-a3e567c1c9eb->dccb0fc5-c443-4a9d-a024-c6f8ee0e3840(c-1,m0,n0, attendVote=true, lastRpcSendTime=47, lastRpcResponseTime=0) response Completed
2019-06-12 18:54:05,785 INFO  impl.FollowerInfo (FollowerInfo.java:lambda$new$0(50)) - 1cf6edce-a6fa-4eef-b65d-a3e567c1c9eb->dccb0fc5-c443-4a9d-a024-c6f8ee0e3840: nextIndex: updateUnconditionally 0 -> 0
2019-06-12 18:54:05,869 INFO  impl.FollowerState (FollowerState.java:run(101)) - 4af5aefa-72cc-478d-9dc8-5cf29e4a63e0:group-7A9A39A3AAF2 changes to CANDIDATE, lastRpcTime:1113, electionTimeout:1111ms
2019-06-12 18:54:05,869 INFO  impl.RoleInfo (RoleInfo.java:shutdownFollowerState(121)) - 4af5aefa-72cc-478d-9dc8-5cf29e4a63e0: shutdown FollowerState
2019-06-12 18:54:05,869 INFO  impl.RaftServerImpl (RaftServerImpl.java:setRole(164)) - 4af5aefa-72cc-478d-9dc8-5cf29e4a63e0:group-7A9A39A3AAF2 changes role from FOLLOWER to CANDIDATE at term 0 for changeToCandidate
2019-06-12 18:54:05,869 INFO  impl.RoleInfo (RoleInfo.java:updateAndGet(143)) - 4af5aefa-72cc-478d-9dc8-5cf29e4a63e0: start LeaderElection
2019-06-12 18:54:05,879 INFO  impl.LeaderElection (LeaderElection.java:askForVotes(181)) - 4af5aefa-72cc-478d-9dc8-5cf29e4a63e0:group-7A9A39A3AAF2:LeaderElection11: begin an election at term 1 for -1: [4af5aefa-72cc-478d-9dc8-5cf29e4a63e0:192.168.46.15:43867], old=null
2019-06-12 18:54:05,879 INFO  impl.RoleInfo (RoleInfo.java:shutdownLeaderElection(134)) - 4af5aefa-72cc-478d-9dc8-5cf29e4a63e0: shutdown LeaderElection
2019-06-12 18:54:05,879 INFO  impl.RaftServerImpl (RaftServerImpl.java:setRole(164)) - 4af5aefa-72cc-478d-9dc8-5cf29e4a63e0:group-7A9A39A3AAF2 changes role from CANDIDATE to LEADER at term 1 for changeToLeader
2019-06-12 18:54:05,879 INFO  impl.RaftServerImpl (ServerState.java:setLeader(263)) - 4af5aefa-72cc-478d-9dc8-5cf29e4a63e0:group-7A9A39A3AAF2 change Leader from null to 4af5aefa-72cc-478d-9dc8-5cf29e4a63e0 at term 1 for becomeLeader, leader elected after 1125ms
2019-06-12 18:54:05,880 INFO  server.RaftServerConfigKeys (ConfUtils.java:logGet(43)) - raft.server.staging.catchup.gap = 1000 (default)
2019-06-12 18:54:05,880 INFO  server.RaftServerConfigKeys (ConfUtils.java:logGet(43)) - raft.server.rpc.sleep.time = 25ms (default)
2019-06-12 18:54:05,880 INFO  server.RaftServerConfigKeys (ConfUtils.java:logGet(43)) - raft.server.watch.timeout = 10s (default)
2019-06-12 18:54:05,880 INFO  server.RaftServerConfigKeys (ConfUtils.java:logGet(43)) - raft.server.watch.timeout.denomination = 1s (default)
2019-06-12 18:54:05,880 INFO  impl.RoleInfo (RoleInfo.java:updateAndGet(143)) - 4af5aefa-72cc-478d-9dc8-5cf29e4a63e0: start LeaderState
2019-06-12 18:54:05,880 INFO  storage.RaftLogWorker (RaftLogWorker.java:startLogSegment(298)) - 4af5aefa-72cc-478d-9dc8-5cf29e4a63e0-RaftLogWorker: Starting segment from index:0
2019-06-12 18:54:05,881 INFO  impl.RaftServerImpl (ServerState.java:setRaftConf(361)) - 4af5aefa-72cc-478d-9dc8-5cf29e4a63e0:group-7A9A39A3AAF2 set configuration 0: [4af5aefa-72cc-478d-9dc8-5cf29e4a63e0:192.168.46.15:43867], old=null at 0
2019-06-12 18:54:05,917 INFO  storage.RaftLogWorker (RaftLogWorker.java:execute(469)) - 4af5aefa-72cc-478d-9dc8-5cf29e4a63e0-RaftLogWorker: created new log segment /opt/src/hadoop-ozone/integration-test/target/test-dir/MiniOzoneClusterImpl-00b93388-e5ff-4a86-ae52-b128693da3ec/datanode-6/data/ratis/6fba352b-c387-437f-a853-7a9a39a3aaf2/current/log_inprogress_0
2019-06-12 18:54:05,963 INFO  rpc.RpcClient (RpcClient.java:createVolume(289)) - Creating Volume: watchforcommithandlingtest, with root as owner.
2019-06-12 18:54:05,992 INFO  rpc.RpcClient (RpcClient.java:createBucket(426)) - Creating Bucket: watchforcommithandlingtest/watchforcommithandlingtest, with Versioning false and Storage Type set to DISK and Encryption set to false 
2019-06-12 18:54:06,001 INFO  ozone.MiniOzoneClusterImpl (MiniOzoneClusterImpl.java:getStorageContainerLocationClient(241)) - Creating StorageContainerLocationProtocol RPC client with address /0.0.0.0:34407
2019-06-12 18:54:06,146 INFO  client.GrpcClientProtocolClient (GrpcClientProtocolClient.java:onNext(254)) - client-6130FD78A6EC->f616be8b-2cb6-4612-a9ca-ba2d9f0c2702: receive RaftClientReply:client-6130FD78A6EC->f616be8b-2cb6-4612-a9ca-ba2d9f0c2702@group-4EAABE9F7ADA, cid=13, FAILED org.apache.ratis.protocol.NotLeaderException: Server f616be8b-2cb6-4612-a9ca-ba2d9f0c2702 is not the leader (8fae5783-13da-42ff-9496-269e290418f3:192.168.46.15:40849). Request must be sent to leader., logIndex=0, commits[f616be8b-2cb6-4612-a9ca-ba2d9f0c2702:c0, 94673d78-aa6f-49ab-af4c-5980bc85e10b:c-1, 8fae5783-13da-42ff-9496-269e290418f3:c0]
2019-06-12 18:54:06,157 WARN  client.GrpcClientProtocolService (LogUtils.java:warn(134)) - 0-OrderedRequestStreamObserver0: onError: org.apache.ratis.thirdparty.io.grpc.StatusRuntimeException: CANCELLED: cancelled before receiving half close
2019-06-12 18:54:06,736 INFO  impl.FollowerState (FollowerState.java:run(101)) - 27ac8c9c-4e95-4c30-a6ea-108f8e4da263:group-632DA9310B3B changes to CANDIDATE, lastRpcTime:1039, electionTimeout:1039ms
2019-06-12 18:54:06,737 INFO  impl.RoleInfo (RoleInfo.java:shutdownFollowerState(121)) - 27ac8c9c-4e95-4c30-a6ea-108f8e4da263: shutdown FollowerState
2019-06-12 18:54:06,737 INFO  impl.RaftServerImpl (RaftServerImpl.java:setRole(164)) - 27ac8c9c-4e95-4c30-a6ea-108f8e4da263:group-632DA9310B3B changes role from FOLLOWER to CANDIDATE at term 2 for changeToCandidate
2019-06-12 18:54:06,737 INFO  impl.RoleInfo (RoleInfo.java:updateAndGet(143)) - 27ac8c9c-4e95-4c30-a6ea-108f8e4da263: start LeaderElection
2019-06-12 18:54:06,741 INFO  impl.LeaderElection (LeaderElection.java:askForVotes(181)) - 27ac8c9c-4e95-4c30-a6ea-108f8e4da263:group-632DA9310B3B:LeaderElection12: begin an election at term 3 for -1: [1cf6edce-a6fa-4eef-b65d-a3e567c1c9eb:192.168.46.15:39717, dccb0fc5-c443-4a9d-a024-c6f8ee0e3840:192.168.46.15:35749, 27ac8c9c-4e95-4c30-a6ea-108f8e4da263:192.168.46.15:37849], old=null
2019-06-12 18:54:06,745 INFO  impl.RaftServerImpl (RaftServerImpl.java:setRole(164)) - dccb0fc5-c443-4a9d-a024-c6f8ee0e3840:group-632DA9310B3B changes role from FOLLOWER to FOLLOWER at term 3 for recognizeCandidate:27ac8c9c-4e95-4c30-a6ea-108f8e4da263
2019-06-12 18:54:06,745 INFO  impl.RoleInfo (RoleInfo.java:shutdownFollowerState(121)) - dccb0fc5-c443-4a9d-a024-c6f8ee0e3840: shutdown FollowerState
2019-06-12 18:54:06,745 INFO  impl.RoleInfo (RoleInfo.java:updateAndGet(143)) - dccb0fc5-c443-4a9d-a024-c6f8ee0e3840: start FollowerState
2019-06-12 18:54:06,745 INFO  impl.FollowerState (FollowerState.java:run(109)) - dccb0fc5-c443-4a9d-a024-c6f8ee0e3840: FollowerState was interrupted: java.lang.InterruptedException: sleep interrupted
2019-06-12 18:54:06,751 INFO  impl.RaftServerImpl (RaftServerImpl.java:setRole(164)) - 1cf6edce-a6fa-4eef-b65d-a3e567c1c9eb:group-632DA9310B3B changes role from FOLLOWER to FOLLOWER at term 3 for recognizeCandidate:27ac8c9c-4e95-4c30-a6ea-108f8e4da263
2019-06-12 18:54:06,751 INFO  impl.RoleInfo (RoleInfo.java:shutdownFollowerState(121)) - 1cf6edce-a6fa-4eef-b65d-a3e567c1c9eb: shutdown FollowerState
2019-06-12 18:54:06,751 INFO  impl.RoleInfo (RoleInfo.java:updateAndGet(143)) - 1cf6edce-a6fa-4eef-b65d-a3e567c1c9eb: start FollowerState
2019-06-12 18:54:06,751 INFO  impl.FollowerState (FollowerState.java:run(109)) - 1cf6edce-a6fa-4eef-b65d-a3e567c1c9eb: FollowerState was interrupted: java.lang.InterruptedException: sleep interrupted
2019-06-12 18:54:06,753 INFO  impl.LeaderElection (LeaderElection.java:logAndReturn(56)) - 27ac8c9c-4e95-4c30-a6ea-108f8e4da263:group-632DA9310B3B:LeaderElection12: Election PASSED; received 1 response(s) [27ac8c9c-4e95-4c30-a6ea-108f8e4da263->dccb0fc5-c443-4a9d-a024-c6f8ee0e3840,true-t3] and 0 exception(s); 27ac8c9c-4e95-4c30-a6ea-108f8e4da263:t3, leader=null, voted=27ac8c9c-4e95-4c30-a6ea-108f8e4da263, raftlog=27ac8c9c-4e95-4c30-a6ea-108f8e4da263-SegmentedRaftLog:OPENED:c-1,f-1,i0, conf=-1: [1cf6edce-a6fa-4eef-b65d-a3e567c1c9eb:192.168.46.15:39717, dccb0fc5-c443-4a9d-a024-c6f8ee0e3840:192.168.46.15:35749, 27ac8c9c-4e95-4c30-a6ea-108f8e4da263:192.168.46.15:37849], old=null
2019-06-12 18:54:06,754 INFO  impl.RoleInfo (RoleInfo.java:shutdownLeaderElection(134)) - 27ac8c9c-4e95-4c30-a6ea-108f8e4da263: shutdown LeaderElection
2019-06-12 18:54:06,754 INFO  impl.RaftServerImpl (RaftServerImpl.java:setRole(164)) - 27ac8c9c-4e95-4c30-a6ea-108f8e4da263:group-632DA9310B3B changes role from CANDIDATE to LEADER at term 3 for changeToLeader
2019-06-12 18:54:06,755 INFO  impl.RaftServerImpl (ServerState.java:setLeader(263)) - 27ac8c9c-4e95-4c30-a6ea-108f8e4da263:group-632DA9310B3B change Leader from null to 27ac8c9c-4e95-4c30-a6ea-108f8e4da263 at term 3 for becomeLeader, leader elected after 2126ms
2019-06-12 18:54:06,755 INFO  server.RaftServerConfigKeys (ConfUtils.java:logGet(43)) - raft.server.staging.catchup.gap = 1000 (default)
2019-06-12 18:54:06,755 INFO  server.RaftServerConfigKeys (ConfUtils.java:logGet(43)) - raft.server.rpc.sleep.time = 25ms (default)
2019-06-12 18:54:06,757 INFO  server.RaftServerConfigKeys (ConfUtils.java:logGet(43)) - raft.server.watch.timeout = 10s (default)
2019-06-12 18:54:06,757 INFO  server.RaftServerConfigKeys (ConfUtils.java:logGet(43)) - raft.server.watch.timeout.denomination = 1s (default)
2019-06-12 18:54:06,759 INFO  server.RaftServerConfigKeys (ConfUtils.java:logGet(43)) - raft.server.log.appender.snapshot.chunk.size.max = 16MB (=16777216) (default)
2019-06-12 18:54:06,759 INFO  server.RaftServerConfigKeys (ConfUtils.java:logGet(43)) - raft.server.log.appender.buffer.byte-limit = 33554432 (custom)
2019-06-12 18:54:06,759 INFO  server.RaftServerConfigKeys (ConfUtils.java:logGet(43)) - raft.server.log.appender.buffer.element-limit = 1 (custom)
2019-06-12 18:54:06,759 INFO  grpc.GrpcConfigKeys$Server (ConfUtils.java:logGet(43)) - raft.grpc.server.leader.outstanding.appends.max = 128 (default)
2019-06-12 18:54:06,760 INFO  server.RaftServerConfigKeys (ConfUtils.java:logGet(43)) - raft.server.rpc.request.timeout = 3000ms (default)
2019-06-12 18:54:06,760 INFO  server.RaftServerConfigKeys (ConfUtils.java:logGet(43)) - raft.server.log.appender.install.snapshot.enabled = true (default)
2019-06-12 18:54:06,760 INFO  server.RaftServerConfigKeys (ConfUtils.java:logGet(43)) - raft.server.log.appender.snapshot.chunk.size.max = 16MB (=16777216) (default)
2019-06-12 18:54:06,760 INFO  server.RaftServerConfigKeys (ConfUtils.java:logGet(43)) - raft.server.log.appender.buffer.byte-limit = 33554432 (custom)
2019-06-12 18:54:06,760 INFO  server.RaftServerConfigKeys (ConfUtils.java:logGet(43)) - raft.server.log.appender.buffer.element-limit = 1 (custom)
2019-06-12 18:54:06,760 INFO  grpc.GrpcConfigKeys$Server (ConfUtils.java:logGet(43)) - raft.grpc.server.leader.outstanding.appends.max = 128 (default)
2019-06-12 18:54:06,760 INFO  server.RaftServerConfigKeys (ConfUtils.java:logGet(43)) - raft.server.rpc.request.timeout = 3000ms (default)
2019-06-12 18:54:06,760 INFO  server.RaftServerConfigKeys (ConfUtils.java:logGet(43)) - raft.server.log.appender.install.snapshot.enabled = true (default)
2019-06-12 18:54:06,760 INFO  impl.RoleInfo (RoleInfo.java:updateAndGet(143)) - 27ac8c9c-4e95-4c30-a6ea-108f8e4da263: start LeaderState
2019-06-12 18:54:06,760 INFO  storage.RaftLogWorker (RaftLogWorker.java:startLogSegment(298)) - 27ac8c9c-4e95-4c30-a6ea-108f8e4da263-RaftLogWorker: Starting segment from index:0
2019-06-12 18:54:06,763 INFO  impl.RaftServerImpl (ServerState.java:setRaftConf(361)) - 27ac8c9c-4e95-4c30-a6ea-108f8e4da263:group-632DA9310B3B set configuration 0: [1cf6edce-a6fa-4eef-b65d-a3e567c1c9eb:192.168.46.15:39717, dccb0fc5-c443-4a9d-a024-c6f8ee0e3840:192.168.46.15:35749, 27ac8c9c-4e95-4c30-a6ea-108f8e4da263:192.168.46.15:37849], old=null at 0
2019-06-12 18:54:06,781 INFO  impl.RaftServerImpl (ServerState.java:setLeader(263)) - dccb0fc5-c443-4a9d-a024-c6f8ee0e3840:group-632DA9310B3B change Leader from null to 27ac8c9c-4e95-4c30-a6ea-108f8e4da263 at term 3 for appendEntries, leader elected after 1023ms
2019-06-12 18:54:06,796 INFO  impl.RaftServerImpl (ServerState.java:setLeader(263)) - 1cf6edce-a6fa-4eef-b65d-a3e567c1c9eb:group-632DA9310B3B change Leader from null to 27ac8c9c-4e95-4c30-a6ea-108f8e4da263 at term 3 for appendEntries, leader elected after 1059ms
2019-06-12 18:54:06,798 INFO  storage.RaftLogWorker (RaftLogWorker.java:execute(469)) - 27ac8c9c-4e95-4c30-a6ea-108f8e4da263-RaftLogWorker: created new log segment /opt/src/hadoop-ozone/integration-test/target/test-dir/MiniOzoneClusterImpl-00b93388-e5ff-4a86-ae52-b128693da3ec/datanode-5/data/ratis/0321db64-972c-4aca-951e-632da9310b3b/current/log_inprogress_0
2019-06-12 18:54:06,798 INFO  impl.RaftServerImpl (ServerState.java:setRaftConf(361)) - dccb0fc5-c443-4a9d-a024-c6f8ee0e3840:group-632DA9310B3B set configuration 0: [1cf6edce-a6fa-4eef-b65d-a3e567c1c9eb:192.168.46.15:39717, dccb0fc5-c443-4a9d-a024-c6f8ee0e3840:192.168.46.15:35749, 27ac8c9c-4e95-4c30-a6ea-108f8e4da263:192.168.46.15:37849], old=null at 0
2019-06-12 18:54:06,799 INFO  impl.RaftServerImpl (ServerState.java:setRaftConf(361)) - 1cf6edce-a6fa-4eef-b65d-a3e567c1c9eb:group-632DA9310B3B set configuration 0: [1cf6edce-a6fa-4eef-b65d-a3e567c1c9eb:192.168.46.15:39717, dccb0fc5-c443-4a9d-a024-c6f8ee0e3840:192.168.46.15:35749, 27ac8c9c-4e95-4c30-a6ea-108f8e4da263:192.168.46.15:37849], old=null at 0
2019-06-12 18:54:06,799 INFO  storage.RaftLogWorker (RaftLogWorker.java:startLogSegment(298)) - dccb0fc5-c443-4a9d-a024-c6f8ee0e3840-RaftLogWorker: Starting segment from index:0
2019-06-12 18:54:06,801 INFO  storage.RaftLogWorker (RaftLogWorker.java:truncate(314)) - 1cf6edce-a6fa-4eef-b65d-a3e567c1c9eb-RaftLogWorker: Truncating segments toTruncate: null
  toDelete: [(0, 0) isOpen? true, length=0, newEndIndex=-1], start index 0
2019-06-12 18:54:06,801 INFO  storage.RaftLogWorker (RaftLogWorker.java:startLogSegment(298)) - 1cf6edce-a6fa-4eef-b65d-a3e567c1c9eb-RaftLogWorker: Starting segment from index:0
2019-06-12 18:54:06,802 INFO  storage.RaftLogWorker (RaftLogWorker.java:execute(533)) - 1cf6edce-a6fa-4eef-b65d-a3e567c1c9eb-RaftLogWorker: Deleted log file /opt/src/hadoop-ozone/integration-test/target/test-dir/MiniOzoneClusterImpl-00b93388-e5ff-4a86-ae52-b128693da3ec/datanode-2/data/ratis/0321db64-972c-4aca-951e-632da9310b3b/current/log_inprogress_0
2019-06-12 18:54:06,840 INFO  storage.RaftLogWorker (RaftLogWorker.java:execute(469)) - dccb0fc5-c443-4a9d-a024-c6f8ee0e3840-RaftLogWorker: created new log segment /opt/src/hadoop-ozone/integration-test/target/test-dir/MiniOzoneClusterImpl-00b93388-e5ff-4a86-ae52-b128693da3ec/datanode-4/data/ratis/0321db64-972c-4aca-951e-632da9310b3b/current/log_inprogress_0
2019-06-12 18:54:06,842 INFO  storage.RaftLogWorker (RaftLogWorker.java:execute(469)) - 1cf6edce-a6fa-4eef-b65d-a3e567c1c9eb-RaftLogWorker: created new log segment /opt/src/hadoop-ozone/integration-test/target/test-dir/MiniOzoneClusterImpl-00b93388-e5ff-4a86-ae52-b128693da3ec/datanode-2/data/ratis/0321db64-972c-4aca-951e-632da9310b3b/current/log_inprogress_0
2019-06-12 18:54:07,171 INFO  client.GrpcClientProtocolClient (GrpcClientProtocolClient.java:onNext(254)) - client-6130FD78A6EC->94673d78-aa6f-49ab-af4c-5980bc85e10b: receive RaftClientReply:client-6130FD78A6EC->94673d78-aa6f-49ab-af4c-5980bc85e10b@group-4EAABE9F7ADA, cid=13, FAILED org.apache.ratis.protocol.NotLeaderException: Server 94673d78-aa6f-49ab-af4c-5980bc85e10b is not the leader (8fae5783-13da-42ff-9496-269e290418f3:192.168.46.15:40849). Request must be sent to leader., logIndex=0, commits[94673d78-aa6f-49ab-af4c-5980bc85e10b:c0, f616be8b-2cb6-4612-a9ca-ba2d9f0c2702:c0, 8fae5783-13da-42ff-9496-269e290418f3:c0]
2019-06-12 18:54:07,174 WARN  client.GrpcClientProtocolService (LogUtils.java:warn(134)) - 0-OrderedRequestStreamObserver0: onError: org.apache.ratis.thirdparty.io.grpc.StatusRuntimeException: CANCELLED: cancelled before receiving half close
2019-06-12 18:54:08,181 INFO  client.GrpcClientProtocolClient (GrpcClientProtocolClient.java:onNext(254)) - client-6130FD78A6EC->f616be8b-2cb6-4612-a9ca-ba2d9f0c2702: receive RaftClientReply:client-6130FD78A6EC->f616be8b-2cb6-4612-a9ca-ba2d9f0c2702@group-4EAABE9F7ADA, cid=13, FAILED org.apache.ratis.protocol.NotLeaderException: Server f616be8b-2cb6-4612-a9ca-ba2d9f0c2702 is not the leader (8fae5783-13da-42ff-9496-269e290418f3:192.168.46.15:40849). Request must be sent to leader., logIndex=0, commits[f616be8b-2cb6-4612-a9ca-ba2d9f0c2702:c0, 94673d78-aa6f-49ab-af4c-5980bc85e10b:c0, 8fae5783-13da-42ff-9496-269e290418f3:c0]
2019-06-12 18:54:08,184 WARN  client.GrpcClientProtocolService (LogUtils.java:warn(134)) - 1-OrderedRequestStreamObserver1: onError: org.apache.ratis.thirdparty.io.grpc.StatusRuntimeException: CANCELLED: cancelled before receiving half close
2019-06-12 18:54:09,192 INFO  client.GrpcClientProtocolClient (GrpcClientProtocolClient.java:onNext(254)) - client-6130FD78A6EC->94673d78-aa6f-49ab-af4c-5980bc85e10b: receive RaftClientReply:client-6130FD78A6EC->94673d78-aa6f-49ab-af4c-5980bc85e10b@group-4EAABE9F7ADA, cid=13, FAILED org.apache.ratis.protocol.NotLeaderException: Server 94673d78-aa6f-49ab-af4c-5980bc85e10b is not the leader (8fae5783-13da-42ff-9496-269e290418f3:192.168.46.15:40849). Request must be sent to leader., logIndex=0, commits[94673d78-aa6f-49ab-af4c-5980bc85e10b:c0, f616be8b-2cb6-4612-a9ca-ba2d9f0c2702:c0, 8fae5783-13da-42ff-9496-269e290418f3:c0]
2019-06-12 18:54:09,195 WARN  client.GrpcClientProtocolService (LogUtils.java:warn(134)) - 1-OrderedRequestStreamObserver1: onError: org.apache.ratis.thirdparty.io.grpc.StatusRuntimeException: CANCELLED: cancelled before receiving half close
2019-06-12 18:54:10,202 INFO  client.GrpcClientProtocolClient (GrpcClientProtocolClient.java:onNext(254)) - client-6130FD78A6EC->f616be8b-2cb6-4612-a9ca-ba2d9f0c2702: receive RaftClientReply:client-6130FD78A6EC->f616be8b-2cb6-4612-a9ca-ba2d9f0c2702@group-4EAABE9F7ADA, cid=13, FAILED org.apache.ratis.protocol.NotLeaderException: Server f616be8b-2cb6-4612-a9ca-ba2d9f0c2702 is not the leader (8fae5783-13da-42ff-9496-269e290418f3:192.168.46.15:40849). Request must be sent to leader., logIndex=0, commits[f616be8b-2cb6-4612-a9ca-ba2d9f0c2702:c0, 94673d78-aa6f-49ab-af4c-5980bc85e10b:c0, 8fae5783-13da-42ff-9496-269e290418f3:c0]
2019-06-12 18:54:10,205 WARN  client.GrpcClientProtocolService (LogUtils.java:warn(134)) - 2-OrderedRequestStreamObserver2: onError: org.apache.ratis.thirdparty.io.grpc.StatusRuntimeException: CANCELLED: cancelled before receiving half close
2019-06-12 18:54:11,215 INFO  client.GrpcClientProtocolClient (GrpcClientProtocolClient.java:onNext(254)) - client-6130FD78A6EC->94673d78-aa6f-49ab-af4c-5980bc85e10b: receive RaftClientReply:client-6130FD78A6EC->94673d78-aa6f-49ab-af4c-5980bc85e10b@group-4EAABE9F7ADA, cid=13, FAILED org.apache.ratis.protocol.NotLeaderException: Server 94673d78-aa6f-49ab-af4c-5980bc85e10b is not the leader (8fae5783-13da-42ff-9496-269e290418f3:192.168.46.15:40849). Request must be sent to leader., logIndex=0, commits[94673d78-aa6f-49ab-af4c-5980bc85e10b:c0, f616be8b-2cb6-4612-a9ca-ba2d9f0c2702:c0, 8fae5783-13da-42ff-9496-269e290418f3:c0]
2019-06-12 18:54:11,227 WARN  io.KeyOutputStream (KeyOutputStream.java:handleException(276)) - Encountered exception java.io.IOException: Unexpected Storage Container Exception: java.util.concurrent.CompletionException: java.util.concurrent.CompletionException: org.apache.ratis.protocol.RaftRetryFailureException: Failed RaftClientRequest:client-6130FD78A6EC->94673d78-aa6f-49ab-af4c-5980bc85e10b@group-4EAABE9F7ADA, cid=13, seq=1*, RW, org.apache.hadoop.hdds.scm.XceiverClientRatis$$Lambda$430/351108575@328f8bcd for 5 attempts with RetryLimited(maxAttempts=5, sleepTime=1000ms) on the pipeline Pipeline[ Id: 4fbb4260-9d9d-4e46-96a5-4eaabe9f7ada, Nodes: f616be8b-2cb6-4612-a9ca-ba2d9f0c2702{ip: 192.168.46.15, host: ozone-hw5hf-1599250011, networkLocation: /default-rack, certSerialId: null}8fae5783-13da-42ff-9496-269e290418f3{ip: 192.168.46.15, host: ozone-hw5hf-1599250011, networkLocation: /default-rack, certSerialId: null}94673d78-aa6f-49ab-af4c-5980bc85e10b{ip: 192.168.46.15, host: ozone-hw5hf-1599250011, networkLocation: /default-rack, certSerialId: null}, Type:RATIS, Factor:THREE, State:OPEN]. The last committed block length is 0, uncommitted data length is 400 retry count 0
2019-06-12 18:54:11,233 WARN  client.GrpcClientProtocolService (LogUtils.java:warn(134)) - 2-OrderedRequestStreamObserver2: onError: org.apache.ratis.thirdparty.io.grpc.StatusRuntimeException: CANCELLED: cancelled before receiving half close
2019-06-12 18:54:11,252 INFO  client.GrpcClientProtocolClient (GrpcClientProtocolClient.java:onNext(254)) - client-34D812623E1A->dccb0fc5-c443-4a9d-a024-c6f8ee0e3840: receive RaftClientReply:client-34D812623E1A->dccb0fc5-c443-4a9d-a024-c6f8ee0e3840@group-632DA9310B3B, cid=19, FAILED org.apache.ratis.protocol.NotLeaderException: Server dccb0fc5-c443-4a9d-a024-c6f8ee0e3840 is not the leader (27ac8c9c-4e95-4c30-a6ea-108f8e4da263:192.168.46.15:37849). Request must be sent to leader., logIndex=0, commits[dccb0fc5-c443-4a9d-a024-c6f8ee0e3840:c0, 1cf6edce-a6fa-4eef-b65d-a3e567c1c9eb:c0, 27ac8c9c-4e95-4c30-a6ea-108f8e4da263:c0]
2019-06-12 18:54:11,256 WARN  client.GrpcClientProtocolService (LogUtils.java:warn(134)) - 0-OrderedRequestStreamObserver0: onError: org.apache.ratis.thirdparty.io.grpc.StatusRuntimeException: CANCELLED: cancelled before receiving half close
2019-06-12 18:54:12,379 INFO  client.GrpcClientProtocolClient (GrpcClientProtocolClient.java:onNext(254)) - client-34D812623E1A->27ac8c9c-4e95-4c30-a6ea-108f8e4da263: receive RaftClientReply:client-34D812623E1A->27ac8c9c-4e95-4c30-a6ea-108f8e4da263@group-632DA9310B3B, cid=19, SUCCESS, logIndex=1, commits[27ac8c9c-4e95-4c30-a6ea-108f8e4da263:c1, 1cf6edce-a6fa-4eef-b65d-a3e567c1c9eb:c0, dccb0fc5-c443-4a9d-a024-c6f8ee0e3840:c0]
2019-06-12 18:54:12,394 INFO  client.GrpcClientProtocolClient (GrpcClientProtocolClient.java:onNext(254)) - client-34D812623E1A->27ac8c9c-4e95-4c30-a6ea-108f8e4da263: receive RaftClientReply:client-34D812623E1A->27ac8c9c-4e95-4c30-a6ea-108f8e4da263@group-632DA9310B3B, cid=20, SUCCESS, logIndex=3, commits[27ac8c9c-4e95-4c30-a6ea-108f8e4da263:c3, 1cf6edce-a6fa-4eef-b65d-a3e567c1c9eb:c2, dccb0fc5-c443-4a9d-a024-c6f8ee0e3840:c2]
2019-06-12 18:54:12,439 INFO  client.GrpcClientProtocolClient (GrpcClientProtocolClient.java:onNext(254)) - client-34D812623E1A->27ac8c9c-4e95-4c30-a6ea-108f8e4da263: receive RaftClientReply:client-34D812623E1A->27ac8c9c-4e95-4c30-a6ea-108f8e4da263@group-632DA9310B3B, cid=21, SUCCESS, logIndex=5, commits[27ac8c9c-4e95-4c30-a6ea-108f8e4da263:c12, 1cf6edce-a6fa-4eef-b65d-a3e567c1c9eb:c9, dccb0fc5-c443-4a9d-a024-c6f8ee0e3840:c9]
2019-06-12 18:54:12,447 INFO  client.GrpcClientProtocolClient (GrpcClientProtocolClient.java:onNext(254)) - client-34D812623E1A->27ac8c9c-4e95-4c30-a6ea-108f8e4da263: receive RaftClientReply:client-34D812623E1A->27ac8c9c-4e95-4c30-a6ea-108f8e4da263@group-632DA9310B3B, cid=22, SUCCESS, logIndex=6, commits[27ac8c9c-4e95-4c30-a6ea-108f8e4da263:c12, 1cf6edce-a6fa-4eef-b65d-a3e567c1c9eb:c9, dccb0fc5-c443-4a9d-a024-c6f8ee0e3840:c9]
2019-06-12 18:54:12,455 INFO  client.GrpcClientProtocolClient (GrpcClientProtocolClient.java:onNext(254)) - client-34D812623E1A->27ac8c9c-4e95-4c30-a6ea-108f8e4da263: receive RaftClientReply:client-34D812623E1A->27ac8c9c-4e95-4c30-a6ea-108f8e4da263@group-632DA9310B3B, cid=23, SUCCESS, logIndex=7, commits[27ac8c9c-4e95-4c30-a6ea-108f8e4da263:c12, 1cf6edce-a6fa-4eef-b65d-a3e567c1c9eb:c9, dccb0fc5-c443-4a9d-a024-c6f8ee0e3840:c9]
2019-06-12 18:54:12,456 INFO  client.GrpcClientProtocolClient (GrpcClientProtocolClient.java:onNext(254)) - client-34D812623E1A->27ac8c9c-4e95-4c30-a6ea-108f8e4da263: receive RaftClientReply:client-34D812623E1A->27ac8c9c-4e95-4c30-a6ea-108f8e4da263@group-632DA9310B3B, cid=24, SUCCESS, logIndex=9, commits[27ac8c9c-4e95-4c30-a6ea-108f8e4da263:c12, 1cf6edce-a6fa-4eef-b65d-a3e567c1c9eb:c9, dccb0fc5-c443-4a9d-a024-c6f8ee0e3840:c9]
]]></system-out>
    <system-err><![CDATA[ERROR StatusLogger No Log4j 2 configuration file found. Using default configuration (logging only errors to the console), or user programmatically provided configurations. Set system property 'log4j2.debug' to show Log4j 2 internal initialization logging. See https://logging.apache.org/log4j/2.x/manual/configuration.html for instructions on how to configure Log4j 2
Jun 12, 2019 6:53:58 PM com.sun.jersey.server.impl.application.WebApplicationImpl _initiate
INFO: Initiating Jersey application, version 'Jersey: 1.19 02/11/2015 03:25 AM'
Jun 12, 2019 6:53:59 PM com.sun.jersey.server.impl.application.WebApplicationImpl _initiate
INFO: Initiating Jersey application, version 'Jersey: 1.19 02/11/2015 03:25 AM'
Jun 12, 2019 6:53:59 PM com.sun.jersey.server.impl.application.WebApplicationImpl _initiate
INFO: Initiating Jersey application, version 'Jersey: 1.19 02/11/2015 03:25 AM'
Jun 12, 2019 6:54:00 PM com.sun.jersey.server.impl.application.WebApplicationImpl _initiate
INFO: Initiating Jersey application, version 'Jersey: 1.19 02/11/2015 03:25 AM'
Jun 12, 2019 6:54:00 PM com.sun.jersey.server.impl.application.WebApplicationImpl _initiate
INFO: Initiating Jersey application, version 'Jersey: 1.19 02/11/2015 03:25 AM'
Jun 12, 2019 6:54:00 PM com.sun.jersey.server.impl.application.WebApplicationImpl _initiate
INFO: Initiating Jersey application, version 'Jersey: 1.19 02/11/2015 03:25 AM'
Jun 12, 2019 6:54:00 PM com.sun.jersey.server.impl.application.WebApplicationImpl _initiate
INFO: Initiating Jersey application, version 'Jersey: 1.19 02/11/2015 03:25 AM'
]]></system-err>
  </testcase>
  <testcase name="testWatchForCommitWithSmallerTimeoutValue" classname="org.apache.hadoop.ozone.client.rpc.TestWatchForCommit" time="14.205"/>
  <testcase name="testWatchForCommitForRetryfailure" classname="org.apache.hadoop.ozone.client.rpc.TestWatchForCommit" time="28.371"/>
  <testcase name="testWatchForCommitForGroupMismatchException" classname="org.apache.hadoop.ozone.client.rpc.TestWatchForCommit" time="8.924"/>
  <testcase name="test2WayCommitForTimeoutException" classname="org.apache.hadoop.ozone.client.rpc.TestWatchForCommit" time="15.653">
    <error message="org.apache.ratis.protocol.RaftRetryFailureException: Failed RaftClientRequest:client-ACDFBF9BFE93-&gt;f6ecdc3d-2786-4422-8e00-2885a3c970d1@group-9F71F074B3CC, cid=91, seq=1*, RW, org.apache.hadoop.hdds.scm.XceiverClientRatis$$Lambda$430/351108575@6ffe7fd5 for 10 attempts with RetryLimited(maxAttempts=10, sleepTime=1000ms)" type="java.util.concurrent.ExecutionException">java.util.concurrent.ExecutionException: org.apache.ratis.protocol.RaftRetryFailureException: Failed RaftClientRequest:client-ACDFBF9BFE93->f6ecdc3d-2786-4422-8e00-2885a3c970d1@group-9F71F074B3CC, cid=91, seq=1*, RW, org.apache.hadoop.hdds.scm.XceiverClientRatis$$Lambda$430/351108575@6ffe7fd5 for 10 attempts with RetryLimited(maxAttempts=10, sleepTime=1000ms)
	at java.util.concurrent.CompletableFuture.reportGet(CompletableFuture.java:357)
	at java.util.concurrent.CompletableFuture.get(CompletableFuture.java:1895)
	at org.apache.hadoop.ozone.client.rpc.TestWatchForCommit.test2WayCommitForTimeoutException(TestWatchForCommit.java:426)
	at sun.reflect.NativeMethodAccessorImpl.invoke0(Native Method)
	at sun.reflect.NativeMethodAccessorImpl.invoke(NativeMethodAccessorImpl.java:62)
	at sun.reflect.DelegatingMethodAccessorImpl.invoke(DelegatingMethodAccessorImpl.java:43)
	at java.lang.reflect.Method.invoke(Method.java:498)
	at org.junit.runners.model.FrameworkMethod$1.runReflectiveCall(FrameworkMethod.java:47)
	at org.junit.internal.runners.model.ReflectiveCallable.run(ReflectiveCallable.java:12)
	at org.junit.runners.model.FrameworkMethod.invokeExplosively(FrameworkMethod.java:44)
	at org.junit.internal.runners.statements.InvokeMethod.evaluate(InvokeMethod.java:17)
	at org.junit.runners.ParentRunner.runLeaf(ParentRunner.java:271)
	at org.junit.runners.BlockJUnit4ClassRunner.runChild(BlockJUnit4ClassRunner.java:70)
	at org.junit.runners.BlockJUnit4ClassRunner.runChild(BlockJUnit4ClassRunner.java:50)
	at org.junit.runners.ParentRunner$3.run(ParentRunner.java:238)
	at org.junit.runners.ParentRunner$1.schedule(ParentRunner.java:63)
	at org.junit.runners.ParentRunner.runChildren(ParentRunner.java:236)
	at org.junit.runners.ParentRunner.access$000(ParentRunner.java:53)
	at org.junit.runners.ParentRunner$2.evaluate(ParentRunner.java:229)
	at org.junit.runners.ParentRunner.run(ParentRunner.java:309)
	at org.apache.maven.surefire.junit4.JUnit4Provider.execute(JUnit4Provider.java:365)
	at org.apache.maven.surefire.junit4.JUnit4Provider.executeWithRerun(JUnit4Provider.java:273)
	at org.apache.maven.surefire.junit4.JUnit4Provider.executeTestSet(JUnit4Provider.java:238)
	at org.apache.maven.surefire.junit4.JUnit4Provider.invoke(JUnit4Provider.java:159)
	at org.apache.maven.surefire.booter.ForkedBooter.invokeProviderInSameClassLoader(ForkedBooter.java:384)
	at org.apache.maven.surefire.booter.ForkedBooter.runSuitesInProcess(ForkedBooter.java:345)
	at org.apache.maven.surefire.booter.ForkedBooter.execute(ForkedBooter.java:126)
	at org.apache.maven.surefire.booter.ForkedBooter.main(ForkedBooter.java:418)
Caused by: org.apache.ratis.protocol.RaftRetryFailureException: Failed RaftClientRequest:client-ACDFBF9BFE93->f6ecdc3d-2786-4422-8e00-2885a3c970d1@group-9F71F074B3CC, cid=91, seq=1*, RW, org.apache.hadoop.hdds.scm.XceiverClientRatis$$Lambda$430/351108575@6ffe7fd5 for 10 attempts with RetryLimited(maxAttempts=10, sleepTime=1000ms)
	at org.apache.ratis.client.impl.RaftClientImpl.newRaftRetryFailureException(RaftClientImpl.java:383)
	at org.apache.ratis.client.impl.RaftClientImpl.handleAsyncRetryFailure(RaftClientImpl.java:388)
	at org.apache.ratis.client.impl.RaftClientImpl.lambda$sendRequestAsync$14(RaftClientImpl.java:370)
	at java.util.concurrent.CompletableFuture.uniExceptionally(CompletableFuture.java:870)
	at java.util.concurrent.CompletableFuture$UniExceptionally.tryFire(CompletableFuture.java:852)
	at java.util.concurrent.CompletableFuture.postComplete(CompletableFuture.java:474)
	at java.util.concurrent.CompletableFuture.completeExceptionally(CompletableFuture.java:1977)
	at org.apache.ratis.grpc.client.GrpcClientProtocolClient$AsyncStreamObservers.completeReplyExceptionally(GrpcClientProtocolClient.java:329)
	at org.apache.ratis.grpc.client.GrpcClientProtocolClient$AsyncStreamObservers.access$000(GrpcClientProtocolClient.java:245)
	at org.apache.ratis.grpc.client.GrpcClientProtocolClient$AsyncStreamObservers$1.onNext(GrpcClientProtocolClient.java:257)
	at org.apache.ratis.grpc.client.GrpcClientProtocolClient$AsyncStreamObservers$1.onNext(GrpcClientProtocolClient.java:248)
	at org.apache.ratis.thirdparty.io.grpc.stub.ClientCalls$StreamObserverToCallListenerAdapter.onMessage(ClientCalls.java:421)
	at org.apache.ratis.thirdparty.io.grpc.ForwardingClientCallListener.onMessage(ForwardingClientCallListener.java:33)
	at org.apache.ratis.thirdparty.io.grpc.ForwardingClientCallListener.onMessage(ForwardingClientCallListener.java:33)
	at org.apache.ratis.thirdparty.io.grpc.internal.ClientCallImpl$ClientStreamListenerImpl$1MessagesAvailable.runInContext(ClientCallImpl.java:519)
	at org.apache.ratis.thirdparty.io.grpc.internal.ContextRunnable.run(ContextRunnable.java:37)
	at org.apache.ratis.thirdparty.io.grpc.internal.SerializingExecutor.run(SerializingExecutor.java:123)
	at java.util.concurrent.ThreadPoolExecutor.runWorker(ThreadPoolExecutor.java:1149)
	at java.util.concurrent.ThreadPoolExecutor$Worker.run(ThreadPoolExecutor.java:624)
	at java.lang.Thread.run(Thread.java:748)
</error>
    <system-out><![CDATA[2019-06-12 18:55:03,974 WARN  server.ServerUtils (ServerUtils.java:getScmDbDir(145)) - ozone.scm.db.dirs is not configured. We recommend adding this setting. Falling back to ozone.metadata.dirs instead.
2019-06-12 18:55:03,978 WARN  server.ServerUtils (ServerUtils.java:getScmDbDir(145)) - ozone.scm.db.dirs is not configured. We recommend adding this setting. Falling back to ozone.metadata.dirs instead.
2019-06-12 18:55:03,978 WARN  server.ServerUtils (ServerUtils.java:getScmDbDir(145)) - ozone.scm.db.dirs is not configured. We recommend adding this setting. Falling back to ozone.metadata.dirs instead.
2019-06-12 18:55:03,979 INFO  db.DBStoreBuilder (DBStoreBuilder.java:addTable(110)) - using custom profile for table: deletedBlocks
2019-06-12 18:55:03,979 INFO  db.DBStoreBuilder (DBStoreBuilder.java:processTables(161)) - Using default column profile:DBProfile.DISK for Table:deletedBlocks
2019-06-12 18:55:03,979 INFO  db.DBStoreBuilder (DBStoreBuilder.java:addTable(110)) - using custom profile for table: validCerts
2019-06-12 18:55:03,979 INFO  db.DBStoreBuilder (DBStoreBuilder.java:processTables(161)) - Using default column profile:DBProfile.DISK for Table:validCerts
2019-06-12 18:55:03,979 INFO  db.DBStoreBuilder (DBStoreBuilder.java:addTable(110)) - using custom profile for table: revokedCerts
2019-06-12 18:55:03,979 INFO  db.DBStoreBuilder (DBStoreBuilder.java:processTables(161)) - Using default column profile:DBProfile.DISK for Table:revokedCerts
2019-06-12 18:55:03,979 INFO  db.DBStoreBuilder (DBStoreBuilder.java:addTable(110)) - using custom profile for table: default
2019-06-12 18:55:03,979 INFO  db.DBStoreBuilder (DBStoreBuilder.java:processTables(167)) - Using default column profile:DBProfile.DISK for Table:default
2019-06-12 18:55:03,980 INFO  db.DBStoreBuilder (DBStoreBuilder.java:getDbProfile(198)) - Using default options. DBProfile.DISK
2019-06-12 18:55:04,017 WARN  server.ServerUtils (ServerUtils.java:sanitizeUserArgs(70)) - ozone.scm.stale.node.interval value = 300000 is larger than max = 100000 based on the key value of ozone.scm.heartbeat.thread.interval, reset to the max value 100000.
2019-06-12 18:55:04,017 WARN  server.ServerUtils (ServerUtils.java:sanitizeUserArgs(70)) - ozone.scm.stale.node.interval value = 300000 is larger than max = 100000 based on the key value of ozone.scm.heartbeat.thread.interval, reset to the max value 100000.
2019-06-12 18:55:04,018 INFO  node.SCMNodeManager (SCMNodeManager.java:<init>(108)) - Entering startup safe mode.
2019-06-12 18:55:04,018 INFO  net.NodeSchemaLoader (NodeSchemaLoader.java:loadSchemaFromFile(125)) - Loading file from sun.misc.CompoundEnumeration@37e28b20
2019-06-12 18:55:04,018 INFO  net.NodeSchemaLoader (NodeSchemaLoader.java:loadSchema(171)) - Loading network topology layer schema file
2019-06-12 18:55:04,020 WARN  server.ServerUtils (ServerUtils.java:getScmDbDir(145)) - ozone.scm.db.dirs is not configured. We recommend adding this setting. Falling back to ozone.metadata.dirs instead.
2019-06-12 18:55:04,033 INFO  pipeline.SCMPipelineManager (SCMPipelineManager.java:initializePipelineState(126)) - No pipeline exists in current db
2019-06-12 18:55:04,033 WARN  server.ServerUtils (ServerUtils.java:getScmDbDir(145)) - ozone.scm.db.dirs is not configured. We recommend adding this setting. Falling back to ozone.metadata.dirs instead.
2019-06-12 18:55:04,047 WARN  events.EventQueue (EventQueue.java:fireEvent(175)) - No event handler registered for event TypedEvent{payloadType=SafeModeStatus, name='SafeModeStatus'}
2019-06-12 18:55:04,047 INFO  ipc.CallQueueManager (CallQueueManager.java:<init>(84)) - Using callQueue: class java.util.concurrent.LinkedBlockingQueue, queueCapacity: 2000, scheduler: class org.apache.hadoop.ipc.DefaultRpcScheduler, ipcBackoff: false.
2019-06-12 18:55:04,048 INFO  ipc.Server (Server.java:run(1074)) - Starting Socket Reader #1 for port 36689
2019-06-12 18:55:04,050 INFO  ipc.CallQueueManager (CallQueueManager.java:<init>(84)) - Using callQueue: class java.util.concurrent.LinkedBlockingQueue, queueCapacity: 2000, scheduler: class org.apache.hadoop.ipc.DefaultRpcScheduler, ipcBackoff: false.
2019-06-12 18:55:04,050 INFO  ipc.Server (Server.java:run(1074)) - Starting Socket Reader #1 for port 36347
2019-06-12 18:55:04,056 INFO  ipc.CallQueueManager (CallQueueManager.java:<init>(84)) - Using callQueue: class java.util.concurrent.LinkedBlockingQueue, queueCapacity: 2000, scheduler: class org.apache.hadoop.ipc.DefaultRpcScheduler, ipcBackoff: false.
2019-06-12 18:55:04,056 INFO  ipc.Server (Server.java:run(1074)) - Starting Socket Reader #1 for port 43751
2019-06-12 18:55:04,059 INFO  hdfs.DFSUtil (DFSUtil.java:httpServerTemplateForNNAndJN(1641)) - Starting Web-server for scm at: http://0.0.0.0:0
2019-06-12 18:55:04,060 INFO  server.AuthenticationFilter (AuthenticationFilter.java:constructSecretProvider(240)) - Unable to initialize FileSignerSecretProvider, falling back to use random secrets.
2019-06-12 18:55:04,061 WARN  http.HttpRequestLog (HttpRequestLog.java:getRequestLog(97)) - Jetty request log can only be enabled using Log4j
2019-06-12 18:55:04,062 INFO  http.HttpServer2 (HttpServer2.java:addGlobalFilter(975)) - Added global filter 'safety' (class=org.apache.hadoop.http.HttpServer2$QuotingInputFilter)
2019-06-12 18:55:04,063 INFO  http.HttpServer2 (HttpServer2.java:addFilter(948)) - Added filter static_user_filter (class=org.apache.hadoop.http.lib.StaticUserWebFilter$StaticUserFilter) to context scm
2019-06-12 18:55:04,063 INFO  http.HttpServer2 (HttpServer2.java:addFilter(958)) - Added filter static_user_filter (class=org.apache.hadoop.http.lib.StaticUserWebFilter$StaticUserFilter) to context static
2019-06-12 18:55:04,063 INFO  http.HttpServer2 (HttpServer2.java:addFilter(958)) - Added filter static_user_filter (class=org.apache.hadoop.http.lib.StaticUserWebFilter$StaticUserFilter) to context logs
2019-06-12 18:55:04,066 INFO  server.StorageContainerManager (StorageContainerManager.java:start(752)) - StorageContainerLocationProtocol RPC server is listening at /0.0.0.0:43751
2019-06-12 18:55:04,067 INFO  impl.MetricsSystemImpl (MetricsSystemImpl.java:init(158)) - StorageContainerManager metrics system started (again)
2019-06-12 18:55:04,067 INFO  server.SCMClientProtocolServer (SCMClientProtocolServer.java:start(149)) - RPC server for Client  is listening at /0.0.0.0:43751
2019-06-12 18:55:04,067 INFO  ipc.Server (Server.java:run(1314)) - IPC Server Responder: starting
2019-06-12 18:55:04,074 INFO  ipc.Server (Server.java:run(1153)) - IPC Server listener on 43751: starting
2019-06-12 18:55:04,078 INFO  server.StorageContainerManager (StorageContainerManager.java:start(761)) - ScmBlockLocationProtocol RPC server is listening at /0.0.0.0:36347
2019-06-12 18:55:04,078 INFO  server.SCMBlockProtocolServer (SCMBlockProtocolServer.java:start(137)) - RPC server for Block Protocol is listening at /0.0.0.0:36347
2019-06-12 18:55:04,079 INFO  ipc.Server (Server.java:run(1153)) - IPC Server listener on 36347: starting
2019-06-12 18:55:04,079 INFO  ipc.Server (Server.java:run(1314)) - IPC Server Responder: starting
2019-06-12 18:55:04,080 INFO  server.StorageContainerManager (StorageContainerManager.java:start(765)) - ScmDatanodeProtocl RPC server is listening at /0.0.0.0:36689
2019-06-12 18:55:04,080 INFO  server.SCMDatanodeProtocolServer (SCMDatanodeProtocolServer.java:start(191)) - RPC server for DataNodes is listening at /0.0.0.0:36689
2019-06-12 18:55:04,080 INFO  ipc.Server (Server.java:run(1314)) - IPC Server Responder: starting
2019-06-12 18:55:04,080 INFO  ipc.Server (Server.java:run(1153)) - IPC Server listener on 36689: starting
2019-06-12 18:55:04,082 INFO  http.HttpServer2 (HttpServer2.java:bindListener(1191)) - Jetty bound to port 43773
2019-06-12 18:55:04,082 INFO  server.Server (Server.java:doStart(351)) - jetty-9.3.24.v20180605, build timestamp: 2018-06-05T17:11:56Z, git hash: 84205aa28f11a4f31f2a3b86d1bba2cc8ab69827
2019-06-12 18:55:04,083 INFO  handler.ContextHandler (ContextHandler.java:doStart(781)) - Started o.e.j.s.ServletContextHandler@514c6ca0{/logs,file:///opt/src/hadoop-ozone/integration-test/target/log,AVAILABLE}
2019-06-12 18:55:04,089 INFO  handler.ContextHandler (ContextHandler.java:doStart(781)) - Started o.e.j.s.ServletContextHandler@40ef385f{/static,file:///opt/src/hadoop-ozone/integration-test/target/test-classes/webapps/static,AVAILABLE}
2019-06-12 18:55:04,094 INFO  handler.ContextHandler (ContextHandler.java:doStart(781)) - Started o.e.j.w.WebAppContext@3b1a3125{/,file:///opt/src/hadoop-ozone/integration-test/target/test-classes/webapps/scm/,AVAILABLE}{/scm}
2019-06-12 18:55:04,094 INFO  server.AbstractConnector (AbstractConnector.java:doStart(278)) - Started ServerConnector@4199761d{HTTP/1.1,[http/1.1]}{0.0.0.0:43773}
2019-06-12 18:55:04,096 INFO  server.Server (Server.java:doStart(419)) - Started @68444ms
2019-06-12 18:55:04,096 INFO  server.BaseHttpServer (BaseHttpServer.java:updateConnectorAddress(207)) - HTTP server of SCM is listening at http://0.0.0.0:43773
2019-06-12 18:55:04,099 WARN  scm.ScmUtils (ScmUtils.java:getDBPath(63)) - ozone.om.db.dirs is not configured. We recommend adding this setting. Falling back to ozone.metadata.dirs instead.
2019-06-12 18:55:04,101 WARN  scm.ScmUtils (ScmUtils.java:getDBPath(63)) - ozone.om.db.dirs is not configured. We recommend adding this setting. Falling back to ozone.metadata.dirs instead.
2019-06-12 18:55:04,101 INFO  util.JvmPauseMonitor (JvmPauseMonitor.java:run(188)) - Starting JVM pause monitor
2019-06-12 18:55:04,102 INFO  om.OzoneManager (OzoneManager.java:setOMNodeDetails(519)) - OM Service ID is not set. Setting it to the default ID: omServiceIdDefault
2019-06-12 18:55:04,102 INFO  om.OzoneManager (OzoneManager.java:setOMNodeDetails(525)) - OM Node ID is not set. Setting it to the OmStorage's OmID: 569b97c0-ab9b-4756-a79a-0f305f6bae36
2019-06-12 18:55:04,102 WARN  scm.HddsServerUtil (HddsServerUtil.java:getDefaultRatisDirectory(354)) - Storage directory for Ratis is not configured. It is a good idea to map this to an SSD disk. Falling back to ozone.metadata.dirs
2019-06-12 18:55:04,102 WARN  scm.HddsServerUtil (HddsServerUtil.java:getDefaultRatisDirectory(354)) - Storage directory for Ratis is not configured. It is a good idea to map this to an SSD disk. Falling back to ozone.metadata.dirs
2019-06-12 18:55:04,103 INFO  om.OzoneManager (OzoneManager.java:loadOMHAConfigs(476)) - Found matching OM address with OMServiceId: null, OMNodeId: null, RPC Address: localhost:0 and Ratis port: 9872
2019-06-12 18:55:04,113 WARN  scm.ScmUtils (ScmUtils.java:getDBPath(63)) - ozone.om.db.dirs is not configured. We recommend adding this setting. Falling back to ozone.metadata.dirs instead.
2019-06-12 18:55:04,113 INFO  db.DBStoreBuilder (DBStoreBuilder.java:addTable(110)) - using custom profile for table: userTable
2019-06-12 18:55:04,113 INFO  db.DBStoreBuilder (DBStoreBuilder.java:processTables(161)) - Using default column profile:DBProfile.DISK for Table:userTable
2019-06-12 18:55:04,113 INFO  db.DBStoreBuilder (DBStoreBuilder.java:addTable(110)) - using custom profile for table: volumeTable
2019-06-12 18:55:04,113 INFO  db.DBStoreBuilder (DBStoreBuilder.java:processTables(161)) - Using default column profile:DBProfile.DISK for Table:volumeTable
2019-06-12 18:55:04,114 INFO  db.DBStoreBuilder (DBStoreBuilder.java:addTable(110)) - using custom profile for table: bucketTable
2019-06-12 18:55:04,114 INFO  db.DBStoreBuilder (DBStoreBuilder.java:processTables(161)) - Using default column profile:DBProfile.DISK for Table:bucketTable
2019-06-12 18:55:04,114 INFO  db.DBStoreBuilder (DBStoreBuilder.java:addTable(110)) - using custom profile for table: keyTable
2019-06-12 18:55:04,114 INFO  db.DBStoreBuilder (DBStoreBuilder.java:processTables(161)) - Using default column profile:DBProfile.DISK for Table:keyTable
2019-06-12 18:55:04,114 INFO  db.DBStoreBuilder (DBStoreBuilder.java:addTable(110)) - using custom profile for table: deletedTable
2019-06-12 18:55:04,114 INFO  db.DBStoreBuilder (DBStoreBuilder.java:processTables(161)) - Using default column profile:DBProfile.DISK for Table:deletedTable
2019-06-12 18:55:04,115 INFO  db.DBStoreBuilder (DBStoreBuilder.java:addTable(110)) - using custom profile for table: openKeyTable
2019-06-12 18:55:04,115 INFO  db.DBStoreBuilder (DBStoreBuilder.java:processTables(161)) - Using default column profile:DBProfile.DISK for Table:openKeyTable
2019-06-12 18:55:04,115 INFO  db.DBStoreBuilder (DBStoreBuilder.java:addTable(110)) - using custom profile for table: s3Table
2019-06-12 18:55:04,115 INFO  db.DBStoreBuilder (DBStoreBuilder.java:processTables(161)) - Using default column profile:DBProfile.DISK for Table:s3Table
2019-06-12 18:55:04,115 INFO  db.DBStoreBuilder (DBStoreBuilder.java:addTable(110)) - using custom profile for table: multipartInfoTable
2019-06-12 18:55:04,115 INFO  db.DBStoreBuilder (DBStoreBuilder.java:processTables(161)) - Using default column profile:DBProfile.DISK for Table:multipartInfoTable
2019-06-12 18:55:04,116 INFO  db.DBStoreBuilder (DBStoreBuilder.java:addTable(110)) - using custom profile for table: dTokenTable
2019-06-12 18:55:04,116 INFO  db.DBStoreBuilder (DBStoreBuilder.java:processTables(161)) - Using default column profile:DBProfile.DISK for Table:dTokenTable
2019-06-12 18:55:04,116 INFO  db.DBStoreBuilder (DBStoreBuilder.java:addTable(110)) - using custom profile for table: s3SecretTable
2019-06-12 18:55:04,116 INFO  db.DBStoreBuilder (DBStoreBuilder.java:processTables(161)) - Using default column profile:DBProfile.DISK for Table:s3SecretTable
2019-06-12 18:55:04,116 INFO  db.DBStoreBuilder (DBStoreBuilder.java:addTable(110)) - using custom profile for table: prefixTable
2019-06-12 18:55:04,116 INFO  db.DBStoreBuilder (DBStoreBuilder.java:processTables(161)) - Using default column profile:DBProfile.DISK for Table:prefixTable
2019-06-12 18:55:04,117 INFO  db.DBStoreBuilder (DBStoreBuilder.java:addTable(110)) - using custom profile for table: default
2019-06-12 18:55:04,117 INFO  db.DBStoreBuilder (DBStoreBuilder.java:processTables(167)) - Using default column profile:DBProfile.DISK for Table:default
2019-06-12 18:55:04,117 INFO  db.DBStoreBuilder (DBStoreBuilder.java:getDbProfile(198)) - Using default options. DBProfile.DISK
2019-06-12 18:55:04,242 INFO  ipc.CallQueueManager (CallQueueManager.java:<init>(84)) - Using callQueue: class java.util.concurrent.LinkedBlockingQueue, queueCapacity: 2000, scheduler: class org.apache.hadoop.ipc.DefaultRpcScheduler, ipcBackoff: false.
2019-06-12 18:55:04,242 INFO  ipc.Server (Server.java:run(1074)) - Starting Socket Reader #1 for port 46479
2019-06-12 18:55:04,256 WARN  scm.ScmUtils (ScmUtils.java:getDBPath(63)) - ozone.om.db.dirs is not configured. We recommend adding this setting. Falling back to ozone.metadata.dirs instead.
2019-06-12 18:55:04,257 INFO  om.OzoneManager (OzoneManager.java:start(1217)) - OzoneManager RPC server is listening at localhost/127.0.0.1:46479
2019-06-12 18:55:04,257 INFO  impl.MetricsSystemImpl (MetricsSystemImpl.java:init(158)) - OzoneManager metrics system started (again)
2019-06-12 18:55:04,263 INFO  ipc.Server (Server.java:run(1314)) - IPC Server Responder: starting
2019-06-12 18:55:04,263 INFO  ipc.Server (Server.java:run(1153)) - IPC Server listener on 46479: starting
2019-06-12 18:55:04,270 INFO  hdfs.DFSUtil (DFSUtil.java:httpServerTemplateForNNAndJN(1641)) - Starting Web-server for ozoneManager at: http://0.0.0.0:0
2019-06-12 18:55:04,271 INFO  server.AuthenticationFilter (AuthenticationFilter.java:constructSecretProvider(240)) - Unable to initialize FileSignerSecretProvider, falling back to use random secrets.
2019-06-12 18:55:04,271 WARN  http.HttpRequestLog (HttpRequestLog.java:getRequestLog(97)) - Jetty request log can only be enabled using Log4j
2019-06-12 18:55:04,272 INFO  http.HttpServer2 (HttpServer2.java:addGlobalFilter(975)) - Added global filter 'safety' (class=org.apache.hadoop.http.HttpServer2$QuotingInputFilter)
2019-06-12 18:55:04,273 INFO  http.HttpServer2 (HttpServer2.java:addFilter(948)) - Added filter static_user_filter (class=org.apache.hadoop.http.lib.StaticUserWebFilter$StaticUserFilter) to context ozoneManager
2019-06-12 18:55:04,273 INFO  http.HttpServer2 (HttpServer2.java:addFilter(958)) - Added filter static_user_filter (class=org.apache.hadoop.http.lib.StaticUserWebFilter$StaticUserFilter) to context static
2019-06-12 18:55:04,273 INFO  http.HttpServer2 (HttpServer2.java:addFilter(958)) - Added filter static_user_filter (class=org.apache.hadoop.http.lib.StaticUserWebFilter$StaticUserFilter) to context logs
2019-06-12 18:55:04,273 INFO  http.HttpServer2 (HttpServer2.java:bindListener(1191)) - Jetty bound to port 46111
2019-06-12 18:55:04,273 INFO  server.Server (Server.java:doStart(351)) - jetty-9.3.24.v20180605, build timestamp: 2018-06-05T17:11:56Z, git hash: 84205aa28f11a4f31f2a3b86d1bba2cc8ab69827
2019-06-12 18:55:04,275 INFO  handler.ContextHandler (ContextHandler.java:doStart(781)) - Started o.e.j.s.ServletContextHandler@4509414e{/logs,file:///opt/src/hadoop-ozone/integration-test/target/log,AVAILABLE}
2019-06-12 18:55:04,275 INFO  handler.ContextHandler (ContextHandler.java:doStart(781)) - Started o.e.j.s.ServletContextHandler@78a0d664{/static,file:///opt/src/hadoop-ozone/integration-test/target/test-classes/webapps/static,AVAILABLE}
2019-06-12 18:55:04,278 INFO  handler.ContextHandler (ContextHandler.java:doStart(781)) - Started o.e.j.w.WebAppContext@2a045e85{/,file:///opt/src/hadoop-ozone/integration-test/target/test-classes/webapps/ozoneManager/,AVAILABLE}{/ozoneManager}
2019-06-12 18:55:04,283 INFO  server.AbstractConnector (AbstractConnector.java:doStart(278)) - Started ServerConnector@48861d1{HTTP/1.1,[http/1.1]}{0.0.0.0:46111}
2019-06-12 18:55:04,283 INFO  server.Server (Server.java:doStart(419)) - Started @68631ms
2019-06-12 18:55:04,284 INFO  server.BaseHttpServer (BaseHttpServer.java:updateConnectorAddress(207)) - HTTP server of OZONEMANAGER is listening at http://0.0.0.0:46111
2019-06-12 18:55:04,294 INFO  impl.MetricsSystemImpl (MetricsSystemImpl.java:init(158)) - HddsDatanode metrics system started (again)
2019-06-12 18:55:04,294 INFO  ozone.HddsDatanodeService (HddsDatanodeService.java:start(185)) - HddsDatanodeService host:ozone-hw5hf-1599250011 ip:192.168.46.15
2019-06-12 18:55:04,300 INFO  volume.HddsVolume (HddsVolume.java:<init>(176)) - Creating Volume: /opt/src/hadoop-ozone/integration-test/target/test-dir/MiniOzoneClusterImpl-c27f3baa-4cf1-435c-be93-5eb4053ac44b/datanode-0/data/containers/hdds of  storage type : DISK and capacity : 104021790720
2019-06-12 18:55:04,300 INFO  volume.VolumeSet (VolumeSet.java:initializeVolumeSet(170)) - Added Volume : /opt/src/hadoop-ozone/integration-test/target/test-dir/MiniOzoneClusterImpl-c27f3baa-4cf1-435c-be93-5eb4053ac44b/datanode-0/data/containers/hdds to VolumeSet
2019-06-12 18:55:04,300 INFO  volume.ThrottledAsyncChecker (ThrottledAsyncChecker.java:schedule(140)) - Scheduling a check for org.apache.hadoop.ozone.container.common.volume.HddsVolume@7be3a837
2019-06-12 18:55:04,301 INFO  volume.HddsVolumeChecker (HddsVolumeChecker.java:checkAllVolumes(203)) - Scheduled health check for volume org.apache.hadoop.ozone.container.common.volume.HddsVolume@7be3a837
2019-06-12 18:55:04,310 INFO  ratis.XceiverServerRatis (XceiverServerRatis.java:newXceiverServerRatis(401)) - Found a free port for the server : 39839
2019-06-12 18:55:04,311 INFO  impl.RaftServerProxy (ConfUtils.java:logGet(43)) - raft.rpc.type = GRPC (default)
2019-06-12 18:55:04,312 INFO  grpc.GrpcConfigKeys$Server (ConfUtils.java:logGet(43)) - raft.grpc.server.port = 39839 (custom)
2019-06-12 18:55:04,312 INFO  server.GrpcService (ConfUtils.java:logGet(43)) - raft.grpc.message.size.max = 33570816 (custom)
2019-06-12 18:55:04,312 INFO  server.RaftServerConfigKeys (ConfUtils.java:logGet(43)) - raft.server.log.appender.buffer.byte-limit = 33554432 (custom)
2019-06-12 18:55:04,312 INFO  server.GrpcService (ConfUtils.java:logGet(43)) - raft.grpc.flow.control.window = 1MB (=1048576) (default)
2019-06-12 18:55:04,312 INFO  server.RaftServerConfigKeys (ConfUtils.java:logGet(43)) - raft.server.rpc.request.timeout = 3000ms (default)
2019-06-12 18:55:04,312 INFO  server.RaftServerConfigKeys (ConfUtils.java:logGet(43)) - raft.server.storage.dir = [/opt/src/hadoop-ozone/integration-test/target/test-dir/MiniOzoneClusterImpl-c27f3baa-4cf1-435c-be93-5eb4053ac44b/datanode-0/data/ratis] (custom)
2019-06-12 18:55:04,313 INFO  server.XceiverServerGrpc (XceiverServerGrpc.java:<init>(97)) - Found a free port for the server : 41507
2019-06-12 18:55:04,313 INFO  replication.SimpleContainerDownloader (SimpleContainerDownloader.java:<init>(72)) - Starting container downloader service to copy containers to replicate.
2019-06-12 18:55:04,314 INFO  hdfs.DFSUtil (DFSUtil.java:httpServerTemplateForNNAndJN(1641)) - Starting Web-server for hddsDatanode at: http://0.0.0.0:0
2019-06-12 18:55:04,315 INFO  server.AuthenticationFilter (AuthenticationFilter.java:constructSecretProvider(240)) - Unable to initialize FileSignerSecretProvider, falling back to use random secrets.
2019-06-12 18:55:04,315 WARN  http.HttpRequestLog (HttpRequestLog.java:getRequestLog(97)) - Jetty request log can only be enabled using Log4j
2019-06-12 18:55:04,316 INFO  http.HttpServer2 (HttpServer2.java:addGlobalFilter(975)) - Added global filter 'safety' (class=org.apache.hadoop.http.HttpServer2$QuotingInputFilter)
2019-06-12 18:55:04,317 INFO  http.HttpServer2 (HttpServer2.java:addFilter(948)) - Added filter static_user_filter (class=org.apache.hadoop.http.lib.StaticUserWebFilter$StaticUserFilter) to context hddsDatanode
2019-06-12 18:55:04,317 INFO  http.HttpServer2 (HttpServer2.java:addFilter(958)) - Added filter static_user_filter (class=org.apache.hadoop.http.lib.StaticUserWebFilter$StaticUserFilter) to context static
2019-06-12 18:55:04,317 INFO  http.HttpServer2 (HttpServer2.java:addFilter(958)) - Added filter static_user_filter (class=org.apache.hadoop.http.lib.StaticUserWebFilter$StaticUserFilter) to context logs
2019-06-12 18:55:04,317 INFO  http.HttpServer2 (HttpServer2.java:bindListener(1191)) - Jetty bound to port 42099
2019-06-12 18:55:04,318 INFO  server.Server (Server.java:doStart(351)) - jetty-9.3.24.v20180605, build timestamp: 2018-06-05T17:11:56Z, git hash: 84205aa28f11a4f31f2a3b86d1bba2cc8ab69827
2019-06-12 18:55:04,319 INFO  handler.ContextHandler (ContextHandler.java:doStart(781)) - Started o.e.j.s.ServletContextHandler@7364073b{/logs,file:///opt/src/hadoop-ozone/integration-test/target/log,AVAILABLE}
2019-06-12 18:55:04,319 INFO  handler.ContextHandler (ContextHandler.java:doStart(781)) - Started o.e.j.s.ServletContextHandler@5cfde2a4{/static,jar:file:/root/.m2/repository/org/apache/hadoop/hadoop-hdds-container-service/0.5.0-SNAPSHOT/hadoop-hdds-container-service-0.5.0-SNAPSHOT.jar!/webapps/static,AVAILABLE}
2019-06-12 18:55:04,343 INFO  handler.ContextHandler (ContextHandler.java:doStart(781)) - Started o.e.j.w.WebAppContext@c6653e{/,file:///tmp/jetty-0.0.0.0-42099-hddsDatanode-_-any-1433692648018716012.dir/webapp/,AVAILABLE}{/hddsDatanode}
2019-06-12 18:55:04,343 INFO  server.AbstractConnector (AbstractConnector.java:doStart(278)) - Started ServerConnector@435e224d{HTTP/1.1,[http/1.1]}{0.0.0.0:42099}
2019-06-12 18:55:04,345 INFO  server.Server (Server.java:doStart(419)) - Started @68693ms
2019-06-12 18:55:04,345 INFO  server.BaseHttpServer (BaseHttpServer.java:updateConnectorAddress(207)) - HTTP server of HDDSDATANODE is listening at http://0.0.0.0:42099
2019-06-12 18:55:04,496 INFO  ozone.HddsDatanodeService (HddsDatanodeService.java:startPlugins(396)) - Started plug-in org.apache.hadoop.ozone.web.OzoneHddsDatanodeService@2a49753
2019-06-12 18:55:04,497 INFO  impl.MetricsSystemImpl (MetricsSystemImpl.java:init(158)) - HddsDatanode metrics system started (again)
2019-06-12 18:55:04,497 INFO  ozone.HddsDatanodeService (HddsDatanodeService.java:start(185)) - HddsDatanodeService host:ozone-hw5hf-1599250011 ip:192.168.46.15
2019-06-12 18:55:04,502 INFO  util.JvmPauseMonitor (JvmPauseMonitor.java:run(188)) - Starting JVM pause monitor
2019-06-12 18:55:04,509 INFO  volume.HddsVolume (HddsVolume.java:<init>(176)) - Creating Volume: /opt/src/hadoop-ozone/integration-test/target/test-dir/MiniOzoneClusterImpl-c27f3baa-4cf1-435c-be93-5eb4053ac44b/datanode-1/data/containers/hdds of  storage type : DISK and capacity : 104021790720
2019-06-12 18:55:04,509 INFO  volume.VolumeSet (VolumeSet.java:initializeVolumeSet(170)) - Added Volume : /opt/src/hadoop-ozone/integration-test/target/test-dir/MiniOzoneClusterImpl-c27f3baa-4cf1-435c-be93-5eb4053ac44b/datanode-1/data/containers/hdds to VolumeSet
2019-06-12 18:55:04,509 INFO  volume.ThrottledAsyncChecker (ThrottledAsyncChecker.java:schedule(140)) - Scheduling a check for org.apache.hadoop.ozone.container.common.volume.HddsVolume@5d2bfc9f
2019-06-12 18:55:04,510 INFO  datanode.InitDatanodeState (InitDatanodeState.java:persistContainerDatanodeDetails(140)) - DatanodeDetails is persisted to /opt/src/hadoop-ozone/integration-test/target/test-dir/MiniOzoneClusterImpl-c27f3baa-4cf1-435c-be93-5eb4053ac44b/datanode-0/meta/datanode.id
2019-06-12 18:55:04,513 INFO  volume.HddsVolumeChecker (HddsVolumeChecker.java:checkAllVolumes(203)) - Scheduled health check for volume org.apache.hadoop.ozone.container.common.volume.HddsVolume@5d2bfc9f
2019-06-12 18:55:04,523 INFO  ratis.XceiverServerRatis (XceiverServerRatis.java:newXceiverServerRatis(401)) - Found a free port for the server : 33351
2019-06-12 18:55:04,526 INFO  impl.RaftServerProxy (ConfUtils.java:logGet(43)) - raft.rpc.type = GRPC (default)
2019-06-12 18:55:04,526 INFO  grpc.GrpcConfigKeys$Server (ConfUtils.java:logGet(43)) - raft.grpc.server.port = 33351 (custom)
2019-06-12 18:55:04,526 INFO  server.GrpcService (ConfUtils.java:logGet(43)) - raft.grpc.message.size.max = 33570816 (custom)
2019-06-12 18:55:04,526 INFO  server.RaftServerConfigKeys (ConfUtils.java:logGet(43)) - raft.server.log.appender.buffer.byte-limit = 33554432 (custom)
2019-06-12 18:55:04,526 INFO  server.GrpcService (ConfUtils.java:logGet(43)) - raft.grpc.flow.control.window = 1MB (=1048576) (default)
2019-06-12 18:55:04,526 INFO  server.RaftServerConfigKeys (ConfUtils.java:logGet(43)) - raft.server.rpc.request.timeout = 3000ms (default)
2019-06-12 18:55:04,527 INFO  server.RaftServerConfigKeys (ConfUtils.java:logGet(43)) - raft.server.storage.dir = [/opt/src/hadoop-ozone/integration-test/target/test-dir/MiniOzoneClusterImpl-c27f3baa-4cf1-435c-be93-5eb4053ac44b/datanode-1/data/ratis] (custom)
2019-06-12 18:55:04,527 INFO  server.XceiverServerGrpc (XceiverServerGrpc.java:<init>(97)) - Found a free port for the server : 36127
2019-06-12 18:55:04,527 INFO  replication.SimpleContainerDownloader (SimpleContainerDownloader.java:<init>(72)) - Starting container downloader service to copy containers to replicate.
2019-06-12 18:55:04,528 INFO  hdfs.DFSUtil (DFSUtil.java:httpServerTemplateForNNAndJN(1641)) - Starting Web-server for hddsDatanode at: http://0.0.0.0:0
2019-06-12 18:55:04,529 INFO  server.AuthenticationFilter (AuthenticationFilter.java:constructSecretProvider(240)) - Unable to initialize FileSignerSecretProvider, falling back to use random secrets.
2019-06-12 18:55:04,529 WARN  http.HttpRequestLog (HttpRequestLog.java:getRequestLog(97)) - Jetty request log can only be enabled using Log4j
2019-06-12 18:55:04,530 INFO  http.HttpServer2 (HttpServer2.java:addGlobalFilter(975)) - Added global filter 'safety' (class=org.apache.hadoop.http.HttpServer2$QuotingInputFilter)
2019-06-12 18:55:04,531 INFO  http.HttpServer2 (HttpServer2.java:addFilter(948)) - Added filter static_user_filter (class=org.apache.hadoop.http.lib.StaticUserWebFilter$StaticUserFilter) to context hddsDatanode
2019-06-12 18:55:04,531 INFO  http.HttpServer2 (HttpServer2.java:addFilter(958)) - Added filter static_user_filter (class=org.apache.hadoop.http.lib.StaticUserWebFilter$StaticUserFilter) to context logs
2019-06-12 18:55:04,531 INFO  http.HttpServer2 (HttpServer2.java:addFilter(958)) - Added filter static_user_filter (class=org.apache.hadoop.http.lib.StaticUserWebFilter$StaticUserFilter) to context static
2019-06-12 18:55:04,532 INFO  http.HttpServer2 (HttpServer2.java:bindListener(1191)) - Jetty bound to port 37161
2019-06-12 18:55:04,532 INFO  server.Server (Server.java:doStart(351)) - jetty-9.3.24.v20180605, build timestamp: 2018-06-05T17:11:56Z, git hash: 84205aa28f11a4f31f2a3b86d1bba2cc8ab69827
2019-06-12 18:55:04,538 INFO  handler.ContextHandler (ContextHandler.java:doStart(781)) - Started o.e.j.s.ServletContextHandler@714a4ba2{/logs,file:///opt/src/hadoop-ozone/integration-test/target/log,AVAILABLE}
2019-06-12 18:55:04,538 INFO  handler.ContextHandler (ContextHandler.java:doStart(781)) - Started o.e.j.s.ServletContextHandler@764d54a0{/static,jar:file:/root/.m2/repository/org/apache/hadoop/hadoop-hdds-container-service/0.5.0-SNAPSHOT/hadoop-hdds-container-service-0.5.0-SNAPSHOT.jar!/webapps/static,AVAILABLE}
2019-06-12 18:55:04,562 INFO  handler.ContextHandler (ContextHandler.java:doStart(781)) - Started o.e.j.w.WebAppContext@59ac60d1{/,file:///tmp/jetty-0.0.0.0-37161-hddsDatanode-_-any-7503110259404636166.dir/webapp/,AVAILABLE}{/hddsDatanode}
2019-06-12 18:55:04,562 INFO  server.AbstractConnector (AbstractConnector.java:doStart(278)) - Started ServerConnector@1503f434{HTTP/1.1,[http/1.1]}{0.0.0.0:37161}
2019-06-12 18:55:04,564 INFO  server.Server (Server.java:doStart(419)) - Started @68912ms
2019-06-12 18:55:04,565 INFO  server.BaseHttpServer (BaseHttpServer.java:updateConnectorAddress(207)) - HTTP server of HDDSDATANODE is listening at http://0.0.0.0:37161
2019-06-12 18:55:04,652 INFO  ozone.HddsDatanodeService (HddsDatanodeService.java:startPlugins(396)) - Started plug-in org.apache.hadoop.ozone.web.OzoneHddsDatanodeService@480f1311
2019-06-12 18:55:04,652 INFO  impl.MetricsSystemImpl (MetricsSystemImpl.java:init(158)) - HddsDatanode metrics system started (again)
2019-06-12 18:55:04,653 INFO  ozone.HddsDatanodeService (HddsDatanodeService.java:start(185)) - HddsDatanodeService host:ozone-hw5hf-1599250011 ip:192.168.46.15
2019-06-12 18:55:04,654 INFO  util.JvmPauseMonitor (JvmPauseMonitor.java:run(188)) - Starting JVM pause monitor
2019-06-12 18:55:04,655 INFO  datanode.InitDatanodeState (InitDatanodeState.java:persistContainerDatanodeDetails(140)) - DatanodeDetails is persisted to /opt/src/hadoop-ozone/integration-test/target/test-dir/MiniOzoneClusterImpl-c27f3baa-4cf1-435c-be93-5eb4053ac44b/datanode-1/meta/datanode.id
2019-06-12 18:55:04,659 INFO  volume.HddsVolume (HddsVolume.java:<init>(176)) - Creating Volume: /opt/src/hadoop-ozone/integration-test/target/test-dir/MiniOzoneClusterImpl-c27f3baa-4cf1-435c-be93-5eb4053ac44b/datanode-2/data/containers/hdds of  storage type : DISK and capacity : 104021790720
2019-06-12 18:55:04,660 INFO  volume.VolumeSet (VolumeSet.java:initializeVolumeSet(170)) - Added Volume : /opt/src/hadoop-ozone/integration-test/target/test-dir/MiniOzoneClusterImpl-c27f3baa-4cf1-435c-be93-5eb4053ac44b/datanode-2/data/containers/hdds to VolumeSet
2019-06-12 18:55:04,660 INFO  volume.ThrottledAsyncChecker (ThrottledAsyncChecker.java:schedule(140)) - Scheduling a check for org.apache.hadoop.ozone.container.common.volume.HddsVolume@23cfc9eb
2019-06-12 18:55:04,660 INFO  volume.HddsVolumeChecker (HddsVolumeChecker.java:checkAllVolumes(203)) - Scheduled health check for volume org.apache.hadoop.ozone.container.common.volume.HddsVolume@23cfc9eb
2019-06-12 18:55:04,670 INFO  ratis.XceiverServerRatis (XceiverServerRatis.java:newXceiverServerRatis(401)) - Found a free port for the server : 39709
2019-06-12 18:55:04,672 INFO  impl.RaftServerProxy (ConfUtils.java:logGet(43)) - raft.rpc.type = GRPC (default)
2019-06-12 18:55:04,672 INFO  grpc.GrpcConfigKeys$Server (ConfUtils.java:logGet(43)) - raft.grpc.server.port = 39709 (custom)
2019-06-12 18:55:04,672 INFO  server.GrpcService (ConfUtils.java:logGet(43)) - raft.grpc.message.size.max = 33570816 (custom)
2019-06-12 18:55:04,673 INFO  server.RaftServerConfigKeys (ConfUtils.java:logGet(43)) - raft.server.log.appender.buffer.byte-limit = 33554432 (custom)
2019-06-12 18:55:04,673 INFO  server.GrpcService (ConfUtils.java:logGet(43)) - raft.grpc.flow.control.window = 1MB (=1048576) (default)
2019-06-12 18:55:04,673 INFO  server.RaftServerConfigKeys (ConfUtils.java:logGet(43)) - raft.server.rpc.request.timeout = 3000ms (default)
2019-06-12 18:55:04,673 INFO  server.RaftServerConfigKeys (ConfUtils.java:logGet(43)) - raft.server.storage.dir = [/opt/src/hadoop-ozone/integration-test/target/test-dir/MiniOzoneClusterImpl-c27f3baa-4cf1-435c-be93-5eb4053ac44b/datanode-2/data/ratis] (custom)
2019-06-12 18:55:04,674 INFO  server.XceiverServerGrpc (XceiverServerGrpc.java:<init>(97)) - Found a free port for the server : 43239
2019-06-12 18:55:04,674 INFO  replication.SimpleContainerDownloader (SimpleContainerDownloader.java:<init>(72)) - Starting container downloader service to copy containers to replicate.
2019-06-12 18:55:04,675 INFO  hdfs.DFSUtil (DFSUtil.java:httpServerTemplateForNNAndJN(1641)) - Starting Web-server for hddsDatanode at: http://0.0.0.0:0
2019-06-12 18:55:04,676 INFO  server.AuthenticationFilter (AuthenticationFilter.java:constructSecretProvider(240)) - Unable to initialize FileSignerSecretProvider, falling back to use random secrets.
2019-06-12 18:55:04,676 WARN  http.HttpRequestLog (HttpRequestLog.java:getRequestLog(97)) - Jetty request log can only be enabled using Log4j
2019-06-12 18:55:04,678 INFO  http.HttpServer2 (HttpServer2.java:addGlobalFilter(975)) - Added global filter 'safety' (class=org.apache.hadoop.http.HttpServer2$QuotingInputFilter)
2019-06-12 18:55:04,678 INFO  http.HttpServer2 (HttpServer2.java:addFilter(948)) - Added filter static_user_filter (class=org.apache.hadoop.http.lib.StaticUserWebFilter$StaticUserFilter) to context hddsDatanode
2019-06-12 18:55:04,678 INFO  http.HttpServer2 (HttpServer2.java:addFilter(958)) - Added filter static_user_filter (class=org.apache.hadoop.http.lib.StaticUserWebFilter$StaticUserFilter) to context static
2019-06-12 18:55:04,678 INFO  http.HttpServer2 (HttpServer2.java:addFilter(958)) - Added filter static_user_filter (class=org.apache.hadoop.http.lib.StaticUserWebFilter$StaticUserFilter) to context logs
2019-06-12 18:55:04,679 INFO  http.HttpServer2 (HttpServer2.java:bindListener(1191)) - Jetty bound to port 33329
2019-06-12 18:55:04,679 INFO  server.Server (Server.java:doStart(351)) - jetty-9.3.24.v20180605, build timestamp: 2018-06-05T17:11:56Z, git hash: 84205aa28f11a4f31f2a3b86d1bba2cc8ab69827
2019-06-12 18:55:04,680 INFO  handler.ContextHandler (ContextHandler.java:doStart(781)) - Started o.e.j.s.ServletContextHandler@579cfcc4{/logs,file:///opt/src/hadoop-ozone/integration-test/target/log,AVAILABLE}
2019-06-12 18:55:04,680 INFO  handler.ContextHandler (ContextHandler.java:doStart(781)) - Started o.e.j.s.ServletContextHandler@490f2fad{/static,jar:file:/root/.m2/repository/org/apache/hadoop/hadoop-hdds-container-service/0.5.0-SNAPSHOT/hadoop-hdds-container-service-0.5.0-SNAPSHOT.jar!/webapps/static,AVAILABLE}
2019-06-12 18:55:04,703 INFO  handler.ContextHandler (ContextHandler.java:doStart(781)) - Started o.e.j.w.WebAppContext@6e140753{/,file:///tmp/jetty-0.0.0.0-33329-hddsDatanode-_-any-9089724059645838776.dir/webapp/,AVAILABLE}{/hddsDatanode}
2019-06-12 18:55:04,703 INFO  server.AbstractConnector (AbstractConnector.java:doStart(278)) - Started ServerConnector@53bc6492{HTTP/1.1,[http/1.1]}{0.0.0.0:33329}
2019-06-12 18:55:04,705 INFO  server.Server (Server.java:doStart(419)) - Started @69053ms
2019-06-12 18:55:04,706 INFO  server.BaseHttpServer (BaseHttpServer.java:updateConnectorAddress(207)) - HTTP server of HDDSDATANODE is listening at http://0.0.0.0:33329
2019-06-12 18:55:04,788 INFO  ozone.HddsDatanodeService (HddsDatanodeService.java:startPlugins(396)) - Started plug-in org.apache.hadoop.ozone.web.OzoneHddsDatanodeService@70736b19
2019-06-12 18:55:04,789 INFO  impl.MetricsSystemImpl (MetricsSystemImpl.java:init(158)) - HddsDatanode metrics system started (again)
2019-06-12 18:55:04,790 INFO  ozone.HddsDatanodeService (HddsDatanodeService.java:start(185)) - HddsDatanodeService host:ozone-hw5hf-1599250011 ip:192.168.46.15
2019-06-12 18:55:04,812 INFO  util.JvmPauseMonitor (JvmPauseMonitor.java:run(188)) - Starting JVM pause monitor
2019-06-12 18:55:04,815 INFO  volume.HddsVolume (HddsVolume.java:<init>(176)) - Creating Volume: /opt/src/hadoop-ozone/integration-test/target/test-dir/MiniOzoneClusterImpl-c27f3baa-4cf1-435c-be93-5eb4053ac44b/datanode-3/data/containers/hdds of  storage type : DISK and capacity : 104021790720
2019-06-12 18:55:04,815 INFO  volume.VolumeSet (VolumeSet.java:initializeVolumeSet(170)) - Added Volume : /opt/src/hadoop-ozone/integration-test/target/test-dir/MiniOzoneClusterImpl-c27f3baa-4cf1-435c-be93-5eb4053ac44b/datanode-3/data/containers/hdds to VolumeSet
2019-06-12 18:55:04,815 INFO  volume.ThrottledAsyncChecker (ThrottledAsyncChecker.java:schedule(140)) - Scheduling a check for org.apache.hadoop.ozone.container.common.volume.HddsVolume@18bab95b
2019-06-12 18:55:04,816 INFO  datanode.InitDatanodeState (InitDatanodeState.java:persistContainerDatanodeDetails(140)) - DatanodeDetails is persisted to /opt/src/hadoop-ozone/integration-test/target/test-dir/MiniOzoneClusterImpl-c27f3baa-4cf1-435c-be93-5eb4053ac44b/datanode-2/meta/datanode.id
2019-06-12 18:55:04,817 INFO  volume.HddsVolumeChecker (HddsVolumeChecker.java:checkAllVolumes(203)) - Scheduled health check for volume org.apache.hadoop.ozone.container.common.volume.HddsVolume@18bab95b
2019-06-12 18:55:04,835 INFO  ratis.XceiverServerRatis (XceiverServerRatis.java:newXceiverServerRatis(401)) - Found a free port for the server : 39123
2019-06-12 18:55:04,835 INFO  impl.RaftServerProxy (ConfUtils.java:logGet(43)) - raft.rpc.type = GRPC (default)
2019-06-12 18:55:04,835 INFO  grpc.GrpcConfigKeys$Server (ConfUtils.java:logGet(43)) - raft.grpc.server.port = 39123 (custom)
2019-06-12 18:55:04,835 INFO  server.GrpcService (ConfUtils.java:logGet(43)) - raft.grpc.message.size.max = 33570816 (custom)
2019-06-12 18:55:04,835 INFO  server.RaftServerConfigKeys (ConfUtils.java:logGet(43)) - raft.server.log.appender.buffer.byte-limit = 33554432 (custom)
2019-06-12 18:55:04,836 INFO  server.GrpcService (ConfUtils.java:logGet(43)) - raft.grpc.flow.control.window = 1MB (=1048576) (default)
2019-06-12 18:55:04,836 INFO  server.RaftServerConfigKeys (ConfUtils.java:logGet(43)) - raft.server.rpc.request.timeout = 3000ms (default)
2019-06-12 18:55:04,836 INFO  server.RaftServerConfigKeys (ConfUtils.java:logGet(43)) - raft.server.storage.dir = [/opt/src/hadoop-ozone/integration-test/target/test-dir/MiniOzoneClusterImpl-c27f3baa-4cf1-435c-be93-5eb4053ac44b/datanode-3/data/ratis] (custom)
2019-06-12 18:55:04,836 INFO  server.XceiverServerGrpc (XceiverServerGrpc.java:<init>(97)) - Found a free port for the server : 41811
2019-06-12 18:55:04,837 INFO  replication.SimpleContainerDownloader (SimpleContainerDownloader.java:<init>(72)) - Starting container downloader service to copy containers to replicate.
2019-06-12 18:55:04,839 INFO  hdfs.DFSUtil (DFSUtil.java:httpServerTemplateForNNAndJN(1641)) - Starting Web-server for hddsDatanode at: http://0.0.0.0:0
2019-06-12 18:55:04,840 INFO  server.AuthenticationFilter (AuthenticationFilter.java:constructSecretProvider(240)) - Unable to initialize FileSignerSecretProvider, falling back to use random secrets.
2019-06-12 18:55:04,840 WARN  http.HttpRequestLog (HttpRequestLog.java:getRequestLog(97)) - Jetty request log can only be enabled using Log4j
2019-06-12 18:55:04,842 INFO  http.HttpServer2 (HttpServer2.java:addGlobalFilter(975)) - Added global filter 'safety' (class=org.apache.hadoop.http.HttpServer2$QuotingInputFilter)
2019-06-12 18:55:04,842 INFO  http.HttpServer2 (HttpServer2.java:addFilter(948)) - Added filter static_user_filter (class=org.apache.hadoop.http.lib.StaticUserWebFilter$StaticUserFilter) to context hddsDatanode
2019-06-12 18:55:04,842 INFO  http.HttpServer2 (HttpServer2.java:addFilter(958)) - Added filter static_user_filter (class=org.apache.hadoop.http.lib.StaticUserWebFilter$StaticUserFilter) to context static
2019-06-12 18:55:04,842 INFO  http.HttpServer2 (HttpServer2.java:addFilter(958)) - Added filter static_user_filter (class=org.apache.hadoop.http.lib.StaticUserWebFilter$StaticUserFilter) to context logs
2019-06-12 18:55:04,843 INFO  http.HttpServer2 (HttpServer2.java:bindListener(1191)) - Jetty bound to port 40149
2019-06-12 18:55:04,843 INFO  server.Server (Server.java:doStart(351)) - jetty-9.3.24.v20180605, build timestamp: 2018-06-05T17:11:56Z, git hash: 84205aa28f11a4f31f2a3b86d1bba2cc8ab69827
2019-06-12 18:55:04,847 INFO  handler.ContextHandler (ContextHandler.java:doStart(781)) - Started o.e.j.s.ServletContextHandler@1ead6e20{/logs,file:///opt/src/hadoop-ozone/integration-test/target/log,AVAILABLE}
2019-06-12 18:55:04,847 INFO  handler.ContextHandler (ContextHandler.java:doStart(781)) - Started o.e.j.s.ServletContextHandler@389fad5b{/static,jar:file:/root/.m2/repository/org/apache/hadoop/hadoop-hdds-container-service/0.5.0-SNAPSHOT/hadoop-hdds-container-service-0.5.0-SNAPSHOT.jar!/webapps/static,AVAILABLE}
2019-06-12 18:55:04,869 INFO  handler.ContextHandler (ContextHandler.java:doStart(781)) - Started o.e.j.w.WebAppContext@308d8de8{/,file:///tmp/jetty-0.0.0.0-40149-hddsDatanode-_-any-6907844529288118771.dir/webapp/,AVAILABLE}{/hddsDatanode}
2019-06-12 18:55:04,869 INFO  server.AbstractConnector (AbstractConnector.java:doStart(278)) - Started ServerConnector@7c08461b{HTTP/1.1,[http/1.1]}{0.0.0.0:40149}
2019-06-12 18:55:04,870 INFO  server.Server (Server.java:doStart(419)) - Started @69217ms
2019-06-12 18:55:04,870 INFO  server.BaseHttpServer (BaseHttpServer.java:updateConnectorAddress(207)) - HTTP server of HDDSDATANODE is listening at http://0.0.0.0:40149
2019-06-12 18:55:04,979 INFO  ozone.HddsDatanodeService (HddsDatanodeService.java:startPlugins(396)) - Started plug-in org.apache.hadoop.ozone.web.OzoneHddsDatanodeService@5687ba39
2019-06-12 18:55:04,979 INFO  impl.MetricsSystemImpl (MetricsSystemImpl.java:init(158)) - HddsDatanode metrics system started (again)
2019-06-12 18:55:04,979 INFO  ozone.HddsDatanodeService (HddsDatanodeService.java:start(185)) - HddsDatanodeService host:ozone-hw5hf-1599250011 ip:192.168.46.15
2019-06-12 18:55:04,985 INFO  util.JvmPauseMonitor (JvmPauseMonitor.java:run(188)) - Starting JVM pause monitor
2019-06-12 18:55:04,985 INFO  datanode.InitDatanodeState (InitDatanodeState.java:persistContainerDatanodeDetails(140)) - DatanodeDetails is persisted to /opt/src/hadoop-ozone/integration-test/target/test-dir/MiniOzoneClusterImpl-c27f3baa-4cf1-435c-be93-5eb4053ac44b/datanode-3/meta/datanode.id
2019-06-12 18:55:04,992 INFO  volume.HddsVolume (HddsVolume.java:<init>(176)) - Creating Volume: /opt/src/hadoop-ozone/integration-test/target/test-dir/MiniOzoneClusterImpl-c27f3baa-4cf1-435c-be93-5eb4053ac44b/datanode-4/data/containers/hdds of  storage type : DISK and capacity : 104021790720
2019-06-12 18:55:04,993 INFO  volume.VolumeSet (VolumeSet.java:initializeVolumeSet(170)) - Added Volume : /opt/src/hadoop-ozone/integration-test/target/test-dir/MiniOzoneClusterImpl-c27f3baa-4cf1-435c-be93-5eb4053ac44b/datanode-4/data/containers/hdds to VolumeSet
2019-06-12 18:55:04,993 INFO  volume.ThrottledAsyncChecker (ThrottledAsyncChecker.java:schedule(140)) - Scheduling a check for org.apache.hadoop.ozone.container.common.volume.HddsVolume@5a35efac
2019-06-12 18:55:04,999 INFO  volume.HddsVolumeChecker (HddsVolumeChecker.java:checkAllVolumes(203)) - Scheduled health check for volume org.apache.hadoop.ozone.container.common.volume.HddsVolume@5a35efac
2019-06-12 18:55:05,007 INFO  ratis.XceiverServerRatis (XceiverServerRatis.java:newXceiverServerRatis(401)) - Found a free port for the server : 41481
2019-06-12 18:55:05,009 INFO  impl.RaftServerProxy (ConfUtils.java:logGet(43)) - raft.rpc.type = GRPC (default)
2019-06-12 18:55:05,009 INFO  grpc.GrpcConfigKeys$Server (ConfUtils.java:logGet(43)) - raft.grpc.server.port = 41481 (custom)
2019-06-12 18:55:05,010 INFO  server.GrpcService (ConfUtils.java:logGet(43)) - raft.grpc.message.size.max = 33570816 (custom)
2019-06-12 18:55:05,010 INFO  server.RaftServerConfigKeys (ConfUtils.java:logGet(43)) - raft.server.log.appender.buffer.byte-limit = 33554432 (custom)
2019-06-12 18:55:05,010 INFO  server.GrpcService (ConfUtils.java:logGet(43)) - raft.grpc.flow.control.window = 1MB (=1048576) (default)
2019-06-12 18:55:05,010 INFO  server.RaftServerConfigKeys (ConfUtils.java:logGet(43)) - raft.server.rpc.request.timeout = 3000ms (default)
2019-06-12 18:55:05,011 INFO  server.RaftServerConfigKeys (ConfUtils.java:logGet(43)) - raft.server.storage.dir = [/opt/src/hadoop-ozone/integration-test/target/test-dir/MiniOzoneClusterImpl-c27f3baa-4cf1-435c-be93-5eb4053ac44b/datanode-4/data/ratis] (custom)
2019-06-12 18:55:05,011 INFO  server.XceiverServerGrpc (XceiverServerGrpc.java:<init>(97)) - Found a free port for the server : 45215
2019-06-12 18:55:05,011 INFO  replication.SimpleContainerDownloader (SimpleContainerDownloader.java:<init>(72)) - Starting container downloader service to copy containers to replicate.
2019-06-12 18:55:05,012 INFO  hdfs.DFSUtil (DFSUtil.java:httpServerTemplateForNNAndJN(1641)) - Starting Web-server for hddsDatanode at: http://0.0.0.0:0
2019-06-12 18:55:05,013 INFO  server.AuthenticationFilter (AuthenticationFilter.java:constructSecretProvider(240)) - Unable to initialize FileSignerSecretProvider, falling back to use random secrets.
2019-06-12 18:55:05,013 WARN  http.HttpRequestLog (HttpRequestLog.java:getRequestLog(97)) - Jetty request log can only be enabled using Log4j
2019-06-12 18:55:05,014 INFO  http.HttpServer2 (HttpServer2.java:addGlobalFilter(975)) - Added global filter 'safety' (class=org.apache.hadoop.http.HttpServer2$QuotingInputFilter)
2019-06-12 18:55:05,014 INFO  http.HttpServer2 (HttpServer2.java:addFilter(948)) - Added filter static_user_filter (class=org.apache.hadoop.http.lib.StaticUserWebFilter$StaticUserFilter) to context hddsDatanode
2019-06-12 18:55:05,014 INFO  http.HttpServer2 (HttpServer2.java:addFilter(958)) - Added filter static_user_filter (class=org.apache.hadoop.http.lib.StaticUserWebFilter$StaticUserFilter) to context logs
2019-06-12 18:55:05,015 INFO  http.HttpServer2 (HttpServer2.java:addFilter(958)) - Added filter static_user_filter (class=org.apache.hadoop.http.lib.StaticUserWebFilter$StaticUserFilter) to context static
2019-06-12 18:55:05,015 INFO  http.HttpServer2 (HttpServer2.java:bindListener(1191)) - Jetty bound to port 44453
2019-06-12 18:55:05,015 INFO  server.Server (Server.java:doStart(351)) - jetty-9.3.24.v20180605, build timestamp: 2018-06-05T17:11:56Z, git hash: 84205aa28f11a4f31f2a3b86d1bba2cc8ab69827
2019-06-12 18:55:05,016 INFO  handler.ContextHandler (ContextHandler.java:doStart(781)) - Started o.e.j.s.ServletContextHandler@62d72091{/logs,file:///opt/src/hadoop-ozone/integration-test/target/log,AVAILABLE}
2019-06-12 18:55:05,017 INFO  handler.ContextHandler (ContextHandler.java:doStart(781)) - Started o.e.j.s.ServletContextHandler@3b863b4{/static,jar:file:/root/.m2/repository/org/apache/hadoop/hadoop-hdds-container-service/0.5.0-SNAPSHOT/hadoop-hdds-container-service-0.5.0-SNAPSHOT.jar!/webapps/static,AVAILABLE}
2019-06-12 18:55:05,036 INFO  handler.ContextHandler (ContextHandler.java:doStart(781)) - Started o.e.j.w.WebAppContext@43a9988a{/,file:///tmp/jetty-0.0.0.0-44453-hddsDatanode-_-any-4249826613325424918.dir/webapp/,AVAILABLE}{/hddsDatanode}
2019-06-12 18:55:05,037 INFO  server.AbstractConnector (AbstractConnector.java:doStart(278)) - Started ServerConnector@611ffa8d{HTTP/1.1,[http/1.1]}{0.0.0.0:44453}
2019-06-12 18:55:05,039 INFO  server.Server (Server.java:doStart(419)) - Started @69387ms
2019-06-12 18:55:05,040 INFO  server.BaseHttpServer (BaseHttpServer.java:updateConnectorAddress(207)) - HTTP server of HDDSDATANODE is listening at http://0.0.0.0:44453
2019-06-12 18:55:05,161 INFO  ozone.HddsDatanodeService (HddsDatanodeService.java:startPlugins(396)) - Started plug-in org.apache.hadoop.ozone.web.OzoneHddsDatanodeService@58ec04f4
2019-06-12 18:55:05,161 INFO  impl.MetricsSystemImpl (MetricsSystemImpl.java:init(158)) - HddsDatanode metrics system started (again)
2019-06-12 18:55:05,161 INFO  ozone.HddsDatanodeService (HddsDatanodeService.java:start(185)) - HddsDatanodeService host:ozone-hw5hf-1599250011 ip:192.168.46.15
2019-06-12 18:55:05,166 INFO  util.JvmPauseMonitor (JvmPauseMonitor.java:run(188)) - Starting JVM pause monitor
2019-06-12 18:55:05,167 INFO  datanode.InitDatanodeState (InitDatanodeState.java:persistContainerDatanodeDetails(140)) - DatanodeDetails is persisted to /opt/src/hadoop-ozone/integration-test/target/test-dir/MiniOzoneClusterImpl-c27f3baa-4cf1-435c-be93-5eb4053ac44b/datanode-4/meta/datanode.id
2019-06-12 18:55:05,172 INFO  volume.HddsVolume (HddsVolume.java:<init>(176)) - Creating Volume: /opt/src/hadoop-ozone/integration-test/target/test-dir/MiniOzoneClusterImpl-c27f3baa-4cf1-435c-be93-5eb4053ac44b/datanode-5/data/containers/hdds of  storage type : DISK and capacity : 104021790720
2019-06-12 18:55:05,172 INFO  volume.VolumeSet (VolumeSet.java:initializeVolumeSet(170)) - Added Volume : /opt/src/hadoop-ozone/integration-test/target/test-dir/MiniOzoneClusterImpl-c27f3baa-4cf1-435c-be93-5eb4053ac44b/datanode-5/data/containers/hdds to VolumeSet
2019-06-12 18:55:05,173 INFO  volume.ThrottledAsyncChecker (ThrottledAsyncChecker.java:schedule(140)) - Scheduling a check for org.apache.hadoop.ozone.container.common.volume.HddsVolume@1a557a52
2019-06-12 18:55:05,175 INFO  volume.HddsVolumeChecker (HddsVolumeChecker.java:checkAllVolumes(203)) - Scheduled health check for volume org.apache.hadoop.ozone.container.common.volume.HddsVolume@1a557a52
2019-06-12 18:55:05,182 INFO  ratis.XceiverServerRatis (XceiverServerRatis.java:newXceiverServerRatis(401)) - Found a free port for the server : 39653
2019-06-12 18:55:05,183 INFO  impl.RaftServerProxy (ConfUtils.java:logGet(43)) - raft.rpc.type = GRPC (default)
2019-06-12 18:55:05,183 INFO  grpc.GrpcConfigKeys$Server (ConfUtils.java:logGet(43)) - raft.grpc.server.port = 39653 (custom)
2019-06-12 18:55:05,183 INFO  server.GrpcService (ConfUtils.java:logGet(43)) - raft.grpc.message.size.max = 33570816 (custom)
2019-06-12 18:55:05,183 INFO  server.RaftServerConfigKeys (ConfUtils.java:logGet(43)) - raft.server.log.appender.buffer.byte-limit = 33554432 (custom)
2019-06-12 18:55:05,184 INFO  server.GrpcService (ConfUtils.java:logGet(43)) - raft.grpc.flow.control.window = 1MB (=1048576) (default)
2019-06-12 18:55:05,184 INFO  server.RaftServerConfigKeys (ConfUtils.java:logGet(43)) - raft.server.rpc.request.timeout = 3000ms (default)
2019-06-12 18:55:05,186 INFO  server.RaftServerConfigKeys (ConfUtils.java:logGet(43)) - raft.server.storage.dir = [/opt/src/hadoop-ozone/integration-test/target/test-dir/MiniOzoneClusterImpl-c27f3baa-4cf1-435c-be93-5eb4053ac44b/datanode-5/data/ratis] (custom)
2019-06-12 18:55:05,186 INFO  server.XceiverServerGrpc (XceiverServerGrpc.java:<init>(97)) - Found a free port for the server : 34363
2019-06-12 18:55:05,186 INFO  replication.SimpleContainerDownloader (SimpleContainerDownloader.java:<init>(72)) - Starting container downloader service to copy containers to replicate.
2019-06-12 18:55:05,187 INFO  hdfs.DFSUtil (DFSUtil.java:httpServerTemplateForNNAndJN(1641)) - Starting Web-server for hddsDatanode at: http://0.0.0.0:0
2019-06-12 18:55:05,188 INFO  server.AuthenticationFilter (AuthenticationFilter.java:constructSecretProvider(240)) - Unable to initialize FileSignerSecretProvider, falling back to use random secrets.
2019-06-12 18:55:05,188 WARN  http.HttpRequestLog (HttpRequestLog.java:getRequestLog(97)) - Jetty request log can only be enabled using Log4j
2019-06-12 18:55:05,189 INFO  http.HttpServer2 (HttpServer2.java:addGlobalFilter(975)) - Added global filter 'safety' (class=org.apache.hadoop.http.HttpServer2$QuotingInputFilter)
2019-06-12 18:55:05,189 INFO  http.HttpServer2 (HttpServer2.java:addFilter(948)) - Added filter static_user_filter (class=org.apache.hadoop.http.lib.StaticUserWebFilter$StaticUserFilter) to context hddsDatanode
2019-06-12 18:55:05,189 INFO  http.HttpServer2 (HttpServer2.java:addFilter(958)) - Added filter static_user_filter (class=org.apache.hadoop.http.lib.StaticUserWebFilter$StaticUserFilter) to context static
2019-06-12 18:55:05,189 INFO  http.HttpServer2 (HttpServer2.java:addFilter(958)) - Added filter static_user_filter (class=org.apache.hadoop.http.lib.StaticUserWebFilter$StaticUserFilter) to context logs
2019-06-12 18:55:05,190 INFO  http.HttpServer2 (HttpServer2.java:bindListener(1191)) - Jetty bound to port 45961
2019-06-12 18:55:05,190 INFO  server.Server (Server.java:doStart(351)) - jetty-9.3.24.v20180605, build timestamp: 2018-06-05T17:11:56Z, git hash: 84205aa28f11a4f31f2a3b86d1bba2cc8ab69827
2019-06-12 18:55:05,191 INFO  handler.ContextHandler (ContextHandler.java:doStart(781)) - Started o.e.j.s.ServletContextHandler@452ea8f0{/logs,file:///opt/src/hadoop-ozone/integration-test/target/log,AVAILABLE}
2019-06-12 18:55:05,191 INFO  handler.ContextHandler (ContextHandler.java:doStart(781)) - Started o.e.j.s.ServletContextHandler@46f3d0f7{/static,jar:file:/root/.m2/repository/org/apache/hadoop/hadoop-hdds-container-service/0.5.0-SNAPSHOT/hadoop-hdds-container-service-0.5.0-SNAPSHOT.jar!/webapps/static,AVAILABLE}
2019-06-12 18:55:05,210 INFO  handler.ContextHandler (ContextHandler.java:doStart(781)) - Started o.e.j.w.WebAppContext@3393aa46{/,file:///tmp/jetty-0.0.0.0-45961-hddsDatanode-_-any-6289285225029041032.dir/webapp/,AVAILABLE}{/hddsDatanode}
2019-06-12 18:55:05,211 INFO  server.AbstractConnector (AbstractConnector.java:doStart(278)) - Started ServerConnector@4f0381cd{HTTP/1.1,[http/1.1]}{0.0.0.0:45961}
2019-06-12 18:55:05,213 INFO  server.Server (Server.java:doStart(419)) - Started @69561ms
2019-06-12 18:55:05,213 INFO  server.BaseHttpServer (BaseHttpServer.java:updateConnectorAddress(207)) - HTTP server of HDDSDATANODE is listening at http://0.0.0.0:45961
2019-06-12 18:55:05,296 INFO  ozone.HddsDatanodeService (HddsDatanodeService.java:startPlugins(396)) - Started plug-in org.apache.hadoop.ozone.web.OzoneHddsDatanodeService@39336f5
2019-06-12 18:55:05,296 INFO  impl.MetricsSystemImpl (MetricsSystemImpl.java:init(158)) - HddsDatanode metrics system started (again)
2019-06-12 18:55:05,296 INFO  ozone.HddsDatanodeService (HddsDatanodeService.java:start(185)) - HddsDatanodeService host:ozone-hw5hf-1599250011 ip:192.168.46.15
2019-06-12 18:55:05,301 INFO  util.JvmPauseMonitor (JvmPauseMonitor.java:run(188)) - Starting JVM pause monitor
2019-06-12 18:55:05,302 INFO  datanode.InitDatanodeState (InitDatanodeState.java:persistContainerDatanodeDetails(140)) - DatanodeDetails is persisted to /opt/src/hadoop-ozone/integration-test/target/test-dir/MiniOzoneClusterImpl-c27f3baa-4cf1-435c-be93-5eb4053ac44b/datanode-5/meta/datanode.id
2019-06-12 18:55:05,308 INFO  volume.HddsVolume (HddsVolume.java:<init>(176)) - Creating Volume: /opt/src/hadoop-ozone/integration-test/target/test-dir/MiniOzoneClusterImpl-c27f3baa-4cf1-435c-be93-5eb4053ac44b/datanode-6/data/containers/hdds of  storage type : DISK and capacity : 104021790720
2019-06-12 18:55:05,308 INFO  volume.VolumeSet (VolumeSet.java:initializeVolumeSet(170)) - Added Volume : /opt/src/hadoop-ozone/integration-test/target/test-dir/MiniOzoneClusterImpl-c27f3baa-4cf1-435c-be93-5eb4053ac44b/datanode-6/data/containers/hdds to VolumeSet
2019-06-12 18:55:05,308 INFO  volume.ThrottledAsyncChecker (ThrottledAsyncChecker.java:schedule(140)) - Scheduling a check for org.apache.hadoop.ozone.container.common.volume.HddsVolume@4ac1544f
2019-06-12 18:55:05,309 INFO  volume.HddsVolumeChecker (HddsVolumeChecker.java:checkAllVolumes(203)) - Scheduled health check for volume org.apache.hadoop.ozone.container.common.volume.HddsVolume@4ac1544f
2019-06-12 18:55:05,318 INFO  ratis.XceiverServerRatis (XceiverServerRatis.java:newXceiverServerRatis(401)) - Found a free port for the server : 33059
2019-06-12 18:55:05,320 INFO  impl.RaftServerProxy (ConfUtils.java:logGet(43)) - raft.rpc.type = GRPC (default)
2019-06-12 18:55:05,320 INFO  grpc.GrpcConfigKeys$Server (ConfUtils.java:logGet(43)) - raft.grpc.server.port = 33059 (custom)
2019-06-12 18:55:05,320 INFO  server.GrpcService (ConfUtils.java:logGet(43)) - raft.grpc.message.size.max = 33570816 (custom)
2019-06-12 18:55:05,320 INFO  server.RaftServerConfigKeys (ConfUtils.java:logGet(43)) - raft.server.log.appender.buffer.byte-limit = 33554432 (custom)
2019-06-12 18:55:05,320 INFO  server.GrpcService (ConfUtils.java:logGet(43)) - raft.grpc.flow.control.window = 1MB (=1048576) (default)
2019-06-12 18:55:05,321 INFO  server.RaftServerConfigKeys (ConfUtils.java:logGet(43)) - raft.server.rpc.request.timeout = 3000ms (default)
2019-06-12 18:55:05,321 INFO  server.RaftServerConfigKeys (ConfUtils.java:logGet(43)) - raft.server.storage.dir = [/opt/src/hadoop-ozone/integration-test/target/test-dir/MiniOzoneClusterImpl-c27f3baa-4cf1-435c-be93-5eb4053ac44b/datanode-6/data/ratis] (custom)
2019-06-12 18:55:05,321 INFO  server.XceiverServerGrpc (XceiverServerGrpc.java:<init>(97)) - Found a free port for the server : 45075
2019-06-12 18:55:05,321 INFO  replication.SimpleContainerDownloader (SimpleContainerDownloader.java:<init>(72)) - Starting container downloader service to copy containers to replicate.
2019-06-12 18:55:05,322 INFO  hdfs.DFSUtil (DFSUtil.java:httpServerTemplateForNNAndJN(1641)) - Starting Web-server for hddsDatanode at: http://0.0.0.0:0
2019-06-12 18:55:05,323 INFO  server.AuthenticationFilter (AuthenticationFilter.java:constructSecretProvider(240)) - Unable to initialize FileSignerSecretProvider, falling back to use random secrets.
2019-06-12 18:55:05,323 WARN  http.HttpRequestLog (HttpRequestLog.java:getRequestLog(97)) - Jetty request log can only be enabled using Log4j
2019-06-12 18:55:05,324 INFO  http.HttpServer2 (HttpServer2.java:addGlobalFilter(975)) - Added global filter 'safety' (class=org.apache.hadoop.http.HttpServer2$QuotingInputFilter)
2019-06-12 18:55:05,324 INFO  http.HttpServer2 (HttpServer2.java:addFilter(948)) - Added filter static_user_filter (class=org.apache.hadoop.http.lib.StaticUserWebFilter$StaticUserFilter) to context hddsDatanode
2019-06-12 18:55:05,324 INFO  http.HttpServer2 (HttpServer2.java:addFilter(958)) - Added filter static_user_filter (class=org.apache.hadoop.http.lib.StaticUserWebFilter$StaticUserFilter) to context logs
2019-06-12 18:55:05,325 INFO  http.HttpServer2 (HttpServer2.java:addFilter(958)) - Added filter static_user_filter (class=org.apache.hadoop.http.lib.StaticUserWebFilter$StaticUserFilter) to context static
2019-06-12 18:55:05,325 INFO  http.HttpServer2 (HttpServer2.java:bindListener(1191)) - Jetty bound to port 40629
2019-06-12 18:55:05,325 INFO  server.Server (Server.java:doStart(351)) - jetty-9.3.24.v20180605, build timestamp: 2018-06-05T17:11:56Z, git hash: 84205aa28f11a4f31f2a3b86d1bba2cc8ab69827
2019-06-12 18:55:05,326 INFO  handler.ContextHandler (ContextHandler.java:doStart(781)) - Started o.e.j.s.ServletContextHandler@1651bd68{/logs,file:///opt/src/hadoop-ozone/integration-test/target/log,AVAILABLE}
2019-06-12 18:55:05,326 INFO  handler.ContextHandler (ContextHandler.java:doStart(781)) - Started o.e.j.s.ServletContextHandler@3fc064cb{/static,jar:file:/root/.m2/repository/org/apache/hadoop/hadoop-hdds-container-service/0.5.0-SNAPSHOT/hadoop-hdds-container-service-0.5.0-SNAPSHOT.jar!/webapps/static,AVAILABLE}
2019-06-12 18:55:05,345 INFO  handler.ContextHandler (ContextHandler.java:doStart(781)) - Started o.e.j.w.WebAppContext@354ed5c4{/,file:///tmp/jetty-0.0.0.0-40629-hddsDatanode-_-any-163109507990351611.dir/webapp/,AVAILABLE}{/hddsDatanode}
2019-06-12 18:55:05,345 INFO  server.AbstractConnector (AbstractConnector.java:doStart(278)) - Started ServerConnector@41a6ab50{HTTP/1.1,[http/1.1]}{0.0.0.0:40629}
2019-06-12 18:55:05,347 INFO  server.Server (Server.java:doStart(419)) - Started @69695ms
2019-06-12 18:55:05,348 INFO  server.BaseHttpServer (BaseHttpServer.java:updateConnectorAddress(207)) - HTTP server of HDDSDATANODE is listening at http://0.0.0.0:40629
2019-06-12 18:55:05,445 INFO  ozone.HddsDatanodeService (HddsDatanodeService.java:startPlugins(396)) - Started plug-in org.apache.hadoop.ozone.web.OzoneHddsDatanodeService@7955b4d4
2019-06-12 18:55:05,446 INFO  ozone.MiniOzoneClusterImpl (MiniOzoneClusterImpl.java:lambda$waitForClusterToBeReady$0(142)) - Waiting for cluster to be ready. Got 0 of 7 DN Heartbeats.
2019-06-12 18:55:05,446 INFO  util.JvmPauseMonitor (JvmPauseMonitor.java:run(188)) - Starting JVM pause monitor
2019-06-12 18:55:05,447 INFO  datanode.InitDatanodeState (InitDatanodeState.java:persistContainerDatanodeDetails(140)) - DatanodeDetails is persisted to /opt/src/hadoop-ozone/integration-test/target/test-dir/MiniOzoneClusterImpl-c27f3baa-4cf1-435c-be93-5eb4053ac44b/datanode-6/meta/datanode.id
2019-06-12 18:55:06,053 WARN  events.EventQueue (EventQueue.java:fireEvent(147)) - Processing of TypedEvent{payloadType=DatanodeDetails, name='Stale_Node'} is skipped, EventQueue is not running
2019-06-12 18:55:06,154 WARN  events.EventQueue (EventQueue.java:fireEvent(147)) - Processing of TypedEvent{payloadType=DatanodeDetails, name='Stale_Node'} is skipped, EventQueue is not running
2019-06-12 18:55:06,254 WARN  events.EventQueue (EventQueue.java:fireEvent(147)) - Processing of TypedEvent{payloadType=DatanodeDetails, name='Stale_Node'} is skipped, EventQueue is not running
2019-06-12 18:55:06,448 INFO  ozone.MiniOzoneClusterImpl (MiniOzoneClusterImpl.java:lambda$waitForClusterToBeReady$0(142)) - Waiting for cluster to be ready. Got 0 of 7 DN Heartbeats.
2019-06-12 18:55:06,454 WARN  events.EventQueue (EventQueue.java:fireEvent(147)) - Processing of TypedEvent{payloadType=DatanodeDetails, name='Stale_Node'} is skipped, EventQueue is not running
2019-06-12 18:55:06,514 INFO  ozoneimpl.OzoneContainer (OzoneContainer.java:start(186)) - Attempting to start container services.
2019-06-12 18:55:06,514 INFO  ozoneimpl.OzoneContainer (OzoneContainer.java:startContainerScrub(160)) - Background container scrubber has been disabled by hdds.containerscrub.enabled
2019-06-12 18:55:06,514 INFO  ratis.XceiverServerRatis (XceiverServerRatis.java:start(418)) - Starting XceiverServerRatis 0156765f-d22d-4800-8bbc-b60bca4d4535 at port 39839
2019-06-12 18:55:06,517 INFO  impl.RaftServerProxy (RaftServerProxy.java:lambda$start$3(299)) - 0156765f-d22d-4800-8bbc-b60bca4d4535: start RPC server
2019-06-12 18:55:06,518 INFO  server.GrpcService (GrpcService.java:startImpl(148)) - 0156765f-d22d-4800-8bbc-b60bca4d4535: GrpcService started, listening on 0.0.0.0/0.0.0.0:39839
2019-06-12 18:55:06,656 WARN  events.EventQueue (EventQueue.java:fireEvent(147)) - Processing of TypedEvent{payloadType=DatanodeDetails, name='Stale_Node'} is skipped, EventQueue is not running
2019-06-12 18:55:06,656 WARN  events.EventQueue (EventQueue.java:fireEvent(147)) - Processing of TypedEvent{payloadType=DatanodeDetails, name='Stale_Node'} is skipped, EventQueue is not running
2019-06-12 18:55:06,656 WARN  events.EventQueue (EventQueue.java:fireEvent(147)) - Processing of TypedEvent{payloadType=DatanodeDetails, name='Stale_Node'} is skipped, EventQueue is not running
2019-06-12 18:55:06,658 INFO  ozoneimpl.OzoneContainer (OzoneContainer.java:start(186)) - Attempting to start container services.
2019-06-12 18:55:06,658 INFO  ozoneimpl.OzoneContainer (OzoneContainer.java:startContainerScrub(160)) - Background container scrubber has been disabled by hdds.containerscrub.enabled
2019-06-12 18:55:06,658 INFO  ratis.XceiverServerRatis (XceiverServerRatis.java:start(418)) - Starting XceiverServerRatis f6ecdc3d-2786-4422-8e00-2885a3c970d1 at port 33351
2019-06-12 18:55:06,661 INFO  impl.RaftServerProxy (RaftServerProxy.java:lambda$start$3(299)) - f6ecdc3d-2786-4422-8e00-2885a3c970d1: start RPC server
2019-06-12 18:55:06,662 INFO  server.GrpcService (GrpcService.java:startImpl(148)) - f6ecdc3d-2786-4422-8e00-2885a3c970d1: GrpcService started, listening on 0.0.0.0/0.0.0.0:33351
2019-06-12 18:55:06,807 INFO  ozoneimpl.OzoneContainer (OzoneContainer.java:start(186)) - Attempting to start container services.
2019-06-12 18:55:06,807 INFO  ozoneimpl.OzoneContainer (OzoneContainer.java:startContainerScrub(160)) - Background container scrubber has been disabled by hdds.containerscrub.enabled
2019-06-12 18:55:06,807 INFO  ratis.XceiverServerRatis (XceiverServerRatis.java:start(418)) - Starting XceiverServerRatis f9611169-2612-4e9d-93e9-a7721d2fa22e at port 39709
2019-06-12 18:55:06,810 INFO  impl.RaftServerProxy (RaftServerProxy.java:lambda$start$3(299)) - f9611169-2612-4e9d-93e9-a7721d2fa22e: start RPC server
2019-06-12 18:55:06,811 INFO  server.GrpcService (GrpcService.java:startImpl(148)) - f9611169-2612-4e9d-93e9-a7721d2fa22e: GrpcService started, listening on 0.0.0.0/0.0.0.0:39709
2019-06-12 18:55:06,987 INFO  ozoneimpl.OzoneContainer (OzoneContainer.java:start(186)) - Attempting to start container services.
2019-06-12 18:55:06,987 INFO  ozoneimpl.OzoneContainer (OzoneContainer.java:startContainerScrub(160)) - Background container scrubber has been disabled by hdds.containerscrub.enabled
2019-06-12 18:55:06,987 INFO  ratis.XceiverServerRatis (XceiverServerRatis.java:start(418)) - Starting XceiverServerRatis 05e9dd11-d17f-4c00-aa53-d42703b2ff78 at port 39123
2019-06-12 18:55:06,991 INFO  impl.RaftServerProxy (RaftServerProxy.java:lambda$start$3(299)) - 05e9dd11-d17f-4c00-aa53-d42703b2ff78: start RPC server
2019-06-12 18:55:06,991 INFO  server.GrpcService (GrpcService.java:startImpl(148)) - 05e9dd11-d17f-4c00-aa53-d42703b2ff78: GrpcService started, listening on 0.0.0.0/0.0.0.0:39123
2019-06-12 18:55:07,168 INFO  ozoneimpl.OzoneContainer (OzoneContainer.java:start(186)) - Attempting to start container services.
2019-06-12 18:55:07,168 INFO  ozoneimpl.OzoneContainer (OzoneContainer.java:startContainerScrub(160)) - Background container scrubber has been disabled by hdds.containerscrub.enabled
2019-06-12 18:55:07,168 INFO  ratis.XceiverServerRatis (XceiverServerRatis.java:start(418)) - Starting XceiverServerRatis 1cc10457-1d1f-470d-8f8e-d9ee86d25856 at port 41481
2019-06-12 18:55:07,172 INFO  impl.RaftServerProxy (RaftServerProxy.java:lambda$start$3(299)) - 1cc10457-1d1f-470d-8f8e-d9ee86d25856: start RPC server
2019-06-12 18:55:07,172 INFO  server.GrpcService (GrpcService.java:startImpl(148)) - 1cc10457-1d1f-470d-8f8e-d9ee86d25856: GrpcService started, listening on 0.0.0.0/0.0.0.0:41481
2019-06-12 18:55:07,304 INFO  ozoneimpl.OzoneContainer (OzoneContainer.java:start(186)) - Attempting to start container services.
2019-06-12 18:55:07,304 INFO  ozoneimpl.OzoneContainer (OzoneContainer.java:startContainerScrub(160)) - Background container scrubber has been disabled by hdds.containerscrub.enabled
2019-06-12 18:55:07,304 INFO  ratis.XceiverServerRatis (XceiverServerRatis.java:start(418)) - Starting XceiverServerRatis 93dd7c6b-bf14-4c56-ab78-3056bba117b8 at port 39653
2019-06-12 18:55:07,307 INFO  impl.RaftServerProxy (RaftServerProxy.java:lambda$start$3(299)) - 93dd7c6b-bf14-4c56-ab78-3056bba117b8: start RPC server
2019-06-12 18:55:07,307 INFO  server.GrpcService (GrpcService.java:startImpl(148)) - 93dd7c6b-bf14-4c56-ab78-3056bba117b8: GrpcService started, listening on 0.0.0.0/0.0.0.0:39653
2019-06-12 18:55:07,448 INFO  ozone.MiniOzoneClusterImpl (MiniOzoneClusterImpl.java:lambda$waitForClusterToBeReady$0(142)) - Waiting for cluster to be ready. Got 0 of 7 DN Heartbeats.
2019-06-12 18:55:07,449 INFO  ozoneimpl.OzoneContainer (OzoneContainer.java:start(186)) - Attempting to start container services.
2019-06-12 18:55:07,449 INFO  ozoneimpl.OzoneContainer (OzoneContainer.java:startContainerScrub(160)) - Background container scrubber has been disabled by hdds.containerscrub.enabled
2019-06-12 18:55:07,449 INFO  ratis.XceiverServerRatis (XceiverServerRatis.java:start(418)) - Starting XceiverServerRatis 49ff5c27-b47f-48aa-a579-615e0f2dc3fe at port 33059
2019-06-12 18:55:07,452 INFO  impl.RaftServerProxy (RaftServerProxy.java:lambda$start$3(299)) - 49ff5c27-b47f-48aa-a579-615e0f2dc3fe: start RPC server
2019-06-12 18:55:07,452 INFO  server.GrpcService (GrpcService.java:startImpl(148)) - 49ff5c27-b47f-48aa-a579-615e0f2dc3fe: GrpcService started, listening on 0.0.0.0/0.0.0.0:33059
2019-06-12 18:55:08,449 INFO  ozone.MiniOzoneClusterImpl (MiniOzoneClusterImpl.java:lambda$waitForClusterToBeReady$0(142)) - Waiting for cluster to be ready. Got 0 of 7 DN Heartbeats.
2019-06-12 18:55:08,507 INFO  node.SCMNodeManager (SCMNodeManager.java:register(234)) - Registered Data node : 0156765f-d22d-4800-8bbc-b60bca4d4535{ip: 192.168.46.15, host: ozone-hw5hf-1599250011, networkLocation: /default-rack, certSerialId: null}
2019-06-12 18:55:08,510 INFO  safemode.SCMSafeModeManager (DataNodeSafeModeRule.java:process(71)) - SCM in safe mode. 1 DataNodes registered, 1 required.
2019-06-12 18:55:08,512 INFO  safemode.SCMSafeModeManager (SCMSafeModeManager.java:validateSafeModeExitRules(177)) - ScmSafeModeManager, all rules are successfully validated
2019-06-12 18:55:08,512 INFO  safemode.SCMSafeModeManager (SCMSafeModeManager.java:exitSafeMode(193)) - SCM exiting safe mode.
2019-06-12 18:55:08,525 INFO  impl.RaftServerProxy (RaftServerProxy.java:addNew(89)) - 0156765f-d22d-4800-8bbc-b60bca4d4535: addNew group-74FD81F312F1:[0156765f-d22d-4800-8bbc-b60bca4d4535:192.168.46.15:39839] returns group-74FD81F312F1:java.util.concurrent.CompletableFuture@46810534[Not completed]
2019-06-12 18:55:08,525 INFO  impl.RaftServerImpl (RaftServerImpl.java:<init>(91)) - 0156765f-d22d-4800-8bbc-b60bca4d4535: new RaftServerImpl for group-74FD81F312F1:[0156765f-d22d-4800-8bbc-b60bca4d4535:192.168.46.15:39839] with ContainerStateMachine:uninitialized
2019-06-12 18:55:08,525 INFO  server.RaftServerConfigKeys (ConfUtils.java:logGet(43)) - raft.server.rpc.timeout.min = 1s (custom)
2019-06-12 18:55:08,526 INFO  server.RaftServerConfigKeys (ConfUtils.java:logGet(43)) - raft.server.rpc.timeout.max = 1200ms (custom)
2019-06-12 18:55:08,526 INFO  server.RaftServerConfigKeys (ConfUtils.java:logGet(43)) - raft.server.rpcslowness.timeout = 120s (custom)
2019-06-12 18:55:08,526 INFO  server.RaftServerConfigKeys (ConfUtils.java:logGet(43)) - raft.server.log.appender.install.snapshot.enabled = true (default)
2019-06-12 18:55:08,526 INFO  impl.RaftServerImpl (ServerState.java:<init>(101)) - 0156765f-d22d-4800-8bbc-b60bca4d4535:group-74FD81F312F1 ConfigurationManager, init=-1: [0156765f-d22d-4800-8bbc-b60bca4d4535:192.168.46.15:39839], old=null, confs=<EMPTY_MAP>
2019-06-12 18:55:08,526 INFO  server.RaftServerConfigKeys (ConfUtils.java:logGet(43)) - raft.server.storage.dir = [/opt/src/hadoop-ozone/integration-test/target/test-dir/MiniOzoneClusterImpl-c27f3baa-4cf1-435c-be93-5eb4053ac44b/datanode-0/data/ratis] (custom)
2019-06-12 18:55:08,526 INFO  storage.RaftStorageDirectory (RaftStorageDirectory.java:analyzeStorage(246)) - The storage directory /opt/src/hadoop-ozone/integration-test/target/test-dir/MiniOzoneClusterImpl-c27f3baa-4cf1-435c-be93-5eb4053ac44b/datanode-0/data/ratis/8301a836-cec2-4b1c-a559-74fd81f312f1 does not exist. Creating ...
2019-06-12 18:55:08,528 INFO  storage.RaftStorageDirectory (RaftStorageDirectory.java:tryLock(328)) - Lock on /opt/src/hadoop-ozone/integration-test/target/test-dir/MiniOzoneClusterImpl-c27f3baa-4cf1-435c-be93-5eb4053ac44b/datanode-0/data/ratis/8301a836-cec2-4b1c-a559-74fd81f312f1/in_use.lock acquired by nodename 10680@ozone-hw5hf-1599250011
2019-06-12 18:55:08,530 INFO  storage.RaftStorage (RaftStorage.java:format(75)) - Storage directory /opt/src/hadoop-ozone/integration-test/target/test-dir/MiniOzoneClusterImpl-c27f3baa-4cf1-435c-be93-5eb4053ac44b/datanode-0/data/ratis/8301a836-cec2-4b1c-a559-74fd81f312f1 has been successfully formatted.
2019-06-12 18:55:08,530 INFO  ratis.ContainerStateMachine (ContainerStateMachine.java:loadSnapshot(199)) - The snapshot info is null.Setting the last applied index to:(t:0, i:~)
2019-06-12 18:55:08,530 INFO  server.RaftServerConfigKeys (ConfUtils.java:logGet(43)) - raft.server.leader.election.timeout = 120s (custom)
2019-06-12 18:55:08,530 INFO  server.RaftServerConfigKeys (ConfUtils.java:logGet(43)) - raft.server.log.use.memory = false (default)
2019-06-12 18:55:08,530 INFO  server.RaftServerConfigKeys (ConfUtils.java:logGet(43)) - raft.server.log.appender.buffer.byte-limit = 33554432 (custom)
2019-06-12 18:55:08,530 INFO  server.RaftServerConfigKeys (ConfUtils.java:logGet(43)) - raft.server.log.segment.size.max = 16384 (custom)
2019-06-12 18:55:08,530 INFO  server.RaftServerConfigKeys (ConfUtils.java:logGet(43)) - raft.server.log.segment.cache.num.max = 2 (custom)
2019-06-12 18:55:08,530 INFO  storage.RaftLogWorker (RaftLogWorker.java:<init>(123)) - new 0156765f-d22d-4800-8bbc-b60bca4d4535-RaftLogWorker for Storage Directory /opt/src/hadoop-ozone/integration-test/target/test-dir/MiniOzoneClusterImpl-c27f3baa-4cf1-435c-be93-5eb4053ac44b/datanode-0/data/ratis/8301a836-cec2-4b1c-a559-74fd81f312f1
2019-06-12 18:55:08,530 INFO  server.RaftServerConfigKeys (ConfUtils.java:logGet(43)) - raft.server.log.queue.byte-limit = 2147483647 (custom)
2019-06-12 18:55:08,531 INFO  server.RaftServerConfigKeys (ConfUtils.java:logGet(43)) - raft.server.log.queue.element-limit = 1024 (custom)
2019-06-12 18:55:08,531 INFO  server.RaftServerConfigKeys (ConfUtils.java:logGet(43)) - raft.server.log.segment.size.max = 16384 (custom)
2019-06-12 18:55:08,531 INFO  server.RaftServerConfigKeys (ConfUtils.java:logGet(43)) - raft.server.log.preallocated.size = 16384 (custom)
2019-06-12 18:55:08,531 INFO  server.RaftServerConfigKeys (ConfUtils.java:logGet(43)) - raft.server.log.write.buffer.size = 33554432 (custom)
2019-06-12 18:55:08,531 INFO  server.RaftServerConfigKeys (ConfUtils.java:logGet(43)) - raft.server.log.force.sync.num = 128 (default)
2019-06-12 18:55:08,531 INFO  server.RaftServerConfigKeys (ConfUtils.java:logGet(43)) - raft.server.log.statemachine.data.sync = true (default)
2019-06-12 18:55:08,531 INFO  server.RaftServerConfigKeys (ConfUtils.java:logGet(43)) - raft.server.log.statemachine.data.sync.timeout = 10s (default)
2019-06-12 18:55:08,531 INFO  server.RaftServerConfigKeys (ConfUtils.java:logGet(43)) - raft.server.log.statemachine.data.sync.timeout.retry = -1 (default)
2019-06-12 18:55:08,531 INFO  server.RaftServerConfigKeys (ConfUtils.java:logGet(43)) - raft.server.log.statemachine.data.caching.enabled = true (custom)
2019-06-12 18:55:08,532 INFO  server.RaftServerConfigKeys (ConfUtils.java:logGet(43)) - raft.server.snapshot.auto.trigger.enabled = true (custom)
2019-06-12 18:55:08,532 INFO  server.RaftServerConfigKeys (ConfUtils.java:logGet(43)) - raft.server.snapshot.auto.trigger.threshold = 10000 (custom)
2019-06-12 18:55:08,532 INFO  server.RaftServerConfigKeys (ConfUtils.java:logGet(43)) - raft.server.retrycache.expirytime = 600000ms (custom)
2019-06-12 18:55:08,532 INFO  impl.RaftServerImpl (RaftServerImpl.java:start(173)) - 0156765f-d22d-4800-8bbc-b60bca4d4535: start group-74FD81F312F1
2019-06-12 18:55:08,532 INFO  impl.RaftServerImpl (RaftServerImpl.java:setRole(164)) - 0156765f-d22d-4800-8bbc-b60bca4d4535:group-74FD81F312F1 changes role from null to FOLLOWER at term 0 for startAsFollower
2019-06-12 18:55:08,532 INFO  impl.RoleInfo (RoleInfo.java:updateAndGet(143)) - 0156765f-d22d-4800-8bbc-b60bca4d4535: start FollowerState
2019-06-12 18:55:08,532 INFO  util.JmxRegister (JmxRegister.java:tryRegister(44)) - Successfully registered JMX Bean with object name Ratis:service=RaftServer,group=group-74FD81F312F1,id=0156765f-d22d-4800-8bbc-b60bca4d4535
2019-06-12 18:55:08,537 INFO  pipeline.PipelineStateManager (PipelineStateManager.java:addPipeline(56)) - Created pipeline Pipeline[ Id: 8301a836-cec2-4b1c-a559-74fd81f312f1, Nodes: 0156765f-d22d-4800-8bbc-b60bca4d4535{ip: 192.168.46.15, host: ozone-hw5hf-1599250011, networkLocation: /default-rack, certSerialId: null}, Type:RATIS, Factor:ONE, State:OPEN]
2019-06-12 18:55:08,653 INFO  node.SCMNodeManager (SCMNodeManager.java:register(234)) - Registered Data node : f6ecdc3d-2786-4422-8e00-2885a3c970d1{ip: 192.168.46.15, host: ozone-hw5hf-1599250011, networkLocation: /default-rack, certSerialId: null}
2019-06-12 18:55:08,661 INFO  impl.RaftServerProxy (RaftServerProxy.java:addNew(89)) - f6ecdc3d-2786-4422-8e00-2885a3c970d1: addNew group-236529AC5C9E:[f6ecdc3d-2786-4422-8e00-2885a3c970d1:192.168.46.15:33351] returns group-236529AC5C9E:java.util.concurrent.CompletableFuture@7d857a71[Not completed]
2019-06-12 18:55:08,661 INFO  impl.RaftServerImpl (RaftServerImpl.java:<init>(91)) - f6ecdc3d-2786-4422-8e00-2885a3c970d1: new RaftServerImpl for group-236529AC5C9E:[f6ecdc3d-2786-4422-8e00-2885a3c970d1:192.168.46.15:33351] with ContainerStateMachine:uninitialized
2019-06-12 18:55:08,661 INFO  server.RaftServerConfigKeys (ConfUtils.java:logGet(43)) - raft.server.rpc.timeout.min = 1s (custom)
2019-06-12 18:55:08,661 INFO  server.RaftServerConfigKeys (ConfUtils.java:logGet(43)) - raft.server.rpc.timeout.max = 1200ms (custom)
2019-06-12 18:55:08,661 INFO  server.RaftServerConfigKeys (ConfUtils.java:logGet(43)) - raft.server.rpcslowness.timeout = 120s (custom)
2019-06-12 18:55:08,661 INFO  server.RaftServerConfigKeys (ConfUtils.java:logGet(43)) - raft.server.log.appender.install.snapshot.enabled = true (default)
2019-06-12 18:55:08,662 INFO  impl.RaftServerImpl (ServerState.java:<init>(101)) - f6ecdc3d-2786-4422-8e00-2885a3c970d1:group-236529AC5C9E ConfigurationManager, init=-1: [f6ecdc3d-2786-4422-8e00-2885a3c970d1:192.168.46.15:33351], old=null, confs=<EMPTY_MAP>
2019-06-12 18:55:08,662 INFO  server.RaftServerConfigKeys (ConfUtils.java:logGet(43)) - raft.server.storage.dir = [/opt/src/hadoop-ozone/integration-test/target/test-dir/MiniOzoneClusterImpl-c27f3baa-4cf1-435c-be93-5eb4053ac44b/datanode-1/data/ratis] (custom)
2019-06-12 18:55:08,662 INFO  storage.RaftStorageDirectory (RaftStorageDirectory.java:analyzeStorage(246)) - The storage directory /opt/src/hadoop-ozone/integration-test/target/test-dir/MiniOzoneClusterImpl-c27f3baa-4cf1-435c-be93-5eb4053ac44b/datanode-1/data/ratis/b5b778eb-3b1b-42c0-8004-236529ac5c9e does not exist. Creating ...
2019-06-12 18:55:08,664 INFO  storage.RaftStorageDirectory (RaftStorageDirectory.java:tryLock(328)) - Lock on /opt/src/hadoop-ozone/integration-test/target/test-dir/MiniOzoneClusterImpl-c27f3baa-4cf1-435c-be93-5eb4053ac44b/datanode-1/data/ratis/b5b778eb-3b1b-42c0-8004-236529ac5c9e/in_use.lock acquired by nodename 10680@ozone-hw5hf-1599250011
2019-06-12 18:55:08,666 INFO  storage.RaftStorage (RaftStorage.java:format(75)) - Storage directory /opt/src/hadoop-ozone/integration-test/target/test-dir/MiniOzoneClusterImpl-c27f3baa-4cf1-435c-be93-5eb4053ac44b/datanode-1/data/ratis/b5b778eb-3b1b-42c0-8004-236529ac5c9e has been successfully formatted.
2019-06-12 18:55:08,666 INFO  ratis.ContainerStateMachine (ContainerStateMachine.java:loadSnapshot(199)) - The snapshot info is null.Setting the last applied index to:(t:0, i:~)
2019-06-12 18:55:08,666 INFO  server.RaftServerConfigKeys (ConfUtils.java:logGet(43)) - raft.server.leader.election.timeout = 120s (custom)
2019-06-12 18:55:08,666 INFO  server.RaftServerConfigKeys (ConfUtils.java:logGet(43)) - raft.server.log.use.memory = false (default)
2019-06-12 18:55:08,666 INFO  server.RaftServerConfigKeys (ConfUtils.java:logGet(43)) - raft.server.log.appender.buffer.byte-limit = 33554432 (custom)
2019-06-12 18:55:08,666 INFO  server.RaftServerConfigKeys (ConfUtils.java:logGet(43)) - raft.server.log.segment.size.max = 16384 (custom)
2019-06-12 18:55:08,667 INFO  server.RaftServerConfigKeys (ConfUtils.java:logGet(43)) - raft.server.log.segment.cache.num.max = 2 (custom)
2019-06-12 18:55:08,667 INFO  storage.RaftLogWorker (RaftLogWorker.java:<init>(123)) - new f6ecdc3d-2786-4422-8e00-2885a3c970d1-RaftLogWorker for Storage Directory /opt/src/hadoop-ozone/integration-test/target/test-dir/MiniOzoneClusterImpl-c27f3baa-4cf1-435c-be93-5eb4053ac44b/datanode-1/data/ratis/b5b778eb-3b1b-42c0-8004-236529ac5c9e
2019-06-12 18:55:08,667 INFO  server.RaftServerConfigKeys (ConfUtils.java:logGet(43)) - raft.server.log.queue.byte-limit = 2147483647 (custom)
2019-06-12 18:55:08,667 INFO  server.RaftServerConfigKeys (ConfUtils.java:logGet(43)) - raft.server.log.queue.element-limit = 1024 (custom)
2019-06-12 18:55:08,667 INFO  server.RaftServerConfigKeys (ConfUtils.java:logGet(43)) - raft.server.log.segment.size.max = 16384 (custom)
2019-06-12 18:55:08,667 INFO  server.RaftServerConfigKeys (ConfUtils.java:logGet(43)) - raft.server.log.preallocated.size = 16384 (custom)
2019-06-12 18:55:08,667 INFO  server.RaftServerConfigKeys (ConfUtils.java:logGet(43)) - raft.server.log.write.buffer.size = 33554432 (custom)
2019-06-12 18:55:08,667 INFO  server.RaftServerConfigKeys (ConfUtils.java:logGet(43)) - raft.server.log.force.sync.num = 128 (default)
2019-06-12 18:55:08,667 INFO  server.RaftServerConfigKeys (ConfUtils.java:logGet(43)) - raft.server.log.statemachine.data.sync = true (default)
2019-06-12 18:55:08,667 INFO  server.RaftServerConfigKeys (ConfUtils.java:logGet(43)) - raft.server.log.statemachine.data.sync.timeout = 10s (default)
2019-06-12 18:55:08,667 INFO  server.RaftServerConfigKeys (ConfUtils.java:logGet(43)) - raft.server.log.statemachine.data.sync.timeout.retry = -1 (default)
2019-06-12 18:55:08,667 INFO  server.RaftServerConfigKeys (ConfUtils.java:logGet(43)) - raft.server.log.statemachine.data.caching.enabled = true (custom)
2019-06-12 18:55:08,667 INFO  server.RaftServerConfigKeys (ConfUtils.java:logGet(43)) - raft.server.snapshot.auto.trigger.enabled = true (custom)
2019-06-12 18:55:08,668 INFO  server.RaftServerConfigKeys (ConfUtils.java:logGet(43)) - raft.server.snapshot.auto.trigger.threshold = 10000 (custom)
2019-06-12 18:55:08,668 INFO  server.RaftServerConfigKeys (ConfUtils.java:logGet(43)) - raft.server.retrycache.expirytime = 600000ms (custom)
2019-06-12 18:55:08,668 INFO  impl.RaftServerImpl (RaftServerImpl.java:start(173)) - f6ecdc3d-2786-4422-8e00-2885a3c970d1: start group-236529AC5C9E
2019-06-12 18:55:08,668 INFO  impl.RaftServerImpl (RaftServerImpl.java:setRole(164)) - f6ecdc3d-2786-4422-8e00-2885a3c970d1:group-236529AC5C9E changes role from null to FOLLOWER at term 0 for startAsFollower
2019-06-12 18:55:08,668 INFO  impl.RoleInfo (RoleInfo.java:updateAndGet(143)) - f6ecdc3d-2786-4422-8e00-2885a3c970d1: start FollowerState
2019-06-12 18:55:08,668 INFO  util.JmxRegister (JmxRegister.java:tryRegister(44)) - Successfully registered JMX Bean with object name Ratis:service=RaftServer,group=group-236529AC5C9E,id=f6ecdc3d-2786-4422-8e00-2885a3c970d1
2019-06-12 18:55:08,669 INFO  pipeline.PipelineStateManager (PipelineStateManager.java:addPipeline(56)) - Created pipeline Pipeline[ Id: b5b778eb-3b1b-42c0-8004-236529ac5c9e, Nodes: f6ecdc3d-2786-4422-8e00-2885a3c970d1{ip: 192.168.46.15, host: ozone-hw5hf-1599250011, networkLocation: /default-rack, certSerialId: null}, Type:RATIS, Factor:ONE, State:OPEN]
2019-06-12 18:55:08,805 INFO  node.SCMNodeManager (SCMNodeManager.java:register(234)) - Registered Data node : f9611169-2612-4e9d-93e9-a7721d2fa22e{ip: 192.168.46.15, host: ozone-hw5hf-1599250011, networkLocation: /default-rack, certSerialId: null}
2019-06-12 18:55:08,812 INFO  impl.RaftServerProxy (RaftServerProxy.java:addNew(89)) - f9611169-2612-4e9d-93e9-a7721d2fa22e: addNew group-61EC07965501:[f9611169-2612-4e9d-93e9-a7721d2fa22e:192.168.46.15:39709] returns group-61EC07965501:java.util.concurrent.CompletableFuture@65bf0bf8[Not completed]
2019-06-12 18:55:08,812 INFO  impl.RaftServerImpl (RaftServerImpl.java:<init>(91)) - f9611169-2612-4e9d-93e9-a7721d2fa22e: new RaftServerImpl for group-61EC07965501:[f9611169-2612-4e9d-93e9-a7721d2fa22e:192.168.46.15:39709] with ContainerStateMachine:uninitialized
2019-06-12 18:55:08,812 INFO  server.RaftServerConfigKeys (ConfUtils.java:logGet(43)) - raft.server.rpc.timeout.min = 1s (custom)
2019-06-12 18:55:08,812 INFO  server.RaftServerConfigKeys (ConfUtils.java:logGet(43)) - raft.server.rpc.timeout.max = 1200ms (custom)
2019-06-12 18:55:08,812 INFO  server.RaftServerConfigKeys (ConfUtils.java:logGet(43)) - raft.server.rpcslowness.timeout = 120s (custom)
2019-06-12 18:55:08,812 INFO  server.RaftServerConfigKeys (ConfUtils.java:logGet(43)) - raft.server.log.appender.install.snapshot.enabled = true (default)
2019-06-12 18:55:08,813 INFO  impl.RaftServerImpl (ServerState.java:<init>(101)) - f9611169-2612-4e9d-93e9-a7721d2fa22e:group-61EC07965501 ConfigurationManager, init=-1: [f9611169-2612-4e9d-93e9-a7721d2fa22e:192.168.46.15:39709], old=null, confs=<EMPTY_MAP>
2019-06-12 18:55:08,813 INFO  server.RaftServerConfigKeys (ConfUtils.java:logGet(43)) - raft.server.storage.dir = [/opt/src/hadoop-ozone/integration-test/target/test-dir/MiniOzoneClusterImpl-c27f3baa-4cf1-435c-be93-5eb4053ac44b/datanode-2/data/ratis] (custom)
2019-06-12 18:55:08,813 INFO  storage.RaftStorageDirectory (RaftStorageDirectory.java:analyzeStorage(246)) - The storage directory /opt/src/hadoop-ozone/integration-test/target/test-dir/MiniOzoneClusterImpl-c27f3baa-4cf1-435c-be93-5eb4053ac44b/datanode-2/data/ratis/e9c26b9c-4ada-4b18-b737-61ec07965501 does not exist. Creating ...
2019-06-12 18:55:08,815 INFO  storage.RaftStorageDirectory (RaftStorageDirectory.java:tryLock(328)) - Lock on /opt/src/hadoop-ozone/integration-test/target/test-dir/MiniOzoneClusterImpl-c27f3baa-4cf1-435c-be93-5eb4053ac44b/datanode-2/data/ratis/e9c26b9c-4ada-4b18-b737-61ec07965501/in_use.lock acquired by nodename 10680@ozone-hw5hf-1599250011
2019-06-12 18:55:08,816 INFO  storage.RaftStorage (RaftStorage.java:format(75)) - Storage directory /opt/src/hadoop-ozone/integration-test/target/test-dir/MiniOzoneClusterImpl-c27f3baa-4cf1-435c-be93-5eb4053ac44b/datanode-2/data/ratis/e9c26b9c-4ada-4b18-b737-61ec07965501 has been successfully formatted.
2019-06-12 18:55:08,816 INFO  ratis.ContainerStateMachine (ContainerStateMachine.java:loadSnapshot(199)) - The snapshot info is null.Setting the last applied index to:(t:0, i:~)
2019-06-12 18:55:08,817 INFO  server.RaftServerConfigKeys (ConfUtils.java:logGet(43)) - raft.server.leader.election.timeout = 120s (custom)
2019-06-12 18:55:08,817 INFO  server.RaftServerConfigKeys (ConfUtils.java:logGet(43)) - raft.server.log.use.memory = false (default)
2019-06-12 18:55:08,817 INFO  server.RaftServerConfigKeys (ConfUtils.java:logGet(43)) - raft.server.log.appender.buffer.byte-limit = 33554432 (custom)
2019-06-12 18:55:08,817 INFO  server.RaftServerConfigKeys (ConfUtils.java:logGet(43)) - raft.server.log.segment.size.max = 16384 (custom)
2019-06-12 18:55:08,817 INFO  server.RaftServerConfigKeys (ConfUtils.java:logGet(43)) - raft.server.log.segment.cache.num.max = 2 (custom)
2019-06-12 18:55:08,817 INFO  storage.RaftLogWorker (RaftLogWorker.java:<init>(123)) - new f9611169-2612-4e9d-93e9-a7721d2fa22e-RaftLogWorker for Storage Directory /opt/src/hadoop-ozone/integration-test/target/test-dir/MiniOzoneClusterImpl-c27f3baa-4cf1-435c-be93-5eb4053ac44b/datanode-2/data/ratis/e9c26b9c-4ada-4b18-b737-61ec07965501
2019-06-12 18:55:08,817 INFO  server.RaftServerConfigKeys (ConfUtils.java:logGet(43)) - raft.server.log.queue.byte-limit = 2147483647 (custom)
2019-06-12 18:55:08,817 INFO  server.RaftServerConfigKeys (ConfUtils.java:logGet(43)) - raft.server.log.queue.element-limit = 1024 (custom)
2019-06-12 18:55:08,817 INFO  server.RaftServerConfigKeys (ConfUtils.java:logGet(43)) - raft.server.log.segment.size.max = 16384 (custom)
2019-06-12 18:55:08,817 INFO  server.RaftServerConfigKeys (ConfUtils.java:logGet(43)) - raft.server.log.preallocated.size = 16384 (custom)
2019-06-12 18:55:08,817 INFO  server.RaftServerConfigKeys (ConfUtils.java:logGet(43)) - raft.server.log.write.buffer.size = 33554432 (custom)
2019-06-12 18:55:08,817 INFO  server.RaftServerConfigKeys (ConfUtils.java:logGet(43)) - raft.server.log.force.sync.num = 128 (default)
2019-06-12 18:55:08,817 INFO  server.RaftServerConfigKeys (ConfUtils.java:logGet(43)) - raft.server.log.statemachine.data.sync = true (default)
2019-06-12 18:55:08,817 INFO  server.RaftServerConfigKeys (ConfUtils.java:logGet(43)) - raft.server.log.statemachine.data.sync.timeout = 10s (default)
2019-06-12 18:55:08,818 INFO  server.RaftServerConfigKeys (ConfUtils.java:logGet(43)) - raft.server.log.statemachine.data.sync.timeout.retry = -1 (default)
2019-06-12 18:55:08,818 INFO  server.RaftServerConfigKeys (ConfUtils.java:logGet(43)) - raft.server.log.statemachine.data.caching.enabled = true (custom)
2019-06-12 18:55:08,818 INFO  server.RaftServerConfigKeys (ConfUtils.java:logGet(43)) - raft.server.snapshot.auto.trigger.enabled = true (custom)
2019-06-12 18:55:08,818 INFO  server.RaftServerConfigKeys (ConfUtils.java:logGet(43)) - raft.server.snapshot.auto.trigger.threshold = 10000 (custom)
2019-06-12 18:55:08,818 INFO  server.RaftServerConfigKeys (ConfUtils.java:logGet(43)) - raft.server.retrycache.expirytime = 600000ms (custom)
2019-06-12 18:55:08,818 INFO  impl.RaftServerImpl (RaftServerImpl.java:start(173)) - f9611169-2612-4e9d-93e9-a7721d2fa22e: start group-61EC07965501
2019-06-12 18:55:08,818 INFO  impl.RaftServerImpl (RaftServerImpl.java:setRole(164)) - f9611169-2612-4e9d-93e9-a7721d2fa22e:group-61EC07965501 changes role from null to FOLLOWER at term 0 for startAsFollower
2019-06-12 18:55:08,818 INFO  impl.RoleInfo (RoleInfo.java:updateAndGet(143)) - f9611169-2612-4e9d-93e9-a7721d2fa22e: start FollowerState
2019-06-12 18:55:08,818 INFO  util.JmxRegister (JmxRegister.java:tryRegister(44)) - Successfully registered JMX Bean with object name Ratis:service=RaftServer,group=group-61EC07965501,id=f9611169-2612-4e9d-93e9-a7721d2fa22e
2019-06-12 18:55:08,820 INFO  pipeline.PipelineStateManager (PipelineStateManager.java:addPipeline(56)) - Created pipeline Pipeline[ Id: e9c26b9c-4ada-4b18-b737-61ec07965501, Nodes: f9611169-2612-4e9d-93e9-a7721d2fa22e{ip: 192.168.46.15, host: ozone-hw5hf-1599250011, networkLocation: /default-rack, certSerialId: null}, Type:RATIS, Factor:ONE, State:OPEN]
2019-06-12 18:55:08,828 INFO  impl.RaftServerProxy (RaftServerProxy.java:addNew(89)) - f6ecdc3d-2786-4422-8e00-2885a3c970d1: addNew group-9F71F074B3CC:[f6ecdc3d-2786-4422-8e00-2885a3c970d1:192.168.46.15:33351, 0156765f-d22d-4800-8bbc-b60bca4d4535:192.168.46.15:39839, f9611169-2612-4e9d-93e9-a7721d2fa22e:192.168.46.15:39709] returns group-9F71F074B3CC:java.util.concurrent.CompletableFuture@1bb6fc13[Not completed]
2019-06-12 18:55:08,829 INFO  impl.RaftServerImpl (RaftServerImpl.java:<init>(91)) - f6ecdc3d-2786-4422-8e00-2885a3c970d1: new RaftServerImpl for group-9F71F074B3CC:[f6ecdc3d-2786-4422-8e00-2885a3c970d1:192.168.46.15:33351, 0156765f-d22d-4800-8bbc-b60bca4d4535:192.168.46.15:39839, f9611169-2612-4e9d-93e9-a7721d2fa22e:192.168.46.15:39709] with ContainerStateMachine:uninitialized
2019-06-12 18:55:08,829 INFO  server.RaftServerConfigKeys (ConfUtils.java:logGet(43)) - raft.server.rpc.timeout.min = 1s (custom)
2019-06-12 18:55:08,829 INFO  server.RaftServerConfigKeys (ConfUtils.java:logGet(43)) - raft.server.rpc.timeout.max = 1200ms (custom)
2019-06-12 18:55:08,829 INFO  server.RaftServerConfigKeys (ConfUtils.java:logGet(43)) - raft.server.rpcslowness.timeout = 120s (custom)
2019-06-12 18:55:08,829 INFO  server.RaftServerConfigKeys (ConfUtils.java:logGet(43)) - raft.server.log.appender.install.snapshot.enabled = true (default)
2019-06-12 18:55:08,829 INFO  impl.RaftServerImpl (ServerState.java:<init>(101)) - f6ecdc3d-2786-4422-8e00-2885a3c970d1:group-9F71F074B3CC ConfigurationManager, init=-1: [f6ecdc3d-2786-4422-8e00-2885a3c970d1:192.168.46.15:33351, 0156765f-d22d-4800-8bbc-b60bca4d4535:192.168.46.15:39839, f9611169-2612-4e9d-93e9-a7721d2fa22e:192.168.46.15:39709], old=null, confs=<EMPTY_MAP>
2019-06-12 18:55:08,829 INFO  server.RaftServerConfigKeys (ConfUtils.java:logGet(43)) - raft.server.storage.dir = [/opt/src/hadoop-ozone/integration-test/target/test-dir/MiniOzoneClusterImpl-c27f3baa-4cf1-435c-be93-5eb4053ac44b/datanode-1/data/ratis] (custom)
2019-06-12 18:55:08,829 INFO  storage.RaftStorageDirectory (RaftStorageDirectory.java:analyzeStorage(246)) - The storage directory /opt/src/hadoop-ozone/integration-test/target/test-dir/MiniOzoneClusterImpl-c27f3baa-4cf1-435c-be93-5eb4053ac44b/datanode-1/data/ratis/475ecab8-6c23-49e8-a414-9f71f074b3cc does not exist. Creating ...
2019-06-12 18:55:08,830 INFO  impl.RaftServerProxy (RaftServerProxy.java:addNew(89)) - f9611169-2612-4e9d-93e9-a7721d2fa22e: addNew group-9F71F074B3CC:[f6ecdc3d-2786-4422-8e00-2885a3c970d1:192.168.46.15:33351, 0156765f-d22d-4800-8bbc-b60bca4d4535:192.168.46.15:39839, f9611169-2612-4e9d-93e9-a7721d2fa22e:192.168.46.15:39709] returns group-9F71F074B3CC:java.util.concurrent.CompletableFuture@44968d94[Not completed]
2019-06-12 18:55:08,830 INFO  impl.RaftServerProxy (RaftServerProxy.java:addNew(89)) - 0156765f-d22d-4800-8bbc-b60bca4d4535: addNew group-9F71F074B3CC:[f6ecdc3d-2786-4422-8e00-2885a3c970d1:192.168.46.15:33351, 0156765f-d22d-4800-8bbc-b60bca4d4535:192.168.46.15:39839, f9611169-2612-4e9d-93e9-a7721d2fa22e:192.168.46.15:39709] returns group-9F71F074B3CC:java.util.concurrent.CompletableFuture@3eb6274e[Not completed]
2019-06-12 18:55:08,830 INFO  impl.RaftServerImpl (RaftServerImpl.java:<init>(91)) - f9611169-2612-4e9d-93e9-a7721d2fa22e: new RaftServerImpl for group-9F71F074B3CC:[f6ecdc3d-2786-4422-8e00-2885a3c970d1:192.168.46.15:33351, 0156765f-d22d-4800-8bbc-b60bca4d4535:192.168.46.15:39839, f9611169-2612-4e9d-93e9-a7721d2fa22e:192.168.46.15:39709] with ContainerStateMachine:uninitialized
2019-06-12 18:55:08,830 INFO  server.RaftServerConfigKeys (ConfUtils.java:logGet(43)) - raft.server.rpc.timeout.min = 1s (custom)
2019-06-12 18:55:08,830 INFO  server.RaftServerConfigKeys (ConfUtils.java:logGet(43)) - raft.server.rpc.timeout.max = 1200ms (custom)
2019-06-12 18:55:08,830 INFO  impl.RaftServerImpl (RaftServerImpl.java:<init>(91)) - 0156765f-d22d-4800-8bbc-b60bca4d4535: new RaftServerImpl for group-9F71F074B3CC:[f6ecdc3d-2786-4422-8e00-2885a3c970d1:192.168.46.15:33351, 0156765f-d22d-4800-8bbc-b60bca4d4535:192.168.46.15:39839, f9611169-2612-4e9d-93e9-a7721d2fa22e:192.168.46.15:39709] with ContainerStateMachine:uninitialized
2019-06-12 18:55:08,830 INFO  server.RaftServerConfigKeys (ConfUtils.java:logGet(43)) - raft.server.rpcslowness.timeout = 120s (custom)
2019-06-12 18:55:08,831 INFO  server.RaftServerConfigKeys (ConfUtils.java:logGet(43)) - raft.server.rpc.timeout.min = 1s (custom)
2019-06-12 18:55:08,831 INFO  server.RaftServerConfigKeys (ConfUtils.java:logGet(43)) - raft.server.log.appender.install.snapshot.enabled = true (default)
2019-06-12 18:55:08,831 INFO  server.RaftServerConfigKeys (ConfUtils.java:logGet(43)) - raft.server.rpc.timeout.max = 1200ms (custom)
2019-06-12 18:55:08,831 INFO  impl.RaftServerImpl (ServerState.java:<init>(101)) - f9611169-2612-4e9d-93e9-a7721d2fa22e:group-9F71F074B3CC ConfigurationManager, init=-1: [f6ecdc3d-2786-4422-8e00-2885a3c970d1:192.168.46.15:33351, 0156765f-d22d-4800-8bbc-b60bca4d4535:192.168.46.15:39839, f9611169-2612-4e9d-93e9-a7721d2fa22e:192.168.46.15:39709], old=null, confs=<EMPTY_MAP>
2019-06-12 18:55:08,831 INFO  server.RaftServerConfigKeys (ConfUtils.java:logGet(43)) - raft.server.rpcslowness.timeout = 120s (custom)
2019-06-12 18:55:08,831 INFO  server.RaftServerConfigKeys (ConfUtils.java:logGet(43)) - raft.server.storage.dir = [/opt/src/hadoop-ozone/integration-test/target/test-dir/MiniOzoneClusterImpl-c27f3baa-4cf1-435c-be93-5eb4053ac44b/datanode-2/data/ratis] (custom)
2019-06-12 18:55:08,831 INFO  server.RaftServerConfigKeys (ConfUtils.java:logGet(43)) - raft.server.log.appender.install.snapshot.enabled = true (default)
2019-06-12 18:55:08,831 INFO  storage.RaftStorageDirectory (RaftStorageDirectory.java:analyzeStorage(246)) - The storage directory /opt/src/hadoop-ozone/integration-test/target/test-dir/MiniOzoneClusterImpl-c27f3baa-4cf1-435c-be93-5eb4053ac44b/datanode-2/data/ratis/475ecab8-6c23-49e8-a414-9f71f074b3cc does not exist. Creating ...
2019-06-12 18:55:08,831 INFO  impl.RaftServerImpl (ServerState.java:<init>(101)) - 0156765f-d22d-4800-8bbc-b60bca4d4535:group-9F71F074B3CC ConfigurationManager, init=-1: [f6ecdc3d-2786-4422-8e00-2885a3c970d1:192.168.46.15:33351, 0156765f-d22d-4800-8bbc-b60bca4d4535:192.168.46.15:39839, f9611169-2612-4e9d-93e9-a7721d2fa22e:192.168.46.15:39709], old=null, confs=<EMPTY_MAP>
2019-06-12 18:55:08,831 INFO  server.RaftServerConfigKeys (ConfUtils.java:logGet(43)) - raft.server.storage.dir = [/opt/src/hadoop-ozone/integration-test/target/test-dir/MiniOzoneClusterImpl-c27f3baa-4cf1-435c-be93-5eb4053ac44b/datanode-0/data/ratis] (custom)
2019-06-12 18:55:08,832 INFO  storage.RaftStorageDirectory (RaftStorageDirectory.java:analyzeStorage(246)) - The storage directory /opt/src/hadoop-ozone/integration-test/target/test-dir/MiniOzoneClusterImpl-c27f3baa-4cf1-435c-be93-5eb4053ac44b/datanode-0/data/ratis/475ecab8-6c23-49e8-a414-9f71f074b3cc does not exist. Creating ...
2019-06-12 18:55:08,832 INFO  storage.RaftStorageDirectory (RaftStorageDirectory.java:tryLock(328)) - Lock on /opt/src/hadoop-ozone/integration-test/target/test-dir/MiniOzoneClusterImpl-c27f3baa-4cf1-435c-be93-5eb4053ac44b/datanode-1/data/ratis/475ecab8-6c23-49e8-a414-9f71f074b3cc/in_use.lock acquired by nodename 10680@ozone-hw5hf-1599250011
2019-06-12 18:55:08,834 INFO  storage.RaftStorageDirectory (RaftStorageDirectory.java:tryLock(328)) - Lock on /opt/src/hadoop-ozone/integration-test/target/test-dir/MiniOzoneClusterImpl-c27f3baa-4cf1-435c-be93-5eb4053ac44b/datanode-0/data/ratis/475ecab8-6c23-49e8-a414-9f71f074b3cc/in_use.lock acquired by nodename 10680@ozone-hw5hf-1599250011
2019-06-12 18:55:08,834 INFO  storage.RaftStorageDirectory (RaftStorageDirectory.java:tryLock(328)) - Lock on /opt/src/hadoop-ozone/integration-test/target/test-dir/MiniOzoneClusterImpl-c27f3baa-4cf1-435c-be93-5eb4053ac44b/datanode-2/data/ratis/475ecab8-6c23-49e8-a414-9f71f074b3cc/in_use.lock acquired by nodename 10680@ozone-hw5hf-1599250011
2019-06-12 18:55:08,835 INFO  storage.RaftStorage (RaftStorage.java:format(75)) - Storage directory /opt/src/hadoop-ozone/integration-test/target/test-dir/MiniOzoneClusterImpl-c27f3baa-4cf1-435c-be93-5eb4053ac44b/datanode-1/data/ratis/475ecab8-6c23-49e8-a414-9f71f074b3cc has been successfully formatted.
2019-06-12 18:55:08,835 INFO  ratis.ContainerStateMachine (ContainerStateMachine.java:loadSnapshot(199)) - The snapshot info is null.Setting the last applied index to:(t:0, i:~)
2019-06-12 18:55:08,835 INFO  server.RaftServerConfigKeys (ConfUtils.java:logGet(43)) - raft.server.leader.election.timeout = 120s (custom)
2019-06-12 18:55:08,835 INFO  server.RaftServerConfigKeys (ConfUtils.java:logGet(43)) - raft.server.log.use.memory = false (default)
2019-06-12 18:55:08,835 INFO  server.RaftServerConfigKeys (ConfUtils.java:logGet(43)) - raft.server.log.appender.buffer.byte-limit = 33554432 (custom)
2019-06-12 18:55:08,835 INFO  server.RaftServerConfigKeys (ConfUtils.java:logGet(43)) - raft.server.log.segment.size.max = 16384 (custom)
2019-06-12 18:55:08,835 INFO  server.RaftServerConfigKeys (ConfUtils.java:logGet(43)) - raft.server.log.segment.cache.num.max = 2 (custom)
2019-06-12 18:55:08,835 INFO  storage.RaftLogWorker (RaftLogWorker.java:<init>(123)) - new f6ecdc3d-2786-4422-8e00-2885a3c970d1-RaftLogWorker for Storage Directory /opt/src/hadoop-ozone/integration-test/target/test-dir/MiniOzoneClusterImpl-c27f3baa-4cf1-435c-be93-5eb4053ac44b/datanode-1/data/ratis/475ecab8-6c23-49e8-a414-9f71f074b3cc
2019-06-12 18:55:08,835 INFO  server.RaftServerConfigKeys (ConfUtils.java:logGet(43)) - raft.server.log.queue.byte-limit = 2147483647 (custom)
2019-06-12 18:55:08,835 INFO  server.RaftServerConfigKeys (ConfUtils.java:logGet(43)) - raft.server.log.queue.element-limit = 1024 (custom)
2019-06-12 18:55:08,835 INFO  server.RaftServerConfigKeys (ConfUtils.java:logGet(43)) - raft.server.log.segment.size.max = 16384 (custom)
2019-06-12 18:55:08,835 INFO  server.RaftServerConfigKeys (ConfUtils.java:logGet(43)) - raft.server.log.preallocated.size = 16384 (custom)
2019-06-12 18:55:08,836 INFO  server.RaftServerConfigKeys (ConfUtils.java:logGet(43)) - raft.server.log.write.buffer.size = 33554432 (custom)
2019-06-12 18:55:08,836 INFO  server.RaftServerConfigKeys (ConfUtils.java:logGet(43)) - raft.server.log.force.sync.num = 128 (default)
2019-06-12 18:55:08,836 INFO  server.RaftServerConfigKeys (ConfUtils.java:logGet(43)) - raft.server.log.statemachine.data.sync = true (default)
2019-06-12 18:55:08,836 INFO  server.RaftServerConfigKeys (ConfUtils.java:logGet(43)) - raft.server.log.statemachine.data.sync.timeout = 10s (default)
2019-06-12 18:55:08,836 INFO  server.RaftServerConfigKeys (ConfUtils.java:logGet(43)) - raft.server.log.statemachine.data.sync.timeout.retry = -1 (default)
2019-06-12 18:55:08,836 INFO  server.RaftServerConfigKeys (ConfUtils.java:logGet(43)) - raft.server.log.statemachine.data.caching.enabled = true (custom)
2019-06-12 18:55:08,836 INFO  storage.RaftStorage (RaftStorage.java:format(75)) - Storage directory /opt/src/hadoop-ozone/integration-test/target/test-dir/MiniOzoneClusterImpl-c27f3baa-4cf1-435c-be93-5eb4053ac44b/datanode-0/data/ratis/475ecab8-6c23-49e8-a414-9f71f074b3cc has been successfully formatted.
2019-06-12 18:55:08,836 INFO  storage.RaftStorage (RaftStorage.java:format(75)) - Storage directory /opt/src/hadoop-ozone/integration-test/target/test-dir/MiniOzoneClusterImpl-c27f3baa-4cf1-435c-be93-5eb4053ac44b/datanode-2/data/ratis/475ecab8-6c23-49e8-a414-9f71f074b3cc has been successfully formatted.
2019-06-12 18:55:08,836 INFO  ratis.ContainerStateMachine (ContainerStateMachine.java:loadSnapshot(199)) - The snapshot info is null.Setting the last applied index to:(t:0, i:~)
2019-06-12 18:55:08,836 INFO  ratis.ContainerStateMachine (ContainerStateMachine.java:loadSnapshot(199)) - The snapshot info is null.Setting the last applied index to:(t:0, i:~)
2019-06-12 18:55:08,836 INFO  server.RaftServerConfigKeys (ConfUtils.java:logGet(43)) - raft.server.snapshot.auto.trigger.enabled = true (custom)
2019-06-12 18:55:08,836 INFO  server.RaftServerConfigKeys (ConfUtils.java:logGet(43)) - raft.server.leader.election.timeout = 120s (custom)
2019-06-12 18:55:08,836 INFO  server.RaftServerConfigKeys (ConfUtils.java:logGet(43)) - raft.server.leader.election.timeout = 120s (custom)
2019-06-12 18:55:08,837 INFO  server.RaftServerConfigKeys (ConfUtils.java:logGet(43)) - raft.server.log.use.memory = false (default)
2019-06-12 18:55:08,837 INFO  server.RaftServerConfigKeys (ConfUtils.java:logGet(43)) - raft.server.snapshot.auto.trigger.threshold = 10000 (custom)
2019-06-12 18:55:08,837 INFO  server.RaftServerConfigKeys (ConfUtils.java:logGet(43)) - raft.server.log.appender.buffer.byte-limit = 33554432 (custom)
2019-06-12 18:55:08,837 INFO  server.RaftServerConfigKeys (ConfUtils.java:logGet(43)) - raft.server.log.use.memory = false (default)
2019-06-12 18:55:08,837 INFO  server.RaftServerConfigKeys (ConfUtils.java:logGet(43)) - raft.server.log.segment.size.max = 16384 (custom)
2019-06-12 18:55:08,837 INFO  server.RaftServerConfigKeys (ConfUtils.java:logGet(43)) - raft.server.retrycache.expirytime = 600000ms (custom)
2019-06-12 18:55:08,837 INFO  server.RaftServerConfigKeys (ConfUtils.java:logGet(43)) - raft.server.log.segment.cache.num.max = 2 (custom)
2019-06-12 18:55:08,837 INFO  server.RaftServerConfigKeys (ConfUtils.java:logGet(43)) - raft.server.log.appender.buffer.byte-limit = 33554432 (custom)
2019-06-12 18:55:08,837 INFO  storage.RaftLogWorker (RaftLogWorker.java:<init>(123)) - new f9611169-2612-4e9d-93e9-a7721d2fa22e-RaftLogWorker for Storage Directory /opt/src/hadoop-ozone/integration-test/target/test-dir/MiniOzoneClusterImpl-c27f3baa-4cf1-435c-be93-5eb4053ac44b/datanode-2/data/ratis/475ecab8-6c23-49e8-a414-9f71f074b3cc
2019-06-12 18:55:08,837 INFO  impl.RaftServerImpl (RaftServerImpl.java:start(173)) - f6ecdc3d-2786-4422-8e00-2885a3c970d1: start group-9F71F074B3CC
2019-06-12 18:55:08,837 INFO  impl.RaftServerImpl (RaftServerImpl.java:setRole(164)) - f6ecdc3d-2786-4422-8e00-2885a3c970d1:group-9F71F074B3CC changes role from null to FOLLOWER at term 0 for startAsFollower
2019-06-12 18:55:08,837 INFO  server.RaftServerConfigKeys (ConfUtils.java:logGet(43)) - raft.server.log.queue.byte-limit = 2147483647 (custom)
2019-06-12 18:55:08,837 INFO  server.RaftServerConfigKeys (ConfUtils.java:logGet(43)) - raft.server.log.segment.size.max = 16384 (custom)
2019-06-12 18:55:08,837 INFO  server.RaftServerConfigKeys (ConfUtils.java:logGet(43)) - raft.server.log.queue.element-limit = 1024 (custom)
2019-06-12 18:55:08,837 INFO  impl.RoleInfo (RoleInfo.java:updateAndGet(143)) - f6ecdc3d-2786-4422-8e00-2885a3c970d1: start FollowerState
2019-06-12 18:55:08,838 INFO  server.RaftServerConfigKeys (ConfUtils.java:logGet(43)) - raft.server.log.segment.size.max = 16384 (custom)
2019-06-12 18:55:08,838 INFO  server.RaftServerConfigKeys (ConfUtils.java:logGet(43)) - raft.server.log.segment.cache.num.max = 2 (custom)
2019-06-12 18:55:08,838 INFO  server.RaftServerConfigKeys (ConfUtils.java:logGet(43)) - raft.server.log.preallocated.size = 16384 (custom)
2019-06-12 18:55:08,850 INFO  util.JmxRegister (JmxRegister.java:tryRegister(44)) - Successfully registered JMX Bean with object name Ratis:service=RaftServer,group=group-9F71F074B3CC,id=f6ecdc3d-2786-4422-8e00-2885a3c970d1
2019-06-12 18:55:08,850 INFO  storage.RaftLogWorker (RaftLogWorker.java:<init>(123)) - new 0156765f-d22d-4800-8bbc-b60bca4d4535-RaftLogWorker for Storage Directory /opt/src/hadoop-ozone/integration-test/target/test-dir/MiniOzoneClusterImpl-c27f3baa-4cf1-435c-be93-5eb4053ac44b/datanode-0/data/ratis/475ecab8-6c23-49e8-a414-9f71f074b3cc
2019-06-12 18:55:08,850 INFO  server.RaftServerConfigKeys (ConfUtils.java:logGet(43)) - raft.server.log.queue.byte-limit = 2147483647 (custom)
2019-06-12 18:55:08,850 INFO  server.RaftServerConfigKeys (ConfUtils.java:logGet(43)) - raft.server.log.queue.element-limit = 1024 (custom)
2019-06-12 18:55:08,859 INFO  server.RaftServerConfigKeys (ConfUtils.java:logGet(43)) - raft.server.log.segment.size.max = 16384 (custom)
2019-06-12 18:55:08,859 INFO  server.RaftServerConfigKeys (ConfUtils.java:logGet(43)) - raft.server.log.preallocated.size = 16384 (custom)
2019-06-12 18:55:08,859 INFO  server.RaftServerConfigKeys (ConfUtils.java:logGet(43)) - raft.server.log.write.buffer.size = 33554432 (custom)
2019-06-12 18:55:08,859 INFO  server.RaftServerConfigKeys (ConfUtils.java:logGet(43)) - raft.server.log.force.sync.num = 128 (default)
2019-06-12 18:55:08,859 INFO  server.RaftServerConfigKeys (ConfUtils.java:logGet(43)) - raft.server.log.statemachine.data.sync = true (default)
2019-06-12 18:55:08,859 INFO  server.RaftServerConfigKeys (ConfUtils.java:logGet(43)) - raft.server.log.statemachine.data.sync.timeout = 10s (default)
2019-06-12 18:55:08,859 INFO  server.RaftServerConfigKeys (ConfUtils.java:logGet(43)) - raft.server.log.statemachine.data.sync.timeout.retry = -1 (default)
2019-06-12 18:55:08,850 INFO  server.RaftServerConfigKeys (ConfUtils.java:logGet(43)) - raft.server.log.write.buffer.size = 33554432 (custom)
2019-06-12 18:55:08,859 INFO  server.RaftServerConfigKeys (ConfUtils.java:logGet(43)) - raft.server.log.force.sync.num = 128 (default)
2019-06-12 18:55:08,860 INFO  server.RaftServerConfigKeys (ConfUtils.java:logGet(43)) - raft.server.log.statemachine.data.sync = true (default)
2019-06-12 18:55:08,860 INFO  server.RaftServerConfigKeys (ConfUtils.java:logGet(43)) - raft.server.log.statemachine.data.sync.timeout = 10s (default)
2019-06-12 18:55:08,860 INFO  server.RaftServerConfigKeys (ConfUtils.java:logGet(43)) - raft.server.log.statemachine.data.sync.timeout.retry = -1 (default)
2019-06-12 18:55:08,859 INFO  server.RaftServerConfigKeys (ConfUtils.java:logGet(43)) - raft.server.log.statemachine.data.caching.enabled = true (custom)
2019-06-12 18:55:08,860 INFO  server.RaftServerConfigKeys (ConfUtils.java:logGet(43)) - raft.server.log.statemachine.data.caching.enabled = true (custom)
2019-06-12 18:55:08,860 INFO  server.RaftServerConfigKeys (ConfUtils.java:logGet(43)) - raft.server.snapshot.auto.trigger.enabled = true (custom)
2019-06-12 18:55:08,861 INFO  server.RaftServerConfigKeys (ConfUtils.java:logGet(43)) - raft.server.snapshot.auto.trigger.threshold = 10000 (custom)
2019-06-12 18:55:08,861 INFO  server.RaftServerConfigKeys (ConfUtils.java:logGet(43)) - raft.server.snapshot.auto.trigger.enabled = true (custom)
2019-06-12 18:55:08,861 INFO  server.RaftServerConfigKeys (ConfUtils.java:logGet(43)) - raft.server.retrycache.expirytime = 600000ms (custom)
2019-06-12 18:55:08,861 INFO  server.RaftServerConfigKeys (ConfUtils.java:logGet(43)) - raft.server.snapshot.auto.trigger.threshold = 10000 (custom)
2019-06-12 18:55:08,861 INFO  impl.RaftServerImpl (RaftServerImpl.java:start(173)) - 0156765f-d22d-4800-8bbc-b60bca4d4535: start group-9F71F074B3CC
2019-06-12 18:55:08,861 INFO  server.RaftServerConfigKeys (ConfUtils.java:logGet(43)) - raft.server.retrycache.expirytime = 600000ms (custom)
2019-06-12 18:55:08,861 INFO  impl.RaftServerImpl (RaftServerImpl.java:setRole(164)) - 0156765f-d22d-4800-8bbc-b60bca4d4535:group-9F71F074B3CC changes role from null to FOLLOWER at term 0 for startAsFollower
2019-06-12 18:55:08,861 INFO  impl.RaftServerImpl (RaftServerImpl.java:start(173)) - f9611169-2612-4e9d-93e9-a7721d2fa22e: start group-9F71F074B3CC
2019-06-12 18:55:08,861 INFO  impl.RoleInfo (RoleInfo.java:updateAndGet(143)) - 0156765f-d22d-4800-8bbc-b60bca4d4535: start FollowerState
2019-06-12 18:55:08,861 INFO  impl.RaftServerImpl (RaftServerImpl.java:setRole(164)) - f9611169-2612-4e9d-93e9-a7721d2fa22e:group-9F71F074B3CC changes role from null to FOLLOWER at term 0 for startAsFollower
2019-06-12 18:55:08,861 INFO  impl.RoleInfo (RoleInfo.java:updateAndGet(143)) - f9611169-2612-4e9d-93e9-a7721d2fa22e: start FollowerState
2019-06-12 18:55:08,861 INFO  util.JmxRegister (JmxRegister.java:tryRegister(44)) - Successfully registered JMX Bean with object name Ratis:service=RaftServer,group=group-9F71F074B3CC,id=0156765f-d22d-4800-8bbc-b60bca4d4535
2019-06-12 18:55:08,862 INFO  util.JmxRegister (JmxRegister.java:tryRegister(44)) - Successfully registered JMX Bean with object name Ratis:service=RaftServer,group=group-9F71F074B3CC,id=f9611169-2612-4e9d-93e9-a7721d2fa22e
2019-06-12 18:55:08,863 INFO  pipeline.PipelineStateManager (PipelineStateManager.java:addPipeline(56)) - Created pipeline Pipeline[ Id: 475ecab8-6c23-49e8-a414-9f71f074b3cc, Nodes: f6ecdc3d-2786-4422-8e00-2885a3c970d1{ip: 192.168.46.15, host: ozone-hw5hf-1599250011, networkLocation: /default-rack, certSerialId: null}0156765f-d22d-4800-8bbc-b60bca4d4535{ip: 192.168.46.15, host: ozone-hw5hf-1599250011, networkLocation: /default-rack, certSerialId: null}f9611169-2612-4e9d-93e9-a7721d2fa22e{ip: 192.168.46.15, host: ozone-hw5hf-1599250011, networkLocation: /default-rack, certSerialId: null}, Type:RATIS, Factor:THREE, State:OPEN]
2019-06-12 18:55:08,985 INFO  node.SCMNodeManager (SCMNodeManager.java:register(234)) - Registered Data node : 05e9dd11-d17f-4c00-aa53-d42703b2ff78{ip: 192.168.46.15, host: ozone-hw5hf-1599250011, networkLocation: /default-rack, certSerialId: null}
2019-06-12 18:55:08,993 INFO  impl.RaftServerProxy (RaftServerProxy.java:addNew(89)) - 05e9dd11-d17f-4c00-aa53-d42703b2ff78: addNew group-5D1E7E05D317:[05e9dd11-d17f-4c00-aa53-d42703b2ff78:192.168.46.15:39123] returns group-5D1E7E05D317:java.util.concurrent.CompletableFuture@30b488f7[Not completed]
2019-06-12 18:55:08,993 INFO  impl.RaftServerImpl (RaftServerImpl.java:<init>(91)) - 05e9dd11-d17f-4c00-aa53-d42703b2ff78: new RaftServerImpl for group-5D1E7E05D317:[05e9dd11-d17f-4c00-aa53-d42703b2ff78:192.168.46.15:39123] with ContainerStateMachine:uninitialized
2019-06-12 18:55:08,993 INFO  server.RaftServerConfigKeys (ConfUtils.java:logGet(43)) - raft.server.rpc.timeout.min = 1s (custom)
2019-06-12 18:55:08,993 INFO  server.RaftServerConfigKeys (ConfUtils.java:logGet(43)) - raft.server.rpc.timeout.max = 1200ms (custom)
2019-06-12 18:55:08,993 INFO  server.RaftServerConfigKeys (ConfUtils.java:logGet(43)) - raft.server.rpcslowness.timeout = 120s (custom)
2019-06-12 18:55:08,993 INFO  server.RaftServerConfigKeys (ConfUtils.java:logGet(43)) - raft.server.log.appender.install.snapshot.enabled = true (default)
2019-06-12 18:55:08,993 INFO  impl.RaftServerImpl (ServerState.java:<init>(101)) - 05e9dd11-d17f-4c00-aa53-d42703b2ff78:group-5D1E7E05D317 ConfigurationManager, init=-1: [05e9dd11-d17f-4c00-aa53-d42703b2ff78:192.168.46.15:39123], old=null, confs=<EMPTY_MAP>
2019-06-12 18:55:08,993 INFO  server.RaftServerConfigKeys (ConfUtils.java:logGet(43)) - raft.server.storage.dir = [/opt/src/hadoop-ozone/integration-test/target/test-dir/MiniOzoneClusterImpl-c27f3baa-4cf1-435c-be93-5eb4053ac44b/datanode-3/data/ratis] (custom)
2019-06-12 18:55:08,994 INFO  storage.RaftStorageDirectory (RaftStorageDirectory.java:analyzeStorage(246)) - The storage directory /opt/src/hadoop-ozone/integration-test/target/test-dir/MiniOzoneClusterImpl-c27f3baa-4cf1-435c-be93-5eb4053ac44b/datanode-3/data/ratis/64b1f570-1cdf-4bbe-9a3b-5d1e7e05d317 does not exist. Creating ...
2019-06-12 18:55:08,996 INFO  storage.RaftStorageDirectory (RaftStorageDirectory.java:tryLock(328)) - Lock on /opt/src/hadoop-ozone/integration-test/target/test-dir/MiniOzoneClusterImpl-c27f3baa-4cf1-435c-be93-5eb4053ac44b/datanode-3/data/ratis/64b1f570-1cdf-4bbe-9a3b-5d1e7e05d317/in_use.lock acquired by nodename 10680@ozone-hw5hf-1599250011
2019-06-12 18:55:08,997 INFO  storage.RaftStorage (RaftStorage.java:format(75)) - Storage directory /opt/src/hadoop-ozone/integration-test/target/test-dir/MiniOzoneClusterImpl-c27f3baa-4cf1-435c-be93-5eb4053ac44b/datanode-3/data/ratis/64b1f570-1cdf-4bbe-9a3b-5d1e7e05d317 has been successfully formatted.
2019-06-12 18:55:08,997 INFO  ratis.ContainerStateMachine (ContainerStateMachine.java:loadSnapshot(199)) - The snapshot info is null.Setting the last applied index to:(t:0, i:~)
2019-06-12 18:55:08,998 INFO  server.RaftServerConfigKeys (ConfUtils.java:logGet(43)) - raft.server.leader.election.timeout = 120s (custom)
2019-06-12 18:55:08,998 INFO  server.RaftServerConfigKeys (ConfUtils.java:logGet(43)) - raft.server.log.use.memory = false (default)
2019-06-12 18:55:08,998 INFO  server.RaftServerConfigKeys (ConfUtils.java:logGet(43)) - raft.server.log.appender.buffer.byte-limit = 33554432 (custom)
2019-06-12 18:55:08,998 INFO  server.RaftServerConfigKeys (ConfUtils.java:logGet(43)) - raft.server.log.segment.size.max = 16384 (custom)
2019-06-12 18:55:08,998 INFO  server.RaftServerConfigKeys (ConfUtils.java:logGet(43)) - raft.server.log.segment.cache.num.max = 2 (custom)
2019-06-12 18:55:08,998 INFO  storage.RaftLogWorker (RaftLogWorker.java:<init>(123)) - new 05e9dd11-d17f-4c00-aa53-d42703b2ff78-RaftLogWorker for Storage Directory /opt/src/hadoop-ozone/integration-test/target/test-dir/MiniOzoneClusterImpl-c27f3baa-4cf1-435c-be93-5eb4053ac44b/datanode-3/data/ratis/64b1f570-1cdf-4bbe-9a3b-5d1e7e05d317
2019-06-12 18:55:08,998 INFO  server.RaftServerConfigKeys (ConfUtils.java:logGet(43)) - raft.server.log.queue.byte-limit = 2147483647 (custom)
2019-06-12 18:55:08,998 INFO  server.RaftServerConfigKeys (ConfUtils.java:logGet(43)) - raft.server.log.queue.element-limit = 1024 (custom)
2019-06-12 18:55:08,998 INFO  server.RaftServerConfigKeys (ConfUtils.java:logGet(43)) - raft.server.log.segment.size.max = 16384 (custom)
2019-06-12 18:55:08,998 INFO  server.RaftServerConfigKeys (ConfUtils.java:logGet(43)) - raft.server.log.preallocated.size = 16384 (custom)
2019-06-12 18:55:08,998 INFO  server.RaftServerConfigKeys (ConfUtils.java:logGet(43)) - raft.server.log.write.buffer.size = 33554432 (custom)
2019-06-12 18:55:08,998 INFO  server.RaftServerConfigKeys (ConfUtils.java:logGet(43)) - raft.server.log.force.sync.num = 128 (default)
2019-06-12 18:55:08,998 INFO  server.RaftServerConfigKeys (ConfUtils.java:logGet(43)) - raft.server.log.statemachine.data.sync = true (default)
2019-06-12 18:55:08,998 INFO  server.RaftServerConfigKeys (ConfUtils.java:logGet(43)) - raft.server.log.statemachine.data.sync.timeout = 10s (default)
2019-06-12 18:55:08,998 INFO  server.RaftServerConfigKeys (ConfUtils.java:logGet(43)) - raft.server.log.statemachine.data.sync.timeout.retry = -1 (default)
2019-06-12 18:55:08,999 INFO  server.RaftServerConfigKeys (ConfUtils.java:logGet(43)) - raft.server.log.statemachine.data.caching.enabled = true (custom)
2019-06-12 18:55:08,999 INFO  server.RaftServerConfigKeys (ConfUtils.java:logGet(43)) - raft.server.snapshot.auto.trigger.enabled = true (custom)
2019-06-12 18:55:08,999 INFO  server.RaftServerConfigKeys (ConfUtils.java:logGet(43)) - raft.server.snapshot.auto.trigger.threshold = 10000 (custom)
2019-06-12 18:55:08,999 INFO  server.RaftServerConfigKeys (ConfUtils.java:logGet(43)) - raft.server.retrycache.expirytime = 600000ms (custom)
2019-06-12 18:55:08,999 INFO  impl.RaftServerImpl (RaftServerImpl.java:start(173)) - 05e9dd11-d17f-4c00-aa53-d42703b2ff78: start group-5D1E7E05D317
2019-06-12 18:55:08,999 INFO  impl.RaftServerImpl (RaftServerImpl.java:setRole(164)) - 05e9dd11-d17f-4c00-aa53-d42703b2ff78:group-5D1E7E05D317 changes role from null to FOLLOWER at term 0 for startAsFollower
2019-06-12 18:55:08,999 INFO  impl.RoleInfo (RoleInfo.java:updateAndGet(143)) - 05e9dd11-d17f-4c00-aa53-d42703b2ff78: start FollowerState
2019-06-12 18:55:08,999 INFO  util.JmxRegister (JmxRegister.java:tryRegister(44)) - Successfully registered JMX Bean with object name Ratis:service=RaftServer,group=group-5D1E7E05D317,id=05e9dd11-d17f-4c00-aa53-d42703b2ff78
2019-06-12 18:55:09,003 INFO  pipeline.PipelineStateManager (PipelineStateManager.java:addPipeline(56)) - Created pipeline Pipeline[ Id: 64b1f570-1cdf-4bbe-9a3b-5d1e7e05d317, Nodes: 05e9dd11-d17f-4c00-aa53-d42703b2ff78{ip: 192.168.46.15, host: ozone-hw5hf-1599250011, networkLocation: /default-rack, certSerialId: null}, Type:RATIS, Factor:ONE, State:OPEN]
2019-06-12 18:55:09,166 INFO  node.SCMNodeManager (SCMNodeManager.java:register(234)) - Registered Data node : 1cc10457-1d1f-470d-8f8e-d9ee86d25856{ip: 192.168.46.15, host: ozone-hw5hf-1599250011, networkLocation: /default-rack, certSerialId: null}
2019-06-12 18:55:09,173 INFO  impl.RaftServerProxy (RaftServerProxy.java:addNew(89)) - 1cc10457-1d1f-470d-8f8e-d9ee86d25856: addNew group-55E9F22BD8BC:[1cc10457-1d1f-470d-8f8e-d9ee86d25856:192.168.46.15:41481] returns group-55E9F22BD8BC:java.util.concurrent.CompletableFuture@70092380[Not completed]
2019-06-12 18:55:09,173 INFO  impl.RaftServerImpl (RaftServerImpl.java:<init>(91)) - 1cc10457-1d1f-470d-8f8e-d9ee86d25856: new RaftServerImpl for group-55E9F22BD8BC:[1cc10457-1d1f-470d-8f8e-d9ee86d25856:192.168.46.15:41481] with ContainerStateMachine:uninitialized
2019-06-12 18:55:09,173 INFO  server.RaftServerConfigKeys (ConfUtils.java:logGet(43)) - raft.server.rpc.timeout.min = 1s (custom)
2019-06-12 18:55:09,174 INFO  server.RaftServerConfigKeys (ConfUtils.java:logGet(43)) - raft.server.rpc.timeout.max = 1200ms (custom)
2019-06-12 18:55:09,174 INFO  server.RaftServerConfigKeys (ConfUtils.java:logGet(43)) - raft.server.rpcslowness.timeout = 120s (custom)
2019-06-12 18:55:09,174 INFO  server.RaftServerConfigKeys (ConfUtils.java:logGet(43)) - raft.server.log.appender.install.snapshot.enabled = true (default)
2019-06-12 18:55:09,174 INFO  impl.RaftServerImpl (ServerState.java:<init>(101)) - 1cc10457-1d1f-470d-8f8e-d9ee86d25856:group-55E9F22BD8BC ConfigurationManager, init=-1: [1cc10457-1d1f-470d-8f8e-d9ee86d25856:192.168.46.15:41481], old=null, confs=<EMPTY_MAP>
2019-06-12 18:55:09,174 INFO  server.RaftServerConfigKeys (ConfUtils.java:logGet(43)) - raft.server.storage.dir = [/opt/src/hadoop-ozone/integration-test/target/test-dir/MiniOzoneClusterImpl-c27f3baa-4cf1-435c-be93-5eb4053ac44b/datanode-4/data/ratis] (custom)
2019-06-12 18:55:09,174 INFO  storage.RaftStorageDirectory (RaftStorageDirectory.java:analyzeStorage(246)) - The storage directory /opt/src/hadoop-ozone/integration-test/target/test-dir/MiniOzoneClusterImpl-c27f3baa-4cf1-435c-be93-5eb4053ac44b/datanode-4/data/ratis/ddd4e61a-f2ce-487a-888f-55e9f22bd8bc does not exist. Creating ...
2019-06-12 18:55:09,176 INFO  storage.RaftStorageDirectory (RaftStorageDirectory.java:tryLock(328)) - Lock on /opt/src/hadoop-ozone/integration-test/target/test-dir/MiniOzoneClusterImpl-c27f3baa-4cf1-435c-be93-5eb4053ac44b/datanode-4/data/ratis/ddd4e61a-f2ce-487a-888f-55e9f22bd8bc/in_use.lock acquired by nodename 10680@ozone-hw5hf-1599250011
2019-06-12 18:55:09,178 INFO  storage.RaftStorage (RaftStorage.java:format(75)) - Storage directory /opt/src/hadoop-ozone/integration-test/target/test-dir/MiniOzoneClusterImpl-c27f3baa-4cf1-435c-be93-5eb4053ac44b/datanode-4/data/ratis/ddd4e61a-f2ce-487a-888f-55e9f22bd8bc has been successfully formatted.
2019-06-12 18:55:09,178 INFO  ratis.ContainerStateMachine (ContainerStateMachine.java:loadSnapshot(199)) - The snapshot info is null.Setting the last applied index to:(t:0, i:~)
2019-06-12 18:55:09,178 INFO  server.RaftServerConfigKeys (ConfUtils.java:logGet(43)) - raft.server.leader.election.timeout = 120s (custom)
2019-06-12 18:55:09,178 INFO  server.RaftServerConfigKeys (ConfUtils.java:logGet(43)) - raft.server.log.use.memory = false (default)
2019-06-12 18:55:09,178 INFO  server.RaftServerConfigKeys (ConfUtils.java:logGet(43)) - raft.server.log.appender.buffer.byte-limit = 33554432 (custom)
2019-06-12 18:55:09,179 INFO  server.RaftServerConfigKeys (ConfUtils.java:logGet(43)) - raft.server.log.segment.size.max = 16384 (custom)
2019-06-12 18:55:09,179 INFO  server.RaftServerConfigKeys (ConfUtils.java:logGet(43)) - raft.server.log.segment.cache.num.max = 2 (custom)
2019-06-12 18:55:09,179 INFO  storage.RaftLogWorker (RaftLogWorker.java:<init>(123)) - new 1cc10457-1d1f-470d-8f8e-d9ee86d25856-RaftLogWorker for Storage Directory /opt/src/hadoop-ozone/integration-test/target/test-dir/MiniOzoneClusterImpl-c27f3baa-4cf1-435c-be93-5eb4053ac44b/datanode-4/data/ratis/ddd4e61a-f2ce-487a-888f-55e9f22bd8bc
2019-06-12 18:55:09,179 INFO  server.RaftServerConfigKeys (ConfUtils.java:logGet(43)) - raft.server.log.queue.byte-limit = 2147483647 (custom)
2019-06-12 18:55:09,179 INFO  server.RaftServerConfigKeys (ConfUtils.java:logGet(43)) - raft.server.log.queue.element-limit = 1024 (custom)
2019-06-12 18:55:09,179 INFO  server.RaftServerConfigKeys (ConfUtils.java:logGet(43)) - raft.server.log.segment.size.max = 16384 (custom)
2019-06-12 18:55:09,179 INFO  server.RaftServerConfigKeys (ConfUtils.java:logGet(43)) - raft.server.log.preallocated.size = 16384 (custom)
2019-06-12 18:55:09,179 INFO  server.RaftServerConfigKeys (ConfUtils.java:logGet(43)) - raft.server.log.write.buffer.size = 33554432 (custom)
2019-06-12 18:55:09,179 INFO  server.RaftServerConfigKeys (ConfUtils.java:logGet(43)) - raft.server.log.force.sync.num = 128 (default)
2019-06-12 18:55:09,179 INFO  server.RaftServerConfigKeys (ConfUtils.java:logGet(43)) - raft.server.log.statemachine.data.sync = true (default)
2019-06-12 18:55:09,179 INFO  server.RaftServerConfigKeys (ConfUtils.java:logGet(43)) - raft.server.log.statemachine.data.sync.timeout = 10s (default)
2019-06-12 18:55:09,179 INFO  server.RaftServerConfigKeys (ConfUtils.java:logGet(43)) - raft.server.log.statemachine.data.sync.timeout.retry = -1 (default)
2019-06-12 18:55:09,179 INFO  server.RaftServerConfigKeys (ConfUtils.java:logGet(43)) - raft.server.log.statemachine.data.caching.enabled = true (custom)
2019-06-12 18:55:09,179 INFO  server.RaftServerConfigKeys (ConfUtils.java:logGet(43)) - raft.server.snapshot.auto.trigger.enabled = true (custom)
2019-06-12 18:55:09,180 INFO  server.RaftServerConfigKeys (ConfUtils.java:logGet(43)) - raft.server.snapshot.auto.trigger.threshold = 10000 (custom)
2019-06-12 18:55:09,180 INFO  server.RaftServerConfigKeys (ConfUtils.java:logGet(43)) - raft.server.retrycache.expirytime = 600000ms (custom)
2019-06-12 18:55:09,180 INFO  impl.RaftServerImpl (RaftServerImpl.java:start(173)) - 1cc10457-1d1f-470d-8f8e-d9ee86d25856: start group-55E9F22BD8BC
2019-06-12 18:55:09,180 INFO  impl.RaftServerImpl (RaftServerImpl.java:setRole(164)) - 1cc10457-1d1f-470d-8f8e-d9ee86d25856:group-55E9F22BD8BC changes role from null to FOLLOWER at term 0 for startAsFollower
2019-06-12 18:55:09,180 INFO  impl.RoleInfo (RoleInfo.java:updateAndGet(143)) - 1cc10457-1d1f-470d-8f8e-d9ee86d25856: start FollowerState
2019-06-12 18:55:09,180 INFO  util.JmxRegister (JmxRegister.java:tryRegister(44)) - Successfully registered JMX Bean with object name Ratis:service=RaftServer,group=group-55E9F22BD8BC,id=1cc10457-1d1f-470d-8f8e-d9ee86d25856
2019-06-12 18:55:09,181 INFO  pipeline.PipelineStateManager (PipelineStateManager.java:addPipeline(56)) - Created pipeline Pipeline[ Id: ddd4e61a-f2ce-487a-888f-55e9f22bd8bc, Nodes: 1cc10457-1d1f-470d-8f8e-d9ee86d25856{ip: 192.168.46.15, host: ozone-hw5hf-1599250011, networkLocation: /default-rack, certSerialId: null}, Type:RATIS, Factor:ONE, State:OPEN]
2019-06-12 18:55:09,302 INFO  node.SCMNodeManager (SCMNodeManager.java:register(234)) - Registered Data node : 93dd7c6b-bf14-4c56-ab78-3056bba117b8{ip: 192.168.46.15, host: ozone-hw5hf-1599250011, networkLocation: /default-rack, certSerialId: null}
2019-06-12 18:55:09,308 INFO  impl.RaftServerProxy (RaftServerProxy.java:addNew(89)) - 93dd7c6b-bf14-4c56-ab78-3056bba117b8: addNew group-53109E9DD15B:[93dd7c6b-bf14-4c56-ab78-3056bba117b8:192.168.46.15:39653] returns group-53109E9DD15B:java.util.concurrent.CompletableFuture@1caee5bb[Not completed]
2019-06-12 18:55:09,308 INFO  impl.RaftServerImpl (RaftServerImpl.java:<init>(91)) - 93dd7c6b-bf14-4c56-ab78-3056bba117b8: new RaftServerImpl for group-53109E9DD15B:[93dd7c6b-bf14-4c56-ab78-3056bba117b8:192.168.46.15:39653] with ContainerStateMachine:uninitialized
2019-06-12 18:55:09,308 INFO  server.RaftServerConfigKeys (ConfUtils.java:logGet(43)) - raft.server.rpc.timeout.min = 1s (custom)
2019-06-12 18:55:09,308 INFO  server.RaftServerConfigKeys (ConfUtils.java:logGet(43)) - raft.server.rpc.timeout.max = 1200ms (custom)
2019-06-12 18:55:09,308 INFO  server.RaftServerConfigKeys (ConfUtils.java:logGet(43)) - raft.server.rpcslowness.timeout = 120s (custom)
2019-06-12 18:55:09,308 INFO  server.RaftServerConfigKeys (ConfUtils.java:logGet(43)) - raft.server.log.appender.install.snapshot.enabled = true (default)
2019-06-12 18:55:09,309 INFO  impl.RaftServerImpl (ServerState.java:<init>(101)) - 93dd7c6b-bf14-4c56-ab78-3056bba117b8:group-53109E9DD15B ConfigurationManager, init=-1: [93dd7c6b-bf14-4c56-ab78-3056bba117b8:192.168.46.15:39653], old=null, confs=<EMPTY_MAP>
2019-06-12 18:55:09,309 INFO  server.RaftServerConfigKeys (ConfUtils.java:logGet(43)) - raft.server.storage.dir = [/opt/src/hadoop-ozone/integration-test/target/test-dir/MiniOzoneClusterImpl-c27f3baa-4cf1-435c-be93-5eb4053ac44b/datanode-5/data/ratis] (custom)
2019-06-12 18:55:09,309 INFO  storage.RaftStorageDirectory (RaftStorageDirectory.java:analyzeStorage(246)) - The storage directory /opt/src/hadoop-ozone/integration-test/target/test-dir/MiniOzoneClusterImpl-c27f3baa-4cf1-435c-be93-5eb4053ac44b/datanode-5/data/ratis/787716dd-b599-4ebe-ace7-53109e9dd15b does not exist. Creating ...
2019-06-12 18:55:09,311 INFO  storage.RaftStorageDirectory (RaftStorageDirectory.java:tryLock(328)) - Lock on /opt/src/hadoop-ozone/integration-test/target/test-dir/MiniOzoneClusterImpl-c27f3baa-4cf1-435c-be93-5eb4053ac44b/datanode-5/data/ratis/787716dd-b599-4ebe-ace7-53109e9dd15b/in_use.lock acquired by nodename 10680@ozone-hw5hf-1599250011
2019-06-12 18:55:09,313 INFO  storage.RaftStorage (RaftStorage.java:format(75)) - Storage directory /opt/src/hadoop-ozone/integration-test/target/test-dir/MiniOzoneClusterImpl-c27f3baa-4cf1-435c-be93-5eb4053ac44b/datanode-5/data/ratis/787716dd-b599-4ebe-ace7-53109e9dd15b has been successfully formatted.
2019-06-12 18:55:09,313 INFO  ratis.ContainerStateMachine (ContainerStateMachine.java:loadSnapshot(199)) - The snapshot info is null.Setting the last applied index to:(t:0, i:~)
2019-06-12 18:55:09,313 INFO  server.RaftServerConfigKeys (ConfUtils.java:logGet(43)) - raft.server.leader.election.timeout = 120s (custom)
2019-06-12 18:55:09,313 INFO  server.RaftServerConfigKeys (ConfUtils.java:logGet(43)) - raft.server.log.use.memory = false (default)
2019-06-12 18:55:09,313 INFO  server.RaftServerConfigKeys (ConfUtils.java:logGet(43)) - raft.server.log.appender.buffer.byte-limit = 33554432 (custom)
2019-06-12 18:55:09,313 INFO  server.RaftServerConfigKeys (ConfUtils.java:logGet(43)) - raft.server.log.segment.size.max = 16384 (custom)
2019-06-12 18:55:09,313 INFO  server.RaftServerConfigKeys (ConfUtils.java:logGet(43)) - raft.server.log.segment.cache.num.max = 2 (custom)
2019-06-12 18:55:09,313 INFO  storage.RaftLogWorker (RaftLogWorker.java:<init>(123)) - new 93dd7c6b-bf14-4c56-ab78-3056bba117b8-RaftLogWorker for Storage Directory /opt/src/hadoop-ozone/integration-test/target/test-dir/MiniOzoneClusterImpl-c27f3baa-4cf1-435c-be93-5eb4053ac44b/datanode-5/data/ratis/787716dd-b599-4ebe-ace7-53109e9dd15b
2019-06-12 18:55:09,313 INFO  server.RaftServerConfigKeys (ConfUtils.java:logGet(43)) - raft.server.log.queue.byte-limit = 2147483647 (custom)
2019-06-12 18:55:09,313 INFO  server.RaftServerConfigKeys (ConfUtils.java:logGet(43)) - raft.server.log.queue.element-limit = 1024 (custom)
2019-06-12 18:55:09,313 INFO  server.RaftServerConfigKeys (ConfUtils.java:logGet(43)) - raft.server.log.segment.size.max = 16384 (custom)
2019-06-12 18:55:09,314 INFO  server.RaftServerConfigKeys (ConfUtils.java:logGet(43)) - raft.server.log.preallocated.size = 16384 (custom)
2019-06-12 18:55:09,314 INFO  server.RaftServerConfigKeys (ConfUtils.java:logGet(43)) - raft.server.log.write.buffer.size = 33554432 (custom)
2019-06-12 18:55:09,314 INFO  server.RaftServerConfigKeys (ConfUtils.java:logGet(43)) - raft.server.log.force.sync.num = 128 (default)
2019-06-12 18:55:09,314 INFO  server.RaftServerConfigKeys (ConfUtils.java:logGet(43)) - raft.server.log.statemachine.data.sync = true (default)
2019-06-12 18:55:09,314 INFO  server.RaftServerConfigKeys (ConfUtils.java:logGet(43)) - raft.server.log.statemachine.data.sync.timeout = 10s (default)
2019-06-12 18:55:09,314 INFO  server.RaftServerConfigKeys (ConfUtils.java:logGet(43)) - raft.server.log.statemachine.data.sync.timeout.retry = -1 (default)
2019-06-12 18:55:09,314 INFO  server.RaftServerConfigKeys (ConfUtils.java:logGet(43)) - raft.server.log.statemachine.data.caching.enabled = true (custom)
2019-06-12 18:55:09,314 INFO  server.RaftServerConfigKeys (ConfUtils.java:logGet(43)) - raft.server.snapshot.auto.trigger.enabled = true (custom)
2019-06-12 18:55:09,314 INFO  server.RaftServerConfigKeys (ConfUtils.java:logGet(43)) - raft.server.snapshot.auto.trigger.threshold = 10000 (custom)
2019-06-12 18:55:09,314 INFO  server.RaftServerConfigKeys (ConfUtils.java:logGet(43)) - raft.server.retrycache.expirytime = 600000ms (custom)
2019-06-12 18:55:09,314 INFO  impl.RaftServerImpl (RaftServerImpl.java:start(173)) - 93dd7c6b-bf14-4c56-ab78-3056bba117b8: start group-53109E9DD15B
2019-06-12 18:55:09,314 INFO  impl.RaftServerImpl (RaftServerImpl.java:setRole(164)) - 93dd7c6b-bf14-4c56-ab78-3056bba117b8:group-53109E9DD15B changes role from null to FOLLOWER at term 0 for startAsFollower
2019-06-12 18:55:09,315 INFO  impl.RoleInfo (RoleInfo.java:updateAndGet(143)) - 93dd7c6b-bf14-4c56-ab78-3056bba117b8: start FollowerState
2019-06-12 18:55:09,315 INFO  util.JmxRegister (JmxRegister.java:tryRegister(44)) - Successfully registered JMX Bean with object name Ratis:service=RaftServer,group=group-53109E9DD15B,id=93dd7c6b-bf14-4c56-ab78-3056bba117b8
2019-06-12 18:55:09,316 INFO  pipeline.PipelineStateManager (PipelineStateManager.java:addPipeline(56)) - Created pipeline Pipeline[ Id: 787716dd-b599-4ebe-ace7-53109e9dd15b, Nodes: 93dd7c6b-bf14-4c56-ab78-3056bba117b8{ip: 192.168.46.15, host: ozone-hw5hf-1599250011, networkLocation: /default-rack, certSerialId: null}, Type:RATIS, Factor:ONE, State:OPEN]
2019-06-12 18:55:09,325 INFO  impl.RaftServerProxy (RaftServerProxy.java:addNew(89)) - 05e9dd11-d17f-4c00-aa53-d42703b2ff78: addNew group-69EC58D433A9:[93dd7c6b-bf14-4c56-ab78-3056bba117b8:192.168.46.15:39653, 05e9dd11-d17f-4c00-aa53-d42703b2ff78:192.168.46.15:39123, 1cc10457-1d1f-470d-8f8e-d9ee86d25856:192.168.46.15:41481] returns group-69EC58D433A9:java.util.concurrent.CompletableFuture@368d96a5[Not completed]
2019-06-12 18:55:09,325 INFO  impl.RaftServerProxy (RaftServerProxy.java:addNew(89)) - 1cc10457-1d1f-470d-8f8e-d9ee86d25856: addNew group-69EC58D433A9:[93dd7c6b-bf14-4c56-ab78-3056bba117b8:192.168.46.15:39653, 05e9dd11-d17f-4c00-aa53-d42703b2ff78:192.168.46.15:39123, 1cc10457-1d1f-470d-8f8e-d9ee86d25856:192.168.46.15:41481] returns group-69EC58D433A9:java.util.concurrent.CompletableFuture@5470ca84[Not completed]
2019-06-12 18:55:09,325 INFO  impl.RaftServerProxy (RaftServerProxy.java:addNew(89)) - 93dd7c6b-bf14-4c56-ab78-3056bba117b8: addNew group-69EC58D433A9:[93dd7c6b-bf14-4c56-ab78-3056bba117b8:192.168.46.15:39653, 05e9dd11-d17f-4c00-aa53-d42703b2ff78:192.168.46.15:39123, 1cc10457-1d1f-470d-8f8e-d9ee86d25856:192.168.46.15:41481] returns group-69EC58D433A9:java.util.concurrent.CompletableFuture@17845707[Not completed]
2019-06-12 18:55:09,325 INFO  impl.RaftServerImpl (RaftServerImpl.java:<init>(91)) - 1cc10457-1d1f-470d-8f8e-d9ee86d25856: new RaftServerImpl for group-69EC58D433A9:[93dd7c6b-bf14-4c56-ab78-3056bba117b8:192.168.46.15:39653, 05e9dd11-d17f-4c00-aa53-d42703b2ff78:192.168.46.15:39123, 1cc10457-1d1f-470d-8f8e-d9ee86d25856:192.168.46.15:41481] with ContainerStateMachine:uninitialized
2019-06-12 18:55:09,325 INFO  server.RaftServerConfigKeys (ConfUtils.java:logGet(43)) - raft.server.rpc.timeout.min = 1s (custom)
2019-06-12 18:55:09,326 INFO  server.RaftServerConfigKeys (ConfUtils.java:logGet(43)) - raft.server.rpc.timeout.max = 1200ms (custom)
2019-06-12 18:55:09,326 INFO  server.RaftServerConfigKeys (ConfUtils.java:logGet(43)) - raft.server.rpcslowness.timeout = 120s (custom)
2019-06-12 18:55:09,326 INFO  server.RaftServerConfigKeys (ConfUtils.java:logGet(43)) - raft.server.log.appender.install.snapshot.enabled = true (default)
2019-06-12 18:55:09,326 INFO  impl.RaftServerImpl (RaftServerImpl.java:<init>(91)) - 05e9dd11-d17f-4c00-aa53-d42703b2ff78: new RaftServerImpl for group-69EC58D433A9:[93dd7c6b-bf14-4c56-ab78-3056bba117b8:192.168.46.15:39653, 05e9dd11-d17f-4c00-aa53-d42703b2ff78:192.168.46.15:39123, 1cc10457-1d1f-470d-8f8e-d9ee86d25856:192.168.46.15:41481] with ContainerStateMachine:uninitialized
2019-06-12 18:55:09,326 INFO  impl.RaftServerImpl (ServerState.java:<init>(101)) - 1cc10457-1d1f-470d-8f8e-d9ee86d25856:group-69EC58D433A9 ConfigurationManager, init=-1: [93dd7c6b-bf14-4c56-ab78-3056bba117b8:192.168.46.15:39653, 05e9dd11-d17f-4c00-aa53-d42703b2ff78:192.168.46.15:39123, 1cc10457-1d1f-470d-8f8e-d9ee86d25856:192.168.46.15:41481], old=null, confs=<EMPTY_MAP>
2019-06-12 18:55:09,326 INFO  impl.RaftServerImpl (RaftServerImpl.java:<init>(91)) - 93dd7c6b-bf14-4c56-ab78-3056bba117b8: new RaftServerImpl for group-69EC58D433A9:[93dd7c6b-bf14-4c56-ab78-3056bba117b8:192.168.46.15:39653, 05e9dd11-d17f-4c00-aa53-d42703b2ff78:192.168.46.15:39123, 1cc10457-1d1f-470d-8f8e-d9ee86d25856:192.168.46.15:41481] with ContainerStateMachine:uninitialized
2019-06-12 18:55:09,326 INFO  server.RaftServerConfigKeys (ConfUtils.java:logGet(43)) - raft.server.storage.dir = [/opt/src/hadoop-ozone/integration-test/target/test-dir/MiniOzoneClusterImpl-c27f3baa-4cf1-435c-be93-5eb4053ac44b/datanode-4/data/ratis] (custom)
2019-06-12 18:55:09,326 INFO  storage.RaftStorageDirectory (RaftStorageDirectory.java:analyzeStorage(246)) - The storage directory /opt/src/hadoop-ozone/integration-test/target/test-dir/MiniOzoneClusterImpl-c27f3baa-4cf1-435c-be93-5eb4053ac44b/datanode-4/data/ratis/fb4606ca-852e-49a4-877d-69ec58d433a9 does not exist. Creating ...
2019-06-12 18:55:09,326 INFO  server.RaftServerConfigKeys (ConfUtils.java:logGet(43)) - raft.server.rpc.timeout.min = 1s (custom)
2019-06-12 18:55:09,326 INFO  server.RaftServerConfigKeys (ConfUtils.java:logGet(43)) - raft.server.rpc.timeout.min = 1s (custom)
2019-06-12 18:55:09,327 INFO  server.RaftServerConfigKeys (ConfUtils.java:logGet(43)) - raft.server.rpc.timeout.max = 1200ms (custom)
2019-06-12 18:55:09,327 INFO  server.RaftServerConfigKeys (ConfUtils.java:logGet(43)) - raft.server.rpc.timeout.max = 1200ms (custom)
2019-06-12 18:55:09,327 INFO  server.RaftServerConfigKeys (ConfUtils.java:logGet(43)) - raft.server.rpcslowness.timeout = 120s (custom)
2019-06-12 18:55:09,327 INFO  server.RaftServerConfigKeys (ConfUtils.java:logGet(43)) - raft.server.log.appender.install.snapshot.enabled = true (default)
2019-06-12 18:55:09,327 INFO  server.RaftServerConfigKeys (ConfUtils.java:logGet(43)) - raft.server.rpcslowness.timeout = 120s (custom)
2019-06-12 18:55:09,327 INFO  impl.RaftServerImpl (ServerState.java:<init>(101)) - 05e9dd11-d17f-4c00-aa53-d42703b2ff78:group-69EC58D433A9 ConfigurationManager, init=-1: [93dd7c6b-bf14-4c56-ab78-3056bba117b8:192.168.46.15:39653, 05e9dd11-d17f-4c00-aa53-d42703b2ff78:192.168.46.15:39123, 1cc10457-1d1f-470d-8f8e-d9ee86d25856:192.168.46.15:41481], old=null, confs=<EMPTY_MAP>
2019-06-12 18:55:09,327 INFO  server.RaftServerConfigKeys (ConfUtils.java:logGet(43)) - raft.server.log.appender.install.snapshot.enabled = true (default)
2019-06-12 18:55:09,327 INFO  server.RaftServerConfigKeys (ConfUtils.java:logGet(43)) - raft.server.storage.dir = [/opt/src/hadoop-ozone/integration-test/target/test-dir/MiniOzoneClusterImpl-c27f3baa-4cf1-435c-be93-5eb4053ac44b/datanode-3/data/ratis] (custom)
2019-06-12 18:55:09,327 INFO  impl.RaftServerImpl (ServerState.java:<init>(101)) - 93dd7c6b-bf14-4c56-ab78-3056bba117b8:group-69EC58D433A9 ConfigurationManager, init=-1: [93dd7c6b-bf14-4c56-ab78-3056bba117b8:192.168.46.15:39653, 05e9dd11-d17f-4c00-aa53-d42703b2ff78:192.168.46.15:39123, 1cc10457-1d1f-470d-8f8e-d9ee86d25856:192.168.46.15:41481], old=null, confs=<EMPTY_MAP>
2019-06-12 18:55:09,327 INFO  server.RaftServerConfigKeys (ConfUtils.java:logGet(43)) - raft.server.storage.dir = [/opt/src/hadoop-ozone/integration-test/target/test-dir/MiniOzoneClusterImpl-c27f3baa-4cf1-435c-be93-5eb4053ac44b/datanode-5/data/ratis] (custom)
2019-06-12 18:55:09,328 INFO  storage.RaftStorageDirectory (RaftStorageDirectory.java:analyzeStorage(246)) - The storage directory /opt/src/hadoop-ozone/integration-test/target/test-dir/MiniOzoneClusterImpl-c27f3baa-4cf1-435c-be93-5eb4053ac44b/datanode-5/data/ratis/fb4606ca-852e-49a4-877d-69ec58d433a9 does not exist. Creating ...
2019-06-12 18:55:09,328 INFO  storage.RaftStorageDirectory (RaftStorageDirectory.java:analyzeStorage(246)) - The storage directory /opt/src/hadoop-ozone/integration-test/target/test-dir/MiniOzoneClusterImpl-c27f3baa-4cf1-435c-be93-5eb4053ac44b/datanode-3/data/ratis/fb4606ca-852e-49a4-877d-69ec58d433a9 does not exist. Creating ...
2019-06-12 18:55:09,329 INFO  storage.RaftStorageDirectory (RaftStorageDirectory.java:tryLock(328)) - Lock on /opt/src/hadoop-ozone/integration-test/target/test-dir/MiniOzoneClusterImpl-c27f3baa-4cf1-435c-be93-5eb4053ac44b/datanode-4/data/ratis/fb4606ca-852e-49a4-877d-69ec58d433a9/in_use.lock acquired by nodename 10680@ozone-hw5hf-1599250011
2019-06-12 18:55:09,330 INFO  storage.RaftStorageDirectory (RaftStorageDirectory.java:tryLock(328)) - Lock on /opt/src/hadoop-ozone/integration-test/target/test-dir/MiniOzoneClusterImpl-c27f3baa-4cf1-435c-be93-5eb4053ac44b/datanode-3/data/ratis/fb4606ca-852e-49a4-877d-69ec58d433a9/in_use.lock acquired by nodename 10680@ozone-hw5hf-1599250011
2019-06-12 18:55:09,330 INFO  storage.RaftStorageDirectory (RaftStorageDirectory.java:tryLock(328)) - Lock on /opt/src/hadoop-ozone/integration-test/target/test-dir/MiniOzoneClusterImpl-c27f3baa-4cf1-435c-be93-5eb4053ac44b/datanode-5/data/ratis/fb4606ca-852e-49a4-877d-69ec58d433a9/in_use.lock acquired by nodename 10680@ozone-hw5hf-1599250011
2019-06-12 18:55:09,331 INFO  storage.RaftStorage (RaftStorage.java:format(75)) - Storage directory /opt/src/hadoop-ozone/integration-test/target/test-dir/MiniOzoneClusterImpl-c27f3baa-4cf1-435c-be93-5eb4053ac44b/datanode-4/data/ratis/fb4606ca-852e-49a4-877d-69ec58d433a9 has been successfully formatted.
2019-06-12 18:55:09,331 INFO  ratis.ContainerStateMachine (ContainerStateMachine.java:loadSnapshot(199)) - The snapshot info is null.Setting the last applied index to:(t:0, i:~)
2019-06-12 18:55:09,331 INFO  server.RaftServerConfigKeys (ConfUtils.java:logGet(43)) - raft.server.leader.election.timeout = 120s (custom)
2019-06-12 18:55:09,331 INFO  server.RaftServerConfigKeys (ConfUtils.java:logGet(43)) - raft.server.log.use.memory = false (default)
2019-06-12 18:55:09,331 INFO  server.RaftServerConfigKeys (ConfUtils.java:logGet(43)) - raft.server.log.appender.buffer.byte-limit = 33554432 (custom)
2019-06-12 18:55:09,331 INFO  server.RaftServerConfigKeys (ConfUtils.java:logGet(43)) - raft.server.log.segment.size.max = 16384 (custom)
2019-06-12 18:55:09,332 INFO  server.RaftServerConfigKeys (ConfUtils.java:logGet(43)) - raft.server.log.segment.cache.num.max = 2 (custom)
2019-06-12 18:55:09,332 INFO  storage.RaftLogWorker (RaftLogWorker.java:<init>(123)) - new 1cc10457-1d1f-470d-8f8e-d9ee86d25856-RaftLogWorker for Storage Directory /opt/src/hadoop-ozone/integration-test/target/test-dir/MiniOzoneClusterImpl-c27f3baa-4cf1-435c-be93-5eb4053ac44b/datanode-4/data/ratis/fb4606ca-852e-49a4-877d-69ec58d433a9
2019-06-12 18:55:09,332 INFO  server.RaftServerConfigKeys (ConfUtils.java:logGet(43)) - raft.server.log.queue.byte-limit = 2147483647 (custom)
2019-06-12 18:55:09,332 INFO  server.RaftServerConfigKeys (ConfUtils.java:logGet(43)) - raft.server.log.queue.element-limit = 1024 (custom)
2019-06-12 18:55:09,332 INFO  server.RaftServerConfigKeys (ConfUtils.java:logGet(43)) - raft.server.log.segment.size.max = 16384 (custom)
2019-06-12 18:55:09,332 INFO  server.RaftServerConfigKeys (ConfUtils.java:logGet(43)) - raft.server.log.preallocated.size = 16384 (custom)
2019-06-12 18:55:09,332 INFO  server.RaftServerConfigKeys (ConfUtils.java:logGet(43)) - raft.server.log.write.buffer.size = 33554432 (custom)
2019-06-12 18:55:09,332 INFO  server.RaftServerConfigKeys (ConfUtils.java:logGet(43)) - raft.server.log.force.sync.num = 128 (default)
2019-06-12 18:55:09,332 INFO  server.RaftServerConfigKeys (ConfUtils.java:logGet(43)) - raft.server.log.statemachine.data.sync = true (default)
2019-06-12 18:55:09,332 INFO  server.RaftServerConfigKeys (ConfUtils.java:logGet(43)) - raft.server.log.statemachine.data.sync.timeout = 10s (default)
2019-06-12 18:55:09,332 INFO  server.RaftServerConfigKeys (ConfUtils.java:logGet(43)) - raft.server.log.statemachine.data.sync.timeout.retry = -1 (default)
2019-06-12 18:55:09,332 INFO  server.RaftServerConfigKeys (ConfUtils.java:logGet(43)) - raft.server.log.statemachine.data.caching.enabled = true (custom)
2019-06-12 18:55:09,332 INFO  storage.RaftStorage (RaftStorage.java:format(75)) - Storage directory /opt/src/hadoop-ozone/integration-test/target/test-dir/MiniOzoneClusterImpl-c27f3baa-4cf1-435c-be93-5eb4053ac44b/datanode-5/data/ratis/fb4606ca-852e-49a4-877d-69ec58d433a9 has been successfully formatted.
2019-06-12 18:55:09,332 INFO  storage.RaftStorage (RaftStorage.java:format(75)) - Storage directory /opt/src/hadoop-ozone/integration-test/target/test-dir/MiniOzoneClusterImpl-c27f3baa-4cf1-435c-be93-5eb4053ac44b/datanode-3/data/ratis/fb4606ca-852e-49a4-877d-69ec58d433a9 has been successfully formatted.
2019-06-12 18:55:09,333 INFO  ratis.ContainerStateMachine (ContainerStateMachine.java:loadSnapshot(199)) - The snapshot info is null.Setting the last applied index to:(t:0, i:~)
2019-06-12 18:55:09,333 INFO  server.RaftServerConfigKeys (ConfUtils.java:logGet(43)) - raft.server.leader.election.timeout = 120s (custom)
2019-06-12 18:55:09,333 INFO  server.RaftServerConfigKeys (ConfUtils.java:logGet(43)) - raft.server.log.use.memory = false (default)
2019-06-12 18:55:09,333 INFO  server.RaftServerConfigKeys (ConfUtils.java:logGet(43)) - raft.server.log.appender.buffer.byte-limit = 33554432 (custom)
2019-06-12 18:55:09,333 INFO  server.RaftServerConfigKeys (ConfUtils.java:logGet(43)) - raft.server.log.segment.size.max = 16384 (custom)
2019-06-12 18:55:09,333 INFO  server.RaftServerConfigKeys (ConfUtils.java:logGet(43)) - raft.server.log.segment.cache.num.max = 2 (custom)
2019-06-12 18:55:09,333 INFO  storage.RaftLogWorker (RaftLogWorker.java:<init>(123)) - new 05e9dd11-d17f-4c00-aa53-d42703b2ff78-RaftLogWorker for Storage Directory /opt/src/hadoop-ozone/integration-test/target/test-dir/MiniOzoneClusterImpl-c27f3baa-4cf1-435c-be93-5eb4053ac44b/datanode-3/data/ratis/fb4606ca-852e-49a4-877d-69ec58d433a9
2019-06-12 18:55:09,333 INFO  server.RaftServerConfigKeys (ConfUtils.java:logGet(43)) - raft.server.log.queue.byte-limit = 2147483647 (custom)
2019-06-12 18:55:09,333 INFO  server.RaftServerConfigKeys (ConfUtils.java:logGet(43)) - raft.server.log.queue.element-limit = 1024 (custom)
2019-06-12 18:55:09,333 INFO  server.RaftServerConfigKeys (ConfUtils.java:logGet(43)) - raft.server.log.segment.size.max = 16384 (custom)
2019-06-12 18:55:09,333 INFO  server.RaftServerConfigKeys (ConfUtils.java:logGet(43)) - raft.server.log.preallocated.size = 16384 (custom)
2019-06-12 18:55:09,333 INFO  server.RaftServerConfigKeys (ConfUtils.java:logGet(43)) - raft.server.log.write.buffer.size = 33554432 (custom)
2019-06-12 18:55:09,333 INFO  ratis.ContainerStateMachine (ContainerStateMachine.java:loadSnapshot(199)) - The snapshot info is null.Setting the last applied index to:(t:0, i:~)
2019-06-12 18:55:09,333 INFO  server.RaftServerConfigKeys (ConfUtils.java:logGet(43)) - raft.server.snapshot.auto.trigger.enabled = true (custom)
2019-06-12 18:55:09,333 INFO  server.RaftServerConfigKeys (ConfUtils.java:logGet(43)) - raft.server.log.force.sync.num = 128 (default)
2019-06-12 18:55:09,333 INFO  server.RaftServerConfigKeys (ConfUtils.java:logGet(43)) - raft.server.snapshot.auto.trigger.threshold = 10000 (custom)
2019-06-12 18:55:09,333 INFO  server.RaftServerConfigKeys (ConfUtils.java:logGet(43)) - raft.server.leader.election.timeout = 120s (custom)
2019-06-12 18:55:09,334 INFO  server.RaftServerConfigKeys (ConfUtils.java:logGet(43)) - raft.server.retrycache.expirytime = 600000ms (custom)
2019-06-12 18:55:09,334 INFO  server.RaftServerConfigKeys (ConfUtils.java:logGet(43)) - raft.server.log.statemachine.data.sync = true (default)
2019-06-12 18:55:09,334 INFO  impl.RaftServerImpl (RaftServerImpl.java:start(173)) - 1cc10457-1d1f-470d-8f8e-d9ee86d25856: start group-69EC58D433A9
2019-06-12 18:55:09,334 INFO  server.RaftServerConfigKeys (ConfUtils.java:logGet(43)) - raft.server.log.use.memory = false (default)
2019-06-12 18:55:09,334 INFO  impl.RaftServerImpl (RaftServerImpl.java:setRole(164)) - 1cc10457-1d1f-470d-8f8e-d9ee86d25856:group-69EC58D433A9 changes role from null to FOLLOWER at term 0 for startAsFollower
2019-06-12 18:55:09,334 INFO  server.RaftServerConfigKeys (ConfUtils.java:logGet(43)) - raft.server.log.statemachine.data.sync.timeout = 10s (default)
2019-06-12 18:55:09,334 INFO  impl.RoleInfo (RoleInfo.java:updateAndGet(143)) - 1cc10457-1d1f-470d-8f8e-d9ee86d25856: start FollowerState
2019-06-12 18:55:09,334 INFO  server.RaftServerConfigKeys (ConfUtils.java:logGet(43)) - raft.server.log.appender.buffer.byte-limit = 33554432 (custom)
2019-06-12 18:55:09,334 INFO  server.RaftServerConfigKeys (ConfUtils.java:logGet(43)) - raft.server.log.statemachine.data.sync.timeout.retry = -1 (default)
2019-06-12 18:55:09,334 INFO  util.JmxRegister (JmxRegister.java:tryRegister(44)) - Successfully registered JMX Bean with object name Ratis:service=RaftServer,group=group-69EC58D433A9,id=1cc10457-1d1f-470d-8f8e-d9ee86d25856
2019-06-12 18:55:09,334 INFO  server.RaftServerConfigKeys (ConfUtils.java:logGet(43)) - raft.server.log.segment.size.max = 16384 (custom)
2019-06-12 18:55:09,334 INFO  server.RaftServerConfigKeys (ConfUtils.java:logGet(43)) - raft.server.log.statemachine.data.caching.enabled = true (custom)
2019-06-12 18:55:09,335 INFO  server.RaftServerConfigKeys (ConfUtils.java:logGet(43)) - raft.server.snapshot.auto.trigger.enabled = true (custom)
2019-06-12 18:55:09,335 INFO  server.RaftServerConfigKeys (ConfUtils.java:logGet(43)) - raft.server.snapshot.auto.trigger.threshold = 10000 (custom)
2019-06-12 18:55:09,335 INFO  server.RaftServerConfigKeys (ConfUtils.java:logGet(43)) - raft.server.retrycache.expirytime = 600000ms (custom)
2019-06-12 18:55:09,335 INFO  impl.RaftServerImpl (RaftServerImpl.java:start(173)) - 05e9dd11-d17f-4c00-aa53-d42703b2ff78: start group-69EC58D433A9
2019-06-12 18:55:09,335 INFO  impl.RaftServerImpl (RaftServerImpl.java:setRole(164)) - 05e9dd11-d17f-4c00-aa53-d42703b2ff78:group-69EC58D433A9 changes role from null to FOLLOWER at term 0 for startAsFollower
2019-06-12 18:55:09,335 INFO  impl.RoleInfo (RoleInfo.java:updateAndGet(143)) - 05e9dd11-d17f-4c00-aa53-d42703b2ff78: start FollowerState
2019-06-12 18:55:09,335 INFO  server.RaftServerConfigKeys (ConfUtils.java:logGet(43)) - raft.server.log.segment.cache.num.max = 2 (custom)
2019-06-12 18:55:09,335 INFO  storage.RaftLogWorker (RaftLogWorker.java:<init>(123)) - new 93dd7c6b-bf14-4c56-ab78-3056bba117b8-RaftLogWorker for Storage Directory /opt/src/hadoop-ozone/integration-test/target/test-dir/MiniOzoneClusterImpl-c27f3baa-4cf1-435c-be93-5eb4053ac44b/datanode-5/data/ratis/fb4606ca-852e-49a4-877d-69ec58d433a9
2019-06-12 18:55:09,336 INFO  server.RaftServerConfigKeys (ConfUtils.java:logGet(43)) - raft.server.log.queue.byte-limit = 2147483647 (custom)
2019-06-12 18:55:09,336 INFO  server.RaftServerConfigKeys (ConfUtils.java:logGet(43)) - raft.server.log.queue.element-limit = 1024 (custom)
2019-06-12 18:55:09,336 INFO  server.RaftServerConfigKeys (ConfUtils.java:logGet(43)) - raft.server.log.segment.size.max = 16384 (custom)
2019-06-12 18:55:09,336 INFO  server.RaftServerConfigKeys (ConfUtils.java:logGet(43)) - raft.server.log.preallocated.size = 16384 (custom)
2019-06-12 18:55:09,336 INFO  server.RaftServerConfigKeys (ConfUtils.java:logGet(43)) - raft.server.log.write.buffer.size = 33554432 (custom)
2019-06-12 18:55:09,336 INFO  server.RaftServerConfigKeys (ConfUtils.java:logGet(43)) - raft.server.log.force.sync.num = 128 (default)
2019-06-12 18:55:09,336 INFO  server.RaftServerConfigKeys (ConfUtils.java:logGet(43)) - raft.server.log.statemachine.data.sync = true (default)
2019-06-12 18:55:09,336 INFO  server.RaftServerConfigKeys (ConfUtils.java:logGet(43)) - raft.server.log.statemachine.data.sync.timeout = 10s (default)
2019-06-12 18:55:09,336 INFO  server.RaftServerConfigKeys (ConfUtils.java:logGet(43)) - raft.server.log.statemachine.data.sync.timeout.retry = -1 (default)
2019-06-12 18:55:09,337 INFO  server.RaftServerConfigKeys (ConfUtils.java:logGet(43)) - raft.server.log.statemachine.data.caching.enabled = true (custom)
2019-06-12 18:55:09,337 INFO  util.JmxRegister (JmxRegister.java:tryRegister(44)) - Successfully registered JMX Bean with object name Ratis:service=RaftServer,group=group-69EC58D433A9,id=05e9dd11-d17f-4c00-aa53-d42703b2ff78
2019-06-12 18:55:09,338 INFO  server.RaftServerConfigKeys (ConfUtils.java:logGet(43)) - raft.server.snapshot.auto.trigger.enabled = true (custom)
2019-06-12 18:55:09,338 INFO  server.RaftServerConfigKeys (ConfUtils.java:logGet(43)) - raft.server.snapshot.auto.trigger.threshold = 10000 (custom)
2019-06-12 18:55:09,343 INFO  server.RaftServerConfigKeys (ConfUtils.java:logGet(43)) - raft.server.retrycache.expirytime = 600000ms (custom)
2019-06-12 18:55:09,343 INFO  impl.RaftServerImpl (RaftServerImpl.java:start(173)) - 93dd7c6b-bf14-4c56-ab78-3056bba117b8: start group-69EC58D433A9
2019-06-12 18:55:09,343 INFO  impl.RaftServerImpl (RaftServerImpl.java:setRole(164)) - 93dd7c6b-bf14-4c56-ab78-3056bba117b8:group-69EC58D433A9 changes role from null to FOLLOWER at term 0 for startAsFollower
2019-06-12 18:55:09,344 INFO  impl.RoleInfo (RoleInfo.java:updateAndGet(143)) - 93dd7c6b-bf14-4c56-ab78-3056bba117b8: start FollowerState
2019-06-12 18:55:09,344 INFO  util.JmxRegister (JmxRegister.java:tryRegister(44)) - Successfully registered JMX Bean with object name Ratis:service=RaftServer,group=group-69EC58D433A9,id=93dd7c6b-bf14-4c56-ab78-3056bba117b8
2019-06-12 18:55:09,346 INFO  pipeline.PipelineStateManager (PipelineStateManager.java:addPipeline(56)) - Created pipeline Pipeline[ Id: fb4606ca-852e-49a4-877d-69ec58d433a9, Nodes: 1cc10457-1d1f-470d-8f8e-d9ee86d25856{ip: 192.168.46.15, host: ozone-hw5hf-1599250011, networkLocation: /default-rack, certSerialId: null}93dd7c6b-bf14-4c56-ab78-3056bba117b8{ip: 192.168.46.15, host: ozone-hw5hf-1599250011, networkLocation: /default-rack, certSerialId: null}05e9dd11-d17f-4c00-aa53-d42703b2ff78{ip: 192.168.46.15, host: ozone-hw5hf-1599250011, networkLocation: /default-rack, certSerialId: null}, Type:RATIS, Factor:THREE, State:OPEN]
2019-06-12 18:55:09,446 INFO  node.SCMNodeManager (SCMNodeManager.java:register(234)) - Registered Data node : 49ff5c27-b47f-48aa-a579-615e0f2dc3fe{ip: 192.168.46.15, host: ozone-hw5hf-1599250011, networkLocation: /default-rack, certSerialId: null}
2019-06-12 18:55:09,452 INFO  ozone.MiniOzoneClusterImpl (MiniOzoneClusterImpl.java:lambda$waitForClusterToBeReady$0(142)) - Cluster is ready. Got 7 of 7 DN Heartbeats.
2019-06-12 18:55:09,452 INFO  impl.RaftServerProxy (RaftServerProxy.java:addNew(89)) - 49ff5c27-b47f-48aa-a579-615e0f2dc3fe: addNew group-169792A8D953:[49ff5c27-b47f-48aa-a579-615e0f2dc3fe:192.168.46.15:33059] returns group-169792A8D953:java.util.concurrent.CompletableFuture@4fea220b[Not completed]
2019-06-12 18:55:09,453 INFO  impl.RaftServerImpl (RaftServerImpl.java:<init>(91)) - 49ff5c27-b47f-48aa-a579-615e0f2dc3fe: new RaftServerImpl for group-169792A8D953:[49ff5c27-b47f-48aa-a579-615e0f2dc3fe:192.168.46.15:33059] with ContainerStateMachine:uninitialized
2019-06-12 18:55:09,453 INFO  server.RaftServerConfigKeys (ConfUtils.java:logGet(43)) - raft.server.rpc.timeout.min = 1s (custom)
2019-06-12 18:55:09,453 INFO  server.RaftServerConfigKeys (ConfUtils.java:logGet(43)) - raft.server.rpc.timeout.max = 1200ms (custom)
2019-06-12 18:55:09,453 INFO  server.RaftServerConfigKeys (ConfUtils.java:logGet(43)) - raft.server.rpcslowness.timeout = 120s (custom)
2019-06-12 18:55:09,453 INFO  server.RaftServerConfigKeys (ConfUtils.java:logGet(43)) - raft.server.log.appender.install.snapshot.enabled = true (default)
2019-06-12 18:55:09,453 INFO  impl.RaftServerImpl (ServerState.java:<init>(101)) - 49ff5c27-b47f-48aa-a579-615e0f2dc3fe:group-169792A8D953 ConfigurationManager, init=-1: [49ff5c27-b47f-48aa-a579-615e0f2dc3fe:192.168.46.15:33059], old=null, confs=<EMPTY_MAP>
2019-06-12 18:55:09,457 INFO  server.RaftServerConfigKeys (ConfUtils.java:logGet(43)) - raft.server.storage.dir = [/opt/src/hadoop-ozone/integration-test/target/test-dir/MiniOzoneClusterImpl-c27f3baa-4cf1-435c-be93-5eb4053ac44b/datanode-6/data/ratis] (custom)
2019-06-12 18:55:09,460 INFO  storage.RaftStorageDirectory (RaftStorageDirectory.java:analyzeStorage(246)) - The storage directory /opt/src/hadoop-ozone/integration-test/target/test-dir/MiniOzoneClusterImpl-c27f3baa-4cf1-435c-be93-5eb4053ac44b/datanode-6/data/ratis/1e91f9bf-6aa1-4ca5-96f4-169792a8d953 does not exist. Creating ...
2019-06-12 18:55:09,463 INFO  storage.RaftStorageDirectory (RaftStorageDirectory.java:tryLock(328)) - Lock on /opt/src/hadoop-ozone/integration-test/target/test-dir/MiniOzoneClusterImpl-c27f3baa-4cf1-435c-be93-5eb4053ac44b/datanode-6/data/ratis/1e91f9bf-6aa1-4ca5-96f4-169792a8d953/in_use.lock acquired by nodename 10680@ozone-hw5hf-1599250011
2019-06-12 18:55:09,468 INFO  storage.RaftStorage (RaftStorage.java:format(75)) - Storage directory /opt/src/hadoop-ozone/integration-test/target/test-dir/MiniOzoneClusterImpl-c27f3baa-4cf1-435c-be93-5eb4053ac44b/datanode-6/data/ratis/1e91f9bf-6aa1-4ca5-96f4-169792a8d953 has been successfully formatted.
2019-06-12 18:55:09,468 INFO  ratis.ContainerStateMachine (ContainerStateMachine.java:loadSnapshot(199)) - The snapshot info is null.Setting the last applied index to:(t:0, i:~)
2019-06-12 18:55:09,468 INFO  server.RaftServerConfigKeys (ConfUtils.java:logGet(43)) - raft.server.leader.election.timeout = 120s (custom)
2019-06-12 18:55:09,468 INFO  server.RaftServerConfigKeys (ConfUtils.java:logGet(43)) - raft.server.log.use.memory = false (default)
2019-06-12 18:55:09,468 INFO  server.RaftServerConfigKeys (ConfUtils.java:logGet(43)) - raft.server.log.appender.buffer.byte-limit = 33554432 (custom)
2019-06-12 18:55:09,471 INFO  server.RaftServerConfigKeys (ConfUtils.java:logGet(43)) - raft.server.log.segment.size.max = 16384 (custom)
2019-06-12 18:55:09,471 INFO  server.RaftServerConfigKeys (ConfUtils.java:logGet(43)) - raft.server.log.segment.cache.num.max = 2 (custom)
2019-06-12 18:55:09,471 INFO  storage.RaftLogWorker (RaftLogWorker.java:<init>(123)) - new 49ff5c27-b47f-48aa-a579-615e0f2dc3fe-RaftLogWorker for Storage Directory /opt/src/hadoop-ozone/integration-test/target/test-dir/MiniOzoneClusterImpl-c27f3baa-4cf1-435c-be93-5eb4053ac44b/datanode-6/data/ratis/1e91f9bf-6aa1-4ca5-96f4-169792a8d953
2019-06-12 18:55:09,471 INFO  server.RaftServerConfigKeys (ConfUtils.java:logGet(43)) - raft.server.log.queue.byte-limit = 2147483647 (custom)
2019-06-12 18:55:09,471 INFO  server.RaftServerConfigKeys (ConfUtils.java:logGet(43)) - raft.server.log.queue.element-limit = 1024 (custom)
2019-06-12 18:55:09,471 INFO  server.RaftServerConfigKeys (ConfUtils.java:logGet(43)) - raft.server.log.segment.size.max = 16384 (custom)
2019-06-12 18:55:09,471 INFO  server.RaftServerConfigKeys (ConfUtils.java:logGet(43)) - raft.server.log.preallocated.size = 16384 (custom)
2019-06-12 18:55:09,471 INFO  server.RaftServerConfigKeys (ConfUtils.java:logGet(43)) - raft.server.log.write.buffer.size = 33554432 (custom)
2019-06-12 18:55:09,471 INFO  server.RaftServerConfigKeys (ConfUtils.java:logGet(43)) - raft.server.log.force.sync.num = 128 (default)
2019-06-12 18:55:09,471 INFO  server.RaftServerConfigKeys (ConfUtils.java:logGet(43)) - raft.server.log.statemachine.data.sync = true (default)
2019-06-12 18:55:09,471 INFO  server.RaftServerConfigKeys (ConfUtils.java:logGet(43)) - raft.server.log.statemachine.data.sync.timeout = 10s (default)
2019-06-12 18:55:09,471 INFO  server.RaftServerConfigKeys (ConfUtils.java:logGet(43)) - raft.server.log.statemachine.data.sync.timeout.retry = -1 (default)
2019-06-12 18:55:09,474 INFO  server.RaftServerConfigKeys (ConfUtils.java:logGet(43)) - raft.server.log.statemachine.data.caching.enabled = true (custom)
2019-06-12 18:55:09,474 INFO  server.RaftServerConfigKeys (ConfUtils.java:logGet(43)) - raft.server.snapshot.auto.trigger.enabled = true (custom)
2019-06-12 18:55:09,474 INFO  server.RaftServerConfigKeys (ConfUtils.java:logGet(43)) - raft.server.snapshot.auto.trigger.threshold = 10000 (custom)
2019-06-12 18:55:09,476 INFO  server.RaftServerConfigKeys (ConfUtils.java:logGet(43)) - raft.server.retrycache.expirytime = 600000ms (custom)
2019-06-12 18:55:09,479 INFO  impl.RaftServerImpl (RaftServerImpl.java:start(173)) - 49ff5c27-b47f-48aa-a579-615e0f2dc3fe: start group-169792A8D953
2019-06-12 18:55:09,479 INFO  impl.RaftServerImpl (RaftServerImpl.java:setRole(164)) - 49ff5c27-b47f-48aa-a579-615e0f2dc3fe:group-169792A8D953 changes role from null to FOLLOWER at term 0 for startAsFollower
2019-06-12 18:55:09,479 INFO  impl.RoleInfo (RoleInfo.java:updateAndGet(143)) - 49ff5c27-b47f-48aa-a579-615e0f2dc3fe: start FollowerState
2019-06-12 18:55:09,479 INFO  rpc.RpcClient (RpcClient.java:createVolume(289)) - Creating Volume: watchforcommithandlingtest, with root as owner.
2019-06-12 18:55:09,480 INFO  util.JmxRegister (JmxRegister.java:tryRegister(44)) - Successfully registered JMX Bean with object name Ratis:service=RaftServer,group=group-169792A8D953,id=49ff5c27-b47f-48aa-a579-615e0f2dc3fe
2019-06-12 18:55:09,483 INFO  pipeline.PipelineStateManager (PipelineStateManager.java:addPipeline(56)) - Created pipeline Pipeline[ Id: 1e91f9bf-6aa1-4ca5-96f4-169792a8d953, Nodes: 49ff5c27-b47f-48aa-a579-615e0f2dc3fe{ip: 192.168.46.15, host: ozone-hw5hf-1599250011, networkLocation: /default-rack, certSerialId: null}, Type:RATIS, Factor:ONE, State:OPEN]
2019-06-12 18:55:09,494 INFO  rpc.RpcClient (RpcClient.java:createBucket(426)) - Creating Bucket: watchforcommithandlingtest/watchforcommithandlingtest, with Versioning false and Storage Type set to DISK and Encryption set to false 
2019-06-12 18:55:09,497 INFO  ozone.MiniOzoneClusterImpl (MiniOzoneClusterImpl.java:getStorageContainerLocationClient(241)) - Creating StorageContainerLocationProtocol RPC client with address /0.0.0.0:43751
2019-06-12 18:55:09,509 INFO  client.GrpcClientProtocolClient (GrpcClientProtocolClient.java:onNext(254)) - client-ACDFBF9BFE93->f6ecdc3d-2786-4422-8e00-2885a3c970d1: receive RaftClientReply:client-ACDFBF9BFE93->f6ecdc3d-2786-4422-8e00-2885a3c970d1@group-9F71F074B3CC, cid=91, FAILED org.apache.ratis.protocol.NotLeaderException: Server f6ecdc3d-2786-4422-8e00-2885a3c970d1 is not the leader (f9611169-2612-4e9d-93e9-a7721d2fa22e:192.168.46.15:39709). Request must be sent to leader., logIndex=0, commits[f6ecdc3d-2786-4422-8e00-2885a3c970d1:c-1]
2019-06-12 18:55:09,512 WARN  client.GrpcClientProtocolService (LogUtils.java:warn(134)) - 0-OrderedRequestStreamObserver0: onError: org.apache.ratis.thirdparty.io.grpc.StatusRuntimeException: CANCELLED: cancelled before receiving half close
2019-06-12 18:55:09,675 INFO  impl.FollowerState (FollowerState.java:run(101)) - 0156765f-d22d-4800-8bbc-b60bca4d4535:group-74FD81F312F1 changes to CANDIDATE, lastRpcTime:1143, electionTimeout:1143ms
2019-06-12 18:55:09,676 INFO  impl.RoleInfo (RoleInfo.java:shutdownFollowerState(121)) - 0156765f-d22d-4800-8bbc-b60bca4d4535: shutdown FollowerState
2019-06-12 18:55:09,676 INFO  impl.RaftServerImpl (RaftServerImpl.java:setRole(164)) - 0156765f-d22d-4800-8bbc-b60bca4d4535:group-74FD81F312F1 changes role from FOLLOWER to CANDIDATE at term 0 for changeToCandidate
2019-06-12 18:55:09,676 INFO  impl.RoleInfo (RoleInfo.java:updateAndGet(143)) - 0156765f-d22d-4800-8bbc-b60bca4d4535: start LeaderElection
2019-06-12 18:55:09,681 INFO  impl.LeaderElection (LeaderElection.java:askForVotes(181)) - 0156765f-d22d-4800-8bbc-b60bca4d4535:group-74FD81F312F1:LeaderElection58: begin an election at term 1 for -1: [0156765f-d22d-4800-8bbc-b60bca4d4535:192.168.46.15:39839], old=null
2019-06-12 18:55:09,681 INFO  impl.RoleInfo (RoleInfo.java:shutdownLeaderElection(134)) - 0156765f-d22d-4800-8bbc-b60bca4d4535: shutdown LeaderElection
2019-06-12 18:55:09,681 INFO  impl.RaftServerImpl (RaftServerImpl.java:setRole(164)) - 0156765f-d22d-4800-8bbc-b60bca4d4535:group-74FD81F312F1 changes role from CANDIDATE to LEADER at term 1 for changeToLeader
2019-06-12 18:55:09,681 INFO  impl.RaftServerImpl (ServerState.java:setLeader(263)) - 0156765f-d22d-4800-8bbc-b60bca4d4535:group-74FD81F312F1 change Leader from null to 0156765f-d22d-4800-8bbc-b60bca4d4535 at term 1 for becomeLeader, leader elected after 1151ms
2019-06-12 18:55:09,681 INFO  server.RaftServerConfigKeys (ConfUtils.java:logGet(43)) - raft.server.staging.catchup.gap = 1000 (default)
2019-06-12 18:55:09,681 INFO  server.RaftServerConfigKeys (ConfUtils.java:logGet(43)) - raft.server.rpc.sleep.time = 25ms (default)
2019-06-12 18:55:09,681 INFO  server.RaftServerConfigKeys (ConfUtils.java:logGet(43)) - raft.server.watch.timeout = 10s (default)
2019-06-12 18:55:09,681 INFO  server.RaftServerConfigKeys (ConfUtils.java:logGet(43)) - raft.server.watch.timeout.denomination = 1s (default)
2019-06-12 18:55:09,682 INFO  impl.RoleInfo (RoleInfo.java:updateAndGet(143)) - 0156765f-d22d-4800-8bbc-b60bca4d4535: start LeaderState
2019-06-12 18:55:09,682 INFO  storage.RaftLogWorker (RaftLogWorker.java:startLogSegment(298)) - 0156765f-d22d-4800-8bbc-b60bca4d4535-RaftLogWorker: Starting segment from index:0
2019-06-12 18:55:09,682 INFO  impl.RaftServerImpl (ServerState.java:setRaftConf(361)) - 0156765f-d22d-4800-8bbc-b60bca4d4535:group-74FD81F312F1 set configuration 0: [0156765f-d22d-4800-8bbc-b60bca4d4535:192.168.46.15:39839], old=null at 0
2019-06-12 18:55:09,716 INFO  storage.RaftLogWorker (RaftLogWorker.java:execute(469)) - 0156765f-d22d-4800-8bbc-b60bca4d4535-RaftLogWorker: created new log segment /opt/src/hadoop-ozone/integration-test/target/test-dir/MiniOzoneClusterImpl-c27f3baa-4cf1-435c-be93-5eb4053ac44b/datanode-0/data/ratis/8301a836-cec2-4b1c-a559-74fd81f312f1/current/log_inprogress_0
2019-06-12 18:55:09,846 INFO  impl.FollowerState (FollowerState.java:run(101)) - f6ecdc3d-2786-4422-8e00-2885a3c970d1:group-236529AC5C9E changes to CANDIDATE, lastRpcTime:1178, electionTimeout:1178ms
2019-06-12 18:55:09,846 INFO  impl.RoleInfo (RoleInfo.java:shutdownFollowerState(121)) - f6ecdc3d-2786-4422-8e00-2885a3c970d1: shutdown FollowerState
2019-06-12 18:55:09,846 INFO  impl.RaftServerImpl (RaftServerImpl.java:setRole(164)) - f6ecdc3d-2786-4422-8e00-2885a3c970d1:group-236529AC5C9E changes role from FOLLOWER to CANDIDATE at term 0 for changeToCandidate
2019-06-12 18:55:09,846 INFO  impl.RoleInfo (RoleInfo.java:updateAndGet(143)) - f6ecdc3d-2786-4422-8e00-2885a3c970d1: start LeaderElection
2019-06-12 18:55:09,853 INFO  impl.LeaderElection (LeaderElection.java:askForVotes(181)) - f6ecdc3d-2786-4422-8e00-2885a3c970d1:group-236529AC5C9E:LeaderElection59: begin an election at term 1 for -1: [f6ecdc3d-2786-4422-8e00-2885a3c970d1:192.168.46.15:33351], old=null
2019-06-12 18:55:09,853 INFO  impl.RoleInfo (RoleInfo.java:shutdownLeaderElection(134)) - f6ecdc3d-2786-4422-8e00-2885a3c970d1: shutdown LeaderElection
2019-06-12 18:55:09,853 INFO  impl.RaftServerImpl (RaftServerImpl.java:setRole(164)) - f6ecdc3d-2786-4422-8e00-2885a3c970d1:group-236529AC5C9E changes role from CANDIDATE to LEADER at term 1 for changeToLeader
2019-06-12 18:55:09,853 INFO  impl.RaftServerImpl (ServerState.java:setLeader(263)) - f6ecdc3d-2786-4422-8e00-2885a3c970d1:group-236529AC5C9E change Leader from null to f6ecdc3d-2786-4422-8e00-2885a3c970d1 at term 1 for becomeLeader, leader elected after 1186ms
2019-06-12 18:55:09,853 INFO  server.RaftServerConfigKeys (ConfUtils.java:logGet(43)) - raft.server.staging.catchup.gap = 1000 (default)
2019-06-12 18:55:09,853 INFO  server.RaftServerConfigKeys (ConfUtils.java:logGet(43)) - raft.server.rpc.sleep.time = 25ms (default)
2019-06-12 18:55:09,853 INFO  server.RaftServerConfigKeys (ConfUtils.java:logGet(43)) - raft.server.watch.timeout = 10s (default)
2019-06-12 18:55:09,853 INFO  server.RaftServerConfigKeys (ConfUtils.java:logGet(43)) - raft.server.watch.timeout.denomination = 1s (default)
2019-06-12 18:55:09,854 INFO  impl.RoleInfo (RoleInfo.java:updateAndGet(143)) - f6ecdc3d-2786-4422-8e00-2885a3c970d1: start LeaderState
2019-06-12 18:55:09,854 INFO  storage.RaftLogWorker (RaftLogWorker.java:startLogSegment(298)) - f6ecdc3d-2786-4422-8e00-2885a3c970d1-RaftLogWorker: Starting segment from index:0
2019-06-12 18:55:09,854 INFO  impl.RaftServerImpl (ServerState.java:setRaftConf(361)) - f6ecdc3d-2786-4422-8e00-2885a3c970d1:group-236529AC5C9E set configuration 0: [f6ecdc3d-2786-4422-8e00-2885a3c970d1:192.168.46.15:33351], old=null at 0
2019-06-12 18:55:09,888 INFO  storage.RaftLogWorker (RaftLogWorker.java:execute(469)) - f6ecdc3d-2786-4422-8e00-2885a3c970d1-RaftLogWorker: created new log segment /opt/src/hadoop-ozone/integration-test/target/test-dir/MiniOzoneClusterImpl-c27f3baa-4cf1-435c-be93-5eb4053ac44b/datanode-1/data/ratis/b5b778eb-3b1b-42c0-8004-236529ac5c9e/current/log_inprogress_0
2019-06-12 18:55:09,931 INFO  impl.FollowerState (FollowerState.java:run(101)) - f9611169-2612-4e9d-93e9-a7721d2fa22e:group-61EC07965501 changes to CANDIDATE, lastRpcTime:1112, electionTimeout:1112ms
2019-06-12 18:55:09,931 INFO  impl.RoleInfo (RoleInfo.java:shutdownFollowerState(121)) - f9611169-2612-4e9d-93e9-a7721d2fa22e: shutdown FollowerState
2019-06-12 18:55:09,931 INFO  impl.RaftServerImpl (RaftServerImpl.java:setRole(164)) - f9611169-2612-4e9d-93e9-a7721d2fa22e:group-61EC07965501 changes role from FOLLOWER to CANDIDATE at term 0 for changeToCandidate
2019-06-12 18:55:09,931 INFO  impl.RoleInfo (RoleInfo.java:updateAndGet(143)) - f9611169-2612-4e9d-93e9-a7721d2fa22e: start LeaderElection
2019-06-12 18:55:09,937 INFO  impl.LeaderElection (LeaderElection.java:askForVotes(181)) - f9611169-2612-4e9d-93e9-a7721d2fa22e:group-61EC07965501:LeaderElection60: begin an election at term 1 for -1: [f9611169-2612-4e9d-93e9-a7721d2fa22e:192.168.46.15:39709], old=null
2019-06-12 18:55:09,937 INFO  impl.RoleInfo (RoleInfo.java:shutdownLeaderElection(134)) - f9611169-2612-4e9d-93e9-a7721d2fa22e: shutdown LeaderElection
2019-06-12 18:55:09,937 INFO  impl.RaftServerImpl (RaftServerImpl.java:setRole(164)) - f9611169-2612-4e9d-93e9-a7721d2fa22e:group-61EC07965501 changes role from CANDIDATE to LEADER at term 1 for changeToLeader
2019-06-12 18:55:09,938 INFO  impl.RaftServerImpl (ServerState.java:setLeader(263)) - f9611169-2612-4e9d-93e9-a7721d2fa22e:group-61EC07965501 change Leader from null to f9611169-2612-4e9d-93e9-a7721d2fa22e at term 1 for becomeLeader, leader elected after 1120ms
2019-06-12 18:55:09,938 INFO  server.RaftServerConfigKeys (ConfUtils.java:logGet(43)) - raft.server.staging.catchup.gap = 1000 (default)
2019-06-12 18:55:09,938 INFO  server.RaftServerConfigKeys (ConfUtils.java:logGet(43)) - raft.server.rpc.sleep.time = 25ms (default)
2019-06-12 18:55:09,938 INFO  server.RaftServerConfigKeys (ConfUtils.java:logGet(43)) - raft.server.watch.timeout = 10s (default)
2019-06-12 18:55:09,938 INFO  server.RaftServerConfigKeys (ConfUtils.java:logGet(43)) - raft.server.watch.timeout.denomination = 1s (default)
2019-06-12 18:55:09,938 INFO  impl.RoleInfo (RoleInfo.java:updateAndGet(143)) - f9611169-2612-4e9d-93e9-a7721d2fa22e: start LeaderState
2019-06-12 18:55:09,938 INFO  storage.RaftLogWorker (RaftLogWorker.java:startLogSegment(298)) - f9611169-2612-4e9d-93e9-a7721d2fa22e-RaftLogWorker: Starting segment from index:0
2019-06-12 18:55:09,941 INFO  impl.RaftServerImpl (ServerState.java:setRaftConf(361)) - f9611169-2612-4e9d-93e9-a7721d2fa22e:group-61EC07965501 set configuration 0: [f9611169-2612-4e9d-93e9-a7721d2fa22e:192.168.46.15:39709], old=null at 0
2019-06-12 18:55:09,973 INFO  storage.RaftLogWorker (RaftLogWorker.java:execute(469)) - f9611169-2612-4e9d-93e9-a7721d2fa22e-RaftLogWorker: created new log segment /opt/src/hadoop-ozone/integration-test/target/test-dir/MiniOzoneClusterImpl-c27f3baa-4cf1-435c-be93-5eb4053ac44b/datanode-2/data/ratis/e9c26b9c-4ada-4b18-b737-61ec07965501/current/log_inprogress_0
2019-06-12 18:55:09,999 INFO  impl.FollowerState (FollowerState.java:run(101)) - 0156765f-d22d-4800-8bbc-b60bca4d4535:group-9F71F074B3CC changes to CANDIDATE, lastRpcTime:1137, electionTimeout:1137ms
2019-06-12 18:55:09,999 INFO  impl.RoleInfo (RoleInfo.java:shutdownFollowerState(121)) - 0156765f-d22d-4800-8bbc-b60bca4d4535: shutdown FollowerState
2019-06-12 18:55:09,999 INFO  impl.RaftServerImpl (RaftServerImpl.java:setRole(164)) - 0156765f-d22d-4800-8bbc-b60bca4d4535:group-9F71F074B3CC changes role from FOLLOWER to CANDIDATE at term 0 for changeToCandidate
2019-06-12 18:55:09,999 INFO  impl.RoleInfo (RoleInfo.java:updateAndGet(143)) - 0156765f-d22d-4800-8bbc-b60bca4d4535: start LeaderElection
2019-06-12 18:55:10,005 INFO  impl.LeaderElection (LeaderElection.java:askForVotes(181)) - 0156765f-d22d-4800-8bbc-b60bca4d4535:group-9F71F074B3CC:LeaderElection61: begin an election at term 1 for -1: [f6ecdc3d-2786-4422-8e00-2885a3c970d1:192.168.46.15:33351, 0156765f-d22d-4800-8bbc-b60bca4d4535:192.168.46.15:39839, f9611169-2612-4e9d-93e9-a7721d2fa22e:192.168.46.15:39709], old=null
2019-06-12 18:55:10,008 INFO  impl.RaftServerImpl (RaftServerImpl.java:setRole(164)) - f6ecdc3d-2786-4422-8e00-2885a3c970d1:group-9F71F074B3CC changes role from FOLLOWER to FOLLOWER at term 1 for recognizeCandidate:0156765f-d22d-4800-8bbc-b60bca4d4535
2019-06-12 18:55:10,008 INFO  impl.RoleInfo (RoleInfo.java:shutdownFollowerState(121)) - f6ecdc3d-2786-4422-8e00-2885a3c970d1: shutdown FollowerState
2019-06-12 18:55:10,008 INFO  impl.RoleInfo (RoleInfo.java:updateAndGet(143)) - f6ecdc3d-2786-4422-8e00-2885a3c970d1: start FollowerState
2019-06-12 18:55:10,008 INFO  impl.FollowerState (FollowerState.java:run(109)) - f6ecdc3d-2786-4422-8e00-2885a3c970d1: FollowerState was interrupted: java.lang.InterruptedException: sleep interrupted
2019-06-12 18:55:10,012 INFO  impl.RaftServerImpl (RaftServerImpl.java:setRole(164)) - f9611169-2612-4e9d-93e9-a7721d2fa22e:group-9F71F074B3CC changes role from FOLLOWER to FOLLOWER at term 1 for recognizeCandidate:0156765f-d22d-4800-8bbc-b60bca4d4535
2019-06-12 18:55:10,012 INFO  impl.RoleInfo (RoleInfo.java:shutdownFollowerState(121)) - f9611169-2612-4e9d-93e9-a7721d2fa22e: shutdown FollowerState
2019-06-12 18:55:10,012 INFO  impl.RoleInfo (RoleInfo.java:updateAndGet(143)) - f9611169-2612-4e9d-93e9-a7721d2fa22e: start FollowerState
2019-06-12 18:55:10,012 INFO  impl.FollowerState (FollowerState.java:run(109)) - f9611169-2612-4e9d-93e9-a7721d2fa22e: FollowerState was interrupted: java.lang.InterruptedException: sleep interrupted
2019-06-12 18:55:10,015 INFO  impl.LeaderElection (LeaderElection.java:logAndReturn(56)) - 0156765f-d22d-4800-8bbc-b60bca4d4535:group-9F71F074B3CC:LeaderElection61: Election PASSED; received 1 response(s) [0156765f-d22d-4800-8bbc-b60bca4d4535->f6ecdc3d-2786-4422-8e00-2885a3c970d1,true-t1] and 0 exception(s); 0156765f-d22d-4800-8bbc-b60bca4d4535:t1, leader=null, voted=0156765f-d22d-4800-8bbc-b60bca4d4535, raftlog=0156765f-d22d-4800-8bbc-b60bca4d4535-SegmentedRaftLog:OPENED:c-1,f-1,i0, conf=-1: [f6ecdc3d-2786-4422-8e00-2885a3c970d1:192.168.46.15:33351, 0156765f-d22d-4800-8bbc-b60bca4d4535:192.168.46.15:39839, f9611169-2612-4e9d-93e9-a7721d2fa22e:192.168.46.15:39709], old=null
2019-06-12 18:55:10,015 INFO  impl.RoleInfo (RoleInfo.java:shutdownLeaderElection(134)) - 0156765f-d22d-4800-8bbc-b60bca4d4535: shutdown LeaderElection
2019-06-12 18:55:10,015 INFO  impl.RaftServerImpl (RaftServerImpl.java:setRole(164)) - 0156765f-d22d-4800-8bbc-b60bca4d4535:group-9F71F074B3CC changes role from CANDIDATE to LEADER at term 1 for changeToLeader
2019-06-12 18:55:10,015 INFO  impl.RaftServerImpl (ServerState.java:setLeader(263)) - 0156765f-d22d-4800-8bbc-b60bca4d4535:group-9F71F074B3CC change Leader from null to 0156765f-d22d-4800-8bbc-b60bca4d4535 at term 1 for becomeLeader, leader elected after 1178ms
2019-06-12 18:55:10,015 INFO  server.RaftServerConfigKeys (ConfUtils.java:logGet(43)) - raft.server.staging.catchup.gap = 1000 (default)
2019-06-12 18:55:10,015 INFO  server.RaftServerConfigKeys (ConfUtils.java:logGet(43)) - raft.server.rpc.sleep.time = 25ms (default)
2019-06-12 18:55:10,015 INFO  server.RaftServerConfigKeys (ConfUtils.java:logGet(43)) - raft.server.watch.timeout = 10s (default)
2019-06-12 18:55:10,015 INFO  server.RaftServerConfigKeys (ConfUtils.java:logGet(43)) - raft.server.watch.timeout.denomination = 1s (default)
2019-06-12 18:55:10,015 INFO  server.RaftServerConfigKeys (ConfUtils.java:logGet(43)) - raft.server.log.appender.snapshot.chunk.size.max = 16MB (=16777216) (default)
2019-06-12 18:55:10,015 INFO  server.RaftServerConfigKeys (ConfUtils.java:logGet(43)) - raft.server.log.appender.buffer.byte-limit = 33554432 (custom)
2019-06-12 18:55:10,016 INFO  server.RaftServerConfigKeys (ConfUtils.java:logGet(43)) - raft.server.log.appender.buffer.element-limit = 1 (custom)
2019-06-12 18:55:10,016 INFO  grpc.GrpcConfigKeys$Server (ConfUtils.java:logGet(43)) - raft.grpc.server.leader.outstanding.appends.max = 128 (default)
2019-06-12 18:55:10,016 INFO  server.RaftServerConfigKeys (ConfUtils.java:logGet(43)) - raft.server.rpc.request.timeout = 3000ms (default)
2019-06-12 18:55:10,016 INFO  server.RaftServerConfigKeys (ConfUtils.java:logGet(43)) - raft.server.log.appender.install.snapshot.enabled = true (default)
2019-06-12 18:55:10,016 INFO  server.RaftServerConfigKeys (ConfUtils.java:logGet(43)) - raft.server.log.appender.snapshot.chunk.size.max = 16MB (=16777216) (default)
2019-06-12 18:55:10,016 INFO  server.RaftServerConfigKeys (ConfUtils.java:logGet(43)) - raft.server.log.appender.buffer.byte-limit = 33554432 (custom)
2019-06-12 18:55:10,016 INFO  server.RaftServerConfigKeys (ConfUtils.java:logGet(43)) - raft.server.log.appender.buffer.element-limit = 1 (custom)
2019-06-12 18:55:10,016 INFO  grpc.GrpcConfigKeys$Server (ConfUtils.java:logGet(43)) - raft.grpc.server.leader.outstanding.appends.max = 128 (default)
2019-06-12 18:55:10,016 INFO  server.RaftServerConfigKeys (ConfUtils.java:logGet(43)) - raft.server.rpc.request.timeout = 3000ms (default)
2019-06-12 18:55:10,016 INFO  server.RaftServerConfigKeys (ConfUtils.java:logGet(43)) - raft.server.log.appender.install.snapshot.enabled = true (default)
2019-06-12 18:55:10,016 INFO  impl.RoleInfo (RoleInfo.java:updateAndGet(143)) - 0156765f-d22d-4800-8bbc-b60bca4d4535: start LeaderState
2019-06-12 18:55:10,016 INFO  storage.RaftLogWorker (RaftLogWorker.java:startLogSegment(298)) - 0156765f-d22d-4800-8bbc-b60bca4d4535-RaftLogWorker: Starting segment from index:0
2019-06-12 18:55:10,017 INFO  impl.RaftServerImpl (ServerState.java:setRaftConf(361)) - 0156765f-d22d-4800-8bbc-b60bca4d4535:group-9F71F074B3CC set configuration 0: [f6ecdc3d-2786-4422-8e00-2885a3c970d1:192.168.46.15:33351, 0156765f-d22d-4800-8bbc-b60bca4d4535:192.168.46.15:39839, f9611169-2612-4e9d-93e9-a7721d2fa22e:192.168.46.15:39709], old=null at 0
2019-06-12 18:55:10,018 INFO  impl.RaftServerImpl (ServerState.java:setLeader(263)) - f6ecdc3d-2786-4422-8e00-2885a3c970d1:group-9F71F074B3CC change Leader from null to 0156765f-d22d-4800-8bbc-b60bca4d4535 at term 1 for appendEntries, leader elected after 1182ms
2019-06-12 18:55:10,018 INFO  impl.RaftServerImpl (ServerState.java:setLeader(263)) - f9611169-2612-4e9d-93e9-a7721d2fa22e:group-9F71F074B3CC change Leader from null to 0156765f-d22d-4800-8bbc-b60bca4d4535 at term 1 for appendEntries, leader elected after 1181ms
2019-06-12 18:55:10,044 INFO  impl.RaftServerImpl (ServerState.java:setRaftConf(361)) - f9611169-2612-4e9d-93e9-a7721d2fa22e:group-9F71F074B3CC set configuration 0: [f6ecdc3d-2786-4422-8e00-2885a3c970d1:192.168.46.15:33351, 0156765f-d22d-4800-8bbc-b60bca4d4535:192.168.46.15:39839, f9611169-2612-4e9d-93e9-a7721d2fa22e:192.168.46.15:39709], old=null at 0
2019-06-12 18:55:10,044 INFO  impl.RaftServerImpl (ServerState.java:setRaftConf(361)) - f6ecdc3d-2786-4422-8e00-2885a3c970d1:group-9F71F074B3CC set configuration 0: [f6ecdc3d-2786-4422-8e00-2885a3c970d1:192.168.46.15:33351, 0156765f-d22d-4800-8bbc-b60bca4d4535:192.168.46.15:39839, f9611169-2612-4e9d-93e9-a7721d2fa22e:192.168.46.15:39709], old=null at 0
2019-06-12 18:55:10,045 INFO  storage.RaftLogWorker (RaftLogWorker.java:startLogSegment(298)) - f6ecdc3d-2786-4422-8e00-2885a3c970d1-RaftLogWorker: Starting segment from index:0
2019-06-12 18:55:10,044 INFO  storage.RaftLogWorker (RaftLogWorker.java:startLogSegment(298)) - f9611169-2612-4e9d-93e9-a7721d2fa22e-RaftLogWorker: Starting segment from index:0
2019-06-12 18:55:10,060 INFO  impl.FollowerState (FollowerState.java:run(101)) - 05e9dd11-d17f-4c00-aa53-d42703b2ff78:group-5D1E7E05D317 changes to CANDIDATE, lastRpcTime:1061, electionTimeout:1061ms
2019-06-12 18:55:10,061 INFO  impl.RoleInfo (RoleInfo.java:shutdownFollowerState(121)) - 05e9dd11-d17f-4c00-aa53-d42703b2ff78: shutdown FollowerState
2019-06-12 18:55:10,061 INFO  impl.RaftServerImpl (RaftServerImpl.java:setRole(164)) - 05e9dd11-d17f-4c00-aa53-d42703b2ff78:group-5D1E7E05D317 changes role from FOLLOWER to CANDIDATE at term 0 for changeToCandidate
2019-06-12 18:55:10,061 INFO  impl.RoleInfo (RoleInfo.java:updateAndGet(143)) - 05e9dd11-d17f-4c00-aa53-d42703b2ff78: start LeaderElection
2019-06-12 18:55:10,080 INFO  storage.RaftLogWorker (RaftLogWorker.java:execute(469)) - 0156765f-d22d-4800-8bbc-b60bca4d4535-RaftLogWorker: created new log segment /opt/src/hadoop-ozone/integration-test/target/test-dir/MiniOzoneClusterImpl-c27f3baa-4cf1-435c-be93-5eb4053ac44b/datanode-0/data/ratis/475ecab8-6c23-49e8-a414-9f71f074b3cc/current/log_inprogress_0
2019-06-12 18:55:10,080 INFO  impl.LeaderElection (LeaderElection.java:askForVotes(181)) - 05e9dd11-d17f-4c00-aa53-d42703b2ff78:group-5D1E7E05D317:LeaderElection62: begin an election at term 1 for -1: [05e9dd11-d17f-4c00-aa53-d42703b2ff78:192.168.46.15:39123], old=null
2019-06-12 18:55:10,080 INFO  impl.RoleInfo (RoleInfo.java:shutdownLeaderElection(134)) - 05e9dd11-d17f-4c00-aa53-d42703b2ff78: shutdown LeaderElection
2019-06-12 18:55:10,080 INFO  impl.RaftServerImpl (RaftServerImpl.java:setRole(164)) - 05e9dd11-d17f-4c00-aa53-d42703b2ff78:group-5D1E7E05D317 changes role from CANDIDATE to LEADER at term 1 for changeToLeader
2019-06-12 18:55:10,080 INFO  impl.RaftServerImpl (ServerState.java:setLeader(263)) - 05e9dd11-d17f-4c00-aa53-d42703b2ff78:group-5D1E7E05D317 change Leader from null to 05e9dd11-d17f-4c00-aa53-d42703b2ff78 at term 1 for becomeLeader, leader elected after 1082ms
2019-06-12 18:55:10,081 INFO  server.RaftServerConfigKeys (ConfUtils.java:logGet(43)) - raft.server.staging.catchup.gap = 1000 (default)
2019-06-12 18:55:10,081 INFO  server.RaftServerConfigKeys (ConfUtils.java:logGet(43)) - raft.server.rpc.sleep.time = 25ms (default)
2019-06-12 18:55:10,081 INFO  server.RaftServerConfigKeys (ConfUtils.java:logGet(43)) - raft.server.watch.timeout = 10s (default)
2019-06-12 18:55:10,081 INFO  server.RaftServerConfigKeys (ConfUtils.java:logGet(43)) - raft.server.watch.timeout.denomination = 1s (default)
2019-06-12 18:55:10,081 INFO  impl.RoleInfo (RoleInfo.java:updateAndGet(143)) - 05e9dd11-d17f-4c00-aa53-d42703b2ff78: start LeaderState
2019-06-12 18:55:10,081 INFO  storage.RaftLogWorker (RaftLogWorker.java:startLogSegment(298)) - 05e9dd11-d17f-4c00-aa53-d42703b2ff78-RaftLogWorker: Starting segment from index:0
2019-06-12 18:55:10,085 INFO  impl.RaftServerImpl (ServerState.java:setRaftConf(361)) - 05e9dd11-d17f-4c00-aa53-d42703b2ff78:group-5D1E7E05D317 set configuration 0: [05e9dd11-d17f-4c00-aa53-d42703b2ff78:192.168.46.15:39123], old=null at 0
2019-06-12 18:55:10,108 INFO  storage.RaftLogWorker (RaftLogWorker.java:execute(469)) - f9611169-2612-4e9d-93e9-a7721d2fa22e-RaftLogWorker: created new log segment /opt/src/hadoop-ozone/integration-test/target/test-dir/MiniOzoneClusterImpl-c27f3baa-4cf1-435c-be93-5eb4053ac44b/datanode-2/data/ratis/475ecab8-6c23-49e8-a414-9f71f074b3cc/current/log_inprogress_0
2019-06-12 18:55:10,108 INFO  storage.RaftLogWorker (RaftLogWorker.java:execute(469)) - f6ecdc3d-2786-4422-8e00-2885a3c970d1-RaftLogWorker: created new log segment /opt/src/hadoop-ozone/integration-test/target/test-dir/MiniOzoneClusterImpl-c27f3baa-4cf1-435c-be93-5eb4053ac44b/datanode-1/data/ratis/475ecab8-6c23-49e8-a414-9f71f074b3cc/current/log_inprogress_0
2019-06-12 18:55:10,125 INFO  storage.RaftLogWorker (RaftLogWorker.java:execute(469)) - 05e9dd11-d17f-4c00-aa53-d42703b2ff78-RaftLogWorker: created new log segment /opt/src/hadoop-ozone/integration-test/target/test-dir/MiniOzoneClusterImpl-c27f3baa-4cf1-435c-be93-5eb4053ac44b/datanode-3/data/ratis/64b1f570-1cdf-4bbe-9a3b-5d1e7e05d317/current/log_inprogress_0
2019-06-12 18:55:10,193 INFO  impl.FollowerState (FollowerState.java:run(101)) - 1cc10457-1d1f-470d-8f8e-d9ee86d25856:group-55E9F22BD8BC changes to CANDIDATE, lastRpcTime:1013, electionTimeout:1013ms
2019-06-12 18:55:10,193 INFO  impl.RoleInfo (RoleInfo.java:shutdownFollowerState(121)) - 1cc10457-1d1f-470d-8f8e-d9ee86d25856: shutdown FollowerState
2019-06-12 18:55:10,193 INFO  impl.RaftServerImpl (RaftServerImpl.java:setRole(164)) - 1cc10457-1d1f-470d-8f8e-d9ee86d25856:group-55E9F22BD8BC changes role from FOLLOWER to CANDIDATE at term 0 for changeToCandidate
2019-06-12 18:55:10,193 INFO  impl.RoleInfo (RoleInfo.java:updateAndGet(143)) - 1cc10457-1d1f-470d-8f8e-d9ee86d25856: start LeaderElection
2019-06-12 18:55:10,196 INFO  impl.LeaderElection (LeaderElection.java:askForVotes(181)) - 1cc10457-1d1f-470d-8f8e-d9ee86d25856:group-55E9F22BD8BC:LeaderElection63: begin an election at term 1 for -1: [1cc10457-1d1f-470d-8f8e-d9ee86d25856:192.168.46.15:41481], old=null
2019-06-12 18:55:10,196 INFO  impl.RoleInfo (RoleInfo.java:shutdownLeaderElection(134)) - 1cc10457-1d1f-470d-8f8e-d9ee86d25856: shutdown LeaderElection
2019-06-12 18:55:10,196 INFO  impl.RaftServerImpl (RaftServerImpl.java:setRole(164)) - 1cc10457-1d1f-470d-8f8e-d9ee86d25856:group-55E9F22BD8BC changes role from CANDIDATE to LEADER at term 1 for changeToLeader
2019-06-12 18:55:10,196 INFO  impl.RaftServerImpl (ServerState.java:setLeader(263)) - 1cc10457-1d1f-470d-8f8e-d9ee86d25856:group-55E9F22BD8BC change Leader from null to 1cc10457-1d1f-470d-8f8e-d9ee86d25856 at term 1 for becomeLeader, leader elected after 1017ms
2019-06-12 18:55:10,196 INFO  server.RaftServerConfigKeys (ConfUtils.java:logGet(43)) - raft.server.staging.catchup.gap = 1000 (default)
2019-06-12 18:55:10,196 INFO  server.RaftServerConfigKeys (ConfUtils.java:logGet(43)) - raft.server.rpc.sleep.time = 25ms (default)
2019-06-12 18:55:10,196 INFO  server.RaftServerConfigKeys (ConfUtils.java:logGet(43)) - raft.server.watch.timeout = 10s (default)
2019-06-12 18:55:10,196 INFO  server.RaftServerConfigKeys (ConfUtils.java:logGet(43)) - raft.server.watch.timeout.denomination = 1s (default)
2019-06-12 18:55:10,196 INFO  impl.RoleInfo (RoleInfo.java:updateAndGet(143)) - 1cc10457-1d1f-470d-8f8e-d9ee86d25856: start LeaderState
2019-06-12 18:55:10,197 INFO  storage.RaftLogWorker (RaftLogWorker.java:startLogSegment(298)) - 1cc10457-1d1f-470d-8f8e-d9ee86d25856-RaftLogWorker: Starting segment from index:0
2019-06-12 18:55:10,197 INFO  impl.RaftServerImpl (ServerState.java:setRaftConf(361)) - 1cc10457-1d1f-470d-8f8e-d9ee86d25856:group-55E9F22BD8BC set configuration 0: [1cc10457-1d1f-470d-8f8e-d9ee86d25856:192.168.46.15:41481], old=null at 0
2019-06-12 18:55:10,234 INFO  storage.RaftLogWorker (RaftLogWorker.java:execute(469)) - 1cc10457-1d1f-470d-8f8e-d9ee86d25856-RaftLogWorker: created new log segment /opt/src/hadoop-ozone/integration-test/target/test-dir/MiniOzoneClusterImpl-c27f3baa-4cf1-435c-be93-5eb4053ac44b/datanode-4/data/ratis/ddd4e61a-f2ce-487a-888f-55e9f22bd8bc/current/log_inprogress_0
2019-06-12 18:55:10,323 INFO  impl.FollowerState (FollowerState.java:run(101)) - 93dd7c6b-bf14-4c56-ab78-3056bba117b8:group-53109E9DD15B changes to CANDIDATE, lastRpcTime:1008, electionTimeout:1008ms
2019-06-12 18:55:10,323 INFO  impl.RoleInfo (RoleInfo.java:shutdownFollowerState(121)) - 93dd7c6b-bf14-4c56-ab78-3056bba117b8: shutdown FollowerState
2019-06-12 18:55:10,323 INFO  impl.RaftServerImpl (RaftServerImpl.java:setRole(164)) - 93dd7c6b-bf14-4c56-ab78-3056bba117b8:group-53109E9DD15B changes role from FOLLOWER to CANDIDATE at term 0 for changeToCandidate
2019-06-12 18:55:10,323 INFO  impl.RoleInfo (RoleInfo.java:updateAndGet(143)) - 93dd7c6b-bf14-4c56-ab78-3056bba117b8: start LeaderElection
2019-06-12 18:55:10,325 INFO  impl.LeaderElection (LeaderElection.java:askForVotes(181)) - 93dd7c6b-bf14-4c56-ab78-3056bba117b8:group-53109E9DD15B:LeaderElection64: begin an election at term 1 for -1: [93dd7c6b-bf14-4c56-ab78-3056bba117b8:192.168.46.15:39653], old=null
2019-06-12 18:55:10,325 INFO  impl.RoleInfo (RoleInfo.java:shutdownLeaderElection(134)) - 93dd7c6b-bf14-4c56-ab78-3056bba117b8: shutdown LeaderElection
2019-06-12 18:55:10,325 INFO  impl.RaftServerImpl (RaftServerImpl.java:setRole(164)) - 93dd7c6b-bf14-4c56-ab78-3056bba117b8:group-53109E9DD15B changes role from CANDIDATE to LEADER at term 1 for changeToLeader
2019-06-12 18:55:10,325 INFO  impl.RaftServerImpl (ServerState.java:setLeader(263)) - 93dd7c6b-bf14-4c56-ab78-3056bba117b8:group-53109E9DD15B change Leader from null to 93dd7c6b-bf14-4c56-ab78-3056bba117b8 at term 1 for becomeLeader, leader elected after 1012ms
2019-06-12 18:55:10,325 INFO  server.RaftServerConfigKeys (ConfUtils.java:logGet(43)) - raft.server.staging.catchup.gap = 1000 (default)
2019-06-12 18:55:10,326 INFO  server.RaftServerConfigKeys (ConfUtils.java:logGet(43)) - raft.server.rpc.sleep.time = 25ms (default)
2019-06-12 18:55:10,326 INFO  server.RaftServerConfigKeys (ConfUtils.java:logGet(43)) - raft.server.watch.timeout = 10s (default)
2019-06-12 18:55:10,326 INFO  server.RaftServerConfigKeys (ConfUtils.java:logGet(43)) - raft.server.watch.timeout.denomination = 1s (default)
2019-06-12 18:55:10,326 INFO  impl.RoleInfo (RoleInfo.java:updateAndGet(143)) - 93dd7c6b-bf14-4c56-ab78-3056bba117b8: start LeaderState
2019-06-12 18:55:10,326 INFO  storage.RaftLogWorker (RaftLogWorker.java:startLogSegment(298)) - 93dd7c6b-bf14-4c56-ab78-3056bba117b8-RaftLogWorker: Starting segment from index:0
2019-06-12 18:55:10,326 INFO  impl.RaftServerImpl (ServerState.java:setRaftConf(361)) - 93dd7c6b-bf14-4c56-ab78-3056bba117b8:group-53109E9DD15B set configuration 0: [93dd7c6b-bf14-4c56-ab78-3056bba117b8:192.168.46.15:39653], old=null at 0
2019-06-12 18:55:10,364 INFO  storage.RaftLogWorker (RaftLogWorker.java:execute(469)) - 93dd7c6b-bf14-4c56-ab78-3056bba117b8-RaftLogWorker: created new log segment /opt/src/hadoop-ozone/integration-test/target/test-dir/MiniOzoneClusterImpl-c27f3baa-4cf1-435c-be93-5eb4053ac44b/datanode-5/data/ratis/787716dd-b599-4ebe-ace7-53109e9dd15b/current/log_inprogress_0
2019-06-12 18:55:10,404 INFO  impl.FollowerState (FollowerState.java:run(101)) - 93dd7c6b-bf14-4c56-ab78-3056bba117b8:group-69EC58D433A9 changes to CANDIDATE, lastRpcTime:1060, electionTimeout:1060ms
2019-06-12 18:55:10,404 INFO  impl.RoleInfo (RoleInfo.java:shutdownFollowerState(121)) - 93dd7c6b-bf14-4c56-ab78-3056bba117b8: shutdown FollowerState
2019-06-12 18:55:10,404 INFO  impl.RaftServerImpl (RaftServerImpl.java:setRole(164)) - 93dd7c6b-bf14-4c56-ab78-3056bba117b8:group-69EC58D433A9 changes role from FOLLOWER to CANDIDATE at term 0 for changeToCandidate
2019-06-12 18:55:10,404 INFO  impl.RoleInfo (RoleInfo.java:updateAndGet(143)) - 93dd7c6b-bf14-4c56-ab78-3056bba117b8: start LeaderElection
2019-06-12 18:55:10,405 INFO  impl.FollowerState (FollowerState.java:run(101)) - 1cc10457-1d1f-470d-8f8e-d9ee86d25856:group-69EC58D433A9 changes to CANDIDATE, lastRpcTime:1070, electionTimeout:1070ms
2019-06-12 18:55:10,405 INFO  impl.RoleInfo (RoleInfo.java:shutdownFollowerState(121)) - 1cc10457-1d1f-470d-8f8e-d9ee86d25856: shutdown FollowerState
2019-06-12 18:55:10,405 INFO  impl.RaftServerImpl (RaftServerImpl.java:setRole(164)) - 1cc10457-1d1f-470d-8f8e-d9ee86d25856:group-69EC58D433A9 changes role from FOLLOWER to CANDIDATE at term 0 for changeToCandidate
2019-06-12 18:55:10,405 INFO  impl.RoleInfo (RoleInfo.java:updateAndGet(143)) - 1cc10457-1d1f-470d-8f8e-d9ee86d25856: start LeaderElection
2019-06-12 18:55:10,406 INFO  impl.LeaderElection (LeaderElection.java:askForVotes(181)) - 1cc10457-1d1f-470d-8f8e-d9ee86d25856:group-69EC58D433A9:LeaderElection66: begin an election at term 1 for -1: [93dd7c6b-bf14-4c56-ab78-3056bba117b8:192.168.46.15:39653, 05e9dd11-d17f-4c00-aa53-d42703b2ff78:192.168.46.15:39123, 1cc10457-1d1f-470d-8f8e-d9ee86d25856:192.168.46.15:41481], old=null
2019-06-12 18:55:10,406 INFO  impl.LeaderElection (LeaderElection.java:askForVotes(181)) - 93dd7c6b-bf14-4c56-ab78-3056bba117b8:group-69EC58D433A9:LeaderElection65: begin an election at term 1 for -1: [93dd7c6b-bf14-4c56-ab78-3056bba117b8:192.168.46.15:39653, 05e9dd11-d17f-4c00-aa53-d42703b2ff78:192.168.46.15:39123, 1cc10457-1d1f-470d-8f8e-d9ee86d25856:192.168.46.15:41481], old=null
2019-06-12 18:55:10,418 INFO  impl.RaftServerImpl (RaftServerImpl.java:setRole(164)) - 05e9dd11-d17f-4c00-aa53-d42703b2ff78:group-69EC58D433A9 changes role from FOLLOWER to FOLLOWER at term 1 for recognizeCandidate:1cc10457-1d1f-470d-8f8e-d9ee86d25856
2019-06-12 18:55:10,418 INFO  impl.RoleInfo (RoleInfo.java:shutdownFollowerState(121)) - 05e9dd11-d17f-4c00-aa53-d42703b2ff78: shutdown FollowerState
2019-06-12 18:55:10,419 INFO  impl.RoleInfo (RoleInfo.java:updateAndGet(143)) - 05e9dd11-d17f-4c00-aa53-d42703b2ff78: start FollowerState
2019-06-12 18:55:10,419 INFO  impl.FollowerState (FollowerState.java:run(109)) - 05e9dd11-d17f-4c00-aa53-d42703b2ff78: FollowerState was interrupted: java.lang.InterruptedException: sleep interrupted
2019-06-12 18:55:10,427 INFO  impl.LeaderElection (LeaderElection.java:logAndReturn(56)) - 1cc10457-1d1f-470d-8f8e-d9ee86d25856:group-69EC58D433A9:LeaderElection66: Election PASSED; received 2 response(s) [1cc10457-1d1f-470d-8f8e-d9ee86d25856->93dd7c6b-bf14-4c56-ab78-3056bba117b8,false-t1, 1cc10457-1d1f-470d-8f8e-d9ee86d25856->05e9dd11-d17f-4c00-aa53-d42703b2ff78,true-t1] and 0 exception(s); 1cc10457-1d1f-470d-8f8e-d9ee86d25856:t1, leader=null, voted=1cc10457-1d1f-470d-8f8e-d9ee86d25856, raftlog=1cc10457-1d1f-470d-8f8e-d9ee86d25856-SegmentedRaftLog:OPENED:c-1,f-1,i0, conf=-1: [93dd7c6b-bf14-4c56-ab78-3056bba117b8:192.168.46.15:39653, 05e9dd11-d17f-4c00-aa53-d42703b2ff78:192.168.46.15:39123, 1cc10457-1d1f-470d-8f8e-d9ee86d25856:192.168.46.15:41481], old=null
2019-06-12 18:55:10,427 INFO  impl.RoleInfo (RoleInfo.java:shutdownLeaderElection(134)) - 1cc10457-1d1f-470d-8f8e-d9ee86d25856: shutdown LeaderElection
2019-06-12 18:55:10,427 INFO  impl.RaftServerImpl (RaftServerImpl.java:setRole(164)) - 1cc10457-1d1f-470d-8f8e-d9ee86d25856:group-69EC58D433A9 changes role from CANDIDATE to LEADER at term 1 for changeToLeader
2019-06-12 18:55:10,427 INFO  impl.RaftServerImpl (ServerState.java:setLeader(263)) - 1cc10457-1d1f-470d-8f8e-d9ee86d25856:group-69EC58D433A9 change Leader from null to 1cc10457-1d1f-470d-8f8e-d9ee86d25856 at term 1 for becomeLeader, leader elected after 1095ms
2019-06-12 18:55:10,427 INFO  server.RaftServerConfigKeys (ConfUtils.java:logGet(43)) - raft.server.staging.catchup.gap = 1000 (default)
2019-06-12 18:55:10,427 INFO  server.RaftServerConfigKeys (ConfUtils.java:logGet(43)) - raft.server.rpc.sleep.time = 25ms (default)
2019-06-12 18:55:10,427 INFO  server.RaftServerConfigKeys (ConfUtils.java:logGet(43)) - raft.server.watch.timeout = 10s (default)
2019-06-12 18:55:10,427 INFO  server.RaftServerConfigKeys (ConfUtils.java:logGet(43)) - raft.server.watch.timeout.denomination = 1s (default)
2019-06-12 18:55:10,428 INFO  impl.LeaderElection (LeaderElection.java:logAndReturn(56)) - 93dd7c6b-bf14-4c56-ab78-3056bba117b8:group-69EC58D433A9:LeaderElection65: Election REJECTED; received 2 response(s) [93dd7c6b-bf14-4c56-ab78-3056bba117b8->05e9dd11-d17f-4c00-aa53-d42703b2ff78,false-t1, 93dd7c6b-bf14-4c56-ab78-3056bba117b8->1cc10457-1d1f-470d-8f8e-d9ee86d25856,false-t1] and 0 exception(s); 93dd7c6b-bf14-4c56-ab78-3056bba117b8:t1, leader=null, voted=93dd7c6b-bf14-4c56-ab78-3056bba117b8, raftlog=93dd7c6b-bf14-4c56-ab78-3056bba117b8-SegmentedRaftLog:OPENED:c-1,f-1,i0, conf=-1: [93dd7c6b-bf14-4c56-ab78-3056bba117b8:192.168.46.15:39653, 05e9dd11-d17f-4c00-aa53-d42703b2ff78:192.168.46.15:39123, 1cc10457-1d1f-470d-8f8e-d9ee86d25856:192.168.46.15:41481], old=null
2019-06-12 18:55:10,428 INFO  server.RaftServerConfigKeys (ConfUtils.java:logGet(43)) - raft.server.log.appender.snapshot.chunk.size.max = 16MB (=16777216) (default)
2019-06-12 18:55:10,428 INFO  server.RaftServerConfigKeys (ConfUtils.java:logGet(43)) - raft.server.log.appender.buffer.byte-limit = 33554432 (custom)
2019-06-12 18:55:10,428 INFO  server.RaftServerConfigKeys (ConfUtils.java:logGet(43)) - raft.server.log.appender.buffer.element-limit = 1 (custom)
2019-06-12 18:55:10,428 INFO  grpc.GrpcConfigKeys$Server (ConfUtils.java:logGet(43)) - raft.grpc.server.leader.outstanding.appends.max = 128 (default)
2019-06-12 18:55:10,428 INFO  server.RaftServerConfigKeys (ConfUtils.java:logGet(43)) - raft.server.rpc.request.timeout = 3000ms (default)
2019-06-12 18:55:10,428 INFO  server.RaftServerConfigKeys (ConfUtils.java:logGet(43)) - raft.server.log.appender.install.snapshot.enabled = true (default)
2019-06-12 18:55:10,428 INFO  server.RaftServerConfigKeys (ConfUtils.java:logGet(43)) - raft.server.log.appender.snapshot.chunk.size.max = 16MB (=16777216) (default)
2019-06-12 18:55:10,429 INFO  server.RaftServerConfigKeys (ConfUtils.java:logGet(43)) - raft.server.log.appender.buffer.byte-limit = 33554432 (custom)
2019-06-12 18:55:10,429 INFO  server.RaftServerConfigKeys (ConfUtils.java:logGet(43)) - raft.server.log.appender.buffer.element-limit = 1 (custom)
2019-06-12 18:55:10,429 INFO  grpc.GrpcConfigKeys$Server (ConfUtils.java:logGet(43)) - raft.grpc.server.leader.outstanding.appends.max = 128 (default)
2019-06-12 18:55:10,429 INFO  server.RaftServerConfigKeys (ConfUtils.java:logGet(43)) - raft.server.rpc.request.timeout = 3000ms (default)
2019-06-12 18:55:10,429 INFO  server.RaftServerConfigKeys (ConfUtils.java:logGet(43)) - raft.server.log.appender.install.snapshot.enabled = true (default)
2019-06-12 18:55:10,429 INFO  impl.RoleInfo (RoleInfo.java:updateAndGet(143)) - 1cc10457-1d1f-470d-8f8e-d9ee86d25856: start LeaderState
2019-06-12 18:55:10,428 INFO  impl.RaftServerImpl (RaftServerImpl.java:setRole(164)) - 93dd7c6b-bf14-4c56-ab78-3056bba117b8:group-69EC58D433A9 changes role from CANDIDATE to FOLLOWER at term 1 for DISCOVERED_A_NEW_TERM
2019-06-12 18:55:10,429 INFO  impl.RoleInfo (RoleInfo.java:shutdownLeaderElection(134)) - 93dd7c6b-bf14-4c56-ab78-3056bba117b8: shutdown LeaderElection
2019-06-12 18:55:10,429 INFO  storage.RaftLogWorker (RaftLogWorker.java:startLogSegment(298)) - 1cc10457-1d1f-470d-8f8e-d9ee86d25856-RaftLogWorker: Starting segment from index:0
2019-06-12 18:55:10,430 INFO  impl.RoleInfo (RoleInfo.java:updateAndGet(143)) - 93dd7c6b-bf14-4c56-ab78-3056bba117b8: start FollowerState
2019-06-12 18:55:10,431 INFO  impl.RaftServerImpl (ServerState.java:setLeader(263)) - 93dd7c6b-bf14-4c56-ab78-3056bba117b8:group-69EC58D433A9 change Leader from null to 1cc10457-1d1f-470d-8f8e-d9ee86d25856 at term 1 for appendEntries, leader elected after 1097ms
2019-06-12 18:55:10,433 INFO  impl.RaftServerImpl (ServerState.java:setRaftConf(361)) - 1cc10457-1d1f-470d-8f8e-d9ee86d25856:group-69EC58D433A9 set configuration 0: [93dd7c6b-bf14-4c56-ab78-3056bba117b8:192.168.46.15:39653, 05e9dd11-d17f-4c00-aa53-d42703b2ff78:192.168.46.15:39123, 1cc10457-1d1f-470d-8f8e-d9ee86d25856:192.168.46.15:41481], old=null at 0
2019-06-12 18:55:10,435 INFO  impl.RaftServerImpl (ServerState.java:setRaftConf(361)) - 93dd7c6b-bf14-4c56-ab78-3056bba117b8:group-69EC58D433A9 set configuration 0: [93dd7c6b-bf14-4c56-ab78-3056bba117b8:192.168.46.15:39653, 05e9dd11-d17f-4c00-aa53-d42703b2ff78:192.168.46.15:39123, 1cc10457-1d1f-470d-8f8e-d9ee86d25856:192.168.46.15:41481], old=null at 0
2019-06-12 18:55:10,435 INFO  impl.RaftServerImpl (ServerState.java:setLeader(263)) - 05e9dd11-d17f-4c00-aa53-d42703b2ff78:group-69EC58D433A9 change Leader from null to 1cc10457-1d1f-470d-8f8e-d9ee86d25856 at term 1 for appendEntries, leader elected after 1102ms
2019-06-12 18:55:10,435 INFO  storage.RaftLogWorker (RaftLogWorker.java:startLogSegment(298)) - 93dd7c6b-bf14-4c56-ab78-3056bba117b8-RaftLogWorker: Starting segment from index:0
2019-06-12 18:55:10,455 INFO  impl.RaftServerImpl (ServerState.java:setRaftConf(361)) - 05e9dd11-d17f-4c00-aa53-d42703b2ff78:group-69EC58D433A9 set configuration 0: [93dd7c6b-bf14-4c56-ab78-3056bba117b8:192.168.46.15:39653, 05e9dd11-d17f-4c00-aa53-d42703b2ff78:192.168.46.15:39123, 1cc10457-1d1f-470d-8f8e-d9ee86d25856:192.168.46.15:41481], old=null at 0
2019-06-12 18:55:10,456 INFO  storage.RaftLogWorker (RaftLogWorker.java:startLogSegment(298)) - 05e9dd11-d17f-4c00-aa53-d42703b2ff78-RaftLogWorker: Starting segment from index:0
2019-06-12 18:55:10,475 INFO  storage.RaftLogWorker (RaftLogWorker.java:execute(469)) - 93dd7c6b-bf14-4c56-ab78-3056bba117b8-RaftLogWorker: created new log segment /opt/src/hadoop-ozone/integration-test/target/test-dir/MiniOzoneClusterImpl-c27f3baa-4cf1-435c-be93-5eb4053ac44b/datanode-5/data/ratis/fb4606ca-852e-49a4-877d-69ec58d433a9/current/log_inprogress_0
2019-06-12 18:55:10,479 INFO  storage.RaftLogWorker (RaftLogWorker.java:execute(469)) - 1cc10457-1d1f-470d-8f8e-d9ee86d25856-RaftLogWorker: created new log segment /opt/src/hadoop-ozone/integration-test/target/test-dir/MiniOzoneClusterImpl-c27f3baa-4cf1-435c-be93-5eb4053ac44b/datanode-4/data/ratis/fb4606ca-852e-49a4-877d-69ec58d433a9/current/log_inprogress_0
2019-06-12 18:55:10,497 INFO  storage.RaftLogWorker (RaftLogWorker.java:execute(469)) - 05e9dd11-d17f-4c00-aa53-d42703b2ff78-RaftLogWorker: created new log segment /opt/src/hadoop-ozone/integration-test/target/test-dir/MiniOzoneClusterImpl-c27f3baa-4cf1-435c-be93-5eb4053ac44b/datanode-3/data/ratis/fb4606ca-852e-49a4-877d-69ec58d433a9/current/log_inprogress_0
2019-06-12 18:55:10,519 INFO  client.GrpcClientProtocolClient (GrpcClientProtocolClient.java:onNext(254)) - client-ACDFBF9BFE93->f9611169-2612-4e9d-93e9-a7721d2fa22e: receive RaftClientReply:client-ACDFBF9BFE93->f9611169-2612-4e9d-93e9-a7721d2fa22e@group-9F71F074B3CC, cid=91, FAILED org.apache.ratis.protocol.NotLeaderException: Server f9611169-2612-4e9d-93e9-a7721d2fa22e is not the leader (0156765f-d22d-4800-8bbc-b60bca4d4535:192.168.46.15:39839). Request must be sent to leader., logIndex=0, commits[f9611169-2612-4e9d-93e9-a7721d2fa22e:c-1, f6ecdc3d-2786-4422-8e00-2885a3c970d1:c-1, 0156765f-d22d-4800-8bbc-b60bca4d4535:c-1]
2019-06-12 18:55:10,520 WARN  client.GrpcClientProtocolService (LogUtils.java:warn(134)) - 0-OrderedRequestStreamObserver0: onError: org.apache.ratis.thirdparty.io.grpc.StatusRuntimeException: CANCELLED: cancelled before receiving half close
2019-06-12 18:55:10,578 INFO  impl.FollowerState (FollowerState.java:run(101)) - 49ff5c27-b47f-48aa-a579-615e0f2dc3fe:group-169792A8D953 changes to CANDIDATE, lastRpcTime:1099, electionTimeout:1097ms
2019-06-12 18:55:10,578 INFO  impl.RoleInfo (RoleInfo.java:shutdownFollowerState(121)) - 49ff5c27-b47f-48aa-a579-615e0f2dc3fe: shutdown FollowerState
2019-06-12 18:55:10,578 INFO  impl.RaftServerImpl (RaftServerImpl.java:setRole(164)) - 49ff5c27-b47f-48aa-a579-615e0f2dc3fe:group-169792A8D953 changes role from FOLLOWER to CANDIDATE at term 0 for changeToCandidate
2019-06-12 18:55:10,578 INFO  impl.RoleInfo (RoleInfo.java:updateAndGet(143)) - 49ff5c27-b47f-48aa-a579-615e0f2dc3fe: start LeaderElection
2019-06-12 18:55:10,580 INFO  impl.LeaderElection (LeaderElection.java:askForVotes(181)) - 49ff5c27-b47f-48aa-a579-615e0f2dc3fe:group-169792A8D953:LeaderElection67: begin an election at term 1 for -1: [49ff5c27-b47f-48aa-a579-615e0f2dc3fe:192.168.46.15:33059], old=null
2019-06-12 18:55:10,580 INFO  impl.RoleInfo (RoleInfo.java:shutdownLeaderElection(134)) - 49ff5c27-b47f-48aa-a579-615e0f2dc3fe: shutdown LeaderElection
2019-06-12 18:55:10,580 INFO  impl.RaftServerImpl (RaftServerImpl.java:setRole(164)) - 49ff5c27-b47f-48aa-a579-615e0f2dc3fe:group-169792A8D953 changes role from CANDIDATE to LEADER at term 1 for changeToLeader
2019-06-12 18:55:10,580 INFO  impl.RaftServerImpl (ServerState.java:setLeader(263)) - 49ff5c27-b47f-48aa-a579-615e0f2dc3fe:group-169792A8D953 change Leader from null to 49ff5c27-b47f-48aa-a579-615e0f2dc3fe at term 1 for becomeLeader, leader elected after 1112ms
2019-06-12 18:55:10,580 INFO  server.RaftServerConfigKeys (ConfUtils.java:logGet(43)) - raft.server.staging.catchup.gap = 1000 (default)
2019-06-12 18:55:10,581 INFO  server.RaftServerConfigKeys (ConfUtils.java:logGet(43)) - raft.server.rpc.sleep.time = 25ms (default)
2019-06-12 18:55:10,581 INFO  server.RaftServerConfigKeys (ConfUtils.java:logGet(43)) - raft.server.watch.timeout = 10s (default)
2019-06-12 18:55:10,581 INFO  server.RaftServerConfigKeys (ConfUtils.java:logGet(43)) - raft.server.watch.timeout.denomination = 1s (default)
2019-06-12 18:55:10,581 INFO  impl.RoleInfo (RoleInfo.java:updateAndGet(143)) - 49ff5c27-b47f-48aa-a579-615e0f2dc3fe: start LeaderState
2019-06-12 18:55:10,581 INFO  storage.RaftLogWorker (RaftLogWorker.java:startLogSegment(298)) - 49ff5c27-b47f-48aa-a579-615e0f2dc3fe-RaftLogWorker: Starting segment from index:0
2019-06-12 18:55:10,581 INFO  impl.RaftServerImpl (ServerState.java:setRaftConf(361)) - 49ff5c27-b47f-48aa-a579-615e0f2dc3fe:group-169792A8D953 set configuration 0: [49ff5c27-b47f-48aa-a579-615e0f2dc3fe:192.168.46.15:33059], old=null at 0
2019-06-12 18:55:10,619 INFO  storage.RaftLogWorker (RaftLogWorker.java:execute(469)) - 49ff5c27-b47f-48aa-a579-615e0f2dc3fe-RaftLogWorker: created new log segment /opt/src/hadoop-ozone/integration-test/target/test-dir/MiniOzoneClusterImpl-c27f3baa-4cf1-435c-be93-5eb4053ac44b/datanode-6/data/ratis/1e91f9bf-6aa1-4ca5-96f4-169792a8d953/current/log_inprogress_0
2019-06-12 18:55:11,527 INFO  client.GrpcClientProtocolClient (GrpcClientProtocolClient.java:onNext(254)) - client-ACDFBF9BFE93->f6ecdc3d-2786-4422-8e00-2885a3c970d1: receive RaftClientReply:client-ACDFBF9BFE93->f6ecdc3d-2786-4422-8e00-2885a3c970d1@group-9F71F074B3CC, cid=91, FAILED org.apache.ratis.protocol.NotLeaderException: Server f6ecdc3d-2786-4422-8e00-2885a3c970d1 is not the leader (0156765f-d22d-4800-8bbc-b60bca4d4535:192.168.46.15:39839). Request must be sent to leader., logIndex=0, commits[f6ecdc3d-2786-4422-8e00-2885a3c970d1:c0, 0156765f-d22d-4800-8bbc-b60bca4d4535:c0, f9611169-2612-4e9d-93e9-a7721d2fa22e:c0]
2019-06-12 18:55:11,528 WARN  client.GrpcClientProtocolService (LogUtils.java:warn(134)) - 1-OrderedRequestStreamObserver1: onError: org.apache.ratis.thirdparty.io.grpc.StatusRuntimeException: CANCELLED: cancelled before receiving half close
2019-06-12 18:55:12,550 INFO  client.GrpcClientProtocolClient (GrpcClientProtocolClient.java:onNext(254)) - client-ACDFBF9BFE93->f9611169-2612-4e9d-93e9-a7721d2fa22e: receive RaftClientReply:client-ACDFBF9BFE93->f9611169-2612-4e9d-93e9-a7721d2fa22e@group-9F71F074B3CC, cid=91, FAILED org.apache.ratis.protocol.NotLeaderException: Server f9611169-2612-4e9d-93e9-a7721d2fa22e is not the leader (0156765f-d22d-4800-8bbc-b60bca4d4535:192.168.46.15:39839). Request must be sent to leader., logIndex=0, commits[f9611169-2612-4e9d-93e9-a7721d2fa22e:c0, f6ecdc3d-2786-4422-8e00-2885a3c970d1:c0, 0156765f-d22d-4800-8bbc-b60bca4d4535:c0]
2019-06-12 18:55:12,551 WARN  client.GrpcClientProtocolService (LogUtils.java:warn(134)) - 1-OrderedRequestStreamObserver1: onError: org.apache.ratis.thirdparty.io.grpc.StatusRuntimeException: CANCELLED: cancelled before receiving half close
2019-06-12 18:55:13,560 INFO  client.GrpcClientProtocolClient (GrpcClientProtocolClient.java:onNext(254)) - client-ACDFBF9BFE93->f6ecdc3d-2786-4422-8e00-2885a3c970d1: receive RaftClientReply:client-ACDFBF9BFE93->f6ecdc3d-2786-4422-8e00-2885a3c970d1@group-9F71F074B3CC, cid=91, FAILED org.apache.ratis.protocol.NotLeaderException: Server f6ecdc3d-2786-4422-8e00-2885a3c970d1 is not the leader (0156765f-d22d-4800-8bbc-b60bca4d4535:192.168.46.15:39839). Request must be sent to leader., logIndex=0, commits[f6ecdc3d-2786-4422-8e00-2885a3c970d1:c0, 0156765f-d22d-4800-8bbc-b60bca4d4535:c0, f9611169-2612-4e9d-93e9-a7721d2fa22e:c0]
2019-06-12 18:55:13,561 WARN  client.GrpcClientProtocolService (LogUtils.java:warn(134)) - 2-OrderedRequestStreamObserver2: onError: org.apache.ratis.thirdparty.io.grpc.StatusRuntimeException: CANCELLED: cancelled before receiving half close
2019-06-12 18:55:14,570 INFO  client.GrpcClientProtocolClient (GrpcClientProtocolClient.java:onNext(254)) - client-ACDFBF9BFE93->f9611169-2612-4e9d-93e9-a7721d2fa22e: receive RaftClientReply:client-ACDFBF9BFE93->f9611169-2612-4e9d-93e9-a7721d2fa22e@group-9F71F074B3CC, cid=91, FAILED org.apache.ratis.protocol.NotLeaderException: Server f9611169-2612-4e9d-93e9-a7721d2fa22e is not the leader (0156765f-d22d-4800-8bbc-b60bca4d4535:192.168.46.15:39839). Request must be sent to leader., logIndex=0, commits[f9611169-2612-4e9d-93e9-a7721d2fa22e:c0, f6ecdc3d-2786-4422-8e00-2885a3c970d1:c0, 0156765f-d22d-4800-8bbc-b60bca4d4535:c0]
2019-06-12 18:55:14,573 WARN  client.GrpcClientProtocolService (LogUtils.java:warn(134)) - 2-OrderedRequestStreamObserver2: onError: org.apache.ratis.thirdparty.io.grpc.StatusRuntimeException: CANCELLED: cancelled before receiving half close
2019-06-12 18:55:15,577 INFO  client.GrpcClientProtocolClient (GrpcClientProtocolClient.java:onNext(254)) - client-ACDFBF9BFE93->f6ecdc3d-2786-4422-8e00-2885a3c970d1: receive RaftClientReply:client-ACDFBF9BFE93->f6ecdc3d-2786-4422-8e00-2885a3c970d1@group-9F71F074B3CC, cid=91, FAILED org.apache.ratis.protocol.NotLeaderException: Server f6ecdc3d-2786-4422-8e00-2885a3c970d1 is not the leader (0156765f-d22d-4800-8bbc-b60bca4d4535:192.168.46.15:39839). Request must be sent to leader., logIndex=0, commits[f6ecdc3d-2786-4422-8e00-2885a3c970d1:c0, 0156765f-d22d-4800-8bbc-b60bca4d4535:c0, f9611169-2612-4e9d-93e9-a7721d2fa22e:c0]
2019-06-12 18:55:15,578 WARN  client.GrpcClientProtocolService (LogUtils.java:warn(134)) - 3-OrderedRequestStreamObserver3: onError: org.apache.ratis.thirdparty.io.grpc.StatusRuntimeException: CANCELLED: cancelled before receiving half close
2019-06-12 18:55:16,585 INFO  client.GrpcClientProtocolClient (GrpcClientProtocolClient.java:onNext(254)) - client-ACDFBF9BFE93->f9611169-2612-4e9d-93e9-a7721d2fa22e: receive RaftClientReply:client-ACDFBF9BFE93->f9611169-2612-4e9d-93e9-a7721d2fa22e@group-9F71F074B3CC, cid=91, FAILED org.apache.ratis.protocol.NotLeaderException: Server f9611169-2612-4e9d-93e9-a7721d2fa22e is not the leader (0156765f-d22d-4800-8bbc-b60bca4d4535:192.168.46.15:39839). Request must be sent to leader., logIndex=0, commits[f9611169-2612-4e9d-93e9-a7721d2fa22e:c0, f6ecdc3d-2786-4422-8e00-2885a3c970d1:c0, 0156765f-d22d-4800-8bbc-b60bca4d4535:c0]
2019-06-12 18:55:16,586 WARN  client.GrpcClientProtocolService (LogUtils.java:warn(134)) - 3-OrderedRequestStreamObserver3: onError: org.apache.ratis.thirdparty.io.grpc.StatusRuntimeException: CANCELLED: cancelled before receiving half close
2019-06-12 18:55:17,594 INFO  client.GrpcClientProtocolClient (GrpcClientProtocolClient.java:onNext(254)) - client-ACDFBF9BFE93->f6ecdc3d-2786-4422-8e00-2885a3c970d1: receive RaftClientReply:client-ACDFBF9BFE93->f6ecdc3d-2786-4422-8e00-2885a3c970d1@group-9F71F074B3CC, cid=91, FAILED org.apache.ratis.protocol.NotLeaderException: Server f6ecdc3d-2786-4422-8e00-2885a3c970d1 is not the leader (0156765f-d22d-4800-8bbc-b60bca4d4535:192.168.46.15:39839). Request must be sent to leader., logIndex=0, commits[f6ecdc3d-2786-4422-8e00-2885a3c970d1:c0, 0156765f-d22d-4800-8bbc-b60bca4d4535:c0, f9611169-2612-4e9d-93e9-a7721d2fa22e:c0]
2019-06-12 18:55:17,595 WARN  client.GrpcClientProtocolService (LogUtils.java:warn(134)) - 4-OrderedRequestStreamObserver4: onError: org.apache.ratis.thirdparty.io.grpc.StatusRuntimeException: CANCELLED: cancelled before receiving half close
2019-06-12 18:55:18,604 INFO  client.GrpcClientProtocolClient (GrpcClientProtocolClient.java:onNext(254)) - client-ACDFBF9BFE93->f9611169-2612-4e9d-93e9-a7721d2fa22e: receive RaftClientReply:client-ACDFBF9BFE93->f9611169-2612-4e9d-93e9-a7721d2fa22e@group-9F71F074B3CC, cid=91, FAILED org.apache.ratis.protocol.NotLeaderException: Server f9611169-2612-4e9d-93e9-a7721d2fa22e is not the leader (0156765f-d22d-4800-8bbc-b60bca4d4535:192.168.46.15:39839). Request must be sent to leader., logIndex=0, commits[f9611169-2612-4e9d-93e9-a7721d2fa22e:c0, f6ecdc3d-2786-4422-8e00-2885a3c970d1:c0, 0156765f-d22d-4800-8bbc-b60bca4d4535:c0]
2019-06-12 18:55:18,605 WARN  client.GrpcClientProtocolService (LogUtils.java:warn(134)) - 4-OrderedRequestStreamObserver4: onError: org.apache.ratis.thirdparty.io.grpc.StatusRuntimeException: CANCELLED: cancelled before receiving half close
2019-06-12 18:55:19,614 INFO  client.GrpcClientProtocolClient (GrpcClientProtocolClient.java:onNext(254)) - client-ACDFBF9BFE93->f6ecdc3d-2786-4422-8e00-2885a3c970d1: receive RaftClientReply:client-ACDFBF9BFE93->f6ecdc3d-2786-4422-8e00-2885a3c970d1@group-9F71F074B3CC, cid=91, FAILED org.apache.ratis.protocol.NotLeaderException: Server f6ecdc3d-2786-4422-8e00-2885a3c970d1 is not the leader (0156765f-d22d-4800-8bbc-b60bca4d4535:192.168.46.15:39839). Request must be sent to leader., logIndex=0, commits[f6ecdc3d-2786-4422-8e00-2885a3c970d1:c0, 0156765f-d22d-4800-8bbc-b60bca4d4535:c0, f9611169-2612-4e9d-93e9-a7721d2fa22e:c0]
]]></system-out>
    <system-err><![CDATA[Jun 12, 2019 6:55:04 PM com.sun.jersey.server.impl.application.WebApplicationImpl _initiate
INFO: Initiating Jersey application, version 'Jersey: 1.19 02/11/2015 03:25 AM'
Jun 12, 2019 6:55:04 PM com.sun.jersey.server.impl.application.WebApplicationImpl _initiate
INFO: Initiating Jersey application, version 'Jersey: 1.19 02/11/2015 03:25 AM'
Jun 12, 2019 6:55:04 PM com.sun.jersey.server.impl.application.WebApplicationImpl _initiate
INFO: Initiating Jersey application, version 'Jersey: 1.19 02/11/2015 03:25 AM'
Jun 12, 2019 6:55:04 PM com.sun.jersey.server.impl.application.WebApplicationImpl _initiate
INFO: Initiating Jersey application, version 'Jersey: 1.19 02/11/2015 03:25 AM'
Jun 12, 2019 6:55:05 PM com.sun.jersey.server.impl.application.WebApplicationImpl _initiate
INFO: Initiating Jersey application, version 'Jersey: 1.19 02/11/2015 03:25 AM'
Jun 12, 2019 6:55:05 PM com.sun.jersey.server.impl.application.WebApplicationImpl _initiate
INFO: Initiating Jersey application, version 'Jersey: 1.19 02/11/2015 03:25 AM'
Jun 12, 2019 6:55:05 PM com.sun.jersey.server.impl.application.WebApplicationImpl _initiate
INFO: Initiating Jersey application, version 'Jersey: 1.19 02/11/2015 03:25 AM'
Jun 12, 2019 6:55:08 PM org.apache.ratis.thirdparty.io.grpc.internal.ManagedChannelOrphanWrapper$ManagedChannelReference cleanQueue
SEVERE: *~*~*~ Channel ManagedChannelImpl{logId=883, target=192.168.46.15:44719} was not shutdown properly!!! ~*~*~*
    Make sure to call shutdown()/shutdownNow() and wait until awaitTermination() returns true.
java.lang.RuntimeException: ManagedChannel allocation site
	at org.apache.ratis.thirdparty.io.grpc.internal.ManagedChannelOrphanWrapper$ManagedChannelReference.<init>(ManagedChannelOrphanWrapper.java:103)
	at org.apache.ratis.thirdparty.io.grpc.internal.ManagedChannelOrphanWrapper.<init>(ManagedChannelOrphanWrapper.java:53)
	at org.apache.ratis.thirdparty.io.grpc.internal.ManagedChannelOrphanWrapper.<init>(ManagedChannelOrphanWrapper.java:44)
	at org.apache.ratis.thirdparty.io.grpc.internal.AbstractManagedChannelImplBuilder.build(AbstractManagedChannelImplBuilder.java:411)
	at org.apache.ratis.grpc.client.GrpcClientProtocolClient.<init>(GrpcClientProtocolClient.java:118)
	at org.apache.ratis.grpc.client.GrpcClientRpc.lambda$new$0(GrpcClientRpc.java:55)
	at org.apache.ratis.util.PeerProxyMap$PeerAndProxy.lambda$getProxy$0(PeerProxyMap.java:61)
	at org.apache.ratis.util.LifeCycle.startAndTransition(LifeCycle.java:202)
	at org.apache.ratis.util.PeerProxyMap$PeerAndProxy.getProxy(PeerProxyMap.java:60)
	at org.apache.ratis.util.PeerProxyMap.getProxy(PeerProxyMap.java:107)
	at org.apache.ratis.grpc.client.GrpcClientRpc.sendRequest(GrpcClientRpc.java:91)
	at org.apache.ratis.client.impl.RaftClientImpl.sendRequest(RaftClientImpl.java:401)
	at org.apache.ratis.client.impl.RaftClientImpl.groupRemove(RaftClientImpl.java:280)
	at org.apache.hadoop.hdds.scm.pipeline.RatisPipelineUtils.destroyPipeline(RatisPipelineUtils.java:97)
	at org.apache.hadoop.hdds.scm.pipeline.RatisPipelineUtils.destroyPipeline(RatisPipelineUtils.java:64)
	at org.apache.hadoop.hdds.scm.pipeline.SCMPipelineManager.destroyPipeline(SCMPipelineManager.java:378)
	at org.apache.hadoop.hdds.scm.pipeline.SCMPipelineManager.finalizeAndDestroyPipeline(SCMPipelineManager.java:318)
	at org.apache.hadoop.ozone.container.ContainerTestHelper.waitForPipelineClose(ContainerTestHelper.java:799)
	at org.apache.hadoop.ozone.client.rpc.TestWatchForCommit.testWatchForCommitForGroupMismatchException(TestWatchForCommit.java:478)
	at sun.reflect.NativeMethodAccessorImpl.invoke0(Native Method)
	at sun.reflect.NativeMethodAccessorImpl.invoke(NativeMethodAccessorImpl.java:62)
	at sun.reflect.DelegatingMethodAccessorImpl.invoke(DelegatingMethodAccessorImpl.java:43)
	at java.lang.reflect.Method.invoke(Method.java:498)
	at org.junit.runners.model.FrameworkMethod$1.runReflectiveCall(FrameworkMethod.java:47)
	at org.junit.internal.runners.model.ReflectiveCallable.run(ReflectiveCallable.java:12)
	at org.junit.runners.model.FrameworkMethod.invokeExplosively(FrameworkMethod.java:44)
	at org.junit.internal.runners.statements.InvokeMethod.evaluate(InvokeMethod.java:17)
	at org.junit.runners.ParentRunner.runLeaf(ParentRunner.java:271)
	at org.junit.runners.BlockJUnit4ClassRunner.runChild(BlockJUnit4ClassRunner.java:70)
	at org.junit.runners.BlockJUnit4ClassRunner.runChild(BlockJUnit4ClassRunner.java:50)
	at org.junit.runners.ParentRunner$3.run(ParentRunner.java:238)
	at org.junit.runners.ParentRunner$1.schedule(ParentRunner.java:63)
	at org.junit.runners.ParentRunner.runChildren(ParentRunner.java:236)
	at org.junit.runners.ParentRunner.access$000(ParentRunner.java:53)
	at org.junit.runners.ParentRunner$2.evaluate(ParentRunner.java:229)
	at org.junit.runners.ParentRunner.run(ParentRunner.java:309)
	at org.apache.maven.surefire.junit4.JUnit4Provider.execute(JUnit4Provider.java:365)
	at org.apache.maven.surefire.junit4.JUnit4Provider.executeWithRerun(JUnit4Provider.java:273)
	at org.apache.maven.surefire.junit4.JUnit4Provider.executeTestSet(JUnit4Provider.java:238)
	at org.apache.maven.surefire.junit4.JUnit4Provider.invoke(JUnit4Provider.java:159)
	at org.apache.maven.surefire.booter.ForkedBooter.invokeProviderInSameClassLoader(ForkedBooter.java:384)
	at org.apache.maven.surefire.booter.ForkedBooter.runSuitesInProcess(ForkedBooter.java:345)
	at org.apache.maven.surefire.booter.ForkedBooter.execute(ForkedBooter.java:126)
	at org.apache.maven.surefire.booter.ForkedBooter.main(ForkedBooter.java:418)

Jun 12, 2019 6:55:08 PM org.apache.ratis.thirdparty.io.grpc.internal.ManagedChannelOrphanWrapper$ManagedChannelReference cleanQueue
SEVERE: *~*~*~ Channel ManagedChannelImpl{logId=878, target=192.168.46.15:43485} was not shutdown properly!!! ~*~*~*
    Make sure to call shutdown()/shutdownNow() and wait until awaitTermination() returns true.
java.lang.RuntimeException: ManagedChannel allocation site
	at org.apache.ratis.thirdparty.io.grpc.internal.ManagedChannelOrphanWrapper$ManagedChannelReference.<init>(ManagedChannelOrphanWrapper.java:103)
	at org.apache.ratis.thirdparty.io.grpc.internal.ManagedChannelOrphanWrapper.<init>(ManagedChannelOrphanWrapper.java:53)
	at org.apache.ratis.thirdparty.io.grpc.internal.ManagedChannelOrphanWrapper.<init>(ManagedChannelOrphanWrapper.java:44)
	at org.apache.ratis.thirdparty.io.grpc.internal.AbstractManagedChannelImplBuilder.build(AbstractManagedChannelImplBuilder.java:411)
	at org.apache.ratis.grpc.client.GrpcClientProtocolClient.<init>(GrpcClientProtocolClient.java:118)
	at org.apache.ratis.grpc.client.GrpcClientRpc.lambda$new$0(GrpcClientRpc.java:55)
	at org.apache.ratis.util.PeerProxyMap$PeerAndProxy.lambda$getProxy$0(PeerProxyMap.java:61)
	at org.apache.ratis.util.LifeCycle.startAndTransition(LifeCycle.java:202)
	at org.apache.ratis.util.PeerProxyMap$PeerAndProxy.getProxy(PeerProxyMap.java:60)
	at org.apache.ratis.util.PeerProxyMap.getProxy(PeerProxyMap.java:107)
	at org.apache.ratis.grpc.client.GrpcClientRpc.sendRequest(GrpcClientRpc.java:91)
	at org.apache.ratis.client.impl.RaftClientImpl.sendRequest(RaftClientImpl.java:401)
	at org.apache.ratis.client.impl.RaftClientImpl.groupRemove(RaftClientImpl.java:280)
	at org.apache.hadoop.hdds.scm.pipeline.RatisPipelineUtils.destroyPipeline(RatisPipelineUtils.java:97)
	at org.apache.hadoop.hdds.scm.pipeline.RatisPipelineUtils.destroyPipeline(RatisPipelineUtils.java:64)
	at org.apache.hadoop.hdds.scm.pipeline.SCMPipelineManager.destroyPipeline(SCMPipelineManager.java:378)
	at org.apache.hadoop.hdds.scm.pipeline.SCMPipelineManager.finalizeAndDestroyPipeline(SCMPipelineManager.java:318)
	at org.apache.hadoop.ozone.container.ContainerTestHelper.waitForPipelineClose(ContainerTestHelper.java:799)
	at org.apache.hadoop.ozone.client.rpc.TestWatchForCommit.testWatchForCommitForGroupMismatchException(TestWatchForCommit.java:478)
	at sun.reflect.NativeMethodAccessorImpl.invoke0(Native Method)
	at sun.reflect.NativeMethodAccessorImpl.invoke(NativeMethodAccessorImpl.java:62)
	at sun.reflect.DelegatingMethodAccessorImpl.invoke(DelegatingMethodAccessorImpl.java:43)
	at java.lang.reflect.Method.invoke(Method.java:498)
	at org.junit.runners.model.FrameworkMethod$1.runReflectiveCall(FrameworkMethod.java:47)
	at org.junit.internal.runners.model.ReflectiveCallable.run(ReflectiveCallable.java:12)
	at org.junit.runners.model.FrameworkMethod.invokeExplosively(FrameworkMethod.java:44)
	at org.junit.internal.runners.statements.InvokeMethod.evaluate(InvokeMethod.java:17)
	at org.junit.runners.ParentRunner.runLeaf(ParentRunner.java:271)
	at org.junit.runners.BlockJUnit4ClassRunner.runChild(BlockJUnit4ClassRunner.java:70)
	at org.junit.runners.BlockJUnit4ClassRunner.runChild(BlockJUnit4ClassRunner.java:50)
	at org.junit.runners.ParentRunner$3.run(ParentRunner.java:238)
	at org.junit.runners.ParentRunner$1.schedule(ParentRunner.java:63)
	at org.junit.runners.ParentRunner.runChildren(ParentRunner.java:236)
	at org.junit.runners.ParentRunner.access$000(ParentRunner.java:53)
	at org.junit.runners.ParentRunner$2.evaluate(ParentRunner.java:229)
	at org.junit.runners.ParentRunner.run(ParentRunner.java:309)
	at org.apache.maven.surefire.junit4.JUnit4Provider.execute(JUnit4Provider.java:365)
	at org.apache.maven.surefire.junit4.JUnit4Provider.executeWithRerun(JUnit4Provider.java:273)
	at org.apache.maven.surefire.junit4.JUnit4Provider.executeTestSet(JUnit4Provider.java:238)
	at org.apache.maven.surefire.junit4.JUnit4Provider.invoke(JUnit4Provider.java:159)
	at org.apache.maven.surefire.booter.ForkedBooter.invokeProviderInSameClassLoader(ForkedBooter.java:384)
	at org.apache.maven.surefire.booter.ForkedBooter.runSuitesInProcess(ForkedBooter.java:345)
	at org.apache.maven.surefire.booter.ForkedBooter.execute(ForkedBooter.java:126)
	at org.apache.maven.surefire.booter.ForkedBooter.main(ForkedBooter.java:418)

Jun 12, 2019 6:55:08 PM org.apache.ratis.thirdparty.io.grpc.internal.ManagedChannelOrphanWrapper$ManagedChannelReference cleanQueue
SEVERE: *~*~*~ Channel ManagedChannelImpl{logId=888, target=192.168.46.15:38515} was not shutdown properly!!! ~*~*~*
    Make sure to call shutdown()/shutdownNow() and wait until awaitTermination() returns true.
java.lang.RuntimeException: ManagedChannel allocation site
	at org.apache.ratis.thirdparty.io.grpc.internal.ManagedChannelOrphanWrapper$ManagedChannelReference.<init>(ManagedChannelOrphanWrapper.java:103)
	at org.apache.ratis.thirdparty.io.grpc.internal.ManagedChannelOrphanWrapper.<init>(ManagedChannelOrphanWrapper.java:53)
	at org.apache.ratis.thirdparty.io.grpc.internal.ManagedChannelOrphanWrapper.<init>(ManagedChannelOrphanWrapper.java:44)
	at org.apache.ratis.thirdparty.io.grpc.internal.AbstractManagedChannelImplBuilder.build(AbstractManagedChannelImplBuilder.java:411)
	at org.apache.ratis.grpc.client.GrpcClientProtocolClient.<init>(GrpcClientProtocolClient.java:118)
	at org.apache.ratis.grpc.client.GrpcClientRpc.lambda$new$0(GrpcClientRpc.java:55)
	at org.apache.ratis.util.PeerProxyMap$PeerAndProxy.lambda$getProxy$0(PeerProxyMap.java:61)
	at org.apache.ratis.util.LifeCycle.startAndTransition(LifeCycle.java:202)
	at org.apache.ratis.util.PeerProxyMap$PeerAndProxy.getProxy(PeerProxyMap.java:60)
	at org.apache.ratis.util.PeerProxyMap.getProxy(PeerProxyMap.java:107)
	at org.apache.ratis.grpc.client.GrpcClientRpc.sendRequest(GrpcClientRpc.java:91)
	at org.apache.ratis.client.impl.RaftClientImpl.sendRequest(RaftClientImpl.java:401)
	at org.apache.ratis.client.impl.RaftClientImpl.groupRemove(RaftClientImpl.java:280)
	at org.apache.hadoop.hdds.scm.pipeline.RatisPipelineUtils.destroyPipeline(RatisPipelineUtils.java:97)
	at org.apache.hadoop.hdds.scm.pipeline.RatisPipelineUtils.destroyPipeline(RatisPipelineUtils.java:64)
	at org.apache.hadoop.hdds.scm.pipeline.SCMPipelineManager.destroyPipeline(SCMPipelineManager.java:378)
	at org.apache.hadoop.hdds.scm.pipeline.SCMPipelineManager.finalizeAndDestroyPipeline(SCMPipelineManager.java:318)
	at org.apache.hadoop.ozone.container.ContainerTestHelper.waitForPipelineClose(ContainerTestHelper.java:799)
	at org.apache.hadoop.ozone.client.rpc.TestWatchForCommit.testWatchForCommitForGroupMismatchException(TestWatchForCommit.java:478)
	at sun.reflect.NativeMethodAccessorImpl.invoke0(Native Method)
	at sun.reflect.NativeMethodAccessorImpl.invoke(NativeMethodAccessorImpl.java:62)
	at sun.reflect.DelegatingMethodAccessorImpl.invoke(DelegatingMethodAccessorImpl.java:43)
	at java.lang.reflect.Method.invoke(Method.java:498)
	at org.junit.runners.model.FrameworkMethod$1.runReflectiveCall(FrameworkMethod.java:47)
	at org.junit.internal.runners.model.ReflectiveCallable.run(ReflectiveCallable.java:12)
	at org.junit.runners.model.FrameworkMethod.invokeExplosively(FrameworkMethod.java:44)
	at org.junit.internal.runners.statements.InvokeMethod.evaluate(InvokeMethod.java:17)
	at org.junit.runners.ParentRunner.runLeaf(ParentRunner.java:271)
	at org.junit.runners.BlockJUnit4ClassRunner.runChild(BlockJUnit4ClassRunner.java:70)
	at org.junit.runners.BlockJUnit4ClassRunner.runChild(BlockJUnit4ClassRunner.java:50)
	at org.junit.runners.ParentRunner$3.run(ParentRunner.java:238)
	at org.junit.runners.ParentRunner$1.schedule(ParentRunner.java:63)
	at org.junit.runners.ParentRunner.runChildren(ParentRunner.java:236)
	at org.junit.runners.ParentRunner.access$000(ParentRunner.java:53)
	at org.junit.runners.ParentRunner$2.evaluate(ParentRunner.java:229)
	at org.junit.runners.ParentRunner.run(ParentRunner.java:309)
	at org.apache.maven.surefire.junit4.JUnit4Provider.execute(JUnit4Provider.java:365)
	at org.apache.maven.surefire.junit4.JUnit4Provider.executeWithRerun(JUnit4Provider.java:273)
	at org.apache.maven.surefire.junit4.JUnit4Provider.executeTestSet(JUnit4Provider.java:238)
	at org.apache.maven.surefire.junit4.JUnit4Provider.invoke(JUnit4Provider.java:159)
	at org.apache.maven.surefire.booter.ForkedBooter.invokeProviderInSameClassLoader(ForkedBooter.java:384)
	at org.apache.maven.surefire.booter.ForkedBooter.runSuitesInProcess(ForkedBooter.java:345)
	at org.apache.maven.surefire.booter.ForkedBooter.execute(ForkedBooter.java:126)
	at org.apache.maven.surefire.booter.ForkedBooter.main(ForkedBooter.java:418)

]]></system-err>
  </testcase>
  <testcase name="test2WayCommitForRetryfailure" classname="org.apache.hadoop.ozone.client.rpc.TestWatchForCommit" time="28.538"/>
</testsuite>