<?xml version="1.0" encoding="UTF-8"?>
<testsuite xmlns:xsi="http://www.w3.org/2001/XMLSchema-instance" xsi:noNamespaceSchemaLocation="https://maven.apache.org/surefire/maven-surefire-plugin/xsd/surefire-test-report.xsd" name="org.apache.hadoop.ozone.container.common.statemachine.commandhandler.TestBlockDeletion" time="77.626" tests="1" errors="0" skipped="0" failures="1">
  <properties>
    <property name="awt.toolkit" value="sun.awt.X11.XToolkit"/>
    <property name="file.encoding.pkg" value="sun.io"/>
    <property name="java.specification.version" value="1.8"/>
    <property name="sun.cpu.isalist" value=""/>
    <property name="sun.jnu.encoding" value="UTF-8"/>
    <property name="java.class.path" value="/opt/src/hadoop-ozone/integration-test/target/test-classes:/opt/src/hadoop-ozone/integration-test/target/classes:/root/.m2/repository/org/apache/hadoop/hadoop-ozone-common/0.5.0-SNAPSHOT/hadoop-ozone-common-0.5.0-SNAPSHOT.jar:/root/.m2/repository/org/apache/commons/commons-compress/1.4.1/commons-compress-1.4.1.jar:/root/.m2/repository/org/tukaani/xz/1.0/xz-1.0.jar:/root/.m2/repository/org/apache/hadoop/hadoop-common/3.2.0/hadoop-common-3.2.0.jar:/root/.m2/repository/org/apache/hadoop/hadoop-hdfs/3.2.0/hadoop-hdfs-3.2.0.jar:/root/.m2/repository/org/apache/hadoop/hadoop-hdfs-client/3.2.0/hadoop-hdfs-client-3.2.0.jar:/root/.m2/repository/com/fasterxml/jackson/core/jackson-annotations/2.9.5/jackson-annotations-2.9.5.jar:/root/.m2/repository/org/apache/hadoop/hadoop-hdds-common/0.5.0-SNAPSHOT/hadoop-hdds-common-0.5.0-SNAPSHOT.jar:/root/.m2/repository/javax/annotation/javax.annotation-api/1.2/javax.annotation-api-1.2.jar:/root/.m2/repository/org/apache/ratis/ratis-server/0.4.0-fe2b15d-SNAPSHOT/ratis-server-0.4.0-fe2b15d-SNAPSHOT.jar:/root/.m2/repository/org/apache/ratis/ratis-thirdparty-misc/0.2.0/ratis-thirdparty-misc-0.2.0.jar:/root/.m2/repository/org/apache/ratis/ratis-proto/0.4.0-fe2b15d-SNAPSHOT/ratis-proto-0.4.0-fe2b15d-SNAPSHOT.jar:/root/.m2/repository/org/apache/ratis/ratis-common/0.4.0-fe2b15d-SNAPSHOT/ratis-common-0.4.0-fe2b15d-SNAPSHOT.jar:/root/.m2/repository/org/apache/ratis/ratis-client/0.4.0-fe2b15d-SNAPSHOT/ratis-client-0.4.0-fe2b15d-SNAPSHOT.jar:/root/.m2/repository/org/apache/ratis/ratis-netty/0.4.0-fe2b15d-SNAPSHOT/ratis-netty-0.4.0-fe2b15d-SNAPSHOT.jar:/root/.m2/repository/org/apache/ratis/ratis-grpc/0.4.0-fe2b15d-SNAPSHOT/ratis-grpc-0.4.0-fe2b15d-SNAPSHOT.jar:/root/.m2/repository/org/rocksdb/rocksdbjni/5.14.2/rocksdbjni-5.14.2.jar:/root/.m2/repository/org/apache/logging/log4j/log4j-api/2.11.0/log4j-api-2.11.0.jar:/root/.m2/repository/org/apache/logging/log4j/log4j-core/2.11.0/log4j-core-2.11.0.jar:/root/.m2/repository/com/lmax/disruptor/3.4.2/disruptor-3.4.2.jar:/root/.m2/repository/org/apache/commons/commons-pool2/2.6.0/commons-pool2-2.6.0.jar:/root/.m2/repository/org/bouncycastle/bcpkix-jdk15on/1.60/bcpkix-jdk15on-1.60.jar:/root/.m2/repository/commons-validator/commons-validator/1.6/commons-validator-1.6.jar:/root/.m2/repository/commons-digester/commons-digester/1.8.1/commons-digester-1.8.1.jar:/root/.m2/repository/io/jaegertracing/jaeger-client/0.33.1/jaeger-client-0.33.1.jar:/root/.m2/repository/io/jaegertracing/jaeger-thrift/0.33.1/jaeger-thrift-0.33.1.jar:/root/.m2/repository/org/apache/thrift/libthrift/0.11.0/libthrift-0.11.0.jar:/root/.m2/repository/com/squareup/okhttp3/okhttp/3.9.0/okhttp-3.9.0.jar:/root/.m2/repository/com/squareup/okio/okio/1.13.0/okio-1.13.0.jar:/root/.m2/repository/io/jaegertracing/jaeger-core/0.33.1/jaeger-core-0.33.1.jar:/root/.m2/repository/io/jaegertracing/jaeger-tracerresolver/0.33.1/jaeger-tracerresolver-0.33.1.jar:/root/.m2/repository/io/opentracing/contrib/opentracing-tracerresolver/0.1.5/opentracing-tracerresolver-0.1.5.jar:/root/.m2/repository/io/opentracing/opentracing-util/0.31.0/opentracing-util-0.31.0.jar:/root/.m2/repository/io/opentracing/opentracing-api/0.31.0/opentracing-api-0.31.0.jar:/root/.m2/repository/io/opentracing/opentracing-noop/0.31.0/opentracing-noop-0.31.0.jar:/root/.m2/repository/org/apache/hadoop/hadoop-hdds-server-framework/0.5.0-SNAPSHOT/hadoop-hdds-server-framework-0.5.0-SNAPSHOT.jar:/root/.m2/repository/org/apache/hadoop/hadoop-hdds-server-scm/0.5.0-SNAPSHOT/hadoop-hdds-server-scm-0.5.0-SNAPSHOT.jar:/root/.m2/repository/org/apache/hadoop/hadoop-hdds-container-service/0.5.0-SNAPSHOT/hadoop-hdds-container-service-0.5.0-SNAPSHOT.jar:/root/.m2/repository/org/apache/hadoop/hadoop-hdds-client/0.5.0-SNAPSHOT/hadoop-hdds-client-0.5.0-SNAPSHOT.jar:/root/.m2/repository/org/apache/hadoop/hadoop-hdds-tools/0.5.0-SNAPSHOT/hadoop-hdds-tools-0.5.0-SNAPSHOT.jar:/root/.m2/repository/org/apache/hadoop/hadoop-ozone-ozone-manager/0.5.0-SNAPSHOT/hadoop-ozone-ozone-manager-0.5.0-SNAPSHOT.jar:/root/.m2/repository/org/apache/hadoop/hadoop-hdds-docs/0.5.0-SNAPSHOT/hadoop-hdds-docs-0.5.0-SNAPSHOT.jar:/root/.m2/repository/org/bouncycastle/bcprov-jdk15on/1.60/bcprov-jdk15on-1.60.jar:/root/.m2/repository/org/apache/hadoop/hadoop-minikdc/3.2.0/hadoop-minikdc-3.2.0.jar:/root/.m2/repository/commons-io/commons-io/2.5/commons-io-2.5.jar:/root/.m2/repository/org/apache/kerby/kerb-simplekdc/1.0.1/kerb-simplekdc-1.0.1.jar:/root/.m2/repository/org/apache/kerby/kerb-client/1.0.1/kerb-client-1.0.1.jar:/root/.m2/repository/org/apache/kerby/kerby-config/1.0.1/kerby-config-1.0.1.jar:/root/.m2/repository/org/apache/kerby/kerb-core/1.0.1/kerb-core-1.0.1.jar:/root/.m2/repository/org/apache/kerby/kerby-pkix/1.0.1/kerby-pkix-1.0.1.jar:/root/.m2/repository/org/apache/kerby/kerby-asn1/1.0.1/kerby-asn1-1.0.1.jar:/root/.m2/repository/org/apache/kerby/kerby-util/1.0.1/kerby-util-1.0.1.jar:/root/.m2/repository/org/apache/kerby/kerb-common/1.0.1/kerb-common-1.0.1.jar:/root/.m2/repository/org/apache/kerby/kerb-crypto/1.0.1/kerb-crypto-1.0.1.jar:/root/.m2/repository/org/apache/kerby/kerb-util/1.0.1/kerb-util-1.0.1.jar:/root/.m2/repository/org/apache/kerby/token-provider/1.0.1/token-provider-1.0.1.jar:/root/.m2/repository/org/apache/kerby/kerb-admin/1.0.1/kerb-admin-1.0.1.jar:/root/.m2/repository/org/apache/kerby/kerb-server/1.0.1/kerb-server-1.0.1.jar:/root/.m2/repository/org/apache/kerby/kerb-identity/1.0.1/kerb-identity-1.0.1.jar:/root/.m2/repository/org/apache/kerby/kerby-xdr/1.0.1/kerby-xdr-1.0.1.jar:/root/.m2/repository/org/slf4j/slf4j-log4j12/1.7.25/slf4j-log4j12-1.7.25.jar:/root/.m2/repository/org/apache/hadoop/hadoop-ozone-objectstore-service/0.5.0-SNAPSHOT/hadoop-ozone-objectstore-service-0.5.0-SNAPSHOT.jar:/root/.m2/repository/org/apache/hadoop/hadoop-ozone-s3gateway/0.5.0-SNAPSHOT/hadoop-ozone-s3gateway-0.5.0-SNAPSHOT.jar:/root/.m2/repository/org/jboss/weld/servlet/weld-servlet/2.4.7.Final/weld-servlet-2.4.7.Final.jar:/root/.m2/repository/org/glassfish/jersey/containers/jersey-container-servlet-core/2.27/jersey-container-servlet-core-2.27.jar:/root/.m2/repository/org/glassfish/hk2/external/javax.inject/2.5.0-b42/javax.inject-2.5.0-b42.jar:/root/.m2/repository/org/glassfish/jersey/core/jersey-common/2.27/jersey-common-2.27.jar:/root/.m2/repository/org/glassfish/hk2/osgi-resource-locator/1.0.1/osgi-resource-locator-1.0.1.jar:/root/.m2/repository/javax/ws/rs/javax.ws.rs-api/2.1/javax.ws.rs-api-2.1.jar:/root/.m2/repository/org/glassfish/jersey/ext/cdi/jersey-cdi1x/2.27/jersey-cdi1x-2.27.jar:/root/.m2/repository/org/glassfish/jersey/inject/jersey-hk2/2.27/jersey-hk2-2.27.jar:/root/.m2/repository/org/glassfish/hk2/hk2-locator/2.5.0-b42/hk2-locator-2.5.0-b42.jar:/root/.m2/repository/org/javassist/javassist/3.22.0-CR2/javassist-3.22.0-CR2.jar:/root/.m2/repository/org/glassfish/hk2/hk2-api/2.5.0/hk2-api-2.5.0.jar:/root/.m2/repository/org/glassfish/hk2/external/jakarta.inject/2.5.0/jakarta.inject-2.5.0.jar:/root/.m2/repository/org/glassfish/hk2/hk2-utils/2.5.0/hk2-utils-2.5.0.jar:/root/.m2/repository/jakarta/annotation/jakarta.annotation-api/1.3.4/jakarta.annotation-api-1.3.4.jar:/root/.m2/repository/org/glassfish/hk2/external/aopalliance-repackaged/2.5.0/aopalliance-repackaged-2.5.0.jar:/root/.m2/repository/com/fasterxml/jackson/dataformat/jackson-dataformat-xml/2.9.0/jackson-dataformat-xml-2.9.0.jar:/root/.m2/repository/com/fasterxml/jackson/core/jackson-core/2.9.5/jackson-core-2.9.5.jar:/root/.m2/repository/com/fasterxml/jackson/module/jackson-module-jaxb-annotations/2.9.5/jackson-module-jaxb-annotations-2.9.5.jar:/root/.m2/repository/javax/enterprise/cdi-api/1.2/cdi-api-1.2.jar:/root/.m2/repository/javax/el/javax.el-api/3.0.0/javax.el-api-3.0.0.jar:/root/.m2/repository/javax/interceptor/javax.interceptor-api/1.2/javax.interceptor-api-1.2.jar:/root/.m2/repository/javax/inject/javax.inject/1/javax.inject-1.jar:/root/.m2/repository/com/sun/xml/bind/jaxb-impl/2.3.0.1/jaxb-impl-2.3.0.1.jar:/root/.m2/repository/com/sun/xml/bind/jaxb-core/2.3.0.1/jaxb-core-2.3.0.1.jar:/root/.m2/repository/javax/xml/bind/jaxb-api/2.3.0/jaxb-api-2.3.0.jar:/root/.m2/repository/javax/activation/activation/1.1.1/activation-1.1.1.jar:/root/.m2/repository/org/apache/hadoop/hadoop-ozone-csi/0.5.0-SNAPSHOT/hadoop-ozone-csi-0.5.0-SNAPSHOT.jar:/root/.m2/repository/com/google/protobuf/protobuf-java-util/3.5.1/protobuf-java-util-3.5.1.jar:/root/.m2/repository/org/apache/hadoop/hadoop-hdds-config/0.5.0-SNAPSHOT/hadoop-hdds-config-0.5.0-SNAPSHOT.jar:/root/.m2/repository/com/google/guava/guava/11.0.2/guava-11.0.2.jar:/root/.m2/repository/com/google/protobuf/protobuf-java/2.5.0/protobuf-java-2.5.0.jar:/root/.m2/repository/io/grpc/grpc-netty/1.17.1/grpc-netty-1.17.1.jar:/root/.m2/repository/io/grpc/grpc-core/1.17.1/grpc-core-1.17.1.jar:/root/.m2/repository/io/grpc/grpc-context/1.17.1/grpc-context-1.17.1.jar:/root/.m2/repository/com/google/errorprone/error_prone_annotations/2.2.0/error_prone_annotations-2.2.0.jar:/root/.m2/repository/org/codehaus/mojo/animal-sniffer-annotations/1.17/animal-sniffer-annotations-1.17.jar:/root/.m2/repository/io/opencensus/opencensus-api/0.17.0/opencensus-api-0.17.0.jar:/root/.m2/repository/io/opencensus/opencensus-contrib-grpc-metrics/0.17.0/opencensus-contrib-grpc-metrics-0.17.0.jar:/root/.m2/repository/io/netty/netty-codec-http2/4.1.30.Final/netty-codec-http2-4.1.30.Final.jar:/root/.m2/repository/io/netty/netty-codec-http/4.1.30.Final/netty-codec-http-4.1.30.Final.jar:/root/.m2/repository/io/netty/netty-codec/4.1.30.Final/netty-codec-4.1.30.Final.jar:/root/.m2/repository/io/netty/netty-handler/4.1.30.Final/netty-handler-4.1.30.Final.jar:/root/.m2/repository/io/netty/netty-handler-proxy/4.1.30.Final/netty-handler-proxy-4.1.30.Final.jar:/root/.m2/repository/io/netty/netty-codec-socks/4.1.30.Final/netty-codec-socks-4.1.30.Final.jar:/root/.m2/repository/io/netty/netty-transport-native-epoll/4.1.30.Final/netty-transport-native-epoll-4.1.30.Final.jar:/root/.m2/repository/io/netty/netty-common/4.1.30.Final/netty-common-4.1.30.Final.jar:/root/.m2/repository/io/netty/netty-buffer/4.1.30.Final/netty-buffer-4.1.30.Final.jar:/root/.m2/repository/io/netty/netty-transport/4.1.30.Final/netty-transport-4.1.30.Final.jar:/root/.m2/repository/io/netty/netty-resolver/4.1.30.Final/netty-resolver-4.1.30.Final.jar:/root/.m2/repository/io/netty/netty-transport-native-unix-common/4.1.30.Final/netty-transport-native-unix-common-4.1.30.Final.jar:/root/.m2/repository/io/grpc/grpc-protobuf/1.17.1/grpc-protobuf-1.17.1.jar:/root/.m2/repository/com/google/api/grpc/proto-google-common-protos/1.0.0/proto-google-common-protos-1.0.0.jar:/root/.m2/repository/io/grpc/grpc-protobuf-lite/1.17.1/grpc-protobuf-lite-1.17.1.jar:/root/.m2/repository/io/grpc/grpc-stub/1.17.1/grpc-stub-1.17.1.jar:/root/.m2/repository/org/apache/hadoop/hadoop-ozone-recon/0.5.0-SNAPSHOT/hadoop-ozone-recon-0.5.0-SNAPSHOT.jar:/root/.m2/repository/org/apache/hadoop/hadoop-ozone-reconcodegen/0.5.0-SNAPSHOT/hadoop-ozone-reconcodegen-0.5.0-SNAPSHOT.jar:/root/.m2/repository/com/google/inject/extensions/guice-multibindings/4.0/guice-multibindings-4.0.jar:/root/.m2/repository/com/google/inject/guice/4.0/guice-4.0.jar:/root/.m2/repository/aopalliance/aopalliance/1.0/aopalliance-1.0.jar:/root/.m2/repository/com/google/inject/extensions/guice-servlet/4.0/guice-servlet-4.0.jar:/root/.m2/repository/org/glassfish/jersey/containers/jersey-container-servlet/2.27/jersey-container-servlet-2.27.jar:/root/.m2/repository/org/glassfish/hk2/guice-bridge/2.5.0/guice-bridge-2.5.0.jar:/root/.m2/repository/org/glassfish/jersey/core/jersey-server/2.27/jersey-server-2.27.jar:/root/.m2/repository/org/glassfish/jersey/core/jersey-client/2.27/jersey-client-2.27.jar:/root/.m2/repository/org/glassfish/jersey/media/jersey-media-jaxb/2.27/jersey-media-jaxb-2.27.jar:/root/.m2/repository/javax/validation/validation-api/1.1.0.Final/validation-api-1.1.0.Final.jar:/root/.m2/repository/org/glassfish/jersey/media/jersey-media-json-jackson/2.27/jersey-media-json-jackson-2.27.jar:/root/.m2/repository/org/glassfish/jersey/ext/jersey-entity-filtering/2.27/jersey-entity-filtering-2.27.jar:/root/.m2/repository/com/google/inject/extensions/guice-assistedinject/4.0/guice-assistedinject-4.0.jar:/root/.m2/repository/org/jooq/jooq/3.11.10/jooq-3.11.10.jar:/root/.m2/repository/org/jooq/jooq-meta/3.11.10/jooq-meta-3.11.10.jar:/root/.m2/repository/org/jooq/jooq-codegen/3.11.10/jooq-codegen-3.11.10.jar:/root/.m2/repository/com/jolbox/bonecp/0.8.0.RELEASE/bonecp-0.8.0.RELEASE.jar:/root/.m2/repository/org/xerial/sqlite-jdbc/3.25.2/sqlite-jdbc-3.25.2.jar:/root/.m2/repository/org/springframework/spring-jdbc/5.1.3.RELEASE/spring-jdbc-5.1.3.RELEASE.jar:/root/.m2/repository/org/springframework/spring-beans/5.1.3.RELEASE/spring-beans-5.1.3.RELEASE.jar:/root/.m2/repository/org/springframework/spring-core/5.1.3.RELEASE/spring-core-5.1.3.RELEASE.jar:/root/.m2/repository/org/springframework/spring-jcl/5.1.3.RELEASE/spring-jcl-5.1.3.RELEASE.jar:/root/.m2/repository/org/springframework/spring-tx/5.1.3.RELEASE/spring-tx-5.1.3.RELEASE.jar:/root/.m2/repository/org/apache/hadoop/hadoop-ozone-client/0.5.0-SNAPSHOT/hadoop-ozone-client-0.5.0-SNAPSHOT.jar:/root/.m2/repository/org/apache/hadoop/hadoop-ozone-ozone-manager/0.5.0-SNAPSHOT/hadoop-ozone-ozone-manager-0.5.0-SNAPSHOT-tests.jar:/root/.m2/repository/junit/junit/4.11/junit-4.11.jar:/root/.m2/repository/org/hamcrest/hamcrest-core/1.3/hamcrest-core-1.3.jar:/root/.m2/repository/org/openjdk/jmh/jmh-core/1.19/jmh-core-1.19.jar:/root/.m2/repository/net/sf/jopt-simple/jopt-simple/4.6/jopt-simple-4.6.jar:/root/.m2/repository/org/apache/commons/commons-math3/3.1.1/commons-math3-3.1.1.jar:/root/.m2/repository/org/openjdk/jmh/jmh-generator-annprocess/1.19/jmh-generator-annprocess-1.19.jar:/root/.m2/repository/org/mockito/mockito-all/1.8.5/mockito-all-1.8.5.jar:/root/.m2/repository/org/apache/hadoop/hadoop-kms/3.2.0/hadoop-kms-3.2.0.jar:/root/.m2/repository/org/apache/hadoop/hadoop-auth/3.2.0/hadoop-auth-3.2.0.jar:/root/.m2/repository/com/nimbusds/nimbus-jose-jwt/4.41.1/nimbus-jose-jwt-4.41.1.jar:/root/.m2/repository/com/github/stephenc/jcip/jcip-annotations/1.0-1/jcip-annotations-1.0-1.jar:/root/.m2/repository/net/minidev/json-smart/2.3/json-smart-2.3.jar:/root/.m2/repository/net/minidev/accessors-smart/1.2/accessors-smart-1.2.jar:/root/.m2/repository/org/ow2/asm/asm/5.0.4/asm-5.0.4.jar:/root/.m2/repository/org/apache/curator/curator-framework/2.12.0/curator-framework-2.12.0.jar:/root/.m2/repository/com/sun/jersey/jersey-core/1.19/jersey-core-1.19.jar:/root/.m2/repository/javax/ws/rs/jsr311-api/1.1.1/jsr311-api-1.1.1.jar:/root/.m2/repository/com/sun/jersey/jersey-server/1.19/jersey-server-1.19.jar:/root/.m2/repository/javax/servlet/javax.servlet-api/3.1.0/javax.servlet-api-3.1.0.jar:/root/.m2/repository/org/eclipse/jetty/jetty-server/9.3.24.v20180605/jetty-server-9.3.24.v20180605.jar:/root/.m2/repository/org/eclipse/jetty/jetty-http/9.3.24.v20180605/jetty-http-9.3.24.v20180605.jar:/root/.m2/repository/org/eclipse/jetty/jetty-io/9.3.24.v20180605/jetty-io-9.3.24.v20180605.jar:/root/.m2/repository/org/eclipse/jetty/jetty-webapp/9.3.24.v20180605/jetty-webapp-9.3.24.v20180605.jar:/root/.m2/repository/org/eclipse/jetty/jetty-xml/9.3.24.v20180605/jetty-xml-9.3.24.v20180605.jar:/root/.m2/repository/log4j/log4j/1.2.17/log4j-1.2.17.jar:/root/.m2/repository/org/slf4j/slf4j-api/1.7.25/slf4j-api-1.7.25.jar:/root/.m2/repository/org/slf4j/jul-to-slf4j/1.7.25/jul-to-slf4j-1.7.25.jar:/root/.m2/repository/org/eclipse/jetty/jetty-util/9.3.24.v20180605/jetty-util-9.3.24.v20180605.jar:/root/.m2/repository/io/dropwizard/metrics/metrics-core/3.2.4/metrics-core-3.2.4.jar:/root/.m2/repository/com/fasterxml/jackson/core/jackson-databind/2.9.5/jackson-databind-2.9.5.jar:/root/.m2/repository/org/apache/hadoop/hadoop-kms/3.2.0/hadoop-kms-3.2.0-tests.jar:/root/.m2/repository/org/apache/hadoop/hadoop-hdds-server-scm/0.5.0-SNAPSHOT/hadoop-hdds-server-scm-0.5.0-SNAPSHOT-tests.jar:/root/.m2/repository/org/hamcrest/hamcrest-all/1.3/hamcrest-all-1.3.jar:/root/.m2/repository/info/picocli/picocli/3.9.6/picocli-3.9.6.jar:/root/.m2/repository/org/apache/hadoop/hadoop-hdds-container-service/0.5.0-SNAPSHOT/hadoop-hdds-container-service-0.5.0-SNAPSHOT-tests.jar:/root/.m2/repository/org/yaml/snakeyaml/1.16/snakeyaml-1.16.jar:/root/.m2/repository/org/apache/hadoop/hadoop-common/3.2.0/hadoop-common-3.2.0-tests.jar:/root/.m2/repository/org/apache/hadoop/hadoop-annotations/3.2.0/hadoop-annotations-3.2.0.jar:/usr/lib/jvm/java-1.8-openjdk/jre/../lib/tools.jar:/root/.m2/repository/commons-cli/commons-cli/1.2/commons-cli-1.2.jar:/root/.m2/repository/org/apache/httpcomponents/httpclient/4.5.2/httpclient-4.5.2.jar:/root/.m2/repository/org/apache/httpcomponents/httpcore/4.4.4/httpcore-4.4.4.jar:/root/.m2/repository/commons-codec/commons-codec/1.11/commons-codec-1.11.jar:/root/.m2/repository/commons-net/commons-net/3.6/commons-net-3.6.jar:/root/.m2/repository/commons-collections/commons-collections/3.2.2/commons-collections-3.2.2.jar:/root/.m2/repository/org/eclipse/jetty/jetty-servlet/9.3.24.v20180605/jetty-servlet-9.3.24.v20180605.jar:/root/.m2/repository/org/eclipse/jetty/jetty-security/9.3.24.v20180605/jetty-security-9.3.24.v20180605.jar:/root/.m2/repository/javax/servlet/jsp/jsp-api/2.1/jsp-api-2.1.jar:/root/.m2/repository/com/sun/jersey/jersey-servlet/1.19/jersey-servlet-1.19.jar:/root/.m2/repository/com/sun/jersey/jersey-json/1.19/jersey-json-1.19.jar:/root/.m2/repository/org/codehaus/jettison/jettison/1.1/jettison-1.1.jar:/root/.m2/repository/org/codehaus/jackson/jackson-core-asl/1.9.13/jackson-core-asl-1.9.13.jar:/root/.m2/repository/org/codehaus/jackson/jackson-mapper-asl/1.9.13/jackson-mapper-asl-1.9.13.jar:/root/.m2/repository/org/codehaus/jackson/jackson-jaxrs/1.9.13/jackson-jaxrs-1.9.13.jar:/root/.m2/repository/org/codehaus/jackson/jackson-xc/1.9.13/jackson-xc-1.9.13.jar:/root/.m2/repository/commons-logging/commons-logging/1.1.3/commons-logging-1.1.3.jar:/root/.m2/repository/commons-beanutils/commons-beanutils/1.9.3/commons-beanutils-1.9.3.jar:/root/.m2/repository/org/apache/commons/commons-configuration2/2.1.1/commons-configuration2-2.1.1.jar:/root/.m2/repository/org/apache/commons/commons-lang3/3.7/commons-lang3-3.7.jar:/root/.m2/repository/org/apache/commons/commons-text/1.4/commons-text-1.4.jar:/root/.m2/repository/org/apache/avro/avro/1.7.7/avro-1.7.7.jar:/root/.m2/repository/com/thoughtworks/paranamer/paranamer/2.3/paranamer-2.3.jar:/root/.m2/repository/org/xerial/snappy/snappy-java/1.0.5/snappy-java-1.0.5.jar:/root/.m2/repository/com/google/re2j/re2j/1.1/re2j-1.1.jar:/root/.m2/repository/com/google/code/gson/gson/2.2.4/gson-2.2.4.jar:/root/.m2/repository/com/jcraft/jsch/0.1.54/jsch-0.1.54.jar:/root/.m2/repository/org/apache/curator/curator-client/2.12.0/curator-client-2.12.0.jar:/root/.m2/repository/org/apache/curator/curator-recipes/2.12.0/curator-recipes-2.12.0.jar:/root/.m2/repository/com/google/code/findbugs/jsr305/3.0.0/jsr305-3.0.0.jar:/root/.m2/repository/org/apache/htrace/htrace-core4/4.1.0-incubating/htrace-core4-4.1.0-incubating.jar:/root/.m2/repository/org/apache/zookeeper/zookeeper/3.4.13/zookeeper-3.4.13.jar:/root/.m2/repository/org/apache/yetus/audience-annotations/0.5.0/audience-annotations-0.5.0.jar:/root/.m2/repository/org/codehaus/woodstox/stax2-api/3.1.4/stax2-api-3.1.4.jar:/root/.m2/repository/com/fasterxml/woodstox/woodstox-core/5.0.3/woodstox-core-5.0.3.jar:/root/.m2/repository/dnsjava/dnsjava/2.1.7/dnsjava-2.1.7.jar:/root/.m2/repository/org/apache/hadoop/hadoop-hdfs/3.2.0/hadoop-hdfs-3.2.0-tests.jar:/root/.m2/repository/org/eclipse/jetty/jetty-util-ajax/9.3.24.v20180605/jetty-util-ajax-9.3.24.v20180605.jar:/root/.m2/repository/commons-daemon/commons-daemon/1.0.13/commons-daemon-1.0.13.jar:/root/.m2/repository/io/netty/netty/3.10.5.Final/netty-3.10.5.Final.jar:/root/.m2/repository/io/netty/netty-all/4.0.52.Final/netty-all-4.0.52.Final.jar:/root/.m2/repository/org/fusesource/leveldbjni/leveldbjni-all/1.8/leveldbjni-all-1.8.jar:"/>
    <property name="java.vm.vendor" value="IcedTea"/>
    <property name="sun.arch.data.model" value="64"/>
    <property name="test.build.dir" value="/opt/src/hadoop-ozone/integration-test/target/test-dir"/>
    <property name="test.cache.data" value=""/>
    <property name="java.vendor.url" value="https://icedtea.classpath.org"/>
    <property name="user.timezone" value=""/>
    <property name="java.vm.specification.version" value="1.8"/>
    <property name="os.name" value="Linux"/>
    <property name="test.build.data" value="/opt/src/hadoop-ozone/integration-test/target/test-dir"/>
    <property name="user.country" value="US"/>
    <property name="sun.java.launcher" value="SUN_STANDARD"/>
    <property name="sun.boot.library.path" value="/usr/lib/jvm/java-1.8-openjdk/jre/lib/amd64"/>
    <property name="sun.java.command" value="/opt/src/hadoop-ozone/integration-test/target/surefire/surefirebooter8199736362857850381.jar /opt/src/hadoop-ozone/integration-test/target/surefire 2019-06-14T13-22-20_065-jvmRun1 surefire2752126692032714400tmp surefire_383278154526193518637tmp"/>
    <property name="surefire.test.class.path" value="/opt/src/hadoop-ozone/integration-test/target/test-classes:/opt/src/hadoop-ozone/integration-test/target/classes:/root/.m2/repository/org/apache/hadoop/hadoop-ozone-common/0.5.0-SNAPSHOT/hadoop-ozone-common-0.5.0-SNAPSHOT.jar:/root/.m2/repository/org/apache/commons/commons-compress/1.4.1/commons-compress-1.4.1.jar:/root/.m2/repository/org/tukaani/xz/1.0/xz-1.0.jar:/root/.m2/repository/org/apache/hadoop/hadoop-common/3.2.0/hadoop-common-3.2.0.jar:/root/.m2/repository/org/apache/hadoop/hadoop-hdfs/3.2.0/hadoop-hdfs-3.2.0.jar:/root/.m2/repository/org/apache/hadoop/hadoop-hdfs-client/3.2.0/hadoop-hdfs-client-3.2.0.jar:/root/.m2/repository/com/fasterxml/jackson/core/jackson-annotations/2.9.5/jackson-annotations-2.9.5.jar:/root/.m2/repository/org/apache/hadoop/hadoop-hdds-common/0.5.0-SNAPSHOT/hadoop-hdds-common-0.5.0-SNAPSHOT.jar:/root/.m2/repository/javax/annotation/javax.annotation-api/1.2/javax.annotation-api-1.2.jar:/root/.m2/repository/org/apache/ratis/ratis-server/0.4.0-fe2b15d-SNAPSHOT/ratis-server-0.4.0-fe2b15d-SNAPSHOT.jar:/root/.m2/repository/org/apache/ratis/ratis-thirdparty-misc/0.2.0/ratis-thirdparty-misc-0.2.0.jar:/root/.m2/repository/org/apache/ratis/ratis-proto/0.4.0-fe2b15d-SNAPSHOT/ratis-proto-0.4.0-fe2b15d-SNAPSHOT.jar:/root/.m2/repository/org/apache/ratis/ratis-common/0.4.0-fe2b15d-SNAPSHOT/ratis-common-0.4.0-fe2b15d-SNAPSHOT.jar:/root/.m2/repository/org/apache/ratis/ratis-client/0.4.0-fe2b15d-SNAPSHOT/ratis-client-0.4.0-fe2b15d-SNAPSHOT.jar:/root/.m2/repository/org/apache/ratis/ratis-netty/0.4.0-fe2b15d-SNAPSHOT/ratis-netty-0.4.0-fe2b15d-SNAPSHOT.jar:/root/.m2/repository/org/apache/ratis/ratis-grpc/0.4.0-fe2b15d-SNAPSHOT/ratis-grpc-0.4.0-fe2b15d-SNAPSHOT.jar:/root/.m2/repository/org/rocksdb/rocksdbjni/5.14.2/rocksdbjni-5.14.2.jar:/root/.m2/repository/org/apache/logging/log4j/log4j-api/2.11.0/log4j-api-2.11.0.jar:/root/.m2/repository/org/apache/logging/log4j/log4j-core/2.11.0/log4j-core-2.11.0.jar:/root/.m2/repository/com/lmax/disruptor/3.4.2/disruptor-3.4.2.jar:/root/.m2/repository/org/apache/commons/commons-pool2/2.6.0/commons-pool2-2.6.0.jar:/root/.m2/repository/org/bouncycastle/bcpkix-jdk15on/1.60/bcpkix-jdk15on-1.60.jar:/root/.m2/repository/commons-validator/commons-validator/1.6/commons-validator-1.6.jar:/root/.m2/repository/commons-digester/commons-digester/1.8.1/commons-digester-1.8.1.jar:/root/.m2/repository/io/jaegertracing/jaeger-client/0.33.1/jaeger-client-0.33.1.jar:/root/.m2/repository/io/jaegertracing/jaeger-thrift/0.33.1/jaeger-thrift-0.33.1.jar:/root/.m2/repository/org/apache/thrift/libthrift/0.11.0/libthrift-0.11.0.jar:/root/.m2/repository/com/squareup/okhttp3/okhttp/3.9.0/okhttp-3.9.0.jar:/root/.m2/repository/com/squareup/okio/okio/1.13.0/okio-1.13.0.jar:/root/.m2/repository/io/jaegertracing/jaeger-core/0.33.1/jaeger-core-0.33.1.jar:/root/.m2/repository/io/jaegertracing/jaeger-tracerresolver/0.33.1/jaeger-tracerresolver-0.33.1.jar:/root/.m2/repository/io/opentracing/contrib/opentracing-tracerresolver/0.1.5/opentracing-tracerresolver-0.1.5.jar:/root/.m2/repository/io/opentracing/opentracing-util/0.31.0/opentracing-util-0.31.0.jar:/root/.m2/repository/io/opentracing/opentracing-api/0.31.0/opentracing-api-0.31.0.jar:/root/.m2/repository/io/opentracing/opentracing-noop/0.31.0/opentracing-noop-0.31.0.jar:/root/.m2/repository/org/apache/hadoop/hadoop-hdds-server-framework/0.5.0-SNAPSHOT/hadoop-hdds-server-framework-0.5.0-SNAPSHOT.jar:/root/.m2/repository/org/apache/hadoop/hadoop-hdds-server-scm/0.5.0-SNAPSHOT/hadoop-hdds-server-scm-0.5.0-SNAPSHOT.jar:/root/.m2/repository/org/apache/hadoop/hadoop-hdds-container-service/0.5.0-SNAPSHOT/hadoop-hdds-container-service-0.5.0-SNAPSHOT.jar:/root/.m2/repository/org/apache/hadoop/hadoop-hdds-client/0.5.0-SNAPSHOT/hadoop-hdds-client-0.5.0-SNAPSHOT.jar:/root/.m2/repository/org/apache/hadoop/hadoop-hdds-tools/0.5.0-SNAPSHOT/hadoop-hdds-tools-0.5.0-SNAPSHOT.jar:/root/.m2/repository/org/apache/hadoop/hadoop-ozone-ozone-manager/0.5.0-SNAPSHOT/hadoop-ozone-ozone-manager-0.5.0-SNAPSHOT.jar:/root/.m2/repository/org/apache/hadoop/hadoop-hdds-docs/0.5.0-SNAPSHOT/hadoop-hdds-docs-0.5.0-SNAPSHOT.jar:/root/.m2/repository/org/bouncycastle/bcprov-jdk15on/1.60/bcprov-jdk15on-1.60.jar:/root/.m2/repository/org/apache/hadoop/hadoop-minikdc/3.2.0/hadoop-minikdc-3.2.0.jar:/root/.m2/repository/commons-io/commons-io/2.5/commons-io-2.5.jar:/root/.m2/repository/org/apache/kerby/kerb-simplekdc/1.0.1/kerb-simplekdc-1.0.1.jar:/root/.m2/repository/org/apache/kerby/kerb-client/1.0.1/kerb-client-1.0.1.jar:/root/.m2/repository/org/apache/kerby/kerby-config/1.0.1/kerby-config-1.0.1.jar:/root/.m2/repository/org/apache/kerby/kerb-core/1.0.1/kerb-core-1.0.1.jar:/root/.m2/repository/org/apache/kerby/kerby-pkix/1.0.1/kerby-pkix-1.0.1.jar:/root/.m2/repository/org/apache/kerby/kerby-asn1/1.0.1/kerby-asn1-1.0.1.jar:/root/.m2/repository/org/apache/kerby/kerby-util/1.0.1/kerby-util-1.0.1.jar:/root/.m2/repository/org/apache/kerby/kerb-common/1.0.1/kerb-common-1.0.1.jar:/root/.m2/repository/org/apache/kerby/kerb-crypto/1.0.1/kerb-crypto-1.0.1.jar:/root/.m2/repository/org/apache/kerby/kerb-util/1.0.1/kerb-util-1.0.1.jar:/root/.m2/repository/org/apache/kerby/token-provider/1.0.1/token-provider-1.0.1.jar:/root/.m2/repository/org/apache/kerby/kerb-admin/1.0.1/kerb-admin-1.0.1.jar:/root/.m2/repository/org/apache/kerby/kerb-server/1.0.1/kerb-server-1.0.1.jar:/root/.m2/repository/org/apache/kerby/kerb-identity/1.0.1/kerb-identity-1.0.1.jar:/root/.m2/repository/org/apache/kerby/kerby-xdr/1.0.1/kerby-xdr-1.0.1.jar:/root/.m2/repository/org/slf4j/slf4j-log4j12/1.7.25/slf4j-log4j12-1.7.25.jar:/root/.m2/repository/org/apache/hadoop/hadoop-ozone-objectstore-service/0.5.0-SNAPSHOT/hadoop-ozone-objectstore-service-0.5.0-SNAPSHOT.jar:/root/.m2/repository/org/apache/hadoop/hadoop-ozone-s3gateway/0.5.0-SNAPSHOT/hadoop-ozone-s3gateway-0.5.0-SNAPSHOT.jar:/root/.m2/repository/org/jboss/weld/servlet/weld-servlet/2.4.7.Final/weld-servlet-2.4.7.Final.jar:/root/.m2/repository/org/glassfish/jersey/containers/jersey-container-servlet-core/2.27/jersey-container-servlet-core-2.27.jar:/root/.m2/repository/org/glassfish/hk2/external/javax.inject/2.5.0-b42/javax.inject-2.5.0-b42.jar:/root/.m2/repository/org/glassfish/jersey/core/jersey-common/2.27/jersey-common-2.27.jar:/root/.m2/repository/org/glassfish/hk2/osgi-resource-locator/1.0.1/osgi-resource-locator-1.0.1.jar:/root/.m2/repository/javax/ws/rs/javax.ws.rs-api/2.1/javax.ws.rs-api-2.1.jar:/root/.m2/repository/org/glassfish/jersey/ext/cdi/jersey-cdi1x/2.27/jersey-cdi1x-2.27.jar:/root/.m2/repository/org/glassfish/jersey/inject/jersey-hk2/2.27/jersey-hk2-2.27.jar:/root/.m2/repository/org/glassfish/hk2/hk2-locator/2.5.0-b42/hk2-locator-2.5.0-b42.jar:/root/.m2/repository/org/javassist/javassist/3.22.0-CR2/javassist-3.22.0-CR2.jar:/root/.m2/repository/org/glassfish/hk2/hk2-api/2.5.0/hk2-api-2.5.0.jar:/root/.m2/repository/org/glassfish/hk2/external/jakarta.inject/2.5.0/jakarta.inject-2.5.0.jar:/root/.m2/repository/org/glassfish/hk2/hk2-utils/2.5.0/hk2-utils-2.5.0.jar:/root/.m2/repository/jakarta/annotation/jakarta.annotation-api/1.3.4/jakarta.annotation-api-1.3.4.jar:/root/.m2/repository/org/glassfish/hk2/external/aopalliance-repackaged/2.5.0/aopalliance-repackaged-2.5.0.jar:/root/.m2/repository/com/fasterxml/jackson/dataformat/jackson-dataformat-xml/2.9.0/jackson-dataformat-xml-2.9.0.jar:/root/.m2/repository/com/fasterxml/jackson/core/jackson-core/2.9.5/jackson-core-2.9.5.jar:/root/.m2/repository/com/fasterxml/jackson/module/jackson-module-jaxb-annotations/2.9.5/jackson-module-jaxb-annotations-2.9.5.jar:/root/.m2/repository/javax/enterprise/cdi-api/1.2/cdi-api-1.2.jar:/root/.m2/repository/javax/el/javax.el-api/3.0.0/javax.el-api-3.0.0.jar:/root/.m2/repository/javax/interceptor/javax.interceptor-api/1.2/javax.interceptor-api-1.2.jar:/root/.m2/repository/javax/inject/javax.inject/1/javax.inject-1.jar:/root/.m2/repository/com/sun/xml/bind/jaxb-impl/2.3.0.1/jaxb-impl-2.3.0.1.jar:/root/.m2/repository/com/sun/xml/bind/jaxb-core/2.3.0.1/jaxb-core-2.3.0.1.jar:/root/.m2/repository/javax/xml/bind/jaxb-api/2.3.0/jaxb-api-2.3.0.jar:/root/.m2/repository/javax/activation/activation/1.1.1/activation-1.1.1.jar:/root/.m2/repository/org/apache/hadoop/hadoop-ozone-csi/0.5.0-SNAPSHOT/hadoop-ozone-csi-0.5.0-SNAPSHOT.jar:/root/.m2/repository/com/google/protobuf/protobuf-java-util/3.5.1/protobuf-java-util-3.5.1.jar:/root/.m2/repository/org/apache/hadoop/hadoop-hdds-config/0.5.0-SNAPSHOT/hadoop-hdds-config-0.5.0-SNAPSHOT.jar:/root/.m2/repository/com/google/guava/guava/11.0.2/guava-11.0.2.jar:/root/.m2/repository/com/google/protobuf/protobuf-java/2.5.0/protobuf-java-2.5.0.jar:/root/.m2/repository/io/grpc/grpc-netty/1.17.1/grpc-netty-1.17.1.jar:/root/.m2/repository/io/grpc/grpc-core/1.17.1/grpc-core-1.17.1.jar:/root/.m2/repository/io/grpc/grpc-context/1.17.1/grpc-context-1.17.1.jar:/root/.m2/repository/com/google/errorprone/error_prone_annotations/2.2.0/error_prone_annotations-2.2.0.jar:/root/.m2/repository/org/codehaus/mojo/animal-sniffer-annotations/1.17/animal-sniffer-annotations-1.17.jar:/root/.m2/repository/io/opencensus/opencensus-api/0.17.0/opencensus-api-0.17.0.jar:/root/.m2/repository/io/opencensus/opencensus-contrib-grpc-metrics/0.17.0/opencensus-contrib-grpc-metrics-0.17.0.jar:/root/.m2/repository/io/netty/netty-codec-http2/4.1.30.Final/netty-codec-http2-4.1.30.Final.jar:/root/.m2/repository/io/netty/netty-codec-http/4.1.30.Final/netty-codec-http-4.1.30.Final.jar:/root/.m2/repository/io/netty/netty-codec/4.1.30.Final/netty-codec-4.1.30.Final.jar:/root/.m2/repository/io/netty/netty-handler/4.1.30.Final/netty-handler-4.1.30.Final.jar:/root/.m2/repository/io/netty/netty-handler-proxy/4.1.30.Final/netty-handler-proxy-4.1.30.Final.jar:/root/.m2/repository/io/netty/netty-codec-socks/4.1.30.Final/netty-codec-socks-4.1.30.Final.jar:/root/.m2/repository/io/netty/netty-transport-native-epoll/4.1.30.Final/netty-transport-native-epoll-4.1.30.Final.jar:/root/.m2/repository/io/netty/netty-common/4.1.30.Final/netty-common-4.1.30.Final.jar:/root/.m2/repository/io/netty/netty-buffer/4.1.30.Final/netty-buffer-4.1.30.Final.jar:/root/.m2/repository/io/netty/netty-transport/4.1.30.Final/netty-transport-4.1.30.Final.jar:/root/.m2/repository/io/netty/netty-resolver/4.1.30.Final/netty-resolver-4.1.30.Final.jar:/root/.m2/repository/io/netty/netty-transport-native-unix-common/4.1.30.Final/netty-transport-native-unix-common-4.1.30.Final.jar:/root/.m2/repository/io/grpc/grpc-protobuf/1.17.1/grpc-protobuf-1.17.1.jar:/root/.m2/repository/com/google/api/grpc/proto-google-common-protos/1.0.0/proto-google-common-protos-1.0.0.jar:/root/.m2/repository/io/grpc/grpc-protobuf-lite/1.17.1/grpc-protobuf-lite-1.17.1.jar:/root/.m2/repository/io/grpc/grpc-stub/1.17.1/grpc-stub-1.17.1.jar:/root/.m2/repository/org/apache/hadoop/hadoop-ozone-recon/0.5.0-SNAPSHOT/hadoop-ozone-recon-0.5.0-SNAPSHOT.jar:/root/.m2/repository/org/apache/hadoop/hadoop-ozone-reconcodegen/0.5.0-SNAPSHOT/hadoop-ozone-reconcodegen-0.5.0-SNAPSHOT.jar:/root/.m2/repository/com/google/inject/extensions/guice-multibindings/4.0/guice-multibindings-4.0.jar:/root/.m2/repository/com/google/inject/guice/4.0/guice-4.0.jar:/root/.m2/repository/aopalliance/aopalliance/1.0/aopalliance-1.0.jar:/root/.m2/repository/com/google/inject/extensions/guice-servlet/4.0/guice-servlet-4.0.jar:/root/.m2/repository/org/glassfish/jersey/containers/jersey-container-servlet/2.27/jersey-container-servlet-2.27.jar:/root/.m2/repository/org/glassfish/hk2/guice-bridge/2.5.0/guice-bridge-2.5.0.jar:/root/.m2/repository/org/glassfish/jersey/core/jersey-server/2.27/jersey-server-2.27.jar:/root/.m2/repository/org/glassfish/jersey/core/jersey-client/2.27/jersey-client-2.27.jar:/root/.m2/repository/org/glassfish/jersey/media/jersey-media-jaxb/2.27/jersey-media-jaxb-2.27.jar:/root/.m2/repository/javax/validation/validation-api/1.1.0.Final/validation-api-1.1.0.Final.jar:/root/.m2/repository/org/glassfish/jersey/media/jersey-media-json-jackson/2.27/jersey-media-json-jackson-2.27.jar:/root/.m2/repository/org/glassfish/jersey/ext/jersey-entity-filtering/2.27/jersey-entity-filtering-2.27.jar:/root/.m2/repository/com/google/inject/extensions/guice-assistedinject/4.0/guice-assistedinject-4.0.jar:/root/.m2/repository/org/jooq/jooq/3.11.10/jooq-3.11.10.jar:/root/.m2/repository/org/jooq/jooq-meta/3.11.10/jooq-meta-3.11.10.jar:/root/.m2/repository/org/jooq/jooq-codegen/3.11.10/jooq-codegen-3.11.10.jar:/root/.m2/repository/com/jolbox/bonecp/0.8.0.RELEASE/bonecp-0.8.0.RELEASE.jar:/root/.m2/repository/org/xerial/sqlite-jdbc/3.25.2/sqlite-jdbc-3.25.2.jar:/root/.m2/repository/org/springframework/spring-jdbc/5.1.3.RELEASE/spring-jdbc-5.1.3.RELEASE.jar:/root/.m2/repository/org/springframework/spring-beans/5.1.3.RELEASE/spring-beans-5.1.3.RELEASE.jar:/root/.m2/repository/org/springframework/spring-core/5.1.3.RELEASE/spring-core-5.1.3.RELEASE.jar:/root/.m2/repository/org/springframework/spring-jcl/5.1.3.RELEASE/spring-jcl-5.1.3.RELEASE.jar:/root/.m2/repository/org/springframework/spring-tx/5.1.3.RELEASE/spring-tx-5.1.3.RELEASE.jar:/root/.m2/repository/org/apache/hadoop/hadoop-ozone-client/0.5.0-SNAPSHOT/hadoop-ozone-client-0.5.0-SNAPSHOT.jar:/root/.m2/repository/org/apache/hadoop/hadoop-ozone-ozone-manager/0.5.0-SNAPSHOT/hadoop-ozone-ozone-manager-0.5.0-SNAPSHOT-tests.jar:/root/.m2/repository/junit/junit/4.11/junit-4.11.jar:/root/.m2/repository/org/hamcrest/hamcrest-core/1.3/hamcrest-core-1.3.jar:/root/.m2/repository/org/openjdk/jmh/jmh-core/1.19/jmh-core-1.19.jar:/root/.m2/repository/net/sf/jopt-simple/jopt-simple/4.6/jopt-simple-4.6.jar:/root/.m2/repository/org/apache/commons/commons-math3/3.1.1/commons-math3-3.1.1.jar:/root/.m2/repository/org/openjdk/jmh/jmh-generator-annprocess/1.19/jmh-generator-annprocess-1.19.jar:/root/.m2/repository/org/mockito/mockito-all/1.8.5/mockito-all-1.8.5.jar:/root/.m2/repository/org/apache/hadoop/hadoop-kms/3.2.0/hadoop-kms-3.2.0.jar:/root/.m2/repository/org/apache/hadoop/hadoop-auth/3.2.0/hadoop-auth-3.2.0.jar:/root/.m2/repository/com/nimbusds/nimbus-jose-jwt/4.41.1/nimbus-jose-jwt-4.41.1.jar:/root/.m2/repository/com/github/stephenc/jcip/jcip-annotations/1.0-1/jcip-annotations-1.0-1.jar:/root/.m2/repository/net/minidev/json-smart/2.3/json-smart-2.3.jar:/root/.m2/repository/net/minidev/accessors-smart/1.2/accessors-smart-1.2.jar:/root/.m2/repository/org/ow2/asm/asm/5.0.4/asm-5.0.4.jar:/root/.m2/repository/org/apache/curator/curator-framework/2.12.0/curator-framework-2.12.0.jar:/root/.m2/repository/com/sun/jersey/jersey-core/1.19/jersey-core-1.19.jar:/root/.m2/repository/javax/ws/rs/jsr311-api/1.1.1/jsr311-api-1.1.1.jar:/root/.m2/repository/com/sun/jersey/jersey-server/1.19/jersey-server-1.19.jar:/root/.m2/repository/javax/servlet/javax.servlet-api/3.1.0/javax.servlet-api-3.1.0.jar:/root/.m2/repository/org/eclipse/jetty/jetty-server/9.3.24.v20180605/jetty-server-9.3.24.v20180605.jar:/root/.m2/repository/org/eclipse/jetty/jetty-http/9.3.24.v20180605/jetty-http-9.3.24.v20180605.jar:/root/.m2/repository/org/eclipse/jetty/jetty-io/9.3.24.v20180605/jetty-io-9.3.24.v20180605.jar:/root/.m2/repository/org/eclipse/jetty/jetty-webapp/9.3.24.v20180605/jetty-webapp-9.3.24.v20180605.jar:/root/.m2/repository/org/eclipse/jetty/jetty-xml/9.3.24.v20180605/jetty-xml-9.3.24.v20180605.jar:/root/.m2/repository/log4j/log4j/1.2.17/log4j-1.2.17.jar:/root/.m2/repository/org/slf4j/slf4j-api/1.7.25/slf4j-api-1.7.25.jar:/root/.m2/repository/org/slf4j/jul-to-slf4j/1.7.25/jul-to-slf4j-1.7.25.jar:/root/.m2/repository/org/eclipse/jetty/jetty-util/9.3.24.v20180605/jetty-util-9.3.24.v20180605.jar:/root/.m2/repository/io/dropwizard/metrics/metrics-core/3.2.4/metrics-core-3.2.4.jar:/root/.m2/repository/com/fasterxml/jackson/core/jackson-databind/2.9.5/jackson-databind-2.9.5.jar:/root/.m2/repository/org/apache/hadoop/hadoop-kms/3.2.0/hadoop-kms-3.2.0-tests.jar:/root/.m2/repository/org/apache/hadoop/hadoop-hdds-server-scm/0.5.0-SNAPSHOT/hadoop-hdds-server-scm-0.5.0-SNAPSHOT-tests.jar:/root/.m2/repository/org/hamcrest/hamcrest-all/1.3/hamcrest-all-1.3.jar:/root/.m2/repository/info/picocli/picocli/3.9.6/picocli-3.9.6.jar:/root/.m2/repository/org/apache/hadoop/hadoop-hdds-container-service/0.5.0-SNAPSHOT/hadoop-hdds-container-service-0.5.0-SNAPSHOT-tests.jar:/root/.m2/repository/org/yaml/snakeyaml/1.16/snakeyaml-1.16.jar:/root/.m2/repository/org/apache/hadoop/hadoop-common/3.2.0/hadoop-common-3.2.0-tests.jar:/root/.m2/repository/org/apache/hadoop/hadoop-annotations/3.2.0/hadoop-annotations-3.2.0.jar:/usr/lib/jvm/java-1.8-openjdk/jre/../lib/tools.jar:/root/.m2/repository/commons-cli/commons-cli/1.2/commons-cli-1.2.jar:/root/.m2/repository/org/apache/httpcomponents/httpclient/4.5.2/httpclient-4.5.2.jar:/root/.m2/repository/org/apache/httpcomponents/httpcore/4.4.4/httpcore-4.4.4.jar:/root/.m2/repository/commons-codec/commons-codec/1.11/commons-codec-1.11.jar:/root/.m2/repository/commons-net/commons-net/3.6/commons-net-3.6.jar:/root/.m2/repository/commons-collections/commons-collections/3.2.2/commons-collections-3.2.2.jar:/root/.m2/repository/org/eclipse/jetty/jetty-servlet/9.3.24.v20180605/jetty-servlet-9.3.24.v20180605.jar:/root/.m2/repository/org/eclipse/jetty/jetty-security/9.3.24.v20180605/jetty-security-9.3.24.v20180605.jar:/root/.m2/repository/javax/servlet/jsp/jsp-api/2.1/jsp-api-2.1.jar:/root/.m2/repository/com/sun/jersey/jersey-servlet/1.19/jersey-servlet-1.19.jar:/root/.m2/repository/com/sun/jersey/jersey-json/1.19/jersey-json-1.19.jar:/root/.m2/repository/org/codehaus/jettison/jettison/1.1/jettison-1.1.jar:/root/.m2/repository/org/codehaus/jackson/jackson-core-asl/1.9.13/jackson-core-asl-1.9.13.jar:/root/.m2/repository/org/codehaus/jackson/jackson-mapper-asl/1.9.13/jackson-mapper-asl-1.9.13.jar:/root/.m2/repository/org/codehaus/jackson/jackson-jaxrs/1.9.13/jackson-jaxrs-1.9.13.jar:/root/.m2/repository/org/codehaus/jackson/jackson-xc/1.9.13/jackson-xc-1.9.13.jar:/root/.m2/repository/commons-logging/commons-logging/1.1.3/commons-logging-1.1.3.jar:/root/.m2/repository/commons-beanutils/commons-beanutils/1.9.3/commons-beanutils-1.9.3.jar:/root/.m2/repository/org/apache/commons/commons-configuration2/2.1.1/commons-configuration2-2.1.1.jar:/root/.m2/repository/org/apache/commons/commons-lang3/3.7/commons-lang3-3.7.jar:/root/.m2/repository/org/apache/commons/commons-text/1.4/commons-text-1.4.jar:/root/.m2/repository/org/apache/avro/avro/1.7.7/avro-1.7.7.jar:/root/.m2/repository/com/thoughtworks/paranamer/paranamer/2.3/paranamer-2.3.jar:/root/.m2/repository/org/xerial/snappy/snappy-java/1.0.5/snappy-java-1.0.5.jar:/root/.m2/repository/com/google/re2j/re2j/1.1/re2j-1.1.jar:/root/.m2/repository/com/google/code/gson/gson/2.2.4/gson-2.2.4.jar:/root/.m2/repository/com/jcraft/jsch/0.1.54/jsch-0.1.54.jar:/root/.m2/repository/org/apache/curator/curator-client/2.12.0/curator-client-2.12.0.jar:/root/.m2/repository/org/apache/curator/curator-recipes/2.12.0/curator-recipes-2.12.0.jar:/root/.m2/repository/com/google/code/findbugs/jsr305/3.0.0/jsr305-3.0.0.jar:/root/.m2/repository/org/apache/htrace/htrace-core4/4.1.0-incubating/htrace-core4-4.1.0-incubating.jar:/root/.m2/repository/org/apache/zookeeper/zookeeper/3.4.13/zookeeper-3.4.13.jar:/root/.m2/repository/org/apache/yetus/audience-annotations/0.5.0/audience-annotations-0.5.0.jar:/root/.m2/repository/org/codehaus/woodstox/stax2-api/3.1.4/stax2-api-3.1.4.jar:/root/.m2/repository/com/fasterxml/woodstox/woodstox-core/5.0.3/woodstox-core-5.0.3.jar:/root/.m2/repository/dnsjava/dnsjava/2.1.7/dnsjava-2.1.7.jar:/root/.m2/repository/org/apache/hadoop/hadoop-hdfs/3.2.0/hadoop-hdfs-3.2.0-tests.jar:/root/.m2/repository/org/eclipse/jetty/jetty-util-ajax/9.3.24.v20180605/jetty-util-ajax-9.3.24.v20180605.jar:/root/.m2/repository/commons-daemon/commons-daemon/1.0.13/commons-daemon-1.0.13.jar:/root/.m2/repository/io/netty/netty/3.10.5.Final/netty-3.10.5.Final.jar:/root/.m2/repository/io/netty/netty-all/4.0.52.Final/netty-all-4.0.52.Final.jar:/root/.m2/repository/org/fusesource/leveldbjni/leveldbjni-all/1.8/leveldbjni-all-1.8.jar:"/>
    <property name="sun.cpu.endian" value="little"/>
    <property name="user.home" value="/root"/>
    <property name="user.language" value="en"/>
    <property name="java.specification.vendor" value="Oracle Corporation"/>
    <property name="java.home" value="/usr/lib/jvm/java-1.8-openjdk/jre"/>
    <property name="java.security.krb5.conf" value="/opt/src/hadoop-ozone/integration-test/target/test-classes/krb5.conf"/>
    <property name="basedir" value="/opt/src/hadoop-ozone/integration-test"/>
    <property name="file.separator" value="/"/>
    <property name="line.separator" value="&#10;"/>
    <property name="java.vm.specification.vendor" value="Oracle Corporation"/>
    <property name="java.specification.name" value="Java Platform API Specification"/>
    <property name="java.awt.graphicsenv" value="sun.awt.X11GraphicsEnvironment"/>
    <property name="surefire.real.class.path" value="/opt/src/hadoop-ozone/integration-test/target/surefire/surefirebooter8199736362857850381.jar"/>
    <property name="hadoop.log.dir" value="/opt/src/hadoop-ozone/integration-test/target/log"/>
    <property name="sun.boot.class.path" value="/usr/lib/jvm/java-1.8-openjdk/jre/lib/resources.jar:/usr/lib/jvm/java-1.8-openjdk/jre/lib/rt.jar:/usr/lib/jvm/java-1.8-openjdk/jre/lib/sunrsasign.jar:/usr/lib/jvm/java-1.8-openjdk/jre/lib/jsse.jar:/usr/lib/jvm/java-1.8-openjdk/jre/lib/jce.jar:/usr/lib/jvm/java-1.8-openjdk/jre/lib/charsets.jar:/usr/lib/jvm/java-1.8-openjdk/jre/lib/jfr.jar:/usr/lib/jvm/java-1.8-openjdk/jre/classes"/>
    <property name="sun.management.compiler" value="HotSpot 64-Bit Tiered Compilers"/>
    <property name="java.runtime.version" value="1.8.0_212-b04"/>
    <property name="java.net.preferIPv4Stack" value="true"/>
    <property name="user.name" value="root"/>
    <property name="path.separator" value=":"/>
    <property name="java.security.egd" value="file:///dev/urandom"/>
    <property name="os.version" value="4.15.0-1021-aws"/>
    <property name="java.endorsed.dirs" value="/usr/lib/jvm/java-1.8-openjdk/jre/lib/endorsed"/>
    <property name="java.runtime.name" value="OpenJDK Runtime Environment"/>
    <property name="file.encoding" value="UTF-8"/>
    <property name="java.vm.name" value="OpenJDK 64-Bit Server VM"/>
    <property name="test.build.webapps" value=""/>
    <property name="localRepository" value="/root/.m2/repository"/>
    <property name="java.vendor.url.bug" value="https://icedtea.classpath.org/bugzilla"/>
    <property name="java.io.tmpdir" value="/tmp"/>
    <property name="require.test.libhadoop" value=""/>
    <property name="java.version" value="1.8.0_212"/>
    <property name="user.dir" value="/opt/src/hadoop-ozone/integration-test"/>
    <property name="os.arch" value="amd64"/>
    <property name="java.vm.specification.name" value="Java Virtual Machine Specification"/>
    <property name="test.build.classes" value="/opt/src/hadoop-ozone/integration-test/target/test-classes"/>
    <property name="java.awt.printerjob" value="sun.print.PSPrinterJob"/>
    <property name="sun.os.patch.level" value="unknown"/>
    <property name="hadoop.tmp.dir" value="/opt/src/hadoop-ozone/integration-test/target/tmp"/>
    <property name="java.library.path" value="/usr/lib/jvm/java-1.8-openjdk/jre/lib/amd64/server:/usr/lib/jvm/java-1.8-openjdk/jre/lib/amd64:/usr/lib/jvm/java-1.8-openjdk/jre/../lib/amd64:/opt/src/hadoop-ozone/integration-test/target/native/target/usr/local/lib:/opt/src/hadoop-ozone/integration-test/../../hadoop-common-project/hadoop-common/target/native/target/usr/local/lib:/usr/java/packages/lib/amd64:/usr/lib64:/lib64:/lib:/usr/lib"/>
    <property name="java.vm.info" value="mixed mode"/>
    <property name="java.vendor" value="IcedTea"/>
    <property name="java.vm.version" value="25.212-b04"/>
    <property name="java.ext.dirs" value="/usr/lib/jvm/java-1.8-openjdk/jre/lib/ext:/usr/java/packages/lib/ext"/>
    <property name="sun.io.unicode.encoding" value="UnicodeLittle"/>
    <property name="java.class.version" value="52.0"/>
  </properties>
  <testcase name="testBlockDeletion" classname="org.apache.hadoop.ozone.container.common.statemachine.commandhandler.TestBlockDeletion" time="67.456">
    <failure message="expected null, but was:&lt;[B@62b6c045&gt;" type="java.lang.AssertionError"><![CDATA[java.lang.AssertionError: expected null, but was:<[B@62b6c045>
	at org.junit.Assert.fail(Assert.java:88)
	at org.junit.Assert.failNotNull(Assert.java:664)
	at org.junit.Assert.assertNull(Assert.java:646)
	at org.junit.Assert.assertNull(Assert.java:656)
	at org.apache.hadoop.ozone.container.common.statemachine.commandhandler.TestBlockDeletion.lambda$verifyBlocksDeleted$3(TestBlockDeletion.java:323)
	at org.apache.hadoop.ozone.OzoneTestUtils.performOperationOnKeyContainers(OzoneTestUtils.java:96)
	at org.apache.hadoop.ozone.container.common.statemachine.commandhandler.TestBlockDeletion.verifyBlocksDeleted(TestBlockDeletion.java:317)
	at org.apache.hadoop.ozone.container.common.statemachine.commandhandler.TestBlockDeletion.testBlockDeletion(TestBlockDeletion.java:177)
	at sun.reflect.NativeMethodAccessorImpl.invoke0(Native Method)
	at sun.reflect.NativeMethodAccessorImpl.invoke(NativeMethodAccessorImpl.java:62)
	at sun.reflect.DelegatingMethodAccessorImpl.invoke(DelegatingMethodAccessorImpl.java:43)
	at java.lang.reflect.Method.invoke(Method.java:498)
	at org.junit.runners.model.FrameworkMethod$1.runReflectiveCall(FrameworkMethod.java:47)
	at org.junit.internal.runners.model.ReflectiveCallable.run(ReflectiveCallable.java:12)
	at org.junit.runners.model.FrameworkMethod.invokeExplosively(FrameworkMethod.java:44)
	at org.junit.internal.runners.statements.InvokeMethod.evaluate(InvokeMethod.java:17)
	at org.junit.runners.ParentRunner.runLeaf(ParentRunner.java:271)
	at org.junit.runners.BlockJUnit4ClassRunner.runChild(BlockJUnit4ClassRunner.java:70)
	at org.junit.runners.BlockJUnit4ClassRunner.runChild(BlockJUnit4ClassRunner.java:50)
	at org.junit.runners.ParentRunner$3.run(ParentRunner.java:238)
	at org.junit.runners.ParentRunner$1.schedule(ParentRunner.java:63)
	at org.junit.runners.ParentRunner.runChildren(ParentRunner.java:236)
	at org.junit.runners.ParentRunner.access$000(ParentRunner.java:53)
	at org.junit.runners.ParentRunner$2.evaluate(ParentRunner.java:229)
	at org.junit.internal.runners.statements.RunBefores.evaluate(RunBefores.java:26)
	at org.junit.runners.ParentRunner.run(ParentRunner.java:309)
	at org.apache.maven.surefire.junit4.JUnit4Provider.execute(JUnit4Provider.java:365)
	at org.apache.maven.surefire.junit4.JUnit4Provider.executeWithRerun(JUnit4Provider.java:273)
	at org.apache.maven.surefire.junit4.JUnit4Provider.executeTestSet(JUnit4Provider.java:238)
	at org.apache.maven.surefire.junit4.JUnit4Provider.invoke(JUnit4Provider.java:159)
	at org.apache.maven.surefire.booter.ForkedBooter.invokeProviderInSameClassLoader(ForkedBooter.java:384)
	at org.apache.maven.surefire.booter.ForkedBooter.runSuitesInProcess(ForkedBooter.java:345)
	at org.apache.maven.surefire.booter.ForkedBooter.execute(ForkedBooter.java:126)
	at org.apache.maven.surefire.booter.ForkedBooter.main(ForkedBooter.java:418)
]]></failure>
    <system-out><![CDATA[2019-06-14 13:45:13,952 WARN  server.ServerUtils (ServerUtils.java:getScmDbDir(145)) - ozone.scm.db.dirs is not configured. We recommend adding this setting. Falling back to ozone.metadata.dirs instead.
2019-06-14 13:45:14,045 WARN  server.ServerUtils (ServerUtils.java:getScmDbDir(145)) - ozone.scm.db.dirs is not configured. We recommend adding this setting. Falling back to ozone.metadata.dirs instead.
2019-06-14 13:45:14,048 WARN  server.ServerUtils (ServerUtils.java:getScmDbDir(145)) - ozone.scm.db.dirs is not configured. We recommend adding this setting. Falling back to ozone.metadata.dirs instead.
2019-06-14 13:45:14,062 INFO  util.log (Log.java:initialized(192)) - Logging initialized @876ms
2019-06-14 13:45:14,161 INFO  db.DBStoreBuilder (DBStoreBuilder.java:addTable(110)) - using custom profile for table: deletedBlocks
2019-06-14 13:45:14,161 INFO  db.DBStoreBuilder (DBStoreBuilder.java:processTables(161)) - Using default column profile:DBProfile.DISK for Table:deletedBlocks
2019-06-14 13:45:14,161 INFO  db.DBStoreBuilder (DBStoreBuilder.java:addTable(110)) - using custom profile for table: validCerts
2019-06-14 13:45:14,162 INFO  db.DBStoreBuilder (DBStoreBuilder.java:processTables(161)) - Using default column profile:DBProfile.DISK for Table:validCerts
2019-06-14 13:45:14,162 INFO  db.DBStoreBuilder (DBStoreBuilder.java:addTable(110)) - using custom profile for table: revokedCerts
2019-06-14 13:45:14,162 INFO  db.DBStoreBuilder (DBStoreBuilder.java:processTables(161)) - Using default column profile:DBProfile.DISK for Table:revokedCerts
2019-06-14 13:45:14,172 INFO  db.DBStoreBuilder (DBStoreBuilder.java:addTable(110)) - using custom profile for table: default
2019-06-14 13:45:14,173 INFO  db.DBStoreBuilder (DBStoreBuilder.java:processTables(167)) - Using default column profile:DBProfile.DISK for Table:default
2019-06-14 13:45:14,174 INFO  db.DBStoreBuilder (DBStoreBuilder.java:getDbProfile(198)) - Using default options. DBProfile.DISK
2019-06-14 13:45:14,244 INFO  node.SCMNodeManager (SCMNodeManager.java:<init>(108)) - Entering startup safe mode.
2019-06-14 13:45:14,303 INFO  net.NodeSchemaLoader (NodeSchemaLoader.java:loadSchemaFromFile(125)) - Loading file from sun.misc.CompoundEnumeration@702657cc
2019-06-14 13:45:14,305 INFO  net.NodeSchemaLoader (NodeSchemaLoader.java:loadSchema(171)) - Loading network topology layer schema file
2019-06-14 13:45:14,356 WARN  server.ServerUtils (ServerUtils.java:getScmDbDir(145)) - ozone.scm.db.dirs is not configured. We recommend adding this setting. Falling back to ozone.metadata.dirs instead.
2019-06-14 13:45:14,375 INFO  pipeline.SCMPipelineManager (SCMPipelineManager.java:initializePipelineState(126)) - No pipeline exists in current db
2019-06-14 13:45:14,377 WARN  server.ServerUtils (ServerUtils.java:getScmDbDir(145)) - ozone.scm.db.dirs is not configured. We recommend adding this setting. Falling back to ozone.metadata.dirs instead.
2019-06-14 13:45:14,425 WARN  events.EventQueue (EventQueue.java:fireEvent(175)) - No event handler registered for event TypedEvent{payloadType=SafeModeStatus, name='SafeModeStatus'}
2019-06-14 13:45:14,764 INFO  ipc.CallQueueManager (CallQueueManager.java:<init>(84)) - Using callQueue: class java.util.concurrent.LinkedBlockingQueue, queueCapacity: 2000, scheduler: class org.apache.hadoop.ipc.DefaultRpcScheduler, ipcBackoff: false.
2019-06-14 13:45:14,795 INFO  ipc.Server (Server.java:run(1074)) - Starting Socket Reader #1 for port 44867
2019-06-14 13:45:14,817 INFO  ipc.CallQueueManager (CallQueueManager.java:<init>(84)) - Using callQueue: class java.util.concurrent.LinkedBlockingQueue, queueCapacity: 2000, scheduler: class org.apache.hadoop.ipc.DefaultRpcScheduler, ipcBackoff: false.
2019-06-14 13:45:14,850 INFO  ipc.Server (Server.java:run(1074)) - Starting Socket Reader #1 for port 35401
2019-06-14 13:45:14,858 INFO  ipc.CallQueueManager (CallQueueManager.java:<init>(84)) - Using callQueue: class java.util.concurrent.LinkedBlockingQueue, queueCapacity: 2000, scheduler: class org.apache.hadoop.ipc.DefaultRpcScheduler, ipcBackoff: false.
2019-06-14 13:45:14,862 INFO  ipc.Server (Server.java:run(1074)) - Starting Socket Reader #1 for port 37659
2019-06-14 13:45:14,917 INFO  hdfs.DFSUtil (DFSUtil.java:httpServerTemplateForNNAndJN(1641)) - Starting Web-server for scm at: http://0.0.0.0:0
2019-06-14 13:45:15,100 INFO  server.AuthenticationFilter (AuthenticationFilter.java:constructSecretProvider(240)) - Unable to initialize FileSignerSecretProvider, falling back to use random secrets.
2019-06-14 13:45:15,109 WARN  http.HttpRequestLog (HttpRequestLog.java:getRequestLog(97)) - Jetty request log can only be enabled using Log4j
2019-06-14 13:45:15,118 INFO  http.HttpServer2 (HttpServer2.java:addGlobalFilter(975)) - Added global filter 'safety' (class=org.apache.hadoop.http.HttpServer2$QuotingInputFilter)
2019-06-14 13:45:15,121 INFO  http.HttpServer2 (HttpServer2.java:addFilter(948)) - Added filter static_user_filter (class=org.apache.hadoop.http.lib.StaticUserWebFilter$StaticUserFilter) to context scm
2019-06-14 13:45:15,121 INFO  http.HttpServer2 (HttpServer2.java:addFilter(958)) - Added filter static_user_filter (class=org.apache.hadoop.http.lib.StaticUserWebFilter$StaticUserFilter) to context static
2019-06-14 13:45:15,122 INFO  http.HttpServer2 (HttpServer2.java:addFilter(958)) - Added filter static_user_filter (class=org.apache.hadoop.http.lib.StaticUserWebFilter$StaticUserFilter) to context logs
2019-06-14 13:45:15,151 INFO  server.StorageContainerManager (StorageContainerManager.java:start(752)) - StorageContainerLocationProtocol RPC server is listening at /0.0.0.0:37659
2019-06-14 13:45:15,211 WARN  impl.MetricsConfig (MetricsConfig.java:loadFirst(134)) - Cannot locate configuration: tried hadoop-metrics2-storagecontainermanager.properties,hadoop-metrics2.properties
2019-06-14 13:45:15,226 INFO  impl.MetricsSystemImpl (MetricsSystemImpl.java:startTimer(374)) - Scheduled Metric snapshot period at 10 second(s).
2019-06-14 13:45:15,226 INFO  impl.MetricsSystemImpl (MetricsSystemImpl.java:start(191)) - StorageContainerManager metrics system started
2019-06-14 13:45:15,432 INFO  server.SCMClientProtocolServer (SCMClientProtocolServer.java:start(149)) - RPC server for Client  is listening at /0.0.0.0:37659
2019-06-14 13:45:15,433 INFO  ipc.Server (Server.java:run(1314)) - IPC Server Responder: starting
2019-06-14 13:45:15,434 INFO  ipc.Server (Server.java:run(1153)) - IPC Server listener on 37659: starting
2019-06-14 13:45:15,438 INFO  server.StorageContainerManager (StorageContainerManager.java:start(761)) - ScmBlockLocationProtocol RPC server is listening at /0.0.0.0:35401
2019-06-14 13:45:15,438 INFO  server.SCMBlockProtocolServer (SCMBlockProtocolServer.java:start(137)) - RPC server for Block Protocol is listening at /0.0.0.0:35401
2019-06-14 13:45:15,438 INFO  ipc.Server (Server.java:run(1314)) - IPC Server Responder: starting
2019-06-14 13:45:15,446 INFO  ipc.Server (Server.java:run(1153)) - IPC Server listener on 35401: starting
2019-06-14 13:45:15,449 INFO  server.StorageContainerManager (StorageContainerManager.java:start(765)) - ScmDatanodeProtocl RPC server is listening at /0.0.0.0:44867
2019-06-14 13:45:15,449 INFO  server.SCMDatanodeProtocolServer (SCMDatanodeProtocolServer.java:start(191)) - RPC server for DataNodes is listening at /0.0.0.0:44867
2019-06-14 13:45:15,449 INFO  ipc.Server (Server.java:run(1314)) - IPC Server Responder: starting
2019-06-14 13:45:15,450 INFO  ipc.Server (Server.java:run(1153)) - IPC Server listener on 44867: starting
2019-06-14 13:45:15,459 INFO  http.HttpServer2 (HttpServer2.java:bindListener(1191)) - Jetty bound to port 34133
2019-06-14 13:45:15,461 INFO  server.Server (Server.java:doStart(351)) - jetty-9.3.24.v20180605, build timestamp: 2018-06-05T17:11:56Z, git hash: 84205aa28f11a4f31f2a3b86d1bba2cc8ab69827
2019-06-14 13:45:15,490 INFO  handler.ContextHandler (ContextHandler.java:doStart(781)) - Started o.e.j.s.ServletContextHandler@12c7a01b{/logs,file:///opt/src/hadoop-ozone/integration-test/target/log,AVAILABLE}
2019-06-14 13:45:15,491 INFO  handler.ContextHandler (ContextHandler.java:doStart(781)) - Started o.e.j.s.ServletContextHandler@2826f61{/static,file:///opt/src/hadoop-ozone/integration-test/target/test-classes/webapps/static,AVAILABLE}
2019-06-14 13:45:15,516 INFO  handler.ContextHandler (ContextHandler.java:doStart(781)) - Started o.e.j.w.WebAppContext@37f21974{/,file:///opt/src/hadoop-ozone/integration-test/target/test-classes/webapps/scm/,AVAILABLE}{/scm}
2019-06-14 13:45:15,520 INFO  server.AbstractConnector (AbstractConnector.java:doStart(278)) - Started ServerConnector@5fb97279{HTTP/1.1,[http/1.1]}{0.0.0.0:34133}
2019-06-14 13:45:15,521 INFO  server.Server (Server.java:doStart(419)) - Started @2335ms
2019-06-14 13:45:15,525 INFO  server.BaseHttpServer (BaseHttpServer.java:updateConnectorAddress(207)) - HTTP server of SCM is listening at http://0.0.0.0:34133
2019-06-14 13:45:15,529 DEBUG block.SCMBlockDeletingService (SCMBlockDeletingService.java:call(138)) - Running DeletedBlockTransactionScanner
2019-06-14 13:45:15,535 INFO  util.JvmPauseMonitor (JvmPauseMonitor.java:run(188)) - Starting JVM pause monitor
2019-06-14 13:45:15,537 WARN  scm.ScmUtils (ScmUtils.java:getDBPath(63)) - ozone.om.db.dirs is not configured. We recommend adding this setting. Falling back to ozone.metadata.dirs instead.
2019-06-14 13:45:15,539 DEBUG block.SCMBlockDeletingService (SCMBlockDeletingService.java:call(155)) - Scanned deleted blocks log and got 0 delTX to process.
2019-06-14 13:45:15,622 WARN  scm.ScmUtils (ScmUtils.java:getDBPath(63)) - ozone.om.db.dirs is not configured. We recommend adding this setting. Falling back to ozone.metadata.dirs instead.
2019-06-14 13:45:15,623 INFO  om.OzoneManager (OzoneManager.java:setOMNodeDetails(519)) - OM Service ID is not set. Setting it to the default ID: omServiceIdDefault
2019-06-14 13:45:15,623 INFO  om.OzoneManager (OzoneManager.java:setOMNodeDetails(525)) - OM Node ID is not set. Setting it to the OmStorage's OmID: c6fc4c4b-c73c-47bf-9a01-87a8f72d6454
2019-06-14 13:45:15,625 WARN  scm.HddsServerUtil (HddsServerUtil.java:getDefaultRatisDirectory(354)) - Storage directory for Ratis is not configured. It is a good idea to map this to an SSD disk. Falling back to ozone.metadata.dirs
2019-06-14 13:45:15,625 WARN  scm.HddsServerUtil (HddsServerUtil.java:getDefaultRatisDirectory(354)) - Storage directory for Ratis is not configured. It is a good idea to map this to an SSD disk. Falling back to ozone.metadata.dirs
2019-06-14 13:45:15,626 INFO  om.OzoneManager (OzoneManager.java:loadOMHAConfigs(476)) - Found matching OM address with OMServiceId: null, OMNodeId: null, RPC Address: localhost:0 and Ratis port: 9872
2019-06-14 13:45:15,641 DEBUG block.SCMBlockDeletingService (SCMBlockDeletingService.java:call(138)) - Running DeletedBlockTransactionScanner
2019-06-14 13:45:15,641 DEBUG block.SCMBlockDeletingService (SCMBlockDeletingService.java:call(155)) - Scanned deleted blocks log and got 0 delTX to process.
2019-06-14 13:45:15,741 DEBUG block.SCMBlockDeletingService (SCMBlockDeletingService.java:call(138)) - Running DeletedBlockTransactionScanner
2019-06-14 13:45:15,742 DEBUG block.SCMBlockDeletingService (SCMBlockDeletingService.java:call(155)) - Scanned deleted blocks log and got 0 delTX to process.
2019-06-14 13:45:15,792 WARN  scm.ScmUtils (ScmUtils.java:getDBPath(63)) - ozone.om.db.dirs is not configured. We recommend adding this setting. Falling back to ozone.metadata.dirs instead.
2019-06-14 13:45:15,799 INFO  db.DBStoreBuilder (DBStoreBuilder.java:addTable(110)) - using custom profile for table: userTable
2019-06-14 13:45:15,800 INFO  db.DBStoreBuilder (DBStoreBuilder.java:processTables(161)) - Using default column profile:DBProfile.DISK for Table:userTable
2019-06-14 13:45:15,800 INFO  db.DBStoreBuilder (DBStoreBuilder.java:addTable(110)) - using custom profile for table: volumeTable
2019-06-14 13:45:15,800 INFO  db.DBStoreBuilder (DBStoreBuilder.java:processTables(161)) - Using default column profile:DBProfile.DISK for Table:volumeTable
2019-06-14 13:45:15,800 INFO  db.DBStoreBuilder (DBStoreBuilder.java:addTable(110)) - using custom profile for table: bucketTable
2019-06-14 13:45:15,801 INFO  db.DBStoreBuilder (DBStoreBuilder.java:processTables(161)) - Using default column profile:DBProfile.DISK for Table:bucketTable
2019-06-14 13:45:15,801 INFO  db.DBStoreBuilder (DBStoreBuilder.java:addTable(110)) - using custom profile for table: keyTable
2019-06-14 13:45:15,801 INFO  db.DBStoreBuilder (DBStoreBuilder.java:processTables(161)) - Using default column profile:DBProfile.DISK for Table:keyTable
2019-06-14 13:45:15,801 INFO  db.DBStoreBuilder (DBStoreBuilder.java:addTable(110)) - using custom profile for table: deletedTable
2019-06-14 13:45:15,802 INFO  db.DBStoreBuilder (DBStoreBuilder.java:processTables(161)) - Using default column profile:DBProfile.DISK for Table:deletedTable
2019-06-14 13:45:15,802 INFO  db.DBStoreBuilder (DBStoreBuilder.java:addTable(110)) - using custom profile for table: openKeyTable
2019-06-14 13:45:15,802 INFO  db.DBStoreBuilder (DBStoreBuilder.java:processTables(161)) - Using default column profile:DBProfile.DISK for Table:openKeyTable
2019-06-14 13:45:15,803 INFO  db.DBStoreBuilder (DBStoreBuilder.java:addTable(110)) - using custom profile for table: s3Table
2019-06-14 13:45:15,803 INFO  db.DBStoreBuilder (DBStoreBuilder.java:processTables(161)) - Using default column profile:DBProfile.DISK for Table:s3Table
2019-06-14 13:45:15,803 INFO  db.DBStoreBuilder (DBStoreBuilder.java:addTable(110)) - using custom profile for table: multipartInfoTable
2019-06-14 13:45:15,803 INFO  db.DBStoreBuilder (DBStoreBuilder.java:processTables(161)) - Using default column profile:DBProfile.DISK for Table:multipartInfoTable
2019-06-14 13:45:15,804 INFO  db.DBStoreBuilder (DBStoreBuilder.java:addTable(110)) - using custom profile for table: dTokenTable
2019-06-14 13:45:15,804 INFO  db.DBStoreBuilder (DBStoreBuilder.java:processTables(161)) - Using default column profile:DBProfile.DISK for Table:dTokenTable
2019-06-14 13:45:15,804 INFO  db.DBStoreBuilder (DBStoreBuilder.java:addTable(110)) - using custom profile for table: s3SecretTable
2019-06-14 13:45:15,804 INFO  db.DBStoreBuilder (DBStoreBuilder.java:processTables(161)) - Using default column profile:DBProfile.DISK for Table:s3SecretTable
2019-06-14 13:45:15,805 INFO  db.DBStoreBuilder (DBStoreBuilder.java:addTable(110)) - using custom profile for table: prefixTable
2019-06-14 13:45:15,805 INFO  db.DBStoreBuilder (DBStoreBuilder.java:processTables(161)) - Using default column profile:DBProfile.DISK for Table:prefixTable
2019-06-14 13:45:15,805 INFO  db.DBStoreBuilder (DBStoreBuilder.java:addTable(110)) - using custom profile for table: default
2019-06-14 13:45:15,805 INFO  db.DBStoreBuilder (DBStoreBuilder.java:processTables(167)) - Using default column profile:DBProfile.DISK for Table:default
2019-06-14 13:45:15,806 INFO  db.DBStoreBuilder (DBStoreBuilder.java:getDbProfile(198)) - Using default options. DBProfile.DISK
2019-06-14 13:45:15,842 DEBUG block.SCMBlockDeletingService (SCMBlockDeletingService.java:call(138)) - Running DeletedBlockTransactionScanner
2019-06-14 13:45:15,842 DEBUG block.SCMBlockDeletingService (SCMBlockDeletingService.java:call(155)) - Scanned deleted blocks log and got 0 delTX to process.
2019-06-14 13:45:15,943 DEBUG block.SCMBlockDeletingService (SCMBlockDeletingService.java:call(138)) - Running DeletedBlockTransactionScanner
2019-06-14 13:45:15,943 DEBUG block.SCMBlockDeletingService (SCMBlockDeletingService.java:call(155)) - Scanned deleted blocks log and got 0 delTX to process.
2019-06-14 13:45:16,047 DEBUG block.SCMBlockDeletingService (SCMBlockDeletingService.java:call(138)) - Running DeletedBlockTransactionScanner
2019-06-14 13:45:16,048 DEBUG block.SCMBlockDeletingService (SCMBlockDeletingService.java:call(155)) - Scanned deleted blocks log and got 0 delTX to process.
2019-06-14 13:45:16,148 DEBUG block.SCMBlockDeletingService (SCMBlockDeletingService.java:call(138)) - Running DeletedBlockTransactionScanner
2019-06-14 13:45:16,149 DEBUG block.SCMBlockDeletingService (SCMBlockDeletingService.java:call(155)) - Scanned deleted blocks log and got 0 delTX to process.
2019-06-14 13:45:16,249 DEBUG block.SCMBlockDeletingService (SCMBlockDeletingService.java:call(138)) - Running DeletedBlockTransactionScanner
2019-06-14 13:45:16,249 DEBUG block.SCMBlockDeletingService (SCMBlockDeletingService.java:call(155)) - Scanned deleted blocks log and got 0 delTX to process.
2019-06-14 13:45:16,350 DEBUG block.SCMBlockDeletingService (SCMBlockDeletingService.java:call(138)) - Running DeletedBlockTransactionScanner
2019-06-14 13:45:16,350 DEBUG block.SCMBlockDeletingService (SCMBlockDeletingService.java:call(155)) - Scanned deleted blocks log and got 0 delTX to process.
2019-06-14 13:45:16,367 INFO  ipc.CallQueueManager (CallQueueManager.java:<init>(84)) - Using callQueue: class java.util.concurrent.LinkedBlockingQueue, queueCapacity: 2000, scheduler: class org.apache.hadoop.ipc.DefaultRpcScheduler, ipcBackoff: false.
2019-06-14 13:45:16,367 INFO  ipc.Server (Server.java:run(1074)) - Starting Socket Reader #1 for port 32979
2019-06-14 13:45:16,398 WARN  scm.ScmUtils (ScmUtils.java:getDBPath(63)) - ozone.om.db.dirs is not configured. We recommend adding this setting. Falling back to ozone.metadata.dirs instead.
2019-06-14 13:45:16,398 INFO  om.OzoneManager (OzoneManager.java:start(1217)) - OzoneManager RPC server is listening at localhost/127.0.0.1:32979
2019-06-14 13:45:16,398 INFO  impl.MetricsSystemImpl (MetricsSystemImpl.java:init(158)) - OzoneManager metrics system started (again)
2019-06-14 13:45:16,400 INFO  ipc.Server (Server.java:run(1314)) - IPC Server Responder: starting
2019-06-14 13:45:16,402 INFO  ipc.Server (Server.java:run(1153)) - IPC Server listener on 32979: starting
2019-06-14 13:45:16,419 INFO  hdfs.DFSUtil (DFSUtil.java:httpServerTemplateForNNAndJN(1641)) - Starting Web-server for ozoneManager at: http://0.0.0.0:0
2019-06-14 13:45:16,420 INFO  server.AuthenticationFilter (AuthenticationFilter.java:constructSecretProvider(240)) - Unable to initialize FileSignerSecretProvider, falling back to use random secrets.
2019-06-14 13:45:16,421 WARN  http.HttpRequestLog (HttpRequestLog.java:getRequestLog(97)) - Jetty request log can only be enabled using Log4j
2019-06-14 13:45:16,424 INFO  http.HttpServer2 (HttpServer2.java:addGlobalFilter(975)) - Added global filter 'safety' (class=org.apache.hadoop.http.HttpServer2$QuotingInputFilter)
2019-06-14 13:45:16,425 INFO  http.HttpServer2 (HttpServer2.java:addFilter(948)) - Added filter static_user_filter (class=org.apache.hadoop.http.lib.StaticUserWebFilter$StaticUserFilter) to context ozoneManager
2019-06-14 13:45:16,425 INFO  http.HttpServer2 (HttpServer2.java:addFilter(958)) - Added filter static_user_filter (class=org.apache.hadoop.http.lib.StaticUserWebFilter$StaticUserFilter) to context logs
2019-06-14 13:45:16,425 INFO  http.HttpServer2 (HttpServer2.java:addFilter(958)) - Added filter static_user_filter (class=org.apache.hadoop.http.lib.StaticUserWebFilter$StaticUserFilter) to context static
2019-06-14 13:45:16,427 INFO  http.HttpServer2 (HttpServer2.java:bindListener(1191)) - Jetty bound to port 40027
2019-06-14 13:45:16,427 INFO  server.Server (Server.java:doStart(351)) - jetty-9.3.24.v20180605, build timestamp: 2018-06-05T17:11:56Z, git hash: 84205aa28f11a4f31f2a3b86d1bba2cc8ab69827
2019-06-14 13:45:16,438 INFO  handler.ContextHandler (ContextHandler.java:doStart(781)) - Started o.e.j.s.ServletContextHandler@378bd86d{/logs,file:///opt/src/hadoop-ozone/integration-test/target/log,AVAILABLE}
2019-06-14 13:45:16,439 INFO  handler.ContextHandler (ContextHandler.java:doStart(781)) - Started o.e.j.s.ServletContextHandler@69b2f8e5{/static,file:///opt/src/hadoop-ozone/integration-test/target/test-classes/webapps/static,AVAILABLE}
2019-06-14 13:45:16,446 INFO  handler.ContextHandler (ContextHandler.java:doStart(781)) - Started o.e.j.w.WebAppContext@43b0ade{/,file:///opt/src/hadoop-ozone/integration-test/target/test-classes/webapps/ozoneManager/,AVAILABLE}{/ozoneManager}
2019-06-14 13:45:16,447 INFO  server.AbstractConnector (AbstractConnector.java:doStart(278)) - Started ServerConnector@5395ea39{HTTP/1.1,[http/1.1]}{0.0.0.0:40027}
2019-06-14 13:45:16,447 INFO  server.Server (Server.java:doStart(419)) - Started @3262ms
2019-06-14 13:45:16,449 INFO  server.BaseHttpServer (BaseHttpServer.java:updateConnectorAddress(207)) - HTTP server of OZONEMANAGER is listening at http://0.0.0.0:40027
2019-06-14 13:45:16,451 DEBUG block.SCMBlockDeletingService (SCMBlockDeletingService.java:call(138)) - Running DeletedBlockTransactionScanner
2019-06-14 13:45:16,451 DEBUG block.SCMBlockDeletingService (SCMBlockDeletingService.java:call(155)) - Scanned deleted blocks log and got 0 delTX to process.
2019-06-14 13:45:16,551 DEBUG block.SCMBlockDeletingService (SCMBlockDeletingService.java:call(138)) - Running DeletedBlockTransactionScanner
2019-06-14 13:45:16,552 DEBUG block.SCMBlockDeletingService (SCMBlockDeletingService.java:call(155)) - Scanned deleted blocks log and got 0 delTX to process.
2019-06-14 13:45:16,611 INFO  impl.MetricsSystemImpl (MetricsSystemImpl.java:init(158)) - HddsDatanode metrics system started (again)
2019-06-14 13:45:16,747 DEBUG block.SCMBlockDeletingService (SCMBlockDeletingService.java:call(138)) - Running DeletedBlockTransactionScanner
2019-06-14 13:45:16,747 DEBUG block.SCMBlockDeletingService (SCMBlockDeletingService.java:call(155)) - Scanned deleted blocks log and got 0 delTX to process.
2019-06-14 13:45:16,832 INFO  ozone.HddsDatanodeService (HddsDatanodeService.java:start(185)) - HddsDatanodeService host:ozone-rlb7g-142518227 ip:192.168.134.77
2019-06-14 13:45:16,848 DEBUG block.SCMBlockDeletingService (SCMBlockDeletingService.java:call(138)) - Running DeletedBlockTransactionScanner
2019-06-14 13:45:16,848 DEBUG block.SCMBlockDeletingService (SCMBlockDeletingService.java:call(155)) - Scanned deleted blocks log and got 0 delTX to process.
2019-06-14 13:45:16,874 INFO  volume.HddsVolume (HddsVolume.java:<init>(176)) - Creating Volume: /opt/src/hadoop-ozone/integration-test/target/test-dir/MiniOzoneClusterImpl-8919240e-7e15-4dbf-8bf4-c210578586bb/datanode-0/data/containers/hdds of  storage type : DISK and capacity : 104021790720
2019-06-14 13:45:16,876 INFO  volume.VolumeSet (VolumeSet.java:initializeVolumeSet(170)) - Added Volume : /opt/src/hadoop-ozone/integration-test/target/test-dir/MiniOzoneClusterImpl-8919240e-7e15-4dbf-8bf4-c210578586bb/datanode-0/data/containers/hdds to VolumeSet
2019-06-14 13:45:16,879 INFO  volume.ThrottledAsyncChecker (ThrottledAsyncChecker.java:schedule(140)) - Scheduling a check for org.apache.hadoop.ozone.container.common.volume.HddsVolume@ae7950d
2019-06-14 13:45:16,900 INFO  volume.HddsVolumeChecker (HddsVolumeChecker.java:checkAllVolumes(203)) - Scheduled health check for volume org.apache.hadoop.ozone.container.common.volume.HddsVolume@ae7950d
2019-06-14 13:45:16,946 INFO  ratis.XceiverServerRatis (XceiverServerRatis.java:newXceiverServerRatis(401)) - Found a free port for the server : 36517
2019-06-14 13:45:16,949 DEBUG block.SCMBlockDeletingService (SCMBlockDeletingService.java:call(138)) - Running DeletedBlockTransactionScanner
2019-06-14 13:45:16,949 DEBUG block.SCMBlockDeletingService (SCMBlockDeletingService.java:call(155)) - Scanned deleted blocks log and got 0 delTX to process.
2019-06-14 13:45:17,011 INFO  impl.RaftServerProxy (ConfUtils.java:logGet(43)) - raft.rpc.type = GRPC (default)
2019-06-14 13:45:17,021 INFO  grpc.GrpcConfigKeys$Server (ConfUtils.java:logGet(43)) - raft.grpc.server.port = 36517 (custom)
2019-06-14 13:45:17,022 INFO  server.GrpcService (ConfUtils.java:logGet(43)) - raft.grpc.message.size.max = 33570816 (custom)
2019-06-14 13:45:17,023 INFO  server.RaftServerConfigKeys (ConfUtils.java:logGet(43)) - raft.server.log.appender.buffer.byte-limit = 33554432 (custom)
2019-06-14 13:45:17,024 INFO  server.GrpcService (ConfUtils.java:logGet(43)) - raft.grpc.flow.control.window = 1MB (=1048576) (default)
2019-06-14 13:45:17,025 INFO  server.RaftServerConfigKeys (ConfUtils.java:logGet(43)) - raft.server.rpc.request.timeout = 3000ms (default)
2019-06-14 13:45:17,049 DEBUG block.SCMBlockDeletingService (SCMBlockDeletingService.java:call(138)) - Running DeletedBlockTransactionScanner
2019-06-14 13:45:17,050 DEBUG block.SCMBlockDeletingService (SCMBlockDeletingService.java:call(155)) - Scanned deleted blocks log and got 0 delTX to process.
2019-06-14 13:45:17,150 DEBUG block.SCMBlockDeletingService (SCMBlockDeletingService.java:call(138)) - Running DeletedBlockTransactionScanner
2019-06-14 13:45:17,150 DEBUG block.SCMBlockDeletingService (SCMBlockDeletingService.java:call(155)) - Scanned deleted blocks log and got 0 delTX to process.
2019-06-14 13:45:17,183 INFO  server.RaftServerConfigKeys (ConfUtils.java:logGet(43)) - raft.server.storage.dir = [/opt/src/hadoop-ozone/integration-test/target/test-dir/MiniOzoneClusterImpl-8919240e-7e15-4dbf-8bf4-c210578586bb/datanode-0/data/ratis] (custom)
2019-06-14 13:45:17,189 INFO  server.XceiverServerGrpc (XceiverServerGrpc.java:<init>(97)) - Found a free port for the server : 36961
2019-06-14 13:45:17,219 INFO  replication.SimpleContainerDownloader (SimpleContainerDownloader.java:<init>(72)) - Starting container downloader service to copy containers to replicate.
2019-06-14 13:45:17,233 INFO  hdfs.DFSUtil (DFSUtil.java:httpServerTemplateForNNAndJN(1641)) - Starting Web-server for hddsDatanode at: http://0.0.0.0:0
2019-06-14 13:45:17,234 INFO  server.AuthenticationFilter (AuthenticationFilter.java:constructSecretProvider(240)) - Unable to initialize FileSignerSecretProvider, falling back to use random secrets.
2019-06-14 13:45:17,235 WARN  http.HttpRequestLog (HttpRequestLog.java:getRequestLog(97)) - Jetty request log can only be enabled using Log4j
2019-06-14 13:45:17,237 INFO  http.HttpServer2 (HttpServer2.java:addGlobalFilter(975)) - Added global filter 'safety' (class=org.apache.hadoop.http.HttpServer2$QuotingInputFilter)
2019-06-14 13:45:17,238 INFO  http.HttpServer2 (HttpServer2.java:addFilter(948)) - Added filter static_user_filter (class=org.apache.hadoop.http.lib.StaticUserWebFilter$StaticUserFilter) to context hddsDatanode
2019-06-14 13:45:17,238 INFO  http.HttpServer2 (HttpServer2.java:addFilter(958)) - Added filter static_user_filter (class=org.apache.hadoop.http.lib.StaticUserWebFilter$StaticUserFilter) to context logs
2019-06-14 13:45:17,238 INFO  http.HttpServer2 (HttpServer2.java:addFilter(958)) - Added filter static_user_filter (class=org.apache.hadoop.http.lib.StaticUserWebFilter$StaticUserFilter) to context static
2019-06-14 13:45:17,239 INFO  http.HttpServer2 (HttpServer2.java:bindListener(1191)) - Jetty bound to port 35539
2019-06-14 13:45:17,239 INFO  server.Server (Server.java:doStart(351)) - jetty-9.3.24.v20180605, build timestamp: 2018-06-05T17:11:56Z, git hash: 84205aa28f11a4f31f2a3b86d1bba2cc8ab69827
2019-06-14 13:45:17,250 INFO  handler.ContextHandler (ContextHandler.java:doStart(781)) - Started o.e.j.s.ServletContextHandler@6438a7fe{/logs,file:///opt/src/hadoop-ozone/integration-test/target/log,AVAILABLE}
2019-06-14 13:45:17,251 INFO  handler.ContextHandler (ContextHandler.java:doStart(781)) - Started o.e.j.s.ServletContextHandler@4f5f6e45{/static,jar:file:/root/.m2/repository/org/apache/hadoop/hadoop-hdds-container-service/0.5.0-SNAPSHOT/hadoop-hdds-container-service-0.5.0-SNAPSHOT.jar!/webapps/static,AVAILABLE}
2019-06-14 13:45:17,251 DEBUG block.SCMBlockDeletingService (SCMBlockDeletingService.java:call(138)) - Running DeletedBlockTransactionScanner
2019-06-14 13:45:17,251 DEBUG block.SCMBlockDeletingService (SCMBlockDeletingService.java:call(155)) - Scanned deleted blocks log and got 0 delTX to process.
2019-06-14 13:45:17,287 INFO  handler.ContextHandler (ContextHandler.java:doStart(781)) - Started o.e.j.w.WebAppContext@36c0d0bd{/,file:///tmp/jetty-0.0.0.0-35539-hddsDatanode-_-any-6997000727904751177.dir/webapp/,AVAILABLE}{/hddsDatanode}
2019-06-14 13:45:17,288 INFO  server.AbstractConnector (AbstractConnector.java:doStart(278)) - Started ServerConnector@5e1fc2aa{HTTP/1.1,[http/1.1]}{0.0.0.0:35539}
2019-06-14 13:45:17,288 INFO  server.Server (Server.java:doStart(419)) - Started @4102ms
2019-06-14 13:45:17,293 INFO  server.BaseHttpServer (BaseHttpServer.java:updateConnectorAddress(207)) - HTTP server of HDDSDATANODE is listening at http://0.0.0.0:35539
2019-06-14 13:45:17,352 DEBUG block.SCMBlockDeletingService (SCMBlockDeletingService.java:call(138)) - Running DeletedBlockTransactionScanner
2019-06-14 13:45:17,352 DEBUG block.SCMBlockDeletingService (SCMBlockDeletingService.java:call(155)) - Scanned deleted blocks log and got 0 delTX to process.
2019-06-14 13:45:17,453 DEBUG block.SCMBlockDeletingService (SCMBlockDeletingService.java:call(138)) - Running DeletedBlockTransactionScanner
2019-06-14 13:45:17,453 DEBUG block.SCMBlockDeletingService (SCMBlockDeletingService.java:call(155)) - Scanned deleted blocks log and got 0 delTX to process.
2019-06-14 13:45:17,554 DEBUG block.SCMBlockDeletingService (SCMBlockDeletingService.java:call(138)) - Running DeletedBlockTransactionScanner
2019-06-14 13:45:17,554 DEBUG block.SCMBlockDeletingService (SCMBlockDeletingService.java:call(155)) - Scanned deleted blocks log and got 0 delTX to process.
2019-06-14 13:45:17,655 DEBUG block.SCMBlockDeletingService (SCMBlockDeletingService.java:call(138)) - Running DeletedBlockTransactionScanner
2019-06-14 13:45:17,655 DEBUG block.SCMBlockDeletingService (SCMBlockDeletingService.java:call(155)) - Scanned deleted blocks log and got 0 delTX to process.
2019-06-14 13:45:17,757 DEBUG block.SCMBlockDeletingService (SCMBlockDeletingService.java:call(138)) - Running DeletedBlockTransactionScanner
2019-06-14 13:45:17,758 DEBUG block.SCMBlockDeletingService (SCMBlockDeletingService.java:call(155)) - Scanned deleted blocks log and got 0 delTX to process.
2019-06-14 13:45:17,868 DEBUG block.SCMBlockDeletingService (SCMBlockDeletingService.java:call(138)) - Running DeletedBlockTransactionScanner
2019-06-14 13:45:17,868 DEBUG block.SCMBlockDeletingService (SCMBlockDeletingService.java:call(155)) - Scanned deleted blocks log and got 0 delTX to process.
2019-06-14 13:45:17,969 DEBUG block.SCMBlockDeletingService (SCMBlockDeletingService.java:call(138)) - Running DeletedBlockTransactionScanner
2019-06-14 13:45:17,969 DEBUG block.SCMBlockDeletingService (SCMBlockDeletingService.java:call(155)) - Scanned deleted blocks log and got 0 delTX to process.
2019-06-14 13:45:18,071 DEBUG block.SCMBlockDeletingService (SCMBlockDeletingService.java:call(138)) - Running DeletedBlockTransactionScanner
2019-06-14 13:45:18,071 DEBUG block.SCMBlockDeletingService (SCMBlockDeletingService.java:call(155)) - Scanned deleted blocks log and got 0 delTX to process.
2019-06-14 13:45:18,171 DEBUG block.SCMBlockDeletingService (SCMBlockDeletingService.java:call(138)) - Running DeletedBlockTransactionScanner
2019-06-14 13:45:18,172 DEBUG block.SCMBlockDeletingService (SCMBlockDeletingService.java:call(155)) - Scanned deleted blocks log and got 0 delTX to process.
2019-06-14 13:45:18,272 DEBUG block.SCMBlockDeletingService (SCMBlockDeletingService.java:call(138)) - Running DeletedBlockTransactionScanner
2019-06-14 13:45:18,272 DEBUG block.SCMBlockDeletingService (SCMBlockDeletingService.java:call(155)) - Scanned deleted blocks log and got 0 delTX to process.
2019-06-14 13:45:18,373 DEBUG block.SCMBlockDeletingService (SCMBlockDeletingService.java:call(138)) - Running DeletedBlockTransactionScanner
2019-06-14 13:45:18,373 DEBUG block.SCMBlockDeletingService (SCMBlockDeletingService.java:call(155)) - Scanned deleted blocks log and got 0 delTX to process.
2019-06-14 13:45:18,436 INFO  ozone.HddsDatanodeService (HddsDatanodeService.java:startPlugins(396)) - Started plug-in org.apache.hadoop.ozone.web.OzoneHddsDatanodeService@433d9680
2019-06-14 13:45:18,437 INFO  ozone.MiniOzoneClusterImpl (MiniOzoneClusterImpl.java:lambda$waitForClusterToBeReady$0(142)) - Waiting for cluster to be ready. Got 0 of 1 DN Heartbeats.
2019-06-14 13:45:18,442 INFO  util.JvmPauseMonitor (JvmPauseMonitor.java:run(188)) - Starting JVM pause monitor
2019-06-14 13:45:18,474 DEBUG block.SCMBlockDeletingService (SCMBlockDeletingService.java:call(138)) - Running DeletedBlockTransactionScanner
2019-06-14 13:45:18,474 DEBUG block.SCMBlockDeletingService (SCMBlockDeletingService.java:call(155)) - Scanned deleted blocks log and got 0 delTX to process.
2019-06-14 13:45:18,537 INFO  datanode.InitDatanodeState (InitDatanodeState.java:persistContainerDatanodeDetails(140)) - DatanodeDetails is persisted to /opt/src/hadoop-ozone/integration-test/target/test-dir/MiniOzoneClusterImpl-8919240e-7e15-4dbf-8bf4-c210578586bb/datanode-0/meta/datanode.id
2019-06-14 13:45:18,574 DEBUG block.SCMBlockDeletingService (SCMBlockDeletingService.java:call(138)) - Running DeletedBlockTransactionScanner
2019-06-14 13:45:18,575 DEBUG block.SCMBlockDeletingService (SCMBlockDeletingService.java:call(155)) - Scanned deleted blocks log and got 0 delTX to process.
2019-06-14 13:45:18,675 DEBUG block.SCMBlockDeletingService (SCMBlockDeletingService.java:call(138)) - Running DeletedBlockTransactionScanner
2019-06-14 13:45:18,675 DEBUG block.SCMBlockDeletingService (SCMBlockDeletingService.java:call(155)) - Scanned deleted blocks log and got 0 delTX to process.
2019-06-14 13:45:18,775 DEBUG block.SCMBlockDeletingService (SCMBlockDeletingService.java:call(138)) - Running DeletedBlockTransactionScanner
2019-06-14 13:45:18,776 DEBUG block.SCMBlockDeletingService (SCMBlockDeletingService.java:call(155)) - Scanned deleted blocks log and got 0 delTX to process.
2019-06-14 13:45:18,876 DEBUG block.SCMBlockDeletingService (SCMBlockDeletingService.java:call(138)) - Running DeletedBlockTransactionScanner
2019-06-14 13:45:18,876 DEBUG block.SCMBlockDeletingService (SCMBlockDeletingService.java:call(155)) - Scanned deleted blocks log and got 0 delTX to process.
2019-06-14 13:45:18,977 DEBUG block.SCMBlockDeletingService (SCMBlockDeletingService.java:call(138)) - Running DeletedBlockTransactionScanner
2019-06-14 13:45:18,977 DEBUG block.SCMBlockDeletingService (SCMBlockDeletingService.java:call(155)) - Scanned deleted blocks log and got 0 delTX to process.
2019-06-14 13:45:19,077 DEBUG block.SCMBlockDeletingService (SCMBlockDeletingService.java:call(138)) - Running DeletedBlockTransactionScanner
2019-06-14 13:45:19,078 DEBUG block.SCMBlockDeletingService (SCMBlockDeletingService.java:call(155)) - Scanned deleted blocks log and got 0 delTX to process.
2019-06-14 13:45:19,178 DEBUG block.SCMBlockDeletingService (SCMBlockDeletingService.java:call(138)) - Running DeletedBlockTransactionScanner
2019-06-14 13:45:19,178 DEBUG block.SCMBlockDeletingService (SCMBlockDeletingService.java:call(155)) - Scanned deleted blocks log and got 0 delTX to process.
2019-06-14 13:45:19,279 DEBUG block.SCMBlockDeletingService (SCMBlockDeletingService.java:call(138)) - Running DeletedBlockTransactionScanner
2019-06-14 13:45:19,279 DEBUG block.SCMBlockDeletingService (SCMBlockDeletingService.java:call(155)) - Scanned deleted blocks log and got 0 delTX to process.
2019-06-14 13:45:19,379 DEBUG block.SCMBlockDeletingService (SCMBlockDeletingService.java:call(138)) - Running DeletedBlockTransactionScanner
2019-06-14 13:45:19,380 DEBUG block.SCMBlockDeletingService (SCMBlockDeletingService.java:call(155)) - Scanned deleted blocks log and got 0 delTX to process.
2019-06-14 13:45:19,438 INFO  ozone.MiniOzoneClusterImpl (MiniOzoneClusterImpl.java:lambda$waitForClusterToBeReady$0(142)) - Waiting for cluster to be ready. Got 0 of 1 DN Heartbeats.
2019-06-14 13:45:19,480 DEBUG block.SCMBlockDeletingService (SCMBlockDeletingService.java:call(138)) - Running DeletedBlockTransactionScanner
2019-06-14 13:45:19,481 DEBUG block.SCMBlockDeletingService (SCMBlockDeletingService.java:call(155)) - Scanned deleted blocks log and got 0 delTX to process.
2019-06-14 13:45:19,581 DEBUG block.SCMBlockDeletingService (SCMBlockDeletingService.java:call(138)) - Running DeletedBlockTransactionScanner
2019-06-14 13:45:19,582 DEBUG block.SCMBlockDeletingService (SCMBlockDeletingService.java:call(155)) - Scanned deleted blocks log and got 0 delTX to process.
2019-06-14 13:45:19,682 DEBUG block.SCMBlockDeletingService (SCMBlockDeletingService.java:call(138)) - Running DeletedBlockTransactionScanner
2019-06-14 13:45:19,682 DEBUG block.SCMBlockDeletingService (SCMBlockDeletingService.java:call(155)) - Scanned deleted blocks log and got 0 delTX to process.
2019-06-14 13:45:19,783 DEBUG block.SCMBlockDeletingService (SCMBlockDeletingService.java:call(138)) - Running DeletedBlockTransactionScanner
2019-06-14 13:45:19,783 DEBUG block.SCMBlockDeletingService (SCMBlockDeletingService.java:call(155)) - Scanned deleted blocks log and got 0 delTX to process.
2019-06-14 13:45:19,883 DEBUG block.SCMBlockDeletingService (SCMBlockDeletingService.java:call(138)) - Running DeletedBlockTransactionScanner
2019-06-14 13:45:19,884 DEBUG block.SCMBlockDeletingService (SCMBlockDeletingService.java:call(155)) - Scanned deleted blocks log and got 0 delTX to process.
2019-06-14 13:45:19,984 DEBUG block.SCMBlockDeletingService (SCMBlockDeletingService.java:call(138)) - Running DeletedBlockTransactionScanner
2019-06-14 13:45:19,984 DEBUG block.SCMBlockDeletingService (SCMBlockDeletingService.java:call(155)) - Scanned deleted blocks log and got 0 delTX to process.
2019-06-14 13:45:20,084 DEBUG block.SCMBlockDeletingService (SCMBlockDeletingService.java:call(138)) - Running DeletedBlockTransactionScanner
2019-06-14 13:45:20,085 DEBUG block.SCMBlockDeletingService (SCMBlockDeletingService.java:call(155)) - Scanned deleted blocks log and got 0 delTX to process.
2019-06-14 13:45:20,185 DEBUG block.SCMBlockDeletingService (SCMBlockDeletingService.java:call(138)) - Running DeletedBlockTransactionScanner
2019-06-14 13:45:20,185 DEBUG block.SCMBlockDeletingService (SCMBlockDeletingService.java:call(155)) - Scanned deleted blocks log and got 0 delTX to process.
2019-06-14 13:45:20,286 DEBUG block.SCMBlockDeletingService (SCMBlockDeletingService.java:call(138)) - Running DeletedBlockTransactionScanner
2019-06-14 13:45:20,286 DEBUG block.SCMBlockDeletingService (SCMBlockDeletingService.java:call(155)) - Scanned deleted blocks log and got 0 delTX to process.
2019-06-14 13:45:20,387 DEBUG block.SCMBlockDeletingService (SCMBlockDeletingService.java:call(138)) - Running DeletedBlockTransactionScanner
2019-06-14 13:45:20,387 DEBUG block.SCMBlockDeletingService (SCMBlockDeletingService.java:call(155)) - Scanned deleted blocks log and got 0 delTX to process.
2019-06-14 13:45:20,438 INFO  ozone.MiniOzoneClusterImpl (MiniOzoneClusterImpl.java:lambda$waitForClusterToBeReady$0(142)) - Waiting for cluster to be ready. Got 0 of 1 DN Heartbeats.
2019-06-14 13:45:20,482 INFO  ozoneimpl.OzoneContainer (OzoneContainer.java:start(186)) - Attempting to start container services.
2019-06-14 13:45:20,482 INFO  ozoneimpl.OzoneContainer (OzoneContainer.java:startContainerScrub(160)) - Background container scrubber has been disabled by hdds.containerscrub.enabled
2019-06-14 13:45:20,482 INFO  ratis.XceiverServerRatis (XceiverServerRatis.java:start(418)) - Starting XceiverServerRatis 0c156e3c-57cc-425b-90ef-9bcaa62a7535 at port 36517
2019-06-14 13:45:20,487 DEBUG block.SCMBlockDeletingService (SCMBlockDeletingService.java:call(138)) - Running DeletedBlockTransactionScanner
2019-06-14 13:45:20,488 DEBUG block.SCMBlockDeletingService (SCMBlockDeletingService.java:call(155)) - Scanned deleted blocks log and got 0 delTX to process.
2019-06-14 13:45:20,499 INFO  impl.RaftServerProxy (RaftServerProxy.java:lambda$start$3(299)) - 0c156e3c-57cc-425b-90ef-9bcaa62a7535: start RPC server
2019-06-14 13:45:20,588 DEBUG block.SCMBlockDeletingService (SCMBlockDeletingService.java:call(138)) - Running DeletedBlockTransactionScanner
2019-06-14 13:45:20,588 DEBUG block.SCMBlockDeletingService (SCMBlockDeletingService.java:call(155)) - Scanned deleted blocks log and got 0 delTX to process.
2019-06-14 13:45:20,677 INFO  server.GrpcService (GrpcService.java:startImpl(148)) - 0c156e3c-57cc-425b-90ef-9bcaa62a7535: GrpcService started, listening on 0.0.0.0/0.0.0.0:36517
2019-06-14 13:45:20,689 DEBUG block.SCMBlockDeletingService (SCMBlockDeletingService.java:call(138)) - Running DeletedBlockTransactionScanner
2019-06-14 13:45:20,689 DEBUG block.SCMBlockDeletingService (SCMBlockDeletingService.java:call(155)) - Scanned deleted blocks log and got 0 delTX to process.
2019-06-14 13:45:20,789 DEBUG block.SCMBlockDeletingService (SCMBlockDeletingService.java:call(138)) - Running DeletedBlockTransactionScanner
2019-06-14 13:45:20,790 DEBUG block.SCMBlockDeletingService (SCMBlockDeletingService.java:call(155)) - Scanned deleted blocks log and got 0 delTX to process.
2019-06-14 13:45:20,890 DEBUG block.SCMBlockDeletingService (SCMBlockDeletingService.java:call(138)) - Running DeletedBlockTransactionScanner
2019-06-14 13:45:20,890 DEBUG block.SCMBlockDeletingService (SCMBlockDeletingService.java:call(155)) - Scanned deleted blocks log and got 0 delTX to process.
2019-06-14 13:45:20,991 DEBUG block.SCMBlockDeletingService (SCMBlockDeletingService.java:call(138)) - Running DeletedBlockTransactionScanner
2019-06-14 13:45:20,991 DEBUG block.SCMBlockDeletingService (SCMBlockDeletingService.java:call(155)) - Scanned deleted blocks log and got 0 delTX to process.
2019-06-14 13:45:21,091 DEBUG block.SCMBlockDeletingService (SCMBlockDeletingService.java:call(138)) - Running DeletedBlockTransactionScanner
2019-06-14 13:45:21,092 DEBUG block.SCMBlockDeletingService (SCMBlockDeletingService.java:call(155)) - Scanned deleted blocks log and got 0 delTX to process.
2019-06-14 13:45:21,192 DEBUG block.SCMBlockDeletingService (SCMBlockDeletingService.java:call(138)) - Running DeletedBlockTransactionScanner
2019-06-14 13:45:21,192 DEBUG block.SCMBlockDeletingService (SCMBlockDeletingService.java:call(155)) - Scanned deleted blocks log and got 0 delTX to process.
2019-06-14 13:45:21,292 DEBUG block.SCMBlockDeletingService (SCMBlockDeletingService.java:call(138)) - Running DeletedBlockTransactionScanner
2019-06-14 13:45:21,293 DEBUG block.SCMBlockDeletingService (SCMBlockDeletingService.java:call(155)) - Scanned deleted blocks log and got 0 delTX to process.
2019-06-14 13:45:21,393 DEBUG block.SCMBlockDeletingService (SCMBlockDeletingService.java:call(138)) - Running DeletedBlockTransactionScanner
2019-06-14 13:45:21,393 DEBUG block.SCMBlockDeletingService (SCMBlockDeletingService.java:call(155)) - Scanned deleted blocks log and got 0 delTX to process.
2019-06-14 13:45:21,439 INFO  ozone.MiniOzoneClusterImpl (MiniOzoneClusterImpl.java:lambda$waitForClusterToBeReady$0(142)) - Waiting for cluster to be ready. Got 0 of 1 DN Heartbeats.
2019-06-14 13:45:21,494 DEBUG block.SCMBlockDeletingService (SCMBlockDeletingService.java:call(138)) - Running DeletedBlockTransactionScanner
2019-06-14 13:45:21,494 DEBUG block.SCMBlockDeletingService (SCMBlockDeletingService.java:call(155)) - Scanned deleted blocks log and got 0 delTX to process.
2019-06-14 13:45:21,594 DEBUG block.SCMBlockDeletingService (SCMBlockDeletingService.java:call(138)) - Running DeletedBlockTransactionScanner
2019-06-14 13:45:21,595 DEBUG block.SCMBlockDeletingService (SCMBlockDeletingService.java:call(155)) - Scanned deleted blocks log and got 0 delTX to process.
2019-06-14 13:45:21,695 DEBUG block.SCMBlockDeletingService (SCMBlockDeletingService.java:call(138)) - Running DeletedBlockTransactionScanner
2019-06-14 13:45:21,695 DEBUG block.SCMBlockDeletingService (SCMBlockDeletingService.java:call(155)) - Scanned deleted blocks log and got 0 delTX to process.
2019-06-14 13:45:21,795 DEBUG block.SCMBlockDeletingService (SCMBlockDeletingService.java:call(138)) - Running DeletedBlockTransactionScanner
2019-06-14 13:45:21,796 DEBUG block.SCMBlockDeletingService (SCMBlockDeletingService.java:call(155)) - Scanned deleted blocks log and got 0 delTX to process.
2019-06-14 13:45:21,896 DEBUG block.SCMBlockDeletingService (SCMBlockDeletingService.java:call(138)) - Running DeletedBlockTransactionScanner
2019-06-14 13:45:21,896 DEBUG block.SCMBlockDeletingService (SCMBlockDeletingService.java:call(155)) - Scanned deleted blocks log and got 0 delTX to process.
2019-06-14 13:45:21,997 DEBUG block.SCMBlockDeletingService (SCMBlockDeletingService.java:call(138)) - Running DeletedBlockTransactionScanner
2019-06-14 13:45:21,997 DEBUG block.SCMBlockDeletingService (SCMBlockDeletingService.java:call(155)) - Scanned deleted blocks log and got 0 delTX to process.
2019-06-14 13:45:22,097 DEBUG block.SCMBlockDeletingService (SCMBlockDeletingService.java:call(138)) - Running DeletedBlockTransactionScanner
2019-06-14 13:45:22,098 DEBUG block.SCMBlockDeletingService (SCMBlockDeletingService.java:call(155)) - Scanned deleted blocks log and got 0 delTX to process.
2019-06-14 13:45:22,198 DEBUG block.SCMBlockDeletingService (SCMBlockDeletingService.java:call(138)) - Running DeletedBlockTransactionScanner
2019-06-14 13:45:22,198 DEBUG block.SCMBlockDeletingService (SCMBlockDeletingService.java:call(155)) - Scanned deleted blocks log and got 0 delTX to process.
2019-06-14 13:45:22,299 DEBUG block.SCMBlockDeletingService (SCMBlockDeletingService.java:call(138)) - Running DeletedBlockTransactionScanner
2019-06-14 13:45:22,299 DEBUG block.SCMBlockDeletingService (SCMBlockDeletingService.java:call(155)) - Scanned deleted blocks log and got 0 delTX to process.
2019-06-14 13:45:22,399 DEBUG block.SCMBlockDeletingService (SCMBlockDeletingService.java:call(138)) - Running DeletedBlockTransactionScanner
2019-06-14 13:45:22,400 DEBUG block.SCMBlockDeletingService (SCMBlockDeletingService.java:call(155)) - Scanned deleted blocks log and got 0 delTX to process.
2019-06-14 13:45:22,439 INFO  ozone.MiniOzoneClusterImpl (MiniOzoneClusterImpl.java:lambda$waitForClusterToBeReady$0(142)) - Waiting for cluster to be ready. Got 0 of 1 DN Heartbeats.
2019-06-14 13:45:22,463 INFO  node.SCMNodeManager (SCMNodeManager.java:register(234)) - Registered Data node : 0c156e3c-57cc-425b-90ef-9bcaa62a7535{ip: 192.168.134.77, host: ozone-rlb7g-142518227, networkLocation: /default-rack, certSerialId: null}
2019-06-14 13:45:22,469 INFO  safemode.SCMSafeModeManager (DataNodeSafeModeRule.java:process(71)) - SCM in safe mode. 1 DataNodes registered, 1 required.
2019-06-14 13:45:22,469 INFO  safemode.SCMSafeModeManager (SCMSafeModeManager.java:validateSafeModeExitRules(177)) - ScmSafeModeManager, all rules are successfully validated
2019-06-14 13:45:22,470 INFO  safemode.SCMSafeModeManager (SCMSafeModeManager.java:exitSafeMode(193)) - SCM exiting safe mode.
2019-06-14 13:45:22,500 DEBUG block.SCMBlockDeletingService (SCMBlockDeletingService.java:call(138)) - Running DeletedBlockTransactionScanner
2019-06-14 13:45:22,500 DEBUG block.SCMBlockDeletingService (SCMBlockDeletingService.java:call(155)) - Scanned deleted blocks log and got 0 delTX to process.
2019-06-14 13:45:22,601 DEBUG block.SCMBlockDeletingService (SCMBlockDeletingService.java:call(138)) - Running DeletedBlockTransactionScanner
2019-06-14 13:45:22,601 DEBUG block.SCMBlockDeletingService (SCMBlockDeletingService.java:call(155)) - Scanned deleted blocks log and got 0 delTX to process.
2019-06-14 13:45:22,701 DEBUG block.SCMBlockDeletingService (SCMBlockDeletingService.java:call(138)) - Running DeletedBlockTransactionScanner
2019-06-14 13:45:22,702 DEBUG block.SCMBlockDeletingService (SCMBlockDeletingService.java:call(155)) - Scanned deleted blocks log and got 0 delTX to process.
2019-06-14 13:45:22,802 DEBUG block.SCMBlockDeletingService (SCMBlockDeletingService.java:call(138)) - Running DeletedBlockTransactionScanner
2019-06-14 13:45:22,802 DEBUG block.SCMBlockDeletingService (SCMBlockDeletingService.java:call(155)) - Scanned deleted blocks log and got 0 delTX to process.
2019-06-14 13:45:22,871 INFO  impl.RaftServerProxy (RaftServerProxy.java:addNew(89)) - 0c156e3c-57cc-425b-90ef-9bcaa62a7535: addNew group-7704A457760D:[0c156e3c-57cc-425b-90ef-9bcaa62a7535:192.168.134.77:36517] returns group-7704A457760D:java.util.concurrent.CompletableFuture@44621c55[Not completed]
2019-06-14 13:45:22,877 INFO  impl.RaftServerImpl (RaftServerImpl.java:<init>(91)) - 0c156e3c-57cc-425b-90ef-9bcaa62a7535: new RaftServerImpl for group-7704A457760D:[0c156e3c-57cc-425b-90ef-9bcaa62a7535:192.168.134.77:36517] with ContainerStateMachine:uninitialized
2019-06-14 13:45:22,878 INFO  server.RaftServerConfigKeys (ConfUtils.java:logGet(43)) - raft.server.rpc.timeout.min = 1s (custom)
2019-06-14 13:45:22,878 INFO  server.RaftServerConfigKeys (ConfUtils.java:logGet(43)) - raft.server.rpc.timeout.max = 1200ms (custom)
2019-06-14 13:45:22,879 INFO  server.RaftServerConfigKeys (ConfUtils.java:logGet(43)) - raft.server.rpcslowness.timeout = 120s (custom)
2019-06-14 13:45:22,879 INFO  server.RaftServerConfigKeys (ConfUtils.java:logGet(43)) - raft.server.log.appender.install.snapshot.enabled = true (default)
2019-06-14 13:45:22,884 INFO  impl.RaftServerImpl (ServerState.java:<init>(101)) - 0c156e3c-57cc-425b-90ef-9bcaa62a7535:group-7704A457760D ConfigurationManager, init=-1: [0c156e3c-57cc-425b-90ef-9bcaa62a7535:192.168.134.77:36517], old=null, confs=<EMPTY_MAP>
2019-06-14 13:45:22,885 INFO  server.RaftServerConfigKeys (ConfUtils.java:logGet(43)) - raft.server.storage.dir = [/opt/src/hadoop-ozone/integration-test/target/test-dir/MiniOzoneClusterImpl-8919240e-7e15-4dbf-8bf4-c210578586bb/datanode-0/data/ratis] (custom)
2019-06-14 13:45:22,890 INFO  storage.RaftStorageDirectory (RaftStorageDirectory.java:analyzeStorage(246)) - The storage directory /opt/src/hadoop-ozone/integration-test/target/test-dir/MiniOzoneClusterImpl-8919240e-7e15-4dbf-8bf4-c210578586bb/datanode-0/data/ratis/1fc53845-3381-4beb-82f9-7704a457760d does not exist. Creating ...
2019-06-14 13:45:22,895 INFO  storage.RaftStorageDirectory (RaftStorageDirectory.java:tryLock(328)) - Lock on /opt/src/hadoop-ozone/integration-test/target/test-dir/MiniOzoneClusterImpl-8919240e-7e15-4dbf-8bf4-c210578586bb/datanode-0/data/ratis/1fc53845-3381-4beb-82f9-7704a457760d/in_use.lock acquired by nodename 32173@ozone-rlb7g-142518227
2019-06-14 13:45:22,899 INFO  storage.RaftStorage (RaftStorage.java:format(75)) - Storage directory /opt/src/hadoop-ozone/integration-test/target/test-dir/MiniOzoneClusterImpl-8919240e-7e15-4dbf-8bf4-c210578586bb/datanode-0/data/ratis/1fc53845-3381-4beb-82f9-7704a457760d has been successfully formatted.
2019-06-14 13:45:22,900 INFO  ratis.ContainerStateMachine (ContainerStateMachine.java:loadSnapshot(199)) - The snapshot info is null.Setting the last applied index to:(t:0, i:~)
2019-06-14 13:45:22,901 INFO  server.RaftServerConfigKeys (ConfUtils.java:logGet(43)) - raft.server.leader.election.timeout = 120s (custom)
2019-06-14 13:45:22,902 INFO  server.RaftServerConfigKeys (ConfUtils.java:logGet(43)) - raft.server.log.use.memory = false (default)
2019-06-14 13:45:22,903 DEBUG block.SCMBlockDeletingService (SCMBlockDeletingService.java:call(138)) - Running DeletedBlockTransactionScanner
2019-06-14 13:45:22,903 DEBUG block.SCMBlockDeletingService (SCMBlockDeletingService.java:call(155)) - Scanned deleted blocks log and got 0 delTX to process.
2019-06-14 13:45:22,905 INFO  server.RaftServerConfigKeys (ConfUtils.java:logGet(43)) - raft.server.log.appender.buffer.byte-limit = 33554432 (custom)
2019-06-14 13:45:22,907 INFO  server.RaftServerConfigKeys (ConfUtils.java:logGet(43)) - raft.server.log.segment.size.max = 16384 (custom)
2019-06-14 13:45:22,912 INFO  server.RaftServerConfigKeys (ConfUtils.java:logGet(43)) - raft.server.log.segment.cache.num.max = 2 (custom)
2019-06-14 13:45:22,915 INFO  storage.RaftLogWorker (RaftLogWorker.java:<init>(123)) - new 0c156e3c-57cc-425b-90ef-9bcaa62a7535-RaftLogWorker for Storage Directory /opt/src/hadoop-ozone/integration-test/target/test-dir/MiniOzoneClusterImpl-8919240e-7e15-4dbf-8bf4-c210578586bb/datanode-0/data/ratis/1fc53845-3381-4beb-82f9-7704a457760d
2019-06-14 13:45:22,915 INFO  server.RaftServerConfigKeys (ConfUtils.java:logGet(43)) - raft.server.log.queue.byte-limit = 2147483647 (custom)
2019-06-14 13:45:22,916 INFO  server.RaftServerConfigKeys (ConfUtils.java:logGet(43)) - raft.server.log.queue.element-limit = 1024 (custom)
2019-06-14 13:45:22,918 INFO  server.RaftServerConfigKeys (ConfUtils.java:logGet(43)) - raft.server.log.segment.size.max = 16384 (custom)
2019-06-14 13:45:22,918 INFO  server.RaftServerConfigKeys (ConfUtils.java:logGet(43)) - raft.server.log.preallocated.size = 16384 (custom)
2019-06-14 13:45:22,919 INFO  server.RaftServerConfigKeys (ConfUtils.java:logGet(43)) - raft.server.log.write.buffer.size = 33554432 (custom)
2019-06-14 13:45:22,919 INFO  server.RaftServerConfigKeys (ConfUtils.java:logGet(43)) - raft.server.log.force.sync.num = 128 (default)
2019-06-14 13:45:22,920 INFO  server.RaftServerConfigKeys (ConfUtils.java:logGet(43)) - raft.server.log.statemachine.data.sync = true (default)
2019-06-14 13:45:22,920 INFO  server.RaftServerConfigKeys (ConfUtils.java:logGet(43)) - raft.server.log.statemachine.data.sync.timeout = 10s (default)
2019-06-14 13:45:22,921 INFO  server.RaftServerConfigKeys (ConfUtils.java:logGet(43)) - raft.server.log.statemachine.data.sync.timeout.retry = -1 (default)
2019-06-14 13:45:22,924 INFO  server.RaftServerConfigKeys (ConfUtils.java:logGet(43)) - raft.server.log.statemachine.data.caching.enabled = true (custom)
2019-06-14 13:45:22,929 INFO  server.RaftServerConfigKeys (ConfUtils.java:logGet(43)) - raft.server.snapshot.auto.trigger.enabled = true (custom)
2019-06-14 13:45:22,930 INFO  server.RaftServerConfigKeys (ConfUtils.java:logGet(43)) - raft.server.snapshot.auto.trigger.threshold = 10000 (custom)
2019-06-14 13:45:22,930 INFO  server.RaftServerConfigKeys (ConfUtils.java:logGet(43)) - raft.server.retrycache.expirytime = 600000ms (custom)
2019-06-14 13:45:23,042 DEBUG block.SCMBlockDeletingService (SCMBlockDeletingService.java:call(138)) - Running DeletedBlockTransactionScanner
2019-06-14 13:45:23,042 DEBUG block.SCMBlockDeletingService (SCMBlockDeletingService.java:call(155)) - Scanned deleted blocks log and got 0 delTX to process.
2019-06-14 13:45:23,051 INFO  impl.RaftServerImpl (RaftServerImpl.java:start(173)) - 0c156e3c-57cc-425b-90ef-9bcaa62a7535: start group-7704A457760D
2019-06-14 13:45:23,052 INFO  impl.RaftServerImpl (RaftServerImpl.java:setRole(164)) - 0c156e3c-57cc-425b-90ef-9bcaa62a7535:group-7704A457760D changes role from null to FOLLOWER at term 0 for startAsFollower
2019-06-14 13:45:23,053 INFO  impl.RoleInfo (RoleInfo.java:updateAndGet(143)) - 0c156e3c-57cc-425b-90ef-9bcaa62a7535: start FollowerState
2019-06-14 13:45:23,055 INFO  util.JmxRegister (JmxRegister.java:tryRegister(44)) - Successfully registered JMX Bean with object name Ratis:service=RaftServer,group=group-7704A457760D,id=0c156e3c-57cc-425b-90ef-9bcaa62a7535
2019-06-14 13:45:23,099 INFO  pipeline.PipelineStateManager (PipelineStateManager.java:addPipeline(56)) - Created pipeline Pipeline[ Id: 1fc53845-3381-4beb-82f9-7704a457760d, Nodes: 0c156e3c-57cc-425b-90ef-9bcaa62a7535{ip: 192.168.134.77, host: ozone-rlb7g-142518227, networkLocation: /default-rack, certSerialId: null}, Type:RATIS, Factor:ONE, State:OPEN]
2019-06-14 13:45:23,142 DEBUG block.SCMBlockDeletingService (SCMBlockDeletingService.java:call(138)) - Running DeletedBlockTransactionScanner
2019-06-14 13:45:23,142 DEBUG block.SCMBlockDeletingService (SCMBlockDeletingService.java:call(155)) - Scanned deleted blocks log and got 0 delTX to process.
2019-06-14 13:45:23,243 DEBUG block.SCMBlockDeletingService (SCMBlockDeletingService.java:call(138)) - Running DeletedBlockTransactionScanner
2019-06-14 13:45:23,243 DEBUG block.SCMBlockDeletingService (SCMBlockDeletingService.java:call(155)) - Scanned deleted blocks log and got 0 delTX to process.
2019-06-14 13:45:23,343 DEBUG block.SCMBlockDeletingService (SCMBlockDeletingService.java:call(138)) - Running DeletedBlockTransactionScanner
2019-06-14 13:45:23,344 DEBUG block.SCMBlockDeletingService (SCMBlockDeletingService.java:call(155)) - Scanned deleted blocks log and got 0 delTX to process.
2019-06-14 13:45:23,439 INFO  ozone.MiniOzoneClusterImpl (MiniOzoneClusterImpl.java:lambda$waitForClusterToBeReady$0(142)) - Cluster is ready. Got 1 of 1 DN Heartbeats.
2019-06-14 13:45:23,444 DEBUG block.SCMBlockDeletingService (SCMBlockDeletingService.java:call(138)) - Running DeletedBlockTransactionScanner
2019-06-14 13:45:23,444 DEBUG block.SCMBlockDeletingService (SCMBlockDeletingService.java:call(155)) - Scanned deleted blocks log and got 0 delTX to process.
2019-06-14 13:45:23,545 DEBUG block.SCMBlockDeletingService (SCMBlockDeletingService.java:call(138)) - Running DeletedBlockTransactionScanner
2019-06-14 13:45:23,545 DEBUG block.SCMBlockDeletingService (SCMBlockDeletingService.java:call(155)) - Scanned deleted blocks log and got 0 delTX to process.
2019-06-14 13:45:23,645 DEBUG block.SCMBlockDeletingService (SCMBlockDeletingService.java:call(138)) - Running DeletedBlockTransactionScanner
2019-06-14 13:45:23,645 DEBUG block.SCMBlockDeletingService (SCMBlockDeletingService.java:call(155)) - Scanned deleted blocks log and got 0 delTX to process.
2019-06-14 13:45:23,746 DEBUG block.SCMBlockDeletingService (SCMBlockDeletingService.java:call(138)) - Running DeletedBlockTransactionScanner
2019-06-14 13:45:23,746 DEBUG block.SCMBlockDeletingService (SCMBlockDeletingService.java:call(155)) - Scanned deleted blocks log and got 0 delTX to process.
2019-06-14 13:45:23,846 DEBUG block.SCMBlockDeletingService (SCMBlockDeletingService.java:call(138)) - Running DeletedBlockTransactionScanner
2019-06-14 13:45:23,847 DEBUG block.SCMBlockDeletingService (SCMBlockDeletingService.java:call(155)) - Scanned deleted blocks log and got 0 delTX to process.
2019-06-14 13:45:23,947 DEBUG block.SCMBlockDeletingService (SCMBlockDeletingService.java:call(138)) - Running DeletedBlockTransactionScanner
2019-06-14 13:45:23,947 DEBUG block.SCMBlockDeletingService (SCMBlockDeletingService.java:call(155)) - Scanned deleted blocks log and got 0 delTX to process.
2019-06-14 13:45:24,047 DEBUG block.SCMBlockDeletingService (SCMBlockDeletingService.java:call(138)) - Running DeletedBlockTransactionScanner
2019-06-14 13:45:24,048 DEBUG block.SCMBlockDeletingService (SCMBlockDeletingService.java:call(155)) - Scanned deleted blocks log and got 0 delTX to process.
2019-06-14 13:45:24,148 DEBUG block.SCMBlockDeletingService (SCMBlockDeletingService.java:call(138)) - Running DeletedBlockTransactionScanner
2019-06-14 13:45:24,148 DEBUG block.SCMBlockDeletingService (SCMBlockDeletingService.java:call(155)) - Scanned deleted blocks log and got 0 delTX to process.
2019-06-14 13:45:24,202 INFO  impl.FollowerState (FollowerState.java:run(101)) - 0c156e3c-57cc-425b-90ef-9bcaa62a7535:group-7704A457760D changes to CANDIDATE, lastRpcTime:1149, electionTimeout:1146ms
2019-06-14 13:45:24,202 INFO  impl.RoleInfo (RoleInfo.java:shutdownFollowerState(121)) - 0c156e3c-57cc-425b-90ef-9bcaa62a7535: shutdown FollowerState
2019-06-14 13:45:24,203 INFO  impl.RaftServerImpl (RaftServerImpl.java:setRole(164)) - 0c156e3c-57cc-425b-90ef-9bcaa62a7535:group-7704A457760D changes role from FOLLOWER to CANDIDATE at term 0 for changeToCandidate
2019-06-14 13:45:24,205 INFO  impl.RoleInfo (RoleInfo.java:updateAndGet(143)) - 0c156e3c-57cc-425b-90ef-9bcaa62a7535: start LeaderElection
2019-06-14 13:45:24,209 INFO  impl.LeaderElection (LeaderElection.java:askForVotes(181)) - 0c156e3c-57cc-425b-90ef-9bcaa62a7535:group-7704A457760D:LeaderElection1: begin an election at term 1 for -1: [0c156e3c-57cc-425b-90ef-9bcaa62a7535:192.168.134.77:36517], old=null
2019-06-14 13:45:24,210 INFO  impl.RoleInfo (RoleInfo.java:shutdownLeaderElection(134)) - 0c156e3c-57cc-425b-90ef-9bcaa62a7535: shutdown LeaderElection
2019-06-14 13:45:24,211 INFO  impl.RaftServerImpl (RaftServerImpl.java:setRole(164)) - 0c156e3c-57cc-425b-90ef-9bcaa62a7535:group-7704A457760D changes role from CANDIDATE to LEADER at term 1 for changeToLeader
2019-06-14 13:45:24,211 INFO  impl.RaftServerImpl (ServerState.java:setLeader(263)) - 0c156e3c-57cc-425b-90ef-9bcaa62a7535:group-7704A457760D change Leader from null to 0c156e3c-57cc-425b-90ef-9bcaa62a7535 at term 1 for becomeLeader, leader elected after 1310ms
2019-06-14 13:45:24,216 INFO  server.RaftServerConfigKeys (ConfUtils.java:logGet(43)) - raft.server.staging.catchup.gap = 1000 (default)
2019-06-14 13:45:24,216 INFO  server.RaftServerConfigKeys (ConfUtils.java:logGet(43)) - raft.server.rpc.sleep.time = 25ms (default)
2019-06-14 13:45:24,218 INFO  server.RaftServerConfigKeys (ConfUtils.java:logGet(43)) - raft.server.watch.timeout = 10s (default)
2019-06-14 13:45:24,219 INFO  server.RaftServerConfigKeys (ConfUtils.java:logGet(43)) - raft.server.watch.timeout.denomination = 1s (default)
2019-06-14 13:45:24,225 INFO  impl.RoleInfo (RoleInfo.java:updateAndGet(143)) - 0c156e3c-57cc-425b-90ef-9bcaa62a7535: start LeaderState
2019-06-14 13:45:24,241 INFO  storage.RaftLogWorker (RaftLogWorker.java:startLogSegment(298)) - 0c156e3c-57cc-425b-90ef-9bcaa62a7535-RaftLogWorker: Starting segment from index:0
2019-06-14 13:45:24,250 DEBUG block.SCMBlockDeletingService (SCMBlockDeletingService.java:call(138)) - Running DeletedBlockTransactionScanner
2019-06-14 13:45:24,250 DEBUG block.SCMBlockDeletingService (SCMBlockDeletingService.java:call(155)) - Scanned deleted blocks log and got 0 delTX to process.
2019-06-14 13:45:24,258 INFO  impl.RaftServerImpl (ServerState.java:setRaftConf(361)) - 0c156e3c-57cc-425b-90ef-9bcaa62a7535:group-7704A457760D set configuration 0: [0c156e3c-57cc-425b-90ef-9bcaa62a7535:192.168.134.77:36517], old=null at 0
2019-06-14 13:45:24,354 DEBUG block.SCMBlockDeletingService (SCMBlockDeletingService.java:call(138)) - Running DeletedBlockTransactionScanner
2019-06-14 13:45:24,354 DEBUG block.SCMBlockDeletingService (SCMBlockDeletingService.java:call(155)) - Scanned deleted blocks log and got 0 delTX to process.
2019-06-14 13:45:24,462 DEBUG block.SCMBlockDeletingService (SCMBlockDeletingService.java:call(138)) - Running DeletedBlockTransactionScanner
2019-06-14 13:45:24,462 DEBUG block.SCMBlockDeletingService (SCMBlockDeletingService.java:call(155)) - Scanned deleted blocks log and got 0 delTX to process.
2019-06-14 13:45:24,566 DEBUG block.SCMBlockDeletingService (SCMBlockDeletingService.java:call(138)) - Running DeletedBlockTransactionScanner
2019-06-14 13:45:24,566 DEBUG block.SCMBlockDeletingService (SCMBlockDeletingService.java:call(155)) - Scanned deleted blocks log and got 0 delTX to process.
2019-06-14 13:45:24,631 INFO  storage.RaftLogWorker (RaftLogWorker.java:execute(469)) - 0c156e3c-57cc-425b-90ef-9bcaa62a7535-RaftLogWorker: created new log segment /opt/src/hadoop-ozone/integration-test/target/test-dir/MiniOzoneClusterImpl-8919240e-7e15-4dbf-8bf4-c210578586bb/datanode-0/data/ratis/1fc53845-3381-4beb-82f9-7704a457760d/current/log_inprogress_0
2019-06-14 13:45:24,667 DEBUG block.SCMBlockDeletingService (SCMBlockDeletingService.java:call(138)) - Running DeletedBlockTransactionScanner
2019-06-14 13:45:24,667 DEBUG block.SCMBlockDeletingService (SCMBlockDeletingService.java:call(155)) - Scanned deleted blocks log and got 0 delTX to process.
2019-06-14 13:45:24,767 DEBUG block.SCMBlockDeletingService (SCMBlockDeletingService.java:call(138)) - Running DeletedBlockTransactionScanner
2019-06-14 13:45:24,767 DEBUG block.SCMBlockDeletingService (SCMBlockDeletingService.java:call(155)) - Scanned deleted blocks log and got 0 delTX to process.
2019-06-14 13:45:24,868 DEBUG block.SCMBlockDeletingService (SCMBlockDeletingService.java:call(138)) - Running DeletedBlockTransactionScanner
2019-06-14 13:45:24,868 DEBUG block.SCMBlockDeletingService (SCMBlockDeletingService.java:call(155)) - Scanned deleted blocks log and got 0 delTX to process.
2019-06-14 13:45:24,970 DEBUG block.SCMBlockDeletingService (SCMBlockDeletingService.java:call(138)) - Running DeletedBlockTransactionScanner
2019-06-14 13:45:24,970 DEBUG block.SCMBlockDeletingService (SCMBlockDeletingService.java:call(155)) - Scanned deleted blocks log and got 0 delTX to process.
2019-06-14 13:45:25,071 DEBUG block.SCMBlockDeletingService (SCMBlockDeletingService.java:call(138)) - Running DeletedBlockTransactionScanner
2019-06-14 13:45:25,071 DEBUG block.SCMBlockDeletingService (SCMBlockDeletingService.java:call(155)) - Scanned deleted blocks log and got 0 delTX to process.
2019-06-14 13:45:25,171 DEBUG block.SCMBlockDeletingService (SCMBlockDeletingService.java:call(138)) - Running DeletedBlockTransactionScanner
2019-06-14 13:45:25,172 DEBUG block.SCMBlockDeletingService (SCMBlockDeletingService.java:call(155)) - Scanned deleted blocks log and got 0 delTX to process.
2019-06-14 13:45:25,272 DEBUG block.SCMBlockDeletingService (SCMBlockDeletingService.java:call(138)) - Running DeletedBlockTransactionScanner
2019-06-14 13:45:25,272 DEBUG block.SCMBlockDeletingService (SCMBlockDeletingService.java:call(155)) - Scanned deleted blocks log and got 0 delTX to process.
2019-06-14 13:45:25,373 DEBUG block.SCMBlockDeletingService (SCMBlockDeletingService.java:call(138)) - Running DeletedBlockTransactionScanner
2019-06-14 13:45:25,373 DEBUG block.SCMBlockDeletingService (SCMBlockDeletingService.java:call(155)) - Scanned deleted blocks log and got 0 delTX to process.
2019-06-14 13:45:25,422 INFO  rpc.RpcClient (RpcClient.java:createVolume(289)) - Creating Volume: 2ebc6d53-81a4-4826-b979-6bf63d0d1798, with root as owner.
2019-06-14 13:45:25,448 INFO  rpc.RpcClient (RpcClient.java:createBucket(426)) - Creating Bucket: 2ebc6d53-81a4-4826-b979-6bf63d0d1798/5bce4403-6149-4dcf-bdba-3435e54b9be2, with Versioning false and Storage Type set to DISK and Encryption set to false 
2019-06-14 13:45:25,473 DEBUG block.SCMBlockDeletingService (SCMBlockDeletingService.java:call(138)) - Running DeletedBlockTransactionScanner
2019-06-14 13:45:25,474 DEBUG block.SCMBlockDeletingService (SCMBlockDeletingService.java:call(155)) - Scanned deleted blocks log and got 0 delTX to process.
2019-06-14 13:45:25,574 DEBUG block.SCMBlockDeletingService (SCMBlockDeletingService.java:call(138)) - Running DeletedBlockTransactionScanner
2019-06-14 13:45:25,574 DEBUG block.SCMBlockDeletingService (SCMBlockDeletingService.java:call(155)) - Scanned deleted blocks log and got 0 delTX to process.
2019-06-14 13:45:25,675 DEBUG block.SCMBlockDeletingService (SCMBlockDeletingService.java:call(138)) - Running DeletedBlockTransactionScanner
2019-06-14 13:45:25,675 DEBUG block.SCMBlockDeletingService (SCMBlockDeletingService.java:call(155)) - Scanned deleted blocks log and got 0 delTX to process.
2019-06-14 13:45:25,775 DEBUG block.SCMBlockDeletingService (SCMBlockDeletingService.java:call(138)) - Running DeletedBlockTransactionScanner
2019-06-14 13:45:25,775 DEBUG block.SCMBlockDeletingService (SCMBlockDeletingService.java:call(155)) - Scanned deleted blocks log and got 0 delTX to process.
2019-06-14 13:45:25,878 DEBUG block.SCMBlockDeletingService (SCMBlockDeletingService.java:call(138)) - Running DeletedBlockTransactionScanner
2019-06-14 13:45:25,878 DEBUG block.SCMBlockDeletingService (SCMBlockDeletingService.java:call(155)) - Scanned deleted blocks log and got 0 delTX to process.
2019-06-14 13:45:25,909 INFO  client.GrpcClientProtocolClient (GrpcClientProtocolClient.java:onNext(254)) - client-E0FA40453D59->0c156e3c-57cc-425b-90ef-9bcaa62a7535: receive RaftClientReply:client-E0FA40453D59->0c156e3c-57cc-425b-90ef-9bcaa62a7535@group-7704A457760D, cid=1, SUCCESS, logIndex=1, commits[0c156e3c-57cc-425b-90ef-9bcaa62a7535:c2]
2019-06-14 13:45:25,958 INFO  client.GrpcClientProtocolClient (GrpcClientProtocolClient.java:onNext(254)) - client-E0FA40453D59->0c156e3c-57cc-425b-90ef-9bcaa62a7535: receive RaftClientReply:client-E0FA40453D59->0c156e3c-57cc-425b-90ef-9bcaa62a7535@group-7704A457760D, cid=2, SUCCESS, logIndex=3, commits[0c156e3c-57cc-425b-90ef-9bcaa62a7535:c4]
2019-06-14 13:45:25,973 INFO  client.GrpcClientProtocolClient (GrpcClientProtocolClient.java:onNext(254)) - client-E0FA40453D59->0c156e3c-57cc-425b-90ef-9bcaa62a7535: receive RaftClientReply:client-E0FA40453D59->0c156e3c-57cc-425b-90ef-9bcaa62a7535@group-7704A457760D, cid=3, SUCCESS, logIndex=5, commits[0c156e3c-57cc-425b-90ef-9bcaa62a7535:c6]
2019-06-14 13:45:25,977 INFO  client.GrpcClientProtocolClient (GrpcClientProtocolClient.java:onNext(254)) - client-E0FA40453D59->0c156e3c-57cc-425b-90ef-9bcaa62a7535: receive RaftClientReply:client-E0FA40453D59->0c156e3c-57cc-425b-90ef-9bcaa62a7535@group-7704A457760D, cid=4, SUCCESS, logIndex=7, commits[0c156e3c-57cc-425b-90ef-9bcaa62a7535:c8]
2019-06-14 13:45:25,978 DEBUG block.SCMBlockDeletingService (SCMBlockDeletingService.java:call(138)) - Running DeletedBlockTransactionScanner
2019-06-14 13:45:25,979 DEBUG block.SCMBlockDeletingService (SCMBlockDeletingService.java:call(155)) - Scanned deleted blocks log and got 0 delTX to process.
2019-06-14 13:45:26,034 INFO  client.GrpcClientProtocolClient (GrpcClientProtocolClient.java:onNext(254)) - client-E0FA40453D59->0c156e3c-57cc-425b-90ef-9bcaa62a7535: receive RaftClientReply:client-E0FA40453D59->0c156e3c-57cc-425b-90ef-9bcaa62a7535@group-7704A457760D, cid=5, SUCCESS, logIndex=9, commits[0c156e3c-57cc-425b-90ef-9bcaa62a7535:c9]
2019-06-14 13:45:26,050 INFO  client.GrpcClientProtocolClient (GrpcClientProtocolClient.java:onNext(254)) - client-E0FA40453D59->0c156e3c-57cc-425b-90ef-9bcaa62a7535: receive RaftClientReply:client-E0FA40453D59->0c156e3c-57cc-425b-90ef-9bcaa62a7535@group-7704A457760D, cid=6, SUCCESS, logIndex=11, commits[0c156e3c-57cc-425b-90ef-9bcaa62a7535:c11]
2019-06-14 13:45:26,062 INFO  client.GrpcClientProtocolClient (GrpcClientProtocolClient.java:onNext(254)) - client-E0FA40453D59->0c156e3c-57cc-425b-90ef-9bcaa62a7535: receive RaftClientReply:client-E0FA40453D59->0c156e3c-57cc-425b-90ef-9bcaa62a7535@group-7704A457760D, cid=7, SUCCESS, logIndex=12, commits[0c156e3c-57cc-425b-90ef-9bcaa62a7535:c13]
2019-06-14 13:45:26,064 INFO  client.GrpcClientProtocolClient (GrpcClientProtocolClient.java:onNext(254)) - client-E0FA40453D59->0c156e3c-57cc-425b-90ef-9bcaa62a7535: receive RaftClientReply:client-E0FA40453D59->0c156e3c-57cc-425b-90ef-9bcaa62a7535@group-7704A457760D, cid=8, SUCCESS, logIndex=13, commits[0c156e3c-57cc-425b-90ef-9bcaa62a7535:c13]
2019-06-14 13:45:26,083 DEBUG block.SCMBlockDeletingService (SCMBlockDeletingService.java:call(138)) - Running DeletedBlockTransactionScanner
2019-06-14 13:45:26,084 DEBUG block.SCMBlockDeletingService (SCMBlockDeletingService.java:call(155)) - Scanned deleted blocks log and got 0 delTX to process.
2019-06-14 13:45:26,184 DEBUG block.SCMBlockDeletingService (SCMBlockDeletingService.java:call(138)) - Running DeletedBlockTransactionScanner
2019-06-14 13:45:26,184 DEBUG block.SCMBlockDeletingService (SCMBlockDeletingService.java:call(155)) - Scanned deleted blocks log and got 0 delTX to process.
2019-06-14 13:45:26,285 DEBUG block.SCMBlockDeletingService (SCMBlockDeletingService.java:call(138)) - Running DeletedBlockTransactionScanner
2019-06-14 13:45:26,285 DEBUG block.SCMBlockDeletingService (SCMBlockDeletingService.java:call(155)) - Scanned deleted blocks log and got 0 delTX to process.
2019-06-14 13:45:26,324 INFO  client.GrpcClientProtocolClient (GrpcClientProtocolClient.java:onNext(254)) - client-E0FA40453D59->0c156e3c-57cc-425b-90ef-9bcaa62a7535: receive RaftClientReply:client-E0FA40453D59->0c156e3c-57cc-425b-90ef-9bcaa62a7535@group-7704A457760D, cid=9, SUCCESS, logIndex=16, commits[0c156e3c-57cc-425b-90ef-9bcaa62a7535:c16]
2019-06-14 13:45:26,385 DEBUG block.SCMBlockDeletingService (SCMBlockDeletingService.java:call(138)) - Running DeletedBlockTransactionScanner
2019-06-14 13:45:26,385 DEBUG block.SCMBlockDeletingService (SCMBlockDeletingService.java:call(155)) - Scanned deleted blocks log and got 0 delTX to process.
2019-06-14 13:45:26,486 DEBUG block.SCMBlockDeletingService (SCMBlockDeletingService.java:call(138)) - Running DeletedBlockTransactionScanner
2019-06-14 13:45:26,486 DEBUG block.SCMBlockDeletingService (SCMBlockDeletingService.java:call(155)) - Scanned deleted blocks log and got 0 delTX to process.
2019-06-14 13:45:26,513 INFO  client.GrpcClientProtocolClient (GrpcClientProtocolClient.java:onNext(254)) - client-E0FA40453D59->0c156e3c-57cc-425b-90ef-9bcaa62a7535: receive RaftClientReply:client-E0FA40453D59->0c156e3c-57cc-425b-90ef-9bcaa62a7535@group-7704A457760D, cid=10, SUCCESS, logIndex=18, commits[0c156e3c-57cc-425b-90ef-9bcaa62a7535:c21]
2019-06-14 13:45:26,515 INFO  client.GrpcClientProtocolClient (GrpcClientProtocolClient.java:onNext(254)) - client-E0FA40453D59->0c156e3c-57cc-425b-90ef-9bcaa62a7535: receive RaftClientReply:client-E0FA40453D59->0c156e3c-57cc-425b-90ef-9bcaa62a7535@group-7704A457760D, cid=11, SUCCESS, logIndex=19, commits[0c156e3c-57cc-425b-90ef-9bcaa62a7535:c21]
2019-06-14 13:45:26,520 INFO  client.GrpcClientProtocolClient (GrpcClientProtocolClient.java:onNext(254)) - client-E0FA40453D59->0c156e3c-57cc-425b-90ef-9bcaa62a7535: receive RaftClientReply:client-E0FA40453D59->0c156e3c-57cc-425b-90ef-9bcaa62a7535@group-7704A457760D, cid=12, SUCCESS, logIndex=20, commits[0c156e3c-57cc-425b-90ef-9bcaa62a7535:c21]
2019-06-14 13:45:26,571 INFO  client.GrpcClientProtocolClient (GrpcClientProtocolClient.java:onNext(254)) - client-E0FA40453D59->0c156e3c-57cc-425b-90ef-9bcaa62a7535: receive RaftClientReply:client-E0FA40453D59->0c156e3c-57cc-425b-90ef-9bcaa62a7535@group-7704A457760D, cid=13, SUCCESS, logIndex=22, commits[0c156e3c-57cc-425b-90ef-9bcaa62a7535:c22]
2019-06-14 13:45:26,586 DEBUG block.SCMBlockDeletingService (SCMBlockDeletingService.java:call(138)) - Running DeletedBlockTransactionScanner
2019-06-14 13:45:26,587 DEBUG block.SCMBlockDeletingService (SCMBlockDeletingService.java:call(155)) - Scanned deleted blocks log and got 0 delTX to process.
2019-06-14 13:45:26,642 INFO  client.GrpcClientProtocolClient (GrpcClientProtocolClient.java:onNext(254)) - client-E0FA40453D59->0c156e3c-57cc-425b-90ef-9bcaa62a7535: receive RaftClientReply:client-E0FA40453D59->0c156e3c-57cc-425b-90ef-9bcaa62a7535@group-7704A457760D, cid=14, SUCCESS, logIndex=24, commits[0c156e3c-57cc-425b-90ef-9bcaa62a7535:c26]
2019-06-14 13:45:26,645 INFO  client.GrpcClientProtocolClient (GrpcClientProtocolClient.java:onNext(254)) - client-E0FA40453D59->0c156e3c-57cc-425b-90ef-9bcaa62a7535: receive RaftClientReply:client-E0FA40453D59->0c156e3c-57cc-425b-90ef-9bcaa62a7535@group-7704A457760D, cid=15, SUCCESS, logIndex=25, commits[0c156e3c-57cc-425b-90ef-9bcaa62a7535:c26]
2019-06-14 13:45:26,645 INFO  client.GrpcClientProtocolClient (GrpcClientProtocolClient.java:onNext(254)) - client-E0FA40453D59->0c156e3c-57cc-425b-90ef-9bcaa62a7535: receive RaftClientReply:client-E0FA40453D59->0c156e3c-57cc-425b-90ef-9bcaa62a7535@group-7704A457760D, cid=16, SUCCESS, logIndex=26, commits[0c156e3c-57cc-425b-90ef-9bcaa62a7535:c26]
2019-06-14 13:45:26,687 DEBUG block.SCMBlockDeletingService (SCMBlockDeletingService.java:call(138)) - Running DeletedBlockTransactionScanner
2019-06-14 13:45:26,687 DEBUG block.SCMBlockDeletingService (SCMBlockDeletingService.java:call(155)) - Scanned deleted blocks log and got 0 delTX to process.
2019-06-14 13:45:26,788 DEBUG block.SCMBlockDeletingService (SCMBlockDeletingService.java:call(138)) - Running DeletedBlockTransactionScanner
2019-06-14 13:45:26,788 DEBUG block.SCMBlockDeletingService (SCMBlockDeletingService.java:call(155)) - Scanned deleted blocks log and got 0 delTX to process.
2019-06-14 13:45:26,888 DEBUG block.SCMBlockDeletingService (SCMBlockDeletingService.java:call(138)) - Running DeletedBlockTransactionScanner
2019-06-14 13:45:26,888 DEBUG block.SCMBlockDeletingService (SCMBlockDeletingService.java:call(155)) - Scanned deleted blocks log and got 0 delTX to process.
2019-06-14 13:45:26,954 INFO  client.GrpcClientProtocolClient (GrpcClientProtocolClient.java:onNext(254)) - client-E0FA40453D59->0c156e3c-57cc-425b-90ef-9bcaa62a7535: receive RaftClientReply:client-E0FA40453D59->0c156e3c-57cc-425b-90ef-9bcaa62a7535@group-7704A457760D, cid=17, SUCCESS, logIndex=28, commits[0c156e3c-57cc-425b-90ef-9bcaa62a7535:c28]
2019-06-14 13:45:26,988 DEBUG block.SCMBlockDeletingService (SCMBlockDeletingService.java:call(138)) - Running DeletedBlockTransactionScanner
2019-06-14 13:45:26,989 DEBUG block.SCMBlockDeletingService (SCMBlockDeletingService.java:call(155)) - Scanned deleted blocks log and got 0 delTX to process.
2019-06-14 13:45:27,089 DEBUG block.SCMBlockDeletingService (SCMBlockDeletingService.java:call(138)) - Running DeletedBlockTransactionScanner
2019-06-14 13:45:27,089 DEBUG block.SCMBlockDeletingService (SCMBlockDeletingService.java:call(155)) - Scanned deleted blocks log and got 0 delTX to process.
2019-06-14 13:45:27,189 DEBUG block.SCMBlockDeletingService (SCMBlockDeletingService.java:call(138)) - Running DeletedBlockTransactionScanner
2019-06-14 13:45:27,190 DEBUG block.SCMBlockDeletingService (SCMBlockDeletingService.java:call(155)) - Scanned deleted blocks log and got 0 delTX to process.
2019-06-14 13:45:27,290 DEBUG block.SCMBlockDeletingService (SCMBlockDeletingService.java:call(138)) - Running DeletedBlockTransactionScanner
2019-06-14 13:45:27,290 DEBUG block.SCMBlockDeletingService (SCMBlockDeletingService.java:call(155)) - Scanned deleted blocks log and got 0 delTX to process.
2019-06-14 13:45:27,391 DEBUG block.SCMBlockDeletingService (SCMBlockDeletingService.java:call(138)) - Running DeletedBlockTransactionScanner
2019-06-14 13:45:27,391 DEBUG block.SCMBlockDeletingService (SCMBlockDeletingService.java:call(155)) - Scanned deleted blocks log and got 0 delTX to process.
2019-06-14 13:45:27,491 DEBUG block.SCMBlockDeletingService (SCMBlockDeletingService.java:call(138)) - Running DeletedBlockTransactionScanner
2019-06-14 13:45:27,491 DEBUG block.SCMBlockDeletingService (SCMBlockDeletingService.java:call(155)) - Scanned deleted blocks log and got 0 delTX to process.
2019-06-14 13:45:27,592 DEBUG block.SCMBlockDeletingService (SCMBlockDeletingService.java:call(138)) - Running DeletedBlockTransactionScanner
2019-06-14 13:45:27,592 DEBUG block.SCMBlockDeletingService (SCMBlockDeletingService.java:call(155)) - Scanned deleted blocks log and got 0 delTX to process.
2019-06-14 13:45:27,692 DEBUG block.SCMBlockDeletingService (SCMBlockDeletingService.java:call(138)) - Running DeletedBlockTransactionScanner
2019-06-14 13:45:27,692 DEBUG block.SCMBlockDeletingService (SCMBlockDeletingService.java:call(155)) - Scanned deleted blocks log and got 0 delTX to process.
2019-06-14 13:45:27,793 DEBUG block.SCMBlockDeletingService (SCMBlockDeletingService.java:call(138)) - Running DeletedBlockTransactionScanner
2019-06-14 13:45:27,793 DEBUG block.SCMBlockDeletingService (SCMBlockDeletingService.java:call(155)) - Scanned deleted blocks log and got 0 delTX to process.
2019-06-14 13:45:27,893 DEBUG block.SCMBlockDeletingService (SCMBlockDeletingService.java:call(138)) - Running DeletedBlockTransactionScanner
2019-06-14 13:45:27,894 DEBUG block.SCMBlockDeletingService (SCMBlockDeletingService.java:call(155)) - Scanned deleted blocks log and got 0 delTX to process.
2019-06-14 13:45:27,990 INFO  client.GrpcClientProtocolClient (GrpcClientProtocolClient.java:onNext(254)) - client-E0FA40453D59->0c156e3c-57cc-425b-90ef-9bcaa62a7535: receive RaftClientReply:client-E0FA40453D59->0c156e3c-57cc-425b-90ef-9bcaa62a7535@group-7704A457760D, cid=18, SUCCESS, logIndex=30, commits[0c156e3c-57cc-425b-90ef-9bcaa62a7535:c33]
2019-06-14 13:45:27,994 DEBUG block.SCMBlockDeletingService (SCMBlockDeletingService.java:call(138)) - Running DeletedBlockTransactionScanner
2019-06-14 13:45:27,994 DEBUG block.SCMBlockDeletingService (SCMBlockDeletingService.java:call(155)) - Scanned deleted blocks log and got 0 delTX to process.
2019-06-14 13:45:27,996 INFO  client.GrpcClientProtocolClient (GrpcClientProtocolClient.java:onNext(254)) - client-E0FA40453D59->0c156e3c-57cc-425b-90ef-9bcaa62a7535: receive RaftClientReply:client-E0FA40453D59->0c156e3c-57cc-425b-90ef-9bcaa62a7535@group-7704A457760D, cid=19, SUCCESS, logIndex=31, commits[0c156e3c-57cc-425b-90ef-9bcaa62a7535:c33]
2019-06-14 13:45:27,996 INFO  client.GrpcClientProtocolClient (GrpcClientProtocolClient.java:onNext(254)) - client-E0FA40453D59->0c156e3c-57cc-425b-90ef-9bcaa62a7535: receive RaftClientReply:client-E0FA40453D59->0c156e3c-57cc-425b-90ef-9bcaa62a7535@group-7704A457760D, cid=20, SUCCESS, logIndex=32, commits[0c156e3c-57cc-425b-90ef-9bcaa62a7535:c33]
2019-06-14 13:45:28,035 INFO  client.GrpcClientProtocolClient (GrpcClientProtocolClient.java:onNext(254)) - client-E0FA40453D59->0c156e3c-57cc-425b-90ef-9bcaa62a7535: receive RaftClientReply:client-E0FA40453D59->0c156e3c-57cc-425b-90ef-9bcaa62a7535@group-7704A457760D, cid=21, SUCCESS, logIndex=34, commits[0c156e3c-57cc-425b-90ef-9bcaa62a7535:c34]
2019-06-14 13:45:28,096 DEBUG block.SCMBlockDeletingService (SCMBlockDeletingService.java:call(138)) - Running DeletedBlockTransactionScanner
2019-06-14 13:45:28,097 DEBUG block.SCMBlockDeletingService (SCMBlockDeletingService.java:call(155)) - Scanned deleted blocks log and got 0 delTX to process.
2019-06-14 13:45:28,104 INFO  client.GrpcClientProtocolClient (GrpcClientProtocolClient.java:onNext(254)) - client-E0FA40453D59->0c156e3c-57cc-425b-90ef-9bcaa62a7535: receive RaftClientReply:client-E0FA40453D59->0c156e3c-57cc-425b-90ef-9bcaa62a7535@group-7704A457760D, cid=22, SUCCESS, logIndex=36, commits[0c156e3c-57cc-425b-90ef-9bcaa62a7535:c36]
2019-06-14 13:45:28,147 INFO  client.GrpcClientProtocolClient (GrpcClientProtocolClient.java:onNext(254)) - client-E0FA40453D59->0c156e3c-57cc-425b-90ef-9bcaa62a7535: receive RaftClientReply:client-E0FA40453D59->0c156e3c-57cc-425b-90ef-9bcaa62a7535@group-7704A457760D, cid=23, SUCCESS, logIndex=37, commits[0c156e3c-57cc-425b-90ef-9bcaa62a7535:c39]
2019-06-14 13:45:28,151 INFO  client.GrpcClientProtocolClient (GrpcClientProtocolClient.java:onNext(254)) - client-E0FA40453D59->0c156e3c-57cc-425b-90ef-9bcaa62a7535: receive RaftClientReply:client-E0FA40453D59->0c156e3c-57cc-425b-90ef-9bcaa62a7535@group-7704A457760D, cid=24, SUCCESS, logIndex=38, commits[0c156e3c-57cc-425b-90ef-9bcaa62a7535:c39]
2019-06-14 13:45:28,197 DEBUG block.SCMBlockDeletingService (SCMBlockDeletingService.java:call(138)) - Running DeletedBlockTransactionScanner
2019-06-14 13:45:28,197 DEBUG block.SCMBlockDeletingService (SCMBlockDeletingService.java:call(155)) - Scanned deleted blocks log and got 0 delTX to process.
2019-06-14 13:45:28,215 INFO  client.GrpcClientProtocolClient (GrpcClientProtocolClient.java:onNext(254)) - client-E0FA40453D59->0c156e3c-57cc-425b-90ef-9bcaa62a7535: receive RaftClientReply:client-E0FA40453D59->0c156e3c-57cc-425b-90ef-9bcaa62a7535@group-7704A457760D, cid=25, SUCCESS, logIndex=40, commits[0c156e3c-57cc-425b-90ef-9bcaa62a7535:c40]
2019-06-14 13:45:28,282 INFO  client.GrpcClientProtocolClient (GrpcClientProtocolClient.java:onNext(254)) - client-E0FA40453D59->0c156e3c-57cc-425b-90ef-9bcaa62a7535: receive RaftClientReply:client-E0FA40453D59->0c156e3c-57cc-425b-90ef-9bcaa62a7535@group-7704A457760D, cid=26, SUCCESS, logIndex=42, commits[0c156e3c-57cc-425b-90ef-9bcaa62a7535:c44]
2019-06-14 13:45:28,283 INFO  client.GrpcClientProtocolClient (GrpcClientProtocolClient.java:onNext(254)) - client-E0FA40453D59->0c156e3c-57cc-425b-90ef-9bcaa62a7535: receive RaftClientReply:client-E0FA40453D59->0c156e3c-57cc-425b-90ef-9bcaa62a7535@group-7704A457760D, cid=27, SUCCESS, logIndex=43, commits[0c156e3c-57cc-425b-90ef-9bcaa62a7535:c44]
2019-06-14 13:45:28,285 INFO  client.GrpcClientProtocolClient (GrpcClientProtocolClient.java:onNext(254)) - client-E0FA40453D59->0c156e3c-57cc-425b-90ef-9bcaa62a7535: receive RaftClientReply:client-E0FA40453D59->0c156e3c-57cc-425b-90ef-9bcaa62a7535@group-7704A457760D, cid=28, SUCCESS, logIndex=44, commits[0c156e3c-57cc-425b-90ef-9bcaa62a7535:c44]
2019-06-14 13:45:28,298 DEBUG block.SCMBlockDeletingService (SCMBlockDeletingService.java:call(138)) - Running DeletedBlockTransactionScanner
2019-06-14 13:45:28,298 DEBUG block.SCMBlockDeletingService (SCMBlockDeletingService.java:call(155)) - Scanned deleted blocks log and got 0 delTX to process.
2019-06-14 13:45:28,348 INFO  client.GrpcClientProtocolClient (GrpcClientProtocolClient.java:onNext(254)) - client-E0FA40453D59->0c156e3c-57cc-425b-90ef-9bcaa62a7535: receive RaftClientReply:client-E0FA40453D59->0c156e3c-57cc-425b-90ef-9bcaa62a7535@group-7704A457760D, cid=29, SUCCESS, logIndex=46, commits[0c156e3c-57cc-425b-90ef-9bcaa62a7535:c46]
2019-06-14 13:45:28,398 DEBUG block.SCMBlockDeletingService (SCMBlockDeletingService.java:call(138)) - Running DeletedBlockTransactionScanner
2019-06-14 13:45:28,398 DEBUG block.SCMBlockDeletingService (SCMBlockDeletingService.java:call(155)) - Scanned deleted blocks log and got 0 delTX to process.
2019-06-14 13:45:28,415 INFO  client.GrpcClientProtocolClient (GrpcClientProtocolClient.java:onNext(254)) - client-E0FA40453D59->0c156e3c-57cc-425b-90ef-9bcaa62a7535: receive RaftClientReply:client-E0FA40453D59->0c156e3c-57cc-425b-90ef-9bcaa62a7535@group-7704A457760D, cid=30, SUCCESS, logIndex=48, commits[0c156e3c-57cc-425b-90ef-9bcaa62a7535:c50]
2019-06-14 13:45:28,417 INFO  client.GrpcClientProtocolClient (GrpcClientProtocolClient.java:onNext(254)) - client-E0FA40453D59->0c156e3c-57cc-425b-90ef-9bcaa62a7535: receive RaftClientReply:client-E0FA40453D59->0c156e3c-57cc-425b-90ef-9bcaa62a7535@group-7704A457760D, cid=31, SUCCESS, logIndex=49, commits[0c156e3c-57cc-425b-90ef-9bcaa62a7535:c50]
2019-06-14 13:45:28,420 INFO  client.GrpcClientProtocolClient (GrpcClientProtocolClient.java:onNext(254)) - client-E0FA40453D59->0c156e3c-57cc-425b-90ef-9bcaa62a7535: receive RaftClientReply:client-E0FA40453D59->0c156e3c-57cc-425b-90ef-9bcaa62a7535@group-7704A457760D, cid=32, SUCCESS, logIndex=50, commits[0c156e3c-57cc-425b-90ef-9bcaa62a7535:c50]
2019-06-14 13:45:28,484 INFO  client.GrpcClientProtocolClient (GrpcClientProtocolClient.java:onNext(254)) - client-E0FA40453D59->0c156e3c-57cc-425b-90ef-9bcaa62a7535: receive RaftClientReply:client-E0FA40453D59->0c156e3c-57cc-425b-90ef-9bcaa62a7535@group-7704A457760D, cid=33, SUCCESS, logIndex=52, commits[0c156e3c-57cc-425b-90ef-9bcaa62a7535:c52]
2019-06-14 13:45:28,499 DEBUG block.SCMBlockDeletingService (SCMBlockDeletingService.java:call(138)) - Running DeletedBlockTransactionScanner
2019-06-14 13:45:28,499 DEBUG block.SCMBlockDeletingService (SCMBlockDeletingService.java:call(155)) - Scanned deleted blocks log and got 0 delTX to process.
2019-06-14 13:45:28,537 INFO  client.GrpcClientProtocolClient (GrpcClientProtocolClient.java:onNext(254)) - client-E0FA40453D59->0c156e3c-57cc-425b-90ef-9bcaa62a7535: receive RaftClientReply:client-E0FA40453D59->0c156e3c-57cc-425b-90ef-9bcaa62a7535@group-7704A457760D, cid=34, SUCCESS, logIndex=54, commits[0c156e3c-57cc-425b-90ef-9bcaa62a7535:c56]
2019-06-14 13:45:28,540 INFO  client.GrpcClientProtocolClient (GrpcClientProtocolClient.java:onNext(254)) - client-E0FA40453D59->0c156e3c-57cc-425b-90ef-9bcaa62a7535: receive RaftClientReply:client-E0FA40453D59->0c156e3c-57cc-425b-90ef-9bcaa62a7535@group-7704A457760D, cid=35, SUCCESS, logIndex=55, commits[0c156e3c-57cc-425b-90ef-9bcaa62a7535:c56]
2019-06-14 13:45:28,540 INFO  client.GrpcClientProtocolClient (GrpcClientProtocolClient.java:onNext(254)) - client-E0FA40453D59->0c156e3c-57cc-425b-90ef-9bcaa62a7535: receive RaftClientReply:client-E0FA40453D59->0c156e3c-57cc-425b-90ef-9bcaa62a7535@group-7704A457760D, cid=36, SUCCESS, logIndex=56, commits[0c156e3c-57cc-425b-90ef-9bcaa62a7535:c56]
2019-06-14 13:45:28,572 INFO  client.GrpcClientProtocolClient (GrpcClientProtocolClient.java:onNext(254)) - client-E0FA40453D59->0c156e3c-57cc-425b-90ef-9bcaa62a7535: receive RaftClientReply:client-E0FA40453D59->0c156e3c-57cc-425b-90ef-9bcaa62a7535@group-7704A457760D, cid=37, SUCCESS, logIndex=58, commits[0c156e3c-57cc-425b-90ef-9bcaa62a7535:c58]
2019-06-14 13:45:28,599 DEBUG block.SCMBlockDeletingService (SCMBlockDeletingService.java:call(138)) - Running DeletedBlockTransactionScanner
2019-06-14 13:45:28,599 DEBUG block.SCMBlockDeletingService (SCMBlockDeletingService.java:call(155)) - Scanned deleted blocks log and got 0 delTX to process.
2019-06-14 13:45:28,600 INFO  client.GrpcClientProtocolClient (GrpcClientProtocolClient.java:onNext(254)) - client-E0FA40453D59->0c156e3c-57cc-425b-90ef-9bcaa62a7535: receive RaftClientReply:client-E0FA40453D59->0c156e3c-57cc-425b-90ef-9bcaa62a7535@group-7704A457760D, cid=38, SUCCESS, logIndex=60, commits[0c156e3c-57cc-425b-90ef-9bcaa62a7535:c62]
2019-06-14 13:45:28,601 INFO  client.GrpcClientProtocolClient (GrpcClientProtocolClient.java:onNext(254)) - client-E0FA40453D59->0c156e3c-57cc-425b-90ef-9bcaa62a7535: receive RaftClientReply:client-E0FA40453D59->0c156e3c-57cc-425b-90ef-9bcaa62a7535@group-7704A457760D, cid=39, SUCCESS, logIndex=61, commits[0c156e3c-57cc-425b-90ef-9bcaa62a7535:c62]
2019-06-14 13:45:28,604 INFO  client.GrpcClientProtocolClient (GrpcClientProtocolClient.java:onNext(254)) - client-E0FA40453D59->0c156e3c-57cc-425b-90ef-9bcaa62a7535: receive RaftClientReply:client-E0FA40453D59->0c156e3c-57cc-425b-90ef-9bcaa62a7535@group-7704A457760D, cid=40, SUCCESS, logIndex=62, commits[0c156e3c-57cc-425b-90ef-9bcaa62a7535:c62]
2019-06-14 13:45:28,633 INFO  client.GrpcClientProtocolClient (GrpcClientProtocolClient.java:onNext(254)) - client-E0FA40453D59->0c156e3c-57cc-425b-90ef-9bcaa62a7535: receive RaftClientReply:client-E0FA40453D59->0c156e3c-57cc-425b-90ef-9bcaa62a7535@group-7704A457760D, cid=41, SUCCESS, logIndex=64, commits[0c156e3c-57cc-425b-90ef-9bcaa62a7535:c64]
2019-06-14 13:45:28,655 INFO  client.GrpcClientProtocolClient (GrpcClientProtocolClient.java:onNext(254)) - client-E0FA40453D59->0c156e3c-57cc-425b-90ef-9bcaa62a7535: receive RaftClientReply:client-E0FA40453D59->0c156e3c-57cc-425b-90ef-9bcaa62a7535@group-7704A457760D, cid=42, SUCCESS, logIndex=66, commits[0c156e3c-57cc-425b-90ef-9bcaa62a7535:c68]
2019-06-14 13:45:28,656 INFO  client.GrpcClientProtocolClient (GrpcClientProtocolClient.java:onNext(254)) - client-E0FA40453D59->0c156e3c-57cc-425b-90ef-9bcaa62a7535: receive RaftClientReply:client-E0FA40453D59->0c156e3c-57cc-425b-90ef-9bcaa62a7535@group-7704A457760D, cid=43, SUCCESS, logIndex=67, commits[0c156e3c-57cc-425b-90ef-9bcaa62a7535:c68]
2019-06-14 13:45:28,660 INFO  client.GrpcClientProtocolClient (GrpcClientProtocolClient.java:onNext(254)) - client-E0FA40453D59->0c156e3c-57cc-425b-90ef-9bcaa62a7535: receive RaftClientReply:client-E0FA40453D59->0c156e3c-57cc-425b-90ef-9bcaa62a7535@group-7704A457760D, cid=44, SUCCESS, logIndex=68, commits[0c156e3c-57cc-425b-90ef-9bcaa62a7535:c68]
2019-06-14 13:45:28,700 DEBUG block.SCMBlockDeletingService (SCMBlockDeletingService.java:call(138)) - Running DeletedBlockTransactionScanner
2019-06-14 13:45:28,700 DEBUG block.SCMBlockDeletingService (SCMBlockDeletingService.java:call(155)) - Scanned deleted blocks log and got 0 delTX to process.
2019-06-14 13:45:28,761 INFO  storage.RaftLogWorker (RaftLogWorker.java:rollLogSegment(303)) - 0c156e3c-57cc-425b-90ef-9bcaa62a7535-RaftLogWorker: Rolling segment log-0_69 to index:69
2019-06-14 13:45:28,763 INFO  storage.RaftLogWorker (RaftLogWorker.java:execute(433)) - 0c156e3c-57cc-425b-90ef-9bcaa62a7535-RaftLogWorker: Rolled log segment from /opt/src/hadoop-ozone/integration-test/target/test-dir/MiniOzoneClusterImpl-8919240e-7e15-4dbf-8bf4-c210578586bb/datanode-0/data/ratis/1fc53845-3381-4beb-82f9-7704a457760d/current/log_inprogress_0 to /opt/src/hadoop-ozone/integration-test/target/test-dir/MiniOzoneClusterImpl-8919240e-7e15-4dbf-8bf4-c210578586bb/datanode-0/data/ratis/1fc53845-3381-4beb-82f9-7704a457760d/current/log_0-69
2019-06-14 13:45:28,800 DEBUG block.SCMBlockDeletingService (SCMBlockDeletingService.java:call(138)) - Running DeletedBlockTransactionScanner
2019-06-14 13:45:28,800 DEBUG block.SCMBlockDeletingService (SCMBlockDeletingService.java:call(155)) - Scanned deleted blocks log and got 0 delTX to process.
2019-06-14 13:45:28,826 INFO  storage.RaftLogWorker (RaftLogWorker.java:execute(469)) - 0c156e3c-57cc-425b-90ef-9bcaa62a7535-RaftLogWorker: created new log segment /opt/src/hadoop-ozone/integration-test/target/test-dir/MiniOzoneClusterImpl-8919240e-7e15-4dbf-8bf4-c210578586bb/datanode-0/data/ratis/1fc53845-3381-4beb-82f9-7704a457760d/current/log_inprogress_70
2019-06-14 13:45:28,836 INFO  client.GrpcClientProtocolClient (GrpcClientProtocolClient.java:onNext(254)) - client-E0FA40453D59->0c156e3c-57cc-425b-90ef-9bcaa62a7535: receive RaftClientReply:client-E0FA40453D59->0c156e3c-57cc-425b-90ef-9bcaa62a7535@group-7704A457760D, cid=45, SUCCESS, logIndex=70, commits[0c156e3c-57cc-425b-90ef-9bcaa62a7535:c70]
2019-06-14 13:45:28,878 INFO  client.GrpcClientProtocolClient (GrpcClientProtocolClient.java:onNext(254)) - client-E0FA40453D59->0c156e3c-57cc-425b-90ef-9bcaa62a7535: receive RaftClientReply:client-E0FA40453D59->0c156e3c-57cc-425b-90ef-9bcaa62a7535@group-7704A457760D, cid=46, SUCCESS, logIndex=72, commits[0c156e3c-57cc-425b-90ef-9bcaa62a7535:c74]
2019-06-14 13:45:28,880 INFO  client.GrpcClientProtocolClient (GrpcClientProtocolClient.java:onNext(254)) - client-E0FA40453D59->0c156e3c-57cc-425b-90ef-9bcaa62a7535: receive RaftClientReply:client-E0FA40453D59->0c156e3c-57cc-425b-90ef-9bcaa62a7535@group-7704A457760D, cid=47, SUCCESS, logIndex=73, commits[0c156e3c-57cc-425b-90ef-9bcaa62a7535:c74]
2019-06-14 13:45:28,881 INFO  client.GrpcClientProtocolClient (GrpcClientProtocolClient.java:onNext(254)) - client-E0FA40453D59->0c156e3c-57cc-425b-90ef-9bcaa62a7535: receive RaftClientReply:client-E0FA40453D59->0c156e3c-57cc-425b-90ef-9bcaa62a7535@group-7704A457760D, cid=48, SUCCESS, logIndex=74, commits[0c156e3c-57cc-425b-90ef-9bcaa62a7535:c74]
2019-06-14 13:45:28,901 DEBUG block.SCMBlockDeletingService (SCMBlockDeletingService.java:call(138)) - Running DeletedBlockTransactionScanner
2019-06-14 13:45:28,901 DEBUG block.SCMBlockDeletingService (SCMBlockDeletingService.java:call(155)) - Scanned deleted blocks log and got 0 delTX to process.
2019-06-14 13:45:28,946 INFO  client.GrpcClientProtocolClient (GrpcClientProtocolClient.java:onNext(254)) - client-E0FA40453D59->0c156e3c-57cc-425b-90ef-9bcaa62a7535: receive RaftClientReply:client-E0FA40453D59->0c156e3c-57cc-425b-90ef-9bcaa62a7535@group-7704A457760D, cid=49, SUCCESS, logIndex=76, commits[0c156e3c-57cc-425b-90ef-9bcaa62a7535:c76]
2019-06-14 13:45:28,980 INFO  client.GrpcClientProtocolClient (GrpcClientProtocolClient.java:onNext(254)) - client-E0FA40453D59->0c156e3c-57cc-425b-90ef-9bcaa62a7535: receive RaftClientReply:client-E0FA40453D59->0c156e3c-57cc-425b-90ef-9bcaa62a7535@group-7704A457760D, cid=50, SUCCESS, logIndex=78, commits[0c156e3c-57cc-425b-90ef-9bcaa62a7535:c80]
2019-06-14 13:45:28,982 INFO  client.GrpcClientProtocolClient (GrpcClientProtocolClient.java:onNext(254)) - client-E0FA40453D59->0c156e3c-57cc-425b-90ef-9bcaa62a7535: receive RaftClientReply:client-E0FA40453D59->0c156e3c-57cc-425b-90ef-9bcaa62a7535@group-7704A457760D, cid=51, SUCCESS, logIndex=79, commits[0c156e3c-57cc-425b-90ef-9bcaa62a7535:c80]
2019-06-14 13:45:28,982 INFO  client.GrpcClientProtocolClient (GrpcClientProtocolClient.java:onNext(254)) - client-E0FA40453D59->0c156e3c-57cc-425b-90ef-9bcaa62a7535: receive RaftClientReply:client-E0FA40453D59->0c156e3c-57cc-425b-90ef-9bcaa62a7535@group-7704A457760D, cid=52, SUCCESS, logIndex=80, commits[0c156e3c-57cc-425b-90ef-9bcaa62a7535:c80]
2019-06-14 13:45:29,001 DEBUG block.SCMBlockDeletingService (SCMBlockDeletingService.java:call(138)) - Running DeletedBlockTransactionScanner
2019-06-14 13:45:29,002 DEBUG block.SCMBlockDeletingService (SCMBlockDeletingService.java:call(155)) - Scanned deleted blocks log and got 0 delTX to process.
2019-06-14 13:45:29,049 INFO  client.GrpcClientProtocolClient (GrpcClientProtocolClient.java:onNext(254)) - client-E0FA40453D59->0c156e3c-57cc-425b-90ef-9bcaa62a7535: receive RaftClientReply:client-E0FA40453D59->0c156e3c-57cc-425b-90ef-9bcaa62a7535@group-7704A457760D, cid=53, SUCCESS, logIndex=82, commits[0c156e3c-57cc-425b-90ef-9bcaa62a7535:c82]
2019-06-14 13:45:29,073 INFO  client.GrpcClientProtocolClient (GrpcClientProtocolClient.java:onNext(254)) - client-E0FA40453D59->0c156e3c-57cc-425b-90ef-9bcaa62a7535: receive RaftClientReply:client-E0FA40453D59->0c156e3c-57cc-425b-90ef-9bcaa62a7535@group-7704A457760D, cid=54, SUCCESS, logIndex=84, commits[0c156e3c-57cc-425b-90ef-9bcaa62a7535:c86]
2019-06-14 13:45:29,076 INFO  client.GrpcClientProtocolClient (GrpcClientProtocolClient.java:onNext(254)) - client-E0FA40453D59->0c156e3c-57cc-425b-90ef-9bcaa62a7535: receive RaftClientReply:client-E0FA40453D59->0c156e3c-57cc-425b-90ef-9bcaa62a7535@group-7704A457760D, cid=55, SUCCESS, logIndex=85, commits[0c156e3c-57cc-425b-90ef-9bcaa62a7535:c86]
2019-06-14 13:45:29,077 INFO  client.GrpcClientProtocolClient (GrpcClientProtocolClient.java:onNext(254)) - client-E0FA40453D59->0c156e3c-57cc-425b-90ef-9bcaa62a7535: receive RaftClientReply:client-E0FA40453D59->0c156e3c-57cc-425b-90ef-9bcaa62a7535@group-7704A457760D, cid=56, SUCCESS, logIndex=86, commits[0c156e3c-57cc-425b-90ef-9bcaa62a7535:c86]
2019-06-14 13:45:29,102 DEBUG block.SCMBlockDeletingService (SCMBlockDeletingService.java:call(138)) - Running DeletedBlockTransactionScanner
2019-06-14 13:45:29,102 DEBUG block.SCMBlockDeletingService (SCMBlockDeletingService.java:call(155)) - Scanned deleted blocks log and got 0 delTX to process.
2019-06-14 13:45:29,199 INFO  client.GrpcClientProtocolClient (GrpcClientProtocolClient.java:onNext(254)) - client-E0FA40453D59->0c156e3c-57cc-425b-90ef-9bcaa62a7535: receive RaftClientReply:client-E0FA40453D59->0c156e3c-57cc-425b-90ef-9bcaa62a7535@group-7704A457760D, cid=57, SUCCESS, logIndex=88, commits[0c156e3c-57cc-425b-90ef-9bcaa62a7535:c88]
2019-06-14 13:45:29,202 DEBUG block.SCMBlockDeletingService (SCMBlockDeletingService.java:call(138)) - Running DeletedBlockTransactionScanner
2019-06-14 13:45:29,203 DEBUG block.SCMBlockDeletingService (SCMBlockDeletingService.java:call(155)) - Scanned deleted blocks log and got 0 delTX to process.
2019-06-14 13:45:29,263 INFO  client.GrpcClientProtocolClient (GrpcClientProtocolClient.java:onNext(254)) - client-E0FA40453D59->0c156e3c-57cc-425b-90ef-9bcaa62a7535: receive RaftClientReply:client-E0FA40453D59->0c156e3c-57cc-425b-90ef-9bcaa62a7535@group-7704A457760D, cid=58, SUCCESS, logIndex=90, commits[0c156e3c-57cc-425b-90ef-9bcaa62a7535:c90]
2019-06-14 13:45:29,272 INFO  client.GrpcClientProtocolClient (GrpcClientProtocolClient.java:onNext(254)) - client-E0FA40453D59->0c156e3c-57cc-425b-90ef-9bcaa62a7535: receive RaftClientReply:client-E0FA40453D59->0c156e3c-57cc-425b-90ef-9bcaa62a7535@group-7704A457760D, cid=59, SUCCESS, logIndex=91, commits[0c156e3c-57cc-425b-90ef-9bcaa62a7535:c92]
2019-06-14 13:45:29,272 INFO  client.GrpcClientProtocolClient (GrpcClientProtocolClient.java:onNext(254)) - client-E0FA40453D59->0c156e3c-57cc-425b-90ef-9bcaa62a7535: receive RaftClientReply:client-E0FA40453D59->0c156e3c-57cc-425b-90ef-9bcaa62a7535@group-7704A457760D, cid=60, SUCCESS, logIndex=92, commits[0c156e3c-57cc-425b-90ef-9bcaa62a7535:c94]
2019-06-14 13:45:29,350 DEBUG block.SCMBlockDeletingService (SCMBlockDeletingService.java:call(138)) - Running DeletedBlockTransactionScanner
2019-06-14 13:45:29,350 DEBUG block.SCMBlockDeletingService (SCMBlockDeletingService.java:call(155)) - Scanned deleted blocks log and got 0 delTX to process.
2019-06-14 13:45:29,368 INFO  client.GrpcClientProtocolClient (GrpcClientProtocolClient.java:onNext(254)) - client-E0FA40453D59->0c156e3c-57cc-425b-90ef-9bcaa62a7535: receive RaftClientReply:client-E0FA40453D59->0c156e3c-57cc-425b-90ef-9bcaa62a7535@group-7704A457760D, cid=61, SUCCESS, logIndex=95, commits[0c156e3c-57cc-425b-90ef-9bcaa62a7535:c95]
2019-06-14 13:45:29,382 INFO  client.GrpcClientProtocolClient (GrpcClientProtocolClient.java:onNext(254)) - client-E0FA40453D59->0c156e3c-57cc-425b-90ef-9bcaa62a7535: receive RaftClientReply:client-E0FA40453D59->0c156e3c-57cc-425b-90ef-9bcaa62a7535@group-7704A457760D, cid=62, SUCCESS, logIndex=97, commits[0c156e3c-57cc-425b-90ef-9bcaa62a7535:c98]
2019-06-14 13:45:29,394 INFO  client.GrpcClientProtocolClient (GrpcClientProtocolClient.java:onNext(254)) - client-E0FA40453D59->0c156e3c-57cc-425b-90ef-9bcaa62a7535: receive RaftClientReply:client-E0FA40453D59->0c156e3c-57cc-425b-90ef-9bcaa62a7535@group-7704A457760D, cid=63, SUCCESS, logIndex=99, commits[0c156e3c-57cc-425b-90ef-9bcaa62a7535:c99]
2019-06-14 13:45:29,395 INFO  client.GrpcClientProtocolClient (GrpcClientProtocolClient.java:onNext(254)) - client-E0FA40453D59->0c156e3c-57cc-425b-90ef-9bcaa62a7535: receive RaftClientReply:client-E0FA40453D59->0c156e3c-57cc-425b-90ef-9bcaa62a7535@group-7704A457760D, cid=64, SUCCESS, logIndex=100, commits[0c156e3c-57cc-425b-90ef-9bcaa62a7535:c101]
2019-06-14 13:45:29,421 INFO  client.GrpcClientProtocolClient (GrpcClientProtocolClient.java:onNext(254)) - client-E0FA40453D59->0c156e3c-57cc-425b-90ef-9bcaa62a7535: receive RaftClientReply:client-E0FA40453D59->0c156e3c-57cc-425b-90ef-9bcaa62a7535@group-7704A457760D, cid=65, SUCCESS, logIndex=103, commits[0c156e3c-57cc-425b-90ef-9bcaa62a7535:c103]
2019-06-14 13:45:29,430 INFO  client.GrpcClientProtocolClient (GrpcClientProtocolClient.java:onNext(254)) - client-E0FA40453D59->0c156e3c-57cc-425b-90ef-9bcaa62a7535: receive RaftClientReply:client-E0FA40453D59->0c156e3c-57cc-425b-90ef-9bcaa62a7535@group-7704A457760D, cid=66, SUCCESS, logIndex=105, commits[0c156e3c-57cc-425b-90ef-9bcaa62a7535:c105]
2019-06-14 13:45:29,440 INFO  client.GrpcClientProtocolClient (GrpcClientProtocolClient.java:onNext(254)) - client-E0FA40453D59->0c156e3c-57cc-425b-90ef-9bcaa62a7535: receive RaftClientReply:client-E0FA40453D59->0c156e3c-57cc-425b-90ef-9bcaa62a7535@group-7704A457760D, cid=67, SUCCESS, logIndex=107, commits[0c156e3c-57cc-425b-90ef-9bcaa62a7535:c109]
2019-06-14 13:45:29,443 INFO  client.GrpcClientProtocolClient (GrpcClientProtocolClient.java:onNext(254)) - client-E0FA40453D59->0c156e3c-57cc-425b-90ef-9bcaa62a7535: receive RaftClientReply:client-E0FA40453D59->0c156e3c-57cc-425b-90ef-9bcaa62a7535@group-7704A457760D, cid=68, SUCCESS, logIndex=108, commits[0c156e3c-57cc-425b-90ef-9bcaa62a7535:c109]
2019-06-14 13:45:29,453 DEBUG block.SCMBlockDeletingService (SCMBlockDeletingService.java:call(138)) - Running DeletedBlockTransactionScanner
2019-06-14 13:45:29,453 DEBUG block.SCMBlockDeletingService (SCMBlockDeletingService.java:call(155)) - Scanned deleted blocks log and got 0 delTX to process.
2019-06-14 13:45:29,462 INFO  client.GrpcClientProtocolClient (GrpcClientProtocolClient.java:onNext(254)) - client-E0FA40453D59->0c156e3c-57cc-425b-90ef-9bcaa62a7535: receive RaftClientReply:client-E0FA40453D59->0c156e3c-57cc-425b-90ef-9bcaa62a7535@group-7704A457760D, cid=69, SUCCESS, logIndex=110, commits[0c156e3c-57cc-425b-90ef-9bcaa62a7535:c110]
2019-06-14 13:45:29,471 INFO  client.GrpcClientProtocolClient (GrpcClientProtocolClient.java:onNext(254)) - client-E0FA40453D59->0c156e3c-57cc-425b-90ef-9bcaa62a7535: receive RaftClientReply:client-E0FA40453D59->0c156e3c-57cc-425b-90ef-9bcaa62a7535@group-7704A457760D, cid=70, SUCCESS, logIndex=112, commits[0c156e3c-57cc-425b-90ef-9bcaa62a7535:c113]
2019-06-14 13:45:29,481 INFO  client.GrpcClientProtocolClient (GrpcClientProtocolClient.java:onNext(254)) - client-E0FA40453D59->0c156e3c-57cc-425b-90ef-9bcaa62a7535: receive RaftClientReply:client-E0FA40453D59->0c156e3c-57cc-425b-90ef-9bcaa62a7535@group-7704A457760D, cid=71, SUCCESS, logIndex=114, commits[0c156e3c-57cc-425b-90ef-9bcaa62a7535:c115]
2019-06-14 13:45:29,482 INFO  client.GrpcClientProtocolClient (GrpcClientProtocolClient.java:onNext(254)) - client-E0FA40453D59->0c156e3c-57cc-425b-90ef-9bcaa62a7535: receive RaftClientReply:client-E0FA40453D59->0c156e3c-57cc-425b-90ef-9bcaa62a7535@group-7704A457760D, cid=72, SUCCESS, logIndex=115, commits[0c156e3c-57cc-425b-90ef-9bcaa62a7535:c115]
2019-06-14 13:45:29,511 INFO  client.GrpcClientProtocolClient (GrpcClientProtocolClient.java:onNext(254)) - client-E0FA40453D59->0c156e3c-57cc-425b-90ef-9bcaa62a7535: receive RaftClientReply:client-E0FA40453D59->0c156e3c-57cc-425b-90ef-9bcaa62a7535@group-7704A457760D, cid=73, SUCCESS, logIndex=117, commits[0c156e3c-57cc-425b-90ef-9bcaa62a7535:c117]
2019-06-14 13:45:29,519 INFO  client.GrpcClientProtocolClient (GrpcClientProtocolClient.java:onNext(254)) - client-E0FA40453D59->0c156e3c-57cc-425b-90ef-9bcaa62a7535: receive RaftClientReply:client-E0FA40453D59->0c156e3c-57cc-425b-90ef-9bcaa62a7535@group-7704A457760D, cid=74, SUCCESS, logIndex=119, commits[0c156e3c-57cc-425b-90ef-9bcaa62a7535:c121]
2019-06-14 13:45:29,522 INFO  client.GrpcClientProtocolClient (GrpcClientProtocolClient.java:onNext(254)) - client-E0FA40453D59->0c156e3c-57cc-425b-90ef-9bcaa62a7535: receive RaftClientReply:client-E0FA40453D59->0c156e3c-57cc-425b-90ef-9bcaa62a7535@group-7704A457760D, cid=75, SUCCESS, logIndex=120, commits[0c156e3c-57cc-425b-90ef-9bcaa62a7535:c121]
2019-06-14 13:45:29,523 INFO  client.GrpcClientProtocolClient (GrpcClientProtocolClient.java:onNext(254)) - client-E0FA40453D59->0c156e3c-57cc-425b-90ef-9bcaa62a7535: receive RaftClientReply:client-E0FA40453D59->0c156e3c-57cc-425b-90ef-9bcaa62a7535@group-7704A457760D, cid=76, SUCCESS, logIndex=121, commits[0c156e3c-57cc-425b-90ef-9bcaa62a7535:c121]
2019-06-14 13:45:29,540 INFO  client.GrpcClientProtocolClient (GrpcClientProtocolClient.java:onNext(254)) - client-E0FA40453D59->0c156e3c-57cc-425b-90ef-9bcaa62a7535: receive RaftClientReply:client-E0FA40453D59->0c156e3c-57cc-425b-90ef-9bcaa62a7535@group-7704A457760D, cid=77, SUCCESS, logIndex=123, commits[0c156e3c-57cc-425b-90ef-9bcaa62a7535:c124]
2019-06-14 13:45:29,547 INFO  client.GrpcClientProtocolClient (GrpcClientProtocolClient.java:onNext(254)) - client-E0FA40453D59->0c156e3c-57cc-425b-90ef-9bcaa62a7535: receive RaftClientReply:client-E0FA40453D59->0c156e3c-57cc-425b-90ef-9bcaa62a7535@group-7704A457760D, cid=78, SUCCESS, logIndex=125, commits[0c156e3c-57cc-425b-90ef-9bcaa62a7535:c126]
2019-06-14 13:45:29,551 INFO  client.GrpcClientProtocolClient (GrpcClientProtocolClient.java:onNext(254)) - client-E0FA40453D59->0c156e3c-57cc-425b-90ef-9bcaa62a7535: receive RaftClientReply:client-E0FA40453D59->0c156e3c-57cc-425b-90ef-9bcaa62a7535@group-7704A457760D, cid=79, SUCCESS, logIndex=127, commits[0c156e3c-57cc-425b-90ef-9bcaa62a7535:c128]
2019-06-14 13:45:29,552 INFO  client.GrpcClientProtocolClient (GrpcClientProtocolClient.java:onNext(254)) - client-E0FA40453D59->0c156e3c-57cc-425b-90ef-9bcaa62a7535: receive RaftClientReply:client-E0FA40453D59->0c156e3c-57cc-425b-90ef-9bcaa62a7535@group-7704A457760D, cid=80, SUCCESS, logIndex=128, commits[0c156e3c-57cc-425b-90ef-9bcaa62a7535:c129]
2019-06-14 13:45:29,554 DEBUG block.SCMBlockDeletingService (SCMBlockDeletingService.java:call(138)) - Running DeletedBlockTransactionScanner
2019-06-14 13:45:29,554 DEBUG block.SCMBlockDeletingService (SCMBlockDeletingService.java:call(155)) - Scanned deleted blocks log and got 0 delTX to process.
2019-06-14 13:45:29,569 INFO  client.GrpcClientProtocolClient (GrpcClientProtocolClient.java:onNext(254)) - client-E0FA40453D59->0c156e3c-57cc-425b-90ef-9bcaa62a7535: receive RaftClientReply:client-E0FA40453D59->0c156e3c-57cc-425b-90ef-9bcaa62a7535@group-7704A457760D, cid=81, SUCCESS, logIndex=130, commits[0c156e3c-57cc-425b-90ef-9bcaa62a7535:c130]
2019-06-14 13:45:29,574 INFO  client.GrpcClientProtocolClient (GrpcClientProtocolClient.java:onNext(254)) - client-E0FA40453D59->0c156e3c-57cc-425b-90ef-9bcaa62a7535: receive RaftClientReply:client-E0FA40453D59->0c156e3c-57cc-425b-90ef-9bcaa62a7535@group-7704A457760D, cid=82, SUCCESS, logIndex=132, commits[0c156e3c-57cc-425b-90ef-9bcaa62a7535:c132]
2019-06-14 13:45:29,577 INFO  client.GrpcClientProtocolClient (GrpcClientProtocolClient.java:onNext(254)) - client-E0FA40453D59->0c156e3c-57cc-425b-90ef-9bcaa62a7535: receive RaftClientReply:client-E0FA40453D59->0c156e3c-57cc-425b-90ef-9bcaa62a7535@group-7704A457760D, cid=83, SUCCESS, logIndex=133, commits[0c156e3c-57cc-425b-90ef-9bcaa62a7535:c135]
2019-06-14 13:45:29,578 INFO  client.GrpcClientProtocolClient (GrpcClientProtocolClient.java:onNext(254)) - client-E0FA40453D59->0c156e3c-57cc-425b-90ef-9bcaa62a7535: receive RaftClientReply:client-E0FA40453D59->0c156e3c-57cc-425b-90ef-9bcaa62a7535@group-7704A457760D, cid=84, SUCCESS, logIndex=134, commits[0c156e3c-57cc-425b-90ef-9bcaa62a7535:c136]
2019-06-14 13:45:29,588 INFO  client.GrpcClientProtocolClient (GrpcClientProtocolClient.java:onNext(254)) - client-E0FA40453D59->0c156e3c-57cc-425b-90ef-9bcaa62a7535: receive RaftClientReply:client-E0FA40453D59->0c156e3c-57cc-425b-90ef-9bcaa62a7535@group-7704A457760D, cid=85, SUCCESS, logIndex=137, commits[0c156e3c-57cc-425b-90ef-9bcaa62a7535:c137]
2019-06-14 13:45:29,590 INFO  storage.RaftLogWorker (RaftLogWorker.java:rollLogSegment(303)) - 0c156e3c-57cc-425b-90ef-9bcaa62a7535-RaftLogWorker: Rolling segment log-70_141 to index:141
2019-06-14 13:45:29,592 INFO  client.GrpcClientProtocolClient (GrpcClientProtocolClient.java:onNext(254)) - client-E0FA40453D59->0c156e3c-57cc-425b-90ef-9bcaa62a7535: receive RaftClientReply:client-E0FA40453D59->0c156e3c-57cc-425b-90ef-9bcaa62a7535@group-7704A457760D, cid=86, SUCCESS, logIndex=139, commits[0c156e3c-57cc-425b-90ef-9bcaa62a7535:c139]
2019-06-14 13:45:29,593 INFO  storage.RaftLogWorker (RaftLogWorker.java:execute(433)) - 0c156e3c-57cc-425b-90ef-9bcaa62a7535-RaftLogWorker: Rolled log segment from /opt/src/hadoop-ozone/integration-test/target/test-dir/MiniOzoneClusterImpl-8919240e-7e15-4dbf-8bf4-c210578586bb/datanode-0/data/ratis/1fc53845-3381-4beb-82f9-7704a457760d/current/log_inprogress_70 to /opt/src/hadoop-ozone/integration-test/target/test-dir/MiniOzoneClusterImpl-8919240e-7e15-4dbf-8bf4-c210578586bb/datanode-0/data/ratis/1fc53845-3381-4beb-82f9-7704a457760d/current/log_70-141
2019-06-14 13:45:29,595 INFO  client.GrpcClientProtocolClient (GrpcClientProtocolClient.java:onNext(254)) - client-E0FA40453D59->0c156e3c-57cc-425b-90ef-9bcaa62a7535: receive RaftClientReply:client-E0FA40453D59->0c156e3c-57cc-425b-90ef-9bcaa62a7535@group-7704A457760D, cid=87, SUCCESS, logIndex=141, commits[0c156e3c-57cc-425b-90ef-9bcaa62a7535:c141]
2019-06-14 13:45:29,635 INFO  storage.RaftLogWorker (RaftLogWorker.java:execute(469)) - 0c156e3c-57cc-425b-90ef-9bcaa62a7535-RaftLogWorker: created new log segment /opt/src/hadoop-ozone/integration-test/target/test-dir/MiniOzoneClusterImpl-8919240e-7e15-4dbf-8bf4-c210578586bb/datanode-0/data/ratis/1fc53845-3381-4beb-82f9-7704a457760d/current/log_inprogress_142
2019-06-14 13:45:29,639 INFO  client.GrpcClientProtocolClient (GrpcClientProtocolClient.java:onNext(254)) - client-E0FA40453D59->0c156e3c-57cc-425b-90ef-9bcaa62a7535: receive RaftClientReply:client-E0FA40453D59->0c156e3c-57cc-425b-90ef-9bcaa62a7535@group-7704A457760D, cid=88, SUCCESS, logIndex=142, commits[0c156e3c-57cc-425b-90ef-9bcaa62a7535:c143]
2019-06-14 13:45:29,654 DEBUG block.SCMBlockDeletingService (SCMBlockDeletingService.java:call(138)) - Running DeletedBlockTransactionScanner
2019-06-14 13:45:29,654 DEBUG block.SCMBlockDeletingService (SCMBlockDeletingService.java:call(155)) - Scanned deleted blocks log and got 0 delTX to process.
2019-06-14 13:45:29,743 INFO  client.GrpcClientProtocolClient (GrpcClientProtocolClient.java:onNext(254)) - client-E0FA40453D59->0c156e3c-57cc-425b-90ef-9bcaa62a7535: receive RaftClientReply:client-E0FA40453D59->0c156e3c-57cc-425b-90ef-9bcaa62a7535@group-7704A457760D, cid=89, SUCCESS, logIndex=144, commits[0c156e3c-57cc-425b-90ef-9bcaa62a7535:c144]
2019-06-14 13:45:29,754 INFO  client.GrpcClientProtocolClient (GrpcClientProtocolClient.java:onNext(254)) - client-E0FA40453D59->0c156e3c-57cc-425b-90ef-9bcaa62a7535: receive RaftClientReply:client-E0FA40453D59->0c156e3c-57cc-425b-90ef-9bcaa62a7535@group-7704A457760D, cid=90, SUCCESS, logIndex=146, commits[0c156e3c-57cc-425b-90ef-9bcaa62a7535:c146]
2019-06-14 13:45:29,755 INFO  client.GrpcClientProtocolClient (GrpcClientProtocolClient.java:onNext(254)) - client-E0FA40453D59->0c156e3c-57cc-425b-90ef-9bcaa62a7535: receive RaftClientReply:client-E0FA40453D59->0c156e3c-57cc-425b-90ef-9bcaa62a7535@group-7704A457760D, cid=91, SUCCESS, logIndex=147, commits[0c156e3c-57cc-425b-90ef-9bcaa62a7535:c149]
2019-06-14 13:45:29,755 DEBUG block.SCMBlockDeletingService (SCMBlockDeletingService.java:call(138)) - Running DeletedBlockTransactionScanner
2019-06-14 13:45:29,755 DEBUG block.SCMBlockDeletingService (SCMBlockDeletingService.java:call(155)) - Scanned deleted blocks log and got 0 delTX to process.
2019-06-14 13:45:29,757 INFO  client.GrpcClientProtocolClient (GrpcClientProtocolClient.java:onNext(254)) - client-E0FA40453D59->0c156e3c-57cc-425b-90ef-9bcaa62a7535: receive RaftClientReply:client-E0FA40453D59->0c156e3c-57cc-425b-90ef-9bcaa62a7535@group-7704A457760D, cid=92, SUCCESS, logIndex=149, commits[0c156e3c-57cc-425b-90ef-9bcaa62a7535:c151]
2019-06-14 13:45:29,771 INFO  client.GrpcClientProtocolClient (GrpcClientProtocolClient.java:onNext(254)) - client-E0FA40453D59->0c156e3c-57cc-425b-90ef-9bcaa62a7535: receive RaftClientReply:client-E0FA40453D59->0c156e3c-57cc-425b-90ef-9bcaa62a7535@group-7704A457760D, cid=93, SUCCESS, logIndex=152, commits[0c156e3c-57cc-425b-90ef-9bcaa62a7535:c152]
2019-06-14 13:45:29,777 INFO  client.GrpcClientProtocolClient (GrpcClientProtocolClient.java:onNext(254)) - client-E0FA40453D59->0c156e3c-57cc-425b-90ef-9bcaa62a7535: receive RaftClientReply:client-E0FA40453D59->0c156e3c-57cc-425b-90ef-9bcaa62a7535@group-7704A457760D, cid=94, SUCCESS, logIndex=154, commits[0c156e3c-57cc-425b-90ef-9bcaa62a7535:c156]
2019-06-14 13:45:29,778 INFO  client.GrpcClientProtocolClient (GrpcClientProtocolClient.java:onNext(254)) - client-E0FA40453D59->0c156e3c-57cc-425b-90ef-9bcaa62a7535: receive RaftClientReply:client-E0FA40453D59->0c156e3c-57cc-425b-90ef-9bcaa62a7535@group-7704A457760D, cid=95, SUCCESS, logIndex=156, commits[0c156e3c-57cc-425b-90ef-9bcaa62a7535:c157]
2019-06-14 13:45:29,778 INFO  client.GrpcClientProtocolClient (GrpcClientProtocolClient.java:onNext(254)) - client-E0FA40453D59->0c156e3c-57cc-425b-90ef-9bcaa62a7535: receive RaftClientReply:client-E0FA40453D59->0c156e3c-57cc-425b-90ef-9bcaa62a7535@group-7704A457760D, cid=96, SUCCESS, logIndex=157, commits[0c156e3c-57cc-425b-90ef-9bcaa62a7535:c159]
2019-06-14 13:45:29,794 INFO  client.GrpcClientProtocolClient (GrpcClientProtocolClient.java:onNext(254)) - client-E0FA40453D59->0c156e3c-57cc-425b-90ef-9bcaa62a7535: receive RaftClientReply:client-E0FA40453D59->0c156e3c-57cc-425b-90ef-9bcaa62a7535@group-7704A457760D, cid=97, SUCCESS, logIndex=160, commits[0c156e3c-57cc-425b-90ef-9bcaa62a7535:c160]
2019-06-14 13:45:29,864 DEBUG block.SCMBlockDeletingService (SCMBlockDeletingService.java:call(138)) - Running DeletedBlockTransactionScanner
2019-06-14 13:45:29,864 DEBUG block.SCMBlockDeletingService (SCMBlockDeletingService.java:call(155)) - Scanned deleted blocks log and got 0 delTX to process.
2019-06-14 13:45:29,873 INFO  client.GrpcClientProtocolClient (GrpcClientProtocolClient.java:onNext(254)) - client-E0FA40453D59->0c156e3c-57cc-425b-90ef-9bcaa62a7535: receive RaftClientReply:client-E0FA40453D59->0c156e3c-57cc-425b-90ef-9bcaa62a7535@group-7704A457760D, cid=98, SUCCESS, logIndex=162, commits[0c156e3c-57cc-425b-90ef-9bcaa62a7535:c162]
2019-06-14 13:45:29,877 INFO  client.GrpcClientProtocolClient (GrpcClientProtocolClient.java:onNext(254)) - client-E0FA40453D59->0c156e3c-57cc-425b-90ef-9bcaa62a7535: receive RaftClientReply:client-E0FA40453D59->0c156e3c-57cc-425b-90ef-9bcaa62a7535@group-7704A457760D, cid=99, SUCCESS, logIndex=164, commits[0c156e3c-57cc-425b-90ef-9bcaa62a7535:c164]
2019-06-14 13:45:29,880 INFO  client.GrpcClientProtocolClient (GrpcClientProtocolClient.java:onNext(254)) - client-E0FA40453D59->0c156e3c-57cc-425b-90ef-9bcaa62a7535: receive RaftClientReply:client-E0FA40453D59->0c156e3c-57cc-425b-90ef-9bcaa62a7535@group-7704A457760D, cid=100, SUCCESS, logIndex=166, commits[0c156e3c-57cc-425b-90ef-9bcaa62a7535:c166]
2019-06-14 13:45:29,895 INFO  client.GrpcClientProtocolClient (GrpcClientProtocolClient.java:onNext(254)) - client-E0FA40453D59->0c156e3c-57cc-425b-90ef-9bcaa62a7535: receive RaftClientReply:client-E0FA40453D59->0c156e3c-57cc-425b-90ef-9bcaa62a7535@group-7704A457760D, cid=101, SUCCESS, logIndex=168, commits[0c156e3c-57cc-425b-90ef-9bcaa62a7535:c168]
2019-06-14 13:45:29,898 INFO  client.GrpcClientProtocolClient (GrpcClientProtocolClient.java:onNext(254)) - client-E0FA40453D59->0c156e3c-57cc-425b-90ef-9bcaa62a7535: receive RaftClientReply:client-E0FA40453D59->0c156e3c-57cc-425b-90ef-9bcaa62a7535@group-7704A457760D, cid=102, SUCCESS, logIndex=170, commits[0c156e3c-57cc-425b-90ef-9bcaa62a7535:c170]
2019-06-14 13:45:29,905 INFO  client.GrpcClientProtocolClient (GrpcClientProtocolClient.java:onNext(254)) - client-E0FA40453D59->0c156e3c-57cc-425b-90ef-9bcaa62a7535: receive RaftClientReply:client-E0FA40453D59->0c156e3c-57cc-425b-90ef-9bcaa62a7535@group-7704A457760D, cid=103, SUCCESS, logIndex=171, commits[0c156e3c-57cc-425b-90ef-9bcaa62a7535:c173]
2019-06-14 13:45:29,906 INFO  client.GrpcClientProtocolClient (GrpcClientProtocolClient.java:onNext(254)) - client-E0FA40453D59->0c156e3c-57cc-425b-90ef-9bcaa62a7535: receive RaftClientReply:client-E0FA40453D59->0c156e3c-57cc-425b-90ef-9bcaa62a7535@group-7704A457760D, cid=104, SUCCESS, logIndex=173, commits[0c156e3c-57cc-425b-90ef-9bcaa62a7535:c173]
2019-06-14 13:45:29,929 INFO  client.GrpcClientProtocolClient (GrpcClientProtocolClient.java:onNext(254)) - client-E0FA40453D59->0c156e3c-57cc-425b-90ef-9bcaa62a7535: receive RaftClientReply:client-E0FA40453D59->0c156e3c-57cc-425b-90ef-9bcaa62a7535@group-7704A457760D, cid=105, SUCCESS, logIndex=175, commits[0c156e3c-57cc-425b-90ef-9bcaa62a7535:c175]
2019-06-14 13:45:29,933 INFO  client.GrpcClientProtocolClient (GrpcClientProtocolClient.java:onNext(254)) - client-E0FA40453D59->0c156e3c-57cc-425b-90ef-9bcaa62a7535: receive RaftClientReply:client-E0FA40453D59->0c156e3c-57cc-425b-90ef-9bcaa62a7535@group-7704A457760D, cid=106, SUCCESS, logIndex=177, commits[0c156e3c-57cc-425b-90ef-9bcaa62a7535:c177]
2019-06-14 13:45:29,937 INFO  client.GrpcClientProtocolClient (GrpcClientProtocolClient.java:onNext(254)) - client-E0FA40453D59->0c156e3c-57cc-425b-90ef-9bcaa62a7535: receive RaftClientReply:client-E0FA40453D59->0c156e3c-57cc-425b-90ef-9bcaa62a7535@group-7704A457760D, cid=107, SUCCESS, logIndex=178, commits[0c156e3c-57cc-425b-90ef-9bcaa62a7535:c179]
2019-06-14 13:45:29,937 INFO  client.GrpcClientProtocolClient (GrpcClientProtocolClient.java:onNext(254)) - client-E0FA40453D59->0c156e3c-57cc-425b-90ef-9bcaa62a7535: receive RaftClientReply:client-E0FA40453D59->0c156e3c-57cc-425b-90ef-9bcaa62a7535@group-7704A457760D, cid=108, SUCCESS, logIndex=180, commits[0c156e3c-57cc-425b-90ef-9bcaa62a7535:c181]
2019-06-14 13:45:29,953 INFO  client.GrpcClientProtocolClient (GrpcClientProtocolClient.java:onNext(254)) - client-E0FA40453D59->0c156e3c-57cc-425b-90ef-9bcaa62a7535: receive RaftClientReply:client-E0FA40453D59->0c156e3c-57cc-425b-90ef-9bcaa62a7535@group-7704A457760D, cid=109, SUCCESS, logIndex=182, commits[0c156e3c-57cc-425b-90ef-9bcaa62a7535:c182]
2019-06-14 13:45:29,958 INFO  client.GrpcClientProtocolClient (GrpcClientProtocolClient.java:onNext(254)) - client-E0FA40453D59->0c156e3c-57cc-425b-90ef-9bcaa62a7535: receive RaftClientReply:client-E0FA40453D59->0c156e3c-57cc-425b-90ef-9bcaa62a7535@group-7704A457760D, cid=110, SUCCESS, logIndex=184, commits[0c156e3c-57cc-425b-90ef-9bcaa62a7535:c184]
2019-06-14 13:45:29,962 INFO  client.GrpcClientProtocolClient (GrpcClientProtocolClient.java:onNext(254)) - client-E0FA40453D59->0c156e3c-57cc-425b-90ef-9bcaa62a7535: receive RaftClientReply:client-E0FA40453D59->0c156e3c-57cc-425b-90ef-9bcaa62a7535@group-7704A457760D, cid=111, SUCCESS, logIndex=186, commits[0c156e3c-57cc-425b-90ef-9bcaa62a7535:c187]
2019-06-14 13:45:29,965 DEBUG block.SCMBlockDeletingService (SCMBlockDeletingService.java:call(138)) - Running DeletedBlockTransactionScanner
2019-06-14 13:45:29,965 DEBUG block.SCMBlockDeletingService (SCMBlockDeletingService.java:call(155)) - Scanned deleted blocks log and got 0 delTX to process.
2019-06-14 13:45:29,968 INFO  client.GrpcClientProtocolClient (GrpcClientProtocolClient.java:onNext(254)) - client-E0FA40453D59->0c156e3c-57cc-425b-90ef-9bcaa62a7535: receive RaftClientReply:client-E0FA40453D59->0c156e3c-57cc-425b-90ef-9bcaa62a7535@group-7704A457760D, cid=112, SUCCESS, logIndex=187, commits[0c156e3c-57cc-425b-90ef-9bcaa62a7535:c187]
2019-06-14 13:45:30,000 INFO  client.GrpcClientProtocolClient (GrpcClientProtocolClient.java:onNext(254)) - client-E0FA40453D59->0c156e3c-57cc-425b-90ef-9bcaa62a7535: receive RaftClientReply:client-E0FA40453D59->0c156e3c-57cc-425b-90ef-9bcaa62a7535@group-7704A457760D, cid=113, SUCCESS, logIndex=189, commits[0c156e3c-57cc-425b-90ef-9bcaa62a7535:c189]
2019-06-14 13:45:30,013 INFO  client.GrpcClientProtocolClient (GrpcClientProtocolClient.java:onNext(254)) - client-E0FA40453D59->0c156e3c-57cc-425b-90ef-9bcaa62a7535: receive RaftClientReply:client-E0FA40453D59->0c156e3c-57cc-425b-90ef-9bcaa62a7535@group-7704A457760D, cid=114, SUCCESS, logIndex=191, commits[0c156e3c-57cc-425b-90ef-9bcaa62a7535:c191]
2019-06-14 13:45:30,022 INFO  client.GrpcClientProtocolClient (GrpcClientProtocolClient.java:onNext(254)) - client-E0FA40453D59->0c156e3c-57cc-425b-90ef-9bcaa62a7535: receive RaftClientReply:client-E0FA40453D59->0c156e3c-57cc-425b-90ef-9bcaa62a7535@group-7704A457760D, cid=115, SUCCESS, logIndex=193, commits[0c156e3c-57cc-425b-90ef-9bcaa62a7535:c194]
2019-06-14 13:45:30,023 INFO  client.GrpcClientProtocolClient (GrpcClientProtocolClient.java:onNext(254)) - client-E0FA40453D59->0c156e3c-57cc-425b-90ef-9bcaa62a7535: receive RaftClientReply:client-E0FA40453D59->0c156e3c-57cc-425b-90ef-9bcaa62a7535@group-7704A457760D, cid=116, SUCCESS, logIndex=194, commits[0c156e3c-57cc-425b-90ef-9bcaa62a7535:c194]
2019-06-14 13:45:30,035 INFO  client.GrpcClientProtocolClient (GrpcClientProtocolClient.java:onNext(254)) - client-E0FA40453D59->0c156e3c-57cc-425b-90ef-9bcaa62a7535: receive RaftClientReply:client-E0FA40453D59->0c156e3c-57cc-425b-90ef-9bcaa62a7535@group-7704A457760D, cid=117, SUCCESS, logIndex=196, commits[0c156e3c-57cc-425b-90ef-9bcaa62a7535:c196]
2019-06-14 13:45:30,051 INFO  client.GrpcClientProtocolClient (GrpcClientProtocolClient.java:onNext(254)) - client-E0FA40453D59->0c156e3c-57cc-425b-90ef-9bcaa62a7535: receive RaftClientReply:client-E0FA40453D59->0c156e3c-57cc-425b-90ef-9bcaa62a7535@group-7704A457760D, cid=118, SUCCESS, logIndex=198, commits[0c156e3c-57cc-425b-90ef-9bcaa62a7535:c198]
2019-06-14 13:45:30,055 INFO  client.GrpcClientProtocolClient (GrpcClientProtocolClient.java:onNext(254)) - client-E0FA40453D59->0c156e3c-57cc-425b-90ef-9bcaa62a7535: receive RaftClientReply:client-E0FA40453D59->0c156e3c-57cc-425b-90ef-9bcaa62a7535@group-7704A457760D, cid=119, SUCCESS, logIndex=200, commits[0c156e3c-57cc-425b-90ef-9bcaa62a7535:c200]
2019-06-14 13:45:30,063 INFO  client.GrpcClientProtocolClient (GrpcClientProtocolClient.java:onNext(254)) - client-E0FA40453D59->0c156e3c-57cc-425b-90ef-9bcaa62a7535: receive RaftClientReply:client-E0FA40453D59->0c156e3c-57cc-425b-90ef-9bcaa62a7535@group-7704A457760D, cid=120, SUCCESS, logIndex=201, commits[0c156e3c-57cc-425b-90ef-9bcaa62a7535:c201]
2019-06-14 13:45:30,065 DEBUG block.SCMBlockDeletingService (SCMBlockDeletingService.java:call(138)) - Running DeletedBlockTransactionScanner
2019-06-14 13:45:30,065 DEBUG block.SCMBlockDeletingService (SCMBlockDeletingService.java:call(155)) - Scanned deleted blocks log and got 0 delTX to process.
2019-06-14 13:45:30,085 INFO  client.GrpcClientProtocolClient (GrpcClientProtocolClient.java:onNext(254)) - client-E0FA40453D59->0c156e3c-57cc-425b-90ef-9bcaa62a7535: receive RaftClientReply:client-E0FA40453D59->0c156e3c-57cc-425b-90ef-9bcaa62a7535@group-7704A457760D, cid=121, SUCCESS, logIndex=204, commits[0c156e3c-57cc-425b-90ef-9bcaa62a7535:c204]
2019-06-14 13:45:30,091 INFO  client.GrpcClientProtocolClient (GrpcClientProtocolClient.java:onNext(254)) - client-E0FA40453D59->0c156e3c-57cc-425b-90ef-9bcaa62a7535: receive RaftClientReply:client-E0FA40453D59->0c156e3c-57cc-425b-90ef-9bcaa62a7535@group-7704A457760D, cid=122, SUCCESS, logIndex=206, commits[0c156e3c-57cc-425b-90ef-9bcaa62a7535:c206]
2019-06-14 13:45:30,107 INFO  client.GrpcClientProtocolClient (GrpcClientProtocolClient.java:onNext(254)) - client-E0FA40453D59->0c156e3c-57cc-425b-90ef-9bcaa62a7535: receive RaftClientReply:client-E0FA40453D59->0c156e3c-57cc-425b-90ef-9bcaa62a7535@group-7704A457760D, cid=123, SUCCESS, logIndex=208, commits[0c156e3c-57cc-425b-90ef-9bcaa62a7535:c209]
2019-06-14 13:45:30,108 INFO  client.GrpcClientProtocolClient (GrpcClientProtocolClient.java:onNext(254)) - client-E0FA40453D59->0c156e3c-57cc-425b-90ef-9bcaa62a7535: receive RaftClientReply:client-E0FA40453D59->0c156e3c-57cc-425b-90ef-9bcaa62a7535@group-7704A457760D, cid=124, SUCCESS, logIndex=209, commits[0c156e3c-57cc-425b-90ef-9bcaa62a7535:c210]
2019-06-14 13:45:30,124 INFO  client.GrpcClientProtocolClient (GrpcClientProtocolClient.java:onNext(254)) - client-E0FA40453D59->0c156e3c-57cc-425b-90ef-9bcaa62a7535: receive RaftClientReply:client-E0FA40453D59->0c156e3c-57cc-425b-90ef-9bcaa62a7535@group-7704A457760D, cid=125, SUCCESS, logIndex=211, commits[0c156e3c-57cc-425b-90ef-9bcaa62a7535:c212]
2019-06-14 13:45:30,126 INFO  client.GrpcClientProtocolClient (GrpcClientProtocolClient.java:onNext(254)) - client-E0FA40453D59->0c156e3c-57cc-425b-90ef-9bcaa62a7535: receive RaftClientReply:client-E0FA40453D59->0c156e3c-57cc-425b-90ef-9bcaa62a7535@group-7704A457760D, cid=126, SUCCESS, logIndex=213, commits[0c156e3c-57cc-425b-90ef-9bcaa62a7535:c213]
2019-06-14 13:45:30,144 INFO  client.GrpcClientProtocolClient (GrpcClientProtocolClient.java:onNext(254)) - client-E0FA40453D59->0c156e3c-57cc-425b-90ef-9bcaa62a7535: receive RaftClientReply:client-E0FA40453D59->0c156e3c-57cc-425b-90ef-9bcaa62a7535@group-7704A457760D, cid=127, SUCCESS, logIndex=215, commits[0c156e3c-57cc-425b-90ef-9bcaa62a7535:c216]
2019-06-14 13:45:30,146 INFO  client.GrpcClientProtocolClient (GrpcClientProtocolClient.java:onNext(254)) - client-E0FA40453D59->0c156e3c-57cc-425b-90ef-9bcaa62a7535: receive RaftClientReply:client-E0FA40453D59->0c156e3c-57cc-425b-90ef-9bcaa62a7535@group-7704A457760D, cid=128, SUCCESS, logIndex=217, commits[0c156e3c-57cc-425b-90ef-9bcaa62a7535:c218]
2019-06-14 13:45:30,165 DEBUG block.SCMBlockDeletingService (SCMBlockDeletingService.java:call(138)) - Running DeletedBlockTransactionScanner
2019-06-14 13:45:30,166 DEBUG block.SCMBlockDeletingService (SCMBlockDeletingService.java:call(155)) - Scanned deleted blocks log and got 0 delTX to process.
2019-06-14 13:45:30,171 INFO  storage.RaftLogWorker (RaftLogWorker.java:rollLogSegment(303)) - 0c156e3c-57cc-425b-90ef-9bcaa62a7535-RaftLogWorker: Rolling segment log-142_221 to index:221
2019-06-14 13:45:30,172 INFO  client.GrpcClientProtocolClient (GrpcClientProtocolClient.java:onNext(254)) - client-E0FA40453D59->0c156e3c-57cc-425b-90ef-9bcaa62a7535: receive RaftClientReply:client-E0FA40453D59->0c156e3c-57cc-425b-90ef-9bcaa62a7535@group-7704A457760D, cid=129, SUCCESS, logIndex=219, commits[0c156e3c-57cc-425b-90ef-9bcaa62a7535:c219]
2019-06-14 13:45:30,172 INFO  storage.RaftLogWorker (RaftLogWorker.java:execute(433)) - 0c156e3c-57cc-425b-90ef-9bcaa62a7535-RaftLogWorker: Rolled log segment from /opt/src/hadoop-ozone/integration-test/target/test-dir/MiniOzoneClusterImpl-8919240e-7e15-4dbf-8bf4-c210578586bb/datanode-0/data/ratis/1fc53845-3381-4beb-82f9-7704a457760d/current/log_inprogress_142 to /opt/src/hadoop-ozone/integration-test/target/test-dir/MiniOzoneClusterImpl-8919240e-7e15-4dbf-8bf4-c210578586bb/datanode-0/data/ratis/1fc53845-3381-4beb-82f9-7704a457760d/current/log_142-221
2019-06-14 13:45:30,177 INFO  client.GrpcClientProtocolClient (GrpcClientProtocolClient.java:onNext(254)) - client-E0FA40453D59->0c156e3c-57cc-425b-90ef-9bcaa62a7535: receive RaftClientReply:client-E0FA40453D59->0c156e3c-57cc-425b-90ef-9bcaa62a7535@group-7704A457760D, cid=130, SUCCESS, logIndex=221, commits[0c156e3c-57cc-425b-90ef-9bcaa62a7535:c221]
2019-06-14 13:45:30,227 INFO  storage.RaftLogWorker (RaftLogWorker.java:execute(469)) - 0c156e3c-57cc-425b-90ef-9bcaa62a7535-RaftLogWorker: created new log segment /opt/src/hadoop-ozone/integration-test/target/test-dir/MiniOzoneClusterImpl-8919240e-7e15-4dbf-8bf4-c210578586bb/datanode-0/data/ratis/1fc53845-3381-4beb-82f9-7704a457760d/current/log_inprogress_222
2019-06-14 13:45:30,233 INFO  client.GrpcClientProtocolClient (GrpcClientProtocolClient.java:onNext(254)) - client-E0FA40453D59->0c156e3c-57cc-425b-90ef-9bcaa62a7535: receive RaftClientReply:client-E0FA40453D59->0c156e3c-57cc-425b-90ef-9bcaa62a7535@group-7704A457760D, cid=131, SUCCESS, logIndex=222, commits[0c156e3c-57cc-425b-90ef-9bcaa62a7535:c224]
2019-06-14 13:45:30,234 INFO  client.GrpcClientProtocolClient (GrpcClientProtocolClient.java:onNext(254)) - client-E0FA40453D59->0c156e3c-57cc-425b-90ef-9bcaa62a7535: receive RaftClientReply:client-E0FA40453D59->0c156e3c-57cc-425b-90ef-9bcaa62a7535@group-7704A457760D, cid=132, SUCCESS, logIndex=224, commits[0c156e3c-57cc-425b-90ef-9bcaa62a7535:c225]
2019-06-14 13:45:30,266 DEBUG block.SCMBlockDeletingService (SCMBlockDeletingService.java:call(138)) - Running DeletedBlockTransactionScanner
2019-06-14 13:45:30,266 DEBUG block.SCMBlockDeletingService (SCMBlockDeletingService.java:call(155)) - Scanned deleted blocks log and got 0 delTX to process.
2019-06-14 13:45:30,353 INFO  client.GrpcClientProtocolClient (GrpcClientProtocolClient.java:onNext(254)) - client-E0FA40453D59->0c156e3c-57cc-425b-90ef-9bcaa62a7535: receive RaftClientReply:client-E0FA40453D59->0c156e3c-57cc-425b-90ef-9bcaa62a7535@group-7704A457760D, cid=133, SUCCESS, logIndex=226, commits[0c156e3c-57cc-425b-90ef-9bcaa62a7535:c227]
2019-06-14 13:45:30,366 INFO  client.GrpcClientProtocolClient (GrpcClientProtocolClient.java:onNext(254)) - client-E0FA40453D59->0c156e3c-57cc-425b-90ef-9bcaa62a7535: receive RaftClientReply:client-E0FA40453D59->0c156e3c-57cc-425b-90ef-9bcaa62a7535@group-7704A457760D, cid=134, SUCCESS, logIndex=228, commits[0c156e3c-57cc-425b-90ef-9bcaa62a7535:c228]
2019-06-14 13:45:30,368 DEBUG block.SCMBlockDeletingService (SCMBlockDeletingService.java:call(138)) - Running DeletedBlockTransactionScanner
2019-06-14 13:45:30,368 DEBUG block.SCMBlockDeletingService (SCMBlockDeletingService.java:call(155)) - Scanned deleted blocks log and got 0 delTX to process.
2019-06-14 13:45:30,373 INFO  client.GrpcClientProtocolClient (GrpcClientProtocolClient.java:onNext(254)) - client-E0FA40453D59->0c156e3c-57cc-425b-90ef-9bcaa62a7535: receive RaftClientReply:client-E0FA40453D59->0c156e3c-57cc-425b-90ef-9bcaa62a7535@group-7704A457760D, cid=135, SUCCESS, logIndex=229, commits[0c156e3c-57cc-425b-90ef-9bcaa62a7535:c231]
2019-06-14 13:45:30,377 INFO  client.GrpcClientProtocolClient (GrpcClientProtocolClient.java:onNext(254)) - client-E0FA40453D59->0c156e3c-57cc-425b-90ef-9bcaa62a7535: receive RaftClientReply:client-E0FA40453D59->0c156e3c-57cc-425b-90ef-9bcaa62a7535@group-7704A457760D, cid=136, SUCCESS, logIndex=230, commits[0c156e3c-57cc-425b-90ef-9bcaa62a7535:c231]
2019-06-14 13:45:30,464 INFO  client.GrpcClientProtocolClient (GrpcClientProtocolClient.java:onNext(254)) - client-E0FA40453D59->0c156e3c-57cc-425b-90ef-9bcaa62a7535: receive RaftClientReply:client-E0FA40453D59->0c156e3c-57cc-425b-90ef-9bcaa62a7535@group-7704A457760D, cid=137, SUCCESS, logIndex=232, commits[0c156e3c-57cc-425b-90ef-9bcaa62a7535:c232]
2019-06-14 13:45:30,468 DEBUG block.SCMBlockDeletingService (SCMBlockDeletingService.java:call(138)) - Running DeletedBlockTransactionScanner
2019-06-14 13:45:30,469 DEBUG block.SCMBlockDeletingService (SCMBlockDeletingService.java:call(155)) - Scanned deleted blocks log and got 0 delTX to process.
2019-06-14 13:45:30,473 INFO  client.GrpcClientProtocolClient (GrpcClientProtocolClient.java:onNext(254)) - client-E0FA40453D59->0c156e3c-57cc-425b-90ef-9bcaa62a7535: receive RaftClientReply:client-E0FA40453D59->0c156e3c-57cc-425b-90ef-9bcaa62a7535@group-7704A457760D, cid=138, SUCCESS, logIndex=234, commits[0c156e3c-57cc-425b-90ef-9bcaa62a7535:c234]
2019-06-14 13:45:30,479 INFO  client.GrpcClientProtocolClient (GrpcClientProtocolClient.java:onNext(254)) - client-E0FA40453D59->0c156e3c-57cc-425b-90ef-9bcaa62a7535: receive RaftClientReply:client-E0FA40453D59->0c156e3c-57cc-425b-90ef-9bcaa62a7535@group-7704A457760D, cid=139, SUCCESS, logIndex=236, commits[0c156e3c-57cc-425b-90ef-9bcaa62a7535:c236]
2019-06-14 13:45:30,487 INFO  client.GrpcClientProtocolClient (GrpcClientProtocolClient.java:onNext(254)) - client-E0FA40453D59->0c156e3c-57cc-425b-90ef-9bcaa62a7535: receive RaftClientReply:client-E0FA40453D59->0c156e3c-57cc-425b-90ef-9bcaa62a7535@group-7704A457760D, cid=140, SUCCESS, logIndex=238, commits[0c156e3c-57cc-425b-90ef-9bcaa62a7535:c238]
2019-06-14 13:45:30,499 INFO  client.GrpcClientProtocolClient (GrpcClientProtocolClient.java:onNext(254)) - client-E0FA40453D59->0c156e3c-57cc-425b-90ef-9bcaa62a7535: receive RaftClientReply:client-E0FA40453D59->0c156e3c-57cc-425b-90ef-9bcaa62a7535@group-7704A457760D, cid=141, SUCCESS, logIndex=240, commits[0c156e3c-57cc-425b-90ef-9bcaa62a7535:c240]
2019-06-14 13:45:30,507 INFO  client.GrpcClientProtocolClient (GrpcClientProtocolClient.java:onNext(254)) - client-E0FA40453D59->0c156e3c-57cc-425b-90ef-9bcaa62a7535: receive RaftClientReply:client-E0FA40453D59->0c156e3c-57cc-425b-90ef-9bcaa62a7535@group-7704A457760D, cid=142, SUCCESS, logIndex=242, commits[0c156e3c-57cc-425b-90ef-9bcaa62a7535:c242]
2019-06-14 13:45:30,509 INFO  client.GrpcClientProtocolClient (GrpcClientProtocolClient.java:onNext(254)) - client-E0FA40453D59->0c156e3c-57cc-425b-90ef-9bcaa62a7535: receive RaftClientReply:client-E0FA40453D59->0c156e3c-57cc-425b-90ef-9bcaa62a7535@group-7704A457760D, cid=143, SUCCESS, logIndex=244, commits[0c156e3c-57cc-425b-90ef-9bcaa62a7535:c244]
2019-06-14 13:45:30,515 INFO  client.GrpcClientProtocolClient (GrpcClientProtocolClient.java:onNext(254)) - client-E0FA40453D59->0c156e3c-57cc-425b-90ef-9bcaa62a7535: receive RaftClientReply:client-E0FA40453D59->0c156e3c-57cc-425b-90ef-9bcaa62a7535@group-7704A457760D, cid=144, SUCCESS, logIndex=246, commits[0c156e3c-57cc-425b-90ef-9bcaa62a7535:c247]
2019-06-14 13:45:30,549 INFO  client.GrpcClientProtocolClient (GrpcClientProtocolClient.java:onNext(254)) - client-E0FA40453D59->0c156e3c-57cc-425b-90ef-9bcaa62a7535: receive RaftClientReply:client-E0FA40453D59->0c156e3c-57cc-425b-90ef-9bcaa62a7535@group-7704A457760D, cid=145, SUCCESS, logIndex=248, commits[0c156e3c-57cc-425b-90ef-9bcaa62a7535:c248]
2019-06-14 13:45:30,554 INFO  client.GrpcClientProtocolClient (GrpcClientProtocolClient.java:onNext(254)) - client-E0FA40453D59->0c156e3c-57cc-425b-90ef-9bcaa62a7535: receive RaftClientReply:client-E0FA40453D59->0c156e3c-57cc-425b-90ef-9bcaa62a7535@group-7704A457760D, cid=146, SUCCESS, logIndex=250, commits[0c156e3c-57cc-425b-90ef-9bcaa62a7535:c250]
2019-06-14 13:45:30,555 INFO  client.GrpcClientProtocolClient (GrpcClientProtocolClient.java:onNext(254)) - client-E0FA40453D59->0c156e3c-57cc-425b-90ef-9bcaa62a7535: receive RaftClientReply:client-E0FA40453D59->0c156e3c-57cc-425b-90ef-9bcaa62a7535@group-7704A457760D, cid=147, SUCCESS, logIndex=251, commits[0c156e3c-57cc-425b-90ef-9bcaa62a7535:c252]
2019-06-14 13:45:30,566 INFO  client.GrpcClientProtocolClient (GrpcClientProtocolClient.java:onNext(254)) - client-E0FA40453D59->0c156e3c-57cc-425b-90ef-9bcaa62a7535: receive RaftClientReply:client-E0FA40453D59->0c156e3c-57cc-425b-90ef-9bcaa62a7535@group-7704A457760D, cid=148, SUCCESS, logIndex=254, commits[0c156e3c-57cc-425b-90ef-9bcaa62a7535:c254]
2019-06-14 13:45:30,570 DEBUG block.SCMBlockDeletingService (SCMBlockDeletingService.java:call(138)) - Running DeletedBlockTransactionScanner
2019-06-14 13:45:30,570 DEBUG block.SCMBlockDeletingService (SCMBlockDeletingService.java:call(155)) - Scanned deleted blocks log and got 0 delTX to process.
2019-06-14 13:45:30,591 INFO  client.GrpcClientProtocolClient (GrpcClientProtocolClient.java:onNext(254)) - client-E0FA40453D59->0c156e3c-57cc-425b-90ef-9bcaa62a7535: receive RaftClientReply:client-E0FA40453D59->0c156e3c-57cc-425b-90ef-9bcaa62a7535@group-7704A457760D, cid=149, SUCCESS, logIndex=256, commits[0c156e3c-57cc-425b-90ef-9bcaa62a7535:c256]
2019-06-14 13:45:30,597 INFO  client.GrpcClientProtocolClient (GrpcClientProtocolClient.java:onNext(254)) - client-E0FA40453D59->0c156e3c-57cc-425b-90ef-9bcaa62a7535: receive RaftClientReply:client-E0FA40453D59->0c156e3c-57cc-425b-90ef-9bcaa62a7535@group-7704A457760D, cid=150, SUCCESS, logIndex=258, commits[0c156e3c-57cc-425b-90ef-9bcaa62a7535:c258]
2019-06-14 13:45:30,606 INFO  client.GrpcClientProtocolClient (GrpcClientProtocolClient.java:onNext(254)) - client-E0FA40453D59->0c156e3c-57cc-425b-90ef-9bcaa62a7535: receive RaftClientReply:client-E0FA40453D59->0c156e3c-57cc-425b-90ef-9bcaa62a7535@group-7704A457760D, cid=151, SUCCESS, logIndex=259, commits[0c156e3c-57cc-425b-90ef-9bcaa62a7535:c260]
2019-06-14 13:45:30,624 INFO  client.GrpcClientProtocolClient (GrpcClientProtocolClient.java:onNext(254)) - client-E0FA40453D59->0c156e3c-57cc-425b-90ef-9bcaa62a7535: receive RaftClientReply:client-E0FA40453D59->0c156e3c-57cc-425b-90ef-9bcaa62a7535@group-7704A457760D, cid=152, SUCCESS, logIndex=260, commits[0c156e3c-57cc-425b-90ef-9bcaa62a7535:c260]
2019-06-14 13:45:30,670 DEBUG block.SCMBlockDeletingService (SCMBlockDeletingService.java:call(138)) - Running DeletedBlockTransactionScanner
2019-06-14 13:45:30,671 DEBUG block.SCMBlockDeletingService (SCMBlockDeletingService.java:call(155)) - Scanned deleted blocks log and got 0 delTX to process.
2019-06-14 13:45:30,677 INFO  client.GrpcClientProtocolClient (GrpcClientProtocolClient.java:onNext(254)) - client-E0FA40453D59->0c156e3c-57cc-425b-90ef-9bcaa62a7535: receive RaftClientReply:client-E0FA40453D59->0c156e3c-57cc-425b-90ef-9bcaa62a7535@group-7704A457760D, cid=153, SUCCESS, logIndex=263, commits[0c156e3c-57cc-425b-90ef-9bcaa62a7535:c263]
2019-06-14 13:45:30,686 INFO  client.GrpcClientProtocolClient (GrpcClientProtocolClient.java:onNext(254)) - client-E0FA40453D59->0c156e3c-57cc-425b-90ef-9bcaa62a7535: receive RaftClientReply:client-E0FA40453D59->0c156e3c-57cc-425b-90ef-9bcaa62a7535@group-7704A457760D, cid=154, SUCCESS, logIndex=265, commits[0c156e3c-57cc-425b-90ef-9bcaa62a7535:c267]
2019-06-14 13:45:30,691 INFO  client.GrpcClientProtocolClient (GrpcClientProtocolClient.java:onNext(254)) - client-E0FA40453D59->0c156e3c-57cc-425b-90ef-9bcaa62a7535: receive RaftClientReply:client-E0FA40453D59->0c156e3c-57cc-425b-90ef-9bcaa62a7535@group-7704A457760D, cid=155, SUCCESS, logIndex=266, commits[0c156e3c-57cc-425b-90ef-9bcaa62a7535:c267]
2019-06-14 13:45:30,691 INFO  client.GrpcClientProtocolClient (GrpcClientProtocolClient.java:onNext(254)) - client-E0FA40453D59->0c156e3c-57cc-425b-90ef-9bcaa62a7535: receive RaftClientReply:client-E0FA40453D59->0c156e3c-57cc-425b-90ef-9bcaa62a7535@group-7704A457760D, cid=156, SUCCESS, logIndex=267, commits[0c156e3c-57cc-425b-90ef-9bcaa62a7535:c267]
2019-06-14 13:45:30,753 INFO  client.GrpcClientProtocolClient (GrpcClientProtocolClient.java:onNext(254)) - client-E0FA40453D59->0c156e3c-57cc-425b-90ef-9bcaa62a7535: receive RaftClientReply:client-E0FA40453D59->0c156e3c-57cc-425b-90ef-9bcaa62a7535@group-7704A457760D, cid=157, SUCCESS, logIndex=269, commits[0c156e3c-57cc-425b-90ef-9bcaa62a7535:c269]
2019-06-14 13:45:30,771 DEBUG block.SCMBlockDeletingService (SCMBlockDeletingService.java:call(138)) - Running DeletedBlockTransactionScanner
2019-06-14 13:45:30,771 DEBUG block.SCMBlockDeletingService (SCMBlockDeletingService.java:call(155)) - Scanned deleted blocks log and got 0 delTX to process.
2019-06-14 13:45:30,781 INFO  client.GrpcClientProtocolClient (GrpcClientProtocolClient.java:onNext(254)) - client-E0FA40453D59->0c156e3c-57cc-425b-90ef-9bcaa62a7535: receive RaftClientReply:client-E0FA40453D59->0c156e3c-57cc-425b-90ef-9bcaa62a7535@group-7704A457760D, cid=158, SUCCESS, logIndex=271, commits[0c156e3c-57cc-425b-90ef-9bcaa62a7535:c273]
2019-06-14 13:45:30,790 INFO  client.GrpcClientProtocolClient (GrpcClientProtocolClient.java:onNext(254)) - client-E0FA40453D59->0c156e3c-57cc-425b-90ef-9bcaa62a7535: receive RaftClientReply:client-E0FA40453D59->0c156e3c-57cc-425b-90ef-9bcaa62a7535@group-7704A457760D, cid=159, SUCCESS, logIndex=272, commits[0c156e3c-57cc-425b-90ef-9bcaa62a7535:c273]
2019-06-14 13:45:30,792 INFO  client.GrpcClientProtocolClient (GrpcClientProtocolClient.java:onNext(254)) - client-E0FA40453D59->0c156e3c-57cc-425b-90ef-9bcaa62a7535: receive RaftClientReply:client-E0FA40453D59->0c156e3c-57cc-425b-90ef-9bcaa62a7535@group-7704A457760D, cid=160, SUCCESS, logIndex=273, commits[0c156e3c-57cc-425b-90ef-9bcaa62a7535:c273]
2019-06-14 13:45:30,820 INFO  client.GrpcClientProtocolClient (GrpcClientProtocolClient.java:onNext(254)) - client-E0FA40453D59->0c156e3c-57cc-425b-90ef-9bcaa62a7535: receive RaftClientReply:client-E0FA40453D59->0c156e3c-57cc-425b-90ef-9bcaa62a7535@group-7704A457760D, cid=161, SUCCESS, logIndex=275, commits[0c156e3c-57cc-425b-90ef-9bcaa62a7535:c275]
2019-06-14 13:45:30,825 INFO  client.GrpcClientProtocolClient (GrpcClientProtocolClient.java:onNext(254)) - client-E0FA40453D59->0c156e3c-57cc-425b-90ef-9bcaa62a7535: receive RaftClientReply:client-E0FA40453D59->0c156e3c-57cc-425b-90ef-9bcaa62a7535@group-7704A457760D, cid=162, SUCCESS, logIndex=277, commits[0c156e3c-57cc-425b-90ef-9bcaa62a7535:c277]
2019-06-14 13:45:30,837 INFO  client.GrpcClientProtocolClient (GrpcClientProtocolClient.java:onNext(254)) - client-E0FA40453D59->0c156e3c-57cc-425b-90ef-9bcaa62a7535: receive RaftClientReply:client-E0FA40453D59->0c156e3c-57cc-425b-90ef-9bcaa62a7535@group-7704A457760D, cid=163, SUCCESS, logIndex=278, commits[0c156e3c-57cc-425b-90ef-9bcaa62a7535:c279]
2019-06-14 13:45:30,838 INFO  client.GrpcClientProtocolClient (GrpcClientProtocolClient.java:onNext(254)) - client-E0FA40453D59->0c156e3c-57cc-425b-90ef-9bcaa62a7535: receive RaftClientReply:client-E0FA40453D59->0c156e3c-57cc-425b-90ef-9bcaa62a7535@group-7704A457760D, cid=164, SUCCESS, logIndex=280, commits[0c156e3c-57cc-425b-90ef-9bcaa62a7535:c281]
2019-06-14 13:45:30,866 INFO  client.GrpcClientProtocolClient (GrpcClientProtocolClient.java:onNext(254)) - client-E0FA40453D59->0c156e3c-57cc-425b-90ef-9bcaa62a7535: receive RaftClientReply:client-E0FA40453D59->0c156e3c-57cc-425b-90ef-9bcaa62a7535@group-7704A457760D, cid=165, SUCCESS, logIndex=282, commits[0c156e3c-57cc-425b-90ef-9bcaa62a7535:c282]
2019-06-14 13:45:30,872 DEBUG block.SCMBlockDeletingService (SCMBlockDeletingService.java:call(138)) - Running DeletedBlockTransactionScanner
2019-06-14 13:45:30,872 DEBUG block.SCMBlockDeletingService (SCMBlockDeletingService.java:call(155)) - Scanned deleted blocks log and got 0 delTX to process.
2019-06-14 13:45:30,872 INFO  client.GrpcClientProtocolClient (GrpcClientProtocolClient.java:onNext(254)) - client-E0FA40453D59->0c156e3c-57cc-425b-90ef-9bcaa62a7535: receive RaftClientReply:client-E0FA40453D59->0c156e3c-57cc-425b-90ef-9bcaa62a7535@group-7704A457760D, cid=166, SUCCESS, logIndex=284, commits[0c156e3c-57cc-425b-90ef-9bcaa62a7535:c284]
2019-06-14 13:45:30,873 INFO  client.GrpcClientProtocolClient (GrpcClientProtocolClient.java:onNext(254)) - client-E0FA40453D59->0c156e3c-57cc-425b-90ef-9bcaa62a7535: receive RaftClientReply:client-E0FA40453D59->0c156e3c-57cc-425b-90ef-9bcaa62a7535@group-7704A457760D, cid=167, SUCCESS, logIndex=285, commits[0c156e3c-57cc-425b-90ef-9bcaa62a7535:c285]
2019-06-14 13:45:30,873 INFO  client.GrpcClientProtocolClient (GrpcClientProtocolClient.java:onNext(254)) - client-E0FA40453D59->0c156e3c-57cc-425b-90ef-9bcaa62a7535: receive RaftClientReply:client-E0FA40453D59->0c156e3c-57cc-425b-90ef-9bcaa62a7535@group-7704A457760D, cid=168, SUCCESS, logIndex=287, commits[0c156e3c-57cc-425b-90ef-9bcaa62a7535:c287]
2019-06-14 13:45:30,904 INFO  client.GrpcClientProtocolClient (GrpcClientProtocolClient.java:onNext(254)) - client-E0FA40453D59->0c156e3c-57cc-425b-90ef-9bcaa62a7535: receive RaftClientReply:client-E0FA40453D59->0c156e3c-57cc-425b-90ef-9bcaa62a7535@group-7704A457760D, cid=169, SUCCESS, logIndex=290, commits[0c156e3c-57cc-425b-90ef-9bcaa62a7535:c290]
2019-06-14 13:45:30,911 INFO  client.GrpcClientProtocolClient (GrpcClientProtocolClient.java:onNext(254)) - client-E0FA40453D59->0c156e3c-57cc-425b-90ef-9bcaa62a7535: receive RaftClientReply:client-E0FA40453D59->0c156e3c-57cc-425b-90ef-9bcaa62a7535@group-7704A457760D, cid=170, SUCCESS, logIndex=292, commits[0c156e3c-57cc-425b-90ef-9bcaa62a7535:c292]
2019-06-14 13:45:30,915 INFO  client.GrpcClientProtocolClient (GrpcClientProtocolClient.java:onNext(254)) - client-E0FA40453D59->0c156e3c-57cc-425b-90ef-9bcaa62a7535: receive RaftClientReply:client-E0FA40453D59->0c156e3c-57cc-425b-90ef-9bcaa62a7535@group-7704A457760D, cid=171, SUCCESS, logIndex=293, commits[0c156e3c-57cc-425b-90ef-9bcaa62a7535:c295]
2019-06-14 13:45:30,917 INFO  client.GrpcClientProtocolClient (GrpcClientProtocolClient.java:onNext(254)) - client-E0FA40453D59->0c156e3c-57cc-425b-90ef-9bcaa62a7535: receive RaftClientReply:client-E0FA40453D59->0c156e3c-57cc-425b-90ef-9bcaa62a7535@group-7704A457760D, cid=172, SUCCESS, logIndex=295, commits[0c156e3c-57cc-425b-90ef-9bcaa62a7535:c295]
2019-06-14 13:45:30,934 INFO  storage.RaftLogWorker (RaftLogWorker.java:rollLogSegment(303)) - 0c156e3c-57cc-425b-90ef-9bcaa62a7535-RaftLogWorker: Rolling segment log-222_299 to index:299
2019-06-14 13:45:30,935 INFO  storage.RaftLogWorker (RaftLogWorker.java:execute(433)) - 0c156e3c-57cc-425b-90ef-9bcaa62a7535-RaftLogWorker: Rolled log segment from /opt/src/hadoop-ozone/integration-test/target/test-dir/MiniOzoneClusterImpl-8919240e-7e15-4dbf-8bf4-c210578586bb/datanode-0/data/ratis/1fc53845-3381-4beb-82f9-7704a457760d/current/log_inprogress_222 to /opt/src/hadoop-ozone/integration-test/target/test-dir/MiniOzoneClusterImpl-8919240e-7e15-4dbf-8bf4-c210578586bb/datanode-0/data/ratis/1fc53845-3381-4beb-82f9-7704a457760d/current/log_222-299
2019-06-14 13:45:30,934 INFO  client.GrpcClientProtocolClient (GrpcClientProtocolClient.java:onNext(254)) - client-E0FA40453D59->0c156e3c-57cc-425b-90ef-9bcaa62a7535: receive RaftClientReply:client-E0FA40453D59->0c156e3c-57cc-425b-90ef-9bcaa62a7535@group-7704A457760D, cid=173, SUCCESS, logIndex=298, commits[0c156e3c-57cc-425b-90ef-9bcaa62a7535:c298]
2019-06-14 13:45:30,973 DEBUG block.SCMBlockDeletingService (SCMBlockDeletingService.java:call(138)) - Running DeletedBlockTransactionScanner
2019-06-14 13:45:30,979 DEBUG block.SCMBlockDeletingService (SCMBlockDeletingService.java:call(155)) - Scanned deleted blocks log and got 0 delTX to process.
2019-06-14 13:45:30,982 INFO  storage.RaftLogWorker (RaftLogWorker.java:execute(469)) - 0c156e3c-57cc-425b-90ef-9bcaa62a7535-RaftLogWorker: created new log segment /opt/src/hadoop-ozone/integration-test/target/test-dir/MiniOzoneClusterImpl-8919240e-7e15-4dbf-8bf4-c210578586bb/datanode-0/data/ratis/1fc53845-3381-4beb-82f9-7704a457760d/current/log_inprogress_300
2019-06-14 13:45:30,989 INFO  client.GrpcClientProtocolClient (GrpcClientProtocolClient.java:onNext(254)) - client-E0FA40453D59->0c156e3c-57cc-425b-90ef-9bcaa62a7535: receive RaftClientReply:client-E0FA40453D59->0c156e3c-57cc-425b-90ef-9bcaa62a7535@group-7704A457760D, cid=174, SUCCESS, logIndex=300, commits[0c156e3c-57cc-425b-90ef-9bcaa62a7535:c302]
2019-06-14 13:45:30,989 INFO  client.GrpcClientProtocolClient (GrpcClientProtocolClient.java:onNext(254)) - client-E0FA40453D59->0c156e3c-57cc-425b-90ef-9bcaa62a7535: receive RaftClientReply:client-E0FA40453D59->0c156e3c-57cc-425b-90ef-9bcaa62a7535@group-7704A457760D, cid=175, SUCCESS, logIndex=301, commits[0c156e3c-57cc-425b-90ef-9bcaa62a7535:c302]
2019-06-14 13:45:30,990 INFO  client.GrpcClientProtocolClient (GrpcClientProtocolClient.java:onNext(254)) - client-E0FA40453D59->0c156e3c-57cc-425b-90ef-9bcaa62a7535: receive RaftClientReply:client-E0FA40453D59->0c156e3c-57cc-425b-90ef-9bcaa62a7535@group-7704A457760D, cid=176, SUCCESS, logIndex=302, commits[0c156e3c-57cc-425b-90ef-9bcaa62a7535:c303]
2019-06-14 13:45:31,079 DEBUG block.SCMBlockDeletingService (SCMBlockDeletingService.java:call(138)) - Running DeletedBlockTransactionScanner
2019-06-14 13:45:31,080 DEBUG block.SCMBlockDeletingService (SCMBlockDeletingService.java:call(155)) - Scanned deleted blocks log and got 0 delTX to process.
2019-06-14 13:45:31,362 DEBUG block.SCMBlockDeletingService (SCMBlockDeletingService.java:call(138)) - Running DeletedBlockTransactionScanner
2019-06-14 13:45:31,363 DEBUG block.SCMBlockDeletingService (SCMBlockDeletingService.java:call(155)) - Scanned deleted blocks log and got 0 delTX to process.
2019-06-14 13:45:31,394 INFO  client.GrpcClientProtocolClient (GrpcClientProtocolClient.java:onNext(254)) - client-E0FA40453D59->0c156e3c-57cc-425b-90ef-9bcaa62a7535: receive RaftClientReply:client-E0FA40453D59->0c156e3c-57cc-425b-90ef-9bcaa62a7535@group-7704A457760D, cid=177, SUCCESS, logIndex=304, commits[0c156e3c-57cc-425b-90ef-9bcaa62a7535:c304]
2019-06-14 13:45:31,407 INFO  client.GrpcClientProtocolClient (GrpcClientProtocolClient.java:onNext(254)) - client-E0FA40453D59->0c156e3c-57cc-425b-90ef-9bcaa62a7535: receive RaftClientReply:client-E0FA40453D59->0c156e3c-57cc-425b-90ef-9bcaa62a7535@group-7704A457760D, cid=178, SUCCESS, logIndex=306, commits[0c156e3c-57cc-425b-90ef-9bcaa62a7535:c306]
2019-06-14 13:45:31,408 INFO  client.GrpcClientProtocolClient (GrpcClientProtocolClient.java:onNext(254)) - client-E0FA40453D59->0c156e3c-57cc-425b-90ef-9bcaa62a7535: receive RaftClientReply:client-E0FA40453D59->0c156e3c-57cc-425b-90ef-9bcaa62a7535@group-7704A457760D, cid=179, SUCCESS, logIndex=308, commits[0c156e3c-57cc-425b-90ef-9bcaa62a7535:c308]
2019-06-14 13:45:31,409 INFO  client.GrpcClientProtocolClient (GrpcClientProtocolClient.java:onNext(254)) - client-E0FA40453D59->0c156e3c-57cc-425b-90ef-9bcaa62a7535: receive RaftClientReply:client-E0FA40453D59->0c156e3c-57cc-425b-90ef-9bcaa62a7535@group-7704A457760D, cid=180, SUCCESS, logIndex=309, commits[0c156e3c-57cc-425b-90ef-9bcaa62a7535:c310]
2019-06-14 13:45:31,418 INFO  client.GrpcClientProtocolClient (GrpcClientProtocolClient.java:onNext(254)) - client-E0FA40453D59->0c156e3c-57cc-425b-90ef-9bcaa62a7535: receive RaftClientReply:client-E0FA40453D59->0c156e3c-57cc-425b-90ef-9bcaa62a7535@group-7704A457760D, cid=181, SUCCESS, logIndex=311, commits[0c156e3c-57cc-425b-90ef-9bcaa62a7535:c311]
2019-06-14 13:45:31,426 INFO  client.GrpcClientProtocolClient (GrpcClientProtocolClient.java:onNext(254)) - client-E0FA40453D59->0c156e3c-57cc-425b-90ef-9bcaa62a7535: receive RaftClientReply:client-E0FA40453D59->0c156e3c-57cc-425b-90ef-9bcaa62a7535@group-7704A457760D, cid=182, SUCCESS, logIndex=313, commits[0c156e3c-57cc-425b-90ef-9bcaa62a7535:c313]
2019-06-14 13:45:31,435 INFO  client.GrpcClientProtocolClient (GrpcClientProtocolClient.java:onNext(254)) - client-E0FA40453D59->0c156e3c-57cc-425b-90ef-9bcaa62a7535: receive RaftClientReply:client-E0FA40453D59->0c156e3c-57cc-425b-90ef-9bcaa62a7535@group-7704A457760D, cid=183, SUCCESS, logIndex=315, commits[0c156e3c-57cc-425b-90ef-9bcaa62a7535:c316]
2019-06-14 13:45:31,436 INFO  client.GrpcClientProtocolClient (GrpcClientProtocolClient.java:onNext(254)) - client-E0FA40453D59->0c156e3c-57cc-425b-90ef-9bcaa62a7535: receive RaftClientReply:client-E0FA40453D59->0c156e3c-57cc-425b-90ef-9bcaa62a7535@group-7704A457760D, cid=184, SUCCESS, logIndex=316, commits[0c156e3c-57cc-425b-90ef-9bcaa62a7535:c316]
2019-06-14 13:45:31,452 INFO  client.GrpcClientProtocolClient (GrpcClientProtocolClient.java:onNext(254)) - client-E0FA40453D59->0c156e3c-57cc-425b-90ef-9bcaa62a7535: receive RaftClientReply:client-E0FA40453D59->0c156e3c-57cc-425b-90ef-9bcaa62a7535@group-7704A457760D, cid=185, SUCCESS, logIndex=318, commits[0c156e3c-57cc-425b-90ef-9bcaa62a7535:c318]
2019-06-14 13:45:31,457 INFO  client.GrpcClientProtocolClient (GrpcClientProtocolClient.java:onNext(254)) - client-E0FA40453D59->0c156e3c-57cc-425b-90ef-9bcaa62a7535: receive RaftClientReply:client-E0FA40453D59->0c156e3c-57cc-425b-90ef-9bcaa62a7535@group-7704A457760D, cid=186, SUCCESS, logIndex=320, commits[0c156e3c-57cc-425b-90ef-9bcaa62a7535:c320]
2019-06-14 13:45:31,458 INFO  client.GrpcClientProtocolClient (GrpcClientProtocolClient.java:onNext(254)) - client-E0FA40453D59->0c156e3c-57cc-425b-90ef-9bcaa62a7535: receive RaftClientReply:client-E0FA40453D59->0c156e3c-57cc-425b-90ef-9bcaa62a7535@group-7704A457760D, cid=187, SUCCESS, logIndex=321, commits[0c156e3c-57cc-425b-90ef-9bcaa62a7535:c323]
2019-06-14 13:45:31,459 INFO  client.GrpcClientProtocolClient (GrpcClientProtocolClient.java:onNext(254)) - client-E0FA40453D59->0c156e3c-57cc-425b-90ef-9bcaa62a7535: receive RaftClientReply:client-E0FA40453D59->0c156e3c-57cc-425b-90ef-9bcaa62a7535@group-7704A457760D, cid=188, SUCCESS, logIndex=322, commits[0c156e3c-57cc-425b-90ef-9bcaa62a7535:c323]
2019-06-14 13:45:31,470 DEBUG block.SCMBlockDeletingService (SCMBlockDeletingService.java:call(138)) - Running DeletedBlockTransactionScanner
2019-06-14 13:45:31,470 DEBUG block.SCMBlockDeletingService (SCMBlockDeletingService.java:call(155)) - Scanned deleted blocks log and got 0 delTX to process.
2019-06-14 13:45:31,472 INFO  client.GrpcClientProtocolClient (GrpcClientProtocolClient.java:onNext(254)) - client-E0FA40453D59->0c156e3c-57cc-425b-90ef-9bcaa62a7535: receive RaftClientReply:client-E0FA40453D59->0c156e3c-57cc-425b-90ef-9bcaa62a7535@group-7704A457760D, cid=189, SUCCESS, logIndex=325, commits[0c156e3c-57cc-425b-90ef-9bcaa62a7535:c325]
2019-06-14 13:45:31,482 INFO  client.GrpcClientProtocolClient (GrpcClientProtocolClient.java:onNext(254)) - client-E0FA40453D59->0c156e3c-57cc-425b-90ef-9bcaa62a7535: receive RaftClientReply:client-E0FA40453D59->0c156e3c-57cc-425b-90ef-9bcaa62a7535@group-7704A457760D, cid=190, SUCCESS, logIndex=327, commits[0c156e3c-57cc-425b-90ef-9bcaa62a7535:c327]
2019-06-14 13:45:31,485 INFO  client.GrpcClientProtocolClient (GrpcClientProtocolClient.java:onNext(254)) - client-E0FA40453D59->0c156e3c-57cc-425b-90ef-9bcaa62a7535: receive RaftClientReply:client-E0FA40453D59->0c156e3c-57cc-425b-90ef-9bcaa62a7535@group-7704A457760D, cid=191, SUCCESS, logIndex=329, commits[0c156e3c-57cc-425b-90ef-9bcaa62a7535:c330]
2019-06-14 13:45:31,485 INFO  client.GrpcClientProtocolClient (GrpcClientProtocolClient.java:onNext(254)) - client-E0FA40453D59->0c156e3c-57cc-425b-90ef-9bcaa62a7535: receive RaftClientReply:client-E0FA40453D59->0c156e3c-57cc-425b-90ef-9bcaa62a7535@group-7704A457760D, cid=192, SUCCESS, logIndex=330, commits[0c156e3c-57cc-425b-90ef-9bcaa62a7535:c330]
2019-06-14 13:45:31,507 INFO  client.GrpcClientProtocolClient (GrpcClientProtocolClient.java:onNext(254)) - client-E0FA40453D59->0c156e3c-57cc-425b-90ef-9bcaa62a7535: receive RaftClientReply:client-E0FA40453D59->0c156e3c-57cc-425b-90ef-9bcaa62a7535@group-7704A457760D, cid=193, SUCCESS, logIndex=332, commits[0c156e3c-57cc-425b-90ef-9bcaa62a7535:c332]
2019-06-14 13:45:31,513 INFO  client.GrpcClientProtocolClient (GrpcClientProtocolClient.java:onNext(254)) - client-E0FA40453D59->0c156e3c-57cc-425b-90ef-9bcaa62a7535: receive RaftClientReply:client-E0FA40453D59->0c156e3c-57cc-425b-90ef-9bcaa62a7535@group-7704A457760D, cid=194, SUCCESS, logIndex=334, commits[0c156e3c-57cc-425b-90ef-9bcaa62a7535:c334]
2019-06-14 13:45:31,514 INFO  client.GrpcClientProtocolClient (GrpcClientProtocolClient.java:onNext(254)) - client-E0FA40453D59->0c156e3c-57cc-425b-90ef-9bcaa62a7535: receive RaftClientReply:client-E0FA40453D59->0c156e3c-57cc-425b-90ef-9bcaa62a7535@group-7704A457760D, cid=195, SUCCESS, logIndex=335, commits[0c156e3c-57cc-425b-90ef-9bcaa62a7535:c337]
2019-06-14 13:45:31,515 INFO  client.GrpcClientProtocolClient (GrpcClientProtocolClient.java:onNext(254)) - client-E0FA40453D59->0c156e3c-57cc-425b-90ef-9bcaa62a7535: receive RaftClientReply:client-E0FA40453D59->0c156e3c-57cc-425b-90ef-9bcaa62a7535@group-7704A457760D, cid=196, SUCCESS, logIndex=337, commits[0c156e3c-57cc-425b-90ef-9bcaa62a7535:c337]
2019-06-14 13:45:31,528 INFO  client.GrpcClientProtocolClient (GrpcClientProtocolClient.java:onNext(254)) - client-E0FA40453D59->0c156e3c-57cc-425b-90ef-9bcaa62a7535: receive RaftClientReply:client-E0FA40453D59->0c156e3c-57cc-425b-90ef-9bcaa62a7535@group-7704A457760D, cid=197, SUCCESS, logIndex=339, commits[0c156e3c-57cc-425b-90ef-9bcaa62a7535:c339]
2019-06-14 13:45:31,532 INFO  client.GrpcClientProtocolClient (GrpcClientProtocolClient.java:onNext(254)) - client-E0FA40453D59->0c156e3c-57cc-425b-90ef-9bcaa62a7535: receive RaftClientReply:client-E0FA40453D59->0c156e3c-57cc-425b-90ef-9bcaa62a7535@group-7704A457760D, cid=198, SUCCESS, logIndex=341, commits[0c156e3c-57cc-425b-90ef-9bcaa62a7535:c341]
2019-06-14 13:45:31,539 INFO  client.GrpcClientProtocolClient (GrpcClientProtocolClient.java:onNext(254)) - client-E0FA40453D59->0c156e3c-57cc-425b-90ef-9bcaa62a7535: receive RaftClientReply:client-E0FA40453D59->0c156e3c-57cc-425b-90ef-9bcaa62a7535@group-7704A457760D, cid=199, SUCCESS, logIndex=342, commits[0c156e3c-57cc-425b-90ef-9bcaa62a7535:c344]
2019-06-14 13:45:31,545 INFO  client.GrpcClientProtocolClient (GrpcClientProtocolClient.java:onNext(254)) - client-E0FA40453D59->0c156e3c-57cc-425b-90ef-9bcaa62a7535: receive RaftClientReply:client-E0FA40453D59->0c156e3c-57cc-425b-90ef-9bcaa62a7535@group-7704A457760D, cid=200, SUCCESS, logIndex=344, commits[0c156e3c-57cc-425b-90ef-9bcaa62a7535:c345]
2019-06-14 13:45:31,563 INFO  client.GrpcClientProtocolClient (GrpcClientProtocolClient.java:onNext(254)) - client-E0FA40453D59->0c156e3c-57cc-425b-90ef-9bcaa62a7535: receive RaftClientReply:client-E0FA40453D59->0c156e3c-57cc-425b-90ef-9bcaa62a7535@group-7704A457760D, cid=201, SUCCESS, logIndex=346, commits[0c156e3c-57cc-425b-90ef-9bcaa62a7535:c346]
2019-06-14 13:45:31,574 DEBUG block.SCMBlockDeletingService (SCMBlockDeletingService.java:call(138)) - Running DeletedBlockTransactionScanner
2019-06-14 13:45:31,574 DEBUG block.SCMBlockDeletingService (SCMBlockDeletingService.java:call(155)) - Scanned deleted blocks log and got 0 delTX to process.
2019-06-14 13:45:31,574 INFO  client.GrpcClientProtocolClient (GrpcClientProtocolClient.java:onNext(254)) - client-E0FA40453D59->0c156e3c-57cc-425b-90ef-9bcaa62a7535: receive RaftClientReply:client-E0FA40453D59->0c156e3c-57cc-425b-90ef-9bcaa62a7535@group-7704A457760D, cid=202, SUCCESS, logIndex=348, commits[0c156e3c-57cc-425b-90ef-9bcaa62a7535:c348]
2019-06-14 13:45:31,575 INFO  client.GrpcClientProtocolClient (GrpcClientProtocolClient.java:onNext(254)) - client-E0FA40453D59->0c156e3c-57cc-425b-90ef-9bcaa62a7535: receive RaftClientReply:client-E0FA40453D59->0c156e3c-57cc-425b-90ef-9bcaa62a7535@group-7704A457760D, cid=203, SUCCESS, logIndex=349, commits[0c156e3c-57cc-425b-90ef-9bcaa62a7535:c351]
2019-06-14 13:45:31,575 INFO  client.GrpcClientProtocolClient (GrpcClientProtocolClient.java:onNext(254)) - client-E0FA40453D59->0c156e3c-57cc-425b-90ef-9bcaa62a7535: receive RaftClientReply:client-E0FA40453D59->0c156e3c-57cc-425b-90ef-9bcaa62a7535@group-7704A457760D, cid=204, SUCCESS, logIndex=350, commits[0c156e3c-57cc-425b-90ef-9bcaa62a7535:c351]
2019-06-14 13:45:31,600 INFO  client.GrpcClientProtocolClient (GrpcClientProtocolClient.java:onNext(254)) - client-E0FA40453D59->0c156e3c-57cc-425b-90ef-9bcaa62a7535: receive RaftClientReply:client-E0FA40453D59->0c156e3c-57cc-425b-90ef-9bcaa62a7535@group-7704A457760D, cid=205, SUCCESS, logIndex=352, commits[0c156e3c-57cc-425b-90ef-9bcaa62a7535:c352]
2019-06-14 13:45:31,602 INFO  client.GrpcClientProtocolClient (GrpcClientProtocolClient.java:onNext(254)) - client-E0FA40453D59->0c156e3c-57cc-425b-90ef-9bcaa62a7535: receive RaftClientReply:client-E0FA40453D59->0c156e3c-57cc-425b-90ef-9bcaa62a7535@group-7704A457760D, cid=206, SUCCESS, logIndex=354, commits[0c156e3c-57cc-425b-90ef-9bcaa62a7535:c354]
2019-06-14 13:45:31,615 INFO  client.GrpcClientProtocolClient (GrpcClientProtocolClient.java:onNext(254)) - client-E0FA40453D59->0c156e3c-57cc-425b-90ef-9bcaa62a7535: receive RaftClientReply:client-E0FA40453D59->0c156e3c-57cc-425b-90ef-9bcaa62a7535@group-7704A457760D, cid=207, SUCCESS, logIndex=355, commits[0c156e3c-57cc-425b-90ef-9bcaa62a7535:c355]
2019-06-14 13:45:31,615 INFO  client.GrpcClientProtocolClient (GrpcClientProtocolClient.java:onNext(254)) - client-E0FA40453D59->0c156e3c-57cc-425b-90ef-9bcaa62a7535: receive RaftClientReply:client-E0FA40453D59->0c156e3c-57cc-425b-90ef-9bcaa62a7535@group-7704A457760D, cid=208, SUCCESS, logIndex=357, commits[0c156e3c-57cc-425b-90ef-9bcaa62a7535:c358]
2019-06-14 13:45:31,649 INFO  client.GrpcClientProtocolClient (GrpcClientProtocolClient.java:onNext(254)) - client-E0FA40453D59->0c156e3c-57cc-425b-90ef-9bcaa62a7535: receive RaftClientReply:client-E0FA40453D59->0c156e3c-57cc-425b-90ef-9bcaa62a7535@group-7704A457760D, cid=209, SUCCESS, logIndex=359, commits[0c156e3c-57cc-425b-90ef-9bcaa62a7535:c359]
2019-06-14 13:45:31,654 INFO  client.GrpcClientProtocolClient (GrpcClientProtocolClient.java:onNext(254)) - client-E0FA40453D59->0c156e3c-57cc-425b-90ef-9bcaa62a7535: receive RaftClientReply:client-E0FA40453D59->0c156e3c-57cc-425b-90ef-9bcaa62a7535@group-7704A457760D, cid=210, SUCCESS, logIndex=361, commits[0c156e3c-57cc-425b-90ef-9bcaa62a7535:c361]
2019-06-14 13:45:31,655 INFO  client.GrpcClientProtocolClient (GrpcClientProtocolClient.java:onNext(254)) - client-E0FA40453D59->0c156e3c-57cc-425b-90ef-9bcaa62a7535: receive RaftClientReply:client-E0FA40453D59->0c156e3c-57cc-425b-90ef-9bcaa62a7535@group-7704A457760D, cid=211, SUCCESS, logIndex=362, commits[0c156e3c-57cc-425b-90ef-9bcaa62a7535:c364]
2019-06-14 13:45:31,656 INFO  client.GrpcClientProtocolClient (GrpcClientProtocolClient.java:onNext(254)) - client-E0FA40453D59->0c156e3c-57cc-425b-90ef-9bcaa62a7535: receive RaftClientReply:client-E0FA40453D59->0c156e3c-57cc-425b-90ef-9bcaa62a7535@group-7704A457760D, cid=212, SUCCESS, logIndex=363, commits[0c156e3c-57cc-425b-90ef-9bcaa62a7535:c364]
2019-06-14 13:45:31,677 INFO  client.GrpcClientProtocolClient (GrpcClientProtocolClient.java:onNext(254)) - client-E0FA40453D59->0c156e3c-57cc-425b-90ef-9bcaa62a7535: receive RaftClientReply:client-E0FA40453D59->0c156e3c-57cc-425b-90ef-9bcaa62a7535@group-7704A457760D, cid=213, SUCCESS, logIndex=365, commits[0c156e3c-57cc-425b-90ef-9bcaa62a7535:c365]
2019-06-14 13:45:31,677 DEBUG block.SCMBlockDeletingService (SCMBlockDeletingService.java:call(138)) - Running DeletedBlockTransactionScanner
2019-06-14 13:45:31,677 DEBUG block.SCMBlockDeletingService (SCMBlockDeletingService.java:call(155)) - Scanned deleted blocks log and got 0 delTX to process.
2019-06-14 13:45:31,681 INFO  storage.RaftLogWorker (RaftLogWorker.java:rollLogSegment(303)) - 0c156e3c-57cc-425b-90ef-9bcaa62a7535-RaftLogWorker: Rolling segment log-300_370 to index:370
2019-06-14 13:45:31,682 INFO  storage.RaftLogWorker (RaftLogWorker.java:execute(433)) - 0c156e3c-57cc-425b-90ef-9bcaa62a7535-RaftLogWorker: Rolled log segment from /opt/src/hadoop-ozone/integration-test/target/test-dir/MiniOzoneClusterImpl-8919240e-7e15-4dbf-8bf4-c210578586bb/datanode-0/data/ratis/1fc53845-3381-4beb-82f9-7704a457760d/current/log_inprogress_300 to /opt/src/hadoop-ozone/integration-test/target/test-dir/MiniOzoneClusterImpl-8919240e-7e15-4dbf-8bf4-c210578586bb/datanode-0/data/ratis/1fc53845-3381-4beb-82f9-7704a457760d/current/log_300-370
2019-06-14 13:45:31,695 INFO  client.GrpcClientProtocolClient (GrpcClientProtocolClient.java:onNext(254)) - client-E0FA40453D59->0c156e3c-57cc-425b-90ef-9bcaa62a7535: receive RaftClientReply:client-E0FA40453D59->0c156e3c-57cc-425b-90ef-9bcaa62a7535@group-7704A457760D, cid=214, SUCCESS, logIndex=367, commits[0c156e3c-57cc-425b-90ef-9bcaa62a7535:c367]
2019-06-14 13:45:31,696 INFO  client.GrpcClientProtocolClient (GrpcClientProtocolClient.java:onNext(254)) - client-E0FA40453D59->0c156e3c-57cc-425b-90ef-9bcaa62a7535: receive RaftClientReply:client-E0FA40453D59->0c156e3c-57cc-425b-90ef-9bcaa62a7535@group-7704A457760D, cid=215, SUCCESS, logIndex=369, commits[0c156e3c-57cc-425b-90ef-9bcaa62a7535:c369]
2019-06-14 13:45:31,746 INFO  storage.RaftLogWorker (RaftLogWorker.java:execute(469)) - 0c156e3c-57cc-425b-90ef-9bcaa62a7535-RaftLogWorker: created new log segment /opt/src/hadoop-ozone/integration-test/target/test-dir/MiniOzoneClusterImpl-8919240e-7e15-4dbf-8bf4-c210578586bb/datanode-0/data/ratis/1fc53845-3381-4beb-82f9-7704a457760d/current/log_inprogress_371
2019-06-14 13:45:31,756 INFO  client.GrpcClientProtocolClient (GrpcClientProtocolClient.java:onNext(254)) - client-E0FA40453D59->0c156e3c-57cc-425b-90ef-9bcaa62a7535: receive RaftClientReply:client-E0FA40453D59->0c156e3c-57cc-425b-90ef-9bcaa62a7535@group-7704A457760D, cid=216, SUCCESS, logIndex=371, commits[0c156e3c-57cc-425b-90ef-9bcaa62a7535:c371]
2019-06-14 13:45:31,778 DEBUG block.SCMBlockDeletingService (SCMBlockDeletingService.java:call(138)) - Running DeletedBlockTransactionScanner
2019-06-14 13:45:31,778 DEBUG block.SCMBlockDeletingService (SCMBlockDeletingService.java:call(155)) - Scanned deleted blocks log and got 0 delTX to process.
2019-06-14 13:45:31,785 INFO  client.GrpcClientProtocolClient (GrpcClientProtocolClient.java:onNext(254)) - client-E0FA40453D59->0c156e3c-57cc-425b-90ef-9bcaa62a7535: receive RaftClientReply:client-E0FA40453D59->0c156e3c-57cc-425b-90ef-9bcaa62a7535@group-7704A457760D, cid=217, SUCCESS, logIndex=373, commits[0c156e3c-57cc-425b-90ef-9bcaa62a7535:c373]
2019-06-14 13:45:31,791 INFO  client.GrpcClientProtocolClient (GrpcClientProtocolClient.java:onNext(254)) - client-E0FA40453D59->0c156e3c-57cc-425b-90ef-9bcaa62a7535: receive RaftClientReply:client-E0FA40453D59->0c156e3c-57cc-425b-90ef-9bcaa62a7535@group-7704A457760D, cid=218, SUCCESS, logIndex=375, commits[0c156e3c-57cc-425b-90ef-9bcaa62a7535:c377]
2019-06-14 13:45:31,792 INFO  client.GrpcClientProtocolClient (GrpcClientProtocolClient.java:onNext(254)) - client-E0FA40453D59->0c156e3c-57cc-425b-90ef-9bcaa62a7535: receive RaftClientReply:client-E0FA40453D59->0c156e3c-57cc-425b-90ef-9bcaa62a7535@group-7704A457760D, cid=219, SUCCESS, logIndex=376, commits[0c156e3c-57cc-425b-90ef-9bcaa62a7535:c377]
2019-06-14 13:45:31,793 INFO  client.GrpcClientProtocolClient (GrpcClientProtocolClient.java:onNext(254)) - client-E0FA40453D59->0c156e3c-57cc-425b-90ef-9bcaa62a7535: receive RaftClientReply:client-E0FA40453D59->0c156e3c-57cc-425b-90ef-9bcaa62a7535@group-7704A457760D, cid=220, SUCCESS, logIndex=377, commits[0c156e3c-57cc-425b-90ef-9bcaa62a7535:c378]
2019-06-14 13:45:31,878 DEBUG block.SCMBlockDeletingService (SCMBlockDeletingService.java:call(138)) - Running DeletedBlockTransactionScanner
2019-06-14 13:45:31,879 DEBUG block.SCMBlockDeletingService (SCMBlockDeletingService.java:call(155)) - Scanned deleted blocks log and got 0 delTX to process.
2019-06-14 13:45:31,978 INFO  client.GrpcClientProtocolClient (GrpcClientProtocolClient.java:onNext(254)) - client-E0FA40453D59->0c156e3c-57cc-425b-90ef-9bcaa62a7535: receive RaftClientReply:client-E0FA40453D59->0c156e3c-57cc-425b-90ef-9bcaa62a7535@group-7704A457760D, cid=221, SUCCESS, logIndex=379, commits[0c156e3c-57cc-425b-90ef-9bcaa62a7535:c379]
2019-06-14 13:45:31,983 DEBUG block.SCMBlockDeletingService (SCMBlockDeletingService.java:call(138)) - Running DeletedBlockTransactionScanner
2019-06-14 13:45:31,984 DEBUG block.SCMBlockDeletingService (SCMBlockDeletingService.java:call(155)) - Scanned deleted blocks log and got 0 delTX to process.
2019-06-14 13:45:31,985 INFO  client.GrpcClientProtocolClient (GrpcClientProtocolClient.java:onNext(254)) - client-E0FA40453D59->0c156e3c-57cc-425b-90ef-9bcaa62a7535: receive RaftClientReply:client-E0FA40453D59->0c156e3c-57cc-425b-90ef-9bcaa62a7535@group-7704A457760D, cid=222, SUCCESS, logIndex=381, commits[0c156e3c-57cc-425b-90ef-9bcaa62a7535:c383]
2019-06-14 13:45:31,986 INFO  client.GrpcClientProtocolClient (GrpcClientProtocolClient.java:onNext(254)) - client-E0FA40453D59->0c156e3c-57cc-425b-90ef-9bcaa62a7535: receive RaftClientReply:client-E0FA40453D59->0c156e3c-57cc-425b-90ef-9bcaa62a7535@group-7704A457760D, cid=223, SUCCESS, logIndex=382, commits[0c156e3c-57cc-425b-90ef-9bcaa62a7535:c384]
2019-06-14 13:45:31,991 INFO  client.GrpcClientProtocolClient (GrpcClientProtocolClient.java:onNext(254)) - client-E0FA40453D59->0c156e3c-57cc-425b-90ef-9bcaa62a7535: receive RaftClientReply:client-E0FA40453D59->0c156e3c-57cc-425b-90ef-9bcaa62a7535@group-7704A457760D, cid=224, SUCCESS, logIndex=383, commits[0c156e3c-57cc-425b-90ef-9bcaa62a7535:c384]
2019-06-14 13:45:32,012 INFO  client.GrpcClientProtocolClient (GrpcClientProtocolClient.java:onNext(254)) - client-E0FA40453D59->0c156e3c-57cc-425b-90ef-9bcaa62a7535: receive RaftClientReply:client-E0FA40453D59->0c156e3c-57cc-425b-90ef-9bcaa62a7535@group-7704A457760D, cid=225, SUCCESS, logIndex=386, commits[0c156e3c-57cc-425b-90ef-9bcaa62a7535:c386]
2019-06-14 13:45:32,017 INFO  client.GrpcClientProtocolClient (GrpcClientProtocolClient.java:onNext(254)) - client-E0FA40453D59->0c156e3c-57cc-425b-90ef-9bcaa62a7535: receive RaftClientReply:client-E0FA40453D59->0c156e3c-57cc-425b-90ef-9bcaa62a7535@group-7704A457760D, cid=226, SUCCESS, logIndex=388, commits[0c156e3c-57cc-425b-90ef-9bcaa62a7535:c388]
2019-06-14 13:45:32,018 INFO  client.GrpcClientProtocolClient (GrpcClientProtocolClient.java:onNext(254)) - client-E0FA40453D59->0c156e3c-57cc-425b-90ef-9bcaa62a7535: receive RaftClientReply:client-E0FA40453D59->0c156e3c-57cc-425b-90ef-9bcaa62a7535@group-7704A457760D, cid=227, SUCCESS, logIndex=389, commits[0c156e3c-57cc-425b-90ef-9bcaa62a7535:c391]
2019-06-14 13:45:32,021 INFO  client.GrpcClientProtocolClient (GrpcClientProtocolClient.java:onNext(254)) - client-E0FA40453D59->0c156e3c-57cc-425b-90ef-9bcaa62a7535: receive RaftClientReply:client-E0FA40453D59->0c156e3c-57cc-425b-90ef-9bcaa62a7535@group-7704A457760D, cid=228, SUCCESS, logIndex=391, commits[0c156e3c-57cc-425b-90ef-9bcaa62a7535:c392]
2019-06-14 13:45:32,032 INFO  client.GrpcClientProtocolClient (GrpcClientProtocolClient.java:onNext(254)) - client-E0FA40453D59->0c156e3c-57cc-425b-90ef-9bcaa62a7535: receive RaftClientReply:client-E0FA40453D59->0c156e3c-57cc-425b-90ef-9bcaa62a7535@group-7704A457760D, cid=229, SUCCESS, logIndex=393, commits[0c156e3c-57cc-425b-90ef-9bcaa62a7535:c393]
2019-06-14 13:45:32,035 INFO  client.GrpcClientProtocolClient (GrpcClientProtocolClient.java:onNext(254)) - client-E0FA40453D59->0c156e3c-57cc-425b-90ef-9bcaa62a7535: receive RaftClientReply:client-E0FA40453D59->0c156e3c-57cc-425b-90ef-9bcaa62a7535@group-7704A457760D, cid=230, SUCCESS, logIndex=395, commits[0c156e3c-57cc-425b-90ef-9bcaa62a7535:c395]
2019-06-14 13:45:32,039 INFO  client.GrpcClientProtocolClient (GrpcClientProtocolClient.java:onNext(254)) - client-E0FA40453D59->0c156e3c-57cc-425b-90ef-9bcaa62a7535: receive RaftClientReply:client-E0FA40453D59->0c156e3c-57cc-425b-90ef-9bcaa62a7535@group-7704A457760D, cid=231, SUCCESS, logIndex=397, commits[0c156e3c-57cc-425b-90ef-9bcaa62a7535:c398]
2019-06-14 13:45:32,040 INFO  client.GrpcClientProtocolClient (GrpcClientProtocolClient.java:onNext(254)) - client-E0FA40453D59->0c156e3c-57cc-425b-90ef-9bcaa62a7535: receive RaftClientReply:client-E0FA40453D59->0c156e3c-57cc-425b-90ef-9bcaa62a7535@group-7704A457760D, cid=232, SUCCESS, logIndex=398, commits[0c156e3c-57cc-425b-90ef-9bcaa62a7535:c399]
2019-06-14 13:45:32,061 INFO  client.GrpcClientProtocolClient (GrpcClientProtocolClient.java:onNext(254)) - client-E0FA40453D59->0c156e3c-57cc-425b-90ef-9bcaa62a7535: receive RaftClientReply:client-E0FA40453D59->0c156e3c-57cc-425b-90ef-9bcaa62a7535@group-7704A457760D, cid=233, SUCCESS, logIndex=401, commits[0c156e3c-57cc-425b-90ef-9bcaa62a7535:c401]
2019-06-14 13:45:32,062 INFO  client.GrpcClientProtocolClient (GrpcClientProtocolClient.java:onNext(254)) - client-E0FA40453D59->0c156e3c-57cc-425b-90ef-9bcaa62a7535: receive RaftClientReply:client-E0FA40453D59->0c156e3c-57cc-425b-90ef-9bcaa62a7535@group-7704A457760D, cid=234, SUCCESS, logIndex=403, commits[0c156e3c-57cc-425b-90ef-9bcaa62a7535:c403]
2019-06-14 13:45:32,074 INFO  client.GrpcClientProtocolClient (GrpcClientProtocolClient.java:onNext(254)) - client-E0FA40453D59->0c156e3c-57cc-425b-90ef-9bcaa62a7535: receive RaftClientReply:client-E0FA40453D59->0c156e3c-57cc-425b-90ef-9bcaa62a7535@group-7704A457760D, cid=235, SUCCESS, logIndex=405, commits[0c156e3c-57cc-425b-90ef-9bcaa62a7535:c405]
2019-06-14 13:45:32,081 INFO  client.GrpcClientProtocolClient (GrpcClientProtocolClient.java:onNext(254)) - client-E0FA40453D59->0c156e3c-57cc-425b-90ef-9bcaa62a7535: receive RaftClientReply:client-E0FA40453D59->0c156e3c-57cc-425b-90ef-9bcaa62a7535@group-7704A457760D, cid=236, SUCCESS, logIndex=406, commits[0c156e3c-57cc-425b-90ef-9bcaa62a7535:c406]
2019-06-14 13:45:32,086 DEBUG block.SCMBlockDeletingService (SCMBlockDeletingService.java:call(138)) - Running DeletedBlockTransactionScanner
2019-06-14 13:45:32,086 DEBUG block.SCMBlockDeletingService (SCMBlockDeletingService.java:call(155)) - Scanned deleted blocks log and got 0 delTX to process.
2019-06-14 13:45:32,094 INFO  client.GrpcClientProtocolClient (GrpcClientProtocolClient.java:onNext(254)) - client-E0FA40453D59->0c156e3c-57cc-425b-90ef-9bcaa62a7535: receive RaftClientReply:client-E0FA40453D59->0c156e3c-57cc-425b-90ef-9bcaa62a7535@group-7704A457760D, cid=237, SUCCESS, logIndex=409, commits[0c156e3c-57cc-425b-90ef-9bcaa62a7535:c409]
2019-06-14 13:45:32,109 INFO  client.GrpcClientProtocolClient (GrpcClientProtocolClient.java:onNext(254)) - client-E0FA40453D59->0c156e3c-57cc-425b-90ef-9bcaa62a7535: receive RaftClientReply:client-E0FA40453D59->0c156e3c-57cc-425b-90ef-9bcaa62a7535@group-7704A457760D, cid=238, SUCCESS, logIndex=411, commits[0c156e3c-57cc-425b-90ef-9bcaa62a7535:c411]
2019-06-14 13:45:32,127 INFO  client.GrpcClientProtocolClient (GrpcClientProtocolClient.java:onNext(254)) - client-E0FA40453D59->0c156e3c-57cc-425b-90ef-9bcaa62a7535: receive RaftClientReply:client-E0FA40453D59->0c156e3c-57cc-425b-90ef-9bcaa62a7535@group-7704A457760D, cid=239, SUCCESS, logIndex=413, commits[0c156e3c-57cc-425b-90ef-9bcaa62a7535:c414]
2019-06-14 13:45:32,127 INFO  client.GrpcClientProtocolClient (GrpcClientProtocolClient.java:onNext(254)) - client-E0FA40453D59->0c156e3c-57cc-425b-90ef-9bcaa62a7535: receive RaftClientReply:client-E0FA40453D59->0c156e3c-57cc-425b-90ef-9bcaa62a7535@group-7704A457760D, cid=240, SUCCESS, logIndex=414, commits[0c156e3c-57cc-425b-90ef-9bcaa62a7535:c414]
2019-06-14 13:45:32,163 INFO  client.GrpcClientProtocolClient (GrpcClientProtocolClient.java:onNext(254)) - client-E0FA40453D59->0c156e3c-57cc-425b-90ef-9bcaa62a7535: receive RaftClientReply:client-E0FA40453D59->0c156e3c-57cc-425b-90ef-9bcaa62a7535@group-7704A457760D, cid=241, SUCCESS, logIndex=417, commits[0c156e3c-57cc-425b-90ef-9bcaa62a7535:c417]
2019-06-14 13:45:32,178 INFO  client.GrpcClientProtocolClient (GrpcClientProtocolClient.java:onNext(254)) - client-E0FA40453D59->0c156e3c-57cc-425b-90ef-9bcaa62a7535: receive RaftClientReply:client-E0FA40453D59->0c156e3c-57cc-425b-90ef-9bcaa62a7535@group-7704A457760D, cid=242, SUCCESS, logIndex=419, commits[0c156e3c-57cc-425b-90ef-9bcaa62a7535:c419]
2019-06-14 13:45:32,179 INFO  client.GrpcClientProtocolClient (GrpcClientProtocolClient.java:onNext(254)) - client-E0FA40453D59->0c156e3c-57cc-425b-90ef-9bcaa62a7535: receive RaftClientReply:client-E0FA40453D59->0c156e3c-57cc-425b-90ef-9bcaa62a7535@group-7704A457760D, cid=243, SUCCESS, logIndex=420, commits[0c156e3c-57cc-425b-90ef-9bcaa62a7535:c422]
2019-06-14 13:45:32,179 INFO  client.GrpcClientProtocolClient (GrpcClientProtocolClient.java:onNext(254)) - client-E0FA40453D59->0c156e3c-57cc-425b-90ef-9bcaa62a7535: receive RaftClientReply:client-E0FA40453D59->0c156e3c-57cc-425b-90ef-9bcaa62a7535@group-7704A457760D, cid=244, SUCCESS, logIndex=421, commits[0c156e3c-57cc-425b-90ef-9bcaa62a7535:c422]
2019-06-14 13:45:32,189 DEBUG block.SCMBlockDeletingService (SCMBlockDeletingService.java:call(138)) - Running DeletedBlockTransactionScanner
2019-06-14 13:45:32,189 DEBUG block.SCMBlockDeletingService (SCMBlockDeletingService.java:call(155)) - Scanned deleted blocks log and got 0 delTX to process.
2019-06-14 13:45:32,191 INFO  client.GrpcClientProtocolClient (GrpcClientProtocolClient.java:onNext(254)) - client-E0FA40453D59->0c156e3c-57cc-425b-90ef-9bcaa62a7535: receive RaftClientReply:client-E0FA40453D59->0c156e3c-57cc-425b-90ef-9bcaa62a7535@group-7704A457760D, cid=245, SUCCESS, logIndex=423, commits[0c156e3c-57cc-425b-90ef-9bcaa62a7535:c423]
2019-06-14 13:45:32,196 INFO  client.GrpcClientProtocolClient (GrpcClientProtocolClient.java:onNext(254)) - client-E0FA40453D59->0c156e3c-57cc-425b-90ef-9bcaa62a7535: receive RaftClientReply:client-E0FA40453D59->0c156e3c-57cc-425b-90ef-9bcaa62a7535@group-7704A457760D, cid=246, SUCCESS, logIndex=425, commits[0c156e3c-57cc-425b-90ef-9bcaa62a7535:c425]
2019-06-14 13:45:32,197 INFO  client.GrpcClientProtocolClient (GrpcClientProtocolClient.java:onNext(254)) - client-E0FA40453D59->0c156e3c-57cc-425b-90ef-9bcaa62a7535: receive RaftClientReply:client-E0FA40453D59->0c156e3c-57cc-425b-90ef-9bcaa62a7535@group-7704A457760D, cid=247, SUCCESS, logIndex=426, commits[0c156e3c-57cc-425b-90ef-9bcaa62a7535:c427]
2019-06-14 13:45:32,205 INFO  client.GrpcClientProtocolClient (GrpcClientProtocolClient.java:onNext(254)) - client-E0FA40453D59->0c156e3c-57cc-425b-90ef-9bcaa62a7535: receive RaftClientReply:client-E0FA40453D59->0c156e3c-57cc-425b-90ef-9bcaa62a7535@group-7704A457760D, cid=248, SUCCESS, logIndex=428, commits[0c156e3c-57cc-425b-90ef-9bcaa62a7535:c428]
2019-06-14 13:45:32,227 INFO  client.GrpcClientProtocolClient (GrpcClientProtocolClient.java:onNext(254)) - client-E0FA40453D59->0c156e3c-57cc-425b-90ef-9bcaa62a7535: receive RaftClientReply:client-E0FA40453D59->0c156e3c-57cc-425b-90ef-9bcaa62a7535@group-7704A457760D, cid=249, SUCCESS, logIndex=430, commits[0c156e3c-57cc-425b-90ef-9bcaa62a7535:c430]
2019-06-14 13:45:32,237 INFO  client.GrpcClientProtocolClient (GrpcClientProtocolClient.java:onNext(254)) - client-E0FA40453D59->0c156e3c-57cc-425b-90ef-9bcaa62a7535: receive RaftClientReply:client-E0FA40453D59->0c156e3c-57cc-425b-90ef-9bcaa62a7535@group-7704A457760D, cid=250, SUCCESS, logIndex=432, commits[0c156e3c-57cc-425b-90ef-9bcaa62a7535:c432]
2019-06-14 13:45:32,243 INFO  client.GrpcClientProtocolClient (GrpcClientProtocolClient.java:onNext(254)) - client-E0FA40453D59->0c156e3c-57cc-425b-90ef-9bcaa62a7535: receive RaftClientReply:client-E0FA40453D59->0c156e3c-57cc-425b-90ef-9bcaa62a7535@group-7704A457760D, cid=251, SUCCESS, logIndex=433, commits[0c156e3c-57cc-425b-90ef-9bcaa62a7535:c435]
2019-06-14 13:45:32,246 INFO  client.GrpcClientProtocolClient (GrpcClientProtocolClient.java:onNext(254)) - client-E0FA40453D59->0c156e3c-57cc-425b-90ef-9bcaa62a7535: receive RaftClientReply:client-E0FA40453D59->0c156e3c-57cc-425b-90ef-9bcaa62a7535@group-7704A457760D, cid=252, SUCCESS, logIndex=435, commits[0c156e3c-57cc-425b-90ef-9bcaa62a7535:c436]
2019-06-14 13:45:32,262 INFO  client.GrpcClientProtocolClient (GrpcClientProtocolClient.java:onNext(254)) - client-E0FA40453D59->0c156e3c-57cc-425b-90ef-9bcaa62a7535: receive RaftClientReply:client-E0FA40453D59->0c156e3c-57cc-425b-90ef-9bcaa62a7535@group-7704A457760D, cid=253, SUCCESS, logIndex=437, commits[0c156e3c-57cc-425b-90ef-9bcaa62a7535:c438]
2019-06-14 13:45:32,271 INFO  client.GrpcClientProtocolClient (GrpcClientProtocolClient.java:onNext(254)) - client-E0FA40453D59->0c156e3c-57cc-425b-90ef-9bcaa62a7535: receive RaftClientReply:client-E0FA40453D59->0c156e3c-57cc-425b-90ef-9bcaa62a7535@group-7704A457760D, cid=254, SUCCESS, logIndex=439, commits[0c156e3c-57cc-425b-90ef-9bcaa62a7535:c439]
2019-06-14 13:45:32,272 INFO  client.GrpcClientProtocolClient (GrpcClientProtocolClient.java:onNext(254)) - client-E0FA40453D59->0c156e3c-57cc-425b-90ef-9bcaa62a7535: receive RaftClientReply:client-E0FA40453D59->0c156e3c-57cc-425b-90ef-9bcaa62a7535@group-7704A457760D, cid=255, SUCCESS, logIndex=440, commits[0c156e3c-57cc-425b-90ef-9bcaa62a7535:c440]
2019-06-14 13:45:32,274 INFO  client.GrpcClientProtocolClient (GrpcClientProtocolClient.java:onNext(254)) - client-E0FA40453D59->0c156e3c-57cc-425b-90ef-9bcaa62a7535: receive RaftClientReply:client-E0FA40453D59->0c156e3c-57cc-425b-90ef-9bcaa62a7535@group-7704A457760D, cid=256, SUCCESS, logIndex=443, commits[0c156e3c-57cc-425b-90ef-9bcaa62a7535:c443]
2019-06-14 13:45:32,290 DEBUG block.SCMBlockDeletingService (SCMBlockDeletingService.java:call(138)) - Running DeletedBlockTransactionScanner
2019-06-14 13:45:32,290 DEBUG block.SCMBlockDeletingService (SCMBlockDeletingService.java:call(155)) - Scanned deleted blocks log and got 0 delTX to process.
2019-06-14 13:45:32,297 INFO  client.GrpcClientProtocolClient (GrpcClientProtocolClient.java:onNext(254)) - client-E0FA40453D59->0c156e3c-57cc-425b-90ef-9bcaa62a7535: receive RaftClientReply:client-E0FA40453D59->0c156e3c-57cc-425b-90ef-9bcaa62a7535@group-7704A457760D, cid=257, SUCCESS, logIndex=445, commits[0c156e3c-57cc-425b-90ef-9bcaa62a7535:c445]
2019-06-14 13:45:32,299 INFO  storage.RaftLogWorker (RaftLogWorker.java:rollLogSegment(303)) - 0c156e3c-57cc-425b-90ef-9bcaa62a7535-RaftLogWorker: Rolling segment log-371_447 to index:447
2019-06-14 13:45:32,299 INFO  storage.RaftLogWorker (RaftLogWorker.java:execute(433)) - 0c156e3c-57cc-425b-90ef-9bcaa62a7535-RaftLogWorker: Rolled log segment from /opt/src/hadoop-ozone/integration-test/target/test-dir/MiniOzoneClusterImpl-8919240e-7e15-4dbf-8bf4-c210578586bb/datanode-0/data/ratis/1fc53845-3381-4beb-82f9-7704a457760d/current/log_inprogress_371 to /opt/src/hadoop-ozone/integration-test/target/test-dir/MiniOzoneClusterImpl-8919240e-7e15-4dbf-8bf4-c210578586bb/datanode-0/data/ratis/1fc53845-3381-4beb-82f9-7704a457760d/current/log_371-447
2019-06-14 13:45:32,311 INFO  client.GrpcClientProtocolClient (GrpcClientProtocolClient.java:onNext(254)) - client-E0FA40453D59->0c156e3c-57cc-425b-90ef-9bcaa62a7535: receive RaftClientReply:client-E0FA40453D59->0c156e3c-57cc-425b-90ef-9bcaa62a7535@group-7704A457760D, cid=258, SUCCESS, logIndex=447, commits[0c156e3c-57cc-425b-90ef-9bcaa62a7535:c447]
2019-06-14 13:45:32,362 INFO  storage.RaftLogWorker (RaftLogWorker.java:execute(469)) - 0c156e3c-57cc-425b-90ef-9bcaa62a7535-RaftLogWorker: created new log segment /opt/src/hadoop-ozone/integration-test/target/test-dir/MiniOzoneClusterImpl-8919240e-7e15-4dbf-8bf4-c210578586bb/datanode-0/data/ratis/1fc53845-3381-4beb-82f9-7704a457760d/current/log_inprogress_448
2019-06-14 13:45:32,366 INFO  client.GrpcClientProtocolClient (GrpcClientProtocolClient.java:onNext(254)) - client-E0FA40453D59->0c156e3c-57cc-425b-90ef-9bcaa62a7535: receive RaftClientReply:client-E0FA40453D59->0c156e3c-57cc-425b-90ef-9bcaa62a7535@group-7704A457760D, cid=259, SUCCESS, logIndex=448, commits[0c156e3c-57cc-425b-90ef-9bcaa62a7535:c451]
2019-06-14 13:45:32,372 INFO  client.GrpcClientProtocolClient (GrpcClientProtocolClient.java:onNext(254)) - client-E0FA40453D59->0c156e3c-57cc-425b-90ef-9bcaa62a7535: receive RaftClientReply:client-E0FA40453D59->0c156e3c-57cc-425b-90ef-9bcaa62a7535@group-7704A457760D, cid=260, SUCCESS, logIndex=450, commits[0c156e3c-57cc-425b-90ef-9bcaa62a7535:c451]
2019-06-14 13:45:32,384 INFO  client.GrpcClientProtocolClient (GrpcClientProtocolClient.java:onNext(254)) - client-E0FA40453D59->0c156e3c-57cc-425b-90ef-9bcaa62a7535: receive RaftClientReply:client-E0FA40453D59->0c156e3c-57cc-425b-90ef-9bcaa62a7535@group-7704A457760D, cid=261, SUCCESS, logIndex=452, commits[0c156e3c-57cc-425b-90ef-9bcaa62a7535:c452]
2019-06-14 13:45:32,389 INFO  client.GrpcClientProtocolClient (GrpcClientProtocolClient.java:onNext(254)) - client-E0FA40453D59->0c156e3c-57cc-425b-90ef-9bcaa62a7535: receive RaftClientReply:client-E0FA40453D59->0c156e3c-57cc-425b-90ef-9bcaa62a7535@group-7704A457760D, cid=262, SUCCESS, logIndex=454, commits[0c156e3c-57cc-425b-90ef-9bcaa62a7535:c456]
2019-06-14 13:45:32,389 INFO  client.GrpcClientProtocolClient (GrpcClientProtocolClient.java:onNext(254)) - client-E0FA40453D59->0c156e3c-57cc-425b-90ef-9bcaa62a7535: receive RaftClientReply:client-E0FA40453D59->0c156e3c-57cc-425b-90ef-9bcaa62a7535@group-7704A457760D, cid=263, SUCCESS, logIndex=455, commits[0c156e3c-57cc-425b-90ef-9bcaa62a7535:c456]
2019-06-14 13:45:32,390 DEBUG block.SCMBlockDeletingService (SCMBlockDeletingService.java:call(138)) - Running DeletedBlockTransactionScanner
2019-06-14 13:45:32,390 DEBUG block.SCMBlockDeletingService (SCMBlockDeletingService.java:call(155)) - Scanned deleted blocks log and got 0 delTX to process.
2019-06-14 13:45:32,391 INFO  client.GrpcClientProtocolClient (GrpcClientProtocolClient.java:onNext(254)) - client-E0FA40453D59->0c156e3c-57cc-425b-90ef-9bcaa62a7535: receive RaftClientReply:client-E0FA40453D59->0c156e3c-57cc-425b-90ef-9bcaa62a7535@group-7704A457760D, cid=264, SUCCESS, logIndex=456, commits[0c156e3c-57cc-425b-90ef-9bcaa62a7535:c457]
2019-06-14 13:45:32,491 DEBUG block.SCMBlockDeletingService (SCMBlockDeletingService.java:call(138)) - Running DeletedBlockTransactionScanner
2019-06-14 13:45:32,491 DEBUG block.SCMBlockDeletingService (SCMBlockDeletingService.java:call(155)) - Scanned deleted blocks log and got 0 delTX to process.
2019-06-14 13:45:32,504 INFO  client.GrpcClientProtocolClient (GrpcClientProtocolClient.java:onNext(254)) - client-E0FA40453D59->0c156e3c-57cc-425b-90ef-9bcaa62a7535: receive RaftClientReply:client-E0FA40453D59->0c156e3c-57cc-425b-90ef-9bcaa62a7535@group-7704A457760D, cid=265, SUCCESS, logIndex=458, commits[0c156e3c-57cc-425b-90ef-9bcaa62a7535:c458]
2019-06-14 13:45:32,515 INFO  client.GrpcClientProtocolClient (GrpcClientProtocolClient.java:onNext(254)) - client-E0FA40453D59->0c156e3c-57cc-425b-90ef-9bcaa62a7535: receive RaftClientReply:client-E0FA40453D59->0c156e3c-57cc-425b-90ef-9bcaa62a7535@group-7704A457760D, cid=266, SUCCESS, logIndex=460, commits[0c156e3c-57cc-425b-90ef-9bcaa62a7535:c460]
2019-06-14 13:45:32,527 INFO  client.GrpcClientProtocolClient (GrpcClientProtocolClient.java:onNext(254)) - client-E0FA40453D59->0c156e3c-57cc-425b-90ef-9bcaa62a7535: receive RaftClientReply:client-E0FA40453D59->0c156e3c-57cc-425b-90ef-9bcaa62a7535@group-7704A457760D, cid=267, SUCCESS, logIndex=461, commits[0c156e3c-57cc-425b-90ef-9bcaa62a7535:c463]
2019-06-14 13:45:32,528 INFO  client.GrpcClientProtocolClient (GrpcClientProtocolClient.java:onNext(254)) - client-E0FA40453D59->0c156e3c-57cc-425b-90ef-9bcaa62a7535: receive RaftClientReply:client-E0FA40453D59->0c156e3c-57cc-425b-90ef-9bcaa62a7535@group-7704A457760D, cid=268, SUCCESS, logIndex=463, commits[0c156e3c-57cc-425b-90ef-9bcaa62a7535:c463]
2019-06-14 13:45:32,542 INFO  client.GrpcClientProtocolClient (GrpcClientProtocolClient.java:onNext(254)) - client-E0FA40453D59->0c156e3c-57cc-425b-90ef-9bcaa62a7535: receive RaftClientReply:client-E0FA40453D59->0c156e3c-57cc-425b-90ef-9bcaa62a7535@group-7704A457760D, cid=269, SUCCESS, logIndex=465, commits[0c156e3c-57cc-425b-90ef-9bcaa62a7535:c466]
2019-06-14 13:45:32,599 DEBUG block.SCMBlockDeletingService (SCMBlockDeletingService.java:call(138)) - Running DeletedBlockTransactionScanner
2019-06-14 13:45:32,599 DEBUG block.SCMBlockDeletingService (SCMBlockDeletingService.java:call(155)) - Scanned deleted blocks log and got 0 delTX to process.
2019-06-14 13:45:32,601 INFO  client.GrpcClientProtocolClient (GrpcClientProtocolClient.java:onNext(254)) - client-E0FA40453D59->0c156e3c-57cc-425b-90ef-9bcaa62a7535: receive RaftClientReply:client-E0FA40453D59->0c156e3c-57cc-425b-90ef-9bcaa62a7535@group-7704A457760D, cid=270, SUCCESS, logIndex=467, commits[0c156e3c-57cc-425b-90ef-9bcaa62a7535:c467]
2019-06-14 13:45:32,611 INFO  client.GrpcClientProtocolClient (GrpcClientProtocolClient.java:onNext(254)) - client-E0FA40453D59->0c156e3c-57cc-425b-90ef-9bcaa62a7535: receive RaftClientReply:client-E0FA40453D59->0c156e3c-57cc-425b-90ef-9bcaa62a7535@group-7704A457760D, cid=271, SUCCESS, logIndex=468, commits[0c156e3c-57cc-425b-90ef-9bcaa62a7535:c470]
2019-06-14 13:45:32,619 INFO  client.GrpcClientProtocolClient (GrpcClientProtocolClient.java:onNext(254)) - client-E0FA40453D59->0c156e3c-57cc-425b-90ef-9bcaa62a7535: receive RaftClientReply:client-E0FA40453D59->0c156e3c-57cc-425b-90ef-9bcaa62a7535@group-7704A457760D, cid=272, SUCCESS, logIndex=469, commits[0c156e3c-57cc-425b-90ef-9bcaa62a7535:c470]
2019-06-14 13:45:32,637 INFO  client.GrpcClientProtocolClient (GrpcClientProtocolClient.java:onNext(254)) - client-E0FA40453D59->0c156e3c-57cc-425b-90ef-9bcaa62a7535: receive RaftClientReply:client-E0FA40453D59->0c156e3c-57cc-425b-90ef-9bcaa62a7535@group-7704A457760D, cid=273, SUCCESS, logIndex=471, commits[0c156e3c-57cc-425b-90ef-9bcaa62a7535:c471]
2019-06-14 13:45:32,651 INFO  client.GrpcClientProtocolClient (GrpcClientProtocolClient.java:onNext(254)) - client-E0FA40453D59->0c156e3c-57cc-425b-90ef-9bcaa62a7535: receive RaftClientReply:client-E0FA40453D59->0c156e3c-57cc-425b-90ef-9bcaa62a7535@group-7704A457760D, cid=274, SUCCESS, logIndex=473, commits[0c156e3c-57cc-425b-90ef-9bcaa62a7535:c474]
2019-06-14 13:45:32,652 INFO  client.GrpcClientProtocolClient (GrpcClientProtocolClient.java:onNext(254)) - client-E0FA40453D59->0c156e3c-57cc-425b-90ef-9bcaa62a7535: receive RaftClientReply:client-E0FA40453D59->0c156e3c-57cc-425b-90ef-9bcaa62a7535@group-7704A457760D, cid=275, SUCCESS, logIndex=474, commits[0c156e3c-57cc-425b-90ef-9bcaa62a7535:c476]
2019-06-14 13:45:32,653 INFO  client.GrpcClientProtocolClient (GrpcClientProtocolClient.java:onNext(254)) - client-E0FA40453D59->0c156e3c-57cc-425b-90ef-9bcaa62a7535: receive RaftClientReply:client-E0FA40453D59->0c156e3c-57cc-425b-90ef-9bcaa62a7535@group-7704A457760D, cid=276, SUCCESS, logIndex=477, commits[0c156e3c-57cc-425b-90ef-9bcaa62a7535:c477]
2019-06-14 13:45:32,661 INFO  client.GrpcClientProtocolClient (GrpcClientProtocolClient.java:onNext(254)) - client-E0FA40453D59->0c156e3c-57cc-425b-90ef-9bcaa62a7535: receive RaftClientReply:client-E0FA40453D59->0c156e3c-57cc-425b-90ef-9bcaa62a7535@group-7704A457760D, cid=277, SUCCESS, logIndex=479, commits[0c156e3c-57cc-425b-90ef-9bcaa62a7535:c479]
2019-06-14 13:45:32,664 INFO  client.GrpcClientProtocolClient (GrpcClientProtocolClient.java:onNext(254)) - client-E0FA40453D59->0c156e3c-57cc-425b-90ef-9bcaa62a7535: receive RaftClientReply:client-E0FA40453D59->0c156e3c-57cc-425b-90ef-9bcaa62a7535@group-7704A457760D, cid=278, SUCCESS, logIndex=481, commits[0c156e3c-57cc-425b-90ef-9bcaa62a7535:c481]
2019-06-14 13:45:32,666 INFO  client.GrpcClientProtocolClient (GrpcClientProtocolClient.java:onNext(254)) - client-E0FA40453D59->0c156e3c-57cc-425b-90ef-9bcaa62a7535: receive RaftClientReply:client-E0FA40453D59->0c156e3c-57cc-425b-90ef-9bcaa62a7535@group-7704A457760D, cid=279, SUCCESS, logIndex=482, commits[0c156e3c-57cc-425b-90ef-9bcaa62a7535:c484]
2019-06-14 13:45:32,667 INFO  client.GrpcClientProtocolClient (GrpcClientProtocolClient.java:onNext(254)) - client-E0FA40453D59->0c156e3c-57cc-425b-90ef-9bcaa62a7535: receive RaftClientReply:client-E0FA40453D59->0c156e3c-57cc-425b-90ef-9bcaa62a7535@group-7704A457760D, cid=280, SUCCESS, logIndex=484, commits[0c156e3c-57cc-425b-90ef-9bcaa62a7535:c485]
2019-06-14 13:45:32,685 INFO  client.GrpcClientProtocolClient (GrpcClientProtocolClient.java:onNext(254)) - client-E0FA40453D59->0c156e3c-57cc-425b-90ef-9bcaa62a7535: receive RaftClientReply:client-E0FA40453D59->0c156e3c-57cc-425b-90ef-9bcaa62a7535@group-7704A457760D, cid=281, SUCCESS, logIndex=486, commits[0c156e3c-57cc-425b-90ef-9bcaa62a7535:c486]
2019-06-14 13:45:32,689 INFO  client.GrpcClientProtocolClient (GrpcClientProtocolClient.java:onNext(254)) - client-E0FA40453D59->0c156e3c-57cc-425b-90ef-9bcaa62a7535: receive RaftClientReply:client-E0FA40453D59->0c156e3c-57cc-425b-90ef-9bcaa62a7535@group-7704A457760D, cid=282, SUCCESS, logIndex=488, commits[0c156e3c-57cc-425b-90ef-9bcaa62a7535:c488]
2019-06-14 13:45:32,693 INFO  client.GrpcClientProtocolClient (GrpcClientProtocolClient.java:onNext(254)) - client-E0FA40453D59->0c156e3c-57cc-425b-90ef-9bcaa62a7535: receive RaftClientReply:client-E0FA40453D59->0c156e3c-57cc-425b-90ef-9bcaa62a7535@group-7704A457760D, cid=283, SUCCESS, logIndex=490, commits[0c156e3c-57cc-425b-90ef-9bcaa62a7535:c490]
2019-06-14 13:45:32,694 INFO  client.GrpcClientProtocolClient (GrpcClientProtocolClient.java:onNext(254)) - client-E0FA40453D59->0c156e3c-57cc-425b-90ef-9bcaa62a7535: receive RaftClientReply:client-E0FA40453D59->0c156e3c-57cc-425b-90ef-9bcaa62a7535@group-7704A457760D, cid=284, SUCCESS, logIndex=491, commits[0c156e3c-57cc-425b-90ef-9bcaa62a7535:c491]
2019-06-14 13:45:32,701 DEBUG block.SCMBlockDeletingService (SCMBlockDeletingService.java:call(138)) - Running DeletedBlockTransactionScanner
2019-06-14 13:45:32,702 DEBUG block.SCMBlockDeletingService (SCMBlockDeletingService.java:call(155)) - Scanned deleted blocks log and got 0 delTX to process.
2019-06-14 13:45:32,711 INFO  client.GrpcClientProtocolClient (GrpcClientProtocolClient.java:onNext(254)) - client-E0FA40453D59->0c156e3c-57cc-425b-90ef-9bcaa62a7535: receive RaftClientReply:client-E0FA40453D59->0c156e3c-57cc-425b-90ef-9bcaa62a7535@group-7704A457760D, cid=285, SUCCESS, logIndex=494, commits[0c156e3c-57cc-425b-90ef-9bcaa62a7535:c495]
2019-06-14 13:45:32,719 INFO  client.GrpcClientProtocolClient (GrpcClientProtocolClient.java:onNext(254)) - client-E0FA40453D59->0c156e3c-57cc-425b-90ef-9bcaa62a7535: receive RaftClientReply:client-E0FA40453D59->0c156e3c-57cc-425b-90ef-9bcaa62a7535@group-7704A457760D, cid=286, SUCCESS, logIndex=496, commits[0c156e3c-57cc-425b-90ef-9bcaa62a7535:c496]
2019-06-14 13:45:32,721 INFO  client.GrpcClientProtocolClient (GrpcClientProtocolClient.java:onNext(254)) - client-E0FA40453D59->0c156e3c-57cc-425b-90ef-9bcaa62a7535: receive RaftClientReply:client-E0FA40453D59->0c156e3c-57cc-425b-90ef-9bcaa62a7535@group-7704A457760D, cid=287, SUCCESS, logIndex=498, commits[0c156e3c-57cc-425b-90ef-9bcaa62a7535:c498]
2019-06-14 13:45:32,721 INFO  client.GrpcClientProtocolClient (GrpcClientProtocolClient.java:onNext(254)) - client-E0FA40453D59->0c156e3c-57cc-425b-90ef-9bcaa62a7535: receive RaftClientReply:client-E0FA40453D59->0c156e3c-57cc-425b-90ef-9bcaa62a7535@group-7704A457760D, cid=288, SUCCESS, logIndex=499, commits[0c156e3c-57cc-425b-90ef-9bcaa62a7535:c499]
2019-06-14 13:45:32,742 INFO  client.GrpcClientProtocolClient (GrpcClientProtocolClient.java:onNext(254)) - client-E0FA40453D59->0c156e3c-57cc-425b-90ef-9bcaa62a7535: receive RaftClientReply:client-E0FA40453D59->0c156e3c-57cc-425b-90ef-9bcaa62a7535@group-7704A457760D, cid=289, SUCCESS, logIndex=502, commits[0c156e3c-57cc-425b-90ef-9bcaa62a7535:c502]
2019-06-14 13:45:32,762 INFO  client.GrpcClientProtocolClient (GrpcClientProtocolClient.java:onNext(254)) - client-E0FA40453D59->0c156e3c-57cc-425b-90ef-9bcaa62a7535: receive RaftClientReply:client-E0FA40453D59->0c156e3c-57cc-425b-90ef-9bcaa62a7535@group-7704A457760D, cid=290, SUCCESS, logIndex=504, commits[0c156e3c-57cc-425b-90ef-9bcaa62a7535:c506]
2019-06-14 13:45:32,762 INFO  client.GrpcClientProtocolClient (GrpcClientProtocolClient.java:onNext(254)) - client-E0FA40453D59->0c156e3c-57cc-425b-90ef-9bcaa62a7535: receive RaftClientReply:client-E0FA40453D59->0c156e3c-57cc-425b-90ef-9bcaa62a7535@group-7704A457760D, cid=291, SUCCESS, logIndex=505, commits[0c156e3c-57cc-425b-90ef-9bcaa62a7535:c506]
2019-06-14 13:45:32,766 INFO  client.GrpcClientProtocolClient (GrpcClientProtocolClient.java:onNext(254)) - client-E0FA40453D59->0c156e3c-57cc-425b-90ef-9bcaa62a7535: receive RaftClientReply:client-E0FA40453D59->0c156e3c-57cc-425b-90ef-9bcaa62a7535@group-7704A457760D, cid=292, SUCCESS, logIndex=506, commits[0c156e3c-57cc-425b-90ef-9bcaa62a7535:c507]
2019-06-14 13:45:32,802 DEBUG block.SCMBlockDeletingService (SCMBlockDeletingService.java:call(138)) - Running DeletedBlockTransactionScanner
2019-06-14 13:45:32,802 DEBUG block.SCMBlockDeletingService (SCMBlockDeletingService.java:call(155)) - Scanned deleted blocks log and got 0 delTX to process.
2019-06-14 13:45:32,854 INFO  client.GrpcClientProtocolClient (GrpcClientProtocolClient.java:onNext(254)) - client-E0FA40453D59->0c156e3c-57cc-425b-90ef-9bcaa62a7535: receive RaftClientReply:client-E0FA40453D59->0c156e3c-57cc-425b-90ef-9bcaa62a7535@group-7704A457760D, cid=293, SUCCESS, logIndex=508, commits[0c156e3c-57cc-425b-90ef-9bcaa62a7535:c508]
2019-06-14 13:45:32,859 INFO  client.GrpcClientProtocolClient (GrpcClientProtocolClient.java:onNext(254)) - client-E0FA40453D59->0c156e3c-57cc-425b-90ef-9bcaa62a7535: receive RaftClientReply:client-E0FA40453D59->0c156e3c-57cc-425b-90ef-9bcaa62a7535@group-7704A457760D, cid=294, SUCCESS, logIndex=510, commits[0c156e3c-57cc-425b-90ef-9bcaa62a7535:c511]
2019-06-14 13:45:32,861 INFO  client.GrpcClientProtocolClient (GrpcClientProtocolClient.java:onNext(254)) - client-E0FA40453D59->0c156e3c-57cc-425b-90ef-9bcaa62a7535: receive RaftClientReply:client-E0FA40453D59->0c156e3c-57cc-425b-90ef-9bcaa62a7535@group-7704A457760D, cid=295, SUCCESS, logIndex=511, commits[0c156e3c-57cc-425b-90ef-9bcaa62a7535:c511]
2019-06-14 13:45:32,870 INFO  client.GrpcClientProtocolClient (GrpcClientProtocolClient.java:onNext(254)) - client-E0FA40453D59->0c156e3c-57cc-425b-90ef-9bcaa62a7535: receive RaftClientReply:client-E0FA40453D59->0c156e3c-57cc-425b-90ef-9bcaa62a7535@group-7704A457760D, cid=296, SUCCESS, logIndex=513, commits[0c156e3c-57cc-425b-90ef-9bcaa62a7535:c513]
2019-06-14 13:45:32,902 DEBUG block.SCMBlockDeletingService (SCMBlockDeletingService.java:call(138)) - Running DeletedBlockTransactionScanner
2019-06-14 13:45:32,903 DEBUG block.SCMBlockDeletingService (SCMBlockDeletingService.java:call(155)) - Scanned deleted blocks log and got 0 delTX to process.
2019-06-14 13:45:32,910 INFO  client.GrpcClientProtocolClient (GrpcClientProtocolClient.java:onNext(254)) - client-E0FA40453D59->0c156e3c-57cc-425b-90ef-9bcaa62a7535: receive RaftClientReply:client-E0FA40453D59->0c156e3c-57cc-425b-90ef-9bcaa62a7535@group-7704A457760D, cid=297, SUCCESS, logIndex=515, commits[0c156e3c-57cc-425b-90ef-9bcaa62a7535:c515]
2019-06-14 13:45:32,915 INFO  client.GrpcClientProtocolClient (GrpcClientProtocolClient.java:onNext(254)) - client-E0FA40453D59->0c156e3c-57cc-425b-90ef-9bcaa62a7535: receive RaftClientReply:client-E0FA40453D59->0c156e3c-57cc-425b-90ef-9bcaa62a7535@group-7704A457760D, cid=298, SUCCESS, logIndex=517, commits[0c156e3c-57cc-425b-90ef-9bcaa62a7535:c517]
2019-06-14 13:45:32,917 INFO  client.GrpcClientProtocolClient (GrpcClientProtocolClient.java:onNext(254)) - client-E0FA40453D59->0c156e3c-57cc-425b-90ef-9bcaa62a7535: receive RaftClientReply:client-E0FA40453D59->0c156e3c-57cc-425b-90ef-9bcaa62a7535@group-7704A457760D, cid=299, SUCCESS, logIndex=518, commits[0c156e3c-57cc-425b-90ef-9bcaa62a7535:c519]
2019-06-14 13:45:32,922 INFO  client.GrpcClientProtocolClient (GrpcClientProtocolClient.java:onNext(254)) - client-E0FA40453D59->0c156e3c-57cc-425b-90ef-9bcaa62a7535: receive RaftClientReply:client-E0FA40453D59->0c156e3c-57cc-425b-90ef-9bcaa62a7535@group-7704A457760D, cid=300, SUCCESS, logIndex=519, commits[0c156e3c-57cc-425b-90ef-9bcaa62a7535:c519]
2019-06-14 13:45:32,940 INFO  storage.RaftLogWorker (RaftLogWorker.java:rollLogSegment(303)) - 0c156e3c-57cc-425b-90ef-9bcaa62a7535-RaftLogWorker: Rolling segment log-448_523 to index:523
2019-06-14 13:45:32,940 INFO  storage.RaftLogWorker (RaftLogWorker.java:execute(433)) - 0c156e3c-57cc-425b-90ef-9bcaa62a7535-RaftLogWorker: Rolled log segment from /opt/src/hadoop-ozone/integration-test/target/test-dir/MiniOzoneClusterImpl-8919240e-7e15-4dbf-8bf4-c210578586bb/datanode-0/data/ratis/1fc53845-3381-4beb-82f9-7704a457760d/current/log_inprogress_448 to /opt/src/hadoop-ozone/integration-test/target/test-dir/MiniOzoneClusterImpl-8919240e-7e15-4dbf-8bf4-c210578586bb/datanode-0/data/ratis/1fc53845-3381-4beb-82f9-7704a457760d/current/log_448-523
2019-06-14 13:45:32,947 INFO  client.GrpcClientProtocolClient (GrpcClientProtocolClient.java:onNext(254)) - client-E0FA40453D59->0c156e3c-57cc-425b-90ef-9bcaa62a7535: receive RaftClientReply:client-E0FA40453D59->0c156e3c-57cc-425b-90ef-9bcaa62a7535@group-7704A457760D, cid=301, SUCCESS, logIndex=522, commits[0c156e3c-57cc-425b-90ef-9bcaa62a7535:c523]
2019-06-14 13:45:33,003 DEBUG block.SCMBlockDeletingService (SCMBlockDeletingService.java:call(138)) - Running DeletedBlockTransactionScanner
2019-06-14 13:45:33,043 DEBUG block.SCMBlockDeletingService (SCMBlockDeletingService.java:call(155)) - Scanned deleted blocks log and got 0 delTX to process.
2019-06-14 13:45:33,054 INFO  storage.RaftLogWorker (RaftLogWorker.java:execute(469)) - 0c156e3c-57cc-425b-90ef-9bcaa62a7535-RaftLogWorker: created new log segment /opt/src/hadoop-ozone/integration-test/target/test-dir/MiniOzoneClusterImpl-8919240e-7e15-4dbf-8bf4-c210578586bb/datanode-0/data/ratis/1fc53845-3381-4beb-82f9-7704a457760d/current/log_inprogress_524
2019-06-14 13:45:33,068 INFO  client.GrpcClientProtocolClient (GrpcClientProtocolClient.java:onNext(254)) - client-E0FA40453D59->0c156e3c-57cc-425b-90ef-9bcaa62a7535: receive RaftClientReply:client-E0FA40453D59->0c156e3c-57cc-425b-90ef-9bcaa62a7535@group-7704A457760D, cid=302, SUCCESS, logIndex=524, commits[0c156e3c-57cc-425b-90ef-9bcaa62a7535:c525]
2019-06-14 13:45:33,071 INFO  client.GrpcClientProtocolClient (GrpcClientProtocolClient.java:onNext(254)) - client-E0FA40453D59->0c156e3c-57cc-425b-90ef-9bcaa62a7535: receive RaftClientReply:client-E0FA40453D59->0c156e3c-57cc-425b-90ef-9bcaa62a7535@group-7704A457760D, cid=303, SUCCESS, logIndex=526, commits[0c156e3c-57cc-425b-90ef-9bcaa62a7535:c527]
2019-06-14 13:45:33,075 INFO  client.GrpcClientProtocolClient (GrpcClientProtocolClient.java:onNext(254)) - client-E0FA40453D59->0c156e3c-57cc-425b-90ef-9bcaa62a7535: receive RaftClientReply:client-E0FA40453D59->0c156e3c-57cc-425b-90ef-9bcaa62a7535@group-7704A457760D, cid=304, SUCCESS, logIndex=527, commits[0c156e3c-57cc-425b-90ef-9bcaa62a7535:c528]
2019-06-14 13:45:33,101 INFO  client.GrpcClientProtocolClient (GrpcClientProtocolClient.java:onNext(254)) - client-E0FA40453D59->0c156e3c-57cc-425b-90ef-9bcaa62a7535: receive RaftClientReply:client-E0FA40453D59->0c156e3c-57cc-425b-90ef-9bcaa62a7535@group-7704A457760D, cid=305, SUCCESS, logIndex=529, commits[0c156e3c-57cc-425b-90ef-9bcaa62a7535:c530]
2019-06-14 13:45:33,108 INFO  client.GrpcClientProtocolClient (GrpcClientProtocolClient.java:onNext(254)) - client-E0FA40453D59->0c156e3c-57cc-425b-90ef-9bcaa62a7535: receive RaftClientReply:client-E0FA40453D59->0c156e3c-57cc-425b-90ef-9bcaa62a7535@group-7704A457760D, cid=306, SUCCESS, logIndex=531, commits[0c156e3c-57cc-425b-90ef-9bcaa62a7535:c532]
2019-06-14 13:45:33,108 INFO  client.GrpcClientProtocolClient (GrpcClientProtocolClient.java:onNext(254)) - client-E0FA40453D59->0c156e3c-57cc-425b-90ef-9bcaa62a7535: receive RaftClientReply:client-E0FA40453D59->0c156e3c-57cc-425b-90ef-9bcaa62a7535@group-7704A457760D, cid=307, SUCCESS, logIndex=532, commits[0c156e3c-57cc-425b-90ef-9bcaa62a7535:c534]
2019-06-14 13:45:33,108 INFO  client.GrpcClientProtocolClient (GrpcClientProtocolClient.java:onNext(254)) - client-E0FA40453D59->0c156e3c-57cc-425b-90ef-9bcaa62a7535: receive RaftClientReply:client-E0FA40453D59->0c156e3c-57cc-425b-90ef-9bcaa62a7535@group-7704A457760D, cid=308, SUCCESS, logIndex=534, commits[0c156e3c-57cc-425b-90ef-9bcaa62a7535:c535]
2019-06-14 13:45:33,166 DEBUG block.SCMBlockDeletingService (SCMBlockDeletingService.java:call(138)) - Running DeletedBlockTransactionScanner
2019-06-14 13:45:33,166 DEBUG block.SCMBlockDeletingService (SCMBlockDeletingService.java:call(155)) - Scanned deleted blocks log and got 0 delTX to process.
2019-06-14 13:45:33,226 INFO  client.GrpcClientProtocolClient (GrpcClientProtocolClient.java:onNext(254)) - client-E0FA40453D59->0c156e3c-57cc-425b-90ef-9bcaa62a7535: receive RaftClientReply:client-E0FA40453D59->0c156e3c-57cc-425b-90ef-9bcaa62a7535@group-7704A457760D, cid=309, SUCCESS, logIndex=537, commits[0c156e3c-57cc-425b-90ef-9bcaa62a7535:c537]
2019-06-14 13:45:33,243 INFO  client.GrpcClientProtocolClient (GrpcClientProtocolClient.java:onNext(254)) - client-E0FA40453D59->0c156e3c-57cc-425b-90ef-9bcaa62a7535: receive RaftClientReply:client-E0FA40453D59->0c156e3c-57cc-425b-90ef-9bcaa62a7535@group-7704A457760D, cid=310, SUCCESS, logIndex=539, commits[0c156e3c-57cc-425b-90ef-9bcaa62a7535:c541]
2019-06-14 13:45:33,247 INFO  client.GrpcClientProtocolClient (GrpcClientProtocolClient.java:onNext(254)) - client-E0FA40453D59->0c156e3c-57cc-425b-90ef-9bcaa62a7535: receive RaftClientReply:client-E0FA40453D59->0c156e3c-57cc-425b-90ef-9bcaa62a7535@group-7704A457760D, cid=311, SUCCESS, logIndex=540, commits[0c156e3c-57cc-425b-90ef-9bcaa62a7535:c541]
2019-06-14 13:45:33,250 INFO  client.GrpcClientProtocolClient (GrpcClientProtocolClient.java:onNext(254)) - client-E0FA40453D59->0c156e3c-57cc-425b-90ef-9bcaa62a7535: receive RaftClientReply:client-E0FA40453D59->0c156e3c-57cc-425b-90ef-9bcaa62a7535@group-7704A457760D, cid=312, SUCCESS, logIndex=541, commits[0c156e3c-57cc-425b-90ef-9bcaa62a7535:c542]
2019-06-14 13:45:33,267 DEBUG block.SCMBlockDeletingService (SCMBlockDeletingService.java:call(138)) - Running DeletedBlockTransactionScanner
2019-06-14 13:45:33,267 DEBUG block.SCMBlockDeletingService (SCMBlockDeletingService.java:call(155)) - Scanned deleted blocks log and got 0 delTX to process.
2019-06-14 13:45:33,271 INFO  client.GrpcClientProtocolClient (GrpcClientProtocolClient.java:onNext(254)) - client-E0FA40453D59->0c156e3c-57cc-425b-90ef-9bcaa62a7535: receive RaftClientReply:client-E0FA40453D59->0c156e3c-57cc-425b-90ef-9bcaa62a7535@group-7704A457760D, cid=313, SUCCESS, logIndex=543, commits[0c156e3c-57cc-425b-90ef-9bcaa62a7535:c543]
2019-06-14 13:45:33,274 INFO  client.GrpcClientProtocolClient (GrpcClientProtocolClient.java:onNext(254)) - client-E0FA40453D59->0c156e3c-57cc-425b-90ef-9bcaa62a7535: receive RaftClientReply:client-E0FA40453D59->0c156e3c-57cc-425b-90ef-9bcaa62a7535@group-7704A457760D, cid=314, SUCCESS, logIndex=545, commits[0c156e3c-57cc-425b-90ef-9bcaa62a7535:c545]
2019-06-14 13:45:33,279 INFO  client.GrpcClientProtocolClient (GrpcClientProtocolClient.java:onNext(254)) - client-E0FA40453D59->0c156e3c-57cc-425b-90ef-9bcaa62a7535: receive RaftClientReply:client-E0FA40453D59->0c156e3c-57cc-425b-90ef-9bcaa62a7535@group-7704A457760D, cid=315, SUCCESS, logIndex=546, commits[0c156e3c-57cc-425b-90ef-9bcaa62a7535:c548]
2019-06-14 13:45:33,296 INFO  client.GrpcClientProtocolClient (GrpcClientProtocolClient.java:onNext(254)) - client-E0FA40453D59->0c156e3c-57cc-425b-90ef-9bcaa62a7535: receive RaftClientReply:client-E0FA40453D59->0c156e3c-57cc-425b-90ef-9bcaa62a7535@group-7704A457760D, cid=316, SUCCESS, logIndex=548, commits[0c156e3c-57cc-425b-90ef-9bcaa62a7535:c548]
2019-06-14 13:45:33,326 INFO  client.GrpcClientProtocolClient (GrpcClientProtocolClient.java:onNext(254)) - client-E0FA40453D59->0c156e3c-57cc-425b-90ef-9bcaa62a7535: receive RaftClientReply:client-E0FA40453D59->0c156e3c-57cc-425b-90ef-9bcaa62a7535@group-7704A457760D, cid=317, SUCCESS, logIndex=550, commits[0c156e3c-57cc-425b-90ef-9bcaa62a7535:c550]
2019-06-14 13:45:33,331 INFO  client.GrpcClientProtocolClient (GrpcClientProtocolClient.java:onNext(254)) - client-E0FA40453D59->0c156e3c-57cc-425b-90ef-9bcaa62a7535: receive RaftClientReply:client-E0FA40453D59->0c156e3c-57cc-425b-90ef-9bcaa62a7535@group-7704A457760D, cid=318, SUCCESS, logIndex=552, commits[0c156e3c-57cc-425b-90ef-9bcaa62a7535:c552]
2019-06-14 13:45:33,338 INFO  client.GrpcClientProtocolClient (GrpcClientProtocolClient.java:onNext(254)) - client-E0FA40453D59->0c156e3c-57cc-425b-90ef-9bcaa62a7535: receive RaftClientReply:client-E0FA40453D59->0c156e3c-57cc-425b-90ef-9bcaa62a7535@group-7704A457760D, cid=319, SUCCESS, logIndex=553, commits[0c156e3c-57cc-425b-90ef-9bcaa62a7535:c555]
2019-06-14 13:45:33,340 INFO  client.GrpcClientProtocolClient (GrpcClientProtocolClient.java:onNext(254)) - client-E0FA40453D59->0c156e3c-57cc-425b-90ef-9bcaa62a7535: receive RaftClientReply:client-E0FA40453D59->0c156e3c-57cc-425b-90ef-9bcaa62a7535@group-7704A457760D, cid=320, SUCCESS, logIndex=554, commits[0c156e3c-57cc-425b-90ef-9bcaa62a7535:c555]
2019-06-14 13:45:33,642 INFO  client.GrpcClientProtocolClient (GrpcClientProtocolClient.java:onNext(254)) - client-E0FA40453D59->0c156e3c-57cc-425b-90ef-9bcaa62a7535: receive RaftClientReply:client-E0FA40453D59->0c156e3c-57cc-425b-90ef-9bcaa62a7535@group-7704A457760D, cid=321, SUCCESS, logIndex=556, commits[0c156e3c-57cc-425b-90ef-9bcaa62a7535:c556]
2019-06-14 13:45:33,647 INFO  client.GrpcClientProtocolClient (GrpcClientProtocolClient.java:onNext(254)) - client-E0FA40453D59->0c156e3c-57cc-425b-90ef-9bcaa62a7535: receive RaftClientReply:client-E0FA40453D59->0c156e3c-57cc-425b-90ef-9bcaa62a7535@group-7704A457760D, cid=322, SUCCESS, logIndex=558, commits[0c156e3c-57cc-425b-90ef-9bcaa62a7535:c558]
2019-06-14 13:45:33,649 INFO  client.GrpcClientProtocolClient (GrpcClientProtocolClient.java:onNext(254)) - client-E0FA40453D59->0c156e3c-57cc-425b-90ef-9bcaa62a7535: receive RaftClientReply:client-E0FA40453D59->0c156e3c-57cc-425b-90ef-9bcaa62a7535@group-7704A457760D, cid=323, SUCCESS, logIndex=559, commits[0c156e3c-57cc-425b-90ef-9bcaa62a7535:c559]
2019-06-14 13:45:33,649 INFO  client.GrpcClientProtocolClient (GrpcClientProtocolClient.java:onNext(254)) - client-E0FA40453D59->0c156e3c-57cc-425b-90ef-9bcaa62a7535: receive RaftClientReply:client-E0FA40453D59->0c156e3c-57cc-425b-90ef-9bcaa62a7535@group-7704A457760D, cid=324, SUCCESS, logIndex=561, commits[0c156e3c-57cc-425b-90ef-9bcaa62a7535:c561]
2019-06-14 13:45:33,682 INFO  client.GrpcClientProtocolClient (GrpcClientProtocolClient.java:onNext(254)) - client-E0FA40453D59->0c156e3c-57cc-425b-90ef-9bcaa62a7535: receive RaftClientReply:client-E0FA40453D59->0c156e3c-57cc-425b-90ef-9bcaa62a7535@group-7704A457760D, cid=325, SUCCESS, logIndex=564, commits[0c156e3c-57cc-425b-90ef-9bcaa62a7535:c564]
2019-06-14 13:45:33,684 DEBUG block.SCMBlockDeletingService (SCMBlockDeletingService.java:call(138)) - Running DeletedBlockTransactionScanner
2019-06-14 13:45:33,685 DEBUG block.SCMBlockDeletingService (SCMBlockDeletingService.java:call(155)) - Scanned deleted blocks log and got 0 delTX to process.
2019-06-14 13:45:33,686 INFO  client.GrpcClientProtocolClient (GrpcClientProtocolClient.java:onNext(254)) - client-E0FA40453D59->0c156e3c-57cc-425b-90ef-9bcaa62a7535: receive RaftClientReply:client-E0FA40453D59->0c156e3c-57cc-425b-90ef-9bcaa62a7535@group-7704A457760D, cid=326, SUCCESS, logIndex=566, commits[0c156e3c-57cc-425b-90ef-9bcaa62a7535:c566]
2019-06-14 13:45:33,699 INFO  client.GrpcClientProtocolClient (GrpcClientProtocolClient.java:onNext(254)) - client-E0FA40453D59->0c156e3c-57cc-425b-90ef-9bcaa62a7535: receive RaftClientReply:client-E0FA40453D59->0c156e3c-57cc-425b-90ef-9bcaa62a7535@group-7704A457760D, cid=327, SUCCESS, logIndex=568, commits[0c156e3c-57cc-425b-90ef-9bcaa62a7535:c568]
2019-06-14 13:45:33,705 INFO  client.GrpcClientProtocolClient (GrpcClientProtocolClient.java:onNext(254)) - client-E0FA40453D59->0c156e3c-57cc-425b-90ef-9bcaa62a7535: receive RaftClientReply:client-E0FA40453D59->0c156e3c-57cc-425b-90ef-9bcaa62a7535@group-7704A457760D, cid=328, SUCCESS, logIndex=570, commits[0c156e3c-57cc-425b-90ef-9bcaa62a7535:c570]
2019-06-14 13:45:33,749 INFO  client.GrpcClientProtocolClient (GrpcClientProtocolClient.java:onNext(254)) - client-E0FA40453D59->0c156e3c-57cc-425b-90ef-9bcaa62a7535: receive RaftClientReply:client-E0FA40453D59->0c156e3c-57cc-425b-90ef-9bcaa62a7535@group-7704A457760D, cid=329, SUCCESS, logIndex=572, commits[0c156e3c-57cc-425b-90ef-9bcaa62a7535:c572]
2019-06-14 13:45:33,756 INFO  client.GrpcClientProtocolClient (GrpcClientProtocolClient.java:onNext(254)) - client-E0FA40453D59->0c156e3c-57cc-425b-90ef-9bcaa62a7535: receive RaftClientReply:client-E0FA40453D59->0c156e3c-57cc-425b-90ef-9bcaa62a7535@group-7704A457760D, cid=330, SUCCESS, logIndex=574, commits[0c156e3c-57cc-425b-90ef-9bcaa62a7535:c575]
2019-06-14 13:45:33,772 INFO  client.GrpcClientProtocolClient (GrpcClientProtocolClient.java:onNext(254)) - client-E0FA40453D59->0c156e3c-57cc-425b-90ef-9bcaa62a7535: receive RaftClientReply:client-E0FA40453D59->0c156e3c-57cc-425b-90ef-9bcaa62a7535@group-7704A457760D, cid=331, SUCCESS, logIndex=575, commits[0c156e3c-57cc-425b-90ef-9bcaa62a7535:c575]
2019-06-14 13:45:33,772 INFO  client.GrpcClientProtocolClient (GrpcClientProtocolClient.java:onNext(254)) - client-E0FA40453D59->0c156e3c-57cc-425b-90ef-9bcaa62a7535: receive RaftClientReply:client-E0FA40453D59->0c156e3c-57cc-425b-90ef-9bcaa62a7535@group-7704A457760D, cid=332, SUCCESS, logIndex=576, commits[0c156e3c-57cc-425b-90ef-9bcaa62a7535:c577]
2019-06-14 13:45:33,790 DEBUG block.SCMBlockDeletingService (SCMBlockDeletingService.java:call(138)) - Running DeletedBlockTransactionScanner
2019-06-14 13:45:33,790 DEBUG block.SCMBlockDeletingService (SCMBlockDeletingService.java:call(155)) - Scanned deleted blocks log and got 0 delTX to process.
2019-06-14 13:45:33,804 INFO  client.GrpcClientProtocolClient (GrpcClientProtocolClient.java:onNext(254)) - client-E0FA40453D59->0c156e3c-57cc-425b-90ef-9bcaa62a7535: receive RaftClientReply:client-E0FA40453D59->0c156e3c-57cc-425b-90ef-9bcaa62a7535@group-7704A457760D, cid=333, SUCCESS, logIndex=578, commits[0c156e3c-57cc-425b-90ef-9bcaa62a7535:c578]
2019-06-14 13:45:33,805 INFO  client.GrpcClientProtocolClient (GrpcClientProtocolClient.java:onNext(254)) - client-E0FA40453D59->0c156e3c-57cc-425b-90ef-9bcaa62a7535: receive RaftClientReply:client-E0FA40453D59->0c156e3c-57cc-425b-90ef-9bcaa62a7535@group-7704A457760D, cid=334, SUCCESS, logIndex=580, commits[0c156e3c-57cc-425b-90ef-9bcaa62a7535:c580]
2019-06-14 13:45:33,851 INFO  client.GrpcClientProtocolClient (GrpcClientProtocolClient.java:onNext(254)) - client-E0FA40453D59->0c156e3c-57cc-425b-90ef-9bcaa62a7535: receive RaftClientReply:client-E0FA40453D59->0c156e3c-57cc-425b-90ef-9bcaa62a7535@group-7704A457760D, cid=335, SUCCESS, logIndex=582, commits[0c156e3c-57cc-425b-90ef-9bcaa62a7535:c582]
2019-06-14 13:45:33,862 INFO  client.GrpcClientProtocolClient (GrpcClientProtocolClient.java:onNext(254)) - client-E0FA40453D59->0c156e3c-57cc-425b-90ef-9bcaa62a7535: receive RaftClientReply:client-E0FA40453D59->0c156e3c-57cc-425b-90ef-9bcaa62a7535@group-7704A457760D, cid=336, SUCCESS, logIndex=584, commits[0c156e3c-57cc-425b-90ef-9bcaa62a7535:c584]
2019-06-14 13:45:33,891 INFO  client.GrpcClientProtocolClient (GrpcClientProtocolClient.java:onNext(254)) - client-E0FA40453D59->0c156e3c-57cc-425b-90ef-9bcaa62a7535: receive RaftClientReply:client-E0FA40453D59->0c156e3c-57cc-425b-90ef-9bcaa62a7535@group-7704A457760D, cid=337, SUCCESS, logIndex=586, commits[0c156e3c-57cc-425b-90ef-9bcaa62a7535:c586]
2019-06-14 13:45:33,892 DEBUG block.SCMBlockDeletingService (SCMBlockDeletingService.java:call(138)) - Running DeletedBlockTransactionScanner
2019-06-14 13:45:33,892 DEBUG block.SCMBlockDeletingService (SCMBlockDeletingService.java:call(155)) - Scanned deleted blocks log and got 0 delTX to process.
2019-06-14 13:45:33,898 INFO  client.GrpcClientProtocolClient (GrpcClientProtocolClient.java:onNext(254)) - client-E0FA40453D59->0c156e3c-57cc-425b-90ef-9bcaa62a7535: receive RaftClientReply:client-E0FA40453D59->0c156e3c-57cc-425b-90ef-9bcaa62a7535@group-7704A457760D, cid=338, SUCCESS, logIndex=588, commits[0c156e3c-57cc-425b-90ef-9bcaa62a7535:c588]
2019-06-14 13:45:33,901 INFO  client.GrpcClientProtocolClient (GrpcClientProtocolClient.java:onNext(254)) - client-E0FA40453D59->0c156e3c-57cc-425b-90ef-9bcaa62a7535: receive RaftClientReply:client-E0FA40453D59->0c156e3c-57cc-425b-90ef-9bcaa62a7535@group-7704A457760D, cid=339, SUCCESS, logIndex=590, commits[0c156e3c-57cc-425b-90ef-9bcaa62a7535:c590]
2019-06-14 13:45:33,910 INFO  client.GrpcClientProtocolClient (GrpcClientProtocolClient.java:onNext(254)) - client-E0FA40453D59->0c156e3c-57cc-425b-90ef-9bcaa62a7535: receive RaftClientReply:client-E0FA40453D59->0c156e3c-57cc-425b-90ef-9bcaa62a7535@group-7704A457760D, cid=340, SUCCESS, logIndex=591, commits[0c156e3c-57cc-425b-90ef-9bcaa62a7535:c591]
2019-06-14 13:45:33,931 INFO  client.GrpcClientProtocolClient (GrpcClientProtocolClient.java:onNext(254)) - client-E0FA40453D59->0c156e3c-57cc-425b-90ef-9bcaa62a7535: receive RaftClientReply:client-E0FA40453D59->0c156e3c-57cc-425b-90ef-9bcaa62a7535@group-7704A457760D, cid=341, SUCCESS, logIndex=594, commits[0c156e3c-57cc-425b-90ef-9bcaa62a7535:c594]
2019-06-14 13:45:33,946 INFO  client.GrpcClientProtocolClient (GrpcClientProtocolClient.java:onNext(254)) - client-E0FA40453D59->0c156e3c-57cc-425b-90ef-9bcaa62a7535: receive RaftClientReply:client-E0FA40453D59->0c156e3c-57cc-425b-90ef-9bcaa62a7535@group-7704A457760D, cid=342, SUCCESS, logIndex=596, commits[0c156e3c-57cc-425b-90ef-9bcaa62a7535:c597]
2019-06-14 13:45:33,957 INFO  storage.RaftLogWorker (RaftLogWorker.java:rollLogSegment(303)) - 0c156e3c-57cc-425b-90ef-9bcaa62a7535-RaftLogWorker: Rolling segment log-524_598 to index:598
2019-06-14 13:45:33,957 INFO  client.GrpcClientProtocolClient (GrpcClientProtocolClient.java:onNext(254)) - client-E0FA40453D59->0c156e3c-57cc-425b-90ef-9bcaa62a7535: receive RaftClientReply:client-E0FA40453D59->0c156e3c-57cc-425b-90ef-9bcaa62a7535@group-7704A457760D, cid=343, SUCCESS, logIndex=597, commits[0c156e3c-57cc-425b-90ef-9bcaa62a7535:c598]
2019-06-14 13:45:33,958 INFO  storage.RaftLogWorker (RaftLogWorker.java:execute(433)) - 0c156e3c-57cc-425b-90ef-9bcaa62a7535-RaftLogWorker: Rolled log segment from /opt/src/hadoop-ozone/integration-test/target/test-dir/MiniOzoneClusterImpl-8919240e-7e15-4dbf-8bf4-c210578586bb/datanode-0/data/ratis/1fc53845-3381-4beb-82f9-7704a457760d/current/log_inprogress_524 to /opt/src/hadoop-ozone/integration-test/target/test-dir/MiniOzoneClusterImpl-8919240e-7e15-4dbf-8bf4-c210578586bb/datanode-0/data/ratis/1fc53845-3381-4beb-82f9-7704a457760d/current/log_524-598
2019-06-14 13:45:33,997 DEBUG block.SCMBlockDeletingService (SCMBlockDeletingService.java:call(138)) - Running DeletedBlockTransactionScanner
2019-06-14 13:45:33,998 DEBUG block.SCMBlockDeletingService (SCMBlockDeletingService.java:call(155)) - Scanned deleted blocks log and got 0 delTX to process.
2019-06-14 13:45:34,024 INFO  storage.RaftLogWorker (RaftLogWorker.java:execute(469)) - 0c156e3c-57cc-425b-90ef-9bcaa62a7535-RaftLogWorker: created new log segment /opt/src/hadoop-ozone/integration-test/target/test-dir/MiniOzoneClusterImpl-8919240e-7e15-4dbf-8bf4-c210578586bb/datanode-0/data/ratis/1fc53845-3381-4beb-82f9-7704a457760d/current/log_inprogress_599
2019-06-14 13:45:34,030 INFO  client.GrpcClientProtocolClient (GrpcClientProtocolClient.java:onNext(254)) - client-E0FA40453D59->0c156e3c-57cc-425b-90ef-9bcaa62a7535: receive RaftClientReply:client-E0FA40453D59->0c156e3c-57cc-425b-90ef-9bcaa62a7535@group-7704A457760D, cid=344, SUCCESS, logIndex=599, commits[0c156e3c-57cc-425b-90ef-9bcaa62a7535:c600]
2019-06-14 13:45:34,059 INFO  client.GrpcClientProtocolClient (GrpcClientProtocolClient.java:onNext(254)) - client-E0FA40453D59->0c156e3c-57cc-425b-90ef-9bcaa62a7535: receive RaftClientReply:client-E0FA40453D59->0c156e3c-57cc-425b-90ef-9bcaa62a7535@group-7704A457760D, cid=345, SUCCESS, logIndex=601, commits[0c156e3c-57cc-425b-90ef-9bcaa62a7535:c601]
2019-06-14 13:45:34,069 INFO  client.GrpcClientProtocolClient (GrpcClientProtocolClient.java:onNext(254)) - client-E0FA40453D59->0c156e3c-57cc-425b-90ef-9bcaa62a7535: receive RaftClientReply:client-E0FA40453D59->0c156e3c-57cc-425b-90ef-9bcaa62a7535@group-7704A457760D, cid=346, SUCCESS, logIndex=603, commits[0c156e3c-57cc-425b-90ef-9bcaa62a7535:c604]
2019-06-14 13:45:34,098 DEBUG block.SCMBlockDeletingService (SCMBlockDeletingService.java:call(138)) - Running DeletedBlockTransactionScanner
2019-06-14 13:45:34,098 DEBUG block.SCMBlockDeletingService (SCMBlockDeletingService.java:call(155)) - Scanned deleted blocks log and got 0 delTX to process.
2019-06-14 13:45:34,102 INFO  client.GrpcClientProtocolClient (GrpcClientProtocolClient.java:onNext(254)) - client-E0FA40453D59->0c156e3c-57cc-425b-90ef-9bcaa62a7535: receive RaftClientReply:client-E0FA40453D59->0c156e3c-57cc-425b-90ef-9bcaa62a7535@group-7704A457760D, cid=347, SUCCESS, logIndex=605, commits[0c156e3c-57cc-425b-90ef-9bcaa62a7535:c608]
2019-06-14 13:45:34,102 INFO  client.GrpcClientProtocolClient (GrpcClientProtocolClient.java:onNext(254)) - client-E0FA40453D59->0c156e3c-57cc-425b-90ef-9bcaa62a7535: receive RaftClientReply:client-E0FA40453D59->0c156e3c-57cc-425b-90ef-9bcaa62a7535@group-7704A457760D, cid=348, SUCCESS, logIndex=606, commits[0c156e3c-57cc-425b-90ef-9bcaa62a7535:c608]
2019-06-14 13:45:34,152 INFO  client.GrpcClientProtocolClient (GrpcClientProtocolClient.java:onNext(254)) - client-E0FA40453D59->0c156e3c-57cc-425b-90ef-9bcaa62a7535: receive RaftClientReply:client-E0FA40453D59->0c156e3c-57cc-425b-90ef-9bcaa62a7535@group-7704A457760D, cid=349, SUCCESS, logIndex=609, commits[0c156e3c-57cc-425b-90ef-9bcaa62a7535:c609]
2019-06-14 13:45:34,164 INFO  client.GrpcClientProtocolClient (GrpcClientProtocolClient.java:onNext(254)) - client-E0FA40453D59->0c156e3c-57cc-425b-90ef-9bcaa62a7535: receive RaftClientReply:client-E0FA40453D59->0c156e3c-57cc-425b-90ef-9bcaa62a7535@group-7704A457760D, cid=350, SUCCESS, logIndex=611, commits[0c156e3c-57cc-425b-90ef-9bcaa62a7535:c614]
2019-06-14 13:45:34,167 INFO  client.GrpcClientProtocolClient (GrpcClientProtocolClient.java:onNext(254)) - client-E0FA40453D59->0c156e3c-57cc-425b-90ef-9bcaa62a7535: receive RaftClientReply:client-E0FA40453D59->0c156e3c-57cc-425b-90ef-9bcaa62a7535@group-7704A457760D, cid=351, SUCCESS, logIndex=612, commits[0c156e3c-57cc-425b-90ef-9bcaa62a7535:c614]
2019-06-14 13:45:34,174 INFO  client.GrpcClientProtocolClient (GrpcClientProtocolClient.java:onNext(254)) - client-E0FA40453D59->0c156e3c-57cc-425b-90ef-9bcaa62a7535: receive RaftClientReply:client-E0FA40453D59->0c156e3c-57cc-425b-90ef-9bcaa62a7535@group-7704A457760D, cid=352, SUCCESS, logIndex=613, commits[0c156e3c-57cc-425b-90ef-9bcaa62a7535:c614]
2019-06-14 13:45:34,199 DEBUG block.SCMBlockDeletingService (SCMBlockDeletingService.java:call(138)) - Running DeletedBlockTransactionScanner
2019-06-14 13:45:34,199 DEBUG block.SCMBlockDeletingService (SCMBlockDeletingService.java:call(155)) - Scanned deleted blocks log and got 0 delTX to process.
2019-06-14 13:45:34,331 DEBUG block.SCMBlockDeletingService (SCMBlockDeletingService.java:call(138)) - Running DeletedBlockTransactionScanner
2019-06-14 13:45:34,331 DEBUG block.SCMBlockDeletingService (SCMBlockDeletingService.java:call(155)) - Scanned deleted blocks log and got 0 delTX to process.
2019-06-14 13:45:34,337 INFO  client.GrpcClientProtocolClient (GrpcClientProtocolClient.java:onNext(254)) - client-E0FA40453D59->0c156e3c-57cc-425b-90ef-9bcaa62a7535: receive RaftClientReply:client-E0FA40453D59->0c156e3c-57cc-425b-90ef-9bcaa62a7535@group-7704A457760D, cid=353, SUCCESS, logIndex=615, commits[0c156e3c-57cc-425b-90ef-9bcaa62a7535:c615]
2019-06-14 13:45:34,350 INFO  client.GrpcClientProtocolClient (GrpcClientProtocolClient.java:onNext(254)) - client-E0FA40453D59->0c156e3c-57cc-425b-90ef-9bcaa62a7535: receive RaftClientReply:client-E0FA40453D59->0c156e3c-57cc-425b-90ef-9bcaa62a7535@group-7704A457760D, cid=354, SUCCESS, logIndex=617, commits[0c156e3c-57cc-425b-90ef-9bcaa62a7535:c617]
2019-06-14 13:45:34,351 INFO  client.GrpcClientProtocolClient (GrpcClientProtocolClient.java:onNext(254)) - client-E0FA40453D59->0c156e3c-57cc-425b-90ef-9bcaa62a7535: receive RaftClientReply:client-E0FA40453D59->0c156e3c-57cc-425b-90ef-9bcaa62a7535@group-7704A457760D, cid=355, SUCCESS, logIndex=618, commits[0c156e3c-57cc-425b-90ef-9bcaa62a7535:c619]
2019-06-14 13:45:34,358 INFO  client.GrpcClientProtocolClient (GrpcClientProtocolClient.java:onNext(254)) - client-E0FA40453D59->0c156e3c-57cc-425b-90ef-9bcaa62a7535: receive RaftClientReply:client-E0FA40453D59->0c156e3c-57cc-425b-90ef-9bcaa62a7535@group-7704A457760D, cid=356, SUCCESS, logIndex=620, commits[0c156e3c-57cc-425b-90ef-9bcaa62a7535:c620]
2019-06-14 13:45:34,370 INFO  client.GrpcClientProtocolClient (GrpcClientProtocolClient.java:onNext(254)) - client-E0FA40453D59->0c156e3c-57cc-425b-90ef-9bcaa62a7535: receive RaftClientReply:client-E0FA40453D59->0c156e3c-57cc-425b-90ef-9bcaa62a7535@group-7704A457760D, cid=357, SUCCESS, logIndex=622, commits[0c156e3c-57cc-425b-90ef-9bcaa62a7535:c622]
2019-06-14 13:45:34,380 INFO  client.GrpcClientProtocolClient (GrpcClientProtocolClient.java:onNext(254)) - client-E0FA40453D59->0c156e3c-57cc-425b-90ef-9bcaa62a7535: receive RaftClientReply:client-E0FA40453D59->0c156e3c-57cc-425b-90ef-9bcaa62a7535@group-7704A457760D, cid=358, SUCCESS, logIndex=624, commits[0c156e3c-57cc-425b-90ef-9bcaa62a7535:c624]
2019-06-14 13:45:34,381 INFO  client.GrpcClientProtocolClient (GrpcClientProtocolClient.java:onNext(254)) - client-E0FA40453D59->0c156e3c-57cc-425b-90ef-9bcaa62a7535: receive RaftClientReply:client-E0FA40453D59->0c156e3c-57cc-425b-90ef-9bcaa62a7535@group-7704A457760D, cid=359, SUCCESS, logIndex=625, commits[0c156e3c-57cc-425b-90ef-9bcaa62a7535:c626]
2019-06-14 13:45:34,382 INFO  client.GrpcClientProtocolClient (GrpcClientProtocolClient.java:onNext(254)) - client-E0FA40453D59->0c156e3c-57cc-425b-90ef-9bcaa62a7535: receive RaftClientReply:client-E0FA40453D59->0c156e3c-57cc-425b-90ef-9bcaa62a7535@group-7704A457760D, cid=360, SUCCESS, logIndex=627, commits[0c156e3c-57cc-425b-90ef-9bcaa62a7535:c627]
2019-06-14 13:45:34,435 INFO  client.GrpcClientProtocolClient (GrpcClientProtocolClient.java:onNext(254)) - client-E0FA40453D59->0c156e3c-57cc-425b-90ef-9bcaa62a7535: receive RaftClientReply:client-E0FA40453D59->0c156e3c-57cc-425b-90ef-9bcaa62a7535@group-7704A457760D, cid=361, SUCCESS, logIndex=629, commits[0c156e3c-57cc-425b-90ef-9bcaa62a7535:c630]
2019-06-14 13:45:34,450 DEBUG block.SCMBlockDeletingService (SCMBlockDeletingService.java:call(138)) - Running DeletedBlockTransactionScanner
2019-06-14 13:45:34,450 DEBUG block.SCMBlockDeletingService (SCMBlockDeletingService.java:call(155)) - Scanned deleted blocks log and got 0 delTX to process.
2019-06-14 13:45:34,452 INFO  client.GrpcClientProtocolClient (GrpcClientProtocolClient.java:onNext(254)) - client-E0FA40453D59->0c156e3c-57cc-425b-90ef-9bcaa62a7535: receive RaftClientReply:client-E0FA40453D59->0c156e3c-57cc-425b-90ef-9bcaa62a7535@group-7704A457760D, cid=362, SUCCESS, logIndex=631, commits[0c156e3c-57cc-425b-90ef-9bcaa62a7535:c631]
2019-06-14 13:45:34,470 INFO  client.GrpcClientProtocolClient (GrpcClientProtocolClient.java:onNext(254)) - client-E0FA40453D59->0c156e3c-57cc-425b-90ef-9bcaa62a7535: receive RaftClientReply:client-E0FA40453D59->0c156e3c-57cc-425b-90ef-9bcaa62a7535@group-7704A457760D, cid=363, SUCCESS, logIndex=632, commits[0c156e3c-57cc-425b-90ef-9bcaa62a7535:c635]
2019-06-14 13:45:34,471 INFO  client.GrpcClientProtocolClient (GrpcClientProtocolClient.java:onNext(254)) - client-E0FA40453D59->0c156e3c-57cc-425b-90ef-9bcaa62a7535: receive RaftClientReply:client-E0FA40453D59->0c156e3c-57cc-425b-90ef-9bcaa62a7535@group-7704A457760D, cid=364, SUCCESS, logIndex=634, commits[0c156e3c-57cc-425b-90ef-9bcaa62a7535:c635]
2019-06-14 13:45:34,513 INFO  client.GrpcClientProtocolClient (GrpcClientProtocolClient.java:onNext(254)) - client-E0FA40453D59->0c156e3c-57cc-425b-90ef-9bcaa62a7535: receive RaftClientReply:client-E0FA40453D59->0c156e3c-57cc-425b-90ef-9bcaa62a7535@group-7704A457760D, cid=365, SUCCESS, logIndex=636, commits[0c156e3c-57cc-425b-90ef-9bcaa62a7535:c636]
2019-06-14 13:45:34,527 INFO  client.GrpcClientProtocolClient (GrpcClientProtocolClient.java:onNext(254)) - client-E0FA40453D59->0c156e3c-57cc-425b-90ef-9bcaa62a7535: receive RaftClientReply:client-E0FA40453D59->0c156e3c-57cc-425b-90ef-9bcaa62a7535@group-7704A457760D, cid=366, SUCCESS, logIndex=638, commits[0c156e3c-57cc-425b-90ef-9bcaa62a7535:c638]
2019-06-14 13:45:34,529 INFO  client.GrpcClientProtocolClient (GrpcClientProtocolClient.java:onNext(254)) - client-E0FA40453D59->0c156e3c-57cc-425b-90ef-9bcaa62a7535: receive RaftClientReply:client-E0FA40453D59->0c156e3c-57cc-425b-90ef-9bcaa62a7535@group-7704A457760D, cid=367, SUCCESS, logIndex=640, commits[0c156e3c-57cc-425b-90ef-9bcaa62a7535:c641]
2019-06-14 13:45:34,530 INFO  client.GrpcClientProtocolClient (GrpcClientProtocolClient.java:onNext(254)) - client-E0FA40453D59->0c156e3c-57cc-425b-90ef-9bcaa62a7535: receive RaftClientReply:client-E0FA40453D59->0c156e3c-57cc-425b-90ef-9bcaa62a7535@group-7704A457760D, cid=368, SUCCESS, logIndex=641, commits[0c156e3c-57cc-425b-90ef-9bcaa62a7535:c641]
2019-06-14 13:45:34,549 INFO  client.GrpcClientProtocolClient (GrpcClientProtocolClient.java:onNext(254)) - client-E0FA40453D59->0c156e3c-57cc-425b-90ef-9bcaa62a7535: receive RaftClientReply:client-E0FA40453D59->0c156e3c-57cc-425b-90ef-9bcaa62a7535@group-7704A457760D, cid=369, SUCCESS, logIndex=643, commits[0c156e3c-57cc-425b-90ef-9bcaa62a7535:c643]
2019-06-14 13:45:34,552 DEBUG block.SCMBlockDeletingService (SCMBlockDeletingService.java:call(138)) - Running DeletedBlockTransactionScanner
2019-06-14 13:45:34,553 DEBUG block.SCMBlockDeletingService (SCMBlockDeletingService.java:call(155)) - Scanned deleted blocks log and got 0 delTX to process.
2019-06-14 13:45:34,560 INFO  client.GrpcClientProtocolClient (GrpcClientProtocolClient.java:onNext(254)) - client-E0FA40453D59->0c156e3c-57cc-425b-90ef-9bcaa62a7535: receive RaftClientReply:client-E0FA40453D59->0c156e3c-57cc-425b-90ef-9bcaa62a7535@group-7704A457760D, cid=370, SUCCESS, logIndex=645, commits[0c156e3c-57cc-425b-90ef-9bcaa62a7535:c645]
2019-06-14 13:45:34,560 INFO  client.GrpcClientProtocolClient (GrpcClientProtocolClient.java:onNext(254)) - client-E0FA40453D59->0c156e3c-57cc-425b-90ef-9bcaa62a7535: receive RaftClientReply:client-E0FA40453D59->0c156e3c-57cc-425b-90ef-9bcaa62a7535@group-7704A457760D, cid=371, SUCCESS, logIndex=646, commits[0c156e3c-57cc-425b-90ef-9bcaa62a7535:c646]
2019-06-14 13:45:34,574 INFO  client.GrpcClientProtocolClient (GrpcClientProtocolClient.java:onNext(254)) - client-E0FA40453D59->0c156e3c-57cc-425b-90ef-9bcaa62a7535: receive RaftClientReply:client-E0FA40453D59->0c156e3c-57cc-425b-90ef-9bcaa62a7535@group-7704A457760D, cid=372, SUCCESS, logIndex=649, commits[0c156e3c-57cc-425b-90ef-9bcaa62a7535:c649]
2019-06-14 13:45:34,594 INFO  client.GrpcClientProtocolClient (GrpcClientProtocolClient.java:onNext(254)) - client-E0FA40453D59->0c156e3c-57cc-425b-90ef-9bcaa62a7535: receive RaftClientReply:client-E0FA40453D59->0c156e3c-57cc-425b-90ef-9bcaa62a7535@group-7704A457760D, cid=373, SUCCESS, logIndex=651, commits[0c156e3c-57cc-425b-90ef-9bcaa62a7535:c652]
2019-06-14 13:45:34,608 INFO  client.GrpcClientProtocolClient (GrpcClientProtocolClient.java:onNext(254)) - client-E0FA40453D59->0c156e3c-57cc-425b-90ef-9bcaa62a7535: receive RaftClientReply:client-E0FA40453D59->0c156e3c-57cc-425b-90ef-9bcaa62a7535@group-7704A457760D, cid=374, SUCCESS, logIndex=653, commits[0c156e3c-57cc-425b-90ef-9bcaa62a7535:c653]
2019-06-14 13:45:34,608 INFO  client.GrpcClientProtocolClient (GrpcClientProtocolClient.java:onNext(254)) - client-E0FA40453D59->0c156e3c-57cc-425b-90ef-9bcaa62a7535: receive RaftClientReply:client-E0FA40453D59->0c156e3c-57cc-425b-90ef-9bcaa62a7535@group-7704A457760D, cid=375, SUCCESS, logIndex=654, commits[0c156e3c-57cc-425b-90ef-9bcaa62a7535:c655]
2019-06-14 13:45:34,610 INFO  client.GrpcClientProtocolClient (GrpcClientProtocolClient.java:onNext(254)) - client-E0FA40453D59->0c156e3c-57cc-425b-90ef-9bcaa62a7535: receive RaftClientReply:client-E0FA40453D59->0c156e3c-57cc-425b-90ef-9bcaa62a7535@group-7704A457760D, cid=376, SUCCESS, logIndex=656, commits[0c156e3c-57cc-425b-90ef-9bcaa62a7535:c656]
2019-06-14 13:45:34,673 DEBUG block.SCMBlockDeletingService (SCMBlockDeletingService.java:call(138)) - Running DeletedBlockTransactionScanner
2019-06-14 13:45:34,673 DEBUG block.SCMBlockDeletingService (SCMBlockDeletingService.java:call(155)) - Scanned deleted blocks log and got 0 delTX to process.
2019-06-14 13:45:34,677 INFO  client.GrpcClientProtocolClient (GrpcClientProtocolClient.java:onNext(254)) - client-E0FA40453D59->0c156e3c-57cc-425b-90ef-9bcaa62a7535: receive RaftClientReply:client-E0FA40453D59->0c156e3c-57cc-425b-90ef-9bcaa62a7535@group-7704A457760D, cid=377, SUCCESS, logIndex=658, commits[0c156e3c-57cc-425b-90ef-9bcaa62a7535:c658]
2019-06-14 13:45:34,684 INFO  client.GrpcClientProtocolClient (GrpcClientProtocolClient.java:onNext(254)) - client-E0FA40453D59->0c156e3c-57cc-425b-90ef-9bcaa62a7535: receive RaftClientReply:client-E0FA40453D59->0c156e3c-57cc-425b-90ef-9bcaa62a7535@group-7704A457760D, cid=378, SUCCESS, logIndex=660, commits[0c156e3c-57cc-425b-90ef-9bcaa62a7535:c660]
2019-06-14 13:45:34,685 INFO  client.GrpcClientProtocolClient (GrpcClientProtocolClient.java:onNext(254)) - client-E0FA40453D59->0c156e3c-57cc-425b-90ef-9bcaa62a7535: receive RaftClientReply:client-E0FA40453D59->0c156e3c-57cc-425b-90ef-9bcaa62a7535@group-7704A457760D, cid=379, SUCCESS, logIndex=661, commits[0c156e3c-57cc-425b-90ef-9bcaa62a7535:c663]
2019-06-14 13:45:34,692 INFO  client.GrpcClientProtocolClient (GrpcClientProtocolClient.java:onNext(254)) - client-E0FA40453D59->0c156e3c-57cc-425b-90ef-9bcaa62a7535: receive RaftClientReply:client-E0FA40453D59->0c156e3c-57cc-425b-90ef-9bcaa62a7535@group-7704A457760D, cid=380, SUCCESS, logIndex=662, commits[0c156e3c-57cc-425b-90ef-9bcaa62a7535:c663]
2019-06-14 13:45:34,719 INFO  client.GrpcClientProtocolClient (GrpcClientProtocolClient.java:onNext(254)) - client-E0FA40453D59->0c156e3c-57cc-425b-90ef-9bcaa62a7535: receive RaftClientReply:client-E0FA40453D59->0c156e3c-57cc-425b-90ef-9bcaa62a7535@group-7704A457760D, cid=381, SUCCESS, logIndex=664, commits[0c156e3c-57cc-425b-90ef-9bcaa62a7535:c664]
2019-06-14 13:45:34,727 INFO  client.GrpcClientProtocolClient (GrpcClientProtocolClient.java:onNext(254)) - client-E0FA40453D59->0c156e3c-57cc-425b-90ef-9bcaa62a7535: receive RaftClientReply:client-E0FA40453D59->0c156e3c-57cc-425b-90ef-9bcaa62a7535@group-7704A457760D, cid=382, SUCCESS, logIndex=666, commits[0c156e3c-57cc-425b-90ef-9bcaa62a7535:c666]
2019-06-14 13:45:34,749 INFO  client.GrpcClientProtocolClient (GrpcClientProtocolClient.java:onNext(254)) - client-E0FA40453D59->0c156e3c-57cc-425b-90ef-9bcaa62a7535: receive RaftClientReply:client-E0FA40453D59->0c156e3c-57cc-425b-90ef-9bcaa62a7535@group-7704A457760D, cid=383, SUCCESS, logIndex=667, commits[0c156e3c-57cc-425b-90ef-9bcaa62a7535:c669]
2019-06-14 13:45:34,754 INFO  client.GrpcClientProtocolClient (GrpcClientProtocolClient.java:onNext(254)) - client-E0FA40453D59->0c156e3c-57cc-425b-90ef-9bcaa62a7535: receive RaftClientReply:client-E0FA40453D59->0c156e3c-57cc-425b-90ef-9bcaa62a7535@group-7704A457760D, cid=384, SUCCESS, logIndex=668, commits[0c156e3c-57cc-425b-90ef-9bcaa62a7535:c669]
2019-06-14 13:45:34,772 INFO  client.GrpcClientProtocolClient (GrpcClientProtocolClient.java:onNext(254)) - client-E0FA40453D59->0c156e3c-57cc-425b-90ef-9bcaa62a7535: receive RaftClientReply:client-E0FA40453D59->0c156e3c-57cc-425b-90ef-9bcaa62a7535@group-7704A457760D, cid=385, SUCCESS, logIndex=671, commits[0c156e3c-57cc-425b-90ef-9bcaa62a7535:c671]
2019-06-14 13:45:34,773 INFO  storage.RaftLogWorker (RaftLogWorker.java:rollLogSegment(303)) - 0c156e3c-57cc-425b-90ef-9bcaa62a7535-RaftLogWorker: Rolling segment log-599_673 to index:673
2019-06-14 13:45:34,773 INFO  storage.RaftLogWorker (RaftLogWorker.java:execute(433)) - 0c156e3c-57cc-425b-90ef-9bcaa62a7535-RaftLogWorker: Rolled log segment from /opt/src/hadoop-ozone/integration-test/target/test-dir/MiniOzoneClusterImpl-8919240e-7e15-4dbf-8bf4-c210578586bb/datanode-0/data/ratis/1fc53845-3381-4beb-82f9-7704a457760d/current/log_inprogress_599 to /opt/src/hadoop-ozone/integration-test/target/test-dir/MiniOzoneClusterImpl-8919240e-7e15-4dbf-8bf4-c210578586bb/datanode-0/data/ratis/1fc53845-3381-4beb-82f9-7704a457760d/current/log_599-673
2019-06-14 13:45:34,773 DEBUG block.SCMBlockDeletingService (SCMBlockDeletingService.java:call(138)) - Running DeletedBlockTransactionScanner
2019-06-14 13:45:34,774 DEBUG block.SCMBlockDeletingService (SCMBlockDeletingService.java:call(155)) - Scanned deleted blocks log and got 0 delTX to process.
2019-06-14 13:45:34,789 INFO  client.GrpcClientProtocolClient (GrpcClientProtocolClient.java:onNext(254)) - client-E0FA40453D59->0c156e3c-57cc-425b-90ef-9bcaa62a7535: receive RaftClientReply:client-E0FA40453D59->0c156e3c-57cc-425b-90ef-9bcaa62a7535@group-7704A457760D, cid=386, SUCCESS, logIndex=673, commits[0c156e3c-57cc-425b-90ef-9bcaa62a7535:c673]
2019-06-14 13:45:34,832 INFO  storage.RaftLogWorker (RaftLogWorker.java:execute(469)) - 0c156e3c-57cc-425b-90ef-9bcaa62a7535-RaftLogWorker: created new log segment /opt/src/hadoop-ozone/integration-test/target/test-dir/MiniOzoneClusterImpl-8919240e-7e15-4dbf-8bf4-c210578586bb/datanode-0/data/ratis/1fc53845-3381-4beb-82f9-7704a457760d/current/log_inprogress_674
2019-06-14 13:45:34,836 INFO  client.GrpcClientProtocolClient (GrpcClientProtocolClient.java:onNext(254)) - client-E0FA40453D59->0c156e3c-57cc-425b-90ef-9bcaa62a7535: receive RaftClientReply:client-E0FA40453D59->0c156e3c-57cc-425b-90ef-9bcaa62a7535@group-7704A457760D, cid=387, SUCCESS, logIndex=674, commits[0c156e3c-57cc-425b-90ef-9bcaa62a7535:c676]
2019-06-14 13:45:34,854 INFO  client.GrpcClientProtocolClient (GrpcClientProtocolClient.java:onNext(254)) - client-E0FA40453D59->0c156e3c-57cc-425b-90ef-9bcaa62a7535: receive RaftClientReply:client-E0FA40453D59->0c156e3c-57cc-425b-90ef-9bcaa62a7535@group-7704A457760D, cid=388, SUCCESS, logIndex=676, commits[0c156e3c-57cc-425b-90ef-9bcaa62a7535:c676]
2019-06-14 13:45:34,878 DEBUG block.SCMBlockDeletingService (SCMBlockDeletingService.java:call(138)) - Running DeletedBlockTransactionScanner
2019-06-14 13:45:34,878 DEBUG block.SCMBlockDeletingService (SCMBlockDeletingService.java:call(155)) - Scanned deleted blocks log and got 0 delTX to process.
2019-06-14 13:45:34,882 INFO  client.GrpcClientProtocolClient (GrpcClientProtocolClient.java:onNext(254)) - client-E0FA40453D59->0c156e3c-57cc-425b-90ef-9bcaa62a7535: receive RaftClientReply:client-E0FA40453D59->0c156e3c-57cc-425b-90ef-9bcaa62a7535@group-7704A457760D, cid=389, SUCCESS, logIndex=678, commits[0c156e3c-57cc-425b-90ef-9bcaa62a7535:c678]
2019-06-14 13:45:34,891 INFO  client.GrpcClientProtocolClient (GrpcClientProtocolClient.java:onNext(254)) - client-E0FA40453D59->0c156e3c-57cc-425b-90ef-9bcaa62a7535: receive RaftClientReply:client-E0FA40453D59->0c156e3c-57cc-425b-90ef-9bcaa62a7535@group-7704A457760D, cid=390, SUCCESS, logIndex=680, commits[0c156e3c-57cc-425b-90ef-9bcaa62a7535:c682]
2019-06-14 13:45:34,892 INFO  client.GrpcClientProtocolClient (GrpcClientProtocolClient.java:onNext(254)) - client-E0FA40453D59->0c156e3c-57cc-425b-90ef-9bcaa62a7535: receive RaftClientReply:client-E0FA40453D59->0c156e3c-57cc-425b-90ef-9bcaa62a7535@group-7704A457760D, cid=391, SUCCESS, logIndex=681, commits[0c156e3c-57cc-425b-90ef-9bcaa62a7535:c682]
2019-06-14 13:45:34,898 INFO  client.GrpcClientProtocolClient (GrpcClientProtocolClient.java:onNext(254)) - client-E0FA40453D59->0c156e3c-57cc-425b-90ef-9bcaa62a7535: receive RaftClientReply:client-E0FA40453D59->0c156e3c-57cc-425b-90ef-9bcaa62a7535@group-7704A457760D, cid=392, SUCCESS, logIndex=682, commits[0c156e3c-57cc-425b-90ef-9bcaa62a7535:c682]
2019-06-14 13:45:34,934 INFO  client.GrpcClientProtocolClient (GrpcClientProtocolClient.java:onNext(254)) - client-E0FA40453D59->0c156e3c-57cc-425b-90ef-9bcaa62a7535: receive RaftClientReply:client-E0FA40453D59->0c156e3c-57cc-425b-90ef-9bcaa62a7535@group-7704A457760D, cid=393, SUCCESS, logIndex=684, commits[0c156e3c-57cc-425b-90ef-9bcaa62a7535:c684]
2019-06-14 13:45:34,945 INFO  client.GrpcClientProtocolClient (GrpcClientProtocolClient.java:onNext(254)) - client-E0FA40453D59->0c156e3c-57cc-425b-90ef-9bcaa62a7535: receive RaftClientReply:client-E0FA40453D59->0c156e3c-57cc-425b-90ef-9bcaa62a7535@group-7704A457760D, cid=394, SUCCESS, logIndex=686, commits[0c156e3c-57cc-425b-90ef-9bcaa62a7535:c686]
2019-06-14 13:45:34,972 INFO  client.GrpcClientProtocolClient (GrpcClientProtocolClient.java:onNext(254)) - client-E0FA40453D59->0c156e3c-57cc-425b-90ef-9bcaa62a7535: receive RaftClientReply:client-E0FA40453D59->0c156e3c-57cc-425b-90ef-9bcaa62a7535@group-7704A457760D, cid=395, SUCCESS, logIndex=688, commits[0c156e3c-57cc-425b-90ef-9bcaa62a7535:c689]
2019-06-14 13:45:34,973 INFO  client.GrpcClientProtocolClient (GrpcClientProtocolClient.java:onNext(254)) - client-E0FA40453D59->0c156e3c-57cc-425b-90ef-9bcaa62a7535: receive RaftClientReply:client-E0FA40453D59->0c156e3c-57cc-425b-90ef-9bcaa62a7535@group-7704A457760D, cid=396, SUCCESS, logIndex=689, commits[0c156e3c-57cc-425b-90ef-9bcaa62a7535:c690]
2019-06-14 13:45:34,982 DEBUG block.SCMBlockDeletingService (SCMBlockDeletingService.java:call(138)) - Running DeletedBlockTransactionScanner
2019-06-14 13:45:34,982 DEBUG block.SCMBlockDeletingService (SCMBlockDeletingService.java:call(155)) - Scanned deleted blocks log and got 0 delTX to process.
2019-06-14 13:45:35,087 DEBUG block.SCMBlockDeletingService (SCMBlockDeletingService.java:call(138)) - Running DeletedBlockTransactionScanner
2019-06-14 13:45:35,088 DEBUG block.SCMBlockDeletingService (SCMBlockDeletingService.java:call(155)) - Scanned deleted blocks log and got 0 delTX to process.
2019-06-14 13:45:35,149 INFO  client.GrpcClientProtocolClient (GrpcClientProtocolClient.java:onNext(254)) - client-E0FA40453D59->0c156e3c-57cc-425b-90ef-9bcaa62a7535: receive RaftClientReply:client-E0FA40453D59->0c156e3c-57cc-425b-90ef-9bcaa62a7535@group-7704A457760D, cid=397, SUCCESS, logIndex=691, commits[0c156e3c-57cc-425b-90ef-9bcaa62a7535:c691]
2019-06-14 13:45:35,170 INFO  client.GrpcClientProtocolClient (GrpcClientProtocolClient.java:onNext(254)) - client-E0FA40453D59->0c156e3c-57cc-425b-90ef-9bcaa62a7535: receive RaftClientReply:client-E0FA40453D59->0c156e3c-57cc-425b-90ef-9bcaa62a7535@group-7704A457760D, cid=398, SUCCESS, logIndex=693, commits[0c156e3c-57cc-425b-90ef-9bcaa62a7535:c693]
2019-06-14 13:45:35,171 INFO  client.GrpcClientProtocolClient (GrpcClientProtocolClient.java:onNext(254)) - client-E0FA40453D59->0c156e3c-57cc-425b-90ef-9bcaa62a7535: receive RaftClientReply:client-E0FA40453D59->0c156e3c-57cc-425b-90ef-9bcaa62a7535@group-7704A457760D, cid=399, SUCCESS, logIndex=694, commits[0c156e3c-57cc-425b-90ef-9bcaa62a7535:c695]
2019-06-14 13:45:35,182 INFO  client.GrpcClientProtocolClient (GrpcClientProtocolClient.java:onNext(254)) - client-E0FA40453D59->0c156e3c-57cc-425b-90ef-9bcaa62a7535: receive RaftClientReply:client-E0FA40453D59->0c156e3c-57cc-425b-90ef-9bcaa62a7535@group-7704A457760D, cid=400, SUCCESS, logIndex=695, commits[0c156e3c-57cc-425b-90ef-9bcaa62a7535:c697]
2019-06-14 13:45:35,190 DEBUG block.SCMBlockDeletingService (SCMBlockDeletingService.java:call(138)) - Running DeletedBlockTransactionScanner
2019-06-14 13:45:35,190 DEBUG block.SCMBlockDeletingService (SCMBlockDeletingService.java:call(155)) - Scanned deleted blocks log and got 0 delTX to process.
2019-06-14 13:45:35,208 INFO  client.GrpcClientProtocolClient (GrpcClientProtocolClient.java:onNext(254)) - client-E0FA40453D59->0c156e3c-57cc-425b-90ef-9bcaa62a7535: receive RaftClientReply:client-E0FA40453D59->0c156e3c-57cc-425b-90ef-9bcaa62a7535@group-7704A457760D, cid=401, SUCCESS, logIndex=698, commits[0c156e3c-57cc-425b-90ef-9bcaa62a7535:c699]
2019-06-14 13:45:35,211 INFO  client.GrpcClientProtocolClient (GrpcClientProtocolClient.java:onNext(254)) - client-E0FA40453D59->0c156e3c-57cc-425b-90ef-9bcaa62a7535: receive RaftClientReply:client-E0FA40453D59->0c156e3c-57cc-425b-90ef-9bcaa62a7535@group-7704A457760D, cid=402, SUCCESS, logIndex=700, commits[0c156e3c-57cc-425b-90ef-9bcaa62a7535:c701]
2019-06-14 13:45:35,217 INFO  client.GrpcClientProtocolClient (GrpcClientProtocolClient.java:onNext(254)) - client-E0FA40453D59->0c156e3c-57cc-425b-90ef-9bcaa62a7535: receive RaftClientReply:client-E0FA40453D59->0c156e3c-57cc-425b-90ef-9bcaa62a7535@group-7704A457760D, cid=403, SUCCESS, logIndex=702, commits[0c156e3c-57cc-425b-90ef-9bcaa62a7535:c703]
2019-06-14 13:45:35,220 INFO  client.GrpcClientProtocolClient (GrpcClientProtocolClient.java:onNext(254)) - client-E0FA40453D59->0c156e3c-57cc-425b-90ef-9bcaa62a7535: receive RaftClientReply:client-E0FA40453D59->0c156e3c-57cc-425b-90ef-9bcaa62a7535@group-7704A457760D, cid=404, SUCCESS, logIndex=704, commits[0c156e3c-57cc-425b-90ef-9bcaa62a7535:c704]
2019-06-14 13:45:35,242 INFO  client.GrpcClientProtocolClient (GrpcClientProtocolClient.java:onNext(254)) - client-E0FA40453D59->0c156e3c-57cc-425b-90ef-9bcaa62a7535: receive RaftClientReply:client-E0FA40453D59->0c156e3c-57cc-425b-90ef-9bcaa62a7535@group-7704A457760D, cid=405, SUCCESS, logIndex=706, commits[0c156e3c-57cc-425b-90ef-9bcaa62a7535:c706]
2019-06-14 13:45:35,246 INFO  client.GrpcClientProtocolClient (GrpcClientProtocolClient.java:onNext(254)) - client-E0FA40453D59->0c156e3c-57cc-425b-90ef-9bcaa62a7535: receive RaftClientReply:client-E0FA40453D59->0c156e3c-57cc-425b-90ef-9bcaa62a7535@group-7704A457760D, cid=406, SUCCESS, logIndex=708, commits[0c156e3c-57cc-425b-90ef-9bcaa62a7535:c708]
2019-06-14 13:45:35,253 INFO  client.GrpcClientProtocolClient (GrpcClientProtocolClient.java:onNext(254)) - client-E0FA40453D59->0c156e3c-57cc-425b-90ef-9bcaa62a7535: receive RaftClientReply:client-E0FA40453D59->0c156e3c-57cc-425b-90ef-9bcaa62a7535@group-7704A457760D, cid=407, SUCCESS, logIndex=709, commits[0c156e3c-57cc-425b-90ef-9bcaa62a7535:c710]
2019-06-14 13:45:35,253 INFO  client.GrpcClientProtocolClient (GrpcClientProtocolClient.java:onNext(254)) - client-E0FA40453D59->0c156e3c-57cc-425b-90ef-9bcaa62a7535: receive RaftClientReply:client-E0FA40453D59->0c156e3c-57cc-425b-90ef-9bcaa62a7535@group-7704A457760D, cid=408, SUCCESS, logIndex=711, commits[0c156e3c-57cc-425b-90ef-9bcaa62a7535:c711]
2019-06-14 13:45:35,288 INFO  client.GrpcClientProtocolClient (GrpcClientProtocolClient.java:onNext(254)) - client-E0FA40453D59->0c156e3c-57cc-425b-90ef-9bcaa62a7535: receive RaftClientReply:client-E0FA40453D59->0c156e3c-57cc-425b-90ef-9bcaa62a7535@group-7704A457760D, cid=409, SUCCESS, logIndex=713, commits[0c156e3c-57cc-425b-90ef-9bcaa62a7535:c713]
2019-06-14 13:45:35,291 DEBUG block.SCMBlockDeletingService (SCMBlockDeletingService.java:call(138)) - Running DeletedBlockTransactionScanner
2019-06-14 13:45:35,291 DEBUG block.SCMBlockDeletingService (SCMBlockDeletingService.java:call(155)) - Scanned deleted blocks log and got 0 delTX to process.
2019-06-14 13:45:35,311 INFO  client.GrpcClientProtocolClient (GrpcClientProtocolClient.java:onNext(254)) - client-E0FA40453D59->0c156e3c-57cc-425b-90ef-9bcaa62a7535: receive RaftClientReply:client-E0FA40453D59->0c156e3c-57cc-425b-90ef-9bcaa62a7535@group-7704A457760D, cid=410, SUCCESS, logIndex=715, commits[0c156e3c-57cc-425b-90ef-9bcaa62a7535:c717]
2019-06-14 13:45:35,343 INFO  client.GrpcClientProtocolClient (GrpcClientProtocolClient.java:onNext(254)) - client-E0FA40453D59->0c156e3c-57cc-425b-90ef-9bcaa62a7535: receive RaftClientReply:client-E0FA40453D59->0c156e3c-57cc-425b-90ef-9bcaa62a7535@group-7704A457760D, cid=411, SUCCESS, logIndex=716, commits[0c156e3c-57cc-425b-90ef-9bcaa62a7535:c717]
2019-06-14 13:45:35,343 INFO  client.GrpcClientProtocolClient (GrpcClientProtocolClient.java:onNext(254)) - client-E0FA40453D59->0c156e3c-57cc-425b-90ef-9bcaa62a7535: receive RaftClientReply:client-E0FA40453D59->0c156e3c-57cc-425b-90ef-9bcaa62a7535@group-7704A457760D, cid=412, SUCCESS, logIndex=717, commits[0c156e3c-57cc-425b-90ef-9bcaa62a7535:c717]
2019-06-14 13:45:35,358 INFO  client.GrpcClientProtocolClient (GrpcClientProtocolClient.java:onNext(254)) - client-E0FA40453D59->0c156e3c-57cc-425b-90ef-9bcaa62a7535: receive RaftClientReply:client-E0FA40453D59->0c156e3c-57cc-425b-90ef-9bcaa62a7535@group-7704A457760D, cid=413, SUCCESS, logIndex=719, commits[0c156e3c-57cc-425b-90ef-9bcaa62a7535:c719]
2019-06-14 13:45:35,366 INFO  client.GrpcClientProtocolClient (GrpcClientProtocolClient.java:onNext(254)) - client-E0FA40453D59->0c156e3c-57cc-425b-90ef-9bcaa62a7535: receive RaftClientReply:client-E0FA40453D59->0c156e3c-57cc-425b-90ef-9bcaa62a7535@group-7704A457760D, cid=414, SUCCESS, logIndex=721, commits[0c156e3c-57cc-425b-90ef-9bcaa62a7535:c721]
2019-06-14 13:45:35,367 INFO  client.GrpcClientProtocolClient (GrpcClientProtocolClient.java:onNext(254)) - client-E0FA40453D59->0c156e3c-57cc-425b-90ef-9bcaa62a7535: receive RaftClientReply:client-E0FA40453D59->0c156e3c-57cc-425b-90ef-9bcaa62a7535@group-7704A457760D, cid=415, SUCCESS, logIndex=722, commits[0c156e3c-57cc-425b-90ef-9bcaa62a7535:c724]
2019-06-14 13:45:35,377 INFO  client.GrpcClientProtocolClient (GrpcClientProtocolClient.java:onNext(254)) - client-E0FA40453D59->0c156e3c-57cc-425b-90ef-9bcaa62a7535: receive RaftClientReply:client-E0FA40453D59->0c156e3c-57cc-425b-90ef-9bcaa62a7535@group-7704A457760D, cid=416, SUCCESS, logIndex=724, commits[0c156e3c-57cc-425b-90ef-9bcaa62a7535:c724]
2019-06-14 13:45:35,394 DEBUG block.SCMBlockDeletingService (SCMBlockDeletingService.java:call(138)) - Running DeletedBlockTransactionScanner
2019-06-14 13:45:35,394 DEBUG block.SCMBlockDeletingService (SCMBlockDeletingService.java:call(155)) - Scanned deleted blocks log and got 0 delTX to process.
2019-06-14 13:45:35,405 INFO  client.GrpcClientProtocolClient (GrpcClientProtocolClient.java:onNext(254)) - client-E0FA40453D59->0c156e3c-57cc-425b-90ef-9bcaa62a7535: receive RaftClientReply:client-E0FA40453D59->0c156e3c-57cc-425b-90ef-9bcaa62a7535@group-7704A457760D, cid=417, SUCCESS, logIndex=726, commits[0c156e3c-57cc-425b-90ef-9bcaa62a7535:c726]
2019-06-14 13:45:35,435 INFO  client.GrpcClientProtocolClient (GrpcClientProtocolClient.java:onNext(254)) - client-E0FA40453D59->0c156e3c-57cc-425b-90ef-9bcaa62a7535: receive RaftClientReply:client-E0FA40453D59->0c156e3c-57cc-425b-90ef-9bcaa62a7535@group-7704A457760D, cid=418, SUCCESS, logIndex=728, commits[0c156e3c-57cc-425b-90ef-9bcaa62a7535:c731]
2019-06-14 13:45:35,436 INFO  client.GrpcClientProtocolClient (GrpcClientProtocolClient.java:onNext(254)) - client-E0FA40453D59->0c156e3c-57cc-425b-90ef-9bcaa62a7535: receive RaftClientReply:client-E0FA40453D59->0c156e3c-57cc-425b-90ef-9bcaa62a7535@group-7704A457760D, cid=419, SUCCESS, logIndex=729, commits[0c156e3c-57cc-425b-90ef-9bcaa62a7535:c731]
2019-06-14 13:45:35,437 INFO  client.GrpcClientProtocolClient (GrpcClientProtocolClient.java:onNext(254)) - client-E0FA40453D59->0c156e3c-57cc-425b-90ef-9bcaa62a7535: receive RaftClientReply:client-E0FA40453D59->0c156e3c-57cc-425b-90ef-9bcaa62a7535@group-7704A457760D, cid=420, SUCCESS, logIndex=732, commits[0c156e3c-57cc-425b-90ef-9bcaa62a7535:c732]
2019-06-14 13:45:35,471 INFO  client.GrpcClientProtocolClient (GrpcClientProtocolClient.java:onNext(254)) - client-E0FA40453D59->0c156e3c-57cc-425b-90ef-9bcaa62a7535: receive RaftClientReply:client-E0FA40453D59->0c156e3c-57cc-425b-90ef-9bcaa62a7535@group-7704A457760D, cid=421, SUCCESS, logIndex=734, commits[0c156e3c-57cc-425b-90ef-9bcaa62a7535:c734]
2019-06-14 13:45:35,481 INFO  client.GrpcClientProtocolClient (GrpcClientProtocolClient.java:onNext(254)) - client-E0FA40453D59->0c156e3c-57cc-425b-90ef-9bcaa62a7535: receive RaftClientReply:client-E0FA40453D59->0c156e3c-57cc-425b-90ef-9bcaa62a7535@group-7704A457760D, cid=422, SUCCESS, logIndex=736, commits[0c156e3c-57cc-425b-90ef-9bcaa62a7535:c738]
2019-06-14 13:45:35,491 INFO  client.GrpcClientProtocolClient (GrpcClientProtocolClient.java:onNext(254)) - client-E0FA40453D59->0c156e3c-57cc-425b-90ef-9bcaa62a7535: receive RaftClientReply:client-E0FA40453D59->0c156e3c-57cc-425b-90ef-9bcaa62a7535@group-7704A457760D, cid=423, SUCCESS, logIndex=737, commits[0c156e3c-57cc-425b-90ef-9bcaa62a7535:c738]
2019-06-14 13:45:35,492 INFO  client.GrpcClientProtocolClient (GrpcClientProtocolClient.java:onNext(254)) - client-E0FA40453D59->0c156e3c-57cc-425b-90ef-9bcaa62a7535: receive RaftClientReply:client-E0FA40453D59->0c156e3c-57cc-425b-90ef-9bcaa62a7535@group-7704A457760D, cid=424, SUCCESS, logIndex=738, commits[0c156e3c-57cc-425b-90ef-9bcaa62a7535:c738]
2019-06-14 13:45:35,496 DEBUG block.SCMBlockDeletingService (SCMBlockDeletingService.java:call(138)) - Running DeletedBlockTransactionScanner
2019-06-14 13:45:35,497 DEBUG block.SCMBlockDeletingService (SCMBlockDeletingService.java:call(155)) - Scanned deleted blocks log and got 0 delTX to process.
2019-06-14 13:45:35,528 INFO  client.GrpcClientProtocolClient (GrpcClientProtocolClient.java:onNext(254)) - client-E0FA40453D59->0c156e3c-57cc-425b-90ef-9bcaa62a7535: receive RaftClientReply:client-E0FA40453D59->0c156e3c-57cc-425b-90ef-9bcaa62a7535@group-7704A457760D, cid=425, SUCCESS, logIndex=740, commits[0c156e3c-57cc-425b-90ef-9bcaa62a7535:c740]
2019-06-14 13:45:35,558 INFO  client.GrpcClientProtocolClient (GrpcClientProtocolClient.java:onNext(254)) - client-E0FA40453D59->0c156e3c-57cc-425b-90ef-9bcaa62a7535: receive RaftClientReply:client-E0FA40453D59->0c156e3c-57cc-425b-90ef-9bcaa62a7535@group-7704A457760D, cid=426, SUCCESS, logIndex=742, commits[0c156e3c-57cc-425b-90ef-9bcaa62a7535:c743]
2019-06-14 13:45:35,559 INFO  client.GrpcClientProtocolClient (GrpcClientProtocolClient.java:onNext(254)) - client-E0FA40453D59->0c156e3c-57cc-425b-90ef-9bcaa62a7535: receive RaftClientReply:client-E0FA40453D59->0c156e3c-57cc-425b-90ef-9bcaa62a7535@group-7704A457760D, cid=427, SUCCESS, logIndex=743, commits[0c156e3c-57cc-425b-90ef-9bcaa62a7535:c743]
2019-06-14 13:45:35,567 INFO  client.GrpcClientProtocolClient (GrpcClientProtocolClient.java:onNext(254)) - client-E0FA40453D59->0c156e3c-57cc-425b-90ef-9bcaa62a7535: receive RaftClientReply:client-E0FA40453D59->0c156e3c-57cc-425b-90ef-9bcaa62a7535@group-7704A457760D, cid=428, SUCCESS, logIndex=746, commits[0c156e3c-57cc-425b-90ef-9bcaa62a7535:c747]
2019-06-14 13:45:35,579 INFO  client.GrpcClientProtocolClient (GrpcClientProtocolClient.java:onNext(254)) - client-E0FA40453D59->0c156e3c-57cc-425b-90ef-9bcaa62a7535: receive RaftClientReply:client-E0FA40453D59->0c156e3c-57cc-425b-90ef-9bcaa62a7535@group-7704A457760D, cid=429, SUCCESS, logIndex=748, commits[0c156e3c-57cc-425b-90ef-9bcaa62a7535:c748]
2019-06-14 13:45:35,580 INFO  storage.RaftLogWorker (RaftLogWorker.java:rollLogSegment(303)) - 0c156e3c-57cc-425b-90ef-9bcaa62a7535-RaftLogWorker: Rolling segment log-674_749 to index:749
2019-06-14 13:45:35,580 INFO  storage.RaftLogWorker (RaftLogWorker.java:execute(433)) - 0c156e3c-57cc-425b-90ef-9bcaa62a7535-RaftLogWorker: Rolled log segment from /opt/src/hadoop-ozone/integration-test/target/test-dir/MiniOzoneClusterImpl-8919240e-7e15-4dbf-8bf4-c210578586bb/datanode-0/data/ratis/1fc53845-3381-4beb-82f9-7704a457760d/current/log_inprogress_674 to /opt/src/hadoop-ozone/integration-test/target/test-dir/MiniOzoneClusterImpl-8919240e-7e15-4dbf-8bf4-c210578586bb/datanode-0/data/ratis/1fc53845-3381-4beb-82f9-7704a457760d/current/log_674-749
2019-06-14 13:45:35,597 DEBUG block.SCMBlockDeletingService (SCMBlockDeletingService.java:call(138)) - Running DeletedBlockTransactionScanner
2019-06-14 13:45:35,597 DEBUG block.SCMBlockDeletingService (SCMBlockDeletingService.java:call(155)) - Scanned deleted blocks log and got 0 delTX to process.
2019-06-14 13:45:35,627 INFO  storage.RaftLogWorker (RaftLogWorker.java:execute(469)) - 0c156e3c-57cc-425b-90ef-9bcaa62a7535-RaftLogWorker: created new log segment /opt/src/hadoop-ozone/integration-test/target/test-dir/MiniOzoneClusterImpl-8919240e-7e15-4dbf-8bf4-c210578586bb/datanode-0/data/ratis/1fc53845-3381-4beb-82f9-7704a457760d/current/log_inprogress_750
2019-06-14 13:45:35,637 INFO  client.GrpcClientProtocolClient (GrpcClientProtocolClient.java:onNext(254)) - client-E0FA40453D59->0c156e3c-57cc-425b-90ef-9bcaa62a7535: receive RaftClientReply:client-E0FA40453D59->0c156e3c-57cc-425b-90ef-9bcaa62a7535@group-7704A457760D, cid=430, SUCCESS, logIndex=750, commits[0c156e3c-57cc-425b-90ef-9bcaa62a7535:c752]
2019-06-14 13:45:35,640 INFO  client.GrpcClientProtocolClient (GrpcClientProtocolClient.java:onNext(254)) - client-E0FA40453D59->0c156e3c-57cc-425b-90ef-9bcaa62a7535: receive RaftClientReply:client-E0FA40453D59->0c156e3c-57cc-425b-90ef-9bcaa62a7535@group-7704A457760D, cid=431, SUCCESS, logIndex=751, commits[0c156e3c-57cc-425b-90ef-9bcaa62a7535:c752]
2019-06-14 13:45:35,641 INFO  client.GrpcClientProtocolClient (GrpcClientProtocolClient.java:onNext(254)) - client-E0FA40453D59->0c156e3c-57cc-425b-90ef-9bcaa62a7535: receive RaftClientReply:client-E0FA40453D59->0c156e3c-57cc-425b-90ef-9bcaa62a7535@group-7704A457760D, cid=432, SUCCESS, logIndex=752, commits[0c156e3c-57cc-425b-90ef-9bcaa62a7535:c753]
2019-06-14 13:45:35,706 DEBUG block.SCMBlockDeletingService (SCMBlockDeletingService.java:call(138)) - Running DeletedBlockTransactionScanner
2019-06-14 13:45:35,706 DEBUG block.SCMBlockDeletingService (SCMBlockDeletingService.java:call(155)) - Scanned deleted blocks log and got 0 delTX to process.
2019-06-14 13:45:35,722 INFO  client.GrpcClientProtocolClient (GrpcClientProtocolClient.java:onNext(254)) - client-E0FA40453D59->0c156e3c-57cc-425b-90ef-9bcaa62a7535: receive RaftClientReply:client-E0FA40453D59->0c156e3c-57cc-425b-90ef-9bcaa62a7535@group-7704A457760D, cid=433, SUCCESS, logIndex=754, commits[0c156e3c-57cc-425b-90ef-9bcaa62a7535:c754]
2019-06-14 13:45:35,727 INFO  client.GrpcClientProtocolClient (GrpcClientProtocolClient.java:onNext(254)) - client-E0FA40453D59->0c156e3c-57cc-425b-90ef-9bcaa62a7535: receive RaftClientReply:client-E0FA40453D59->0c156e3c-57cc-425b-90ef-9bcaa62a7535@group-7704A457760D, cid=434, SUCCESS, logIndex=756, commits[0c156e3c-57cc-425b-90ef-9bcaa62a7535:c756]
2019-06-14 13:45:35,729 INFO  client.GrpcClientProtocolClient (GrpcClientProtocolClient.java:onNext(254)) - client-E0FA40453D59->0c156e3c-57cc-425b-90ef-9bcaa62a7535: receive RaftClientReply:client-E0FA40453D59->0c156e3c-57cc-425b-90ef-9bcaa62a7535@group-7704A457760D, cid=435, SUCCESS, logIndex=757, commits[0c156e3c-57cc-425b-90ef-9bcaa62a7535:c758]
2019-06-14 13:45:35,730 INFO  client.GrpcClientProtocolClient (GrpcClientProtocolClient.java:onNext(254)) - client-E0FA40453D59->0c156e3c-57cc-425b-90ef-9bcaa62a7535: receive RaftClientReply:client-E0FA40453D59->0c156e3c-57cc-425b-90ef-9bcaa62a7535@group-7704A457760D, cid=436, SUCCESS, logIndex=758, commits[0c156e3c-57cc-425b-90ef-9bcaa62a7535:c758]
2019-06-14 13:45:35,740 INFO  client.GrpcClientProtocolClient (GrpcClientProtocolClient.java:onNext(254)) - client-E0FA40453D59->0c156e3c-57cc-425b-90ef-9bcaa62a7535: receive RaftClientReply:client-E0FA40453D59->0c156e3c-57cc-425b-90ef-9bcaa62a7535@group-7704A457760D, cid=437, SUCCESS, logIndex=761, commits[0c156e3c-57cc-425b-90ef-9bcaa62a7535:c761]
2019-06-14 13:45:35,743 INFO  client.GrpcClientProtocolClient (GrpcClientProtocolClient.java:onNext(254)) - client-E0FA40453D59->0c156e3c-57cc-425b-90ef-9bcaa62a7535: receive RaftClientReply:client-E0FA40453D59->0c156e3c-57cc-425b-90ef-9bcaa62a7535@group-7704A457760D, cid=438, SUCCESS, logIndex=763, commits[0c156e3c-57cc-425b-90ef-9bcaa62a7535:c763]
2019-06-14 13:45:35,759 INFO  client.GrpcClientProtocolClient (GrpcClientProtocolClient.java:onNext(254)) - client-E0FA40453D59->0c156e3c-57cc-425b-90ef-9bcaa62a7535: receive RaftClientReply:client-E0FA40453D59->0c156e3c-57cc-425b-90ef-9bcaa62a7535@group-7704A457760D, cid=439, SUCCESS, logIndex=764, commits[0c156e3c-57cc-425b-90ef-9bcaa62a7535:c766]
2019-06-14 13:45:35,759 INFO  client.GrpcClientProtocolClient (GrpcClientProtocolClient.java:onNext(254)) - client-E0FA40453D59->0c156e3c-57cc-425b-90ef-9bcaa62a7535: receive RaftClientReply:client-E0FA40453D59->0c156e3c-57cc-425b-90ef-9bcaa62a7535@group-7704A457760D, cid=440, SUCCESS, logIndex=766, commits[0c156e3c-57cc-425b-90ef-9bcaa62a7535:c767]
2019-06-14 13:45:35,787 INFO  client.GrpcClientProtocolClient (GrpcClientProtocolClient.java:onNext(254)) - client-E0FA40453D59->0c156e3c-57cc-425b-90ef-9bcaa62a7535: receive RaftClientReply:client-E0FA40453D59->0c156e3c-57cc-425b-90ef-9bcaa62a7535@group-7704A457760D, cid=441, SUCCESS, logIndex=768, commits[0c156e3c-57cc-425b-90ef-9bcaa62a7535:c769]
2019-06-14 13:45:35,795 INFO  client.GrpcClientProtocolClient (GrpcClientProtocolClient.java:onNext(254)) - client-E0FA40453D59->0c156e3c-57cc-425b-90ef-9bcaa62a7535: receive RaftClientReply:client-E0FA40453D59->0c156e3c-57cc-425b-90ef-9bcaa62a7535@group-7704A457760D, cid=442, SUCCESS, logIndex=770, commits[0c156e3c-57cc-425b-90ef-9bcaa62a7535:c771]
2019-06-14 13:45:35,807 DEBUG block.SCMBlockDeletingService (SCMBlockDeletingService.java:call(138)) - Running DeletedBlockTransactionScanner
2019-06-14 13:45:35,807 DEBUG block.SCMBlockDeletingService (SCMBlockDeletingService.java:call(155)) - Scanned deleted blocks log and got 0 delTX to process.
2019-06-14 13:45:35,911 DEBUG block.SCMBlockDeletingService (SCMBlockDeletingService.java:call(138)) - Running DeletedBlockTransactionScanner
2019-06-14 13:45:35,925 DEBUG block.SCMBlockDeletingService (SCMBlockDeletingService.java:call(155)) - Scanned deleted blocks log and got 0 delTX to process.
2019-06-14 13:45:35,927 INFO  client.GrpcClientProtocolClient (GrpcClientProtocolClient.java:onNext(254)) - client-E0FA40453D59->0c156e3c-57cc-425b-90ef-9bcaa62a7535: receive RaftClientReply:client-E0FA40453D59->0c156e3c-57cc-425b-90ef-9bcaa62a7535@group-7704A457760D, cid=443, SUCCESS, logIndex=772, commits[0c156e3c-57cc-425b-90ef-9bcaa62a7535:c773]
2019-06-14 13:45:35,929 INFO  client.GrpcClientProtocolClient (GrpcClientProtocolClient.java:onNext(254)) - client-E0FA40453D59->0c156e3c-57cc-425b-90ef-9bcaa62a7535: receive RaftClientReply:client-E0FA40453D59->0c156e3c-57cc-425b-90ef-9bcaa62a7535@group-7704A457760D, cid=444, SUCCESS, logIndex=774, commits[0c156e3c-57cc-425b-90ef-9bcaa62a7535:c774]
2019-06-14 13:45:35,956 INFO  client.GrpcClientProtocolClient (GrpcClientProtocolClient.java:onNext(254)) - client-E0FA40453D59->0c156e3c-57cc-425b-90ef-9bcaa62a7535: receive RaftClientReply:client-E0FA40453D59->0c156e3c-57cc-425b-90ef-9bcaa62a7535@group-7704A457760D, cid=445, SUCCESS, logIndex=776, commits[0c156e3c-57cc-425b-90ef-9bcaa62a7535:c776]
2019-06-14 13:45:35,973 INFO  client.GrpcClientProtocolClient (GrpcClientProtocolClient.java:onNext(254)) - client-E0FA40453D59->0c156e3c-57cc-425b-90ef-9bcaa62a7535: receive RaftClientReply:client-E0FA40453D59->0c156e3c-57cc-425b-90ef-9bcaa62a7535@group-7704A457760D, cid=446, SUCCESS, logIndex=778, commits[0c156e3c-57cc-425b-90ef-9bcaa62a7535:c780]
2019-06-14 13:45:35,973 INFO  client.GrpcClientProtocolClient (GrpcClientProtocolClient.java:onNext(254)) - client-E0FA40453D59->0c156e3c-57cc-425b-90ef-9bcaa62a7535: receive RaftClientReply:client-E0FA40453D59->0c156e3c-57cc-425b-90ef-9bcaa62a7535@group-7704A457760D, cid=447, SUCCESS, logIndex=779, commits[0c156e3c-57cc-425b-90ef-9bcaa62a7535:c780]
2019-06-14 13:45:35,975 INFO  client.GrpcClientProtocolClient (GrpcClientProtocolClient.java:onNext(254)) - client-E0FA40453D59->0c156e3c-57cc-425b-90ef-9bcaa62a7535: receive RaftClientReply:client-E0FA40453D59->0c156e3c-57cc-425b-90ef-9bcaa62a7535@group-7704A457760D, cid=448, SUCCESS, logIndex=780, commits[0c156e3c-57cc-425b-90ef-9bcaa62a7535:c780]
2019-06-14 13:45:36,002 INFO  client.GrpcClientProtocolClient (GrpcClientProtocolClient.java:onNext(254)) - client-E0FA40453D59->0c156e3c-57cc-425b-90ef-9bcaa62a7535: receive RaftClientReply:client-E0FA40453D59->0c156e3c-57cc-425b-90ef-9bcaa62a7535@group-7704A457760D, cid=449, SUCCESS, logIndex=782, commits[0c156e3c-57cc-425b-90ef-9bcaa62a7535:c782]
2019-06-14 13:45:36,007 INFO  client.GrpcClientProtocolClient (GrpcClientProtocolClient.java:onNext(254)) - client-E0FA40453D59->0c156e3c-57cc-425b-90ef-9bcaa62a7535: receive RaftClientReply:client-E0FA40453D59->0c156e3c-57cc-425b-90ef-9bcaa62a7535@group-7704A457760D, cid=450, SUCCESS, logIndex=784, commits[0c156e3c-57cc-425b-90ef-9bcaa62a7535:c784]
2019-06-14 13:45:36,008 INFO  client.GrpcClientProtocolClient (GrpcClientProtocolClient.java:onNext(254)) - client-E0FA40453D59->0c156e3c-57cc-425b-90ef-9bcaa62a7535: receive RaftClientReply:client-E0FA40453D59->0c156e3c-57cc-425b-90ef-9bcaa62a7535@group-7704A457760D, cid=451, SUCCESS, logIndex=785, commits[0c156e3c-57cc-425b-90ef-9bcaa62a7535:c786]
2019-06-14 13:45:36,023 INFO  client.GrpcClientProtocolClient (GrpcClientProtocolClient.java:onNext(254)) - client-E0FA40453D59->0c156e3c-57cc-425b-90ef-9bcaa62a7535: receive RaftClientReply:client-E0FA40453D59->0c156e3c-57cc-425b-90ef-9bcaa62a7535@group-7704A457760D, cid=452, SUCCESS, logIndex=787, commits[0c156e3c-57cc-425b-90ef-9bcaa62a7535:c787]
2019-06-14 13:45:36,027 DEBUG block.SCMBlockDeletingService (SCMBlockDeletingService.java:call(138)) - Running DeletedBlockTransactionScanner
2019-06-14 13:45:36,027 DEBUG block.SCMBlockDeletingService (SCMBlockDeletingService.java:call(155)) - Scanned deleted blocks log and got 0 delTX to process.
2019-06-14 13:45:36,038 INFO  client.GrpcClientProtocolClient (GrpcClientProtocolClient.java:onNext(254)) - client-E0FA40453D59->0c156e3c-57cc-425b-90ef-9bcaa62a7535: receive RaftClientReply:client-E0FA40453D59->0c156e3c-57cc-425b-90ef-9bcaa62a7535@group-7704A457760D, cid=453, SUCCESS, logIndex=789, commits[0c156e3c-57cc-425b-90ef-9bcaa62a7535:c790]
2019-06-14 13:45:36,051 INFO  client.GrpcClientProtocolClient (GrpcClientProtocolClient.java:onNext(254)) - client-E0FA40453D59->0c156e3c-57cc-425b-90ef-9bcaa62a7535: receive RaftClientReply:client-E0FA40453D59->0c156e3c-57cc-425b-90ef-9bcaa62a7535@group-7704A457760D, cid=454, SUCCESS, logIndex=791, commits[0c156e3c-57cc-425b-90ef-9bcaa62a7535:c791]
2019-06-14 13:45:36,057 INFO  client.GrpcClientProtocolClient (GrpcClientProtocolClient.java:onNext(254)) - client-E0FA40453D59->0c156e3c-57cc-425b-90ef-9bcaa62a7535: receive RaftClientReply:client-E0FA40453D59->0c156e3c-57cc-425b-90ef-9bcaa62a7535@group-7704A457760D, cid=455, SUCCESS, logIndex=792, commits[0c156e3c-57cc-425b-90ef-9bcaa62a7535:c794]
2019-06-14 13:45:36,066 INFO  client.GrpcClientProtocolClient (GrpcClientProtocolClient.java:onNext(254)) - client-E0FA40453D59->0c156e3c-57cc-425b-90ef-9bcaa62a7535: receive RaftClientReply:client-E0FA40453D59->0c156e3c-57cc-425b-90ef-9bcaa62a7535@group-7704A457760D, cid=456, SUCCESS, logIndex=793, commits[0c156e3c-57cc-425b-90ef-9bcaa62a7535:c794]
2019-06-14 13:45:36,086 INFO  client.GrpcClientProtocolClient (GrpcClientProtocolClient.java:onNext(254)) - client-E0FA40453D59->0c156e3c-57cc-425b-90ef-9bcaa62a7535: receive RaftClientReply:client-E0FA40453D59->0c156e3c-57cc-425b-90ef-9bcaa62a7535@group-7704A457760D, cid=457, SUCCESS, logIndex=795, commits[0c156e3c-57cc-425b-90ef-9bcaa62a7535:c795]
2019-06-14 13:45:36,108 INFO  client.GrpcClientProtocolClient (GrpcClientProtocolClient.java:onNext(254)) - client-E0FA40453D59->0c156e3c-57cc-425b-90ef-9bcaa62a7535: receive RaftClientReply:client-E0FA40453D59->0c156e3c-57cc-425b-90ef-9bcaa62a7535@group-7704A457760D, cid=458, SUCCESS, logIndex=797, commits[0c156e3c-57cc-425b-90ef-9bcaa62a7535:c799]
2019-06-14 13:45:36,109 INFO  client.GrpcClientProtocolClient (GrpcClientProtocolClient.java:onNext(254)) - client-E0FA40453D59->0c156e3c-57cc-425b-90ef-9bcaa62a7535: receive RaftClientReply:client-E0FA40453D59->0c156e3c-57cc-425b-90ef-9bcaa62a7535@group-7704A457760D, cid=459, SUCCESS, logIndex=798, commits[0c156e3c-57cc-425b-90ef-9bcaa62a7535:c799]
2019-06-14 13:45:36,112 INFO  client.GrpcClientProtocolClient (GrpcClientProtocolClient.java:onNext(254)) - client-E0FA40453D59->0c156e3c-57cc-425b-90ef-9bcaa62a7535: receive RaftClientReply:client-E0FA40453D59->0c156e3c-57cc-425b-90ef-9bcaa62a7535@group-7704A457760D, cid=460, SUCCESS, logIndex=799, commits[0c156e3c-57cc-425b-90ef-9bcaa62a7535:c799]
2019-06-14 13:45:36,130 DEBUG block.SCMBlockDeletingService (SCMBlockDeletingService.java:call(138)) - Running DeletedBlockTransactionScanner
2019-06-14 13:45:36,130 DEBUG block.SCMBlockDeletingService (SCMBlockDeletingService.java:call(155)) - Scanned deleted blocks log and got 0 delTX to process.
2019-06-14 13:45:36,134 INFO  client.GrpcClientProtocolClient (GrpcClientProtocolClient.java:onNext(254)) - client-E0FA40453D59->0c156e3c-57cc-425b-90ef-9bcaa62a7535: receive RaftClientReply:client-E0FA40453D59->0c156e3c-57cc-425b-90ef-9bcaa62a7535@group-7704A457760D, cid=461, SUCCESS, logIndex=801, commits[0c156e3c-57cc-425b-90ef-9bcaa62a7535:c802]
2019-06-14 13:45:36,147 INFO  client.GrpcClientProtocolClient (GrpcClientProtocolClient.java:onNext(254)) - client-E0FA40453D59->0c156e3c-57cc-425b-90ef-9bcaa62a7535: receive RaftClientReply:client-E0FA40453D59->0c156e3c-57cc-425b-90ef-9bcaa62a7535@group-7704A457760D, cid=462, SUCCESS, logIndex=803, commits[0c156e3c-57cc-425b-90ef-9bcaa62a7535:c803]
2019-06-14 13:45:36,154 INFO  client.GrpcClientProtocolClient (GrpcClientProtocolClient.java:onNext(254)) - client-E0FA40453D59->0c156e3c-57cc-425b-90ef-9bcaa62a7535: receive RaftClientReply:client-E0FA40453D59->0c156e3c-57cc-425b-90ef-9bcaa62a7535@group-7704A457760D, cid=463, SUCCESS, logIndex=804, commits[0c156e3c-57cc-425b-90ef-9bcaa62a7535:c805]
2019-06-14 13:45:36,159 INFO  client.GrpcClientProtocolClient (GrpcClientProtocolClient.java:onNext(254)) - client-E0FA40453D59->0c156e3c-57cc-425b-90ef-9bcaa62a7535: receive RaftClientReply:client-E0FA40453D59->0c156e3c-57cc-425b-90ef-9bcaa62a7535@group-7704A457760D, cid=464, SUCCESS, logIndex=806, commits[0c156e3c-57cc-425b-90ef-9bcaa62a7535:c806]
2019-06-14 13:45:36,184 INFO  client.GrpcClientProtocolClient (GrpcClientProtocolClient.java:onNext(254)) - client-E0FA40453D59->0c156e3c-57cc-425b-90ef-9bcaa62a7535: receive RaftClientReply:client-E0FA40453D59->0c156e3c-57cc-425b-90ef-9bcaa62a7535@group-7704A457760D, cid=465, SUCCESS, logIndex=808, commits[0c156e3c-57cc-425b-90ef-9bcaa62a7535:c808]
2019-06-14 13:45:36,188 INFO  client.GrpcClientProtocolClient (GrpcClientProtocolClient.java:onNext(254)) - client-E0FA40453D59->0c156e3c-57cc-425b-90ef-9bcaa62a7535: receive RaftClientReply:client-E0FA40453D59->0c156e3c-57cc-425b-90ef-9bcaa62a7535@group-7704A457760D, cid=466, SUCCESS, logIndex=810, commits[0c156e3c-57cc-425b-90ef-9bcaa62a7535:c810]
2019-06-14 13:45:36,194 INFO  client.GrpcClientProtocolClient (GrpcClientProtocolClient.java:onNext(254)) - client-E0FA40453D59->0c156e3c-57cc-425b-90ef-9bcaa62a7535: receive RaftClientReply:client-E0FA40453D59->0c156e3c-57cc-425b-90ef-9bcaa62a7535@group-7704A457760D, cid=467, SUCCESS, logIndex=811, commits[0c156e3c-57cc-425b-90ef-9bcaa62a7535:c811]
2019-06-14 13:45:36,198 INFO  client.GrpcClientProtocolClient (GrpcClientProtocolClient.java:onNext(254)) - client-E0FA40453D59->0c156e3c-57cc-425b-90ef-9bcaa62a7535: receive RaftClientReply:client-E0FA40453D59->0c156e3c-57cc-425b-90ef-9bcaa62a7535@group-7704A457760D, cid=468, SUCCESS, logIndex=813, commits[0c156e3c-57cc-425b-90ef-9bcaa62a7535:c813]
2019-06-14 13:45:36,230 DEBUG block.SCMBlockDeletingService (SCMBlockDeletingService.java:call(138)) - Running DeletedBlockTransactionScanner
2019-06-14 13:45:36,230 DEBUG block.SCMBlockDeletingService (SCMBlockDeletingService.java:call(155)) - Scanned deleted blocks log and got 0 delTX to process.
2019-06-14 13:45:36,232 INFO  client.GrpcClientProtocolClient (GrpcClientProtocolClient.java:onNext(254)) - client-E0FA40453D59->0c156e3c-57cc-425b-90ef-9bcaa62a7535: receive RaftClientReply:client-E0FA40453D59->0c156e3c-57cc-425b-90ef-9bcaa62a7535@group-7704A457760D, cid=469, SUCCESS, logIndex=816, commits[0c156e3c-57cc-425b-90ef-9bcaa62a7535:c816]
2019-06-14 13:45:36,232 INFO  storage.RaftLogWorker (RaftLogWorker.java:rollLogSegment(303)) - 0c156e3c-57cc-425b-90ef-9bcaa62a7535-RaftLogWorker: Rolling segment log-750_820 to index:820
2019-06-14 13:45:36,233 INFO  client.GrpcClientProtocolClient (GrpcClientProtocolClient.java:onNext(254)) - client-E0FA40453D59->0c156e3c-57cc-425b-90ef-9bcaa62a7535: receive RaftClientReply:client-E0FA40453D59->0c156e3c-57cc-425b-90ef-9bcaa62a7535@group-7704A457760D, cid=470, SUCCESS, logIndex=818, commits[0c156e3c-57cc-425b-90ef-9bcaa62a7535:c818]
2019-06-14 13:45:36,238 INFO  storage.RaftLogWorker (RaftLogWorker.java:execute(433)) - 0c156e3c-57cc-425b-90ef-9bcaa62a7535-RaftLogWorker: Rolled log segment from /opt/src/hadoop-ozone/integration-test/target/test-dir/MiniOzoneClusterImpl-8919240e-7e15-4dbf-8bf4-c210578586bb/datanode-0/data/ratis/1fc53845-3381-4beb-82f9-7704a457760d/current/log_inprogress_750 to /opt/src/hadoop-ozone/integration-test/target/test-dir/MiniOzoneClusterImpl-8919240e-7e15-4dbf-8bf4-c210578586bb/datanode-0/data/ratis/1fc53845-3381-4beb-82f9-7704a457760d/current/log_750-820
2019-06-14 13:45:36,244 INFO  client.GrpcClientProtocolClient (GrpcClientProtocolClient.java:onNext(254)) - client-E0FA40453D59->0c156e3c-57cc-425b-90ef-9bcaa62a7535: receive RaftClientReply:client-E0FA40453D59->0c156e3c-57cc-425b-90ef-9bcaa62a7535@group-7704A457760D, cid=471, SUCCESS, logIndex=819, commits[0c156e3c-57cc-425b-90ef-9bcaa62a7535:c820]
2019-06-14 13:45:36,309 INFO  storage.RaftLogWorker (RaftLogWorker.java:execute(469)) - 0c156e3c-57cc-425b-90ef-9bcaa62a7535-RaftLogWorker: created new log segment /opt/src/hadoop-ozone/integration-test/target/test-dir/MiniOzoneClusterImpl-8919240e-7e15-4dbf-8bf4-c210578586bb/datanode-0/data/ratis/1fc53845-3381-4beb-82f9-7704a457760d/current/log_inprogress_821
2019-06-14 13:45:36,319 INFO  client.GrpcClientProtocolClient (GrpcClientProtocolClient.java:onNext(254)) - client-E0FA40453D59->0c156e3c-57cc-425b-90ef-9bcaa62a7535: receive RaftClientReply:client-E0FA40453D59->0c156e3c-57cc-425b-90ef-9bcaa62a7535@group-7704A457760D, cid=472, SUCCESS, logIndex=821, commits[0c156e3c-57cc-425b-90ef-9bcaa62a7535:c821]
2019-06-14 13:45:36,331 DEBUG block.SCMBlockDeletingService (SCMBlockDeletingService.java:call(138)) - Running DeletedBlockTransactionScanner
2019-06-14 13:45:36,331 DEBUG block.SCMBlockDeletingService (SCMBlockDeletingService.java:call(155)) - Scanned deleted blocks log and got 0 delTX to process.
2019-06-14 13:45:36,347 INFO  client.GrpcClientProtocolClient (GrpcClientProtocolClient.java:onNext(254)) - client-E0FA40453D59->0c156e3c-57cc-425b-90ef-9bcaa62a7535: receive RaftClientReply:client-E0FA40453D59->0c156e3c-57cc-425b-90ef-9bcaa62a7535@group-7704A457760D, cid=473, SUCCESS, logIndex=823, commits[0c156e3c-57cc-425b-90ef-9bcaa62a7535:c823]
2019-06-14 13:45:36,358 INFO  client.GrpcClientProtocolClient (GrpcClientProtocolClient.java:onNext(254)) - client-E0FA40453D59->0c156e3c-57cc-425b-90ef-9bcaa62a7535: receive RaftClientReply:client-E0FA40453D59->0c156e3c-57cc-425b-90ef-9bcaa62a7535@group-7704A457760D, cid=474, SUCCESS, logIndex=825, commits[0c156e3c-57cc-425b-90ef-9bcaa62a7535:c825]
2019-06-14 13:45:36,367 INFO  client.GrpcClientProtocolClient (GrpcClientProtocolClient.java:onNext(254)) - client-E0FA40453D59->0c156e3c-57cc-425b-90ef-9bcaa62a7535: receive RaftClientReply:client-E0FA40453D59->0c156e3c-57cc-425b-90ef-9bcaa62a7535@group-7704A457760D, cid=475, SUCCESS, logIndex=826, commits[0c156e3c-57cc-425b-90ef-9bcaa62a7535:c827]
2019-06-14 13:45:36,371 INFO  client.GrpcClientProtocolClient (GrpcClientProtocolClient.java:onNext(254)) - client-E0FA40453D59->0c156e3c-57cc-425b-90ef-9bcaa62a7535: receive RaftClientReply:client-E0FA40453D59->0c156e3c-57cc-425b-90ef-9bcaa62a7535@group-7704A457760D, cid=476, SUCCESS, logIndex=828, commits[0c156e3c-57cc-425b-90ef-9bcaa62a7535:c828]
2019-06-14 13:45:36,385 INFO  client.GrpcClientProtocolClient (GrpcClientProtocolClient.java:onNext(254)) - client-E0FA40453D59->0c156e3c-57cc-425b-90ef-9bcaa62a7535: receive RaftClientReply:client-E0FA40453D59->0c156e3c-57cc-425b-90ef-9bcaa62a7535@group-7704A457760D, cid=477, SUCCESS, logIndex=830, commits[0c156e3c-57cc-425b-90ef-9bcaa62a7535:c830]
2019-06-14 13:45:36,394 INFO  client.GrpcClientProtocolClient (GrpcClientProtocolClient.java:onNext(254)) - client-E0FA40453D59->0c156e3c-57cc-425b-90ef-9bcaa62a7535: receive RaftClientReply:client-E0FA40453D59->0c156e3c-57cc-425b-90ef-9bcaa62a7535@group-7704A457760D, cid=478, SUCCESS, logIndex=832, commits[0c156e3c-57cc-425b-90ef-9bcaa62a7535:c832]
2019-06-14 13:45:36,395 INFO  client.GrpcClientProtocolClient (GrpcClientProtocolClient.java:onNext(254)) - client-E0FA40453D59->0c156e3c-57cc-425b-90ef-9bcaa62a7535: receive RaftClientReply:client-E0FA40453D59->0c156e3c-57cc-425b-90ef-9bcaa62a7535@group-7704A457760D, cid=479, SUCCESS, logIndex=833, commits[0c156e3c-57cc-425b-90ef-9bcaa62a7535:c835]
2019-06-14 13:45:36,419 INFO  client.GrpcClientProtocolClient (GrpcClientProtocolClient.java:onNext(254)) - client-E0FA40453D59->0c156e3c-57cc-425b-90ef-9bcaa62a7535: receive RaftClientReply:client-E0FA40453D59->0c156e3c-57cc-425b-90ef-9bcaa62a7535@group-7704A457760D, cid=480, SUCCESS, logIndex=835, commits[0c156e3c-57cc-425b-90ef-9bcaa62a7535:c836]
2019-06-14 13:45:36,432 DEBUG block.SCMBlockDeletingService (SCMBlockDeletingService.java:call(138)) - Running DeletedBlockTransactionScanner
2019-06-14 13:45:36,432 DEBUG block.SCMBlockDeletingService (SCMBlockDeletingService.java:call(155)) - Scanned deleted blocks log and got 0 delTX to process.
2019-06-14 13:45:36,440 INFO  client.GrpcClientProtocolClient (GrpcClientProtocolClient.java:onNext(254)) - client-E0FA40453D59->0c156e3c-57cc-425b-90ef-9bcaa62a7535: receive RaftClientReply:client-E0FA40453D59->0c156e3c-57cc-425b-90ef-9bcaa62a7535@group-7704A457760D, cid=481, SUCCESS, logIndex=837, commits[0c156e3c-57cc-425b-90ef-9bcaa62a7535:c838]
2019-06-14 13:45:36,447 INFO  client.GrpcClientProtocolClient (GrpcClientProtocolClient.java:onNext(254)) - client-E0FA40453D59->0c156e3c-57cc-425b-90ef-9bcaa62a7535: receive RaftClientReply:client-E0FA40453D59->0c156e3c-57cc-425b-90ef-9bcaa62a7535@group-7704A457760D, cid=482, SUCCESS, logIndex=839, commits[0c156e3c-57cc-425b-90ef-9bcaa62a7535:c839]
2019-06-14 13:45:36,458 INFO  client.GrpcClientProtocolClient (GrpcClientProtocolClient.java:onNext(254)) - client-E0FA40453D59->0c156e3c-57cc-425b-90ef-9bcaa62a7535: receive RaftClientReply:client-E0FA40453D59->0c156e3c-57cc-425b-90ef-9bcaa62a7535@group-7704A457760D, cid=483, SUCCESS, logIndex=841, commits[0c156e3c-57cc-425b-90ef-9bcaa62a7535:c842]
2019-06-14 13:45:36,461 INFO  client.GrpcClientProtocolClient (GrpcClientProtocolClient.java:onNext(254)) - client-E0FA40453D59->0c156e3c-57cc-425b-90ef-9bcaa62a7535: receive RaftClientReply:client-E0FA40453D59->0c156e3c-57cc-425b-90ef-9bcaa62a7535@group-7704A457760D, cid=484, SUCCESS, logIndex=842, commits[0c156e3c-57cc-425b-90ef-9bcaa62a7535:c842]
2019-06-14 13:45:36,706 DEBUG block.SCMBlockDeletingService (SCMBlockDeletingService.java:call(138)) - Running DeletedBlockTransactionScanner
2019-06-14 13:45:36,706 DEBUG block.SCMBlockDeletingService (SCMBlockDeletingService.java:call(155)) - Scanned deleted blocks log and got 0 delTX to process.
2019-06-14 13:45:36,719 INFO  client.GrpcClientProtocolClient (GrpcClientProtocolClient.java:onNext(254)) - client-E0FA40453D59->0c156e3c-57cc-425b-90ef-9bcaa62a7535: receive RaftClientReply:client-E0FA40453D59->0c156e3c-57cc-425b-90ef-9bcaa62a7535@group-7704A457760D, cid=485, SUCCESS, logIndex=844, commits[0c156e3c-57cc-425b-90ef-9bcaa62a7535:c844]
2019-06-14 13:45:36,723 INFO  client.GrpcClientProtocolClient (GrpcClientProtocolClient.java:onNext(254)) - client-E0FA40453D59->0c156e3c-57cc-425b-90ef-9bcaa62a7535: receive RaftClientReply:client-E0FA40453D59->0c156e3c-57cc-425b-90ef-9bcaa62a7535@group-7704A457760D, cid=486, SUCCESS, logIndex=846, commits[0c156e3c-57cc-425b-90ef-9bcaa62a7535:c846]
2019-06-14 13:45:36,807 DEBUG block.SCMBlockDeletingService (SCMBlockDeletingService.java:call(138)) - Running DeletedBlockTransactionScanner
2019-06-14 13:45:36,808 DEBUG block.SCMBlockDeletingService (SCMBlockDeletingService.java:call(155)) - Scanned deleted blocks log and got 0 delTX to process.
2019-06-14 13:45:36,860 INFO  client.GrpcClientProtocolClient (GrpcClientProtocolClient.java:onNext(254)) - client-E0FA40453D59->0c156e3c-57cc-425b-90ef-9bcaa62a7535: receive RaftClientReply:client-E0FA40453D59->0c156e3c-57cc-425b-90ef-9bcaa62a7535@group-7704A457760D, cid=487, SUCCESS, logIndex=848, commits[0c156e3c-57cc-425b-90ef-9bcaa62a7535:c848]
2019-06-14 13:45:36,865 INFO  client.GrpcClientProtocolClient (GrpcClientProtocolClient.java:onNext(254)) - client-E0FA40453D59->0c156e3c-57cc-425b-90ef-9bcaa62a7535: receive RaftClientReply:client-E0FA40453D59->0c156e3c-57cc-425b-90ef-9bcaa62a7535@group-7704A457760D, cid=488, SUCCESS, logIndex=850, commits[0c156e3c-57cc-425b-90ef-9bcaa62a7535:c850]
2019-06-14 13:45:36,885 INFO  client.GrpcClientProtocolClient (GrpcClientProtocolClient.java:onNext(254)) - client-E0FA40453D59->0c156e3c-57cc-425b-90ef-9bcaa62a7535: receive RaftClientReply:client-E0FA40453D59->0c156e3c-57cc-425b-90ef-9bcaa62a7535@group-7704A457760D, cid=489, SUCCESS, logIndex=852, commits[0c156e3c-57cc-425b-90ef-9bcaa62a7535:c852]
2019-06-14 13:45:36,890 INFO  client.GrpcClientProtocolClient (GrpcClientProtocolClient.java:onNext(254)) - client-E0FA40453D59->0c156e3c-57cc-425b-90ef-9bcaa62a7535: receive RaftClientReply:client-E0FA40453D59->0c156e3c-57cc-425b-90ef-9bcaa62a7535@group-7704A457760D, cid=490, SUCCESS, logIndex=854, commits[0c156e3c-57cc-425b-90ef-9bcaa62a7535:c854]
2019-06-14 13:45:36,890 INFO  client.GrpcClientProtocolClient (GrpcClientProtocolClient.java:onNext(254)) - client-E0FA40453D59->0c156e3c-57cc-425b-90ef-9bcaa62a7535: receive RaftClientReply:client-E0FA40453D59->0c156e3c-57cc-425b-90ef-9bcaa62a7535@group-7704A457760D, cid=491, SUCCESS, logIndex=855, commits[0c156e3c-57cc-425b-90ef-9bcaa62a7535:c856]
2019-06-14 13:45:36,891 INFO  client.GrpcClientProtocolClient (GrpcClientProtocolClient.java:onNext(254)) - client-E0FA40453D59->0c156e3c-57cc-425b-90ef-9bcaa62a7535: receive RaftClientReply:client-E0FA40453D59->0c156e3c-57cc-425b-90ef-9bcaa62a7535@group-7704A457760D, cid=492, SUCCESS, logIndex=857, commits[0c156e3c-57cc-425b-90ef-9bcaa62a7535:c857]
2019-06-14 13:45:36,908 DEBUG block.SCMBlockDeletingService (SCMBlockDeletingService.java:call(138)) - Running DeletedBlockTransactionScanner
2019-06-14 13:45:36,908 DEBUG block.SCMBlockDeletingService (SCMBlockDeletingService.java:call(155)) - Scanned deleted blocks log and got 0 delTX to process.
2019-06-14 13:45:36,914 INFO  client.GrpcClientProtocolClient (GrpcClientProtocolClient.java:onNext(254)) - client-E0FA40453D59->0c156e3c-57cc-425b-90ef-9bcaa62a7535: receive RaftClientReply:client-E0FA40453D59->0c156e3c-57cc-425b-90ef-9bcaa62a7535@group-7704A457760D, cid=493, SUCCESS, logIndex=859, commits[0c156e3c-57cc-425b-90ef-9bcaa62a7535:c859]
2019-06-14 13:45:36,914 INFO  client.GrpcClientProtocolClient (GrpcClientProtocolClient.java:onNext(254)) - client-E0FA40453D59->0c156e3c-57cc-425b-90ef-9bcaa62a7535: receive RaftClientReply:client-E0FA40453D59->0c156e3c-57cc-425b-90ef-9bcaa62a7535@group-7704A457760D, cid=494, SUCCESS, logIndex=861, commits[0c156e3c-57cc-425b-90ef-9bcaa62a7535:c861]
2019-06-14 13:45:36,919 INFO  client.GrpcClientProtocolClient (GrpcClientProtocolClient.java:onNext(254)) - client-E0FA40453D59->0c156e3c-57cc-425b-90ef-9bcaa62a7535: receive RaftClientReply:client-E0FA40453D59->0c156e3c-57cc-425b-90ef-9bcaa62a7535@group-7704A457760D, cid=495, SUCCESS, logIndex=863, commits[0c156e3c-57cc-425b-90ef-9bcaa62a7535:c863]
2019-06-14 13:45:36,927 INFO  client.GrpcClientProtocolClient (GrpcClientProtocolClient.java:onNext(254)) - client-E0FA40453D59->0c156e3c-57cc-425b-90ef-9bcaa62a7535: receive RaftClientReply:client-E0FA40453D59->0c156e3c-57cc-425b-90ef-9bcaa62a7535@group-7704A457760D, cid=496, SUCCESS, logIndex=864, commits[0c156e3c-57cc-425b-90ef-9bcaa62a7535:c864]
2019-06-14 13:45:36,951 INFO  client.GrpcClientProtocolClient (GrpcClientProtocolClient.java:onNext(254)) - client-E0FA40453D59->0c156e3c-57cc-425b-90ef-9bcaa62a7535: receive RaftClientReply:client-E0FA40453D59->0c156e3c-57cc-425b-90ef-9bcaa62a7535@group-7704A457760D, cid=497, SUCCESS, logIndex=867, commits[0c156e3c-57cc-425b-90ef-9bcaa62a7535:c867]
2019-06-14 13:45:36,967 INFO  client.GrpcClientProtocolClient (GrpcClientProtocolClient.java:onNext(254)) - client-E0FA40453D59->0c156e3c-57cc-425b-90ef-9bcaa62a7535: receive RaftClientReply:client-E0FA40453D59->0c156e3c-57cc-425b-90ef-9bcaa62a7535@group-7704A457760D, cid=498, SUCCESS, logIndex=869, commits[0c156e3c-57cc-425b-90ef-9bcaa62a7535:c871]
2019-06-14 13:45:36,968 INFO  client.GrpcClientProtocolClient (GrpcClientProtocolClient.java:onNext(254)) - client-E0FA40453D59->0c156e3c-57cc-425b-90ef-9bcaa62a7535: receive RaftClientReply:client-E0FA40453D59->0c156e3c-57cc-425b-90ef-9bcaa62a7535@group-7704A457760D, cid=499, SUCCESS, logIndex=870, commits[0c156e3c-57cc-425b-90ef-9bcaa62a7535:c871]
2019-06-14 13:45:36,968 INFO  client.GrpcClientProtocolClient (GrpcClientProtocolClient.java:onNext(254)) - client-E0FA40453D59->0c156e3c-57cc-425b-90ef-9bcaa62a7535: receive RaftClientReply:client-E0FA40453D59->0c156e3c-57cc-425b-90ef-9bcaa62a7535@group-7704A457760D, cid=500, SUCCESS, logIndex=871, commits[0c156e3c-57cc-425b-90ef-9bcaa62a7535:c871]
2019-06-14 13:45:36,986 INFO  client.GrpcClientProtocolClient (GrpcClientProtocolClient.java:onNext(254)) - client-E0FA40453D59->0c156e3c-57cc-425b-90ef-9bcaa62a7535: receive RaftClientReply:client-E0FA40453D59->0c156e3c-57cc-425b-90ef-9bcaa62a7535@group-7704A457760D, cid=501, SUCCESS, logIndex=873, commits[0c156e3c-57cc-425b-90ef-9bcaa62a7535:c873]
2019-06-14 13:45:36,989 INFO  client.GrpcClientProtocolClient (GrpcClientProtocolClient.java:onNext(254)) - client-E0FA40453D59->0c156e3c-57cc-425b-90ef-9bcaa62a7535: receive RaftClientReply:client-E0FA40453D59->0c156e3c-57cc-425b-90ef-9bcaa62a7535@group-7704A457760D, cid=502, SUCCESS, logIndex=875, commits[0c156e3c-57cc-425b-90ef-9bcaa62a7535:c875]
2019-06-14 13:45:36,995 INFO  client.GrpcClientProtocolClient (GrpcClientProtocolClient.java:onNext(254)) - client-E0FA40453D59->0c156e3c-57cc-425b-90ef-9bcaa62a7535: receive RaftClientReply:client-E0FA40453D59->0c156e3c-57cc-425b-90ef-9bcaa62a7535@group-7704A457760D, cid=503, SUCCESS, logIndex=876, commits[0c156e3c-57cc-425b-90ef-9bcaa62a7535:c878]
2019-06-14 13:45:36,996 INFO  client.GrpcClientProtocolClient (GrpcClientProtocolClient.java:onNext(254)) - client-E0FA40453D59->0c156e3c-57cc-425b-90ef-9bcaa62a7535: receive RaftClientReply:client-E0FA40453D59->0c156e3c-57cc-425b-90ef-9bcaa62a7535@group-7704A457760D, cid=504, SUCCESS, logIndex=878, commits[0c156e3c-57cc-425b-90ef-9bcaa62a7535:c878]
2019-06-14 13:45:37,009 DEBUG block.SCMBlockDeletingService (SCMBlockDeletingService.java:call(138)) - Running DeletedBlockTransactionScanner
2019-06-14 13:45:37,009 DEBUG block.SCMBlockDeletingService (SCMBlockDeletingService.java:call(155)) - Scanned deleted blocks log and got 0 delTX to process.
2019-06-14 13:45:37,023 INFO  client.GrpcClientProtocolClient (GrpcClientProtocolClient.java:onNext(254)) - client-E0FA40453D59->0c156e3c-57cc-425b-90ef-9bcaa62a7535: receive RaftClientReply:client-E0FA40453D59->0c156e3c-57cc-425b-90ef-9bcaa62a7535@group-7704A457760D, cid=505, SUCCESS, logIndex=880, commits[0c156e3c-57cc-425b-90ef-9bcaa62a7535:c880]
2019-06-14 13:45:37,034 INFO  client.GrpcClientProtocolClient (GrpcClientProtocolClient.java:onNext(254)) - client-E0FA40453D59->0c156e3c-57cc-425b-90ef-9bcaa62a7535: receive RaftClientReply:client-E0FA40453D59->0c156e3c-57cc-425b-90ef-9bcaa62a7535@group-7704A457760D, cid=506, SUCCESS, logIndex=882, commits[0c156e3c-57cc-425b-90ef-9bcaa62a7535:c882]
2019-06-14 13:45:37,035 INFO  client.GrpcClientProtocolClient (GrpcClientProtocolClient.java:onNext(254)) - client-E0FA40453D59->0c156e3c-57cc-425b-90ef-9bcaa62a7535: receive RaftClientReply:client-E0FA40453D59->0c156e3c-57cc-425b-90ef-9bcaa62a7535@group-7704A457760D, cid=507, SUCCESS, logIndex=883, commits[0c156e3c-57cc-425b-90ef-9bcaa62a7535:c884]
2019-06-14 13:45:37,035 INFO  client.GrpcClientProtocolClient (GrpcClientProtocolClient.java:onNext(254)) - client-E0FA40453D59->0c156e3c-57cc-425b-90ef-9bcaa62a7535: receive RaftClientReply:client-E0FA40453D59->0c156e3c-57cc-425b-90ef-9bcaa62a7535@group-7704A457760D, cid=508, SUCCESS, logIndex=885, commits[0c156e3c-57cc-425b-90ef-9bcaa62a7535:c885]
2019-06-14 13:45:37,046 INFO  client.GrpcClientProtocolClient (GrpcClientProtocolClient.java:onNext(254)) - client-E0FA40453D59->0c156e3c-57cc-425b-90ef-9bcaa62a7535: receive RaftClientReply:client-E0FA40453D59->0c156e3c-57cc-425b-90ef-9bcaa62a7535@group-7704A457760D, cid=509, SUCCESS, logIndex=887, commits[0c156e3c-57cc-425b-90ef-9bcaa62a7535:c887]
2019-06-14 13:45:37,052 INFO  client.GrpcClientProtocolClient (GrpcClientProtocolClient.java:onNext(254)) - client-E0FA40453D59->0c156e3c-57cc-425b-90ef-9bcaa62a7535: receive RaftClientReply:client-E0FA40453D59->0c156e3c-57cc-425b-90ef-9bcaa62a7535@group-7704A457760D, cid=510, SUCCESS, logIndex=889, commits[0c156e3c-57cc-425b-90ef-9bcaa62a7535:c889]
2019-06-14 13:45:37,053 INFO  client.GrpcClientProtocolClient (GrpcClientProtocolClient.java:onNext(254)) - client-E0FA40453D59->0c156e3c-57cc-425b-90ef-9bcaa62a7535: receive RaftClientReply:client-E0FA40453D59->0c156e3c-57cc-425b-90ef-9bcaa62a7535@group-7704A457760D, cid=511, SUCCESS, logIndex=891, commits[0c156e3c-57cc-425b-90ef-9bcaa62a7535:c891]
2019-06-14 13:45:37,075 INFO  client.GrpcClientProtocolClient (GrpcClientProtocolClient.java:onNext(254)) - client-E0FA40453D59->0c156e3c-57cc-425b-90ef-9bcaa62a7535: receive RaftClientReply:client-E0FA40453D59->0c156e3c-57cc-425b-90ef-9bcaa62a7535@group-7704A457760D, cid=512, SUCCESS, logIndex=893, commits[0c156e3c-57cc-425b-90ef-9bcaa62a7535:c894]
2019-06-14 13:45:37,105 INFO  client.GrpcClientProtocolClient (GrpcClientProtocolClient.java:onNext(254)) - client-E0FA40453D59->0c156e3c-57cc-425b-90ef-9bcaa62a7535: receive RaftClientReply:client-E0FA40453D59->0c156e3c-57cc-425b-90ef-9bcaa62a7535@group-7704A457760D, cid=513, SUCCESS, logIndex=895, commits[0c156e3c-57cc-425b-90ef-9bcaa62a7535:c895]
2019-06-14 13:45:37,107 INFO  storage.RaftLogWorker (RaftLogWorker.java:rollLogSegment(303)) - 0c156e3c-57cc-425b-90ef-9bcaa62a7535-RaftLogWorker: Rolling segment log-821_897 to index:897
2019-06-14 13:45:37,107 INFO  storage.RaftLogWorker (RaftLogWorker.java:execute(433)) - 0c156e3c-57cc-425b-90ef-9bcaa62a7535-RaftLogWorker: Rolled log segment from /opt/src/hadoop-ozone/integration-test/target/test-dir/MiniOzoneClusterImpl-8919240e-7e15-4dbf-8bf4-c210578586bb/datanode-0/data/ratis/1fc53845-3381-4beb-82f9-7704a457760d/current/log_inprogress_821 to /opt/src/hadoop-ozone/integration-test/target/test-dir/MiniOzoneClusterImpl-8919240e-7e15-4dbf-8bf4-c210578586bb/datanode-0/data/ratis/1fc53845-3381-4beb-82f9-7704a457760d/current/log_821-897
2019-06-14 13:45:37,109 DEBUG block.SCMBlockDeletingService (SCMBlockDeletingService.java:call(138)) - Running DeletedBlockTransactionScanner
2019-06-14 13:45:37,109 DEBUG block.SCMBlockDeletingService (SCMBlockDeletingService.java:call(155)) - Scanned deleted blocks log and got 0 delTX to process.
2019-06-14 13:45:37,130 INFO  client.GrpcClientProtocolClient (GrpcClientProtocolClient.java:onNext(254)) - client-E0FA40453D59->0c156e3c-57cc-425b-90ef-9bcaa62a7535: receive RaftClientReply:client-E0FA40453D59->0c156e3c-57cc-425b-90ef-9bcaa62a7535@group-7704A457760D, cid=514, SUCCESS, logIndex=897, commits[0c156e3c-57cc-425b-90ef-9bcaa62a7535:c897]
2019-06-14 13:45:37,157 INFO  storage.RaftLogWorker (RaftLogWorker.java:execute(469)) - 0c156e3c-57cc-425b-90ef-9bcaa62a7535-RaftLogWorker: created new log segment /opt/src/hadoop-ozone/integration-test/target/test-dir/MiniOzoneClusterImpl-8919240e-7e15-4dbf-8bf4-c210578586bb/datanode-0/data/ratis/1fc53845-3381-4beb-82f9-7704a457760d/current/log_inprogress_898
2019-06-14 13:45:37,161 INFO  client.GrpcClientProtocolClient (GrpcClientProtocolClient.java:onNext(254)) - client-E0FA40453D59->0c156e3c-57cc-425b-90ef-9bcaa62a7535: receive RaftClientReply:client-E0FA40453D59->0c156e3c-57cc-425b-90ef-9bcaa62a7535@group-7704A457760D, cid=515, SUCCESS, logIndex=898, commits[0c156e3c-57cc-425b-90ef-9bcaa62a7535:c900]
2019-06-14 13:45:37,162 INFO  client.GrpcClientProtocolClient (GrpcClientProtocolClient.java:onNext(254)) - client-E0FA40453D59->0c156e3c-57cc-425b-90ef-9bcaa62a7535: receive RaftClientReply:client-E0FA40453D59->0c156e3c-57cc-425b-90ef-9bcaa62a7535@group-7704A457760D, cid=516, SUCCESS, logIndex=899, commits[0c156e3c-57cc-425b-90ef-9bcaa62a7535:c900]
2019-06-14 13:45:37,179 INFO  client.GrpcClientProtocolClient (GrpcClientProtocolClient.java:onNext(254)) - client-E0FA40453D59->0c156e3c-57cc-425b-90ef-9bcaa62a7535: receive RaftClientReply:client-E0FA40453D59->0c156e3c-57cc-425b-90ef-9bcaa62a7535@group-7704A457760D, cid=517, SUCCESS, logIndex=901, commits[0c156e3c-57cc-425b-90ef-9bcaa62a7535:c901]
2019-06-14 13:45:37,185 INFO  client.GrpcClientProtocolClient (GrpcClientProtocolClient.java:onNext(254)) - client-E0FA40453D59->0c156e3c-57cc-425b-90ef-9bcaa62a7535: receive RaftClientReply:client-E0FA40453D59->0c156e3c-57cc-425b-90ef-9bcaa62a7535@group-7704A457760D, cid=518, SUCCESS, logIndex=903, commits[0c156e3c-57cc-425b-90ef-9bcaa62a7535:c903]
2019-06-14 13:45:37,202 INFO  client.GrpcClientProtocolClient (GrpcClientProtocolClient.java:onNext(254)) - client-E0FA40453D59->0c156e3c-57cc-425b-90ef-9bcaa62a7535: receive RaftClientReply:client-E0FA40453D59->0c156e3c-57cc-425b-90ef-9bcaa62a7535@group-7704A457760D, cid=519, SUCCESS, logIndex=905, commits[0c156e3c-57cc-425b-90ef-9bcaa62a7535:c906]
2019-06-14 13:45:37,202 INFO  client.GrpcClientProtocolClient (GrpcClientProtocolClient.java:onNext(254)) - client-E0FA40453D59->0c156e3c-57cc-425b-90ef-9bcaa62a7535: receive RaftClientReply:client-E0FA40453D59->0c156e3c-57cc-425b-90ef-9bcaa62a7535@group-7704A457760D, cid=520, SUCCESS, logIndex=906, commits[0c156e3c-57cc-425b-90ef-9bcaa62a7535:c907]
2019-06-14 13:45:37,210 DEBUG block.SCMBlockDeletingService (SCMBlockDeletingService.java:call(138)) - Running DeletedBlockTransactionScanner
2019-06-14 13:45:37,210 DEBUG block.SCMBlockDeletingService (SCMBlockDeletingService.java:call(155)) - Scanned deleted blocks log and got 0 delTX to process.
2019-06-14 13:45:37,233 INFO  client.GrpcClientProtocolClient (GrpcClientProtocolClient.java:onNext(254)) - client-E0FA40453D59->0c156e3c-57cc-425b-90ef-9bcaa62a7535: receive RaftClientReply:client-E0FA40453D59->0c156e3c-57cc-425b-90ef-9bcaa62a7535@group-7704A457760D, cid=521, SUCCESS, logIndex=908, commits[0c156e3c-57cc-425b-90ef-9bcaa62a7535:c909]
2019-06-14 13:45:37,238 INFO  client.GrpcClientProtocolClient (GrpcClientProtocolClient.java:onNext(254)) - client-E0FA40453D59->0c156e3c-57cc-425b-90ef-9bcaa62a7535: receive RaftClientReply:client-E0FA40453D59->0c156e3c-57cc-425b-90ef-9bcaa62a7535@group-7704A457760D, cid=522, SUCCESS, logIndex=910, commits[0c156e3c-57cc-425b-90ef-9bcaa62a7535:c910]
2019-06-14 13:45:37,251 INFO  client.GrpcClientProtocolClient (GrpcClientProtocolClient.java:onNext(254)) - client-E0FA40453D59->0c156e3c-57cc-425b-90ef-9bcaa62a7535: receive RaftClientReply:client-E0FA40453D59->0c156e3c-57cc-425b-90ef-9bcaa62a7535@group-7704A457760D, cid=523, SUCCESS, logIndex=912, commits[0c156e3c-57cc-425b-90ef-9bcaa62a7535:c913]
2019-06-14 13:45:37,251 INFO  client.GrpcClientProtocolClient (GrpcClientProtocolClient.java:onNext(254)) - client-E0FA40453D59->0c156e3c-57cc-425b-90ef-9bcaa62a7535: receive RaftClientReply:client-E0FA40453D59->0c156e3c-57cc-425b-90ef-9bcaa62a7535@group-7704A457760D, cid=524, SUCCESS, logIndex=913, commits[0c156e3c-57cc-425b-90ef-9bcaa62a7535:c913]
2019-06-14 13:45:37,266 INFO  client.GrpcClientProtocolClient (GrpcClientProtocolClient.java:onNext(254)) - client-E0FA40453D59->0c156e3c-57cc-425b-90ef-9bcaa62a7535: receive RaftClientReply:client-E0FA40453D59->0c156e3c-57cc-425b-90ef-9bcaa62a7535@group-7704A457760D, cid=525, SUCCESS, logIndex=915, commits[0c156e3c-57cc-425b-90ef-9bcaa62a7535:c915]
2019-06-14 13:45:37,272 INFO  client.GrpcClientProtocolClient (GrpcClientProtocolClient.java:onNext(254)) - client-E0FA40453D59->0c156e3c-57cc-425b-90ef-9bcaa62a7535: receive RaftClientReply:client-E0FA40453D59->0c156e3c-57cc-425b-90ef-9bcaa62a7535@group-7704A457760D, cid=526, SUCCESS, logIndex=917, commits[0c156e3c-57cc-425b-90ef-9bcaa62a7535:c917]
2019-06-14 13:45:37,275 INFO  client.GrpcClientProtocolClient (GrpcClientProtocolClient.java:onNext(254)) - client-E0FA40453D59->0c156e3c-57cc-425b-90ef-9bcaa62a7535: receive RaftClientReply:client-E0FA40453D59->0c156e3c-57cc-425b-90ef-9bcaa62a7535@group-7704A457760D, cid=527, SUCCESS, logIndex=918, commits[0c156e3c-57cc-425b-90ef-9bcaa62a7535:c920]
2019-06-14 13:45:37,278 INFO  client.GrpcClientProtocolClient (GrpcClientProtocolClient.java:onNext(254)) - client-E0FA40453D59->0c156e3c-57cc-425b-90ef-9bcaa62a7535: receive RaftClientReply:client-E0FA40453D59->0c156e3c-57cc-425b-90ef-9bcaa62a7535@group-7704A457760D, cid=528, SUCCESS, logIndex=919, commits[0c156e3c-57cc-425b-90ef-9bcaa62a7535:c920]
2019-06-14 13:45:37,333 DEBUG block.SCMBlockDeletingService (SCMBlockDeletingService.java:call(138)) - Running DeletedBlockTransactionScanner
2019-06-14 13:45:37,333 DEBUG block.SCMBlockDeletingService (SCMBlockDeletingService.java:call(155)) - Scanned deleted blocks log and got 0 delTX to process.
2019-06-14 13:45:37,346 INFO  client.GrpcClientProtocolClient (GrpcClientProtocolClient.java:onNext(254)) - client-E0FA40453D59->0c156e3c-57cc-425b-90ef-9bcaa62a7535: receive RaftClientReply:client-E0FA40453D59->0c156e3c-57cc-425b-90ef-9bcaa62a7535@group-7704A457760D, cid=529, SUCCESS, logIndex=921, commits[0c156e3c-57cc-425b-90ef-9bcaa62a7535:c921]
2019-06-14 13:45:37,350 INFO  client.GrpcClientProtocolClient (GrpcClientProtocolClient.java:onNext(254)) - client-E0FA40453D59->0c156e3c-57cc-425b-90ef-9bcaa62a7535: receive RaftClientReply:client-E0FA40453D59->0c156e3c-57cc-425b-90ef-9bcaa62a7535@group-7704A457760D, cid=530, SUCCESS, logIndex=923, commits[0c156e3c-57cc-425b-90ef-9bcaa62a7535:c923]
2019-06-14 13:45:37,434 DEBUG block.SCMBlockDeletingService (SCMBlockDeletingService.java:call(138)) - Running DeletedBlockTransactionScanner
2019-06-14 13:45:37,434 DEBUG block.SCMBlockDeletingService (SCMBlockDeletingService.java:call(155)) - Scanned deleted blocks log and got 0 delTX to process.
2019-06-14 13:45:37,469 INFO  client.GrpcClientProtocolClient (GrpcClientProtocolClient.java:onNext(254)) - client-E0FA40453D59->0c156e3c-57cc-425b-90ef-9bcaa62a7535: receive RaftClientReply:client-E0FA40453D59->0c156e3c-57cc-425b-90ef-9bcaa62a7535@group-7704A457760D, cid=531, SUCCESS, logIndex=925, commits[0c156e3c-57cc-425b-90ef-9bcaa62a7535:c925]
2019-06-14 13:45:37,492 INFO  client.GrpcClientProtocolClient (GrpcClientProtocolClient.java:onNext(254)) - client-E0FA40453D59->0c156e3c-57cc-425b-90ef-9bcaa62a7535: receive RaftClientReply:client-E0FA40453D59->0c156e3c-57cc-425b-90ef-9bcaa62a7535@group-7704A457760D, cid=532, SUCCESS, logIndex=927, commits[0c156e3c-57cc-425b-90ef-9bcaa62a7535:c927]
2019-06-14 13:45:37,517 INFO  client.GrpcClientProtocolClient (GrpcClientProtocolClient.java:onNext(254)) - client-E0FA40453D59->0c156e3c-57cc-425b-90ef-9bcaa62a7535: receive RaftClientReply:client-E0FA40453D59->0c156e3c-57cc-425b-90ef-9bcaa62a7535@group-7704A457760D, cid=533, SUCCESS, logIndex=929, commits[0c156e3c-57cc-425b-90ef-9bcaa62a7535:c929]
2019-06-14 13:45:37,520 INFO  client.GrpcClientProtocolClient (GrpcClientProtocolClient.java:onNext(254)) - client-E0FA40453D59->0c156e3c-57cc-425b-90ef-9bcaa62a7535: receive RaftClientReply:client-E0FA40453D59->0c156e3c-57cc-425b-90ef-9bcaa62a7535@group-7704A457760D, cid=534, SUCCESS, logIndex=931, commits[0c156e3c-57cc-425b-90ef-9bcaa62a7535:c933]
2019-06-14 13:45:37,531 INFO  client.GrpcClientProtocolClient (GrpcClientProtocolClient.java:onNext(254)) - client-E0FA40453D59->0c156e3c-57cc-425b-90ef-9bcaa62a7535: receive RaftClientReply:client-E0FA40453D59->0c156e3c-57cc-425b-90ef-9bcaa62a7535@group-7704A457760D, cid=535, SUCCESS, logIndex=932, commits[0c156e3c-57cc-425b-90ef-9bcaa62a7535:c933]
2019-06-14 13:45:37,533 INFO  client.GrpcClientProtocolClient (GrpcClientProtocolClient.java:onNext(254)) - client-E0FA40453D59->0c156e3c-57cc-425b-90ef-9bcaa62a7535: receive RaftClientReply:client-E0FA40453D59->0c156e3c-57cc-425b-90ef-9bcaa62a7535@group-7704A457760D, cid=536, SUCCESS, logIndex=933, commits[0c156e3c-57cc-425b-90ef-9bcaa62a7535:c934]
2019-06-14 13:45:37,535 DEBUG block.SCMBlockDeletingService (SCMBlockDeletingService.java:call(138)) - Running DeletedBlockTransactionScanner
2019-06-14 13:45:37,535 DEBUG block.SCMBlockDeletingService (SCMBlockDeletingService.java:call(155)) - Scanned deleted blocks log and got 0 delTX to process.
2019-06-14 13:45:37,561 INFO  client.GrpcClientProtocolClient (GrpcClientProtocolClient.java:onNext(254)) - client-E0FA40453D59->0c156e3c-57cc-425b-90ef-9bcaa62a7535: receive RaftClientReply:client-E0FA40453D59->0c156e3c-57cc-425b-90ef-9bcaa62a7535@group-7704A457760D, cid=537, SUCCESS, logIndex=935, commits[0c156e3c-57cc-425b-90ef-9bcaa62a7535:c935]
2019-06-14 13:45:37,568 INFO  client.GrpcClientProtocolClient (GrpcClientProtocolClient.java:onNext(254)) - client-E0FA40453D59->0c156e3c-57cc-425b-90ef-9bcaa62a7535: receive RaftClientReply:client-E0FA40453D59->0c156e3c-57cc-425b-90ef-9bcaa62a7535@group-7704A457760D, cid=538, SUCCESS, logIndex=937, commits[0c156e3c-57cc-425b-90ef-9bcaa62a7535:c938]
2019-06-14 13:45:37,568 INFO  client.GrpcClientProtocolClient (GrpcClientProtocolClient.java:onNext(254)) - client-E0FA40453D59->0c156e3c-57cc-425b-90ef-9bcaa62a7535: receive RaftClientReply:client-E0FA40453D59->0c156e3c-57cc-425b-90ef-9bcaa62a7535@group-7704A457760D, cid=539, SUCCESS, logIndex=938, commits[0c156e3c-57cc-425b-90ef-9bcaa62a7535:c938]
2019-06-14 13:45:37,569 INFO  client.GrpcClientProtocolClient (GrpcClientProtocolClient.java:onNext(254)) - client-E0FA40453D59->0c156e3c-57cc-425b-90ef-9bcaa62a7535: receive RaftClientReply:client-E0FA40453D59->0c156e3c-57cc-425b-90ef-9bcaa62a7535@group-7704A457760D, cid=540, SUCCESS, logIndex=939, commits[0c156e3c-57cc-425b-90ef-9bcaa62a7535:c940]
2019-06-14 13:45:37,588 INFO  client.GrpcClientProtocolClient (GrpcClientProtocolClient.java:onNext(254)) - client-E0FA40453D59->0c156e3c-57cc-425b-90ef-9bcaa62a7535: receive RaftClientReply:client-E0FA40453D59->0c156e3c-57cc-425b-90ef-9bcaa62a7535@group-7704A457760D, cid=541, SUCCESS, logIndex=941, commits[0c156e3c-57cc-425b-90ef-9bcaa62a7535:c941]
2019-06-14 13:45:37,591 INFO  client.GrpcClientProtocolClient (GrpcClientProtocolClient.java:onNext(254)) - client-E0FA40453D59->0c156e3c-57cc-425b-90ef-9bcaa62a7535: receive RaftClientReply:client-E0FA40453D59->0c156e3c-57cc-425b-90ef-9bcaa62a7535@group-7704A457760D, cid=542, SUCCESS, logIndex=943, commits[0c156e3c-57cc-425b-90ef-9bcaa62a7535:c943]
2019-06-14 13:45:37,597 INFO  client.GrpcClientProtocolClient (GrpcClientProtocolClient.java:onNext(254)) - client-E0FA40453D59->0c156e3c-57cc-425b-90ef-9bcaa62a7535: receive RaftClientReply:client-E0FA40453D59->0c156e3c-57cc-425b-90ef-9bcaa62a7535@group-7704A457760D, cid=543, SUCCESS, logIndex=944, commits[0c156e3c-57cc-425b-90ef-9bcaa62a7535:c944]
2019-06-14 13:45:37,598 INFO  client.GrpcClientProtocolClient (GrpcClientProtocolClient.java:onNext(254)) - client-E0FA40453D59->0c156e3c-57cc-425b-90ef-9bcaa62a7535: receive RaftClientReply:client-E0FA40453D59->0c156e3c-57cc-425b-90ef-9bcaa62a7535@group-7704A457760D, cid=544, SUCCESS, logIndex=946, commits[0c156e3c-57cc-425b-90ef-9bcaa62a7535:c947]
2019-06-14 13:45:37,630 INFO  client.GrpcClientProtocolClient (GrpcClientProtocolClient.java:onNext(254)) - client-E0FA40453D59->0c156e3c-57cc-425b-90ef-9bcaa62a7535: receive RaftClientReply:client-E0FA40453D59->0c156e3c-57cc-425b-90ef-9bcaa62a7535@group-7704A457760D, cid=545, SUCCESS, logIndex=948, commits[0c156e3c-57cc-425b-90ef-9bcaa62a7535:c948]
2019-06-14 13:45:37,635 DEBUG block.SCMBlockDeletingService (SCMBlockDeletingService.java:call(138)) - Running DeletedBlockTransactionScanner
2019-06-14 13:45:37,636 DEBUG block.SCMBlockDeletingService (SCMBlockDeletingService.java:call(155)) - Scanned deleted blocks log and got 0 delTX to process.
2019-06-14 13:45:37,638 INFO  client.GrpcClientProtocolClient (GrpcClientProtocolClient.java:onNext(254)) - client-E0FA40453D59->0c156e3c-57cc-425b-90ef-9bcaa62a7535: receive RaftClientReply:client-E0FA40453D59->0c156e3c-57cc-425b-90ef-9bcaa62a7535@group-7704A457760D, cid=546, SUCCESS, logIndex=950, commits[0c156e3c-57cc-425b-90ef-9bcaa62a7535:c952]
2019-06-14 13:45:37,639 INFO  client.GrpcClientProtocolClient (GrpcClientProtocolClient.java:onNext(254)) - client-E0FA40453D59->0c156e3c-57cc-425b-90ef-9bcaa62a7535: receive RaftClientReply:client-E0FA40453D59->0c156e3c-57cc-425b-90ef-9bcaa62a7535@group-7704A457760D, cid=547, SUCCESS, logIndex=951, commits[0c156e3c-57cc-425b-90ef-9bcaa62a7535:c952]
2019-06-14 13:45:37,639 INFO  client.GrpcClientProtocolClient (GrpcClientProtocolClient.java:onNext(254)) - client-E0FA40453D59->0c156e3c-57cc-425b-90ef-9bcaa62a7535: receive RaftClientReply:client-E0FA40453D59->0c156e3c-57cc-425b-90ef-9bcaa62a7535@group-7704A457760D, cid=548, SUCCESS, logIndex=952, commits[0c156e3c-57cc-425b-90ef-9bcaa62a7535:c952]
2019-06-14 13:45:37,648 INFO  client.GrpcClientProtocolClient (GrpcClientProtocolClient.java:onNext(254)) - client-E0FA40453D59->0c156e3c-57cc-425b-90ef-9bcaa62a7535: receive RaftClientReply:client-E0FA40453D59->0c156e3c-57cc-425b-90ef-9bcaa62a7535@group-7704A457760D, cid=549, SUCCESS, logIndex=954, commits[0c156e3c-57cc-425b-90ef-9bcaa62a7535:c954]
2019-06-14 13:45:37,654 INFO  client.GrpcClientProtocolClient (GrpcClientProtocolClient.java:onNext(254)) - client-E0FA40453D59->0c156e3c-57cc-425b-90ef-9bcaa62a7535: receive RaftClientReply:client-E0FA40453D59->0c156e3c-57cc-425b-90ef-9bcaa62a7535@group-7704A457760D, cid=550, SUCCESS, logIndex=956, commits[0c156e3c-57cc-425b-90ef-9bcaa62a7535:c956]
2019-06-14 13:45:37,655 INFO  client.GrpcClientProtocolClient (GrpcClientProtocolClient.java:onNext(254)) - client-E0FA40453D59->0c156e3c-57cc-425b-90ef-9bcaa62a7535: receive RaftClientReply:client-E0FA40453D59->0c156e3c-57cc-425b-90ef-9bcaa62a7535@group-7704A457760D, cid=551, SUCCESS, logIndex=957, commits[0c156e3c-57cc-425b-90ef-9bcaa62a7535:c957]
2019-06-14 13:45:37,661 INFO  client.GrpcClientProtocolClient (GrpcClientProtocolClient.java:onNext(254)) - client-E0FA40453D59->0c156e3c-57cc-425b-90ef-9bcaa62a7535: receive RaftClientReply:client-E0FA40453D59->0c156e3c-57cc-425b-90ef-9bcaa62a7535@group-7704A457760D, cid=552, SUCCESS, logIndex=960, commits[0c156e3c-57cc-425b-90ef-9bcaa62a7535:c960]
2019-06-14 13:45:37,691 INFO  client.GrpcClientProtocolClient (GrpcClientProtocolClient.java:onNext(254)) - client-E0FA40453D59->0c156e3c-57cc-425b-90ef-9bcaa62a7535: receive RaftClientReply:client-E0FA40453D59->0c156e3c-57cc-425b-90ef-9bcaa62a7535@group-7704A457760D, cid=553, SUCCESS, logIndex=962, commits[0c156e3c-57cc-425b-90ef-9bcaa62a7535:c962]
2019-06-14 13:45:37,696 INFO  client.GrpcClientProtocolClient (GrpcClientProtocolClient.java:onNext(254)) - client-E0FA40453D59->0c156e3c-57cc-425b-90ef-9bcaa62a7535: receive RaftClientReply:client-E0FA40453D59->0c156e3c-57cc-425b-90ef-9bcaa62a7535@group-7704A457760D, cid=554, SUCCESS, logIndex=964, commits[0c156e3c-57cc-425b-90ef-9bcaa62a7535:c964]
2019-06-14 13:45:37,715 INFO  client.GrpcClientProtocolClient (GrpcClientProtocolClient.java:onNext(254)) - client-E0FA40453D59->0c156e3c-57cc-425b-90ef-9bcaa62a7535: receive RaftClientReply:client-E0FA40453D59->0c156e3c-57cc-425b-90ef-9bcaa62a7535@group-7704A457760D, cid=555, SUCCESS, logIndex=966, commits[0c156e3c-57cc-425b-90ef-9bcaa62a7535:c966]
2019-06-14 13:45:37,719 INFO  client.GrpcClientProtocolClient (GrpcClientProtocolClient.java:onNext(254)) - client-E0FA40453D59->0c156e3c-57cc-425b-90ef-9bcaa62a7535: receive RaftClientReply:client-E0FA40453D59->0c156e3c-57cc-425b-90ef-9bcaa62a7535@group-7704A457760D, cid=556, SUCCESS, logIndex=968, commits[0c156e3c-57cc-425b-90ef-9bcaa62a7535:c968]
2019-06-14 13:45:37,735 INFO  storage.RaftLogWorker (RaftLogWorker.java:rollLogSegment(303)) - 0c156e3c-57cc-425b-90ef-9bcaa62a7535-RaftLogWorker: Rolling segment log-898_971 to index:971
2019-06-14 13:45:37,735 INFO  client.GrpcClientProtocolClient (GrpcClientProtocolClient.java:onNext(254)) - client-E0FA40453D59->0c156e3c-57cc-425b-90ef-9bcaa62a7535: receive RaftClientReply:client-E0FA40453D59->0c156e3c-57cc-425b-90ef-9bcaa62a7535@group-7704A457760D, cid=557, SUCCESS, logIndex=970, commits[0c156e3c-57cc-425b-90ef-9bcaa62a7535:c970]
2019-06-14 13:45:37,736 INFO  storage.RaftLogWorker (RaftLogWorker.java:execute(433)) - 0c156e3c-57cc-425b-90ef-9bcaa62a7535-RaftLogWorker: Rolled log segment from /opt/src/hadoop-ozone/integration-test/target/test-dir/MiniOzoneClusterImpl-8919240e-7e15-4dbf-8bf4-c210578586bb/datanode-0/data/ratis/1fc53845-3381-4beb-82f9-7704a457760d/current/log_inprogress_898 to /opt/src/hadoop-ozone/integration-test/target/test-dir/MiniOzoneClusterImpl-8919240e-7e15-4dbf-8bf4-c210578586bb/datanode-0/data/ratis/1fc53845-3381-4beb-82f9-7704a457760d/current/log_898-971
2019-06-14 13:45:37,736 DEBUG block.SCMBlockDeletingService (SCMBlockDeletingService.java:call(138)) - Running DeletedBlockTransactionScanner
2019-06-14 13:45:37,738 DEBUG block.SCMBlockDeletingService (SCMBlockDeletingService.java:call(155)) - Scanned deleted blocks log and got 0 delTX to process.
2019-06-14 13:45:37,809 INFO  storage.RaftLogWorker (RaftLogWorker.java:execute(469)) - 0c156e3c-57cc-425b-90ef-9bcaa62a7535-RaftLogWorker: created new log segment /opt/src/hadoop-ozone/integration-test/target/test-dir/MiniOzoneClusterImpl-8919240e-7e15-4dbf-8bf4-c210578586bb/datanode-0/data/ratis/1fc53845-3381-4beb-82f9-7704a457760d/current/log_inprogress_972
2019-06-14 13:45:37,829 INFO  client.GrpcClientProtocolClient (GrpcClientProtocolClient.java:onNext(254)) - client-E0FA40453D59->0c156e3c-57cc-425b-90ef-9bcaa62a7535: receive RaftClientReply:client-E0FA40453D59->0c156e3c-57cc-425b-90ef-9bcaa62a7535@group-7704A457760D, cid=558, SUCCESS, logIndex=972, commits[0c156e3c-57cc-425b-90ef-9bcaa62a7535:c974]
2019-06-14 13:45:37,831 INFO  client.GrpcClientProtocolClient (GrpcClientProtocolClient.java:onNext(254)) - client-E0FA40453D59->0c156e3c-57cc-425b-90ef-9bcaa62a7535: receive RaftClientReply:client-E0FA40453D59->0c156e3c-57cc-425b-90ef-9bcaa62a7535@group-7704A457760D, cid=559, SUCCESS, logIndex=973, commits[0c156e3c-57cc-425b-90ef-9bcaa62a7535:c974]
2019-06-14 13:45:37,838 INFO  client.GrpcClientProtocolClient (GrpcClientProtocolClient.java:onNext(254)) - client-E0FA40453D59->0c156e3c-57cc-425b-90ef-9bcaa62a7535: receive RaftClientReply:client-E0FA40453D59->0c156e3c-57cc-425b-90ef-9bcaa62a7535@group-7704A457760D, cid=560, SUCCESS, logIndex=974, commits[0c156e3c-57cc-425b-90ef-9bcaa62a7535:c974]
2019-06-14 13:45:37,842 DEBUG block.SCMBlockDeletingService (SCMBlockDeletingService.java:call(138)) - Running DeletedBlockTransactionScanner
2019-06-14 13:45:37,842 DEBUG block.SCMBlockDeletingService (SCMBlockDeletingService.java:call(155)) - Scanned deleted blocks log and got 0 delTX to process.
2019-06-14 13:45:37,942 DEBUG block.SCMBlockDeletingService (SCMBlockDeletingService.java:call(138)) - Running DeletedBlockTransactionScanner
2019-06-14 13:45:37,942 DEBUG block.SCMBlockDeletingService (SCMBlockDeletingService.java:call(155)) - Scanned deleted blocks log and got 0 delTX to process.
2019-06-14 13:45:38,006 INFO  client.GrpcClientProtocolClient (GrpcClientProtocolClient.java:onNext(254)) - client-E0FA40453D59->0c156e3c-57cc-425b-90ef-9bcaa62a7535: receive RaftClientReply:client-E0FA40453D59->0c156e3c-57cc-425b-90ef-9bcaa62a7535@group-7704A457760D, cid=561, SUCCESS, logIndex=976, commits[0c156e3c-57cc-425b-90ef-9bcaa62a7535:c976]
2019-06-14 13:45:38,043 DEBUG block.SCMBlockDeletingService (SCMBlockDeletingService.java:call(138)) - Running DeletedBlockTransactionScanner
2019-06-14 13:45:38,043 DEBUG block.SCMBlockDeletingService (SCMBlockDeletingService.java:call(155)) - Scanned deleted blocks log and got 0 delTX to process.
2019-06-14 13:45:38,094 INFO  client.GrpcClientProtocolClient (GrpcClientProtocolClient.java:onNext(254)) - client-E0FA40453D59->0c156e3c-57cc-425b-90ef-9bcaa62a7535: receive RaftClientReply:client-E0FA40453D59->0c156e3c-57cc-425b-90ef-9bcaa62a7535@group-7704A457760D, cid=562, SUCCESS, logIndex=978, commits[0c156e3c-57cc-425b-90ef-9bcaa62a7535:c980]
2019-06-14 13:45:38,097 INFO  client.GrpcClientProtocolClient (GrpcClientProtocolClient.java:onNext(254)) - client-E0FA40453D59->0c156e3c-57cc-425b-90ef-9bcaa62a7535: receive RaftClientReply:client-E0FA40453D59->0c156e3c-57cc-425b-90ef-9bcaa62a7535@group-7704A457760D, cid=563, SUCCESS, logIndex=979, commits[0c156e3c-57cc-425b-90ef-9bcaa62a7535:c980]
2019-06-14 13:45:38,098 INFO  client.GrpcClientProtocolClient (GrpcClientProtocolClient.java:onNext(254)) - client-E0FA40453D59->0c156e3c-57cc-425b-90ef-9bcaa62a7535: receive RaftClientReply:client-E0FA40453D59->0c156e3c-57cc-425b-90ef-9bcaa62a7535@group-7704A457760D, cid=564, SUCCESS, logIndex=980, commits[0c156e3c-57cc-425b-90ef-9bcaa62a7535:c980]
2019-06-14 13:45:38,143 DEBUG block.SCMBlockDeletingService (SCMBlockDeletingService.java:call(138)) - Running DeletedBlockTransactionScanner
2019-06-14 13:45:38,144 DEBUG block.SCMBlockDeletingService (SCMBlockDeletingService.java:call(155)) - Scanned deleted blocks log and got 0 delTX to process.
2019-06-14 13:45:38,244 DEBUG block.SCMBlockDeletingService (SCMBlockDeletingService.java:call(138)) - Running DeletedBlockTransactionScanner
2019-06-14 13:45:38,244 DEBUG block.SCMBlockDeletingService (SCMBlockDeletingService.java:call(155)) - Scanned deleted blocks log and got 0 delTX to process.
2019-06-14 13:45:38,323 INFO  client.GrpcClientProtocolClient (GrpcClientProtocolClient.java:onNext(254)) - client-E0FA40453D59->0c156e3c-57cc-425b-90ef-9bcaa62a7535: receive RaftClientReply:client-E0FA40453D59->0c156e3c-57cc-425b-90ef-9bcaa62a7535@group-7704A457760D, cid=565, SUCCESS, logIndex=982, commits[0c156e3c-57cc-425b-90ef-9bcaa62a7535:c982]
2019-06-14 13:45:38,340 INFO  client.GrpcClientProtocolClient (GrpcClientProtocolClient.java:onNext(254)) - client-E0FA40453D59->0c156e3c-57cc-425b-90ef-9bcaa62a7535: receive RaftClientReply:client-E0FA40453D59->0c156e3c-57cc-425b-90ef-9bcaa62a7535@group-7704A457760D, cid=566, SUCCESS, logIndex=984, commits[0c156e3c-57cc-425b-90ef-9bcaa62a7535:c987]
2019-06-14 13:45:38,346 DEBUG block.SCMBlockDeletingService (SCMBlockDeletingService.java:call(138)) - Running DeletedBlockTransactionScanner
2019-06-14 13:45:38,346 DEBUG block.SCMBlockDeletingService (SCMBlockDeletingService.java:call(155)) - Scanned deleted blocks log and got 0 delTX to process.
2019-06-14 13:45:38,351 INFO  client.GrpcClientProtocolClient (GrpcClientProtocolClient.java:onNext(254)) - client-E0FA40453D59->0c156e3c-57cc-425b-90ef-9bcaa62a7535: receive RaftClientReply:client-E0FA40453D59->0c156e3c-57cc-425b-90ef-9bcaa62a7535@group-7704A457760D, cid=567, SUCCESS, logIndex=985, commits[0c156e3c-57cc-425b-90ef-9bcaa62a7535:c987]
2019-06-14 13:45:38,352 INFO  client.GrpcClientProtocolClient (GrpcClientProtocolClient.java:onNext(254)) - client-E0FA40453D59->0c156e3c-57cc-425b-90ef-9bcaa62a7535: receive RaftClientReply:client-E0FA40453D59->0c156e3c-57cc-425b-90ef-9bcaa62a7535@group-7704A457760D, cid=568, SUCCESS, logIndex=986, commits[0c156e3c-57cc-425b-90ef-9bcaa62a7535:c987]
2019-06-14 13:45:38,378 INFO  client.GrpcClientProtocolClient (GrpcClientProtocolClient.java:onNext(254)) - client-E0FA40453D59->0c156e3c-57cc-425b-90ef-9bcaa62a7535: receive RaftClientReply:client-E0FA40453D59->0c156e3c-57cc-425b-90ef-9bcaa62a7535@group-7704A457760D, cid=569, SUCCESS, logIndex=988, commits[0c156e3c-57cc-425b-90ef-9bcaa62a7535:c988]
2019-06-14 13:45:38,391 INFO  client.GrpcClientProtocolClient (GrpcClientProtocolClient.java:onNext(254)) - client-E0FA40453D59->0c156e3c-57cc-425b-90ef-9bcaa62a7535: receive RaftClientReply:client-E0FA40453D59->0c156e3c-57cc-425b-90ef-9bcaa62a7535@group-7704A457760D, cid=570, SUCCESS, logIndex=990, commits[0c156e3c-57cc-425b-90ef-9bcaa62a7535:c990]
2019-06-14 13:45:38,411 INFO  client.GrpcClientProtocolClient (GrpcClientProtocolClient.java:onNext(254)) - client-E0FA40453D59->0c156e3c-57cc-425b-90ef-9bcaa62a7535: receive RaftClientReply:client-E0FA40453D59->0c156e3c-57cc-425b-90ef-9bcaa62a7535@group-7704A457760D, cid=571, SUCCESS, logIndex=991, commits[0c156e3c-57cc-425b-90ef-9bcaa62a7535:c992]
2019-06-14 13:45:38,423 INFO  client.GrpcClientProtocolClient (GrpcClientProtocolClient.java:onNext(254)) - client-E0FA40453D59->0c156e3c-57cc-425b-90ef-9bcaa62a7535: receive RaftClientReply:client-E0FA40453D59->0c156e3c-57cc-425b-90ef-9bcaa62a7535@group-7704A457760D, cid=572, SUCCESS, logIndex=992, commits[0c156e3c-57cc-425b-90ef-9bcaa62a7535:c992]
2019-06-14 13:45:38,482 DEBUG block.SCMBlockDeletingService (SCMBlockDeletingService.java:call(138)) - Running DeletedBlockTransactionScanner
2019-06-14 13:45:38,482 DEBUG block.SCMBlockDeletingService (SCMBlockDeletingService.java:call(155)) - Scanned deleted blocks log and got 0 delTX to process.
2019-06-14 13:45:38,493 INFO  client.GrpcClientProtocolClient (GrpcClientProtocolClient.java:onNext(254)) - client-E0FA40453D59->0c156e3c-57cc-425b-90ef-9bcaa62a7535: receive RaftClientReply:client-E0FA40453D59->0c156e3c-57cc-425b-90ef-9bcaa62a7535@group-7704A457760D, cid=573, SUCCESS, logIndex=995, commits[0c156e3c-57cc-425b-90ef-9bcaa62a7535:c995]
2019-06-14 13:45:38,495 INFO  client.GrpcClientProtocolClient (GrpcClientProtocolClient.java:onNext(254)) - client-E0FA40453D59->0c156e3c-57cc-425b-90ef-9bcaa62a7535: receive RaftClientReply:client-E0FA40453D59->0c156e3c-57cc-425b-90ef-9bcaa62a7535@group-7704A457760D, cid=574, SUCCESS, logIndex=997, commits[0c156e3c-57cc-425b-90ef-9bcaa62a7535:c997]
2019-06-14 13:45:38,585 DEBUG block.SCMBlockDeletingService (SCMBlockDeletingService.java:call(138)) - Running DeletedBlockTransactionScanner
2019-06-14 13:45:38,585 DEBUG block.SCMBlockDeletingService (SCMBlockDeletingService.java:call(155)) - Scanned deleted blocks log and got 0 delTX to process.
2019-06-14 13:45:38,595 INFO  client.GrpcClientProtocolClient (GrpcClientProtocolClient.java:onNext(254)) - client-E0FA40453D59->0c156e3c-57cc-425b-90ef-9bcaa62a7535: receive RaftClientReply:client-E0FA40453D59->0c156e3c-57cc-425b-90ef-9bcaa62a7535@group-7704A457760D, cid=575, SUCCESS, logIndex=999, commits[0c156e3c-57cc-425b-90ef-9bcaa62a7535:c999]
2019-06-14 13:45:38,597 INFO  client.GrpcClientProtocolClient (GrpcClientProtocolClient.java:onNext(254)) - client-E0FA40453D59->0c156e3c-57cc-425b-90ef-9bcaa62a7535: receive RaftClientReply:client-E0FA40453D59->0c156e3c-57cc-425b-90ef-9bcaa62a7535@group-7704A457760D, cid=576, SUCCESS, logIndex=1001, commits[0c156e3c-57cc-425b-90ef-9bcaa62a7535:c1001]
2019-06-14 13:45:38,614 INFO  client.GrpcClientProtocolClient (GrpcClientProtocolClient.java:onNext(254)) - client-E0FA40453D59->0c156e3c-57cc-425b-90ef-9bcaa62a7535: receive RaftClientReply:client-E0FA40453D59->0c156e3c-57cc-425b-90ef-9bcaa62a7535@group-7704A457760D, cid=577, SUCCESS, logIndex=1003, commits[0c156e3c-57cc-425b-90ef-9bcaa62a7535:c1003]
2019-06-14 13:45:38,622 INFO  client.GrpcClientProtocolClient (GrpcClientProtocolClient.java:onNext(254)) - client-E0FA40453D59->0c156e3c-57cc-425b-90ef-9bcaa62a7535: receive RaftClientReply:client-E0FA40453D59->0c156e3c-57cc-425b-90ef-9bcaa62a7535@group-7704A457760D, cid=578, SUCCESS, logIndex=1005, commits[0c156e3c-57cc-425b-90ef-9bcaa62a7535:c1008]
2019-06-14 13:45:38,631 INFO  client.GrpcClientProtocolClient (GrpcClientProtocolClient.java:onNext(254)) - client-E0FA40453D59->0c156e3c-57cc-425b-90ef-9bcaa62a7535: receive RaftClientReply:client-E0FA40453D59->0c156e3c-57cc-425b-90ef-9bcaa62a7535@group-7704A457760D, cid=579, SUCCESS, logIndex=1006, commits[0c156e3c-57cc-425b-90ef-9bcaa62a7535:c1009]
2019-06-14 13:45:38,634 INFO  client.GrpcClientProtocolClient (GrpcClientProtocolClient.java:onNext(254)) - client-E0FA40453D59->0c156e3c-57cc-425b-90ef-9bcaa62a7535: receive RaftClientReply:client-E0FA40453D59->0c156e3c-57cc-425b-90ef-9bcaa62a7535@group-7704A457760D, cid=580, SUCCESS, logIndex=1007, commits[0c156e3c-57cc-425b-90ef-9bcaa62a7535:c1009]
2019-06-14 13:45:38,662 INFO  client.GrpcClientProtocolClient (GrpcClientProtocolClient.java:onNext(254)) - client-E0FA40453D59->0c156e3c-57cc-425b-90ef-9bcaa62a7535: receive RaftClientReply:client-E0FA40453D59->0c156e3c-57cc-425b-90ef-9bcaa62a7535@group-7704A457760D, cid=581, SUCCESS, logIndex=1010, commits[0c156e3c-57cc-425b-90ef-9bcaa62a7535:c1010]
2019-06-14 13:45:38,666 INFO  client.GrpcClientProtocolClient (GrpcClientProtocolClient.java:onNext(254)) - client-E0FA40453D59->0c156e3c-57cc-425b-90ef-9bcaa62a7535: receive RaftClientReply:client-E0FA40453D59->0c156e3c-57cc-425b-90ef-9bcaa62a7535@group-7704A457760D, cid=582, SUCCESS, logIndex=1012, commits[0c156e3c-57cc-425b-90ef-9bcaa62a7535:c1012]
2019-06-14 13:45:38,685 DEBUG block.SCMBlockDeletingService (SCMBlockDeletingService.java:call(138)) - Running DeletedBlockTransactionScanner
2019-06-14 13:45:38,686 DEBUG block.SCMBlockDeletingService (SCMBlockDeletingService.java:call(155)) - Scanned deleted blocks log and got 0 delTX to process.
2019-06-14 13:45:38,689 INFO  client.GrpcClientProtocolClient (GrpcClientProtocolClient.java:onNext(254)) - client-E0FA40453D59->0c156e3c-57cc-425b-90ef-9bcaa62a7535: receive RaftClientReply:client-E0FA40453D59->0c156e3c-57cc-425b-90ef-9bcaa62a7535@group-7704A457760D, cid=583, SUCCESS, logIndex=1013, commits[0c156e3c-57cc-425b-90ef-9bcaa62a7535:c1014]
2019-06-14 13:45:38,689 INFO  client.GrpcClientProtocolClient (GrpcClientProtocolClient.java:onNext(254)) - client-E0FA40453D59->0c156e3c-57cc-425b-90ef-9bcaa62a7535: receive RaftClientReply:client-E0FA40453D59->0c156e3c-57cc-425b-90ef-9bcaa62a7535@group-7704A457760D, cid=584, SUCCESS, logIndex=1014, commits[0c156e3c-57cc-425b-90ef-9bcaa62a7535:c1014]
2019-06-14 13:45:38,715 INFO  client.GrpcClientProtocolClient (GrpcClientProtocolClient.java:onNext(254)) - client-E0FA40453D59->0c156e3c-57cc-425b-90ef-9bcaa62a7535: receive RaftClientReply:client-E0FA40453D59->0c156e3c-57cc-425b-90ef-9bcaa62a7535@group-7704A457760D, cid=585, SUCCESS, logIndex=1017, commits[0c156e3c-57cc-425b-90ef-9bcaa62a7535:c1017]
2019-06-14 13:45:38,737 INFO  client.GrpcClientProtocolClient (GrpcClientProtocolClient.java:onNext(254)) - client-E0FA40453D59->0c156e3c-57cc-425b-90ef-9bcaa62a7535: receive RaftClientReply:client-E0FA40453D59->0c156e3c-57cc-425b-90ef-9bcaa62a7535@group-7704A457760D, cid=586, SUCCESS, logIndex=1019, commits[0c156e3c-57cc-425b-90ef-9bcaa62a7535:c1020]
2019-06-14 13:45:38,748 INFO  client.GrpcClientProtocolClient (GrpcClientProtocolClient.java:onNext(254)) - client-E0FA40453D59->0c156e3c-57cc-425b-90ef-9bcaa62a7535: receive RaftClientReply:client-E0FA40453D59->0c156e3c-57cc-425b-90ef-9bcaa62a7535@group-7704A457760D, cid=587, SUCCESS, logIndex=1020, commits[0c156e3c-57cc-425b-90ef-9bcaa62a7535:c1020]
2019-06-14 13:45:38,751 INFO  client.GrpcClientProtocolClient (GrpcClientProtocolClient.java:onNext(254)) - client-E0FA40453D59->0c156e3c-57cc-425b-90ef-9bcaa62a7535: receive RaftClientReply:client-E0FA40453D59->0c156e3c-57cc-425b-90ef-9bcaa62a7535@group-7704A457760D, cid=588, SUCCESS, logIndex=1022, commits[0c156e3c-57cc-425b-90ef-9bcaa62a7535:c1022]
2019-06-14 13:45:38,774 INFO  client.GrpcClientProtocolClient (GrpcClientProtocolClient.java:onNext(254)) - client-E0FA40453D59->0c156e3c-57cc-425b-90ef-9bcaa62a7535: receive RaftClientReply:client-E0FA40453D59->0c156e3c-57cc-425b-90ef-9bcaa62a7535@group-7704A457760D, cid=589, SUCCESS, logIndex=1024, commits[0c156e3c-57cc-425b-90ef-9bcaa62a7535:c1024]
2019-06-14 13:45:38,775 INFO  client.GrpcClientProtocolClient (GrpcClientProtocolClient.java:onNext(254)) - client-E0FA40453D59->0c156e3c-57cc-425b-90ef-9bcaa62a7535: receive RaftClientReply:client-E0FA40453D59->0c156e3c-57cc-425b-90ef-9bcaa62a7535@group-7704A457760D, cid=590, SUCCESS, logIndex=1026, commits[0c156e3c-57cc-425b-90ef-9bcaa62a7535:c1026]
2019-06-14 13:45:38,787 INFO  client.GrpcClientProtocolClient (GrpcClientProtocolClient.java:onNext(254)) - client-E0FA40453D59->0c156e3c-57cc-425b-90ef-9bcaa62a7535: receive RaftClientReply:client-E0FA40453D59->0c156e3c-57cc-425b-90ef-9bcaa62a7535@group-7704A457760D, cid=591, SUCCESS, logIndex=1027, commits[0c156e3c-57cc-425b-90ef-9bcaa62a7535:c1029]
2019-06-14 13:45:38,787 INFO  client.GrpcClientProtocolClient (GrpcClientProtocolClient.java:onNext(254)) - client-E0FA40453D59->0c156e3c-57cc-425b-90ef-9bcaa62a7535: receive RaftClientReply:client-E0FA40453D59->0c156e3c-57cc-425b-90ef-9bcaa62a7535@group-7704A457760D, cid=592, SUCCESS, logIndex=1029, commits[0c156e3c-57cc-425b-90ef-9bcaa62a7535:c1029]
2019-06-14 13:45:38,790 DEBUG block.SCMBlockDeletingService (SCMBlockDeletingService.java:call(138)) - Running DeletedBlockTransactionScanner
2019-06-14 13:45:38,790 DEBUG block.SCMBlockDeletingService (SCMBlockDeletingService.java:call(155)) - Scanned deleted blocks log and got 0 delTX to process.
2019-06-14 13:45:38,819 INFO  client.GrpcClientProtocolClient (GrpcClientProtocolClient.java:onNext(254)) - client-E0FA40453D59->0c156e3c-57cc-425b-90ef-9bcaa62a7535: receive RaftClientReply:client-E0FA40453D59->0c156e3c-57cc-425b-90ef-9bcaa62a7535@group-7704A457760D, cid=593, SUCCESS, logIndex=1031, commits[0c156e3c-57cc-425b-90ef-9bcaa62a7535:c1031]
2019-06-14 13:45:38,842 INFO  client.GrpcClientProtocolClient (GrpcClientProtocolClient.java:onNext(254)) - client-E0FA40453D59->0c156e3c-57cc-425b-90ef-9bcaa62a7535: receive RaftClientReply:client-E0FA40453D59->0c156e3c-57cc-425b-90ef-9bcaa62a7535@group-7704A457760D, cid=594, SUCCESS, logIndex=1033, commits[0c156e3c-57cc-425b-90ef-9bcaa62a7535:c1033]
2019-06-14 13:45:38,855 INFO  client.GrpcClientProtocolClient (GrpcClientProtocolClient.java:onNext(254)) - client-E0FA40453D59->0c156e3c-57cc-425b-90ef-9bcaa62a7535: receive RaftClientReply:client-E0FA40453D59->0c156e3c-57cc-425b-90ef-9bcaa62a7535@group-7704A457760D, cid=595, SUCCESS, logIndex=1034, commits[0c156e3c-57cc-425b-90ef-9bcaa62a7535:c1036]
2019-06-14 13:45:38,867 INFO  client.GrpcClientProtocolClient (GrpcClientProtocolClient.java:onNext(254)) - client-E0FA40453D59->0c156e3c-57cc-425b-90ef-9bcaa62a7535: receive RaftClientReply:client-E0FA40453D59->0c156e3c-57cc-425b-90ef-9bcaa62a7535@group-7704A457760D, cid=596, SUCCESS, logIndex=1036, commits[0c156e3c-57cc-425b-90ef-9bcaa62a7535:c1037]
2019-06-14 13:45:38,879 INFO  client.GrpcClientProtocolClient (GrpcClientProtocolClient.java:onNext(254)) - client-E0FA40453D59->0c156e3c-57cc-425b-90ef-9bcaa62a7535: receive RaftClientReply:client-E0FA40453D59->0c156e3c-57cc-425b-90ef-9bcaa62a7535@group-7704A457760D, cid=597, SUCCESS, logIndex=1038, commits[0c156e3c-57cc-425b-90ef-9bcaa62a7535:c1038]
2019-06-14 13:45:38,884 INFO  client.GrpcClientProtocolClient (GrpcClientProtocolClient.java:onNext(254)) - client-E0FA40453D59->0c156e3c-57cc-425b-90ef-9bcaa62a7535: receive RaftClientReply:client-E0FA40453D59->0c156e3c-57cc-425b-90ef-9bcaa62a7535@group-7704A457760D, cid=598, SUCCESS, logIndex=1040, commits[0c156e3c-57cc-425b-90ef-9bcaa62a7535:c1040]
2019-06-14 13:45:38,886 INFO  storage.RaftLogWorker (RaftLogWorker.java:rollLogSegment(303)) - 0c156e3c-57cc-425b-90ef-9bcaa62a7535-RaftLogWorker: Rolling segment log-972_1042 to index:1042
2019-06-14 13:45:38,886 INFO  storage.RaftLogWorker (RaftLogWorker.java:execute(433)) - 0c156e3c-57cc-425b-90ef-9bcaa62a7535-RaftLogWorker: Rolled log segment from /opt/src/hadoop-ozone/integration-test/target/test-dir/MiniOzoneClusterImpl-8919240e-7e15-4dbf-8bf4-c210578586bb/datanode-0/data/ratis/1fc53845-3381-4beb-82f9-7704a457760d/current/log_inprogress_972 to /opt/src/hadoop-ozone/integration-test/target/test-dir/MiniOzoneClusterImpl-8919240e-7e15-4dbf-8bf4-c210578586bb/datanode-0/data/ratis/1fc53845-3381-4beb-82f9-7704a457760d/current/log_972-1042
2019-06-14 13:45:38,893 DEBUG block.SCMBlockDeletingService (SCMBlockDeletingService.java:call(138)) - Running DeletedBlockTransactionScanner
2019-06-14 13:45:38,893 DEBUG block.SCMBlockDeletingService (SCMBlockDeletingService.java:call(155)) - Scanned deleted blocks log and got 0 delTX to process.
2019-06-14 13:45:38,916 INFO  client.GrpcClientProtocolClient (GrpcClientProtocolClient.java:onNext(254)) - client-E0FA40453D59->0c156e3c-57cc-425b-90ef-9bcaa62a7535: receive RaftClientReply:client-E0FA40453D59->0c156e3c-57cc-425b-90ef-9bcaa62a7535@group-7704A457760D, cid=599, SUCCESS, logIndex=1042, commits[0c156e3c-57cc-425b-90ef-9bcaa62a7535:c1042]
2019-06-14 13:45:38,936 INFO  storage.RaftLogWorker (RaftLogWorker.java:execute(469)) - 0c156e3c-57cc-425b-90ef-9bcaa62a7535-RaftLogWorker: created new log segment /opt/src/hadoop-ozone/integration-test/target/test-dir/MiniOzoneClusterImpl-8919240e-7e15-4dbf-8bf4-c210578586bb/datanode-0/data/ratis/1fc53845-3381-4beb-82f9-7704a457760d/current/log_inprogress_1043
2019-06-14 13:45:38,943 INFO  client.GrpcClientProtocolClient (GrpcClientProtocolClient.java:onNext(254)) - client-E0FA40453D59->0c156e3c-57cc-425b-90ef-9bcaa62a7535: receive RaftClientReply:client-E0FA40453D59->0c156e3c-57cc-425b-90ef-9bcaa62a7535@group-7704A457760D, cid=600, SUCCESS, logIndex=1043, commits[0c156e3c-57cc-425b-90ef-9bcaa62a7535:c1044]
2019-06-14 13:45:38,964 INFO  client.GrpcClientProtocolClient (GrpcClientProtocolClient.java:onNext(254)) - client-E0FA40453D59->0c156e3c-57cc-425b-90ef-9bcaa62a7535: receive RaftClientReply:client-E0FA40453D59->0c156e3c-57cc-425b-90ef-9bcaa62a7535@group-7704A457760D, cid=601, SUCCESS, logIndex=1045, commits[0c156e3c-57cc-425b-90ef-9bcaa62a7535:c1045]
2019-06-14 13:45:38,967 INFO  client.GrpcClientProtocolClient (GrpcClientProtocolClient.java:onNext(254)) - client-E0FA40453D59->0c156e3c-57cc-425b-90ef-9bcaa62a7535: receive RaftClientReply:client-E0FA40453D59->0c156e3c-57cc-425b-90ef-9bcaa62a7535@group-7704A457760D, cid=602, SUCCESS, logIndex=1047, commits[0c156e3c-57cc-425b-90ef-9bcaa62a7535:c1047]
2019-06-14 13:45:38,969 INFO  client.GrpcClientProtocolClient (GrpcClientProtocolClient.java:onNext(254)) - client-E0FA40453D59->0c156e3c-57cc-425b-90ef-9bcaa62a7535: receive RaftClientReply:client-E0FA40453D59->0c156e3c-57cc-425b-90ef-9bcaa62a7535@group-7704A457760D, cid=603, SUCCESS, logIndex=1048, commits[0c156e3c-57cc-425b-90ef-9bcaa62a7535:c1050]
2019-06-14 13:45:38,969 INFO  client.GrpcClientProtocolClient (GrpcClientProtocolClient.java:onNext(254)) - client-E0FA40453D59->0c156e3c-57cc-425b-90ef-9bcaa62a7535: receive RaftClientReply:client-E0FA40453D59->0c156e3c-57cc-425b-90ef-9bcaa62a7535@group-7704A457760D, cid=604, SUCCESS, logIndex=1050, commits[0c156e3c-57cc-425b-90ef-9bcaa62a7535:c1050]
2019-06-14 13:45:38,987 INFO  client.GrpcClientProtocolClient (GrpcClientProtocolClient.java:onNext(254)) - client-E0FA40453D59->0c156e3c-57cc-425b-90ef-9bcaa62a7535: receive RaftClientReply:client-E0FA40453D59->0c156e3c-57cc-425b-90ef-9bcaa62a7535@group-7704A457760D, cid=605, SUCCESS, logIndex=1052, commits[0c156e3c-57cc-425b-90ef-9bcaa62a7535:c1052]
2019-06-14 13:45:38,994 INFO  client.GrpcClientProtocolClient (GrpcClientProtocolClient.java:onNext(254)) - client-E0FA40453D59->0c156e3c-57cc-425b-90ef-9bcaa62a7535: receive RaftClientReply:client-E0FA40453D59->0c156e3c-57cc-425b-90ef-9bcaa62a7535@group-7704A457760D, cid=606, SUCCESS, logIndex=1054, commits[0c156e3c-57cc-425b-90ef-9bcaa62a7535:c1054]
2019-06-14 13:45:38,997 DEBUG block.SCMBlockDeletingService (SCMBlockDeletingService.java:call(138)) - Running DeletedBlockTransactionScanner
2019-06-14 13:45:38,998 DEBUG block.SCMBlockDeletingService (SCMBlockDeletingService.java:call(155)) - Scanned deleted blocks log and got 0 delTX to process.
2019-06-14 13:45:39,001 INFO  client.GrpcClientProtocolClient (GrpcClientProtocolClient.java:onNext(254)) - client-E0FA40453D59->0c156e3c-57cc-425b-90ef-9bcaa62a7535: receive RaftClientReply:client-E0FA40453D59->0c156e3c-57cc-425b-90ef-9bcaa62a7535@group-7704A457760D, cid=607, SUCCESS, logIndex=1055, commits[0c156e3c-57cc-425b-90ef-9bcaa62a7535:c1056]
2019-06-14 13:45:39,004 INFO  client.GrpcClientProtocolClient (GrpcClientProtocolClient.java:onNext(254)) - client-E0FA40453D59->0c156e3c-57cc-425b-90ef-9bcaa62a7535: receive RaftClientReply:client-E0FA40453D59->0c156e3c-57cc-425b-90ef-9bcaa62a7535@group-7704A457760D, cid=608, SUCCESS, logIndex=1056, commits[0c156e3c-57cc-425b-90ef-9bcaa62a7535:c1056]
2019-06-14 13:45:39,034 INFO  client.GrpcClientProtocolClient (GrpcClientProtocolClient.java:onNext(254)) - client-E0FA40453D59->0c156e3c-57cc-425b-90ef-9bcaa62a7535: receive RaftClientReply:client-E0FA40453D59->0c156e3c-57cc-425b-90ef-9bcaa62a7535@group-7704A457760D, cid=609, SUCCESS, logIndex=1059, commits[0c156e3c-57cc-425b-90ef-9bcaa62a7535:c1060]
2019-06-14 13:45:39,036 INFO  client.GrpcClientProtocolClient (GrpcClientProtocolClient.java:onNext(254)) - client-E0FA40453D59->0c156e3c-57cc-425b-90ef-9bcaa62a7535: receive RaftClientReply:client-E0FA40453D59->0c156e3c-57cc-425b-90ef-9bcaa62a7535@group-7704A457760D, cid=610, SUCCESS, logIndex=1061, commits[0c156e3c-57cc-425b-90ef-9bcaa62a7535:c1062]
2019-06-14 13:45:39,037 INFO  client.GrpcClientProtocolClient (GrpcClientProtocolClient.java:onNext(254)) - client-E0FA40453D59->0c156e3c-57cc-425b-90ef-9bcaa62a7535: receive RaftClientReply:client-E0FA40453D59->0c156e3c-57cc-425b-90ef-9bcaa62a7535@group-7704A457760D, cid=611, SUCCESS, logIndex=1062, commits[0c156e3c-57cc-425b-90ef-9bcaa62a7535:c1062]
2019-06-14 13:45:39,037 INFO  client.GrpcClientProtocolClient (GrpcClientProtocolClient.java:onNext(254)) - client-E0FA40453D59->0c156e3c-57cc-425b-90ef-9bcaa62a7535: receive RaftClientReply:client-E0FA40453D59->0c156e3c-57cc-425b-90ef-9bcaa62a7535@group-7704A457760D, cid=612, SUCCESS, logIndex=1064, commits[0c156e3c-57cc-425b-90ef-9bcaa62a7535:c1065]
2019-06-14 13:45:39,057 INFO  client.GrpcClientProtocolClient (GrpcClientProtocolClient.java:onNext(254)) - client-E0FA40453D59->0c156e3c-57cc-425b-90ef-9bcaa62a7535: receive RaftClientReply:client-E0FA40453D59->0c156e3c-57cc-425b-90ef-9bcaa62a7535@group-7704A457760D, cid=613, SUCCESS, logIndex=1067, commits[0c156e3c-57cc-425b-90ef-9bcaa62a7535:c1067]
2019-06-14 13:45:39,066 INFO  client.GrpcClientProtocolClient (GrpcClientProtocolClient.java:onNext(254)) - client-E0FA40453D59->0c156e3c-57cc-425b-90ef-9bcaa62a7535: receive RaftClientReply:client-E0FA40453D59->0c156e3c-57cc-425b-90ef-9bcaa62a7535@group-7704A457760D, cid=614, SUCCESS, logIndex=1069, commits[0c156e3c-57cc-425b-90ef-9bcaa62a7535:c1069]
2019-06-14 13:45:39,067 INFO  client.GrpcClientProtocolClient (GrpcClientProtocolClient.java:onNext(254)) - client-E0FA40453D59->0c156e3c-57cc-425b-90ef-9bcaa62a7535: receive RaftClientReply:client-E0FA40453D59->0c156e3c-57cc-425b-90ef-9bcaa62a7535@group-7704A457760D, cid=615, SUCCESS, logIndex=1070, commits[0c156e3c-57cc-425b-90ef-9bcaa62a7535:c1071]
2019-06-14 13:45:39,067 INFO  client.GrpcClientProtocolClient (GrpcClientProtocolClient.java:onNext(254)) - client-E0FA40453D59->0c156e3c-57cc-425b-90ef-9bcaa62a7535: receive RaftClientReply:client-E0FA40453D59->0c156e3c-57cc-425b-90ef-9bcaa62a7535@group-7704A457760D, cid=616, SUCCESS, logIndex=1072, commits[0c156e3c-57cc-425b-90ef-9bcaa62a7535:c1072]
2019-06-14 13:45:39,112 DEBUG block.SCMBlockDeletingService (SCMBlockDeletingService.java:call(138)) - Running DeletedBlockTransactionScanner
2019-06-14 13:45:39,112 DEBUG block.SCMBlockDeletingService (SCMBlockDeletingService.java:call(155)) - Scanned deleted blocks log and got 0 delTX to process.
2019-06-14 13:45:39,135 INFO  client.GrpcClientProtocolClient (GrpcClientProtocolClient.java:onNext(254)) - client-E0FA40453D59->0c156e3c-57cc-425b-90ef-9bcaa62a7535: receive RaftClientReply:client-E0FA40453D59->0c156e3c-57cc-425b-90ef-9bcaa62a7535@group-7704A457760D, cid=617, SUCCESS, logIndex=1074, commits[0c156e3c-57cc-425b-90ef-9bcaa62a7535:c1075]
2019-06-14 13:45:39,151 INFO  client.GrpcClientProtocolClient (GrpcClientProtocolClient.java:onNext(254)) - client-E0FA40453D59->0c156e3c-57cc-425b-90ef-9bcaa62a7535: receive RaftClientReply:client-E0FA40453D59->0c156e3c-57cc-425b-90ef-9bcaa62a7535@group-7704A457760D, cid=618, SUCCESS, logIndex=1076, commits[0c156e3c-57cc-425b-90ef-9bcaa62a7535:c1077]
2019-06-14 13:45:39,213 DEBUG block.SCMBlockDeletingService (SCMBlockDeletingService.java:call(138)) - Running DeletedBlockTransactionScanner
2019-06-14 13:45:39,213 DEBUG block.SCMBlockDeletingService (SCMBlockDeletingService.java:call(155)) - Scanned deleted blocks log and got 0 delTX to process.
2019-06-14 13:45:39,247 INFO  client.GrpcClientProtocolClient (GrpcClientProtocolClient.java:onNext(254)) - client-E0FA40453D59->0c156e3c-57cc-425b-90ef-9bcaa62a7535: receive RaftClientReply:client-E0FA40453D59->0c156e3c-57cc-425b-90ef-9bcaa62a7535@group-7704A457760D, cid=619, SUCCESS, logIndex=1078, commits[0c156e3c-57cc-425b-90ef-9bcaa62a7535:c1079]
2019-06-14 13:45:39,248 INFO  client.GrpcClientProtocolClient (GrpcClientProtocolClient.java:onNext(254)) - client-E0FA40453D59->0c156e3c-57cc-425b-90ef-9bcaa62a7535: receive RaftClientReply:client-E0FA40453D59->0c156e3c-57cc-425b-90ef-9bcaa62a7535@group-7704A457760D, cid=620, SUCCESS, logIndex=1080, commits[0c156e3c-57cc-425b-90ef-9bcaa62a7535:c1080]
2019-06-14 13:45:39,259 INFO  client.GrpcClientProtocolClient (GrpcClientProtocolClient.java:onNext(254)) - client-E0FA40453D59->0c156e3c-57cc-425b-90ef-9bcaa62a7535: receive RaftClientReply:client-E0FA40453D59->0c156e3c-57cc-425b-90ef-9bcaa62a7535@group-7704A457760D, cid=621, SUCCESS, logIndex=1082, commits[0c156e3c-57cc-425b-90ef-9bcaa62a7535:c1083]
2019-06-14 13:45:39,268 INFO  client.GrpcClientProtocolClient (GrpcClientProtocolClient.java:onNext(254)) - client-E0FA40453D59->0c156e3c-57cc-425b-90ef-9bcaa62a7535: receive RaftClientReply:client-E0FA40453D59->0c156e3c-57cc-425b-90ef-9bcaa62a7535@group-7704A457760D, cid=622, SUCCESS, logIndex=1084, commits[0c156e3c-57cc-425b-90ef-9bcaa62a7535:c1084]
2019-06-14 13:45:39,269 INFO  client.GrpcClientProtocolClient (GrpcClientProtocolClient.java:onNext(254)) - client-E0FA40453D59->0c156e3c-57cc-425b-90ef-9bcaa62a7535: receive RaftClientReply:client-E0FA40453D59->0c156e3c-57cc-425b-90ef-9bcaa62a7535@group-7704A457760D, cid=623, SUCCESS, logIndex=1085, commits[0c156e3c-57cc-425b-90ef-9bcaa62a7535:c1087]
2019-06-14 13:45:39,269 INFO  client.GrpcClientProtocolClient (GrpcClientProtocolClient.java:onNext(254)) - client-E0FA40453D59->0c156e3c-57cc-425b-90ef-9bcaa62a7535: receive RaftClientReply:client-E0FA40453D59->0c156e3c-57cc-425b-90ef-9bcaa62a7535@group-7704A457760D, cid=624, SUCCESS, logIndex=1087, commits[0c156e3c-57cc-425b-90ef-9bcaa62a7535:c1088]
2019-06-14 13:45:39,294 INFO  client.GrpcClientProtocolClient (GrpcClientProtocolClient.java:onNext(254)) - client-E0FA40453D59->0c156e3c-57cc-425b-90ef-9bcaa62a7535: receive RaftClientReply:client-E0FA40453D59->0c156e3c-57cc-425b-90ef-9bcaa62a7535@group-7704A457760D, cid=625, SUCCESS, logIndex=1089, commits[0c156e3c-57cc-425b-90ef-9bcaa62a7535:c1090]
2019-06-14 13:45:39,307 INFO  client.GrpcClientProtocolClient (GrpcClientProtocolClient.java:onNext(254)) - client-E0FA40453D59->0c156e3c-57cc-425b-90ef-9bcaa62a7535: receive RaftClientReply:client-E0FA40453D59->0c156e3c-57cc-425b-90ef-9bcaa62a7535@group-7704A457760D, cid=626, SUCCESS, logIndex=1091, commits[0c156e3c-57cc-425b-90ef-9bcaa62a7535:c1091]
2019-06-14 13:45:39,314 DEBUG block.SCMBlockDeletingService (SCMBlockDeletingService.java:call(138)) - Running DeletedBlockTransactionScanner
2019-06-14 13:45:39,314 DEBUG block.SCMBlockDeletingService (SCMBlockDeletingService.java:call(155)) - Scanned deleted blocks log and got 0 delTX to process.
2019-06-14 13:45:39,318 INFO  client.GrpcClientProtocolClient (GrpcClientProtocolClient.java:onNext(254)) - client-E0FA40453D59->0c156e3c-57cc-425b-90ef-9bcaa62a7535: receive RaftClientReply:client-E0FA40453D59->0c156e3c-57cc-425b-90ef-9bcaa62a7535@group-7704A457760D, cid=627, SUCCESS, logIndex=1092, commits[0c156e3c-57cc-425b-90ef-9bcaa62a7535:c1094]
2019-06-14 13:45:39,319 INFO  client.GrpcClientProtocolClient (GrpcClientProtocolClient.java:onNext(254)) - client-E0FA40453D59->0c156e3c-57cc-425b-90ef-9bcaa62a7535: receive RaftClientReply:client-E0FA40453D59->0c156e3c-57cc-425b-90ef-9bcaa62a7535@group-7704A457760D, cid=628, SUCCESS, logIndex=1093, commits[0c156e3c-57cc-425b-90ef-9bcaa62a7535:c1094]
2019-06-14 13:45:39,337 INFO  client.GrpcClientProtocolClient (GrpcClientProtocolClient.java:onNext(254)) - client-E0FA40453D59->0c156e3c-57cc-425b-90ef-9bcaa62a7535: receive RaftClientReply:client-E0FA40453D59->0c156e3c-57cc-425b-90ef-9bcaa62a7535@group-7704A457760D, cid=629, SUCCESS, logIndex=1095, commits[0c156e3c-57cc-425b-90ef-9bcaa62a7535:c1095]
2019-06-14 13:45:39,362 INFO  client.GrpcClientProtocolClient (GrpcClientProtocolClient.java:onNext(254)) - client-E0FA40453D59->0c156e3c-57cc-425b-90ef-9bcaa62a7535: receive RaftClientReply:client-E0FA40453D59->0c156e3c-57cc-425b-90ef-9bcaa62a7535@group-7704A457760D, cid=630, SUCCESS, logIndex=1097, commits[0c156e3c-57cc-425b-90ef-9bcaa62a7535:c1097]
2019-06-14 13:45:39,362 INFO  client.GrpcClientProtocolClient (GrpcClientProtocolClient.java:onNext(254)) - client-E0FA40453D59->0c156e3c-57cc-425b-90ef-9bcaa62a7535: receive RaftClientReply:client-E0FA40453D59->0c156e3c-57cc-425b-90ef-9bcaa62a7535@group-7704A457760D, cid=631, SUCCESS, logIndex=1098, commits[0c156e3c-57cc-425b-90ef-9bcaa62a7535:c1099]
2019-06-14 13:45:39,362 INFO  client.GrpcClientProtocolClient (GrpcClientProtocolClient.java:onNext(254)) - client-E0FA40453D59->0c156e3c-57cc-425b-90ef-9bcaa62a7535: receive RaftClientReply:client-E0FA40453D59->0c156e3c-57cc-425b-90ef-9bcaa62a7535@group-7704A457760D, cid=632, SUCCESS, logIndex=1100, commits[0c156e3c-57cc-425b-90ef-9bcaa62a7535:c1100]
2019-06-14 13:45:39,398 INFO  client.GrpcClientProtocolClient (GrpcClientProtocolClient.java:onNext(254)) - client-E0FA40453D59->0c156e3c-57cc-425b-90ef-9bcaa62a7535: receive RaftClientReply:client-E0FA40453D59->0c156e3c-57cc-425b-90ef-9bcaa62a7535@group-7704A457760D, cid=633, SUCCESS, logIndex=1102, commits[0c156e3c-57cc-425b-90ef-9bcaa62a7535:c1102]
2019-06-14 13:45:39,409 INFO  client.GrpcClientProtocolClient (GrpcClientProtocolClient.java:onNext(254)) - client-E0FA40453D59->0c156e3c-57cc-425b-90ef-9bcaa62a7535: receive RaftClientReply:client-E0FA40453D59->0c156e3c-57cc-425b-90ef-9bcaa62a7535@group-7704A457760D, cid=634, SUCCESS, logIndex=1104, commits[0c156e3c-57cc-425b-90ef-9bcaa62a7535:c1104]
2019-06-14 13:45:39,414 DEBUG block.SCMBlockDeletingService (SCMBlockDeletingService.java:call(138)) - Running DeletedBlockTransactionScanner
2019-06-14 13:45:39,415 DEBUG block.SCMBlockDeletingService (SCMBlockDeletingService.java:call(155)) - Scanned deleted blocks log and got 0 delTX to process.
2019-06-14 13:45:39,418 INFO  client.GrpcClientProtocolClient (GrpcClientProtocolClient.java:onNext(254)) - client-E0FA40453D59->0c156e3c-57cc-425b-90ef-9bcaa62a7535: receive RaftClientReply:client-E0FA40453D59->0c156e3c-57cc-425b-90ef-9bcaa62a7535@group-7704A457760D, cid=635, SUCCESS, logIndex=1105, commits[0c156e3c-57cc-425b-90ef-9bcaa62a7535:c1107]
2019-06-14 13:45:39,419 INFO  client.GrpcClientProtocolClient (GrpcClientProtocolClient.java:onNext(254)) - client-E0FA40453D59->0c156e3c-57cc-425b-90ef-9bcaa62a7535: receive RaftClientReply:client-E0FA40453D59->0c156e3c-57cc-425b-90ef-9bcaa62a7535@group-7704A457760D, cid=636, SUCCESS, logIndex=1106, commits[0c156e3c-57cc-425b-90ef-9bcaa62a7535:c1107]
2019-06-14 13:45:39,434 INFO  client.GrpcClientProtocolClient (GrpcClientProtocolClient.java:onNext(254)) - client-E0FA40453D59->0c156e3c-57cc-425b-90ef-9bcaa62a7535: receive RaftClientReply:client-E0FA40453D59->0c156e3c-57cc-425b-90ef-9bcaa62a7535@group-7704A457760D, cid=637, SUCCESS, logIndex=1108, commits[0c156e3c-57cc-425b-90ef-9bcaa62a7535:c1108]
2019-06-14 13:45:39,444 INFO  client.GrpcClientProtocolClient (GrpcClientProtocolClient.java:onNext(254)) - client-E0FA40453D59->0c156e3c-57cc-425b-90ef-9bcaa62a7535: receive RaftClientReply:client-E0FA40453D59->0c156e3c-57cc-425b-90ef-9bcaa62a7535@group-7704A457760D, cid=638, SUCCESS, logIndex=1110, commits[0c156e3c-57cc-425b-90ef-9bcaa62a7535:c1110]
2019-06-14 13:45:39,451 INFO  client.GrpcClientProtocolClient (GrpcClientProtocolClient.java:onNext(254)) - client-E0FA40453D59->0c156e3c-57cc-425b-90ef-9bcaa62a7535: receive RaftClientReply:client-E0FA40453D59->0c156e3c-57cc-425b-90ef-9bcaa62a7535@group-7704A457760D, cid=639, SUCCESS, logIndex=1111, commits[0c156e3c-57cc-425b-90ef-9bcaa62a7535:c1113]
2019-06-14 13:45:39,461 INFO  client.GrpcClientProtocolClient (GrpcClientProtocolClient.java:onNext(254)) - client-E0FA40453D59->0c156e3c-57cc-425b-90ef-9bcaa62a7535: receive RaftClientReply:client-E0FA40453D59->0c156e3c-57cc-425b-90ef-9bcaa62a7535@group-7704A457760D, cid=640, SUCCESS, logIndex=1113, commits[0c156e3c-57cc-425b-90ef-9bcaa62a7535:c1114]
2019-06-14 13:45:39,486 INFO  client.GrpcClientProtocolClient (GrpcClientProtocolClient.java:onNext(254)) - client-E0FA40453D59->0c156e3c-57cc-425b-90ef-9bcaa62a7535: receive RaftClientReply:client-E0FA40453D59->0c156e3c-57cc-425b-90ef-9bcaa62a7535@group-7704A457760D, cid=641, SUCCESS, logIndex=1115, commits[0c156e3c-57cc-425b-90ef-9bcaa62a7535:c1115]
2019-06-14 13:45:39,487 INFO  storage.RaftLogWorker (RaftLogWorker.java:rollLogSegment(303)) - 0c156e3c-57cc-425b-90ef-9bcaa62a7535-RaftLogWorker: Rolling segment log-1043_1117 to index:1117
2019-06-14 13:45:39,487 INFO  storage.RaftLogWorker (RaftLogWorker.java:execute(433)) - 0c156e3c-57cc-425b-90ef-9bcaa62a7535-RaftLogWorker: Rolled log segment from /opt/src/hadoop-ozone/integration-test/target/test-dir/MiniOzoneClusterImpl-8919240e-7e15-4dbf-8bf4-c210578586bb/datanode-0/data/ratis/1fc53845-3381-4beb-82f9-7704a457760d/current/log_inprogress_1043 to /opt/src/hadoop-ozone/integration-test/target/test-dir/MiniOzoneClusterImpl-8919240e-7e15-4dbf-8bf4-c210578586bb/datanode-0/data/ratis/1fc53845-3381-4beb-82f9-7704a457760d/current/log_1043-1117
2019-06-14 13:45:39,499 INFO  client.GrpcClientProtocolClient (GrpcClientProtocolClient.java:onNext(254)) - client-E0FA40453D59->0c156e3c-57cc-425b-90ef-9bcaa62a7535: receive RaftClientReply:client-E0FA40453D59->0c156e3c-57cc-425b-90ef-9bcaa62a7535@group-7704A457760D, cid=642, SUCCESS, logIndex=1117, commits[0c156e3c-57cc-425b-90ef-9bcaa62a7535:c1117]
2019-06-14 13:45:39,515 DEBUG block.SCMBlockDeletingService (SCMBlockDeletingService.java:call(138)) - Running DeletedBlockTransactionScanner
2019-06-14 13:45:39,518 DEBUG block.SCMBlockDeletingService (SCMBlockDeletingService.java:call(155)) - Scanned deleted blocks log and got 0 delTX to process.
2019-06-14 13:45:39,545 INFO  storage.RaftLogWorker (RaftLogWorker.java:execute(469)) - 0c156e3c-57cc-425b-90ef-9bcaa62a7535-RaftLogWorker: created new log segment /opt/src/hadoop-ozone/integration-test/target/test-dir/MiniOzoneClusterImpl-8919240e-7e15-4dbf-8bf4-c210578586bb/datanode-0/data/ratis/1fc53845-3381-4beb-82f9-7704a457760d/current/log_inprogress_1118
2019-06-14 13:45:39,551 INFO  client.GrpcClientProtocolClient (GrpcClientProtocolClient.java:onNext(254)) - client-E0FA40453D59->0c156e3c-57cc-425b-90ef-9bcaa62a7535: receive RaftClientReply:client-E0FA40453D59->0c156e3c-57cc-425b-90ef-9bcaa62a7535@group-7704A457760D, cid=643, SUCCESS, logIndex=1118, commits[0c156e3c-57cc-425b-90ef-9bcaa62a7535:c1120]
2019-06-14 13:45:39,552 INFO  client.GrpcClientProtocolClient (GrpcClientProtocolClient.java:onNext(254)) - client-E0FA40453D59->0c156e3c-57cc-425b-90ef-9bcaa62a7535: receive RaftClientReply:client-E0FA40453D59->0c156e3c-57cc-425b-90ef-9bcaa62a7535@group-7704A457760D, cid=644, SUCCESS, logIndex=1119, commits[0c156e3c-57cc-425b-90ef-9bcaa62a7535:c1120]
2019-06-14 13:45:39,575 INFO  client.GrpcClientProtocolClient (GrpcClientProtocolClient.java:onNext(254)) - client-E0FA40453D59->0c156e3c-57cc-425b-90ef-9bcaa62a7535: receive RaftClientReply:client-E0FA40453D59->0c156e3c-57cc-425b-90ef-9bcaa62a7535@group-7704A457760D, cid=645, SUCCESS, logIndex=1121, commits[0c156e3c-57cc-425b-90ef-9bcaa62a7535:c1121]
2019-06-14 13:45:39,584 INFO  client.GrpcClientProtocolClient (GrpcClientProtocolClient.java:onNext(254)) - client-E0FA40453D59->0c156e3c-57cc-425b-90ef-9bcaa62a7535: receive RaftClientReply:client-E0FA40453D59->0c156e3c-57cc-425b-90ef-9bcaa62a7535@group-7704A457760D, cid=646, SUCCESS, logIndex=1123, commits[0c156e3c-57cc-425b-90ef-9bcaa62a7535:c1123]
2019-06-14 13:45:39,595 INFO  client.GrpcClientProtocolClient (GrpcClientProtocolClient.java:onNext(254)) - client-E0FA40453D59->0c156e3c-57cc-425b-90ef-9bcaa62a7535: receive RaftClientReply:client-E0FA40453D59->0c156e3c-57cc-425b-90ef-9bcaa62a7535@group-7704A457760D, cid=647, SUCCESS, logIndex=1124, commits[0c156e3c-57cc-425b-90ef-9bcaa62a7535:c1126]
2019-06-14 13:45:39,596 INFO  client.GrpcClientProtocolClient (GrpcClientProtocolClient.java:onNext(254)) - client-E0FA40453D59->0c156e3c-57cc-425b-90ef-9bcaa62a7535: receive RaftClientReply:client-E0FA40453D59->0c156e3c-57cc-425b-90ef-9bcaa62a7535@group-7704A457760D, cid=648, SUCCESS, logIndex=1125, commits[0c156e3c-57cc-425b-90ef-9bcaa62a7535:c1126]
2019-06-14 13:45:39,618 DEBUG block.SCMBlockDeletingService (SCMBlockDeletingService.java:call(138)) - Running DeletedBlockTransactionScanner
2019-06-14 13:45:39,618 DEBUG block.SCMBlockDeletingService (SCMBlockDeletingService.java:call(155)) - Scanned deleted blocks log and got 0 delTX to process.
2019-06-14 13:45:39,627 INFO  client.GrpcClientProtocolClient (GrpcClientProtocolClient.java:onNext(254)) - client-E0FA40453D59->0c156e3c-57cc-425b-90ef-9bcaa62a7535: receive RaftClientReply:client-E0FA40453D59->0c156e3c-57cc-425b-90ef-9bcaa62a7535@group-7704A457760D, cid=649, SUCCESS, logIndex=1127, commits[0c156e3c-57cc-425b-90ef-9bcaa62a7535:c1127]
2019-06-14 13:45:39,657 INFO  client.GrpcClientProtocolClient (GrpcClientProtocolClient.java:onNext(254)) - client-E0FA40453D59->0c156e3c-57cc-425b-90ef-9bcaa62a7535: receive RaftClientReply:client-E0FA40453D59->0c156e3c-57cc-425b-90ef-9bcaa62a7535@group-7704A457760D, cid=650, SUCCESS, logIndex=1129, commits[0c156e3c-57cc-425b-90ef-9bcaa62a7535:c1129]
2019-06-14 13:45:39,657 INFO  client.GrpcClientProtocolClient (GrpcClientProtocolClient.java:onNext(254)) - client-E0FA40453D59->0c156e3c-57cc-425b-90ef-9bcaa62a7535: receive RaftClientReply:client-E0FA40453D59->0c156e3c-57cc-425b-90ef-9bcaa62a7535@group-7704A457760D, cid=651, SUCCESS, logIndex=1130, commits[0c156e3c-57cc-425b-90ef-9bcaa62a7535:c1132]
2019-06-14 13:45:39,658 INFO  client.GrpcClientProtocolClient (GrpcClientProtocolClient.java:onNext(254)) - client-E0FA40453D59->0c156e3c-57cc-425b-90ef-9bcaa62a7535: receive RaftClientReply:client-E0FA40453D59->0c156e3c-57cc-425b-90ef-9bcaa62a7535@group-7704A457760D, cid=652, SUCCESS, logIndex=1131, commits[0c156e3c-57cc-425b-90ef-9bcaa62a7535:c1132]
2019-06-14 13:45:39,675 INFO  client.GrpcClientProtocolClient (GrpcClientProtocolClient.java:onNext(254)) - client-E0FA40453D59->0c156e3c-57cc-425b-90ef-9bcaa62a7535: receive RaftClientReply:client-E0FA40453D59->0c156e3c-57cc-425b-90ef-9bcaa62a7535@group-7704A457760D, cid=653, SUCCESS, logIndex=1133, commits[0c156e3c-57cc-425b-90ef-9bcaa62a7535:c1133]
2019-06-14 13:45:39,679 INFO  client.GrpcClientProtocolClient (GrpcClientProtocolClient.java:onNext(254)) - client-E0FA40453D59->0c156e3c-57cc-425b-90ef-9bcaa62a7535: receive RaftClientReply:client-E0FA40453D59->0c156e3c-57cc-425b-90ef-9bcaa62a7535@group-7704A457760D, cid=654, SUCCESS, logIndex=1135, commits[0c156e3c-57cc-425b-90ef-9bcaa62a7535:c1135]
2019-06-14 13:45:39,681 INFO  client.GrpcClientProtocolClient (GrpcClientProtocolClient.java:onNext(254)) - client-E0FA40453D59->0c156e3c-57cc-425b-90ef-9bcaa62a7535: receive RaftClientReply:client-E0FA40453D59->0c156e3c-57cc-425b-90ef-9bcaa62a7535@group-7704A457760D, cid=655, SUCCESS, logIndex=1136, commits[0c156e3c-57cc-425b-90ef-9bcaa62a7535:c1137]
2019-06-14 13:45:39,690 INFO  client.GrpcClientProtocolClient (GrpcClientProtocolClient.java:onNext(254)) - client-E0FA40453D59->0c156e3c-57cc-425b-90ef-9bcaa62a7535: receive RaftClientReply:client-E0FA40453D59->0c156e3c-57cc-425b-90ef-9bcaa62a7535@group-7704A457760D, cid=656, SUCCESS, logIndex=1137, commits[0c156e3c-57cc-425b-90ef-9bcaa62a7535:c1137]
2019-06-14 13:45:39,722 DEBUG block.SCMBlockDeletingService (SCMBlockDeletingService.java:call(138)) - Running DeletedBlockTransactionScanner
2019-06-14 13:45:39,722 DEBUG block.SCMBlockDeletingService (SCMBlockDeletingService.java:call(155)) - Scanned deleted blocks log and got 0 delTX to process.
2019-06-14 13:45:39,737 INFO  client.GrpcClientProtocolClient (GrpcClientProtocolClient.java:onNext(254)) - client-E0FA40453D59->0c156e3c-57cc-425b-90ef-9bcaa62a7535: receive RaftClientReply:client-E0FA40453D59->0c156e3c-57cc-425b-90ef-9bcaa62a7535@group-7704A457760D, cid=657, SUCCESS, logIndex=1140, commits[0c156e3c-57cc-425b-90ef-9bcaa62a7535:c1140]
2019-06-14 13:45:39,747 INFO  client.GrpcClientProtocolClient (GrpcClientProtocolClient.java:onNext(254)) - client-E0FA40453D59->0c156e3c-57cc-425b-90ef-9bcaa62a7535: receive RaftClientReply:client-E0FA40453D59->0c156e3c-57cc-425b-90ef-9bcaa62a7535@group-7704A457760D, cid=658, SUCCESS, logIndex=1142, commits[0c156e3c-57cc-425b-90ef-9bcaa62a7535:c1142]
2019-06-14 13:45:39,758 INFO  client.GrpcClientProtocolClient (GrpcClientProtocolClient.java:onNext(254)) - client-E0FA40453D59->0c156e3c-57cc-425b-90ef-9bcaa62a7535: receive RaftClientReply:client-E0FA40453D59->0c156e3c-57cc-425b-90ef-9bcaa62a7535@group-7704A457760D, cid=659, SUCCESS, logIndex=1143, commits[0c156e3c-57cc-425b-90ef-9bcaa62a7535:c1144]
2019-06-14 13:45:39,759 INFO  client.GrpcClientProtocolClient (GrpcClientProtocolClient.java:onNext(254)) - client-E0FA40453D59->0c156e3c-57cc-425b-90ef-9bcaa62a7535: receive RaftClientReply:client-E0FA40453D59->0c156e3c-57cc-425b-90ef-9bcaa62a7535@group-7704A457760D, cid=660, SUCCESS, logIndex=1144, commits[0c156e3c-57cc-425b-90ef-9bcaa62a7535:c1144]
2019-06-14 13:45:39,826 DEBUG block.SCMBlockDeletingService (SCMBlockDeletingService.java:call(138)) - Running DeletedBlockTransactionScanner
2019-06-14 13:45:39,827 DEBUG block.SCMBlockDeletingService (SCMBlockDeletingService.java:call(155)) - Scanned deleted blocks log and got 0 delTX to process.
2019-06-14 13:45:39,835 INFO  client.GrpcClientProtocolClient (GrpcClientProtocolClient.java:onNext(254)) - client-E0FA40453D59->0c156e3c-57cc-425b-90ef-9bcaa62a7535: receive RaftClientReply:client-E0FA40453D59->0c156e3c-57cc-425b-90ef-9bcaa62a7535@group-7704A457760D, cid=661, SUCCESS, logIndex=1147, commits[0c156e3c-57cc-425b-90ef-9bcaa62a7535:c1147]
2019-06-14 13:45:39,835 INFO  client.GrpcClientProtocolClient (GrpcClientProtocolClient.java:onNext(254)) - client-E0FA40453D59->0c156e3c-57cc-425b-90ef-9bcaa62a7535: receive RaftClientReply:client-E0FA40453D59->0c156e3c-57cc-425b-90ef-9bcaa62a7535@group-7704A457760D, cid=662, SUCCESS, logIndex=1149, commits[0c156e3c-57cc-425b-90ef-9bcaa62a7535:c1149]
2019-06-14 13:45:39,927 DEBUG block.SCMBlockDeletingService (SCMBlockDeletingService.java:call(138)) - Running DeletedBlockTransactionScanner
2019-06-14 13:45:39,928 DEBUG block.SCMBlockDeletingService (SCMBlockDeletingService.java:call(155)) - Scanned deleted blocks log and got 0 delTX to process.
2019-06-14 13:45:40,028 DEBUG block.SCMBlockDeletingService (SCMBlockDeletingService.java:call(138)) - Running DeletedBlockTransactionScanner
2019-06-14 13:45:40,028 DEBUG block.SCMBlockDeletingService (SCMBlockDeletingService.java:call(155)) - Scanned deleted blocks log and got 0 delTX to process.
2019-06-14 13:45:40,128 DEBUG block.SCMBlockDeletingService (SCMBlockDeletingService.java:call(138)) - Running DeletedBlockTransactionScanner
2019-06-14 13:45:40,129 DEBUG block.SCMBlockDeletingService (SCMBlockDeletingService.java:call(155)) - Scanned deleted blocks log and got 0 delTX to process.
2019-06-14 13:45:40,136 INFO  client.GrpcClientProtocolClient (GrpcClientProtocolClient.java:onNext(254)) - client-E0FA40453D59->0c156e3c-57cc-425b-90ef-9bcaa62a7535: receive RaftClientReply:client-E0FA40453D59->0c156e3c-57cc-425b-90ef-9bcaa62a7535@group-7704A457760D, cid=663, SUCCESS, logIndex=1151, commits[0c156e3c-57cc-425b-90ef-9bcaa62a7535:c1151]
2019-06-14 13:45:40,168 INFO  client.GrpcClientProtocolClient (GrpcClientProtocolClient.java:onNext(254)) - client-E0FA40453D59->0c156e3c-57cc-425b-90ef-9bcaa62a7535: receive RaftClientReply:client-E0FA40453D59->0c156e3c-57cc-425b-90ef-9bcaa62a7535@group-7704A457760D, cid=664, SUCCESS, logIndex=1153, commits[0c156e3c-57cc-425b-90ef-9bcaa62a7535:c1153]
2019-06-14 13:45:40,202 INFO  client.GrpcClientProtocolClient (GrpcClientProtocolClient.java:onNext(254)) - client-E0FA40453D59->0c156e3c-57cc-425b-90ef-9bcaa62a7535: receive RaftClientReply:client-E0FA40453D59->0c156e3c-57cc-425b-90ef-9bcaa62a7535@group-7704A457760D, cid=665, SUCCESS, logIndex=1155, commits[0c156e3c-57cc-425b-90ef-9bcaa62a7535:c1155]
2019-06-14 13:45:40,210 INFO  client.GrpcClientProtocolClient (GrpcClientProtocolClient.java:onNext(254)) - client-E0FA40453D59->0c156e3c-57cc-425b-90ef-9bcaa62a7535: receive RaftClientReply:client-E0FA40453D59->0c156e3c-57cc-425b-90ef-9bcaa62a7535@group-7704A457760D, cid=666, SUCCESS, logIndex=1157, commits[0c156e3c-57cc-425b-90ef-9bcaa62a7535:c1159]
2019-06-14 13:45:40,218 INFO  client.GrpcClientProtocolClient (GrpcClientProtocolClient.java:onNext(254)) - client-E0FA40453D59->0c156e3c-57cc-425b-90ef-9bcaa62a7535: receive RaftClientReply:client-E0FA40453D59->0c156e3c-57cc-425b-90ef-9bcaa62a7535@group-7704A457760D, cid=667, SUCCESS, logIndex=1158, commits[0c156e3c-57cc-425b-90ef-9bcaa62a7535:c1159]
2019-06-14 13:45:40,219 INFO  client.GrpcClientProtocolClient (GrpcClientProtocolClient.java:onNext(254)) - client-E0FA40453D59->0c156e3c-57cc-425b-90ef-9bcaa62a7535: receive RaftClientReply:client-E0FA40453D59->0c156e3c-57cc-425b-90ef-9bcaa62a7535@group-7704A457760D, cid=668, SUCCESS, logIndex=1159, commits[0c156e3c-57cc-425b-90ef-9bcaa62a7535:c1159]
2019-06-14 13:45:40,229 INFO  client.GrpcClientProtocolClient (GrpcClientProtocolClient.java:onNext(254)) - client-E0FA40453D59->0c156e3c-57cc-425b-90ef-9bcaa62a7535: receive RaftClientReply:client-E0FA40453D59->0c156e3c-57cc-425b-90ef-9bcaa62a7535@group-7704A457760D, cid=669, SUCCESS, logIndex=1161, commits[0c156e3c-57cc-425b-90ef-9bcaa62a7535:c1161]
2019-06-14 13:45:40,234 INFO  client.GrpcClientProtocolClient (GrpcClientProtocolClient.java:onNext(254)) - client-E0FA40453D59->0c156e3c-57cc-425b-90ef-9bcaa62a7535: receive RaftClientReply:client-E0FA40453D59->0c156e3c-57cc-425b-90ef-9bcaa62a7535@group-7704A457760D, cid=670, SUCCESS, logIndex=1163, commits[0c156e3c-57cc-425b-90ef-9bcaa62a7535:c1163]
2019-06-14 13:45:40,234 DEBUG block.SCMBlockDeletingService (SCMBlockDeletingService.java:call(138)) - Running DeletedBlockTransactionScanner
2019-06-14 13:45:40,234 DEBUG block.SCMBlockDeletingService (SCMBlockDeletingService.java:call(155)) - Scanned deleted blocks log and got 0 delTX to process.
2019-06-14 13:45:40,235 INFO  client.GrpcClientProtocolClient (GrpcClientProtocolClient.java:onNext(254)) - client-E0FA40453D59->0c156e3c-57cc-425b-90ef-9bcaa62a7535: receive RaftClientReply:client-E0FA40453D59->0c156e3c-57cc-425b-90ef-9bcaa62a7535@group-7704A457760D, cid=671, SUCCESS, logIndex=1164, commits[0c156e3c-57cc-425b-90ef-9bcaa62a7535:c1166]
2019-06-14 13:45:40,235 INFO  client.GrpcClientProtocolClient (GrpcClientProtocolClient.java:onNext(254)) - client-E0FA40453D59->0c156e3c-57cc-425b-90ef-9bcaa62a7535: receive RaftClientReply:client-E0FA40453D59->0c156e3c-57cc-425b-90ef-9bcaa62a7535@group-7704A457760D, cid=672, SUCCESS, logIndex=1166, commits[0c156e3c-57cc-425b-90ef-9bcaa62a7535:c1167]
2019-06-14 13:45:40,248 INFO  client.GrpcClientProtocolClient (GrpcClientProtocolClient.java:onNext(254)) - client-E0FA40453D59->0c156e3c-57cc-425b-90ef-9bcaa62a7535: receive RaftClientReply:client-E0FA40453D59->0c156e3c-57cc-425b-90ef-9bcaa62a7535@group-7704A457760D, cid=673, SUCCESS, logIndex=1168, commits[0c156e3c-57cc-425b-90ef-9bcaa62a7535:c1168]
2019-06-14 13:45:40,250 INFO  client.GrpcClientProtocolClient (GrpcClientProtocolClient.java:onNext(254)) - client-E0FA40453D59->0c156e3c-57cc-425b-90ef-9bcaa62a7535: receive RaftClientReply:client-E0FA40453D59->0c156e3c-57cc-425b-90ef-9bcaa62a7535@group-7704A457760D, cid=674, SUCCESS, logIndex=1170, commits[0c156e3c-57cc-425b-90ef-9bcaa62a7535:c1170]
2019-06-14 13:45:40,254 INFO  client.GrpcClientProtocolClient (GrpcClientProtocolClient.java:onNext(254)) - client-E0FA40453D59->0c156e3c-57cc-425b-90ef-9bcaa62a7535: receive RaftClientReply:client-E0FA40453D59->0c156e3c-57cc-425b-90ef-9bcaa62a7535@group-7704A457760D, cid=675, SUCCESS, logIndex=1172, commits[0c156e3c-57cc-425b-90ef-9bcaa62a7535:c1173]
2019-06-14 13:45:40,258 INFO  client.GrpcClientProtocolClient (GrpcClientProtocolClient.java:onNext(254)) - client-E0FA40453D59->0c156e3c-57cc-425b-90ef-9bcaa62a7535: receive RaftClientReply:client-E0FA40453D59->0c156e3c-57cc-425b-90ef-9bcaa62a7535@group-7704A457760D, cid=676, SUCCESS, logIndex=1173, commits[0c156e3c-57cc-425b-90ef-9bcaa62a7535:c1173]
2019-06-14 13:45:40,274 INFO  client.GrpcClientProtocolClient (GrpcClientProtocolClient.java:onNext(254)) - client-E0FA40453D59->0c156e3c-57cc-425b-90ef-9bcaa62a7535: receive RaftClientReply:client-E0FA40453D59->0c156e3c-57cc-425b-90ef-9bcaa62a7535@group-7704A457760D, cid=677, SUCCESS, logIndex=1175, commits[0c156e3c-57cc-425b-90ef-9bcaa62a7535:c1176]
2019-06-14 13:45:40,278 INFO  client.GrpcClientProtocolClient (GrpcClientProtocolClient.java:onNext(254)) - client-E0FA40453D59->0c156e3c-57cc-425b-90ef-9bcaa62a7535: receive RaftClientReply:client-E0FA40453D59->0c156e3c-57cc-425b-90ef-9bcaa62a7535@group-7704A457760D, cid=678, SUCCESS, logIndex=1177, commits[0c156e3c-57cc-425b-90ef-9bcaa62a7535:c1177]
2019-06-14 13:45:40,279 INFO  client.GrpcClientProtocolClient (GrpcClientProtocolClient.java:onNext(254)) - client-E0FA40453D59->0c156e3c-57cc-425b-90ef-9bcaa62a7535: receive RaftClientReply:client-E0FA40453D59->0c156e3c-57cc-425b-90ef-9bcaa62a7535@group-7704A457760D, cid=679, SUCCESS, logIndex=1178, commits[0c156e3c-57cc-425b-90ef-9bcaa62a7535:c1179]
2019-06-14 13:45:40,279 INFO  client.GrpcClientProtocolClient (GrpcClientProtocolClient.java:onNext(254)) - client-E0FA40453D59->0c156e3c-57cc-425b-90ef-9bcaa62a7535: receive RaftClientReply:client-E0FA40453D59->0c156e3c-57cc-425b-90ef-9bcaa62a7535@group-7704A457760D, cid=680, SUCCESS, logIndex=1179, commits[0c156e3c-57cc-425b-90ef-9bcaa62a7535:c1180]
2019-06-14 13:45:40,311 INFO  client.GrpcClientProtocolClient (GrpcClientProtocolClient.java:onNext(254)) - client-E0FA40453D59->0c156e3c-57cc-425b-90ef-9bcaa62a7535: receive RaftClientReply:client-E0FA40453D59->0c156e3c-57cc-425b-90ef-9bcaa62a7535@group-7704A457760D, cid=681, SUCCESS, logIndex=1182, commits[0c156e3c-57cc-425b-90ef-9bcaa62a7535:c1182]
2019-06-14 13:45:40,318 INFO  client.GrpcClientProtocolClient (GrpcClientProtocolClient.java:onNext(254)) - client-E0FA40453D59->0c156e3c-57cc-425b-90ef-9bcaa62a7535: receive RaftClientReply:client-E0FA40453D59->0c156e3c-57cc-425b-90ef-9bcaa62a7535@group-7704A457760D, cid=682, SUCCESS, logIndex=1184, commits[0c156e3c-57cc-425b-90ef-9bcaa62a7535:c1184]
2019-06-14 13:45:40,319 INFO  client.GrpcClientProtocolClient (GrpcClientProtocolClient.java:onNext(254)) - client-E0FA40453D59->0c156e3c-57cc-425b-90ef-9bcaa62a7535: receive RaftClientReply:client-E0FA40453D59->0c156e3c-57cc-425b-90ef-9bcaa62a7535@group-7704A457760D, cid=683, SUCCESS, logIndex=1185, commits[0c156e3c-57cc-425b-90ef-9bcaa62a7535:c1186]
2019-06-14 13:45:40,319 INFO  client.GrpcClientProtocolClient (GrpcClientProtocolClient.java:onNext(254)) - client-E0FA40453D59->0c156e3c-57cc-425b-90ef-9bcaa62a7535: receive RaftClientReply:client-E0FA40453D59->0c156e3c-57cc-425b-90ef-9bcaa62a7535@group-7704A457760D, cid=684, SUCCESS, logIndex=1186, commits[0c156e3c-57cc-425b-90ef-9bcaa62a7535:c1186]
2019-06-14 13:45:40,333 INFO  client.GrpcClientProtocolClient (GrpcClientProtocolClient.java:onNext(254)) - client-E0FA40453D59->0c156e3c-57cc-425b-90ef-9bcaa62a7535: receive RaftClientReply:client-E0FA40453D59->0c156e3c-57cc-425b-90ef-9bcaa62a7535@group-7704A457760D, cid=685, SUCCESS, logIndex=1189, commits[0c156e3c-57cc-425b-90ef-9bcaa62a7535:c1189]
2019-06-14 13:45:40,333 INFO  storage.RaftLogWorker (RaftLogWorker.java:rollLogSegment(303)) - 0c156e3c-57cc-425b-90ef-9bcaa62a7535-RaftLogWorker: Rolling segment log-1118_1190 to index:1190
2019-06-14 13:45:40,333 INFO  storage.RaftLogWorker (RaftLogWorker.java:execute(433)) - 0c156e3c-57cc-425b-90ef-9bcaa62a7535-RaftLogWorker: Rolled log segment from /opt/src/hadoop-ozone/integration-test/target/test-dir/MiniOzoneClusterImpl-8919240e-7e15-4dbf-8bf4-c210578586bb/datanode-0/data/ratis/1fc53845-3381-4beb-82f9-7704a457760d/current/log_inprogress_1118 to /opt/src/hadoop-ozone/integration-test/target/test-dir/MiniOzoneClusterImpl-8919240e-7e15-4dbf-8bf4-c210578586bb/datanode-0/data/ratis/1fc53845-3381-4beb-82f9-7704a457760d/current/log_1118-1190
2019-06-14 13:45:40,334 DEBUG block.SCMBlockDeletingService (SCMBlockDeletingService.java:call(138)) - Running DeletedBlockTransactionScanner
2019-06-14 13:45:40,335 DEBUG block.SCMBlockDeletingService (SCMBlockDeletingService.java:call(155)) - Scanned deleted blocks log and got 0 delTX to process.
2019-06-14 13:45:40,379 INFO  storage.RaftLogWorker (RaftLogWorker.java:execute(469)) - 0c156e3c-57cc-425b-90ef-9bcaa62a7535-RaftLogWorker: created new log segment /opt/src/hadoop-ozone/integration-test/target/test-dir/MiniOzoneClusterImpl-8919240e-7e15-4dbf-8bf4-c210578586bb/datanode-0/data/ratis/1fc53845-3381-4beb-82f9-7704a457760d/current/log_inprogress_1191
2019-06-14 13:45:40,382 INFO  client.GrpcClientProtocolClient (GrpcClientProtocolClient.java:onNext(254)) - client-E0FA40453D59->0c156e3c-57cc-425b-90ef-9bcaa62a7535: receive RaftClientReply:client-E0FA40453D59->0c156e3c-57cc-425b-90ef-9bcaa62a7535@group-7704A457760D, cid=686, SUCCESS, logIndex=1191, commits[0c156e3c-57cc-425b-90ef-9bcaa62a7535:c1193]
2019-06-14 13:45:40,384 INFO  client.GrpcClientProtocolClient (GrpcClientProtocolClient.java:onNext(254)) - client-E0FA40453D59->0c156e3c-57cc-425b-90ef-9bcaa62a7535: receive RaftClientReply:client-E0FA40453D59->0c156e3c-57cc-425b-90ef-9bcaa62a7535@group-7704A457760D, cid=687, SUCCESS, logIndex=1192, commits[0c156e3c-57cc-425b-90ef-9bcaa62a7535:c1193]
2019-06-14 13:45:40,385 INFO  client.GrpcClientProtocolClient (GrpcClientProtocolClient.java:onNext(254)) - client-E0FA40453D59->0c156e3c-57cc-425b-90ef-9bcaa62a7535: receive RaftClientReply:client-E0FA40453D59->0c156e3c-57cc-425b-90ef-9bcaa62a7535@group-7704A457760D, cid=688, SUCCESS, logIndex=1193, commits[0c156e3c-57cc-425b-90ef-9bcaa62a7535:c1193]
2019-06-14 13:45:40,414 INFO  client.GrpcClientProtocolClient (GrpcClientProtocolClient.java:onNext(254)) - client-E0FA40453D59->0c156e3c-57cc-425b-90ef-9bcaa62a7535: receive RaftClientReply:client-E0FA40453D59->0c156e3c-57cc-425b-90ef-9bcaa62a7535@group-7704A457760D, cid=689, SUCCESS, logIndex=1195, commits[0c156e3c-57cc-425b-90ef-9bcaa62a7535:c1195]
2019-06-14 13:45:40,420 INFO  client.GrpcClientProtocolClient (GrpcClientProtocolClient.java:onNext(254)) - client-E0FA40453D59->0c156e3c-57cc-425b-90ef-9bcaa62a7535: receive RaftClientReply:client-E0FA40453D59->0c156e3c-57cc-425b-90ef-9bcaa62a7535@group-7704A457760D, cid=690, SUCCESS, logIndex=1197, commits[0c156e3c-57cc-425b-90ef-9bcaa62a7535:c1199]
2019-06-14 13:45:40,422 INFO  client.GrpcClientProtocolClient (GrpcClientProtocolClient.java:onNext(254)) - client-E0FA40453D59->0c156e3c-57cc-425b-90ef-9bcaa62a7535: receive RaftClientReply:client-E0FA40453D59->0c156e3c-57cc-425b-90ef-9bcaa62a7535@group-7704A457760D, cid=691, SUCCESS, logIndex=1198, commits[0c156e3c-57cc-425b-90ef-9bcaa62a7535:c1199]
2019-06-14 13:45:40,422 INFO  client.GrpcClientProtocolClient (GrpcClientProtocolClient.java:onNext(254)) - client-E0FA40453D59->0c156e3c-57cc-425b-90ef-9bcaa62a7535: receive RaftClientReply:client-E0FA40453D59->0c156e3c-57cc-425b-90ef-9bcaa62a7535@group-7704A457760D, cid=692, SUCCESS, logIndex=1199, commits[0c156e3c-57cc-425b-90ef-9bcaa62a7535:c1199]
2019-06-14 13:45:40,435 DEBUG block.SCMBlockDeletingService (SCMBlockDeletingService.java:call(138)) - Running DeletedBlockTransactionScanner
2019-06-14 13:45:40,435 DEBUG block.SCMBlockDeletingService (SCMBlockDeletingService.java:call(155)) - Scanned deleted blocks log and got 0 delTX to process.
2019-06-14 13:45:40,435 INFO  client.GrpcClientProtocolClient (GrpcClientProtocolClient.java:onNext(254)) - client-E0FA40453D59->0c156e3c-57cc-425b-90ef-9bcaa62a7535: receive RaftClientReply:client-E0FA40453D59->0c156e3c-57cc-425b-90ef-9bcaa62a7535@group-7704A457760D, cid=693, SUCCESS, logIndex=1201, commits[0c156e3c-57cc-425b-90ef-9bcaa62a7535:c1201]
2019-06-14 13:45:40,439 INFO  client.GrpcClientProtocolClient (GrpcClientProtocolClient.java:onNext(254)) - client-E0FA40453D59->0c156e3c-57cc-425b-90ef-9bcaa62a7535: receive RaftClientReply:client-E0FA40453D59->0c156e3c-57cc-425b-90ef-9bcaa62a7535@group-7704A457760D, cid=694, SUCCESS, logIndex=1203, commits[0c156e3c-57cc-425b-90ef-9bcaa62a7535:c1203]
2019-06-14 13:45:40,441 INFO  client.GrpcClientProtocolClient (GrpcClientProtocolClient.java:onNext(254)) - client-E0FA40453D59->0c156e3c-57cc-425b-90ef-9bcaa62a7535: receive RaftClientReply:client-E0FA40453D59->0c156e3c-57cc-425b-90ef-9bcaa62a7535@group-7704A457760D, cid=695, SUCCESS, logIndex=1204, commits[0c156e3c-57cc-425b-90ef-9bcaa62a7535:c1205]
2019-06-14 13:45:40,442 INFO  client.GrpcClientProtocolClient (GrpcClientProtocolClient.java:onNext(254)) - client-E0FA40453D59->0c156e3c-57cc-425b-90ef-9bcaa62a7535: receive RaftClientReply:client-E0FA40453D59->0c156e3c-57cc-425b-90ef-9bcaa62a7535@group-7704A457760D, cid=696, SUCCESS, logIndex=1206, commits[0c156e3c-57cc-425b-90ef-9bcaa62a7535:c1206]
2019-06-14 13:45:40,462 INFO  client.GrpcClientProtocolClient (GrpcClientProtocolClient.java:onNext(254)) - client-E0FA40453D59->0c156e3c-57cc-425b-90ef-9bcaa62a7535: receive RaftClientReply:client-E0FA40453D59->0c156e3c-57cc-425b-90ef-9bcaa62a7535@group-7704A457760D, cid=697, SUCCESS, logIndex=1208, commits[0c156e3c-57cc-425b-90ef-9bcaa62a7535:c1208]
2019-06-14 13:45:40,466 INFO  client.GrpcClientProtocolClient (GrpcClientProtocolClient.java:onNext(254)) - client-E0FA40453D59->0c156e3c-57cc-425b-90ef-9bcaa62a7535: receive RaftClientReply:client-E0FA40453D59->0c156e3c-57cc-425b-90ef-9bcaa62a7535@group-7704A457760D, cid=698, SUCCESS, logIndex=1210, commits[0c156e3c-57cc-425b-90ef-9bcaa62a7535:c1214]
2019-06-14 13:45:40,467 INFO  client.GrpcClientProtocolClient (GrpcClientProtocolClient.java:onNext(254)) - client-E0FA40453D59->0c156e3c-57cc-425b-90ef-9bcaa62a7535: receive RaftClientReply:client-E0FA40453D59->0c156e3c-57cc-425b-90ef-9bcaa62a7535@group-7704A457760D, cid=699, SUCCESS, logIndex=1211, commits[0c156e3c-57cc-425b-90ef-9bcaa62a7535:c1214]
2019-06-14 13:45:40,468 INFO  client.GrpcClientProtocolClient (GrpcClientProtocolClient.java:onNext(254)) - client-E0FA40453D59->0c156e3c-57cc-425b-90ef-9bcaa62a7535: receive RaftClientReply:client-E0FA40453D59->0c156e3c-57cc-425b-90ef-9bcaa62a7535@group-7704A457760D, cid=700, SUCCESS, logIndex=1213, commits[0c156e3c-57cc-425b-90ef-9bcaa62a7535:c1214]
2019-06-14 13:45:40,482 INFO  client.GrpcClientProtocolClient (GrpcClientProtocolClient.java:onNext(254)) - client-E0FA40453D59->0c156e3c-57cc-425b-90ef-9bcaa62a7535: receive RaftClientReply:client-E0FA40453D59->0c156e3c-57cc-425b-90ef-9bcaa62a7535@group-7704A457760D, cid=701, SUCCESS, logIndex=1215, commits[0c156e3c-57cc-425b-90ef-9bcaa62a7535:c1215]
2019-06-14 13:45:40,485 INFO  client.GrpcClientProtocolClient (GrpcClientProtocolClient.java:onNext(254)) - client-E0FA40453D59->0c156e3c-57cc-425b-90ef-9bcaa62a7535: receive RaftClientReply:client-E0FA40453D59->0c156e3c-57cc-425b-90ef-9bcaa62a7535@group-7704A457760D, cid=702, SUCCESS, logIndex=1217, commits[0c156e3c-57cc-425b-90ef-9bcaa62a7535:c1219]
2019-06-14 13:45:40,486 INFO  client.GrpcClientProtocolClient (GrpcClientProtocolClient.java:onNext(254)) - client-E0FA40453D59->0c156e3c-57cc-425b-90ef-9bcaa62a7535: receive RaftClientReply:client-E0FA40453D59->0c156e3c-57cc-425b-90ef-9bcaa62a7535@group-7704A457760D, cid=703, SUCCESS, logIndex=1218, commits[0c156e3c-57cc-425b-90ef-9bcaa62a7535:c1219]
2019-06-14 13:45:40,491 INFO  client.GrpcClientProtocolClient (GrpcClientProtocolClient.java:onNext(254)) - client-E0FA40453D59->0c156e3c-57cc-425b-90ef-9bcaa62a7535: receive RaftClientReply:client-E0FA40453D59->0c156e3c-57cc-425b-90ef-9bcaa62a7535@group-7704A457760D, cid=704, SUCCESS, logIndex=1220, commits[0c156e3c-57cc-425b-90ef-9bcaa62a7535:c1220]
2019-06-14 13:45:40,729 DEBUG block.SCMBlockDeletingService (SCMBlockDeletingService.java:call(138)) - Running DeletedBlockTransactionScanner
2019-06-14 13:45:40,729 DEBUG block.SCMBlockDeletingService (SCMBlockDeletingService.java:call(155)) - Scanned deleted blocks log and got 0 delTX to process.
2019-06-14 13:45:40,750 INFO  client.GrpcClientProtocolClient (GrpcClientProtocolClient.java:onNext(254)) - client-E0FA40453D59->0c156e3c-57cc-425b-90ef-9bcaa62a7535: receive RaftClientReply:client-E0FA40453D59->0c156e3c-57cc-425b-90ef-9bcaa62a7535@group-7704A457760D, cid=705, SUCCESS, logIndex=1222, commits[0c156e3c-57cc-425b-90ef-9bcaa62a7535:c1222]
2019-06-14 13:45:40,752 INFO  client.GrpcClientProtocolClient (GrpcClientProtocolClient.java:onNext(254)) - client-E0FA40453D59->0c156e3c-57cc-425b-90ef-9bcaa62a7535: receive RaftClientReply:client-E0FA40453D59->0c156e3c-57cc-425b-90ef-9bcaa62a7535@group-7704A457760D, cid=706, SUCCESS, logIndex=1224, commits[0c156e3c-57cc-425b-90ef-9bcaa62a7535:c1224]
2019-06-14 13:45:40,830 DEBUG block.SCMBlockDeletingService (SCMBlockDeletingService.java:call(138)) - Running DeletedBlockTransactionScanner
2019-06-14 13:45:40,830 DEBUG block.SCMBlockDeletingService (SCMBlockDeletingService.java:call(155)) - Scanned deleted blocks log and got 0 delTX to process.
2019-06-14 13:45:40,833 INFO  client.GrpcClientProtocolClient (GrpcClientProtocolClient.java:onNext(254)) - client-E0FA40453D59->0c156e3c-57cc-425b-90ef-9bcaa62a7535: receive RaftClientReply:client-E0FA40453D59->0c156e3c-57cc-425b-90ef-9bcaa62a7535@group-7704A457760D, cid=707, SUCCESS, logIndex=1226, commits[0c156e3c-57cc-425b-90ef-9bcaa62a7535:c1226]
2019-06-14 13:45:40,835 INFO  client.GrpcClientProtocolClient (GrpcClientProtocolClient.java:onNext(254)) - client-E0FA40453D59->0c156e3c-57cc-425b-90ef-9bcaa62a7535: receive RaftClientReply:client-E0FA40453D59->0c156e3c-57cc-425b-90ef-9bcaa62a7535@group-7704A457760D, cid=708, SUCCESS, logIndex=1228, commits[0c156e3c-57cc-425b-90ef-9bcaa62a7535:c1228]
2019-06-14 13:45:40,851 INFO  client.GrpcClientProtocolClient (GrpcClientProtocolClient.java:onNext(254)) - client-E0FA40453D59->0c156e3c-57cc-425b-90ef-9bcaa62a7535: receive RaftClientReply:client-E0FA40453D59->0c156e3c-57cc-425b-90ef-9bcaa62a7535@group-7704A457760D, cid=709, SUCCESS, logIndex=1230, commits[0c156e3c-57cc-425b-90ef-9bcaa62a7535:c1230]
2019-06-14 13:45:40,861 INFO  client.GrpcClientProtocolClient (GrpcClientProtocolClient.java:onNext(254)) - client-E0FA40453D59->0c156e3c-57cc-425b-90ef-9bcaa62a7535: receive RaftClientReply:client-E0FA40453D59->0c156e3c-57cc-425b-90ef-9bcaa62a7535@group-7704A457760D, cid=710, SUCCESS, logIndex=1232, commits[0c156e3c-57cc-425b-90ef-9bcaa62a7535:c1232]
2019-06-14 13:45:40,864 INFO  client.GrpcClientProtocolClient (GrpcClientProtocolClient.java:onNext(254)) - client-E0FA40453D59->0c156e3c-57cc-425b-90ef-9bcaa62a7535: receive RaftClientReply:client-E0FA40453D59->0c156e3c-57cc-425b-90ef-9bcaa62a7535@group-7704A457760D, cid=711, SUCCESS, logIndex=1233, commits[0c156e3c-57cc-425b-90ef-9bcaa62a7535:c1234]
2019-06-14 13:45:40,877 INFO  client.GrpcClientProtocolClient (GrpcClientProtocolClient.java:onNext(254)) - client-E0FA40453D59->0c156e3c-57cc-425b-90ef-9bcaa62a7535: receive RaftClientReply:client-E0FA40453D59->0c156e3c-57cc-425b-90ef-9bcaa62a7535@group-7704A457760D, cid=712, SUCCESS, logIndex=1234, commits[0c156e3c-57cc-425b-90ef-9bcaa62a7535:c1234]
2019-06-14 13:45:40,902 INFO  client.GrpcClientProtocolClient (GrpcClientProtocolClient.java:onNext(254)) - client-E0FA40453D59->0c156e3c-57cc-425b-90ef-9bcaa62a7535: receive RaftClientReply:client-E0FA40453D59->0c156e3c-57cc-425b-90ef-9bcaa62a7535@group-7704A457760D, cid=713, SUCCESS, logIndex=1237, commits[0c156e3c-57cc-425b-90ef-9bcaa62a7535:c1237]
2019-06-14 13:45:40,905 INFO  client.GrpcClientProtocolClient (GrpcClientProtocolClient.java:onNext(254)) - client-E0FA40453D59->0c156e3c-57cc-425b-90ef-9bcaa62a7535: receive RaftClientReply:client-E0FA40453D59->0c156e3c-57cc-425b-90ef-9bcaa62a7535@group-7704A457760D, cid=714, SUCCESS, logIndex=1239, commits[0c156e3c-57cc-425b-90ef-9bcaa62a7535:c1239]
2019-06-14 13:45:40,906 INFO  client.GrpcClientProtocolClient (GrpcClientProtocolClient.java:onNext(254)) - client-E0FA40453D59->0c156e3c-57cc-425b-90ef-9bcaa62a7535: receive RaftClientReply:client-E0FA40453D59->0c156e3c-57cc-425b-90ef-9bcaa62a7535@group-7704A457760D, cid=715, SUCCESS, logIndex=1240, commits[0c156e3c-57cc-425b-90ef-9bcaa62a7535:c1242]
2019-06-14 13:45:40,906 INFO  client.GrpcClientProtocolClient (GrpcClientProtocolClient.java:onNext(254)) - client-E0FA40453D59->0c156e3c-57cc-425b-90ef-9bcaa62a7535: receive RaftClientReply:client-E0FA40453D59->0c156e3c-57cc-425b-90ef-9bcaa62a7535@group-7704A457760D, cid=716, SUCCESS, logIndex=1241, commits[0c156e3c-57cc-425b-90ef-9bcaa62a7535:c1242]
2019-06-14 13:45:40,915 INFO  client.GrpcClientProtocolClient (GrpcClientProtocolClient.java:onNext(254)) - client-E0FA40453D59->0c156e3c-57cc-425b-90ef-9bcaa62a7535: receive RaftClientReply:client-E0FA40453D59->0c156e3c-57cc-425b-90ef-9bcaa62a7535@group-7704A457760D, cid=717, SUCCESS, logIndex=1243, commits[0c156e3c-57cc-425b-90ef-9bcaa62a7535:c1243]
2019-06-14 13:45:40,919 INFO  client.GrpcClientProtocolClient (GrpcClientProtocolClient.java:onNext(254)) - client-E0FA40453D59->0c156e3c-57cc-425b-90ef-9bcaa62a7535: receive RaftClientReply:client-E0FA40453D59->0c156e3c-57cc-425b-90ef-9bcaa62a7535@group-7704A457760D, cid=718, SUCCESS, logIndex=1245, commits[0c156e3c-57cc-425b-90ef-9bcaa62a7535:c1245]
2019-06-14 13:45:40,926 INFO  client.GrpcClientProtocolClient (GrpcClientProtocolClient.java:onNext(254)) - client-E0FA40453D59->0c156e3c-57cc-425b-90ef-9bcaa62a7535: receive RaftClientReply:client-E0FA40453D59->0c156e3c-57cc-425b-90ef-9bcaa62a7535@group-7704A457760D, cid=719, SUCCESS, logIndex=1247, commits[0c156e3c-57cc-425b-90ef-9bcaa62a7535:c1248]
2019-06-14 13:45:40,926 INFO  client.GrpcClientProtocolClient (GrpcClientProtocolClient.java:onNext(254)) - client-E0FA40453D59->0c156e3c-57cc-425b-90ef-9bcaa62a7535: receive RaftClientReply:client-E0FA40453D59->0c156e3c-57cc-425b-90ef-9bcaa62a7535@group-7704A457760D, cid=720, SUCCESS, logIndex=1248, commits[0c156e3c-57cc-425b-90ef-9bcaa62a7535:c1248]
2019-06-14 13:45:40,932 DEBUG block.SCMBlockDeletingService (SCMBlockDeletingService.java:call(138)) - Running DeletedBlockTransactionScanner
2019-06-14 13:45:40,933 DEBUG block.SCMBlockDeletingService (SCMBlockDeletingService.java:call(155)) - Scanned deleted blocks log and got 0 delTX to process.
2019-06-14 13:45:40,950 INFO  client.GrpcClientProtocolClient (GrpcClientProtocolClient.java:onNext(254)) - client-E0FA40453D59->0c156e3c-57cc-425b-90ef-9bcaa62a7535: receive RaftClientReply:client-E0FA40453D59->0c156e3c-57cc-425b-90ef-9bcaa62a7535@group-7704A457760D, cid=721, SUCCESS, logIndex=1250, commits[0c156e3c-57cc-425b-90ef-9bcaa62a7535:c1250]
2019-06-14 13:45:40,961 INFO  client.GrpcClientProtocolClient (GrpcClientProtocolClient.java:onNext(254)) - client-E0FA40453D59->0c156e3c-57cc-425b-90ef-9bcaa62a7535: receive RaftClientReply:client-E0FA40453D59->0c156e3c-57cc-425b-90ef-9bcaa62a7535@group-7704A457760D, cid=722, SUCCESS, logIndex=1252, commits[0c156e3c-57cc-425b-90ef-9bcaa62a7535:c1252]
2019-06-14 13:45:40,962 INFO  client.GrpcClientProtocolClient (GrpcClientProtocolClient.java:onNext(254)) - client-E0FA40453D59->0c156e3c-57cc-425b-90ef-9bcaa62a7535: receive RaftClientReply:client-E0FA40453D59->0c156e3c-57cc-425b-90ef-9bcaa62a7535@group-7704A457760D, cid=723, SUCCESS, logIndex=1253, commits[0c156e3c-57cc-425b-90ef-9bcaa62a7535:c1254]
2019-06-14 13:45:40,962 INFO  client.GrpcClientProtocolClient (GrpcClientProtocolClient.java:onNext(254)) - client-E0FA40453D59->0c156e3c-57cc-425b-90ef-9bcaa62a7535: receive RaftClientReply:client-E0FA40453D59->0c156e3c-57cc-425b-90ef-9bcaa62a7535@group-7704A457760D, cid=724, SUCCESS, logIndex=1255, commits[0c156e3c-57cc-425b-90ef-9bcaa62a7535:c1255]
2019-06-14 13:45:40,986 INFO  client.GrpcClientProtocolClient (GrpcClientProtocolClient.java:onNext(254)) - client-E0FA40453D59->0c156e3c-57cc-425b-90ef-9bcaa62a7535: receive RaftClientReply:client-E0FA40453D59->0c156e3c-57cc-425b-90ef-9bcaa62a7535@group-7704A457760D, cid=725, SUCCESS, logIndex=1257, commits[0c156e3c-57cc-425b-90ef-9bcaa62a7535:c1257]
2019-06-14 13:45:40,994 INFO  storage.RaftLogWorker (RaftLogWorker.java:rollLogSegment(303)) - 0c156e3c-57cc-425b-90ef-9bcaa62a7535-RaftLogWorker: Rolling segment log-1191_1262 to index:1262
2019-06-14 13:45:40,995 INFO  storage.RaftLogWorker (RaftLogWorker.java:execute(433)) - 0c156e3c-57cc-425b-90ef-9bcaa62a7535-RaftLogWorker: Rolled log segment from /opt/src/hadoop-ozone/integration-test/target/test-dir/MiniOzoneClusterImpl-8919240e-7e15-4dbf-8bf4-c210578586bb/datanode-0/data/ratis/1fc53845-3381-4beb-82f9-7704a457760d/current/log_inprogress_1191 to /opt/src/hadoop-ozone/integration-test/target/test-dir/MiniOzoneClusterImpl-8919240e-7e15-4dbf-8bf4-c210578586bb/datanode-0/data/ratis/1fc53845-3381-4beb-82f9-7704a457760d/current/log_1191-1262
2019-06-14 13:45:41,003 INFO  client.GrpcClientProtocolClient (GrpcClientProtocolClient.java:onNext(254)) - client-E0FA40453D59->0c156e3c-57cc-425b-90ef-9bcaa62a7535: receive RaftClientReply:client-E0FA40453D59->0c156e3c-57cc-425b-90ef-9bcaa62a7535@group-7704A457760D, cid=726, SUCCESS, logIndex=1259, commits[0c156e3c-57cc-425b-90ef-9bcaa62a7535:c1260]
2019-06-14 13:45:41,006 INFO  client.GrpcClientProtocolClient (GrpcClientProtocolClient.java:onNext(254)) - client-E0FA40453D59->0c156e3c-57cc-425b-90ef-9bcaa62a7535: receive RaftClientReply:client-E0FA40453D59->0c156e3c-57cc-425b-90ef-9bcaa62a7535@group-7704A457760D, cid=727, SUCCESS, logIndex=1260, commits[0c156e3c-57cc-425b-90ef-9bcaa62a7535:c1260]
2019-06-14 13:45:41,033 DEBUG block.SCMBlockDeletingService (SCMBlockDeletingService.java:call(138)) - Running DeletedBlockTransactionScanner
2019-06-14 13:45:41,042 DEBUG block.SCMBlockDeletingService (SCMBlockDeletingService.java:call(155)) - Scanned deleted blocks log and got 0 delTX to process.
2019-06-14 13:45:41,070 INFO  storage.RaftLogWorker (RaftLogWorker.java:execute(469)) - 0c156e3c-57cc-425b-90ef-9bcaa62a7535-RaftLogWorker: created new log segment /opt/src/hadoop-ozone/integration-test/target/test-dir/MiniOzoneClusterImpl-8919240e-7e15-4dbf-8bf4-c210578586bb/datanode-0/data/ratis/1fc53845-3381-4beb-82f9-7704a457760d/current/log_inprogress_1263
2019-06-14 13:45:41,073 INFO  client.GrpcClientProtocolClient (GrpcClientProtocolClient.java:onNext(254)) - client-E0FA40453D59->0c156e3c-57cc-425b-90ef-9bcaa62a7535: receive RaftClientReply:client-E0FA40453D59->0c156e3c-57cc-425b-90ef-9bcaa62a7535@group-7704A457760D, cid=728, SUCCESS, logIndex=1263, commits[0c156e3c-57cc-425b-90ef-9bcaa62a7535:c1263]
2019-06-14 13:45:41,098 INFO  client.GrpcClientProtocolClient (GrpcClientProtocolClient.java:onNext(254)) - client-E0FA40453D59->0c156e3c-57cc-425b-90ef-9bcaa62a7535: receive RaftClientReply:client-E0FA40453D59->0c156e3c-57cc-425b-90ef-9bcaa62a7535@group-7704A457760D, cid=729, SUCCESS, logIndex=1265, commits[0c156e3c-57cc-425b-90ef-9bcaa62a7535:c1265]
2019-06-14 13:45:41,111 INFO  client.GrpcClientProtocolClient (GrpcClientProtocolClient.java:onNext(254)) - client-E0FA40453D59->0c156e3c-57cc-425b-90ef-9bcaa62a7535: receive RaftClientReply:client-E0FA40453D59->0c156e3c-57cc-425b-90ef-9bcaa62a7535@group-7704A457760D, cid=730, SUCCESS, logIndex=1267, commits[0c156e3c-57cc-425b-90ef-9bcaa62a7535:c1269]
2019-06-14 13:45:41,119 INFO  client.GrpcClientProtocolClient (GrpcClientProtocolClient.java:onNext(254)) - client-E0FA40453D59->0c156e3c-57cc-425b-90ef-9bcaa62a7535: receive RaftClientReply:client-E0FA40453D59->0c156e3c-57cc-425b-90ef-9bcaa62a7535@group-7704A457760D, cid=731, SUCCESS, logIndex=1268, commits[0c156e3c-57cc-425b-90ef-9bcaa62a7535:c1269]
2019-06-14 13:45:41,119 INFO  client.GrpcClientProtocolClient (GrpcClientProtocolClient.java:onNext(254)) - client-E0FA40453D59->0c156e3c-57cc-425b-90ef-9bcaa62a7535: receive RaftClientReply:client-E0FA40453D59->0c156e3c-57cc-425b-90ef-9bcaa62a7535@group-7704A457760D, cid=732, SUCCESS, logIndex=1269, commits[0c156e3c-57cc-425b-90ef-9bcaa62a7535:c1269]
2019-06-14 13:45:41,134 INFO  client.GrpcClientProtocolClient (GrpcClientProtocolClient.java:onNext(254)) - client-E0FA40453D59->0c156e3c-57cc-425b-90ef-9bcaa62a7535: receive RaftClientReply:client-E0FA40453D59->0c156e3c-57cc-425b-90ef-9bcaa62a7535@group-7704A457760D, cid=733, SUCCESS, logIndex=1271, commits[0c156e3c-57cc-425b-90ef-9bcaa62a7535:c1271]
2019-06-14 13:45:41,139 INFO  client.GrpcClientProtocolClient (GrpcClientProtocolClient.java:onNext(254)) - client-E0FA40453D59->0c156e3c-57cc-425b-90ef-9bcaa62a7535: receive RaftClientReply:client-E0FA40453D59->0c156e3c-57cc-425b-90ef-9bcaa62a7535@group-7704A457760D, cid=734, SUCCESS, logIndex=1273, commits[0c156e3c-57cc-425b-90ef-9bcaa62a7535:c1273]
2019-06-14 13:45:41,141 INFO  client.GrpcClientProtocolClient (GrpcClientProtocolClient.java:onNext(254)) - client-E0FA40453D59->0c156e3c-57cc-425b-90ef-9bcaa62a7535: receive RaftClientReply:client-E0FA40453D59->0c156e3c-57cc-425b-90ef-9bcaa62a7535@group-7704A457760D, cid=735, SUCCESS, logIndex=1274, commits[0c156e3c-57cc-425b-90ef-9bcaa62a7535:c1276]
2019-06-14 13:45:41,142 INFO  client.GrpcClientProtocolClient (GrpcClientProtocolClient.java:onNext(254)) - client-E0FA40453D59->0c156e3c-57cc-425b-90ef-9bcaa62a7535: receive RaftClientReply:client-E0FA40453D59->0c156e3c-57cc-425b-90ef-9bcaa62a7535@group-7704A457760D, cid=736, SUCCESS, logIndex=1276, commits[0c156e3c-57cc-425b-90ef-9bcaa62a7535:c1276]
2019-06-14 13:45:41,142 DEBUG block.SCMBlockDeletingService (SCMBlockDeletingService.java:call(138)) - Running DeletedBlockTransactionScanner
2019-06-14 13:45:41,143 DEBUG block.SCMBlockDeletingService (SCMBlockDeletingService.java:call(155)) - Scanned deleted blocks log and got 0 delTX to process.
2019-06-14 13:45:41,162 INFO  client.GrpcClientProtocolClient (GrpcClientProtocolClient.java:onNext(254)) - client-E0FA40453D59->0c156e3c-57cc-425b-90ef-9bcaa62a7535: receive RaftClientReply:client-E0FA40453D59->0c156e3c-57cc-425b-90ef-9bcaa62a7535@group-7704A457760D, cid=737, SUCCESS, logIndex=1278, commits[0c156e3c-57cc-425b-90ef-9bcaa62a7535:c1278]
2019-06-14 13:45:41,166 INFO  client.GrpcClientProtocolClient (GrpcClientProtocolClient.java:onNext(254)) - client-E0FA40453D59->0c156e3c-57cc-425b-90ef-9bcaa62a7535: receive RaftClientReply:client-E0FA40453D59->0c156e3c-57cc-425b-90ef-9bcaa62a7535@group-7704A457760D, cid=738, SUCCESS, logIndex=1280, commits[0c156e3c-57cc-425b-90ef-9bcaa62a7535:c1280]
2019-06-14 13:45:41,167 INFO  client.GrpcClientProtocolClient (GrpcClientProtocolClient.java:onNext(254)) - client-E0FA40453D59->0c156e3c-57cc-425b-90ef-9bcaa62a7535: receive RaftClientReply:client-E0FA40453D59->0c156e3c-57cc-425b-90ef-9bcaa62a7535@group-7704A457760D, cid=739, SUCCESS, logIndex=1281, commits[0c156e3c-57cc-425b-90ef-9bcaa62a7535:c1282]
2019-06-14 13:45:41,168 INFO  client.GrpcClientProtocolClient (GrpcClientProtocolClient.java:onNext(254)) - client-E0FA40453D59->0c156e3c-57cc-425b-90ef-9bcaa62a7535: receive RaftClientReply:client-E0FA40453D59->0c156e3c-57cc-425b-90ef-9bcaa62a7535@group-7704A457760D, cid=740, SUCCESS, logIndex=1282, commits[0c156e3c-57cc-425b-90ef-9bcaa62a7535:c1282]
2019-06-14 13:45:41,184 INFO  client.GrpcClientProtocolClient (GrpcClientProtocolClient.java:onNext(254)) - client-E0FA40453D59->0c156e3c-57cc-425b-90ef-9bcaa62a7535: receive RaftClientReply:client-E0FA40453D59->0c156e3c-57cc-425b-90ef-9bcaa62a7535@group-7704A457760D, cid=741, SUCCESS, logIndex=1285, commits[0c156e3c-57cc-425b-90ef-9bcaa62a7535:c1285]
2019-06-14 13:45:41,186 INFO  client.GrpcClientProtocolClient (GrpcClientProtocolClient.java:onNext(254)) - client-E0FA40453D59->0c156e3c-57cc-425b-90ef-9bcaa62a7535: receive RaftClientReply:client-E0FA40453D59->0c156e3c-57cc-425b-90ef-9bcaa62a7535@group-7704A457760D, cid=742, SUCCESS, logIndex=1287, commits[0c156e3c-57cc-425b-90ef-9bcaa62a7535:c1287]
2019-06-14 13:45:41,187 INFO  client.GrpcClientProtocolClient (GrpcClientProtocolClient.java:onNext(254)) - client-E0FA40453D59->0c156e3c-57cc-425b-90ef-9bcaa62a7535: receive RaftClientReply:client-E0FA40453D59->0c156e3c-57cc-425b-90ef-9bcaa62a7535@group-7704A457760D, cid=743, SUCCESS, logIndex=1288, commits[0c156e3c-57cc-425b-90ef-9bcaa62a7535:c1290]
2019-06-14 13:45:41,188 INFO  client.GrpcClientProtocolClient (GrpcClientProtocolClient.java:onNext(254)) - client-E0FA40453D59->0c156e3c-57cc-425b-90ef-9bcaa62a7535: receive RaftClientReply:client-E0FA40453D59->0c156e3c-57cc-425b-90ef-9bcaa62a7535@group-7704A457760D, cid=744, SUCCESS, logIndex=1289, commits[0c156e3c-57cc-425b-90ef-9bcaa62a7535:c1290]
2019-06-14 13:45:41,214 INFO  client.GrpcClientProtocolClient (GrpcClientProtocolClient.java:onNext(254)) - client-E0FA40453D59->0c156e3c-57cc-425b-90ef-9bcaa62a7535: receive RaftClientReply:client-E0FA40453D59->0c156e3c-57cc-425b-90ef-9bcaa62a7535@group-7704A457760D, cid=745, SUCCESS, logIndex=1291, commits[0c156e3c-57cc-425b-90ef-9bcaa62a7535:c1291]
2019-06-14 13:45:41,218 INFO  client.GrpcClientProtocolClient (GrpcClientProtocolClient.java:onNext(254)) - client-E0FA40453D59->0c156e3c-57cc-425b-90ef-9bcaa62a7535: receive RaftClientReply:client-E0FA40453D59->0c156e3c-57cc-425b-90ef-9bcaa62a7535@group-7704A457760D, cid=746, SUCCESS, logIndex=1293, commits[0c156e3c-57cc-425b-90ef-9bcaa62a7535:c1293]
2019-06-14 13:45:41,219 INFO  client.GrpcClientProtocolClient (GrpcClientProtocolClient.java:onNext(254)) - client-E0FA40453D59->0c156e3c-57cc-425b-90ef-9bcaa62a7535: receive RaftClientReply:client-E0FA40453D59->0c156e3c-57cc-425b-90ef-9bcaa62a7535@group-7704A457760D, cid=747, SUCCESS, logIndex=1294, commits[0c156e3c-57cc-425b-90ef-9bcaa62a7535:c1295]
2019-06-14 13:45:41,219 INFO  client.GrpcClientProtocolClient (GrpcClientProtocolClient.java:onNext(254)) - client-E0FA40453D59->0c156e3c-57cc-425b-90ef-9bcaa62a7535: receive RaftClientReply:client-E0FA40453D59->0c156e3c-57cc-425b-90ef-9bcaa62a7535@group-7704A457760D, cid=748, SUCCESS, logIndex=1296, commits[0c156e3c-57cc-425b-90ef-9bcaa62a7535:c1296]
2019-06-14 13:45:41,248 DEBUG block.SCMBlockDeletingService (SCMBlockDeletingService.java:call(138)) - Running DeletedBlockTransactionScanner
2019-06-14 13:45:41,248 DEBUG block.SCMBlockDeletingService (SCMBlockDeletingService.java:call(155)) - Scanned deleted blocks log and got 0 delTX to process.
2019-06-14 13:45:41,266 INFO  client.GrpcClientProtocolClient (GrpcClientProtocolClient.java:onNext(254)) - client-E0FA40453D59->0c156e3c-57cc-425b-90ef-9bcaa62a7535: receive RaftClientReply:client-E0FA40453D59->0c156e3c-57cc-425b-90ef-9bcaa62a7535@group-7704A457760D, cid=749, SUCCESS, logIndex=1298, commits[0c156e3c-57cc-425b-90ef-9bcaa62a7535:c1298]
2019-06-14 13:45:41,271 INFO  client.GrpcClientProtocolClient (GrpcClientProtocolClient.java:onNext(254)) - client-E0FA40453D59->0c156e3c-57cc-425b-90ef-9bcaa62a7535: receive RaftClientReply:client-E0FA40453D59->0c156e3c-57cc-425b-90ef-9bcaa62a7535@group-7704A457760D, cid=750, SUCCESS, logIndex=1300, commits[0c156e3c-57cc-425b-90ef-9bcaa62a7535:c1300]
2019-06-14 13:45:41,345 INFO  client.GrpcClientProtocolClient (GrpcClientProtocolClient.java:onNext(254)) - client-E0FA40453D59->0c156e3c-57cc-425b-90ef-9bcaa62a7535: receive RaftClientReply:client-E0FA40453D59->0c156e3c-57cc-425b-90ef-9bcaa62a7535@group-7704A457760D, cid=751, SUCCESS, logIndex=1302, commits[0c156e3c-57cc-425b-90ef-9bcaa62a7535:c1302]
2019-06-14 13:45:41,347 INFO  client.GrpcClientProtocolClient (GrpcClientProtocolClient.java:onNext(254)) - client-E0FA40453D59->0c156e3c-57cc-425b-90ef-9bcaa62a7535: receive RaftClientReply:client-E0FA40453D59->0c156e3c-57cc-425b-90ef-9bcaa62a7535@group-7704A457760D, cid=752, SUCCESS, logIndex=1304, commits[0c156e3c-57cc-425b-90ef-9bcaa62a7535:c1304]
2019-06-14 13:45:41,349 DEBUG block.SCMBlockDeletingService (SCMBlockDeletingService.java:call(138)) - Running DeletedBlockTransactionScanner
2019-06-14 13:45:41,350 DEBUG block.SCMBlockDeletingService (SCMBlockDeletingService.java:call(155)) - Scanned deleted blocks log and got 0 delTX to process.
2019-06-14 13:45:41,363 INFO  client.GrpcClientProtocolClient (GrpcClientProtocolClient.java:onNext(254)) - client-E0FA40453D59->0c156e3c-57cc-425b-90ef-9bcaa62a7535: receive RaftClientReply:client-E0FA40453D59->0c156e3c-57cc-425b-90ef-9bcaa62a7535@group-7704A457760D, cid=753, SUCCESS, logIndex=1306, commits[0c156e3c-57cc-425b-90ef-9bcaa62a7535:c1306]
2019-06-14 13:45:41,375 INFO  client.GrpcClientProtocolClient (GrpcClientProtocolClient.java:onNext(254)) - client-E0FA40453D59->0c156e3c-57cc-425b-90ef-9bcaa62a7535: receive RaftClientReply:client-E0FA40453D59->0c156e3c-57cc-425b-90ef-9bcaa62a7535@group-7704A457760D, cid=754, SUCCESS, logIndex=1308, commits[0c156e3c-57cc-425b-90ef-9bcaa62a7535:c1308]
2019-06-14 13:45:41,386 INFO  client.GrpcClientProtocolClient (GrpcClientProtocolClient.java:onNext(254)) - client-E0FA40453D59->0c156e3c-57cc-425b-90ef-9bcaa62a7535: receive RaftClientReply:client-E0FA40453D59->0c156e3c-57cc-425b-90ef-9bcaa62a7535@group-7704A457760D, cid=755, SUCCESS, logIndex=1309, commits[0c156e3c-57cc-425b-90ef-9bcaa62a7535:c1310]
2019-06-14 13:45:41,388 INFO  client.GrpcClientProtocolClient (GrpcClientProtocolClient.java:onNext(254)) - client-E0FA40453D59->0c156e3c-57cc-425b-90ef-9bcaa62a7535: receive RaftClientReply:client-E0FA40453D59->0c156e3c-57cc-425b-90ef-9bcaa62a7535@group-7704A457760D, cid=756, SUCCESS, logIndex=1311, commits[0c156e3c-57cc-425b-90ef-9bcaa62a7535:c1311]
2019-06-14 13:45:41,402 INFO  client.GrpcClientProtocolClient (GrpcClientProtocolClient.java:onNext(254)) - client-E0FA40453D59->0c156e3c-57cc-425b-90ef-9bcaa62a7535: receive RaftClientReply:client-E0FA40453D59->0c156e3c-57cc-425b-90ef-9bcaa62a7535@group-7704A457760D, cid=757, SUCCESS, logIndex=1313, commits[0c156e3c-57cc-425b-90ef-9bcaa62a7535:c1313]
2019-06-14 13:45:41,411 INFO  client.GrpcClientProtocolClient (GrpcClientProtocolClient.java:onNext(254)) - client-E0FA40453D59->0c156e3c-57cc-425b-90ef-9bcaa62a7535: receive RaftClientReply:client-E0FA40453D59->0c156e3c-57cc-425b-90ef-9bcaa62a7535@group-7704A457760D, cid=758, SUCCESS, logIndex=1315, commits[0c156e3c-57cc-425b-90ef-9bcaa62a7535:c1315]
2019-06-14 13:45:41,411 INFO  client.GrpcClientProtocolClient (GrpcClientProtocolClient.java:onNext(254)) - client-E0FA40453D59->0c156e3c-57cc-425b-90ef-9bcaa62a7535: receive RaftClientReply:client-E0FA40453D59->0c156e3c-57cc-425b-90ef-9bcaa62a7535@group-7704A457760D, cid=759, SUCCESS, logIndex=1316, commits[0c156e3c-57cc-425b-90ef-9bcaa62a7535:c1318]
2019-06-14 13:45:41,412 INFO  client.GrpcClientProtocolClient (GrpcClientProtocolClient.java:onNext(254)) - client-E0FA40453D59->0c156e3c-57cc-425b-90ef-9bcaa62a7535: receive RaftClientReply:client-E0FA40453D59->0c156e3c-57cc-425b-90ef-9bcaa62a7535@group-7704A457760D, cid=760, SUCCESS, logIndex=1318, commits[0c156e3c-57cc-425b-90ef-9bcaa62a7535:c1318]
2019-06-14 13:45:41,431 INFO  client.GrpcClientProtocolClient (GrpcClientProtocolClient.java:onNext(254)) - client-E0FA40453D59->0c156e3c-57cc-425b-90ef-9bcaa62a7535: receive RaftClientReply:client-E0FA40453D59->0c156e3c-57cc-425b-90ef-9bcaa62a7535@group-7704A457760D, cid=761, SUCCESS, logIndex=1320, commits[0c156e3c-57cc-425b-90ef-9bcaa62a7535:c1320]
2019-06-14 13:45:41,438 INFO  client.GrpcClientProtocolClient (GrpcClientProtocolClient.java:onNext(254)) - client-E0FA40453D59->0c156e3c-57cc-425b-90ef-9bcaa62a7535: receive RaftClientReply:client-E0FA40453D59->0c156e3c-57cc-425b-90ef-9bcaa62a7535@group-7704A457760D, cid=762, SUCCESS, logIndex=1322, commits[0c156e3c-57cc-425b-90ef-9bcaa62a7535:c1322]
2019-06-14 13:45:41,445 INFO  client.GrpcClientProtocolClient (GrpcClientProtocolClient.java:onNext(254)) - client-E0FA40453D59->0c156e3c-57cc-425b-90ef-9bcaa62a7535: receive RaftClientReply:client-E0FA40453D59->0c156e3c-57cc-425b-90ef-9bcaa62a7535@group-7704A457760D, cid=763, SUCCESS, logIndex=1324, commits[0c156e3c-57cc-425b-90ef-9bcaa62a7535:c1325]
2019-06-14 13:45:41,446 INFO  client.GrpcClientProtocolClient (GrpcClientProtocolClient.java:onNext(254)) - client-E0FA40453D59->0c156e3c-57cc-425b-90ef-9bcaa62a7535: receive RaftClientReply:client-E0FA40453D59->0c156e3c-57cc-425b-90ef-9bcaa62a7535@group-7704A457760D, cid=764, SUCCESS, logIndex=1325, commits[0c156e3c-57cc-425b-90ef-9bcaa62a7535:c1325]
2019-06-14 13:45:41,454 DEBUG block.SCMBlockDeletingService (SCMBlockDeletingService.java:call(138)) - Running DeletedBlockTransactionScanner
2019-06-14 13:45:41,454 DEBUG block.SCMBlockDeletingService (SCMBlockDeletingService.java:call(155)) - Scanned deleted blocks log and got 0 delTX to process.
2019-06-14 13:45:41,466 INFO  client.GrpcClientProtocolClient (GrpcClientProtocolClient.java:onNext(254)) - client-E0FA40453D59->0c156e3c-57cc-425b-90ef-9bcaa62a7535: receive RaftClientReply:client-E0FA40453D59->0c156e3c-57cc-425b-90ef-9bcaa62a7535@group-7704A457760D, cid=765, SUCCESS, logIndex=1327, commits[0c156e3c-57cc-425b-90ef-9bcaa62a7535:c1327]
2019-06-14 13:45:41,482 INFO  client.GrpcClientProtocolClient (GrpcClientProtocolClient.java:onNext(254)) - client-E0FA40453D59->0c156e3c-57cc-425b-90ef-9bcaa62a7535: receive RaftClientReply:client-E0FA40453D59->0c156e3c-57cc-425b-90ef-9bcaa62a7535@group-7704A457760D, cid=766, SUCCESS, logIndex=1329, commits[0c156e3c-57cc-425b-90ef-9bcaa62a7535:c1329]
2019-06-14 13:45:41,499 INFO  client.GrpcClientProtocolClient (GrpcClientProtocolClient.java:onNext(254)) - client-E0FA40453D59->0c156e3c-57cc-425b-90ef-9bcaa62a7535: receive RaftClientReply:client-E0FA40453D59->0c156e3c-57cc-425b-90ef-9bcaa62a7535@group-7704A457760D, cid=767, SUCCESS, logIndex=1330, commits[0c156e3c-57cc-425b-90ef-9bcaa62a7535:c1332]
2019-06-14 13:45:41,506 INFO  client.GrpcClientProtocolClient (GrpcClientProtocolClient.java:onNext(254)) - client-E0FA40453D59->0c156e3c-57cc-425b-90ef-9bcaa62a7535: receive RaftClientReply:client-E0FA40453D59->0c156e3c-57cc-425b-90ef-9bcaa62a7535@group-7704A457760D, cid=768, SUCCESS, logIndex=1331, commits[0c156e3c-57cc-425b-90ef-9bcaa62a7535:c1332]
2019-06-14 13:45:41,524 INFO  client.GrpcClientProtocolClient (GrpcClientProtocolClient.java:onNext(254)) - client-E0FA40453D59->0c156e3c-57cc-425b-90ef-9bcaa62a7535: receive RaftClientReply:client-E0FA40453D59->0c156e3c-57cc-425b-90ef-9bcaa62a7535@group-7704A457760D, cid=769, SUCCESS, logIndex=1333, commits[0c156e3c-57cc-425b-90ef-9bcaa62a7535:c1333]
2019-06-14 13:45:41,524 INFO  storage.RaftLogWorker (RaftLogWorker.java:rollLogSegment(303)) - 0c156e3c-57cc-425b-90ef-9bcaa62a7535-RaftLogWorker: Rolling segment log-1263_1335 to index:1335
2019-06-14 13:45:41,525 INFO  storage.RaftLogWorker (RaftLogWorker.java:execute(433)) - 0c156e3c-57cc-425b-90ef-9bcaa62a7535-RaftLogWorker: Rolled log segment from /opt/src/hadoop-ozone/integration-test/target/test-dir/MiniOzoneClusterImpl-8919240e-7e15-4dbf-8bf4-c210578586bb/datanode-0/data/ratis/1fc53845-3381-4beb-82f9-7704a457760d/current/log_inprogress_1263 to /opt/src/hadoop-ozone/integration-test/target/test-dir/MiniOzoneClusterImpl-8919240e-7e15-4dbf-8bf4-c210578586bb/datanode-0/data/ratis/1fc53845-3381-4beb-82f9-7704a457760d/current/log_1263-1335
2019-06-14 13:45:41,539 INFO  client.GrpcClientProtocolClient (GrpcClientProtocolClient.java:onNext(254)) - client-E0FA40453D59->0c156e3c-57cc-425b-90ef-9bcaa62a7535: receive RaftClientReply:client-E0FA40453D59->0c156e3c-57cc-425b-90ef-9bcaa62a7535@group-7704A457760D, cid=770, SUCCESS, logIndex=1335, commits[0c156e3c-57cc-425b-90ef-9bcaa62a7535:c1335]
2019-06-14 13:45:41,556 DEBUG block.SCMBlockDeletingService (SCMBlockDeletingService.java:call(138)) - Running DeletedBlockTransactionScanner
2019-06-14 13:45:41,577 DEBUG block.SCMBlockDeletingService (SCMBlockDeletingService.java:call(155)) - Scanned deleted blocks log and got 0 delTX to process.
2019-06-14 13:45:41,584 INFO  storage.RaftLogWorker (RaftLogWorker.java:execute(469)) - 0c156e3c-57cc-425b-90ef-9bcaa62a7535-RaftLogWorker: created new log segment /opt/src/hadoop-ozone/integration-test/target/test-dir/MiniOzoneClusterImpl-8919240e-7e15-4dbf-8bf4-c210578586bb/datanode-0/data/ratis/1fc53845-3381-4beb-82f9-7704a457760d/current/log_inprogress_1336
2019-06-14 13:45:41,588 INFO  client.GrpcClientProtocolClient (GrpcClientProtocolClient.java:onNext(254)) - client-E0FA40453D59->0c156e3c-57cc-425b-90ef-9bcaa62a7535: receive RaftClientReply:client-E0FA40453D59->0c156e3c-57cc-425b-90ef-9bcaa62a7535@group-7704A457760D, cid=771, SUCCESS, logIndex=1336, commits[0c156e3c-57cc-425b-90ef-9bcaa62a7535:c1338]
2019-06-14 13:45:41,590 INFO  client.GrpcClientProtocolClient (GrpcClientProtocolClient.java:onNext(254)) - client-E0FA40453D59->0c156e3c-57cc-425b-90ef-9bcaa62a7535: receive RaftClientReply:client-E0FA40453D59->0c156e3c-57cc-425b-90ef-9bcaa62a7535@group-7704A457760D, cid=772, SUCCESS, logIndex=1337, commits[0c156e3c-57cc-425b-90ef-9bcaa62a7535:c1338]
2019-06-14 13:45:41,598 INFO  client.GrpcClientProtocolClient (GrpcClientProtocolClient.java:onNext(254)) - client-E0FA40453D59->0c156e3c-57cc-425b-90ef-9bcaa62a7535: receive RaftClientReply:client-E0FA40453D59->0c156e3c-57cc-425b-90ef-9bcaa62a7535@group-7704A457760D, cid=773, SUCCESS, logIndex=1339, commits[0c156e3c-57cc-425b-90ef-9bcaa62a7535:c1339]
2019-06-14 13:45:41,603 INFO  client.GrpcClientProtocolClient (GrpcClientProtocolClient.java:onNext(254)) - client-E0FA40453D59->0c156e3c-57cc-425b-90ef-9bcaa62a7535: receive RaftClientReply:client-E0FA40453D59->0c156e3c-57cc-425b-90ef-9bcaa62a7535@group-7704A457760D, cid=774, SUCCESS, logIndex=1341, commits[0c156e3c-57cc-425b-90ef-9bcaa62a7535:c1341]
2019-06-14 13:45:41,603 INFO  client.GrpcClientProtocolClient (GrpcClientProtocolClient.java:onNext(254)) - client-E0FA40453D59->0c156e3c-57cc-425b-90ef-9bcaa62a7535: receive RaftClientReply:client-E0FA40453D59->0c156e3c-57cc-425b-90ef-9bcaa62a7535@group-7704A457760D, cid=775, SUCCESS, logIndex=1342, commits[0c156e3c-57cc-425b-90ef-9bcaa62a7535:c1344]
2019-06-14 13:45:41,606 INFO  client.GrpcClientProtocolClient (GrpcClientProtocolClient.java:onNext(254)) - client-E0FA40453D59->0c156e3c-57cc-425b-90ef-9bcaa62a7535: receive RaftClientReply:client-E0FA40453D59->0c156e3c-57cc-425b-90ef-9bcaa62a7535@group-7704A457760D, cid=776, SUCCESS, logIndex=1344, commits[0c156e3c-57cc-425b-90ef-9bcaa62a7535:c1344]
2019-06-14 13:45:41,621 INFO  client.GrpcClientProtocolClient (GrpcClientProtocolClient.java:onNext(254)) - client-E0FA40453D59->0c156e3c-57cc-425b-90ef-9bcaa62a7535: receive RaftClientReply:client-E0FA40453D59->0c156e3c-57cc-425b-90ef-9bcaa62a7535@group-7704A457760D, cid=777, SUCCESS, logIndex=1346, commits[0c156e3c-57cc-425b-90ef-9bcaa62a7535:c1346]
2019-06-14 13:45:41,627 INFO  client.GrpcClientProtocolClient (GrpcClientProtocolClient.java:onNext(254)) - client-E0FA40453D59->0c156e3c-57cc-425b-90ef-9bcaa62a7535: receive RaftClientReply:client-E0FA40453D59->0c156e3c-57cc-425b-90ef-9bcaa62a7535@group-7704A457760D, cid=778, SUCCESS, logIndex=1348, commits[0c156e3c-57cc-425b-90ef-9bcaa62a7535:c1348]
2019-06-14 13:45:41,634 INFO  client.GrpcClientProtocolClient (GrpcClientProtocolClient.java:onNext(254)) - client-E0FA40453D59->0c156e3c-57cc-425b-90ef-9bcaa62a7535: receive RaftClientReply:client-E0FA40453D59->0c156e3c-57cc-425b-90ef-9bcaa62a7535@group-7704A457760D, cid=779, SUCCESS, logIndex=1349, commits[0c156e3c-57cc-425b-90ef-9bcaa62a7535:c1350]
2019-06-14 13:45:41,638 INFO  client.GrpcClientProtocolClient (GrpcClientProtocolClient.java:onNext(254)) - client-E0FA40453D59->0c156e3c-57cc-425b-90ef-9bcaa62a7535: receive RaftClientReply:client-E0FA40453D59->0c156e3c-57cc-425b-90ef-9bcaa62a7535@group-7704A457760D, cid=780, SUCCESS, logIndex=1351, commits[0c156e3c-57cc-425b-90ef-9bcaa62a7535:c1351]
2019-06-14 13:45:41,650 INFO  client.GrpcClientProtocolClient (GrpcClientProtocolClient.java:onNext(254)) - client-E0FA40453D59->0c156e3c-57cc-425b-90ef-9bcaa62a7535: receive RaftClientReply:client-E0FA40453D59->0c156e3c-57cc-425b-90ef-9bcaa62a7535@group-7704A457760D, cid=781, SUCCESS, logIndex=1353, commits[0c156e3c-57cc-425b-90ef-9bcaa62a7535:c1353]
2019-06-14 13:45:41,655 INFO  client.GrpcClientProtocolClient (GrpcClientProtocolClient.java:onNext(254)) - client-E0FA40453D59->0c156e3c-57cc-425b-90ef-9bcaa62a7535: receive RaftClientReply:client-E0FA40453D59->0c156e3c-57cc-425b-90ef-9bcaa62a7535@group-7704A457760D, cid=782, SUCCESS, logIndex=1355, commits[0c156e3c-57cc-425b-90ef-9bcaa62a7535:c1355]
2019-06-14 13:45:41,656 INFO  client.GrpcClientProtocolClient (GrpcClientProtocolClient.java:onNext(254)) - client-E0FA40453D59->0c156e3c-57cc-425b-90ef-9bcaa62a7535: receive RaftClientReply:client-E0FA40453D59->0c156e3c-57cc-425b-90ef-9bcaa62a7535@group-7704A457760D, cid=783, SUCCESS, logIndex=1356, commits[0c156e3c-57cc-425b-90ef-9bcaa62a7535:c1356]
2019-06-14 13:45:41,662 INFO  client.GrpcClientProtocolClient (GrpcClientProtocolClient.java:onNext(254)) - client-E0FA40453D59->0c156e3c-57cc-425b-90ef-9bcaa62a7535: receive RaftClientReply:client-E0FA40453D59->0c156e3c-57cc-425b-90ef-9bcaa62a7535@group-7704A457760D, cid=784, SUCCESS, logIndex=1359, commits[0c156e3c-57cc-425b-90ef-9bcaa62a7535:c1359]
2019-06-14 13:45:41,674 INFO  client.GrpcClientProtocolClient (GrpcClientProtocolClient.java:onNext(254)) - client-E0FA40453D59->0c156e3c-57cc-425b-90ef-9bcaa62a7535: receive RaftClientReply:client-E0FA40453D59->0c156e3c-57cc-425b-90ef-9bcaa62a7535@group-7704A457760D, cid=785, SUCCESS, logIndex=1361, commits[0c156e3c-57cc-425b-90ef-9bcaa62a7535:c1361]
2019-06-14 13:45:41,677 DEBUG block.SCMBlockDeletingService (SCMBlockDeletingService.java:call(138)) - Running DeletedBlockTransactionScanner
2019-06-14 13:45:41,678 DEBUG block.SCMBlockDeletingService (SCMBlockDeletingService.java:call(155)) - Scanned deleted blocks log and got 0 delTX to process.
2019-06-14 13:45:41,685 INFO  client.GrpcClientProtocolClient (GrpcClientProtocolClient.java:onNext(254)) - client-E0FA40453D59->0c156e3c-57cc-425b-90ef-9bcaa62a7535: receive RaftClientReply:client-E0FA40453D59->0c156e3c-57cc-425b-90ef-9bcaa62a7535@group-7704A457760D, cid=786, SUCCESS, logIndex=1363, commits[0c156e3c-57cc-425b-90ef-9bcaa62a7535:c1363]
2019-06-14 13:45:41,692 INFO  client.GrpcClientProtocolClient (GrpcClientProtocolClient.java:onNext(254)) - client-E0FA40453D59->0c156e3c-57cc-425b-90ef-9bcaa62a7535: receive RaftClientReply:client-E0FA40453D59->0c156e3c-57cc-425b-90ef-9bcaa62a7535@group-7704A457760D, cid=787, SUCCESS, logIndex=1365, commits[0c156e3c-57cc-425b-90ef-9bcaa62a7535:c1366]
2019-06-14 13:45:41,693 INFO  client.GrpcClientProtocolClient (GrpcClientProtocolClient.java:onNext(254)) - client-E0FA40453D59->0c156e3c-57cc-425b-90ef-9bcaa62a7535: receive RaftClientReply:client-E0FA40453D59->0c156e3c-57cc-425b-90ef-9bcaa62a7535@group-7704A457760D, cid=788, SUCCESS, logIndex=1366, commits[0c156e3c-57cc-425b-90ef-9bcaa62a7535:c1366]
2019-06-14 13:45:41,701 INFO  client.GrpcClientProtocolClient (GrpcClientProtocolClient.java:onNext(254)) - client-E0FA40453D59->0c156e3c-57cc-425b-90ef-9bcaa62a7535: receive RaftClientReply:client-E0FA40453D59->0c156e3c-57cc-425b-90ef-9bcaa62a7535@group-7704A457760D, cid=789, SUCCESS, logIndex=1368, commits[0c156e3c-57cc-425b-90ef-9bcaa62a7535:c1368]
2019-06-14 13:45:41,703 INFO  client.GrpcClientProtocolClient (GrpcClientProtocolClient.java:onNext(254)) - client-E0FA40453D59->0c156e3c-57cc-425b-90ef-9bcaa62a7535: receive RaftClientReply:client-E0FA40453D59->0c156e3c-57cc-425b-90ef-9bcaa62a7535@group-7704A457760D, cid=790, SUCCESS, logIndex=1370, commits[0c156e3c-57cc-425b-90ef-9bcaa62a7535:c1370]
2019-06-14 13:45:41,710 INFO  client.GrpcClientProtocolClient (GrpcClientProtocolClient.java:onNext(254)) - client-E0FA40453D59->0c156e3c-57cc-425b-90ef-9bcaa62a7535: receive RaftClientReply:client-E0FA40453D59->0c156e3c-57cc-425b-90ef-9bcaa62a7535@group-7704A457760D, cid=791, SUCCESS, logIndex=1372, commits[0c156e3c-57cc-425b-90ef-9bcaa62a7535:c1373]
2019-06-14 13:45:41,710 INFO  client.GrpcClientProtocolClient (GrpcClientProtocolClient.java:onNext(254)) - client-E0FA40453D59->0c156e3c-57cc-425b-90ef-9bcaa62a7535: receive RaftClientReply:client-E0FA40453D59->0c156e3c-57cc-425b-90ef-9bcaa62a7535@group-7704A457760D, cid=792, SUCCESS, logIndex=1373, commits[0c156e3c-57cc-425b-90ef-9bcaa62a7535:c1374]
2019-06-14 13:45:41,757 INFO  client.GrpcClientProtocolClient (GrpcClientProtocolClient.java:onNext(254)) - client-E0FA40453D59->0c156e3c-57cc-425b-90ef-9bcaa62a7535: receive RaftClientReply:client-E0FA40453D59->0c156e3c-57cc-425b-90ef-9bcaa62a7535@group-7704A457760D, cid=793, SUCCESS, logIndex=1375, commits[0c156e3c-57cc-425b-90ef-9bcaa62a7535:c1375]
2019-06-14 13:45:41,763 INFO  client.GrpcClientProtocolClient (GrpcClientProtocolClient.java:onNext(254)) - client-E0FA40453D59->0c156e3c-57cc-425b-90ef-9bcaa62a7535: receive RaftClientReply:client-E0FA40453D59->0c156e3c-57cc-425b-90ef-9bcaa62a7535@group-7704A457760D, cid=794, SUCCESS, logIndex=1377, commits[0c156e3c-57cc-425b-90ef-9bcaa62a7535:c1377]
2019-06-14 13:45:41,778 DEBUG block.SCMBlockDeletingService (SCMBlockDeletingService.java:call(138)) - Running DeletedBlockTransactionScanner
2019-06-14 13:45:41,778 DEBUG block.SCMBlockDeletingService (SCMBlockDeletingService.java:call(155)) - Scanned deleted blocks log and got 0 delTX to process.
2019-06-14 13:45:41,862 INFO  client.GrpcClientProtocolClient (GrpcClientProtocolClient.java:onNext(254)) - client-E0FA40453D59->0c156e3c-57cc-425b-90ef-9bcaa62a7535: receive RaftClientReply:client-E0FA40453D59->0c156e3c-57cc-425b-90ef-9bcaa62a7535@group-7704A457760D, cid=795, SUCCESS, logIndex=1379, commits[0c156e3c-57cc-425b-90ef-9bcaa62a7535:c1379]
2019-06-14 13:45:41,869 INFO  client.GrpcClientProtocolClient (GrpcClientProtocolClient.java:onNext(254)) - client-E0FA40453D59->0c156e3c-57cc-425b-90ef-9bcaa62a7535: receive RaftClientReply:client-E0FA40453D59->0c156e3c-57cc-425b-90ef-9bcaa62a7535@group-7704A457760D, cid=796, SUCCESS, logIndex=1381, commits[0c156e3c-57cc-425b-90ef-9bcaa62a7535:c1381]
2019-06-14 13:45:41,880 DEBUG block.SCMBlockDeletingService (SCMBlockDeletingService.java:call(138)) - Running DeletedBlockTransactionScanner
2019-06-14 13:45:41,880 DEBUG block.SCMBlockDeletingService (SCMBlockDeletingService.java:call(155)) - Scanned deleted blocks log and got 0 delTX to process.
2019-06-14 13:45:41,881 INFO  client.GrpcClientProtocolClient (GrpcClientProtocolClient.java:onNext(254)) - client-E0FA40453D59->0c156e3c-57cc-425b-90ef-9bcaa62a7535: receive RaftClientReply:client-E0FA40453D59->0c156e3c-57cc-425b-90ef-9bcaa62a7535@group-7704A457760D, cid=797, SUCCESS, logIndex=1383, commits[0c156e3c-57cc-425b-90ef-9bcaa62a7535:c1383]
2019-06-14 13:45:41,895 INFO  client.GrpcClientProtocolClient (GrpcClientProtocolClient.java:onNext(254)) - client-E0FA40453D59->0c156e3c-57cc-425b-90ef-9bcaa62a7535: receive RaftClientReply:client-E0FA40453D59->0c156e3c-57cc-425b-90ef-9bcaa62a7535@group-7704A457760D, cid=798, SUCCESS, logIndex=1385, commits[0c156e3c-57cc-425b-90ef-9bcaa62a7535:c1385]
2019-06-14 13:45:41,898 INFO  client.GrpcClientProtocolClient (GrpcClientProtocolClient.java:onNext(254)) - client-E0FA40453D59->0c156e3c-57cc-425b-90ef-9bcaa62a7535: receive RaftClientReply:client-E0FA40453D59->0c156e3c-57cc-425b-90ef-9bcaa62a7535@group-7704A457760D, cid=799, SUCCESS, logIndex=1387, commits[0c156e3c-57cc-425b-90ef-9bcaa62a7535:c1387]
2019-06-14 13:45:41,899 INFO  client.GrpcClientProtocolClient (GrpcClientProtocolClient.java:onNext(254)) - client-E0FA40453D59->0c156e3c-57cc-425b-90ef-9bcaa62a7535: receive RaftClientReply:client-E0FA40453D59->0c156e3c-57cc-425b-90ef-9bcaa62a7535@group-7704A457760D, cid=800, SUCCESS, logIndex=1388, commits[0c156e3c-57cc-425b-90ef-9bcaa62a7535:c1388]
2019-06-14 13:45:41,931 INFO  client.GrpcClientProtocolClient (GrpcClientProtocolClient.java:onNext(254)) - client-E0FA40453D59->0c156e3c-57cc-425b-90ef-9bcaa62a7535: receive RaftClientReply:client-E0FA40453D59->0c156e3c-57cc-425b-90ef-9bcaa62a7535@group-7704A457760D, cid=801, SUCCESS, logIndex=1391, commits[0c156e3c-57cc-425b-90ef-9bcaa62a7535:c1392]
2019-06-14 13:45:41,934 INFO  client.GrpcClientProtocolClient (GrpcClientProtocolClient.java:onNext(254)) - client-E0FA40453D59->0c156e3c-57cc-425b-90ef-9bcaa62a7535: receive RaftClientReply:client-E0FA40453D59->0c156e3c-57cc-425b-90ef-9bcaa62a7535@group-7704A457760D, cid=802, SUCCESS, logIndex=1393, commits[0c156e3c-57cc-425b-90ef-9bcaa62a7535:c1393]
2019-06-14 13:45:41,937 INFO  client.GrpcClientProtocolClient (GrpcClientProtocolClient.java:onNext(254)) - client-E0FA40453D59->0c156e3c-57cc-425b-90ef-9bcaa62a7535: receive RaftClientReply:client-E0FA40453D59->0c156e3c-57cc-425b-90ef-9bcaa62a7535@group-7704A457760D, cid=803, SUCCESS, logIndex=1394, commits[0c156e3c-57cc-425b-90ef-9bcaa62a7535:c1395]
2019-06-14 13:45:41,942 INFO  client.GrpcClientProtocolClient (GrpcClientProtocolClient.java:onNext(254)) - client-E0FA40453D59->0c156e3c-57cc-425b-90ef-9bcaa62a7535: receive RaftClientReply:client-E0FA40453D59->0c156e3c-57cc-425b-90ef-9bcaa62a7535@group-7704A457760D, cid=804, SUCCESS, logIndex=1395, commits[0c156e3c-57cc-425b-90ef-9bcaa62a7535:c1395]
2019-06-14 13:45:41,953 INFO  client.GrpcClientProtocolClient (GrpcClientProtocolClient.java:onNext(254)) - client-E0FA40453D59->0c156e3c-57cc-425b-90ef-9bcaa62a7535: receive RaftClientReply:client-E0FA40453D59->0c156e3c-57cc-425b-90ef-9bcaa62a7535@group-7704A457760D, cid=805, SUCCESS, logIndex=1398, commits[0c156e3c-57cc-425b-90ef-9bcaa62a7535:c1398]
2019-06-14 13:45:41,955 INFO  client.GrpcClientProtocolClient (GrpcClientProtocolClient.java:onNext(254)) - client-E0FA40453D59->0c156e3c-57cc-425b-90ef-9bcaa62a7535: receive RaftClientReply:client-E0FA40453D59->0c156e3c-57cc-425b-90ef-9bcaa62a7535@group-7704A457760D, cid=806, SUCCESS, logIndex=1400, commits[0c156e3c-57cc-425b-90ef-9bcaa62a7535:c1400]
2019-06-14 13:45:41,959 INFO  client.GrpcClientProtocolClient (GrpcClientProtocolClient.java:onNext(254)) - client-E0FA40453D59->0c156e3c-57cc-425b-90ef-9bcaa62a7535: receive RaftClientReply:client-E0FA40453D59->0c156e3c-57cc-425b-90ef-9bcaa62a7535@group-7704A457760D, cid=807, SUCCESS, logIndex=1402, commits[0c156e3c-57cc-425b-90ef-9bcaa62a7535:c1403]
2019-06-14 13:45:41,960 INFO  client.GrpcClientProtocolClient (GrpcClientProtocolClient.java:onNext(254)) - client-E0FA40453D59->0c156e3c-57cc-425b-90ef-9bcaa62a7535: receive RaftClientReply:client-E0FA40453D59->0c156e3c-57cc-425b-90ef-9bcaa62a7535@group-7704A457760D, cid=808, SUCCESS, logIndex=1403, commits[0c156e3c-57cc-425b-90ef-9bcaa62a7535:c1403]
2019-06-14 13:45:41,980 INFO  client.GrpcClientProtocolClient (GrpcClientProtocolClient.java:onNext(254)) - client-E0FA40453D59->0c156e3c-57cc-425b-90ef-9bcaa62a7535: receive RaftClientReply:client-E0FA40453D59->0c156e3c-57cc-425b-90ef-9bcaa62a7535@group-7704A457760D, cid=809, SUCCESS, logIndex=1406, commits[0c156e3c-57cc-425b-90ef-9bcaa62a7535:c1406]
2019-06-14 13:45:41,980 DEBUG block.SCMBlockDeletingService (SCMBlockDeletingService.java:call(138)) - Running DeletedBlockTransactionScanner
2019-06-14 13:45:41,980 DEBUG block.SCMBlockDeletingService (SCMBlockDeletingService.java:call(155)) - Scanned deleted blocks log and got 0 delTX to process.
2019-06-14 13:45:41,992 INFO  client.GrpcClientProtocolClient (GrpcClientProtocolClient.java:onNext(254)) - client-E0FA40453D59->0c156e3c-57cc-425b-90ef-9bcaa62a7535: receive RaftClientReply:client-E0FA40453D59->0c156e3c-57cc-425b-90ef-9bcaa62a7535@group-7704A457760D, cid=810, SUCCESS, logIndex=1408, commits[0c156e3c-57cc-425b-90ef-9bcaa62a7535:c1408]
2019-06-14 13:45:41,999 INFO  client.GrpcClientProtocolClient (GrpcClientProtocolClient.java:onNext(254)) - client-E0FA40453D59->0c156e3c-57cc-425b-90ef-9bcaa62a7535: receive RaftClientReply:client-E0FA40453D59->0c156e3c-57cc-425b-90ef-9bcaa62a7535@group-7704A457760D, cid=811, SUCCESS, logIndex=1410, commits[0c156e3c-57cc-425b-90ef-9bcaa62a7535:c1410]
2019-06-14 13:45:42,006 INFO  client.GrpcClientProtocolClient (GrpcClientProtocolClient.java:onNext(254)) - client-E0FA40453D59->0c156e3c-57cc-425b-90ef-9bcaa62a7535: receive RaftClientReply:client-E0FA40453D59->0c156e3c-57cc-425b-90ef-9bcaa62a7535@group-7704A457760D, cid=812, SUCCESS, logIndex=1411, commits[0c156e3c-57cc-425b-90ef-9bcaa62a7535:c1412]
2019-06-14 13:45:42,030 INFO  client.GrpcClientProtocolClient (GrpcClientProtocolClient.java:onNext(254)) - client-E0FA40453D59->0c156e3c-57cc-425b-90ef-9bcaa62a7535: receive RaftClientReply:client-E0FA40453D59->0c156e3c-57cc-425b-90ef-9bcaa62a7535@group-7704A457760D, cid=813, SUCCESS, logIndex=1413, commits[0c156e3c-57cc-425b-90ef-9bcaa62a7535:c1413]
2019-06-14 13:45:42,031 INFO  storage.RaftLogWorker (RaftLogWorker.java:rollLogSegment(303)) - 0c156e3c-57cc-425b-90ef-9bcaa62a7535-RaftLogWorker: Rolling segment log-1336_1414 to index:1414
2019-06-14 13:45:42,031 INFO  storage.RaftLogWorker (RaftLogWorker.java:execute(433)) - 0c156e3c-57cc-425b-90ef-9bcaa62a7535-RaftLogWorker: Rolled log segment from /opt/src/hadoop-ozone/integration-test/target/test-dir/MiniOzoneClusterImpl-8919240e-7e15-4dbf-8bf4-c210578586bb/datanode-0/data/ratis/1fc53845-3381-4beb-82f9-7704a457760d/current/log_inprogress_1336 to /opt/src/hadoop-ozone/integration-test/target/test-dir/MiniOzoneClusterImpl-8919240e-7e15-4dbf-8bf4-c210578586bb/datanode-0/data/ratis/1fc53845-3381-4beb-82f9-7704a457760d/current/log_1336-1414
2019-06-14 13:45:42,079 INFO  storage.RaftLogWorker (RaftLogWorker.java:execute(469)) - 0c156e3c-57cc-425b-90ef-9bcaa62a7535-RaftLogWorker: created new log segment /opt/src/hadoop-ozone/integration-test/target/test-dir/MiniOzoneClusterImpl-8919240e-7e15-4dbf-8bf4-c210578586bb/datanode-0/data/ratis/1fc53845-3381-4beb-82f9-7704a457760d/current/log_inprogress_1415
2019-06-14 13:45:42,082 INFO  client.GrpcClientProtocolClient (GrpcClientProtocolClient.java:onNext(254)) - client-E0FA40453D59->0c156e3c-57cc-425b-90ef-9bcaa62a7535: receive RaftClientReply:client-E0FA40453D59->0c156e3c-57cc-425b-90ef-9bcaa62a7535@group-7704A457760D, cid=814, SUCCESS, logIndex=1415, commits[0c156e3c-57cc-425b-90ef-9bcaa62a7535:c1417]
2019-06-14 13:45:42,082 DEBUG block.SCMBlockDeletingService (SCMBlockDeletingService.java:call(138)) - Running DeletedBlockTransactionScanner
2019-06-14 13:45:42,093 DEBUG block.SCMBlockDeletingService (SCMBlockDeletingService.java:call(155)) - Scanned deleted blocks log and got 0 delTX to process.
2019-06-14 13:45:42,095 INFO  client.GrpcClientProtocolClient (GrpcClientProtocolClient.java:onNext(254)) - client-E0FA40453D59->0c156e3c-57cc-425b-90ef-9bcaa62a7535: receive RaftClientReply:client-E0FA40453D59->0c156e3c-57cc-425b-90ef-9bcaa62a7535@group-7704A457760D, cid=815, SUCCESS, logIndex=1416, commits[0c156e3c-57cc-425b-90ef-9bcaa62a7535:c1417]
2019-06-14 13:45:42,096 INFO  client.GrpcClientProtocolClient (GrpcClientProtocolClient.java:onNext(254)) - client-E0FA40453D59->0c156e3c-57cc-425b-90ef-9bcaa62a7535: receive RaftClientReply:client-E0FA40453D59->0c156e3c-57cc-425b-90ef-9bcaa62a7535@group-7704A457760D, cid=816, SUCCESS, logIndex=1417, commits[0c156e3c-57cc-425b-90ef-9bcaa62a7535:c1417]
2019-06-14 13:45:42,113 INFO  client.GrpcClientProtocolClient (GrpcClientProtocolClient.java:onNext(254)) - client-E0FA40453D59->0c156e3c-57cc-425b-90ef-9bcaa62a7535: receive RaftClientReply:client-E0FA40453D59->0c156e3c-57cc-425b-90ef-9bcaa62a7535@group-7704A457760D, cid=817, SUCCESS, logIndex=1419, commits[0c156e3c-57cc-425b-90ef-9bcaa62a7535:c1419]
2019-06-14 13:45:42,119 INFO  client.GrpcClientProtocolClient (GrpcClientProtocolClient.java:onNext(254)) - client-E0FA40453D59->0c156e3c-57cc-425b-90ef-9bcaa62a7535: receive RaftClientReply:client-E0FA40453D59->0c156e3c-57cc-425b-90ef-9bcaa62a7535@group-7704A457760D, cid=818, SUCCESS, logIndex=1421, commits[0c156e3c-57cc-425b-90ef-9bcaa62a7535:c1421]
2019-06-14 13:45:42,126 INFO  client.GrpcClientProtocolClient (GrpcClientProtocolClient.java:onNext(254)) - client-E0FA40453D59->0c156e3c-57cc-425b-90ef-9bcaa62a7535: receive RaftClientReply:client-E0FA40453D59->0c156e3c-57cc-425b-90ef-9bcaa62a7535@group-7704A457760D, cid=819, SUCCESS, logIndex=1422, commits[0c156e3c-57cc-425b-90ef-9bcaa62a7535:c1423]
2019-06-14 13:45:42,127 INFO  client.GrpcClientProtocolClient (GrpcClientProtocolClient.java:onNext(254)) - client-E0FA40453D59->0c156e3c-57cc-425b-90ef-9bcaa62a7535: receive RaftClientReply:client-E0FA40453D59->0c156e3c-57cc-425b-90ef-9bcaa62a7535@group-7704A457760D, cid=820, SUCCESS, logIndex=1424, commits[0c156e3c-57cc-425b-90ef-9bcaa62a7535:c1424]
2019-06-14 13:45:42,143 INFO  client.GrpcClientProtocolClient (GrpcClientProtocolClient.java:onNext(254)) - client-E0FA40453D59->0c156e3c-57cc-425b-90ef-9bcaa62a7535: receive RaftClientReply:client-E0FA40453D59->0c156e3c-57cc-425b-90ef-9bcaa62a7535@group-7704A457760D, cid=821, SUCCESS, logIndex=1426, commits[0c156e3c-57cc-425b-90ef-9bcaa62a7535:c1426]
2019-06-14 13:45:42,151 INFO  client.GrpcClientProtocolClient (GrpcClientProtocolClient.java:onNext(254)) - client-E0FA40453D59->0c156e3c-57cc-425b-90ef-9bcaa62a7535: receive RaftClientReply:client-E0FA40453D59->0c156e3c-57cc-425b-90ef-9bcaa62a7535@group-7704A457760D, cid=822, SUCCESS, logIndex=1428, commits[0c156e3c-57cc-425b-90ef-9bcaa62a7535:c1428]
2019-06-14 13:45:42,158 INFO  client.GrpcClientProtocolClient (GrpcClientProtocolClient.java:onNext(254)) - client-E0FA40453D59->0c156e3c-57cc-425b-90ef-9bcaa62a7535: receive RaftClientReply:client-E0FA40453D59->0c156e3c-57cc-425b-90ef-9bcaa62a7535@group-7704A457760D, cid=823, SUCCESS, logIndex=1429, commits[0c156e3c-57cc-425b-90ef-9bcaa62a7535:c1430]
2019-06-14 13:45:42,159 INFO  client.GrpcClientProtocolClient (GrpcClientProtocolClient.java:onNext(254)) - client-E0FA40453D59->0c156e3c-57cc-425b-90ef-9bcaa62a7535: receive RaftClientReply:client-E0FA40453D59->0c156e3c-57cc-425b-90ef-9bcaa62a7535@group-7704A457760D, cid=824, SUCCESS, logIndex=1431, commits[0c156e3c-57cc-425b-90ef-9bcaa62a7535:c1431]
2019-06-14 13:45:42,173 INFO  client.GrpcClientProtocolClient (GrpcClientProtocolClient.java:onNext(254)) - client-E0FA40453D59->0c156e3c-57cc-425b-90ef-9bcaa62a7535: receive RaftClientReply:client-E0FA40453D59->0c156e3c-57cc-425b-90ef-9bcaa62a7535@group-7704A457760D, cid=825, SUCCESS, logIndex=1433, commits[0c156e3c-57cc-425b-90ef-9bcaa62a7535:c1433]
2019-06-14 13:45:42,179 INFO  client.GrpcClientProtocolClient (GrpcClientProtocolClient.java:onNext(254)) - client-E0FA40453D59->0c156e3c-57cc-425b-90ef-9bcaa62a7535: receive RaftClientReply:client-E0FA40453D59->0c156e3c-57cc-425b-90ef-9bcaa62a7535@group-7704A457760D, cid=826, SUCCESS, logIndex=1435, commits[0c156e3c-57cc-425b-90ef-9bcaa62a7535:c1435]
2019-06-14 13:45:42,188 INFO  client.GrpcClientProtocolClient (GrpcClientProtocolClient.java:onNext(254)) - client-E0FA40453D59->0c156e3c-57cc-425b-90ef-9bcaa62a7535: receive RaftClientReply:client-E0FA40453D59->0c156e3c-57cc-425b-90ef-9bcaa62a7535@group-7704A457760D, cid=827, SUCCESS, logIndex=1436, commits[0c156e3c-57cc-425b-90ef-9bcaa62a7535:c1437]
2019-06-14 13:45:42,189 INFO  client.GrpcClientProtocolClient (GrpcClientProtocolClient.java:onNext(254)) - client-E0FA40453D59->0c156e3c-57cc-425b-90ef-9bcaa62a7535: receive RaftClientReply:client-E0FA40453D59->0c156e3c-57cc-425b-90ef-9bcaa62a7535@group-7704A457760D, cid=828, SUCCESS, logIndex=1438, commits[0c156e3c-57cc-425b-90ef-9bcaa62a7535:c1438]
2019-06-14 13:45:42,197 INFO  client.GrpcClientProtocolClient (GrpcClientProtocolClient.java:onNext(254)) - client-E0FA40453D59->0c156e3c-57cc-425b-90ef-9bcaa62a7535: receive RaftClientReply:client-E0FA40453D59->0c156e3c-57cc-425b-90ef-9bcaa62a7535@group-7704A457760D, cid=829, SUCCESS, logIndex=1440, commits[0c156e3c-57cc-425b-90ef-9bcaa62a7535:c1440]
2019-06-14 13:45:42,200 DEBUG block.SCMBlockDeletingService (SCMBlockDeletingService.java:call(138)) - Running DeletedBlockTransactionScanner
2019-06-14 13:45:42,200 DEBUG block.SCMBlockDeletingService (SCMBlockDeletingService.java:call(155)) - Scanned deleted blocks log and got 0 delTX to process.
2019-06-14 13:45:42,203 INFO  client.GrpcClientProtocolClient (GrpcClientProtocolClient.java:onNext(254)) - client-E0FA40453D59->0c156e3c-57cc-425b-90ef-9bcaa62a7535: receive RaftClientReply:client-E0FA40453D59->0c156e3c-57cc-425b-90ef-9bcaa62a7535@group-7704A457760D, cid=830, SUCCESS, logIndex=1442, commits[0c156e3c-57cc-425b-90ef-9bcaa62a7535:c1442]
2019-06-14 13:45:42,204 INFO  client.GrpcClientProtocolClient (GrpcClientProtocolClient.java:onNext(254)) - client-E0FA40453D59->0c156e3c-57cc-425b-90ef-9bcaa62a7535: receive RaftClientReply:client-E0FA40453D59->0c156e3c-57cc-425b-90ef-9bcaa62a7535@group-7704A457760D, cid=831, SUCCESS, logIndex=1443, commits[0c156e3c-57cc-425b-90ef-9bcaa62a7535:c1444]
2019-06-14 13:45:42,205 INFO  client.GrpcClientProtocolClient (GrpcClientProtocolClient.java:onNext(254)) - client-E0FA40453D59->0c156e3c-57cc-425b-90ef-9bcaa62a7535: receive RaftClientReply:client-E0FA40453D59->0c156e3c-57cc-425b-90ef-9bcaa62a7535@group-7704A457760D, cid=832, SUCCESS, logIndex=1445, commits[0c156e3c-57cc-425b-90ef-9bcaa62a7535:c1445]
2019-06-14 13:45:42,219 INFO  client.GrpcClientProtocolClient (GrpcClientProtocolClient.java:onNext(254)) - client-E0FA40453D59->0c156e3c-57cc-425b-90ef-9bcaa62a7535: receive RaftClientReply:client-E0FA40453D59->0c156e3c-57cc-425b-90ef-9bcaa62a7535@group-7704A457760D, cid=833, SUCCESS, logIndex=1447, commits[0c156e3c-57cc-425b-90ef-9bcaa62a7535:c1447]
2019-06-14 13:45:42,221 INFO  client.GrpcClientProtocolClient (GrpcClientProtocolClient.java:onNext(254)) - client-E0FA40453D59->0c156e3c-57cc-425b-90ef-9bcaa62a7535: receive RaftClientReply:client-E0FA40453D59->0c156e3c-57cc-425b-90ef-9bcaa62a7535@group-7704A457760D, cid=834, SUCCESS, logIndex=1449, commits[0c156e3c-57cc-425b-90ef-9bcaa62a7535:c1449]
2019-06-14 13:45:42,222 INFO  client.GrpcClientProtocolClient (GrpcClientProtocolClient.java:onNext(254)) - client-E0FA40453D59->0c156e3c-57cc-425b-90ef-9bcaa62a7535: receive RaftClientReply:client-E0FA40453D59->0c156e3c-57cc-425b-90ef-9bcaa62a7535@group-7704A457760D, cid=835, SUCCESS, logIndex=1450, commits[0c156e3c-57cc-425b-90ef-9bcaa62a7535:c1451]
2019-06-14 13:45:42,223 INFO  client.GrpcClientProtocolClient (GrpcClientProtocolClient.java:onNext(254)) - client-E0FA40453D59->0c156e3c-57cc-425b-90ef-9bcaa62a7535: receive RaftClientReply:client-E0FA40453D59->0c156e3c-57cc-425b-90ef-9bcaa62a7535@group-7704A457760D, cid=836, SUCCESS, logIndex=1451, commits[0c156e3c-57cc-425b-90ef-9bcaa62a7535:c1451]
2019-06-14 13:45:42,271 INFO  client.GrpcClientProtocolClient (GrpcClientProtocolClient.java:onNext(254)) - client-E0FA40453D59->0c156e3c-57cc-425b-90ef-9bcaa62a7535: receive RaftClientReply:client-E0FA40453D59->0c156e3c-57cc-425b-90ef-9bcaa62a7535@group-7704A457760D, cid=837, SUCCESS, logIndex=1454, commits[0c156e3c-57cc-425b-90ef-9bcaa62a7535:c1454]
2019-06-14 13:45:42,278 INFO  client.GrpcClientProtocolClient (GrpcClientProtocolClient.java:onNext(254)) - client-E0FA40453D59->0c156e3c-57cc-425b-90ef-9bcaa62a7535: receive RaftClientReply:client-E0FA40453D59->0c156e3c-57cc-425b-90ef-9bcaa62a7535@group-7704A457760D, cid=838, SUCCESS, logIndex=1456, commits[0c156e3c-57cc-425b-90ef-9bcaa62a7535:c1456]
2019-06-14 13:45:42,302 DEBUG block.SCMBlockDeletingService (SCMBlockDeletingService.java:call(138)) - Running DeletedBlockTransactionScanner
2019-06-14 13:45:42,302 DEBUG block.SCMBlockDeletingService (SCMBlockDeletingService.java:call(155)) - Scanned deleted blocks log and got 0 delTX to process.
2019-06-14 13:45:42,361 INFO  client.GrpcClientProtocolClient (GrpcClientProtocolClient.java:onNext(254)) - client-E0FA40453D59->0c156e3c-57cc-425b-90ef-9bcaa62a7535: receive RaftClientReply:client-E0FA40453D59->0c156e3c-57cc-425b-90ef-9bcaa62a7535@group-7704A457760D, cid=839, SUCCESS, logIndex=1458, commits[0c156e3c-57cc-425b-90ef-9bcaa62a7535:c1458]
2019-06-14 13:45:42,366 INFO  client.GrpcClientProtocolClient (GrpcClientProtocolClient.java:onNext(254)) - client-E0FA40453D59->0c156e3c-57cc-425b-90ef-9bcaa62a7535: receive RaftClientReply:client-E0FA40453D59->0c156e3c-57cc-425b-90ef-9bcaa62a7535@group-7704A457760D, cid=840, SUCCESS, logIndex=1460, commits[0c156e3c-57cc-425b-90ef-9bcaa62a7535:c1460]
2019-06-14 13:45:42,388 INFO  client.GrpcClientProtocolClient (GrpcClientProtocolClient.java:onNext(254)) - client-E0FA40453D59->0c156e3c-57cc-425b-90ef-9bcaa62a7535: receive RaftClientReply:client-E0FA40453D59->0c156e3c-57cc-425b-90ef-9bcaa62a7535@group-7704A457760D, cid=841, SUCCESS, logIndex=1462, commits[0c156e3c-57cc-425b-90ef-9bcaa62a7535:c1462]
2019-06-14 13:45:42,406 DEBUG block.SCMBlockDeletingService (SCMBlockDeletingService.java:call(138)) - Running DeletedBlockTransactionScanner
2019-06-14 13:45:42,406 DEBUG block.SCMBlockDeletingService (SCMBlockDeletingService.java:call(155)) - Scanned deleted blocks log and got 0 delTX to process.
2019-06-14 13:45:42,406 INFO  client.GrpcClientProtocolClient (GrpcClientProtocolClient.java:onNext(254)) - client-E0FA40453D59->0c156e3c-57cc-425b-90ef-9bcaa62a7535: receive RaftClientReply:client-E0FA40453D59->0c156e3c-57cc-425b-90ef-9bcaa62a7535@group-7704A457760D, cid=842, SUCCESS, logIndex=1464, commits[0c156e3c-57cc-425b-90ef-9bcaa62a7535:c1464]
2019-06-14 13:45:42,413 INFO  client.GrpcClientProtocolClient (GrpcClientProtocolClient.java:onNext(254)) - client-E0FA40453D59->0c156e3c-57cc-425b-90ef-9bcaa62a7535: receive RaftClientReply:client-E0FA40453D59->0c156e3c-57cc-425b-90ef-9bcaa62a7535@group-7704A457760D, cid=843, SUCCESS, logIndex=1466, commits[0c156e3c-57cc-425b-90ef-9bcaa62a7535:c1467]
2019-06-14 13:45:42,418 INFO  client.GrpcClientProtocolClient (GrpcClientProtocolClient.java:onNext(254)) - client-E0FA40453D59->0c156e3c-57cc-425b-90ef-9bcaa62a7535: receive RaftClientReply:client-E0FA40453D59->0c156e3c-57cc-425b-90ef-9bcaa62a7535@group-7704A457760D, cid=844, SUCCESS, logIndex=1467, commits[0c156e3c-57cc-425b-90ef-9bcaa62a7535:c1467]
2019-06-14 13:45:42,429 INFO  client.GrpcClientProtocolClient (GrpcClientProtocolClient.java:onNext(254)) - client-E0FA40453D59->0c156e3c-57cc-425b-90ef-9bcaa62a7535: receive RaftClientReply:client-E0FA40453D59->0c156e3c-57cc-425b-90ef-9bcaa62a7535@group-7704A457760D, cid=845, SUCCESS, logIndex=1469, commits[0c156e3c-57cc-425b-90ef-9bcaa62a7535:c1469]
2019-06-14 13:45:42,432 INFO  client.GrpcClientProtocolClient (GrpcClientProtocolClient.java:onNext(254)) - client-E0FA40453D59->0c156e3c-57cc-425b-90ef-9bcaa62a7535: receive RaftClientReply:client-E0FA40453D59->0c156e3c-57cc-425b-90ef-9bcaa62a7535@group-7704A457760D, cid=846, SUCCESS, logIndex=1471, commits[0c156e3c-57cc-425b-90ef-9bcaa62a7535:c1471]
2019-06-14 13:45:42,437 INFO  client.GrpcClientProtocolClient (GrpcClientProtocolClient.java:onNext(254)) - client-E0FA40453D59->0c156e3c-57cc-425b-90ef-9bcaa62a7535: receive RaftClientReply:client-E0FA40453D59->0c156e3c-57cc-425b-90ef-9bcaa62a7535@group-7704A457760D, cid=847, SUCCESS, logIndex=1472, commits[0c156e3c-57cc-425b-90ef-9bcaa62a7535:c1474]
2019-06-14 13:45:42,437 INFO  client.GrpcClientProtocolClient (GrpcClientProtocolClient.java:onNext(254)) - client-E0FA40453D59->0c156e3c-57cc-425b-90ef-9bcaa62a7535: receive RaftClientReply:client-E0FA40453D59->0c156e3c-57cc-425b-90ef-9bcaa62a7535@group-7704A457760D, cid=848, SUCCESS, logIndex=1474, commits[0c156e3c-57cc-425b-90ef-9bcaa62a7535:c1474]
2019-06-14 13:45:42,453 INFO  client.GrpcClientProtocolClient (GrpcClientProtocolClient.java:onNext(254)) - client-E0FA40453D59->0c156e3c-57cc-425b-90ef-9bcaa62a7535: receive RaftClientReply:client-E0FA40453D59->0c156e3c-57cc-425b-90ef-9bcaa62a7535@group-7704A457760D, cid=849, SUCCESS, logIndex=1476, commits[0c156e3c-57cc-425b-90ef-9bcaa62a7535:c1476]
2019-06-14 13:45:42,466 INFO  client.GrpcClientProtocolClient (GrpcClientProtocolClient.java:onNext(254)) - client-E0FA40453D59->0c156e3c-57cc-425b-90ef-9bcaa62a7535: receive RaftClientReply:client-E0FA40453D59->0c156e3c-57cc-425b-90ef-9bcaa62a7535@group-7704A457760D, cid=850, SUCCESS, logIndex=1478, commits[0c156e3c-57cc-425b-90ef-9bcaa62a7535:c1478]
2019-06-14 13:45:42,467 INFO  client.GrpcClientProtocolClient (GrpcClientProtocolClient.java:onNext(254)) - client-E0FA40453D59->0c156e3c-57cc-425b-90ef-9bcaa62a7535: receive RaftClientReply:client-E0FA40453D59->0c156e3c-57cc-425b-90ef-9bcaa62a7535@group-7704A457760D, cid=851, SUCCESS, logIndex=1479, commits[0c156e3c-57cc-425b-90ef-9bcaa62a7535:c1480]
2019-06-14 13:45:42,473 INFO  client.GrpcClientProtocolClient (GrpcClientProtocolClient.java:onNext(254)) - client-E0FA40453D59->0c156e3c-57cc-425b-90ef-9bcaa62a7535: receive RaftClientReply:client-E0FA40453D59->0c156e3c-57cc-425b-90ef-9bcaa62a7535@group-7704A457760D, cid=852, SUCCESS, logIndex=1481, commits[0c156e3c-57cc-425b-90ef-9bcaa62a7535:c1481]
2019-06-14 13:45:42,485 INFO  client.GrpcClientProtocolClient (GrpcClientProtocolClient.java:onNext(254)) - client-E0FA40453D59->0c156e3c-57cc-425b-90ef-9bcaa62a7535: receive RaftClientReply:client-E0FA40453D59->0c156e3c-57cc-425b-90ef-9bcaa62a7535@group-7704A457760D, cid=853, SUCCESS, logIndex=1483, commits[0c156e3c-57cc-425b-90ef-9bcaa62a7535:c1483]
2019-06-14 13:45:42,486 INFO  storage.RaftLogWorker (RaftLogWorker.java:rollLogSegment(303)) - 0c156e3c-57cc-425b-90ef-9bcaa62a7535-RaftLogWorker: Rolling segment log-1415_1486 to index:1486
2019-06-14 13:45:42,487 INFO  storage.RaftLogWorker (RaftLogWorker.java:execute(433)) - 0c156e3c-57cc-425b-90ef-9bcaa62a7535-RaftLogWorker: Rolled log segment from /opt/src/hadoop-ozone/integration-test/target/test-dir/MiniOzoneClusterImpl-8919240e-7e15-4dbf-8bf4-c210578586bb/datanode-0/data/ratis/1fc53845-3381-4beb-82f9-7704a457760d/current/log_inprogress_1415 to /opt/src/hadoop-ozone/integration-test/target/test-dir/MiniOzoneClusterImpl-8919240e-7e15-4dbf-8bf4-c210578586bb/datanode-0/data/ratis/1fc53845-3381-4beb-82f9-7704a457760d/current/log_1415-1486
2019-06-14 13:45:42,502 INFO  client.GrpcClientProtocolClient (GrpcClientProtocolClient.java:onNext(254)) - client-E0FA40453D59->0c156e3c-57cc-425b-90ef-9bcaa62a7535: receive RaftClientReply:client-E0FA40453D59->0c156e3c-57cc-425b-90ef-9bcaa62a7535@group-7704A457760D, cid=854, SUCCESS, logIndex=1485, commits[0c156e3c-57cc-425b-90ef-9bcaa62a7535:c1486]
2019-06-14 13:45:42,506 DEBUG block.SCMBlockDeletingService (SCMBlockDeletingService.java:call(138)) - Running DeletedBlockTransactionScanner
2019-06-14 13:45:42,518 DEBUG block.SCMBlockDeletingService (SCMBlockDeletingService.java:call(155)) - Scanned deleted blocks log and got 0 delTX to process.
2019-06-14 13:45:42,519 INFO  client.GrpcClientProtocolClient (GrpcClientProtocolClient.java:onNext(254)) - client-E0FA40453D59->0c156e3c-57cc-425b-90ef-9bcaa62a7535: receive RaftClientReply:client-E0FA40453D59->0c156e3c-57cc-425b-90ef-9bcaa62a7535@group-7704A457760D, cid=855, SUCCESS, logIndex=1486, commits[0c156e3c-57cc-425b-90ef-9bcaa62a7535:c1486]
2019-06-14 13:45:42,543 INFO  storage.RaftLogWorker (RaftLogWorker.java:execute(469)) - 0c156e3c-57cc-425b-90ef-9bcaa62a7535-RaftLogWorker: created new log segment /opt/src/hadoop-ozone/integration-test/target/test-dir/MiniOzoneClusterImpl-8919240e-7e15-4dbf-8bf4-c210578586bb/datanode-0/data/ratis/1fc53845-3381-4beb-82f9-7704a457760d/current/log_inprogress_1487
2019-06-14 13:45:42,545 INFO  client.GrpcClientProtocolClient (GrpcClientProtocolClient.java:onNext(254)) - client-E0FA40453D59->0c156e3c-57cc-425b-90ef-9bcaa62a7535: receive RaftClientReply:client-E0FA40453D59->0c156e3c-57cc-425b-90ef-9bcaa62a7535@group-7704A457760D, cid=856, SUCCESS, logIndex=1487, commits[0c156e3c-57cc-425b-90ef-9bcaa62a7535:c1489]
2019-06-14 13:45:42,574 INFO  client.GrpcClientProtocolClient (GrpcClientProtocolClient.java:onNext(254)) - client-E0FA40453D59->0c156e3c-57cc-425b-90ef-9bcaa62a7535: receive RaftClientReply:client-E0FA40453D59->0c156e3c-57cc-425b-90ef-9bcaa62a7535@group-7704A457760D, cid=857, SUCCESS, logIndex=1490, commits[0c156e3c-57cc-425b-90ef-9bcaa62a7535:c1490]
2019-06-14 13:45:42,577 INFO  client.GrpcClientProtocolClient (GrpcClientProtocolClient.java:onNext(254)) - client-E0FA40453D59->0c156e3c-57cc-425b-90ef-9bcaa62a7535: receive RaftClientReply:client-E0FA40453D59->0c156e3c-57cc-425b-90ef-9bcaa62a7535@group-7704A457760D, cid=858, SUCCESS, logIndex=1492, commits[0c156e3c-57cc-425b-90ef-9bcaa62a7535:c1492]
2019-06-14 13:45:42,578 INFO  client.GrpcClientProtocolClient (GrpcClientProtocolClient.java:onNext(254)) - client-E0FA40453D59->0c156e3c-57cc-425b-90ef-9bcaa62a7535: receive RaftClientReply:client-E0FA40453D59->0c156e3c-57cc-425b-90ef-9bcaa62a7535@group-7704A457760D, cid=859, SUCCESS, logIndex=1493, commits[0c156e3c-57cc-425b-90ef-9bcaa62a7535:c1493]
2019-06-14 13:45:42,579 INFO  client.GrpcClientProtocolClient (GrpcClientProtocolClient.java:onNext(254)) - client-E0FA40453D59->0c156e3c-57cc-425b-90ef-9bcaa62a7535: receive RaftClientReply:client-E0FA40453D59->0c156e3c-57cc-425b-90ef-9bcaa62a7535@group-7704A457760D, cid=860, SUCCESS, logIndex=1495, commits[0c156e3c-57cc-425b-90ef-9bcaa62a7535:c1496]
2019-06-14 13:45:42,586 INFO  client.GrpcClientProtocolClient (GrpcClientProtocolClient.java:onNext(254)) - client-E0FA40453D59->0c156e3c-57cc-425b-90ef-9bcaa62a7535: receive RaftClientReply:client-E0FA40453D59->0c156e3c-57cc-425b-90ef-9bcaa62a7535@group-7704A457760D, cid=861, SUCCESS, logIndex=1498, commits[0c156e3c-57cc-425b-90ef-9bcaa62a7535:c1498]
2019-06-14 13:45:42,592 INFO  client.GrpcClientProtocolClient (GrpcClientProtocolClient.java:onNext(254)) - client-E0FA40453D59->0c156e3c-57cc-425b-90ef-9bcaa62a7535: receive RaftClientReply:client-E0FA40453D59->0c156e3c-57cc-425b-90ef-9bcaa62a7535@group-7704A457760D, cid=862, SUCCESS, logIndex=1500, commits[0c156e3c-57cc-425b-90ef-9bcaa62a7535:c1500]
2019-06-14 13:45:42,599 INFO  client.GrpcClientProtocolClient (GrpcClientProtocolClient.java:onNext(254)) - client-E0FA40453D59->0c156e3c-57cc-425b-90ef-9bcaa62a7535: receive RaftClientReply:client-E0FA40453D59->0c156e3c-57cc-425b-90ef-9bcaa62a7535@group-7704A457760D, cid=863, SUCCESS, logIndex=1501, commits[0c156e3c-57cc-425b-90ef-9bcaa62a7535:c1502]
2019-06-14 13:45:42,600 INFO  client.GrpcClientProtocolClient (GrpcClientProtocolClient.java:onNext(254)) - client-E0FA40453D59->0c156e3c-57cc-425b-90ef-9bcaa62a7535: receive RaftClientReply:client-E0FA40453D59->0c156e3c-57cc-425b-90ef-9bcaa62a7535@group-7704A457760D, cid=864, SUCCESS, logIndex=1502, commits[0c156e3c-57cc-425b-90ef-9bcaa62a7535:c1502]
2019-06-14 13:45:42,617 INFO  client.GrpcClientProtocolClient (GrpcClientProtocolClient.java:onNext(254)) - client-E0FA40453D59->0c156e3c-57cc-425b-90ef-9bcaa62a7535: receive RaftClientReply:client-E0FA40453D59->0c156e3c-57cc-425b-90ef-9bcaa62a7535@group-7704A457760D, cid=865, SUCCESS, logIndex=1505, commits[0c156e3c-57cc-425b-90ef-9bcaa62a7535:c1505]
2019-06-14 13:45:42,618 DEBUG block.SCMBlockDeletingService (SCMBlockDeletingService.java:call(138)) - Running DeletedBlockTransactionScanner
2019-06-14 13:45:42,618 DEBUG block.SCMBlockDeletingService (SCMBlockDeletingService.java:call(155)) - Scanned deleted blocks log and got 0 delTX to process.
2019-06-14 13:45:42,634 INFO  client.GrpcClientProtocolClient (GrpcClientProtocolClient.java:onNext(254)) - client-E0FA40453D59->0c156e3c-57cc-425b-90ef-9bcaa62a7535: receive RaftClientReply:client-E0FA40453D59->0c156e3c-57cc-425b-90ef-9bcaa62a7535@group-7704A457760D, cid=866, SUCCESS, logIndex=1507, commits[0c156e3c-57cc-425b-90ef-9bcaa62a7535:c1511]
2019-06-14 13:45:42,639 INFO  client.GrpcClientProtocolClient (GrpcClientProtocolClient.java:onNext(254)) - client-E0FA40453D59->0c156e3c-57cc-425b-90ef-9bcaa62a7535: receive RaftClientReply:client-E0FA40453D59->0c156e3c-57cc-425b-90ef-9bcaa62a7535@group-7704A457760D, cid=867, SUCCESS, logIndex=1508, commits[0c156e3c-57cc-425b-90ef-9bcaa62a7535:c1511]
2019-06-14 13:45:42,646 INFO  client.GrpcClientProtocolClient (GrpcClientProtocolClient.java:onNext(254)) - client-E0FA40453D59->0c156e3c-57cc-425b-90ef-9bcaa62a7535: receive RaftClientReply:client-E0FA40453D59->0c156e3c-57cc-425b-90ef-9bcaa62a7535@group-7704A457760D, cid=868, SUCCESS, logIndex=1509, commits[0c156e3c-57cc-425b-90ef-9bcaa62a7535:c1511]
2019-06-14 13:45:42,664 INFO  client.GrpcClientProtocolClient (GrpcClientProtocolClient.java:onNext(254)) - client-E0FA40453D59->0c156e3c-57cc-425b-90ef-9bcaa62a7535: receive RaftClientReply:client-E0FA40453D59->0c156e3c-57cc-425b-90ef-9bcaa62a7535@group-7704A457760D, cid=869, SUCCESS, logIndex=1512, commits[0c156e3c-57cc-425b-90ef-9bcaa62a7535:c1512]
2019-06-14 13:45:42,666 INFO  client.GrpcClientProtocolClient (GrpcClientProtocolClient.java:onNext(254)) - client-E0FA40453D59->0c156e3c-57cc-425b-90ef-9bcaa62a7535: receive RaftClientReply:client-E0FA40453D59->0c156e3c-57cc-425b-90ef-9bcaa62a7535@group-7704A457760D, cid=870, SUCCESS, logIndex=1514, commits[0c156e3c-57cc-425b-90ef-9bcaa62a7535:c1514]
2019-06-14 13:45:42,676 INFO  client.GrpcClientProtocolClient (GrpcClientProtocolClient.java:onNext(254)) - client-E0FA40453D59->0c156e3c-57cc-425b-90ef-9bcaa62a7535: receive RaftClientReply:client-E0FA40453D59->0c156e3c-57cc-425b-90ef-9bcaa62a7535@group-7704A457760D, cid=871, SUCCESS, logIndex=1515, commits[0c156e3c-57cc-425b-90ef-9bcaa62a7535:c1517]
2019-06-14 13:45:42,678 INFO  client.GrpcClientProtocolClient (GrpcClientProtocolClient.java:onNext(254)) - client-E0FA40453D59->0c156e3c-57cc-425b-90ef-9bcaa62a7535: receive RaftClientReply:client-E0FA40453D59->0c156e3c-57cc-425b-90ef-9bcaa62a7535@group-7704A457760D, cid=872, SUCCESS, logIndex=1517, commits[0c156e3c-57cc-425b-90ef-9bcaa62a7535:c1517]
2019-06-14 13:45:42,699 INFO  client.GrpcClientProtocolClient (GrpcClientProtocolClient.java:onNext(254)) - client-E0FA40453D59->0c156e3c-57cc-425b-90ef-9bcaa62a7535: receive RaftClientReply:client-E0FA40453D59->0c156e3c-57cc-425b-90ef-9bcaa62a7535@group-7704A457760D, cid=873, SUCCESS, logIndex=1519, commits[0c156e3c-57cc-425b-90ef-9bcaa62a7535:c1519]
2019-06-14 13:45:42,701 INFO  client.GrpcClientProtocolClient (GrpcClientProtocolClient.java:onNext(254)) - client-E0FA40453D59->0c156e3c-57cc-425b-90ef-9bcaa62a7535: receive RaftClientReply:client-E0FA40453D59->0c156e3c-57cc-425b-90ef-9bcaa62a7535@group-7704A457760D, cid=874, SUCCESS, logIndex=1521, commits[0c156e3c-57cc-425b-90ef-9bcaa62a7535:c1521]
2019-06-14 13:45:42,717 INFO  client.GrpcClientProtocolClient (GrpcClientProtocolClient.java:onNext(254)) - client-E0FA40453D59->0c156e3c-57cc-425b-90ef-9bcaa62a7535: receive RaftClientReply:client-E0FA40453D59->0c156e3c-57cc-425b-90ef-9bcaa62a7535@group-7704A457760D, cid=875, SUCCESS, logIndex=1522, commits[0c156e3c-57cc-425b-90ef-9bcaa62a7535:c1524]
2019-06-14 13:45:42,717 INFO  client.GrpcClientProtocolClient (GrpcClientProtocolClient.java:onNext(254)) - client-E0FA40453D59->0c156e3c-57cc-425b-90ef-9bcaa62a7535: receive RaftClientReply:client-E0FA40453D59->0c156e3c-57cc-425b-90ef-9bcaa62a7535@group-7704A457760D, cid=876, SUCCESS, logIndex=1524, commits[0c156e3c-57cc-425b-90ef-9bcaa62a7535:c1525]
2019-06-14 13:45:42,720 DEBUG block.SCMBlockDeletingService (SCMBlockDeletingService.java:call(138)) - Running DeletedBlockTransactionScanner
2019-06-14 13:45:42,720 DEBUG block.SCMBlockDeletingService (SCMBlockDeletingService.java:call(155)) - Scanned deleted blocks log and got 0 delTX to process.
2019-06-14 13:45:42,734 INFO  client.GrpcClientProtocolClient (GrpcClientProtocolClient.java:onNext(254)) - client-E0FA40453D59->0c156e3c-57cc-425b-90ef-9bcaa62a7535: receive RaftClientReply:client-E0FA40453D59->0c156e3c-57cc-425b-90ef-9bcaa62a7535@group-7704A457760D, cid=877, SUCCESS, logIndex=1526, commits[0c156e3c-57cc-425b-90ef-9bcaa62a7535:c1526]
2019-06-14 13:45:42,761 INFO  client.GrpcClientProtocolClient (GrpcClientProtocolClient.java:onNext(254)) - client-E0FA40453D59->0c156e3c-57cc-425b-90ef-9bcaa62a7535: receive RaftClientReply:client-E0FA40453D59->0c156e3c-57cc-425b-90ef-9bcaa62a7535@group-7704A457760D, cid=878, SUCCESS, logIndex=1528, commits[0c156e3c-57cc-425b-90ef-9bcaa62a7535:c1528]
2019-06-14 13:45:42,762 INFO  client.GrpcClientProtocolClient (GrpcClientProtocolClient.java:onNext(254)) - client-E0FA40453D59->0c156e3c-57cc-425b-90ef-9bcaa62a7535: receive RaftClientReply:client-E0FA40453D59->0c156e3c-57cc-425b-90ef-9bcaa62a7535@group-7704A457760D, cid=879, SUCCESS, logIndex=1529, commits[0c156e3c-57cc-425b-90ef-9bcaa62a7535:c1530]
2019-06-14 13:45:42,762 INFO  client.GrpcClientProtocolClient (GrpcClientProtocolClient.java:onNext(254)) - client-E0FA40453D59->0c156e3c-57cc-425b-90ef-9bcaa62a7535: receive RaftClientReply:client-E0FA40453D59->0c156e3c-57cc-425b-90ef-9bcaa62a7535@group-7704A457760D, cid=880, SUCCESS, logIndex=1531, commits[0c156e3c-57cc-425b-90ef-9bcaa62a7535:c1532]
2019-06-14 13:45:42,775 INFO  client.GrpcClientProtocolClient (GrpcClientProtocolClient.java:onNext(254)) - client-E0FA40453D59->0c156e3c-57cc-425b-90ef-9bcaa62a7535: receive RaftClientReply:client-E0FA40453D59->0c156e3c-57cc-425b-90ef-9bcaa62a7535@group-7704A457760D, cid=881, SUCCESS, logIndex=1533, commits[0c156e3c-57cc-425b-90ef-9bcaa62a7535:c1533]
2019-06-14 13:45:42,786 INFO  client.GrpcClientProtocolClient (GrpcClientProtocolClient.java:onNext(254)) - client-E0FA40453D59->0c156e3c-57cc-425b-90ef-9bcaa62a7535: receive RaftClientReply:client-E0FA40453D59->0c156e3c-57cc-425b-90ef-9bcaa62a7535@group-7704A457760D, cid=882, SUCCESS, logIndex=1535, commits[0c156e3c-57cc-425b-90ef-9bcaa62a7535:c1537]
2019-06-14 13:45:42,792 INFO  client.GrpcClientProtocolClient (GrpcClientProtocolClient.java:onNext(254)) - client-E0FA40453D59->0c156e3c-57cc-425b-90ef-9bcaa62a7535: receive RaftClientReply:client-E0FA40453D59->0c156e3c-57cc-425b-90ef-9bcaa62a7535@group-7704A457760D, cid=883, SUCCESS, logIndex=1536, commits[0c156e3c-57cc-425b-90ef-9bcaa62a7535:c1537]
2019-06-14 13:45:42,792 INFO  client.GrpcClientProtocolClient (GrpcClientProtocolClient.java:onNext(254)) - client-E0FA40453D59->0c156e3c-57cc-425b-90ef-9bcaa62a7535: receive RaftClientReply:client-E0FA40453D59->0c156e3c-57cc-425b-90ef-9bcaa62a7535@group-7704A457760D, cid=884, SUCCESS, logIndex=1537, commits[0c156e3c-57cc-425b-90ef-9bcaa62a7535:c1537]
2019-06-14 13:45:42,825 DEBUG block.SCMBlockDeletingService (SCMBlockDeletingService.java:call(138)) - Running DeletedBlockTransactionScanner
2019-06-14 13:45:42,825 DEBUG block.SCMBlockDeletingService (SCMBlockDeletingService.java:call(155)) - Scanned deleted blocks log and got 0 delTX to process.
2019-06-14 13:45:42,926 DEBUG block.SCMBlockDeletingService (SCMBlockDeletingService.java:call(138)) - Running DeletedBlockTransactionScanner
2019-06-14 13:45:42,926 DEBUG block.SCMBlockDeletingService (SCMBlockDeletingService.java:call(155)) - Scanned deleted blocks log and got 0 delTX to process.
2019-06-14 13:45:42,946 INFO  client.GrpcClientProtocolClient (GrpcClientProtocolClient.java:onNext(254)) - client-E0FA40453D59->0c156e3c-57cc-425b-90ef-9bcaa62a7535: receive RaftClientReply:client-E0FA40453D59->0c156e3c-57cc-425b-90ef-9bcaa62a7535@group-7704A457760D, cid=885, SUCCESS, logIndex=1539, commits[0c156e3c-57cc-425b-90ef-9bcaa62a7535:c1539]
2019-06-14 13:45:42,951 INFO  client.GrpcClientProtocolClient (GrpcClientProtocolClient.java:onNext(254)) - client-E0FA40453D59->0c156e3c-57cc-425b-90ef-9bcaa62a7535: receive RaftClientReply:client-E0FA40453D59->0c156e3c-57cc-425b-90ef-9bcaa62a7535@group-7704A457760D, cid=886, SUCCESS, logIndex=1541, commits[0c156e3c-57cc-425b-90ef-9bcaa62a7535:c1541]
2019-06-14 13:45:42,966 INFO  client.GrpcClientProtocolClient (GrpcClientProtocolClient.java:onNext(254)) - client-E0FA40453D59->0c156e3c-57cc-425b-90ef-9bcaa62a7535: receive RaftClientReply:client-E0FA40453D59->0c156e3c-57cc-425b-90ef-9bcaa62a7535@group-7704A457760D, cid=887, SUCCESS, logIndex=1542, commits[0c156e3c-57cc-425b-90ef-9bcaa62a7535:c1544]
2019-06-14 13:45:42,966 INFO  client.GrpcClientProtocolClient (GrpcClientProtocolClient.java:onNext(254)) - client-E0FA40453D59->0c156e3c-57cc-425b-90ef-9bcaa62a7535: receive RaftClientReply:client-E0FA40453D59->0c156e3c-57cc-425b-90ef-9bcaa62a7535@group-7704A457760D, cid=888, SUCCESS, logIndex=1543, commits[0c156e3c-57cc-425b-90ef-9bcaa62a7535:c1544]
2019-06-14 13:45:43,016 INFO  client.GrpcClientProtocolClient (GrpcClientProtocolClient.java:onNext(254)) - client-E0FA40453D59->0c156e3c-57cc-425b-90ef-9bcaa62a7535: receive RaftClientReply:client-E0FA40453D59->0c156e3c-57cc-425b-90ef-9bcaa62a7535@group-7704A457760D, cid=889, SUCCESS, logIndex=1545, commits[0c156e3c-57cc-425b-90ef-9bcaa62a7535:c1545]
2019-06-14 13:45:43,026 INFO  client.GrpcClientProtocolClient (GrpcClientProtocolClient.java:onNext(254)) - client-E0FA40453D59->0c156e3c-57cc-425b-90ef-9bcaa62a7535: receive RaftClientReply:client-E0FA40453D59->0c156e3c-57cc-425b-90ef-9bcaa62a7535@group-7704A457760D, cid=890, SUCCESS, logIndex=1547, commits[0c156e3c-57cc-425b-90ef-9bcaa62a7535:c1547]
2019-06-14 13:45:43,027 DEBUG block.SCMBlockDeletingService (SCMBlockDeletingService.java:call(138)) - Running DeletedBlockTransactionScanner
2019-06-14 13:45:43,027 DEBUG block.SCMBlockDeletingService (SCMBlockDeletingService.java:call(155)) - Scanned deleted blocks log and got 0 delTX to process.
2019-06-14 13:45:43,034 INFO  client.GrpcClientProtocolClient (GrpcClientProtocolClient.java:onNext(254)) - client-E0FA40453D59->0c156e3c-57cc-425b-90ef-9bcaa62a7535: receive RaftClientReply:client-E0FA40453D59->0c156e3c-57cc-425b-90ef-9bcaa62a7535@group-7704A457760D, cid=891, SUCCESS, logIndex=1548, commits[0c156e3c-57cc-425b-90ef-9bcaa62a7535:c1550]
2019-06-14 13:45:43,035 INFO  client.GrpcClientProtocolClient (GrpcClientProtocolClient.java:onNext(254)) - client-E0FA40453D59->0c156e3c-57cc-425b-90ef-9bcaa62a7535: receive RaftClientReply:client-E0FA40453D59->0c156e3c-57cc-425b-90ef-9bcaa62a7535@group-7704A457760D, cid=892, SUCCESS, logIndex=1550, commits[0c156e3c-57cc-425b-90ef-9bcaa62a7535:c1550]
2019-06-14 13:45:43,045 INFO  client.GrpcClientProtocolClient (GrpcClientProtocolClient.java:onNext(254)) - client-E0FA40453D59->0c156e3c-57cc-425b-90ef-9bcaa62a7535: receive RaftClientReply:client-E0FA40453D59->0c156e3c-57cc-425b-90ef-9bcaa62a7535@group-7704A457760D, cid=893, SUCCESS, logIndex=1552, commits[0c156e3c-57cc-425b-90ef-9bcaa62a7535:c1552]
2019-06-14 13:45:43,061 INFO  client.GrpcClientProtocolClient (GrpcClientProtocolClient.java:onNext(254)) - client-E0FA40453D59->0c156e3c-57cc-425b-90ef-9bcaa62a7535: receive RaftClientReply:client-E0FA40453D59->0c156e3c-57cc-425b-90ef-9bcaa62a7535@group-7704A457760D, cid=894, SUCCESS, logIndex=1554, commits[0c156e3c-57cc-425b-90ef-9bcaa62a7535:c1554]
2019-06-14 13:45:43,068 INFO  client.GrpcClientProtocolClient (GrpcClientProtocolClient.java:onNext(254)) - client-E0FA40453D59->0c156e3c-57cc-425b-90ef-9bcaa62a7535: receive RaftClientReply:client-E0FA40453D59->0c156e3c-57cc-425b-90ef-9bcaa62a7535@group-7704A457760D, cid=895, SUCCESS, logIndex=1556, commits[0c156e3c-57cc-425b-90ef-9bcaa62a7535:c1557]
2019-06-14 13:45:43,077 INFO  client.GrpcClientProtocolClient (GrpcClientProtocolClient.java:onNext(254)) - client-E0FA40453D59->0c156e3c-57cc-425b-90ef-9bcaa62a7535: receive RaftClientReply:client-E0FA40453D59->0c156e3c-57cc-425b-90ef-9bcaa62a7535@group-7704A457760D, cid=896, SUCCESS, logIndex=1557, commits[0c156e3c-57cc-425b-90ef-9bcaa62a7535:c1557]
2019-06-14 13:45:43,099 INFO  client.GrpcClientProtocolClient (GrpcClientProtocolClient.java:onNext(254)) - client-E0FA40453D59->0c156e3c-57cc-425b-90ef-9bcaa62a7535: receive RaftClientReply:client-E0FA40453D59->0c156e3c-57cc-425b-90ef-9bcaa62a7535@group-7704A457760D, cid=897, SUCCESS, logIndex=1559, commits[0c156e3c-57cc-425b-90ef-9bcaa62a7535:c1559]
2019-06-14 13:45:43,101 INFO  storage.RaftLogWorker (RaftLogWorker.java:rollLogSegment(303)) - 0c156e3c-57cc-425b-90ef-9bcaa62a7535-RaftLogWorker: Rolling segment log-1487_1561 to index:1561
2019-06-14 13:45:43,101 INFO  storage.RaftLogWorker (RaftLogWorker.java:execute(433)) - 0c156e3c-57cc-425b-90ef-9bcaa62a7535-RaftLogWorker: Rolled log segment from /opt/src/hadoop-ozone/integration-test/target/test-dir/MiniOzoneClusterImpl-8919240e-7e15-4dbf-8bf4-c210578586bb/datanode-0/data/ratis/1fc53845-3381-4beb-82f9-7704a457760d/current/log_inprogress_1487 to /opt/src/hadoop-ozone/integration-test/target/test-dir/MiniOzoneClusterImpl-8919240e-7e15-4dbf-8bf4-c210578586bb/datanode-0/data/ratis/1fc53845-3381-4beb-82f9-7704a457760d/current/log_1487-1561
2019-06-14 13:45:43,126 INFO  client.GrpcClientProtocolClient (GrpcClientProtocolClient.java:onNext(254)) - client-E0FA40453D59->0c156e3c-57cc-425b-90ef-9bcaa62a7535: receive RaftClientReply:client-E0FA40453D59->0c156e3c-57cc-425b-90ef-9bcaa62a7535@group-7704A457760D, cid=898, SUCCESS, logIndex=1561, commits[0c156e3c-57cc-425b-90ef-9bcaa62a7535:c1561]
2019-06-14 13:45:43,127 DEBUG block.SCMBlockDeletingService (SCMBlockDeletingService.java:call(138)) - Running DeletedBlockTransactionScanner
2019-06-14 13:45:43,134 DEBUG block.SCMBlockDeletingService (SCMBlockDeletingService.java:call(155)) - Scanned deleted blocks log and got 0 delTX to process.
2019-06-14 13:45:43,159 INFO  storage.RaftLogWorker (RaftLogWorker.java:execute(469)) - 0c156e3c-57cc-425b-90ef-9bcaa62a7535-RaftLogWorker: created new log segment /opt/src/hadoop-ozone/integration-test/target/test-dir/MiniOzoneClusterImpl-8919240e-7e15-4dbf-8bf4-c210578586bb/datanode-0/data/ratis/1fc53845-3381-4beb-82f9-7704a457760d/current/log_inprogress_1562
2019-06-14 13:45:43,164 INFO  client.GrpcClientProtocolClient (GrpcClientProtocolClient.java:onNext(254)) - client-E0FA40453D59->0c156e3c-57cc-425b-90ef-9bcaa62a7535: receive RaftClientReply:client-E0FA40453D59->0c156e3c-57cc-425b-90ef-9bcaa62a7535@group-7704A457760D, cid=899, SUCCESS, logIndex=1562, commits[0c156e3c-57cc-425b-90ef-9bcaa62a7535:c1564]
2019-06-14 13:45:43,170 INFO  client.GrpcClientProtocolClient (GrpcClientProtocolClient.java:onNext(254)) - client-E0FA40453D59->0c156e3c-57cc-425b-90ef-9bcaa62a7535: receive RaftClientReply:client-E0FA40453D59->0c156e3c-57cc-425b-90ef-9bcaa62a7535@group-7704A457760D, cid=900, SUCCESS, logIndex=1564, commits[0c156e3c-57cc-425b-90ef-9bcaa62a7535:c1564]
2019-06-14 13:45:43,181 INFO  client.GrpcClientProtocolClient (GrpcClientProtocolClient.java:onNext(254)) - client-E0FA40453D59->0c156e3c-57cc-425b-90ef-9bcaa62a7535: receive RaftClientReply:client-E0FA40453D59->0c156e3c-57cc-425b-90ef-9bcaa62a7535@group-7704A457760D, cid=901, SUCCESS, logIndex=1566, commits[0c156e3c-57cc-425b-90ef-9bcaa62a7535:c1566]
2019-06-14 13:45:43,183 INFO  client.GrpcClientProtocolClient (GrpcClientProtocolClient.java:onNext(254)) - client-E0FA40453D59->0c156e3c-57cc-425b-90ef-9bcaa62a7535: receive RaftClientReply:client-E0FA40453D59->0c156e3c-57cc-425b-90ef-9bcaa62a7535@group-7704A457760D, cid=902, SUCCESS, logIndex=1568, commits[0c156e3c-57cc-425b-90ef-9bcaa62a7535:c1568]
2019-06-14 13:45:43,187 INFO  client.GrpcClientProtocolClient (GrpcClientProtocolClient.java:onNext(254)) - client-E0FA40453D59->0c156e3c-57cc-425b-90ef-9bcaa62a7535: receive RaftClientReply:client-E0FA40453D59->0c156e3c-57cc-425b-90ef-9bcaa62a7535@group-7704A457760D, cid=903, SUCCESS, logIndex=1570, commits[0c156e3c-57cc-425b-90ef-9bcaa62a7535:c1571]
2019-06-14 13:45:43,197 INFO  client.GrpcClientProtocolClient (GrpcClientProtocolClient.java:onNext(254)) - client-E0FA40453D59->0c156e3c-57cc-425b-90ef-9bcaa62a7535: receive RaftClientReply:client-E0FA40453D59->0c156e3c-57cc-425b-90ef-9bcaa62a7535@group-7704A457760D, cid=904, SUCCESS, logIndex=1571, commits[0c156e3c-57cc-425b-90ef-9bcaa62a7535:c1572]
2019-06-14 13:45:43,215 INFO  client.GrpcClientProtocolClient (GrpcClientProtocolClient.java:onNext(254)) - client-E0FA40453D59->0c156e3c-57cc-425b-90ef-9bcaa62a7535: receive RaftClientReply:client-E0FA40453D59->0c156e3c-57cc-425b-90ef-9bcaa62a7535@group-7704A457760D, cid=905, SUCCESS, logIndex=1573, commits[0c156e3c-57cc-425b-90ef-9bcaa62a7535:c1573]
2019-06-14 13:45:43,217 INFO  client.GrpcClientProtocolClient (GrpcClientProtocolClient.java:onNext(254)) - client-E0FA40453D59->0c156e3c-57cc-425b-90ef-9bcaa62a7535: receive RaftClientReply:client-E0FA40453D59->0c156e3c-57cc-425b-90ef-9bcaa62a7535@group-7704A457760D, cid=906, SUCCESS, logIndex=1575, commits[0c156e3c-57cc-425b-90ef-9bcaa62a7535:c1577]
2019-06-14 13:45:43,218 INFO  client.GrpcClientProtocolClient (GrpcClientProtocolClient.java:onNext(254)) - client-E0FA40453D59->0c156e3c-57cc-425b-90ef-9bcaa62a7535: receive RaftClientReply:client-E0FA40453D59->0c156e3c-57cc-425b-90ef-9bcaa62a7535@group-7704A457760D, cid=907, SUCCESS, logIndex=1576, commits[0c156e3c-57cc-425b-90ef-9bcaa62a7535:c1577]
2019-06-14 13:45:43,219 INFO  client.GrpcClientProtocolClient (GrpcClientProtocolClient.java:onNext(254)) - client-E0FA40453D59->0c156e3c-57cc-425b-90ef-9bcaa62a7535: receive RaftClientReply:client-E0FA40453D59->0c156e3c-57cc-425b-90ef-9bcaa62a7535@group-7704A457760D, cid=908, SUCCESS, logIndex=1577, commits[0c156e3c-57cc-425b-90ef-9bcaa62a7535:c1577]
2019-06-14 13:45:43,226 INFO  client.GrpcClientProtocolClient (GrpcClientProtocolClient.java:onNext(254)) - client-E0FA40453D59->0c156e3c-57cc-425b-90ef-9bcaa62a7535: receive RaftClientReply:client-E0FA40453D59->0c156e3c-57cc-425b-90ef-9bcaa62a7535@group-7704A457760D, cid=909, SUCCESS, logIndex=1579, commits[0c156e3c-57cc-425b-90ef-9bcaa62a7535:c1579]
2019-06-14 13:45:43,231 INFO  client.GrpcClientProtocolClient (GrpcClientProtocolClient.java:onNext(254)) - client-E0FA40453D59->0c156e3c-57cc-425b-90ef-9bcaa62a7535: receive RaftClientReply:client-E0FA40453D59->0c156e3c-57cc-425b-90ef-9bcaa62a7535@group-7704A457760D, cid=910, SUCCESS, logIndex=1581, commits[0c156e3c-57cc-425b-90ef-9bcaa62a7535:c1581]
2019-06-14 13:45:43,234 DEBUG block.SCMBlockDeletingService (SCMBlockDeletingService.java:call(138)) - Running DeletedBlockTransactionScanner
2019-06-14 13:45:43,234 DEBUG block.SCMBlockDeletingService (SCMBlockDeletingService.java:call(155)) - Scanned deleted blocks log and got 0 delTX to process.
2019-06-14 13:45:43,235 INFO  client.GrpcClientProtocolClient (GrpcClientProtocolClient.java:onNext(254)) - client-E0FA40453D59->0c156e3c-57cc-425b-90ef-9bcaa62a7535: receive RaftClientReply:client-E0FA40453D59->0c156e3c-57cc-425b-90ef-9bcaa62a7535@group-7704A457760D, cid=911, SUCCESS, logIndex=1583, commits[0c156e3c-57cc-425b-90ef-9bcaa62a7535:c1584]
2019-06-14 13:45:43,242 INFO  client.GrpcClientProtocolClient (GrpcClientProtocolClient.java:onNext(254)) - client-E0FA40453D59->0c156e3c-57cc-425b-90ef-9bcaa62a7535: receive RaftClientReply:client-E0FA40453D59->0c156e3c-57cc-425b-90ef-9bcaa62a7535@group-7704A457760D, cid=912, SUCCESS, logIndex=1584, commits[0c156e3c-57cc-425b-90ef-9bcaa62a7535:c1585]
2019-06-14 13:45:43,258 INFO  client.GrpcClientProtocolClient (GrpcClientProtocolClient.java:onNext(254)) - client-E0FA40453D59->0c156e3c-57cc-425b-90ef-9bcaa62a7535: receive RaftClientReply:client-E0FA40453D59->0c156e3c-57cc-425b-90ef-9bcaa62a7535@group-7704A457760D, cid=913, SUCCESS, logIndex=1586, commits[0c156e3c-57cc-425b-90ef-9bcaa62a7535:c1586]
2019-06-14 13:45:43,262 INFO  client.GrpcClientProtocolClient (GrpcClientProtocolClient.java:onNext(254)) - client-E0FA40453D59->0c156e3c-57cc-425b-90ef-9bcaa62a7535: receive RaftClientReply:client-E0FA40453D59->0c156e3c-57cc-425b-90ef-9bcaa62a7535@group-7704A457760D, cid=914, SUCCESS, logIndex=1588, commits[0c156e3c-57cc-425b-90ef-9bcaa62a7535:c1588]
2019-06-14 13:45:43,264 INFO  client.GrpcClientProtocolClient (GrpcClientProtocolClient.java:onNext(254)) - client-E0FA40453D59->0c156e3c-57cc-425b-90ef-9bcaa62a7535: receive RaftClientReply:client-E0FA40453D59->0c156e3c-57cc-425b-90ef-9bcaa62a7535@group-7704A457760D, cid=915, SUCCESS, logIndex=1589, commits[0c156e3c-57cc-425b-90ef-9bcaa62a7535:c1591]
2019-06-14 13:45:43,265 INFO  client.GrpcClientProtocolClient (GrpcClientProtocolClient.java:onNext(254)) - client-E0FA40453D59->0c156e3c-57cc-425b-90ef-9bcaa62a7535: receive RaftClientReply:client-E0FA40453D59->0c156e3c-57cc-425b-90ef-9bcaa62a7535@group-7704A457760D, cid=916, SUCCESS, logIndex=1590, commits[0c156e3c-57cc-425b-90ef-9bcaa62a7535:c1591]
2019-06-14 13:45:43,276 INFO  client.GrpcClientProtocolClient (GrpcClientProtocolClient.java:onNext(254)) - client-E0FA40453D59->0c156e3c-57cc-425b-90ef-9bcaa62a7535: receive RaftClientReply:client-E0FA40453D59->0c156e3c-57cc-425b-90ef-9bcaa62a7535@group-7704A457760D, cid=917, SUCCESS, logIndex=1592, commits[0c156e3c-57cc-425b-90ef-9bcaa62a7535:c1592]
2019-06-14 13:45:43,279 INFO  client.GrpcClientProtocolClient (GrpcClientProtocolClient.java:onNext(254)) - client-E0FA40453D59->0c156e3c-57cc-425b-90ef-9bcaa62a7535: receive RaftClientReply:client-E0FA40453D59->0c156e3c-57cc-425b-90ef-9bcaa62a7535@group-7704A457760D, cid=918, SUCCESS, logIndex=1594, commits[0c156e3c-57cc-425b-90ef-9bcaa62a7535:c1594]
2019-06-14 13:45:43,280 INFO  client.GrpcClientProtocolClient (GrpcClientProtocolClient.java:onNext(254)) - client-E0FA40453D59->0c156e3c-57cc-425b-90ef-9bcaa62a7535: receive RaftClientReply:client-E0FA40453D59->0c156e3c-57cc-425b-90ef-9bcaa62a7535@group-7704A457760D, cid=919, SUCCESS, logIndex=1595, commits[0c156e3c-57cc-425b-90ef-9bcaa62a7535:c1595]
2019-06-14 13:45:43,286 INFO  client.GrpcClientProtocolClient (GrpcClientProtocolClient.java:onNext(254)) - client-E0FA40453D59->0c156e3c-57cc-425b-90ef-9bcaa62a7535: receive RaftClientReply:client-E0FA40453D59->0c156e3c-57cc-425b-90ef-9bcaa62a7535@group-7704A457760D, cid=920, SUCCESS, logIndex=1597, commits[0c156e3c-57cc-425b-90ef-9bcaa62a7535:c1598]
2019-06-14 13:45:43,298 INFO  client.GrpcClientProtocolClient (GrpcClientProtocolClient.java:onNext(254)) - client-E0FA40453D59->0c156e3c-57cc-425b-90ef-9bcaa62a7535: receive RaftClientReply:client-E0FA40453D59->0c156e3c-57cc-425b-90ef-9bcaa62a7535@group-7704A457760D, cid=921, SUCCESS, logIndex=1599, commits[0c156e3c-57cc-425b-90ef-9bcaa62a7535:c1599]
2019-06-14 13:45:43,302 INFO  client.GrpcClientProtocolClient (GrpcClientProtocolClient.java:onNext(254)) - client-E0FA40453D59->0c156e3c-57cc-425b-90ef-9bcaa62a7535: receive RaftClientReply:client-E0FA40453D59->0c156e3c-57cc-425b-90ef-9bcaa62a7535@group-7704A457760D, cid=922, SUCCESS, logIndex=1601, commits[0c156e3c-57cc-425b-90ef-9bcaa62a7535:c1601]
2019-06-14 13:45:43,314 INFO  client.GrpcClientProtocolClient (GrpcClientProtocolClient.java:onNext(254)) - client-E0FA40453D59->0c156e3c-57cc-425b-90ef-9bcaa62a7535: receive RaftClientReply:client-E0FA40453D59->0c156e3c-57cc-425b-90ef-9bcaa62a7535@group-7704A457760D, cid=923, SUCCESS, logIndex=1602, commits[0c156e3c-57cc-425b-90ef-9bcaa62a7535:c1603]
2019-06-14 13:45:43,315 INFO  client.GrpcClientProtocolClient (GrpcClientProtocolClient.java:onNext(254)) - client-E0FA40453D59->0c156e3c-57cc-425b-90ef-9bcaa62a7535: receive RaftClientReply:client-E0FA40453D59->0c156e3c-57cc-425b-90ef-9bcaa62a7535@group-7704A457760D, cid=924, SUCCESS, logIndex=1603, commits[0c156e3c-57cc-425b-90ef-9bcaa62a7535:c1604]
2019-06-14 13:45:43,326 INFO  client.GrpcClientProtocolClient (GrpcClientProtocolClient.java:onNext(254)) - client-E0FA40453D59->0c156e3c-57cc-425b-90ef-9bcaa62a7535: receive RaftClientReply:client-E0FA40453D59->0c156e3c-57cc-425b-90ef-9bcaa62a7535@group-7704A457760D, cid=925, SUCCESS, logIndex=1606, commits[0c156e3c-57cc-425b-90ef-9bcaa62a7535:c1606]
2019-06-14 13:45:43,328 INFO  client.GrpcClientProtocolClient (GrpcClientProtocolClient.java:onNext(254)) - client-E0FA40453D59->0c156e3c-57cc-425b-90ef-9bcaa62a7535: receive RaftClientReply:client-E0FA40453D59->0c156e3c-57cc-425b-90ef-9bcaa62a7535@group-7704A457760D, cid=926, SUCCESS, logIndex=1608, commits[0c156e3c-57cc-425b-90ef-9bcaa62a7535:c1608]
2019-06-14 13:45:43,330 INFO  client.GrpcClientProtocolClient (GrpcClientProtocolClient.java:onNext(254)) - client-E0FA40453D59->0c156e3c-57cc-425b-90ef-9bcaa62a7535: receive RaftClientReply:client-E0FA40453D59->0c156e3c-57cc-425b-90ef-9bcaa62a7535@group-7704A457760D, cid=927, SUCCESS, logIndex=1609, commits[0c156e3c-57cc-425b-90ef-9bcaa62a7535:c1611]
2019-06-14 13:45:43,331 INFO  client.GrpcClientProtocolClient (GrpcClientProtocolClient.java:onNext(254)) - client-E0FA40453D59->0c156e3c-57cc-425b-90ef-9bcaa62a7535: receive RaftClientReply:client-E0FA40453D59->0c156e3c-57cc-425b-90ef-9bcaa62a7535@group-7704A457760D, cid=928, SUCCESS, logIndex=1610, commits[0c156e3c-57cc-425b-90ef-9bcaa62a7535:c1611]
2019-06-14 13:45:43,335 DEBUG block.SCMBlockDeletingService (SCMBlockDeletingService.java:call(138)) - Running DeletedBlockTransactionScanner
2019-06-14 13:45:43,335 DEBUG block.SCMBlockDeletingService (SCMBlockDeletingService.java:call(155)) - Scanned deleted blocks log and got 0 delTX to process.
2019-06-14 13:45:43,571 DEBUG block.SCMBlockDeletingService (SCMBlockDeletingService.java:call(138)) - Running DeletedBlockTransactionScanner
2019-06-14 13:45:43,572 DEBUG block.SCMBlockDeletingService (SCMBlockDeletingService.java:call(155)) - Scanned deleted blocks log and got 0 delTX to process.
2019-06-14 13:45:43,672 INFO  client.GrpcClientProtocolClient (GrpcClientProtocolClient.java:onNext(254)) - client-E0FA40453D59->0c156e3c-57cc-425b-90ef-9bcaa62a7535: receive RaftClientReply:client-E0FA40453D59->0c156e3c-57cc-425b-90ef-9bcaa62a7535@group-7704A457760D, cid=929, SUCCESS, logIndex=1612, commits[0c156e3c-57cc-425b-90ef-9bcaa62a7535:c1613]
2019-06-14 13:45:43,672 DEBUG block.SCMBlockDeletingService (SCMBlockDeletingService.java:call(138)) - Running DeletedBlockTransactionScanner
2019-06-14 13:45:43,672 DEBUG block.SCMBlockDeletingService (SCMBlockDeletingService.java:call(155)) - Scanned deleted blocks log and got 0 delTX to process.
2019-06-14 13:45:43,674 INFO  client.GrpcClientProtocolClient (GrpcClientProtocolClient.java:onNext(254)) - client-E0FA40453D59->0c156e3c-57cc-425b-90ef-9bcaa62a7535: receive RaftClientReply:client-E0FA40453D59->0c156e3c-57cc-425b-90ef-9bcaa62a7535@group-7704A457760D, cid=930, SUCCESS, logIndex=1614, commits[0c156e3c-57cc-425b-90ef-9bcaa62a7535:c1614]
2019-06-14 13:45:43,674 INFO  client.GrpcClientProtocolClient (GrpcClientProtocolClient.java:onNext(254)) - client-E0FA40453D59->0c156e3c-57cc-425b-90ef-9bcaa62a7535: receive RaftClientReply:client-E0FA40453D59->0c156e3c-57cc-425b-90ef-9bcaa62a7535@group-7704A457760D, cid=931, SUCCESS, logIndex=1615, commits[0c156e3c-57cc-425b-90ef-9bcaa62a7535:c1615]
2019-06-14 13:45:43,675 INFO  client.GrpcClientProtocolClient (GrpcClientProtocolClient.java:onNext(254)) - client-E0FA40453D59->0c156e3c-57cc-425b-90ef-9bcaa62a7535: receive RaftClientReply:client-E0FA40453D59->0c156e3c-57cc-425b-90ef-9bcaa62a7535@group-7704A457760D, cid=932, SUCCESS, logIndex=1617, commits[0c156e3c-57cc-425b-90ef-9bcaa62a7535:c1617]
2019-06-14 13:45:43,681 INFO  client.GrpcClientProtocolClient (GrpcClientProtocolClient.java:onNext(254)) - client-E0FA40453D59->0c156e3c-57cc-425b-90ef-9bcaa62a7535: receive RaftClientReply:client-E0FA40453D59->0c156e3c-57cc-425b-90ef-9bcaa62a7535@group-7704A457760D, cid=933, SUCCESS, logIndex=1620, commits[0c156e3c-57cc-425b-90ef-9bcaa62a7535:c1620]
2019-06-14 13:45:43,681 INFO  client.GrpcClientProtocolClient (GrpcClientProtocolClient.java:onNext(254)) - client-E0FA40453D59->0c156e3c-57cc-425b-90ef-9bcaa62a7535: receive RaftClientReply:client-E0FA40453D59->0c156e3c-57cc-425b-90ef-9bcaa62a7535@group-7704A457760D, cid=934, SUCCESS, logIndex=1622, commits[0c156e3c-57cc-425b-90ef-9bcaa62a7535:c1622]
2019-06-14 13:45:43,685 INFO  client.GrpcClientProtocolClient (GrpcClientProtocolClient.java:onNext(254)) - client-E0FA40453D59->0c156e3c-57cc-425b-90ef-9bcaa62a7535: receive RaftClientReply:client-E0FA40453D59->0c156e3c-57cc-425b-90ef-9bcaa62a7535@group-7704A457760D, cid=935, SUCCESS, logIndex=1624, commits[0c156e3c-57cc-425b-90ef-9bcaa62a7535:c1625]
2019-06-14 13:45:43,686 INFO  client.GrpcClientProtocolClient (GrpcClientProtocolClient.java:onNext(254)) - client-E0FA40453D59->0c156e3c-57cc-425b-90ef-9bcaa62a7535: receive RaftClientReply:client-E0FA40453D59->0c156e3c-57cc-425b-90ef-9bcaa62a7535@group-7704A457760D, cid=936, SUCCESS, logIndex=1625, commits[0c156e3c-57cc-425b-90ef-9bcaa62a7535:c1626]
2019-06-14 13:45:43,696 INFO  client.GrpcClientProtocolClient (GrpcClientProtocolClient.java:onNext(254)) - client-E0FA40453D59->0c156e3c-57cc-425b-90ef-9bcaa62a7535: receive RaftClientReply:client-E0FA40453D59->0c156e3c-57cc-425b-90ef-9bcaa62a7535@group-7704A457760D, cid=937, SUCCESS, logIndex=1627, commits[0c156e3c-57cc-425b-90ef-9bcaa62a7535:c1627]
2019-06-14 13:45:43,701 INFO  client.GrpcClientProtocolClient (GrpcClientProtocolClient.java:onNext(254)) - client-E0FA40453D59->0c156e3c-57cc-425b-90ef-9bcaa62a7535: receive RaftClientReply:client-E0FA40453D59->0c156e3c-57cc-425b-90ef-9bcaa62a7535@group-7704A457760D, cid=938, SUCCESS, logIndex=1629, commits[0c156e3c-57cc-425b-90ef-9bcaa62a7535:c1629]
2019-06-14 13:45:43,702 INFO  client.GrpcClientProtocolClient (GrpcClientProtocolClient.java:onNext(254)) - client-E0FA40453D59->0c156e3c-57cc-425b-90ef-9bcaa62a7535: receive RaftClientReply:client-E0FA40453D59->0c156e3c-57cc-425b-90ef-9bcaa62a7535@group-7704A457760D, cid=939, SUCCESS, logIndex=1630, commits[0c156e3c-57cc-425b-90ef-9bcaa62a7535:c1632]
2019-06-14 13:45:43,702 INFO  client.GrpcClientProtocolClient (GrpcClientProtocolClient.java:onNext(254)) - client-E0FA40453D59->0c156e3c-57cc-425b-90ef-9bcaa62a7535: receive RaftClientReply:client-E0FA40453D59->0c156e3c-57cc-425b-90ef-9bcaa62a7535@group-7704A457760D, cid=940, SUCCESS, logIndex=1632, commits[0c156e3c-57cc-425b-90ef-9bcaa62a7535:c1632]
2019-06-14 13:45:43,711 INFO  client.GrpcClientProtocolClient (GrpcClientProtocolClient.java:onNext(254)) - client-E0FA40453D59->0c156e3c-57cc-425b-90ef-9bcaa62a7535: receive RaftClientReply:client-E0FA40453D59->0c156e3c-57cc-425b-90ef-9bcaa62a7535@group-7704A457760D, cid=941, SUCCESS, logIndex=1634, commits[0c156e3c-57cc-425b-90ef-9bcaa62a7535:c1634]
2019-06-14 13:45:43,712 INFO  storage.RaftLogWorker (RaftLogWorker.java:rollLogSegment(303)) - 0c156e3c-57cc-425b-90ef-9bcaa62a7535-RaftLogWorker: Rolling segment log-1562_1635 to index:1635
2019-06-14 13:45:43,712 INFO  storage.RaftLogWorker (RaftLogWorker.java:execute(433)) - 0c156e3c-57cc-425b-90ef-9bcaa62a7535-RaftLogWorker: Rolled log segment from /opt/src/hadoop-ozone/integration-test/target/test-dir/MiniOzoneClusterImpl-8919240e-7e15-4dbf-8bf4-c210578586bb/datanode-0/data/ratis/1fc53845-3381-4beb-82f9-7704a457760d/current/log_inprogress_1562 to /opt/src/hadoop-ozone/integration-test/target/test-dir/MiniOzoneClusterImpl-8919240e-7e15-4dbf-8bf4-c210578586bb/datanode-0/data/ratis/1fc53845-3381-4beb-82f9-7704a457760d/current/log_1562-1635
2019-06-14 13:45:43,759 INFO  storage.RaftLogWorker (RaftLogWorker.java:execute(469)) - 0c156e3c-57cc-425b-90ef-9bcaa62a7535-RaftLogWorker: created new log segment /opt/src/hadoop-ozone/integration-test/target/test-dir/MiniOzoneClusterImpl-8919240e-7e15-4dbf-8bf4-c210578586bb/datanode-0/data/ratis/1fc53845-3381-4beb-82f9-7704a457760d/current/log_inprogress_1636
2019-06-14 13:45:43,761 INFO  client.GrpcClientProtocolClient (GrpcClientProtocolClient.java:onNext(254)) - client-E0FA40453D59->0c156e3c-57cc-425b-90ef-9bcaa62a7535: receive RaftClientReply:client-E0FA40453D59->0c156e3c-57cc-425b-90ef-9bcaa62a7535@group-7704A457760D, cid=942, SUCCESS, logIndex=1636, commits[0c156e3c-57cc-425b-90ef-9bcaa62a7535:c1636]
2019-06-14 13:45:43,772 DEBUG block.SCMBlockDeletingService (SCMBlockDeletingService.java:call(138)) - Running DeletedBlockTransactionScanner
2019-06-14 13:45:43,773 DEBUG block.SCMBlockDeletingService (SCMBlockDeletingService.java:call(155)) - Scanned deleted blocks log and got 0 delTX to process.
2019-06-14 13:45:43,774 INFO  client.GrpcClientProtocolClient (GrpcClientProtocolClient.java:onNext(254)) - client-E0FA40453D59->0c156e3c-57cc-425b-90ef-9bcaa62a7535: receive RaftClientReply:client-E0FA40453D59->0c156e3c-57cc-425b-90ef-9bcaa62a7535@group-7704A457760D, cid=943, SUCCESS, logIndex=1638, commits[0c156e3c-57cc-425b-90ef-9bcaa62a7535:c1639]
2019-06-14 13:45:43,778 INFO  client.GrpcClientProtocolClient (GrpcClientProtocolClient.java:onNext(254)) - client-E0FA40453D59->0c156e3c-57cc-425b-90ef-9bcaa62a7535: receive RaftClientReply:client-E0FA40453D59->0c156e3c-57cc-425b-90ef-9bcaa62a7535@group-7704A457760D, cid=944, SUCCESS, logIndex=1639, commits[0c156e3c-57cc-425b-90ef-9bcaa62a7535:c1640]
2019-06-14 13:45:43,792 INFO  client.GrpcClientProtocolClient (GrpcClientProtocolClient.java:onNext(254)) - client-E0FA40453D59->0c156e3c-57cc-425b-90ef-9bcaa62a7535: receive RaftClientReply:client-E0FA40453D59->0c156e3c-57cc-425b-90ef-9bcaa62a7535@group-7704A457760D, cid=945, SUCCESS, logIndex=1641, commits[0c156e3c-57cc-425b-90ef-9bcaa62a7535:c1641]
2019-06-14 13:45:43,795 INFO  client.GrpcClientProtocolClient (GrpcClientProtocolClient.java:onNext(254)) - client-E0FA40453D59->0c156e3c-57cc-425b-90ef-9bcaa62a7535: receive RaftClientReply:client-E0FA40453D59->0c156e3c-57cc-425b-90ef-9bcaa62a7535@group-7704A457760D, cid=946, SUCCESS, logIndex=1643, commits[0c156e3c-57cc-425b-90ef-9bcaa62a7535:c1643]
2019-06-14 13:45:43,804 INFO  client.GrpcClientProtocolClient (GrpcClientProtocolClient.java:onNext(254)) - client-E0FA40453D59->0c156e3c-57cc-425b-90ef-9bcaa62a7535: receive RaftClientReply:client-E0FA40453D59->0c156e3c-57cc-425b-90ef-9bcaa62a7535@group-7704A457760D, cid=947, SUCCESS, logIndex=1644, commits[0c156e3c-57cc-425b-90ef-9bcaa62a7535:c1646]
2019-06-14 13:45:43,804 INFO  client.GrpcClientProtocolClient (GrpcClientProtocolClient.java:onNext(254)) - client-E0FA40453D59->0c156e3c-57cc-425b-90ef-9bcaa62a7535: receive RaftClientReply:client-E0FA40453D59->0c156e3c-57cc-425b-90ef-9bcaa62a7535@group-7704A457760D, cid=948, SUCCESS, logIndex=1646, commits[0c156e3c-57cc-425b-90ef-9bcaa62a7535:c1646]
2019-06-14 13:45:43,817 INFO  client.GrpcClientProtocolClient (GrpcClientProtocolClient.java:onNext(254)) - client-E0FA40453D59->0c156e3c-57cc-425b-90ef-9bcaa62a7535: receive RaftClientReply:client-E0FA40453D59->0c156e3c-57cc-425b-90ef-9bcaa62a7535@group-7704A457760D, cid=949, SUCCESS, logIndex=1648, commits[0c156e3c-57cc-425b-90ef-9bcaa62a7535:c1648]
2019-06-14 13:45:43,822 INFO  client.GrpcClientProtocolClient (GrpcClientProtocolClient.java:onNext(254)) - client-E0FA40453D59->0c156e3c-57cc-425b-90ef-9bcaa62a7535: receive RaftClientReply:client-E0FA40453D59->0c156e3c-57cc-425b-90ef-9bcaa62a7535@group-7704A457760D, cid=950, SUCCESS, logIndex=1650, commits[0c156e3c-57cc-425b-90ef-9bcaa62a7535:c1650]
2019-06-14 13:45:43,826 INFO  client.GrpcClientProtocolClient (GrpcClientProtocolClient.java:onNext(254)) - client-E0FA40453D59->0c156e3c-57cc-425b-90ef-9bcaa62a7535: receive RaftClientReply:client-E0FA40453D59->0c156e3c-57cc-425b-90ef-9bcaa62a7535@group-7704A457760D, cid=951, SUCCESS, logIndex=1651, commits[0c156e3c-57cc-425b-90ef-9bcaa62a7535:c1653]
2019-06-14 13:45:43,826 INFO  client.GrpcClientProtocolClient (GrpcClientProtocolClient.java:onNext(254)) - client-E0FA40453D59->0c156e3c-57cc-425b-90ef-9bcaa62a7535: receive RaftClientReply:client-E0FA40453D59->0c156e3c-57cc-425b-90ef-9bcaa62a7535@group-7704A457760D, cid=952, SUCCESS, logIndex=1652, commits[0c156e3c-57cc-425b-90ef-9bcaa62a7535:c1653]
2019-06-14 13:45:43,842 INFO  client.GrpcClientProtocolClient (GrpcClientProtocolClient.java:onNext(254)) - client-E0FA40453D59->0c156e3c-57cc-425b-90ef-9bcaa62a7535: receive RaftClientReply:client-E0FA40453D59->0c156e3c-57cc-425b-90ef-9bcaa62a7535@group-7704A457760D, cid=953, SUCCESS, logIndex=1654, commits[0c156e3c-57cc-425b-90ef-9bcaa62a7535:c1654]
2019-06-14 13:45:43,846 INFO  client.GrpcClientProtocolClient (GrpcClientProtocolClient.java:onNext(254)) - client-E0FA40453D59->0c156e3c-57cc-425b-90ef-9bcaa62a7535: receive RaftClientReply:client-E0FA40453D59->0c156e3c-57cc-425b-90ef-9bcaa62a7535@group-7704A457760D, cid=954, SUCCESS, logIndex=1656, commits[0c156e3c-57cc-425b-90ef-9bcaa62a7535:c1656]
2019-06-14 13:45:43,850 INFO  client.GrpcClientProtocolClient (GrpcClientProtocolClient.java:onNext(254)) - client-E0FA40453D59->0c156e3c-57cc-425b-90ef-9bcaa62a7535: receive RaftClientReply:client-E0FA40453D59->0c156e3c-57cc-425b-90ef-9bcaa62a7535@group-7704A457760D, cid=955, SUCCESS, logIndex=1657, commits[0c156e3c-57cc-425b-90ef-9bcaa62a7535:c1659]
2019-06-14 13:45:43,853 INFO  client.GrpcClientProtocolClient (GrpcClientProtocolClient.java:onNext(254)) - client-E0FA40453D59->0c156e3c-57cc-425b-90ef-9bcaa62a7535: receive RaftClientReply:client-E0FA40453D59->0c156e3c-57cc-425b-90ef-9bcaa62a7535@group-7704A457760D, cid=956, SUCCESS, logIndex=1658, commits[0c156e3c-57cc-425b-90ef-9bcaa62a7535:c1659]
2019-06-14 13:45:43,864 INFO  client.GrpcClientProtocolClient (GrpcClientProtocolClient.java:onNext(254)) - client-E0FA40453D59->0c156e3c-57cc-425b-90ef-9bcaa62a7535: receive RaftClientReply:client-E0FA40453D59->0c156e3c-57cc-425b-90ef-9bcaa62a7535@group-7704A457760D, cid=957, SUCCESS, logIndex=1660, commits[0c156e3c-57cc-425b-90ef-9bcaa62a7535:c1660]
2019-06-14 13:45:43,873 DEBUG block.SCMBlockDeletingService (SCMBlockDeletingService.java:call(138)) - Running DeletedBlockTransactionScanner
2019-06-14 13:45:43,873 DEBUG block.SCMBlockDeletingService (SCMBlockDeletingService.java:call(155)) - Scanned deleted blocks log and got 0 delTX to process.
2019-06-14 13:45:43,874 INFO  client.GrpcClientProtocolClient (GrpcClientProtocolClient.java:onNext(254)) - client-E0FA40453D59->0c156e3c-57cc-425b-90ef-9bcaa62a7535: receive RaftClientReply:client-E0FA40453D59->0c156e3c-57cc-425b-90ef-9bcaa62a7535@group-7704A457760D, cid=958, SUCCESS, logIndex=1662, commits[0c156e3c-57cc-425b-90ef-9bcaa62a7535:c1662]
2019-06-14 13:45:43,875 INFO  client.GrpcClientProtocolClient (GrpcClientProtocolClient.java:onNext(254)) - client-E0FA40453D59->0c156e3c-57cc-425b-90ef-9bcaa62a7535: receive RaftClientReply:client-E0FA40453D59->0c156e3c-57cc-425b-90ef-9bcaa62a7535@group-7704A457760D, cid=959, SUCCESS, logIndex=1663, commits[0c156e3c-57cc-425b-90ef-9bcaa62a7535:c1665]
2019-06-14 13:45:43,875 INFO  client.GrpcClientProtocolClient (GrpcClientProtocolClient.java:onNext(254)) - client-E0FA40453D59->0c156e3c-57cc-425b-90ef-9bcaa62a7535: receive RaftClientReply:client-E0FA40453D59->0c156e3c-57cc-425b-90ef-9bcaa62a7535@group-7704A457760D, cid=960, SUCCESS, logIndex=1664, commits[0c156e3c-57cc-425b-90ef-9bcaa62a7535:c1665]
2019-06-14 13:45:43,889 INFO  client.GrpcClientProtocolClient (GrpcClientProtocolClient.java:onNext(254)) - client-E0FA40453D59->0c156e3c-57cc-425b-90ef-9bcaa62a7535: receive RaftClientReply:client-E0FA40453D59->0c156e3c-57cc-425b-90ef-9bcaa62a7535@group-7704A457760D, cid=961, SUCCESS, logIndex=1666, commits[0c156e3c-57cc-425b-90ef-9bcaa62a7535:c1666]
2019-06-14 13:45:43,910 INFO  client.GrpcClientProtocolClient (GrpcClientProtocolClient.java:onNext(254)) - client-E0FA40453D59->0c156e3c-57cc-425b-90ef-9bcaa62a7535: receive RaftClientReply:client-E0FA40453D59->0c156e3c-57cc-425b-90ef-9bcaa62a7535@group-7704A457760D, cid=962, SUCCESS, logIndex=1668, commits[0c156e3c-57cc-425b-90ef-9bcaa62a7535:c1670]
2019-06-14 13:45:43,918 INFO  client.GrpcClientProtocolClient (GrpcClientProtocolClient.java:onNext(254)) - client-E0FA40453D59->0c156e3c-57cc-425b-90ef-9bcaa62a7535: receive RaftClientReply:client-E0FA40453D59->0c156e3c-57cc-425b-90ef-9bcaa62a7535@group-7704A457760D, cid=963, SUCCESS, logIndex=1669, commits[0c156e3c-57cc-425b-90ef-9bcaa62a7535:c1670]
2019-06-14 13:45:43,918 INFO  client.GrpcClientProtocolClient (GrpcClientProtocolClient.java:onNext(254)) - client-E0FA40453D59->0c156e3c-57cc-425b-90ef-9bcaa62a7535: receive RaftClientReply:client-E0FA40453D59->0c156e3c-57cc-425b-90ef-9bcaa62a7535@group-7704A457760D, cid=964, SUCCESS, logIndex=1670, commits[0c156e3c-57cc-425b-90ef-9bcaa62a7535:c1670]
2019-06-14 13:45:43,929 INFO  client.GrpcClientProtocolClient (GrpcClientProtocolClient.java:onNext(254)) - client-E0FA40453D59->0c156e3c-57cc-425b-90ef-9bcaa62a7535: receive RaftClientReply:client-E0FA40453D59->0c156e3c-57cc-425b-90ef-9bcaa62a7535@group-7704A457760D, cid=965, SUCCESS, logIndex=1672, commits[0c156e3c-57cc-425b-90ef-9bcaa62a7535:c1672]
2019-06-14 13:45:43,939 INFO  client.GrpcClientProtocolClient (GrpcClientProtocolClient.java:onNext(254)) - client-E0FA40453D59->0c156e3c-57cc-425b-90ef-9bcaa62a7535: receive RaftClientReply:client-E0FA40453D59->0c156e3c-57cc-425b-90ef-9bcaa62a7535@group-7704A457760D, cid=966, SUCCESS, logIndex=1674, commits[0c156e3c-57cc-425b-90ef-9bcaa62a7535:c1674]
2019-06-14 13:45:43,940 INFO  client.GrpcClientProtocolClient (GrpcClientProtocolClient.java:onNext(254)) - client-E0FA40453D59->0c156e3c-57cc-425b-90ef-9bcaa62a7535: receive RaftClientReply:client-E0FA40453D59->0c156e3c-57cc-425b-90ef-9bcaa62a7535@group-7704A457760D, cid=967, SUCCESS, logIndex=1675, commits[0c156e3c-57cc-425b-90ef-9bcaa62a7535:c1676]
2019-06-14 13:45:43,941 INFO  client.GrpcClientProtocolClient (GrpcClientProtocolClient.java:onNext(254)) - client-E0FA40453D59->0c156e3c-57cc-425b-90ef-9bcaa62a7535: receive RaftClientReply:client-E0FA40453D59->0c156e3c-57cc-425b-90ef-9bcaa62a7535@group-7704A457760D, cid=968, SUCCESS, logIndex=1677, commits[0c156e3c-57cc-425b-90ef-9bcaa62a7535:c1677]
2019-06-14 13:45:43,956 INFO  client.GrpcClientProtocolClient (GrpcClientProtocolClient.java:onNext(254)) - client-E0FA40453D59->0c156e3c-57cc-425b-90ef-9bcaa62a7535: receive RaftClientReply:client-E0FA40453D59->0c156e3c-57cc-425b-90ef-9bcaa62a7535@group-7704A457760D, cid=969, SUCCESS, logIndex=1679, commits[0c156e3c-57cc-425b-90ef-9bcaa62a7535:c1679]
2019-06-14 13:45:43,960 INFO  client.GrpcClientProtocolClient (GrpcClientProtocolClient.java:onNext(254)) - client-E0FA40453D59->0c156e3c-57cc-425b-90ef-9bcaa62a7535: receive RaftClientReply:client-E0FA40453D59->0c156e3c-57cc-425b-90ef-9bcaa62a7535@group-7704A457760D, cid=970, SUCCESS, logIndex=1681, commits[0c156e3c-57cc-425b-90ef-9bcaa62a7535:c1681]
2019-06-14 13:45:43,962 INFO  client.GrpcClientProtocolClient (GrpcClientProtocolClient.java:onNext(254)) - client-E0FA40453D59->0c156e3c-57cc-425b-90ef-9bcaa62a7535: receive RaftClientReply:client-E0FA40453D59->0c156e3c-57cc-425b-90ef-9bcaa62a7535@group-7704A457760D, cid=971, SUCCESS, logIndex=1682, commits[0c156e3c-57cc-425b-90ef-9bcaa62a7535:c1684]
2019-06-14 13:45:43,964 INFO  client.GrpcClientProtocolClient (GrpcClientProtocolClient.java:onNext(254)) - client-E0FA40453D59->0c156e3c-57cc-425b-90ef-9bcaa62a7535: receive RaftClientReply:client-E0FA40453D59->0c156e3c-57cc-425b-90ef-9bcaa62a7535@group-7704A457760D, cid=972, SUCCESS, logIndex=1684, commits[0c156e3c-57cc-425b-90ef-9bcaa62a7535:c1684]
2019-06-14 13:45:43,989 DEBUG block.SCMBlockDeletingService (SCMBlockDeletingService.java:call(138)) - Running DeletedBlockTransactionScanner
2019-06-14 13:45:43,989 DEBUG block.SCMBlockDeletingService (SCMBlockDeletingService.java:call(155)) - Scanned deleted blocks log and got 0 delTX to process.
2019-06-14 13:45:44,090 DEBUG block.SCMBlockDeletingService (SCMBlockDeletingService.java:call(138)) - Running DeletedBlockTransactionScanner
2019-06-14 13:45:44,090 DEBUG block.SCMBlockDeletingService (SCMBlockDeletingService.java:call(155)) - Scanned deleted blocks log and got 0 delTX to process.
2019-06-14 13:45:44,099 INFO  client.GrpcClientProtocolClient (GrpcClientProtocolClient.java:onNext(254)) - client-E0FA40453D59->0c156e3c-57cc-425b-90ef-9bcaa62a7535: receive RaftClientReply:client-E0FA40453D59->0c156e3c-57cc-425b-90ef-9bcaa62a7535@group-7704A457760D, cid=973, SUCCESS, logIndex=1686, commits[0c156e3c-57cc-425b-90ef-9bcaa62a7535:c1687]
2019-06-14 13:45:44,107 INFO  client.GrpcClientProtocolClient (GrpcClientProtocolClient.java:onNext(254)) - client-E0FA40453D59->0c156e3c-57cc-425b-90ef-9bcaa62a7535: receive RaftClientReply:client-E0FA40453D59->0c156e3c-57cc-425b-90ef-9bcaa62a7535@group-7704A457760D, cid=974, SUCCESS, logIndex=1688, commits[0c156e3c-57cc-425b-90ef-9bcaa62a7535:c1688]
2019-06-14 13:45:44,108 INFO  client.GrpcClientProtocolClient (GrpcClientProtocolClient.java:onNext(254)) - client-E0FA40453D59->0c156e3c-57cc-425b-90ef-9bcaa62a7535: receive RaftClientReply:client-E0FA40453D59->0c156e3c-57cc-425b-90ef-9bcaa62a7535@group-7704A457760D, cid=975, SUCCESS, logIndex=1689, commits[0c156e3c-57cc-425b-90ef-9bcaa62a7535:c1690]
2019-06-14 13:45:44,109 INFO  client.GrpcClientProtocolClient (GrpcClientProtocolClient.java:onNext(254)) - client-E0FA40453D59->0c156e3c-57cc-425b-90ef-9bcaa62a7535: receive RaftClientReply:client-E0FA40453D59->0c156e3c-57cc-425b-90ef-9bcaa62a7535@group-7704A457760D, cid=976, SUCCESS, logIndex=1691, commits[0c156e3c-57cc-425b-90ef-9bcaa62a7535:c1691]
2019-06-14 13:45:44,128 INFO  client.GrpcClientProtocolClient (GrpcClientProtocolClient.java:onNext(254)) - client-E0FA40453D59->0c156e3c-57cc-425b-90ef-9bcaa62a7535: receive RaftClientReply:client-E0FA40453D59->0c156e3c-57cc-425b-90ef-9bcaa62a7535@group-7704A457760D, cid=977, SUCCESS, logIndex=1693, commits[0c156e3c-57cc-425b-90ef-9bcaa62a7535:c1693]
2019-06-14 13:45:44,134 INFO  client.GrpcClientProtocolClient (GrpcClientProtocolClient.java:onNext(254)) - client-E0FA40453D59->0c156e3c-57cc-425b-90ef-9bcaa62a7535: receive RaftClientReply:client-E0FA40453D59->0c156e3c-57cc-425b-90ef-9bcaa62a7535@group-7704A457760D, cid=978, SUCCESS, logIndex=1695, commits[0c156e3c-57cc-425b-90ef-9bcaa62a7535:c1695]
2019-06-14 13:45:44,138 INFO  client.GrpcClientProtocolClient (GrpcClientProtocolClient.java:onNext(254)) - client-E0FA40453D59->0c156e3c-57cc-425b-90ef-9bcaa62a7535: receive RaftClientReply:client-E0FA40453D59->0c156e3c-57cc-425b-90ef-9bcaa62a7535@group-7704A457760D, cid=979, SUCCESS, logIndex=1696, commits[0c156e3c-57cc-425b-90ef-9bcaa62a7535:c1698]
2019-06-14 13:45:44,138 INFO  client.GrpcClientProtocolClient (GrpcClientProtocolClient.java:onNext(254)) - client-E0FA40453D59->0c156e3c-57cc-425b-90ef-9bcaa62a7535: receive RaftClientReply:client-E0FA40453D59->0c156e3c-57cc-425b-90ef-9bcaa62a7535@group-7704A457760D, cid=980, SUCCESS, logIndex=1697, commits[0c156e3c-57cc-425b-90ef-9bcaa62a7535:c1698]
2019-06-14 13:45:44,148 INFO  client.GrpcClientProtocolClient (GrpcClientProtocolClient.java:onNext(254)) - client-E0FA40453D59->0c156e3c-57cc-425b-90ef-9bcaa62a7535: receive RaftClientReply:client-E0FA40453D59->0c156e3c-57cc-425b-90ef-9bcaa62a7535@group-7704A457760D, cid=981, SUCCESS, logIndex=1699, commits[0c156e3c-57cc-425b-90ef-9bcaa62a7535:c1699]
2019-06-14 13:45:44,151 INFO  client.GrpcClientProtocolClient (GrpcClientProtocolClient.java:onNext(254)) - client-E0FA40453D59->0c156e3c-57cc-425b-90ef-9bcaa62a7535: receive RaftClientReply:client-E0FA40453D59->0c156e3c-57cc-425b-90ef-9bcaa62a7535@group-7704A457760D, cid=982, SUCCESS, logIndex=1701, commits[0c156e3c-57cc-425b-90ef-9bcaa62a7535:c1701]
2019-06-14 13:45:44,152 INFO  client.GrpcClientProtocolClient (GrpcClientProtocolClient.java:onNext(254)) - client-E0FA40453D59->0c156e3c-57cc-425b-90ef-9bcaa62a7535: receive RaftClientReply:client-E0FA40453D59->0c156e3c-57cc-425b-90ef-9bcaa62a7535@group-7704A457760D, cid=983, SUCCESS, logIndex=1702, commits[0c156e3c-57cc-425b-90ef-9bcaa62a7535:c1704]
2019-06-14 13:45:44,152 INFO  client.GrpcClientProtocolClient (GrpcClientProtocolClient.java:onNext(254)) - client-E0FA40453D59->0c156e3c-57cc-425b-90ef-9bcaa62a7535: receive RaftClientReply:client-E0FA40453D59->0c156e3c-57cc-425b-90ef-9bcaa62a7535@group-7704A457760D, cid=984, SUCCESS, logIndex=1703, commits[0c156e3c-57cc-425b-90ef-9bcaa62a7535:c1704]
2019-06-14 13:45:44,162 INFO  storage.RaftLogWorker (RaftLogWorker.java:rollLogSegment(303)) - 0c156e3c-57cc-425b-90ef-9bcaa62a7535-RaftLogWorker: Rolling segment log-1636_1704 to index:1704
2019-06-14 13:45:44,163 INFO  storage.RaftLogWorker (RaftLogWorker.java:execute(433)) - 0c156e3c-57cc-425b-90ef-9bcaa62a7535-RaftLogWorker: Rolled log segment from /opt/src/hadoop-ozone/integration-test/target/test-dir/MiniOzoneClusterImpl-8919240e-7e15-4dbf-8bf4-c210578586bb/datanode-0/data/ratis/1fc53845-3381-4beb-82f9-7704a457760d/current/log_inprogress_1636 to /opt/src/hadoop-ozone/integration-test/target/test-dir/MiniOzoneClusterImpl-8919240e-7e15-4dbf-8bf4-c210578586bb/datanode-0/data/ratis/1fc53845-3381-4beb-82f9-7704a457760d/current/log_1636-1704
2019-06-14 13:45:44,190 DEBUG block.SCMBlockDeletingService (SCMBlockDeletingService.java:call(138)) - Running DeletedBlockTransactionScanner
2019-06-14 13:45:44,191 DEBUG block.SCMBlockDeletingService (SCMBlockDeletingService.java:call(155)) - Scanned deleted blocks log and got 0 delTX to process.
2019-06-14 13:45:44,206 INFO  storage.RaftLogWorker (RaftLogWorker.java:execute(469)) - 0c156e3c-57cc-425b-90ef-9bcaa62a7535-RaftLogWorker: created new log segment /opt/src/hadoop-ozone/integration-test/target/test-dir/MiniOzoneClusterImpl-8919240e-7e15-4dbf-8bf4-c210578586bb/datanode-0/data/ratis/1fc53845-3381-4beb-82f9-7704a457760d/current/log_inprogress_1705
2019-06-14 13:45:44,209 INFO  client.GrpcClientProtocolClient (GrpcClientProtocolClient.java:onNext(254)) - client-E0FA40453D59->0c156e3c-57cc-425b-90ef-9bcaa62a7535: receive RaftClientReply:client-E0FA40453D59->0c156e3c-57cc-425b-90ef-9bcaa62a7535@group-7704A457760D, cid=985, SUCCESS, logIndex=1705, commits[0c156e3c-57cc-425b-90ef-9bcaa62a7535:c1705]
2019-06-14 13:45:44,215 INFO  client.GrpcClientProtocolClient (GrpcClientProtocolClient.java:onNext(254)) - client-E0FA40453D59->0c156e3c-57cc-425b-90ef-9bcaa62a7535: receive RaftClientReply:client-E0FA40453D59->0c156e3c-57cc-425b-90ef-9bcaa62a7535@group-7704A457760D, cid=986, SUCCESS, logIndex=1707, commits[0c156e3c-57cc-425b-90ef-9bcaa62a7535:c1709]
2019-06-14 13:45:44,217 INFO  client.GrpcClientProtocolClient (GrpcClientProtocolClient.java:onNext(254)) - client-E0FA40453D59->0c156e3c-57cc-425b-90ef-9bcaa62a7535: receive RaftClientReply:client-E0FA40453D59->0c156e3c-57cc-425b-90ef-9bcaa62a7535@group-7704A457760D, cid=987, SUCCESS, logIndex=1708, commits[0c156e3c-57cc-425b-90ef-9bcaa62a7535:c1709]
2019-06-14 13:45:44,217 INFO  client.GrpcClientProtocolClient (GrpcClientProtocolClient.java:onNext(254)) - client-E0FA40453D59->0c156e3c-57cc-425b-90ef-9bcaa62a7535: receive RaftClientReply:client-E0FA40453D59->0c156e3c-57cc-425b-90ef-9bcaa62a7535@group-7704A457760D, cid=988, SUCCESS, logIndex=1709, commits[0c156e3c-57cc-425b-90ef-9bcaa62a7535:c1709]
2019-06-14 13:45:44,224 INFO  client.GrpcClientProtocolClient (GrpcClientProtocolClient.java:onNext(254)) - client-E0FA40453D59->0c156e3c-57cc-425b-90ef-9bcaa62a7535: receive RaftClientReply:client-E0FA40453D59->0c156e3c-57cc-425b-90ef-9bcaa62a7535@group-7704A457760D, cid=989, SUCCESS, logIndex=1711, commits[0c156e3c-57cc-425b-90ef-9bcaa62a7535:c1711]
2019-06-14 13:45:44,226 INFO  client.GrpcClientProtocolClient (GrpcClientProtocolClient.java:onNext(254)) - client-E0FA40453D59->0c156e3c-57cc-425b-90ef-9bcaa62a7535: receive RaftClientReply:client-E0FA40453D59->0c156e3c-57cc-425b-90ef-9bcaa62a7535@group-7704A457760D, cid=990, SUCCESS, logIndex=1713, commits[0c156e3c-57cc-425b-90ef-9bcaa62a7535:c1713]
2019-06-14 13:45:44,226 INFO  client.GrpcClientProtocolClient (GrpcClientProtocolClient.java:onNext(254)) - client-E0FA40453D59->0c156e3c-57cc-425b-90ef-9bcaa62a7535: receive RaftClientReply:client-E0FA40453D59->0c156e3c-57cc-425b-90ef-9bcaa62a7535@group-7704A457760D, cid=991, SUCCESS, logIndex=1714, commits[0c156e3c-57cc-425b-90ef-9bcaa62a7535:c1716]
2019-06-14 13:45:44,227 INFO  client.GrpcClientProtocolClient (GrpcClientProtocolClient.java:onNext(254)) - client-E0FA40453D59->0c156e3c-57cc-425b-90ef-9bcaa62a7535: receive RaftClientReply:client-E0FA40453D59->0c156e3c-57cc-425b-90ef-9bcaa62a7535@group-7704A457760D, cid=992, SUCCESS, logIndex=1715, commits[0c156e3c-57cc-425b-90ef-9bcaa62a7535:c1716]
2019-06-14 13:45:44,236 INFO  client.GrpcClientProtocolClient (GrpcClientProtocolClient.java:onNext(254)) - client-E0FA40453D59->0c156e3c-57cc-425b-90ef-9bcaa62a7535: receive RaftClientReply:client-E0FA40453D59->0c156e3c-57cc-425b-90ef-9bcaa62a7535@group-7704A457760D, cid=993, SUCCESS, logIndex=1717, commits[0c156e3c-57cc-425b-90ef-9bcaa62a7535:c1717]
2019-06-14 13:45:44,242 INFO  client.GrpcClientProtocolClient (GrpcClientProtocolClient.java:onNext(254)) - client-E0FA40453D59->0c156e3c-57cc-425b-90ef-9bcaa62a7535: receive RaftClientReply:client-E0FA40453D59->0c156e3c-57cc-425b-90ef-9bcaa62a7535@group-7704A457760D, cid=994, SUCCESS, logIndex=1719, commits[0c156e3c-57cc-425b-90ef-9bcaa62a7535:c1719]
2019-06-14 13:45:44,242 INFO  client.GrpcClientProtocolClient (GrpcClientProtocolClient.java:onNext(254)) - client-E0FA40453D59->0c156e3c-57cc-425b-90ef-9bcaa62a7535: receive RaftClientReply:client-E0FA40453D59->0c156e3c-57cc-425b-90ef-9bcaa62a7535@group-7704A457760D, cid=995, SUCCESS, logIndex=1720, commits[0c156e3c-57cc-425b-90ef-9bcaa62a7535:c1721]
2019-06-14 13:45:44,243 INFO  client.GrpcClientProtocolClient (GrpcClientProtocolClient.java:onNext(254)) - client-E0FA40453D59->0c156e3c-57cc-425b-90ef-9bcaa62a7535: receive RaftClientReply:client-E0FA40453D59->0c156e3c-57cc-425b-90ef-9bcaa62a7535@group-7704A457760D, cid=996, SUCCESS, logIndex=1721, commits[0c156e3c-57cc-425b-90ef-9bcaa62a7535:c1721]
2019-06-14 13:45:44,251 INFO  client.GrpcClientProtocolClient (GrpcClientProtocolClient.java:onNext(254)) - client-E0FA40453D59->0c156e3c-57cc-425b-90ef-9bcaa62a7535: receive RaftClientReply:client-E0FA40453D59->0c156e3c-57cc-425b-90ef-9bcaa62a7535@group-7704A457760D, cid=997, SUCCESS, logIndex=1724, commits[0c156e3c-57cc-425b-90ef-9bcaa62a7535:c1724]
2019-06-14 13:45:44,252 INFO  client.GrpcClientProtocolClient (GrpcClientProtocolClient.java:onNext(254)) - client-E0FA40453D59->0c156e3c-57cc-425b-90ef-9bcaa62a7535: receive RaftClientReply:client-E0FA40453D59->0c156e3c-57cc-425b-90ef-9bcaa62a7535@group-7704A457760D, cid=998, SUCCESS, logIndex=1726, commits[0c156e3c-57cc-425b-90ef-9bcaa62a7535:c1726]
2019-06-14 13:45:44,254 INFO  client.GrpcClientProtocolClient (GrpcClientProtocolClient.java:onNext(254)) - client-E0FA40453D59->0c156e3c-57cc-425b-90ef-9bcaa62a7535: receive RaftClientReply:client-E0FA40453D59->0c156e3c-57cc-425b-90ef-9bcaa62a7535@group-7704A457760D, cid=999, SUCCESS, logIndex=1727, commits[0c156e3c-57cc-425b-90ef-9bcaa62a7535:c1729]
2019-06-14 13:45:44,254 INFO  client.GrpcClientProtocolClient (GrpcClientProtocolClient.java:onNext(254)) - client-E0FA40453D59->0c156e3c-57cc-425b-90ef-9bcaa62a7535: receive RaftClientReply:client-E0FA40453D59->0c156e3c-57cc-425b-90ef-9bcaa62a7535@group-7704A457760D, cid=1000, SUCCESS, logIndex=1728, commits[0c156e3c-57cc-425b-90ef-9bcaa62a7535:c1729]
2019-06-14 13:45:44,264 INFO  client.GrpcClientProtocolClient (GrpcClientProtocolClient.java:onNext(254)) - client-E0FA40453D59->0c156e3c-57cc-425b-90ef-9bcaa62a7535: receive RaftClientReply:client-E0FA40453D59->0c156e3c-57cc-425b-90ef-9bcaa62a7535@group-7704A457760D, cid=1001, SUCCESS, logIndex=1730, commits[0c156e3c-57cc-425b-90ef-9bcaa62a7535:c1730]
2019-06-14 13:45:44,266 INFO  client.GrpcClientProtocolClient (GrpcClientProtocolClient.java:onNext(254)) - client-E0FA40453D59->0c156e3c-57cc-425b-90ef-9bcaa62a7535: receive RaftClientReply:client-E0FA40453D59->0c156e3c-57cc-425b-90ef-9bcaa62a7535@group-7704A457760D, cid=1002, SUCCESS, logIndex=1732, commits[0c156e3c-57cc-425b-90ef-9bcaa62a7535:c1732]
2019-06-14 13:45:44,267 INFO  client.GrpcClientProtocolClient (GrpcClientProtocolClient.java:onNext(254)) - client-E0FA40453D59->0c156e3c-57cc-425b-90ef-9bcaa62a7535: receive RaftClientReply:client-E0FA40453D59->0c156e3c-57cc-425b-90ef-9bcaa62a7535@group-7704A457760D, cid=1003, SUCCESS, logIndex=1733, commits[0c156e3c-57cc-425b-90ef-9bcaa62a7535:c1734]
2019-06-14 13:45:44,268 INFO  client.GrpcClientProtocolClient (GrpcClientProtocolClient.java:onNext(254)) - client-E0FA40453D59->0c156e3c-57cc-425b-90ef-9bcaa62a7535: receive RaftClientReply:client-E0FA40453D59->0c156e3c-57cc-425b-90ef-9bcaa62a7535@group-7704A457760D, cid=1004, SUCCESS, logIndex=1735, commits[0c156e3c-57cc-425b-90ef-9bcaa62a7535:c1735]
2019-06-14 13:45:44,275 INFO  client.GrpcClientProtocolClient (GrpcClientProtocolClient.java:onNext(254)) - client-E0FA40453D59->0c156e3c-57cc-425b-90ef-9bcaa62a7535: receive RaftClientReply:client-E0FA40453D59->0c156e3c-57cc-425b-90ef-9bcaa62a7535@group-7704A457760D, cid=1005, SUCCESS, logIndex=1737, commits[0c156e3c-57cc-425b-90ef-9bcaa62a7535:c1737]
2019-06-14 13:45:44,278 INFO  client.GrpcClientProtocolClient (GrpcClientProtocolClient.java:onNext(254)) - client-E0FA40453D59->0c156e3c-57cc-425b-90ef-9bcaa62a7535: receive RaftClientReply:client-E0FA40453D59->0c156e3c-57cc-425b-90ef-9bcaa62a7535@group-7704A457760D, cid=1006, SUCCESS, logIndex=1739, commits[0c156e3c-57cc-425b-90ef-9bcaa62a7535:c1739]
2019-06-14 13:45:44,278 INFO  client.GrpcClientProtocolClient (GrpcClientProtocolClient.java:onNext(254)) - client-E0FA40453D59->0c156e3c-57cc-425b-90ef-9bcaa62a7535: receive RaftClientReply:client-E0FA40453D59->0c156e3c-57cc-425b-90ef-9bcaa62a7535@group-7704A457760D, cid=1007, SUCCESS, logIndex=1740, commits[0c156e3c-57cc-425b-90ef-9bcaa62a7535:c1740]
2019-06-14 13:45:44,278 INFO  client.GrpcClientProtocolClient (GrpcClientProtocolClient.java:onNext(254)) - client-E0FA40453D59->0c156e3c-57cc-425b-90ef-9bcaa62a7535: receive RaftClientReply:client-E0FA40453D59->0c156e3c-57cc-425b-90ef-9bcaa62a7535@group-7704A457760D, cid=1008, SUCCESS, logIndex=1741, commits[0c156e3c-57cc-425b-90ef-9bcaa62a7535:c1742]
2019-06-14 13:45:44,287 INFO  client.GrpcClientProtocolClient (GrpcClientProtocolClient.java:onNext(254)) - client-E0FA40453D59->0c156e3c-57cc-425b-90ef-9bcaa62a7535: receive RaftClientReply:client-E0FA40453D59->0c156e3c-57cc-425b-90ef-9bcaa62a7535@group-7704A457760D, cid=1009, SUCCESS, logIndex=1744, commits[0c156e3c-57cc-425b-90ef-9bcaa62a7535:c1744]
2019-06-14 13:45:44,290 INFO  client.GrpcClientProtocolClient (GrpcClientProtocolClient.java:onNext(254)) - client-E0FA40453D59->0c156e3c-57cc-425b-90ef-9bcaa62a7535: receive RaftClientReply:client-E0FA40453D59->0c156e3c-57cc-425b-90ef-9bcaa62a7535@group-7704A457760D, cid=1010, SUCCESS, logIndex=1746, commits[0c156e3c-57cc-425b-90ef-9bcaa62a7535:c1746]
2019-06-14 13:45:44,291 INFO  client.GrpcClientProtocolClient (GrpcClientProtocolClient.java:onNext(254)) - client-E0FA40453D59->0c156e3c-57cc-425b-90ef-9bcaa62a7535: receive RaftClientReply:client-E0FA40453D59->0c156e3c-57cc-425b-90ef-9bcaa62a7535@group-7704A457760D, cid=1011, SUCCESS, logIndex=1747, commits[0c156e3c-57cc-425b-90ef-9bcaa62a7535:c1749]
2019-06-14 13:45:44,291 DEBUG block.SCMBlockDeletingService (SCMBlockDeletingService.java:call(138)) - Running DeletedBlockTransactionScanner
2019-06-14 13:45:44,291 DEBUG block.SCMBlockDeletingService (SCMBlockDeletingService.java:call(155)) - Scanned deleted blocks log and got 0 delTX to process.
2019-06-14 13:45:44,291 INFO  client.GrpcClientProtocolClient (GrpcClientProtocolClient.java:onNext(254)) - client-E0FA40453D59->0c156e3c-57cc-425b-90ef-9bcaa62a7535: receive RaftClientReply:client-E0FA40453D59->0c156e3c-57cc-425b-90ef-9bcaa62a7535@group-7704A457760D, cid=1012, SUCCESS, logIndex=1748, commits[0c156e3c-57cc-425b-90ef-9bcaa62a7535:c1749]
2019-06-14 13:45:44,297 INFO  client.GrpcClientProtocolClient (GrpcClientProtocolClient.java:onNext(254)) - client-E0FA40453D59->0c156e3c-57cc-425b-90ef-9bcaa62a7535: receive RaftClientReply:client-E0FA40453D59->0c156e3c-57cc-425b-90ef-9bcaa62a7535@group-7704A457760D, cid=1013, SUCCESS, logIndex=1750, commits[0c156e3c-57cc-425b-90ef-9bcaa62a7535:c1750]
2019-06-14 13:45:44,299 INFO  client.GrpcClientProtocolClient (GrpcClientProtocolClient.java:onNext(254)) - client-E0FA40453D59->0c156e3c-57cc-425b-90ef-9bcaa62a7535: receive RaftClientReply:client-E0FA40453D59->0c156e3c-57cc-425b-90ef-9bcaa62a7535@group-7704A457760D, cid=1014, SUCCESS, logIndex=1752, commits[0c156e3c-57cc-425b-90ef-9bcaa62a7535:c1752]
2019-06-14 13:45:44,300 INFO  client.GrpcClientProtocolClient (GrpcClientProtocolClient.java:onNext(254)) - client-E0FA40453D59->0c156e3c-57cc-425b-90ef-9bcaa62a7535: receive RaftClientReply:client-E0FA40453D59->0c156e3c-57cc-425b-90ef-9bcaa62a7535@group-7704A457760D, cid=1015, SUCCESS, logIndex=1753, commits[0c156e3c-57cc-425b-90ef-9bcaa62a7535:c1755]
2019-06-14 13:45:44,300 INFO  client.GrpcClientProtocolClient (GrpcClientProtocolClient.java:onNext(254)) - client-E0FA40453D59->0c156e3c-57cc-425b-90ef-9bcaa62a7535: receive RaftClientReply:client-E0FA40453D59->0c156e3c-57cc-425b-90ef-9bcaa62a7535@group-7704A457760D, cid=1016, SUCCESS, logIndex=1754, commits[0c156e3c-57cc-425b-90ef-9bcaa62a7535:c1755]
2019-06-14 13:45:44,391 DEBUG block.SCMBlockDeletingService (SCMBlockDeletingService.java:call(138)) - Running DeletedBlockTransactionScanner
2019-06-14 13:45:44,392 DEBUG block.SCMBlockDeletingService (SCMBlockDeletingService.java:call(155)) - Scanned deleted blocks log and got 0 delTX to process.
2019-06-14 13:45:44,428 INFO  client.GrpcClientProtocolClient (GrpcClientProtocolClient.java:onNext(254)) - client-E0FA40453D59->0c156e3c-57cc-425b-90ef-9bcaa62a7535: receive RaftClientReply:client-E0FA40453D59->0c156e3c-57cc-425b-90ef-9bcaa62a7535@group-7704A457760D, cid=1017, SUCCESS, logIndex=1756, commits[0c156e3c-57cc-425b-90ef-9bcaa62a7535:c1756]
2019-06-14 13:45:44,432 INFO  client.GrpcClientProtocolClient (GrpcClientProtocolClient.java:onNext(254)) - client-E0FA40453D59->0c156e3c-57cc-425b-90ef-9bcaa62a7535: receive RaftClientReply:client-E0FA40453D59->0c156e3c-57cc-425b-90ef-9bcaa62a7535@group-7704A457760D, cid=1018, SUCCESS, logIndex=1758, commits[0c156e3c-57cc-425b-90ef-9bcaa62a7535:c1758]
2019-06-14 13:45:44,432 INFO  client.GrpcClientProtocolClient (GrpcClientProtocolClient.java:onNext(254)) - client-E0FA40453D59->0c156e3c-57cc-425b-90ef-9bcaa62a7535: receive RaftClientReply:client-E0FA40453D59->0c156e3c-57cc-425b-90ef-9bcaa62a7535@group-7704A457760D, cid=1019, SUCCESS, logIndex=1759, commits[0c156e3c-57cc-425b-90ef-9bcaa62a7535:c1759]
2019-06-14 13:45:44,432 INFO  client.GrpcClientProtocolClient (GrpcClientProtocolClient.java:onNext(254)) - client-E0FA40453D59->0c156e3c-57cc-425b-90ef-9bcaa62a7535: receive RaftClientReply:client-E0FA40453D59->0c156e3c-57cc-425b-90ef-9bcaa62a7535@group-7704A457760D, cid=1020, SUCCESS, logIndex=1761, commits[0c156e3c-57cc-425b-90ef-9bcaa62a7535:c1761]
2019-06-14 13:45:44,442 INFO  client.GrpcClientProtocolClient (GrpcClientProtocolClient.java:onNext(254)) - client-E0FA40453D59->0c156e3c-57cc-425b-90ef-9bcaa62a7535: receive RaftClientReply:client-E0FA40453D59->0c156e3c-57cc-425b-90ef-9bcaa62a7535@group-7704A457760D, cid=1021, SUCCESS, logIndex=1764, commits[0c156e3c-57cc-425b-90ef-9bcaa62a7535:c1764]
2019-06-14 13:45:44,447 INFO  client.GrpcClientProtocolClient (GrpcClientProtocolClient.java:onNext(254)) - client-E0FA40453D59->0c156e3c-57cc-425b-90ef-9bcaa62a7535: receive RaftClientReply:client-E0FA40453D59->0c156e3c-57cc-425b-90ef-9bcaa62a7535@group-7704A457760D, cid=1022, SUCCESS, logIndex=1766, commits[0c156e3c-57cc-425b-90ef-9bcaa62a7535:c1766]
2019-06-14 13:45:44,447 INFO  client.GrpcClientProtocolClient (GrpcClientProtocolClient.java:onNext(254)) - client-E0FA40453D59->0c156e3c-57cc-425b-90ef-9bcaa62a7535: receive RaftClientReply:client-E0FA40453D59->0c156e3c-57cc-425b-90ef-9bcaa62a7535@group-7704A457760D, cid=1023, SUCCESS, logIndex=1767, commits[0c156e3c-57cc-425b-90ef-9bcaa62a7535:c1768]
2019-06-14 13:45:44,448 INFO  client.GrpcClientProtocolClient (GrpcClientProtocolClient.java:onNext(254)) - client-E0FA40453D59->0c156e3c-57cc-425b-90ef-9bcaa62a7535: receive RaftClientReply:client-E0FA40453D59->0c156e3c-57cc-425b-90ef-9bcaa62a7535@group-7704A457760D, cid=1024, SUCCESS, logIndex=1769, commits[0c156e3c-57cc-425b-90ef-9bcaa62a7535:c1769]
2019-06-14 13:45:44,475 INFO  client.GrpcClientProtocolClient (GrpcClientProtocolClient.java:onNext(254)) - client-E0FA40453D59->0c156e3c-57cc-425b-90ef-9bcaa62a7535: receive RaftClientReply:client-E0FA40453D59->0c156e3c-57cc-425b-90ef-9bcaa62a7535@group-7704A457760D, cid=1025, SUCCESS, logIndex=1771, commits[0c156e3c-57cc-425b-90ef-9bcaa62a7535:c1771]
2019-06-14 13:45:44,480 INFO  client.GrpcClientProtocolClient (GrpcClientProtocolClient.java:onNext(254)) - client-E0FA40453D59->0c156e3c-57cc-425b-90ef-9bcaa62a7535: receive RaftClientReply:client-E0FA40453D59->0c156e3c-57cc-425b-90ef-9bcaa62a7535@group-7704A457760D, cid=1026, SUCCESS, logIndex=1773, commits[0c156e3c-57cc-425b-90ef-9bcaa62a7535:c1773]
2019-06-14 13:45:44,480 INFO  client.GrpcClientProtocolClient (GrpcClientProtocolClient.java:onNext(254)) - client-E0FA40453D59->0c156e3c-57cc-425b-90ef-9bcaa62a7535: receive RaftClientReply:client-E0FA40453D59->0c156e3c-57cc-425b-90ef-9bcaa62a7535@group-7704A457760D, cid=1027, SUCCESS, logIndex=1774, commits[0c156e3c-57cc-425b-90ef-9bcaa62a7535:c1775]
2019-06-14 13:45:44,481 INFO  client.GrpcClientProtocolClient (GrpcClientProtocolClient.java:onNext(254)) - client-E0FA40453D59->0c156e3c-57cc-425b-90ef-9bcaa62a7535: receive RaftClientReply:client-E0FA40453D59->0c156e3c-57cc-425b-90ef-9bcaa62a7535@group-7704A457760D, cid=1028, SUCCESS, logIndex=1776, commits[0c156e3c-57cc-425b-90ef-9bcaa62a7535:c1776]
2019-06-14 13:45:44,485 INFO  storage.RaftLogWorker (RaftLogWorker.java:rollLogSegment(303)) - 0c156e3c-57cc-425b-90ef-9bcaa62a7535-RaftLogWorker: Rolling segment log-1705_1777 to index:1777
2019-06-14 13:45:44,486 INFO  storage.RaftLogWorker (RaftLogWorker.java:execute(433)) - 0c156e3c-57cc-425b-90ef-9bcaa62a7535-RaftLogWorker: Rolled log segment from /opt/src/hadoop-ozone/integration-test/target/test-dir/MiniOzoneClusterImpl-8919240e-7e15-4dbf-8bf4-c210578586bb/datanode-0/data/ratis/1fc53845-3381-4beb-82f9-7704a457760d/current/log_inprogress_1705 to /opt/src/hadoop-ozone/integration-test/target/test-dir/MiniOzoneClusterImpl-8919240e-7e15-4dbf-8bf4-c210578586bb/datanode-0/data/ratis/1fc53845-3381-4beb-82f9-7704a457760d/current/log_1705-1777
2019-06-14 13:45:44,492 DEBUG block.SCMBlockDeletingService (SCMBlockDeletingService.java:call(138)) - Running DeletedBlockTransactionScanner
2019-06-14 13:45:44,492 DEBUG block.SCMBlockDeletingService (SCMBlockDeletingService.java:call(155)) - Scanned deleted blocks log and got 0 delTX to process.
2019-06-14 13:45:44,536 INFO  storage.RaftLogWorker (RaftLogWorker.java:execute(469)) - 0c156e3c-57cc-425b-90ef-9bcaa62a7535-RaftLogWorker: created new log segment /opt/src/hadoop-ozone/integration-test/target/test-dir/MiniOzoneClusterImpl-8919240e-7e15-4dbf-8bf4-c210578586bb/datanode-0/data/ratis/1fc53845-3381-4beb-82f9-7704a457760d/current/log_inprogress_1778
2019-06-14 13:45:44,538 INFO  client.GrpcClientProtocolClient (GrpcClientProtocolClient.java:onNext(254)) - client-E0FA40453D59->0c156e3c-57cc-425b-90ef-9bcaa62a7535: receive RaftClientReply:client-E0FA40453D59->0c156e3c-57cc-425b-90ef-9bcaa62a7535@group-7704A457760D, cid=1029, SUCCESS, logIndex=1778, commits[0c156e3c-57cc-425b-90ef-9bcaa62a7535:c1778]
2019-06-14 13:45:44,541 INFO  client.GrpcClientProtocolClient (GrpcClientProtocolClient.java:onNext(254)) - client-E0FA40453D59->0c156e3c-57cc-425b-90ef-9bcaa62a7535: receive RaftClientReply:client-E0FA40453D59->0c156e3c-57cc-425b-90ef-9bcaa62a7535@group-7704A457760D, cid=1030, SUCCESS, logIndex=1780, commits[0c156e3c-57cc-425b-90ef-9bcaa62a7535:c1780]
2019-06-14 13:45:44,541 INFO  client.GrpcClientProtocolClient (GrpcClientProtocolClient.java:onNext(254)) - client-E0FA40453D59->0c156e3c-57cc-425b-90ef-9bcaa62a7535: receive RaftClientReply:client-E0FA40453D59->0c156e3c-57cc-425b-90ef-9bcaa62a7535@group-7704A457760D, cid=1031, SUCCESS, logIndex=1781, commits[0c156e3c-57cc-425b-90ef-9bcaa62a7535:c1782]
2019-06-14 13:45:44,542 INFO  client.GrpcClientProtocolClient (GrpcClientProtocolClient.java:onNext(254)) - client-E0FA40453D59->0c156e3c-57cc-425b-90ef-9bcaa62a7535: receive RaftClientReply:client-E0FA40453D59->0c156e3c-57cc-425b-90ef-9bcaa62a7535@group-7704A457760D, cid=1032, SUCCESS, logIndex=1782, commits[0c156e3c-57cc-425b-90ef-9bcaa62a7535:c1782]
2019-06-14 13:45:44,556 INFO  client.GrpcClientProtocolClient (GrpcClientProtocolClient.java:onNext(254)) - client-E0FA40453D59->0c156e3c-57cc-425b-90ef-9bcaa62a7535: receive RaftClientReply:client-E0FA40453D59->0c156e3c-57cc-425b-90ef-9bcaa62a7535@group-7704A457760D, cid=1033, SUCCESS, logIndex=1785, commits[0c156e3c-57cc-425b-90ef-9bcaa62a7535:c1785]
2019-06-14 13:45:44,558 INFO  client.GrpcClientProtocolClient (GrpcClientProtocolClient.java:onNext(254)) - client-E0FA40453D59->0c156e3c-57cc-425b-90ef-9bcaa62a7535: receive RaftClientReply:client-E0FA40453D59->0c156e3c-57cc-425b-90ef-9bcaa62a7535@group-7704A457760D, cid=1034, SUCCESS, logIndex=1787, commits[0c156e3c-57cc-425b-90ef-9bcaa62a7535:c1787]
2019-06-14 13:45:44,565 INFO  client.GrpcClientProtocolClient (GrpcClientProtocolClient.java:onNext(254)) - client-E0FA40453D59->0c156e3c-57cc-425b-90ef-9bcaa62a7535: receive RaftClientReply:client-E0FA40453D59->0c156e3c-57cc-425b-90ef-9bcaa62a7535@group-7704A457760D, cid=1035, SUCCESS, logIndex=1788, commits[0c156e3c-57cc-425b-90ef-9bcaa62a7535:c1790]
2019-06-14 13:45:44,565 INFO  client.GrpcClientProtocolClient (GrpcClientProtocolClient.java:onNext(254)) - client-E0FA40453D59->0c156e3c-57cc-425b-90ef-9bcaa62a7535: receive RaftClientReply:client-E0FA40453D59->0c156e3c-57cc-425b-90ef-9bcaa62a7535@group-7704A457760D, cid=1036, SUCCESS, logIndex=1790, commits[0c156e3c-57cc-425b-90ef-9bcaa62a7535:c1790]
2019-06-14 13:45:44,571 INFO  client.GrpcClientProtocolClient (GrpcClientProtocolClient.java:onNext(254)) - client-E0FA40453D59->0c156e3c-57cc-425b-90ef-9bcaa62a7535: receive RaftClientReply:client-E0FA40453D59->0c156e3c-57cc-425b-90ef-9bcaa62a7535@group-7704A457760D, cid=1037, SUCCESS, logIndex=1792, commits[0c156e3c-57cc-425b-90ef-9bcaa62a7535:c1792]
2019-06-14 13:45:44,572 INFO  client.GrpcClientProtocolClient (GrpcClientProtocolClient.java:onNext(254)) - client-E0FA40453D59->0c156e3c-57cc-425b-90ef-9bcaa62a7535: receive RaftClientReply:client-E0FA40453D59->0c156e3c-57cc-425b-90ef-9bcaa62a7535@group-7704A457760D, cid=1038, SUCCESS, logIndex=1794, commits[0c156e3c-57cc-425b-90ef-9bcaa62a7535:c1794]
2019-06-14 13:45:44,575 INFO  client.GrpcClientProtocolClient (GrpcClientProtocolClient.java:onNext(254)) - client-E0FA40453D59->0c156e3c-57cc-425b-90ef-9bcaa62a7535: receive RaftClientReply:client-E0FA40453D59->0c156e3c-57cc-425b-90ef-9bcaa62a7535@group-7704A457760D, cid=1039, SUCCESS, logIndex=1796, commits[0c156e3c-57cc-425b-90ef-9bcaa62a7535:c1797]
2019-06-14 13:45:44,575 INFO  client.GrpcClientProtocolClient (GrpcClientProtocolClient.java:onNext(254)) - client-E0FA40453D59->0c156e3c-57cc-425b-90ef-9bcaa62a7535: receive RaftClientReply:client-E0FA40453D59->0c156e3c-57cc-425b-90ef-9bcaa62a7535@group-7704A457760D, cid=1040, SUCCESS, logIndex=1797, commits[0c156e3c-57cc-425b-90ef-9bcaa62a7535:c1797]
2019-06-14 13:45:44,589 INFO  client.GrpcClientProtocolClient (GrpcClientProtocolClient.java:onNext(254)) - client-E0FA40453D59->0c156e3c-57cc-425b-90ef-9bcaa62a7535: receive RaftClientReply:client-E0FA40453D59->0c156e3c-57cc-425b-90ef-9bcaa62a7535@group-7704A457760D, cid=1041, SUCCESS, logIndex=1799, commits[0c156e3c-57cc-425b-90ef-9bcaa62a7535:c1799]
2019-06-14 13:45:44,592 INFO  client.GrpcClientProtocolClient (GrpcClientProtocolClient.java:onNext(254)) - client-E0FA40453D59->0c156e3c-57cc-425b-90ef-9bcaa62a7535: receive RaftClientReply:client-E0FA40453D59->0c156e3c-57cc-425b-90ef-9bcaa62a7535@group-7704A457760D, cid=1042, SUCCESS, logIndex=1801, commits[0c156e3c-57cc-425b-90ef-9bcaa62a7535:c1801]
2019-06-14 13:45:44,592 DEBUG block.SCMBlockDeletingService (SCMBlockDeletingService.java:call(138)) - Running DeletedBlockTransactionScanner
2019-06-14 13:45:44,593 DEBUG block.SCMBlockDeletingService (SCMBlockDeletingService.java:call(155)) - Scanned deleted blocks log and got 0 delTX to process.
2019-06-14 13:45:44,596 INFO  client.GrpcClientProtocolClient (GrpcClientProtocolClient.java:onNext(254)) - client-E0FA40453D59->0c156e3c-57cc-425b-90ef-9bcaa62a7535: receive RaftClientReply:client-E0FA40453D59->0c156e3c-57cc-425b-90ef-9bcaa62a7535@group-7704A457760D, cid=1043, SUCCESS, logIndex=1803, commits[0c156e3c-57cc-425b-90ef-9bcaa62a7535:c1804]
2019-06-14 13:45:44,596 INFO  client.GrpcClientProtocolClient (GrpcClientProtocolClient.java:onNext(254)) - client-E0FA40453D59->0c156e3c-57cc-425b-90ef-9bcaa62a7535: receive RaftClientReply:client-E0FA40453D59->0c156e3c-57cc-425b-90ef-9bcaa62a7535@group-7704A457760D, cid=1044, SUCCESS, logIndex=1804, commits[0c156e3c-57cc-425b-90ef-9bcaa62a7535:c1804]
2019-06-14 13:45:44,605 INFO  client.GrpcClientProtocolClient (GrpcClientProtocolClient.java:onNext(254)) - client-E0FA40453D59->0c156e3c-57cc-425b-90ef-9bcaa62a7535: receive RaftClientReply:client-E0FA40453D59->0c156e3c-57cc-425b-90ef-9bcaa62a7535@group-7704A457760D, cid=1045, SUCCESS, logIndex=1806, commits[0c156e3c-57cc-425b-90ef-9bcaa62a7535:c1806]
2019-06-14 13:45:44,606 INFO  client.GrpcClientProtocolClient (GrpcClientProtocolClient.java:onNext(254)) - client-E0FA40453D59->0c156e3c-57cc-425b-90ef-9bcaa62a7535: receive RaftClientReply:client-E0FA40453D59->0c156e3c-57cc-425b-90ef-9bcaa62a7535@group-7704A457760D, cid=1046, SUCCESS, logIndex=1808, commits[0c156e3c-57cc-425b-90ef-9bcaa62a7535:c1808]
2019-06-14 13:45:44,609 INFO  client.GrpcClientProtocolClient (GrpcClientProtocolClient.java:onNext(254)) - client-E0FA40453D59->0c156e3c-57cc-425b-90ef-9bcaa62a7535: receive RaftClientReply:client-E0FA40453D59->0c156e3c-57cc-425b-90ef-9bcaa62a7535@group-7704A457760D, cid=1047, SUCCESS, logIndex=1809, commits[0c156e3c-57cc-425b-90ef-9bcaa62a7535:c1811]
2019-06-14 13:45:44,609 INFO  client.GrpcClientProtocolClient (GrpcClientProtocolClient.java:onNext(254)) - client-E0FA40453D59->0c156e3c-57cc-425b-90ef-9bcaa62a7535: receive RaftClientReply:client-E0FA40453D59->0c156e3c-57cc-425b-90ef-9bcaa62a7535@group-7704A457760D, cid=1048, SUCCESS, logIndex=1811, commits[0c156e3c-57cc-425b-90ef-9bcaa62a7535:c1811]
2019-06-14 13:45:44,620 INFO  client.GrpcClientProtocolClient (GrpcClientProtocolClient.java:onNext(254)) - client-E0FA40453D59->0c156e3c-57cc-425b-90ef-9bcaa62a7535: receive RaftClientReply:client-E0FA40453D59->0c156e3c-57cc-425b-90ef-9bcaa62a7535@group-7704A457760D, cid=1049, SUCCESS, logIndex=1813, commits[0c156e3c-57cc-425b-90ef-9bcaa62a7535:c1813]
2019-06-14 13:45:44,622 INFO  client.GrpcClientProtocolClient (GrpcClientProtocolClient.java:onNext(254)) - client-E0FA40453D59->0c156e3c-57cc-425b-90ef-9bcaa62a7535: receive RaftClientReply:client-E0FA40453D59->0c156e3c-57cc-425b-90ef-9bcaa62a7535@group-7704A457760D, cid=1050, SUCCESS, logIndex=1815, commits[0c156e3c-57cc-425b-90ef-9bcaa62a7535:c1815]
2019-06-14 13:45:44,626 INFO  client.GrpcClientProtocolClient (GrpcClientProtocolClient.java:onNext(254)) - client-E0FA40453D59->0c156e3c-57cc-425b-90ef-9bcaa62a7535: receive RaftClientReply:client-E0FA40453D59->0c156e3c-57cc-425b-90ef-9bcaa62a7535@group-7704A457760D, cid=1051, SUCCESS, logIndex=1817, commits[0c156e3c-57cc-425b-90ef-9bcaa62a7535:c1817]
2019-06-14 13:45:44,627 INFO  client.GrpcClientProtocolClient (GrpcClientProtocolClient.java:onNext(254)) - client-E0FA40453D59->0c156e3c-57cc-425b-90ef-9bcaa62a7535: receive RaftClientReply:client-E0FA40453D59->0c156e3c-57cc-425b-90ef-9bcaa62a7535@group-7704A457760D, cid=1052, SUCCESS, logIndex=1819, commits[0c156e3c-57cc-425b-90ef-9bcaa62a7535:c1819]
2019-06-14 13:45:44,633 INFO  client.GrpcClientProtocolClient (GrpcClientProtocolClient.java:onNext(254)) - client-E0FA40453D59->0c156e3c-57cc-425b-90ef-9bcaa62a7535: receive RaftClientReply:client-E0FA40453D59->0c156e3c-57cc-425b-90ef-9bcaa62a7535@group-7704A457760D, cid=1053, SUCCESS, logIndex=1821, commits[0c156e3c-57cc-425b-90ef-9bcaa62a7535:c1821]
2019-06-14 13:45:44,635 INFO  client.GrpcClientProtocolClient (GrpcClientProtocolClient.java:onNext(254)) - client-E0FA40453D59->0c156e3c-57cc-425b-90ef-9bcaa62a7535: receive RaftClientReply:client-E0FA40453D59->0c156e3c-57cc-425b-90ef-9bcaa62a7535@group-7704A457760D, cid=1054, SUCCESS, logIndex=1823, commits[0c156e3c-57cc-425b-90ef-9bcaa62a7535:c1823]
2019-06-14 13:45:44,636 INFO  client.GrpcClientProtocolClient (GrpcClientProtocolClient.java:onNext(254)) - client-E0FA40453D59->0c156e3c-57cc-425b-90ef-9bcaa62a7535: receive RaftClientReply:client-E0FA40453D59->0c156e3c-57cc-425b-90ef-9bcaa62a7535@group-7704A457760D, cid=1055, SUCCESS, logIndex=1824, commits[0c156e3c-57cc-425b-90ef-9bcaa62a7535:c1826]
2019-06-14 13:45:44,637 INFO  client.GrpcClientProtocolClient (GrpcClientProtocolClient.java:onNext(254)) - client-E0FA40453D59->0c156e3c-57cc-425b-90ef-9bcaa62a7535: receive RaftClientReply:client-E0FA40453D59->0c156e3c-57cc-425b-90ef-9bcaa62a7535@group-7704A457760D, cid=1056, SUCCESS, logIndex=1826, commits[0c156e3c-57cc-425b-90ef-9bcaa62a7535:c1827]
2019-06-14 13:45:44,648 INFO  client.GrpcClientProtocolClient (GrpcClientProtocolClient.java:onNext(254)) - client-E0FA40453D59->0c156e3c-57cc-425b-90ef-9bcaa62a7535: receive RaftClientReply:client-E0FA40453D59->0c156e3c-57cc-425b-90ef-9bcaa62a7535@group-7704A457760D, cid=1057, SUCCESS, logIndex=1828, commits[0c156e3c-57cc-425b-90ef-9bcaa62a7535:c1828]
2019-06-14 13:45:44,651 INFO  client.GrpcClientProtocolClient (GrpcClientProtocolClient.java:onNext(254)) - client-E0FA40453D59->0c156e3c-57cc-425b-90ef-9bcaa62a7535: receive RaftClientReply:client-E0FA40453D59->0c156e3c-57cc-425b-90ef-9bcaa62a7535@group-7704A457760D, cid=1058, SUCCESS, logIndex=1830, commits[0c156e3c-57cc-425b-90ef-9bcaa62a7535:c1830]
2019-06-14 13:45:44,652 INFO  client.GrpcClientProtocolClient (GrpcClientProtocolClient.java:onNext(254)) - client-E0FA40453D59->0c156e3c-57cc-425b-90ef-9bcaa62a7535: receive RaftClientReply:client-E0FA40453D59->0c156e3c-57cc-425b-90ef-9bcaa62a7535@group-7704A457760D, cid=1059, SUCCESS, logIndex=1831, commits[0c156e3c-57cc-425b-90ef-9bcaa62a7535:c1833]
2019-06-14 13:45:44,652 INFO  client.GrpcClientProtocolClient (GrpcClientProtocolClient.java:onNext(254)) - client-E0FA40453D59->0c156e3c-57cc-425b-90ef-9bcaa62a7535: receive RaftClientReply:client-E0FA40453D59->0c156e3c-57cc-425b-90ef-9bcaa62a7535@group-7704A457760D, cid=1060, SUCCESS, logIndex=1832, commits[0c156e3c-57cc-425b-90ef-9bcaa62a7535:c1833]
2019-06-14 13:45:44,693 DEBUG block.SCMBlockDeletingService (SCMBlockDeletingService.java:call(138)) - Running DeletedBlockTransactionScanner
2019-06-14 13:45:44,693 DEBUG block.SCMBlockDeletingService (SCMBlockDeletingService.java:call(155)) - Scanned deleted blocks log and got 0 delTX to process.
2019-06-14 13:45:44,774 INFO  client.GrpcClientProtocolClient (GrpcClientProtocolClient.java:onNext(254)) - client-E0FA40453D59->0c156e3c-57cc-425b-90ef-9bcaa62a7535: receive RaftClientReply:client-E0FA40453D59->0c156e3c-57cc-425b-90ef-9bcaa62a7535@group-7704A457760D, cid=1061, SUCCESS, logIndex=1834, commits[0c156e3c-57cc-425b-90ef-9bcaa62a7535:c1834]
2019-06-14 13:45:44,779 INFO  client.GrpcClientProtocolClient (GrpcClientProtocolClient.java:onNext(254)) - client-E0FA40453D59->0c156e3c-57cc-425b-90ef-9bcaa62a7535: receive RaftClientReply:client-E0FA40453D59->0c156e3c-57cc-425b-90ef-9bcaa62a7535@group-7704A457760D, cid=1062, SUCCESS, logIndex=1836, commits[0c156e3c-57cc-425b-90ef-9bcaa62a7535:c1838]
2019-06-14 13:45:44,779 INFO  client.GrpcClientProtocolClient (GrpcClientProtocolClient.java:onNext(254)) - client-E0FA40453D59->0c156e3c-57cc-425b-90ef-9bcaa62a7535: receive RaftClientReply:client-E0FA40453D59->0c156e3c-57cc-425b-90ef-9bcaa62a7535@group-7704A457760D, cid=1063, SUCCESS, logIndex=1837, commits[0c156e3c-57cc-425b-90ef-9bcaa62a7535:c1838]
2019-06-14 13:45:44,779 INFO  client.GrpcClientProtocolClient (GrpcClientProtocolClient.java:onNext(254)) - client-E0FA40453D59->0c156e3c-57cc-425b-90ef-9bcaa62a7535: receive RaftClientReply:client-E0FA40453D59->0c156e3c-57cc-425b-90ef-9bcaa62a7535@group-7704A457760D, cid=1064, SUCCESS, logIndex=1838, commits[0c156e3c-57cc-425b-90ef-9bcaa62a7535:c1838]
2019-06-14 13:45:44,793 INFO  client.GrpcClientProtocolClient (GrpcClientProtocolClient.java:onNext(254)) - client-E0FA40453D59->0c156e3c-57cc-425b-90ef-9bcaa62a7535: receive RaftClientReply:client-E0FA40453D59->0c156e3c-57cc-425b-90ef-9bcaa62a7535@group-7704A457760D, cid=1065, SUCCESS, logIndex=1840, commits[0c156e3c-57cc-425b-90ef-9bcaa62a7535:c1840]
2019-06-14 13:45:44,794 DEBUG block.SCMBlockDeletingService (SCMBlockDeletingService.java:call(138)) - Running DeletedBlockTransactionScanner
2019-06-14 13:45:44,794 DEBUG block.SCMBlockDeletingService (SCMBlockDeletingService.java:call(155)) - Scanned deleted blocks log and got 0 delTX to process.
2019-06-14 13:45:44,795 INFO  client.GrpcClientProtocolClient (GrpcClientProtocolClient.java:onNext(254)) - client-E0FA40453D59->0c156e3c-57cc-425b-90ef-9bcaa62a7535: receive RaftClientReply:client-E0FA40453D59->0c156e3c-57cc-425b-90ef-9bcaa62a7535@group-7704A457760D, cid=1066, SUCCESS, logIndex=1842, commits[0c156e3c-57cc-425b-90ef-9bcaa62a7535:c1842]
2019-06-14 13:45:44,798 INFO  client.GrpcClientProtocolClient (GrpcClientProtocolClient.java:onNext(254)) - client-E0FA40453D59->0c156e3c-57cc-425b-90ef-9bcaa62a7535: receive RaftClientReply:client-E0FA40453D59->0c156e3c-57cc-425b-90ef-9bcaa62a7535@group-7704A457760D, cid=1067, SUCCESS, logIndex=1844, commits[0c156e3c-57cc-425b-90ef-9bcaa62a7535:c1844]
2019-06-14 13:45:44,799 INFO  client.GrpcClientProtocolClient (GrpcClientProtocolClient.java:onNext(254)) - client-E0FA40453D59->0c156e3c-57cc-425b-90ef-9bcaa62a7535: receive RaftClientReply:client-E0FA40453D59->0c156e3c-57cc-425b-90ef-9bcaa62a7535@group-7704A457760D, cid=1068, SUCCESS, logIndex=1845, commits[0c156e3c-57cc-425b-90ef-9bcaa62a7535:c1845]
2019-06-14 13:45:44,805 INFO  client.GrpcClientProtocolClient (GrpcClientProtocolClient.java:onNext(254)) - client-E0FA40453D59->0c156e3c-57cc-425b-90ef-9bcaa62a7535: receive RaftClientReply:client-E0FA40453D59->0c156e3c-57cc-425b-90ef-9bcaa62a7535@group-7704A457760D, cid=1069, SUCCESS, logIndex=1848, commits[0c156e3c-57cc-425b-90ef-9bcaa62a7535:c1848]
2019-06-14 13:45:44,805 INFO  storage.RaftLogWorker (RaftLogWorker.java:rollLogSegment(303)) - 0c156e3c-57cc-425b-90ef-9bcaa62a7535-RaftLogWorker: Rolling segment log-1778_1851 to index:1851
2019-06-14 13:45:44,806 INFO  client.GrpcClientProtocolClient (GrpcClientProtocolClient.java:onNext(254)) - client-E0FA40453D59->0c156e3c-57cc-425b-90ef-9bcaa62a7535: receive RaftClientReply:client-E0FA40453D59->0c156e3c-57cc-425b-90ef-9bcaa62a7535@group-7704A457760D, cid=1070, SUCCESS, logIndex=1850, commits[0c156e3c-57cc-425b-90ef-9bcaa62a7535:c1850]
2019-06-14 13:45:44,806 INFO  storage.RaftLogWorker (RaftLogWorker.java:execute(433)) - 0c156e3c-57cc-425b-90ef-9bcaa62a7535-RaftLogWorker: Rolled log segment from /opt/src/hadoop-ozone/integration-test/target/test-dir/MiniOzoneClusterImpl-8919240e-7e15-4dbf-8bf4-c210578586bb/datanode-0/data/ratis/1fc53845-3381-4beb-82f9-7704a457760d/current/log_inprogress_1778 to /opt/src/hadoop-ozone/integration-test/target/test-dir/MiniOzoneClusterImpl-8919240e-7e15-4dbf-8bf4-c210578586bb/datanode-0/data/ratis/1fc53845-3381-4beb-82f9-7704a457760d/current/log_1778-1851
2019-06-14 13:45:44,814 INFO  client.GrpcClientProtocolClient (GrpcClientProtocolClient.java:onNext(254)) - client-E0FA40453D59->0c156e3c-57cc-425b-90ef-9bcaa62a7535: receive RaftClientReply:client-E0FA40453D59->0c156e3c-57cc-425b-90ef-9bcaa62a7535@group-7704A457760D, cid=1071, SUCCESS, logIndex=1851, commits[0c156e3c-57cc-425b-90ef-9bcaa62a7535:c1851]
2019-06-14 13:45:44,842 INFO  storage.RaftLogWorker (RaftLogWorker.java:execute(469)) - 0c156e3c-57cc-425b-90ef-9bcaa62a7535-RaftLogWorker: created new log segment /opt/src/hadoop-ozone/integration-test/target/test-dir/MiniOzoneClusterImpl-8919240e-7e15-4dbf-8bf4-c210578586bb/datanode-0/data/ratis/1fc53845-3381-4beb-82f9-7704a457760d/current/log_inprogress_1852
2019-06-14 13:45:44,844 INFO  client.GrpcClientProtocolClient (GrpcClientProtocolClient.java:onNext(254)) - client-E0FA40453D59->0c156e3c-57cc-425b-90ef-9bcaa62a7535: receive RaftClientReply:client-E0FA40453D59->0c156e3c-57cc-425b-90ef-9bcaa62a7535@group-7704A457760D, cid=1072, SUCCESS, logIndex=1852, commits[0c156e3c-57cc-425b-90ef-9bcaa62a7535:c1854]
2019-06-14 13:45:44,854 INFO  client.GrpcClientProtocolClient (GrpcClientProtocolClient.java:onNext(254)) - client-E0FA40453D59->0c156e3c-57cc-425b-90ef-9bcaa62a7535: receive RaftClientReply:client-E0FA40453D59->0c156e3c-57cc-425b-90ef-9bcaa62a7535@group-7704A457760D, cid=1073, SUCCESS, logIndex=1855, commits[0c156e3c-57cc-425b-90ef-9bcaa62a7535:c1855]
2019-06-14 13:45:44,857 INFO  client.GrpcClientProtocolClient (GrpcClientProtocolClient.java:onNext(254)) - client-E0FA40453D59->0c156e3c-57cc-425b-90ef-9bcaa62a7535: receive RaftClientReply:client-E0FA40453D59->0c156e3c-57cc-425b-90ef-9bcaa62a7535@group-7704A457760D, cid=1074, SUCCESS, logIndex=1857, commits[0c156e3c-57cc-425b-90ef-9bcaa62a7535:c1858]
2019-06-14 13:45:44,858 INFO  client.GrpcClientProtocolClient (GrpcClientProtocolClient.java:onNext(254)) - client-E0FA40453D59->0c156e3c-57cc-425b-90ef-9bcaa62a7535: receive RaftClientReply:client-E0FA40453D59->0c156e3c-57cc-425b-90ef-9bcaa62a7535@group-7704A457760D, cid=1075, SUCCESS, logIndex=1858, commits[0c156e3c-57cc-425b-90ef-9bcaa62a7535:c1859]
2019-06-14 13:45:44,861 INFO  client.GrpcClientProtocolClient (GrpcClientProtocolClient.java:onNext(254)) - client-E0FA40453D59->0c156e3c-57cc-425b-90ef-9bcaa62a7535: receive RaftClientReply:client-E0FA40453D59->0c156e3c-57cc-425b-90ef-9bcaa62a7535@group-7704A457760D, cid=1076, SUCCESS, logIndex=1860, commits[0c156e3c-57cc-425b-90ef-9bcaa62a7535:c1860]
2019-06-14 13:45:44,871 INFO  client.GrpcClientProtocolClient (GrpcClientProtocolClient.java:onNext(254)) - client-E0FA40453D59->0c156e3c-57cc-425b-90ef-9bcaa62a7535: receive RaftClientReply:client-E0FA40453D59->0c156e3c-57cc-425b-90ef-9bcaa62a7535@group-7704A457760D, cid=1077, SUCCESS, logIndex=1862, commits[0c156e3c-57cc-425b-90ef-9bcaa62a7535:c1862]
2019-06-14 13:45:44,874 INFO  client.GrpcClientProtocolClient (GrpcClientProtocolClient.java:onNext(254)) - client-E0FA40453D59->0c156e3c-57cc-425b-90ef-9bcaa62a7535: receive RaftClientReply:client-E0FA40453D59->0c156e3c-57cc-425b-90ef-9bcaa62a7535@group-7704A457760D, cid=1078, SUCCESS, logIndex=1864, commits[0c156e3c-57cc-425b-90ef-9bcaa62a7535:c1864]
2019-06-14 13:45:44,874 INFO  client.GrpcClientProtocolClient (GrpcClientProtocolClient.java:onNext(254)) - client-E0FA40453D59->0c156e3c-57cc-425b-90ef-9bcaa62a7535: receive RaftClientReply:client-E0FA40453D59->0c156e3c-57cc-425b-90ef-9bcaa62a7535@group-7704A457760D, cid=1079, SUCCESS, logIndex=1865, commits[0c156e3c-57cc-425b-90ef-9bcaa62a7535:c1865]
2019-06-14 13:45:44,878 INFO  client.GrpcClientProtocolClient (GrpcClientProtocolClient.java:onNext(254)) - client-E0FA40453D59->0c156e3c-57cc-425b-90ef-9bcaa62a7535: receive RaftClientReply:client-E0FA40453D59->0c156e3c-57cc-425b-90ef-9bcaa62a7535@group-7704A457760D, cid=1080, SUCCESS, logIndex=1867, commits[0c156e3c-57cc-425b-90ef-9bcaa62a7535:c1867]
2019-06-14 13:45:44,891 INFO  client.GrpcClientProtocolClient (GrpcClientProtocolClient.java:onNext(254)) - client-E0FA40453D59->0c156e3c-57cc-425b-90ef-9bcaa62a7535: receive RaftClientReply:client-E0FA40453D59->0c156e3c-57cc-425b-90ef-9bcaa62a7535@group-7704A457760D, cid=1081, SUCCESS, logIndex=1870, commits[0c156e3c-57cc-425b-90ef-9bcaa62a7535:c1870]
2019-06-14 13:45:44,894 DEBUG block.SCMBlockDeletingService (SCMBlockDeletingService.java:call(138)) - Running DeletedBlockTransactionScanner
2019-06-14 13:45:44,895 INFO  client.GrpcClientProtocolClient (GrpcClientProtocolClient.java:onNext(254)) - client-E0FA40453D59->0c156e3c-57cc-425b-90ef-9bcaa62a7535: receive RaftClientReply:client-E0FA40453D59->0c156e3c-57cc-425b-90ef-9bcaa62a7535@group-7704A457760D, cid=1082, SUCCESS, logIndex=1872, commits[0c156e3c-57cc-425b-90ef-9bcaa62a7535:c1872]
2019-06-14 13:45:44,895 DEBUG block.SCMBlockDeletingService (SCMBlockDeletingService.java:call(155)) - Scanned deleted blocks log and got 0 delTX to process.
2019-06-14 13:45:44,896 INFO  client.GrpcClientProtocolClient (GrpcClientProtocolClient.java:onNext(254)) - client-E0FA40453D59->0c156e3c-57cc-425b-90ef-9bcaa62a7535: receive RaftClientReply:client-E0FA40453D59->0c156e3c-57cc-425b-90ef-9bcaa62a7535@group-7704A457760D, cid=1083, SUCCESS, logIndex=1873, commits[0c156e3c-57cc-425b-90ef-9bcaa62a7535:c1875]
2019-06-14 13:45:44,898 INFO  client.GrpcClientProtocolClient (GrpcClientProtocolClient.java:onNext(254)) - client-E0FA40453D59->0c156e3c-57cc-425b-90ef-9bcaa62a7535: receive RaftClientReply:client-E0FA40453D59->0c156e3c-57cc-425b-90ef-9bcaa62a7535@group-7704A457760D, cid=1084, SUCCESS, logIndex=1874, commits[0c156e3c-57cc-425b-90ef-9bcaa62a7535:c1875]
2019-06-14 13:45:44,907 INFO  client.GrpcClientProtocolClient (GrpcClientProtocolClient.java:onNext(254)) - client-E0FA40453D59->0c156e3c-57cc-425b-90ef-9bcaa62a7535: receive RaftClientReply:client-E0FA40453D59->0c156e3c-57cc-425b-90ef-9bcaa62a7535@group-7704A457760D, cid=1085, SUCCESS, logIndex=1876, commits[0c156e3c-57cc-425b-90ef-9bcaa62a7535:c1876]
2019-06-14 13:45:44,908 INFO  client.GrpcClientProtocolClient (GrpcClientProtocolClient.java:onNext(254)) - client-E0FA40453D59->0c156e3c-57cc-425b-90ef-9bcaa62a7535: receive RaftClientReply:client-E0FA40453D59->0c156e3c-57cc-425b-90ef-9bcaa62a7535@group-7704A457760D, cid=1086, SUCCESS, logIndex=1878, commits[0c156e3c-57cc-425b-90ef-9bcaa62a7535:c1878]
2019-06-14 13:45:44,909 INFO  client.GrpcClientProtocolClient (GrpcClientProtocolClient.java:onNext(254)) - client-E0FA40453D59->0c156e3c-57cc-425b-90ef-9bcaa62a7535: receive RaftClientReply:client-E0FA40453D59->0c156e3c-57cc-425b-90ef-9bcaa62a7535@group-7704A457760D, cid=1087, SUCCESS, logIndex=1879, commits[0c156e3c-57cc-425b-90ef-9bcaa62a7535:c1879]
2019-06-14 13:45:44,909 INFO  client.GrpcClientProtocolClient (GrpcClientProtocolClient.java:onNext(254)) - client-E0FA40453D59->0c156e3c-57cc-425b-90ef-9bcaa62a7535: receive RaftClientReply:client-E0FA40453D59->0c156e3c-57cc-425b-90ef-9bcaa62a7535@group-7704A457760D, cid=1088, SUCCESS, logIndex=1881, commits[0c156e3c-57cc-425b-90ef-9bcaa62a7535:c1881]
2019-06-14 13:45:44,929 INFO  client.GrpcClientProtocolClient (GrpcClientProtocolClient.java:onNext(254)) - client-E0FA40453D59->0c156e3c-57cc-425b-90ef-9bcaa62a7535: receive RaftClientReply:client-E0FA40453D59->0c156e3c-57cc-425b-90ef-9bcaa62a7535@group-7704A457760D, cid=1089, SUCCESS, logIndex=1884, commits[0c156e3c-57cc-425b-90ef-9bcaa62a7535:c1884]
2019-06-14 13:45:44,931 INFO  client.GrpcClientProtocolClient (GrpcClientProtocolClient.java:onNext(254)) - client-E0FA40453D59->0c156e3c-57cc-425b-90ef-9bcaa62a7535: receive RaftClientReply:client-E0FA40453D59->0c156e3c-57cc-425b-90ef-9bcaa62a7535@group-7704A457760D, cid=1090, SUCCESS, logIndex=1886, commits[0c156e3c-57cc-425b-90ef-9bcaa62a7535:c1886]
2019-06-14 13:45:44,932 INFO  client.GrpcClientProtocolClient (GrpcClientProtocolClient.java:onNext(254)) - client-E0FA40453D59->0c156e3c-57cc-425b-90ef-9bcaa62a7535: receive RaftClientReply:client-E0FA40453D59->0c156e3c-57cc-425b-90ef-9bcaa62a7535@group-7704A457760D, cid=1091, SUCCESS, logIndex=1887, commits[0c156e3c-57cc-425b-90ef-9bcaa62a7535:c1889]
2019-06-14 13:45:44,932 INFO  client.GrpcClientProtocolClient (GrpcClientProtocolClient.java:onNext(254)) - client-E0FA40453D59->0c156e3c-57cc-425b-90ef-9bcaa62a7535: receive RaftClientReply:client-E0FA40453D59->0c156e3c-57cc-425b-90ef-9bcaa62a7535@group-7704A457760D, cid=1092, SUCCESS, logIndex=1888, commits[0c156e3c-57cc-425b-90ef-9bcaa62a7535:c1889]
2019-06-14 13:45:44,940 INFO  client.GrpcClientProtocolClient (GrpcClientProtocolClient.java:onNext(254)) - client-E0FA40453D59->0c156e3c-57cc-425b-90ef-9bcaa62a7535: receive RaftClientReply:client-E0FA40453D59->0c156e3c-57cc-425b-90ef-9bcaa62a7535@group-7704A457760D, cid=1093, SUCCESS, logIndex=1890, commits[0c156e3c-57cc-425b-90ef-9bcaa62a7535:c1890]
2019-06-14 13:45:44,944 INFO  client.GrpcClientProtocolClient (GrpcClientProtocolClient.java:onNext(254)) - client-E0FA40453D59->0c156e3c-57cc-425b-90ef-9bcaa62a7535: receive RaftClientReply:client-E0FA40453D59->0c156e3c-57cc-425b-90ef-9bcaa62a7535@group-7704A457760D, cid=1094, SUCCESS, logIndex=1892, commits[0c156e3c-57cc-425b-90ef-9bcaa62a7535:c1892]
2019-06-14 13:45:44,944 INFO  client.GrpcClientProtocolClient (GrpcClientProtocolClient.java:onNext(254)) - client-E0FA40453D59->0c156e3c-57cc-425b-90ef-9bcaa62a7535: receive RaftClientReply:client-E0FA40453D59->0c156e3c-57cc-425b-90ef-9bcaa62a7535@group-7704A457760D, cid=1095, SUCCESS, logIndex=1893, commits[0c156e3c-57cc-425b-90ef-9bcaa62a7535:c1895]
2019-06-14 13:45:44,945 INFO  client.GrpcClientProtocolClient (GrpcClientProtocolClient.java:onNext(254)) - client-E0FA40453D59->0c156e3c-57cc-425b-90ef-9bcaa62a7535: receive RaftClientReply:client-E0FA40453D59->0c156e3c-57cc-425b-90ef-9bcaa62a7535@group-7704A457760D, cid=1096, SUCCESS, logIndex=1894, commits[0c156e3c-57cc-425b-90ef-9bcaa62a7535:c1895]
2019-06-14 13:45:44,979 INFO  client.GrpcClientProtocolClient (GrpcClientProtocolClient.java:onNext(254)) - client-E0FA40453D59->0c156e3c-57cc-425b-90ef-9bcaa62a7535: receive RaftClientReply:client-E0FA40453D59->0c156e3c-57cc-425b-90ef-9bcaa62a7535@group-7704A457760D, cid=1097, SUCCESS, logIndex=1896, commits[0c156e3c-57cc-425b-90ef-9bcaa62a7535:c1896]
2019-06-14 13:45:44,982 INFO  client.GrpcClientProtocolClient (GrpcClientProtocolClient.java:onNext(254)) - client-E0FA40453D59->0c156e3c-57cc-425b-90ef-9bcaa62a7535: receive RaftClientReply:client-E0FA40453D59->0c156e3c-57cc-425b-90ef-9bcaa62a7535@group-7704A457760D, cid=1098, SUCCESS, logIndex=1898, commits[0c156e3c-57cc-425b-90ef-9bcaa62a7535:c1898]
2019-06-14 13:45:44,995 DEBUG block.SCMBlockDeletingService (SCMBlockDeletingService.java:call(138)) - Running DeletedBlockTransactionScanner
2019-06-14 13:45:44,995 DEBUG block.SCMBlockDeletingService (SCMBlockDeletingService.java:call(155)) - Scanned deleted blocks log and got 0 delTX to process.
2019-06-14 13:45:44,996 INFO  client.GrpcClientProtocolClient (GrpcClientProtocolClient.java:onNext(254)) - client-E0FA40453D59->0c156e3c-57cc-425b-90ef-9bcaa62a7535: receive RaftClientReply:client-E0FA40453D59->0c156e3c-57cc-425b-90ef-9bcaa62a7535@group-7704A457760D, cid=1099, SUCCESS, logIndex=1899, commits[0c156e3c-57cc-425b-90ef-9bcaa62a7535:c1901]
2019-06-14 13:45:44,996 INFO  client.GrpcClientProtocolClient (GrpcClientProtocolClient.java:onNext(254)) - client-E0FA40453D59->0c156e3c-57cc-425b-90ef-9bcaa62a7535: receive RaftClientReply:client-E0FA40453D59->0c156e3c-57cc-425b-90ef-9bcaa62a7535@group-7704A457760D, cid=1100, SUCCESS, logIndex=1900, commits[0c156e3c-57cc-425b-90ef-9bcaa62a7535:c1901]
2019-06-14 13:45:45,028 INFO  client.GrpcClientProtocolClient (GrpcClientProtocolClient.java:onNext(254)) - client-E0FA40453D59->0c156e3c-57cc-425b-90ef-9bcaa62a7535: receive RaftClientReply:client-E0FA40453D59->0c156e3c-57cc-425b-90ef-9bcaa62a7535@group-7704A457760D, cid=1101, SUCCESS, logIndex=1902, commits[0c156e3c-57cc-425b-90ef-9bcaa62a7535:c1903]
2019-06-14 13:45:45,035 INFO  client.GrpcClientProtocolClient (GrpcClientProtocolClient.java:onNext(254)) - client-E0FA40453D59->0c156e3c-57cc-425b-90ef-9bcaa62a7535: receive RaftClientReply:client-E0FA40453D59->0c156e3c-57cc-425b-90ef-9bcaa62a7535@group-7704A457760D, cid=1102, SUCCESS, logIndex=1904, commits[0c156e3c-57cc-425b-90ef-9bcaa62a7535:c1904]
2019-06-14 13:45:45,036 INFO  client.GrpcClientProtocolClient (GrpcClientProtocolClient.java:onNext(254)) - client-E0FA40453D59->0c156e3c-57cc-425b-90ef-9bcaa62a7535: receive RaftClientReply:client-E0FA40453D59->0c156e3c-57cc-425b-90ef-9bcaa62a7535@group-7704A457760D, cid=1103, SUCCESS, logIndex=1905, commits[0c156e3c-57cc-425b-90ef-9bcaa62a7535:c1908]
2019-06-14 13:45:45,037 INFO  client.GrpcClientProtocolClient (GrpcClientProtocolClient.java:onNext(254)) - client-E0FA40453D59->0c156e3c-57cc-425b-90ef-9bcaa62a7535: receive RaftClientReply:client-E0FA40453D59->0c156e3c-57cc-425b-90ef-9bcaa62a7535@group-7704A457760D, cid=1104, SUCCESS, logIndex=1907, commits[0c156e3c-57cc-425b-90ef-9bcaa62a7535:c1908]
2019-06-14 13:45:45,232 DEBUG block.SCMBlockDeletingService (SCMBlockDeletingService.java:call(138)) - Running DeletedBlockTransactionScanner
2019-06-14 13:45:45,232 DEBUG block.SCMBlockDeletingService (SCMBlockDeletingService.java:call(155)) - Scanned deleted blocks log and got 0 delTX to process.
2019-06-14 13:45:45,317 INFO  client.GrpcClientProtocolClient (GrpcClientProtocolClient.java:onNext(254)) - client-E0FA40453D59->0c156e3c-57cc-425b-90ef-9bcaa62a7535: receive RaftClientReply:client-E0FA40453D59->0c156e3c-57cc-425b-90ef-9bcaa62a7535@group-7704A457760D, cid=1105, SUCCESS, logIndex=1909, commits[0c156e3c-57cc-425b-90ef-9bcaa62a7535:c1909]
2019-06-14 13:45:45,320 INFO  client.GrpcClientProtocolClient (GrpcClientProtocolClient.java:onNext(254)) - client-E0FA40453D59->0c156e3c-57cc-425b-90ef-9bcaa62a7535: receive RaftClientReply:client-E0FA40453D59->0c156e3c-57cc-425b-90ef-9bcaa62a7535@group-7704A457760D, cid=1106, SUCCESS, logIndex=1911, commits[0c156e3c-57cc-425b-90ef-9bcaa62a7535:c1913]
2019-06-14 13:45:45,326 INFO  client.GrpcClientProtocolClient (GrpcClientProtocolClient.java:onNext(254)) - client-E0FA40453D59->0c156e3c-57cc-425b-90ef-9bcaa62a7535: receive RaftClientReply:client-E0FA40453D59->0c156e3c-57cc-425b-90ef-9bcaa62a7535@group-7704A457760D, cid=1107, SUCCESS, logIndex=1912, commits[0c156e3c-57cc-425b-90ef-9bcaa62a7535:c1913]
2019-06-14 13:45:45,327 INFO  client.GrpcClientProtocolClient (GrpcClientProtocolClient.java:onNext(254)) - client-E0FA40453D59->0c156e3c-57cc-425b-90ef-9bcaa62a7535: receive RaftClientReply:client-E0FA40453D59->0c156e3c-57cc-425b-90ef-9bcaa62a7535@group-7704A457760D, cid=1108, SUCCESS, logIndex=1913, commits[0c156e3c-57cc-425b-90ef-9bcaa62a7535:c1913]
2019-06-14 13:45:45,332 DEBUG block.SCMBlockDeletingService (SCMBlockDeletingService.java:call(138)) - Running DeletedBlockTransactionScanner
2019-06-14 13:45:45,333 DEBUG block.SCMBlockDeletingService (SCMBlockDeletingService.java:call(155)) - Scanned deleted blocks log and got 0 delTX to process.
2019-06-14 13:45:45,336 INFO  client.GrpcClientProtocolClient (GrpcClientProtocolClient.java:onNext(254)) - client-E0FA40453D59->0c156e3c-57cc-425b-90ef-9bcaa62a7535: receive RaftClientReply:client-E0FA40453D59->0c156e3c-57cc-425b-90ef-9bcaa62a7535@group-7704A457760D, cid=1109, SUCCESS, logIndex=1915, commits[0c156e3c-57cc-425b-90ef-9bcaa62a7535:c1915]
2019-06-14 13:45:45,339 INFO  client.GrpcClientProtocolClient (GrpcClientProtocolClient.java:onNext(254)) - client-E0FA40453D59->0c156e3c-57cc-425b-90ef-9bcaa62a7535: receive RaftClientReply:client-E0FA40453D59->0c156e3c-57cc-425b-90ef-9bcaa62a7535@group-7704A457760D, cid=1110, SUCCESS, logIndex=1917, commits[0c156e3c-57cc-425b-90ef-9bcaa62a7535:c1917]
2019-06-14 13:45:45,340 INFO  client.GrpcClientProtocolClient (GrpcClientProtocolClient.java:onNext(254)) - client-E0FA40453D59->0c156e3c-57cc-425b-90ef-9bcaa62a7535: receive RaftClientReply:client-E0FA40453D59->0c156e3c-57cc-425b-90ef-9bcaa62a7535@group-7704A457760D, cid=1111, SUCCESS, logIndex=1918, commits[0c156e3c-57cc-425b-90ef-9bcaa62a7535:c1919]
2019-06-14 13:45:45,341 INFO  client.GrpcClientProtocolClient (GrpcClientProtocolClient.java:onNext(254)) - client-E0FA40453D59->0c156e3c-57cc-425b-90ef-9bcaa62a7535: receive RaftClientReply:client-E0FA40453D59->0c156e3c-57cc-425b-90ef-9bcaa62a7535@group-7704A457760D, cid=1112, SUCCESS, logIndex=1919, commits[0c156e3c-57cc-425b-90ef-9bcaa62a7535:c1919]
2019-06-14 13:45:45,352 INFO  client.GrpcClientProtocolClient (GrpcClientProtocolClient.java:onNext(254)) - client-E0FA40453D59->0c156e3c-57cc-425b-90ef-9bcaa62a7535: receive RaftClientReply:client-E0FA40453D59->0c156e3c-57cc-425b-90ef-9bcaa62a7535@group-7704A457760D, cid=1113, SUCCESS, logIndex=1922, commits[0c156e3c-57cc-425b-90ef-9bcaa62a7535:c1922]
2019-06-14 13:45:45,352 INFO  storage.RaftLogWorker (RaftLogWorker.java:rollLogSegment(303)) - 0c156e3c-57cc-425b-90ef-9bcaa62a7535-RaftLogWorker: Rolling segment log-1852_1924 to index:1924
2019-06-14 13:45:45,354 INFO  storage.RaftLogWorker (RaftLogWorker.java:execute(433)) - 0c156e3c-57cc-425b-90ef-9bcaa62a7535-RaftLogWorker: Rolled log segment from /opt/src/hadoop-ozone/integration-test/target/test-dir/MiniOzoneClusterImpl-8919240e-7e15-4dbf-8bf4-c210578586bb/datanode-0/data/ratis/1fc53845-3381-4beb-82f9-7704a457760d/current/log_inprogress_1852 to /opt/src/hadoop-ozone/integration-test/target/test-dir/MiniOzoneClusterImpl-8919240e-7e15-4dbf-8bf4-c210578586bb/datanode-0/data/ratis/1fc53845-3381-4beb-82f9-7704a457760d/current/log_1852-1924
2019-06-14 13:45:45,359 INFO  client.GrpcClientProtocolClient (GrpcClientProtocolClient.java:onNext(254)) - client-E0FA40453D59->0c156e3c-57cc-425b-90ef-9bcaa62a7535: receive RaftClientReply:client-E0FA40453D59->0c156e3c-57cc-425b-90ef-9bcaa62a7535@group-7704A457760D, cid=1114, SUCCESS, logIndex=1924, commits[0c156e3c-57cc-425b-90ef-9bcaa62a7535:c1924]
2019-06-14 13:45:45,390 INFO  storage.RaftLogWorker (RaftLogWorker.java:execute(469)) - 0c156e3c-57cc-425b-90ef-9bcaa62a7535-RaftLogWorker: created new log segment /opt/src/hadoop-ozone/integration-test/target/test-dir/MiniOzoneClusterImpl-8919240e-7e15-4dbf-8bf4-c210578586bb/datanode-0/data/ratis/1fc53845-3381-4beb-82f9-7704a457760d/current/log_inprogress_1925
2019-06-14 13:45:45,393 INFO  client.GrpcClientProtocolClient (GrpcClientProtocolClient.java:onNext(254)) - client-E0FA40453D59->0c156e3c-57cc-425b-90ef-9bcaa62a7535: receive RaftClientReply:client-E0FA40453D59->0c156e3c-57cc-425b-90ef-9bcaa62a7535@group-7704A457760D, cid=1115, SUCCESS, logIndex=1925, commits[0c156e3c-57cc-425b-90ef-9bcaa62a7535:c1927]
2019-06-14 13:45:45,393 INFO  client.GrpcClientProtocolClient (GrpcClientProtocolClient.java:onNext(254)) - client-E0FA40453D59->0c156e3c-57cc-425b-90ef-9bcaa62a7535: receive RaftClientReply:client-E0FA40453D59->0c156e3c-57cc-425b-90ef-9bcaa62a7535@group-7704A457760D, cid=1116, SUCCESS, logIndex=1926, commits[0c156e3c-57cc-425b-90ef-9bcaa62a7535:c1927]
2019-06-14 13:45:45,404 INFO  client.GrpcClientProtocolClient (GrpcClientProtocolClient.java:onNext(254)) - client-E0FA40453D59->0c156e3c-57cc-425b-90ef-9bcaa62a7535: receive RaftClientReply:client-E0FA40453D59->0c156e3c-57cc-425b-90ef-9bcaa62a7535@group-7704A457760D, cid=1117, SUCCESS, logIndex=1928, commits[0c156e3c-57cc-425b-90ef-9bcaa62a7535:c1928]
2019-06-14 13:45:45,405 INFO  client.GrpcClientProtocolClient (GrpcClientProtocolClient.java:onNext(254)) - client-E0FA40453D59->0c156e3c-57cc-425b-90ef-9bcaa62a7535: receive RaftClientReply:client-E0FA40453D59->0c156e3c-57cc-425b-90ef-9bcaa62a7535@group-7704A457760D, cid=1118, SUCCESS, logIndex=1930, commits[0c156e3c-57cc-425b-90ef-9bcaa62a7535:c1930]
2019-06-14 13:45:45,406 INFO  client.GrpcClientProtocolClient (GrpcClientProtocolClient.java:onNext(254)) - client-E0FA40453D59->0c156e3c-57cc-425b-90ef-9bcaa62a7535: receive RaftClientReply:client-E0FA40453D59->0c156e3c-57cc-425b-90ef-9bcaa62a7535@group-7704A457760D, cid=1119, SUCCESS, logIndex=1931, commits[0c156e3c-57cc-425b-90ef-9bcaa62a7535:c1933]
2019-06-14 13:45:45,406 INFO  client.GrpcClientProtocolClient (GrpcClientProtocolClient.java:onNext(254)) - client-E0FA40453D59->0c156e3c-57cc-425b-90ef-9bcaa62a7535: receive RaftClientReply:client-E0FA40453D59->0c156e3c-57cc-425b-90ef-9bcaa62a7535@group-7704A457760D, cid=1120, SUCCESS, logIndex=1933, commits[0c156e3c-57cc-425b-90ef-9bcaa62a7535:c1933]
2019-06-14 13:45:45,415 INFO  client.GrpcClientProtocolClient (GrpcClientProtocolClient.java:onNext(254)) - client-E0FA40453D59->0c156e3c-57cc-425b-90ef-9bcaa62a7535: receive RaftClientReply:client-E0FA40453D59->0c156e3c-57cc-425b-90ef-9bcaa62a7535@group-7704A457760D, cid=1121, SUCCESS, logIndex=1935, commits[0c156e3c-57cc-425b-90ef-9bcaa62a7535:c1935]
2019-06-14 13:45:45,416 INFO  client.GrpcClientProtocolClient (GrpcClientProtocolClient.java:onNext(254)) - client-E0FA40453D59->0c156e3c-57cc-425b-90ef-9bcaa62a7535: receive RaftClientReply:client-E0FA40453D59->0c156e3c-57cc-425b-90ef-9bcaa62a7535@group-7704A457760D, cid=1122, SUCCESS, logIndex=1937, commits[0c156e3c-57cc-425b-90ef-9bcaa62a7535:c1937]
2019-06-14 13:45:45,418 INFO  client.GrpcClientProtocolClient (GrpcClientProtocolClient.java:onNext(254)) - client-E0FA40453D59->0c156e3c-57cc-425b-90ef-9bcaa62a7535: receive RaftClientReply:client-E0FA40453D59->0c156e3c-57cc-425b-90ef-9bcaa62a7535@group-7704A457760D, cid=1123, SUCCESS, logIndex=1938, commits[0c156e3c-57cc-425b-90ef-9bcaa62a7535:c1940]
2019-06-14 13:45:45,418 INFO  client.GrpcClientProtocolClient (GrpcClientProtocolClient.java:onNext(254)) - client-E0FA40453D59->0c156e3c-57cc-425b-90ef-9bcaa62a7535: receive RaftClientReply:client-E0FA40453D59->0c156e3c-57cc-425b-90ef-9bcaa62a7535@group-7704A457760D, cid=1124, SUCCESS, logIndex=1940, commits[0c156e3c-57cc-425b-90ef-9bcaa62a7535:c1940]
2019-06-14 13:45:45,425 INFO  client.GrpcClientProtocolClient (GrpcClientProtocolClient.java:onNext(254)) - client-E0FA40453D59->0c156e3c-57cc-425b-90ef-9bcaa62a7535: receive RaftClientReply:client-E0FA40453D59->0c156e3c-57cc-425b-90ef-9bcaa62a7535@group-7704A457760D, cid=1125, SUCCESS, logIndex=1942, commits[0c156e3c-57cc-425b-90ef-9bcaa62a7535:c1942]
2019-06-14 13:45:45,426 INFO  client.GrpcClientProtocolClient (GrpcClientProtocolClient.java:onNext(254)) - client-E0FA40453D59->0c156e3c-57cc-425b-90ef-9bcaa62a7535: receive RaftClientReply:client-E0FA40453D59->0c156e3c-57cc-425b-90ef-9bcaa62a7535@group-7704A457760D, cid=1126, SUCCESS, logIndex=1944, commits[0c156e3c-57cc-425b-90ef-9bcaa62a7535:c1944]
2019-06-14 13:45:45,430 INFO  client.GrpcClientProtocolClient (GrpcClientProtocolClient.java:onNext(254)) - client-E0FA40453D59->0c156e3c-57cc-425b-90ef-9bcaa62a7535: receive RaftClientReply:client-E0FA40453D59->0c156e3c-57cc-425b-90ef-9bcaa62a7535@group-7704A457760D, cid=1127, SUCCESS, logIndex=1945, commits[0c156e3c-57cc-425b-90ef-9bcaa62a7535:c1947]
2019-06-14 13:45:45,430 INFO  client.GrpcClientProtocolClient (GrpcClientProtocolClient.java:onNext(254)) - client-E0FA40453D59->0c156e3c-57cc-425b-90ef-9bcaa62a7535: receive RaftClientReply:client-E0FA40453D59->0c156e3c-57cc-425b-90ef-9bcaa62a7535@group-7704A457760D, cid=1128, SUCCESS, logIndex=1946, commits[0c156e3c-57cc-425b-90ef-9bcaa62a7535:c1947]
2019-06-14 13:45:45,434 DEBUG block.SCMBlockDeletingService (SCMBlockDeletingService.java:call(138)) - Running DeletedBlockTransactionScanner
2019-06-14 13:45:45,434 DEBUG block.SCMBlockDeletingService (SCMBlockDeletingService.java:call(155)) - Scanned deleted blocks log and got 0 delTX to process.
2019-06-14 13:45:45,445 INFO  client.GrpcClientProtocolClient (GrpcClientProtocolClient.java:onNext(254)) - client-E0FA40453D59->0c156e3c-57cc-425b-90ef-9bcaa62a7535: receive RaftClientReply:client-E0FA40453D59->0c156e3c-57cc-425b-90ef-9bcaa62a7535@group-7704A457760D, cid=1129, SUCCESS, logIndex=1948, commits[0c156e3c-57cc-425b-90ef-9bcaa62a7535:c1948]
2019-06-14 13:45:45,450 INFO  client.GrpcClientProtocolClient (GrpcClientProtocolClient.java:onNext(254)) - client-E0FA40453D59->0c156e3c-57cc-425b-90ef-9bcaa62a7535: receive RaftClientReply:client-E0FA40453D59->0c156e3c-57cc-425b-90ef-9bcaa62a7535@group-7704A457760D, cid=1130, SUCCESS, logIndex=1950, commits[0c156e3c-57cc-425b-90ef-9bcaa62a7535:c1950]
2019-06-14 13:45:45,451 INFO  client.GrpcClientProtocolClient (GrpcClientProtocolClient.java:onNext(254)) - client-E0FA40453D59->0c156e3c-57cc-425b-90ef-9bcaa62a7535: receive RaftClientReply:client-E0FA40453D59->0c156e3c-57cc-425b-90ef-9bcaa62a7535@group-7704A457760D, cid=1131, SUCCESS, logIndex=1951, commits[0c156e3c-57cc-425b-90ef-9bcaa62a7535:c1953]
2019-06-14 13:45:45,451 INFO  client.GrpcClientProtocolClient (GrpcClientProtocolClient.java:onNext(254)) - client-E0FA40453D59->0c156e3c-57cc-425b-90ef-9bcaa62a7535: receive RaftClientReply:client-E0FA40453D59->0c156e3c-57cc-425b-90ef-9bcaa62a7535@group-7704A457760D, cid=1132, SUCCESS, logIndex=1952, commits[0c156e3c-57cc-425b-90ef-9bcaa62a7535:c1953]
2019-06-14 13:45:45,457 INFO  client.GrpcClientProtocolClient (GrpcClientProtocolClient.java:onNext(254)) - client-E0FA40453D59->0c156e3c-57cc-425b-90ef-9bcaa62a7535: receive RaftClientReply:client-E0FA40453D59->0c156e3c-57cc-425b-90ef-9bcaa62a7535@group-7704A457760D, cid=1133, SUCCESS, logIndex=1954, commits[0c156e3c-57cc-425b-90ef-9bcaa62a7535:c1954]
2019-06-14 13:45:45,459 INFO  client.GrpcClientProtocolClient (GrpcClientProtocolClient.java:onNext(254)) - client-E0FA40453D59->0c156e3c-57cc-425b-90ef-9bcaa62a7535: receive RaftClientReply:client-E0FA40453D59->0c156e3c-57cc-425b-90ef-9bcaa62a7535@group-7704A457760D, cid=1134, SUCCESS, logIndex=1956, commits[0c156e3c-57cc-425b-90ef-9bcaa62a7535:c1956]
2019-06-14 13:45:45,460 INFO  client.GrpcClientProtocolClient (GrpcClientProtocolClient.java:onNext(254)) - client-E0FA40453D59->0c156e3c-57cc-425b-90ef-9bcaa62a7535: receive RaftClientReply:client-E0FA40453D59->0c156e3c-57cc-425b-90ef-9bcaa62a7535@group-7704A457760D, cid=1135, SUCCESS, logIndex=1957, commits[0c156e3c-57cc-425b-90ef-9bcaa62a7535:c1959]
2019-06-14 13:45:45,460 INFO  client.GrpcClientProtocolClient (GrpcClientProtocolClient.java:onNext(254)) - client-E0FA40453D59->0c156e3c-57cc-425b-90ef-9bcaa62a7535: receive RaftClientReply:client-E0FA40453D59->0c156e3c-57cc-425b-90ef-9bcaa62a7535@group-7704A457760D, cid=1136, SUCCESS, logIndex=1958, commits[0c156e3c-57cc-425b-90ef-9bcaa62a7535:c1959]
2019-06-14 13:45:45,472 INFO  client.GrpcClientProtocolClient (GrpcClientProtocolClient.java:onNext(254)) - client-E0FA40453D59->0c156e3c-57cc-425b-90ef-9bcaa62a7535: receive RaftClientReply:client-E0FA40453D59->0c156e3c-57cc-425b-90ef-9bcaa62a7535@group-7704A457760D, cid=1137, SUCCESS, logIndex=1960, commits[0c156e3c-57cc-425b-90ef-9bcaa62a7535:c1960]
2019-06-14 13:45:45,475 INFO  client.GrpcClientProtocolClient (GrpcClientProtocolClient.java:onNext(254)) - client-E0FA40453D59->0c156e3c-57cc-425b-90ef-9bcaa62a7535: receive RaftClientReply:client-E0FA40453D59->0c156e3c-57cc-425b-90ef-9bcaa62a7535@group-7704A457760D, cid=1138, SUCCESS, logIndex=1962, commits[0c156e3c-57cc-425b-90ef-9bcaa62a7535:c1962]
2019-06-14 13:45:45,476 INFO  client.GrpcClientProtocolClient (GrpcClientProtocolClient.java:onNext(254)) - client-E0FA40453D59->0c156e3c-57cc-425b-90ef-9bcaa62a7535: receive RaftClientReply:client-E0FA40453D59->0c156e3c-57cc-425b-90ef-9bcaa62a7535@group-7704A457760D, cid=1139, SUCCESS, logIndex=1963, commits[0c156e3c-57cc-425b-90ef-9bcaa62a7535:c1964]
2019-06-14 13:45:45,476 INFO  client.GrpcClientProtocolClient (GrpcClientProtocolClient.java:onNext(254)) - client-E0FA40453D59->0c156e3c-57cc-425b-90ef-9bcaa62a7535: receive RaftClientReply:client-E0FA40453D59->0c156e3c-57cc-425b-90ef-9bcaa62a7535@group-7704A457760D, cid=1140, SUCCESS, logIndex=1964, commits[0c156e3c-57cc-425b-90ef-9bcaa62a7535:c1965]
2019-06-14 13:45:45,482 INFO  client.GrpcClientProtocolClient (GrpcClientProtocolClient.java:onNext(254)) - client-E0FA40453D59->0c156e3c-57cc-425b-90ef-9bcaa62a7535: receive RaftClientReply:client-E0FA40453D59->0c156e3c-57cc-425b-90ef-9bcaa62a7535@group-7704A457760D, cid=1141, SUCCESS, logIndex=1967, commits[0c156e3c-57cc-425b-90ef-9bcaa62a7535:c1967]
2019-06-14 13:45:45,484 INFO  client.GrpcClientProtocolClient (GrpcClientProtocolClient.java:onNext(254)) - client-E0FA40453D59->0c156e3c-57cc-425b-90ef-9bcaa62a7535: receive RaftClientReply:client-E0FA40453D59->0c156e3c-57cc-425b-90ef-9bcaa62a7535@group-7704A457760D, cid=1142, SUCCESS, logIndex=1969, commits[0c156e3c-57cc-425b-90ef-9bcaa62a7535:c1969]
2019-06-14 13:45:45,485 INFO  client.GrpcClientProtocolClient (GrpcClientProtocolClient.java:onNext(254)) - client-E0FA40453D59->0c156e3c-57cc-425b-90ef-9bcaa62a7535: receive RaftClientReply:client-E0FA40453D59->0c156e3c-57cc-425b-90ef-9bcaa62a7535@group-7704A457760D, cid=1143, SUCCESS, logIndex=1970, commits[0c156e3c-57cc-425b-90ef-9bcaa62a7535:c1972]
2019-06-14 13:45:45,486 INFO  client.GrpcClientProtocolClient (GrpcClientProtocolClient.java:onNext(254)) - client-E0FA40453D59->0c156e3c-57cc-425b-90ef-9bcaa62a7535: receive RaftClientReply:client-E0FA40453D59->0c156e3c-57cc-425b-90ef-9bcaa62a7535@group-7704A457760D, cid=1144, SUCCESS, logIndex=1971, commits[0c156e3c-57cc-425b-90ef-9bcaa62a7535:c1972]
2019-06-14 13:45:45,499 INFO  client.GrpcClientProtocolClient (GrpcClientProtocolClient.java:onNext(254)) - client-E0FA40453D59->0c156e3c-57cc-425b-90ef-9bcaa62a7535: receive RaftClientReply:client-E0FA40453D59->0c156e3c-57cc-425b-90ef-9bcaa62a7535@group-7704A457760D, cid=1145, SUCCESS, logIndex=1973, commits[0c156e3c-57cc-425b-90ef-9bcaa62a7535:c1973]
2019-06-14 13:45:45,502 INFO  client.GrpcClientProtocolClient (GrpcClientProtocolClient.java:onNext(254)) - client-E0FA40453D59->0c156e3c-57cc-425b-90ef-9bcaa62a7535: receive RaftClientReply:client-E0FA40453D59->0c156e3c-57cc-425b-90ef-9bcaa62a7535@group-7704A457760D, cid=1146, SUCCESS, logIndex=1975, commits[0c156e3c-57cc-425b-90ef-9bcaa62a7535:c1975]
2019-06-14 13:45:45,504 INFO  client.GrpcClientProtocolClient (GrpcClientProtocolClient.java:onNext(254)) - client-E0FA40453D59->0c156e3c-57cc-425b-90ef-9bcaa62a7535: receive RaftClientReply:client-E0FA40453D59->0c156e3c-57cc-425b-90ef-9bcaa62a7535@group-7704A457760D, cid=1147, SUCCESS, logIndex=1976, commits[0c156e3c-57cc-425b-90ef-9bcaa62a7535:c1976]
2019-06-14 13:45:45,505 INFO  client.GrpcClientProtocolClient (GrpcClientProtocolClient.java:onNext(254)) - client-E0FA40453D59->0c156e3c-57cc-425b-90ef-9bcaa62a7535: receive RaftClientReply:client-E0FA40453D59->0c156e3c-57cc-425b-90ef-9bcaa62a7535@group-7704A457760D, cid=1148, SUCCESS, logIndex=1978, commits[0c156e3c-57cc-425b-90ef-9bcaa62a7535:c1979]
2019-06-14 13:45:45,535 DEBUG block.SCMBlockDeletingService (SCMBlockDeletingService.java:call(138)) - Running DeletedBlockTransactionScanner
2019-06-14 13:45:45,535 DEBUG block.SCMBlockDeletingService (SCMBlockDeletingService.java:call(155)) - Scanned deleted blocks log and got 0 delTX to process.
2019-06-14 13:45:45,611 INFO  client.GrpcClientProtocolClient (GrpcClientProtocolClient.java:onNext(254)) - client-E0FA40453D59->0c156e3c-57cc-425b-90ef-9bcaa62a7535: receive RaftClientReply:client-E0FA40453D59->0c156e3c-57cc-425b-90ef-9bcaa62a7535@group-7704A457760D, cid=1149, SUCCESS, logIndex=1980, commits[0c156e3c-57cc-425b-90ef-9bcaa62a7535:c1980]
2019-06-14 13:45:45,614 INFO  client.GrpcClientProtocolClient (GrpcClientProtocolClient.java:onNext(254)) - client-E0FA40453D59->0c156e3c-57cc-425b-90ef-9bcaa62a7535: receive RaftClientReply:client-E0FA40453D59->0c156e3c-57cc-425b-90ef-9bcaa62a7535@group-7704A457760D, cid=1150, SUCCESS, logIndex=1982, commits[0c156e3c-57cc-425b-90ef-9bcaa62a7535:c1982]
2019-06-14 13:45:45,614 INFO  client.GrpcClientProtocolClient (GrpcClientProtocolClient.java:onNext(254)) - client-E0FA40453D59->0c156e3c-57cc-425b-90ef-9bcaa62a7535: receive RaftClientReply:client-E0FA40453D59->0c156e3c-57cc-425b-90ef-9bcaa62a7535@group-7704A457760D, cid=1151, SUCCESS, logIndex=1983, commits[0c156e3c-57cc-425b-90ef-9bcaa62a7535:c1984]
2019-06-14 13:45:45,615 INFO  client.GrpcClientProtocolClient (GrpcClientProtocolClient.java:onNext(254)) - client-E0FA40453D59->0c156e3c-57cc-425b-90ef-9bcaa62a7535: receive RaftClientReply:client-E0FA40453D59->0c156e3c-57cc-425b-90ef-9bcaa62a7535@group-7704A457760D, cid=1152, SUCCESS, logIndex=1984, commits[0c156e3c-57cc-425b-90ef-9bcaa62a7535:c1984]
2019-06-14 13:45:45,628 INFO  client.GrpcClientProtocolClient (GrpcClientProtocolClient.java:onNext(254)) - client-E0FA40453D59->0c156e3c-57cc-425b-90ef-9bcaa62a7535: receive RaftClientReply:client-E0FA40453D59->0c156e3c-57cc-425b-90ef-9bcaa62a7535@group-7704A457760D, cid=1153, SUCCESS, logIndex=1987, commits[0c156e3c-57cc-425b-90ef-9bcaa62a7535:c1987]
2019-06-14 13:45:45,630 INFO  client.GrpcClientProtocolClient (GrpcClientProtocolClient.java:onNext(254)) - client-E0FA40453D59->0c156e3c-57cc-425b-90ef-9bcaa62a7535: receive RaftClientReply:client-E0FA40453D59->0c156e3c-57cc-425b-90ef-9bcaa62a7535@group-7704A457760D, cid=1154, SUCCESS, logIndex=1989, commits[0c156e3c-57cc-425b-90ef-9bcaa62a7535:c1989]
2019-06-14 13:45:45,631 INFO  client.GrpcClientProtocolClient (GrpcClientProtocolClient.java:onNext(254)) - client-E0FA40453D59->0c156e3c-57cc-425b-90ef-9bcaa62a7535: receive RaftClientReply:client-E0FA40453D59->0c156e3c-57cc-425b-90ef-9bcaa62a7535@group-7704A457760D, cid=1155, SUCCESS, logIndex=1990, commits[0c156e3c-57cc-425b-90ef-9bcaa62a7535:c1991]
2019-06-14 13:45:45,634 INFO  client.GrpcClientProtocolClient (GrpcClientProtocolClient.java:onNext(254)) - client-E0FA40453D59->0c156e3c-57cc-425b-90ef-9bcaa62a7535: receive RaftClientReply:client-E0FA40453D59->0c156e3c-57cc-425b-90ef-9bcaa62a7535@group-7704A457760D, cid=1156, SUCCESS, logIndex=1992, commits[0c156e3c-57cc-425b-90ef-9bcaa62a7535:c1992]
2019-06-14 13:45:45,635 DEBUG block.SCMBlockDeletingService (SCMBlockDeletingService.java:call(138)) - Running DeletedBlockTransactionScanner
2019-06-14 13:45:45,635 DEBUG block.SCMBlockDeletingService (SCMBlockDeletingService.java:call(155)) - Scanned deleted blocks log and got 0 delTX to process.
2019-06-14 13:45:45,640 INFO  client.GrpcClientProtocolClient (GrpcClientProtocolClient.java:onNext(254)) - client-E0FA40453D59->0c156e3c-57cc-425b-90ef-9bcaa62a7535: receive RaftClientReply:client-E0FA40453D59->0c156e3c-57cc-425b-90ef-9bcaa62a7535@group-7704A457760D, cid=1157, SUCCESS, logIndex=1994, commits[0c156e3c-57cc-425b-90ef-9bcaa62a7535:c1994]
2019-06-14 13:45:45,640 INFO  storage.RaftLogWorker (RaftLogWorker.java:rollLogSegment(303)) - 0c156e3c-57cc-425b-90ef-9bcaa62a7535-RaftLogWorker: Rolling segment log-1925_1995 to index:1995
2019-06-14 13:45:45,640 INFO  storage.RaftLogWorker (RaftLogWorker.java:execute(433)) - 0c156e3c-57cc-425b-90ef-9bcaa62a7535-RaftLogWorker: Rolled log segment from /opt/src/hadoop-ozone/integration-test/target/test-dir/MiniOzoneClusterImpl-8919240e-7e15-4dbf-8bf4-c210578586bb/datanode-0/data/ratis/1fc53845-3381-4beb-82f9-7704a457760d/current/log_inprogress_1925 to /opt/src/hadoop-ozone/integration-test/target/test-dir/MiniOzoneClusterImpl-8919240e-7e15-4dbf-8bf4-c210578586bb/datanode-0/data/ratis/1fc53845-3381-4beb-82f9-7704a457760d/current/log_1925-1995
2019-06-14 13:45:45,675 INFO  storage.RaftLogWorker (RaftLogWorker.java:execute(469)) - 0c156e3c-57cc-425b-90ef-9bcaa62a7535-RaftLogWorker: created new log segment /opt/src/hadoop-ozone/integration-test/target/test-dir/MiniOzoneClusterImpl-8919240e-7e15-4dbf-8bf4-c210578586bb/datanode-0/data/ratis/1fc53845-3381-4beb-82f9-7704a457760d/current/log_inprogress_1996
2019-06-14 13:45:45,677 INFO  client.GrpcClientProtocolClient (GrpcClientProtocolClient.java:onNext(254)) - client-E0FA40453D59->0c156e3c-57cc-425b-90ef-9bcaa62a7535: receive RaftClientReply:client-E0FA40453D59->0c156e3c-57cc-425b-90ef-9bcaa62a7535@group-7704A457760D, cid=1158, SUCCESS, logIndex=1996, commits[0c156e3c-57cc-425b-90ef-9bcaa62a7535:c1998]
2019-06-14 13:45:45,681 INFO  client.GrpcClientProtocolClient (GrpcClientProtocolClient.java:onNext(254)) - client-E0FA40453D59->0c156e3c-57cc-425b-90ef-9bcaa62a7535: receive RaftClientReply:client-E0FA40453D59->0c156e3c-57cc-425b-90ef-9bcaa62a7535@group-7704A457760D, cid=1159, SUCCESS, logIndex=1997, commits[0c156e3c-57cc-425b-90ef-9bcaa62a7535:c1999]
2019-06-14 13:45:45,681 INFO  client.GrpcClientProtocolClient (GrpcClientProtocolClient.java:onNext(254)) - client-E0FA40453D59->0c156e3c-57cc-425b-90ef-9bcaa62a7535: receive RaftClientReply:client-E0FA40453D59->0c156e3c-57cc-425b-90ef-9bcaa62a7535@group-7704A457760D, cid=1160, SUCCESS, logIndex=1998, commits[0c156e3c-57cc-425b-90ef-9bcaa62a7535:c1999]
2019-06-14 13:45:45,695 INFO  client.GrpcClientProtocolClient (GrpcClientProtocolClient.java:onNext(254)) - client-E0FA40453D59->0c156e3c-57cc-425b-90ef-9bcaa62a7535: receive RaftClientReply:client-E0FA40453D59->0c156e3c-57cc-425b-90ef-9bcaa62a7535@group-7704A457760D, cid=1161, SUCCESS, logIndex=2000, commits[0c156e3c-57cc-425b-90ef-9bcaa62a7535:c2000]
2019-06-14 13:45:45,696 INFO  client.GrpcClientProtocolClient (GrpcClientProtocolClient.java:onNext(254)) - client-E0FA40453D59->0c156e3c-57cc-425b-90ef-9bcaa62a7535: receive RaftClientReply:client-E0FA40453D59->0c156e3c-57cc-425b-90ef-9bcaa62a7535@group-7704A457760D, cid=1162, SUCCESS, logIndex=2002, commits[0c156e3c-57cc-425b-90ef-9bcaa62a7535:c2002]
2019-06-14 13:45:45,698 INFO  client.GrpcClientProtocolClient (GrpcClientProtocolClient.java:onNext(254)) - client-E0FA40453D59->0c156e3c-57cc-425b-90ef-9bcaa62a7535: receive RaftClientReply:client-E0FA40453D59->0c156e3c-57cc-425b-90ef-9bcaa62a7535@group-7704A457760D, cid=1163, SUCCESS, logIndex=2003, commits[0c156e3c-57cc-425b-90ef-9bcaa62a7535:c2005]
2019-06-14 13:45:45,698 INFO  client.GrpcClientProtocolClient (GrpcClientProtocolClient.java:onNext(254)) - client-E0FA40453D59->0c156e3c-57cc-425b-90ef-9bcaa62a7535: receive RaftClientReply:client-E0FA40453D59->0c156e3c-57cc-425b-90ef-9bcaa62a7535@group-7704A457760D, cid=1164, SUCCESS, logIndex=2004, commits[0c156e3c-57cc-425b-90ef-9bcaa62a7535:c2005]
2019-06-14 13:45:45,710 INFO  client.GrpcClientProtocolClient (GrpcClientProtocolClient.java:onNext(254)) - client-E0FA40453D59->0c156e3c-57cc-425b-90ef-9bcaa62a7535: receive RaftClientReply:client-E0FA40453D59->0c156e3c-57cc-425b-90ef-9bcaa62a7535@group-7704A457760D, cid=1165, SUCCESS, logIndex=2006, commits[0c156e3c-57cc-425b-90ef-9bcaa62a7535:c2006]
2019-06-14 13:45:45,712 INFO  client.GrpcClientProtocolClient (GrpcClientProtocolClient.java:onNext(254)) - client-E0FA40453D59->0c156e3c-57cc-425b-90ef-9bcaa62a7535: receive RaftClientReply:client-E0FA40453D59->0c156e3c-57cc-425b-90ef-9bcaa62a7535@group-7704A457760D, cid=1166, SUCCESS, logIndex=2008, commits[0c156e3c-57cc-425b-90ef-9bcaa62a7535:c2008]
2019-06-14 13:45:45,716 INFO  client.GrpcClientProtocolClient (GrpcClientProtocolClient.java:onNext(254)) - client-E0FA40453D59->0c156e3c-57cc-425b-90ef-9bcaa62a7535: receive RaftClientReply:client-E0FA40453D59->0c156e3c-57cc-425b-90ef-9bcaa62a7535@group-7704A457760D, cid=1167, SUCCESS, logIndex=2009, commits[0c156e3c-57cc-425b-90ef-9bcaa62a7535:c2011]
2019-06-14 13:45:45,726 INFO  client.GrpcClientProtocolClient (GrpcClientProtocolClient.java:onNext(254)) - client-E0FA40453D59->0c156e3c-57cc-425b-90ef-9bcaa62a7535: receive RaftClientReply:client-E0FA40453D59->0c156e3c-57cc-425b-90ef-9bcaa62a7535@group-7704A457760D, cid=1168, SUCCESS, logIndex=2011, commits[0c156e3c-57cc-425b-90ef-9bcaa62a7535:c2011]
2019-06-14 13:45:45,735 DEBUG block.SCMBlockDeletingService (SCMBlockDeletingService.java:call(138)) - Running DeletedBlockTransactionScanner
2019-06-14 13:45:45,736 DEBUG block.SCMBlockDeletingService (SCMBlockDeletingService.java:call(155)) - Scanned deleted blocks log and got 0 delTX to process.
2019-06-14 13:45:45,747 INFO  client.GrpcClientProtocolClient (GrpcClientProtocolClient.java:onNext(254)) - client-E0FA40453D59->0c156e3c-57cc-425b-90ef-9bcaa62a7535: receive RaftClientReply:client-E0FA40453D59->0c156e3c-57cc-425b-90ef-9bcaa62a7535@group-7704A457760D, cid=1169, SUCCESS, logIndex=2013, commits[0c156e3c-57cc-425b-90ef-9bcaa62a7535:c2013]
2019-06-14 13:45:45,758 INFO  client.GrpcClientProtocolClient (GrpcClientProtocolClient.java:onNext(254)) - client-E0FA40453D59->0c156e3c-57cc-425b-90ef-9bcaa62a7535: receive RaftClientReply:client-E0FA40453D59->0c156e3c-57cc-425b-90ef-9bcaa62a7535@group-7704A457760D, cid=1170, SUCCESS, logIndex=2015, commits[0c156e3c-57cc-425b-90ef-9bcaa62a7535:c2015]
2019-06-14 13:45:45,758 INFO  client.GrpcClientProtocolClient (GrpcClientProtocolClient.java:onNext(254)) - client-E0FA40453D59->0c156e3c-57cc-425b-90ef-9bcaa62a7535: receive RaftClientReply:client-E0FA40453D59->0c156e3c-57cc-425b-90ef-9bcaa62a7535@group-7704A457760D, cid=1171, SUCCESS, logIndex=2016, commits[0c156e3c-57cc-425b-90ef-9bcaa62a7535:c2018]
2019-06-14 13:45:45,759 INFO  client.GrpcClientProtocolClient (GrpcClientProtocolClient.java:onNext(254)) - client-E0FA40453D59->0c156e3c-57cc-425b-90ef-9bcaa62a7535: receive RaftClientReply:client-E0FA40453D59->0c156e3c-57cc-425b-90ef-9bcaa62a7535@group-7704A457760D, cid=1172, SUCCESS, logIndex=2017, commits[0c156e3c-57cc-425b-90ef-9bcaa62a7535:c2018]
2019-06-14 13:45:45,778 INFO  client.GrpcClientProtocolClient (GrpcClientProtocolClient.java:onNext(254)) - client-E0FA40453D59->0c156e3c-57cc-425b-90ef-9bcaa62a7535: receive RaftClientReply:client-E0FA40453D59->0c156e3c-57cc-425b-90ef-9bcaa62a7535@group-7704A457760D, cid=1173, SUCCESS, logIndex=2019, commits[0c156e3c-57cc-425b-90ef-9bcaa62a7535:c2019]
2019-06-14 13:45:45,780 INFO  client.GrpcClientProtocolClient (GrpcClientProtocolClient.java:onNext(254)) - client-E0FA40453D59->0c156e3c-57cc-425b-90ef-9bcaa62a7535: receive RaftClientReply:client-E0FA40453D59->0c156e3c-57cc-425b-90ef-9bcaa62a7535@group-7704A457760D, cid=1174, SUCCESS, logIndex=2021, commits[0c156e3c-57cc-425b-90ef-9bcaa62a7535:c2021]
2019-06-14 13:45:45,781 INFO  client.GrpcClientProtocolClient (GrpcClientProtocolClient.java:onNext(254)) - client-E0FA40453D59->0c156e3c-57cc-425b-90ef-9bcaa62a7535: receive RaftClientReply:client-E0FA40453D59->0c156e3c-57cc-425b-90ef-9bcaa62a7535@group-7704A457760D, cid=1175, SUCCESS, logIndex=2022, commits[0c156e3c-57cc-425b-90ef-9bcaa62a7535:c2024]
2019-06-14 13:45:45,781 INFO  client.GrpcClientProtocolClient (GrpcClientProtocolClient.java:onNext(254)) - client-E0FA40453D59->0c156e3c-57cc-425b-90ef-9bcaa62a7535: receive RaftClientReply:client-E0FA40453D59->0c156e3c-57cc-425b-90ef-9bcaa62a7535@group-7704A457760D, cid=1176, SUCCESS, logIndex=2023, commits[0c156e3c-57cc-425b-90ef-9bcaa62a7535:c2024]
2019-06-14 13:45:45,793 INFO  client.GrpcClientProtocolClient (GrpcClientProtocolClient.java:onNext(254)) - client-E0FA40453D59->0c156e3c-57cc-425b-90ef-9bcaa62a7535: receive RaftClientReply:client-E0FA40453D59->0c156e3c-57cc-425b-90ef-9bcaa62a7535@group-7704A457760D, cid=1177, SUCCESS, logIndex=2025, commits[0c156e3c-57cc-425b-90ef-9bcaa62a7535:c2025]
2019-06-14 13:45:45,794 INFO  client.GrpcClientProtocolClient (GrpcClientProtocolClient.java:onNext(254)) - client-E0FA40453D59->0c156e3c-57cc-425b-90ef-9bcaa62a7535: receive RaftClientReply:client-E0FA40453D59->0c156e3c-57cc-425b-90ef-9bcaa62a7535@group-7704A457760D, cid=1178, SUCCESS, logIndex=2027, commits[0c156e3c-57cc-425b-90ef-9bcaa62a7535:c2027]
2019-06-14 13:45:45,798 INFO  client.GrpcClientProtocolClient (GrpcClientProtocolClient.java:onNext(254)) - client-E0FA40453D59->0c156e3c-57cc-425b-90ef-9bcaa62a7535: receive RaftClientReply:client-E0FA40453D59->0c156e3c-57cc-425b-90ef-9bcaa62a7535@group-7704A457760D, cid=1179, SUCCESS, logIndex=2029, commits[0c156e3c-57cc-425b-90ef-9bcaa62a7535:c2029]
2019-06-14 13:45:45,799 INFO  client.GrpcClientProtocolClient (GrpcClientProtocolClient.java:onNext(254)) - client-E0FA40453D59->0c156e3c-57cc-425b-90ef-9bcaa62a7535: receive RaftClientReply:client-E0FA40453D59->0c156e3c-57cc-425b-90ef-9bcaa62a7535@group-7704A457760D, cid=1180, SUCCESS, logIndex=2030, commits[0c156e3c-57cc-425b-90ef-9bcaa62a7535:c2031]
2019-06-14 13:45:45,805 INFO  client.GrpcClientProtocolClient (GrpcClientProtocolClient.java:onNext(254)) - client-E0FA40453D59->0c156e3c-57cc-425b-90ef-9bcaa62a7535: receive RaftClientReply:client-E0FA40453D59->0c156e3c-57cc-425b-90ef-9bcaa62a7535@group-7704A457760D, cid=1181, SUCCESS, logIndex=2032, commits[0c156e3c-57cc-425b-90ef-9bcaa62a7535:c2032]
2019-06-14 13:45:45,808 INFO  client.GrpcClientProtocolClient (GrpcClientProtocolClient.java:onNext(254)) - client-E0FA40453D59->0c156e3c-57cc-425b-90ef-9bcaa62a7535: receive RaftClientReply:client-E0FA40453D59->0c156e3c-57cc-425b-90ef-9bcaa62a7535@group-7704A457760D, cid=1182, SUCCESS, logIndex=2034, commits[0c156e3c-57cc-425b-90ef-9bcaa62a7535:c2034]
2019-06-14 13:45:45,808 INFO  client.GrpcClientProtocolClient (GrpcClientProtocolClient.java:onNext(254)) - client-E0FA40453D59->0c156e3c-57cc-425b-90ef-9bcaa62a7535: receive RaftClientReply:client-E0FA40453D59->0c156e3c-57cc-425b-90ef-9bcaa62a7535@group-7704A457760D, cid=1183, SUCCESS, logIndex=2035, commits[0c156e3c-57cc-425b-90ef-9bcaa62a7535:c2037]
2019-06-14 13:45:45,810 INFO  client.GrpcClientProtocolClient (GrpcClientProtocolClient.java:onNext(254)) - client-E0FA40453D59->0c156e3c-57cc-425b-90ef-9bcaa62a7535: receive RaftClientReply:client-E0FA40453D59->0c156e3c-57cc-425b-90ef-9bcaa62a7535@group-7704A457760D, cid=1184, SUCCESS, logIndex=2036, commits[0c156e3c-57cc-425b-90ef-9bcaa62a7535:c2037]
2019-06-14 13:45:45,821 INFO  client.GrpcClientProtocolClient (GrpcClientProtocolClient.java:onNext(254)) - client-E0FA40453D59->0c156e3c-57cc-425b-90ef-9bcaa62a7535: receive RaftClientReply:client-E0FA40453D59->0c156e3c-57cc-425b-90ef-9bcaa62a7535@group-7704A457760D, cid=1185, SUCCESS, logIndex=2038, commits[0c156e3c-57cc-425b-90ef-9bcaa62a7535:c2038]
2019-06-14 13:45:45,822 INFO  client.GrpcClientProtocolClient (GrpcClientProtocolClient.java:onNext(254)) - client-E0FA40453D59->0c156e3c-57cc-425b-90ef-9bcaa62a7535: receive RaftClientReply:client-E0FA40453D59->0c156e3c-57cc-425b-90ef-9bcaa62a7535@group-7704A457760D, cid=1186, SUCCESS, logIndex=2040, commits[0c156e3c-57cc-425b-90ef-9bcaa62a7535:c2040]
2019-06-14 13:45:45,825 INFO  client.GrpcClientProtocolClient (GrpcClientProtocolClient.java:onNext(254)) - client-E0FA40453D59->0c156e3c-57cc-425b-90ef-9bcaa62a7535: receive RaftClientReply:client-E0FA40453D59->0c156e3c-57cc-425b-90ef-9bcaa62a7535@group-7704A457760D, cid=1187, SUCCESS, logIndex=2042, commits[0c156e3c-57cc-425b-90ef-9bcaa62a7535:c2043]
2019-06-14 13:45:45,826 INFO  client.GrpcClientProtocolClient (GrpcClientProtocolClient.java:onNext(254)) - client-E0FA40453D59->0c156e3c-57cc-425b-90ef-9bcaa62a7535: receive RaftClientReply:client-E0FA40453D59->0c156e3c-57cc-425b-90ef-9bcaa62a7535@group-7704A457760D, cid=1188, SUCCESS, logIndex=2043, commits[0c156e3c-57cc-425b-90ef-9bcaa62a7535:c2043]
2019-06-14 13:45:45,831 INFO  client.GrpcClientProtocolClient (GrpcClientProtocolClient.java:onNext(254)) - client-E0FA40453D59->0c156e3c-57cc-425b-90ef-9bcaa62a7535: receive RaftClientReply:client-E0FA40453D59->0c156e3c-57cc-425b-90ef-9bcaa62a7535@group-7704A457760D, cid=1189, SUCCESS, logIndex=2045, commits[0c156e3c-57cc-425b-90ef-9bcaa62a7535:c2045]
2019-06-14 13:45:45,832 INFO  client.GrpcClientProtocolClient (GrpcClientProtocolClient.java:onNext(254)) - client-E0FA40453D59->0c156e3c-57cc-425b-90ef-9bcaa62a7535: receive RaftClientReply:client-E0FA40453D59->0c156e3c-57cc-425b-90ef-9bcaa62a7535@group-7704A457760D, cid=1190, SUCCESS, logIndex=2047, commits[0c156e3c-57cc-425b-90ef-9bcaa62a7535:c2047]
2019-06-14 13:45:45,834 INFO  client.GrpcClientProtocolClient (GrpcClientProtocolClient.java:onNext(254)) - client-E0FA40453D59->0c156e3c-57cc-425b-90ef-9bcaa62a7535: receive RaftClientReply:client-E0FA40453D59->0c156e3c-57cc-425b-90ef-9bcaa62a7535@group-7704A457760D, cid=1191, SUCCESS, logIndex=2048, commits[0c156e3c-57cc-425b-90ef-9bcaa62a7535:c2050]
2019-06-14 13:45:45,835 INFO  client.GrpcClientProtocolClient (GrpcClientProtocolClient.java:onNext(254)) - client-E0FA40453D59->0c156e3c-57cc-425b-90ef-9bcaa62a7535: receive RaftClientReply:client-E0FA40453D59->0c156e3c-57cc-425b-90ef-9bcaa62a7535@group-7704A457760D, cid=1192, SUCCESS, logIndex=2050, commits[0c156e3c-57cc-425b-90ef-9bcaa62a7535:c2050]
2019-06-14 13:45:45,836 DEBUG block.SCMBlockDeletingService (SCMBlockDeletingService.java:call(138)) - Running DeletedBlockTransactionScanner
2019-06-14 13:45:45,836 DEBUG block.SCMBlockDeletingService (SCMBlockDeletingService.java:call(155)) - Scanned deleted blocks log and got 0 delTX to process.
2019-06-14 13:45:45,936 DEBUG block.SCMBlockDeletingService (SCMBlockDeletingService.java:call(138)) - Running DeletedBlockTransactionScanner
2019-06-14 13:45:45,937 DEBUG block.SCMBlockDeletingService (SCMBlockDeletingService.java:call(155)) - Scanned deleted blocks log and got 0 delTX to process.
2019-06-14 13:45:45,954 INFO  client.GrpcClientProtocolClient (GrpcClientProtocolClient.java:onNext(254)) - client-E0FA40453D59->0c156e3c-57cc-425b-90ef-9bcaa62a7535: receive RaftClientReply:client-E0FA40453D59->0c156e3c-57cc-425b-90ef-9bcaa62a7535@group-7704A457760D, cid=1193, SUCCESS, logIndex=2052, commits[0c156e3c-57cc-425b-90ef-9bcaa62a7535:c2053]
2019-06-14 13:45:45,958 INFO  client.GrpcClientProtocolClient (GrpcClientProtocolClient.java:onNext(254)) - client-E0FA40453D59->0c156e3c-57cc-425b-90ef-9bcaa62a7535: receive RaftClientReply:client-E0FA40453D59->0c156e3c-57cc-425b-90ef-9bcaa62a7535@group-7704A457760D, cid=1194, SUCCESS, logIndex=2054, commits[0c156e3c-57cc-425b-90ef-9bcaa62a7535:c2054]
2019-06-14 13:45:45,958 INFO  client.GrpcClientProtocolClient (GrpcClientProtocolClient.java:onNext(254)) - client-E0FA40453D59->0c156e3c-57cc-425b-90ef-9bcaa62a7535: receive RaftClientReply:client-E0FA40453D59->0c156e3c-57cc-425b-90ef-9bcaa62a7535@group-7704A457760D, cid=1195, SUCCESS, logIndex=2055, commits[0c156e3c-57cc-425b-90ef-9bcaa62a7535:c2055]
2019-06-14 13:45:45,960 INFO  client.GrpcClientProtocolClient (GrpcClientProtocolClient.java:onNext(254)) - client-E0FA40453D59->0c156e3c-57cc-425b-90ef-9bcaa62a7535: receive RaftClientReply:client-E0FA40453D59->0c156e3c-57cc-425b-90ef-9bcaa62a7535@group-7704A457760D, cid=1196, SUCCESS, logIndex=2057, commits[0c156e3c-57cc-425b-90ef-9bcaa62a7535:c2057]
2019-06-14 13:45:45,968 INFO  client.GrpcClientProtocolClient (GrpcClientProtocolClient.java:onNext(254)) - client-E0FA40453D59->0c156e3c-57cc-425b-90ef-9bcaa62a7535: receive RaftClientReply:client-E0FA40453D59->0c156e3c-57cc-425b-90ef-9bcaa62a7535@group-7704A457760D, cid=1197, SUCCESS, logIndex=2060, commits[0c156e3c-57cc-425b-90ef-9bcaa62a7535:c2060]
2019-06-14 13:45:45,978 INFO  client.GrpcClientProtocolClient (GrpcClientProtocolClient.java:onNext(254)) - client-E0FA40453D59->0c156e3c-57cc-425b-90ef-9bcaa62a7535: receive RaftClientReply:client-E0FA40453D59->0c156e3c-57cc-425b-90ef-9bcaa62a7535@group-7704A457760D, cid=1198, SUCCESS, logIndex=2062, commits[0c156e3c-57cc-425b-90ef-9bcaa62a7535:c2062]
2019-06-14 13:45:45,982 INFO  client.GrpcClientProtocolClient (GrpcClientProtocolClient.java:onNext(254)) - client-E0FA40453D59->0c156e3c-57cc-425b-90ef-9bcaa62a7535: receive RaftClientReply:client-E0FA40453D59->0c156e3c-57cc-425b-90ef-9bcaa62a7535@group-7704A457760D, cid=1199, SUCCESS, logIndex=2064, commits[0c156e3c-57cc-425b-90ef-9bcaa62a7535:c2064]
2019-06-14 13:45:45,982 INFO  storage.RaftLogWorker (RaftLogWorker.java:rollLogSegment(303)) - 0c156e3c-57cc-425b-90ef-9bcaa62a7535-RaftLogWorker: Rolling segment log-1996_2065 to index:2065
2019-06-14 13:45:45,982 INFO  storage.RaftLogWorker (RaftLogWorker.java:execute(433)) - 0c156e3c-57cc-425b-90ef-9bcaa62a7535-RaftLogWorker: Rolled log segment from /opt/src/hadoop-ozone/integration-test/target/test-dir/MiniOzoneClusterImpl-8919240e-7e15-4dbf-8bf4-c210578586bb/datanode-0/data/ratis/1fc53845-3381-4beb-82f9-7704a457760d/current/log_inprogress_1996 to /opt/src/hadoop-ozone/integration-test/target/test-dir/MiniOzoneClusterImpl-8919240e-7e15-4dbf-8bf4-c210578586bb/datanode-0/data/ratis/1fc53845-3381-4beb-82f9-7704a457760d/current/log_1996-2065
2019-06-14 13:45:46,020 INFO  storage.RaftLogWorker (RaftLogWorker.java:execute(469)) - 0c156e3c-57cc-425b-90ef-9bcaa62a7535-RaftLogWorker: created new log segment /opt/src/hadoop-ozone/integration-test/target/test-dir/MiniOzoneClusterImpl-8919240e-7e15-4dbf-8bf4-c210578586bb/datanode-0/data/ratis/1fc53845-3381-4beb-82f9-7704a457760d/current/log_inprogress_2066
2019-06-14 13:45:46,021 INFO  client.GrpcClientProtocolClient (GrpcClientProtocolClient.java:onNext(254)) - client-E0FA40453D59->0c156e3c-57cc-425b-90ef-9bcaa62a7535: receive RaftClientReply:client-E0FA40453D59->0c156e3c-57cc-425b-90ef-9bcaa62a7535@group-7704A457760D, cid=1200, SUCCESS, logIndex=2066, commits[0c156e3c-57cc-425b-90ef-9bcaa62a7535:c2066]
2019-06-14 13:45:46,064 DEBUG block.SCMBlockDeletingService (SCMBlockDeletingService.java:call(138)) - Running DeletedBlockTransactionScanner
2019-06-14 13:45:46,065 DEBUG block.SCMBlockDeletingService (SCMBlockDeletingService.java:call(155)) - Scanned deleted blocks log and got 0 delTX to process.
2019-06-14 13:45:46,071 INFO  client.GrpcClientProtocolClient (GrpcClientProtocolClient.java:onNext(254)) - client-E0FA40453D59->0c156e3c-57cc-425b-90ef-9bcaa62a7535: receive RaftClientReply:client-E0FA40453D59->0c156e3c-57cc-425b-90ef-9bcaa62a7535@group-7704A457760D, cid=1201, SUCCESS, logIndex=2068, commits[0c156e3c-57cc-425b-90ef-9bcaa62a7535:c2068]
2019-06-14 13:45:46,073 INFO  client.GrpcClientProtocolClient (GrpcClientProtocolClient.java:onNext(254)) - client-E0FA40453D59->0c156e3c-57cc-425b-90ef-9bcaa62a7535: receive RaftClientReply:client-E0FA40453D59->0c156e3c-57cc-425b-90ef-9bcaa62a7535@group-7704A457760D, cid=1202, SUCCESS, logIndex=2070, commits[0c156e3c-57cc-425b-90ef-9bcaa62a7535:c2070]
2019-06-14 13:45:46,075 INFO  client.GrpcClientProtocolClient (GrpcClientProtocolClient.java:onNext(254)) - client-E0FA40453D59->0c156e3c-57cc-425b-90ef-9bcaa62a7535: receive RaftClientReply:client-E0FA40453D59->0c156e3c-57cc-425b-90ef-9bcaa62a7535@group-7704A457760D, cid=1203, SUCCESS, logIndex=2071, commits[0c156e3c-57cc-425b-90ef-9bcaa62a7535:c2072]
2019-06-14 13:45:46,075 INFO  client.GrpcClientProtocolClient (GrpcClientProtocolClient.java:onNext(254)) - client-E0FA40453D59->0c156e3c-57cc-425b-90ef-9bcaa62a7535: receive RaftClientReply:client-E0FA40453D59->0c156e3c-57cc-425b-90ef-9bcaa62a7535@group-7704A457760D, cid=1204, SUCCESS, logIndex=2072, commits[0c156e3c-57cc-425b-90ef-9bcaa62a7535:c2072]
2019-06-14 13:45:46,081 INFO  client.GrpcClientProtocolClient (GrpcClientProtocolClient.java:onNext(254)) - client-E0FA40453D59->0c156e3c-57cc-425b-90ef-9bcaa62a7535: receive RaftClientReply:client-E0FA40453D59->0c156e3c-57cc-425b-90ef-9bcaa62a7535@group-7704A457760D, cid=1205, SUCCESS, logIndex=2075, commits[0c156e3c-57cc-425b-90ef-9bcaa62a7535:c2075]
2019-06-14 13:45:46,082 INFO  client.GrpcClientProtocolClient (GrpcClientProtocolClient.java:onNext(254)) - client-E0FA40453D59->0c156e3c-57cc-425b-90ef-9bcaa62a7535: receive RaftClientReply:client-E0FA40453D59->0c156e3c-57cc-425b-90ef-9bcaa62a7535@group-7704A457760D, cid=1206, SUCCESS, logIndex=2077, commits[0c156e3c-57cc-425b-90ef-9bcaa62a7535:c2077]
2019-06-14 13:45:46,084 INFO  client.GrpcClientProtocolClient (GrpcClientProtocolClient.java:onNext(254)) - client-E0FA40453D59->0c156e3c-57cc-425b-90ef-9bcaa62a7535: receive RaftClientReply:client-E0FA40453D59->0c156e3c-57cc-425b-90ef-9bcaa62a7535@group-7704A457760D, cid=1207, SUCCESS, logIndex=2078, commits[0c156e3c-57cc-425b-90ef-9bcaa62a7535:c2079]
2019-06-14 13:45:46,085 INFO  client.GrpcClientProtocolClient (GrpcClientProtocolClient.java:onNext(254)) - client-E0FA40453D59->0c156e3c-57cc-425b-90ef-9bcaa62a7535: receive RaftClientReply:client-E0FA40453D59->0c156e3c-57cc-425b-90ef-9bcaa62a7535@group-7704A457760D, cid=1208, SUCCESS, logIndex=2080, commits[0c156e3c-57cc-425b-90ef-9bcaa62a7535:c2080]
2019-06-14 13:45:46,098 INFO  client.GrpcClientProtocolClient (GrpcClientProtocolClient.java:onNext(254)) - client-E0FA40453D59->0c156e3c-57cc-425b-90ef-9bcaa62a7535: receive RaftClientReply:client-E0FA40453D59->0c156e3c-57cc-425b-90ef-9bcaa62a7535@group-7704A457760D, cid=1209, SUCCESS, logIndex=2082, commits[0c156e3c-57cc-425b-90ef-9bcaa62a7535:c2082]
2019-06-14 13:45:46,099 INFO  client.GrpcClientProtocolClient (GrpcClientProtocolClient.java:onNext(254)) - client-E0FA40453D59->0c156e3c-57cc-425b-90ef-9bcaa62a7535: receive RaftClientReply:client-E0FA40453D59->0c156e3c-57cc-425b-90ef-9bcaa62a7535@group-7704A457760D, cid=1210, SUCCESS, logIndex=2084, commits[0c156e3c-57cc-425b-90ef-9bcaa62a7535:c2084]
2019-06-14 13:45:46,100 INFO  client.GrpcClientProtocolClient (GrpcClientProtocolClient.java:onNext(254)) - client-E0FA40453D59->0c156e3c-57cc-425b-90ef-9bcaa62a7535: receive RaftClientReply:client-E0FA40453D59->0c156e3c-57cc-425b-90ef-9bcaa62a7535@group-7704A457760D, cid=1211, SUCCESS, logIndex=2085, commits[0c156e3c-57cc-425b-90ef-9bcaa62a7535:c2087]
2019-06-14 13:45:46,101 INFO  client.GrpcClientProtocolClient (GrpcClientProtocolClient.java:onNext(254)) - client-E0FA40453D59->0c156e3c-57cc-425b-90ef-9bcaa62a7535: receive RaftClientReply:client-E0FA40453D59->0c156e3c-57cc-425b-90ef-9bcaa62a7535@group-7704A457760D, cid=1212, SUCCESS, logIndex=2086, commits[0c156e3c-57cc-425b-90ef-9bcaa62a7535:c2087]
2019-06-14 13:45:46,107 INFO  client.GrpcClientProtocolClient (GrpcClientProtocolClient.java:onNext(254)) - client-E0FA40453D59->0c156e3c-57cc-425b-90ef-9bcaa62a7535: receive RaftClientReply:client-E0FA40453D59->0c156e3c-57cc-425b-90ef-9bcaa62a7535@group-7704A457760D, cid=1213, SUCCESS, logIndex=2088, commits[0c156e3c-57cc-425b-90ef-9bcaa62a7535:c2088]
2019-06-14 13:45:46,109 INFO  client.GrpcClientProtocolClient (GrpcClientProtocolClient.java:onNext(254)) - client-E0FA40453D59->0c156e3c-57cc-425b-90ef-9bcaa62a7535: receive RaftClientReply:client-E0FA40453D59->0c156e3c-57cc-425b-90ef-9bcaa62a7535@group-7704A457760D, cid=1214, SUCCESS, logIndex=2090, commits[0c156e3c-57cc-425b-90ef-9bcaa62a7535:c2090]
2019-06-14 13:45:46,110 INFO  client.GrpcClientProtocolClient (GrpcClientProtocolClient.java:onNext(254)) - client-E0FA40453D59->0c156e3c-57cc-425b-90ef-9bcaa62a7535: receive RaftClientReply:client-E0FA40453D59->0c156e3c-57cc-425b-90ef-9bcaa62a7535@group-7704A457760D, cid=1215, SUCCESS, logIndex=2091, commits[0c156e3c-57cc-425b-90ef-9bcaa62a7535:c2093]
2019-06-14 13:45:46,110 INFO  client.GrpcClientProtocolClient (GrpcClientProtocolClient.java:onNext(254)) - client-E0FA40453D59->0c156e3c-57cc-425b-90ef-9bcaa62a7535: receive RaftClientReply:client-E0FA40453D59->0c156e3c-57cc-425b-90ef-9bcaa62a7535@group-7704A457760D, cid=1216, SUCCESS, logIndex=2092, commits[0c156e3c-57cc-425b-90ef-9bcaa62a7535:c2093]
2019-06-14 13:45:46,134 INFO  client.GrpcClientProtocolClient (GrpcClientProtocolClient.java:onNext(254)) - client-E0FA40453D59->0c156e3c-57cc-425b-90ef-9bcaa62a7535: receive RaftClientReply:client-E0FA40453D59->0c156e3c-57cc-425b-90ef-9bcaa62a7535@group-7704A457760D, cid=1217, SUCCESS, logIndex=2094, commits[0c156e3c-57cc-425b-90ef-9bcaa62a7535:c2095]
2019-06-14 13:45:46,136 INFO  client.GrpcClientProtocolClient (GrpcClientProtocolClient.java:onNext(254)) - client-E0FA40453D59->0c156e3c-57cc-425b-90ef-9bcaa62a7535: receive RaftClientReply:client-E0FA40453D59->0c156e3c-57cc-425b-90ef-9bcaa62a7535@group-7704A457760D, cid=1218, SUCCESS, logIndex=2096, commits[0c156e3c-57cc-425b-90ef-9bcaa62a7535:c2096]
2019-06-14 13:45:46,137 INFO  client.GrpcClientProtocolClient (GrpcClientProtocolClient.java:onNext(254)) - client-E0FA40453D59->0c156e3c-57cc-425b-90ef-9bcaa62a7535: receive RaftClientReply:client-E0FA40453D59->0c156e3c-57cc-425b-90ef-9bcaa62a7535@group-7704A457760D, cid=1219, SUCCESS, logIndex=2097, commits[0c156e3c-57cc-425b-90ef-9bcaa62a7535:c2099]
2019-06-14 13:45:46,138 INFO  client.GrpcClientProtocolClient (GrpcClientProtocolClient.java:onNext(254)) - client-E0FA40453D59->0c156e3c-57cc-425b-90ef-9bcaa62a7535: receive RaftClientReply:client-E0FA40453D59->0c156e3c-57cc-425b-90ef-9bcaa62a7535@group-7704A457760D, cid=1220, SUCCESS, logIndex=2099, commits[0c156e3c-57cc-425b-90ef-9bcaa62a7535:c2099]
2019-06-14 13:45:46,154 INFO  client.GrpcClientProtocolClient (GrpcClientProtocolClient.java:onNext(254)) - client-E0FA40453D59->0c156e3c-57cc-425b-90ef-9bcaa62a7535: receive RaftClientReply:client-E0FA40453D59->0c156e3c-57cc-425b-90ef-9bcaa62a7535@group-7704A457760D, cid=1221, SUCCESS, logIndex=2101, commits[0c156e3c-57cc-425b-90ef-9bcaa62a7535:c2102]
2019-06-14 13:45:46,155 INFO  client.GrpcClientProtocolClient (GrpcClientProtocolClient.java:onNext(254)) - client-E0FA40453D59->0c156e3c-57cc-425b-90ef-9bcaa62a7535: receive RaftClientReply:client-E0FA40453D59->0c156e3c-57cc-425b-90ef-9bcaa62a7535@group-7704A457760D, cid=1222, SUCCESS, logIndex=2103, commits[0c156e3c-57cc-425b-90ef-9bcaa62a7535:c2103]
2019-06-14 13:45:46,157 INFO  client.GrpcClientProtocolClient (GrpcClientProtocolClient.java:onNext(254)) - client-E0FA40453D59->0c156e3c-57cc-425b-90ef-9bcaa62a7535: receive RaftClientReply:client-E0FA40453D59->0c156e3c-57cc-425b-90ef-9bcaa62a7535@group-7704A457760D, cid=1223, SUCCESS, logIndex=2104, commits[0c156e3c-57cc-425b-90ef-9bcaa62a7535:c2106]
2019-06-14 13:45:46,157 INFO  client.GrpcClientProtocolClient (GrpcClientProtocolClient.java:onNext(254)) - client-E0FA40453D59->0c156e3c-57cc-425b-90ef-9bcaa62a7535: receive RaftClientReply:client-E0FA40453D59->0c156e3c-57cc-425b-90ef-9bcaa62a7535@group-7704A457760D, cid=1224, SUCCESS, logIndex=2105, commits[0c156e3c-57cc-425b-90ef-9bcaa62a7535:c2106]
2019-06-14 13:45:46,165 DEBUG block.SCMBlockDeletingService (SCMBlockDeletingService.java:call(138)) - Running DeletedBlockTransactionScanner
2019-06-14 13:45:46,165 DEBUG block.SCMBlockDeletingService (SCMBlockDeletingService.java:call(155)) - Scanned deleted blocks log and got 0 delTX to process.
2019-06-14 13:45:46,169 INFO  client.GrpcClientProtocolClient (GrpcClientProtocolClient.java:onNext(254)) - client-E0FA40453D59->0c156e3c-57cc-425b-90ef-9bcaa62a7535: receive RaftClientReply:client-E0FA40453D59->0c156e3c-57cc-425b-90ef-9bcaa62a7535@group-7704A457760D, cid=1225, SUCCESS, logIndex=2107, commits[0c156e3c-57cc-425b-90ef-9bcaa62a7535:c2107]
2019-06-14 13:45:46,171 INFO  client.GrpcClientProtocolClient (GrpcClientProtocolClient.java:onNext(254)) - client-E0FA40453D59->0c156e3c-57cc-425b-90ef-9bcaa62a7535: receive RaftClientReply:client-E0FA40453D59->0c156e3c-57cc-425b-90ef-9bcaa62a7535@group-7704A457760D, cid=1226, SUCCESS, logIndex=2109, commits[0c156e3c-57cc-425b-90ef-9bcaa62a7535:c2109]
2019-06-14 13:45:46,172 INFO  client.GrpcClientProtocolClient (GrpcClientProtocolClient.java:onNext(254)) - client-E0FA40453D59->0c156e3c-57cc-425b-90ef-9bcaa62a7535: receive RaftClientReply:client-E0FA40453D59->0c156e3c-57cc-425b-90ef-9bcaa62a7535@group-7704A457760D, cid=1227, SUCCESS, logIndex=2110, commits[0c156e3c-57cc-425b-90ef-9bcaa62a7535:c2112]
2019-06-14 13:45:46,172 INFO  client.GrpcClientProtocolClient (GrpcClientProtocolClient.java:onNext(254)) - client-E0FA40453D59->0c156e3c-57cc-425b-90ef-9bcaa62a7535: receive RaftClientReply:client-E0FA40453D59->0c156e3c-57cc-425b-90ef-9bcaa62a7535@group-7704A457760D, cid=1228, SUCCESS, logIndex=2111, commits[0c156e3c-57cc-425b-90ef-9bcaa62a7535:c2112]
2019-06-14 13:45:46,181 INFO  client.GrpcClientProtocolClient (GrpcClientProtocolClient.java:onNext(254)) - client-E0FA40453D59->0c156e3c-57cc-425b-90ef-9bcaa62a7535: receive RaftClientReply:client-E0FA40453D59->0c156e3c-57cc-425b-90ef-9bcaa62a7535@group-7704A457760D, cid=1229, SUCCESS, logIndex=2113, commits[0c156e3c-57cc-425b-90ef-9bcaa62a7535:c2113]
2019-06-14 13:45:46,182 INFO  client.GrpcClientProtocolClient (GrpcClientProtocolClient.java:onNext(254)) - client-E0FA40453D59->0c156e3c-57cc-425b-90ef-9bcaa62a7535: receive RaftClientReply:client-E0FA40453D59->0c156e3c-57cc-425b-90ef-9bcaa62a7535@group-7704A457760D, cid=1230, SUCCESS, logIndex=2115, commits[0c156e3c-57cc-425b-90ef-9bcaa62a7535:c2115]
2019-06-14 13:45:46,184 INFO  client.GrpcClientProtocolClient (GrpcClientProtocolClient.java:onNext(254)) - client-E0FA40453D59->0c156e3c-57cc-425b-90ef-9bcaa62a7535: receive RaftClientReply:client-E0FA40453D59->0c156e3c-57cc-425b-90ef-9bcaa62a7535@group-7704A457760D, cid=1231, SUCCESS, logIndex=2116, commits[0c156e3c-57cc-425b-90ef-9bcaa62a7535:c2118]
2019-06-14 13:45:46,184 INFO  client.GrpcClientProtocolClient (GrpcClientProtocolClient.java:onNext(254)) - client-E0FA40453D59->0c156e3c-57cc-425b-90ef-9bcaa62a7535: receive RaftClientReply:client-E0FA40453D59->0c156e3c-57cc-425b-90ef-9bcaa62a7535@group-7704A457760D, cid=1232, SUCCESS, logIndex=2118, commits[0c156e3c-57cc-425b-90ef-9bcaa62a7535:c2118]
2019-06-14 13:45:46,197 INFO  client.GrpcClientProtocolClient (GrpcClientProtocolClient.java:onNext(254)) - client-E0FA40453D59->0c156e3c-57cc-425b-90ef-9bcaa62a7535: receive RaftClientReply:client-E0FA40453D59->0c156e3c-57cc-425b-90ef-9bcaa62a7535@group-7704A457760D, cid=1233, SUCCESS, logIndex=2120, commits[0c156e3c-57cc-425b-90ef-9bcaa62a7535:c2120]
2019-06-14 13:45:46,204 INFO  client.GrpcClientProtocolClient (GrpcClientProtocolClient.java:onNext(254)) - client-E0FA40453D59->0c156e3c-57cc-425b-90ef-9bcaa62a7535: receive RaftClientReply:client-E0FA40453D59->0c156e3c-57cc-425b-90ef-9bcaa62a7535@group-7704A457760D, cid=1234, SUCCESS, logIndex=2122, commits[0c156e3c-57cc-425b-90ef-9bcaa62a7535:c2122]
2019-06-14 13:45:46,204 INFO  client.GrpcClientProtocolClient (GrpcClientProtocolClient.java:onNext(254)) - client-E0FA40453D59->0c156e3c-57cc-425b-90ef-9bcaa62a7535: receive RaftClientReply:client-E0FA40453D59->0c156e3c-57cc-425b-90ef-9bcaa62a7535@group-7704A457760D, cid=1235, SUCCESS, logIndex=2123, commits[0c156e3c-57cc-425b-90ef-9bcaa62a7535:c2125]
2019-06-14 13:45:46,204 INFO  client.GrpcClientProtocolClient (GrpcClientProtocolClient.java:onNext(254)) - client-E0FA40453D59->0c156e3c-57cc-425b-90ef-9bcaa62a7535: receive RaftClientReply:client-E0FA40453D59->0c156e3c-57cc-425b-90ef-9bcaa62a7535@group-7704A457760D, cid=1236, SUCCESS, logIndex=2124, commits[0c156e3c-57cc-425b-90ef-9bcaa62a7535:c2125]
2019-06-14 13:45:46,265 DEBUG block.SCMBlockDeletingService (SCMBlockDeletingService.java:call(138)) - Running DeletedBlockTransactionScanner
2019-06-14 13:45:46,266 DEBUG block.SCMBlockDeletingService (SCMBlockDeletingService.java:call(155)) - Scanned deleted blocks log and got 0 delTX to process.
2019-06-14 13:45:46,288 INFO  client.GrpcClientProtocolClient (GrpcClientProtocolClient.java:onNext(254)) - client-E0FA40453D59->0c156e3c-57cc-425b-90ef-9bcaa62a7535: receive RaftClientReply:client-E0FA40453D59->0c156e3c-57cc-425b-90ef-9bcaa62a7535@group-7704A457760D, cid=1237, SUCCESS, logIndex=2126, commits[0c156e3c-57cc-425b-90ef-9bcaa62a7535:c2126]
2019-06-14 13:45:46,289 INFO  client.GrpcClientProtocolClient (GrpcClientProtocolClient.java:onNext(254)) - client-E0FA40453D59->0c156e3c-57cc-425b-90ef-9bcaa62a7535: receive RaftClientReply:client-E0FA40453D59->0c156e3c-57cc-425b-90ef-9bcaa62a7535@group-7704A457760D, cid=1238, SUCCESS, logIndex=2128, commits[0c156e3c-57cc-425b-90ef-9bcaa62a7535:c2128]
2019-06-14 13:45:46,291 INFO  client.GrpcClientProtocolClient (GrpcClientProtocolClient.java:onNext(254)) - client-E0FA40453D59->0c156e3c-57cc-425b-90ef-9bcaa62a7535: receive RaftClientReply:client-E0FA40453D59->0c156e3c-57cc-425b-90ef-9bcaa62a7535@group-7704A457760D, cid=1239, SUCCESS, logIndex=2129, commits[0c156e3c-57cc-425b-90ef-9bcaa62a7535:c2131]
2019-06-14 13:45:46,291 INFO  client.GrpcClientProtocolClient (GrpcClientProtocolClient.java:onNext(254)) - client-E0FA40453D59->0c156e3c-57cc-425b-90ef-9bcaa62a7535: receive RaftClientReply:client-E0FA40453D59->0c156e3c-57cc-425b-90ef-9bcaa62a7535@group-7704A457760D, cid=1240, SUCCESS, logIndex=2130, commits[0c156e3c-57cc-425b-90ef-9bcaa62a7535:c2131]
2019-06-14 13:45:46,302 INFO  client.GrpcClientProtocolClient (GrpcClientProtocolClient.java:onNext(254)) - client-E0FA40453D59->0c156e3c-57cc-425b-90ef-9bcaa62a7535: receive RaftClientReply:client-E0FA40453D59->0c156e3c-57cc-425b-90ef-9bcaa62a7535@group-7704A457760D, cid=1241, SUCCESS, logIndex=2132, commits[0c156e3c-57cc-425b-90ef-9bcaa62a7535:c2132]
2019-06-14 13:45:46,302 INFO  storage.RaftLogWorker (RaftLogWorker.java:rollLogSegment(303)) - 0c156e3c-57cc-425b-90ef-9bcaa62a7535-RaftLogWorker: Rolling segment log-2066_2134 to index:2134
2019-06-14 13:45:46,303 INFO  storage.RaftLogWorker (RaftLogWorker.java:execute(433)) - 0c156e3c-57cc-425b-90ef-9bcaa62a7535-RaftLogWorker: Rolled log segment from /opt/src/hadoop-ozone/integration-test/target/test-dir/MiniOzoneClusterImpl-8919240e-7e15-4dbf-8bf4-c210578586bb/datanode-0/data/ratis/1fc53845-3381-4beb-82f9-7704a457760d/current/log_inprogress_2066 to /opt/src/hadoop-ozone/integration-test/target/test-dir/MiniOzoneClusterImpl-8919240e-7e15-4dbf-8bf4-c210578586bb/datanode-0/data/ratis/1fc53845-3381-4beb-82f9-7704a457760d/current/log_2066-2134
2019-06-14 13:45:46,304 INFO  client.GrpcClientProtocolClient (GrpcClientProtocolClient.java:onNext(254)) - client-E0FA40453D59->0c156e3c-57cc-425b-90ef-9bcaa62a7535: receive RaftClientReply:client-E0FA40453D59->0c156e3c-57cc-425b-90ef-9bcaa62a7535@group-7704A457760D, cid=1242, SUCCESS, logIndex=2134, commits[0c156e3c-57cc-425b-90ef-9bcaa62a7535:c2134]
2019-06-14 13:45:46,341 INFO  storage.RaftLogWorker (RaftLogWorker.java:execute(469)) - 0c156e3c-57cc-425b-90ef-9bcaa62a7535-RaftLogWorker: created new log segment /opt/src/hadoop-ozone/integration-test/target/test-dir/MiniOzoneClusterImpl-8919240e-7e15-4dbf-8bf4-c210578586bb/datanode-0/data/ratis/1fc53845-3381-4beb-82f9-7704a457760d/current/log_inprogress_2135
2019-06-14 13:45:46,343 INFO  client.GrpcClientProtocolClient (GrpcClientProtocolClient.java:onNext(254)) - client-E0FA40453D59->0c156e3c-57cc-425b-90ef-9bcaa62a7535: receive RaftClientReply:client-E0FA40453D59->0c156e3c-57cc-425b-90ef-9bcaa62a7535@group-7704A457760D, cid=1243, SUCCESS, logIndex=2135, commits[0c156e3c-57cc-425b-90ef-9bcaa62a7535:c2137]
2019-06-14 13:45:46,345 INFO  client.GrpcClientProtocolClient (GrpcClientProtocolClient.java:onNext(254)) - client-E0FA40453D59->0c156e3c-57cc-425b-90ef-9bcaa62a7535: receive RaftClientReply:client-E0FA40453D59->0c156e3c-57cc-425b-90ef-9bcaa62a7535@group-7704A457760D, cid=1244, SUCCESS, logIndex=2136, commits[0c156e3c-57cc-425b-90ef-9bcaa62a7535:c2137]
2019-06-14 13:45:46,359 INFO  client.GrpcClientProtocolClient (GrpcClientProtocolClient.java:onNext(254)) - client-E0FA40453D59->0c156e3c-57cc-425b-90ef-9bcaa62a7535: receive RaftClientReply:client-E0FA40453D59->0c156e3c-57cc-425b-90ef-9bcaa62a7535@group-7704A457760D, cid=1245, SUCCESS, logIndex=2138, commits[0c156e3c-57cc-425b-90ef-9bcaa62a7535:c2138]
2019-06-14 13:45:46,362 INFO  client.GrpcClientProtocolClient (GrpcClientProtocolClient.java:onNext(254)) - client-E0FA40453D59->0c156e3c-57cc-425b-90ef-9bcaa62a7535: receive RaftClientReply:client-E0FA40453D59->0c156e3c-57cc-425b-90ef-9bcaa62a7535@group-7704A457760D, cid=1246, SUCCESS, logIndex=2140, commits[0c156e3c-57cc-425b-90ef-9bcaa62a7535:c2140]
2019-06-14 13:45:46,365 INFO  client.GrpcClientProtocolClient (GrpcClientProtocolClient.java:onNext(254)) - client-E0FA40453D59->0c156e3c-57cc-425b-90ef-9bcaa62a7535: receive RaftClientReply:client-E0FA40453D59->0c156e3c-57cc-425b-90ef-9bcaa62a7535@group-7704A457760D, cid=1247, SUCCESS, logIndex=2141, commits[0c156e3c-57cc-425b-90ef-9bcaa62a7535:c2142]
2019-06-14 13:45:46,366 INFO  client.GrpcClientProtocolClient (GrpcClientProtocolClient.java:onNext(254)) - client-E0FA40453D59->0c156e3c-57cc-425b-90ef-9bcaa62a7535: receive RaftClientReply:client-E0FA40453D59->0c156e3c-57cc-425b-90ef-9bcaa62a7535@group-7704A457760D, cid=1248, SUCCESS, logIndex=2142, commits[0c156e3c-57cc-425b-90ef-9bcaa62a7535:c2142]
2019-06-14 13:45:46,366 DEBUG block.SCMBlockDeletingService (SCMBlockDeletingService.java:call(138)) - Running DeletedBlockTransactionScanner
2019-06-14 13:45:46,366 DEBUG block.SCMBlockDeletingService (SCMBlockDeletingService.java:call(155)) - Scanned deleted blocks log and got 0 delTX to process.
2019-06-14 13:45:46,379 INFO  client.GrpcClientProtocolClient (GrpcClientProtocolClient.java:onNext(254)) - client-E0FA40453D59->0c156e3c-57cc-425b-90ef-9bcaa62a7535: receive RaftClientReply:client-E0FA40453D59->0c156e3c-57cc-425b-90ef-9bcaa62a7535@group-7704A457760D, cid=1249, SUCCESS, logIndex=2145, commits[0c156e3c-57cc-425b-90ef-9bcaa62a7535:c2145]
2019-06-14 13:45:46,386 INFO  client.GrpcClientProtocolClient (GrpcClientProtocolClient.java:onNext(254)) - client-E0FA40453D59->0c156e3c-57cc-425b-90ef-9bcaa62a7535: receive RaftClientReply:client-E0FA40453D59->0c156e3c-57cc-425b-90ef-9bcaa62a7535@group-7704A457760D, cid=1250, SUCCESS, logIndex=2147, commits[0c156e3c-57cc-425b-90ef-9bcaa62a7535:c2147]
2019-06-14 13:45:46,390 INFO  client.GrpcClientProtocolClient (GrpcClientProtocolClient.java:onNext(254)) - client-E0FA40453D59->0c156e3c-57cc-425b-90ef-9bcaa62a7535: receive RaftClientReply:client-E0FA40453D59->0c156e3c-57cc-425b-90ef-9bcaa62a7535@group-7704A457760D, cid=1251, SUCCESS, logIndex=2148, commits[0c156e3c-57cc-425b-90ef-9bcaa62a7535:c2149]
2019-06-14 13:45:46,391 INFO  client.GrpcClientProtocolClient (GrpcClientProtocolClient.java:onNext(254)) - client-E0FA40453D59->0c156e3c-57cc-425b-90ef-9bcaa62a7535: receive RaftClientReply:client-E0FA40453D59->0c156e3c-57cc-425b-90ef-9bcaa62a7535@group-7704A457760D, cid=1252, SUCCESS, logIndex=2150, commits[0c156e3c-57cc-425b-90ef-9bcaa62a7535:c2150]
2019-06-14 13:45:46,398 INFO  client.GrpcClientProtocolClient (GrpcClientProtocolClient.java:onNext(254)) - client-E0FA40453D59->0c156e3c-57cc-425b-90ef-9bcaa62a7535: receive RaftClientReply:client-E0FA40453D59->0c156e3c-57cc-425b-90ef-9bcaa62a7535@group-7704A457760D, cid=1253, SUCCESS, logIndex=2152, commits[0c156e3c-57cc-425b-90ef-9bcaa62a7535:c2152]
2019-06-14 13:45:46,401 INFO  client.GrpcClientProtocolClient (GrpcClientProtocolClient.java:onNext(254)) - client-E0FA40453D59->0c156e3c-57cc-425b-90ef-9bcaa62a7535: receive RaftClientReply:client-E0FA40453D59->0c156e3c-57cc-425b-90ef-9bcaa62a7535@group-7704A457760D, cid=1254, SUCCESS, logIndex=2154, commits[0c156e3c-57cc-425b-90ef-9bcaa62a7535:c2154]
2019-06-14 13:45:46,404 INFO  client.GrpcClientProtocolClient (GrpcClientProtocolClient.java:onNext(254)) - client-E0FA40453D59->0c156e3c-57cc-425b-90ef-9bcaa62a7535: receive RaftClientReply:client-E0FA40453D59->0c156e3c-57cc-425b-90ef-9bcaa62a7535@group-7704A457760D, cid=1255, SUCCESS, logIndex=2156, commits[0c156e3c-57cc-425b-90ef-9bcaa62a7535:c2157]
2019-06-14 13:45:46,405 INFO  client.GrpcClientProtocolClient (GrpcClientProtocolClient.java:onNext(254)) - client-E0FA40453D59->0c156e3c-57cc-425b-90ef-9bcaa62a7535: receive RaftClientReply:client-E0FA40453D59->0c156e3c-57cc-425b-90ef-9bcaa62a7535@group-7704A457760D, cid=1256, SUCCESS, logIndex=2157, commits[0c156e3c-57cc-425b-90ef-9bcaa62a7535:c2157]
2019-06-14 13:45:46,415 INFO  client.GrpcClientProtocolClient (GrpcClientProtocolClient.java:onNext(254)) - client-E0FA40453D59->0c156e3c-57cc-425b-90ef-9bcaa62a7535: receive RaftClientReply:client-E0FA40453D59->0c156e3c-57cc-425b-90ef-9bcaa62a7535@group-7704A457760D, cid=1257, SUCCESS, logIndex=2159, commits[0c156e3c-57cc-425b-90ef-9bcaa62a7535:c2159]
2019-06-14 13:45:46,416 INFO  client.GrpcClientProtocolClient (GrpcClientProtocolClient.java:onNext(254)) - client-E0FA40453D59->0c156e3c-57cc-425b-90ef-9bcaa62a7535: receive RaftClientReply:client-E0FA40453D59->0c156e3c-57cc-425b-90ef-9bcaa62a7535@group-7704A457760D, cid=1258, SUCCESS, logIndex=2161, commits[0c156e3c-57cc-425b-90ef-9bcaa62a7535:c2161]
2019-06-14 13:45:46,420 INFO  client.GrpcClientProtocolClient (GrpcClientProtocolClient.java:onNext(254)) - client-E0FA40453D59->0c156e3c-57cc-425b-90ef-9bcaa62a7535: receive RaftClientReply:client-E0FA40453D59->0c156e3c-57cc-425b-90ef-9bcaa62a7535@group-7704A457760D, cid=1259, SUCCESS, logIndex=2162, commits[0c156e3c-57cc-425b-90ef-9bcaa62a7535:c2164]
2019-06-14 13:45:46,421 INFO  client.GrpcClientProtocolClient (GrpcClientProtocolClient.java:onNext(254)) - client-E0FA40453D59->0c156e3c-57cc-425b-90ef-9bcaa62a7535: receive RaftClientReply:client-E0FA40453D59->0c156e3c-57cc-425b-90ef-9bcaa62a7535@group-7704A457760D, cid=1260, SUCCESS, logIndex=2164, commits[0c156e3c-57cc-425b-90ef-9bcaa62a7535:c2164]
2019-06-14 13:45:46,427 INFO  client.GrpcClientProtocolClient (GrpcClientProtocolClient.java:onNext(254)) - client-E0FA40453D59->0c156e3c-57cc-425b-90ef-9bcaa62a7535: receive RaftClientReply:client-E0FA40453D59->0c156e3c-57cc-425b-90ef-9bcaa62a7535@group-7704A457760D, cid=1261, SUCCESS, logIndex=2166, commits[0c156e3c-57cc-425b-90ef-9bcaa62a7535:c2166]
2019-06-14 13:45:46,428 INFO  client.GrpcClientProtocolClient (GrpcClientProtocolClient.java:onNext(254)) - client-E0FA40453D59->0c156e3c-57cc-425b-90ef-9bcaa62a7535: receive RaftClientReply:client-E0FA40453D59->0c156e3c-57cc-425b-90ef-9bcaa62a7535@group-7704A457760D, cid=1262, SUCCESS, logIndex=2168, commits[0c156e3c-57cc-425b-90ef-9bcaa62a7535:c2168]
2019-06-14 13:45:46,430 INFO  client.GrpcClientProtocolClient (GrpcClientProtocolClient.java:onNext(254)) - client-E0FA40453D59->0c156e3c-57cc-425b-90ef-9bcaa62a7535: receive RaftClientReply:client-E0FA40453D59->0c156e3c-57cc-425b-90ef-9bcaa62a7535@group-7704A457760D, cid=1263, SUCCESS, logIndex=2169, commits[0c156e3c-57cc-425b-90ef-9bcaa62a7535:c2171]
2019-06-14 13:45:46,430 INFO  client.GrpcClientProtocolClient (GrpcClientProtocolClient.java:onNext(254)) - client-E0FA40453D59->0c156e3c-57cc-425b-90ef-9bcaa62a7535: receive RaftClientReply:client-E0FA40453D59->0c156e3c-57cc-425b-90ef-9bcaa62a7535@group-7704A457760D, cid=1264, SUCCESS, logIndex=2170, commits[0c156e3c-57cc-425b-90ef-9bcaa62a7535:c2171]
2019-06-14 13:45:46,683 DEBUG block.SCMBlockDeletingService (SCMBlockDeletingService.java:call(138)) - Running DeletedBlockTransactionScanner
2019-06-14 13:45:46,684 DEBUG block.SCMBlockDeletingService (SCMBlockDeletingService.java:call(155)) - Scanned deleted blocks log and got 0 delTX to process.
2019-06-14 13:45:46,700 INFO  client.GrpcClientProtocolClient (GrpcClientProtocolClient.java:onNext(254)) - client-E0FA40453D59->0c156e3c-57cc-425b-90ef-9bcaa62a7535: receive RaftClientReply:client-E0FA40453D59->0c156e3c-57cc-425b-90ef-9bcaa62a7535@group-7704A457760D, cid=1265, SUCCESS, logIndex=2172, commits[0c156e3c-57cc-425b-90ef-9bcaa62a7535:c2172]
2019-06-14 13:45:46,707 INFO  client.GrpcClientProtocolClient (GrpcClientProtocolClient.java:onNext(254)) - client-E0FA40453D59->0c156e3c-57cc-425b-90ef-9bcaa62a7535: receive RaftClientReply:client-E0FA40453D59->0c156e3c-57cc-425b-90ef-9bcaa62a7535@group-7704A457760D, cid=1266, SUCCESS, logIndex=2174, commits[0c156e3c-57cc-425b-90ef-9bcaa62a7535:c2176]
2019-06-14 13:45:46,708 INFO  client.GrpcClientProtocolClient (GrpcClientProtocolClient.java:onNext(254)) - client-E0FA40453D59->0c156e3c-57cc-425b-90ef-9bcaa62a7535: receive RaftClientReply:client-E0FA40453D59->0c156e3c-57cc-425b-90ef-9bcaa62a7535@group-7704A457760D, cid=1267, SUCCESS, logIndex=2175, commits[0c156e3c-57cc-425b-90ef-9bcaa62a7535:c2176]
2019-06-14 13:45:46,708 INFO  client.GrpcClientProtocolClient (GrpcClientProtocolClient.java:onNext(254)) - client-E0FA40453D59->0c156e3c-57cc-425b-90ef-9bcaa62a7535: receive RaftClientReply:client-E0FA40453D59->0c156e3c-57cc-425b-90ef-9bcaa62a7535@group-7704A457760D, cid=1268, SUCCESS, logIndex=2176, commits[0c156e3c-57cc-425b-90ef-9bcaa62a7535:c2176]
2019-06-14 13:45:46,717 INFO  client.GrpcClientProtocolClient (GrpcClientProtocolClient.java:onNext(254)) - client-E0FA40453D59->0c156e3c-57cc-425b-90ef-9bcaa62a7535: receive RaftClientReply:client-E0FA40453D59->0c156e3c-57cc-425b-90ef-9bcaa62a7535@group-7704A457760D, cid=1269, SUCCESS, logIndex=2178, commits[0c156e3c-57cc-425b-90ef-9bcaa62a7535:c2178]
2019-06-14 13:45:46,719 INFO  client.GrpcClientProtocolClient (GrpcClientProtocolClient.java:onNext(254)) - client-E0FA40453D59->0c156e3c-57cc-425b-90ef-9bcaa62a7535: receive RaftClientReply:client-E0FA40453D59->0c156e3c-57cc-425b-90ef-9bcaa62a7535@group-7704A457760D, cid=1270, SUCCESS, logIndex=2180, commits[0c156e3c-57cc-425b-90ef-9bcaa62a7535:c2180]
2019-06-14 13:45:46,720 INFO  client.GrpcClientProtocolClient (GrpcClientProtocolClient.java:onNext(254)) - client-E0FA40453D59->0c156e3c-57cc-425b-90ef-9bcaa62a7535: receive RaftClientReply:client-E0FA40453D59->0c156e3c-57cc-425b-90ef-9bcaa62a7535@group-7704A457760D, cid=1271, SUCCESS, logIndex=2181, commits[0c156e3c-57cc-425b-90ef-9bcaa62a7535:c2183]
2019-06-14 13:45:46,721 INFO  client.GrpcClientProtocolClient (GrpcClientProtocolClient.java:onNext(254)) - client-E0FA40453D59->0c156e3c-57cc-425b-90ef-9bcaa62a7535: receive RaftClientReply:client-E0FA40453D59->0c156e3c-57cc-425b-90ef-9bcaa62a7535@group-7704A457760D, cid=1272, SUCCESS, logIndex=2182, commits[0c156e3c-57cc-425b-90ef-9bcaa62a7535:c2183]
2019-06-14 13:45:46,731 INFO  client.GrpcClientProtocolClient (GrpcClientProtocolClient.java:onNext(254)) - client-E0FA40453D59->0c156e3c-57cc-425b-90ef-9bcaa62a7535: receive RaftClientReply:client-E0FA40453D59->0c156e3c-57cc-425b-90ef-9bcaa62a7535@group-7704A457760D, cid=1273, SUCCESS, logIndex=2184, commits[0c156e3c-57cc-425b-90ef-9bcaa62a7535:c2184]
2019-06-14 13:45:46,733 INFO  client.GrpcClientProtocolClient (GrpcClientProtocolClient.java:onNext(254)) - client-E0FA40453D59->0c156e3c-57cc-425b-90ef-9bcaa62a7535: receive RaftClientReply:client-E0FA40453D59->0c156e3c-57cc-425b-90ef-9bcaa62a7535@group-7704A457760D, cid=1274, SUCCESS, logIndex=2186, commits[0c156e3c-57cc-425b-90ef-9bcaa62a7535:c2186]
2019-06-14 13:45:46,736 INFO  client.GrpcClientProtocolClient (GrpcClientProtocolClient.java:onNext(254)) - client-E0FA40453D59->0c156e3c-57cc-425b-90ef-9bcaa62a7535: receive RaftClientReply:client-E0FA40453D59->0c156e3c-57cc-425b-90ef-9bcaa62a7535@group-7704A457760D, cid=1275, SUCCESS, logIndex=2187, commits[0c156e3c-57cc-425b-90ef-9bcaa62a7535:c2189]
2019-06-14 13:45:46,737 INFO  client.GrpcClientProtocolClient (GrpcClientProtocolClient.java:onNext(254)) - client-E0FA40453D59->0c156e3c-57cc-425b-90ef-9bcaa62a7535: receive RaftClientReply:client-E0FA40453D59->0c156e3c-57cc-425b-90ef-9bcaa62a7535@group-7704A457760D, cid=1276, SUCCESS, logIndex=2188, commits[0c156e3c-57cc-425b-90ef-9bcaa62a7535:c2189]
2019-06-14 13:45:46,743 INFO  client.GrpcClientProtocolClient (GrpcClientProtocolClient.java:onNext(254)) - client-E0FA40453D59->0c156e3c-57cc-425b-90ef-9bcaa62a7535: receive RaftClientReply:client-E0FA40453D59->0c156e3c-57cc-425b-90ef-9bcaa62a7535@group-7704A457760D, cid=1277, SUCCESS, logIndex=2190, commits[0c156e3c-57cc-425b-90ef-9bcaa62a7535:c2190]
2019-06-14 13:45:46,749 INFO  client.GrpcClientProtocolClient (GrpcClientProtocolClient.java:onNext(254)) - client-E0FA40453D59->0c156e3c-57cc-425b-90ef-9bcaa62a7535: receive RaftClientReply:client-E0FA40453D59->0c156e3c-57cc-425b-90ef-9bcaa62a7535@group-7704A457760D, cid=1278, SUCCESS, logIndex=2192, commits[0c156e3c-57cc-425b-90ef-9bcaa62a7535:c2193]
2019-06-14 13:45:46,750 INFO  client.GrpcClientProtocolClient (GrpcClientProtocolClient.java:onNext(254)) - client-E0FA40453D59->0c156e3c-57cc-425b-90ef-9bcaa62a7535: receive RaftClientReply:client-E0FA40453D59->0c156e3c-57cc-425b-90ef-9bcaa62a7535@group-7704A457760D, cid=1279, SUCCESS, logIndex=2193, commits[0c156e3c-57cc-425b-90ef-9bcaa62a7535:c2193]
2019-06-14 13:45:46,754 INFO  client.GrpcClientProtocolClient (GrpcClientProtocolClient.java:onNext(254)) - client-E0FA40453D59->0c156e3c-57cc-425b-90ef-9bcaa62a7535: receive RaftClientReply:client-E0FA40453D59->0c156e3c-57cc-425b-90ef-9bcaa62a7535@group-7704A457760D, cid=1280, SUCCESS, logIndex=2195, commits[0c156e3c-57cc-425b-90ef-9bcaa62a7535:c2195]
2019-06-14 13:45:46,784 DEBUG block.SCMBlockDeletingService (SCMBlockDeletingService.java:call(138)) - Running DeletedBlockTransactionScanner
2019-06-14 13:45:46,784 DEBUG block.SCMBlockDeletingService (SCMBlockDeletingService.java:call(155)) - Scanned deleted blocks log and got 0 delTX to process.
2019-06-14 13:45:46,849 INFO  client.GrpcClientProtocolClient (GrpcClientProtocolClient.java:onNext(254)) - client-E0FA40453D59->0c156e3c-57cc-425b-90ef-9bcaa62a7535: receive RaftClientReply:client-E0FA40453D59->0c156e3c-57cc-425b-90ef-9bcaa62a7535@group-7704A457760D, cid=1281, SUCCESS, logIndex=2197, commits[0c156e3c-57cc-425b-90ef-9bcaa62a7535:c2197]
2019-06-14 13:45:46,853 INFO  client.GrpcClientProtocolClient (GrpcClientProtocolClient.java:onNext(254)) - client-E0FA40453D59->0c156e3c-57cc-425b-90ef-9bcaa62a7535: receive RaftClientReply:client-E0FA40453D59->0c156e3c-57cc-425b-90ef-9bcaa62a7535@group-7704A457760D, cid=1282, SUCCESS, logIndex=2199, commits[0c156e3c-57cc-425b-90ef-9bcaa62a7535:c2200]
2019-06-14 13:45:46,854 INFO  client.GrpcClientProtocolClient (GrpcClientProtocolClient.java:onNext(254)) - client-E0FA40453D59->0c156e3c-57cc-425b-90ef-9bcaa62a7535: receive RaftClientReply:client-E0FA40453D59->0c156e3c-57cc-425b-90ef-9bcaa62a7535@group-7704A457760D, cid=1283, SUCCESS, logIndex=2200, commits[0c156e3c-57cc-425b-90ef-9bcaa62a7535:c2200]
2019-06-14 13:45:46,854 INFO  client.GrpcClientProtocolClient (GrpcClientProtocolClient.java:onNext(254)) - client-E0FA40453D59->0c156e3c-57cc-425b-90ef-9bcaa62a7535: receive RaftClientReply:client-E0FA40453D59->0c156e3c-57cc-425b-90ef-9bcaa62a7535@group-7704A457760D, cid=1284, SUCCESS, logIndex=2202, commits[0c156e3c-57cc-425b-90ef-9bcaa62a7535:c2203]
2019-06-14 13:45:46,864 INFO  storage.RaftLogWorker (RaftLogWorker.java:rollLogSegment(303)) - 0c156e3c-57cc-425b-90ef-9bcaa62a7535-RaftLogWorker: Rolling segment log-2135_2205 to index:2205
2019-06-14 13:45:46,865 INFO  client.GrpcClientProtocolClient (GrpcClientProtocolClient.java:onNext(254)) - client-E0FA40453D59->0c156e3c-57cc-425b-90ef-9bcaa62a7535: receive RaftClientReply:client-E0FA40453D59->0c156e3c-57cc-425b-90ef-9bcaa62a7535@group-7704A457760D, cid=1285, SUCCESS, logIndex=2204, commits[0c156e3c-57cc-425b-90ef-9bcaa62a7535:c2204]
2019-06-14 13:45:46,865 INFO  storage.RaftLogWorker (RaftLogWorker.java:execute(433)) - 0c156e3c-57cc-425b-90ef-9bcaa62a7535-RaftLogWorker: Rolled log segment from /opt/src/hadoop-ozone/integration-test/target/test-dir/MiniOzoneClusterImpl-8919240e-7e15-4dbf-8bf4-c210578586bb/datanode-0/data/ratis/1fc53845-3381-4beb-82f9-7704a457760d/current/log_inprogress_2135 to /opt/src/hadoop-ozone/integration-test/target/test-dir/MiniOzoneClusterImpl-8919240e-7e15-4dbf-8bf4-c210578586bb/datanode-0/data/ratis/1fc53845-3381-4beb-82f9-7704a457760d/current/log_2135-2205
2019-06-14 13:45:46,885 DEBUG block.SCMBlockDeletingService (SCMBlockDeletingService.java:call(138)) - Running DeletedBlockTransactionScanner
2019-06-14 13:45:46,885 DEBUG block.SCMBlockDeletingService (SCMBlockDeletingService.java:call(155)) - Scanned deleted blocks log and got 0 delTX to process.
2019-06-14 13:45:46,901 INFO  storage.RaftLogWorker (RaftLogWorker.java:execute(469)) - 0c156e3c-57cc-425b-90ef-9bcaa62a7535-RaftLogWorker: created new log segment /opt/src/hadoop-ozone/integration-test/target/test-dir/MiniOzoneClusterImpl-8919240e-7e15-4dbf-8bf4-c210578586bb/datanode-0/data/ratis/1fc53845-3381-4beb-82f9-7704a457760d/current/log_inprogress_2206
2019-06-14 13:45:46,904 INFO  client.GrpcClientProtocolClient (GrpcClientProtocolClient.java:onNext(254)) - client-E0FA40453D59->0c156e3c-57cc-425b-90ef-9bcaa62a7535: receive RaftClientReply:client-E0FA40453D59->0c156e3c-57cc-425b-90ef-9bcaa62a7535@group-7704A457760D, cid=1286, SUCCESS, logIndex=2206, commits[0c156e3c-57cc-425b-90ef-9bcaa62a7535:c2206]
2019-06-14 13:45:46,906 INFO  client.GrpcClientProtocolClient (GrpcClientProtocolClient.java:onNext(254)) - client-E0FA40453D59->0c156e3c-57cc-425b-90ef-9bcaa62a7535: receive RaftClientReply:client-E0FA40453D59->0c156e3c-57cc-425b-90ef-9bcaa62a7535@group-7704A457760D, cid=1287, SUCCESS, logIndex=2208, commits[0c156e3c-57cc-425b-90ef-9bcaa62a7535:c2209]
2019-06-14 13:45:46,906 INFO  client.GrpcClientProtocolClient (GrpcClientProtocolClient.java:onNext(254)) - client-E0FA40453D59->0c156e3c-57cc-425b-90ef-9bcaa62a7535: receive RaftClientReply:client-E0FA40453D59->0c156e3c-57cc-425b-90ef-9bcaa62a7535@group-7704A457760D, cid=1288, SUCCESS, logIndex=2209, commits[0c156e3c-57cc-425b-90ef-9bcaa62a7535:c2209]
2019-06-14 13:45:46,916 INFO  client.GrpcClientProtocolClient (GrpcClientProtocolClient.java:onNext(254)) - client-E0FA40453D59->0c156e3c-57cc-425b-90ef-9bcaa62a7535: receive RaftClientReply:client-E0FA40453D59->0c156e3c-57cc-425b-90ef-9bcaa62a7535@group-7704A457760D, cid=1289, SUCCESS, logIndex=2211, commits[0c156e3c-57cc-425b-90ef-9bcaa62a7535:c2211]
2019-06-14 13:45:46,917 INFO  client.GrpcClientProtocolClient (GrpcClientProtocolClient.java:onNext(254)) - client-E0FA40453D59->0c156e3c-57cc-425b-90ef-9bcaa62a7535: receive RaftClientReply:client-E0FA40453D59->0c156e3c-57cc-425b-90ef-9bcaa62a7535@group-7704A457760D, cid=1290, SUCCESS, logIndex=2213, commits[0c156e3c-57cc-425b-90ef-9bcaa62a7535:c2213]
2019-06-14 13:45:46,920 INFO  client.GrpcClientProtocolClient (GrpcClientProtocolClient.java:onNext(254)) - client-E0FA40453D59->0c156e3c-57cc-425b-90ef-9bcaa62a7535: receive RaftClientReply:client-E0FA40453D59->0c156e3c-57cc-425b-90ef-9bcaa62a7535@group-7704A457760D, cid=1291, SUCCESS, logIndex=2215, commits[0c156e3c-57cc-425b-90ef-9bcaa62a7535:c2216]
2019-06-14 13:45:46,920 INFO  client.GrpcClientProtocolClient (GrpcClientProtocolClient.java:onNext(254)) - client-E0FA40453D59->0c156e3c-57cc-425b-90ef-9bcaa62a7535: receive RaftClientReply:client-E0FA40453D59->0c156e3c-57cc-425b-90ef-9bcaa62a7535@group-7704A457760D, cid=1292, SUCCESS, logIndex=2216, commits[0c156e3c-57cc-425b-90ef-9bcaa62a7535:c2216]
2019-06-14 13:45:46,926 INFO  client.GrpcClientProtocolClient (GrpcClientProtocolClient.java:onNext(254)) - client-E0FA40453D59->0c156e3c-57cc-425b-90ef-9bcaa62a7535: receive RaftClientReply:client-E0FA40453D59->0c156e3c-57cc-425b-90ef-9bcaa62a7535@group-7704A457760D, cid=1293, SUCCESS, logIndex=2218, commits[0c156e3c-57cc-425b-90ef-9bcaa62a7535:c2218]
2019-06-14 13:45:46,927 INFO  client.GrpcClientProtocolClient (GrpcClientProtocolClient.java:onNext(254)) - client-E0FA40453D59->0c156e3c-57cc-425b-90ef-9bcaa62a7535: receive RaftClientReply:client-E0FA40453D59->0c156e3c-57cc-425b-90ef-9bcaa62a7535@group-7704A457760D, cid=1294, SUCCESS, logIndex=2220, commits[0c156e3c-57cc-425b-90ef-9bcaa62a7535:c2220]
2019-06-14 13:45:46,929 INFO  client.GrpcClientProtocolClient (GrpcClientProtocolClient.java:onNext(254)) - client-E0FA40453D59->0c156e3c-57cc-425b-90ef-9bcaa62a7535: receive RaftClientReply:client-E0FA40453D59->0c156e3c-57cc-425b-90ef-9bcaa62a7535@group-7704A457760D, cid=1295, SUCCESS, logIndex=2221, commits[0c156e3c-57cc-425b-90ef-9bcaa62a7535:c2223]
2019-06-14 13:45:46,929 INFO  client.GrpcClientProtocolClient (GrpcClientProtocolClient.java:onNext(254)) - client-E0FA40453D59->0c156e3c-57cc-425b-90ef-9bcaa62a7535: receive RaftClientReply:client-E0FA40453D59->0c156e3c-57cc-425b-90ef-9bcaa62a7535@group-7704A457760D, cid=1296, SUCCESS, logIndex=2222, commits[0c156e3c-57cc-425b-90ef-9bcaa62a7535:c2223]
2019-06-14 13:45:46,941 INFO  client.GrpcClientProtocolClient (GrpcClientProtocolClient.java:onNext(254)) - client-E0FA40453D59->0c156e3c-57cc-425b-90ef-9bcaa62a7535: receive RaftClientReply:client-E0FA40453D59->0c156e3c-57cc-425b-90ef-9bcaa62a7535@group-7704A457760D, cid=1297, SUCCESS, logIndex=2224, commits[0c156e3c-57cc-425b-90ef-9bcaa62a7535:c2224]
2019-06-14 13:45:46,946 INFO  client.GrpcClientProtocolClient (GrpcClientProtocolClient.java:onNext(254)) - client-E0FA40453D59->0c156e3c-57cc-425b-90ef-9bcaa62a7535: receive RaftClientReply:client-E0FA40453D59->0c156e3c-57cc-425b-90ef-9bcaa62a7535@group-7704A457760D, cid=1298, SUCCESS, logIndex=2226, commits[0c156e3c-57cc-425b-90ef-9bcaa62a7535:c2228]
2019-06-14 13:45:46,947 INFO  client.GrpcClientProtocolClient (GrpcClientProtocolClient.java:onNext(254)) - client-E0FA40453D59->0c156e3c-57cc-425b-90ef-9bcaa62a7535: receive RaftClientReply:client-E0FA40453D59->0c156e3c-57cc-425b-90ef-9bcaa62a7535@group-7704A457760D, cid=1299, SUCCESS, logIndex=2227, commits[0c156e3c-57cc-425b-90ef-9bcaa62a7535:c2228]
2019-06-14 13:45:46,947 INFO  client.GrpcClientProtocolClient (GrpcClientProtocolClient.java:onNext(254)) - client-E0FA40453D59->0c156e3c-57cc-425b-90ef-9bcaa62a7535: receive RaftClientReply:client-E0FA40453D59->0c156e3c-57cc-425b-90ef-9bcaa62a7535@group-7704A457760D, cid=1300, SUCCESS, logIndex=2228, commits[0c156e3c-57cc-425b-90ef-9bcaa62a7535:c2229]
2019-06-14 13:45:46,953 INFO  client.GrpcClientProtocolClient (GrpcClientProtocolClient.java:onNext(254)) - client-E0FA40453D59->0c156e3c-57cc-425b-90ef-9bcaa62a7535: receive RaftClientReply:client-E0FA40453D59->0c156e3c-57cc-425b-90ef-9bcaa62a7535@group-7704A457760D, cid=1301, SUCCESS, logIndex=2230, commits[0c156e3c-57cc-425b-90ef-9bcaa62a7535:c2230]
2019-06-14 13:45:46,954 INFO  client.GrpcClientProtocolClient (GrpcClientProtocolClient.java:onNext(254)) - client-E0FA40453D59->0c156e3c-57cc-425b-90ef-9bcaa62a7535: receive RaftClientReply:client-E0FA40453D59->0c156e3c-57cc-425b-90ef-9bcaa62a7535@group-7704A457760D, cid=1302, SUCCESS, logIndex=2232, commits[0c156e3c-57cc-425b-90ef-9bcaa62a7535:c2232]
2019-06-14 13:45:46,958 INFO  client.GrpcClientProtocolClient (GrpcClientProtocolClient.java:onNext(254)) - client-E0FA40453D59->0c156e3c-57cc-425b-90ef-9bcaa62a7535: receive RaftClientReply:client-E0FA40453D59->0c156e3c-57cc-425b-90ef-9bcaa62a7535@group-7704A457760D, cid=1303, SUCCESS, logIndex=2233, commits[0c156e3c-57cc-425b-90ef-9bcaa62a7535:c2235]
2019-06-14 13:45:46,958 INFO  client.GrpcClientProtocolClient (GrpcClientProtocolClient.java:onNext(254)) - client-E0FA40453D59->0c156e3c-57cc-425b-90ef-9bcaa62a7535: receive RaftClientReply:client-E0FA40453D59->0c156e3c-57cc-425b-90ef-9bcaa62a7535@group-7704A457760D, cid=1304, SUCCESS, logIndex=2234, commits[0c156e3c-57cc-425b-90ef-9bcaa62a7535:c2235]
2019-06-14 13:45:46,971 INFO  client.GrpcClientProtocolClient (GrpcClientProtocolClient.java:onNext(254)) - client-E0FA40453D59->0c156e3c-57cc-425b-90ef-9bcaa62a7535: receive RaftClientReply:client-E0FA40453D59->0c156e3c-57cc-425b-90ef-9bcaa62a7535@group-7704A457760D, cid=1305, SUCCESS, logIndex=2236, commits[0c156e3c-57cc-425b-90ef-9bcaa62a7535:c2237]
2019-06-14 13:45:46,975 INFO  client.GrpcClientProtocolClient (GrpcClientProtocolClient.java:onNext(254)) - client-E0FA40453D59->0c156e3c-57cc-425b-90ef-9bcaa62a7535: receive RaftClientReply:client-E0FA40453D59->0c156e3c-57cc-425b-90ef-9bcaa62a7535@group-7704A457760D, cid=1306, SUCCESS, logIndex=2238, commits[0c156e3c-57cc-425b-90ef-9bcaa62a7535:c2238]
2019-06-14 13:45:46,978 INFO  client.GrpcClientProtocolClient (GrpcClientProtocolClient.java:onNext(254)) - client-E0FA40453D59->0c156e3c-57cc-425b-90ef-9bcaa62a7535: receive RaftClientReply:client-E0FA40453D59->0c156e3c-57cc-425b-90ef-9bcaa62a7535@group-7704A457760D, cid=1307, SUCCESS, logIndex=2239, commits[0c156e3c-57cc-425b-90ef-9bcaa62a7535:c2241]
2019-06-14 13:45:46,978 INFO  client.GrpcClientProtocolClient (GrpcClientProtocolClient.java:onNext(254)) - client-E0FA40453D59->0c156e3c-57cc-425b-90ef-9bcaa62a7535: receive RaftClientReply:client-E0FA40453D59->0c156e3c-57cc-425b-90ef-9bcaa62a7535@group-7704A457760D, cid=1308, SUCCESS, logIndex=2240, commits[0c156e3c-57cc-425b-90ef-9bcaa62a7535:c2241]
2019-06-14 13:45:46,985 DEBUG block.SCMBlockDeletingService (SCMBlockDeletingService.java:call(138)) - Running DeletedBlockTransactionScanner
2019-06-14 13:45:46,985 DEBUG block.SCMBlockDeletingService (SCMBlockDeletingService.java:call(155)) - Scanned deleted blocks log and got 0 delTX to process.
2019-06-14 13:45:46,987 INFO  client.GrpcClientProtocolClient (GrpcClientProtocolClient.java:onNext(254)) - client-E0FA40453D59->0c156e3c-57cc-425b-90ef-9bcaa62a7535: receive RaftClientReply:client-E0FA40453D59->0c156e3c-57cc-425b-90ef-9bcaa62a7535@group-7704A457760D, cid=1309, SUCCESS, logIndex=2242, commits[0c156e3c-57cc-425b-90ef-9bcaa62a7535:c2242]
2019-06-14 13:45:46,991 INFO  client.GrpcClientProtocolClient (GrpcClientProtocolClient.java:onNext(254)) - client-E0FA40453D59->0c156e3c-57cc-425b-90ef-9bcaa62a7535: receive RaftClientReply:client-E0FA40453D59->0c156e3c-57cc-425b-90ef-9bcaa62a7535@group-7704A457760D, cid=1310, SUCCESS, logIndex=2244, commits[0c156e3c-57cc-425b-90ef-9bcaa62a7535:c2247]
2019-06-14 13:45:46,991 INFO  client.GrpcClientProtocolClient (GrpcClientProtocolClient.java:onNext(254)) - client-E0FA40453D59->0c156e3c-57cc-425b-90ef-9bcaa62a7535: receive RaftClientReply:client-E0FA40453D59->0c156e3c-57cc-425b-90ef-9bcaa62a7535@group-7704A457760D, cid=1311, SUCCESS, logIndex=2245, commits[0c156e3c-57cc-425b-90ef-9bcaa62a7535:c2248]
2019-06-14 13:45:46,992 INFO  client.GrpcClientProtocolClient (GrpcClientProtocolClient.java:onNext(254)) - client-E0FA40453D59->0c156e3c-57cc-425b-90ef-9bcaa62a7535: receive RaftClientReply:client-E0FA40453D59->0c156e3c-57cc-425b-90ef-9bcaa62a7535@group-7704A457760D, cid=1312, SUCCESS, logIndex=2246, commits[0c156e3c-57cc-425b-90ef-9bcaa62a7535:c2248]
2019-06-14 13:45:47,013 INFO  client.GrpcClientProtocolClient (GrpcClientProtocolClient.java:onNext(254)) - client-E0FA40453D59->0c156e3c-57cc-425b-90ef-9bcaa62a7535: receive RaftClientReply:client-E0FA40453D59->0c156e3c-57cc-425b-90ef-9bcaa62a7535@group-7704A457760D, cid=1313, SUCCESS, logIndex=2249, commits[0c156e3c-57cc-425b-90ef-9bcaa62a7535:c2249]
2019-06-14 13:45:47,019 INFO  client.GrpcClientProtocolClient (GrpcClientProtocolClient.java:onNext(254)) - client-E0FA40453D59->0c156e3c-57cc-425b-90ef-9bcaa62a7535: receive RaftClientReply:client-E0FA40453D59->0c156e3c-57cc-425b-90ef-9bcaa62a7535@group-7704A457760D, cid=1314, SUCCESS, logIndex=2251, commits[0c156e3c-57cc-425b-90ef-9bcaa62a7535:c2252]
2019-06-14 13:45:47,020 INFO  client.GrpcClientProtocolClient (GrpcClientProtocolClient.java:onNext(254)) - client-E0FA40453D59->0c156e3c-57cc-425b-90ef-9bcaa62a7535: receive RaftClientReply:client-E0FA40453D59->0c156e3c-57cc-425b-90ef-9bcaa62a7535@group-7704A457760D, cid=1315, SUCCESS, logIndex=2253, commits[0c156e3c-57cc-425b-90ef-9bcaa62a7535:c2254]
2019-06-14 13:45:47,021 INFO  client.GrpcClientProtocolClient (GrpcClientProtocolClient.java:onNext(254)) - client-E0FA40453D59->0c156e3c-57cc-425b-90ef-9bcaa62a7535: receive RaftClientReply:client-E0FA40453D59->0c156e3c-57cc-425b-90ef-9bcaa62a7535@group-7704A457760D, cid=1316, SUCCESS, logIndex=2254, commits[0c156e3c-57cc-425b-90ef-9bcaa62a7535:c2254]
2019-06-14 13:45:47,029 INFO  client.GrpcClientProtocolClient (GrpcClientProtocolClient.java:onNext(254)) - client-E0FA40453D59->0c156e3c-57cc-425b-90ef-9bcaa62a7535: receive RaftClientReply:client-E0FA40453D59->0c156e3c-57cc-425b-90ef-9bcaa62a7535@group-7704A457760D, cid=1317, SUCCESS, logIndex=2256, commits[0c156e3c-57cc-425b-90ef-9bcaa62a7535:c2256]
2019-06-14 13:45:47,029 INFO  client.GrpcClientProtocolClient (GrpcClientProtocolClient.java:onNext(254)) - client-E0FA40453D59->0c156e3c-57cc-425b-90ef-9bcaa62a7535: receive RaftClientReply:client-E0FA40453D59->0c156e3c-57cc-425b-90ef-9bcaa62a7535@group-7704A457760D, cid=1318, SUCCESS, logIndex=2258, commits[0c156e3c-57cc-425b-90ef-9bcaa62a7535:c2258]
2019-06-14 13:45:47,032 INFO  client.GrpcClientProtocolClient (GrpcClientProtocolClient.java:onNext(254)) - client-E0FA40453D59->0c156e3c-57cc-425b-90ef-9bcaa62a7535: receive RaftClientReply:client-E0FA40453D59->0c156e3c-57cc-425b-90ef-9bcaa62a7535@group-7704A457760D, cid=1319, SUCCESS, logIndex=2260, commits[0c156e3c-57cc-425b-90ef-9bcaa62a7535:c2260]
2019-06-14 13:45:47,034 INFO  client.GrpcClientProtocolClient (GrpcClientProtocolClient.java:onNext(254)) - client-E0FA40453D59->0c156e3c-57cc-425b-90ef-9bcaa62a7535: receive RaftClientReply:client-E0FA40453D59->0c156e3c-57cc-425b-90ef-9bcaa62a7535@group-7704A457760D, cid=1320, SUCCESS, logIndex=2262, commits[0c156e3c-57cc-425b-90ef-9bcaa62a7535:c2263]
2019-06-14 13:45:47,045 INFO  client.GrpcClientProtocolClient (GrpcClientProtocolClient.java:onNext(254)) - client-E0FA40453D59->0c156e3c-57cc-425b-90ef-9bcaa62a7535: receive RaftClientReply:client-E0FA40453D59->0c156e3c-57cc-425b-90ef-9bcaa62a7535@group-7704A457760D, cid=1321, SUCCESS, logIndex=2264, commits[0c156e3c-57cc-425b-90ef-9bcaa62a7535:c2264]
2019-06-14 13:45:47,052 INFO  client.GrpcClientProtocolClient (GrpcClientProtocolClient.java:onNext(254)) - client-E0FA40453D59->0c156e3c-57cc-425b-90ef-9bcaa62a7535: receive RaftClientReply:client-E0FA40453D59->0c156e3c-57cc-425b-90ef-9bcaa62a7535@group-7704A457760D, cid=1322, SUCCESS, logIndex=2266, commits[0c156e3c-57cc-425b-90ef-9bcaa62a7535:c2268]
2019-06-14 13:45:47,053 INFO  client.GrpcClientProtocolClient (GrpcClientProtocolClient.java:onNext(254)) - client-E0FA40453D59->0c156e3c-57cc-425b-90ef-9bcaa62a7535: receive RaftClientReply:client-E0FA40453D59->0c156e3c-57cc-425b-90ef-9bcaa62a7535@group-7704A457760D, cid=1323, SUCCESS, logIndex=2267, commits[0c156e3c-57cc-425b-90ef-9bcaa62a7535:c2268]
2019-06-14 13:45:47,053 INFO  client.GrpcClientProtocolClient (GrpcClientProtocolClient.java:onNext(254)) - client-E0FA40453D59->0c156e3c-57cc-425b-90ef-9bcaa62a7535: receive RaftClientReply:client-E0FA40453D59->0c156e3c-57cc-425b-90ef-9bcaa62a7535@group-7704A457760D, cid=1324, SUCCESS, logIndex=2268, commits[0c156e3c-57cc-425b-90ef-9bcaa62a7535:c2269]
2019-06-14 13:45:47,060 INFO  client.GrpcClientProtocolClient (GrpcClientProtocolClient.java:onNext(254)) - client-E0FA40453D59->0c156e3c-57cc-425b-90ef-9bcaa62a7535: receive RaftClientReply:client-E0FA40453D59->0c156e3c-57cc-425b-90ef-9bcaa62a7535@group-7704A457760D, cid=1325, SUCCESS, logIndex=2270, commits[0c156e3c-57cc-425b-90ef-9bcaa62a7535:c2270]
2019-06-14 13:45:47,062 INFO  client.GrpcClientProtocolClient (GrpcClientProtocolClient.java:onNext(254)) - client-E0FA40453D59->0c156e3c-57cc-425b-90ef-9bcaa62a7535: receive RaftClientReply:client-E0FA40453D59->0c156e3c-57cc-425b-90ef-9bcaa62a7535@group-7704A457760D, cid=1326, SUCCESS, logIndex=2272, commits[0c156e3c-57cc-425b-90ef-9bcaa62a7535:c2272]
2019-06-14 13:45:47,086 DEBUG block.SCMBlockDeletingService (SCMBlockDeletingService.java:call(138)) - Running DeletedBlockTransactionScanner
2019-06-14 13:45:47,086 DEBUG block.SCMBlockDeletingService (SCMBlockDeletingService.java:call(155)) - Scanned deleted blocks log and got 0 delTX to process.
2019-06-14 13:45:47,191 DEBUG block.SCMBlockDeletingService (SCMBlockDeletingService.java:call(138)) - Running DeletedBlockTransactionScanner
2019-06-14 13:45:47,192 DEBUG block.SCMBlockDeletingService (SCMBlockDeletingService.java:call(155)) - Scanned deleted blocks log and got 0 delTX to process.
2019-06-14 13:45:47,202 INFO  client.GrpcClientProtocolClient (GrpcClientProtocolClient.java:onNext(254)) - client-E0FA40453D59->0c156e3c-57cc-425b-90ef-9bcaa62a7535: receive RaftClientReply:client-E0FA40453D59->0c156e3c-57cc-425b-90ef-9bcaa62a7535@group-7704A457760D, cid=1327, SUCCESS, logIndex=2274, commits[0c156e3c-57cc-425b-90ef-9bcaa62a7535:c2274]
2019-06-14 13:45:47,210 INFO  storage.RaftLogWorker (RaftLogWorker.java:rollLogSegment(303)) - 0c156e3c-57cc-425b-90ef-9bcaa62a7535-RaftLogWorker: Rolling segment log-2206_2275 to index:2275
2019-06-14 13:45:47,210 INFO  storage.RaftLogWorker (RaftLogWorker.java:execute(433)) - 0c156e3c-57cc-425b-90ef-9bcaa62a7535-RaftLogWorker: Rolled log segment from /opt/src/hadoop-ozone/integration-test/target/test-dir/MiniOzoneClusterImpl-8919240e-7e15-4dbf-8bf4-c210578586bb/datanode-0/data/ratis/1fc53845-3381-4beb-82f9-7704a457760d/current/log_inprogress_2206 to /opt/src/hadoop-ozone/integration-test/target/test-dir/MiniOzoneClusterImpl-8919240e-7e15-4dbf-8bf4-c210578586bb/datanode-0/data/ratis/1fc53845-3381-4beb-82f9-7704a457760d/current/log_2206-2275
2019-06-14 13:45:47,265 INFO  storage.RaftLogWorker (RaftLogWorker.java:execute(469)) - 0c156e3c-57cc-425b-90ef-9bcaa62a7535-RaftLogWorker: created new log segment /opt/src/hadoop-ozone/integration-test/target/test-dir/MiniOzoneClusterImpl-8919240e-7e15-4dbf-8bf4-c210578586bb/datanode-0/data/ratis/1fc53845-3381-4beb-82f9-7704a457760d/current/log_inprogress_2276
2019-06-14 13:45:47,268 INFO  client.GrpcClientProtocolClient (GrpcClientProtocolClient.java:onNext(254)) - client-E0FA40453D59->0c156e3c-57cc-425b-90ef-9bcaa62a7535: receive RaftClientReply:client-E0FA40453D59->0c156e3c-57cc-425b-90ef-9bcaa62a7535@group-7704A457760D, cid=1328, SUCCESS, logIndex=2276, commits[0c156e3c-57cc-425b-90ef-9bcaa62a7535:c2276]
2019-06-14 13:45:47,282 INFO  client.GrpcClientProtocolClient (GrpcClientProtocolClient.java:onNext(254)) - client-E0FA40453D59->0c156e3c-57cc-425b-90ef-9bcaa62a7535: receive RaftClientReply:client-E0FA40453D59->0c156e3c-57cc-425b-90ef-9bcaa62a7535@group-7704A457760D, cid=1329, SUCCESS, logIndex=2278, commits[0c156e3c-57cc-425b-90ef-9bcaa62a7535:c2278]
2019-06-14 13:45:47,284 INFO  client.GrpcClientProtocolClient (GrpcClientProtocolClient.java:onNext(254)) - client-E0FA40453D59->0c156e3c-57cc-425b-90ef-9bcaa62a7535: receive RaftClientReply:client-E0FA40453D59->0c156e3c-57cc-425b-90ef-9bcaa62a7535@group-7704A457760D, cid=1330, SUCCESS, logIndex=2280, commits[0c156e3c-57cc-425b-90ef-9bcaa62a7535:c2280]
2019-06-14 13:45:47,287 INFO  client.GrpcClientProtocolClient (GrpcClientProtocolClient.java:onNext(254)) - client-E0FA40453D59->0c156e3c-57cc-425b-90ef-9bcaa62a7535: receive RaftClientReply:client-E0FA40453D59->0c156e3c-57cc-425b-90ef-9bcaa62a7535@group-7704A457760D, cid=1331, SUCCESS, logIndex=2282, commits[0c156e3c-57cc-425b-90ef-9bcaa62a7535:c2282]
2019-06-14 13:45:47,291 INFO  client.GrpcClientProtocolClient (GrpcClientProtocolClient.java:onNext(254)) - client-E0FA40453D59->0c156e3c-57cc-425b-90ef-9bcaa62a7535: receive RaftClientReply:client-E0FA40453D59->0c156e3c-57cc-425b-90ef-9bcaa62a7535@group-7704A457760D, cid=1332, SUCCESS, logIndex=2284, commits[0c156e3c-57cc-425b-90ef-9bcaa62a7535:c2284]
2019-06-14 13:45:47,295 DEBUG block.SCMBlockDeletingService (SCMBlockDeletingService.java:call(138)) - Running DeletedBlockTransactionScanner
2019-06-14 13:45:47,295 DEBUG block.SCMBlockDeletingService (SCMBlockDeletingService.java:call(155)) - Scanned deleted blocks log and got 0 delTX to process.
2019-06-14 13:45:47,300 INFO  client.GrpcClientProtocolClient (GrpcClientProtocolClient.java:onNext(254)) - client-E0FA40453D59->0c156e3c-57cc-425b-90ef-9bcaa62a7535: receive RaftClientReply:client-E0FA40453D59->0c156e3c-57cc-425b-90ef-9bcaa62a7535@group-7704A457760D, cid=1333, SUCCESS, logIndex=2286, commits[0c156e3c-57cc-425b-90ef-9bcaa62a7535:c2286]
2019-06-14 13:45:47,304 INFO  client.GrpcClientProtocolClient (GrpcClientProtocolClient.java:onNext(254)) - client-E0FA40453D59->0c156e3c-57cc-425b-90ef-9bcaa62a7535: receive RaftClientReply:client-E0FA40453D59->0c156e3c-57cc-425b-90ef-9bcaa62a7535@group-7704A457760D, cid=1334, SUCCESS, logIndex=2288, commits[0c156e3c-57cc-425b-90ef-9bcaa62a7535:c2288]
2019-06-14 13:45:47,305 INFO  client.GrpcClientProtocolClient (GrpcClientProtocolClient.java:onNext(254)) - client-E0FA40453D59->0c156e3c-57cc-425b-90ef-9bcaa62a7535: receive RaftClientReply:client-E0FA40453D59->0c156e3c-57cc-425b-90ef-9bcaa62a7535@group-7704A457760D, cid=1335, SUCCESS, logIndex=2289, commits[0c156e3c-57cc-425b-90ef-9bcaa62a7535:c2290]
2019-06-14 13:45:47,305 INFO  client.GrpcClientProtocolClient (GrpcClientProtocolClient.java:onNext(254)) - client-E0FA40453D59->0c156e3c-57cc-425b-90ef-9bcaa62a7535: receive RaftClientReply:client-E0FA40453D59->0c156e3c-57cc-425b-90ef-9bcaa62a7535@group-7704A457760D, cid=1336, SUCCESS, logIndex=2290, commits[0c156e3c-57cc-425b-90ef-9bcaa62a7535:c2290]
2019-06-14 13:45:47,321 INFO  client.GrpcClientProtocolClient (GrpcClientProtocolClient.java:onNext(254)) - client-E0FA40453D59->0c156e3c-57cc-425b-90ef-9bcaa62a7535: receive RaftClientReply:client-E0FA40453D59->0c156e3c-57cc-425b-90ef-9bcaa62a7535@group-7704A457760D, cid=1337, SUCCESS, logIndex=2293, commits[0c156e3c-57cc-425b-90ef-9bcaa62a7535:c2294]
2019-06-14 13:45:47,322 INFO  client.GrpcClientProtocolClient (GrpcClientProtocolClient.java:onNext(254)) - client-E0FA40453D59->0c156e3c-57cc-425b-90ef-9bcaa62a7535: receive RaftClientReply:client-E0FA40453D59->0c156e3c-57cc-425b-90ef-9bcaa62a7535@group-7704A457760D, cid=1338, SUCCESS, logIndex=2295, commits[0c156e3c-57cc-425b-90ef-9bcaa62a7535:c2295]
2019-06-14 13:45:47,325 INFO  client.GrpcClientProtocolClient (GrpcClientProtocolClient.java:onNext(254)) - client-E0FA40453D59->0c156e3c-57cc-425b-90ef-9bcaa62a7535: receive RaftClientReply:client-E0FA40453D59->0c156e3c-57cc-425b-90ef-9bcaa62a7535@group-7704A457760D, cid=1339, SUCCESS, logIndex=2297, commits[0c156e3c-57cc-425b-90ef-9bcaa62a7535:c2297]
2019-06-14 13:45:47,326 INFO  client.GrpcClientProtocolClient (GrpcClientProtocolClient.java:onNext(254)) - client-E0FA40453D59->0c156e3c-57cc-425b-90ef-9bcaa62a7535: receive RaftClientReply:client-E0FA40453D59->0c156e3c-57cc-425b-90ef-9bcaa62a7535@group-7704A457760D, cid=1340, SUCCESS, logIndex=2299, commits[0c156e3c-57cc-425b-90ef-9bcaa62a7535:c2299]
2019-06-14 13:45:47,334 INFO  client.GrpcClientProtocolClient (GrpcClientProtocolClient.java:onNext(254)) - client-E0FA40453D59->0c156e3c-57cc-425b-90ef-9bcaa62a7535: receive RaftClientReply:client-E0FA40453D59->0c156e3c-57cc-425b-90ef-9bcaa62a7535@group-7704A457760D, cid=1341, SUCCESS, logIndex=2301, commits[0c156e3c-57cc-425b-90ef-9bcaa62a7535:c2301]
2019-06-14 13:45:47,335 INFO  client.GrpcClientProtocolClient (GrpcClientProtocolClient.java:onNext(254)) - client-E0FA40453D59->0c156e3c-57cc-425b-90ef-9bcaa62a7535: receive RaftClientReply:client-E0FA40453D59->0c156e3c-57cc-425b-90ef-9bcaa62a7535@group-7704A457760D, cid=1342, SUCCESS, logIndex=2303, commits[0c156e3c-57cc-425b-90ef-9bcaa62a7535:c2303]
2019-06-14 13:45:47,344 INFO  client.GrpcClientProtocolClient (GrpcClientProtocolClient.java:onNext(254)) - client-E0FA40453D59->0c156e3c-57cc-425b-90ef-9bcaa62a7535: receive RaftClientReply:client-E0FA40453D59->0c156e3c-57cc-425b-90ef-9bcaa62a7535@group-7704A457760D, cid=1343, SUCCESS, logIndex=2305, commits[0c156e3c-57cc-425b-90ef-9bcaa62a7535:c2305]
2019-06-14 13:45:47,345 INFO  client.GrpcClientProtocolClient (GrpcClientProtocolClient.java:onNext(254)) - client-E0FA40453D59->0c156e3c-57cc-425b-90ef-9bcaa62a7535: receive RaftClientReply:client-E0FA40453D59->0c156e3c-57cc-425b-90ef-9bcaa62a7535@group-7704A457760D, cid=1344, SUCCESS, logIndex=2307, commits[0c156e3c-57cc-425b-90ef-9bcaa62a7535:c2307]
2019-06-14 13:45:47,362 INFO  client.GrpcClientProtocolClient (GrpcClientProtocolClient.java:onNext(254)) - client-E0FA40453D59->0c156e3c-57cc-425b-90ef-9bcaa62a7535: receive RaftClientReply:client-E0FA40453D59->0c156e3c-57cc-425b-90ef-9bcaa62a7535@group-7704A457760D, cid=1345, SUCCESS, logIndex=2309, commits[0c156e3c-57cc-425b-90ef-9bcaa62a7535:c2309]
2019-06-14 13:45:47,363 INFO  client.GrpcClientProtocolClient (GrpcClientProtocolClient.java:onNext(254)) - client-E0FA40453D59->0c156e3c-57cc-425b-90ef-9bcaa62a7535: receive RaftClientReply:client-E0FA40453D59->0c156e3c-57cc-425b-90ef-9bcaa62a7535@group-7704A457760D, cid=1346, SUCCESS, logIndex=2311, commits[0c156e3c-57cc-425b-90ef-9bcaa62a7535:c2311]
2019-06-14 13:45:47,365 INFO  client.GrpcClientProtocolClient (GrpcClientProtocolClient.java:onNext(254)) - client-E0FA40453D59->0c156e3c-57cc-425b-90ef-9bcaa62a7535: receive RaftClientReply:client-E0FA40453D59->0c156e3c-57cc-425b-90ef-9bcaa62a7535@group-7704A457760D, cid=1347, SUCCESS, logIndex=2312, commits[0c156e3c-57cc-425b-90ef-9bcaa62a7535:c2314]
2019-06-14 13:45:47,370 INFO  client.GrpcClientProtocolClient (GrpcClientProtocolClient.java:onNext(254)) - client-E0FA40453D59->0c156e3c-57cc-425b-90ef-9bcaa62a7535: receive RaftClientReply:client-E0FA40453D59->0c156e3c-57cc-425b-90ef-9bcaa62a7535@group-7704A457760D, cid=1348, SUCCESS, logIndex=2313, commits[0c156e3c-57cc-425b-90ef-9bcaa62a7535:c2314]
2019-06-14 13:45:47,384 INFO  client.GrpcClientProtocolClient (GrpcClientProtocolClient.java:onNext(254)) - client-E0FA40453D59->0c156e3c-57cc-425b-90ef-9bcaa62a7535: receive RaftClientReply:client-E0FA40453D59->0c156e3c-57cc-425b-90ef-9bcaa62a7535@group-7704A457760D, cid=1349, SUCCESS, logIndex=2315, commits[0c156e3c-57cc-425b-90ef-9bcaa62a7535:c2316]
2019-06-14 13:45:47,392 INFO  client.GrpcClientProtocolClient (GrpcClientProtocolClient.java:onNext(254)) - client-E0FA40453D59->0c156e3c-57cc-425b-90ef-9bcaa62a7535: receive RaftClientReply:client-E0FA40453D59->0c156e3c-57cc-425b-90ef-9bcaa62a7535@group-7704A457760D, cid=1350, SUCCESS, logIndex=2317, commits[0c156e3c-57cc-425b-90ef-9bcaa62a7535:c2322]
2019-06-14 13:45:47,392 INFO  client.GrpcClientProtocolClient (GrpcClientProtocolClient.java:onNext(254)) - client-E0FA40453D59->0c156e3c-57cc-425b-90ef-9bcaa62a7535: receive RaftClientReply:client-E0FA40453D59->0c156e3c-57cc-425b-90ef-9bcaa62a7535@group-7704A457760D, cid=1351, SUCCESS, logIndex=2318, commits[0c156e3c-57cc-425b-90ef-9bcaa62a7535:c2322]
2019-06-14 13:45:47,395 INFO  client.GrpcClientProtocolClient (GrpcClientProtocolClient.java:onNext(254)) - client-E0FA40453D59->0c156e3c-57cc-425b-90ef-9bcaa62a7535: receive RaftClientReply:client-E0FA40453D59->0c156e3c-57cc-425b-90ef-9bcaa62a7535@group-7704A457760D, cid=1352, SUCCESS, logIndex=2320, commits[0c156e3c-57cc-425b-90ef-9bcaa62a7535:c2322]
2019-06-14 13:45:47,396 DEBUG block.SCMBlockDeletingService (SCMBlockDeletingService.java:call(138)) - Running DeletedBlockTransactionScanner
2019-06-14 13:45:47,396 DEBUG block.SCMBlockDeletingService (SCMBlockDeletingService.java:call(155)) - Scanned deleted blocks log and got 0 delTX to process.
2019-06-14 13:45:47,416 INFO  client.GrpcClientProtocolClient (GrpcClientProtocolClient.java:onNext(254)) - client-E0FA40453D59->0c156e3c-57cc-425b-90ef-9bcaa62a7535: receive RaftClientReply:client-E0FA40453D59->0c156e3c-57cc-425b-90ef-9bcaa62a7535@group-7704A457760D, cid=1353, SUCCESS, logIndex=2323, commits[0c156e3c-57cc-425b-90ef-9bcaa62a7535:c2323]
2019-06-14 13:45:47,420 INFO  client.GrpcClientProtocolClient (GrpcClientProtocolClient.java:onNext(254)) - client-E0FA40453D59->0c156e3c-57cc-425b-90ef-9bcaa62a7535: receive RaftClientReply:client-E0FA40453D59->0c156e3c-57cc-425b-90ef-9bcaa62a7535@group-7704A457760D, cid=1354, SUCCESS, logIndex=2325, commits[0c156e3c-57cc-425b-90ef-9bcaa62a7535:c2325]
2019-06-14 13:45:47,427 INFO  client.GrpcClientProtocolClient (GrpcClientProtocolClient.java:onNext(254)) - client-E0FA40453D59->0c156e3c-57cc-425b-90ef-9bcaa62a7535: receive RaftClientReply:client-E0FA40453D59->0c156e3c-57cc-425b-90ef-9bcaa62a7535@group-7704A457760D, cid=1355, SUCCESS, logIndex=2326, commits[0c156e3c-57cc-425b-90ef-9bcaa62a7535:c2328]
2019-06-14 13:45:47,434 INFO  client.GrpcClientProtocolClient (GrpcClientProtocolClient.java:onNext(254)) - client-E0FA40453D59->0c156e3c-57cc-425b-90ef-9bcaa62a7535: receive RaftClientReply:client-E0FA40453D59->0c156e3c-57cc-425b-90ef-9bcaa62a7535@group-7704A457760D, cid=1356, SUCCESS, logIndex=2327, commits[0c156e3c-57cc-425b-90ef-9bcaa62a7535:c2328]
2019-06-14 13:45:47,451 INFO  client.GrpcClientProtocolClient (GrpcClientProtocolClient.java:onNext(254)) - client-E0FA40453D59->0c156e3c-57cc-425b-90ef-9bcaa62a7535: receive RaftClientReply:client-E0FA40453D59->0c156e3c-57cc-425b-90ef-9bcaa62a7535@group-7704A457760D, cid=1357, SUCCESS, logIndex=2329, commits[0c156e3c-57cc-425b-90ef-9bcaa62a7535:c2329]
2019-06-14 13:45:47,470 INFO  client.GrpcClientProtocolClient (GrpcClientProtocolClient.java:onNext(254)) - client-E0FA40453D59->0c156e3c-57cc-425b-90ef-9bcaa62a7535: receive RaftClientReply:client-E0FA40453D59->0c156e3c-57cc-425b-90ef-9bcaa62a7535@group-7704A457760D, cid=1358, SUCCESS, logIndex=2331, commits[0c156e3c-57cc-425b-90ef-9bcaa62a7535:c2333]
2019-06-14 13:45:47,496 DEBUG block.SCMBlockDeletingService (SCMBlockDeletingService.java:call(138)) - Running DeletedBlockTransactionScanner
2019-06-14 13:45:47,496 DEBUG block.SCMBlockDeletingService (SCMBlockDeletingService.java:call(155)) - Scanned deleted blocks log and got 0 delTX to process.
2019-06-14 13:45:47,501 INFO  client.GrpcClientProtocolClient (GrpcClientProtocolClient.java:onNext(254)) - client-E0FA40453D59->0c156e3c-57cc-425b-90ef-9bcaa62a7535: receive RaftClientReply:client-E0FA40453D59->0c156e3c-57cc-425b-90ef-9bcaa62a7535@group-7704A457760D, cid=1359, SUCCESS, logIndex=2332, commits[0c156e3c-57cc-425b-90ef-9bcaa62a7535:c2333]
2019-06-14 13:45:47,501 INFO  client.GrpcClientProtocolClient (GrpcClientProtocolClient.java:onNext(254)) - client-E0FA40453D59->0c156e3c-57cc-425b-90ef-9bcaa62a7535: receive RaftClientReply:client-E0FA40453D59->0c156e3c-57cc-425b-90ef-9bcaa62a7535@group-7704A457760D, cid=1360, SUCCESS, logIndex=2333, commits[0c156e3c-57cc-425b-90ef-9bcaa62a7535:c2333]
2019-06-14 13:45:47,527 INFO  client.GrpcClientProtocolClient (GrpcClientProtocolClient.java:onNext(254)) - client-E0FA40453D59->0c156e3c-57cc-425b-90ef-9bcaa62a7535: receive RaftClientReply:client-E0FA40453D59->0c156e3c-57cc-425b-90ef-9bcaa62a7535@group-7704A457760D, cid=1361, SUCCESS, logIndex=2335, commits[0c156e3c-57cc-425b-90ef-9bcaa62a7535:c2336]
2019-06-14 13:45:47,538 INFO  client.GrpcClientProtocolClient (GrpcClientProtocolClient.java:onNext(254)) - client-E0FA40453D59->0c156e3c-57cc-425b-90ef-9bcaa62a7535: receive RaftClientReply:client-E0FA40453D59->0c156e3c-57cc-425b-90ef-9bcaa62a7535@group-7704A457760D, cid=1362, SUCCESS, logIndex=2337, commits[0c156e3c-57cc-425b-90ef-9bcaa62a7535:c2337]
2019-06-14 13:45:47,547 INFO  client.GrpcClientProtocolClient (GrpcClientProtocolClient.java:onNext(254)) - client-E0FA40453D59->0c156e3c-57cc-425b-90ef-9bcaa62a7535: receive RaftClientReply:client-E0FA40453D59->0c156e3c-57cc-425b-90ef-9bcaa62a7535@group-7704A457760D, cid=1363, SUCCESS, logIndex=2338, commits[0c156e3c-57cc-425b-90ef-9bcaa62a7535:c2340]
2019-06-14 13:45:47,548 INFO  client.GrpcClientProtocolClient (GrpcClientProtocolClient.java:onNext(254)) - client-E0FA40453D59->0c156e3c-57cc-425b-90ef-9bcaa62a7535: receive RaftClientReply:client-E0FA40453D59->0c156e3c-57cc-425b-90ef-9bcaa62a7535@group-7704A457760D, cid=1364, SUCCESS, logIndex=2340, commits[0c156e3c-57cc-425b-90ef-9bcaa62a7535:c2340]
2019-06-14 13:45:47,555 INFO  client.GrpcClientProtocolClient (GrpcClientProtocolClient.java:onNext(254)) - client-E0FA40453D59->0c156e3c-57cc-425b-90ef-9bcaa62a7535: receive RaftClientReply:client-E0FA40453D59->0c156e3c-57cc-425b-90ef-9bcaa62a7535@group-7704A457760D, cid=1365, SUCCESS, logIndex=2342, commits[0c156e3c-57cc-425b-90ef-9bcaa62a7535:c2342]
2019-06-14 13:45:47,566 INFO  client.GrpcClientProtocolClient (GrpcClientProtocolClient.java:onNext(254)) - client-E0FA40453D59->0c156e3c-57cc-425b-90ef-9bcaa62a7535: receive RaftClientReply:client-E0FA40453D59->0c156e3c-57cc-425b-90ef-9bcaa62a7535@group-7704A457760D, cid=1366, SUCCESS, logIndex=2344, commits[0c156e3c-57cc-425b-90ef-9bcaa62a7535:c2344]
2019-06-14 13:45:47,567 INFO  client.GrpcClientProtocolClient (GrpcClientProtocolClient.java:onNext(254)) - client-E0FA40453D59->0c156e3c-57cc-425b-90ef-9bcaa62a7535: receive RaftClientReply:client-E0FA40453D59->0c156e3c-57cc-425b-90ef-9bcaa62a7535@group-7704A457760D, cid=1367, SUCCESS, logIndex=2345, commits[0c156e3c-57cc-425b-90ef-9bcaa62a7535:c2345]
2019-06-14 13:45:47,574 INFO  client.GrpcClientProtocolClient (GrpcClientProtocolClient.java:onNext(254)) - client-E0FA40453D59->0c156e3c-57cc-425b-90ef-9bcaa62a7535: receive RaftClientReply:client-E0FA40453D59->0c156e3c-57cc-425b-90ef-9bcaa62a7535@group-7704A457760D, cid=1368, SUCCESS, logIndex=2348, commits[0c156e3c-57cc-425b-90ef-9bcaa62a7535:c2348]
2019-06-14 13:45:47,595 INFO  client.GrpcClientProtocolClient (GrpcClientProtocolClient.java:onNext(254)) - client-E0FA40453D59->0c156e3c-57cc-425b-90ef-9bcaa62a7535: receive RaftClientReply:client-E0FA40453D59->0c156e3c-57cc-425b-90ef-9bcaa62a7535@group-7704A457760D, cid=1369, SUCCESS, logIndex=2350, commits[0c156e3c-57cc-425b-90ef-9bcaa62a7535:c2350]
2019-06-14 13:45:47,596 INFO  client.GrpcClientProtocolClient (GrpcClientProtocolClient.java:onNext(254)) - client-E0FA40453D59->0c156e3c-57cc-425b-90ef-9bcaa62a7535: receive RaftClientReply:client-E0FA40453D59->0c156e3c-57cc-425b-90ef-9bcaa62a7535@group-7704A457760D, cid=1370, SUCCESS, logIndex=2352, commits[0c156e3c-57cc-425b-90ef-9bcaa62a7535:c2352]
2019-06-14 13:45:47,597 DEBUG block.SCMBlockDeletingService (SCMBlockDeletingService.java:call(138)) - Running DeletedBlockTransactionScanner
2019-06-14 13:45:47,597 DEBUG block.SCMBlockDeletingService (SCMBlockDeletingService.java:call(155)) - Scanned deleted blocks log and got 0 delTX to process.
2019-06-14 13:45:47,679 INFO  storage.RaftLogWorker (RaftLogWorker.java:rollLogSegment(303)) - 0c156e3c-57cc-425b-90ef-9bcaa62a7535-RaftLogWorker: Rolling segment log-2276_2353 to index:2353
2019-06-14 13:45:47,679 INFO  storage.RaftLogWorker (RaftLogWorker.java:execute(433)) - 0c156e3c-57cc-425b-90ef-9bcaa62a7535-RaftLogWorker: Rolled log segment from /opt/src/hadoop-ozone/integration-test/target/test-dir/MiniOzoneClusterImpl-8919240e-7e15-4dbf-8bf4-c210578586bb/datanode-0/data/ratis/1fc53845-3381-4beb-82f9-7704a457760d/current/log_inprogress_2276 to /opt/src/hadoop-ozone/integration-test/target/test-dir/MiniOzoneClusterImpl-8919240e-7e15-4dbf-8bf4-c210578586bb/datanode-0/data/ratis/1fc53845-3381-4beb-82f9-7704a457760d/current/log_2276-2353
2019-06-14 13:45:47,697 DEBUG block.SCMBlockDeletingService (SCMBlockDeletingService.java:call(138)) - Running DeletedBlockTransactionScanner
2019-06-14 13:45:47,697 DEBUG block.SCMBlockDeletingService (SCMBlockDeletingService.java:call(155)) - Scanned deleted blocks log and got 0 delTX to process.
2019-06-14 13:45:47,725 INFO  storage.RaftLogWorker (RaftLogWorker.java:execute(469)) - 0c156e3c-57cc-425b-90ef-9bcaa62a7535-RaftLogWorker: created new log segment /opt/src/hadoop-ozone/integration-test/target/test-dir/MiniOzoneClusterImpl-8919240e-7e15-4dbf-8bf4-c210578586bb/datanode-0/data/ratis/1fc53845-3381-4beb-82f9-7704a457760d/current/log_inprogress_2354
2019-06-14 13:45:47,728 INFO  client.GrpcClientProtocolClient (GrpcClientProtocolClient.java:onNext(254)) - client-E0FA40453D59->0c156e3c-57cc-425b-90ef-9bcaa62a7535: receive RaftClientReply:client-E0FA40453D59->0c156e3c-57cc-425b-90ef-9bcaa62a7535@group-7704A457760D, cid=1371, SUCCESS, logIndex=2354, commits[0c156e3c-57cc-425b-90ef-9bcaa62a7535:c2354]
2019-06-14 13:45:47,731 INFO  client.GrpcClientProtocolClient (GrpcClientProtocolClient.java:onNext(254)) - client-E0FA40453D59->0c156e3c-57cc-425b-90ef-9bcaa62a7535: receive RaftClientReply:client-E0FA40453D59->0c156e3c-57cc-425b-90ef-9bcaa62a7535@group-7704A457760D, cid=1372, SUCCESS, logIndex=2356, commits[0c156e3c-57cc-425b-90ef-9bcaa62a7535:c2356]
2019-06-14 13:45:47,746 INFO  client.GrpcClientProtocolClient (GrpcClientProtocolClient.java:onNext(254)) - client-E0FA40453D59->0c156e3c-57cc-425b-90ef-9bcaa62a7535: receive RaftClientReply:client-E0FA40453D59->0c156e3c-57cc-425b-90ef-9bcaa62a7535@group-7704A457760D, cid=1373, SUCCESS, logIndex=2358, commits[0c156e3c-57cc-425b-90ef-9bcaa62a7535:c2358]
2019-06-14 13:45:47,752 INFO  client.GrpcClientProtocolClient (GrpcClientProtocolClient.java:onNext(254)) - client-E0FA40453D59->0c156e3c-57cc-425b-90ef-9bcaa62a7535: receive RaftClientReply:client-E0FA40453D59->0c156e3c-57cc-425b-90ef-9bcaa62a7535@group-7704A457760D, cid=1374, SUCCESS, logIndex=2360, commits[0c156e3c-57cc-425b-90ef-9bcaa62a7535:c2361]
2019-06-14 13:45:47,754 INFO  client.GrpcClientProtocolClient (GrpcClientProtocolClient.java:onNext(254)) - client-E0FA40453D59->0c156e3c-57cc-425b-90ef-9bcaa62a7535: receive RaftClientReply:client-E0FA40453D59->0c156e3c-57cc-425b-90ef-9bcaa62a7535@group-7704A457760D, cid=1375, SUCCESS, logIndex=2362, commits[0c156e3c-57cc-425b-90ef-9bcaa62a7535:c2363]
2019-06-14 13:45:47,758 INFO  client.GrpcClientProtocolClient (GrpcClientProtocolClient.java:onNext(254)) - client-E0FA40453D59->0c156e3c-57cc-425b-90ef-9bcaa62a7535: receive RaftClientReply:client-E0FA40453D59->0c156e3c-57cc-425b-90ef-9bcaa62a7535@group-7704A457760D, cid=1376, SUCCESS, logIndex=2363, commits[0c156e3c-57cc-425b-90ef-9bcaa62a7535:c2364]
2019-06-14 13:45:47,774 INFO  client.GrpcClientProtocolClient (GrpcClientProtocolClient.java:onNext(254)) - client-E0FA40453D59->0c156e3c-57cc-425b-90ef-9bcaa62a7535: receive RaftClientReply:client-E0FA40453D59->0c156e3c-57cc-425b-90ef-9bcaa62a7535@group-7704A457760D, cid=1377, SUCCESS, logIndex=2365, commits[0c156e3c-57cc-425b-90ef-9bcaa62a7535:c2365]
2019-06-14 13:45:47,776 INFO  client.GrpcClientProtocolClient (GrpcClientProtocolClient.java:onNext(254)) - client-E0FA40453D59->0c156e3c-57cc-425b-90ef-9bcaa62a7535: receive RaftClientReply:client-E0FA40453D59->0c156e3c-57cc-425b-90ef-9bcaa62a7535@group-7704A457760D, cid=1378, SUCCESS, logIndex=2367, commits[0c156e3c-57cc-425b-90ef-9bcaa62a7535:c2367]
2019-06-14 13:45:47,778 INFO  client.GrpcClientProtocolClient (GrpcClientProtocolClient.java:onNext(254)) - client-E0FA40453D59->0c156e3c-57cc-425b-90ef-9bcaa62a7535: receive RaftClientReply:client-E0FA40453D59->0c156e3c-57cc-425b-90ef-9bcaa62a7535@group-7704A457760D, cid=1379, SUCCESS, logIndex=2368, commits[0c156e3c-57cc-425b-90ef-9bcaa62a7535:c2370]
2019-06-14 13:45:47,778 INFO  client.GrpcClientProtocolClient (GrpcClientProtocolClient.java:onNext(254)) - client-E0FA40453D59->0c156e3c-57cc-425b-90ef-9bcaa62a7535: receive RaftClientReply:client-E0FA40453D59->0c156e3c-57cc-425b-90ef-9bcaa62a7535@group-7704A457760D, cid=1380, SUCCESS, logIndex=2369, commits[0c156e3c-57cc-425b-90ef-9bcaa62a7535:c2370]
2019-06-14 13:45:47,786 INFO  client.GrpcClientProtocolClient (GrpcClientProtocolClient.java:onNext(254)) - client-E0FA40453D59->0c156e3c-57cc-425b-90ef-9bcaa62a7535: receive RaftClientReply:client-E0FA40453D59->0c156e3c-57cc-425b-90ef-9bcaa62a7535@group-7704A457760D, cid=1381, SUCCESS, logIndex=2371, commits[0c156e3c-57cc-425b-90ef-9bcaa62a7535:c2371]
2019-06-14 13:45:47,786 INFO  client.GrpcClientProtocolClient (GrpcClientProtocolClient.java:onNext(254)) - client-E0FA40453D59->0c156e3c-57cc-425b-90ef-9bcaa62a7535: receive RaftClientReply:client-E0FA40453D59->0c156e3c-57cc-425b-90ef-9bcaa62a7535@group-7704A457760D, cid=1382, SUCCESS, logIndex=2373, commits[0c156e3c-57cc-425b-90ef-9bcaa62a7535:c2373]
2019-06-14 13:45:47,790 INFO  client.GrpcClientProtocolClient (GrpcClientProtocolClient.java:onNext(254)) - client-E0FA40453D59->0c156e3c-57cc-425b-90ef-9bcaa62a7535: receive RaftClientReply:client-E0FA40453D59->0c156e3c-57cc-425b-90ef-9bcaa62a7535@group-7704A457760D, cid=1383, SUCCESS, logIndex=2375, commits[0c156e3c-57cc-425b-90ef-9bcaa62a7535:c2375]
2019-06-14 13:45:47,798 DEBUG block.SCMBlockDeletingService (SCMBlockDeletingService.java:call(138)) - Running DeletedBlockTransactionScanner
2019-06-14 13:45:47,798 DEBUG block.SCMBlockDeletingService (SCMBlockDeletingService.java:call(155)) - Scanned deleted blocks log and got 0 delTX to process.
2019-06-14 13:45:47,799 INFO  client.GrpcClientProtocolClient (GrpcClientProtocolClient.java:onNext(254)) - client-E0FA40453D59->0c156e3c-57cc-425b-90ef-9bcaa62a7535: receive RaftClientReply:client-E0FA40453D59->0c156e3c-57cc-425b-90ef-9bcaa62a7535@group-7704A457760D, cid=1384, SUCCESS, logIndex=2377, commits[0c156e3c-57cc-425b-90ef-9bcaa62a7535:c2377]
2019-06-14 13:45:47,810 INFO  client.GrpcClientProtocolClient (GrpcClientProtocolClient.java:onNext(254)) - client-E0FA40453D59->0c156e3c-57cc-425b-90ef-9bcaa62a7535: receive RaftClientReply:client-E0FA40453D59->0c156e3c-57cc-425b-90ef-9bcaa62a7535@group-7704A457760D, cid=1385, SUCCESS, logIndex=2379, commits[0c156e3c-57cc-425b-90ef-9bcaa62a7535:c2379]
2019-06-14 13:45:47,812 INFO  client.GrpcClientProtocolClient (GrpcClientProtocolClient.java:onNext(254)) - client-E0FA40453D59->0c156e3c-57cc-425b-90ef-9bcaa62a7535: receive RaftClientReply:client-E0FA40453D59->0c156e3c-57cc-425b-90ef-9bcaa62a7535@group-7704A457760D, cid=1386, SUCCESS, logIndex=2381, commits[0c156e3c-57cc-425b-90ef-9bcaa62a7535:c2381]
2019-06-14 13:45:47,817 INFO  client.GrpcClientProtocolClient (GrpcClientProtocolClient.java:onNext(254)) - client-E0FA40453D59->0c156e3c-57cc-425b-90ef-9bcaa62a7535: receive RaftClientReply:client-E0FA40453D59->0c156e3c-57cc-425b-90ef-9bcaa62a7535@group-7704A457760D, cid=1387, SUCCESS, logIndex=2382, commits[0c156e3c-57cc-425b-90ef-9bcaa62a7535:c2384]
2019-06-14 13:45:47,817 INFO  client.GrpcClientProtocolClient (GrpcClientProtocolClient.java:onNext(254)) - client-E0FA40453D59->0c156e3c-57cc-425b-90ef-9bcaa62a7535: receive RaftClientReply:client-E0FA40453D59->0c156e3c-57cc-425b-90ef-9bcaa62a7535@group-7704A457760D, cid=1388, SUCCESS, logIndex=2383, commits[0c156e3c-57cc-425b-90ef-9bcaa62a7535:c2384]
2019-06-14 13:45:47,826 INFO  client.GrpcClientProtocolClient (GrpcClientProtocolClient.java:onNext(254)) - client-E0FA40453D59->0c156e3c-57cc-425b-90ef-9bcaa62a7535: receive RaftClientReply:client-E0FA40453D59->0c156e3c-57cc-425b-90ef-9bcaa62a7535@group-7704A457760D, cid=1389, SUCCESS, logIndex=2385, commits[0c156e3c-57cc-425b-90ef-9bcaa62a7535:c2385]
2019-06-14 13:45:47,828 INFO  client.GrpcClientProtocolClient (GrpcClientProtocolClient.java:onNext(254)) - client-E0FA40453D59->0c156e3c-57cc-425b-90ef-9bcaa62a7535: receive RaftClientReply:client-E0FA40453D59->0c156e3c-57cc-425b-90ef-9bcaa62a7535@group-7704A457760D, cid=1390, SUCCESS, logIndex=2387, commits[0c156e3c-57cc-425b-90ef-9bcaa62a7535:c2387]
2019-06-14 13:45:47,829 INFO  client.GrpcClientProtocolClient (GrpcClientProtocolClient.java:onNext(254)) - client-E0FA40453D59->0c156e3c-57cc-425b-90ef-9bcaa62a7535: receive RaftClientReply:client-E0FA40453D59->0c156e3c-57cc-425b-90ef-9bcaa62a7535@group-7704A457760D, cid=1391, SUCCESS, logIndex=2388, commits[0c156e3c-57cc-425b-90ef-9bcaa62a7535:c2390]
2019-06-14 13:45:47,834 INFO  client.GrpcClientProtocolClient (GrpcClientProtocolClient.java:onNext(254)) - client-E0FA40453D59->0c156e3c-57cc-425b-90ef-9bcaa62a7535: receive RaftClientReply:client-E0FA40453D59->0c156e3c-57cc-425b-90ef-9bcaa62a7535@group-7704A457760D, cid=1392, SUCCESS, logIndex=2389, commits[0c156e3c-57cc-425b-90ef-9bcaa62a7535:c2390]
2019-06-14 13:45:47,898 INFO  client.GrpcClientProtocolClient (GrpcClientProtocolClient.java:onNext(254)) - client-E0FA40453D59->0c156e3c-57cc-425b-90ef-9bcaa62a7535: receive RaftClientReply:client-E0FA40453D59->0c156e3c-57cc-425b-90ef-9bcaa62a7535@group-7704A457760D, cid=1393, SUCCESS, logIndex=2391, commits[0c156e3c-57cc-425b-90ef-9bcaa62a7535:c2391]
2019-06-14 13:45:47,900 DEBUG block.SCMBlockDeletingService (SCMBlockDeletingService.java:call(138)) - Running DeletedBlockTransactionScanner
2019-06-14 13:45:47,900 DEBUG block.SCMBlockDeletingService (SCMBlockDeletingService.java:call(155)) - Scanned deleted blocks log and got 0 delTX to process.
2019-06-14 13:45:47,904 INFO  client.GrpcClientProtocolClient (GrpcClientProtocolClient.java:onNext(254)) - client-E0FA40453D59->0c156e3c-57cc-425b-90ef-9bcaa62a7535: receive RaftClientReply:client-E0FA40453D59->0c156e3c-57cc-425b-90ef-9bcaa62a7535@group-7704A457760D, cid=1394, SUCCESS, logIndex=2393, commits[0c156e3c-57cc-425b-90ef-9bcaa62a7535:c2393]
2019-06-14 13:45:47,904 INFO  client.GrpcClientProtocolClient (GrpcClientProtocolClient.java:onNext(254)) - client-E0FA40453D59->0c156e3c-57cc-425b-90ef-9bcaa62a7535: receive RaftClientReply:client-E0FA40453D59->0c156e3c-57cc-425b-90ef-9bcaa62a7535@group-7704A457760D, cid=1395, SUCCESS, logIndex=2395, commits[0c156e3c-57cc-425b-90ef-9bcaa62a7535:c2395]
2019-06-14 13:45:47,907 INFO  client.GrpcClientProtocolClient (GrpcClientProtocolClient.java:onNext(254)) - client-E0FA40453D59->0c156e3c-57cc-425b-90ef-9bcaa62a7535: receive RaftClientReply:client-E0FA40453D59->0c156e3c-57cc-425b-90ef-9bcaa62a7535@group-7704A457760D, cid=1396, SUCCESS, logIndex=2397, commits[0c156e3c-57cc-425b-90ef-9bcaa62a7535:c2397]
2019-06-14 13:45:47,915 INFO  client.GrpcClientProtocolClient (GrpcClientProtocolClient.java:onNext(254)) - client-E0FA40453D59->0c156e3c-57cc-425b-90ef-9bcaa62a7535: receive RaftClientReply:client-E0FA40453D59->0c156e3c-57cc-425b-90ef-9bcaa62a7535@group-7704A457760D, cid=1397, SUCCESS, logIndex=2399, commits[0c156e3c-57cc-425b-90ef-9bcaa62a7535:c2399]
2019-06-14 13:45:47,917 INFO  client.GrpcClientProtocolClient (GrpcClientProtocolClient.java:onNext(254)) - client-E0FA40453D59->0c156e3c-57cc-425b-90ef-9bcaa62a7535: receive RaftClientReply:client-E0FA40453D59->0c156e3c-57cc-425b-90ef-9bcaa62a7535@group-7704A457760D, cid=1398, SUCCESS, logIndex=2401, commits[0c156e3c-57cc-425b-90ef-9bcaa62a7535:c2401]
2019-06-14 13:45:47,918 INFO  client.GrpcClientProtocolClient (GrpcClientProtocolClient.java:onNext(254)) - client-E0FA40453D59->0c156e3c-57cc-425b-90ef-9bcaa62a7535: receive RaftClientReply:client-E0FA40453D59->0c156e3c-57cc-425b-90ef-9bcaa62a7535@group-7704A457760D, cid=1399, SUCCESS, logIndex=2402, commits[0c156e3c-57cc-425b-90ef-9bcaa62a7535:c2404]
2019-06-14 13:45:47,922 INFO  client.GrpcClientProtocolClient (GrpcClientProtocolClient.java:onNext(254)) - client-E0FA40453D59->0c156e3c-57cc-425b-90ef-9bcaa62a7535: receive RaftClientReply:client-E0FA40453D59->0c156e3c-57cc-425b-90ef-9bcaa62a7535@group-7704A457760D, cid=1400, SUCCESS, logIndex=2404, commits[0c156e3c-57cc-425b-90ef-9bcaa62a7535:c2404]
2019-06-14 13:45:47,934 INFO  client.GrpcClientProtocolClient (GrpcClientProtocolClient.java:onNext(254)) - client-E0FA40453D59->0c156e3c-57cc-425b-90ef-9bcaa62a7535: receive RaftClientReply:client-E0FA40453D59->0c156e3c-57cc-425b-90ef-9bcaa62a7535@group-7704A457760D, cid=1401, SUCCESS, logIndex=2406, commits[0c156e3c-57cc-425b-90ef-9bcaa62a7535:c2406]
2019-06-14 13:45:47,937 INFO  client.GrpcClientProtocolClient (GrpcClientProtocolClient.java:onNext(254)) - client-E0FA40453D59->0c156e3c-57cc-425b-90ef-9bcaa62a7535: receive RaftClientReply:client-E0FA40453D59->0c156e3c-57cc-425b-90ef-9bcaa62a7535@group-7704A457760D, cid=1402, SUCCESS, logIndex=2408, commits[0c156e3c-57cc-425b-90ef-9bcaa62a7535:c2408]
2019-06-14 13:45:47,937 INFO  client.GrpcClientProtocolClient (GrpcClientProtocolClient.java:onNext(254)) - client-E0FA40453D59->0c156e3c-57cc-425b-90ef-9bcaa62a7535: receive RaftClientReply:client-E0FA40453D59->0c156e3c-57cc-425b-90ef-9bcaa62a7535@group-7704A457760D, cid=1403, SUCCESS, logIndex=2409, commits[0c156e3c-57cc-425b-90ef-9bcaa62a7535:c2409]
2019-06-14 13:45:47,943 INFO  client.GrpcClientProtocolClient (GrpcClientProtocolClient.java:onNext(254)) - client-E0FA40453D59->0c156e3c-57cc-425b-90ef-9bcaa62a7535: receive RaftClientReply:client-E0FA40453D59->0c156e3c-57cc-425b-90ef-9bcaa62a7535@group-7704A457760D, cid=1404, SUCCESS, logIndex=2411, commits[0c156e3c-57cc-425b-90ef-9bcaa62a7535:c2411]
2019-06-14 13:45:47,956 INFO  client.GrpcClientProtocolClient (GrpcClientProtocolClient.java:onNext(254)) - client-E0FA40453D59->0c156e3c-57cc-425b-90ef-9bcaa62a7535: receive RaftClientReply:client-E0FA40453D59->0c156e3c-57cc-425b-90ef-9bcaa62a7535@group-7704A457760D, cid=1405, SUCCESS, logIndex=2414, commits[0c156e3c-57cc-425b-90ef-9bcaa62a7535:c2415]
2019-06-14 13:45:47,962 INFO  client.GrpcClientProtocolClient (GrpcClientProtocolClient.java:onNext(254)) - client-E0FA40453D59->0c156e3c-57cc-425b-90ef-9bcaa62a7535: receive RaftClientReply:client-E0FA40453D59->0c156e3c-57cc-425b-90ef-9bcaa62a7535@group-7704A457760D, cid=1406, SUCCESS, logIndex=2416, commits[0c156e3c-57cc-425b-90ef-9bcaa62a7535:c2416]
2019-06-14 13:45:47,962 INFO  client.GrpcClientProtocolClient (GrpcClientProtocolClient.java:onNext(254)) - client-E0FA40453D59->0c156e3c-57cc-425b-90ef-9bcaa62a7535: receive RaftClientReply:client-E0FA40453D59->0c156e3c-57cc-425b-90ef-9bcaa62a7535@group-7704A457760D, cid=1407, SUCCESS, logIndex=2417, commits[0c156e3c-57cc-425b-90ef-9bcaa62a7535:c2418]
2019-06-14 13:45:47,967 INFO  client.GrpcClientProtocolClient (GrpcClientProtocolClient.java:onNext(254)) - client-E0FA40453D59->0c156e3c-57cc-425b-90ef-9bcaa62a7535: receive RaftClientReply:client-E0FA40453D59->0c156e3c-57cc-425b-90ef-9bcaa62a7535@group-7704A457760D, cid=1408, SUCCESS, logIndex=2418, commits[0c156e3c-57cc-425b-90ef-9bcaa62a7535:c2418]
2019-06-14 13:45:47,981 INFO  client.GrpcClientProtocolClient (GrpcClientProtocolClient.java:onNext(254)) - client-E0FA40453D59->0c156e3c-57cc-425b-90ef-9bcaa62a7535: receive RaftClientReply:client-E0FA40453D59->0c156e3c-57cc-425b-90ef-9bcaa62a7535@group-7704A457760D, cid=1409, SUCCESS, logIndex=2421, commits[0c156e3c-57cc-425b-90ef-9bcaa62a7535:c2421]
2019-06-14 13:45:47,984 INFO  client.GrpcClientProtocolClient (GrpcClientProtocolClient.java:onNext(254)) - client-E0FA40453D59->0c156e3c-57cc-425b-90ef-9bcaa62a7535: receive RaftClientReply:client-E0FA40453D59->0c156e3c-57cc-425b-90ef-9bcaa62a7535@group-7704A457760D, cid=1410, SUCCESS, logIndex=2423, commits[0c156e3c-57cc-425b-90ef-9bcaa62a7535:c2423]
2019-06-14 13:45:47,986 INFO  client.GrpcClientProtocolClient (GrpcClientProtocolClient.java:onNext(254)) - client-E0FA40453D59->0c156e3c-57cc-425b-90ef-9bcaa62a7535: receive RaftClientReply:client-E0FA40453D59->0c156e3c-57cc-425b-90ef-9bcaa62a7535@group-7704A457760D, cid=1411, SUCCESS, logIndex=2424, commits[0c156e3c-57cc-425b-90ef-9bcaa62a7535:c2426]
2019-06-14 13:45:47,990 INFO  client.GrpcClientProtocolClient (GrpcClientProtocolClient.java:onNext(254)) - client-E0FA40453D59->0c156e3c-57cc-425b-90ef-9bcaa62a7535: receive RaftClientReply:client-E0FA40453D59->0c156e3c-57cc-425b-90ef-9bcaa62a7535@group-7704A457760D, cid=1412, SUCCESS, logIndex=2426, commits[0c156e3c-57cc-425b-90ef-9bcaa62a7535:c2426]
2019-06-14 13:45:48,000 DEBUG block.SCMBlockDeletingService (SCMBlockDeletingService.java:call(138)) - Running DeletedBlockTransactionScanner
2019-06-14 13:45:48,001 DEBUG block.SCMBlockDeletingService (SCMBlockDeletingService.java:call(155)) - Scanned deleted blocks log and got 0 delTX to process.
2019-06-14 13:45:48,002 INFO  client.GrpcClientProtocolClient (GrpcClientProtocolClient.java:onNext(254)) - client-E0FA40453D59->0c156e3c-57cc-425b-90ef-9bcaa62a7535: receive RaftClientReply:client-E0FA40453D59->0c156e3c-57cc-425b-90ef-9bcaa62a7535@group-7704A457760D, cid=1413, SUCCESS, logIndex=2428, commits[0c156e3c-57cc-425b-90ef-9bcaa62a7535:c2428]
2019-06-14 13:45:48,003 INFO  storage.RaftLogWorker (RaftLogWorker.java:rollLogSegment(303)) - 0c156e3c-57cc-425b-90ef-9bcaa62a7535-RaftLogWorker: Rolling segment log-2354_2429 to index:2429
2019-06-14 13:45:48,003 INFO  storage.RaftLogWorker (RaftLogWorker.java:execute(433)) - 0c156e3c-57cc-425b-90ef-9bcaa62a7535-RaftLogWorker: Rolled log segment from /opt/src/hadoop-ozone/integration-test/target/test-dir/MiniOzoneClusterImpl-8919240e-7e15-4dbf-8bf4-c210578586bb/datanode-0/data/ratis/1fc53845-3381-4beb-82f9-7704a457760d/current/log_inprogress_2354 to /opt/src/hadoop-ozone/integration-test/target/test-dir/MiniOzoneClusterImpl-8919240e-7e15-4dbf-8bf4-c210578586bb/datanode-0/data/ratis/1fc53845-3381-4beb-82f9-7704a457760d/current/log_2354-2429
2019-06-14 13:45:48,052 INFO  storage.RaftLogWorker (RaftLogWorker.java:execute(469)) - 0c156e3c-57cc-425b-90ef-9bcaa62a7535-RaftLogWorker: created new log segment /opt/src/hadoop-ozone/integration-test/target/test-dir/MiniOzoneClusterImpl-8919240e-7e15-4dbf-8bf4-c210578586bb/datanode-0/data/ratis/1fc53845-3381-4beb-82f9-7704a457760d/current/log_inprogress_2430
2019-06-14 13:45:48,054 INFO  client.GrpcClientProtocolClient (GrpcClientProtocolClient.java:onNext(254)) - client-E0FA40453D59->0c156e3c-57cc-425b-90ef-9bcaa62a7535: receive RaftClientReply:client-E0FA40453D59->0c156e3c-57cc-425b-90ef-9bcaa62a7535@group-7704A457760D, cid=1414, SUCCESS, logIndex=2430, commits[0c156e3c-57cc-425b-90ef-9bcaa62a7535:c2430]
2019-06-14 13:45:48,101 DEBUG block.SCMBlockDeletingService (SCMBlockDeletingService.java:call(138)) - Running DeletedBlockTransactionScanner
2019-06-14 13:45:48,101 DEBUG block.SCMBlockDeletingService (SCMBlockDeletingService.java:call(155)) - Scanned deleted blocks log and got 0 delTX to process.
2019-06-14 13:45:48,102 INFO  client.GrpcClientProtocolClient (GrpcClientProtocolClient.java:onNext(254)) - client-E0FA40453D59->0c156e3c-57cc-425b-90ef-9bcaa62a7535: receive RaftClientReply:client-E0FA40453D59->0c156e3c-57cc-425b-90ef-9bcaa62a7535@group-7704A457760D, cid=1415, SUCCESS, logIndex=2432, commits[0c156e3c-57cc-425b-90ef-9bcaa62a7535:c2432]
2019-06-14 13:45:48,107 INFO  client.GrpcClientProtocolClient (GrpcClientProtocolClient.java:onNext(254)) - client-E0FA40453D59->0c156e3c-57cc-425b-90ef-9bcaa62a7535: receive RaftClientReply:client-E0FA40453D59->0c156e3c-57cc-425b-90ef-9bcaa62a7535@group-7704A457760D, cid=1416, SUCCESS, logIndex=2434, commits[0c156e3c-57cc-425b-90ef-9bcaa62a7535:c2434]
2019-06-14 13:45:48,130 INFO  client.GrpcClientProtocolClient (GrpcClientProtocolClient.java:onNext(254)) - client-E0FA40453D59->0c156e3c-57cc-425b-90ef-9bcaa62a7535: receive RaftClientReply:client-E0FA40453D59->0c156e3c-57cc-425b-90ef-9bcaa62a7535@group-7704A457760D, cid=1417, SUCCESS, logIndex=2436, commits[0c156e3c-57cc-425b-90ef-9bcaa62a7535:c2437]
2019-06-14 13:45:48,135 INFO  client.GrpcClientProtocolClient (GrpcClientProtocolClient.java:onNext(254)) - client-E0FA40453D59->0c156e3c-57cc-425b-90ef-9bcaa62a7535: receive RaftClientReply:client-E0FA40453D59->0c156e3c-57cc-425b-90ef-9bcaa62a7535@group-7704A457760D, cid=1418, SUCCESS, logIndex=2438, commits[0c156e3c-57cc-425b-90ef-9bcaa62a7535:c2440]
2019-06-14 13:45:48,154 INFO  client.GrpcClientProtocolClient (GrpcClientProtocolClient.java:onNext(254)) - client-E0FA40453D59->0c156e3c-57cc-425b-90ef-9bcaa62a7535: receive RaftClientReply:client-E0FA40453D59->0c156e3c-57cc-425b-90ef-9bcaa62a7535@group-7704A457760D, cid=1419, SUCCESS, logIndex=2439, commits[0c156e3c-57cc-425b-90ef-9bcaa62a7535:c2441]
2019-06-14 13:45:48,167 INFO  client.GrpcClientProtocolClient (GrpcClientProtocolClient.java:onNext(254)) - client-E0FA40453D59->0c156e3c-57cc-425b-90ef-9bcaa62a7535: receive RaftClientReply:client-E0FA40453D59->0c156e3c-57cc-425b-90ef-9bcaa62a7535@group-7704A457760D, cid=1420, SUCCESS, logIndex=2440, commits[0c156e3c-57cc-425b-90ef-9bcaa62a7535:c2441]
2019-06-14 13:45:48,177 INFO  client.GrpcClientProtocolClient (GrpcClientProtocolClient.java:onNext(254)) - client-E0FA40453D59->0c156e3c-57cc-425b-90ef-9bcaa62a7535: receive RaftClientReply:client-E0FA40453D59->0c156e3c-57cc-425b-90ef-9bcaa62a7535@group-7704A457760D, cid=1421, SUCCESS, logIndex=2442, commits[0c156e3c-57cc-425b-90ef-9bcaa62a7535:c2442]
2019-06-14 13:45:48,183 INFO  client.GrpcClientProtocolClient (GrpcClientProtocolClient.java:onNext(254)) - client-E0FA40453D59->0c156e3c-57cc-425b-90ef-9bcaa62a7535: receive RaftClientReply:client-E0FA40453D59->0c156e3c-57cc-425b-90ef-9bcaa62a7535@group-7704A457760D, cid=1422, SUCCESS, logIndex=2444, commits[0c156e3c-57cc-425b-90ef-9bcaa62a7535:c2444]
2019-06-14 13:45:48,184 INFO  client.GrpcClientProtocolClient (GrpcClientProtocolClient.java:onNext(254)) - client-E0FA40453D59->0c156e3c-57cc-425b-90ef-9bcaa62a7535: receive RaftClientReply:client-E0FA40453D59->0c156e3c-57cc-425b-90ef-9bcaa62a7535@group-7704A457760D, cid=1423, SUCCESS, logIndex=2445, commits[0c156e3c-57cc-425b-90ef-9bcaa62a7535:c2446]
2019-06-14 13:45:48,185 INFO  client.GrpcClientProtocolClient (GrpcClientProtocolClient.java:onNext(254)) - client-E0FA40453D59->0c156e3c-57cc-425b-90ef-9bcaa62a7535: receive RaftClientReply:client-E0FA40453D59->0c156e3c-57cc-425b-90ef-9bcaa62a7535@group-7704A457760D, cid=1424, SUCCESS, logIndex=2446, commits[0c156e3c-57cc-425b-90ef-9bcaa62a7535:c2446]
2019-06-14 13:45:48,206 INFO  client.GrpcClientProtocolClient (GrpcClientProtocolClient.java:onNext(254)) - client-E0FA40453D59->0c156e3c-57cc-425b-90ef-9bcaa62a7535: receive RaftClientReply:client-E0FA40453D59->0c156e3c-57cc-425b-90ef-9bcaa62a7535@group-7704A457760D, cid=1425, SUCCESS, logIndex=2449, commits[0c156e3c-57cc-425b-90ef-9bcaa62a7535:c2449]
2019-06-14 13:45:48,206 DEBUG block.SCMBlockDeletingService (SCMBlockDeletingService.java:call(138)) - Running DeletedBlockTransactionScanner
2019-06-14 13:45:48,206 DEBUG block.SCMBlockDeletingService (SCMBlockDeletingService.java:call(155)) - Scanned deleted blocks log and got 0 delTX to process.
2019-06-14 13:45:48,208 INFO  client.GrpcClientProtocolClient (GrpcClientProtocolClient.java:onNext(254)) - client-E0FA40453D59->0c156e3c-57cc-425b-90ef-9bcaa62a7535: receive RaftClientReply:client-E0FA40453D59->0c156e3c-57cc-425b-90ef-9bcaa62a7535@group-7704A457760D, cid=1426, SUCCESS, logIndex=2451, commits[0c156e3c-57cc-425b-90ef-9bcaa62a7535:c2451]
2019-06-14 13:45:48,218 INFO  client.GrpcClientProtocolClient (GrpcClientProtocolClient.java:onNext(254)) - client-E0FA40453D59->0c156e3c-57cc-425b-90ef-9bcaa62a7535: receive RaftClientReply:client-E0FA40453D59->0c156e3c-57cc-425b-90ef-9bcaa62a7535@group-7704A457760D, cid=1427, SUCCESS, logIndex=2453, commits[0c156e3c-57cc-425b-90ef-9bcaa62a7535:c2454]
2019-06-14 13:45:48,226 INFO  client.GrpcClientProtocolClient (GrpcClientProtocolClient.java:onNext(254)) - client-E0FA40453D59->0c156e3c-57cc-425b-90ef-9bcaa62a7535: receive RaftClientReply:client-E0FA40453D59->0c156e3c-57cc-425b-90ef-9bcaa62a7535@group-7704A457760D, cid=1428, SUCCESS, logIndex=2455, commits[0c156e3c-57cc-425b-90ef-9bcaa62a7535:c2455]
2019-06-14 13:45:48,238 INFO  client.GrpcClientProtocolClient (GrpcClientProtocolClient.java:onNext(254)) - client-E0FA40453D59->0c156e3c-57cc-425b-90ef-9bcaa62a7535: receive RaftClientReply:client-E0FA40453D59->0c156e3c-57cc-425b-90ef-9bcaa62a7535@group-7704A457760D, cid=1429, SUCCESS, logIndex=2457, commits[0c156e3c-57cc-425b-90ef-9bcaa62a7535:c2457]
2019-06-14 13:45:48,245 INFO  client.GrpcClientProtocolClient (GrpcClientProtocolClient.java:onNext(254)) - client-E0FA40453D59->0c156e3c-57cc-425b-90ef-9bcaa62a7535: receive RaftClientReply:client-E0FA40453D59->0c156e3c-57cc-425b-90ef-9bcaa62a7535@group-7704A457760D, cid=1430, SUCCESS, logIndex=2459, commits[0c156e3c-57cc-425b-90ef-9bcaa62a7535:c2459]
2019-06-14 13:45:48,245 INFO  client.GrpcClientProtocolClient (GrpcClientProtocolClient.java:onNext(254)) - client-E0FA40453D59->0c156e3c-57cc-425b-90ef-9bcaa62a7535: receive RaftClientReply:client-E0FA40453D59->0c156e3c-57cc-425b-90ef-9bcaa62a7535@group-7704A457760D, cid=1431, SUCCESS, logIndex=2460, commits[0c156e3c-57cc-425b-90ef-9bcaa62a7535:c2462]
2019-06-14 13:45:48,246 INFO  client.GrpcClientProtocolClient (GrpcClientProtocolClient.java:onNext(254)) - client-E0FA40453D59->0c156e3c-57cc-425b-90ef-9bcaa62a7535: receive RaftClientReply:client-E0FA40453D59->0c156e3c-57cc-425b-90ef-9bcaa62a7535@group-7704A457760D, cid=1432, SUCCESS, logIndex=2462, commits[0c156e3c-57cc-425b-90ef-9bcaa62a7535:c2462]
2019-06-14 13:45:48,268 INFO  client.GrpcClientProtocolClient (GrpcClientProtocolClient.java:onNext(254)) - client-E0FA40453D59->0c156e3c-57cc-425b-90ef-9bcaa62a7535: receive RaftClientReply:client-E0FA40453D59->0c156e3c-57cc-425b-90ef-9bcaa62a7535@group-7704A457760D, cid=1433, SUCCESS, logIndex=2464, commits[0c156e3c-57cc-425b-90ef-9bcaa62a7535:c2464]
2019-06-14 13:45:48,272 INFO  client.GrpcClientProtocolClient (GrpcClientProtocolClient.java:onNext(254)) - client-E0FA40453D59->0c156e3c-57cc-425b-90ef-9bcaa62a7535: receive RaftClientReply:client-E0FA40453D59->0c156e3c-57cc-425b-90ef-9bcaa62a7535@group-7704A457760D, cid=1434, SUCCESS, logIndex=2466, commits[0c156e3c-57cc-425b-90ef-9bcaa62a7535:c2466]
2019-06-14 13:45:48,273 INFO  client.GrpcClientProtocolClient (GrpcClientProtocolClient.java:onNext(254)) - client-E0FA40453D59->0c156e3c-57cc-425b-90ef-9bcaa62a7535: receive RaftClientReply:client-E0FA40453D59->0c156e3c-57cc-425b-90ef-9bcaa62a7535@group-7704A457760D, cid=1435, SUCCESS, logIndex=2467, commits[0c156e3c-57cc-425b-90ef-9bcaa62a7535:c2467]
2019-06-14 13:45:48,274 INFO  client.GrpcClientProtocolClient (GrpcClientProtocolClient.java:onNext(254)) - client-E0FA40453D59->0c156e3c-57cc-425b-90ef-9bcaa62a7535: receive RaftClientReply:client-E0FA40453D59->0c156e3c-57cc-425b-90ef-9bcaa62a7535@group-7704A457760D, cid=1436, SUCCESS, logIndex=2470, commits[0c156e3c-57cc-425b-90ef-9bcaa62a7535:c2470]
2019-06-14 13:45:48,286 INFO  client.GrpcClientProtocolClient (GrpcClientProtocolClient.java:onNext(254)) - client-E0FA40453D59->0c156e3c-57cc-425b-90ef-9bcaa62a7535: receive RaftClientReply:client-E0FA40453D59->0c156e3c-57cc-425b-90ef-9bcaa62a7535@group-7704A457760D, cid=1437, SUCCESS, logIndex=2472, commits[0c156e3c-57cc-425b-90ef-9bcaa62a7535:c2472]
2019-06-14 13:45:48,291 INFO  client.GrpcClientProtocolClient (GrpcClientProtocolClient.java:onNext(254)) - client-E0FA40453D59->0c156e3c-57cc-425b-90ef-9bcaa62a7535: receive RaftClientReply:client-E0FA40453D59->0c156e3c-57cc-425b-90ef-9bcaa62a7535@group-7704A457760D, cid=1438, SUCCESS, logIndex=2474, commits[0c156e3c-57cc-425b-90ef-9bcaa62a7535:c2474]
2019-06-14 13:45:48,294 INFO  client.GrpcClientProtocolClient (GrpcClientProtocolClient.java:onNext(254)) - client-E0FA40453D59->0c156e3c-57cc-425b-90ef-9bcaa62a7535: receive RaftClientReply:client-E0FA40453D59->0c156e3c-57cc-425b-90ef-9bcaa62a7535@group-7704A457760D, cid=1439, SUCCESS, logIndex=2475, commits[0c156e3c-57cc-425b-90ef-9bcaa62a7535:c2477]
2019-06-14 13:45:48,297 INFO  client.GrpcClientProtocolClient (GrpcClientProtocolClient.java:onNext(254)) - client-E0FA40453D59->0c156e3c-57cc-425b-90ef-9bcaa62a7535: receive RaftClientReply:client-E0FA40453D59->0c156e3c-57cc-425b-90ef-9bcaa62a7535@group-7704A457760D, cid=1440, SUCCESS, logIndex=2476, commits[0c156e3c-57cc-425b-90ef-9bcaa62a7535:c2477]
2019-06-14 13:45:48,310 DEBUG block.SCMBlockDeletingService (SCMBlockDeletingService.java:call(138)) - Running DeletedBlockTransactionScanner
2019-06-14 13:45:48,310 DEBUG block.SCMBlockDeletingService (SCMBlockDeletingService.java:call(155)) - Scanned deleted blocks log and got 0 delTX to process.
2019-06-14 13:45:48,319 INFO  client.GrpcClientProtocolClient (GrpcClientProtocolClient.java:onNext(254)) - client-E0FA40453D59->0c156e3c-57cc-425b-90ef-9bcaa62a7535: receive RaftClientReply:client-E0FA40453D59->0c156e3c-57cc-425b-90ef-9bcaa62a7535@group-7704A457760D, cid=1441, SUCCESS, logIndex=2478, commits[0c156e3c-57cc-425b-90ef-9bcaa62a7535:c2479]
2019-06-14 13:45:48,321 INFO  client.GrpcClientProtocolClient (GrpcClientProtocolClient.java:onNext(254)) - client-E0FA40453D59->0c156e3c-57cc-425b-90ef-9bcaa62a7535: receive RaftClientReply:client-E0FA40453D59->0c156e3c-57cc-425b-90ef-9bcaa62a7535@group-7704A457760D, cid=1442, SUCCESS, logIndex=2480, commits[0c156e3c-57cc-425b-90ef-9bcaa62a7535:c2480]
2019-06-14 13:45:48,338 INFO  client.GrpcClientProtocolClient (GrpcClientProtocolClient.java:onNext(254)) - client-E0FA40453D59->0c156e3c-57cc-425b-90ef-9bcaa62a7535: receive RaftClientReply:client-E0FA40453D59->0c156e3c-57cc-425b-90ef-9bcaa62a7535@group-7704A457760D, cid=1443, SUCCESS, logIndex=2481, commits[0c156e3c-57cc-425b-90ef-9bcaa62a7535:c2483]
2019-06-14 13:45:48,339 INFO  client.GrpcClientProtocolClient (GrpcClientProtocolClient.java:onNext(254)) - client-E0FA40453D59->0c156e3c-57cc-425b-90ef-9bcaa62a7535: receive RaftClientReply:client-E0FA40453D59->0c156e3c-57cc-425b-90ef-9bcaa62a7535@group-7704A457760D, cid=1444, SUCCESS, logIndex=2482, commits[0c156e3c-57cc-425b-90ef-9bcaa62a7535:c2484]
2019-06-14 13:45:48,348 INFO  client.GrpcClientProtocolClient (GrpcClientProtocolClient.java:onNext(254)) - client-E0FA40453D59->0c156e3c-57cc-425b-90ef-9bcaa62a7535: receive RaftClientReply:client-E0FA40453D59->0c156e3c-57cc-425b-90ef-9bcaa62a7535@group-7704A457760D, cid=1445, SUCCESS, logIndex=2485, commits[0c156e3c-57cc-425b-90ef-9bcaa62a7535:c2485]
2019-06-14 13:45:48,364 INFO  client.GrpcClientProtocolClient (GrpcClientProtocolClient.java:onNext(254)) - client-E0FA40453D59->0c156e3c-57cc-425b-90ef-9bcaa62a7535: receive RaftClientReply:client-E0FA40453D59->0c156e3c-57cc-425b-90ef-9bcaa62a7535@group-7704A457760D, cid=1446, SUCCESS, logIndex=2487, commits[0c156e3c-57cc-425b-90ef-9bcaa62a7535:c2488]
2019-06-14 13:45:48,371 INFO  client.GrpcClientProtocolClient (GrpcClientProtocolClient.java:onNext(254)) - client-E0FA40453D59->0c156e3c-57cc-425b-90ef-9bcaa62a7535: receive RaftClientReply:client-E0FA40453D59->0c156e3c-57cc-425b-90ef-9bcaa62a7535@group-7704A457760D, cid=1447, SUCCESS, logIndex=2489, commits[0c156e3c-57cc-425b-90ef-9bcaa62a7535:c2490]
2019-06-14 13:45:48,372 INFO  client.GrpcClientProtocolClient (GrpcClientProtocolClient.java:onNext(254)) - client-E0FA40453D59->0c156e3c-57cc-425b-90ef-9bcaa62a7535: receive RaftClientReply:client-E0FA40453D59->0c156e3c-57cc-425b-90ef-9bcaa62a7535@group-7704A457760D, cid=1448, SUCCESS, logIndex=2490, commits[0c156e3c-57cc-425b-90ef-9bcaa62a7535:c2490]
2019-06-14 13:45:48,398 INFO  client.GrpcClientProtocolClient (GrpcClientProtocolClient.java:onNext(254)) - client-E0FA40453D59->0c156e3c-57cc-425b-90ef-9bcaa62a7535: receive RaftClientReply:client-E0FA40453D59->0c156e3c-57cc-425b-90ef-9bcaa62a7535@group-7704A457760D, cid=1449, SUCCESS, logIndex=2492, commits[0c156e3c-57cc-425b-90ef-9bcaa62a7535:c2493]
2019-06-14 13:45:48,405 INFO  client.GrpcClientProtocolClient (GrpcClientProtocolClient.java:onNext(254)) - client-E0FA40453D59->0c156e3c-57cc-425b-90ef-9bcaa62a7535: receive RaftClientReply:client-E0FA40453D59->0c156e3c-57cc-425b-90ef-9bcaa62a7535@group-7704A457760D, cid=1450, SUCCESS, logIndex=2494, commits[0c156e3c-57cc-425b-90ef-9bcaa62a7535:c2494]
2019-06-14 13:45:48,421 DEBUG block.SCMBlockDeletingService (SCMBlockDeletingService.java:call(138)) - Running DeletedBlockTransactionScanner
2019-06-14 13:45:48,421 DEBUG block.SCMBlockDeletingService (SCMBlockDeletingService.java:call(155)) - Scanned deleted blocks log and got 0 delTX to process.
2019-06-14 13:45:48,422 INFO  client.GrpcClientProtocolClient (GrpcClientProtocolClient.java:onNext(254)) - client-E0FA40453D59->0c156e3c-57cc-425b-90ef-9bcaa62a7535: receive RaftClientReply:client-E0FA40453D59->0c156e3c-57cc-425b-90ef-9bcaa62a7535@group-7704A457760D, cid=1451, SUCCESS, logIndex=2495, commits[0c156e3c-57cc-425b-90ef-9bcaa62a7535:c2495]
2019-06-14 13:45:48,423 INFO  client.GrpcClientProtocolClient (GrpcClientProtocolClient.java:onNext(254)) - client-E0FA40453D59->0c156e3c-57cc-425b-90ef-9bcaa62a7535: receive RaftClientReply:client-E0FA40453D59->0c156e3c-57cc-425b-90ef-9bcaa62a7535@group-7704A457760D, cid=1452, SUCCESS, logIndex=2496, commits[0c156e3c-57cc-425b-90ef-9bcaa62a7535:c2498]
2019-06-14 13:45:48,433 INFO  client.GrpcClientProtocolClient (GrpcClientProtocolClient.java:onNext(254)) - client-E0FA40453D59->0c156e3c-57cc-425b-90ef-9bcaa62a7535: receive RaftClientReply:client-E0FA40453D59->0c156e3c-57cc-425b-90ef-9bcaa62a7535@group-7704A457760D, cid=1453, SUCCESS, logIndex=2499, commits[0c156e3c-57cc-425b-90ef-9bcaa62a7535:c2499]
2019-06-14 13:45:48,433 INFO  storage.RaftLogWorker (RaftLogWorker.java:rollLogSegment(303)) - 0c156e3c-57cc-425b-90ef-9bcaa62a7535-RaftLogWorker: Rolling segment log-2430_2502 to index:2502
2019-06-14 13:45:48,438 INFO  storage.RaftLogWorker (RaftLogWorker.java:execute(433)) - 0c156e3c-57cc-425b-90ef-9bcaa62a7535-RaftLogWorker: Rolled log segment from /opt/src/hadoop-ozone/integration-test/target/test-dir/MiniOzoneClusterImpl-8919240e-7e15-4dbf-8bf4-c210578586bb/datanode-0/data/ratis/1fc53845-3381-4beb-82f9-7704a457760d/current/log_inprogress_2430 to /opt/src/hadoop-ozone/integration-test/target/test-dir/MiniOzoneClusterImpl-8919240e-7e15-4dbf-8bf4-c210578586bb/datanode-0/data/ratis/1fc53845-3381-4beb-82f9-7704a457760d/current/log_2430-2502
2019-06-14 13:45:48,446 INFO  client.GrpcClientProtocolClient (GrpcClientProtocolClient.java:onNext(254)) - client-E0FA40453D59->0c156e3c-57cc-425b-90ef-9bcaa62a7535: receive RaftClientReply:client-E0FA40453D59->0c156e3c-57cc-425b-90ef-9bcaa62a7535@group-7704A457760D, cid=1454, SUCCESS, logIndex=2501, commits[0c156e3c-57cc-425b-90ef-9bcaa62a7535:c2502]
2019-06-14 13:45:48,462 INFO  client.GrpcClientProtocolClient (GrpcClientProtocolClient.java:onNext(254)) - client-E0FA40453D59->0c156e3c-57cc-425b-90ef-9bcaa62a7535: receive RaftClientReply:client-E0FA40453D59->0c156e3c-57cc-425b-90ef-9bcaa62a7535@group-7704A457760D, cid=1455, SUCCESS, logIndex=2502, commits[0c156e3c-57cc-425b-90ef-9bcaa62a7535:c2502]
2019-06-14 13:45:48,481 INFO  storage.RaftLogWorker (RaftLogWorker.java:execute(469)) - 0c156e3c-57cc-425b-90ef-9bcaa62a7535-RaftLogWorker: created new log segment /opt/src/hadoop-ozone/integration-test/target/test-dir/MiniOzoneClusterImpl-8919240e-7e15-4dbf-8bf4-c210578586bb/datanode-0/data/ratis/1fc53845-3381-4beb-82f9-7704a457760d/current/log_inprogress_2503
2019-06-14 13:45:48,490 INFO  client.GrpcClientProtocolClient (GrpcClientProtocolClient.java:onNext(254)) - client-E0FA40453D59->0c156e3c-57cc-425b-90ef-9bcaa62a7535: receive RaftClientReply:client-E0FA40453D59->0c156e3c-57cc-425b-90ef-9bcaa62a7535@group-7704A457760D, cid=1456, SUCCESS, logIndex=2503, commits[0c156e3c-57cc-425b-90ef-9bcaa62a7535:c2504]
2019-06-14 13:45:48,518 INFO  client.GrpcClientProtocolClient (GrpcClientProtocolClient.java:onNext(254)) - client-E0FA40453D59->0c156e3c-57cc-425b-90ef-9bcaa62a7535: receive RaftClientReply:client-E0FA40453D59->0c156e3c-57cc-425b-90ef-9bcaa62a7535@group-7704A457760D, cid=1457, SUCCESS, logIndex=2505, commits[0c156e3c-57cc-425b-90ef-9bcaa62a7535:c2505]
2019-06-14 13:45:48,519 INFO  client.GrpcClientProtocolClient (GrpcClientProtocolClient.java:onNext(254)) - client-E0FA40453D59->0c156e3c-57cc-425b-90ef-9bcaa62a7535: receive RaftClientReply:client-E0FA40453D59->0c156e3c-57cc-425b-90ef-9bcaa62a7535@group-7704A457760D, cid=1458, SUCCESS, logIndex=2507, commits[0c156e3c-57cc-425b-90ef-9bcaa62a7535:c2507]
2019-06-14 13:45:48,522 DEBUG block.SCMBlockDeletingService (SCMBlockDeletingService.java:call(138)) - Running DeletedBlockTransactionScanner
2019-06-14 13:45:48,522 DEBUG block.SCMBlockDeletingService (SCMBlockDeletingService.java:call(155)) - Scanned deleted blocks log and got 0 delTX to process.
2019-06-14 13:45:48,870 DEBUG block.SCMBlockDeletingService (SCMBlockDeletingService.java:call(138)) - Running DeletedBlockTransactionScanner
2019-06-14 13:45:48,871 DEBUG block.SCMBlockDeletingService (SCMBlockDeletingService.java:call(155)) - Scanned deleted blocks log and got 0 delTX to process.
2019-06-14 13:45:48,883 INFO  client.GrpcClientProtocolClient (GrpcClientProtocolClient.java:onNext(254)) - client-E0FA40453D59->0c156e3c-57cc-425b-90ef-9bcaa62a7535: receive RaftClientReply:client-E0FA40453D59->0c156e3c-57cc-425b-90ef-9bcaa62a7535@group-7704A457760D, cid=1459, SUCCESS, logIndex=2509, commits[0c156e3c-57cc-425b-90ef-9bcaa62a7535:c2509]
2019-06-14 13:45:48,885 INFO  client.GrpcClientProtocolClient (GrpcClientProtocolClient.java:onNext(254)) - client-E0FA40453D59->0c156e3c-57cc-425b-90ef-9bcaa62a7535: receive RaftClientReply:client-E0FA40453D59->0c156e3c-57cc-425b-90ef-9bcaa62a7535@group-7704A457760D, cid=1460, SUCCESS, logIndex=2511, commits[0c156e3c-57cc-425b-90ef-9bcaa62a7535:c2511]
2019-06-14 13:45:48,891 INFO  client.GrpcClientProtocolClient (GrpcClientProtocolClient.java:onNext(254)) - client-E0FA40453D59->0c156e3c-57cc-425b-90ef-9bcaa62a7535: receive RaftClientReply:client-E0FA40453D59->0c156e3c-57cc-425b-90ef-9bcaa62a7535@group-7704A457760D, cid=1461, SUCCESS, logIndex=2513, commits[0c156e3c-57cc-425b-90ef-9bcaa62a7535:c2513]
2019-06-14 13:45:48,892 INFO  client.GrpcClientProtocolClient (GrpcClientProtocolClient.java:onNext(254)) - client-E0FA40453D59->0c156e3c-57cc-425b-90ef-9bcaa62a7535: receive RaftClientReply:client-E0FA40453D59->0c156e3c-57cc-425b-90ef-9bcaa62a7535@group-7704A457760D, cid=1462, SUCCESS, logIndex=2515, commits[0c156e3c-57cc-425b-90ef-9bcaa62a7535:c2515]
2019-06-14 13:45:48,896 INFO  client.GrpcClientProtocolClient (GrpcClientProtocolClient.java:onNext(254)) - client-E0FA40453D59->0c156e3c-57cc-425b-90ef-9bcaa62a7535: receive RaftClientReply:client-E0FA40453D59->0c156e3c-57cc-425b-90ef-9bcaa62a7535@group-7704A457760D, cid=1463, SUCCESS, logIndex=2517, commits[0c156e3c-57cc-425b-90ef-9bcaa62a7535:c2518]
2019-06-14 13:45:48,897 INFO  client.GrpcClientProtocolClient (GrpcClientProtocolClient.java:onNext(254)) - client-E0FA40453D59->0c156e3c-57cc-425b-90ef-9bcaa62a7535: receive RaftClientReply:client-E0FA40453D59->0c156e3c-57cc-425b-90ef-9bcaa62a7535@group-7704A457760D, cid=1464, SUCCESS, logIndex=2518, commits[0c156e3c-57cc-425b-90ef-9bcaa62a7535:c2518]
2019-06-14 13:45:48,911 INFO  client.GrpcClientProtocolClient (GrpcClientProtocolClient.java:onNext(254)) - client-E0FA40453D59->0c156e3c-57cc-425b-90ef-9bcaa62a7535: receive RaftClientReply:client-E0FA40453D59->0c156e3c-57cc-425b-90ef-9bcaa62a7535@group-7704A457760D, cid=1465, SUCCESS, logIndex=2520, commits[0c156e3c-57cc-425b-90ef-9bcaa62a7535:c2521]
2019-06-14 13:45:48,913 INFO  client.GrpcClientProtocolClient (GrpcClientProtocolClient.java:onNext(254)) - client-E0FA40453D59->0c156e3c-57cc-425b-90ef-9bcaa62a7535: receive RaftClientReply:client-E0FA40453D59->0c156e3c-57cc-425b-90ef-9bcaa62a7535@group-7704A457760D, cid=1466, SUCCESS, logIndex=2522, commits[0c156e3c-57cc-425b-90ef-9bcaa62a7535:c2522]
2019-06-14 13:45:48,914 INFO  client.GrpcClientProtocolClient (GrpcClientProtocolClient.java:onNext(254)) - client-E0FA40453D59->0c156e3c-57cc-425b-90ef-9bcaa62a7535: receive RaftClientReply:client-E0FA40453D59->0c156e3c-57cc-425b-90ef-9bcaa62a7535@group-7704A457760D, cid=1467, SUCCESS, logIndex=2523, commits[0c156e3c-57cc-425b-90ef-9bcaa62a7535:c2524]
2019-06-14 13:45:48,914 INFO  client.GrpcClientProtocolClient (GrpcClientProtocolClient.java:onNext(254)) - client-E0FA40453D59->0c156e3c-57cc-425b-90ef-9bcaa62a7535: receive RaftClientReply:client-E0FA40453D59->0c156e3c-57cc-425b-90ef-9bcaa62a7535@group-7704A457760D, cid=1468, SUCCESS, logIndex=2524, commits[0c156e3c-57cc-425b-90ef-9bcaa62a7535:c2524]
2019-06-14 13:45:48,924 INFO  client.GrpcClientProtocolClient (GrpcClientProtocolClient.java:onNext(254)) - client-E0FA40453D59->0c156e3c-57cc-425b-90ef-9bcaa62a7535: receive RaftClientReply:client-E0FA40453D59->0c156e3c-57cc-425b-90ef-9bcaa62a7535@group-7704A457760D, cid=1469, SUCCESS, logIndex=2527, commits[0c156e3c-57cc-425b-90ef-9bcaa62a7535:c2527]
2019-06-14 13:45:48,931 INFO  client.GrpcClientProtocolClient (GrpcClientProtocolClient.java:onNext(254)) - client-E0FA40453D59->0c156e3c-57cc-425b-90ef-9bcaa62a7535: receive RaftClientReply:client-E0FA40453D59->0c156e3c-57cc-425b-90ef-9bcaa62a7535@group-7704A457760D, cid=1470, SUCCESS, logIndex=2529, commits[0c156e3c-57cc-425b-90ef-9bcaa62a7535:c2531]
2019-06-14 13:45:48,934 INFO  client.GrpcClientProtocolClient (GrpcClientProtocolClient.java:onNext(254)) - client-E0FA40453D59->0c156e3c-57cc-425b-90ef-9bcaa62a7535: receive RaftClientReply:client-E0FA40453D59->0c156e3c-57cc-425b-90ef-9bcaa62a7535@group-7704A457760D, cid=1471, SUCCESS, logIndex=2530, commits[0c156e3c-57cc-425b-90ef-9bcaa62a7535:c2531]
2019-06-14 13:45:48,934 INFO  client.GrpcClientProtocolClient (GrpcClientProtocolClient.java:onNext(254)) - client-E0FA40453D59->0c156e3c-57cc-425b-90ef-9bcaa62a7535: receive RaftClientReply:client-E0FA40453D59->0c156e3c-57cc-425b-90ef-9bcaa62a7535@group-7704A457760D, cid=1472, SUCCESS, logIndex=2531, commits[0c156e3c-57cc-425b-90ef-9bcaa62a7535:c2531]
2019-06-14 13:45:48,953 INFO  client.GrpcClientProtocolClient (GrpcClientProtocolClient.java:onNext(254)) - client-E0FA40453D59->0c156e3c-57cc-425b-90ef-9bcaa62a7535: receive RaftClientReply:client-E0FA40453D59->0c156e3c-57cc-425b-90ef-9bcaa62a7535@group-7704A457760D, cid=1473, SUCCESS, logIndex=2533, commits[0c156e3c-57cc-425b-90ef-9bcaa62a7535:c2533]
2019-06-14 13:45:48,959 INFO  client.GrpcClientProtocolClient (GrpcClientProtocolClient.java:onNext(254)) - client-E0FA40453D59->0c156e3c-57cc-425b-90ef-9bcaa62a7535: receive RaftClientReply:client-E0FA40453D59->0c156e3c-57cc-425b-90ef-9bcaa62a7535@group-7704A457760D, cid=1474, SUCCESS, logIndex=2535, commits[0c156e3c-57cc-425b-90ef-9bcaa62a7535:c2535]
2019-06-14 13:45:48,961 INFO  client.GrpcClientProtocolClient (GrpcClientProtocolClient.java:onNext(254)) - client-E0FA40453D59->0c156e3c-57cc-425b-90ef-9bcaa62a7535: receive RaftClientReply:client-E0FA40453D59->0c156e3c-57cc-425b-90ef-9bcaa62a7535@group-7704A457760D, cid=1475, SUCCESS, logIndex=2536, commits[0c156e3c-57cc-425b-90ef-9bcaa62a7535:c2537]
2019-06-14 13:45:48,963 INFO  client.GrpcClientProtocolClient (GrpcClientProtocolClient.java:onNext(254)) - client-E0FA40453D59->0c156e3c-57cc-425b-90ef-9bcaa62a7535: receive RaftClientReply:client-E0FA40453D59->0c156e3c-57cc-425b-90ef-9bcaa62a7535@group-7704A457760D, cid=1476, SUCCESS, logIndex=2537, commits[0c156e3c-57cc-425b-90ef-9bcaa62a7535:c2537]
2019-06-14 13:45:48,971 INFO  client.GrpcClientProtocolClient (GrpcClientProtocolClient.java:onNext(254)) - client-E0FA40453D59->0c156e3c-57cc-425b-90ef-9bcaa62a7535: receive RaftClientReply:client-E0FA40453D59->0c156e3c-57cc-425b-90ef-9bcaa62a7535@group-7704A457760D, cid=1477, SUCCESS, logIndex=2540, commits[0c156e3c-57cc-425b-90ef-9bcaa62a7535:c2540]
2019-06-14 13:45:48,971 DEBUG block.SCMBlockDeletingService (SCMBlockDeletingService.java:call(138)) - Running DeletedBlockTransactionScanner
2019-06-14 13:45:48,972 DEBUG block.SCMBlockDeletingService (SCMBlockDeletingService.java:call(155)) - Scanned deleted blocks log and got 0 delTX to process.
2019-06-14 13:45:48,973 INFO  client.GrpcClientProtocolClient (GrpcClientProtocolClient.java:onNext(254)) - client-E0FA40453D59->0c156e3c-57cc-425b-90ef-9bcaa62a7535: receive RaftClientReply:client-E0FA40453D59->0c156e3c-57cc-425b-90ef-9bcaa62a7535@group-7704A457760D, cid=1478, SUCCESS, logIndex=2542, commits[0c156e3c-57cc-425b-90ef-9bcaa62a7535:c2542]
2019-06-14 13:45:48,974 INFO  client.GrpcClientProtocolClient (GrpcClientProtocolClient.java:onNext(254)) - client-E0FA40453D59->0c156e3c-57cc-425b-90ef-9bcaa62a7535: receive RaftClientReply:client-E0FA40453D59->0c156e3c-57cc-425b-90ef-9bcaa62a7535@group-7704A457760D, cid=1479, SUCCESS, logIndex=2543, commits[0c156e3c-57cc-425b-90ef-9bcaa62a7535:c2545]
2019-06-14 13:45:48,974 INFO  client.GrpcClientProtocolClient (GrpcClientProtocolClient.java:onNext(254)) - client-E0FA40453D59->0c156e3c-57cc-425b-90ef-9bcaa62a7535: receive RaftClientReply:client-E0FA40453D59->0c156e3c-57cc-425b-90ef-9bcaa62a7535@group-7704A457760D, cid=1480, SUCCESS, logIndex=2544, commits[0c156e3c-57cc-425b-90ef-9bcaa62a7535:c2545]
2019-06-14 13:45:48,986 INFO  client.GrpcClientProtocolClient (GrpcClientProtocolClient.java:onNext(254)) - client-E0FA40453D59->0c156e3c-57cc-425b-90ef-9bcaa62a7535: receive RaftClientReply:client-E0FA40453D59->0c156e3c-57cc-425b-90ef-9bcaa62a7535@group-7704A457760D, cid=1481, SUCCESS, logIndex=2546, commits[0c156e3c-57cc-425b-90ef-9bcaa62a7535:c2547]
2019-06-14 13:45:48,988 INFO  client.GrpcClientProtocolClient (GrpcClientProtocolClient.java:onNext(254)) - client-E0FA40453D59->0c156e3c-57cc-425b-90ef-9bcaa62a7535: receive RaftClientReply:client-E0FA40453D59->0c156e3c-57cc-425b-90ef-9bcaa62a7535@group-7704A457760D, cid=1482, SUCCESS, logIndex=2548, commits[0c156e3c-57cc-425b-90ef-9bcaa62a7535:c2548]
2019-06-14 13:45:48,992 INFO  client.GrpcClientProtocolClient (GrpcClientProtocolClient.java:onNext(254)) - client-E0FA40453D59->0c156e3c-57cc-425b-90ef-9bcaa62a7535: receive RaftClientReply:client-E0FA40453D59->0c156e3c-57cc-425b-90ef-9bcaa62a7535@group-7704A457760D, cid=1483, SUCCESS, logIndex=2549, commits[0c156e3c-57cc-425b-90ef-9bcaa62a7535:c2551]
2019-06-14 13:45:48,993 INFO  client.GrpcClientProtocolClient (GrpcClientProtocolClient.java:onNext(254)) - client-E0FA40453D59->0c156e3c-57cc-425b-90ef-9bcaa62a7535: receive RaftClientReply:client-E0FA40453D59->0c156e3c-57cc-425b-90ef-9bcaa62a7535@group-7704A457760D, cid=1484, SUCCESS, logIndex=2550, commits[0c156e3c-57cc-425b-90ef-9bcaa62a7535:c2551]
2019-06-14 13:45:48,999 INFO  client.GrpcClientProtocolClient (GrpcClientProtocolClient.java:onNext(254)) - client-E0FA40453D59->0c156e3c-57cc-425b-90ef-9bcaa62a7535: receive RaftClientReply:client-E0FA40453D59->0c156e3c-57cc-425b-90ef-9bcaa62a7535@group-7704A457760D, cid=1485, SUCCESS, logIndex=2552, commits[0c156e3c-57cc-425b-90ef-9bcaa62a7535:c2552]
2019-06-14 13:45:49,003 INFO  client.GrpcClientProtocolClient (GrpcClientProtocolClient.java:onNext(254)) - client-E0FA40453D59->0c156e3c-57cc-425b-90ef-9bcaa62a7535: receive RaftClientReply:client-E0FA40453D59->0c156e3c-57cc-425b-90ef-9bcaa62a7535@group-7704A457760D, cid=1486, SUCCESS, logIndex=2554, commits[0c156e3c-57cc-425b-90ef-9bcaa62a7535:c2556]
2019-06-14 13:45:49,004 INFO  client.GrpcClientProtocolClient (GrpcClientProtocolClient.java:onNext(254)) - client-E0FA40453D59->0c156e3c-57cc-425b-90ef-9bcaa62a7535: receive RaftClientReply:client-E0FA40453D59->0c156e3c-57cc-425b-90ef-9bcaa62a7535@group-7704A457760D, cid=1487, SUCCESS, logIndex=2555, commits[0c156e3c-57cc-425b-90ef-9bcaa62a7535:c2556]
2019-06-14 13:45:49,006 INFO  client.GrpcClientProtocolClient (GrpcClientProtocolClient.java:onNext(254)) - client-E0FA40453D59->0c156e3c-57cc-425b-90ef-9bcaa62a7535: receive RaftClientReply:client-E0FA40453D59->0c156e3c-57cc-425b-90ef-9bcaa62a7535@group-7704A457760D, cid=1488, SUCCESS, logIndex=2556, commits[0c156e3c-57cc-425b-90ef-9bcaa62a7535:c2557]
2019-06-14 13:45:49,023 INFO  client.GrpcClientProtocolClient (GrpcClientProtocolClient.java:onNext(254)) - client-E0FA40453D59->0c156e3c-57cc-425b-90ef-9bcaa62a7535: receive RaftClientReply:client-E0FA40453D59->0c156e3c-57cc-425b-90ef-9bcaa62a7535@group-7704A457760D, cid=1489, SUCCESS, logIndex=2558, commits[0c156e3c-57cc-425b-90ef-9bcaa62a7535:c2558]
2019-06-14 13:45:49,024 INFO  client.GrpcClientProtocolClient (GrpcClientProtocolClient.java:onNext(254)) - client-E0FA40453D59->0c156e3c-57cc-425b-90ef-9bcaa62a7535: receive RaftClientReply:client-E0FA40453D59->0c156e3c-57cc-425b-90ef-9bcaa62a7535@group-7704A457760D, cid=1490, SUCCESS, logIndex=2560, commits[0c156e3c-57cc-425b-90ef-9bcaa62a7535:c2560]
2019-06-14 13:45:49,028 INFO  client.GrpcClientProtocolClient (GrpcClientProtocolClient.java:onNext(254)) - client-E0FA40453D59->0c156e3c-57cc-425b-90ef-9bcaa62a7535: receive RaftClientReply:client-E0FA40453D59->0c156e3c-57cc-425b-90ef-9bcaa62a7535@group-7704A457760D, cid=1491, SUCCESS, logIndex=2561, commits[0c156e3c-57cc-425b-90ef-9bcaa62a7535:c2563]
2019-06-14 13:45:49,028 INFO  client.GrpcClientProtocolClient (GrpcClientProtocolClient.java:onNext(254)) - client-E0FA40453D59->0c156e3c-57cc-425b-90ef-9bcaa62a7535: receive RaftClientReply:client-E0FA40453D59->0c156e3c-57cc-425b-90ef-9bcaa62a7535@group-7704A457760D, cid=1492, SUCCESS, logIndex=2562, commits[0c156e3c-57cc-425b-90ef-9bcaa62a7535:c2563]
2019-06-14 13:45:49,042 INFO  client.GrpcClientProtocolClient (GrpcClientProtocolClient.java:onNext(254)) - client-E0FA40453D59->0c156e3c-57cc-425b-90ef-9bcaa62a7535: receive RaftClientReply:client-E0FA40453D59->0c156e3c-57cc-425b-90ef-9bcaa62a7535@group-7704A457760D, cid=1493, SUCCESS, logIndex=2564, commits[0c156e3c-57cc-425b-90ef-9bcaa62a7535:c2565]
2019-06-14 13:45:49,045 INFO  client.GrpcClientProtocolClient (GrpcClientProtocolClient.java:onNext(254)) - client-E0FA40453D59->0c156e3c-57cc-425b-90ef-9bcaa62a7535: receive RaftClientReply:client-E0FA40453D59->0c156e3c-57cc-425b-90ef-9bcaa62a7535@group-7704A457760D, cid=1494, SUCCESS, logIndex=2566, commits[0c156e3c-57cc-425b-90ef-9bcaa62a7535:c2566]
2019-06-14 13:45:49,045 INFO  client.GrpcClientProtocolClient (GrpcClientProtocolClient.java:onNext(254)) - client-E0FA40453D59->0c156e3c-57cc-425b-90ef-9bcaa62a7535: receive RaftClientReply:client-E0FA40453D59->0c156e3c-57cc-425b-90ef-9bcaa62a7535@group-7704A457760D, cid=1495, SUCCESS, logIndex=2567, commits[0c156e3c-57cc-425b-90ef-9bcaa62a7535:c2568]
2019-06-14 13:45:49,046 INFO  client.GrpcClientProtocolClient (GrpcClientProtocolClient.java:onNext(254)) - client-E0FA40453D59->0c156e3c-57cc-425b-90ef-9bcaa62a7535: receive RaftClientReply:client-E0FA40453D59->0c156e3c-57cc-425b-90ef-9bcaa62a7535@group-7704A457760D, cid=1496, SUCCESS, logIndex=2568, commits[0c156e3c-57cc-425b-90ef-9bcaa62a7535:c2568]
2019-06-14 13:45:49,062 INFO  storage.RaftLogWorker (RaftLogWorker.java:rollLogSegment(303)) - 0c156e3c-57cc-425b-90ef-9bcaa62a7535-RaftLogWorker: Rolling segment log-2503_2573 to index:2573
2019-06-14 13:45:49,063 INFO  client.GrpcClientProtocolClient (GrpcClientProtocolClient.java:onNext(254)) - client-E0FA40453D59->0c156e3c-57cc-425b-90ef-9bcaa62a7535: receive RaftClientReply:client-E0FA40453D59->0c156e3c-57cc-425b-90ef-9bcaa62a7535@group-7704A457760D, cid=1497, SUCCESS, logIndex=2571, commits[0c156e3c-57cc-425b-90ef-9bcaa62a7535:c2571]
2019-06-14 13:45:49,064 INFO  storage.RaftLogWorker (RaftLogWorker.java:execute(433)) - 0c156e3c-57cc-425b-90ef-9bcaa62a7535-RaftLogWorker: Rolled log segment from /opt/src/hadoop-ozone/integration-test/target/test-dir/MiniOzoneClusterImpl-8919240e-7e15-4dbf-8bf4-c210578586bb/datanode-0/data/ratis/1fc53845-3381-4beb-82f9-7704a457760d/current/log_inprogress_2503 to /opt/src/hadoop-ozone/integration-test/target/test-dir/MiniOzoneClusterImpl-8919240e-7e15-4dbf-8bf4-c210578586bb/datanode-0/data/ratis/1fc53845-3381-4beb-82f9-7704a457760d/current/log_2503-2573
2019-06-14 13:45:49,074 DEBUG block.SCMBlockDeletingService (SCMBlockDeletingService.java:call(138)) - Running DeletedBlockTransactionScanner
2019-06-14 13:45:49,074 DEBUG block.SCMBlockDeletingService (SCMBlockDeletingService.java:call(155)) - Scanned deleted blocks log and got 0 delTX to process.
2019-06-14 13:45:49,084 INFO  client.GrpcClientProtocolClient (GrpcClientProtocolClient.java:onNext(254)) - client-E0FA40453D59->0c156e3c-57cc-425b-90ef-9bcaa62a7535: receive RaftClientReply:client-E0FA40453D59->0c156e3c-57cc-425b-90ef-9bcaa62a7535@group-7704A457760D, cid=1498, SUCCESS, logIndex=2573, commits[0c156e3c-57cc-425b-90ef-9bcaa62a7535:c2573]
2019-06-14 13:45:49,109 INFO  storage.RaftLogWorker (RaftLogWorker.java:execute(469)) - 0c156e3c-57cc-425b-90ef-9bcaa62a7535-RaftLogWorker: created new log segment /opt/src/hadoop-ozone/integration-test/target/test-dir/MiniOzoneClusterImpl-8919240e-7e15-4dbf-8bf4-c210578586bb/datanode-0/data/ratis/1fc53845-3381-4beb-82f9-7704a457760d/current/log_inprogress_2574
2019-06-14 13:45:49,111 INFO  client.GrpcClientProtocolClient (GrpcClientProtocolClient.java:onNext(254)) - client-E0FA40453D59->0c156e3c-57cc-425b-90ef-9bcaa62a7535: receive RaftClientReply:client-E0FA40453D59->0c156e3c-57cc-425b-90ef-9bcaa62a7535@group-7704A457760D, cid=1499, SUCCESS, logIndex=2574, commits[0c156e3c-57cc-425b-90ef-9bcaa62a7535:c2576]
2019-06-14 13:45:49,114 INFO  client.GrpcClientProtocolClient (GrpcClientProtocolClient.java:onNext(254)) - client-E0FA40453D59->0c156e3c-57cc-425b-90ef-9bcaa62a7535: receive RaftClientReply:client-E0FA40453D59->0c156e3c-57cc-425b-90ef-9bcaa62a7535@group-7704A457760D, cid=1500, SUCCESS, logIndex=2575, commits[0c156e3c-57cc-425b-90ef-9bcaa62a7535:c2576]
2019-06-14 13:45:49,127 INFO  client.GrpcClientProtocolClient (GrpcClientProtocolClient.java:onNext(254)) - client-E0FA40453D59->0c156e3c-57cc-425b-90ef-9bcaa62a7535: receive RaftClientReply:client-E0FA40453D59->0c156e3c-57cc-425b-90ef-9bcaa62a7535@group-7704A457760D, cid=1501, SUCCESS, logIndex=2577, commits[0c156e3c-57cc-425b-90ef-9bcaa62a7535:c2577]
2019-06-14 13:45:49,134 INFO  client.GrpcClientProtocolClient (GrpcClientProtocolClient.java:onNext(254)) - client-E0FA40453D59->0c156e3c-57cc-425b-90ef-9bcaa62a7535: receive RaftClientReply:client-E0FA40453D59->0c156e3c-57cc-425b-90ef-9bcaa62a7535@group-7704A457760D, cid=1502, SUCCESS, logIndex=2579, commits[0c156e3c-57cc-425b-90ef-9bcaa62a7535:c2579]
2019-06-14 13:45:49,177 DEBUG block.SCMBlockDeletingService (SCMBlockDeletingService.java:call(138)) - Running DeletedBlockTransactionScanner
2019-06-14 13:45:49,178 DEBUG block.SCMBlockDeletingService (SCMBlockDeletingService.java:call(155)) - Scanned deleted blocks log and got 0 delTX to process.
2019-06-14 13:45:49,213 INFO  client.GrpcClientProtocolClient (GrpcClientProtocolClient.java:onNext(254)) - client-E0FA40453D59->0c156e3c-57cc-425b-90ef-9bcaa62a7535: receive RaftClientReply:client-E0FA40453D59->0c156e3c-57cc-425b-90ef-9bcaa62a7535@group-7704A457760D, cid=1503, SUCCESS, logIndex=2581, commits[0c156e3c-57cc-425b-90ef-9bcaa62a7535:c2581]
2019-06-14 13:45:49,215 INFO  client.GrpcClientProtocolClient (GrpcClientProtocolClient.java:onNext(254)) - client-E0FA40453D59->0c156e3c-57cc-425b-90ef-9bcaa62a7535: receive RaftClientReply:client-E0FA40453D59->0c156e3c-57cc-425b-90ef-9bcaa62a7535@group-7704A457760D, cid=1504, SUCCESS, logIndex=2583, commits[0c156e3c-57cc-425b-90ef-9bcaa62a7535:c2583]
2019-06-14 13:45:49,227 INFO  client.GrpcClientProtocolClient (GrpcClientProtocolClient.java:onNext(254)) - client-E0FA40453D59->0c156e3c-57cc-425b-90ef-9bcaa62a7535: receive RaftClientReply:client-E0FA40453D59->0c156e3c-57cc-425b-90ef-9bcaa62a7535@group-7704A457760D, cid=1505, SUCCESS, logIndex=2585, commits[0c156e3c-57cc-425b-90ef-9bcaa62a7535:c2585]
2019-06-14 13:45:49,232 INFO  client.GrpcClientProtocolClient (GrpcClientProtocolClient.java:onNext(254)) - client-E0FA40453D59->0c156e3c-57cc-425b-90ef-9bcaa62a7535: receive RaftClientReply:client-E0FA40453D59->0c156e3c-57cc-425b-90ef-9bcaa62a7535@group-7704A457760D, cid=1506, SUCCESS, logIndex=2587, commits[0c156e3c-57cc-425b-90ef-9bcaa62a7535:c2589]
2019-06-14 13:45:49,232 INFO  client.GrpcClientProtocolClient (GrpcClientProtocolClient.java:onNext(254)) - client-E0FA40453D59->0c156e3c-57cc-425b-90ef-9bcaa62a7535: receive RaftClientReply:client-E0FA40453D59->0c156e3c-57cc-425b-90ef-9bcaa62a7535@group-7704A457760D, cid=1507, SUCCESS, logIndex=2588, commits[0c156e3c-57cc-425b-90ef-9bcaa62a7535:c2589]
2019-06-14 13:45:49,233 INFO  client.GrpcClientProtocolClient (GrpcClientProtocolClient.java:onNext(254)) - client-E0FA40453D59->0c156e3c-57cc-425b-90ef-9bcaa62a7535: receive RaftClientReply:client-E0FA40453D59->0c156e3c-57cc-425b-90ef-9bcaa62a7535@group-7704A457760D, cid=1508, SUCCESS, logIndex=2589, commits[0c156e3c-57cc-425b-90ef-9bcaa62a7535:c2589]
2019-06-14 13:45:49,242 INFO  client.GrpcClientProtocolClient (GrpcClientProtocolClient.java:onNext(254)) - client-E0FA40453D59->0c156e3c-57cc-425b-90ef-9bcaa62a7535: receive RaftClientReply:client-E0FA40453D59->0c156e3c-57cc-425b-90ef-9bcaa62a7535@group-7704A457760D, cid=1509, SUCCESS, logIndex=2591, commits[0c156e3c-57cc-425b-90ef-9bcaa62a7535:c2591]
2019-06-14 13:45:49,247 INFO  client.GrpcClientProtocolClient (GrpcClientProtocolClient.java:onNext(254)) - client-E0FA40453D59->0c156e3c-57cc-425b-90ef-9bcaa62a7535: receive RaftClientReply:client-E0FA40453D59->0c156e3c-57cc-425b-90ef-9bcaa62a7535@group-7704A457760D, cid=1510, SUCCESS, logIndex=2593, commits[0c156e3c-57cc-425b-90ef-9bcaa62a7535:c2593]
2019-06-14 13:45:49,252 INFO  client.GrpcClientProtocolClient (GrpcClientProtocolClient.java:onNext(254)) - client-E0FA40453D59->0c156e3c-57cc-425b-90ef-9bcaa62a7535: receive RaftClientReply:client-E0FA40453D59->0c156e3c-57cc-425b-90ef-9bcaa62a7535@group-7704A457760D, cid=1511, SUCCESS, logIndex=2594, commits[0c156e3c-57cc-425b-90ef-9bcaa62a7535:c2595]
2019-06-14 13:45:49,252 INFO  client.GrpcClientProtocolClient (GrpcClientProtocolClient.java:onNext(254)) - client-E0FA40453D59->0c156e3c-57cc-425b-90ef-9bcaa62a7535: receive RaftClientReply:client-E0FA40453D59->0c156e3c-57cc-425b-90ef-9bcaa62a7535@group-7704A457760D, cid=1512, SUCCESS, logIndex=2596, commits[0c156e3c-57cc-425b-90ef-9bcaa62a7535:c2596]
2019-06-14 13:45:49,261 INFO  client.GrpcClientProtocolClient (GrpcClientProtocolClient.java:onNext(254)) - client-E0FA40453D59->0c156e3c-57cc-425b-90ef-9bcaa62a7535: receive RaftClientReply:client-E0FA40453D59->0c156e3c-57cc-425b-90ef-9bcaa62a7535@group-7704A457760D, cid=1513, SUCCESS, logIndex=2598, commits[0c156e3c-57cc-425b-90ef-9bcaa62a7535:c2598]
2019-06-14 13:45:49,262 INFO  client.GrpcClientProtocolClient (GrpcClientProtocolClient.java:onNext(254)) - client-E0FA40453D59->0c156e3c-57cc-425b-90ef-9bcaa62a7535: receive RaftClientReply:client-E0FA40453D59->0c156e3c-57cc-425b-90ef-9bcaa62a7535@group-7704A457760D, cid=1514, SUCCESS, logIndex=2600, commits[0c156e3c-57cc-425b-90ef-9bcaa62a7535:c2600]
2019-06-14 13:45:49,263 INFO  client.GrpcClientProtocolClient (GrpcClientProtocolClient.java:onNext(254)) - client-E0FA40453D59->0c156e3c-57cc-425b-90ef-9bcaa62a7535: receive RaftClientReply:client-E0FA40453D59->0c156e3c-57cc-425b-90ef-9bcaa62a7535@group-7704A457760D, cid=1515, SUCCESS, logIndex=2601, commits[0c156e3c-57cc-425b-90ef-9bcaa62a7535:c2603]
2019-06-14 13:45:49,264 INFO  client.GrpcClientProtocolClient (GrpcClientProtocolClient.java:onNext(254)) - client-E0FA40453D59->0c156e3c-57cc-425b-90ef-9bcaa62a7535: receive RaftClientReply:client-E0FA40453D59->0c156e3c-57cc-425b-90ef-9bcaa62a7535@group-7704A457760D, cid=1516, SUCCESS, logIndex=2602, commits[0c156e3c-57cc-425b-90ef-9bcaa62a7535:c2603]
2019-06-14 13:45:49,271 INFO  client.GrpcClientProtocolClient (GrpcClientProtocolClient.java:onNext(254)) - client-E0FA40453D59->0c156e3c-57cc-425b-90ef-9bcaa62a7535: receive RaftClientReply:client-E0FA40453D59->0c156e3c-57cc-425b-90ef-9bcaa62a7535@group-7704A457760D, cid=1517, SUCCESS, logIndex=2604, commits[0c156e3c-57cc-425b-90ef-9bcaa62a7535:c2604]
2019-06-14 13:45:49,272 INFO  client.GrpcClientProtocolClient (GrpcClientProtocolClient.java:onNext(254)) - client-E0FA40453D59->0c156e3c-57cc-425b-90ef-9bcaa62a7535: receive RaftClientReply:client-E0FA40453D59->0c156e3c-57cc-425b-90ef-9bcaa62a7535@group-7704A457760D, cid=1518, SUCCESS, logIndex=2606, commits[0c156e3c-57cc-425b-90ef-9bcaa62a7535:c2606]
2019-06-14 13:45:49,273 INFO  client.GrpcClientProtocolClient (GrpcClientProtocolClient.java:onNext(254)) - client-E0FA40453D59->0c156e3c-57cc-425b-90ef-9bcaa62a7535: receive RaftClientReply:client-E0FA40453D59->0c156e3c-57cc-425b-90ef-9bcaa62a7535@group-7704A457760D, cid=1519, SUCCESS, logIndex=2607, commits[0c156e3c-57cc-425b-90ef-9bcaa62a7535:c2609]
2019-06-14 13:45:49,273 INFO  client.GrpcClientProtocolClient (GrpcClientProtocolClient.java:onNext(254)) - client-E0FA40453D59->0c156e3c-57cc-425b-90ef-9bcaa62a7535: receive RaftClientReply:client-E0FA40453D59->0c156e3c-57cc-425b-90ef-9bcaa62a7535@group-7704A457760D, cid=1520, SUCCESS, logIndex=2608, commits[0c156e3c-57cc-425b-90ef-9bcaa62a7535:c2609]
2019-06-14 13:45:49,278 DEBUG block.SCMBlockDeletingService (SCMBlockDeletingService.java:call(138)) - Running DeletedBlockTransactionScanner
2019-06-14 13:45:49,278 DEBUG block.SCMBlockDeletingService (SCMBlockDeletingService.java:call(155)) - Scanned deleted blocks log and got 0 delTX to process.
2019-06-14 13:45:49,283 INFO  client.GrpcClientProtocolClient (GrpcClientProtocolClient.java:onNext(254)) - client-E0FA40453D59->0c156e3c-57cc-425b-90ef-9bcaa62a7535: receive RaftClientReply:client-E0FA40453D59->0c156e3c-57cc-425b-90ef-9bcaa62a7535@group-7704A457760D, cid=1521, SUCCESS, logIndex=2610, commits[0c156e3c-57cc-425b-90ef-9bcaa62a7535:c2610]
2019-06-14 13:45:49,290 INFO  client.GrpcClientProtocolClient (GrpcClientProtocolClient.java:onNext(254)) - client-E0FA40453D59->0c156e3c-57cc-425b-90ef-9bcaa62a7535: receive RaftClientReply:client-E0FA40453D59->0c156e3c-57cc-425b-90ef-9bcaa62a7535@group-7704A457760D, cid=1522, SUCCESS, logIndex=2612, commits[0c156e3c-57cc-425b-90ef-9bcaa62a7535:c2612]
2019-06-14 13:45:49,291 INFO  client.GrpcClientProtocolClient (GrpcClientProtocolClient.java:onNext(254)) - client-E0FA40453D59->0c156e3c-57cc-425b-90ef-9bcaa62a7535: receive RaftClientReply:client-E0FA40453D59->0c156e3c-57cc-425b-90ef-9bcaa62a7535@group-7704A457760D, cid=1523, SUCCESS, logIndex=2613, commits[0c156e3c-57cc-425b-90ef-9bcaa62a7535:c2614]
2019-06-14 13:45:49,291 INFO  client.GrpcClientProtocolClient (GrpcClientProtocolClient.java:onNext(254)) - client-E0FA40453D59->0c156e3c-57cc-425b-90ef-9bcaa62a7535: receive RaftClientReply:client-E0FA40453D59->0c156e3c-57cc-425b-90ef-9bcaa62a7535@group-7704A457760D, cid=1524, SUCCESS, logIndex=2614, commits[0c156e3c-57cc-425b-90ef-9bcaa62a7535:c2614]
2019-06-14 13:45:49,296 INFO  client.GrpcClientProtocolClient (GrpcClientProtocolClient.java:onNext(254)) - client-E0FA40453D59->0c156e3c-57cc-425b-90ef-9bcaa62a7535: receive RaftClientReply:client-E0FA40453D59->0c156e3c-57cc-425b-90ef-9bcaa62a7535@group-7704A457760D, cid=1525, SUCCESS, logIndex=2617, commits[0c156e3c-57cc-425b-90ef-9bcaa62a7535:c2617]
2019-06-14 13:45:49,297 INFO  client.GrpcClientProtocolClient (GrpcClientProtocolClient.java:onNext(254)) - client-E0FA40453D59->0c156e3c-57cc-425b-90ef-9bcaa62a7535: receive RaftClientReply:client-E0FA40453D59->0c156e3c-57cc-425b-90ef-9bcaa62a7535@group-7704A457760D, cid=1526, SUCCESS, logIndex=2619, commits[0c156e3c-57cc-425b-90ef-9bcaa62a7535:c2619]
2019-06-14 13:45:49,300 INFO  client.GrpcClientProtocolClient (GrpcClientProtocolClient.java:onNext(254)) - client-E0FA40453D59->0c156e3c-57cc-425b-90ef-9bcaa62a7535: receive RaftClientReply:client-E0FA40453D59->0c156e3c-57cc-425b-90ef-9bcaa62a7535@group-7704A457760D, cid=1527, SUCCESS, logIndex=2621, commits[0c156e3c-57cc-425b-90ef-9bcaa62a7535:c2622]
2019-06-14 13:45:49,300 INFO  client.GrpcClientProtocolClient (GrpcClientProtocolClient.java:onNext(254)) - client-E0FA40453D59->0c156e3c-57cc-425b-90ef-9bcaa62a7535: receive RaftClientReply:client-E0FA40453D59->0c156e3c-57cc-425b-90ef-9bcaa62a7535@group-7704A457760D, cid=1528, SUCCESS, logIndex=2622, commits[0c156e3c-57cc-425b-90ef-9bcaa62a7535:c2622]
2019-06-14 13:45:49,310 INFO  client.GrpcClientProtocolClient (GrpcClientProtocolClient.java:onNext(254)) - client-E0FA40453D59->0c156e3c-57cc-425b-90ef-9bcaa62a7535: receive RaftClientReply:client-E0FA40453D59->0c156e3c-57cc-425b-90ef-9bcaa62a7535@group-7704A457760D, cid=1529, SUCCESS, logIndex=2624, commits[0c156e3c-57cc-425b-90ef-9bcaa62a7535:c2624]
2019-06-14 13:45:49,311 INFO  client.GrpcClientProtocolClient (GrpcClientProtocolClient.java:onNext(254)) - client-E0FA40453D59->0c156e3c-57cc-425b-90ef-9bcaa62a7535: receive RaftClientReply:client-E0FA40453D59->0c156e3c-57cc-425b-90ef-9bcaa62a7535@group-7704A457760D, cid=1530, SUCCESS, logIndex=2626, commits[0c156e3c-57cc-425b-90ef-9bcaa62a7535:c2626]
2019-06-14 13:45:49,313 INFO  client.GrpcClientProtocolClient (GrpcClientProtocolClient.java:onNext(254)) - client-E0FA40453D59->0c156e3c-57cc-425b-90ef-9bcaa62a7535: receive RaftClientReply:client-E0FA40453D59->0c156e3c-57cc-425b-90ef-9bcaa62a7535@group-7704A457760D, cid=1531, SUCCESS, logIndex=2627, commits[0c156e3c-57cc-425b-90ef-9bcaa62a7535:c2629]
2019-06-14 13:45:49,313 INFO  client.GrpcClientProtocolClient (GrpcClientProtocolClient.java:onNext(254)) - client-E0FA40453D59->0c156e3c-57cc-425b-90ef-9bcaa62a7535: receive RaftClientReply:client-E0FA40453D59->0c156e3c-57cc-425b-90ef-9bcaa62a7535@group-7704A457760D, cid=1532, SUCCESS, logIndex=2628, commits[0c156e3c-57cc-425b-90ef-9bcaa62a7535:c2629]
2019-06-14 13:45:49,362 INFO  client.GrpcClientProtocolClient (GrpcClientProtocolClient.java:onNext(254)) - client-E0FA40453D59->0c156e3c-57cc-425b-90ef-9bcaa62a7535: receive RaftClientReply:client-E0FA40453D59->0c156e3c-57cc-425b-90ef-9bcaa62a7535@group-7704A457760D, cid=1533, SUCCESS, logIndex=2630, commits[0c156e3c-57cc-425b-90ef-9bcaa62a7535:c2630]
2019-06-14 13:45:49,365 INFO  client.GrpcClientProtocolClient (GrpcClientProtocolClient.java:onNext(254)) - client-E0FA40453D59->0c156e3c-57cc-425b-90ef-9bcaa62a7535: receive RaftClientReply:client-E0FA40453D59->0c156e3c-57cc-425b-90ef-9bcaa62a7535@group-7704A457760D, cid=1534, SUCCESS, logIndex=2632, commits[0c156e3c-57cc-425b-90ef-9bcaa62a7535:c2632]
2019-06-14 13:45:49,366 INFO  client.GrpcClientProtocolClient (GrpcClientProtocolClient.java:onNext(254)) - client-E0FA40453D59->0c156e3c-57cc-425b-90ef-9bcaa62a7535: receive RaftClientReply:client-E0FA40453D59->0c156e3c-57cc-425b-90ef-9bcaa62a7535@group-7704A457760D, cid=1535, SUCCESS, logIndex=2633, commits[0c156e3c-57cc-425b-90ef-9bcaa62a7535:c2635]
2019-06-14 13:45:49,370 INFO  client.GrpcClientProtocolClient (GrpcClientProtocolClient.java:onNext(254)) - client-E0FA40453D59->0c156e3c-57cc-425b-90ef-9bcaa62a7535: receive RaftClientReply:client-E0FA40453D59->0c156e3c-57cc-425b-90ef-9bcaa62a7535@group-7704A457760D, cid=1536, SUCCESS, logIndex=2634, commits[0c156e3c-57cc-425b-90ef-9bcaa62a7535:c2635]
2019-06-14 13:45:49,378 DEBUG block.SCMBlockDeletingService (SCMBlockDeletingService.java:call(138)) - Running DeletedBlockTransactionScanner
2019-06-14 13:45:49,378 DEBUG block.SCMBlockDeletingService (SCMBlockDeletingService.java:call(155)) - Scanned deleted blocks log and got 0 delTX to process.
2019-06-14 13:45:49,382 INFO  client.GrpcClientProtocolClient (GrpcClientProtocolClient.java:onNext(254)) - client-E0FA40453D59->0c156e3c-57cc-425b-90ef-9bcaa62a7535: receive RaftClientReply:client-E0FA40453D59->0c156e3c-57cc-425b-90ef-9bcaa62a7535@group-7704A457760D, cid=1537, SUCCESS, logIndex=2636, commits[0c156e3c-57cc-425b-90ef-9bcaa62a7535:c2636]
2019-06-14 13:45:49,384 INFO  client.GrpcClientProtocolClient (GrpcClientProtocolClient.java:onNext(254)) - client-E0FA40453D59->0c156e3c-57cc-425b-90ef-9bcaa62a7535: receive RaftClientReply:client-E0FA40453D59->0c156e3c-57cc-425b-90ef-9bcaa62a7535@group-7704A457760D, cid=1538, SUCCESS, logIndex=2638, commits[0c156e3c-57cc-425b-90ef-9bcaa62a7535:c2638]
2019-06-14 13:45:49,385 INFO  client.GrpcClientProtocolClient (GrpcClientProtocolClient.java:onNext(254)) - client-E0FA40453D59->0c156e3c-57cc-425b-90ef-9bcaa62a7535: receive RaftClientReply:client-E0FA40453D59->0c156e3c-57cc-425b-90ef-9bcaa62a7535@group-7704A457760D, cid=1539, SUCCESS, logIndex=2639, commits[0c156e3c-57cc-425b-90ef-9bcaa62a7535:c2641]
2019-06-14 13:45:49,385 INFO  client.GrpcClientProtocolClient (GrpcClientProtocolClient.java:onNext(254)) - client-E0FA40453D59->0c156e3c-57cc-425b-90ef-9bcaa62a7535: receive RaftClientReply:client-E0FA40453D59->0c156e3c-57cc-425b-90ef-9bcaa62a7535@group-7704A457760D, cid=1540, SUCCESS, logIndex=2640, commits[0c156e3c-57cc-425b-90ef-9bcaa62a7535:c2641]
2019-06-14 13:45:49,391 INFO  storage.RaftLogWorker (RaftLogWorker.java:rollLogSegment(303)) - 0c156e3c-57cc-425b-90ef-9bcaa62a7535-RaftLogWorker: Rolling segment log-2574_2643 to index:2643
2019-06-14 13:45:49,391 INFO  storage.RaftLogWorker (RaftLogWorker.java:execute(433)) - 0c156e3c-57cc-425b-90ef-9bcaa62a7535-RaftLogWorker: Rolled log segment from /opt/src/hadoop-ozone/integration-test/target/test-dir/MiniOzoneClusterImpl-8919240e-7e15-4dbf-8bf4-c210578586bb/datanode-0/data/ratis/1fc53845-3381-4beb-82f9-7704a457760d/current/log_inprogress_2574 to /opt/src/hadoop-ozone/integration-test/target/test-dir/MiniOzoneClusterImpl-8919240e-7e15-4dbf-8bf4-c210578586bb/datanode-0/data/ratis/1fc53845-3381-4beb-82f9-7704a457760d/current/log_2574-2643
2019-06-14 13:45:49,391 INFO  client.GrpcClientProtocolClient (GrpcClientProtocolClient.java:onNext(254)) - client-E0FA40453D59->0c156e3c-57cc-425b-90ef-9bcaa62a7535: receive RaftClientReply:client-E0FA40453D59->0c156e3c-57cc-425b-90ef-9bcaa62a7535@group-7704A457760D, cid=1541, SUCCESS, logIndex=2642, commits[0c156e3c-57cc-425b-90ef-9bcaa62a7535:c2642]
2019-06-14 13:45:49,427 INFO  storage.RaftLogWorker (RaftLogWorker.java:execute(469)) - 0c156e3c-57cc-425b-90ef-9bcaa62a7535-RaftLogWorker: created new log segment /opt/src/hadoop-ozone/integration-test/target/test-dir/MiniOzoneClusterImpl-8919240e-7e15-4dbf-8bf4-c210578586bb/datanode-0/data/ratis/1fc53845-3381-4beb-82f9-7704a457760d/current/log_inprogress_2644
2019-06-14 13:45:49,430 INFO  client.GrpcClientProtocolClient (GrpcClientProtocolClient.java:onNext(254)) - client-E0FA40453D59->0c156e3c-57cc-425b-90ef-9bcaa62a7535: receive RaftClientReply:client-E0FA40453D59->0c156e3c-57cc-425b-90ef-9bcaa62a7535@group-7704A457760D, cid=1542, SUCCESS, logIndex=2644, commits[0c156e3c-57cc-425b-90ef-9bcaa62a7535:c2644]
2019-06-14 13:45:49,432 INFO  client.GrpcClientProtocolClient (GrpcClientProtocolClient.java:onNext(254)) - client-E0FA40453D59->0c156e3c-57cc-425b-90ef-9bcaa62a7535: receive RaftClientReply:client-E0FA40453D59->0c156e3c-57cc-425b-90ef-9bcaa62a7535@group-7704A457760D, cid=1543, SUCCESS, logIndex=2646, commits[0c156e3c-57cc-425b-90ef-9bcaa62a7535:c2647]
2019-06-14 13:45:49,433 INFO  client.GrpcClientProtocolClient (GrpcClientProtocolClient.java:onNext(254)) - client-E0FA40453D59->0c156e3c-57cc-425b-90ef-9bcaa62a7535: receive RaftClientReply:client-E0FA40453D59->0c156e3c-57cc-425b-90ef-9bcaa62a7535@group-7704A457760D, cid=1544, SUCCESS, logIndex=2647, commits[0c156e3c-57cc-425b-90ef-9bcaa62a7535:c2647]
2019-06-14 13:45:49,442 INFO  client.GrpcClientProtocolClient (GrpcClientProtocolClient.java:onNext(254)) - client-E0FA40453D59->0c156e3c-57cc-425b-90ef-9bcaa62a7535: receive RaftClientReply:client-E0FA40453D59->0c156e3c-57cc-425b-90ef-9bcaa62a7535@group-7704A457760D, cid=1545, SUCCESS, logIndex=2649, commits[0c156e3c-57cc-425b-90ef-9bcaa62a7535:c2649]
2019-06-14 13:45:49,444 INFO  client.GrpcClientProtocolClient (GrpcClientProtocolClient.java:onNext(254)) - client-E0FA40453D59->0c156e3c-57cc-425b-90ef-9bcaa62a7535: receive RaftClientReply:client-E0FA40453D59->0c156e3c-57cc-425b-90ef-9bcaa62a7535@group-7704A457760D, cid=1546, SUCCESS, logIndex=2651, commits[0c156e3c-57cc-425b-90ef-9bcaa62a7535:c2651]
2019-06-14 13:45:49,482 DEBUG block.SCMBlockDeletingService (SCMBlockDeletingService.java:call(138)) - Running DeletedBlockTransactionScanner
2019-06-14 13:45:49,482 DEBUG block.SCMBlockDeletingService (SCMBlockDeletingService.java:call(155)) - Scanned deleted blocks log and got 0 delTX to process.
2019-06-14 13:45:49,532 INFO  client.GrpcClientProtocolClient (GrpcClientProtocolClient.java:onNext(254)) - client-E0FA40453D59->0c156e3c-57cc-425b-90ef-9bcaa62a7535: receive RaftClientReply:client-E0FA40453D59->0c156e3c-57cc-425b-90ef-9bcaa62a7535@group-7704A457760D, cid=1547, SUCCESS, logIndex=2653, commits[0c156e3c-57cc-425b-90ef-9bcaa62a7535:c2653]
2019-06-14 13:45:49,533 INFO  client.GrpcClientProtocolClient (GrpcClientProtocolClient.java:onNext(254)) - client-E0FA40453D59->0c156e3c-57cc-425b-90ef-9bcaa62a7535: receive RaftClientReply:client-E0FA40453D59->0c156e3c-57cc-425b-90ef-9bcaa62a7535@group-7704A457760D, cid=1548, SUCCESS, logIndex=2655, commits[0c156e3c-57cc-425b-90ef-9bcaa62a7535:c2655]
2019-06-14 13:45:49,539 INFO  client.GrpcClientProtocolClient (GrpcClientProtocolClient.java:onNext(254)) - client-E0FA40453D59->0c156e3c-57cc-425b-90ef-9bcaa62a7535: receive RaftClientReply:client-E0FA40453D59->0c156e3c-57cc-425b-90ef-9bcaa62a7535@group-7704A457760D, cid=1549, SUCCESS, logIndex=2657, commits[0c156e3c-57cc-425b-90ef-9bcaa62a7535:c2658]
2019-06-14 13:45:49,542 INFO  client.GrpcClientProtocolClient (GrpcClientProtocolClient.java:onNext(254)) - client-E0FA40453D59->0c156e3c-57cc-425b-90ef-9bcaa62a7535: receive RaftClientReply:client-E0FA40453D59->0c156e3c-57cc-425b-90ef-9bcaa62a7535@group-7704A457760D, cid=1550, SUCCESS, logIndex=2659, commits[0c156e3c-57cc-425b-90ef-9bcaa62a7535:c2659]
2019-06-14 13:45:49,543 INFO  client.GrpcClientProtocolClient (GrpcClientProtocolClient.java:onNext(254)) - client-E0FA40453D59->0c156e3c-57cc-425b-90ef-9bcaa62a7535: receive RaftClientReply:client-E0FA40453D59->0c156e3c-57cc-425b-90ef-9bcaa62a7535@group-7704A457760D, cid=1551, SUCCESS, logIndex=2660, commits[0c156e3c-57cc-425b-90ef-9bcaa62a7535:c2662]
2019-06-14 13:45:49,543 INFO  client.GrpcClientProtocolClient (GrpcClientProtocolClient.java:onNext(254)) - client-E0FA40453D59->0c156e3c-57cc-425b-90ef-9bcaa62a7535: receive RaftClientReply:client-E0FA40453D59->0c156e3c-57cc-425b-90ef-9bcaa62a7535@group-7704A457760D, cid=1552, SUCCESS, logIndex=2661, commits[0c156e3c-57cc-425b-90ef-9bcaa62a7535:c2662]
2019-06-14 13:45:49,561 INFO  client.GrpcClientProtocolClient (GrpcClientProtocolClient.java:onNext(254)) - client-E0FA40453D59->0c156e3c-57cc-425b-90ef-9bcaa62a7535: receive RaftClientReply:client-E0FA40453D59->0c156e3c-57cc-425b-90ef-9bcaa62a7535@group-7704A457760D, cid=1553, SUCCESS, logIndex=2663, commits[0c156e3c-57cc-425b-90ef-9bcaa62a7535:c2663]
2019-06-14 13:45:49,563 INFO  client.GrpcClientProtocolClient (GrpcClientProtocolClient.java:onNext(254)) - client-E0FA40453D59->0c156e3c-57cc-425b-90ef-9bcaa62a7535: receive RaftClientReply:client-E0FA40453D59->0c156e3c-57cc-425b-90ef-9bcaa62a7535@group-7704A457760D, cid=1554, SUCCESS, logIndex=2665, commits[0c156e3c-57cc-425b-90ef-9bcaa62a7535:c2665]
2019-06-14 13:45:49,565 INFO  client.GrpcClientProtocolClient (GrpcClientProtocolClient.java:onNext(254)) - client-E0FA40453D59->0c156e3c-57cc-425b-90ef-9bcaa62a7535: receive RaftClientReply:client-E0FA40453D59->0c156e3c-57cc-425b-90ef-9bcaa62a7535@group-7704A457760D, cid=1555, SUCCESS, logIndex=2666, commits[0c156e3c-57cc-425b-90ef-9bcaa62a7535:c2668]
2019-06-14 13:45:49,565 INFO  client.GrpcClientProtocolClient (GrpcClientProtocolClient.java:onNext(254)) - client-E0FA40453D59->0c156e3c-57cc-425b-90ef-9bcaa62a7535: receive RaftClientReply:client-E0FA40453D59->0c156e3c-57cc-425b-90ef-9bcaa62a7535@group-7704A457760D, cid=1556, SUCCESS, logIndex=2667, commits[0c156e3c-57cc-425b-90ef-9bcaa62a7535:c2668]
2019-06-14 13:45:49,572 INFO  client.GrpcClientProtocolClient (GrpcClientProtocolClient.java:onNext(254)) - client-E0FA40453D59->0c156e3c-57cc-425b-90ef-9bcaa62a7535: receive RaftClientReply:client-E0FA40453D59->0c156e3c-57cc-425b-90ef-9bcaa62a7535@group-7704A457760D, cid=1557, SUCCESS, logIndex=2669, commits[0c156e3c-57cc-425b-90ef-9bcaa62a7535:c2669]
2019-06-14 13:45:49,573 INFO  client.GrpcClientProtocolClient (GrpcClientProtocolClient.java:onNext(254)) - client-E0FA40453D59->0c156e3c-57cc-425b-90ef-9bcaa62a7535: receive RaftClientReply:client-E0FA40453D59->0c156e3c-57cc-425b-90ef-9bcaa62a7535@group-7704A457760D, cid=1558, SUCCESS, logIndex=2671, commits[0c156e3c-57cc-425b-90ef-9bcaa62a7535:c2671]
2019-06-14 13:45:49,575 INFO  client.GrpcClientProtocolClient (GrpcClientProtocolClient.java:onNext(254)) - client-E0FA40453D59->0c156e3c-57cc-425b-90ef-9bcaa62a7535: receive RaftClientReply:client-E0FA40453D59->0c156e3c-57cc-425b-90ef-9bcaa62a7535@group-7704A457760D, cid=1559, SUCCESS, logIndex=2673, commits[0c156e3c-57cc-425b-90ef-9bcaa62a7535:c2673]
2019-06-14 13:45:49,577 INFO  client.GrpcClientProtocolClient (GrpcClientProtocolClient.java:onNext(254)) - client-E0FA40453D59->0c156e3c-57cc-425b-90ef-9bcaa62a7535: receive RaftClientReply:client-E0FA40453D59->0c156e3c-57cc-425b-90ef-9bcaa62a7535@group-7704A457760D, cid=1560, SUCCESS, logIndex=2675, commits[0c156e3c-57cc-425b-90ef-9bcaa62a7535:c2675]
2019-06-14 13:45:49,582 DEBUG block.SCMBlockDeletingService (SCMBlockDeletingService.java:call(138)) - Running DeletedBlockTransactionScanner
2019-06-14 13:45:49,583 DEBUG block.SCMBlockDeletingService (SCMBlockDeletingService.java:call(155)) - Scanned deleted blocks log and got 0 delTX to process.
2019-06-14 13:45:49,596 INFO  client.GrpcClientProtocolClient (GrpcClientProtocolClient.java:onNext(254)) - client-E0FA40453D59->0c156e3c-57cc-425b-90ef-9bcaa62a7535: receive RaftClientReply:client-E0FA40453D59->0c156e3c-57cc-425b-90ef-9bcaa62a7535@group-7704A457760D, cid=1561, SUCCESS, logIndex=2677, commits[0c156e3c-57cc-425b-90ef-9bcaa62a7535:c2677]
2019-06-14 13:45:49,605 INFO  client.GrpcClientProtocolClient (GrpcClientProtocolClient.java:onNext(254)) - client-E0FA40453D59->0c156e3c-57cc-425b-90ef-9bcaa62a7535: receive RaftClientReply:client-E0FA40453D59->0c156e3c-57cc-425b-90ef-9bcaa62a7535@group-7704A457760D, cid=1562, SUCCESS, logIndex=2679, commits[0c156e3c-57cc-425b-90ef-9bcaa62a7535:c2679]
2019-06-14 13:45:49,606 INFO  client.GrpcClientProtocolClient (GrpcClientProtocolClient.java:onNext(254)) - client-E0FA40453D59->0c156e3c-57cc-425b-90ef-9bcaa62a7535: receive RaftClientReply:client-E0FA40453D59->0c156e3c-57cc-425b-90ef-9bcaa62a7535@group-7704A457760D, cid=1563, SUCCESS, logIndex=2680, commits[0c156e3c-57cc-425b-90ef-9bcaa62a7535:c2682]
2019-06-14 13:45:49,606 INFO  client.GrpcClientProtocolClient (GrpcClientProtocolClient.java:onNext(254)) - client-E0FA40453D59->0c156e3c-57cc-425b-90ef-9bcaa62a7535: receive RaftClientReply:client-E0FA40453D59->0c156e3c-57cc-425b-90ef-9bcaa62a7535@group-7704A457760D, cid=1564, SUCCESS, logIndex=2681, commits[0c156e3c-57cc-425b-90ef-9bcaa62a7535:c2682]
2019-06-14 13:45:49,613 INFO  client.GrpcClientProtocolClient (GrpcClientProtocolClient.java:onNext(254)) - client-E0FA40453D59->0c156e3c-57cc-425b-90ef-9bcaa62a7535: receive RaftClientReply:client-E0FA40453D59->0c156e3c-57cc-425b-90ef-9bcaa62a7535@group-7704A457760D, cid=1565, SUCCESS, logIndex=2683, commits[0c156e3c-57cc-425b-90ef-9bcaa62a7535:c2683]
2019-06-14 13:45:49,616 INFO  client.GrpcClientProtocolClient (GrpcClientProtocolClient.java:onNext(254)) - client-E0FA40453D59->0c156e3c-57cc-425b-90ef-9bcaa62a7535: receive RaftClientReply:client-E0FA40453D59->0c156e3c-57cc-425b-90ef-9bcaa62a7535@group-7704A457760D, cid=1566, SUCCESS, logIndex=2685, commits[0c156e3c-57cc-425b-90ef-9bcaa62a7535:c2685]
2019-06-14 13:45:49,616 INFO  client.GrpcClientProtocolClient (GrpcClientProtocolClient.java:onNext(254)) - client-E0FA40453D59->0c156e3c-57cc-425b-90ef-9bcaa62a7535: receive RaftClientReply:client-E0FA40453D59->0c156e3c-57cc-425b-90ef-9bcaa62a7535@group-7704A457760D, cid=1567, SUCCESS, logIndex=2686, commits[0c156e3c-57cc-425b-90ef-9bcaa62a7535:c2686]
2019-06-14 13:45:49,622 INFO  client.GrpcClientProtocolClient (GrpcClientProtocolClient.java:onNext(254)) - client-E0FA40453D59->0c156e3c-57cc-425b-90ef-9bcaa62a7535: receive RaftClientReply:client-E0FA40453D59->0c156e3c-57cc-425b-90ef-9bcaa62a7535@group-7704A457760D, cid=1568, SUCCESS, logIndex=2688, commits[0c156e3c-57cc-425b-90ef-9bcaa62a7535:c2688]
2019-06-14 13:45:49,648 INFO  client.GrpcClientProtocolClient (GrpcClientProtocolClient.java:onNext(254)) - client-E0FA40453D59->0c156e3c-57cc-425b-90ef-9bcaa62a7535: receive RaftClientReply:client-E0FA40453D59->0c156e3c-57cc-425b-90ef-9bcaa62a7535@group-7704A457760D, cid=1569, SUCCESS, logIndex=2691, commits[0c156e3c-57cc-425b-90ef-9bcaa62a7535:c2691]
2019-06-14 13:45:49,651 INFO  client.GrpcClientProtocolClient (GrpcClientProtocolClient.java:onNext(254)) - client-E0FA40453D59->0c156e3c-57cc-425b-90ef-9bcaa62a7535: receive RaftClientReply:client-E0FA40453D59->0c156e3c-57cc-425b-90ef-9bcaa62a7535@group-7704A457760D, cid=1570, SUCCESS, logIndex=2693, commits[0c156e3c-57cc-425b-90ef-9bcaa62a7535:c2693]
2019-06-14 13:45:49,654 INFO  client.GrpcClientProtocolClient (GrpcClientProtocolClient.java:onNext(254)) - client-E0FA40453D59->0c156e3c-57cc-425b-90ef-9bcaa62a7535: receive RaftClientReply:client-E0FA40453D59->0c156e3c-57cc-425b-90ef-9bcaa62a7535@group-7704A457760D, cid=1571, SUCCESS, logIndex=2694, commits[0c156e3c-57cc-425b-90ef-9bcaa62a7535:c2695]
2019-06-14 13:45:49,655 INFO  client.GrpcClientProtocolClient (GrpcClientProtocolClient.java:onNext(254)) - client-E0FA40453D59->0c156e3c-57cc-425b-90ef-9bcaa62a7535: receive RaftClientReply:client-E0FA40453D59->0c156e3c-57cc-425b-90ef-9bcaa62a7535@group-7704A457760D, cid=1572, SUCCESS, logIndex=2695, commits[0c156e3c-57cc-425b-90ef-9bcaa62a7535:c2695]
2019-06-14 13:45:49,666 INFO  client.GrpcClientProtocolClient (GrpcClientProtocolClient.java:onNext(254)) - client-E0FA40453D59->0c156e3c-57cc-425b-90ef-9bcaa62a7535: receive RaftClientReply:client-E0FA40453D59->0c156e3c-57cc-425b-90ef-9bcaa62a7535@group-7704A457760D, cid=1573, SUCCESS, logIndex=2698, commits[0c156e3c-57cc-425b-90ef-9bcaa62a7535:c2698]
2019-06-14 13:45:49,671 INFO  client.GrpcClientProtocolClient (GrpcClientProtocolClient.java:onNext(254)) - client-E0FA40453D59->0c156e3c-57cc-425b-90ef-9bcaa62a7535: receive RaftClientReply:client-E0FA40453D59->0c156e3c-57cc-425b-90ef-9bcaa62a7535@group-7704A457760D, cid=1574, SUCCESS, logIndex=2700, commits[0c156e3c-57cc-425b-90ef-9bcaa62a7535:c2700]
2019-06-14 13:45:49,677 INFO  client.GrpcClientProtocolClient (GrpcClientProtocolClient.java:onNext(254)) - client-E0FA40453D59->0c156e3c-57cc-425b-90ef-9bcaa62a7535: receive RaftClientReply:client-E0FA40453D59->0c156e3c-57cc-425b-90ef-9bcaa62a7535@group-7704A457760D, cid=1575, SUCCESS, logIndex=2701, commits[0c156e3c-57cc-425b-90ef-9bcaa62a7535:c2702]
2019-06-14 13:45:49,678 INFO  client.GrpcClientProtocolClient (GrpcClientProtocolClient.java:onNext(254)) - client-E0FA40453D59->0c156e3c-57cc-425b-90ef-9bcaa62a7535: receive RaftClientReply:client-E0FA40453D59->0c156e3c-57cc-425b-90ef-9bcaa62a7535@group-7704A457760D, cid=1576, SUCCESS, logIndex=2703, commits[0c156e3c-57cc-425b-90ef-9bcaa62a7535:c2703]
2019-06-14 13:45:49,684 DEBUG block.SCMBlockDeletingService (SCMBlockDeletingService.java:call(138)) - Running DeletedBlockTransactionScanner
2019-06-14 13:45:49,684 DEBUG block.SCMBlockDeletingService (SCMBlockDeletingService.java:call(155)) - Scanned deleted blocks log and got 0 delTX to process.
2019-06-14 13:45:49,697 INFO  client.GrpcClientProtocolClient (GrpcClientProtocolClient.java:onNext(254)) - client-E0FA40453D59->0c156e3c-57cc-425b-90ef-9bcaa62a7535: receive RaftClientReply:client-E0FA40453D59->0c156e3c-57cc-425b-90ef-9bcaa62a7535@group-7704A457760D, cid=1577, SUCCESS, logIndex=2705, commits[0c156e3c-57cc-425b-90ef-9bcaa62a7535:c2705]
2019-06-14 13:45:49,700 INFO  client.GrpcClientProtocolClient (GrpcClientProtocolClient.java:onNext(254)) - client-E0FA40453D59->0c156e3c-57cc-425b-90ef-9bcaa62a7535: receive RaftClientReply:client-E0FA40453D59->0c156e3c-57cc-425b-90ef-9bcaa62a7535@group-7704A457760D, cid=1578, SUCCESS, logIndex=2707, commits[0c156e3c-57cc-425b-90ef-9bcaa62a7535:c2707]
2019-06-14 13:45:49,705 INFO  client.GrpcClientProtocolClient (GrpcClientProtocolClient.java:onNext(254)) - client-E0FA40453D59->0c156e3c-57cc-425b-90ef-9bcaa62a7535: receive RaftClientReply:client-E0FA40453D59->0c156e3c-57cc-425b-90ef-9bcaa62a7535@group-7704A457760D, cid=1579, SUCCESS, logIndex=2708, commits[0c156e3c-57cc-425b-90ef-9bcaa62a7535:c2711]
2019-06-14 13:45:49,705 INFO  client.GrpcClientProtocolClient (GrpcClientProtocolClient.java:onNext(254)) - client-E0FA40453D59->0c156e3c-57cc-425b-90ef-9bcaa62a7535: receive RaftClientReply:client-E0FA40453D59->0c156e3c-57cc-425b-90ef-9bcaa62a7535@group-7704A457760D, cid=1580, SUCCESS, logIndex=2709, commits[0c156e3c-57cc-425b-90ef-9bcaa62a7535:c2711]
2019-06-14 13:45:49,715 INFO  client.GrpcClientProtocolClient (GrpcClientProtocolClient.java:onNext(254)) - client-E0FA40453D59->0c156e3c-57cc-425b-90ef-9bcaa62a7535: receive RaftClientReply:client-E0FA40453D59->0c156e3c-57cc-425b-90ef-9bcaa62a7535@group-7704A457760D, cid=1581, SUCCESS, logIndex=2712, commits[0c156e3c-57cc-425b-90ef-9bcaa62a7535:c2713]
2019-06-14 13:45:49,717 INFO  storage.RaftLogWorker (RaftLogWorker.java:rollLogSegment(303)) - 0c156e3c-57cc-425b-90ef-9bcaa62a7535-RaftLogWorker: Rolling segment log-2644_2716 to index:2716
2019-06-14 13:45:49,718 INFO  storage.RaftLogWorker (RaftLogWorker.java:execute(433)) - 0c156e3c-57cc-425b-90ef-9bcaa62a7535-RaftLogWorker: Rolled log segment from /opt/src/hadoop-ozone/integration-test/target/test-dir/MiniOzoneClusterImpl-8919240e-7e15-4dbf-8bf4-c210578586bb/datanode-0/data/ratis/1fc53845-3381-4beb-82f9-7704a457760d/current/log_inprogress_2644 to /opt/src/hadoop-ozone/integration-test/target/test-dir/MiniOzoneClusterImpl-8919240e-7e15-4dbf-8bf4-c210578586bb/datanode-0/data/ratis/1fc53845-3381-4beb-82f9-7704a457760d/current/log_2644-2716
2019-06-14 13:45:49,719 INFO  client.GrpcClientProtocolClient (GrpcClientProtocolClient.java:onNext(254)) - client-E0FA40453D59->0c156e3c-57cc-425b-90ef-9bcaa62a7535: receive RaftClientReply:client-E0FA40453D59->0c156e3c-57cc-425b-90ef-9bcaa62a7535@group-7704A457760D, cid=1582, SUCCESS, logIndex=2714, commits[0c156e3c-57cc-425b-90ef-9bcaa62a7535:c2714]
2019-06-14 13:45:49,726 INFO  client.GrpcClientProtocolClient (GrpcClientProtocolClient.java:onNext(254)) - client-E0FA40453D59->0c156e3c-57cc-425b-90ef-9bcaa62a7535: receive RaftClientReply:client-E0FA40453D59->0c156e3c-57cc-425b-90ef-9bcaa62a7535@group-7704A457760D, cid=1583, SUCCESS, logIndex=2715, commits[0c156e3c-57cc-425b-90ef-9bcaa62a7535:c2716]
2019-06-14 13:45:49,759 INFO  storage.RaftLogWorker (RaftLogWorker.java:execute(469)) - 0c156e3c-57cc-425b-90ef-9bcaa62a7535-RaftLogWorker: created new log segment /opt/src/hadoop-ozone/integration-test/target/test-dir/MiniOzoneClusterImpl-8919240e-7e15-4dbf-8bf4-c210578586bb/datanode-0/data/ratis/1fc53845-3381-4beb-82f9-7704a457760d/current/log_inprogress_2717
2019-06-14 13:45:49,766 INFO  client.GrpcClientProtocolClient (GrpcClientProtocolClient.java:onNext(254)) - client-E0FA40453D59->0c156e3c-57cc-425b-90ef-9bcaa62a7535: receive RaftClientReply:client-E0FA40453D59->0c156e3c-57cc-425b-90ef-9bcaa62a7535@group-7704A457760D, cid=1584, SUCCESS, logIndex=2717, commits[0c156e3c-57cc-425b-90ef-9bcaa62a7535:c2717]
2019-06-14 13:45:49,784 DEBUG block.SCMBlockDeletingService (SCMBlockDeletingService.java:call(138)) - Running DeletedBlockTransactionScanner
2019-06-14 13:45:49,784 DEBUG block.SCMBlockDeletingService (SCMBlockDeletingService.java:call(155)) - Scanned deleted blocks log and got 0 delTX to process.
2019-06-14 13:45:49,790 INFO  client.GrpcClientProtocolClient (GrpcClientProtocolClient.java:onNext(254)) - client-E0FA40453D59->0c156e3c-57cc-425b-90ef-9bcaa62a7535: receive RaftClientReply:client-E0FA40453D59->0c156e3c-57cc-425b-90ef-9bcaa62a7535@group-7704A457760D, cid=1585, SUCCESS, logIndex=2719, commits[0c156e3c-57cc-425b-90ef-9bcaa62a7535:c2720]
2019-06-14 13:45:49,790 INFO  client.GrpcClientProtocolClient (GrpcClientProtocolClient.java:onNext(254)) - client-E0FA40453D59->0c156e3c-57cc-425b-90ef-9bcaa62a7535: receive RaftClientReply:client-E0FA40453D59->0c156e3c-57cc-425b-90ef-9bcaa62a7535@group-7704A457760D, cid=1586, SUCCESS, logIndex=2721, commits[0c156e3c-57cc-425b-90ef-9bcaa62a7535:c2721]
2019-06-14 13:45:49,791 INFO  client.GrpcClientProtocolClient (GrpcClientProtocolClient.java:onNext(254)) - client-E0FA40453D59->0c156e3c-57cc-425b-90ef-9bcaa62a7535: receive RaftClientReply:client-E0FA40453D59->0c156e3c-57cc-425b-90ef-9bcaa62a7535@group-7704A457760D, cid=1587, SUCCESS, logIndex=2722, commits[0c156e3c-57cc-425b-90ef-9bcaa62a7535:c2723]
2019-06-14 13:45:49,791 INFO  client.GrpcClientProtocolClient (GrpcClientProtocolClient.java:onNext(254)) - client-E0FA40453D59->0c156e3c-57cc-425b-90ef-9bcaa62a7535: receive RaftClientReply:client-E0FA40453D59->0c156e3c-57cc-425b-90ef-9bcaa62a7535@group-7704A457760D, cid=1588, SUCCESS, logIndex=2723, commits[0c156e3c-57cc-425b-90ef-9bcaa62a7535:c2723]
2019-06-14 13:45:49,798 INFO  client.GrpcClientProtocolClient (GrpcClientProtocolClient.java:onNext(254)) - client-E0FA40453D59->0c156e3c-57cc-425b-90ef-9bcaa62a7535: receive RaftClientReply:client-E0FA40453D59->0c156e3c-57cc-425b-90ef-9bcaa62a7535@group-7704A457760D, cid=1589, SUCCESS, logIndex=2726, commits[0c156e3c-57cc-425b-90ef-9bcaa62a7535:c2726]
2019-06-14 13:45:49,806 INFO  client.GrpcClientProtocolClient (GrpcClientProtocolClient.java:onNext(254)) - client-E0FA40453D59->0c156e3c-57cc-425b-90ef-9bcaa62a7535: receive RaftClientReply:client-E0FA40453D59->0c156e3c-57cc-425b-90ef-9bcaa62a7535@group-7704A457760D, cid=1590, SUCCESS, logIndex=2728, commits[0c156e3c-57cc-425b-90ef-9bcaa62a7535:c2728]
2019-06-14 13:45:49,886 DEBUG block.SCMBlockDeletingService (SCMBlockDeletingService.java:call(138)) - Running DeletedBlockTransactionScanner
2019-06-14 13:45:49,886 DEBUG block.SCMBlockDeletingService (SCMBlockDeletingService.java:call(155)) - Scanned deleted blocks log and got 0 delTX to process.
2019-06-14 13:45:49,899 INFO  client.GrpcClientProtocolClient (GrpcClientProtocolClient.java:onNext(254)) - client-E0FA40453D59->0c156e3c-57cc-425b-90ef-9bcaa62a7535: receive RaftClientReply:client-E0FA40453D59->0c156e3c-57cc-425b-90ef-9bcaa62a7535@group-7704A457760D, cid=1591, SUCCESS, logIndex=2730, commits[0c156e3c-57cc-425b-90ef-9bcaa62a7535:c2730]
2019-06-14 13:45:49,901 INFO  client.GrpcClientProtocolClient (GrpcClientProtocolClient.java:onNext(254)) - client-E0FA40453D59->0c156e3c-57cc-425b-90ef-9bcaa62a7535: receive RaftClientReply:client-E0FA40453D59->0c156e3c-57cc-425b-90ef-9bcaa62a7535@group-7704A457760D, cid=1592, SUCCESS, logIndex=2732, commits[0c156e3c-57cc-425b-90ef-9bcaa62a7535:c2732]
2019-06-14 13:45:49,963 INFO  client.GrpcClientProtocolClient (GrpcClientProtocolClient.java:onNext(254)) - client-E0FA40453D59->0c156e3c-57cc-425b-90ef-9bcaa62a7535: receive RaftClientReply:client-E0FA40453D59->0c156e3c-57cc-425b-90ef-9bcaa62a7535@group-7704A457760D, cid=1593, SUCCESS, logIndex=2734, commits[0c156e3c-57cc-425b-90ef-9bcaa62a7535:c2735]
2019-06-14 13:45:49,965 INFO  client.GrpcClientProtocolClient (GrpcClientProtocolClient.java:onNext(254)) - client-E0FA40453D59->0c156e3c-57cc-425b-90ef-9bcaa62a7535: receive RaftClientReply:client-E0FA40453D59->0c156e3c-57cc-425b-90ef-9bcaa62a7535@group-7704A457760D, cid=1594, SUCCESS, logIndex=2736, commits[0c156e3c-57cc-425b-90ef-9bcaa62a7535:c2736]
2019-06-14 13:45:49,969 INFO  client.GrpcClientProtocolClient (GrpcClientProtocolClient.java:onNext(254)) - client-E0FA40453D59->0c156e3c-57cc-425b-90ef-9bcaa62a7535: receive RaftClientReply:client-E0FA40453D59->0c156e3c-57cc-425b-90ef-9bcaa62a7535@group-7704A457760D, cid=1595, SUCCESS, logIndex=2738, commits[0c156e3c-57cc-425b-90ef-9bcaa62a7535:c2739]
2019-06-14 13:45:49,974 INFO  client.GrpcClientProtocolClient (GrpcClientProtocolClient.java:onNext(254)) - client-E0FA40453D59->0c156e3c-57cc-425b-90ef-9bcaa62a7535: receive RaftClientReply:client-E0FA40453D59->0c156e3c-57cc-425b-90ef-9bcaa62a7535@group-7704A457760D, cid=1596, SUCCESS, logIndex=2739, commits[0c156e3c-57cc-425b-90ef-9bcaa62a7535:c2740]
2019-06-14 13:45:49,984 INFO  client.GrpcClientProtocolClient (GrpcClientProtocolClient.java:onNext(254)) - client-E0FA40453D59->0c156e3c-57cc-425b-90ef-9bcaa62a7535: receive RaftClientReply:client-E0FA40453D59->0c156e3c-57cc-425b-90ef-9bcaa62a7535@group-7704A457760D, cid=1597, SUCCESS, logIndex=2741, commits[0c156e3c-57cc-425b-90ef-9bcaa62a7535:c2741]
2019-06-14 13:45:49,986 DEBUG block.SCMBlockDeletingService (SCMBlockDeletingService.java:call(138)) - Running DeletedBlockTransactionScanner
2019-06-14 13:45:49,986 INFO  client.GrpcClientProtocolClient (GrpcClientProtocolClient.java:onNext(254)) - client-E0FA40453D59->0c156e3c-57cc-425b-90ef-9bcaa62a7535: receive RaftClientReply:client-E0FA40453D59->0c156e3c-57cc-425b-90ef-9bcaa62a7535@group-7704A457760D, cid=1598, SUCCESS, logIndex=2743, commits[0c156e3c-57cc-425b-90ef-9bcaa62a7535:c2743]
2019-06-14 13:45:49,987 DEBUG block.SCMBlockDeletingService (SCMBlockDeletingService.java:call(155)) - Scanned deleted blocks log and got 0 delTX to process.
2019-06-14 13:45:49,988 INFO  client.GrpcClientProtocolClient (GrpcClientProtocolClient.java:onNext(254)) - client-E0FA40453D59->0c156e3c-57cc-425b-90ef-9bcaa62a7535: receive RaftClientReply:client-E0FA40453D59->0c156e3c-57cc-425b-90ef-9bcaa62a7535@group-7704A457760D, cid=1599, SUCCESS, logIndex=2744, commits[0c156e3c-57cc-425b-90ef-9bcaa62a7535:c2744]
2019-06-14 13:45:49,988 INFO  client.GrpcClientProtocolClient (GrpcClientProtocolClient.java:onNext(254)) - client-E0FA40453D59->0c156e3c-57cc-425b-90ef-9bcaa62a7535: receive RaftClientReply:client-E0FA40453D59->0c156e3c-57cc-425b-90ef-9bcaa62a7535@group-7704A457760D, cid=1600, SUCCESS, logIndex=2746, commits[0c156e3c-57cc-425b-90ef-9bcaa62a7535:c2747]
2019-06-14 13:45:50,000 INFO  client.GrpcClientProtocolClient (GrpcClientProtocolClient.java:onNext(254)) - client-E0FA40453D59->0c156e3c-57cc-425b-90ef-9bcaa62a7535: receive RaftClientReply:client-E0FA40453D59->0c156e3c-57cc-425b-90ef-9bcaa62a7535@group-7704A457760D, cid=1601, SUCCESS, logIndex=2748, commits[0c156e3c-57cc-425b-90ef-9bcaa62a7535:c2748]
2019-06-14 13:45:50,002 INFO  client.GrpcClientProtocolClient (GrpcClientProtocolClient.java:onNext(254)) - client-E0FA40453D59->0c156e3c-57cc-425b-90ef-9bcaa62a7535: receive RaftClientReply:client-E0FA40453D59->0c156e3c-57cc-425b-90ef-9bcaa62a7535@group-7704A457760D, cid=1602, SUCCESS, logIndex=2750, commits[0c156e3c-57cc-425b-90ef-9bcaa62a7535:c2750]
2019-06-14 13:45:50,007 INFO  client.GrpcClientProtocolClient (GrpcClientProtocolClient.java:onNext(254)) - client-E0FA40453D59->0c156e3c-57cc-425b-90ef-9bcaa62a7535: receive RaftClientReply:client-E0FA40453D59->0c156e3c-57cc-425b-90ef-9bcaa62a7535@group-7704A457760D, cid=1603, SUCCESS, logIndex=2752, commits[0c156e3c-57cc-425b-90ef-9bcaa62a7535:c2752]
2019-06-14 13:45:50,008 INFO  client.GrpcClientProtocolClient (GrpcClientProtocolClient.java:onNext(254)) - client-E0FA40453D59->0c156e3c-57cc-425b-90ef-9bcaa62a7535: receive RaftClientReply:client-E0FA40453D59->0c156e3c-57cc-425b-90ef-9bcaa62a7535@group-7704A457760D, cid=1604, SUCCESS, logIndex=2754, commits[0c156e3c-57cc-425b-90ef-9bcaa62a7535:c2754]
2019-06-14 13:45:50,015 INFO  client.GrpcClientProtocolClient (GrpcClientProtocolClient.java:onNext(254)) - client-E0FA40453D59->0c156e3c-57cc-425b-90ef-9bcaa62a7535: receive RaftClientReply:client-E0FA40453D59->0c156e3c-57cc-425b-90ef-9bcaa62a7535@group-7704A457760D, cid=1605, SUCCESS, logIndex=2756, commits[0c156e3c-57cc-425b-90ef-9bcaa62a7535:c2756]
2019-06-14 13:45:50,018 INFO  client.GrpcClientProtocolClient (GrpcClientProtocolClient.java:onNext(254)) - client-E0FA40453D59->0c156e3c-57cc-425b-90ef-9bcaa62a7535: receive RaftClientReply:client-E0FA40453D59->0c156e3c-57cc-425b-90ef-9bcaa62a7535@group-7704A457760D, cid=1606, SUCCESS, logIndex=2758, commits[0c156e3c-57cc-425b-90ef-9bcaa62a7535:c2758]
2019-06-14 13:45:50,021 INFO  client.GrpcClientProtocolClient (GrpcClientProtocolClient.java:onNext(254)) - client-E0FA40453D59->0c156e3c-57cc-425b-90ef-9bcaa62a7535: receive RaftClientReply:client-E0FA40453D59->0c156e3c-57cc-425b-90ef-9bcaa62a7535@group-7704A457760D, cid=1607, SUCCESS, logIndex=2759, commits[0c156e3c-57cc-425b-90ef-9bcaa62a7535:c2760]
2019-06-14 13:45:50,021 INFO  client.GrpcClientProtocolClient (GrpcClientProtocolClient.java:onNext(254)) - client-E0FA40453D59->0c156e3c-57cc-425b-90ef-9bcaa62a7535: receive RaftClientReply:client-E0FA40453D59->0c156e3c-57cc-425b-90ef-9bcaa62a7535@group-7704A457760D, cid=1608, SUCCESS, logIndex=2760, commits[0c156e3c-57cc-425b-90ef-9bcaa62a7535:c2760]
2019-06-14 13:45:50,039 INFO  client.GrpcClientProtocolClient (GrpcClientProtocolClient.java:onNext(254)) - client-E0FA40453D59->0c156e3c-57cc-425b-90ef-9bcaa62a7535: receive RaftClientReply:client-E0FA40453D59->0c156e3c-57cc-425b-90ef-9bcaa62a7535@group-7704A457760D, cid=1609, SUCCESS, logIndex=2763, commits[0c156e3c-57cc-425b-90ef-9bcaa62a7535:c2764]
2019-06-14 13:45:50,044 INFO  client.GrpcClientProtocolClient (GrpcClientProtocolClient.java:onNext(254)) - client-E0FA40453D59->0c156e3c-57cc-425b-90ef-9bcaa62a7535: receive RaftClientReply:client-E0FA40453D59->0c156e3c-57cc-425b-90ef-9bcaa62a7535@group-7704A457760D, cid=1610, SUCCESS, logIndex=2765, commits[0c156e3c-57cc-425b-90ef-9bcaa62a7535:c2765]
2019-06-14 13:45:50,054 INFO  client.GrpcClientProtocolClient (GrpcClientProtocolClient.java:onNext(254)) - client-E0FA40453D59->0c156e3c-57cc-425b-90ef-9bcaa62a7535: receive RaftClientReply:client-E0FA40453D59->0c156e3c-57cc-425b-90ef-9bcaa62a7535@group-7704A457760D, cid=1611, SUCCESS, logIndex=2766, commits[0c156e3c-57cc-425b-90ef-9bcaa62a7535:c2768]
2019-06-14 13:45:50,059 INFO  client.GrpcClientProtocolClient (GrpcClientProtocolClient.java:onNext(254)) - client-E0FA40453D59->0c156e3c-57cc-425b-90ef-9bcaa62a7535: receive RaftClientReply:client-E0FA40453D59->0c156e3c-57cc-425b-90ef-9bcaa62a7535@group-7704A457760D, cid=1612, SUCCESS, logIndex=2768, commits[0c156e3c-57cc-425b-90ef-9bcaa62a7535:c2768]
2019-06-14 13:45:50,067 INFO  client.GrpcClientProtocolClient (GrpcClientProtocolClient.java:onNext(254)) - client-E0FA40453D59->0c156e3c-57cc-425b-90ef-9bcaa62a7535: receive RaftClientReply:client-E0FA40453D59->0c156e3c-57cc-425b-90ef-9bcaa62a7535@group-7704A457760D, cid=1613, SUCCESS, logIndex=2770, commits[0c156e3c-57cc-425b-90ef-9bcaa62a7535:c2770]
2019-06-14 13:45:50,071 INFO  client.GrpcClientProtocolClient (GrpcClientProtocolClient.java:onNext(254)) - client-E0FA40453D59->0c156e3c-57cc-425b-90ef-9bcaa62a7535: receive RaftClientReply:client-E0FA40453D59->0c156e3c-57cc-425b-90ef-9bcaa62a7535@group-7704A457760D, cid=1614, SUCCESS, logIndex=2772, commits[0c156e3c-57cc-425b-90ef-9bcaa62a7535:c2772]
2019-06-14 13:45:50,074 INFO  client.GrpcClientProtocolClient (GrpcClientProtocolClient.java:onNext(254)) - client-E0FA40453D59->0c156e3c-57cc-425b-90ef-9bcaa62a7535: receive RaftClientReply:client-E0FA40453D59->0c156e3c-57cc-425b-90ef-9bcaa62a7535@group-7704A457760D, cid=1615, SUCCESS, logIndex=2774, commits[0c156e3c-57cc-425b-90ef-9bcaa62a7535:c2774]
2019-06-14 13:45:50,075 INFO  client.GrpcClientProtocolClient (GrpcClientProtocolClient.java:onNext(254)) - client-E0FA40453D59->0c156e3c-57cc-425b-90ef-9bcaa62a7535: receive RaftClientReply:client-E0FA40453D59->0c156e3c-57cc-425b-90ef-9bcaa62a7535@group-7704A457760D, cid=1616, SUCCESS, logIndex=2775, commits[0c156e3c-57cc-425b-90ef-9bcaa62a7535:c2775]
2019-06-14 13:45:50,089 INFO  client.GrpcClientProtocolClient (GrpcClientProtocolClient.java:onNext(254)) - client-E0FA40453D59->0c156e3c-57cc-425b-90ef-9bcaa62a7535: receive RaftClientReply:client-E0FA40453D59->0c156e3c-57cc-425b-90ef-9bcaa62a7535@group-7704A457760D, cid=1617, SUCCESS, logIndex=2778, commits[0c156e3c-57cc-425b-90ef-9bcaa62a7535:c2778]
2019-06-14 13:45:50,090 DEBUG block.SCMBlockDeletingService (SCMBlockDeletingService.java:call(138)) - Running DeletedBlockTransactionScanner
2019-06-14 13:45:50,090 DEBUG block.SCMBlockDeletingService (SCMBlockDeletingService.java:call(155)) - Scanned deleted blocks log and got 0 delTX to process.
2019-06-14 13:45:50,093 INFO  client.GrpcClientProtocolClient (GrpcClientProtocolClient.java:onNext(254)) - client-E0FA40453D59->0c156e3c-57cc-425b-90ef-9bcaa62a7535: receive RaftClientReply:client-E0FA40453D59->0c156e3c-57cc-425b-90ef-9bcaa62a7535@group-7704A457760D, cid=1618, SUCCESS, logIndex=2780, commits[0c156e3c-57cc-425b-90ef-9bcaa62a7535:c2780]
2019-06-14 13:45:50,096 INFO  client.GrpcClientProtocolClient (GrpcClientProtocolClient.java:onNext(254)) - client-E0FA40453D59->0c156e3c-57cc-425b-90ef-9bcaa62a7535: receive RaftClientReply:client-E0FA40453D59->0c156e3c-57cc-425b-90ef-9bcaa62a7535@group-7704A457760D, cid=1619, SUCCESS, logIndex=2781, commits[0c156e3c-57cc-425b-90ef-9bcaa62a7535:c2783]
2019-06-14 13:45:50,098 INFO  client.GrpcClientProtocolClient (GrpcClientProtocolClient.java:onNext(254)) - client-E0FA40453D59->0c156e3c-57cc-425b-90ef-9bcaa62a7535: receive RaftClientReply:client-E0FA40453D59->0c156e3c-57cc-425b-90ef-9bcaa62a7535@group-7704A457760D, cid=1620, SUCCESS, logIndex=2783, commits[0c156e3c-57cc-425b-90ef-9bcaa62a7535:c2783]
2019-06-14 13:45:50,105 INFO  client.GrpcClientProtocolClient (GrpcClientProtocolClient.java:onNext(254)) - client-E0FA40453D59->0c156e3c-57cc-425b-90ef-9bcaa62a7535: receive RaftClientReply:client-E0FA40453D59->0c156e3c-57cc-425b-90ef-9bcaa62a7535@group-7704A457760D, cid=1621, SUCCESS, logIndex=2785, commits[0c156e3c-57cc-425b-90ef-9bcaa62a7535:c2785]
2019-06-14 13:45:50,108 INFO  client.GrpcClientProtocolClient (GrpcClientProtocolClient.java:onNext(254)) - client-E0FA40453D59->0c156e3c-57cc-425b-90ef-9bcaa62a7535: receive RaftClientReply:client-E0FA40453D59->0c156e3c-57cc-425b-90ef-9bcaa62a7535@group-7704A457760D, cid=1622, SUCCESS, logIndex=2787, commits[0c156e3c-57cc-425b-90ef-9bcaa62a7535:c2787]
2019-06-14 13:45:50,109 INFO  client.GrpcClientProtocolClient (GrpcClientProtocolClient.java:onNext(254)) - client-E0FA40453D59->0c156e3c-57cc-425b-90ef-9bcaa62a7535: receive RaftClientReply:client-E0FA40453D59->0c156e3c-57cc-425b-90ef-9bcaa62a7535@group-7704A457760D, cid=1623, SUCCESS, logIndex=2788, commits[0c156e3c-57cc-425b-90ef-9bcaa62a7535:c2789]
2019-06-14 13:45:50,110 INFO  client.GrpcClientProtocolClient (GrpcClientProtocolClient.java:onNext(254)) - client-E0FA40453D59->0c156e3c-57cc-425b-90ef-9bcaa62a7535: receive RaftClientReply:client-E0FA40453D59->0c156e3c-57cc-425b-90ef-9bcaa62a7535@group-7704A457760D, cid=1624, SUCCESS, logIndex=2789, commits[0c156e3c-57cc-425b-90ef-9bcaa62a7535:c2789]
2019-06-14 13:45:50,123 INFO  client.GrpcClientProtocolClient (GrpcClientProtocolClient.java:onNext(254)) - client-E0FA40453D59->0c156e3c-57cc-425b-90ef-9bcaa62a7535: receive RaftClientReply:client-E0FA40453D59->0c156e3c-57cc-425b-90ef-9bcaa62a7535@group-7704A457760D, cid=1625, SUCCESS, logIndex=2792, commits[0c156e3c-57cc-425b-90ef-9bcaa62a7535:c2792]
2019-06-14 13:45:50,125 INFO  storage.RaftLogWorker (RaftLogWorker.java:rollLogSegment(303)) - 0c156e3c-57cc-425b-90ef-9bcaa62a7535-RaftLogWorker: Rolling segment log-2717_2795 to index:2795
2019-06-14 13:45:50,127 INFO  storage.RaftLogWorker (RaftLogWorker.java:execute(433)) - 0c156e3c-57cc-425b-90ef-9bcaa62a7535-RaftLogWorker: Rolled log segment from /opt/src/hadoop-ozone/integration-test/target/test-dir/MiniOzoneClusterImpl-8919240e-7e15-4dbf-8bf4-c210578586bb/datanode-0/data/ratis/1fc53845-3381-4beb-82f9-7704a457760d/current/log_inprogress_2717 to /opt/src/hadoop-ozone/integration-test/target/test-dir/MiniOzoneClusterImpl-8919240e-7e15-4dbf-8bf4-c210578586bb/datanode-0/data/ratis/1fc53845-3381-4beb-82f9-7704a457760d/current/log_2717-2795
2019-06-14 13:45:50,130 INFO  client.GrpcClientProtocolClient (GrpcClientProtocolClient.java:onNext(254)) - client-E0FA40453D59->0c156e3c-57cc-425b-90ef-9bcaa62a7535: receive RaftClientReply:client-E0FA40453D59->0c156e3c-57cc-425b-90ef-9bcaa62a7535@group-7704A457760D, cid=1626, SUCCESS, logIndex=2794, commits[0c156e3c-57cc-425b-90ef-9bcaa62a7535:c2794]
2019-06-14 13:45:50,171 INFO  storage.RaftLogWorker (RaftLogWorker.java:execute(469)) - 0c156e3c-57cc-425b-90ef-9bcaa62a7535-RaftLogWorker: created new log segment /opt/src/hadoop-ozone/integration-test/target/test-dir/MiniOzoneClusterImpl-8919240e-7e15-4dbf-8bf4-c210578586bb/datanode-0/data/ratis/1fc53845-3381-4beb-82f9-7704a457760d/current/log_inprogress_2796
2019-06-14 13:45:50,174 INFO  client.GrpcClientProtocolClient (GrpcClientProtocolClient.java:onNext(254)) - client-E0FA40453D59->0c156e3c-57cc-425b-90ef-9bcaa62a7535: receive RaftClientReply:client-E0FA40453D59->0c156e3c-57cc-425b-90ef-9bcaa62a7535@group-7704A457760D, cid=1627, SUCCESS, logIndex=2796, commits[0c156e3c-57cc-425b-90ef-9bcaa62a7535:c2797]
2019-06-14 13:45:50,175 INFO  client.GrpcClientProtocolClient (GrpcClientProtocolClient.java:onNext(254)) - client-E0FA40453D59->0c156e3c-57cc-425b-90ef-9bcaa62a7535: receive RaftClientReply:client-E0FA40453D59->0c156e3c-57cc-425b-90ef-9bcaa62a7535@group-7704A457760D, cid=1628, SUCCESS, logIndex=2797, commits[0c156e3c-57cc-425b-90ef-9bcaa62a7535:c2797]
2019-06-14 13:45:50,184 INFO  client.GrpcClientProtocolClient (GrpcClientProtocolClient.java:onNext(254)) - client-E0FA40453D59->0c156e3c-57cc-425b-90ef-9bcaa62a7535: receive RaftClientReply:client-E0FA40453D59->0c156e3c-57cc-425b-90ef-9bcaa62a7535@group-7704A457760D, cid=1629, SUCCESS, logIndex=2799, commits[0c156e3c-57cc-425b-90ef-9bcaa62a7535:c2799]
2019-06-14 13:45:50,185 INFO  client.GrpcClientProtocolClient (GrpcClientProtocolClient.java:onNext(254)) - client-E0FA40453D59->0c156e3c-57cc-425b-90ef-9bcaa62a7535: receive RaftClientReply:client-E0FA40453D59->0c156e3c-57cc-425b-90ef-9bcaa62a7535@group-7704A457760D, cid=1630, SUCCESS, logIndex=2801, commits[0c156e3c-57cc-425b-90ef-9bcaa62a7535:c2801]
2019-06-14 13:45:50,187 INFO  client.GrpcClientProtocolClient (GrpcClientProtocolClient.java:onNext(254)) - client-E0FA40453D59->0c156e3c-57cc-425b-90ef-9bcaa62a7535: receive RaftClientReply:client-E0FA40453D59->0c156e3c-57cc-425b-90ef-9bcaa62a7535@group-7704A457760D, cid=1631, SUCCESS, logIndex=2803, commits[0c156e3c-57cc-425b-90ef-9bcaa62a7535:c2804]
2019-06-14 13:45:50,188 INFO  client.GrpcClientProtocolClient (GrpcClientProtocolClient.java:onNext(254)) - client-E0FA40453D59->0c156e3c-57cc-425b-90ef-9bcaa62a7535: receive RaftClientReply:client-E0FA40453D59->0c156e3c-57cc-425b-90ef-9bcaa62a7535@group-7704A457760D, cid=1632, SUCCESS, logIndex=2804, commits[0c156e3c-57cc-425b-90ef-9bcaa62a7535:c2804]
2019-06-14 13:45:50,194 DEBUG block.SCMBlockDeletingService (SCMBlockDeletingService.java:call(138)) - Running DeletedBlockTransactionScanner
2019-06-14 13:45:50,194 DEBUG block.SCMBlockDeletingService (SCMBlockDeletingService.java:call(155)) - Scanned deleted blocks log and got 0 delTX to process.
2019-06-14 13:45:50,214 INFO  client.GrpcClientProtocolClient (GrpcClientProtocolClient.java:onNext(254)) - client-E0FA40453D59->0c156e3c-57cc-425b-90ef-9bcaa62a7535: receive RaftClientReply:client-E0FA40453D59->0c156e3c-57cc-425b-90ef-9bcaa62a7535@group-7704A457760D, cid=1633, SUCCESS, logIndex=2806, commits[0c156e3c-57cc-425b-90ef-9bcaa62a7535:c2806]
2019-06-14 13:45:50,223 INFO  client.GrpcClientProtocolClient (GrpcClientProtocolClient.java:onNext(254)) - client-E0FA40453D59->0c156e3c-57cc-425b-90ef-9bcaa62a7535: receive RaftClientReply:client-E0FA40453D59->0c156e3c-57cc-425b-90ef-9bcaa62a7535@group-7704A457760D, cid=1634, SUCCESS, logIndex=2808, commits[0c156e3c-57cc-425b-90ef-9bcaa62a7535:c2808]
2019-06-14 13:45:50,295 DEBUG block.SCMBlockDeletingService (SCMBlockDeletingService.java:call(138)) - Running DeletedBlockTransactionScanner
2019-06-14 13:45:50,295 DEBUG block.SCMBlockDeletingService (SCMBlockDeletingService.java:call(155)) - Scanned deleted blocks log and got 0 delTX to process.
2019-06-14 13:45:50,315 INFO  client.GrpcClientProtocolClient (GrpcClientProtocolClient.java:onNext(254)) - client-E0FA40453D59->0c156e3c-57cc-425b-90ef-9bcaa62a7535: receive RaftClientReply:client-E0FA40453D59->0c156e3c-57cc-425b-90ef-9bcaa62a7535@group-7704A457760D, cid=1635, SUCCESS, logIndex=2810, commits[0c156e3c-57cc-425b-90ef-9bcaa62a7535:c2811]
2019-06-14 13:45:50,317 INFO  client.GrpcClientProtocolClient (GrpcClientProtocolClient.java:onNext(254)) - client-E0FA40453D59->0c156e3c-57cc-425b-90ef-9bcaa62a7535: receive RaftClientReply:client-E0FA40453D59->0c156e3c-57cc-425b-90ef-9bcaa62a7535@group-7704A457760D, cid=1636, SUCCESS, logIndex=2812, commits[0c156e3c-57cc-425b-90ef-9bcaa62a7535:c2812]
2019-06-14 13:45:50,325 INFO  client.GrpcClientProtocolClient (GrpcClientProtocolClient.java:onNext(254)) - client-E0FA40453D59->0c156e3c-57cc-425b-90ef-9bcaa62a7535: receive RaftClientReply:client-E0FA40453D59->0c156e3c-57cc-425b-90ef-9bcaa62a7535@group-7704A457760D, cid=1637, SUCCESS, logIndex=2814, commits[0c156e3c-57cc-425b-90ef-9bcaa62a7535:c2814]
2019-06-14 13:45:50,328 INFO  client.GrpcClientProtocolClient (GrpcClientProtocolClient.java:onNext(254)) - client-E0FA40453D59->0c156e3c-57cc-425b-90ef-9bcaa62a7535: receive RaftClientReply:client-E0FA40453D59->0c156e3c-57cc-425b-90ef-9bcaa62a7535@group-7704A457760D, cid=1638, SUCCESS, logIndex=2816, commits[0c156e3c-57cc-425b-90ef-9bcaa62a7535:c2819]
2019-06-14 13:45:50,329 INFO  client.GrpcClientProtocolClient (GrpcClientProtocolClient.java:onNext(254)) - client-E0FA40453D59->0c156e3c-57cc-425b-90ef-9bcaa62a7535: receive RaftClientReply:client-E0FA40453D59->0c156e3c-57cc-425b-90ef-9bcaa62a7535@group-7704A457760D, cid=1639, SUCCESS, logIndex=2817, commits[0c156e3c-57cc-425b-90ef-9bcaa62a7535:c2820]
2019-06-14 13:45:50,331 INFO  client.GrpcClientProtocolClient (GrpcClientProtocolClient.java:onNext(254)) - client-E0FA40453D59->0c156e3c-57cc-425b-90ef-9bcaa62a7535: receive RaftClientReply:client-E0FA40453D59->0c156e3c-57cc-425b-90ef-9bcaa62a7535@group-7704A457760D, cid=1640, SUCCESS, logIndex=2819, commits[0c156e3c-57cc-425b-90ef-9bcaa62a7535:c2820]
2019-06-14 13:45:50,344 INFO  client.GrpcClientProtocolClient (GrpcClientProtocolClient.java:onNext(254)) - client-E0FA40453D59->0c156e3c-57cc-425b-90ef-9bcaa62a7535: receive RaftClientReply:client-E0FA40453D59->0c156e3c-57cc-425b-90ef-9bcaa62a7535@group-7704A457760D, cid=1641, SUCCESS, logIndex=2821, commits[0c156e3c-57cc-425b-90ef-9bcaa62a7535:c2821]
2019-06-14 13:45:50,347 INFO  client.GrpcClientProtocolClient (GrpcClientProtocolClient.java:onNext(254)) - client-E0FA40453D59->0c156e3c-57cc-425b-90ef-9bcaa62a7535: receive RaftClientReply:client-E0FA40453D59->0c156e3c-57cc-425b-90ef-9bcaa62a7535@group-7704A457760D, cid=1642, SUCCESS, logIndex=2823, commits[0c156e3c-57cc-425b-90ef-9bcaa62a7535:c2823]
2019-06-14 13:45:50,348 INFO  client.GrpcClientProtocolClient (GrpcClientProtocolClient.java:onNext(254)) - client-E0FA40453D59->0c156e3c-57cc-425b-90ef-9bcaa62a7535: receive RaftClientReply:client-E0FA40453D59->0c156e3c-57cc-425b-90ef-9bcaa62a7535@group-7704A457760D, cid=1643, SUCCESS, logIndex=2824, commits[0c156e3c-57cc-425b-90ef-9bcaa62a7535:c2826]
2019-06-14 13:45:50,354 INFO  client.GrpcClientProtocolClient (GrpcClientProtocolClient.java:onNext(254)) - client-E0FA40453D59->0c156e3c-57cc-425b-90ef-9bcaa62a7535: receive RaftClientReply:client-E0FA40453D59->0c156e3c-57cc-425b-90ef-9bcaa62a7535@group-7704A457760D, cid=1644, SUCCESS, logIndex=2825, commits[0c156e3c-57cc-425b-90ef-9bcaa62a7535:c2826]
2019-06-14 13:45:50,366 INFO  client.GrpcClientProtocolClient (GrpcClientProtocolClient.java:onNext(254)) - client-E0FA40453D59->0c156e3c-57cc-425b-90ef-9bcaa62a7535: receive RaftClientReply:client-E0FA40453D59->0c156e3c-57cc-425b-90ef-9bcaa62a7535@group-7704A457760D, cid=1645, SUCCESS, logIndex=2827, commits[0c156e3c-57cc-425b-90ef-9bcaa62a7535:c2827]
2019-06-14 13:45:50,368 INFO  client.GrpcClientProtocolClient (GrpcClientProtocolClient.java:onNext(254)) - client-E0FA40453D59->0c156e3c-57cc-425b-90ef-9bcaa62a7535: receive RaftClientReply:client-E0FA40453D59->0c156e3c-57cc-425b-90ef-9bcaa62a7535@group-7704A457760D, cid=1646, SUCCESS, logIndex=2829, commits[0c156e3c-57cc-425b-90ef-9bcaa62a7535:c2829]
2019-06-14 13:45:50,369 INFO  client.GrpcClientProtocolClient (GrpcClientProtocolClient.java:onNext(254)) - client-E0FA40453D59->0c156e3c-57cc-425b-90ef-9bcaa62a7535: receive RaftClientReply:client-E0FA40453D59->0c156e3c-57cc-425b-90ef-9bcaa62a7535@group-7704A457760D, cid=1647, SUCCESS, logIndex=2830, commits[0c156e3c-57cc-425b-90ef-9bcaa62a7535:c2832]
2019-06-14 13:45:50,369 INFO  client.GrpcClientProtocolClient (GrpcClientProtocolClient.java:onNext(254)) - client-E0FA40453D59->0c156e3c-57cc-425b-90ef-9bcaa62a7535: receive RaftClientReply:client-E0FA40453D59->0c156e3c-57cc-425b-90ef-9bcaa62a7535@group-7704A457760D, cid=1648, SUCCESS, logIndex=2831, commits[0c156e3c-57cc-425b-90ef-9bcaa62a7535:c2832]
2019-06-14 13:45:50,387 INFO  client.GrpcClientProtocolClient (GrpcClientProtocolClient.java:onNext(254)) - client-E0FA40453D59->0c156e3c-57cc-425b-90ef-9bcaa62a7535: receive RaftClientReply:client-E0FA40453D59->0c156e3c-57cc-425b-90ef-9bcaa62a7535@group-7704A457760D, cid=1649, SUCCESS, logIndex=2833, commits[0c156e3c-57cc-425b-90ef-9bcaa62a7535:c2833]
2019-06-14 13:45:50,393 INFO  client.GrpcClientProtocolClient (GrpcClientProtocolClient.java:onNext(254)) - client-E0FA40453D59->0c156e3c-57cc-425b-90ef-9bcaa62a7535: receive RaftClientReply:client-E0FA40453D59->0c156e3c-57cc-425b-90ef-9bcaa62a7535@group-7704A457760D, cid=1650, SUCCESS, logIndex=2835, commits[0c156e3c-57cc-425b-90ef-9bcaa62a7535:c2837]
2019-06-14 13:45:50,393 INFO  client.GrpcClientProtocolClient (GrpcClientProtocolClient.java:onNext(254)) - client-E0FA40453D59->0c156e3c-57cc-425b-90ef-9bcaa62a7535: receive RaftClientReply:client-E0FA40453D59->0c156e3c-57cc-425b-90ef-9bcaa62a7535@group-7704A457760D, cid=1651, SUCCESS, logIndex=2836, commits[0c156e3c-57cc-425b-90ef-9bcaa62a7535:c2837]
2019-06-14 13:45:50,394 INFO  client.GrpcClientProtocolClient (GrpcClientProtocolClient.java:onNext(254)) - client-E0FA40453D59->0c156e3c-57cc-425b-90ef-9bcaa62a7535: receive RaftClientReply:client-E0FA40453D59->0c156e3c-57cc-425b-90ef-9bcaa62a7535@group-7704A457760D, cid=1652, SUCCESS, logIndex=2837, commits[0c156e3c-57cc-425b-90ef-9bcaa62a7535:c2837]
2019-06-14 13:45:50,396 DEBUG block.SCMBlockDeletingService (SCMBlockDeletingService.java:call(138)) - Running DeletedBlockTransactionScanner
2019-06-14 13:45:50,396 DEBUG block.SCMBlockDeletingService (SCMBlockDeletingService.java:call(155)) - Scanned deleted blocks log and got 0 delTX to process.
2019-06-14 13:45:50,404 INFO  client.GrpcClientProtocolClient (GrpcClientProtocolClient.java:onNext(254)) - client-E0FA40453D59->0c156e3c-57cc-425b-90ef-9bcaa62a7535: receive RaftClientReply:client-E0FA40453D59->0c156e3c-57cc-425b-90ef-9bcaa62a7535@group-7704A457760D, cid=1653, SUCCESS, logIndex=2839, commits[0c156e3c-57cc-425b-90ef-9bcaa62a7535:c2839]
2019-06-14 13:45:50,408 INFO  client.GrpcClientProtocolClient (GrpcClientProtocolClient.java:onNext(254)) - client-E0FA40453D59->0c156e3c-57cc-425b-90ef-9bcaa62a7535: receive RaftClientReply:client-E0FA40453D59->0c156e3c-57cc-425b-90ef-9bcaa62a7535@group-7704A457760D, cid=1654, SUCCESS, logIndex=2841, commits[0c156e3c-57cc-425b-90ef-9bcaa62a7535:c2841]
2019-06-14 13:45:50,408 INFO  client.GrpcClientProtocolClient (GrpcClientProtocolClient.java:onNext(254)) - client-E0FA40453D59->0c156e3c-57cc-425b-90ef-9bcaa62a7535: receive RaftClientReply:client-E0FA40453D59->0c156e3c-57cc-425b-90ef-9bcaa62a7535@group-7704A457760D, cid=1655, SUCCESS, logIndex=2842, commits[0c156e3c-57cc-425b-90ef-9bcaa62a7535:c2843]
2019-06-14 13:45:50,409 INFO  client.GrpcClientProtocolClient (GrpcClientProtocolClient.java:onNext(254)) - client-E0FA40453D59->0c156e3c-57cc-425b-90ef-9bcaa62a7535: receive RaftClientReply:client-E0FA40453D59->0c156e3c-57cc-425b-90ef-9bcaa62a7535@group-7704A457760D, cid=1656, SUCCESS, logIndex=2843, commits[0c156e3c-57cc-425b-90ef-9bcaa62a7535:c2843]
2019-06-14 13:45:50,434 INFO  client.GrpcClientProtocolClient (GrpcClientProtocolClient.java:onNext(254)) - client-E0FA40453D59->0c156e3c-57cc-425b-90ef-9bcaa62a7535: receive RaftClientReply:client-E0FA40453D59->0c156e3c-57cc-425b-90ef-9bcaa62a7535@group-7704A457760D, cid=1657, SUCCESS, logIndex=2846, commits[0c156e3c-57cc-425b-90ef-9bcaa62a7535:c2846]
2019-06-14 13:45:50,437 INFO  client.GrpcClientProtocolClient (GrpcClientProtocolClient.java:onNext(254)) - client-E0FA40453D59->0c156e3c-57cc-425b-90ef-9bcaa62a7535: receive RaftClientReply:client-E0FA40453D59->0c156e3c-57cc-425b-90ef-9bcaa62a7535@group-7704A457760D, cid=1658, SUCCESS, logIndex=2848, commits[0c156e3c-57cc-425b-90ef-9bcaa62a7535:c2848]
2019-06-14 13:45:50,437 INFO  client.GrpcClientProtocolClient (GrpcClientProtocolClient.java:onNext(254)) - client-E0FA40453D59->0c156e3c-57cc-425b-90ef-9bcaa62a7535: receive RaftClientReply:client-E0FA40453D59->0c156e3c-57cc-425b-90ef-9bcaa62a7535@group-7704A457760D, cid=1659, SUCCESS, logIndex=2849, commits[0c156e3c-57cc-425b-90ef-9bcaa62a7535:c2851]
2019-06-14 13:45:50,438 INFO  client.GrpcClientProtocolClient (GrpcClientProtocolClient.java:onNext(254)) - client-E0FA40453D59->0c156e3c-57cc-425b-90ef-9bcaa62a7535: receive RaftClientReply:client-E0FA40453D59->0c156e3c-57cc-425b-90ef-9bcaa62a7535@group-7704A457760D, cid=1660, SUCCESS, logIndex=2851, commits[0c156e3c-57cc-425b-90ef-9bcaa62a7535:c2852]
2019-06-14 13:45:50,444 INFO  client.GrpcClientProtocolClient (GrpcClientProtocolClient.java:onNext(254)) - client-E0FA40453D59->0c156e3c-57cc-425b-90ef-9bcaa62a7535: receive RaftClientReply:client-E0FA40453D59->0c156e3c-57cc-425b-90ef-9bcaa62a7535@group-7704A457760D, cid=1661, SUCCESS, logIndex=2853, commits[0c156e3c-57cc-425b-90ef-9bcaa62a7535:c2853]
2019-06-14 13:45:50,446 INFO  client.GrpcClientProtocolClient (GrpcClientProtocolClient.java:onNext(254)) - client-E0FA40453D59->0c156e3c-57cc-425b-90ef-9bcaa62a7535: receive RaftClientReply:client-E0FA40453D59->0c156e3c-57cc-425b-90ef-9bcaa62a7535@group-7704A457760D, cid=1662, SUCCESS, logIndex=2855, commits[0c156e3c-57cc-425b-90ef-9bcaa62a7535:c2855]
2019-06-14 13:45:50,447 INFO  client.GrpcClientProtocolClient (GrpcClientProtocolClient.java:onNext(254)) - client-E0FA40453D59->0c156e3c-57cc-425b-90ef-9bcaa62a7535: receive RaftClientReply:client-E0FA40453D59->0c156e3c-57cc-425b-90ef-9bcaa62a7535@group-7704A457760D, cid=1663, SUCCESS, logIndex=2856, commits[0c156e3c-57cc-425b-90ef-9bcaa62a7535:c2856]
2019-06-14 13:45:50,451 INFO  client.GrpcClientProtocolClient (GrpcClientProtocolClient.java:onNext(254)) - client-E0FA40453D59->0c156e3c-57cc-425b-90ef-9bcaa62a7535: receive RaftClientReply:client-E0FA40453D59->0c156e3c-57cc-425b-90ef-9bcaa62a7535@group-7704A457760D, cid=1664, SUCCESS, logIndex=2858, commits[0c156e3c-57cc-425b-90ef-9bcaa62a7535:c2860]
2019-06-14 13:45:50,462 INFO  client.GrpcClientProtocolClient (GrpcClientProtocolClient.java:onNext(254)) - client-E0FA40453D59->0c156e3c-57cc-425b-90ef-9bcaa62a7535: receive RaftClientReply:client-E0FA40453D59->0c156e3c-57cc-425b-90ef-9bcaa62a7535@group-7704A457760D, cid=1665, SUCCESS, logIndex=2861, commits[0c156e3c-57cc-425b-90ef-9bcaa62a7535:c2861]
2019-06-14 13:45:50,466 INFO  client.GrpcClientProtocolClient (GrpcClientProtocolClient.java:onNext(254)) - client-E0FA40453D59->0c156e3c-57cc-425b-90ef-9bcaa62a7535: receive RaftClientReply:client-E0FA40453D59->0c156e3c-57cc-425b-90ef-9bcaa62a7535@group-7704A457760D, cid=1666, SUCCESS, logIndex=2863, commits[0c156e3c-57cc-425b-90ef-9bcaa62a7535:c2863]
2019-06-14 13:45:50,467 INFO  client.GrpcClientProtocolClient (GrpcClientProtocolClient.java:onNext(254)) - client-E0FA40453D59->0c156e3c-57cc-425b-90ef-9bcaa62a7535: receive RaftClientReply:client-E0FA40453D59->0c156e3c-57cc-425b-90ef-9bcaa62a7535@group-7704A457760D, cid=1667, SUCCESS, logIndex=2864, commits[0c156e3c-57cc-425b-90ef-9bcaa62a7535:c2866]
2019-06-14 13:45:50,467 INFO  client.GrpcClientProtocolClient (GrpcClientProtocolClient.java:onNext(254)) - client-E0FA40453D59->0c156e3c-57cc-425b-90ef-9bcaa62a7535: receive RaftClientReply:client-E0FA40453D59->0c156e3c-57cc-425b-90ef-9bcaa62a7535@group-7704A457760D, cid=1668, SUCCESS, logIndex=2865, commits[0c156e3c-57cc-425b-90ef-9bcaa62a7535:c2866]
2019-06-14 13:45:50,479 INFO  client.GrpcClientProtocolClient (GrpcClientProtocolClient.java:onNext(254)) - client-E0FA40453D59->0c156e3c-57cc-425b-90ef-9bcaa62a7535: receive RaftClientReply:client-E0FA40453D59->0c156e3c-57cc-425b-90ef-9bcaa62a7535@group-7704A457760D, cid=1669, SUCCESS, logIndex=2867, commits[0c156e3c-57cc-425b-90ef-9bcaa62a7535:c2867]
2019-06-14 13:45:50,479 INFO  storage.RaftLogWorker (RaftLogWorker.java:rollLogSegment(303)) - 0c156e3c-57cc-425b-90ef-9bcaa62a7535-RaftLogWorker: Rolling segment log-2796_2868 to index:2868
2019-06-14 13:45:50,480 INFO  storage.RaftLogWorker (RaftLogWorker.java:execute(433)) - 0c156e3c-57cc-425b-90ef-9bcaa62a7535-RaftLogWorker: Rolled log segment from /opt/src/hadoop-ozone/integration-test/target/test-dir/MiniOzoneClusterImpl-8919240e-7e15-4dbf-8bf4-c210578586bb/datanode-0/data/ratis/1fc53845-3381-4beb-82f9-7704a457760d/current/log_inprogress_2796 to /opt/src/hadoop-ozone/integration-test/target/test-dir/MiniOzoneClusterImpl-8919240e-7e15-4dbf-8bf4-c210578586bb/datanode-0/data/ratis/1fc53845-3381-4beb-82f9-7704a457760d/current/log_2796-2868
2019-06-14 13:45:50,496 DEBUG block.SCMBlockDeletingService (SCMBlockDeletingService.java:call(138)) - Running DeletedBlockTransactionScanner
2019-06-14 13:45:50,496 DEBUG block.SCMBlockDeletingService (SCMBlockDeletingService.java:call(155)) - Scanned deleted blocks log and got 0 delTX to process.
2019-06-14 13:45:50,572 INFO  storage.RaftLogWorker (RaftLogWorker.java:execute(469)) - 0c156e3c-57cc-425b-90ef-9bcaa62a7535-RaftLogWorker: created new log segment /opt/src/hadoop-ozone/integration-test/target/test-dir/MiniOzoneClusterImpl-8919240e-7e15-4dbf-8bf4-c210578586bb/datanode-0/data/ratis/1fc53845-3381-4beb-82f9-7704a457760d/current/log_inprogress_2869
2019-06-14 13:45:50,590 INFO  client.GrpcClientProtocolClient (GrpcClientProtocolClient.java:onNext(254)) - client-E0FA40453D59->0c156e3c-57cc-425b-90ef-9bcaa62a7535: receive RaftClientReply:client-E0FA40453D59->0c156e3c-57cc-425b-90ef-9bcaa62a7535@group-7704A457760D, cid=1670, SUCCESS, logIndex=2869, commits[0c156e3c-57cc-425b-90ef-9bcaa62a7535:c2871]
2019-06-14 13:45:50,596 DEBUG block.SCMBlockDeletingService (SCMBlockDeletingService.java:call(138)) - Running DeletedBlockTransactionScanner
2019-06-14 13:45:50,597 DEBUG block.SCMBlockDeletingService (SCMBlockDeletingService.java:call(155)) - Scanned deleted blocks log and got 0 delTX to process.
2019-06-14 13:45:50,601 INFO  client.GrpcClientProtocolClient (GrpcClientProtocolClient.java:onNext(254)) - client-E0FA40453D59->0c156e3c-57cc-425b-90ef-9bcaa62a7535: receive RaftClientReply:client-E0FA40453D59->0c156e3c-57cc-425b-90ef-9bcaa62a7535@group-7704A457760D, cid=1671, SUCCESS, logIndex=2870, commits[0c156e3c-57cc-425b-90ef-9bcaa62a7535:c2871]
2019-06-14 13:45:50,602 INFO  client.GrpcClientProtocolClient (GrpcClientProtocolClient.java:onNext(254)) - client-E0FA40453D59->0c156e3c-57cc-425b-90ef-9bcaa62a7535: receive RaftClientReply:client-E0FA40453D59->0c156e3c-57cc-425b-90ef-9bcaa62a7535@group-7704A457760D, cid=1672, SUCCESS, logIndex=2871, commits[0c156e3c-57cc-425b-90ef-9bcaa62a7535:c2872]
2019-06-14 13:45:50,618 INFO  client.GrpcClientProtocolClient (GrpcClientProtocolClient.java:onNext(254)) - client-E0FA40453D59->0c156e3c-57cc-425b-90ef-9bcaa62a7535: receive RaftClientReply:client-E0FA40453D59->0c156e3c-57cc-425b-90ef-9bcaa62a7535@group-7704A457760D, cid=1673, SUCCESS, logIndex=2873, commits[0c156e3c-57cc-425b-90ef-9bcaa62a7535:c2873]
2019-06-14 13:45:50,910 DEBUG block.SCMBlockDeletingService (SCMBlockDeletingService.java:call(138)) - Running DeletedBlockTransactionScanner
2019-06-14 13:45:50,910 DEBUG block.SCMBlockDeletingService (SCMBlockDeletingService.java:call(155)) - Scanned deleted blocks log and got 0 delTX to process.
2019-06-14 13:45:50,925 INFO  client.GrpcClientProtocolClient (GrpcClientProtocolClient.java:onNext(254)) - client-E0FA40453D59->0c156e3c-57cc-425b-90ef-9bcaa62a7535: receive RaftClientReply:client-E0FA40453D59->0c156e3c-57cc-425b-90ef-9bcaa62a7535@group-7704A457760D, cid=1674, SUCCESS, logIndex=2875, commits[0c156e3c-57cc-425b-90ef-9bcaa62a7535:c2875]
2019-06-14 13:45:50,926 INFO  client.GrpcClientProtocolClient (GrpcClientProtocolClient.java:onNext(254)) - client-E0FA40453D59->0c156e3c-57cc-425b-90ef-9bcaa62a7535: receive RaftClientReply:client-E0FA40453D59->0c156e3c-57cc-425b-90ef-9bcaa62a7535@group-7704A457760D, cid=1675, SUCCESS, logIndex=2876, commits[0c156e3c-57cc-425b-90ef-9bcaa62a7535:c2878]
2019-06-14 13:45:50,926 INFO  client.GrpcClientProtocolClient (GrpcClientProtocolClient.java:onNext(254)) - client-E0FA40453D59->0c156e3c-57cc-425b-90ef-9bcaa62a7535: receive RaftClientReply:client-E0FA40453D59->0c156e3c-57cc-425b-90ef-9bcaa62a7535@group-7704A457760D, cid=1676, SUCCESS, logIndex=2877, commits[0c156e3c-57cc-425b-90ef-9bcaa62a7535:c2878]
2019-06-14 13:45:50,933 INFO  client.GrpcClientProtocolClient (GrpcClientProtocolClient.java:onNext(254)) - client-E0FA40453D59->0c156e3c-57cc-425b-90ef-9bcaa62a7535: receive RaftClientReply:client-E0FA40453D59->0c156e3c-57cc-425b-90ef-9bcaa62a7535@group-7704A457760D, cid=1677, SUCCESS, logIndex=2879, commits[0c156e3c-57cc-425b-90ef-9bcaa62a7535:c2879]
2019-06-14 13:45:50,935 INFO  client.GrpcClientProtocolClient (GrpcClientProtocolClient.java:onNext(254)) - client-E0FA40453D59->0c156e3c-57cc-425b-90ef-9bcaa62a7535: receive RaftClientReply:client-E0FA40453D59->0c156e3c-57cc-425b-90ef-9bcaa62a7535@group-7704A457760D, cid=1678, SUCCESS, logIndex=2881, commits[0c156e3c-57cc-425b-90ef-9bcaa62a7535:c2881]
2019-06-14 13:45:51,011 DEBUG block.SCMBlockDeletingService (SCMBlockDeletingService.java:call(138)) - Running DeletedBlockTransactionScanner
2019-06-14 13:45:51,011 DEBUG block.SCMBlockDeletingService (SCMBlockDeletingService.java:call(155)) - Scanned deleted blocks log and got 0 delTX to process.
2019-06-14 13:45:51,031 INFO  client.GrpcClientProtocolClient (GrpcClientProtocolClient.java:onNext(254)) - client-E0FA40453D59->0c156e3c-57cc-425b-90ef-9bcaa62a7535: receive RaftClientReply:client-E0FA40453D59->0c156e3c-57cc-425b-90ef-9bcaa62a7535@group-7704A457760D, cid=1679, SUCCESS, logIndex=2883, commits[0c156e3c-57cc-425b-90ef-9bcaa62a7535:c2883]
2019-06-14 13:45:51,032 INFO  client.GrpcClientProtocolClient (GrpcClientProtocolClient.java:onNext(254)) - client-E0FA40453D59->0c156e3c-57cc-425b-90ef-9bcaa62a7535: receive RaftClientReply:client-E0FA40453D59->0c156e3c-57cc-425b-90ef-9bcaa62a7535@group-7704A457760D, cid=1680, SUCCESS, logIndex=2885, commits[0c156e3c-57cc-425b-90ef-9bcaa62a7535:c2885]
2019-06-14 13:45:51,057 INFO  client.GrpcClientProtocolClient (GrpcClientProtocolClient.java:onNext(254)) - client-E0FA40453D59->0c156e3c-57cc-425b-90ef-9bcaa62a7535: receive RaftClientReply:client-E0FA40453D59->0c156e3c-57cc-425b-90ef-9bcaa62a7535@group-7704A457760D, cid=1681, SUCCESS, logIndex=2887, commits[0c156e3c-57cc-425b-90ef-9bcaa62a7535:c2887]
2019-06-14 13:45:51,058 INFO  client.GrpcClientProtocolClient (GrpcClientProtocolClient.java:onNext(254)) - client-E0FA40453D59->0c156e3c-57cc-425b-90ef-9bcaa62a7535: receive RaftClientReply:client-E0FA40453D59->0c156e3c-57cc-425b-90ef-9bcaa62a7535@group-7704A457760D, cid=1682, SUCCESS, logIndex=2889, commits[0c156e3c-57cc-425b-90ef-9bcaa62a7535:c2889]
2019-06-14 13:45:51,059 INFO  client.GrpcClientProtocolClient (GrpcClientProtocolClient.java:onNext(254)) - client-E0FA40453D59->0c156e3c-57cc-425b-90ef-9bcaa62a7535: receive RaftClientReply:client-E0FA40453D59->0c156e3c-57cc-425b-90ef-9bcaa62a7535@group-7704A457760D, cid=1683, SUCCESS, logIndex=2890, commits[0c156e3c-57cc-425b-90ef-9bcaa62a7535:c2890]
2019-06-14 13:45:51,059 INFO  client.GrpcClientProtocolClient (GrpcClientProtocolClient.java:onNext(254)) - client-E0FA40453D59->0c156e3c-57cc-425b-90ef-9bcaa62a7535: receive RaftClientReply:client-E0FA40453D59->0c156e3c-57cc-425b-90ef-9bcaa62a7535@group-7704A457760D, cid=1684, SUCCESS, logIndex=2892, commits[0c156e3c-57cc-425b-90ef-9bcaa62a7535:c2892]
2019-06-14 13:45:51,083 INFO  client.GrpcClientProtocolClient (GrpcClientProtocolClient.java:onNext(254)) - client-E0FA40453D59->0c156e3c-57cc-425b-90ef-9bcaa62a7535: receive RaftClientReply:client-E0FA40453D59->0c156e3c-57cc-425b-90ef-9bcaa62a7535@group-7704A457760D, cid=1685, SUCCESS, logIndex=2895, commits[0c156e3c-57cc-425b-90ef-9bcaa62a7535:c2896]
2019-06-14 13:45:51,095 INFO  client.GrpcClientProtocolClient (GrpcClientProtocolClient.java:onNext(254)) - client-E0FA40453D59->0c156e3c-57cc-425b-90ef-9bcaa62a7535: receive RaftClientReply:client-E0FA40453D59->0c156e3c-57cc-425b-90ef-9bcaa62a7535@group-7704A457760D, cid=1686, SUCCESS, logIndex=2897, commits[0c156e3c-57cc-425b-90ef-9bcaa62a7535:c2897]
2019-06-14 13:45:51,105 INFO  client.GrpcClientProtocolClient (GrpcClientProtocolClient.java:onNext(254)) - client-E0FA40453D59->0c156e3c-57cc-425b-90ef-9bcaa62a7535: receive RaftClientReply:client-E0FA40453D59->0c156e3c-57cc-425b-90ef-9bcaa62a7535@group-7704A457760D, cid=1687, SUCCESS, logIndex=2898, commits[0c156e3c-57cc-425b-90ef-9bcaa62a7535:c2898]
2019-06-14 13:45:51,107 INFO  client.GrpcClientProtocolClient (GrpcClientProtocolClient.java:onNext(254)) - client-E0FA40453D59->0c156e3c-57cc-425b-90ef-9bcaa62a7535: receive RaftClientReply:client-E0FA40453D59->0c156e3c-57cc-425b-90ef-9bcaa62a7535@group-7704A457760D, cid=1688, SUCCESS, logIndex=2900, commits[0c156e3c-57cc-425b-90ef-9bcaa62a7535:c2900]
2019-06-14 13:45:51,111 DEBUG block.SCMBlockDeletingService (SCMBlockDeletingService.java:call(138)) - Running DeletedBlockTransactionScanner
2019-06-14 13:45:51,112 DEBUG block.SCMBlockDeletingService (SCMBlockDeletingService.java:call(155)) - Scanned deleted blocks log and got 0 delTX to process.
2019-06-14 13:45:51,134 INFO  client.GrpcClientProtocolClient (GrpcClientProtocolClient.java:onNext(254)) - client-E0FA40453D59->0c156e3c-57cc-425b-90ef-9bcaa62a7535: receive RaftClientReply:client-E0FA40453D59->0c156e3c-57cc-425b-90ef-9bcaa62a7535@group-7704A457760D, cid=1689, SUCCESS, logIndex=2903, commits[0c156e3c-57cc-425b-90ef-9bcaa62a7535:c2903]
2019-06-14 13:45:51,140 INFO  client.GrpcClientProtocolClient (GrpcClientProtocolClient.java:onNext(254)) - client-E0FA40453D59->0c156e3c-57cc-425b-90ef-9bcaa62a7535: receive RaftClientReply:client-E0FA40453D59->0c156e3c-57cc-425b-90ef-9bcaa62a7535@group-7704A457760D, cid=1690, SUCCESS, logIndex=2905, commits[0c156e3c-57cc-425b-90ef-9bcaa62a7535:c2905]
2019-06-14 13:45:51,146 INFO  client.GrpcClientProtocolClient (GrpcClientProtocolClient.java:onNext(254)) - client-E0FA40453D59->0c156e3c-57cc-425b-90ef-9bcaa62a7535: receive RaftClientReply:client-E0FA40453D59->0c156e3c-57cc-425b-90ef-9bcaa62a7535@group-7704A457760D, cid=1691, SUCCESS, logIndex=2906, commits[0c156e3c-57cc-425b-90ef-9bcaa62a7535:c2908]
2019-06-14 13:45:51,146 INFO  client.GrpcClientProtocolClient (GrpcClientProtocolClient.java:onNext(254)) - client-E0FA40453D59->0c156e3c-57cc-425b-90ef-9bcaa62a7535: receive RaftClientReply:client-E0FA40453D59->0c156e3c-57cc-425b-90ef-9bcaa62a7535@group-7704A457760D, cid=1692, SUCCESS, logIndex=2907, commits[0c156e3c-57cc-425b-90ef-9bcaa62a7535:c2908]
2019-06-14 13:45:51,157 INFO  client.GrpcClientProtocolClient (GrpcClientProtocolClient.java:onNext(254)) - client-E0FA40453D59->0c156e3c-57cc-425b-90ef-9bcaa62a7535: receive RaftClientReply:client-E0FA40453D59->0c156e3c-57cc-425b-90ef-9bcaa62a7535@group-7704A457760D, cid=1693, SUCCESS, logIndex=2909, commits[0c156e3c-57cc-425b-90ef-9bcaa62a7535:c2910]
2019-06-14 13:45:51,167 INFO  client.GrpcClientProtocolClient (GrpcClientProtocolClient.java:onNext(254)) - client-E0FA40453D59->0c156e3c-57cc-425b-90ef-9bcaa62a7535: receive RaftClientReply:client-E0FA40453D59->0c156e3c-57cc-425b-90ef-9bcaa62a7535@group-7704A457760D, cid=1694, SUCCESS, logIndex=2911, commits[0c156e3c-57cc-425b-90ef-9bcaa62a7535:c2916]
2019-06-14 13:45:51,168 INFO  client.GrpcClientProtocolClient (GrpcClientProtocolClient.java:onNext(254)) - client-E0FA40453D59->0c156e3c-57cc-425b-90ef-9bcaa62a7535: receive RaftClientReply:client-E0FA40453D59->0c156e3c-57cc-425b-90ef-9bcaa62a7535@group-7704A457760D, cid=1695, SUCCESS, logIndex=2912, commits[0c156e3c-57cc-425b-90ef-9bcaa62a7535:c2916]
2019-06-14 13:45:51,174 INFO  client.GrpcClientProtocolClient (GrpcClientProtocolClient.java:onNext(254)) - client-E0FA40453D59->0c156e3c-57cc-425b-90ef-9bcaa62a7535: receive RaftClientReply:client-E0FA40453D59->0c156e3c-57cc-425b-90ef-9bcaa62a7535@group-7704A457760D, cid=1696, SUCCESS, logIndex=2914, commits[0c156e3c-57cc-425b-90ef-9bcaa62a7535:c2916]
2019-06-14 13:45:51,195 INFO  client.GrpcClientProtocolClient (GrpcClientProtocolClient.java:onNext(254)) - client-E0FA40453D59->0c156e3c-57cc-425b-90ef-9bcaa62a7535: receive RaftClientReply:client-E0FA40453D59->0c156e3c-57cc-425b-90ef-9bcaa62a7535@group-7704A457760D, cid=1697, SUCCESS, logIndex=2917, commits[0c156e3c-57cc-425b-90ef-9bcaa62a7535:c2917]
2019-06-14 13:45:51,201 INFO  client.GrpcClientProtocolClient (GrpcClientProtocolClient.java:onNext(254)) - client-E0FA40453D59->0c156e3c-57cc-425b-90ef-9bcaa62a7535: receive RaftClientReply:client-E0FA40453D59->0c156e3c-57cc-425b-90ef-9bcaa62a7535@group-7704A457760D, cid=1698, SUCCESS, logIndex=2919, commits[0c156e3c-57cc-425b-90ef-9bcaa62a7535:c2919]
2019-06-14 13:45:51,212 DEBUG block.SCMBlockDeletingService (SCMBlockDeletingService.java:call(138)) - Running DeletedBlockTransactionScanner
2019-06-14 13:45:51,212 DEBUG block.SCMBlockDeletingService (SCMBlockDeletingService.java:call(155)) - Scanned deleted blocks log and got 0 delTX to process.
2019-06-14 13:45:51,216 INFO  client.GrpcClientProtocolClient (GrpcClientProtocolClient.java:onNext(254)) - client-E0FA40453D59->0c156e3c-57cc-425b-90ef-9bcaa62a7535: receive RaftClientReply:client-E0FA40453D59->0c156e3c-57cc-425b-90ef-9bcaa62a7535@group-7704A457760D, cid=1699, SUCCESS, logIndex=2921, commits[0c156e3c-57cc-425b-90ef-9bcaa62a7535:c2922]
2019-06-14 13:45:51,217 INFO  client.GrpcClientProtocolClient (GrpcClientProtocolClient.java:onNext(254)) - client-E0FA40453D59->0c156e3c-57cc-425b-90ef-9bcaa62a7535: receive RaftClientReply:client-E0FA40453D59->0c156e3c-57cc-425b-90ef-9bcaa62a7535@group-7704A457760D, cid=1700, SUCCESS, logIndex=2922, commits[0c156e3c-57cc-425b-90ef-9bcaa62a7535:c2922]
2019-06-14 13:45:51,225 INFO  client.GrpcClientProtocolClient (GrpcClientProtocolClient.java:onNext(254)) - client-E0FA40453D59->0c156e3c-57cc-425b-90ef-9bcaa62a7535: receive RaftClientReply:client-E0FA40453D59->0c156e3c-57cc-425b-90ef-9bcaa62a7535@group-7704A457760D, cid=1701, SUCCESS, logIndex=2924, commits[0c156e3c-57cc-425b-90ef-9bcaa62a7535:c2924]
2019-06-14 13:45:51,227 INFO  client.GrpcClientProtocolClient (GrpcClientProtocolClient.java:onNext(254)) - client-E0FA40453D59->0c156e3c-57cc-425b-90ef-9bcaa62a7535: receive RaftClientReply:client-E0FA40453D59->0c156e3c-57cc-425b-90ef-9bcaa62a7535@group-7704A457760D, cid=1702, SUCCESS, logIndex=2926, commits[0c156e3c-57cc-425b-90ef-9bcaa62a7535:c2926]
2019-06-14 13:45:51,229 INFO  client.GrpcClientProtocolClient (GrpcClientProtocolClient.java:onNext(254)) - client-E0FA40453D59->0c156e3c-57cc-425b-90ef-9bcaa62a7535: receive RaftClientReply:client-E0FA40453D59->0c156e3c-57cc-425b-90ef-9bcaa62a7535@group-7704A457760D, cid=1703, SUCCESS, logIndex=2927, commits[0c156e3c-57cc-425b-90ef-9bcaa62a7535:c2927]
2019-06-14 13:45:51,234 INFO  client.GrpcClientProtocolClient (GrpcClientProtocolClient.java:onNext(254)) - client-E0FA40453D59->0c156e3c-57cc-425b-90ef-9bcaa62a7535: receive RaftClientReply:client-E0FA40453D59->0c156e3c-57cc-425b-90ef-9bcaa62a7535@group-7704A457760D, cid=1704, SUCCESS, logIndex=2929, commits[0c156e3c-57cc-425b-90ef-9bcaa62a7535:c2929]
2019-06-14 13:45:51,267 INFO  client.GrpcClientProtocolClient (GrpcClientProtocolClient.java:onNext(254)) - client-E0FA40453D59->0c156e3c-57cc-425b-90ef-9bcaa62a7535: receive RaftClientReply:client-E0FA40453D59->0c156e3c-57cc-425b-90ef-9bcaa62a7535@group-7704A457760D, cid=1705, SUCCESS, logIndex=2932, commits[0c156e3c-57cc-425b-90ef-9bcaa62a7535:c2933]
2019-06-14 13:45:51,278 INFO  client.GrpcClientProtocolClient (GrpcClientProtocolClient.java:onNext(254)) - client-E0FA40453D59->0c156e3c-57cc-425b-90ef-9bcaa62a7535: receive RaftClientReply:client-E0FA40453D59->0c156e3c-57cc-425b-90ef-9bcaa62a7535@group-7704A457760D, cid=1706, SUCCESS, logIndex=2934, commits[0c156e3c-57cc-425b-90ef-9bcaa62a7535:c2935]
2019-06-14 13:45:51,279 INFO  client.GrpcClientProtocolClient (GrpcClientProtocolClient.java:onNext(254)) - client-E0FA40453D59->0c156e3c-57cc-425b-90ef-9bcaa62a7535: receive RaftClientReply:client-E0FA40453D59->0c156e3c-57cc-425b-90ef-9bcaa62a7535@group-7704A457760D, cid=1707, SUCCESS, logIndex=2935, commits[0c156e3c-57cc-425b-90ef-9bcaa62a7535:c2935]
2019-06-14 13:45:51,279 INFO  client.GrpcClientProtocolClient (GrpcClientProtocolClient.java:onNext(254)) - client-E0FA40453D59->0c156e3c-57cc-425b-90ef-9bcaa62a7535: receive RaftClientReply:client-E0FA40453D59->0c156e3c-57cc-425b-90ef-9bcaa62a7535@group-7704A457760D, cid=1708, SUCCESS, logIndex=2937, commits[0c156e3c-57cc-425b-90ef-9bcaa62a7535:c2938]
2019-06-14 13:45:51,290 INFO  client.GrpcClientProtocolClient (GrpcClientProtocolClient.java:onNext(254)) - client-E0FA40453D59->0c156e3c-57cc-425b-90ef-9bcaa62a7535: receive RaftClientReply:client-E0FA40453D59->0c156e3c-57cc-425b-90ef-9bcaa62a7535@group-7704A457760D, cid=1709, SUCCESS, logIndex=2939, commits[0c156e3c-57cc-425b-90ef-9bcaa62a7535:c2939]
2019-06-14 13:45:51,291 INFO  storage.RaftLogWorker (RaftLogWorker.java:rollLogSegment(303)) - 0c156e3c-57cc-425b-90ef-9bcaa62a7535-RaftLogWorker: Rolling segment log-2869_2942 to index:2942
2019-06-14 13:45:51,292 INFO  storage.RaftLogWorker (RaftLogWorker.java:execute(433)) - 0c156e3c-57cc-425b-90ef-9bcaa62a7535-RaftLogWorker: Rolled log segment from /opt/src/hadoop-ozone/integration-test/target/test-dir/MiniOzoneClusterImpl-8919240e-7e15-4dbf-8bf4-c210578586bb/datanode-0/data/ratis/1fc53845-3381-4beb-82f9-7704a457760d/current/log_inprogress_2869 to /opt/src/hadoop-ozone/integration-test/target/test-dir/MiniOzoneClusterImpl-8919240e-7e15-4dbf-8bf4-c210578586bb/datanode-0/data/ratis/1fc53845-3381-4beb-82f9-7704a457760d/current/log_2869-2942
2019-06-14 13:45:51,296 INFO  client.GrpcClientProtocolClient (GrpcClientProtocolClient.java:onNext(254)) - client-E0FA40453D59->0c156e3c-57cc-425b-90ef-9bcaa62a7535: receive RaftClientReply:client-E0FA40453D59->0c156e3c-57cc-425b-90ef-9bcaa62a7535@group-7704A457760D, cid=1710, SUCCESS, logIndex=2941, commits[0c156e3c-57cc-425b-90ef-9bcaa62a7535:c2942]
2019-06-14 13:45:51,297 INFO  client.GrpcClientProtocolClient (GrpcClientProtocolClient.java:onNext(254)) - client-E0FA40453D59->0c156e3c-57cc-425b-90ef-9bcaa62a7535: receive RaftClientReply:client-E0FA40453D59->0c156e3c-57cc-425b-90ef-9bcaa62a7535@group-7704A457760D, cid=1711, SUCCESS, logIndex=2942, commits[0c156e3c-57cc-425b-90ef-9bcaa62a7535:c2942]
2019-06-14 13:45:51,312 DEBUG block.SCMBlockDeletingService (SCMBlockDeletingService.java:call(138)) - Running DeletedBlockTransactionScanner
2019-06-14 13:45:51,313 DEBUG block.SCMBlockDeletingService (SCMBlockDeletingService.java:call(155)) - Scanned deleted blocks log and got 0 delTX to process.
2019-06-14 13:45:51,340 INFO  storage.RaftLogWorker (RaftLogWorker.java:execute(469)) - 0c156e3c-57cc-425b-90ef-9bcaa62a7535-RaftLogWorker: created new log segment /opt/src/hadoop-ozone/integration-test/target/test-dir/MiniOzoneClusterImpl-8919240e-7e15-4dbf-8bf4-c210578586bb/datanode-0/data/ratis/1fc53845-3381-4beb-82f9-7704a457760d/current/log_inprogress_2943
2019-06-14 13:45:51,342 INFO  client.GrpcClientProtocolClient (GrpcClientProtocolClient.java:onNext(254)) - client-E0FA40453D59->0c156e3c-57cc-425b-90ef-9bcaa62a7535: receive RaftClientReply:client-E0FA40453D59->0c156e3c-57cc-425b-90ef-9bcaa62a7535@group-7704A457760D, cid=1712, SUCCESS, logIndex=2943, commits[0c156e3c-57cc-425b-90ef-9bcaa62a7535:c2945]
2019-06-14 13:45:51,355 INFO  client.GrpcClientProtocolClient (GrpcClientProtocolClient.java:onNext(254)) - client-E0FA40453D59->0c156e3c-57cc-425b-90ef-9bcaa62a7535: receive RaftClientReply:client-E0FA40453D59->0c156e3c-57cc-425b-90ef-9bcaa62a7535@group-7704A457760D, cid=1713, SUCCESS, logIndex=2946, commits[0c156e3c-57cc-425b-90ef-9bcaa62a7535:c2946]
2019-06-14 13:45:51,359 INFO  client.GrpcClientProtocolClient (GrpcClientProtocolClient.java:onNext(254)) - client-E0FA40453D59->0c156e3c-57cc-425b-90ef-9bcaa62a7535: receive RaftClientReply:client-E0FA40453D59->0c156e3c-57cc-425b-90ef-9bcaa62a7535@group-7704A457760D, cid=1714, SUCCESS, logIndex=2948, commits[0c156e3c-57cc-425b-90ef-9bcaa62a7535:c2948]
2019-06-14 13:45:51,360 INFO  client.GrpcClientProtocolClient (GrpcClientProtocolClient.java:onNext(254)) - client-E0FA40453D59->0c156e3c-57cc-425b-90ef-9bcaa62a7535: receive RaftClientReply:client-E0FA40453D59->0c156e3c-57cc-425b-90ef-9bcaa62a7535@group-7704A457760D, cid=1715, SUCCESS, logIndex=2949, commits[0c156e3c-57cc-425b-90ef-9bcaa62a7535:c2951]
2019-06-14 13:45:51,360 INFO  client.GrpcClientProtocolClient (GrpcClientProtocolClient.java:onNext(254)) - client-E0FA40453D59->0c156e3c-57cc-425b-90ef-9bcaa62a7535: receive RaftClientReply:client-E0FA40453D59->0c156e3c-57cc-425b-90ef-9bcaa62a7535@group-7704A457760D, cid=1716, SUCCESS, logIndex=2950, commits[0c156e3c-57cc-425b-90ef-9bcaa62a7535:c2951]
2019-06-14 13:45:51,369 INFO  client.GrpcClientProtocolClient (GrpcClientProtocolClient.java:onNext(254)) - client-E0FA40453D59->0c156e3c-57cc-425b-90ef-9bcaa62a7535: receive RaftClientReply:client-E0FA40453D59->0c156e3c-57cc-425b-90ef-9bcaa62a7535@group-7704A457760D, cid=1717, SUCCESS, logIndex=2952, commits[0c156e3c-57cc-425b-90ef-9bcaa62a7535:c2952]
2019-06-14 13:45:51,376 INFO  client.GrpcClientProtocolClient (GrpcClientProtocolClient.java:onNext(254)) - client-E0FA40453D59->0c156e3c-57cc-425b-90ef-9bcaa62a7535: receive RaftClientReply:client-E0FA40453D59->0c156e3c-57cc-425b-90ef-9bcaa62a7535@group-7704A457760D, cid=1718, SUCCESS, logIndex=2954, commits[0c156e3c-57cc-425b-90ef-9bcaa62a7535:c2956]
2019-06-14 13:45:51,376 INFO  client.GrpcClientProtocolClient (GrpcClientProtocolClient.java:onNext(254)) - client-E0FA40453D59->0c156e3c-57cc-425b-90ef-9bcaa62a7535: receive RaftClientReply:client-E0FA40453D59->0c156e3c-57cc-425b-90ef-9bcaa62a7535@group-7704A457760D, cid=1719, SUCCESS, logIndex=2955, commits[0c156e3c-57cc-425b-90ef-9bcaa62a7535:c2956]
2019-06-14 13:45:51,382 INFO  client.GrpcClientProtocolClient (GrpcClientProtocolClient.java:onNext(254)) - client-E0FA40453D59->0c156e3c-57cc-425b-90ef-9bcaa62a7535: receive RaftClientReply:client-E0FA40453D59->0c156e3c-57cc-425b-90ef-9bcaa62a7535@group-7704A457760D, cid=1720, SUCCESS, logIndex=2956, commits[0c156e3c-57cc-425b-90ef-9bcaa62a7535:c2956]
2019-06-14 13:45:51,401 INFO  client.GrpcClientProtocolClient (GrpcClientProtocolClient.java:onNext(254)) - client-E0FA40453D59->0c156e3c-57cc-425b-90ef-9bcaa62a7535: receive RaftClientReply:client-E0FA40453D59->0c156e3c-57cc-425b-90ef-9bcaa62a7535@group-7704A457760D, cid=1721, SUCCESS, logIndex=2958, commits[0c156e3c-57cc-425b-90ef-9bcaa62a7535:c2958]
2019-06-14 13:45:51,411 INFO  client.GrpcClientProtocolClient (GrpcClientProtocolClient.java:onNext(254)) - client-E0FA40453D59->0c156e3c-57cc-425b-90ef-9bcaa62a7535: receive RaftClientReply:client-E0FA40453D59->0c156e3c-57cc-425b-90ef-9bcaa62a7535@group-7704A457760D, cid=1722, SUCCESS, logIndex=2960, commits[0c156e3c-57cc-425b-90ef-9bcaa62a7535:c2960]
2019-06-14 13:45:51,413 DEBUG block.SCMBlockDeletingService (SCMBlockDeletingService.java:call(138)) - Running DeletedBlockTransactionScanner
2019-06-14 13:45:51,413 DEBUG block.SCMBlockDeletingService (SCMBlockDeletingService.java:call(155)) - Scanned deleted blocks log and got 0 delTX to process.
2019-06-14 13:45:51,503 INFO  client.GrpcClientProtocolClient (GrpcClientProtocolClient.java:onNext(254)) - client-E0FA40453D59->0c156e3c-57cc-425b-90ef-9bcaa62a7535: receive RaftClientReply:client-E0FA40453D59->0c156e3c-57cc-425b-90ef-9bcaa62a7535@group-7704A457760D, cid=1723, SUCCESS, logIndex=2962, commits[0c156e3c-57cc-425b-90ef-9bcaa62a7535:c2962]
2019-06-14 13:45:51,507 INFO  client.GrpcClientProtocolClient (GrpcClientProtocolClient.java:onNext(254)) - client-E0FA40453D59->0c156e3c-57cc-425b-90ef-9bcaa62a7535: receive RaftClientReply:client-E0FA40453D59->0c156e3c-57cc-425b-90ef-9bcaa62a7535@group-7704A457760D, cid=1724, SUCCESS, logIndex=2964, commits[0c156e3c-57cc-425b-90ef-9bcaa62a7535:c2964]
2019-06-14 13:45:51,513 DEBUG block.SCMBlockDeletingService (SCMBlockDeletingService.java:call(138)) - Running DeletedBlockTransactionScanner
2019-06-14 13:45:51,514 DEBUG block.SCMBlockDeletingService (SCMBlockDeletingService.java:call(155)) - Scanned deleted blocks log and got 0 delTX to process.
2019-06-14 13:45:51,515 INFO  client.GrpcClientProtocolClient (GrpcClientProtocolClient.java:onNext(254)) - client-E0FA40453D59->0c156e3c-57cc-425b-90ef-9bcaa62a7535: receive RaftClientReply:client-E0FA40453D59->0c156e3c-57cc-425b-90ef-9bcaa62a7535@group-7704A457760D, cid=1725, SUCCESS, logIndex=2966, commits[0c156e3c-57cc-425b-90ef-9bcaa62a7535:c2966]
2019-06-14 13:45:51,523 INFO  client.GrpcClientProtocolClient (GrpcClientProtocolClient.java:onNext(254)) - client-E0FA40453D59->0c156e3c-57cc-425b-90ef-9bcaa62a7535: receive RaftClientReply:client-E0FA40453D59->0c156e3c-57cc-425b-90ef-9bcaa62a7535@group-7704A457760D, cid=1726, SUCCESS, logIndex=2968, commits[0c156e3c-57cc-425b-90ef-9bcaa62a7535:c2970]
2019-06-14 13:45:51,524 INFO  client.GrpcClientProtocolClient (GrpcClientProtocolClient.java:onNext(254)) - client-E0FA40453D59->0c156e3c-57cc-425b-90ef-9bcaa62a7535: receive RaftClientReply:client-E0FA40453D59->0c156e3c-57cc-425b-90ef-9bcaa62a7535@group-7704A457760D, cid=1727, SUCCESS, logIndex=2969, commits[0c156e3c-57cc-425b-90ef-9bcaa62a7535:c2970]
2019-06-14 13:45:51,524 INFO  client.GrpcClientProtocolClient (GrpcClientProtocolClient.java:onNext(254)) - client-E0FA40453D59->0c156e3c-57cc-425b-90ef-9bcaa62a7535: receive RaftClientReply:client-E0FA40453D59->0c156e3c-57cc-425b-90ef-9bcaa62a7535@group-7704A457760D, cid=1728, SUCCESS, logIndex=2970, commits[0c156e3c-57cc-425b-90ef-9bcaa62a7535:c2970]
2019-06-14 13:45:51,545 INFO  client.GrpcClientProtocolClient (GrpcClientProtocolClient.java:onNext(254)) - client-E0FA40453D59->0c156e3c-57cc-425b-90ef-9bcaa62a7535: receive RaftClientReply:client-E0FA40453D59->0c156e3c-57cc-425b-90ef-9bcaa62a7535@group-7704A457760D, cid=1729, SUCCESS, logIndex=2972, commits[0c156e3c-57cc-425b-90ef-9bcaa62a7535:c2972]
2019-06-14 13:45:51,549 INFO  client.GrpcClientProtocolClient (GrpcClientProtocolClient.java:onNext(254)) - client-E0FA40453D59->0c156e3c-57cc-425b-90ef-9bcaa62a7535: receive RaftClientReply:client-E0FA40453D59->0c156e3c-57cc-425b-90ef-9bcaa62a7535@group-7704A457760D, cid=1730, SUCCESS, logIndex=2974, commits[0c156e3c-57cc-425b-90ef-9bcaa62a7535:c2974]
2019-06-14 13:45:51,554 INFO  client.GrpcClientProtocolClient (GrpcClientProtocolClient.java:onNext(254)) - client-E0FA40453D59->0c156e3c-57cc-425b-90ef-9bcaa62a7535: receive RaftClientReply:client-E0FA40453D59->0c156e3c-57cc-425b-90ef-9bcaa62a7535@group-7704A457760D, cid=1731, SUCCESS, logIndex=2975, commits[0c156e3c-57cc-425b-90ef-9bcaa62a7535:c2977]
2019-06-14 13:45:51,555 INFO  client.GrpcClientProtocolClient (GrpcClientProtocolClient.java:onNext(254)) - client-E0FA40453D59->0c156e3c-57cc-425b-90ef-9bcaa62a7535: receive RaftClientReply:client-E0FA40453D59->0c156e3c-57cc-425b-90ef-9bcaa62a7535@group-7704A457760D, cid=1732, SUCCESS, logIndex=2976, commits[0c156e3c-57cc-425b-90ef-9bcaa62a7535:c2977]
2019-06-14 13:45:51,603 INFO  client.GrpcClientProtocolClient (GrpcClientProtocolClient.java:onNext(254)) - client-E0FA40453D59->0c156e3c-57cc-425b-90ef-9bcaa62a7535: receive RaftClientReply:client-E0FA40453D59->0c156e3c-57cc-425b-90ef-9bcaa62a7535@group-7704A457760D, cid=1733, SUCCESS, logIndex=2978, commits[0c156e3c-57cc-425b-90ef-9bcaa62a7535:c2978]
2019-06-14 13:45:51,605 INFO  client.GrpcClientProtocolClient (GrpcClientProtocolClient.java:onNext(254)) - client-E0FA40453D59->0c156e3c-57cc-425b-90ef-9bcaa62a7535: receive RaftClientReply:client-E0FA40453D59->0c156e3c-57cc-425b-90ef-9bcaa62a7535@group-7704A457760D, cid=1734, SUCCESS, logIndex=2980, commits[0c156e3c-57cc-425b-90ef-9bcaa62a7535:c2980]
2019-06-14 13:45:51,606 INFO  client.GrpcClientProtocolClient (GrpcClientProtocolClient.java:onNext(254)) - client-E0FA40453D59->0c156e3c-57cc-425b-90ef-9bcaa62a7535: receive RaftClientReply:client-E0FA40453D59->0c156e3c-57cc-425b-90ef-9bcaa62a7535@group-7704A457760D, cid=1735, SUCCESS, logIndex=2981, commits[0c156e3c-57cc-425b-90ef-9bcaa62a7535:c2982]
2019-06-14 13:45:51,606 INFO  client.GrpcClientProtocolClient (GrpcClientProtocolClient.java:onNext(254)) - client-E0FA40453D59->0c156e3c-57cc-425b-90ef-9bcaa62a7535: receive RaftClientReply:client-E0FA40453D59->0c156e3c-57cc-425b-90ef-9bcaa62a7535@group-7704A457760D, cid=1736, SUCCESS, logIndex=2982, commits[0c156e3c-57cc-425b-90ef-9bcaa62a7535:c2982]
2019-06-14 13:45:51,614 DEBUG block.SCMBlockDeletingService (SCMBlockDeletingService.java:call(138)) - Running DeletedBlockTransactionScanner
2019-06-14 13:45:51,614 DEBUG block.SCMBlockDeletingService (SCMBlockDeletingService.java:call(155)) - Scanned deleted blocks log and got 0 delTX to process.
2019-06-14 13:45:51,627 INFO  client.GrpcClientProtocolClient (GrpcClientProtocolClient.java:onNext(254)) - client-E0FA40453D59->0c156e3c-57cc-425b-90ef-9bcaa62a7535: receive RaftClientReply:client-E0FA40453D59->0c156e3c-57cc-425b-90ef-9bcaa62a7535@group-7704A457760D, cid=1737, SUCCESS, logIndex=2985, commits[0c156e3c-57cc-425b-90ef-9bcaa62a7535:c2985]
2019-06-14 13:45:51,631 INFO  client.GrpcClientProtocolClient (GrpcClientProtocolClient.java:onNext(254)) - client-E0FA40453D59->0c156e3c-57cc-425b-90ef-9bcaa62a7535: receive RaftClientReply:client-E0FA40453D59->0c156e3c-57cc-425b-90ef-9bcaa62a7535@group-7704A457760D, cid=1738, SUCCESS, logIndex=2987, commits[0c156e3c-57cc-425b-90ef-9bcaa62a7535:c2987]
2019-06-14 13:45:51,632 INFO  client.GrpcClientProtocolClient (GrpcClientProtocolClient.java:onNext(254)) - client-E0FA40453D59->0c156e3c-57cc-425b-90ef-9bcaa62a7535: receive RaftClientReply:client-E0FA40453D59->0c156e3c-57cc-425b-90ef-9bcaa62a7535@group-7704A457760D, cid=1739, SUCCESS, logIndex=2988, commits[0c156e3c-57cc-425b-90ef-9bcaa62a7535:c2990]
2019-06-14 13:45:51,632 INFO  client.GrpcClientProtocolClient (GrpcClientProtocolClient.java:onNext(254)) - client-E0FA40453D59->0c156e3c-57cc-425b-90ef-9bcaa62a7535: receive RaftClientReply:client-E0FA40453D59->0c156e3c-57cc-425b-90ef-9bcaa62a7535@group-7704A457760D, cid=1740, SUCCESS, logIndex=2990, commits[0c156e3c-57cc-425b-90ef-9bcaa62a7535:c2990]
2019-06-14 13:45:51,645 INFO  client.GrpcClientProtocolClient (GrpcClientProtocolClient.java:onNext(254)) - client-E0FA40453D59->0c156e3c-57cc-425b-90ef-9bcaa62a7535: receive RaftClientReply:client-E0FA40453D59->0c156e3c-57cc-425b-90ef-9bcaa62a7535@group-7704A457760D, cid=1741, SUCCESS, logIndex=2992, commits[0c156e3c-57cc-425b-90ef-9bcaa62a7535:c2992]
2019-06-14 13:45:51,650 INFO  client.GrpcClientProtocolClient (GrpcClientProtocolClient.java:onNext(254)) - client-E0FA40453D59->0c156e3c-57cc-425b-90ef-9bcaa62a7535: receive RaftClientReply:client-E0FA40453D59->0c156e3c-57cc-425b-90ef-9bcaa62a7535@group-7704A457760D, cid=1742, SUCCESS, logIndex=2994, commits[0c156e3c-57cc-425b-90ef-9bcaa62a7535:c2994]
2019-06-14 13:45:51,651 INFO  client.GrpcClientProtocolClient (GrpcClientProtocolClient.java:onNext(254)) - client-E0FA40453D59->0c156e3c-57cc-425b-90ef-9bcaa62a7535: receive RaftClientReply:client-E0FA40453D59->0c156e3c-57cc-425b-90ef-9bcaa62a7535@group-7704A457760D, cid=1743, SUCCESS, logIndex=2995, commits[0c156e3c-57cc-425b-90ef-9bcaa62a7535:c2996]
2019-06-14 13:45:51,651 INFO  client.GrpcClientProtocolClient (GrpcClientProtocolClient.java:onNext(254)) - client-E0FA40453D59->0c156e3c-57cc-425b-90ef-9bcaa62a7535: receive RaftClientReply:client-E0FA40453D59->0c156e3c-57cc-425b-90ef-9bcaa62a7535@group-7704A457760D, cid=1744, SUCCESS, logIndex=2997, commits[0c156e3c-57cc-425b-90ef-9bcaa62a7535:c2997]
2019-06-14 13:45:51,665 INFO  client.GrpcClientProtocolClient (GrpcClientProtocolClient.java:onNext(254)) - client-E0FA40453D59->0c156e3c-57cc-425b-90ef-9bcaa62a7535: receive RaftClientReply:client-E0FA40453D59->0c156e3c-57cc-425b-90ef-9bcaa62a7535@group-7704A457760D, cid=1745, SUCCESS, logIndex=2999, commits[0c156e3c-57cc-425b-90ef-9bcaa62a7535:c2999]
2019-06-14 13:45:51,667 INFO  client.GrpcClientProtocolClient (GrpcClientProtocolClient.java:onNext(254)) - client-E0FA40453D59->0c156e3c-57cc-425b-90ef-9bcaa62a7535: receive RaftClientReply:client-E0FA40453D59->0c156e3c-57cc-425b-90ef-9bcaa62a7535@group-7704A457760D, cid=1746, SUCCESS, logIndex=3001, commits[0c156e3c-57cc-425b-90ef-9bcaa62a7535:c3001]
2019-06-14 13:45:51,668 INFO  client.GrpcClientProtocolClient (GrpcClientProtocolClient.java:onNext(254)) - client-E0FA40453D59->0c156e3c-57cc-425b-90ef-9bcaa62a7535: receive RaftClientReply:client-E0FA40453D59->0c156e3c-57cc-425b-90ef-9bcaa62a7535@group-7704A457760D, cid=1747, SUCCESS, logIndex=3002, commits[0c156e3c-57cc-425b-90ef-9bcaa62a7535:c3002]
2019-06-14 13:45:51,669 INFO  client.GrpcClientProtocolClient (GrpcClientProtocolClient.java:onNext(254)) - client-E0FA40453D59->0c156e3c-57cc-425b-90ef-9bcaa62a7535: receive RaftClientReply:client-E0FA40453D59->0c156e3c-57cc-425b-90ef-9bcaa62a7535@group-7704A457760D, cid=1748, SUCCESS, logIndex=3004, commits[0c156e3c-57cc-425b-90ef-9bcaa62a7535:c3004]
2019-06-14 13:45:51,676 INFO  client.GrpcClientProtocolClient (GrpcClientProtocolClient.java:onNext(254)) - client-E0FA40453D59->0c156e3c-57cc-425b-90ef-9bcaa62a7535: receive RaftClientReply:client-E0FA40453D59->0c156e3c-57cc-425b-90ef-9bcaa62a7535@group-7704A457760D, cid=1749, SUCCESS, logIndex=3007, commits[0c156e3c-57cc-425b-90ef-9bcaa62a7535:c3007]
2019-06-14 13:45:51,678 INFO  client.GrpcClientProtocolClient (GrpcClientProtocolClient.java:onNext(254)) - client-E0FA40453D59->0c156e3c-57cc-425b-90ef-9bcaa62a7535: receive RaftClientReply:client-E0FA40453D59->0c156e3c-57cc-425b-90ef-9bcaa62a7535@group-7704A457760D, cid=1750, SUCCESS, logIndex=3009, commits[0c156e3c-57cc-425b-90ef-9bcaa62a7535:c3009]
2019-06-14 13:45:51,681 INFO  client.GrpcClientProtocolClient (GrpcClientProtocolClient.java:onNext(254)) - client-E0FA40453D59->0c156e3c-57cc-425b-90ef-9bcaa62a7535: receive RaftClientReply:client-E0FA40453D59->0c156e3c-57cc-425b-90ef-9bcaa62a7535@group-7704A457760D, cid=1751, SUCCESS, logIndex=3011, commits[0c156e3c-57cc-425b-90ef-9bcaa62a7535:c3011]
2019-06-14 13:45:51,684 INFO  client.GrpcClientProtocolClient (GrpcClientProtocolClient.java:onNext(254)) - client-E0FA40453D59->0c156e3c-57cc-425b-90ef-9bcaa62a7535: receive RaftClientReply:client-E0FA40453D59->0c156e3c-57cc-425b-90ef-9bcaa62a7535@group-7704A457760D, cid=1752, SUCCESS, logIndex=3012, commits[0c156e3c-57cc-425b-90ef-9bcaa62a7535:c3012]
2019-06-14 13:45:51,699 INFO  storage.RaftLogWorker (RaftLogWorker.java:rollLogSegment(303)) - 0c156e3c-57cc-425b-90ef-9bcaa62a7535-RaftLogWorker: Rolling segment log-2943_3017 to index:3017
2019-06-14 13:45:51,699 INFO  storage.RaftLogWorker (RaftLogWorker.java:execute(433)) - 0c156e3c-57cc-425b-90ef-9bcaa62a7535-RaftLogWorker: Rolled log segment from /opt/src/hadoop-ozone/integration-test/target/test-dir/MiniOzoneClusterImpl-8919240e-7e15-4dbf-8bf4-c210578586bb/datanode-0/data/ratis/1fc53845-3381-4beb-82f9-7704a457760d/current/log_inprogress_2943 to /opt/src/hadoop-ozone/integration-test/target/test-dir/MiniOzoneClusterImpl-8919240e-7e15-4dbf-8bf4-c210578586bb/datanode-0/data/ratis/1fc53845-3381-4beb-82f9-7704a457760d/current/log_2943-3017
2019-06-14 13:45:51,699 INFO  client.GrpcClientProtocolClient (GrpcClientProtocolClient.java:onNext(254)) - client-E0FA40453D59->0c156e3c-57cc-425b-90ef-9bcaa62a7535: receive RaftClientReply:client-E0FA40453D59->0c156e3c-57cc-425b-90ef-9bcaa62a7535@group-7704A457760D, cid=1753, SUCCESS, logIndex=3015, commits[0c156e3c-57cc-425b-90ef-9bcaa62a7535:c3015]
2019-06-14 13:45:51,710 INFO  client.GrpcClientProtocolClient (GrpcClientProtocolClient.java:onNext(254)) - client-E0FA40453D59->0c156e3c-57cc-425b-90ef-9bcaa62a7535: receive RaftClientReply:client-E0FA40453D59->0c156e3c-57cc-425b-90ef-9bcaa62a7535@group-7704A457760D, cid=1754, SUCCESS, logIndex=3017, commits[0c156e3c-57cc-425b-90ef-9bcaa62a7535:c3017]
2019-06-14 13:45:51,718 DEBUG block.SCMBlockDeletingService (SCMBlockDeletingService.java:call(138)) - Running DeletedBlockTransactionScanner
2019-06-14 13:45:51,718 DEBUG block.SCMBlockDeletingService (SCMBlockDeletingService.java:call(155)) - Scanned deleted blocks log and got 0 delTX to process.
2019-06-14 13:45:51,747 INFO  storage.RaftLogWorker (RaftLogWorker.java:execute(469)) - 0c156e3c-57cc-425b-90ef-9bcaa62a7535-RaftLogWorker: created new log segment /opt/src/hadoop-ozone/integration-test/target/test-dir/MiniOzoneClusterImpl-8919240e-7e15-4dbf-8bf4-c210578586bb/datanode-0/data/ratis/1fc53845-3381-4beb-82f9-7704a457760d/current/log_inprogress_3018
2019-06-14 13:45:51,749 INFO  client.GrpcClientProtocolClient (GrpcClientProtocolClient.java:onNext(254)) - client-E0FA40453D59->0c156e3c-57cc-425b-90ef-9bcaa62a7535: receive RaftClientReply:client-E0FA40453D59->0c156e3c-57cc-425b-90ef-9bcaa62a7535@group-7704A457760D, cid=1755, SUCCESS, logIndex=3018, commits[0c156e3c-57cc-425b-90ef-9bcaa62a7535:c3020]
2019-06-14 13:45:51,749 INFO  client.GrpcClientProtocolClient (GrpcClientProtocolClient.java:onNext(254)) - client-E0FA40453D59->0c156e3c-57cc-425b-90ef-9bcaa62a7535: receive RaftClientReply:client-E0FA40453D59->0c156e3c-57cc-425b-90ef-9bcaa62a7535@group-7704A457760D, cid=1756, SUCCESS, logIndex=3020, commits[0c156e3c-57cc-425b-90ef-9bcaa62a7535:c3020]
2019-06-14 13:45:51,761 INFO  client.GrpcClientProtocolClient (GrpcClientProtocolClient.java:onNext(254)) - client-E0FA40453D59->0c156e3c-57cc-425b-90ef-9bcaa62a7535: receive RaftClientReply:client-E0FA40453D59->0c156e3c-57cc-425b-90ef-9bcaa62a7535@group-7704A457760D, cid=1757, SUCCESS, logIndex=3022, commits[0c156e3c-57cc-425b-90ef-9bcaa62a7535:c3022]
2019-06-14 13:45:51,766 INFO  client.GrpcClientProtocolClient (GrpcClientProtocolClient.java:onNext(254)) - client-E0FA40453D59->0c156e3c-57cc-425b-90ef-9bcaa62a7535: receive RaftClientReply:client-E0FA40453D59->0c156e3c-57cc-425b-90ef-9bcaa62a7535@group-7704A457760D, cid=1758, SUCCESS, logIndex=3024, commits[0c156e3c-57cc-425b-90ef-9bcaa62a7535:c3024]
2019-06-14 13:45:51,767 INFO  client.GrpcClientProtocolClient (GrpcClientProtocolClient.java:onNext(254)) - client-E0FA40453D59->0c156e3c-57cc-425b-90ef-9bcaa62a7535: receive RaftClientReply:client-E0FA40453D59->0c156e3c-57cc-425b-90ef-9bcaa62a7535@group-7704A457760D, cid=1759, SUCCESS, logIndex=3025, commits[0c156e3c-57cc-425b-90ef-9bcaa62a7535:c3027]
2019-06-14 13:45:51,767 INFO  client.GrpcClientProtocolClient (GrpcClientProtocolClient.java:onNext(254)) - client-E0FA40453D59->0c156e3c-57cc-425b-90ef-9bcaa62a7535: receive RaftClientReply:client-E0FA40453D59->0c156e3c-57cc-425b-90ef-9bcaa62a7535@group-7704A457760D, cid=1760, SUCCESS, logIndex=3026, commits[0c156e3c-57cc-425b-90ef-9bcaa62a7535:c3027]
2019-06-14 13:45:51,782 INFO  client.GrpcClientProtocolClient (GrpcClientProtocolClient.java:onNext(254)) - client-E0FA40453D59->0c156e3c-57cc-425b-90ef-9bcaa62a7535: receive RaftClientReply:client-E0FA40453D59->0c156e3c-57cc-425b-90ef-9bcaa62a7535@group-7704A457760D, cid=1761, SUCCESS, logIndex=3028, commits[0c156e3c-57cc-425b-90ef-9bcaa62a7535:c3028]
2019-06-14 13:45:51,784 INFO  client.GrpcClientProtocolClient (GrpcClientProtocolClient.java:onNext(254)) - client-E0FA40453D59->0c156e3c-57cc-425b-90ef-9bcaa62a7535: receive RaftClientReply:client-E0FA40453D59->0c156e3c-57cc-425b-90ef-9bcaa62a7535@group-7704A457760D, cid=1762, SUCCESS, logIndex=3030, commits[0c156e3c-57cc-425b-90ef-9bcaa62a7535:c3030]
2019-06-14 13:45:51,785 INFO  client.GrpcClientProtocolClient (GrpcClientProtocolClient.java:onNext(254)) - client-E0FA40453D59->0c156e3c-57cc-425b-90ef-9bcaa62a7535: receive RaftClientReply:client-E0FA40453D59->0c156e3c-57cc-425b-90ef-9bcaa62a7535@group-7704A457760D, cid=1763, SUCCESS, logIndex=3031, commits[0c156e3c-57cc-425b-90ef-9bcaa62a7535:c3033]
2019-06-14 13:45:51,785 INFO  client.GrpcClientProtocolClient (GrpcClientProtocolClient.java:onNext(254)) - client-E0FA40453D59->0c156e3c-57cc-425b-90ef-9bcaa62a7535: receive RaftClientReply:client-E0FA40453D59->0c156e3c-57cc-425b-90ef-9bcaa62a7535@group-7704A457760D, cid=1764, SUCCESS, logIndex=3032, commits[0c156e3c-57cc-425b-90ef-9bcaa62a7535:c3034]
2019-06-14 13:45:51,792 INFO  client.GrpcClientProtocolClient (GrpcClientProtocolClient.java:onNext(254)) - client-E0FA40453D59->0c156e3c-57cc-425b-90ef-9bcaa62a7535: receive RaftClientReply:client-E0FA40453D59->0c156e3c-57cc-425b-90ef-9bcaa62a7535@group-7704A457760D, cid=1765, SUCCESS, logIndex=3035, commits[0c156e3c-57cc-425b-90ef-9bcaa62a7535:c3035]
2019-06-14 13:45:51,795 INFO  client.GrpcClientProtocolClient (GrpcClientProtocolClient.java:onNext(254)) - client-E0FA40453D59->0c156e3c-57cc-425b-90ef-9bcaa62a7535: receive RaftClientReply:client-E0FA40453D59->0c156e3c-57cc-425b-90ef-9bcaa62a7535@group-7704A457760D, cid=1766, SUCCESS, logIndex=3037, commits[0c156e3c-57cc-425b-90ef-9bcaa62a7535:c3037]
2019-06-14 13:45:51,795 INFO  client.GrpcClientProtocolClient (GrpcClientProtocolClient.java:onNext(254)) - client-E0FA40453D59->0c156e3c-57cc-425b-90ef-9bcaa62a7535: receive RaftClientReply:client-E0FA40453D59->0c156e3c-57cc-425b-90ef-9bcaa62a7535@group-7704A457760D, cid=1767, SUCCESS, logIndex=3038, commits[0c156e3c-57cc-425b-90ef-9bcaa62a7535:c3039]
2019-06-14 13:45:51,796 INFO  client.GrpcClientProtocolClient (GrpcClientProtocolClient.java:onNext(254)) - client-E0FA40453D59->0c156e3c-57cc-425b-90ef-9bcaa62a7535: receive RaftClientReply:client-E0FA40453D59->0c156e3c-57cc-425b-90ef-9bcaa62a7535@group-7704A457760D, cid=1768, SUCCESS, logIndex=3039, commits[0c156e3c-57cc-425b-90ef-9bcaa62a7535:c3039]
2019-06-14 13:45:51,818 DEBUG block.SCMBlockDeletingService (SCMBlockDeletingService.java:call(138)) - Running DeletedBlockTransactionScanner
2019-06-14 13:45:51,818 DEBUG block.SCMBlockDeletingService (SCMBlockDeletingService.java:call(155)) - Scanned deleted blocks log and got 0 delTX to process.
2019-06-14 13:45:51,889 INFO  client.GrpcClientProtocolClient (GrpcClientProtocolClient.java:onNext(254)) - client-E0FA40453D59->0c156e3c-57cc-425b-90ef-9bcaa62a7535: receive RaftClientReply:client-E0FA40453D59->0c156e3c-57cc-425b-90ef-9bcaa62a7535@group-7704A457760D, cid=1769, SUCCESS, logIndex=3042, commits[0c156e3c-57cc-425b-90ef-9bcaa62a7535:c3042]
2019-06-14 13:45:51,891 INFO  client.GrpcClientProtocolClient (GrpcClientProtocolClient.java:onNext(254)) - client-E0FA40453D59->0c156e3c-57cc-425b-90ef-9bcaa62a7535: receive RaftClientReply:client-E0FA40453D59->0c156e3c-57cc-425b-90ef-9bcaa62a7535@group-7704A457760D, cid=1770, SUCCESS, logIndex=3044, commits[0c156e3c-57cc-425b-90ef-9bcaa62a7535:c3044]
2019-06-14 13:45:51,893 INFO  client.GrpcClientProtocolClient (GrpcClientProtocolClient.java:onNext(254)) - client-E0FA40453D59->0c156e3c-57cc-425b-90ef-9bcaa62a7535: receive RaftClientReply:client-E0FA40453D59->0c156e3c-57cc-425b-90ef-9bcaa62a7535@group-7704A457760D, cid=1771, SUCCESS, logIndex=3045, commits[0c156e3c-57cc-425b-90ef-9bcaa62a7535:c3047]
2019-06-14 13:45:51,893 INFO  client.GrpcClientProtocolClient (GrpcClientProtocolClient.java:onNext(254)) - client-E0FA40453D59->0c156e3c-57cc-425b-90ef-9bcaa62a7535: receive RaftClientReply:client-E0FA40453D59->0c156e3c-57cc-425b-90ef-9bcaa62a7535@group-7704A457760D, cid=1772, SUCCESS, logIndex=3047, commits[0c156e3c-57cc-425b-90ef-9bcaa62a7535:c3047]
2019-06-14 13:45:51,899 INFO  client.GrpcClientProtocolClient (GrpcClientProtocolClient.java:onNext(254)) - client-E0FA40453D59->0c156e3c-57cc-425b-90ef-9bcaa62a7535: receive RaftClientReply:client-E0FA40453D59->0c156e3c-57cc-425b-90ef-9bcaa62a7535@group-7704A457760D, cid=1773, SUCCESS, logIndex=3049, commits[0c156e3c-57cc-425b-90ef-9bcaa62a7535:c3049]
2019-06-14 13:45:51,901 INFO  client.GrpcClientProtocolClient (GrpcClientProtocolClient.java:onNext(254)) - client-E0FA40453D59->0c156e3c-57cc-425b-90ef-9bcaa62a7535: receive RaftClientReply:client-E0FA40453D59->0c156e3c-57cc-425b-90ef-9bcaa62a7535@group-7704A457760D, cid=1774, SUCCESS, logIndex=3051, commits[0c156e3c-57cc-425b-90ef-9bcaa62a7535:c3051]
2019-06-14 13:45:51,906 INFO  client.GrpcClientProtocolClient (GrpcClientProtocolClient.java:onNext(254)) - client-E0FA40453D59->0c156e3c-57cc-425b-90ef-9bcaa62a7535: receive RaftClientReply:client-E0FA40453D59->0c156e3c-57cc-425b-90ef-9bcaa62a7535@group-7704A457760D, cid=1775, SUCCESS, logIndex=3052, commits[0c156e3c-57cc-425b-90ef-9bcaa62a7535:c3053]
2019-06-14 13:45:51,910 INFO  client.GrpcClientProtocolClient (GrpcClientProtocolClient.java:onNext(254)) - client-E0FA40453D59->0c156e3c-57cc-425b-90ef-9bcaa62a7535: receive RaftClientReply:client-E0FA40453D59->0c156e3c-57cc-425b-90ef-9bcaa62a7535@group-7704A457760D, cid=1776, SUCCESS, logIndex=3053, commits[0c156e3c-57cc-425b-90ef-9bcaa62a7535:c3053]
2019-06-14 13:45:51,919 DEBUG block.SCMBlockDeletingService (SCMBlockDeletingService.java:call(138)) - Running DeletedBlockTransactionScanner
2019-06-14 13:45:51,919 DEBUG block.SCMBlockDeletingService (SCMBlockDeletingService.java:call(155)) - Scanned deleted blocks log and got 0 delTX to process.
2019-06-14 13:45:51,922 INFO  client.GrpcClientProtocolClient (GrpcClientProtocolClient.java:onNext(254)) - client-E0FA40453D59->0c156e3c-57cc-425b-90ef-9bcaa62a7535: receive RaftClientReply:client-E0FA40453D59->0c156e3c-57cc-425b-90ef-9bcaa62a7535@group-7704A457760D, cid=1777, SUCCESS, logIndex=3056, commits[0c156e3c-57cc-425b-90ef-9bcaa62a7535:c3056]
2019-06-14 13:45:51,924 INFO  client.GrpcClientProtocolClient (GrpcClientProtocolClient.java:onNext(254)) - client-E0FA40453D59->0c156e3c-57cc-425b-90ef-9bcaa62a7535: receive RaftClientReply:client-E0FA40453D59->0c156e3c-57cc-425b-90ef-9bcaa62a7535@group-7704A457760D, cid=1778, SUCCESS, logIndex=3058, commits[0c156e3c-57cc-425b-90ef-9bcaa62a7535:c3058]
2019-06-14 13:45:51,925 INFO  client.GrpcClientProtocolClient (GrpcClientProtocolClient.java:onNext(254)) - client-E0FA40453D59->0c156e3c-57cc-425b-90ef-9bcaa62a7535: receive RaftClientReply:client-E0FA40453D59->0c156e3c-57cc-425b-90ef-9bcaa62a7535@group-7704A457760D, cid=1779, SUCCESS, logIndex=3059, commits[0c156e3c-57cc-425b-90ef-9bcaa62a7535:c3061]
2019-06-14 13:45:51,930 INFO  client.GrpcClientProtocolClient (GrpcClientProtocolClient.java:onNext(254)) - client-E0FA40453D59->0c156e3c-57cc-425b-90ef-9bcaa62a7535: receive RaftClientReply:client-E0FA40453D59->0c156e3c-57cc-425b-90ef-9bcaa62a7535@group-7704A457760D, cid=1780, SUCCESS, logIndex=3060, commits[0c156e3c-57cc-425b-90ef-9bcaa62a7535:c3061]
2019-06-14 13:45:51,939 INFO  client.GrpcClientProtocolClient (GrpcClientProtocolClient.java:onNext(254)) - client-E0FA40453D59->0c156e3c-57cc-425b-90ef-9bcaa62a7535: receive RaftClientReply:client-E0FA40453D59->0c156e3c-57cc-425b-90ef-9bcaa62a7535@group-7704A457760D, cid=1781, SUCCESS, logIndex=3062, commits[0c156e3c-57cc-425b-90ef-9bcaa62a7535:c3062]
2019-06-14 13:45:51,945 INFO  client.GrpcClientProtocolClient (GrpcClientProtocolClient.java:onNext(254)) - client-E0FA40453D59->0c156e3c-57cc-425b-90ef-9bcaa62a7535: receive RaftClientReply:client-E0FA40453D59->0c156e3c-57cc-425b-90ef-9bcaa62a7535@group-7704A457760D, cid=1782, SUCCESS, logIndex=3064, commits[0c156e3c-57cc-425b-90ef-9bcaa62a7535:c3066]
2019-06-14 13:45:51,946 INFO  client.GrpcClientProtocolClient (GrpcClientProtocolClient.java:onNext(254)) - client-E0FA40453D59->0c156e3c-57cc-425b-90ef-9bcaa62a7535: receive RaftClientReply:client-E0FA40453D59->0c156e3c-57cc-425b-90ef-9bcaa62a7535@group-7704A457760D, cid=1783, SUCCESS, logIndex=3065, commits[0c156e3c-57cc-425b-90ef-9bcaa62a7535:c3066]
2019-06-14 13:45:51,946 INFO  client.GrpcClientProtocolClient (GrpcClientProtocolClient.java:onNext(254)) - client-E0FA40453D59->0c156e3c-57cc-425b-90ef-9bcaa62a7535: receive RaftClientReply:client-E0FA40453D59->0c156e3c-57cc-425b-90ef-9bcaa62a7535@group-7704A457760D, cid=1784, SUCCESS, logIndex=3066, commits[0c156e3c-57cc-425b-90ef-9bcaa62a7535:c3066]
2019-06-14 13:45:51,968 INFO  client.GrpcClientProtocolClient (GrpcClientProtocolClient.java:onNext(254)) - client-E0FA40453D59->0c156e3c-57cc-425b-90ef-9bcaa62a7535: receive RaftClientReply:client-E0FA40453D59->0c156e3c-57cc-425b-90ef-9bcaa62a7535@group-7704A457760D, cid=1785, SUCCESS, logIndex=3068, commits[0c156e3c-57cc-425b-90ef-9bcaa62a7535:c3068]
2019-06-14 13:45:51,971 INFO  client.GrpcClientProtocolClient (GrpcClientProtocolClient.java:onNext(254)) - client-E0FA40453D59->0c156e3c-57cc-425b-90ef-9bcaa62a7535: receive RaftClientReply:client-E0FA40453D59->0c156e3c-57cc-425b-90ef-9bcaa62a7535@group-7704A457760D, cid=1786, SUCCESS, logIndex=3070, commits[0c156e3c-57cc-425b-90ef-9bcaa62a7535:c3070]
2019-06-14 13:45:51,971 INFO  client.GrpcClientProtocolClient (GrpcClientProtocolClient.java:onNext(254)) - client-E0FA40453D59->0c156e3c-57cc-425b-90ef-9bcaa62a7535: receive RaftClientReply:client-E0FA40453D59->0c156e3c-57cc-425b-90ef-9bcaa62a7535@group-7704A457760D, cid=1787, SUCCESS, logIndex=3071, commits[0c156e3c-57cc-425b-90ef-9bcaa62a7535:c3071]
2019-06-14 13:45:51,972 INFO  client.GrpcClientProtocolClient (GrpcClientProtocolClient.java:onNext(254)) - client-E0FA40453D59->0c156e3c-57cc-425b-90ef-9bcaa62a7535: receive RaftClientReply:client-E0FA40453D59->0c156e3c-57cc-425b-90ef-9bcaa62a7535@group-7704A457760D, cid=1788, SUCCESS, logIndex=3073, commits[0c156e3c-57cc-425b-90ef-9bcaa62a7535:c3074]
2019-06-14 13:45:51,986 INFO  client.GrpcClientProtocolClient (GrpcClientProtocolClient.java:onNext(254)) - client-E0FA40453D59->0c156e3c-57cc-425b-90ef-9bcaa62a7535: receive RaftClientReply:client-E0FA40453D59->0c156e3c-57cc-425b-90ef-9bcaa62a7535@group-7704A457760D, cid=1789, SUCCESS, logIndex=3075, commits[0c156e3c-57cc-425b-90ef-9bcaa62a7535:c3075]
2019-06-14 13:45:51,989 INFO  client.GrpcClientProtocolClient (GrpcClientProtocolClient.java:onNext(254)) - client-E0FA40453D59->0c156e3c-57cc-425b-90ef-9bcaa62a7535: receive RaftClientReply:client-E0FA40453D59->0c156e3c-57cc-425b-90ef-9bcaa62a7535@group-7704A457760D, cid=1790, SUCCESS, logIndex=3077, commits[0c156e3c-57cc-425b-90ef-9bcaa62a7535:c3077]
2019-06-14 13:45:51,990 INFO  client.GrpcClientProtocolClient (GrpcClientProtocolClient.java:onNext(254)) - client-E0FA40453D59->0c156e3c-57cc-425b-90ef-9bcaa62a7535: receive RaftClientReply:client-E0FA40453D59->0c156e3c-57cc-425b-90ef-9bcaa62a7535@group-7704A457760D, cid=1791, SUCCESS, logIndex=3078, commits[0c156e3c-57cc-425b-90ef-9bcaa62a7535:c3079]
2019-06-14 13:45:51,998 INFO  client.GrpcClientProtocolClient (GrpcClientProtocolClient.java:onNext(254)) - client-E0FA40453D59->0c156e3c-57cc-425b-90ef-9bcaa62a7535: receive RaftClientReply:client-E0FA40453D59->0c156e3c-57cc-425b-90ef-9bcaa62a7535@group-7704A457760D, cid=1792, SUCCESS, logIndex=3079, commits[0c156e3c-57cc-425b-90ef-9bcaa62a7535:c3079]
2019-06-14 13:45:52,012 INFO  client.GrpcClientProtocolClient (GrpcClientProtocolClient.java:onNext(254)) - client-E0FA40453D59->0c156e3c-57cc-425b-90ef-9bcaa62a7535: receive RaftClientReply:client-E0FA40453D59->0c156e3c-57cc-425b-90ef-9bcaa62a7535@group-7704A457760D, cid=1793, SUCCESS, logIndex=3082, commits[0c156e3c-57cc-425b-90ef-9bcaa62a7535:c3082]
2019-06-14 13:45:52,015 INFO  client.GrpcClientProtocolClient (GrpcClientProtocolClient.java:onNext(254)) - client-E0FA40453D59->0c156e3c-57cc-425b-90ef-9bcaa62a7535: receive RaftClientReply:client-E0FA40453D59->0c156e3c-57cc-425b-90ef-9bcaa62a7535@group-7704A457760D, cid=1794, SUCCESS, logIndex=3084, commits[0c156e3c-57cc-425b-90ef-9bcaa62a7535:c3084]
2019-06-14 13:45:52,015 INFO  client.GrpcClientProtocolClient (GrpcClientProtocolClient.java:onNext(254)) - client-E0FA40453D59->0c156e3c-57cc-425b-90ef-9bcaa62a7535: receive RaftClientReply:client-E0FA40453D59->0c156e3c-57cc-425b-90ef-9bcaa62a7535@group-7704A457760D, cid=1795, SUCCESS, logIndex=3085, commits[0c156e3c-57cc-425b-90ef-9bcaa62a7535:c3087]
2019-06-14 13:45:52,015 INFO  client.GrpcClientProtocolClient (GrpcClientProtocolClient.java:onNext(254)) - client-E0FA40453D59->0c156e3c-57cc-425b-90ef-9bcaa62a7535: receive RaftClientReply:client-E0FA40453D59->0c156e3c-57cc-425b-90ef-9bcaa62a7535@group-7704A457760D, cid=1796, SUCCESS, logIndex=3086, commits[0c156e3c-57cc-425b-90ef-9bcaa62a7535:c3087]
2019-06-14 13:45:52,019 DEBUG block.SCMBlockDeletingService (SCMBlockDeletingService.java:call(138)) - Running DeletedBlockTransactionScanner
2019-06-14 13:45:52,019 DEBUG block.SCMBlockDeletingService (SCMBlockDeletingService.java:call(155)) - Scanned deleted blocks log and got 0 delTX to process.
2019-06-14 13:45:52,021 INFO  storage.RaftLogWorker (RaftLogWorker.java:rollLogSegment(303)) - 0c156e3c-57cc-425b-90ef-9bcaa62a7535-RaftLogWorker: Rolling segment log-3018_3089 to index:3089
2019-06-14 13:45:52,021 INFO  client.GrpcClientProtocolClient (GrpcClientProtocolClient.java:onNext(254)) - client-E0FA40453D59->0c156e3c-57cc-425b-90ef-9bcaa62a7535: receive RaftClientReply:client-E0FA40453D59->0c156e3c-57cc-425b-90ef-9bcaa62a7535@group-7704A457760D, cid=1797, SUCCESS, logIndex=3088, commits[0c156e3c-57cc-425b-90ef-9bcaa62a7535:c3088]
2019-06-14 13:45:52,021 INFO  storage.RaftLogWorker (RaftLogWorker.java:execute(433)) - 0c156e3c-57cc-425b-90ef-9bcaa62a7535-RaftLogWorker: Rolled log segment from /opt/src/hadoop-ozone/integration-test/target/test-dir/MiniOzoneClusterImpl-8919240e-7e15-4dbf-8bf4-c210578586bb/datanode-0/data/ratis/1fc53845-3381-4beb-82f9-7704a457760d/current/log_inprogress_3018 to /opt/src/hadoop-ozone/integration-test/target/test-dir/MiniOzoneClusterImpl-8919240e-7e15-4dbf-8bf4-c210578586bb/datanode-0/data/ratis/1fc53845-3381-4beb-82f9-7704a457760d/current/log_3018-3089
2019-06-14 13:45:52,062 INFO  storage.RaftLogWorker (RaftLogWorker.java:execute(469)) - 0c156e3c-57cc-425b-90ef-9bcaa62a7535-RaftLogWorker: created new log segment /opt/src/hadoop-ozone/integration-test/target/test-dir/MiniOzoneClusterImpl-8919240e-7e15-4dbf-8bf4-c210578586bb/datanode-0/data/ratis/1fc53845-3381-4beb-82f9-7704a457760d/current/log_inprogress_3090
2019-06-14 13:45:52,064 INFO  client.GrpcClientProtocolClient (GrpcClientProtocolClient.java:onNext(254)) - client-E0FA40453D59->0c156e3c-57cc-425b-90ef-9bcaa62a7535: receive RaftClientReply:client-E0FA40453D59->0c156e3c-57cc-425b-90ef-9bcaa62a7535@group-7704A457760D, cid=1798, SUCCESS, logIndex=3090, commits[0c156e3c-57cc-425b-90ef-9bcaa62a7535:c3090]
2019-06-14 13:45:52,068 INFO  client.GrpcClientProtocolClient (GrpcClientProtocolClient.java:onNext(254)) - client-E0FA40453D59->0c156e3c-57cc-425b-90ef-9bcaa62a7535: receive RaftClientReply:client-E0FA40453D59->0c156e3c-57cc-425b-90ef-9bcaa62a7535@group-7704A457760D, cid=1799, SUCCESS, logIndex=3092, commits[0c156e3c-57cc-425b-90ef-9bcaa62a7535:c3093]
2019-06-14 13:45:52,069 INFO  client.GrpcClientProtocolClient (GrpcClientProtocolClient.java:onNext(254)) - client-E0FA40453D59->0c156e3c-57cc-425b-90ef-9bcaa62a7535: receive RaftClientReply:client-E0FA40453D59->0c156e3c-57cc-425b-90ef-9bcaa62a7535@group-7704A457760D, cid=1800, SUCCESS, logIndex=3093, commits[0c156e3c-57cc-425b-90ef-9bcaa62a7535:c3093]
2019-06-14 13:45:52,078 INFO  client.GrpcClientProtocolClient (GrpcClientProtocolClient.java:onNext(254)) - client-E0FA40453D59->0c156e3c-57cc-425b-90ef-9bcaa62a7535: receive RaftClientReply:client-E0FA40453D59->0c156e3c-57cc-425b-90ef-9bcaa62a7535@group-7704A457760D, cid=1801, SUCCESS, logIndex=3095, commits[0c156e3c-57cc-425b-90ef-9bcaa62a7535:c3095]
2019-06-14 13:45:52,080 INFO  client.GrpcClientProtocolClient (GrpcClientProtocolClient.java:onNext(254)) - client-E0FA40453D59->0c156e3c-57cc-425b-90ef-9bcaa62a7535: receive RaftClientReply:client-E0FA40453D59->0c156e3c-57cc-425b-90ef-9bcaa62a7535@group-7704A457760D, cid=1802, SUCCESS, logIndex=3097, commits[0c156e3c-57cc-425b-90ef-9bcaa62a7535:c3097]
2019-06-14 13:45:52,081 INFO  client.GrpcClientProtocolClient (GrpcClientProtocolClient.java:onNext(254)) - client-E0FA40453D59->0c156e3c-57cc-425b-90ef-9bcaa62a7535: receive RaftClientReply:client-E0FA40453D59->0c156e3c-57cc-425b-90ef-9bcaa62a7535@group-7704A457760D, cid=1803, SUCCESS, logIndex=3098, commits[0c156e3c-57cc-425b-90ef-9bcaa62a7535:c3100]
2019-06-14 13:45:52,081 INFO  client.GrpcClientProtocolClient (GrpcClientProtocolClient.java:onNext(254)) - client-E0FA40453D59->0c156e3c-57cc-425b-90ef-9bcaa62a7535: receive RaftClientReply:client-E0FA40453D59->0c156e3c-57cc-425b-90ef-9bcaa62a7535@group-7704A457760D, cid=1804, SUCCESS, logIndex=3099, commits[0c156e3c-57cc-425b-90ef-9bcaa62a7535:c3100]
2019-06-14 13:45:52,087 INFO  client.GrpcClientProtocolClient (GrpcClientProtocolClient.java:onNext(254)) - client-E0FA40453D59->0c156e3c-57cc-425b-90ef-9bcaa62a7535: receive RaftClientReply:client-E0FA40453D59->0c156e3c-57cc-425b-90ef-9bcaa62a7535@group-7704A457760D, cid=1805, SUCCESS, logIndex=3101, commits[0c156e3c-57cc-425b-90ef-9bcaa62a7535:c3101]
2019-06-14 13:45:52,089 INFO  client.GrpcClientProtocolClient (GrpcClientProtocolClient.java:onNext(254)) - client-E0FA40453D59->0c156e3c-57cc-425b-90ef-9bcaa62a7535: receive RaftClientReply:client-E0FA40453D59->0c156e3c-57cc-425b-90ef-9bcaa62a7535@group-7704A457760D, cid=1806, SUCCESS, logIndex=3103, commits[0c156e3c-57cc-425b-90ef-9bcaa62a7535:c3103]
2019-06-14 13:45:52,089 INFO  client.GrpcClientProtocolClient (GrpcClientProtocolClient.java:onNext(254)) - client-E0FA40453D59->0c156e3c-57cc-425b-90ef-9bcaa62a7535: receive RaftClientReply:client-E0FA40453D59->0c156e3c-57cc-425b-90ef-9bcaa62a7535@group-7704A457760D, cid=1807, SUCCESS, logIndex=3104, commits[0c156e3c-57cc-425b-90ef-9bcaa62a7535:c3105]
2019-06-14 13:45:52,090 INFO  client.GrpcClientProtocolClient (GrpcClientProtocolClient.java:onNext(254)) - client-E0FA40453D59->0c156e3c-57cc-425b-90ef-9bcaa62a7535: receive RaftClientReply:client-E0FA40453D59->0c156e3c-57cc-425b-90ef-9bcaa62a7535@group-7704A457760D, cid=1808, SUCCESS, logIndex=3105, commits[0c156e3c-57cc-425b-90ef-9bcaa62a7535:c3105]
2019-06-14 13:45:52,102 INFO  client.GrpcClientProtocolClient (GrpcClientProtocolClient.java:onNext(254)) - client-E0FA40453D59->0c156e3c-57cc-425b-90ef-9bcaa62a7535: receive RaftClientReply:client-E0FA40453D59->0c156e3c-57cc-425b-90ef-9bcaa62a7535@group-7704A457760D, cid=1809, SUCCESS, logIndex=3108, commits[0c156e3c-57cc-425b-90ef-9bcaa62a7535:c3108]
2019-06-14 13:45:52,103 INFO  client.GrpcClientProtocolClient (GrpcClientProtocolClient.java:onNext(254)) - client-E0FA40453D59->0c156e3c-57cc-425b-90ef-9bcaa62a7535: receive RaftClientReply:client-E0FA40453D59->0c156e3c-57cc-425b-90ef-9bcaa62a7535@group-7704A457760D, cid=1810, SUCCESS, logIndex=3110, commits[0c156e3c-57cc-425b-90ef-9bcaa62a7535:c3110]
2019-06-14 13:45:52,104 INFO  client.GrpcClientProtocolClient (GrpcClientProtocolClient.java:onNext(254)) - client-E0FA40453D59->0c156e3c-57cc-425b-90ef-9bcaa62a7535: receive RaftClientReply:client-E0FA40453D59->0c156e3c-57cc-425b-90ef-9bcaa62a7535@group-7704A457760D, cid=1811, SUCCESS, logIndex=3112, commits[0c156e3c-57cc-425b-90ef-9bcaa62a7535:c3113]
2019-06-14 13:45:52,105 INFO  client.GrpcClientProtocolClient (GrpcClientProtocolClient.java:onNext(254)) - client-E0FA40453D59->0c156e3c-57cc-425b-90ef-9bcaa62a7535: receive RaftClientReply:client-E0FA40453D59->0c156e3c-57cc-425b-90ef-9bcaa62a7535@group-7704A457760D, cid=1812, SUCCESS, logIndex=3113, commits[0c156e3c-57cc-425b-90ef-9bcaa62a7535:c3113]
2019-06-14 13:45:52,141 DEBUG block.SCMBlockDeletingService (SCMBlockDeletingService.java:call(138)) - Running DeletedBlockTransactionScanner
2019-06-14 13:45:52,142 DEBUG block.SCMBlockDeletingService (SCMBlockDeletingService.java:call(155)) - Scanned deleted blocks log and got 0 delTX to process.
2019-06-14 13:45:52,221 INFO  client.GrpcClientProtocolClient (GrpcClientProtocolClient.java:onNext(254)) - client-E0FA40453D59->0c156e3c-57cc-425b-90ef-9bcaa62a7535: receive RaftClientReply:client-E0FA40453D59->0c156e3c-57cc-425b-90ef-9bcaa62a7535@group-7704A457760D, cid=1813, SUCCESS, logIndex=3115, commits[0c156e3c-57cc-425b-90ef-9bcaa62a7535:c3115]
2019-06-14 13:45:52,224 INFO  client.GrpcClientProtocolClient (GrpcClientProtocolClient.java:onNext(254)) - client-E0FA40453D59->0c156e3c-57cc-425b-90ef-9bcaa62a7535: receive RaftClientReply:client-E0FA40453D59->0c156e3c-57cc-425b-90ef-9bcaa62a7535@group-7704A457760D, cid=1814, SUCCESS, logIndex=3117, commits[0c156e3c-57cc-425b-90ef-9bcaa62a7535:c3117]
2019-06-14 13:45:52,225 INFO  client.GrpcClientProtocolClient (GrpcClientProtocolClient.java:onNext(254)) - client-E0FA40453D59->0c156e3c-57cc-425b-90ef-9bcaa62a7535: receive RaftClientReply:client-E0FA40453D59->0c156e3c-57cc-425b-90ef-9bcaa62a7535@group-7704A457760D, cid=1815, SUCCESS, logIndex=3118, commits[0c156e3c-57cc-425b-90ef-9bcaa62a7535:c3118]
2019-06-14 13:45:52,225 INFO  client.GrpcClientProtocolClient (GrpcClientProtocolClient.java:onNext(254)) - client-E0FA40453D59->0c156e3c-57cc-425b-90ef-9bcaa62a7535: receive RaftClientReply:client-E0FA40453D59->0c156e3c-57cc-425b-90ef-9bcaa62a7535@group-7704A457760D, cid=1816, SUCCESS, logIndex=3120, commits[0c156e3c-57cc-425b-90ef-9bcaa62a7535:c3120]
2019-06-14 13:45:52,238 INFO  client.GrpcClientProtocolClient (GrpcClientProtocolClient.java:onNext(254)) - client-E0FA40453D59->0c156e3c-57cc-425b-90ef-9bcaa62a7535: receive RaftClientReply:client-E0FA40453D59->0c156e3c-57cc-425b-90ef-9bcaa62a7535@group-7704A457760D, cid=1817, SUCCESS, logIndex=3123, commits[0c156e3c-57cc-425b-90ef-9bcaa62a7535:c3123]
2019-06-14 13:45:52,242 DEBUG block.SCMBlockDeletingService (SCMBlockDeletingService.java:call(138)) - Running DeletedBlockTransactionScanner
2019-06-14 13:45:52,242 DEBUG block.SCMBlockDeletingService (SCMBlockDeletingService.java:call(155)) - Scanned deleted blocks log and got 0 delTX to process.
2019-06-14 13:45:52,244 INFO  client.GrpcClientProtocolClient (GrpcClientProtocolClient.java:onNext(254)) - client-E0FA40453D59->0c156e3c-57cc-425b-90ef-9bcaa62a7535: receive RaftClientReply:client-E0FA40453D59->0c156e3c-57cc-425b-90ef-9bcaa62a7535@group-7704A457760D, cid=1818, SUCCESS, logIndex=3125, commits[0c156e3c-57cc-425b-90ef-9bcaa62a7535:c3127]
2019-06-14 13:45:52,251 INFO  client.GrpcClientProtocolClient (GrpcClientProtocolClient.java:onNext(254)) - client-E0FA40453D59->0c156e3c-57cc-425b-90ef-9bcaa62a7535: receive RaftClientReply:client-E0FA40453D59->0c156e3c-57cc-425b-90ef-9bcaa62a7535@group-7704A457760D, cid=1819, SUCCESS, logIndex=3126, commits[0c156e3c-57cc-425b-90ef-9bcaa62a7535:c3127]
2019-06-14 13:45:52,251 INFO  client.GrpcClientProtocolClient (GrpcClientProtocolClient.java:onNext(254)) - client-E0FA40453D59->0c156e3c-57cc-425b-90ef-9bcaa62a7535: receive RaftClientReply:client-E0FA40453D59->0c156e3c-57cc-425b-90ef-9bcaa62a7535@group-7704A457760D, cid=1820, SUCCESS, logIndex=3127, commits[0c156e3c-57cc-425b-90ef-9bcaa62a7535:c3127]
2019-06-14 13:45:52,262 INFO  client.GrpcClientProtocolClient (GrpcClientProtocolClient.java:onNext(254)) - client-E0FA40453D59->0c156e3c-57cc-425b-90ef-9bcaa62a7535: receive RaftClientReply:client-E0FA40453D59->0c156e3c-57cc-425b-90ef-9bcaa62a7535@group-7704A457760D, cid=1821, SUCCESS, logIndex=3129, commits[0c156e3c-57cc-425b-90ef-9bcaa62a7535:c3129]
2019-06-14 13:45:52,264 INFO  client.GrpcClientProtocolClient (GrpcClientProtocolClient.java:onNext(254)) - client-E0FA40453D59->0c156e3c-57cc-425b-90ef-9bcaa62a7535: receive RaftClientReply:client-E0FA40453D59->0c156e3c-57cc-425b-90ef-9bcaa62a7535@group-7704A457760D, cid=1822, SUCCESS, logIndex=3131, commits[0c156e3c-57cc-425b-90ef-9bcaa62a7535:c3131]
2019-06-14 13:45:52,273 INFO  client.GrpcClientProtocolClient (GrpcClientProtocolClient.java:onNext(254)) - client-E0FA40453D59->0c156e3c-57cc-425b-90ef-9bcaa62a7535: receive RaftClientReply:client-E0FA40453D59->0c156e3c-57cc-425b-90ef-9bcaa62a7535@group-7704A457760D, cid=1823, SUCCESS, logIndex=3132, commits[0c156e3c-57cc-425b-90ef-9bcaa62a7535:c3133]
2019-06-14 13:45:52,274 INFO  client.GrpcClientProtocolClient (GrpcClientProtocolClient.java:onNext(254)) - client-E0FA40453D59->0c156e3c-57cc-425b-90ef-9bcaa62a7535: receive RaftClientReply:client-E0FA40453D59->0c156e3c-57cc-425b-90ef-9bcaa62a7535@group-7704A457760D, cid=1824, SUCCESS, logIndex=3133, commits[0c156e3c-57cc-425b-90ef-9bcaa62a7535:c3135]
2019-06-14 13:45:52,284 INFO  client.GrpcClientProtocolClient (GrpcClientProtocolClient.java:onNext(254)) - client-E0FA40453D59->0c156e3c-57cc-425b-90ef-9bcaa62a7535: receive RaftClientReply:client-E0FA40453D59->0c156e3c-57cc-425b-90ef-9bcaa62a7535@group-7704A457760D, cid=1825, SUCCESS, logIndex=3136, commits[0c156e3c-57cc-425b-90ef-9bcaa62a7535:c3136]
2019-06-14 13:45:52,286 INFO  client.GrpcClientProtocolClient (GrpcClientProtocolClient.java:onNext(254)) - client-E0FA40453D59->0c156e3c-57cc-425b-90ef-9bcaa62a7535: receive RaftClientReply:client-E0FA40453D59->0c156e3c-57cc-425b-90ef-9bcaa62a7535@group-7704A457760D, cid=1826, SUCCESS, logIndex=3138, commits[0c156e3c-57cc-425b-90ef-9bcaa62a7535:c3138]
2019-06-14 13:45:52,287 INFO  client.GrpcClientProtocolClient (GrpcClientProtocolClient.java:onNext(254)) - client-E0FA40453D59->0c156e3c-57cc-425b-90ef-9bcaa62a7535: receive RaftClientReply:client-E0FA40453D59->0c156e3c-57cc-425b-90ef-9bcaa62a7535@group-7704A457760D, cid=1827, SUCCESS, logIndex=3139, commits[0c156e3c-57cc-425b-90ef-9bcaa62a7535:c3139]
2019-06-14 13:45:52,287 INFO  client.GrpcClientProtocolClient (GrpcClientProtocolClient.java:onNext(254)) - client-E0FA40453D59->0c156e3c-57cc-425b-90ef-9bcaa62a7535: receive RaftClientReply:client-E0FA40453D59->0c156e3c-57cc-425b-90ef-9bcaa62a7535@group-7704A457760D, cid=1828, SUCCESS, logIndex=3141, commits[0c156e3c-57cc-425b-90ef-9bcaa62a7535:c3141]
2019-06-14 13:45:52,297 INFO  client.GrpcClientProtocolClient (GrpcClientProtocolClient.java:onNext(254)) - client-E0FA40453D59->0c156e3c-57cc-425b-90ef-9bcaa62a7535: receive RaftClientReply:client-E0FA40453D59->0c156e3c-57cc-425b-90ef-9bcaa62a7535@group-7704A457760D, cid=1829, SUCCESS, logIndex=3144, commits[0c156e3c-57cc-425b-90ef-9bcaa62a7535:c3144]
2019-06-14 13:45:52,299 INFO  client.GrpcClientProtocolClient (GrpcClientProtocolClient.java:onNext(254)) - client-E0FA40453D59->0c156e3c-57cc-425b-90ef-9bcaa62a7535: receive RaftClientReply:client-E0FA40453D59->0c156e3c-57cc-425b-90ef-9bcaa62a7535@group-7704A457760D, cid=1830, SUCCESS, logIndex=3146, commits[0c156e3c-57cc-425b-90ef-9bcaa62a7535:c3146]
2019-06-14 13:45:52,300 INFO  client.GrpcClientProtocolClient (GrpcClientProtocolClient.java:onNext(254)) - client-E0FA40453D59->0c156e3c-57cc-425b-90ef-9bcaa62a7535: receive RaftClientReply:client-E0FA40453D59->0c156e3c-57cc-425b-90ef-9bcaa62a7535@group-7704A457760D, cid=1831, SUCCESS, logIndex=3147, commits[0c156e3c-57cc-425b-90ef-9bcaa62a7535:c3149]
2019-06-14 13:45:52,301 INFO  client.GrpcClientProtocolClient (GrpcClientProtocolClient.java:onNext(254)) - client-E0FA40453D59->0c156e3c-57cc-425b-90ef-9bcaa62a7535: receive RaftClientReply:client-E0FA40453D59->0c156e3c-57cc-425b-90ef-9bcaa62a7535@group-7704A457760D, cid=1832, SUCCESS, logIndex=3148, commits[0c156e3c-57cc-425b-90ef-9bcaa62a7535:c3150]
2019-06-14 13:45:52,326 INFO  client.GrpcClientProtocolClient (GrpcClientProtocolClient.java:onNext(254)) - client-E0FA40453D59->0c156e3c-57cc-425b-90ef-9bcaa62a7535: receive RaftClientReply:client-E0FA40453D59->0c156e3c-57cc-425b-90ef-9bcaa62a7535@group-7704A457760D, cid=1833, SUCCESS, logIndex=3151, commits[0c156e3c-57cc-425b-90ef-9bcaa62a7535:c3151]
2019-06-14 13:45:52,333 INFO  client.GrpcClientProtocolClient (GrpcClientProtocolClient.java:onNext(254)) - client-E0FA40453D59->0c156e3c-57cc-425b-90ef-9bcaa62a7535: receive RaftClientReply:client-E0FA40453D59->0c156e3c-57cc-425b-90ef-9bcaa62a7535@group-7704A457760D, cid=1834, SUCCESS, logIndex=3153, commits[0c156e3c-57cc-425b-90ef-9bcaa62a7535:c3153]
2019-06-14 13:45:52,333 INFO  client.GrpcClientProtocolClient (GrpcClientProtocolClient.java:onNext(254)) - client-E0FA40453D59->0c156e3c-57cc-425b-90ef-9bcaa62a7535: receive RaftClientReply:client-E0FA40453D59->0c156e3c-57cc-425b-90ef-9bcaa62a7535@group-7704A457760D, cid=1835, SUCCESS, logIndex=3154, commits[0c156e3c-57cc-425b-90ef-9bcaa62a7535:c3155]
2019-06-14 13:45:52,334 INFO  client.GrpcClientProtocolClient (GrpcClientProtocolClient.java:onNext(254)) - client-E0FA40453D59->0c156e3c-57cc-425b-90ef-9bcaa62a7535: receive RaftClientReply:client-E0FA40453D59->0c156e3c-57cc-425b-90ef-9bcaa62a7535@group-7704A457760D, cid=1836, SUCCESS, logIndex=3156, commits[0c156e3c-57cc-425b-90ef-9bcaa62a7535:c3156]
2019-06-14 13:45:52,343 DEBUG block.SCMBlockDeletingService (SCMBlockDeletingService.java:call(138)) - Running DeletedBlockTransactionScanner
2019-06-14 13:45:52,343 DEBUG block.SCMBlockDeletingService (SCMBlockDeletingService.java:call(155)) - Scanned deleted blocks log and got 0 delTX to process.
2019-06-14 13:45:52,350 INFO  client.GrpcClientProtocolClient (GrpcClientProtocolClient.java:onNext(254)) - client-E0FA40453D59->0c156e3c-57cc-425b-90ef-9bcaa62a7535: receive RaftClientReply:client-E0FA40453D59->0c156e3c-57cc-425b-90ef-9bcaa62a7535@group-7704A457760D, cid=1837, SUCCESS, logIndex=3158, commits[0c156e3c-57cc-425b-90ef-9bcaa62a7535:c3158]
2019-06-14 13:45:52,351 INFO  storage.RaftLogWorker (RaftLogWorker.java:rollLogSegment(303)) - 0c156e3c-57cc-425b-90ef-9bcaa62a7535-RaftLogWorker: Rolling segment log-3090_3161 to index:3161
2019-06-14 13:45:52,352 INFO  storage.RaftLogWorker (RaftLogWorker.java:execute(433)) - 0c156e3c-57cc-425b-90ef-9bcaa62a7535-RaftLogWorker: Rolled log segment from /opt/src/hadoop-ozone/integration-test/target/test-dir/MiniOzoneClusterImpl-8919240e-7e15-4dbf-8bf4-c210578586bb/datanode-0/data/ratis/1fc53845-3381-4beb-82f9-7704a457760d/current/log_inprogress_3090 to /opt/src/hadoop-ozone/integration-test/target/test-dir/MiniOzoneClusterImpl-8919240e-7e15-4dbf-8bf4-c210578586bb/datanode-0/data/ratis/1fc53845-3381-4beb-82f9-7704a457760d/current/log_3090-3161
2019-06-14 13:45:52,359 INFO  client.GrpcClientProtocolClient (GrpcClientProtocolClient.java:onNext(254)) - client-E0FA40453D59->0c156e3c-57cc-425b-90ef-9bcaa62a7535: receive RaftClientReply:client-E0FA40453D59->0c156e3c-57cc-425b-90ef-9bcaa62a7535@group-7704A457760D, cid=1838, SUCCESS, logIndex=3160, commits[0c156e3c-57cc-425b-90ef-9bcaa62a7535:c3161]
2019-06-14 13:45:52,370 INFO  client.GrpcClientProtocolClient (GrpcClientProtocolClient.java:onNext(254)) - client-E0FA40453D59->0c156e3c-57cc-425b-90ef-9bcaa62a7535: receive RaftClientReply:client-E0FA40453D59->0c156e3c-57cc-425b-90ef-9bcaa62a7535@group-7704A457760D, cid=1839, SUCCESS, logIndex=3161, commits[0c156e3c-57cc-425b-90ef-9bcaa62a7535:c3161]
2019-06-14 13:45:52,394 INFO  storage.RaftLogWorker (RaftLogWorker.java:execute(469)) - 0c156e3c-57cc-425b-90ef-9bcaa62a7535-RaftLogWorker: created new log segment /opt/src/hadoop-ozone/integration-test/target/test-dir/MiniOzoneClusterImpl-8919240e-7e15-4dbf-8bf4-c210578586bb/datanode-0/data/ratis/1fc53845-3381-4beb-82f9-7704a457760d/current/log_inprogress_3162
2019-06-14 13:45:52,401 INFO  client.GrpcClientProtocolClient (GrpcClientProtocolClient.java:onNext(254)) - client-E0FA40453D59->0c156e3c-57cc-425b-90ef-9bcaa62a7535: receive RaftClientReply:client-E0FA40453D59->0c156e3c-57cc-425b-90ef-9bcaa62a7535@group-7704A457760D, cid=1840, SUCCESS, logIndex=3162, commits[0c156e3c-57cc-425b-90ef-9bcaa62a7535:c3164]
2019-06-14 13:45:52,424 INFO  client.GrpcClientProtocolClient (GrpcClientProtocolClient.java:onNext(254)) - client-E0FA40453D59->0c156e3c-57cc-425b-90ef-9bcaa62a7535: receive RaftClientReply:client-E0FA40453D59->0c156e3c-57cc-425b-90ef-9bcaa62a7535@group-7704A457760D, cid=1841, SUCCESS, logIndex=3165, commits[0c156e3c-57cc-425b-90ef-9bcaa62a7535:c3165]
2019-06-14 13:45:52,428 INFO  client.GrpcClientProtocolClient (GrpcClientProtocolClient.java:onNext(254)) - client-E0FA40453D59->0c156e3c-57cc-425b-90ef-9bcaa62a7535: receive RaftClientReply:client-E0FA40453D59->0c156e3c-57cc-425b-90ef-9bcaa62a7535@group-7704A457760D, cid=1842, SUCCESS, logIndex=3167, commits[0c156e3c-57cc-425b-90ef-9bcaa62a7535:c3169]
2019-06-14 13:45:52,429 INFO  client.GrpcClientProtocolClient (GrpcClientProtocolClient.java:onNext(254)) - client-E0FA40453D59->0c156e3c-57cc-425b-90ef-9bcaa62a7535: receive RaftClientReply:client-E0FA40453D59->0c156e3c-57cc-425b-90ef-9bcaa62a7535@group-7704A457760D, cid=1843, SUCCESS, logIndex=3168, commits[0c156e3c-57cc-425b-90ef-9bcaa62a7535:c3169]
2019-06-14 13:45:52,429 INFO  client.GrpcClientProtocolClient (GrpcClientProtocolClient.java:onNext(254)) - client-E0FA40453D59->0c156e3c-57cc-425b-90ef-9bcaa62a7535: receive RaftClientReply:client-E0FA40453D59->0c156e3c-57cc-425b-90ef-9bcaa62a7535@group-7704A457760D, cid=1844, SUCCESS, logIndex=3169, commits[0c156e3c-57cc-425b-90ef-9bcaa62a7535:c3169]
2019-06-14 13:45:52,444 DEBUG block.SCMBlockDeletingService (SCMBlockDeletingService.java:call(138)) - Running DeletedBlockTransactionScanner
2019-06-14 13:45:52,444 DEBUG block.SCMBlockDeletingService (SCMBlockDeletingService.java:call(155)) - Scanned deleted blocks log and got 0 delTX to process.
2019-06-14 13:45:52,446 INFO  client.GrpcClientProtocolClient (GrpcClientProtocolClient.java:onNext(254)) - client-E0FA40453D59->0c156e3c-57cc-425b-90ef-9bcaa62a7535: receive RaftClientReply:client-E0FA40453D59->0c156e3c-57cc-425b-90ef-9bcaa62a7535@group-7704A457760D, cid=1845, SUCCESS, logIndex=3171, commits[0c156e3c-57cc-425b-90ef-9bcaa62a7535:c3171]
2019-06-14 13:45:52,450 INFO  client.GrpcClientProtocolClient (GrpcClientProtocolClient.java:onNext(254)) - client-E0FA40453D59->0c156e3c-57cc-425b-90ef-9bcaa62a7535: receive RaftClientReply:client-E0FA40453D59->0c156e3c-57cc-425b-90ef-9bcaa62a7535@group-7704A457760D, cid=1846, SUCCESS, logIndex=3173, commits[0c156e3c-57cc-425b-90ef-9bcaa62a7535:c3173]
2019-06-14 13:45:52,452 INFO  client.GrpcClientProtocolClient (GrpcClientProtocolClient.java:onNext(254)) - client-E0FA40453D59->0c156e3c-57cc-425b-90ef-9bcaa62a7535: receive RaftClientReply:client-E0FA40453D59->0c156e3c-57cc-425b-90ef-9bcaa62a7535@group-7704A457760D, cid=1847, SUCCESS, logIndex=3174, commits[0c156e3c-57cc-425b-90ef-9bcaa62a7535:c3176]
2019-06-14 13:45:52,452 INFO  client.GrpcClientProtocolClient (GrpcClientProtocolClient.java:onNext(254)) - client-E0FA40453D59->0c156e3c-57cc-425b-90ef-9bcaa62a7535: receive RaftClientReply:client-E0FA40453D59->0c156e3c-57cc-425b-90ef-9bcaa62a7535@group-7704A457760D, cid=1848, SUCCESS, logIndex=3175, commits[0c156e3c-57cc-425b-90ef-9bcaa62a7535:c3176]
2019-06-14 13:45:52,478 INFO  client.GrpcClientProtocolClient (GrpcClientProtocolClient.java:onNext(254)) - client-E0FA40453D59->0c156e3c-57cc-425b-90ef-9bcaa62a7535: receive RaftClientReply:client-E0FA40453D59->0c156e3c-57cc-425b-90ef-9bcaa62a7535@group-7704A457760D, cid=1849, SUCCESS, logIndex=3177, commits[0c156e3c-57cc-425b-90ef-9bcaa62a7535:c3178]
2019-06-14 13:45:52,480 INFO  client.GrpcClientProtocolClient (GrpcClientProtocolClient.java:onNext(254)) - client-E0FA40453D59->0c156e3c-57cc-425b-90ef-9bcaa62a7535: receive RaftClientReply:client-E0FA40453D59->0c156e3c-57cc-425b-90ef-9bcaa62a7535@group-7704A457760D, cid=1850, SUCCESS, logIndex=3179, commits[0c156e3c-57cc-425b-90ef-9bcaa62a7535:c3179]
2019-06-14 13:45:52,480 INFO  client.GrpcClientProtocolClient (GrpcClientProtocolClient.java:onNext(254)) - client-E0FA40453D59->0c156e3c-57cc-425b-90ef-9bcaa62a7535: receive RaftClientReply:client-E0FA40453D59->0c156e3c-57cc-425b-90ef-9bcaa62a7535@group-7704A457760D, cid=1851, SUCCESS, logIndex=3180, commits[0c156e3c-57cc-425b-90ef-9bcaa62a7535:c3180]
2019-06-14 13:45:52,481 INFO  client.GrpcClientProtocolClient (GrpcClientProtocolClient.java:onNext(254)) - client-E0FA40453D59->0c156e3c-57cc-425b-90ef-9bcaa62a7535: receive RaftClientReply:client-E0FA40453D59->0c156e3c-57cc-425b-90ef-9bcaa62a7535@group-7704A457760D, cid=1852, SUCCESS, logIndex=3182, commits[0c156e3c-57cc-425b-90ef-9bcaa62a7535:c3183]
2019-06-14 13:45:52,491 INFO  client.GrpcClientProtocolClient (GrpcClientProtocolClient.java:onNext(254)) - client-E0FA40453D59->0c156e3c-57cc-425b-90ef-9bcaa62a7535: receive RaftClientReply:client-E0FA40453D59->0c156e3c-57cc-425b-90ef-9bcaa62a7535@group-7704A457760D, cid=1853, SUCCESS, logIndex=3184, commits[0c156e3c-57cc-425b-90ef-9bcaa62a7535:c3184]
2019-06-14 13:45:52,494 INFO  client.GrpcClientProtocolClient (GrpcClientProtocolClient.java:onNext(254)) - client-E0FA40453D59->0c156e3c-57cc-425b-90ef-9bcaa62a7535: receive RaftClientReply:client-E0FA40453D59->0c156e3c-57cc-425b-90ef-9bcaa62a7535@group-7704A457760D, cid=1854, SUCCESS, logIndex=3186, commits[0c156e3c-57cc-425b-90ef-9bcaa62a7535:c3186]
2019-06-14 13:45:52,496 INFO  client.GrpcClientProtocolClient (GrpcClientProtocolClient.java:onNext(254)) - client-E0FA40453D59->0c156e3c-57cc-425b-90ef-9bcaa62a7535: receive RaftClientReply:client-E0FA40453D59->0c156e3c-57cc-425b-90ef-9bcaa62a7535@group-7704A457760D, cid=1855, SUCCESS, logIndex=3187, commits[0c156e3c-57cc-425b-90ef-9bcaa62a7535:c3188]
2019-06-14 13:45:52,496 INFO  client.GrpcClientProtocolClient (GrpcClientProtocolClient.java:onNext(254)) - client-E0FA40453D59->0c156e3c-57cc-425b-90ef-9bcaa62a7535: receive RaftClientReply:client-E0FA40453D59->0c156e3c-57cc-425b-90ef-9bcaa62a7535@group-7704A457760D, cid=1856, SUCCESS, logIndex=3189, commits[0c156e3c-57cc-425b-90ef-9bcaa62a7535:c3189]
2019-06-14 13:45:52,544 DEBUG block.SCMBlockDeletingService (SCMBlockDeletingService.java:call(138)) - Running DeletedBlockTransactionScanner
2019-06-14 13:45:52,544 DEBUG block.SCMBlockDeletingService (SCMBlockDeletingService.java:call(155)) - Scanned deleted blocks log and got 0 delTX to process.
2019-06-14 13:45:52,618 INFO  client.GrpcClientProtocolClient (GrpcClientProtocolClient.java:onNext(254)) - client-E0FA40453D59->0c156e3c-57cc-425b-90ef-9bcaa62a7535: receive RaftClientReply:client-E0FA40453D59->0c156e3c-57cc-425b-90ef-9bcaa62a7535@group-7704A457760D, cid=1857, SUCCESS, logIndex=3191, commits[0c156e3c-57cc-425b-90ef-9bcaa62a7535:c3191]
2019-06-14 13:45:52,625 INFO  client.GrpcClientProtocolClient (GrpcClientProtocolClient.java:onNext(254)) - client-E0FA40453D59->0c156e3c-57cc-425b-90ef-9bcaa62a7535: receive RaftClientReply:client-E0FA40453D59->0c156e3c-57cc-425b-90ef-9bcaa62a7535@group-7704A457760D, cid=1858, SUCCESS, logIndex=3193, commits[0c156e3c-57cc-425b-90ef-9bcaa62a7535:c3195]
2019-06-14 13:45:52,627 INFO  client.GrpcClientProtocolClient (GrpcClientProtocolClient.java:onNext(254)) - client-E0FA40453D59->0c156e3c-57cc-425b-90ef-9bcaa62a7535: receive RaftClientReply:client-E0FA40453D59->0c156e3c-57cc-425b-90ef-9bcaa62a7535@group-7704A457760D, cid=1859, SUCCESS, logIndex=3194, commits[0c156e3c-57cc-425b-90ef-9bcaa62a7535:c3195]
2019-06-14 13:45:52,627 INFO  client.GrpcClientProtocolClient (GrpcClientProtocolClient.java:onNext(254)) - client-E0FA40453D59->0c156e3c-57cc-425b-90ef-9bcaa62a7535: receive RaftClientReply:client-E0FA40453D59->0c156e3c-57cc-425b-90ef-9bcaa62a7535@group-7704A457760D, cid=1860, SUCCESS, logIndex=3195, commits[0c156e3c-57cc-425b-90ef-9bcaa62a7535:c3195]
2019-06-14 13:45:52,641 INFO  client.GrpcClientProtocolClient (GrpcClientProtocolClient.java:onNext(254)) - client-E0FA40453D59->0c156e3c-57cc-425b-90ef-9bcaa62a7535: receive RaftClientReply:client-E0FA40453D59->0c156e3c-57cc-425b-90ef-9bcaa62a7535@group-7704A457760D, cid=1861, SUCCESS, logIndex=3197, commits[0c156e3c-57cc-425b-90ef-9bcaa62a7535:c3197]
2019-06-14 13:45:52,645 INFO  client.GrpcClientProtocolClient (GrpcClientProtocolClient.java:onNext(254)) - client-E0FA40453D59->0c156e3c-57cc-425b-90ef-9bcaa62a7535: receive RaftClientReply:client-E0FA40453D59->0c156e3c-57cc-425b-90ef-9bcaa62a7535@group-7704A457760D, cid=1862, SUCCESS, logIndex=3199, commits[0c156e3c-57cc-425b-90ef-9bcaa62a7535:c3199]
2019-06-14 13:45:52,646 INFO  client.GrpcClientProtocolClient (GrpcClientProtocolClient.java:onNext(254)) - client-E0FA40453D59->0c156e3c-57cc-425b-90ef-9bcaa62a7535: receive RaftClientReply:client-E0FA40453D59->0c156e3c-57cc-425b-90ef-9bcaa62a7535@group-7704A457760D, cid=1863, SUCCESS, logIndex=3200, commits[0c156e3c-57cc-425b-90ef-9bcaa62a7535:c3201]
2019-06-14 13:45:52,646 DEBUG block.SCMBlockDeletingService (SCMBlockDeletingService.java:call(138)) - Running DeletedBlockTransactionScanner
2019-06-14 13:45:52,646 DEBUG block.SCMBlockDeletingService (SCMBlockDeletingService.java:call(155)) - Scanned deleted blocks log and got 0 delTX to process.
2019-06-14 13:45:52,662 INFO  client.GrpcClientProtocolClient (GrpcClientProtocolClient.java:onNext(254)) - client-E0FA40453D59->0c156e3c-57cc-425b-90ef-9bcaa62a7535: receive RaftClientReply:client-E0FA40453D59->0c156e3c-57cc-425b-90ef-9bcaa62a7535@group-7704A457760D, cid=1864, SUCCESS, logIndex=3201, commits[0c156e3c-57cc-425b-90ef-9bcaa62a7535:c3201]
2019-06-14 13:45:52,681 INFO  client.GrpcClientProtocolClient (GrpcClientProtocolClient.java:onNext(254)) - client-E0FA40453D59->0c156e3c-57cc-425b-90ef-9bcaa62a7535: receive RaftClientReply:client-E0FA40453D59->0c156e3c-57cc-425b-90ef-9bcaa62a7535@group-7704A457760D, cid=1865, SUCCESS, logIndex=3204, commits[0c156e3c-57cc-425b-90ef-9bcaa62a7535:c3204]
2019-06-14 13:45:52,687 INFO  client.GrpcClientProtocolClient (GrpcClientProtocolClient.java:onNext(254)) - client-E0FA40453D59->0c156e3c-57cc-425b-90ef-9bcaa62a7535: receive RaftClientReply:client-E0FA40453D59->0c156e3c-57cc-425b-90ef-9bcaa62a7535@group-7704A457760D, cid=1866, SUCCESS, logIndex=3206, commits[0c156e3c-57cc-425b-90ef-9bcaa62a7535:c3206]
2019-06-14 13:45:52,691 INFO  client.GrpcClientProtocolClient (GrpcClientProtocolClient.java:onNext(254)) - client-E0FA40453D59->0c156e3c-57cc-425b-90ef-9bcaa62a7535: receive RaftClientReply:client-E0FA40453D59->0c156e3c-57cc-425b-90ef-9bcaa62a7535@group-7704A457760D, cid=1867, SUCCESS, logIndex=3207, commits[0c156e3c-57cc-425b-90ef-9bcaa62a7535:c3210]
2019-06-14 13:45:52,692 INFO  client.GrpcClientProtocolClient (GrpcClientProtocolClient.java:onNext(254)) - client-E0FA40453D59->0c156e3c-57cc-425b-90ef-9bcaa62a7535: receive RaftClientReply:client-E0FA40453D59->0c156e3c-57cc-425b-90ef-9bcaa62a7535@group-7704A457760D, cid=1868, SUCCESS, logIndex=3209, commits[0c156e3c-57cc-425b-90ef-9bcaa62a7535:c3210]
2019-06-14 13:45:52,709 INFO  client.GrpcClientProtocolClient (GrpcClientProtocolClient.java:onNext(254)) - client-E0FA40453D59->0c156e3c-57cc-425b-90ef-9bcaa62a7535: receive RaftClientReply:client-E0FA40453D59->0c156e3c-57cc-425b-90ef-9bcaa62a7535@group-7704A457760D, cid=1869, SUCCESS, logIndex=3211, commits[0c156e3c-57cc-425b-90ef-9bcaa62a7535:c3211]
2019-06-14 13:45:52,713 INFO  client.GrpcClientProtocolClient (GrpcClientProtocolClient.java:onNext(254)) - client-E0FA40453D59->0c156e3c-57cc-425b-90ef-9bcaa62a7535: receive RaftClientReply:client-E0FA40453D59->0c156e3c-57cc-425b-90ef-9bcaa62a7535@group-7704A457760D, cid=1870, SUCCESS, logIndex=3213, commits[0c156e3c-57cc-425b-90ef-9bcaa62a7535:c3213]
2019-06-14 13:45:52,713 INFO  client.GrpcClientProtocolClient (GrpcClientProtocolClient.java:onNext(254)) - client-E0FA40453D59->0c156e3c-57cc-425b-90ef-9bcaa62a7535: receive RaftClientReply:client-E0FA40453D59->0c156e3c-57cc-425b-90ef-9bcaa62a7535@group-7704A457760D, cid=1871, SUCCESS, logIndex=3214, commits[0c156e3c-57cc-425b-90ef-9bcaa62a7535:c3215]
2019-06-14 13:45:52,713 INFO  client.GrpcClientProtocolClient (GrpcClientProtocolClient.java:onNext(254)) - client-E0FA40453D59->0c156e3c-57cc-425b-90ef-9bcaa62a7535: receive RaftClientReply:client-E0FA40453D59->0c156e3c-57cc-425b-90ef-9bcaa62a7535@group-7704A457760D, cid=1872, SUCCESS, logIndex=3215, commits[0c156e3c-57cc-425b-90ef-9bcaa62a7535:c3215]
2019-06-14 13:45:52,764 DEBUG block.SCMBlockDeletingService (SCMBlockDeletingService.java:call(138)) - Running DeletedBlockTransactionScanner
2019-06-14 13:45:52,765 DEBUG block.SCMBlockDeletingService (SCMBlockDeletingService.java:call(155)) - Scanned deleted blocks log and got 0 delTX to process.
2019-06-14 13:45:52,784 INFO  client.GrpcClientProtocolClient (GrpcClientProtocolClient.java:onNext(254)) - client-E0FA40453D59->0c156e3c-57cc-425b-90ef-9bcaa62a7535: receive RaftClientReply:client-E0FA40453D59->0c156e3c-57cc-425b-90ef-9bcaa62a7535@group-7704A457760D, cid=1873, SUCCESS, logIndex=3218, commits[0c156e3c-57cc-425b-90ef-9bcaa62a7535:c3218]
2019-06-14 13:45:52,787 INFO  client.GrpcClientProtocolClient (GrpcClientProtocolClient.java:onNext(254)) - client-E0FA40453D59->0c156e3c-57cc-425b-90ef-9bcaa62a7535: receive RaftClientReply:client-E0FA40453D59->0c156e3c-57cc-425b-90ef-9bcaa62a7535@group-7704A457760D, cid=1874, SUCCESS, logIndex=3220, commits[0c156e3c-57cc-425b-90ef-9bcaa62a7535:c3220]
2019-06-14 13:45:52,788 INFO  client.GrpcClientProtocolClient (GrpcClientProtocolClient.java:onNext(254)) - client-E0FA40453D59->0c156e3c-57cc-425b-90ef-9bcaa62a7535: receive RaftClientReply:client-E0FA40453D59->0c156e3c-57cc-425b-90ef-9bcaa62a7535@group-7704A457760D, cid=1875, SUCCESS, logIndex=3221, commits[0c156e3c-57cc-425b-90ef-9bcaa62a7535:c3221]
2019-06-14 13:45:52,788 INFO  client.GrpcClientProtocolClient (GrpcClientProtocolClient.java:onNext(254)) - client-E0FA40453D59->0c156e3c-57cc-425b-90ef-9bcaa62a7535: receive RaftClientReply:client-E0FA40453D59->0c156e3c-57cc-425b-90ef-9bcaa62a7535@group-7704A457760D, cid=1876, SUCCESS, logIndex=3223, commits[0c156e3c-57cc-425b-90ef-9bcaa62a7535:c3224]
2019-06-14 13:45:52,806 INFO  client.GrpcClientProtocolClient (GrpcClientProtocolClient.java:onNext(254)) - client-E0FA40453D59->0c156e3c-57cc-425b-90ef-9bcaa62a7535: receive RaftClientReply:client-E0FA40453D59->0c156e3c-57cc-425b-90ef-9bcaa62a7535@group-7704A457760D, cid=1877, SUCCESS, logIndex=3225, commits[0c156e3c-57cc-425b-90ef-9bcaa62a7535:c3225]
2019-06-14 13:45:52,810 INFO  client.GrpcClientProtocolClient (GrpcClientProtocolClient.java:onNext(254)) - client-E0FA40453D59->0c156e3c-57cc-425b-90ef-9bcaa62a7535: receive RaftClientReply:client-E0FA40453D59->0c156e3c-57cc-425b-90ef-9bcaa62a7535@group-7704A457760D, cid=1878, SUCCESS, logIndex=3227, commits[0c156e3c-57cc-425b-90ef-9bcaa62a7535:c3227]
2019-06-14 13:45:52,810 INFO  client.GrpcClientProtocolClient (GrpcClientProtocolClient.java:onNext(254)) - client-E0FA40453D59->0c156e3c-57cc-425b-90ef-9bcaa62a7535: receive RaftClientReply:client-E0FA40453D59->0c156e3c-57cc-425b-90ef-9bcaa62a7535@group-7704A457760D, cid=1879, SUCCESS, logIndex=3228, commits[0c156e3c-57cc-425b-90ef-9bcaa62a7535:c3230]
2019-06-14 13:45:52,814 INFO  client.GrpcClientProtocolClient (GrpcClientProtocolClient.java:onNext(254)) - client-E0FA40453D59->0c156e3c-57cc-425b-90ef-9bcaa62a7535: receive RaftClientReply:client-E0FA40453D59->0c156e3c-57cc-425b-90ef-9bcaa62a7535@group-7704A457760D, cid=1880, SUCCESS, logIndex=3230, commits[0c156e3c-57cc-425b-90ef-9bcaa62a7535:c3230]
2019-06-14 13:45:52,850 INFO  client.GrpcClientProtocolClient (GrpcClientProtocolClient.java:onNext(254)) - client-E0FA40453D59->0c156e3c-57cc-425b-90ef-9bcaa62a7535: receive RaftClientReply:client-E0FA40453D59->0c156e3c-57cc-425b-90ef-9bcaa62a7535@group-7704A457760D, cid=1881, SUCCESS, logIndex=3233, commits[0c156e3c-57cc-425b-90ef-9bcaa62a7535:c3234]
2019-06-14 13:45:52,855 INFO  storage.RaftLogWorker (RaftLogWorker.java:rollLogSegment(303)) - 0c156e3c-57cc-425b-90ef-9bcaa62a7535-RaftLogWorker: Rolling segment log-3162_3236 to index:3236
2019-06-14 13:45:52,856 INFO  storage.RaftLogWorker (RaftLogWorker.java:execute(433)) - 0c156e3c-57cc-425b-90ef-9bcaa62a7535-RaftLogWorker: Rolled log segment from /opt/src/hadoop-ozone/integration-test/target/test-dir/MiniOzoneClusterImpl-8919240e-7e15-4dbf-8bf4-c210578586bb/datanode-0/data/ratis/1fc53845-3381-4beb-82f9-7704a457760d/current/log_inprogress_3162 to /opt/src/hadoop-ozone/integration-test/target/test-dir/MiniOzoneClusterImpl-8919240e-7e15-4dbf-8bf4-c210578586bb/datanode-0/data/ratis/1fc53845-3381-4beb-82f9-7704a457760d/current/log_3162-3236
2019-06-14 13:45:52,858 INFO  client.GrpcClientProtocolClient (GrpcClientProtocolClient.java:onNext(254)) - client-E0FA40453D59->0c156e3c-57cc-425b-90ef-9bcaa62a7535: receive RaftClientReply:client-E0FA40453D59->0c156e3c-57cc-425b-90ef-9bcaa62a7535@group-7704A457760D, cid=1882, SUCCESS, logIndex=3235, commits[0c156e3c-57cc-425b-90ef-9bcaa62a7535:c3236]
2019-06-14 13:45:52,865 DEBUG block.SCMBlockDeletingService (SCMBlockDeletingService.java:call(138)) - Running DeletedBlockTransactionScanner
2019-06-14 13:45:52,865 DEBUG block.SCMBlockDeletingService (SCMBlockDeletingService.java:call(155)) - Scanned deleted blocks log and got 0 delTX to process.
2019-06-14 13:45:52,906 INFO  storage.RaftLogWorker (RaftLogWorker.java:execute(469)) - 0c156e3c-57cc-425b-90ef-9bcaa62a7535-RaftLogWorker: created new log segment /opt/src/hadoop-ozone/integration-test/target/test-dir/MiniOzoneClusterImpl-8919240e-7e15-4dbf-8bf4-c210578586bb/datanode-0/data/ratis/1fc53845-3381-4beb-82f9-7704a457760d/current/log_inprogress_3237
2019-06-14 13:45:52,914 INFO  client.GrpcClientProtocolClient (GrpcClientProtocolClient.java:onNext(254)) - client-E0FA40453D59->0c156e3c-57cc-425b-90ef-9bcaa62a7535: receive RaftClientReply:client-E0FA40453D59->0c156e3c-57cc-425b-90ef-9bcaa62a7535@group-7704A457760D, cid=1883, SUCCESS, logIndex=3237, commits[0c156e3c-57cc-425b-90ef-9bcaa62a7535:c3238]
2019-06-14 13:45:52,915 INFO  client.GrpcClientProtocolClient (GrpcClientProtocolClient.java:onNext(254)) - client-E0FA40453D59->0c156e3c-57cc-425b-90ef-9bcaa62a7535: receive RaftClientReply:client-E0FA40453D59->0c156e3c-57cc-425b-90ef-9bcaa62a7535@group-7704A457760D, cid=1884, SUCCESS, logIndex=3238, commits[0c156e3c-57cc-425b-90ef-9bcaa62a7535:c3238]
2019-06-14 13:45:52,946 INFO  client.GrpcClientProtocolClient (GrpcClientProtocolClient.java:onNext(254)) - client-E0FA40453D59->0c156e3c-57cc-425b-90ef-9bcaa62a7535: receive RaftClientReply:client-E0FA40453D59->0c156e3c-57cc-425b-90ef-9bcaa62a7535@group-7704A457760D, cid=1885, SUCCESS, logIndex=3240, commits[0c156e3c-57cc-425b-90ef-9bcaa62a7535:c3240]
2019-06-14 13:45:52,951 INFO  client.GrpcClientProtocolClient (GrpcClientProtocolClient.java:onNext(254)) - client-E0FA40453D59->0c156e3c-57cc-425b-90ef-9bcaa62a7535: receive RaftClientReply:client-E0FA40453D59->0c156e3c-57cc-425b-90ef-9bcaa62a7535@group-7704A457760D, cid=1886, SUCCESS, logIndex=3242, commits[0c156e3c-57cc-425b-90ef-9bcaa62a7535:c3242]
2019-06-14 13:45:52,955 INFO  client.GrpcClientProtocolClient (GrpcClientProtocolClient.java:onNext(254)) - client-E0FA40453D59->0c156e3c-57cc-425b-90ef-9bcaa62a7535: receive RaftClientReply:client-E0FA40453D59->0c156e3c-57cc-425b-90ef-9bcaa62a7535@group-7704A457760D, cid=1887, SUCCESS, logIndex=3243, commits[0c156e3c-57cc-425b-90ef-9bcaa62a7535:c3245]
2019-06-14 13:45:52,956 INFO  client.GrpcClientProtocolClient (GrpcClientProtocolClient.java:onNext(254)) - client-E0FA40453D59->0c156e3c-57cc-425b-90ef-9bcaa62a7535: receive RaftClientReply:client-E0FA40453D59->0c156e3c-57cc-425b-90ef-9bcaa62a7535@group-7704A457760D, cid=1888, SUCCESS, logIndex=3244, commits[0c156e3c-57cc-425b-90ef-9bcaa62a7535:c3245]
2019-06-14 13:45:52,966 DEBUG block.SCMBlockDeletingService (SCMBlockDeletingService.java:call(138)) - Running DeletedBlockTransactionScanner
2019-06-14 13:45:52,966 DEBUG block.SCMBlockDeletingService (SCMBlockDeletingService.java:call(155)) - Scanned deleted blocks log and got 0 delTX to process.
2019-06-14 13:45:53,005 INFO  client.GrpcClientProtocolClient (GrpcClientProtocolClient.java:onNext(254)) - client-E0FA40453D59->0c156e3c-57cc-425b-90ef-9bcaa62a7535: receive RaftClientReply:client-E0FA40453D59->0c156e3c-57cc-425b-90ef-9bcaa62a7535@group-7704A457760D, cid=1889, SUCCESS, logIndex=3246, commits[0c156e3c-57cc-425b-90ef-9bcaa62a7535:c3246]
2019-06-14 13:45:53,030 INFO  client.GrpcClientProtocolClient (GrpcClientProtocolClient.java:onNext(254)) - client-E0FA40453D59->0c156e3c-57cc-425b-90ef-9bcaa62a7535: receive RaftClientReply:client-E0FA40453D59->0c156e3c-57cc-425b-90ef-9bcaa62a7535@group-7704A457760D, cid=1890, SUCCESS, logIndex=3248, commits[0c156e3c-57cc-425b-90ef-9bcaa62a7535:c3250]
2019-06-14 13:45:53,030 INFO  client.GrpcClientProtocolClient (GrpcClientProtocolClient.java:onNext(254)) - client-E0FA40453D59->0c156e3c-57cc-425b-90ef-9bcaa62a7535: receive RaftClientReply:client-E0FA40453D59->0c156e3c-57cc-425b-90ef-9bcaa62a7535@group-7704A457760D, cid=1891, SUCCESS, logIndex=3249, commits[0c156e3c-57cc-425b-90ef-9bcaa62a7535:c3250]
2019-06-14 13:45:53,031 INFO  client.GrpcClientProtocolClient (GrpcClientProtocolClient.java:onNext(254)) - client-E0FA40453D59->0c156e3c-57cc-425b-90ef-9bcaa62a7535: receive RaftClientReply:client-E0FA40453D59->0c156e3c-57cc-425b-90ef-9bcaa62a7535@group-7704A457760D, cid=1892, SUCCESS, logIndex=3250, commits[0c156e3c-57cc-425b-90ef-9bcaa62a7535:c3250]
2019-06-14 13:45:53,052 INFO  client.GrpcClientProtocolClient (GrpcClientProtocolClient.java:onNext(254)) - client-E0FA40453D59->0c156e3c-57cc-425b-90ef-9bcaa62a7535: receive RaftClientReply:client-E0FA40453D59->0c156e3c-57cc-425b-90ef-9bcaa62a7535@group-7704A457760D, cid=1893, SUCCESS, logIndex=3252, commits[0c156e3c-57cc-425b-90ef-9bcaa62a7535:c3253]
2019-06-14 13:45:53,053 INFO  client.GrpcClientProtocolClient (GrpcClientProtocolClient.java:onNext(254)) - client-E0FA40453D59->0c156e3c-57cc-425b-90ef-9bcaa62a7535: receive RaftClientReply:client-E0FA40453D59->0c156e3c-57cc-425b-90ef-9bcaa62a7535@group-7704A457760D, cid=1894, SUCCESS, logIndex=3254, commits[0c156e3c-57cc-425b-90ef-9bcaa62a7535:c3254]
2019-06-14 13:45:53,060 INFO  client.GrpcClientProtocolClient (GrpcClientProtocolClient.java:onNext(254)) - client-E0FA40453D59->0c156e3c-57cc-425b-90ef-9bcaa62a7535: receive RaftClientReply:client-E0FA40453D59->0c156e3c-57cc-425b-90ef-9bcaa62a7535@group-7704A457760D, cid=1895, SUCCESS, logIndex=3255, commits[0c156e3c-57cc-425b-90ef-9bcaa62a7535:c3257]
2019-06-14 13:45:53,065 INFO  client.GrpcClientProtocolClient (GrpcClientProtocolClient.java:onNext(254)) - client-E0FA40453D59->0c156e3c-57cc-425b-90ef-9bcaa62a7535: receive RaftClientReply:client-E0FA40453D59->0c156e3c-57cc-425b-90ef-9bcaa62a7535@group-7704A457760D, cid=1896, SUCCESS, logIndex=3256, commits[0c156e3c-57cc-425b-90ef-9bcaa62a7535:c3257]
2019-06-14 13:45:53,070 DEBUG block.SCMBlockDeletingService (SCMBlockDeletingService.java:call(138)) - Running DeletedBlockTransactionScanner
2019-06-14 13:45:53,070 DEBUG block.SCMBlockDeletingService (SCMBlockDeletingService.java:call(155)) - Scanned deleted blocks log and got 0 delTX to process.
2019-06-14 13:45:53,106 INFO  client.GrpcClientProtocolClient (GrpcClientProtocolClient.java:onNext(254)) - client-E0FA40453D59->0c156e3c-57cc-425b-90ef-9bcaa62a7535: receive RaftClientReply:client-E0FA40453D59->0c156e3c-57cc-425b-90ef-9bcaa62a7535@group-7704A457760D, cid=1897, SUCCESS, logIndex=3258, commits[0c156e3c-57cc-425b-90ef-9bcaa62a7535:c3258]
2019-06-14 13:45:53,109 INFO  client.GrpcClientProtocolClient (GrpcClientProtocolClient.java:onNext(254)) - client-E0FA40453D59->0c156e3c-57cc-425b-90ef-9bcaa62a7535: receive RaftClientReply:client-E0FA40453D59->0c156e3c-57cc-425b-90ef-9bcaa62a7535@group-7704A457760D, cid=1898, SUCCESS, logIndex=3260, commits[0c156e3c-57cc-425b-90ef-9bcaa62a7535:c3260]
2019-06-14 13:45:53,111 INFO  client.GrpcClientProtocolClient (GrpcClientProtocolClient.java:onNext(254)) - client-E0FA40453D59->0c156e3c-57cc-425b-90ef-9bcaa62a7535: receive RaftClientReply:client-E0FA40453D59->0c156e3c-57cc-425b-90ef-9bcaa62a7535@group-7704A457760D, cid=1899, SUCCESS, logIndex=3261, commits[0c156e3c-57cc-425b-90ef-9bcaa62a7535:c3261]
2019-06-14 13:45:53,114 INFO  client.GrpcClientProtocolClient (GrpcClientProtocolClient.java:onNext(254)) - client-E0FA40453D59->0c156e3c-57cc-425b-90ef-9bcaa62a7535: receive RaftClientReply:client-E0FA40453D59->0c156e3c-57cc-425b-90ef-9bcaa62a7535@group-7704A457760D, cid=1900, SUCCESS, logIndex=3262, commits[0c156e3c-57cc-425b-90ef-9bcaa62a7535:c3263]
2019-06-14 13:45:53,174 DEBUG block.SCMBlockDeletingService (SCMBlockDeletingService.java:call(138)) - Running DeletedBlockTransactionScanner
2019-06-14 13:45:53,174 DEBUG block.SCMBlockDeletingService (SCMBlockDeletingService.java:call(155)) - Scanned deleted blocks log and got 0 delTX to process.
2019-06-14 13:45:53,220 INFO  client.GrpcClientProtocolClient (GrpcClientProtocolClient.java:onNext(254)) - client-E0FA40453D59->0c156e3c-57cc-425b-90ef-9bcaa62a7535: receive RaftClientReply:client-E0FA40453D59->0c156e3c-57cc-425b-90ef-9bcaa62a7535@group-7704A457760D, cid=1901, SUCCESS, logIndex=3265, commits[0c156e3c-57cc-425b-90ef-9bcaa62a7535:c3265]
2019-06-14 13:45:53,228 INFO  client.GrpcClientProtocolClient (GrpcClientProtocolClient.java:onNext(254)) - client-E0FA40453D59->0c156e3c-57cc-425b-90ef-9bcaa62a7535: receive RaftClientReply:client-E0FA40453D59->0c156e3c-57cc-425b-90ef-9bcaa62a7535@group-7704A457760D, cid=1902, SUCCESS, logIndex=3267, commits[0c156e3c-57cc-425b-90ef-9bcaa62a7535:c3270]
2019-06-14 13:45:53,230 INFO  client.GrpcClientProtocolClient (GrpcClientProtocolClient.java:onNext(254)) - client-E0FA40453D59->0c156e3c-57cc-425b-90ef-9bcaa62a7535: receive RaftClientReply:client-E0FA40453D59->0c156e3c-57cc-425b-90ef-9bcaa62a7535@group-7704A457760D, cid=1903, SUCCESS, logIndex=3268, commits[0c156e3c-57cc-425b-90ef-9bcaa62a7535:c3270]
2019-06-14 13:45:53,230 INFO  client.GrpcClientProtocolClient (GrpcClientProtocolClient.java:onNext(254)) - client-E0FA40453D59->0c156e3c-57cc-425b-90ef-9bcaa62a7535: receive RaftClientReply:client-E0FA40453D59->0c156e3c-57cc-425b-90ef-9bcaa62a7535@group-7704A457760D, cid=1904, SUCCESS, logIndex=3269, commits[0c156e3c-57cc-425b-90ef-9bcaa62a7535:c3271]
2019-06-14 13:45:53,254 INFO  client.GrpcClientProtocolClient (GrpcClientProtocolClient.java:onNext(254)) - client-E0FA40453D59->0c156e3c-57cc-425b-90ef-9bcaa62a7535: receive RaftClientReply:client-E0FA40453D59->0c156e3c-57cc-425b-90ef-9bcaa62a7535@group-7704A457760D, cid=1905, SUCCESS, logIndex=3272, commits[0c156e3c-57cc-425b-90ef-9bcaa62a7535:c3272]
2019-06-14 13:45:53,265 INFO  client.GrpcClientProtocolClient (GrpcClientProtocolClient.java:onNext(254)) - client-E0FA40453D59->0c156e3c-57cc-425b-90ef-9bcaa62a7535: receive RaftClientReply:client-E0FA40453D59->0c156e3c-57cc-425b-90ef-9bcaa62a7535@group-7704A457760D, cid=1906, SUCCESS, logIndex=3274, commits[0c156e3c-57cc-425b-90ef-9bcaa62a7535:c3274]
2019-06-14 13:45:53,278 DEBUG block.SCMBlockDeletingService (SCMBlockDeletingService.java:call(138)) - Running DeletedBlockTransactionScanner
2019-06-14 13:45:53,278 DEBUG block.SCMBlockDeletingService (SCMBlockDeletingService.java:call(155)) - Scanned deleted blocks log and got 0 delTX to process.
2019-06-14 13:45:53,279 INFO  client.GrpcClientProtocolClient (GrpcClientProtocolClient.java:onNext(254)) - client-E0FA40453D59->0c156e3c-57cc-425b-90ef-9bcaa62a7535: receive RaftClientReply:client-E0FA40453D59->0c156e3c-57cc-425b-90ef-9bcaa62a7535@group-7704A457760D, cid=1907, SUCCESS, logIndex=3276, commits[0c156e3c-57cc-425b-90ef-9bcaa62a7535:c3277]
2019-06-14 13:45:53,282 INFO  client.GrpcClientProtocolClient (GrpcClientProtocolClient.java:onNext(254)) - client-E0FA40453D59->0c156e3c-57cc-425b-90ef-9bcaa62a7535: receive RaftClientReply:client-E0FA40453D59->0c156e3c-57cc-425b-90ef-9bcaa62a7535@group-7704A457760D, cid=1908, SUCCESS, logIndex=3277, commits[0c156e3c-57cc-425b-90ef-9bcaa62a7535:c3277]
2019-06-14 13:45:53,296 INFO  client.GrpcClientProtocolClient (GrpcClientProtocolClient.java:onNext(254)) - client-E0FA40453D59->0c156e3c-57cc-425b-90ef-9bcaa62a7535: receive RaftClientReply:client-E0FA40453D59->0c156e3c-57cc-425b-90ef-9bcaa62a7535@group-7704A457760D, cid=1909, SUCCESS, logIndex=3279, commits[0c156e3c-57cc-425b-90ef-9bcaa62a7535:c3279]
2019-06-14 13:45:53,297 INFO  client.GrpcClientProtocolClient (GrpcClientProtocolClient.java:onNext(254)) - client-E0FA40453D59->0c156e3c-57cc-425b-90ef-9bcaa62a7535: receive RaftClientReply:client-E0FA40453D59->0c156e3c-57cc-425b-90ef-9bcaa62a7535@group-7704A457760D, cid=1910, SUCCESS, logIndex=3281, commits[0c156e3c-57cc-425b-90ef-9bcaa62a7535:c3281]
2019-06-14 13:45:53,306 INFO  client.GrpcClientProtocolClient (GrpcClientProtocolClient.java:onNext(254)) - client-E0FA40453D59->0c156e3c-57cc-425b-90ef-9bcaa62a7535: receive RaftClientReply:client-E0FA40453D59->0c156e3c-57cc-425b-90ef-9bcaa62a7535@group-7704A457760D, cid=1911, SUCCESS, logIndex=3282, commits[0c156e3c-57cc-425b-90ef-9bcaa62a7535:c3284]
2019-06-14 13:45:53,306 INFO  client.GrpcClientProtocolClient (GrpcClientProtocolClient.java:onNext(254)) - client-E0FA40453D59->0c156e3c-57cc-425b-90ef-9bcaa62a7535: receive RaftClientReply:client-E0FA40453D59->0c156e3c-57cc-425b-90ef-9bcaa62a7535@group-7704A457760D, cid=1912, SUCCESS, logIndex=3283, commits[0c156e3c-57cc-425b-90ef-9bcaa62a7535:c3284]
2019-06-14 13:45:53,324 INFO  client.GrpcClientProtocolClient (GrpcClientProtocolClient.java:onNext(254)) - client-E0FA40453D59->0c156e3c-57cc-425b-90ef-9bcaa62a7535: receive RaftClientReply:client-E0FA40453D59->0c156e3c-57cc-425b-90ef-9bcaa62a7535@group-7704A457760D, cid=1913, SUCCESS, logIndex=3285, commits[0c156e3c-57cc-425b-90ef-9bcaa62a7535:c3285]
2019-06-14 13:45:53,335 INFO  client.GrpcClientProtocolClient (GrpcClientProtocolClient.java:onNext(254)) - client-E0FA40453D59->0c156e3c-57cc-425b-90ef-9bcaa62a7535: receive RaftClientReply:client-E0FA40453D59->0c156e3c-57cc-425b-90ef-9bcaa62a7535@group-7704A457760D, cid=1914, SUCCESS, logIndex=3287, commits[0c156e3c-57cc-425b-90ef-9bcaa62a7535:c3289]
2019-06-14 13:45:53,335 INFO  client.GrpcClientProtocolClient (GrpcClientProtocolClient.java:onNext(254)) - client-E0FA40453D59->0c156e3c-57cc-425b-90ef-9bcaa62a7535: receive RaftClientReply:client-E0FA40453D59->0c156e3c-57cc-425b-90ef-9bcaa62a7535@group-7704A457760D, cid=1915, SUCCESS, logIndex=3288, commits[0c156e3c-57cc-425b-90ef-9bcaa62a7535:c3289]
2019-06-14 13:45:53,335 INFO  client.GrpcClientProtocolClient (GrpcClientProtocolClient.java:onNext(254)) - client-E0FA40453D59->0c156e3c-57cc-425b-90ef-9bcaa62a7535: receive RaftClientReply:client-E0FA40453D59->0c156e3c-57cc-425b-90ef-9bcaa62a7535@group-7704A457760D, cid=1916, SUCCESS, logIndex=3289, commits[0c156e3c-57cc-425b-90ef-9bcaa62a7535:c3290]
2019-06-14 13:45:53,347 INFO  client.GrpcClientProtocolClient (GrpcClientProtocolClient.java:onNext(254)) - client-E0FA40453D59->0c156e3c-57cc-425b-90ef-9bcaa62a7535: receive RaftClientReply:client-E0FA40453D59->0c156e3c-57cc-425b-90ef-9bcaa62a7535@group-7704A457760D, cid=1917, SUCCESS, logIndex=3291, commits[0c156e3c-57cc-425b-90ef-9bcaa62a7535:c3291]
2019-06-14 13:45:53,349 INFO  client.GrpcClientProtocolClient (GrpcClientProtocolClient.java:onNext(254)) - client-E0FA40453D59->0c156e3c-57cc-425b-90ef-9bcaa62a7535: receive RaftClientReply:client-E0FA40453D59->0c156e3c-57cc-425b-90ef-9bcaa62a7535@group-7704A457760D, cid=1918, SUCCESS, logIndex=3293, commits[0c156e3c-57cc-425b-90ef-9bcaa62a7535:c3293]
2019-06-14 13:45:53,350 INFO  client.GrpcClientProtocolClient (GrpcClientProtocolClient.java:onNext(254)) - client-E0FA40453D59->0c156e3c-57cc-425b-90ef-9bcaa62a7535: receive RaftClientReply:client-E0FA40453D59->0c156e3c-57cc-425b-90ef-9bcaa62a7535@group-7704A457760D, cid=1919, SUCCESS, logIndex=3294, commits[0c156e3c-57cc-425b-90ef-9bcaa62a7535:c3294]
2019-06-14 13:45:53,351 INFO  client.GrpcClientProtocolClient (GrpcClientProtocolClient.java:onNext(254)) - client-E0FA40453D59->0c156e3c-57cc-425b-90ef-9bcaa62a7535: receive RaftClientReply:client-E0FA40453D59->0c156e3c-57cc-425b-90ef-9bcaa62a7535@group-7704A457760D, cid=1920, SUCCESS, logIndex=3296, commits[0c156e3c-57cc-425b-90ef-9bcaa62a7535:c3296]
2019-06-14 13:45:53,373 INFO  client.GrpcClientProtocolClient (GrpcClientProtocolClient.java:onNext(254)) - client-E0FA40453D59->0c156e3c-57cc-425b-90ef-9bcaa62a7535: receive RaftClientReply:client-E0FA40453D59->0c156e3c-57cc-425b-90ef-9bcaa62a7535@group-7704A457760D, cid=1921, SUCCESS, logIndex=3299, commits[0c156e3c-57cc-425b-90ef-9bcaa62a7535:c3299]
2019-06-14 13:45:53,376 INFO  client.GrpcClientProtocolClient (GrpcClientProtocolClient.java:onNext(254)) - client-E0FA40453D59->0c156e3c-57cc-425b-90ef-9bcaa62a7535: receive RaftClientReply:client-E0FA40453D59->0c156e3c-57cc-425b-90ef-9bcaa62a7535@group-7704A457760D, cid=1922, SUCCESS, logIndex=3301, commits[0c156e3c-57cc-425b-90ef-9bcaa62a7535:c3301]
2019-06-14 13:45:53,377 INFO  client.GrpcClientProtocolClient (GrpcClientProtocolClient.java:onNext(254)) - client-E0FA40453D59->0c156e3c-57cc-425b-90ef-9bcaa62a7535: receive RaftClientReply:client-E0FA40453D59->0c156e3c-57cc-425b-90ef-9bcaa62a7535@group-7704A457760D, cid=1923, SUCCESS, logIndex=3302, commits[0c156e3c-57cc-425b-90ef-9bcaa62a7535:c3302]
2019-06-14 13:45:53,377 INFO  client.GrpcClientProtocolClient (GrpcClientProtocolClient.java:onNext(254)) - client-E0FA40453D59->0c156e3c-57cc-425b-90ef-9bcaa62a7535: receive RaftClientReply:client-E0FA40453D59->0c156e3c-57cc-425b-90ef-9bcaa62a7535@group-7704A457760D, cid=1924, SUCCESS, logIndex=3304, commits[0c156e3c-57cc-425b-90ef-9bcaa62a7535:c3304]
2019-06-14 13:45:53,378 DEBUG block.SCMBlockDeletingService (SCMBlockDeletingService.java:call(138)) - Running DeletedBlockTransactionScanner
2019-06-14 13:45:53,378 DEBUG block.SCMBlockDeletingService (SCMBlockDeletingService.java:call(155)) - Scanned deleted blocks log and got 0 delTX to process.
2019-06-14 13:45:53,390 INFO  storage.RaftLogWorker (RaftLogWorker.java:rollLogSegment(303)) - 0c156e3c-57cc-425b-90ef-9bcaa62a7535-RaftLogWorker: Rolling segment log-3237_3308 to index:3308
2019-06-14 13:45:53,391 INFO  storage.RaftLogWorker (RaftLogWorker.java:execute(433)) - 0c156e3c-57cc-425b-90ef-9bcaa62a7535-RaftLogWorker: Rolled log segment from /opt/src/hadoop-ozone/integration-test/target/test-dir/MiniOzoneClusterImpl-8919240e-7e15-4dbf-8bf4-c210578586bb/datanode-0/data/ratis/1fc53845-3381-4beb-82f9-7704a457760d/current/log_inprogress_3237 to /opt/src/hadoop-ozone/integration-test/target/test-dir/MiniOzoneClusterImpl-8919240e-7e15-4dbf-8bf4-c210578586bb/datanode-0/data/ratis/1fc53845-3381-4beb-82f9-7704a457760d/current/log_3237-3308
2019-06-14 13:45:53,391 INFO  client.GrpcClientProtocolClient (GrpcClientProtocolClient.java:onNext(254)) - client-E0FA40453D59->0c156e3c-57cc-425b-90ef-9bcaa62a7535: receive RaftClientReply:client-E0FA40453D59->0c156e3c-57cc-425b-90ef-9bcaa62a7535@group-7704A457760D, cid=1925, SUCCESS, logIndex=3307, commits[0c156e3c-57cc-425b-90ef-9bcaa62a7535:c3307]
2019-06-14 13:45:53,437 INFO  storage.RaftLogWorker (RaftLogWorker.java:execute(469)) - 0c156e3c-57cc-425b-90ef-9bcaa62a7535-RaftLogWorker: created new log segment /opt/src/hadoop-ozone/integration-test/target/test-dir/MiniOzoneClusterImpl-8919240e-7e15-4dbf-8bf4-c210578586bb/datanode-0/data/ratis/1fc53845-3381-4beb-82f9-7704a457760d/current/log_inprogress_3309
2019-06-14 13:45:53,439 INFO  client.GrpcClientProtocolClient (GrpcClientProtocolClient.java:onNext(254)) - client-E0FA40453D59->0c156e3c-57cc-425b-90ef-9bcaa62a7535: receive RaftClientReply:client-E0FA40453D59->0c156e3c-57cc-425b-90ef-9bcaa62a7535@group-7704A457760D, cid=1926, SUCCESS, logIndex=3309, commits[0c156e3c-57cc-425b-90ef-9bcaa62a7535:c3311]
2019-06-14 13:45:53,440 INFO  client.GrpcClientProtocolClient (GrpcClientProtocolClient.java:onNext(254)) - client-E0FA40453D59->0c156e3c-57cc-425b-90ef-9bcaa62a7535: receive RaftClientReply:client-E0FA40453D59->0c156e3c-57cc-425b-90ef-9bcaa62a7535@group-7704A457760D, cid=1927, SUCCESS, logIndex=3310, commits[0c156e3c-57cc-425b-90ef-9bcaa62a7535:c3312]
2019-06-14 13:45:53,440 INFO  client.GrpcClientProtocolClient (GrpcClientProtocolClient.java:onNext(254)) - client-E0FA40453D59->0c156e3c-57cc-425b-90ef-9bcaa62a7535: receive RaftClientReply:client-E0FA40453D59->0c156e3c-57cc-425b-90ef-9bcaa62a7535@group-7704A457760D, cid=1928, SUCCESS, logIndex=3311, commits[0c156e3c-57cc-425b-90ef-9bcaa62a7535:c3312]
2019-06-14 13:45:53,458 INFO  client.GrpcClientProtocolClient (GrpcClientProtocolClient.java:onNext(254)) - client-E0FA40453D59->0c156e3c-57cc-425b-90ef-9bcaa62a7535: receive RaftClientReply:client-E0FA40453D59->0c156e3c-57cc-425b-90ef-9bcaa62a7535@group-7704A457760D, cid=1929, SUCCESS, logIndex=3313, commits[0c156e3c-57cc-425b-90ef-9bcaa62a7535:c3313]
2019-06-14 13:45:53,460 INFO  client.GrpcClientProtocolClient (GrpcClientProtocolClient.java:onNext(254)) - client-E0FA40453D59->0c156e3c-57cc-425b-90ef-9bcaa62a7535: receive RaftClientReply:client-E0FA40453D59->0c156e3c-57cc-425b-90ef-9bcaa62a7535@group-7704A457760D, cid=1930, SUCCESS, logIndex=3315, commits[0c156e3c-57cc-425b-90ef-9bcaa62a7535:c3317]
2019-06-14 13:45:53,461 INFO  client.GrpcClientProtocolClient (GrpcClientProtocolClient.java:onNext(254)) - client-E0FA40453D59->0c156e3c-57cc-425b-90ef-9bcaa62a7535: receive RaftClientReply:client-E0FA40453D59->0c156e3c-57cc-425b-90ef-9bcaa62a7535@group-7704A457760D, cid=1931, SUCCESS, logIndex=3316, commits[0c156e3c-57cc-425b-90ef-9bcaa62a7535:c3317]
2019-06-14 13:45:53,466 INFO  client.GrpcClientProtocolClient (GrpcClientProtocolClient.java:onNext(254)) - client-E0FA40453D59->0c156e3c-57cc-425b-90ef-9bcaa62a7535: receive RaftClientReply:client-E0FA40453D59->0c156e3c-57cc-425b-90ef-9bcaa62a7535@group-7704A457760D, cid=1932, SUCCESS, logIndex=3317, commits[0c156e3c-57cc-425b-90ef-9bcaa62a7535:c3318]
2019-06-14 13:45:53,477 INFO  client.GrpcClientProtocolClient (GrpcClientProtocolClient.java:onNext(254)) - client-E0FA40453D59->0c156e3c-57cc-425b-90ef-9bcaa62a7535: receive RaftClientReply:client-E0FA40453D59->0c156e3c-57cc-425b-90ef-9bcaa62a7535@group-7704A457760D, cid=1933, SUCCESS, logIndex=3319, commits[0c156e3c-57cc-425b-90ef-9bcaa62a7535:c3319]
2019-06-14 13:45:53,479 DEBUG block.SCMBlockDeletingService (SCMBlockDeletingService.java:call(138)) - Running DeletedBlockTransactionScanner
2019-06-14 13:45:53,479 DEBUG block.SCMBlockDeletingService (SCMBlockDeletingService.java:call(155)) - Scanned deleted blocks log and got 0 delTX to process.
2019-06-14 13:45:53,482 INFO  client.GrpcClientProtocolClient (GrpcClientProtocolClient.java:onNext(254)) - client-E0FA40453D59->0c156e3c-57cc-425b-90ef-9bcaa62a7535: receive RaftClientReply:client-E0FA40453D59->0c156e3c-57cc-425b-90ef-9bcaa62a7535@group-7704A457760D, cid=1934, SUCCESS, logIndex=3321, commits[0c156e3c-57cc-425b-90ef-9bcaa62a7535:c3322]
2019-06-14 13:45:53,485 INFO  client.GrpcClientProtocolClient (GrpcClientProtocolClient.java:onNext(254)) - client-E0FA40453D59->0c156e3c-57cc-425b-90ef-9bcaa62a7535: receive RaftClientReply:client-E0FA40453D59->0c156e3c-57cc-425b-90ef-9bcaa62a7535@group-7704A457760D, cid=1935, SUCCESS, logIndex=3323, commits[0c156e3c-57cc-425b-90ef-9bcaa62a7535:c3324]
2019-06-14 13:45:53,486 INFO  client.GrpcClientProtocolClient (GrpcClientProtocolClient.java:onNext(254)) - client-E0FA40453D59->0c156e3c-57cc-425b-90ef-9bcaa62a7535: receive RaftClientReply:client-E0FA40453D59->0c156e3c-57cc-425b-90ef-9bcaa62a7535@group-7704A457760D, cid=1936, SUCCESS, logIndex=3324, commits[0c156e3c-57cc-425b-90ef-9bcaa62a7535:c3324]
2019-06-14 13:45:53,502 INFO  client.GrpcClientProtocolClient (GrpcClientProtocolClient.java:onNext(254)) - client-E0FA40453D59->0c156e3c-57cc-425b-90ef-9bcaa62a7535: receive RaftClientReply:client-E0FA40453D59->0c156e3c-57cc-425b-90ef-9bcaa62a7535@group-7704A457760D, cid=1937, SUCCESS, logIndex=3326, commits[0c156e3c-57cc-425b-90ef-9bcaa62a7535:c3326]
2019-06-14 13:45:53,506 INFO  client.GrpcClientProtocolClient (GrpcClientProtocolClient.java:onNext(254)) - client-E0FA40453D59->0c156e3c-57cc-425b-90ef-9bcaa62a7535: receive RaftClientReply:client-E0FA40453D59->0c156e3c-57cc-425b-90ef-9bcaa62a7535@group-7704A457760D, cid=1938, SUCCESS, logIndex=3328, commits[0c156e3c-57cc-425b-90ef-9bcaa62a7535:c3328]
2019-06-14 13:45:53,507 INFO  client.GrpcClientProtocolClient (GrpcClientProtocolClient.java:onNext(254)) - client-E0FA40453D59->0c156e3c-57cc-425b-90ef-9bcaa62a7535: receive RaftClientReply:client-E0FA40453D59->0c156e3c-57cc-425b-90ef-9bcaa62a7535@group-7704A457760D, cid=1939, SUCCESS, logIndex=3329, commits[0c156e3c-57cc-425b-90ef-9bcaa62a7535:c3331]
2019-06-14 13:45:53,507 INFO  client.GrpcClientProtocolClient (GrpcClientProtocolClient.java:onNext(254)) - client-E0FA40453D59->0c156e3c-57cc-425b-90ef-9bcaa62a7535: receive RaftClientReply:client-E0FA40453D59->0c156e3c-57cc-425b-90ef-9bcaa62a7535@group-7704A457760D, cid=1940, SUCCESS, logIndex=3331, commits[0c156e3c-57cc-425b-90ef-9bcaa62a7535:c3331]
2019-06-14 13:45:53,513 INFO  client.GrpcClientProtocolClient (GrpcClientProtocolClient.java:onNext(254)) - client-E0FA40453D59->0c156e3c-57cc-425b-90ef-9bcaa62a7535: receive RaftClientReply:client-E0FA40453D59->0c156e3c-57cc-425b-90ef-9bcaa62a7535@group-7704A457760D, cid=1941, SUCCESS, logIndex=3333, commits[0c156e3c-57cc-425b-90ef-9bcaa62a7535:c3333]
2019-06-14 13:45:53,516 INFO  client.GrpcClientProtocolClient (GrpcClientProtocolClient.java:onNext(254)) - client-E0FA40453D59->0c156e3c-57cc-425b-90ef-9bcaa62a7535: receive RaftClientReply:client-E0FA40453D59->0c156e3c-57cc-425b-90ef-9bcaa62a7535@group-7704A457760D, cid=1942, SUCCESS, logIndex=3335, commits[0c156e3c-57cc-425b-90ef-9bcaa62a7535:c3335]
2019-06-14 13:45:53,516 INFO  client.GrpcClientProtocolClient (GrpcClientProtocolClient.java:onNext(254)) - client-E0FA40453D59->0c156e3c-57cc-425b-90ef-9bcaa62a7535: receive RaftClientReply:client-E0FA40453D59->0c156e3c-57cc-425b-90ef-9bcaa62a7535@group-7704A457760D, cid=1943, SUCCESS, logIndex=3336, commits[0c156e3c-57cc-425b-90ef-9bcaa62a7535:c3338]
2019-06-14 13:45:53,517 INFO  client.GrpcClientProtocolClient (GrpcClientProtocolClient.java:onNext(254)) - client-E0FA40453D59->0c156e3c-57cc-425b-90ef-9bcaa62a7535: receive RaftClientReply:client-E0FA40453D59->0c156e3c-57cc-425b-90ef-9bcaa62a7535@group-7704A457760D, cid=1944, SUCCESS, logIndex=3337, commits[0c156e3c-57cc-425b-90ef-9bcaa62a7535:c3338]
2019-06-14 13:45:53,770 DEBUG block.SCMBlockDeletingService (SCMBlockDeletingService.java:call(138)) - Running DeletedBlockTransactionScanner
2019-06-14 13:45:53,770 DEBUG block.SCMBlockDeletingService (SCMBlockDeletingService.java:call(155)) - Scanned deleted blocks log and got 0 delTX to process.
2019-06-14 13:45:53,873 DEBUG block.SCMBlockDeletingService (SCMBlockDeletingService.java:call(138)) - Running DeletedBlockTransactionScanner
2019-06-14 13:45:53,873 DEBUG block.SCMBlockDeletingService (SCMBlockDeletingService.java:call(155)) - Scanned deleted blocks log and got 0 delTX to process.
2019-06-14 13:45:53,887 INFO  client.GrpcClientProtocolClient (GrpcClientProtocolClient.java:onNext(254)) - client-E0FA40453D59->0c156e3c-57cc-425b-90ef-9bcaa62a7535: receive RaftClientReply:client-E0FA40453D59->0c156e3c-57cc-425b-90ef-9bcaa62a7535@group-7704A457760D, cid=1945, SUCCESS, logIndex=3339, commits[0c156e3c-57cc-425b-90ef-9bcaa62a7535:c3339]
2019-06-14 13:45:53,890 INFO  client.GrpcClientProtocolClient (GrpcClientProtocolClient.java:onNext(254)) - client-E0FA40453D59->0c156e3c-57cc-425b-90ef-9bcaa62a7535: receive RaftClientReply:client-E0FA40453D59->0c156e3c-57cc-425b-90ef-9bcaa62a7535@group-7704A457760D, cid=1946, SUCCESS, logIndex=3341, commits[0c156e3c-57cc-425b-90ef-9bcaa62a7535:c3343]
2019-06-14 13:45:53,890 INFO  client.GrpcClientProtocolClient (GrpcClientProtocolClient.java:onNext(254)) - client-E0FA40453D59->0c156e3c-57cc-425b-90ef-9bcaa62a7535: receive RaftClientReply:client-E0FA40453D59->0c156e3c-57cc-425b-90ef-9bcaa62a7535@group-7704A457760D, cid=1947, SUCCESS, logIndex=3342, commits[0c156e3c-57cc-425b-90ef-9bcaa62a7535:c3343]
2019-06-14 13:45:53,891 INFO  client.GrpcClientProtocolClient (GrpcClientProtocolClient.java:onNext(254)) - client-E0FA40453D59->0c156e3c-57cc-425b-90ef-9bcaa62a7535: receive RaftClientReply:client-E0FA40453D59->0c156e3c-57cc-425b-90ef-9bcaa62a7535@group-7704A457760D, cid=1948, SUCCESS, logIndex=3343, commits[0c156e3c-57cc-425b-90ef-9bcaa62a7535:c3344]
2019-06-14 13:45:53,902 INFO  client.GrpcClientProtocolClient (GrpcClientProtocolClient.java:onNext(254)) - client-E0FA40453D59->0c156e3c-57cc-425b-90ef-9bcaa62a7535: receive RaftClientReply:client-E0FA40453D59->0c156e3c-57cc-425b-90ef-9bcaa62a7535@group-7704A457760D, cid=1949, SUCCESS, logIndex=3345, commits[0c156e3c-57cc-425b-90ef-9bcaa62a7535:c3345]
2019-06-14 13:45:53,905 INFO  client.GrpcClientProtocolClient (GrpcClientProtocolClient.java:onNext(254)) - client-E0FA40453D59->0c156e3c-57cc-425b-90ef-9bcaa62a7535: receive RaftClientReply:client-E0FA40453D59->0c156e3c-57cc-425b-90ef-9bcaa62a7535@group-7704A457760D, cid=1950, SUCCESS, logIndex=3347, commits[0c156e3c-57cc-425b-90ef-9bcaa62a7535:c3347]
2019-06-14 13:45:53,907 INFO  client.GrpcClientProtocolClient (GrpcClientProtocolClient.java:onNext(254)) - client-E0FA40453D59->0c156e3c-57cc-425b-90ef-9bcaa62a7535: receive RaftClientReply:client-E0FA40453D59->0c156e3c-57cc-425b-90ef-9bcaa62a7535@group-7704A457760D, cid=1951, SUCCESS, logIndex=3348, commits[0c156e3c-57cc-425b-90ef-9bcaa62a7535:c3350]
2019-06-14 13:45:53,910 INFO  client.GrpcClientProtocolClient (GrpcClientProtocolClient.java:onNext(254)) - client-E0FA40453D59->0c156e3c-57cc-425b-90ef-9bcaa62a7535: receive RaftClientReply:client-E0FA40453D59->0c156e3c-57cc-425b-90ef-9bcaa62a7535@group-7704A457760D, cid=1952, SUCCESS, logIndex=3349, commits[0c156e3c-57cc-425b-90ef-9bcaa62a7535:c3350]
2019-06-14 13:45:53,923 INFO  client.GrpcClientProtocolClient (GrpcClientProtocolClient.java:onNext(254)) - client-E0FA40453D59->0c156e3c-57cc-425b-90ef-9bcaa62a7535: receive RaftClientReply:client-E0FA40453D59->0c156e3c-57cc-425b-90ef-9bcaa62a7535@group-7704A457760D, cid=1953, SUCCESS, logIndex=3351, commits[0c156e3c-57cc-425b-90ef-9bcaa62a7535:c3351]
2019-06-14 13:45:53,927 INFO  client.GrpcClientProtocolClient (GrpcClientProtocolClient.java:onNext(254)) - client-E0FA40453D59->0c156e3c-57cc-425b-90ef-9bcaa62a7535: receive RaftClientReply:client-E0FA40453D59->0c156e3c-57cc-425b-90ef-9bcaa62a7535@group-7704A457760D, cid=1954, SUCCESS, logIndex=3353, commits[0c156e3c-57cc-425b-90ef-9bcaa62a7535:c3355]
2019-06-14 13:45:53,928 INFO  client.GrpcClientProtocolClient (GrpcClientProtocolClient.java:onNext(254)) - client-E0FA40453D59->0c156e3c-57cc-425b-90ef-9bcaa62a7535: receive RaftClientReply:client-E0FA40453D59->0c156e3c-57cc-425b-90ef-9bcaa62a7535@group-7704A457760D, cid=1955, SUCCESS, logIndex=3354, commits[0c156e3c-57cc-425b-90ef-9bcaa62a7535:c3355]
2019-06-14 13:45:53,928 INFO  client.GrpcClientProtocolClient (GrpcClientProtocolClient.java:onNext(254)) - client-E0FA40453D59->0c156e3c-57cc-425b-90ef-9bcaa62a7535: receive RaftClientReply:client-E0FA40453D59->0c156e3c-57cc-425b-90ef-9bcaa62a7535@group-7704A457760D, cid=1956, SUCCESS, logIndex=3355, commits[0c156e3c-57cc-425b-90ef-9bcaa62a7535:c3355]
2019-06-14 13:45:53,937 INFO  client.GrpcClientProtocolClient (GrpcClientProtocolClient.java:onNext(254)) - client-E0FA40453D59->0c156e3c-57cc-425b-90ef-9bcaa62a7535: receive RaftClientReply:client-E0FA40453D59->0c156e3c-57cc-425b-90ef-9bcaa62a7535@group-7704A457760D, cid=1957, SUCCESS, logIndex=3357, commits[0c156e3c-57cc-425b-90ef-9bcaa62a7535:c3357]
2019-06-14 13:45:53,938 INFO  client.GrpcClientProtocolClient (GrpcClientProtocolClient.java:onNext(254)) - client-E0FA40453D59->0c156e3c-57cc-425b-90ef-9bcaa62a7535: receive RaftClientReply:client-E0FA40453D59->0c156e3c-57cc-425b-90ef-9bcaa62a7535@group-7704A457760D, cid=1958, SUCCESS, logIndex=3359, commits[0c156e3c-57cc-425b-90ef-9bcaa62a7535:c3359]
2019-06-14 13:45:53,938 INFO  client.GrpcClientProtocolClient (GrpcClientProtocolClient.java:onNext(254)) - client-E0FA40453D59->0c156e3c-57cc-425b-90ef-9bcaa62a7535: receive RaftClientReply:client-E0FA40453D59->0c156e3c-57cc-425b-90ef-9bcaa62a7535@group-7704A457760D, cid=1959, SUCCESS, logIndex=3360, commits[0c156e3c-57cc-425b-90ef-9bcaa62a7535:c3362]
2019-06-14 13:45:53,939 INFO  client.GrpcClientProtocolClient (GrpcClientProtocolClient.java:onNext(254)) - client-E0FA40453D59->0c156e3c-57cc-425b-90ef-9bcaa62a7535: receive RaftClientReply:client-E0FA40453D59->0c156e3c-57cc-425b-90ef-9bcaa62a7535@group-7704A457760D, cid=1960, SUCCESS, logIndex=3361, commits[0c156e3c-57cc-425b-90ef-9bcaa62a7535:c3362]
2019-06-14 13:45:53,955 INFO  client.GrpcClientProtocolClient (GrpcClientProtocolClient.java:onNext(254)) - client-E0FA40453D59->0c156e3c-57cc-425b-90ef-9bcaa62a7535: receive RaftClientReply:client-E0FA40453D59->0c156e3c-57cc-425b-90ef-9bcaa62a7535@group-7704A457760D, cid=1961, SUCCESS, logIndex=3363, commits[0c156e3c-57cc-425b-90ef-9bcaa62a7535:c3363]
2019-06-14 13:45:53,957 INFO  client.GrpcClientProtocolClient (GrpcClientProtocolClient.java:onNext(254)) - client-E0FA40453D59->0c156e3c-57cc-425b-90ef-9bcaa62a7535: receive RaftClientReply:client-E0FA40453D59->0c156e3c-57cc-425b-90ef-9bcaa62a7535@group-7704A457760D, cid=1962, SUCCESS, logIndex=3365, commits[0c156e3c-57cc-425b-90ef-9bcaa62a7535:c3365]
2019-06-14 13:45:53,960 INFO  client.GrpcClientProtocolClient (GrpcClientProtocolClient.java:onNext(254)) - client-E0FA40453D59->0c156e3c-57cc-425b-90ef-9bcaa62a7535: receive RaftClientReply:client-E0FA40453D59->0c156e3c-57cc-425b-90ef-9bcaa62a7535@group-7704A457760D, cid=1963, SUCCESS, logIndex=3367, commits[0c156e3c-57cc-425b-90ef-9bcaa62a7535:c3368]
2019-06-14 13:45:53,960 INFO  client.GrpcClientProtocolClient (GrpcClientProtocolClient.java:onNext(254)) - client-E0FA40453D59->0c156e3c-57cc-425b-90ef-9bcaa62a7535: receive RaftClientReply:client-E0FA40453D59->0c156e3c-57cc-425b-90ef-9bcaa62a7535@group-7704A457760D, cid=1964, SUCCESS, logIndex=3368, commits[0c156e3c-57cc-425b-90ef-9bcaa62a7535:c3368]
2019-06-14 13:45:53,972 INFO  client.GrpcClientProtocolClient (GrpcClientProtocolClient.java:onNext(254)) - client-E0FA40453D59->0c156e3c-57cc-425b-90ef-9bcaa62a7535: receive RaftClientReply:client-E0FA40453D59->0c156e3c-57cc-425b-90ef-9bcaa62a7535@group-7704A457760D, cid=1965, SUCCESS, logIndex=3370, commits[0c156e3c-57cc-425b-90ef-9bcaa62a7535:c3370]
2019-06-14 13:45:53,974 DEBUG block.SCMBlockDeletingService (SCMBlockDeletingService.java:call(138)) - Running DeletedBlockTransactionScanner
2019-06-14 13:45:53,974 DEBUG block.SCMBlockDeletingService (SCMBlockDeletingService.java:call(155)) - Scanned deleted blocks log and got 0 delTX to process.
2019-06-14 13:45:53,977 INFO  client.GrpcClientProtocolClient (GrpcClientProtocolClient.java:onNext(254)) - client-E0FA40453D59->0c156e3c-57cc-425b-90ef-9bcaa62a7535: receive RaftClientReply:client-E0FA40453D59->0c156e3c-57cc-425b-90ef-9bcaa62a7535@group-7704A457760D, cid=1966, SUCCESS, logIndex=3372, commits[0c156e3c-57cc-425b-90ef-9bcaa62a7535:c3372]
2019-06-14 13:45:53,984 INFO  client.GrpcClientProtocolClient (GrpcClientProtocolClient.java:onNext(254)) - client-E0FA40453D59->0c156e3c-57cc-425b-90ef-9bcaa62a7535: receive RaftClientReply:client-E0FA40453D59->0c156e3c-57cc-425b-90ef-9bcaa62a7535@group-7704A457760D, cid=1967, SUCCESS, logIndex=3373, commits[0c156e3c-57cc-425b-90ef-9bcaa62a7535:c3374]
2019-06-14 13:45:53,985 INFO  client.GrpcClientProtocolClient (GrpcClientProtocolClient.java:onNext(254)) - client-E0FA40453D59->0c156e3c-57cc-425b-90ef-9bcaa62a7535: receive RaftClientReply:client-E0FA40453D59->0c156e3c-57cc-425b-90ef-9bcaa62a7535@group-7704A457760D, cid=1968, SUCCESS, logIndex=3375, commits[0c156e3c-57cc-425b-90ef-9bcaa62a7535:c3375]
2019-06-14 13:45:53,997 INFO  storage.RaftLogWorker (RaftLogWorker.java:rollLogSegment(303)) - 0c156e3c-57cc-425b-90ef-9bcaa62a7535-RaftLogWorker: Rolling segment log-3309_3376 to index:3376
2019-06-14 13:45:53,997 INFO  storage.RaftLogWorker (RaftLogWorker.java:execute(433)) - 0c156e3c-57cc-425b-90ef-9bcaa62a7535-RaftLogWorker: Rolled log segment from /opt/src/hadoop-ozone/integration-test/target/test-dir/MiniOzoneClusterImpl-8919240e-7e15-4dbf-8bf4-c210578586bb/datanode-0/data/ratis/1fc53845-3381-4beb-82f9-7704a457760d/current/log_inprogress_3309 to /opt/src/hadoop-ozone/integration-test/target/test-dir/MiniOzoneClusterImpl-8919240e-7e15-4dbf-8bf4-c210578586bb/datanode-0/data/ratis/1fc53845-3381-4beb-82f9-7704a457760d/current/log_3309-3376
2019-06-14 13:45:54,040 INFO  storage.RaftLogWorker (RaftLogWorker.java:execute(469)) - 0c156e3c-57cc-425b-90ef-9bcaa62a7535-RaftLogWorker: created new log segment /opt/src/hadoop-ozone/integration-test/target/test-dir/MiniOzoneClusterImpl-8919240e-7e15-4dbf-8bf4-c210578586bb/datanode-0/data/ratis/1fc53845-3381-4beb-82f9-7704a457760d/current/log_inprogress_3377
2019-06-14 13:45:54,045 INFO  client.GrpcClientProtocolClient (GrpcClientProtocolClient.java:onNext(254)) - client-E0FA40453D59->0c156e3c-57cc-425b-90ef-9bcaa62a7535: receive RaftClientReply:client-E0FA40453D59->0c156e3c-57cc-425b-90ef-9bcaa62a7535@group-7704A457760D, cid=1969, SUCCESS, logIndex=3377, commits[0c156e3c-57cc-425b-90ef-9bcaa62a7535:c3377]
2019-06-14 13:45:54,046 INFO  client.GrpcClientProtocolClient (GrpcClientProtocolClient.java:onNext(254)) - client-E0FA40453D59->0c156e3c-57cc-425b-90ef-9bcaa62a7535: receive RaftClientReply:client-E0FA40453D59->0c156e3c-57cc-425b-90ef-9bcaa62a7535@group-7704A457760D, cid=1970, SUCCESS, logIndex=3379, commits[0c156e3c-57cc-425b-90ef-9bcaa62a7535:c3380]
2019-06-14 13:45:54,047 INFO  client.GrpcClientProtocolClient (GrpcClientProtocolClient.java:onNext(254)) - client-E0FA40453D59->0c156e3c-57cc-425b-90ef-9bcaa62a7535: receive RaftClientReply:client-E0FA40453D59->0c156e3c-57cc-425b-90ef-9bcaa62a7535@group-7704A457760D, cid=1971, SUCCESS, logIndex=3380, commits[0c156e3c-57cc-425b-90ef-9bcaa62a7535:c3380]
2019-06-14 13:45:54,047 INFO  client.GrpcClientProtocolClient (GrpcClientProtocolClient.java:onNext(254)) - client-E0FA40453D59->0c156e3c-57cc-425b-90ef-9bcaa62a7535: receive RaftClientReply:client-E0FA40453D59->0c156e3c-57cc-425b-90ef-9bcaa62a7535@group-7704A457760D, cid=1972, SUCCESS, logIndex=3382, commits[0c156e3c-57cc-425b-90ef-9bcaa62a7535:c3382]
2019-06-14 13:45:54,054 INFO  client.GrpcClientProtocolClient (GrpcClientProtocolClient.java:onNext(254)) - client-E0FA40453D59->0c156e3c-57cc-425b-90ef-9bcaa62a7535: receive RaftClientReply:client-E0FA40453D59->0c156e3c-57cc-425b-90ef-9bcaa62a7535@group-7704A457760D, cid=1973, SUCCESS, logIndex=3385, commits[0c156e3c-57cc-425b-90ef-9bcaa62a7535:c3385]
2019-06-14 13:45:54,059 INFO  client.GrpcClientProtocolClient (GrpcClientProtocolClient.java:onNext(254)) - client-E0FA40453D59->0c156e3c-57cc-425b-90ef-9bcaa62a7535: receive RaftClientReply:client-E0FA40453D59->0c156e3c-57cc-425b-90ef-9bcaa62a7535@group-7704A457760D, cid=1974, SUCCESS, logIndex=3387, commits[0c156e3c-57cc-425b-90ef-9bcaa62a7535:c3388]
2019-06-14 13:45:54,062 INFO  client.GrpcClientProtocolClient (GrpcClientProtocolClient.java:onNext(254)) - client-E0FA40453D59->0c156e3c-57cc-425b-90ef-9bcaa62a7535: receive RaftClientReply:client-E0FA40453D59->0c156e3c-57cc-425b-90ef-9bcaa62a7535@group-7704A457760D, cid=1975, SUCCESS, logIndex=3389, commits[0c156e3c-57cc-425b-90ef-9bcaa62a7535:c3390]
2019-06-14 13:45:54,063 INFO  client.GrpcClientProtocolClient (GrpcClientProtocolClient.java:onNext(254)) - client-E0FA40453D59->0c156e3c-57cc-425b-90ef-9bcaa62a7535: receive RaftClientReply:client-E0FA40453D59->0c156e3c-57cc-425b-90ef-9bcaa62a7535@group-7704A457760D, cid=1976, SUCCESS, logIndex=3390, commits[0c156e3c-57cc-425b-90ef-9bcaa62a7535:c3390]
2019-06-14 13:45:54,078 DEBUG block.SCMBlockDeletingService (SCMBlockDeletingService.java:call(138)) - Running DeletedBlockTransactionScanner
2019-06-14 13:45:54,078 DEBUG block.SCMBlockDeletingService (SCMBlockDeletingService.java:call(155)) - Scanned deleted blocks log and got 0 delTX to process.
2019-06-14 13:45:54,082 INFO  client.GrpcClientProtocolClient (GrpcClientProtocolClient.java:onNext(254)) - client-E0FA40453D59->0c156e3c-57cc-425b-90ef-9bcaa62a7535: receive RaftClientReply:client-E0FA40453D59->0c156e3c-57cc-425b-90ef-9bcaa62a7535@group-7704A457760D, cid=1977, SUCCESS, logIndex=3392, commits[0c156e3c-57cc-425b-90ef-9bcaa62a7535:c3393]
2019-06-14 13:45:54,086 INFO  client.GrpcClientProtocolClient (GrpcClientProtocolClient.java:onNext(254)) - client-E0FA40453D59->0c156e3c-57cc-425b-90ef-9bcaa62a7535: receive RaftClientReply:client-E0FA40453D59->0c156e3c-57cc-425b-90ef-9bcaa62a7535@group-7704A457760D, cid=1978, SUCCESS, logIndex=3394, commits[0c156e3c-57cc-425b-90ef-9bcaa62a7535:c3394]
2019-06-14 13:45:54,087 INFO  client.GrpcClientProtocolClient (GrpcClientProtocolClient.java:onNext(254)) - client-E0FA40453D59->0c156e3c-57cc-425b-90ef-9bcaa62a7535: receive RaftClientReply:client-E0FA40453D59->0c156e3c-57cc-425b-90ef-9bcaa62a7535@group-7704A457760D, cid=1979, SUCCESS, logIndex=3395, commits[0c156e3c-57cc-425b-90ef-9bcaa62a7535:c3396]
2019-06-14 13:45:54,087 INFO  client.GrpcClientProtocolClient (GrpcClientProtocolClient.java:onNext(254)) - client-E0FA40453D59->0c156e3c-57cc-425b-90ef-9bcaa62a7535: receive RaftClientReply:client-E0FA40453D59->0c156e3c-57cc-425b-90ef-9bcaa62a7535@group-7704A457760D, cid=1980, SUCCESS, logIndex=3397, commits[0c156e3c-57cc-425b-90ef-9bcaa62a7535:c3397]
2019-06-14 13:45:54,101 INFO  client.GrpcClientProtocolClient (GrpcClientProtocolClient.java:onNext(254)) - client-E0FA40453D59->0c156e3c-57cc-425b-90ef-9bcaa62a7535: receive RaftClientReply:client-E0FA40453D59->0c156e3c-57cc-425b-90ef-9bcaa62a7535@group-7704A457760D, cid=1981, SUCCESS, logIndex=3399, commits[0c156e3c-57cc-425b-90ef-9bcaa62a7535:c3400]
2019-06-14 13:45:54,102 INFO  client.GrpcClientProtocolClient (GrpcClientProtocolClient.java:onNext(254)) - client-E0FA40453D59->0c156e3c-57cc-425b-90ef-9bcaa62a7535: receive RaftClientReply:client-E0FA40453D59->0c156e3c-57cc-425b-90ef-9bcaa62a7535@group-7704A457760D, cid=1982, SUCCESS, logIndex=3401, commits[0c156e3c-57cc-425b-90ef-9bcaa62a7535:c3401]
2019-06-14 13:45:54,104 INFO  client.GrpcClientProtocolClient (GrpcClientProtocolClient.java:onNext(254)) - client-E0FA40453D59->0c156e3c-57cc-425b-90ef-9bcaa62a7535: receive RaftClientReply:client-E0FA40453D59->0c156e3c-57cc-425b-90ef-9bcaa62a7535@group-7704A457760D, cid=1983, SUCCESS, logIndex=3402, commits[0c156e3c-57cc-425b-90ef-9bcaa62a7535:c3404]
2019-06-14 13:45:54,104 INFO  client.GrpcClientProtocolClient (GrpcClientProtocolClient.java:onNext(254)) - client-E0FA40453D59->0c156e3c-57cc-425b-90ef-9bcaa62a7535: receive RaftClientReply:client-E0FA40453D59->0c156e3c-57cc-425b-90ef-9bcaa62a7535@group-7704A457760D, cid=1984, SUCCESS, logIndex=3403, commits[0c156e3c-57cc-425b-90ef-9bcaa62a7535:c3404]
2019-06-14 13:45:54,152 INFO  client.GrpcClientProtocolClient (GrpcClientProtocolClient.java:onNext(254)) - client-E0FA40453D59->0c156e3c-57cc-425b-90ef-9bcaa62a7535: receive RaftClientReply:client-E0FA40453D59->0c156e3c-57cc-425b-90ef-9bcaa62a7535@group-7704A457760D, cid=1985, SUCCESS, logIndex=3405, commits[0c156e3c-57cc-425b-90ef-9bcaa62a7535:c3405]
2019-06-14 13:45:54,158 INFO  client.GrpcClientProtocolClient (GrpcClientProtocolClient.java:onNext(254)) - client-E0FA40453D59->0c156e3c-57cc-425b-90ef-9bcaa62a7535: receive RaftClientReply:client-E0FA40453D59->0c156e3c-57cc-425b-90ef-9bcaa62a7535@group-7704A457760D, cid=1986, SUCCESS, logIndex=3407, commits[0c156e3c-57cc-425b-90ef-9bcaa62a7535:c3407]
2019-06-14 13:45:54,158 INFO  client.GrpcClientProtocolClient (GrpcClientProtocolClient.java:onNext(254)) - client-E0FA40453D59->0c156e3c-57cc-425b-90ef-9bcaa62a7535: receive RaftClientReply:client-E0FA40453D59->0c156e3c-57cc-425b-90ef-9bcaa62a7535@group-7704A457760D, cid=1987, SUCCESS, logIndex=3408, commits[0c156e3c-57cc-425b-90ef-9bcaa62a7535:c3409]
2019-06-14 13:45:54,159 INFO  client.GrpcClientProtocolClient (GrpcClientProtocolClient.java:onNext(254)) - client-E0FA40453D59->0c156e3c-57cc-425b-90ef-9bcaa62a7535: receive RaftClientReply:client-E0FA40453D59->0c156e3c-57cc-425b-90ef-9bcaa62a7535@group-7704A457760D, cid=1988, SUCCESS, logIndex=3410, commits[0c156e3c-57cc-425b-90ef-9bcaa62a7535:c3410]
2019-06-14 13:45:54,178 DEBUG block.SCMBlockDeletingService (SCMBlockDeletingService.java:call(138)) - Running DeletedBlockTransactionScanner
2019-06-14 13:45:54,178 DEBUG block.SCMBlockDeletingService (SCMBlockDeletingService.java:call(155)) - Scanned deleted blocks log and got 0 delTX to process.
2019-06-14 13:45:54,256 INFO  client.GrpcClientProtocolClient (GrpcClientProtocolClient.java:onNext(254)) - client-E0FA40453D59->0c156e3c-57cc-425b-90ef-9bcaa62a7535: receive RaftClientReply:client-E0FA40453D59->0c156e3c-57cc-425b-90ef-9bcaa62a7535@group-7704A457760D, cid=1989, SUCCESS, logIndex=3412, commits[0c156e3c-57cc-425b-90ef-9bcaa62a7535:c3412]
2019-06-14 13:45:54,259 INFO  client.GrpcClientProtocolClient (GrpcClientProtocolClient.java:onNext(254)) - client-E0FA40453D59->0c156e3c-57cc-425b-90ef-9bcaa62a7535: receive RaftClientReply:client-E0FA40453D59->0c156e3c-57cc-425b-90ef-9bcaa62a7535@group-7704A457760D, cid=1990, SUCCESS, logIndex=3414, commits[0c156e3c-57cc-425b-90ef-9bcaa62a7535:c3414]
2019-06-14 13:45:54,260 INFO  client.GrpcClientProtocolClient (GrpcClientProtocolClient.java:onNext(254)) - client-E0FA40453D59->0c156e3c-57cc-425b-90ef-9bcaa62a7535: receive RaftClientReply:client-E0FA40453D59->0c156e3c-57cc-425b-90ef-9bcaa62a7535@group-7704A457760D, cid=1991, SUCCESS, logIndex=3415, commits[0c156e3c-57cc-425b-90ef-9bcaa62a7535:c3416]
2019-06-14 13:45:54,261 INFO  client.GrpcClientProtocolClient (GrpcClientProtocolClient.java:onNext(254)) - client-E0FA40453D59->0c156e3c-57cc-425b-90ef-9bcaa62a7535: receive RaftClientReply:client-E0FA40453D59->0c156e3c-57cc-425b-90ef-9bcaa62a7535@group-7704A457760D, cid=1992, SUCCESS, logIndex=3417, commits[0c156e3c-57cc-425b-90ef-9bcaa62a7535:c3417]
2019-06-14 13:45:54,280 DEBUG block.SCMBlockDeletingService (SCMBlockDeletingService.java:call(138)) - Running DeletedBlockTransactionScanner
2019-06-14 13:45:54,280 DEBUG block.SCMBlockDeletingService (SCMBlockDeletingService.java:call(155)) - Scanned deleted blocks log and got 0 delTX to process.
2019-06-14 13:45:54,282 INFO  client.GrpcClientProtocolClient (GrpcClientProtocolClient.java:onNext(254)) - client-E0FA40453D59->0c156e3c-57cc-425b-90ef-9bcaa62a7535: receive RaftClientReply:client-E0FA40453D59->0c156e3c-57cc-425b-90ef-9bcaa62a7535@group-7704A457760D, cid=1993, SUCCESS, logIndex=3419, commits[0c156e3c-57cc-425b-90ef-9bcaa62a7535:c3420]
2019-06-14 13:45:54,284 INFO  client.GrpcClientProtocolClient (GrpcClientProtocolClient.java:onNext(254)) - client-E0FA40453D59->0c156e3c-57cc-425b-90ef-9bcaa62a7535: receive RaftClientReply:client-E0FA40453D59->0c156e3c-57cc-425b-90ef-9bcaa62a7535@group-7704A457760D, cid=1994, SUCCESS, logIndex=3421, commits[0c156e3c-57cc-425b-90ef-9bcaa62a7535:c3421]
2019-06-14 13:45:54,286 INFO  client.GrpcClientProtocolClient (GrpcClientProtocolClient.java:onNext(254)) - client-E0FA40453D59->0c156e3c-57cc-425b-90ef-9bcaa62a7535: receive RaftClientReply:client-E0FA40453D59->0c156e3c-57cc-425b-90ef-9bcaa62a7535@group-7704A457760D, cid=1995, SUCCESS, logIndex=3422, commits[0c156e3c-57cc-425b-90ef-9bcaa62a7535:c3422]
2019-06-14 13:45:54,288 INFO  client.GrpcClientProtocolClient (GrpcClientProtocolClient.java:onNext(254)) - client-E0FA40453D59->0c156e3c-57cc-425b-90ef-9bcaa62a7535: receive RaftClientReply:client-E0FA40453D59->0c156e3c-57cc-425b-90ef-9bcaa62a7535@group-7704A457760D, cid=1996, SUCCESS, logIndex=3425, commits[0c156e3c-57cc-425b-90ef-9bcaa62a7535:c3425]
2019-06-14 13:45:54,299 INFO  client.GrpcClientProtocolClient (GrpcClientProtocolClient.java:onNext(254)) - client-E0FA40453D59->0c156e3c-57cc-425b-90ef-9bcaa62a7535: receive RaftClientReply:client-E0FA40453D59->0c156e3c-57cc-425b-90ef-9bcaa62a7535@group-7704A457760D, cid=1997, SUCCESS, logIndex=3427, commits[0c156e3c-57cc-425b-90ef-9bcaa62a7535:c3427]
2019-06-14 13:45:54,301 INFO  client.GrpcClientProtocolClient (GrpcClientProtocolClient.java:onNext(254)) - client-E0FA40453D59->0c156e3c-57cc-425b-90ef-9bcaa62a7535: receive RaftClientReply:client-E0FA40453D59->0c156e3c-57cc-425b-90ef-9bcaa62a7535@group-7704A457760D, cid=1998, SUCCESS, logIndex=3429, commits[0c156e3c-57cc-425b-90ef-9bcaa62a7535:c3429]
2019-06-14 13:45:54,302 INFO  client.GrpcClientProtocolClient (GrpcClientProtocolClient.java:onNext(254)) - client-E0FA40453D59->0c156e3c-57cc-425b-90ef-9bcaa62a7535: receive RaftClientReply:client-E0FA40453D59->0c156e3c-57cc-425b-90ef-9bcaa62a7535@group-7704A457760D, cid=1999, SUCCESS, logIndex=3430, commits[0c156e3c-57cc-425b-90ef-9bcaa62a7535:c3432]
2019-06-14 13:45:54,307 INFO  client.GrpcClientProtocolClient (GrpcClientProtocolClient.java:onNext(254)) - client-E0FA40453D59->0c156e3c-57cc-425b-90ef-9bcaa62a7535: receive RaftClientReply:client-E0FA40453D59->0c156e3c-57cc-425b-90ef-9bcaa62a7535@group-7704A457760D, cid=2000, SUCCESS, logIndex=3431, commits[0c156e3c-57cc-425b-90ef-9bcaa62a7535:c3432]
2019-06-14 13:45:54,364 INFO  client.GrpcClientProtocolClient (GrpcClientProtocolClient.java:onNext(254)) - client-E0FA40453D59->0c156e3c-57cc-425b-90ef-9bcaa62a7535: receive RaftClientReply:client-E0FA40453D59->0c156e3c-57cc-425b-90ef-9bcaa62a7535@group-7704A457760D, cid=2001, SUCCESS, logIndex=3434, commits[0c156e3c-57cc-425b-90ef-9bcaa62a7535:c3434]
2019-06-14 13:45:54,368 INFO  client.GrpcClientProtocolClient (GrpcClientProtocolClient.java:onNext(254)) - client-E0FA40453D59->0c156e3c-57cc-425b-90ef-9bcaa62a7535: receive RaftClientReply:client-E0FA40453D59->0c156e3c-57cc-425b-90ef-9bcaa62a7535@group-7704A457760D, cid=2002, SUCCESS, logIndex=3436, commits[0c156e3c-57cc-425b-90ef-9bcaa62a7535:c3436]
2019-06-14 13:45:54,370 INFO  client.GrpcClientProtocolClient (GrpcClientProtocolClient.java:onNext(254)) - client-E0FA40453D59->0c156e3c-57cc-425b-90ef-9bcaa62a7535: receive RaftClientReply:client-E0FA40453D59->0c156e3c-57cc-425b-90ef-9bcaa62a7535@group-7704A457760D, cid=2003, SUCCESS, logIndex=3437, commits[0c156e3c-57cc-425b-90ef-9bcaa62a7535:c3439]
2019-06-14 13:45:54,374 INFO  client.GrpcClientProtocolClient (GrpcClientProtocolClient.java:onNext(254)) - client-E0FA40453D59->0c156e3c-57cc-425b-90ef-9bcaa62a7535: receive RaftClientReply:client-E0FA40453D59->0c156e3c-57cc-425b-90ef-9bcaa62a7535@group-7704A457760D, cid=2004, SUCCESS, logIndex=3439, commits[0c156e3c-57cc-425b-90ef-9bcaa62a7535:c3439]
2019-06-14 13:45:54,381 DEBUG block.SCMBlockDeletingService (SCMBlockDeletingService.java:call(138)) - Running DeletedBlockTransactionScanner
2019-06-14 13:45:54,381 DEBUG block.SCMBlockDeletingService (SCMBlockDeletingService.java:call(155)) - Scanned deleted blocks log and got 0 delTX to process.
2019-06-14 13:45:54,386 INFO  client.GrpcClientProtocolClient (GrpcClientProtocolClient.java:onNext(254)) - client-E0FA40453D59->0c156e3c-57cc-425b-90ef-9bcaa62a7535: receive RaftClientReply:client-E0FA40453D59->0c156e3c-57cc-425b-90ef-9bcaa62a7535@group-7704A457760D, cid=2005, SUCCESS, logIndex=3441, commits[0c156e3c-57cc-425b-90ef-9bcaa62a7535:c3441]
2019-06-14 13:45:54,390 INFO  client.GrpcClientProtocolClient (GrpcClientProtocolClient.java:onNext(254)) - client-E0FA40453D59->0c156e3c-57cc-425b-90ef-9bcaa62a7535: receive RaftClientReply:client-E0FA40453D59->0c156e3c-57cc-425b-90ef-9bcaa62a7535@group-7704A457760D, cid=2006, SUCCESS, logIndex=3443, commits[0c156e3c-57cc-425b-90ef-9bcaa62a7535:c3443]
2019-06-14 13:45:54,390 INFO  client.GrpcClientProtocolClient (GrpcClientProtocolClient.java:onNext(254)) - client-E0FA40453D59->0c156e3c-57cc-425b-90ef-9bcaa62a7535: receive RaftClientReply:client-E0FA40453D59->0c156e3c-57cc-425b-90ef-9bcaa62a7535@group-7704A457760D, cid=2007, SUCCESS, logIndex=3444, commits[0c156e3c-57cc-425b-90ef-9bcaa62a7535:c3446]
2019-06-14 13:45:54,394 INFO  client.GrpcClientProtocolClient (GrpcClientProtocolClient.java:onNext(254)) - client-E0FA40453D59->0c156e3c-57cc-425b-90ef-9bcaa62a7535: receive RaftClientReply:client-E0FA40453D59->0c156e3c-57cc-425b-90ef-9bcaa62a7535@group-7704A457760D, cid=2008, SUCCESS, logIndex=3445, commits[0c156e3c-57cc-425b-90ef-9bcaa62a7535:c3446]
2019-06-14 13:45:54,414 INFO  client.GrpcClientProtocolClient (GrpcClientProtocolClient.java:onNext(254)) - client-E0FA40453D59->0c156e3c-57cc-425b-90ef-9bcaa62a7535: receive RaftClientReply:client-E0FA40453D59->0c156e3c-57cc-425b-90ef-9bcaa62a7535@group-7704A457760D, cid=2009, SUCCESS, logIndex=3447, commits[0c156e3c-57cc-425b-90ef-9bcaa62a7535:c3448]
2019-06-14 13:45:54,417 INFO  client.GrpcClientProtocolClient (GrpcClientProtocolClient.java:onNext(254)) - client-E0FA40453D59->0c156e3c-57cc-425b-90ef-9bcaa62a7535: receive RaftClientReply:client-E0FA40453D59->0c156e3c-57cc-425b-90ef-9bcaa62a7535@group-7704A457760D, cid=2010, SUCCESS, logIndex=3449, commits[0c156e3c-57cc-425b-90ef-9bcaa62a7535:c3449]
2019-06-14 13:45:54,418 INFO  client.GrpcClientProtocolClient (GrpcClientProtocolClient.java:onNext(254)) - client-E0FA40453D59->0c156e3c-57cc-425b-90ef-9bcaa62a7535: receive RaftClientReply:client-E0FA40453D59->0c156e3c-57cc-425b-90ef-9bcaa62a7535@group-7704A457760D, cid=2011, SUCCESS, logIndex=3450, commits[0c156e3c-57cc-425b-90ef-9bcaa62a7535:c3450]
2019-06-14 13:45:54,418 INFO  client.GrpcClientProtocolClient (GrpcClientProtocolClient.java:onNext(254)) - client-E0FA40453D59->0c156e3c-57cc-425b-90ef-9bcaa62a7535: receive RaftClientReply:client-E0FA40453D59->0c156e3c-57cc-425b-90ef-9bcaa62a7535@group-7704A457760D, cid=2012, SUCCESS, logIndex=3452, commits[0c156e3c-57cc-425b-90ef-9bcaa62a7535:c3452]
2019-06-14 13:45:54,422 INFO  storage.RaftLogWorker (RaftLogWorker.java:rollLogSegment(303)) - 0c156e3c-57cc-425b-90ef-9bcaa62a7535-RaftLogWorker: Rolling segment log-3377_3454 to index:3454
2019-06-14 13:45:54,422 INFO  storage.RaftLogWorker (RaftLogWorker.java:execute(433)) - 0c156e3c-57cc-425b-90ef-9bcaa62a7535-RaftLogWorker: Rolled log segment from /opt/src/hadoop-ozone/integration-test/target/test-dir/MiniOzoneClusterImpl-8919240e-7e15-4dbf-8bf4-c210578586bb/datanode-0/data/ratis/1fc53845-3381-4beb-82f9-7704a457760d/current/log_inprogress_3377 to /opt/src/hadoop-ozone/integration-test/target/test-dir/MiniOzoneClusterImpl-8919240e-7e15-4dbf-8bf4-c210578586bb/datanode-0/data/ratis/1fc53845-3381-4beb-82f9-7704a457760d/current/log_3377-3454
2019-06-14 13:45:54,465 INFO  storage.RaftLogWorker (RaftLogWorker.java:execute(469)) - 0c156e3c-57cc-425b-90ef-9bcaa62a7535-RaftLogWorker: created new log segment /opt/src/hadoop-ozone/integration-test/target/test-dir/MiniOzoneClusterImpl-8919240e-7e15-4dbf-8bf4-c210578586bb/datanode-0/data/ratis/1fc53845-3381-4beb-82f9-7704a457760d/current/log_inprogress_3455
2019-06-14 13:45:54,467 INFO  client.GrpcClientProtocolClient (GrpcClientProtocolClient.java:onNext(254)) - client-E0FA40453D59->0c156e3c-57cc-425b-90ef-9bcaa62a7535: receive RaftClientReply:client-E0FA40453D59->0c156e3c-57cc-425b-90ef-9bcaa62a7535@group-7704A457760D, cid=2013, SUCCESS, logIndex=3455, commits[0c156e3c-57cc-425b-90ef-9bcaa62a7535:c3455]
2019-06-14 13:45:54,470 INFO  client.GrpcClientProtocolClient (GrpcClientProtocolClient.java:onNext(254)) - client-E0FA40453D59->0c156e3c-57cc-425b-90ef-9bcaa62a7535: receive RaftClientReply:client-E0FA40453D59->0c156e3c-57cc-425b-90ef-9bcaa62a7535@group-7704A457760D, cid=2014, SUCCESS, logIndex=3457, commits[0c156e3c-57cc-425b-90ef-9bcaa62a7535:c3457]
2019-06-14 13:45:54,471 INFO  client.GrpcClientProtocolClient (GrpcClientProtocolClient.java:onNext(254)) - client-E0FA40453D59->0c156e3c-57cc-425b-90ef-9bcaa62a7535: receive RaftClientReply:client-E0FA40453D59->0c156e3c-57cc-425b-90ef-9bcaa62a7535@group-7704A457760D, cid=2015, SUCCESS, logIndex=3458, commits[0c156e3c-57cc-425b-90ef-9bcaa62a7535:c3458]
2019-06-14 13:45:54,471 INFO  client.GrpcClientProtocolClient (GrpcClientProtocolClient.java:onNext(254)) - client-E0FA40453D59->0c156e3c-57cc-425b-90ef-9bcaa62a7535: receive RaftClientReply:client-E0FA40453D59->0c156e3c-57cc-425b-90ef-9bcaa62a7535@group-7704A457760D, cid=2016, SUCCESS, logIndex=3460, commits[0c156e3c-57cc-425b-90ef-9bcaa62a7535:c3460]
2019-06-14 13:45:54,482 DEBUG block.SCMBlockDeletingService (SCMBlockDeletingService.java:call(138)) - Running DeletedBlockTransactionScanner
2019-06-14 13:45:54,482 DEBUG block.SCMBlockDeletingService (SCMBlockDeletingService.java:call(155)) - Scanned deleted blocks log and got 0 delTX to process.
2019-06-14 13:45:54,485 INFO  client.GrpcClientProtocolClient (GrpcClientProtocolClient.java:onNext(254)) - client-E0FA40453D59->0c156e3c-57cc-425b-90ef-9bcaa62a7535: receive RaftClientReply:client-E0FA40453D59->0c156e3c-57cc-425b-90ef-9bcaa62a7535@group-7704A457760D, cid=2017, SUCCESS, logIndex=3463, commits[0c156e3c-57cc-425b-90ef-9bcaa62a7535:c3463]
2019-06-14 13:45:54,487 INFO  client.GrpcClientProtocolClient (GrpcClientProtocolClient.java:onNext(254)) - client-E0FA40453D59->0c156e3c-57cc-425b-90ef-9bcaa62a7535: receive RaftClientReply:client-E0FA40453D59->0c156e3c-57cc-425b-90ef-9bcaa62a7535@group-7704A457760D, cid=2018, SUCCESS, logIndex=3465, commits[0c156e3c-57cc-425b-90ef-9bcaa62a7535:c3465]
2019-06-14 13:45:54,488 INFO  client.GrpcClientProtocolClient (GrpcClientProtocolClient.java:onNext(254)) - client-E0FA40453D59->0c156e3c-57cc-425b-90ef-9bcaa62a7535: receive RaftClientReply:client-E0FA40453D59->0c156e3c-57cc-425b-90ef-9bcaa62a7535@group-7704A457760D, cid=2019, SUCCESS, logIndex=3466, commits[0c156e3c-57cc-425b-90ef-9bcaa62a7535:c3468]
2019-06-14 13:45:54,489 INFO  client.GrpcClientProtocolClient (GrpcClientProtocolClient.java:onNext(254)) - client-E0FA40453D59->0c156e3c-57cc-425b-90ef-9bcaa62a7535: receive RaftClientReply:client-E0FA40453D59->0c156e3c-57cc-425b-90ef-9bcaa62a7535@group-7704A457760D, cid=2020, SUCCESS, logIndex=3468, commits[0c156e3c-57cc-425b-90ef-9bcaa62a7535:c3468]
2019-06-14 13:45:54,498 INFO  client.GrpcClientProtocolClient (GrpcClientProtocolClient.java:onNext(254)) - client-E0FA40453D59->0c156e3c-57cc-425b-90ef-9bcaa62a7535: receive RaftClientReply:client-E0FA40453D59->0c156e3c-57cc-425b-90ef-9bcaa62a7535@group-7704A457760D, cid=2021, SUCCESS, logIndex=3471, commits[0c156e3c-57cc-425b-90ef-9bcaa62a7535:c3471]
2019-06-14 13:45:54,500 INFO  client.GrpcClientProtocolClient (GrpcClientProtocolClient.java:onNext(254)) - client-E0FA40453D59->0c156e3c-57cc-425b-90ef-9bcaa62a7535: receive RaftClientReply:client-E0FA40453D59->0c156e3c-57cc-425b-90ef-9bcaa62a7535@group-7704A457760D, cid=2022, SUCCESS, logIndex=3473, commits[0c156e3c-57cc-425b-90ef-9bcaa62a7535:c3473]
2019-06-14 13:45:54,501 INFO  client.GrpcClientProtocolClient (GrpcClientProtocolClient.java:onNext(254)) - client-E0FA40453D59->0c156e3c-57cc-425b-90ef-9bcaa62a7535: receive RaftClientReply:client-E0FA40453D59->0c156e3c-57cc-425b-90ef-9bcaa62a7535@group-7704A457760D, cid=2023, SUCCESS, logIndex=3474, commits[0c156e3c-57cc-425b-90ef-9bcaa62a7535:c3476]
2019-06-14 13:45:54,501 INFO  client.GrpcClientProtocolClient (GrpcClientProtocolClient.java:onNext(254)) - client-E0FA40453D59->0c156e3c-57cc-425b-90ef-9bcaa62a7535: receive RaftClientReply:client-E0FA40453D59->0c156e3c-57cc-425b-90ef-9bcaa62a7535@group-7704A457760D, cid=2024, SUCCESS, logIndex=3476, commits[0c156e3c-57cc-425b-90ef-9bcaa62a7535:c3477]
2019-06-14 13:45:54,514 INFO  client.GrpcClientProtocolClient (GrpcClientProtocolClient.java:onNext(254)) - client-E0FA40453D59->0c156e3c-57cc-425b-90ef-9bcaa62a7535: receive RaftClientReply:client-E0FA40453D59->0c156e3c-57cc-425b-90ef-9bcaa62a7535@group-7704A457760D, cid=2025, SUCCESS, logIndex=3478, commits[0c156e3c-57cc-425b-90ef-9bcaa62a7535:c3478]
2019-06-14 13:45:54,517 INFO  client.GrpcClientProtocolClient (GrpcClientProtocolClient.java:onNext(254)) - client-E0FA40453D59->0c156e3c-57cc-425b-90ef-9bcaa62a7535: receive RaftClientReply:client-E0FA40453D59->0c156e3c-57cc-425b-90ef-9bcaa62a7535@group-7704A457760D, cid=2026, SUCCESS, logIndex=3480, commits[0c156e3c-57cc-425b-90ef-9bcaa62a7535:c3480]
2019-06-14 13:45:54,518 INFO  client.GrpcClientProtocolClient (GrpcClientProtocolClient.java:onNext(254)) - client-E0FA40453D59->0c156e3c-57cc-425b-90ef-9bcaa62a7535: receive RaftClientReply:client-E0FA40453D59->0c156e3c-57cc-425b-90ef-9bcaa62a7535@group-7704A457760D, cid=2027, SUCCESS, logIndex=3481, commits[0c156e3c-57cc-425b-90ef-9bcaa62a7535:c3482]
2019-06-14 13:45:54,521 INFO  client.GrpcClientProtocolClient (GrpcClientProtocolClient.java:onNext(254)) - client-E0FA40453D59->0c156e3c-57cc-425b-90ef-9bcaa62a7535: receive RaftClientReply:client-E0FA40453D59->0c156e3c-57cc-425b-90ef-9bcaa62a7535@group-7704A457760D, cid=2028, SUCCESS, logIndex=3484, commits[0c156e3c-57cc-425b-90ef-9bcaa62a7535:c3484]
2019-06-14 13:45:54,529 INFO  client.GrpcClientProtocolClient (GrpcClientProtocolClient.java:onNext(254)) - client-E0FA40453D59->0c156e3c-57cc-425b-90ef-9bcaa62a7535: receive RaftClientReply:client-E0FA40453D59->0c156e3c-57cc-425b-90ef-9bcaa62a7535@group-7704A457760D, cid=2029, SUCCESS, logIndex=3486, commits[0c156e3c-57cc-425b-90ef-9bcaa62a7535:c3486]
2019-06-14 13:45:54,532 INFO  client.GrpcClientProtocolClient (GrpcClientProtocolClient.java:onNext(254)) - client-E0FA40453D59->0c156e3c-57cc-425b-90ef-9bcaa62a7535: receive RaftClientReply:client-E0FA40453D59->0c156e3c-57cc-425b-90ef-9bcaa62a7535@group-7704A457760D, cid=2030, SUCCESS, logIndex=3488, commits[0c156e3c-57cc-425b-90ef-9bcaa62a7535:c3488]
2019-06-14 13:45:54,533 INFO  client.GrpcClientProtocolClient (GrpcClientProtocolClient.java:onNext(254)) - client-E0FA40453D59->0c156e3c-57cc-425b-90ef-9bcaa62a7535: receive RaftClientReply:client-E0FA40453D59->0c156e3c-57cc-425b-90ef-9bcaa62a7535@group-7704A457760D, cid=2031, SUCCESS, logIndex=3489, commits[0c156e3c-57cc-425b-90ef-9bcaa62a7535:c3490]
2019-06-14 13:45:54,533 INFO  client.GrpcClientProtocolClient (GrpcClientProtocolClient.java:onNext(254)) - client-E0FA40453D59->0c156e3c-57cc-425b-90ef-9bcaa62a7535: receive RaftClientReply:client-E0FA40453D59->0c156e3c-57cc-425b-90ef-9bcaa62a7535@group-7704A457760D, cid=2032, SUCCESS, logIndex=3490, commits[0c156e3c-57cc-425b-90ef-9bcaa62a7535:c3491]
2019-06-14 13:45:54,582 DEBUG block.SCMBlockDeletingService (SCMBlockDeletingService.java:call(138)) - Running DeletedBlockTransactionScanner
2019-06-14 13:45:54,583 DEBUG block.SCMBlockDeletingService (SCMBlockDeletingService.java:call(155)) - Scanned deleted blocks log and got 0 delTX to process.
2019-06-14 13:45:54,650 INFO  client.GrpcClientProtocolClient (GrpcClientProtocolClient.java:onNext(254)) - client-E0FA40453D59->0c156e3c-57cc-425b-90ef-9bcaa62a7535: receive RaftClientReply:client-E0FA40453D59->0c156e3c-57cc-425b-90ef-9bcaa62a7535@group-7704A457760D, cid=2033, SUCCESS, logIndex=3493, commits[0c156e3c-57cc-425b-90ef-9bcaa62a7535:c3493]
2019-06-14 13:45:54,653 INFO  client.GrpcClientProtocolClient (GrpcClientProtocolClient.java:onNext(254)) - client-E0FA40453D59->0c156e3c-57cc-425b-90ef-9bcaa62a7535: receive RaftClientReply:client-E0FA40453D59->0c156e3c-57cc-425b-90ef-9bcaa62a7535@group-7704A457760D, cid=2034, SUCCESS, logIndex=3495, commits[0c156e3c-57cc-425b-90ef-9bcaa62a7535:c3497]
2019-06-14 13:45:54,653 INFO  client.GrpcClientProtocolClient (GrpcClientProtocolClient.java:onNext(254)) - client-E0FA40453D59->0c156e3c-57cc-425b-90ef-9bcaa62a7535: receive RaftClientReply:client-E0FA40453D59->0c156e3c-57cc-425b-90ef-9bcaa62a7535@group-7704A457760D, cid=2035, SUCCESS, logIndex=3496, commits[0c156e3c-57cc-425b-90ef-9bcaa62a7535:c3497]
2019-06-14 13:45:54,654 INFO  client.GrpcClientProtocolClient (GrpcClientProtocolClient.java:onNext(254)) - client-E0FA40453D59->0c156e3c-57cc-425b-90ef-9bcaa62a7535: receive RaftClientReply:client-E0FA40453D59->0c156e3c-57cc-425b-90ef-9bcaa62a7535@group-7704A457760D, cid=2036, SUCCESS, logIndex=3497, commits[0c156e3c-57cc-425b-90ef-9bcaa62a7535:c3497]
2019-06-14 13:45:54,666 INFO  client.GrpcClientProtocolClient (GrpcClientProtocolClient.java:onNext(254)) - client-E0FA40453D59->0c156e3c-57cc-425b-90ef-9bcaa62a7535: receive RaftClientReply:client-E0FA40453D59->0c156e3c-57cc-425b-90ef-9bcaa62a7535@group-7704A457760D, cid=2037, SUCCESS, logIndex=3499, commits[0c156e3c-57cc-425b-90ef-9bcaa62a7535:c3500]
2019-06-14 13:45:54,670 INFO  client.GrpcClientProtocolClient (GrpcClientProtocolClient.java:onNext(254)) - client-E0FA40453D59->0c156e3c-57cc-425b-90ef-9bcaa62a7535: receive RaftClientReply:client-E0FA40453D59->0c156e3c-57cc-425b-90ef-9bcaa62a7535@group-7704A457760D, cid=2038, SUCCESS, logIndex=3501, commits[0c156e3c-57cc-425b-90ef-9bcaa62a7535:c3501]
2019-06-14 13:45:54,678 INFO  client.GrpcClientProtocolClient (GrpcClientProtocolClient.java:onNext(254)) - client-E0FA40453D59->0c156e3c-57cc-425b-90ef-9bcaa62a7535: receive RaftClientReply:client-E0FA40453D59->0c156e3c-57cc-425b-90ef-9bcaa62a7535@group-7704A457760D, cid=2039, SUCCESS, logIndex=3502, commits[0c156e3c-57cc-425b-90ef-9bcaa62a7535:c3502]
2019-06-14 13:45:54,683 DEBUG block.SCMBlockDeletingService (SCMBlockDeletingService.java:call(138)) - Running DeletedBlockTransactionScanner
2019-06-14 13:45:54,683 DEBUG block.SCMBlockDeletingService (SCMBlockDeletingService.java:call(155)) - Scanned deleted blocks log and got 0 delTX to process.
2019-06-14 13:45:54,685 INFO  client.GrpcClientProtocolClient (GrpcClientProtocolClient.java:onNext(254)) - client-E0FA40453D59->0c156e3c-57cc-425b-90ef-9bcaa62a7535: receive RaftClientReply:client-E0FA40453D59->0c156e3c-57cc-425b-90ef-9bcaa62a7535@group-7704A457760D, cid=2040, SUCCESS, logIndex=3504, commits[0c156e3c-57cc-425b-90ef-9bcaa62a7535:c3505]
2019-06-14 13:45:54,705 INFO  client.GrpcClientProtocolClient (GrpcClientProtocolClient.java:onNext(254)) - client-E0FA40453D59->0c156e3c-57cc-425b-90ef-9bcaa62a7535: receive RaftClientReply:client-E0FA40453D59->0c156e3c-57cc-425b-90ef-9bcaa62a7535@group-7704A457760D, cid=2041, SUCCESS, logIndex=3507, commits[0c156e3c-57cc-425b-90ef-9bcaa62a7535:c3507]
2019-06-14 13:45:54,708 INFO  client.GrpcClientProtocolClient (GrpcClientProtocolClient.java:onNext(254)) - client-E0FA40453D59->0c156e3c-57cc-425b-90ef-9bcaa62a7535: receive RaftClientReply:client-E0FA40453D59->0c156e3c-57cc-425b-90ef-9bcaa62a7535@group-7704A457760D, cid=2042, SUCCESS, logIndex=3509, commits[0c156e3c-57cc-425b-90ef-9bcaa62a7535:c3509]
2019-06-14 13:45:54,710 INFO  client.GrpcClientProtocolClient (GrpcClientProtocolClient.java:onNext(254)) - client-E0FA40453D59->0c156e3c-57cc-425b-90ef-9bcaa62a7535: receive RaftClientReply:client-E0FA40453D59->0c156e3c-57cc-425b-90ef-9bcaa62a7535@group-7704A457760D, cid=2043, SUCCESS, logIndex=3510, commits[0c156e3c-57cc-425b-90ef-9bcaa62a7535:c3511]
2019-06-14 13:45:54,714 INFO  client.GrpcClientProtocolClient (GrpcClientProtocolClient.java:onNext(254)) - client-E0FA40453D59->0c156e3c-57cc-425b-90ef-9bcaa62a7535: receive RaftClientReply:client-E0FA40453D59->0c156e3c-57cc-425b-90ef-9bcaa62a7535@group-7704A457760D, cid=2044, SUCCESS, logIndex=3511, commits[0c156e3c-57cc-425b-90ef-9bcaa62a7535:c3511]
2019-06-14 13:45:54,726 INFO  client.GrpcClientProtocolClient (GrpcClientProtocolClient.java:onNext(254)) - client-E0FA40453D59->0c156e3c-57cc-425b-90ef-9bcaa62a7535: receive RaftClientReply:client-E0FA40453D59->0c156e3c-57cc-425b-90ef-9bcaa62a7535@group-7704A457760D, cid=2045, SUCCESS, logIndex=3514, commits[0c156e3c-57cc-425b-90ef-9bcaa62a7535:c3514]
2019-06-14 13:45:54,736 INFO  client.GrpcClientProtocolClient (GrpcClientProtocolClient.java:onNext(254)) - client-E0FA40453D59->0c156e3c-57cc-425b-90ef-9bcaa62a7535: receive RaftClientReply:client-E0FA40453D59->0c156e3c-57cc-425b-90ef-9bcaa62a7535@group-7704A457760D, cid=2046, SUCCESS, logIndex=3516, commits[0c156e3c-57cc-425b-90ef-9bcaa62a7535:c3520]
2019-06-14 13:45:54,736 INFO  client.GrpcClientProtocolClient (GrpcClientProtocolClient.java:onNext(254)) - client-E0FA40453D59->0c156e3c-57cc-425b-90ef-9bcaa62a7535: receive RaftClientReply:client-E0FA40453D59->0c156e3c-57cc-425b-90ef-9bcaa62a7535@group-7704A457760D, cid=2047, SUCCESS, logIndex=3517, commits[0c156e3c-57cc-425b-90ef-9bcaa62a7535:c3520]
2019-06-14 13:45:54,738 INFO  client.GrpcClientProtocolClient (GrpcClientProtocolClient.java:onNext(254)) - client-E0FA40453D59->0c156e3c-57cc-425b-90ef-9bcaa62a7535: receive RaftClientReply:client-E0FA40453D59->0c156e3c-57cc-425b-90ef-9bcaa62a7535@group-7704A457760D, cid=2048, SUCCESS, logIndex=3518, commits[0c156e3c-57cc-425b-90ef-9bcaa62a7535:c3520]
2019-06-14 13:45:54,752 INFO  client.GrpcClientProtocolClient (GrpcClientProtocolClient.java:onNext(254)) - client-E0FA40453D59->0c156e3c-57cc-425b-90ef-9bcaa62a7535: receive RaftClientReply:client-E0FA40453D59->0c156e3c-57cc-425b-90ef-9bcaa62a7535@group-7704A457760D, cid=2049, SUCCESS, logIndex=3521, commits[0c156e3c-57cc-425b-90ef-9bcaa62a7535:c3521]
2019-06-14 13:45:54,755 INFO  client.GrpcClientProtocolClient (GrpcClientProtocolClient.java:onNext(254)) - client-E0FA40453D59->0c156e3c-57cc-425b-90ef-9bcaa62a7535: receive RaftClientReply:client-E0FA40453D59->0c156e3c-57cc-425b-90ef-9bcaa62a7535@group-7704A457760D, cid=2050, SUCCESS, logIndex=3523, commits[0c156e3c-57cc-425b-90ef-9bcaa62a7535:c3525]
2019-06-14 13:45:54,756 INFO  client.GrpcClientProtocolClient (GrpcClientProtocolClient.java:onNext(254)) - client-E0FA40453D59->0c156e3c-57cc-425b-90ef-9bcaa62a7535: receive RaftClientReply:client-E0FA40453D59->0c156e3c-57cc-425b-90ef-9bcaa62a7535@group-7704A457760D, cid=2051, SUCCESS, logIndex=3524, commits[0c156e3c-57cc-425b-90ef-9bcaa62a7535:c3525]
2019-06-14 13:45:54,756 INFO  client.GrpcClientProtocolClient (GrpcClientProtocolClient.java:onNext(254)) - client-E0FA40453D59->0c156e3c-57cc-425b-90ef-9bcaa62a7535: receive RaftClientReply:client-E0FA40453D59->0c156e3c-57cc-425b-90ef-9bcaa62a7535@group-7704A457760D, cid=2052, SUCCESS, logIndex=3525, commits[0c156e3c-57cc-425b-90ef-9bcaa62a7535:c3525]
2019-06-14 13:45:54,764 INFO  client.GrpcClientProtocolClient (GrpcClientProtocolClient.java:onNext(254)) - client-E0FA40453D59->0c156e3c-57cc-425b-90ef-9bcaa62a7535: receive RaftClientReply:client-E0FA40453D59->0c156e3c-57cc-425b-90ef-9bcaa62a7535@group-7704A457760D, cid=2053, SUCCESS, logIndex=3527, commits[0c156e3c-57cc-425b-90ef-9bcaa62a7535:c3527]
2019-06-14 13:45:54,765 INFO  storage.RaftLogWorker (RaftLogWorker.java:rollLogSegment(303)) - 0c156e3c-57cc-425b-90ef-9bcaa62a7535-RaftLogWorker: Rolling segment log-3455_3530 to index:3530
2019-06-14 13:45:54,766 INFO  storage.RaftLogWorker (RaftLogWorker.java:execute(433)) - 0c156e3c-57cc-425b-90ef-9bcaa62a7535-RaftLogWorker: Rolled log segment from /opt/src/hadoop-ozone/integration-test/target/test-dir/MiniOzoneClusterImpl-8919240e-7e15-4dbf-8bf4-c210578586bb/datanode-0/data/ratis/1fc53845-3381-4beb-82f9-7704a457760d/current/log_inprogress_3455 to /opt/src/hadoop-ozone/integration-test/target/test-dir/MiniOzoneClusterImpl-8919240e-7e15-4dbf-8bf4-c210578586bb/datanode-0/data/ratis/1fc53845-3381-4beb-82f9-7704a457760d/current/log_3455-3530
2019-06-14 13:45:54,773 INFO  client.GrpcClientProtocolClient (GrpcClientProtocolClient.java:onNext(254)) - client-E0FA40453D59->0c156e3c-57cc-425b-90ef-9bcaa62a7535: receive RaftClientReply:client-E0FA40453D59->0c156e3c-57cc-425b-90ef-9bcaa62a7535@group-7704A457760D, cid=2054, SUCCESS, logIndex=3529, commits[0c156e3c-57cc-425b-90ef-9bcaa62a7535:c3529]
2019-06-14 13:45:54,777 INFO  client.GrpcClientProtocolClient (GrpcClientProtocolClient.java:onNext(254)) - client-E0FA40453D59->0c156e3c-57cc-425b-90ef-9bcaa62a7535: receive RaftClientReply:client-E0FA40453D59->0c156e3c-57cc-425b-90ef-9bcaa62a7535@group-7704A457760D, cid=2055, SUCCESS, logIndex=3530, commits[0c156e3c-57cc-425b-90ef-9bcaa62a7535:c3530]
2019-06-14 13:45:54,784 DEBUG block.SCMBlockDeletingService (SCMBlockDeletingService.java:call(138)) - Running DeletedBlockTransactionScanner
2019-06-14 13:45:54,784 DEBUG block.SCMBlockDeletingService (SCMBlockDeletingService.java:call(155)) - Scanned deleted blocks log and got 0 delTX to process.
2019-06-14 13:45:54,815 INFO  storage.RaftLogWorker (RaftLogWorker.java:execute(469)) - 0c156e3c-57cc-425b-90ef-9bcaa62a7535-RaftLogWorker: created new log segment /opt/src/hadoop-ozone/integration-test/target/test-dir/MiniOzoneClusterImpl-8919240e-7e15-4dbf-8bf4-c210578586bb/datanode-0/data/ratis/1fc53845-3381-4beb-82f9-7704a457760d/current/log_inprogress_3531
2019-06-14 13:45:54,819 INFO  client.GrpcClientProtocolClient (GrpcClientProtocolClient.java:onNext(254)) - client-E0FA40453D59->0c156e3c-57cc-425b-90ef-9bcaa62a7535: receive RaftClientReply:client-E0FA40453D59->0c156e3c-57cc-425b-90ef-9bcaa62a7535@group-7704A457760D, cid=2056, SUCCESS, logIndex=3531, commits[0c156e3c-57cc-425b-90ef-9bcaa62a7535:c3533]
2019-06-14 13:45:54,842 INFO  client.GrpcClientProtocolClient (GrpcClientProtocolClient.java:onNext(254)) - client-E0FA40453D59->0c156e3c-57cc-425b-90ef-9bcaa62a7535: receive RaftClientReply:client-E0FA40453D59->0c156e3c-57cc-425b-90ef-9bcaa62a7535@group-7704A457760D, cid=2057, SUCCESS, logIndex=3534, commits[0c156e3c-57cc-425b-90ef-9bcaa62a7535:c3535]
2019-06-14 13:45:54,847 INFO  client.GrpcClientProtocolClient (GrpcClientProtocolClient.java:onNext(254)) - client-E0FA40453D59->0c156e3c-57cc-425b-90ef-9bcaa62a7535: receive RaftClientReply:client-E0FA40453D59->0c156e3c-57cc-425b-90ef-9bcaa62a7535@group-7704A457760D, cid=2058, SUCCESS, logIndex=3536, commits[0c156e3c-57cc-425b-90ef-9bcaa62a7535:c3536]
2019-06-14 13:45:54,854 INFO  client.GrpcClientProtocolClient (GrpcClientProtocolClient.java:onNext(254)) - client-E0FA40453D59->0c156e3c-57cc-425b-90ef-9bcaa62a7535: receive RaftClientReply:client-E0FA40453D59->0c156e3c-57cc-425b-90ef-9bcaa62a7535@group-7704A457760D, cid=2059, SUCCESS, logIndex=3537, commits[0c156e3c-57cc-425b-90ef-9bcaa62a7535:c3539]
2019-06-14 13:45:54,855 INFO  client.GrpcClientProtocolClient (GrpcClientProtocolClient.java:onNext(254)) - client-E0FA40453D59->0c156e3c-57cc-425b-90ef-9bcaa62a7535: receive RaftClientReply:client-E0FA40453D59->0c156e3c-57cc-425b-90ef-9bcaa62a7535@group-7704A457760D, cid=2060, SUCCESS, logIndex=3538, commits[0c156e3c-57cc-425b-90ef-9bcaa62a7535:c3539]
2019-06-14 13:45:54,868 INFO  client.GrpcClientProtocolClient (GrpcClientProtocolClient.java:onNext(254)) - client-E0FA40453D59->0c156e3c-57cc-425b-90ef-9bcaa62a7535: receive RaftClientReply:client-E0FA40453D59->0c156e3c-57cc-425b-90ef-9bcaa62a7535@group-7704A457760D, cid=2061, SUCCESS, logIndex=3540, commits[0c156e3c-57cc-425b-90ef-9bcaa62a7535:c3540]
2019-06-14 13:45:54,869 INFO  client.GrpcClientProtocolClient (GrpcClientProtocolClient.java:onNext(254)) - client-E0FA40453D59->0c156e3c-57cc-425b-90ef-9bcaa62a7535: receive RaftClientReply:client-E0FA40453D59->0c156e3c-57cc-425b-90ef-9bcaa62a7535@group-7704A457760D, cid=2062, SUCCESS, logIndex=3542, commits[0c156e3c-57cc-425b-90ef-9bcaa62a7535:c3542]
2019-06-14 13:45:54,873 INFO  client.GrpcClientProtocolClient (GrpcClientProtocolClient.java:onNext(254)) - client-E0FA40453D59->0c156e3c-57cc-425b-90ef-9bcaa62a7535: receive RaftClientReply:client-E0FA40453D59->0c156e3c-57cc-425b-90ef-9bcaa62a7535@group-7704A457760D, cid=2063, SUCCESS, logIndex=3544, commits[0c156e3c-57cc-425b-90ef-9bcaa62a7535:c3545]
2019-06-14 13:45:54,880 INFO  client.GrpcClientProtocolClient (GrpcClientProtocolClient.java:onNext(254)) - client-E0FA40453D59->0c156e3c-57cc-425b-90ef-9bcaa62a7535: receive RaftClientReply:client-E0FA40453D59->0c156e3c-57cc-425b-90ef-9bcaa62a7535@group-7704A457760D, cid=2064, SUCCESS, logIndex=3546, commits[0c156e3c-57cc-425b-90ef-9bcaa62a7535:c3546]
2019-06-14 13:45:54,884 DEBUG block.SCMBlockDeletingService (SCMBlockDeletingService.java:call(138)) - Running DeletedBlockTransactionScanner
2019-06-14 13:45:54,884 DEBUG block.SCMBlockDeletingService (SCMBlockDeletingService.java:call(155)) - Scanned deleted blocks log and got 0 delTX to process.
2019-06-14 13:45:54,906 INFO  client.GrpcClientProtocolClient (GrpcClientProtocolClient.java:onNext(254)) - client-E0FA40453D59->0c156e3c-57cc-425b-90ef-9bcaa62a7535: receive RaftClientReply:client-E0FA40453D59->0c156e3c-57cc-425b-90ef-9bcaa62a7535@group-7704A457760D, cid=2065, SUCCESS, logIndex=3548, commits[0c156e3c-57cc-425b-90ef-9bcaa62a7535:c3549]
2019-06-14 13:45:54,907 INFO  client.GrpcClientProtocolClient (GrpcClientProtocolClient.java:onNext(254)) - client-E0FA40453D59->0c156e3c-57cc-425b-90ef-9bcaa62a7535: receive RaftClientReply:client-E0FA40453D59->0c156e3c-57cc-425b-90ef-9bcaa62a7535@group-7704A457760D, cid=2066, SUCCESS, logIndex=3550, commits[0c156e3c-57cc-425b-90ef-9bcaa62a7535:c3550]
2019-06-14 13:45:54,907 INFO  client.GrpcClientProtocolClient (GrpcClientProtocolClient.java:onNext(254)) - client-E0FA40453D59->0c156e3c-57cc-425b-90ef-9bcaa62a7535: receive RaftClientReply:client-E0FA40453D59->0c156e3c-57cc-425b-90ef-9bcaa62a7535@group-7704A457760D, cid=2067, SUCCESS, logIndex=3551, commits[0c156e3c-57cc-425b-90ef-9bcaa62a7535:c3553]
2019-06-14 13:45:54,910 INFO  client.GrpcClientProtocolClient (GrpcClientProtocolClient.java:onNext(254)) - client-E0FA40453D59->0c156e3c-57cc-425b-90ef-9bcaa62a7535: receive RaftClientReply:client-E0FA40453D59->0c156e3c-57cc-425b-90ef-9bcaa62a7535@group-7704A457760D, cid=2068, SUCCESS, logIndex=3552, commits[0c156e3c-57cc-425b-90ef-9bcaa62a7535:c3553]
2019-06-14 13:45:54,922 INFO  client.GrpcClientProtocolClient (GrpcClientProtocolClient.java:onNext(254)) - client-E0FA40453D59->0c156e3c-57cc-425b-90ef-9bcaa62a7535: receive RaftClientReply:client-E0FA40453D59->0c156e3c-57cc-425b-90ef-9bcaa62a7535@group-7704A457760D, cid=2069, SUCCESS, logIndex=3554, commits[0c156e3c-57cc-425b-90ef-9bcaa62a7535:c3554]
2019-06-14 13:45:54,927 INFO  client.GrpcClientProtocolClient (GrpcClientProtocolClient.java:onNext(254)) - client-E0FA40453D59->0c156e3c-57cc-425b-90ef-9bcaa62a7535: receive RaftClientReply:client-E0FA40453D59->0c156e3c-57cc-425b-90ef-9bcaa62a7535@group-7704A457760D, cid=2070, SUCCESS, logIndex=3556, commits[0c156e3c-57cc-425b-90ef-9bcaa62a7535:c3556]
2019-06-14 13:45:54,928 INFO  client.GrpcClientProtocolClient (GrpcClientProtocolClient.java:onNext(254)) - client-E0FA40453D59->0c156e3c-57cc-425b-90ef-9bcaa62a7535: receive RaftClientReply:client-E0FA40453D59->0c156e3c-57cc-425b-90ef-9bcaa62a7535@group-7704A457760D, cid=2071, SUCCESS, logIndex=3557, commits[0c156e3c-57cc-425b-90ef-9bcaa62a7535:c3558]
2019-06-14 13:45:54,929 INFO  client.GrpcClientProtocolClient (GrpcClientProtocolClient.java:onNext(254)) - client-E0FA40453D59->0c156e3c-57cc-425b-90ef-9bcaa62a7535: receive RaftClientReply:client-E0FA40453D59->0c156e3c-57cc-425b-90ef-9bcaa62a7535@group-7704A457760D, cid=2072, SUCCESS, logIndex=3558, commits[0c156e3c-57cc-425b-90ef-9bcaa62a7535:c3558]
2019-06-14 13:45:54,960 INFO  client.GrpcClientProtocolClient (GrpcClientProtocolClient.java:onNext(254)) - client-E0FA40453D59->0c156e3c-57cc-425b-90ef-9bcaa62a7535: receive RaftClientReply:client-E0FA40453D59->0c156e3c-57cc-425b-90ef-9bcaa62a7535@group-7704A457760D, cid=2073, SUCCESS, logIndex=3561, commits[0c156e3c-57cc-425b-90ef-9bcaa62a7535:c3561]
2019-06-14 13:45:54,961 INFO  client.GrpcClientProtocolClient (GrpcClientProtocolClient.java:onNext(254)) - client-E0FA40453D59->0c156e3c-57cc-425b-90ef-9bcaa62a7535: receive RaftClientReply:client-E0FA40453D59->0c156e3c-57cc-425b-90ef-9bcaa62a7535@group-7704A457760D, cid=2074, SUCCESS, logIndex=3563, commits[0c156e3c-57cc-425b-90ef-9bcaa62a7535:c3563]
2019-06-14 13:45:54,970 INFO  client.GrpcClientProtocolClient (GrpcClientProtocolClient.java:onNext(254)) - client-E0FA40453D59->0c156e3c-57cc-425b-90ef-9bcaa62a7535: receive RaftClientReply:client-E0FA40453D59->0c156e3c-57cc-425b-90ef-9bcaa62a7535@group-7704A457760D, cid=2075, SUCCESS, logIndex=3564, commits[0c156e3c-57cc-425b-90ef-9bcaa62a7535:c3568]
2019-06-14 13:45:54,970 INFO  client.GrpcClientProtocolClient (GrpcClientProtocolClient.java:onNext(254)) - client-E0FA40453D59->0c156e3c-57cc-425b-90ef-9bcaa62a7535: receive RaftClientReply:client-E0FA40453D59->0c156e3c-57cc-425b-90ef-9bcaa62a7535@group-7704A457760D, cid=2076, SUCCESS, logIndex=3566, commits[0c156e3c-57cc-425b-90ef-9bcaa62a7535:c3568]
2019-06-14 13:45:55,035 DEBUG block.SCMBlockDeletingService (SCMBlockDeletingService.java:call(138)) - Running DeletedBlockTransactionScanner
2019-06-14 13:45:55,035 DEBUG block.SCMBlockDeletingService (SCMBlockDeletingService.java:call(155)) - Scanned deleted blocks log and got 0 delTX to process.
2019-06-14 13:45:55,139 DEBUG block.SCMBlockDeletingService (SCMBlockDeletingService.java:call(138)) - Running DeletedBlockTransactionScanner
2019-06-14 13:45:55,139 DEBUG block.SCMBlockDeletingService (SCMBlockDeletingService.java:call(155)) - Scanned deleted blocks log and got 0 delTX to process.
2019-06-14 13:45:55,175 INFO  client.GrpcClientProtocolClient (GrpcClientProtocolClient.java:onNext(254)) - client-E0FA40453D59->0c156e3c-57cc-425b-90ef-9bcaa62a7535: receive RaftClientReply:client-E0FA40453D59->0c156e3c-57cc-425b-90ef-9bcaa62a7535@group-7704A457760D, cid=2077, SUCCESS, logIndex=3569, commits[0c156e3c-57cc-425b-90ef-9bcaa62a7535:c3569]
2019-06-14 13:45:55,179 INFO  client.GrpcClientProtocolClient (GrpcClientProtocolClient.java:onNext(254)) - client-E0FA40453D59->0c156e3c-57cc-425b-90ef-9bcaa62a7535: receive RaftClientReply:client-E0FA40453D59->0c156e3c-57cc-425b-90ef-9bcaa62a7535@group-7704A457760D, cid=2078, SUCCESS, logIndex=3571, commits[0c156e3c-57cc-425b-90ef-9bcaa62a7535:c3572]
2019-06-14 13:45:55,181 INFO  client.GrpcClientProtocolClient (GrpcClientProtocolClient.java:onNext(254)) - client-E0FA40453D59->0c156e3c-57cc-425b-90ef-9bcaa62a7535: receive RaftClientReply:client-E0FA40453D59->0c156e3c-57cc-425b-90ef-9bcaa62a7535@group-7704A457760D, cid=2079, SUCCESS, logIndex=3573, commits[0c156e3c-57cc-425b-90ef-9bcaa62a7535:c3574]
2019-06-14 13:45:55,181 INFO  client.GrpcClientProtocolClient (GrpcClientProtocolClient.java:onNext(254)) - client-E0FA40453D59->0c156e3c-57cc-425b-90ef-9bcaa62a7535: receive RaftClientReply:client-E0FA40453D59->0c156e3c-57cc-425b-90ef-9bcaa62a7535@group-7704A457760D, cid=2080, SUCCESS, logIndex=3574, commits[0c156e3c-57cc-425b-90ef-9bcaa62a7535:c3574]
2019-06-14 13:45:55,206 INFO  client.GrpcClientProtocolClient (GrpcClientProtocolClient.java:onNext(254)) - client-E0FA40453D59->0c156e3c-57cc-425b-90ef-9bcaa62a7535: receive RaftClientReply:client-E0FA40453D59->0c156e3c-57cc-425b-90ef-9bcaa62a7535@group-7704A457760D, cid=2081, SUCCESS, logIndex=3576, commits[0c156e3c-57cc-425b-90ef-9bcaa62a7535:c3577]
2019-06-14 13:45:55,206 INFO  client.GrpcClientProtocolClient (GrpcClientProtocolClient.java:onNext(254)) - client-E0FA40453D59->0c156e3c-57cc-425b-90ef-9bcaa62a7535: receive RaftClientReply:client-E0FA40453D59->0c156e3c-57cc-425b-90ef-9bcaa62a7535@group-7704A457760D, cid=2082, SUCCESS, logIndex=3578, commits[0c156e3c-57cc-425b-90ef-9bcaa62a7535:c3578]
2019-06-14 13:45:55,207 INFO  client.GrpcClientProtocolClient (GrpcClientProtocolClient.java:onNext(254)) - client-E0FA40453D59->0c156e3c-57cc-425b-90ef-9bcaa62a7535: receive RaftClientReply:client-E0FA40453D59->0c156e3c-57cc-425b-90ef-9bcaa62a7535@group-7704A457760D, cid=2083, SUCCESS, logIndex=3579, commits[0c156e3c-57cc-425b-90ef-9bcaa62a7535:c3581]
2019-06-14 13:45:55,207 INFO  client.GrpcClientProtocolClient (GrpcClientProtocolClient.java:onNext(254)) - client-E0FA40453D59->0c156e3c-57cc-425b-90ef-9bcaa62a7535: receive RaftClientReply:client-E0FA40453D59->0c156e3c-57cc-425b-90ef-9bcaa62a7535@group-7704A457760D, cid=2084, SUCCESS, logIndex=3580, commits[0c156e3c-57cc-425b-90ef-9bcaa62a7535:c3581]
2019-06-14 13:45:55,221 INFO  client.GrpcClientProtocolClient (GrpcClientProtocolClient.java:onNext(254)) - client-E0FA40453D59->0c156e3c-57cc-425b-90ef-9bcaa62a7535: receive RaftClientReply:client-E0FA40453D59->0c156e3c-57cc-425b-90ef-9bcaa62a7535@group-7704A457760D, cid=2085, SUCCESS, logIndex=3582, commits[0c156e3c-57cc-425b-90ef-9bcaa62a7535:c3583]
2019-06-14 13:45:55,222 INFO  client.GrpcClientProtocolClient (GrpcClientProtocolClient.java:onNext(254)) - client-E0FA40453D59->0c156e3c-57cc-425b-90ef-9bcaa62a7535: receive RaftClientReply:client-E0FA40453D59->0c156e3c-57cc-425b-90ef-9bcaa62a7535@group-7704A457760D, cid=2086, SUCCESS, logIndex=3584, commits[0c156e3c-57cc-425b-90ef-9bcaa62a7535:c3584]
2019-06-14 13:45:55,225 INFO  client.GrpcClientProtocolClient (GrpcClientProtocolClient.java:onNext(254)) - client-E0FA40453D59->0c156e3c-57cc-425b-90ef-9bcaa62a7535: receive RaftClientReply:client-E0FA40453D59->0c156e3c-57cc-425b-90ef-9bcaa62a7535@group-7704A457760D, cid=2087, SUCCESS, logIndex=3585, commits[0c156e3c-57cc-425b-90ef-9bcaa62a7535:c3587]
2019-06-14 13:45:55,230 INFO  client.GrpcClientProtocolClient (GrpcClientProtocolClient.java:onNext(254)) - client-E0FA40453D59->0c156e3c-57cc-425b-90ef-9bcaa62a7535: receive RaftClientReply:client-E0FA40453D59->0c156e3c-57cc-425b-90ef-9bcaa62a7535@group-7704A457760D, cid=2088, SUCCESS, logIndex=3587, commits[0c156e3c-57cc-425b-90ef-9bcaa62a7535:c3587]
2019-06-14 13:45:55,244 DEBUG block.SCMBlockDeletingService (SCMBlockDeletingService.java:call(138)) - Running DeletedBlockTransactionScanner
2019-06-14 13:45:55,244 DEBUG block.SCMBlockDeletingService (SCMBlockDeletingService.java:call(155)) - Scanned deleted blocks log and got 0 delTX to process.
2019-06-14 13:45:55,250 INFO  client.GrpcClientProtocolClient (GrpcClientProtocolClient.java:onNext(254)) - client-E0FA40453D59->0c156e3c-57cc-425b-90ef-9bcaa62a7535: receive RaftClientReply:client-E0FA40453D59->0c156e3c-57cc-425b-90ef-9bcaa62a7535@group-7704A457760D, cid=2089, SUCCESS, logIndex=3589, commits[0c156e3c-57cc-425b-90ef-9bcaa62a7535:c3589]
2019-06-14 13:45:55,256 INFO  client.GrpcClientProtocolClient (GrpcClientProtocolClient.java:onNext(254)) - client-E0FA40453D59->0c156e3c-57cc-425b-90ef-9bcaa62a7535: receive RaftClientReply:client-E0FA40453D59->0c156e3c-57cc-425b-90ef-9bcaa62a7535@group-7704A457760D, cid=2090, SUCCESS, logIndex=3591, commits[0c156e3c-57cc-425b-90ef-9bcaa62a7535:c3593]
2019-06-14 13:45:55,258 INFO  client.GrpcClientProtocolClient (GrpcClientProtocolClient.java:onNext(254)) - client-E0FA40453D59->0c156e3c-57cc-425b-90ef-9bcaa62a7535: receive RaftClientReply:client-E0FA40453D59->0c156e3c-57cc-425b-90ef-9bcaa62a7535@group-7704A457760D, cid=2091, SUCCESS, logIndex=3592, commits[0c156e3c-57cc-425b-90ef-9bcaa62a7535:c3594]
2019-06-14 13:45:55,258 INFO  client.GrpcClientProtocolClient (GrpcClientProtocolClient.java:onNext(254)) - client-E0FA40453D59->0c156e3c-57cc-425b-90ef-9bcaa62a7535: receive RaftClientReply:client-E0FA40453D59->0c156e3c-57cc-425b-90ef-9bcaa62a7535@group-7704A457760D, cid=2092, SUCCESS, logIndex=3593, commits[0c156e3c-57cc-425b-90ef-9bcaa62a7535:c3594]
2019-06-14 13:45:55,274 INFO  client.GrpcClientProtocolClient (GrpcClientProtocolClient.java:onNext(254)) - client-E0FA40453D59->0c156e3c-57cc-425b-90ef-9bcaa62a7535: receive RaftClientReply:client-E0FA40453D59->0c156e3c-57cc-425b-90ef-9bcaa62a7535@group-7704A457760D, cid=2093, SUCCESS, logIndex=3595, commits[0c156e3c-57cc-425b-90ef-9bcaa62a7535:c3595]
2019-06-14 13:45:55,277 INFO  client.GrpcClientProtocolClient (GrpcClientProtocolClient.java:onNext(254)) - client-E0FA40453D59->0c156e3c-57cc-425b-90ef-9bcaa62a7535: receive RaftClientReply:client-E0FA40453D59->0c156e3c-57cc-425b-90ef-9bcaa62a7535@group-7704A457760D, cid=2094, SUCCESS, logIndex=3597, commits[0c156e3c-57cc-425b-90ef-9bcaa62a7535:c3597]
2019-06-14 13:45:55,278 INFO  client.GrpcClientProtocolClient (GrpcClientProtocolClient.java:onNext(254)) - client-E0FA40453D59->0c156e3c-57cc-425b-90ef-9bcaa62a7535: receive RaftClientReply:client-E0FA40453D59->0c156e3c-57cc-425b-90ef-9bcaa62a7535@group-7704A457760D, cid=2095, SUCCESS, logIndex=3598, commits[0c156e3c-57cc-425b-90ef-9bcaa62a7535:c3600]
2019-06-14 13:45:55,278 INFO  client.GrpcClientProtocolClient (GrpcClientProtocolClient.java:onNext(254)) - client-E0FA40453D59->0c156e3c-57cc-425b-90ef-9bcaa62a7535: receive RaftClientReply:client-E0FA40453D59->0c156e3c-57cc-425b-90ef-9bcaa62a7535@group-7704A457760D, cid=2096, SUCCESS, logIndex=3599, commits[0c156e3c-57cc-425b-90ef-9bcaa62a7535:c3600]
2019-06-14 13:45:55,297 INFO  client.GrpcClientProtocolClient (GrpcClientProtocolClient.java:onNext(254)) - client-E0FA40453D59->0c156e3c-57cc-425b-90ef-9bcaa62a7535: receive RaftClientReply:client-E0FA40453D59->0c156e3c-57cc-425b-90ef-9bcaa62a7535@group-7704A457760D, cid=2097, SUCCESS, logIndex=3601, commits[0c156e3c-57cc-425b-90ef-9bcaa62a7535:c3601]
2019-06-14 13:45:55,297 INFO  storage.RaftLogWorker (RaftLogWorker.java:rollLogSegment(303)) - 0c156e3c-57cc-425b-90ef-9bcaa62a7535-RaftLogWorker: Rolling segment log-3531_3603 to index:3603
2019-06-14 13:45:55,302 INFO  storage.RaftLogWorker (RaftLogWorker.java:execute(433)) - 0c156e3c-57cc-425b-90ef-9bcaa62a7535-RaftLogWorker: Rolled log segment from /opt/src/hadoop-ozone/integration-test/target/test-dir/MiniOzoneClusterImpl-8919240e-7e15-4dbf-8bf4-c210578586bb/datanode-0/data/ratis/1fc53845-3381-4beb-82f9-7704a457760d/current/log_inprogress_3531 to /opt/src/hadoop-ozone/integration-test/target/test-dir/MiniOzoneClusterImpl-8919240e-7e15-4dbf-8bf4-c210578586bb/datanode-0/data/ratis/1fc53845-3381-4beb-82f9-7704a457760d/current/log_3531-3603
2019-06-14 13:45:55,306 INFO  client.GrpcClientProtocolClient (GrpcClientProtocolClient.java:onNext(254)) - client-E0FA40453D59->0c156e3c-57cc-425b-90ef-9bcaa62a7535: receive RaftClientReply:client-E0FA40453D59->0c156e3c-57cc-425b-90ef-9bcaa62a7535@group-7704A457760D, cid=2098, SUCCESS, logIndex=3603, commits[0c156e3c-57cc-425b-90ef-9bcaa62a7535:c3603]
2019-06-14 13:45:55,340 INFO  storage.RaftLogWorker (RaftLogWorker.java:execute(469)) - 0c156e3c-57cc-425b-90ef-9bcaa62a7535-RaftLogWorker: created new log segment /opt/src/hadoop-ozone/integration-test/target/test-dir/MiniOzoneClusterImpl-8919240e-7e15-4dbf-8bf4-c210578586bb/datanode-0/data/ratis/1fc53845-3381-4beb-82f9-7704a457760d/current/log_inprogress_3604
2019-06-14 13:45:55,341 INFO  client.GrpcClientProtocolClient (GrpcClientProtocolClient.java:onNext(254)) - client-E0FA40453D59->0c156e3c-57cc-425b-90ef-9bcaa62a7535: receive RaftClientReply:client-E0FA40453D59->0c156e3c-57cc-425b-90ef-9bcaa62a7535@group-7704A457760D, cid=2099, SUCCESS, logIndex=3604, commits[0c156e3c-57cc-425b-90ef-9bcaa62a7535:c3606]
2019-06-14 13:45:55,342 INFO  client.GrpcClientProtocolClient (GrpcClientProtocolClient.java:onNext(254)) - client-E0FA40453D59->0c156e3c-57cc-425b-90ef-9bcaa62a7535: receive RaftClientReply:client-E0FA40453D59->0c156e3c-57cc-425b-90ef-9bcaa62a7535@group-7704A457760D, cid=2100, SUCCESS, logIndex=3605, commits[0c156e3c-57cc-425b-90ef-9bcaa62a7535:c3606]
2019-06-14 13:45:55,344 DEBUG block.SCMBlockDeletingService (SCMBlockDeletingService.java:call(138)) - Running DeletedBlockTransactionScanner
2019-06-14 13:45:55,345 DEBUG block.SCMBlockDeletingService (SCMBlockDeletingService.java:call(155)) - Scanned deleted blocks log and got 0 delTX to process.
2019-06-14 13:45:55,358 INFO  client.GrpcClientProtocolClient (GrpcClientProtocolClient.java:onNext(254)) - client-E0FA40453D59->0c156e3c-57cc-425b-90ef-9bcaa62a7535: receive RaftClientReply:client-E0FA40453D59->0c156e3c-57cc-425b-90ef-9bcaa62a7535@group-7704A457760D, cid=2101, SUCCESS, logIndex=3607, commits[0c156e3c-57cc-425b-90ef-9bcaa62a7535:c3607]
2019-06-14 13:45:55,363 INFO  client.GrpcClientProtocolClient (GrpcClientProtocolClient.java:onNext(254)) - client-E0FA40453D59->0c156e3c-57cc-425b-90ef-9bcaa62a7535: receive RaftClientReply:client-E0FA40453D59->0c156e3c-57cc-425b-90ef-9bcaa62a7535@group-7704A457760D, cid=2102, SUCCESS, logIndex=3609, commits[0c156e3c-57cc-425b-90ef-9bcaa62a7535:c3613]
2019-06-14 13:45:55,363 INFO  client.GrpcClientProtocolClient (GrpcClientProtocolClient.java:onNext(254)) - client-E0FA40453D59->0c156e3c-57cc-425b-90ef-9bcaa62a7535: receive RaftClientReply:client-E0FA40453D59->0c156e3c-57cc-425b-90ef-9bcaa62a7535@group-7704A457760D, cid=2103, SUCCESS, logIndex=3610, commits[0c156e3c-57cc-425b-90ef-9bcaa62a7535:c3613]
2019-06-14 13:45:55,363 INFO  client.GrpcClientProtocolClient (GrpcClientProtocolClient.java:onNext(254)) - client-E0FA40453D59->0c156e3c-57cc-425b-90ef-9bcaa62a7535: receive RaftClientReply:client-E0FA40453D59->0c156e3c-57cc-425b-90ef-9bcaa62a7535@group-7704A457760D, cid=2104, SUCCESS, logIndex=3612, commits[0c156e3c-57cc-425b-90ef-9bcaa62a7535:c3613]
2019-06-14 13:45:55,374 INFO  client.GrpcClientProtocolClient (GrpcClientProtocolClient.java:onNext(254)) - client-E0FA40453D59->0c156e3c-57cc-425b-90ef-9bcaa62a7535: receive RaftClientReply:client-E0FA40453D59->0c156e3c-57cc-425b-90ef-9bcaa62a7535@group-7704A457760D, cid=2105, SUCCESS, logIndex=3614, commits[0c156e3c-57cc-425b-90ef-9bcaa62a7535:c3615]
2019-06-14 13:45:55,378 INFO  client.GrpcClientProtocolClient (GrpcClientProtocolClient.java:onNext(254)) - client-E0FA40453D59->0c156e3c-57cc-425b-90ef-9bcaa62a7535: receive RaftClientReply:client-E0FA40453D59->0c156e3c-57cc-425b-90ef-9bcaa62a7535@group-7704A457760D, cid=2106, SUCCESS, logIndex=3616, commits[0c156e3c-57cc-425b-90ef-9bcaa62a7535:c3620]
2019-06-14 13:45:55,379 INFO  client.GrpcClientProtocolClient (GrpcClientProtocolClient.java:onNext(254)) - client-E0FA40453D59->0c156e3c-57cc-425b-90ef-9bcaa62a7535: receive RaftClientReply:client-E0FA40453D59->0c156e3c-57cc-425b-90ef-9bcaa62a7535@group-7704A457760D, cid=2107, SUCCESS, logIndex=3617, commits[0c156e3c-57cc-425b-90ef-9bcaa62a7535:c3620]
2019-06-14 13:45:55,379 INFO  client.GrpcClientProtocolClient (GrpcClientProtocolClient.java:onNext(254)) - client-E0FA40453D59->0c156e3c-57cc-425b-90ef-9bcaa62a7535: receive RaftClientReply:client-E0FA40453D59->0c156e3c-57cc-425b-90ef-9bcaa62a7535@group-7704A457760D, cid=2108, SUCCESS, logIndex=3619, commits[0c156e3c-57cc-425b-90ef-9bcaa62a7535:c3620]
2019-06-14 13:45:55,386 INFO  client.GrpcClientProtocolClient (GrpcClientProtocolClient.java:onNext(254)) - client-E0FA40453D59->0c156e3c-57cc-425b-90ef-9bcaa62a7535: receive RaftClientReply:client-E0FA40453D59->0c156e3c-57cc-425b-90ef-9bcaa62a7535@group-7704A457760D, cid=2109, SUCCESS, logIndex=3621, commits[0c156e3c-57cc-425b-90ef-9bcaa62a7535:c3622]
2019-06-14 13:45:55,388 INFO  client.GrpcClientProtocolClient (GrpcClientProtocolClient.java:onNext(254)) - client-E0FA40453D59->0c156e3c-57cc-425b-90ef-9bcaa62a7535: receive RaftClientReply:client-E0FA40453D59->0c156e3c-57cc-425b-90ef-9bcaa62a7535@group-7704A457760D, cid=2110, SUCCESS, logIndex=3623, commits[0c156e3c-57cc-425b-90ef-9bcaa62a7535:c3623]
2019-06-14 13:45:55,389 INFO  client.GrpcClientProtocolClient (GrpcClientProtocolClient.java:onNext(254)) - client-E0FA40453D59->0c156e3c-57cc-425b-90ef-9bcaa62a7535: receive RaftClientReply:client-E0FA40453D59->0c156e3c-57cc-425b-90ef-9bcaa62a7535@group-7704A457760D, cid=2111, SUCCESS, logIndex=3624, commits[0c156e3c-57cc-425b-90ef-9bcaa62a7535:c3625]
2019-06-14 13:45:55,390 INFO  client.GrpcClientProtocolClient (GrpcClientProtocolClient.java:onNext(254)) - client-E0FA40453D59->0c156e3c-57cc-425b-90ef-9bcaa62a7535: receive RaftClientReply:client-E0FA40453D59->0c156e3c-57cc-425b-90ef-9bcaa62a7535@group-7704A457760D, cid=2112, SUCCESS, logIndex=3625, commits[0c156e3c-57cc-425b-90ef-9bcaa62a7535:c3626]
2019-06-14 13:45:55,403 INFO  client.GrpcClientProtocolClient (GrpcClientProtocolClient.java:onNext(254)) - client-E0FA40453D59->0c156e3c-57cc-425b-90ef-9bcaa62a7535: receive RaftClientReply:client-E0FA40453D59->0c156e3c-57cc-425b-90ef-9bcaa62a7535@group-7704A457760D, cid=2113, SUCCESS, logIndex=3628, commits[0c156e3c-57cc-425b-90ef-9bcaa62a7535:c3629]
2019-06-14 13:45:55,404 INFO  client.GrpcClientProtocolClient (GrpcClientProtocolClient.java:onNext(254)) - client-E0FA40453D59->0c156e3c-57cc-425b-90ef-9bcaa62a7535: receive RaftClientReply:client-E0FA40453D59->0c156e3c-57cc-425b-90ef-9bcaa62a7535@group-7704A457760D, cid=2114, SUCCESS, logIndex=3630, commits[0c156e3c-57cc-425b-90ef-9bcaa62a7535:c3630]
2019-06-14 13:45:55,406 INFO  client.GrpcClientProtocolClient (GrpcClientProtocolClient.java:onNext(254)) - client-E0FA40453D59->0c156e3c-57cc-425b-90ef-9bcaa62a7535: receive RaftClientReply:client-E0FA40453D59->0c156e3c-57cc-425b-90ef-9bcaa62a7535@group-7704A457760D, cid=2115, SUCCESS, logIndex=3632, commits[0c156e3c-57cc-425b-90ef-9bcaa62a7535:c3633]
2019-06-14 13:45:55,407 INFO  client.GrpcClientProtocolClient (GrpcClientProtocolClient.java:onNext(254)) - client-E0FA40453D59->0c156e3c-57cc-425b-90ef-9bcaa62a7535: receive RaftClientReply:client-E0FA40453D59->0c156e3c-57cc-425b-90ef-9bcaa62a7535@group-7704A457760D, cid=2116, SUCCESS, logIndex=3633, commits[0c156e3c-57cc-425b-90ef-9bcaa62a7535:c3633]
2019-06-14 13:45:55,416 INFO  client.GrpcClientProtocolClient (GrpcClientProtocolClient.java:onNext(254)) - client-E0FA40453D59->0c156e3c-57cc-425b-90ef-9bcaa62a7535: receive RaftClientReply:client-E0FA40453D59->0c156e3c-57cc-425b-90ef-9bcaa62a7535@group-7704A457760D, cid=2117, SUCCESS, logIndex=3635, commits[0c156e3c-57cc-425b-90ef-9bcaa62a7535:c3635]
2019-06-14 13:45:55,418 INFO  client.GrpcClientProtocolClient (GrpcClientProtocolClient.java:onNext(254)) - client-E0FA40453D59->0c156e3c-57cc-425b-90ef-9bcaa62a7535: receive RaftClientReply:client-E0FA40453D59->0c156e3c-57cc-425b-90ef-9bcaa62a7535@group-7704A457760D, cid=2118, SUCCESS, logIndex=3637, commits[0c156e3c-57cc-425b-90ef-9bcaa62a7535:c3637]
2019-06-14 13:45:55,419 INFO  client.GrpcClientProtocolClient (GrpcClientProtocolClient.java:onNext(254)) - client-E0FA40453D59->0c156e3c-57cc-425b-90ef-9bcaa62a7535: receive RaftClientReply:client-E0FA40453D59->0c156e3c-57cc-425b-90ef-9bcaa62a7535@group-7704A457760D, cid=2119, SUCCESS, logIndex=3638, commits[0c156e3c-57cc-425b-90ef-9bcaa62a7535:c3638]
2019-06-14 13:45:55,419 INFO  client.GrpcClientProtocolClient (GrpcClientProtocolClient.java:onNext(254)) - client-E0FA40453D59->0c156e3c-57cc-425b-90ef-9bcaa62a7535: receive RaftClientReply:client-E0FA40453D59->0c156e3c-57cc-425b-90ef-9bcaa62a7535@group-7704A457760D, cid=2120, SUCCESS, logIndex=3640, commits[0c156e3c-57cc-425b-90ef-9bcaa62a7535:c3640]
2019-06-14 13:45:55,446 DEBUG block.SCMBlockDeletingService (SCMBlockDeletingService.java:call(138)) - Running DeletedBlockTransactionScanner
2019-06-14 13:45:55,446 DEBUG block.SCMBlockDeletingService (SCMBlockDeletingService.java:call(155)) - Scanned deleted blocks log and got 0 delTX to process.
2019-06-14 13:45:55,508 INFO  client.GrpcClientProtocolClient (GrpcClientProtocolClient.java:onNext(254)) - client-E0FA40453D59->0c156e3c-57cc-425b-90ef-9bcaa62a7535: receive RaftClientReply:client-E0FA40453D59->0c156e3c-57cc-425b-90ef-9bcaa62a7535@group-7704A457760D, cid=2121, SUCCESS, logIndex=3643, commits[0c156e3c-57cc-425b-90ef-9bcaa62a7535:c3644]
2019-06-14 13:45:55,512 INFO  client.GrpcClientProtocolClient (GrpcClientProtocolClient.java:onNext(254)) - client-E0FA40453D59->0c156e3c-57cc-425b-90ef-9bcaa62a7535: receive RaftClientReply:client-E0FA40453D59->0c156e3c-57cc-425b-90ef-9bcaa62a7535@group-7704A457760D, cid=2122, SUCCESS, logIndex=3645, commits[0c156e3c-57cc-425b-90ef-9bcaa62a7535:c3645]
2019-06-14 13:45:55,516 INFO  client.GrpcClientProtocolClient (GrpcClientProtocolClient.java:onNext(254)) - client-E0FA40453D59->0c156e3c-57cc-425b-90ef-9bcaa62a7535: receive RaftClientReply:client-E0FA40453D59->0c156e3c-57cc-425b-90ef-9bcaa62a7535@group-7704A457760D, cid=2123, SUCCESS, logIndex=3647, commits[0c156e3c-57cc-425b-90ef-9bcaa62a7535:c3647]
2019-06-14 13:45:55,518 INFO  client.GrpcClientProtocolClient (GrpcClientProtocolClient.java:onNext(254)) - client-E0FA40453D59->0c156e3c-57cc-425b-90ef-9bcaa62a7535: receive RaftClientReply:client-E0FA40453D59->0c156e3c-57cc-425b-90ef-9bcaa62a7535@group-7704A457760D, cid=2124, SUCCESS, logIndex=3649, commits[0c156e3c-57cc-425b-90ef-9bcaa62a7535:c3649]
2019-06-14 13:45:55,525 INFO  client.GrpcClientProtocolClient (GrpcClientProtocolClient.java:onNext(254)) - client-E0FA40453D59->0c156e3c-57cc-425b-90ef-9bcaa62a7535: receive RaftClientReply:client-E0FA40453D59->0c156e3c-57cc-425b-90ef-9bcaa62a7535@group-7704A457760D, cid=2125, SUCCESS, logIndex=3651, commits[0c156e3c-57cc-425b-90ef-9bcaa62a7535:c3651]
2019-06-14 13:45:55,527 INFO  client.GrpcClientProtocolClient (GrpcClientProtocolClient.java:onNext(254)) - client-E0FA40453D59->0c156e3c-57cc-425b-90ef-9bcaa62a7535: receive RaftClientReply:client-E0FA40453D59->0c156e3c-57cc-425b-90ef-9bcaa62a7535@group-7704A457760D, cid=2126, SUCCESS, logIndex=3653, commits[0c156e3c-57cc-425b-90ef-9bcaa62a7535:c3653]
2019-06-14 13:45:55,528 INFO  client.GrpcClientProtocolClient (GrpcClientProtocolClient.java:onNext(254)) - client-E0FA40453D59->0c156e3c-57cc-425b-90ef-9bcaa62a7535: receive RaftClientReply:client-E0FA40453D59->0c156e3c-57cc-425b-90ef-9bcaa62a7535@group-7704A457760D, cid=2127, SUCCESS, logIndex=3654, commits[0c156e3c-57cc-425b-90ef-9bcaa62a7535:c3655]
2019-06-14 13:45:55,528 INFO  client.GrpcClientProtocolClient (GrpcClientProtocolClient.java:onNext(254)) - client-E0FA40453D59->0c156e3c-57cc-425b-90ef-9bcaa62a7535: receive RaftClientReply:client-E0FA40453D59->0c156e3c-57cc-425b-90ef-9bcaa62a7535@group-7704A457760D, cid=2128, SUCCESS, logIndex=3656, commits[0c156e3c-57cc-425b-90ef-9bcaa62a7535:c3656]
2019-06-14 13:45:55,543 INFO  client.GrpcClientProtocolClient (GrpcClientProtocolClient.java:onNext(254)) - client-E0FA40453D59->0c156e3c-57cc-425b-90ef-9bcaa62a7535: receive RaftClientReply:client-E0FA40453D59->0c156e3c-57cc-425b-90ef-9bcaa62a7535@group-7704A457760D, cid=2129, SUCCESS, logIndex=3658, commits[0c156e3c-57cc-425b-90ef-9bcaa62a7535:c3659]
2019-06-14 13:45:55,547 DEBUG block.SCMBlockDeletingService (SCMBlockDeletingService.java:call(138)) - Running DeletedBlockTransactionScanner
2019-06-14 13:45:55,547 DEBUG block.SCMBlockDeletingService (SCMBlockDeletingService.java:call(155)) - Scanned deleted blocks log and got 0 delTX to process.
2019-06-14 13:45:55,554 INFO  client.GrpcClientProtocolClient (GrpcClientProtocolClient.java:onNext(254)) - client-E0FA40453D59->0c156e3c-57cc-425b-90ef-9bcaa62a7535: receive RaftClientReply:client-E0FA40453D59->0c156e3c-57cc-425b-90ef-9bcaa62a7535@group-7704A457760D, cid=2130, SUCCESS, logIndex=3660, commits[0c156e3c-57cc-425b-90ef-9bcaa62a7535:c3660]
2019-06-14 13:45:55,554 INFO  client.GrpcClientProtocolClient (GrpcClientProtocolClient.java:onNext(254)) - client-E0FA40453D59->0c156e3c-57cc-425b-90ef-9bcaa62a7535: receive RaftClientReply:client-E0FA40453D59->0c156e3c-57cc-425b-90ef-9bcaa62a7535@group-7704A457760D, cid=2131, SUCCESS, logIndex=3661, commits[0c156e3c-57cc-425b-90ef-9bcaa62a7535:c3663]
2019-06-14 13:45:55,554 INFO  client.GrpcClientProtocolClient (GrpcClientProtocolClient.java:onNext(254)) - client-E0FA40453D59->0c156e3c-57cc-425b-90ef-9bcaa62a7535: receive RaftClientReply:client-E0FA40453D59->0c156e3c-57cc-425b-90ef-9bcaa62a7535@group-7704A457760D, cid=2132, SUCCESS, logIndex=3662, commits[0c156e3c-57cc-425b-90ef-9bcaa62a7535:c3663]
2019-06-14 13:45:55,611 INFO  client.GrpcClientProtocolClient (GrpcClientProtocolClient.java:onNext(254)) - client-E0FA40453D59->0c156e3c-57cc-425b-90ef-9bcaa62a7535: receive RaftClientReply:client-E0FA40453D59->0c156e3c-57cc-425b-90ef-9bcaa62a7535@group-7704A457760D, cid=2133, SUCCESS, logIndex=3664, commits[0c156e3c-57cc-425b-90ef-9bcaa62a7535:c3664]
2019-06-14 13:45:55,614 INFO  client.GrpcClientProtocolClient (GrpcClientProtocolClient.java:onNext(254)) - client-E0FA40453D59->0c156e3c-57cc-425b-90ef-9bcaa62a7535: receive RaftClientReply:client-E0FA40453D59->0c156e3c-57cc-425b-90ef-9bcaa62a7535@group-7704A457760D, cid=2134, SUCCESS, logIndex=3666, commits[0c156e3c-57cc-425b-90ef-9bcaa62a7535:c3666]
2019-06-14 13:45:55,618 INFO  client.GrpcClientProtocolClient (GrpcClientProtocolClient.java:onNext(254)) - client-E0FA40453D59->0c156e3c-57cc-425b-90ef-9bcaa62a7535: receive RaftClientReply:client-E0FA40453D59->0c156e3c-57cc-425b-90ef-9bcaa62a7535@group-7704A457760D, cid=2135, SUCCESS, logIndex=3667, commits[0c156e3c-57cc-425b-90ef-9bcaa62a7535:c3669]
2019-06-14 13:45:55,619 INFO  client.GrpcClientProtocolClient (GrpcClientProtocolClient.java:onNext(254)) - client-E0FA40453D59->0c156e3c-57cc-425b-90ef-9bcaa62a7535: receive RaftClientReply:client-E0FA40453D59->0c156e3c-57cc-425b-90ef-9bcaa62a7535@group-7704A457760D, cid=2136, SUCCESS, logIndex=3668, commits[0c156e3c-57cc-425b-90ef-9bcaa62a7535:c3669]
2019-06-14 13:45:55,632 INFO  client.GrpcClientProtocolClient (GrpcClientProtocolClient.java:onNext(254)) - client-E0FA40453D59->0c156e3c-57cc-425b-90ef-9bcaa62a7535: receive RaftClientReply:client-E0FA40453D59->0c156e3c-57cc-425b-90ef-9bcaa62a7535@group-7704A457760D, cid=2137, SUCCESS, logIndex=3670, commits[0c156e3c-57cc-425b-90ef-9bcaa62a7535:c3670]
2019-06-14 13:45:55,634 INFO  client.GrpcClientProtocolClient (GrpcClientProtocolClient.java:onNext(254)) - client-E0FA40453D59->0c156e3c-57cc-425b-90ef-9bcaa62a7535: receive RaftClientReply:client-E0FA40453D59->0c156e3c-57cc-425b-90ef-9bcaa62a7535@group-7704A457760D, cid=2138, SUCCESS, logIndex=3672, commits[0c156e3c-57cc-425b-90ef-9bcaa62a7535:c3672]
2019-06-14 13:45:55,637 INFO  client.GrpcClientProtocolClient (GrpcClientProtocolClient.java:onNext(254)) - client-E0FA40453D59->0c156e3c-57cc-425b-90ef-9bcaa62a7535: receive RaftClientReply:client-E0FA40453D59->0c156e3c-57cc-425b-90ef-9bcaa62a7535@group-7704A457760D, cid=2139, SUCCESS, logIndex=3673, commits[0c156e3c-57cc-425b-90ef-9bcaa62a7535:c3674]
2019-06-14 13:45:55,638 INFO  client.GrpcClientProtocolClient (GrpcClientProtocolClient.java:onNext(254)) - client-E0FA40453D59->0c156e3c-57cc-425b-90ef-9bcaa62a7535: receive RaftClientReply:client-E0FA40453D59->0c156e3c-57cc-425b-90ef-9bcaa62a7535@group-7704A457760D, cid=2140, SUCCESS, logIndex=3674, commits[0c156e3c-57cc-425b-90ef-9bcaa62a7535:c3675]
2019-06-14 13:45:55,643 INFO  storage.RaftLogWorker (RaftLogWorker.java:rollLogSegment(303)) - 0c156e3c-57cc-425b-90ef-9bcaa62a7535-RaftLogWorker: Rolling segment log-3604_3678 to index:3678
2019-06-14 13:45:55,644 INFO  client.GrpcClientProtocolClient (GrpcClientProtocolClient.java:onNext(254)) - client-E0FA40453D59->0c156e3c-57cc-425b-90ef-9bcaa62a7535: receive RaftClientReply:client-E0FA40453D59->0c156e3c-57cc-425b-90ef-9bcaa62a7535@group-7704A457760D, cid=2141, SUCCESS, logIndex=3677, commits[0c156e3c-57cc-425b-90ef-9bcaa62a7535:c3677]
2019-06-14 13:45:55,644 INFO  storage.RaftLogWorker (RaftLogWorker.java:execute(433)) - 0c156e3c-57cc-425b-90ef-9bcaa62a7535-RaftLogWorker: Rolled log segment from /opt/src/hadoop-ozone/integration-test/target/test-dir/MiniOzoneClusterImpl-8919240e-7e15-4dbf-8bf4-c210578586bb/datanode-0/data/ratis/1fc53845-3381-4beb-82f9-7704a457760d/current/log_inprogress_3604 to /opt/src/hadoop-ozone/integration-test/target/test-dir/MiniOzoneClusterImpl-8919240e-7e15-4dbf-8bf4-c210578586bb/datanode-0/data/ratis/1fc53845-3381-4beb-82f9-7704a457760d/current/log_3604-3678
2019-06-14 13:45:55,647 DEBUG block.SCMBlockDeletingService (SCMBlockDeletingService.java:call(138)) - Running DeletedBlockTransactionScanner
2019-06-14 13:45:55,647 DEBUG block.SCMBlockDeletingService (SCMBlockDeletingService.java:call(155)) - Scanned deleted blocks log and got 0 delTX to process.
2019-06-14 13:45:55,688 INFO  storage.RaftLogWorker (RaftLogWorker.java:execute(469)) - 0c156e3c-57cc-425b-90ef-9bcaa62a7535-RaftLogWorker: created new log segment /opt/src/hadoop-ozone/integration-test/target/test-dir/MiniOzoneClusterImpl-8919240e-7e15-4dbf-8bf4-c210578586bb/datanode-0/data/ratis/1fc53845-3381-4beb-82f9-7704a457760d/current/log_inprogress_3679
2019-06-14 13:45:55,694 INFO  client.GrpcClientProtocolClient (GrpcClientProtocolClient.java:onNext(254)) - client-E0FA40453D59->0c156e3c-57cc-425b-90ef-9bcaa62a7535: receive RaftClientReply:client-E0FA40453D59->0c156e3c-57cc-425b-90ef-9bcaa62a7535@group-7704A457760D, cid=2142, SUCCESS, logIndex=3679, commits[0c156e3c-57cc-425b-90ef-9bcaa62a7535:c3681]
2019-06-14 13:45:55,694 INFO  client.GrpcClientProtocolClient (GrpcClientProtocolClient.java:onNext(254)) - client-E0FA40453D59->0c156e3c-57cc-425b-90ef-9bcaa62a7535: receive RaftClientReply:client-E0FA40453D59->0c156e3c-57cc-425b-90ef-9bcaa62a7535@group-7704A457760D, cid=2143, SUCCESS, logIndex=3680, commits[0c156e3c-57cc-425b-90ef-9bcaa62a7535:c3681]
2019-06-14 13:45:55,695 INFO  client.GrpcClientProtocolClient (GrpcClientProtocolClient.java:onNext(254)) - client-E0FA40453D59->0c156e3c-57cc-425b-90ef-9bcaa62a7535: receive RaftClientReply:client-E0FA40453D59->0c156e3c-57cc-425b-90ef-9bcaa62a7535@group-7704A457760D, cid=2144, SUCCESS, logIndex=3681, commits[0c156e3c-57cc-425b-90ef-9bcaa62a7535:c3681]
2019-06-14 13:45:55,708 INFO  client.GrpcClientProtocolClient (GrpcClientProtocolClient.java:onNext(254)) - client-E0FA40453D59->0c156e3c-57cc-425b-90ef-9bcaa62a7535: receive RaftClientReply:client-E0FA40453D59->0c156e3c-57cc-425b-90ef-9bcaa62a7535@group-7704A457760D, cid=2145, SUCCESS, logIndex=3683, commits[0c156e3c-57cc-425b-90ef-9bcaa62a7535:c3683]
2019-06-14 13:45:55,709 INFO  client.GrpcClientProtocolClient (GrpcClientProtocolClient.java:onNext(254)) - client-E0FA40453D59->0c156e3c-57cc-425b-90ef-9bcaa62a7535: receive RaftClientReply:client-E0FA40453D59->0c156e3c-57cc-425b-90ef-9bcaa62a7535@group-7704A457760D, cid=2146, SUCCESS, logIndex=3685, commits[0c156e3c-57cc-425b-90ef-9bcaa62a7535:c3685]
2019-06-14 13:45:55,718 INFO  client.GrpcClientProtocolClient (GrpcClientProtocolClient.java:onNext(254)) - client-E0FA40453D59->0c156e3c-57cc-425b-90ef-9bcaa62a7535: receive RaftClientReply:client-E0FA40453D59->0c156e3c-57cc-425b-90ef-9bcaa62a7535@group-7704A457760D, cid=2147, SUCCESS, logIndex=3687, commits[0c156e3c-57cc-425b-90ef-9bcaa62a7535:c3687]
2019-06-14 13:45:55,722 INFO  client.GrpcClientProtocolClient (GrpcClientProtocolClient.java:onNext(254)) - client-E0FA40453D59->0c156e3c-57cc-425b-90ef-9bcaa62a7535: receive RaftClientReply:client-E0FA40453D59->0c156e3c-57cc-425b-90ef-9bcaa62a7535@group-7704A457760D, cid=2148, SUCCESS, logIndex=3689, commits[0c156e3c-57cc-425b-90ef-9bcaa62a7535:c3689]
2019-06-14 13:45:55,729 INFO  client.GrpcClientProtocolClient (GrpcClientProtocolClient.java:onNext(254)) - client-E0FA40453D59->0c156e3c-57cc-425b-90ef-9bcaa62a7535: receive RaftClientReply:client-E0FA40453D59->0c156e3c-57cc-425b-90ef-9bcaa62a7535@group-7704A457760D, cid=2149, SUCCESS, logIndex=3691, commits[0c156e3c-57cc-425b-90ef-9bcaa62a7535:c3691]
2019-06-14 13:45:55,735 INFO  client.GrpcClientProtocolClient (GrpcClientProtocolClient.java:onNext(254)) - client-E0FA40453D59->0c156e3c-57cc-425b-90ef-9bcaa62a7535: receive RaftClientReply:client-E0FA40453D59->0c156e3c-57cc-425b-90ef-9bcaa62a7535@group-7704A457760D, cid=2150, SUCCESS, logIndex=3693, commits[0c156e3c-57cc-425b-90ef-9bcaa62a7535:c3693]
2019-06-14 13:45:55,738 INFO  client.GrpcClientProtocolClient (GrpcClientProtocolClient.java:onNext(254)) - client-E0FA40453D59->0c156e3c-57cc-425b-90ef-9bcaa62a7535: receive RaftClientReply:client-E0FA40453D59->0c156e3c-57cc-425b-90ef-9bcaa62a7535@group-7704A457760D, cid=2151, SUCCESS, logIndex=3694, commits[0c156e3c-57cc-425b-90ef-9bcaa62a7535:c3695]
2019-06-14 13:45:55,738 INFO  client.GrpcClientProtocolClient (GrpcClientProtocolClient.java:onNext(254)) - client-E0FA40453D59->0c156e3c-57cc-425b-90ef-9bcaa62a7535: receive RaftClientReply:client-E0FA40453D59->0c156e3c-57cc-425b-90ef-9bcaa62a7535@group-7704A457760D, cid=2152, SUCCESS, logIndex=3696, commits[0c156e3c-57cc-425b-90ef-9bcaa62a7535:c3696]
2019-06-14 13:45:55,748 DEBUG block.SCMBlockDeletingService (SCMBlockDeletingService.java:call(138)) - Running DeletedBlockTransactionScanner
2019-06-14 13:45:55,749 DEBUG block.SCMBlockDeletingService (SCMBlockDeletingService.java:call(155)) - Scanned deleted blocks log and got 0 delTX to process.
2019-06-14 13:45:55,750 INFO  client.GrpcClientProtocolClient (GrpcClientProtocolClient.java:onNext(254)) - client-E0FA40453D59->0c156e3c-57cc-425b-90ef-9bcaa62a7535: receive RaftClientReply:client-E0FA40453D59->0c156e3c-57cc-425b-90ef-9bcaa62a7535@group-7704A457760D, cid=2153, SUCCESS, logIndex=3698, commits[0c156e3c-57cc-425b-90ef-9bcaa62a7535:c3698]
2019-06-14 13:45:55,752 INFO  client.GrpcClientProtocolClient (GrpcClientProtocolClient.java:onNext(254)) - client-E0FA40453D59->0c156e3c-57cc-425b-90ef-9bcaa62a7535: receive RaftClientReply:client-E0FA40453D59->0c156e3c-57cc-425b-90ef-9bcaa62a7535@group-7704A457760D, cid=2154, SUCCESS, logIndex=3700, commits[0c156e3c-57cc-425b-90ef-9bcaa62a7535:c3700]
2019-06-14 13:45:55,753 INFO  client.GrpcClientProtocolClient (GrpcClientProtocolClient.java:onNext(254)) - client-E0FA40453D59->0c156e3c-57cc-425b-90ef-9bcaa62a7535: receive RaftClientReply:client-E0FA40453D59->0c156e3c-57cc-425b-90ef-9bcaa62a7535@group-7704A457760D, cid=2155, SUCCESS, logIndex=3701, commits[0c156e3c-57cc-425b-90ef-9bcaa62a7535:c3703]
2019-06-14 13:45:55,753 INFO  client.GrpcClientProtocolClient (GrpcClientProtocolClient.java:onNext(254)) - client-E0FA40453D59->0c156e3c-57cc-425b-90ef-9bcaa62a7535: receive RaftClientReply:client-E0FA40453D59->0c156e3c-57cc-425b-90ef-9bcaa62a7535@group-7704A457760D, cid=2156, SUCCESS, logIndex=3702, commits[0c156e3c-57cc-425b-90ef-9bcaa62a7535:c3703]
2019-06-14 13:45:55,761 INFO  client.GrpcClientProtocolClient (GrpcClientProtocolClient.java:onNext(254)) - client-E0FA40453D59->0c156e3c-57cc-425b-90ef-9bcaa62a7535: receive RaftClientReply:client-E0FA40453D59->0c156e3c-57cc-425b-90ef-9bcaa62a7535@group-7704A457760D, cid=2157, SUCCESS, logIndex=3704, commits[0c156e3c-57cc-425b-90ef-9bcaa62a7535:c3704]
2019-06-14 13:45:55,762 INFO  client.GrpcClientProtocolClient (GrpcClientProtocolClient.java:onNext(254)) - client-E0FA40453D59->0c156e3c-57cc-425b-90ef-9bcaa62a7535: receive RaftClientReply:client-E0FA40453D59->0c156e3c-57cc-425b-90ef-9bcaa62a7535@group-7704A457760D, cid=2158, SUCCESS, logIndex=3706, commits[0c156e3c-57cc-425b-90ef-9bcaa62a7535:c3706]
2019-06-14 13:45:55,771 INFO  client.GrpcClientProtocolClient (GrpcClientProtocolClient.java:onNext(254)) - client-E0FA40453D59->0c156e3c-57cc-425b-90ef-9bcaa62a7535: receive RaftClientReply:client-E0FA40453D59->0c156e3c-57cc-425b-90ef-9bcaa62a7535@group-7704A457760D, cid=2159, SUCCESS, logIndex=3707, commits[0c156e3c-57cc-425b-90ef-9bcaa62a7535:c3709]
2019-06-14 13:45:55,771 INFO  client.GrpcClientProtocolClient (GrpcClientProtocolClient.java:onNext(254)) - client-E0FA40453D59->0c156e3c-57cc-425b-90ef-9bcaa62a7535: receive RaftClientReply:client-E0FA40453D59->0c156e3c-57cc-425b-90ef-9bcaa62a7535@group-7704A457760D, cid=2160, SUCCESS, logIndex=3708, commits[0c156e3c-57cc-425b-90ef-9bcaa62a7535:c3709]
2019-06-14 13:45:55,783 INFO  client.GrpcClientProtocolClient (GrpcClientProtocolClient.java:onNext(254)) - client-E0FA40453D59->0c156e3c-57cc-425b-90ef-9bcaa62a7535: receive RaftClientReply:client-E0FA40453D59->0c156e3c-57cc-425b-90ef-9bcaa62a7535@group-7704A457760D, cid=2161, SUCCESS, logIndex=3710, commits[0c156e3c-57cc-425b-90ef-9bcaa62a7535:c3710]
2019-06-14 13:45:55,785 INFO  client.GrpcClientProtocolClient (GrpcClientProtocolClient.java:onNext(254)) - client-E0FA40453D59->0c156e3c-57cc-425b-90ef-9bcaa62a7535: receive RaftClientReply:client-E0FA40453D59->0c156e3c-57cc-425b-90ef-9bcaa62a7535@group-7704A457760D, cid=2162, SUCCESS, logIndex=3712, commits[0c156e3c-57cc-425b-90ef-9bcaa62a7535:c3712]
2019-06-14 13:45:55,787 INFO  client.GrpcClientProtocolClient (GrpcClientProtocolClient.java:onNext(254)) - client-E0FA40453D59->0c156e3c-57cc-425b-90ef-9bcaa62a7535: receive RaftClientReply:client-E0FA40453D59->0c156e3c-57cc-425b-90ef-9bcaa62a7535@group-7704A457760D, cid=2163, SUCCESS, logIndex=3714, commits[0c156e3c-57cc-425b-90ef-9bcaa62a7535:c3714]
2019-06-14 13:45:55,789 INFO  client.GrpcClientProtocolClient (GrpcClientProtocolClient.java:onNext(254)) - client-E0FA40453D59->0c156e3c-57cc-425b-90ef-9bcaa62a7535: receive RaftClientReply:client-E0FA40453D59->0c156e3c-57cc-425b-90ef-9bcaa62a7535@group-7704A457760D, cid=2164, SUCCESS, logIndex=3716, commits[0c156e3c-57cc-425b-90ef-9bcaa62a7535:c3716]
2019-06-14 13:45:55,849 DEBUG block.SCMBlockDeletingService (SCMBlockDeletingService.java:call(138)) - Running DeletedBlockTransactionScanner
2019-06-14 13:45:55,849 DEBUG block.SCMBlockDeletingService (SCMBlockDeletingService.java:call(155)) - Scanned deleted blocks log and got 0 delTX to process.
2019-06-14 13:45:55,882 INFO  client.GrpcClientProtocolClient (GrpcClientProtocolClient.java:onNext(254)) - client-E0FA40453D59->0c156e3c-57cc-425b-90ef-9bcaa62a7535: receive RaftClientReply:client-E0FA40453D59->0c156e3c-57cc-425b-90ef-9bcaa62a7535@group-7704A457760D, cid=2165, SUCCESS, logIndex=3718, commits[0c156e3c-57cc-425b-90ef-9bcaa62a7535:c3718]
2019-06-14 13:45:55,887 INFO  client.GrpcClientProtocolClient (GrpcClientProtocolClient.java:onNext(254)) - client-E0FA40453D59->0c156e3c-57cc-425b-90ef-9bcaa62a7535: receive RaftClientReply:client-E0FA40453D59->0c156e3c-57cc-425b-90ef-9bcaa62a7535@group-7704A457760D, cid=2166, SUCCESS, logIndex=3720, commits[0c156e3c-57cc-425b-90ef-9bcaa62a7535:c3720]
2019-06-14 13:45:55,890 INFO  client.GrpcClientProtocolClient (GrpcClientProtocolClient.java:onNext(254)) - client-E0FA40453D59->0c156e3c-57cc-425b-90ef-9bcaa62a7535: receive RaftClientReply:client-E0FA40453D59->0c156e3c-57cc-425b-90ef-9bcaa62a7535@group-7704A457760D, cid=2167, SUCCESS, logIndex=3722, commits[0c156e3c-57cc-425b-90ef-9bcaa62a7535:c3723]
2019-06-14 13:45:55,890 INFO  client.GrpcClientProtocolClient (GrpcClientProtocolClient.java:onNext(254)) - client-E0FA40453D59->0c156e3c-57cc-425b-90ef-9bcaa62a7535: receive RaftClientReply:client-E0FA40453D59->0c156e3c-57cc-425b-90ef-9bcaa62a7535@group-7704A457760D, cid=2168, SUCCESS, logIndex=3723, commits[0c156e3c-57cc-425b-90ef-9bcaa62a7535:c3723]
2019-06-14 13:45:55,903 INFO  client.GrpcClientProtocolClient (GrpcClientProtocolClient.java:onNext(254)) - client-E0FA40453D59->0c156e3c-57cc-425b-90ef-9bcaa62a7535: receive RaftClientReply:client-E0FA40453D59->0c156e3c-57cc-425b-90ef-9bcaa62a7535@group-7704A457760D, cid=2169, SUCCESS, logIndex=3725, commits[0c156e3c-57cc-425b-90ef-9bcaa62a7535:c3725]
2019-06-14 13:45:55,906 INFO  client.GrpcClientProtocolClient (GrpcClientProtocolClient.java:onNext(254)) - client-E0FA40453D59->0c156e3c-57cc-425b-90ef-9bcaa62a7535: receive RaftClientReply:client-E0FA40453D59->0c156e3c-57cc-425b-90ef-9bcaa62a7535@group-7704A457760D, cid=2170, SUCCESS, logIndex=3727, commits[0c156e3c-57cc-425b-90ef-9bcaa62a7535:c3727]
2019-06-14 13:45:55,910 INFO  client.GrpcClientProtocolClient (GrpcClientProtocolClient.java:onNext(254)) - client-E0FA40453D59->0c156e3c-57cc-425b-90ef-9bcaa62a7535: receive RaftClientReply:client-E0FA40453D59->0c156e3c-57cc-425b-90ef-9bcaa62a7535@group-7704A457760D, cid=2171, SUCCESS, logIndex=3728, commits[0c156e3c-57cc-425b-90ef-9bcaa62a7535:c3730]
2019-06-14 13:45:55,911 INFO  client.GrpcClientProtocolClient (GrpcClientProtocolClient.java:onNext(254)) - client-E0FA40453D59->0c156e3c-57cc-425b-90ef-9bcaa62a7535: receive RaftClientReply:client-E0FA40453D59->0c156e3c-57cc-425b-90ef-9bcaa62a7535@group-7704A457760D, cid=2172, SUCCESS, logIndex=3729, commits[0c156e3c-57cc-425b-90ef-9bcaa62a7535:c3730]
2019-06-14 13:45:55,921 INFO  client.GrpcClientProtocolClient (GrpcClientProtocolClient.java:onNext(254)) - client-E0FA40453D59->0c156e3c-57cc-425b-90ef-9bcaa62a7535: receive RaftClientReply:client-E0FA40453D59->0c156e3c-57cc-425b-90ef-9bcaa62a7535@group-7704A457760D, cid=2173, SUCCESS, logIndex=3731, commits[0c156e3c-57cc-425b-90ef-9bcaa62a7535:c3731]
2019-06-14 13:45:55,922 INFO  client.GrpcClientProtocolClient (GrpcClientProtocolClient.java:onNext(254)) - client-E0FA40453D59->0c156e3c-57cc-425b-90ef-9bcaa62a7535: receive RaftClientReply:client-E0FA40453D59->0c156e3c-57cc-425b-90ef-9bcaa62a7535@group-7704A457760D, cid=2174, SUCCESS, logIndex=3733, commits[0c156e3c-57cc-425b-90ef-9bcaa62a7535:c3733]
2019-06-14 13:45:55,930 INFO  client.GrpcClientProtocolClient (GrpcClientProtocolClient.java:onNext(254)) - client-E0FA40453D59->0c156e3c-57cc-425b-90ef-9bcaa62a7535: receive RaftClientReply:client-E0FA40453D59->0c156e3c-57cc-425b-90ef-9bcaa62a7535@group-7704A457760D, cid=2175, SUCCESS, logIndex=3734, commits[0c156e3c-57cc-425b-90ef-9bcaa62a7535:c3736]
2019-06-14 13:45:55,931 INFO  client.GrpcClientProtocolClient (GrpcClientProtocolClient.java:onNext(254)) - client-E0FA40453D59->0c156e3c-57cc-425b-90ef-9bcaa62a7535: receive RaftClientReply:client-E0FA40453D59->0c156e3c-57cc-425b-90ef-9bcaa62a7535@group-7704A457760D, cid=2176, SUCCESS, logIndex=3735, commits[0c156e3c-57cc-425b-90ef-9bcaa62a7535:c3736]
2019-06-14 13:45:55,946 INFO  client.GrpcClientProtocolClient (GrpcClientProtocolClient.java:onNext(254)) - client-E0FA40453D59->0c156e3c-57cc-425b-90ef-9bcaa62a7535: receive RaftClientReply:client-E0FA40453D59->0c156e3c-57cc-425b-90ef-9bcaa62a7535@group-7704A457760D, cid=2177, SUCCESS, logIndex=3737, commits[0c156e3c-57cc-425b-90ef-9bcaa62a7535:c3737]
2019-06-14 13:45:55,946 INFO  client.GrpcClientProtocolClient (GrpcClientProtocolClient.java:onNext(254)) - client-E0FA40453D59->0c156e3c-57cc-425b-90ef-9bcaa62a7535: receive RaftClientReply:client-E0FA40453D59->0c156e3c-57cc-425b-90ef-9bcaa62a7535@group-7704A457760D, cid=2178, SUCCESS, logIndex=3739, commits[0c156e3c-57cc-425b-90ef-9bcaa62a7535:c3739]
2019-06-14 13:45:55,946 INFO  client.GrpcClientProtocolClient (GrpcClientProtocolClient.java:onNext(254)) - client-E0FA40453D59->0c156e3c-57cc-425b-90ef-9bcaa62a7535: receive RaftClientReply:client-E0FA40453D59->0c156e3c-57cc-425b-90ef-9bcaa62a7535@group-7704A457760D, cid=2179, SUCCESS, logIndex=3740, commits[0c156e3c-57cc-425b-90ef-9bcaa62a7535:c3742]
2019-06-14 13:45:55,947 INFO  client.GrpcClientProtocolClient (GrpcClientProtocolClient.java:onNext(254)) - client-E0FA40453D59->0c156e3c-57cc-425b-90ef-9bcaa62a7535: receive RaftClientReply:client-E0FA40453D59->0c156e3c-57cc-425b-90ef-9bcaa62a7535@group-7704A457760D, cid=2180, SUCCESS, logIndex=3741, commits[0c156e3c-57cc-425b-90ef-9bcaa62a7535:c3742]
2019-06-14 13:45:55,949 DEBUG block.SCMBlockDeletingService (SCMBlockDeletingService.java:call(138)) - Running DeletedBlockTransactionScanner
2019-06-14 13:45:55,949 DEBUG block.SCMBlockDeletingService (SCMBlockDeletingService.java:call(155)) - Scanned deleted blocks log and got 0 delTX to process.
2019-06-14 13:45:55,952 INFO  client.GrpcClientProtocolClient (GrpcClientProtocolClient.java:onNext(254)) - client-E0FA40453D59->0c156e3c-57cc-425b-90ef-9bcaa62a7535: receive RaftClientReply:client-E0FA40453D59->0c156e3c-57cc-425b-90ef-9bcaa62a7535@group-7704A457760D, cid=2181, SUCCESS, logIndex=3743, commits[0c156e3c-57cc-425b-90ef-9bcaa62a7535:c3743]
2019-06-14 13:45:55,954 INFO  client.GrpcClientProtocolClient (GrpcClientProtocolClient.java:onNext(254)) - client-E0FA40453D59->0c156e3c-57cc-425b-90ef-9bcaa62a7535: receive RaftClientReply:client-E0FA40453D59->0c156e3c-57cc-425b-90ef-9bcaa62a7535@group-7704A457760D, cid=2182, SUCCESS, logIndex=3745, commits[0c156e3c-57cc-425b-90ef-9bcaa62a7535:c3745]
2019-06-14 13:45:55,955 INFO  client.GrpcClientProtocolClient (GrpcClientProtocolClient.java:onNext(254)) - client-E0FA40453D59->0c156e3c-57cc-425b-90ef-9bcaa62a7535: receive RaftClientReply:client-E0FA40453D59->0c156e3c-57cc-425b-90ef-9bcaa62a7535@group-7704A457760D, cid=2183, SUCCESS, logIndex=3746, commits[0c156e3c-57cc-425b-90ef-9bcaa62a7535:c3747]
2019-06-14 13:45:55,955 INFO  storage.RaftLogWorker (RaftLogWorker.java:rollLogSegment(303)) - 0c156e3c-57cc-425b-90ef-9bcaa62a7535-RaftLogWorker: Rolling segment log-3679_3748 to index:3748
2019-06-14 13:45:55,956 INFO  storage.RaftLogWorker (RaftLogWorker.java:execute(433)) - 0c156e3c-57cc-425b-90ef-9bcaa62a7535-RaftLogWorker: Rolled log segment from /opt/src/hadoop-ozone/integration-test/target/test-dir/MiniOzoneClusterImpl-8919240e-7e15-4dbf-8bf4-c210578586bb/datanode-0/data/ratis/1fc53845-3381-4beb-82f9-7704a457760d/current/log_inprogress_3679 to /opt/src/hadoop-ozone/integration-test/target/test-dir/MiniOzoneClusterImpl-8919240e-7e15-4dbf-8bf4-c210578586bb/datanode-0/data/ratis/1fc53845-3381-4beb-82f9-7704a457760d/current/log_3679-3748
2019-06-14 13:45:55,963 INFO  client.GrpcClientProtocolClient (GrpcClientProtocolClient.java:onNext(254)) - client-E0FA40453D59->0c156e3c-57cc-425b-90ef-9bcaa62a7535: receive RaftClientReply:client-E0FA40453D59->0c156e3c-57cc-425b-90ef-9bcaa62a7535@group-7704A457760D, cid=2184, SUCCESS, logIndex=3748, commits[0c156e3c-57cc-425b-90ef-9bcaa62a7535:c3748]
2019-06-14 13:45:56,007 INFO  storage.RaftLogWorker (RaftLogWorker.java:execute(469)) - 0c156e3c-57cc-425b-90ef-9bcaa62a7535-RaftLogWorker: created new log segment /opt/src/hadoop-ozone/integration-test/target/test-dir/MiniOzoneClusterImpl-8919240e-7e15-4dbf-8bf4-c210578586bb/datanode-0/data/ratis/1fc53845-3381-4beb-82f9-7704a457760d/current/log_inprogress_3749
2019-06-14 13:45:56,026 INFO  client.GrpcClientProtocolClient (GrpcClientProtocolClient.java:onNext(254)) - client-E0FA40453D59->0c156e3c-57cc-425b-90ef-9bcaa62a7535: receive RaftClientReply:client-E0FA40453D59->0c156e3c-57cc-425b-90ef-9bcaa62a7535@group-7704A457760D, cid=2185, SUCCESS, logIndex=3750, commits[0c156e3c-57cc-425b-90ef-9bcaa62a7535:c3751]
2019-06-14 13:45:56,039 INFO  client.GrpcClientProtocolClient (GrpcClientProtocolClient.java:onNext(254)) - client-E0FA40453D59->0c156e3c-57cc-425b-90ef-9bcaa62a7535: receive RaftClientReply:client-E0FA40453D59->0c156e3c-57cc-425b-90ef-9bcaa62a7535@group-7704A457760D, cid=2186, SUCCESS, logIndex=3752, commits[0c156e3c-57cc-425b-90ef-9bcaa62a7535:c3752]
2019-06-14 13:45:56,039 INFO  client.GrpcClientProtocolClient (GrpcClientProtocolClient.java:onNext(254)) - client-E0FA40453D59->0c156e3c-57cc-425b-90ef-9bcaa62a7535: receive RaftClientReply:client-E0FA40453D59->0c156e3c-57cc-425b-90ef-9bcaa62a7535@group-7704A457760D, cid=2187, SUCCESS, logIndex=3753, commits[0c156e3c-57cc-425b-90ef-9bcaa62a7535:c3754]
2019-06-14 13:45:56,040 INFO  client.GrpcClientProtocolClient (GrpcClientProtocolClient.java:onNext(254)) - client-E0FA40453D59->0c156e3c-57cc-425b-90ef-9bcaa62a7535: receive RaftClientReply:client-E0FA40453D59->0c156e3c-57cc-425b-90ef-9bcaa62a7535@group-7704A457760D, cid=2188, SUCCESS, logIndex=3754, commits[0c156e3c-57cc-425b-90ef-9bcaa62a7535:c3756]
2019-06-14 13:45:56,050 DEBUG block.SCMBlockDeletingService (SCMBlockDeletingService.java:call(138)) - Running DeletedBlockTransactionScanner
2019-06-14 13:45:56,050 DEBUG block.SCMBlockDeletingService (SCMBlockDeletingService.java:call(155)) - Scanned deleted blocks log and got 0 delTX to process.
2019-06-14 13:45:56,059 INFO  client.GrpcClientProtocolClient (GrpcClientProtocolClient.java:onNext(254)) - client-E0FA40453D59->0c156e3c-57cc-425b-90ef-9bcaa62a7535: receive RaftClientReply:client-E0FA40453D59->0c156e3c-57cc-425b-90ef-9bcaa62a7535@group-7704A457760D, cid=2189, SUCCESS, logIndex=3757, commits[0c156e3c-57cc-425b-90ef-9bcaa62a7535:c3757]
2019-06-14 13:45:56,115 INFO  client.GrpcClientProtocolClient (GrpcClientProtocolClient.java:onNext(254)) - client-E0FA40453D59->0c156e3c-57cc-425b-90ef-9bcaa62a7535: receive RaftClientReply:client-E0FA40453D59->0c156e3c-57cc-425b-90ef-9bcaa62a7535@group-7704A457760D, cid=2190, SUCCESS, logIndex=3759, commits[0c156e3c-57cc-425b-90ef-9bcaa62a7535:c3759]
2019-06-14 13:45:56,122 INFO  client.GrpcClientProtocolClient (GrpcClientProtocolClient.java:onNext(254)) - client-E0FA40453D59->0c156e3c-57cc-425b-90ef-9bcaa62a7535: receive RaftClientReply:client-E0FA40453D59->0c156e3c-57cc-425b-90ef-9bcaa62a7535@group-7704A457760D, cid=2191, SUCCESS, logIndex=3760, commits[0c156e3c-57cc-425b-90ef-9bcaa62a7535:c3762]
2019-06-14 13:45:56,126 INFO  client.GrpcClientProtocolClient (GrpcClientProtocolClient.java:onNext(254)) - client-E0FA40453D59->0c156e3c-57cc-425b-90ef-9bcaa62a7535: receive RaftClientReply:client-E0FA40453D59->0c156e3c-57cc-425b-90ef-9bcaa62a7535@group-7704A457760D, cid=2192, SUCCESS, logIndex=3761, commits[0c156e3c-57cc-425b-90ef-9bcaa62a7535:c3762]
2019-06-14 13:45:56,150 DEBUG block.SCMBlockDeletingService (SCMBlockDeletingService.java:call(138)) - Running DeletedBlockTransactionScanner
2019-06-14 13:45:56,150 DEBUG block.SCMBlockDeletingService (SCMBlockDeletingService.java:call(155)) - Scanned deleted blocks log and got 0 delTX to process.
2019-06-14 13:45:56,178 INFO  client.GrpcClientProtocolClient (GrpcClientProtocolClient.java:onNext(254)) - client-E0FA40453D59->0c156e3c-57cc-425b-90ef-9bcaa62a7535: receive RaftClientReply:client-E0FA40453D59->0c156e3c-57cc-425b-90ef-9bcaa62a7535@group-7704A457760D, cid=2193, SUCCESS, logIndex=3763, commits[0c156e3c-57cc-425b-90ef-9bcaa62a7535:c3763]
2019-06-14 13:45:56,192 INFO  client.GrpcClientProtocolClient (GrpcClientProtocolClient.java:onNext(254)) - client-E0FA40453D59->0c156e3c-57cc-425b-90ef-9bcaa62a7535: receive RaftClientReply:client-E0FA40453D59->0c156e3c-57cc-425b-90ef-9bcaa62a7535@group-7704A457760D, cid=2194, SUCCESS, logIndex=3765, commits[0c156e3c-57cc-425b-90ef-9bcaa62a7535:c3766]
2019-06-14 13:45:56,193 INFO  client.GrpcClientProtocolClient (GrpcClientProtocolClient.java:onNext(254)) - client-E0FA40453D59->0c156e3c-57cc-425b-90ef-9bcaa62a7535: receive RaftClientReply:client-E0FA40453D59->0c156e3c-57cc-425b-90ef-9bcaa62a7535@group-7704A457760D, cid=2195, SUCCESS, logIndex=3766, commits[0c156e3c-57cc-425b-90ef-9bcaa62a7535:c3766]
2019-06-14 13:45:56,202 INFO  client.GrpcClientProtocolClient (GrpcClientProtocolClient.java:onNext(254)) - client-E0FA40453D59->0c156e3c-57cc-425b-90ef-9bcaa62a7535: receive RaftClientReply:client-E0FA40453D59->0c156e3c-57cc-425b-90ef-9bcaa62a7535@group-7704A457760D, cid=2196, SUCCESS, logIndex=3767, commits[0c156e3c-57cc-425b-90ef-9bcaa62a7535:c3768]
2019-06-14 13:45:56,214 INFO  client.GrpcClientProtocolClient (GrpcClientProtocolClient.java:onNext(254)) - client-E0FA40453D59->0c156e3c-57cc-425b-90ef-9bcaa62a7535: receive RaftClientReply:client-E0FA40453D59->0c156e3c-57cc-425b-90ef-9bcaa62a7535@group-7704A457760D, cid=2197, SUCCESS, logIndex=3769, commits[0c156e3c-57cc-425b-90ef-9bcaa62a7535:c3769]
2019-06-14 13:45:56,219 INFO  client.GrpcClientProtocolClient (GrpcClientProtocolClient.java:onNext(254)) - client-E0FA40453D59->0c156e3c-57cc-425b-90ef-9bcaa62a7535: receive RaftClientReply:client-E0FA40453D59->0c156e3c-57cc-425b-90ef-9bcaa62a7535@group-7704A457760D, cid=2198, SUCCESS, logIndex=3771, commits[0c156e3c-57cc-425b-90ef-9bcaa62a7535:c3771]
2019-06-14 13:45:56,221 INFO  client.GrpcClientProtocolClient (GrpcClientProtocolClient.java:onNext(254)) - client-E0FA40453D59->0c156e3c-57cc-425b-90ef-9bcaa62a7535: receive RaftClientReply:client-E0FA40453D59->0c156e3c-57cc-425b-90ef-9bcaa62a7535@group-7704A457760D, cid=2199, SUCCESS, logIndex=3773, commits[0c156e3c-57cc-425b-90ef-9bcaa62a7535:c3773]
2019-06-14 13:45:56,222 INFO  client.GrpcClientProtocolClient (GrpcClientProtocolClient.java:onNext(254)) - client-E0FA40453D59->0c156e3c-57cc-425b-90ef-9bcaa62a7535: receive RaftClientReply:client-E0FA40453D59->0c156e3c-57cc-425b-90ef-9bcaa62a7535@group-7704A457760D, cid=2200, SUCCESS, logIndex=3774, commits[0c156e3c-57cc-425b-90ef-9bcaa62a7535:c3774]
2019-06-14 13:45:56,248 INFO  client.GrpcClientProtocolClient (GrpcClientProtocolClient.java:onNext(254)) - client-E0FA40453D59->0c156e3c-57cc-425b-90ef-9bcaa62a7535: receive RaftClientReply:client-E0FA40453D59->0c156e3c-57cc-425b-90ef-9bcaa62a7535@group-7704A457760D, cid=2201, SUCCESS, logIndex=3777, commits[0c156e3c-57cc-425b-90ef-9bcaa62a7535:c3777]
2019-06-14 13:45:56,251 DEBUG block.SCMBlockDeletingService (SCMBlockDeletingService.java:call(138)) - Running DeletedBlockTransactionScanner
2019-06-14 13:45:56,251 DEBUG block.SCMBlockDeletingService (SCMBlockDeletingService.java:call(155)) - Scanned deleted blocks log and got 0 delTX to process.
2019-06-14 13:45:56,256 INFO  client.GrpcClientProtocolClient (GrpcClientProtocolClient.java:onNext(254)) - client-E0FA40453D59->0c156e3c-57cc-425b-90ef-9bcaa62a7535: receive RaftClientReply:client-E0FA40453D59->0c156e3c-57cc-425b-90ef-9bcaa62a7535@group-7704A457760D, cid=2202, SUCCESS, logIndex=3779, commits[0c156e3c-57cc-425b-90ef-9bcaa62a7535:c3779]
2019-06-14 13:45:56,257 INFO  client.GrpcClientProtocolClient (GrpcClientProtocolClient.java:onNext(254)) - client-E0FA40453D59->0c156e3c-57cc-425b-90ef-9bcaa62a7535: receive RaftClientReply:client-E0FA40453D59->0c156e3c-57cc-425b-90ef-9bcaa62a7535@group-7704A457760D, cid=2203, SUCCESS, logIndex=3780, commits[0c156e3c-57cc-425b-90ef-9bcaa62a7535:c3781]
2019-06-14 13:45:56,257 INFO  client.GrpcClientProtocolClient (GrpcClientProtocolClient.java:onNext(254)) - client-E0FA40453D59->0c156e3c-57cc-425b-90ef-9bcaa62a7535: receive RaftClientReply:client-E0FA40453D59->0c156e3c-57cc-425b-90ef-9bcaa62a7535@group-7704A457760D, cid=2204, SUCCESS, logIndex=3782, commits[0c156e3c-57cc-425b-90ef-9bcaa62a7535:c3782]
2019-06-14 13:45:56,268 INFO  client.GrpcClientProtocolClient (GrpcClientProtocolClient.java:onNext(254)) - client-E0FA40453D59->0c156e3c-57cc-425b-90ef-9bcaa62a7535: receive RaftClientReply:client-E0FA40453D59->0c156e3c-57cc-425b-90ef-9bcaa62a7535@group-7704A457760D, cid=2205, SUCCESS, logIndex=3784, commits[0c156e3c-57cc-425b-90ef-9bcaa62a7535:c3785]
2019-06-14 13:45:56,273 INFO  client.GrpcClientProtocolClient (GrpcClientProtocolClient.java:onNext(254)) - client-E0FA40453D59->0c156e3c-57cc-425b-90ef-9bcaa62a7535: receive RaftClientReply:client-E0FA40453D59->0c156e3c-57cc-425b-90ef-9bcaa62a7535@group-7704A457760D, cid=2206, SUCCESS, logIndex=3786, commits[0c156e3c-57cc-425b-90ef-9bcaa62a7535:c3786]
2019-06-14 13:45:56,275 INFO  client.GrpcClientProtocolClient (GrpcClientProtocolClient.java:onNext(254)) - client-E0FA40453D59->0c156e3c-57cc-425b-90ef-9bcaa62a7535: receive RaftClientReply:client-E0FA40453D59->0c156e3c-57cc-425b-90ef-9bcaa62a7535@group-7704A457760D, cid=2207, SUCCESS, logIndex=3787, commits[0c156e3c-57cc-425b-90ef-9bcaa62a7535:c3789]
2019-06-14 13:45:56,276 INFO  client.GrpcClientProtocolClient (GrpcClientProtocolClient.java:onNext(254)) - client-E0FA40453D59->0c156e3c-57cc-425b-90ef-9bcaa62a7535: receive RaftClientReply:client-E0FA40453D59->0c156e3c-57cc-425b-90ef-9bcaa62a7535@group-7704A457760D, cid=2208, SUCCESS, logIndex=3789, commits[0c156e3c-57cc-425b-90ef-9bcaa62a7535:c3789]
2019-06-14 13:45:56,342 INFO  client.GrpcClientProtocolClient (GrpcClientProtocolClient.java:onNext(254)) - client-E0FA40453D59->0c156e3c-57cc-425b-90ef-9bcaa62a7535: receive RaftClientReply:client-E0FA40453D59->0c156e3c-57cc-425b-90ef-9bcaa62a7535@group-7704A457760D, cid=2209, SUCCESS, logIndex=3791, commits[0c156e3c-57cc-425b-90ef-9bcaa62a7535:c3791]
2019-06-14 13:45:56,344 INFO  client.GrpcClientProtocolClient (GrpcClientProtocolClient.java:onNext(254)) - client-E0FA40453D59->0c156e3c-57cc-425b-90ef-9bcaa62a7535: receive RaftClientReply:client-E0FA40453D59->0c156e3c-57cc-425b-90ef-9bcaa62a7535@group-7704A457760D, cid=2210, SUCCESS, logIndex=3793, commits[0c156e3c-57cc-425b-90ef-9bcaa62a7535:c3793]
2019-06-14 13:45:56,351 DEBUG block.SCMBlockDeletingService (SCMBlockDeletingService.java:call(138)) - Running DeletedBlockTransactionScanner
2019-06-14 13:45:56,351 DEBUG block.SCMBlockDeletingService (SCMBlockDeletingService.java:call(155)) - Scanned deleted blocks log and got 0 delTX to process.
2019-06-14 13:45:56,433 INFO  client.GrpcClientProtocolClient (GrpcClientProtocolClient.java:onNext(254)) - client-E0FA40453D59->0c156e3c-57cc-425b-90ef-9bcaa62a7535: receive RaftClientReply:client-E0FA40453D59->0c156e3c-57cc-425b-90ef-9bcaa62a7535@group-7704A457760D, cid=2211, SUCCESS, logIndex=3795, commits[0c156e3c-57cc-425b-90ef-9bcaa62a7535:c3796]
2019-06-14 13:45:56,435 INFO  client.GrpcClientProtocolClient (GrpcClientProtocolClient.java:onNext(254)) - client-E0FA40453D59->0c156e3c-57cc-425b-90ef-9bcaa62a7535: receive RaftClientReply:client-E0FA40453D59->0c156e3c-57cc-425b-90ef-9bcaa62a7535@group-7704A457760D, cid=2212, SUCCESS, logIndex=3797, commits[0c156e3c-57cc-425b-90ef-9bcaa62a7535:c3797]
2019-06-14 13:45:56,443 INFO  client.GrpcClientProtocolClient (GrpcClientProtocolClient.java:onNext(254)) - client-E0FA40453D59->0c156e3c-57cc-425b-90ef-9bcaa62a7535: receive RaftClientReply:client-E0FA40453D59->0c156e3c-57cc-425b-90ef-9bcaa62a7535@group-7704A457760D, cid=2213, SUCCESS, logIndex=3799, commits[0c156e3c-57cc-425b-90ef-9bcaa62a7535:c3799]
2019-06-14 13:45:56,449 INFO  client.GrpcClientProtocolClient (GrpcClientProtocolClient.java:onNext(254)) - client-E0FA40453D59->0c156e3c-57cc-425b-90ef-9bcaa62a7535: receive RaftClientReply:client-E0FA40453D59->0c156e3c-57cc-425b-90ef-9bcaa62a7535@group-7704A457760D, cid=2214, SUCCESS, logIndex=3801, commits[0c156e3c-57cc-425b-90ef-9bcaa62a7535:c3801]
2019-06-14 13:45:56,449 INFO  client.GrpcClientProtocolClient (GrpcClientProtocolClient.java:onNext(254)) - client-E0FA40453D59->0c156e3c-57cc-425b-90ef-9bcaa62a7535: receive RaftClientReply:client-E0FA40453D59->0c156e3c-57cc-425b-90ef-9bcaa62a7535@group-7704A457760D, cid=2215, SUCCESS, logIndex=3802, commits[0c156e3c-57cc-425b-90ef-9bcaa62a7535:c3802]
2019-06-14 13:45:56,450 INFO  client.GrpcClientProtocolClient (GrpcClientProtocolClient.java:onNext(254)) - client-E0FA40453D59->0c156e3c-57cc-425b-90ef-9bcaa62a7535: receive RaftClientReply:client-E0FA40453D59->0c156e3c-57cc-425b-90ef-9bcaa62a7535@group-7704A457760D, cid=2216, SUCCESS, logIndex=3804, commits[0c156e3c-57cc-425b-90ef-9bcaa62a7535:c3805]
2019-06-14 13:45:56,452 DEBUG block.SCMBlockDeletingService (SCMBlockDeletingService.java:call(138)) - Running DeletedBlockTransactionScanner
2019-06-14 13:45:56,452 DEBUG block.SCMBlockDeletingService (SCMBlockDeletingService.java:call(155)) - Scanned deleted blocks log and got 0 delTX to process.
2019-06-14 13:45:56,464 INFO  client.GrpcClientProtocolClient (GrpcClientProtocolClient.java:onNext(254)) - client-E0FA40453D59->0c156e3c-57cc-425b-90ef-9bcaa62a7535: receive RaftClientReply:client-E0FA40453D59->0c156e3c-57cc-425b-90ef-9bcaa62a7535@group-7704A457760D, cid=2217, SUCCESS, logIndex=3806, commits[0c156e3c-57cc-425b-90ef-9bcaa62a7535:c3806]
2019-06-14 13:45:56,467 INFO  client.GrpcClientProtocolClient (GrpcClientProtocolClient.java:onNext(254)) - client-E0FA40453D59->0c156e3c-57cc-425b-90ef-9bcaa62a7535: receive RaftClientReply:client-E0FA40453D59->0c156e3c-57cc-425b-90ef-9bcaa62a7535@group-7704A457760D, cid=2218, SUCCESS, logIndex=3808, commits[0c156e3c-57cc-425b-90ef-9bcaa62a7535:c3809]
2019-06-14 13:45:56,473 INFO  client.GrpcClientProtocolClient (GrpcClientProtocolClient.java:onNext(254)) - client-E0FA40453D59->0c156e3c-57cc-425b-90ef-9bcaa62a7535: receive RaftClientReply:client-E0FA40453D59->0c156e3c-57cc-425b-90ef-9bcaa62a7535@group-7704A457760D, cid=2219, SUCCESS, logIndex=3810, commits[0c156e3c-57cc-425b-90ef-9bcaa62a7535:c3813]
2019-06-14 13:45:56,474 INFO  client.GrpcClientProtocolClient (GrpcClientProtocolClient.java:onNext(254)) - client-E0FA40453D59->0c156e3c-57cc-425b-90ef-9bcaa62a7535: receive RaftClientReply:client-E0FA40453D59->0c156e3c-57cc-425b-90ef-9bcaa62a7535@group-7704A457760D, cid=2220, SUCCESS, logIndex=3811, commits[0c156e3c-57cc-425b-90ef-9bcaa62a7535:c3813]
2019-06-14 13:45:56,481 INFO  client.GrpcClientProtocolClient (GrpcClientProtocolClient.java:onNext(254)) - client-E0FA40453D59->0c156e3c-57cc-425b-90ef-9bcaa62a7535: receive RaftClientReply:client-E0FA40453D59->0c156e3c-57cc-425b-90ef-9bcaa62a7535@group-7704A457760D, cid=2221, SUCCESS, logIndex=3814, commits[0c156e3c-57cc-425b-90ef-9bcaa62a7535:c3814]
2019-06-14 13:45:56,483 INFO  client.GrpcClientProtocolClient (GrpcClientProtocolClient.java:onNext(254)) - client-E0FA40453D59->0c156e3c-57cc-425b-90ef-9bcaa62a7535: receive RaftClientReply:client-E0FA40453D59->0c156e3c-57cc-425b-90ef-9bcaa62a7535@group-7704A457760D, cid=2222, SUCCESS, logIndex=3816, commits[0c156e3c-57cc-425b-90ef-9bcaa62a7535:c3816]
2019-06-14 13:45:56,484 INFO  client.GrpcClientProtocolClient (GrpcClientProtocolClient.java:onNext(254)) - client-E0FA40453D59->0c156e3c-57cc-425b-90ef-9bcaa62a7535: receive RaftClientReply:client-E0FA40453D59->0c156e3c-57cc-425b-90ef-9bcaa62a7535@group-7704A457760D, cid=2223, SUCCESS, logIndex=3817, commits[0c156e3c-57cc-425b-90ef-9bcaa62a7535:c3819]
2019-06-14 13:45:56,484 INFO  client.GrpcClientProtocolClient (GrpcClientProtocolClient.java:onNext(254)) - client-E0FA40453D59->0c156e3c-57cc-425b-90ef-9bcaa62a7535: receive RaftClientReply:client-E0FA40453D59->0c156e3c-57cc-425b-90ef-9bcaa62a7535@group-7704A457760D, cid=2224, SUCCESS, logIndex=3819, commits[0c156e3c-57cc-425b-90ef-9bcaa62a7535:c3819]
2019-06-14 13:45:56,494 INFO  client.GrpcClientProtocolClient (GrpcClientProtocolClient.java:onNext(254)) - client-E0FA40453D59->0c156e3c-57cc-425b-90ef-9bcaa62a7535: receive RaftClientReply:client-E0FA40453D59->0c156e3c-57cc-425b-90ef-9bcaa62a7535@group-7704A457760D, cid=2225, SUCCESS, logIndex=3821, commits[0c156e3c-57cc-425b-90ef-9bcaa62a7535:c3821]
2019-06-14 13:45:56,495 INFO  client.GrpcClientProtocolClient (GrpcClientProtocolClient.java:onNext(254)) - client-E0FA40453D59->0c156e3c-57cc-425b-90ef-9bcaa62a7535: receive RaftClientReply:client-E0FA40453D59->0c156e3c-57cc-425b-90ef-9bcaa62a7535@group-7704A457760D, cid=2226, SUCCESS, logIndex=3823, commits[0c156e3c-57cc-425b-90ef-9bcaa62a7535:c3823]
2019-06-14 13:45:56,496 INFO  client.GrpcClientProtocolClient (GrpcClientProtocolClient.java:onNext(254)) - client-E0FA40453D59->0c156e3c-57cc-425b-90ef-9bcaa62a7535: receive RaftClientReply:client-E0FA40453D59->0c156e3c-57cc-425b-90ef-9bcaa62a7535@group-7704A457760D, cid=2227, SUCCESS, logIndex=3824, commits[0c156e3c-57cc-425b-90ef-9bcaa62a7535:c3826]
2019-06-14 13:45:56,497 INFO  client.GrpcClientProtocolClient (GrpcClientProtocolClient.java:onNext(254)) - client-E0FA40453D59->0c156e3c-57cc-425b-90ef-9bcaa62a7535: receive RaftClientReply:client-E0FA40453D59->0c156e3c-57cc-425b-90ef-9bcaa62a7535@group-7704A457760D, cid=2228, SUCCESS, logIndex=3825, commits[0c156e3c-57cc-425b-90ef-9bcaa62a7535:c3826]
2019-06-14 13:45:56,499 INFO  storage.RaftLogWorker (RaftLogWorker.java:rollLogSegment(303)) - 0c156e3c-57cc-425b-90ef-9bcaa62a7535-RaftLogWorker: Rolling segment log-3749_3826 to index:3826
2019-06-14 13:45:56,500 INFO  storage.RaftLogWorker (RaftLogWorker.java:execute(433)) - 0c156e3c-57cc-425b-90ef-9bcaa62a7535-RaftLogWorker: Rolled log segment from /opt/src/hadoop-ozone/integration-test/target/test-dir/MiniOzoneClusterImpl-8919240e-7e15-4dbf-8bf4-c210578586bb/datanode-0/data/ratis/1fc53845-3381-4beb-82f9-7704a457760d/current/log_inprogress_3749 to /opt/src/hadoop-ozone/integration-test/target/test-dir/MiniOzoneClusterImpl-8919240e-7e15-4dbf-8bf4-c210578586bb/datanode-0/data/ratis/1fc53845-3381-4beb-82f9-7704a457760d/current/log_3749-3826
2019-06-14 13:45:56,536 INFO  storage.RaftLogWorker (RaftLogWorker.java:execute(469)) - 0c156e3c-57cc-425b-90ef-9bcaa62a7535-RaftLogWorker: created new log segment /opt/src/hadoop-ozone/integration-test/target/test-dir/MiniOzoneClusterImpl-8919240e-7e15-4dbf-8bf4-c210578586bb/datanode-0/data/ratis/1fc53845-3381-4beb-82f9-7704a457760d/current/log_inprogress_3827
2019-06-14 13:45:56,537 INFO  client.GrpcClientProtocolClient (GrpcClientProtocolClient.java:onNext(254)) - client-E0FA40453D59->0c156e3c-57cc-425b-90ef-9bcaa62a7535: receive RaftClientReply:client-E0FA40453D59->0c156e3c-57cc-425b-90ef-9bcaa62a7535@group-7704A457760D, cid=2229, SUCCESS, logIndex=3827, commits[0c156e3c-57cc-425b-90ef-9bcaa62a7535:c3827]
2019-06-14 13:45:56,538 INFO  client.GrpcClientProtocolClient (GrpcClientProtocolClient.java:onNext(254)) - client-E0FA40453D59->0c156e3c-57cc-425b-90ef-9bcaa62a7535: receive RaftClientReply:client-E0FA40453D59->0c156e3c-57cc-425b-90ef-9bcaa62a7535@group-7704A457760D, cid=2230, SUCCESS, logIndex=3829, commits[0c156e3c-57cc-425b-90ef-9bcaa62a7535:c3829]
2019-06-14 13:45:56,539 INFO  client.GrpcClientProtocolClient (GrpcClientProtocolClient.java:onNext(254)) - client-E0FA40453D59->0c156e3c-57cc-425b-90ef-9bcaa62a7535: receive RaftClientReply:client-E0FA40453D59->0c156e3c-57cc-425b-90ef-9bcaa62a7535@group-7704A457760D, cid=2231, SUCCESS, logIndex=3830, commits[0c156e3c-57cc-425b-90ef-9bcaa62a7535:c3832]
2019-06-14 13:45:56,540 INFO  client.GrpcClientProtocolClient (GrpcClientProtocolClient.java:onNext(254)) - client-E0FA40453D59->0c156e3c-57cc-425b-90ef-9bcaa62a7535: receive RaftClientReply:client-E0FA40453D59->0c156e3c-57cc-425b-90ef-9bcaa62a7535@group-7704A457760D, cid=2232, SUCCESS, logIndex=3831, commits[0c156e3c-57cc-425b-90ef-9bcaa62a7535:c3832]
2019-06-14 13:45:56,548 INFO  client.GrpcClientProtocolClient (GrpcClientProtocolClient.java:onNext(254)) - client-E0FA40453D59->0c156e3c-57cc-425b-90ef-9bcaa62a7535: receive RaftClientReply:client-E0FA40453D59->0c156e3c-57cc-425b-90ef-9bcaa62a7535@group-7704A457760D, cid=2233, SUCCESS, logIndex=3833, commits[0c156e3c-57cc-425b-90ef-9bcaa62a7535:c3833]
2019-06-14 13:45:56,549 INFO  client.GrpcClientProtocolClient (GrpcClientProtocolClient.java:onNext(254)) - client-E0FA40453D59->0c156e3c-57cc-425b-90ef-9bcaa62a7535: receive RaftClientReply:client-E0FA40453D59->0c156e3c-57cc-425b-90ef-9bcaa62a7535@group-7704A457760D, cid=2234, SUCCESS, logIndex=3835, commits[0c156e3c-57cc-425b-90ef-9bcaa62a7535:c3835]
2019-06-14 13:45:56,551 INFO  client.GrpcClientProtocolClient (GrpcClientProtocolClient.java:onNext(254)) - client-E0FA40453D59->0c156e3c-57cc-425b-90ef-9bcaa62a7535: receive RaftClientReply:client-E0FA40453D59->0c156e3c-57cc-425b-90ef-9bcaa62a7535@group-7704A457760D, cid=2235, SUCCESS, logIndex=3836, commits[0c156e3c-57cc-425b-90ef-9bcaa62a7535:c3837]
2019-06-14 13:45:56,552 INFO  client.GrpcClientProtocolClient (GrpcClientProtocolClient.java:onNext(254)) - client-E0FA40453D59->0c156e3c-57cc-425b-90ef-9bcaa62a7535: receive RaftClientReply:client-E0FA40453D59->0c156e3c-57cc-425b-90ef-9bcaa62a7535@group-7704A457760D, cid=2236, SUCCESS, logIndex=3838, commits[0c156e3c-57cc-425b-90ef-9bcaa62a7535:c3838]
2019-06-14 13:45:56,553 DEBUG block.SCMBlockDeletingService (SCMBlockDeletingService.java:call(138)) - Running DeletedBlockTransactionScanner
2019-06-14 13:45:56,553 DEBUG block.SCMBlockDeletingService (SCMBlockDeletingService.java:call(155)) - Scanned deleted blocks log and got 0 delTX to process.
2019-06-14 13:45:56,557 INFO  client.GrpcClientProtocolClient (GrpcClientProtocolClient.java:onNext(254)) - client-E0FA40453D59->0c156e3c-57cc-425b-90ef-9bcaa62a7535: receive RaftClientReply:client-E0FA40453D59->0c156e3c-57cc-425b-90ef-9bcaa62a7535@group-7704A457760D, cid=2237, SUCCESS, logIndex=3840, commits[0c156e3c-57cc-425b-90ef-9bcaa62a7535:c3840]
2019-06-14 13:45:56,558 INFO  client.GrpcClientProtocolClient (GrpcClientProtocolClient.java:onNext(254)) - client-E0FA40453D59->0c156e3c-57cc-425b-90ef-9bcaa62a7535: receive RaftClientReply:client-E0FA40453D59->0c156e3c-57cc-425b-90ef-9bcaa62a7535@group-7704A457760D, cid=2238, SUCCESS, logIndex=3842, commits[0c156e3c-57cc-425b-90ef-9bcaa62a7535:c3842]
2019-06-14 13:45:56,560 INFO  client.GrpcClientProtocolClient (GrpcClientProtocolClient.java:onNext(254)) - client-E0FA40453D59->0c156e3c-57cc-425b-90ef-9bcaa62a7535: receive RaftClientReply:client-E0FA40453D59->0c156e3c-57cc-425b-90ef-9bcaa62a7535@group-7704A457760D, cid=2239, SUCCESS, logIndex=3843, commits[0c156e3c-57cc-425b-90ef-9bcaa62a7535:c3845]
2019-06-14 13:45:56,560 INFO  client.GrpcClientProtocolClient (GrpcClientProtocolClient.java:onNext(254)) - client-E0FA40453D59->0c156e3c-57cc-425b-90ef-9bcaa62a7535: receive RaftClientReply:client-E0FA40453D59->0c156e3c-57cc-425b-90ef-9bcaa62a7535@group-7704A457760D, cid=2240, SUCCESS, logIndex=3844, commits[0c156e3c-57cc-425b-90ef-9bcaa62a7535:c3845]
2019-06-14 13:45:56,569 INFO  client.GrpcClientProtocolClient (GrpcClientProtocolClient.java:onNext(254)) - client-E0FA40453D59->0c156e3c-57cc-425b-90ef-9bcaa62a7535: receive RaftClientReply:client-E0FA40453D59->0c156e3c-57cc-425b-90ef-9bcaa62a7535@group-7704A457760D, cid=2241, SUCCESS, logIndex=3846, commits[0c156e3c-57cc-425b-90ef-9bcaa62a7535:c3846]
2019-06-14 13:45:56,570 INFO  client.GrpcClientProtocolClient (GrpcClientProtocolClient.java:onNext(254)) - client-E0FA40453D59->0c156e3c-57cc-425b-90ef-9bcaa62a7535: receive RaftClientReply:client-E0FA40453D59->0c156e3c-57cc-425b-90ef-9bcaa62a7535@group-7704A457760D, cid=2242, SUCCESS, logIndex=3848, commits[0c156e3c-57cc-425b-90ef-9bcaa62a7535:c3848]
2019-06-14 13:45:56,571 INFO  client.GrpcClientProtocolClient (GrpcClientProtocolClient.java:onNext(254)) - client-E0FA40453D59->0c156e3c-57cc-425b-90ef-9bcaa62a7535: receive RaftClientReply:client-E0FA40453D59->0c156e3c-57cc-425b-90ef-9bcaa62a7535@group-7704A457760D, cid=2243, SUCCESS, logIndex=3849, commits[0c156e3c-57cc-425b-90ef-9bcaa62a7535:c3851]
2019-06-14 13:45:56,571 INFO  client.GrpcClientProtocolClient (GrpcClientProtocolClient.java:onNext(254)) - client-E0FA40453D59->0c156e3c-57cc-425b-90ef-9bcaa62a7535: receive RaftClientReply:client-E0FA40453D59->0c156e3c-57cc-425b-90ef-9bcaa62a7535@group-7704A457760D, cid=2244, SUCCESS, logIndex=3850, commits[0c156e3c-57cc-425b-90ef-9bcaa62a7535:c3851]
2019-06-14 13:45:56,576 INFO  client.GrpcClientProtocolClient (GrpcClientProtocolClient.java:onNext(254)) - client-E0FA40453D59->0c156e3c-57cc-425b-90ef-9bcaa62a7535: receive RaftClientReply:client-E0FA40453D59->0c156e3c-57cc-425b-90ef-9bcaa62a7535@group-7704A457760D, cid=2245, SUCCESS, logIndex=3852, commits[0c156e3c-57cc-425b-90ef-9bcaa62a7535:c3852]
2019-06-14 13:45:56,577 INFO  client.GrpcClientProtocolClient (GrpcClientProtocolClient.java:onNext(254)) - client-E0FA40453D59->0c156e3c-57cc-425b-90ef-9bcaa62a7535: receive RaftClientReply:client-E0FA40453D59->0c156e3c-57cc-425b-90ef-9bcaa62a7535@group-7704A457760D, cid=2246, SUCCESS, logIndex=3854, commits[0c156e3c-57cc-425b-90ef-9bcaa62a7535:c3854]
2019-06-14 13:45:56,578 INFO  client.GrpcClientProtocolClient (GrpcClientProtocolClient.java:onNext(254)) - client-E0FA40453D59->0c156e3c-57cc-425b-90ef-9bcaa62a7535: receive RaftClientReply:client-E0FA40453D59->0c156e3c-57cc-425b-90ef-9bcaa62a7535@group-7704A457760D, cid=2247, SUCCESS, logIndex=3855, commits[0c156e3c-57cc-425b-90ef-9bcaa62a7535:c3857]
2019-06-14 13:45:56,578 INFO  client.GrpcClientProtocolClient (GrpcClientProtocolClient.java:onNext(254)) - client-E0FA40453D59->0c156e3c-57cc-425b-90ef-9bcaa62a7535: receive RaftClientReply:client-E0FA40453D59->0c156e3c-57cc-425b-90ef-9bcaa62a7535@group-7704A457760D, cid=2248, SUCCESS, logIndex=3856, commits[0c156e3c-57cc-425b-90ef-9bcaa62a7535:c3857]
2019-06-14 13:45:56,588 INFO  client.GrpcClientProtocolClient (GrpcClientProtocolClient.java:onNext(254)) - client-E0FA40453D59->0c156e3c-57cc-425b-90ef-9bcaa62a7535: receive RaftClientReply:client-E0FA40453D59->0c156e3c-57cc-425b-90ef-9bcaa62a7535@group-7704A457760D, cid=2249, SUCCESS, logIndex=3858, commits[0c156e3c-57cc-425b-90ef-9bcaa62a7535:c3858]
2019-06-14 13:45:56,589 INFO  client.GrpcClientProtocolClient (GrpcClientProtocolClient.java:onNext(254)) - client-E0FA40453D59->0c156e3c-57cc-425b-90ef-9bcaa62a7535: receive RaftClientReply:client-E0FA40453D59->0c156e3c-57cc-425b-90ef-9bcaa62a7535@group-7704A457760D, cid=2250, SUCCESS, logIndex=3860, commits[0c156e3c-57cc-425b-90ef-9bcaa62a7535:c3860]
2019-06-14 13:45:56,590 INFO  client.GrpcClientProtocolClient (GrpcClientProtocolClient.java:onNext(254)) - client-E0FA40453D59->0c156e3c-57cc-425b-90ef-9bcaa62a7535: receive RaftClientReply:client-E0FA40453D59->0c156e3c-57cc-425b-90ef-9bcaa62a7535@group-7704A457760D, cid=2251, SUCCESS, logIndex=3861, commits[0c156e3c-57cc-425b-90ef-9bcaa62a7535:c3863]
2019-06-14 13:45:56,590 INFO  client.GrpcClientProtocolClient (GrpcClientProtocolClient.java:onNext(254)) - client-E0FA40453D59->0c156e3c-57cc-425b-90ef-9bcaa62a7535: receive RaftClientReply:client-E0FA40453D59->0c156e3c-57cc-425b-90ef-9bcaa62a7535@group-7704A457760D, cid=2252, SUCCESS, logIndex=3862, commits[0c156e3c-57cc-425b-90ef-9bcaa62a7535:c3863]
2019-06-14 13:45:56,602 INFO  client.GrpcClientProtocolClient (GrpcClientProtocolClient.java:onNext(254)) - client-E0FA40453D59->0c156e3c-57cc-425b-90ef-9bcaa62a7535: receive RaftClientReply:client-E0FA40453D59->0c156e3c-57cc-425b-90ef-9bcaa62a7535@group-7704A457760D, cid=2253, SUCCESS, logIndex=3864, commits[0c156e3c-57cc-425b-90ef-9bcaa62a7535:c3864]
2019-06-14 13:45:56,603 INFO  client.GrpcClientProtocolClient (GrpcClientProtocolClient.java:onNext(254)) - client-E0FA40453D59->0c156e3c-57cc-425b-90ef-9bcaa62a7535: receive RaftClientReply:client-E0FA40453D59->0c156e3c-57cc-425b-90ef-9bcaa62a7535@group-7704A457760D, cid=2254, SUCCESS, logIndex=3866, commits[0c156e3c-57cc-425b-90ef-9bcaa62a7535:c3866]
2019-06-14 13:45:56,653 DEBUG block.SCMBlockDeletingService (SCMBlockDeletingService.java:call(138)) - Running DeletedBlockTransactionScanner
2019-06-14 13:45:56,653 DEBUG block.SCMBlockDeletingService (SCMBlockDeletingService.java:call(155)) - Scanned deleted blocks log and got 0 delTX to process.
2019-06-14 13:45:56,667 INFO  client.GrpcClientProtocolClient (GrpcClientProtocolClient.java:onNext(254)) - client-E0FA40453D59->0c156e3c-57cc-425b-90ef-9bcaa62a7535: receive RaftClientReply:client-E0FA40453D59->0c156e3c-57cc-425b-90ef-9bcaa62a7535@group-7704A457760D, cid=2255, SUCCESS, logIndex=3868, commits[0c156e3c-57cc-425b-90ef-9bcaa62a7535:c3868]
2019-06-14 13:45:56,668 INFO  client.GrpcClientProtocolClient (GrpcClientProtocolClient.java:onNext(254)) - client-E0FA40453D59->0c156e3c-57cc-425b-90ef-9bcaa62a7535: receive RaftClientReply:client-E0FA40453D59->0c156e3c-57cc-425b-90ef-9bcaa62a7535@group-7704A457760D, cid=2256, SUCCESS, logIndex=3870, commits[0c156e3c-57cc-425b-90ef-9bcaa62a7535:c3870]
2019-06-14 13:45:56,677 INFO  client.GrpcClientProtocolClient (GrpcClientProtocolClient.java:onNext(254)) - client-E0FA40453D59->0c156e3c-57cc-425b-90ef-9bcaa62a7535: receive RaftClientReply:client-E0FA40453D59->0c156e3c-57cc-425b-90ef-9bcaa62a7535@group-7704A457760D, cid=2257, SUCCESS, logIndex=3872, commits[0c156e3c-57cc-425b-90ef-9bcaa62a7535:c3872]
2019-06-14 13:45:56,678 INFO  client.GrpcClientProtocolClient (GrpcClientProtocolClient.java:onNext(254)) - client-E0FA40453D59->0c156e3c-57cc-425b-90ef-9bcaa62a7535: receive RaftClientReply:client-E0FA40453D59->0c156e3c-57cc-425b-90ef-9bcaa62a7535@group-7704A457760D, cid=2258, SUCCESS, logIndex=3874, commits[0c156e3c-57cc-425b-90ef-9bcaa62a7535:c3874]
2019-06-14 13:45:56,679 INFO  client.GrpcClientProtocolClient (GrpcClientProtocolClient.java:onNext(254)) - client-E0FA40453D59->0c156e3c-57cc-425b-90ef-9bcaa62a7535: receive RaftClientReply:client-E0FA40453D59->0c156e3c-57cc-425b-90ef-9bcaa62a7535@group-7704A457760D, cid=2259, SUCCESS, logIndex=3875, commits[0c156e3c-57cc-425b-90ef-9bcaa62a7535:c3877]
2019-06-14 13:45:56,679 INFO  client.GrpcClientProtocolClient (GrpcClientProtocolClient.java:onNext(254)) - client-E0FA40453D59->0c156e3c-57cc-425b-90ef-9bcaa62a7535: receive RaftClientReply:client-E0FA40453D59->0c156e3c-57cc-425b-90ef-9bcaa62a7535@group-7704A457760D, cid=2260, SUCCESS, logIndex=3876, commits[0c156e3c-57cc-425b-90ef-9bcaa62a7535:c3877]
2019-06-14 13:45:56,684 INFO  client.GrpcClientProtocolClient (GrpcClientProtocolClient.java:onNext(254)) - client-E0FA40453D59->0c156e3c-57cc-425b-90ef-9bcaa62a7535: receive RaftClientReply:client-E0FA40453D59->0c156e3c-57cc-425b-90ef-9bcaa62a7535@group-7704A457760D, cid=2261, SUCCESS, logIndex=3878, commits[0c156e3c-57cc-425b-90ef-9bcaa62a7535:c3878]
2019-06-14 13:45:56,685 INFO  client.GrpcClientProtocolClient (GrpcClientProtocolClient.java:onNext(254)) - client-E0FA40453D59->0c156e3c-57cc-425b-90ef-9bcaa62a7535: receive RaftClientReply:client-E0FA40453D59->0c156e3c-57cc-425b-90ef-9bcaa62a7535@group-7704A457760D, cid=2262, SUCCESS, logIndex=3880, commits[0c156e3c-57cc-425b-90ef-9bcaa62a7535:c3880]
2019-06-14 13:45:56,686 INFO  client.GrpcClientProtocolClient (GrpcClientProtocolClient.java:onNext(254)) - client-E0FA40453D59->0c156e3c-57cc-425b-90ef-9bcaa62a7535: receive RaftClientReply:client-E0FA40453D59->0c156e3c-57cc-425b-90ef-9bcaa62a7535@group-7704A457760D, cid=2263, SUCCESS, logIndex=3881, commits[0c156e3c-57cc-425b-90ef-9bcaa62a7535:c3883]
2019-06-14 13:45:56,686 INFO  client.GrpcClientProtocolClient (GrpcClientProtocolClient.java:onNext(254)) - client-E0FA40453D59->0c156e3c-57cc-425b-90ef-9bcaa62a7535: receive RaftClientReply:client-E0FA40453D59->0c156e3c-57cc-425b-90ef-9bcaa62a7535@group-7704A457760D, cid=2264, SUCCESS, logIndex=3882, commits[0c156e3c-57cc-425b-90ef-9bcaa62a7535:c3883]
2019-06-14 13:45:56,696 INFO  client.GrpcClientProtocolClient (GrpcClientProtocolClient.java:onNext(254)) - client-E0FA40453D59->0c156e3c-57cc-425b-90ef-9bcaa62a7535: receive RaftClientReply:client-E0FA40453D59->0c156e3c-57cc-425b-90ef-9bcaa62a7535@group-7704A457760D, cid=2265, SUCCESS, logIndex=3884, commits[0c156e3c-57cc-425b-90ef-9bcaa62a7535:c3884]
2019-06-14 13:45:56,950 DEBUG block.SCMBlockDeletingService (SCMBlockDeletingService.java:call(138)) - Running DeletedBlockTransactionScanner
2019-06-14 13:45:56,953 DEBUG block.SCMBlockDeletingService (SCMBlockDeletingService.java:call(155)) - Scanned deleted blocks log and got 0 delTX to process.
2019-06-14 13:45:56,961 INFO  client.GrpcClientProtocolClient (GrpcClientProtocolClient.java:onNext(254)) - client-E0FA40453D59->0c156e3c-57cc-425b-90ef-9bcaa62a7535: receive RaftClientReply:client-E0FA40453D59->0c156e3c-57cc-425b-90ef-9bcaa62a7535@group-7704A457760D, cid=2266, SUCCESS, logIndex=3886, commits[0c156e3c-57cc-425b-90ef-9bcaa62a7535:c3889]
2019-06-14 13:45:56,961 INFO  client.GrpcClientProtocolClient (GrpcClientProtocolClient.java:onNext(254)) - client-E0FA40453D59->0c156e3c-57cc-425b-90ef-9bcaa62a7535: receive RaftClientReply:client-E0FA40453D59->0c156e3c-57cc-425b-90ef-9bcaa62a7535@group-7704A457760D, cid=2267, SUCCESS, logIndex=3887, commits[0c156e3c-57cc-425b-90ef-9bcaa62a7535:c3889]
2019-06-14 13:45:56,962 INFO  client.GrpcClientProtocolClient (GrpcClientProtocolClient.java:onNext(254)) - client-E0FA40453D59->0c156e3c-57cc-425b-90ef-9bcaa62a7535: receive RaftClientReply:client-E0FA40453D59->0c156e3c-57cc-425b-90ef-9bcaa62a7535@group-7704A457760D, cid=2268, SUCCESS, logIndex=3888, commits[0c156e3c-57cc-425b-90ef-9bcaa62a7535:c3889]
2019-06-14 13:45:56,971 INFO  client.GrpcClientProtocolClient (GrpcClientProtocolClient.java:onNext(254)) - client-E0FA40453D59->0c156e3c-57cc-425b-90ef-9bcaa62a7535: receive RaftClientReply:client-E0FA40453D59->0c156e3c-57cc-425b-90ef-9bcaa62a7535@group-7704A457760D, cid=2269, SUCCESS, logIndex=3890, commits[0c156e3c-57cc-425b-90ef-9bcaa62a7535:c3890]
2019-06-14 13:45:56,972 INFO  storage.RaftLogWorker (RaftLogWorker.java:rollLogSegment(303)) - 0c156e3c-57cc-425b-90ef-9bcaa62a7535-RaftLogWorker: Rolling segment log-3827_3894 to index:3894
2019-06-14 13:45:56,973 INFO  storage.RaftLogWorker (RaftLogWorker.java:execute(433)) - 0c156e3c-57cc-425b-90ef-9bcaa62a7535-RaftLogWorker: Rolled log segment from /opt/src/hadoop-ozone/integration-test/target/test-dir/MiniOzoneClusterImpl-8919240e-7e15-4dbf-8bf4-c210578586bb/datanode-0/data/ratis/1fc53845-3381-4beb-82f9-7704a457760d/current/log_inprogress_3827 to /opt/src/hadoop-ozone/integration-test/target/test-dir/MiniOzoneClusterImpl-8919240e-7e15-4dbf-8bf4-c210578586bb/datanode-0/data/ratis/1fc53845-3381-4beb-82f9-7704a457760d/current/log_3827-3894
2019-06-14 13:45:56,973 INFO  client.GrpcClientProtocolClient (GrpcClientProtocolClient.java:onNext(254)) - client-E0FA40453D59->0c156e3c-57cc-425b-90ef-9bcaa62a7535: receive RaftClientReply:client-E0FA40453D59->0c156e3c-57cc-425b-90ef-9bcaa62a7535@group-7704A457760D, cid=2270, SUCCESS, logIndex=3892, commits[0c156e3c-57cc-425b-90ef-9bcaa62a7535:c3892]
2019-06-14 13:45:56,974 INFO  client.GrpcClientProtocolClient (GrpcClientProtocolClient.java:onNext(254)) - client-E0FA40453D59->0c156e3c-57cc-425b-90ef-9bcaa62a7535: receive RaftClientReply:client-E0FA40453D59->0c156e3c-57cc-425b-90ef-9bcaa62a7535@group-7704A457760D, cid=2271, SUCCESS, logIndex=3893, commits[0c156e3c-57cc-425b-90ef-9bcaa62a7535:c3893]
2019-06-14 13:45:57,015 INFO  storage.RaftLogWorker (RaftLogWorker.java:execute(469)) - 0c156e3c-57cc-425b-90ef-9bcaa62a7535-RaftLogWorker: created new log segment /opt/src/hadoop-ozone/integration-test/target/test-dir/MiniOzoneClusterImpl-8919240e-7e15-4dbf-8bf4-c210578586bb/datanode-0/data/ratis/1fc53845-3381-4beb-82f9-7704a457760d/current/log_inprogress_3895
2019-06-14 13:45:57,019 INFO  client.GrpcClientProtocolClient (GrpcClientProtocolClient.java:onNext(254)) - client-E0FA40453D59->0c156e3c-57cc-425b-90ef-9bcaa62a7535: receive RaftClientReply:client-E0FA40453D59->0c156e3c-57cc-425b-90ef-9bcaa62a7535@group-7704A457760D, cid=2272, SUCCESS, logIndex=3895, commits[0c156e3c-57cc-425b-90ef-9bcaa62a7535:c3896]
2019-06-14 13:45:57,030 INFO  client.GrpcClientProtocolClient (GrpcClientProtocolClient.java:onNext(254)) - client-E0FA40453D59->0c156e3c-57cc-425b-90ef-9bcaa62a7535: receive RaftClientReply:client-E0FA40453D59->0c156e3c-57cc-425b-90ef-9bcaa62a7535@group-7704A457760D, cid=2273, SUCCESS, logIndex=3897, commits[0c156e3c-57cc-425b-90ef-9bcaa62a7535:c3897]
2019-06-14 13:45:57,032 INFO  client.GrpcClientProtocolClient (GrpcClientProtocolClient.java:onNext(254)) - client-E0FA40453D59->0c156e3c-57cc-425b-90ef-9bcaa62a7535: receive RaftClientReply:client-E0FA40453D59->0c156e3c-57cc-425b-90ef-9bcaa62a7535@group-7704A457760D, cid=2274, SUCCESS, logIndex=3899, commits[0c156e3c-57cc-425b-90ef-9bcaa62a7535:c3899]
2019-06-14 13:45:57,033 INFO  client.GrpcClientProtocolClient (GrpcClientProtocolClient.java:onNext(254)) - client-E0FA40453D59->0c156e3c-57cc-425b-90ef-9bcaa62a7535: receive RaftClientReply:client-E0FA40453D59->0c156e3c-57cc-425b-90ef-9bcaa62a7535@group-7704A457760D, cid=2275, SUCCESS, logIndex=3900, commits[0c156e3c-57cc-425b-90ef-9bcaa62a7535:c3902]
2019-06-14 13:45:57,033 INFO  client.GrpcClientProtocolClient (GrpcClientProtocolClient.java:onNext(254)) - client-E0FA40453D59->0c156e3c-57cc-425b-90ef-9bcaa62a7535: receive RaftClientReply:client-E0FA40453D59->0c156e3c-57cc-425b-90ef-9bcaa62a7535@group-7704A457760D, cid=2276, SUCCESS, logIndex=3901, commits[0c156e3c-57cc-425b-90ef-9bcaa62a7535:c3902]
2019-06-14 13:45:57,043 INFO  client.GrpcClientProtocolClient (GrpcClientProtocolClient.java:onNext(254)) - client-E0FA40453D59->0c156e3c-57cc-425b-90ef-9bcaa62a7535: receive RaftClientReply:client-E0FA40453D59->0c156e3c-57cc-425b-90ef-9bcaa62a7535@group-7704A457760D, cid=2277, SUCCESS, logIndex=3903, commits[0c156e3c-57cc-425b-90ef-9bcaa62a7535:c3903]
2019-06-14 13:45:57,049 INFO  client.GrpcClientProtocolClient (GrpcClientProtocolClient.java:onNext(254)) - client-E0FA40453D59->0c156e3c-57cc-425b-90ef-9bcaa62a7535: receive RaftClientReply:client-E0FA40453D59->0c156e3c-57cc-425b-90ef-9bcaa62a7535@group-7704A457760D, cid=2278, SUCCESS, logIndex=3905, commits[0c156e3c-57cc-425b-90ef-9bcaa62a7535:c3908]
2019-06-14 13:45:57,049 INFO  client.GrpcClientProtocolClient (GrpcClientProtocolClient.java:onNext(254)) - client-E0FA40453D59->0c156e3c-57cc-425b-90ef-9bcaa62a7535: receive RaftClientReply:client-E0FA40453D59->0c156e3c-57cc-425b-90ef-9bcaa62a7535@group-7704A457760D, cid=2279, SUCCESS, logIndex=3906, commits[0c156e3c-57cc-425b-90ef-9bcaa62a7535:c3908]
2019-06-14 13:45:57,049 INFO  client.GrpcClientProtocolClient (GrpcClientProtocolClient.java:onNext(254)) - client-E0FA40453D59->0c156e3c-57cc-425b-90ef-9bcaa62a7535: receive RaftClientReply:client-E0FA40453D59->0c156e3c-57cc-425b-90ef-9bcaa62a7535@group-7704A457760D, cid=2280, SUCCESS, logIndex=3907, commits[0c156e3c-57cc-425b-90ef-9bcaa62a7535:c3908]
2019-06-14 13:45:57,053 DEBUG block.SCMBlockDeletingService (SCMBlockDeletingService.java:call(138)) - Running DeletedBlockTransactionScanner
2019-06-14 13:45:57,054 DEBUG block.SCMBlockDeletingService (SCMBlockDeletingService.java:call(155)) - Scanned deleted blocks log and got 0 delTX to process.
2019-06-14 13:45:57,068 INFO  client.GrpcClientProtocolClient (GrpcClientProtocolClient.java:onNext(254)) - client-E0FA40453D59->0c156e3c-57cc-425b-90ef-9bcaa62a7535: receive RaftClientReply:client-E0FA40453D59->0c156e3c-57cc-425b-90ef-9bcaa62a7535@group-7704A457760D, cid=2281, SUCCESS, logIndex=3909, commits[0c156e3c-57cc-425b-90ef-9bcaa62a7535:c3909]
2019-06-14 13:45:57,083 INFO  client.GrpcClientProtocolClient (GrpcClientProtocolClient.java:onNext(254)) - client-E0FA40453D59->0c156e3c-57cc-425b-90ef-9bcaa62a7535: receive RaftClientReply:client-E0FA40453D59->0c156e3c-57cc-425b-90ef-9bcaa62a7535@group-7704A457760D, cid=2282, SUCCESS, logIndex=3911, commits[0c156e3c-57cc-425b-90ef-9bcaa62a7535:c3912]
2019-06-14 13:45:57,086 INFO  client.GrpcClientProtocolClient (GrpcClientProtocolClient.java:onNext(254)) - client-E0FA40453D59->0c156e3c-57cc-425b-90ef-9bcaa62a7535: receive RaftClientReply:client-E0FA40453D59->0c156e3c-57cc-425b-90ef-9bcaa62a7535@group-7704A457760D, cid=2283, SUCCESS, logIndex=3912, commits[0c156e3c-57cc-425b-90ef-9bcaa62a7535:c3912]
2019-06-14 13:45:57,090 INFO  client.GrpcClientProtocolClient (GrpcClientProtocolClient.java:onNext(254)) - client-E0FA40453D59->0c156e3c-57cc-425b-90ef-9bcaa62a7535: receive RaftClientReply:client-E0FA40453D59->0c156e3c-57cc-425b-90ef-9bcaa62a7535@group-7704A457760D, cid=2284, SUCCESS, logIndex=3914, commits[0c156e3c-57cc-425b-90ef-9bcaa62a7535:c3914]
2019-06-14 13:45:57,099 INFO  client.GrpcClientProtocolClient (GrpcClientProtocolClient.java:onNext(254)) - client-E0FA40453D59->0c156e3c-57cc-425b-90ef-9bcaa62a7535: receive RaftClientReply:client-E0FA40453D59->0c156e3c-57cc-425b-90ef-9bcaa62a7535@group-7704A457760D, cid=2285, SUCCESS, logIndex=3916, commits[0c156e3c-57cc-425b-90ef-9bcaa62a7535:c3916]
2019-06-14 13:45:57,107 INFO  client.GrpcClientProtocolClient (GrpcClientProtocolClient.java:onNext(254)) - client-E0FA40453D59->0c156e3c-57cc-425b-90ef-9bcaa62a7535: receive RaftClientReply:client-E0FA40453D59->0c156e3c-57cc-425b-90ef-9bcaa62a7535@group-7704A457760D, cid=2286, SUCCESS, logIndex=3918, commits[0c156e3c-57cc-425b-90ef-9bcaa62a7535:c3919]
2019-06-14 13:45:57,112 INFO  client.GrpcClientProtocolClient (GrpcClientProtocolClient.java:onNext(254)) - client-E0FA40453D59->0c156e3c-57cc-425b-90ef-9bcaa62a7535: receive RaftClientReply:client-E0FA40453D59->0c156e3c-57cc-425b-90ef-9bcaa62a7535@group-7704A457760D, cid=2287, SUCCESS, logIndex=3920, commits[0c156e3c-57cc-425b-90ef-9bcaa62a7535:c3922]
2019-06-14 13:45:57,113 INFO  client.GrpcClientProtocolClient (GrpcClientProtocolClient.java:onNext(254)) - client-E0FA40453D59->0c156e3c-57cc-425b-90ef-9bcaa62a7535: receive RaftClientReply:client-E0FA40453D59->0c156e3c-57cc-425b-90ef-9bcaa62a7535@group-7704A457760D, cid=2288, SUCCESS, logIndex=3921, commits[0c156e3c-57cc-425b-90ef-9bcaa62a7535:c3922]
2019-06-14 13:45:57,146 INFO  client.GrpcClientProtocolClient (GrpcClientProtocolClient.java:onNext(254)) - client-E0FA40453D59->0c156e3c-57cc-425b-90ef-9bcaa62a7535: receive RaftClientReply:client-E0FA40453D59->0c156e3c-57cc-425b-90ef-9bcaa62a7535@group-7704A457760D, cid=2289, SUCCESS, logIndex=3923, commits[0c156e3c-57cc-425b-90ef-9bcaa62a7535:c3924]
2019-06-14 13:45:57,148 INFO  client.GrpcClientProtocolClient (GrpcClientProtocolClient.java:onNext(254)) - client-E0FA40453D59->0c156e3c-57cc-425b-90ef-9bcaa62a7535: receive RaftClientReply:client-E0FA40453D59->0c156e3c-57cc-425b-90ef-9bcaa62a7535@group-7704A457760D, cid=2290, SUCCESS, logIndex=3925, commits[0c156e3c-57cc-425b-90ef-9bcaa62a7535:c3925]
2019-06-14 13:45:57,149 INFO  client.GrpcClientProtocolClient (GrpcClientProtocolClient.java:onNext(254)) - client-E0FA40453D59->0c156e3c-57cc-425b-90ef-9bcaa62a7535: receive RaftClientReply:client-E0FA40453D59->0c156e3c-57cc-425b-90ef-9bcaa62a7535@group-7704A457760D, cid=2291, SUCCESS, logIndex=3927, commits[0c156e3c-57cc-425b-90ef-9bcaa62a7535:c3927]
2019-06-14 13:45:57,149 INFO  client.GrpcClientProtocolClient (GrpcClientProtocolClient.java:onNext(254)) - client-E0FA40453D59->0c156e3c-57cc-425b-90ef-9bcaa62a7535: receive RaftClientReply:client-E0FA40453D59->0c156e3c-57cc-425b-90ef-9bcaa62a7535@group-7704A457760D, cid=2292, SUCCESS, logIndex=3929, commits[0c156e3c-57cc-425b-90ef-9bcaa62a7535:c3929]
2019-06-14 13:45:57,154 DEBUG block.SCMBlockDeletingService (SCMBlockDeletingService.java:call(138)) - Running DeletedBlockTransactionScanner
2019-06-14 13:45:57,154 DEBUG block.SCMBlockDeletingService (SCMBlockDeletingService.java:call(155)) - Scanned deleted blocks log and got 0 delTX to process.
2019-06-14 13:45:57,162 INFO  client.GrpcClientProtocolClient (GrpcClientProtocolClient.java:onNext(254)) - client-E0FA40453D59->0c156e3c-57cc-425b-90ef-9bcaa62a7535: receive RaftClientReply:client-E0FA40453D59->0c156e3c-57cc-425b-90ef-9bcaa62a7535@group-7704A457760D, cid=2293, SUCCESS, logIndex=3931, commits[0c156e3c-57cc-425b-90ef-9bcaa62a7535:c3931]
2019-06-14 13:45:57,162 INFO  client.GrpcClientProtocolClient (GrpcClientProtocolClient.java:onNext(254)) - client-E0FA40453D59->0c156e3c-57cc-425b-90ef-9bcaa62a7535: receive RaftClientReply:client-E0FA40453D59->0c156e3c-57cc-425b-90ef-9bcaa62a7535@group-7704A457760D, cid=2294, SUCCESS, logIndex=3933, commits[0c156e3c-57cc-425b-90ef-9bcaa62a7535:c3933]
2019-06-14 13:45:57,164 INFO  client.GrpcClientProtocolClient (GrpcClientProtocolClient.java:onNext(254)) - client-E0FA40453D59->0c156e3c-57cc-425b-90ef-9bcaa62a7535: receive RaftClientReply:client-E0FA40453D59->0c156e3c-57cc-425b-90ef-9bcaa62a7535@group-7704A457760D, cid=2295, SUCCESS, logIndex=3935, commits[0c156e3c-57cc-425b-90ef-9bcaa62a7535:c3936]
2019-06-14 13:45:57,165 INFO  client.GrpcClientProtocolClient (GrpcClientProtocolClient.java:onNext(254)) - client-E0FA40453D59->0c156e3c-57cc-425b-90ef-9bcaa62a7535: receive RaftClientReply:client-E0FA40453D59->0c156e3c-57cc-425b-90ef-9bcaa62a7535@group-7704A457760D, cid=2296, SUCCESS, logIndex=3936, commits[0c156e3c-57cc-425b-90ef-9bcaa62a7535:c3936]
2019-06-14 13:45:57,202 INFO  client.GrpcClientProtocolClient (GrpcClientProtocolClient.java:onNext(254)) - client-E0FA40453D59->0c156e3c-57cc-425b-90ef-9bcaa62a7535: receive RaftClientReply:client-E0FA40453D59->0c156e3c-57cc-425b-90ef-9bcaa62a7535@group-7704A457760D, cid=2297, SUCCESS, logIndex=3938, commits[0c156e3c-57cc-425b-90ef-9bcaa62a7535:c3938]
2019-06-14 13:45:57,211 INFO  client.GrpcClientProtocolClient (GrpcClientProtocolClient.java:onNext(254)) - client-E0FA40453D59->0c156e3c-57cc-425b-90ef-9bcaa62a7535: receive RaftClientReply:client-E0FA40453D59->0c156e3c-57cc-425b-90ef-9bcaa62a7535@group-7704A457760D, cid=2298, SUCCESS, logIndex=3940, commits[0c156e3c-57cc-425b-90ef-9bcaa62a7535:c3940]
2019-06-14 13:45:57,254 DEBUG block.SCMBlockDeletingService (SCMBlockDeletingService.java:call(138)) - Running DeletedBlockTransactionScanner
2019-06-14 13:45:57,255 DEBUG block.SCMBlockDeletingService (SCMBlockDeletingService.java:call(155)) - Scanned deleted blocks log and got 0 delTX to process.
2019-06-14 13:45:57,282 INFO  client.GrpcClientProtocolClient (GrpcClientProtocolClient.java:onNext(254)) - client-E0FA40453D59->0c156e3c-57cc-425b-90ef-9bcaa62a7535: receive RaftClientReply:client-E0FA40453D59->0c156e3c-57cc-425b-90ef-9bcaa62a7535@group-7704A457760D, cid=2299, SUCCESS, logIndex=3942, commits[0c156e3c-57cc-425b-90ef-9bcaa62a7535:c3942]
2019-06-14 13:45:57,284 INFO  client.GrpcClientProtocolClient (GrpcClientProtocolClient.java:onNext(254)) - client-E0FA40453D59->0c156e3c-57cc-425b-90ef-9bcaa62a7535: receive RaftClientReply:client-E0FA40453D59->0c156e3c-57cc-425b-90ef-9bcaa62a7535@group-7704A457760D, cid=2300, SUCCESS, logIndex=3944, commits[0c156e3c-57cc-425b-90ef-9bcaa62a7535:c3944]
2019-06-14 13:45:57,294 INFO  client.GrpcClientProtocolClient (GrpcClientProtocolClient.java:onNext(254)) - client-E0FA40453D59->0c156e3c-57cc-425b-90ef-9bcaa62a7535: receive RaftClientReply:client-E0FA40453D59->0c156e3c-57cc-425b-90ef-9bcaa62a7535@group-7704A457760D, cid=2301, SUCCESS, logIndex=3946, commits[0c156e3c-57cc-425b-90ef-9bcaa62a7535:c3946]
2019-06-14 13:45:57,296 INFO  client.GrpcClientProtocolClient (GrpcClientProtocolClient.java:onNext(254)) - client-E0FA40453D59->0c156e3c-57cc-425b-90ef-9bcaa62a7535: receive RaftClientReply:client-E0FA40453D59->0c156e3c-57cc-425b-90ef-9bcaa62a7535@group-7704A457760D, cid=2302, SUCCESS, logIndex=3948, commits[0c156e3c-57cc-425b-90ef-9bcaa62a7535:c3948]
2019-06-14 13:45:57,299 INFO  client.GrpcClientProtocolClient (GrpcClientProtocolClient.java:onNext(254)) - client-E0FA40453D59->0c156e3c-57cc-425b-90ef-9bcaa62a7535: receive RaftClientReply:client-E0FA40453D59->0c156e3c-57cc-425b-90ef-9bcaa62a7535@group-7704A457760D, cid=2303, SUCCESS, logIndex=3950, commits[0c156e3c-57cc-425b-90ef-9bcaa62a7535:c3950]
2019-06-14 13:45:57,304 INFO  client.GrpcClientProtocolClient (GrpcClientProtocolClient.java:onNext(254)) - client-E0FA40453D59->0c156e3c-57cc-425b-90ef-9bcaa62a7535: receive RaftClientReply:client-E0FA40453D59->0c156e3c-57cc-425b-90ef-9bcaa62a7535@group-7704A457760D, cid=2304, SUCCESS, logIndex=3951, commits[0c156e3c-57cc-425b-90ef-9bcaa62a7535:c3951]
2019-06-14 13:45:57,325 INFO  client.GrpcClientProtocolClient (GrpcClientProtocolClient.java:onNext(254)) - client-E0FA40453D59->0c156e3c-57cc-425b-90ef-9bcaa62a7535: receive RaftClientReply:client-E0FA40453D59->0c156e3c-57cc-425b-90ef-9bcaa62a7535@group-7704A457760D, cid=2305, SUCCESS, logIndex=3954, commits[0c156e3c-57cc-425b-90ef-9bcaa62a7535:c3954]
2019-06-14 13:45:57,328 INFO  client.GrpcClientProtocolClient (GrpcClientProtocolClient.java:onNext(254)) - client-E0FA40453D59->0c156e3c-57cc-425b-90ef-9bcaa62a7535: receive RaftClientReply:client-E0FA40453D59->0c156e3c-57cc-425b-90ef-9bcaa62a7535@group-7704A457760D, cid=2306, SUCCESS, logIndex=3956, commits[0c156e3c-57cc-425b-90ef-9bcaa62a7535:c3956]
2019-06-14 13:45:57,328 INFO  client.GrpcClientProtocolClient (GrpcClientProtocolClient.java:onNext(254)) - client-E0FA40453D59->0c156e3c-57cc-425b-90ef-9bcaa62a7535: receive RaftClientReply:client-E0FA40453D59->0c156e3c-57cc-425b-90ef-9bcaa62a7535@group-7704A457760D, cid=2307, SUCCESS, logIndex=3957, commits[0c156e3c-57cc-425b-90ef-9bcaa62a7535:c3957]
2019-06-14 13:45:57,329 INFO  client.GrpcClientProtocolClient (GrpcClientProtocolClient.java:onNext(254)) - client-E0FA40453D59->0c156e3c-57cc-425b-90ef-9bcaa62a7535: receive RaftClientReply:client-E0FA40453D59->0c156e3c-57cc-425b-90ef-9bcaa62a7535@group-7704A457760D, cid=2308, SUCCESS, logIndex=3959, commits[0c156e3c-57cc-425b-90ef-9bcaa62a7535:c3959]
2019-06-14 13:45:57,338 INFO  client.GrpcClientProtocolClient (GrpcClientProtocolClient.java:onNext(254)) - client-E0FA40453D59->0c156e3c-57cc-425b-90ef-9bcaa62a7535: receive RaftClientReply:client-E0FA40453D59->0c156e3c-57cc-425b-90ef-9bcaa62a7535@group-7704A457760D, cid=2309, SUCCESS, logIndex=3962, commits[0c156e3c-57cc-425b-90ef-9bcaa62a7535:c3962]
2019-06-14 13:45:57,340 INFO  client.GrpcClientProtocolClient (GrpcClientProtocolClient.java:onNext(254)) - client-E0FA40453D59->0c156e3c-57cc-425b-90ef-9bcaa62a7535: receive RaftClientReply:client-E0FA40453D59->0c156e3c-57cc-425b-90ef-9bcaa62a7535@group-7704A457760D, cid=2310, SUCCESS, logIndex=3964, commits[0c156e3c-57cc-425b-90ef-9bcaa62a7535:c3964]
2019-06-14 13:45:57,341 INFO  client.GrpcClientProtocolClient (GrpcClientProtocolClient.java:onNext(254)) - client-E0FA40453D59->0c156e3c-57cc-425b-90ef-9bcaa62a7535: receive RaftClientReply:client-E0FA40453D59->0c156e3c-57cc-425b-90ef-9bcaa62a7535@group-7704A457760D, cid=2311, SUCCESS, logIndex=3965, commits[0c156e3c-57cc-425b-90ef-9bcaa62a7535:c3967]
2019-06-14 13:45:57,341 INFO  client.GrpcClientProtocolClient (GrpcClientProtocolClient.java:onNext(254)) - client-E0FA40453D59->0c156e3c-57cc-425b-90ef-9bcaa62a7535: receive RaftClientReply:client-E0FA40453D59->0c156e3c-57cc-425b-90ef-9bcaa62a7535@group-7704A457760D, cid=2312, SUCCESS, logIndex=3966, commits[0c156e3c-57cc-425b-90ef-9bcaa62a7535:c3967]
2019-06-14 13:45:57,355 DEBUG block.SCMBlockDeletingService (SCMBlockDeletingService.java:call(138)) - Running DeletedBlockTransactionScanner
2019-06-14 13:45:57,356 DEBUG block.SCMBlockDeletingService (SCMBlockDeletingService.java:call(155)) - Scanned deleted blocks log and got 0 delTX to process.
2019-06-14 13:45:57,377 INFO  storage.RaftLogWorker (RaftLogWorker.java:rollLogSegment(303)) - 0c156e3c-57cc-425b-90ef-9bcaa62a7535-RaftLogWorker: Rolling segment log-3895_3970 to index:3970
2019-06-14 13:45:57,378 INFO  client.GrpcClientProtocolClient (GrpcClientProtocolClient.java:onNext(254)) - client-E0FA40453D59->0c156e3c-57cc-425b-90ef-9bcaa62a7535: receive RaftClientReply:client-E0FA40453D59->0c156e3c-57cc-425b-90ef-9bcaa62a7535@group-7704A457760D, cid=2313, SUCCESS, logIndex=3968, commits[0c156e3c-57cc-425b-90ef-9bcaa62a7535:c3969]
2019-06-14 13:45:57,379 INFO  storage.RaftLogWorker (RaftLogWorker.java:execute(433)) - 0c156e3c-57cc-425b-90ef-9bcaa62a7535-RaftLogWorker: Rolled log segment from /opt/src/hadoop-ozone/integration-test/target/test-dir/MiniOzoneClusterImpl-8919240e-7e15-4dbf-8bf4-c210578586bb/datanode-0/data/ratis/1fc53845-3381-4beb-82f9-7704a457760d/current/log_inprogress_3895 to /opt/src/hadoop-ozone/integration-test/target/test-dir/MiniOzoneClusterImpl-8919240e-7e15-4dbf-8bf4-c210578586bb/datanode-0/data/ratis/1fc53845-3381-4beb-82f9-7704a457760d/current/log_3895-3970
2019-06-14 13:45:57,386 INFO  client.GrpcClientProtocolClient (GrpcClientProtocolClient.java:onNext(254)) - client-E0FA40453D59->0c156e3c-57cc-425b-90ef-9bcaa62a7535: receive RaftClientReply:client-E0FA40453D59->0c156e3c-57cc-425b-90ef-9bcaa62a7535@group-7704A457760D, cid=2314, SUCCESS, logIndex=3970, commits[0c156e3c-57cc-425b-90ef-9bcaa62a7535:c3970]
2019-06-14 13:45:57,427 INFO  storage.RaftLogWorker (RaftLogWorker.java:execute(469)) - 0c156e3c-57cc-425b-90ef-9bcaa62a7535-RaftLogWorker: created new log segment /opt/src/hadoop-ozone/integration-test/target/test-dir/MiniOzoneClusterImpl-8919240e-7e15-4dbf-8bf4-c210578586bb/datanode-0/data/ratis/1fc53845-3381-4beb-82f9-7704a457760d/current/log_inprogress_3971
2019-06-14 13:45:57,429 INFO  client.GrpcClientProtocolClient (GrpcClientProtocolClient.java:onNext(254)) - client-E0FA40453D59->0c156e3c-57cc-425b-90ef-9bcaa62a7535: receive RaftClientReply:client-E0FA40453D59->0c156e3c-57cc-425b-90ef-9bcaa62a7535@group-7704A457760D, cid=2315, SUCCESS, logIndex=3971, commits[0c156e3c-57cc-425b-90ef-9bcaa62a7535:c3973]
2019-06-14 13:45:57,430 INFO  client.GrpcClientProtocolClient (GrpcClientProtocolClient.java:onNext(254)) - client-E0FA40453D59->0c156e3c-57cc-425b-90ef-9bcaa62a7535: receive RaftClientReply:client-E0FA40453D59->0c156e3c-57cc-425b-90ef-9bcaa62a7535@group-7704A457760D, cid=2316, SUCCESS, logIndex=3973, commits[0c156e3c-57cc-425b-90ef-9bcaa62a7535:c3974]
2019-06-14 13:45:57,438 INFO  client.GrpcClientProtocolClient (GrpcClientProtocolClient.java:onNext(254)) - client-E0FA40453D59->0c156e3c-57cc-425b-90ef-9bcaa62a7535: receive RaftClientReply:client-E0FA40453D59->0c156e3c-57cc-425b-90ef-9bcaa62a7535@group-7704A457760D, cid=2317, SUCCESS, logIndex=3975, commits[0c156e3c-57cc-425b-90ef-9bcaa62a7535:c3975]
2019-06-14 13:45:57,440 INFO  client.GrpcClientProtocolClient (GrpcClientProtocolClient.java:onNext(254)) - client-E0FA40453D59->0c156e3c-57cc-425b-90ef-9bcaa62a7535: receive RaftClientReply:client-E0FA40453D59->0c156e3c-57cc-425b-90ef-9bcaa62a7535@group-7704A457760D, cid=2318, SUCCESS, logIndex=3977, commits[0c156e3c-57cc-425b-90ef-9bcaa62a7535:c3977]
2019-06-14 13:45:57,441 INFO  client.GrpcClientProtocolClient (GrpcClientProtocolClient.java:onNext(254)) - client-E0FA40453D59->0c156e3c-57cc-425b-90ef-9bcaa62a7535: receive RaftClientReply:client-E0FA40453D59->0c156e3c-57cc-425b-90ef-9bcaa62a7535@group-7704A457760D, cid=2319, SUCCESS, logIndex=3978, commits[0c156e3c-57cc-425b-90ef-9bcaa62a7535:c3979]
2019-06-14 13:45:57,441 INFO  client.GrpcClientProtocolClient (GrpcClientProtocolClient.java:onNext(254)) - client-E0FA40453D59->0c156e3c-57cc-425b-90ef-9bcaa62a7535: receive RaftClientReply:client-E0FA40453D59->0c156e3c-57cc-425b-90ef-9bcaa62a7535@group-7704A457760D, cid=2320, SUCCESS, logIndex=3979, commits[0c156e3c-57cc-425b-90ef-9bcaa62a7535:c3980]
2019-06-14 13:45:57,452 INFO  client.GrpcClientProtocolClient (GrpcClientProtocolClient.java:onNext(254)) - client-E0FA40453D59->0c156e3c-57cc-425b-90ef-9bcaa62a7535: receive RaftClientReply:client-E0FA40453D59->0c156e3c-57cc-425b-90ef-9bcaa62a7535@group-7704A457760D, cid=2321, SUCCESS, logIndex=3982, commits[0c156e3c-57cc-425b-90ef-9bcaa62a7535:c3982]
2019-06-14 13:45:57,454 INFO  client.GrpcClientProtocolClient (GrpcClientProtocolClient.java:onNext(254)) - client-E0FA40453D59->0c156e3c-57cc-425b-90ef-9bcaa62a7535: receive RaftClientReply:client-E0FA40453D59->0c156e3c-57cc-425b-90ef-9bcaa62a7535@group-7704A457760D, cid=2322, SUCCESS, logIndex=3984, commits[0c156e3c-57cc-425b-90ef-9bcaa62a7535:c3984]
2019-06-14 13:45:57,455 INFO  client.GrpcClientProtocolClient (GrpcClientProtocolClient.java:onNext(254)) - client-E0FA40453D59->0c156e3c-57cc-425b-90ef-9bcaa62a7535: receive RaftClientReply:client-E0FA40453D59->0c156e3c-57cc-425b-90ef-9bcaa62a7535@group-7704A457760D, cid=2323, SUCCESS, logIndex=3985, commits[0c156e3c-57cc-425b-90ef-9bcaa62a7535:c3985]
2019-06-14 13:45:57,456 INFO  client.GrpcClientProtocolClient (GrpcClientProtocolClient.java:onNext(254)) - client-E0FA40453D59->0c156e3c-57cc-425b-90ef-9bcaa62a7535: receive RaftClientReply:client-E0FA40453D59->0c156e3c-57cc-425b-90ef-9bcaa62a7535@group-7704A457760D, cid=2324, SUCCESS, logIndex=3987, commits[0c156e3c-57cc-425b-90ef-9bcaa62a7535:c3987]
2019-06-14 13:45:57,458 DEBUG block.SCMBlockDeletingService (SCMBlockDeletingService.java:call(138)) - Running DeletedBlockTransactionScanner
2019-06-14 13:45:57,458 DEBUG block.SCMBlockDeletingService (SCMBlockDeletingService.java:call(155)) - Scanned deleted blocks log and got 0 delTX to process.
2019-06-14 13:45:57,463 INFO  client.GrpcClientProtocolClient (GrpcClientProtocolClient.java:onNext(254)) - client-E0FA40453D59->0c156e3c-57cc-425b-90ef-9bcaa62a7535: receive RaftClientReply:client-E0FA40453D59->0c156e3c-57cc-425b-90ef-9bcaa62a7535@group-7704A457760D, cid=2325, SUCCESS, logIndex=3990, commits[0c156e3c-57cc-425b-90ef-9bcaa62a7535:c3990]
2019-06-14 13:45:57,465 INFO  client.GrpcClientProtocolClient (GrpcClientProtocolClient.java:onNext(254)) - client-E0FA40453D59->0c156e3c-57cc-425b-90ef-9bcaa62a7535: receive RaftClientReply:client-E0FA40453D59->0c156e3c-57cc-425b-90ef-9bcaa62a7535@group-7704A457760D, cid=2326, SUCCESS, logIndex=3992, commits[0c156e3c-57cc-425b-90ef-9bcaa62a7535:c3992]
2019-06-14 13:45:57,474 INFO  client.GrpcClientProtocolClient (GrpcClientProtocolClient.java:onNext(254)) - client-E0FA40453D59->0c156e3c-57cc-425b-90ef-9bcaa62a7535: receive RaftClientReply:client-E0FA40453D59->0c156e3c-57cc-425b-90ef-9bcaa62a7535@group-7704A457760D, cid=2327, SUCCESS, logIndex=3993, commits[0c156e3c-57cc-425b-90ef-9bcaa62a7535:c3994]
2019-06-14 13:45:57,475 INFO  client.GrpcClientProtocolClient (GrpcClientProtocolClient.java:onNext(254)) - client-E0FA40453D59->0c156e3c-57cc-425b-90ef-9bcaa62a7535: receive RaftClientReply:client-E0FA40453D59->0c156e3c-57cc-425b-90ef-9bcaa62a7535@group-7704A457760D, cid=2328, SUCCESS, logIndex=3994, commits[0c156e3c-57cc-425b-90ef-9bcaa62a7535:c3996]
2019-06-14 13:45:57,484 INFO  client.GrpcClientProtocolClient (GrpcClientProtocolClient.java:onNext(254)) - client-E0FA40453D59->0c156e3c-57cc-425b-90ef-9bcaa62a7535: receive RaftClientReply:client-E0FA40453D59->0c156e3c-57cc-425b-90ef-9bcaa62a7535@group-7704A457760D, cid=2329, SUCCESS, logIndex=3997, commits[0c156e3c-57cc-425b-90ef-9bcaa62a7535:c3997]
2019-06-14 13:45:57,486 INFO  client.GrpcClientProtocolClient (GrpcClientProtocolClient.java:onNext(254)) - client-E0FA40453D59->0c156e3c-57cc-425b-90ef-9bcaa62a7535: receive RaftClientReply:client-E0FA40453D59->0c156e3c-57cc-425b-90ef-9bcaa62a7535@group-7704A457760D, cid=2330, SUCCESS, logIndex=3999, commits[0c156e3c-57cc-425b-90ef-9bcaa62a7535:c3999]
2019-06-14 13:45:57,487 INFO  client.GrpcClientProtocolClient (GrpcClientProtocolClient.java:onNext(254)) - client-E0FA40453D59->0c156e3c-57cc-425b-90ef-9bcaa62a7535: receive RaftClientReply:client-E0FA40453D59->0c156e3c-57cc-425b-90ef-9bcaa62a7535@group-7704A457760D, cid=2331, SUCCESS, logIndex=4000, commits[0c156e3c-57cc-425b-90ef-9bcaa62a7535:c4000]
2019-06-14 13:45:57,487 INFO  client.GrpcClientProtocolClient (GrpcClientProtocolClient.java:onNext(254)) - client-E0FA40453D59->0c156e3c-57cc-425b-90ef-9bcaa62a7535: receive RaftClientReply:client-E0FA40453D59->0c156e3c-57cc-425b-90ef-9bcaa62a7535@group-7704A457760D, cid=2332, SUCCESS, logIndex=4002, commits[0c156e3c-57cc-425b-90ef-9bcaa62a7535:c4002]
2019-06-14 13:45:57,494 INFO  client.GrpcClientProtocolClient (GrpcClientProtocolClient.java:onNext(254)) - client-E0FA40453D59->0c156e3c-57cc-425b-90ef-9bcaa62a7535: receive RaftClientReply:client-E0FA40453D59->0c156e3c-57cc-425b-90ef-9bcaa62a7535@group-7704A457760D, cid=2333, SUCCESS, logIndex=4005, commits[0c156e3c-57cc-425b-90ef-9bcaa62a7535:c4005]
2019-06-14 13:45:57,503 INFO  client.GrpcClientProtocolClient (GrpcClientProtocolClient.java:onNext(254)) - client-E0FA40453D59->0c156e3c-57cc-425b-90ef-9bcaa62a7535: receive RaftClientReply:client-E0FA40453D59->0c156e3c-57cc-425b-90ef-9bcaa62a7535@group-7704A457760D, cid=2334, SUCCESS, logIndex=4007, commits[0c156e3c-57cc-425b-90ef-9bcaa62a7535:c4010]
2019-06-14 13:45:57,504 INFO  client.GrpcClientProtocolClient (GrpcClientProtocolClient.java:onNext(254)) - client-E0FA40453D59->0c156e3c-57cc-425b-90ef-9bcaa62a7535: receive RaftClientReply:client-E0FA40453D59->0c156e3c-57cc-425b-90ef-9bcaa62a7535@group-7704A457760D, cid=2335, SUCCESS, logIndex=4008, commits[0c156e3c-57cc-425b-90ef-9bcaa62a7535:c4010]
2019-06-14 13:45:57,504 INFO  client.GrpcClientProtocolClient (GrpcClientProtocolClient.java:onNext(254)) - client-E0FA40453D59->0c156e3c-57cc-425b-90ef-9bcaa62a7535: receive RaftClientReply:client-E0FA40453D59->0c156e3c-57cc-425b-90ef-9bcaa62a7535@group-7704A457760D, cid=2336, SUCCESS, logIndex=4009, commits[0c156e3c-57cc-425b-90ef-9bcaa62a7535:c4010]
2019-06-14 13:45:57,513 INFO  client.GrpcClientProtocolClient (GrpcClientProtocolClient.java:onNext(254)) - client-E0FA40453D59->0c156e3c-57cc-425b-90ef-9bcaa62a7535: receive RaftClientReply:client-E0FA40453D59->0c156e3c-57cc-425b-90ef-9bcaa62a7535@group-7704A457760D, cid=2337, SUCCESS, logIndex=4011, commits[0c156e3c-57cc-425b-90ef-9bcaa62a7535:c4011]
2019-06-14 13:45:57,515 INFO  client.GrpcClientProtocolClient (GrpcClientProtocolClient.java:onNext(254)) - client-E0FA40453D59->0c156e3c-57cc-425b-90ef-9bcaa62a7535: receive RaftClientReply:client-E0FA40453D59->0c156e3c-57cc-425b-90ef-9bcaa62a7535@group-7704A457760D, cid=2338, SUCCESS, logIndex=4013, commits[0c156e3c-57cc-425b-90ef-9bcaa62a7535:c4013]
2019-06-14 13:45:57,516 INFO  client.GrpcClientProtocolClient (GrpcClientProtocolClient.java:onNext(254)) - client-E0FA40453D59->0c156e3c-57cc-425b-90ef-9bcaa62a7535: receive RaftClientReply:client-E0FA40453D59->0c156e3c-57cc-425b-90ef-9bcaa62a7535@group-7704A457760D, cid=2339, SUCCESS, logIndex=4014, commits[0c156e3c-57cc-425b-90ef-9bcaa62a7535:c4016]
2019-06-14 13:45:57,516 INFO  client.GrpcClientProtocolClient (GrpcClientProtocolClient.java:onNext(254)) - client-E0FA40453D59->0c156e3c-57cc-425b-90ef-9bcaa62a7535: receive RaftClientReply:client-E0FA40453D59->0c156e3c-57cc-425b-90ef-9bcaa62a7535@group-7704A457760D, cid=2340, SUCCESS, logIndex=4015, commits[0c156e3c-57cc-425b-90ef-9bcaa62a7535:c4016]
2019-06-14 13:45:57,559 DEBUG block.SCMBlockDeletingService (SCMBlockDeletingService.java:call(138)) - Running DeletedBlockTransactionScanner
2019-06-14 13:45:57,559 DEBUG block.SCMBlockDeletingService (SCMBlockDeletingService.java:call(155)) - Scanned deleted blocks log and got 0 delTX to process.
2019-06-14 13:45:57,562 INFO  client.GrpcClientProtocolClient (GrpcClientProtocolClient.java:onNext(254)) - client-E0FA40453D59->0c156e3c-57cc-425b-90ef-9bcaa62a7535: receive RaftClientReply:client-E0FA40453D59->0c156e3c-57cc-425b-90ef-9bcaa62a7535@group-7704A457760D, cid=2341, SUCCESS, logIndex=4017, commits[0c156e3c-57cc-425b-90ef-9bcaa62a7535:c4017]
2019-06-14 13:45:57,563 INFO  client.GrpcClientProtocolClient (GrpcClientProtocolClient.java:onNext(254)) - client-E0FA40453D59->0c156e3c-57cc-425b-90ef-9bcaa62a7535: receive RaftClientReply:client-E0FA40453D59->0c156e3c-57cc-425b-90ef-9bcaa62a7535@group-7704A457760D, cid=2342, SUCCESS, logIndex=4019, commits[0c156e3c-57cc-425b-90ef-9bcaa62a7535:c4019]
2019-06-14 13:45:57,642 INFO  client.GrpcClientProtocolClient (GrpcClientProtocolClient.java:onNext(254)) - client-E0FA40453D59->0c156e3c-57cc-425b-90ef-9bcaa62a7535: receive RaftClientReply:client-E0FA40453D59->0c156e3c-57cc-425b-90ef-9bcaa62a7535@group-7704A457760D, cid=2343, SUCCESS, logIndex=4021, commits[0c156e3c-57cc-425b-90ef-9bcaa62a7535:c4021]
2019-06-14 13:45:57,648 INFO  client.GrpcClientProtocolClient (GrpcClientProtocolClient.java:onNext(254)) - client-E0FA40453D59->0c156e3c-57cc-425b-90ef-9bcaa62a7535: receive RaftClientReply:client-E0FA40453D59->0c156e3c-57cc-425b-90ef-9bcaa62a7535@group-7704A457760D, cid=2344, SUCCESS, logIndex=4023, commits[0c156e3c-57cc-425b-90ef-9bcaa62a7535:c4024]
2019-06-14 13:45:57,659 DEBUG block.SCMBlockDeletingService (SCMBlockDeletingService.java:call(138)) - Running DeletedBlockTransactionScanner
2019-06-14 13:45:57,659 DEBUG block.SCMBlockDeletingService (SCMBlockDeletingService.java:call(155)) - Scanned deleted blocks log and got 0 delTX to process.
2019-06-14 13:45:57,661 INFO  client.GrpcClientProtocolClient (GrpcClientProtocolClient.java:onNext(254)) - client-E0FA40453D59->0c156e3c-57cc-425b-90ef-9bcaa62a7535: receive RaftClientReply:client-E0FA40453D59->0c156e3c-57cc-425b-90ef-9bcaa62a7535@group-7704A457760D, cid=2345, SUCCESS, logIndex=4025, commits[0c156e3c-57cc-425b-90ef-9bcaa62a7535:c4025]
2019-06-14 13:45:57,664 INFO  client.GrpcClientProtocolClient (GrpcClientProtocolClient.java:onNext(254)) - client-E0FA40453D59->0c156e3c-57cc-425b-90ef-9bcaa62a7535: receive RaftClientReply:client-E0FA40453D59->0c156e3c-57cc-425b-90ef-9bcaa62a7535@group-7704A457760D, cid=2346, SUCCESS, logIndex=4027, commits[0c156e3c-57cc-425b-90ef-9bcaa62a7535:c4027]
2019-06-14 13:45:57,665 INFO  client.GrpcClientProtocolClient (GrpcClientProtocolClient.java:onNext(254)) - client-E0FA40453D59->0c156e3c-57cc-425b-90ef-9bcaa62a7535: receive RaftClientReply:client-E0FA40453D59->0c156e3c-57cc-425b-90ef-9bcaa62a7535@group-7704A457760D, cid=2347, SUCCESS, logIndex=4028, commits[0c156e3c-57cc-425b-90ef-9bcaa62a7535:c4030]
2019-06-14 13:45:57,665 INFO  client.GrpcClientProtocolClient (GrpcClientProtocolClient.java:onNext(254)) - client-E0FA40453D59->0c156e3c-57cc-425b-90ef-9bcaa62a7535: receive RaftClientReply:client-E0FA40453D59->0c156e3c-57cc-425b-90ef-9bcaa62a7535@group-7704A457760D, cid=2348, SUCCESS, logIndex=4029, commits[0c156e3c-57cc-425b-90ef-9bcaa62a7535:c4030]
2019-06-14 13:45:57,681 INFO  client.GrpcClientProtocolClient (GrpcClientProtocolClient.java:onNext(254)) - client-E0FA40453D59->0c156e3c-57cc-425b-90ef-9bcaa62a7535: receive RaftClientReply:client-E0FA40453D59->0c156e3c-57cc-425b-90ef-9bcaa62a7535@group-7704A457760D, cid=2349, SUCCESS, logIndex=4031, commits[0c156e3c-57cc-425b-90ef-9bcaa62a7535:c4032]
2019-06-14 13:45:57,685 INFO  client.GrpcClientProtocolClient (GrpcClientProtocolClient.java:onNext(254)) - client-E0FA40453D59->0c156e3c-57cc-425b-90ef-9bcaa62a7535: receive RaftClientReply:client-E0FA40453D59->0c156e3c-57cc-425b-90ef-9bcaa62a7535@group-7704A457760D, cid=2350, SUCCESS, logIndex=4033, commits[0c156e3c-57cc-425b-90ef-9bcaa62a7535:c4033]
2019-06-14 13:45:57,686 INFO  client.GrpcClientProtocolClient (GrpcClientProtocolClient.java:onNext(254)) - client-E0FA40453D59->0c156e3c-57cc-425b-90ef-9bcaa62a7535: receive RaftClientReply:client-E0FA40453D59->0c156e3c-57cc-425b-90ef-9bcaa62a7535@group-7704A457760D, cid=2351, SUCCESS, logIndex=4034, commits[0c156e3c-57cc-425b-90ef-9bcaa62a7535:c4035]
2019-06-14 13:45:57,690 INFO  client.GrpcClientProtocolClient (GrpcClientProtocolClient.java:onNext(254)) - client-E0FA40453D59->0c156e3c-57cc-425b-90ef-9bcaa62a7535: receive RaftClientReply:client-E0FA40453D59->0c156e3c-57cc-425b-90ef-9bcaa62a7535@group-7704A457760D, cid=2352, SUCCESS, logIndex=4036, commits[0c156e3c-57cc-425b-90ef-9bcaa62a7535:c4036]
2019-06-14 13:45:57,712 INFO  client.GrpcClientProtocolClient (GrpcClientProtocolClient.java:onNext(254)) - client-E0FA40453D59->0c156e3c-57cc-425b-90ef-9bcaa62a7535: receive RaftClientReply:client-E0FA40453D59->0c156e3c-57cc-425b-90ef-9bcaa62a7535@group-7704A457760D, cid=2353, SUCCESS, logIndex=4038, commits[0c156e3c-57cc-425b-90ef-9bcaa62a7535:c4038]
2019-06-14 13:45:57,714 INFO  client.GrpcClientProtocolClient (GrpcClientProtocolClient.java:onNext(254)) - client-E0FA40453D59->0c156e3c-57cc-425b-90ef-9bcaa62a7535: receive RaftClientReply:client-E0FA40453D59->0c156e3c-57cc-425b-90ef-9bcaa62a7535@group-7704A457760D, cid=2354, SUCCESS, logIndex=4040, commits[0c156e3c-57cc-425b-90ef-9bcaa62a7535:c4040]
2019-06-14 13:45:57,716 INFO  client.GrpcClientProtocolClient (GrpcClientProtocolClient.java:onNext(254)) - client-E0FA40453D59->0c156e3c-57cc-425b-90ef-9bcaa62a7535: receive RaftClientReply:client-E0FA40453D59->0c156e3c-57cc-425b-90ef-9bcaa62a7535@group-7704A457760D, cid=2355, SUCCESS, logIndex=4041, commits[0c156e3c-57cc-425b-90ef-9bcaa62a7535:c4043]
2019-06-14 13:45:57,720 INFO  client.GrpcClientProtocolClient (GrpcClientProtocolClient.java:onNext(254)) - client-E0FA40453D59->0c156e3c-57cc-425b-90ef-9bcaa62a7535: receive RaftClientReply:client-E0FA40453D59->0c156e3c-57cc-425b-90ef-9bcaa62a7535@group-7704A457760D, cid=2356, SUCCESS, logIndex=4042, commits[0c156e3c-57cc-425b-90ef-9bcaa62a7535:c4043]
2019-06-14 13:45:57,730 INFO  client.GrpcClientProtocolClient (GrpcClientProtocolClient.java:onNext(254)) - client-E0FA40453D59->0c156e3c-57cc-425b-90ef-9bcaa62a7535: receive RaftClientReply:client-E0FA40453D59->0c156e3c-57cc-425b-90ef-9bcaa62a7535@group-7704A457760D, cid=2357, SUCCESS, logIndex=4044, commits[0c156e3c-57cc-425b-90ef-9bcaa62a7535:c4044]
2019-06-14 13:45:57,730 INFO  storage.RaftLogWorker (RaftLogWorker.java:rollLogSegment(303)) - 0c156e3c-57cc-425b-90ef-9bcaa62a7535-RaftLogWorker: Rolling segment log-3971_4045 to index:4045
2019-06-14 13:45:57,733 INFO  storage.RaftLogWorker (RaftLogWorker.java:execute(433)) - 0c156e3c-57cc-425b-90ef-9bcaa62a7535-RaftLogWorker: Rolled log segment from /opt/src/hadoop-ozone/integration-test/target/test-dir/MiniOzoneClusterImpl-8919240e-7e15-4dbf-8bf4-c210578586bb/datanode-0/data/ratis/1fc53845-3381-4beb-82f9-7704a457760d/current/log_inprogress_3971 to /opt/src/hadoop-ozone/integration-test/target/test-dir/MiniOzoneClusterImpl-8919240e-7e15-4dbf-8bf4-c210578586bb/datanode-0/data/ratis/1fc53845-3381-4beb-82f9-7704a457760d/current/log_3971-4045
2019-06-14 13:45:57,760 DEBUG block.SCMBlockDeletingService (SCMBlockDeletingService.java:call(138)) - Running DeletedBlockTransactionScanner
2019-06-14 13:45:57,760 DEBUG block.SCMBlockDeletingService (SCMBlockDeletingService.java:call(155)) - Scanned deleted blocks log and got 0 delTX to process.
2019-06-14 13:45:57,774 INFO  storage.RaftLogWorker (RaftLogWorker.java:execute(469)) - 0c156e3c-57cc-425b-90ef-9bcaa62a7535-RaftLogWorker: created new log segment /opt/src/hadoop-ozone/integration-test/target/test-dir/MiniOzoneClusterImpl-8919240e-7e15-4dbf-8bf4-c210578586bb/datanode-0/data/ratis/1fc53845-3381-4beb-82f9-7704a457760d/current/log_inprogress_4046
2019-06-14 13:45:57,775 INFO  client.GrpcClientProtocolClient (GrpcClientProtocolClient.java:onNext(254)) - client-E0FA40453D59->0c156e3c-57cc-425b-90ef-9bcaa62a7535: receive RaftClientReply:client-E0FA40453D59->0c156e3c-57cc-425b-90ef-9bcaa62a7535@group-7704A457760D, cid=2358, SUCCESS, logIndex=4046, commits[0c156e3c-57cc-425b-90ef-9bcaa62a7535:c4048]
2019-06-14 13:45:57,778 INFO  client.GrpcClientProtocolClient (GrpcClientProtocolClient.java:onNext(254)) - client-E0FA40453D59->0c156e3c-57cc-425b-90ef-9bcaa62a7535: receive RaftClientReply:client-E0FA40453D59->0c156e3c-57cc-425b-90ef-9bcaa62a7535@group-7704A457760D, cid=2359, SUCCESS, logIndex=4047, commits[0c156e3c-57cc-425b-90ef-9bcaa62a7535:c4048]
2019-06-14 13:45:57,778 INFO  client.GrpcClientProtocolClient (GrpcClientProtocolClient.java:onNext(254)) - client-E0FA40453D59->0c156e3c-57cc-425b-90ef-9bcaa62a7535: receive RaftClientReply:client-E0FA40453D59->0c156e3c-57cc-425b-90ef-9bcaa62a7535@group-7704A457760D, cid=2360, SUCCESS, logIndex=4048, commits[0c156e3c-57cc-425b-90ef-9bcaa62a7535:c4049]
2019-06-14 13:45:57,788 INFO  client.GrpcClientProtocolClient (GrpcClientProtocolClient.java:onNext(254)) - client-E0FA40453D59->0c156e3c-57cc-425b-90ef-9bcaa62a7535: receive RaftClientReply:client-E0FA40453D59->0c156e3c-57cc-425b-90ef-9bcaa62a7535@group-7704A457760D, cid=2361, SUCCESS, logIndex=4050, commits[0c156e3c-57cc-425b-90ef-9bcaa62a7535:c4050]
2019-06-14 13:45:57,789 INFO  client.GrpcClientProtocolClient (GrpcClientProtocolClient.java:onNext(254)) - client-E0FA40453D59->0c156e3c-57cc-425b-90ef-9bcaa62a7535: receive RaftClientReply:client-E0FA40453D59->0c156e3c-57cc-425b-90ef-9bcaa62a7535@group-7704A457760D, cid=2362, SUCCESS, logIndex=4052, commits[0c156e3c-57cc-425b-90ef-9bcaa62a7535:c4052]
2019-06-14 13:45:57,794 INFO  client.GrpcClientProtocolClient (GrpcClientProtocolClient.java:onNext(254)) - client-E0FA40453D59->0c156e3c-57cc-425b-90ef-9bcaa62a7535: receive RaftClientReply:client-E0FA40453D59->0c156e3c-57cc-425b-90ef-9bcaa62a7535@group-7704A457760D, cid=2363, SUCCESS, logIndex=4054, commits[0c156e3c-57cc-425b-90ef-9bcaa62a7535:c4055]
2019-06-14 13:45:57,794 INFO  client.GrpcClientProtocolClient (GrpcClientProtocolClient.java:onNext(254)) - client-E0FA40453D59->0c156e3c-57cc-425b-90ef-9bcaa62a7535: receive RaftClientReply:client-E0FA40453D59->0c156e3c-57cc-425b-90ef-9bcaa62a7535@group-7704A457760D, cid=2364, SUCCESS, logIndex=4055, commits[0c156e3c-57cc-425b-90ef-9bcaa62a7535:c4056]
2019-06-14 13:45:57,800 INFO  client.GrpcClientProtocolClient (GrpcClientProtocolClient.java:onNext(254)) - client-E0FA40453D59->0c156e3c-57cc-425b-90ef-9bcaa62a7535: receive RaftClientReply:client-E0FA40453D59->0c156e3c-57cc-425b-90ef-9bcaa62a7535@group-7704A457760D, cid=2365, SUCCESS, logIndex=4057, commits[0c156e3c-57cc-425b-90ef-9bcaa62a7535:c4057]
2019-06-14 13:45:57,801 INFO  client.GrpcClientProtocolClient (GrpcClientProtocolClient.java:onNext(254)) - client-E0FA40453D59->0c156e3c-57cc-425b-90ef-9bcaa62a7535: receive RaftClientReply:client-E0FA40453D59->0c156e3c-57cc-425b-90ef-9bcaa62a7535@group-7704A457760D, cid=2366, SUCCESS, logIndex=4059, commits[0c156e3c-57cc-425b-90ef-9bcaa62a7535:c4059]
2019-06-14 13:45:57,804 INFO  client.GrpcClientProtocolClient (GrpcClientProtocolClient.java:onNext(254)) - client-E0FA40453D59->0c156e3c-57cc-425b-90ef-9bcaa62a7535: receive RaftClientReply:client-E0FA40453D59->0c156e3c-57cc-425b-90ef-9bcaa62a7535@group-7704A457760D, cid=2367, SUCCESS, logIndex=4061, commits[0c156e3c-57cc-425b-90ef-9bcaa62a7535:c4062]
2019-06-14 13:45:57,804 INFO  client.GrpcClientProtocolClient (GrpcClientProtocolClient.java:onNext(254)) - client-E0FA40453D59->0c156e3c-57cc-425b-90ef-9bcaa62a7535: receive RaftClientReply:client-E0FA40453D59->0c156e3c-57cc-425b-90ef-9bcaa62a7535@group-7704A457760D, cid=2368, SUCCESS, logIndex=4062, commits[0c156e3c-57cc-425b-90ef-9bcaa62a7535:c4062]
2019-06-14 13:45:57,816 INFO  client.GrpcClientProtocolClient (GrpcClientProtocolClient.java:onNext(254)) - client-E0FA40453D59->0c156e3c-57cc-425b-90ef-9bcaa62a7535: receive RaftClientReply:client-E0FA40453D59->0c156e3c-57cc-425b-90ef-9bcaa62a7535@group-7704A457760D, cid=2369, SUCCESS, logIndex=4064, commits[0c156e3c-57cc-425b-90ef-9bcaa62a7535:c4064]
2019-06-14 13:45:57,817 INFO  client.GrpcClientProtocolClient (GrpcClientProtocolClient.java:onNext(254)) - client-E0FA40453D59->0c156e3c-57cc-425b-90ef-9bcaa62a7535: receive RaftClientReply:client-E0FA40453D59->0c156e3c-57cc-425b-90ef-9bcaa62a7535@group-7704A457760D, cid=2370, SUCCESS, logIndex=4066, commits[0c156e3c-57cc-425b-90ef-9bcaa62a7535:c4066]
2019-06-14 13:45:57,820 INFO  client.GrpcClientProtocolClient (GrpcClientProtocolClient.java:onNext(254)) - client-E0FA40453D59->0c156e3c-57cc-425b-90ef-9bcaa62a7535: receive RaftClientReply:client-E0FA40453D59->0c156e3c-57cc-425b-90ef-9bcaa62a7535@group-7704A457760D, cid=2371, SUCCESS, logIndex=4068, commits[0c156e3c-57cc-425b-90ef-9bcaa62a7535:c4069]
2019-06-14 13:45:57,820 INFO  client.GrpcClientProtocolClient (GrpcClientProtocolClient.java:onNext(254)) - client-E0FA40453D59->0c156e3c-57cc-425b-90ef-9bcaa62a7535: receive RaftClientReply:client-E0FA40453D59->0c156e3c-57cc-425b-90ef-9bcaa62a7535@group-7704A457760D, cid=2372, SUCCESS, logIndex=4069, commits[0c156e3c-57cc-425b-90ef-9bcaa62a7535:c4069]
2019-06-14 13:45:57,825 INFO  client.GrpcClientProtocolClient (GrpcClientProtocolClient.java:onNext(254)) - client-E0FA40453D59->0c156e3c-57cc-425b-90ef-9bcaa62a7535: receive RaftClientReply:client-E0FA40453D59->0c156e3c-57cc-425b-90ef-9bcaa62a7535@group-7704A457760D, cid=2373, SUCCESS, logIndex=4071, commits[0c156e3c-57cc-425b-90ef-9bcaa62a7535:c4071]
2019-06-14 13:45:57,826 INFO  client.GrpcClientProtocolClient (GrpcClientProtocolClient.java:onNext(254)) - client-E0FA40453D59->0c156e3c-57cc-425b-90ef-9bcaa62a7535: receive RaftClientReply:client-E0FA40453D59->0c156e3c-57cc-425b-90ef-9bcaa62a7535@group-7704A457760D, cid=2374, SUCCESS, logIndex=4073, commits[0c156e3c-57cc-425b-90ef-9bcaa62a7535:c4073]
2019-06-14 13:45:57,827 INFO  client.GrpcClientProtocolClient (GrpcClientProtocolClient.java:onNext(254)) - client-E0FA40453D59->0c156e3c-57cc-425b-90ef-9bcaa62a7535: receive RaftClientReply:client-E0FA40453D59->0c156e3c-57cc-425b-90ef-9bcaa62a7535@group-7704A457760D, cid=2375, SUCCESS, logIndex=4074, commits[0c156e3c-57cc-425b-90ef-9bcaa62a7535:c4076]
2019-06-14 13:45:57,828 INFO  client.GrpcClientProtocolClient (GrpcClientProtocolClient.java:onNext(254)) - client-E0FA40453D59->0c156e3c-57cc-425b-90ef-9bcaa62a7535: receive RaftClientReply:client-E0FA40453D59->0c156e3c-57cc-425b-90ef-9bcaa62a7535@group-7704A457760D, cid=2376, SUCCESS, logIndex=4075, commits[0c156e3c-57cc-425b-90ef-9bcaa62a7535:c4076]
2019-06-14 13:45:57,836 INFO  client.GrpcClientProtocolClient (GrpcClientProtocolClient.java:onNext(254)) - client-E0FA40453D59->0c156e3c-57cc-425b-90ef-9bcaa62a7535: receive RaftClientReply:client-E0FA40453D59->0c156e3c-57cc-425b-90ef-9bcaa62a7535@group-7704A457760D, cid=2377, SUCCESS, logIndex=4077, commits[0c156e3c-57cc-425b-90ef-9bcaa62a7535:c4077]
2019-06-14 13:45:57,838 INFO  client.GrpcClientProtocolClient (GrpcClientProtocolClient.java:onNext(254)) - client-E0FA40453D59->0c156e3c-57cc-425b-90ef-9bcaa62a7535: receive RaftClientReply:client-E0FA40453D59->0c156e3c-57cc-425b-90ef-9bcaa62a7535@group-7704A457760D, cid=2378, SUCCESS, logIndex=4079, commits[0c156e3c-57cc-425b-90ef-9bcaa62a7535:c4079]
2019-06-14 13:45:57,839 INFO  client.GrpcClientProtocolClient (GrpcClientProtocolClient.java:onNext(254)) - client-E0FA40453D59->0c156e3c-57cc-425b-90ef-9bcaa62a7535: receive RaftClientReply:client-E0FA40453D59->0c156e3c-57cc-425b-90ef-9bcaa62a7535@group-7704A457760D, cid=2379, SUCCESS, logIndex=4080, commits[0c156e3c-57cc-425b-90ef-9bcaa62a7535:c4082]
2019-06-14 13:45:57,839 INFO  client.GrpcClientProtocolClient (GrpcClientProtocolClient.java:onNext(254)) - client-E0FA40453D59->0c156e3c-57cc-425b-90ef-9bcaa62a7535: receive RaftClientReply:client-E0FA40453D59->0c156e3c-57cc-425b-90ef-9bcaa62a7535@group-7704A457760D, cid=2380, SUCCESS, logIndex=4081, commits[0c156e3c-57cc-425b-90ef-9bcaa62a7535:c4082]
2019-06-14 13:45:57,845 INFO  client.GrpcClientProtocolClient (GrpcClientProtocolClient.java:onNext(254)) - client-E0FA40453D59->0c156e3c-57cc-425b-90ef-9bcaa62a7535: receive RaftClientReply:client-E0FA40453D59->0c156e3c-57cc-425b-90ef-9bcaa62a7535@group-7704A457760D, cid=2381, SUCCESS, logIndex=4083, commits[0c156e3c-57cc-425b-90ef-9bcaa62a7535:c4083]
2019-06-14 13:45:57,846 INFO  client.GrpcClientProtocolClient (GrpcClientProtocolClient.java:onNext(254)) - client-E0FA40453D59->0c156e3c-57cc-425b-90ef-9bcaa62a7535: receive RaftClientReply:client-E0FA40453D59->0c156e3c-57cc-425b-90ef-9bcaa62a7535@group-7704A457760D, cid=2382, SUCCESS, logIndex=4085, commits[0c156e3c-57cc-425b-90ef-9bcaa62a7535:c4085]
2019-06-14 13:45:57,847 INFO  client.GrpcClientProtocolClient (GrpcClientProtocolClient.java:onNext(254)) - client-E0FA40453D59->0c156e3c-57cc-425b-90ef-9bcaa62a7535: receive RaftClientReply:client-E0FA40453D59->0c156e3c-57cc-425b-90ef-9bcaa62a7535@group-7704A457760D, cid=2383, SUCCESS, logIndex=4086, commits[0c156e3c-57cc-425b-90ef-9bcaa62a7535:c4088]
2019-06-14 13:45:57,850 INFO  client.GrpcClientProtocolClient (GrpcClientProtocolClient.java:onNext(254)) - client-E0FA40453D59->0c156e3c-57cc-425b-90ef-9bcaa62a7535: receive RaftClientReply:client-E0FA40453D59->0c156e3c-57cc-425b-90ef-9bcaa62a7535@group-7704A457760D, cid=2384, SUCCESS, logIndex=4087, commits[0c156e3c-57cc-425b-90ef-9bcaa62a7535:c4088]
2019-06-14 13:45:57,860 DEBUG block.SCMBlockDeletingService (SCMBlockDeletingService.java:call(138)) - Running DeletedBlockTransactionScanner
2019-06-14 13:45:57,860 DEBUG block.SCMBlockDeletingService (SCMBlockDeletingService.java:call(155)) - Scanned deleted blocks log and got 0 delTX to process.
2019-06-14 13:45:57,861 INFO  client.GrpcClientProtocolClient (GrpcClientProtocolClient.java:onNext(254)) - client-E0FA40453D59->0c156e3c-57cc-425b-90ef-9bcaa62a7535: receive RaftClientReply:client-E0FA40453D59->0c156e3c-57cc-425b-90ef-9bcaa62a7535@group-7704A457760D, cid=2385, SUCCESS, logIndex=4089, commits[0c156e3c-57cc-425b-90ef-9bcaa62a7535:c4089]
2019-06-14 13:45:57,869 INFO  client.GrpcClientProtocolClient (GrpcClientProtocolClient.java:onNext(254)) - client-E0FA40453D59->0c156e3c-57cc-425b-90ef-9bcaa62a7535: receive RaftClientReply:client-E0FA40453D59->0c156e3c-57cc-425b-90ef-9bcaa62a7535@group-7704A457760D, cid=2386, SUCCESS, logIndex=4091, commits[0c156e3c-57cc-425b-90ef-9bcaa62a7535:c4091]
2019-06-14 13:45:57,961 DEBUG block.SCMBlockDeletingService (SCMBlockDeletingService.java:call(138)) - Running DeletedBlockTransactionScanner
2019-06-14 13:45:57,961 DEBUG block.SCMBlockDeletingService (SCMBlockDeletingService.java:call(155)) - Scanned deleted blocks log and got 0 delTX to process.
2019-06-14 13:45:57,961 INFO  client.GrpcClientProtocolClient (GrpcClientProtocolClient.java:onNext(254)) - client-E0FA40453D59->0c156e3c-57cc-425b-90ef-9bcaa62a7535: receive RaftClientReply:client-E0FA40453D59->0c156e3c-57cc-425b-90ef-9bcaa62a7535@group-7704A457760D, cid=2387, SUCCESS, logIndex=4093, commits[0c156e3c-57cc-425b-90ef-9bcaa62a7535:c4093]
2019-06-14 13:45:57,962 INFO  client.GrpcClientProtocolClient (GrpcClientProtocolClient.java:onNext(254)) - client-E0FA40453D59->0c156e3c-57cc-425b-90ef-9bcaa62a7535: receive RaftClientReply:client-E0FA40453D59->0c156e3c-57cc-425b-90ef-9bcaa62a7535@group-7704A457760D, cid=2388, SUCCESS, logIndex=4095, commits[0c156e3c-57cc-425b-90ef-9bcaa62a7535:c4095]
2019-06-14 13:45:57,967 INFO  client.GrpcClientProtocolClient (GrpcClientProtocolClient.java:onNext(254)) - client-E0FA40453D59->0c156e3c-57cc-425b-90ef-9bcaa62a7535: receive RaftClientReply:client-E0FA40453D59->0c156e3c-57cc-425b-90ef-9bcaa62a7535@group-7704A457760D, cid=2389, SUCCESS, logIndex=4097, commits[0c156e3c-57cc-425b-90ef-9bcaa62a7535:c4097]
2019-06-14 13:45:57,969 INFO  client.GrpcClientProtocolClient (GrpcClientProtocolClient.java:onNext(254)) - client-E0FA40453D59->0c156e3c-57cc-425b-90ef-9bcaa62a7535: receive RaftClientReply:client-E0FA40453D59->0c156e3c-57cc-425b-90ef-9bcaa62a7535@group-7704A457760D, cid=2390, SUCCESS, logIndex=4099, commits[0c156e3c-57cc-425b-90ef-9bcaa62a7535:c4099]
2019-06-14 13:45:57,970 INFO  client.GrpcClientProtocolClient (GrpcClientProtocolClient.java:onNext(254)) - client-E0FA40453D59->0c156e3c-57cc-425b-90ef-9bcaa62a7535: receive RaftClientReply:client-E0FA40453D59->0c156e3c-57cc-425b-90ef-9bcaa62a7535@group-7704A457760D, cid=2391, SUCCESS, logIndex=4100, commits[0c156e3c-57cc-425b-90ef-9bcaa62a7535:c4102]
2019-06-14 13:45:57,970 INFO  client.GrpcClientProtocolClient (GrpcClientProtocolClient.java:onNext(254)) - client-E0FA40453D59->0c156e3c-57cc-425b-90ef-9bcaa62a7535: receive RaftClientReply:client-E0FA40453D59->0c156e3c-57cc-425b-90ef-9bcaa62a7535@group-7704A457760D, cid=2392, SUCCESS, logIndex=4101, commits[0c156e3c-57cc-425b-90ef-9bcaa62a7535:c4102]
2019-06-14 13:45:57,979 INFO  client.GrpcClientProtocolClient (GrpcClientProtocolClient.java:onNext(254)) - client-E0FA40453D59->0c156e3c-57cc-425b-90ef-9bcaa62a7535: receive RaftClientReply:client-E0FA40453D59->0c156e3c-57cc-425b-90ef-9bcaa62a7535@group-7704A457760D, cid=2393, SUCCESS, logIndex=4103, commits[0c156e3c-57cc-425b-90ef-9bcaa62a7535:c4103]
2019-06-14 13:45:57,981 INFO  client.GrpcClientProtocolClient (GrpcClientProtocolClient.java:onNext(254)) - client-E0FA40453D59->0c156e3c-57cc-425b-90ef-9bcaa62a7535: receive RaftClientReply:client-E0FA40453D59->0c156e3c-57cc-425b-90ef-9bcaa62a7535@group-7704A457760D, cid=2394, SUCCESS, logIndex=4105, commits[0c156e3c-57cc-425b-90ef-9bcaa62a7535:c4105]
2019-06-14 13:45:57,983 INFO  client.GrpcClientProtocolClient (GrpcClientProtocolClient.java:onNext(254)) - client-E0FA40453D59->0c156e3c-57cc-425b-90ef-9bcaa62a7535: receive RaftClientReply:client-E0FA40453D59->0c156e3c-57cc-425b-90ef-9bcaa62a7535@group-7704A457760D, cid=2395, SUCCESS, logIndex=4107, commits[0c156e3c-57cc-425b-90ef-9bcaa62a7535:c4108]
2019-06-14 13:45:57,983 INFO  client.GrpcClientProtocolClient (GrpcClientProtocolClient.java:onNext(254)) - client-E0FA40453D59->0c156e3c-57cc-425b-90ef-9bcaa62a7535: receive RaftClientReply:client-E0FA40453D59->0c156e3c-57cc-425b-90ef-9bcaa62a7535@group-7704A457760D, cid=2396, SUCCESS, logIndex=4108, commits[0c156e3c-57cc-425b-90ef-9bcaa62a7535:c4108]
2019-06-14 13:45:58,029 INFO  storage.RaftLogWorker (RaftLogWorker.java:rollLogSegment(303)) - 0c156e3c-57cc-425b-90ef-9bcaa62a7535-RaftLogWorker: Rolling segment log-4046_4114 to index:4114
2019-06-14 13:45:58,030 INFO  storage.RaftLogWorker (RaftLogWorker.java:execute(433)) - 0c156e3c-57cc-425b-90ef-9bcaa62a7535-RaftLogWorker: Rolled log segment from /opt/src/hadoop-ozone/integration-test/target/test-dir/MiniOzoneClusterImpl-8919240e-7e15-4dbf-8bf4-c210578586bb/datanode-0/data/ratis/1fc53845-3381-4beb-82f9-7704a457760d/current/log_inprogress_4046 to /opt/src/hadoop-ozone/integration-test/target/test-dir/MiniOzoneClusterImpl-8919240e-7e15-4dbf-8bf4-c210578586bb/datanode-0/data/ratis/1fc53845-3381-4beb-82f9-7704a457760d/current/log_4046-4114
2019-06-14 13:45:58,031 INFO  client.GrpcClientProtocolClient (GrpcClientProtocolClient.java:onNext(254)) - client-E0FA40453D59->0c156e3c-57cc-425b-90ef-9bcaa62a7535: receive RaftClientReply:client-E0FA40453D59->0c156e3c-57cc-425b-90ef-9bcaa62a7535@group-7704A457760D, cid=2397, SUCCESS, logIndex=4110, commits[0c156e3c-57cc-425b-90ef-9bcaa62a7535:c4110]
2019-06-14 13:45:58,032 INFO  client.GrpcClientProtocolClient (GrpcClientProtocolClient.java:onNext(254)) - client-E0FA40453D59->0c156e3c-57cc-425b-90ef-9bcaa62a7535: receive RaftClientReply:client-E0FA40453D59->0c156e3c-57cc-425b-90ef-9bcaa62a7535@group-7704A457760D, cid=2398, SUCCESS, logIndex=4112, commits[0c156e3c-57cc-425b-90ef-9bcaa62a7535:c4112]
2019-06-14 13:45:58,032 INFO  client.GrpcClientProtocolClient (GrpcClientProtocolClient.java:onNext(254)) - client-E0FA40453D59->0c156e3c-57cc-425b-90ef-9bcaa62a7535: receive RaftClientReply:client-E0FA40453D59->0c156e3c-57cc-425b-90ef-9bcaa62a7535@group-7704A457760D, cid=2399, SUCCESS, logIndex=4114, commits[0c156e3c-57cc-425b-90ef-9bcaa62a7535:c4114]
2019-06-14 13:45:58,062 DEBUG block.SCMBlockDeletingService (SCMBlockDeletingService.java:call(138)) - Running DeletedBlockTransactionScanner
2019-06-14 13:45:58,062 DEBUG block.SCMBlockDeletingService (SCMBlockDeletingService.java:call(155)) - Scanned deleted blocks log and got 0 delTX to process.
2019-06-14 13:45:58,076 INFO  storage.RaftLogWorker (RaftLogWorker.java:execute(469)) - 0c156e3c-57cc-425b-90ef-9bcaa62a7535-RaftLogWorker: created new log segment /opt/src/hadoop-ozone/integration-test/target/test-dir/MiniOzoneClusterImpl-8919240e-7e15-4dbf-8bf4-c210578586bb/datanode-0/data/ratis/1fc53845-3381-4beb-82f9-7704a457760d/current/log_inprogress_4115
2019-06-14 13:45:58,079 INFO  client.GrpcClientProtocolClient (GrpcClientProtocolClient.java:onNext(254)) - client-E0FA40453D59->0c156e3c-57cc-425b-90ef-9bcaa62a7535: receive RaftClientReply:client-E0FA40453D59->0c156e3c-57cc-425b-90ef-9bcaa62a7535@group-7704A457760D, cid=2400, SUCCESS, logIndex=4115, commits[0c156e3c-57cc-425b-90ef-9bcaa62a7535:c4116]
2019-06-14 13:45:58,095 INFO  client.GrpcClientProtocolClient (GrpcClientProtocolClient.java:onNext(254)) - client-E0FA40453D59->0c156e3c-57cc-425b-90ef-9bcaa62a7535: receive RaftClientReply:client-E0FA40453D59->0c156e3c-57cc-425b-90ef-9bcaa62a7535@group-7704A457760D, cid=2401, SUCCESS, logIndex=4117, commits[0c156e3c-57cc-425b-90ef-9bcaa62a7535:c4117]
2019-06-14 13:45:58,098 INFO  client.GrpcClientProtocolClient (GrpcClientProtocolClient.java:onNext(254)) - client-E0FA40453D59->0c156e3c-57cc-425b-90ef-9bcaa62a7535: receive RaftClientReply:client-E0FA40453D59->0c156e3c-57cc-425b-90ef-9bcaa62a7535@group-7704A457760D, cid=2402, SUCCESS, logIndex=4119, commits[0c156e3c-57cc-425b-90ef-9bcaa62a7535:c4121]
2019-06-14 13:45:58,098 INFO  client.GrpcClientProtocolClient (GrpcClientProtocolClient.java:onNext(254)) - client-E0FA40453D59->0c156e3c-57cc-425b-90ef-9bcaa62a7535: receive RaftClientReply:client-E0FA40453D59->0c156e3c-57cc-425b-90ef-9bcaa62a7535@group-7704A457760D, cid=2403, SUCCESS, logIndex=4120, commits[0c156e3c-57cc-425b-90ef-9bcaa62a7535:c4121]
2019-06-14 13:45:58,099 INFO  client.GrpcClientProtocolClient (GrpcClientProtocolClient.java:onNext(254)) - client-E0FA40453D59->0c156e3c-57cc-425b-90ef-9bcaa62a7535: receive RaftClientReply:client-E0FA40453D59->0c156e3c-57cc-425b-90ef-9bcaa62a7535@group-7704A457760D, cid=2404, SUCCESS, logIndex=4121, commits[0c156e3c-57cc-425b-90ef-9bcaa62a7535:c4121]
2019-06-14 13:45:58,112 INFO  client.GrpcClientProtocolClient (GrpcClientProtocolClient.java:onNext(254)) - client-E0FA40453D59->0c156e3c-57cc-425b-90ef-9bcaa62a7535: receive RaftClientReply:client-E0FA40453D59->0c156e3c-57cc-425b-90ef-9bcaa62a7535@group-7704A457760D, cid=2405, SUCCESS, logIndex=4123, commits[0c156e3c-57cc-425b-90ef-9bcaa62a7535:c4123]
2019-06-14 13:45:58,114 INFO  client.GrpcClientProtocolClient (GrpcClientProtocolClient.java:onNext(254)) - client-E0FA40453D59->0c156e3c-57cc-425b-90ef-9bcaa62a7535: receive RaftClientReply:client-E0FA40453D59->0c156e3c-57cc-425b-90ef-9bcaa62a7535@group-7704A457760D, cid=2406, SUCCESS, logIndex=4125, commits[0c156e3c-57cc-425b-90ef-9bcaa62a7535:c4125]
2019-06-14 13:45:58,115 INFO  client.GrpcClientProtocolClient (GrpcClientProtocolClient.java:onNext(254)) - client-E0FA40453D59->0c156e3c-57cc-425b-90ef-9bcaa62a7535: receive RaftClientReply:client-E0FA40453D59->0c156e3c-57cc-425b-90ef-9bcaa62a7535@group-7704A457760D, cid=2407, SUCCESS, logIndex=4126, commits[0c156e3c-57cc-425b-90ef-9bcaa62a7535:c4128]
2019-06-14 13:45:58,115 INFO  client.GrpcClientProtocolClient (GrpcClientProtocolClient.java:onNext(254)) - client-E0FA40453D59->0c156e3c-57cc-425b-90ef-9bcaa62a7535: receive RaftClientReply:client-E0FA40453D59->0c156e3c-57cc-425b-90ef-9bcaa62a7535@group-7704A457760D, cid=2408, SUCCESS, logIndex=4128, commits[0c156e3c-57cc-425b-90ef-9bcaa62a7535:c4128]
2019-06-14 13:45:58,126 INFO  client.GrpcClientProtocolClient (GrpcClientProtocolClient.java:onNext(254)) - client-E0FA40453D59->0c156e3c-57cc-425b-90ef-9bcaa62a7535: receive RaftClientReply:client-E0FA40453D59->0c156e3c-57cc-425b-90ef-9bcaa62a7535@group-7704A457760D, cid=2409, SUCCESS, logIndex=4130, commits[0c156e3c-57cc-425b-90ef-9bcaa62a7535:c4130]
2019-06-14 13:45:58,127 INFO  client.GrpcClientProtocolClient (GrpcClientProtocolClient.java:onNext(254)) - client-E0FA40453D59->0c156e3c-57cc-425b-90ef-9bcaa62a7535: receive RaftClientReply:client-E0FA40453D59->0c156e3c-57cc-425b-90ef-9bcaa62a7535@group-7704A457760D, cid=2410, SUCCESS, logIndex=4132, commits[0c156e3c-57cc-425b-90ef-9bcaa62a7535:c4132]
2019-06-14 13:45:58,129 INFO  client.GrpcClientProtocolClient (GrpcClientProtocolClient.java:onNext(254)) - client-E0FA40453D59->0c156e3c-57cc-425b-90ef-9bcaa62a7535: receive RaftClientReply:client-E0FA40453D59->0c156e3c-57cc-425b-90ef-9bcaa62a7535@group-7704A457760D, cid=2411, SUCCESS, logIndex=4133, commits[0c156e3c-57cc-425b-90ef-9bcaa62a7535:c4135]
2019-06-14 13:45:58,134 INFO  client.GrpcClientProtocolClient (GrpcClientProtocolClient.java:onNext(254)) - client-E0FA40453D59->0c156e3c-57cc-425b-90ef-9bcaa62a7535: receive RaftClientReply:client-E0FA40453D59->0c156e3c-57cc-425b-90ef-9bcaa62a7535@group-7704A457760D, cid=2412, SUCCESS, logIndex=4134, commits[0c156e3c-57cc-425b-90ef-9bcaa62a7535:c4135]
2019-06-14 13:45:58,148 INFO  client.GrpcClientProtocolClient (GrpcClientProtocolClient.java:onNext(254)) - client-E0FA40453D59->0c156e3c-57cc-425b-90ef-9bcaa62a7535: receive RaftClientReply:client-E0FA40453D59->0c156e3c-57cc-425b-90ef-9bcaa62a7535@group-7704A457760D, cid=2413, SUCCESS, logIndex=4136, commits[0c156e3c-57cc-425b-90ef-9bcaa62a7535:c4136]
2019-06-14 13:45:58,157 INFO  client.GrpcClientProtocolClient (GrpcClientProtocolClient.java:onNext(254)) - client-E0FA40453D59->0c156e3c-57cc-425b-90ef-9bcaa62a7535: receive RaftClientReply:client-E0FA40453D59->0c156e3c-57cc-425b-90ef-9bcaa62a7535@group-7704A457760D, cid=2414, SUCCESS, logIndex=4138, commits[0c156e3c-57cc-425b-90ef-9bcaa62a7535:c4140]
2019-06-14 13:45:58,157 INFO  client.GrpcClientProtocolClient (GrpcClientProtocolClient.java:onNext(254)) - client-E0FA40453D59->0c156e3c-57cc-425b-90ef-9bcaa62a7535: receive RaftClientReply:client-E0FA40453D59->0c156e3c-57cc-425b-90ef-9bcaa62a7535@group-7704A457760D, cid=2415, SUCCESS, logIndex=4139, commits[0c156e3c-57cc-425b-90ef-9bcaa62a7535:c4140]
2019-06-14 13:45:58,158 INFO  client.GrpcClientProtocolClient (GrpcClientProtocolClient.java:onNext(254)) - client-E0FA40453D59->0c156e3c-57cc-425b-90ef-9bcaa62a7535: receive RaftClientReply:client-E0FA40453D59->0c156e3c-57cc-425b-90ef-9bcaa62a7535@group-7704A457760D, cid=2416, SUCCESS, logIndex=4140, commits[0c156e3c-57cc-425b-90ef-9bcaa62a7535:c4140]
2019-06-14 13:45:58,163 DEBUG block.SCMBlockDeletingService (SCMBlockDeletingService.java:call(138)) - Running DeletedBlockTransactionScanner
2019-06-14 13:45:58,163 DEBUG block.SCMBlockDeletingService (SCMBlockDeletingService.java:call(155)) - Scanned deleted blocks log and got 0 delTX to process.
2019-06-14 13:45:58,175 INFO  client.GrpcClientProtocolClient (GrpcClientProtocolClient.java:onNext(254)) - client-E0FA40453D59->0c156e3c-57cc-425b-90ef-9bcaa62a7535: receive RaftClientReply:client-E0FA40453D59->0c156e3c-57cc-425b-90ef-9bcaa62a7535@group-7704A457760D, cid=2417, SUCCESS, logIndex=4142, commits[0c156e3c-57cc-425b-90ef-9bcaa62a7535:c4142]
2019-06-14 13:45:58,187 INFO  client.GrpcClientProtocolClient (GrpcClientProtocolClient.java:onNext(254)) - client-E0FA40453D59->0c156e3c-57cc-425b-90ef-9bcaa62a7535: receive RaftClientReply:client-E0FA40453D59->0c156e3c-57cc-425b-90ef-9bcaa62a7535@group-7704A457760D, cid=2418, SUCCESS, logIndex=4144, commits[0c156e3c-57cc-425b-90ef-9bcaa62a7535:c4146]
2019-06-14 13:45:58,188 INFO  client.GrpcClientProtocolClient (GrpcClientProtocolClient.java:onNext(254)) - client-E0FA40453D59->0c156e3c-57cc-425b-90ef-9bcaa62a7535: receive RaftClientReply:client-E0FA40453D59->0c156e3c-57cc-425b-90ef-9bcaa62a7535@group-7704A457760D, cid=2419, SUCCESS, logIndex=4145, commits[0c156e3c-57cc-425b-90ef-9bcaa62a7535:c4147]
2019-06-14 13:45:58,188 INFO  client.GrpcClientProtocolClient (GrpcClientProtocolClient.java:onNext(254)) - client-E0FA40453D59->0c156e3c-57cc-425b-90ef-9bcaa62a7535: receive RaftClientReply:client-E0FA40453D59->0c156e3c-57cc-425b-90ef-9bcaa62a7535@group-7704A457760D, cid=2420, SUCCESS, logIndex=4146, commits[0c156e3c-57cc-425b-90ef-9bcaa62a7535:c4147]
2019-06-14 13:45:58,200 INFO  client.GrpcClientProtocolClient (GrpcClientProtocolClient.java:onNext(254)) - client-E0FA40453D59->0c156e3c-57cc-425b-90ef-9bcaa62a7535: receive RaftClientReply:client-E0FA40453D59->0c156e3c-57cc-425b-90ef-9bcaa62a7535@group-7704A457760D, cid=2421, SUCCESS, logIndex=4148, commits[0c156e3c-57cc-425b-90ef-9bcaa62a7535:c4148]
2019-06-14 13:45:58,202 INFO  client.GrpcClientProtocolClient (GrpcClientProtocolClient.java:onNext(254)) - client-E0FA40453D59->0c156e3c-57cc-425b-90ef-9bcaa62a7535: receive RaftClientReply:client-E0FA40453D59->0c156e3c-57cc-425b-90ef-9bcaa62a7535@group-7704A457760D, cid=2422, SUCCESS, logIndex=4150, commits[0c156e3c-57cc-425b-90ef-9bcaa62a7535:c4150]
2019-06-14 13:45:58,204 INFO  client.GrpcClientProtocolClient (GrpcClientProtocolClient.java:onNext(254)) - client-E0FA40453D59->0c156e3c-57cc-425b-90ef-9bcaa62a7535: receive RaftClientReply:client-E0FA40453D59->0c156e3c-57cc-425b-90ef-9bcaa62a7535@group-7704A457760D, cid=2423, SUCCESS, logIndex=4152, commits[0c156e3c-57cc-425b-90ef-9bcaa62a7535:c4152]
2019-06-14 13:45:58,205 INFO  client.GrpcClientProtocolClient (GrpcClientProtocolClient.java:onNext(254)) - client-E0FA40453D59->0c156e3c-57cc-425b-90ef-9bcaa62a7535: receive RaftClientReply:client-E0FA40453D59->0c156e3c-57cc-425b-90ef-9bcaa62a7535@group-7704A457760D, cid=2424, SUCCESS, logIndex=4153, commits[0c156e3c-57cc-425b-90ef-9bcaa62a7535:c4153]
2019-06-14 13:45:58,223 INFO  client.GrpcClientProtocolClient (GrpcClientProtocolClient.java:onNext(254)) - client-E0FA40453D59->0c156e3c-57cc-425b-90ef-9bcaa62a7535: receive RaftClientReply:client-E0FA40453D59->0c156e3c-57cc-425b-90ef-9bcaa62a7535@group-7704A457760D, cid=2425, SUCCESS, logIndex=4156, commits[0c156e3c-57cc-425b-90ef-9bcaa62a7535:c4156]
2019-06-14 13:45:58,226 INFO  client.GrpcClientProtocolClient (GrpcClientProtocolClient.java:onNext(254)) - client-E0FA40453D59->0c156e3c-57cc-425b-90ef-9bcaa62a7535: receive RaftClientReply:client-E0FA40453D59->0c156e3c-57cc-425b-90ef-9bcaa62a7535@group-7704A457760D, cid=2426, SUCCESS, logIndex=4158, commits[0c156e3c-57cc-425b-90ef-9bcaa62a7535:c4159]
2019-06-14 13:45:58,227 INFO  client.GrpcClientProtocolClient (GrpcClientProtocolClient.java:onNext(254)) - client-E0FA40453D59->0c156e3c-57cc-425b-90ef-9bcaa62a7535: receive RaftClientReply:client-E0FA40453D59->0c156e3c-57cc-425b-90ef-9bcaa62a7535@group-7704A457760D, cid=2427, SUCCESS, logIndex=4159, commits[0c156e3c-57cc-425b-90ef-9bcaa62a7535:c4159]
2019-06-14 13:45:58,233 INFO  client.GrpcClientProtocolClient (GrpcClientProtocolClient.java:onNext(254)) - client-E0FA40453D59->0c156e3c-57cc-425b-90ef-9bcaa62a7535: receive RaftClientReply:client-E0FA40453D59->0c156e3c-57cc-425b-90ef-9bcaa62a7535@group-7704A457760D, cid=2428, SUCCESS, logIndex=4161, commits[0c156e3c-57cc-425b-90ef-9bcaa62a7535:c4161]
2019-06-14 13:45:58,239 INFO  client.GrpcClientProtocolClient (GrpcClientProtocolClient.java:onNext(254)) - client-E0FA40453D59->0c156e3c-57cc-425b-90ef-9bcaa62a7535: receive RaftClientReply:client-E0FA40453D59->0c156e3c-57cc-425b-90ef-9bcaa62a7535@group-7704A457760D, cid=2429, SUCCESS, logIndex=4163, commits[0c156e3c-57cc-425b-90ef-9bcaa62a7535:c4163]
2019-06-14 13:45:58,262 INFO  client.GrpcClientProtocolClient (GrpcClientProtocolClient.java:onNext(254)) - client-E0FA40453D59->0c156e3c-57cc-425b-90ef-9bcaa62a7535: receive RaftClientReply:client-E0FA40453D59->0c156e3c-57cc-425b-90ef-9bcaa62a7535@group-7704A457760D, cid=2430, SUCCESS, logIndex=4165, commits[0c156e3c-57cc-425b-90ef-9bcaa62a7535:c4166]
2019-06-14 13:45:58,264 DEBUG block.SCMBlockDeletingService (SCMBlockDeletingService.java:call(138)) - Running DeletedBlockTransactionScanner
2019-06-14 13:45:58,264 DEBUG block.SCMBlockDeletingService (SCMBlockDeletingService.java:call(155)) - Scanned deleted blocks log and got 0 delTX to process.
2019-06-14 13:45:58,337 INFO  client.GrpcClientProtocolClient (GrpcClientProtocolClient.java:onNext(254)) - client-E0FA40453D59->0c156e3c-57cc-425b-90ef-9bcaa62a7535: receive RaftClientReply:client-E0FA40453D59->0c156e3c-57cc-425b-90ef-9bcaa62a7535@group-7704A457760D, cid=2431, SUCCESS, logIndex=4167, commits[0c156e3c-57cc-425b-90ef-9bcaa62a7535:c4167]
2019-06-14 13:45:58,338 INFO  client.GrpcClientProtocolClient (GrpcClientProtocolClient.java:onNext(254)) - client-E0FA40453D59->0c156e3c-57cc-425b-90ef-9bcaa62a7535: receive RaftClientReply:client-E0FA40453D59->0c156e3c-57cc-425b-90ef-9bcaa62a7535@group-7704A457760D, cid=2432, SUCCESS, logIndex=4169, commits[0c156e3c-57cc-425b-90ef-9bcaa62a7535:c4169]
2019-06-14 13:45:58,364 DEBUG block.SCMBlockDeletingService (SCMBlockDeletingService.java:call(138)) - Running DeletedBlockTransactionScanner
2019-06-14 13:45:58,364 DEBUG block.SCMBlockDeletingService (SCMBlockDeletingService.java:call(155)) - Scanned deleted blocks log and got 0 delTX to process.
2019-06-14 13:45:58,378 INFO  client.GrpcClientProtocolClient (GrpcClientProtocolClient.java:onNext(254)) - client-E0FA40453D59->0c156e3c-57cc-425b-90ef-9bcaa62a7535: receive RaftClientReply:client-E0FA40453D59->0c156e3c-57cc-425b-90ef-9bcaa62a7535@group-7704A457760D, cid=2433, SUCCESS, logIndex=4171, commits[0c156e3c-57cc-425b-90ef-9bcaa62a7535:c4172]
2019-06-14 13:45:58,384 INFO  client.GrpcClientProtocolClient (GrpcClientProtocolClient.java:onNext(254)) - client-E0FA40453D59->0c156e3c-57cc-425b-90ef-9bcaa62a7535: receive RaftClientReply:client-E0FA40453D59->0c156e3c-57cc-425b-90ef-9bcaa62a7535@group-7704A457760D, cid=2434, SUCCESS, logIndex=4173, commits[0c156e3c-57cc-425b-90ef-9bcaa62a7535:c4174]
2019-06-14 13:45:58,385 INFO  client.GrpcClientProtocolClient (GrpcClientProtocolClient.java:onNext(254)) - client-E0FA40453D59->0c156e3c-57cc-425b-90ef-9bcaa62a7535: receive RaftClientReply:client-E0FA40453D59->0c156e3c-57cc-425b-90ef-9bcaa62a7535@group-7704A457760D, cid=2435, SUCCESS, logIndex=4174, commits[0c156e3c-57cc-425b-90ef-9bcaa62a7535:c4174]
2019-06-14 13:45:58,385 INFO  client.GrpcClientProtocolClient (GrpcClientProtocolClient.java:onNext(254)) - client-E0FA40453D59->0c156e3c-57cc-425b-90ef-9bcaa62a7535: receive RaftClientReply:client-E0FA40453D59->0c156e3c-57cc-425b-90ef-9bcaa62a7535@group-7704A457760D, cid=2436, SUCCESS, logIndex=4176, commits[0c156e3c-57cc-425b-90ef-9bcaa62a7535:c4176]
2019-06-14 13:45:58,394 INFO  client.GrpcClientProtocolClient (GrpcClientProtocolClient.java:onNext(254)) - client-E0FA40453D59->0c156e3c-57cc-425b-90ef-9bcaa62a7535: receive RaftClientReply:client-E0FA40453D59->0c156e3c-57cc-425b-90ef-9bcaa62a7535@group-7704A457760D, cid=2437, SUCCESS, logIndex=4179, commits[0c156e3c-57cc-425b-90ef-9bcaa62a7535:c4179]
2019-06-14 13:45:58,398 INFO  client.GrpcClientProtocolClient (GrpcClientProtocolClient.java:onNext(254)) - client-E0FA40453D59->0c156e3c-57cc-425b-90ef-9bcaa62a7535: receive RaftClientReply:client-E0FA40453D59->0c156e3c-57cc-425b-90ef-9bcaa62a7535@group-7704A457760D, cid=2438, SUCCESS, logIndex=4181, commits[0c156e3c-57cc-425b-90ef-9bcaa62a7535:c4182]
2019-06-14 13:45:58,410 INFO  client.GrpcClientProtocolClient (GrpcClientProtocolClient.java:onNext(254)) - client-E0FA40453D59->0c156e3c-57cc-425b-90ef-9bcaa62a7535: receive RaftClientReply:client-E0FA40453D59->0c156e3c-57cc-425b-90ef-9bcaa62a7535@group-7704A457760D, cid=2439, SUCCESS, logIndex=4183, commits[0c156e3c-57cc-425b-90ef-9bcaa62a7535:c4186]
2019-06-14 13:45:58,410 INFO  client.GrpcClientProtocolClient (GrpcClientProtocolClient.java:onNext(254)) - client-E0FA40453D59->0c156e3c-57cc-425b-90ef-9bcaa62a7535: receive RaftClientReply:client-E0FA40453D59->0c156e3c-57cc-425b-90ef-9bcaa62a7535@group-7704A457760D, cid=2440, SUCCESS, logIndex=4184, commits[0c156e3c-57cc-425b-90ef-9bcaa62a7535:c4186]
2019-06-14 13:45:58,446 INFO  client.GrpcClientProtocolClient (GrpcClientProtocolClient.java:onNext(254)) - client-E0FA40453D59->0c156e3c-57cc-425b-90ef-9bcaa62a7535: receive RaftClientReply:client-E0FA40453D59->0c156e3c-57cc-425b-90ef-9bcaa62a7535@group-7704A457760D, cid=2441, SUCCESS, logIndex=4187, commits[0c156e3c-57cc-425b-90ef-9bcaa62a7535:c4188]
2019-06-14 13:45:58,446 INFO  storage.RaftLogWorker (RaftLogWorker.java:rollLogSegment(303)) - 0c156e3c-57cc-425b-90ef-9bcaa62a7535-RaftLogWorker: Rolling segment log-4115_4189 to index:4189
2019-06-14 13:45:58,446 INFO  storage.RaftLogWorker (RaftLogWorker.java:execute(433)) - 0c156e3c-57cc-425b-90ef-9bcaa62a7535-RaftLogWorker: Rolled log segment from /opt/src/hadoop-ozone/integration-test/target/test-dir/MiniOzoneClusterImpl-8919240e-7e15-4dbf-8bf4-c210578586bb/datanode-0/data/ratis/1fc53845-3381-4beb-82f9-7704a457760d/current/log_inprogress_4115 to /opt/src/hadoop-ozone/integration-test/target/test-dir/MiniOzoneClusterImpl-8919240e-7e15-4dbf-8bf4-c210578586bb/datanode-0/data/ratis/1fc53845-3381-4beb-82f9-7704a457760d/current/log_4115-4189
2019-06-14 13:45:58,449 INFO  client.GrpcClientProtocolClient (GrpcClientProtocolClient.java:onNext(254)) - client-E0FA40453D59->0c156e3c-57cc-425b-90ef-9bcaa62a7535: receive RaftClientReply:client-E0FA40453D59->0c156e3c-57cc-425b-90ef-9bcaa62a7535@group-7704A457760D, cid=2442, SUCCESS, logIndex=4189, commits[0c156e3c-57cc-425b-90ef-9bcaa62a7535:c4189]
2019-06-14 13:45:58,465 DEBUG block.SCMBlockDeletingService (SCMBlockDeletingService.java:call(138)) - Running DeletedBlockTransactionScanner
2019-06-14 13:45:58,465 DEBUG block.SCMBlockDeletingService (SCMBlockDeletingService.java:call(155)) - Scanned deleted blocks log and got 0 delTX to process.
2019-06-14 13:45:58,493 INFO  storage.RaftLogWorker (RaftLogWorker.java:execute(469)) - 0c156e3c-57cc-425b-90ef-9bcaa62a7535-RaftLogWorker: created new log segment /opt/src/hadoop-ozone/integration-test/target/test-dir/MiniOzoneClusterImpl-8919240e-7e15-4dbf-8bf4-c210578586bb/datanode-0/data/ratis/1fc53845-3381-4beb-82f9-7704a457760d/current/log_inprogress_4190
2019-06-14 13:45:58,498 INFO  client.GrpcClientProtocolClient (GrpcClientProtocolClient.java:onNext(254)) - client-E0FA40453D59->0c156e3c-57cc-425b-90ef-9bcaa62a7535: receive RaftClientReply:client-E0FA40453D59->0c156e3c-57cc-425b-90ef-9bcaa62a7535@group-7704A457760D, cid=2443, SUCCESS, logIndex=4190, commits[0c156e3c-57cc-425b-90ef-9bcaa62a7535:c4192]
2019-06-14 13:45:58,499 INFO  client.GrpcClientProtocolClient (GrpcClientProtocolClient.java:onNext(254)) - client-E0FA40453D59->0c156e3c-57cc-425b-90ef-9bcaa62a7535: receive RaftClientReply:client-E0FA40453D59->0c156e3c-57cc-425b-90ef-9bcaa62a7535@group-7704A457760D, cid=2444, SUCCESS, logIndex=4192, commits[0c156e3c-57cc-425b-90ef-9bcaa62a7535:c4192]
2019-06-14 13:45:58,505 INFO  client.GrpcClientProtocolClient (GrpcClientProtocolClient.java:onNext(254)) - client-E0FA40453D59->0c156e3c-57cc-425b-90ef-9bcaa62a7535: receive RaftClientReply:client-E0FA40453D59->0c156e3c-57cc-425b-90ef-9bcaa62a7535@group-7704A457760D, cid=2445, SUCCESS, logIndex=4194, commits[0c156e3c-57cc-425b-90ef-9bcaa62a7535:c4194]
2019-06-14 13:45:58,506 INFO  client.GrpcClientProtocolClient (GrpcClientProtocolClient.java:onNext(254)) - client-E0FA40453D59->0c156e3c-57cc-425b-90ef-9bcaa62a7535: receive RaftClientReply:client-E0FA40453D59->0c156e3c-57cc-425b-90ef-9bcaa62a7535@group-7704A457760D, cid=2446, SUCCESS, logIndex=4196, commits[0c156e3c-57cc-425b-90ef-9bcaa62a7535:c4196]
2019-06-14 13:45:58,508 INFO  client.GrpcClientProtocolClient (GrpcClientProtocolClient.java:onNext(254)) - client-E0FA40453D59->0c156e3c-57cc-425b-90ef-9bcaa62a7535: receive RaftClientReply:client-E0FA40453D59->0c156e3c-57cc-425b-90ef-9bcaa62a7535@group-7704A457760D, cid=2447, SUCCESS, logIndex=4197, commits[0c156e3c-57cc-425b-90ef-9bcaa62a7535:c4198]
2019-06-14 13:45:58,508 INFO  client.GrpcClientProtocolClient (GrpcClientProtocolClient.java:onNext(254)) - client-E0FA40453D59->0c156e3c-57cc-425b-90ef-9bcaa62a7535: receive RaftClientReply:client-E0FA40453D59->0c156e3c-57cc-425b-90ef-9bcaa62a7535@group-7704A457760D, cid=2448, SUCCESS, logIndex=4199, commits[0c156e3c-57cc-425b-90ef-9bcaa62a7535:c4199]
2019-06-14 13:45:58,522 INFO  client.GrpcClientProtocolClient (GrpcClientProtocolClient.java:onNext(254)) - client-E0FA40453D59->0c156e3c-57cc-425b-90ef-9bcaa62a7535: receive RaftClientReply:client-E0FA40453D59->0c156e3c-57cc-425b-90ef-9bcaa62a7535@group-7704A457760D, cid=2449, SUCCESS, logIndex=4201, commits[0c156e3c-57cc-425b-90ef-9bcaa62a7535:c4202]
2019-06-14 13:45:58,527 INFO  client.GrpcClientProtocolClient (GrpcClientProtocolClient.java:onNext(254)) - client-E0FA40453D59->0c156e3c-57cc-425b-90ef-9bcaa62a7535: receive RaftClientReply:client-E0FA40453D59->0c156e3c-57cc-425b-90ef-9bcaa62a7535@group-7704A457760D, cid=2450, SUCCESS, logIndex=4203, commits[0c156e3c-57cc-425b-90ef-9bcaa62a7535:c4207]
2019-06-14 13:45:58,527 INFO  client.GrpcClientProtocolClient (GrpcClientProtocolClient.java:onNext(254)) - client-E0FA40453D59->0c156e3c-57cc-425b-90ef-9bcaa62a7535: receive RaftClientReply:client-E0FA40453D59->0c156e3c-57cc-425b-90ef-9bcaa62a7535@group-7704A457760D, cid=2451, SUCCESS, logIndex=4204, commits[0c156e3c-57cc-425b-90ef-9bcaa62a7535:c4207]
2019-06-14 13:45:58,528 INFO  client.GrpcClientProtocolClient (GrpcClientProtocolClient.java:onNext(254)) - client-E0FA40453D59->0c156e3c-57cc-425b-90ef-9bcaa62a7535: receive RaftClientReply:client-E0FA40453D59->0c156e3c-57cc-425b-90ef-9bcaa62a7535@group-7704A457760D, cid=2452, SUCCESS, logIndex=4205, commits[0c156e3c-57cc-425b-90ef-9bcaa62a7535:c4207]
2019-06-14 13:45:58,534 INFO  client.GrpcClientProtocolClient (GrpcClientProtocolClient.java:onNext(254)) - client-E0FA40453D59->0c156e3c-57cc-425b-90ef-9bcaa62a7535: receive RaftClientReply:client-E0FA40453D59->0c156e3c-57cc-425b-90ef-9bcaa62a7535@group-7704A457760D, cid=2453, SUCCESS, logIndex=4208, commits[0c156e3c-57cc-425b-90ef-9bcaa62a7535:c4208]
2019-06-14 13:45:58,535 INFO  client.GrpcClientProtocolClient (GrpcClientProtocolClient.java:onNext(254)) - client-E0FA40453D59->0c156e3c-57cc-425b-90ef-9bcaa62a7535: receive RaftClientReply:client-E0FA40453D59->0c156e3c-57cc-425b-90ef-9bcaa62a7535@group-7704A457760D, cid=2454, SUCCESS, logIndex=4210, commits[0c156e3c-57cc-425b-90ef-9bcaa62a7535:c4210]
2019-06-14 13:45:58,536 INFO  client.GrpcClientProtocolClient (GrpcClientProtocolClient.java:onNext(254)) - client-E0FA40453D59->0c156e3c-57cc-425b-90ef-9bcaa62a7535: receive RaftClientReply:client-E0FA40453D59->0c156e3c-57cc-425b-90ef-9bcaa62a7535@group-7704A457760D, cid=2455, SUCCESS, logIndex=4211, commits[0c156e3c-57cc-425b-90ef-9bcaa62a7535:c4213]
2019-06-14 13:45:58,536 INFO  client.GrpcClientProtocolClient (GrpcClientProtocolClient.java:onNext(254)) - client-E0FA40453D59->0c156e3c-57cc-425b-90ef-9bcaa62a7535: receive RaftClientReply:client-E0FA40453D59->0c156e3c-57cc-425b-90ef-9bcaa62a7535@group-7704A457760D, cid=2456, SUCCESS, logIndex=4212, commits[0c156e3c-57cc-425b-90ef-9bcaa62a7535:c4213]
2019-06-14 13:45:58,545 INFO  client.GrpcClientProtocolClient (GrpcClientProtocolClient.java:onNext(254)) - client-E0FA40453D59->0c156e3c-57cc-425b-90ef-9bcaa62a7535: receive RaftClientReply:client-E0FA40453D59->0c156e3c-57cc-425b-90ef-9bcaa62a7535@group-7704A457760D, cid=2457, SUCCESS, logIndex=4214, commits[0c156e3c-57cc-425b-90ef-9bcaa62a7535:c4214]
2019-06-14 13:45:58,546 INFO  client.GrpcClientProtocolClient (GrpcClientProtocolClient.java:onNext(254)) - client-E0FA40453D59->0c156e3c-57cc-425b-90ef-9bcaa62a7535: receive RaftClientReply:client-E0FA40453D59->0c156e3c-57cc-425b-90ef-9bcaa62a7535@group-7704A457760D, cid=2458, SUCCESS, logIndex=4216, commits[0c156e3c-57cc-425b-90ef-9bcaa62a7535:c4216]
2019-06-14 13:45:58,547 INFO  client.GrpcClientProtocolClient (GrpcClientProtocolClient.java:onNext(254)) - client-E0FA40453D59->0c156e3c-57cc-425b-90ef-9bcaa62a7535: receive RaftClientReply:client-E0FA40453D59->0c156e3c-57cc-425b-90ef-9bcaa62a7535@group-7704A457760D, cid=2459, SUCCESS, logIndex=4217, commits[0c156e3c-57cc-425b-90ef-9bcaa62a7535:c4219]
2019-06-14 13:45:58,547 INFO  client.GrpcClientProtocolClient (GrpcClientProtocolClient.java:onNext(254)) - client-E0FA40453D59->0c156e3c-57cc-425b-90ef-9bcaa62a7535: receive RaftClientReply:client-E0FA40453D59->0c156e3c-57cc-425b-90ef-9bcaa62a7535@group-7704A457760D, cid=2460, SUCCESS, logIndex=4218, commits[0c156e3c-57cc-425b-90ef-9bcaa62a7535:c4219]
2019-06-14 13:45:58,552 INFO  client.GrpcClientProtocolClient (GrpcClientProtocolClient.java:onNext(254)) - client-E0FA40453D59->0c156e3c-57cc-425b-90ef-9bcaa62a7535: receive RaftClientReply:client-E0FA40453D59->0c156e3c-57cc-425b-90ef-9bcaa62a7535@group-7704A457760D, cid=2461, SUCCESS, logIndex=4220, commits[0c156e3c-57cc-425b-90ef-9bcaa62a7535:c4220]
2019-06-14 13:45:58,553 INFO  client.GrpcClientProtocolClient (GrpcClientProtocolClient.java:onNext(254)) - client-E0FA40453D59->0c156e3c-57cc-425b-90ef-9bcaa62a7535: receive RaftClientReply:client-E0FA40453D59->0c156e3c-57cc-425b-90ef-9bcaa62a7535@group-7704A457760D, cid=2462, SUCCESS, logIndex=4222, commits[0c156e3c-57cc-425b-90ef-9bcaa62a7535:c4222]
2019-06-14 13:45:58,554 INFO  client.GrpcClientProtocolClient (GrpcClientProtocolClient.java:onNext(254)) - client-E0FA40453D59->0c156e3c-57cc-425b-90ef-9bcaa62a7535: receive RaftClientReply:client-E0FA40453D59->0c156e3c-57cc-425b-90ef-9bcaa62a7535@group-7704A457760D, cid=2463, SUCCESS, logIndex=4223, commits[0c156e3c-57cc-425b-90ef-9bcaa62a7535:c4225]
2019-06-14 13:45:58,555 INFO  client.GrpcClientProtocolClient (GrpcClientProtocolClient.java:onNext(254)) - client-E0FA40453D59->0c156e3c-57cc-425b-90ef-9bcaa62a7535: receive RaftClientReply:client-E0FA40453D59->0c156e3c-57cc-425b-90ef-9bcaa62a7535@group-7704A457760D, cid=2464, SUCCESS, logIndex=4224, commits[0c156e3c-57cc-425b-90ef-9bcaa62a7535:c4225]
2019-06-14 13:45:58,563 INFO  client.GrpcClientProtocolClient (GrpcClientProtocolClient.java:onNext(254)) - client-E0FA40453D59->0c156e3c-57cc-425b-90ef-9bcaa62a7535: receive RaftClientReply:client-E0FA40453D59->0c156e3c-57cc-425b-90ef-9bcaa62a7535@group-7704A457760D, cid=2465, SUCCESS, logIndex=4226, commits[0c156e3c-57cc-425b-90ef-9bcaa62a7535:c4226]
2019-06-14 13:45:58,564 INFO  client.GrpcClientProtocolClient (GrpcClientProtocolClient.java:onNext(254)) - client-E0FA40453D59->0c156e3c-57cc-425b-90ef-9bcaa62a7535: receive RaftClientReply:client-E0FA40453D59->0c156e3c-57cc-425b-90ef-9bcaa62a7535@group-7704A457760D, cid=2466, SUCCESS, logIndex=4228, commits[0c156e3c-57cc-425b-90ef-9bcaa62a7535:c4228]
2019-06-14 13:45:58,565 DEBUG block.SCMBlockDeletingService (SCMBlockDeletingService.java:call(138)) - Running DeletedBlockTransactionScanner
2019-06-14 13:45:58,565 DEBUG block.SCMBlockDeletingService (SCMBlockDeletingService.java:call(155)) - Scanned deleted blocks log and got 0 delTX to process.
2019-06-14 13:45:58,565 INFO  client.GrpcClientProtocolClient (GrpcClientProtocolClient.java:onNext(254)) - client-E0FA40453D59->0c156e3c-57cc-425b-90ef-9bcaa62a7535: receive RaftClientReply:client-E0FA40453D59->0c156e3c-57cc-425b-90ef-9bcaa62a7535@group-7704A457760D, cid=2467, SUCCESS, logIndex=4229, commits[0c156e3c-57cc-425b-90ef-9bcaa62a7535:c4231]
2019-06-14 13:45:58,566 INFO  client.GrpcClientProtocolClient (GrpcClientProtocolClient.java:onNext(254)) - client-E0FA40453D59->0c156e3c-57cc-425b-90ef-9bcaa62a7535: receive RaftClientReply:client-E0FA40453D59->0c156e3c-57cc-425b-90ef-9bcaa62a7535@group-7704A457760D, cid=2468, SUCCESS, logIndex=4230, commits[0c156e3c-57cc-425b-90ef-9bcaa62a7535:c4231]
2019-06-14 13:45:58,570 INFO  client.GrpcClientProtocolClient (GrpcClientProtocolClient.java:onNext(254)) - client-E0FA40453D59->0c156e3c-57cc-425b-90ef-9bcaa62a7535: receive RaftClientReply:client-E0FA40453D59->0c156e3c-57cc-425b-90ef-9bcaa62a7535@group-7704A457760D, cid=2469, SUCCESS, logIndex=4232, commits[0c156e3c-57cc-425b-90ef-9bcaa62a7535:c4232]
2019-06-14 13:45:58,573 INFO  client.GrpcClientProtocolClient (GrpcClientProtocolClient.java:onNext(254)) - client-E0FA40453D59->0c156e3c-57cc-425b-90ef-9bcaa62a7535: receive RaftClientReply:client-E0FA40453D59->0c156e3c-57cc-425b-90ef-9bcaa62a7535@group-7704A457760D, cid=2470, SUCCESS, logIndex=4234, commits[0c156e3c-57cc-425b-90ef-9bcaa62a7535:c4234]
2019-06-14 13:45:58,574 INFO  client.GrpcClientProtocolClient (GrpcClientProtocolClient.java:onNext(254)) - client-E0FA40453D59->0c156e3c-57cc-425b-90ef-9bcaa62a7535: receive RaftClientReply:client-E0FA40453D59->0c156e3c-57cc-425b-90ef-9bcaa62a7535@group-7704A457760D, cid=2471, SUCCESS, logIndex=4235, commits[0c156e3c-57cc-425b-90ef-9bcaa62a7535:c4236]
2019-06-14 13:45:58,574 INFO  client.GrpcClientProtocolClient (GrpcClientProtocolClient.java:onNext(254)) - client-E0FA40453D59->0c156e3c-57cc-425b-90ef-9bcaa62a7535: receive RaftClientReply:client-E0FA40453D59->0c156e3c-57cc-425b-90ef-9bcaa62a7535@group-7704A457760D, cid=2472, SUCCESS, logIndex=4236, commits[0c156e3c-57cc-425b-90ef-9bcaa62a7535:c4236]
2019-06-14 13:45:58,616 INFO  client.GrpcClientProtocolClient (GrpcClientProtocolClient.java:onNext(254)) - client-E0FA40453D59->0c156e3c-57cc-425b-90ef-9bcaa62a7535: receive RaftClientReply:client-E0FA40453D59->0c156e3c-57cc-425b-90ef-9bcaa62a7535@group-7704A457760D, cid=2473, SUCCESS, logIndex=4239, commits[0c156e3c-57cc-425b-90ef-9bcaa62a7535:c4239]
2019-06-14 13:45:58,617 INFO  client.GrpcClientProtocolClient (GrpcClientProtocolClient.java:onNext(254)) - client-E0FA40453D59->0c156e3c-57cc-425b-90ef-9bcaa62a7535: receive RaftClientReply:client-E0FA40453D59->0c156e3c-57cc-425b-90ef-9bcaa62a7535@group-7704A457760D, cid=2474, SUCCESS, logIndex=4241, commits[0c156e3c-57cc-425b-90ef-9bcaa62a7535:c4241]
2019-06-14 13:45:58,665 DEBUG block.SCMBlockDeletingService (SCMBlockDeletingService.java:call(138)) - Running DeletedBlockTransactionScanner
2019-06-14 13:45:58,665 DEBUG block.SCMBlockDeletingService (SCMBlockDeletingService.java:call(155)) - Scanned deleted blocks log and got 0 delTX to process.
2019-06-14 13:45:58,681 INFO  client.GrpcClientProtocolClient (GrpcClientProtocolClient.java:onNext(254)) - client-E0FA40453D59->0c156e3c-57cc-425b-90ef-9bcaa62a7535: receive RaftClientReply:client-E0FA40453D59->0c156e3c-57cc-425b-90ef-9bcaa62a7535@group-7704A457760D, cid=2475, SUCCESS, logIndex=4243, commits[0c156e3c-57cc-425b-90ef-9bcaa62a7535:c4243]
2019-06-14 13:45:58,682 INFO  client.GrpcClientProtocolClient (GrpcClientProtocolClient.java:onNext(254)) - client-E0FA40453D59->0c156e3c-57cc-425b-90ef-9bcaa62a7535: receive RaftClientReply:client-E0FA40453D59->0c156e3c-57cc-425b-90ef-9bcaa62a7535@group-7704A457760D, cid=2476, SUCCESS, logIndex=4245, commits[0c156e3c-57cc-425b-90ef-9bcaa62a7535:c4245]
2019-06-14 13:45:58,687 INFO  client.GrpcClientProtocolClient (GrpcClientProtocolClient.java:onNext(254)) - client-E0FA40453D59->0c156e3c-57cc-425b-90ef-9bcaa62a7535: receive RaftClientReply:client-E0FA40453D59->0c156e3c-57cc-425b-90ef-9bcaa62a7535@group-7704A457760D, cid=2477, SUCCESS, logIndex=4247, commits[0c156e3c-57cc-425b-90ef-9bcaa62a7535:c4247]
2019-06-14 13:45:58,689 INFO  client.GrpcClientProtocolClient (GrpcClientProtocolClient.java:onNext(254)) - client-E0FA40453D59->0c156e3c-57cc-425b-90ef-9bcaa62a7535: receive RaftClientReply:client-E0FA40453D59->0c156e3c-57cc-425b-90ef-9bcaa62a7535@group-7704A457760D, cid=2478, SUCCESS, logIndex=4249, commits[0c156e3c-57cc-425b-90ef-9bcaa62a7535:c4249]
2019-06-14 13:45:58,690 INFO  client.GrpcClientProtocolClient (GrpcClientProtocolClient.java:onNext(254)) - client-E0FA40453D59->0c156e3c-57cc-425b-90ef-9bcaa62a7535: receive RaftClientReply:client-E0FA40453D59->0c156e3c-57cc-425b-90ef-9bcaa62a7535@group-7704A457760D, cid=2479, SUCCESS, logIndex=4250, commits[0c156e3c-57cc-425b-90ef-9bcaa62a7535:c4252]
2019-06-14 13:45:58,690 INFO  client.GrpcClientProtocolClient (GrpcClientProtocolClient.java:onNext(254)) - client-E0FA40453D59->0c156e3c-57cc-425b-90ef-9bcaa62a7535: receive RaftClientReply:client-E0FA40453D59->0c156e3c-57cc-425b-90ef-9bcaa62a7535@group-7704A457760D, cid=2480, SUCCESS, logIndex=4251, commits[0c156e3c-57cc-425b-90ef-9bcaa62a7535:c4252]
2019-06-14 13:45:58,699 INFO  client.GrpcClientProtocolClient (GrpcClientProtocolClient.java:onNext(254)) - client-E0FA40453D59->0c156e3c-57cc-425b-90ef-9bcaa62a7535: receive RaftClientReply:client-E0FA40453D59->0c156e3c-57cc-425b-90ef-9bcaa62a7535@group-7704A457760D, cid=2481, SUCCESS, logIndex=4253, commits[0c156e3c-57cc-425b-90ef-9bcaa62a7535:c4253]
2019-06-14 13:45:58,700 INFO  client.GrpcClientProtocolClient (GrpcClientProtocolClient.java:onNext(254)) - client-E0FA40453D59->0c156e3c-57cc-425b-90ef-9bcaa62a7535: receive RaftClientReply:client-E0FA40453D59->0c156e3c-57cc-425b-90ef-9bcaa62a7535@group-7704A457760D, cid=2482, SUCCESS, logIndex=4255, commits[0c156e3c-57cc-425b-90ef-9bcaa62a7535:c4255]
2019-06-14 13:45:58,701 INFO  client.GrpcClientProtocolClient (GrpcClientProtocolClient.java:onNext(254)) - client-E0FA40453D59->0c156e3c-57cc-425b-90ef-9bcaa62a7535: receive RaftClientReply:client-E0FA40453D59->0c156e3c-57cc-425b-90ef-9bcaa62a7535@group-7704A457760D, cid=2483, SUCCESS, logIndex=4256, commits[0c156e3c-57cc-425b-90ef-9bcaa62a7535:c4258]
2019-06-14 13:45:58,701 INFO  client.GrpcClientProtocolClient (GrpcClientProtocolClient.java:onNext(254)) - client-E0FA40453D59->0c156e3c-57cc-425b-90ef-9bcaa62a7535: receive RaftClientReply:client-E0FA40453D59->0c156e3c-57cc-425b-90ef-9bcaa62a7535@group-7704A457760D, cid=2484, SUCCESS, logIndex=4257, commits[0c156e3c-57cc-425b-90ef-9bcaa62a7535:c4258]
2019-06-14 13:45:58,706 INFO  storage.RaftLogWorker (RaftLogWorker.java:rollLogSegment(303)) - 0c156e3c-57cc-425b-90ef-9bcaa62a7535-RaftLogWorker: Rolling segment log-4190_4260 to index:4260
2019-06-14 13:45:58,706 INFO  storage.RaftLogWorker (RaftLogWorker.java:execute(433)) - 0c156e3c-57cc-425b-90ef-9bcaa62a7535-RaftLogWorker: Rolled log segment from /opt/src/hadoop-ozone/integration-test/target/test-dir/MiniOzoneClusterImpl-8919240e-7e15-4dbf-8bf4-c210578586bb/datanode-0/data/ratis/1fc53845-3381-4beb-82f9-7704a457760d/current/log_inprogress_4190 to /opt/src/hadoop-ozone/integration-test/target/test-dir/MiniOzoneClusterImpl-8919240e-7e15-4dbf-8bf4-c210578586bb/datanode-0/data/ratis/1fc53845-3381-4beb-82f9-7704a457760d/current/log_4190-4260
2019-06-14 13:45:58,706 INFO  client.GrpcClientProtocolClient (GrpcClientProtocolClient.java:onNext(254)) - client-E0FA40453D59->0c156e3c-57cc-425b-90ef-9bcaa62a7535: receive RaftClientReply:client-E0FA40453D59->0c156e3c-57cc-425b-90ef-9bcaa62a7535@group-7704A457760D, cid=2485, SUCCESS, logIndex=4259, commits[0c156e3c-57cc-425b-90ef-9bcaa62a7535:c4259]
2019-06-14 13:45:58,742 INFO  storage.RaftLogWorker (RaftLogWorker.java:execute(469)) - 0c156e3c-57cc-425b-90ef-9bcaa62a7535-RaftLogWorker: created new log segment /opt/src/hadoop-ozone/integration-test/target/test-dir/MiniOzoneClusterImpl-8919240e-7e15-4dbf-8bf4-c210578586bb/datanode-0/data/ratis/1fc53845-3381-4beb-82f9-7704a457760d/current/log_inprogress_4261
2019-06-14 13:45:58,743 INFO  client.GrpcClientProtocolClient (GrpcClientProtocolClient.java:onNext(254)) - client-E0FA40453D59->0c156e3c-57cc-425b-90ef-9bcaa62a7535: receive RaftClientReply:client-E0FA40453D59->0c156e3c-57cc-425b-90ef-9bcaa62a7535@group-7704A457760D, cid=2486, SUCCESS, logIndex=4261, commits[0c156e3c-57cc-425b-90ef-9bcaa62a7535:c4263]
2019-06-14 13:45:58,743 INFO  client.GrpcClientProtocolClient (GrpcClientProtocolClient.java:onNext(254)) - client-E0FA40453D59->0c156e3c-57cc-425b-90ef-9bcaa62a7535: receive RaftClientReply:client-E0FA40453D59->0c156e3c-57cc-425b-90ef-9bcaa62a7535@group-7704A457760D, cid=2487, SUCCESS, logIndex=4262, commits[0c156e3c-57cc-425b-90ef-9bcaa62a7535:c4264]
2019-06-14 13:45:58,744 INFO  client.GrpcClientProtocolClient (GrpcClientProtocolClient.java:onNext(254)) - client-E0FA40453D59->0c156e3c-57cc-425b-90ef-9bcaa62a7535: receive RaftClientReply:client-E0FA40453D59->0c156e3c-57cc-425b-90ef-9bcaa62a7535@group-7704A457760D, cid=2488, SUCCESS, logIndex=4263, commits[0c156e3c-57cc-425b-90ef-9bcaa62a7535:c4264]
2019-06-14 13:45:58,754 INFO  client.GrpcClientProtocolClient (GrpcClientProtocolClient.java:onNext(254)) - client-E0FA40453D59->0c156e3c-57cc-425b-90ef-9bcaa62a7535: receive RaftClientReply:client-E0FA40453D59->0c156e3c-57cc-425b-90ef-9bcaa62a7535@group-7704A457760D, cid=2489, SUCCESS, logIndex=4265, commits[0c156e3c-57cc-425b-90ef-9bcaa62a7535:c4265]
2019-06-14 13:45:58,756 INFO  client.GrpcClientProtocolClient (GrpcClientProtocolClient.java:onNext(254)) - client-E0FA40453D59->0c156e3c-57cc-425b-90ef-9bcaa62a7535: receive RaftClientReply:client-E0FA40453D59->0c156e3c-57cc-425b-90ef-9bcaa62a7535@group-7704A457760D, cid=2490, SUCCESS, logIndex=4267, commits[0c156e3c-57cc-425b-90ef-9bcaa62a7535:c4267]
2019-06-14 13:45:58,757 INFO  client.GrpcClientProtocolClient (GrpcClientProtocolClient.java:onNext(254)) - client-E0FA40453D59->0c156e3c-57cc-425b-90ef-9bcaa62a7535: receive RaftClientReply:client-E0FA40453D59->0c156e3c-57cc-425b-90ef-9bcaa62a7535@group-7704A457760D, cid=2491, SUCCESS, logIndex=4268, commits[0c156e3c-57cc-425b-90ef-9bcaa62a7535:c4268]
2019-06-14 13:45:58,757 INFO  client.GrpcClientProtocolClient (GrpcClientProtocolClient.java:onNext(254)) - client-E0FA40453D59->0c156e3c-57cc-425b-90ef-9bcaa62a7535: receive RaftClientReply:client-E0FA40453D59->0c156e3c-57cc-425b-90ef-9bcaa62a7535@group-7704A457760D, cid=2492, SUCCESS, logIndex=4270, commits[0c156e3c-57cc-425b-90ef-9bcaa62a7535:c4270]
2019-06-14 13:45:58,762 INFO  client.GrpcClientProtocolClient (GrpcClientProtocolClient.java:onNext(254)) - client-E0FA40453D59->0c156e3c-57cc-425b-90ef-9bcaa62a7535: receive RaftClientReply:client-E0FA40453D59->0c156e3c-57cc-425b-90ef-9bcaa62a7535@group-7704A457760D, cid=2493, SUCCESS, logIndex=4273, commits[0c156e3c-57cc-425b-90ef-9bcaa62a7535:c4273]
2019-06-14 13:45:58,763 INFO  client.GrpcClientProtocolClient (GrpcClientProtocolClient.java:onNext(254)) - client-E0FA40453D59->0c156e3c-57cc-425b-90ef-9bcaa62a7535: receive RaftClientReply:client-E0FA40453D59->0c156e3c-57cc-425b-90ef-9bcaa62a7535@group-7704A457760D, cid=2494, SUCCESS, logIndex=4275, commits[0c156e3c-57cc-425b-90ef-9bcaa62a7535:c4275]
2019-06-14 13:45:58,764 INFO  client.GrpcClientProtocolClient (GrpcClientProtocolClient.java:onNext(254)) - client-E0FA40453D59->0c156e3c-57cc-425b-90ef-9bcaa62a7535: receive RaftClientReply:client-E0FA40453D59->0c156e3c-57cc-425b-90ef-9bcaa62a7535@group-7704A457760D, cid=2495, SUCCESS, logIndex=4276, commits[0c156e3c-57cc-425b-90ef-9bcaa62a7535:c4278]
2019-06-14 13:45:58,764 INFO  client.GrpcClientProtocolClient (GrpcClientProtocolClient.java:onNext(254)) - client-E0FA40453D59->0c156e3c-57cc-425b-90ef-9bcaa62a7535: receive RaftClientReply:client-E0FA40453D59->0c156e3c-57cc-425b-90ef-9bcaa62a7535@group-7704A457760D, cid=2496, SUCCESS, logIndex=4277, commits[0c156e3c-57cc-425b-90ef-9bcaa62a7535:c4278]
2019-06-14 13:45:58,766 DEBUG block.SCMBlockDeletingService (SCMBlockDeletingService.java:call(138)) - Running DeletedBlockTransactionScanner
2019-06-14 13:45:58,766 DEBUG block.SCMBlockDeletingService (SCMBlockDeletingService.java:call(155)) - Scanned deleted blocks log and got 0 delTX to process.
2019-06-14 13:45:58,773 INFO  client.GrpcClientProtocolClient (GrpcClientProtocolClient.java:onNext(254)) - client-E0FA40453D59->0c156e3c-57cc-425b-90ef-9bcaa62a7535: receive RaftClientReply:client-E0FA40453D59->0c156e3c-57cc-425b-90ef-9bcaa62a7535@group-7704A457760D, cid=2497, SUCCESS, logIndex=4279, commits[0c156e3c-57cc-425b-90ef-9bcaa62a7535:c4279]
2019-06-14 13:45:58,775 INFO  client.GrpcClientProtocolClient (GrpcClientProtocolClient.java:onNext(254)) - client-E0FA40453D59->0c156e3c-57cc-425b-90ef-9bcaa62a7535: receive RaftClientReply:client-E0FA40453D59->0c156e3c-57cc-425b-90ef-9bcaa62a7535@group-7704A457760D, cid=2498, SUCCESS, logIndex=4281, commits[0c156e3c-57cc-425b-90ef-9bcaa62a7535:c4283]
2019-06-14 13:45:58,775 INFO  client.GrpcClientProtocolClient (GrpcClientProtocolClient.java:onNext(254)) - client-E0FA40453D59->0c156e3c-57cc-425b-90ef-9bcaa62a7535: receive RaftClientReply:client-E0FA40453D59->0c156e3c-57cc-425b-90ef-9bcaa62a7535@group-7704A457760D, cid=2499, SUCCESS, logIndex=4282, commits[0c156e3c-57cc-425b-90ef-9bcaa62a7535:c4283]
2019-06-14 13:45:58,775 INFO  client.GrpcClientProtocolClient (GrpcClientProtocolClient.java:onNext(254)) - client-E0FA40453D59->0c156e3c-57cc-425b-90ef-9bcaa62a7535: receive RaftClientReply:client-E0FA40453D59->0c156e3c-57cc-425b-90ef-9bcaa62a7535@group-7704A457760D, cid=2500, SUCCESS, logIndex=4283, commits[0c156e3c-57cc-425b-90ef-9bcaa62a7535:c4283]
2019-06-14 13:45:58,780 INFO  client.GrpcClientProtocolClient (GrpcClientProtocolClient.java:onNext(254)) - client-E0FA40453D59->0c156e3c-57cc-425b-90ef-9bcaa62a7535: receive RaftClientReply:client-E0FA40453D59->0c156e3c-57cc-425b-90ef-9bcaa62a7535@group-7704A457760D, cid=2501, SUCCESS, logIndex=4285, commits[0c156e3c-57cc-425b-90ef-9bcaa62a7535:c4285]
2019-06-14 13:45:58,784 INFO  client.GrpcClientProtocolClient (GrpcClientProtocolClient.java:onNext(254)) - client-E0FA40453D59->0c156e3c-57cc-425b-90ef-9bcaa62a7535: receive RaftClientReply:client-E0FA40453D59->0c156e3c-57cc-425b-90ef-9bcaa62a7535@group-7704A457760D, cid=2502, SUCCESS, logIndex=4287, commits[0c156e3c-57cc-425b-90ef-9bcaa62a7535:c4289]
2019-06-14 13:45:58,784 INFO  client.GrpcClientProtocolClient (GrpcClientProtocolClient.java:onNext(254)) - client-E0FA40453D59->0c156e3c-57cc-425b-90ef-9bcaa62a7535: receive RaftClientReply:client-E0FA40453D59->0c156e3c-57cc-425b-90ef-9bcaa62a7535@group-7704A457760D, cid=2503, SUCCESS, logIndex=4288, commits[0c156e3c-57cc-425b-90ef-9bcaa62a7535:c4289]
2019-06-14 13:45:58,784 INFO  client.GrpcClientProtocolClient (GrpcClientProtocolClient.java:onNext(254)) - client-E0FA40453D59->0c156e3c-57cc-425b-90ef-9bcaa62a7535: receive RaftClientReply:client-E0FA40453D59->0c156e3c-57cc-425b-90ef-9bcaa62a7535@group-7704A457760D, cid=2504, SUCCESS, logIndex=4289, commits[0c156e3c-57cc-425b-90ef-9bcaa62a7535:c4290]
2019-06-14 13:45:58,793 INFO  client.GrpcClientProtocolClient (GrpcClientProtocolClient.java:onNext(254)) - client-E0FA40453D59->0c156e3c-57cc-425b-90ef-9bcaa62a7535: receive RaftClientReply:client-E0FA40453D59->0c156e3c-57cc-425b-90ef-9bcaa62a7535@group-7704A457760D, cid=2505, SUCCESS, logIndex=4291, commits[0c156e3c-57cc-425b-90ef-9bcaa62a7535:c4291]
2019-06-14 13:45:58,794 INFO  client.GrpcClientProtocolClient (GrpcClientProtocolClient.java:onNext(254)) - client-E0FA40453D59->0c156e3c-57cc-425b-90ef-9bcaa62a7535: receive RaftClientReply:client-E0FA40453D59->0c156e3c-57cc-425b-90ef-9bcaa62a7535@group-7704A457760D, cid=2506, SUCCESS, logIndex=4293, commits[0c156e3c-57cc-425b-90ef-9bcaa62a7535:c4293]
2019-06-14 13:45:58,795 INFO  client.GrpcClientProtocolClient (GrpcClientProtocolClient.java:onNext(254)) - client-E0FA40453D59->0c156e3c-57cc-425b-90ef-9bcaa62a7535: receive RaftClientReply:client-E0FA40453D59->0c156e3c-57cc-425b-90ef-9bcaa62a7535@group-7704A457760D, cid=2507, SUCCESS, logIndex=4294, commits[0c156e3c-57cc-425b-90ef-9bcaa62a7535:c4296]
2019-06-14 13:45:58,796 INFO  client.GrpcClientProtocolClient (GrpcClientProtocolClient.java:onNext(254)) - client-E0FA40453D59->0c156e3c-57cc-425b-90ef-9bcaa62a7535: receive RaftClientReply:client-E0FA40453D59->0c156e3c-57cc-425b-90ef-9bcaa62a7535@group-7704A457760D, cid=2508, SUCCESS, logIndex=4295, commits[0c156e3c-57cc-425b-90ef-9bcaa62a7535:c4296]
2019-06-14 13:45:58,801 INFO  client.GrpcClientProtocolClient (GrpcClientProtocolClient.java:onNext(254)) - client-E0FA40453D59->0c156e3c-57cc-425b-90ef-9bcaa62a7535: receive RaftClientReply:client-E0FA40453D59->0c156e3c-57cc-425b-90ef-9bcaa62a7535@group-7704A457760D, cid=2509, SUCCESS, logIndex=4297, commits[0c156e3c-57cc-425b-90ef-9bcaa62a7535:c4297]
2019-06-14 13:45:58,801 INFO  client.GrpcClientProtocolClient (GrpcClientProtocolClient.java:onNext(254)) - client-E0FA40453D59->0c156e3c-57cc-425b-90ef-9bcaa62a7535: receive RaftClientReply:client-E0FA40453D59->0c156e3c-57cc-425b-90ef-9bcaa62a7535@group-7704A457760D, cid=2510, SUCCESS, logIndex=4299, commits[0c156e3c-57cc-425b-90ef-9bcaa62a7535:c4299]
2019-06-14 13:45:58,803 INFO  client.GrpcClientProtocolClient (GrpcClientProtocolClient.java:onNext(254)) - client-E0FA40453D59->0c156e3c-57cc-425b-90ef-9bcaa62a7535: receive RaftClientReply:client-E0FA40453D59->0c156e3c-57cc-425b-90ef-9bcaa62a7535@group-7704A457760D, cid=2511, SUCCESS, logIndex=4301, commits[0c156e3c-57cc-425b-90ef-9bcaa62a7535:c4302]
2019-06-14 13:45:58,804 INFO  client.GrpcClientProtocolClient (GrpcClientProtocolClient.java:onNext(254)) - client-E0FA40453D59->0c156e3c-57cc-425b-90ef-9bcaa62a7535: receive RaftClientReply:client-E0FA40453D59->0c156e3c-57cc-425b-90ef-9bcaa62a7535@group-7704A457760D, cid=2512, SUCCESS, logIndex=4302, commits[0c156e3c-57cc-425b-90ef-9bcaa62a7535:c4302]
2019-06-14 13:45:58,812 INFO  client.GrpcClientProtocolClient (GrpcClientProtocolClient.java:onNext(254)) - client-E0FA40453D59->0c156e3c-57cc-425b-90ef-9bcaa62a7535: receive RaftClientReply:client-E0FA40453D59->0c156e3c-57cc-425b-90ef-9bcaa62a7535@group-7704A457760D, cid=2513, SUCCESS, logIndex=4304, commits[0c156e3c-57cc-425b-90ef-9bcaa62a7535:c4304]
2019-06-14 13:45:58,814 INFO  client.GrpcClientProtocolClient (GrpcClientProtocolClient.java:onNext(254)) - client-E0FA40453D59->0c156e3c-57cc-425b-90ef-9bcaa62a7535: receive RaftClientReply:client-E0FA40453D59->0c156e3c-57cc-425b-90ef-9bcaa62a7535@group-7704A457760D, cid=2514, SUCCESS, logIndex=4306, commits[0c156e3c-57cc-425b-90ef-9bcaa62a7535:c4306]
2019-06-14 13:45:58,815 INFO  client.GrpcClientProtocolClient (GrpcClientProtocolClient.java:onNext(254)) - client-E0FA40453D59->0c156e3c-57cc-425b-90ef-9bcaa62a7535: receive RaftClientReply:client-E0FA40453D59->0c156e3c-57cc-425b-90ef-9bcaa62a7535@group-7704A457760D, cid=2515, SUCCESS, logIndex=4307, commits[0c156e3c-57cc-425b-90ef-9bcaa62a7535:c4309]
2019-06-14 13:45:58,815 INFO  client.GrpcClientProtocolClient (GrpcClientProtocolClient.java:onNext(254)) - client-E0FA40453D59->0c156e3c-57cc-425b-90ef-9bcaa62a7535: receive RaftClientReply:client-E0FA40453D59->0c156e3c-57cc-425b-90ef-9bcaa62a7535@group-7704A457760D, cid=2516, SUCCESS, logIndex=4308, commits[0c156e3c-57cc-425b-90ef-9bcaa62a7535:c4309]
2019-06-14 13:45:58,820 INFO  client.GrpcClientProtocolClient (GrpcClientProtocolClient.java:onNext(254)) - client-E0FA40453D59->0c156e3c-57cc-425b-90ef-9bcaa62a7535: receive RaftClientReply:client-E0FA40453D59->0c156e3c-57cc-425b-90ef-9bcaa62a7535@group-7704A457760D, cid=2517, SUCCESS, logIndex=4310, commits[0c156e3c-57cc-425b-90ef-9bcaa62a7535:c4310]
2019-06-14 13:45:58,821 INFO  client.GrpcClientProtocolClient (GrpcClientProtocolClient.java:onNext(254)) - client-E0FA40453D59->0c156e3c-57cc-425b-90ef-9bcaa62a7535: receive RaftClientReply:client-E0FA40453D59->0c156e3c-57cc-425b-90ef-9bcaa62a7535@group-7704A457760D, cid=2518, SUCCESS, logIndex=4312, commits[0c156e3c-57cc-425b-90ef-9bcaa62a7535:c4312]
2019-06-14 13:45:58,866 DEBUG block.SCMBlockDeletingService (SCMBlockDeletingService.java:call(138)) - Running DeletedBlockTransactionScanner
2019-06-14 13:45:58,866 DEBUG block.SCMBlockDeletingService (SCMBlockDeletingService.java:call(155)) - Scanned deleted blocks log and got 0 delTX to process.
2019-06-14 13:45:58,887 INFO  client.GrpcClientProtocolClient (GrpcClientProtocolClient.java:onNext(254)) - client-E0FA40453D59->0c156e3c-57cc-425b-90ef-9bcaa62a7535: receive RaftClientReply:client-E0FA40453D59->0c156e3c-57cc-425b-90ef-9bcaa62a7535@group-7704A457760D, cid=2519, SUCCESS, logIndex=4314, commits[0c156e3c-57cc-425b-90ef-9bcaa62a7535:c4314]
2019-06-14 13:45:58,888 INFO  client.GrpcClientProtocolClient (GrpcClientProtocolClient.java:onNext(254)) - client-E0FA40453D59->0c156e3c-57cc-425b-90ef-9bcaa62a7535: receive RaftClientReply:client-E0FA40453D59->0c156e3c-57cc-425b-90ef-9bcaa62a7535@group-7704A457760D, cid=2520, SUCCESS, logIndex=4316, commits[0c156e3c-57cc-425b-90ef-9bcaa62a7535:c4316]
2019-06-14 13:45:58,897 INFO  client.GrpcClientProtocolClient (GrpcClientProtocolClient.java:onNext(254)) - client-E0FA40453D59->0c156e3c-57cc-425b-90ef-9bcaa62a7535: receive RaftClientReply:client-E0FA40453D59->0c156e3c-57cc-425b-90ef-9bcaa62a7535@group-7704A457760D, cid=2521, SUCCESS, logIndex=4318, commits[0c156e3c-57cc-425b-90ef-9bcaa62a7535:c4318]
2019-06-14 13:45:58,898 INFO  client.GrpcClientProtocolClient (GrpcClientProtocolClient.java:onNext(254)) - client-E0FA40453D59->0c156e3c-57cc-425b-90ef-9bcaa62a7535: receive RaftClientReply:client-E0FA40453D59->0c156e3c-57cc-425b-90ef-9bcaa62a7535@group-7704A457760D, cid=2522, SUCCESS, logIndex=4320, commits[0c156e3c-57cc-425b-90ef-9bcaa62a7535:c4320]
2019-06-14 13:45:58,899 INFO  client.GrpcClientProtocolClient (GrpcClientProtocolClient.java:onNext(254)) - client-E0FA40453D59->0c156e3c-57cc-425b-90ef-9bcaa62a7535: receive RaftClientReply:client-E0FA40453D59->0c156e3c-57cc-425b-90ef-9bcaa62a7535@group-7704A457760D, cid=2523, SUCCESS, logIndex=4321, commits[0c156e3c-57cc-425b-90ef-9bcaa62a7535:c4322]
2019-06-14 13:45:58,899 INFO  client.GrpcClientProtocolClient (GrpcClientProtocolClient.java:onNext(254)) - client-E0FA40453D59->0c156e3c-57cc-425b-90ef-9bcaa62a7535: receive RaftClientReply:client-E0FA40453D59->0c156e3c-57cc-425b-90ef-9bcaa62a7535@group-7704A457760D, cid=2524, SUCCESS, logIndex=4322, commits[0c156e3c-57cc-425b-90ef-9bcaa62a7535:c4322]
2019-06-14 13:45:58,904 INFO  client.GrpcClientProtocolClient (GrpcClientProtocolClient.java:onNext(254)) - client-E0FA40453D59->0c156e3c-57cc-425b-90ef-9bcaa62a7535: receive RaftClientReply:client-E0FA40453D59->0c156e3c-57cc-425b-90ef-9bcaa62a7535@group-7704A457760D, cid=2525, SUCCESS, logIndex=4325, commits[0c156e3c-57cc-425b-90ef-9bcaa62a7535:c4325]
2019-06-14 13:45:58,905 INFO  client.GrpcClientProtocolClient (GrpcClientProtocolClient.java:onNext(254)) - client-E0FA40453D59->0c156e3c-57cc-425b-90ef-9bcaa62a7535: receive RaftClientReply:client-E0FA40453D59->0c156e3c-57cc-425b-90ef-9bcaa62a7535@group-7704A457760D, cid=2526, SUCCESS, logIndex=4327, commits[0c156e3c-57cc-425b-90ef-9bcaa62a7535:c4327]
2019-06-14 13:45:58,906 INFO  client.GrpcClientProtocolClient (GrpcClientProtocolClient.java:onNext(254)) - client-E0FA40453D59->0c156e3c-57cc-425b-90ef-9bcaa62a7535: receive RaftClientReply:client-E0FA40453D59->0c156e3c-57cc-425b-90ef-9bcaa62a7535@group-7704A457760D, cid=2527, SUCCESS, logIndex=4328, commits[0c156e3c-57cc-425b-90ef-9bcaa62a7535:c4330]
2019-06-14 13:45:58,906 INFO  client.GrpcClientProtocolClient (GrpcClientProtocolClient.java:onNext(254)) - client-E0FA40453D59->0c156e3c-57cc-425b-90ef-9bcaa62a7535: receive RaftClientReply:client-E0FA40453D59->0c156e3c-57cc-425b-90ef-9bcaa62a7535@group-7704A457760D, cid=2528, SUCCESS, logIndex=4329, commits[0c156e3c-57cc-425b-90ef-9bcaa62a7535:c4330]
2019-06-14 13:45:59,126 DEBUG block.SCMBlockDeletingService (SCMBlockDeletingService.java:call(138)) - Running DeletedBlockTransactionScanner
2019-06-14 13:45:59,126 DEBUG block.SCMBlockDeletingService (SCMBlockDeletingService.java:call(155)) - Scanned deleted blocks log and got 0 delTX to process.
2019-06-14 13:45:59,128 INFO  storage.RaftLogWorker (RaftLogWorker.java:rollLogSegment(303)) - 0c156e3c-57cc-425b-90ef-9bcaa62a7535-RaftLogWorker: Rolling segment log-4261_4330 to index:4330
2019-06-14 13:45:59,128 INFO  storage.RaftLogWorker (RaftLogWorker.java:execute(433)) - 0c156e3c-57cc-425b-90ef-9bcaa62a7535-RaftLogWorker: Rolled log segment from /opt/src/hadoop-ozone/integration-test/target/test-dir/MiniOzoneClusterImpl-8919240e-7e15-4dbf-8bf4-c210578586bb/datanode-0/data/ratis/1fc53845-3381-4beb-82f9-7704a457760d/current/log_inprogress_4261 to /opt/src/hadoop-ozone/integration-test/target/test-dir/MiniOzoneClusterImpl-8919240e-7e15-4dbf-8bf4-c210578586bb/datanode-0/data/ratis/1fc53845-3381-4beb-82f9-7704a457760d/current/log_4261-4330
2019-06-14 13:45:59,171 INFO  storage.RaftLogWorker (RaftLogWorker.java:execute(469)) - 0c156e3c-57cc-425b-90ef-9bcaa62a7535-RaftLogWorker: created new log segment /opt/src/hadoop-ozone/integration-test/target/test-dir/MiniOzoneClusterImpl-8919240e-7e15-4dbf-8bf4-c210578586bb/datanode-0/data/ratis/1fc53845-3381-4beb-82f9-7704a457760d/current/log_inprogress_4331
2019-06-14 13:45:59,172 INFO  client.GrpcClientProtocolClient (GrpcClientProtocolClient.java:onNext(254)) - client-E0FA40453D59->0c156e3c-57cc-425b-90ef-9bcaa62a7535: receive RaftClientReply:client-E0FA40453D59->0c156e3c-57cc-425b-90ef-9bcaa62a7535@group-7704A457760D, cid=2529, SUCCESS, logIndex=4331, commits[0c156e3c-57cc-425b-90ef-9bcaa62a7535:c4331]
2019-06-14 13:45:59,173 INFO  client.GrpcClientProtocolClient (GrpcClientProtocolClient.java:onNext(254)) - client-E0FA40453D59->0c156e3c-57cc-425b-90ef-9bcaa62a7535: receive RaftClientReply:client-E0FA40453D59->0c156e3c-57cc-425b-90ef-9bcaa62a7535@group-7704A457760D, cid=2530, SUCCESS, logIndex=4333, commits[0c156e3c-57cc-425b-90ef-9bcaa62a7535:c4333]
2019-06-14 13:45:59,175 INFO  client.GrpcClientProtocolClient (GrpcClientProtocolClient.java:onNext(254)) - client-E0FA40453D59->0c156e3c-57cc-425b-90ef-9bcaa62a7535: receive RaftClientReply:client-E0FA40453D59->0c156e3c-57cc-425b-90ef-9bcaa62a7535@group-7704A457760D, cid=2531, SUCCESS, logIndex=4334, commits[0c156e3c-57cc-425b-90ef-9bcaa62a7535:c4336]
2019-06-14 13:45:59,175 INFO  client.GrpcClientProtocolClient (GrpcClientProtocolClient.java:onNext(254)) - client-E0FA40453D59->0c156e3c-57cc-425b-90ef-9bcaa62a7535: receive RaftClientReply:client-E0FA40453D59->0c156e3c-57cc-425b-90ef-9bcaa62a7535@group-7704A457760D, cid=2532, SUCCESS, logIndex=4335, commits[0c156e3c-57cc-425b-90ef-9bcaa62a7535:c4336]
2019-06-14 13:45:59,180 INFO  client.GrpcClientProtocolClient (GrpcClientProtocolClient.java:onNext(254)) - client-E0FA40453D59->0c156e3c-57cc-425b-90ef-9bcaa62a7535: receive RaftClientReply:client-E0FA40453D59->0c156e3c-57cc-425b-90ef-9bcaa62a7535@group-7704A457760D, cid=2533, SUCCESS, logIndex=4337, commits[0c156e3c-57cc-425b-90ef-9bcaa62a7535:c4337]
2019-06-14 13:45:59,181 INFO  client.GrpcClientProtocolClient (GrpcClientProtocolClient.java:onNext(254)) - client-E0FA40453D59->0c156e3c-57cc-425b-90ef-9bcaa62a7535: receive RaftClientReply:client-E0FA40453D59->0c156e3c-57cc-425b-90ef-9bcaa62a7535@group-7704A457760D, cid=2534, SUCCESS, logIndex=4339, commits[0c156e3c-57cc-425b-90ef-9bcaa62a7535:c4339]
2019-06-14 13:45:59,182 INFO  client.GrpcClientProtocolClient (GrpcClientProtocolClient.java:onNext(254)) - client-E0FA40453D59->0c156e3c-57cc-425b-90ef-9bcaa62a7535: receive RaftClientReply:client-E0FA40453D59->0c156e3c-57cc-425b-90ef-9bcaa62a7535@group-7704A457760D, cid=2535, SUCCESS, logIndex=4340, commits[0c156e3c-57cc-425b-90ef-9bcaa62a7535:c4342]
2019-06-14 13:45:59,182 INFO  client.GrpcClientProtocolClient (GrpcClientProtocolClient.java:onNext(254)) - client-E0FA40453D59->0c156e3c-57cc-425b-90ef-9bcaa62a7535: receive RaftClientReply:client-E0FA40453D59->0c156e3c-57cc-425b-90ef-9bcaa62a7535@group-7704A457760D, cid=2536, SUCCESS, logIndex=4341, commits[0c156e3c-57cc-425b-90ef-9bcaa62a7535:c4342]
2019-06-14 13:45:59,191 INFO  client.GrpcClientProtocolClient (GrpcClientProtocolClient.java:onNext(254)) - client-E0FA40453D59->0c156e3c-57cc-425b-90ef-9bcaa62a7535: receive RaftClientReply:client-E0FA40453D59->0c156e3c-57cc-425b-90ef-9bcaa62a7535@group-7704A457760D, cid=2537, SUCCESS, logIndex=4343, commits[0c156e3c-57cc-425b-90ef-9bcaa62a7535:c4343]
2019-06-14 13:45:59,193 INFO  client.GrpcClientProtocolClient (GrpcClientProtocolClient.java:onNext(254)) - client-E0FA40453D59->0c156e3c-57cc-425b-90ef-9bcaa62a7535: receive RaftClientReply:client-E0FA40453D59->0c156e3c-57cc-425b-90ef-9bcaa62a7535@group-7704A457760D, cid=2538, SUCCESS, logIndex=4345, commits[0c156e3c-57cc-425b-90ef-9bcaa62a7535:c4345]
2019-06-14 13:45:59,194 INFO  client.GrpcClientProtocolClient (GrpcClientProtocolClient.java:onNext(254)) - client-E0FA40453D59->0c156e3c-57cc-425b-90ef-9bcaa62a7535: receive RaftClientReply:client-E0FA40453D59->0c156e3c-57cc-425b-90ef-9bcaa62a7535@group-7704A457760D, cid=2539, SUCCESS, logIndex=4346, commits[0c156e3c-57cc-425b-90ef-9bcaa62a7535:c4347]
2019-06-14 13:45:59,194 INFO  client.GrpcClientProtocolClient (GrpcClientProtocolClient.java:onNext(254)) - client-E0FA40453D59->0c156e3c-57cc-425b-90ef-9bcaa62a7535: receive RaftClientReply:client-E0FA40453D59->0c156e3c-57cc-425b-90ef-9bcaa62a7535@group-7704A457760D, cid=2540, SUCCESS, logIndex=4347, commits[0c156e3c-57cc-425b-90ef-9bcaa62a7535:c4347]
2019-06-14 13:45:59,200 INFO  client.GrpcClientProtocolClient (GrpcClientProtocolClient.java:onNext(254)) - client-E0FA40453D59->0c156e3c-57cc-425b-90ef-9bcaa62a7535: receive RaftClientReply:client-E0FA40453D59->0c156e3c-57cc-425b-90ef-9bcaa62a7535@group-7704A457760D, cid=2541, SUCCESS, logIndex=4350, commits[0c156e3c-57cc-425b-90ef-9bcaa62a7535:c4350]
2019-06-14 13:45:59,201 INFO  client.GrpcClientProtocolClient (GrpcClientProtocolClient.java:onNext(254)) - client-E0FA40453D59->0c156e3c-57cc-425b-90ef-9bcaa62a7535: receive RaftClientReply:client-E0FA40453D59->0c156e3c-57cc-425b-90ef-9bcaa62a7535@group-7704A457760D, cid=2542, SUCCESS, logIndex=4352, commits[0c156e3c-57cc-425b-90ef-9bcaa62a7535:c4352]
2019-06-14 13:45:59,202 INFO  client.GrpcClientProtocolClient (GrpcClientProtocolClient.java:onNext(254)) - client-E0FA40453D59->0c156e3c-57cc-425b-90ef-9bcaa62a7535: receive RaftClientReply:client-E0FA40453D59->0c156e3c-57cc-425b-90ef-9bcaa62a7535@group-7704A457760D, cid=2543, SUCCESS, logIndex=4353, commits[0c156e3c-57cc-425b-90ef-9bcaa62a7535:c4355]
2019-06-14 13:45:59,202 INFO  client.GrpcClientProtocolClient (GrpcClientProtocolClient.java:onNext(254)) - client-E0FA40453D59->0c156e3c-57cc-425b-90ef-9bcaa62a7535: receive RaftClientReply:client-E0FA40453D59->0c156e3c-57cc-425b-90ef-9bcaa62a7535@group-7704A457760D, cid=2544, SUCCESS, logIndex=4354, commits[0c156e3c-57cc-425b-90ef-9bcaa62a7535:c4355]
2019-06-14 13:45:59,214 INFO  client.GrpcClientProtocolClient (GrpcClientProtocolClient.java:onNext(254)) - client-E0FA40453D59->0c156e3c-57cc-425b-90ef-9bcaa62a7535: receive RaftClientReply:client-E0FA40453D59->0c156e3c-57cc-425b-90ef-9bcaa62a7535@group-7704A457760D, cid=2545, SUCCESS, logIndex=4356, commits[0c156e3c-57cc-425b-90ef-9bcaa62a7535:c4356]
2019-06-14 13:45:59,216 INFO  client.GrpcClientProtocolClient (GrpcClientProtocolClient.java:onNext(254)) - client-E0FA40453D59->0c156e3c-57cc-425b-90ef-9bcaa62a7535: receive RaftClientReply:client-E0FA40453D59->0c156e3c-57cc-425b-90ef-9bcaa62a7535@group-7704A457760D, cid=2546, SUCCESS, logIndex=4358, commits[0c156e3c-57cc-425b-90ef-9bcaa62a7535:c4358]
2019-06-14 13:45:59,216 INFO  client.GrpcClientProtocolClient (GrpcClientProtocolClient.java:onNext(254)) - client-E0FA40453D59->0c156e3c-57cc-425b-90ef-9bcaa62a7535: receive RaftClientReply:client-E0FA40453D59->0c156e3c-57cc-425b-90ef-9bcaa62a7535@group-7704A457760D, cid=2547, SUCCESS, logIndex=4359, commits[0c156e3c-57cc-425b-90ef-9bcaa62a7535:c4361]
2019-06-14 13:45:59,217 INFO  client.GrpcClientProtocolClient (GrpcClientProtocolClient.java:onNext(254)) - client-E0FA40453D59->0c156e3c-57cc-425b-90ef-9bcaa62a7535: receive RaftClientReply:client-E0FA40453D59->0c156e3c-57cc-425b-90ef-9bcaa62a7535@group-7704A457760D, cid=2548, SUCCESS, logIndex=4360, commits[0c156e3c-57cc-425b-90ef-9bcaa62a7535:c4361]
2019-06-14 13:45:59,222 INFO  client.GrpcClientProtocolClient (GrpcClientProtocolClient.java:onNext(254)) - client-E0FA40453D59->0c156e3c-57cc-425b-90ef-9bcaa62a7535: receive RaftClientReply:client-E0FA40453D59->0c156e3c-57cc-425b-90ef-9bcaa62a7535@group-7704A457760D, cid=2549, SUCCESS, logIndex=4362, commits[0c156e3c-57cc-425b-90ef-9bcaa62a7535:c4362]
2019-06-14 13:45:59,223 INFO  client.GrpcClientProtocolClient (GrpcClientProtocolClient.java:onNext(254)) - client-E0FA40453D59->0c156e3c-57cc-425b-90ef-9bcaa62a7535: receive RaftClientReply:client-E0FA40453D59->0c156e3c-57cc-425b-90ef-9bcaa62a7535@group-7704A457760D, cid=2550, SUCCESS, logIndex=4364, commits[0c156e3c-57cc-425b-90ef-9bcaa62a7535:c4364]
2019-06-14 13:45:59,224 INFO  client.GrpcClientProtocolClient (GrpcClientProtocolClient.java:onNext(254)) - client-E0FA40453D59->0c156e3c-57cc-425b-90ef-9bcaa62a7535: receive RaftClientReply:client-E0FA40453D59->0c156e3c-57cc-425b-90ef-9bcaa62a7535@group-7704A457760D, cid=2551, SUCCESS, logIndex=4365, commits[0c156e3c-57cc-425b-90ef-9bcaa62a7535:c4367]
2019-06-14 13:45:59,224 INFO  client.GrpcClientProtocolClient (GrpcClientProtocolClient.java:onNext(254)) - client-E0FA40453D59->0c156e3c-57cc-425b-90ef-9bcaa62a7535: receive RaftClientReply:client-E0FA40453D59->0c156e3c-57cc-425b-90ef-9bcaa62a7535@group-7704A457760D, cid=2552, SUCCESS, logIndex=4366, commits[0c156e3c-57cc-425b-90ef-9bcaa62a7535:c4367]
2019-06-14 13:45:59,227 DEBUG block.SCMBlockDeletingService (SCMBlockDeletingService.java:call(138)) - Running DeletedBlockTransactionScanner
2019-06-14 13:45:59,227 DEBUG block.SCMBlockDeletingService (SCMBlockDeletingService.java:call(155)) - Scanned deleted blocks log and got 0 delTX to process.
2019-06-14 13:45:59,233 INFO  client.GrpcClientProtocolClient (GrpcClientProtocolClient.java:onNext(254)) - client-E0FA40453D59->0c156e3c-57cc-425b-90ef-9bcaa62a7535: receive RaftClientReply:client-E0FA40453D59->0c156e3c-57cc-425b-90ef-9bcaa62a7535@group-7704A457760D, cid=2553, SUCCESS, logIndex=4368, commits[0c156e3c-57cc-425b-90ef-9bcaa62a7535:c4368]
2019-06-14 13:45:59,235 INFO  client.GrpcClientProtocolClient (GrpcClientProtocolClient.java:onNext(254)) - client-E0FA40453D59->0c156e3c-57cc-425b-90ef-9bcaa62a7535: receive RaftClientReply:client-E0FA40453D59->0c156e3c-57cc-425b-90ef-9bcaa62a7535@group-7704A457760D, cid=2554, SUCCESS, logIndex=4370, commits[0c156e3c-57cc-425b-90ef-9bcaa62a7535:c4370]
2019-06-14 13:45:59,237 INFO  client.GrpcClientProtocolClient (GrpcClientProtocolClient.java:onNext(254)) - client-E0FA40453D59->0c156e3c-57cc-425b-90ef-9bcaa62a7535: receive RaftClientReply:client-E0FA40453D59->0c156e3c-57cc-425b-90ef-9bcaa62a7535@group-7704A457760D, cid=2555, SUCCESS, logIndex=4372, commits[0c156e3c-57cc-425b-90ef-9bcaa62a7535:c4373]
2019-06-14 13:45:59,237 INFO  client.GrpcClientProtocolClient (GrpcClientProtocolClient.java:onNext(254)) - client-E0FA40453D59->0c156e3c-57cc-425b-90ef-9bcaa62a7535: receive RaftClientReply:client-E0FA40453D59->0c156e3c-57cc-425b-90ef-9bcaa62a7535@group-7704A457760D, cid=2556, SUCCESS, logIndex=4373, commits[0c156e3c-57cc-425b-90ef-9bcaa62a7535:c4373]
2019-06-14 13:45:59,244 INFO  client.GrpcClientProtocolClient (GrpcClientProtocolClient.java:onNext(254)) - client-E0FA40453D59->0c156e3c-57cc-425b-90ef-9bcaa62a7535: receive RaftClientReply:client-E0FA40453D59->0c156e3c-57cc-425b-90ef-9bcaa62a7535@group-7704A457760D, cid=2557, SUCCESS, logIndex=4375, commits[0c156e3c-57cc-425b-90ef-9bcaa62a7535:c4375]
2019-06-14 13:45:59,246 INFO  client.GrpcClientProtocolClient (GrpcClientProtocolClient.java:onNext(254)) - client-E0FA40453D59->0c156e3c-57cc-425b-90ef-9bcaa62a7535: receive RaftClientReply:client-E0FA40453D59->0c156e3c-57cc-425b-90ef-9bcaa62a7535@group-7704A457760D, cid=2558, SUCCESS, logIndex=4377, commits[0c156e3c-57cc-425b-90ef-9bcaa62a7535:c4377]
2019-06-14 13:45:59,246 INFO  client.GrpcClientProtocolClient (GrpcClientProtocolClient.java:onNext(254)) - client-E0FA40453D59->0c156e3c-57cc-425b-90ef-9bcaa62a7535: receive RaftClientReply:client-E0FA40453D59->0c156e3c-57cc-425b-90ef-9bcaa62a7535@group-7704A457760D, cid=2559, SUCCESS, logIndex=4378, commits[0c156e3c-57cc-425b-90ef-9bcaa62a7535:c4378]
2019-06-14 13:45:59,247 INFO  client.GrpcClientProtocolClient (GrpcClientProtocolClient.java:onNext(254)) - client-E0FA40453D59->0c156e3c-57cc-425b-90ef-9bcaa62a7535: receive RaftClientReply:client-E0FA40453D59->0c156e3c-57cc-425b-90ef-9bcaa62a7535@group-7704A457760D, cid=2560, SUCCESS, logIndex=4380, commits[0c156e3c-57cc-425b-90ef-9bcaa62a7535:c4380]
2019-06-14 13:45:59,260 INFO  client.GrpcClientProtocolClient (GrpcClientProtocolClient.java:onNext(254)) - client-E0FA40453D59->0c156e3c-57cc-425b-90ef-9bcaa62a7535: receive RaftClientReply:client-E0FA40453D59->0c156e3c-57cc-425b-90ef-9bcaa62a7535@group-7704A457760D, cid=2561, SUCCESS, logIndex=4383, commits[0c156e3c-57cc-425b-90ef-9bcaa62a7535:c4383]
2019-06-14 13:45:59,261 INFO  client.GrpcClientProtocolClient (GrpcClientProtocolClient.java:onNext(254)) - client-E0FA40453D59->0c156e3c-57cc-425b-90ef-9bcaa62a7535: receive RaftClientReply:client-E0FA40453D59->0c156e3c-57cc-425b-90ef-9bcaa62a7535@group-7704A457760D, cid=2562, SUCCESS, logIndex=4385, commits[0c156e3c-57cc-425b-90ef-9bcaa62a7535:c4385]
2019-06-14 13:45:59,327 DEBUG block.SCMBlockDeletingService (SCMBlockDeletingService.java:call(138)) - Running DeletedBlockTransactionScanner
2019-06-14 13:45:59,327 DEBUG block.SCMBlockDeletingService (SCMBlockDeletingService.java:call(155)) - Scanned deleted blocks log and got 0 delTX to process.
2019-06-14 13:45:59,330 INFO  client.GrpcClientProtocolClient (GrpcClientProtocolClient.java:onNext(254)) - client-E0FA40453D59->0c156e3c-57cc-425b-90ef-9bcaa62a7535: receive RaftClientReply:client-E0FA40453D59->0c156e3c-57cc-425b-90ef-9bcaa62a7535@group-7704A457760D, cid=2563, SUCCESS, logIndex=4387, commits[0c156e3c-57cc-425b-90ef-9bcaa62a7535:c4387]
2019-06-14 13:45:59,331 INFO  client.GrpcClientProtocolClient (GrpcClientProtocolClient.java:onNext(254)) - client-E0FA40453D59->0c156e3c-57cc-425b-90ef-9bcaa62a7535: receive RaftClientReply:client-E0FA40453D59->0c156e3c-57cc-425b-90ef-9bcaa62a7535@group-7704A457760D, cid=2564, SUCCESS, logIndex=4389, commits[0c156e3c-57cc-425b-90ef-9bcaa62a7535:c4389]
2019-06-14 13:45:59,337 INFO  client.GrpcClientProtocolClient (GrpcClientProtocolClient.java:onNext(254)) - client-E0FA40453D59->0c156e3c-57cc-425b-90ef-9bcaa62a7535: receive RaftClientReply:client-E0FA40453D59->0c156e3c-57cc-425b-90ef-9bcaa62a7535@group-7704A457760D, cid=2565, SUCCESS, logIndex=4391, commits[0c156e3c-57cc-425b-90ef-9bcaa62a7535:c4391]
2019-06-14 13:45:59,338 INFO  client.GrpcClientProtocolClient (GrpcClientProtocolClient.java:onNext(254)) - client-E0FA40453D59->0c156e3c-57cc-425b-90ef-9bcaa62a7535: receive RaftClientReply:client-E0FA40453D59->0c156e3c-57cc-425b-90ef-9bcaa62a7535@group-7704A457760D, cid=2566, SUCCESS, logIndex=4393, commits[0c156e3c-57cc-425b-90ef-9bcaa62a7535:c4393]
2019-06-14 13:45:59,339 INFO  client.GrpcClientProtocolClient (GrpcClientProtocolClient.java:onNext(254)) - client-E0FA40453D59->0c156e3c-57cc-425b-90ef-9bcaa62a7535: receive RaftClientReply:client-E0FA40453D59->0c156e3c-57cc-425b-90ef-9bcaa62a7535@group-7704A457760D, cid=2567, SUCCESS, logIndex=4394, commits[0c156e3c-57cc-425b-90ef-9bcaa62a7535:c4396]
2019-06-14 13:45:59,339 INFO  client.GrpcClientProtocolClient (GrpcClientProtocolClient.java:onNext(254)) - client-E0FA40453D59->0c156e3c-57cc-425b-90ef-9bcaa62a7535: receive RaftClientReply:client-E0FA40453D59->0c156e3c-57cc-425b-90ef-9bcaa62a7535@group-7704A457760D, cid=2568, SUCCESS, logIndex=4395, commits[0c156e3c-57cc-425b-90ef-9bcaa62a7535:c4396]
2019-06-14 13:45:59,349 INFO  client.GrpcClientProtocolClient (GrpcClientProtocolClient.java:onNext(254)) - client-E0FA40453D59->0c156e3c-57cc-425b-90ef-9bcaa62a7535: receive RaftClientReply:client-E0FA40453D59->0c156e3c-57cc-425b-90ef-9bcaa62a7535@group-7704A457760D, cid=2569, SUCCESS, logIndex=4397, commits[0c156e3c-57cc-425b-90ef-9bcaa62a7535:c4397]
2019-06-14 13:45:59,350 INFO  client.GrpcClientProtocolClient (GrpcClientProtocolClient.java:onNext(254)) - client-E0FA40453D59->0c156e3c-57cc-425b-90ef-9bcaa62a7535: receive RaftClientReply:client-E0FA40453D59->0c156e3c-57cc-425b-90ef-9bcaa62a7535@group-7704A457760D, cid=2570, SUCCESS, logIndex=4399, commits[0c156e3c-57cc-425b-90ef-9bcaa62a7535:c4399]
2019-06-14 13:45:59,351 INFO  client.GrpcClientProtocolClient (GrpcClientProtocolClient.java:onNext(254)) - client-E0FA40453D59->0c156e3c-57cc-425b-90ef-9bcaa62a7535: receive RaftClientReply:client-E0FA40453D59->0c156e3c-57cc-425b-90ef-9bcaa62a7535@group-7704A457760D, cid=2571, SUCCESS, logIndex=4400, commits[0c156e3c-57cc-425b-90ef-9bcaa62a7535:c4402]
2019-06-14 13:45:59,351 INFO  client.GrpcClientProtocolClient (GrpcClientProtocolClient.java:onNext(254)) - client-E0FA40453D59->0c156e3c-57cc-425b-90ef-9bcaa62a7535: receive RaftClientReply:client-E0FA40453D59->0c156e3c-57cc-425b-90ef-9bcaa62a7535@group-7704A457760D, cid=2572, SUCCESS, logIndex=4401, commits[0c156e3c-57cc-425b-90ef-9bcaa62a7535:c4402]
2019-06-14 13:45:59,354 INFO  storage.RaftLogWorker (RaftLogWorker.java:rollLogSegment(303)) - 0c156e3c-57cc-425b-90ef-9bcaa62a7535-RaftLogWorker: Rolling segment log-4331_4402 to index:4402
2019-06-14 13:45:59,354 INFO  storage.RaftLogWorker (RaftLogWorker.java:execute(433)) - 0c156e3c-57cc-425b-90ef-9bcaa62a7535-RaftLogWorker: Rolled log segment from /opt/src/hadoop-ozone/integration-test/target/test-dir/MiniOzoneClusterImpl-8919240e-7e15-4dbf-8bf4-c210578586bb/datanode-0/data/ratis/1fc53845-3381-4beb-82f9-7704a457760d/current/log_inprogress_4331 to /opt/src/hadoop-ozone/integration-test/target/test-dir/MiniOzoneClusterImpl-8919240e-7e15-4dbf-8bf4-c210578586bb/datanode-0/data/ratis/1fc53845-3381-4beb-82f9-7704a457760d/current/log_4331-4402
2019-06-14 13:45:59,389 INFO  storage.RaftLogWorker (RaftLogWorker.java:execute(469)) - 0c156e3c-57cc-425b-90ef-9bcaa62a7535-RaftLogWorker: created new log segment /opt/src/hadoop-ozone/integration-test/target/test-dir/MiniOzoneClusterImpl-8919240e-7e15-4dbf-8bf4-c210578586bb/datanode-0/data/ratis/1fc53845-3381-4beb-82f9-7704a457760d/current/log_inprogress_4403
2019-06-14 13:45:59,391 INFO  client.GrpcClientProtocolClient (GrpcClientProtocolClient.java:onNext(254)) - client-E0FA40453D59->0c156e3c-57cc-425b-90ef-9bcaa62a7535: receive RaftClientReply:client-E0FA40453D59->0c156e3c-57cc-425b-90ef-9bcaa62a7535@group-7704A457760D, cid=2573, SUCCESS, logIndex=4403, commits[0c156e3c-57cc-425b-90ef-9bcaa62a7535:c4403]
2019-06-14 13:45:59,392 INFO  client.GrpcClientProtocolClient (GrpcClientProtocolClient.java:onNext(254)) - client-E0FA40453D59->0c156e3c-57cc-425b-90ef-9bcaa62a7535: receive RaftClientReply:client-E0FA40453D59->0c156e3c-57cc-425b-90ef-9bcaa62a7535@group-7704A457760D, cid=2574, SUCCESS, logIndex=4405, commits[0c156e3c-57cc-425b-90ef-9bcaa62a7535:c4405]
2019-06-14 13:45:59,393 INFO  client.GrpcClientProtocolClient (GrpcClientProtocolClient.java:onNext(254)) - client-E0FA40453D59->0c156e3c-57cc-425b-90ef-9bcaa62a7535: receive RaftClientReply:client-E0FA40453D59->0c156e3c-57cc-425b-90ef-9bcaa62a7535@group-7704A457760D, cid=2575, SUCCESS, logIndex=4406, commits[0c156e3c-57cc-425b-90ef-9bcaa62a7535:c4408]
2019-06-14 13:45:59,394 INFO  client.GrpcClientProtocolClient (GrpcClientProtocolClient.java:onNext(254)) - client-E0FA40453D59->0c156e3c-57cc-425b-90ef-9bcaa62a7535: receive RaftClientReply:client-E0FA40453D59->0c156e3c-57cc-425b-90ef-9bcaa62a7535@group-7704A457760D, cid=2576, SUCCESS, logIndex=4407, commits[0c156e3c-57cc-425b-90ef-9bcaa62a7535:c4408]
2019-06-14 13:45:59,403 INFO  client.GrpcClientProtocolClient (GrpcClientProtocolClient.java:onNext(254)) - client-E0FA40453D59->0c156e3c-57cc-425b-90ef-9bcaa62a7535: receive RaftClientReply:client-E0FA40453D59->0c156e3c-57cc-425b-90ef-9bcaa62a7535@group-7704A457760D, cid=2577, SUCCESS, logIndex=4409, commits[0c156e3c-57cc-425b-90ef-9bcaa62a7535:c4409]
2019-06-14 13:45:59,405 INFO  client.GrpcClientProtocolClient (GrpcClientProtocolClient.java:onNext(254)) - client-E0FA40453D59->0c156e3c-57cc-425b-90ef-9bcaa62a7535: receive RaftClientReply:client-E0FA40453D59->0c156e3c-57cc-425b-90ef-9bcaa62a7535@group-7704A457760D, cid=2578, SUCCESS, logIndex=4411, commits[0c156e3c-57cc-425b-90ef-9bcaa62a7535:c4411]
2019-06-14 13:45:59,406 INFO  client.GrpcClientProtocolClient (GrpcClientProtocolClient.java:onNext(254)) - client-E0FA40453D59->0c156e3c-57cc-425b-90ef-9bcaa62a7535: receive RaftClientReply:client-E0FA40453D59->0c156e3c-57cc-425b-90ef-9bcaa62a7535@group-7704A457760D, cid=2579, SUCCESS, logIndex=4412, commits[0c156e3c-57cc-425b-90ef-9bcaa62a7535:c4412]
2019-06-14 13:45:59,407 INFO  client.GrpcClientProtocolClient (GrpcClientProtocolClient.java:onNext(254)) - client-E0FA40453D59->0c156e3c-57cc-425b-90ef-9bcaa62a7535: receive RaftClientReply:client-E0FA40453D59->0c156e3c-57cc-425b-90ef-9bcaa62a7535@group-7704A457760D, cid=2580, SUCCESS, logIndex=4415, commits[0c156e3c-57cc-425b-90ef-9bcaa62a7535:c4415]
2019-06-14 13:45:59,412 INFO  client.GrpcClientProtocolClient (GrpcClientProtocolClient.java:onNext(254)) - client-E0FA40453D59->0c156e3c-57cc-425b-90ef-9bcaa62a7535: receive RaftClientReply:client-E0FA40453D59->0c156e3c-57cc-425b-90ef-9bcaa62a7535@group-7704A457760D, cid=2581, SUCCESS, logIndex=4417, commits[0c156e3c-57cc-425b-90ef-9bcaa62a7535:c4417]
2019-06-14 13:45:59,413 INFO  client.GrpcClientProtocolClient (GrpcClientProtocolClient.java:onNext(254)) - client-E0FA40453D59->0c156e3c-57cc-425b-90ef-9bcaa62a7535: receive RaftClientReply:client-E0FA40453D59->0c156e3c-57cc-425b-90ef-9bcaa62a7535@group-7704A457760D, cid=2582, SUCCESS, logIndex=4419, commits[0c156e3c-57cc-425b-90ef-9bcaa62a7535:c4419]
2019-06-14 13:45:59,415 INFO  client.GrpcClientProtocolClient (GrpcClientProtocolClient.java:onNext(254)) - client-E0FA40453D59->0c156e3c-57cc-425b-90ef-9bcaa62a7535: receive RaftClientReply:client-E0FA40453D59->0c156e3c-57cc-425b-90ef-9bcaa62a7535@group-7704A457760D, cid=2583, SUCCESS, logIndex=4420, commits[0c156e3c-57cc-425b-90ef-9bcaa62a7535:c4422]
2019-06-14 13:45:59,415 INFO  client.GrpcClientProtocolClient (GrpcClientProtocolClient.java:onNext(254)) - client-E0FA40453D59->0c156e3c-57cc-425b-90ef-9bcaa62a7535: receive RaftClientReply:client-E0FA40453D59->0c156e3c-57cc-425b-90ef-9bcaa62a7535@group-7704A457760D, cid=2584, SUCCESS, logIndex=4421, commits[0c156e3c-57cc-425b-90ef-9bcaa62a7535:c4422]
2019-06-14 13:45:59,424 INFO  client.GrpcClientProtocolClient (GrpcClientProtocolClient.java:onNext(254)) - client-E0FA40453D59->0c156e3c-57cc-425b-90ef-9bcaa62a7535: receive RaftClientReply:client-E0FA40453D59->0c156e3c-57cc-425b-90ef-9bcaa62a7535@group-7704A457760D, cid=2585, SUCCESS, logIndex=4423, commits[0c156e3c-57cc-425b-90ef-9bcaa62a7535:c4423]
2019-06-14 13:45:59,424 INFO  client.GrpcClientProtocolClient (GrpcClientProtocolClient.java:onNext(254)) - client-E0FA40453D59->0c156e3c-57cc-425b-90ef-9bcaa62a7535: receive RaftClientReply:client-E0FA40453D59->0c156e3c-57cc-425b-90ef-9bcaa62a7535@group-7704A457760D, cid=2586, SUCCESS, logIndex=4425, commits[0c156e3c-57cc-425b-90ef-9bcaa62a7535:c4425]
2019-06-14 13:45:59,426 INFO  client.GrpcClientProtocolClient (GrpcClientProtocolClient.java:onNext(254)) - client-E0FA40453D59->0c156e3c-57cc-425b-90ef-9bcaa62a7535: receive RaftClientReply:client-E0FA40453D59->0c156e3c-57cc-425b-90ef-9bcaa62a7535@group-7704A457760D, cid=2587, SUCCESS, logIndex=4426, commits[0c156e3c-57cc-425b-90ef-9bcaa62a7535:c4428]
2019-06-14 13:45:59,426 INFO  client.GrpcClientProtocolClient (GrpcClientProtocolClient.java:onNext(254)) - client-E0FA40453D59->0c156e3c-57cc-425b-90ef-9bcaa62a7535: receive RaftClientReply:client-E0FA40453D59->0c156e3c-57cc-425b-90ef-9bcaa62a7535@group-7704A457760D, cid=2588, SUCCESS, logIndex=4427, commits[0c156e3c-57cc-425b-90ef-9bcaa62a7535:c4428]
2019-06-14 13:45:59,428 DEBUG block.SCMBlockDeletingService (SCMBlockDeletingService.java:call(138)) - Running DeletedBlockTransactionScanner
2019-06-14 13:45:59,428 DEBUG block.SCMBlockDeletingService (SCMBlockDeletingService.java:call(155)) - Scanned deleted blocks log and got 0 delTX to process.
2019-06-14 13:45:59,431 INFO  client.GrpcClientProtocolClient (GrpcClientProtocolClient.java:onNext(254)) - client-E0FA40453D59->0c156e3c-57cc-425b-90ef-9bcaa62a7535: receive RaftClientReply:client-E0FA40453D59->0c156e3c-57cc-425b-90ef-9bcaa62a7535@group-7704A457760D, cid=2589, SUCCESS, logIndex=4429, commits[0c156e3c-57cc-425b-90ef-9bcaa62a7535:c4429]
2019-06-14 13:45:59,432 INFO  client.GrpcClientProtocolClient (GrpcClientProtocolClient.java:onNext(254)) - client-E0FA40453D59->0c156e3c-57cc-425b-90ef-9bcaa62a7535: receive RaftClientReply:client-E0FA40453D59->0c156e3c-57cc-425b-90ef-9bcaa62a7535@group-7704A457760D, cid=2590, SUCCESS, logIndex=4431, commits[0c156e3c-57cc-425b-90ef-9bcaa62a7535:c4431]
2019-06-14 13:45:59,433 INFO  client.GrpcClientProtocolClient (GrpcClientProtocolClient.java:onNext(254)) - client-E0FA40453D59->0c156e3c-57cc-425b-90ef-9bcaa62a7535: receive RaftClientReply:client-E0FA40453D59->0c156e3c-57cc-425b-90ef-9bcaa62a7535@group-7704A457760D, cid=2591, SUCCESS, logIndex=4432, commits[0c156e3c-57cc-425b-90ef-9bcaa62a7535:c4434]
2019-06-14 13:45:59,434 INFO  client.GrpcClientProtocolClient (GrpcClientProtocolClient.java:onNext(254)) - client-E0FA40453D59->0c156e3c-57cc-425b-90ef-9bcaa62a7535: receive RaftClientReply:client-E0FA40453D59->0c156e3c-57cc-425b-90ef-9bcaa62a7535@group-7704A457760D, cid=2592, SUCCESS, logIndex=4433, commits[0c156e3c-57cc-425b-90ef-9bcaa62a7535:c4434]
2019-06-14 13:45:59,443 INFO  client.GrpcClientProtocolClient (GrpcClientProtocolClient.java:onNext(254)) - client-E0FA40453D59->0c156e3c-57cc-425b-90ef-9bcaa62a7535: receive RaftClientReply:client-E0FA40453D59->0c156e3c-57cc-425b-90ef-9bcaa62a7535@group-7704A457760D, cid=2593, SUCCESS, logIndex=4435, commits[0c156e3c-57cc-425b-90ef-9bcaa62a7535:c4435]
2019-06-14 13:45:59,444 INFO  client.GrpcClientProtocolClient (GrpcClientProtocolClient.java:onNext(254)) - client-E0FA40453D59->0c156e3c-57cc-425b-90ef-9bcaa62a7535: receive RaftClientReply:client-E0FA40453D59->0c156e3c-57cc-425b-90ef-9bcaa62a7535@group-7704A457760D, cid=2594, SUCCESS, logIndex=4437, commits[0c156e3c-57cc-425b-90ef-9bcaa62a7535:c4437]
2019-06-14 13:45:59,445 INFO  client.GrpcClientProtocolClient (GrpcClientProtocolClient.java:onNext(254)) - client-E0FA40453D59->0c156e3c-57cc-425b-90ef-9bcaa62a7535: receive RaftClientReply:client-E0FA40453D59->0c156e3c-57cc-425b-90ef-9bcaa62a7535@group-7704A457760D, cid=2595, SUCCESS, logIndex=4438, commits[0c156e3c-57cc-425b-90ef-9bcaa62a7535:c4440]
2019-06-14 13:45:59,445 INFO  client.GrpcClientProtocolClient (GrpcClientProtocolClient.java:onNext(254)) - client-E0FA40453D59->0c156e3c-57cc-425b-90ef-9bcaa62a7535: receive RaftClientReply:client-E0FA40453D59->0c156e3c-57cc-425b-90ef-9bcaa62a7535@group-7704A457760D, cid=2596, SUCCESS, logIndex=4439, commits[0c156e3c-57cc-425b-90ef-9bcaa62a7535:c4440]
2019-06-14 13:45:59,451 INFO  client.GrpcClientProtocolClient (GrpcClientProtocolClient.java:onNext(254)) - client-E0FA40453D59->0c156e3c-57cc-425b-90ef-9bcaa62a7535: receive RaftClientReply:client-E0FA40453D59->0c156e3c-57cc-425b-90ef-9bcaa62a7535@group-7704A457760D, cid=2597, SUCCESS, logIndex=4441, commits[0c156e3c-57cc-425b-90ef-9bcaa62a7535:c4442]
2019-06-14 13:45:59,453 INFO  client.GrpcClientProtocolClient (GrpcClientProtocolClient.java:onNext(254)) - client-E0FA40453D59->0c156e3c-57cc-425b-90ef-9bcaa62a7535: receive RaftClientReply:client-E0FA40453D59->0c156e3c-57cc-425b-90ef-9bcaa62a7535@group-7704A457760D, cid=2598, SUCCESS, logIndex=4443, commits[0c156e3c-57cc-425b-90ef-9bcaa62a7535:c4443]
2019-06-14 13:45:59,454 INFO  client.GrpcClientProtocolClient (GrpcClientProtocolClient.java:onNext(254)) - client-E0FA40453D59->0c156e3c-57cc-425b-90ef-9bcaa62a7535: receive RaftClientReply:client-E0FA40453D59->0c156e3c-57cc-425b-90ef-9bcaa62a7535@group-7704A457760D, cid=2599, SUCCESS, logIndex=4444, commits[0c156e3c-57cc-425b-90ef-9bcaa62a7535:c4446]
2019-06-14 13:45:59,454 INFO  client.GrpcClientProtocolClient (GrpcClientProtocolClient.java:onNext(254)) - client-E0FA40453D59->0c156e3c-57cc-425b-90ef-9bcaa62a7535: receive RaftClientReply:client-E0FA40453D59->0c156e3c-57cc-425b-90ef-9bcaa62a7535@group-7704A457760D, cid=2600, SUCCESS, logIndex=4445, commits[0c156e3c-57cc-425b-90ef-9bcaa62a7535:c4446]
2019-06-14 13:45:59,463 INFO  client.GrpcClientProtocolClient (GrpcClientProtocolClient.java:onNext(254)) - client-E0FA40453D59->0c156e3c-57cc-425b-90ef-9bcaa62a7535: receive RaftClientReply:client-E0FA40453D59->0c156e3c-57cc-425b-90ef-9bcaa62a7535@group-7704A457760D, cid=2601, SUCCESS, logIndex=4447, commits[0c156e3c-57cc-425b-90ef-9bcaa62a7535:c4447]
2019-06-14 13:45:59,464 INFO  client.GrpcClientProtocolClient (GrpcClientProtocolClient.java:onNext(254)) - client-E0FA40453D59->0c156e3c-57cc-425b-90ef-9bcaa62a7535: receive RaftClientReply:client-E0FA40453D59->0c156e3c-57cc-425b-90ef-9bcaa62a7535@group-7704A457760D, cid=2602, SUCCESS, logIndex=4449, commits[0c156e3c-57cc-425b-90ef-9bcaa62a7535:c4449]
2019-06-14 13:45:59,466 INFO  client.GrpcClientProtocolClient (GrpcClientProtocolClient.java:onNext(254)) - client-E0FA40453D59->0c156e3c-57cc-425b-90ef-9bcaa62a7535: receive RaftClientReply:client-E0FA40453D59->0c156e3c-57cc-425b-90ef-9bcaa62a7535@group-7704A457760D, cid=2603, SUCCESS, logIndex=4450, commits[0c156e3c-57cc-425b-90ef-9bcaa62a7535:c4452]
2019-06-14 13:45:59,466 INFO  client.GrpcClientProtocolClient (GrpcClientProtocolClient.java:onNext(254)) - client-E0FA40453D59->0c156e3c-57cc-425b-90ef-9bcaa62a7535: receive RaftClientReply:client-E0FA40453D59->0c156e3c-57cc-425b-90ef-9bcaa62a7535@group-7704A457760D, cid=2604, SUCCESS, logIndex=4451, commits[0c156e3c-57cc-425b-90ef-9bcaa62a7535:c4452]
2019-06-14 13:45:59,517 INFO  client.GrpcClientProtocolClient (GrpcClientProtocolClient.java:onNext(254)) - client-E0FA40453D59->0c156e3c-57cc-425b-90ef-9bcaa62a7535: receive RaftClientReply:client-E0FA40453D59->0c156e3c-57cc-425b-90ef-9bcaa62a7535@group-7704A457760D, cid=2605, SUCCESS, logIndex=4453, commits[0c156e3c-57cc-425b-90ef-9bcaa62a7535:c4453]
2019-06-14 13:45:59,518 INFO  client.GrpcClientProtocolClient (GrpcClientProtocolClient.java:onNext(254)) - client-E0FA40453D59->0c156e3c-57cc-425b-90ef-9bcaa62a7535: receive RaftClientReply:client-E0FA40453D59->0c156e3c-57cc-425b-90ef-9bcaa62a7535@group-7704A457760D, cid=2606, SUCCESS, logIndex=4455, commits[0c156e3c-57cc-425b-90ef-9bcaa62a7535:c4455]
2019-06-14 13:45:59,528 DEBUG block.SCMBlockDeletingService (SCMBlockDeletingService.java:call(138)) - Running DeletedBlockTransactionScanner
2019-06-14 13:45:59,528 DEBUG block.SCMBlockDeletingService (SCMBlockDeletingService.java:call(155)) - Scanned deleted blocks log and got 0 delTX to process.
2019-06-14 13:45:59,579 INFO  client.GrpcClientProtocolClient (GrpcClientProtocolClient.java:onNext(254)) - client-E0FA40453D59->0c156e3c-57cc-425b-90ef-9bcaa62a7535: receive RaftClientReply:client-E0FA40453D59->0c156e3c-57cc-425b-90ef-9bcaa62a7535@group-7704A457760D, cid=2607, SUCCESS, logIndex=4457, commits[0c156e3c-57cc-425b-90ef-9bcaa62a7535:c4457]
2019-06-14 13:45:59,580 INFO  client.GrpcClientProtocolClient (GrpcClientProtocolClient.java:onNext(254)) - client-E0FA40453D59->0c156e3c-57cc-425b-90ef-9bcaa62a7535: receive RaftClientReply:client-E0FA40453D59->0c156e3c-57cc-425b-90ef-9bcaa62a7535@group-7704A457760D, cid=2608, SUCCESS, logIndex=4459, commits[0c156e3c-57cc-425b-90ef-9bcaa62a7535:c4459]
2019-06-14 13:45:59,589 INFO  client.GrpcClientProtocolClient (GrpcClientProtocolClient.java:onNext(254)) - client-E0FA40453D59->0c156e3c-57cc-425b-90ef-9bcaa62a7535: receive RaftClientReply:client-E0FA40453D59->0c156e3c-57cc-425b-90ef-9bcaa62a7535@group-7704A457760D, cid=2609, SUCCESS, logIndex=4461, commits[0c156e3c-57cc-425b-90ef-9bcaa62a7535:c4461]
2019-06-14 13:45:59,591 INFO  client.GrpcClientProtocolClient (GrpcClientProtocolClient.java:onNext(254)) - client-E0FA40453D59->0c156e3c-57cc-425b-90ef-9bcaa62a7535: receive RaftClientReply:client-E0FA40453D59->0c156e3c-57cc-425b-90ef-9bcaa62a7535@group-7704A457760D, cid=2610, SUCCESS, logIndex=4463, commits[0c156e3c-57cc-425b-90ef-9bcaa62a7535:c4463]
2019-06-14 13:45:59,592 INFO  client.GrpcClientProtocolClient (GrpcClientProtocolClient.java:onNext(254)) - client-E0FA40453D59->0c156e3c-57cc-425b-90ef-9bcaa62a7535: receive RaftClientReply:client-E0FA40453D59->0c156e3c-57cc-425b-90ef-9bcaa62a7535@group-7704A457760D, cid=2611, SUCCESS, logIndex=4464, commits[0c156e3c-57cc-425b-90ef-9bcaa62a7535:c4466]
2019-06-14 13:45:59,592 INFO  client.GrpcClientProtocolClient (GrpcClientProtocolClient.java:onNext(254)) - client-E0FA40453D59->0c156e3c-57cc-425b-90ef-9bcaa62a7535: receive RaftClientReply:client-E0FA40453D59->0c156e3c-57cc-425b-90ef-9bcaa62a7535@group-7704A457760D, cid=2612, SUCCESS, logIndex=4465, commits[0c156e3c-57cc-425b-90ef-9bcaa62a7535:c4466]
2019-06-14 13:45:59,597 INFO  client.GrpcClientProtocolClient (GrpcClientProtocolClient.java:onNext(254)) - client-E0FA40453D59->0c156e3c-57cc-425b-90ef-9bcaa62a7535: receive RaftClientReply:client-E0FA40453D59->0c156e3c-57cc-425b-90ef-9bcaa62a7535@group-7704A457760D, cid=2613, SUCCESS, logIndex=4467, commits[0c156e3c-57cc-425b-90ef-9bcaa62a7535:c4467]
2019-06-14 13:45:59,598 INFO  storage.RaftLogWorker (RaftLogWorker.java:rollLogSegment(303)) - 0c156e3c-57cc-425b-90ef-9bcaa62a7535-RaftLogWorker: Rolling segment log-4403_4470 to index:4470
2019-06-14 13:45:59,599 INFO  client.GrpcClientProtocolClient (GrpcClientProtocolClient.java:onNext(254)) - client-E0FA40453D59->0c156e3c-57cc-425b-90ef-9bcaa62a7535: receive RaftClientReply:client-E0FA40453D59->0c156e3c-57cc-425b-90ef-9bcaa62a7535@group-7704A457760D, cid=2614, SUCCESS, logIndex=4469, commits[0c156e3c-57cc-425b-90ef-9bcaa62a7535:c4469]
2019-06-14 13:45:59,599 INFO  storage.RaftLogWorker (RaftLogWorker.java:execute(433)) - 0c156e3c-57cc-425b-90ef-9bcaa62a7535-RaftLogWorker: Rolled log segment from /opt/src/hadoop-ozone/integration-test/target/test-dir/MiniOzoneClusterImpl-8919240e-7e15-4dbf-8bf4-c210578586bb/datanode-0/data/ratis/1fc53845-3381-4beb-82f9-7704a457760d/current/log_inprogress_4403 to /opt/src/hadoop-ozone/integration-test/target/test-dir/MiniOzoneClusterImpl-8919240e-7e15-4dbf-8bf4-c210578586bb/datanode-0/data/ratis/1fc53845-3381-4beb-82f9-7704a457760d/current/log_4403-4470
2019-06-14 13:45:59,599 INFO  client.GrpcClientProtocolClient (GrpcClientProtocolClient.java:onNext(254)) - client-E0FA40453D59->0c156e3c-57cc-425b-90ef-9bcaa62a7535: receive RaftClientReply:client-E0FA40453D59->0c156e3c-57cc-425b-90ef-9bcaa62a7535@group-7704A457760D, cid=2615, SUCCESS, logIndex=4470, commits[0c156e3c-57cc-425b-90ef-9bcaa62a7535:c4470]
2019-06-14 13:45:59,628 DEBUG block.SCMBlockDeletingService (SCMBlockDeletingService.java:call(138)) - Running DeletedBlockTransactionScanner
2019-06-14 13:45:59,629 DEBUG block.SCMBlockDeletingService (SCMBlockDeletingService.java:call(155)) - Scanned deleted blocks log and got 0 delTX to process.
2019-06-14 13:45:59,634 INFO  storage.RaftLogWorker (RaftLogWorker.java:execute(469)) - 0c156e3c-57cc-425b-90ef-9bcaa62a7535-RaftLogWorker: created new log segment /opt/src/hadoop-ozone/integration-test/target/test-dir/MiniOzoneClusterImpl-8919240e-7e15-4dbf-8bf4-c210578586bb/datanode-0/data/ratis/1fc53845-3381-4beb-82f9-7704a457760d/current/log_inprogress_4471
2019-06-14 13:45:59,636 INFO  client.GrpcClientProtocolClient (GrpcClientProtocolClient.java:onNext(254)) - client-E0FA40453D59->0c156e3c-57cc-425b-90ef-9bcaa62a7535: receive RaftClientReply:client-E0FA40453D59->0c156e3c-57cc-425b-90ef-9bcaa62a7535@group-7704A457760D, cid=2616, SUCCESS, logIndex=4471, commits[0c156e3c-57cc-425b-90ef-9bcaa62a7535:c4473]
2019-06-14 13:45:59,645 INFO  client.GrpcClientProtocolClient (GrpcClientProtocolClient.java:onNext(254)) - client-E0FA40453D59->0c156e3c-57cc-425b-90ef-9bcaa62a7535: receive RaftClientReply:client-E0FA40453D59->0c156e3c-57cc-425b-90ef-9bcaa62a7535@group-7704A457760D, cid=2617, SUCCESS, logIndex=4474, commits[0c156e3c-57cc-425b-90ef-9bcaa62a7535:c4474]
2019-06-14 13:45:59,646 INFO  client.GrpcClientProtocolClient (GrpcClientProtocolClient.java:onNext(254)) - client-E0FA40453D59->0c156e3c-57cc-425b-90ef-9bcaa62a7535: receive RaftClientReply:client-E0FA40453D59->0c156e3c-57cc-425b-90ef-9bcaa62a7535@group-7704A457760D, cid=2618, SUCCESS, logIndex=4476, commits[0c156e3c-57cc-425b-90ef-9bcaa62a7535:c4476]
2019-06-14 13:45:59,648 INFO  client.GrpcClientProtocolClient (GrpcClientProtocolClient.java:onNext(254)) - client-E0FA40453D59->0c156e3c-57cc-425b-90ef-9bcaa62a7535: receive RaftClientReply:client-E0FA40453D59->0c156e3c-57cc-425b-90ef-9bcaa62a7535@group-7704A457760D, cid=2619, SUCCESS, logIndex=4477, commits[0c156e3c-57cc-425b-90ef-9bcaa62a7535:c4479]
2019-06-14 13:45:59,648 INFO  client.GrpcClientProtocolClient (GrpcClientProtocolClient.java:onNext(254)) - client-E0FA40453D59->0c156e3c-57cc-425b-90ef-9bcaa62a7535: receive RaftClientReply:client-E0FA40453D59->0c156e3c-57cc-425b-90ef-9bcaa62a7535@group-7704A457760D, cid=2620, SUCCESS, logIndex=4478, commits[0c156e3c-57cc-425b-90ef-9bcaa62a7535:c4479]
2019-06-14 13:45:59,653 INFO  client.GrpcClientProtocolClient (GrpcClientProtocolClient.java:onNext(254)) - client-E0FA40453D59->0c156e3c-57cc-425b-90ef-9bcaa62a7535: receive RaftClientReply:client-E0FA40453D59->0c156e3c-57cc-425b-90ef-9bcaa62a7535@group-7704A457760D, cid=2621, SUCCESS, logIndex=4480, commits[0c156e3c-57cc-425b-90ef-9bcaa62a7535:c4480]
2019-06-14 13:45:59,654 INFO  client.GrpcClientProtocolClient (GrpcClientProtocolClient.java:onNext(254)) - client-E0FA40453D59->0c156e3c-57cc-425b-90ef-9bcaa62a7535: receive RaftClientReply:client-E0FA40453D59->0c156e3c-57cc-425b-90ef-9bcaa62a7535@group-7704A457760D, cid=2622, SUCCESS, logIndex=4482, commits[0c156e3c-57cc-425b-90ef-9bcaa62a7535:c4482]
2019-06-14 13:45:59,655 INFO  client.GrpcClientProtocolClient (GrpcClientProtocolClient.java:onNext(254)) - client-E0FA40453D59->0c156e3c-57cc-425b-90ef-9bcaa62a7535: receive RaftClientReply:client-E0FA40453D59->0c156e3c-57cc-425b-90ef-9bcaa62a7535@group-7704A457760D, cid=2623, SUCCESS, logIndex=4483, commits[0c156e3c-57cc-425b-90ef-9bcaa62a7535:c4485]
2019-06-14 13:45:59,655 INFO  client.GrpcClientProtocolClient (GrpcClientProtocolClient.java:onNext(254)) - client-E0FA40453D59->0c156e3c-57cc-425b-90ef-9bcaa62a7535: receive RaftClientReply:client-E0FA40453D59->0c156e3c-57cc-425b-90ef-9bcaa62a7535@group-7704A457760D, cid=2624, SUCCESS, logIndex=4484, commits[0c156e3c-57cc-425b-90ef-9bcaa62a7535:c4485]
2019-06-14 13:45:59,664 INFO  client.GrpcClientProtocolClient (GrpcClientProtocolClient.java:onNext(254)) - client-E0FA40453D59->0c156e3c-57cc-425b-90ef-9bcaa62a7535: receive RaftClientReply:client-E0FA40453D59->0c156e3c-57cc-425b-90ef-9bcaa62a7535@group-7704A457760D, cid=2625, SUCCESS, logIndex=4486, commits[0c156e3c-57cc-425b-90ef-9bcaa62a7535:c4486]
2019-06-14 13:45:59,665 INFO  client.GrpcClientProtocolClient (GrpcClientProtocolClient.java:onNext(254)) - client-E0FA40453D59->0c156e3c-57cc-425b-90ef-9bcaa62a7535: receive RaftClientReply:client-E0FA40453D59->0c156e3c-57cc-425b-90ef-9bcaa62a7535@group-7704A457760D, cid=2626, SUCCESS, logIndex=4488, commits[0c156e3c-57cc-425b-90ef-9bcaa62a7535:c4488]
2019-06-14 13:45:59,666 INFO  client.GrpcClientProtocolClient (GrpcClientProtocolClient.java:onNext(254)) - client-E0FA40453D59->0c156e3c-57cc-425b-90ef-9bcaa62a7535: receive RaftClientReply:client-E0FA40453D59->0c156e3c-57cc-425b-90ef-9bcaa62a7535@group-7704A457760D, cid=2627, SUCCESS, logIndex=4489, commits[0c156e3c-57cc-425b-90ef-9bcaa62a7535:c4491]
2019-06-14 13:45:59,667 INFO  client.GrpcClientProtocolClient (GrpcClientProtocolClient.java:onNext(254)) - client-E0FA40453D59->0c156e3c-57cc-425b-90ef-9bcaa62a7535: receive RaftClientReply:client-E0FA40453D59->0c156e3c-57cc-425b-90ef-9bcaa62a7535@group-7704A457760D, cid=2628, SUCCESS, logIndex=4490, commits[0c156e3c-57cc-425b-90ef-9bcaa62a7535:c4491]
2019-06-14 13:45:59,671 INFO  client.GrpcClientProtocolClient (GrpcClientProtocolClient.java:onNext(254)) - client-E0FA40453D59->0c156e3c-57cc-425b-90ef-9bcaa62a7535: receive RaftClientReply:client-E0FA40453D59->0c156e3c-57cc-425b-90ef-9bcaa62a7535@group-7704A457760D, cid=2629, SUCCESS, logIndex=4492, commits[0c156e3c-57cc-425b-90ef-9bcaa62a7535:c4492]
2019-06-14 13:45:59,672 INFO  client.GrpcClientProtocolClient (GrpcClientProtocolClient.java:onNext(254)) - client-E0FA40453D59->0c156e3c-57cc-425b-90ef-9bcaa62a7535: receive RaftClientReply:client-E0FA40453D59->0c156e3c-57cc-425b-90ef-9bcaa62a7535@group-7704A457760D, cid=2630, SUCCESS, logIndex=4494, commits[0c156e3c-57cc-425b-90ef-9bcaa62a7535:c4494]
2019-06-14 13:45:59,674 INFO  client.GrpcClientProtocolClient (GrpcClientProtocolClient.java:onNext(254)) - client-E0FA40453D59->0c156e3c-57cc-425b-90ef-9bcaa62a7535: receive RaftClientReply:client-E0FA40453D59->0c156e3c-57cc-425b-90ef-9bcaa62a7535@group-7704A457760D, cid=2631, SUCCESS, logIndex=4495, commits[0c156e3c-57cc-425b-90ef-9bcaa62a7535:c4497]
2019-06-14 13:45:59,674 INFO  client.GrpcClientProtocolClient (GrpcClientProtocolClient.java:onNext(254)) - client-E0FA40453D59->0c156e3c-57cc-425b-90ef-9bcaa62a7535: receive RaftClientReply:client-E0FA40453D59->0c156e3c-57cc-425b-90ef-9bcaa62a7535@group-7704A457760D, cid=2632, SUCCESS, logIndex=4496, commits[0c156e3c-57cc-425b-90ef-9bcaa62a7535:c4497]
2019-06-14 13:45:59,683 INFO  client.GrpcClientProtocolClient (GrpcClientProtocolClient.java:onNext(254)) - client-E0FA40453D59->0c156e3c-57cc-425b-90ef-9bcaa62a7535: receive RaftClientReply:client-E0FA40453D59->0c156e3c-57cc-425b-90ef-9bcaa62a7535@group-7704A457760D, cid=2633, SUCCESS, logIndex=4498, commits[0c156e3c-57cc-425b-90ef-9bcaa62a7535:c4498]
2019-06-14 13:45:59,684 INFO  client.GrpcClientProtocolClient (GrpcClientProtocolClient.java:onNext(254)) - client-E0FA40453D59->0c156e3c-57cc-425b-90ef-9bcaa62a7535: receive RaftClientReply:client-E0FA40453D59->0c156e3c-57cc-425b-90ef-9bcaa62a7535@group-7704A457760D, cid=2634, SUCCESS, logIndex=4500, commits[0c156e3c-57cc-425b-90ef-9bcaa62a7535:c4500]
2019-06-14 13:45:59,686 INFO  client.GrpcClientProtocolClient (GrpcClientProtocolClient.java:onNext(254)) - client-E0FA40453D59->0c156e3c-57cc-425b-90ef-9bcaa62a7535: receive RaftClientReply:client-E0FA40453D59->0c156e3c-57cc-425b-90ef-9bcaa62a7535@group-7704A457760D, cid=2635, SUCCESS, logIndex=4501, commits[0c156e3c-57cc-425b-90ef-9bcaa62a7535:c4503]
2019-06-14 13:45:59,686 INFO  client.GrpcClientProtocolClient (GrpcClientProtocolClient.java:onNext(254)) - client-E0FA40453D59->0c156e3c-57cc-425b-90ef-9bcaa62a7535: receive RaftClientReply:client-E0FA40453D59->0c156e3c-57cc-425b-90ef-9bcaa62a7535@group-7704A457760D, cid=2636, SUCCESS, logIndex=4502, commits[0c156e3c-57cc-425b-90ef-9bcaa62a7535:c4503]
2019-06-14 13:45:59,691 INFO  client.GrpcClientProtocolClient (GrpcClientProtocolClient.java:onNext(254)) - client-E0FA40453D59->0c156e3c-57cc-425b-90ef-9bcaa62a7535: receive RaftClientReply:client-E0FA40453D59->0c156e3c-57cc-425b-90ef-9bcaa62a7535@group-7704A457760D, cid=2637, SUCCESS, logIndex=4504, commits[0c156e3c-57cc-425b-90ef-9bcaa62a7535:c4504]
2019-06-14 13:45:59,692 INFO  client.GrpcClientProtocolClient (GrpcClientProtocolClient.java:onNext(254)) - client-E0FA40453D59->0c156e3c-57cc-425b-90ef-9bcaa62a7535: receive RaftClientReply:client-E0FA40453D59->0c156e3c-57cc-425b-90ef-9bcaa62a7535@group-7704A457760D, cid=2638, SUCCESS, logIndex=4506, commits[0c156e3c-57cc-425b-90ef-9bcaa62a7535:c4506]
2019-06-14 13:45:59,694 INFO  client.GrpcClientProtocolClient (GrpcClientProtocolClient.java:onNext(254)) - client-E0FA40453D59->0c156e3c-57cc-425b-90ef-9bcaa62a7535: receive RaftClientReply:client-E0FA40453D59->0c156e3c-57cc-425b-90ef-9bcaa62a7535@group-7704A457760D, cid=2639, SUCCESS, logIndex=4508, commits[0c156e3c-57cc-425b-90ef-9bcaa62a7535:c4509]
2019-06-14 13:45:59,694 INFO  client.GrpcClientProtocolClient (GrpcClientProtocolClient.java:onNext(254)) - client-E0FA40453D59->0c156e3c-57cc-425b-90ef-9bcaa62a7535: receive RaftClientReply:client-E0FA40453D59->0c156e3c-57cc-425b-90ef-9bcaa62a7535@group-7704A457760D, cid=2640, SUCCESS, logIndex=4509, commits[0c156e3c-57cc-425b-90ef-9bcaa62a7535:c4509]
2019-06-14 13:45:59,705 INFO  client.GrpcClientProtocolClient (GrpcClientProtocolClient.java:onNext(254)) - client-E0FA40453D59->0c156e3c-57cc-425b-90ef-9bcaa62a7535: receive RaftClientReply:client-E0FA40453D59->0c156e3c-57cc-425b-90ef-9bcaa62a7535@group-7704A457760D, cid=2641, SUCCESS, logIndex=4511, commits[0c156e3c-57cc-425b-90ef-9bcaa62a7535:c4511]
2019-06-14 13:45:59,706 INFO  client.GrpcClientProtocolClient (GrpcClientProtocolClient.java:onNext(254)) - client-E0FA40453D59->0c156e3c-57cc-425b-90ef-9bcaa62a7535: receive RaftClientReply:client-E0FA40453D59->0c156e3c-57cc-425b-90ef-9bcaa62a7535@group-7704A457760D, cid=2642, SUCCESS, logIndex=4513, commits[0c156e3c-57cc-425b-90ef-9bcaa62a7535:c4513]
2019-06-14 13:45:59,707 INFO  client.GrpcClientProtocolClient (GrpcClientProtocolClient.java:onNext(254)) - client-E0FA40453D59->0c156e3c-57cc-425b-90ef-9bcaa62a7535: receive RaftClientReply:client-E0FA40453D59->0c156e3c-57cc-425b-90ef-9bcaa62a7535@group-7704A457760D, cid=2643, SUCCESS, logIndex=4514, commits[0c156e3c-57cc-425b-90ef-9bcaa62a7535:c4516]
2019-06-14 13:45:59,707 INFO  client.GrpcClientProtocolClient (GrpcClientProtocolClient.java:onNext(254)) - client-E0FA40453D59->0c156e3c-57cc-425b-90ef-9bcaa62a7535: receive RaftClientReply:client-E0FA40453D59->0c156e3c-57cc-425b-90ef-9bcaa62a7535@group-7704A457760D, cid=2644, SUCCESS, logIndex=4515, commits[0c156e3c-57cc-425b-90ef-9bcaa62a7535:c4516]
2019-06-14 13:45:59,712 INFO  client.GrpcClientProtocolClient (GrpcClientProtocolClient.java:onNext(254)) - client-E0FA40453D59->0c156e3c-57cc-425b-90ef-9bcaa62a7535: receive RaftClientReply:client-E0FA40453D59->0c156e3c-57cc-425b-90ef-9bcaa62a7535@group-7704A457760D, cid=2645, SUCCESS, logIndex=4517, commits[0c156e3c-57cc-425b-90ef-9bcaa62a7535:c4517]
2019-06-14 13:45:59,713 INFO  client.GrpcClientProtocolClient (GrpcClientProtocolClient.java:onNext(254)) - client-E0FA40453D59->0c156e3c-57cc-425b-90ef-9bcaa62a7535: receive RaftClientReply:client-E0FA40453D59->0c156e3c-57cc-425b-90ef-9bcaa62a7535@group-7704A457760D, cid=2646, SUCCESS, logIndex=4519, commits[0c156e3c-57cc-425b-90ef-9bcaa62a7535:c4519]
2019-06-14 13:45:59,714 INFO  client.GrpcClientProtocolClient (GrpcClientProtocolClient.java:onNext(254)) - client-E0FA40453D59->0c156e3c-57cc-425b-90ef-9bcaa62a7535: receive RaftClientReply:client-E0FA40453D59->0c156e3c-57cc-425b-90ef-9bcaa62a7535@group-7704A457760D, cid=2647, SUCCESS, logIndex=4520, commits[0c156e3c-57cc-425b-90ef-9bcaa62a7535:c4522]
2019-06-14 13:45:59,715 INFO  client.GrpcClientProtocolClient (GrpcClientProtocolClient.java:onNext(254)) - client-E0FA40453D59->0c156e3c-57cc-425b-90ef-9bcaa62a7535: receive RaftClientReply:client-E0FA40453D59->0c156e3c-57cc-425b-90ef-9bcaa62a7535@group-7704A457760D, cid=2648, SUCCESS, logIndex=4521, commits[0c156e3c-57cc-425b-90ef-9bcaa62a7535:c4522]
2019-06-14 13:45:59,724 INFO  client.GrpcClientProtocolClient (GrpcClientProtocolClient.java:onNext(254)) - client-E0FA40453D59->0c156e3c-57cc-425b-90ef-9bcaa62a7535: receive RaftClientReply:client-E0FA40453D59->0c156e3c-57cc-425b-90ef-9bcaa62a7535@group-7704A457760D, cid=2649, SUCCESS, logIndex=4523, commits[0c156e3c-57cc-425b-90ef-9bcaa62a7535:c4523]
2019-06-14 13:45:59,726 INFO  client.GrpcClientProtocolClient (GrpcClientProtocolClient.java:onNext(254)) - client-E0FA40453D59->0c156e3c-57cc-425b-90ef-9bcaa62a7535: receive RaftClientReply:client-E0FA40453D59->0c156e3c-57cc-425b-90ef-9bcaa62a7535@group-7704A457760D, cid=2650, SUCCESS, logIndex=4525, commits[0c156e3c-57cc-425b-90ef-9bcaa62a7535:c4525]
2019-06-14 13:45:59,726 INFO  client.GrpcClientProtocolClient (GrpcClientProtocolClient.java:onNext(254)) - client-E0FA40453D59->0c156e3c-57cc-425b-90ef-9bcaa62a7535: receive RaftClientReply:client-E0FA40453D59->0c156e3c-57cc-425b-90ef-9bcaa62a7535@group-7704A457760D, cid=2651, SUCCESS, logIndex=4526, commits[0c156e3c-57cc-425b-90ef-9bcaa62a7535:c4526]
2019-06-14 13:45:59,727 INFO  client.GrpcClientProtocolClient (GrpcClientProtocolClient.java:onNext(254)) - client-E0FA40453D59->0c156e3c-57cc-425b-90ef-9bcaa62a7535: receive RaftClientReply:client-E0FA40453D59->0c156e3c-57cc-425b-90ef-9bcaa62a7535@group-7704A457760D, cid=2652, SUCCESS, logIndex=4528, commits[0c156e3c-57cc-425b-90ef-9bcaa62a7535:c4528]
2019-06-14 13:45:59,729 DEBUG block.SCMBlockDeletingService (SCMBlockDeletingService.java:call(138)) - Running DeletedBlockTransactionScanner
2019-06-14 13:45:59,729 DEBUG block.SCMBlockDeletingService (SCMBlockDeletingService.java:call(155)) - Scanned deleted blocks log and got 0 delTX to process.
2019-06-14 13:45:59,807 INFO  client.GrpcClientProtocolClient (GrpcClientProtocolClient.java:onNext(254)) - client-E0FA40453D59->0c156e3c-57cc-425b-90ef-9bcaa62a7535: receive RaftClientReply:client-E0FA40453D59->0c156e3c-57cc-425b-90ef-9bcaa62a7535@group-7704A457760D, cid=2653, SUCCESS, logIndex=4531, commits[0c156e3c-57cc-425b-90ef-9bcaa62a7535:c4531]
2019-06-14 13:45:59,808 INFO  client.GrpcClientProtocolClient (GrpcClientProtocolClient.java:onNext(254)) - client-E0FA40453D59->0c156e3c-57cc-425b-90ef-9bcaa62a7535: receive RaftClientReply:client-E0FA40453D59->0c156e3c-57cc-425b-90ef-9bcaa62a7535@group-7704A457760D, cid=2654, SUCCESS, logIndex=4533, commits[0c156e3c-57cc-425b-90ef-9bcaa62a7535:c4533]
2019-06-14 13:45:59,809 INFO  client.GrpcClientProtocolClient (GrpcClientProtocolClient.java:onNext(254)) - client-E0FA40453D59->0c156e3c-57cc-425b-90ef-9bcaa62a7535: receive RaftClientReply:client-E0FA40453D59->0c156e3c-57cc-425b-90ef-9bcaa62a7535@group-7704A457760D, cid=2655, SUCCESS, logIndex=4534, commits[0c156e3c-57cc-425b-90ef-9bcaa62a7535:c4536]
2019-06-14 13:45:59,809 INFO  client.GrpcClientProtocolClient (GrpcClientProtocolClient.java:onNext(254)) - client-E0FA40453D59->0c156e3c-57cc-425b-90ef-9bcaa62a7535: receive RaftClientReply:client-E0FA40453D59->0c156e3c-57cc-425b-90ef-9bcaa62a7535@group-7704A457760D, cid=2656, SUCCESS, logIndex=4535, commits[0c156e3c-57cc-425b-90ef-9bcaa62a7535:c4536]
2019-06-14 13:45:59,819 INFO  client.GrpcClientProtocolClient (GrpcClientProtocolClient.java:onNext(254)) - client-E0FA40453D59->0c156e3c-57cc-425b-90ef-9bcaa62a7535: receive RaftClientReply:client-E0FA40453D59->0c156e3c-57cc-425b-90ef-9bcaa62a7535@group-7704A457760D, cid=2657, SUCCESS, logIndex=4537, commits[0c156e3c-57cc-425b-90ef-9bcaa62a7535:c4537]
2019-06-14 13:45:59,819 INFO  storage.RaftLogWorker (RaftLogWorker.java:rollLogSegment(303)) - 0c156e3c-57cc-425b-90ef-9bcaa62a7535-RaftLogWorker: Rolling segment log-4471_4539 to index:4539
2019-06-14 13:45:59,820 INFO  storage.RaftLogWorker (RaftLogWorker.java:execute(433)) - 0c156e3c-57cc-425b-90ef-9bcaa62a7535-RaftLogWorker: Rolled log segment from /opt/src/hadoop-ozone/integration-test/target/test-dir/MiniOzoneClusterImpl-8919240e-7e15-4dbf-8bf4-c210578586bb/datanode-0/data/ratis/1fc53845-3381-4beb-82f9-7704a457760d/current/log_inprogress_4471 to /opt/src/hadoop-ozone/integration-test/target/test-dir/MiniOzoneClusterImpl-8919240e-7e15-4dbf-8bf4-c210578586bb/datanode-0/data/ratis/1fc53845-3381-4beb-82f9-7704a457760d/current/log_4471-4539
2019-06-14 13:45:59,876 DEBUG block.SCMBlockDeletingService (SCMBlockDeletingService.java:call(138)) - Running DeletedBlockTransactionScanner
2019-06-14 13:45:59,876 DEBUG block.SCMBlockDeletingService (SCMBlockDeletingService.java:call(155)) - Scanned deleted blocks log and got 0 delTX to process.
2019-06-14 13:45:59,877 INFO  client.GrpcClientProtocolClient (GrpcClientProtocolClient.java:onNext(254)) - client-E0FA40453D59->0c156e3c-57cc-425b-90ef-9bcaa62a7535: receive RaftClientReply:client-E0FA40453D59->0c156e3c-57cc-425b-90ef-9bcaa62a7535@group-7704A457760D, cid=2658, SUCCESS, logIndex=4539, commits[0c156e3c-57cc-425b-90ef-9bcaa62a7535:c4539]
2019-06-14 13:45:59,899 INFO  storage.RaftLogWorker (RaftLogWorker.java:execute(469)) - 0c156e3c-57cc-425b-90ef-9bcaa62a7535-RaftLogWorker: created new log segment /opt/src/hadoop-ozone/integration-test/target/test-dir/MiniOzoneClusterImpl-8919240e-7e15-4dbf-8bf4-c210578586bb/datanode-0/data/ratis/1fc53845-3381-4beb-82f9-7704a457760d/current/log_inprogress_4540
2019-06-14 13:45:59,901 INFO  client.GrpcClientProtocolClient (GrpcClientProtocolClient.java:onNext(254)) - client-E0FA40453D59->0c156e3c-57cc-425b-90ef-9bcaa62a7535: receive RaftClientReply:client-E0FA40453D59->0c156e3c-57cc-425b-90ef-9bcaa62a7535@group-7704A457760D, cid=2659, SUCCESS, logIndex=4540, commits[0c156e3c-57cc-425b-90ef-9bcaa62a7535:c4542]
2019-06-14 13:45:59,901 INFO  client.GrpcClientProtocolClient (GrpcClientProtocolClient.java:onNext(254)) - client-E0FA40453D59->0c156e3c-57cc-425b-90ef-9bcaa62a7535: receive RaftClientReply:client-E0FA40453D59->0c156e3c-57cc-425b-90ef-9bcaa62a7535@group-7704A457760D, cid=2660, SUCCESS, logIndex=4541, commits[0c156e3c-57cc-425b-90ef-9bcaa62a7535:c4542]
2019-06-14 13:45:59,907 INFO  client.GrpcClientProtocolClient (GrpcClientProtocolClient.java:onNext(254)) - client-E0FA40453D59->0c156e3c-57cc-425b-90ef-9bcaa62a7535: receive RaftClientReply:client-E0FA40453D59->0c156e3c-57cc-425b-90ef-9bcaa62a7535@group-7704A457760D, cid=2661, SUCCESS, logIndex=4543, commits[0c156e3c-57cc-425b-90ef-9bcaa62a7535:c4543]
2019-06-14 13:45:59,914 INFO  client.GrpcClientProtocolClient (GrpcClientProtocolClient.java:onNext(254)) - client-E0FA40453D59->0c156e3c-57cc-425b-90ef-9bcaa62a7535: receive RaftClientReply:client-E0FA40453D59->0c156e3c-57cc-425b-90ef-9bcaa62a7535@group-7704A457760D, cid=2662, SUCCESS, logIndex=4545, commits[0c156e3c-57cc-425b-90ef-9bcaa62a7535:c4545]
2019-06-14 13:45:59,914 INFO  client.GrpcClientProtocolClient (GrpcClientProtocolClient.java:onNext(254)) - client-E0FA40453D59->0c156e3c-57cc-425b-90ef-9bcaa62a7535: receive RaftClientReply:client-E0FA40453D59->0c156e3c-57cc-425b-90ef-9bcaa62a7535@group-7704A457760D, cid=2663, SUCCESS, logIndex=4547, commits[0c156e3c-57cc-425b-90ef-9bcaa62a7535:c4548]
2019-06-14 13:45:59,914 INFO  client.GrpcClientProtocolClient (GrpcClientProtocolClient.java:onNext(254)) - client-E0FA40453D59->0c156e3c-57cc-425b-90ef-9bcaa62a7535: receive RaftClientReply:client-E0FA40453D59->0c156e3c-57cc-425b-90ef-9bcaa62a7535@group-7704A457760D, cid=2664, SUCCESS, logIndex=4548, commits[0c156e3c-57cc-425b-90ef-9bcaa62a7535:c4548]
2019-06-14 13:45:59,932 INFO  client.GrpcClientProtocolClient (GrpcClientProtocolClient.java:onNext(254)) - client-E0FA40453D59->0c156e3c-57cc-425b-90ef-9bcaa62a7535: receive RaftClientReply:client-E0FA40453D59->0c156e3c-57cc-425b-90ef-9bcaa62a7535@group-7704A457760D, cid=2665, SUCCESS, logIndex=4550, commits[0c156e3c-57cc-425b-90ef-9bcaa62a7535:c4550]
2019-06-14 13:45:59,935 INFO  client.GrpcClientProtocolClient (GrpcClientProtocolClient.java:onNext(254)) - client-E0FA40453D59->0c156e3c-57cc-425b-90ef-9bcaa62a7535: receive RaftClientReply:client-E0FA40453D59->0c156e3c-57cc-425b-90ef-9bcaa62a7535@group-7704A457760D, cid=2666, SUCCESS, logIndex=4552, commits[0c156e3c-57cc-425b-90ef-9bcaa62a7535:c4554]
2019-06-14 13:45:59,944 INFO  client.GrpcClientProtocolClient (GrpcClientProtocolClient.java:onNext(254)) - client-E0FA40453D59->0c156e3c-57cc-425b-90ef-9bcaa62a7535: receive RaftClientReply:client-E0FA40453D59->0c156e3c-57cc-425b-90ef-9bcaa62a7535@group-7704A457760D, cid=2667, SUCCESS, logIndex=4553, commits[0c156e3c-57cc-425b-90ef-9bcaa62a7535:c4554]
2019-06-14 13:45:59,946 INFO  client.GrpcClientProtocolClient (GrpcClientProtocolClient.java:onNext(254)) - client-E0FA40453D59->0c156e3c-57cc-425b-90ef-9bcaa62a7535: receive RaftClientReply:client-E0FA40453D59->0c156e3c-57cc-425b-90ef-9bcaa62a7535@group-7704A457760D, cid=2668, SUCCESS, logIndex=4554, commits[0c156e3c-57cc-425b-90ef-9bcaa62a7535:c4555]
2019-06-14 13:45:59,954 INFO  client.GrpcClientProtocolClient (GrpcClientProtocolClient.java:onNext(254)) - client-E0FA40453D59->0c156e3c-57cc-425b-90ef-9bcaa62a7535: receive RaftClientReply:client-E0FA40453D59->0c156e3c-57cc-425b-90ef-9bcaa62a7535@group-7704A457760D, cid=2669, SUCCESS, logIndex=4556, commits[0c156e3c-57cc-425b-90ef-9bcaa62a7535:c4556]
2019-06-14 13:45:59,956 INFO  client.GrpcClientProtocolClient (GrpcClientProtocolClient.java:onNext(254)) - client-E0FA40453D59->0c156e3c-57cc-425b-90ef-9bcaa62a7535: receive RaftClientReply:client-E0FA40453D59->0c156e3c-57cc-425b-90ef-9bcaa62a7535@group-7704A457760D, cid=2670, SUCCESS, logIndex=4558, commits[0c156e3c-57cc-425b-90ef-9bcaa62a7535:c4558]
2019-06-14 13:45:59,957 INFO  client.GrpcClientProtocolClient (GrpcClientProtocolClient.java:onNext(254)) - client-E0FA40453D59->0c156e3c-57cc-425b-90ef-9bcaa62a7535: receive RaftClientReply:client-E0FA40453D59->0c156e3c-57cc-425b-90ef-9bcaa62a7535@group-7704A457760D, cid=2671, SUCCESS, logIndex=4559, commits[0c156e3c-57cc-425b-90ef-9bcaa62a7535:c4560]
2019-06-14 13:45:59,958 INFO  client.GrpcClientProtocolClient (GrpcClientProtocolClient.java:onNext(254)) - client-E0FA40453D59->0c156e3c-57cc-425b-90ef-9bcaa62a7535: receive RaftClientReply:client-E0FA40453D59->0c156e3c-57cc-425b-90ef-9bcaa62a7535@group-7704A457760D, cid=2672, SUCCESS, logIndex=4560, commits[0c156e3c-57cc-425b-90ef-9bcaa62a7535:c4561]
2019-06-14 13:45:59,977 DEBUG block.SCMBlockDeletingService (SCMBlockDeletingService.java:call(138)) - Running DeletedBlockTransactionScanner
2019-06-14 13:45:59,977 DEBUG block.SCMBlockDeletingService (SCMBlockDeletingService.java:call(155)) - Scanned deleted blocks log and got 0 delTX to process.
2019-06-14 13:45:59,979 INFO  client.GrpcClientProtocolClient (GrpcClientProtocolClient.java:onNext(254)) - client-E0FA40453D59->0c156e3c-57cc-425b-90ef-9bcaa62a7535: receive RaftClientReply:client-E0FA40453D59->0c156e3c-57cc-425b-90ef-9bcaa62a7535@group-7704A457760D, cid=2673, SUCCESS, logIndex=4563, commits[0c156e3c-57cc-425b-90ef-9bcaa62a7535:c4563]
2019-06-14 13:45:59,982 INFO  client.GrpcClientProtocolClient (GrpcClientProtocolClient.java:onNext(254)) - client-E0FA40453D59->0c156e3c-57cc-425b-90ef-9bcaa62a7535: receive RaftClientReply:client-E0FA40453D59->0c156e3c-57cc-425b-90ef-9bcaa62a7535@group-7704A457760D, cid=2674, SUCCESS, logIndex=4565, commits[0c156e3c-57cc-425b-90ef-9bcaa62a7535:c4568]
2019-06-14 13:45:59,987 INFO  client.GrpcClientProtocolClient (GrpcClientProtocolClient.java:onNext(254)) - client-E0FA40453D59->0c156e3c-57cc-425b-90ef-9bcaa62a7535: receive RaftClientReply:client-E0FA40453D59->0c156e3c-57cc-425b-90ef-9bcaa62a7535@group-7704A457760D, cid=2675, SUCCESS, logIndex=4566, commits[0c156e3c-57cc-425b-90ef-9bcaa62a7535:c4568]
2019-06-14 13:45:59,987 INFO  client.GrpcClientProtocolClient (GrpcClientProtocolClient.java:onNext(254)) - client-E0FA40453D59->0c156e3c-57cc-425b-90ef-9bcaa62a7535: receive RaftClientReply:client-E0FA40453D59->0c156e3c-57cc-425b-90ef-9bcaa62a7535@group-7704A457760D, cid=2676, SUCCESS, logIndex=4567, commits[0c156e3c-57cc-425b-90ef-9bcaa62a7535:c4568]
2019-06-14 13:46:00,003 INFO  client.GrpcClientProtocolClient (GrpcClientProtocolClient.java:onNext(254)) - client-E0FA40453D59->0c156e3c-57cc-425b-90ef-9bcaa62a7535: receive RaftClientReply:client-E0FA40453D59->0c156e3c-57cc-425b-90ef-9bcaa62a7535@group-7704A457760D, cid=2677, SUCCESS, logIndex=4569, commits[0c156e3c-57cc-425b-90ef-9bcaa62a7535:c4569]
2019-06-14 13:46:00,003 INFO  client.GrpcClientProtocolClient (GrpcClientProtocolClient.java:onNext(254)) - client-E0FA40453D59->0c156e3c-57cc-425b-90ef-9bcaa62a7535: receive RaftClientReply:client-E0FA40453D59->0c156e3c-57cc-425b-90ef-9bcaa62a7535@group-7704A457760D, cid=2678, SUCCESS, logIndex=4571, commits[0c156e3c-57cc-425b-90ef-9bcaa62a7535:c4571]
2019-06-14 13:46:00,004 INFO  client.GrpcClientProtocolClient (GrpcClientProtocolClient.java:onNext(254)) - client-E0FA40453D59->0c156e3c-57cc-425b-90ef-9bcaa62a7535: receive RaftClientReply:client-E0FA40453D59->0c156e3c-57cc-425b-90ef-9bcaa62a7535@group-7704A457760D, cid=2679, SUCCESS, logIndex=4572, commits[0c156e3c-57cc-425b-90ef-9bcaa62a7535:c4574]
2019-06-14 13:46:00,007 INFO  client.GrpcClientProtocolClient (GrpcClientProtocolClient.java:onNext(254)) - client-E0FA40453D59->0c156e3c-57cc-425b-90ef-9bcaa62a7535: receive RaftClientReply:client-E0FA40453D59->0c156e3c-57cc-425b-90ef-9bcaa62a7535@group-7704A457760D, cid=2680, SUCCESS, logIndex=4573, commits[0c156e3c-57cc-425b-90ef-9bcaa62a7535:c4574]
2019-06-14 13:46:00,020 INFO  client.GrpcClientProtocolClient (GrpcClientProtocolClient.java:onNext(254)) - client-E0FA40453D59->0c156e3c-57cc-425b-90ef-9bcaa62a7535: receive RaftClientReply:client-E0FA40453D59->0c156e3c-57cc-425b-90ef-9bcaa62a7535@group-7704A457760D, cid=2681, SUCCESS, logIndex=4575, commits[0c156e3c-57cc-425b-90ef-9bcaa62a7535:c4575]
2019-06-14 13:46:00,023 INFO  client.GrpcClientProtocolClient (GrpcClientProtocolClient.java:onNext(254)) - client-E0FA40453D59->0c156e3c-57cc-425b-90ef-9bcaa62a7535: receive RaftClientReply:client-E0FA40453D59->0c156e3c-57cc-425b-90ef-9bcaa62a7535@group-7704A457760D, cid=2682, SUCCESS, logIndex=4577, commits[0c156e3c-57cc-425b-90ef-9bcaa62a7535:c4579]
2019-06-14 13:46:00,024 INFO  client.GrpcClientProtocolClient (GrpcClientProtocolClient.java:onNext(254)) - client-E0FA40453D59->0c156e3c-57cc-425b-90ef-9bcaa62a7535: receive RaftClientReply:client-E0FA40453D59->0c156e3c-57cc-425b-90ef-9bcaa62a7535@group-7704A457760D, cid=2683, SUCCESS, logIndex=4578, commits[0c156e3c-57cc-425b-90ef-9bcaa62a7535:c4579]
2019-06-14 13:46:00,024 INFO  client.GrpcClientProtocolClient (GrpcClientProtocolClient.java:onNext(254)) - client-E0FA40453D59->0c156e3c-57cc-425b-90ef-9bcaa62a7535: receive RaftClientReply:client-E0FA40453D59->0c156e3c-57cc-425b-90ef-9bcaa62a7535@group-7704A457760D, cid=2684, SUCCESS, logIndex=4579, commits[0c156e3c-57cc-425b-90ef-9bcaa62a7535:c4579]
2019-06-14 13:46:00,037 INFO  client.GrpcClientProtocolClient (GrpcClientProtocolClient.java:onNext(254)) - client-E0FA40453D59->0c156e3c-57cc-425b-90ef-9bcaa62a7535: receive RaftClientReply:client-E0FA40453D59->0c156e3c-57cc-425b-90ef-9bcaa62a7535@group-7704A457760D, cid=2685, SUCCESS, logIndex=4581, commits[0c156e3c-57cc-425b-90ef-9bcaa62a7535:c4581]
2019-06-14 13:46:00,054 INFO  client.GrpcClientProtocolClient (GrpcClientProtocolClient.java:onNext(254)) - client-E0FA40453D59->0c156e3c-57cc-425b-90ef-9bcaa62a7535: receive RaftClientReply:client-E0FA40453D59->0c156e3c-57cc-425b-90ef-9bcaa62a7535@group-7704A457760D, cid=2686, SUCCESS, logIndex=4583, commits[0c156e3c-57cc-425b-90ef-9bcaa62a7535:c4585]
2019-06-14 13:46:00,054 INFO  client.GrpcClientProtocolClient (GrpcClientProtocolClient.java:onNext(254)) - client-E0FA40453D59->0c156e3c-57cc-425b-90ef-9bcaa62a7535: receive RaftClientReply:client-E0FA40453D59->0c156e3c-57cc-425b-90ef-9bcaa62a7535@group-7704A457760D, cid=2687, SUCCESS, logIndex=4584, commits[0c156e3c-57cc-425b-90ef-9bcaa62a7535:c4585]
2019-06-14 13:46:00,054 INFO  client.GrpcClientProtocolClient (GrpcClientProtocolClient.java:onNext(254)) - client-E0FA40453D59->0c156e3c-57cc-425b-90ef-9bcaa62a7535: receive RaftClientReply:client-E0FA40453D59->0c156e3c-57cc-425b-90ef-9bcaa62a7535@group-7704A457760D, cid=2688, SUCCESS, logIndex=4585, commits[0c156e3c-57cc-425b-90ef-9bcaa62a7535:c4585]
2019-06-14 13:46:00,077 DEBUG block.SCMBlockDeletingService (SCMBlockDeletingService.java:call(138)) - Running DeletedBlockTransactionScanner
2019-06-14 13:46:00,077 DEBUG block.SCMBlockDeletingService (SCMBlockDeletingService.java:call(155)) - Scanned deleted blocks log and got 0 delTX to process.
2019-06-14 13:46:00,079 INFO  client.GrpcClientProtocolClient (GrpcClientProtocolClient.java:onNext(254)) - client-E0FA40453D59->0c156e3c-57cc-425b-90ef-9bcaa62a7535: receive RaftClientReply:client-E0FA40453D59->0c156e3c-57cc-425b-90ef-9bcaa62a7535@group-7704A457760D, cid=2689, SUCCESS, logIndex=4587, commits[0c156e3c-57cc-425b-90ef-9bcaa62a7535:c4587]
2019-06-14 13:46:00,086 INFO  client.GrpcClientProtocolClient (GrpcClientProtocolClient.java:onNext(254)) - client-E0FA40453D59->0c156e3c-57cc-425b-90ef-9bcaa62a7535: receive RaftClientReply:client-E0FA40453D59->0c156e3c-57cc-425b-90ef-9bcaa62a7535@group-7704A457760D, cid=2690, SUCCESS, logIndex=4589, commits[0c156e3c-57cc-425b-90ef-9bcaa62a7535:c4592]
2019-06-14 13:46:00,086 INFO  client.GrpcClientProtocolClient (GrpcClientProtocolClient.java:onNext(254)) - client-E0FA40453D59->0c156e3c-57cc-425b-90ef-9bcaa62a7535: receive RaftClientReply:client-E0FA40453D59->0c156e3c-57cc-425b-90ef-9bcaa62a7535@group-7704A457760D, cid=2691, SUCCESS, logIndex=4590, commits[0c156e3c-57cc-425b-90ef-9bcaa62a7535:c4592]
2019-06-14 13:46:00,087 INFO  client.GrpcClientProtocolClient (GrpcClientProtocolClient.java:onNext(254)) - client-E0FA40453D59->0c156e3c-57cc-425b-90ef-9bcaa62a7535: receive RaftClientReply:client-E0FA40453D59->0c156e3c-57cc-425b-90ef-9bcaa62a7535@group-7704A457760D, cid=2692, SUCCESS, logIndex=4592, commits[0c156e3c-57cc-425b-90ef-9bcaa62a7535:c4592]
2019-06-14 13:46:00,098 INFO  client.GrpcClientProtocolClient (GrpcClientProtocolClient.java:onNext(254)) - client-E0FA40453D59->0c156e3c-57cc-425b-90ef-9bcaa62a7535: receive RaftClientReply:client-E0FA40453D59->0c156e3c-57cc-425b-90ef-9bcaa62a7535@group-7704A457760D, cid=2693, SUCCESS, logIndex=4594, commits[0c156e3c-57cc-425b-90ef-9bcaa62a7535:c4594]
2019-06-14 13:46:00,101 INFO  client.GrpcClientProtocolClient (GrpcClientProtocolClient.java:onNext(254)) - client-E0FA40453D59->0c156e3c-57cc-425b-90ef-9bcaa62a7535: receive RaftClientReply:client-E0FA40453D59->0c156e3c-57cc-425b-90ef-9bcaa62a7535@group-7704A457760D, cid=2694, SUCCESS, logIndex=4596, commits[0c156e3c-57cc-425b-90ef-9bcaa62a7535:c4596]
2019-06-14 13:46:00,101 INFO  client.GrpcClientProtocolClient (GrpcClientProtocolClient.java:onNext(254)) - client-E0FA40453D59->0c156e3c-57cc-425b-90ef-9bcaa62a7535: receive RaftClientReply:client-E0FA40453D59->0c156e3c-57cc-425b-90ef-9bcaa62a7535@group-7704A457760D, cid=2695, SUCCESS, logIndex=4597, commits[0c156e3c-57cc-425b-90ef-9bcaa62a7535:c4597]
2019-06-14 13:46:00,102 INFO  client.GrpcClientProtocolClient (GrpcClientProtocolClient.java:onNext(254)) - client-E0FA40453D59->0c156e3c-57cc-425b-90ef-9bcaa62a7535: receive RaftClientReply:client-E0FA40453D59->0c156e3c-57cc-425b-90ef-9bcaa62a7535@group-7704A457760D, cid=2696, SUCCESS, logIndex=4599, commits[0c156e3c-57cc-425b-90ef-9bcaa62a7535:c4599]
2019-06-14 13:46:00,179 DEBUG block.SCMBlockDeletingService (SCMBlockDeletingService.java:call(138)) - Running DeletedBlockTransactionScanner
2019-06-14 13:46:00,180 DEBUG block.SCMBlockDeletingService (SCMBlockDeletingService.java:call(155)) - Scanned deleted blocks log and got 0 delTX to process.
2019-06-14 13:46:00,214 INFO  client.GrpcClientProtocolClient (GrpcClientProtocolClient.java:onNext(254)) - client-E0FA40453D59->0c156e3c-57cc-425b-90ef-9bcaa62a7535: receive RaftClientReply:client-E0FA40453D59->0c156e3c-57cc-425b-90ef-9bcaa62a7535@group-7704A457760D, cid=2697, SUCCESS, logIndex=4602, commits[0c156e3c-57cc-425b-90ef-9bcaa62a7535:c4603]
2019-06-14 13:46:00,227 INFO  client.GrpcClientProtocolClient (GrpcClientProtocolClient.java:onNext(254)) - client-E0FA40453D59->0c156e3c-57cc-425b-90ef-9bcaa62a7535: receive RaftClientReply:client-E0FA40453D59->0c156e3c-57cc-425b-90ef-9bcaa62a7535@group-7704A457760D, cid=2698, SUCCESS, logIndex=4604, commits[0c156e3c-57cc-425b-90ef-9bcaa62a7535:c4607]
2019-06-14 13:46:00,240 INFO  client.GrpcClientProtocolClient (GrpcClientProtocolClient.java:onNext(254)) - client-E0FA40453D59->0c156e3c-57cc-425b-90ef-9bcaa62a7535: receive RaftClientReply:client-E0FA40453D59->0c156e3c-57cc-425b-90ef-9bcaa62a7535@group-7704A457760D, cid=2699, SUCCESS, logIndex=4605, commits[0c156e3c-57cc-425b-90ef-9bcaa62a7535:c4607]
2019-06-14 13:46:00,240 INFO  client.GrpcClientProtocolClient (GrpcClientProtocolClient.java:onNext(254)) - client-E0FA40453D59->0c156e3c-57cc-425b-90ef-9bcaa62a7535: receive RaftClientReply:client-E0FA40453D59->0c156e3c-57cc-425b-90ef-9bcaa62a7535@group-7704A457760D, cid=2700, SUCCESS, logIndex=4607, commits[0c156e3c-57cc-425b-90ef-9bcaa62a7535:c4607]
2019-06-14 13:46:00,251 INFO  client.GrpcClientProtocolClient (GrpcClientProtocolClient.java:onNext(254)) - client-E0FA40453D59->0c156e3c-57cc-425b-90ef-9bcaa62a7535: receive RaftClientReply:client-E0FA40453D59->0c156e3c-57cc-425b-90ef-9bcaa62a7535@group-7704A457760D, cid=2701, SUCCESS, logIndex=4609, commits[0c156e3c-57cc-425b-90ef-9bcaa62a7535:c4610]
2019-06-14 13:46:00,251 INFO  storage.RaftLogWorker (RaftLogWorker.java:rollLogSegment(303)) - 0c156e3c-57cc-425b-90ef-9bcaa62a7535-RaftLogWorker: Rolling segment log-4540_4610 to index:4610
2019-06-14 13:46:00,254 INFO  storage.RaftLogWorker (RaftLogWorker.java:execute(433)) - 0c156e3c-57cc-425b-90ef-9bcaa62a7535-RaftLogWorker: Rolled log segment from /opt/src/hadoop-ozone/integration-test/target/test-dir/MiniOzoneClusterImpl-8919240e-7e15-4dbf-8bf4-c210578586bb/datanode-0/data/ratis/1fc53845-3381-4beb-82f9-7704a457760d/current/log_inprogress_4540 to /opt/src/hadoop-ozone/integration-test/target/test-dir/MiniOzoneClusterImpl-8919240e-7e15-4dbf-8bf4-c210578586bb/datanode-0/data/ratis/1fc53845-3381-4beb-82f9-7704a457760d/current/log_4540-4610
2019-06-14 13:46:00,280 DEBUG block.SCMBlockDeletingService (SCMBlockDeletingService.java:call(138)) - Running DeletedBlockTransactionScanner
2019-06-14 13:46:00,280 DEBUG block.SCMBlockDeletingService (SCMBlockDeletingService.java:call(155)) - Scanned deleted blocks log and got 0 delTX to process.
2019-06-14 13:46:00,330 INFO  storage.RaftLogWorker (RaftLogWorker.java:execute(469)) - 0c156e3c-57cc-425b-90ef-9bcaa62a7535-RaftLogWorker: created new log segment /opt/src/hadoop-ozone/integration-test/target/test-dir/MiniOzoneClusterImpl-8919240e-7e15-4dbf-8bf4-c210578586bb/datanode-0/data/ratis/1fc53845-3381-4beb-82f9-7704a457760d/current/log_inprogress_4611
2019-06-14 13:46:00,345 INFO  client.GrpcClientProtocolClient (GrpcClientProtocolClient.java:onNext(254)) - client-E0FA40453D59->0c156e3c-57cc-425b-90ef-9bcaa62a7535: receive RaftClientReply:client-E0FA40453D59->0c156e3c-57cc-425b-90ef-9bcaa62a7535@group-7704A457760D, cid=2702, SUCCESS, logIndex=4611, commits[0c156e3c-57cc-425b-90ef-9bcaa62a7535:c4614]
2019-06-14 13:46:00,349 INFO  client.GrpcClientProtocolClient (GrpcClientProtocolClient.java:onNext(254)) - client-E0FA40453D59->0c156e3c-57cc-425b-90ef-9bcaa62a7535: receive RaftClientReply:client-E0FA40453D59->0c156e3c-57cc-425b-90ef-9bcaa62a7535@group-7704A457760D, cid=2703, SUCCESS, logIndex=4612, commits[0c156e3c-57cc-425b-90ef-9bcaa62a7535:c4614]
2019-06-14 13:46:00,349 INFO  client.GrpcClientProtocolClient (GrpcClientProtocolClient.java:onNext(254)) - client-E0FA40453D59->0c156e3c-57cc-425b-90ef-9bcaa62a7535: receive RaftClientReply:client-E0FA40453D59->0c156e3c-57cc-425b-90ef-9bcaa62a7535@group-7704A457760D, cid=2704, SUCCESS, logIndex=4613, commits[0c156e3c-57cc-425b-90ef-9bcaa62a7535:c4614]
2019-06-14 13:46:00,374 INFO  client.GrpcClientProtocolClient (GrpcClientProtocolClient.java:onNext(254)) - client-E0FA40453D59->0c156e3c-57cc-425b-90ef-9bcaa62a7535: receive RaftClientReply:client-E0FA40453D59->0c156e3c-57cc-425b-90ef-9bcaa62a7535@group-7704A457760D, cid=2705, SUCCESS, logIndex=4615, commits[0c156e3c-57cc-425b-90ef-9bcaa62a7535:c4616]
2019-06-14 13:46:00,381 DEBUG block.SCMBlockDeletingService (SCMBlockDeletingService.java:call(138)) - Running DeletedBlockTransactionScanner
2019-06-14 13:46:00,381 DEBUG block.SCMBlockDeletingService (SCMBlockDeletingService.java:call(155)) - Scanned deleted blocks log and got 0 delTX to process.
2019-06-14 13:46:00,388 INFO  client.GrpcClientProtocolClient (GrpcClientProtocolClient.java:onNext(254)) - client-E0FA40453D59->0c156e3c-57cc-425b-90ef-9bcaa62a7535: receive RaftClientReply:client-E0FA40453D59->0c156e3c-57cc-425b-90ef-9bcaa62a7535@group-7704A457760D, cid=2706, SUCCESS, logIndex=4617, commits[0c156e3c-57cc-425b-90ef-9bcaa62a7535:c4617]
2019-06-14 13:46:00,388 INFO  client.GrpcClientProtocolClient (GrpcClientProtocolClient.java:onNext(254)) - client-E0FA40453D59->0c156e3c-57cc-425b-90ef-9bcaa62a7535: receive RaftClientReply:client-E0FA40453D59->0c156e3c-57cc-425b-90ef-9bcaa62a7535@group-7704A457760D, cid=2707, SUCCESS, logIndex=4618, commits[0c156e3c-57cc-425b-90ef-9bcaa62a7535:c4620]
2019-06-14 13:46:00,389 INFO  client.GrpcClientProtocolClient (GrpcClientProtocolClient.java:onNext(254)) - client-E0FA40453D59->0c156e3c-57cc-425b-90ef-9bcaa62a7535: receive RaftClientReply:client-E0FA40453D59->0c156e3c-57cc-425b-90ef-9bcaa62a7535@group-7704A457760D, cid=2708, SUCCESS, logIndex=4620, commits[0c156e3c-57cc-425b-90ef-9bcaa62a7535:c4620]
2019-06-14 13:46:00,396 INFO  client.GrpcClientProtocolClient (GrpcClientProtocolClient.java:onNext(254)) - client-E0FA40453D59->0c156e3c-57cc-425b-90ef-9bcaa62a7535: receive RaftClientReply:client-E0FA40453D59->0c156e3c-57cc-425b-90ef-9bcaa62a7535@group-7704A457760D, cid=2709, SUCCESS, logIndex=4622, commits[0c156e3c-57cc-425b-90ef-9bcaa62a7535:c4622]
2019-06-14 13:46:00,399 INFO  client.GrpcClientProtocolClient (GrpcClientProtocolClient.java:onNext(254)) - client-E0FA40453D59->0c156e3c-57cc-425b-90ef-9bcaa62a7535: receive RaftClientReply:client-E0FA40453D59->0c156e3c-57cc-425b-90ef-9bcaa62a7535@group-7704A457760D, cid=2710, SUCCESS, logIndex=4624, commits[0c156e3c-57cc-425b-90ef-9bcaa62a7535:c4624]
2019-06-14 13:46:00,399 INFO  client.GrpcClientProtocolClient (GrpcClientProtocolClient.java:onNext(254)) - client-E0FA40453D59->0c156e3c-57cc-425b-90ef-9bcaa62a7535: receive RaftClientReply:client-E0FA40453D59->0c156e3c-57cc-425b-90ef-9bcaa62a7535@group-7704A457760D, cid=2711, SUCCESS, logIndex=4625, commits[0c156e3c-57cc-425b-90ef-9bcaa62a7535:c4626]
2019-06-14 13:46:00,400 INFO  client.GrpcClientProtocolClient (GrpcClientProtocolClient.java:onNext(254)) - client-E0FA40453D59->0c156e3c-57cc-425b-90ef-9bcaa62a7535: receive RaftClientReply:client-E0FA40453D59->0c156e3c-57cc-425b-90ef-9bcaa62a7535@group-7704A457760D, cid=2712, SUCCESS, logIndex=4626, commits[0c156e3c-57cc-425b-90ef-9bcaa62a7535:c4626]
2019-06-14 13:46:00,430 INFO  client.GrpcClientProtocolClient (GrpcClientProtocolClient.java:onNext(254)) - client-E0FA40453D59->0c156e3c-57cc-425b-90ef-9bcaa62a7535: receive RaftClientReply:client-E0FA40453D59->0c156e3c-57cc-425b-90ef-9bcaa62a7535@group-7704A457760D, cid=2713, SUCCESS, logIndex=4629, commits[0c156e3c-57cc-425b-90ef-9bcaa62a7535:c4630]
2019-06-14 13:46:00,444 INFO  client.GrpcClientProtocolClient (GrpcClientProtocolClient.java:onNext(254)) - client-E0FA40453D59->0c156e3c-57cc-425b-90ef-9bcaa62a7535: receive RaftClientReply:client-E0FA40453D59->0c156e3c-57cc-425b-90ef-9bcaa62a7535@group-7704A457760D, cid=2714, SUCCESS, logIndex=4631, commits[0c156e3c-57cc-425b-90ef-9bcaa62a7535:c4634]
2019-06-14 13:46:00,444 INFO  client.GrpcClientProtocolClient (GrpcClientProtocolClient.java:onNext(254)) - client-E0FA40453D59->0c156e3c-57cc-425b-90ef-9bcaa62a7535: receive RaftClientReply:client-E0FA40453D59->0c156e3c-57cc-425b-90ef-9bcaa62a7535@group-7704A457760D, cid=2715, SUCCESS, logIndex=4632, commits[0c156e3c-57cc-425b-90ef-9bcaa62a7535:c4634]
2019-06-14 13:46:00,447 INFO  client.GrpcClientProtocolClient (GrpcClientProtocolClient.java:onNext(254)) - client-E0FA40453D59->0c156e3c-57cc-425b-90ef-9bcaa62a7535: receive RaftClientReply:client-E0FA40453D59->0c156e3c-57cc-425b-90ef-9bcaa62a7535@group-7704A457760D, cid=2716, SUCCESS, logIndex=4633, commits[0c156e3c-57cc-425b-90ef-9bcaa62a7535:c4634]
2019-06-14 13:46:00,481 DEBUG block.SCMBlockDeletingService (SCMBlockDeletingService.java:call(138)) - Running DeletedBlockTransactionScanner
2019-06-14 13:46:00,481 DEBUG block.SCMBlockDeletingService (SCMBlockDeletingService.java:call(155)) - Scanned deleted blocks log and got 0 delTX to process.
2019-06-14 13:46:00,483 INFO  client.GrpcClientProtocolClient (GrpcClientProtocolClient.java:onNext(254)) - client-E0FA40453D59->0c156e3c-57cc-425b-90ef-9bcaa62a7535: receive RaftClientReply:client-E0FA40453D59->0c156e3c-57cc-425b-90ef-9bcaa62a7535@group-7704A457760D, cid=2717, SUCCESS, logIndex=4635, commits[0c156e3c-57cc-425b-90ef-9bcaa62a7535:c4636]
2019-06-14 13:46:00,485 INFO  client.GrpcClientProtocolClient (GrpcClientProtocolClient.java:onNext(254)) - client-E0FA40453D59->0c156e3c-57cc-425b-90ef-9bcaa62a7535: receive RaftClientReply:client-E0FA40453D59->0c156e3c-57cc-425b-90ef-9bcaa62a7535@group-7704A457760D, cid=2718, SUCCESS, logIndex=4637, commits[0c156e3c-57cc-425b-90ef-9bcaa62a7535:c4637]
2019-06-14 13:46:00,494 INFO  client.GrpcClientProtocolClient (GrpcClientProtocolClient.java:onNext(254)) - client-E0FA40453D59->0c156e3c-57cc-425b-90ef-9bcaa62a7535: receive RaftClientReply:client-E0FA40453D59->0c156e3c-57cc-425b-90ef-9bcaa62a7535@group-7704A457760D, cid=2719, SUCCESS, logIndex=4638, commits[0c156e3c-57cc-425b-90ef-9bcaa62a7535:c4640]
2019-06-14 13:46:00,494 INFO  client.GrpcClientProtocolClient (GrpcClientProtocolClient.java:onNext(254)) - client-E0FA40453D59->0c156e3c-57cc-425b-90ef-9bcaa62a7535: receive RaftClientReply:client-E0FA40453D59->0c156e3c-57cc-425b-90ef-9bcaa62a7535@group-7704A457760D, cid=2720, SUCCESS, logIndex=4639, commits[0c156e3c-57cc-425b-90ef-9bcaa62a7535:c4640]
2019-06-14 13:46:00,513 INFO  client.GrpcClientProtocolClient (GrpcClientProtocolClient.java:onNext(254)) - client-E0FA40453D59->0c156e3c-57cc-425b-90ef-9bcaa62a7535: receive RaftClientReply:client-E0FA40453D59->0c156e3c-57cc-425b-90ef-9bcaa62a7535@group-7704A457760D, cid=2721, SUCCESS, logIndex=4641, commits[0c156e3c-57cc-425b-90ef-9bcaa62a7535:c4641]
2019-06-14 13:46:00,516 INFO  client.GrpcClientProtocolClient (GrpcClientProtocolClient.java:onNext(254)) - client-E0FA40453D59->0c156e3c-57cc-425b-90ef-9bcaa62a7535: receive RaftClientReply:client-E0FA40453D59->0c156e3c-57cc-425b-90ef-9bcaa62a7535@group-7704A457760D, cid=2722, SUCCESS, logIndex=4643, commits[0c156e3c-57cc-425b-90ef-9bcaa62a7535:c4643]
2019-06-14 13:46:00,517 INFO  client.GrpcClientProtocolClient (GrpcClientProtocolClient.java:onNext(254)) - client-E0FA40453D59->0c156e3c-57cc-425b-90ef-9bcaa62a7535: receive RaftClientReply:client-E0FA40453D59->0c156e3c-57cc-425b-90ef-9bcaa62a7535@group-7704A457760D, cid=2723, SUCCESS, logIndex=4644, commits[0c156e3c-57cc-425b-90ef-9bcaa62a7535:c4644]
2019-06-14 13:46:00,517 INFO  client.GrpcClientProtocolClient (GrpcClientProtocolClient.java:onNext(254)) - client-E0FA40453D59->0c156e3c-57cc-425b-90ef-9bcaa62a7535: receive RaftClientReply:client-E0FA40453D59->0c156e3c-57cc-425b-90ef-9bcaa62a7535@group-7704A457760D, cid=2724, SUCCESS, logIndex=4646, commits[0c156e3c-57cc-425b-90ef-9bcaa62a7535:c4646]
2019-06-14 13:46:00,525 INFO  client.GrpcClientProtocolClient (GrpcClientProtocolClient.java:onNext(254)) - client-E0FA40453D59->0c156e3c-57cc-425b-90ef-9bcaa62a7535: receive RaftClientReply:client-E0FA40453D59->0c156e3c-57cc-425b-90ef-9bcaa62a7535@group-7704A457760D, cid=2725, SUCCESS, logIndex=4649, commits[0c156e3c-57cc-425b-90ef-9bcaa62a7535:c4649]
2019-06-14 13:46:00,529 INFO  client.GrpcClientProtocolClient (GrpcClientProtocolClient.java:onNext(254)) - client-E0FA40453D59->0c156e3c-57cc-425b-90ef-9bcaa62a7535: receive RaftClientReply:client-E0FA40453D59->0c156e3c-57cc-425b-90ef-9bcaa62a7535@group-7704A457760D, cid=2726, SUCCESS, logIndex=4651, commits[0c156e3c-57cc-425b-90ef-9bcaa62a7535:c4651]
2019-06-14 13:46:00,533 INFO  client.GrpcClientProtocolClient (GrpcClientProtocolClient.java:onNext(254)) - client-E0FA40453D59->0c156e3c-57cc-425b-90ef-9bcaa62a7535: receive RaftClientReply:client-E0FA40453D59->0c156e3c-57cc-425b-90ef-9bcaa62a7535@group-7704A457760D, cid=2727, SUCCESS, logIndex=4652, commits[0c156e3c-57cc-425b-90ef-9bcaa62a7535:c4654]
2019-06-14 13:46:00,534 INFO  client.GrpcClientProtocolClient (GrpcClientProtocolClient.java:onNext(254)) - client-E0FA40453D59->0c156e3c-57cc-425b-90ef-9bcaa62a7535: receive RaftClientReply:client-E0FA40453D59->0c156e3c-57cc-425b-90ef-9bcaa62a7535@group-7704A457760D, cid=2728, SUCCESS, logIndex=4653, commits[0c156e3c-57cc-425b-90ef-9bcaa62a7535:c4654]
2019-06-14 13:46:00,552 INFO  client.GrpcClientProtocolClient (GrpcClientProtocolClient.java:onNext(254)) - client-E0FA40453D59->0c156e3c-57cc-425b-90ef-9bcaa62a7535: receive RaftClientReply:client-E0FA40453D59->0c156e3c-57cc-425b-90ef-9bcaa62a7535@group-7704A457760D, cid=2729, SUCCESS, logIndex=4655, commits[0c156e3c-57cc-425b-90ef-9bcaa62a7535:c4656]
2019-06-14 13:46:00,554 INFO  client.GrpcClientProtocolClient (GrpcClientProtocolClient.java:onNext(254)) - client-E0FA40453D59->0c156e3c-57cc-425b-90ef-9bcaa62a7535: receive RaftClientReply:client-E0FA40453D59->0c156e3c-57cc-425b-90ef-9bcaa62a7535@group-7704A457760D, cid=2730, SUCCESS, logIndex=4657, commits[0c156e3c-57cc-425b-90ef-9bcaa62a7535:c4657]
2019-06-14 13:46:00,555 INFO  client.GrpcClientProtocolClient (GrpcClientProtocolClient.java:onNext(254)) - client-E0FA40453D59->0c156e3c-57cc-425b-90ef-9bcaa62a7535: receive RaftClientReply:client-E0FA40453D59->0c156e3c-57cc-425b-90ef-9bcaa62a7535@group-7704A457760D, cid=2731, SUCCESS, logIndex=4658, commits[0c156e3c-57cc-425b-90ef-9bcaa62a7535:c4660]
2019-06-14 13:46:00,555 INFO  client.GrpcClientProtocolClient (GrpcClientProtocolClient.java:onNext(254)) - client-E0FA40453D59->0c156e3c-57cc-425b-90ef-9bcaa62a7535: receive RaftClientReply:client-E0FA40453D59->0c156e3c-57cc-425b-90ef-9bcaa62a7535@group-7704A457760D, cid=2732, SUCCESS, logIndex=4659, commits[0c156e3c-57cc-425b-90ef-9bcaa62a7535:c4660]
2019-06-14 13:46:00,563 INFO  client.GrpcClientProtocolClient (GrpcClientProtocolClient.java:onNext(254)) - client-E0FA40453D59->0c156e3c-57cc-425b-90ef-9bcaa62a7535: receive RaftClientReply:client-E0FA40453D59->0c156e3c-57cc-425b-90ef-9bcaa62a7535@group-7704A457760D, cid=2733, SUCCESS, logIndex=4661, commits[0c156e3c-57cc-425b-90ef-9bcaa62a7535:c4661]
2019-06-14 13:46:00,565 INFO  client.GrpcClientProtocolClient (GrpcClientProtocolClient.java:onNext(254)) - client-E0FA40453D59->0c156e3c-57cc-425b-90ef-9bcaa62a7535: receive RaftClientReply:client-E0FA40453D59->0c156e3c-57cc-425b-90ef-9bcaa62a7535@group-7704A457760D, cid=2734, SUCCESS, logIndex=4663, commits[0c156e3c-57cc-425b-90ef-9bcaa62a7535:c4663]
2019-06-14 13:46:00,566 INFO  client.GrpcClientProtocolClient (GrpcClientProtocolClient.java:onNext(254)) - client-E0FA40453D59->0c156e3c-57cc-425b-90ef-9bcaa62a7535: receive RaftClientReply:client-E0FA40453D59->0c156e3c-57cc-425b-90ef-9bcaa62a7535@group-7704A457760D, cid=2735, SUCCESS, logIndex=4664, commits[0c156e3c-57cc-425b-90ef-9bcaa62a7535:c4666]
2019-06-14 13:46:00,567 INFO  client.GrpcClientProtocolClient (GrpcClientProtocolClient.java:onNext(254)) - client-E0FA40453D59->0c156e3c-57cc-425b-90ef-9bcaa62a7535: receive RaftClientReply:client-E0FA40453D59->0c156e3c-57cc-425b-90ef-9bcaa62a7535@group-7704A457760D, cid=2736, SUCCESS, logIndex=4665, commits[0c156e3c-57cc-425b-90ef-9bcaa62a7535:c4666]
2019-06-14 13:46:00,615 DEBUG block.SCMBlockDeletingService (SCMBlockDeletingService.java:call(138)) - Running DeletedBlockTransactionScanner
2019-06-14 13:46:00,615 DEBUG block.SCMBlockDeletingService (SCMBlockDeletingService.java:call(155)) - Scanned deleted blocks log and got 0 delTX to process.
2019-06-14 13:46:00,621 INFO  client.GrpcClientProtocolClient (GrpcClientProtocolClient.java:onNext(254)) - client-E0FA40453D59->0c156e3c-57cc-425b-90ef-9bcaa62a7535: receive RaftClientReply:client-E0FA40453D59->0c156e3c-57cc-425b-90ef-9bcaa62a7535@group-7704A457760D, cid=2737, SUCCESS, logIndex=4667, commits[0c156e3c-57cc-425b-90ef-9bcaa62a7535:c4667]
2019-06-14 13:46:00,622 INFO  client.GrpcClientProtocolClient (GrpcClientProtocolClient.java:onNext(254)) - client-E0FA40453D59->0c156e3c-57cc-425b-90ef-9bcaa62a7535: receive RaftClientReply:client-E0FA40453D59->0c156e3c-57cc-425b-90ef-9bcaa62a7535@group-7704A457760D, cid=2738, SUCCESS, logIndex=4669, commits[0c156e3c-57cc-425b-90ef-9bcaa62a7535:c4669]
2019-06-14 13:46:00,623 INFO  client.GrpcClientProtocolClient (GrpcClientProtocolClient.java:onNext(254)) - client-E0FA40453D59->0c156e3c-57cc-425b-90ef-9bcaa62a7535: receive RaftClientReply:client-E0FA40453D59->0c156e3c-57cc-425b-90ef-9bcaa62a7535@group-7704A457760D, cid=2739, SUCCESS, logIndex=4670, commits[0c156e3c-57cc-425b-90ef-9bcaa62a7535:c4672]
2019-06-14 13:46:00,623 INFO  client.GrpcClientProtocolClient (GrpcClientProtocolClient.java:onNext(254)) - client-E0FA40453D59->0c156e3c-57cc-425b-90ef-9bcaa62a7535: receive RaftClientReply:client-E0FA40453D59->0c156e3c-57cc-425b-90ef-9bcaa62a7535@group-7704A457760D, cid=2740, SUCCESS, logIndex=4671, commits[0c156e3c-57cc-425b-90ef-9bcaa62a7535:c4672]
2019-06-14 13:46:00,700 INFO  client.GrpcClientProtocolClient (GrpcClientProtocolClient.java:onNext(254)) - client-E0FA40453D59->0c156e3c-57cc-425b-90ef-9bcaa62a7535: receive RaftClientReply:client-E0FA40453D59->0c156e3c-57cc-425b-90ef-9bcaa62a7535@group-7704A457760D, cid=2741, SUCCESS, logIndex=4673, commits[0c156e3c-57cc-425b-90ef-9bcaa62a7535:c4673]
2019-06-14 13:46:00,702 INFO  client.GrpcClientProtocolClient (GrpcClientProtocolClient.java:onNext(254)) - client-E0FA40453D59->0c156e3c-57cc-425b-90ef-9bcaa62a7535: receive RaftClientReply:client-E0FA40453D59->0c156e3c-57cc-425b-90ef-9bcaa62a7535@group-7704A457760D, cid=2742, SUCCESS, logIndex=4675, commits[0c156e3c-57cc-425b-90ef-9bcaa62a7535:c4675]
2019-06-14 13:46:00,703 INFO  client.GrpcClientProtocolClient (GrpcClientProtocolClient.java:onNext(254)) - client-E0FA40453D59->0c156e3c-57cc-425b-90ef-9bcaa62a7535: receive RaftClientReply:client-E0FA40453D59->0c156e3c-57cc-425b-90ef-9bcaa62a7535@group-7704A457760D, cid=2743, SUCCESS, logIndex=4676, commits[0c156e3c-57cc-425b-90ef-9bcaa62a7535:c4678]
2019-06-14 13:46:00,703 INFO  client.GrpcClientProtocolClient (GrpcClientProtocolClient.java:onNext(254)) - client-E0FA40453D59->0c156e3c-57cc-425b-90ef-9bcaa62a7535: receive RaftClientReply:client-E0FA40453D59->0c156e3c-57cc-425b-90ef-9bcaa62a7535@group-7704A457760D, cid=2744, SUCCESS, logIndex=4678, commits[0c156e3c-57cc-425b-90ef-9bcaa62a7535:c4678]
2019-06-14 13:46:00,711 INFO  storage.RaftLogWorker (RaftLogWorker.java:rollLogSegment(303)) - 0c156e3c-57cc-425b-90ef-9bcaa62a7535-RaftLogWorker: Rolling segment log-4611_4679 to index:4679
2019-06-14 13:46:00,713 INFO  storage.RaftLogWorker (RaftLogWorker.java:execute(433)) - 0c156e3c-57cc-425b-90ef-9bcaa62a7535-RaftLogWorker: Rolled log segment from /opt/src/hadoop-ozone/integration-test/target/test-dir/MiniOzoneClusterImpl-8919240e-7e15-4dbf-8bf4-c210578586bb/datanode-0/data/ratis/1fc53845-3381-4beb-82f9-7704a457760d/current/log_inprogress_4611 to /opt/src/hadoop-ozone/integration-test/target/test-dir/MiniOzoneClusterImpl-8919240e-7e15-4dbf-8bf4-c210578586bb/datanode-0/data/ratis/1fc53845-3381-4beb-82f9-7704a457760d/current/log_4611-4679
2019-06-14 13:46:00,717 DEBUG block.SCMBlockDeletingService (SCMBlockDeletingService.java:call(138)) - Running DeletedBlockTransactionScanner
2019-06-14 13:46:00,717 DEBUG block.SCMBlockDeletingService (SCMBlockDeletingService.java:call(155)) - Scanned deleted blocks log and got 0 delTX to process.
2019-06-14 13:46:00,755 INFO  storage.RaftLogWorker (RaftLogWorker.java:execute(469)) - 0c156e3c-57cc-425b-90ef-9bcaa62a7535-RaftLogWorker: created new log segment /opt/src/hadoop-ozone/integration-test/target/test-dir/MiniOzoneClusterImpl-8919240e-7e15-4dbf-8bf4-c210578586bb/datanode-0/data/ratis/1fc53845-3381-4beb-82f9-7704a457760d/current/log_inprogress_4680
2019-06-14 13:46:00,757 INFO  client.GrpcClientProtocolClient (GrpcClientProtocolClient.java:onNext(254)) - client-E0FA40453D59->0c156e3c-57cc-425b-90ef-9bcaa62a7535: receive RaftClientReply:client-E0FA40453D59->0c156e3c-57cc-425b-90ef-9bcaa62a7535@group-7704A457760D, cid=2745, SUCCESS, logIndex=4680, commits[0c156e3c-57cc-425b-90ef-9bcaa62a7535:c4680]
2019-06-14 13:46:00,764 INFO  client.GrpcClientProtocolClient (GrpcClientProtocolClient.java:onNext(254)) - client-E0FA40453D59->0c156e3c-57cc-425b-90ef-9bcaa62a7535: receive RaftClientReply:client-E0FA40453D59->0c156e3c-57cc-425b-90ef-9bcaa62a7535@group-7704A457760D, cid=2746, SUCCESS, logIndex=4682, commits[0c156e3c-57cc-425b-90ef-9bcaa62a7535:c4682]
2019-06-14 13:46:00,764 INFO  client.GrpcClientProtocolClient (GrpcClientProtocolClient.java:onNext(254)) - client-E0FA40453D59->0c156e3c-57cc-425b-90ef-9bcaa62a7535: receive RaftClientReply:client-E0FA40453D59->0c156e3c-57cc-425b-90ef-9bcaa62a7535@group-7704A457760D, cid=2747, SUCCESS, logIndex=4683, commits[0c156e3c-57cc-425b-90ef-9bcaa62a7535:c4685]
2019-06-14 13:46:00,765 INFO  client.GrpcClientProtocolClient (GrpcClientProtocolClient.java:onNext(254)) - client-E0FA40453D59->0c156e3c-57cc-425b-90ef-9bcaa62a7535: receive RaftClientReply:client-E0FA40453D59->0c156e3c-57cc-425b-90ef-9bcaa62a7535@group-7704A457760D, cid=2748, SUCCESS, logIndex=4685, commits[0c156e3c-57cc-425b-90ef-9bcaa62a7535:c4685]
2019-06-14 13:46:00,772 INFO  client.GrpcClientProtocolClient (GrpcClientProtocolClient.java:onNext(254)) - client-E0FA40453D59->0c156e3c-57cc-425b-90ef-9bcaa62a7535: receive RaftClientReply:client-E0FA40453D59->0c156e3c-57cc-425b-90ef-9bcaa62a7535@group-7704A457760D, cid=2749, SUCCESS, logIndex=4687, commits[0c156e3c-57cc-425b-90ef-9bcaa62a7535:c4687]
2019-06-14 13:46:00,776 INFO  client.GrpcClientProtocolClient (GrpcClientProtocolClient.java:onNext(254)) - client-E0FA40453D59->0c156e3c-57cc-425b-90ef-9bcaa62a7535: receive RaftClientReply:client-E0FA40453D59->0c156e3c-57cc-425b-90ef-9bcaa62a7535@group-7704A457760D, cid=2750, SUCCESS, logIndex=4689, commits[0c156e3c-57cc-425b-90ef-9bcaa62a7535:c4691]
2019-06-14 13:46:00,776 INFO  client.GrpcClientProtocolClient (GrpcClientProtocolClient.java:onNext(254)) - client-E0FA40453D59->0c156e3c-57cc-425b-90ef-9bcaa62a7535: receive RaftClientReply:client-E0FA40453D59->0c156e3c-57cc-425b-90ef-9bcaa62a7535@group-7704A457760D, cid=2751, SUCCESS, logIndex=4690, commits[0c156e3c-57cc-425b-90ef-9bcaa62a7535:c4691]
2019-06-14 13:46:00,777 INFO  client.GrpcClientProtocolClient (GrpcClientProtocolClient.java:onNext(254)) - client-E0FA40453D59->0c156e3c-57cc-425b-90ef-9bcaa62a7535: receive RaftClientReply:client-E0FA40453D59->0c156e3c-57cc-425b-90ef-9bcaa62a7535@group-7704A457760D, cid=2752, SUCCESS, logIndex=4691, commits[0c156e3c-57cc-425b-90ef-9bcaa62a7535:c4692]
2019-06-14 13:46:00,789 INFO  client.GrpcClientProtocolClient (GrpcClientProtocolClient.java:onNext(254)) - client-E0FA40453D59->0c156e3c-57cc-425b-90ef-9bcaa62a7535: receive RaftClientReply:client-E0FA40453D59->0c156e3c-57cc-425b-90ef-9bcaa62a7535@group-7704A457760D, cid=2753, SUCCESS, logIndex=4693, commits[0c156e3c-57cc-425b-90ef-9bcaa62a7535:c4693]
2019-06-14 13:46:00,790 INFO  client.GrpcClientProtocolClient (GrpcClientProtocolClient.java:onNext(254)) - client-E0FA40453D59->0c156e3c-57cc-425b-90ef-9bcaa62a7535: receive RaftClientReply:client-E0FA40453D59->0c156e3c-57cc-425b-90ef-9bcaa62a7535@group-7704A457760D, cid=2754, SUCCESS, logIndex=4695, commits[0c156e3c-57cc-425b-90ef-9bcaa62a7535:c4695]
2019-06-14 13:46:00,792 INFO  client.GrpcClientProtocolClient (GrpcClientProtocolClient.java:onNext(254)) - client-E0FA40453D59->0c156e3c-57cc-425b-90ef-9bcaa62a7535: receive RaftClientReply:client-E0FA40453D59->0c156e3c-57cc-425b-90ef-9bcaa62a7535@group-7704A457760D, cid=2755, SUCCESS, logIndex=4696, commits[0c156e3c-57cc-425b-90ef-9bcaa62a7535:c4698]
2019-06-14 13:46:00,792 INFO  client.GrpcClientProtocolClient (GrpcClientProtocolClient.java:onNext(254)) - client-E0FA40453D59->0c156e3c-57cc-425b-90ef-9bcaa62a7535: receive RaftClientReply:client-E0FA40453D59->0c156e3c-57cc-425b-90ef-9bcaa62a7535@group-7704A457760D, cid=2756, SUCCESS, logIndex=4697, commits[0c156e3c-57cc-425b-90ef-9bcaa62a7535:c4698]
2019-06-14 13:46:00,798 INFO  client.GrpcClientProtocolClient (GrpcClientProtocolClient.java:onNext(254)) - client-E0FA40453D59->0c156e3c-57cc-425b-90ef-9bcaa62a7535: receive RaftClientReply:client-E0FA40453D59->0c156e3c-57cc-425b-90ef-9bcaa62a7535@group-7704A457760D, cid=2757, SUCCESS, logIndex=4699, commits[0c156e3c-57cc-425b-90ef-9bcaa62a7535:c4699]
2019-06-14 13:46:00,799 INFO  client.GrpcClientProtocolClient (GrpcClientProtocolClient.java:onNext(254)) - client-E0FA40453D59->0c156e3c-57cc-425b-90ef-9bcaa62a7535: receive RaftClientReply:client-E0FA40453D59->0c156e3c-57cc-425b-90ef-9bcaa62a7535@group-7704A457760D, cid=2758, SUCCESS, logIndex=4701, commits[0c156e3c-57cc-425b-90ef-9bcaa62a7535:c4701]
2019-06-14 13:46:00,800 INFO  client.GrpcClientProtocolClient (GrpcClientProtocolClient.java:onNext(254)) - client-E0FA40453D59->0c156e3c-57cc-425b-90ef-9bcaa62a7535: receive RaftClientReply:client-E0FA40453D59->0c156e3c-57cc-425b-90ef-9bcaa62a7535@group-7704A457760D, cid=2759, SUCCESS, logIndex=4702, commits[0c156e3c-57cc-425b-90ef-9bcaa62a7535:c4704]
2019-06-14 13:46:00,802 INFO  client.GrpcClientProtocolClient (GrpcClientProtocolClient.java:onNext(254)) - client-E0FA40453D59->0c156e3c-57cc-425b-90ef-9bcaa62a7535: receive RaftClientReply:client-E0FA40453D59->0c156e3c-57cc-425b-90ef-9bcaa62a7535@group-7704A457760D, cid=2760, SUCCESS, logIndex=4703, commits[0c156e3c-57cc-425b-90ef-9bcaa62a7535:c4704]
2019-06-14 13:46:00,813 INFO  client.GrpcClientProtocolClient (GrpcClientProtocolClient.java:onNext(254)) - client-E0FA40453D59->0c156e3c-57cc-425b-90ef-9bcaa62a7535: receive RaftClientReply:client-E0FA40453D59->0c156e3c-57cc-425b-90ef-9bcaa62a7535@group-7704A457760D, cid=2761, SUCCESS, logIndex=4705, commits[0c156e3c-57cc-425b-90ef-9bcaa62a7535:c4705]
2019-06-14 13:46:00,815 INFO  client.GrpcClientProtocolClient (GrpcClientProtocolClient.java:onNext(254)) - client-E0FA40453D59->0c156e3c-57cc-425b-90ef-9bcaa62a7535: receive RaftClientReply:client-E0FA40453D59->0c156e3c-57cc-425b-90ef-9bcaa62a7535@group-7704A457760D, cid=2762, SUCCESS, logIndex=4707, commits[0c156e3c-57cc-425b-90ef-9bcaa62a7535:c4707]
2019-06-14 13:46:00,816 INFO  client.GrpcClientProtocolClient (GrpcClientProtocolClient.java:onNext(254)) - client-E0FA40453D59->0c156e3c-57cc-425b-90ef-9bcaa62a7535: receive RaftClientReply:client-E0FA40453D59->0c156e3c-57cc-425b-90ef-9bcaa62a7535@group-7704A457760D, cid=2763, SUCCESS, logIndex=4708, commits[0c156e3c-57cc-425b-90ef-9bcaa62a7535:c4710]
2019-06-14 13:46:00,816 INFO  client.GrpcClientProtocolClient (GrpcClientProtocolClient.java:onNext(254)) - client-E0FA40453D59->0c156e3c-57cc-425b-90ef-9bcaa62a7535: receive RaftClientReply:client-E0FA40453D59->0c156e3c-57cc-425b-90ef-9bcaa62a7535@group-7704A457760D, cid=2764, SUCCESS, logIndex=4709, commits[0c156e3c-57cc-425b-90ef-9bcaa62a7535:c4710]
2019-06-14 13:46:00,818 DEBUG block.SCMBlockDeletingService (SCMBlockDeletingService.java:call(138)) - Running DeletedBlockTransactionScanner
2019-06-14 13:46:00,818 DEBUG block.SCMBlockDeletingService (SCMBlockDeletingService.java:call(155)) - Scanned deleted blocks log and got 0 delTX to process.
2019-06-14 13:46:00,826 INFO  client.GrpcClientProtocolClient (GrpcClientProtocolClient.java:onNext(254)) - client-E0FA40453D59->0c156e3c-57cc-425b-90ef-9bcaa62a7535: receive RaftClientReply:client-E0FA40453D59->0c156e3c-57cc-425b-90ef-9bcaa62a7535@group-7704A457760D, cid=2765, SUCCESS, logIndex=4711, commits[0c156e3c-57cc-425b-90ef-9bcaa62a7535:c4711]
2019-06-14 13:46:00,828 INFO  client.GrpcClientProtocolClient (GrpcClientProtocolClient.java:onNext(254)) - client-E0FA40453D59->0c156e3c-57cc-425b-90ef-9bcaa62a7535: receive RaftClientReply:client-E0FA40453D59->0c156e3c-57cc-425b-90ef-9bcaa62a7535@group-7704A457760D, cid=2766, SUCCESS, logIndex=4713, commits[0c156e3c-57cc-425b-90ef-9bcaa62a7535:c4713]
2019-06-14 13:46:00,829 INFO  client.GrpcClientProtocolClient (GrpcClientProtocolClient.java:onNext(254)) - client-E0FA40453D59->0c156e3c-57cc-425b-90ef-9bcaa62a7535: receive RaftClientReply:client-E0FA40453D59->0c156e3c-57cc-425b-90ef-9bcaa62a7535@group-7704A457760D, cid=2767, SUCCESS, logIndex=4714, commits[0c156e3c-57cc-425b-90ef-9bcaa62a7535:c4716]
2019-06-14 13:46:00,829 INFO  client.GrpcClientProtocolClient (GrpcClientProtocolClient.java:onNext(254)) - client-E0FA40453D59->0c156e3c-57cc-425b-90ef-9bcaa62a7535: receive RaftClientReply:client-E0FA40453D59->0c156e3c-57cc-425b-90ef-9bcaa62a7535@group-7704A457760D, cid=2768, SUCCESS, logIndex=4715, commits[0c156e3c-57cc-425b-90ef-9bcaa62a7535:c4717]
2019-06-14 13:46:00,840 INFO  client.GrpcClientProtocolClient (GrpcClientProtocolClient.java:onNext(254)) - client-E0FA40453D59->0c156e3c-57cc-425b-90ef-9bcaa62a7535: receive RaftClientReply:client-E0FA40453D59->0c156e3c-57cc-425b-90ef-9bcaa62a7535@group-7704A457760D, cid=2769, SUCCESS, logIndex=4718, commits[0c156e3c-57cc-425b-90ef-9bcaa62a7535:c4718]
2019-06-14 13:46:00,842 INFO  client.GrpcClientProtocolClient (GrpcClientProtocolClient.java:onNext(254)) - client-E0FA40453D59->0c156e3c-57cc-425b-90ef-9bcaa62a7535: receive RaftClientReply:client-E0FA40453D59->0c156e3c-57cc-425b-90ef-9bcaa62a7535@group-7704A457760D, cid=2770, SUCCESS, logIndex=4720, commits[0c156e3c-57cc-425b-90ef-9bcaa62a7535:c4720]
2019-06-14 13:46:00,846 INFO  client.GrpcClientProtocolClient (GrpcClientProtocolClient.java:onNext(254)) - client-E0FA40453D59->0c156e3c-57cc-425b-90ef-9bcaa62a7535: receive RaftClientReply:client-E0FA40453D59->0c156e3c-57cc-425b-90ef-9bcaa62a7535@group-7704A457760D, cid=2771, SUCCESS, logIndex=4721, commits[0c156e3c-57cc-425b-90ef-9bcaa62a7535:c4723]
2019-06-14 13:46:00,847 INFO  client.GrpcClientProtocolClient (GrpcClientProtocolClient.java:onNext(254)) - client-E0FA40453D59->0c156e3c-57cc-425b-90ef-9bcaa62a7535: receive RaftClientReply:client-E0FA40453D59->0c156e3c-57cc-425b-90ef-9bcaa62a7535@group-7704A457760D, cid=2772, SUCCESS, logIndex=4722, commits[0c156e3c-57cc-425b-90ef-9bcaa62a7535:c4723]
2019-06-14 13:46:00,854 INFO  client.GrpcClientProtocolClient (GrpcClientProtocolClient.java:onNext(254)) - client-E0FA40453D59->0c156e3c-57cc-425b-90ef-9bcaa62a7535: receive RaftClientReply:client-E0FA40453D59->0c156e3c-57cc-425b-90ef-9bcaa62a7535@group-7704A457760D, cid=2773, SUCCESS, logIndex=4724, commits[0c156e3c-57cc-425b-90ef-9bcaa62a7535:c4724]
2019-06-14 13:46:00,857 INFO  client.GrpcClientProtocolClient (GrpcClientProtocolClient.java:onNext(254)) - client-E0FA40453D59->0c156e3c-57cc-425b-90ef-9bcaa62a7535: receive RaftClientReply:client-E0FA40453D59->0c156e3c-57cc-425b-90ef-9bcaa62a7535@group-7704A457760D, cid=2774, SUCCESS, logIndex=4726, commits[0c156e3c-57cc-425b-90ef-9bcaa62a7535:c4726]
2019-06-14 13:46:00,857 INFO  client.GrpcClientProtocolClient (GrpcClientProtocolClient.java:onNext(254)) - client-E0FA40453D59->0c156e3c-57cc-425b-90ef-9bcaa62a7535: receive RaftClientReply:client-E0FA40453D59->0c156e3c-57cc-425b-90ef-9bcaa62a7535@group-7704A457760D, cid=2775, SUCCESS, logIndex=4727, commits[0c156e3c-57cc-425b-90ef-9bcaa62a7535:c4727]
2019-06-14 13:46:00,858 INFO  client.GrpcClientProtocolClient (GrpcClientProtocolClient.java:onNext(254)) - client-E0FA40453D59->0c156e3c-57cc-425b-90ef-9bcaa62a7535: receive RaftClientReply:client-E0FA40453D59->0c156e3c-57cc-425b-90ef-9bcaa62a7535@group-7704A457760D, cid=2776, SUCCESS, logIndex=4729, commits[0c156e3c-57cc-425b-90ef-9bcaa62a7535:c4729]
2019-06-14 13:46:00,870 INFO  client.GrpcClientProtocolClient (GrpcClientProtocolClient.java:onNext(254)) - client-E0FA40453D59->0c156e3c-57cc-425b-90ef-9bcaa62a7535: receive RaftClientReply:client-E0FA40453D59->0c156e3c-57cc-425b-90ef-9bcaa62a7535@group-7704A457760D, cid=2777, SUCCESS, logIndex=4732, commits[0c156e3c-57cc-425b-90ef-9bcaa62a7535:c4732]
2019-06-14 13:46:00,871 INFO  client.GrpcClientProtocolClient (GrpcClientProtocolClient.java:onNext(254)) - client-E0FA40453D59->0c156e3c-57cc-425b-90ef-9bcaa62a7535: receive RaftClientReply:client-E0FA40453D59->0c156e3c-57cc-425b-90ef-9bcaa62a7535@group-7704A457760D, cid=2778, SUCCESS, logIndex=4734, commits[0c156e3c-57cc-425b-90ef-9bcaa62a7535:c4734]
2019-06-14 13:46:00,873 INFO  client.GrpcClientProtocolClient (GrpcClientProtocolClient.java:onNext(254)) - client-E0FA40453D59->0c156e3c-57cc-425b-90ef-9bcaa62a7535: receive RaftClientReply:client-E0FA40453D59->0c156e3c-57cc-425b-90ef-9bcaa62a7535@group-7704A457760D, cid=2779, SUCCESS, logIndex=4736, commits[0c156e3c-57cc-425b-90ef-9bcaa62a7535:c4737]
2019-06-14 13:46:00,874 INFO  client.GrpcClientProtocolClient (GrpcClientProtocolClient.java:onNext(254)) - client-E0FA40453D59->0c156e3c-57cc-425b-90ef-9bcaa62a7535: receive RaftClientReply:client-E0FA40453D59->0c156e3c-57cc-425b-90ef-9bcaa62a7535@group-7704A457760D, cid=2780, SUCCESS, logIndex=4737, commits[0c156e3c-57cc-425b-90ef-9bcaa62a7535:c4737]
2019-06-14 13:46:00,897 INFO  client.GrpcClientProtocolClient (GrpcClientProtocolClient.java:onNext(254)) - client-E0FA40453D59->0c156e3c-57cc-425b-90ef-9bcaa62a7535: receive RaftClientReply:client-E0FA40453D59->0c156e3c-57cc-425b-90ef-9bcaa62a7535@group-7704A457760D, cid=2781, SUCCESS, logIndex=4739, commits[0c156e3c-57cc-425b-90ef-9bcaa62a7535:c4740]
2019-06-14 13:46:00,906 INFO  client.GrpcClientProtocolClient (GrpcClientProtocolClient.java:onNext(254)) - client-E0FA40453D59->0c156e3c-57cc-425b-90ef-9bcaa62a7535: receive RaftClientReply:client-E0FA40453D59->0c156e3c-57cc-425b-90ef-9bcaa62a7535@group-7704A457760D, cid=2782, SUCCESS, logIndex=4741, commits[0c156e3c-57cc-425b-90ef-9bcaa62a7535:c4743]
2019-06-14 13:46:00,906 INFO  client.GrpcClientProtocolClient (GrpcClientProtocolClient.java:onNext(254)) - client-E0FA40453D59->0c156e3c-57cc-425b-90ef-9bcaa62a7535: receive RaftClientReply:client-E0FA40453D59->0c156e3c-57cc-425b-90ef-9bcaa62a7535@group-7704A457760D, cid=2783, SUCCESS, logIndex=4742, commits[0c156e3c-57cc-425b-90ef-9bcaa62a7535:c4744]
2019-06-14 13:46:00,906 INFO  client.GrpcClientProtocolClient (GrpcClientProtocolClient.java:onNext(254)) - client-E0FA40453D59->0c156e3c-57cc-425b-90ef-9bcaa62a7535: receive RaftClientReply:client-E0FA40453D59->0c156e3c-57cc-425b-90ef-9bcaa62a7535@group-7704A457760D, cid=2784, SUCCESS, logIndex=4743, commits[0c156e3c-57cc-425b-90ef-9bcaa62a7535:c4744]
2019-06-14 13:46:00,918 DEBUG block.SCMBlockDeletingService (SCMBlockDeletingService.java:call(138)) - Running DeletedBlockTransactionScanner
2019-06-14 13:46:00,918 DEBUG block.SCMBlockDeletingService (SCMBlockDeletingService.java:call(155)) - Scanned deleted blocks log and got 0 delTX to process.
2019-06-14 13:46:00,993 INFO  client.GrpcClientProtocolClient (GrpcClientProtocolClient.java:onNext(254)) - client-E0FA40453D59->0c156e3c-57cc-425b-90ef-9bcaa62a7535: receive RaftClientReply:client-E0FA40453D59->0c156e3c-57cc-425b-90ef-9bcaa62a7535@group-7704A457760D, cid=2785, SUCCESS, logIndex=4745, commits[0c156e3c-57cc-425b-90ef-9bcaa62a7535:c4745]
2019-06-14 13:46:00,995 INFO  client.GrpcClientProtocolClient (GrpcClientProtocolClient.java:onNext(254)) - client-E0FA40453D59->0c156e3c-57cc-425b-90ef-9bcaa62a7535: receive RaftClientReply:client-E0FA40453D59->0c156e3c-57cc-425b-90ef-9bcaa62a7535@group-7704A457760D, cid=2786, SUCCESS, logIndex=4747, commits[0c156e3c-57cc-425b-90ef-9bcaa62a7535:c4747]
2019-06-14 13:46:00,996 INFO  client.GrpcClientProtocolClient (GrpcClientProtocolClient.java:onNext(254)) - client-E0FA40453D59->0c156e3c-57cc-425b-90ef-9bcaa62a7535: receive RaftClientReply:client-E0FA40453D59->0c156e3c-57cc-425b-90ef-9bcaa62a7535@group-7704A457760D, cid=2787, SUCCESS, logIndex=4748, commits[0c156e3c-57cc-425b-90ef-9bcaa62a7535:c4750]
2019-06-14 13:46:00,998 INFO  client.GrpcClientProtocolClient (GrpcClientProtocolClient.java:onNext(254)) - client-E0FA40453D59->0c156e3c-57cc-425b-90ef-9bcaa62a7535: receive RaftClientReply:client-E0FA40453D59->0c156e3c-57cc-425b-90ef-9bcaa62a7535@group-7704A457760D, cid=2788, SUCCESS, logIndex=4750, commits[0c156e3c-57cc-425b-90ef-9bcaa62a7535:c4750]
2019-06-14 13:46:01,004 INFO  storage.RaftLogWorker (RaftLogWorker.java:rollLogSegment(303)) - 0c156e3c-57cc-425b-90ef-9bcaa62a7535-RaftLogWorker: Rolling segment log-4680_4751 to index:4751
2019-06-14 13:46:01,005 INFO  storage.RaftLogWorker (RaftLogWorker.java:execute(433)) - 0c156e3c-57cc-425b-90ef-9bcaa62a7535-RaftLogWorker: Rolled log segment from /opt/src/hadoop-ozone/integration-test/target/test-dir/MiniOzoneClusterImpl-8919240e-7e15-4dbf-8bf4-c210578586bb/datanode-0/data/ratis/1fc53845-3381-4beb-82f9-7704a457760d/current/log_inprogress_4680 to /opt/src/hadoop-ozone/integration-test/target/test-dir/MiniOzoneClusterImpl-8919240e-7e15-4dbf-8bf4-c210578586bb/datanode-0/data/ratis/1fc53845-3381-4beb-82f9-7704a457760d/current/log_4680-4751
2019-06-14 13:46:01,019 DEBUG block.SCMBlockDeletingService (SCMBlockDeletingService.java:call(138)) - Running DeletedBlockTransactionScanner
2019-06-14 13:46:01,019 DEBUG block.SCMBlockDeletingService (SCMBlockDeletingService.java:call(155)) - Scanned deleted blocks log and got 0 delTX to process.
2019-06-14 13:46:01,041 INFO  storage.RaftLogWorker (RaftLogWorker.java:execute(469)) - 0c156e3c-57cc-425b-90ef-9bcaa62a7535-RaftLogWorker: created new log segment /opt/src/hadoop-ozone/integration-test/target/test-dir/MiniOzoneClusterImpl-8919240e-7e15-4dbf-8bf4-c210578586bb/datanode-0/data/ratis/1fc53845-3381-4beb-82f9-7704a457760d/current/log_inprogress_4752
2019-06-14 13:46:01,043 INFO  client.GrpcClientProtocolClient (GrpcClientProtocolClient.java:onNext(254)) - client-E0FA40453D59->0c156e3c-57cc-425b-90ef-9bcaa62a7535: receive RaftClientReply:client-E0FA40453D59->0c156e3c-57cc-425b-90ef-9bcaa62a7535@group-7704A457760D, cid=2789, SUCCESS, logIndex=4752, commits[0c156e3c-57cc-425b-90ef-9bcaa62a7535:c4753]
2019-06-14 13:46:01,045 INFO  client.GrpcClientProtocolClient (GrpcClientProtocolClient.java:onNext(254)) - client-E0FA40453D59->0c156e3c-57cc-425b-90ef-9bcaa62a7535: receive RaftClientReply:client-E0FA40453D59->0c156e3c-57cc-425b-90ef-9bcaa62a7535@group-7704A457760D, cid=2790, SUCCESS, logIndex=4754, commits[0c156e3c-57cc-425b-90ef-9bcaa62a7535:c4756]
2019-06-14 13:46:01,046 INFO  client.GrpcClientProtocolClient (GrpcClientProtocolClient.java:onNext(254)) - client-E0FA40453D59->0c156e3c-57cc-425b-90ef-9bcaa62a7535: receive RaftClientReply:client-E0FA40453D59->0c156e3c-57cc-425b-90ef-9bcaa62a7535@group-7704A457760D, cid=2791, SUCCESS, logIndex=4755, commits[0c156e3c-57cc-425b-90ef-9bcaa62a7535:c4756]
2019-06-14 13:46:01,046 INFO  client.GrpcClientProtocolClient (GrpcClientProtocolClient.java:onNext(254)) - client-E0FA40453D59->0c156e3c-57cc-425b-90ef-9bcaa62a7535: receive RaftClientReply:client-E0FA40453D59->0c156e3c-57cc-425b-90ef-9bcaa62a7535@group-7704A457760D, cid=2792, SUCCESS, logIndex=4756, commits[0c156e3c-57cc-425b-90ef-9bcaa62a7535:c4756]
2019-06-14 13:46:01,310 DEBUG block.SCMBlockDeletingService (SCMBlockDeletingService.java:call(138)) - Running DeletedBlockTransactionScanner
2019-06-14 13:46:01,311 DEBUG block.SCMBlockDeletingService (SCMBlockDeletingService.java:call(155)) - Scanned deleted blocks log and got 0 delTX to process.
2019-06-14 13:46:01,336 INFO  client.GrpcClientProtocolClient (GrpcClientProtocolClient.java:onNext(254)) - client-E0FA40453D59->0c156e3c-57cc-425b-90ef-9bcaa62a7535: receive RaftClientReply:client-E0FA40453D59->0c156e3c-57cc-425b-90ef-9bcaa62a7535@group-7704A457760D, cid=2793, SUCCESS, logIndex=4758, commits[0c156e3c-57cc-425b-90ef-9bcaa62a7535:c4758]
2019-06-14 13:46:01,337 INFO  client.GrpcClientProtocolClient (GrpcClientProtocolClient.java:onNext(254)) - client-E0FA40453D59->0c156e3c-57cc-425b-90ef-9bcaa62a7535: receive RaftClientReply:client-E0FA40453D59->0c156e3c-57cc-425b-90ef-9bcaa62a7535@group-7704A457760D, cid=2794, SUCCESS, logIndex=4760, commits[0c156e3c-57cc-425b-90ef-9bcaa62a7535:c4760]
2019-06-14 13:46:01,339 INFO  client.GrpcClientProtocolClient (GrpcClientProtocolClient.java:onNext(254)) - client-E0FA40453D59->0c156e3c-57cc-425b-90ef-9bcaa62a7535: receive RaftClientReply:client-E0FA40453D59->0c156e3c-57cc-425b-90ef-9bcaa62a7535@group-7704A457760D, cid=2795, SUCCESS, logIndex=4761, commits[0c156e3c-57cc-425b-90ef-9bcaa62a7535:c4763]
2019-06-14 13:46:01,339 INFO  client.GrpcClientProtocolClient (GrpcClientProtocolClient.java:onNext(254)) - client-E0FA40453D59->0c156e3c-57cc-425b-90ef-9bcaa62a7535: receive RaftClientReply:client-E0FA40453D59->0c156e3c-57cc-425b-90ef-9bcaa62a7535@group-7704A457760D, cid=2796, SUCCESS, logIndex=4762, commits[0c156e3c-57cc-425b-90ef-9bcaa62a7535:c4763]
2019-06-14 13:46:01,345 INFO  client.GrpcClientProtocolClient (GrpcClientProtocolClient.java:onNext(254)) - client-E0FA40453D59->0c156e3c-57cc-425b-90ef-9bcaa62a7535: receive RaftClientReply:client-E0FA40453D59->0c156e3c-57cc-425b-90ef-9bcaa62a7535@group-7704A457760D, cid=2797, SUCCESS, logIndex=4764, commits[0c156e3c-57cc-425b-90ef-9bcaa62a7535:c4764]
2019-06-14 13:46:01,346 INFO  client.GrpcClientProtocolClient (GrpcClientProtocolClient.java:onNext(254)) - client-E0FA40453D59->0c156e3c-57cc-425b-90ef-9bcaa62a7535: receive RaftClientReply:client-E0FA40453D59->0c156e3c-57cc-425b-90ef-9bcaa62a7535@group-7704A457760D, cid=2798, SUCCESS, logIndex=4766, commits[0c156e3c-57cc-425b-90ef-9bcaa62a7535:c4766]
2019-06-14 13:46:01,347 INFO  client.GrpcClientProtocolClient (GrpcClientProtocolClient.java:onNext(254)) - client-E0FA40453D59->0c156e3c-57cc-425b-90ef-9bcaa62a7535: receive RaftClientReply:client-E0FA40453D59->0c156e3c-57cc-425b-90ef-9bcaa62a7535@group-7704A457760D, cid=2799, SUCCESS, logIndex=4767, commits[0c156e3c-57cc-425b-90ef-9bcaa62a7535:c4769]
2019-06-14 13:46:01,347 INFO  client.GrpcClientProtocolClient (GrpcClientProtocolClient.java:onNext(254)) - client-E0FA40453D59->0c156e3c-57cc-425b-90ef-9bcaa62a7535: receive RaftClientReply:client-E0FA40453D59->0c156e3c-57cc-425b-90ef-9bcaa62a7535@group-7704A457760D, cid=2800, SUCCESS, logIndex=4768, commits[0c156e3c-57cc-425b-90ef-9bcaa62a7535:c4769]
2019-06-14 13:46:01,358 INFO  client.GrpcClientProtocolClient (GrpcClientProtocolClient.java:onNext(254)) - client-E0FA40453D59->0c156e3c-57cc-425b-90ef-9bcaa62a7535: receive RaftClientReply:client-E0FA40453D59->0c156e3c-57cc-425b-90ef-9bcaa62a7535@group-7704A457760D, cid=2801, SUCCESS, logIndex=4770, commits[0c156e3c-57cc-425b-90ef-9bcaa62a7535:c4770]
2019-06-14 13:46:01,361 INFO  client.GrpcClientProtocolClient (GrpcClientProtocolClient.java:onNext(254)) - client-E0FA40453D59->0c156e3c-57cc-425b-90ef-9bcaa62a7535: receive RaftClientReply:client-E0FA40453D59->0c156e3c-57cc-425b-90ef-9bcaa62a7535@group-7704A457760D, cid=2802, SUCCESS, logIndex=4772, commits[0c156e3c-57cc-425b-90ef-9bcaa62a7535:c4775]
2019-06-14 13:46:01,362 INFO  client.GrpcClientProtocolClient (GrpcClientProtocolClient.java:onNext(254)) - client-E0FA40453D59->0c156e3c-57cc-425b-90ef-9bcaa62a7535: receive RaftClientReply:client-E0FA40453D59->0c156e3c-57cc-425b-90ef-9bcaa62a7535@group-7704A457760D, cid=2803, SUCCESS, logIndex=4773, commits[0c156e3c-57cc-425b-90ef-9bcaa62a7535:c4775]
2019-06-14 13:46:01,363 INFO  client.GrpcClientProtocolClient (GrpcClientProtocolClient.java:onNext(254)) - client-E0FA40453D59->0c156e3c-57cc-425b-90ef-9bcaa62a7535: receive RaftClientReply:client-E0FA40453D59->0c156e3c-57cc-425b-90ef-9bcaa62a7535@group-7704A457760D, cid=2804, SUCCESS, logIndex=4774, commits[0c156e3c-57cc-425b-90ef-9bcaa62a7535:c4775]
2019-06-14 13:46:01,371 INFO  client.GrpcClientProtocolClient (GrpcClientProtocolClient.java:onNext(254)) - client-E0FA40453D59->0c156e3c-57cc-425b-90ef-9bcaa62a7535: receive RaftClientReply:client-E0FA40453D59->0c156e3c-57cc-425b-90ef-9bcaa62a7535@group-7704A457760D, cid=2805, SUCCESS, logIndex=4776, commits[0c156e3c-57cc-425b-90ef-9bcaa62a7535:c4776]
2019-06-14 13:46:01,373 INFO  client.GrpcClientProtocolClient (GrpcClientProtocolClient.java:onNext(254)) - client-E0FA40453D59->0c156e3c-57cc-425b-90ef-9bcaa62a7535: receive RaftClientReply:client-E0FA40453D59->0c156e3c-57cc-425b-90ef-9bcaa62a7535@group-7704A457760D, cid=2806, SUCCESS, logIndex=4778, commits[0c156e3c-57cc-425b-90ef-9bcaa62a7535:c4778]
2019-06-14 13:46:01,374 INFO  client.GrpcClientProtocolClient (GrpcClientProtocolClient.java:onNext(254)) - client-E0FA40453D59->0c156e3c-57cc-425b-90ef-9bcaa62a7535: receive RaftClientReply:client-E0FA40453D59->0c156e3c-57cc-425b-90ef-9bcaa62a7535@group-7704A457760D, cid=2807, SUCCESS, logIndex=4779, commits[0c156e3c-57cc-425b-90ef-9bcaa62a7535:c4781]
2019-06-14 13:46:01,374 INFO  client.GrpcClientProtocolClient (GrpcClientProtocolClient.java:onNext(254)) - client-E0FA40453D59->0c156e3c-57cc-425b-90ef-9bcaa62a7535: receive RaftClientReply:client-E0FA40453D59->0c156e3c-57cc-425b-90ef-9bcaa62a7535@group-7704A457760D, cid=2808, SUCCESS, logIndex=4780, commits[0c156e3c-57cc-425b-90ef-9bcaa62a7535:c4781]
2019-06-14 13:46:01,384 INFO  client.GrpcClientProtocolClient (GrpcClientProtocolClient.java:onNext(254)) - client-E0FA40453D59->0c156e3c-57cc-425b-90ef-9bcaa62a7535: receive RaftClientReply:client-E0FA40453D59->0c156e3c-57cc-425b-90ef-9bcaa62a7535@group-7704A457760D, cid=2809, SUCCESS, logIndex=4782, commits[0c156e3c-57cc-425b-90ef-9bcaa62a7535:c4782]
2019-06-14 13:46:01,386 INFO  client.GrpcClientProtocolClient (GrpcClientProtocolClient.java:onNext(254)) - client-E0FA40453D59->0c156e3c-57cc-425b-90ef-9bcaa62a7535: receive RaftClientReply:client-E0FA40453D59->0c156e3c-57cc-425b-90ef-9bcaa62a7535@group-7704A457760D, cid=2810, SUCCESS, logIndex=4784, commits[0c156e3c-57cc-425b-90ef-9bcaa62a7535:c4784]
2019-06-14 13:46:01,387 INFO  client.GrpcClientProtocolClient (GrpcClientProtocolClient.java:onNext(254)) - client-E0FA40453D59->0c156e3c-57cc-425b-90ef-9bcaa62a7535: receive RaftClientReply:client-E0FA40453D59->0c156e3c-57cc-425b-90ef-9bcaa62a7535@group-7704A457760D, cid=2811, SUCCESS, logIndex=4785, commits[0c156e3c-57cc-425b-90ef-9bcaa62a7535:c4787]
2019-06-14 13:46:01,388 INFO  client.GrpcClientProtocolClient (GrpcClientProtocolClient.java:onNext(254)) - client-E0FA40453D59->0c156e3c-57cc-425b-90ef-9bcaa62a7535: receive RaftClientReply:client-E0FA40453D59->0c156e3c-57cc-425b-90ef-9bcaa62a7535@group-7704A457760D, cid=2812, SUCCESS, logIndex=4786, commits[0c156e3c-57cc-425b-90ef-9bcaa62a7535:c4787]
2019-06-14 13:46:01,393 INFO  client.GrpcClientProtocolClient (GrpcClientProtocolClient.java:onNext(254)) - client-E0FA40453D59->0c156e3c-57cc-425b-90ef-9bcaa62a7535: receive RaftClientReply:client-E0FA40453D59->0c156e3c-57cc-425b-90ef-9bcaa62a7535@group-7704A457760D, cid=2813, SUCCESS, logIndex=4788, commits[0c156e3c-57cc-425b-90ef-9bcaa62a7535:c4788]
2019-06-14 13:46:01,395 INFO  client.GrpcClientProtocolClient (GrpcClientProtocolClient.java:onNext(254)) - client-E0FA40453D59->0c156e3c-57cc-425b-90ef-9bcaa62a7535: receive RaftClientReply:client-E0FA40453D59->0c156e3c-57cc-425b-90ef-9bcaa62a7535@group-7704A457760D, cid=2814, SUCCESS, logIndex=4790, commits[0c156e3c-57cc-425b-90ef-9bcaa62a7535:c4790]
2019-06-14 13:46:01,396 INFO  client.GrpcClientProtocolClient (GrpcClientProtocolClient.java:onNext(254)) - client-E0FA40453D59->0c156e3c-57cc-425b-90ef-9bcaa62a7535: receive RaftClientReply:client-E0FA40453D59->0c156e3c-57cc-425b-90ef-9bcaa62a7535@group-7704A457760D, cid=2815, SUCCESS, logIndex=4791, commits[0c156e3c-57cc-425b-90ef-9bcaa62a7535:c4793]
2019-06-14 13:46:01,397 INFO  client.GrpcClientProtocolClient (GrpcClientProtocolClient.java:onNext(254)) - client-E0FA40453D59->0c156e3c-57cc-425b-90ef-9bcaa62a7535: receive RaftClientReply:client-E0FA40453D59->0c156e3c-57cc-425b-90ef-9bcaa62a7535@group-7704A457760D, cid=2816, SUCCESS, logIndex=4792, commits[0c156e3c-57cc-425b-90ef-9bcaa62a7535:c4793]
2019-06-14 13:46:01,408 INFO  client.GrpcClientProtocolClient (GrpcClientProtocolClient.java:onNext(254)) - client-E0FA40453D59->0c156e3c-57cc-425b-90ef-9bcaa62a7535: receive RaftClientReply:client-E0FA40453D59->0c156e3c-57cc-425b-90ef-9bcaa62a7535@group-7704A457760D, cid=2817, SUCCESS, logIndex=4794, commits[0c156e3c-57cc-425b-90ef-9bcaa62a7535:c4794]
2019-06-14 13:46:01,414 INFO  client.GrpcClientProtocolClient (GrpcClientProtocolClient.java:onNext(254)) - client-E0FA40453D59->0c156e3c-57cc-425b-90ef-9bcaa62a7535: receive RaftClientReply:client-E0FA40453D59->0c156e3c-57cc-425b-90ef-9bcaa62a7535@group-7704A457760D, cid=2818, SUCCESS, logIndex=4796, commits[0c156e3c-57cc-425b-90ef-9bcaa62a7535:c4796]
2019-06-14 13:46:01,418 INFO  client.GrpcClientProtocolClient (GrpcClientProtocolClient.java:onNext(254)) - client-E0FA40453D59->0c156e3c-57cc-425b-90ef-9bcaa62a7535: receive RaftClientReply:client-E0FA40453D59->0c156e3c-57cc-425b-90ef-9bcaa62a7535@group-7704A457760D, cid=2819, SUCCESS, logIndex=4797, commits[0c156e3c-57cc-425b-90ef-9bcaa62a7535:c4799]
2019-06-14 13:46:01,418 INFO  client.GrpcClientProtocolClient (GrpcClientProtocolClient.java:onNext(254)) - client-E0FA40453D59->0c156e3c-57cc-425b-90ef-9bcaa62a7535: receive RaftClientReply:client-E0FA40453D59->0c156e3c-57cc-425b-90ef-9bcaa62a7535@group-7704A457760D, cid=2820, SUCCESS, logIndex=4798, commits[0c156e3c-57cc-425b-90ef-9bcaa62a7535:c4799]
2019-06-14 13:46:01,419 DEBUG block.SCMBlockDeletingService (SCMBlockDeletingService.java:call(138)) - Running DeletedBlockTransactionScanner
2019-06-14 13:46:01,419 DEBUG block.SCMBlockDeletingService (SCMBlockDeletingService.java:call(155)) - Scanned deleted blocks log and got 0 delTX to process.
2019-06-14 13:46:01,425 INFO  client.GrpcClientProtocolClient (GrpcClientProtocolClient.java:onNext(254)) - client-E0FA40453D59->0c156e3c-57cc-425b-90ef-9bcaa62a7535: receive RaftClientReply:client-E0FA40453D59->0c156e3c-57cc-425b-90ef-9bcaa62a7535@group-7704A457760D, cid=2821, SUCCESS, logIndex=4800, commits[0c156e3c-57cc-425b-90ef-9bcaa62a7535:c4800]
2019-06-14 13:46:01,430 INFO  client.GrpcClientProtocolClient (GrpcClientProtocolClient.java:onNext(254)) - client-E0FA40453D59->0c156e3c-57cc-425b-90ef-9bcaa62a7535: receive RaftClientReply:client-E0FA40453D59->0c156e3c-57cc-425b-90ef-9bcaa62a7535@group-7704A457760D, cid=2822, SUCCESS, logIndex=4802, commits[0c156e3c-57cc-425b-90ef-9bcaa62a7535:c4802]
2019-06-14 13:46:01,431 INFO  client.GrpcClientProtocolClient (GrpcClientProtocolClient.java:onNext(254)) - client-E0FA40453D59->0c156e3c-57cc-425b-90ef-9bcaa62a7535: receive RaftClientReply:client-E0FA40453D59->0c156e3c-57cc-425b-90ef-9bcaa62a7535@group-7704A457760D, cid=2823, SUCCESS, logIndex=4803, commits[0c156e3c-57cc-425b-90ef-9bcaa62a7535:c4805]
2019-06-14 13:46:01,431 INFO  client.GrpcClientProtocolClient (GrpcClientProtocolClient.java:onNext(254)) - client-E0FA40453D59->0c156e3c-57cc-425b-90ef-9bcaa62a7535: receive RaftClientReply:client-E0FA40453D59->0c156e3c-57cc-425b-90ef-9bcaa62a7535@group-7704A457760D, cid=2824, SUCCESS, logIndex=4804, commits[0c156e3c-57cc-425b-90ef-9bcaa62a7535:c4805]
2019-06-14 13:46:01,440 INFO  client.GrpcClientProtocolClient (GrpcClientProtocolClient.java:onNext(254)) - client-E0FA40453D59->0c156e3c-57cc-425b-90ef-9bcaa62a7535: receive RaftClientReply:client-E0FA40453D59->0c156e3c-57cc-425b-90ef-9bcaa62a7535@group-7704A457760D, cid=2825, SUCCESS, logIndex=4806, commits[0c156e3c-57cc-425b-90ef-9bcaa62a7535:c4806]
2019-06-14 13:46:01,442 INFO  client.GrpcClientProtocolClient (GrpcClientProtocolClient.java:onNext(254)) - client-E0FA40453D59->0c156e3c-57cc-425b-90ef-9bcaa62a7535: receive RaftClientReply:client-E0FA40453D59->0c156e3c-57cc-425b-90ef-9bcaa62a7535@group-7704A457760D, cid=2826, SUCCESS, logIndex=4808, commits[0c156e3c-57cc-425b-90ef-9bcaa62a7535:c4808]
2019-06-14 13:46:01,443 INFO  client.GrpcClientProtocolClient (GrpcClientProtocolClient.java:onNext(254)) - client-E0FA40453D59->0c156e3c-57cc-425b-90ef-9bcaa62a7535: receive RaftClientReply:client-E0FA40453D59->0c156e3c-57cc-425b-90ef-9bcaa62a7535@group-7704A457760D, cid=2827, SUCCESS, logIndex=4809, commits[0c156e3c-57cc-425b-90ef-9bcaa62a7535:c4811]
2019-06-14 13:46:01,443 INFO  client.GrpcClientProtocolClient (GrpcClientProtocolClient.java:onNext(254)) - client-E0FA40453D59->0c156e3c-57cc-425b-90ef-9bcaa62a7535: receive RaftClientReply:client-E0FA40453D59->0c156e3c-57cc-425b-90ef-9bcaa62a7535@group-7704A457760D, cid=2828, SUCCESS, logIndex=4810, commits[0c156e3c-57cc-425b-90ef-9bcaa62a7535:c4811]
2019-06-14 13:46:01,519 DEBUG block.SCMBlockDeletingService (SCMBlockDeletingService.java:call(138)) - Running DeletedBlockTransactionScanner
2019-06-14 13:46:01,519 DEBUG block.SCMBlockDeletingService (SCMBlockDeletingService.java:call(155)) - Scanned deleted blocks log and got 0 delTX to process.
2019-06-14 13:46:01,542 INFO  client.GrpcClientProtocolClient (GrpcClientProtocolClient.java:onNext(254)) - client-E0FA40453D59->0c156e3c-57cc-425b-90ef-9bcaa62a7535: receive RaftClientReply:client-E0FA40453D59->0c156e3c-57cc-425b-90ef-9bcaa62a7535@group-7704A457760D, cid=2829, SUCCESS, logIndex=4812, commits[0c156e3c-57cc-425b-90ef-9bcaa62a7535:c4812]
2019-06-14 13:46:01,543 INFO  storage.RaftLogWorker (RaftLogWorker.java:rollLogSegment(303)) - 0c156e3c-57cc-425b-90ef-9bcaa62a7535-RaftLogWorker: Rolling segment log-4752_4815 to index:4815
2019-06-14 13:46:01,544 INFO  client.GrpcClientProtocolClient (GrpcClientProtocolClient.java:onNext(254)) - client-E0FA40453D59->0c156e3c-57cc-425b-90ef-9bcaa62a7535: receive RaftClientReply:client-E0FA40453D59->0c156e3c-57cc-425b-90ef-9bcaa62a7535@group-7704A457760D, cid=2830, SUCCESS, logIndex=4814, commits[0c156e3c-57cc-425b-90ef-9bcaa62a7535:c4814]
2019-06-14 13:46:01,545 INFO  storage.RaftLogWorker (RaftLogWorker.java:execute(433)) - 0c156e3c-57cc-425b-90ef-9bcaa62a7535-RaftLogWorker: Rolled log segment from /opt/src/hadoop-ozone/integration-test/target/test-dir/MiniOzoneClusterImpl-8919240e-7e15-4dbf-8bf4-c210578586bb/datanode-0/data/ratis/1fc53845-3381-4beb-82f9-7704a457760d/current/log_inprogress_4752 to /opt/src/hadoop-ozone/integration-test/target/test-dir/MiniOzoneClusterImpl-8919240e-7e15-4dbf-8bf4-c210578586bb/datanode-0/data/ratis/1fc53845-3381-4beb-82f9-7704a457760d/current/log_4752-4815
2019-06-14 13:46:01,550 INFO  client.GrpcClientProtocolClient (GrpcClientProtocolClient.java:onNext(254)) - client-E0FA40453D59->0c156e3c-57cc-425b-90ef-9bcaa62a7535: receive RaftClientReply:client-E0FA40453D59->0c156e3c-57cc-425b-90ef-9bcaa62a7535@group-7704A457760D, cid=2831, SUCCESS, logIndex=4815, commits[0c156e3c-57cc-425b-90ef-9bcaa62a7535:c4815]
2019-06-14 13:46:01,585 INFO  storage.RaftLogWorker (RaftLogWorker.java:execute(469)) - 0c156e3c-57cc-425b-90ef-9bcaa62a7535-RaftLogWorker: created new log segment /opt/src/hadoop-ozone/integration-test/target/test-dir/MiniOzoneClusterImpl-8919240e-7e15-4dbf-8bf4-c210578586bb/datanode-0/data/ratis/1fc53845-3381-4beb-82f9-7704a457760d/current/log_inprogress_4816
2019-06-14 13:46:01,586 INFO  client.GrpcClientProtocolClient (GrpcClientProtocolClient.java:onNext(254)) - client-E0FA40453D59->0c156e3c-57cc-425b-90ef-9bcaa62a7535: receive RaftClientReply:client-E0FA40453D59->0c156e3c-57cc-425b-90ef-9bcaa62a7535@group-7704A457760D, cid=2832, SUCCESS, logIndex=4816, commits[0c156e3c-57cc-425b-90ef-9bcaa62a7535:c4818]
2019-06-14 13:46:01,596 INFO  client.GrpcClientProtocolClient (GrpcClientProtocolClient.java:onNext(254)) - client-E0FA40453D59->0c156e3c-57cc-425b-90ef-9bcaa62a7535: receive RaftClientReply:client-E0FA40453D59->0c156e3c-57cc-425b-90ef-9bcaa62a7535@group-7704A457760D, cid=2833, SUCCESS, logIndex=4819, commits[0c156e3c-57cc-425b-90ef-9bcaa62a7535:c4819]
2019-06-14 13:46:01,598 INFO  client.GrpcClientProtocolClient (GrpcClientProtocolClient.java:onNext(254)) - client-E0FA40453D59->0c156e3c-57cc-425b-90ef-9bcaa62a7535: receive RaftClientReply:client-E0FA40453D59->0c156e3c-57cc-425b-90ef-9bcaa62a7535@group-7704A457760D, cid=2834, SUCCESS, logIndex=4821, commits[0c156e3c-57cc-425b-90ef-9bcaa62a7535:c4821]
2019-06-14 13:46:01,600 INFO  client.GrpcClientProtocolClient (GrpcClientProtocolClient.java:onNext(254)) - client-E0FA40453D59->0c156e3c-57cc-425b-90ef-9bcaa62a7535: receive RaftClientReply:client-E0FA40453D59->0c156e3c-57cc-425b-90ef-9bcaa62a7535@group-7704A457760D, cid=2835, SUCCESS, logIndex=4822, commits[0c156e3c-57cc-425b-90ef-9bcaa62a7535:c4824]
2019-06-14 13:46:01,600 INFO  client.GrpcClientProtocolClient (GrpcClientProtocolClient.java:onNext(254)) - client-E0FA40453D59->0c156e3c-57cc-425b-90ef-9bcaa62a7535: receive RaftClientReply:client-E0FA40453D59->0c156e3c-57cc-425b-90ef-9bcaa62a7535@group-7704A457760D, cid=2836, SUCCESS, logIndex=4823, commits[0c156e3c-57cc-425b-90ef-9bcaa62a7535:c4824]
2019-06-14 13:46:01,608 INFO  client.GrpcClientProtocolClient (GrpcClientProtocolClient.java:onNext(254)) - client-E0FA40453D59->0c156e3c-57cc-425b-90ef-9bcaa62a7535: receive RaftClientReply:client-E0FA40453D59->0c156e3c-57cc-425b-90ef-9bcaa62a7535@group-7704A457760D, cid=2837, SUCCESS, logIndex=4825, commits[0c156e3c-57cc-425b-90ef-9bcaa62a7535:c4825]
2019-06-14 13:46:01,610 INFO  client.GrpcClientProtocolClient (GrpcClientProtocolClient.java:onNext(254)) - client-E0FA40453D59->0c156e3c-57cc-425b-90ef-9bcaa62a7535: receive RaftClientReply:client-E0FA40453D59->0c156e3c-57cc-425b-90ef-9bcaa62a7535@group-7704A457760D, cid=2838, SUCCESS, logIndex=4827, commits[0c156e3c-57cc-425b-90ef-9bcaa62a7535:c4827]
2019-06-14 13:46:01,611 INFO  client.GrpcClientProtocolClient (GrpcClientProtocolClient.java:onNext(254)) - client-E0FA40453D59->0c156e3c-57cc-425b-90ef-9bcaa62a7535: receive RaftClientReply:client-E0FA40453D59->0c156e3c-57cc-425b-90ef-9bcaa62a7535@group-7704A457760D, cid=2839, SUCCESS, logIndex=4828, commits[0c156e3c-57cc-425b-90ef-9bcaa62a7535:c4830]
2019-06-14 13:46:01,614 INFO  client.GrpcClientProtocolClient (GrpcClientProtocolClient.java:onNext(254)) - client-E0FA40453D59->0c156e3c-57cc-425b-90ef-9bcaa62a7535: receive RaftClientReply:client-E0FA40453D59->0c156e3c-57cc-425b-90ef-9bcaa62a7535@group-7704A457760D, cid=2840, SUCCESS, logIndex=4829, commits[0c156e3c-57cc-425b-90ef-9bcaa62a7535:c4830]
2019-06-14 13:46:01,620 DEBUG block.SCMBlockDeletingService (SCMBlockDeletingService.java:call(138)) - Running DeletedBlockTransactionScanner
2019-06-14 13:46:01,620 DEBUG block.SCMBlockDeletingService (SCMBlockDeletingService.java:call(155)) - Scanned deleted blocks log and got 0 delTX to process.
2019-06-14 13:46:01,629 INFO  client.GrpcClientProtocolClient (GrpcClientProtocolClient.java:onNext(254)) - client-E0FA40453D59->0c156e3c-57cc-425b-90ef-9bcaa62a7535: receive RaftClientReply:client-E0FA40453D59->0c156e3c-57cc-425b-90ef-9bcaa62a7535@group-7704A457760D, cid=2841, SUCCESS, logIndex=4831, commits[0c156e3c-57cc-425b-90ef-9bcaa62a7535:c4832]
2019-06-14 13:46:01,635 INFO  client.GrpcClientProtocolClient (GrpcClientProtocolClient.java:onNext(254)) - client-E0FA40453D59->0c156e3c-57cc-425b-90ef-9bcaa62a7535: receive RaftClientReply:client-E0FA40453D59->0c156e3c-57cc-425b-90ef-9bcaa62a7535@group-7704A457760D, cid=2842, SUCCESS, logIndex=4833, commits[0c156e3c-57cc-425b-90ef-9bcaa62a7535:c4837]
2019-06-14 13:46:01,635 INFO  client.GrpcClientProtocolClient (GrpcClientProtocolClient.java:onNext(254)) - client-E0FA40453D59->0c156e3c-57cc-425b-90ef-9bcaa62a7535: receive RaftClientReply:client-E0FA40453D59->0c156e3c-57cc-425b-90ef-9bcaa62a7535@group-7704A457760D, cid=2843, SUCCESS, logIndex=4835, commits[0c156e3c-57cc-425b-90ef-9bcaa62a7535:c4837]
2019-06-14 13:46:01,635 INFO  client.GrpcClientProtocolClient (GrpcClientProtocolClient.java:onNext(254)) - client-E0FA40453D59->0c156e3c-57cc-425b-90ef-9bcaa62a7535: receive RaftClientReply:client-E0FA40453D59->0c156e3c-57cc-425b-90ef-9bcaa62a7535@group-7704A457760D, cid=2844, SUCCESS, logIndex=4836, commits[0c156e3c-57cc-425b-90ef-9bcaa62a7535:c4837]
2019-06-14 13:46:01,646 INFO  client.GrpcClientProtocolClient (GrpcClientProtocolClient.java:onNext(254)) - client-E0FA40453D59->0c156e3c-57cc-425b-90ef-9bcaa62a7535: receive RaftClientReply:client-E0FA40453D59->0c156e3c-57cc-425b-90ef-9bcaa62a7535@group-7704A457760D, cid=2845, SUCCESS, logIndex=4838, commits[0c156e3c-57cc-425b-90ef-9bcaa62a7535:c4838]
2019-06-14 13:46:01,647 INFO  client.GrpcClientProtocolClient (GrpcClientProtocolClient.java:onNext(254)) - client-E0FA40453D59->0c156e3c-57cc-425b-90ef-9bcaa62a7535: receive RaftClientReply:client-E0FA40453D59->0c156e3c-57cc-425b-90ef-9bcaa62a7535@group-7704A457760D, cid=2846, SUCCESS, logIndex=4840, commits[0c156e3c-57cc-425b-90ef-9bcaa62a7535:c4840]
2019-06-14 13:46:01,648 INFO  client.GrpcClientProtocolClient (GrpcClientProtocolClient.java:onNext(254)) - client-E0FA40453D59->0c156e3c-57cc-425b-90ef-9bcaa62a7535: receive RaftClientReply:client-E0FA40453D59->0c156e3c-57cc-425b-90ef-9bcaa62a7535@group-7704A457760D, cid=2847, SUCCESS, logIndex=4841, commits[0c156e3c-57cc-425b-90ef-9bcaa62a7535:c4843]
2019-06-14 13:46:01,649 INFO  client.GrpcClientProtocolClient (GrpcClientProtocolClient.java:onNext(254)) - client-E0FA40453D59->0c156e3c-57cc-425b-90ef-9bcaa62a7535: receive RaftClientReply:client-E0FA40453D59->0c156e3c-57cc-425b-90ef-9bcaa62a7535@group-7704A457760D, cid=2848, SUCCESS, logIndex=4842, commits[0c156e3c-57cc-425b-90ef-9bcaa62a7535:c4843]
2019-06-14 13:46:01,663 INFO  client.GrpcClientProtocolClient (GrpcClientProtocolClient.java:onNext(254)) - client-E0FA40453D59->0c156e3c-57cc-425b-90ef-9bcaa62a7535: receive RaftClientReply:client-E0FA40453D59->0c156e3c-57cc-425b-90ef-9bcaa62a7535@group-7704A457760D, cid=2849, SUCCESS, logIndex=4844, commits[0c156e3c-57cc-425b-90ef-9bcaa62a7535:c4844]
2019-06-14 13:46:01,665 INFO  client.GrpcClientProtocolClient (GrpcClientProtocolClient.java:onNext(254)) - client-E0FA40453D59->0c156e3c-57cc-425b-90ef-9bcaa62a7535: receive RaftClientReply:client-E0FA40453D59->0c156e3c-57cc-425b-90ef-9bcaa62a7535@group-7704A457760D, cid=2850, SUCCESS, logIndex=4846, commits[0c156e3c-57cc-425b-90ef-9bcaa62a7535:c4846]
2019-06-14 13:46:01,666 INFO  client.GrpcClientProtocolClient (GrpcClientProtocolClient.java:onNext(254)) - client-E0FA40453D59->0c156e3c-57cc-425b-90ef-9bcaa62a7535: receive RaftClientReply:client-E0FA40453D59->0c156e3c-57cc-425b-90ef-9bcaa62a7535@group-7704A457760D, cid=2851, SUCCESS, logIndex=4847, commits[0c156e3c-57cc-425b-90ef-9bcaa62a7535:c4849]
2019-06-14 13:46:01,666 INFO  client.GrpcClientProtocolClient (GrpcClientProtocolClient.java:onNext(254)) - client-E0FA40453D59->0c156e3c-57cc-425b-90ef-9bcaa62a7535: receive RaftClientReply:client-E0FA40453D59->0c156e3c-57cc-425b-90ef-9bcaa62a7535@group-7704A457760D, cid=2852, SUCCESS, logIndex=4848, commits[0c156e3c-57cc-425b-90ef-9bcaa62a7535:c4849]
2019-06-14 13:46:01,671 INFO  client.GrpcClientProtocolClient (GrpcClientProtocolClient.java:onNext(254)) - client-E0FA40453D59->0c156e3c-57cc-425b-90ef-9bcaa62a7535: receive RaftClientReply:client-E0FA40453D59->0c156e3c-57cc-425b-90ef-9bcaa62a7535@group-7704A457760D, cid=2853, SUCCESS, logIndex=4850, commits[0c156e3c-57cc-425b-90ef-9bcaa62a7535:c4850]
2019-06-14 13:46:01,672 INFO  client.GrpcClientProtocolClient (GrpcClientProtocolClient.java:onNext(254)) - client-E0FA40453D59->0c156e3c-57cc-425b-90ef-9bcaa62a7535: receive RaftClientReply:client-E0FA40453D59->0c156e3c-57cc-425b-90ef-9bcaa62a7535@group-7704A457760D, cid=2854, SUCCESS, logIndex=4852, commits[0c156e3c-57cc-425b-90ef-9bcaa62a7535:c4852]
2019-06-14 13:46:01,674 INFO  client.GrpcClientProtocolClient (GrpcClientProtocolClient.java:onNext(254)) - client-E0FA40453D59->0c156e3c-57cc-425b-90ef-9bcaa62a7535: receive RaftClientReply:client-E0FA40453D59->0c156e3c-57cc-425b-90ef-9bcaa62a7535@group-7704A457760D, cid=2855, SUCCESS, logIndex=4853, commits[0c156e3c-57cc-425b-90ef-9bcaa62a7535:c4855]
2019-06-14 13:46:01,674 INFO  client.GrpcClientProtocolClient (GrpcClientProtocolClient.java:onNext(254)) - client-E0FA40453D59->0c156e3c-57cc-425b-90ef-9bcaa62a7535: receive RaftClientReply:client-E0FA40453D59->0c156e3c-57cc-425b-90ef-9bcaa62a7535@group-7704A457760D, cid=2856, SUCCESS, logIndex=4854, commits[0c156e3c-57cc-425b-90ef-9bcaa62a7535:c4855]
2019-06-14 13:46:01,691 INFO  client.GrpcClientProtocolClient (GrpcClientProtocolClient.java:onNext(254)) - client-E0FA40453D59->0c156e3c-57cc-425b-90ef-9bcaa62a7535: receive RaftClientReply:client-E0FA40453D59->0c156e3c-57cc-425b-90ef-9bcaa62a7535@group-7704A457760D, cid=2857, SUCCESS, logIndex=4856, commits[0c156e3c-57cc-425b-90ef-9bcaa62a7535:c4857]
2019-06-14 13:46:01,694 INFO  client.GrpcClientProtocolClient (GrpcClientProtocolClient.java:onNext(254)) - client-E0FA40453D59->0c156e3c-57cc-425b-90ef-9bcaa62a7535: receive RaftClientReply:client-E0FA40453D59->0c156e3c-57cc-425b-90ef-9bcaa62a7535@group-7704A457760D, cid=2858, SUCCESS, logIndex=4858, commits[0c156e3c-57cc-425b-90ef-9bcaa62a7535:c4863]
2019-06-14 13:46:01,698 INFO  client.GrpcClientProtocolClient (GrpcClientProtocolClient.java:onNext(254)) - client-E0FA40453D59->0c156e3c-57cc-425b-90ef-9bcaa62a7535: receive RaftClientReply:client-E0FA40453D59->0c156e3c-57cc-425b-90ef-9bcaa62a7535@group-7704A457760D, cid=2859, SUCCESS, logIndex=4859, commits[0c156e3c-57cc-425b-90ef-9bcaa62a7535:c4863]
2019-06-14 13:46:01,702 INFO  client.GrpcClientProtocolClient (GrpcClientProtocolClient.java:onNext(254)) - client-E0FA40453D59->0c156e3c-57cc-425b-90ef-9bcaa62a7535: receive RaftClientReply:client-E0FA40453D59->0c156e3c-57cc-425b-90ef-9bcaa62a7535@group-7704A457760D, cid=2860, SUCCESS, logIndex=4861, commits[0c156e3c-57cc-425b-90ef-9bcaa62a7535:c4863]
2019-06-14 13:46:01,712 INFO  client.GrpcClientProtocolClient (GrpcClientProtocolClient.java:onNext(254)) - client-E0FA40453D59->0c156e3c-57cc-425b-90ef-9bcaa62a7535: receive RaftClientReply:client-E0FA40453D59->0c156e3c-57cc-425b-90ef-9bcaa62a7535@group-7704A457760D, cid=2861, SUCCESS, logIndex=4864, commits[0c156e3c-57cc-425b-90ef-9bcaa62a7535:c4864]
2019-06-14 13:46:01,715 INFO  client.GrpcClientProtocolClient (GrpcClientProtocolClient.java:onNext(254)) - client-E0FA40453D59->0c156e3c-57cc-425b-90ef-9bcaa62a7535: receive RaftClientReply:client-E0FA40453D59->0c156e3c-57cc-425b-90ef-9bcaa62a7535@group-7704A457760D, cid=2862, SUCCESS, logIndex=4866, commits[0c156e3c-57cc-425b-90ef-9bcaa62a7535:c4866]
2019-06-14 13:46:01,715 INFO  client.GrpcClientProtocolClient (GrpcClientProtocolClient.java:onNext(254)) - client-E0FA40453D59->0c156e3c-57cc-425b-90ef-9bcaa62a7535: receive RaftClientReply:client-E0FA40453D59->0c156e3c-57cc-425b-90ef-9bcaa62a7535@group-7704A457760D, cid=2863, SUCCESS, logIndex=4867, commits[0c156e3c-57cc-425b-90ef-9bcaa62a7535:c4869]
2019-06-14 13:46:01,715 INFO  client.GrpcClientProtocolClient (GrpcClientProtocolClient.java:onNext(254)) - client-E0FA40453D59->0c156e3c-57cc-425b-90ef-9bcaa62a7535: receive RaftClientReply:client-E0FA40453D59->0c156e3c-57cc-425b-90ef-9bcaa62a7535@group-7704A457760D, cid=2864, SUCCESS, logIndex=4868, commits[0c156e3c-57cc-425b-90ef-9bcaa62a7535:c4869]
2019-06-14 13:46:01,720 DEBUG block.SCMBlockDeletingService (SCMBlockDeletingService.java:call(138)) - Running DeletedBlockTransactionScanner
2019-06-14 13:46:01,720 DEBUG block.SCMBlockDeletingService (SCMBlockDeletingService.java:call(155)) - Scanned deleted blocks log and got 0 delTX to process.
2019-06-14 13:46:01,726 INFO  client.GrpcClientProtocolClient (GrpcClientProtocolClient.java:onNext(254)) - client-E0FA40453D59->0c156e3c-57cc-425b-90ef-9bcaa62a7535: receive RaftClientReply:client-E0FA40453D59->0c156e3c-57cc-425b-90ef-9bcaa62a7535@group-7704A457760D, cid=2865, SUCCESS, logIndex=4870, commits[0c156e3c-57cc-425b-90ef-9bcaa62a7535:c4870]
2019-06-14 13:46:01,729 INFO  client.GrpcClientProtocolClient (GrpcClientProtocolClient.java:onNext(254)) - client-E0FA40453D59->0c156e3c-57cc-425b-90ef-9bcaa62a7535: receive RaftClientReply:client-E0FA40453D59->0c156e3c-57cc-425b-90ef-9bcaa62a7535@group-7704A457760D, cid=2866, SUCCESS, logIndex=4872, commits[0c156e3c-57cc-425b-90ef-9bcaa62a7535:c4872]
2019-06-14 13:46:01,730 INFO  client.GrpcClientProtocolClient (GrpcClientProtocolClient.java:onNext(254)) - client-E0FA40453D59->0c156e3c-57cc-425b-90ef-9bcaa62a7535: receive RaftClientReply:client-E0FA40453D59->0c156e3c-57cc-425b-90ef-9bcaa62a7535@group-7704A457760D, cid=2867, SUCCESS, logIndex=4873, commits[0c156e3c-57cc-425b-90ef-9bcaa62a7535:c4875]
2019-06-14 13:46:01,730 INFO  client.GrpcClientProtocolClient (GrpcClientProtocolClient.java:onNext(254)) - client-E0FA40453D59->0c156e3c-57cc-425b-90ef-9bcaa62a7535: receive RaftClientReply:client-E0FA40453D59->0c156e3c-57cc-425b-90ef-9bcaa62a7535@group-7704A457760D, cid=2868, SUCCESS, logIndex=4875, commits[0c156e3c-57cc-425b-90ef-9bcaa62a7535:c4876]
2019-06-14 13:46:01,784 INFO  client.GrpcClientProtocolClient (GrpcClientProtocolClient.java:onNext(254)) - client-E0FA40453D59->0c156e3c-57cc-425b-90ef-9bcaa62a7535: receive RaftClientReply:client-E0FA40453D59->0c156e3c-57cc-425b-90ef-9bcaa62a7535@group-7704A457760D, cid=2869, SUCCESS, logIndex=4877, commits[0c156e3c-57cc-425b-90ef-9bcaa62a7535:c4877]
2019-06-14 13:46:01,785 INFO  client.GrpcClientProtocolClient (GrpcClientProtocolClient.java:onNext(254)) - client-E0FA40453D59->0c156e3c-57cc-425b-90ef-9bcaa62a7535: receive RaftClientReply:client-E0FA40453D59->0c156e3c-57cc-425b-90ef-9bcaa62a7535@group-7704A457760D, cid=2870, SUCCESS, logIndex=4879, commits[0c156e3c-57cc-425b-90ef-9bcaa62a7535:c4879]
2019-06-14 13:46:01,786 INFO  client.GrpcClientProtocolClient (GrpcClientProtocolClient.java:onNext(254)) - client-E0FA40453D59->0c156e3c-57cc-425b-90ef-9bcaa62a7535: receive RaftClientReply:client-E0FA40453D59->0c156e3c-57cc-425b-90ef-9bcaa62a7535@group-7704A457760D, cid=2871, SUCCESS, logIndex=4880, commits[0c156e3c-57cc-425b-90ef-9bcaa62a7535:c4882]
2019-06-14 13:46:01,786 INFO  client.GrpcClientProtocolClient (GrpcClientProtocolClient.java:onNext(254)) - client-E0FA40453D59->0c156e3c-57cc-425b-90ef-9bcaa62a7535: receive RaftClientReply:client-E0FA40453D59->0c156e3c-57cc-425b-90ef-9bcaa62a7535@group-7704A457760D, cid=2872, SUCCESS, logIndex=4881, commits[0c156e3c-57cc-425b-90ef-9bcaa62a7535:c4882]
2019-06-14 13:46:01,820 DEBUG block.SCMBlockDeletingService (SCMBlockDeletingService.java:call(138)) - Running DeletedBlockTransactionScanner
2019-06-14 13:46:01,820 DEBUG block.SCMBlockDeletingService (SCMBlockDeletingService.java:call(155)) - Scanned deleted blocks log and got 0 delTX to process.
2019-06-14 13:46:01,873 INFO  client.GrpcClientProtocolClient (GrpcClientProtocolClient.java:onNext(254)) - client-E0FA40453D59->0c156e3c-57cc-425b-90ef-9bcaa62a7535: receive RaftClientReply:client-E0FA40453D59->0c156e3c-57cc-425b-90ef-9bcaa62a7535@group-7704A457760D, cid=2873, SUCCESS, logIndex=4883, commits[0c156e3c-57cc-425b-90ef-9bcaa62a7535:c4883]
2019-06-14 13:46:01,873 INFO  storage.RaftLogWorker (RaftLogWorker.java:rollLogSegment(303)) - 0c156e3c-57cc-425b-90ef-9bcaa62a7535-RaftLogWorker: Rolling segment log-4816_4885 to index:4885
2019-06-14 13:46:01,874 INFO  storage.RaftLogWorker (RaftLogWorker.java:execute(433)) - 0c156e3c-57cc-425b-90ef-9bcaa62a7535-RaftLogWorker: Rolled log segment from /opt/src/hadoop-ozone/integration-test/target/test-dir/MiniOzoneClusterImpl-8919240e-7e15-4dbf-8bf4-c210578586bb/datanode-0/data/ratis/1fc53845-3381-4beb-82f9-7704a457760d/current/log_inprogress_4816 to /opt/src/hadoop-ozone/integration-test/target/test-dir/MiniOzoneClusterImpl-8919240e-7e15-4dbf-8bf4-c210578586bb/datanode-0/data/ratis/1fc53845-3381-4beb-82f9-7704a457760d/current/log_4816-4885
2019-06-14 13:46:01,875 INFO  client.GrpcClientProtocolClient (GrpcClientProtocolClient.java:onNext(254)) - client-E0FA40453D59->0c156e3c-57cc-425b-90ef-9bcaa62a7535: receive RaftClientReply:client-E0FA40453D59->0c156e3c-57cc-425b-90ef-9bcaa62a7535@group-7704A457760D, cid=2874, SUCCESS, logIndex=4885, commits[0c156e3c-57cc-425b-90ef-9bcaa62a7535:c4885]
2019-06-14 13:46:01,909 INFO  storage.RaftLogWorker (RaftLogWorker.java:execute(469)) - 0c156e3c-57cc-425b-90ef-9bcaa62a7535-RaftLogWorker: created new log segment /opt/src/hadoop-ozone/integration-test/target/test-dir/MiniOzoneClusterImpl-8919240e-7e15-4dbf-8bf4-c210578586bb/datanode-0/data/ratis/1fc53845-3381-4beb-82f9-7704a457760d/current/log_inprogress_4886
2019-06-14 13:46:01,911 INFO  client.GrpcClientProtocolClient (GrpcClientProtocolClient.java:onNext(254)) - client-E0FA40453D59->0c156e3c-57cc-425b-90ef-9bcaa62a7535: receive RaftClientReply:client-E0FA40453D59->0c156e3c-57cc-425b-90ef-9bcaa62a7535@group-7704A457760D, cid=2875, SUCCESS, logIndex=4886, commits[0c156e3c-57cc-425b-90ef-9bcaa62a7535:c4888]
2019-06-14 13:46:01,911 INFO  client.GrpcClientProtocolClient (GrpcClientProtocolClient.java:onNext(254)) - client-E0FA40453D59->0c156e3c-57cc-425b-90ef-9bcaa62a7535: receive RaftClientReply:client-E0FA40453D59->0c156e3c-57cc-425b-90ef-9bcaa62a7535@group-7704A457760D, cid=2876, SUCCESS, logIndex=4888, commits[0c156e3c-57cc-425b-90ef-9bcaa62a7535:c4889]
2019-06-14 13:46:01,916 INFO  client.GrpcClientProtocolClient (GrpcClientProtocolClient.java:onNext(254)) - client-E0FA40453D59->0c156e3c-57cc-425b-90ef-9bcaa62a7535: receive RaftClientReply:client-E0FA40453D59->0c156e3c-57cc-425b-90ef-9bcaa62a7535@group-7704A457760D, cid=2877, SUCCESS, logIndex=4890, commits[0c156e3c-57cc-425b-90ef-9bcaa62a7535:c4890]
2019-06-14 13:46:01,918 INFO  client.GrpcClientProtocolClient (GrpcClientProtocolClient.java:onNext(254)) - client-E0FA40453D59->0c156e3c-57cc-425b-90ef-9bcaa62a7535: receive RaftClientReply:client-E0FA40453D59->0c156e3c-57cc-425b-90ef-9bcaa62a7535@group-7704A457760D, cid=2878, SUCCESS, logIndex=4892, commits[0c156e3c-57cc-425b-90ef-9bcaa62a7535:c4892]
2019-06-14 13:46:01,919 INFO  client.GrpcClientProtocolClient (GrpcClientProtocolClient.java:onNext(254)) - client-E0FA40453D59->0c156e3c-57cc-425b-90ef-9bcaa62a7535: receive RaftClientReply:client-E0FA40453D59->0c156e3c-57cc-425b-90ef-9bcaa62a7535@group-7704A457760D, cid=2879, SUCCESS, logIndex=4893, commits[0c156e3c-57cc-425b-90ef-9bcaa62a7535:c4895]
2019-06-14 13:46:01,921 DEBUG block.SCMBlockDeletingService (SCMBlockDeletingService.java:call(138)) - Running DeletedBlockTransactionScanner
2019-06-14 13:46:01,921 DEBUG block.SCMBlockDeletingService (SCMBlockDeletingService.java:call(155)) - Scanned deleted blocks log and got 0 delTX to process.
2019-06-14 13:46:01,926 INFO  client.GrpcClientProtocolClient (GrpcClientProtocolClient.java:onNext(254)) - client-E0FA40453D59->0c156e3c-57cc-425b-90ef-9bcaa62a7535: receive RaftClientReply:client-E0FA40453D59->0c156e3c-57cc-425b-90ef-9bcaa62a7535@group-7704A457760D, cid=2880, SUCCESS, logIndex=4894, commits[0c156e3c-57cc-425b-90ef-9bcaa62a7535:c4895]
2019-06-14 13:46:01,936 INFO  client.GrpcClientProtocolClient (GrpcClientProtocolClient.java:onNext(254)) - client-E0FA40453D59->0c156e3c-57cc-425b-90ef-9bcaa62a7535: receive RaftClientReply:client-E0FA40453D59->0c156e3c-57cc-425b-90ef-9bcaa62a7535@group-7704A457760D, cid=2881, SUCCESS, logIndex=4896, commits[0c156e3c-57cc-425b-90ef-9bcaa62a7535:c4896]
2019-06-14 13:46:01,937 INFO  client.GrpcClientProtocolClient (GrpcClientProtocolClient.java:onNext(254)) - client-E0FA40453D59->0c156e3c-57cc-425b-90ef-9bcaa62a7535: receive RaftClientReply:client-E0FA40453D59->0c156e3c-57cc-425b-90ef-9bcaa62a7535@group-7704A457760D, cid=2882, SUCCESS, logIndex=4898, commits[0c156e3c-57cc-425b-90ef-9bcaa62a7535:c4898]
2019-06-14 13:46:01,938 INFO  client.GrpcClientProtocolClient (GrpcClientProtocolClient.java:onNext(254)) - client-E0FA40453D59->0c156e3c-57cc-425b-90ef-9bcaa62a7535: receive RaftClientReply:client-E0FA40453D59->0c156e3c-57cc-425b-90ef-9bcaa62a7535@group-7704A457760D, cid=2883, SUCCESS, logIndex=4899, commits[0c156e3c-57cc-425b-90ef-9bcaa62a7535:c4901]
2019-06-14 13:46:01,938 INFO  client.GrpcClientProtocolClient (GrpcClientProtocolClient.java:onNext(254)) - client-E0FA40453D59->0c156e3c-57cc-425b-90ef-9bcaa62a7535: receive RaftClientReply:client-E0FA40453D59->0c156e3c-57cc-425b-90ef-9bcaa62a7535@group-7704A457760D, cid=2884, SUCCESS, logIndex=4900, commits[0c156e3c-57cc-425b-90ef-9bcaa62a7535:c4901]
2019-06-14 13:46:01,943 INFO  client.GrpcClientProtocolClient (GrpcClientProtocolClient.java:onNext(254)) - client-E0FA40453D59->0c156e3c-57cc-425b-90ef-9bcaa62a7535: receive RaftClientReply:client-E0FA40453D59->0c156e3c-57cc-425b-90ef-9bcaa62a7535@group-7704A457760D, cid=2885, SUCCESS, logIndex=4902, commits[0c156e3c-57cc-425b-90ef-9bcaa62a7535:c4902]
2019-06-14 13:46:01,944 INFO  client.GrpcClientProtocolClient (GrpcClientProtocolClient.java:onNext(254)) - client-E0FA40453D59->0c156e3c-57cc-425b-90ef-9bcaa62a7535: receive RaftClientReply:client-E0FA40453D59->0c156e3c-57cc-425b-90ef-9bcaa62a7535@group-7704A457760D, cid=2886, SUCCESS, logIndex=4904, commits[0c156e3c-57cc-425b-90ef-9bcaa62a7535:c4904]
2019-06-14 13:46:01,945 INFO  client.GrpcClientProtocolClient (GrpcClientProtocolClient.java:onNext(254)) - client-E0FA40453D59->0c156e3c-57cc-425b-90ef-9bcaa62a7535: receive RaftClientReply:client-E0FA40453D59->0c156e3c-57cc-425b-90ef-9bcaa62a7535@group-7704A457760D, cid=2887, SUCCESS, logIndex=4905, commits[0c156e3c-57cc-425b-90ef-9bcaa62a7535:c4907]
2019-06-14 13:46:01,945 INFO  client.GrpcClientProtocolClient (GrpcClientProtocolClient.java:onNext(254)) - client-E0FA40453D59->0c156e3c-57cc-425b-90ef-9bcaa62a7535: receive RaftClientReply:client-E0FA40453D59->0c156e3c-57cc-425b-90ef-9bcaa62a7535@group-7704A457760D, cid=2888, SUCCESS, logIndex=4906, commits[0c156e3c-57cc-425b-90ef-9bcaa62a7535:c4907]
2019-06-14 13:46:01,954 INFO  client.GrpcClientProtocolClient (GrpcClientProtocolClient.java:onNext(254)) - client-E0FA40453D59->0c156e3c-57cc-425b-90ef-9bcaa62a7535: receive RaftClientReply:client-E0FA40453D59->0c156e3c-57cc-425b-90ef-9bcaa62a7535@group-7704A457760D, cid=2889, SUCCESS, logIndex=4908, commits[0c156e3c-57cc-425b-90ef-9bcaa62a7535:c4908]
2019-06-14 13:46:01,956 INFO  client.GrpcClientProtocolClient (GrpcClientProtocolClient.java:onNext(254)) - client-E0FA40453D59->0c156e3c-57cc-425b-90ef-9bcaa62a7535: receive RaftClientReply:client-E0FA40453D59->0c156e3c-57cc-425b-90ef-9bcaa62a7535@group-7704A457760D, cid=2890, SUCCESS, logIndex=4910, commits[0c156e3c-57cc-425b-90ef-9bcaa62a7535:c4910]
2019-06-14 13:46:01,957 INFO  client.GrpcClientProtocolClient (GrpcClientProtocolClient.java:onNext(254)) - client-E0FA40453D59->0c156e3c-57cc-425b-90ef-9bcaa62a7535: receive RaftClientReply:client-E0FA40453D59->0c156e3c-57cc-425b-90ef-9bcaa62a7535@group-7704A457760D, cid=2891, SUCCESS, logIndex=4911, commits[0c156e3c-57cc-425b-90ef-9bcaa62a7535:c4913]
2019-06-14 13:46:01,957 INFO  client.GrpcClientProtocolClient (GrpcClientProtocolClient.java:onNext(254)) - client-E0FA40453D59->0c156e3c-57cc-425b-90ef-9bcaa62a7535: receive RaftClientReply:client-E0FA40453D59->0c156e3c-57cc-425b-90ef-9bcaa62a7535@group-7704A457760D, cid=2892, SUCCESS, logIndex=4912, commits[0c156e3c-57cc-425b-90ef-9bcaa62a7535:c4913]
2019-06-14 13:46:01,962 INFO  client.GrpcClientProtocolClient (GrpcClientProtocolClient.java:onNext(254)) - client-E0FA40453D59->0c156e3c-57cc-425b-90ef-9bcaa62a7535: receive RaftClientReply:client-E0FA40453D59->0c156e3c-57cc-425b-90ef-9bcaa62a7535@group-7704A457760D, cid=2893, SUCCESS, logIndex=4914, commits[0c156e3c-57cc-425b-90ef-9bcaa62a7535:c4914]
2019-06-14 13:46:01,963 INFO  client.GrpcClientProtocolClient (GrpcClientProtocolClient.java:onNext(254)) - client-E0FA40453D59->0c156e3c-57cc-425b-90ef-9bcaa62a7535: receive RaftClientReply:client-E0FA40453D59->0c156e3c-57cc-425b-90ef-9bcaa62a7535@group-7704A457760D, cid=2894, SUCCESS, logIndex=4916, commits[0c156e3c-57cc-425b-90ef-9bcaa62a7535:c4916]
2019-06-14 13:46:01,964 INFO  client.GrpcClientProtocolClient (GrpcClientProtocolClient.java:onNext(254)) - client-E0FA40453D59->0c156e3c-57cc-425b-90ef-9bcaa62a7535: receive RaftClientReply:client-E0FA40453D59->0c156e3c-57cc-425b-90ef-9bcaa62a7535@group-7704A457760D, cid=2895, SUCCESS, logIndex=4917, commits[0c156e3c-57cc-425b-90ef-9bcaa62a7535:c4919]
2019-06-14 13:46:01,964 INFO  client.GrpcClientProtocolClient (GrpcClientProtocolClient.java:onNext(254)) - client-E0FA40453D59->0c156e3c-57cc-425b-90ef-9bcaa62a7535: receive RaftClientReply:client-E0FA40453D59->0c156e3c-57cc-425b-90ef-9bcaa62a7535@group-7704A457760D, cid=2896, SUCCESS, logIndex=4918, commits[0c156e3c-57cc-425b-90ef-9bcaa62a7535:c4919]
2019-06-14 13:46:01,973 INFO  client.GrpcClientProtocolClient (GrpcClientProtocolClient.java:onNext(254)) - client-E0FA40453D59->0c156e3c-57cc-425b-90ef-9bcaa62a7535: receive RaftClientReply:client-E0FA40453D59->0c156e3c-57cc-425b-90ef-9bcaa62a7535@group-7704A457760D, cid=2897, SUCCESS, logIndex=4920, commits[0c156e3c-57cc-425b-90ef-9bcaa62a7535:c4920]
2019-06-14 13:46:01,974 INFO  client.GrpcClientProtocolClient (GrpcClientProtocolClient.java:onNext(254)) - client-E0FA40453D59->0c156e3c-57cc-425b-90ef-9bcaa62a7535: receive RaftClientReply:client-E0FA40453D59->0c156e3c-57cc-425b-90ef-9bcaa62a7535@group-7704A457760D, cid=2898, SUCCESS, logIndex=4922, commits[0c156e3c-57cc-425b-90ef-9bcaa62a7535:c4922]
2019-06-14 13:46:01,975 INFO  client.GrpcClientProtocolClient (GrpcClientProtocolClient.java:onNext(254)) - client-E0FA40453D59->0c156e3c-57cc-425b-90ef-9bcaa62a7535: receive RaftClientReply:client-E0FA40453D59->0c156e3c-57cc-425b-90ef-9bcaa62a7535@group-7704A457760D, cid=2899, SUCCESS, logIndex=4923, commits[0c156e3c-57cc-425b-90ef-9bcaa62a7535:c4925]
2019-06-14 13:46:01,976 INFO  client.GrpcClientProtocolClient (GrpcClientProtocolClient.java:onNext(254)) - client-E0FA40453D59->0c156e3c-57cc-425b-90ef-9bcaa62a7535: receive RaftClientReply:client-E0FA40453D59->0c156e3c-57cc-425b-90ef-9bcaa62a7535@group-7704A457760D, cid=2900, SUCCESS, logIndex=4924, commits[0c156e3c-57cc-425b-90ef-9bcaa62a7535:c4925]
2019-06-14 13:46:01,980 INFO  client.GrpcClientProtocolClient (GrpcClientProtocolClient.java:onNext(254)) - client-E0FA40453D59->0c156e3c-57cc-425b-90ef-9bcaa62a7535: receive RaftClientReply:client-E0FA40453D59->0c156e3c-57cc-425b-90ef-9bcaa62a7535@group-7704A457760D, cid=2901, SUCCESS, logIndex=4926, commits[0c156e3c-57cc-425b-90ef-9bcaa62a7535:c4926]
2019-06-14 13:46:01,982 INFO  client.GrpcClientProtocolClient (GrpcClientProtocolClient.java:onNext(254)) - client-E0FA40453D59->0c156e3c-57cc-425b-90ef-9bcaa62a7535: receive RaftClientReply:client-E0FA40453D59->0c156e3c-57cc-425b-90ef-9bcaa62a7535@group-7704A457760D, cid=2902, SUCCESS, logIndex=4928, commits[0c156e3c-57cc-425b-90ef-9bcaa62a7535:c4928]
2019-06-14 13:46:01,983 INFO  client.GrpcClientProtocolClient (GrpcClientProtocolClient.java:onNext(254)) - client-E0FA40453D59->0c156e3c-57cc-425b-90ef-9bcaa62a7535: receive RaftClientReply:client-E0FA40453D59->0c156e3c-57cc-425b-90ef-9bcaa62a7535@group-7704A457760D, cid=2903, SUCCESS, logIndex=4929, commits[0c156e3c-57cc-425b-90ef-9bcaa62a7535:c4931]
2019-06-14 13:46:01,983 INFO  client.GrpcClientProtocolClient (GrpcClientProtocolClient.java:onNext(254)) - client-E0FA40453D59->0c156e3c-57cc-425b-90ef-9bcaa62a7535: receive RaftClientReply:client-E0FA40453D59->0c156e3c-57cc-425b-90ef-9bcaa62a7535@group-7704A457760D, cid=2904, SUCCESS, logIndex=4930, commits[0c156e3c-57cc-425b-90ef-9bcaa62a7535:c4931]
2019-06-14 13:46:01,994 INFO  client.GrpcClientProtocolClient (GrpcClientProtocolClient.java:onNext(254)) - client-E0FA40453D59->0c156e3c-57cc-425b-90ef-9bcaa62a7535: receive RaftClientReply:client-E0FA40453D59->0c156e3c-57cc-425b-90ef-9bcaa62a7535@group-7704A457760D, cid=2905, SUCCESS, logIndex=4932, commits[0c156e3c-57cc-425b-90ef-9bcaa62a7535:c4932]
2019-06-14 13:46:01,995 INFO  client.GrpcClientProtocolClient (GrpcClientProtocolClient.java:onNext(254)) - client-E0FA40453D59->0c156e3c-57cc-425b-90ef-9bcaa62a7535: receive RaftClientReply:client-E0FA40453D59->0c156e3c-57cc-425b-90ef-9bcaa62a7535@group-7704A457760D, cid=2906, SUCCESS, logIndex=4934, commits[0c156e3c-57cc-425b-90ef-9bcaa62a7535:c4934]
2019-06-14 13:46:01,998 INFO  client.GrpcClientProtocolClient (GrpcClientProtocolClient.java:onNext(254)) - client-E0FA40453D59->0c156e3c-57cc-425b-90ef-9bcaa62a7535: receive RaftClientReply:client-E0FA40453D59->0c156e3c-57cc-425b-90ef-9bcaa62a7535@group-7704A457760D, cid=2907, SUCCESS, logIndex=4935, commits[0c156e3c-57cc-425b-90ef-9bcaa62a7535:c4937]
2019-06-14 13:46:01,998 INFO  client.GrpcClientProtocolClient (GrpcClientProtocolClient.java:onNext(254)) - client-E0FA40453D59->0c156e3c-57cc-425b-90ef-9bcaa62a7535: receive RaftClientReply:client-E0FA40453D59->0c156e3c-57cc-425b-90ef-9bcaa62a7535@group-7704A457760D, cid=2908, SUCCESS, logIndex=4936, commits[0c156e3c-57cc-425b-90ef-9bcaa62a7535:c4937]
2019-06-14 13:46:02,006 INFO  client.GrpcClientProtocolClient (GrpcClientProtocolClient.java:onNext(254)) - client-E0FA40453D59->0c156e3c-57cc-425b-90ef-9bcaa62a7535: receive RaftClientReply:client-E0FA40453D59->0c156e3c-57cc-425b-90ef-9bcaa62a7535@group-7704A457760D, cid=2909, SUCCESS, logIndex=4938, commits[0c156e3c-57cc-425b-90ef-9bcaa62a7535:c4938]
2019-06-14 13:46:02,008 INFO  client.GrpcClientProtocolClient (GrpcClientProtocolClient.java:onNext(254)) - client-E0FA40453D59->0c156e3c-57cc-425b-90ef-9bcaa62a7535: receive RaftClientReply:client-E0FA40453D59->0c156e3c-57cc-425b-90ef-9bcaa62a7535@group-7704A457760D, cid=2910, SUCCESS, logIndex=4940, commits[0c156e3c-57cc-425b-90ef-9bcaa62a7535:c4940]
2019-06-14 13:46:02,009 INFO  client.GrpcClientProtocolClient (GrpcClientProtocolClient.java:onNext(254)) - client-E0FA40453D59->0c156e3c-57cc-425b-90ef-9bcaa62a7535: receive RaftClientReply:client-E0FA40453D59->0c156e3c-57cc-425b-90ef-9bcaa62a7535@group-7704A457760D, cid=2911, SUCCESS, logIndex=4941, commits[0c156e3c-57cc-425b-90ef-9bcaa62a7535:c4942]
2019-06-14 13:46:02,009 INFO  client.GrpcClientProtocolClient (GrpcClientProtocolClient.java:onNext(254)) - client-E0FA40453D59->0c156e3c-57cc-425b-90ef-9bcaa62a7535: receive RaftClientReply:client-E0FA40453D59->0c156e3c-57cc-425b-90ef-9bcaa62a7535@group-7704A457760D, cid=2912, SUCCESS, logIndex=4943, commits[0c156e3c-57cc-425b-90ef-9bcaa62a7535:c4943]
2019-06-14 13:46:02,020 INFO  client.GrpcClientProtocolClient (GrpcClientProtocolClient.java:onNext(254)) - client-E0FA40453D59->0c156e3c-57cc-425b-90ef-9bcaa62a7535: receive RaftClientReply:client-E0FA40453D59->0c156e3c-57cc-425b-90ef-9bcaa62a7535@group-7704A457760D, cid=2913, SUCCESS, logIndex=4945, commits[0c156e3c-57cc-425b-90ef-9bcaa62a7535:c4945]
2019-06-14 13:46:02,021 DEBUG block.SCMBlockDeletingService (SCMBlockDeletingService.java:call(138)) - Running DeletedBlockTransactionScanner
2019-06-14 13:46:02,021 DEBUG block.SCMBlockDeletingService (SCMBlockDeletingService.java:call(155)) - Scanned deleted blocks log and got 0 delTX to process.
2019-06-14 13:46:02,022 INFO  client.GrpcClientProtocolClient (GrpcClientProtocolClient.java:onNext(254)) - client-E0FA40453D59->0c156e3c-57cc-425b-90ef-9bcaa62a7535: receive RaftClientReply:client-E0FA40453D59->0c156e3c-57cc-425b-90ef-9bcaa62a7535@group-7704A457760D, cid=2914, SUCCESS, logIndex=4947, commits[0c156e3c-57cc-425b-90ef-9bcaa62a7535:c4947]
2019-06-14 13:46:02,023 INFO  client.GrpcClientProtocolClient (GrpcClientProtocolClient.java:onNext(254)) - client-E0FA40453D59->0c156e3c-57cc-425b-90ef-9bcaa62a7535: receive RaftClientReply:client-E0FA40453D59->0c156e3c-57cc-425b-90ef-9bcaa62a7535@group-7704A457760D, cid=2915, SUCCESS, logIndex=4948, commits[0c156e3c-57cc-425b-90ef-9bcaa62a7535:c4950]
2019-06-14 13:46:02,025 INFO  client.GrpcClientProtocolClient (GrpcClientProtocolClient.java:onNext(254)) - client-E0FA40453D59->0c156e3c-57cc-425b-90ef-9bcaa62a7535: receive RaftClientReply:client-E0FA40453D59->0c156e3c-57cc-425b-90ef-9bcaa62a7535@group-7704A457760D, cid=2916, SUCCESS, logIndex=4949, commits[0c156e3c-57cc-425b-90ef-9bcaa62a7535:c4950]
2019-06-14 13:46:02,100 INFO  client.GrpcClientProtocolClient (GrpcClientProtocolClient.java:onNext(254)) - client-E0FA40453D59->0c156e3c-57cc-425b-90ef-9bcaa62a7535: receive RaftClientReply:client-E0FA40453D59->0c156e3c-57cc-425b-90ef-9bcaa62a7535@group-7704A457760D, cid=2917, SUCCESS, logIndex=4951, commits[0c156e3c-57cc-425b-90ef-9bcaa62a7535:c4951]
2019-06-14 13:46:02,100 INFO  storage.RaftLogWorker (RaftLogWorker.java:rollLogSegment(303)) - 0c156e3c-57cc-425b-90ef-9bcaa62a7535-RaftLogWorker: Rolling segment log-4886_4952 to index:4952
2019-06-14 13:46:02,100 INFO  storage.RaftLogWorker (RaftLogWorker.java:execute(433)) - 0c156e3c-57cc-425b-90ef-9bcaa62a7535-RaftLogWorker: Rolled log segment from /opt/src/hadoop-ozone/integration-test/target/test-dir/MiniOzoneClusterImpl-8919240e-7e15-4dbf-8bf4-c210578586bb/datanode-0/data/ratis/1fc53845-3381-4beb-82f9-7704a457760d/current/log_inprogress_4886 to /opt/src/hadoop-ozone/integration-test/target/test-dir/MiniOzoneClusterImpl-8919240e-7e15-4dbf-8bf4-c210578586bb/datanode-0/data/ratis/1fc53845-3381-4beb-82f9-7704a457760d/current/log_4886-4952
2019-06-14 13:46:02,121 DEBUG block.SCMBlockDeletingService (SCMBlockDeletingService.java:call(138)) - Running DeletedBlockTransactionScanner
2019-06-14 13:46:02,121 DEBUG block.SCMBlockDeletingService (SCMBlockDeletingService.java:call(155)) - Scanned deleted blocks log and got 0 delTX to process.
2019-06-14 13:46:02,144 INFO  storage.RaftLogWorker (RaftLogWorker.java:execute(469)) - 0c156e3c-57cc-425b-90ef-9bcaa62a7535-RaftLogWorker: created new log segment /opt/src/hadoop-ozone/integration-test/target/test-dir/MiniOzoneClusterImpl-8919240e-7e15-4dbf-8bf4-c210578586bb/datanode-0/data/ratis/1fc53845-3381-4beb-82f9-7704a457760d/current/log_inprogress_4953
2019-06-14 13:46:02,148 INFO  client.GrpcClientProtocolClient (GrpcClientProtocolClient.java:onNext(254)) - client-E0FA40453D59->0c156e3c-57cc-425b-90ef-9bcaa62a7535: receive RaftClientReply:client-E0FA40453D59->0c156e3c-57cc-425b-90ef-9bcaa62a7535@group-7704A457760D, cid=2918, SUCCESS, logIndex=4953, commits[0c156e3c-57cc-425b-90ef-9bcaa62a7535:c4955]
2019-06-14 13:46:02,148 INFO  client.GrpcClientProtocolClient (GrpcClientProtocolClient.java:onNext(254)) - client-E0FA40453D59->0c156e3c-57cc-425b-90ef-9bcaa62a7535: receive RaftClientReply:client-E0FA40453D59->0c156e3c-57cc-425b-90ef-9bcaa62a7535@group-7704A457760D, cid=2919, SUCCESS, logIndex=4954, commits[0c156e3c-57cc-425b-90ef-9bcaa62a7535:c4955]
2019-06-14 13:46:02,149 INFO  client.GrpcClientProtocolClient (GrpcClientProtocolClient.java:onNext(254)) - client-E0FA40453D59->0c156e3c-57cc-425b-90ef-9bcaa62a7535: receive RaftClientReply:client-E0FA40453D59->0c156e3c-57cc-425b-90ef-9bcaa62a7535@group-7704A457760D, cid=2920, SUCCESS, logIndex=4955, commits[0c156e3c-57cc-425b-90ef-9bcaa62a7535:c4956]
2019-06-14 13:46:02,204 INFO  client.GrpcClientProtocolClient (GrpcClientProtocolClient.java:onNext(254)) - client-E0FA40453D59->0c156e3c-57cc-425b-90ef-9bcaa62a7535: receive RaftClientReply:client-E0FA40453D59->0c156e3c-57cc-425b-90ef-9bcaa62a7535@group-7704A457760D, cid=2921, SUCCESS, logIndex=4957, commits[0c156e3c-57cc-425b-90ef-9bcaa62a7535:c4957]
2019-06-14 13:46:02,210 INFO  client.GrpcClientProtocolClient (GrpcClientProtocolClient.java:onNext(254)) - client-E0FA40453D59->0c156e3c-57cc-425b-90ef-9bcaa62a7535: receive RaftClientReply:client-E0FA40453D59->0c156e3c-57cc-425b-90ef-9bcaa62a7535@group-7704A457760D, cid=2922, SUCCESS, logIndex=4959, commits[0c156e3c-57cc-425b-90ef-9bcaa62a7535:c4959]
2019-06-14 13:46:02,214 INFO  client.GrpcClientProtocolClient (GrpcClientProtocolClient.java:onNext(254)) - client-E0FA40453D59->0c156e3c-57cc-425b-90ef-9bcaa62a7535: receive RaftClientReply:client-E0FA40453D59->0c156e3c-57cc-425b-90ef-9bcaa62a7535@group-7704A457760D, cid=2923, SUCCESS, logIndex=4960, commits[0c156e3c-57cc-425b-90ef-9bcaa62a7535:c4960]
2019-06-14 13:46:02,214 INFO  client.GrpcClientProtocolClient (GrpcClientProtocolClient.java:onNext(254)) - client-E0FA40453D59->0c156e3c-57cc-425b-90ef-9bcaa62a7535: receive RaftClientReply:client-E0FA40453D59->0c156e3c-57cc-425b-90ef-9bcaa62a7535@group-7704A457760D, cid=2924, SUCCESS, logIndex=4963, commits[0c156e3c-57cc-425b-90ef-9bcaa62a7535:c4964]
2019-06-14 13:46:02,220 INFO  client.GrpcClientProtocolClient (GrpcClientProtocolClient.java:onNext(254)) - client-E0FA40453D59->0c156e3c-57cc-425b-90ef-9bcaa62a7535: receive RaftClientReply:client-E0FA40453D59->0c156e3c-57cc-425b-90ef-9bcaa62a7535@group-7704A457760D, cid=2925, SUCCESS, logIndex=4965, commits[0c156e3c-57cc-425b-90ef-9bcaa62a7535:c4965]
2019-06-14 13:46:02,222 DEBUG block.SCMBlockDeletingService (SCMBlockDeletingService.java:call(138)) - Running DeletedBlockTransactionScanner
2019-06-14 13:46:02,222 DEBUG block.SCMBlockDeletingService (SCMBlockDeletingService.java:call(155)) - Scanned deleted blocks log and got 0 delTX to process.
2019-06-14 13:46:02,222 INFO  client.GrpcClientProtocolClient (GrpcClientProtocolClient.java:onNext(254)) - client-E0FA40453D59->0c156e3c-57cc-425b-90ef-9bcaa62a7535: receive RaftClientReply:client-E0FA40453D59->0c156e3c-57cc-425b-90ef-9bcaa62a7535@group-7704A457760D, cid=2926, SUCCESS, logIndex=4967, commits[0c156e3c-57cc-425b-90ef-9bcaa62a7535:c4967]
2019-06-14 13:46:02,223 INFO  client.GrpcClientProtocolClient (GrpcClientProtocolClient.java:onNext(254)) - client-E0FA40453D59->0c156e3c-57cc-425b-90ef-9bcaa62a7535: receive RaftClientReply:client-E0FA40453D59->0c156e3c-57cc-425b-90ef-9bcaa62a7535@group-7704A457760D, cid=2927, SUCCESS, logIndex=4968, commits[0c156e3c-57cc-425b-90ef-9bcaa62a7535:c4970]
2019-06-14 13:46:02,223 INFO  client.GrpcClientProtocolClient (GrpcClientProtocolClient.java:onNext(254)) - client-E0FA40453D59->0c156e3c-57cc-425b-90ef-9bcaa62a7535: receive RaftClientReply:client-E0FA40453D59->0c156e3c-57cc-425b-90ef-9bcaa62a7535@group-7704A457760D, cid=2928, SUCCESS, logIndex=4969, commits[0c156e3c-57cc-425b-90ef-9bcaa62a7535:c4970]
2019-06-14 13:46:02,235 INFO  client.GrpcClientProtocolClient (GrpcClientProtocolClient.java:onNext(254)) - client-E0FA40453D59->0c156e3c-57cc-425b-90ef-9bcaa62a7535: receive RaftClientReply:client-E0FA40453D59->0c156e3c-57cc-425b-90ef-9bcaa62a7535@group-7704A457760D, cid=2929, SUCCESS, logIndex=4971, commits[0c156e3c-57cc-425b-90ef-9bcaa62a7535:c4971]
2019-06-14 13:46:02,237 INFO  client.GrpcClientProtocolClient (GrpcClientProtocolClient.java:onNext(254)) - client-E0FA40453D59->0c156e3c-57cc-425b-90ef-9bcaa62a7535: receive RaftClientReply:client-E0FA40453D59->0c156e3c-57cc-425b-90ef-9bcaa62a7535@group-7704A457760D, cid=2930, SUCCESS, logIndex=4973, commits[0c156e3c-57cc-425b-90ef-9bcaa62a7535:c4975]
2019-06-14 13:46:02,238 INFO  client.GrpcClientProtocolClient (GrpcClientProtocolClient.java:onNext(254)) - client-E0FA40453D59->0c156e3c-57cc-425b-90ef-9bcaa62a7535: receive RaftClientReply:client-E0FA40453D59->0c156e3c-57cc-425b-90ef-9bcaa62a7535@group-7704A457760D, cid=2931, SUCCESS, logIndex=4974, commits[0c156e3c-57cc-425b-90ef-9bcaa62a7535:c4975]
2019-06-14 13:46:02,250 INFO  client.GrpcClientProtocolClient (GrpcClientProtocolClient.java:onNext(254)) - client-E0FA40453D59->0c156e3c-57cc-425b-90ef-9bcaa62a7535: receive RaftClientReply:client-E0FA40453D59->0c156e3c-57cc-425b-90ef-9bcaa62a7535@group-7704A457760D, cid=2932, SUCCESS, logIndex=4975, commits[0c156e3c-57cc-425b-90ef-9bcaa62a7535:c4976]
2019-06-14 13:46:02,257 INFO  client.GrpcClientProtocolClient (GrpcClientProtocolClient.java:onNext(254)) - client-E0FA40453D59->0c156e3c-57cc-425b-90ef-9bcaa62a7535: receive RaftClientReply:client-E0FA40453D59->0c156e3c-57cc-425b-90ef-9bcaa62a7535@group-7704A457760D, cid=2933, SUCCESS, logIndex=4977, commits[0c156e3c-57cc-425b-90ef-9bcaa62a7535:c4977]
2019-06-14 13:46:02,258 INFO  client.GrpcClientProtocolClient (GrpcClientProtocolClient.java:onNext(254)) - client-E0FA40453D59->0c156e3c-57cc-425b-90ef-9bcaa62a7535: receive RaftClientReply:client-E0FA40453D59->0c156e3c-57cc-425b-90ef-9bcaa62a7535@group-7704A457760D, cid=2934, SUCCESS, logIndex=4979, commits[0c156e3c-57cc-425b-90ef-9bcaa62a7535:c4979]
2019-06-14 13:46:02,267 INFO  client.GrpcClientProtocolClient (GrpcClientProtocolClient.java:onNext(254)) - client-E0FA40453D59->0c156e3c-57cc-425b-90ef-9bcaa62a7535: receive RaftClientReply:client-E0FA40453D59->0c156e3c-57cc-425b-90ef-9bcaa62a7535@group-7704A457760D, cid=2935, SUCCESS, logIndex=4980, commits[0c156e3c-57cc-425b-90ef-9bcaa62a7535:c4982]
2019-06-14 13:46:02,274 INFO  client.GrpcClientProtocolClient (GrpcClientProtocolClient.java:onNext(254)) - client-E0FA40453D59->0c156e3c-57cc-425b-90ef-9bcaa62a7535: receive RaftClientReply:client-E0FA40453D59->0c156e3c-57cc-425b-90ef-9bcaa62a7535@group-7704A457760D, cid=2936, SUCCESS, logIndex=4981, commits[0c156e3c-57cc-425b-90ef-9bcaa62a7535:c4982]
2019-06-14 13:46:02,295 INFO  client.GrpcClientProtocolClient (GrpcClientProtocolClient.java:onNext(254)) - client-E0FA40453D59->0c156e3c-57cc-425b-90ef-9bcaa62a7535: receive RaftClientReply:client-E0FA40453D59->0c156e3c-57cc-425b-90ef-9bcaa62a7535@group-7704A457760D, cid=2937, SUCCESS, logIndex=4983, commits[0c156e3c-57cc-425b-90ef-9bcaa62a7535:c4984]
2019-06-14 13:46:02,301 INFO  client.GrpcClientProtocolClient (GrpcClientProtocolClient.java:onNext(254)) - client-E0FA40453D59->0c156e3c-57cc-425b-90ef-9bcaa62a7535: receive RaftClientReply:client-E0FA40453D59->0c156e3c-57cc-425b-90ef-9bcaa62a7535@group-7704A457760D, cid=2938, SUCCESS, logIndex=4985, commits[0c156e3c-57cc-425b-90ef-9bcaa62a7535:c4988]
2019-06-14 13:46:02,302 INFO  client.GrpcClientProtocolClient (GrpcClientProtocolClient.java:onNext(254)) - client-E0FA40453D59->0c156e3c-57cc-425b-90ef-9bcaa62a7535: receive RaftClientReply:client-E0FA40453D59->0c156e3c-57cc-425b-90ef-9bcaa62a7535@group-7704A457760D, cid=2939, SUCCESS, logIndex=4986, commits[0c156e3c-57cc-425b-90ef-9bcaa62a7535:c4988]
2019-06-14 13:46:02,302 INFO  client.GrpcClientProtocolClient (GrpcClientProtocolClient.java:onNext(254)) - client-E0FA40453D59->0c156e3c-57cc-425b-90ef-9bcaa62a7535: receive RaftClientReply:client-E0FA40453D59->0c156e3c-57cc-425b-90ef-9bcaa62a7535@group-7704A457760D, cid=2940, SUCCESS, logIndex=4987, commits[0c156e3c-57cc-425b-90ef-9bcaa62a7535:c4988]
2019-06-14 13:46:02,315 INFO  client.GrpcClientProtocolClient (GrpcClientProtocolClient.java:onNext(254)) - client-E0FA40453D59->0c156e3c-57cc-425b-90ef-9bcaa62a7535: receive RaftClientReply:client-E0FA40453D59->0c156e3c-57cc-425b-90ef-9bcaa62a7535@group-7704A457760D, cid=2941, SUCCESS, logIndex=4989, commits[0c156e3c-57cc-425b-90ef-9bcaa62a7535:c4990]
2019-06-14 13:46:02,317 INFO  client.GrpcClientProtocolClient (GrpcClientProtocolClient.java:onNext(254)) - client-E0FA40453D59->0c156e3c-57cc-425b-90ef-9bcaa62a7535: receive RaftClientReply:client-E0FA40453D59->0c156e3c-57cc-425b-90ef-9bcaa62a7535@group-7704A457760D, cid=2942, SUCCESS, logIndex=4991, commits[0c156e3c-57cc-425b-90ef-9bcaa62a7535:c4991]
2019-06-14 13:46:02,318 INFO  client.GrpcClientProtocolClient (GrpcClientProtocolClient.java:onNext(254)) - client-E0FA40453D59->0c156e3c-57cc-425b-90ef-9bcaa62a7535: receive RaftClientReply:client-E0FA40453D59->0c156e3c-57cc-425b-90ef-9bcaa62a7535@group-7704A457760D, cid=2943, SUCCESS, logIndex=4992, commits[0c156e3c-57cc-425b-90ef-9bcaa62a7535:c4994]
2019-06-14 13:46:02,318 INFO  client.GrpcClientProtocolClient (GrpcClientProtocolClient.java:onNext(254)) - client-E0FA40453D59->0c156e3c-57cc-425b-90ef-9bcaa62a7535: receive RaftClientReply:client-E0FA40453D59->0c156e3c-57cc-425b-90ef-9bcaa62a7535@group-7704A457760D, cid=2944, SUCCESS, logIndex=4993, commits[0c156e3c-57cc-425b-90ef-9bcaa62a7535:c4994]
2019-06-14 13:46:02,322 DEBUG block.SCMBlockDeletingService (SCMBlockDeletingService.java:call(138)) - Running DeletedBlockTransactionScanner
2019-06-14 13:46:02,322 DEBUG block.SCMBlockDeletingService (SCMBlockDeletingService.java:call(155)) - Scanned deleted blocks log and got 0 delTX to process.
2019-06-14 13:46:02,335 INFO  client.GrpcClientProtocolClient (GrpcClientProtocolClient.java:onNext(254)) - client-E0FA40453D59->0c156e3c-57cc-425b-90ef-9bcaa62a7535: receive RaftClientReply:client-E0FA40453D59->0c156e3c-57cc-425b-90ef-9bcaa62a7535@group-7704A457760D, cid=2945, SUCCESS, logIndex=4995, commits[0c156e3c-57cc-425b-90ef-9bcaa62a7535:c4995]
2019-06-14 13:46:02,337 INFO  client.GrpcClientProtocolClient (GrpcClientProtocolClient.java:onNext(254)) - client-E0FA40453D59->0c156e3c-57cc-425b-90ef-9bcaa62a7535: receive RaftClientReply:client-E0FA40453D59->0c156e3c-57cc-425b-90ef-9bcaa62a7535@group-7704A457760D, cid=2946, SUCCESS, logIndex=4997, commits[0c156e3c-57cc-425b-90ef-9bcaa62a7535:c4997]
2019-06-14 13:46:02,338 INFO  client.GrpcClientProtocolClient (GrpcClientProtocolClient.java:onNext(254)) - client-E0FA40453D59->0c156e3c-57cc-425b-90ef-9bcaa62a7535: receive RaftClientReply:client-E0FA40453D59->0c156e3c-57cc-425b-90ef-9bcaa62a7535@group-7704A457760D, cid=2947, SUCCESS, logIndex=4998, commits[0c156e3c-57cc-425b-90ef-9bcaa62a7535:c4998]
2019-06-14 13:46:02,342 INFO  client.GrpcClientProtocolClient (GrpcClientProtocolClient.java:onNext(254)) - client-E0FA40453D59->0c156e3c-57cc-425b-90ef-9bcaa62a7535: receive RaftClientReply:client-E0FA40453D59->0c156e3c-57cc-425b-90ef-9bcaa62a7535@group-7704A457760D, cid=2948, SUCCESS, logIndex=5001, commits[0c156e3c-57cc-425b-90ef-9bcaa62a7535:c5001]
2019-06-14 13:46:02,355 INFO  client.GrpcClientProtocolClient (GrpcClientProtocolClient.java:onNext(254)) - client-E0FA40453D59->0c156e3c-57cc-425b-90ef-9bcaa62a7535: receive RaftClientReply:client-E0FA40453D59->0c156e3c-57cc-425b-90ef-9bcaa62a7535@group-7704A457760D, cid=2949, SUCCESS, logIndex=5003, commits[0c156e3c-57cc-425b-90ef-9bcaa62a7535:c5003]
2019-06-14 13:46:02,364 INFO  client.GrpcClientProtocolClient (GrpcClientProtocolClient.java:onNext(254)) - client-E0FA40453D59->0c156e3c-57cc-425b-90ef-9bcaa62a7535: receive RaftClientReply:client-E0FA40453D59->0c156e3c-57cc-425b-90ef-9bcaa62a7535@group-7704A457760D, cid=2950, SUCCESS, logIndex=5005, commits[0c156e3c-57cc-425b-90ef-9bcaa62a7535:c5007]
2019-06-14 13:46:02,364 INFO  client.GrpcClientProtocolClient (GrpcClientProtocolClient.java:onNext(254)) - client-E0FA40453D59->0c156e3c-57cc-425b-90ef-9bcaa62a7535: receive RaftClientReply:client-E0FA40453D59->0c156e3c-57cc-425b-90ef-9bcaa62a7535@group-7704A457760D, cid=2951, SUCCESS, logIndex=5006, commits[0c156e3c-57cc-425b-90ef-9bcaa62a7535:c5008]
2019-06-14 13:46:02,364 INFO  client.GrpcClientProtocolClient (GrpcClientProtocolClient.java:onNext(254)) - client-E0FA40453D59->0c156e3c-57cc-425b-90ef-9bcaa62a7535: receive RaftClientReply:client-E0FA40453D59->0c156e3c-57cc-425b-90ef-9bcaa62a7535@group-7704A457760D, cid=2952, SUCCESS, logIndex=5007, commits[0c156e3c-57cc-425b-90ef-9bcaa62a7535:c5008]
2019-06-14 13:46:02,394 INFO  client.GrpcClientProtocolClient (GrpcClientProtocolClient.java:onNext(254)) - client-E0FA40453D59->0c156e3c-57cc-425b-90ef-9bcaa62a7535: receive RaftClientReply:client-E0FA40453D59->0c156e3c-57cc-425b-90ef-9bcaa62a7535@group-7704A457760D, cid=2953, SUCCESS, logIndex=5009, commits[0c156e3c-57cc-425b-90ef-9bcaa62a7535:c5010]
2019-06-14 13:46:02,404 INFO  client.GrpcClientProtocolClient (GrpcClientProtocolClient.java:onNext(254)) - client-E0FA40453D59->0c156e3c-57cc-425b-90ef-9bcaa62a7535: receive RaftClientReply:client-E0FA40453D59->0c156e3c-57cc-425b-90ef-9bcaa62a7535@group-7704A457760D, cid=2954, SUCCESS, logIndex=5011, commits[0c156e3c-57cc-425b-90ef-9bcaa62a7535:c5011]
2019-06-14 13:46:02,413 INFO  client.GrpcClientProtocolClient (GrpcClientProtocolClient.java:onNext(254)) - client-E0FA40453D59->0c156e3c-57cc-425b-90ef-9bcaa62a7535: receive RaftClientReply:client-E0FA40453D59->0c156e3c-57cc-425b-90ef-9bcaa62a7535@group-7704A457760D, cid=2955, SUCCESS, logIndex=5012, commits[0c156e3c-57cc-425b-90ef-9bcaa62a7535:c5014]
2019-06-14 13:46:02,418 INFO  client.GrpcClientProtocolClient (GrpcClientProtocolClient.java:onNext(254)) - client-E0FA40453D59->0c156e3c-57cc-425b-90ef-9bcaa62a7535: receive RaftClientReply:client-E0FA40453D59->0c156e3c-57cc-425b-90ef-9bcaa62a7535@group-7704A457760D, cid=2956, SUCCESS, logIndex=5013, commits[0c156e3c-57cc-425b-90ef-9bcaa62a7535:c5014]
2019-06-14 13:46:02,426 DEBUG block.SCMBlockDeletingService (SCMBlockDeletingService.java:call(138)) - Running DeletedBlockTransactionScanner
2019-06-14 13:46:02,426 DEBUG block.SCMBlockDeletingService (SCMBlockDeletingService.java:call(155)) - Scanned deleted blocks log and got 0 delTX to process.
2019-06-14 13:46:02,429 INFO  client.GrpcClientProtocolClient (GrpcClientProtocolClient.java:onNext(254)) - client-E0FA40453D59->0c156e3c-57cc-425b-90ef-9bcaa62a7535: receive RaftClientReply:client-E0FA40453D59->0c156e3c-57cc-425b-90ef-9bcaa62a7535@group-7704A457760D, cid=2957, SUCCESS, logIndex=5015, commits[0c156e3c-57cc-425b-90ef-9bcaa62a7535:c5015]
2019-06-14 13:46:02,435 INFO  client.GrpcClientProtocolClient (GrpcClientProtocolClient.java:onNext(254)) - client-E0FA40453D59->0c156e3c-57cc-425b-90ef-9bcaa62a7535: receive RaftClientReply:client-E0FA40453D59->0c156e3c-57cc-425b-90ef-9bcaa62a7535@group-7704A457760D, cid=2958, SUCCESS, logIndex=5017, commits[0c156e3c-57cc-425b-90ef-9bcaa62a7535:c5017]
2019-06-14 13:46:02,438 INFO  client.GrpcClientProtocolClient (GrpcClientProtocolClient.java:onNext(254)) - client-E0FA40453D59->0c156e3c-57cc-425b-90ef-9bcaa62a7535: receive RaftClientReply:client-E0FA40453D59->0c156e3c-57cc-425b-90ef-9bcaa62a7535@group-7704A457760D, cid=2959, SUCCESS, logIndex=5018, commits[0c156e3c-57cc-425b-90ef-9bcaa62a7535:c5020]
2019-06-14 13:46:02,444 INFO  client.GrpcClientProtocolClient (GrpcClientProtocolClient.java:onNext(254)) - client-E0FA40453D59->0c156e3c-57cc-425b-90ef-9bcaa62a7535: receive RaftClientReply:client-E0FA40453D59->0c156e3c-57cc-425b-90ef-9bcaa62a7535@group-7704A457760D, cid=2960, SUCCESS, logIndex=5019, commits[0c156e3c-57cc-425b-90ef-9bcaa62a7535:c5020]
2019-06-14 13:46:02,534 DEBUG block.SCMBlockDeletingService (SCMBlockDeletingService.java:call(138)) - Running DeletedBlockTransactionScanner
2019-06-14 13:46:02,534 DEBUG block.SCMBlockDeletingService (SCMBlockDeletingService.java:call(155)) - Scanned deleted blocks log and got 0 delTX to process.
2019-06-14 13:46:02,560 INFO  storage.RaftLogWorker (RaftLogWorker.java:rollLogSegment(303)) - 0c156e3c-57cc-425b-90ef-9bcaa62a7535-RaftLogWorker: Rolling segment log-4953_5020 to index:5020
2019-06-14 13:46:02,562 INFO  storage.RaftLogWorker (RaftLogWorker.java:execute(433)) - 0c156e3c-57cc-425b-90ef-9bcaa62a7535-RaftLogWorker: Rolled log segment from /opt/src/hadoop-ozone/integration-test/target/test-dir/MiniOzoneClusterImpl-8919240e-7e15-4dbf-8bf4-c210578586bb/datanode-0/data/ratis/1fc53845-3381-4beb-82f9-7704a457760d/current/log_inprogress_4953 to /opt/src/hadoop-ozone/integration-test/target/test-dir/MiniOzoneClusterImpl-8919240e-7e15-4dbf-8bf4-c210578586bb/datanode-0/data/ratis/1fc53845-3381-4beb-82f9-7704a457760d/current/log_4953-5020
2019-06-14 13:46:02,608 INFO  storage.RaftLogWorker (RaftLogWorker.java:execute(469)) - 0c156e3c-57cc-425b-90ef-9bcaa62a7535-RaftLogWorker: created new log segment /opt/src/hadoop-ozone/integration-test/target/test-dir/MiniOzoneClusterImpl-8919240e-7e15-4dbf-8bf4-c210578586bb/datanode-0/data/ratis/1fc53845-3381-4beb-82f9-7704a457760d/current/log_inprogress_5021
2019-06-14 13:46:02,611 INFO  client.GrpcClientProtocolClient (GrpcClientProtocolClient.java:onNext(254)) - client-E0FA40453D59->0c156e3c-57cc-425b-90ef-9bcaa62a7535: receive RaftClientReply:client-E0FA40453D59->0c156e3c-57cc-425b-90ef-9bcaa62a7535@group-7704A457760D, cid=2961, SUCCESS, logIndex=5021, commits[0c156e3c-57cc-425b-90ef-9bcaa62a7535:c5022]
2019-06-14 13:46:02,618 INFO  client.GrpcClientProtocolClient (GrpcClientProtocolClient.java:onNext(254)) - client-E0FA40453D59->0c156e3c-57cc-425b-90ef-9bcaa62a7535: receive RaftClientReply:client-E0FA40453D59->0c156e3c-57cc-425b-90ef-9bcaa62a7535@group-7704A457760D, cid=2962, SUCCESS, logIndex=5023, commits[0c156e3c-57cc-425b-90ef-9bcaa62a7535:c5023]
2019-06-14 13:46:02,620 INFO  client.GrpcClientProtocolClient (GrpcClientProtocolClient.java:onNext(254)) - client-E0FA40453D59->0c156e3c-57cc-425b-90ef-9bcaa62a7535: receive RaftClientReply:client-E0FA40453D59->0c156e3c-57cc-425b-90ef-9bcaa62a7535@group-7704A457760D, cid=2963, SUCCESS, logIndex=5024, commits[0c156e3c-57cc-425b-90ef-9bcaa62a7535:c5026]
2019-06-14 13:46:02,621 INFO  client.GrpcClientProtocolClient (GrpcClientProtocolClient.java:onNext(254)) - client-E0FA40453D59->0c156e3c-57cc-425b-90ef-9bcaa62a7535: receive RaftClientReply:client-E0FA40453D59->0c156e3c-57cc-425b-90ef-9bcaa62a7535@group-7704A457760D, cid=2964, SUCCESS, logIndex=5025, commits[0c156e3c-57cc-425b-90ef-9bcaa62a7535:c5026]
2019-06-14 13:46:02,641 DEBUG block.SCMBlockDeletingService (SCMBlockDeletingService.java:call(138)) - Running DeletedBlockTransactionScanner
2019-06-14 13:46:02,641 DEBUG block.SCMBlockDeletingService (SCMBlockDeletingService.java:call(155)) - Scanned deleted blocks log and got 0 delTX to process.
2019-06-14 13:46:02,650 INFO  client.GrpcClientProtocolClient (GrpcClientProtocolClient.java:onNext(254)) - client-E0FA40453D59->0c156e3c-57cc-425b-90ef-9bcaa62a7535: receive RaftClientReply:client-E0FA40453D59->0c156e3c-57cc-425b-90ef-9bcaa62a7535@group-7704A457760D, cid=2965, SUCCESS, logIndex=5027, commits[0c156e3c-57cc-425b-90ef-9bcaa62a7535:c5028]
2019-06-14 13:46:02,650 INFO  client.GrpcClientProtocolClient (GrpcClientProtocolClient.java:onNext(254)) - client-E0FA40453D59->0c156e3c-57cc-425b-90ef-9bcaa62a7535: receive RaftClientReply:client-E0FA40453D59->0c156e3c-57cc-425b-90ef-9bcaa62a7535@group-7704A457760D, cid=2966, SUCCESS, logIndex=5029, commits[0c156e3c-57cc-425b-90ef-9bcaa62a7535:c5029]
2019-06-14 13:46:02,657 INFO  client.GrpcClientProtocolClient (GrpcClientProtocolClient.java:onNext(254)) - client-E0FA40453D59->0c156e3c-57cc-425b-90ef-9bcaa62a7535: receive RaftClientReply:client-E0FA40453D59->0c156e3c-57cc-425b-90ef-9bcaa62a7535@group-7704A457760D, cid=2967, SUCCESS, logIndex=5030, commits[0c156e3c-57cc-425b-90ef-9bcaa62a7535:c5032]
2019-06-14 13:46:02,658 INFO  client.GrpcClientProtocolClient (GrpcClientProtocolClient.java:onNext(254)) - client-E0FA40453D59->0c156e3c-57cc-425b-90ef-9bcaa62a7535: receive RaftClientReply:client-E0FA40453D59->0c156e3c-57cc-425b-90ef-9bcaa62a7535@group-7704A457760D, cid=2968, SUCCESS, logIndex=5031, commits[0c156e3c-57cc-425b-90ef-9bcaa62a7535:c5032]
2019-06-14 13:46:02,685 INFO  client.GrpcClientProtocolClient (GrpcClientProtocolClient.java:onNext(254)) - client-E0FA40453D59->0c156e3c-57cc-425b-90ef-9bcaa62a7535: receive RaftClientReply:client-E0FA40453D59->0c156e3c-57cc-425b-90ef-9bcaa62a7535@group-7704A457760D, cid=2969, SUCCESS, logIndex=5033, commits[0c156e3c-57cc-425b-90ef-9bcaa62a7535:c5033]
2019-06-14 13:46:02,690 INFO  client.GrpcClientProtocolClient (GrpcClientProtocolClient.java:onNext(254)) - client-E0FA40453D59->0c156e3c-57cc-425b-90ef-9bcaa62a7535: receive RaftClientReply:client-E0FA40453D59->0c156e3c-57cc-425b-90ef-9bcaa62a7535@group-7704A457760D, cid=2970, SUCCESS, logIndex=5035, commits[0c156e3c-57cc-425b-90ef-9bcaa62a7535:c5039]
2019-06-14 13:46:02,694 INFO  client.GrpcClientProtocolClient (GrpcClientProtocolClient.java:onNext(254)) - client-E0FA40453D59->0c156e3c-57cc-425b-90ef-9bcaa62a7535: receive RaftClientReply:client-E0FA40453D59->0c156e3c-57cc-425b-90ef-9bcaa62a7535@group-7704A457760D, cid=2971, SUCCESS, logIndex=5036, commits[0c156e3c-57cc-425b-90ef-9bcaa62a7535:c5039]
2019-06-14 13:46:02,695 INFO  client.GrpcClientProtocolClient (GrpcClientProtocolClient.java:onNext(254)) - client-E0FA40453D59->0c156e3c-57cc-425b-90ef-9bcaa62a7535: receive RaftClientReply:client-E0FA40453D59->0c156e3c-57cc-425b-90ef-9bcaa62a7535@group-7704A457760D, cid=2972, SUCCESS, logIndex=5037, commits[0c156e3c-57cc-425b-90ef-9bcaa62a7535:c5039]
2019-06-14 13:46:02,706 INFO  client.GrpcClientProtocolClient (GrpcClientProtocolClient.java:onNext(254)) - client-E0FA40453D59->0c156e3c-57cc-425b-90ef-9bcaa62a7535: receive RaftClientReply:client-E0FA40453D59->0c156e3c-57cc-425b-90ef-9bcaa62a7535@group-7704A457760D, cid=2973, SUCCESS, logIndex=5040, commits[0c156e3c-57cc-425b-90ef-9bcaa62a7535:c5040]
2019-06-14 13:46:02,708 INFO  client.GrpcClientProtocolClient (GrpcClientProtocolClient.java:onNext(254)) - client-E0FA40453D59->0c156e3c-57cc-425b-90ef-9bcaa62a7535: receive RaftClientReply:client-E0FA40453D59->0c156e3c-57cc-425b-90ef-9bcaa62a7535@group-7704A457760D, cid=2974, SUCCESS, logIndex=5042, commits[0c156e3c-57cc-425b-90ef-9bcaa62a7535:c5042]
2019-06-14 13:46:02,709 INFO  client.GrpcClientProtocolClient (GrpcClientProtocolClient.java:onNext(254)) - client-E0FA40453D59->0c156e3c-57cc-425b-90ef-9bcaa62a7535: receive RaftClientReply:client-E0FA40453D59->0c156e3c-57cc-425b-90ef-9bcaa62a7535@group-7704A457760D, cid=2975, SUCCESS, logIndex=5043, commits[0c156e3c-57cc-425b-90ef-9bcaa62a7535:c5043]
2019-06-14 13:46:02,709 INFO  client.GrpcClientProtocolClient (GrpcClientProtocolClient.java:onNext(254)) - client-E0FA40453D59->0c156e3c-57cc-425b-90ef-9bcaa62a7535: receive RaftClientReply:client-E0FA40453D59->0c156e3c-57cc-425b-90ef-9bcaa62a7535@group-7704A457760D, cid=2976, SUCCESS, logIndex=5045, commits[0c156e3c-57cc-425b-90ef-9bcaa62a7535:c5045]
2019-06-14 13:46:02,733 INFO  client.GrpcClientProtocolClient (GrpcClientProtocolClient.java:onNext(254)) - client-E0FA40453D59->0c156e3c-57cc-425b-90ef-9bcaa62a7535: receive RaftClientReply:client-E0FA40453D59->0c156e3c-57cc-425b-90ef-9bcaa62a7535@group-7704A457760D, cid=2977, SUCCESS, logIndex=5048, commits[0c156e3c-57cc-425b-90ef-9bcaa62a7535:c5049]
2019-06-14 13:46:02,740 INFO  client.GrpcClientProtocolClient (GrpcClientProtocolClient.java:onNext(254)) - client-E0FA40453D59->0c156e3c-57cc-425b-90ef-9bcaa62a7535: receive RaftClientReply:client-E0FA40453D59->0c156e3c-57cc-425b-90ef-9bcaa62a7535@group-7704A457760D, cid=2978, SUCCESS, logIndex=5050, commits[0c156e3c-57cc-425b-90ef-9bcaa62a7535:c5053]
2019-06-14 13:46:02,740 INFO  client.GrpcClientProtocolClient (GrpcClientProtocolClient.java:onNext(254)) - client-E0FA40453D59->0c156e3c-57cc-425b-90ef-9bcaa62a7535: receive RaftClientReply:client-E0FA40453D59->0c156e3c-57cc-425b-90ef-9bcaa62a7535@group-7704A457760D, cid=2979, SUCCESS, logIndex=5051, commits[0c156e3c-57cc-425b-90ef-9bcaa62a7535:c5053]
2019-06-14 13:46:02,740 INFO  client.GrpcClientProtocolClient (GrpcClientProtocolClient.java:onNext(254)) - client-E0FA40453D59->0c156e3c-57cc-425b-90ef-9bcaa62a7535: receive RaftClientReply:client-E0FA40453D59->0c156e3c-57cc-425b-90ef-9bcaa62a7535@group-7704A457760D, cid=2980, SUCCESS, logIndex=5052, commits[0c156e3c-57cc-425b-90ef-9bcaa62a7535:c5053]
2019-06-14 13:46:02,742 DEBUG block.SCMBlockDeletingService (SCMBlockDeletingService.java:call(138)) - Running DeletedBlockTransactionScanner
2019-06-14 13:46:02,742 DEBUG block.SCMBlockDeletingService (SCMBlockDeletingService.java:call(155)) - Scanned deleted blocks log and got 0 delTX to process.
2019-06-14 13:46:02,754 INFO  client.GrpcClientProtocolClient (GrpcClientProtocolClient.java:onNext(254)) - client-E0FA40453D59->0c156e3c-57cc-425b-90ef-9bcaa62a7535: receive RaftClientReply:client-E0FA40453D59->0c156e3c-57cc-425b-90ef-9bcaa62a7535@group-7704A457760D, cid=2981, SUCCESS, logIndex=5054, commits[0c156e3c-57cc-425b-90ef-9bcaa62a7535:c5055]
2019-06-14 13:46:02,760 INFO  client.GrpcClientProtocolClient (GrpcClientProtocolClient.java:onNext(254)) - client-E0FA40453D59->0c156e3c-57cc-425b-90ef-9bcaa62a7535: receive RaftClientReply:client-E0FA40453D59->0c156e3c-57cc-425b-90ef-9bcaa62a7535@group-7704A457760D, cid=2982, SUCCESS, logIndex=5056, commits[0c156e3c-57cc-425b-90ef-9bcaa62a7535:c5059]
2019-06-14 13:46:02,761 INFO  client.GrpcClientProtocolClient (GrpcClientProtocolClient.java:onNext(254)) - client-E0FA40453D59->0c156e3c-57cc-425b-90ef-9bcaa62a7535: receive RaftClientReply:client-E0FA40453D59->0c156e3c-57cc-425b-90ef-9bcaa62a7535@group-7704A457760D, cid=2983, SUCCESS, logIndex=5057, commits[0c156e3c-57cc-425b-90ef-9bcaa62a7535:c5059]
2019-06-14 13:46:02,761 INFO  client.GrpcClientProtocolClient (GrpcClientProtocolClient.java:onNext(254)) - client-E0FA40453D59->0c156e3c-57cc-425b-90ef-9bcaa62a7535: receive RaftClientReply:client-E0FA40453D59->0c156e3c-57cc-425b-90ef-9bcaa62a7535@group-7704A457760D, cid=2984, SUCCESS, logIndex=5058, commits[0c156e3c-57cc-425b-90ef-9bcaa62a7535:c5059]
2019-06-14 13:46:02,782 INFO  client.GrpcClientProtocolClient (GrpcClientProtocolClient.java:onNext(254)) - client-E0FA40453D59->0c156e3c-57cc-425b-90ef-9bcaa62a7535: receive RaftClientReply:client-E0FA40453D59->0c156e3c-57cc-425b-90ef-9bcaa62a7535@group-7704A457760D, cid=2985, SUCCESS, logIndex=5060, commits[0c156e3c-57cc-425b-90ef-9bcaa62a7535:c5061]
2019-06-14 13:46:02,786 INFO  client.GrpcClientProtocolClient (GrpcClientProtocolClient.java:onNext(254)) - client-E0FA40453D59->0c156e3c-57cc-425b-90ef-9bcaa62a7535: receive RaftClientReply:client-E0FA40453D59->0c156e3c-57cc-425b-90ef-9bcaa62a7535@group-7704A457760D, cid=2986, SUCCESS, logIndex=5062, commits[0c156e3c-57cc-425b-90ef-9bcaa62a7535:c5063]
2019-06-14 13:46:02,786 INFO  client.GrpcClientProtocolClient (GrpcClientProtocolClient.java:onNext(254)) - client-E0FA40453D59->0c156e3c-57cc-425b-90ef-9bcaa62a7535: receive RaftClientReply:client-E0FA40453D59->0c156e3c-57cc-425b-90ef-9bcaa62a7535@group-7704A457760D, cid=2987, SUCCESS, logIndex=5063, commits[0c156e3c-57cc-425b-90ef-9bcaa62a7535:c5063]
2019-06-14 13:46:02,787 INFO  client.GrpcClientProtocolClient (GrpcClientProtocolClient.java:onNext(254)) - client-E0FA40453D59->0c156e3c-57cc-425b-90ef-9bcaa62a7535: receive RaftClientReply:client-E0FA40453D59->0c156e3c-57cc-425b-90ef-9bcaa62a7535@group-7704A457760D, cid=2988, SUCCESS, logIndex=5065, commits[0c156e3c-57cc-425b-90ef-9bcaa62a7535:c5065]
2019-06-14 13:46:02,793 INFO  client.GrpcClientProtocolClient (GrpcClientProtocolClient.java:onNext(254)) - client-E0FA40453D59->0c156e3c-57cc-425b-90ef-9bcaa62a7535: receive RaftClientReply:client-E0FA40453D59->0c156e3c-57cc-425b-90ef-9bcaa62a7535@group-7704A457760D, cid=2989, SUCCESS, logIndex=5068, commits[0c156e3c-57cc-425b-90ef-9bcaa62a7535:c5069]
2019-06-14 13:46:02,798 INFO  client.GrpcClientProtocolClient (GrpcClientProtocolClient.java:onNext(254)) - client-E0FA40453D59->0c156e3c-57cc-425b-90ef-9bcaa62a7535: receive RaftClientReply:client-E0FA40453D59->0c156e3c-57cc-425b-90ef-9bcaa62a7535@group-7704A457760D, cid=2990, SUCCESS, logIndex=5070, commits[0c156e3c-57cc-425b-90ef-9bcaa62a7535:c5070]
2019-06-14 13:46:02,799 INFO  client.GrpcClientProtocolClient (GrpcClientProtocolClient.java:onNext(254)) - client-E0FA40453D59->0c156e3c-57cc-425b-90ef-9bcaa62a7535: receive RaftClientReply:client-E0FA40453D59->0c156e3c-57cc-425b-90ef-9bcaa62a7535@group-7704A457760D, cid=2991, SUCCESS, logIndex=5071, commits[0c156e3c-57cc-425b-90ef-9bcaa62a7535:c5073]
2019-06-14 13:46:02,802 INFO  client.GrpcClientProtocolClient (GrpcClientProtocolClient.java:onNext(254)) - client-E0FA40453D59->0c156e3c-57cc-425b-90ef-9bcaa62a7535: receive RaftClientReply:client-E0FA40453D59->0c156e3c-57cc-425b-90ef-9bcaa62a7535@group-7704A457760D, cid=2992, SUCCESS, logIndex=5073, commits[0c156e3c-57cc-425b-90ef-9bcaa62a7535:c5073]
2019-06-14 13:46:02,815 INFO  client.GrpcClientProtocolClient (GrpcClientProtocolClient.java:onNext(254)) - client-E0FA40453D59->0c156e3c-57cc-425b-90ef-9bcaa62a7535: receive RaftClientReply:client-E0FA40453D59->0c156e3c-57cc-425b-90ef-9bcaa62a7535@group-7704A457760D, cid=2993, SUCCESS, logIndex=5075, commits[0c156e3c-57cc-425b-90ef-9bcaa62a7535:c5075]
2019-06-14 13:46:02,818 INFO  client.GrpcClientProtocolClient (GrpcClientProtocolClient.java:onNext(254)) - client-E0FA40453D59->0c156e3c-57cc-425b-90ef-9bcaa62a7535: receive RaftClientReply:client-E0FA40453D59->0c156e3c-57cc-425b-90ef-9bcaa62a7535@group-7704A457760D, cid=2994, SUCCESS, logIndex=5077, commits[0c156e3c-57cc-425b-90ef-9bcaa62a7535:c5077]
2019-06-14 13:46:02,820 INFO  client.GrpcClientProtocolClient (GrpcClientProtocolClient.java:onNext(254)) - client-E0FA40453D59->0c156e3c-57cc-425b-90ef-9bcaa62a7535: receive RaftClientReply:client-E0FA40453D59->0c156e3c-57cc-425b-90ef-9bcaa62a7535@group-7704A457760D, cid=2995, SUCCESS, logIndex=5079, commits[0c156e3c-57cc-425b-90ef-9bcaa62a7535:c5080]
2019-06-14 13:46:02,821 INFO  client.GrpcClientProtocolClient (GrpcClientProtocolClient.java:onNext(254)) - client-E0FA40453D59->0c156e3c-57cc-425b-90ef-9bcaa62a7535: receive RaftClientReply:client-E0FA40453D59->0c156e3c-57cc-425b-90ef-9bcaa62a7535@group-7704A457760D, cid=2996, SUCCESS, logIndex=5080, commits[0c156e3c-57cc-425b-90ef-9bcaa62a7535:c5080]
2019-06-14 13:46:02,828 INFO  client.GrpcClientProtocolClient (GrpcClientProtocolClient.java:onNext(254)) - client-E0FA40453D59->0c156e3c-57cc-425b-90ef-9bcaa62a7535: receive RaftClientReply:client-E0FA40453D59->0c156e3c-57cc-425b-90ef-9bcaa62a7535@group-7704A457760D, cid=2997, SUCCESS, logIndex=5082, commits[0c156e3c-57cc-425b-90ef-9bcaa62a7535:c5082]
2019-06-14 13:46:02,830 INFO  client.GrpcClientProtocolClient (GrpcClientProtocolClient.java:onNext(254)) - client-E0FA40453D59->0c156e3c-57cc-425b-90ef-9bcaa62a7535: receive RaftClientReply:client-E0FA40453D59->0c156e3c-57cc-425b-90ef-9bcaa62a7535@group-7704A457760D, cid=2998, SUCCESS, logIndex=5084, commits[0c156e3c-57cc-425b-90ef-9bcaa62a7535:c5084]
2019-06-14 13:46:02,831 INFO  client.GrpcClientProtocolClient (GrpcClientProtocolClient.java:onNext(254)) - client-E0FA40453D59->0c156e3c-57cc-425b-90ef-9bcaa62a7535: receive RaftClientReply:client-E0FA40453D59->0c156e3c-57cc-425b-90ef-9bcaa62a7535@group-7704A457760D, cid=2999, SUCCESS, logIndex=5085, commits[0c156e3c-57cc-425b-90ef-9bcaa62a7535:c5085]
2019-06-14 13:46:02,831 INFO  client.GrpcClientProtocolClient (GrpcClientProtocolClient.java:onNext(254)) - client-E0FA40453D59->0c156e3c-57cc-425b-90ef-9bcaa62a7535: receive RaftClientReply:client-E0FA40453D59->0c156e3c-57cc-425b-90ef-9bcaa62a7535@group-7704A457760D, cid=3000, SUCCESS, logIndex=5087, commits[0c156e3c-57cc-425b-90ef-9bcaa62a7535:c5087]
2019-06-14 13:46:03,122 DEBUG block.SCMBlockDeletingService (SCMBlockDeletingService.java:call(138)) - Running DeletedBlockTransactionScanner
2019-06-14 13:46:03,122 DEBUG block.SCMBlockDeletingService (SCMBlockDeletingService.java:call(155)) - Scanned deleted blocks log and got 0 delTX to process.
2019-06-14 13:46:03,131 INFO  client.GrpcClientProtocolClient (GrpcClientProtocolClient.java:onNext(254)) - client-E0FA40453D59->0c156e3c-57cc-425b-90ef-9bcaa62a7535: receive RaftClientReply:client-E0FA40453D59->0c156e3c-57cc-425b-90ef-9bcaa62a7535@group-7704A457760D, cid=3001, SUCCESS, logIndex=5090, commits[0c156e3c-57cc-425b-90ef-9bcaa62a7535:c5090]
2019-06-14 13:46:03,132 INFO  client.GrpcClientProtocolClient (GrpcClientProtocolClient.java:onNext(254)) - client-E0FA40453D59->0c156e3c-57cc-425b-90ef-9bcaa62a7535: receive RaftClientReply:client-E0FA40453D59->0c156e3c-57cc-425b-90ef-9bcaa62a7535@group-7704A457760D, cid=3002, SUCCESS, logIndex=5092, commits[0c156e3c-57cc-425b-90ef-9bcaa62a7535:c5092]
2019-06-14 13:46:03,134 INFO  client.GrpcClientProtocolClient (GrpcClientProtocolClient.java:onNext(254)) - client-E0FA40453D59->0c156e3c-57cc-425b-90ef-9bcaa62a7535: receive RaftClientReply:client-E0FA40453D59->0c156e3c-57cc-425b-90ef-9bcaa62a7535@group-7704A457760D, cid=3003, SUCCESS, logIndex=5093, commits[0c156e3c-57cc-425b-90ef-9bcaa62a7535:c5095]
2019-06-14 13:46:03,134 INFO  client.GrpcClientProtocolClient (GrpcClientProtocolClient.java:onNext(254)) - client-E0FA40453D59->0c156e3c-57cc-425b-90ef-9bcaa62a7535: receive RaftClientReply:client-E0FA40453D59->0c156e3c-57cc-425b-90ef-9bcaa62a7535@group-7704A457760D, cid=3004, SUCCESS, logIndex=5094, commits[0c156e3c-57cc-425b-90ef-9bcaa62a7535:c5095]
2019-06-14 13:46:03,216 INFO  storage.RaftLogWorker (RaftLogWorker.java:rollLogSegment(303)) - 0c156e3c-57cc-425b-90ef-9bcaa62a7535-RaftLogWorker: Rolling segment log-5021_5095 to index:5095
2019-06-14 13:46:03,216 INFO  storage.RaftLogWorker (RaftLogWorker.java:execute(433)) - 0c156e3c-57cc-425b-90ef-9bcaa62a7535-RaftLogWorker: Rolled log segment from /opt/src/hadoop-ozone/integration-test/target/test-dir/MiniOzoneClusterImpl-8919240e-7e15-4dbf-8bf4-c210578586bb/datanode-0/data/ratis/1fc53845-3381-4beb-82f9-7704a457760d/current/log_inprogress_5021 to /opt/src/hadoop-ozone/integration-test/target/test-dir/MiniOzoneClusterImpl-8919240e-7e15-4dbf-8bf4-c210578586bb/datanode-0/data/ratis/1fc53845-3381-4beb-82f9-7704a457760d/current/log_5021-5095
2019-06-14 13:46:03,223 DEBUG block.SCMBlockDeletingService (SCMBlockDeletingService.java:call(138)) - Running DeletedBlockTransactionScanner
2019-06-14 13:46:03,223 DEBUG block.SCMBlockDeletingService (SCMBlockDeletingService.java:call(155)) - Scanned deleted blocks log and got 0 delTX to process.
2019-06-14 13:46:03,265 INFO  storage.RaftLogWorker (RaftLogWorker.java:execute(469)) - 0c156e3c-57cc-425b-90ef-9bcaa62a7535-RaftLogWorker: created new log segment /opt/src/hadoop-ozone/integration-test/target/test-dir/MiniOzoneClusterImpl-8919240e-7e15-4dbf-8bf4-c210578586bb/datanode-0/data/ratis/1fc53845-3381-4beb-82f9-7704a457760d/current/log_inprogress_5096
2019-06-14 13:46:03,266 INFO  client.GrpcClientProtocolClient (GrpcClientProtocolClient.java:onNext(254)) - client-E0FA40453D59->0c156e3c-57cc-425b-90ef-9bcaa62a7535: receive RaftClientReply:client-E0FA40453D59->0c156e3c-57cc-425b-90ef-9bcaa62a7535@group-7704A457760D, cid=3005, SUCCESS, logIndex=5096, commits[0c156e3c-57cc-425b-90ef-9bcaa62a7535:c5096]
2019-06-14 13:46:03,269 INFO  client.GrpcClientProtocolClient (GrpcClientProtocolClient.java:onNext(254)) - client-E0FA40453D59->0c156e3c-57cc-425b-90ef-9bcaa62a7535: receive RaftClientReply:client-E0FA40453D59->0c156e3c-57cc-425b-90ef-9bcaa62a7535@group-7704A457760D, cid=3006, SUCCESS, logIndex=5098, commits[0c156e3c-57cc-425b-90ef-9bcaa62a7535:c5100]
2019-06-14 13:46:03,270 INFO  client.GrpcClientProtocolClient (GrpcClientProtocolClient.java:onNext(254)) - client-E0FA40453D59->0c156e3c-57cc-425b-90ef-9bcaa62a7535: receive RaftClientReply:client-E0FA40453D59->0c156e3c-57cc-425b-90ef-9bcaa62a7535@group-7704A457760D, cid=3007, SUCCESS, logIndex=5099, commits[0c156e3c-57cc-425b-90ef-9bcaa62a7535:c5100]
2019-06-14 13:46:03,270 INFO  client.GrpcClientProtocolClient (GrpcClientProtocolClient.java:onNext(254)) - client-E0FA40453D59->0c156e3c-57cc-425b-90ef-9bcaa62a7535: receive RaftClientReply:client-E0FA40453D59->0c156e3c-57cc-425b-90ef-9bcaa62a7535@group-7704A457760D, cid=3008, SUCCESS, logIndex=5100, commits[0c156e3c-57cc-425b-90ef-9bcaa62a7535:c5100]
2019-06-14 13:46:03,280 INFO  client.GrpcClientProtocolClient (GrpcClientProtocolClient.java:onNext(254)) - client-E0FA40453D59->0c156e3c-57cc-425b-90ef-9bcaa62a7535: receive RaftClientReply:client-E0FA40453D59->0c156e3c-57cc-425b-90ef-9bcaa62a7535@group-7704A457760D, cid=3009, SUCCESS, logIndex=5102, commits[0c156e3c-57cc-425b-90ef-9bcaa62a7535:c5102]
2019-06-14 13:46:03,286 INFO  client.GrpcClientProtocolClient (GrpcClientProtocolClient.java:onNext(254)) - client-E0FA40453D59->0c156e3c-57cc-425b-90ef-9bcaa62a7535: receive RaftClientReply:client-E0FA40453D59->0c156e3c-57cc-425b-90ef-9bcaa62a7535@group-7704A457760D, cid=3010, SUCCESS, logIndex=5104, commits[0c156e3c-57cc-425b-90ef-9bcaa62a7535:c5105]
2019-06-14 13:46:03,289 INFO  client.GrpcClientProtocolClient (GrpcClientProtocolClient.java:onNext(254)) - client-E0FA40453D59->0c156e3c-57cc-425b-90ef-9bcaa62a7535: receive RaftClientReply:client-E0FA40453D59->0c156e3c-57cc-425b-90ef-9bcaa62a7535@group-7704A457760D, cid=3011, SUCCESS, logIndex=5106, commits[0c156e3c-57cc-425b-90ef-9bcaa62a7535:c5106]
2019-06-14 13:46:03,290 INFO  client.GrpcClientProtocolClient (GrpcClientProtocolClient.java:onNext(254)) - client-E0FA40453D59->0c156e3c-57cc-425b-90ef-9bcaa62a7535: receive RaftClientReply:client-E0FA40453D59->0c156e3c-57cc-425b-90ef-9bcaa62a7535@group-7704A457760D, cid=3012, SUCCESS, logIndex=5108, commits[0c156e3c-57cc-425b-90ef-9bcaa62a7535:c5108]
2019-06-14 13:46:03,298 INFO  client.GrpcClientProtocolClient (GrpcClientProtocolClient.java:onNext(254)) - client-E0FA40453D59->0c156e3c-57cc-425b-90ef-9bcaa62a7535: receive RaftClientReply:client-E0FA40453D59->0c156e3c-57cc-425b-90ef-9bcaa62a7535@group-7704A457760D, cid=3013, SUCCESS, logIndex=5110, commits[0c156e3c-57cc-425b-90ef-9bcaa62a7535:c5110]
2019-06-14 13:46:03,300 INFO  client.GrpcClientProtocolClient (GrpcClientProtocolClient.java:onNext(254)) - client-E0FA40453D59->0c156e3c-57cc-425b-90ef-9bcaa62a7535: receive RaftClientReply:client-E0FA40453D59->0c156e3c-57cc-425b-90ef-9bcaa62a7535@group-7704A457760D, cid=3014, SUCCESS, logIndex=5112, commits[0c156e3c-57cc-425b-90ef-9bcaa62a7535:c5112]
2019-06-14 13:46:03,301 INFO  client.GrpcClientProtocolClient (GrpcClientProtocolClient.java:onNext(254)) - client-E0FA40453D59->0c156e3c-57cc-425b-90ef-9bcaa62a7535: receive RaftClientReply:client-E0FA40453D59->0c156e3c-57cc-425b-90ef-9bcaa62a7535@group-7704A457760D, cid=3015, SUCCESS, logIndex=5113, commits[0c156e3c-57cc-425b-90ef-9bcaa62a7535:c5115]
2019-06-14 13:46:03,301 INFO  client.GrpcClientProtocolClient (GrpcClientProtocolClient.java:onNext(254)) - client-E0FA40453D59->0c156e3c-57cc-425b-90ef-9bcaa62a7535: receive RaftClientReply:client-E0FA40453D59->0c156e3c-57cc-425b-90ef-9bcaa62a7535@group-7704A457760D, cid=3016, SUCCESS, logIndex=5114, commits[0c156e3c-57cc-425b-90ef-9bcaa62a7535:c5115]
2019-06-14 13:46:03,313 INFO  client.GrpcClientProtocolClient (GrpcClientProtocolClient.java:onNext(254)) - client-E0FA40453D59->0c156e3c-57cc-425b-90ef-9bcaa62a7535: receive RaftClientReply:client-E0FA40453D59->0c156e3c-57cc-425b-90ef-9bcaa62a7535@group-7704A457760D, cid=3017, SUCCESS, logIndex=5116, commits[0c156e3c-57cc-425b-90ef-9bcaa62a7535:c5116]
2019-06-14 13:46:03,315 INFO  client.GrpcClientProtocolClient (GrpcClientProtocolClient.java:onNext(254)) - client-E0FA40453D59->0c156e3c-57cc-425b-90ef-9bcaa62a7535: receive RaftClientReply:client-E0FA40453D59->0c156e3c-57cc-425b-90ef-9bcaa62a7535@group-7704A457760D, cid=3018, SUCCESS, logIndex=5118, commits[0c156e3c-57cc-425b-90ef-9bcaa62a7535:c5118]
2019-06-14 13:46:03,316 INFO  client.GrpcClientProtocolClient (GrpcClientProtocolClient.java:onNext(254)) - client-E0FA40453D59->0c156e3c-57cc-425b-90ef-9bcaa62a7535: receive RaftClientReply:client-E0FA40453D59->0c156e3c-57cc-425b-90ef-9bcaa62a7535@group-7704A457760D, cid=3019, SUCCESS, logIndex=5119, commits[0c156e3c-57cc-425b-90ef-9bcaa62a7535:c5121]
2019-06-14 13:46:03,316 INFO  client.GrpcClientProtocolClient (GrpcClientProtocolClient.java:onNext(254)) - client-E0FA40453D59->0c156e3c-57cc-425b-90ef-9bcaa62a7535: receive RaftClientReply:client-E0FA40453D59->0c156e3c-57cc-425b-90ef-9bcaa62a7535@group-7704A457760D, cid=3020, SUCCESS, logIndex=5120, commits[0c156e3c-57cc-425b-90ef-9bcaa62a7535:c5121]
2019-06-14 13:46:03,323 DEBUG block.SCMBlockDeletingService (SCMBlockDeletingService.java:call(138)) - Running DeletedBlockTransactionScanner
2019-06-14 13:46:03,323 DEBUG block.SCMBlockDeletingService (SCMBlockDeletingService.java:call(155)) - Scanned deleted blocks log and got 0 delTX to process.
2019-06-14 13:46:03,324 INFO  client.GrpcClientProtocolClient (GrpcClientProtocolClient.java:onNext(254)) - client-E0FA40453D59->0c156e3c-57cc-425b-90ef-9bcaa62a7535: receive RaftClientReply:client-E0FA40453D59->0c156e3c-57cc-425b-90ef-9bcaa62a7535@group-7704A457760D, cid=3021, SUCCESS, logIndex=5122, commits[0c156e3c-57cc-425b-90ef-9bcaa62a7535:c5122]
2019-06-14 13:46:03,327 INFO  client.GrpcClientProtocolClient (GrpcClientProtocolClient.java:onNext(254)) - client-E0FA40453D59->0c156e3c-57cc-425b-90ef-9bcaa62a7535: receive RaftClientReply:client-E0FA40453D59->0c156e3c-57cc-425b-90ef-9bcaa62a7535@group-7704A457760D, cid=3022, SUCCESS, logIndex=5124, commits[0c156e3c-57cc-425b-90ef-9bcaa62a7535:c5126]
2019-06-14 13:46:03,328 INFO  client.GrpcClientProtocolClient (GrpcClientProtocolClient.java:onNext(254)) - client-E0FA40453D59->0c156e3c-57cc-425b-90ef-9bcaa62a7535: receive RaftClientReply:client-E0FA40453D59->0c156e3c-57cc-425b-90ef-9bcaa62a7535@group-7704A457760D, cid=3023, SUCCESS, logIndex=5125, commits[0c156e3c-57cc-425b-90ef-9bcaa62a7535:c5126]
2019-06-14 13:46:03,328 INFO  client.GrpcClientProtocolClient (GrpcClientProtocolClient.java:onNext(254)) - client-E0FA40453D59->0c156e3c-57cc-425b-90ef-9bcaa62a7535: receive RaftClientReply:client-E0FA40453D59->0c156e3c-57cc-425b-90ef-9bcaa62a7535@group-7704A457760D, cid=3024, SUCCESS, logIndex=5126, commits[0c156e3c-57cc-425b-90ef-9bcaa62a7535:c5126]
2019-06-14 13:46:03,351 INFO  client.GrpcClientProtocolClient (GrpcClientProtocolClient.java:onNext(254)) - client-E0FA40453D59->0c156e3c-57cc-425b-90ef-9bcaa62a7535: receive RaftClientReply:client-E0FA40453D59->0c156e3c-57cc-425b-90ef-9bcaa62a7535@group-7704A457760D, cid=3025, SUCCESS, logIndex=5128, commits[0c156e3c-57cc-425b-90ef-9bcaa62a7535:c5129]
2019-06-14 13:46:03,353 INFO  client.GrpcClientProtocolClient (GrpcClientProtocolClient.java:onNext(254)) - client-E0FA40453D59->0c156e3c-57cc-425b-90ef-9bcaa62a7535: receive RaftClientReply:client-E0FA40453D59->0c156e3c-57cc-425b-90ef-9bcaa62a7535@group-7704A457760D, cid=3026, SUCCESS, logIndex=5130, commits[0c156e3c-57cc-425b-90ef-9bcaa62a7535:c5130]
2019-06-14 13:46:03,353 INFO  client.GrpcClientProtocolClient (GrpcClientProtocolClient.java:onNext(254)) - client-E0FA40453D59->0c156e3c-57cc-425b-90ef-9bcaa62a7535: receive RaftClientReply:client-E0FA40453D59->0c156e3c-57cc-425b-90ef-9bcaa62a7535@group-7704A457760D, cid=3027, SUCCESS, logIndex=5131, commits[0c156e3c-57cc-425b-90ef-9bcaa62a7535:c5133]
2019-06-14 13:46:03,354 INFO  client.GrpcClientProtocolClient (GrpcClientProtocolClient.java:onNext(254)) - client-E0FA40453D59->0c156e3c-57cc-425b-90ef-9bcaa62a7535: receive RaftClientReply:client-E0FA40453D59->0c156e3c-57cc-425b-90ef-9bcaa62a7535@group-7704A457760D, cid=3028, SUCCESS, logIndex=5133, commits[0c156e3c-57cc-425b-90ef-9bcaa62a7535:c5134]
2019-06-14 13:46:03,359 INFO  client.GrpcClientProtocolClient (GrpcClientProtocolClient.java:onNext(254)) - client-E0FA40453D59->0c156e3c-57cc-425b-90ef-9bcaa62a7535: receive RaftClientReply:client-E0FA40453D59->0c156e3c-57cc-425b-90ef-9bcaa62a7535@group-7704A457760D, cid=3029, SUCCESS, logIndex=5135, commits[0c156e3c-57cc-425b-90ef-9bcaa62a7535:c5135]
2019-06-14 13:46:03,361 INFO  client.GrpcClientProtocolClient (GrpcClientProtocolClient.java:onNext(254)) - client-E0FA40453D59->0c156e3c-57cc-425b-90ef-9bcaa62a7535: receive RaftClientReply:client-E0FA40453D59->0c156e3c-57cc-425b-90ef-9bcaa62a7535@group-7704A457760D, cid=3030, SUCCESS, logIndex=5137, commits[0c156e3c-57cc-425b-90ef-9bcaa62a7535:c5137]
2019-06-14 13:46:03,364 INFO  client.GrpcClientProtocolClient (GrpcClientProtocolClient.java:onNext(254)) - client-E0FA40453D59->0c156e3c-57cc-425b-90ef-9bcaa62a7535: receive RaftClientReply:client-E0FA40453D59->0c156e3c-57cc-425b-90ef-9bcaa62a7535@group-7704A457760D, cid=3031, SUCCESS, logIndex=5139, commits[0c156e3c-57cc-425b-90ef-9bcaa62a7535:c5141]
2019-06-14 13:46:03,364 INFO  client.GrpcClientProtocolClient (GrpcClientProtocolClient.java:onNext(254)) - client-E0FA40453D59->0c156e3c-57cc-425b-90ef-9bcaa62a7535: receive RaftClientReply:client-E0FA40453D59->0c156e3c-57cc-425b-90ef-9bcaa62a7535@group-7704A457760D, cid=3032, SUCCESS, logIndex=5140, commits[0c156e3c-57cc-425b-90ef-9bcaa62a7535:c5141]
2019-06-14 13:46:03,374 INFO  client.GrpcClientProtocolClient (GrpcClientProtocolClient.java:onNext(254)) - client-E0FA40453D59->0c156e3c-57cc-425b-90ef-9bcaa62a7535: receive RaftClientReply:client-E0FA40453D59->0c156e3c-57cc-425b-90ef-9bcaa62a7535@group-7704A457760D, cid=3033, SUCCESS, logIndex=5142, commits[0c156e3c-57cc-425b-90ef-9bcaa62a7535:c5142]
2019-06-14 13:46:03,376 INFO  client.GrpcClientProtocolClient (GrpcClientProtocolClient.java:onNext(254)) - client-E0FA40453D59->0c156e3c-57cc-425b-90ef-9bcaa62a7535: receive RaftClientReply:client-E0FA40453D59->0c156e3c-57cc-425b-90ef-9bcaa62a7535@group-7704A457760D, cid=3034, SUCCESS, logIndex=5144, commits[0c156e3c-57cc-425b-90ef-9bcaa62a7535:c5144]
2019-06-14 13:46:03,377 INFO  client.GrpcClientProtocolClient (GrpcClientProtocolClient.java:onNext(254)) - client-E0FA40453D59->0c156e3c-57cc-425b-90ef-9bcaa62a7535: receive RaftClientReply:client-E0FA40453D59->0c156e3c-57cc-425b-90ef-9bcaa62a7535@group-7704A457760D, cid=3035, SUCCESS, logIndex=5145, commits[0c156e3c-57cc-425b-90ef-9bcaa62a7535:c5147]
2019-06-14 13:46:03,378 INFO  client.GrpcClientProtocolClient (GrpcClientProtocolClient.java:onNext(254)) - client-E0FA40453D59->0c156e3c-57cc-425b-90ef-9bcaa62a7535: receive RaftClientReply:client-E0FA40453D59->0c156e3c-57cc-425b-90ef-9bcaa62a7535@group-7704A457760D, cid=3036, SUCCESS, logIndex=5146, commits[0c156e3c-57cc-425b-90ef-9bcaa62a7535:c5147]
2019-06-14 13:46:03,384 INFO  client.GrpcClientProtocolClient (GrpcClientProtocolClient.java:onNext(254)) - client-E0FA40453D59->0c156e3c-57cc-425b-90ef-9bcaa62a7535: receive RaftClientReply:client-E0FA40453D59->0c156e3c-57cc-425b-90ef-9bcaa62a7535@group-7704A457760D, cid=3037, SUCCESS, logIndex=5148, commits[0c156e3c-57cc-425b-90ef-9bcaa62a7535:c5148]
2019-06-14 13:46:03,386 INFO  client.GrpcClientProtocolClient (GrpcClientProtocolClient.java:onNext(254)) - client-E0FA40453D59->0c156e3c-57cc-425b-90ef-9bcaa62a7535: receive RaftClientReply:client-E0FA40453D59->0c156e3c-57cc-425b-90ef-9bcaa62a7535@group-7704A457760D, cid=3038, SUCCESS, logIndex=5150, commits[0c156e3c-57cc-425b-90ef-9bcaa62a7535:c5150]
2019-06-14 13:46:03,387 INFO  client.GrpcClientProtocolClient (GrpcClientProtocolClient.java:onNext(254)) - client-E0FA40453D59->0c156e3c-57cc-425b-90ef-9bcaa62a7535: receive RaftClientReply:client-E0FA40453D59->0c156e3c-57cc-425b-90ef-9bcaa62a7535@group-7704A457760D, cid=3039, SUCCESS, logIndex=5151, commits[0c156e3c-57cc-425b-90ef-9bcaa62a7535:c5151]
2019-06-14 13:46:03,387 INFO  client.GrpcClientProtocolClient (GrpcClientProtocolClient.java:onNext(254)) - client-E0FA40453D59->0c156e3c-57cc-425b-90ef-9bcaa62a7535: receive RaftClientReply:client-E0FA40453D59->0c156e3c-57cc-425b-90ef-9bcaa62a7535@group-7704A457760D, cid=3040, SUCCESS, logIndex=5153, commits[0c156e3c-57cc-425b-90ef-9bcaa62a7535:c5153]
2019-06-14 13:46:03,396 INFO  client.GrpcClientProtocolClient (GrpcClientProtocolClient.java:onNext(254)) - client-E0FA40453D59->0c156e3c-57cc-425b-90ef-9bcaa62a7535: receive RaftClientReply:client-E0FA40453D59->0c156e3c-57cc-425b-90ef-9bcaa62a7535@group-7704A457760D, cid=3041, SUCCESS, logIndex=5156, commits[0c156e3c-57cc-425b-90ef-9bcaa62a7535:c5156]
2019-06-14 13:46:03,397 INFO  client.GrpcClientProtocolClient (GrpcClientProtocolClient.java:onNext(254)) - client-E0FA40453D59->0c156e3c-57cc-425b-90ef-9bcaa62a7535: receive RaftClientReply:client-E0FA40453D59->0c156e3c-57cc-425b-90ef-9bcaa62a7535@group-7704A457760D, cid=3042, SUCCESS, logIndex=5158, commits[0c156e3c-57cc-425b-90ef-9bcaa62a7535:c5158]
2019-06-14 13:46:03,400 INFO  client.GrpcClientProtocolClient (GrpcClientProtocolClient.java:onNext(254)) - client-E0FA40453D59->0c156e3c-57cc-425b-90ef-9bcaa62a7535: receive RaftClientReply:client-E0FA40453D59->0c156e3c-57cc-425b-90ef-9bcaa62a7535@group-7704A457760D, cid=3043, SUCCESS, logIndex=5160, commits[0c156e3c-57cc-425b-90ef-9bcaa62a7535:c5160]
2019-06-14 13:46:03,400 INFO  client.GrpcClientProtocolClient (GrpcClientProtocolClient.java:onNext(254)) - client-E0FA40453D59->0c156e3c-57cc-425b-90ef-9bcaa62a7535: receive RaftClientReply:client-E0FA40453D59->0c156e3c-57cc-425b-90ef-9bcaa62a7535@group-7704A457760D, cid=3044, SUCCESS, logIndex=5161, commits[0c156e3c-57cc-425b-90ef-9bcaa62a7535:c5161]
2019-06-14 13:46:03,405 INFO  client.GrpcClientProtocolClient (GrpcClientProtocolClient.java:onNext(254)) - client-E0FA40453D59->0c156e3c-57cc-425b-90ef-9bcaa62a7535: receive RaftClientReply:client-E0FA40453D59->0c156e3c-57cc-425b-90ef-9bcaa62a7535@group-7704A457760D, cid=3045, SUCCESS, logIndex=5164, commits[0c156e3c-57cc-425b-90ef-9bcaa62a7535:c5164]
2019-06-14 13:46:03,406 INFO  storage.RaftLogWorker (RaftLogWorker.java:rollLogSegment(303)) - 0c156e3c-57cc-425b-90ef-9bcaa62a7535-RaftLogWorker: Rolling segment log-5096_5168 to index:5168
2019-06-14 13:46:03,407 INFO  client.GrpcClientProtocolClient (GrpcClientProtocolClient.java:onNext(254)) - client-E0FA40453D59->0c156e3c-57cc-425b-90ef-9bcaa62a7535: receive RaftClientReply:client-E0FA40453D59->0c156e3c-57cc-425b-90ef-9bcaa62a7535@group-7704A457760D, cid=3046, SUCCESS, logIndex=5166, commits[0c156e3c-57cc-425b-90ef-9bcaa62a7535:c5166]
2019-06-14 13:46:03,408 INFO  storage.RaftLogWorker (RaftLogWorker.java:execute(433)) - 0c156e3c-57cc-425b-90ef-9bcaa62a7535-RaftLogWorker: Rolled log segment from /opt/src/hadoop-ozone/integration-test/target/test-dir/MiniOzoneClusterImpl-8919240e-7e15-4dbf-8bf4-c210578586bb/datanode-0/data/ratis/1fc53845-3381-4beb-82f9-7704a457760d/current/log_inprogress_5096 to /opt/src/hadoop-ozone/integration-test/target/test-dir/MiniOzoneClusterImpl-8919240e-7e15-4dbf-8bf4-c210578586bb/datanode-0/data/ratis/1fc53845-3381-4beb-82f9-7704a457760d/current/log_5096-5168
2019-06-14 13:46:03,409 INFO  client.GrpcClientProtocolClient (GrpcClientProtocolClient.java:onNext(254)) - client-E0FA40453D59->0c156e3c-57cc-425b-90ef-9bcaa62a7535: receive RaftClientReply:client-E0FA40453D59->0c156e3c-57cc-425b-90ef-9bcaa62a7535@group-7704A457760D, cid=3047, SUCCESS, logIndex=5167, commits[0c156e3c-57cc-425b-90ef-9bcaa62a7535:c5168]
2019-06-14 13:46:03,423 DEBUG block.SCMBlockDeletingService (SCMBlockDeletingService.java:call(138)) - Running DeletedBlockTransactionScanner
2019-06-14 13:46:03,424 DEBUG block.SCMBlockDeletingService (SCMBlockDeletingService.java:call(155)) - Scanned deleted blocks log and got 0 delTX to process.
2019-06-14 13:46:03,446 INFO  storage.RaftLogWorker (RaftLogWorker.java:execute(469)) - 0c156e3c-57cc-425b-90ef-9bcaa62a7535-RaftLogWorker: created new log segment /opt/src/hadoop-ozone/integration-test/target/test-dir/MiniOzoneClusterImpl-8919240e-7e15-4dbf-8bf4-c210578586bb/datanode-0/data/ratis/1fc53845-3381-4beb-82f9-7704a457760d/current/log_inprogress_5169
2019-06-14 13:46:03,447 INFO  client.GrpcClientProtocolClient (GrpcClientProtocolClient.java:onNext(254)) - client-E0FA40453D59->0c156e3c-57cc-425b-90ef-9bcaa62a7535: receive RaftClientReply:client-E0FA40453D59->0c156e3c-57cc-425b-90ef-9bcaa62a7535@group-7704A457760D, cid=3048, SUCCESS, logIndex=5169, commits[0c156e3c-57cc-425b-90ef-9bcaa62a7535:c5169]
2019-06-14 13:46:03,459 INFO  client.GrpcClientProtocolClient (GrpcClientProtocolClient.java:onNext(254)) - client-E0FA40453D59->0c156e3c-57cc-425b-90ef-9bcaa62a7535: receive RaftClientReply:client-E0FA40453D59->0c156e3c-57cc-425b-90ef-9bcaa62a7535@group-7704A457760D, cid=3049, SUCCESS, logIndex=5171, commits[0c156e3c-57cc-425b-90ef-9bcaa62a7535:c5171]
2019-06-14 13:46:03,460 INFO  client.GrpcClientProtocolClient (GrpcClientProtocolClient.java:onNext(254)) - client-E0FA40453D59->0c156e3c-57cc-425b-90ef-9bcaa62a7535: receive RaftClientReply:client-E0FA40453D59->0c156e3c-57cc-425b-90ef-9bcaa62a7535@group-7704A457760D, cid=3050, SUCCESS, logIndex=5173, commits[0c156e3c-57cc-425b-90ef-9bcaa62a7535:c5173]
2019-06-14 13:46:03,524 DEBUG block.SCMBlockDeletingService (SCMBlockDeletingService.java:call(138)) - Running DeletedBlockTransactionScanner
2019-06-14 13:46:03,524 DEBUG block.SCMBlockDeletingService (SCMBlockDeletingService.java:call(155)) - Scanned deleted blocks log and got 0 delTX to process.
2019-06-14 13:46:03,534 INFO  client.GrpcClientProtocolClient (GrpcClientProtocolClient.java:onNext(254)) - client-E0FA40453D59->0c156e3c-57cc-425b-90ef-9bcaa62a7535: receive RaftClientReply:client-E0FA40453D59->0c156e3c-57cc-425b-90ef-9bcaa62a7535@group-7704A457760D, cid=3051, SUCCESS, logIndex=5175, commits[0c156e3c-57cc-425b-90ef-9bcaa62a7535:c5175]
2019-06-14 13:46:03,535 INFO  client.GrpcClientProtocolClient (GrpcClientProtocolClient.java:onNext(254)) - client-E0FA40453D59->0c156e3c-57cc-425b-90ef-9bcaa62a7535: receive RaftClientReply:client-E0FA40453D59->0c156e3c-57cc-425b-90ef-9bcaa62a7535@group-7704A457760D, cid=3052, SUCCESS, logIndex=5177, commits[0c156e3c-57cc-425b-90ef-9bcaa62a7535:c5177]
2019-06-14 13:46:03,578 INFO  client.GrpcClientProtocolClient (GrpcClientProtocolClient.java:onNext(254)) - client-E0FA40453D59->0c156e3c-57cc-425b-90ef-9bcaa62a7535: receive RaftClientReply:client-E0FA40453D59->0c156e3c-57cc-425b-90ef-9bcaa62a7535@group-7704A457760D, cid=3053, SUCCESS, logIndex=5179, commits[0c156e3c-57cc-425b-90ef-9bcaa62a7535:c5179]
2019-06-14 13:46:03,580 INFO  client.GrpcClientProtocolClient (GrpcClientProtocolClient.java:onNext(254)) - client-E0FA40453D59->0c156e3c-57cc-425b-90ef-9bcaa62a7535: receive RaftClientReply:client-E0FA40453D59->0c156e3c-57cc-425b-90ef-9bcaa62a7535@group-7704A457760D, cid=3054, SUCCESS, logIndex=5181, commits[0c156e3c-57cc-425b-90ef-9bcaa62a7535:c5181]
2019-06-14 13:46:03,581 INFO  client.GrpcClientProtocolClient (GrpcClientProtocolClient.java:onNext(254)) - client-E0FA40453D59->0c156e3c-57cc-425b-90ef-9bcaa62a7535: receive RaftClientReply:client-E0FA40453D59->0c156e3c-57cc-425b-90ef-9bcaa62a7535@group-7704A457760D, cid=3055, SUCCESS, logIndex=5182, commits[0c156e3c-57cc-425b-90ef-9bcaa62a7535:c5184]
2019-06-14 13:46:03,581 INFO  client.GrpcClientProtocolClient (GrpcClientProtocolClient.java:onNext(254)) - client-E0FA40453D59->0c156e3c-57cc-425b-90ef-9bcaa62a7535: receive RaftClientReply:client-E0FA40453D59->0c156e3c-57cc-425b-90ef-9bcaa62a7535@group-7704A457760D, cid=3056, SUCCESS, logIndex=5183, commits[0c156e3c-57cc-425b-90ef-9bcaa62a7535:c5184]
2019-06-14 13:46:03,591 INFO  client.GrpcClientProtocolClient (GrpcClientProtocolClient.java:onNext(254)) - client-E0FA40453D59->0c156e3c-57cc-425b-90ef-9bcaa62a7535: receive RaftClientReply:client-E0FA40453D59->0c156e3c-57cc-425b-90ef-9bcaa62a7535@group-7704A457760D, cid=3057, SUCCESS, logIndex=5185, commits[0c156e3c-57cc-425b-90ef-9bcaa62a7535:c5185]
2019-06-14 13:46:03,593 INFO  client.GrpcClientProtocolClient (GrpcClientProtocolClient.java:onNext(254)) - client-E0FA40453D59->0c156e3c-57cc-425b-90ef-9bcaa62a7535: receive RaftClientReply:client-E0FA40453D59->0c156e3c-57cc-425b-90ef-9bcaa62a7535@group-7704A457760D, cid=3058, SUCCESS, logIndex=5187, commits[0c156e3c-57cc-425b-90ef-9bcaa62a7535:c5187]
2019-06-14 13:46:03,594 INFO  client.GrpcClientProtocolClient (GrpcClientProtocolClient.java:onNext(254)) - client-E0FA40453D59->0c156e3c-57cc-425b-90ef-9bcaa62a7535: receive RaftClientReply:client-E0FA40453D59->0c156e3c-57cc-425b-90ef-9bcaa62a7535@group-7704A457760D, cid=3059, SUCCESS, logIndex=5188, commits[0c156e3c-57cc-425b-90ef-9bcaa62a7535:c5188]
2019-06-14 13:46:03,594 INFO  client.GrpcClientProtocolClient (GrpcClientProtocolClient.java:onNext(254)) - client-E0FA40453D59->0c156e3c-57cc-425b-90ef-9bcaa62a7535: receive RaftClientReply:client-E0FA40453D59->0c156e3c-57cc-425b-90ef-9bcaa62a7535@group-7704A457760D, cid=3060, SUCCESS, logIndex=5190, commits[0c156e3c-57cc-425b-90ef-9bcaa62a7535:c5190]
2019-06-14 13:46:03,599 INFO  client.GrpcClientProtocolClient (GrpcClientProtocolClient.java:onNext(254)) - client-E0FA40453D59->0c156e3c-57cc-425b-90ef-9bcaa62a7535: receive RaftClientReply:client-E0FA40453D59->0c156e3c-57cc-425b-90ef-9bcaa62a7535@group-7704A457760D, cid=3061, SUCCESS, logIndex=5193, commits[0c156e3c-57cc-425b-90ef-9bcaa62a7535:c5193]
2019-06-14 13:46:03,602 INFO  client.GrpcClientProtocolClient (GrpcClientProtocolClient.java:onNext(254)) - client-E0FA40453D59->0c156e3c-57cc-425b-90ef-9bcaa62a7535: receive RaftClientReply:client-E0FA40453D59->0c156e3c-57cc-425b-90ef-9bcaa62a7535@group-7704A457760D, cid=3062, SUCCESS, logIndex=5195, commits[0c156e3c-57cc-425b-90ef-9bcaa62a7535:c5197]
2019-06-14 13:46:03,602 INFO  client.GrpcClientProtocolClient (GrpcClientProtocolClient.java:onNext(254)) - client-E0FA40453D59->0c156e3c-57cc-425b-90ef-9bcaa62a7535: receive RaftClientReply:client-E0FA40453D59->0c156e3c-57cc-425b-90ef-9bcaa62a7535@group-7704A457760D, cid=3063, SUCCESS, logIndex=5196, commits[0c156e3c-57cc-425b-90ef-9bcaa62a7535:c5197]
2019-06-14 13:46:03,602 INFO  client.GrpcClientProtocolClient (GrpcClientProtocolClient.java:onNext(254)) - client-E0FA40453D59->0c156e3c-57cc-425b-90ef-9bcaa62a7535: receive RaftClientReply:client-E0FA40453D59->0c156e3c-57cc-425b-90ef-9bcaa62a7535@group-7704A457760D, cid=3064, SUCCESS, logIndex=5197, commits[0c156e3c-57cc-425b-90ef-9bcaa62a7535:c5197]
2019-06-14 13:46:03,622 INFO  client.GrpcClientProtocolClient (GrpcClientProtocolClient.java:onNext(254)) - client-E0FA40453D59->0c156e3c-57cc-425b-90ef-9bcaa62a7535: receive RaftClientReply:client-E0FA40453D59->0c156e3c-57cc-425b-90ef-9bcaa62a7535@group-7704A457760D, cid=3065, SUCCESS, logIndex=5199, commits[0c156e3c-57cc-425b-90ef-9bcaa62a7535:c5199]
2019-06-14 13:46:03,625 DEBUG block.SCMBlockDeletingService (SCMBlockDeletingService.java:call(138)) - Running DeletedBlockTransactionScanner
2019-06-14 13:46:03,625 DEBUG block.SCMBlockDeletingService (SCMBlockDeletingService.java:call(155)) - Scanned deleted blocks log and got 0 delTX to process.
2019-06-14 13:46:03,627 INFO  client.GrpcClientProtocolClient (GrpcClientProtocolClient.java:onNext(254)) - client-E0FA40453D59->0c156e3c-57cc-425b-90ef-9bcaa62a7535: receive RaftClientReply:client-E0FA40453D59->0c156e3c-57cc-425b-90ef-9bcaa62a7535@group-7704A457760D, cid=3066, SUCCESS, logIndex=5201, commits[0c156e3c-57cc-425b-90ef-9bcaa62a7535:c5203]
2019-06-14 13:46:03,627 INFO  client.GrpcClientProtocolClient (GrpcClientProtocolClient.java:onNext(254)) - client-E0FA40453D59->0c156e3c-57cc-425b-90ef-9bcaa62a7535: receive RaftClientReply:client-E0FA40453D59->0c156e3c-57cc-425b-90ef-9bcaa62a7535@group-7704A457760D, cid=3067, SUCCESS, logIndex=5202, commits[0c156e3c-57cc-425b-90ef-9bcaa62a7535:c5203]
2019-06-14 13:46:03,628 INFO  client.GrpcClientProtocolClient (GrpcClientProtocolClient.java:onNext(254)) - client-E0FA40453D59->0c156e3c-57cc-425b-90ef-9bcaa62a7535: receive RaftClientReply:client-E0FA40453D59->0c156e3c-57cc-425b-90ef-9bcaa62a7535@group-7704A457760D, cid=3068, SUCCESS, logIndex=5203, commits[0c156e3c-57cc-425b-90ef-9bcaa62a7535:c5203]
2019-06-14 13:46:03,633 INFO  client.GrpcClientProtocolClient (GrpcClientProtocolClient.java:onNext(254)) - client-E0FA40453D59->0c156e3c-57cc-425b-90ef-9bcaa62a7535: receive RaftClientReply:client-E0FA40453D59->0c156e3c-57cc-425b-90ef-9bcaa62a7535@group-7704A457760D, cid=3069, SUCCESS, logIndex=5205, commits[0c156e3c-57cc-425b-90ef-9bcaa62a7535:c5205]
2019-06-14 13:46:03,634 INFO  client.GrpcClientProtocolClient (GrpcClientProtocolClient.java:onNext(254)) - client-E0FA40453D59->0c156e3c-57cc-425b-90ef-9bcaa62a7535: receive RaftClientReply:client-E0FA40453D59->0c156e3c-57cc-425b-90ef-9bcaa62a7535@group-7704A457760D, cid=3070, SUCCESS, logIndex=5207, commits[0c156e3c-57cc-425b-90ef-9bcaa62a7535:c5207]
2019-06-14 13:46:03,640 INFO  client.GrpcClientProtocolClient (GrpcClientProtocolClient.java:onNext(254)) - client-E0FA40453D59->0c156e3c-57cc-425b-90ef-9bcaa62a7535: receive RaftClientReply:client-E0FA40453D59->0c156e3c-57cc-425b-90ef-9bcaa62a7535@group-7704A457760D, cid=3071, SUCCESS, logIndex=5208, commits[0c156e3c-57cc-425b-90ef-9bcaa62a7535:c5210]
2019-06-14 13:46:03,640 INFO  client.GrpcClientProtocolClient (GrpcClientProtocolClient.java:onNext(254)) - client-E0FA40453D59->0c156e3c-57cc-425b-90ef-9bcaa62a7535: receive RaftClientReply:client-E0FA40453D59->0c156e3c-57cc-425b-90ef-9bcaa62a7535@group-7704A457760D, cid=3072, SUCCESS, logIndex=5209, commits[0c156e3c-57cc-425b-90ef-9bcaa62a7535:c5210]
2019-06-14 13:46:03,650 INFO  client.GrpcClientProtocolClient (GrpcClientProtocolClient.java:onNext(254)) - client-E0FA40453D59->0c156e3c-57cc-425b-90ef-9bcaa62a7535: receive RaftClientReply:client-E0FA40453D59->0c156e3c-57cc-425b-90ef-9bcaa62a7535@group-7704A457760D, cid=3073, SUCCESS, logIndex=5211, commits[0c156e3c-57cc-425b-90ef-9bcaa62a7535:c5211]
2019-06-14 13:46:03,651 INFO  client.GrpcClientProtocolClient (GrpcClientProtocolClient.java:onNext(254)) - client-E0FA40453D59->0c156e3c-57cc-425b-90ef-9bcaa62a7535: receive RaftClientReply:client-E0FA40453D59->0c156e3c-57cc-425b-90ef-9bcaa62a7535@group-7704A457760D, cid=3074, SUCCESS, logIndex=5213, commits[0c156e3c-57cc-425b-90ef-9bcaa62a7535:c5213]
2019-06-14 13:46:03,653 INFO  client.GrpcClientProtocolClient (GrpcClientProtocolClient.java:onNext(254)) - client-E0FA40453D59->0c156e3c-57cc-425b-90ef-9bcaa62a7535: receive RaftClientReply:client-E0FA40453D59->0c156e3c-57cc-425b-90ef-9bcaa62a7535@group-7704A457760D, cid=3075, SUCCESS, logIndex=5214, commits[0c156e3c-57cc-425b-90ef-9bcaa62a7535:c5216]
2019-06-14 13:46:03,654 INFO  client.GrpcClientProtocolClient (GrpcClientProtocolClient.java:onNext(254)) - client-E0FA40453D59->0c156e3c-57cc-425b-90ef-9bcaa62a7535: receive RaftClientReply:client-E0FA40453D59->0c156e3c-57cc-425b-90ef-9bcaa62a7535@group-7704A457760D, cid=3076, SUCCESS, logIndex=5215, commits[0c156e3c-57cc-425b-90ef-9bcaa62a7535:c5216]
2019-06-14 13:46:03,659 INFO  client.GrpcClientProtocolClient (GrpcClientProtocolClient.java:onNext(254)) - client-E0FA40453D59->0c156e3c-57cc-425b-90ef-9bcaa62a7535: receive RaftClientReply:client-E0FA40453D59->0c156e3c-57cc-425b-90ef-9bcaa62a7535@group-7704A457760D, cid=3077, SUCCESS, logIndex=5217, commits[0c156e3c-57cc-425b-90ef-9bcaa62a7535:c5217]
2019-06-14 13:46:03,661 INFO  client.GrpcClientProtocolClient (GrpcClientProtocolClient.java:onNext(254)) - client-E0FA40453D59->0c156e3c-57cc-425b-90ef-9bcaa62a7535: receive RaftClientReply:client-E0FA40453D59->0c156e3c-57cc-425b-90ef-9bcaa62a7535@group-7704A457760D, cid=3078, SUCCESS, logIndex=5219, commits[0c156e3c-57cc-425b-90ef-9bcaa62a7535:c5219]
2019-06-14 13:46:03,662 INFO  client.GrpcClientProtocolClient (GrpcClientProtocolClient.java:onNext(254)) - client-E0FA40453D59->0c156e3c-57cc-425b-90ef-9bcaa62a7535: receive RaftClientReply:client-E0FA40453D59->0c156e3c-57cc-425b-90ef-9bcaa62a7535@group-7704A457760D, cid=3079, SUCCESS, logIndex=5221, commits[0c156e3c-57cc-425b-90ef-9bcaa62a7535:c5222]
2019-06-14 13:46:03,662 INFO  client.GrpcClientProtocolClient (GrpcClientProtocolClient.java:onNext(254)) - client-E0FA40453D59->0c156e3c-57cc-425b-90ef-9bcaa62a7535: receive RaftClientReply:client-E0FA40453D59->0c156e3c-57cc-425b-90ef-9bcaa62a7535@group-7704A457760D, cid=3080, SUCCESS, logIndex=5222, commits[0c156e3c-57cc-425b-90ef-9bcaa62a7535:c5222]
2019-06-14 13:46:03,673 INFO  client.GrpcClientProtocolClient (GrpcClientProtocolClient.java:onNext(254)) - client-E0FA40453D59->0c156e3c-57cc-425b-90ef-9bcaa62a7535: receive RaftClientReply:client-E0FA40453D59->0c156e3c-57cc-425b-90ef-9bcaa62a7535@group-7704A457760D, cid=3081, SUCCESS, logIndex=5224, commits[0c156e3c-57cc-425b-90ef-9bcaa62a7535:c5224]
2019-06-14 13:46:03,676 INFO  client.GrpcClientProtocolClient (GrpcClientProtocolClient.java:onNext(254)) - client-E0FA40453D59->0c156e3c-57cc-425b-90ef-9bcaa62a7535: receive RaftClientReply:client-E0FA40453D59->0c156e3c-57cc-425b-90ef-9bcaa62a7535@group-7704A457760D, cid=3082, SUCCESS, logIndex=5226, commits[0c156e3c-57cc-425b-90ef-9bcaa62a7535:c5226]
2019-06-14 13:46:03,677 INFO  client.GrpcClientProtocolClient (GrpcClientProtocolClient.java:onNext(254)) - client-E0FA40453D59->0c156e3c-57cc-425b-90ef-9bcaa62a7535: receive RaftClientReply:client-E0FA40453D59->0c156e3c-57cc-425b-90ef-9bcaa62a7535@group-7704A457760D, cid=3083, SUCCESS, logIndex=5227, commits[0c156e3c-57cc-425b-90ef-9bcaa62a7535:c5228]
2019-06-14 13:46:03,678 INFO  client.GrpcClientProtocolClient (GrpcClientProtocolClient.java:onNext(254)) - client-E0FA40453D59->0c156e3c-57cc-425b-90ef-9bcaa62a7535: receive RaftClientReply:client-E0FA40453D59->0c156e3c-57cc-425b-90ef-9bcaa62a7535@group-7704A457760D, cid=3084, SUCCESS, logIndex=5229, commits[0c156e3c-57cc-425b-90ef-9bcaa62a7535:c5229]
2019-06-14 13:46:03,686 INFO  client.GrpcClientProtocolClient (GrpcClientProtocolClient.java:onNext(254)) - client-E0FA40453D59->0c156e3c-57cc-425b-90ef-9bcaa62a7535: receive RaftClientReply:client-E0FA40453D59->0c156e3c-57cc-425b-90ef-9bcaa62a7535@group-7704A457760D, cid=3085, SUCCESS, logIndex=5231, commits[0c156e3c-57cc-425b-90ef-9bcaa62a7535:c5231]
2019-06-14 13:46:03,690 INFO  client.GrpcClientProtocolClient (GrpcClientProtocolClient.java:onNext(254)) - client-E0FA40453D59->0c156e3c-57cc-425b-90ef-9bcaa62a7535: receive RaftClientReply:client-E0FA40453D59->0c156e3c-57cc-425b-90ef-9bcaa62a7535@group-7704A457760D, cid=3086, SUCCESS, logIndex=5233, commits[0c156e3c-57cc-425b-90ef-9bcaa62a7535:c5235]
2019-06-14 13:46:03,690 INFO  client.GrpcClientProtocolClient (GrpcClientProtocolClient.java:onNext(254)) - client-E0FA40453D59->0c156e3c-57cc-425b-90ef-9bcaa62a7535: receive RaftClientReply:client-E0FA40453D59->0c156e3c-57cc-425b-90ef-9bcaa62a7535@group-7704A457760D, cid=3087, SUCCESS, logIndex=5234, commits[0c156e3c-57cc-425b-90ef-9bcaa62a7535:c5235]
2019-06-14 13:46:03,690 INFO  client.GrpcClientProtocolClient (GrpcClientProtocolClient.java:onNext(254)) - client-E0FA40453D59->0c156e3c-57cc-425b-90ef-9bcaa62a7535: receive RaftClientReply:client-E0FA40453D59->0c156e3c-57cc-425b-90ef-9bcaa62a7535@group-7704A457760D, cid=3088, SUCCESS, logIndex=5235, commits[0c156e3c-57cc-425b-90ef-9bcaa62a7535:c5236]
2019-06-14 13:46:03,704 INFO  client.GrpcClientProtocolClient (GrpcClientProtocolClient.java:onNext(254)) - client-E0FA40453D59->0c156e3c-57cc-425b-90ef-9bcaa62a7535: receive RaftClientReply:client-E0FA40453D59->0c156e3c-57cc-425b-90ef-9bcaa62a7535@group-7704A457760D, cid=3089, SUCCESS, logIndex=5237, commits[0c156e3c-57cc-425b-90ef-9bcaa62a7535:c5237]
2019-06-14 13:46:03,704 INFO  storage.RaftLogWorker (RaftLogWorker.java:rollLogSegment(303)) - 0c156e3c-57cc-425b-90ef-9bcaa62a7535-RaftLogWorker: Rolling segment log-5169_5239 to index:5239
2019-06-14 13:46:03,706 INFO  storage.RaftLogWorker (RaftLogWorker.java:execute(433)) - 0c156e3c-57cc-425b-90ef-9bcaa62a7535-RaftLogWorker: Rolled log segment from /opt/src/hadoop-ozone/integration-test/target/test-dir/MiniOzoneClusterImpl-8919240e-7e15-4dbf-8bf4-c210578586bb/datanode-0/data/ratis/1fc53845-3381-4beb-82f9-7704a457760d/current/log_inprogress_5169 to /opt/src/hadoop-ozone/integration-test/target/test-dir/MiniOzoneClusterImpl-8919240e-7e15-4dbf-8bf4-c210578586bb/datanode-0/data/ratis/1fc53845-3381-4beb-82f9-7704a457760d/current/log_5169-5239
2019-06-14 13:46:03,714 INFO  client.GrpcClientProtocolClient (GrpcClientProtocolClient.java:onNext(254)) - client-E0FA40453D59->0c156e3c-57cc-425b-90ef-9bcaa62a7535: receive RaftClientReply:client-E0FA40453D59->0c156e3c-57cc-425b-90ef-9bcaa62a7535@group-7704A457760D, cid=3090, SUCCESS, logIndex=5239, commits[0c156e3c-57cc-425b-90ef-9bcaa62a7535:c5239]
2019-06-14 13:46:03,725 DEBUG block.SCMBlockDeletingService (SCMBlockDeletingService.java:call(138)) - Running DeletedBlockTransactionScanner
2019-06-14 13:46:03,726 DEBUG block.SCMBlockDeletingService (SCMBlockDeletingService.java:call(155)) - Scanned deleted blocks log and got 0 delTX to process.
2019-06-14 13:46:03,749 INFO  storage.RaftLogWorker (RaftLogWorker.java:execute(469)) - 0c156e3c-57cc-425b-90ef-9bcaa62a7535-RaftLogWorker: created new log segment /opt/src/hadoop-ozone/integration-test/target/test-dir/MiniOzoneClusterImpl-8919240e-7e15-4dbf-8bf4-c210578586bb/datanode-0/data/ratis/1fc53845-3381-4beb-82f9-7704a457760d/current/log_inprogress_5240
2019-06-14 13:46:03,750 INFO  client.GrpcClientProtocolClient (GrpcClientProtocolClient.java:onNext(254)) - client-E0FA40453D59->0c156e3c-57cc-425b-90ef-9bcaa62a7535: receive RaftClientReply:client-E0FA40453D59->0c156e3c-57cc-425b-90ef-9bcaa62a7535@group-7704A457760D, cid=3091, SUCCESS, logIndex=5240, commits[0c156e3c-57cc-425b-90ef-9bcaa62a7535:c5242]
2019-06-14 13:46:03,751 INFO  client.GrpcClientProtocolClient (GrpcClientProtocolClient.java:onNext(254)) - client-E0FA40453D59->0c156e3c-57cc-425b-90ef-9bcaa62a7535: receive RaftClientReply:client-E0FA40453D59->0c156e3c-57cc-425b-90ef-9bcaa62a7535@group-7704A457760D, cid=3092, SUCCESS, logIndex=5241, commits[0c156e3c-57cc-425b-90ef-9bcaa62a7535:c5242]
2019-06-14 13:46:03,756 INFO  client.GrpcClientProtocolClient (GrpcClientProtocolClient.java:onNext(254)) - client-E0FA40453D59->0c156e3c-57cc-425b-90ef-9bcaa62a7535: receive RaftClientReply:client-E0FA40453D59->0c156e3c-57cc-425b-90ef-9bcaa62a7535@group-7704A457760D, cid=3093, SUCCESS, logIndex=5243, commits[0c156e3c-57cc-425b-90ef-9bcaa62a7535:c5243]
2019-06-14 13:46:03,762 INFO  client.GrpcClientProtocolClient (GrpcClientProtocolClient.java:onNext(254)) - client-E0FA40453D59->0c156e3c-57cc-425b-90ef-9bcaa62a7535: receive RaftClientReply:client-E0FA40453D59->0c156e3c-57cc-425b-90ef-9bcaa62a7535@group-7704A457760D, cid=3094, SUCCESS, logIndex=5245, commits[0c156e3c-57cc-425b-90ef-9bcaa62a7535:c5245]
2019-06-14 13:46:03,824 INFO  client.GrpcClientProtocolClient (GrpcClientProtocolClient.java:onNext(254)) - client-E0FA40453D59->0c156e3c-57cc-425b-90ef-9bcaa62a7535: receive RaftClientReply:client-E0FA40453D59->0c156e3c-57cc-425b-90ef-9bcaa62a7535@group-7704A457760D, cid=3095, SUCCESS, logIndex=5247, commits[0c156e3c-57cc-425b-90ef-9bcaa62a7535:c5247]
2019-06-14 13:46:03,825 INFO  client.GrpcClientProtocolClient (GrpcClientProtocolClient.java:onNext(254)) - client-E0FA40453D59->0c156e3c-57cc-425b-90ef-9bcaa62a7535: receive RaftClientReply:client-E0FA40453D59->0c156e3c-57cc-425b-90ef-9bcaa62a7535@group-7704A457760D, cid=3096, SUCCESS, logIndex=5249, commits[0c156e3c-57cc-425b-90ef-9bcaa62a7535:c5249]
2019-06-14 13:46:03,826 DEBUG block.SCMBlockDeletingService (SCMBlockDeletingService.java:call(138)) - Running DeletedBlockTransactionScanner
2019-06-14 13:46:03,826 DEBUG block.SCMBlockDeletingService (SCMBlockDeletingService.java:call(155)) - Scanned deleted blocks log and got 0 delTX to process.
2019-06-14 13:46:03,835 INFO  client.GrpcClientProtocolClient (GrpcClientProtocolClient.java:onNext(254)) - client-E0FA40453D59->0c156e3c-57cc-425b-90ef-9bcaa62a7535: receive RaftClientReply:client-E0FA40453D59->0c156e3c-57cc-425b-90ef-9bcaa62a7535@group-7704A457760D, cid=3097, SUCCESS, logIndex=5251, commits[0c156e3c-57cc-425b-90ef-9bcaa62a7535:c5251]
2019-06-14 13:46:03,837 INFO  client.GrpcClientProtocolClient (GrpcClientProtocolClient.java:onNext(254)) - client-E0FA40453D59->0c156e3c-57cc-425b-90ef-9bcaa62a7535: receive RaftClientReply:client-E0FA40453D59->0c156e3c-57cc-425b-90ef-9bcaa62a7535@group-7704A457760D, cid=3098, SUCCESS, logIndex=5253, commits[0c156e3c-57cc-425b-90ef-9bcaa62a7535:c5253]
2019-06-14 13:46:03,838 INFO  client.GrpcClientProtocolClient (GrpcClientProtocolClient.java:onNext(254)) - client-E0FA40453D59->0c156e3c-57cc-425b-90ef-9bcaa62a7535: receive RaftClientReply:client-E0FA40453D59->0c156e3c-57cc-425b-90ef-9bcaa62a7535@group-7704A457760D, cid=3099, SUCCESS, logIndex=5255, commits[0c156e3c-57cc-425b-90ef-9bcaa62a7535:c5256]
2019-06-14 13:46:03,838 INFO  client.GrpcClientProtocolClient (GrpcClientProtocolClient.java:onNext(254)) - client-E0FA40453D59->0c156e3c-57cc-425b-90ef-9bcaa62a7535: receive RaftClientReply:client-E0FA40453D59->0c156e3c-57cc-425b-90ef-9bcaa62a7535@group-7704A457760D, cid=3100, SUCCESS, logIndex=5256, commits[0c156e3c-57cc-425b-90ef-9bcaa62a7535:c5256]
2019-06-14 13:46:03,843 INFO  client.GrpcClientProtocolClient (GrpcClientProtocolClient.java:onNext(254)) - client-E0FA40453D59->0c156e3c-57cc-425b-90ef-9bcaa62a7535: receive RaftClientReply:client-E0FA40453D59->0c156e3c-57cc-425b-90ef-9bcaa62a7535@group-7704A457760D, cid=3101, SUCCESS, logIndex=5258, commits[0c156e3c-57cc-425b-90ef-9bcaa62a7535:c5258]
2019-06-14 13:46:03,844 INFO  client.GrpcClientProtocolClient (GrpcClientProtocolClient.java:onNext(254)) - client-E0FA40453D59->0c156e3c-57cc-425b-90ef-9bcaa62a7535: receive RaftClientReply:client-E0FA40453D59->0c156e3c-57cc-425b-90ef-9bcaa62a7535@group-7704A457760D, cid=3102, SUCCESS, logIndex=5260, commits[0c156e3c-57cc-425b-90ef-9bcaa62a7535:c5260]
2019-06-14 13:46:03,845 INFO  client.GrpcClientProtocolClient (GrpcClientProtocolClient.java:onNext(254)) - client-E0FA40453D59->0c156e3c-57cc-425b-90ef-9bcaa62a7535: receive RaftClientReply:client-E0FA40453D59->0c156e3c-57cc-425b-90ef-9bcaa62a7535@group-7704A457760D, cid=3103, SUCCESS, logIndex=5261, commits[0c156e3c-57cc-425b-90ef-9bcaa62a7535:c5263]
2019-06-14 13:46:03,845 INFO  client.GrpcClientProtocolClient (GrpcClientProtocolClient.java:onNext(254)) - client-E0FA40453D59->0c156e3c-57cc-425b-90ef-9bcaa62a7535: receive RaftClientReply:client-E0FA40453D59->0c156e3c-57cc-425b-90ef-9bcaa62a7535@group-7704A457760D, cid=3104, SUCCESS, logIndex=5262, commits[0c156e3c-57cc-425b-90ef-9bcaa62a7535:c5263]
2019-06-14 13:46:03,857 INFO  client.GrpcClientProtocolClient (GrpcClientProtocolClient.java:onNext(254)) - client-E0FA40453D59->0c156e3c-57cc-425b-90ef-9bcaa62a7535: receive RaftClientReply:client-E0FA40453D59->0c156e3c-57cc-425b-90ef-9bcaa62a7535@group-7704A457760D, cid=3105, SUCCESS, logIndex=5264, commits[0c156e3c-57cc-425b-90ef-9bcaa62a7535:c5264]
2019-06-14 13:46:03,858 INFO  client.GrpcClientProtocolClient (GrpcClientProtocolClient.java:onNext(254)) - client-E0FA40453D59->0c156e3c-57cc-425b-90ef-9bcaa62a7535: receive RaftClientReply:client-E0FA40453D59->0c156e3c-57cc-425b-90ef-9bcaa62a7535@group-7704A457760D, cid=3106, SUCCESS, logIndex=5266, commits[0c156e3c-57cc-425b-90ef-9bcaa62a7535:c5266]
2019-06-14 13:46:03,859 INFO  client.GrpcClientProtocolClient (GrpcClientProtocolClient.java:onNext(254)) - client-E0FA40453D59->0c156e3c-57cc-425b-90ef-9bcaa62a7535: receive RaftClientReply:client-E0FA40453D59->0c156e3c-57cc-425b-90ef-9bcaa62a7535@group-7704A457760D, cid=3107, SUCCESS, logIndex=5267, commits[0c156e3c-57cc-425b-90ef-9bcaa62a7535:c5269]
2019-06-14 13:46:03,859 INFO  client.GrpcClientProtocolClient (GrpcClientProtocolClient.java:onNext(254)) - client-E0FA40453D59->0c156e3c-57cc-425b-90ef-9bcaa62a7535: receive RaftClientReply:client-E0FA40453D59->0c156e3c-57cc-425b-90ef-9bcaa62a7535@group-7704A457760D, cid=3108, SUCCESS, logIndex=5268, commits[0c156e3c-57cc-425b-90ef-9bcaa62a7535:c5269]
2019-06-14 13:46:03,864 INFO  client.GrpcClientProtocolClient (GrpcClientProtocolClient.java:onNext(254)) - client-E0FA40453D59->0c156e3c-57cc-425b-90ef-9bcaa62a7535: receive RaftClientReply:client-E0FA40453D59->0c156e3c-57cc-425b-90ef-9bcaa62a7535@group-7704A457760D, cid=3109, SUCCESS, logIndex=5270, commits[0c156e3c-57cc-425b-90ef-9bcaa62a7535:c5270]
2019-06-14 13:46:03,865 INFO  client.GrpcClientProtocolClient (GrpcClientProtocolClient.java:onNext(254)) - client-E0FA40453D59->0c156e3c-57cc-425b-90ef-9bcaa62a7535: receive RaftClientReply:client-E0FA40453D59->0c156e3c-57cc-425b-90ef-9bcaa62a7535@group-7704A457760D, cid=3110, SUCCESS, logIndex=5272, commits[0c156e3c-57cc-425b-90ef-9bcaa62a7535:c5272]
2019-06-14 13:46:03,866 INFO  client.GrpcClientProtocolClient (GrpcClientProtocolClient.java:onNext(254)) - client-E0FA40453D59->0c156e3c-57cc-425b-90ef-9bcaa62a7535: receive RaftClientReply:client-E0FA40453D59->0c156e3c-57cc-425b-90ef-9bcaa62a7535@group-7704A457760D, cid=3111, SUCCESS, logIndex=5273, commits[0c156e3c-57cc-425b-90ef-9bcaa62a7535:c5275]
2019-06-14 13:46:03,866 INFO  client.GrpcClientProtocolClient (GrpcClientProtocolClient.java:onNext(254)) - client-E0FA40453D59->0c156e3c-57cc-425b-90ef-9bcaa62a7535: receive RaftClientReply:client-E0FA40453D59->0c156e3c-57cc-425b-90ef-9bcaa62a7535@group-7704A457760D, cid=3112, SUCCESS, logIndex=5274, commits[0c156e3c-57cc-425b-90ef-9bcaa62a7535:c5275]
2019-06-14 13:46:03,876 INFO  client.GrpcClientProtocolClient (GrpcClientProtocolClient.java:onNext(254)) - client-E0FA40453D59->0c156e3c-57cc-425b-90ef-9bcaa62a7535: receive RaftClientReply:client-E0FA40453D59->0c156e3c-57cc-425b-90ef-9bcaa62a7535@group-7704A457760D, cid=3113, SUCCESS, logIndex=5276, commits[0c156e3c-57cc-425b-90ef-9bcaa62a7535:c5276]
2019-06-14 13:46:03,878 INFO  client.GrpcClientProtocolClient (GrpcClientProtocolClient.java:onNext(254)) - client-E0FA40453D59->0c156e3c-57cc-425b-90ef-9bcaa62a7535: receive RaftClientReply:client-E0FA40453D59->0c156e3c-57cc-425b-90ef-9bcaa62a7535@group-7704A457760D, cid=3114, SUCCESS, logIndex=5278, commits[0c156e3c-57cc-425b-90ef-9bcaa62a7535:c5278]
2019-06-14 13:46:03,878 INFO  client.GrpcClientProtocolClient (GrpcClientProtocolClient.java:onNext(254)) - client-E0FA40453D59->0c156e3c-57cc-425b-90ef-9bcaa62a7535: receive RaftClientReply:client-E0FA40453D59->0c156e3c-57cc-425b-90ef-9bcaa62a7535@group-7704A457760D, cid=3115, SUCCESS, logIndex=5279, commits[0c156e3c-57cc-425b-90ef-9bcaa62a7535:c5280]
2019-06-14 13:46:03,878 INFO  client.GrpcClientProtocolClient (GrpcClientProtocolClient.java:onNext(254)) - client-E0FA40453D59->0c156e3c-57cc-425b-90ef-9bcaa62a7535: receive RaftClientReply:client-E0FA40453D59->0c156e3c-57cc-425b-90ef-9bcaa62a7535@group-7704A457760D, cid=3116, SUCCESS, logIndex=5280, commits[0c156e3c-57cc-425b-90ef-9bcaa62a7535:c5280]
2019-06-14 13:46:03,883 INFO  client.GrpcClientProtocolClient (GrpcClientProtocolClient.java:onNext(254)) - client-E0FA40453D59->0c156e3c-57cc-425b-90ef-9bcaa62a7535: receive RaftClientReply:client-E0FA40453D59->0c156e3c-57cc-425b-90ef-9bcaa62a7535@group-7704A457760D, cid=3117, SUCCESS, logIndex=5283, commits[0c156e3c-57cc-425b-90ef-9bcaa62a7535:c5283]
2019-06-14 13:46:03,885 INFO  client.GrpcClientProtocolClient (GrpcClientProtocolClient.java:onNext(254)) - client-E0FA40453D59->0c156e3c-57cc-425b-90ef-9bcaa62a7535: receive RaftClientReply:client-E0FA40453D59->0c156e3c-57cc-425b-90ef-9bcaa62a7535@group-7704A457760D, cid=3118, SUCCESS, logIndex=5285, commits[0c156e3c-57cc-425b-90ef-9bcaa62a7535:c5287]
2019-06-14 13:46:03,885 INFO  client.GrpcClientProtocolClient (GrpcClientProtocolClient.java:onNext(254)) - client-E0FA40453D59->0c156e3c-57cc-425b-90ef-9bcaa62a7535: receive RaftClientReply:client-E0FA40453D59->0c156e3c-57cc-425b-90ef-9bcaa62a7535@group-7704A457760D, cid=3119, SUCCESS, logIndex=5286, commits[0c156e3c-57cc-425b-90ef-9bcaa62a7535:c5287]
2019-06-14 13:46:03,886 INFO  client.GrpcClientProtocolClient (GrpcClientProtocolClient.java:onNext(254)) - client-E0FA40453D59->0c156e3c-57cc-425b-90ef-9bcaa62a7535: receive RaftClientReply:client-E0FA40453D59->0c156e3c-57cc-425b-90ef-9bcaa62a7535@group-7704A457760D, cid=3120, SUCCESS, logIndex=5287, commits[0c156e3c-57cc-425b-90ef-9bcaa62a7535:c5288]
2019-06-14 13:46:03,895 INFO  client.GrpcClientProtocolClient (GrpcClientProtocolClient.java:onNext(254)) - client-E0FA40453D59->0c156e3c-57cc-425b-90ef-9bcaa62a7535: receive RaftClientReply:client-E0FA40453D59->0c156e3c-57cc-425b-90ef-9bcaa62a7535@group-7704A457760D, cid=3121, SUCCESS, logIndex=5289, commits[0c156e3c-57cc-425b-90ef-9bcaa62a7535:c5289]
2019-06-14 13:46:03,896 INFO  client.GrpcClientProtocolClient (GrpcClientProtocolClient.java:onNext(254)) - client-E0FA40453D59->0c156e3c-57cc-425b-90ef-9bcaa62a7535: receive RaftClientReply:client-E0FA40453D59->0c156e3c-57cc-425b-90ef-9bcaa62a7535@group-7704A457760D, cid=3122, SUCCESS, logIndex=5291, commits[0c156e3c-57cc-425b-90ef-9bcaa62a7535:c5291]
2019-06-14 13:46:03,897 INFO  client.GrpcClientProtocolClient (GrpcClientProtocolClient.java:onNext(254)) - client-E0FA40453D59->0c156e3c-57cc-425b-90ef-9bcaa62a7535: receive RaftClientReply:client-E0FA40453D59->0c156e3c-57cc-425b-90ef-9bcaa62a7535@group-7704A457760D, cid=3123, SUCCESS, logIndex=5292, commits[0c156e3c-57cc-425b-90ef-9bcaa62a7535:c5294]
2019-06-14 13:46:03,897 INFO  client.GrpcClientProtocolClient (GrpcClientProtocolClient.java:onNext(254)) - client-E0FA40453D59->0c156e3c-57cc-425b-90ef-9bcaa62a7535: receive RaftClientReply:client-E0FA40453D59->0c156e3c-57cc-425b-90ef-9bcaa62a7535@group-7704A457760D, cid=3124, SUCCESS, logIndex=5293, commits[0c156e3c-57cc-425b-90ef-9bcaa62a7535:c5294]
2019-06-14 13:46:03,902 INFO  client.GrpcClientProtocolClient (GrpcClientProtocolClient.java:onNext(254)) - client-E0FA40453D59->0c156e3c-57cc-425b-90ef-9bcaa62a7535: receive RaftClientReply:client-E0FA40453D59->0c156e3c-57cc-425b-90ef-9bcaa62a7535@group-7704A457760D, cid=3125, SUCCESS, logIndex=5295, commits[0c156e3c-57cc-425b-90ef-9bcaa62a7535:c5295]
2019-06-14 13:46:03,904 INFO  client.GrpcClientProtocolClient (GrpcClientProtocolClient.java:onNext(254)) - client-E0FA40453D59->0c156e3c-57cc-425b-90ef-9bcaa62a7535: receive RaftClientReply:client-E0FA40453D59->0c156e3c-57cc-425b-90ef-9bcaa62a7535@group-7704A457760D, cid=3126, SUCCESS, logIndex=5297, commits[0c156e3c-57cc-425b-90ef-9bcaa62a7535:c5297]
2019-06-14 13:46:03,905 INFO  client.GrpcClientProtocolClient (GrpcClientProtocolClient.java:onNext(254)) - client-E0FA40453D59->0c156e3c-57cc-425b-90ef-9bcaa62a7535: receive RaftClientReply:client-E0FA40453D59->0c156e3c-57cc-425b-90ef-9bcaa62a7535@group-7704A457760D, cid=3127, SUCCESS, logIndex=5298, commits[0c156e3c-57cc-425b-90ef-9bcaa62a7535:c5300]
2019-06-14 13:46:03,905 INFO  client.GrpcClientProtocolClient (GrpcClientProtocolClient.java:onNext(254)) - client-E0FA40453D59->0c156e3c-57cc-425b-90ef-9bcaa62a7535: receive RaftClientReply:client-E0FA40453D59->0c156e3c-57cc-425b-90ef-9bcaa62a7535@group-7704A457760D, cid=3128, SUCCESS, logIndex=5299, commits[0c156e3c-57cc-425b-90ef-9bcaa62a7535:c5300]
2019-06-14 13:46:03,955 DEBUG block.SCMBlockDeletingService (SCMBlockDeletingService.java:call(138)) - Running DeletedBlockTransactionScanner
2019-06-14 13:46:03,955 DEBUG block.SCMBlockDeletingService (SCMBlockDeletingService.java:call(155)) - Scanned deleted blocks log and got 0 delTX to process.
2019-06-14 13:46:03,958 INFO  client.GrpcClientProtocolClient (GrpcClientProtocolClient.java:onNext(254)) - client-E0FA40453D59->0c156e3c-57cc-425b-90ef-9bcaa62a7535: receive RaftClientReply:client-E0FA40453D59->0c156e3c-57cc-425b-90ef-9bcaa62a7535@group-7704A457760D, cid=3129, SUCCESS, logIndex=5301, commits[0c156e3c-57cc-425b-90ef-9bcaa62a7535:c5301]
2019-06-14 13:46:03,961 INFO  client.GrpcClientProtocolClient (GrpcClientProtocolClient.java:onNext(254)) - client-E0FA40453D59->0c156e3c-57cc-425b-90ef-9bcaa62a7535: receive RaftClientReply:client-E0FA40453D59->0c156e3c-57cc-425b-90ef-9bcaa62a7535@group-7704A457760D, cid=3130, SUCCESS, logIndex=5303, commits[0c156e3c-57cc-425b-90ef-9bcaa62a7535:c5305]
2019-06-14 13:46:03,961 INFO  client.GrpcClientProtocolClient (GrpcClientProtocolClient.java:onNext(254)) - client-E0FA40453D59->0c156e3c-57cc-425b-90ef-9bcaa62a7535: receive RaftClientReply:client-E0FA40453D59->0c156e3c-57cc-425b-90ef-9bcaa62a7535@group-7704A457760D, cid=3131, SUCCESS, logIndex=5304, commits[0c156e3c-57cc-425b-90ef-9bcaa62a7535:c5305]
2019-06-14 13:46:03,962 INFO  client.GrpcClientProtocolClient (GrpcClientProtocolClient.java:onNext(254)) - client-E0FA40453D59->0c156e3c-57cc-425b-90ef-9bcaa62a7535: receive RaftClientReply:client-E0FA40453D59->0c156e3c-57cc-425b-90ef-9bcaa62a7535@group-7704A457760D, cid=3132, SUCCESS, logIndex=5305, commits[0c156e3c-57cc-425b-90ef-9bcaa62a7535:c5306]
2019-06-14 13:46:03,967 INFO  storage.RaftLogWorker (RaftLogWorker.java:rollLogSegment(303)) - 0c156e3c-57cc-425b-90ef-9bcaa62a7535-RaftLogWorker: Rolling segment log-5240_5308 to index:5308
2019-06-14 13:46:03,967 INFO  client.GrpcClientProtocolClient (GrpcClientProtocolClient.java:onNext(254)) - client-E0FA40453D59->0c156e3c-57cc-425b-90ef-9bcaa62a7535: receive RaftClientReply:client-E0FA40453D59->0c156e3c-57cc-425b-90ef-9bcaa62a7535@group-7704A457760D, cid=3133, SUCCESS, logIndex=5307, commits[0c156e3c-57cc-425b-90ef-9bcaa62a7535:c5307]
2019-06-14 13:46:03,968 INFO  storage.RaftLogWorker (RaftLogWorker.java:execute(433)) - 0c156e3c-57cc-425b-90ef-9bcaa62a7535-RaftLogWorker: Rolled log segment from /opt/src/hadoop-ozone/integration-test/target/test-dir/MiniOzoneClusterImpl-8919240e-7e15-4dbf-8bf4-c210578586bb/datanode-0/data/ratis/1fc53845-3381-4beb-82f9-7704a457760d/current/log_inprogress_5240 to /opt/src/hadoop-ozone/integration-test/target/test-dir/MiniOzoneClusterImpl-8919240e-7e15-4dbf-8bf4-c210578586bb/datanode-0/data/ratis/1fc53845-3381-4beb-82f9-7704a457760d/current/log_5240-5308
2019-06-14 13:46:04,004 INFO  storage.RaftLogWorker (RaftLogWorker.java:execute(469)) - 0c156e3c-57cc-425b-90ef-9bcaa62a7535-RaftLogWorker: created new log segment /opt/src/hadoop-ozone/integration-test/target/test-dir/MiniOzoneClusterImpl-8919240e-7e15-4dbf-8bf4-c210578586bb/datanode-0/data/ratis/1fc53845-3381-4beb-82f9-7704a457760d/current/log_inprogress_5309
2019-06-14 13:46:04,005 INFO  client.GrpcClientProtocolClient (GrpcClientProtocolClient.java:onNext(254)) - client-E0FA40453D59->0c156e3c-57cc-425b-90ef-9bcaa62a7535: receive RaftClientReply:client-E0FA40453D59->0c156e3c-57cc-425b-90ef-9bcaa62a7535@group-7704A457760D, cid=3134, SUCCESS, logIndex=5309, commits[0c156e3c-57cc-425b-90ef-9bcaa62a7535:c5311]
2019-06-14 13:46:04,005 INFO  client.GrpcClientProtocolClient (GrpcClientProtocolClient.java:onNext(254)) - client-E0FA40453D59->0c156e3c-57cc-425b-90ef-9bcaa62a7535: receive RaftClientReply:client-E0FA40453D59->0c156e3c-57cc-425b-90ef-9bcaa62a7535@group-7704A457760D, cid=3135, SUCCESS, logIndex=5310, commits[0c156e3c-57cc-425b-90ef-9bcaa62a7535:c5312]
2019-06-14 13:46:04,006 INFO  client.GrpcClientProtocolClient (GrpcClientProtocolClient.java:onNext(254)) - client-E0FA40453D59->0c156e3c-57cc-425b-90ef-9bcaa62a7535: receive RaftClientReply:client-E0FA40453D59->0c156e3c-57cc-425b-90ef-9bcaa62a7535@group-7704A457760D, cid=3136, SUCCESS, logIndex=5311, commits[0c156e3c-57cc-425b-90ef-9bcaa62a7535:c5312]
2019-06-14 13:46:04,019 INFO  client.GrpcClientProtocolClient (GrpcClientProtocolClient.java:onNext(254)) - client-E0FA40453D59->0c156e3c-57cc-425b-90ef-9bcaa62a7535: receive RaftClientReply:client-E0FA40453D59->0c156e3c-57cc-425b-90ef-9bcaa62a7535@group-7704A457760D, cid=3137, SUCCESS, logIndex=5313, commits[0c156e3c-57cc-425b-90ef-9bcaa62a7535:c5313]
2019-06-14 13:46:04,020 INFO  client.GrpcClientProtocolClient (GrpcClientProtocolClient.java:onNext(254)) - client-E0FA40453D59->0c156e3c-57cc-425b-90ef-9bcaa62a7535: receive RaftClientReply:client-E0FA40453D59->0c156e3c-57cc-425b-90ef-9bcaa62a7535@group-7704A457760D, cid=3138, SUCCESS, logIndex=5315, commits[0c156e3c-57cc-425b-90ef-9bcaa62a7535:c5315]
2019-06-14 13:46:04,058 DEBUG block.SCMBlockDeletingService (SCMBlockDeletingService.java:call(138)) - Running DeletedBlockTransactionScanner
2019-06-14 13:46:04,058 DEBUG block.SCMBlockDeletingService (SCMBlockDeletingService.java:call(155)) - Scanned deleted blocks log and got 0 delTX to process.
2019-06-14 13:46:04,090 INFO  client.GrpcClientProtocolClient (GrpcClientProtocolClient.java:onNext(254)) - client-E0FA40453D59->0c156e3c-57cc-425b-90ef-9bcaa62a7535: receive RaftClientReply:client-E0FA40453D59->0c156e3c-57cc-425b-90ef-9bcaa62a7535@group-7704A457760D, cid=3139, SUCCESS, logIndex=5317, commits[0c156e3c-57cc-425b-90ef-9bcaa62a7535:c5317]
2019-06-14 13:46:04,091 INFO  client.GrpcClientProtocolClient (GrpcClientProtocolClient.java:onNext(254)) - client-E0FA40453D59->0c156e3c-57cc-425b-90ef-9bcaa62a7535: receive RaftClientReply:client-E0FA40453D59->0c156e3c-57cc-425b-90ef-9bcaa62a7535@group-7704A457760D, cid=3140, SUCCESS, logIndex=5319, commits[0c156e3c-57cc-425b-90ef-9bcaa62a7535:c5319]
2019-06-14 13:46:04,097 INFO  client.GrpcClientProtocolClient (GrpcClientProtocolClient.java:onNext(254)) - client-E0FA40453D59->0c156e3c-57cc-425b-90ef-9bcaa62a7535: receive RaftClientReply:client-E0FA40453D59->0c156e3c-57cc-425b-90ef-9bcaa62a7535@group-7704A457760D, cid=3141, SUCCESS, logIndex=5321, commits[0c156e3c-57cc-425b-90ef-9bcaa62a7535:c5321]
2019-06-14 13:46:04,099 INFO  client.GrpcClientProtocolClient (GrpcClientProtocolClient.java:onNext(254)) - client-E0FA40453D59->0c156e3c-57cc-425b-90ef-9bcaa62a7535: receive RaftClientReply:client-E0FA40453D59->0c156e3c-57cc-425b-90ef-9bcaa62a7535@group-7704A457760D, cid=3142, SUCCESS, logIndex=5323, commits[0c156e3c-57cc-425b-90ef-9bcaa62a7535:c5323]
2019-06-14 13:46:04,100 INFO  client.GrpcClientProtocolClient (GrpcClientProtocolClient.java:onNext(254)) - client-E0FA40453D59->0c156e3c-57cc-425b-90ef-9bcaa62a7535: receive RaftClientReply:client-E0FA40453D59->0c156e3c-57cc-425b-90ef-9bcaa62a7535@group-7704A457760D, cid=3143, SUCCESS, logIndex=5324, commits[0c156e3c-57cc-425b-90ef-9bcaa62a7535:c5326]
2019-06-14 13:46:04,100 INFO  client.GrpcClientProtocolClient (GrpcClientProtocolClient.java:onNext(254)) - client-E0FA40453D59->0c156e3c-57cc-425b-90ef-9bcaa62a7535: receive RaftClientReply:client-E0FA40453D59->0c156e3c-57cc-425b-90ef-9bcaa62a7535@group-7704A457760D, cid=3144, SUCCESS, logIndex=5325, commits[0c156e3c-57cc-425b-90ef-9bcaa62a7535:c5326]
2019-06-14 13:46:04,113 INFO  client.GrpcClientProtocolClient (GrpcClientProtocolClient.java:onNext(254)) - client-E0FA40453D59->0c156e3c-57cc-425b-90ef-9bcaa62a7535: receive RaftClientReply:client-E0FA40453D59->0c156e3c-57cc-425b-90ef-9bcaa62a7535@group-7704A457760D, cid=3145, SUCCESS, logIndex=5327, commits[0c156e3c-57cc-425b-90ef-9bcaa62a7535:c5327]
2019-06-14 13:46:04,114 INFO  client.GrpcClientProtocolClient (GrpcClientProtocolClient.java:onNext(254)) - client-E0FA40453D59->0c156e3c-57cc-425b-90ef-9bcaa62a7535: receive RaftClientReply:client-E0FA40453D59->0c156e3c-57cc-425b-90ef-9bcaa62a7535@group-7704A457760D, cid=3146, SUCCESS, logIndex=5329, commits[0c156e3c-57cc-425b-90ef-9bcaa62a7535:c5329]
2019-06-14 13:46:04,116 INFO  client.GrpcClientProtocolClient (GrpcClientProtocolClient.java:onNext(254)) - client-E0FA40453D59->0c156e3c-57cc-425b-90ef-9bcaa62a7535: receive RaftClientReply:client-E0FA40453D59->0c156e3c-57cc-425b-90ef-9bcaa62a7535@group-7704A457760D, cid=3147, SUCCESS, logIndex=5330, commits[0c156e3c-57cc-425b-90ef-9bcaa62a7535:c5332]
2019-06-14 13:46:04,122 INFO  client.GrpcClientProtocolClient (GrpcClientProtocolClient.java:onNext(254)) - client-E0FA40453D59->0c156e3c-57cc-425b-90ef-9bcaa62a7535: receive RaftClientReply:client-E0FA40453D59->0c156e3c-57cc-425b-90ef-9bcaa62a7535@group-7704A457760D, cid=3148, SUCCESS, logIndex=5331, commits[0c156e3c-57cc-425b-90ef-9bcaa62a7535:c5332]
2019-06-14 13:46:04,129 INFO  client.GrpcClientProtocolClient (GrpcClientProtocolClient.java:onNext(254)) - client-E0FA40453D59->0c156e3c-57cc-425b-90ef-9bcaa62a7535: receive RaftClientReply:client-E0FA40453D59->0c156e3c-57cc-425b-90ef-9bcaa62a7535@group-7704A457760D, cid=3149, SUCCESS, logIndex=5333, commits[0c156e3c-57cc-425b-90ef-9bcaa62a7535:c5333]
2019-06-14 13:46:04,135 INFO  client.GrpcClientProtocolClient (GrpcClientProtocolClient.java:onNext(254)) - client-E0FA40453D59->0c156e3c-57cc-425b-90ef-9bcaa62a7535: receive RaftClientReply:client-E0FA40453D59->0c156e3c-57cc-425b-90ef-9bcaa62a7535@group-7704A457760D, cid=3150, SUCCESS, logIndex=5335, commits[0c156e3c-57cc-425b-90ef-9bcaa62a7535:c5337]
2019-06-14 13:46:04,135 INFO  client.GrpcClientProtocolClient (GrpcClientProtocolClient.java:onNext(254)) - client-E0FA40453D59->0c156e3c-57cc-425b-90ef-9bcaa62a7535: receive RaftClientReply:client-E0FA40453D59->0c156e3c-57cc-425b-90ef-9bcaa62a7535@group-7704A457760D, cid=3151, SUCCESS, logIndex=5336, commits[0c156e3c-57cc-425b-90ef-9bcaa62a7535:c5337]
2019-06-14 13:46:04,136 INFO  client.GrpcClientProtocolClient (GrpcClientProtocolClient.java:onNext(254)) - client-E0FA40453D59->0c156e3c-57cc-425b-90ef-9bcaa62a7535: receive RaftClientReply:client-E0FA40453D59->0c156e3c-57cc-425b-90ef-9bcaa62a7535@group-7704A457760D, cid=3152, SUCCESS, logIndex=5337, commits[0c156e3c-57cc-425b-90ef-9bcaa62a7535:c5338]
2019-06-14 13:46:04,148 INFO  client.GrpcClientProtocolClient (GrpcClientProtocolClient.java:onNext(254)) - client-E0FA40453D59->0c156e3c-57cc-425b-90ef-9bcaa62a7535: receive RaftClientReply:client-E0FA40453D59->0c156e3c-57cc-425b-90ef-9bcaa62a7535@group-7704A457760D, cid=3153, SUCCESS, logIndex=5339, commits[0c156e3c-57cc-425b-90ef-9bcaa62a7535:c5339]
2019-06-14 13:46:04,149 INFO  client.GrpcClientProtocolClient (GrpcClientProtocolClient.java:onNext(254)) - client-E0FA40453D59->0c156e3c-57cc-425b-90ef-9bcaa62a7535: receive RaftClientReply:client-E0FA40453D59->0c156e3c-57cc-425b-90ef-9bcaa62a7535@group-7704A457760D, cid=3154, SUCCESS, logIndex=5341, commits[0c156e3c-57cc-425b-90ef-9bcaa62a7535:c5341]
2019-06-14 13:46:04,151 INFO  client.GrpcClientProtocolClient (GrpcClientProtocolClient.java:onNext(254)) - client-E0FA40453D59->0c156e3c-57cc-425b-90ef-9bcaa62a7535: receive RaftClientReply:client-E0FA40453D59->0c156e3c-57cc-425b-90ef-9bcaa62a7535@group-7704A457760D, cid=3155, SUCCESS, logIndex=5342, commits[0c156e3c-57cc-425b-90ef-9bcaa62a7535:c5344]
2019-06-14 13:46:04,151 INFO  client.GrpcClientProtocolClient (GrpcClientProtocolClient.java:onNext(254)) - client-E0FA40453D59->0c156e3c-57cc-425b-90ef-9bcaa62a7535: receive RaftClientReply:client-E0FA40453D59->0c156e3c-57cc-425b-90ef-9bcaa62a7535@group-7704A457760D, cid=3156, SUCCESS, logIndex=5343, commits[0c156e3c-57cc-425b-90ef-9bcaa62a7535:c5344]
2019-06-14 13:46:04,158 INFO  client.GrpcClientProtocolClient (GrpcClientProtocolClient.java:onNext(254)) - client-E0FA40453D59->0c156e3c-57cc-425b-90ef-9bcaa62a7535: receive RaftClientReply:client-E0FA40453D59->0c156e3c-57cc-425b-90ef-9bcaa62a7535@group-7704A457760D, cid=3157, SUCCESS, logIndex=5345, commits[0c156e3c-57cc-425b-90ef-9bcaa62a7535:c5345]
2019-06-14 13:46:04,158 DEBUG block.SCMBlockDeletingService (SCMBlockDeletingService.java:call(138)) - Running DeletedBlockTransactionScanner
2019-06-14 13:46:04,158 DEBUG block.SCMBlockDeletingService (SCMBlockDeletingService.java:call(155)) - Scanned deleted blocks log and got 0 delTX to process.
2019-06-14 13:46:04,160 INFO  client.GrpcClientProtocolClient (GrpcClientProtocolClient.java:onNext(254)) - client-E0FA40453D59->0c156e3c-57cc-425b-90ef-9bcaa62a7535: receive RaftClientReply:client-E0FA40453D59->0c156e3c-57cc-425b-90ef-9bcaa62a7535@group-7704A457760D, cid=3158, SUCCESS, logIndex=5347, commits[0c156e3c-57cc-425b-90ef-9bcaa62a7535:c5347]
2019-06-14 13:46:04,163 INFO  client.GrpcClientProtocolClient (GrpcClientProtocolClient.java:onNext(254)) - client-E0FA40453D59->0c156e3c-57cc-425b-90ef-9bcaa62a7535: receive RaftClientReply:client-E0FA40453D59->0c156e3c-57cc-425b-90ef-9bcaa62a7535@group-7704A457760D, cid=3159, SUCCESS, logIndex=5348, commits[0c156e3c-57cc-425b-90ef-9bcaa62a7535:c5351]
2019-06-14 13:46:04,163 INFO  client.GrpcClientProtocolClient (GrpcClientProtocolClient.java:onNext(254)) - client-E0FA40453D59->0c156e3c-57cc-425b-90ef-9bcaa62a7535: receive RaftClientReply:client-E0FA40453D59->0c156e3c-57cc-425b-90ef-9bcaa62a7535@group-7704A457760D, cid=3160, SUCCESS, logIndex=5350, commits[0c156e3c-57cc-425b-90ef-9bcaa62a7535:c5351]
2019-06-14 13:46:04,181 INFO  client.GrpcClientProtocolClient (GrpcClientProtocolClient.java:onNext(254)) - client-E0FA40453D59->0c156e3c-57cc-425b-90ef-9bcaa62a7535: receive RaftClientReply:client-E0FA40453D59->0c156e3c-57cc-425b-90ef-9bcaa62a7535@group-7704A457760D, cid=3161, SUCCESS, logIndex=5352, commits[0c156e3c-57cc-425b-90ef-9bcaa62a7535:c5352]
2019-06-14 13:46:04,182 INFO  client.GrpcClientProtocolClient (GrpcClientProtocolClient.java:onNext(254)) - client-E0FA40453D59->0c156e3c-57cc-425b-90ef-9bcaa62a7535: receive RaftClientReply:client-E0FA40453D59->0c156e3c-57cc-425b-90ef-9bcaa62a7535@group-7704A457760D, cid=3162, SUCCESS, logIndex=5354, commits[0c156e3c-57cc-425b-90ef-9bcaa62a7535:c5354]
2019-06-14 13:46:04,182 INFO  client.GrpcClientProtocolClient (GrpcClientProtocolClient.java:onNext(254)) - client-E0FA40453D59->0c156e3c-57cc-425b-90ef-9bcaa62a7535: receive RaftClientReply:client-E0FA40453D59->0c156e3c-57cc-425b-90ef-9bcaa62a7535@group-7704A457760D, cid=3163, SUCCESS, logIndex=5355, commits[0c156e3c-57cc-425b-90ef-9bcaa62a7535:c5356]
2019-06-14 13:46:04,183 INFO  client.GrpcClientProtocolClient (GrpcClientProtocolClient.java:onNext(254)) - client-E0FA40453D59->0c156e3c-57cc-425b-90ef-9bcaa62a7535: receive RaftClientReply:client-E0FA40453D59->0c156e3c-57cc-425b-90ef-9bcaa62a7535@group-7704A457760D, cid=3164, SUCCESS, logIndex=5356, commits[0c156e3c-57cc-425b-90ef-9bcaa62a7535:c5356]
2019-06-14 13:46:04,194 INFO  client.GrpcClientProtocolClient (GrpcClientProtocolClient.java:onNext(254)) - client-E0FA40453D59->0c156e3c-57cc-425b-90ef-9bcaa62a7535: receive RaftClientReply:client-E0FA40453D59->0c156e3c-57cc-425b-90ef-9bcaa62a7535@group-7704A457760D, cid=3165, SUCCESS, logIndex=5359, commits[0c156e3c-57cc-425b-90ef-9bcaa62a7535:c5359]
2019-06-14 13:46:04,196 INFO  client.GrpcClientProtocolClient (GrpcClientProtocolClient.java:onNext(254)) - client-E0FA40453D59->0c156e3c-57cc-425b-90ef-9bcaa62a7535: receive RaftClientReply:client-E0FA40453D59->0c156e3c-57cc-425b-90ef-9bcaa62a7535@group-7704A457760D, cid=3166, SUCCESS, logIndex=5361, commits[0c156e3c-57cc-425b-90ef-9bcaa62a7535:c5361]
2019-06-14 13:46:04,197 INFO  client.GrpcClientProtocolClient (GrpcClientProtocolClient.java:onNext(254)) - client-E0FA40453D59->0c156e3c-57cc-425b-90ef-9bcaa62a7535: receive RaftClientReply:client-E0FA40453D59->0c156e3c-57cc-425b-90ef-9bcaa62a7535@group-7704A457760D, cid=3167, SUCCESS, logIndex=5362, commits[0c156e3c-57cc-425b-90ef-9bcaa62a7535:c5363]
2019-06-14 13:46:04,197 INFO  client.GrpcClientProtocolClient (GrpcClientProtocolClient.java:onNext(254)) - client-E0FA40453D59->0c156e3c-57cc-425b-90ef-9bcaa62a7535: receive RaftClientReply:client-E0FA40453D59->0c156e3c-57cc-425b-90ef-9bcaa62a7535@group-7704A457760D, cid=3168, SUCCESS, logIndex=5363, commits[0c156e3c-57cc-425b-90ef-9bcaa62a7535:c5363]
2019-06-14 13:46:04,209 INFO  client.GrpcClientProtocolClient (GrpcClientProtocolClient.java:onNext(254)) - client-E0FA40453D59->0c156e3c-57cc-425b-90ef-9bcaa62a7535: receive RaftClientReply:client-E0FA40453D59->0c156e3c-57cc-425b-90ef-9bcaa62a7535@group-7704A457760D, cid=3169, SUCCESS, logIndex=5366, commits[0c156e3c-57cc-425b-90ef-9bcaa62a7535:c5366]
2019-06-14 13:46:04,210 INFO  client.GrpcClientProtocolClient (GrpcClientProtocolClient.java:onNext(254)) - client-E0FA40453D59->0c156e3c-57cc-425b-90ef-9bcaa62a7535: receive RaftClientReply:client-E0FA40453D59->0c156e3c-57cc-425b-90ef-9bcaa62a7535@group-7704A457760D, cid=3170, SUCCESS, logIndex=5368, commits[0c156e3c-57cc-425b-90ef-9bcaa62a7535:c5368]
2019-06-14 13:46:04,213 INFO  client.GrpcClientProtocolClient (GrpcClientProtocolClient.java:onNext(254)) - client-E0FA40453D59->0c156e3c-57cc-425b-90ef-9bcaa62a7535: receive RaftClientReply:client-E0FA40453D59->0c156e3c-57cc-425b-90ef-9bcaa62a7535@group-7704A457760D, cid=3171, SUCCESS, logIndex=5369, commits[0c156e3c-57cc-425b-90ef-9bcaa62a7535:c5371]
2019-06-14 13:46:04,213 INFO  client.GrpcClientProtocolClient (GrpcClientProtocolClient.java:onNext(254)) - client-E0FA40453D59->0c156e3c-57cc-425b-90ef-9bcaa62a7535: receive RaftClientReply:client-E0FA40453D59->0c156e3c-57cc-425b-90ef-9bcaa62a7535@group-7704A457760D, cid=3172, SUCCESS, logIndex=5371, commits[0c156e3c-57cc-425b-90ef-9bcaa62a7535:c5371]
2019-06-14 13:46:04,220 INFO  client.GrpcClientProtocolClient (GrpcClientProtocolClient.java:onNext(254)) - client-E0FA40453D59->0c156e3c-57cc-425b-90ef-9bcaa62a7535: receive RaftClientReply:client-E0FA40453D59->0c156e3c-57cc-425b-90ef-9bcaa62a7535@group-7704A457760D, cid=3173, SUCCESS, logIndex=5373, commits[0c156e3c-57cc-425b-90ef-9bcaa62a7535:c5373]
2019-06-14 13:46:04,222 INFO  storage.RaftLogWorker (RaftLogWorker.java:rollLogSegment(303)) - 0c156e3c-57cc-425b-90ef-9bcaa62a7535-RaftLogWorker: Rolling segment log-5309_5378 to index:5378
2019-06-14 13:46:04,223 INFO  client.GrpcClientProtocolClient (GrpcClientProtocolClient.java:onNext(254)) - client-E0FA40453D59->0c156e3c-57cc-425b-90ef-9bcaa62a7535: receive RaftClientReply:client-E0FA40453D59->0c156e3c-57cc-425b-90ef-9bcaa62a7535@group-7704A457760D, cid=3174, SUCCESS, logIndex=5375, commits[0c156e3c-57cc-425b-90ef-9bcaa62a7535:c5375]
2019-06-14 13:46:04,223 INFO  storage.RaftLogWorker (RaftLogWorker.java:execute(433)) - 0c156e3c-57cc-425b-90ef-9bcaa62a7535-RaftLogWorker: Rolled log segment from /opt/src/hadoop-ozone/integration-test/target/test-dir/MiniOzoneClusterImpl-8919240e-7e15-4dbf-8bf4-c210578586bb/datanode-0/data/ratis/1fc53845-3381-4beb-82f9-7704a457760d/current/log_inprogress_5309 to /opt/src/hadoop-ozone/integration-test/target/test-dir/MiniOzoneClusterImpl-8919240e-7e15-4dbf-8bf4-c210578586bb/datanode-0/data/ratis/1fc53845-3381-4beb-82f9-7704a457760d/current/log_5309-5378
2019-06-14 13:46:04,223 INFO  client.GrpcClientProtocolClient (GrpcClientProtocolClient.java:onNext(254)) - client-E0FA40453D59->0c156e3c-57cc-425b-90ef-9bcaa62a7535: receive RaftClientReply:client-E0FA40453D59->0c156e3c-57cc-425b-90ef-9bcaa62a7535@group-7704A457760D, cid=3175, SUCCESS, logIndex=5376, commits[0c156e3c-57cc-425b-90ef-9bcaa62a7535:c5377]
2019-06-14 13:46:04,226 INFO  client.GrpcClientProtocolClient (GrpcClientProtocolClient.java:onNext(254)) - client-E0FA40453D59->0c156e3c-57cc-425b-90ef-9bcaa62a7535: receive RaftClientReply:client-E0FA40453D59->0c156e3c-57cc-425b-90ef-9bcaa62a7535@group-7704A457760D, cid=3176, SUCCESS, logIndex=5377, commits[0c156e3c-57cc-425b-90ef-9bcaa62a7535:c5377]
2019-06-14 13:46:04,261 DEBUG block.SCMBlockDeletingService (SCMBlockDeletingService.java:call(138)) - Running DeletedBlockTransactionScanner
2019-06-14 13:46:04,261 DEBUG block.SCMBlockDeletingService (SCMBlockDeletingService.java:call(155)) - Scanned deleted blocks log and got 0 delTX to process.
2019-06-14 13:46:04,276 INFO  storage.RaftLogWorker (RaftLogWorker.java:execute(469)) - 0c156e3c-57cc-425b-90ef-9bcaa62a7535-RaftLogWorker: created new log segment /opt/src/hadoop-ozone/integration-test/target/test-dir/MiniOzoneClusterImpl-8919240e-7e15-4dbf-8bf4-c210578586bb/datanode-0/data/ratis/1fc53845-3381-4beb-82f9-7704a457760d/current/log_inprogress_5379
2019-06-14 13:46:04,294 INFO  client.GrpcClientProtocolClient (GrpcClientProtocolClient.java:onNext(254)) - client-E0FA40453D59->0c156e3c-57cc-425b-90ef-9bcaa62a7535: receive RaftClientReply:client-E0FA40453D59->0c156e3c-57cc-425b-90ef-9bcaa62a7535@group-7704A457760D, cid=3177, SUCCESS, logIndex=5380, commits[0c156e3c-57cc-425b-90ef-9bcaa62a7535:c5380]
2019-06-14 13:46:04,294 INFO  client.GrpcClientProtocolClient (GrpcClientProtocolClient.java:onNext(254)) - client-E0FA40453D59->0c156e3c-57cc-425b-90ef-9bcaa62a7535: receive RaftClientReply:client-E0FA40453D59->0c156e3c-57cc-425b-90ef-9bcaa62a7535@group-7704A457760D, cid=3178, SUCCESS, logIndex=5382, commits[0c156e3c-57cc-425b-90ef-9bcaa62a7535:c5385]
2019-06-14 13:46:04,302 INFO  client.GrpcClientProtocolClient (GrpcClientProtocolClient.java:onNext(254)) - client-E0FA40453D59->0c156e3c-57cc-425b-90ef-9bcaa62a7535: receive RaftClientReply:client-E0FA40453D59->0c156e3c-57cc-425b-90ef-9bcaa62a7535@group-7704A457760D, cid=3179, SUCCESS, logIndex=5383, commits[0c156e3c-57cc-425b-90ef-9bcaa62a7535:c5385]
2019-06-14 13:46:04,308 INFO  client.GrpcClientProtocolClient (GrpcClientProtocolClient.java:onNext(254)) - client-E0FA40453D59->0c156e3c-57cc-425b-90ef-9bcaa62a7535: receive RaftClientReply:client-E0FA40453D59->0c156e3c-57cc-425b-90ef-9bcaa62a7535@group-7704A457760D, cid=3180, SUCCESS, logIndex=5384, commits[0c156e3c-57cc-425b-90ef-9bcaa62a7535:c5385]
2019-06-14 13:46:04,337 INFO  client.GrpcClientProtocolClient (GrpcClientProtocolClient.java:onNext(254)) - client-E0FA40453D59->0c156e3c-57cc-425b-90ef-9bcaa62a7535: receive RaftClientReply:client-E0FA40453D59->0c156e3c-57cc-425b-90ef-9bcaa62a7535@group-7704A457760D, cid=3181, SUCCESS, logIndex=5386, commits[0c156e3c-57cc-425b-90ef-9bcaa62a7535:c5386]
2019-06-14 13:46:04,339 INFO  client.GrpcClientProtocolClient (GrpcClientProtocolClient.java:onNext(254)) - client-E0FA40453D59->0c156e3c-57cc-425b-90ef-9bcaa62a7535: receive RaftClientReply:client-E0FA40453D59->0c156e3c-57cc-425b-90ef-9bcaa62a7535@group-7704A457760D, cid=3182, SUCCESS, logIndex=5388, commits[0c156e3c-57cc-425b-90ef-9bcaa62a7535:c5388]
2019-06-14 13:46:04,365 DEBUG block.SCMBlockDeletingService (SCMBlockDeletingService.java:call(138)) - Running DeletedBlockTransactionScanner
2019-06-14 13:46:04,365 DEBUG block.SCMBlockDeletingService (SCMBlockDeletingService.java:call(155)) - Scanned deleted blocks log and got 0 delTX to process.
2019-06-14 13:46:04,442 INFO  client.GrpcClientProtocolClient (GrpcClientProtocolClient.java:onNext(254)) - client-E0FA40453D59->0c156e3c-57cc-425b-90ef-9bcaa62a7535: receive RaftClientReply:client-E0FA40453D59->0c156e3c-57cc-425b-90ef-9bcaa62a7535@group-7704A457760D, cid=3183, SUCCESS, logIndex=5390, commits[0c156e3c-57cc-425b-90ef-9bcaa62a7535:c5391]
2019-06-14 13:46:04,444 INFO  client.GrpcClientProtocolClient (GrpcClientProtocolClient.java:onNext(254)) - client-E0FA40453D59->0c156e3c-57cc-425b-90ef-9bcaa62a7535: receive RaftClientReply:client-E0FA40453D59->0c156e3c-57cc-425b-90ef-9bcaa62a7535@group-7704A457760D, cid=3184, SUCCESS, logIndex=5392, commits[0c156e3c-57cc-425b-90ef-9bcaa62a7535:c5392]
2019-06-14 13:46:04,485 DEBUG block.SCMBlockDeletingService (SCMBlockDeletingService.java:call(138)) - Running DeletedBlockTransactionScanner
2019-06-14 13:46:04,485 DEBUG block.SCMBlockDeletingService (SCMBlockDeletingService.java:call(155)) - Scanned deleted blocks log and got 0 delTX to process.
2019-06-14 13:46:04,503 INFO  client.GrpcClientProtocolClient (GrpcClientProtocolClient.java:onNext(254)) - client-E0FA40453D59->0c156e3c-57cc-425b-90ef-9bcaa62a7535: receive RaftClientReply:client-E0FA40453D59->0c156e3c-57cc-425b-90ef-9bcaa62a7535@group-7704A457760D, cid=3185, SUCCESS, logIndex=5394, commits[0c156e3c-57cc-425b-90ef-9bcaa62a7535:c5394]
2019-06-14 13:46:04,505 INFO  client.GrpcClientProtocolClient (GrpcClientProtocolClient.java:onNext(254)) - client-E0FA40453D59->0c156e3c-57cc-425b-90ef-9bcaa62a7535: receive RaftClientReply:client-E0FA40453D59->0c156e3c-57cc-425b-90ef-9bcaa62a7535@group-7704A457760D, cid=3186, SUCCESS, logIndex=5396, commits[0c156e3c-57cc-425b-90ef-9bcaa62a7535:c5396]
2019-06-14 13:46:04,505 INFO  client.GrpcClientProtocolClient (GrpcClientProtocolClient.java:onNext(254)) - client-E0FA40453D59->0c156e3c-57cc-425b-90ef-9bcaa62a7535: receive RaftClientReply:client-E0FA40453D59->0c156e3c-57cc-425b-90ef-9bcaa62a7535@group-7704A457760D, cid=3187, SUCCESS, logIndex=5397, commits[0c156e3c-57cc-425b-90ef-9bcaa62a7535:c5397]
2019-06-14 13:46:04,506 INFO  client.GrpcClientProtocolClient (GrpcClientProtocolClient.java:onNext(254)) - client-E0FA40453D59->0c156e3c-57cc-425b-90ef-9bcaa62a7535: receive RaftClientReply:client-E0FA40453D59->0c156e3c-57cc-425b-90ef-9bcaa62a7535@group-7704A457760D, cid=3188, SUCCESS, logIndex=5399, commits[0c156e3c-57cc-425b-90ef-9bcaa62a7535:c5399]
2019-06-14 13:46:04,512 INFO  client.GrpcClientProtocolClient (GrpcClientProtocolClient.java:onNext(254)) - client-E0FA40453D59->0c156e3c-57cc-425b-90ef-9bcaa62a7535: receive RaftClientReply:client-E0FA40453D59->0c156e3c-57cc-425b-90ef-9bcaa62a7535@group-7704A457760D, cid=3189, SUCCESS, logIndex=5402, commits[0c156e3c-57cc-425b-90ef-9bcaa62a7535:c5402]
2019-06-14 13:46:04,513 INFO  client.GrpcClientProtocolClient (GrpcClientProtocolClient.java:onNext(254)) - client-E0FA40453D59->0c156e3c-57cc-425b-90ef-9bcaa62a7535: receive RaftClientReply:client-E0FA40453D59->0c156e3c-57cc-425b-90ef-9bcaa62a7535@group-7704A457760D, cid=3190, SUCCESS, logIndex=5404, commits[0c156e3c-57cc-425b-90ef-9bcaa62a7535:c5404]
2019-06-14 13:46:04,514 INFO  client.GrpcClientProtocolClient (GrpcClientProtocolClient.java:onNext(254)) - client-E0FA40453D59->0c156e3c-57cc-425b-90ef-9bcaa62a7535: receive RaftClientReply:client-E0FA40453D59->0c156e3c-57cc-425b-90ef-9bcaa62a7535@group-7704A457760D, cid=3191, SUCCESS, logIndex=5405, commits[0c156e3c-57cc-425b-90ef-9bcaa62a7535:c5407]
2019-06-14 13:46:04,514 INFO  client.GrpcClientProtocolClient (GrpcClientProtocolClient.java:onNext(254)) - client-E0FA40453D59->0c156e3c-57cc-425b-90ef-9bcaa62a7535: receive RaftClientReply:client-E0FA40453D59->0c156e3c-57cc-425b-90ef-9bcaa62a7535@group-7704A457760D, cid=3192, SUCCESS, logIndex=5406, commits[0c156e3c-57cc-425b-90ef-9bcaa62a7535:c5407]
2019-06-14 13:46:04,527 INFO  client.GrpcClientProtocolClient (GrpcClientProtocolClient.java:onNext(254)) - client-E0FA40453D59->0c156e3c-57cc-425b-90ef-9bcaa62a7535: receive RaftClientReply:client-E0FA40453D59->0c156e3c-57cc-425b-90ef-9bcaa62a7535@group-7704A457760D, cid=3193, SUCCESS, logIndex=5408, commits[0c156e3c-57cc-425b-90ef-9bcaa62a7535:c5408]
2019-06-14 13:46:04,528 INFO  client.GrpcClientProtocolClient (GrpcClientProtocolClient.java:onNext(254)) - client-E0FA40453D59->0c156e3c-57cc-425b-90ef-9bcaa62a7535: receive RaftClientReply:client-E0FA40453D59->0c156e3c-57cc-425b-90ef-9bcaa62a7535@group-7704A457760D, cid=3194, SUCCESS, logIndex=5410, commits[0c156e3c-57cc-425b-90ef-9bcaa62a7535:c5410]
2019-06-14 13:46:04,529 INFO  client.GrpcClientProtocolClient (GrpcClientProtocolClient.java:onNext(254)) - client-E0FA40453D59->0c156e3c-57cc-425b-90ef-9bcaa62a7535: receive RaftClientReply:client-E0FA40453D59->0c156e3c-57cc-425b-90ef-9bcaa62a7535@group-7704A457760D, cid=3195, SUCCESS, logIndex=5411, commits[0c156e3c-57cc-425b-90ef-9bcaa62a7535:c5413]
2019-06-14 13:46:04,529 INFO  client.GrpcClientProtocolClient (GrpcClientProtocolClient.java:onNext(254)) - client-E0FA40453D59->0c156e3c-57cc-425b-90ef-9bcaa62a7535: receive RaftClientReply:client-E0FA40453D59->0c156e3c-57cc-425b-90ef-9bcaa62a7535@group-7704A457760D, cid=3196, SUCCESS, logIndex=5412, commits[0c156e3c-57cc-425b-90ef-9bcaa62a7535:c5413]
2019-06-14 13:46:04,535 INFO  client.GrpcClientProtocolClient (GrpcClientProtocolClient.java:onNext(254)) - client-E0FA40453D59->0c156e3c-57cc-425b-90ef-9bcaa62a7535: receive RaftClientReply:client-E0FA40453D59->0c156e3c-57cc-425b-90ef-9bcaa62a7535@group-7704A457760D, cid=3197, SUCCESS, logIndex=5414, commits[0c156e3c-57cc-425b-90ef-9bcaa62a7535:c5414]
2019-06-14 13:46:04,539 INFO  client.GrpcClientProtocolClient (GrpcClientProtocolClient.java:onNext(254)) - client-E0FA40453D59->0c156e3c-57cc-425b-90ef-9bcaa62a7535: receive RaftClientReply:client-E0FA40453D59->0c156e3c-57cc-425b-90ef-9bcaa62a7535@group-7704A457760D, cid=3198, SUCCESS, logIndex=5416, commits[0c156e3c-57cc-425b-90ef-9bcaa62a7535:c5416]
2019-06-14 13:46:04,540 INFO  client.GrpcClientProtocolClient (GrpcClientProtocolClient.java:onNext(254)) - client-E0FA40453D59->0c156e3c-57cc-425b-90ef-9bcaa62a7535: receive RaftClientReply:client-E0FA40453D59->0c156e3c-57cc-425b-90ef-9bcaa62a7535@group-7704A457760D, cid=3199, SUCCESS, logIndex=5417, commits[0c156e3c-57cc-425b-90ef-9bcaa62a7535:c5417]
2019-06-14 13:46:04,540 INFO  client.GrpcClientProtocolClient (GrpcClientProtocolClient.java:onNext(254)) - client-E0FA40453D59->0c156e3c-57cc-425b-90ef-9bcaa62a7535: receive RaftClientReply:client-E0FA40453D59->0c156e3c-57cc-425b-90ef-9bcaa62a7535@group-7704A457760D, cid=3200, SUCCESS, logIndex=5419, commits[0c156e3c-57cc-425b-90ef-9bcaa62a7535:c5420]
2019-06-14 13:46:04,556 INFO  client.GrpcClientProtocolClient (GrpcClientProtocolClient.java:onNext(254)) - client-E0FA40453D59->0c156e3c-57cc-425b-90ef-9bcaa62a7535: receive RaftClientReply:client-E0FA40453D59->0c156e3c-57cc-425b-90ef-9bcaa62a7535@group-7704A457760D, cid=3201, SUCCESS, logIndex=5421, commits[0c156e3c-57cc-425b-90ef-9bcaa62a7535:c5422]
2019-06-14 13:46:04,565 INFO  client.GrpcClientProtocolClient (GrpcClientProtocolClient.java:onNext(254)) - client-E0FA40453D59->0c156e3c-57cc-425b-90ef-9bcaa62a7535: receive RaftClientReply:client-E0FA40453D59->0c156e3c-57cc-425b-90ef-9bcaa62a7535@group-7704A457760D, cid=3202, SUCCESS, logIndex=5423, commits[0c156e3c-57cc-425b-90ef-9bcaa62a7535:c5425]
2019-06-14 13:46:04,566 INFO  client.GrpcClientProtocolClient (GrpcClientProtocolClient.java:onNext(254)) - client-E0FA40453D59->0c156e3c-57cc-425b-90ef-9bcaa62a7535: receive RaftClientReply:client-E0FA40453D59->0c156e3c-57cc-425b-90ef-9bcaa62a7535@group-7704A457760D, cid=3203, SUCCESS, logIndex=5424, commits[0c156e3c-57cc-425b-90ef-9bcaa62a7535:c5425]
2019-06-14 13:46:04,574 INFO  client.GrpcClientProtocolClient (GrpcClientProtocolClient.java:onNext(254)) - client-E0FA40453D59->0c156e3c-57cc-425b-90ef-9bcaa62a7535: receive RaftClientReply:client-E0FA40453D59->0c156e3c-57cc-425b-90ef-9bcaa62a7535@group-7704A457760D, cid=3204, SUCCESS, logIndex=5425, commits[0c156e3c-57cc-425b-90ef-9bcaa62a7535:c5425]
2019-06-14 13:46:04,583 INFO  client.GrpcClientProtocolClient (GrpcClientProtocolClient.java:onNext(254)) - client-E0FA40453D59->0c156e3c-57cc-425b-90ef-9bcaa62a7535: receive RaftClientReply:client-E0FA40453D59->0c156e3c-57cc-425b-90ef-9bcaa62a7535@group-7704A457760D, cid=3205, SUCCESS, logIndex=5428, commits[0c156e3c-57cc-425b-90ef-9bcaa62a7535:c5429]
2019-06-14 13:46:04,584 INFO  client.GrpcClientProtocolClient (GrpcClientProtocolClient.java:onNext(254)) - client-E0FA40453D59->0c156e3c-57cc-425b-90ef-9bcaa62a7535: receive RaftClientReply:client-E0FA40453D59->0c156e3c-57cc-425b-90ef-9bcaa62a7535@group-7704A457760D, cid=3206, SUCCESS, logIndex=5430, commits[0c156e3c-57cc-425b-90ef-9bcaa62a7535:c5430]
2019-06-14 13:46:04,586 DEBUG block.SCMBlockDeletingService (SCMBlockDeletingService.java:call(138)) - Running DeletedBlockTransactionScanner
2019-06-14 13:46:04,586 DEBUG block.SCMBlockDeletingService (SCMBlockDeletingService.java:call(155)) - Scanned deleted blocks log and got 0 delTX to process.
2019-06-14 13:46:04,588 INFO  client.GrpcClientProtocolClient (GrpcClientProtocolClient.java:onNext(254)) - client-E0FA40453D59->0c156e3c-57cc-425b-90ef-9bcaa62a7535: receive RaftClientReply:client-E0FA40453D59->0c156e3c-57cc-425b-90ef-9bcaa62a7535@group-7704A457760D, cid=3207, SUCCESS, logIndex=5431, commits[0c156e3c-57cc-425b-90ef-9bcaa62a7535:c5433]
2019-06-14 13:46:04,589 INFO  client.GrpcClientProtocolClient (GrpcClientProtocolClient.java:onNext(254)) - client-E0FA40453D59->0c156e3c-57cc-425b-90ef-9bcaa62a7535: receive RaftClientReply:client-E0FA40453D59->0c156e3c-57cc-425b-90ef-9bcaa62a7535@group-7704A457760D, cid=3208, SUCCESS, logIndex=5433, commits[0c156e3c-57cc-425b-90ef-9bcaa62a7535:c5433]
2019-06-14 13:46:04,601 INFO  client.GrpcClientProtocolClient (GrpcClientProtocolClient.java:onNext(254)) - client-E0FA40453D59->0c156e3c-57cc-425b-90ef-9bcaa62a7535: receive RaftClientReply:client-E0FA40453D59->0c156e3c-57cc-425b-90ef-9bcaa62a7535@group-7704A457760D, cid=3209, SUCCESS, logIndex=5435, commits[0c156e3c-57cc-425b-90ef-9bcaa62a7535:c5435]
2019-06-14 13:46:04,603 INFO  client.GrpcClientProtocolClient (GrpcClientProtocolClient.java:onNext(254)) - client-E0FA40453D59->0c156e3c-57cc-425b-90ef-9bcaa62a7535: receive RaftClientReply:client-E0FA40453D59->0c156e3c-57cc-425b-90ef-9bcaa62a7535@group-7704A457760D, cid=3210, SUCCESS, logIndex=5437, commits[0c156e3c-57cc-425b-90ef-9bcaa62a7535:c5439]
2019-06-14 13:46:04,604 INFO  client.GrpcClientProtocolClient (GrpcClientProtocolClient.java:onNext(254)) - client-E0FA40453D59->0c156e3c-57cc-425b-90ef-9bcaa62a7535: receive RaftClientReply:client-E0FA40453D59->0c156e3c-57cc-425b-90ef-9bcaa62a7535@group-7704A457760D, cid=3211, SUCCESS, logIndex=5438, commits[0c156e3c-57cc-425b-90ef-9bcaa62a7535:c5439]
2019-06-14 13:46:04,604 INFO  client.GrpcClientProtocolClient (GrpcClientProtocolClient.java:onNext(254)) - client-E0FA40453D59->0c156e3c-57cc-425b-90ef-9bcaa62a7535: receive RaftClientReply:client-E0FA40453D59->0c156e3c-57cc-425b-90ef-9bcaa62a7535@group-7704A457760D, cid=3212, SUCCESS, logIndex=5439, commits[0c156e3c-57cc-425b-90ef-9bcaa62a7535:c5439]
2019-06-14 13:46:04,612 INFO  client.GrpcClientProtocolClient (GrpcClientProtocolClient.java:onNext(254)) - client-E0FA40453D59->0c156e3c-57cc-425b-90ef-9bcaa62a7535: receive RaftClientReply:client-E0FA40453D59->0c156e3c-57cc-425b-90ef-9bcaa62a7535@group-7704A457760D, cid=3213, SUCCESS, logIndex=5441, commits[0c156e3c-57cc-425b-90ef-9bcaa62a7535:c5441]
2019-06-14 13:46:04,613 INFO  client.GrpcClientProtocolClient (GrpcClientProtocolClient.java:onNext(254)) - client-E0FA40453D59->0c156e3c-57cc-425b-90ef-9bcaa62a7535: receive RaftClientReply:client-E0FA40453D59->0c156e3c-57cc-425b-90ef-9bcaa62a7535@group-7704A457760D, cid=3214, SUCCESS, logIndex=5443, commits[0c156e3c-57cc-425b-90ef-9bcaa62a7535:c5443]
2019-06-14 13:46:04,618 INFO  client.GrpcClientProtocolClient (GrpcClientProtocolClient.java:onNext(254)) - client-E0FA40453D59->0c156e3c-57cc-425b-90ef-9bcaa62a7535: receive RaftClientReply:client-E0FA40453D59->0c156e3c-57cc-425b-90ef-9bcaa62a7535@group-7704A457760D, cid=3215, SUCCESS, logIndex=5444, commits[0c156e3c-57cc-425b-90ef-9bcaa62a7535:c5446]
2019-06-14 13:46:04,618 INFO  client.GrpcClientProtocolClient (GrpcClientProtocolClient.java:onNext(254)) - client-E0FA40453D59->0c156e3c-57cc-425b-90ef-9bcaa62a7535: receive RaftClientReply:client-E0FA40453D59->0c156e3c-57cc-425b-90ef-9bcaa62a7535@group-7704A457760D, cid=3216, SUCCESS, logIndex=5445, commits[0c156e3c-57cc-425b-90ef-9bcaa62a7535:c5446]
2019-06-14 13:46:04,634 INFO  client.GrpcClientProtocolClient (GrpcClientProtocolClient.java:onNext(254)) - client-E0FA40453D59->0c156e3c-57cc-425b-90ef-9bcaa62a7535: receive RaftClientReply:client-E0FA40453D59->0c156e3c-57cc-425b-90ef-9bcaa62a7535@group-7704A457760D, cid=3217, SUCCESS, logIndex=5447, commits[0c156e3c-57cc-425b-90ef-9bcaa62a7535:c5447]
2019-06-14 13:46:04,636 INFO  client.GrpcClientProtocolClient (GrpcClientProtocolClient.java:onNext(254)) - client-E0FA40453D59->0c156e3c-57cc-425b-90ef-9bcaa62a7535: receive RaftClientReply:client-E0FA40453D59->0c156e3c-57cc-425b-90ef-9bcaa62a7535@group-7704A457760D, cid=3218, SUCCESS, logIndex=5449, commits[0c156e3c-57cc-425b-90ef-9bcaa62a7535:c5449]
2019-06-14 13:46:04,638 INFO  client.GrpcClientProtocolClient (GrpcClientProtocolClient.java:onNext(254)) - client-E0FA40453D59->0c156e3c-57cc-425b-90ef-9bcaa62a7535: receive RaftClientReply:client-E0FA40453D59->0c156e3c-57cc-425b-90ef-9bcaa62a7535@group-7704A457760D, cid=3219, SUCCESS, logIndex=5450, commits[0c156e3c-57cc-425b-90ef-9bcaa62a7535:c5452]
2019-06-14 13:46:04,640 INFO  client.GrpcClientProtocolClient (GrpcClientProtocolClient.java:onNext(254)) - client-E0FA40453D59->0c156e3c-57cc-425b-90ef-9bcaa62a7535: receive RaftClientReply:client-E0FA40453D59->0c156e3c-57cc-425b-90ef-9bcaa62a7535@group-7704A457760D, cid=3220, SUCCESS, logIndex=5451, commits[0c156e3c-57cc-425b-90ef-9bcaa62a7535:c5452]
2019-06-14 13:46:04,646 INFO  storage.RaftLogWorker (RaftLogWorker.java:rollLogSegment(303)) - 0c156e3c-57cc-425b-90ef-9bcaa62a7535-RaftLogWorker: Rolling segment log-5379_5452 to index:5452
2019-06-14 13:46:04,647 INFO  storage.RaftLogWorker (RaftLogWorker.java:execute(433)) - 0c156e3c-57cc-425b-90ef-9bcaa62a7535-RaftLogWorker: Rolled log segment from /opt/src/hadoop-ozone/integration-test/target/test-dir/MiniOzoneClusterImpl-8919240e-7e15-4dbf-8bf4-c210578586bb/datanode-0/data/ratis/1fc53845-3381-4beb-82f9-7704a457760d/current/log_inprogress_5379 to /opt/src/hadoop-ozone/integration-test/target/test-dir/MiniOzoneClusterImpl-8919240e-7e15-4dbf-8bf4-c210578586bb/datanode-0/data/ratis/1fc53845-3381-4beb-82f9-7704a457760d/current/log_5379-5452
2019-06-14 13:46:04,683 INFO  storage.RaftLogWorker (RaftLogWorker.java:execute(469)) - 0c156e3c-57cc-425b-90ef-9bcaa62a7535-RaftLogWorker: created new log segment /opt/src/hadoop-ozone/integration-test/target/test-dir/MiniOzoneClusterImpl-8919240e-7e15-4dbf-8bf4-c210578586bb/datanode-0/data/ratis/1fc53845-3381-4beb-82f9-7704a457760d/current/log_inprogress_5453
2019-06-14 13:46:04,686 INFO  client.GrpcClientProtocolClient (GrpcClientProtocolClient.java:onNext(254)) - client-E0FA40453D59->0c156e3c-57cc-425b-90ef-9bcaa62a7535: receive RaftClientReply:client-E0FA40453D59->0c156e3c-57cc-425b-90ef-9bcaa62a7535@group-7704A457760D, cid=3221, SUCCESS, logIndex=5453, commits[0c156e3c-57cc-425b-90ef-9bcaa62a7535:c5453]
2019-06-14 13:46:04,686 DEBUG block.SCMBlockDeletingService (SCMBlockDeletingService.java:call(138)) - Running DeletedBlockTransactionScanner
2019-06-14 13:46:04,686 DEBUG block.SCMBlockDeletingService (SCMBlockDeletingService.java:call(155)) - Scanned deleted blocks log and got 0 delTX to process.
2019-06-14 13:46:04,687 INFO  client.GrpcClientProtocolClient (GrpcClientProtocolClient.java:onNext(254)) - client-E0FA40453D59->0c156e3c-57cc-425b-90ef-9bcaa62a7535: receive RaftClientReply:client-E0FA40453D59->0c156e3c-57cc-425b-90ef-9bcaa62a7535@group-7704A457760D, cid=3222, SUCCESS, logIndex=5455, commits[0c156e3c-57cc-425b-90ef-9bcaa62a7535:c5455]
2019-06-14 13:46:04,687 INFO  client.GrpcClientProtocolClient (GrpcClientProtocolClient.java:onNext(254)) - client-E0FA40453D59->0c156e3c-57cc-425b-90ef-9bcaa62a7535: receive RaftClientReply:client-E0FA40453D59->0c156e3c-57cc-425b-90ef-9bcaa62a7535@group-7704A457760D, cid=3223, SUCCESS, logIndex=5456, commits[0c156e3c-57cc-425b-90ef-9bcaa62a7535:c5458]
2019-06-14 13:46:04,687 INFO  client.GrpcClientProtocolClient (GrpcClientProtocolClient.java:onNext(254)) - client-E0FA40453D59->0c156e3c-57cc-425b-90ef-9bcaa62a7535: receive RaftClientReply:client-E0FA40453D59->0c156e3c-57cc-425b-90ef-9bcaa62a7535@group-7704A457760D, cid=3224, SUCCESS, logIndex=5457, commits[0c156e3c-57cc-425b-90ef-9bcaa62a7535:c5458]
2019-06-14 13:46:04,708 INFO  client.GrpcClientProtocolClient (GrpcClientProtocolClient.java:onNext(254)) - client-E0FA40453D59->0c156e3c-57cc-425b-90ef-9bcaa62a7535: receive RaftClientReply:client-E0FA40453D59->0c156e3c-57cc-425b-90ef-9bcaa62a7535@group-7704A457760D, cid=3225, SUCCESS, logIndex=5459, commits[0c156e3c-57cc-425b-90ef-9bcaa62a7535:c5460]
2019-06-14 13:46:04,718 INFO  client.GrpcClientProtocolClient (GrpcClientProtocolClient.java:onNext(254)) - client-E0FA40453D59->0c156e3c-57cc-425b-90ef-9bcaa62a7535: receive RaftClientReply:client-E0FA40453D59->0c156e3c-57cc-425b-90ef-9bcaa62a7535@group-7704A457760D, cid=3226, SUCCESS, logIndex=5461, commits[0c156e3c-57cc-425b-90ef-9bcaa62a7535:c5461]
2019-06-14 13:46:04,787 INFO  client.GrpcClientProtocolClient (GrpcClientProtocolClient.java:onNext(254)) - client-E0FA40453D59->0c156e3c-57cc-425b-90ef-9bcaa62a7535: receive RaftClientReply:client-E0FA40453D59->0c156e3c-57cc-425b-90ef-9bcaa62a7535@group-7704A457760D, cid=3227, SUCCESS, logIndex=5463, commits[0c156e3c-57cc-425b-90ef-9bcaa62a7535:c5463]
2019-06-14 13:46:04,788 DEBUG block.SCMBlockDeletingService (SCMBlockDeletingService.java:call(138)) - Running DeletedBlockTransactionScanner
2019-06-14 13:46:04,788 DEBUG block.SCMBlockDeletingService (SCMBlockDeletingService.java:call(155)) - Scanned deleted blocks log and got 0 delTX to process.
2019-06-14 13:46:04,788 INFO  client.GrpcClientProtocolClient (GrpcClientProtocolClient.java:onNext(254)) - client-E0FA40453D59->0c156e3c-57cc-425b-90ef-9bcaa62a7535: receive RaftClientReply:client-E0FA40453D59->0c156e3c-57cc-425b-90ef-9bcaa62a7535@group-7704A457760D, cid=3228, SUCCESS, logIndex=5465, commits[0c156e3c-57cc-425b-90ef-9bcaa62a7535:c5465]
2019-06-14 13:46:04,798 INFO  client.GrpcClientProtocolClient (GrpcClientProtocolClient.java:onNext(254)) - client-E0FA40453D59->0c156e3c-57cc-425b-90ef-9bcaa62a7535: receive RaftClientReply:client-E0FA40453D59->0c156e3c-57cc-425b-90ef-9bcaa62a7535@group-7704A457760D, cid=3229, SUCCESS, logIndex=5467, commits[0c156e3c-57cc-425b-90ef-9bcaa62a7535:c5467]
2019-06-14 13:46:04,806 INFO  client.GrpcClientProtocolClient (GrpcClientProtocolClient.java:onNext(254)) - client-E0FA40453D59->0c156e3c-57cc-425b-90ef-9bcaa62a7535: receive RaftClientReply:client-E0FA40453D59->0c156e3c-57cc-425b-90ef-9bcaa62a7535@group-7704A457760D, cid=3230, SUCCESS, logIndex=5469, commits[0c156e3c-57cc-425b-90ef-9bcaa62a7535:c5469]
2019-06-14 13:46:04,806 INFO  client.GrpcClientProtocolClient (GrpcClientProtocolClient.java:onNext(254)) - client-E0FA40453D59->0c156e3c-57cc-425b-90ef-9bcaa62a7535: receive RaftClientReply:client-E0FA40453D59->0c156e3c-57cc-425b-90ef-9bcaa62a7535@group-7704A457760D, cid=3231, SUCCESS, logIndex=5470, commits[0c156e3c-57cc-425b-90ef-9bcaa62a7535:c5471]
2019-06-14 13:46:04,806 INFO  client.GrpcClientProtocolClient (GrpcClientProtocolClient.java:onNext(254)) - client-E0FA40453D59->0c156e3c-57cc-425b-90ef-9bcaa62a7535: receive RaftClientReply:client-E0FA40453D59->0c156e3c-57cc-425b-90ef-9bcaa62a7535@group-7704A457760D, cid=3232, SUCCESS, logIndex=5471, commits[0c156e3c-57cc-425b-90ef-9bcaa62a7535:c5471]
2019-06-14 13:46:04,835 INFO  client.GrpcClientProtocolClient (GrpcClientProtocolClient.java:onNext(254)) - client-E0FA40453D59->0c156e3c-57cc-425b-90ef-9bcaa62a7535: receive RaftClientReply:client-E0FA40453D59->0c156e3c-57cc-425b-90ef-9bcaa62a7535@group-7704A457760D, cid=3233, SUCCESS, logIndex=5474, commits[0c156e3c-57cc-425b-90ef-9bcaa62a7535:c5475]
2019-06-14 13:46:04,844 INFO  client.GrpcClientProtocolClient (GrpcClientProtocolClient.java:onNext(254)) - client-E0FA40453D59->0c156e3c-57cc-425b-90ef-9bcaa62a7535: receive RaftClientReply:client-E0FA40453D59->0c156e3c-57cc-425b-90ef-9bcaa62a7535@group-7704A457760D, cid=3234, SUCCESS, logIndex=5476, commits[0c156e3c-57cc-425b-90ef-9bcaa62a7535:c5479]
2019-06-14 13:46:04,844 INFO  client.GrpcClientProtocolClient (GrpcClientProtocolClient.java:onNext(254)) - client-E0FA40453D59->0c156e3c-57cc-425b-90ef-9bcaa62a7535: receive RaftClientReply:client-E0FA40453D59->0c156e3c-57cc-425b-90ef-9bcaa62a7535@group-7704A457760D, cid=3235, SUCCESS, logIndex=5477, commits[0c156e3c-57cc-425b-90ef-9bcaa62a7535:c5479]
2019-06-14 13:46:04,844 INFO  client.GrpcClientProtocolClient (GrpcClientProtocolClient.java:onNext(254)) - client-E0FA40453D59->0c156e3c-57cc-425b-90ef-9bcaa62a7535: receive RaftClientReply:client-E0FA40453D59->0c156e3c-57cc-425b-90ef-9bcaa62a7535@group-7704A457760D, cid=3236, SUCCESS, logIndex=5478, commits[0c156e3c-57cc-425b-90ef-9bcaa62a7535:c5479]
2019-06-14 13:46:04,852 INFO  client.GrpcClientProtocolClient (GrpcClientProtocolClient.java:onNext(254)) - client-E0FA40453D59->0c156e3c-57cc-425b-90ef-9bcaa62a7535: receive RaftClientReply:client-E0FA40453D59->0c156e3c-57cc-425b-90ef-9bcaa62a7535@group-7704A457760D, cid=3237, SUCCESS, logIndex=5480, commits[0c156e3c-57cc-425b-90ef-9bcaa62a7535:c5480]
2019-06-14 13:46:04,859 INFO  client.GrpcClientProtocolClient (GrpcClientProtocolClient.java:onNext(254)) - client-E0FA40453D59->0c156e3c-57cc-425b-90ef-9bcaa62a7535: receive RaftClientReply:client-E0FA40453D59->0c156e3c-57cc-425b-90ef-9bcaa62a7535@group-7704A457760D, cid=3238, SUCCESS, logIndex=5482, commits[0c156e3c-57cc-425b-90ef-9bcaa62a7535:c5482]
2019-06-14 13:46:04,859 INFO  client.GrpcClientProtocolClient (GrpcClientProtocolClient.java:onNext(254)) - client-E0FA40453D59->0c156e3c-57cc-425b-90ef-9bcaa62a7535: receive RaftClientReply:client-E0FA40453D59->0c156e3c-57cc-425b-90ef-9bcaa62a7535@group-7704A457760D, cid=3239, SUCCESS, logIndex=5483, commits[0c156e3c-57cc-425b-90ef-9bcaa62a7535:c5484]
2019-06-14 13:46:04,860 INFO  client.GrpcClientProtocolClient (GrpcClientProtocolClient.java:onNext(254)) - client-E0FA40453D59->0c156e3c-57cc-425b-90ef-9bcaa62a7535: receive RaftClientReply:client-E0FA40453D59->0c156e3c-57cc-425b-90ef-9bcaa62a7535@group-7704A457760D, cid=3240, SUCCESS, logIndex=5485, commits[0c156e3c-57cc-425b-90ef-9bcaa62a7535:c5485]
2019-06-14 13:46:04,873 INFO  client.GrpcClientProtocolClient (GrpcClientProtocolClient.java:onNext(254)) - client-E0FA40453D59->0c156e3c-57cc-425b-90ef-9bcaa62a7535: receive RaftClientReply:client-E0FA40453D59->0c156e3c-57cc-425b-90ef-9bcaa62a7535@group-7704A457760D, cid=3241, SUCCESS, logIndex=5487, commits[0c156e3c-57cc-425b-90ef-9bcaa62a7535:c5487]
2019-06-14 13:46:04,888 DEBUG block.SCMBlockDeletingService (SCMBlockDeletingService.java:call(138)) - Running DeletedBlockTransactionScanner
2019-06-14 13:46:04,888 DEBUG block.SCMBlockDeletingService (SCMBlockDeletingService.java:call(155)) - Scanned deleted blocks log and got 0 delTX to process.
2019-06-14 13:46:04,895 INFO  client.GrpcClientProtocolClient (GrpcClientProtocolClient.java:onNext(254)) - client-E0FA40453D59->0c156e3c-57cc-425b-90ef-9bcaa62a7535: receive RaftClientReply:client-E0FA40453D59->0c156e3c-57cc-425b-90ef-9bcaa62a7535@group-7704A457760D, cid=3242, SUCCESS, logIndex=5489, commits[0c156e3c-57cc-425b-90ef-9bcaa62a7535:c5490]
2019-06-14 13:46:04,895 INFO  client.GrpcClientProtocolClient (GrpcClientProtocolClient.java:onNext(254)) - client-E0FA40453D59->0c156e3c-57cc-425b-90ef-9bcaa62a7535: receive RaftClientReply:client-E0FA40453D59->0c156e3c-57cc-425b-90ef-9bcaa62a7535@group-7704A457760D, cid=3243, SUCCESS, logIndex=5490, commits[0c156e3c-57cc-425b-90ef-9bcaa62a7535:c5490]
2019-06-14 13:46:04,896 INFO  client.GrpcClientProtocolClient (GrpcClientProtocolClient.java:onNext(254)) - client-E0FA40453D59->0c156e3c-57cc-425b-90ef-9bcaa62a7535: receive RaftClientReply:client-E0FA40453D59->0c156e3c-57cc-425b-90ef-9bcaa62a7535@group-7704A457760D, cid=3244, SUCCESS, logIndex=5491, commits[0c156e3c-57cc-425b-90ef-9bcaa62a7535:c5493]
2019-06-14 13:46:04,904 INFO  client.GrpcClientProtocolClient (GrpcClientProtocolClient.java:onNext(254)) - client-E0FA40453D59->0c156e3c-57cc-425b-90ef-9bcaa62a7535: receive RaftClientReply:client-E0FA40453D59->0c156e3c-57cc-425b-90ef-9bcaa62a7535@group-7704A457760D, cid=3245, SUCCESS, logIndex=5494, commits[0c156e3c-57cc-425b-90ef-9bcaa62a7535:c5495]
2019-06-14 13:46:04,907 INFO  client.GrpcClientProtocolClient (GrpcClientProtocolClient.java:onNext(254)) - client-E0FA40453D59->0c156e3c-57cc-425b-90ef-9bcaa62a7535: receive RaftClientReply:client-E0FA40453D59->0c156e3c-57cc-425b-90ef-9bcaa62a7535@group-7704A457760D, cid=3246, SUCCESS, logIndex=5496, commits[0c156e3c-57cc-425b-90ef-9bcaa62a7535:c5496]
2019-06-14 13:46:04,908 INFO  client.GrpcClientProtocolClient (GrpcClientProtocolClient.java:onNext(254)) - client-E0FA40453D59->0c156e3c-57cc-425b-90ef-9bcaa62a7535: receive RaftClientReply:client-E0FA40453D59->0c156e3c-57cc-425b-90ef-9bcaa62a7535@group-7704A457760D, cid=3247, SUCCESS, logIndex=5497, commits[0c156e3c-57cc-425b-90ef-9bcaa62a7535:c5498]
2019-06-14 13:46:04,908 INFO  client.GrpcClientProtocolClient (GrpcClientProtocolClient.java:onNext(254)) - client-E0FA40453D59->0c156e3c-57cc-425b-90ef-9bcaa62a7535: receive RaftClientReply:client-E0FA40453D59->0c156e3c-57cc-425b-90ef-9bcaa62a7535@group-7704A457760D, cid=3248, SUCCESS, logIndex=5498, commits[0c156e3c-57cc-425b-90ef-9bcaa62a7535:c5500]
2019-06-14 13:46:04,921 INFO  client.GrpcClientProtocolClient (GrpcClientProtocolClient.java:onNext(254)) - client-E0FA40453D59->0c156e3c-57cc-425b-90ef-9bcaa62a7535: receive RaftClientReply:client-E0FA40453D59->0c156e3c-57cc-425b-90ef-9bcaa62a7535@group-7704A457760D, cid=3249, SUCCESS, logIndex=5501, commits[0c156e3c-57cc-425b-90ef-9bcaa62a7535:c5501]
2019-06-14 13:46:04,922 INFO  client.GrpcClientProtocolClient (GrpcClientProtocolClient.java:onNext(254)) - client-E0FA40453D59->0c156e3c-57cc-425b-90ef-9bcaa62a7535: receive RaftClientReply:client-E0FA40453D59->0c156e3c-57cc-425b-90ef-9bcaa62a7535@group-7704A457760D, cid=3250, SUCCESS, logIndex=5503, commits[0c156e3c-57cc-425b-90ef-9bcaa62a7535:c5503]
2019-06-14 13:46:04,925 INFO  client.GrpcClientProtocolClient (GrpcClientProtocolClient.java:onNext(254)) - client-E0FA40453D59->0c156e3c-57cc-425b-90ef-9bcaa62a7535: receive RaftClientReply:client-E0FA40453D59->0c156e3c-57cc-425b-90ef-9bcaa62a7535@group-7704A457760D, cid=3251, SUCCESS, logIndex=5505, commits[0c156e3c-57cc-425b-90ef-9bcaa62a7535:c5507]
2019-06-14 13:46:04,925 INFO  client.GrpcClientProtocolClient (GrpcClientProtocolClient.java:onNext(254)) - client-E0FA40453D59->0c156e3c-57cc-425b-90ef-9bcaa62a7535: receive RaftClientReply:client-E0FA40453D59->0c156e3c-57cc-425b-90ef-9bcaa62a7535@group-7704A457760D, cid=3252, SUCCESS, logIndex=5506, commits[0c156e3c-57cc-425b-90ef-9bcaa62a7535:c5507]
2019-06-14 13:46:04,931 INFO  client.GrpcClientProtocolClient (GrpcClientProtocolClient.java:onNext(254)) - client-E0FA40453D59->0c156e3c-57cc-425b-90ef-9bcaa62a7535: receive RaftClientReply:client-E0FA40453D59->0c156e3c-57cc-425b-90ef-9bcaa62a7535@group-7704A457760D, cid=3253, SUCCESS, logIndex=5508, commits[0c156e3c-57cc-425b-90ef-9bcaa62a7535:c5508]
2019-06-14 13:46:04,934 INFO  client.GrpcClientProtocolClient (GrpcClientProtocolClient.java:onNext(254)) - client-E0FA40453D59->0c156e3c-57cc-425b-90ef-9bcaa62a7535: receive RaftClientReply:client-E0FA40453D59->0c156e3c-57cc-425b-90ef-9bcaa62a7535@group-7704A457760D, cid=3254, SUCCESS, logIndex=5510, commits[0c156e3c-57cc-425b-90ef-9bcaa62a7535:c5512]
2019-06-14 13:46:04,934 INFO  client.GrpcClientProtocolClient (GrpcClientProtocolClient.java:onNext(254)) - client-E0FA40453D59->0c156e3c-57cc-425b-90ef-9bcaa62a7535: receive RaftClientReply:client-E0FA40453D59->0c156e3c-57cc-425b-90ef-9bcaa62a7535@group-7704A457760D, cid=3255, SUCCESS, logIndex=5511, commits[0c156e3c-57cc-425b-90ef-9bcaa62a7535:c5512]
2019-06-14 13:46:04,934 INFO  client.GrpcClientProtocolClient (GrpcClientProtocolClient.java:onNext(254)) - client-E0FA40453D59->0c156e3c-57cc-425b-90ef-9bcaa62a7535: receive RaftClientReply:client-E0FA40453D59->0c156e3c-57cc-425b-90ef-9bcaa62a7535@group-7704A457760D, cid=3256, SUCCESS, logIndex=5512, commits[0c156e3c-57cc-425b-90ef-9bcaa62a7535:c5512]
2019-06-14 13:46:05,230 DEBUG block.SCMBlockDeletingService (SCMBlockDeletingService.java:call(138)) - Running DeletedBlockTransactionScanner
2019-06-14 13:46:05,230 DEBUG block.SCMBlockDeletingService (SCMBlockDeletingService.java:call(155)) - Scanned deleted blocks log and got 0 delTX to process.
2019-06-14 13:46:05,230 INFO  client.GrpcClientProtocolClient (GrpcClientProtocolClient.java:onNext(254)) - client-E0FA40453D59->0c156e3c-57cc-425b-90ef-9bcaa62a7535: receive RaftClientReply:client-E0FA40453D59->0c156e3c-57cc-425b-90ef-9bcaa62a7535@group-7704A457760D, cid=3257, SUCCESS, logIndex=5515, commits[0c156e3c-57cc-425b-90ef-9bcaa62a7535:c5515]
2019-06-14 13:46:05,240 INFO  client.GrpcClientProtocolClient (GrpcClientProtocolClient.java:onNext(254)) - client-E0FA40453D59->0c156e3c-57cc-425b-90ef-9bcaa62a7535: receive RaftClientReply:client-E0FA40453D59->0c156e3c-57cc-425b-90ef-9bcaa62a7535@group-7704A457760D, cid=3258, SUCCESS, logIndex=5517, commits[0c156e3c-57cc-425b-90ef-9bcaa62a7535:c5517]
2019-06-14 13:46:05,240 INFO  client.GrpcClientProtocolClient (GrpcClientProtocolClient.java:onNext(254)) - client-E0FA40453D59->0c156e3c-57cc-425b-90ef-9bcaa62a7535: receive RaftClientReply:client-E0FA40453D59->0c156e3c-57cc-425b-90ef-9bcaa62a7535@group-7704A457760D, cid=3259, SUCCESS, logIndex=5518, commits[0c156e3c-57cc-425b-90ef-9bcaa62a7535:c5520]
2019-06-14 13:46:05,240 INFO  client.GrpcClientProtocolClient (GrpcClientProtocolClient.java:onNext(254)) - client-E0FA40453D59->0c156e3c-57cc-425b-90ef-9bcaa62a7535: receive RaftClientReply:client-E0FA40453D59->0c156e3c-57cc-425b-90ef-9bcaa62a7535@group-7704A457760D, cid=3260, SUCCESS, logIndex=5519, commits[0c156e3c-57cc-425b-90ef-9bcaa62a7535:c5520]
2019-06-14 13:46:05,246 INFO  client.GrpcClientProtocolClient (GrpcClientProtocolClient.java:onNext(254)) - client-E0FA40453D59->0c156e3c-57cc-425b-90ef-9bcaa62a7535: receive RaftClientReply:client-E0FA40453D59->0c156e3c-57cc-425b-90ef-9bcaa62a7535@group-7704A457760D, cid=3261, SUCCESS, logIndex=5521, commits[0c156e3c-57cc-425b-90ef-9bcaa62a7535:c5521]
2019-06-14 13:46:05,246 INFO  storage.RaftLogWorker (RaftLogWorker.java:rollLogSegment(303)) - 0c156e3c-57cc-425b-90ef-9bcaa62a7535-RaftLogWorker: Rolling segment log-5453_5524 to index:5524
2019-06-14 13:46:05,248 INFO  storage.RaftLogWorker (RaftLogWorker.java:execute(433)) - 0c156e3c-57cc-425b-90ef-9bcaa62a7535-RaftLogWorker: Rolled log segment from /opt/src/hadoop-ozone/integration-test/target/test-dir/MiniOzoneClusterImpl-8919240e-7e15-4dbf-8bf4-c210578586bb/datanode-0/data/ratis/1fc53845-3381-4beb-82f9-7704a457760d/current/log_inprogress_5453 to /opt/src/hadoop-ozone/integration-test/target/test-dir/MiniOzoneClusterImpl-8919240e-7e15-4dbf-8bf4-c210578586bb/datanode-0/data/ratis/1fc53845-3381-4beb-82f9-7704a457760d/current/log_5453-5524
2019-06-14 13:46:05,249 INFO  client.GrpcClientProtocolClient (GrpcClientProtocolClient.java:onNext(254)) - client-E0FA40453D59->0c156e3c-57cc-425b-90ef-9bcaa62a7535: receive RaftClientReply:client-E0FA40453D59->0c156e3c-57cc-425b-90ef-9bcaa62a7535@group-7704A457760D, cid=3262, SUCCESS, logIndex=5523, commits[0c156e3c-57cc-425b-90ef-9bcaa62a7535:c5523]
2019-06-14 13:46:05,249 INFO  client.GrpcClientProtocolClient (GrpcClientProtocolClient.java:onNext(254)) - client-E0FA40453D59->0c156e3c-57cc-425b-90ef-9bcaa62a7535: receive RaftClientReply:client-E0FA40453D59->0c156e3c-57cc-425b-90ef-9bcaa62a7535@group-7704A457760D, cid=3263, SUCCESS, logIndex=5524, commits[0c156e3c-57cc-425b-90ef-9bcaa62a7535:c5524]
2019-06-14 13:46:05,294 INFO  storage.RaftLogWorker (RaftLogWorker.java:execute(469)) - 0c156e3c-57cc-425b-90ef-9bcaa62a7535-RaftLogWorker: created new log segment /opt/src/hadoop-ozone/integration-test/target/test-dir/MiniOzoneClusterImpl-8919240e-7e15-4dbf-8bf4-c210578586bb/datanode-0/data/ratis/1fc53845-3381-4beb-82f9-7704a457760d/current/log_inprogress_5525
2019-06-14 13:46:05,296 INFO  client.GrpcClientProtocolClient (GrpcClientProtocolClient.java:onNext(254)) - client-E0FA40453D59->0c156e3c-57cc-425b-90ef-9bcaa62a7535: receive RaftClientReply:client-E0FA40453D59->0c156e3c-57cc-425b-90ef-9bcaa62a7535@group-7704A457760D, cid=3264, SUCCESS, logIndex=5525, commits[0c156e3c-57cc-425b-90ef-9bcaa62a7535:c5527]
2019-06-14 13:46:05,310 INFO  client.GrpcClientProtocolClient (GrpcClientProtocolClient.java:onNext(254)) - client-E0FA40453D59->0c156e3c-57cc-425b-90ef-9bcaa62a7535: receive RaftClientReply:client-E0FA40453D59->0c156e3c-57cc-425b-90ef-9bcaa62a7535@group-7704A457760D, cid=3265, SUCCESS, logIndex=5528, commits[0c156e3c-57cc-425b-90ef-9bcaa62a7535:c5528]
2019-06-14 13:46:05,312 INFO  client.GrpcClientProtocolClient (GrpcClientProtocolClient.java:onNext(254)) - client-E0FA40453D59->0c156e3c-57cc-425b-90ef-9bcaa62a7535: receive RaftClientReply:client-E0FA40453D59->0c156e3c-57cc-425b-90ef-9bcaa62a7535@group-7704A457760D, cid=3266, SUCCESS, logIndex=5530, commits[0c156e3c-57cc-425b-90ef-9bcaa62a7535:c5530]
2019-06-14 13:46:05,318 INFO  client.GrpcClientProtocolClient (GrpcClientProtocolClient.java:onNext(254)) - client-E0FA40453D59->0c156e3c-57cc-425b-90ef-9bcaa62a7535: receive RaftClientReply:client-E0FA40453D59->0c156e3c-57cc-425b-90ef-9bcaa62a7535@group-7704A457760D, cid=3267, SUCCESS, logIndex=5531, commits[0c156e3c-57cc-425b-90ef-9bcaa62a7535:c5533]
2019-06-14 13:46:05,319 INFO  client.GrpcClientProtocolClient (GrpcClientProtocolClient.java:onNext(254)) - client-E0FA40453D59->0c156e3c-57cc-425b-90ef-9bcaa62a7535: receive RaftClientReply:client-E0FA40453D59->0c156e3c-57cc-425b-90ef-9bcaa62a7535@group-7704A457760D, cid=3268, SUCCESS, logIndex=5532, commits[0c156e3c-57cc-425b-90ef-9bcaa62a7535:c5533]
2019-06-14 13:46:05,329 INFO  client.GrpcClientProtocolClient (GrpcClientProtocolClient.java:onNext(254)) - client-E0FA40453D59->0c156e3c-57cc-425b-90ef-9bcaa62a7535: receive RaftClientReply:client-E0FA40453D59->0c156e3c-57cc-425b-90ef-9bcaa62a7535@group-7704A457760D, cid=3269, SUCCESS, logIndex=5534, commits[0c156e3c-57cc-425b-90ef-9bcaa62a7535:c5534]
2019-06-14 13:46:05,330 INFO  client.GrpcClientProtocolClient (GrpcClientProtocolClient.java:onNext(254)) - client-E0FA40453D59->0c156e3c-57cc-425b-90ef-9bcaa62a7535: receive RaftClientReply:client-E0FA40453D59->0c156e3c-57cc-425b-90ef-9bcaa62a7535@group-7704A457760D, cid=3270, SUCCESS, logIndex=5536, commits[0c156e3c-57cc-425b-90ef-9bcaa62a7535:c5536]
2019-06-14 13:46:05,333 DEBUG block.SCMBlockDeletingService (SCMBlockDeletingService.java:call(138)) - Running DeletedBlockTransactionScanner
2019-06-14 13:46:05,333 DEBUG block.SCMBlockDeletingService (SCMBlockDeletingService.java:call(155)) - Scanned deleted blocks log and got 0 delTX to process.
2019-06-14 13:46:05,402 INFO  client.GrpcClientProtocolClient (GrpcClientProtocolClient.java:onNext(254)) - client-E0FA40453D59->0c156e3c-57cc-425b-90ef-9bcaa62a7535: receive RaftClientReply:client-E0FA40453D59->0c156e3c-57cc-425b-90ef-9bcaa62a7535@group-7704A457760D, cid=3271, SUCCESS, logIndex=5538, commits[0c156e3c-57cc-425b-90ef-9bcaa62a7535:c5538]
2019-06-14 13:46:05,403 INFO  client.GrpcClientProtocolClient (GrpcClientProtocolClient.java:onNext(254)) - client-E0FA40453D59->0c156e3c-57cc-425b-90ef-9bcaa62a7535: receive RaftClientReply:client-E0FA40453D59->0c156e3c-57cc-425b-90ef-9bcaa62a7535@group-7704A457760D, cid=3272, SUCCESS, logIndex=5540, commits[0c156e3c-57cc-425b-90ef-9bcaa62a7535:c5540]
2019-06-14 13:46:05,414 INFO  client.GrpcClientProtocolClient (GrpcClientProtocolClient.java:onNext(254)) - client-E0FA40453D59->0c156e3c-57cc-425b-90ef-9bcaa62a7535: receive RaftClientReply:client-E0FA40453D59->0c156e3c-57cc-425b-90ef-9bcaa62a7535@group-7704A457760D, cid=3273, SUCCESS, logIndex=5542, commits[0c156e3c-57cc-425b-90ef-9bcaa62a7535:c5542]
2019-06-14 13:46:05,415 INFO  client.GrpcClientProtocolClient (GrpcClientProtocolClient.java:onNext(254)) - client-E0FA40453D59->0c156e3c-57cc-425b-90ef-9bcaa62a7535: receive RaftClientReply:client-E0FA40453D59->0c156e3c-57cc-425b-90ef-9bcaa62a7535@group-7704A457760D, cid=3274, SUCCESS, logIndex=5544, commits[0c156e3c-57cc-425b-90ef-9bcaa62a7535:c5544]
2019-06-14 13:46:05,416 INFO  client.GrpcClientProtocolClient (GrpcClientProtocolClient.java:onNext(254)) - client-E0FA40453D59->0c156e3c-57cc-425b-90ef-9bcaa62a7535: receive RaftClientReply:client-E0FA40453D59->0c156e3c-57cc-425b-90ef-9bcaa62a7535@group-7704A457760D, cid=3275, SUCCESS, logIndex=5545, commits[0c156e3c-57cc-425b-90ef-9bcaa62a7535:c5547]
2019-06-14 13:46:05,416 INFO  client.GrpcClientProtocolClient (GrpcClientProtocolClient.java:onNext(254)) - client-E0FA40453D59->0c156e3c-57cc-425b-90ef-9bcaa62a7535: receive RaftClientReply:client-E0FA40453D59->0c156e3c-57cc-425b-90ef-9bcaa62a7535@group-7704A457760D, cid=3276, SUCCESS, logIndex=5546, commits[0c156e3c-57cc-425b-90ef-9bcaa62a7535:c5547]
2019-06-14 13:46:05,425 INFO  client.GrpcClientProtocolClient (GrpcClientProtocolClient.java:onNext(254)) - client-E0FA40453D59->0c156e3c-57cc-425b-90ef-9bcaa62a7535: receive RaftClientReply:client-E0FA40453D59->0c156e3c-57cc-425b-90ef-9bcaa62a7535@group-7704A457760D, cid=3277, SUCCESS, logIndex=5548, commits[0c156e3c-57cc-425b-90ef-9bcaa62a7535:c5548]
2019-06-14 13:46:05,427 INFO  client.GrpcClientProtocolClient (GrpcClientProtocolClient.java:onNext(254)) - client-E0FA40453D59->0c156e3c-57cc-425b-90ef-9bcaa62a7535: receive RaftClientReply:client-E0FA40453D59->0c156e3c-57cc-425b-90ef-9bcaa62a7535@group-7704A457760D, cid=3278, SUCCESS, logIndex=5550, commits[0c156e3c-57cc-425b-90ef-9bcaa62a7535:c5550]
2019-06-14 13:46:05,429 INFO  client.GrpcClientProtocolClient (GrpcClientProtocolClient.java:onNext(254)) - client-E0FA40453D59->0c156e3c-57cc-425b-90ef-9bcaa62a7535: receive RaftClientReply:client-E0FA40453D59->0c156e3c-57cc-425b-90ef-9bcaa62a7535@group-7704A457760D, cid=3279, SUCCESS, logIndex=5551, commits[0c156e3c-57cc-425b-90ef-9bcaa62a7535:c5554]
2019-06-14 13:46:05,429 INFO  client.GrpcClientProtocolClient (GrpcClientProtocolClient.java:onNext(254)) - client-E0FA40453D59->0c156e3c-57cc-425b-90ef-9bcaa62a7535: receive RaftClientReply:client-E0FA40453D59->0c156e3c-57cc-425b-90ef-9bcaa62a7535@group-7704A457760D, cid=3280, SUCCESS, logIndex=5553, commits[0c156e3c-57cc-425b-90ef-9bcaa62a7535:c5554]
2019-06-14 13:46:05,434 DEBUG block.SCMBlockDeletingService (SCMBlockDeletingService.java:call(138)) - Running DeletedBlockTransactionScanner
2019-06-14 13:46:05,434 DEBUG block.SCMBlockDeletingService (SCMBlockDeletingService.java:call(155)) - Scanned deleted blocks log and got 0 delTX to process.
2019-06-14 13:46:05,440 INFO  client.GrpcClientProtocolClient (GrpcClientProtocolClient.java:onNext(254)) - client-E0FA40453D59->0c156e3c-57cc-425b-90ef-9bcaa62a7535: receive RaftClientReply:client-E0FA40453D59->0c156e3c-57cc-425b-90ef-9bcaa62a7535@group-7704A457760D, cid=3281, SUCCESS, logIndex=5555, commits[0c156e3c-57cc-425b-90ef-9bcaa62a7535:c5555]
2019-06-14 13:46:05,441 INFO  client.GrpcClientProtocolClient (GrpcClientProtocolClient.java:onNext(254)) - client-E0FA40453D59->0c156e3c-57cc-425b-90ef-9bcaa62a7535: receive RaftClientReply:client-E0FA40453D59->0c156e3c-57cc-425b-90ef-9bcaa62a7535@group-7704A457760D, cid=3282, SUCCESS, logIndex=5557, commits[0c156e3c-57cc-425b-90ef-9bcaa62a7535:c5557]
2019-06-14 13:46:05,443 INFO  client.GrpcClientProtocolClient (GrpcClientProtocolClient.java:onNext(254)) - client-E0FA40453D59->0c156e3c-57cc-425b-90ef-9bcaa62a7535: receive RaftClientReply:client-E0FA40453D59->0c156e3c-57cc-425b-90ef-9bcaa62a7535@group-7704A457760D, cid=3283, SUCCESS, logIndex=5558, commits[0c156e3c-57cc-425b-90ef-9bcaa62a7535:c5560]
2019-06-14 13:46:05,443 INFO  client.GrpcClientProtocolClient (GrpcClientProtocolClient.java:onNext(254)) - client-E0FA40453D59->0c156e3c-57cc-425b-90ef-9bcaa62a7535: receive RaftClientReply:client-E0FA40453D59->0c156e3c-57cc-425b-90ef-9bcaa62a7535@group-7704A457760D, cid=3284, SUCCESS, logIndex=5559, commits[0c156e3c-57cc-425b-90ef-9bcaa62a7535:c5560]
2019-06-14 13:46:05,448 INFO  client.GrpcClientProtocolClient (GrpcClientProtocolClient.java:onNext(254)) - client-E0FA40453D59->0c156e3c-57cc-425b-90ef-9bcaa62a7535: receive RaftClientReply:client-E0FA40453D59->0c156e3c-57cc-425b-90ef-9bcaa62a7535@group-7704A457760D, cid=3285, SUCCESS, logIndex=5561, commits[0c156e3c-57cc-425b-90ef-9bcaa62a7535:c5561]
2019-06-14 13:46:05,450 INFO  client.GrpcClientProtocolClient (GrpcClientProtocolClient.java:onNext(254)) - client-E0FA40453D59->0c156e3c-57cc-425b-90ef-9bcaa62a7535: receive RaftClientReply:client-E0FA40453D59->0c156e3c-57cc-425b-90ef-9bcaa62a7535@group-7704A457760D, cid=3286, SUCCESS, logIndex=5563, commits[0c156e3c-57cc-425b-90ef-9bcaa62a7535:c5563]
2019-06-14 13:46:05,451 INFO  client.GrpcClientProtocolClient (GrpcClientProtocolClient.java:onNext(254)) - client-E0FA40453D59->0c156e3c-57cc-425b-90ef-9bcaa62a7535: receive RaftClientReply:client-E0FA40453D59->0c156e3c-57cc-425b-90ef-9bcaa62a7535@group-7704A457760D, cid=3287, SUCCESS, logIndex=5564, commits[0c156e3c-57cc-425b-90ef-9bcaa62a7535:c5566]
2019-06-14 13:46:05,451 INFO  client.GrpcClientProtocolClient (GrpcClientProtocolClient.java:onNext(254)) - client-E0FA40453D59->0c156e3c-57cc-425b-90ef-9bcaa62a7535: receive RaftClientReply:client-E0FA40453D59->0c156e3c-57cc-425b-90ef-9bcaa62a7535@group-7704A457760D, cid=3288, SUCCESS, logIndex=5566, commits[0c156e3c-57cc-425b-90ef-9bcaa62a7535:c5566]
2019-06-14 13:46:05,460 INFO  client.GrpcClientProtocolClient (GrpcClientProtocolClient.java:onNext(254)) - client-E0FA40453D59->0c156e3c-57cc-425b-90ef-9bcaa62a7535: receive RaftClientReply:client-E0FA40453D59->0c156e3c-57cc-425b-90ef-9bcaa62a7535@group-7704A457760D, cid=3289, SUCCESS, logIndex=5568, commits[0c156e3c-57cc-425b-90ef-9bcaa62a7535:c5568]
2019-06-14 13:46:05,462 INFO  client.GrpcClientProtocolClient (GrpcClientProtocolClient.java:onNext(254)) - client-E0FA40453D59->0c156e3c-57cc-425b-90ef-9bcaa62a7535: receive RaftClientReply:client-E0FA40453D59->0c156e3c-57cc-425b-90ef-9bcaa62a7535@group-7704A457760D, cid=3290, SUCCESS, logIndex=5570, commits[0c156e3c-57cc-425b-90ef-9bcaa62a7535:c5570]
2019-06-14 13:46:05,463 INFO  client.GrpcClientProtocolClient (GrpcClientProtocolClient.java:onNext(254)) - client-E0FA40453D59->0c156e3c-57cc-425b-90ef-9bcaa62a7535: receive RaftClientReply:client-E0FA40453D59->0c156e3c-57cc-425b-90ef-9bcaa62a7535@group-7704A457760D, cid=3291, SUCCESS, logIndex=5571, commits[0c156e3c-57cc-425b-90ef-9bcaa62a7535:c5573]
2019-06-14 13:46:05,463 INFO  client.GrpcClientProtocolClient (GrpcClientProtocolClient.java:onNext(254)) - client-E0FA40453D59->0c156e3c-57cc-425b-90ef-9bcaa62a7535: receive RaftClientReply:client-E0FA40453D59->0c156e3c-57cc-425b-90ef-9bcaa62a7535@group-7704A457760D, cid=3292, SUCCESS, logIndex=5572, commits[0c156e3c-57cc-425b-90ef-9bcaa62a7535:c5573]
2019-06-14 13:46:05,469 INFO  client.GrpcClientProtocolClient (GrpcClientProtocolClient.java:onNext(254)) - client-E0FA40453D59->0c156e3c-57cc-425b-90ef-9bcaa62a7535: receive RaftClientReply:client-E0FA40453D59->0c156e3c-57cc-425b-90ef-9bcaa62a7535@group-7704A457760D, cid=3293, SUCCESS, logIndex=5575, commits[0c156e3c-57cc-425b-90ef-9bcaa62a7535:c5575]
2019-06-14 13:46:05,470 INFO  client.GrpcClientProtocolClient (GrpcClientProtocolClient.java:onNext(254)) - client-E0FA40453D59->0c156e3c-57cc-425b-90ef-9bcaa62a7535: receive RaftClientReply:client-E0FA40453D59->0c156e3c-57cc-425b-90ef-9bcaa62a7535@group-7704A457760D, cid=3294, SUCCESS, logIndex=5577, commits[0c156e3c-57cc-425b-90ef-9bcaa62a7535:c5577]
2019-06-14 13:46:05,471 INFO  client.GrpcClientProtocolClient (GrpcClientProtocolClient.java:onNext(254)) - client-E0FA40453D59->0c156e3c-57cc-425b-90ef-9bcaa62a7535: receive RaftClientReply:client-E0FA40453D59->0c156e3c-57cc-425b-90ef-9bcaa62a7535@group-7704A457760D, cid=3295, SUCCESS, logIndex=5578, commits[0c156e3c-57cc-425b-90ef-9bcaa62a7535:c5579]
2019-06-14 13:46:05,472 INFO  client.GrpcClientProtocolClient (GrpcClientProtocolClient.java:onNext(254)) - client-E0FA40453D59->0c156e3c-57cc-425b-90ef-9bcaa62a7535: receive RaftClientReply:client-E0FA40453D59->0c156e3c-57cc-425b-90ef-9bcaa62a7535@group-7704A457760D, cid=3296, SUCCESS, logIndex=5580, commits[0c156e3c-57cc-425b-90ef-9bcaa62a7535:c5580]
2019-06-14 13:46:05,483 INFO  client.GrpcClientProtocolClient (GrpcClientProtocolClient.java:onNext(254)) - client-E0FA40453D59->0c156e3c-57cc-425b-90ef-9bcaa62a7535: receive RaftClientReply:client-E0FA40453D59->0c156e3c-57cc-425b-90ef-9bcaa62a7535@group-7704A457760D, cid=3297, SUCCESS, logIndex=5582, commits[0c156e3c-57cc-425b-90ef-9bcaa62a7535:c5582]
2019-06-14 13:46:05,485 INFO  client.GrpcClientProtocolClient (GrpcClientProtocolClient.java:onNext(254)) - client-E0FA40453D59->0c156e3c-57cc-425b-90ef-9bcaa62a7535: receive RaftClientReply:client-E0FA40453D59->0c156e3c-57cc-425b-90ef-9bcaa62a7535@group-7704A457760D, cid=3298, SUCCESS, logIndex=5584, commits[0c156e3c-57cc-425b-90ef-9bcaa62a7535:c5584]
2019-06-14 13:46:05,486 INFO  client.GrpcClientProtocolClient (GrpcClientProtocolClient.java:onNext(254)) - client-E0FA40453D59->0c156e3c-57cc-425b-90ef-9bcaa62a7535: receive RaftClientReply:client-E0FA40453D59->0c156e3c-57cc-425b-90ef-9bcaa62a7535@group-7704A457760D, cid=3299, SUCCESS, logIndex=5585, commits[0c156e3c-57cc-425b-90ef-9bcaa62a7535:c5587]
2019-06-14 13:46:05,486 INFO  client.GrpcClientProtocolClient (GrpcClientProtocolClient.java:onNext(254)) - client-E0FA40453D59->0c156e3c-57cc-425b-90ef-9bcaa62a7535: receive RaftClientReply:client-E0FA40453D59->0c156e3c-57cc-425b-90ef-9bcaa62a7535@group-7704A457760D, cid=3300, SUCCESS, logIndex=5586, commits[0c156e3c-57cc-425b-90ef-9bcaa62a7535:c5587]
2019-06-14 13:46:05,494 INFO  client.GrpcClientProtocolClient (GrpcClientProtocolClient.java:onNext(254)) - client-E0FA40453D59->0c156e3c-57cc-425b-90ef-9bcaa62a7535: receive RaftClientReply:client-E0FA40453D59->0c156e3c-57cc-425b-90ef-9bcaa62a7535@group-7704A457760D, cid=3301, SUCCESS, logIndex=5588, commits[0c156e3c-57cc-425b-90ef-9bcaa62a7535:c5588]
2019-06-14 13:46:05,494 INFO  client.GrpcClientProtocolClient (GrpcClientProtocolClient.java:onNext(254)) - client-E0FA40453D59->0c156e3c-57cc-425b-90ef-9bcaa62a7535: receive RaftClientReply:client-E0FA40453D59->0c156e3c-57cc-425b-90ef-9bcaa62a7535@group-7704A457760D, cid=3302, SUCCESS, logIndex=5590, commits[0c156e3c-57cc-425b-90ef-9bcaa62a7535:c5590]
2019-06-14 13:46:05,494 INFO  client.GrpcClientProtocolClient (GrpcClientProtocolClient.java:onNext(254)) - client-E0FA40453D59->0c156e3c-57cc-425b-90ef-9bcaa62a7535: receive RaftClientReply:client-E0FA40453D59->0c156e3c-57cc-425b-90ef-9bcaa62a7535@group-7704A457760D, cid=3303, SUCCESS, logIndex=5591, commits[0c156e3c-57cc-425b-90ef-9bcaa62a7535:c5593]
2019-06-14 13:46:05,495 INFO  client.GrpcClientProtocolClient (GrpcClientProtocolClient.java:onNext(254)) - client-E0FA40453D59->0c156e3c-57cc-425b-90ef-9bcaa62a7535: receive RaftClientReply:client-E0FA40453D59->0c156e3c-57cc-425b-90ef-9bcaa62a7535@group-7704A457760D, cid=3304, SUCCESS, logIndex=5592, commits[0c156e3c-57cc-425b-90ef-9bcaa62a7535:c5593]
2019-06-14 13:46:05,506 INFO  client.GrpcClientProtocolClient (GrpcClientProtocolClient.java:onNext(254)) - client-E0FA40453D59->0c156e3c-57cc-425b-90ef-9bcaa62a7535: receive RaftClientReply:client-E0FA40453D59->0c156e3c-57cc-425b-90ef-9bcaa62a7535@group-7704A457760D, cid=3305, SUCCESS, logIndex=5594, commits[0c156e3c-57cc-425b-90ef-9bcaa62a7535:c5595]
2019-06-14 13:46:05,506 INFO  storage.RaftLogWorker (RaftLogWorker.java:rollLogSegment(303)) - 0c156e3c-57cc-425b-90ef-9bcaa62a7535-RaftLogWorker: Rolling segment log-5525_5596 to index:5596
2019-06-14 13:46:05,506 INFO  storage.RaftLogWorker (RaftLogWorker.java:execute(433)) - 0c156e3c-57cc-425b-90ef-9bcaa62a7535-RaftLogWorker: Rolled log segment from /opt/src/hadoop-ozone/integration-test/target/test-dir/MiniOzoneClusterImpl-8919240e-7e15-4dbf-8bf4-c210578586bb/datanode-0/data/ratis/1fc53845-3381-4beb-82f9-7704a457760d/current/log_inprogress_5525 to /opt/src/hadoop-ozone/integration-test/target/test-dir/MiniOzoneClusterImpl-8919240e-7e15-4dbf-8bf4-c210578586bb/datanode-0/data/ratis/1fc53845-3381-4beb-82f9-7704a457760d/current/log_5525-5596
2019-06-14 13:46:05,507 INFO  client.GrpcClientProtocolClient (GrpcClientProtocolClient.java:onNext(254)) - client-E0FA40453D59->0c156e3c-57cc-425b-90ef-9bcaa62a7535: receive RaftClientReply:client-E0FA40453D59->0c156e3c-57cc-425b-90ef-9bcaa62a7535@group-7704A457760D, cid=3306, SUCCESS, logIndex=5596, commits[0c156e3c-57cc-425b-90ef-9bcaa62a7535:c5596]
2019-06-14 13:46:05,534 DEBUG block.SCMBlockDeletingService (SCMBlockDeletingService.java:call(138)) - Running DeletedBlockTransactionScanner
2019-06-14 13:46:05,534 DEBUG block.SCMBlockDeletingService (SCMBlockDeletingService.java:call(155)) - Scanned deleted blocks log and got 0 delTX to process.
2019-06-14 13:46:05,542 INFO  storage.RaftLogWorker (RaftLogWorker.java:execute(469)) - 0c156e3c-57cc-425b-90ef-9bcaa62a7535-RaftLogWorker: created new log segment /opt/src/hadoop-ozone/integration-test/target/test-dir/MiniOzoneClusterImpl-8919240e-7e15-4dbf-8bf4-c210578586bb/datanode-0/data/ratis/1fc53845-3381-4beb-82f9-7704a457760d/current/log_inprogress_5597
2019-06-14 13:46:05,544 INFO  client.GrpcClientProtocolClient (GrpcClientProtocolClient.java:onNext(254)) - client-E0FA40453D59->0c156e3c-57cc-425b-90ef-9bcaa62a7535: receive RaftClientReply:client-E0FA40453D59->0c156e3c-57cc-425b-90ef-9bcaa62a7535@group-7704A457760D, cid=3307, SUCCESS, logIndex=5597, commits[0c156e3c-57cc-425b-90ef-9bcaa62a7535:c5599]
2019-06-14 13:46:05,544 INFO  client.GrpcClientProtocolClient (GrpcClientProtocolClient.java:onNext(254)) - client-E0FA40453D59->0c156e3c-57cc-425b-90ef-9bcaa62a7535: receive RaftClientReply:client-E0FA40453D59->0c156e3c-57cc-425b-90ef-9bcaa62a7535@group-7704A457760D, cid=3308, SUCCESS, logIndex=5599, commits[0c156e3c-57cc-425b-90ef-9bcaa62a7535:c5600]
2019-06-14 13:46:05,550 INFO  client.GrpcClientProtocolClient (GrpcClientProtocolClient.java:onNext(254)) - client-E0FA40453D59->0c156e3c-57cc-425b-90ef-9bcaa62a7535: receive RaftClientReply:client-E0FA40453D59->0c156e3c-57cc-425b-90ef-9bcaa62a7535@group-7704A457760D, cid=3309, SUCCESS, logIndex=5601, commits[0c156e3c-57cc-425b-90ef-9bcaa62a7535:c5601]
2019-06-14 13:46:05,551 INFO  client.GrpcClientProtocolClient (GrpcClientProtocolClient.java:onNext(254)) - client-E0FA40453D59->0c156e3c-57cc-425b-90ef-9bcaa62a7535: receive RaftClientReply:client-E0FA40453D59->0c156e3c-57cc-425b-90ef-9bcaa62a7535@group-7704A457760D, cid=3310, SUCCESS, logIndex=5603, commits[0c156e3c-57cc-425b-90ef-9bcaa62a7535:c5603]
2019-06-14 13:46:05,552 INFO  client.GrpcClientProtocolClient (GrpcClientProtocolClient.java:onNext(254)) - client-E0FA40453D59->0c156e3c-57cc-425b-90ef-9bcaa62a7535: receive RaftClientReply:client-E0FA40453D59->0c156e3c-57cc-425b-90ef-9bcaa62a7535@group-7704A457760D, cid=3311, SUCCESS, logIndex=5604, commits[0c156e3c-57cc-425b-90ef-9bcaa62a7535:c5606]
2019-06-14 13:46:05,552 INFO  client.GrpcClientProtocolClient (GrpcClientProtocolClient.java:onNext(254)) - client-E0FA40453D59->0c156e3c-57cc-425b-90ef-9bcaa62a7535: receive RaftClientReply:client-E0FA40453D59->0c156e3c-57cc-425b-90ef-9bcaa62a7535@group-7704A457760D, cid=3312, SUCCESS, logIndex=5605, commits[0c156e3c-57cc-425b-90ef-9bcaa62a7535:c5606]
2019-06-14 13:46:05,567 INFO  client.GrpcClientProtocolClient (GrpcClientProtocolClient.java:onNext(254)) - client-E0FA40453D59->0c156e3c-57cc-425b-90ef-9bcaa62a7535: receive RaftClientReply:client-E0FA40453D59->0c156e3c-57cc-425b-90ef-9bcaa62a7535@group-7704A457760D, cid=3313, SUCCESS, logIndex=5607, commits[0c156e3c-57cc-425b-90ef-9bcaa62a7535:c5607]
2019-06-14 13:46:05,567 INFO  client.GrpcClientProtocolClient (GrpcClientProtocolClient.java:onNext(254)) - client-E0FA40453D59->0c156e3c-57cc-425b-90ef-9bcaa62a7535: receive RaftClientReply:client-E0FA40453D59->0c156e3c-57cc-425b-90ef-9bcaa62a7535@group-7704A457760D, cid=3314, SUCCESS, logIndex=5609, commits[0c156e3c-57cc-425b-90ef-9bcaa62a7535:c5609]
2019-06-14 13:46:05,661 DEBUG block.SCMBlockDeletingService (SCMBlockDeletingService.java:call(138)) - Running DeletedBlockTransactionScanner
2019-06-14 13:46:05,662 DEBUG block.SCMBlockDeletingService (SCMBlockDeletingService.java:call(155)) - Scanned deleted blocks log and got 0 delTX to process.
2019-06-14 13:46:05,674 INFO  client.GrpcClientProtocolClient (GrpcClientProtocolClient.java:onNext(254)) - client-E0FA40453D59->0c156e3c-57cc-425b-90ef-9bcaa62a7535: receive RaftClientReply:client-E0FA40453D59->0c156e3c-57cc-425b-90ef-9bcaa62a7535@group-7704A457760D, cid=3315, SUCCESS, logIndex=5611, commits[0c156e3c-57cc-425b-90ef-9bcaa62a7535:c5611]
2019-06-14 13:46:05,675 INFO  client.GrpcClientProtocolClient (GrpcClientProtocolClient.java:onNext(254)) - client-E0FA40453D59->0c156e3c-57cc-425b-90ef-9bcaa62a7535: receive RaftClientReply:client-E0FA40453D59->0c156e3c-57cc-425b-90ef-9bcaa62a7535@group-7704A457760D, cid=3316, SUCCESS, logIndex=5613, commits[0c156e3c-57cc-425b-90ef-9bcaa62a7535:c5614]
2019-06-14 13:46:05,682 INFO  client.GrpcClientProtocolClient (GrpcClientProtocolClient.java:onNext(254)) - client-E0FA40453D59->0c156e3c-57cc-425b-90ef-9bcaa62a7535: receive RaftClientReply:client-E0FA40453D59->0c156e3c-57cc-425b-90ef-9bcaa62a7535@group-7704A457760D, cid=3317, SUCCESS, logIndex=5615, commits[0c156e3c-57cc-425b-90ef-9bcaa62a7535:c5615]
2019-06-14 13:46:05,686 INFO  client.GrpcClientProtocolClient (GrpcClientProtocolClient.java:onNext(254)) - client-E0FA40453D59->0c156e3c-57cc-425b-90ef-9bcaa62a7535: receive RaftClientReply:client-E0FA40453D59->0c156e3c-57cc-425b-90ef-9bcaa62a7535@group-7704A457760D, cid=3318, SUCCESS, logIndex=5617, commits[0c156e3c-57cc-425b-90ef-9bcaa62a7535:c5617]
2019-06-14 13:46:05,690 INFO  client.GrpcClientProtocolClient (GrpcClientProtocolClient.java:onNext(254)) - client-E0FA40453D59->0c156e3c-57cc-425b-90ef-9bcaa62a7535: receive RaftClientReply:client-E0FA40453D59->0c156e3c-57cc-425b-90ef-9bcaa62a7535@group-7704A457760D, cid=3319, SUCCESS, logIndex=5618, commits[0c156e3c-57cc-425b-90ef-9bcaa62a7535:c5620]
2019-06-14 13:46:05,694 INFO  client.GrpcClientProtocolClient (GrpcClientProtocolClient.java:onNext(254)) - client-E0FA40453D59->0c156e3c-57cc-425b-90ef-9bcaa62a7535: receive RaftClientReply:client-E0FA40453D59->0c156e3c-57cc-425b-90ef-9bcaa62a7535@group-7704A457760D, cid=3320, SUCCESS, logIndex=5619, commits[0c156e3c-57cc-425b-90ef-9bcaa62a7535:c5620]
2019-06-14 13:46:05,708 INFO  client.GrpcClientProtocolClient (GrpcClientProtocolClient.java:onNext(254)) - client-E0FA40453D59->0c156e3c-57cc-425b-90ef-9bcaa62a7535: receive RaftClientReply:client-E0FA40453D59->0c156e3c-57cc-425b-90ef-9bcaa62a7535@group-7704A457760D, cid=3321, SUCCESS, logIndex=5621, commits[0c156e3c-57cc-425b-90ef-9bcaa62a7535:c5621]
2019-06-14 13:46:05,710 INFO  client.GrpcClientProtocolClient (GrpcClientProtocolClient.java:onNext(254)) - client-E0FA40453D59->0c156e3c-57cc-425b-90ef-9bcaa62a7535: receive RaftClientReply:client-E0FA40453D59->0c156e3c-57cc-425b-90ef-9bcaa62a7535@group-7704A457760D, cid=3322, SUCCESS, logIndex=5623, commits[0c156e3c-57cc-425b-90ef-9bcaa62a7535:c5623]
2019-06-14 13:46:05,711 INFO  client.GrpcClientProtocolClient (GrpcClientProtocolClient.java:onNext(254)) - client-E0FA40453D59->0c156e3c-57cc-425b-90ef-9bcaa62a7535: receive RaftClientReply:client-E0FA40453D59->0c156e3c-57cc-425b-90ef-9bcaa62a7535@group-7704A457760D, cid=3323, SUCCESS, logIndex=5624, commits[0c156e3c-57cc-425b-90ef-9bcaa62a7535:c5626]
2019-06-14 13:46:05,711 INFO  client.GrpcClientProtocolClient (GrpcClientProtocolClient.java:onNext(254)) - client-E0FA40453D59->0c156e3c-57cc-425b-90ef-9bcaa62a7535: receive RaftClientReply:client-E0FA40453D59->0c156e3c-57cc-425b-90ef-9bcaa62a7535@group-7704A457760D, cid=3324, SUCCESS, logIndex=5625, commits[0c156e3c-57cc-425b-90ef-9bcaa62a7535:c5626]
2019-06-14 13:46:05,718 INFO  client.GrpcClientProtocolClient (GrpcClientProtocolClient.java:onNext(254)) - client-E0FA40453D59->0c156e3c-57cc-425b-90ef-9bcaa62a7535: receive RaftClientReply:client-E0FA40453D59->0c156e3c-57cc-425b-90ef-9bcaa62a7535@group-7704A457760D, cid=3325, SUCCESS, logIndex=5627, commits[0c156e3c-57cc-425b-90ef-9bcaa62a7535:c5627]
2019-06-14 13:46:05,720 INFO  client.GrpcClientProtocolClient (GrpcClientProtocolClient.java:onNext(254)) - client-E0FA40453D59->0c156e3c-57cc-425b-90ef-9bcaa62a7535: receive RaftClientReply:client-E0FA40453D59->0c156e3c-57cc-425b-90ef-9bcaa62a7535@group-7704A457760D, cid=3326, SUCCESS, logIndex=5629, commits[0c156e3c-57cc-425b-90ef-9bcaa62a7535:c5629]
2019-06-14 13:46:05,721 INFO  client.GrpcClientProtocolClient (GrpcClientProtocolClient.java:onNext(254)) - client-E0FA40453D59->0c156e3c-57cc-425b-90ef-9bcaa62a7535: receive RaftClientReply:client-E0FA40453D59->0c156e3c-57cc-425b-90ef-9bcaa62a7535@group-7704A457760D, cid=3327, SUCCESS, logIndex=5630, commits[0c156e3c-57cc-425b-90ef-9bcaa62a7535:c5633]
2019-06-14 13:46:05,721 INFO  client.GrpcClientProtocolClient (GrpcClientProtocolClient.java:onNext(254)) - client-E0FA40453D59->0c156e3c-57cc-425b-90ef-9bcaa62a7535: receive RaftClientReply:client-E0FA40453D59->0c156e3c-57cc-425b-90ef-9bcaa62a7535@group-7704A457760D, cid=3328, SUCCESS, logIndex=5632, commits[0c156e3c-57cc-425b-90ef-9bcaa62a7535:c5633]
2019-06-14 13:46:05,733 INFO  client.GrpcClientProtocolClient (GrpcClientProtocolClient.java:onNext(254)) - client-E0FA40453D59->0c156e3c-57cc-425b-90ef-9bcaa62a7535: receive RaftClientReply:client-E0FA40453D59->0c156e3c-57cc-425b-90ef-9bcaa62a7535@group-7704A457760D, cid=3329, SUCCESS, logIndex=5634, commits[0c156e3c-57cc-425b-90ef-9bcaa62a7535:c5634]
2019-06-14 13:46:05,737 INFO  client.GrpcClientProtocolClient (GrpcClientProtocolClient.java:onNext(254)) - client-E0FA40453D59->0c156e3c-57cc-425b-90ef-9bcaa62a7535: receive RaftClientReply:client-E0FA40453D59->0c156e3c-57cc-425b-90ef-9bcaa62a7535@group-7704A457760D, cid=3330, SUCCESS, logIndex=5636, commits[0c156e3c-57cc-425b-90ef-9bcaa62a7535:c5636]
2019-06-14 13:46:05,737 INFO  client.GrpcClientProtocolClient (GrpcClientProtocolClient.java:onNext(254)) - client-E0FA40453D59->0c156e3c-57cc-425b-90ef-9bcaa62a7535: receive RaftClientReply:client-E0FA40453D59->0c156e3c-57cc-425b-90ef-9bcaa62a7535@group-7704A457760D, cid=3331, SUCCESS, logIndex=5637, commits[0c156e3c-57cc-425b-90ef-9bcaa62a7535:c5638]
2019-06-14 13:46:05,738 INFO  client.GrpcClientProtocolClient (GrpcClientProtocolClient.java:onNext(254)) - client-E0FA40453D59->0c156e3c-57cc-425b-90ef-9bcaa62a7535: receive RaftClientReply:client-E0FA40453D59->0c156e3c-57cc-425b-90ef-9bcaa62a7535@group-7704A457760D, cid=3332, SUCCESS, logIndex=5639, commits[0c156e3c-57cc-425b-90ef-9bcaa62a7535:c5640]
2019-06-14 13:46:05,747 INFO  client.GrpcClientProtocolClient (GrpcClientProtocolClient.java:onNext(254)) - client-E0FA40453D59->0c156e3c-57cc-425b-90ef-9bcaa62a7535: receive RaftClientReply:client-E0FA40453D59->0c156e3c-57cc-425b-90ef-9bcaa62a7535@group-7704A457760D, cid=3333, SUCCESS, logIndex=5641, commits[0c156e3c-57cc-425b-90ef-9bcaa62a7535:c5641]
2019-06-14 13:46:05,752 INFO  client.GrpcClientProtocolClient (GrpcClientProtocolClient.java:onNext(254)) - client-E0FA40453D59->0c156e3c-57cc-425b-90ef-9bcaa62a7535: receive RaftClientReply:client-E0FA40453D59->0c156e3c-57cc-425b-90ef-9bcaa62a7535@group-7704A457760D, cid=3334, SUCCESS, logIndex=5643, commits[0c156e3c-57cc-425b-90ef-9bcaa62a7535:c5645]
2019-06-14 13:46:05,752 INFO  client.GrpcClientProtocolClient (GrpcClientProtocolClient.java:onNext(254)) - client-E0FA40453D59->0c156e3c-57cc-425b-90ef-9bcaa62a7535: receive RaftClientReply:client-E0FA40453D59->0c156e3c-57cc-425b-90ef-9bcaa62a7535@group-7704A457760D, cid=3335, SUCCESS, logIndex=5644, commits[0c156e3c-57cc-425b-90ef-9bcaa62a7535:c5645]
2019-06-14 13:46:05,755 INFO  client.GrpcClientProtocolClient (GrpcClientProtocolClient.java:onNext(254)) - client-E0FA40453D59->0c156e3c-57cc-425b-90ef-9bcaa62a7535: receive RaftClientReply:client-E0FA40453D59->0c156e3c-57cc-425b-90ef-9bcaa62a7535@group-7704A457760D, cid=3336, SUCCESS, logIndex=5645, commits[0c156e3c-57cc-425b-90ef-9bcaa62a7535:c5646]
2019-06-14 13:46:05,765 DEBUG block.SCMBlockDeletingService (SCMBlockDeletingService.java:call(138)) - Running DeletedBlockTransactionScanner
2019-06-14 13:46:05,765 DEBUG block.SCMBlockDeletingService (SCMBlockDeletingService.java:call(155)) - Scanned deleted blocks log and got 0 delTX to process.
2019-06-14 13:46:05,769 INFO  client.GrpcClientProtocolClient (GrpcClientProtocolClient.java:onNext(254)) - client-E0FA40453D59->0c156e3c-57cc-425b-90ef-9bcaa62a7535: receive RaftClientReply:client-E0FA40453D59->0c156e3c-57cc-425b-90ef-9bcaa62a7535@group-7704A457760D, cid=3337, SUCCESS, logIndex=5647, commits[0c156e3c-57cc-425b-90ef-9bcaa62a7535:c5647]
2019-06-14 13:46:05,771 INFO  client.GrpcClientProtocolClient (GrpcClientProtocolClient.java:onNext(254)) - client-E0FA40453D59->0c156e3c-57cc-425b-90ef-9bcaa62a7535: receive RaftClientReply:client-E0FA40453D59->0c156e3c-57cc-425b-90ef-9bcaa62a7535@group-7704A457760D, cid=3338, SUCCESS, logIndex=5649, commits[0c156e3c-57cc-425b-90ef-9bcaa62a7535:c5649]
2019-06-14 13:46:05,772 INFO  client.GrpcClientProtocolClient (GrpcClientProtocolClient.java:onNext(254)) - client-E0FA40453D59->0c156e3c-57cc-425b-90ef-9bcaa62a7535: receive RaftClientReply:client-E0FA40453D59->0c156e3c-57cc-425b-90ef-9bcaa62a7535@group-7704A457760D, cid=3339, SUCCESS, logIndex=5650, commits[0c156e3c-57cc-425b-90ef-9bcaa62a7535:c5651]
2019-06-14 13:46:05,772 INFO  client.GrpcClientProtocolClient (GrpcClientProtocolClient.java:onNext(254)) - client-E0FA40453D59->0c156e3c-57cc-425b-90ef-9bcaa62a7535: receive RaftClientReply:client-E0FA40453D59->0c156e3c-57cc-425b-90ef-9bcaa62a7535@group-7704A457760D, cid=3340, SUCCESS, logIndex=5651, commits[0c156e3c-57cc-425b-90ef-9bcaa62a7535:c5651]
2019-06-14 13:46:05,780 INFO  client.GrpcClientProtocolClient (GrpcClientProtocolClient.java:onNext(254)) - client-E0FA40453D59->0c156e3c-57cc-425b-90ef-9bcaa62a7535: receive RaftClientReply:client-E0FA40453D59->0c156e3c-57cc-425b-90ef-9bcaa62a7535@group-7704A457760D, cid=3341, SUCCESS, logIndex=5654, commits[0c156e3c-57cc-425b-90ef-9bcaa62a7535:c5655]
2019-06-14 13:46:05,781 INFO  client.GrpcClientProtocolClient (GrpcClientProtocolClient.java:onNext(254)) - client-E0FA40453D59->0c156e3c-57cc-425b-90ef-9bcaa62a7535: receive RaftClientReply:client-E0FA40453D59->0c156e3c-57cc-425b-90ef-9bcaa62a7535@group-7704A457760D, cid=3342, SUCCESS, logIndex=5656, commits[0c156e3c-57cc-425b-90ef-9bcaa62a7535:c5656]
2019-06-14 13:46:05,783 INFO  client.GrpcClientProtocolClient (GrpcClientProtocolClient.java:onNext(254)) - client-E0FA40453D59->0c156e3c-57cc-425b-90ef-9bcaa62a7535: receive RaftClientReply:client-E0FA40453D59->0c156e3c-57cc-425b-90ef-9bcaa62a7535@group-7704A457760D, cid=3343, SUCCESS, logIndex=5657, commits[0c156e3c-57cc-425b-90ef-9bcaa62a7535:c5659]
2019-06-14 13:46:05,783 INFO  client.GrpcClientProtocolClient (GrpcClientProtocolClient.java:onNext(254)) - client-E0FA40453D59->0c156e3c-57cc-425b-90ef-9bcaa62a7535: receive RaftClientReply:client-E0FA40453D59->0c156e3c-57cc-425b-90ef-9bcaa62a7535@group-7704A457760D, cid=3344, SUCCESS, logIndex=5658, commits[0c156e3c-57cc-425b-90ef-9bcaa62a7535:c5659]
2019-06-14 13:46:05,794 INFO  client.GrpcClientProtocolClient (GrpcClientProtocolClient.java:onNext(254)) - client-E0FA40453D59->0c156e3c-57cc-425b-90ef-9bcaa62a7535: receive RaftClientReply:client-E0FA40453D59->0c156e3c-57cc-425b-90ef-9bcaa62a7535@group-7704A457760D, cid=3345, SUCCESS, logIndex=5660, commits[0c156e3c-57cc-425b-90ef-9bcaa62a7535:c5660]
2019-06-14 13:46:05,795 INFO  client.GrpcClientProtocolClient (GrpcClientProtocolClient.java:onNext(254)) - client-E0FA40453D59->0c156e3c-57cc-425b-90ef-9bcaa62a7535: receive RaftClientReply:client-E0FA40453D59->0c156e3c-57cc-425b-90ef-9bcaa62a7535@group-7704A457760D, cid=3346, SUCCESS, logIndex=5662, commits[0c156e3c-57cc-425b-90ef-9bcaa62a7535:c5662]
2019-06-14 13:46:05,797 INFO  client.GrpcClientProtocolClient (GrpcClientProtocolClient.java:onNext(254)) - client-E0FA40453D59->0c156e3c-57cc-425b-90ef-9bcaa62a7535: receive RaftClientReply:client-E0FA40453D59->0c156e3c-57cc-425b-90ef-9bcaa62a7535@group-7704A457760D, cid=3347, SUCCESS, logIndex=5663, commits[0c156e3c-57cc-425b-90ef-9bcaa62a7535:c5665]
2019-06-14 13:46:05,797 INFO  client.GrpcClientProtocolClient (GrpcClientProtocolClient.java:onNext(254)) - client-E0FA40453D59->0c156e3c-57cc-425b-90ef-9bcaa62a7535: receive RaftClientReply:client-E0FA40453D59->0c156e3c-57cc-425b-90ef-9bcaa62a7535@group-7704A457760D, cid=3348, SUCCESS, logIndex=5664, commits[0c156e3c-57cc-425b-90ef-9bcaa62a7535:c5665]
2019-06-14 13:46:05,802 INFO  storage.RaftLogWorker (RaftLogWorker.java:rollLogSegment(303)) - 0c156e3c-57cc-425b-90ef-9bcaa62a7535-RaftLogWorker: Rolling segment log-5597_5667 to index:5667
2019-06-14 13:46:05,802 INFO  client.GrpcClientProtocolClient (GrpcClientProtocolClient.java:onNext(254)) - client-E0FA40453D59->0c156e3c-57cc-425b-90ef-9bcaa62a7535: receive RaftClientReply:client-E0FA40453D59->0c156e3c-57cc-425b-90ef-9bcaa62a7535@group-7704A457760D, cid=3349, SUCCESS, logIndex=5666, commits[0c156e3c-57cc-425b-90ef-9bcaa62a7535:c5666]
2019-06-14 13:46:05,803 INFO  storage.RaftLogWorker (RaftLogWorker.java:execute(433)) - 0c156e3c-57cc-425b-90ef-9bcaa62a7535-RaftLogWorker: Rolled log segment from /opt/src/hadoop-ozone/integration-test/target/test-dir/MiniOzoneClusterImpl-8919240e-7e15-4dbf-8bf4-c210578586bb/datanode-0/data/ratis/1fc53845-3381-4beb-82f9-7704a457760d/current/log_inprogress_5597 to /opt/src/hadoop-ozone/integration-test/target/test-dir/MiniOzoneClusterImpl-8919240e-7e15-4dbf-8bf4-c210578586bb/datanode-0/data/ratis/1fc53845-3381-4beb-82f9-7704a457760d/current/log_5597-5667
2019-06-14 13:46:05,840 INFO  storage.RaftLogWorker (RaftLogWorker.java:execute(469)) - 0c156e3c-57cc-425b-90ef-9bcaa62a7535-RaftLogWorker: created new log segment /opt/src/hadoop-ozone/integration-test/target/test-dir/MiniOzoneClusterImpl-8919240e-7e15-4dbf-8bf4-c210578586bb/datanode-0/data/ratis/1fc53845-3381-4beb-82f9-7704a457760d/current/log_inprogress_5668
2019-06-14 13:46:05,842 INFO  client.GrpcClientProtocolClient (GrpcClientProtocolClient.java:onNext(254)) - client-E0FA40453D59->0c156e3c-57cc-425b-90ef-9bcaa62a7535: receive RaftClientReply:client-E0FA40453D59->0c156e3c-57cc-425b-90ef-9bcaa62a7535@group-7704A457760D, cid=3350, SUCCESS, logIndex=5668, commits[0c156e3c-57cc-425b-90ef-9bcaa62a7535:c5670]
2019-06-14 13:46:05,846 INFO  client.GrpcClientProtocolClient (GrpcClientProtocolClient.java:onNext(254)) - client-E0FA40453D59->0c156e3c-57cc-425b-90ef-9bcaa62a7535: receive RaftClientReply:client-E0FA40453D59->0c156e3c-57cc-425b-90ef-9bcaa62a7535@group-7704A457760D, cid=3351, SUCCESS, logIndex=5669, commits[0c156e3c-57cc-425b-90ef-9bcaa62a7535:c5670]
2019-06-14 13:46:05,846 INFO  client.GrpcClientProtocolClient (GrpcClientProtocolClient.java:onNext(254)) - client-E0FA40453D59->0c156e3c-57cc-425b-90ef-9bcaa62a7535: receive RaftClientReply:client-E0FA40453D59->0c156e3c-57cc-425b-90ef-9bcaa62a7535@group-7704A457760D, cid=3352, SUCCESS, logIndex=5670, commits[0c156e3c-57cc-425b-90ef-9bcaa62a7535:c5671]
2019-06-14 13:46:05,859 INFO  client.GrpcClientProtocolClient (GrpcClientProtocolClient.java:onNext(254)) - client-E0FA40453D59->0c156e3c-57cc-425b-90ef-9bcaa62a7535: receive RaftClientReply:client-E0FA40453D59->0c156e3c-57cc-425b-90ef-9bcaa62a7535@group-7704A457760D, cid=3353, SUCCESS, logIndex=5672, commits[0c156e3c-57cc-425b-90ef-9bcaa62a7535:c5672]
2019-06-14 13:46:05,861 INFO  client.GrpcClientProtocolClient (GrpcClientProtocolClient.java:onNext(254)) - client-E0FA40453D59->0c156e3c-57cc-425b-90ef-9bcaa62a7535: receive RaftClientReply:client-E0FA40453D59->0c156e3c-57cc-425b-90ef-9bcaa62a7535@group-7704A457760D, cid=3354, SUCCESS, logIndex=5674, commits[0c156e3c-57cc-425b-90ef-9bcaa62a7535:c5674]
2019-06-14 13:46:05,862 INFO  client.GrpcClientProtocolClient (GrpcClientProtocolClient.java:onNext(254)) - client-E0FA40453D59->0c156e3c-57cc-425b-90ef-9bcaa62a7535: receive RaftClientReply:client-E0FA40453D59->0c156e3c-57cc-425b-90ef-9bcaa62a7535@group-7704A457760D, cid=3355, SUCCESS, logIndex=5675, commits[0c156e3c-57cc-425b-90ef-9bcaa62a7535:c5677]
2019-06-14 13:46:05,862 INFO  client.GrpcClientProtocolClient (GrpcClientProtocolClient.java:onNext(254)) - client-E0FA40453D59->0c156e3c-57cc-425b-90ef-9bcaa62a7535: receive RaftClientReply:client-E0FA40453D59->0c156e3c-57cc-425b-90ef-9bcaa62a7535@group-7704A457760D, cid=3356, SUCCESS, logIndex=5676, commits[0c156e3c-57cc-425b-90ef-9bcaa62a7535:c5677]
2019-06-14 13:46:05,865 DEBUG block.SCMBlockDeletingService (SCMBlockDeletingService.java:call(138)) - Running DeletedBlockTransactionScanner
2019-06-14 13:46:05,865 DEBUG block.SCMBlockDeletingService (SCMBlockDeletingService.java:call(155)) - Scanned deleted blocks log and got 0 delTX to process.
2019-06-14 13:46:05,878 INFO  client.GrpcClientProtocolClient (GrpcClientProtocolClient.java:onNext(254)) - client-E0FA40453D59->0c156e3c-57cc-425b-90ef-9bcaa62a7535: receive RaftClientReply:client-E0FA40453D59->0c156e3c-57cc-425b-90ef-9bcaa62a7535@group-7704A457760D, cid=3357, SUCCESS, logIndex=5678, commits[0c156e3c-57cc-425b-90ef-9bcaa62a7535:c5679]
2019-06-14 13:46:05,887 INFO  client.GrpcClientProtocolClient (GrpcClientProtocolClient.java:onNext(254)) - client-E0FA40453D59->0c156e3c-57cc-425b-90ef-9bcaa62a7535: receive RaftClientReply:client-E0FA40453D59->0c156e3c-57cc-425b-90ef-9bcaa62a7535@group-7704A457760D, cid=3358, SUCCESS, logIndex=5680, commits[0c156e3c-57cc-425b-90ef-9bcaa62a7535:c5681]
2019-06-14 13:46:05,963 INFO  client.GrpcClientProtocolClient (GrpcClientProtocolClient.java:onNext(254)) - client-E0FA40453D59->0c156e3c-57cc-425b-90ef-9bcaa62a7535: receive RaftClientReply:client-E0FA40453D59->0c156e3c-57cc-425b-90ef-9bcaa62a7535@group-7704A457760D, cid=3359, SUCCESS, logIndex=5682, commits[0c156e3c-57cc-425b-90ef-9bcaa62a7535:c5682]
2019-06-14 13:46:05,965 INFO  client.GrpcClientProtocolClient (GrpcClientProtocolClient.java:onNext(254)) - client-E0FA40453D59->0c156e3c-57cc-425b-90ef-9bcaa62a7535: receive RaftClientReply:client-E0FA40453D59->0c156e3c-57cc-425b-90ef-9bcaa62a7535@group-7704A457760D, cid=3360, SUCCESS, logIndex=5684, commits[0c156e3c-57cc-425b-90ef-9bcaa62a7535:c5684]
2019-06-14 13:46:05,965 DEBUG block.SCMBlockDeletingService (SCMBlockDeletingService.java:call(138)) - Running DeletedBlockTransactionScanner
2019-06-14 13:46:05,966 DEBUG block.SCMBlockDeletingService (SCMBlockDeletingService.java:call(155)) - Scanned deleted blocks log and got 0 delTX to process.
2019-06-14 13:46:05,974 INFO  client.GrpcClientProtocolClient (GrpcClientProtocolClient.java:onNext(254)) - client-E0FA40453D59->0c156e3c-57cc-425b-90ef-9bcaa62a7535: receive RaftClientReply:client-E0FA40453D59->0c156e3c-57cc-425b-90ef-9bcaa62a7535@group-7704A457760D, cid=3361, SUCCESS, logIndex=5686, commits[0c156e3c-57cc-425b-90ef-9bcaa62a7535:c5686]
2019-06-14 13:46:05,976 INFO  client.GrpcClientProtocolClient (GrpcClientProtocolClient.java:onNext(254)) - client-E0FA40453D59->0c156e3c-57cc-425b-90ef-9bcaa62a7535: receive RaftClientReply:client-E0FA40453D59->0c156e3c-57cc-425b-90ef-9bcaa62a7535@group-7704A457760D, cid=3362, SUCCESS, logIndex=5688, commits[0c156e3c-57cc-425b-90ef-9bcaa62a7535:c5688]
2019-06-14 13:46:05,976 INFO  client.GrpcClientProtocolClient (GrpcClientProtocolClient.java:onNext(254)) - client-E0FA40453D59->0c156e3c-57cc-425b-90ef-9bcaa62a7535: receive RaftClientReply:client-E0FA40453D59->0c156e3c-57cc-425b-90ef-9bcaa62a7535@group-7704A457760D, cid=3363, SUCCESS, logIndex=5689, commits[0c156e3c-57cc-425b-90ef-9bcaa62a7535:c5691]
2019-06-14 13:46:05,977 INFO  client.GrpcClientProtocolClient (GrpcClientProtocolClient.java:onNext(254)) - client-E0FA40453D59->0c156e3c-57cc-425b-90ef-9bcaa62a7535: receive RaftClientReply:client-E0FA40453D59->0c156e3c-57cc-425b-90ef-9bcaa62a7535@group-7704A457760D, cid=3364, SUCCESS, logIndex=5690, commits[0c156e3c-57cc-425b-90ef-9bcaa62a7535:c5691]
2019-06-14 13:46:05,981 INFO  client.GrpcClientProtocolClient (GrpcClientProtocolClient.java:onNext(254)) - client-E0FA40453D59->0c156e3c-57cc-425b-90ef-9bcaa62a7535: receive RaftClientReply:client-E0FA40453D59->0c156e3c-57cc-425b-90ef-9bcaa62a7535@group-7704A457760D, cid=3365, SUCCESS, logIndex=5692, commits[0c156e3c-57cc-425b-90ef-9bcaa62a7535:c5692]
2019-06-14 13:46:05,984 INFO  client.GrpcClientProtocolClient (GrpcClientProtocolClient.java:onNext(254)) - client-E0FA40453D59->0c156e3c-57cc-425b-90ef-9bcaa62a7535: receive RaftClientReply:client-E0FA40453D59->0c156e3c-57cc-425b-90ef-9bcaa62a7535@group-7704A457760D, cid=3366, SUCCESS, logIndex=5694, commits[0c156e3c-57cc-425b-90ef-9bcaa62a7535:c5697]
2019-06-14 13:46:05,984 INFO  client.GrpcClientProtocolClient (GrpcClientProtocolClient.java:onNext(254)) - client-E0FA40453D59->0c156e3c-57cc-425b-90ef-9bcaa62a7535: receive RaftClientReply:client-E0FA40453D59->0c156e3c-57cc-425b-90ef-9bcaa62a7535@group-7704A457760D, cid=3367, SUCCESS, logIndex=5695, commits[0c156e3c-57cc-425b-90ef-9bcaa62a7535:c5697]
2019-06-14 13:46:05,985 INFO  client.GrpcClientProtocolClient (GrpcClientProtocolClient.java:onNext(254)) - client-E0FA40453D59->0c156e3c-57cc-425b-90ef-9bcaa62a7535: receive RaftClientReply:client-E0FA40453D59->0c156e3c-57cc-425b-90ef-9bcaa62a7535@group-7704A457760D, cid=3368, SUCCESS, logIndex=5696, commits[0c156e3c-57cc-425b-90ef-9bcaa62a7535:c5697]
2019-06-14 13:46:05,994 INFO  client.GrpcClientProtocolClient (GrpcClientProtocolClient.java:onNext(254)) - client-E0FA40453D59->0c156e3c-57cc-425b-90ef-9bcaa62a7535: receive RaftClientReply:client-E0FA40453D59->0c156e3c-57cc-425b-90ef-9bcaa62a7535@group-7704A457760D, cid=3369, SUCCESS, logIndex=5698, commits[0c156e3c-57cc-425b-90ef-9bcaa62a7535:c5698]
2019-06-14 13:46:05,995 INFO  client.GrpcClientProtocolClient (GrpcClientProtocolClient.java:onNext(254)) - client-E0FA40453D59->0c156e3c-57cc-425b-90ef-9bcaa62a7535: receive RaftClientReply:client-E0FA40453D59->0c156e3c-57cc-425b-90ef-9bcaa62a7535@group-7704A457760D, cid=3370, SUCCESS, logIndex=5700, commits[0c156e3c-57cc-425b-90ef-9bcaa62a7535:c5700]
2019-06-14 13:46:05,996 INFO  client.GrpcClientProtocolClient (GrpcClientProtocolClient.java:onNext(254)) - client-E0FA40453D59->0c156e3c-57cc-425b-90ef-9bcaa62a7535: receive RaftClientReply:client-E0FA40453D59->0c156e3c-57cc-425b-90ef-9bcaa62a7535@group-7704A457760D, cid=3371, SUCCESS, logIndex=5701, commits[0c156e3c-57cc-425b-90ef-9bcaa62a7535:c5703]
2019-06-14 13:46:05,997 INFO  client.GrpcClientProtocolClient (GrpcClientProtocolClient.java:onNext(254)) - client-E0FA40453D59->0c156e3c-57cc-425b-90ef-9bcaa62a7535: receive RaftClientReply:client-E0FA40453D59->0c156e3c-57cc-425b-90ef-9bcaa62a7535@group-7704A457760D, cid=3372, SUCCESS, logIndex=5702, commits[0c156e3c-57cc-425b-90ef-9bcaa62a7535:c5703]
2019-06-14 13:46:06,002 INFO  client.GrpcClientProtocolClient (GrpcClientProtocolClient.java:onNext(254)) - client-E0FA40453D59->0c156e3c-57cc-425b-90ef-9bcaa62a7535: receive RaftClientReply:client-E0FA40453D59->0c156e3c-57cc-425b-90ef-9bcaa62a7535@group-7704A457760D, cid=3373, SUCCESS, logIndex=5704, commits[0c156e3c-57cc-425b-90ef-9bcaa62a7535:c5704]
2019-06-14 13:46:06,004 INFO  client.GrpcClientProtocolClient (GrpcClientProtocolClient.java:onNext(254)) - client-E0FA40453D59->0c156e3c-57cc-425b-90ef-9bcaa62a7535: receive RaftClientReply:client-E0FA40453D59->0c156e3c-57cc-425b-90ef-9bcaa62a7535@group-7704A457760D, cid=3374, SUCCESS, logIndex=5706, commits[0c156e3c-57cc-425b-90ef-9bcaa62a7535:c5706]
2019-06-14 13:46:06,004 INFO  client.GrpcClientProtocolClient (GrpcClientProtocolClient.java:onNext(254)) - client-E0FA40453D59->0c156e3c-57cc-425b-90ef-9bcaa62a7535: receive RaftClientReply:client-E0FA40453D59->0c156e3c-57cc-425b-90ef-9bcaa62a7535@group-7704A457760D, cid=3375, SUCCESS, logIndex=5707, commits[0c156e3c-57cc-425b-90ef-9bcaa62a7535:c5708]
2019-06-14 13:46:06,005 INFO  client.GrpcClientProtocolClient (GrpcClientProtocolClient.java:onNext(254)) - client-E0FA40453D59->0c156e3c-57cc-425b-90ef-9bcaa62a7535: receive RaftClientReply:client-E0FA40453D59->0c156e3c-57cc-425b-90ef-9bcaa62a7535@group-7704A457760D, cid=3376, SUCCESS, logIndex=5708, commits[0c156e3c-57cc-425b-90ef-9bcaa62a7535:c5708]
2019-06-14 13:46:06,014 INFO  client.GrpcClientProtocolClient (GrpcClientProtocolClient.java:onNext(254)) - client-E0FA40453D59->0c156e3c-57cc-425b-90ef-9bcaa62a7535: receive RaftClientReply:client-E0FA40453D59->0c156e3c-57cc-425b-90ef-9bcaa62a7535@group-7704A457760D, cid=3377, SUCCESS, logIndex=5711, commits[0c156e3c-57cc-425b-90ef-9bcaa62a7535:c5711]
2019-06-14 13:46:06,015 INFO  client.GrpcClientProtocolClient (GrpcClientProtocolClient.java:onNext(254)) - client-E0FA40453D59->0c156e3c-57cc-425b-90ef-9bcaa62a7535: receive RaftClientReply:client-E0FA40453D59->0c156e3c-57cc-425b-90ef-9bcaa62a7535@group-7704A457760D, cid=3378, SUCCESS, logIndex=5713, commits[0c156e3c-57cc-425b-90ef-9bcaa62a7535:c5713]
2019-06-14 13:46:06,016 INFO  client.GrpcClientProtocolClient (GrpcClientProtocolClient.java:onNext(254)) - client-E0FA40453D59->0c156e3c-57cc-425b-90ef-9bcaa62a7535: receive RaftClientReply:client-E0FA40453D59->0c156e3c-57cc-425b-90ef-9bcaa62a7535@group-7704A457760D, cid=3379, SUCCESS, logIndex=5714, commits[0c156e3c-57cc-425b-90ef-9bcaa62a7535:c5716]
2019-06-14 13:46:06,054 INFO  client.GrpcClientProtocolClient (GrpcClientProtocolClient.java:onNext(254)) - client-E0FA40453D59->0c156e3c-57cc-425b-90ef-9bcaa62a7535: receive RaftClientReply:client-E0FA40453D59->0c156e3c-57cc-425b-90ef-9bcaa62a7535@group-7704A457760D, cid=3380, SUCCESS, logIndex=5715, commits[0c156e3c-57cc-425b-90ef-9bcaa62a7535:c5716]
2019-06-14 13:46:06,059 INFO  client.GrpcClientProtocolClient (GrpcClientProtocolClient.java:onNext(254)) - client-E0FA40453D59->0c156e3c-57cc-425b-90ef-9bcaa62a7535: receive RaftClientReply:client-E0FA40453D59->0c156e3c-57cc-425b-90ef-9bcaa62a7535@group-7704A457760D, cid=3381, SUCCESS, logIndex=5717, commits[0c156e3c-57cc-425b-90ef-9bcaa62a7535:c5717]
2019-06-14 13:46:06,060 INFO  client.GrpcClientProtocolClient (GrpcClientProtocolClient.java:onNext(254)) - client-E0FA40453D59->0c156e3c-57cc-425b-90ef-9bcaa62a7535: receive RaftClientReply:client-E0FA40453D59->0c156e3c-57cc-425b-90ef-9bcaa62a7535@group-7704A457760D, cid=3382, SUCCESS, logIndex=5719, commits[0c156e3c-57cc-425b-90ef-9bcaa62a7535:c5719]
2019-06-14 13:46:06,062 INFO  client.GrpcClientProtocolClient (GrpcClientProtocolClient.java:onNext(254)) - client-E0FA40453D59->0c156e3c-57cc-425b-90ef-9bcaa62a7535: receive RaftClientReply:client-E0FA40453D59->0c156e3c-57cc-425b-90ef-9bcaa62a7535@group-7704A457760D, cid=3383, SUCCESS, logIndex=5720, commits[0c156e3c-57cc-425b-90ef-9bcaa62a7535:c5722]
2019-06-14 13:46:06,062 INFO  client.GrpcClientProtocolClient (GrpcClientProtocolClient.java:onNext(254)) - client-E0FA40453D59->0c156e3c-57cc-425b-90ef-9bcaa62a7535: receive RaftClientReply:client-E0FA40453D59->0c156e3c-57cc-425b-90ef-9bcaa62a7535@group-7704A457760D, cid=3384, SUCCESS, logIndex=5721, commits[0c156e3c-57cc-425b-90ef-9bcaa62a7535:c5722]
2019-06-14 13:46:06,066 DEBUG block.SCMBlockDeletingService (SCMBlockDeletingService.java:call(138)) - Running DeletedBlockTransactionScanner
2019-06-14 13:46:06,066 DEBUG block.SCMBlockDeletingService (SCMBlockDeletingService.java:call(155)) - Scanned deleted blocks log and got 0 delTX to process.
2019-06-14 13:46:06,072 INFO  client.GrpcClientProtocolClient (GrpcClientProtocolClient.java:onNext(254)) - client-E0FA40453D59->0c156e3c-57cc-425b-90ef-9bcaa62a7535: receive RaftClientReply:client-E0FA40453D59->0c156e3c-57cc-425b-90ef-9bcaa62a7535@group-7704A457760D, cid=3385, SUCCESS, logIndex=5723, commits[0c156e3c-57cc-425b-90ef-9bcaa62a7535:c5723]
2019-06-14 13:46:06,073 INFO  client.GrpcClientProtocolClient (GrpcClientProtocolClient.java:onNext(254)) - client-E0FA40453D59->0c156e3c-57cc-425b-90ef-9bcaa62a7535: receive RaftClientReply:client-E0FA40453D59->0c156e3c-57cc-425b-90ef-9bcaa62a7535@group-7704A457760D, cid=3386, SUCCESS, logIndex=5725, commits[0c156e3c-57cc-425b-90ef-9bcaa62a7535:c5725]
2019-06-14 13:46:06,075 INFO  client.GrpcClientProtocolClient (GrpcClientProtocolClient.java:onNext(254)) - client-E0FA40453D59->0c156e3c-57cc-425b-90ef-9bcaa62a7535: receive RaftClientReply:client-E0FA40453D59->0c156e3c-57cc-425b-90ef-9bcaa62a7535@group-7704A457760D, cid=3387, SUCCESS, logIndex=5726, commits[0c156e3c-57cc-425b-90ef-9bcaa62a7535:c5728]
2019-06-14 13:46:06,075 INFO  client.GrpcClientProtocolClient (GrpcClientProtocolClient.java:onNext(254)) - client-E0FA40453D59->0c156e3c-57cc-425b-90ef-9bcaa62a7535: receive RaftClientReply:client-E0FA40453D59->0c156e3c-57cc-425b-90ef-9bcaa62a7535@group-7704A457760D, cid=3388, SUCCESS, logIndex=5727, commits[0c156e3c-57cc-425b-90ef-9bcaa62a7535:c5728]
2019-06-14 13:46:06,083 INFO  client.GrpcClientProtocolClient (GrpcClientProtocolClient.java:onNext(254)) - client-E0FA40453D59->0c156e3c-57cc-425b-90ef-9bcaa62a7535: receive RaftClientReply:client-E0FA40453D59->0c156e3c-57cc-425b-90ef-9bcaa62a7535@group-7704A457760D, cid=3389, SUCCESS, logIndex=5729, commits[0c156e3c-57cc-425b-90ef-9bcaa62a7535:c5729]
2019-06-14 13:46:06,084 INFO  client.GrpcClientProtocolClient (GrpcClientProtocolClient.java:onNext(254)) - client-E0FA40453D59->0c156e3c-57cc-425b-90ef-9bcaa62a7535: receive RaftClientReply:client-E0FA40453D59->0c156e3c-57cc-425b-90ef-9bcaa62a7535@group-7704A457760D, cid=3390, SUCCESS, logIndex=5731, commits[0c156e3c-57cc-425b-90ef-9bcaa62a7535:c5731]
2019-06-14 13:46:06,085 INFO  client.GrpcClientProtocolClient (GrpcClientProtocolClient.java:onNext(254)) - client-E0FA40453D59->0c156e3c-57cc-425b-90ef-9bcaa62a7535: receive RaftClientReply:client-E0FA40453D59->0c156e3c-57cc-425b-90ef-9bcaa62a7535@group-7704A457760D, cid=3391, SUCCESS, logIndex=5732, commits[0c156e3c-57cc-425b-90ef-9bcaa62a7535:c5734]
2019-06-14 13:46:06,086 INFO  client.GrpcClientProtocolClient (GrpcClientProtocolClient.java:onNext(254)) - client-E0FA40453D59->0c156e3c-57cc-425b-90ef-9bcaa62a7535: receive RaftClientReply:client-E0FA40453D59->0c156e3c-57cc-425b-90ef-9bcaa62a7535@group-7704A457760D, cid=3392, SUCCESS, logIndex=5733, commits[0c156e3c-57cc-425b-90ef-9bcaa62a7535:c5734]
2019-06-14 13:46:06,094 INFO  storage.RaftLogWorker (RaftLogWorker.java:rollLogSegment(303)) - 0c156e3c-57cc-425b-90ef-9bcaa62a7535-RaftLogWorker: Rolling segment log-5668_5734 to index:5734
2019-06-14 13:46:06,094 INFO  storage.RaftLogWorker (RaftLogWorker.java:execute(433)) - 0c156e3c-57cc-425b-90ef-9bcaa62a7535-RaftLogWorker: Rolled log segment from /opt/src/hadoop-ozone/integration-test/target/test-dir/MiniOzoneClusterImpl-8919240e-7e15-4dbf-8bf4-c210578586bb/datanode-0/data/ratis/1fc53845-3381-4beb-82f9-7704a457760d/current/log_inprogress_5668 to /opt/src/hadoop-ozone/integration-test/target/test-dir/MiniOzoneClusterImpl-8919240e-7e15-4dbf-8bf4-c210578586bb/datanode-0/data/ratis/1fc53845-3381-4beb-82f9-7704a457760d/current/log_5668-5734
2019-06-14 13:46:06,130 INFO  storage.RaftLogWorker (RaftLogWorker.java:execute(469)) - 0c156e3c-57cc-425b-90ef-9bcaa62a7535-RaftLogWorker: created new log segment /opt/src/hadoop-ozone/integration-test/target/test-dir/MiniOzoneClusterImpl-8919240e-7e15-4dbf-8bf4-c210578586bb/datanode-0/data/ratis/1fc53845-3381-4beb-82f9-7704a457760d/current/log_inprogress_5735
2019-06-14 13:46:06,131 INFO  client.GrpcClientProtocolClient (GrpcClientProtocolClient.java:onNext(254)) - client-E0FA40453D59->0c156e3c-57cc-425b-90ef-9bcaa62a7535: receive RaftClientReply:client-E0FA40453D59->0c156e3c-57cc-425b-90ef-9bcaa62a7535@group-7704A457760D, cid=3393, SUCCESS, logIndex=5735, commits[0c156e3c-57cc-425b-90ef-9bcaa62a7535:c5735]
2019-06-14 13:46:06,132 INFO  client.GrpcClientProtocolClient (GrpcClientProtocolClient.java:onNext(254)) - client-E0FA40453D59->0c156e3c-57cc-425b-90ef-9bcaa62a7535: receive RaftClientReply:client-E0FA40453D59->0c156e3c-57cc-425b-90ef-9bcaa62a7535@group-7704A457760D, cid=3394, SUCCESS, logIndex=5737, commits[0c156e3c-57cc-425b-90ef-9bcaa62a7535:c5737]
2019-06-14 13:46:06,134 INFO  client.GrpcClientProtocolClient (GrpcClientProtocolClient.java:onNext(254)) - client-E0FA40453D59->0c156e3c-57cc-425b-90ef-9bcaa62a7535: receive RaftClientReply:client-E0FA40453D59->0c156e3c-57cc-425b-90ef-9bcaa62a7535@group-7704A457760D, cid=3395, SUCCESS, logIndex=5738, commits[0c156e3c-57cc-425b-90ef-9bcaa62a7535:c5740]
2019-06-14 13:46:06,134 INFO  client.GrpcClientProtocolClient (GrpcClientProtocolClient.java:onNext(254)) - client-E0FA40453D59->0c156e3c-57cc-425b-90ef-9bcaa62a7535: receive RaftClientReply:client-E0FA40453D59->0c156e3c-57cc-425b-90ef-9bcaa62a7535@group-7704A457760D, cid=3396, SUCCESS, logIndex=5739, commits[0c156e3c-57cc-425b-90ef-9bcaa62a7535:c5740]
2019-06-14 13:46:06,139 INFO  client.GrpcClientProtocolClient (GrpcClientProtocolClient.java:onNext(254)) - client-E0FA40453D59->0c156e3c-57cc-425b-90ef-9bcaa62a7535: receive RaftClientReply:client-E0FA40453D59->0c156e3c-57cc-425b-90ef-9bcaa62a7535@group-7704A457760D, cid=3397, SUCCESS, logIndex=5741, commits[0c156e3c-57cc-425b-90ef-9bcaa62a7535:c5741]
2019-06-14 13:46:06,140 INFO  client.GrpcClientProtocolClient (GrpcClientProtocolClient.java:onNext(254)) - client-E0FA40453D59->0c156e3c-57cc-425b-90ef-9bcaa62a7535: receive RaftClientReply:client-E0FA40453D59->0c156e3c-57cc-425b-90ef-9bcaa62a7535@group-7704A457760D, cid=3398, SUCCESS, logIndex=5743, commits[0c156e3c-57cc-425b-90ef-9bcaa62a7535:c5743]
2019-06-14 13:46:06,141 INFO  client.GrpcClientProtocolClient (GrpcClientProtocolClient.java:onNext(254)) - client-E0FA40453D59->0c156e3c-57cc-425b-90ef-9bcaa62a7535: receive RaftClientReply:client-E0FA40453D59->0c156e3c-57cc-425b-90ef-9bcaa62a7535@group-7704A457760D, cid=3399, SUCCESS, logIndex=5744, commits[0c156e3c-57cc-425b-90ef-9bcaa62a7535:c5746]
2019-06-14 13:46:06,141 INFO  client.GrpcClientProtocolClient (GrpcClientProtocolClient.java:onNext(254)) - client-E0FA40453D59->0c156e3c-57cc-425b-90ef-9bcaa62a7535: receive RaftClientReply:client-E0FA40453D59->0c156e3c-57cc-425b-90ef-9bcaa62a7535@group-7704A457760D, cid=3400, SUCCESS, logIndex=5745, commits[0c156e3c-57cc-425b-90ef-9bcaa62a7535:c5746]
2019-06-14 13:46:06,151 INFO  client.GrpcClientProtocolClient (GrpcClientProtocolClient.java:onNext(254)) - client-E0FA40453D59->0c156e3c-57cc-425b-90ef-9bcaa62a7535: receive RaftClientReply:client-E0FA40453D59->0c156e3c-57cc-425b-90ef-9bcaa62a7535@group-7704A457760D, cid=3401, SUCCESS, logIndex=5747, commits[0c156e3c-57cc-425b-90ef-9bcaa62a7535:c5747]
2019-06-14 13:46:06,152 INFO  client.GrpcClientProtocolClient (GrpcClientProtocolClient.java:onNext(254)) - client-E0FA40453D59->0c156e3c-57cc-425b-90ef-9bcaa62a7535: receive RaftClientReply:client-E0FA40453D59->0c156e3c-57cc-425b-90ef-9bcaa62a7535@group-7704A457760D, cid=3402, SUCCESS, logIndex=5749, commits[0c156e3c-57cc-425b-90ef-9bcaa62a7535:c5749]
2019-06-14 13:46:06,166 DEBUG block.SCMBlockDeletingService (SCMBlockDeletingService.java:call(138)) - Running DeletedBlockTransactionScanner
2019-06-14 13:46:06,166 DEBUG block.SCMBlockDeletingService (SCMBlockDeletingService.java:call(155)) - Scanned deleted blocks log and got 0 delTX to process.
2019-06-14 13:46:06,218 INFO  client.GrpcClientProtocolClient (GrpcClientProtocolClient.java:onNext(254)) - client-E0FA40453D59->0c156e3c-57cc-425b-90ef-9bcaa62a7535: receive RaftClientReply:client-E0FA40453D59->0c156e3c-57cc-425b-90ef-9bcaa62a7535@group-7704A457760D, cid=3403, SUCCESS, logIndex=5751, commits[0c156e3c-57cc-425b-90ef-9bcaa62a7535:c5751]
2019-06-14 13:46:06,219 INFO  client.GrpcClientProtocolClient (GrpcClientProtocolClient.java:onNext(254)) - client-E0FA40453D59->0c156e3c-57cc-425b-90ef-9bcaa62a7535: receive RaftClientReply:client-E0FA40453D59->0c156e3c-57cc-425b-90ef-9bcaa62a7535@group-7704A457760D, cid=3404, SUCCESS, logIndex=5753, commits[0c156e3c-57cc-425b-90ef-9bcaa62a7535:c5753]
2019-06-14 13:46:06,224 INFO  client.GrpcClientProtocolClient (GrpcClientProtocolClient.java:onNext(254)) - client-E0FA40453D59->0c156e3c-57cc-425b-90ef-9bcaa62a7535: receive RaftClientReply:client-E0FA40453D59->0c156e3c-57cc-425b-90ef-9bcaa62a7535@group-7704A457760D, cid=3405, SUCCESS, logIndex=5755, commits[0c156e3c-57cc-425b-90ef-9bcaa62a7535:c5755]
2019-06-14 13:46:06,225 INFO  client.GrpcClientProtocolClient (GrpcClientProtocolClient.java:onNext(254)) - client-E0FA40453D59->0c156e3c-57cc-425b-90ef-9bcaa62a7535: receive RaftClientReply:client-E0FA40453D59->0c156e3c-57cc-425b-90ef-9bcaa62a7535@group-7704A457760D, cid=3406, SUCCESS, logIndex=5757, commits[0c156e3c-57cc-425b-90ef-9bcaa62a7535:c5757]
2019-06-14 13:46:06,226 INFO  client.GrpcClientProtocolClient (GrpcClientProtocolClient.java:onNext(254)) - client-E0FA40453D59->0c156e3c-57cc-425b-90ef-9bcaa62a7535: receive RaftClientReply:client-E0FA40453D59->0c156e3c-57cc-425b-90ef-9bcaa62a7535@group-7704A457760D, cid=3407, SUCCESS, logIndex=5758, commits[0c156e3c-57cc-425b-90ef-9bcaa62a7535:c5760]
2019-06-14 13:46:06,226 INFO  client.GrpcClientProtocolClient (GrpcClientProtocolClient.java:onNext(254)) - client-E0FA40453D59->0c156e3c-57cc-425b-90ef-9bcaa62a7535: receive RaftClientReply:client-E0FA40453D59->0c156e3c-57cc-425b-90ef-9bcaa62a7535@group-7704A457760D, cid=3408, SUCCESS, logIndex=5759, commits[0c156e3c-57cc-425b-90ef-9bcaa62a7535:c5760]
2019-06-14 13:46:06,236 INFO  client.GrpcClientProtocolClient (GrpcClientProtocolClient.java:onNext(254)) - client-E0FA40453D59->0c156e3c-57cc-425b-90ef-9bcaa62a7535: receive RaftClientReply:client-E0FA40453D59->0c156e3c-57cc-425b-90ef-9bcaa62a7535@group-7704A457760D, cid=3409, SUCCESS, logIndex=5761, commits[0c156e3c-57cc-425b-90ef-9bcaa62a7535:c5761]
2019-06-14 13:46:06,237 INFO  client.GrpcClientProtocolClient (GrpcClientProtocolClient.java:onNext(254)) - client-E0FA40453D59->0c156e3c-57cc-425b-90ef-9bcaa62a7535: receive RaftClientReply:client-E0FA40453D59->0c156e3c-57cc-425b-90ef-9bcaa62a7535@group-7704A457760D, cid=3410, SUCCESS, logIndex=5763, commits[0c156e3c-57cc-425b-90ef-9bcaa62a7535:c5763]
2019-06-14 13:46:06,238 INFO  client.GrpcClientProtocolClient (GrpcClientProtocolClient.java:onNext(254)) - client-E0FA40453D59->0c156e3c-57cc-425b-90ef-9bcaa62a7535: receive RaftClientReply:client-E0FA40453D59->0c156e3c-57cc-425b-90ef-9bcaa62a7535@group-7704A457760D, cid=3411, SUCCESS, logIndex=5764, commits[0c156e3c-57cc-425b-90ef-9bcaa62a7535:c5766]
2019-06-14 13:46:06,238 INFO  client.GrpcClientProtocolClient (GrpcClientProtocolClient.java:onNext(254)) - client-E0FA40453D59->0c156e3c-57cc-425b-90ef-9bcaa62a7535: receive RaftClientReply:client-E0FA40453D59->0c156e3c-57cc-425b-90ef-9bcaa62a7535@group-7704A457760D, cid=3412, SUCCESS, logIndex=5765, commits[0c156e3c-57cc-425b-90ef-9bcaa62a7535:c5766]
2019-06-14 13:46:06,243 INFO  client.GrpcClientProtocolClient (GrpcClientProtocolClient.java:onNext(254)) - client-E0FA40453D59->0c156e3c-57cc-425b-90ef-9bcaa62a7535: receive RaftClientReply:client-E0FA40453D59->0c156e3c-57cc-425b-90ef-9bcaa62a7535@group-7704A457760D, cid=3413, SUCCESS, logIndex=5767, commits[0c156e3c-57cc-425b-90ef-9bcaa62a7535:c5767]
2019-06-14 13:46:06,244 INFO  client.GrpcClientProtocolClient (GrpcClientProtocolClient.java:onNext(254)) - client-E0FA40453D59->0c156e3c-57cc-425b-90ef-9bcaa62a7535: receive RaftClientReply:client-E0FA40453D59->0c156e3c-57cc-425b-90ef-9bcaa62a7535@group-7704A457760D, cid=3414, SUCCESS, logIndex=5769, commits[0c156e3c-57cc-425b-90ef-9bcaa62a7535:c5769]
2019-06-14 13:46:06,246 INFO  client.GrpcClientProtocolClient (GrpcClientProtocolClient.java:onNext(254)) - client-E0FA40453D59->0c156e3c-57cc-425b-90ef-9bcaa62a7535: receive RaftClientReply:client-E0FA40453D59->0c156e3c-57cc-425b-90ef-9bcaa62a7535@group-7704A457760D, cid=3415, SUCCESS, logIndex=5770, commits[0c156e3c-57cc-425b-90ef-9bcaa62a7535:c5772]
2019-06-14 13:46:06,246 INFO  client.GrpcClientProtocolClient (GrpcClientProtocolClient.java:onNext(254)) - client-E0FA40453D59->0c156e3c-57cc-425b-90ef-9bcaa62a7535: receive RaftClientReply:client-E0FA40453D59->0c156e3c-57cc-425b-90ef-9bcaa62a7535@group-7704A457760D, cid=3416, SUCCESS, logIndex=5771, commits[0c156e3c-57cc-425b-90ef-9bcaa62a7535:c5772]
2019-06-14 13:46:06,255 INFO  client.GrpcClientProtocolClient (GrpcClientProtocolClient.java:onNext(254)) - client-E0FA40453D59->0c156e3c-57cc-425b-90ef-9bcaa62a7535: receive RaftClientReply:client-E0FA40453D59->0c156e3c-57cc-425b-90ef-9bcaa62a7535@group-7704A457760D, cid=3417, SUCCESS, logIndex=5773, commits[0c156e3c-57cc-425b-90ef-9bcaa62a7535:c5773]
2019-06-14 13:46:06,257 INFO  client.GrpcClientProtocolClient (GrpcClientProtocolClient.java:onNext(254)) - client-E0FA40453D59->0c156e3c-57cc-425b-90ef-9bcaa62a7535: receive RaftClientReply:client-E0FA40453D59->0c156e3c-57cc-425b-90ef-9bcaa62a7535@group-7704A457760D, cid=3418, SUCCESS, logIndex=5775, commits[0c156e3c-57cc-425b-90ef-9bcaa62a7535:c5777]
2019-06-14 13:46:06,257 INFO  client.GrpcClientProtocolClient (GrpcClientProtocolClient.java:onNext(254)) - client-E0FA40453D59->0c156e3c-57cc-425b-90ef-9bcaa62a7535: receive RaftClientReply:client-E0FA40453D59->0c156e3c-57cc-425b-90ef-9bcaa62a7535@group-7704A457760D, cid=3419, SUCCESS, logIndex=5776, commits[0c156e3c-57cc-425b-90ef-9bcaa62a7535:c5777]
2019-06-14 13:46:06,257 INFO  client.GrpcClientProtocolClient (GrpcClientProtocolClient.java:onNext(254)) - client-E0FA40453D59->0c156e3c-57cc-425b-90ef-9bcaa62a7535: receive RaftClientReply:client-E0FA40453D59->0c156e3c-57cc-425b-90ef-9bcaa62a7535@group-7704A457760D, cid=3420, SUCCESS, logIndex=5777, commits[0c156e3c-57cc-425b-90ef-9bcaa62a7535:c5777]
2019-06-14 13:46:06,263 INFO  client.GrpcClientProtocolClient (GrpcClientProtocolClient.java:onNext(254)) - client-E0FA40453D59->0c156e3c-57cc-425b-90ef-9bcaa62a7535: receive RaftClientReply:client-E0FA40453D59->0c156e3c-57cc-425b-90ef-9bcaa62a7535@group-7704A457760D, cid=3421, SUCCESS, logIndex=5779, commits[0c156e3c-57cc-425b-90ef-9bcaa62a7535:c5779]
2019-06-14 13:46:06,267 DEBUG block.SCMBlockDeletingService (SCMBlockDeletingService.java:call(138)) - Running DeletedBlockTransactionScanner
2019-06-14 13:46:06,267 DEBUG block.SCMBlockDeletingService (SCMBlockDeletingService.java:call(155)) - Scanned deleted blocks log and got 0 delTX to process.
2019-06-14 13:46:06,267 INFO  client.GrpcClientProtocolClient (GrpcClientProtocolClient.java:onNext(254)) - client-E0FA40453D59->0c156e3c-57cc-425b-90ef-9bcaa62a7535: receive RaftClientReply:client-E0FA40453D59->0c156e3c-57cc-425b-90ef-9bcaa62a7535@group-7704A457760D, cid=3422, SUCCESS, logIndex=5781, commits[0c156e3c-57cc-425b-90ef-9bcaa62a7535:c5784]
2019-06-14 13:46:06,271 INFO  client.GrpcClientProtocolClient (GrpcClientProtocolClient.java:onNext(254)) - client-E0FA40453D59->0c156e3c-57cc-425b-90ef-9bcaa62a7535: receive RaftClientReply:client-E0FA40453D59->0c156e3c-57cc-425b-90ef-9bcaa62a7535@group-7704A457760D, cid=3423, SUCCESS, logIndex=5782, commits[0c156e3c-57cc-425b-90ef-9bcaa62a7535:c5784]
2019-06-14 13:46:06,271 INFO  client.GrpcClientProtocolClient (GrpcClientProtocolClient.java:onNext(254)) - client-E0FA40453D59->0c156e3c-57cc-425b-90ef-9bcaa62a7535: receive RaftClientReply:client-E0FA40453D59->0c156e3c-57cc-425b-90ef-9bcaa62a7535@group-7704A457760D, cid=3424, SUCCESS, logIndex=5783, commits[0c156e3c-57cc-425b-90ef-9bcaa62a7535:c5784]
2019-06-14 13:46:06,280 INFO  client.GrpcClientProtocolClient (GrpcClientProtocolClient.java:onNext(254)) - client-E0FA40453D59->0c156e3c-57cc-425b-90ef-9bcaa62a7535: receive RaftClientReply:client-E0FA40453D59->0c156e3c-57cc-425b-90ef-9bcaa62a7535@group-7704A457760D, cid=3425, SUCCESS, logIndex=5785, commits[0c156e3c-57cc-425b-90ef-9bcaa62a7535:c5785]
2019-06-14 13:46:06,282 INFO  client.GrpcClientProtocolClient (GrpcClientProtocolClient.java:onNext(254)) - client-E0FA40453D59->0c156e3c-57cc-425b-90ef-9bcaa62a7535: receive RaftClientReply:client-E0FA40453D59->0c156e3c-57cc-425b-90ef-9bcaa62a7535@group-7704A457760D, cid=3426, SUCCESS, logIndex=5787, commits[0c156e3c-57cc-425b-90ef-9bcaa62a7535:c5787]
2019-06-14 13:46:06,282 INFO  client.GrpcClientProtocolClient (GrpcClientProtocolClient.java:onNext(254)) - client-E0FA40453D59->0c156e3c-57cc-425b-90ef-9bcaa62a7535: receive RaftClientReply:client-E0FA40453D59->0c156e3c-57cc-425b-90ef-9bcaa62a7535@group-7704A457760D, cid=3427, SUCCESS, logIndex=5788, commits[0c156e3c-57cc-425b-90ef-9bcaa62a7535:c5790]
2019-06-14 13:46:06,282 INFO  client.GrpcClientProtocolClient (GrpcClientProtocolClient.java:onNext(254)) - client-E0FA40453D59->0c156e3c-57cc-425b-90ef-9bcaa62a7535: receive RaftClientReply:client-E0FA40453D59->0c156e3c-57cc-425b-90ef-9bcaa62a7535@group-7704A457760D, cid=3428, SUCCESS, logIndex=5789, commits[0c156e3c-57cc-425b-90ef-9bcaa62a7535:c5790]
2019-06-14 13:46:06,287 INFO  client.GrpcClientProtocolClient (GrpcClientProtocolClient.java:onNext(254)) - client-E0FA40453D59->0c156e3c-57cc-425b-90ef-9bcaa62a7535: receive RaftClientReply:client-E0FA40453D59->0c156e3c-57cc-425b-90ef-9bcaa62a7535@group-7704A457760D, cid=3429, SUCCESS, logIndex=5791, commits[0c156e3c-57cc-425b-90ef-9bcaa62a7535:c5791]
2019-06-14 13:46:06,288 INFO  client.GrpcClientProtocolClient (GrpcClientProtocolClient.java:onNext(254)) - client-E0FA40453D59->0c156e3c-57cc-425b-90ef-9bcaa62a7535: receive RaftClientReply:client-E0FA40453D59->0c156e3c-57cc-425b-90ef-9bcaa62a7535@group-7704A457760D, cid=3430, SUCCESS, logIndex=5793, commits[0c156e3c-57cc-425b-90ef-9bcaa62a7535:c5793]
2019-06-14 13:46:06,289 INFO  client.GrpcClientProtocolClient (GrpcClientProtocolClient.java:onNext(254)) - client-E0FA40453D59->0c156e3c-57cc-425b-90ef-9bcaa62a7535: receive RaftClientReply:client-E0FA40453D59->0c156e3c-57cc-425b-90ef-9bcaa62a7535@group-7704A457760D, cid=3431, SUCCESS, logIndex=5794, commits[0c156e3c-57cc-425b-90ef-9bcaa62a7535:c5796]
2019-06-14 13:46:06,289 INFO  client.GrpcClientProtocolClient (GrpcClientProtocolClient.java:onNext(254)) - client-E0FA40453D59->0c156e3c-57cc-425b-90ef-9bcaa62a7535: receive RaftClientReply:client-E0FA40453D59->0c156e3c-57cc-425b-90ef-9bcaa62a7535@group-7704A457760D, cid=3432, SUCCESS, logIndex=5795, commits[0c156e3c-57cc-425b-90ef-9bcaa62a7535:c5796]
2019-06-14 13:46:06,301 INFO  client.GrpcClientProtocolClient (GrpcClientProtocolClient.java:onNext(254)) - client-E0FA40453D59->0c156e3c-57cc-425b-90ef-9bcaa62a7535: receive RaftClientReply:client-E0FA40453D59->0c156e3c-57cc-425b-90ef-9bcaa62a7535@group-7704A457760D, cid=3433, SUCCESS, logIndex=5797, commits[0c156e3c-57cc-425b-90ef-9bcaa62a7535:c5797]
2019-06-14 13:46:06,302 INFO  client.GrpcClientProtocolClient (GrpcClientProtocolClient.java:onNext(254)) - client-E0FA40453D59->0c156e3c-57cc-425b-90ef-9bcaa62a7535: receive RaftClientReply:client-E0FA40453D59->0c156e3c-57cc-425b-90ef-9bcaa62a7535@group-7704A457760D, cid=3434, SUCCESS, logIndex=5799, commits[0c156e3c-57cc-425b-90ef-9bcaa62a7535:c5799]
2019-06-14 13:46:06,303 INFO  client.GrpcClientProtocolClient (GrpcClientProtocolClient.java:onNext(254)) - client-E0FA40453D59->0c156e3c-57cc-425b-90ef-9bcaa62a7535: receive RaftClientReply:client-E0FA40453D59->0c156e3c-57cc-425b-90ef-9bcaa62a7535@group-7704A457760D, cid=3435, SUCCESS, logIndex=5800, commits[0c156e3c-57cc-425b-90ef-9bcaa62a7535:c5802]
2019-06-14 13:46:06,303 INFO  client.GrpcClientProtocolClient (GrpcClientProtocolClient.java:onNext(254)) - client-E0FA40453D59->0c156e3c-57cc-425b-90ef-9bcaa62a7535: receive RaftClientReply:client-E0FA40453D59->0c156e3c-57cc-425b-90ef-9bcaa62a7535@group-7704A457760D, cid=3436, SUCCESS, logIndex=5801, commits[0c156e3c-57cc-425b-90ef-9bcaa62a7535:c5802]
2019-06-14 13:46:06,306 INFO  storage.RaftLogWorker (RaftLogWorker.java:rollLogSegment(303)) - 0c156e3c-57cc-425b-90ef-9bcaa62a7535-RaftLogWorker: Rolling segment log-5735_5802 to index:5802
2019-06-14 13:46:06,306 INFO  storage.RaftLogWorker (RaftLogWorker.java:execute(433)) - 0c156e3c-57cc-425b-90ef-9bcaa62a7535-RaftLogWorker: Rolled log segment from /opt/src/hadoop-ozone/integration-test/target/test-dir/MiniOzoneClusterImpl-8919240e-7e15-4dbf-8bf4-c210578586bb/datanode-0/data/ratis/1fc53845-3381-4beb-82f9-7704a457760d/current/log_inprogress_5735 to /opt/src/hadoop-ozone/integration-test/target/test-dir/MiniOzoneClusterImpl-8919240e-7e15-4dbf-8bf4-c210578586bb/datanode-0/data/ratis/1fc53845-3381-4beb-82f9-7704a457760d/current/log_5735-5802
2019-06-14 13:46:06,342 INFO  storage.RaftLogWorker (RaftLogWorker.java:execute(469)) - 0c156e3c-57cc-425b-90ef-9bcaa62a7535-RaftLogWorker: created new log segment /opt/src/hadoop-ozone/integration-test/target/test-dir/MiniOzoneClusterImpl-8919240e-7e15-4dbf-8bf4-c210578586bb/datanode-0/data/ratis/1fc53845-3381-4beb-82f9-7704a457760d/current/log_inprogress_5803
2019-06-14 13:46:06,343 INFO  client.GrpcClientProtocolClient (GrpcClientProtocolClient.java:onNext(254)) - client-E0FA40453D59->0c156e3c-57cc-425b-90ef-9bcaa62a7535: receive RaftClientReply:client-E0FA40453D59->0c156e3c-57cc-425b-90ef-9bcaa62a7535@group-7704A457760D, cid=3437, SUCCESS, logIndex=5803, commits[0c156e3c-57cc-425b-90ef-9bcaa62a7535:c5803]
2019-06-14 13:46:06,344 INFO  client.GrpcClientProtocolClient (GrpcClientProtocolClient.java:onNext(254)) - client-E0FA40453D59->0c156e3c-57cc-425b-90ef-9bcaa62a7535: receive RaftClientReply:client-E0FA40453D59->0c156e3c-57cc-425b-90ef-9bcaa62a7535@group-7704A457760D, cid=3438, SUCCESS, logIndex=5805, commits[0c156e3c-57cc-425b-90ef-9bcaa62a7535:c5805]
2019-06-14 13:46:06,346 INFO  client.GrpcClientProtocolClient (GrpcClientProtocolClient.java:onNext(254)) - client-E0FA40453D59->0c156e3c-57cc-425b-90ef-9bcaa62a7535: receive RaftClientReply:client-E0FA40453D59->0c156e3c-57cc-425b-90ef-9bcaa62a7535@group-7704A457760D, cid=3439, SUCCESS, logIndex=5806, commits[0c156e3c-57cc-425b-90ef-9bcaa62a7535:c5808]
2019-06-14 13:46:06,346 INFO  client.GrpcClientProtocolClient (GrpcClientProtocolClient.java:onNext(254)) - client-E0FA40453D59->0c156e3c-57cc-425b-90ef-9bcaa62a7535: receive RaftClientReply:client-E0FA40453D59->0c156e3c-57cc-425b-90ef-9bcaa62a7535@group-7704A457760D, cid=3440, SUCCESS, logIndex=5807, commits[0c156e3c-57cc-425b-90ef-9bcaa62a7535:c5808]
2019-06-14 13:46:06,355 INFO  client.GrpcClientProtocolClient (GrpcClientProtocolClient.java:onNext(254)) - client-E0FA40453D59->0c156e3c-57cc-425b-90ef-9bcaa62a7535: receive RaftClientReply:client-E0FA40453D59->0c156e3c-57cc-425b-90ef-9bcaa62a7535@group-7704A457760D, cid=3441, SUCCESS, logIndex=5809, commits[0c156e3c-57cc-425b-90ef-9bcaa62a7535:c5809]
2019-06-14 13:46:06,356 INFO  client.GrpcClientProtocolClient (GrpcClientProtocolClient.java:onNext(254)) - client-E0FA40453D59->0c156e3c-57cc-425b-90ef-9bcaa62a7535: receive RaftClientReply:client-E0FA40453D59->0c156e3c-57cc-425b-90ef-9bcaa62a7535@group-7704A457760D, cid=3442, SUCCESS, logIndex=5811, commits[0c156e3c-57cc-425b-90ef-9bcaa62a7535:c5811]
2019-06-14 13:46:06,358 INFO  client.GrpcClientProtocolClient (GrpcClientProtocolClient.java:onNext(254)) - client-E0FA40453D59->0c156e3c-57cc-425b-90ef-9bcaa62a7535: receive RaftClientReply:client-E0FA40453D59->0c156e3c-57cc-425b-90ef-9bcaa62a7535@group-7704A457760D, cid=3443, SUCCESS, logIndex=5812, commits[0c156e3c-57cc-425b-90ef-9bcaa62a7535:c5814]
2019-06-14 13:46:06,358 INFO  client.GrpcClientProtocolClient (GrpcClientProtocolClient.java:onNext(254)) - client-E0FA40453D59->0c156e3c-57cc-425b-90ef-9bcaa62a7535: receive RaftClientReply:client-E0FA40453D59->0c156e3c-57cc-425b-90ef-9bcaa62a7535@group-7704A457760D, cid=3444, SUCCESS, logIndex=5813, commits[0c156e3c-57cc-425b-90ef-9bcaa62a7535:c5814]
2019-06-14 13:46:06,400 DEBUG block.SCMBlockDeletingService (SCMBlockDeletingService.java:call(138)) - Running DeletedBlockTransactionScanner
2019-06-14 13:46:06,400 DEBUG block.SCMBlockDeletingService (SCMBlockDeletingService.java:call(155)) - Scanned deleted blocks log and got 0 delTX to process.
2019-06-14 13:46:06,404 INFO  client.GrpcClientProtocolClient (GrpcClientProtocolClient.java:onNext(254)) - client-E0FA40453D59->0c156e3c-57cc-425b-90ef-9bcaa62a7535: receive RaftClientReply:client-E0FA40453D59->0c156e3c-57cc-425b-90ef-9bcaa62a7535@group-7704A457760D, cid=3445, SUCCESS, logIndex=5815, commits[0c156e3c-57cc-425b-90ef-9bcaa62a7535:c5815]
2019-06-14 13:46:06,405 INFO  client.GrpcClientProtocolClient (GrpcClientProtocolClient.java:onNext(254)) - client-E0FA40453D59->0c156e3c-57cc-425b-90ef-9bcaa62a7535: receive RaftClientReply:client-E0FA40453D59->0c156e3c-57cc-425b-90ef-9bcaa62a7535@group-7704A457760D, cid=3446, SUCCESS, logIndex=5817, commits[0c156e3c-57cc-425b-90ef-9bcaa62a7535:c5817]
2019-06-14 13:46:06,463 INFO  client.GrpcClientProtocolClient (GrpcClientProtocolClient.java:onNext(254)) - client-E0FA40453D59->0c156e3c-57cc-425b-90ef-9bcaa62a7535: receive RaftClientReply:client-E0FA40453D59->0c156e3c-57cc-425b-90ef-9bcaa62a7535@group-7704A457760D, cid=3447, SUCCESS, logIndex=5819, commits[0c156e3c-57cc-425b-90ef-9bcaa62a7535:c5819]
2019-06-14 13:46:06,464 INFO  client.GrpcClientProtocolClient (GrpcClientProtocolClient.java:onNext(254)) - client-E0FA40453D59->0c156e3c-57cc-425b-90ef-9bcaa62a7535: receive RaftClientReply:client-E0FA40453D59->0c156e3c-57cc-425b-90ef-9bcaa62a7535@group-7704A457760D, cid=3448, SUCCESS, logIndex=5821, commits[0c156e3c-57cc-425b-90ef-9bcaa62a7535:c5821]
2019-06-14 13:46:06,474 INFO  client.GrpcClientProtocolClient (GrpcClientProtocolClient.java:onNext(254)) - client-E0FA40453D59->0c156e3c-57cc-425b-90ef-9bcaa62a7535: receive RaftClientReply:client-E0FA40453D59->0c156e3c-57cc-425b-90ef-9bcaa62a7535@group-7704A457760D, cid=3449, SUCCESS, logIndex=5823, commits[0c156e3c-57cc-425b-90ef-9bcaa62a7535:c5823]
2019-06-14 13:46:06,475 INFO  client.GrpcClientProtocolClient (GrpcClientProtocolClient.java:onNext(254)) - client-E0FA40453D59->0c156e3c-57cc-425b-90ef-9bcaa62a7535: receive RaftClientReply:client-E0FA40453D59->0c156e3c-57cc-425b-90ef-9bcaa62a7535@group-7704A457760D, cid=3450, SUCCESS, logIndex=5825, commits[0c156e3c-57cc-425b-90ef-9bcaa62a7535:c5825]
2019-06-14 13:46:06,476 INFO  client.GrpcClientProtocolClient (GrpcClientProtocolClient.java:onNext(254)) - client-E0FA40453D59->0c156e3c-57cc-425b-90ef-9bcaa62a7535: receive RaftClientReply:client-E0FA40453D59->0c156e3c-57cc-425b-90ef-9bcaa62a7535@group-7704A457760D, cid=3451, SUCCESS, logIndex=5826, commits[0c156e3c-57cc-425b-90ef-9bcaa62a7535:c5828]
2019-06-14 13:46:06,476 INFO  client.GrpcClientProtocolClient (GrpcClientProtocolClient.java:onNext(254)) - client-E0FA40453D59->0c156e3c-57cc-425b-90ef-9bcaa62a7535: receive RaftClientReply:client-E0FA40453D59->0c156e3c-57cc-425b-90ef-9bcaa62a7535@group-7704A457760D, cid=3452, SUCCESS, logIndex=5827, commits[0c156e3c-57cc-425b-90ef-9bcaa62a7535:c5828]
2019-06-14 13:46:06,481 INFO  client.GrpcClientProtocolClient (GrpcClientProtocolClient.java:onNext(254)) - client-E0FA40453D59->0c156e3c-57cc-425b-90ef-9bcaa62a7535: receive RaftClientReply:client-E0FA40453D59->0c156e3c-57cc-425b-90ef-9bcaa62a7535@group-7704A457760D, cid=3453, SUCCESS, logIndex=5829, commits[0c156e3c-57cc-425b-90ef-9bcaa62a7535:c5829]
2019-06-14 13:46:06,482 INFO  client.GrpcClientProtocolClient (GrpcClientProtocolClient.java:onNext(254)) - client-E0FA40453D59->0c156e3c-57cc-425b-90ef-9bcaa62a7535: receive RaftClientReply:client-E0FA40453D59->0c156e3c-57cc-425b-90ef-9bcaa62a7535@group-7704A457760D, cid=3454, SUCCESS, logIndex=5831, commits[0c156e3c-57cc-425b-90ef-9bcaa62a7535:c5831]
2019-06-14 13:46:06,483 INFO  client.GrpcClientProtocolClient (GrpcClientProtocolClient.java:onNext(254)) - client-E0FA40453D59->0c156e3c-57cc-425b-90ef-9bcaa62a7535: receive RaftClientReply:client-E0FA40453D59->0c156e3c-57cc-425b-90ef-9bcaa62a7535@group-7704A457760D, cid=3455, SUCCESS, logIndex=5832, commits[0c156e3c-57cc-425b-90ef-9bcaa62a7535:c5834]
2019-06-14 13:46:06,483 INFO  client.GrpcClientProtocolClient (GrpcClientProtocolClient.java:onNext(254)) - client-E0FA40453D59->0c156e3c-57cc-425b-90ef-9bcaa62a7535: receive RaftClientReply:client-E0FA40453D59->0c156e3c-57cc-425b-90ef-9bcaa62a7535@group-7704A457760D, cid=3456, SUCCESS, logIndex=5833, commits[0c156e3c-57cc-425b-90ef-9bcaa62a7535:c5834]
2019-06-14 13:46:06,493 INFO  client.GrpcClientProtocolClient (GrpcClientProtocolClient.java:onNext(254)) - client-E0FA40453D59->0c156e3c-57cc-425b-90ef-9bcaa62a7535: receive RaftClientReply:client-E0FA40453D59->0c156e3c-57cc-425b-90ef-9bcaa62a7535@group-7704A457760D, cid=3457, SUCCESS, logIndex=5835, commits[0c156e3c-57cc-425b-90ef-9bcaa62a7535:c5835]
2019-06-14 13:46:06,494 INFO  client.GrpcClientProtocolClient (GrpcClientProtocolClient.java:onNext(254)) - client-E0FA40453D59->0c156e3c-57cc-425b-90ef-9bcaa62a7535: receive RaftClientReply:client-E0FA40453D59->0c156e3c-57cc-425b-90ef-9bcaa62a7535@group-7704A457760D, cid=3458, SUCCESS, logIndex=5837, commits[0c156e3c-57cc-425b-90ef-9bcaa62a7535:c5837]
2019-06-14 13:46:06,495 INFO  client.GrpcClientProtocolClient (GrpcClientProtocolClient.java:onNext(254)) - client-E0FA40453D59->0c156e3c-57cc-425b-90ef-9bcaa62a7535: receive RaftClientReply:client-E0FA40453D59->0c156e3c-57cc-425b-90ef-9bcaa62a7535@group-7704A457760D, cid=3459, SUCCESS, logIndex=5838, commits[0c156e3c-57cc-425b-90ef-9bcaa62a7535:c5840]
2019-06-14 13:46:06,495 INFO  client.GrpcClientProtocolClient (GrpcClientProtocolClient.java:onNext(254)) - client-E0FA40453D59->0c156e3c-57cc-425b-90ef-9bcaa62a7535: receive RaftClientReply:client-E0FA40453D59->0c156e3c-57cc-425b-90ef-9bcaa62a7535@group-7704A457760D, cid=3460, SUCCESS, logIndex=5839, commits[0c156e3c-57cc-425b-90ef-9bcaa62a7535:c5840]
2019-06-14 13:46:06,500 DEBUG block.SCMBlockDeletingService (SCMBlockDeletingService.java:call(138)) - Running DeletedBlockTransactionScanner
2019-06-14 13:46:06,500 INFO  client.GrpcClientProtocolClient (GrpcClientProtocolClient.java:onNext(254)) - client-E0FA40453D59->0c156e3c-57cc-425b-90ef-9bcaa62a7535: receive RaftClientReply:client-E0FA40453D59->0c156e3c-57cc-425b-90ef-9bcaa62a7535@group-7704A457760D, cid=3461, SUCCESS, logIndex=5841, commits[0c156e3c-57cc-425b-90ef-9bcaa62a7535:c5841]
2019-06-14 13:46:06,500 DEBUG block.SCMBlockDeletingService (SCMBlockDeletingService.java:call(155)) - Scanned deleted blocks log and got 0 delTX to process.
2019-06-14 13:46:06,501 INFO  client.GrpcClientProtocolClient (GrpcClientProtocolClient.java:onNext(254)) - client-E0FA40453D59->0c156e3c-57cc-425b-90ef-9bcaa62a7535: receive RaftClientReply:client-E0FA40453D59->0c156e3c-57cc-425b-90ef-9bcaa62a7535@group-7704A457760D, cid=3462, SUCCESS, logIndex=5843, commits[0c156e3c-57cc-425b-90ef-9bcaa62a7535:c5843]
2019-06-14 13:46:06,502 INFO  client.GrpcClientProtocolClient (GrpcClientProtocolClient.java:onNext(254)) - client-E0FA40453D59->0c156e3c-57cc-425b-90ef-9bcaa62a7535: receive RaftClientReply:client-E0FA40453D59->0c156e3c-57cc-425b-90ef-9bcaa62a7535@group-7704A457760D, cid=3463, SUCCESS, logIndex=5844, commits[0c156e3c-57cc-425b-90ef-9bcaa62a7535:c5846]
2019-06-14 13:46:06,502 INFO  client.GrpcClientProtocolClient (GrpcClientProtocolClient.java:onNext(254)) - client-E0FA40453D59->0c156e3c-57cc-425b-90ef-9bcaa62a7535: receive RaftClientReply:client-E0FA40453D59->0c156e3c-57cc-425b-90ef-9bcaa62a7535@group-7704A457760D, cid=3464, SUCCESS, logIndex=5845, commits[0c156e3c-57cc-425b-90ef-9bcaa62a7535:c5846]
2019-06-14 13:46:06,512 INFO  client.GrpcClientProtocolClient (GrpcClientProtocolClient.java:onNext(254)) - client-E0FA40453D59->0c156e3c-57cc-425b-90ef-9bcaa62a7535: receive RaftClientReply:client-E0FA40453D59->0c156e3c-57cc-425b-90ef-9bcaa62a7535@group-7704A457760D, cid=3465, SUCCESS, logIndex=5847, commits[0c156e3c-57cc-425b-90ef-9bcaa62a7535:c5847]
2019-06-14 13:46:06,513 INFO  client.GrpcClientProtocolClient (GrpcClientProtocolClient.java:onNext(254)) - client-E0FA40453D59->0c156e3c-57cc-425b-90ef-9bcaa62a7535: receive RaftClientReply:client-E0FA40453D59->0c156e3c-57cc-425b-90ef-9bcaa62a7535@group-7704A457760D, cid=3466, SUCCESS, logIndex=5849, commits[0c156e3c-57cc-425b-90ef-9bcaa62a7535:c5849]
2019-06-14 13:46:06,514 INFO  client.GrpcClientProtocolClient (GrpcClientProtocolClient.java:onNext(254)) - client-E0FA40453D59->0c156e3c-57cc-425b-90ef-9bcaa62a7535: receive RaftClientReply:client-E0FA40453D59->0c156e3c-57cc-425b-90ef-9bcaa62a7535@group-7704A457760D, cid=3467, SUCCESS, logIndex=5850, commits[0c156e3c-57cc-425b-90ef-9bcaa62a7535:c5852]
2019-06-14 13:46:06,517 INFO  client.GrpcClientProtocolClient (GrpcClientProtocolClient.java:onNext(254)) - client-E0FA40453D59->0c156e3c-57cc-425b-90ef-9bcaa62a7535: receive RaftClientReply:client-E0FA40453D59->0c156e3c-57cc-425b-90ef-9bcaa62a7535@group-7704A457760D, cid=3468, SUCCESS, logIndex=5851, commits[0c156e3c-57cc-425b-90ef-9bcaa62a7535:c5852]
2019-06-14 13:46:06,522 INFO  client.GrpcClientProtocolClient (GrpcClientProtocolClient.java:onNext(254)) - client-E0FA40453D59->0c156e3c-57cc-425b-90ef-9bcaa62a7535: receive RaftClientReply:client-E0FA40453D59->0c156e3c-57cc-425b-90ef-9bcaa62a7535@group-7704A457760D, cid=3469, SUCCESS, logIndex=5853, commits[0c156e3c-57cc-425b-90ef-9bcaa62a7535:c5853]
2019-06-14 13:46:06,524 INFO  client.GrpcClientProtocolClient (GrpcClientProtocolClient.java:onNext(254)) - client-E0FA40453D59->0c156e3c-57cc-425b-90ef-9bcaa62a7535: receive RaftClientReply:client-E0FA40453D59->0c156e3c-57cc-425b-90ef-9bcaa62a7535@group-7704A457760D, cid=3470, SUCCESS, logIndex=5855, commits[0c156e3c-57cc-425b-90ef-9bcaa62a7535:c5855]
2019-06-14 13:46:06,525 INFO  client.GrpcClientProtocolClient (GrpcClientProtocolClient.java:onNext(254)) - client-E0FA40453D59->0c156e3c-57cc-425b-90ef-9bcaa62a7535: receive RaftClientReply:client-E0FA40453D59->0c156e3c-57cc-425b-90ef-9bcaa62a7535@group-7704A457760D, cid=3471, SUCCESS, logIndex=5856, commits[0c156e3c-57cc-425b-90ef-9bcaa62a7535:c5858]
2019-06-14 13:46:06,525 INFO  client.GrpcClientProtocolClient (GrpcClientProtocolClient.java:onNext(254)) - client-E0FA40453D59->0c156e3c-57cc-425b-90ef-9bcaa62a7535: receive RaftClientReply:client-E0FA40453D59->0c156e3c-57cc-425b-90ef-9bcaa62a7535@group-7704A457760D, cid=3472, SUCCESS, logIndex=5857, commits[0c156e3c-57cc-425b-90ef-9bcaa62a7535:c5858]
2019-06-14 13:46:06,535 INFO  client.GrpcClientProtocolClient (GrpcClientProtocolClient.java:onNext(254)) - client-E0FA40453D59->0c156e3c-57cc-425b-90ef-9bcaa62a7535: receive RaftClientReply:client-E0FA40453D59->0c156e3c-57cc-425b-90ef-9bcaa62a7535@group-7704A457760D, cid=3473, SUCCESS, logIndex=5859, commits[0c156e3c-57cc-425b-90ef-9bcaa62a7535:c5859]
2019-06-14 13:46:06,537 INFO  client.GrpcClientProtocolClient (GrpcClientProtocolClient.java:onNext(254)) - client-E0FA40453D59->0c156e3c-57cc-425b-90ef-9bcaa62a7535: receive RaftClientReply:client-E0FA40453D59->0c156e3c-57cc-425b-90ef-9bcaa62a7535@group-7704A457760D, cid=3474, SUCCESS, logIndex=5861, commits[0c156e3c-57cc-425b-90ef-9bcaa62a7535:c5861]
2019-06-14 13:46:06,538 INFO  client.GrpcClientProtocolClient (GrpcClientProtocolClient.java:onNext(254)) - client-E0FA40453D59->0c156e3c-57cc-425b-90ef-9bcaa62a7535: receive RaftClientReply:client-E0FA40453D59->0c156e3c-57cc-425b-90ef-9bcaa62a7535@group-7704A457760D, cid=3475, SUCCESS, logIndex=5862, commits[0c156e3c-57cc-425b-90ef-9bcaa62a7535:c5864]
2019-06-14 13:46:06,538 INFO  client.GrpcClientProtocolClient (GrpcClientProtocolClient.java:onNext(254)) - client-E0FA40453D59->0c156e3c-57cc-425b-90ef-9bcaa62a7535: receive RaftClientReply:client-E0FA40453D59->0c156e3c-57cc-425b-90ef-9bcaa62a7535@group-7704A457760D, cid=3476, SUCCESS, logIndex=5863, commits[0c156e3c-57cc-425b-90ef-9bcaa62a7535:c5864]
2019-06-14 13:46:06,543 INFO  client.GrpcClientProtocolClient (GrpcClientProtocolClient.java:onNext(254)) - client-E0FA40453D59->0c156e3c-57cc-425b-90ef-9bcaa62a7535: receive RaftClientReply:client-E0FA40453D59->0c156e3c-57cc-425b-90ef-9bcaa62a7535@group-7704A457760D, cid=3477, SUCCESS, logIndex=5865, commits[0c156e3c-57cc-425b-90ef-9bcaa62a7535:c5865]
2019-06-14 13:46:06,544 INFO  storage.RaftLogWorker (RaftLogWorker.java:rollLogSegment(303)) - 0c156e3c-57cc-425b-90ef-9bcaa62a7535-RaftLogWorker: Rolling segment log-5803_5868 to index:5868
2019-06-14 13:46:06,545 INFO  storage.RaftLogWorker (RaftLogWorker.java:execute(433)) - 0c156e3c-57cc-425b-90ef-9bcaa62a7535-RaftLogWorker: Rolled log segment from /opt/src/hadoop-ozone/integration-test/target/test-dir/MiniOzoneClusterImpl-8919240e-7e15-4dbf-8bf4-c210578586bb/datanode-0/data/ratis/1fc53845-3381-4beb-82f9-7704a457760d/current/log_inprogress_5803 to /opt/src/hadoop-ozone/integration-test/target/test-dir/MiniOzoneClusterImpl-8919240e-7e15-4dbf-8bf4-c210578586bb/datanode-0/data/ratis/1fc53845-3381-4beb-82f9-7704a457760d/current/log_5803-5868
2019-06-14 13:46:06,545 INFO  client.GrpcClientProtocolClient (GrpcClientProtocolClient.java:onNext(254)) - client-E0FA40453D59->0c156e3c-57cc-425b-90ef-9bcaa62a7535: receive RaftClientReply:client-E0FA40453D59->0c156e3c-57cc-425b-90ef-9bcaa62a7535@group-7704A457760D, cid=3478, SUCCESS, logIndex=5867, commits[0c156e3c-57cc-425b-90ef-9bcaa62a7535:c5867]
2019-06-14 13:46:06,546 INFO  client.GrpcClientProtocolClient (GrpcClientProtocolClient.java:onNext(254)) - client-E0FA40453D59->0c156e3c-57cc-425b-90ef-9bcaa62a7535: receive RaftClientReply:client-E0FA40453D59->0c156e3c-57cc-425b-90ef-9bcaa62a7535@group-7704A457760D, cid=3479, SUCCESS, logIndex=5868, commits[0c156e3c-57cc-425b-90ef-9bcaa62a7535:c5868]
2019-06-14 13:46:06,580 INFO  storage.RaftLogWorker (RaftLogWorker.java:execute(469)) - 0c156e3c-57cc-425b-90ef-9bcaa62a7535-RaftLogWorker: created new log segment /opt/src/hadoop-ozone/integration-test/target/test-dir/MiniOzoneClusterImpl-8919240e-7e15-4dbf-8bf4-c210578586bb/datanode-0/data/ratis/1fc53845-3381-4beb-82f9-7704a457760d/current/log_inprogress_5869
2019-06-14 13:46:06,581 INFO  client.GrpcClientProtocolClient (GrpcClientProtocolClient.java:onNext(254)) - client-E0FA40453D59->0c156e3c-57cc-425b-90ef-9bcaa62a7535: receive RaftClientReply:client-E0FA40453D59->0c156e3c-57cc-425b-90ef-9bcaa62a7535@group-7704A457760D, cid=3480, SUCCESS, logIndex=5869, commits[0c156e3c-57cc-425b-90ef-9bcaa62a7535:c5871]
2019-06-14 13:46:06,591 INFO  client.GrpcClientProtocolClient (GrpcClientProtocolClient.java:onNext(254)) - client-E0FA40453D59->0c156e3c-57cc-425b-90ef-9bcaa62a7535: receive RaftClientReply:client-E0FA40453D59->0c156e3c-57cc-425b-90ef-9bcaa62a7535@group-7704A457760D, cid=3481, SUCCESS, logIndex=5872, commits[0c156e3c-57cc-425b-90ef-9bcaa62a7535:c5872]
2019-06-14 13:46:06,595 INFO  client.GrpcClientProtocolClient (GrpcClientProtocolClient.java:onNext(254)) - client-E0FA40453D59->0c156e3c-57cc-425b-90ef-9bcaa62a7535: receive RaftClientReply:client-E0FA40453D59->0c156e3c-57cc-425b-90ef-9bcaa62a7535@group-7704A457760D, cid=3482, SUCCESS, logIndex=5874, commits[0c156e3c-57cc-425b-90ef-9bcaa62a7535:c5876]
2019-06-14 13:46:06,596 INFO  client.GrpcClientProtocolClient (GrpcClientProtocolClient.java:onNext(254)) - client-E0FA40453D59->0c156e3c-57cc-425b-90ef-9bcaa62a7535: receive RaftClientReply:client-E0FA40453D59->0c156e3c-57cc-425b-90ef-9bcaa62a7535@group-7704A457760D, cid=3483, SUCCESS, logIndex=5875, commits[0c156e3c-57cc-425b-90ef-9bcaa62a7535:c5876]
2019-06-14 13:46:06,596 INFO  client.GrpcClientProtocolClient (GrpcClientProtocolClient.java:onNext(254)) - client-E0FA40453D59->0c156e3c-57cc-425b-90ef-9bcaa62a7535: receive RaftClientReply:client-E0FA40453D59->0c156e3c-57cc-425b-90ef-9bcaa62a7535@group-7704A457760D, cid=3484, SUCCESS, logIndex=5876, commits[0c156e3c-57cc-425b-90ef-9bcaa62a7535:c5876]
2019-06-14 13:46:06,600 DEBUG block.SCMBlockDeletingService (SCMBlockDeletingService.java:call(138)) - Running DeletedBlockTransactionScanner
2019-06-14 13:46:06,601 DEBUG block.SCMBlockDeletingService (SCMBlockDeletingService.java:call(155)) - Scanned deleted blocks log and got 0 delTX to process.
2019-06-14 13:46:06,601 INFO  client.GrpcClientProtocolClient (GrpcClientProtocolClient.java:onNext(254)) - client-E0FA40453D59->0c156e3c-57cc-425b-90ef-9bcaa62a7535: receive RaftClientReply:client-E0FA40453D59->0c156e3c-57cc-425b-90ef-9bcaa62a7535@group-7704A457760D, cid=3485, SUCCESS, logIndex=5878, commits[0c156e3c-57cc-425b-90ef-9bcaa62a7535:c5878]
2019-06-14 13:46:06,606 INFO  client.GrpcClientProtocolClient (GrpcClientProtocolClient.java:onNext(254)) - client-E0FA40453D59->0c156e3c-57cc-425b-90ef-9bcaa62a7535: receive RaftClientReply:client-E0FA40453D59->0c156e3c-57cc-425b-90ef-9bcaa62a7535@group-7704A457760D, cid=3486, SUCCESS, logIndex=5880, commits[0c156e3c-57cc-425b-90ef-9bcaa62a7535:c5880]
2019-06-14 13:46:06,606 INFO  client.GrpcClientProtocolClient (GrpcClientProtocolClient.java:onNext(254)) - client-E0FA40453D59->0c156e3c-57cc-425b-90ef-9bcaa62a7535: receive RaftClientReply:client-E0FA40453D59->0c156e3c-57cc-425b-90ef-9bcaa62a7535@group-7704A457760D, cid=3487, SUCCESS, logIndex=5881, commits[0c156e3c-57cc-425b-90ef-9bcaa62a7535:c5883]
2019-06-14 13:46:06,607 INFO  client.GrpcClientProtocolClient (GrpcClientProtocolClient.java:onNext(254)) - client-E0FA40453D59->0c156e3c-57cc-425b-90ef-9bcaa62a7535: receive RaftClientReply:client-E0FA40453D59->0c156e3c-57cc-425b-90ef-9bcaa62a7535@group-7704A457760D, cid=3488, SUCCESS, logIndex=5882, commits[0c156e3c-57cc-425b-90ef-9bcaa62a7535:c5883]
2019-06-14 13:46:06,617 INFO  client.GrpcClientProtocolClient (GrpcClientProtocolClient.java:onNext(254)) - client-E0FA40453D59->0c156e3c-57cc-425b-90ef-9bcaa62a7535: receive RaftClientReply:client-E0FA40453D59->0c156e3c-57cc-425b-90ef-9bcaa62a7535@group-7704A457760D, cid=3489, SUCCESS, logIndex=5884, commits[0c156e3c-57cc-425b-90ef-9bcaa62a7535:c5884]
2019-06-14 13:46:06,618 INFO  client.GrpcClientProtocolClient (GrpcClientProtocolClient.java:onNext(254)) - client-E0FA40453D59->0c156e3c-57cc-425b-90ef-9bcaa62a7535: receive RaftClientReply:client-E0FA40453D59->0c156e3c-57cc-425b-90ef-9bcaa62a7535@group-7704A457760D, cid=3490, SUCCESS, logIndex=5886, commits[0c156e3c-57cc-425b-90ef-9bcaa62a7535:c5886]
2019-06-14 13:46:06,619 INFO  client.GrpcClientProtocolClient (GrpcClientProtocolClient.java:onNext(254)) - client-E0FA40453D59->0c156e3c-57cc-425b-90ef-9bcaa62a7535: receive RaftClientReply:client-E0FA40453D59->0c156e3c-57cc-425b-90ef-9bcaa62a7535@group-7704A457760D, cid=3491, SUCCESS, logIndex=5887, commits[0c156e3c-57cc-425b-90ef-9bcaa62a7535:c5889]
2019-06-14 13:46:06,619 INFO  client.GrpcClientProtocolClient (GrpcClientProtocolClient.java:onNext(254)) - client-E0FA40453D59->0c156e3c-57cc-425b-90ef-9bcaa62a7535: receive RaftClientReply:client-E0FA40453D59->0c156e3c-57cc-425b-90ef-9bcaa62a7535@group-7704A457760D, cid=3492, SUCCESS, logIndex=5888, commits[0c156e3c-57cc-425b-90ef-9bcaa62a7535:c5889]
2019-06-14 13:46:06,690 INFO  client.GrpcClientProtocolClient (GrpcClientProtocolClient.java:onNext(254)) - client-E0FA40453D59->0c156e3c-57cc-425b-90ef-9bcaa62a7535: receive RaftClientReply:client-E0FA40453D59->0c156e3c-57cc-425b-90ef-9bcaa62a7535@group-7704A457760D, cid=3493, SUCCESS, logIndex=5890, commits[0c156e3c-57cc-425b-90ef-9bcaa62a7535:c5890]
2019-06-14 13:46:06,691 INFO  client.GrpcClientProtocolClient (GrpcClientProtocolClient.java:onNext(254)) - client-E0FA40453D59->0c156e3c-57cc-425b-90ef-9bcaa62a7535: receive RaftClientReply:client-E0FA40453D59->0c156e3c-57cc-425b-90ef-9bcaa62a7535@group-7704A457760D, cid=3494, SUCCESS, logIndex=5892, commits[0c156e3c-57cc-425b-90ef-9bcaa62a7535:c5892]
2019-06-14 13:46:06,692 INFO  client.GrpcClientProtocolClient (GrpcClientProtocolClient.java:onNext(254)) - client-E0FA40453D59->0c156e3c-57cc-425b-90ef-9bcaa62a7535: receive RaftClientReply:client-E0FA40453D59->0c156e3c-57cc-425b-90ef-9bcaa62a7535@group-7704A457760D, cid=3495, SUCCESS, logIndex=5893, commits[0c156e3c-57cc-425b-90ef-9bcaa62a7535:c5895]
2019-06-14 13:46:06,692 INFO  client.GrpcClientProtocolClient (GrpcClientProtocolClient.java:onNext(254)) - client-E0FA40453D59->0c156e3c-57cc-425b-90ef-9bcaa62a7535: receive RaftClientReply:client-E0FA40453D59->0c156e3c-57cc-425b-90ef-9bcaa62a7535@group-7704A457760D, cid=3496, SUCCESS, logIndex=5894, commits[0c156e3c-57cc-425b-90ef-9bcaa62a7535:c5895]
2019-06-14 13:46:06,931 DEBUG block.SCMBlockDeletingService (SCMBlockDeletingService.java:call(138)) - Running DeletedBlockTransactionScanner
2019-06-14 13:46:06,931 DEBUG block.SCMBlockDeletingService (SCMBlockDeletingService.java:call(155)) - Scanned deleted blocks log and got 0 delTX to process.
2019-06-14 13:46:06,940 INFO  client.GrpcClientProtocolClient (GrpcClientProtocolClient.java:onNext(254)) - client-E0FA40453D59->0c156e3c-57cc-425b-90ef-9bcaa62a7535: receive RaftClientReply:client-E0FA40453D59->0c156e3c-57cc-425b-90ef-9bcaa62a7535@group-7704A457760D, cid=3497, SUCCESS, logIndex=5896, commits[0c156e3c-57cc-425b-90ef-9bcaa62a7535:c5896]
2019-06-14 13:46:06,941 INFO  client.GrpcClientProtocolClient (GrpcClientProtocolClient.java:onNext(254)) - client-E0FA40453D59->0c156e3c-57cc-425b-90ef-9bcaa62a7535: receive RaftClientReply:client-E0FA40453D59->0c156e3c-57cc-425b-90ef-9bcaa62a7535@group-7704A457760D, cid=3498, SUCCESS, logIndex=5898, commits[0c156e3c-57cc-425b-90ef-9bcaa62a7535:c5898]
2019-06-14 13:46:06,944 INFO  client.GrpcClientProtocolClient (GrpcClientProtocolClient.java:onNext(254)) - client-E0FA40453D59->0c156e3c-57cc-425b-90ef-9bcaa62a7535: receive RaftClientReply:client-E0FA40453D59->0c156e3c-57cc-425b-90ef-9bcaa62a7535@group-7704A457760D, cid=3499, SUCCESS, logIndex=5899, commits[0c156e3c-57cc-425b-90ef-9bcaa62a7535:c5901]
2019-06-14 13:46:06,944 INFO  client.GrpcClientProtocolClient (GrpcClientProtocolClient.java:onNext(254)) - client-E0FA40453D59->0c156e3c-57cc-425b-90ef-9bcaa62a7535: receive RaftClientReply:client-E0FA40453D59->0c156e3c-57cc-425b-90ef-9bcaa62a7535@group-7704A457760D, cid=3500, SUCCESS, logIndex=5900, commits[0c156e3c-57cc-425b-90ef-9bcaa62a7535:c5901]
2019-06-14 13:46:06,949 INFO  client.GrpcClientProtocolClient (GrpcClientProtocolClient.java:onNext(254)) - client-E0FA40453D59->0c156e3c-57cc-425b-90ef-9bcaa62a7535: receive RaftClientReply:client-E0FA40453D59->0c156e3c-57cc-425b-90ef-9bcaa62a7535@group-7704A457760D, cid=3501, SUCCESS, logIndex=5902, commits[0c156e3c-57cc-425b-90ef-9bcaa62a7535:c5902]
2019-06-14 13:46:06,951 INFO  client.GrpcClientProtocolClient (GrpcClientProtocolClient.java:onNext(254)) - client-E0FA40453D59->0c156e3c-57cc-425b-90ef-9bcaa62a7535: receive RaftClientReply:client-E0FA40453D59->0c156e3c-57cc-425b-90ef-9bcaa62a7535@group-7704A457760D, cid=3502, SUCCESS, logIndex=5904, commits[0c156e3c-57cc-425b-90ef-9bcaa62a7535:c5904]
2019-06-14 13:46:06,952 INFO  client.GrpcClientProtocolClient (GrpcClientProtocolClient.java:onNext(254)) - client-E0FA40453D59->0c156e3c-57cc-425b-90ef-9bcaa62a7535: receive RaftClientReply:client-E0FA40453D59->0c156e3c-57cc-425b-90ef-9bcaa62a7535@group-7704A457760D, cid=3503, SUCCESS, logIndex=5905, commits[0c156e3c-57cc-425b-90ef-9bcaa62a7535:c5907]
2019-06-14 13:46:06,952 INFO  client.GrpcClientProtocolClient (GrpcClientProtocolClient.java:onNext(254)) - client-E0FA40453D59->0c156e3c-57cc-425b-90ef-9bcaa62a7535: receive RaftClientReply:client-E0FA40453D59->0c156e3c-57cc-425b-90ef-9bcaa62a7535@group-7704A457760D, cid=3504, SUCCESS, logIndex=5906, commits[0c156e3c-57cc-425b-90ef-9bcaa62a7535:c5907]
2019-06-14 13:46:06,962 INFO  client.GrpcClientProtocolClient (GrpcClientProtocolClient.java:onNext(254)) - client-E0FA40453D59->0c156e3c-57cc-425b-90ef-9bcaa62a7535: receive RaftClientReply:client-E0FA40453D59->0c156e3c-57cc-425b-90ef-9bcaa62a7535@group-7704A457760D, cid=3505, SUCCESS, logIndex=5908, commits[0c156e3c-57cc-425b-90ef-9bcaa62a7535:c5908]
2019-06-14 13:46:06,963 INFO  client.GrpcClientProtocolClient (GrpcClientProtocolClient.java:onNext(254)) - client-E0FA40453D59->0c156e3c-57cc-425b-90ef-9bcaa62a7535: receive RaftClientReply:client-E0FA40453D59->0c156e3c-57cc-425b-90ef-9bcaa62a7535@group-7704A457760D, cid=3506, SUCCESS, logIndex=5910, commits[0c156e3c-57cc-425b-90ef-9bcaa62a7535:c5910]
2019-06-14 13:46:06,964 INFO  client.GrpcClientProtocolClient (GrpcClientProtocolClient.java:onNext(254)) - client-E0FA40453D59->0c156e3c-57cc-425b-90ef-9bcaa62a7535: receive RaftClientReply:client-E0FA40453D59->0c156e3c-57cc-425b-90ef-9bcaa62a7535@group-7704A457760D, cid=3507, SUCCESS, logIndex=5911, commits[0c156e3c-57cc-425b-90ef-9bcaa62a7535:c5913]
2019-06-14 13:46:06,964 INFO  client.GrpcClientProtocolClient (GrpcClientProtocolClient.java:onNext(254)) - client-E0FA40453D59->0c156e3c-57cc-425b-90ef-9bcaa62a7535: receive RaftClientReply:client-E0FA40453D59->0c156e3c-57cc-425b-90ef-9bcaa62a7535@group-7704A457760D, cid=3508, SUCCESS, logIndex=5912, commits[0c156e3c-57cc-425b-90ef-9bcaa62a7535:c5913]
2019-06-14 13:46:06,969 INFO  client.GrpcClientProtocolClient (GrpcClientProtocolClient.java:onNext(254)) - client-E0FA40453D59->0c156e3c-57cc-425b-90ef-9bcaa62a7535: receive RaftClientReply:client-E0FA40453D59->0c156e3c-57cc-425b-90ef-9bcaa62a7535@group-7704A457760D, cid=3509, SUCCESS, logIndex=5914, commits[0c156e3c-57cc-425b-90ef-9bcaa62a7535:c5914]
2019-06-14 13:46:06,971 INFO  client.GrpcClientProtocolClient (GrpcClientProtocolClient.java:onNext(254)) - client-E0FA40453D59->0c156e3c-57cc-425b-90ef-9bcaa62a7535: receive RaftClientReply:client-E0FA40453D59->0c156e3c-57cc-425b-90ef-9bcaa62a7535@group-7704A457760D, cid=3510, SUCCESS, logIndex=5916, commits[0c156e3c-57cc-425b-90ef-9bcaa62a7535:c5916]
2019-06-14 13:46:06,972 INFO  client.GrpcClientProtocolClient (GrpcClientProtocolClient.java:onNext(254)) - client-E0FA40453D59->0c156e3c-57cc-425b-90ef-9bcaa62a7535: receive RaftClientReply:client-E0FA40453D59->0c156e3c-57cc-425b-90ef-9bcaa62a7535@group-7704A457760D, cid=3511, SUCCESS, logIndex=5917, commits[0c156e3c-57cc-425b-90ef-9bcaa62a7535:c5919]
2019-06-14 13:46:06,972 INFO  client.GrpcClientProtocolClient (GrpcClientProtocolClient.java:onNext(254)) - client-E0FA40453D59->0c156e3c-57cc-425b-90ef-9bcaa62a7535: receive RaftClientReply:client-E0FA40453D59->0c156e3c-57cc-425b-90ef-9bcaa62a7535@group-7704A457760D, cid=3512, SUCCESS, logIndex=5918, commits[0c156e3c-57cc-425b-90ef-9bcaa62a7535:c5919]
2019-06-14 13:46:06,985 INFO  client.GrpcClientProtocolClient (GrpcClientProtocolClient.java:onNext(254)) - client-E0FA40453D59->0c156e3c-57cc-425b-90ef-9bcaa62a7535: receive RaftClientReply:client-E0FA40453D59->0c156e3c-57cc-425b-90ef-9bcaa62a7535@group-7704A457760D, cid=3513, SUCCESS, logIndex=5920, commits[0c156e3c-57cc-425b-90ef-9bcaa62a7535:c5920]
2019-06-14 13:46:06,986 INFO  client.GrpcClientProtocolClient (GrpcClientProtocolClient.java:onNext(254)) - client-E0FA40453D59->0c156e3c-57cc-425b-90ef-9bcaa62a7535: receive RaftClientReply:client-E0FA40453D59->0c156e3c-57cc-425b-90ef-9bcaa62a7535@group-7704A457760D, cid=3514, SUCCESS, logIndex=5922, commits[0c156e3c-57cc-425b-90ef-9bcaa62a7535:c5922]
2019-06-14 13:46:06,987 INFO  client.GrpcClientProtocolClient (GrpcClientProtocolClient.java:onNext(254)) - client-E0FA40453D59->0c156e3c-57cc-425b-90ef-9bcaa62a7535: receive RaftClientReply:client-E0FA40453D59->0c156e3c-57cc-425b-90ef-9bcaa62a7535@group-7704A457760D, cid=3515, SUCCESS, logIndex=5923, commits[0c156e3c-57cc-425b-90ef-9bcaa62a7535:c5923]
2019-06-14 13:46:06,987 INFO  client.GrpcClientProtocolClient (GrpcClientProtocolClient.java:onNext(254)) - client-E0FA40453D59->0c156e3c-57cc-425b-90ef-9bcaa62a7535: receive RaftClientReply:client-E0FA40453D59->0c156e3c-57cc-425b-90ef-9bcaa62a7535@group-7704A457760D, cid=3516, SUCCESS, logIndex=5925, commits[0c156e3c-57cc-425b-90ef-9bcaa62a7535:c5925]
2019-06-14 13:46:06,992 INFO  client.GrpcClientProtocolClient (GrpcClientProtocolClient.java:onNext(254)) - client-E0FA40453D59->0c156e3c-57cc-425b-90ef-9bcaa62a7535: receive RaftClientReply:client-E0FA40453D59->0c156e3c-57cc-425b-90ef-9bcaa62a7535@group-7704A457760D, cid=3517, SUCCESS, logIndex=5928, commits[0c156e3c-57cc-425b-90ef-9bcaa62a7535:c5928]
2019-06-14 13:46:06,993 INFO  client.GrpcClientProtocolClient (GrpcClientProtocolClient.java:onNext(254)) - client-E0FA40453D59->0c156e3c-57cc-425b-90ef-9bcaa62a7535: receive RaftClientReply:client-E0FA40453D59->0c156e3c-57cc-425b-90ef-9bcaa62a7535@group-7704A457760D, cid=3518, SUCCESS, logIndex=5930, commits[0c156e3c-57cc-425b-90ef-9bcaa62a7535:c5930]
2019-06-14 13:46:06,994 INFO  client.GrpcClientProtocolClient (GrpcClientProtocolClient.java:onNext(254)) - client-E0FA40453D59->0c156e3c-57cc-425b-90ef-9bcaa62a7535: receive RaftClientReply:client-E0FA40453D59->0c156e3c-57cc-425b-90ef-9bcaa62a7535@group-7704A457760D, cid=3519, SUCCESS, logIndex=5931, commits[0c156e3c-57cc-425b-90ef-9bcaa62a7535:c5933]
2019-06-14 13:46:06,994 INFO  client.GrpcClientProtocolClient (GrpcClientProtocolClient.java:onNext(254)) - client-E0FA40453D59->0c156e3c-57cc-425b-90ef-9bcaa62a7535: receive RaftClientReply:client-E0FA40453D59->0c156e3c-57cc-425b-90ef-9bcaa62a7535@group-7704A457760D, cid=3520, SUCCESS, logIndex=5932, commits[0c156e3c-57cc-425b-90ef-9bcaa62a7535:c5933]
2019-06-14 13:46:07,015 INFO  client.GrpcClientProtocolClient (GrpcClientProtocolClient.java:onNext(254)) - client-E0FA40453D59->0c156e3c-57cc-425b-90ef-9bcaa62a7535: receive RaftClientReply:client-E0FA40453D59->0c156e3c-57cc-425b-90ef-9bcaa62a7535@group-7704A457760D, cid=3521, SUCCESS, logIndex=5934, commits[0c156e3c-57cc-425b-90ef-9bcaa62a7535:c5934]
2019-06-14 13:46:07,015 INFO  storage.RaftLogWorker (RaftLogWorker.java:rollLogSegment(303)) - 0c156e3c-57cc-425b-90ef-9bcaa62a7535-RaftLogWorker: Rolling segment log-5869_5936 to index:5936
2019-06-14 13:46:07,016 INFO  storage.RaftLogWorker (RaftLogWorker.java:execute(433)) - 0c156e3c-57cc-425b-90ef-9bcaa62a7535-RaftLogWorker: Rolled log segment from /opt/src/hadoop-ozone/integration-test/target/test-dir/MiniOzoneClusterImpl-8919240e-7e15-4dbf-8bf4-c210578586bb/datanode-0/data/ratis/1fc53845-3381-4beb-82f9-7704a457760d/current/log_inprogress_5869 to /opt/src/hadoop-ozone/integration-test/target/test-dir/MiniOzoneClusterImpl-8919240e-7e15-4dbf-8bf4-c210578586bb/datanode-0/data/ratis/1fc53845-3381-4beb-82f9-7704a457760d/current/log_5869-5936
2019-06-14 13:46:07,026 INFO  client.GrpcClientProtocolClient (GrpcClientProtocolClient.java:onNext(254)) - client-E0FA40453D59->0c156e3c-57cc-425b-90ef-9bcaa62a7535: receive RaftClientReply:client-E0FA40453D59->0c156e3c-57cc-425b-90ef-9bcaa62a7535@group-7704A457760D, cid=3522, SUCCESS, logIndex=5936, commits[0c156e3c-57cc-425b-90ef-9bcaa62a7535:c5936]
2019-06-14 13:46:07,031 DEBUG block.SCMBlockDeletingService (SCMBlockDeletingService.java:call(138)) - Running DeletedBlockTransactionScanner
2019-06-14 13:46:07,032 DEBUG block.SCMBlockDeletingService (SCMBlockDeletingService.java:call(155)) - Scanned deleted blocks log and got 0 delTX to process.
2019-06-14 13:46:07,053 INFO  storage.RaftLogWorker (RaftLogWorker.java:execute(469)) - 0c156e3c-57cc-425b-90ef-9bcaa62a7535-RaftLogWorker: created new log segment /opt/src/hadoop-ozone/integration-test/target/test-dir/MiniOzoneClusterImpl-8919240e-7e15-4dbf-8bf4-c210578586bb/datanode-0/data/ratis/1fc53845-3381-4beb-82f9-7704a457760d/current/log_inprogress_5937
2019-06-14 13:46:07,055 INFO  client.GrpcClientProtocolClient (GrpcClientProtocolClient.java:onNext(254)) - client-E0FA40453D59->0c156e3c-57cc-425b-90ef-9bcaa62a7535: receive RaftClientReply:client-E0FA40453D59->0c156e3c-57cc-425b-90ef-9bcaa62a7535@group-7704A457760D, cid=3523, SUCCESS, logIndex=5937, commits[0c156e3c-57cc-425b-90ef-9bcaa62a7535:c5939]
2019-06-14 13:46:07,055 INFO  client.GrpcClientProtocolClient (GrpcClientProtocolClient.java:onNext(254)) - client-E0FA40453D59->0c156e3c-57cc-425b-90ef-9bcaa62a7535: receive RaftClientReply:client-E0FA40453D59->0c156e3c-57cc-425b-90ef-9bcaa62a7535@group-7704A457760D, cid=3524, SUCCESS, logIndex=5939, commits[0c156e3c-57cc-425b-90ef-9bcaa62a7535:c5940]
2019-06-14 13:46:07,060 INFO  client.GrpcClientProtocolClient (GrpcClientProtocolClient.java:onNext(254)) - client-E0FA40453D59->0c156e3c-57cc-425b-90ef-9bcaa62a7535: receive RaftClientReply:client-E0FA40453D59->0c156e3c-57cc-425b-90ef-9bcaa62a7535@group-7704A457760D, cid=3525, SUCCESS, logIndex=5941, commits[0c156e3c-57cc-425b-90ef-9bcaa62a7535:c5941]
2019-06-14 13:46:07,061 INFO  client.GrpcClientProtocolClient (GrpcClientProtocolClient.java:onNext(254)) - client-E0FA40453D59->0c156e3c-57cc-425b-90ef-9bcaa62a7535: receive RaftClientReply:client-E0FA40453D59->0c156e3c-57cc-425b-90ef-9bcaa62a7535@group-7704A457760D, cid=3526, SUCCESS, logIndex=5943, commits[0c156e3c-57cc-425b-90ef-9bcaa62a7535:c5943]
2019-06-14 13:46:07,062 INFO  client.GrpcClientProtocolClient (GrpcClientProtocolClient.java:onNext(254)) - client-E0FA40453D59->0c156e3c-57cc-425b-90ef-9bcaa62a7535: receive RaftClientReply:client-E0FA40453D59->0c156e3c-57cc-425b-90ef-9bcaa62a7535@group-7704A457760D, cid=3527, SUCCESS, logIndex=5944, commits[0c156e3c-57cc-425b-90ef-9bcaa62a7535:c5946]
2019-06-14 13:46:07,062 INFO  client.GrpcClientProtocolClient (GrpcClientProtocolClient.java:onNext(254)) - client-E0FA40453D59->0c156e3c-57cc-425b-90ef-9bcaa62a7535: receive RaftClientReply:client-E0FA40453D59->0c156e3c-57cc-425b-90ef-9bcaa62a7535@group-7704A457760D, cid=3528, SUCCESS, logIndex=5945, commits[0c156e3c-57cc-425b-90ef-9bcaa62a7535:c5946]
2019-06-14 13:46:07,072 INFO  client.GrpcClientProtocolClient (GrpcClientProtocolClient.java:onNext(254)) - client-E0FA40453D59->0c156e3c-57cc-425b-90ef-9bcaa62a7535: receive RaftClientReply:client-E0FA40453D59->0c156e3c-57cc-425b-90ef-9bcaa62a7535@group-7704A457760D, cid=3529, SUCCESS, logIndex=5947, commits[0c156e3c-57cc-425b-90ef-9bcaa62a7535:c5947]
2019-06-14 13:46:07,074 INFO  client.GrpcClientProtocolClient (GrpcClientProtocolClient.java:onNext(254)) - client-E0FA40453D59->0c156e3c-57cc-425b-90ef-9bcaa62a7535: receive RaftClientReply:client-E0FA40453D59->0c156e3c-57cc-425b-90ef-9bcaa62a7535@group-7704A457760D, cid=3530, SUCCESS, logIndex=5949, commits[0c156e3c-57cc-425b-90ef-9bcaa62a7535:c5949]
2019-06-14 13:46:07,074 INFO  client.GrpcClientProtocolClient (GrpcClientProtocolClient.java:onNext(254)) - client-E0FA40453D59->0c156e3c-57cc-425b-90ef-9bcaa62a7535: receive RaftClientReply:client-E0FA40453D59->0c156e3c-57cc-425b-90ef-9bcaa62a7535@group-7704A457760D, cid=3531, SUCCESS, logIndex=5950, commits[0c156e3c-57cc-425b-90ef-9bcaa62a7535:c5951]
2019-06-14 13:46:07,075 INFO  client.GrpcClientProtocolClient (GrpcClientProtocolClient.java:onNext(254)) - client-E0FA40453D59->0c156e3c-57cc-425b-90ef-9bcaa62a7535: receive RaftClientReply:client-E0FA40453D59->0c156e3c-57cc-425b-90ef-9bcaa62a7535@group-7704A457760D, cid=3532, SUCCESS, logIndex=5951, commits[0c156e3c-57cc-425b-90ef-9bcaa62a7535:c5951]
2019-06-14 13:46:07,079 INFO  client.GrpcClientProtocolClient (GrpcClientProtocolClient.java:onNext(254)) - client-E0FA40453D59->0c156e3c-57cc-425b-90ef-9bcaa62a7535: receive RaftClientReply:client-E0FA40453D59->0c156e3c-57cc-425b-90ef-9bcaa62a7535@group-7704A457760D, cid=3533, SUCCESS, logIndex=5954, commits[0c156e3c-57cc-425b-90ef-9bcaa62a7535:c5954]
2019-06-14 13:46:07,081 INFO  client.GrpcClientProtocolClient (GrpcClientProtocolClient.java:onNext(254)) - client-E0FA40453D59->0c156e3c-57cc-425b-90ef-9bcaa62a7535: receive RaftClientReply:client-E0FA40453D59->0c156e3c-57cc-425b-90ef-9bcaa62a7535@group-7704A457760D, cid=3534, SUCCESS, logIndex=5956, commits[0c156e3c-57cc-425b-90ef-9bcaa62a7535:c5956]
2019-06-14 13:46:07,082 INFO  client.GrpcClientProtocolClient (GrpcClientProtocolClient.java:onNext(254)) - client-E0FA40453D59->0c156e3c-57cc-425b-90ef-9bcaa62a7535: receive RaftClientReply:client-E0FA40453D59->0c156e3c-57cc-425b-90ef-9bcaa62a7535@group-7704A457760D, cid=3535, SUCCESS, logIndex=5957, commits[0c156e3c-57cc-425b-90ef-9bcaa62a7535:c5959]
2019-06-14 13:46:07,082 INFO  client.GrpcClientProtocolClient (GrpcClientProtocolClient.java:onNext(254)) - client-E0FA40453D59->0c156e3c-57cc-425b-90ef-9bcaa62a7535: receive RaftClientReply:client-E0FA40453D59->0c156e3c-57cc-425b-90ef-9bcaa62a7535@group-7704A457760D, cid=3536, SUCCESS, logIndex=5958, commits[0c156e3c-57cc-425b-90ef-9bcaa62a7535:c5959]
2019-06-14 13:46:07,132 DEBUG block.SCMBlockDeletingService (SCMBlockDeletingService.java:call(138)) - Running DeletedBlockTransactionScanner
2019-06-14 13:46:07,132 DEBUG block.SCMBlockDeletingService (SCMBlockDeletingService.java:call(155)) - Scanned deleted blocks log and got 0 delTX to process.
2019-06-14 13:46:07,169 INFO  client.GrpcClientProtocolClient (GrpcClientProtocolClient.java:onNext(254)) - client-E0FA40453D59->0c156e3c-57cc-425b-90ef-9bcaa62a7535: receive RaftClientReply:client-E0FA40453D59->0c156e3c-57cc-425b-90ef-9bcaa62a7535@group-7704A457760D, cid=3537, SUCCESS, logIndex=5960, commits[0c156e3c-57cc-425b-90ef-9bcaa62a7535:c5960]
2019-06-14 13:46:07,172 INFO  client.GrpcClientProtocolClient (GrpcClientProtocolClient.java:onNext(254)) - client-E0FA40453D59->0c156e3c-57cc-425b-90ef-9bcaa62a7535: receive RaftClientReply:client-E0FA40453D59->0c156e3c-57cc-425b-90ef-9bcaa62a7535@group-7704A457760D, cid=3538, SUCCESS, logIndex=5962, commits[0c156e3c-57cc-425b-90ef-9bcaa62a7535:c5964]
2019-06-14 13:46:07,172 INFO  client.GrpcClientProtocolClient (GrpcClientProtocolClient.java:onNext(254)) - client-E0FA40453D59->0c156e3c-57cc-425b-90ef-9bcaa62a7535: receive RaftClientReply:client-E0FA40453D59->0c156e3c-57cc-425b-90ef-9bcaa62a7535@group-7704A457760D, cid=3539, SUCCESS, logIndex=5963, commits[0c156e3c-57cc-425b-90ef-9bcaa62a7535:c5964]
2019-06-14 13:46:07,174 INFO  client.GrpcClientProtocolClient (GrpcClientProtocolClient.java:onNext(254)) - client-E0FA40453D59->0c156e3c-57cc-425b-90ef-9bcaa62a7535: receive RaftClientReply:client-E0FA40453D59->0c156e3c-57cc-425b-90ef-9bcaa62a7535@group-7704A457760D, cid=3540, SUCCESS, logIndex=5964, commits[0c156e3c-57cc-425b-90ef-9bcaa62a7535:c5965]
2019-06-14 13:46:07,180 INFO  client.GrpcClientProtocolClient (GrpcClientProtocolClient.java:onNext(254)) - client-E0FA40453D59->0c156e3c-57cc-425b-90ef-9bcaa62a7535: receive RaftClientReply:client-E0FA40453D59->0c156e3c-57cc-425b-90ef-9bcaa62a7535@group-7704A457760D, cid=3541, SUCCESS, logIndex=5966, commits[0c156e3c-57cc-425b-90ef-9bcaa62a7535:c5966]
2019-06-14 13:46:07,181 INFO  client.GrpcClientProtocolClient (GrpcClientProtocolClient.java:onNext(254)) - client-E0FA40453D59->0c156e3c-57cc-425b-90ef-9bcaa62a7535: receive RaftClientReply:client-E0FA40453D59->0c156e3c-57cc-425b-90ef-9bcaa62a7535@group-7704A457760D, cid=3542, SUCCESS, logIndex=5968, commits[0c156e3c-57cc-425b-90ef-9bcaa62a7535:c5968]
2019-06-14 13:46:07,182 INFO  client.GrpcClientProtocolClient (GrpcClientProtocolClient.java:onNext(254)) - client-E0FA40453D59->0c156e3c-57cc-425b-90ef-9bcaa62a7535: receive RaftClientReply:client-E0FA40453D59->0c156e3c-57cc-425b-90ef-9bcaa62a7535@group-7704A457760D, cid=3543, SUCCESS, logIndex=5969, commits[0c156e3c-57cc-425b-90ef-9bcaa62a7535:c5971]
2019-06-14 13:46:07,182 INFO  client.GrpcClientProtocolClient (GrpcClientProtocolClient.java:onNext(254)) - client-E0FA40453D59->0c156e3c-57cc-425b-90ef-9bcaa62a7535: receive RaftClientReply:client-E0FA40453D59->0c156e3c-57cc-425b-90ef-9bcaa62a7535@group-7704A457760D, cid=3544, SUCCESS, logIndex=5970, commits[0c156e3c-57cc-425b-90ef-9bcaa62a7535:c5971]
2019-06-14 13:46:07,193 INFO  client.GrpcClientProtocolClient (GrpcClientProtocolClient.java:onNext(254)) - client-E0FA40453D59->0c156e3c-57cc-425b-90ef-9bcaa62a7535: receive RaftClientReply:client-E0FA40453D59->0c156e3c-57cc-425b-90ef-9bcaa62a7535@group-7704A457760D, cid=3545, SUCCESS, logIndex=5972, commits[0c156e3c-57cc-425b-90ef-9bcaa62a7535:c5972]
2019-06-14 13:46:07,194 INFO  client.GrpcClientProtocolClient (GrpcClientProtocolClient.java:onNext(254)) - client-E0FA40453D59->0c156e3c-57cc-425b-90ef-9bcaa62a7535: receive RaftClientReply:client-E0FA40453D59->0c156e3c-57cc-425b-90ef-9bcaa62a7535@group-7704A457760D, cid=3546, SUCCESS, logIndex=5974, commits[0c156e3c-57cc-425b-90ef-9bcaa62a7535:c5974]
2019-06-14 13:46:07,195 INFO  client.GrpcClientProtocolClient (GrpcClientProtocolClient.java:onNext(254)) - client-E0FA40453D59->0c156e3c-57cc-425b-90ef-9bcaa62a7535: receive RaftClientReply:client-E0FA40453D59->0c156e3c-57cc-425b-90ef-9bcaa62a7535@group-7704A457760D, cid=3547, SUCCESS, logIndex=5975, commits[0c156e3c-57cc-425b-90ef-9bcaa62a7535:c5977]
2019-06-14 13:46:07,195 INFO  client.GrpcClientProtocolClient (GrpcClientProtocolClient.java:onNext(254)) - client-E0FA40453D59->0c156e3c-57cc-425b-90ef-9bcaa62a7535: receive RaftClientReply:client-E0FA40453D59->0c156e3c-57cc-425b-90ef-9bcaa62a7535@group-7704A457760D, cid=3548, SUCCESS, logIndex=5976, commits[0c156e3c-57cc-425b-90ef-9bcaa62a7535:c5977]
2019-06-14 13:46:07,200 INFO  client.GrpcClientProtocolClient (GrpcClientProtocolClient.java:onNext(254)) - client-E0FA40453D59->0c156e3c-57cc-425b-90ef-9bcaa62a7535: receive RaftClientReply:client-E0FA40453D59->0c156e3c-57cc-425b-90ef-9bcaa62a7535@group-7704A457760D, cid=3549, SUCCESS, logIndex=5978, commits[0c156e3c-57cc-425b-90ef-9bcaa62a7535:c5978]
2019-06-14 13:46:07,201 INFO  client.GrpcClientProtocolClient (GrpcClientProtocolClient.java:onNext(254)) - client-E0FA40453D59->0c156e3c-57cc-425b-90ef-9bcaa62a7535: receive RaftClientReply:client-E0FA40453D59->0c156e3c-57cc-425b-90ef-9bcaa62a7535@group-7704A457760D, cid=3550, SUCCESS, logIndex=5980, commits[0c156e3c-57cc-425b-90ef-9bcaa62a7535:c5980]
2019-06-14 13:46:07,203 INFO  client.GrpcClientProtocolClient (GrpcClientProtocolClient.java:onNext(254)) - client-E0FA40453D59->0c156e3c-57cc-425b-90ef-9bcaa62a7535: receive RaftClientReply:client-E0FA40453D59->0c156e3c-57cc-425b-90ef-9bcaa62a7535@group-7704A457760D, cid=3551, SUCCESS, logIndex=5981, commits[0c156e3c-57cc-425b-90ef-9bcaa62a7535:c5983]
2019-06-14 13:46:07,203 INFO  client.GrpcClientProtocolClient (GrpcClientProtocolClient.java:onNext(254)) - client-E0FA40453D59->0c156e3c-57cc-425b-90ef-9bcaa62a7535: receive RaftClientReply:client-E0FA40453D59->0c156e3c-57cc-425b-90ef-9bcaa62a7535@group-7704A457760D, cid=3552, SUCCESS, logIndex=5982, commits[0c156e3c-57cc-425b-90ef-9bcaa62a7535:c5983]
2019-06-14 13:46:07,212 INFO  client.GrpcClientProtocolClient (GrpcClientProtocolClient.java:onNext(254)) - client-E0FA40453D59->0c156e3c-57cc-425b-90ef-9bcaa62a7535: receive RaftClientReply:client-E0FA40453D59->0c156e3c-57cc-425b-90ef-9bcaa62a7535@group-7704A457760D, cid=3553, SUCCESS, logIndex=5984, commits[0c156e3c-57cc-425b-90ef-9bcaa62a7535:c5984]
2019-06-14 13:46:07,214 INFO  client.GrpcClientProtocolClient (GrpcClientProtocolClient.java:onNext(254)) - client-E0FA40453D59->0c156e3c-57cc-425b-90ef-9bcaa62a7535: receive RaftClientReply:client-E0FA40453D59->0c156e3c-57cc-425b-90ef-9bcaa62a7535@group-7704A457760D, cid=3554, SUCCESS, logIndex=5986, commits[0c156e3c-57cc-425b-90ef-9bcaa62a7535:c5986]
2019-06-14 13:46:07,215 INFO  client.GrpcClientProtocolClient (GrpcClientProtocolClient.java:onNext(254)) - client-E0FA40453D59->0c156e3c-57cc-425b-90ef-9bcaa62a7535: receive RaftClientReply:client-E0FA40453D59->0c156e3c-57cc-425b-90ef-9bcaa62a7535@group-7704A457760D, cid=3555, SUCCESS, logIndex=5987, commits[0c156e3c-57cc-425b-90ef-9bcaa62a7535:c5989]
2019-06-14 13:46:07,216 INFO  client.GrpcClientProtocolClient (GrpcClientProtocolClient.java:onNext(254)) - client-E0FA40453D59->0c156e3c-57cc-425b-90ef-9bcaa62a7535: receive RaftClientReply:client-E0FA40453D59->0c156e3c-57cc-425b-90ef-9bcaa62a7535@group-7704A457760D, cid=3556, SUCCESS, logIndex=5988, commits[0c156e3c-57cc-425b-90ef-9bcaa62a7535:c5989]
2019-06-14 13:46:07,220 INFO  client.GrpcClientProtocolClient (GrpcClientProtocolClient.java:onNext(254)) - client-E0FA40453D59->0c156e3c-57cc-425b-90ef-9bcaa62a7535: receive RaftClientReply:client-E0FA40453D59->0c156e3c-57cc-425b-90ef-9bcaa62a7535@group-7704A457760D, cid=3557, SUCCESS, logIndex=5990, commits[0c156e3c-57cc-425b-90ef-9bcaa62a7535:c5990]
2019-06-14 13:46:07,221 INFO  client.GrpcClientProtocolClient (GrpcClientProtocolClient.java:onNext(254)) - client-E0FA40453D59->0c156e3c-57cc-425b-90ef-9bcaa62a7535: receive RaftClientReply:client-E0FA40453D59->0c156e3c-57cc-425b-90ef-9bcaa62a7535@group-7704A457760D, cid=3558, SUCCESS, logIndex=5992, commits[0c156e3c-57cc-425b-90ef-9bcaa62a7535:c5992]
2019-06-14 13:46:07,222 INFO  client.GrpcClientProtocolClient (GrpcClientProtocolClient.java:onNext(254)) - client-E0FA40453D59->0c156e3c-57cc-425b-90ef-9bcaa62a7535: receive RaftClientReply:client-E0FA40453D59->0c156e3c-57cc-425b-90ef-9bcaa62a7535@group-7704A457760D, cid=3559, SUCCESS, logIndex=5993, commits[0c156e3c-57cc-425b-90ef-9bcaa62a7535:c5995]
2019-06-14 13:46:07,222 INFO  client.GrpcClientProtocolClient (GrpcClientProtocolClient.java:onNext(254)) - client-E0FA40453D59->0c156e3c-57cc-425b-90ef-9bcaa62a7535: receive RaftClientReply:client-E0FA40453D59->0c156e3c-57cc-425b-90ef-9bcaa62a7535@group-7704A457760D, cid=3560, SUCCESS, logIndex=5994, commits[0c156e3c-57cc-425b-90ef-9bcaa62a7535:c5995]
2019-06-14 13:46:07,232 INFO  client.GrpcClientProtocolClient (GrpcClientProtocolClient.java:onNext(254)) - client-E0FA40453D59->0c156e3c-57cc-425b-90ef-9bcaa62a7535: receive RaftClientReply:client-E0FA40453D59->0c156e3c-57cc-425b-90ef-9bcaa62a7535@group-7704A457760D, cid=3561, SUCCESS, logIndex=5996, commits[0c156e3c-57cc-425b-90ef-9bcaa62a7535:c5996]
2019-06-14 13:46:07,232 DEBUG block.SCMBlockDeletingService (SCMBlockDeletingService.java:call(138)) - Running DeletedBlockTransactionScanner
2019-06-14 13:46:07,232 DEBUG block.SCMBlockDeletingService (SCMBlockDeletingService.java:call(155)) - Scanned deleted blocks log and got 0 delTX to process.
2019-06-14 13:46:07,233 INFO  client.GrpcClientProtocolClient (GrpcClientProtocolClient.java:onNext(254)) - client-E0FA40453D59->0c156e3c-57cc-425b-90ef-9bcaa62a7535: receive RaftClientReply:client-E0FA40453D59->0c156e3c-57cc-425b-90ef-9bcaa62a7535@group-7704A457760D, cid=3562, SUCCESS, logIndex=5998, commits[0c156e3c-57cc-425b-90ef-9bcaa62a7535:c5998]
2019-06-14 13:46:07,234 INFO  client.GrpcClientProtocolClient (GrpcClientProtocolClient.java:onNext(254)) - client-E0FA40453D59->0c156e3c-57cc-425b-90ef-9bcaa62a7535: receive RaftClientReply:client-E0FA40453D59->0c156e3c-57cc-425b-90ef-9bcaa62a7535@group-7704A457760D, cid=3563, SUCCESS, logIndex=5999, commits[0c156e3c-57cc-425b-90ef-9bcaa62a7535:c6001]
2019-06-14 13:46:07,234 INFO  client.GrpcClientProtocolClient (GrpcClientProtocolClient.java:onNext(254)) - client-E0FA40453D59->0c156e3c-57cc-425b-90ef-9bcaa62a7535: receive RaftClientReply:client-E0FA40453D59->0c156e3c-57cc-425b-90ef-9bcaa62a7535@group-7704A457760D, cid=3564, SUCCESS, logIndex=6000, commits[0c156e3c-57cc-425b-90ef-9bcaa62a7535:c6001]
2019-06-14 13:46:07,239 INFO  client.GrpcClientProtocolClient (GrpcClientProtocolClient.java:onNext(254)) - client-E0FA40453D59->0c156e3c-57cc-425b-90ef-9bcaa62a7535: receive RaftClientReply:client-E0FA40453D59->0c156e3c-57cc-425b-90ef-9bcaa62a7535@group-7704A457760D, cid=3565, SUCCESS, logIndex=6002, commits[0c156e3c-57cc-425b-90ef-9bcaa62a7535:c6002]
2019-06-14 13:46:07,239 INFO  storage.RaftLogWorker (RaftLogWorker.java:rollLogSegment(303)) - 0c156e3c-57cc-425b-90ef-9bcaa62a7535-RaftLogWorker: Rolling segment log-5937_6003 to index:6003
2019-06-14 13:46:07,239 INFO  storage.RaftLogWorker (RaftLogWorker.java:execute(433)) - 0c156e3c-57cc-425b-90ef-9bcaa62a7535-RaftLogWorker: Rolled log segment from /opt/src/hadoop-ozone/integration-test/target/test-dir/MiniOzoneClusterImpl-8919240e-7e15-4dbf-8bf4-c210578586bb/datanode-0/data/ratis/1fc53845-3381-4beb-82f9-7704a457760d/current/log_inprogress_5937 to /opt/src/hadoop-ozone/integration-test/target/test-dir/MiniOzoneClusterImpl-8919240e-7e15-4dbf-8bf4-c210578586bb/datanode-0/data/ratis/1fc53845-3381-4beb-82f9-7704a457760d/current/log_5937-6003
2019-06-14 13:46:07,275 INFO  storage.RaftLogWorker (RaftLogWorker.java:execute(469)) - 0c156e3c-57cc-425b-90ef-9bcaa62a7535-RaftLogWorker: created new log segment /opt/src/hadoop-ozone/integration-test/target/test-dir/MiniOzoneClusterImpl-8919240e-7e15-4dbf-8bf4-c210578586bb/datanode-0/data/ratis/1fc53845-3381-4beb-82f9-7704a457760d/current/log_inprogress_6004
2019-06-14 13:46:07,276 INFO  client.GrpcClientProtocolClient (GrpcClientProtocolClient.java:onNext(254)) - client-E0FA40453D59->0c156e3c-57cc-425b-90ef-9bcaa62a7535: receive RaftClientReply:client-E0FA40453D59->0c156e3c-57cc-425b-90ef-9bcaa62a7535@group-7704A457760D, cid=3566, SUCCESS, logIndex=6004, commits[0c156e3c-57cc-425b-90ef-9bcaa62a7535:c6006]
2019-06-14 13:46:07,277 INFO  client.GrpcClientProtocolClient (GrpcClientProtocolClient.java:onNext(254)) - client-E0FA40453D59->0c156e3c-57cc-425b-90ef-9bcaa62a7535: receive RaftClientReply:client-E0FA40453D59->0c156e3c-57cc-425b-90ef-9bcaa62a7535@group-7704A457760D, cid=3567, SUCCESS, logIndex=6005, commits[0c156e3c-57cc-425b-90ef-9bcaa62a7535:c6007]
2019-06-14 13:46:07,277 INFO  client.GrpcClientProtocolClient (GrpcClientProtocolClient.java:onNext(254)) - client-E0FA40453D59->0c156e3c-57cc-425b-90ef-9bcaa62a7535: receive RaftClientReply:client-E0FA40453D59->0c156e3c-57cc-425b-90ef-9bcaa62a7535@group-7704A457760D, cid=3568, SUCCESS, logIndex=6006, commits[0c156e3c-57cc-425b-90ef-9bcaa62a7535:c6007]
2019-06-14 13:46:07,287 INFO  client.GrpcClientProtocolClient (GrpcClientProtocolClient.java:onNext(254)) - client-E0FA40453D59->0c156e3c-57cc-425b-90ef-9bcaa62a7535: receive RaftClientReply:client-E0FA40453D59->0c156e3c-57cc-425b-90ef-9bcaa62a7535@group-7704A457760D, cid=3569, SUCCESS, logIndex=6008, commits[0c156e3c-57cc-425b-90ef-9bcaa62a7535:c6008]
2019-06-14 13:46:07,288 INFO  client.GrpcClientProtocolClient (GrpcClientProtocolClient.java:onNext(254)) - client-E0FA40453D59->0c156e3c-57cc-425b-90ef-9bcaa62a7535: receive RaftClientReply:client-E0FA40453D59->0c156e3c-57cc-425b-90ef-9bcaa62a7535@group-7704A457760D, cid=3570, SUCCESS, logIndex=6010, commits[0c156e3c-57cc-425b-90ef-9bcaa62a7535:c6010]
2019-06-14 13:46:07,290 INFO  client.GrpcClientProtocolClient (GrpcClientProtocolClient.java:onNext(254)) - client-E0FA40453D59->0c156e3c-57cc-425b-90ef-9bcaa62a7535: receive RaftClientReply:client-E0FA40453D59->0c156e3c-57cc-425b-90ef-9bcaa62a7535@group-7704A457760D, cid=3571, SUCCESS, logIndex=6011, commits[0c156e3c-57cc-425b-90ef-9bcaa62a7535:c6013]
2019-06-14 13:46:07,290 INFO  client.GrpcClientProtocolClient (GrpcClientProtocolClient.java:onNext(254)) - client-E0FA40453D59->0c156e3c-57cc-425b-90ef-9bcaa62a7535: receive RaftClientReply:client-E0FA40453D59->0c156e3c-57cc-425b-90ef-9bcaa62a7535@group-7704A457760D, cid=3572, SUCCESS, logIndex=6012, commits[0c156e3c-57cc-425b-90ef-9bcaa62a7535:c6013]
2019-06-14 13:46:07,295 INFO  client.GrpcClientProtocolClient (GrpcClientProtocolClient.java:onNext(254)) - client-E0FA40453D59->0c156e3c-57cc-425b-90ef-9bcaa62a7535: receive RaftClientReply:client-E0FA40453D59->0c156e3c-57cc-425b-90ef-9bcaa62a7535@group-7704A457760D, cid=3573, SUCCESS, logIndex=6014, commits[0c156e3c-57cc-425b-90ef-9bcaa62a7535:c6014]
2019-06-14 13:46:07,340 DEBUG block.SCMBlockDeletingService (SCMBlockDeletingService.java:call(138)) - Running DeletedBlockTransactionScanner
2019-06-14 13:46:07,342 DEBUG block.SCMBlockDeletingService (SCMBlockDeletingService.java:call(155)) - Scanned deleted blocks log and got 0 delTX to process.
2019-06-14 13:46:07,347 INFO  client.GrpcClientProtocolClient (GrpcClientProtocolClient.java:onNext(254)) - client-E0FA40453D59->0c156e3c-57cc-425b-90ef-9bcaa62a7535: receive RaftClientReply:client-E0FA40453D59->0c156e3c-57cc-425b-90ef-9bcaa62a7535@group-7704A457760D, cid=3574, SUCCESS, logIndex=6016, commits[0c156e3c-57cc-425b-90ef-9bcaa62a7535:c6018]
2019-06-14 13:46:07,348 INFO  client.GrpcClientProtocolClient (GrpcClientProtocolClient.java:onNext(254)) - client-E0FA40453D59->0c156e3c-57cc-425b-90ef-9bcaa62a7535: receive RaftClientReply:client-E0FA40453D59->0c156e3c-57cc-425b-90ef-9bcaa62a7535@group-7704A457760D, cid=3575, SUCCESS, logIndex=6017, commits[0c156e3c-57cc-425b-90ef-9bcaa62a7535:c6019]
2019-06-14 13:46:07,348 INFO  client.GrpcClientProtocolClient (GrpcClientProtocolClient.java:onNext(254)) - client-E0FA40453D59->0c156e3c-57cc-425b-90ef-9bcaa62a7535: receive RaftClientReply:client-E0FA40453D59->0c156e3c-57cc-425b-90ef-9bcaa62a7535@group-7704A457760D, cid=3576, SUCCESS, logIndex=6018, commits[0c156e3c-57cc-425b-90ef-9bcaa62a7535:c6019]
2019-06-14 13:46:07,358 INFO  client.GrpcClientProtocolClient (GrpcClientProtocolClient.java:onNext(254)) - client-E0FA40453D59->0c156e3c-57cc-425b-90ef-9bcaa62a7535: receive RaftClientReply:client-E0FA40453D59->0c156e3c-57cc-425b-90ef-9bcaa62a7535@group-7704A457760D, cid=3577, SUCCESS, logIndex=6020, commits[0c156e3c-57cc-425b-90ef-9bcaa62a7535:c6020]
2019-06-14 13:46:07,359 INFO  client.GrpcClientProtocolClient (GrpcClientProtocolClient.java:onNext(254)) - client-E0FA40453D59->0c156e3c-57cc-425b-90ef-9bcaa62a7535: receive RaftClientReply:client-E0FA40453D59->0c156e3c-57cc-425b-90ef-9bcaa62a7535@group-7704A457760D, cid=3578, SUCCESS, logIndex=6022, commits[0c156e3c-57cc-425b-90ef-9bcaa62a7535:c6022]
2019-06-14 13:46:07,361 INFO  client.GrpcClientProtocolClient (GrpcClientProtocolClient.java:onNext(254)) - client-E0FA40453D59->0c156e3c-57cc-425b-90ef-9bcaa62a7535: receive RaftClientReply:client-E0FA40453D59->0c156e3c-57cc-425b-90ef-9bcaa62a7535@group-7704A457760D, cid=3579, SUCCESS, logIndex=6023, commits[0c156e3c-57cc-425b-90ef-9bcaa62a7535:c6025]
2019-06-14 13:46:07,362 INFO  client.GrpcClientProtocolClient (GrpcClientProtocolClient.java:onNext(254)) - client-E0FA40453D59->0c156e3c-57cc-425b-90ef-9bcaa62a7535: receive RaftClientReply:client-E0FA40453D59->0c156e3c-57cc-425b-90ef-9bcaa62a7535@group-7704A457760D, cid=3580, SUCCESS, logIndex=6024, commits[0c156e3c-57cc-425b-90ef-9bcaa62a7535:c6025]
2019-06-14 13:46:07,434 INFO  client.GrpcClientProtocolClient (GrpcClientProtocolClient.java:onNext(254)) - client-E0FA40453D59->0c156e3c-57cc-425b-90ef-9bcaa62a7535: receive RaftClientReply:client-E0FA40453D59->0c156e3c-57cc-425b-90ef-9bcaa62a7535@group-7704A457760D, cid=3581, SUCCESS, logIndex=6026, commits[0c156e3c-57cc-425b-90ef-9bcaa62a7535:c6026]
2019-06-14 13:46:07,436 INFO  client.GrpcClientProtocolClient (GrpcClientProtocolClient.java:onNext(254)) - client-E0FA40453D59->0c156e3c-57cc-425b-90ef-9bcaa62a7535: receive RaftClientReply:client-E0FA40453D59->0c156e3c-57cc-425b-90ef-9bcaa62a7535@group-7704A457760D, cid=3582, SUCCESS, logIndex=6028, commits[0c156e3c-57cc-425b-90ef-9bcaa62a7535:c6028]
2019-06-14 13:46:07,437 INFO  client.GrpcClientProtocolClient (GrpcClientProtocolClient.java:onNext(254)) - client-E0FA40453D59->0c156e3c-57cc-425b-90ef-9bcaa62a7535: receive RaftClientReply:client-E0FA40453D59->0c156e3c-57cc-425b-90ef-9bcaa62a7535@group-7704A457760D, cid=3583, SUCCESS, logIndex=6029, commits[0c156e3c-57cc-425b-90ef-9bcaa62a7535:c6031]
2019-06-14 13:46:07,437 INFO  client.GrpcClientProtocolClient (GrpcClientProtocolClient.java:onNext(254)) - client-E0FA40453D59->0c156e3c-57cc-425b-90ef-9bcaa62a7535: receive RaftClientReply:client-E0FA40453D59->0c156e3c-57cc-425b-90ef-9bcaa62a7535@group-7704A457760D, cid=3584, SUCCESS, logIndex=6030, commits[0c156e3c-57cc-425b-90ef-9bcaa62a7535:c6031]
2019-06-14 13:46:07,442 DEBUG block.SCMBlockDeletingService (SCMBlockDeletingService.java:call(138)) - Running DeletedBlockTransactionScanner
2019-06-14 13:46:07,442 DEBUG block.SCMBlockDeletingService (SCMBlockDeletingService.java:call(155)) - Scanned deleted blocks log and got 0 delTX to process.
2019-06-14 13:46:07,447 INFO  client.GrpcClientProtocolClient (GrpcClientProtocolClient.java:onNext(254)) - client-E0FA40453D59->0c156e3c-57cc-425b-90ef-9bcaa62a7535: receive RaftClientReply:client-E0FA40453D59->0c156e3c-57cc-425b-90ef-9bcaa62a7535@group-7704A457760D, cid=3585, SUCCESS, logIndex=6032, commits[0c156e3c-57cc-425b-90ef-9bcaa62a7535:c6032]
2019-06-14 13:46:07,450 INFO  client.GrpcClientProtocolClient (GrpcClientProtocolClient.java:onNext(254)) - client-E0FA40453D59->0c156e3c-57cc-425b-90ef-9bcaa62a7535: receive RaftClientReply:client-E0FA40453D59->0c156e3c-57cc-425b-90ef-9bcaa62a7535@group-7704A457760D, cid=3586, SUCCESS, logIndex=6034, commits[0c156e3c-57cc-425b-90ef-9bcaa62a7535:c6034]
2019-06-14 13:46:07,451 INFO  client.GrpcClientProtocolClient (GrpcClientProtocolClient.java:onNext(254)) - client-E0FA40453D59->0c156e3c-57cc-425b-90ef-9bcaa62a7535: receive RaftClientReply:client-E0FA40453D59->0c156e3c-57cc-425b-90ef-9bcaa62a7535@group-7704A457760D, cid=3587, SUCCESS, logIndex=6035, commits[0c156e3c-57cc-425b-90ef-9bcaa62a7535:c6037]
2019-06-14 13:46:07,451 INFO  client.GrpcClientProtocolClient (GrpcClientProtocolClient.java:onNext(254)) - client-E0FA40453D59->0c156e3c-57cc-425b-90ef-9bcaa62a7535: receive RaftClientReply:client-E0FA40453D59->0c156e3c-57cc-425b-90ef-9bcaa62a7535@group-7704A457760D, cid=3588, SUCCESS, logIndex=6036, commits[0c156e3c-57cc-425b-90ef-9bcaa62a7535:c6037]
2019-06-14 13:46:07,456 INFO  client.GrpcClientProtocolClient (GrpcClientProtocolClient.java:onNext(254)) - client-E0FA40453D59->0c156e3c-57cc-425b-90ef-9bcaa62a7535: receive RaftClientReply:client-E0FA40453D59->0c156e3c-57cc-425b-90ef-9bcaa62a7535@group-7704A457760D, cid=3589, SUCCESS, logIndex=6038, commits[0c156e3c-57cc-425b-90ef-9bcaa62a7535:c6038]
2019-06-14 13:46:07,458 INFO  client.GrpcClientProtocolClient (GrpcClientProtocolClient.java:onNext(254)) - client-E0FA40453D59->0c156e3c-57cc-425b-90ef-9bcaa62a7535: receive RaftClientReply:client-E0FA40453D59->0c156e3c-57cc-425b-90ef-9bcaa62a7535@group-7704A457760D, cid=3590, SUCCESS, logIndex=6040, commits[0c156e3c-57cc-425b-90ef-9bcaa62a7535:c6040]
2019-06-14 13:46:07,459 INFO  client.GrpcClientProtocolClient (GrpcClientProtocolClient.java:onNext(254)) - client-E0FA40453D59->0c156e3c-57cc-425b-90ef-9bcaa62a7535: receive RaftClientReply:client-E0FA40453D59->0c156e3c-57cc-425b-90ef-9bcaa62a7535@group-7704A457760D, cid=3591, SUCCESS, logIndex=6041, commits[0c156e3c-57cc-425b-90ef-9bcaa62a7535:c6042]
2019-06-14 13:46:07,459 INFO  client.GrpcClientProtocolClient (GrpcClientProtocolClient.java:onNext(254)) - client-E0FA40453D59->0c156e3c-57cc-425b-90ef-9bcaa62a7535: receive RaftClientReply:client-E0FA40453D59->0c156e3c-57cc-425b-90ef-9bcaa62a7535@group-7704A457760D, cid=3592, SUCCESS, logIndex=6042, commits[0c156e3c-57cc-425b-90ef-9bcaa62a7535:c6043]
2019-06-14 13:46:07,470 INFO  client.GrpcClientProtocolClient (GrpcClientProtocolClient.java:onNext(254)) - client-E0FA40453D59->0c156e3c-57cc-425b-90ef-9bcaa62a7535: receive RaftClientReply:client-E0FA40453D59->0c156e3c-57cc-425b-90ef-9bcaa62a7535@group-7704A457760D, cid=3593, SUCCESS, logIndex=6045, commits[0c156e3c-57cc-425b-90ef-9bcaa62a7535:c6045]
2019-06-14 13:46:07,472 INFO  client.GrpcClientProtocolClient (GrpcClientProtocolClient.java:onNext(254)) - client-E0FA40453D59->0c156e3c-57cc-425b-90ef-9bcaa62a7535: receive RaftClientReply:client-E0FA40453D59->0c156e3c-57cc-425b-90ef-9bcaa62a7535@group-7704A457760D, cid=3594, SUCCESS, logIndex=6047, commits[0c156e3c-57cc-425b-90ef-9bcaa62a7535:c6047]
2019-06-14 13:46:07,473 INFO  client.GrpcClientProtocolClient (GrpcClientProtocolClient.java:onNext(254)) - client-E0FA40453D59->0c156e3c-57cc-425b-90ef-9bcaa62a7535: receive RaftClientReply:client-E0FA40453D59->0c156e3c-57cc-425b-90ef-9bcaa62a7535@group-7704A457760D, cid=3595, SUCCESS, logIndex=6048, commits[0c156e3c-57cc-425b-90ef-9bcaa62a7535:c6048]
2019-06-14 13:46:07,473 INFO  client.GrpcClientProtocolClient (GrpcClientProtocolClient.java:onNext(254)) - client-E0FA40453D59->0c156e3c-57cc-425b-90ef-9bcaa62a7535: receive RaftClientReply:client-E0FA40453D59->0c156e3c-57cc-425b-90ef-9bcaa62a7535@group-7704A457760D, cid=3596, SUCCESS, logIndex=6050, commits[0c156e3c-57cc-425b-90ef-9bcaa62a7535:c6050]
2019-06-14 13:46:07,478 INFO  client.GrpcClientProtocolClient (GrpcClientProtocolClient.java:onNext(254)) - client-E0FA40453D59->0c156e3c-57cc-425b-90ef-9bcaa62a7535: receive RaftClientReply:client-E0FA40453D59->0c156e3c-57cc-425b-90ef-9bcaa62a7535@group-7704A457760D, cid=3597, SUCCESS, logIndex=6053, commits[0c156e3c-57cc-425b-90ef-9bcaa62a7535:c6053]
2019-06-14 13:46:07,480 INFO  client.GrpcClientProtocolClient (GrpcClientProtocolClient.java:onNext(254)) - client-E0FA40453D59->0c156e3c-57cc-425b-90ef-9bcaa62a7535: receive RaftClientReply:client-E0FA40453D59->0c156e3c-57cc-425b-90ef-9bcaa62a7535@group-7704A457760D, cid=3598, SUCCESS, logIndex=6055, commits[0c156e3c-57cc-425b-90ef-9bcaa62a7535:c6055]
2019-06-14 13:46:07,481 INFO  client.GrpcClientProtocolClient (GrpcClientProtocolClient.java:onNext(254)) - client-E0FA40453D59->0c156e3c-57cc-425b-90ef-9bcaa62a7535: receive RaftClientReply:client-E0FA40453D59->0c156e3c-57cc-425b-90ef-9bcaa62a7535@group-7704A457760D, cid=3599, SUCCESS, logIndex=6056, commits[0c156e3c-57cc-425b-90ef-9bcaa62a7535:c6058]
2019-06-14 13:46:07,481 INFO  client.GrpcClientProtocolClient (GrpcClientProtocolClient.java:onNext(254)) - client-E0FA40453D59->0c156e3c-57cc-425b-90ef-9bcaa62a7535: receive RaftClientReply:client-E0FA40453D59->0c156e3c-57cc-425b-90ef-9bcaa62a7535@group-7704A457760D, cid=3600, SUCCESS, logIndex=6057, commits[0c156e3c-57cc-425b-90ef-9bcaa62a7535:c6058]
2019-06-14 13:46:07,491 INFO  client.GrpcClientProtocolClient (GrpcClientProtocolClient.java:onNext(254)) - client-E0FA40453D59->0c156e3c-57cc-425b-90ef-9bcaa62a7535: receive RaftClientReply:client-E0FA40453D59->0c156e3c-57cc-425b-90ef-9bcaa62a7535@group-7704A457760D, cid=3601, SUCCESS, logIndex=6059, commits[0c156e3c-57cc-425b-90ef-9bcaa62a7535:c6059]
2019-06-14 13:46:07,493 INFO  client.GrpcClientProtocolClient (GrpcClientProtocolClient.java:onNext(254)) - client-E0FA40453D59->0c156e3c-57cc-425b-90ef-9bcaa62a7535: receive RaftClientReply:client-E0FA40453D59->0c156e3c-57cc-425b-90ef-9bcaa62a7535@group-7704A457760D, cid=3602, SUCCESS, logIndex=6061, commits[0c156e3c-57cc-425b-90ef-9bcaa62a7535:c6061]
2019-06-14 13:46:07,493 INFO  client.GrpcClientProtocolClient (GrpcClientProtocolClient.java:onNext(254)) - client-E0FA40453D59->0c156e3c-57cc-425b-90ef-9bcaa62a7535: receive RaftClientReply:client-E0FA40453D59->0c156e3c-57cc-425b-90ef-9bcaa62a7535@group-7704A457760D, cid=3603, SUCCESS, logIndex=6062, commits[0c156e3c-57cc-425b-90ef-9bcaa62a7535:c6062]
2019-06-14 13:46:07,494 INFO  client.GrpcClientProtocolClient (GrpcClientProtocolClient.java:onNext(254)) - client-E0FA40453D59->0c156e3c-57cc-425b-90ef-9bcaa62a7535: receive RaftClientReply:client-E0FA40453D59->0c156e3c-57cc-425b-90ef-9bcaa62a7535@group-7704A457760D, cid=3604, SUCCESS, logIndex=6064, commits[0c156e3c-57cc-425b-90ef-9bcaa62a7535:c6064]
2019-06-14 13:46:07,499 INFO  client.GrpcClientProtocolClient (GrpcClientProtocolClient.java:onNext(254)) - client-E0FA40453D59->0c156e3c-57cc-425b-90ef-9bcaa62a7535: receive RaftClientReply:client-E0FA40453D59->0c156e3c-57cc-425b-90ef-9bcaa62a7535@group-7704A457760D, cid=3605, SUCCESS, logIndex=6067, commits[0c156e3c-57cc-425b-90ef-9bcaa62a7535:c6067]
2019-06-14 13:46:07,500 INFO  client.GrpcClientProtocolClient (GrpcClientProtocolClient.java:onNext(254)) - client-E0FA40453D59->0c156e3c-57cc-425b-90ef-9bcaa62a7535: receive RaftClientReply:client-E0FA40453D59->0c156e3c-57cc-425b-90ef-9bcaa62a7535@group-7704A457760D, cid=3606, SUCCESS, logIndex=6069, commits[0c156e3c-57cc-425b-90ef-9bcaa62a7535:c6069]
2019-06-14 13:46:07,501 INFO  client.GrpcClientProtocolClient (GrpcClientProtocolClient.java:onNext(254)) - client-E0FA40453D59->0c156e3c-57cc-425b-90ef-9bcaa62a7535: receive RaftClientReply:client-E0FA40453D59->0c156e3c-57cc-425b-90ef-9bcaa62a7535@group-7704A457760D, cid=3607, SUCCESS, logIndex=6070, commits[0c156e3c-57cc-425b-90ef-9bcaa62a7535:c6072]
2019-06-14 13:46:07,501 INFO  client.GrpcClientProtocolClient (GrpcClientProtocolClient.java:onNext(254)) - client-E0FA40453D59->0c156e3c-57cc-425b-90ef-9bcaa62a7535: receive RaftClientReply:client-E0FA40453D59->0c156e3c-57cc-425b-90ef-9bcaa62a7535@group-7704A457760D, cid=3608, SUCCESS, logIndex=6071, commits[0c156e3c-57cc-425b-90ef-9bcaa62a7535:c6072]
2019-06-14 13:46:07,509 INFO  storage.RaftLogWorker (RaftLogWorker.java:rollLogSegment(303)) - 0c156e3c-57cc-425b-90ef-9bcaa62a7535-RaftLogWorker: Rolling segment log-6004_6072 to index:6072
2019-06-14 13:46:07,510 INFO  storage.RaftLogWorker (RaftLogWorker.java:execute(433)) - 0c156e3c-57cc-425b-90ef-9bcaa62a7535-RaftLogWorker: Rolled log segment from /opt/src/hadoop-ozone/integration-test/target/test-dir/MiniOzoneClusterImpl-8919240e-7e15-4dbf-8bf4-c210578586bb/datanode-0/data/ratis/1fc53845-3381-4beb-82f9-7704a457760d/current/log_inprogress_6004 to /opt/src/hadoop-ozone/integration-test/target/test-dir/MiniOzoneClusterImpl-8919240e-7e15-4dbf-8bf4-c210578586bb/datanode-0/data/ratis/1fc53845-3381-4beb-82f9-7704a457760d/current/log_6004-6072
2019-06-14 13:46:07,543 DEBUG block.SCMBlockDeletingService (SCMBlockDeletingService.java:call(138)) - Running DeletedBlockTransactionScanner
2019-06-14 13:46:07,543 DEBUG block.SCMBlockDeletingService (SCMBlockDeletingService.java:call(155)) - Scanned deleted blocks log and got 0 delTX to process.
2019-06-14 13:46:07,555 INFO  storage.RaftLogWorker (RaftLogWorker.java:execute(469)) - 0c156e3c-57cc-425b-90ef-9bcaa62a7535-RaftLogWorker: created new log segment /opt/src/hadoop-ozone/integration-test/target/test-dir/MiniOzoneClusterImpl-8919240e-7e15-4dbf-8bf4-c210578586bb/datanode-0/data/ratis/1fc53845-3381-4beb-82f9-7704a457760d/current/log_inprogress_6073
2019-06-14 13:46:07,557 INFO  client.GrpcClientProtocolClient (GrpcClientProtocolClient.java:onNext(254)) - client-E0FA40453D59->0c156e3c-57cc-425b-90ef-9bcaa62a7535: receive RaftClientReply:client-E0FA40453D59->0c156e3c-57cc-425b-90ef-9bcaa62a7535@group-7704A457760D, cid=3609, SUCCESS, logIndex=6073, commits[0c156e3c-57cc-425b-90ef-9bcaa62a7535:c6073]
2019-06-14 13:46:07,558 INFO  client.GrpcClientProtocolClient (GrpcClientProtocolClient.java:onNext(254)) - client-E0FA40453D59->0c156e3c-57cc-425b-90ef-9bcaa62a7535: receive RaftClientReply:client-E0FA40453D59->0c156e3c-57cc-425b-90ef-9bcaa62a7535@group-7704A457760D, cid=3610, SUCCESS, logIndex=6075, commits[0c156e3c-57cc-425b-90ef-9bcaa62a7535:c6075]
2019-06-14 13:46:07,559 INFO  client.GrpcClientProtocolClient (GrpcClientProtocolClient.java:onNext(254)) - client-E0FA40453D59->0c156e3c-57cc-425b-90ef-9bcaa62a7535: receive RaftClientReply:client-E0FA40453D59->0c156e3c-57cc-425b-90ef-9bcaa62a7535@group-7704A457760D, cid=3611, SUCCESS, logIndex=6076, commits[0c156e3c-57cc-425b-90ef-9bcaa62a7535:c6078]
2019-06-14 13:46:07,559 INFO  client.GrpcClientProtocolClient (GrpcClientProtocolClient.java:onNext(254)) - client-E0FA40453D59->0c156e3c-57cc-425b-90ef-9bcaa62a7535: receive RaftClientReply:client-E0FA40453D59->0c156e3c-57cc-425b-90ef-9bcaa62a7535@group-7704A457760D, cid=3612, SUCCESS, logIndex=6077, commits[0c156e3c-57cc-425b-90ef-9bcaa62a7535:c6078]
2019-06-14 13:46:07,564 INFO  client.GrpcClientProtocolClient (GrpcClientProtocolClient.java:onNext(254)) - client-E0FA40453D59->0c156e3c-57cc-425b-90ef-9bcaa62a7535: receive RaftClientReply:client-E0FA40453D59->0c156e3c-57cc-425b-90ef-9bcaa62a7535@group-7704A457760D, cid=3613, SUCCESS, logIndex=6079, commits[0c156e3c-57cc-425b-90ef-9bcaa62a7535:c6079]
2019-06-14 13:46:07,565 INFO  client.GrpcClientProtocolClient (GrpcClientProtocolClient.java:onNext(254)) - client-E0FA40453D59->0c156e3c-57cc-425b-90ef-9bcaa62a7535: receive RaftClientReply:client-E0FA40453D59->0c156e3c-57cc-425b-90ef-9bcaa62a7535@group-7704A457760D, cid=3614, SUCCESS, logIndex=6081, commits[0c156e3c-57cc-425b-90ef-9bcaa62a7535:c6081]
2019-06-14 13:46:07,566 INFO  client.GrpcClientProtocolClient (GrpcClientProtocolClient.java:onNext(254)) - client-E0FA40453D59->0c156e3c-57cc-425b-90ef-9bcaa62a7535: receive RaftClientReply:client-E0FA40453D59->0c156e3c-57cc-425b-90ef-9bcaa62a7535@group-7704A457760D, cid=3615, SUCCESS, logIndex=6082, commits[0c156e3c-57cc-425b-90ef-9bcaa62a7535:c6084]
2019-06-14 13:46:07,567 INFO  client.GrpcClientProtocolClient (GrpcClientProtocolClient.java:onNext(254)) - client-E0FA40453D59->0c156e3c-57cc-425b-90ef-9bcaa62a7535: receive RaftClientReply:client-E0FA40453D59->0c156e3c-57cc-425b-90ef-9bcaa62a7535@group-7704A457760D, cid=3616, SUCCESS, logIndex=6083, commits[0c156e3c-57cc-425b-90ef-9bcaa62a7535:c6084]
2019-06-14 13:46:07,576 INFO  client.GrpcClientProtocolClient (GrpcClientProtocolClient.java:onNext(254)) - client-E0FA40453D59->0c156e3c-57cc-425b-90ef-9bcaa62a7535: receive RaftClientReply:client-E0FA40453D59->0c156e3c-57cc-425b-90ef-9bcaa62a7535@group-7704A457760D, cid=3617, SUCCESS, logIndex=6085, commits[0c156e3c-57cc-425b-90ef-9bcaa62a7535:c6085]
2019-06-14 13:46:07,577 INFO  client.GrpcClientProtocolClient (GrpcClientProtocolClient.java:onNext(254)) - client-E0FA40453D59->0c156e3c-57cc-425b-90ef-9bcaa62a7535: receive RaftClientReply:client-E0FA40453D59->0c156e3c-57cc-425b-90ef-9bcaa62a7535@group-7704A457760D, cid=3618, SUCCESS, logIndex=6087, commits[0c156e3c-57cc-425b-90ef-9bcaa62a7535:c6087]
2019-06-14 13:46:07,578 INFO  client.GrpcClientProtocolClient (GrpcClientProtocolClient.java:onNext(254)) - client-E0FA40453D59->0c156e3c-57cc-425b-90ef-9bcaa62a7535: receive RaftClientReply:client-E0FA40453D59->0c156e3c-57cc-425b-90ef-9bcaa62a7535@group-7704A457760D, cid=3619, SUCCESS, logIndex=6088, commits[0c156e3c-57cc-425b-90ef-9bcaa62a7535:c6090]
2019-06-14 13:46:07,579 INFO  client.GrpcClientProtocolClient (GrpcClientProtocolClient.java:onNext(254)) - client-E0FA40453D59->0c156e3c-57cc-425b-90ef-9bcaa62a7535: receive RaftClientReply:client-E0FA40453D59->0c156e3c-57cc-425b-90ef-9bcaa62a7535@group-7704A457760D, cid=3620, SUCCESS, logIndex=6089, commits[0c156e3c-57cc-425b-90ef-9bcaa62a7535:c6090]
2019-06-14 13:46:07,583 INFO  client.GrpcClientProtocolClient (GrpcClientProtocolClient.java:onNext(254)) - client-E0FA40453D59->0c156e3c-57cc-425b-90ef-9bcaa62a7535: receive RaftClientReply:client-E0FA40453D59->0c156e3c-57cc-425b-90ef-9bcaa62a7535@group-7704A457760D, cid=3621, SUCCESS, logIndex=6091, commits[0c156e3c-57cc-425b-90ef-9bcaa62a7535:c6091]
2019-06-14 13:46:07,584 INFO  client.GrpcClientProtocolClient (GrpcClientProtocolClient.java:onNext(254)) - client-E0FA40453D59->0c156e3c-57cc-425b-90ef-9bcaa62a7535: receive RaftClientReply:client-E0FA40453D59->0c156e3c-57cc-425b-90ef-9bcaa62a7535@group-7704A457760D, cid=3622, SUCCESS, logIndex=6093, commits[0c156e3c-57cc-425b-90ef-9bcaa62a7535:c6093]
2019-06-14 13:46:07,585 INFO  client.GrpcClientProtocolClient (GrpcClientProtocolClient.java:onNext(254)) - client-E0FA40453D59->0c156e3c-57cc-425b-90ef-9bcaa62a7535: receive RaftClientReply:client-E0FA40453D59->0c156e3c-57cc-425b-90ef-9bcaa62a7535@group-7704A457760D, cid=3623, SUCCESS, logIndex=6094, commits[0c156e3c-57cc-425b-90ef-9bcaa62a7535:c6096]
2019-06-14 13:46:07,586 INFO  client.GrpcClientProtocolClient (GrpcClientProtocolClient.java:onNext(254)) - client-E0FA40453D59->0c156e3c-57cc-425b-90ef-9bcaa62a7535: receive RaftClientReply:client-E0FA40453D59->0c156e3c-57cc-425b-90ef-9bcaa62a7535@group-7704A457760D, cid=3624, SUCCESS, logIndex=6095, commits[0c156e3c-57cc-425b-90ef-9bcaa62a7535:c6096]
2019-06-14 13:46:07,643 DEBUG block.SCMBlockDeletingService (SCMBlockDeletingService.java:call(138)) - Running DeletedBlockTransactionScanner
2019-06-14 13:46:07,643 DEBUG block.SCMBlockDeletingService (SCMBlockDeletingService.java:call(155)) - Scanned deleted blocks log and got 0 delTX to process.
2019-06-14 13:46:07,660 INFO  client.GrpcClientProtocolClient (GrpcClientProtocolClient.java:onNext(254)) - client-E0FA40453D59->0c156e3c-57cc-425b-90ef-9bcaa62a7535: receive RaftClientReply:client-E0FA40453D59->0c156e3c-57cc-425b-90ef-9bcaa62a7535@group-7704A457760D, cid=3625, SUCCESS, logIndex=6097, commits[0c156e3c-57cc-425b-90ef-9bcaa62a7535:c6097]
2019-06-14 13:46:07,662 INFO  client.GrpcClientProtocolClient (GrpcClientProtocolClient.java:onNext(254)) - client-E0FA40453D59->0c156e3c-57cc-425b-90ef-9bcaa62a7535: receive RaftClientReply:client-E0FA40453D59->0c156e3c-57cc-425b-90ef-9bcaa62a7535@group-7704A457760D, cid=3626, SUCCESS, logIndex=6099, commits[0c156e3c-57cc-425b-90ef-9bcaa62a7535:c6099]
2019-06-14 13:46:07,663 INFO  client.GrpcClientProtocolClient (GrpcClientProtocolClient.java:onNext(254)) - client-E0FA40453D59->0c156e3c-57cc-425b-90ef-9bcaa62a7535: receive RaftClientReply:client-E0FA40453D59->0c156e3c-57cc-425b-90ef-9bcaa62a7535@group-7704A457760D, cid=3627, SUCCESS, logIndex=6100, commits[0c156e3c-57cc-425b-90ef-9bcaa62a7535:c6102]
2019-06-14 13:46:07,663 INFO  client.GrpcClientProtocolClient (GrpcClientProtocolClient.java:onNext(254)) - client-E0FA40453D59->0c156e3c-57cc-425b-90ef-9bcaa62a7535: receive RaftClientReply:client-E0FA40453D59->0c156e3c-57cc-425b-90ef-9bcaa62a7535@group-7704A457760D, cid=3628, SUCCESS, logIndex=6101, commits[0c156e3c-57cc-425b-90ef-9bcaa62a7535:c6102]
2019-06-14 13:46:07,667 INFO  client.GrpcClientProtocolClient (GrpcClientProtocolClient.java:onNext(254)) - client-E0FA40453D59->0c156e3c-57cc-425b-90ef-9bcaa62a7535: receive RaftClientReply:client-E0FA40453D59->0c156e3c-57cc-425b-90ef-9bcaa62a7535@group-7704A457760D, cid=3629, SUCCESS, logIndex=6103, commits[0c156e3c-57cc-425b-90ef-9bcaa62a7535:c6103]
2019-06-14 13:46:07,703 INFO  client.GrpcClientProtocolClient (GrpcClientProtocolClient.java:onNext(254)) - client-E0FA40453D59->0c156e3c-57cc-425b-90ef-9bcaa62a7535: receive RaftClientReply:client-E0FA40453D59->0c156e3c-57cc-425b-90ef-9bcaa62a7535@group-7704A457760D, cid=3630, SUCCESS, logIndex=6105, commits[0c156e3c-57cc-425b-90ef-9bcaa62a7535:c6107]
2019-06-14 13:46:07,703 INFO  client.GrpcClientProtocolClient (GrpcClientProtocolClient.java:onNext(254)) - client-E0FA40453D59->0c156e3c-57cc-425b-90ef-9bcaa62a7535: receive RaftClientReply:client-E0FA40453D59->0c156e3c-57cc-425b-90ef-9bcaa62a7535@group-7704A457760D, cid=3631, SUCCESS, logIndex=6106, commits[0c156e3c-57cc-425b-90ef-9bcaa62a7535:c6108]
2019-06-14 13:46:07,703 INFO  client.GrpcClientProtocolClient (GrpcClientProtocolClient.java:onNext(254)) - client-E0FA40453D59->0c156e3c-57cc-425b-90ef-9bcaa62a7535: receive RaftClientReply:client-E0FA40453D59->0c156e3c-57cc-425b-90ef-9bcaa62a7535@group-7704A457760D, cid=3632, SUCCESS, logIndex=6107, commits[0c156e3c-57cc-425b-90ef-9bcaa62a7535:c6108]
2019-06-14 13:46:07,713 INFO  client.GrpcClientProtocolClient (GrpcClientProtocolClient.java:onNext(254)) - client-E0FA40453D59->0c156e3c-57cc-425b-90ef-9bcaa62a7535: receive RaftClientReply:client-E0FA40453D59->0c156e3c-57cc-425b-90ef-9bcaa62a7535@group-7704A457760D, cid=3633, SUCCESS, logIndex=6109, commits[0c156e3c-57cc-425b-90ef-9bcaa62a7535:c6109]
2019-06-14 13:46:07,714 INFO  client.GrpcClientProtocolClient (GrpcClientProtocolClient.java:onNext(254)) - client-E0FA40453D59->0c156e3c-57cc-425b-90ef-9bcaa62a7535: receive RaftClientReply:client-E0FA40453D59->0c156e3c-57cc-425b-90ef-9bcaa62a7535@group-7704A457760D, cid=3634, SUCCESS, logIndex=6111, commits[0c156e3c-57cc-425b-90ef-9bcaa62a7535:c6111]
2019-06-14 13:46:07,715 INFO  client.GrpcClientProtocolClient (GrpcClientProtocolClient.java:onNext(254)) - client-E0FA40453D59->0c156e3c-57cc-425b-90ef-9bcaa62a7535: receive RaftClientReply:client-E0FA40453D59->0c156e3c-57cc-425b-90ef-9bcaa62a7535@group-7704A457760D, cid=3635, SUCCESS, logIndex=6112, commits[0c156e3c-57cc-425b-90ef-9bcaa62a7535:c6114]
2019-06-14 13:46:07,716 INFO  client.GrpcClientProtocolClient (GrpcClientProtocolClient.java:onNext(254)) - client-E0FA40453D59->0c156e3c-57cc-425b-90ef-9bcaa62a7535: receive RaftClientReply:client-E0FA40453D59->0c156e3c-57cc-425b-90ef-9bcaa62a7535@group-7704A457760D, cid=3636, SUCCESS, logIndex=6113, commits[0c156e3c-57cc-425b-90ef-9bcaa62a7535:c6114]
2019-06-14 13:46:07,721 INFO  client.GrpcClientProtocolClient (GrpcClientProtocolClient.java:onNext(254)) - client-E0FA40453D59->0c156e3c-57cc-425b-90ef-9bcaa62a7535: receive RaftClientReply:client-E0FA40453D59->0c156e3c-57cc-425b-90ef-9bcaa62a7535@group-7704A457760D, cid=3637, SUCCESS, logIndex=6115, commits[0c156e3c-57cc-425b-90ef-9bcaa62a7535:c6115]
2019-06-14 13:46:07,722 INFO  client.GrpcClientProtocolClient (GrpcClientProtocolClient.java:onNext(254)) - client-E0FA40453D59->0c156e3c-57cc-425b-90ef-9bcaa62a7535: receive RaftClientReply:client-E0FA40453D59->0c156e3c-57cc-425b-90ef-9bcaa62a7535@group-7704A457760D, cid=3638, SUCCESS, logIndex=6117, commits[0c156e3c-57cc-425b-90ef-9bcaa62a7535:c6117]
2019-06-14 13:46:07,723 INFO  client.GrpcClientProtocolClient (GrpcClientProtocolClient.java:onNext(254)) - client-E0FA40453D59->0c156e3c-57cc-425b-90ef-9bcaa62a7535: receive RaftClientReply:client-E0FA40453D59->0c156e3c-57cc-425b-90ef-9bcaa62a7535@group-7704A457760D, cid=3639, SUCCESS, logIndex=6118, commits[0c156e3c-57cc-425b-90ef-9bcaa62a7535:c6120]
2019-06-14 13:46:07,723 INFO  client.GrpcClientProtocolClient (GrpcClientProtocolClient.java:onNext(254)) - client-E0FA40453D59->0c156e3c-57cc-425b-90ef-9bcaa62a7535: receive RaftClientReply:client-E0FA40453D59->0c156e3c-57cc-425b-90ef-9bcaa62a7535@group-7704A457760D, cid=3640, SUCCESS, logIndex=6119, commits[0c156e3c-57cc-425b-90ef-9bcaa62a7535:c6120]
2019-06-14 13:46:07,733 INFO  client.GrpcClientProtocolClient (GrpcClientProtocolClient.java:onNext(254)) - client-E0FA40453D59->0c156e3c-57cc-425b-90ef-9bcaa62a7535: receive RaftClientReply:client-E0FA40453D59->0c156e3c-57cc-425b-90ef-9bcaa62a7535@group-7704A457760D, cid=3641, SUCCESS, logIndex=6121, commits[0c156e3c-57cc-425b-90ef-9bcaa62a7535:c6121]
2019-06-14 13:46:07,735 INFO  client.GrpcClientProtocolClient (GrpcClientProtocolClient.java:onNext(254)) - client-E0FA40453D59->0c156e3c-57cc-425b-90ef-9bcaa62a7535: receive RaftClientReply:client-E0FA40453D59->0c156e3c-57cc-425b-90ef-9bcaa62a7535@group-7704A457760D, cid=3642, SUCCESS, logIndex=6123, commits[0c156e3c-57cc-425b-90ef-9bcaa62a7535:c6123]
2019-06-14 13:46:07,736 INFO  client.GrpcClientProtocolClient (GrpcClientProtocolClient.java:onNext(254)) - client-E0FA40453D59->0c156e3c-57cc-425b-90ef-9bcaa62a7535: receive RaftClientReply:client-E0FA40453D59->0c156e3c-57cc-425b-90ef-9bcaa62a7535@group-7704A457760D, cid=3643, SUCCESS, logIndex=6124, commits[0c156e3c-57cc-425b-90ef-9bcaa62a7535:c6126]
2019-06-14 13:46:07,736 INFO  client.GrpcClientProtocolClient (GrpcClientProtocolClient.java:onNext(254)) - client-E0FA40453D59->0c156e3c-57cc-425b-90ef-9bcaa62a7535: receive RaftClientReply:client-E0FA40453D59->0c156e3c-57cc-425b-90ef-9bcaa62a7535@group-7704A457760D, cid=3644, SUCCESS, logIndex=6125, commits[0c156e3c-57cc-425b-90ef-9bcaa62a7535:c6126]
2019-06-14 13:46:07,742 INFO  client.GrpcClientProtocolClient (GrpcClientProtocolClient.java:onNext(254)) - client-E0FA40453D59->0c156e3c-57cc-425b-90ef-9bcaa62a7535: receive RaftClientReply:client-E0FA40453D59->0c156e3c-57cc-425b-90ef-9bcaa62a7535@group-7704A457760D, cid=3645, SUCCESS, logIndex=6127, commits[0c156e3c-57cc-425b-90ef-9bcaa62a7535:c6127]
2019-06-14 13:46:07,743 INFO  client.GrpcClientProtocolClient (GrpcClientProtocolClient.java:onNext(254)) - client-E0FA40453D59->0c156e3c-57cc-425b-90ef-9bcaa62a7535: receive RaftClientReply:client-E0FA40453D59->0c156e3c-57cc-425b-90ef-9bcaa62a7535@group-7704A457760D, cid=3646, SUCCESS, logIndex=6129, commits[0c156e3c-57cc-425b-90ef-9bcaa62a7535:c6129]
2019-06-14 13:46:07,743 INFO  client.GrpcClientProtocolClient (GrpcClientProtocolClient.java:onNext(254)) - client-E0FA40453D59->0c156e3c-57cc-425b-90ef-9bcaa62a7535: receive RaftClientReply:client-E0FA40453D59->0c156e3c-57cc-425b-90ef-9bcaa62a7535@group-7704A457760D, cid=3647, SUCCESS, logIndex=6130, commits[0c156e3c-57cc-425b-90ef-9bcaa62a7535:c6131]
2019-06-14 13:46:07,743 DEBUG block.SCMBlockDeletingService (SCMBlockDeletingService.java:call(138)) - Running DeletedBlockTransactionScanner
2019-06-14 13:46:07,743 INFO  client.GrpcClientProtocolClient (GrpcClientProtocolClient.java:onNext(254)) - client-E0FA40453D59->0c156e3c-57cc-425b-90ef-9bcaa62a7535: receive RaftClientReply:client-E0FA40453D59->0c156e3c-57cc-425b-90ef-9bcaa62a7535@group-7704A457760D, cid=3648, SUCCESS, logIndex=6131, commits[0c156e3c-57cc-425b-90ef-9bcaa62a7535:c6131]
2019-06-14 13:46:07,743 DEBUG block.SCMBlockDeletingService (SCMBlockDeletingService.java:call(155)) - Scanned deleted blocks log and got 0 delTX to process.
2019-06-14 13:46:07,754 INFO  client.GrpcClientProtocolClient (GrpcClientProtocolClient.java:onNext(254)) - client-E0FA40453D59->0c156e3c-57cc-425b-90ef-9bcaa62a7535: receive RaftClientReply:client-E0FA40453D59->0c156e3c-57cc-425b-90ef-9bcaa62a7535@group-7704A457760D, cid=3649, SUCCESS, logIndex=6134, commits[0c156e3c-57cc-425b-90ef-9bcaa62a7535:c6134]
2019-06-14 13:46:07,755 INFO  client.GrpcClientProtocolClient (GrpcClientProtocolClient.java:onNext(254)) - client-E0FA40453D59->0c156e3c-57cc-425b-90ef-9bcaa62a7535: receive RaftClientReply:client-E0FA40453D59->0c156e3c-57cc-425b-90ef-9bcaa62a7535@group-7704A457760D, cid=3650, SUCCESS, logIndex=6136, commits[0c156e3c-57cc-425b-90ef-9bcaa62a7535:c6136]
2019-06-14 13:46:07,756 INFO  client.GrpcClientProtocolClient (GrpcClientProtocolClient.java:onNext(254)) - client-E0FA40453D59->0c156e3c-57cc-425b-90ef-9bcaa62a7535: receive RaftClientReply:client-E0FA40453D59->0c156e3c-57cc-425b-90ef-9bcaa62a7535@group-7704A457760D, cid=3651, SUCCESS, logIndex=6137, commits[0c156e3c-57cc-425b-90ef-9bcaa62a7535:c6139]
2019-06-14 13:46:07,756 INFO  client.GrpcClientProtocolClient (GrpcClientProtocolClient.java:onNext(254)) - client-E0FA40453D59->0c156e3c-57cc-425b-90ef-9bcaa62a7535: receive RaftClientReply:client-E0FA40453D59->0c156e3c-57cc-425b-90ef-9bcaa62a7535@group-7704A457760D, cid=3652, SUCCESS, logIndex=6138, commits[0c156e3c-57cc-425b-90ef-9bcaa62a7535:c6139]
2019-06-14 13:46:07,759 INFO  storage.RaftLogWorker (RaftLogWorker.java:rollLogSegment(303)) - 0c156e3c-57cc-425b-90ef-9bcaa62a7535-RaftLogWorker: Rolling segment log-6073_6139 to index:6139
2019-06-14 13:46:07,760 INFO  storage.RaftLogWorker (RaftLogWorker.java:execute(433)) - 0c156e3c-57cc-425b-90ef-9bcaa62a7535-RaftLogWorker: Rolled log segment from /opt/src/hadoop-ozone/integration-test/target/test-dir/MiniOzoneClusterImpl-8919240e-7e15-4dbf-8bf4-c210578586bb/datanode-0/data/ratis/1fc53845-3381-4beb-82f9-7704a457760d/current/log_inprogress_6073 to /opt/src/hadoop-ozone/integration-test/target/test-dir/MiniOzoneClusterImpl-8919240e-7e15-4dbf-8bf4-c210578586bb/datanode-0/data/ratis/1fc53845-3381-4beb-82f9-7704a457760d/current/log_6073-6139
2019-06-14 13:46:07,796 INFO  storage.RaftLogWorker (RaftLogWorker.java:execute(469)) - 0c156e3c-57cc-425b-90ef-9bcaa62a7535-RaftLogWorker: created new log segment /opt/src/hadoop-ozone/integration-test/target/test-dir/MiniOzoneClusterImpl-8919240e-7e15-4dbf-8bf4-c210578586bb/datanode-0/data/ratis/1fc53845-3381-4beb-82f9-7704a457760d/current/log_inprogress_6140
2019-06-14 13:46:07,797 INFO  client.GrpcClientProtocolClient (GrpcClientProtocolClient.java:onNext(254)) - client-E0FA40453D59->0c156e3c-57cc-425b-90ef-9bcaa62a7535: receive RaftClientReply:client-E0FA40453D59->0c156e3c-57cc-425b-90ef-9bcaa62a7535@group-7704A457760D, cid=3653, SUCCESS, logIndex=6140, commits[0c156e3c-57cc-425b-90ef-9bcaa62a7535:c6140]
2019-06-14 13:46:07,798 INFO  client.GrpcClientProtocolClient (GrpcClientProtocolClient.java:onNext(254)) - client-E0FA40453D59->0c156e3c-57cc-425b-90ef-9bcaa62a7535: receive RaftClientReply:client-E0FA40453D59->0c156e3c-57cc-425b-90ef-9bcaa62a7535@group-7704A457760D, cid=3654, SUCCESS, logIndex=6142, commits[0c156e3c-57cc-425b-90ef-9bcaa62a7535:c6142]
2019-06-14 13:46:07,800 INFO  client.GrpcClientProtocolClient (GrpcClientProtocolClient.java:onNext(254)) - client-E0FA40453D59->0c156e3c-57cc-425b-90ef-9bcaa62a7535: receive RaftClientReply:client-E0FA40453D59->0c156e3c-57cc-425b-90ef-9bcaa62a7535@group-7704A457760D, cid=3655, SUCCESS, logIndex=6143, commits[0c156e3c-57cc-425b-90ef-9bcaa62a7535:c6145]
2019-06-14 13:46:07,800 INFO  client.GrpcClientProtocolClient (GrpcClientProtocolClient.java:onNext(254)) - client-E0FA40453D59->0c156e3c-57cc-425b-90ef-9bcaa62a7535: receive RaftClientReply:client-E0FA40453D59->0c156e3c-57cc-425b-90ef-9bcaa62a7535@group-7704A457760D, cid=3656, SUCCESS, logIndex=6144, commits[0c156e3c-57cc-425b-90ef-9bcaa62a7535:c6145]
2019-06-14 13:46:07,813 INFO  client.GrpcClientProtocolClient (GrpcClientProtocolClient.java:onNext(254)) - client-E0FA40453D59->0c156e3c-57cc-425b-90ef-9bcaa62a7535: receive RaftClientReply:client-E0FA40453D59->0c156e3c-57cc-425b-90ef-9bcaa62a7535@group-7704A457760D, cid=3657, SUCCESS, logIndex=6146, commits[0c156e3c-57cc-425b-90ef-9bcaa62a7535:c6146]
2019-06-14 13:46:07,818 INFO  client.GrpcClientProtocolClient (GrpcClientProtocolClient.java:onNext(254)) - client-E0FA40453D59->0c156e3c-57cc-425b-90ef-9bcaa62a7535: receive RaftClientReply:client-E0FA40453D59->0c156e3c-57cc-425b-90ef-9bcaa62a7535@group-7704A457760D, cid=3658, SUCCESS, logIndex=6148, commits[0c156e3c-57cc-425b-90ef-9bcaa62a7535:c6148]
2019-06-14 13:46:07,822 INFO  client.GrpcClientProtocolClient (GrpcClientProtocolClient.java:onNext(254)) - client-E0FA40453D59->0c156e3c-57cc-425b-90ef-9bcaa62a7535: receive RaftClientReply:client-E0FA40453D59->0c156e3c-57cc-425b-90ef-9bcaa62a7535@group-7704A457760D, cid=3659, SUCCESS, logIndex=6149, commits[0c156e3c-57cc-425b-90ef-9bcaa62a7535:c6151]
2019-06-14 13:46:07,822 INFO  client.GrpcClientProtocolClient (GrpcClientProtocolClient.java:onNext(254)) - client-E0FA40453D59->0c156e3c-57cc-425b-90ef-9bcaa62a7535: receive RaftClientReply:client-E0FA40453D59->0c156e3c-57cc-425b-90ef-9bcaa62a7535@group-7704A457760D, cid=3660, SUCCESS, logIndex=6151, commits[0c156e3c-57cc-425b-90ef-9bcaa62a7535:c6151]
2019-06-14 13:46:07,827 INFO  client.GrpcClientProtocolClient (GrpcClientProtocolClient.java:onNext(254)) - client-E0FA40453D59->0c156e3c-57cc-425b-90ef-9bcaa62a7535: receive RaftClientReply:client-E0FA40453D59->0c156e3c-57cc-425b-90ef-9bcaa62a7535@group-7704A457760D, cid=3661, SUCCESS, logIndex=6153, commits[0c156e3c-57cc-425b-90ef-9bcaa62a7535:c6153]
2019-06-14 13:46:07,829 INFO  client.GrpcClientProtocolClient (GrpcClientProtocolClient.java:onNext(254)) - client-E0FA40453D59->0c156e3c-57cc-425b-90ef-9bcaa62a7535: receive RaftClientReply:client-E0FA40453D59->0c156e3c-57cc-425b-90ef-9bcaa62a7535@group-7704A457760D, cid=3662, SUCCESS, logIndex=6155, commits[0c156e3c-57cc-425b-90ef-9bcaa62a7535:c6155]
2019-06-14 13:46:07,830 INFO  client.GrpcClientProtocolClient (GrpcClientProtocolClient.java:onNext(254)) - client-E0FA40453D59->0c156e3c-57cc-425b-90ef-9bcaa62a7535: receive RaftClientReply:client-E0FA40453D59->0c156e3c-57cc-425b-90ef-9bcaa62a7535@group-7704A457760D, cid=3663, SUCCESS, logIndex=6156, commits[0c156e3c-57cc-425b-90ef-9bcaa62a7535:c6158]
2019-06-14 13:46:07,830 INFO  client.GrpcClientProtocolClient (GrpcClientProtocolClient.java:onNext(254)) - client-E0FA40453D59->0c156e3c-57cc-425b-90ef-9bcaa62a7535: receive RaftClientReply:client-E0FA40453D59->0c156e3c-57cc-425b-90ef-9bcaa62a7535@group-7704A457760D, cid=3664, SUCCESS, logIndex=6157, commits[0c156e3c-57cc-425b-90ef-9bcaa62a7535:c6158]
2019-06-14 13:46:07,842 INFO  client.GrpcClientProtocolClient (GrpcClientProtocolClient.java:onNext(254)) - client-E0FA40453D59->0c156e3c-57cc-425b-90ef-9bcaa62a7535: receive RaftClientReply:client-E0FA40453D59->0c156e3c-57cc-425b-90ef-9bcaa62a7535@group-7704A457760D, cid=3665, SUCCESS, logIndex=6159, commits[0c156e3c-57cc-425b-90ef-9bcaa62a7535:c6159]
2019-06-14 13:46:07,844 INFO  client.GrpcClientProtocolClient (GrpcClientProtocolClient.java:onNext(254)) - client-E0FA40453D59->0c156e3c-57cc-425b-90ef-9bcaa62a7535: receive RaftClientReply:client-E0FA40453D59->0c156e3c-57cc-425b-90ef-9bcaa62a7535@group-7704A457760D, cid=3666, SUCCESS, logIndex=6161, commits[0c156e3c-57cc-425b-90ef-9bcaa62a7535:c6161]
2019-06-14 13:46:07,844 DEBUG block.SCMBlockDeletingService (SCMBlockDeletingService.java:call(138)) - Running DeletedBlockTransactionScanner
2019-06-14 13:46:07,844 DEBUG block.SCMBlockDeletingService (SCMBlockDeletingService.java:call(155)) - Scanned deleted blocks log and got 0 delTX to process.
2019-06-14 13:46:07,844 INFO  client.GrpcClientProtocolClient (GrpcClientProtocolClient.java:onNext(254)) - client-E0FA40453D59->0c156e3c-57cc-425b-90ef-9bcaa62a7535: receive RaftClientReply:client-E0FA40453D59->0c156e3c-57cc-425b-90ef-9bcaa62a7535@group-7704A457760D, cid=3667, SUCCESS, logIndex=6162, commits[0c156e3c-57cc-425b-90ef-9bcaa62a7535:c6163]
2019-06-14 13:46:07,845 INFO  client.GrpcClientProtocolClient (GrpcClientProtocolClient.java:onNext(254)) - client-E0FA40453D59->0c156e3c-57cc-425b-90ef-9bcaa62a7535: receive RaftClientReply:client-E0FA40453D59->0c156e3c-57cc-425b-90ef-9bcaa62a7535@group-7704A457760D, cid=3668, SUCCESS, logIndex=6163, commits[0c156e3c-57cc-425b-90ef-9bcaa62a7535:c6163]
2019-06-14 13:46:07,919 INFO  client.GrpcClientProtocolClient (GrpcClientProtocolClient.java:onNext(254)) - client-E0FA40453D59->0c156e3c-57cc-425b-90ef-9bcaa62a7535: receive RaftClientReply:client-E0FA40453D59->0c156e3c-57cc-425b-90ef-9bcaa62a7535@group-7704A457760D, cid=3669, SUCCESS, logIndex=6166, commits[0c156e3c-57cc-425b-90ef-9bcaa62a7535:c6167]
2019-06-14 13:46:07,920 INFO  client.GrpcClientProtocolClient (GrpcClientProtocolClient.java:onNext(254)) - client-E0FA40453D59->0c156e3c-57cc-425b-90ef-9bcaa62a7535: receive RaftClientReply:client-E0FA40453D59->0c156e3c-57cc-425b-90ef-9bcaa62a7535@group-7704A457760D, cid=3670, SUCCESS, logIndex=6168, commits[0c156e3c-57cc-425b-90ef-9bcaa62a7535:c6168]
2019-06-14 13:46:07,921 INFO  client.GrpcClientProtocolClient (GrpcClientProtocolClient.java:onNext(254)) - client-E0FA40453D59->0c156e3c-57cc-425b-90ef-9bcaa62a7535: receive RaftClientReply:client-E0FA40453D59->0c156e3c-57cc-425b-90ef-9bcaa62a7535@group-7704A457760D, cid=3671, SUCCESS, logIndex=6169, commits[0c156e3c-57cc-425b-90ef-9bcaa62a7535:c6171]
2019-06-14 13:46:07,921 INFO  client.GrpcClientProtocolClient (GrpcClientProtocolClient.java:onNext(254)) - client-E0FA40453D59->0c156e3c-57cc-425b-90ef-9bcaa62a7535: receive RaftClientReply:client-E0FA40453D59->0c156e3c-57cc-425b-90ef-9bcaa62a7535@group-7704A457760D, cid=3672, SUCCESS, logIndex=6170, commits[0c156e3c-57cc-425b-90ef-9bcaa62a7535:c6171]
2019-06-14 13:46:07,932 INFO  client.GrpcClientProtocolClient (GrpcClientProtocolClient.java:onNext(254)) - client-E0FA40453D59->0c156e3c-57cc-425b-90ef-9bcaa62a7535: receive RaftClientReply:client-E0FA40453D59->0c156e3c-57cc-425b-90ef-9bcaa62a7535@group-7704A457760D, cid=3673, SUCCESS, logIndex=6172, commits[0c156e3c-57cc-425b-90ef-9bcaa62a7535:c6172]
2019-06-14 13:46:07,935 INFO  client.GrpcClientProtocolClient (GrpcClientProtocolClient.java:onNext(254)) - client-E0FA40453D59->0c156e3c-57cc-425b-90ef-9bcaa62a7535: receive RaftClientReply:client-E0FA40453D59->0c156e3c-57cc-425b-90ef-9bcaa62a7535@group-7704A457760D, cid=3674, SUCCESS, logIndex=6174, commits[0c156e3c-57cc-425b-90ef-9bcaa62a7535:c6174]
2019-06-14 13:46:07,936 INFO  client.GrpcClientProtocolClient (GrpcClientProtocolClient.java:onNext(254)) - client-E0FA40453D59->0c156e3c-57cc-425b-90ef-9bcaa62a7535: receive RaftClientReply:client-E0FA40453D59->0c156e3c-57cc-425b-90ef-9bcaa62a7535@group-7704A457760D, cid=3675, SUCCESS, logIndex=6175, commits[0c156e3c-57cc-425b-90ef-9bcaa62a7535:c6177]
2019-06-14 13:46:07,937 INFO  client.GrpcClientProtocolClient (GrpcClientProtocolClient.java:onNext(254)) - client-E0FA40453D59->0c156e3c-57cc-425b-90ef-9bcaa62a7535: receive RaftClientReply:client-E0FA40453D59->0c156e3c-57cc-425b-90ef-9bcaa62a7535@group-7704A457760D, cid=3676, SUCCESS, logIndex=6176, commits[0c156e3c-57cc-425b-90ef-9bcaa62a7535:c6177]
2019-06-14 13:46:07,942 INFO  client.GrpcClientProtocolClient (GrpcClientProtocolClient.java:onNext(254)) - client-E0FA40453D59->0c156e3c-57cc-425b-90ef-9bcaa62a7535: receive RaftClientReply:client-E0FA40453D59->0c156e3c-57cc-425b-90ef-9bcaa62a7535@group-7704A457760D, cid=3677, SUCCESS, logIndex=6178, commits[0c156e3c-57cc-425b-90ef-9bcaa62a7535:c6178]
2019-06-14 13:46:07,944 DEBUG block.SCMBlockDeletingService (SCMBlockDeletingService.java:call(138)) - Running DeletedBlockTransactionScanner
2019-06-14 13:46:07,944 DEBUG block.SCMBlockDeletingService (SCMBlockDeletingService.java:call(155)) - Scanned deleted blocks log and got 0 delTX to process.
2019-06-14 13:46:07,944 INFO  client.GrpcClientProtocolClient (GrpcClientProtocolClient.java:onNext(254)) - client-E0FA40453D59->0c156e3c-57cc-425b-90ef-9bcaa62a7535: receive RaftClientReply:client-E0FA40453D59->0c156e3c-57cc-425b-90ef-9bcaa62a7535@group-7704A457760D, cid=3678, SUCCESS, logIndex=6180, commits[0c156e3c-57cc-425b-90ef-9bcaa62a7535:c6181]
2019-06-14 13:46:07,947 INFO  client.GrpcClientProtocolClient (GrpcClientProtocolClient.java:onNext(254)) - client-E0FA40453D59->0c156e3c-57cc-425b-90ef-9bcaa62a7535: receive RaftClientReply:client-E0FA40453D59->0c156e3c-57cc-425b-90ef-9bcaa62a7535@group-7704A457760D, cid=3679, SUCCESS, logIndex=6182, commits[0c156e3c-57cc-425b-90ef-9bcaa62a7535:c6183]
2019-06-14 13:46:07,948 INFO  client.GrpcClientProtocolClient (GrpcClientProtocolClient.java:onNext(254)) - client-E0FA40453D59->0c156e3c-57cc-425b-90ef-9bcaa62a7535: receive RaftClientReply:client-E0FA40453D59->0c156e3c-57cc-425b-90ef-9bcaa62a7535@group-7704A457760D, cid=3680, SUCCESS, logIndex=6183, commits[0c156e3c-57cc-425b-90ef-9bcaa62a7535:c6183]
2019-06-14 13:46:07,964 INFO  client.GrpcClientProtocolClient (GrpcClientProtocolClient.java:onNext(254)) - client-E0FA40453D59->0c156e3c-57cc-425b-90ef-9bcaa62a7535: receive RaftClientReply:client-E0FA40453D59->0c156e3c-57cc-425b-90ef-9bcaa62a7535@group-7704A457760D, cid=3681, SUCCESS, logIndex=6185, commits[0c156e3c-57cc-425b-90ef-9bcaa62a7535:c6185]
2019-06-14 13:46:07,966 INFO  client.GrpcClientProtocolClient (GrpcClientProtocolClient.java:onNext(254)) - client-E0FA40453D59->0c156e3c-57cc-425b-90ef-9bcaa62a7535: receive RaftClientReply:client-E0FA40453D59->0c156e3c-57cc-425b-90ef-9bcaa62a7535@group-7704A457760D, cid=3682, SUCCESS, logIndex=6187, commits[0c156e3c-57cc-425b-90ef-9bcaa62a7535:c6187]
2019-06-14 13:46:07,967 INFO  client.GrpcClientProtocolClient (GrpcClientProtocolClient.java:onNext(254)) - client-E0FA40453D59->0c156e3c-57cc-425b-90ef-9bcaa62a7535: receive RaftClientReply:client-E0FA40453D59->0c156e3c-57cc-425b-90ef-9bcaa62a7535@group-7704A457760D, cid=3683, SUCCESS, logIndex=6188, commits[0c156e3c-57cc-425b-90ef-9bcaa62a7535:c6190]
2019-06-14 13:46:07,967 INFO  client.GrpcClientProtocolClient (GrpcClientProtocolClient.java:onNext(254)) - client-E0FA40453D59->0c156e3c-57cc-425b-90ef-9bcaa62a7535: receive RaftClientReply:client-E0FA40453D59->0c156e3c-57cc-425b-90ef-9bcaa62a7535@group-7704A457760D, cid=3684, SUCCESS, logIndex=6189, commits[0c156e3c-57cc-425b-90ef-9bcaa62a7535:c6191]
2019-06-14 13:46:07,975 INFO  client.GrpcClientProtocolClient (GrpcClientProtocolClient.java:onNext(254)) - client-E0FA40453D59->0c156e3c-57cc-425b-90ef-9bcaa62a7535: receive RaftClientReply:client-E0FA40453D59->0c156e3c-57cc-425b-90ef-9bcaa62a7535@group-7704A457760D, cid=3685, SUCCESS, logIndex=6192, commits[0c156e3c-57cc-425b-90ef-9bcaa62a7535:c6192]
2019-06-14 13:46:07,977 INFO  client.GrpcClientProtocolClient (GrpcClientProtocolClient.java:onNext(254)) - client-E0FA40453D59->0c156e3c-57cc-425b-90ef-9bcaa62a7535: receive RaftClientReply:client-E0FA40453D59->0c156e3c-57cc-425b-90ef-9bcaa62a7535@group-7704A457760D, cid=3686, SUCCESS, logIndex=6194, commits[0c156e3c-57cc-425b-90ef-9bcaa62a7535:c6194]
2019-06-14 13:46:07,978 INFO  client.GrpcClientProtocolClient (GrpcClientProtocolClient.java:onNext(254)) - client-E0FA40453D59->0c156e3c-57cc-425b-90ef-9bcaa62a7535: receive RaftClientReply:client-E0FA40453D59->0c156e3c-57cc-425b-90ef-9bcaa62a7535@group-7704A457760D, cid=3687, SUCCESS, logIndex=6195, commits[0c156e3c-57cc-425b-90ef-9bcaa62a7535:c6197]
2019-06-14 13:46:07,986 INFO  client.GrpcClientProtocolClient (GrpcClientProtocolClient.java:onNext(254)) - client-E0FA40453D59->0c156e3c-57cc-425b-90ef-9bcaa62a7535: receive RaftClientReply:client-E0FA40453D59->0c156e3c-57cc-425b-90ef-9bcaa62a7535@group-7704A457760D, cid=3688, SUCCESS, logIndex=6196, commits[0c156e3c-57cc-425b-90ef-9bcaa62a7535:c6197]
2019-06-14 13:46:08,003 INFO  client.GrpcClientProtocolClient (GrpcClientProtocolClient.java:onNext(254)) - client-E0FA40453D59->0c156e3c-57cc-425b-90ef-9bcaa62a7535: receive RaftClientReply:client-E0FA40453D59->0c156e3c-57cc-425b-90ef-9bcaa62a7535@group-7704A457760D, cid=3689, SUCCESS, logIndex=6198, commits[0c156e3c-57cc-425b-90ef-9bcaa62a7535:c6198]
2019-06-14 13:46:08,006 INFO  client.GrpcClientProtocolClient (GrpcClientProtocolClient.java:onNext(254)) - client-E0FA40453D59->0c156e3c-57cc-425b-90ef-9bcaa62a7535: receive RaftClientReply:client-E0FA40453D59->0c156e3c-57cc-425b-90ef-9bcaa62a7535@group-7704A457760D, cid=3690, SUCCESS, logIndex=6200, commits[0c156e3c-57cc-425b-90ef-9bcaa62a7535:c6202]
2019-06-14 13:46:08,006 INFO  client.GrpcClientProtocolClient (GrpcClientProtocolClient.java:onNext(254)) - client-E0FA40453D59->0c156e3c-57cc-425b-90ef-9bcaa62a7535: receive RaftClientReply:client-E0FA40453D59->0c156e3c-57cc-425b-90ef-9bcaa62a7535@group-7704A457760D, cid=3691, SUCCESS, logIndex=6201, commits[0c156e3c-57cc-425b-90ef-9bcaa62a7535:c6202]
2019-06-14 13:46:08,008 INFO  client.GrpcClientProtocolClient (GrpcClientProtocolClient.java:onNext(254)) - client-E0FA40453D59->0c156e3c-57cc-425b-90ef-9bcaa62a7535: receive RaftClientReply:client-E0FA40453D59->0c156e3c-57cc-425b-90ef-9bcaa62a7535@group-7704A457760D, cid=3692, SUCCESS, logIndex=6202, commits[0c156e3c-57cc-425b-90ef-9bcaa62a7535:c6203]
2019-06-14 13:46:08,015 INFO  client.GrpcClientProtocolClient (GrpcClientProtocolClient.java:onNext(254)) - client-E0FA40453D59->0c156e3c-57cc-425b-90ef-9bcaa62a7535: receive RaftClientReply:client-E0FA40453D59->0c156e3c-57cc-425b-90ef-9bcaa62a7535@group-7704A457760D, cid=3693, SUCCESS, logIndex=6204, commits[0c156e3c-57cc-425b-90ef-9bcaa62a7535:c6204]
2019-06-14 13:46:08,017 INFO  storage.RaftLogWorker (RaftLogWorker.java:rollLogSegment(303)) - 0c156e3c-57cc-425b-90ef-9bcaa62a7535-RaftLogWorker: Rolling segment log-6140_6208 to index:6208
2019-06-14 13:46:08,018 INFO  storage.RaftLogWorker (RaftLogWorker.java:execute(433)) - 0c156e3c-57cc-425b-90ef-9bcaa62a7535-RaftLogWorker: Rolled log segment from /opt/src/hadoop-ozone/integration-test/target/test-dir/MiniOzoneClusterImpl-8919240e-7e15-4dbf-8bf4-c210578586bb/datanode-0/data/ratis/1fc53845-3381-4beb-82f9-7704a457760d/current/log_inprogress_6140 to /opt/src/hadoop-ozone/integration-test/target/test-dir/MiniOzoneClusterImpl-8919240e-7e15-4dbf-8bf4-c210578586bb/datanode-0/data/ratis/1fc53845-3381-4beb-82f9-7704a457760d/current/log_6140-6208
2019-06-14 13:46:08,034 INFO  client.GrpcClientProtocolClient (GrpcClientProtocolClient.java:onNext(254)) - client-E0FA40453D59->0c156e3c-57cc-425b-90ef-9bcaa62a7535: receive RaftClientReply:client-E0FA40453D59->0c156e3c-57cc-425b-90ef-9bcaa62a7535@group-7704A457760D, cid=3694, SUCCESS, logIndex=6206, commits[0c156e3c-57cc-425b-90ef-9bcaa62a7535:c6206]
2019-06-14 13:46:08,035 INFO  client.GrpcClientProtocolClient (GrpcClientProtocolClient.java:onNext(254)) - client-E0FA40453D59->0c156e3c-57cc-425b-90ef-9bcaa62a7535: receive RaftClientReply:client-E0FA40453D59->0c156e3c-57cc-425b-90ef-9bcaa62a7535@group-7704A457760D, cid=3695, SUCCESS, logIndex=6207, commits[0c156e3c-57cc-425b-90ef-9bcaa62a7535:c6208]
2019-06-14 13:46:08,044 DEBUG block.SCMBlockDeletingService (SCMBlockDeletingService.java:call(138)) - Running DeletedBlockTransactionScanner
2019-06-14 13:46:08,045 DEBUG block.SCMBlockDeletingService (SCMBlockDeletingService.java:call(155)) - Scanned deleted blocks log and got 0 delTX to process.
2019-06-14 13:46:08,057 INFO  storage.RaftLogWorker (RaftLogWorker.java:execute(469)) - 0c156e3c-57cc-425b-90ef-9bcaa62a7535-RaftLogWorker: created new log segment /opt/src/hadoop-ozone/integration-test/target/test-dir/MiniOzoneClusterImpl-8919240e-7e15-4dbf-8bf4-c210578586bb/datanode-0/data/ratis/1fc53845-3381-4beb-82f9-7704a457760d/current/log_inprogress_6209
2019-06-14 13:46:08,059 INFO  client.GrpcClientProtocolClient (GrpcClientProtocolClient.java:onNext(254)) - client-E0FA40453D59->0c156e3c-57cc-425b-90ef-9bcaa62a7535: receive RaftClientReply:client-E0FA40453D59->0c156e3c-57cc-425b-90ef-9bcaa62a7535@group-7704A457760D, cid=3696, SUCCESS, logIndex=6209, commits[0c156e3c-57cc-425b-90ef-9bcaa62a7535:c6209]
2019-06-14 13:46:08,071 INFO  client.GrpcClientProtocolClient (GrpcClientProtocolClient.java:onNext(254)) - client-E0FA40453D59->0c156e3c-57cc-425b-90ef-9bcaa62a7535: receive RaftClientReply:client-E0FA40453D59->0c156e3c-57cc-425b-90ef-9bcaa62a7535@group-7704A457760D, cid=3697, SUCCESS, logIndex=6211, commits[0c156e3c-57cc-425b-90ef-9bcaa62a7535:c6211]
2019-06-14 13:46:08,076 INFO  client.GrpcClientProtocolClient (GrpcClientProtocolClient.java:onNext(254)) - client-E0FA40453D59->0c156e3c-57cc-425b-90ef-9bcaa62a7535: receive RaftClientReply:client-E0FA40453D59->0c156e3c-57cc-425b-90ef-9bcaa62a7535@group-7704A457760D, cid=3698, SUCCESS, logIndex=6213, commits[0c156e3c-57cc-425b-90ef-9bcaa62a7535:c6215]
2019-06-14 13:46:08,078 INFO  client.GrpcClientProtocolClient (GrpcClientProtocolClient.java:onNext(254)) - client-E0FA40453D59->0c156e3c-57cc-425b-90ef-9bcaa62a7535: receive RaftClientReply:client-E0FA40453D59->0c156e3c-57cc-425b-90ef-9bcaa62a7535@group-7704A457760D, cid=3699, SUCCESS, logIndex=6214, commits[0c156e3c-57cc-425b-90ef-9bcaa62a7535:c6215]
2019-06-14 13:46:08,078 INFO  client.GrpcClientProtocolClient (GrpcClientProtocolClient.java:onNext(254)) - client-E0FA40453D59->0c156e3c-57cc-425b-90ef-9bcaa62a7535: receive RaftClientReply:client-E0FA40453D59->0c156e3c-57cc-425b-90ef-9bcaa62a7535@group-7704A457760D, cid=3700, SUCCESS, logIndex=6215, commits[0c156e3c-57cc-425b-90ef-9bcaa62a7535:c6215]
2019-06-14 13:46:08,085 INFO  client.GrpcClientProtocolClient (GrpcClientProtocolClient.java:onNext(254)) - client-E0FA40453D59->0c156e3c-57cc-425b-90ef-9bcaa62a7535: receive RaftClientReply:client-E0FA40453D59->0c156e3c-57cc-425b-90ef-9bcaa62a7535@group-7704A457760D, cid=3701, SUCCESS, logIndex=6217, commits[0c156e3c-57cc-425b-90ef-9bcaa62a7535:c6217]
2019-06-14 13:46:08,086 INFO  client.GrpcClientProtocolClient (GrpcClientProtocolClient.java:onNext(254)) - client-E0FA40453D59->0c156e3c-57cc-425b-90ef-9bcaa62a7535: receive RaftClientReply:client-E0FA40453D59->0c156e3c-57cc-425b-90ef-9bcaa62a7535@group-7704A457760D, cid=3702, SUCCESS, logIndex=6219, commits[0c156e3c-57cc-425b-90ef-9bcaa62a7535:c6219]
2019-06-14 13:46:08,087 INFO  client.GrpcClientProtocolClient (GrpcClientProtocolClient.java:onNext(254)) - client-E0FA40453D59->0c156e3c-57cc-425b-90ef-9bcaa62a7535: receive RaftClientReply:client-E0FA40453D59->0c156e3c-57cc-425b-90ef-9bcaa62a7535@group-7704A457760D, cid=3703, SUCCESS, logIndex=6220, commits[0c156e3c-57cc-425b-90ef-9bcaa62a7535:c6220]
2019-06-14 13:46:08,087 INFO  client.GrpcClientProtocolClient (GrpcClientProtocolClient.java:onNext(254)) - client-E0FA40453D59->0c156e3c-57cc-425b-90ef-9bcaa62a7535: receive RaftClientReply:client-E0FA40453D59->0c156e3c-57cc-425b-90ef-9bcaa62a7535@group-7704A457760D, cid=3704, SUCCESS, logIndex=6222, commits[0c156e3c-57cc-425b-90ef-9bcaa62a7535:c6222]
2019-06-14 13:46:08,138 INFO  client.GrpcClientProtocolClient (GrpcClientProtocolClient.java:onNext(254)) - client-E0FA40453D59->0c156e3c-57cc-425b-90ef-9bcaa62a7535: receive RaftClientReply:client-E0FA40453D59->0c156e3c-57cc-425b-90ef-9bcaa62a7535@group-7704A457760D, cid=3705, SUCCESS, logIndex=6225, commits[0c156e3c-57cc-425b-90ef-9bcaa62a7535:c6225]
2019-06-14 13:46:08,144 INFO  client.GrpcClientProtocolClient (GrpcClientProtocolClient.java:onNext(254)) - client-E0FA40453D59->0c156e3c-57cc-425b-90ef-9bcaa62a7535: receive RaftClientReply:client-E0FA40453D59->0c156e3c-57cc-425b-90ef-9bcaa62a7535@group-7704A457760D, cid=3706, SUCCESS, logIndex=6227, commits[0c156e3c-57cc-425b-90ef-9bcaa62a7535:c6227]
2019-06-14 13:46:08,145 INFO  client.GrpcClientProtocolClient (GrpcClientProtocolClient.java:onNext(254)) - client-E0FA40453D59->0c156e3c-57cc-425b-90ef-9bcaa62a7535: receive RaftClientReply:client-E0FA40453D59->0c156e3c-57cc-425b-90ef-9bcaa62a7535@group-7704A457760D, cid=3707, SUCCESS, logIndex=6228, commits[0c156e3c-57cc-425b-90ef-9bcaa62a7535:c6230]
2019-06-14 13:46:08,145 DEBUG block.SCMBlockDeletingService (SCMBlockDeletingService.java:call(138)) - Running DeletedBlockTransactionScanner
2019-06-14 13:46:08,145 DEBUG block.SCMBlockDeletingService (SCMBlockDeletingService.java:call(155)) - Scanned deleted blocks log and got 0 delTX to process.
2019-06-14 13:46:08,145 INFO  client.GrpcClientProtocolClient (GrpcClientProtocolClient.java:onNext(254)) - client-E0FA40453D59->0c156e3c-57cc-425b-90ef-9bcaa62a7535: receive RaftClientReply:client-E0FA40453D59->0c156e3c-57cc-425b-90ef-9bcaa62a7535@group-7704A457760D, cid=3708, SUCCESS, logIndex=6229, commits[0c156e3c-57cc-425b-90ef-9bcaa62a7535:c6230]
2019-06-14 13:46:08,150 INFO  client.GrpcClientProtocolClient (GrpcClientProtocolClient.java:onNext(254)) - client-E0FA40453D59->0c156e3c-57cc-425b-90ef-9bcaa62a7535: receive RaftClientReply:client-E0FA40453D59->0c156e3c-57cc-425b-90ef-9bcaa62a7535@group-7704A457760D, cid=3709, SUCCESS, logIndex=6231, commits[0c156e3c-57cc-425b-90ef-9bcaa62a7535:c6231]
2019-06-14 13:46:08,152 INFO  client.GrpcClientProtocolClient (GrpcClientProtocolClient.java:onNext(254)) - client-E0FA40453D59->0c156e3c-57cc-425b-90ef-9bcaa62a7535: receive RaftClientReply:client-E0FA40453D59->0c156e3c-57cc-425b-90ef-9bcaa62a7535@group-7704A457760D, cid=3710, SUCCESS, logIndex=6233, commits[0c156e3c-57cc-425b-90ef-9bcaa62a7535:c6233]
2019-06-14 13:46:08,153 INFO  client.GrpcClientProtocolClient (GrpcClientProtocolClient.java:onNext(254)) - client-E0FA40453D59->0c156e3c-57cc-425b-90ef-9bcaa62a7535: receive RaftClientReply:client-E0FA40453D59->0c156e3c-57cc-425b-90ef-9bcaa62a7535@group-7704A457760D, cid=3711, SUCCESS, logIndex=6234, commits[0c156e3c-57cc-425b-90ef-9bcaa62a7535:c6236]
2019-06-14 13:46:08,153 INFO  client.GrpcClientProtocolClient (GrpcClientProtocolClient.java:onNext(254)) - client-E0FA40453D59->0c156e3c-57cc-425b-90ef-9bcaa62a7535: receive RaftClientReply:client-E0FA40453D59->0c156e3c-57cc-425b-90ef-9bcaa62a7535@group-7704A457760D, cid=3712, SUCCESS, logIndex=6235, commits[0c156e3c-57cc-425b-90ef-9bcaa62a7535:c6236]
2019-06-14 13:46:08,228 INFO  client.GrpcClientProtocolClient (GrpcClientProtocolClient.java:onNext(254)) - client-E0FA40453D59->0c156e3c-57cc-425b-90ef-9bcaa62a7535: receive RaftClientReply:client-E0FA40453D59->0c156e3c-57cc-425b-90ef-9bcaa62a7535@group-7704A457760D, cid=3713, SUCCESS, logIndex=6237, commits[0c156e3c-57cc-425b-90ef-9bcaa62a7535:c6237]
2019-06-14 13:46:08,229 INFO  client.GrpcClientProtocolClient (GrpcClientProtocolClient.java:onNext(254)) - client-E0FA40453D59->0c156e3c-57cc-425b-90ef-9bcaa62a7535: receive RaftClientReply:client-E0FA40453D59->0c156e3c-57cc-425b-90ef-9bcaa62a7535@group-7704A457760D, cid=3714, SUCCESS, logIndex=6239, commits[0c156e3c-57cc-425b-90ef-9bcaa62a7535:c6239]
2019-06-14 13:46:08,230 INFO  client.GrpcClientProtocolClient (GrpcClientProtocolClient.java:onNext(254)) - client-E0FA40453D59->0c156e3c-57cc-425b-90ef-9bcaa62a7535: receive RaftClientReply:client-E0FA40453D59->0c156e3c-57cc-425b-90ef-9bcaa62a7535@group-7704A457760D, cid=3715, SUCCESS, logIndex=6240, commits[0c156e3c-57cc-425b-90ef-9bcaa62a7535:c6242]
2019-06-14 13:46:08,230 INFO  client.GrpcClientProtocolClient (GrpcClientProtocolClient.java:onNext(254)) - client-E0FA40453D59->0c156e3c-57cc-425b-90ef-9bcaa62a7535: receive RaftClientReply:client-E0FA40453D59->0c156e3c-57cc-425b-90ef-9bcaa62a7535@group-7704A457760D, cid=3716, SUCCESS, logIndex=6241, commits[0c156e3c-57cc-425b-90ef-9bcaa62a7535:c6242]
2019-06-14 13:46:08,235 INFO  client.GrpcClientProtocolClient (GrpcClientProtocolClient.java:onNext(254)) - client-E0FA40453D59->0c156e3c-57cc-425b-90ef-9bcaa62a7535: receive RaftClientReply:client-E0FA40453D59->0c156e3c-57cc-425b-90ef-9bcaa62a7535@group-7704A457760D, cid=3717, SUCCESS, logIndex=6243, commits[0c156e3c-57cc-425b-90ef-9bcaa62a7535:c6243]
2019-06-14 13:46:08,236 INFO  client.GrpcClientProtocolClient (GrpcClientProtocolClient.java:onNext(254)) - client-E0FA40453D59->0c156e3c-57cc-425b-90ef-9bcaa62a7535: receive RaftClientReply:client-E0FA40453D59->0c156e3c-57cc-425b-90ef-9bcaa62a7535@group-7704A457760D, cid=3718, SUCCESS, logIndex=6245, commits[0c156e3c-57cc-425b-90ef-9bcaa62a7535:c6245]
2019-06-14 13:46:08,237 INFO  client.GrpcClientProtocolClient (GrpcClientProtocolClient.java:onNext(254)) - client-E0FA40453D59->0c156e3c-57cc-425b-90ef-9bcaa62a7535: receive RaftClientReply:client-E0FA40453D59->0c156e3c-57cc-425b-90ef-9bcaa62a7535@group-7704A457760D, cid=3719, SUCCESS, logIndex=6246, commits[0c156e3c-57cc-425b-90ef-9bcaa62a7535:c6248]
2019-06-14 13:46:08,238 INFO  client.GrpcClientProtocolClient (GrpcClientProtocolClient.java:onNext(254)) - client-E0FA40453D59->0c156e3c-57cc-425b-90ef-9bcaa62a7535: receive RaftClientReply:client-E0FA40453D59->0c156e3c-57cc-425b-90ef-9bcaa62a7535@group-7704A457760D, cid=3720, SUCCESS, logIndex=6247, commits[0c156e3c-57cc-425b-90ef-9bcaa62a7535:c6248]
2019-06-14 13:46:08,245 DEBUG block.SCMBlockDeletingService (SCMBlockDeletingService.java:call(138)) - Running DeletedBlockTransactionScanner
2019-06-14 13:46:08,245 DEBUG block.SCMBlockDeletingService (SCMBlockDeletingService.java:call(155)) - Scanned deleted blocks log and got 0 delTX to process.
2019-06-14 13:46:08,248 INFO  client.GrpcClientProtocolClient (GrpcClientProtocolClient.java:onNext(254)) - client-E0FA40453D59->0c156e3c-57cc-425b-90ef-9bcaa62a7535: receive RaftClientReply:client-E0FA40453D59->0c156e3c-57cc-425b-90ef-9bcaa62a7535@group-7704A457760D, cid=3721, SUCCESS, logIndex=6249, commits[0c156e3c-57cc-425b-90ef-9bcaa62a7535:c6249]
2019-06-14 13:46:08,249 INFO  client.GrpcClientProtocolClient (GrpcClientProtocolClient.java:onNext(254)) - client-E0FA40453D59->0c156e3c-57cc-425b-90ef-9bcaa62a7535: receive RaftClientReply:client-E0FA40453D59->0c156e3c-57cc-425b-90ef-9bcaa62a7535@group-7704A457760D, cid=3722, SUCCESS, logIndex=6251, commits[0c156e3c-57cc-425b-90ef-9bcaa62a7535:c6251]
2019-06-14 13:46:08,250 INFO  client.GrpcClientProtocolClient (GrpcClientProtocolClient.java:onNext(254)) - client-E0FA40453D59->0c156e3c-57cc-425b-90ef-9bcaa62a7535: receive RaftClientReply:client-E0FA40453D59->0c156e3c-57cc-425b-90ef-9bcaa62a7535@group-7704A457760D, cid=3723, SUCCESS, logIndex=6252, commits[0c156e3c-57cc-425b-90ef-9bcaa62a7535:c6254]
2019-06-14 13:46:08,250 INFO  client.GrpcClientProtocolClient (GrpcClientProtocolClient.java:onNext(254)) - client-E0FA40453D59->0c156e3c-57cc-425b-90ef-9bcaa62a7535: receive RaftClientReply:client-E0FA40453D59->0c156e3c-57cc-425b-90ef-9bcaa62a7535@group-7704A457760D, cid=3724, SUCCESS, logIndex=6253, commits[0c156e3c-57cc-425b-90ef-9bcaa62a7535:c6254]
2019-06-14 13:46:08,255 INFO  client.GrpcClientProtocolClient (GrpcClientProtocolClient.java:onNext(254)) - client-E0FA40453D59->0c156e3c-57cc-425b-90ef-9bcaa62a7535: receive RaftClientReply:client-E0FA40453D59->0c156e3c-57cc-425b-90ef-9bcaa62a7535@group-7704A457760D, cid=3725, SUCCESS, logIndex=6255, commits[0c156e3c-57cc-425b-90ef-9bcaa62a7535:c6255]
2019-06-14 13:46:08,256 INFO  client.GrpcClientProtocolClient (GrpcClientProtocolClient.java:onNext(254)) - client-E0FA40453D59->0c156e3c-57cc-425b-90ef-9bcaa62a7535: receive RaftClientReply:client-E0FA40453D59->0c156e3c-57cc-425b-90ef-9bcaa62a7535@group-7704A457760D, cid=3726, SUCCESS, logIndex=6257, commits[0c156e3c-57cc-425b-90ef-9bcaa62a7535:c6257]
2019-06-14 13:46:08,257 INFO  client.GrpcClientProtocolClient (GrpcClientProtocolClient.java:onNext(254)) - client-E0FA40453D59->0c156e3c-57cc-425b-90ef-9bcaa62a7535: receive RaftClientReply:client-E0FA40453D59->0c156e3c-57cc-425b-90ef-9bcaa62a7535@group-7704A457760D, cid=3727, SUCCESS, logIndex=6258, commits[0c156e3c-57cc-425b-90ef-9bcaa62a7535:c6260]
2019-06-14 13:46:08,257 INFO  client.GrpcClientProtocolClient (GrpcClientProtocolClient.java:onNext(254)) - client-E0FA40453D59->0c156e3c-57cc-425b-90ef-9bcaa62a7535: receive RaftClientReply:client-E0FA40453D59->0c156e3c-57cc-425b-90ef-9bcaa62a7535@group-7704A457760D, cid=3728, SUCCESS, logIndex=6259, commits[0c156e3c-57cc-425b-90ef-9bcaa62a7535:c6260]
2019-06-14 13:46:08,267 INFO  client.GrpcClientProtocolClient (GrpcClientProtocolClient.java:onNext(254)) - client-E0FA40453D59->0c156e3c-57cc-425b-90ef-9bcaa62a7535: receive RaftClientReply:client-E0FA40453D59->0c156e3c-57cc-425b-90ef-9bcaa62a7535@group-7704A457760D, cid=3729, SUCCESS, logIndex=6261, commits[0c156e3c-57cc-425b-90ef-9bcaa62a7535:c6261]
2019-06-14 13:46:08,270 INFO  client.GrpcClientProtocolClient (GrpcClientProtocolClient.java:onNext(254)) - client-E0FA40453D59->0c156e3c-57cc-425b-90ef-9bcaa62a7535: receive RaftClientReply:client-E0FA40453D59->0c156e3c-57cc-425b-90ef-9bcaa62a7535@group-7704A457760D, cid=3730, SUCCESS, logIndex=6263, commits[0c156e3c-57cc-425b-90ef-9bcaa62a7535:c6263]
2019-06-14 13:46:08,274 INFO  client.GrpcClientProtocolClient (GrpcClientProtocolClient.java:onNext(254)) - client-E0FA40453D59->0c156e3c-57cc-425b-90ef-9bcaa62a7535: receive RaftClientReply:client-E0FA40453D59->0c156e3c-57cc-425b-90ef-9bcaa62a7535@group-7704A457760D, cid=3731, SUCCESS, logIndex=6264, commits[0c156e3c-57cc-425b-90ef-9bcaa62a7535:c6266]
2019-06-14 13:46:08,274 INFO  client.GrpcClientProtocolClient (GrpcClientProtocolClient.java:onNext(254)) - client-E0FA40453D59->0c156e3c-57cc-425b-90ef-9bcaa62a7535: receive RaftClientReply:client-E0FA40453D59->0c156e3c-57cc-425b-90ef-9bcaa62a7535@group-7704A457760D, cid=3732, SUCCESS, logIndex=6265, commits[0c156e3c-57cc-425b-90ef-9bcaa62a7535:c6266]
2019-06-14 13:46:08,279 INFO  client.GrpcClientProtocolClient (GrpcClientProtocolClient.java:onNext(254)) - client-E0FA40453D59->0c156e3c-57cc-425b-90ef-9bcaa62a7535: receive RaftClientReply:client-E0FA40453D59->0c156e3c-57cc-425b-90ef-9bcaa62a7535@group-7704A457760D, cid=3733, SUCCESS, logIndex=6267, commits[0c156e3c-57cc-425b-90ef-9bcaa62a7535:c6267]
2019-06-14 13:46:08,281 INFO  client.GrpcClientProtocolClient (GrpcClientProtocolClient.java:onNext(254)) - client-E0FA40453D59->0c156e3c-57cc-425b-90ef-9bcaa62a7535: receive RaftClientReply:client-E0FA40453D59->0c156e3c-57cc-425b-90ef-9bcaa62a7535@group-7704A457760D, cid=3734, SUCCESS, logIndex=6269, commits[0c156e3c-57cc-425b-90ef-9bcaa62a7535:c6269]
2019-06-14 13:46:08,282 INFO  client.GrpcClientProtocolClient (GrpcClientProtocolClient.java:onNext(254)) - client-E0FA40453D59->0c156e3c-57cc-425b-90ef-9bcaa62a7535: receive RaftClientReply:client-E0FA40453D59->0c156e3c-57cc-425b-90ef-9bcaa62a7535@group-7704A457760D, cid=3735, SUCCESS, logIndex=6270, commits[0c156e3c-57cc-425b-90ef-9bcaa62a7535:c6271]
2019-06-14 13:46:08,283 INFO  client.GrpcClientProtocolClient (GrpcClientProtocolClient.java:onNext(254)) - client-E0FA40453D59->0c156e3c-57cc-425b-90ef-9bcaa62a7535: receive RaftClientReply:client-E0FA40453D59->0c156e3c-57cc-425b-90ef-9bcaa62a7535@group-7704A457760D, cid=3736, SUCCESS, logIndex=6272, commits[0c156e3c-57cc-425b-90ef-9bcaa62a7535:c6272]
2019-06-14 13:46:08,293 INFO  client.GrpcClientProtocolClient (GrpcClientProtocolClient.java:onNext(254)) - client-E0FA40453D59->0c156e3c-57cc-425b-90ef-9bcaa62a7535: receive RaftClientReply:client-E0FA40453D59->0c156e3c-57cc-425b-90ef-9bcaa62a7535@group-7704A457760D, cid=3737, SUCCESS, logIndex=6274, commits[0c156e3c-57cc-425b-90ef-9bcaa62a7535:c6274]
2019-06-14 13:46:08,294 INFO  storage.RaftLogWorker (RaftLogWorker.java:rollLogSegment(303)) - 0c156e3c-57cc-425b-90ef-9bcaa62a7535-RaftLogWorker: Rolling segment log-6209_6276 to index:6276
2019-06-14 13:46:08,294 INFO  storage.RaftLogWorker (RaftLogWorker.java:execute(433)) - 0c156e3c-57cc-425b-90ef-9bcaa62a7535-RaftLogWorker: Rolled log segment from /opt/src/hadoop-ozone/integration-test/target/test-dir/MiniOzoneClusterImpl-8919240e-7e15-4dbf-8bf4-c210578586bb/datanode-0/data/ratis/1fc53845-3381-4beb-82f9-7704a457760d/current/log_inprogress_6209 to /opt/src/hadoop-ozone/integration-test/target/test-dir/MiniOzoneClusterImpl-8919240e-7e15-4dbf-8bf4-c210578586bb/datanode-0/data/ratis/1fc53845-3381-4beb-82f9-7704a457760d/current/log_6209-6276
2019-06-14 13:46:08,295 INFO  client.GrpcClientProtocolClient (GrpcClientProtocolClient.java:onNext(254)) - client-E0FA40453D59->0c156e3c-57cc-425b-90ef-9bcaa62a7535: receive RaftClientReply:client-E0FA40453D59->0c156e3c-57cc-425b-90ef-9bcaa62a7535@group-7704A457760D, cid=3738, SUCCESS, logIndex=6276, commits[0c156e3c-57cc-425b-90ef-9bcaa62a7535:c6276]
2019-06-14 13:46:08,329 INFO  storage.RaftLogWorker (RaftLogWorker.java:execute(469)) - 0c156e3c-57cc-425b-90ef-9bcaa62a7535-RaftLogWorker: created new log segment /opt/src/hadoop-ozone/integration-test/target/test-dir/MiniOzoneClusterImpl-8919240e-7e15-4dbf-8bf4-c210578586bb/datanode-0/data/ratis/1fc53845-3381-4beb-82f9-7704a457760d/current/log_inprogress_6277
2019-06-14 13:46:08,332 INFO  client.GrpcClientProtocolClient (GrpcClientProtocolClient.java:onNext(254)) - client-E0FA40453D59->0c156e3c-57cc-425b-90ef-9bcaa62a7535: receive RaftClientReply:client-E0FA40453D59->0c156e3c-57cc-425b-90ef-9bcaa62a7535@group-7704A457760D, cid=3739, SUCCESS, logIndex=6277, commits[0c156e3c-57cc-425b-90ef-9bcaa62a7535:c6279]
2019-06-14 13:46:08,332 INFO  client.GrpcClientProtocolClient (GrpcClientProtocolClient.java:onNext(254)) - client-E0FA40453D59->0c156e3c-57cc-425b-90ef-9bcaa62a7535: receive RaftClientReply:client-E0FA40453D59->0c156e3c-57cc-425b-90ef-9bcaa62a7535@group-7704A457760D, cid=3740, SUCCESS, logIndex=6279, commits[0c156e3c-57cc-425b-90ef-9bcaa62a7535:c6280]
2019-06-14 13:46:08,338 INFO  client.GrpcClientProtocolClient (GrpcClientProtocolClient.java:onNext(254)) - client-E0FA40453D59->0c156e3c-57cc-425b-90ef-9bcaa62a7535: receive RaftClientReply:client-E0FA40453D59->0c156e3c-57cc-425b-90ef-9bcaa62a7535@group-7704A457760D, cid=3741, SUCCESS, logIndex=6281, commits[0c156e3c-57cc-425b-90ef-9bcaa62a7535:c6281]
2019-06-14 13:46:08,339 INFO  client.GrpcClientProtocolClient (GrpcClientProtocolClient.java:onNext(254)) - client-E0FA40453D59->0c156e3c-57cc-425b-90ef-9bcaa62a7535: receive RaftClientReply:client-E0FA40453D59->0c156e3c-57cc-425b-90ef-9bcaa62a7535@group-7704A457760D, cid=3742, SUCCESS, logIndex=6283, commits[0c156e3c-57cc-425b-90ef-9bcaa62a7535:c6283]
2019-06-14 13:46:08,341 INFO  client.GrpcClientProtocolClient (GrpcClientProtocolClient.java:onNext(254)) - client-E0FA40453D59->0c156e3c-57cc-425b-90ef-9bcaa62a7535: receive RaftClientReply:client-E0FA40453D59->0c156e3c-57cc-425b-90ef-9bcaa62a7535@group-7704A457760D, cid=3743, SUCCESS, logIndex=6285, commits[0c156e3c-57cc-425b-90ef-9bcaa62a7535:c6285]
2019-06-14 13:46:08,343 INFO  client.GrpcClientProtocolClient (GrpcClientProtocolClient.java:onNext(254)) - client-E0FA40453D59->0c156e3c-57cc-425b-90ef-9bcaa62a7535: receive RaftClientReply:client-E0FA40453D59->0c156e3c-57cc-425b-90ef-9bcaa62a7535@group-7704A457760D, cid=3744, SUCCESS, logIndex=6287, commits[0c156e3c-57cc-425b-90ef-9bcaa62a7535:c6287]
2019-06-14 13:46:08,346 DEBUG block.SCMBlockDeletingService (SCMBlockDeletingService.java:call(138)) - Running DeletedBlockTransactionScanner
2019-06-14 13:46:08,346 DEBUG block.SCMBlockDeletingService (SCMBlockDeletingService.java:call(155)) - Scanned deleted blocks log and got 0 delTX to process.
2019-06-14 13:46:08,353 INFO  client.GrpcClientProtocolClient (GrpcClientProtocolClient.java:onNext(254)) - client-E0FA40453D59->0c156e3c-57cc-425b-90ef-9bcaa62a7535: receive RaftClientReply:client-E0FA40453D59->0c156e3c-57cc-425b-90ef-9bcaa62a7535@group-7704A457760D, cid=3745, SUCCESS, logIndex=6289, commits[0c156e3c-57cc-425b-90ef-9bcaa62a7535:c6289]
2019-06-14 13:46:08,364 INFO  client.GrpcClientProtocolClient (GrpcClientProtocolClient.java:onNext(254)) - client-E0FA40453D59->0c156e3c-57cc-425b-90ef-9bcaa62a7535: receive RaftClientReply:client-E0FA40453D59->0c156e3c-57cc-425b-90ef-9bcaa62a7535@group-7704A457760D, cid=3746, SUCCESS, logIndex=6291, commits[0c156e3c-57cc-425b-90ef-9bcaa62a7535:c6293]
2019-06-14 13:46:08,364 INFO  client.GrpcClientProtocolClient (GrpcClientProtocolClient.java:onNext(254)) - client-E0FA40453D59->0c156e3c-57cc-425b-90ef-9bcaa62a7535: receive RaftClientReply:client-E0FA40453D59->0c156e3c-57cc-425b-90ef-9bcaa62a7535@group-7704A457760D, cid=3747, SUCCESS, logIndex=6292, commits[0c156e3c-57cc-425b-90ef-9bcaa62a7535:c6293]
2019-06-14 13:46:08,364 INFO  client.GrpcClientProtocolClient (GrpcClientProtocolClient.java:onNext(254)) - client-E0FA40453D59->0c156e3c-57cc-425b-90ef-9bcaa62a7535: receive RaftClientReply:client-E0FA40453D59->0c156e3c-57cc-425b-90ef-9bcaa62a7535@group-7704A457760D, cid=3748, SUCCESS, logIndex=6293, commits[0c156e3c-57cc-425b-90ef-9bcaa62a7535:c6294]
2019-06-14 13:46:08,375 INFO  client.GrpcClientProtocolClient (GrpcClientProtocolClient.java:onNext(254)) - client-E0FA40453D59->0c156e3c-57cc-425b-90ef-9bcaa62a7535: receive RaftClientReply:client-E0FA40453D59->0c156e3c-57cc-425b-90ef-9bcaa62a7535@group-7704A457760D, cid=3749, SUCCESS, logIndex=6295, commits[0c156e3c-57cc-425b-90ef-9bcaa62a7535:c6295]
2019-06-14 13:46:08,375 INFO  client.GrpcClientProtocolClient (GrpcClientProtocolClient.java:onNext(254)) - client-E0FA40453D59->0c156e3c-57cc-425b-90ef-9bcaa62a7535: receive RaftClientReply:client-E0FA40453D59->0c156e3c-57cc-425b-90ef-9bcaa62a7535@group-7704A457760D, cid=3750, SUCCESS, logIndex=6297, commits[0c156e3c-57cc-425b-90ef-9bcaa62a7535:c6297]
2019-06-14 13:46:08,376 INFO  client.GrpcClientProtocolClient (GrpcClientProtocolClient.java:onNext(254)) - client-E0FA40453D59->0c156e3c-57cc-425b-90ef-9bcaa62a7535: receive RaftClientReply:client-E0FA40453D59->0c156e3c-57cc-425b-90ef-9bcaa62a7535@group-7704A457760D, cid=3751, SUCCESS, logIndex=6298, commits[0c156e3c-57cc-425b-90ef-9bcaa62a7535:c6300]
2019-06-14 13:46:08,376 INFO  client.GrpcClientProtocolClient (GrpcClientProtocolClient.java:onNext(254)) - client-E0FA40453D59->0c156e3c-57cc-425b-90ef-9bcaa62a7535: receive RaftClientReply:client-E0FA40453D59->0c156e3c-57cc-425b-90ef-9bcaa62a7535@group-7704A457760D, cid=3752, SUCCESS, logIndex=6299, commits[0c156e3c-57cc-425b-90ef-9bcaa62a7535:c6300]
2019-06-14 13:46:08,392 INFO  client.GrpcClientProtocolClient (GrpcClientProtocolClient.java:onNext(254)) - client-E0FA40453D59->0c156e3c-57cc-425b-90ef-9bcaa62a7535: receive RaftClientReply:client-E0FA40453D59->0c156e3c-57cc-425b-90ef-9bcaa62a7535@group-7704A457760D, cid=3753, SUCCESS, logIndex=6301, commits[0c156e3c-57cc-425b-90ef-9bcaa62a7535:c6301]
2019-06-14 13:46:08,394 INFO  client.GrpcClientProtocolClient (GrpcClientProtocolClient.java:onNext(254)) - client-E0FA40453D59->0c156e3c-57cc-425b-90ef-9bcaa62a7535: receive RaftClientReply:client-E0FA40453D59->0c156e3c-57cc-425b-90ef-9bcaa62a7535@group-7704A457760D, cid=3754, SUCCESS, logIndex=6303, commits[0c156e3c-57cc-425b-90ef-9bcaa62a7535:c6303]
2019-06-14 13:46:08,395 INFO  client.GrpcClientProtocolClient (GrpcClientProtocolClient.java:onNext(254)) - client-E0FA40453D59->0c156e3c-57cc-425b-90ef-9bcaa62a7535: receive RaftClientReply:client-E0FA40453D59->0c156e3c-57cc-425b-90ef-9bcaa62a7535@group-7704A457760D, cid=3755, SUCCESS, logIndex=6304, commits[0c156e3c-57cc-425b-90ef-9bcaa62a7535:c6304]
2019-06-14 13:46:08,402 INFO  client.GrpcClientProtocolClient (GrpcClientProtocolClient.java:onNext(254)) - client-E0FA40453D59->0c156e3c-57cc-425b-90ef-9bcaa62a7535: receive RaftClientReply:client-E0FA40453D59->0c156e3c-57cc-425b-90ef-9bcaa62a7535@group-7704A457760D, cid=3756, SUCCESS, logIndex=6306, commits[0c156e3c-57cc-425b-90ef-9bcaa62a7535:c6306]
2019-06-14 13:46:08,446 DEBUG block.SCMBlockDeletingService (SCMBlockDeletingService.java:call(138)) - Running DeletedBlockTransactionScanner
2019-06-14 13:46:08,446 DEBUG block.SCMBlockDeletingService (SCMBlockDeletingService.java:call(155)) - Scanned deleted blocks log and got 0 delTX to process.
2019-06-14 13:46:08,481 INFO  client.GrpcClientProtocolClient (GrpcClientProtocolClient.java:onNext(254)) - client-E0FA40453D59->0c156e3c-57cc-425b-90ef-9bcaa62a7535: receive RaftClientReply:client-E0FA40453D59->0c156e3c-57cc-425b-90ef-9bcaa62a7535@group-7704A457760D, cid=3757, SUCCESS, logIndex=6309, commits[0c156e3c-57cc-425b-90ef-9bcaa62a7535:c6309]
2019-06-14 13:46:08,488 INFO  client.GrpcClientProtocolClient (GrpcClientProtocolClient.java:onNext(254)) - client-E0FA40453D59->0c156e3c-57cc-425b-90ef-9bcaa62a7535: receive RaftClientReply:client-E0FA40453D59->0c156e3c-57cc-425b-90ef-9bcaa62a7535@group-7704A457760D, cid=3758, SUCCESS, logIndex=6311, commits[0c156e3c-57cc-425b-90ef-9bcaa62a7535:c6311]
2019-06-14 13:46:08,494 INFO  client.GrpcClientProtocolClient (GrpcClientProtocolClient.java:onNext(254)) - client-E0FA40453D59->0c156e3c-57cc-425b-90ef-9bcaa62a7535: receive RaftClientReply:client-E0FA40453D59->0c156e3c-57cc-425b-90ef-9bcaa62a7535@group-7704A457760D, cid=3759, SUCCESS, logIndex=6313, commits[0c156e3c-57cc-425b-90ef-9bcaa62a7535:c6313]
2019-06-14 13:46:08,498 INFO  client.GrpcClientProtocolClient (GrpcClientProtocolClient.java:onNext(254)) - client-E0FA40453D59->0c156e3c-57cc-425b-90ef-9bcaa62a7535: receive RaftClientReply:client-E0FA40453D59->0c156e3c-57cc-425b-90ef-9bcaa62a7535@group-7704A457760D, cid=3760, SUCCESS, logIndex=6314, commits[0c156e3c-57cc-425b-90ef-9bcaa62a7535:c6315]
2019-06-14 13:46:08,832 DEBUG block.SCMBlockDeletingService (SCMBlockDeletingService.java:call(138)) - Running DeletedBlockTransactionScanner
2019-06-14 13:46:08,832 INFO  client.GrpcClientProtocolClient (GrpcClientProtocolClient.java:onNext(254)) - client-E0FA40453D59->0c156e3c-57cc-425b-90ef-9bcaa62a7535: receive RaftClientReply:client-E0FA40453D59->0c156e3c-57cc-425b-90ef-9bcaa62a7535@group-7704A457760D, cid=3761, SUCCESS, logIndex=6316, commits[0c156e3c-57cc-425b-90ef-9bcaa62a7535:c6316]
2019-06-14 13:46:08,832 DEBUG block.SCMBlockDeletingService (SCMBlockDeletingService.java:call(155)) - Scanned deleted blocks log and got 0 delTX to process.
2019-06-14 13:46:08,841 INFO  client.GrpcClientProtocolClient (GrpcClientProtocolClient.java:onNext(254)) - client-E0FA40453D59->0c156e3c-57cc-425b-90ef-9bcaa62a7535: receive RaftClientReply:client-E0FA40453D59->0c156e3c-57cc-425b-90ef-9bcaa62a7535@group-7704A457760D, cid=3762, SUCCESS, logIndex=6318, commits[0c156e3c-57cc-425b-90ef-9bcaa62a7535:c6320]
2019-06-14 13:46:08,842 INFO  client.GrpcClientProtocolClient (GrpcClientProtocolClient.java:onNext(254)) - client-E0FA40453D59->0c156e3c-57cc-425b-90ef-9bcaa62a7535: receive RaftClientReply:client-E0FA40453D59->0c156e3c-57cc-425b-90ef-9bcaa62a7535@group-7704A457760D, cid=3763, SUCCESS, logIndex=6319, commits[0c156e3c-57cc-425b-90ef-9bcaa62a7535:c6321]
2019-06-14 13:46:08,842 INFO  client.GrpcClientProtocolClient (GrpcClientProtocolClient.java:onNext(254)) - client-E0FA40453D59->0c156e3c-57cc-425b-90ef-9bcaa62a7535: receive RaftClientReply:client-E0FA40453D59->0c156e3c-57cc-425b-90ef-9bcaa62a7535@group-7704A457760D, cid=3764, SUCCESS, logIndex=6320, commits[0c156e3c-57cc-425b-90ef-9bcaa62a7535:c6321]
2019-06-14 13:46:08,850 INFO  client.GrpcClientProtocolClient (GrpcClientProtocolClient.java:onNext(254)) - client-E0FA40453D59->0c156e3c-57cc-425b-90ef-9bcaa62a7535: receive RaftClientReply:client-E0FA40453D59->0c156e3c-57cc-425b-90ef-9bcaa62a7535@group-7704A457760D, cid=3765, SUCCESS, logIndex=6322, commits[0c156e3c-57cc-425b-90ef-9bcaa62a7535:c6322]
2019-06-14 13:46:08,850 INFO  client.GrpcClientProtocolClient (GrpcClientProtocolClient.java:onNext(254)) - client-E0FA40453D59->0c156e3c-57cc-425b-90ef-9bcaa62a7535: receive RaftClientReply:client-E0FA40453D59->0c156e3c-57cc-425b-90ef-9bcaa62a7535@group-7704A457760D, cid=3766, SUCCESS, logIndex=6324, commits[0c156e3c-57cc-425b-90ef-9bcaa62a7535:c6324]
2019-06-14 13:46:08,853 INFO  client.GrpcClientProtocolClient (GrpcClientProtocolClient.java:onNext(254)) - client-E0FA40453D59->0c156e3c-57cc-425b-90ef-9bcaa62a7535: receive RaftClientReply:client-E0FA40453D59->0c156e3c-57cc-425b-90ef-9bcaa62a7535@group-7704A457760D, cid=3767, SUCCESS, logIndex=6326, commits[0c156e3c-57cc-425b-90ef-9bcaa62a7535:c6326]
2019-06-14 13:46:08,854 INFO  client.GrpcClientProtocolClient (GrpcClientProtocolClient.java:onNext(254)) - client-E0FA40453D59->0c156e3c-57cc-425b-90ef-9bcaa62a7535: receive RaftClientReply:client-E0FA40453D59->0c156e3c-57cc-425b-90ef-9bcaa62a7535@group-7704A457760D, cid=3768, SUCCESS, logIndex=6328, commits[0c156e3c-57cc-425b-90ef-9bcaa62a7535:c6328]
2019-06-14 13:46:08,864 INFO  client.GrpcClientProtocolClient (GrpcClientProtocolClient.java:onNext(254)) - client-E0FA40453D59->0c156e3c-57cc-425b-90ef-9bcaa62a7535: receive RaftClientReply:client-E0FA40453D59->0c156e3c-57cc-425b-90ef-9bcaa62a7535@group-7704A457760D, cid=3769, SUCCESS, logIndex=6330, commits[0c156e3c-57cc-425b-90ef-9bcaa62a7535:c6330]
2019-06-14 13:46:08,866 INFO  client.GrpcClientProtocolClient (GrpcClientProtocolClient.java:onNext(254)) - client-E0FA40453D59->0c156e3c-57cc-425b-90ef-9bcaa62a7535: receive RaftClientReply:client-E0FA40453D59->0c156e3c-57cc-425b-90ef-9bcaa62a7535@group-7704A457760D, cid=3770, SUCCESS, logIndex=6332, commits[0c156e3c-57cc-425b-90ef-9bcaa62a7535:c6332]
2019-06-14 13:46:08,866 INFO  client.GrpcClientProtocolClient (GrpcClientProtocolClient.java:onNext(254)) - client-E0FA40453D59->0c156e3c-57cc-425b-90ef-9bcaa62a7535: receive RaftClientReply:client-E0FA40453D59->0c156e3c-57cc-425b-90ef-9bcaa62a7535@group-7704A457760D, cid=3771, SUCCESS, logIndex=6333, commits[0c156e3c-57cc-425b-90ef-9bcaa62a7535:c6334]
2019-06-14 13:46:08,867 INFO  client.GrpcClientProtocolClient (GrpcClientProtocolClient.java:onNext(254)) - client-E0FA40453D59->0c156e3c-57cc-425b-90ef-9bcaa62a7535: receive RaftClientReply:client-E0FA40453D59->0c156e3c-57cc-425b-90ef-9bcaa62a7535@group-7704A457760D, cid=3772, SUCCESS, logIndex=6334, commits[0c156e3c-57cc-425b-90ef-9bcaa62a7535:c6334]
2019-06-14 13:46:08,871 INFO  client.GrpcClientProtocolClient (GrpcClientProtocolClient.java:onNext(254)) - client-E0FA40453D59->0c156e3c-57cc-425b-90ef-9bcaa62a7535: receive RaftClientReply:client-E0FA40453D59->0c156e3c-57cc-425b-90ef-9bcaa62a7535@group-7704A457760D, cid=3773, SUCCESS, logIndex=6337, commits[0c156e3c-57cc-425b-90ef-9bcaa62a7535:c6337]
2019-06-14 13:46:08,872 INFO  client.GrpcClientProtocolClient (GrpcClientProtocolClient.java:onNext(254)) - client-E0FA40453D59->0c156e3c-57cc-425b-90ef-9bcaa62a7535: receive RaftClientReply:client-E0FA40453D59->0c156e3c-57cc-425b-90ef-9bcaa62a7535@group-7704A457760D, cid=3774, SUCCESS, logIndex=6339, commits[0c156e3c-57cc-425b-90ef-9bcaa62a7535:c6339]
2019-06-14 13:46:08,873 INFO  client.GrpcClientProtocolClient (GrpcClientProtocolClient.java:onNext(254)) - client-E0FA40453D59->0c156e3c-57cc-425b-90ef-9bcaa62a7535: receive RaftClientReply:client-E0FA40453D59->0c156e3c-57cc-425b-90ef-9bcaa62a7535@group-7704A457760D, cid=3775, SUCCESS, logIndex=6340, commits[0c156e3c-57cc-425b-90ef-9bcaa62a7535:c6342]
2019-06-14 13:46:08,873 INFO  client.GrpcClientProtocolClient (GrpcClientProtocolClient.java:onNext(254)) - client-E0FA40453D59->0c156e3c-57cc-425b-90ef-9bcaa62a7535: receive RaftClientReply:client-E0FA40453D59->0c156e3c-57cc-425b-90ef-9bcaa62a7535@group-7704A457760D, cid=3776, SUCCESS, logIndex=6341, commits[0c156e3c-57cc-425b-90ef-9bcaa62a7535:c6342]
2019-06-14 13:46:08,885 INFO  client.GrpcClientProtocolClient (GrpcClientProtocolClient.java:onNext(254)) - client-E0FA40453D59->0c156e3c-57cc-425b-90ef-9bcaa62a7535: receive RaftClientReply:client-E0FA40453D59->0c156e3c-57cc-425b-90ef-9bcaa62a7535@group-7704A457760D, cid=3777, SUCCESS, logIndex=6343, commits[0c156e3c-57cc-425b-90ef-9bcaa62a7535:c6343]
2019-06-14 13:46:08,886 INFO  client.GrpcClientProtocolClient (GrpcClientProtocolClient.java:onNext(254)) - client-E0FA40453D59->0c156e3c-57cc-425b-90ef-9bcaa62a7535: receive RaftClientReply:client-E0FA40453D59->0c156e3c-57cc-425b-90ef-9bcaa62a7535@group-7704A457760D, cid=3778, SUCCESS, logIndex=6345, commits[0c156e3c-57cc-425b-90ef-9bcaa62a7535:c6345]
2019-06-14 13:46:08,887 INFO  client.GrpcClientProtocolClient (GrpcClientProtocolClient.java:onNext(254)) - client-E0FA40453D59->0c156e3c-57cc-425b-90ef-9bcaa62a7535: receive RaftClientReply:client-E0FA40453D59->0c156e3c-57cc-425b-90ef-9bcaa62a7535@group-7704A457760D, cid=3779, SUCCESS, logIndex=6346, commits[0c156e3c-57cc-425b-90ef-9bcaa62a7535:c6348]
2019-06-14 13:46:08,887 INFO  client.GrpcClientProtocolClient (GrpcClientProtocolClient.java:onNext(254)) - client-E0FA40453D59->0c156e3c-57cc-425b-90ef-9bcaa62a7535: receive RaftClientReply:client-E0FA40453D59->0c156e3c-57cc-425b-90ef-9bcaa62a7535@group-7704A457760D, cid=3780, SUCCESS, logIndex=6347, commits[0c156e3c-57cc-425b-90ef-9bcaa62a7535:c6348]
2019-06-14 13:46:08,893 INFO  storage.RaftLogWorker (RaftLogWorker.java:rollLogSegment(303)) - 0c156e3c-57cc-425b-90ef-9bcaa62a7535-RaftLogWorker: Rolling segment log-6277_6350 to index:6350
2019-06-14 13:46:08,893 INFO  client.GrpcClientProtocolClient (GrpcClientProtocolClient.java:onNext(254)) - client-E0FA40453D59->0c156e3c-57cc-425b-90ef-9bcaa62a7535: receive RaftClientReply:client-E0FA40453D59->0c156e3c-57cc-425b-90ef-9bcaa62a7535@group-7704A457760D, cid=3781, SUCCESS, logIndex=6349, commits[0c156e3c-57cc-425b-90ef-9bcaa62a7535:c6349]
2019-06-14 13:46:08,893 INFO  storage.RaftLogWorker (RaftLogWorker.java:execute(433)) - 0c156e3c-57cc-425b-90ef-9bcaa62a7535-RaftLogWorker: Rolled log segment from /opt/src/hadoop-ozone/integration-test/target/test-dir/MiniOzoneClusterImpl-8919240e-7e15-4dbf-8bf4-c210578586bb/datanode-0/data/ratis/1fc53845-3381-4beb-82f9-7704a457760d/current/log_inprogress_6277 to /opt/src/hadoop-ozone/integration-test/target/test-dir/MiniOzoneClusterImpl-8919240e-7e15-4dbf-8bf4-c210578586bb/datanode-0/data/ratis/1fc53845-3381-4beb-82f9-7704a457760d/current/log_6277-6350
2019-06-14 13:46:08,929 INFO  storage.RaftLogWorker (RaftLogWorker.java:execute(469)) - 0c156e3c-57cc-425b-90ef-9bcaa62a7535-RaftLogWorker: created new log segment /opt/src/hadoop-ozone/integration-test/target/test-dir/MiniOzoneClusterImpl-8919240e-7e15-4dbf-8bf4-c210578586bb/datanode-0/data/ratis/1fc53845-3381-4beb-82f9-7704a457760d/current/log_inprogress_6351
2019-06-14 13:46:08,933 INFO  client.GrpcClientProtocolClient (GrpcClientProtocolClient.java:onNext(254)) - client-E0FA40453D59->0c156e3c-57cc-425b-90ef-9bcaa62a7535: receive RaftClientReply:client-E0FA40453D59->0c156e3c-57cc-425b-90ef-9bcaa62a7535@group-7704A457760D, cid=3782, SUCCESS, logIndex=6351, commits[0c156e3c-57cc-425b-90ef-9bcaa62a7535:c6353]
2019-06-14 13:46:08,933 DEBUG block.SCMBlockDeletingService (SCMBlockDeletingService.java:call(138)) - Running DeletedBlockTransactionScanner
2019-06-14 13:46:08,933 DEBUG block.SCMBlockDeletingService (SCMBlockDeletingService.java:call(155)) - Scanned deleted blocks log and got 0 delTX to process.
2019-06-14 13:46:08,933 INFO  client.GrpcClientProtocolClient (GrpcClientProtocolClient.java:onNext(254)) - client-E0FA40453D59->0c156e3c-57cc-425b-90ef-9bcaa62a7535: receive RaftClientReply:client-E0FA40453D59->0c156e3c-57cc-425b-90ef-9bcaa62a7535@group-7704A457760D, cid=3783, SUCCESS, logIndex=6352, commits[0c156e3c-57cc-425b-90ef-9bcaa62a7535:c6354]
2019-06-14 13:46:08,934 INFO  client.GrpcClientProtocolClient (GrpcClientProtocolClient.java:onNext(254)) - client-E0FA40453D59->0c156e3c-57cc-425b-90ef-9bcaa62a7535: receive RaftClientReply:client-E0FA40453D59->0c156e3c-57cc-425b-90ef-9bcaa62a7535@group-7704A457760D, cid=3784, SUCCESS, logIndex=6353, commits[0c156e3c-57cc-425b-90ef-9bcaa62a7535:c6354]
2019-06-14 13:46:08,944 INFO  client.GrpcClientProtocolClient (GrpcClientProtocolClient.java:onNext(254)) - client-E0FA40453D59->0c156e3c-57cc-425b-90ef-9bcaa62a7535: receive RaftClientReply:client-E0FA40453D59->0c156e3c-57cc-425b-90ef-9bcaa62a7535@group-7704A457760D, cid=3785, SUCCESS, logIndex=6355, commits[0c156e3c-57cc-425b-90ef-9bcaa62a7535:c6355]
2019-06-14 13:46:08,945 INFO  client.GrpcClientProtocolClient (GrpcClientProtocolClient.java:onNext(254)) - client-E0FA40453D59->0c156e3c-57cc-425b-90ef-9bcaa62a7535: receive RaftClientReply:client-E0FA40453D59->0c156e3c-57cc-425b-90ef-9bcaa62a7535@group-7704A457760D, cid=3786, SUCCESS, logIndex=6357, commits[0c156e3c-57cc-425b-90ef-9bcaa62a7535:c6357]
2019-06-14 13:46:08,946 INFO  client.GrpcClientProtocolClient (GrpcClientProtocolClient.java:onNext(254)) - client-E0FA40453D59->0c156e3c-57cc-425b-90ef-9bcaa62a7535: receive RaftClientReply:client-E0FA40453D59->0c156e3c-57cc-425b-90ef-9bcaa62a7535@group-7704A457760D, cid=3787, SUCCESS, logIndex=6358, commits[0c156e3c-57cc-425b-90ef-9bcaa62a7535:c6358]
2019-06-14 13:46:08,946 INFO  client.GrpcClientProtocolClient (GrpcClientProtocolClient.java:onNext(254)) - client-E0FA40453D59->0c156e3c-57cc-425b-90ef-9bcaa62a7535: receive RaftClientReply:client-E0FA40453D59->0c156e3c-57cc-425b-90ef-9bcaa62a7535@group-7704A457760D, cid=3788, SUCCESS, logIndex=6360, commits[0c156e3c-57cc-425b-90ef-9bcaa62a7535:c6360]
2019-06-14 13:46:08,952 INFO  client.GrpcClientProtocolClient (GrpcClientProtocolClient.java:onNext(254)) - client-E0FA40453D59->0c156e3c-57cc-425b-90ef-9bcaa62a7535: receive RaftClientReply:client-E0FA40453D59->0c156e3c-57cc-425b-90ef-9bcaa62a7535@group-7704A457760D, cid=3789, SUCCESS, logIndex=6363, commits[0c156e3c-57cc-425b-90ef-9bcaa62a7535:c6363]
2019-06-14 13:46:08,954 INFO  client.GrpcClientProtocolClient (GrpcClientProtocolClient.java:onNext(254)) - client-E0FA40453D59->0c156e3c-57cc-425b-90ef-9bcaa62a7535: receive RaftClientReply:client-E0FA40453D59->0c156e3c-57cc-425b-90ef-9bcaa62a7535@group-7704A457760D, cid=3790, SUCCESS, logIndex=6365, commits[0c156e3c-57cc-425b-90ef-9bcaa62a7535:c6365]
2019-06-14 13:46:08,954 INFO  client.GrpcClientProtocolClient (GrpcClientProtocolClient.java:onNext(254)) - client-E0FA40453D59->0c156e3c-57cc-425b-90ef-9bcaa62a7535: receive RaftClientReply:client-E0FA40453D59->0c156e3c-57cc-425b-90ef-9bcaa62a7535@group-7704A457760D, cid=3791, SUCCESS, logIndex=6366, commits[0c156e3c-57cc-425b-90ef-9bcaa62a7535:c6368]
2019-06-14 13:46:08,955 INFO  client.GrpcClientProtocolClient (GrpcClientProtocolClient.java:onNext(254)) - client-E0FA40453D59->0c156e3c-57cc-425b-90ef-9bcaa62a7535: receive RaftClientReply:client-E0FA40453D59->0c156e3c-57cc-425b-90ef-9bcaa62a7535@group-7704A457760D, cid=3792, SUCCESS, logIndex=6367, commits[0c156e3c-57cc-425b-90ef-9bcaa62a7535:c6368]
2019-06-14 13:46:08,966 INFO  client.GrpcClientProtocolClient (GrpcClientProtocolClient.java:onNext(254)) - client-E0FA40453D59->0c156e3c-57cc-425b-90ef-9bcaa62a7535: receive RaftClientReply:client-E0FA40453D59->0c156e3c-57cc-425b-90ef-9bcaa62a7535@group-7704A457760D, cid=3793, SUCCESS, logIndex=6369, commits[0c156e3c-57cc-425b-90ef-9bcaa62a7535:c6369]
2019-06-14 13:46:08,967 INFO  client.GrpcClientProtocolClient (GrpcClientProtocolClient.java:onNext(254)) - client-E0FA40453D59->0c156e3c-57cc-425b-90ef-9bcaa62a7535: receive RaftClientReply:client-E0FA40453D59->0c156e3c-57cc-425b-90ef-9bcaa62a7535@group-7704A457760D, cid=3794, SUCCESS, logIndex=6371, commits[0c156e3c-57cc-425b-90ef-9bcaa62a7535:c6371]
2019-06-14 13:46:08,968 INFO  client.GrpcClientProtocolClient (GrpcClientProtocolClient.java:onNext(254)) - client-E0FA40453D59->0c156e3c-57cc-425b-90ef-9bcaa62a7535: receive RaftClientReply:client-E0FA40453D59->0c156e3c-57cc-425b-90ef-9bcaa62a7535@group-7704A457760D, cid=3795, SUCCESS, logIndex=6372, commits[0c156e3c-57cc-425b-90ef-9bcaa62a7535:c6374]
2019-06-14 13:46:08,969 INFO  client.GrpcClientProtocolClient (GrpcClientProtocolClient.java:onNext(254)) - client-E0FA40453D59->0c156e3c-57cc-425b-90ef-9bcaa62a7535: receive RaftClientReply:client-E0FA40453D59->0c156e3c-57cc-425b-90ef-9bcaa62a7535@group-7704A457760D, cid=3796, SUCCESS, logIndex=6373, commits[0c156e3c-57cc-425b-90ef-9bcaa62a7535:c6374]
2019-06-14 13:46:08,975 INFO  client.GrpcClientProtocolClient (GrpcClientProtocolClient.java:onNext(254)) - client-E0FA40453D59->0c156e3c-57cc-425b-90ef-9bcaa62a7535: receive RaftClientReply:client-E0FA40453D59->0c156e3c-57cc-425b-90ef-9bcaa62a7535@group-7704A457760D, cid=3797, SUCCESS, logIndex=6375, commits[0c156e3c-57cc-425b-90ef-9bcaa62a7535:c6375]
2019-06-14 13:46:08,976 INFO  client.GrpcClientProtocolClient (GrpcClientProtocolClient.java:onNext(254)) - client-E0FA40453D59->0c156e3c-57cc-425b-90ef-9bcaa62a7535: receive RaftClientReply:client-E0FA40453D59->0c156e3c-57cc-425b-90ef-9bcaa62a7535@group-7704A457760D, cid=3798, SUCCESS, logIndex=6377, commits[0c156e3c-57cc-425b-90ef-9bcaa62a7535:c6377]
2019-06-14 13:46:08,977 INFO  client.GrpcClientProtocolClient (GrpcClientProtocolClient.java:onNext(254)) - client-E0FA40453D59->0c156e3c-57cc-425b-90ef-9bcaa62a7535: receive RaftClientReply:client-E0FA40453D59->0c156e3c-57cc-425b-90ef-9bcaa62a7535@group-7704A457760D, cid=3799, SUCCESS, logIndex=6378, commits[0c156e3c-57cc-425b-90ef-9bcaa62a7535:c6378]
2019-06-14 13:46:08,977 INFO  client.GrpcClientProtocolClient (GrpcClientProtocolClient.java:onNext(254)) - client-E0FA40453D59->0c156e3c-57cc-425b-90ef-9bcaa62a7535: receive RaftClientReply:client-E0FA40453D59->0c156e3c-57cc-425b-90ef-9bcaa62a7535@group-7704A457760D, cid=3800, SUCCESS, logIndex=6380, commits[0c156e3c-57cc-425b-90ef-9bcaa62a7535:c6380]
2019-06-14 13:46:09,033 DEBUG block.SCMBlockDeletingService (SCMBlockDeletingService.java:call(138)) - Running DeletedBlockTransactionScanner
2019-06-14 13:46:09,034 DEBUG block.SCMBlockDeletingService (SCMBlockDeletingService.java:call(155)) - Scanned deleted blocks log and got 0 delTX to process.
2019-06-14 13:46:09,057 INFO  client.GrpcClientProtocolClient (GrpcClientProtocolClient.java:onNext(254)) - client-E0FA40453D59->0c156e3c-57cc-425b-90ef-9bcaa62a7535: receive RaftClientReply:client-E0FA40453D59->0c156e3c-57cc-425b-90ef-9bcaa62a7535@group-7704A457760D, cid=3801, SUCCESS, logIndex=6383, commits[0c156e3c-57cc-425b-90ef-9bcaa62a7535:c6383]
2019-06-14 13:46:09,058 INFO  client.GrpcClientProtocolClient (GrpcClientProtocolClient.java:onNext(254)) - client-E0FA40453D59->0c156e3c-57cc-425b-90ef-9bcaa62a7535: receive RaftClientReply:client-E0FA40453D59->0c156e3c-57cc-425b-90ef-9bcaa62a7535@group-7704A457760D, cid=3802, SUCCESS, logIndex=6385, commits[0c156e3c-57cc-425b-90ef-9bcaa62a7535:c6385]
2019-06-14 13:46:09,059 INFO  client.GrpcClientProtocolClient (GrpcClientProtocolClient.java:onNext(254)) - client-E0FA40453D59->0c156e3c-57cc-425b-90ef-9bcaa62a7535: receive RaftClientReply:client-E0FA40453D59->0c156e3c-57cc-425b-90ef-9bcaa62a7535@group-7704A457760D, cid=3803, SUCCESS, logIndex=6386, commits[0c156e3c-57cc-425b-90ef-9bcaa62a7535:c6388]
2019-06-14 13:46:09,059 INFO  client.GrpcClientProtocolClient (GrpcClientProtocolClient.java:onNext(254)) - client-E0FA40453D59->0c156e3c-57cc-425b-90ef-9bcaa62a7535: receive RaftClientReply:client-E0FA40453D59->0c156e3c-57cc-425b-90ef-9bcaa62a7535@group-7704A457760D, cid=3804, SUCCESS, logIndex=6387, commits[0c156e3c-57cc-425b-90ef-9bcaa62a7535:c6388]
2019-06-14 13:46:09,064 INFO  client.GrpcClientProtocolClient (GrpcClientProtocolClient.java:onNext(254)) - client-E0FA40453D59->0c156e3c-57cc-425b-90ef-9bcaa62a7535: receive RaftClientReply:client-E0FA40453D59->0c156e3c-57cc-425b-90ef-9bcaa62a7535@group-7704A457760D, cid=3805, SUCCESS, logIndex=6389, commits[0c156e3c-57cc-425b-90ef-9bcaa62a7535:c6389]
2019-06-14 13:46:09,065 INFO  client.GrpcClientProtocolClient (GrpcClientProtocolClient.java:onNext(254)) - client-E0FA40453D59->0c156e3c-57cc-425b-90ef-9bcaa62a7535: receive RaftClientReply:client-E0FA40453D59->0c156e3c-57cc-425b-90ef-9bcaa62a7535@group-7704A457760D, cid=3806, SUCCESS, logIndex=6391, commits[0c156e3c-57cc-425b-90ef-9bcaa62a7535:c6391]
2019-06-14 13:46:09,066 INFO  client.GrpcClientProtocolClient (GrpcClientProtocolClient.java:onNext(254)) - client-E0FA40453D59->0c156e3c-57cc-425b-90ef-9bcaa62a7535: receive RaftClientReply:client-E0FA40453D59->0c156e3c-57cc-425b-90ef-9bcaa62a7535@group-7704A457760D, cid=3807, SUCCESS, logIndex=6392, commits[0c156e3c-57cc-425b-90ef-9bcaa62a7535:c6394]
2019-06-14 13:46:09,067 INFO  client.GrpcClientProtocolClient (GrpcClientProtocolClient.java:onNext(254)) - client-E0FA40453D59->0c156e3c-57cc-425b-90ef-9bcaa62a7535: receive RaftClientReply:client-E0FA40453D59->0c156e3c-57cc-425b-90ef-9bcaa62a7535@group-7704A457760D, cid=3808, SUCCESS, logIndex=6393, commits[0c156e3c-57cc-425b-90ef-9bcaa62a7535:c6394]
2019-06-14 13:46:09,076 INFO  client.GrpcClientProtocolClient (GrpcClientProtocolClient.java:onNext(254)) - client-E0FA40453D59->0c156e3c-57cc-425b-90ef-9bcaa62a7535: receive RaftClientReply:client-E0FA40453D59->0c156e3c-57cc-425b-90ef-9bcaa62a7535@group-7704A457760D, cid=3809, SUCCESS, logIndex=6395, commits[0c156e3c-57cc-425b-90ef-9bcaa62a7535:c6395]
2019-06-14 13:46:09,077 INFO  client.GrpcClientProtocolClient (GrpcClientProtocolClient.java:onNext(254)) - client-E0FA40453D59->0c156e3c-57cc-425b-90ef-9bcaa62a7535: receive RaftClientReply:client-E0FA40453D59->0c156e3c-57cc-425b-90ef-9bcaa62a7535@group-7704A457760D, cid=3810, SUCCESS, logIndex=6397, commits[0c156e3c-57cc-425b-90ef-9bcaa62a7535:c6397]
2019-06-14 13:46:09,078 INFO  client.GrpcClientProtocolClient (GrpcClientProtocolClient.java:onNext(254)) - client-E0FA40453D59->0c156e3c-57cc-425b-90ef-9bcaa62a7535: receive RaftClientReply:client-E0FA40453D59->0c156e3c-57cc-425b-90ef-9bcaa62a7535@group-7704A457760D, cid=3811, SUCCESS, logIndex=6398, commits[0c156e3c-57cc-425b-90ef-9bcaa62a7535:c6400]
2019-06-14 13:46:09,082 INFO  client.GrpcClientProtocolClient (GrpcClientProtocolClient.java:onNext(254)) - client-E0FA40453D59->0c156e3c-57cc-425b-90ef-9bcaa62a7535: receive RaftClientReply:client-E0FA40453D59->0c156e3c-57cc-425b-90ef-9bcaa62a7535@group-7704A457760D, cid=3812, SUCCESS, logIndex=6399, commits[0c156e3c-57cc-425b-90ef-9bcaa62a7535:c6400]
2019-06-14 13:46:09,087 INFO  client.GrpcClientProtocolClient (GrpcClientProtocolClient.java:onNext(254)) - client-E0FA40453D59->0c156e3c-57cc-425b-90ef-9bcaa62a7535: receive RaftClientReply:client-E0FA40453D59->0c156e3c-57cc-425b-90ef-9bcaa62a7535@group-7704A457760D, cid=3813, SUCCESS, logIndex=6401, commits[0c156e3c-57cc-425b-90ef-9bcaa62a7535:c6401]
2019-06-14 13:46:09,089 INFO  client.GrpcClientProtocolClient (GrpcClientProtocolClient.java:onNext(254)) - client-E0FA40453D59->0c156e3c-57cc-425b-90ef-9bcaa62a7535: receive RaftClientReply:client-E0FA40453D59->0c156e3c-57cc-425b-90ef-9bcaa62a7535@group-7704A457760D, cid=3814, SUCCESS, logIndex=6403, commits[0c156e3c-57cc-425b-90ef-9bcaa62a7535:c6403]
2019-06-14 13:46:09,090 INFO  client.GrpcClientProtocolClient (GrpcClientProtocolClient.java:onNext(254)) - client-E0FA40453D59->0c156e3c-57cc-425b-90ef-9bcaa62a7535: receive RaftClientReply:client-E0FA40453D59->0c156e3c-57cc-425b-90ef-9bcaa62a7535@group-7704A457760D, cid=3815, SUCCESS, logIndex=6404, commits[0c156e3c-57cc-425b-90ef-9bcaa62a7535:c6405]
2019-06-14 13:46:09,094 INFO  client.GrpcClientProtocolClient (GrpcClientProtocolClient.java:onNext(254)) - client-E0FA40453D59->0c156e3c-57cc-425b-90ef-9bcaa62a7535: receive RaftClientReply:client-E0FA40453D59->0c156e3c-57cc-425b-90ef-9bcaa62a7535@group-7704A457760D, cid=3816, SUCCESS, logIndex=6405, commits[0c156e3c-57cc-425b-90ef-9bcaa62a7535:c6407]
2019-06-14 13:46:09,105 INFO  client.GrpcClientProtocolClient (GrpcClientProtocolClient.java:onNext(254)) - client-E0FA40453D59->0c156e3c-57cc-425b-90ef-9bcaa62a7535: receive RaftClientReply:client-E0FA40453D59->0c156e3c-57cc-425b-90ef-9bcaa62a7535@group-7704A457760D, cid=3817, SUCCESS, logIndex=6408, commits[0c156e3c-57cc-425b-90ef-9bcaa62a7535:c6408]
2019-06-14 13:46:09,111 INFO  client.GrpcClientProtocolClient (GrpcClientProtocolClient.java:onNext(254)) - client-E0FA40453D59->0c156e3c-57cc-425b-90ef-9bcaa62a7535: receive RaftClientReply:client-E0FA40453D59->0c156e3c-57cc-425b-90ef-9bcaa62a7535@group-7704A457760D, cid=3818, SUCCESS, logIndex=6410, commits[0c156e3c-57cc-425b-90ef-9bcaa62a7535:c6415]
2019-06-14 13:46:09,111 INFO  client.GrpcClientProtocolClient (GrpcClientProtocolClient.java:onNext(254)) - client-E0FA40453D59->0c156e3c-57cc-425b-90ef-9bcaa62a7535: receive RaftClientReply:client-E0FA40453D59->0c156e3c-57cc-425b-90ef-9bcaa62a7535@group-7704A457760D, cid=3819, SUCCESS, logIndex=6411, commits[0c156e3c-57cc-425b-90ef-9bcaa62a7535:c6415]
2019-06-14 13:46:09,112 INFO  client.GrpcClientProtocolClient (GrpcClientProtocolClient.java:onNext(254)) - client-E0FA40453D59->0c156e3c-57cc-425b-90ef-9bcaa62a7535: receive RaftClientReply:client-E0FA40453D59->0c156e3c-57cc-425b-90ef-9bcaa62a7535@group-7704A457760D, cid=3820, SUCCESS, logIndex=6413, commits[0c156e3c-57cc-425b-90ef-9bcaa62a7535:c6415]
2019-06-14 13:46:09,122 INFO  client.GrpcClientProtocolClient (GrpcClientProtocolClient.java:onNext(254)) - client-E0FA40453D59->0c156e3c-57cc-425b-90ef-9bcaa62a7535: receive RaftClientReply:client-E0FA40453D59->0c156e3c-57cc-425b-90ef-9bcaa62a7535@group-7704A457760D, cid=3821, SUCCESS, logIndex=6416, commits[0c156e3c-57cc-425b-90ef-9bcaa62a7535:c6416]
2019-06-14 13:46:09,123 INFO  storage.RaftLogWorker (RaftLogWorker.java:rollLogSegment(303)) - 0c156e3c-57cc-425b-90ef-9bcaa62a7535-RaftLogWorker: Rolling segment log-6351_6419 to index:6419
2019-06-14 13:46:09,124 INFO  storage.RaftLogWorker (RaftLogWorker.java:execute(433)) - 0c156e3c-57cc-425b-90ef-9bcaa62a7535-RaftLogWorker: Rolled log segment from /opt/src/hadoop-ozone/integration-test/target/test-dir/MiniOzoneClusterImpl-8919240e-7e15-4dbf-8bf4-c210578586bb/datanode-0/data/ratis/1fc53845-3381-4beb-82f9-7704a457760d/current/log_inprogress_6351 to /opt/src/hadoop-ozone/integration-test/target/test-dir/MiniOzoneClusterImpl-8919240e-7e15-4dbf-8bf4-c210578586bb/datanode-0/data/ratis/1fc53845-3381-4beb-82f9-7704a457760d/current/log_6351-6419
2019-06-14 13:46:09,127 INFO  client.GrpcClientProtocolClient (GrpcClientProtocolClient.java:onNext(254)) - client-E0FA40453D59->0c156e3c-57cc-425b-90ef-9bcaa62a7535: receive RaftClientReply:client-E0FA40453D59->0c156e3c-57cc-425b-90ef-9bcaa62a7535@group-7704A457760D, cid=3822, SUCCESS, logIndex=6418, commits[0c156e3c-57cc-425b-90ef-9bcaa62a7535:c6418]
2019-06-14 13:46:09,128 INFO  client.GrpcClientProtocolClient (GrpcClientProtocolClient.java:onNext(254)) - client-E0FA40453D59->0c156e3c-57cc-425b-90ef-9bcaa62a7535: receive RaftClientReply:client-E0FA40453D59->0c156e3c-57cc-425b-90ef-9bcaa62a7535@group-7704A457760D, cid=3823, SUCCESS, logIndex=6419, commits[0c156e3c-57cc-425b-90ef-9bcaa62a7535:c6419]
2019-06-14 13:46:09,134 DEBUG block.SCMBlockDeletingService (SCMBlockDeletingService.java:call(138)) - Running DeletedBlockTransactionScanner
2019-06-14 13:46:09,134 DEBUG block.SCMBlockDeletingService (SCMBlockDeletingService.java:call(155)) - Scanned deleted blocks log and got 0 delTX to process.
2019-06-14 13:46:09,169 INFO  storage.RaftLogWorker (RaftLogWorker.java:execute(469)) - 0c156e3c-57cc-425b-90ef-9bcaa62a7535-RaftLogWorker: created new log segment /opt/src/hadoop-ozone/integration-test/target/test-dir/MiniOzoneClusterImpl-8919240e-7e15-4dbf-8bf4-c210578586bb/datanode-0/data/ratis/1fc53845-3381-4beb-82f9-7704a457760d/current/log_inprogress_6420
2019-06-14 13:46:09,173 INFO  client.GrpcClientProtocolClient (GrpcClientProtocolClient.java:onNext(254)) - client-E0FA40453D59->0c156e3c-57cc-425b-90ef-9bcaa62a7535: receive RaftClientReply:client-E0FA40453D59->0c156e3c-57cc-425b-90ef-9bcaa62a7535@group-7704A457760D, cid=3824, SUCCESS, logIndex=6420, commits[0c156e3c-57cc-425b-90ef-9bcaa62a7535:c6422]
2019-06-14 13:46:09,193 INFO  client.GrpcClientProtocolClient (GrpcClientProtocolClient.java:onNext(254)) - client-E0FA40453D59->0c156e3c-57cc-425b-90ef-9bcaa62a7535: receive RaftClientReply:client-E0FA40453D59->0c156e3c-57cc-425b-90ef-9bcaa62a7535@group-7704A457760D, cid=3825, SUCCESS, logIndex=6423, commits[0c156e3c-57cc-425b-90ef-9bcaa62a7535:c6424]
2019-06-14 13:46:09,206 INFO  client.GrpcClientProtocolClient (GrpcClientProtocolClient.java:onNext(254)) - client-E0FA40453D59->0c156e3c-57cc-425b-90ef-9bcaa62a7535: receive RaftClientReply:client-E0FA40453D59->0c156e3c-57cc-425b-90ef-9bcaa62a7535@group-7704A457760D, cid=3826, SUCCESS, logIndex=6425, commits[0c156e3c-57cc-425b-90ef-9bcaa62a7535:c6425]
2019-06-14 13:46:09,206 INFO  client.GrpcClientProtocolClient (GrpcClientProtocolClient.java:onNext(254)) - client-E0FA40453D59->0c156e3c-57cc-425b-90ef-9bcaa62a7535: receive RaftClientReply:client-E0FA40453D59->0c156e3c-57cc-425b-90ef-9bcaa62a7535@group-7704A457760D, cid=3827, SUCCESS, logIndex=6427, commits[0c156e3c-57cc-425b-90ef-9bcaa62a7535:c6428]
2019-06-14 13:46:09,206 INFO  client.GrpcClientProtocolClient (GrpcClientProtocolClient.java:onNext(254)) - client-E0FA40453D59->0c156e3c-57cc-425b-90ef-9bcaa62a7535: receive RaftClientReply:client-E0FA40453D59->0c156e3c-57cc-425b-90ef-9bcaa62a7535@group-7704A457760D, cid=3828, SUCCESS, logIndex=6428, commits[0c156e3c-57cc-425b-90ef-9bcaa62a7535:c6428]
2019-06-14 13:46:09,220 INFO  client.GrpcClientProtocolClient (GrpcClientProtocolClient.java:onNext(254)) - client-E0FA40453D59->0c156e3c-57cc-425b-90ef-9bcaa62a7535: receive RaftClientReply:client-E0FA40453D59->0c156e3c-57cc-425b-90ef-9bcaa62a7535@group-7704A457760D, cid=3829, SUCCESS, logIndex=6430, commits[0c156e3c-57cc-425b-90ef-9bcaa62a7535:c6430]
2019-06-14 13:46:09,221 INFO  client.GrpcClientProtocolClient (GrpcClientProtocolClient.java:onNext(254)) - client-E0FA40453D59->0c156e3c-57cc-425b-90ef-9bcaa62a7535: receive RaftClientReply:client-E0FA40453D59->0c156e3c-57cc-425b-90ef-9bcaa62a7535@group-7704A457760D, cid=3830, SUCCESS, logIndex=6432, commits[0c156e3c-57cc-425b-90ef-9bcaa62a7535:c6432]
2019-06-14 13:46:09,222 INFO  client.GrpcClientProtocolClient (GrpcClientProtocolClient.java:onNext(254)) - client-E0FA40453D59->0c156e3c-57cc-425b-90ef-9bcaa62a7535: receive RaftClientReply:client-E0FA40453D59->0c156e3c-57cc-425b-90ef-9bcaa62a7535@group-7704A457760D, cid=3831, SUCCESS, logIndex=6433, commits[0c156e3c-57cc-425b-90ef-9bcaa62a7535:c6435]
2019-06-14 13:46:09,223 INFO  client.GrpcClientProtocolClient (GrpcClientProtocolClient.java:onNext(254)) - client-E0FA40453D59->0c156e3c-57cc-425b-90ef-9bcaa62a7535: receive RaftClientReply:client-E0FA40453D59->0c156e3c-57cc-425b-90ef-9bcaa62a7535@group-7704A457760D, cid=3832, SUCCESS, logIndex=6434, commits[0c156e3c-57cc-425b-90ef-9bcaa62a7535:c6435]
2019-06-14 13:46:09,234 DEBUG block.SCMBlockDeletingService (SCMBlockDeletingService.java:call(138)) - Running DeletedBlockTransactionScanner
2019-06-14 13:46:09,235 DEBUG block.SCMBlockDeletingService (SCMBlockDeletingService.java:call(155)) - Scanned deleted blocks log and got 0 delTX to process.
2019-06-14 13:46:09,246 INFO  client.GrpcClientProtocolClient (GrpcClientProtocolClient.java:onNext(254)) - client-E0FA40453D59->0c156e3c-57cc-425b-90ef-9bcaa62a7535: receive RaftClientReply:client-E0FA40453D59->0c156e3c-57cc-425b-90ef-9bcaa62a7535@group-7704A457760D, cid=3833, SUCCESS, logIndex=6436, commits[0c156e3c-57cc-425b-90ef-9bcaa62a7535:c6437]
2019-06-14 13:46:09,251 INFO  client.GrpcClientProtocolClient (GrpcClientProtocolClient.java:onNext(254)) - client-E0FA40453D59->0c156e3c-57cc-425b-90ef-9bcaa62a7535: receive RaftClientReply:client-E0FA40453D59->0c156e3c-57cc-425b-90ef-9bcaa62a7535@group-7704A457760D, cid=3834, SUCCESS, logIndex=6438, commits[0c156e3c-57cc-425b-90ef-9bcaa62a7535:c6438]
2019-06-14 13:46:09,251 INFO  client.GrpcClientProtocolClient (GrpcClientProtocolClient.java:onNext(254)) - client-E0FA40453D59->0c156e3c-57cc-425b-90ef-9bcaa62a7535: receive RaftClientReply:client-E0FA40453D59->0c156e3c-57cc-425b-90ef-9bcaa62a7535@group-7704A457760D, cid=3835, SUCCESS, logIndex=6439, commits[0c156e3c-57cc-425b-90ef-9bcaa62a7535:c6441]
2019-06-14 13:46:09,251 INFO  client.GrpcClientProtocolClient (GrpcClientProtocolClient.java:onNext(254)) - client-E0FA40453D59->0c156e3c-57cc-425b-90ef-9bcaa62a7535: receive RaftClientReply:client-E0FA40453D59->0c156e3c-57cc-425b-90ef-9bcaa62a7535@group-7704A457760D, cid=3836, SUCCESS, logIndex=6441, commits[0c156e3c-57cc-425b-90ef-9bcaa62a7535:c6441]
2019-06-14 13:46:09,257 INFO  client.GrpcClientProtocolClient (GrpcClientProtocolClient.java:onNext(254)) - client-E0FA40453D59->0c156e3c-57cc-425b-90ef-9bcaa62a7535: receive RaftClientReply:client-E0FA40453D59->0c156e3c-57cc-425b-90ef-9bcaa62a7535@group-7704A457760D, cid=3837, SUCCESS, logIndex=6443, commits[0c156e3c-57cc-425b-90ef-9bcaa62a7535:c6443]
2019-06-14 13:46:09,264 INFO  client.GrpcClientProtocolClient (GrpcClientProtocolClient.java:onNext(254)) - client-E0FA40453D59->0c156e3c-57cc-425b-90ef-9bcaa62a7535: receive RaftClientReply:client-E0FA40453D59->0c156e3c-57cc-425b-90ef-9bcaa62a7535@group-7704A457760D, cid=3838, SUCCESS, logIndex=6445, commits[0c156e3c-57cc-425b-90ef-9bcaa62a7535:c6445]
2019-06-14 13:46:09,268 INFO  client.GrpcClientProtocolClient (GrpcClientProtocolClient.java:onNext(254)) - client-E0FA40453D59->0c156e3c-57cc-425b-90ef-9bcaa62a7535: receive RaftClientReply:client-E0FA40453D59->0c156e3c-57cc-425b-90ef-9bcaa62a7535@group-7704A457760D, cid=3839, SUCCESS, logIndex=6446, commits[0c156e3c-57cc-425b-90ef-9bcaa62a7535:c6448]
2019-06-14 13:46:09,274 INFO  client.GrpcClientProtocolClient (GrpcClientProtocolClient.java:onNext(254)) - client-E0FA40453D59->0c156e3c-57cc-425b-90ef-9bcaa62a7535: receive RaftClientReply:client-E0FA40453D59->0c156e3c-57cc-425b-90ef-9bcaa62a7535@group-7704A457760D, cid=3840, SUCCESS, logIndex=6448, commits[0c156e3c-57cc-425b-90ef-9bcaa62a7535:c6448]
2019-06-14 13:46:09,354 DEBUG block.SCMBlockDeletingService (SCMBlockDeletingService.java:call(138)) - Running DeletedBlockTransactionScanner
2019-06-14 13:46:09,354 DEBUG block.SCMBlockDeletingService (SCMBlockDeletingService.java:call(155)) - Scanned deleted blocks log and got 0 delTX to process.
2019-06-14 13:46:09,369 INFO  client.GrpcClientProtocolClient (GrpcClientProtocolClient.java:onNext(254)) - client-E0FA40453D59->0c156e3c-57cc-425b-90ef-9bcaa62a7535: receive RaftClientReply:client-E0FA40453D59->0c156e3c-57cc-425b-90ef-9bcaa62a7535@group-7704A457760D, cid=3841, SUCCESS, logIndex=6450, commits[0c156e3c-57cc-425b-90ef-9bcaa62a7535:c6450]
2019-06-14 13:46:09,379 INFO  client.GrpcClientProtocolClient (GrpcClientProtocolClient.java:onNext(254)) - client-E0FA40453D59->0c156e3c-57cc-425b-90ef-9bcaa62a7535: receive RaftClientReply:client-E0FA40453D59->0c156e3c-57cc-425b-90ef-9bcaa62a7535@group-7704A457760D, cid=3842, SUCCESS, logIndex=6452, commits[0c156e3c-57cc-425b-90ef-9bcaa62a7535:c6452]
2019-06-14 13:46:09,381 INFO  client.GrpcClientProtocolClient (GrpcClientProtocolClient.java:onNext(254)) - client-E0FA40453D59->0c156e3c-57cc-425b-90ef-9bcaa62a7535: receive RaftClientReply:client-E0FA40453D59->0c156e3c-57cc-425b-90ef-9bcaa62a7535@group-7704A457760D, cid=3843, SUCCESS, logIndex=6453, commits[0c156e3c-57cc-425b-90ef-9bcaa62a7535:c6455]
2019-06-14 13:46:09,381 INFO  client.GrpcClientProtocolClient (GrpcClientProtocolClient.java:onNext(254)) - client-E0FA40453D59->0c156e3c-57cc-425b-90ef-9bcaa62a7535: receive RaftClientReply:client-E0FA40453D59->0c156e3c-57cc-425b-90ef-9bcaa62a7535@group-7704A457760D, cid=3844, SUCCESS, logIndex=6455, commits[0c156e3c-57cc-425b-90ef-9bcaa62a7535:c6455]
2019-06-14 13:46:09,456 DEBUG block.SCMBlockDeletingService (SCMBlockDeletingService.java:call(138)) - Running DeletedBlockTransactionScanner
2019-06-14 13:46:09,456 DEBUG block.SCMBlockDeletingService (SCMBlockDeletingService.java:call(155)) - Scanned deleted blocks log and got 0 delTX to process.
2019-06-14 13:46:09,507 INFO  client.GrpcClientProtocolClient (GrpcClientProtocolClient.java:onNext(254)) - client-E0FA40453D59->0c156e3c-57cc-425b-90ef-9bcaa62a7535: receive RaftClientReply:client-E0FA40453D59->0c156e3c-57cc-425b-90ef-9bcaa62a7535@group-7704A457760D, cid=3845, SUCCESS, logIndex=6457, commits[0c156e3c-57cc-425b-90ef-9bcaa62a7535:c6457]
2019-06-14 13:46:09,509 INFO  client.GrpcClientProtocolClient (GrpcClientProtocolClient.java:onNext(254)) - client-E0FA40453D59->0c156e3c-57cc-425b-90ef-9bcaa62a7535: receive RaftClientReply:client-E0FA40453D59->0c156e3c-57cc-425b-90ef-9bcaa62a7535@group-7704A457760D, cid=3846, SUCCESS, logIndex=6459, commits[0c156e3c-57cc-425b-90ef-9bcaa62a7535:c6459]
2019-06-14 13:46:09,509 INFO  client.GrpcClientProtocolClient (GrpcClientProtocolClient.java:onNext(254)) - client-E0FA40453D59->0c156e3c-57cc-425b-90ef-9bcaa62a7535: receive RaftClientReply:client-E0FA40453D59->0c156e3c-57cc-425b-90ef-9bcaa62a7535@group-7704A457760D, cid=3847, SUCCESS, logIndex=6460, commits[0c156e3c-57cc-425b-90ef-9bcaa62a7535:c6462]
2019-06-14 13:46:09,510 INFO  client.GrpcClientProtocolClient (GrpcClientProtocolClient.java:onNext(254)) - client-E0FA40453D59->0c156e3c-57cc-425b-90ef-9bcaa62a7535: receive RaftClientReply:client-E0FA40453D59->0c156e3c-57cc-425b-90ef-9bcaa62a7535@group-7704A457760D, cid=3848, SUCCESS, logIndex=6462, commits[0c156e3c-57cc-425b-90ef-9bcaa62a7535:c6462]
2019-06-14 13:46:09,534 INFO  client.GrpcClientProtocolClient (GrpcClientProtocolClient.java:onNext(254)) - client-E0FA40453D59->0c156e3c-57cc-425b-90ef-9bcaa62a7535: receive RaftClientReply:client-E0FA40453D59->0c156e3c-57cc-425b-90ef-9bcaa62a7535@group-7704A457760D, cid=3849, SUCCESS, logIndex=6464, commits[0c156e3c-57cc-425b-90ef-9bcaa62a7535:c6464]
2019-06-14 13:46:09,547 INFO  client.GrpcClientProtocolClient (GrpcClientProtocolClient.java:onNext(254)) - client-E0FA40453D59->0c156e3c-57cc-425b-90ef-9bcaa62a7535: receive RaftClientReply:client-E0FA40453D59->0c156e3c-57cc-425b-90ef-9bcaa62a7535@group-7704A457760D, cid=3850, SUCCESS, logIndex=6466, commits[0c156e3c-57cc-425b-90ef-9bcaa62a7535:c6467]
2019-06-14 13:46:09,553 INFO  client.GrpcClientProtocolClient (GrpcClientProtocolClient.java:onNext(254)) - client-E0FA40453D59->0c156e3c-57cc-425b-90ef-9bcaa62a7535: receive RaftClientReply:client-E0FA40453D59->0c156e3c-57cc-425b-90ef-9bcaa62a7535@group-7704A457760D, cid=3851, SUCCESS, logIndex=6467, commits[0c156e3c-57cc-425b-90ef-9bcaa62a7535:c6469]
2019-06-14 13:46:09,553 INFO  client.GrpcClientProtocolClient (GrpcClientProtocolClient.java:onNext(254)) - client-E0FA40453D59->0c156e3c-57cc-425b-90ef-9bcaa62a7535: receive RaftClientReply:client-E0FA40453D59->0c156e3c-57cc-425b-90ef-9bcaa62a7535@group-7704A457760D, cid=3852, SUCCESS, logIndex=6468, commits[0c156e3c-57cc-425b-90ef-9bcaa62a7535:c6469]
2019-06-14 13:46:09,556 DEBUG block.SCMBlockDeletingService (SCMBlockDeletingService.java:call(138)) - Running DeletedBlockTransactionScanner
2019-06-14 13:46:09,556 DEBUG block.SCMBlockDeletingService (SCMBlockDeletingService.java:call(155)) - Scanned deleted blocks log and got 0 delTX to process.
2019-06-14 13:46:09,559 INFO  client.GrpcClientProtocolClient (GrpcClientProtocolClient.java:onNext(254)) - client-E0FA40453D59->0c156e3c-57cc-425b-90ef-9bcaa62a7535: receive RaftClientReply:client-E0FA40453D59->0c156e3c-57cc-425b-90ef-9bcaa62a7535@group-7704A457760D, cid=3853, SUCCESS, logIndex=6470, commits[0c156e3c-57cc-425b-90ef-9bcaa62a7535:c6470]
2019-06-14 13:46:09,561 INFO  client.GrpcClientProtocolClient (GrpcClientProtocolClient.java:onNext(254)) - client-E0FA40453D59->0c156e3c-57cc-425b-90ef-9bcaa62a7535: receive RaftClientReply:client-E0FA40453D59->0c156e3c-57cc-425b-90ef-9bcaa62a7535@group-7704A457760D, cid=3854, SUCCESS, logIndex=6472, commits[0c156e3c-57cc-425b-90ef-9bcaa62a7535:c6472]
2019-06-14 13:46:09,563 INFO  client.GrpcClientProtocolClient (GrpcClientProtocolClient.java:onNext(254)) - client-E0FA40453D59->0c156e3c-57cc-425b-90ef-9bcaa62a7535: receive RaftClientReply:client-E0FA40453D59->0c156e3c-57cc-425b-90ef-9bcaa62a7535@group-7704A457760D, cid=3855, SUCCESS, logIndex=6474, commits[0c156e3c-57cc-425b-90ef-9bcaa62a7535:c6475]
2019-06-14 13:46:09,563 INFO  client.GrpcClientProtocolClient (GrpcClientProtocolClient.java:onNext(254)) - client-E0FA40453D59->0c156e3c-57cc-425b-90ef-9bcaa62a7535: receive RaftClientReply:client-E0FA40453D59->0c156e3c-57cc-425b-90ef-9bcaa62a7535@group-7704A457760D, cid=3856, SUCCESS, logIndex=6475, commits[0c156e3c-57cc-425b-90ef-9bcaa62a7535:c6475]
2019-06-14 13:46:09,575 INFO  client.GrpcClientProtocolClient (GrpcClientProtocolClient.java:onNext(254)) - client-E0FA40453D59->0c156e3c-57cc-425b-90ef-9bcaa62a7535: receive RaftClientReply:client-E0FA40453D59->0c156e3c-57cc-425b-90ef-9bcaa62a7535@group-7704A457760D, cid=3857, SUCCESS, logIndex=6477, commits[0c156e3c-57cc-425b-90ef-9bcaa62a7535:c6477]
2019-06-14 13:46:09,577 INFO  client.GrpcClientProtocolClient (GrpcClientProtocolClient.java:onNext(254)) - client-E0FA40453D59->0c156e3c-57cc-425b-90ef-9bcaa62a7535: receive RaftClientReply:client-E0FA40453D59->0c156e3c-57cc-425b-90ef-9bcaa62a7535@group-7704A457760D, cid=3858, SUCCESS, logIndex=6479, commits[0c156e3c-57cc-425b-90ef-9bcaa62a7535:c6479]
2019-06-14 13:46:09,578 INFO  client.GrpcClientProtocolClient (GrpcClientProtocolClient.java:onNext(254)) - client-E0FA40453D59->0c156e3c-57cc-425b-90ef-9bcaa62a7535: receive RaftClientReply:client-E0FA40453D59->0c156e3c-57cc-425b-90ef-9bcaa62a7535@group-7704A457760D, cid=3859, SUCCESS, logIndex=6480, commits[0c156e3c-57cc-425b-90ef-9bcaa62a7535:c6481]
2019-06-14 13:46:09,578 INFO  client.GrpcClientProtocolClient (GrpcClientProtocolClient.java:onNext(254)) - client-E0FA40453D59->0c156e3c-57cc-425b-90ef-9bcaa62a7535: receive RaftClientReply:client-E0FA40453D59->0c156e3c-57cc-425b-90ef-9bcaa62a7535@group-7704A457760D, cid=3860, SUCCESS, logIndex=6481, commits[0c156e3c-57cc-425b-90ef-9bcaa62a7535:c6481]
2019-06-14 13:46:09,586 INFO  client.GrpcClientProtocolClient (GrpcClientProtocolClient.java:onNext(254)) - client-E0FA40453D59->0c156e3c-57cc-425b-90ef-9bcaa62a7535: receive RaftClientReply:client-E0FA40453D59->0c156e3c-57cc-425b-90ef-9bcaa62a7535@group-7704A457760D, cid=3861, SUCCESS, logIndex=6484, commits[0c156e3c-57cc-425b-90ef-9bcaa62a7535:c6484]
2019-06-14 13:46:09,587 INFO  client.GrpcClientProtocolClient (GrpcClientProtocolClient.java:onNext(254)) - client-E0FA40453D59->0c156e3c-57cc-425b-90ef-9bcaa62a7535: receive RaftClientReply:client-E0FA40453D59->0c156e3c-57cc-425b-90ef-9bcaa62a7535@group-7704A457760D, cid=3862, SUCCESS, logIndex=6486, commits[0c156e3c-57cc-425b-90ef-9bcaa62a7535:c6486]
2019-06-14 13:46:09,589 INFO  client.GrpcClientProtocolClient (GrpcClientProtocolClient.java:onNext(254)) - client-E0FA40453D59->0c156e3c-57cc-425b-90ef-9bcaa62a7535: receive RaftClientReply:client-E0FA40453D59->0c156e3c-57cc-425b-90ef-9bcaa62a7535@group-7704A457760D, cid=3863, SUCCESS, logIndex=6487, commits[0c156e3c-57cc-425b-90ef-9bcaa62a7535:c6489]
2019-06-14 13:46:09,589 INFO  client.GrpcClientProtocolClient (GrpcClientProtocolClient.java:onNext(254)) - client-E0FA40453D59->0c156e3c-57cc-425b-90ef-9bcaa62a7535: receive RaftClientReply:client-E0FA40453D59->0c156e3c-57cc-425b-90ef-9bcaa62a7535@group-7704A457760D, cid=3864, SUCCESS, logIndex=6488, commits[0c156e3c-57cc-425b-90ef-9bcaa62a7535:c6489]
2019-06-14 13:46:09,601 INFO  client.GrpcClientProtocolClient (GrpcClientProtocolClient.java:onNext(254)) - client-E0FA40453D59->0c156e3c-57cc-425b-90ef-9bcaa62a7535: receive RaftClientReply:client-E0FA40453D59->0c156e3c-57cc-425b-90ef-9bcaa62a7535@group-7704A457760D, cid=3865, SUCCESS, logIndex=6490, commits[0c156e3c-57cc-425b-90ef-9bcaa62a7535:c6490]
2019-06-14 13:46:09,602 INFO  storage.RaftLogWorker (RaftLogWorker.java:rollLogSegment(303)) - 0c156e3c-57cc-425b-90ef-9bcaa62a7535-RaftLogWorker: Rolling segment log-6420_6493 to index:6493
2019-06-14 13:46:09,602 INFO  storage.RaftLogWorker (RaftLogWorker.java:execute(433)) - 0c156e3c-57cc-425b-90ef-9bcaa62a7535-RaftLogWorker: Rolled log segment from /opt/src/hadoop-ozone/integration-test/target/test-dir/MiniOzoneClusterImpl-8919240e-7e15-4dbf-8bf4-c210578586bb/datanode-0/data/ratis/1fc53845-3381-4beb-82f9-7704a457760d/current/log_inprogress_6420 to /opt/src/hadoop-ozone/integration-test/target/test-dir/MiniOzoneClusterImpl-8919240e-7e15-4dbf-8bf4-c210578586bb/datanode-0/data/ratis/1fc53845-3381-4beb-82f9-7704a457760d/current/log_6420-6493
2019-06-14 13:46:09,604 INFO  client.GrpcClientProtocolClient (GrpcClientProtocolClient.java:onNext(254)) - client-E0FA40453D59->0c156e3c-57cc-425b-90ef-9bcaa62a7535: receive RaftClientReply:client-E0FA40453D59->0c156e3c-57cc-425b-90ef-9bcaa62a7535@group-7704A457760D, cid=3866, SUCCESS, logIndex=6492, commits[0c156e3c-57cc-425b-90ef-9bcaa62a7535:c6492]
2019-06-14 13:46:09,639 INFO  storage.RaftLogWorker (RaftLogWorker.java:execute(469)) - 0c156e3c-57cc-425b-90ef-9bcaa62a7535-RaftLogWorker: created new log segment /opt/src/hadoop-ozone/integration-test/target/test-dir/MiniOzoneClusterImpl-8919240e-7e15-4dbf-8bf4-c210578586bb/datanode-0/data/ratis/1fc53845-3381-4beb-82f9-7704a457760d/current/log_inprogress_6494
2019-06-14 13:46:09,641 INFO  client.GrpcClientProtocolClient (GrpcClientProtocolClient.java:onNext(254)) - client-E0FA40453D59->0c156e3c-57cc-425b-90ef-9bcaa62a7535: receive RaftClientReply:client-E0FA40453D59->0c156e3c-57cc-425b-90ef-9bcaa62a7535@group-7704A457760D, cid=3867, SUCCESS, logIndex=6494, commits[0c156e3c-57cc-425b-90ef-9bcaa62a7535:c6495]
2019-06-14 13:46:09,642 INFO  client.GrpcClientProtocolClient (GrpcClientProtocolClient.java:onNext(254)) - client-E0FA40453D59->0c156e3c-57cc-425b-90ef-9bcaa62a7535: receive RaftClientReply:client-E0FA40453D59->0c156e3c-57cc-425b-90ef-9bcaa62a7535@group-7704A457760D, cid=3868, SUCCESS, logIndex=6495, commits[0c156e3c-57cc-425b-90ef-9bcaa62a7535:c6496]
2019-06-14 13:46:09,647 INFO  client.GrpcClientProtocolClient (GrpcClientProtocolClient.java:onNext(254)) - client-E0FA40453D59->0c156e3c-57cc-425b-90ef-9bcaa62a7535: receive RaftClientReply:client-E0FA40453D59->0c156e3c-57cc-425b-90ef-9bcaa62a7535@group-7704A457760D, cid=3869, SUCCESS, logIndex=6497, commits[0c156e3c-57cc-425b-90ef-9bcaa62a7535:c6497]
2019-06-14 13:46:09,649 INFO  client.GrpcClientProtocolClient (GrpcClientProtocolClient.java:onNext(254)) - client-E0FA40453D59->0c156e3c-57cc-425b-90ef-9bcaa62a7535: receive RaftClientReply:client-E0FA40453D59->0c156e3c-57cc-425b-90ef-9bcaa62a7535@group-7704A457760D, cid=3870, SUCCESS, logIndex=6499, commits[0c156e3c-57cc-425b-90ef-9bcaa62a7535:c6499]
2019-06-14 13:46:09,650 INFO  client.GrpcClientProtocolClient (GrpcClientProtocolClient.java:onNext(254)) - client-E0FA40453D59->0c156e3c-57cc-425b-90ef-9bcaa62a7535: receive RaftClientReply:client-E0FA40453D59->0c156e3c-57cc-425b-90ef-9bcaa62a7535@group-7704A457760D, cid=3871, SUCCESS, logIndex=6500, commits[0c156e3c-57cc-425b-90ef-9bcaa62a7535:c6502]
2019-06-14 13:46:09,650 INFO  client.GrpcClientProtocolClient (GrpcClientProtocolClient.java:onNext(254)) - client-E0FA40453D59->0c156e3c-57cc-425b-90ef-9bcaa62a7535: receive RaftClientReply:client-E0FA40453D59->0c156e3c-57cc-425b-90ef-9bcaa62a7535@group-7704A457760D, cid=3872, SUCCESS, logIndex=6501, commits[0c156e3c-57cc-425b-90ef-9bcaa62a7535:c6502]
2019-06-14 13:46:09,657 DEBUG block.SCMBlockDeletingService (SCMBlockDeletingService.java:call(138)) - Running DeletedBlockTransactionScanner
2019-06-14 13:46:09,657 DEBUG block.SCMBlockDeletingService (SCMBlockDeletingService.java:call(155)) - Scanned deleted blocks log and got 0 delTX to process.
2019-06-14 13:46:09,660 INFO  client.GrpcClientProtocolClient (GrpcClientProtocolClient.java:onNext(254)) - client-E0FA40453D59->0c156e3c-57cc-425b-90ef-9bcaa62a7535: receive RaftClientReply:client-E0FA40453D59->0c156e3c-57cc-425b-90ef-9bcaa62a7535@group-7704A457760D, cid=3873, SUCCESS, logIndex=6503, commits[0c156e3c-57cc-425b-90ef-9bcaa62a7535:c6503]
2019-06-14 13:46:09,662 INFO  client.GrpcClientProtocolClient (GrpcClientProtocolClient.java:onNext(254)) - client-E0FA40453D59->0c156e3c-57cc-425b-90ef-9bcaa62a7535: receive RaftClientReply:client-E0FA40453D59->0c156e3c-57cc-425b-90ef-9bcaa62a7535@group-7704A457760D, cid=3874, SUCCESS, logIndex=6505, commits[0c156e3c-57cc-425b-90ef-9bcaa62a7535:c6505]
2019-06-14 13:46:09,663 INFO  client.GrpcClientProtocolClient (GrpcClientProtocolClient.java:onNext(254)) - client-E0FA40453D59->0c156e3c-57cc-425b-90ef-9bcaa62a7535: receive RaftClientReply:client-E0FA40453D59->0c156e3c-57cc-425b-90ef-9bcaa62a7535@group-7704A457760D, cid=3875, SUCCESS, logIndex=6506, commits[0c156e3c-57cc-425b-90ef-9bcaa62a7535:c6506]
2019-06-14 13:46:09,663 INFO  client.GrpcClientProtocolClient (GrpcClientProtocolClient.java:onNext(254)) - client-E0FA40453D59->0c156e3c-57cc-425b-90ef-9bcaa62a7535: receive RaftClientReply:client-E0FA40453D59->0c156e3c-57cc-425b-90ef-9bcaa62a7535@group-7704A457760D, cid=3876, SUCCESS, logIndex=6508, commits[0c156e3c-57cc-425b-90ef-9bcaa62a7535:c6508]
2019-06-14 13:46:09,669 INFO  client.GrpcClientProtocolClient (GrpcClientProtocolClient.java:onNext(254)) - client-E0FA40453D59->0c156e3c-57cc-425b-90ef-9bcaa62a7535: receive RaftClientReply:client-E0FA40453D59->0c156e3c-57cc-425b-90ef-9bcaa62a7535@group-7704A457760D, cid=3877, SUCCESS, logIndex=6511, commits[0c156e3c-57cc-425b-90ef-9bcaa62a7535:c6511]
2019-06-14 13:46:09,670 INFO  client.GrpcClientProtocolClient (GrpcClientProtocolClient.java:onNext(254)) - client-E0FA40453D59->0c156e3c-57cc-425b-90ef-9bcaa62a7535: receive RaftClientReply:client-E0FA40453D59->0c156e3c-57cc-425b-90ef-9bcaa62a7535@group-7704A457760D, cid=3878, SUCCESS, logIndex=6513, commits[0c156e3c-57cc-425b-90ef-9bcaa62a7535:c6513]
2019-06-14 13:46:09,671 INFO  client.GrpcClientProtocolClient (GrpcClientProtocolClient.java:onNext(254)) - client-E0FA40453D59->0c156e3c-57cc-425b-90ef-9bcaa62a7535: receive RaftClientReply:client-E0FA40453D59->0c156e3c-57cc-425b-90ef-9bcaa62a7535@group-7704A457760D, cid=3879, SUCCESS, logIndex=6514, commits[0c156e3c-57cc-425b-90ef-9bcaa62a7535:c6514]
2019-06-14 13:46:09,671 INFO  client.GrpcClientProtocolClient (GrpcClientProtocolClient.java:onNext(254)) - client-E0FA40453D59->0c156e3c-57cc-425b-90ef-9bcaa62a7535: receive RaftClientReply:client-E0FA40453D59->0c156e3c-57cc-425b-90ef-9bcaa62a7535@group-7704A457760D, cid=3880, SUCCESS, logIndex=6516, commits[0c156e3c-57cc-425b-90ef-9bcaa62a7535:c6516]
2019-06-14 13:46:09,682 INFO  client.GrpcClientProtocolClient (GrpcClientProtocolClient.java:onNext(254)) - client-E0FA40453D59->0c156e3c-57cc-425b-90ef-9bcaa62a7535: receive RaftClientReply:client-E0FA40453D59->0c156e3c-57cc-425b-90ef-9bcaa62a7535@group-7704A457760D, cid=3881, SUCCESS, logIndex=6519, commits[0c156e3c-57cc-425b-90ef-9bcaa62a7535:c6519]
2019-06-14 13:46:09,683 INFO  client.GrpcClientProtocolClient (GrpcClientProtocolClient.java:onNext(254)) - client-E0FA40453D59->0c156e3c-57cc-425b-90ef-9bcaa62a7535: receive RaftClientReply:client-E0FA40453D59->0c156e3c-57cc-425b-90ef-9bcaa62a7535@group-7704A457760D, cid=3882, SUCCESS, logIndex=6521, commits[0c156e3c-57cc-425b-90ef-9bcaa62a7535:c6521]
2019-06-14 13:46:09,684 INFO  client.GrpcClientProtocolClient (GrpcClientProtocolClient.java:onNext(254)) - client-E0FA40453D59->0c156e3c-57cc-425b-90ef-9bcaa62a7535: receive RaftClientReply:client-E0FA40453D59->0c156e3c-57cc-425b-90ef-9bcaa62a7535@group-7704A457760D, cid=3883, SUCCESS, logIndex=6522, commits[0c156e3c-57cc-425b-90ef-9bcaa62a7535:c6524]
2019-06-14 13:46:09,684 INFO  client.GrpcClientProtocolClient (GrpcClientProtocolClient.java:onNext(254)) - client-E0FA40453D59->0c156e3c-57cc-425b-90ef-9bcaa62a7535: receive RaftClientReply:client-E0FA40453D59->0c156e3c-57cc-425b-90ef-9bcaa62a7535@group-7704A457760D, cid=3884, SUCCESS, logIndex=6523, commits[0c156e3c-57cc-425b-90ef-9bcaa62a7535:c6524]
2019-06-14 13:46:09,689 INFO  client.GrpcClientProtocolClient (GrpcClientProtocolClient.java:onNext(254)) - client-E0FA40453D59->0c156e3c-57cc-425b-90ef-9bcaa62a7535: receive RaftClientReply:client-E0FA40453D59->0c156e3c-57cc-425b-90ef-9bcaa62a7535@group-7704A457760D, cid=3885, SUCCESS, logIndex=6525, commits[0c156e3c-57cc-425b-90ef-9bcaa62a7535:c6525]
2019-06-14 13:46:09,691 INFO  client.GrpcClientProtocolClient (GrpcClientProtocolClient.java:onNext(254)) - client-E0FA40453D59->0c156e3c-57cc-425b-90ef-9bcaa62a7535: receive RaftClientReply:client-E0FA40453D59->0c156e3c-57cc-425b-90ef-9bcaa62a7535@group-7704A457760D, cid=3886, SUCCESS, logIndex=6527, commits[0c156e3c-57cc-425b-90ef-9bcaa62a7535:c6527]
2019-06-14 13:46:09,694 INFO  client.GrpcClientProtocolClient (GrpcClientProtocolClient.java:onNext(254)) - client-E0FA40453D59->0c156e3c-57cc-425b-90ef-9bcaa62a7535: receive RaftClientReply:client-E0FA40453D59->0c156e3c-57cc-425b-90ef-9bcaa62a7535@group-7704A457760D, cid=3887, SUCCESS, logIndex=6528, commits[0c156e3c-57cc-425b-90ef-9bcaa62a7535:c6528]
2019-06-14 13:46:09,694 INFO  client.GrpcClientProtocolClient (GrpcClientProtocolClient.java:onNext(254)) - client-E0FA40453D59->0c156e3c-57cc-425b-90ef-9bcaa62a7535: receive RaftClientReply:client-E0FA40453D59->0c156e3c-57cc-425b-90ef-9bcaa62a7535@group-7704A457760D, cid=3888, SUCCESS, logIndex=6530, commits[0c156e3c-57cc-425b-90ef-9bcaa62a7535:c6531]
2019-06-14 13:46:09,757 DEBUG block.SCMBlockDeletingService (SCMBlockDeletingService.java:call(138)) - Running DeletedBlockTransactionScanner
2019-06-14 13:46:09,757 DEBUG block.SCMBlockDeletingService (SCMBlockDeletingService.java:call(155)) - Scanned deleted blocks log and got 0 delTX to process.
2019-06-14 13:46:09,782 INFO  client.GrpcClientProtocolClient (GrpcClientProtocolClient.java:onNext(254)) - client-E0FA40453D59->0c156e3c-57cc-425b-90ef-9bcaa62a7535: receive RaftClientReply:client-E0FA40453D59->0c156e3c-57cc-425b-90ef-9bcaa62a7535@group-7704A457760D, cid=3889, SUCCESS, logIndex=6532, commits[0c156e3c-57cc-425b-90ef-9bcaa62a7535:c6532]
2019-06-14 13:46:09,784 INFO  client.GrpcClientProtocolClient (GrpcClientProtocolClient.java:onNext(254)) - client-E0FA40453D59->0c156e3c-57cc-425b-90ef-9bcaa62a7535: receive RaftClientReply:client-E0FA40453D59->0c156e3c-57cc-425b-90ef-9bcaa62a7535@group-7704A457760D, cid=3890, SUCCESS, logIndex=6534, commits[0c156e3c-57cc-425b-90ef-9bcaa62a7535:c6534]
2019-06-14 13:46:09,785 INFO  client.GrpcClientProtocolClient (GrpcClientProtocolClient.java:onNext(254)) - client-E0FA40453D59->0c156e3c-57cc-425b-90ef-9bcaa62a7535: receive RaftClientReply:client-E0FA40453D59->0c156e3c-57cc-425b-90ef-9bcaa62a7535@group-7704A457760D, cid=3891, SUCCESS, logIndex=6536, commits[0c156e3c-57cc-425b-90ef-9bcaa62a7535:c6537]
2019-06-14 13:46:09,785 INFO  client.GrpcClientProtocolClient (GrpcClientProtocolClient.java:onNext(254)) - client-E0FA40453D59->0c156e3c-57cc-425b-90ef-9bcaa62a7535: receive RaftClientReply:client-E0FA40453D59->0c156e3c-57cc-425b-90ef-9bcaa62a7535@group-7704A457760D, cid=3892, SUCCESS, logIndex=6537, commits[0c156e3c-57cc-425b-90ef-9bcaa62a7535:c6537]
2019-06-14 13:46:09,790 INFO  client.GrpcClientProtocolClient (GrpcClientProtocolClient.java:onNext(254)) - client-E0FA40453D59->0c156e3c-57cc-425b-90ef-9bcaa62a7535: receive RaftClientReply:client-E0FA40453D59->0c156e3c-57cc-425b-90ef-9bcaa62a7535@group-7704A457760D, cid=3893, SUCCESS, logIndex=6539, commits[0c156e3c-57cc-425b-90ef-9bcaa62a7535:c6539]
2019-06-14 13:46:09,792 INFO  client.GrpcClientProtocolClient (GrpcClientProtocolClient.java:onNext(254)) - client-E0FA40453D59->0c156e3c-57cc-425b-90ef-9bcaa62a7535: receive RaftClientReply:client-E0FA40453D59->0c156e3c-57cc-425b-90ef-9bcaa62a7535@group-7704A457760D, cid=3894, SUCCESS, logIndex=6541, commits[0c156e3c-57cc-425b-90ef-9bcaa62a7535:c6541]
2019-06-14 13:46:09,793 INFO  client.GrpcClientProtocolClient (GrpcClientProtocolClient.java:onNext(254)) - client-E0FA40453D59->0c156e3c-57cc-425b-90ef-9bcaa62a7535: receive RaftClientReply:client-E0FA40453D59->0c156e3c-57cc-425b-90ef-9bcaa62a7535@group-7704A457760D, cid=3895, SUCCESS, logIndex=6542, commits[0c156e3c-57cc-425b-90ef-9bcaa62a7535:c6544]
2019-06-14 13:46:09,793 INFO  client.GrpcClientProtocolClient (GrpcClientProtocolClient.java:onNext(254)) - client-E0FA40453D59->0c156e3c-57cc-425b-90ef-9bcaa62a7535: receive RaftClientReply:client-E0FA40453D59->0c156e3c-57cc-425b-90ef-9bcaa62a7535@group-7704A457760D, cid=3896, SUCCESS, logIndex=6543, commits[0c156e3c-57cc-425b-90ef-9bcaa62a7535:c6544]
2019-06-14 13:46:09,804 INFO  client.GrpcClientProtocolClient (GrpcClientProtocolClient.java:onNext(254)) - client-E0FA40453D59->0c156e3c-57cc-425b-90ef-9bcaa62a7535: receive RaftClientReply:client-E0FA40453D59->0c156e3c-57cc-425b-90ef-9bcaa62a7535@group-7704A457760D, cid=3897, SUCCESS, logIndex=6545, commits[0c156e3c-57cc-425b-90ef-9bcaa62a7535:c6545]
2019-06-14 13:46:09,805 INFO  client.GrpcClientProtocolClient (GrpcClientProtocolClient.java:onNext(254)) - client-E0FA40453D59->0c156e3c-57cc-425b-90ef-9bcaa62a7535: receive RaftClientReply:client-E0FA40453D59->0c156e3c-57cc-425b-90ef-9bcaa62a7535@group-7704A457760D, cid=3898, SUCCESS, logIndex=6547, commits[0c156e3c-57cc-425b-90ef-9bcaa62a7535:c6547]
2019-06-14 13:46:09,806 INFO  client.GrpcClientProtocolClient (GrpcClientProtocolClient.java:onNext(254)) - client-E0FA40453D59->0c156e3c-57cc-425b-90ef-9bcaa62a7535: receive RaftClientReply:client-E0FA40453D59->0c156e3c-57cc-425b-90ef-9bcaa62a7535@group-7704A457760D, cid=3899, SUCCESS, logIndex=6548, commits[0c156e3c-57cc-425b-90ef-9bcaa62a7535:c6548]
2019-06-14 13:46:09,806 INFO  client.GrpcClientProtocolClient (GrpcClientProtocolClient.java:onNext(254)) - client-E0FA40453D59->0c156e3c-57cc-425b-90ef-9bcaa62a7535: receive RaftClientReply:client-E0FA40453D59->0c156e3c-57cc-425b-90ef-9bcaa62a7535@group-7704A457760D, cid=3900, SUCCESS, logIndex=6550, commits[0c156e3c-57cc-425b-90ef-9bcaa62a7535:c6550]
2019-06-14 13:46:09,811 INFO  client.GrpcClientProtocolClient (GrpcClientProtocolClient.java:onNext(254)) - client-E0FA40453D59->0c156e3c-57cc-425b-90ef-9bcaa62a7535: receive RaftClientReply:client-E0FA40453D59->0c156e3c-57cc-425b-90ef-9bcaa62a7535@group-7704A457760D, cid=3901, SUCCESS, logIndex=6553, commits[0c156e3c-57cc-425b-90ef-9bcaa62a7535:c6553]
2019-06-14 13:46:09,850 INFO  client.GrpcClientProtocolClient (GrpcClientProtocolClient.java:onNext(254)) - client-E0FA40453D59->0c156e3c-57cc-425b-90ef-9bcaa62a7535: receive RaftClientReply:client-E0FA40453D59->0c156e3c-57cc-425b-90ef-9bcaa62a7535@group-7704A457760D, cid=3902, SUCCESS, logIndex=6555, commits[0c156e3c-57cc-425b-90ef-9bcaa62a7535:c6558]
2019-06-14 13:46:09,852 INFO  client.GrpcClientProtocolClient (GrpcClientProtocolClient.java:onNext(254)) - client-E0FA40453D59->0c156e3c-57cc-425b-90ef-9bcaa62a7535: receive RaftClientReply:client-E0FA40453D59->0c156e3c-57cc-425b-90ef-9bcaa62a7535@group-7704A457760D, cid=3903, SUCCESS, logIndex=6557, commits[0c156e3c-57cc-425b-90ef-9bcaa62a7535:c6558]
2019-06-14 13:46:09,852 INFO  client.GrpcClientProtocolClient (GrpcClientProtocolClient.java:onNext(254)) - client-E0FA40453D59->0c156e3c-57cc-425b-90ef-9bcaa62a7535: receive RaftClientReply:client-E0FA40453D59->0c156e3c-57cc-425b-90ef-9bcaa62a7535@group-7704A457760D, cid=3904, SUCCESS, logIndex=6558, commits[0c156e3c-57cc-425b-90ef-9bcaa62a7535:c6559]
2019-06-14 13:46:09,857 DEBUG block.SCMBlockDeletingService (SCMBlockDeletingService.java:call(138)) - Running DeletedBlockTransactionScanner
2019-06-14 13:46:09,857 DEBUG block.SCMBlockDeletingService (SCMBlockDeletingService.java:call(155)) - Scanned deleted blocks log and got 0 delTX to process.
2019-06-14 13:46:09,867 INFO  client.GrpcClientProtocolClient (GrpcClientProtocolClient.java:onNext(254)) - client-E0FA40453D59->0c156e3c-57cc-425b-90ef-9bcaa62a7535: receive RaftClientReply:client-E0FA40453D59->0c156e3c-57cc-425b-90ef-9bcaa62a7535@group-7704A457760D, cid=3905, SUCCESS, logIndex=6560, commits[0c156e3c-57cc-425b-90ef-9bcaa62a7535:c6560]
2019-06-14 13:46:09,869 INFO  client.GrpcClientProtocolClient (GrpcClientProtocolClient.java:onNext(254)) - client-E0FA40453D59->0c156e3c-57cc-425b-90ef-9bcaa62a7535: receive RaftClientReply:client-E0FA40453D59->0c156e3c-57cc-425b-90ef-9bcaa62a7535@group-7704A457760D, cid=3906, SUCCESS, logIndex=6562, commits[0c156e3c-57cc-425b-90ef-9bcaa62a7535:c6562]
2019-06-14 13:46:09,872 INFO  client.GrpcClientProtocolClient (GrpcClientProtocolClient.java:onNext(254)) - client-E0FA40453D59->0c156e3c-57cc-425b-90ef-9bcaa62a7535: receive RaftClientReply:client-E0FA40453D59->0c156e3c-57cc-425b-90ef-9bcaa62a7535@group-7704A457760D, cid=3907, SUCCESS, logIndex=6563, commits[0c156e3c-57cc-425b-90ef-9bcaa62a7535:c6564]
2019-06-14 13:46:09,872 INFO  client.GrpcClientProtocolClient (GrpcClientProtocolClient.java:onNext(254)) - client-E0FA40453D59->0c156e3c-57cc-425b-90ef-9bcaa62a7535: receive RaftClientReply:client-E0FA40453D59->0c156e3c-57cc-425b-90ef-9bcaa62a7535@group-7704A457760D, cid=3908, SUCCESS, logIndex=6564, commits[0c156e3c-57cc-425b-90ef-9bcaa62a7535:c6564]
2019-06-14 13:46:09,893 INFO  storage.RaftLogWorker (RaftLogWorker.java:rollLogSegment(303)) - 0c156e3c-57cc-425b-90ef-9bcaa62a7535-RaftLogWorker: Rolling segment log-6494_6568 to index:6568
2019-06-14 13:46:09,893 INFO  storage.RaftLogWorker (RaftLogWorker.java:execute(433)) - 0c156e3c-57cc-425b-90ef-9bcaa62a7535-RaftLogWorker: Rolled log segment from /opt/src/hadoop-ozone/integration-test/target/test-dir/MiniOzoneClusterImpl-8919240e-7e15-4dbf-8bf4-c210578586bb/datanode-0/data/ratis/1fc53845-3381-4beb-82f9-7704a457760d/current/log_inprogress_6494 to /opt/src/hadoop-ozone/integration-test/target/test-dir/MiniOzoneClusterImpl-8919240e-7e15-4dbf-8bf4-c210578586bb/datanode-0/data/ratis/1fc53845-3381-4beb-82f9-7704a457760d/current/log_6494-6568
2019-06-14 13:46:09,894 INFO  client.GrpcClientProtocolClient (GrpcClientProtocolClient.java:onNext(254)) - client-E0FA40453D59->0c156e3c-57cc-425b-90ef-9bcaa62a7535: receive RaftClientReply:client-E0FA40453D59->0c156e3c-57cc-425b-90ef-9bcaa62a7535@group-7704A457760D, cid=3909, SUCCESS, logIndex=6567, commits[0c156e3c-57cc-425b-90ef-9bcaa62a7535:c6567]
2019-06-14 13:46:09,930 INFO  storage.RaftLogWorker (RaftLogWorker.java:execute(469)) - 0c156e3c-57cc-425b-90ef-9bcaa62a7535-RaftLogWorker: created new log segment /opt/src/hadoop-ozone/integration-test/target/test-dir/MiniOzoneClusterImpl-8919240e-7e15-4dbf-8bf4-c210578586bb/datanode-0/data/ratis/1fc53845-3381-4beb-82f9-7704a457760d/current/log_inprogress_6569
2019-06-14 13:46:09,932 INFO  client.GrpcClientProtocolClient (GrpcClientProtocolClient.java:onNext(254)) - client-E0FA40453D59->0c156e3c-57cc-425b-90ef-9bcaa62a7535: receive RaftClientReply:client-E0FA40453D59->0c156e3c-57cc-425b-90ef-9bcaa62a7535@group-7704A457760D, cid=3910, SUCCESS, logIndex=6569, commits[0c156e3c-57cc-425b-90ef-9bcaa62a7535:c6571]
2019-06-14 13:46:09,937 INFO  client.GrpcClientProtocolClient (GrpcClientProtocolClient.java:onNext(254)) - client-E0FA40453D59->0c156e3c-57cc-425b-90ef-9bcaa62a7535: receive RaftClientReply:client-E0FA40453D59->0c156e3c-57cc-425b-90ef-9bcaa62a7535@group-7704A457760D, cid=3911, SUCCESS, logIndex=6570, commits[0c156e3c-57cc-425b-90ef-9bcaa62a7535:c6571]
2019-06-14 13:46:09,937 INFO  client.GrpcClientProtocolClient (GrpcClientProtocolClient.java:onNext(254)) - client-E0FA40453D59->0c156e3c-57cc-425b-90ef-9bcaa62a7535: receive RaftClientReply:client-E0FA40453D59->0c156e3c-57cc-425b-90ef-9bcaa62a7535@group-7704A457760D, cid=3912, SUCCESS, logIndex=6571, commits[0c156e3c-57cc-425b-90ef-9bcaa62a7535:c6571]
2019-06-14 13:46:09,952 INFO  client.GrpcClientProtocolClient (GrpcClientProtocolClient.java:onNext(254)) - client-E0FA40453D59->0c156e3c-57cc-425b-90ef-9bcaa62a7535: receive RaftClientReply:client-E0FA40453D59->0c156e3c-57cc-425b-90ef-9bcaa62a7535@group-7704A457760D, cid=3913, SUCCESS, logIndex=6573, commits[0c156e3c-57cc-425b-90ef-9bcaa62a7535:c6573]
2019-06-14 13:46:09,954 INFO  client.GrpcClientProtocolClient (GrpcClientProtocolClient.java:onNext(254)) - client-E0FA40453D59->0c156e3c-57cc-425b-90ef-9bcaa62a7535: receive RaftClientReply:client-E0FA40453D59->0c156e3c-57cc-425b-90ef-9bcaa62a7535@group-7704A457760D, cid=3914, SUCCESS, logIndex=6575, commits[0c156e3c-57cc-425b-90ef-9bcaa62a7535:c6575]
2019-06-14 13:46:09,955 INFO  client.GrpcClientProtocolClient (GrpcClientProtocolClient.java:onNext(254)) - client-E0FA40453D59->0c156e3c-57cc-425b-90ef-9bcaa62a7535: receive RaftClientReply:client-E0FA40453D59->0c156e3c-57cc-425b-90ef-9bcaa62a7535@group-7704A457760D, cid=3915, SUCCESS, logIndex=6576, commits[0c156e3c-57cc-425b-90ef-9bcaa62a7535:c6578]
2019-06-14 13:46:09,958 DEBUG block.SCMBlockDeletingService (SCMBlockDeletingService.java:call(138)) - Running DeletedBlockTransactionScanner
2019-06-14 13:46:09,958 DEBUG block.SCMBlockDeletingService (SCMBlockDeletingService.java:call(155)) - Scanned deleted blocks log and got 0 delTX to process.
2019-06-14 13:46:09,960 INFO  client.GrpcClientProtocolClient (GrpcClientProtocolClient.java:onNext(254)) - client-E0FA40453D59->0c156e3c-57cc-425b-90ef-9bcaa62a7535: receive RaftClientReply:client-E0FA40453D59->0c156e3c-57cc-425b-90ef-9bcaa62a7535@group-7704A457760D, cid=3916, SUCCESS, logIndex=6578, commits[0c156e3c-57cc-425b-90ef-9bcaa62a7535:c6578]
2019-06-14 13:46:09,971 INFO  client.GrpcClientProtocolClient (GrpcClientProtocolClient.java:onNext(254)) - client-E0FA40453D59->0c156e3c-57cc-425b-90ef-9bcaa62a7535: receive RaftClientReply:client-E0FA40453D59->0c156e3c-57cc-425b-90ef-9bcaa62a7535@group-7704A457760D, cid=3917, SUCCESS, logIndex=6580, commits[0c156e3c-57cc-425b-90ef-9bcaa62a7535:c6580]
2019-06-14 13:46:09,973 INFO  client.GrpcClientProtocolClient (GrpcClientProtocolClient.java:onNext(254)) - client-E0FA40453D59->0c156e3c-57cc-425b-90ef-9bcaa62a7535: receive RaftClientReply:client-E0FA40453D59->0c156e3c-57cc-425b-90ef-9bcaa62a7535@group-7704A457760D, cid=3918, SUCCESS, logIndex=6582, commits[0c156e3c-57cc-425b-90ef-9bcaa62a7535:c6582]
2019-06-14 13:46:09,974 INFO  client.GrpcClientProtocolClient (GrpcClientProtocolClient.java:onNext(254)) - client-E0FA40453D59->0c156e3c-57cc-425b-90ef-9bcaa62a7535: receive RaftClientReply:client-E0FA40453D59->0c156e3c-57cc-425b-90ef-9bcaa62a7535@group-7704A457760D, cid=3919, SUCCESS, logIndex=6583, commits[0c156e3c-57cc-425b-90ef-9bcaa62a7535:c6583]
2019-06-14 13:46:09,974 INFO  client.GrpcClientProtocolClient (GrpcClientProtocolClient.java:onNext(254)) - client-E0FA40453D59->0c156e3c-57cc-425b-90ef-9bcaa62a7535: receive RaftClientReply:client-E0FA40453D59->0c156e3c-57cc-425b-90ef-9bcaa62a7535@group-7704A457760D, cid=3920, SUCCESS, logIndex=6585, commits[0c156e3c-57cc-425b-90ef-9bcaa62a7535:c6585]
2019-06-14 13:46:09,993 INFO  client.GrpcClientProtocolClient (GrpcClientProtocolClient.java:onNext(254)) - client-E0FA40453D59->0c156e3c-57cc-425b-90ef-9bcaa62a7535: receive RaftClientReply:client-E0FA40453D59->0c156e3c-57cc-425b-90ef-9bcaa62a7535@group-7704A457760D, cid=3921, SUCCESS, logIndex=6588, commits[0c156e3c-57cc-425b-90ef-9bcaa62a7535:c6589]
2019-06-14 13:46:10,008 INFO  client.GrpcClientProtocolClient (GrpcClientProtocolClient.java:onNext(254)) - client-E0FA40453D59->0c156e3c-57cc-425b-90ef-9bcaa62a7535: receive RaftClientReply:client-E0FA40453D59->0c156e3c-57cc-425b-90ef-9bcaa62a7535@group-7704A457760D, cid=3922, SUCCESS, logIndex=6590, commits[0c156e3c-57cc-425b-90ef-9bcaa62a7535:c6590]
2019-06-14 13:46:10,008 INFO  client.GrpcClientProtocolClient (GrpcClientProtocolClient.java:onNext(254)) - client-E0FA40453D59->0c156e3c-57cc-425b-90ef-9bcaa62a7535: receive RaftClientReply:client-E0FA40453D59->0c156e3c-57cc-425b-90ef-9bcaa62a7535@group-7704A457760D, cid=3923, SUCCESS, logIndex=6591, commits[0c156e3c-57cc-425b-90ef-9bcaa62a7535:c6592]
2019-06-14 13:46:10,011 INFO  client.GrpcClientProtocolClient (GrpcClientProtocolClient.java:onNext(254)) - client-E0FA40453D59->0c156e3c-57cc-425b-90ef-9bcaa62a7535: receive RaftClientReply:client-E0FA40453D59->0c156e3c-57cc-425b-90ef-9bcaa62a7535@group-7704A457760D, cid=3924, SUCCESS, logIndex=6593, commits[0c156e3c-57cc-425b-90ef-9bcaa62a7535:c6593]
2019-06-14 13:46:10,030 INFO  client.GrpcClientProtocolClient (GrpcClientProtocolClient.java:onNext(254)) - client-E0FA40453D59->0c156e3c-57cc-425b-90ef-9bcaa62a7535: receive RaftClientReply:client-E0FA40453D59->0c156e3c-57cc-425b-90ef-9bcaa62a7535@group-7704A457760D, cid=3925, SUCCESS, logIndex=6595, commits[0c156e3c-57cc-425b-90ef-9bcaa62a7535:c6595]
2019-06-14 13:46:10,032 INFO  client.GrpcClientProtocolClient (GrpcClientProtocolClient.java:onNext(254)) - client-E0FA40453D59->0c156e3c-57cc-425b-90ef-9bcaa62a7535: receive RaftClientReply:client-E0FA40453D59->0c156e3c-57cc-425b-90ef-9bcaa62a7535@group-7704A457760D, cid=3926, SUCCESS, logIndex=6597, commits[0c156e3c-57cc-425b-90ef-9bcaa62a7535:c6597]
2019-06-14 13:46:10,033 INFO  client.GrpcClientProtocolClient (GrpcClientProtocolClient.java:onNext(254)) - client-E0FA40453D59->0c156e3c-57cc-425b-90ef-9bcaa62a7535: receive RaftClientReply:client-E0FA40453D59->0c156e3c-57cc-425b-90ef-9bcaa62a7535@group-7704A457760D, cid=3927, SUCCESS, logIndex=6598, commits[0c156e3c-57cc-425b-90ef-9bcaa62a7535:c6598]
2019-06-14 13:46:10,033 INFO  client.GrpcClientProtocolClient (GrpcClientProtocolClient.java:onNext(254)) - client-E0FA40453D59->0c156e3c-57cc-425b-90ef-9bcaa62a7535: receive RaftClientReply:client-E0FA40453D59->0c156e3c-57cc-425b-90ef-9bcaa62a7535@group-7704A457760D, cid=3928, SUCCESS, logIndex=6600, commits[0c156e3c-57cc-425b-90ef-9bcaa62a7535:c6600]
2019-06-14 13:46:10,053 INFO  client.GrpcClientProtocolClient (GrpcClientProtocolClient.java:onNext(254)) - client-E0FA40453D59->0c156e3c-57cc-425b-90ef-9bcaa62a7535: receive RaftClientReply:client-E0FA40453D59->0c156e3c-57cc-425b-90ef-9bcaa62a7535@group-7704A457760D, cid=3929, SUCCESS, logIndex=6603, commits[0c156e3c-57cc-425b-90ef-9bcaa62a7535:c6603]
2019-06-14 13:46:10,058 DEBUG block.SCMBlockDeletingService (SCMBlockDeletingService.java:call(138)) - Running DeletedBlockTransactionScanner
2019-06-14 13:46:10,059 DEBUG block.SCMBlockDeletingService (SCMBlockDeletingService.java:call(155)) - Scanned deleted blocks log and got 0 delTX to process.
2019-06-14 13:46:10,062 INFO  client.GrpcClientProtocolClient (GrpcClientProtocolClient.java:onNext(254)) - client-E0FA40453D59->0c156e3c-57cc-425b-90ef-9bcaa62a7535: receive RaftClientReply:client-E0FA40453D59->0c156e3c-57cc-425b-90ef-9bcaa62a7535@group-7704A457760D, cid=3930, SUCCESS, logIndex=6605, commits[0c156e3c-57cc-425b-90ef-9bcaa62a7535:c6605]
2019-06-14 13:46:10,070 INFO  client.GrpcClientProtocolClient (GrpcClientProtocolClient.java:onNext(254)) - client-E0FA40453D59->0c156e3c-57cc-425b-90ef-9bcaa62a7535: receive RaftClientReply:client-E0FA40453D59->0c156e3c-57cc-425b-90ef-9bcaa62a7535@group-7704A457760D, cid=3931, SUCCESS, logIndex=6607, commits[0c156e3c-57cc-425b-90ef-9bcaa62a7535:c6608]
2019-06-14 13:46:10,074 INFO  client.GrpcClientProtocolClient (GrpcClientProtocolClient.java:onNext(254)) - client-E0FA40453D59->0c156e3c-57cc-425b-90ef-9bcaa62a7535: receive RaftClientReply:client-E0FA40453D59->0c156e3c-57cc-425b-90ef-9bcaa62a7535@group-7704A457760D, cid=3932, SUCCESS, logIndex=6608, commits[0c156e3c-57cc-425b-90ef-9bcaa62a7535:c6608]
2019-06-14 13:46:10,080 INFO  client.GrpcClientProtocolClient (GrpcClientProtocolClient.java:onNext(254)) - client-E0FA40453D59->0c156e3c-57cc-425b-90ef-9bcaa62a7535: receive RaftClientReply:client-E0FA40453D59->0c156e3c-57cc-425b-90ef-9bcaa62a7535@group-7704A457760D, cid=3933, SUCCESS, logIndex=6610, commits[0c156e3c-57cc-425b-90ef-9bcaa62a7535:c6610]
2019-06-14 13:46:10,086 INFO  client.GrpcClientProtocolClient (GrpcClientProtocolClient.java:onNext(254)) - client-E0FA40453D59->0c156e3c-57cc-425b-90ef-9bcaa62a7535: receive RaftClientReply:client-E0FA40453D59->0c156e3c-57cc-425b-90ef-9bcaa62a7535@group-7704A457760D, cid=3934, SUCCESS, logIndex=6612, commits[0c156e3c-57cc-425b-90ef-9bcaa62a7535:c6612]
2019-06-14 13:46:10,162 DEBUG block.SCMBlockDeletingService (SCMBlockDeletingService.java:call(138)) - Running DeletedBlockTransactionScanner
2019-06-14 13:46:10,162 DEBUG block.SCMBlockDeletingService (SCMBlockDeletingService.java:call(155)) - Scanned deleted blocks log and got 0 delTX to process.
2019-06-14 13:46:10,187 INFO  client.GrpcClientProtocolClient (GrpcClientProtocolClient.java:onNext(254)) - client-E0FA40453D59->0c156e3c-57cc-425b-90ef-9bcaa62a7535: receive RaftClientReply:client-E0FA40453D59->0c156e3c-57cc-425b-90ef-9bcaa62a7535@group-7704A457760D, cid=3935, SUCCESS, logIndex=6614, commits[0c156e3c-57cc-425b-90ef-9bcaa62a7535:c6614]
2019-06-14 13:46:10,198 INFO  client.GrpcClientProtocolClient (GrpcClientProtocolClient.java:onNext(254)) - client-E0FA40453D59->0c156e3c-57cc-425b-90ef-9bcaa62a7535: receive RaftClientReply:client-E0FA40453D59->0c156e3c-57cc-425b-90ef-9bcaa62a7535@group-7704A457760D, cid=3936, SUCCESS, logIndex=6616, commits[0c156e3c-57cc-425b-90ef-9bcaa62a7535:c6616]
2019-06-14 13:46:10,226 INFO  client.GrpcClientProtocolClient (GrpcClientProtocolClient.java:onNext(254)) - client-E0FA40453D59->0c156e3c-57cc-425b-90ef-9bcaa62a7535: receive RaftClientReply:client-E0FA40453D59->0c156e3c-57cc-425b-90ef-9bcaa62a7535@group-7704A457760D, cid=3937, SUCCESS, logIndex=6618, commits[0c156e3c-57cc-425b-90ef-9bcaa62a7535:c6618]
2019-06-14 13:46:10,242 INFO  client.GrpcClientProtocolClient (GrpcClientProtocolClient.java:onNext(254)) - client-E0FA40453D59->0c156e3c-57cc-425b-90ef-9bcaa62a7535: receive RaftClientReply:client-E0FA40453D59->0c156e3c-57cc-425b-90ef-9bcaa62a7535@group-7704A457760D, cid=3938, SUCCESS, logIndex=6620, commits[0c156e3c-57cc-425b-90ef-9bcaa62a7535:c6620]
2019-06-14 13:46:10,250 INFO  client.GrpcClientProtocolClient (GrpcClientProtocolClient.java:onNext(254)) - client-E0FA40453D59->0c156e3c-57cc-425b-90ef-9bcaa62a7535: receive RaftClientReply:client-E0FA40453D59->0c156e3c-57cc-425b-90ef-9bcaa62a7535@group-7704A457760D, cid=3939, SUCCESS, logIndex=6622, commits[0c156e3c-57cc-425b-90ef-9bcaa62a7535:c6622]
2019-06-14 13:46:10,250 INFO  client.GrpcClientProtocolClient (GrpcClientProtocolClient.java:onNext(254)) - client-E0FA40453D59->0c156e3c-57cc-425b-90ef-9bcaa62a7535: receive RaftClientReply:client-E0FA40453D59->0c156e3c-57cc-425b-90ef-9bcaa62a7535@group-7704A457760D, cid=3940, SUCCESS, logIndex=6623, commits[0c156e3c-57cc-425b-90ef-9bcaa62a7535:c6623]
2019-06-14 13:46:10,259 INFO  client.GrpcClientProtocolClient (GrpcClientProtocolClient.java:onNext(254)) - client-E0FA40453D59->0c156e3c-57cc-425b-90ef-9bcaa62a7535: receive RaftClientReply:client-E0FA40453D59->0c156e3c-57cc-425b-90ef-9bcaa62a7535@group-7704A457760D, cid=3941, SUCCESS, logIndex=6626, commits[0c156e3c-57cc-425b-90ef-9bcaa62a7535:c6626]
2019-06-14 13:46:10,266 DEBUG block.SCMBlockDeletingService (SCMBlockDeletingService.java:call(138)) - Running DeletedBlockTransactionScanner
2019-06-14 13:46:10,266 DEBUG block.SCMBlockDeletingService (SCMBlockDeletingService.java:call(155)) - Scanned deleted blocks log and got 0 delTX to process.
2019-06-14 13:46:10,272 INFO  client.GrpcClientProtocolClient (GrpcClientProtocolClient.java:onNext(254)) - client-E0FA40453D59->0c156e3c-57cc-425b-90ef-9bcaa62a7535: receive RaftClientReply:client-E0FA40453D59->0c156e3c-57cc-425b-90ef-9bcaa62a7535@group-7704A457760D, cid=3942, SUCCESS, logIndex=6628, commits[0c156e3c-57cc-425b-90ef-9bcaa62a7535:c6630]
2019-06-14 13:46:10,273 INFO  client.GrpcClientProtocolClient (GrpcClientProtocolClient.java:onNext(254)) - client-E0FA40453D59->0c156e3c-57cc-425b-90ef-9bcaa62a7535: receive RaftClientReply:client-E0FA40453D59->0c156e3c-57cc-425b-90ef-9bcaa62a7535@group-7704A457760D, cid=3943, SUCCESS, logIndex=6629, commits[0c156e3c-57cc-425b-90ef-9bcaa62a7535:c6630]
2019-06-14 13:46:10,290 INFO  client.GrpcClientProtocolClient (GrpcClientProtocolClient.java:onNext(254)) - client-E0FA40453D59->0c156e3c-57cc-425b-90ef-9bcaa62a7535: receive RaftClientReply:client-E0FA40453D59->0c156e3c-57cc-425b-90ef-9bcaa62a7535@group-7704A457760D, cid=3944, SUCCESS, logIndex=6630, commits[0c156e3c-57cc-425b-90ef-9bcaa62a7535:c6630]
2019-06-14 13:46:10,322 INFO  client.GrpcClientProtocolClient (GrpcClientProtocolClient.java:onNext(254)) - client-E0FA40453D59->0c156e3c-57cc-425b-90ef-9bcaa62a7535: receive RaftClientReply:client-E0FA40453D59->0c156e3c-57cc-425b-90ef-9bcaa62a7535@group-7704A457760D, cid=3945, SUCCESS, logIndex=6632, commits[0c156e3c-57cc-425b-90ef-9bcaa62a7535:c6632]
2019-06-14 13:46:10,335 INFO  client.GrpcClientProtocolClient (GrpcClientProtocolClient.java:onNext(254)) - client-E0FA40453D59->0c156e3c-57cc-425b-90ef-9bcaa62a7535: receive RaftClientReply:client-E0FA40453D59->0c156e3c-57cc-425b-90ef-9bcaa62a7535@group-7704A457760D, cid=3946, SUCCESS, logIndex=6634, commits[0c156e3c-57cc-425b-90ef-9bcaa62a7535:c6637]
2019-06-14 13:46:10,342 INFO  client.GrpcClientProtocolClient (GrpcClientProtocolClient.java:onNext(254)) - client-E0FA40453D59->0c156e3c-57cc-425b-90ef-9bcaa62a7535: receive RaftClientReply:client-E0FA40453D59->0c156e3c-57cc-425b-90ef-9bcaa62a7535@group-7704A457760D, cid=3947, SUCCESS, logIndex=6635, commits[0c156e3c-57cc-425b-90ef-9bcaa62a7535:c6637]
2019-06-14 13:46:10,346 INFO  client.GrpcClientProtocolClient (GrpcClientProtocolClient.java:onNext(254)) - client-E0FA40453D59->0c156e3c-57cc-425b-90ef-9bcaa62a7535: receive RaftClientReply:client-E0FA40453D59->0c156e3c-57cc-425b-90ef-9bcaa62a7535@group-7704A457760D, cid=3948, SUCCESS, logIndex=6636, commits[0c156e3c-57cc-425b-90ef-9bcaa62a7535:c6637]
2019-06-14 13:46:10,354 INFO  client.GrpcClientProtocolClient (GrpcClientProtocolClient.java:onNext(254)) - client-E0FA40453D59->0c156e3c-57cc-425b-90ef-9bcaa62a7535: receive RaftClientReply:client-E0FA40453D59->0c156e3c-57cc-425b-90ef-9bcaa62a7535@group-7704A457760D, cid=3949, SUCCESS, logIndex=6638, commits[0c156e3c-57cc-425b-90ef-9bcaa62a7535:c6638]
2019-06-14 13:46:10,355 INFO  storage.RaftLogWorker (RaftLogWorker.java:rollLogSegment(303)) - 0c156e3c-57cc-425b-90ef-9bcaa62a7535-RaftLogWorker: Rolling segment log-6569_6641 to index:6641
2019-06-14 13:46:10,356 INFO  client.GrpcClientProtocolClient (GrpcClientProtocolClient.java:onNext(254)) - client-E0FA40453D59->0c156e3c-57cc-425b-90ef-9bcaa62a7535: receive RaftClientReply:client-E0FA40453D59->0c156e3c-57cc-425b-90ef-9bcaa62a7535@group-7704A457760D, cid=3950, SUCCESS, logIndex=6640, commits[0c156e3c-57cc-425b-90ef-9bcaa62a7535:c6640]
2019-06-14 13:46:10,362 INFO  storage.RaftLogWorker (RaftLogWorker.java:execute(433)) - 0c156e3c-57cc-425b-90ef-9bcaa62a7535-RaftLogWorker: Rolled log segment from /opt/src/hadoop-ozone/integration-test/target/test-dir/MiniOzoneClusterImpl-8919240e-7e15-4dbf-8bf4-c210578586bb/datanode-0/data/ratis/1fc53845-3381-4beb-82f9-7704a457760d/current/log_inprogress_6569 to /opt/src/hadoop-ozone/integration-test/target/test-dir/MiniOzoneClusterImpl-8919240e-7e15-4dbf-8bf4-c210578586bb/datanode-0/data/ratis/1fc53845-3381-4beb-82f9-7704a457760d/current/log_6569-6641
2019-06-14 13:46:10,366 DEBUG block.SCMBlockDeletingService (SCMBlockDeletingService.java:call(138)) - Running DeletedBlockTransactionScanner
2019-06-14 13:46:10,367 DEBUG block.SCMBlockDeletingService (SCMBlockDeletingService.java:call(155)) - Scanned deleted blocks log and got 0 delTX to process.
2019-06-14 13:46:10,375 INFO  client.GrpcClientProtocolClient (GrpcClientProtocolClient.java:onNext(254)) - client-E0FA40453D59->0c156e3c-57cc-425b-90ef-9bcaa62a7535: receive RaftClientReply:client-E0FA40453D59->0c156e3c-57cc-425b-90ef-9bcaa62a7535@group-7704A457760D, cid=3951, SUCCESS, logIndex=6641, commits[0c156e3c-57cc-425b-90ef-9bcaa62a7535:c6641]
2019-06-14 13:46:10,420 INFO  storage.RaftLogWorker (RaftLogWorker.java:execute(469)) - 0c156e3c-57cc-425b-90ef-9bcaa62a7535-RaftLogWorker: created new log segment /opt/src/hadoop-ozone/integration-test/target/test-dir/MiniOzoneClusterImpl-8919240e-7e15-4dbf-8bf4-c210578586bb/datanode-0/data/ratis/1fc53845-3381-4beb-82f9-7704a457760d/current/log_inprogress_6642
2019-06-14 13:46:10,422 INFO  client.GrpcClientProtocolClient (GrpcClientProtocolClient.java:onNext(254)) - client-E0FA40453D59->0c156e3c-57cc-425b-90ef-9bcaa62a7535: receive RaftClientReply:client-E0FA40453D59->0c156e3c-57cc-425b-90ef-9bcaa62a7535@group-7704A457760D, cid=3952, SUCCESS, logIndex=6642, commits[0c156e3c-57cc-425b-90ef-9bcaa62a7535:c6644]
2019-06-14 13:46:10,437 INFO  client.GrpcClientProtocolClient (GrpcClientProtocolClient.java:onNext(254)) - client-E0FA40453D59->0c156e3c-57cc-425b-90ef-9bcaa62a7535: receive RaftClientReply:client-E0FA40453D59->0c156e3c-57cc-425b-90ef-9bcaa62a7535@group-7704A457760D, cid=3953, SUCCESS, logIndex=6645, commits[0c156e3c-57cc-425b-90ef-9bcaa62a7535:c6645]
2019-06-14 13:46:10,440 INFO  client.GrpcClientProtocolClient (GrpcClientProtocolClient.java:onNext(254)) - client-E0FA40453D59->0c156e3c-57cc-425b-90ef-9bcaa62a7535: receive RaftClientReply:client-E0FA40453D59->0c156e3c-57cc-425b-90ef-9bcaa62a7535@group-7704A457760D, cid=3954, SUCCESS, logIndex=6647, commits[0c156e3c-57cc-425b-90ef-9bcaa62a7535:c6649]
2019-06-14 13:46:10,442 INFO  client.GrpcClientProtocolClient (GrpcClientProtocolClient.java:onNext(254)) - client-E0FA40453D59->0c156e3c-57cc-425b-90ef-9bcaa62a7535: receive RaftClientReply:client-E0FA40453D59->0c156e3c-57cc-425b-90ef-9bcaa62a7535@group-7704A457760D, cid=3955, SUCCESS, logIndex=6648, commits[0c156e3c-57cc-425b-90ef-9bcaa62a7535:c6650]
2019-06-14 13:46:10,442 INFO  client.GrpcClientProtocolClient (GrpcClientProtocolClient.java:onNext(254)) - client-E0FA40453D59->0c156e3c-57cc-425b-90ef-9bcaa62a7535: receive RaftClientReply:client-E0FA40453D59->0c156e3c-57cc-425b-90ef-9bcaa62a7535@group-7704A457760D, cid=3956, SUCCESS, logIndex=6649, commits[0c156e3c-57cc-425b-90ef-9bcaa62a7535:c6651]
2019-06-14 13:46:10,456 INFO  client.GrpcClientProtocolClient (GrpcClientProtocolClient.java:onNext(254)) - client-E0FA40453D59->0c156e3c-57cc-425b-90ef-9bcaa62a7535: receive RaftClientReply:client-E0FA40453D59->0c156e3c-57cc-425b-90ef-9bcaa62a7535@group-7704A457760D, cid=3957, SUCCESS, logIndex=6652, commits[0c156e3c-57cc-425b-90ef-9bcaa62a7535:c6652]
2019-06-14 13:46:10,462 INFO  client.GrpcClientProtocolClient (GrpcClientProtocolClient.java:onNext(254)) - client-E0FA40453D59->0c156e3c-57cc-425b-90ef-9bcaa62a7535: receive RaftClientReply:client-E0FA40453D59->0c156e3c-57cc-425b-90ef-9bcaa62a7535@group-7704A457760D, cid=3958, SUCCESS, logIndex=6654, commits[0c156e3c-57cc-425b-90ef-9bcaa62a7535:c6654]
2019-06-14 13:46:10,463 INFO  client.GrpcClientProtocolClient (GrpcClientProtocolClient.java:onNext(254)) - client-E0FA40453D59->0c156e3c-57cc-425b-90ef-9bcaa62a7535: receive RaftClientReply:client-E0FA40453D59->0c156e3c-57cc-425b-90ef-9bcaa62a7535@group-7704A457760D, cid=3959, SUCCESS, logIndex=6655, commits[0c156e3c-57cc-425b-90ef-9bcaa62a7535:c6656]
2019-06-14 13:46:10,463 INFO  client.GrpcClientProtocolClient (GrpcClientProtocolClient.java:onNext(254)) - client-E0FA40453D59->0c156e3c-57cc-425b-90ef-9bcaa62a7535: receive RaftClientReply:client-E0FA40453D59->0c156e3c-57cc-425b-90ef-9bcaa62a7535@group-7704A457760D, cid=3960, SUCCESS, logIndex=6657, commits[0c156e3c-57cc-425b-90ef-9bcaa62a7535:c6657]
2019-06-14 13:46:10,467 DEBUG block.SCMBlockDeletingService (SCMBlockDeletingService.java:call(138)) - Running DeletedBlockTransactionScanner
2019-06-14 13:46:10,467 DEBUG block.SCMBlockDeletingService (SCMBlockDeletingService.java:call(155)) - Scanned deleted blocks log and got 0 delTX to process.
2019-06-14 13:46:10,483 INFO  client.GrpcClientProtocolClient (GrpcClientProtocolClient.java:onNext(254)) - client-E0FA40453D59->0c156e3c-57cc-425b-90ef-9bcaa62a7535: receive RaftClientReply:client-E0FA40453D59->0c156e3c-57cc-425b-90ef-9bcaa62a7535@group-7704A457760D, cid=3961, SUCCESS, logIndex=6659, commits[0c156e3c-57cc-425b-90ef-9bcaa62a7535:c6659]
2019-06-14 13:46:10,501 INFO  client.GrpcClientProtocolClient (GrpcClientProtocolClient.java:onNext(254)) - client-E0FA40453D59->0c156e3c-57cc-425b-90ef-9bcaa62a7535: receive RaftClientReply:client-E0FA40453D59->0c156e3c-57cc-425b-90ef-9bcaa62a7535@group-7704A457760D, cid=3962, SUCCESS, logIndex=6661, commits[0c156e3c-57cc-425b-90ef-9bcaa62a7535:c6661]
2019-06-14 13:46:10,502 INFO  client.GrpcClientProtocolClient (GrpcClientProtocolClient.java:onNext(254)) - client-E0FA40453D59->0c156e3c-57cc-425b-90ef-9bcaa62a7535: receive RaftClientReply:client-E0FA40453D59->0c156e3c-57cc-425b-90ef-9bcaa62a7535@group-7704A457760D, cid=3963, SUCCESS, logIndex=6662, commits[0c156e3c-57cc-425b-90ef-9bcaa62a7535:c6663]
2019-06-14 13:46:10,502 INFO  client.GrpcClientProtocolClient (GrpcClientProtocolClient.java:onNext(254)) - client-E0FA40453D59->0c156e3c-57cc-425b-90ef-9bcaa62a7535: receive RaftClientReply:client-E0FA40453D59->0c156e3c-57cc-425b-90ef-9bcaa62a7535@group-7704A457760D, cid=3964, SUCCESS, logIndex=6664, commits[0c156e3c-57cc-425b-90ef-9bcaa62a7535:c6664]
2019-06-14 13:46:10,516 INFO  client.GrpcClientProtocolClient (GrpcClientProtocolClient.java:onNext(254)) - client-E0FA40453D59->0c156e3c-57cc-425b-90ef-9bcaa62a7535: receive RaftClientReply:client-E0FA40453D59->0c156e3c-57cc-425b-90ef-9bcaa62a7535@group-7704A457760D, cid=3965, SUCCESS, logIndex=6666, commits[0c156e3c-57cc-425b-90ef-9bcaa62a7535:c6666]
2019-06-14 13:46:10,519 INFO  client.GrpcClientProtocolClient (GrpcClientProtocolClient.java:onNext(254)) - client-E0FA40453D59->0c156e3c-57cc-425b-90ef-9bcaa62a7535: receive RaftClientReply:client-E0FA40453D59->0c156e3c-57cc-425b-90ef-9bcaa62a7535@group-7704A457760D, cid=3966, SUCCESS, logIndex=6668, commits[0c156e3c-57cc-425b-90ef-9bcaa62a7535:c6668]
2019-06-14 13:46:10,519 INFO  client.GrpcClientProtocolClient (GrpcClientProtocolClient.java:onNext(254)) - client-E0FA40453D59->0c156e3c-57cc-425b-90ef-9bcaa62a7535: receive RaftClientReply:client-E0FA40453D59->0c156e3c-57cc-425b-90ef-9bcaa62a7535@group-7704A457760D, cid=3967, SUCCESS, logIndex=6669, commits[0c156e3c-57cc-425b-90ef-9bcaa62a7535:c6669]
2019-06-14 13:46:10,520 INFO  client.GrpcClientProtocolClient (GrpcClientProtocolClient.java:onNext(254)) - client-E0FA40453D59->0c156e3c-57cc-425b-90ef-9bcaa62a7535: receive RaftClientReply:client-E0FA40453D59->0c156e3c-57cc-425b-90ef-9bcaa62a7535@group-7704A457760D, cid=3968, SUCCESS, logIndex=6671, commits[0c156e3c-57cc-425b-90ef-9bcaa62a7535:c6671]
2019-06-14 13:46:10,559 INFO  client.GrpcClientProtocolClient (GrpcClientProtocolClient.java:onNext(254)) - client-E0FA40453D59->0c156e3c-57cc-425b-90ef-9bcaa62a7535: receive RaftClientReply:client-E0FA40453D59->0c156e3c-57cc-425b-90ef-9bcaa62a7535@group-7704A457760D, cid=3969, SUCCESS, logIndex=6674, commits[0c156e3c-57cc-425b-90ef-9bcaa62a7535:c6675]
2019-06-14 13:46:10,567 DEBUG block.SCMBlockDeletingService (SCMBlockDeletingService.java:call(138)) - Running DeletedBlockTransactionScanner
2019-06-14 13:46:10,567 DEBUG block.SCMBlockDeletingService (SCMBlockDeletingService.java:call(155)) - Scanned deleted blocks log and got 0 delTX to process.
2019-06-14 13:46:10,578 INFO  client.GrpcClientProtocolClient (GrpcClientProtocolClient.java:onNext(254)) - client-E0FA40453D59->0c156e3c-57cc-425b-90ef-9bcaa62a7535: receive RaftClientReply:client-E0FA40453D59->0c156e3c-57cc-425b-90ef-9bcaa62a7535@group-7704A457760D, cid=3970, SUCCESS, logIndex=6676, commits[0c156e3c-57cc-425b-90ef-9bcaa62a7535:c6678]
2019-06-14 13:46:10,579 INFO  client.GrpcClientProtocolClient (GrpcClientProtocolClient.java:onNext(254)) - client-E0FA40453D59->0c156e3c-57cc-425b-90ef-9bcaa62a7535: receive RaftClientReply:client-E0FA40453D59->0c156e3c-57cc-425b-90ef-9bcaa62a7535@group-7704A457760D, cid=3971, SUCCESS, logIndex=6677, commits[0c156e3c-57cc-425b-90ef-9bcaa62a7535:c6678]
2019-06-14 13:46:10,580 INFO  client.GrpcClientProtocolClient (GrpcClientProtocolClient.java:onNext(254)) - client-E0FA40453D59->0c156e3c-57cc-425b-90ef-9bcaa62a7535: receive RaftClientReply:client-E0FA40453D59->0c156e3c-57cc-425b-90ef-9bcaa62a7535@group-7704A457760D, cid=3972, SUCCESS, logIndex=6678, commits[0c156e3c-57cc-425b-90ef-9bcaa62a7535:c6678]
2019-06-14 13:46:10,590 INFO  client.GrpcClientProtocolClient (GrpcClientProtocolClient.java:onNext(254)) - client-E0FA40453D59->0c156e3c-57cc-425b-90ef-9bcaa62a7535: receive RaftClientReply:client-E0FA40453D59->0c156e3c-57cc-425b-90ef-9bcaa62a7535@group-7704A457760D, cid=3973, SUCCESS, logIndex=6680, commits[0c156e3c-57cc-425b-90ef-9bcaa62a7535:c6680]
2019-06-14 13:46:10,593 INFO  client.GrpcClientProtocolClient (GrpcClientProtocolClient.java:onNext(254)) - client-E0FA40453D59->0c156e3c-57cc-425b-90ef-9bcaa62a7535: receive RaftClientReply:client-E0FA40453D59->0c156e3c-57cc-425b-90ef-9bcaa62a7535@group-7704A457760D, cid=3974, SUCCESS, logIndex=6682, commits[0c156e3c-57cc-425b-90ef-9bcaa62a7535:c6682]
2019-06-14 13:46:10,594 INFO  client.GrpcClientProtocolClient (GrpcClientProtocolClient.java:onNext(254)) - client-E0FA40453D59->0c156e3c-57cc-425b-90ef-9bcaa62a7535: receive RaftClientReply:client-E0FA40453D59->0c156e3c-57cc-425b-90ef-9bcaa62a7535@group-7704A457760D, cid=3975, SUCCESS, logIndex=6683, commits[0c156e3c-57cc-425b-90ef-9bcaa62a7535:c6683]
2019-06-14 13:46:10,594 INFO  client.GrpcClientProtocolClient (GrpcClientProtocolClient.java:onNext(254)) - client-E0FA40453D59->0c156e3c-57cc-425b-90ef-9bcaa62a7535: receive RaftClientReply:client-E0FA40453D59->0c156e3c-57cc-425b-90ef-9bcaa62a7535@group-7704A457760D, cid=3976, SUCCESS, logIndex=6685, commits[0c156e3c-57cc-425b-90ef-9bcaa62a7535:c6686]
2019-06-14 13:46:10,662 INFO  client.GrpcClientProtocolClient (GrpcClientProtocolClient.java:onNext(254)) - client-E0FA40453D59->0c156e3c-57cc-425b-90ef-9bcaa62a7535: receive RaftClientReply:client-E0FA40453D59->0c156e3c-57cc-425b-90ef-9bcaa62a7535@group-7704A457760D, cid=3977, SUCCESS, logIndex=6687, commits[0c156e3c-57cc-425b-90ef-9bcaa62a7535:c6687]
2019-06-14 13:46:10,668 DEBUG block.SCMBlockDeletingService (SCMBlockDeletingService.java:call(138)) - Running DeletedBlockTransactionScanner
2019-06-14 13:46:10,668 DEBUG block.SCMBlockDeletingService (SCMBlockDeletingService.java:call(155)) - Scanned deleted blocks log and got 0 delTX to process.
2019-06-14 13:46:10,678 INFO  client.GrpcClientProtocolClient (GrpcClientProtocolClient.java:onNext(254)) - client-E0FA40453D59->0c156e3c-57cc-425b-90ef-9bcaa62a7535: receive RaftClientReply:client-E0FA40453D59->0c156e3c-57cc-425b-90ef-9bcaa62a7535@group-7704A457760D, cid=3978, SUCCESS, logIndex=6689, commits[0c156e3c-57cc-425b-90ef-9bcaa62a7535:c6689]
2019-06-14 13:46:10,748 INFO  client.GrpcClientProtocolClient (GrpcClientProtocolClient.java:onNext(254)) - client-E0FA40453D59->0c156e3c-57cc-425b-90ef-9bcaa62a7535: receive RaftClientReply:client-E0FA40453D59->0c156e3c-57cc-425b-90ef-9bcaa62a7535@group-7704A457760D, cid=3979, SUCCESS, logIndex=6691, commits[0c156e3c-57cc-425b-90ef-9bcaa62a7535:c6691]
2019-06-14 13:46:10,750 INFO  client.GrpcClientProtocolClient (GrpcClientProtocolClient.java:onNext(254)) - client-E0FA40453D59->0c156e3c-57cc-425b-90ef-9bcaa62a7535: receive RaftClientReply:client-E0FA40453D59->0c156e3c-57cc-425b-90ef-9bcaa62a7535@group-7704A457760D, cid=3980, SUCCESS, logIndex=6693, commits[0c156e3c-57cc-425b-90ef-9bcaa62a7535:c6693]
2019-06-14 13:46:10,756 INFO  client.GrpcClientProtocolClient (GrpcClientProtocolClient.java:onNext(254)) - client-E0FA40453D59->0c156e3c-57cc-425b-90ef-9bcaa62a7535: receive RaftClientReply:client-E0FA40453D59->0c156e3c-57cc-425b-90ef-9bcaa62a7535@group-7704A457760D, cid=3981, SUCCESS, logIndex=6695, commits[0c156e3c-57cc-425b-90ef-9bcaa62a7535:c6695]
2019-06-14 13:46:10,761 INFO  client.GrpcClientProtocolClient (GrpcClientProtocolClient.java:onNext(254)) - client-E0FA40453D59->0c156e3c-57cc-425b-90ef-9bcaa62a7535: receive RaftClientReply:client-E0FA40453D59->0c156e3c-57cc-425b-90ef-9bcaa62a7535@group-7704A457760D, cid=3982, SUCCESS, logIndex=6697, commits[0c156e3c-57cc-425b-90ef-9bcaa62a7535:c6699]
2019-06-14 13:46:10,761 INFO  client.GrpcClientProtocolClient (GrpcClientProtocolClient.java:onNext(254)) - client-E0FA40453D59->0c156e3c-57cc-425b-90ef-9bcaa62a7535: receive RaftClientReply:client-E0FA40453D59->0c156e3c-57cc-425b-90ef-9bcaa62a7535@group-7704A457760D, cid=3983, SUCCESS, logIndex=6698, commits[0c156e3c-57cc-425b-90ef-9bcaa62a7535:c6699]
2019-06-14 13:46:10,762 INFO  client.GrpcClientProtocolClient (GrpcClientProtocolClient.java:onNext(254)) - client-E0FA40453D59->0c156e3c-57cc-425b-90ef-9bcaa62a7535: receive RaftClientReply:client-E0FA40453D59->0c156e3c-57cc-425b-90ef-9bcaa62a7535@group-7704A457760D, cid=3984, SUCCESS, logIndex=6699, commits[0c156e3c-57cc-425b-90ef-9bcaa62a7535:c6699]
2019-06-14 13:46:10,768 DEBUG block.SCMBlockDeletingService (SCMBlockDeletingService.java:call(138)) - Running DeletedBlockTransactionScanner
2019-06-14 13:46:10,768 DEBUG block.SCMBlockDeletingService (SCMBlockDeletingService.java:call(155)) - Scanned deleted blocks log and got 0 delTX to process.
2019-06-14 13:46:10,774 INFO  client.GrpcClientProtocolClient (GrpcClientProtocolClient.java:onNext(254)) - client-E0FA40453D59->0c156e3c-57cc-425b-90ef-9bcaa62a7535: receive RaftClientReply:client-E0FA40453D59->0c156e3c-57cc-425b-90ef-9bcaa62a7535@group-7704A457760D, cid=3985, SUCCESS, logIndex=6701, commits[0c156e3c-57cc-425b-90ef-9bcaa62a7535:c6701]
2019-06-14 13:46:10,776 INFO  client.GrpcClientProtocolClient (GrpcClientProtocolClient.java:onNext(254)) - client-E0FA40453D59->0c156e3c-57cc-425b-90ef-9bcaa62a7535: receive RaftClientReply:client-E0FA40453D59->0c156e3c-57cc-425b-90ef-9bcaa62a7535@group-7704A457760D, cid=3986, SUCCESS, logIndex=6703, commits[0c156e3c-57cc-425b-90ef-9bcaa62a7535:c6703]
2019-06-14 13:46:10,777 INFO  client.GrpcClientProtocolClient (GrpcClientProtocolClient.java:onNext(254)) - client-E0FA40453D59->0c156e3c-57cc-425b-90ef-9bcaa62a7535: receive RaftClientReply:client-E0FA40453D59->0c156e3c-57cc-425b-90ef-9bcaa62a7535@group-7704A457760D, cid=3987, SUCCESS, logIndex=6704, commits[0c156e3c-57cc-425b-90ef-9bcaa62a7535:c6706]
2019-06-14 13:46:10,777 INFO  client.GrpcClientProtocolClient (GrpcClientProtocolClient.java:onNext(254)) - client-E0FA40453D59->0c156e3c-57cc-425b-90ef-9bcaa62a7535: receive RaftClientReply:client-E0FA40453D59->0c156e3c-57cc-425b-90ef-9bcaa62a7535@group-7704A457760D, cid=3988, SUCCESS, logIndex=6705, commits[0c156e3c-57cc-425b-90ef-9bcaa62a7535:c6706]
2019-06-14 13:46:10,784 INFO  client.GrpcClientProtocolClient (GrpcClientProtocolClient.java:onNext(254)) - client-E0FA40453D59->0c156e3c-57cc-425b-90ef-9bcaa62a7535: receive RaftClientReply:client-E0FA40453D59->0c156e3c-57cc-425b-90ef-9bcaa62a7535@group-7704A457760D, cid=3989, SUCCESS, logIndex=6707, commits[0c156e3c-57cc-425b-90ef-9bcaa62a7535:c6707]
2019-06-14 13:46:10,786 INFO  client.GrpcClientProtocolClient (GrpcClientProtocolClient.java:onNext(254)) - client-E0FA40453D59->0c156e3c-57cc-425b-90ef-9bcaa62a7535: receive RaftClientReply:client-E0FA40453D59->0c156e3c-57cc-425b-90ef-9bcaa62a7535@group-7704A457760D, cid=3990, SUCCESS, logIndex=6709, commits[0c156e3c-57cc-425b-90ef-9bcaa62a7535:c6709]
2019-06-14 13:46:10,787 INFO  client.GrpcClientProtocolClient (GrpcClientProtocolClient.java:onNext(254)) - client-E0FA40453D59->0c156e3c-57cc-425b-90ef-9bcaa62a7535: receive RaftClientReply:client-E0FA40453D59->0c156e3c-57cc-425b-90ef-9bcaa62a7535@group-7704A457760D, cid=3991, SUCCESS, logIndex=6710, commits[0c156e3c-57cc-425b-90ef-9bcaa62a7535:c6712]
2019-06-14 13:46:10,787 INFO  client.GrpcClientProtocolClient (GrpcClientProtocolClient.java:onNext(254)) - client-E0FA40453D59->0c156e3c-57cc-425b-90ef-9bcaa62a7535: receive RaftClientReply:client-E0FA40453D59->0c156e3c-57cc-425b-90ef-9bcaa62a7535@group-7704A457760D, cid=3992, SUCCESS, logIndex=6711, commits[0c156e3c-57cc-425b-90ef-9bcaa62a7535:c6712]
2019-06-14 13:46:10,807 INFO  client.GrpcClientProtocolClient (GrpcClientProtocolClient.java:onNext(254)) - client-E0FA40453D59->0c156e3c-57cc-425b-90ef-9bcaa62a7535: receive RaftClientReply:client-E0FA40453D59->0c156e3c-57cc-425b-90ef-9bcaa62a7535@group-7704A457760D, cid=3993, SUCCESS, logIndex=6713, commits[0c156e3c-57cc-425b-90ef-9bcaa62a7535:c6714]
2019-06-14 13:46:10,807 INFO  storage.RaftLogWorker (RaftLogWorker.java:rollLogSegment(303)) - 0c156e3c-57cc-425b-90ef-9bcaa62a7535-RaftLogWorker: Rolling segment log-6642_6715 to index:6715
2019-06-14 13:46:10,808 INFO  storage.RaftLogWorker (RaftLogWorker.java:execute(433)) - 0c156e3c-57cc-425b-90ef-9bcaa62a7535-RaftLogWorker: Rolled log segment from /opt/src/hadoop-ozone/integration-test/target/test-dir/MiniOzoneClusterImpl-8919240e-7e15-4dbf-8bf4-c210578586bb/datanode-0/data/ratis/1fc53845-3381-4beb-82f9-7704a457760d/current/log_inprogress_6642 to /opt/src/hadoop-ozone/integration-test/target/test-dir/MiniOzoneClusterImpl-8919240e-7e15-4dbf-8bf4-c210578586bb/datanode-0/data/ratis/1fc53845-3381-4beb-82f9-7704a457760d/current/log_6642-6715
2019-06-14 13:46:10,834 INFO  client.GrpcClientProtocolClient (GrpcClientProtocolClient.java:onNext(254)) - client-E0FA40453D59->0c156e3c-57cc-425b-90ef-9bcaa62a7535: receive RaftClientReply:client-E0FA40453D59->0c156e3c-57cc-425b-90ef-9bcaa62a7535@group-7704A457760D, cid=3994, SUCCESS, logIndex=6715, commits[0c156e3c-57cc-425b-90ef-9bcaa62a7535:c6715]
2019-06-14 13:46:10,852 INFO  storage.RaftLogWorker (RaftLogWorker.java:execute(469)) - 0c156e3c-57cc-425b-90ef-9bcaa62a7535-RaftLogWorker: created new log segment /opt/src/hadoop-ozone/integration-test/target/test-dir/MiniOzoneClusterImpl-8919240e-7e15-4dbf-8bf4-c210578586bb/datanode-0/data/ratis/1fc53845-3381-4beb-82f9-7704a457760d/current/log_inprogress_6716
2019-06-14 13:46:10,855 INFO  client.GrpcClientProtocolClient (GrpcClientProtocolClient.java:onNext(254)) - client-E0FA40453D59->0c156e3c-57cc-425b-90ef-9bcaa62a7535: receive RaftClientReply:client-E0FA40453D59->0c156e3c-57cc-425b-90ef-9bcaa62a7535@group-7704A457760D, cid=3995, SUCCESS, logIndex=6716, commits[0c156e3c-57cc-425b-90ef-9bcaa62a7535:c6719]
2019-06-14 13:46:10,856 INFO  client.GrpcClientProtocolClient (GrpcClientProtocolClient.java:onNext(254)) - client-E0FA40453D59->0c156e3c-57cc-425b-90ef-9bcaa62a7535: receive RaftClientReply:client-E0FA40453D59->0c156e3c-57cc-425b-90ef-9bcaa62a7535@group-7704A457760D, cid=3996, SUCCESS, logIndex=6718, commits[0c156e3c-57cc-425b-90ef-9bcaa62a7535:c6719]
2019-06-14 13:46:10,869 DEBUG block.SCMBlockDeletingService (SCMBlockDeletingService.java:call(138)) - Running DeletedBlockTransactionScanner
2019-06-14 13:46:10,869 DEBUG block.SCMBlockDeletingService (SCMBlockDeletingService.java:call(155)) - Scanned deleted blocks log and got 0 delTX to process.
2019-06-14 13:46:10,869 INFO  client.GrpcClientProtocolClient (GrpcClientProtocolClient.java:onNext(254)) - client-E0FA40453D59->0c156e3c-57cc-425b-90ef-9bcaa62a7535: receive RaftClientReply:client-E0FA40453D59->0c156e3c-57cc-425b-90ef-9bcaa62a7535@group-7704A457760D, cid=3997, SUCCESS, logIndex=6720, commits[0c156e3c-57cc-425b-90ef-9bcaa62a7535:c6721]
2019-06-14 13:46:10,871 INFO  client.GrpcClientProtocolClient (GrpcClientProtocolClient.java:onNext(254)) - client-E0FA40453D59->0c156e3c-57cc-425b-90ef-9bcaa62a7535: receive RaftClientReply:client-E0FA40453D59->0c156e3c-57cc-425b-90ef-9bcaa62a7535@group-7704A457760D, cid=3998, SUCCESS, logIndex=6722, commits[0c156e3c-57cc-425b-90ef-9bcaa62a7535:c6722]
2019-06-14 13:46:10,872 INFO  client.GrpcClientProtocolClient (GrpcClientProtocolClient.java:onNext(254)) - client-E0FA40453D59->0c156e3c-57cc-425b-90ef-9bcaa62a7535: receive RaftClientReply:client-E0FA40453D59->0c156e3c-57cc-425b-90ef-9bcaa62a7535@group-7704A457760D, cid=3999, SUCCESS, logIndex=6723, commits[0c156e3c-57cc-425b-90ef-9bcaa62a7535:c6725]
2019-06-14 13:46:10,873 INFO  client.GrpcClientProtocolClient (GrpcClientProtocolClient.java:onNext(254)) - client-E0FA40453D59->0c156e3c-57cc-425b-90ef-9bcaa62a7535: receive RaftClientReply:client-E0FA40453D59->0c156e3c-57cc-425b-90ef-9bcaa62a7535@group-7704A457760D, cid=4000, SUCCESS, logIndex=6724, commits[0c156e3c-57cc-425b-90ef-9bcaa62a7535:c6725]
2019-06-14 13:46:10,884 INFO  client.GrpcClientProtocolClient (GrpcClientProtocolClient.java:onNext(254)) - client-E0FA40453D59->0c156e3c-57cc-425b-90ef-9bcaa62a7535: receive RaftClientReply:client-E0FA40453D59->0c156e3c-57cc-425b-90ef-9bcaa62a7535@group-7704A457760D, cid=4001, SUCCESS, logIndex=6726, commits[0c156e3c-57cc-425b-90ef-9bcaa62a7535:c6726]
2019-06-14 13:46:10,886 INFO  client.GrpcClientProtocolClient (GrpcClientProtocolClient.java:onNext(254)) - client-E0FA40453D59->0c156e3c-57cc-425b-90ef-9bcaa62a7535: receive RaftClientReply:client-E0FA40453D59->0c156e3c-57cc-425b-90ef-9bcaa62a7535@group-7704A457760D, cid=4002, SUCCESS, logIndex=6728, commits[0c156e3c-57cc-425b-90ef-9bcaa62a7535:c6730]
2019-06-14 13:46:10,887 INFO  client.GrpcClientProtocolClient (GrpcClientProtocolClient.java:onNext(254)) - client-E0FA40453D59->0c156e3c-57cc-425b-90ef-9bcaa62a7535: receive RaftClientReply:client-E0FA40453D59->0c156e3c-57cc-425b-90ef-9bcaa62a7535@group-7704A457760D, cid=4003, SUCCESS, logIndex=6729, commits[0c156e3c-57cc-425b-90ef-9bcaa62a7535:c6730]
2019-06-14 13:46:10,887 INFO  client.GrpcClientProtocolClient (GrpcClientProtocolClient.java:onNext(254)) - client-E0FA40453D59->0c156e3c-57cc-425b-90ef-9bcaa62a7535: receive RaftClientReply:client-E0FA40453D59->0c156e3c-57cc-425b-90ef-9bcaa62a7535@group-7704A457760D, cid=4004, SUCCESS, logIndex=6730, commits[0c156e3c-57cc-425b-90ef-9bcaa62a7535:c6730]
2019-06-14 13:46:10,892 INFO  client.GrpcClientProtocolClient (GrpcClientProtocolClient.java:onNext(254)) - client-E0FA40453D59->0c156e3c-57cc-425b-90ef-9bcaa62a7535: receive RaftClientReply:client-E0FA40453D59->0c156e3c-57cc-425b-90ef-9bcaa62a7535@group-7704A457760D, cid=4005, SUCCESS, logIndex=6732, commits[0c156e3c-57cc-425b-90ef-9bcaa62a7535:c6732]
2019-06-14 13:46:10,893 INFO  client.GrpcClientProtocolClient (GrpcClientProtocolClient.java:onNext(254)) - client-E0FA40453D59->0c156e3c-57cc-425b-90ef-9bcaa62a7535: receive RaftClientReply:client-E0FA40453D59->0c156e3c-57cc-425b-90ef-9bcaa62a7535@group-7704A457760D, cid=4006, SUCCESS, logIndex=6734, commits[0c156e3c-57cc-425b-90ef-9bcaa62a7535:c6734]
2019-06-14 13:46:10,895 INFO  client.GrpcClientProtocolClient (GrpcClientProtocolClient.java:onNext(254)) - client-E0FA40453D59->0c156e3c-57cc-425b-90ef-9bcaa62a7535: receive RaftClientReply:client-E0FA40453D59->0c156e3c-57cc-425b-90ef-9bcaa62a7535@group-7704A457760D, cid=4007, SUCCESS, logIndex=6735, commits[0c156e3c-57cc-425b-90ef-9bcaa62a7535:c6737]
2019-06-14 13:46:10,895 INFO  client.GrpcClientProtocolClient (GrpcClientProtocolClient.java:onNext(254)) - client-E0FA40453D59->0c156e3c-57cc-425b-90ef-9bcaa62a7535: receive RaftClientReply:client-E0FA40453D59->0c156e3c-57cc-425b-90ef-9bcaa62a7535@group-7704A457760D, cid=4008, SUCCESS, logIndex=6736, commits[0c156e3c-57cc-425b-90ef-9bcaa62a7535:c6737]
2019-06-14 13:46:10,905 INFO  client.GrpcClientProtocolClient (GrpcClientProtocolClient.java:onNext(254)) - client-E0FA40453D59->0c156e3c-57cc-425b-90ef-9bcaa62a7535: receive RaftClientReply:client-E0FA40453D59->0c156e3c-57cc-425b-90ef-9bcaa62a7535@group-7704A457760D, cid=4009, SUCCESS, logIndex=6738, commits[0c156e3c-57cc-425b-90ef-9bcaa62a7535:c6738]
2019-06-14 13:46:10,910 INFO  client.GrpcClientProtocolClient (GrpcClientProtocolClient.java:onNext(254)) - client-E0FA40453D59->0c156e3c-57cc-425b-90ef-9bcaa62a7535: receive RaftClientReply:client-E0FA40453D59->0c156e3c-57cc-425b-90ef-9bcaa62a7535@group-7704A457760D, cid=4010, SUCCESS, logIndex=6740, commits[0c156e3c-57cc-425b-90ef-9bcaa62a7535:c6740]
2019-06-14 13:46:10,910 INFO  client.GrpcClientProtocolClient (GrpcClientProtocolClient.java:onNext(254)) - client-E0FA40453D59->0c156e3c-57cc-425b-90ef-9bcaa62a7535: receive RaftClientReply:client-E0FA40453D59->0c156e3c-57cc-425b-90ef-9bcaa62a7535@group-7704A457760D, cid=4011, SUCCESS, logIndex=6741, commits[0c156e3c-57cc-425b-90ef-9bcaa62a7535:c6742]
2019-06-14 13:46:10,911 INFO  client.GrpcClientProtocolClient (GrpcClientProtocolClient.java:onNext(254)) - client-E0FA40453D59->0c156e3c-57cc-425b-90ef-9bcaa62a7535: receive RaftClientReply:client-E0FA40453D59->0c156e3c-57cc-425b-90ef-9bcaa62a7535@group-7704A457760D, cid=4012, SUCCESS, logIndex=6743, commits[0c156e3c-57cc-425b-90ef-9bcaa62a7535:c6743]
2019-06-14 13:46:10,917 INFO  client.GrpcClientProtocolClient (GrpcClientProtocolClient.java:onNext(254)) - client-E0FA40453D59->0c156e3c-57cc-425b-90ef-9bcaa62a7535: receive RaftClientReply:client-E0FA40453D59->0c156e3c-57cc-425b-90ef-9bcaa62a7535@group-7704A457760D, cid=4013, SUCCESS, logIndex=6745, commits[0c156e3c-57cc-425b-90ef-9bcaa62a7535:c6745]
2019-06-14 13:46:10,918 INFO  client.GrpcClientProtocolClient (GrpcClientProtocolClient.java:onNext(254)) - client-E0FA40453D59->0c156e3c-57cc-425b-90ef-9bcaa62a7535: receive RaftClientReply:client-E0FA40453D59->0c156e3c-57cc-425b-90ef-9bcaa62a7535@group-7704A457760D, cid=4014, SUCCESS, logIndex=6747, commits[0c156e3c-57cc-425b-90ef-9bcaa62a7535:c6747]
2019-06-14 13:46:10,920 INFO  client.GrpcClientProtocolClient (GrpcClientProtocolClient.java:onNext(254)) - client-E0FA40453D59->0c156e3c-57cc-425b-90ef-9bcaa62a7535: receive RaftClientReply:client-E0FA40453D59->0c156e3c-57cc-425b-90ef-9bcaa62a7535@group-7704A457760D, cid=4015, SUCCESS, logIndex=6749, commits[0c156e3c-57cc-425b-90ef-9bcaa62a7535:c6750]
2019-06-14 13:46:10,920 INFO  client.GrpcClientProtocolClient (GrpcClientProtocolClient.java:onNext(254)) - client-E0FA40453D59->0c156e3c-57cc-425b-90ef-9bcaa62a7535: receive RaftClientReply:client-E0FA40453D59->0c156e3c-57cc-425b-90ef-9bcaa62a7535@group-7704A457760D, cid=4016, SUCCESS, logIndex=6750, commits[0c156e3c-57cc-425b-90ef-9bcaa62a7535:c6750]
2019-06-14 13:46:10,931 INFO  client.GrpcClientProtocolClient (GrpcClientProtocolClient.java:onNext(254)) - client-E0FA40453D59->0c156e3c-57cc-425b-90ef-9bcaa62a7535: receive RaftClientReply:client-E0FA40453D59->0c156e3c-57cc-425b-90ef-9bcaa62a7535@group-7704A457760D, cid=4017, SUCCESS, logIndex=6752, commits[0c156e3c-57cc-425b-90ef-9bcaa62a7535:c6752]
2019-06-14 13:46:10,933 INFO  client.GrpcClientProtocolClient (GrpcClientProtocolClient.java:onNext(254)) - client-E0FA40453D59->0c156e3c-57cc-425b-90ef-9bcaa62a7535: receive RaftClientReply:client-E0FA40453D59->0c156e3c-57cc-425b-90ef-9bcaa62a7535@group-7704A457760D, cid=4018, SUCCESS, logIndex=6754, commits[0c156e3c-57cc-425b-90ef-9bcaa62a7535:c6754]
2019-06-14 13:46:10,934 INFO  client.GrpcClientProtocolClient (GrpcClientProtocolClient.java:onNext(254)) - client-E0FA40453D59->0c156e3c-57cc-425b-90ef-9bcaa62a7535: receive RaftClientReply:client-E0FA40453D59->0c156e3c-57cc-425b-90ef-9bcaa62a7535@group-7704A457760D, cid=4019, SUCCESS, logIndex=6755, commits[0c156e3c-57cc-425b-90ef-9bcaa62a7535:c6756]
2019-06-14 13:46:10,935 INFO  client.GrpcClientProtocolClient (GrpcClientProtocolClient.java:onNext(254)) - client-E0FA40453D59->0c156e3c-57cc-425b-90ef-9bcaa62a7535: receive RaftClientReply:client-E0FA40453D59->0c156e3c-57cc-425b-90ef-9bcaa62a7535@group-7704A457760D, cid=4020, SUCCESS, logIndex=6757, commits[0c156e3c-57cc-425b-90ef-9bcaa62a7535:c6757]
2019-06-14 13:46:10,940 INFO  client.GrpcClientProtocolClient (GrpcClientProtocolClient.java:onNext(254)) - client-E0FA40453D59->0c156e3c-57cc-425b-90ef-9bcaa62a7535: receive RaftClientReply:client-E0FA40453D59->0c156e3c-57cc-425b-90ef-9bcaa62a7535@group-7704A457760D, cid=4021, SUCCESS, logIndex=6759, commits[0c156e3c-57cc-425b-90ef-9bcaa62a7535:c6759]
2019-06-14 13:46:10,941 INFO  client.GrpcClientProtocolClient (GrpcClientProtocolClient.java:onNext(254)) - client-E0FA40453D59->0c156e3c-57cc-425b-90ef-9bcaa62a7535: receive RaftClientReply:client-E0FA40453D59->0c156e3c-57cc-425b-90ef-9bcaa62a7535@group-7704A457760D, cid=4022, SUCCESS, logIndex=6761, commits[0c156e3c-57cc-425b-90ef-9bcaa62a7535:c6761]
2019-06-14 13:46:10,969 DEBUG block.SCMBlockDeletingService (SCMBlockDeletingService.java:call(138)) - Running DeletedBlockTransactionScanner
2019-06-14 13:46:10,969 DEBUG block.SCMBlockDeletingService (SCMBlockDeletingService.java:call(155)) - Scanned deleted blocks log and got 0 delTX to process.
2019-06-14 13:46:11,018 INFO  client.GrpcClientProtocolClient (GrpcClientProtocolClient.java:onNext(254)) - client-E0FA40453D59->0c156e3c-57cc-425b-90ef-9bcaa62a7535: receive RaftClientReply:client-E0FA40453D59->0c156e3c-57cc-425b-90ef-9bcaa62a7535@group-7704A457760D, cid=4023, SUCCESS, logIndex=6763, commits[0c156e3c-57cc-425b-90ef-9bcaa62a7535:c6763]
2019-06-14 13:46:11,034 INFO  client.GrpcClientProtocolClient (GrpcClientProtocolClient.java:onNext(254)) - client-E0FA40453D59->0c156e3c-57cc-425b-90ef-9bcaa62a7535: receive RaftClientReply:client-E0FA40453D59->0c156e3c-57cc-425b-90ef-9bcaa62a7535@group-7704A457760D, cid=4024, SUCCESS, logIndex=6765, commits[0c156e3c-57cc-425b-90ef-9bcaa62a7535:c6765]
2019-06-14 13:46:11,054 INFO  client.GrpcClientProtocolClient (GrpcClientProtocolClient.java:onNext(254)) - client-E0FA40453D59->0c156e3c-57cc-425b-90ef-9bcaa62a7535: receive RaftClientReply:client-E0FA40453D59->0c156e3c-57cc-425b-90ef-9bcaa62a7535@group-7704A457760D, cid=4025, SUCCESS, logIndex=6767, commits[0c156e3c-57cc-425b-90ef-9bcaa62a7535:c6767]
2019-06-14 13:46:11,067 INFO  client.GrpcClientProtocolClient (GrpcClientProtocolClient.java:onNext(254)) - client-E0FA40453D59->0c156e3c-57cc-425b-90ef-9bcaa62a7535: receive RaftClientReply:client-E0FA40453D59->0c156e3c-57cc-425b-90ef-9bcaa62a7535@group-7704A457760D, cid=4026, SUCCESS, logIndex=6769, commits[0c156e3c-57cc-425b-90ef-9bcaa62a7535:c6771]
2019-06-14 13:46:11,068 INFO  client.GrpcClientProtocolClient (GrpcClientProtocolClient.java:onNext(254)) - client-E0FA40453D59->0c156e3c-57cc-425b-90ef-9bcaa62a7535: receive RaftClientReply:client-E0FA40453D59->0c156e3c-57cc-425b-90ef-9bcaa62a7535@group-7704A457760D, cid=4027, SUCCESS, logIndex=6770, commits[0c156e3c-57cc-425b-90ef-9bcaa62a7535:c6771]
2019-06-14 13:46:11,068 INFO  client.GrpcClientProtocolClient (GrpcClientProtocolClient.java:onNext(254)) - client-E0FA40453D59->0c156e3c-57cc-425b-90ef-9bcaa62a7535: receive RaftClientReply:client-E0FA40453D59->0c156e3c-57cc-425b-90ef-9bcaa62a7535@group-7704A457760D, cid=4028, SUCCESS, logIndex=6771, commits[0c156e3c-57cc-425b-90ef-9bcaa62a7535:c6771]
2019-06-14 13:46:11,069 DEBUG block.SCMBlockDeletingService (SCMBlockDeletingService.java:call(138)) - Running DeletedBlockTransactionScanner
2019-06-14 13:46:11,069 DEBUG block.SCMBlockDeletingService (SCMBlockDeletingService.java:call(155)) - Scanned deleted blocks log and got 0 delTX to process.
2019-06-14 13:46:11,081 INFO  client.GrpcClientProtocolClient (GrpcClientProtocolClient.java:onNext(254)) - client-E0FA40453D59->0c156e3c-57cc-425b-90ef-9bcaa62a7535: receive RaftClientReply:client-E0FA40453D59->0c156e3c-57cc-425b-90ef-9bcaa62a7535@group-7704A457760D, cid=4029, SUCCESS, logIndex=6773, commits[0c156e3c-57cc-425b-90ef-9bcaa62a7535:c6773]
2019-06-14 13:46:11,093 INFO  client.GrpcClientProtocolClient (GrpcClientProtocolClient.java:onNext(254)) - client-E0FA40453D59->0c156e3c-57cc-425b-90ef-9bcaa62a7535: receive RaftClientReply:client-E0FA40453D59->0c156e3c-57cc-425b-90ef-9bcaa62a7535@group-7704A457760D, cid=4030, SUCCESS, logIndex=6775, commits[0c156e3c-57cc-425b-90ef-9bcaa62a7535:c6777]
2019-06-14 13:46:11,093 INFO  client.GrpcClientProtocolClient (GrpcClientProtocolClient.java:onNext(254)) - client-E0FA40453D59->0c156e3c-57cc-425b-90ef-9bcaa62a7535: receive RaftClientReply:client-E0FA40453D59->0c156e3c-57cc-425b-90ef-9bcaa62a7535@group-7704A457760D, cid=4031, SUCCESS, logIndex=6776, commits[0c156e3c-57cc-425b-90ef-9bcaa62a7535:c6777]
2019-06-14 13:46:11,094 INFO  client.GrpcClientProtocolClient (GrpcClientProtocolClient.java:onNext(254)) - client-E0FA40453D59->0c156e3c-57cc-425b-90ef-9bcaa62a7535: receive RaftClientReply:client-E0FA40453D59->0c156e3c-57cc-425b-90ef-9bcaa62a7535@group-7704A457760D, cid=4032, SUCCESS, logIndex=6777, commits[0c156e3c-57cc-425b-90ef-9bcaa62a7535:c6777]
2019-06-14 13:46:11,113 INFO  client.GrpcClientProtocolClient (GrpcClientProtocolClient.java:onNext(254)) - client-E0FA40453D59->0c156e3c-57cc-425b-90ef-9bcaa62a7535: receive RaftClientReply:client-E0FA40453D59->0c156e3c-57cc-425b-90ef-9bcaa62a7535@group-7704A457760D, cid=4033, SUCCESS, logIndex=6779, commits[0c156e3c-57cc-425b-90ef-9bcaa62a7535:c6779]
2019-06-14 13:46:11,126 INFO  client.GrpcClientProtocolClient (GrpcClientProtocolClient.java:onNext(254)) - client-E0FA40453D59->0c156e3c-57cc-425b-90ef-9bcaa62a7535: receive RaftClientReply:client-E0FA40453D59->0c156e3c-57cc-425b-90ef-9bcaa62a7535@group-7704A457760D, cid=4034, SUCCESS, logIndex=6781, commits[0c156e3c-57cc-425b-90ef-9bcaa62a7535:c6783]
2019-06-14 13:46:11,126 INFO  client.GrpcClientProtocolClient (GrpcClientProtocolClient.java:onNext(254)) - client-E0FA40453D59->0c156e3c-57cc-425b-90ef-9bcaa62a7535: receive RaftClientReply:client-E0FA40453D59->0c156e3c-57cc-425b-90ef-9bcaa62a7535@group-7704A457760D, cid=4035, SUCCESS, logIndex=6782, commits[0c156e3c-57cc-425b-90ef-9bcaa62a7535:c6783]
2019-06-14 13:46:11,126 INFO  client.GrpcClientProtocolClient (GrpcClientProtocolClient.java:onNext(254)) - client-E0FA40453D59->0c156e3c-57cc-425b-90ef-9bcaa62a7535: receive RaftClientReply:client-E0FA40453D59->0c156e3c-57cc-425b-90ef-9bcaa62a7535@group-7704A457760D, cid=4036, SUCCESS, logIndex=6783, commits[0c156e3c-57cc-425b-90ef-9bcaa62a7535:c6783]
2019-06-14 13:46:11,370 DEBUG block.SCMBlockDeletingService (SCMBlockDeletingService.java:call(138)) - Running DeletedBlockTransactionScanner
2019-06-14 13:46:11,370 DEBUG block.SCMBlockDeletingService (SCMBlockDeletingService.java:call(155)) - Scanned deleted blocks log and got 0 delTX to process.
2019-06-14 13:46:11,373 INFO  client.GrpcClientProtocolClient (GrpcClientProtocolClient.java:onNext(254)) - client-E0FA40453D59->0c156e3c-57cc-425b-90ef-9bcaa62a7535: receive RaftClientReply:client-E0FA40453D59->0c156e3c-57cc-425b-90ef-9bcaa62a7535@group-7704A457760D, cid=4037, SUCCESS, logIndex=6785, commits[0c156e3c-57cc-425b-90ef-9bcaa62a7535:c6785]
2019-06-14 13:46:11,377 INFO  storage.RaftLogWorker (RaftLogWorker.java:rollLogSegment(303)) - 0c156e3c-57cc-425b-90ef-9bcaa62a7535-RaftLogWorker: Rolling segment log-6716_6786 to index:6786
2019-06-14 13:46:11,378 INFO  storage.RaftLogWorker (RaftLogWorker.java:execute(433)) - 0c156e3c-57cc-425b-90ef-9bcaa62a7535-RaftLogWorker: Rolled log segment from /opt/src/hadoop-ozone/integration-test/target/test-dir/MiniOzoneClusterImpl-8919240e-7e15-4dbf-8bf4-c210578586bb/datanode-0/data/ratis/1fc53845-3381-4beb-82f9-7704a457760d/current/log_inprogress_6716 to /opt/src/hadoop-ozone/integration-test/target/test-dir/MiniOzoneClusterImpl-8919240e-7e15-4dbf-8bf4-c210578586bb/datanode-0/data/ratis/1fc53845-3381-4beb-82f9-7704a457760d/current/log_6716-6786
2019-06-14 13:46:11,413 INFO  storage.RaftLogWorker (RaftLogWorker.java:execute(469)) - 0c156e3c-57cc-425b-90ef-9bcaa62a7535-RaftLogWorker: created new log segment /opt/src/hadoop-ozone/integration-test/target/test-dir/MiniOzoneClusterImpl-8919240e-7e15-4dbf-8bf4-c210578586bb/datanode-0/data/ratis/1fc53845-3381-4beb-82f9-7704a457760d/current/log_inprogress_6787
2019-06-14 13:46:11,415 INFO  client.GrpcClientProtocolClient (GrpcClientProtocolClient.java:onNext(254)) - client-E0FA40453D59->0c156e3c-57cc-425b-90ef-9bcaa62a7535: receive RaftClientReply:client-E0FA40453D59->0c156e3c-57cc-425b-90ef-9bcaa62a7535@group-7704A457760D, cid=4038, SUCCESS, logIndex=6787, commits[0c156e3c-57cc-425b-90ef-9bcaa62a7535:c6789]
2019-06-14 13:46:11,415 INFO  client.GrpcClientProtocolClient (GrpcClientProtocolClient.java:onNext(254)) - client-E0FA40453D59->0c156e3c-57cc-425b-90ef-9bcaa62a7535: receive RaftClientReply:client-E0FA40453D59->0c156e3c-57cc-425b-90ef-9bcaa62a7535@group-7704A457760D, cid=4039, SUCCESS, logIndex=6788, commits[0c156e3c-57cc-425b-90ef-9bcaa62a7535:c6790]
2019-06-14 13:46:11,416 INFO  client.GrpcClientProtocolClient (GrpcClientProtocolClient.java:onNext(254)) - client-E0FA40453D59->0c156e3c-57cc-425b-90ef-9bcaa62a7535: receive RaftClientReply:client-E0FA40453D59->0c156e3c-57cc-425b-90ef-9bcaa62a7535@group-7704A457760D, cid=4040, SUCCESS, logIndex=6789, commits[0c156e3c-57cc-425b-90ef-9bcaa62a7535:c6790]
2019-06-14 13:46:11,429 INFO  client.GrpcClientProtocolClient (GrpcClientProtocolClient.java:onNext(254)) - client-E0FA40453D59->0c156e3c-57cc-425b-90ef-9bcaa62a7535: receive RaftClientReply:client-E0FA40453D59->0c156e3c-57cc-425b-90ef-9bcaa62a7535@group-7704A457760D, cid=4041, SUCCESS, logIndex=6791, commits[0c156e3c-57cc-425b-90ef-9bcaa62a7535:c6791]
2019-06-14 13:46:11,431 INFO  client.GrpcClientProtocolClient (GrpcClientProtocolClient.java:onNext(254)) - client-E0FA40453D59->0c156e3c-57cc-425b-90ef-9bcaa62a7535: receive RaftClientReply:client-E0FA40453D59->0c156e3c-57cc-425b-90ef-9bcaa62a7535@group-7704A457760D, cid=4042, SUCCESS, logIndex=6793, commits[0c156e3c-57cc-425b-90ef-9bcaa62a7535:c6793]
2019-06-14 13:46:11,432 INFO  client.GrpcClientProtocolClient (GrpcClientProtocolClient.java:onNext(254)) - client-E0FA40453D59->0c156e3c-57cc-425b-90ef-9bcaa62a7535: receive RaftClientReply:client-E0FA40453D59->0c156e3c-57cc-425b-90ef-9bcaa62a7535@group-7704A457760D, cid=4043, SUCCESS, logIndex=6794, commits[0c156e3c-57cc-425b-90ef-9bcaa62a7535:c6796]
2019-06-14 13:46:11,432 INFO  client.GrpcClientProtocolClient (GrpcClientProtocolClient.java:onNext(254)) - client-E0FA40453D59->0c156e3c-57cc-425b-90ef-9bcaa62a7535: receive RaftClientReply:client-E0FA40453D59->0c156e3c-57cc-425b-90ef-9bcaa62a7535@group-7704A457760D, cid=4044, SUCCESS, logIndex=6795, commits[0c156e3c-57cc-425b-90ef-9bcaa62a7535:c6796]
2019-06-14 13:46:11,437 INFO  client.GrpcClientProtocolClient (GrpcClientProtocolClient.java:onNext(254)) - client-E0FA40453D59->0c156e3c-57cc-425b-90ef-9bcaa62a7535: receive RaftClientReply:client-E0FA40453D59->0c156e3c-57cc-425b-90ef-9bcaa62a7535@group-7704A457760D, cid=4045, SUCCESS, logIndex=6797, commits[0c156e3c-57cc-425b-90ef-9bcaa62a7535:c6797]
2019-06-14 13:46:11,439 INFO  client.GrpcClientProtocolClient (GrpcClientProtocolClient.java:onNext(254)) - client-E0FA40453D59->0c156e3c-57cc-425b-90ef-9bcaa62a7535: receive RaftClientReply:client-E0FA40453D59->0c156e3c-57cc-425b-90ef-9bcaa62a7535@group-7704A457760D, cid=4046, SUCCESS, logIndex=6799, commits[0c156e3c-57cc-425b-90ef-9bcaa62a7535:c6799]
2019-06-14 13:46:11,439 INFO  client.GrpcClientProtocolClient (GrpcClientProtocolClient.java:onNext(254)) - client-E0FA40453D59->0c156e3c-57cc-425b-90ef-9bcaa62a7535: receive RaftClientReply:client-E0FA40453D59->0c156e3c-57cc-425b-90ef-9bcaa62a7535@group-7704A457760D, cid=4047, SUCCESS, logIndex=6800, commits[0c156e3c-57cc-425b-90ef-9bcaa62a7535:c6802]
2019-06-14 13:46:11,440 INFO  client.GrpcClientProtocolClient (GrpcClientProtocolClient.java:onNext(254)) - client-E0FA40453D59->0c156e3c-57cc-425b-90ef-9bcaa62a7535: receive RaftClientReply:client-E0FA40453D59->0c156e3c-57cc-425b-90ef-9bcaa62a7535@group-7704A457760D, cid=4048, SUCCESS, logIndex=6802, commits[0c156e3c-57cc-425b-90ef-9bcaa62a7535:c6802]
2019-06-14 13:46:11,452 INFO  client.GrpcClientProtocolClient (GrpcClientProtocolClient.java:onNext(254)) - client-E0FA40453D59->0c156e3c-57cc-425b-90ef-9bcaa62a7535: receive RaftClientReply:client-E0FA40453D59->0c156e3c-57cc-425b-90ef-9bcaa62a7535@group-7704A457760D, cid=4049, SUCCESS, logIndex=6804, commits[0c156e3c-57cc-425b-90ef-9bcaa62a7535:c6804]
2019-06-14 13:46:11,454 INFO  client.GrpcClientProtocolClient (GrpcClientProtocolClient.java:onNext(254)) - client-E0FA40453D59->0c156e3c-57cc-425b-90ef-9bcaa62a7535: receive RaftClientReply:client-E0FA40453D59->0c156e3c-57cc-425b-90ef-9bcaa62a7535@group-7704A457760D, cid=4050, SUCCESS, logIndex=6806, commits[0c156e3c-57cc-425b-90ef-9bcaa62a7535:c6806]
2019-06-14 13:46:11,454 INFO  client.GrpcClientProtocolClient (GrpcClientProtocolClient.java:onNext(254)) - client-E0FA40453D59->0c156e3c-57cc-425b-90ef-9bcaa62a7535: receive RaftClientReply:client-E0FA40453D59->0c156e3c-57cc-425b-90ef-9bcaa62a7535@group-7704A457760D, cid=4051, SUCCESS, logIndex=6807, commits[0c156e3c-57cc-425b-90ef-9bcaa62a7535:c6809]
2019-06-14 13:46:11,455 INFO  client.GrpcClientProtocolClient (GrpcClientProtocolClient.java:onNext(254)) - client-E0FA40453D59->0c156e3c-57cc-425b-90ef-9bcaa62a7535: receive RaftClientReply:client-E0FA40453D59->0c156e3c-57cc-425b-90ef-9bcaa62a7535@group-7704A457760D, cid=4052, SUCCESS, logIndex=6808, commits[0c156e3c-57cc-425b-90ef-9bcaa62a7535:c6809]
2019-06-14 13:46:11,461 INFO  client.GrpcClientProtocolClient (GrpcClientProtocolClient.java:onNext(254)) - client-E0FA40453D59->0c156e3c-57cc-425b-90ef-9bcaa62a7535: receive RaftClientReply:client-E0FA40453D59->0c156e3c-57cc-425b-90ef-9bcaa62a7535@group-7704A457760D, cid=4053, SUCCESS, logIndex=6810, commits[0c156e3c-57cc-425b-90ef-9bcaa62a7535:c6810]
2019-06-14 13:46:11,466 INFO  client.GrpcClientProtocolClient (GrpcClientProtocolClient.java:onNext(254)) - client-E0FA40453D59->0c156e3c-57cc-425b-90ef-9bcaa62a7535: receive RaftClientReply:client-E0FA40453D59->0c156e3c-57cc-425b-90ef-9bcaa62a7535@group-7704A457760D, cid=4054, SUCCESS, logIndex=6812, commits[0c156e3c-57cc-425b-90ef-9bcaa62a7535:c6812]
2019-06-14 13:46:11,466 INFO  client.GrpcClientProtocolClient (GrpcClientProtocolClient.java:onNext(254)) - client-E0FA40453D59->0c156e3c-57cc-425b-90ef-9bcaa62a7535: receive RaftClientReply:client-E0FA40453D59->0c156e3c-57cc-425b-90ef-9bcaa62a7535@group-7704A457760D, cid=4055, SUCCESS, logIndex=6813, commits[0c156e3c-57cc-425b-90ef-9bcaa62a7535:c6814]
2019-06-14 13:46:11,467 INFO  client.GrpcClientProtocolClient (GrpcClientProtocolClient.java:onNext(254)) - client-E0FA40453D59->0c156e3c-57cc-425b-90ef-9bcaa62a7535: receive RaftClientReply:client-E0FA40453D59->0c156e3c-57cc-425b-90ef-9bcaa62a7535@group-7704A457760D, cid=4056, SUCCESS, logIndex=6814, commits[0c156e3c-57cc-425b-90ef-9bcaa62a7535:c6814]
2019-06-14 13:46:11,471 DEBUG block.SCMBlockDeletingService (SCMBlockDeletingService.java:call(138)) - Running DeletedBlockTransactionScanner
2019-06-14 13:46:11,472 DEBUG block.SCMBlockDeletingService (SCMBlockDeletingService.java:call(155)) - Scanned deleted blocks log and got 0 delTX to process.
2019-06-14 13:46:11,483 INFO  client.GrpcClientProtocolClient (GrpcClientProtocolClient.java:onNext(254)) - client-E0FA40453D59->0c156e3c-57cc-425b-90ef-9bcaa62a7535: receive RaftClientReply:client-E0FA40453D59->0c156e3c-57cc-425b-90ef-9bcaa62a7535@group-7704A457760D, cid=4057, SUCCESS, logIndex=6817, commits[0c156e3c-57cc-425b-90ef-9bcaa62a7535:c6817]
2019-06-14 13:46:11,484 INFO  client.GrpcClientProtocolClient (GrpcClientProtocolClient.java:onNext(254)) - client-E0FA40453D59->0c156e3c-57cc-425b-90ef-9bcaa62a7535: receive RaftClientReply:client-E0FA40453D59->0c156e3c-57cc-425b-90ef-9bcaa62a7535@group-7704A457760D, cid=4058, SUCCESS, logIndex=6819, commits[0c156e3c-57cc-425b-90ef-9bcaa62a7535:c6819]
2019-06-14 13:46:11,485 INFO  client.GrpcClientProtocolClient (GrpcClientProtocolClient.java:onNext(254)) - client-E0FA40453D59->0c156e3c-57cc-425b-90ef-9bcaa62a7535: receive RaftClientReply:client-E0FA40453D59->0c156e3c-57cc-425b-90ef-9bcaa62a7535@group-7704A457760D, cid=4059, SUCCESS, logIndex=6820, commits[0c156e3c-57cc-425b-90ef-9bcaa62a7535:c6822]
2019-06-14 13:46:11,486 INFO  client.GrpcClientProtocolClient (GrpcClientProtocolClient.java:onNext(254)) - client-E0FA40453D59->0c156e3c-57cc-425b-90ef-9bcaa62a7535: receive RaftClientReply:client-E0FA40453D59->0c156e3c-57cc-425b-90ef-9bcaa62a7535@group-7704A457760D, cid=4060, SUCCESS, logIndex=6821, commits[0c156e3c-57cc-425b-90ef-9bcaa62a7535:c6822]
2019-06-14 13:46:11,491 INFO  client.GrpcClientProtocolClient (GrpcClientProtocolClient.java:onNext(254)) - client-E0FA40453D59->0c156e3c-57cc-425b-90ef-9bcaa62a7535: receive RaftClientReply:client-E0FA40453D59->0c156e3c-57cc-425b-90ef-9bcaa62a7535@group-7704A457760D, cid=4061, SUCCESS, logIndex=6823, commits[0c156e3c-57cc-425b-90ef-9bcaa62a7535:c6823]
2019-06-14 13:46:11,492 INFO  client.GrpcClientProtocolClient (GrpcClientProtocolClient.java:onNext(254)) - client-E0FA40453D59->0c156e3c-57cc-425b-90ef-9bcaa62a7535: receive RaftClientReply:client-E0FA40453D59->0c156e3c-57cc-425b-90ef-9bcaa62a7535@group-7704A457760D, cid=4062, SUCCESS, logIndex=6825, commits[0c156e3c-57cc-425b-90ef-9bcaa62a7535:c6825]
2019-06-14 13:46:11,493 INFO  client.GrpcClientProtocolClient (GrpcClientProtocolClient.java:onNext(254)) - client-E0FA40453D59->0c156e3c-57cc-425b-90ef-9bcaa62a7535: receive RaftClientReply:client-E0FA40453D59->0c156e3c-57cc-425b-90ef-9bcaa62a7535@group-7704A457760D, cid=4063, SUCCESS, logIndex=6826, commits[0c156e3c-57cc-425b-90ef-9bcaa62a7535:c6828]
2019-06-14 13:46:11,493 INFO  client.GrpcClientProtocolClient (GrpcClientProtocolClient.java:onNext(254)) - client-E0FA40453D59->0c156e3c-57cc-425b-90ef-9bcaa62a7535: receive RaftClientReply:client-E0FA40453D59->0c156e3c-57cc-425b-90ef-9bcaa62a7535@group-7704A457760D, cid=4064, SUCCESS, logIndex=6827, commits[0c156e3c-57cc-425b-90ef-9bcaa62a7535:c6828]
2019-06-14 13:46:11,507 INFO  client.GrpcClientProtocolClient (GrpcClientProtocolClient.java:onNext(254)) - client-E0FA40453D59->0c156e3c-57cc-425b-90ef-9bcaa62a7535: receive RaftClientReply:client-E0FA40453D59->0c156e3c-57cc-425b-90ef-9bcaa62a7535@group-7704A457760D, cid=4065, SUCCESS, logIndex=6829, commits[0c156e3c-57cc-425b-90ef-9bcaa62a7535:c6829]
2019-06-14 13:46:11,514 INFO  client.GrpcClientProtocolClient (GrpcClientProtocolClient.java:onNext(254)) - client-E0FA40453D59->0c156e3c-57cc-425b-90ef-9bcaa62a7535: receive RaftClientReply:client-E0FA40453D59->0c156e3c-57cc-425b-90ef-9bcaa62a7535@group-7704A457760D, cid=4066, SUCCESS, logIndex=6831, commits[0c156e3c-57cc-425b-90ef-9bcaa62a7535:c6831]
2019-06-14 13:46:11,572 DEBUG block.SCMBlockDeletingService (SCMBlockDeletingService.java:call(138)) - Running DeletedBlockTransactionScanner
2019-06-14 13:46:11,572 DEBUG block.SCMBlockDeletingService (SCMBlockDeletingService.java:call(155)) - Scanned deleted blocks log and got 0 delTX to process.
2019-06-14 13:46:11,572 INFO  client.GrpcClientProtocolClient (GrpcClientProtocolClient.java:onNext(254)) - client-E0FA40453D59->0c156e3c-57cc-425b-90ef-9bcaa62a7535: receive RaftClientReply:client-E0FA40453D59->0c156e3c-57cc-425b-90ef-9bcaa62a7535@group-7704A457760D, cid=4067, SUCCESS, logIndex=6833, commits[0c156e3c-57cc-425b-90ef-9bcaa62a7535:c6833]
2019-06-14 13:46:11,573 INFO  client.GrpcClientProtocolClient (GrpcClientProtocolClient.java:onNext(254)) - client-E0FA40453D59->0c156e3c-57cc-425b-90ef-9bcaa62a7535: receive RaftClientReply:client-E0FA40453D59->0c156e3c-57cc-425b-90ef-9bcaa62a7535@group-7704A457760D, cid=4068, SUCCESS, logIndex=6835, commits[0c156e3c-57cc-425b-90ef-9bcaa62a7535:c6835]
2019-06-14 13:46:11,578 INFO  client.GrpcClientProtocolClient (GrpcClientProtocolClient.java:onNext(254)) - client-E0FA40453D59->0c156e3c-57cc-425b-90ef-9bcaa62a7535: receive RaftClientReply:client-E0FA40453D59->0c156e3c-57cc-425b-90ef-9bcaa62a7535@group-7704A457760D, cid=4069, SUCCESS, logIndex=6837, commits[0c156e3c-57cc-425b-90ef-9bcaa62a7535:c6837]
2019-06-14 13:46:11,579 INFO  client.GrpcClientProtocolClient (GrpcClientProtocolClient.java:onNext(254)) - client-E0FA40453D59->0c156e3c-57cc-425b-90ef-9bcaa62a7535: receive RaftClientReply:client-E0FA40453D59->0c156e3c-57cc-425b-90ef-9bcaa62a7535@group-7704A457760D, cid=4070, SUCCESS, logIndex=6839, commits[0c156e3c-57cc-425b-90ef-9bcaa62a7535:c6839]
2019-06-14 13:46:11,581 INFO  client.GrpcClientProtocolClient (GrpcClientProtocolClient.java:onNext(254)) - client-E0FA40453D59->0c156e3c-57cc-425b-90ef-9bcaa62a7535: receive RaftClientReply:client-E0FA40453D59->0c156e3c-57cc-425b-90ef-9bcaa62a7535@group-7704A457760D, cid=4071, SUCCESS, logIndex=6840, commits[0c156e3c-57cc-425b-90ef-9bcaa62a7535:c6842]
2019-06-14 13:46:11,581 INFO  client.GrpcClientProtocolClient (GrpcClientProtocolClient.java:onNext(254)) - client-E0FA40453D59->0c156e3c-57cc-425b-90ef-9bcaa62a7535: receive RaftClientReply:client-E0FA40453D59->0c156e3c-57cc-425b-90ef-9bcaa62a7535@group-7704A457760D, cid=4072, SUCCESS, logIndex=6841, commits[0c156e3c-57cc-425b-90ef-9bcaa62a7535:c6842]
2019-06-14 13:46:11,591 INFO  client.GrpcClientProtocolClient (GrpcClientProtocolClient.java:onNext(254)) - client-E0FA40453D59->0c156e3c-57cc-425b-90ef-9bcaa62a7535: receive RaftClientReply:client-E0FA40453D59->0c156e3c-57cc-425b-90ef-9bcaa62a7535@group-7704A457760D, cid=4073, SUCCESS, logIndex=6843, commits[0c156e3c-57cc-425b-90ef-9bcaa62a7535:c6843]
2019-06-14 13:46:11,592 INFO  client.GrpcClientProtocolClient (GrpcClientProtocolClient.java:onNext(254)) - client-E0FA40453D59->0c156e3c-57cc-425b-90ef-9bcaa62a7535: receive RaftClientReply:client-E0FA40453D59->0c156e3c-57cc-425b-90ef-9bcaa62a7535@group-7704A457760D, cid=4074, SUCCESS, logIndex=6845, commits[0c156e3c-57cc-425b-90ef-9bcaa62a7535:c6845]
2019-06-14 13:46:11,593 INFO  client.GrpcClientProtocolClient (GrpcClientProtocolClient.java:onNext(254)) - client-E0FA40453D59->0c156e3c-57cc-425b-90ef-9bcaa62a7535: receive RaftClientReply:client-E0FA40453D59->0c156e3c-57cc-425b-90ef-9bcaa62a7535@group-7704A457760D, cid=4075, SUCCESS, logIndex=6846, commits[0c156e3c-57cc-425b-90ef-9bcaa62a7535:c6848]
2019-06-14 13:46:11,593 INFO  client.GrpcClientProtocolClient (GrpcClientProtocolClient.java:onNext(254)) - client-E0FA40453D59->0c156e3c-57cc-425b-90ef-9bcaa62a7535: receive RaftClientReply:client-E0FA40453D59->0c156e3c-57cc-425b-90ef-9bcaa62a7535@group-7704A457760D, cid=4076, SUCCESS, logIndex=6847, commits[0c156e3c-57cc-425b-90ef-9bcaa62a7535:c6848]
2019-06-14 13:46:11,598 INFO  client.GrpcClientProtocolClient (GrpcClientProtocolClient.java:onNext(254)) - client-E0FA40453D59->0c156e3c-57cc-425b-90ef-9bcaa62a7535: receive RaftClientReply:client-E0FA40453D59->0c156e3c-57cc-425b-90ef-9bcaa62a7535@group-7704A457760D, cid=4077, SUCCESS, logIndex=6849, commits[0c156e3c-57cc-425b-90ef-9bcaa62a7535:c6849]
2019-06-14 13:46:11,598 INFO  client.GrpcClientProtocolClient (GrpcClientProtocolClient.java:onNext(254)) - client-E0FA40453D59->0c156e3c-57cc-425b-90ef-9bcaa62a7535: receive RaftClientReply:client-E0FA40453D59->0c156e3c-57cc-425b-90ef-9bcaa62a7535@group-7704A457760D, cid=4078, SUCCESS, logIndex=6851, commits[0c156e3c-57cc-425b-90ef-9bcaa62a7535:c6851]
2019-06-14 13:46:11,600 INFO  client.GrpcClientProtocolClient (GrpcClientProtocolClient.java:onNext(254)) - client-E0FA40453D59->0c156e3c-57cc-425b-90ef-9bcaa62a7535: receive RaftClientReply:client-E0FA40453D59->0c156e3c-57cc-425b-90ef-9bcaa62a7535@group-7704A457760D, cid=4079, SUCCESS, logIndex=6852, commits[0c156e3c-57cc-425b-90ef-9bcaa62a7535:c6854]
2019-06-14 13:46:11,600 INFO  client.GrpcClientProtocolClient (GrpcClientProtocolClient.java:onNext(254)) - client-E0FA40453D59->0c156e3c-57cc-425b-90ef-9bcaa62a7535: receive RaftClientReply:client-E0FA40453D59->0c156e3c-57cc-425b-90ef-9bcaa62a7535@group-7704A457760D, cid=4080, SUCCESS, logIndex=6853, commits[0c156e3c-57cc-425b-90ef-9bcaa62a7535:c6854]
2019-06-14 13:46:11,608 INFO  storage.RaftLogWorker (RaftLogWorker.java:rollLogSegment(303)) - 0c156e3c-57cc-425b-90ef-9bcaa62a7535-RaftLogWorker: Rolling segment log-6787_6854 to index:6854
2019-06-14 13:46:11,608 INFO  storage.RaftLogWorker (RaftLogWorker.java:execute(433)) - 0c156e3c-57cc-425b-90ef-9bcaa62a7535-RaftLogWorker: Rolled log segment from /opt/src/hadoop-ozone/integration-test/target/test-dir/MiniOzoneClusterImpl-8919240e-7e15-4dbf-8bf4-c210578586bb/datanode-0/data/ratis/1fc53845-3381-4beb-82f9-7704a457760d/current/log_inprogress_6787 to /opt/src/hadoop-ozone/integration-test/target/test-dir/MiniOzoneClusterImpl-8919240e-7e15-4dbf-8bf4-c210578586bb/datanode-0/data/ratis/1fc53845-3381-4beb-82f9-7704a457760d/current/log_6787-6854
2019-06-14 13:46:11,643 INFO  storage.RaftLogWorker (RaftLogWorker.java:execute(469)) - 0c156e3c-57cc-425b-90ef-9bcaa62a7535-RaftLogWorker: created new log segment /opt/src/hadoop-ozone/integration-test/target/test-dir/MiniOzoneClusterImpl-8919240e-7e15-4dbf-8bf4-c210578586bb/datanode-0/data/ratis/1fc53845-3381-4beb-82f9-7704a457760d/current/log_inprogress_6855
2019-06-14 13:46:11,644 INFO  client.GrpcClientProtocolClient (GrpcClientProtocolClient.java:onNext(254)) - client-E0FA40453D59->0c156e3c-57cc-425b-90ef-9bcaa62a7535: receive RaftClientReply:client-E0FA40453D59->0c156e3c-57cc-425b-90ef-9bcaa62a7535@group-7704A457760D, cid=4081, SUCCESS, logIndex=6855, commits[0c156e3c-57cc-425b-90ef-9bcaa62a7535:c6855]
2019-06-14 13:46:11,646 INFO  client.GrpcClientProtocolClient (GrpcClientProtocolClient.java:onNext(254)) - client-E0FA40453D59->0c156e3c-57cc-425b-90ef-9bcaa62a7535: receive RaftClientReply:client-E0FA40453D59->0c156e3c-57cc-425b-90ef-9bcaa62a7535@group-7704A457760D, cid=4082, SUCCESS, logIndex=6857, commits[0c156e3c-57cc-425b-90ef-9bcaa62a7535:c6857]
2019-06-14 13:46:11,646 INFO  client.GrpcClientProtocolClient (GrpcClientProtocolClient.java:onNext(254)) - client-E0FA40453D59->0c156e3c-57cc-425b-90ef-9bcaa62a7535: receive RaftClientReply:client-E0FA40453D59->0c156e3c-57cc-425b-90ef-9bcaa62a7535@group-7704A457760D, cid=4083, SUCCESS, logIndex=6858, commits[0c156e3c-57cc-425b-90ef-9bcaa62a7535:c6860]
2019-06-14 13:46:11,647 INFO  client.GrpcClientProtocolClient (GrpcClientProtocolClient.java:onNext(254)) - client-E0FA40453D59->0c156e3c-57cc-425b-90ef-9bcaa62a7535: receive RaftClientReply:client-E0FA40453D59->0c156e3c-57cc-425b-90ef-9bcaa62a7535@group-7704A457760D, cid=4084, SUCCESS, logIndex=6859, commits[0c156e3c-57cc-425b-90ef-9bcaa62a7535:c6860]
2019-06-14 13:46:11,652 INFO  client.GrpcClientProtocolClient (GrpcClientProtocolClient.java:onNext(254)) - client-E0FA40453D59->0c156e3c-57cc-425b-90ef-9bcaa62a7535: receive RaftClientReply:client-E0FA40453D59->0c156e3c-57cc-425b-90ef-9bcaa62a7535@group-7704A457760D, cid=4085, SUCCESS, logIndex=6861, commits[0c156e3c-57cc-425b-90ef-9bcaa62a7535:c6861]
2019-06-14 13:46:11,653 INFO  client.GrpcClientProtocolClient (GrpcClientProtocolClient.java:onNext(254)) - client-E0FA40453D59->0c156e3c-57cc-425b-90ef-9bcaa62a7535: receive RaftClientReply:client-E0FA40453D59->0c156e3c-57cc-425b-90ef-9bcaa62a7535@group-7704A457760D, cid=4086, SUCCESS, logIndex=6863, commits[0c156e3c-57cc-425b-90ef-9bcaa62a7535:c6863]
2019-06-14 13:46:11,654 INFO  client.GrpcClientProtocolClient (GrpcClientProtocolClient.java:onNext(254)) - client-E0FA40453D59->0c156e3c-57cc-425b-90ef-9bcaa62a7535: receive RaftClientReply:client-E0FA40453D59->0c156e3c-57cc-425b-90ef-9bcaa62a7535@group-7704A457760D, cid=4087, SUCCESS, logIndex=6864, commits[0c156e3c-57cc-425b-90ef-9bcaa62a7535:c6866]
2019-06-14 13:46:11,654 INFO  client.GrpcClientProtocolClient (GrpcClientProtocolClient.java:onNext(254)) - client-E0FA40453D59->0c156e3c-57cc-425b-90ef-9bcaa62a7535: receive RaftClientReply:client-E0FA40453D59->0c156e3c-57cc-425b-90ef-9bcaa62a7535@group-7704A457760D, cid=4088, SUCCESS, logIndex=6865, commits[0c156e3c-57cc-425b-90ef-9bcaa62a7535:c6866]
2019-06-14 13:46:11,667 INFO  client.GrpcClientProtocolClient (GrpcClientProtocolClient.java:onNext(254)) - client-E0FA40453D59->0c156e3c-57cc-425b-90ef-9bcaa62a7535: receive RaftClientReply:client-E0FA40453D59->0c156e3c-57cc-425b-90ef-9bcaa62a7535@group-7704A457760D, cid=4089, SUCCESS, logIndex=6867, commits[0c156e3c-57cc-425b-90ef-9bcaa62a7535:c6867]
2019-06-14 13:46:11,669 INFO  client.GrpcClientProtocolClient (GrpcClientProtocolClient.java:onNext(254)) - client-E0FA40453D59->0c156e3c-57cc-425b-90ef-9bcaa62a7535: receive RaftClientReply:client-E0FA40453D59->0c156e3c-57cc-425b-90ef-9bcaa62a7535@group-7704A457760D, cid=4090, SUCCESS, logIndex=6869, commits[0c156e3c-57cc-425b-90ef-9bcaa62a7535:c6869]
2019-06-14 13:46:11,670 INFO  client.GrpcClientProtocolClient (GrpcClientProtocolClient.java:onNext(254)) - client-E0FA40453D59->0c156e3c-57cc-425b-90ef-9bcaa62a7535: receive RaftClientReply:client-E0FA40453D59->0c156e3c-57cc-425b-90ef-9bcaa62a7535@group-7704A457760D, cid=4091, SUCCESS, logIndex=6870, commits[0c156e3c-57cc-425b-90ef-9bcaa62a7535:c6872]
2019-06-14 13:46:11,670 INFO  client.GrpcClientProtocolClient (GrpcClientProtocolClient.java:onNext(254)) - client-E0FA40453D59->0c156e3c-57cc-425b-90ef-9bcaa62a7535: receive RaftClientReply:client-E0FA40453D59->0c156e3c-57cc-425b-90ef-9bcaa62a7535@group-7704A457760D, cid=4092, SUCCESS, logIndex=6871, commits[0c156e3c-57cc-425b-90ef-9bcaa62a7535:c6872]
2019-06-14 13:46:11,672 DEBUG block.SCMBlockDeletingService (SCMBlockDeletingService.java:call(138)) - Running DeletedBlockTransactionScanner
2019-06-14 13:46:11,672 DEBUG block.SCMBlockDeletingService (SCMBlockDeletingService.java:call(155)) - Scanned deleted blocks log and got 0 delTX to process.
2019-06-14 13:46:11,678 INFO  client.GrpcClientProtocolClient (GrpcClientProtocolClient.java:onNext(254)) - client-E0FA40453D59->0c156e3c-57cc-425b-90ef-9bcaa62a7535: receive RaftClientReply:client-E0FA40453D59->0c156e3c-57cc-425b-90ef-9bcaa62a7535@group-7704A457760D, cid=4093, SUCCESS, logIndex=6873, commits[0c156e3c-57cc-425b-90ef-9bcaa62a7535:c6873]
2019-06-14 13:46:11,679 INFO  client.GrpcClientProtocolClient (GrpcClientProtocolClient.java:onNext(254)) - client-E0FA40453D59->0c156e3c-57cc-425b-90ef-9bcaa62a7535: receive RaftClientReply:client-E0FA40453D59->0c156e3c-57cc-425b-90ef-9bcaa62a7535@group-7704A457760D, cid=4094, SUCCESS, logIndex=6875, commits[0c156e3c-57cc-425b-90ef-9bcaa62a7535:c6875]
2019-06-14 13:46:11,681 INFO  client.GrpcClientProtocolClient (GrpcClientProtocolClient.java:onNext(254)) - client-E0FA40453D59->0c156e3c-57cc-425b-90ef-9bcaa62a7535: receive RaftClientReply:client-E0FA40453D59->0c156e3c-57cc-425b-90ef-9bcaa62a7535@group-7704A457760D, cid=4095, SUCCESS, logIndex=6876, commits[0c156e3c-57cc-425b-90ef-9bcaa62a7535:c6878]
2019-06-14 13:46:11,682 INFO  client.GrpcClientProtocolClient (GrpcClientProtocolClient.java:onNext(254)) - client-E0FA40453D59->0c156e3c-57cc-425b-90ef-9bcaa62a7535: receive RaftClientReply:client-E0FA40453D59->0c156e3c-57cc-425b-90ef-9bcaa62a7535@group-7704A457760D, cid=4096, SUCCESS, logIndex=6877, commits[0c156e3c-57cc-425b-90ef-9bcaa62a7535:c6878]
2019-06-14 13:46:11,693 INFO  client.GrpcClientProtocolClient (GrpcClientProtocolClient.java:onNext(254)) - client-E0FA40453D59->0c156e3c-57cc-425b-90ef-9bcaa62a7535: receive RaftClientReply:client-E0FA40453D59->0c156e3c-57cc-425b-90ef-9bcaa62a7535@group-7704A457760D, cid=4097, SUCCESS, logIndex=6879, commits[0c156e3c-57cc-425b-90ef-9bcaa62a7535:c6879]
2019-06-14 13:46:11,694 INFO  client.GrpcClientProtocolClient (GrpcClientProtocolClient.java:onNext(254)) - client-E0FA40453D59->0c156e3c-57cc-425b-90ef-9bcaa62a7535: receive RaftClientReply:client-E0FA40453D59->0c156e3c-57cc-425b-90ef-9bcaa62a7535@group-7704A457760D, cid=4098, SUCCESS, logIndex=6881, commits[0c156e3c-57cc-425b-90ef-9bcaa62a7535:c6881]
2019-06-14 13:46:11,695 INFO  client.GrpcClientProtocolClient (GrpcClientProtocolClient.java:onNext(254)) - client-E0FA40453D59->0c156e3c-57cc-425b-90ef-9bcaa62a7535: receive RaftClientReply:client-E0FA40453D59->0c156e3c-57cc-425b-90ef-9bcaa62a7535@group-7704A457760D, cid=4099, SUCCESS, logIndex=6882, commits[0c156e3c-57cc-425b-90ef-9bcaa62a7535:c6884]
2019-06-14 13:46:11,695 INFO  client.GrpcClientProtocolClient (GrpcClientProtocolClient.java:onNext(254)) - client-E0FA40453D59->0c156e3c-57cc-425b-90ef-9bcaa62a7535: receive RaftClientReply:client-E0FA40453D59->0c156e3c-57cc-425b-90ef-9bcaa62a7535@group-7704A457760D, cid=4100, SUCCESS, logIndex=6883, commits[0c156e3c-57cc-425b-90ef-9bcaa62a7535:c6884]
2019-06-14 13:46:11,700 INFO  client.GrpcClientProtocolClient (GrpcClientProtocolClient.java:onNext(254)) - client-E0FA40453D59->0c156e3c-57cc-425b-90ef-9bcaa62a7535: receive RaftClientReply:client-E0FA40453D59->0c156e3c-57cc-425b-90ef-9bcaa62a7535@group-7704A457760D, cid=4101, SUCCESS, logIndex=6885, commits[0c156e3c-57cc-425b-90ef-9bcaa62a7535:c6885]
2019-06-14 13:46:11,701 INFO  client.GrpcClientProtocolClient (GrpcClientProtocolClient.java:onNext(254)) - client-E0FA40453D59->0c156e3c-57cc-425b-90ef-9bcaa62a7535: receive RaftClientReply:client-E0FA40453D59->0c156e3c-57cc-425b-90ef-9bcaa62a7535@group-7704A457760D, cid=4102, SUCCESS, logIndex=6887, commits[0c156e3c-57cc-425b-90ef-9bcaa62a7535:c6887]
2019-06-14 13:46:11,702 INFO  client.GrpcClientProtocolClient (GrpcClientProtocolClient.java:onNext(254)) - client-E0FA40453D59->0c156e3c-57cc-425b-90ef-9bcaa62a7535: receive RaftClientReply:client-E0FA40453D59->0c156e3c-57cc-425b-90ef-9bcaa62a7535@group-7704A457760D, cid=4103, SUCCESS, logIndex=6888, commits[0c156e3c-57cc-425b-90ef-9bcaa62a7535:c6890]
2019-06-14 13:46:11,703 INFO  client.GrpcClientProtocolClient (GrpcClientProtocolClient.java:onNext(254)) - client-E0FA40453D59->0c156e3c-57cc-425b-90ef-9bcaa62a7535: receive RaftClientReply:client-E0FA40453D59->0c156e3c-57cc-425b-90ef-9bcaa62a7535@group-7704A457760D, cid=4104, SUCCESS, logIndex=6889, commits[0c156e3c-57cc-425b-90ef-9bcaa62a7535:c6890]
2019-06-14 13:46:11,717 INFO  client.GrpcClientProtocolClient (GrpcClientProtocolClient.java:onNext(254)) - client-E0FA40453D59->0c156e3c-57cc-425b-90ef-9bcaa62a7535: receive RaftClientReply:client-E0FA40453D59->0c156e3c-57cc-425b-90ef-9bcaa62a7535@group-7704A457760D, cid=4105, SUCCESS, logIndex=6891, commits[0c156e3c-57cc-425b-90ef-9bcaa62a7535:c6891]
2019-06-14 13:46:11,721 INFO  client.GrpcClientProtocolClient (GrpcClientProtocolClient.java:onNext(254)) - client-E0FA40453D59->0c156e3c-57cc-425b-90ef-9bcaa62a7535: receive RaftClientReply:client-E0FA40453D59->0c156e3c-57cc-425b-90ef-9bcaa62a7535@group-7704A457760D, cid=4106, SUCCESS, logIndex=6893, commits[0c156e3c-57cc-425b-90ef-9bcaa62a7535:c6893]
2019-06-14 13:46:11,721 INFO  client.GrpcClientProtocolClient (GrpcClientProtocolClient.java:onNext(254)) - client-E0FA40453D59->0c156e3c-57cc-425b-90ef-9bcaa62a7535: receive RaftClientReply:client-E0FA40453D59->0c156e3c-57cc-425b-90ef-9bcaa62a7535@group-7704A457760D, cid=4107, SUCCESS, logIndex=6895, commits[0c156e3c-57cc-425b-90ef-9bcaa62a7535:c6895]
2019-06-14 13:46:11,722 INFO  client.GrpcClientProtocolClient (GrpcClientProtocolClient.java:onNext(254)) - client-E0FA40453D59->0c156e3c-57cc-425b-90ef-9bcaa62a7535: receive RaftClientReply:client-E0FA40453D59->0c156e3c-57cc-425b-90ef-9bcaa62a7535@group-7704A457760D, cid=4108, SUCCESS, logIndex=6897, commits[0c156e3c-57cc-425b-90ef-9bcaa62a7535:c6897]
2019-06-14 13:46:11,765 INFO  client.GrpcClientProtocolClient (GrpcClientProtocolClient.java:onNext(254)) - client-E0FA40453D59->0c156e3c-57cc-425b-90ef-9bcaa62a7535: receive RaftClientReply:client-E0FA40453D59->0c156e3c-57cc-425b-90ef-9bcaa62a7535@group-7704A457760D, cid=4109, SUCCESS, logIndex=6899, commits[0c156e3c-57cc-425b-90ef-9bcaa62a7535:c6899]
2019-06-14 13:46:11,766 INFO  client.GrpcClientProtocolClient (GrpcClientProtocolClient.java:onNext(254)) - client-E0FA40453D59->0c156e3c-57cc-425b-90ef-9bcaa62a7535: receive RaftClientReply:client-E0FA40453D59->0c156e3c-57cc-425b-90ef-9bcaa62a7535@group-7704A457760D, cid=4110, SUCCESS, logIndex=6901, commits[0c156e3c-57cc-425b-90ef-9bcaa62a7535:c6901]
2019-06-14 13:46:11,772 DEBUG block.SCMBlockDeletingService (SCMBlockDeletingService.java:call(138)) - Running DeletedBlockTransactionScanner
2019-06-14 13:46:11,773 DEBUG block.SCMBlockDeletingService (SCMBlockDeletingService.java:call(155)) - Scanned deleted blocks log and got 0 delTX to process.
2019-06-14 13:46:11,830 INFO  client.GrpcClientProtocolClient (GrpcClientProtocolClient.java:onNext(254)) - client-E0FA40453D59->0c156e3c-57cc-425b-90ef-9bcaa62a7535: receive RaftClientReply:client-E0FA40453D59->0c156e3c-57cc-425b-90ef-9bcaa62a7535@group-7704A457760D, cid=4111, SUCCESS, logIndex=6903, commits[0c156e3c-57cc-425b-90ef-9bcaa62a7535:c6903]
2019-06-14 13:46:11,831 INFO  client.GrpcClientProtocolClient (GrpcClientProtocolClient.java:onNext(254)) - client-E0FA40453D59->0c156e3c-57cc-425b-90ef-9bcaa62a7535: receive RaftClientReply:client-E0FA40453D59->0c156e3c-57cc-425b-90ef-9bcaa62a7535@group-7704A457760D, cid=4112, SUCCESS, logIndex=6905, commits[0c156e3c-57cc-425b-90ef-9bcaa62a7535:c6905]
2019-06-14 13:46:11,843 INFO  client.GrpcClientProtocolClient (GrpcClientProtocolClient.java:onNext(254)) - client-E0FA40453D59->0c156e3c-57cc-425b-90ef-9bcaa62a7535: receive RaftClientReply:client-E0FA40453D59->0c156e3c-57cc-425b-90ef-9bcaa62a7535@group-7704A457760D, cid=4113, SUCCESS, logIndex=6907, commits[0c156e3c-57cc-425b-90ef-9bcaa62a7535:c6907]
2019-06-14 13:46:11,845 INFO  client.GrpcClientProtocolClient (GrpcClientProtocolClient.java:onNext(254)) - client-E0FA40453D59->0c156e3c-57cc-425b-90ef-9bcaa62a7535: receive RaftClientReply:client-E0FA40453D59->0c156e3c-57cc-425b-90ef-9bcaa62a7535@group-7704A457760D, cid=4114, SUCCESS, logIndex=6909, commits[0c156e3c-57cc-425b-90ef-9bcaa62a7535:c6909]
2019-06-14 13:46:11,845 INFO  client.GrpcClientProtocolClient (GrpcClientProtocolClient.java:onNext(254)) - client-E0FA40453D59->0c156e3c-57cc-425b-90ef-9bcaa62a7535: receive RaftClientReply:client-E0FA40453D59->0c156e3c-57cc-425b-90ef-9bcaa62a7535@group-7704A457760D, cid=4115, SUCCESS, logIndex=6910, commits[0c156e3c-57cc-425b-90ef-9bcaa62a7535:c6912]
2019-06-14 13:46:11,845 INFO  client.GrpcClientProtocolClient (GrpcClientProtocolClient.java:onNext(254)) - client-E0FA40453D59->0c156e3c-57cc-425b-90ef-9bcaa62a7535: receive RaftClientReply:client-E0FA40453D59->0c156e3c-57cc-425b-90ef-9bcaa62a7535@group-7704A457760D, cid=4116, SUCCESS, logIndex=6911, commits[0c156e3c-57cc-425b-90ef-9bcaa62a7535:c6912]
2019-06-14 13:46:11,850 INFO  client.GrpcClientProtocolClient (GrpcClientProtocolClient.java:onNext(254)) - client-E0FA40453D59->0c156e3c-57cc-425b-90ef-9bcaa62a7535: receive RaftClientReply:client-E0FA40453D59->0c156e3c-57cc-425b-90ef-9bcaa62a7535@group-7704A457760D, cid=4117, SUCCESS, logIndex=6913, commits[0c156e3c-57cc-425b-90ef-9bcaa62a7535:c6913]
2019-06-14 13:46:11,851 INFO  client.GrpcClientProtocolClient (GrpcClientProtocolClient.java:onNext(254)) - client-E0FA40453D59->0c156e3c-57cc-425b-90ef-9bcaa62a7535: receive RaftClientReply:client-E0FA40453D59->0c156e3c-57cc-425b-90ef-9bcaa62a7535@group-7704A457760D, cid=4118, SUCCESS, logIndex=6915, commits[0c156e3c-57cc-425b-90ef-9bcaa62a7535:c6915]
2019-06-14 13:46:11,852 INFO  client.GrpcClientProtocolClient (GrpcClientProtocolClient.java:onNext(254)) - client-E0FA40453D59->0c156e3c-57cc-425b-90ef-9bcaa62a7535: receive RaftClientReply:client-E0FA40453D59->0c156e3c-57cc-425b-90ef-9bcaa62a7535@group-7704A457760D, cid=4119, SUCCESS, logIndex=6916, commits[0c156e3c-57cc-425b-90ef-9bcaa62a7535:c6918]
2019-06-14 13:46:11,853 INFO  client.GrpcClientProtocolClient (GrpcClientProtocolClient.java:onNext(254)) - client-E0FA40453D59->0c156e3c-57cc-425b-90ef-9bcaa62a7535: receive RaftClientReply:client-E0FA40453D59->0c156e3c-57cc-425b-90ef-9bcaa62a7535@group-7704A457760D, cid=4120, SUCCESS, logIndex=6917, commits[0c156e3c-57cc-425b-90ef-9bcaa62a7535:c6918]
2019-06-14 13:46:11,864 INFO  client.GrpcClientProtocolClient (GrpcClientProtocolClient.java:onNext(254)) - client-E0FA40453D59->0c156e3c-57cc-425b-90ef-9bcaa62a7535: receive RaftClientReply:client-E0FA40453D59->0c156e3c-57cc-425b-90ef-9bcaa62a7535@group-7704A457760D, cid=4121, SUCCESS, logIndex=6919, commits[0c156e3c-57cc-425b-90ef-9bcaa62a7535:c6919]
2019-06-14 13:46:11,865 INFO  client.GrpcClientProtocolClient (GrpcClientProtocolClient.java:onNext(254)) - client-E0FA40453D59->0c156e3c-57cc-425b-90ef-9bcaa62a7535: receive RaftClientReply:client-E0FA40453D59->0c156e3c-57cc-425b-90ef-9bcaa62a7535@group-7704A457760D, cid=4122, SUCCESS, logIndex=6921, commits[0c156e3c-57cc-425b-90ef-9bcaa62a7535:c6921]
2019-06-14 13:46:11,866 INFO  client.GrpcClientProtocolClient (GrpcClientProtocolClient.java:onNext(254)) - client-E0FA40453D59->0c156e3c-57cc-425b-90ef-9bcaa62a7535: receive RaftClientReply:client-E0FA40453D59->0c156e3c-57cc-425b-90ef-9bcaa62a7535@group-7704A457760D, cid=4123, SUCCESS, logIndex=6922, commits[0c156e3c-57cc-425b-90ef-9bcaa62a7535:c6924]
2019-06-14 13:46:11,866 INFO  client.GrpcClientProtocolClient (GrpcClientProtocolClient.java:onNext(254)) - client-E0FA40453D59->0c156e3c-57cc-425b-90ef-9bcaa62a7535: receive RaftClientReply:client-E0FA40453D59->0c156e3c-57cc-425b-90ef-9bcaa62a7535@group-7704A457760D, cid=4124, SUCCESS, logIndex=6923, commits[0c156e3c-57cc-425b-90ef-9bcaa62a7535:c6924]
2019-06-14 13:46:11,869 INFO  storage.RaftLogWorker (RaftLogWorker.java:rollLogSegment(303)) - 0c156e3c-57cc-425b-90ef-9bcaa62a7535-RaftLogWorker: Rolling segment log-6855_6924 to index:6924
2019-06-14 13:46:11,869 INFO  storage.RaftLogWorker (RaftLogWorker.java:execute(433)) - 0c156e3c-57cc-425b-90ef-9bcaa62a7535-RaftLogWorker: Rolled log segment from /opt/src/hadoop-ozone/integration-test/target/test-dir/MiniOzoneClusterImpl-8919240e-7e15-4dbf-8bf4-c210578586bb/datanode-0/data/ratis/1fc53845-3381-4beb-82f9-7704a457760d/current/log_inprogress_6855 to /opt/src/hadoop-ozone/integration-test/target/test-dir/MiniOzoneClusterImpl-8919240e-7e15-4dbf-8bf4-c210578586bb/datanode-0/data/ratis/1fc53845-3381-4beb-82f9-7704a457760d/current/log_6855-6924
2019-06-14 13:46:11,873 DEBUG block.SCMBlockDeletingService (SCMBlockDeletingService.java:call(138)) - Running DeletedBlockTransactionScanner
2019-06-14 13:46:11,873 DEBUG block.SCMBlockDeletingService (SCMBlockDeletingService.java:call(155)) - Scanned deleted blocks log and got 0 delTX to process.
2019-06-14 13:46:11,905 INFO  storage.RaftLogWorker (RaftLogWorker.java:execute(469)) - 0c156e3c-57cc-425b-90ef-9bcaa62a7535-RaftLogWorker: created new log segment /opt/src/hadoop-ozone/integration-test/target/test-dir/MiniOzoneClusterImpl-8919240e-7e15-4dbf-8bf4-c210578586bb/datanode-0/data/ratis/1fc53845-3381-4beb-82f9-7704a457760d/current/log_inprogress_6925
2019-06-14 13:46:11,906 INFO  client.GrpcClientProtocolClient (GrpcClientProtocolClient.java:onNext(254)) - client-E0FA40453D59->0c156e3c-57cc-425b-90ef-9bcaa62a7535: receive RaftClientReply:client-E0FA40453D59->0c156e3c-57cc-425b-90ef-9bcaa62a7535@group-7704A457760D, cid=4125, SUCCESS, logIndex=6925, commits[0c156e3c-57cc-425b-90ef-9bcaa62a7535:c6925]
2019-06-14 13:46:11,908 INFO  client.GrpcClientProtocolClient (GrpcClientProtocolClient.java:onNext(254)) - client-E0FA40453D59->0c156e3c-57cc-425b-90ef-9bcaa62a7535: receive RaftClientReply:client-E0FA40453D59->0c156e3c-57cc-425b-90ef-9bcaa62a7535@group-7704A457760D, cid=4126, SUCCESS, logIndex=6927, commits[0c156e3c-57cc-425b-90ef-9bcaa62a7535:c6929]
2019-06-14 13:46:11,909 INFO  client.GrpcClientProtocolClient (GrpcClientProtocolClient.java:onNext(254)) - client-E0FA40453D59->0c156e3c-57cc-425b-90ef-9bcaa62a7535: receive RaftClientReply:client-E0FA40453D59->0c156e3c-57cc-425b-90ef-9bcaa62a7535@group-7704A457760D, cid=4127, SUCCESS, logIndex=6928, commits[0c156e3c-57cc-425b-90ef-9bcaa62a7535:c6929]
2019-06-14 13:46:11,909 INFO  client.GrpcClientProtocolClient (GrpcClientProtocolClient.java:onNext(254)) - client-E0FA40453D59->0c156e3c-57cc-425b-90ef-9bcaa62a7535: receive RaftClientReply:client-E0FA40453D59->0c156e3c-57cc-425b-90ef-9bcaa62a7535@group-7704A457760D, cid=4128, SUCCESS, logIndex=6929, commits[0c156e3c-57cc-425b-90ef-9bcaa62a7535:c6929]
2019-06-14 13:46:11,921 INFO  client.GrpcClientProtocolClient (GrpcClientProtocolClient.java:onNext(254)) - client-E0FA40453D59->0c156e3c-57cc-425b-90ef-9bcaa62a7535: receive RaftClientReply:client-E0FA40453D59->0c156e3c-57cc-425b-90ef-9bcaa62a7535@group-7704A457760D, cid=4129, SUCCESS, logIndex=6931, commits[0c156e3c-57cc-425b-90ef-9bcaa62a7535:c6931]
2019-06-14 13:46:11,922 INFO  client.GrpcClientProtocolClient (GrpcClientProtocolClient.java:onNext(254)) - client-E0FA40453D59->0c156e3c-57cc-425b-90ef-9bcaa62a7535: receive RaftClientReply:client-E0FA40453D59->0c156e3c-57cc-425b-90ef-9bcaa62a7535@group-7704A457760D, cid=4130, SUCCESS, logIndex=6933, commits[0c156e3c-57cc-425b-90ef-9bcaa62a7535:c6933]
2019-06-14 13:46:11,923 INFO  client.GrpcClientProtocolClient (GrpcClientProtocolClient.java:onNext(254)) - client-E0FA40453D59->0c156e3c-57cc-425b-90ef-9bcaa62a7535: receive RaftClientReply:client-E0FA40453D59->0c156e3c-57cc-425b-90ef-9bcaa62a7535@group-7704A457760D, cid=4131, SUCCESS, logIndex=6934, commits[0c156e3c-57cc-425b-90ef-9bcaa62a7535:c6936]
2019-06-14 13:46:11,923 INFO  client.GrpcClientProtocolClient (GrpcClientProtocolClient.java:onNext(254)) - client-E0FA40453D59->0c156e3c-57cc-425b-90ef-9bcaa62a7535: receive RaftClientReply:client-E0FA40453D59->0c156e3c-57cc-425b-90ef-9bcaa62a7535@group-7704A457760D, cid=4132, SUCCESS, logIndex=6935, commits[0c156e3c-57cc-425b-90ef-9bcaa62a7535:c6936]
2019-06-14 13:46:11,929 INFO  client.GrpcClientProtocolClient (GrpcClientProtocolClient.java:onNext(254)) - client-E0FA40453D59->0c156e3c-57cc-425b-90ef-9bcaa62a7535: receive RaftClientReply:client-E0FA40453D59->0c156e3c-57cc-425b-90ef-9bcaa62a7535@group-7704A457760D, cid=4133, SUCCESS, logIndex=6937, commits[0c156e3c-57cc-425b-90ef-9bcaa62a7535:c6937]
2019-06-14 13:46:11,930 INFO  client.GrpcClientProtocolClient (GrpcClientProtocolClient.java:onNext(254)) - client-E0FA40453D59->0c156e3c-57cc-425b-90ef-9bcaa62a7535: receive RaftClientReply:client-E0FA40453D59->0c156e3c-57cc-425b-90ef-9bcaa62a7535@group-7704A457760D, cid=4134, SUCCESS, logIndex=6939, commits[0c156e3c-57cc-425b-90ef-9bcaa62a7535:c6939]
2019-06-14 13:46:11,931 INFO  client.GrpcClientProtocolClient (GrpcClientProtocolClient.java:onNext(254)) - client-E0FA40453D59->0c156e3c-57cc-425b-90ef-9bcaa62a7535: receive RaftClientReply:client-E0FA40453D59->0c156e3c-57cc-425b-90ef-9bcaa62a7535@group-7704A457760D, cid=4135, SUCCESS, logIndex=6940, commits[0c156e3c-57cc-425b-90ef-9bcaa62a7535:c6942]
2019-06-14 13:46:11,932 INFO  client.GrpcClientProtocolClient (GrpcClientProtocolClient.java:onNext(254)) - client-E0FA40453D59->0c156e3c-57cc-425b-90ef-9bcaa62a7535: receive RaftClientReply:client-E0FA40453D59->0c156e3c-57cc-425b-90ef-9bcaa62a7535@group-7704A457760D, cid=4136, SUCCESS, logIndex=6941, commits[0c156e3c-57cc-425b-90ef-9bcaa62a7535:c6942]
2019-06-14 13:46:11,944 INFO  client.GrpcClientProtocolClient (GrpcClientProtocolClient.java:onNext(254)) - client-E0FA40453D59->0c156e3c-57cc-425b-90ef-9bcaa62a7535: receive RaftClientReply:client-E0FA40453D59->0c156e3c-57cc-425b-90ef-9bcaa62a7535@group-7704A457760D, cid=4137, SUCCESS, logIndex=6943, commits[0c156e3c-57cc-425b-90ef-9bcaa62a7535:c6943]
2019-06-14 13:46:11,945 INFO  client.GrpcClientProtocolClient (GrpcClientProtocolClient.java:onNext(254)) - client-E0FA40453D59->0c156e3c-57cc-425b-90ef-9bcaa62a7535: receive RaftClientReply:client-E0FA40453D59->0c156e3c-57cc-425b-90ef-9bcaa62a7535@group-7704A457760D, cid=4138, SUCCESS, logIndex=6945, commits[0c156e3c-57cc-425b-90ef-9bcaa62a7535:c6945]
2019-06-14 13:46:11,948 INFO  client.GrpcClientProtocolClient (GrpcClientProtocolClient.java:onNext(254)) - client-E0FA40453D59->0c156e3c-57cc-425b-90ef-9bcaa62a7535: receive RaftClientReply:client-E0FA40453D59->0c156e3c-57cc-425b-90ef-9bcaa62a7535@group-7704A457760D, cid=4139, SUCCESS, logIndex=6947, commits[0c156e3c-57cc-425b-90ef-9bcaa62a7535:c6948]
2019-06-14 13:46:11,948 INFO  client.GrpcClientProtocolClient (GrpcClientProtocolClient.java:onNext(254)) - client-E0FA40453D59->0c156e3c-57cc-425b-90ef-9bcaa62a7535: receive RaftClientReply:client-E0FA40453D59->0c156e3c-57cc-425b-90ef-9bcaa62a7535@group-7704A457760D, cid=4140, SUCCESS, logIndex=6948, commits[0c156e3c-57cc-425b-90ef-9bcaa62a7535:c6948]
2019-06-14 13:46:11,953 INFO  client.GrpcClientProtocolClient (GrpcClientProtocolClient.java:onNext(254)) - client-E0FA40453D59->0c156e3c-57cc-425b-90ef-9bcaa62a7535: receive RaftClientReply:client-E0FA40453D59->0c156e3c-57cc-425b-90ef-9bcaa62a7535@group-7704A457760D, cid=4141, SUCCESS, logIndex=6950, commits[0c156e3c-57cc-425b-90ef-9bcaa62a7535:c6950]
2019-06-14 13:46:11,954 INFO  client.GrpcClientProtocolClient (GrpcClientProtocolClient.java:onNext(254)) - client-E0FA40453D59->0c156e3c-57cc-425b-90ef-9bcaa62a7535: receive RaftClientReply:client-E0FA40453D59->0c156e3c-57cc-425b-90ef-9bcaa62a7535@group-7704A457760D, cid=4142, SUCCESS, logIndex=6952, commits[0c156e3c-57cc-425b-90ef-9bcaa62a7535:c6952]
2019-06-14 13:46:11,955 INFO  client.GrpcClientProtocolClient (GrpcClientProtocolClient.java:onNext(254)) - client-E0FA40453D59->0c156e3c-57cc-425b-90ef-9bcaa62a7535: receive RaftClientReply:client-E0FA40453D59->0c156e3c-57cc-425b-90ef-9bcaa62a7535@group-7704A457760D, cid=4143, SUCCESS, logIndex=6953, commits[0c156e3c-57cc-425b-90ef-9bcaa62a7535:c6955]
2019-06-14 13:46:11,956 INFO  client.GrpcClientProtocolClient (GrpcClientProtocolClient.java:onNext(254)) - client-E0FA40453D59->0c156e3c-57cc-425b-90ef-9bcaa62a7535: receive RaftClientReply:client-E0FA40453D59->0c156e3c-57cc-425b-90ef-9bcaa62a7535@group-7704A457760D, cid=4144, SUCCESS, logIndex=6954, commits[0c156e3c-57cc-425b-90ef-9bcaa62a7535:c6955]
2019-06-14 13:46:11,966 INFO  client.GrpcClientProtocolClient (GrpcClientProtocolClient.java:onNext(254)) - client-E0FA40453D59->0c156e3c-57cc-425b-90ef-9bcaa62a7535: receive RaftClientReply:client-E0FA40453D59->0c156e3c-57cc-425b-90ef-9bcaa62a7535@group-7704A457760D, cid=4145, SUCCESS, logIndex=6956, commits[0c156e3c-57cc-425b-90ef-9bcaa62a7535:c6956]
2019-06-14 13:46:11,968 INFO  client.GrpcClientProtocolClient (GrpcClientProtocolClient.java:onNext(254)) - client-E0FA40453D59->0c156e3c-57cc-425b-90ef-9bcaa62a7535: receive RaftClientReply:client-E0FA40453D59->0c156e3c-57cc-425b-90ef-9bcaa62a7535@group-7704A457760D, cid=4146, SUCCESS, logIndex=6958, commits[0c156e3c-57cc-425b-90ef-9bcaa62a7535:c6958]
2019-06-14 13:46:11,968 INFO  client.GrpcClientProtocolClient (GrpcClientProtocolClient.java:onNext(254)) - client-E0FA40453D59->0c156e3c-57cc-425b-90ef-9bcaa62a7535: receive RaftClientReply:client-E0FA40453D59->0c156e3c-57cc-425b-90ef-9bcaa62a7535@group-7704A457760D, cid=4147, SUCCESS, logIndex=6959, commits[0c156e3c-57cc-425b-90ef-9bcaa62a7535:c6959]
2019-06-14 13:46:11,969 INFO  client.GrpcClientProtocolClient (GrpcClientProtocolClient.java:onNext(254)) - client-E0FA40453D59->0c156e3c-57cc-425b-90ef-9bcaa62a7535: receive RaftClientReply:client-E0FA40453D59->0c156e3c-57cc-425b-90ef-9bcaa62a7535@group-7704A457760D, cid=4148, SUCCESS, logIndex=6961, commits[0c156e3c-57cc-425b-90ef-9bcaa62a7535:c6961]
2019-06-14 13:46:11,973 DEBUG block.SCMBlockDeletingService (SCMBlockDeletingService.java:call(138)) - Running DeletedBlockTransactionScanner
2019-06-14 13:46:11,973 DEBUG block.SCMBlockDeletingService (SCMBlockDeletingService.java:call(155)) - Scanned deleted blocks log and got 0 delTX to process.
2019-06-14 13:46:11,974 INFO  client.GrpcClientProtocolClient (GrpcClientProtocolClient.java:onNext(254)) - client-E0FA40453D59->0c156e3c-57cc-425b-90ef-9bcaa62a7535: receive RaftClientReply:client-E0FA40453D59->0c156e3c-57cc-425b-90ef-9bcaa62a7535@group-7704A457760D, cid=4149, SUCCESS, logIndex=6964, commits[0c156e3c-57cc-425b-90ef-9bcaa62a7535:c6964]
2019-06-14 13:46:11,975 INFO  client.GrpcClientProtocolClient (GrpcClientProtocolClient.java:onNext(254)) - client-E0FA40453D59->0c156e3c-57cc-425b-90ef-9bcaa62a7535: receive RaftClientReply:client-E0FA40453D59->0c156e3c-57cc-425b-90ef-9bcaa62a7535@group-7704A457760D, cid=4150, SUCCESS, logIndex=6966, commits[0c156e3c-57cc-425b-90ef-9bcaa62a7535:c6966]
2019-06-14 13:46:11,976 INFO  client.GrpcClientProtocolClient (GrpcClientProtocolClient.java:onNext(254)) - client-E0FA40453D59->0c156e3c-57cc-425b-90ef-9bcaa62a7535: receive RaftClientReply:client-E0FA40453D59->0c156e3c-57cc-425b-90ef-9bcaa62a7535@group-7704A457760D, cid=4151, SUCCESS, logIndex=6967, commits[0c156e3c-57cc-425b-90ef-9bcaa62a7535:c6969]
2019-06-14 13:46:11,977 INFO  client.GrpcClientProtocolClient (GrpcClientProtocolClient.java:onNext(254)) - client-E0FA40453D59->0c156e3c-57cc-425b-90ef-9bcaa62a7535: receive RaftClientReply:client-E0FA40453D59->0c156e3c-57cc-425b-90ef-9bcaa62a7535@group-7704A457760D, cid=4152, SUCCESS, logIndex=6968, commits[0c156e3c-57cc-425b-90ef-9bcaa62a7535:c6969]
2019-06-14 13:46:11,987 INFO  client.GrpcClientProtocolClient (GrpcClientProtocolClient.java:onNext(254)) - client-E0FA40453D59->0c156e3c-57cc-425b-90ef-9bcaa62a7535: receive RaftClientReply:client-E0FA40453D59->0c156e3c-57cc-425b-90ef-9bcaa62a7535@group-7704A457760D, cid=4153, SUCCESS, logIndex=6970, commits[0c156e3c-57cc-425b-90ef-9bcaa62a7535:c6970]
2019-06-14 13:46:11,989 INFO  client.GrpcClientProtocolClient (GrpcClientProtocolClient.java:onNext(254)) - client-E0FA40453D59->0c156e3c-57cc-425b-90ef-9bcaa62a7535: receive RaftClientReply:client-E0FA40453D59->0c156e3c-57cc-425b-90ef-9bcaa62a7535@group-7704A457760D, cid=4154, SUCCESS, logIndex=6972, commits[0c156e3c-57cc-425b-90ef-9bcaa62a7535:c6972]
2019-06-14 13:46:12,059 INFO  client.GrpcClientProtocolClient (GrpcClientProtocolClient.java:onNext(254)) - client-E0FA40453D59->0c156e3c-57cc-425b-90ef-9bcaa62a7535: receive RaftClientReply:client-E0FA40453D59->0c156e3c-57cc-425b-90ef-9bcaa62a7535@group-7704A457760D, cid=4155, SUCCESS, logIndex=6974, commits[0c156e3c-57cc-425b-90ef-9bcaa62a7535:c6974]
2019-06-14 13:46:12,060 INFO  client.GrpcClientProtocolClient (GrpcClientProtocolClient.java:onNext(254)) - client-E0FA40453D59->0c156e3c-57cc-425b-90ef-9bcaa62a7535: receive RaftClientReply:client-E0FA40453D59->0c156e3c-57cc-425b-90ef-9bcaa62a7535@group-7704A457760D, cid=4156, SUCCESS, logIndex=6976, commits[0c156e3c-57cc-425b-90ef-9bcaa62a7535:c6976]
2019-06-14 13:46:12,065 INFO  client.GrpcClientProtocolClient (GrpcClientProtocolClient.java:onNext(254)) - client-E0FA40453D59->0c156e3c-57cc-425b-90ef-9bcaa62a7535: receive RaftClientReply:client-E0FA40453D59->0c156e3c-57cc-425b-90ef-9bcaa62a7535@group-7704A457760D, cid=4157, SUCCESS, logIndex=6978, commits[0c156e3c-57cc-425b-90ef-9bcaa62a7535:c6978]
2019-06-14 13:46:12,066 INFO  client.GrpcClientProtocolClient (GrpcClientProtocolClient.java:onNext(254)) - client-E0FA40453D59->0c156e3c-57cc-425b-90ef-9bcaa62a7535: receive RaftClientReply:client-E0FA40453D59->0c156e3c-57cc-425b-90ef-9bcaa62a7535@group-7704A457760D, cid=4158, SUCCESS, logIndex=6980, commits[0c156e3c-57cc-425b-90ef-9bcaa62a7535:c6980]
2019-06-14 13:46:12,067 INFO  client.GrpcClientProtocolClient (GrpcClientProtocolClient.java:onNext(254)) - client-E0FA40453D59->0c156e3c-57cc-425b-90ef-9bcaa62a7535: receive RaftClientReply:client-E0FA40453D59->0c156e3c-57cc-425b-90ef-9bcaa62a7535@group-7704A457760D, cid=4159, SUCCESS, logIndex=6981, commits[0c156e3c-57cc-425b-90ef-9bcaa62a7535:c6983]
2019-06-14 13:46:12,067 INFO  client.GrpcClientProtocolClient (GrpcClientProtocolClient.java:onNext(254)) - client-E0FA40453D59->0c156e3c-57cc-425b-90ef-9bcaa62a7535: receive RaftClientReply:client-E0FA40453D59->0c156e3c-57cc-425b-90ef-9bcaa62a7535@group-7704A457760D, cid=4160, SUCCESS, logIndex=6982, commits[0c156e3c-57cc-425b-90ef-9bcaa62a7535:c6983]
2019-06-14 13:46:12,074 DEBUG block.SCMBlockDeletingService (SCMBlockDeletingService.java:call(138)) - Running DeletedBlockTransactionScanner
2019-06-14 13:46:12,074 DEBUG block.SCMBlockDeletingService (SCMBlockDeletingService.java:call(155)) - Scanned deleted blocks log and got 0 delTX to process.
2019-06-14 13:46:12,079 INFO  client.GrpcClientProtocolClient (GrpcClientProtocolClient.java:onNext(254)) - client-E0FA40453D59->0c156e3c-57cc-425b-90ef-9bcaa62a7535: receive RaftClientReply:client-E0FA40453D59->0c156e3c-57cc-425b-90ef-9bcaa62a7535@group-7704A457760D, cid=4161, SUCCESS, logIndex=6984, commits[0c156e3c-57cc-425b-90ef-9bcaa62a7535:c6984]
2019-06-14 13:46:12,080 INFO  client.GrpcClientProtocolClient (GrpcClientProtocolClient.java:onNext(254)) - client-E0FA40453D59->0c156e3c-57cc-425b-90ef-9bcaa62a7535: receive RaftClientReply:client-E0FA40453D59->0c156e3c-57cc-425b-90ef-9bcaa62a7535@group-7704A457760D, cid=4162, SUCCESS, logIndex=6986, commits[0c156e3c-57cc-425b-90ef-9bcaa62a7535:c6986]
2019-06-14 13:46:12,081 INFO  client.GrpcClientProtocolClient (GrpcClientProtocolClient.java:onNext(254)) - client-E0FA40453D59->0c156e3c-57cc-425b-90ef-9bcaa62a7535: receive RaftClientReply:client-E0FA40453D59->0c156e3c-57cc-425b-90ef-9bcaa62a7535@group-7704A457760D, cid=4163, SUCCESS, logIndex=6987, commits[0c156e3c-57cc-425b-90ef-9bcaa62a7535:c6989]
2019-06-14 13:46:12,081 INFO  client.GrpcClientProtocolClient (GrpcClientProtocolClient.java:onNext(254)) - client-E0FA40453D59->0c156e3c-57cc-425b-90ef-9bcaa62a7535: receive RaftClientReply:client-E0FA40453D59->0c156e3c-57cc-425b-90ef-9bcaa62a7535@group-7704A457760D, cid=4164, SUCCESS, logIndex=6988, commits[0c156e3c-57cc-425b-90ef-9bcaa62a7535:c6989]
2019-06-14 13:46:12,087 INFO  client.GrpcClientProtocolClient (GrpcClientProtocolClient.java:onNext(254)) - client-E0FA40453D59->0c156e3c-57cc-425b-90ef-9bcaa62a7535: receive RaftClientReply:client-E0FA40453D59->0c156e3c-57cc-425b-90ef-9bcaa62a7535@group-7704A457760D, cid=4165, SUCCESS, logIndex=6990, commits[0c156e3c-57cc-425b-90ef-9bcaa62a7535:c6990]
2019-06-14 13:46:12,087 INFO  storage.RaftLogWorker (RaftLogWorker.java:rollLogSegment(303)) - 0c156e3c-57cc-425b-90ef-9bcaa62a7535-RaftLogWorker: Rolling segment log-6925_6993 to index:6993
2019-06-14 13:46:12,089 INFO  storage.RaftLogWorker (RaftLogWorker.java:execute(433)) - 0c156e3c-57cc-425b-90ef-9bcaa62a7535-RaftLogWorker: Rolled log segment from /opt/src/hadoop-ozone/integration-test/target/test-dir/MiniOzoneClusterImpl-8919240e-7e15-4dbf-8bf4-c210578586bb/datanode-0/data/ratis/1fc53845-3381-4beb-82f9-7704a457760d/current/log_inprogress_6925 to /opt/src/hadoop-ozone/integration-test/target/test-dir/MiniOzoneClusterImpl-8919240e-7e15-4dbf-8bf4-c210578586bb/datanode-0/data/ratis/1fc53845-3381-4beb-82f9-7704a457760d/current/log_6925-6993
2019-06-14 13:46:12,089 INFO  client.GrpcClientProtocolClient (GrpcClientProtocolClient.java:onNext(254)) - client-E0FA40453D59->0c156e3c-57cc-425b-90ef-9bcaa62a7535: receive RaftClientReply:client-E0FA40453D59->0c156e3c-57cc-425b-90ef-9bcaa62a7535@group-7704A457760D, cid=4166, SUCCESS, logIndex=6992, commits[0c156e3c-57cc-425b-90ef-9bcaa62a7535:c6992]
2019-06-14 13:46:12,140 INFO  client.GrpcClientProtocolClient (GrpcClientProtocolClient.java:onNext(254)) - client-E0FA40453D59->0c156e3c-57cc-425b-90ef-9bcaa62a7535: receive RaftClientReply:client-E0FA40453D59->0c156e3c-57cc-425b-90ef-9bcaa62a7535@group-7704A457760D, cid=4167, SUCCESS, logIndex=6993, commits[0c156e3c-57cc-425b-90ef-9bcaa62a7535:c6993]
2019-06-14 13:46:12,163 INFO  storage.RaftLogWorker (RaftLogWorker.java:execute(469)) - 0c156e3c-57cc-425b-90ef-9bcaa62a7535-RaftLogWorker: created new log segment /opt/src/hadoop-ozone/integration-test/target/test-dir/MiniOzoneClusterImpl-8919240e-7e15-4dbf-8bf4-c210578586bb/datanode-0/data/ratis/1fc53845-3381-4beb-82f9-7704a457760d/current/log_inprogress_6994
2019-06-14 13:46:12,165 INFO  client.GrpcClientProtocolClient (GrpcClientProtocolClient.java:onNext(254)) - client-E0FA40453D59->0c156e3c-57cc-425b-90ef-9bcaa62a7535: receive RaftClientReply:client-E0FA40453D59->0c156e3c-57cc-425b-90ef-9bcaa62a7535@group-7704A457760D, cid=4168, SUCCESS, logIndex=6994, commits[0c156e3c-57cc-425b-90ef-9bcaa62a7535:c6996]
2019-06-14 13:46:12,174 DEBUG block.SCMBlockDeletingService (SCMBlockDeletingService.java:call(138)) - Running DeletedBlockTransactionScanner
2019-06-14 13:46:12,175 DEBUG block.SCMBlockDeletingService (SCMBlockDeletingService.java:call(155)) - Scanned deleted blocks log and got 0 delTX to process.
2019-06-14 13:46:12,176 INFO  client.GrpcClientProtocolClient (GrpcClientProtocolClient.java:onNext(254)) - client-E0FA40453D59->0c156e3c-57cc-425b-90ef-9bcaa62a7535: receive RaftClientReply:client-E0FA40453D59->0c156e3c-57cc-425b-90ef-9bcaa62a7535@group-7704A457760D, cid=4169, SUCCESS, logIndex=6997, commits[0c156e3c-57cc-425b-90ef-9bcaa62a7535:c6997]
2019-06-14 13:46:12,177 INFO  client.GrpcClientProtocolClient (GrpcClientProtocolClient.java:onNext(254)) - client-E0FA40453D59->0c156e3c-57cc-425b-90ef-9bcaa62a7535: receive RaftClientReply:client-E0FA40453D59->0c156e3c-57cc-425b-90ef-9bcaa62a7535@group-7704A457760D, cid=4170, SUCCESS, logIndex=6999, commits[0c156e3c-57cc-425b-90ef-9bcaa62a7535:c6999]
2019-06-14 13:46:12,178 INFO  client.GrpcClientProtocolClient (GrpcClientProtocolClient.java:onNext(254)) - client-E0FA40453D59->0c156e3c-57cc-425b-90ef-9bcaa62a7535: receive RaftClientReply:client-E0FA40453D59->0c156e3c-57cc-425b-90ef-9bcaa62a7535@group-7704A457760D, cid=4171, SUCCESS, logIndex=7000, commits[0c156e3c-57cc-425b-90ef-9bcaa62a7535:c7002]
2019-06-14 13:46:12,178 INFO  client.GrpcClientProtocolClient (GrpcClientProtocolClient.java:onNext(254)) - client-E0FA40453D59->0c156e3c-57cc-425b-90ef-9bcaa62a7535: receive RaftClientReply:client-E0FA40453D59->0c156e3c-57cc-425b-90ef-9bcaa62a7535@group-7704A457760D, cid=4172, SUCCESS, logIndex=7001, commits[0c156e3c-57cc-425b-90ef-9bcaa62a7535:c7002]
2019-06-14 13:46:12,184 INFO  client.GrpcClientProtocolClient (GrpcClientProtocolClient.java:onNext(254)) - client-E0FA40453D59->0c156e3c-57cc-425b-90ef-9bcaa62a7535: receive RaftClientReply:client-E0FA40453D59->0c156e3c-57cc-425b-90ef-9bcaa62a7535@group-7704A457760D, cid=4173, SUCCESS, logIndex=7003, commits[0c156e3c-57cc-425b-90ef-9bcaa62a7535:c7003]
2019-06-14 13:46:12,185 INFO  client.GrpcClientProtocolClient (GrpcClientProtocolClient.java:onNext(254)) - client-E0FA40453D59->0c156e3c-57cc-425b-90ef-9bcaa62a7535: receive RaftClientReply:client-E0FA40453D59->0c156e3c-57cc-425b-90ef-9bcaa62a7535@group-7704A457760D, cid=4174, SUCCESS, logIndex=7005, commits[0c156e3c-57cc-425b-90ef-9bcaa62a7535:c7005]
2019-06-14 13:46:12,186 INFO  client.GrpcClientProtocolClient (GrpcClientProtocolClient.java:onNext(254)) - client-E0FA40453D59->0c156e3c-57cc-425b-90ef-9bcaa62a7535: receive RaftClientReply:client-E0FA40453D59->0c156e3c-57cc-425b-90ef-9bcaa62a7535@group-7704A457760D, cid=4175, SUCCESS, logIndex=7006, commits[0c156e3c-57cc-425b-90ef-9bcaa62a7535:c7008]
2019-06-14 13:46:12,186 INFO  client.GrpcClientProtocolClient (GrpcClientProtocolClient.java:onNext(254)) - client-E0FA40453D59->0c156e3c-57cc-425b-90ef-9bcaa62a7535: receive RaftClientReply:client-E0FA40453D59->0c156e3c-57cc-425b-90ef-9bcaa62a7535@group-7704A457760D, cid=4176, SUCCESS, logIndex=7007, commits[0c156e3c-57cc-425b-90ef-9bcaa62a7535:c7008]
2019-06-14 13:46:12,197 INFO  client.GrpcClientProtocolClient (GrpcClientProtocolClient.java:onNext(254)) - client-E0FA40453D59->0c156e3c-57cc-425b-90ef-9bcaa62a7535: receive RaftClientReply:client-E0FA40453D59->0c156e3c-57cc-425b-90ef-9bcaa62a7535@group-7704A457760D, cid=4177, SUCCESS, logIndex=7009, commits[0c156e3c-57cc-425b-90ef-9bcaa62a7535:c7009]
2019-06-14 13:46:12,200 INFO  client.GrpcClientProtocolClient (GrpcClientProtocolClient.java:onNext(254)) - client-E0FA40453D59->0c156e3c-57cc-425b-90ef-9bcaa62a7535: receive RaftClientReply:client-E0FA40453D59->0c156e3c-57cc-425b-90ef-9bcaa62a7535@group-7704A457760D, cid=4178, SUCCESS, logIndex=7011, commits[0c156e3c-57cc-425b-90ef-9bcaa62a7535:c7011]
2019-06-14 13:46:12,200 INFO  client.GrpcClientProtocolClient (GrpcClientProtocolClient.java:onNext(254)) - client-E0FA40453D59->0c156e3c-57cc-425b-90ef-9bcaa62a7535: receive RaftClientReply:client-E0FA40453D59->0c156e3c-57cc-425b-90ef-9bcaa62a7535@group-7704A457760D, cid=4179, SUCCESS, logIndex=7012, commits[0c156e3c-57cc-425b-90ef-9bcaa62a7535:c7013]
2019-06-14 13:46:12,201 INFO  client.GrpcClientProtocolClient (GrpcClientProtocolClient.java:onNext(254)) - client-E0FA40453D59->0c156e3c-57cc-425b-90ef-9bcaa62a7535: receive RaftClientReply:client-E0FA40453D59->0c156e3c-57cc-425b-90ef-9bcaa62a7535@group-7704A457760D, cid=4180, SUCCESS, logIndex=7015, commits[0c156e3c-57cc-425b-90ef-9bcaa62a7535:c7015]
2019-06-14 13:46:12,206 INFO  client.GrpcClientProtocolClient (GrpcClientProtocolClient.java:onNext(254)) - client-E0FA40453D59->0c156e3c-57cc-425b-90ef-9bcaa62a7535: receive RaftClientReply:client-E0FA40453D59->0c156e3c-57cc-425b-90ef-9bcaa62a7535@group-7704A457760D, cid=4181, SUCCESS, logIndex=7017, commits[0c156e3c-57cc-425b-90ef-9bcaa62a7535:c7017]
2019-06-14 13:46:12,208 INFO  client.GrpcClientProtocolClient (GrpcClientProtocolClient.java:onNext(254)) - client-E0FA40453D59->0c156e3c-57cc-425b-90ef-9bcaa62a7535: receive RaftClientReply:client-E0FA40453D59->0c156e3c-57cc-425b-90ef-9bcaa62a7535@group-7704A457760D, cid=4182, SUCCESS, logIndex=7019, commits[0c156e3c-57cc-425b-90ef-9bcaa62a7535:c7019]
2019-06-14 13:46:12,209 INFO  client.GrpcClientProtocolClient (GrpcClientProtocolClient.java:onNext(254)) - client-E0FA40453D59->0c156e3c-57cc-425b-90ef-9bcaa62a7535: receive RaftClientReply:client-E0FA40453D59->0c156e3c-57cc-425b-90ef-9bcaa62a7535@group-7704A457760D, cid=4183, SUCCESS, logIndex=7020, commits[0c156e3c-57cc-425b-90ef-9bcaa62a7535:c7022]
2019-06-14 13:46:12,209 INFO  client.GrpcClientProtocolClient (GrpcClientProtocolClient.java:onNext(254)) - client-E0FA40453D59->0c156e3c-57cc-425b-90ef-9bcaa62a7535: receive RaftClientReply:client-E0FA40453D59->0c156e3c-57cc-425b-90ef-9bcaa62a7535@group-7704A457760D, cid=4184, SUCCESS, logIndex=7021, commits[0c156e3c-57cc-425b-90ef-9bcaa62a7535:c7022]
2019-06-14 13:46:12,220 INFO  client.GrpcClientProtocolClient (GrpcClientProtocolClient.java:onNext(254)) - client-E0FA40453D59->0c156e3c-57cc-425b-90ef-9bcaa62a7535: receive RaftClientReply:client-E0FA40453D59->0c156e3c-57cc-425b-90ef-9bcaa62a7535@group-7704A457760D, cid=4185, SUCCESS, logIndex=7023, commits[0c156e3c-57cc-425b-90ef-9bcaa62a7535:c7023]
2019-06-14 13:46:12,222 INFO  client.GrpcClientProtocolClient (GrpcClientProtocolClient.java:onNext(254)) - client-E0FA40453D59->0c156e3c-57cc-425b-90ef-9bcaa62a7535: receive RaftClientReply:client-E0FA40453D59->0c156e3c-57cc-425b-90ef-9bcaa62a7535@group-7704A457760D, cid=4186, SUCCESS, logIndex=7025, commits[0c156e3c-57cc-425b-90ef-9bcaa62a7535:c7025]
2019-06-14 13:46:12,222 INFO  client.GrpcClientProtocolClient (GrpcClientProtocolClient.java:onNext(254)) - client-E0FA40453D59->0c156e3c-57cc-425b-90ef-9bcaa62a7535: receive RaftClientReply:client-E0FA40453D59->0c156e3c-57cc-425b-90ef-9bcaa62a7535@group-7704A457760D, cid=4187, SUCCESS, logIndex=7026, commits[0c156e3c-57cc-425b-90ef-9bcaa62a7535:c7027]
2019-06-14 13:46:12,224 INFO  client.GrpcClientProtocolClient (GrpcClientProtocolClient.java:onNext(254)) - client-E0FA40453D59->0c156e3c-57cc-425b-90ef-9bcaa62a7535: receive RaftClientReply:client-E0FA40453D59->0c156e3c-57cc-425b-90ef-9bcaa62a7535@group-7704A457760D, cid=4188, SUCCESS, logIndex=7028, commits[0c156e3c-57cc-425b-90ef-9bcaa62a7535:c7028]
2019-06-14 13:46:12,230 INFO  client.GrpcClientProtocolClient (GrpcClientProtocolClient.java:onNext(254)) - client-E0FA40453D59->0c156e3c-57cc-425b-90ef-9bcaa62a7535: receive RaftClientReply:client-E0FA40453D59->0c156e3c-57cc-425b-90ef-9bcaa62a7535@group-7704A457760D, cid=4189, SUCCESS, logIndex=7030, commits[0c156e3c-57cc-425b-90ef-9bcaa62a7535:c7030]
2019-06-14 13:46:12,231 INFO  client.GrpcClientProtocolClient (GrpcClientProtocolClient.java:onNext(254)) - client-E0FA40453D59->0c156e3c-57cc-425b-90ef-9bcaa62a7535: receive RaftClientReply:client-E0FA40453D59->0c156e3c-57cc-425b-90ef-9bcaa62a7535@group-7704A457760D, cid=4190, SUCCESS, logIndex=7032, commits[0c156e3c-57cc-425b-90ef-9bcaa62a7535:c7032]
2019-06-14 13:46:12,232 INFO  client.GrpcClientProtocolClient (GrpcClientProtocolClient.java:onNext(254)) - client-E0FA40453D59->0c156e3c-57cc-425b-90ef-9bcaa62a7535: receive RaftClientReply:client-E0FA40453D59->0c156e3c-57cc-425b-90ef-9bcaa62a7535@group-7704A457760D, cid=4191, SUCCESS, logIndex=7033, commits[0c156e3c-57cc-425b-90ef-9bcaa62a7535:c7035]
2019-06-14 13:46:12,232 INFO  client.GrpcClientProtocolClient (GrpcClientProtocolClient.java:onNext(254)) - client-E0FA40453D59->0c156e3c-57cc-425b-90ef-9bcaa62a7535: receive RaftClientReply:client-E0FA40453D59->0c156e3c-57cc-425b-90ef-9bcaa62a7535@group-7704A457760D, cid=4192, SUCCESS, logIndex=7034, commits[0c156e3c-57cc-425b-90ef-9bcaa62a7535:c7035]
2019-06-14 13:46:12,244 INFO  client.GrpcClientProtocolClient (GrpcClientProtocolClient.java:onNext(254)) - client-E0FA40453D59->0c156e3c-57cc-425b-90ef-9bcaa62a7535: receive RaftClientReply:client-E0FA40453D59->0c156e3c-57cc-425b-90ef-9bcaa62a7535@group-7704A457760D, cid=4193, SUCCESS, logIndex=7036, commits[0c156e3c-57cc-425b-90ef-9bcaa62a7535:c7036]
2019-06-14 13:46:12,246 INFO  client.GrpcClientProtocolClient (GrpcClientProtocolClient.java:onNext(254)) - client-E0FA40453D59->0c156e3c-57cc-425b-90ef-9bcaa62a7535: receive RaftClientReply:client-E0FA40453D59->0c156e3c-57cc-425b-90ef-9bcaa62a7535@group-7704A457760D, cid=4194, SUCCESS, logIndex=7038, commits[0c156e3c-57cc-425b-90ef-9bcaa62a7535:c7038]
2019-06-14 13:46:12,247 INFO  client.GrpcClientProtocolClient (GrpcClientProtocolClient.java:onNext(254)) - client-E0FA40453D59->0c156e3c-57cc-425b-90ef-9bcaa62a7535: receive RaftClientReply:client-E0FA40453D59->0c156e3c-57cc-425b-90ef-9bcaa62a7535@group-7704A457760D, cid=4195, SUCCESS, logIndex=7039, commits[0c156e3c-57cc-425b-90ef-9bcaa62a7535:c7039]
2019-06-14 13:46:12,247 INFO  client.GrpcClientProtocolClient (GrpcClientProtocolClient.java:onNext(254)) - client-E0FA40453D59->0c156e3c-57cc-425b-90ef-9bcaa62a7535: receive RaftClientReply:client-E0FA40453D59->0c156e3c-57cc-425b-90ef-9bcaa62a7535@group-7704A457760D, cid=4196, SUCCESS, logIndex=7042, commits[0c156e3c-57cc-425b-90ef-9bcaa62a7535:c7042]
2019-06-14 13:46:12,254 INFO  client.GrpcClientProtocolClient (GrpcClientProtocolClient.java:onNext(254)) - client-E0FA40453D59->0c156e3c-57cc-425b-90ef-9bcaa62a7535: receive RaftClientReply:client-E0FA40453D59->0c156e3c-57cc-425b-90ef-9bcaa62a7535@group-7704A457760D, cid=4197, SUCCESS, logIndex=7044, commits[0c156e3c-57cc-425b-90ef-9bcaa62a7535:c7044]
2019-06-14 13:46:12,255 INFO  client.GrpcClientProtocolClient (GrpcClientProtocolClient.java:onNext(254)) - client-E0FA40453D59->0c156e3c-57cc-425b-90ef-9bcaa62a7535: receive RaftClientReply:client-E0FA40453D59->0c156e3c-57cc-425b-90ef-9bcaa62a7535@group-7704A457760D, cid=4198, SUCCESS, logIndex=7046, commits[0c156e3c-57cc-425b-90ef-9bcaa62a7535:c7046]
2019-06-14 13:46:12,275 DEBUG block.SCMBlockDeletingService (SCMBlockDeletingService.java:call(138)) - Running DeletedBlockTransactionScanner
2019-06-14 13:46:12,275 DEBUG block.SCMBlockDeletingService (SCMBlockDeletingService.java:call(155)) - Scanned deleted blocks log and got 0 delTX to process.
2019-06-14 13:46:12,331 INFO  client.GrpcClientProtocolClient (GrpcClientProtocolClient.java:onNext(254)) - client-E0FA40453D59->0c156e3c-57cc-425b-90ef-9bcaa62a7535: receive RaftClientReply:client-E0FA40453D59->0c156e3c-57cc-425b-90ef-9bcaa62a7535@group-7704A457760D, cid=4199, SUCCESS, logIndex=7048, commits[0c156e3c-57cc-425b-90ef-9bcaa62a7535:c7048]
2019-06-14 13:46:12,332 INFO  client.GrpcClientProtocolClient (GrpcClientProtocolClient.java:onNext(254)) - client-E0FA40453D59->0c156e3c-57cc-425b-90ef-9bcaa62a7535: receive RaftClientReply:client-E0FA40453D59->0c156e3c-57cc-425b-90ef-9bcaa62a7535@group-7704A457760D, cid=4200, SUCCESS, logIndex=7050, commits[0c156e3c-57cc-425b-90ef-9bcaa62a7535:c7050]
2019-06-14 13:46:12,342 INFO  client.GrpcClientProtocolClient (GrpcClientProtocolClient.java:onNext(254)) - client-E0FA40453D59->0c156e3c-57cc-425b-90ef-9bcaa62a7535: receive RaftClientReply:client-E0FA40453D59->0c156e3c-57cc-425b-90ef-9bcaa62a7535@group-7704A457760D, cid=4201, SUCCESS, logIndex=7052, commits[0c156e3c-57cc-425b-90ef-9bcaa62a7535:c7052]
2019-06-14 13:46:12,343 INFO  client.GrpcClientProtocolClient (GrpcClientProtocolClient.java:onNext(254)) - client-E0FA40453D59->0c156e3c-57cc-425b-90ef-9bcaa62a7535: receive RaftClientReply:client-E0FA40453D59->0c156e3c-57cc-425b-90ef-9bcaa62a7535@group-7704A457760D, cid=4202, SUCCESS, logIndex=7054, commits[0c156e3c-57cc-425b-90ef-9bcaa62a7535:c7054]
2019-06-14 13:46:12,344 INFO  client.GrpcClientProtocolClient (GrpcClientProtocolClient.java:onNext(254)) - client-E0FA40453D59->0c156e3c-57cc-425b-90ef-9bcaa62a7535: receive RaftClientReply:client-E0FA40453D59->0c156e3c-57cc-425b-90ef-9bcaa62a7535@group-7704A457760D, cid=4203, SUCCESS, logIndex=7055, commits[0c156e3c-57cc-425b-90ef-9bcaa62a7535:c7057]
2019-06-14 13:46:12,344 INFO  client.GrpcClientProtocolClient (GrpcClientProtocolClient.java:onNext(254)) - client-E0FA40453D59->0c156e3c-57cc-425b-90ef-9bcaa62a7535: receive RaftClientReply:client-E0FA40453D59->0c156e3c-57cc-425b-90ef-9bcaa62a7535@group-7704A457760D, cid=4204, SUCCESS, logIndex=7056, commits[0c156e3c-57cc-425b-90ef-9bcaa62a7535:c7057]
2019-06-14 13:46:12,349 INFO  client.GrpcClientProtocolClient (GrpcClientProtocolClient.java:onNext(254)) - client-E0FA40453D59->0c156e3c-57cc-425b-90ef-9bcaa62a7535: receive RaftClientReply:client-E0FA40453D59->0c156e3c-57cc-425b-90ef-9bcaa62a7535@group-7704A457760D, cid=4205, SUCCESS, logIndex=7058, commits[0c156e3c-57cc-425b-90ef-9bcaa62a7535:c7058]
2019-06-14 13:46:12,350 INFO  client.GrpcClientProtocolClient (GrpcClientProtocolClient.java:onNext(254)) - client-E0FA40453D59->0c156e3c-57cc-425b-90ef-9bcaa62a7535: receive RaftClientReply:client-E0FA40453D59->0c156e3c-57cc-425b-90ef-9bcaa62a7535@group-7704A457760D, cid=4206, SUCCESS, logIndex=7060, commits[0c156e3c-57cc-425b-90ef-9bcaa62a7535:c7060]
2019-06-14 13:46:12,351 INFO  client.GrpcClientProtocolClient (GrpcClientProtocolClient.java:onNext(254)) - client-E0FA40453D59->0c156e3c-57cc-425b-90ef-9bcaa62a7535: receive RaftClientReply:client-E0FA40453D59->0c156e3c-57cc-425b-90ef-9bcaa62a7535@group-7704A457760D, cid=4207, SUCCESS, logIndex=7061, commits[0c156e3c-57cc-425b-90ef-9bcaa62a7535:c7062]
2019-06-14 13:46:12,352 INFO  client.GrpcClientProtocolClient (GrpcClientProtocolClient.java:onNext(254)) - client-E0FA40453D59->0c156e3c-57cc-425b-90ef-9bcaa62a7535: receive RaftClientReply:client-E0FA40453D59->0c156e3c-57cc-425b-90ef-9bcaa62a7535@group-7704A457760D, cid=4208, SUCCESS, logIndex=7063, commits[0c156e3c-57cc-425b-90ef-9bcaa62a7535:c7063]
2019-06-14 13:46:12,361 INFO  client.GrpcClientProtocolClient (GrpcClientProtocolClient.java:onNext(254)) - client-E0FA40453D59->0c156e3c-57cc-425b-90ef-9bcaa62a7535: receive RaftClientReply:client-E0FA40453D59->0c156e3c-57cc-425b-90ef-9bcaa62a7535@group-7704A457760D, cid=4209, SUCCESS, logIndex=7065, commits[0c156e3c-57cc-425b-90ef-9bcaa62a7535:c7065]
2019-06-14 13:46:12,362 INFO  storage.RaftLogWorker (RaftLogWorker.java:rollLogSegment(303)) - 0c156e3c-57cc-425b-90ef-9bcaa62a7535-RaftLogWorker: Rolling segment log-6994_7067 to index:7067
2019-06-14 13:46:12,362 INFO  storage.RaftLogWorker (RaftLogWorker.java:execute(433)) - 0c156e3c-57cc-425b-90ef-9bcaa62a7535-RaftLogWorker: Rolled log segment from /opt/src/hadoop-ozone/integration-test/target/test-dir/MiniOzoneClusterImpl-8919240e-7e15-4dbf-8bf4-c210578586bb/datanode-0/data/ratis/1fc53845-3381-4beb-82f9-7704a457760d/current/log_inprogress_6994 to /opt/src/hadoop-ozone/integration-test/target/test-dir/MiniOzoneClusterImpl-8919240e-7e15-4dbf-8bf4-c210578586bb/datanode-0/data/ratis/1fc53845-3381-4beb-82f9-7704a457760d/current/log_6994-7067
2019-06-14 13:46:12,366 INFO  client.GrpcClientProtocolClient (GrpcClientProtocolClient.java:onNext(254)) - client-E0FA40453D59->0c156e3c-57cc-425b-90ef-9bcaa62a7535: receive RaftClientReply:client-E0FA40453D59->0c156e3c-57cc-425b-90ef-9bcaa62a7535@group-7704A457760D, cid=4210, SUCCESS, logIndex=7067, commits[0c156e3c-57cc-425b-90ef-9bcaa62a7535:c7067]
2019-06-14 13:46:12,375 DEBUG block.SCMBlockDeletingService (SCMBlockDeletingService.java:call(138)) - Running DeletedBlockTransactionScanner
2019-06-14 13:46:12,375 DEBUG block.SCMBlockDeletingService (SCMBlockDeletingService.java:call(155)) - Scanned deleted blocks log and got 0 delTX to process.
2019-06-14 13:46:12,398 INFO  storage.RaftLogWorker (RaftLogWorker.java:execute(469)) - 0c156e3c-57cc-425b-90ef-9bcaa62a7535-RaftLogWorker: created new log segment /opt/src/hadoop-ozone/integration-test/target/test-dir/MiniOzoneClusterImpl-8919240e-7e15-4dbf-8bf4-c210578586bb/datanode-0/data/ratis/1fc53845-3381-4beb-82f9-7704a457760d/current/log_inprogress_7068
2019-06-14 13:46:12,399 INFO  client.GrpcClientProtocolClient (GrpcClientProtocolClient.java:onNext(254)) - client-E0FA40453D59->0c156e3c-57cc-425b-90ef-9bcaa62a7535: receive RaftClientReply:client-E0FA40453D59->0c156e3c-57cc-425b-90ef-9bcaa62a7535@group-7704A457760D, cid=4211, SUCCESS, logIndex=7068, commits[0c156e3c-57cc-425b-90ef-9bcaa62a7535:c7070]
2019-06-14 13:46:12,399 INFO  client.GrpcClientProtocolClient (GrpcClientProtocolClient.java:onNext(254)) - client-E0FA40453D59->0c156e3c-57cc-425b-90ef-9bcaa62a7535: receive RaftClientReply:client-E0FA40453D59->0c156e3c-57cc-425b-90ef-9bcaa62a7535@group-7704A457760D, cid=4212, SUCCESS, logIndex=7070, commits[0c156e3c-57cc-425b-90ef-9bcaa62a7535:c7070]
2019-06-14 13:46:12,404 INFO  client.GrpcClientProtocolClient (GrpcClientProtocolClient.java:onNext(254)) - client-E0FA40453D59->0c156e3c-57cc-425b-90ef-9bcaa62a7535: receive RaftClientReply:client-E0FA40453D59->0c156e3c-57cc-425b-90ef-9bcaa62a7535@group-7704A457760D, cid=4213, SUCCESS, logIndex=7072, commits[0c156e3c-57cc-425b-90ef-9bcaa62a7535:c7072]
2019-06-14 13:46:12,405 INFO  client.GrpcClientProtocolClient (GrpcClientProtocolClient.java:onNext(254)) - client-E0FA40453D59->0c156e3c-57cc-425b-90ef-9bcaa62a7535: receive RaftClientReply:client-E0FA40453D59->0c156e3c-57cc-425b-90ef-9bcaa62a7535@group-7704A457760D, cid=4214, SUCCESS, logIndex=7074, commits[0c156e3c-57cc-425b-90ef-9bcaa62a7535:c7074]
2019-06-14 13:46:12,406 INFO  client.GrpcClientProtocolClient (GrpcClientProtocolClient.java:onNext(254)) - client-E0FA40453D59->0c156e3c-57cc-425b-90ef-9bcaa62a7535: receive RaftClientReply:client-E0FA40453D59->0c156e3c-57cc-425b-90ef-9bcaa62a7535@group-7704A457760D, cid=4215, SUCCESS, logIndex=7075, commits[0c156e3c-57cc-425b-90ef-9bcaa62a7535:c7077]
2019-06-14 13:46:12,407 INFO  client.GrpcClientProtocolClient (GrpcClientProtocolClient.java:onNext(254)) - client-E0FA40453D59->0c156e3c-57cc-425b-90ef-9bcaa62a7535: receive RaftClientReply:client-E0FA40453D59->0c156e3c-57cc-425b-90ef-9bcaa62a7535@group-7704A457760D, cid=4216, SUCCESS, logIndex=7076, commits[0c156e3c-57cc-425b-90ef-9bcaa62a7535:c7077]
2019-06-14 13:46:12,416 INFO  client.GrpcClientProtocolClient (GrpcClientProtocolClient.java:onNext(254)) - client-E0FA40453D59->0c156e3c-57cc-425b-90ef-9bcaa62a7535: receive RaftClientReply:client-E0FA40453D59->0c156e3c-57cc-425b-90ef-9bcaa62a7535@group-7704A457760D, cid=4217, SUCCESS, logIndex=7078, commits[0c156e3c-57cc-425b-90ef-9bcaa62a7535:c7078]
2019-06-14 13:46:12,417 INFO  client.GrpcClientProtocolClient (GrpcClientProtocolClient.java:onNext(254)) - client-E0FA40453D59->0c156e3c-57cc-425b-90ef-9bcaa62a7535: receive RaftClientReply:client-E0FA40453D59->0c156e3c-57cc-425b-90ef-9bcaa62a7535@group-7704A457760D, cid=4218, SUCCESS, logIndex=7080, commits[0c156e3c-57cc-425b-90ef-9bcaa62a7535:c7080]
2019-06-14 13:46:12,418 INFO  client.GrpcClientProtocolClient (GrpcClientProtocolClient.java:onNext(254)) - client-E0FA40453D59->0c156e3c-57cc-425b-90ef-9bcaa62a7535: receive RaftClientReply:client-E0FA40453D59->0c156e3c-57cc-425b-90ef-9bcaa62a7535@group-7704A457760D, cid=4219, SUCCESS, logIndex=7081, commits[0c156e3c-57cc-425b-90ef-9bcaa62a7535:c7083]
2019-06-14 13:46:12,419 INFO  client.GrpcClientProtocolClient (GrpcClientProtocolClient.java:onNext(254)) - client-E0FA40453D59->0c156e3c-57cc-425b-90ef-9bcaa62a7535: receive RaftClientReply:client-E0FA40453D59->0c156e3c-57cc-425b-90ef-9bcaa62a7535@group-7704A457760D, cid=4220, SUCCESS, logIndex=7082, commits[0c156e3c-57cc-425b-90ef-9bcaa62a7535:c7083]
2019-06-14 13:46:12,423 INFO  client.GrpcClientProtocolClient (GrpcClientProtocolClient.java:onNext(254)) - client-E0FA40453D59->0c156e3c-57cc-425b-90ef-9bcaa62a7535: receive RaftClientReply:client-E0FA40453D59->0c156e3c-57cc-425b-90ef-9bcaa62a7535@group-7704A457760D, cid=4221, SUCCESS, logIndex=7084, commits[0c156e3c-57cc-425b-90ef-9bcaa62a7535:c7084]
2019-06-14 13:46:12,424 INFO  client.GrpcClientProtocolClient (GrpcClientProtocolClient.java:onNext(254)) - client-E0FA40453D59->0c156e3c-57cc-425b-90ef-9bcaa62a7535: receive RaftClientReply:client-E0FA40453D59->0c156e3c-57cc-425b-90ef-9bcaa62a7535@group-7704A457760D, cid=4222, SUCCESS, logIndex=7086, commits[0c156e3c-57cc-425b-90ef-9bcaa62a7535:c7086]
2019-06-14 13:46:12,425 INFO  client.GrpcClientProtocolClient (GrpcClientProtocolClient.java:onNext(254)) - client-E0FA40453D59->0c156e3c-57cc-425b-90ef-9bcaa62a7535: receive RaftClientReply:client-E0FA40453D59->0c156e3c-57cc-425b-90ef-9bcaa62a7535@group-7704A457760D, cid=4223, SUCCESS, logIndex=7087, commits[0c156e3c-57cc-425b-90ef-9bcaa62a7535:c7089]
2019-06-14 13:46:12,425 INFO  client.GrpcClientProtocolClient (GrpcClientProtocolClient.java:onNext(254)) - client-E0FA40453D59->0c156e3c-57cc-425b-90ef-9bcaa62a7535: receive RaftClientReply:client-E0FA40453D59->0c156e3c-57cc-425b-90ef-9bcaa62a7535@group-7704A457760D, cid=4224, SUCCESS, logIndex=7088, commits[0c156e3c-57cc-425b-90ef-9bcaa62a7535:c7089]
2019-06-14 13:46:12,435 INFO  client.GrpcClientProtocolClient (GrpcClientProtocolClient.java:onNext(254)) - client-E0FA40453D59->0c156e3c-57cc-425b-90ef-9bcaa62a7535: receive RaftClientReply:client-E0FA40453D59->0c156e3c-57cc-425b-90ef-9bcaa62a7535@group-7704A457760D, cid=4225, SUCCESS, logIndex=7090, commits[0c156e3c-57cc-425b-90ef-9bcaa62a7535:c7090]
2019-06-14 13:46:12,436 INFO  client.GrpcClientProtocolClient (GrpcClientProtocolClient.java:onNext(254)) - client-E0FA40453D59->0c156e3c-57cc-425b-90ef-9bcaa62a7535: receive RaftClientReply:client-E0FA40453D59->0c156e3c-57cc-425b-90ef-9bcaa62a7535@group-7704A457760D, cid=4226, SUCCESS, logIndex=7092, commits[0c156e3c-57cc-425b-90ef-9bcaa62a7535:c7092]
2019-06-14 13:46:12,437 INFO  client.GrpcClientProtocolClient (GrpcClientProtocolClient.java:onNext(254)) - client-E0FA40453D59->0c156e3c-57cc-425b-90ef-9bcaa62a7535: receive RaftClientReply:client-E0FA40453D59->0c156e3c-57cc-425b-90ef-9bcaa62a7535@group-7704A457760D, cid=4227, SUCCESS, logIndex=7093, commits[0c156e3c-57cc-425b-90ef-9bcaa62a7535:c7095]
2019-06-14 13:46:12,437 INFO  client.GrpcClientProtocolClient (GrpcClientProtocolClient.java:onNext(254)) - client-E0FA40453D59->0c156e3c-57cc-425b-90ef-9bcaa62a7535: receive RaftClientReply:client-E0FA40453D59->0c156e3c-57cc-425b-90ef-9bcaa62a7535@group-7704A457760D, cid=4228, SUCCESS, logIndex=7094, commits[0c156e3c-57cc-425b-90ef-9bcaa62a7535:c7095]
2019-06-14 13:46:12,442 INFO  client.GrpcClientProtocolClient (GrpcClientProtocolClient.java:onNext(254)) - client-E0FA40453D59->0c156e3c-57cc-425b-90ef-9bcaa62a7535: receive RaftClientReply:client-E0FA40453D59->0c156e3c-57cc-425b-90ef-9bcaa62a7535@group-7704A457760D, cid=4229, SUCCESS, logIndex=7096, commits[0c156e3c-57cc-425b-90ef-9bcaa62a7535:c7096]
2019-06-14 13:46:12,446 INFO  client.GrpcClientProtocolClient (GrpcClientProtocolClient.java:onNext(254)) - client-E0FA40453D59->0c156e3c-57cc-425b-90ef-9bcaa62a7535: receive RaftClientReply:client-E0FA40453D59->0c156e3c-57cc-425b-90ef-9bcaa62a7535@group-7704A457760D, cid=4230, SUCCESS, logIndex=7098, commits[0c156e3c-57cc-425b-90ef-9bcaa62a7535:c7100]
2019-06-14 13:46:12,449 INFO  client.GrpcClientProtocolClient (GrpcClientProtocolClient.java:onNext(254)) - client-E0FA40453D59->0c156e3c-57cc-425b-90ef-9bcaa62a7535: receive RaftClientReply:client-E0FA40453D59->0c156e3c-57cc-425b-90ef-9bcaa62a7535@group-7704A457760D, cid=4231, SUCCESS, logIndex=7099, commits[0c156e3c-57cc-425b-90ef-9bcaa62a7535:c7100]
2019-06-14 13:46:12,449 INFO  client.GrpcClientProtocolClient (GrpcClientProtocolClient.java:onNext(254)) - client-E0FA40453D59->0c156e3c-57cc-425b-90ef-9bcaa62a7535: receive RaftClientReply:client-E0FA40453D59->0c156e3c-57cc-425b-90ef-9bcaa62a7535@group-7704A457760D, cid=4232, SUCCESS, logIndex=7100, commits[0c156e3c-57cc-425b-90ef-9bcaa62a7535:c7101]
2019-06-14 13:46:12,459 INFO  client.GrpcClientProtocolClient (GrpcClientProtocolClient.java:onNext(254)) - client-E0FA40453D59->0c156e3c-57cc-425b-90ef-9bcaa62a7535: receive RaftClientReply:client-E0FA40453D59->0c156e3c-57cc-425b-90ef-9bcaa62a7535@group-7704A457760D, cid=4233, SUCCESS, logIndex=7102, commits[0c156e3c-57cc-425b-90ef-9bcaa62a7535:c7102]
2019-06-14 13:46:12,460 INFO  client.GrpcClientProtocolClient (GrpcClientProtocolClient.java:onNext(254)) - client-E0FA40453D59->0c156e3c-57cc-425b-90ef-9bcaa62a7535: receive RaftClientReply:client-E0FA40453D59->0c156e3c-57cc-425b-90ef-9bcaa62a7535@group-7704A457760D, cid=4234, SUCCESS, logIndex=7104, commits[0c156e3c-57cc-425b-90ef-9bcaa62a7535:c7104]
2019-06-14 13:46:12,461 INFO  client.GrpcClientProtocolClient (GrpcClientProtocolClient.java:onNext(254)) - client-E0FA40453D59->0c156e3c-57cc-425b-90ef-9bcaa62a7535: receive RaftClientReply:client-E0FA40453D59->0c156e3c-57cc-425b-90ef-9bcaa62a7535@group-7704A457760D, cid=4235, SUCCESS, logIndex=7105, commits[0c156e3c-57cc-425b-90ef-9bcaa62a7535:c7107]
2019-06-14 13:46:12,461 INFO  client.GrpcClientProtocolClient (GrpcClientProtocolClient.java:onNext(254)) - client-E0FA40453D59->0c156e3c-57cc-425b-90ef-9bcaa62a7535: receive RaftClientReply:client-E0FA40453D59->0c156e3c-57cc-425b-90ef-9bcaa62a7535@group-7704A457760D, cid=4236, SUCCESS, logIndex=7106, commits[0c156e3c-57cc-425b-90ef-9bcaa62a7535:c7107]
2019-06-14 13:46:12,466 INFO  client.GrpcClientProtocolClient (GrpcClientProtocolClient.java:onNext(254)) - client-E0FA40453D59->0c156e3c-57cc-425b-90ef-9bcaa62a7535: receive RaftClientReply:client-E0FA40453D59->0c156e3c-57cc-425b-90ef-9bcaa62a7535@group-7704A457760D, cid=4237, SUCCESS, logIndex=7108, commits[0c156e3c-57cc-425b-90ef-9bcaa62a7535:c7108]
2019-06-14 13:46:12,467 INFO  client.GrpcClientProtocolClient (GrpcClientProtocolClient.java:onNext(254)) - client-E0FA40453D59->0c156e3c-57cc-425b-90ef-9bcaa62a7535: receive RaftClientReply:client-E0FA40453D59->0c156e3c-57cc-425b-90ef-9bcaa62a7535@group-7704A457760D, cid=4238, SUCCESS, logIndex=7110, commits[0c156e3c-57cc-425b-90ef-9bcaa62a7535:c7110]
2019-06-14 13:46:12,468 INFO  client.GrpcClientProtocolClient (GrpcClientProtocolClient.java:onNext(254)) - client-E0FA40453D59->0c156e3c-57cc-425b-90ef-9bcaa62a7535: receive RaftClientReply:client-E0FA40453D59->0c156e3c-57cc-425b-90ef-9bcaa62a7535@group-7704A457760D, cid=4239, SUCCESS, logIndex=7111, commits[0c156e3c-57cc-425b-90ef-9bcaa62a7535:c7113]
2019-06-14 13:46:12,468 INFO  client.GrpcClientProtocolClient (GrpcClientProtocolClient.java:onNext(254)) - client-E0FA40453D59->0c156e3c-57cc-425b-90ef-9bcaa62a7535: receive RaftClientReply:client-E0FA40453D59->0c156e3c-57cc-425b-90ef-9bcaa62a7535@group-7704A457760D, cid=4240, SUCCESS, logIndex=7112, commits[0c156e3c-57cc-425b-90ef-9bcaa62a7535:c7113]
2019-06-14 13:46:12,510 DEBUG block.SCMBlockDeletingService (SCMBlockDeletingService.java:call(138)) - Running DeletedBlockTransactionScanner
2019-06-14 13:46:12,510 DEBUG block.SCMBlockDeletingService (SCMBlockDeletingService.java:call(155)) - Scanned deleted blocks log and got 0 delTX to process.
2019-06-14 13:46:12,515 INFO  client.GrpcClientProtocolClient (GrpcClientProtocolClient.java:onNext(254)) - client-E0FA40453D59->0c156e3c-57cc-425b-90ef-9bcaa62a7535: receive RaftClientReply:client-E0FA40453D59->0c156e3c-57cc-425b-90ef-9bcaa62a7535@group-7704A457760D, cid=4241, SUCCESS, logIndex=7114, commits[0c156e3c-57cc-425b-90ef-9bcaa62a7535:c7114]
2019-06-14 13:46:12,516 INFO  client.GrpcClientProtocolClient (GrpcClientProtocolClient.java:onNext(254)) - client-E0FA40453D59->0c156e3c-57cc-425b-90ef-9bcaa62a7535: receive RaftClientReply:client-E0FA40453D59->0c156e3c-57cc-425b-90ef-9bcaa62a7535@group-7704A457760D, cid=4242, SUCCESS, logIndex=7116, commits[0c156e3c-57cc-425b-90ef-9bcaa62a7535:c7116]
2019-06-14 13:46:12,584 INFO  client.GrpcClientProtocolClient (GrpcClientProtocolClient.java:onNext(254)) - client-E0FA40453D59->0c156e3c-57cc-425b-90ef-9bcaa62a7535: receive RaftClientReply:client-E0FA40453D59->0c156e3c-57cc-425b-90ef-9bcaa62a7535@group-7704A457760D, cid=4243, SUCCESS, logIndex=7118, commits[0c156e3c-57cc-425b-90ef-9bcaa62a7535:c7118]
2019-06-14 13:46:12,585 INFO  client.GrpcClientProtocolClient (GrpcClientProtocolClient.java:onNext(254)) - client-E0FA40453D59->0c156e3c-57cc-425b-90ef-9bcaa62a7535: receive RaftClientReply:client-E0FA40453D59->0c156e3c-57cc-425b-90ef-9bcaa62a7535@group-7704A457760D, cid=4244, SUCCESS, logIndex=7120, commits[0c156e3c-57cc-425b-90ef-9bcaa62a7535:c7120]
2019-06-14 13:46:12,590 INFO  client.GrpcClientProtocolClient (GrpcClientProtocolClient.java:onNext(254)) - client-E0FA40453D59->0c156e3c-57cc-425b-90ef-9bcaa62a7535: receive RaftClientReply:client-E0FA40453D59->0c156e3c-57cc-425b-90ef-9bcaa62a7535@group-7704A457760D, cid=4245, SUCCESS, logIndex=7122, commits[0c156e3c-57cc-425b-90ef-9bcaa62a7535:c7122]
2019-06-14 13:46:12,591 INFO  client.GrpcClientProtocolClient (GrpcClientProtocolClient.java:onNext(254)) - client-E0FA40453D59->0c156e3c-57cc-425b-90ef-9bcaa62a7535: receive RaftClientReply:client-E0FA40453D59->0c156e3c-57cc-425b-90ef-9bcaa62a7535@group-7704A457760D, cid=4246, SUCCESS, logIndex=7124, commits[0c156e3c-57cc-425b-90ef-9bcaa62a7535:c7124]
2019-06-14 13:46:12,593 INFO  client.GrpcClientProtocolClient (GrpcClientProtocolClient.java:onNext(254)) - client-E0FA40453D59->0c156e3c-57cc-425b-90ef-9bcaa62a7535: receive RaftClientReply:client-E0FA40453D59->0c156e3c-57cc-425b-90ef-9bcaa62a7535@group-7704A457760D, cid=4247, SUCCESS, logIndex=7125, commits[0c156e3c-57cc-425b-90ef-9bcaa62a7535:c7127]
2019-06-14 13:46:12,593 INFO  client.GrpcClientProtocolClient (GrpcClientProtocolClient.java:onNext(254)) - client-E0FA40453D59->0c156e3c-57cc-425b-90ef-9bcaa62a7535: receive RaftClientReply:client-E0FA40453D59->0c156e3c-57cc-425b-90ef-9bcaa62a7535@group-7704A457760D, cid=4248, SUCCESS, logIndex=7126, commits[0c156e3c-57cc-425b-90ef-9bcaa62a7535:c7127]
2019-06-14 13:46:12,603 INFO  client.GrpcClientProtocolClient (GrpcClientProtocolClient.java:onNext(254)) - client-E0FA40453D59->0c156e3c-57cc-425b-90ef-9bcaa62a7535: receive RaftClientReply:client-E0FA40453D59->0c156e3c-57cc-425b-90ef-9bcaa62a7535@group-7704A457760D, cid=4249, SUCCESS, logIndex=7128, commits[0c156e3c-57cc-425b-90ef-9bcaa62a7535:c7128]
2019-06-14 13:46:12,606 INFO  client.GrpcClientProtocolClient (GrpcClientProtocolClient.java:onNext(254)) - client-E0FA40453D59->0c156e3c-57cc-425b-90ef-9bcaa62a7535: receive RaftClientReply:client-E0FA40453D59->0c156e3c-57cc-425b-90ef-9bcaa62a7535@group-7704A457760D, cid=4250, SUCCESS, logIndex=7130, commits[0c156e3c-57cc-425b-90ef-9bcaa62a7535:c7130]
2019-06-14 13:46:12,606 INFO  client.GrpcClientProtocolClient (GrpcClientProtocolClient.java:onNext(254)) - client-E0FA40453D59->0c156e3c-57cc-425b-90ef-9bcaa62a7535: receive RaftClientReply:client-E0FA40453D59->0c156e3c-57cc-425b-90ef-9bcaa62a7535@group-7704A457760D, cid=4251, SUCCESS, logIndex=7131, commits[0c156e3c-57cc-425b-90ef-9bcaa62a7535:c7133]
2019-06-14 13:46:12,607 INFO  client.GrpcClientProtocolClient (GrpcClientProtocolClient.java:onNext(254)) - client-E0FA40453D59->0c156e3c-57cc-425b-90ef-9bcaa62a7535: receive RaftClientReply:client-E0FA40453D59->0c156e3c-57cc-425b-90ef-9bcaa62a7535@group-7704A457760D, cid=4252, SUCCESS, logIndex=7132, commits[0c156e3c-57cc-425b-90ef-9bcaa62a7535:c7133]
2019-06-14 13:46:12,610 DEBUG block.SCMBlockDeletingService (SCMBlockDeletingService.java:call(138)) - Running DeletedBlockTransactionScanner
2019-06-14 13:46:12,611 DEBUG block.SCMBlockDeletingService (SCMBlockDeletingService.java:call(155)) - Scanned deleted blocks log and got 0 delTX to process.
2019-06-14 13:46:12,611 INFO  client.GrpcClientProtocolClient (GrpcClientProtocolClient.java:onNext(254)) - client-E0FA40453D59->0c156e3c-57cc-425b-90ef-9bcaa62a7535: receive RaftClientReply:client-E0FA40453D59->0c156e3c-57cc-425b-90ef-9bcaa62a7535@group-7704A457760D, cid=4253, SUCCESS, logIndex=7134, commits[0c156e3c-57cc-425b-90ef-9bcaa62a7535:c7134]
2019-06-14 13:46:12,611 INFO  storage.RaftLogWorker (RaftLogWorker.java:rollLogSegment(303)) - 0c156e3c-57cc-425b-90ef-9bcaa62a7535-RaftLogWorker: Rolling segment log-7068_7135 to index:7135
2019-06-14 13:46:12,612 INFO  storage.RaftLogWorker (RaftLogWorker.java:execute(433)) - 0c156e3c-57cc-425b-90ef-9bcaa62a7535-RaftLogWorker: Rolled log segment from /opt/src/hadoop-ozone/integration-test/target/test-dir/MiniOzoneClusterImpl-8919240e-7e15-4dbf-8bf4-c210578586bb/datanode-0/data/ratis/1fc53845-3381-4beb-82f9-7704a457760d/current/log_inprogress_7068 to /opt/src/hadoop-ozone/integration-test/target/test-dir/MiniOzoneClusterImpl-8919240e-7e15-4dbf-8bf4-c210578586bb/datanode-0/data/ratis/1fc53845-3381-4beb-82f9-7704a457760d/current/log_7068-7135
2019-06-14 13:46:12,647 INFO  storage.RaftLogWorker (RaftLogWorker.java:execute(469)) - 0c156e3c-57cc-425b-90ef-9bcaa62a7535-RaftLogWorker: created new log segment /opt/src/hadoop-ozone/integration-test/target/test-dir/MiniOzoneClusterImpl-8919240e-7e15-4dbf-8bf4-c210578586bb/datanode-0/data/ratis/1fc53845-3381-4beb-82f9-7704a457760d/current/log_inprogress_7136
2019-06-14 13:46:12,648 INFO  client.GrpcClientProtocolClient (GrpcClientProtocolClient.java:onNext(254)) - client-E0FA40453D59->0c156e3c-57cc-425b-90ef-9bcaa62a7535: receive RaftClientReply:client-E0FA40453D59->0c156e3c-57cc-425b-90ef-9bcaa62a7535@group-7704A457760D, cid=4254, SUCCESS, logIndex=7136, commits[0c156e3c-57cc-425b-90ef-9bcaa62a7535:c7138]
2019-06-14 13:46:12,649 INFO  client.GrpcClientProtocolClient (GrpcClientProtocolClient.java:onNext(254)) - client-E0FA40453D59->0c156e3c-57cc-425b-90ef-9bcaa62a7535: receive RaftClientReply:client-E0FA40453D59->0c156e3c-57cc-425b-90ef-9bcaa62a7535@group-7704A457760D, cid=4255, SUCCESS, logIndex=7137, commits[0c156e3c-57cc-425b-90ef-9bcaa62a7535:c7139]
2019-06-14 13:46:12,649 INFO  client.GrpcClientProtocolClient (GrpcClientProtocolClient.java:onNext(254)) - client-E0FA40453D59->0c156e3c-57cc-425b-90ef-9bcaa62a7535: receive RaftClientReply:client-E0FA40453D59->0c156e3c-57cc-425b-90ef-9bcaa62a7535@group-7704A457760D, cid=4256, SUCCESS, logIndex=7138, commits[0c156e3c-57cc-425b-90ef-9bcaa62a7535:c7139]
2019-06-14 13:46:12,660 INFO  client.GrpcClientProtocolClient (GrpcClientProtocolClient.java:onNext(254)) - client-E0FA40453D59->0c156e3c-57cc-425b-90ef-9bcaa62a7535: receive RaftClientReply:client-E0FA40453D59->0c156e3c-57cc-425b-90ef-9bcaa62a7535@group-7704A457760D, cid=4257, SUCCESS, logIndex=7140, commits[0c156e3c-57cc-425b-90ef-9bcaa62a7535:c7140]
2019-06-14 13:46:12,662 INFO  client.GrpcClientProtocolClient (GrpcClientProtocolClient.java:onNext(254)) - client-E0FA40453D59->0c156e3c-57cc-425b-90ef-9bcaa62a7535: receive RaftClientReply:client-E0FA40453D59->0c156e3c-57cc-425b-90ef-9bcaa62a7535@group-7704A457760D, cid=4258, SUCCESS, logIndex=7142, commits[0c156e3c-57cc-425b-90ef-9bcaa62a7535:c7142]
2019-06-14 13:46:12,663 INFO  client.GrpcClientProtocolClient (GrpcClientProtocolClient.java:onNext(254)) - client-E0FA40453D59->0c156e3c-57cc-425b-90ef-9bcaa62a7535: receive RaftClientReply:client-E0FA40453D59->0c156e3c-57cc-425b-90ef-9bcaa62a7535@group-7704A457760D, cid=4259, SUCCESS, logIndex=7143, commits[0c156e3c-57cc-425b-90ef-9bcaa62a7535:c7145]
2019-06-14 13:46:12,663 INFO  client.GrpcClientProtocolClient (GrpcClientProtocolClient.java:onNext(254)) - client-E0FA40453D59->0c156e3c-57cc-425b-90ef-9bcaa62a7535: receive RaftClientReply:client-E0FA40453D59->0c156e3c-57cc-425b-90ef-9bcaa62a7535@group-7704A457760D, cid=4260, SUCCESS, logIndex=7144, commits[0c156e3c-57cc-425b-90ef-9bcaa62a7535:c7145]
2019-06-14 13:46:12,669 INFO  client.GrpcClientProtocolClient (GrpcClientProtocolClient.java:onNext(254)) - client-E0FA40453D59->0c156e3c-57cc-425b-90ef-9bcaa62a7535: receive RaftClientReply:client-E0FA40453D59->0c156e3c-57cc-425b-90ef-9bcaa62a7535@group-7704A457760D, cid=4261, SUCCESS, logIndex=7146, commits[0c156e3c-57cc-425b-90ef-9bcaa62a7535:c7146]
2019-06-14 13:46:12,670 INFO  client.GrpcClientProtocolClient (GrpcClientProtocolClient.java:onNext(254)) - client-E0FA40453D59->0c156e3c-57cc-425b-90ef-9bcaa62a7535: receive RaftClientReply:client-E0FA40453D59->0c156e3c-57cc-425b-90ef-9bcaa62a7535@group-7704A457760D, cid=4262, SUCCESS, logIndex=7148, commits[0c156e3c-57cc-425b-90ef-9bcaa62a7535:c7148]
2019-06-14 13:46:12,672 INFO  client.GrpcClientProtocolClient (GrpcClientProtocolClient.java:onNext(254)) - client-E0FA40453D59->0c156e3c-57cc-425b-90ef-9bcaa62a7535: receive RaftClientReply:client-E0FA40453D59->0c156e3c-57cc-425b-90ef-9bcaa62a7535@group-7704A457760D, cid=4263, SUCCESS, logIndex=7149, commits[0c156e3c-57cc-425b-90ef-9bcaa62a7535:c7151]
2019-06-14 13:46:12,672 INFO  client.GrpcClientProtocolClient (GrpcClientProtocolClient.java:onNext(254)) - client-E0FA40453D59->0c156e3c-57cc-425b-90ef-9bcaa62a7535: receive RaftClientReply:client-E0FA40453D59->0c156e3c-57cc-425b-90ef-9bcaa62a7535@group-7704A457760D, cid=4264, SUCCESS, logIndex=7150, commits[0c156e3c-57cc-425b-90ef-9bcaa62a7535:c7151]
2019-06-14 13:46:12,682 INFO  client.GrpcClientProtocolClient (GrpcClientProtocolClient.java:onNext(254)) - client-E0FA40453D59->0c156e3c-57cc-425b-90ef-9bcaa62a7535: receive RaftClientReply:client-E0FA40453D59->0c156e3c-57cc-425b-90ef-9bcaa62a7535@group-7704A457760D, cid=4265, SUCCESS, logIndex=7152, commits[0c156e3c-57cc-425b-90ef-9bcaa62a7535:c7152]
2019-06-14 13:46:12,683 INFO  client.GrpcClientProtocolClient (GrpcClientProtocolClient.java:onNext(254)) - client-E0FA40453D59->0c156e3c-57cc-425b-90ef-9bcaa62a7535: receive RaftClientReply:client-E0FA40453D59->0c156e3c-57cc-425b-90ef-9bcaa62a7535@group-7704A457760D, cid=4266, SUCCESS, logIndex=7154, commits[0c156e3c-57cc-425b-90ef-9bcaa62a7535:c7154]
2019-06-14 13:46:12,685 INFO  client.GrpcClientProtocolClient (GrpcClientProtocolClient.java:onNext(254)) - client-E0FA40453D59->0c156e3c-57cc-425b-90ef-9bcaa62a7535: receive RaftClientReply:client-E0FA40453D59->0c156e3c-57cc-425b-90ef-9bcaa62a7535@group-7704A457760D, cid=4267, SUCCESS, logIndex=7155, commits[0c156e3c-57cc-425b-90ef-9bcaa62a7535:c7157]
2019-06-14 13:46:12,685 INFO  client.GrpcClientProtocolClient (GrpcClientProtocolClient.java:onNext(254)) - client-E0FA40453D59->0c156e3c-57cc-425b-90ef-9bcaa62a7535: receive RaftClientReply:client-E0FA40453D59->0c156e3c-57cc-425b-90ef-9bcaa62a7535@group-7704A457760D, cid=4268, SUCCESS, logIndex=7156, commits[0c156e3c-57cc-425b-90ef-9bcaa62a7535:c7157]
2019-06-14 13:46:12,689 INFO  client.GrpcClientProtocolClient (GrpcClientProtocolClient.java:onNext(254)) - client-E0FA40453D59->0c156e3c-57cc-425b-90ef-9bcaa62a7535: receive RaftClientReply:client-E0FA40453D59->0c156e3c-57cc-425b-90ef-9bcaa62a7535@group-7704A457760D, cid=4269, SUCCESS, logIndex=7158, commits[0c156e3c-57cc-425b-90ef-9bcaa62a7535:c7158]
2019-06-14 13:46:12,691 INFO  client.GrpcClientProtocolClient (GrpcClientProtocolClient.java:onNext(254)) - client-E0FA40453D59->0c156e3c-57cc-425b-90ef-9bcaa62a7535: receive RaftClientReply:client-E0FA40453D59->0c156e3c-57cc-425b-90ef-9bcaa62a7535@group-7704A457760D, cid=4270, SUCCESS, logIndex=7160, commits[0c156e3c-57cc-425b-90ef-9bcaa62a7535:c7160]
2019-06-14 13:46:12,692 INFO  client.GrpcClientProtocolClient (GrpcClientProtocolClient.java:onNext(254)) - client-E0FA40453D59->0c156e3c-57cc-425b-90ef-9bcaa62a7535: receive RaftClientReply:client-E0FA40453D59->0c156e3c-57cc-425b-90ef-9bcaa62a7535@group-7704A457760D, cid=4271, SUCCESS, logIndex=7161, commits[0c156e3c-57cc-425b-90ef-9bcaa62a7535:c7161]
2019-06-14 13:46:12,692 INFO  client.GrpcClientProtocolClient (GrpcClientProtocolClient.java:onNext(254)) - client-E0FA40453D59->0c156e3c-57cc-425b-90ef-9bcaa62a7535: receive RaftClientReply:client-E0FA40453D59->0c156e3c-57cc-425b-90ef-9bcaa62a7535@group-7704A457760D, cid=4272, SUCCESS, logIndex=7163, commits[0c156e3c-57cc-425b-90ef-9bcaa62a7535:c7163]
2019-06-14 13:46:12,704 INFO  client.GrpcClientProtocolClient (GrpcClientProtocolClient.java:onNext(254)) - client-E0FA40453D59->0c156e3c-57cc-425b-90ef-9bcaa62a7535: receive RaftClientReply:client-E0FA40453D59->0c156e3c-57cc-425b-90ef-9bcaa62a7535@group-7704A457760D, cid=4273, SUCCESS, logIndex=7166, commits[0c156e3c-57cc-425b-90ef-9bcaa62a7535:c7166]
2019-06-14 13:46:12,706 INFO  client.GrpcClientProtocolClient (GrpcClientProtocolClient.java:onNext(254)) - client-E0FA40453D59->0c156e3c-57cc-425b-90ef-9bcaa62a7535: receive RaftClientReply:client-E0FA40453D59->0c156e3c-57cc-425b-90ef-9bcaa62a7535@group-7704A457760D, cid=4274, SUCCESS, logIndex=7168, commits[0c156e3c-57cc-425b-90ef-9bcaa62a7535:c7168]
2019-06-14 13:46:12,707 INFO  client.GrpcClientProtocolClient (GrpcClientProtocolClient.java:onNext(254)) - client-E0FA40453D59->0c156e3c-57cc-425b-90ef-9bcaa62a7535: receive RaftClientReply:client-E0FA40453D59->0c156e3c-57cc-425b-90ef-9bcaa62a7535@group-7704A457760D, cid=4275, SUCCESS, logIndex=7169, commits[0c156e3c-57cc-425b-90ef-9bcaa62a7535:c7170]
2019-06-14 13:46:12,707 INFO  client.GrpcClientProtocolClient (GrpcClientProtocolClient.java:onNext(254)) - client-E0FA40453D59->0c156e3c-57cc-425b-90ef-9bcaa62a7535: receive RaftClientReply:client-E0FA40453D59->0c156e3c-57cc-425b-90ef-9bcaa62a7535@group-7704A457760D, cid=4276, SUCCESS, logIndex=7170, commits[0c156e3c-57cc-425b-90ef-9bcaa62a7535:c7170]
2019-06-14 13:46:12,711 DEBUG block.SCMBlockDeletingService (SCMBlockDeletingService.java:call(138)) - Running DeletedBlockTransactionScanner
2019-06-14 13:46:12,711 DEBUG block.SCMBlockDeletingService (SCMBlockDeletingService.java:call(155)) - Scanned deleted blocks log and got 0 delTX to process.
2019-06-14 13:46:12,712 INFO  client.GrpcClientProtocolClient (GrpcClientProtocolClient.java:onNext(254)) - client-E0FA40453D59->0c156e3c-57cc-425b-90ef-9bcaa62a7535: receive RaftClientReply:client-E0FA40453D59->0c156e3c-57cc-425b-90ef-9bcaa62a7535@group-7704A457760D, cid=4277, SUCCESS, logIndex=7173, commits[0c156e3c-57cc-425b-90ef-9bcaa62a7535:c7173]
2019-06-14 13:46:12,714 INFO  client.GrpcClientProtocolClient (GrpcClientProtocolClient.java:onNext(254)) - client-E0FA40453D59->0c156e3c-57cc-425b-90ef-9bcaa62a7535: receive RaftClientReply:client-E0FA40453D59->0c156e3c-57cc-425b-90ef-9bcaa62a7535@group-7704A457760D, cid=4278, SUCCESS, logIndex=7175, commits[0c156e3c-57cc-425b-90ef-9bcaa62a7535:c7175]
2019-06-14 13:46:12,714 INFO  client.GrpcClientProtocolClient (GrpcClientProtocolClient.java:onNext(254)) - client-E0FA40453D59->0c156e3c-57cc-425b-90ef-9bcaa62a7535: receive RaftClientReply:client-E0FA40453D59->0c156e3c-57cc-425b-90ef-9bcaa62a7535@group-7704A457760D, cid=4279, SUCCESS, logIndex=7176, commits[0c156e3c-57cc-425b-90ef-9bcaa62a7535:c7178]
2019-06-14 13:46:12,715 INFO  client.GrpcClientProtocolClient (GrpcClientProtocolClient.java:onNext(254)) - client-E0FA40453D59->0c156e3c-57cc-425b-90ef-9bcaa62a7535: receive RaftClientReply:client-E0FA40453D59->0c156e3c-57cc-425b-90ef-9bcaa62a7535@group-7704A457760D, cid=4280, SUCCESS, logIndex=7177, commits[0c156e3c-57cc-425b-90ef-9bcaa62a7535:c7178]
2019-06-14 13:46:12,725 INFO  client.GrpcClientProtocolClient (GrpcClientProtocolClient.java:onNext(254)) - client-E0FA40453D59->0c156e3c-57cc-425b-90ef-9bcaa62a7535: receive RaftClientReply:client-E0FA40453D59->0c156e3c-57cc-425b-90ef-9bcaa62a7535@group-7704A457760D, cid=4281, SUCCESS, logIndex=7179, commits[0c156e3c-57cc-425b-90ef-9bcaa62a7535:c7179]
2019-06-14 13:46:12,726 INFO  client.GrpcClientProtocolClient (GrpcClientProtocolClient.java:onNext(254)) - client-E0FA40453D59->0c156e3c-57cc-425b-90ef-9bcaa62a7535: receive RaftClientReply:client-E0FA40453D59->0c156e3c-57cc-425b-90ef-9bcaa62a7535@group-7704A457760D, cid=4282, SUCCESS, logIndex=7181, commits[0c156e3c-57cc-425b-90ef-9bcaa62a7535:c7181]
2019-06-14 13:46:12,727 INFO  client.GrpcClientProtocolClient (GrpcClientProtocolClient.java:onNext(254)) - client-E0FA40453D59->0c156e3c-57cc-425b-90ef-9bcaa62a7535: receive RaftClientReply:client-E0FA40453D59->0c156e3c-57cc-425b-90ef-9bcaa62a7535@group-7704A457760D, cid=4283, SUCCESS, logIndex=7182, commits[0c156e3c-57cc-425b-90ef-9bcaa62a7535:c7184]
2019-06-14 13:46:12,728 INFO  client.GrpcClientProtocolClient (GrpcClientProtocolClient.java:onNext(254)) - client-E0FA40453D59->0c156e3c-57cc-425b-90ef-9bcaa62a7535: receive RaftClientReply:client-E0FA40453D59->0c156e3c-57cc-425b-90ef-9bcaa62a7535@group-7704A457760D, cid=4284, SUCCESS, logIndex=7183, commits[0c156e3c-57cc-425b-90ef-9bcaa62a7535:c7184]
2019-06-14 13:46:12,733 INFO  client.GrpcClientProtocolClient (GrpcClientProtocolClient.java:onNext(254)) - client-E0FA40453D59->0c156e3c-57cc-425b-90ef-9bcaa62a7535: receive RaftClientReply:client-E0FA40453D59->0c156e3c-57cc-425b-90ef-9bcaa62a7535@group-7704A457760D, cid=4285, SUCCESS, logIndex=7185, commits[0c156e3c-57cc-425b-90ef-9bcaa62a7535:c7185]
2019-06-14 13:46:12,734 INFO  client.GrpcClientProtocolClient (GrpcClientProtocolClient.java:onNext(254)) - client-E0FA40453D59->0c156e3c-57cc-425b-90ef-9bcaa62a7535: receive RaftClientReply:client-E0FA40453D59->0c156e3c-57cc-425b-90ef-9bcaa62a7535@group-7704A457760D, cid=4286, SUCCESS, logIndex=7187, commits[0c156e3c-57cc-425b-90ef-9bcaa62a7535:c7187]
2019-06-14 13:46:12,804 INFO  client.GrpcClientProtocolClient (GrpcClientProtocolClient.java:onNext(254)) - client-E0FA40453D59->0c156e3c-57cc-425b-90ef-9bcaa62a7535: receive RaftClientReply:client-E0FA40453D59->0c156e3c-57cc-425b-90ef-9bcaa62a7535@group-7704A457760D, cid=4287, SUCCESS, logIndex=7189, commits[0c156e3c-57cc-425b-90ef-9bcaa62a7535:c7189]
2019-06-14 13:46:12,805 INFO  client.GrpcClientProtocolClient (GrpcClientProtocolClient.java:onNext(254)) - client-E0FA40453D59->0c156e3c-57cc-425b-90ef-9bcaa62a7535: receive RaftClientReply:client-E0FA40453D59->0c156e3c-57cc-425b-90ef-9bcaa62a7535@group-7704A457760D, cid=4288, SUCCESS, logIndex=7191, commits[0c156e3c-57cc-425b-90ef-9bcaa62a7535:c7191]
2019-06-14 13:46:12,811 DEBUG block.SCMBlockDeletingService (SCMBlockDeletingService.java:call(138)) - Running DeletedBlockTransactionScanner
2019-06-14 13:46:12,811 DEBUG block.SCMBlockDeletingService (SCMBlockDeletingService.java:call(155)) - Scanned deleted blocks log and got 0 delTX to process.
2019-06-14 13:46:12,815 INFO  client.GrpcClientProtocolClient (GrpcClientProtocolClient.java:onNext(254)) - client-E0FA40453D59->0c156e3c-57cc-425b-90ef-9bcaa62a7535: receive RaftClientReply:client-E0FA40453D59->0c156e3c-57cc-425b-90ef-9bcaa62a7535@group-7704A457760D, cid=4289, SUCCESS, logIndex=7193, commits[0c156e3c-57cc-425b-90ef-9bcaa62a7535:c7193]
2019-06-14 13:46:12,816 INFO  client.GrpcClientProtocolClient (GrpcClientProtocolClient.java:onNext(254)) - client-E0FA40453D59->0c156e3c-57cc-425b-90ef-9bcaa62a7535: receive RaftClientReply:client-E0FA40453D59->0c156e3c-57cc-425b-90ef-9bcaa62a7535@group-7704A457760D, cid=4290, SUCCESS, logIndex=7195, commits[0c156e3c-57cc-425b-90ef-9bcaa62a7535:c7195]
2019-06-14 13:46:12,817 INFO  client.GrpcClientProtocolClient (GrpcClientProtocolClient.java:onNext(254)) - client-E0FA40453D59->0c156e3c-57cc-425b-90ef-9bcaa62a7535: receive RaftClientReply:client-E0FA40453D59->0c156e3c-57cc-425b-90ef-9bcaa62a7535@group-7704A457760D, cid=4291, SUCCESS, logIndex=7196, commits[0c156e3c-57cc-425b-90ef-9bcaa62a7535:c7198]
2019-06-14 13:46:12,817 INFO  client.GrpcClientProtocolClient (GrpcClientProtocolClient.java:onNext(254)) - client-E0FA40453D59->0c156e3c-57cc-425b-90ef-9bcaa62a7535: receive RaftClientReply:client-E0FA40453D59->0c156e3c-57cc-425b-90ef-9bcaa62a7535@group-7704A457760D, cid=4292, SUCCESS, logIndex=7197, commits[0c156e3c-57cc-425b-90ef-9bcaa62a7535:c7198]
2019-06-14 13:46:12,822 INFO  client.GrpcClientProtocolClient (GrpcClientProtocolClient.java:onNext(254)) - client-E0FA40453D59->0c156e3c-57cc-425b-90ef-9bcaa62a7535: receive RaftClientReply:client-E0FA40453D59->0c156e3c-57cc-425b-90ef-9bcaa62a7535@group-7704A457760D, cid=4293, SUCCESS, logIndex=7199, commits[0c156e3c-57cc-425b-90ef-9bcaa62a7535:c7199]
2019-06-14 13:46:12,823 INFO  client.GrpcClientProtocolClient (GrpcClientProtocolClient.java:onNext(254)) - client-E0FA40453D59->0c156e3c-57cc-425b-90ef-9bcaa62a7535: receive RaftClientReply:client-E0FA40453D59->0c156e3c-57cc-425b-90ef-9bcaa62a7535@group-7704A457760D, cid=4294, SUCCESS, logIndex=7201, commits[0c156e3c-57cc-425b-90ef-9bcaa62a7535:c7201]
2019-06-14 13:46:12,824 INFO  client.GrpcClientProtocolClient (GrpcClientProtocolClient.java:onNext(254)) - client-E0FA40453D59->0c156e3c-57cc-425b-90ef-9bcaa62a7535: receive RaftClientReply:client-E0FA40453D59->0c156e3c-57cc-425b-90ef-9bcaa62a7535@group-7704A457760D, cid=4295, SUCCESS, logIndex=7202, commits[0c156e3c-57cc-425b-90ef-9bcaa62a7535:c7204]
2019-06-14 13:46:12,824 INFO  client.GrpcClientProtocolClient (GrpcClientProtocolClient.java:onNext(254)) - client-E0FA40453D59->0c156e3c-57cc-425b-90ef-9bcaa62a7535: receive RaftClientReply:client-E0FA40453D59->0c156e3c-57cc-425b-90ef-9bcaa62a7535@group-7704A457760D, cid=4296, SUCCESS, logIndex=7203, commits[0c156e3c-57cc-425b-90ef-9bcaa62a7535:c7204]
2019-06-14 13:46:12,833 INFO  storage.RaftLogWorker (RaftLogWorker.java:rollLogSegment(303)) - 0c156e3c-57cc-425b-90ef-9bcaa62a7535-RaftLogWorker: Rolling segment log-7136_7204 to index:7204
2019-06-14 13:46:12,833 INFO  storage.RaftLogWorker (RaftLogWorker.java:execute(433)) - 0c156e3c-57cc-425b-90ef-9bcaa62a7535-RaftLogWorker: Rolled log segment from /opt/src/hadoop-ozone/integration-test/target/test-dir/MiniOzoneClusterImpl-8919240e-7e15-4dbf-8bf4-c210578586bb/datanode-0/data/ratis/1fc53845-3381-4beb-82f9-7704a457760d/current/log_inprogress_7136 to /opt/src/hadoop-ozone/integration-test/target/test-dir/MiniOzoneClusterImpl-8919240e-7e15-4dbf-8bf4-c210578586bb/datanode-0/data/ratis/1fc53845-3381-4beb-82f9-7704a457760d/current/log_7136-7204
2019-06-14 13:46:12,869 INFO  storage.RaftLogWorker (RaftLogWorker.java:execute(469)) - 0c156e3c-57cc-425b-90ef-9bcaa62a7535-RaftLogWorker: created new log segment /opt/src/hadoop-ozone/integration-test/target/test-dir/MiniOzoneClusterImpl-8919240e-7e15-4dbf-8bf4-c210578586bb/datanode-0/data/ratis/1fc53845-3381-4beb-82f9-7704a457760d/current/log_inprogress_7205
2019-06-14 13:46:12,871 INFO  client.GrpcClientProtocolClient (GrpcClientProtocolClient.java:onNext(254)) - client-E0FA40453D59->0c156e3c-57cc-425b-90ef-9bcaa62a7535: receive RaftClientReply:client-E0FA40453D59->0c156e3c-57cc-425b-90ef-9bcaa62a7535@group-7704A457760D, cid=4297, SUCCESS, logIndex=7205, commits[0c156e3c-57cc-425b-90ef-9bcaa62a7535:c7205]
2019-06-14 13:46:12,872 INFO  client.GrpcClientProtocolClient (GrpcClientProtocolClient.java:onNext(254)) - client-E0FA40453D59->0c156e3c-57cc-425b-90ef-9bcaa62a7535: receive RaftClientReply:client-E0FA40453D59->0c156e3c-57cc-425b-90ef-9bcaa62a7535@group-7704A457760D, cid=4298, SUCCESS, logIndex=7207, commits[0c156e3c-57cc-425b-90ef-9bcaa62a7535:c7207]
2019-06-14 13:46:12,912 DEBUG block.SCMBlockDeletingService (SCMBlockDeletingService.java:call(138)) - Running DeletedBlockTransactionScanner
2019-06-14 13:46:12,912 DEBUG block.SCMBlockDeletingService (SCMBlockDeletingService.java:call(155)) - Scanned deleted blocks log and got 0 delTX to process.
2019-06-14 13:46:12,918 INFO  client.GrpcClientProtocolClient (GrpcClientProtocolClient.java:onNext(254)) - client-E0FA40453D59->0c156e3c-57cc-425b-90ef-9bcaa62a7535: receive RaftClientReply:client-E0FA40453D59->0c156e3c-57cc-425b-90ef-9bcaa62a7535@group-7704A457760D, cid=4299, SUCCESS, logIndex=7208, commits[0c156e3c-57cc-425b-90ef-9bcaa62a7535:c7210]
2019-06-14 13:46:12,918 INFO  client.GrpcClientProtocolClient (GrpcClientProtocolClient.java:onNext(254)) - client-E0FA40453D59->0c156e3c-57cc-425b-90ef-9bcaa62a7535: receive RaftClientReply:client-E0FA40453D59->0c156e3c-57cc-425b-90ef-9bcaa62a7535@group-7704A457760D, cid=4300, SUCCESS, logIndex=7209, commits[0c156e3c-57cc-425b-90ef-9bcaa62a7535:c7210]
2019-06-14 13:46:12,925 INFO  client.GrpcClientProtocolClient (GrpcClientProtocolClient.java:onNext(254)) - client-E0FA40453D59->0c156e3c-57cc-425b-90ef-9bcaa62a7535: receive RaftClientReply:client-E0FA40453D59->0c156e3c-57cc-425b-90ef-9bcaa62a7535@group-7704A457760D, cid=4301, SUCCESS, logIndex=7211, commits[0c156e3c-57cc-425b-90ef-9bcaa62a7535:c7211]
2019-06-14 13:46:12,931 INFO  client.GrpcClientProtocolClient (GrpcClientProtocolClient.java:onNext(254)) - client-E0FA40453D59->0c156e3c-57cc-425b-90ef-9bcaa62a7535: receive RaftClientReply:client-E0FA40453D59->0c156e3c-57cc-425b-90ef-9bcaa62a7535@group-7704A457760D, cid=4302, SUCCESS, logIndex=7213, commits[0c156e3c-57cc-425b-90ef-9bcaa62a7535:c7215]
2019-06-14 13:46:12,934 INFO  client.GrpcClientProtocolClient (GrpcClientProtocolClient.java:onNext(254)) - client-E0FA40453D59->0c156e3c-57cc-425b-90ef-9bcaa62a7535: receive RaftClientReply:client-E0FA40453D59->0c156e3c-57cc-425b-90ef-9bcaa62a7535@group-7704A457760D, cid=4303, SUCCESS, logIndex=7214, commits[0c156e3c-57cc-425b-90ef-9bcaa62a7535:c7215]
2019-06-14 13:46:12,946 INFO  client.GrpcClientProtocolClient (GrpcClientProtocolClient.java:onNext(254)) - client-E0FA40453D59->0c156e3c-57cc-425b-90ef-9bcaa62a7535: receive RaftClientReply:client-E0FA40453D59->0c156e3c-57cc-425b-90ef-9bcaa62a7535@group-7704A457760D, cid=4304, SUCCESS, logIndex=7215, commits[0c156e3c-57cc-425b-90ef-9bcaa62a7535:c7216]
2019-06-14 13:46:12,979 INFO  client.GrpcClientProtocolClient (GrpcClientProtocolClient.java:onNext(254)) - client-E0FA40453D59->0c156e3c-57cc-425b-90ef-9bcaa62a7535: receive RaftClientReply:client-E0FA40453D59->0c156e3c-57cc-425b-90ef-9bcaa62a7535@group-7704A457760D, cid=4305, SUCCESS, logIndex=7217, commits[0c156e3c-57cc-425b-90ef-9bcaa62a7535:c7217]
2019-06-14 13:46:12,980 INFO  client.GrpcClientProtocolClient (GrpcClientProtocolClient.java:onNext(254)) - client-E0FA40453D59->0c156e3c-57cc-425b-90ef-9bcaa62a7535: receive RaftClientReply:client-E0FA40453D59->0c156e3c-57cc-425b-90ef-9bcaa62a7535@group-7704A457760D, cid=4306, SUCCESS, logIndex=7219, commits[0c156e3c-57cc-425b-90ef-9bcaa62a7535:c7219]
2019-06-14 13:46:12,983 INFO  client.GrpcClientProtocolClient (GrpcClientProtocolClient.java:onNext(254)) - client-E0FA40453D59->0c156e3c-57cc-425b-90ef-9bcaa62a7535: receive RaftClientReply:client-E0FA40453D59->0c156e3c-57cc-425b-90ef-9bcaa62a7535@group-7704A457760D, cid=4307, SUCCESS, logIndex=7220, commits[0c156e3c-57cc-425b-90ef-9bcaa62a7535:c7222]
2019-06-14 13:46:12,983 INFO  client.GrpcClientProtocolClient (GrpcClientProtocolClient.java:onNext(254)) - client-E0FA40453D59->0c156e3c-57cc-425b-90ef-9bcaa62a7535: receive RaftClientReply:client-E0FA40453D59->0c156e3c-57cc-425b-90ef-9bcaa62a7535@group-7704A457760D, cid=4308, SUCCESS, logIndex=7221, commits[0c156e3c-57cc-425b-90ef-9bcaa62a7535:c7222]
2019-06-14 13:46:12,993 INFO  client.GrpcClientProtocolClient (GrpcClientProtocolClient.java:onNext(254)) - client-E0FA40453D59->0c156e3c-57cc-425b-90ef-9bcaa62a7535: receive RaftClientReply:client-E0FA40453D59->0c156e3c-57cc-425b-90ef-9bcaa62a7535@group-7704A457760D, cid=4309, SUCCESS, logIndex=7223, commits[0c156e3c-57cc-425b-90ef-9bcaa62a7535:c7224]
2019-06-14 13:46:12,995 INFO  client.GrpcClientProtocolClient (GrpcClientProtocolClient.java:onNext(254)) - client-E0FA40453D59->0c156e3c-57cc-425b-90ef-9bcaa62a7535: receive RaftClientReply:client-E0FA40453D59->0c156e3c-57cc-425b-90ef-9bcaa62a7535@group-7704A457760D, cid=4310, SUCCESS, logIndex=7225, commits[0c156e3c-57cc-425b-90ef-9bcaa62a7535:c7225]
2019-06-14 13:46:13,004 INFO  client.GrpcClientProtocolClient (GrpcClientProtocolClient.java:onNext(254)) - client-E0FA40453D59->0c156e3c-57cc-425b-90ef-9bcaa62a7535: receive RaftClientReply:client-E0FA40453D59->0c156e3c-57cc-425b-90ef-9bcaa62a7535@group-7704A457760D, cid=4311, SUCCESS, logIndex=7226, commits[0c156e3c-57cc-425b-90ef-9bcaa62a7535:c7226]
2019-06-14 13:46:13,012 DEBUG block.SCMBlockDeletingService (SCMBlockDeletingService.java:call(138)) - Running DeletedBlockTransactionScanner
2019-06-14 13:46:13,012 DEBUG block.SCMBlockDeletingService (SCMBlockDeletingService.java:call(155)) - Scanned deleted blocks log and got 0 delTX to process.
2019-06-14 13:46:13,014 INFO  client.GrpcClientProtocolClient (GrpcClientProtocolClient.java:onNext(254)) - client-E0FA40453D59->0c156e3c-57cc-425b-90ef-9bcaa62a7535: receive RaftClientReply:client-E0FA40453D59->0c156e3c-57cc-425b-90ef-9bcaa62a7535@group-7704A457760D, cid=4312, SUCCESS, logIndex=7228, commits[0c156e3c-57cc-425b-90ef-9bcaa62a7535:c7228]
2019-06-14 13:46:13,030 INFO  client.GrpcClientProtocolClient (GrpcClientProtocolClient.java:onNext(254)) - client-E0FA40453D59->0c156e3c-57cc-425b-90ef-9bcaa62a7535: receive RaftClientReply:client-E0FA40453D59->0c156e3c-57cc-425b-90ef-9bcaa62a7535@group-7704A457760D, cid=4313, SUCCESS, logIndex=7231, commits[0c156e3c-57cc-425b-90ef-9bcaa62a7535:c7231]
2019-06-14 13:46:13,032 INFO  client.GrpcClientProtocolClient (GrpcClientProtocolClient.java:onNext(254)) - client-E0FA40453D59->0c156e3c-57cc-425b-90ef-9bcaa62a7535: receive RaftClientReply:client-E0FA40453D59->0c156e3c-57cc-425b-90ef-9bcaa62a7535@group-7704A457760D, cid=4314, SUCCESS, logIndex=7233, commits[0c156e3c-57cc-425b-90ef-9bcaa62a7535:c7233]
2019-06-14 13:46:13,033 INFO  client.GrpcClientProtocolClient (GrpcClientProtocolClient.java:onNext(254)) - client-E0FA40453D59->0c156e3c-57cc-425b-90ef-9bcaa62a7535: receive RaftClientReply:client-E0FA40453D59->0c156e3c-57cc-425b-90ef-9bcaa62a7535@group-7704A457760D, cid=4315, SUCCESS, logIndex=7234, commits[0c156e3c-57cc-425b-90ef-9bcaa62a7535:c7235]
2019-06-14 13:46:13,033 INFO  client.GrpcClientProtocolClient (GrpcClientProtocolClient.java:onNext(254)) - client-E0FA40453D59->0c156e3c-57cc-425b-90ef-9bcaa62a7535: receive RaftClientReply:client-E0FA40453D59->0c156e3c-57cc-425b-90ef-9bcaa62a7535@group-7704A457760D, cid=4316, SUCCESS, logIndex=7235, commits[0c156e3c-57cc-425b-90ef-9bcaa62a7535:c7235]
2019-06-14 13:46:13,039 INFO  client.GrpcClientProtocolClient (GrpcClientProtocolClient.java:onNext(254)) - client-E0FA40453D59->0c156e3c-57cc-425b-90ef-9bcaa62a7535: receive RaftClientReply:client-E0FA40453D59->0c156e3c-57cc-425b-90ef-9bcaa62a7535@group-7704A457760D, cid=4317, SUCCESS, logIndex=7238, commits[0c156e3c-57cc-425b-90ef-9bcaa62a7535:c7238]
2019-06-14 13:46:13,042 INFO  client.GrpcClientProtocolClient (GrpcClientProtocolClient.java:onNext(254)) - client-E0FA40453D59->0c156e3c-57cc-425b-90ef-9bcaa62a7535: receive RaftClientReply:client-E0FA40453D59->0c156e3c-57cc-425b-90ef-9bcaa62a7535@group-7704A457760D, cid=4318, SUCCESS, logIndex=7240, commits[0c156e3c-57cc-425b-90ef-9bcaa62a7535:c7240]
2019-06-14 13:46:13,048 INFO  client.GrpcClientProtocolClient (GrpcClientProtocolClient.java:onNext(254)) - client-E0FA40453D59->0c156e3c-57cc-425b-90ef-9bcaa62a7535: receive RaftClientReply:client-E0FA40453D59->0c156e3c-57cc-425b-90ef-9bcaa62a7535@group-7704A457760D, cid=4319, SUCCESS, logIndex=7241, commits[0c156e3c-57cc-425b-90ef-9bcaa62a7535:c7241]
2019-06-14 13:46:13,048 INFO  client.GrpcClientProtocolClient (GrpcClientProtocolClient.java:onNext(254)) - client-E0FA40453D59->0c156e3c-57cc-425b-90ef-9bcaa62a7535: receive RaftClientReply:client-E0FA40453D59->0c156e3c-57cc-425b-90ef-9bcaa62a7535@group-7704A457760D, cid=4320, SUCCESS, logIndex=7243, commits[0c156e3c-57cc-425b-90ef-9bcaa62a7535:c7244]
2019-06-14 13:46:13,065 INFO  client.GrpcClientProtocolClient (GrpcClientProtocolClient.java:onNext(254)) - client-E0FA40453D59->0c156e3c-57cc-425b-90ef-9bcaa62a7535: receive RaftClientReply:client-E0FA40453D59->0c156e3c-57cc-425b-90ef-9bcaa62a7535@group-7704A457760D, cid=4321, SUCCESS, logIndex=7245, commits[0c156e3c-57cc-425b-90ef-9bcaa62a7535:c7245]
2019-06-14 13:46:13,067 INFO  client.GrpcClientProtocolClient (GrpcClientProtocolClient.java:onNext(254)) - client-E0FA40453D59->0c156e3c-57cc-425b-90ef-9bcaa62a7535: receive RaftClientReply:client-E0FA40453D59->0c156e3c-57cc-425b-90ef-9bcaa62a7535@group-7704A457760D, cid=4322, SUCCESS, logIndex=7247, commits[0c156e3c-57cc-425b-90ef-9bcaa62a7535:c7247]
2019-06-14 13:46:13,070 INFO  client.GrpcClientProtocolClient (GrpcClientProtocolClient.java:onNext(254)) - client-E0FA40453D59->0c156e3c-57cc-425b-90ef-9bcaa62a7535: receive RaftClientReply:client-E0FA40453D59->0c156e3c-57cc-425b-90ef-9bcaa62a7535@group-7704A457760D, cid=4323, SUCCESS, logIndex=7248, commits[0c156e3c-57cc-425b-90ef-9bcaa62a7535:c7250]
2019-06-14 13:46:13,074 INFO  client.GrpcClientProtocolClient (GrpcClientProtocolClient.java:onNext(254)) - client-E0FA40453D59->0c156e3c-57cc-425b-90ef-9bcaa62a7535: receive RaftClientReply:client-E0FA40453D59->0c156e3c-57cc-425b-90ef-9bcaa62a7535@group-7704A457760D, cid=4324, SUCCESS, logIndex=7250, commits[0c156e3c-57cc-425b-90ef-9bcaa62a7535:c7250]
2019-06-14 13:46:13,080 INFO  client.GrpcClientProtocolClient (GrpcClientProtocolClient.java:onNext(254)) - client-E0FA40453D59->0c156e3c-57cc-425b-90ef-9bcaa62a7535: receive RaftClientReply:client-E0FA40453D59->0c156e3c-57cc-425b-90ef-9bcaa62a7535@group-7704A457760D, cid=4325, SUCCESS, logIndex=7252, commits[0c156e3c-57cc-425b-90ef-9bcaa62a7535:c7252]
2019-06-14 13:46:13,081 INFO  client.GrpcClientProtocolClient (GrpcClientProtocolClient.java:onNext(254)) - client-E0FA40453D59->0c156e3c-57cc-425b-90ef-9bcaa62a7535: receive RaftClientReply:client-E0FA40453D59->0c156e3c-57cc-425b-90ef-9bcaa62a7535@group-7704A457760D, cid=4326, SUCCESS, logIndex=7254, commits[0c156e3c-57cc-425b-90ef-9bcaa62a7535:c7254]
2019-06-14 13:46:13,084 INFO  client.GrpcClientProtocolClient (GrpcClientProtocolClient.java:onNext(254)) - client-E0FA40453D59->0c156e3c-57cc-425b-90ef-9bcaa62a7535: receive RaftClientReply:client-E0FA40453D59->0c156e3c-57cc-425b-90ef-9bcaa62a7535@group-7704A457760D, cid=4327, SUCCESS, logIndex=7256, commits[0c156e3c-57cc-425b-90ef-9bcaa62a7535:c7257]
2019-06-14 13:46:13,084 INFO  client.GrpcClientProtocolClient (GrpcClientProtocolClient.java:onNext(254)) - client-E0FA40453D59->0c156e3c-57cc-425b-90ef-9bcaa62a7535: receive RaftClientReply:client-E0FA40453D59->0c156e3c-57cc-425b-90ef-9bcaa62a7535@group-7704A457760D, cid=4328, SUCCESS, logIndex=7257, commits[0c156e3c-57cc-425b-90ef-9bcaa62a7535:c7257]
2019-06-14 13:46:13,097 INFO  client.GrpcClientProtocolClient (GrpcClientProtocolClient.java:onNext(254)) - client-E0FA40453D59->0c156e3c-57cc-425b-90ef-9bcaa62a7535: receive RaftClientReply:client-E0FA40453D59->0c156e3c-57cc-425b-90ef-9bcaa62a7535@group-7704A457760D, cid=4329, SUCCESS, logIndex=7259, commits[0c156e3c-57cc-425b-90ef-9bcaa62a7535:c7259]
2019-06-14 13:46:13,098 INFO  client.GrpcClientProtocolClient (GrpcClientProtocolClient.java:onNext(254)) - client-E0FA40453D59->0c156e3c-57cc-425b-90ef-9bcaa62a7535: receive RaftClientReply:client-E0FA40453D59->0c156e3c-57cc-425b-90ef-9bcaa62a7535@group-7704A457760D, cid=4330, SUCCESS, logIndex=7261, commits[0c156e3c-57cc-425b-90ef-9bcaa62a7535:c7261]
2019-06-14 13:46:13,112 DEBUG block.SCMBlockDeletingService (SCMBlockDeletingService.java:call(138)) - Running DeletedBlockTransactionScanner
2019-06-14 13:46:13,113 DEBUG block.SCMBlockDeletingService (SCMBlockDeletingService.java:call(155)) - Scanned deleted blocks log and got 0 delTX to process.
2019-06-14 13:46:13,164 INFO  client.GrpcClientProtocolClient (GrpcClientProtocolClient.java:onNext(254)) - client-E0FA40453D59->0c156e3c-57cc-425b-90ef-9bcaa62a7535: receive RaftClientReply:client-E0FA40453D59->0c156e3c-57cc-425b-90ef-9bcaa62a7535@group-7704A457760D, cid=4331, SUCCESS, logIndex=7263, commits[0c156e3c-57cc-425b-90ef-9bcaa62a7535:c7263]
2019-06-14 13:46:13,165 INFO  client.GrpcClientProtocolClient (GrpcClientProtocolClient.java:onNext(254)) - client-E0FA40453D59->0c156e3c-57cc-425b-90ef-9bcaa62a7535: receive RaftClientReply:client-E0FA40453D59->0c156e3c-57cc-425b-90ef-9bcaa62a7535@group-7704A457760D, cid=4332, SUCCESS, logIndex=7265, commits[0c156e3c-57cc-425b-90ef-9bcaa62a7535:c7265]
2019-06-14 13:46:13,171 INFO  client.GrpcClientProtocolClient (GrpcClientProtocolClient.java:onNext(254)) - client-E0FA40453D59->0c156e3c-57cc-425b-90ef-9bcaa62a7535: receive RaftClientReply:client-E0FA40453D59->0c156e3c-57cc-425b-90ef-9bcaa62a7535@group-7704A457760D, cid=4333, SUCCESS, logIndex=7267, commits[0c156e3c-57cc-425b-90ef-9bcaa62a7535:c7267]
2019-06-14 13:46:13,173 INFO  client.GrpcClientProtocolClient (GrpcClientProtocolClient.java:onNext(254)) - client-E0FA40453D59->0c156e3c-57cc-425b-90ef-9bcaa62a7535: receive RaftClientReply:client-E0FA40453D59->0c156e3c-57cc-425b-90ef-9bcaa62a7535@group-7704A457760D, cid=4334, SUCCESS, logIndex=7269, commits[0c156e3c-57cc-425b-90ef-9bcaa62a7535:c7269]
2019-06-14 13:46:13,173 INFO  client.GrpcClientProtocolClient (GrpcClientProtocolClient.java:onNext(254)) - client-E0FA40453D59->0c156e3c-57cc-425b-90ef-9bcaa62a7535: receive RaftClientReply:client-E0FA40453D59->0c156e3c-57cc-425b-90ef-9bcaa62a7535@group-7704A457760D, cid=4335, SUCCESS, logIndex=7270, commits[0c156e3c-57cc-425b-90ef-9bcaa62a7535:c7270]
2019-06-14 13:46:13,173 INFO  client.GrpcClientProtocolClient (GrpcClientProtocolClient.java:onNext(254)) - client-E0FA40453D59->0c156e3c-57cc-425b-90ef-9bcaa62a7535: receive RaftClientReply:client-E0FA40453D59->0c156e3c-57cc-425b-90ef-9bcaa62a7535@group-7704A457760D, cid=4336, SUCCESS, logIndex=7272, commits[0c156e3c-57cc-425b-90ef-9bcaa62a7535:c7272]
2019-06-14 13:46:13,184 INFO  client.GrpcClientProtocolClient (GrpcClientProtocolClient.java:onNext(254)) - client-E0FA40453D59->0c156e3c-57cc-425b-90ef-9bcaa62a7535: receive RaftClientReply:client-E0FA40453D59->0c156e3c-57cc-425b-90ef-9bcaa62a7535@group-7704A457760D, cid=4337, SUCCESS, logIndex=7275, commits[0c156e3c-57cc-425b-90ef-9bcaa62a7535:c7275]
2019-06-14 13:46:13,185 INFO  client.GrpcClientProtocolClient (GrpcClientProtocolClient.java:onNext(254)) - client-E0FA40453D59->0c156e3c-57cc-425b-90ef-9bcaa62a7535: receive RaftClientReply:client-E0FA40453D59->0c156e3c-57cc-425b-90ef-9bcaa62a7535@group-7704A457760D, cid=4338, SUCCESS, logIndex=7277, commits[0c156e3c-57cc-425b-90ef-9bcaa62a7535:c7277]
2019-06-14 13:46:13,186 INFO  client.GrpcClientProtocolClient (GrpcClientProtocolClient.java:onNext(254)) - client-E0FA40453D59->0c156e3c-57cc-425b-90ef-9bcaa62a7535: receive RaftClientReply:client-E0FA40453D59->0c156e3c-57cc-425b-90ef-9bcaa62a7535@group-7704A457760D, cid=4339, SUCCESS, logIndex=7278, commits[0c156e3c-57cc-425b-90ef-9bcaa62a7535:c7280]
2019-06-14 13:46:13,186 INFO  client.GrpcClientProtocolClient (GrpcClientProtocolClient.java:onNext(254)) - client-E0FA40453D59->0c156e3c-57cc-425b-90ef-9bcaa62a7535: receive RaftClientReply:client-E0FA40453D59->0c156e3c-57cc-425b-90ef-9bcaa62a7535@group-7704A457760D, cid=4340, SUCCESS, logIndex=7279, commits[0c156e3c-57cc-425b-90ef-9bcaa62a7535:c7280]
2019-06-14 13:46:13,188 INFO  storage.RaftLogWorker (RaftLogWorker.java:rollLogSegment(303)) - 0c156e3c-57cc-425b-90ef-9bcaa62a7535-RaftLogWorker: Rolling segment log-7205_7280 to index:7280
2019-06-14 13:46:13,189 INFO  storage.RaftLogWorker (RaftLogWorker.java:execute(433)) - 0c156e3c-57cc-425b-90ef-9bcaa62a7535-RaftLogWorker: Rolled log segment from /opt/src/hadoop-ozone/integration-test/target/test-dir/MiniOzoneClusterImpl-8919240e-7e15-4dbf-8bf4-c210578586bb/datanode-0/data/ratis/1fc53845-3381-4beb-82f9-7704a457760d/current/log_inprogress_7205 to /opt/src/hadoop-ozone/integration-test/target/test-dir/MiniOzoneClusterImpl-8919240e-7e15-4dbf-8bf4-c210578586bb/datanode-0/data/ratis/1fc53845-3381-4beb-82f9-7704a457760d/current/log_7205-7280
2019-06-14 13:46:13,213 DEBUG block.SCMBlockDeletingService (SCMBlockDeletingService.java:call(138)) - Running DeletedBlockTransactionScanner
2019-06-14 13:46:13,213 DEBUG block.SCMBlockDeletingService (SCMBlockDeletingService.java:call(155)) - Scanned deleted blocks log and got 0 delTX to process.
2019-06-14 13:46:13,224 INFO  storage.RaftLogWorker (RaftLogWorker.java:execute(469)) - 0c156e3c-57cc-425b-90ef-9bcaa62a7535-RaftLogWorker: created new log segment /opt/src/hadoop-ozone/integration-test/target/test-dir/MiniOzoneClusterImpl-8919240e-7e15-4dbf-8bf4-c210578586bb/datanode-0/data/ratis/1fc53845-3381-4beb-82f9-7704a457760d/current/log_inprogress_7281
2019-06-14 13:46:13,225 INFO  client.GrpcClientProtocolClient (GrpcClientProtocolClient.java:onNext(254)) - client-E0FA40453D59->0c156e3c-57cc-425b-90ef-9bcaa62a7535: receive RaftClientReply:client-E0FA40453D59->0c156e3c-57cc-425b-90ef-9bcaa62a7535@group-7704A457760D, cid=4341, SUCCESS, logIndex=7281, commits[0c156e3c-57cc-425b-90ef-9bcaa62a7535:c7281]
2019-06-14 13:46:13,226 INFO  client.GrpcClientProtocolClient (GrpcClientProtocolClient.java:onNext(254)) - client-E0FA40453D59->0c156e3c-57cc-425b-90ef-9bcaa62a7535: receive RaftClientReply:client-E0FA40453D59->0c156e3c-57cc-425b-90ef-9bcaa62a7535@group-7704A457760D, cid=4342, SUCCESS, logIndex=7283, commits[0c156e3c-57cc-425b-90ef-9bcaa62a7535:c7283]
2019-06-14 13:46:13,228 INFO  client.GrpcClientProtocolClient (GrpcClientProtocolClient.java:onNext(254)) - client-E0FA40453D59->0c156e3c-57cc-425b-90ef-9bcaa62a7535: receive RaftClientReply:client-E0FA40453D59->0c156e3c-57cc-425b-90ef-9bcaa62a7535@group-7704A457760D, cid=4343, SUCCESS, logIndex=7284, commits[0c156e3c-57cc-425b-90ef-9bcaa62a7535:c7286]
2019-06-14 13:46:13,228 INFO  client.GrpcClientProtocolClient (GrpcClientProtocolClient.java:onNext(254)) - client-E0FA40453D59->0c156e3c-57cc-425b-90ef-9bcaa62a7535: receive RaftClientReply:client-E0FA40453D59->0c156e3c-57cc-425b-90ef-9bcaa62a7535@group-7704A457760D, cid=4344, SUCCESS, logIndex=7285, commits[0c156e3c-57cc-425b-90ef-9bcaa62a7535:c7286]
2019-06-14 13:46:13,239 INFO  client.GrpcClientProtocolClient (GrpcClientProtocolClient.java:onNext(254)) - client-E0FA40453D59->0c156e3c-57cc-425b-90ef-9bcaa62a7535: receive RaftClientReply:client-E0FA40453D59->0c156e3c-57cc-425b-90ef-9bcaa62a7535@group-7704A457760D, cid=4345, SUCCESS, logIndex=7287, commits[0c156e3c-57cc-425b-90ef-9bcaa62a7535:c7287]
2019-06-14 13:46:13,240 INFO  client.GrpcClientProtocolClient (GrpcClientProtocolClient.java:onNext(254)) - client-E0FA40453D59->0c156e3c-57cc-425b-90ef-9bcaa62a7535: receive RaftClientReply:client-E0FA40453D59->0c156e3c-57cc-425b-90ef-9bcaa62a7535@group-7704A457760D, cid=4346, SUCCESS, logIndex=7289, commits[0c156e3c-57cc-425b-90ef-9bcaa62a7535:c7289]
2019-06-14 13:46:13,241 INFO  client.GrpcClientProtocolClient (GrpcClientProtocolClient.java:onNext(254)) - client-E0FA40453D59->0c156e3c-57cc-425b-90ef-9bcaa62a7535: receive RaftClientReply:client-E0FA40453D59->0c156e3c-57cc-425b-90ef-9bcaa62a7535@group-7704A457760D, cid=4347, SUCCESS, logIndex=7290, commits[0c156e3c-57cc-425b-90ef-9bcaa62a7535:c7292]
2019-06-14 13:46:13,241 INFO  client.GrpcClientProtocolClient (GrpcClientProtocolClient.java:onNext(254)) - client-E0FA40453D59->0c156e3c-57cc-425b-90ef-9bcaa62a7535: receive RaftClientReply:client-E0FA40453D59->0c156e3c-57cc-425b-90ef-9bcaa62a7535@group-7704A457760D, cid=4348, SUCCESS, logIndex=7291, commits[0c156e3c-57cc-425b-90ef-9bcaa62a7535:c7292]
2019-06-14 13:46:13,247 INFO  client.GrpcClientProtocolClient (GrpcClientProtocolClient.java:onNext(254)) - client-E0FA40453D59->0c156e3c-57cc-425b-90ef-9bcaa62a7535: receive RaftClientReply:client-E0FA40453D59->0c156e3c-57cc-425b-90ef-9bcaa62a7535@group-7704A457760D, cid=4349, SUCCESS, logIndex=7293, commits[0c156e3c-57cc-425b-90ef-9bcaa62a7535:c7293]
2019-06-14 13:46:13,248 INFO  client.GrpcClientProtocolClient (GrpcClientProtocolClient.java:onNext(254)) - client-E0FA40453D59->0c156e3c-57cc-425b-90ef-9bcaa62a7535: receive RaftClientReply:client-E0FA40453D59->0c156e3c-57cc-425b-90ef-9bcaa62a7535@group-7704A457760D, cid=4350, SUCCESS, logIndex=7295, commits[0c156e3c-57cc-425b-90ef-9bcaa62a7535:c7295]
2019-06-14 13:46:13,249 INFO  client.GrpcClientProtocolClient (GrpcClientProtocolClient.java:onNext(254)) - client-E0FA40453D59->0c156e3c-57cc-425b-90ef-9bcaa62a7535: receive RaftClientReply:client-E0FA40453D59->0c156e3c-57cc-425b-90ef-9bcaa62a7535@group-7704A457760D, cid=4351, SUCCESS, logIndex=7296, commits[0c156e3c-57cc-425b-90ef-9bcaa62a7535:c7298]
2019-06-14 13:46:13,250 INFO  client.GrpcClientProtocolClient (GrpcClientProtocolClient.java:onNext(254)) - client-E0FA40453D59->0c156e3c-57cc-425b-90ef-9bcaa62a7535: receive RaftClientReply:client-E0FA40453D59->0c156e3c-57cc-425b-90ef-9bcaa62a7535@group-7704A457760D, cid=4352, SUCCESS, logIndex=7297, commits[0c156e3c-57cc-425b-90ef-9bcaa62a7535:c7298]
2019-06-14 13:46:13,260 INFO  client.GrpcClientProtocolClient (GrpcClientProtocolClient.java:onNext(254)) - client-E0FA40453D59->0c156e3c-57cc-425b-90ef-9bcaa62a7535: receive RaftClientReply:client-E0FA40453D59->0c156e3c-57cc-425b-90ef-9bcaa62a7535@group-7704A457760D, cid=4353, SUCCESS, logIndex=7299, commits[0c156e3c-57cc-425b-90ef-9bcaa62a7535:c7299]
2019-06-14 13:46:13,261 INFO  client.GrpcClientProtocolClient (GrpcClientProtocolClient.java:onNext(254)) - client-E0FA40453D59->0c156e3c-57cc-425b-90ef-9bcaa62a7535: receive RaftClientReply:client-E0FA40453D59->0c156e3c-57cc-425b-90ef-9bcaa62a7535@group-7704A457760D, cid=4354, SUCCESS, logIndex=7301, commits[0c156e3c-57cc-425b-90ef-9bcaa62a7535:c7301]
2019-06-14 13:46:13,262 INFO  client.GrpcClientProtocolClient (GrpcClientProtocolClient.java:onNext(254)) - client-E0FA40453D59->0c156e3c-57cc-425b-90ef-9bcaa62a7535: receive RaftClientReply:client-E0FA40453D59->0c156e3c-57cc-425b-90ef-9bcaa62a7535@group-7704A457760D, cid=4355, SUCCESS, logIndex=7302, commits[0c156e3c-57cc-425b-90ef-9bcaa62a7535:c7304]
2019-06-14 13:46:13,262 INFO  client.GrpcClientProtocolClient (GrpcClientProtocolClient.java:onNext(254)) - client-E0FA40453D59->0c156e3c-57cc-425b-90ef-9bcaa62a7535: receive RaftClientReply:client-E0FA40453D59->0c156e3c-57cc-425b-90ef-9bcaa62a7535@group-7704A457760D, cid=4356, SUCCESS, logIndex=7303, commits[0c156e3c-57cc-425b-90ef-9bcaa62a7535:c7304]
2019-06-14 13:46:13,267 INFO  client.GrpcClientProtocolClient (GrpcClientProtocolClient.java:onNext(254)) - client-E0FA40453D59->0c156e3c-57cc-425b-90ef-9bcaa62a7535: receive RaftClientReply:client-E0FA40453D59->0c156e3c-57cc-425b-90ef-9bcaa62a7535@group-7704A457760D, cid=4357, SUCCESS, logIndex=7305, commits[0c156e3c-57cc-425b-90ef-9bcaa62a7535:c7305]
2019-06-14 13:46:13,269 INFO  client.GrpcClientProtocolClient (GrpcClientProtocolClient.java:onNext(254)) - client-E0FA40453D59->0c156e3c-57cc-425b-90ef-9bcaa62a7535: receive RaftClientReply:client-E0FA40453D59->0c156e3c-57cc-425b-90ef-9bcaa62a7535@group-7704A457760D, cid=4358, SUCCESS, logIndex=7307, commits[0c156e3c-57cc-425b-90ef-9bcaa62a7535:c7309]
2019-06-14 13:46:13,270 INFO  client.GrpcClientProtocolClient (GrpcClientProtocolClient.java:onNext(254)) - client-E0FA40453D59->0c156e3c-57cc-425b-90ef-9bcaa62a7535: receive RaftClientReply:client-E0FA40453D59->0c156e3c-57cc-425b-90ef-9bcaa62a7535@group-7704A457760D, cid=4359, SUCCESS, logIndex=7308, commits[0c156e3c-57cc-425b-90ef-9bcaa62a7535:c7309]
2019-06-14 13:46:13,270 INFO  client.GrpcClientProtocolClient (GrpcClientProtocolClient.java:onNext(254)) - client-E0FA40453D59->0c156e3c-57cc-425b-90ef-9bcaa62a7535: receive RaftClientReply:client-E0FA40453D59->0c156e3c-57cc-425b-90ef-9bcaa62a7535@group-7704A457760D, cid=4360, SUCCESS, logIndex=7309, commits[0c156e3c-57cc-425b-90ef-9bcaa62a7535:c7310]
2019-06-14 13:46:13,280 INFO  client.GrpcClientProtocolClient (GrpcClientProtocolClient.java:onNext(254)) - client-E0FA40453D59->0c156e3c-57cc-425b-90ef-9bcaa62a7535: receive RaftClientReply:client-E0FA40453D59->0c156e3c-57cc-425b-90ef-9bcaa62a7535@group-7704A457760D, cid=4361, SUCCESS, logIndex=7311, commits[0c156e3c-57cc-425b-90ef-9bcaa62a7535:c7311]
2019-06-14 13:46:13,281 INFO  client.GrpcClientProtocolClient (GrpcClientProtocolClient.java:onNext(254)) - client-E0FA40453D59->0c156e3c-57cc-425b-90ef-9bcaa62a7535: receive RaftClientReply:client-E0FA40453D59->0c156e3c-57cc-425b-90ef-9bcaa62a7535@group-7704A457760D, cid=4362, SUCCESS, logIndex=7313, commits[0c156e3c-57cc-425b-90ef-9bcaa62a7535:c7313]
2019-06-14 13:46:13,282 INFO  client.GrpcClientProtocolClient (GrpcClientProtocolClient.java:onNext(254)) - client-E0FA40453D59->0c156e3c-57cc-425b-90ef-9bcaa62a7535: receive RaftClientReply:client-E0FA40453D59->0c156e3c-57cc-425b-90ef-9bcaa62a7535@group-7704A457760D, cid=4363, SUCCESS, logIndex=7314, commits[0c156e3c-57cc-425b-90ef-9bcaa62a7535:c7316]
2019-06-14 13:46:13,283 INFO  client.GrpcClientProtocolClient (GrpcClientProtocolClient.java:onNext(254)) - client-E0FA40453D59->0c156e3c-57cc-425b-90ef-9bcaa62a7535: receive RaftClientReply:client-E0FA40453D59->0c156e3c-57cc-425b-90ef-9bcaa62a7535@group-7704A457760D, cid=4364, SUCCESS, logIndex=7315, commits[0c156e3c-57cc-425b-90ef-9bcaa62a7535:c7316]
2019-06-14 13:46:13,287 INFO  client.GrpcClientProtocolClient (GrpcClientProtocolClient.java:onNext(254)) - client-E0FA40453D59->0c156e3c-57cc-425b-90ef-9bcaa62a7535: receive RaftClientReply:client-E0FA40453D59->0c156e3c-57cc-425b-90ef-9bcaa62a7535@group-7704A457760D, cid=4365, SUCCESS, logIndex=7317, commits[0c156e3c-57cc-425b-90ef-9bcaa62a7535:c7317]
2019-06-14 13:46:13,288 INFO  client.GrpcClientProtocolClient (GrpcClientProtocolClient.java:onNext(254)) - client-E0FA40453D59->0c156e3c-57cc-425b-90ef-9bcaa62a7535: receive RaftClientReply:client-E0FA40453D59->0c156e3c-57cc-425b-90ef-9bcaa62a7535@group-7704A457760D, cid=4366, SUCCESS, logIndex=7319, commits[0c156e3c-57cc-425b-90ef-9bcaa62a7535:c7319]
2019-06-14 13:46:13,290 INFO  client.GrpcClientProtocolClient (GrpcClientProtocolClient.java:onNext(254)) - client-E0FA40453D59->0c156e3c-57cc-425b-90ef-9bcaa62a7535: receive RaftClientReply:client-E0FA40453D59->0c156e3c-57cc-425b-90ef-9bcaa62a7535@group-7704A457760D, cid=4367, SUCCESS, logIndex=7320, commits[0c156e3c-57cc-425b-90ef-9bcaa62a7535:c7322]
2019-06-14 13:46:13,290 INFO  client.GrpcClientProtocolClient (GrpcClientProtocolClient.java:onNext(254)) - client-E0FA40453D59->0c156e3c-57cc-425b-90ef-9bcaa62a7535: receive RaftClientReply:client-E0FA40453D59->0c156e3c-57cc-425b-90ef-9bcaa62a7535@group-7704A457760D, cid=4368, SUCCESS, logIndex=7321, commits[0c156e3c-57cc-425b-90ef-9bcaa62a7535:c7322]
2019-06-14 13:46:13,300 INFO  client.GrpcClientProtocolClient (GrpcClientProtocolClient.java:onNext(254)) - client-E0FA40453D59->0c156e3c-57cc-425b-90ef-9bcaa62a7535: receive RaftClientReply:client-E0FA40453D59->0c156e3c-57cc-425b-90ef-9bcaa62a7535@group-7704A457760D, cid=4369, SUCCESS, logIndex=7323, commits[0c156e3c-57cc-425b-90ef-9bcaa62a7535:c7323]
2019-06-14 13:46:13,301 INFO  client.GrpcClientProtocolClient (GrpcClientProtocolClient.java:onNext(254)) - client-E0FA40453D59->0c156e3c-57cc-425b-90ef-9bcaa62a7535: receive RaftClientReply:client-E0FA40453D59->0c156e3c-57cc-425b-90ef-9bcaa62a7535@group-7704A457760D, cid=4370, SUCCESS, logIndex=7325, commits[0c156e3c-57cc-425b-90ef-9bcaa62a7535:c7325]
2019-06-14 13:46:13,302 INFO  client.GrpcClientProtocolClient (GrpcClientProtocolClient.java:onNext(254)) - client-E0FA40453D59->0c156e3c-57cc-425b-90ef-9bcaa62a7535: receive RaftClientReply:client-E0FA40453D59->0c156e3c-57cc-425b-90ef-9bcaa62a7535@group-7704A457760D, cid=4371, SUCCESS, logIndex=7326, commits[0c156e3c-57cc-425b-90ef-9bcaa62a7535:c7328]
2019-06-14 13:46:13,302 INFO  client.GrpcClientProtocolClient (GrpcClientProtocolClient.java:onNext(254)) - client-E0FA40453D59->0c156e3c-57cc-425b-90ef-9bcaa62a7535: receive RaftClientReply:client-E0FA40453D59->0c156e3c-57cc-425b-90ef-9bcaa62a7535@group-7704A457760D, cid=4372, SUCCESS, logIndex=7327, commits[0c156e3c-57cc-425b-90ef-9bcaa62a7535:c7328]
2019-06-14 13:46:13,308 INFO  client.GrpcClientProtocolClient (GrpcClientProtocolClient.java:onNext(254)) - client-E0FA40453D59->0c156e3c-57cc-425b-90ef-9bcaa62a7535: receive RaftClientReply:client-E0FA40453D59->0c156e3c-57cc-425b-90ef-9bcaa62a7535@group-7704A457760D, cid=4373, SUCCESS, logIndex=7329, commits[0c156e3c-57cc-425b-90ef-9bcaa62a7535:c7329]
2019-06-14 13:46:13,309 INFO  client.GrpcClientProtocolClient (GrpcClientProtocolClient.java:onNext(254)) - client-E0FA40453D59->0c156e3c-57cc-425b-90ef-9bcaa62a7535: receive RaftClientReply:client-E0FA40453D59->0c156e3c-57cc-425b-90ef-9bcaa62a7535@group-7704A457760D, cid=4374, SUCCESS, logIndex=7331, commits[0c156e3c-57cc-425b-90ef-9bcaa62a7535:c7331]
2019-06-14 13:46:13,310 INFO  client.GrpcClientProtocolClient (GrpcClientProtocolClient.java:onNext(254)) - client-E0FA40453D59->0c156e3c-57cc-425b-90ef-9bcaa62a7535: receive RaftClientReply:client-E0FA40453D59->0c156e3c-57cc-425b-90ef-9bcaa62a7535@group-7704A457760D, cid=4375, SUCCESS, logIndex=7332, commits[0c156e3c-57cc-425b-90ef-9bcaa62a7535:c7334]
2019-06-14 13:46:13,310 INFO  client.GrpcClientProtocolClient (GrpcClientProtocolClient.java:onNext(254)) - client-E0FA40453D59->0c156e3c-57cc-425b-90ef-9bcaa62a7535: receive RaftClientReply:client-E0FA40453D59->0c156e3c-57cc-425b-90ef-9bcaa62a7535@group-7704A457760D, cid=4376, SUCCESS, logIndex=7333, commits[0c156e3c-57cc-425b-90ef-9bcaa62a7535:c7334]
2019-06-14 13:46:13,313 DEBUG block.SCMBlockDeletingService (SCMBlockDeletingService.java:call(138)) - Running DeletedBlockTransactionScanner
2019-06-14 13:46:13,313 DEBUG block.SCMBlockDeletingService (SCMBlockDeletingService.java:call(155)) - Scanned deleted blocks log and got 0 delTX to process.
2019-06-14 13:46:13,548 DEBUG block.SCMBlockDeletingService (SCMBlockDeletingService.java:call(138)) - Running DeletedBlockTransactionScanner
2019-06-14 13:46:13,548 DEBUG block.SCMBlockDeletingService (SCMBlockDeletingService.java:call(155)) - Scanned deleted blocks log and got 0 delTX to process.
2019-06-14 13:46:13,621 INFO  client.GrpcClientProtocolClient (GrpcClientProtocolClient.java:onNext(254)) - client-E0FA40453D59->0c156e3c-57cc-425b-90ef-9bcaa62a7535: receive RaftClientReply:client-E0FA40453D59->0c156e3c-57cc-425b-90ef-9bcaa62a7535@group-7704A457760D, cid=4377, SUCCESS, logIndex=7335, commits[0c156e3c-57cc-425b-90ef-9bcaa62a7535:c7335]
2019-06-14 13:46:13,625 INFO  client.GrpcClientProtocolClient (GrpcClientProtocolClient.java:onNext(254)) - client-E0FA40453D59->0c156e3c-57cc-425b-90ef-9bcaa62a7535: receive RaftClientReply:client-E0FA40453D59->0c156e3c-57cc-425b-90ef-9bcaa62a7535@group-7704A457760D, cid=4378, SUCCESS, logIndex=7337, commits[0c156e3c-57cc-425b-90ef-9bcaa62a7535:c7337]
2019-06-14 13:46:13,625 INFO  client.GrpcClientProtocolClient (GrpcClientProtocolClient.java:onNext(254)) - client-E0FA40453D59->0c156e3c-57cc-425b-90ef-9bcaa62a7535: receive RaftClientReply:client-E0FA40453D59->0c156e3c-57cc-425b-90ef-9bcaa62a7535@group-7704A457760D, cid=4379, SUCCESS, logIndex=7338, commits[0c156e3c-57cc-425b-90ef-9bcaa62a7535:c7340]
2019-06-14 13:46:13,625 INFO  client.GrpcClientProtocolClient (GrpcClientProtocolClient.java:onNext(254)) - client-E0FA40453D59->0c156e3c-57cc-425b-90ef-9bcaa62a7535: receive RaftClientReply:client-E0FA40453D59->0c156e3c-57cc-425b-90ef-9bcaa62a7535@group-7704A457760D, cid=4380, SUCCESS, logIndex=7339, commits[0c156e3c-57cc-425b-90ef-9bcaa62a7535:c7340]
2019-06-14 13:46:13,630 INFO  client.GrpcClientProtocolClient (GrpcClientProtocolClient.java:onNext(254)) - client-E0FA40453D59->0c156e3c-57cc-425b-90ef-9bcaa62a7535: receive RaftClientReply:client-E0FA40453D59->0c156e3c-57cc-425b-90ef-9bcaa62a7535@group-7704A457760D, cid=4381, SUCCESS, logIndex=7341, commits[0c156e3c-57cc-425b-90ef-9bcaa62a7535:c7341]
2019-06-14 13:46:13,630 INFO  storage.RaftLogWorker (RaftLogWorker.java:rollLogSegment(303)) - 0c156e3c-57cc-425b-90ef-9bcaa62a7535-RaftLogWorker: Rolling segment log-7281_7344 to index:7344
2019-06-14 13:46:13,631 INFO  client.GrpcClientProtocolClient (GrpcClientProtocolClient.java:onNext(254)) - client-E0FA40453D59->0c156e3c-57cc-425b-90ef-9bcaa62a7535: receive RaftClientReply:client-E0FA40453D59->0c156e3c-57cc-425b-90ef-9bcaa62a7535@group-7704A457760D, cid=4382, SUCCESS, logIndex=7343, commits[0c156e3c-57cc-425b-90ef-9bcaa62a7535:c7343]
2019-06-14 13:46:13,631 INFO  storage.RaftLogWorker (RaftLogWorker.java:execute(433)) - 0c156e3c-57cc-425b-90ef-9bcaa62a7535-RaftLogWorker: Rolled log segment from /opt/src/hadoop-ozone/integration-test/target/test-dir/MiniOzoneClusterImpl-8919240e-7e15-4dbf-8bf4-c210578586bb/datanode-0/data/ratis/1fc53845-3381-4beb-82f9-7704a457760d/current/log_inprogress_7281 to /opt/src/hadoop-ozone/integration-test/target/test-dir/MiniOzoneClusterImpl-8919240e-7e15-4dbf-8bf4-c210578586bb/datanode-0/data/ratis/1fc53845-3381-4beb-82f9-7704a457760d/current/log_7281-7344
2019-06-14 13:46:13,632 INFO  client.GrpcClientProtocolClient (GrpcClientProtocolClient.java:onNext(254)) - client-E0FA40453D59->0c156e3c-57cc-425b-90ef-9bcaa62a7535: receive RaftClientReply:client-E0FA40453D59->0c156e3c-57cc-425b-90ef-9bcaa62a7535@group-7704A457760D, cid=4383, SUCCESS, logIndex=7344, commits[0c156e3c-57cc-425b-90ef-9bcaa62a7535:c7344]
2019-06-14 13:46:13,648 DEBUG block.SCMBlockDeletingService (SCMBlockDeletingService.java:call(138)) - Running DeletedBlockTransactionScanner
2019-06-14 13:46:13,648 DEBUG block.SCMBlockDeletingService (SCMBlockDeletingService.java:call(155)) - Scanned deleted blocks log and got 0 delTX to process.
2019-06-14 13:46:13,667 INFO  storage.RaftLogWorker (RaftLogWorker.java:execute(469)) - 0c156e3c-57cc-425b-90ef-9bcaa62a7535-RaftLogWorker: created new log segment /opt/src/hadoop-ozone/integration-test/target/test-dir/MiniOzoneClusterImpl-8919240e-7e15-4dbf-8bf4-c210578586bb/datanode-0/data/ratis/1fc53845-3381-4beb-82f9-7704a457760d/current/log_inprogress_7345
2019-06-14 13:46:13,668 INFO  client.GrpcClientProtocolClient (GrpcClientProtocolClient.java:onNext(254)) - client-E0FA40453D59->0c156e3c-57cc-425b-90ef-9bcaa62a7535: receive RaftClientReply:client-E0FA40453D59->0c156e3c-57cc-425b-90ef-9bcaa62a7535@group-7704A457760D, cid=4384, SUCCESS, logIndex=7345, commits[0c156e3c-57cc-425b-90ef-9bcaa62a7535:c7347]
2019-06-14 13:46:13,679 INFO  client.GrpcClientProtocolClient (GrpcClientProtocolClient.java:onNext(254)) - client-E0FA40453D59->0c156e3c-57cc-425b-90ef-9bcaa62a7535: receive RaftClientReply:client-E0FA40453D59->0c156e3c-57cc-425b-90ef-9bcaa62a7535@group-7704A457760D, cid=4385, SUCCESS, logIndex=7348, commits[0c156e3c-57cc-425b-90ef-9bcaa62a7535:c7348]
2019-06-14 13:46:13,680 INFO  client.GrpcClientProtocolClient (GrpcClientProtocolClient.java:onNext(254)) - client-E0FA40453D59->0c156e3c-57cc-425b-90ef-9bcaa62a7535: receive RaftClientReply:client-E0FA40453D59->0c156e3c-57cc-425b-90ef-9bcaa62a7535@group-7704A457760D, cid=4386, SUCCESS, logIndex=7350, commits[0c156e3c-57cc-425b-90ef-9bcaa62a7535:c7350]
2019-06-14 13:46:13,681 INFO  client.GrpcClientProtocolClient (GrpcClientProtocolClient.java:onNext(254)) - client-E0FA40453D59->0c156e3c-57cc-425b-90ef-9bcaa62a7535: receive RaftClientReply:client-E0FA40453D59->0c156e3c-57cc-425b-90ef-9bcaa62a7535@group-7704A457760D, cid=4387, SUCCESS, logIndex=7351, commits[0c156e3c-57cc-425b-90ef-9bcaa62a7535:c7351]
2019-06-14 13:46:13,681 INFO  client.GrpcClientProtocolClient (GrpcClientProtocolClient.java:onNext(254)) - client-E0FA40453D59->0c156e3c-57cc-425b-90ef-9bcaa62a7535: receive RaftClientReply:client-E0FA40453D59->0c156e3c-57cc-425b-90ef-9bcaa62a7535@group-7704A457760D, cid=4388, SUCCESS, logIndex=7352, commits[0c156e3c-57cc-425b-90ef-9bcaa62a7535:c7353]
2019-06-14 13:46:13,686 INFO  client.GrpcClientProtocolClient (GrpcClientProtocolClient.java:onNext(254)) - client-E0FA40453D59->0c156e3c-57cc-425b-90ef-9bcaa62a7535: receive RaftClientReply:client-E0FA40453D59->0c156e3c-57cc-425b-90ef-9bcaa62a7535@group-7704A457760D, cid=4389, SUCCESS, logIndex=7355, commits[0c156e3c-57cc-425b-90ef-9bcaa62a7535:c7355]
2019-06-14 13:46:13,687 INFO  client.GrpcClientProtocolClient (GrpcClientProtocolClient.java:onNext(254)) - client-E0FA40453D59->0c156e3c-57cc-425b-90ef-9bcaa62a7535: receive RaftClientReply:client-E0FA40453D59->0c156e3c-57cc-425b-90ef-9bcaa62a7535@group-7704A457760D, cid=4390, SUCCESS, logIndex=7357, commits[0c156e3c-57cc-425b-90ef-9bcaa62a7535:c7357]
2019-06-14 13:46:13,688 INFO  client.GrpcClientProtocolClient (GrpcClientProtocolClient.java:onNext(254)) - client-E0FA40453D59->0c156e3c-57cc-425b-90ef-9bcaa62a7535: receive RaftClientReply:client-E0FA40453D59->0c156e3c-57cc-425b-90ef-9bcaa62a7535@group-7704A457760D, cid=4391, SUCCESS, logIndex=7358, commits[0c156e3c-57cc-425b-90ef-9bcaa62a7535:c7360]
2019-06-14 13:46:13,688 INFO  client.GrpcClientProtocolClient (GrpcClientProtocolClient.java:onNext(254)) - client-E0FA40453D59->0c156e3c-57cc-425b-90ef-9bcaa62a7535: receive RaftClientReply:client-E0FA40453D59->0c156e3c-57cc-425b-90ef-9bcaa62a7535@group-7704A457760D, cid=4392, SUCCESS, logIndex=7359, commits[0c156e3c-57cc-425b-90ef-9bcaa62a7535:c7360]
2019-06-14 13:46:13,699 INFO  client.GrpcClientProtocolClient (GrpcClientProtocolClient.java:onNext(254)) - client-E0FA40453D59->0c156e3c-57cc-425b-90ef-9bcaa62a7535: receive RaftClientReply:client-E0FA40453D59->0c156e3c-57cc-425b-90ef-9bcaa62a7535@group-7704A457760D, cid=4393, SUCCESS, logIndex=7361, commits[0c156e3c-57cc-425b-90ef-9bcaa62a7535:c7361]
2019-06-14 13:46:13,701 INFO  client.GrpcClientProtocolClient (GrpcClientProtocolClient.java:onNext(254)) - client-E0FA40453D59->0c156e3c-57cc-425b-90ef-9bcaa62a7535: receive RaftClientReply:client-E0FA40453D59->0c156e3c-57cc-425b-90ef-9bcaa62a7535@group-7704A457760D, cid=4394, SUCCESS, logIndex=7363, commits[0c156e3c-57cc-425b-90ef-9bcaa62a7535:c7363]
2019-06-14 13:46:13,702 INFO  client.GrpcClientProtocolClient (GrpcClientProtocolClient.java:onNext(254)) - client-E0FA40453D59->0c156e3c-57cc-425b-90ef-9bcaa62a7535: receive RaftClientReply:client-E0FA40453D59->0c156e3c-57cc-425b-90ef-9bcaa62a7535@group-7704A457760D, cid=4395, SUCCESS, logIndex=7364, commits[0c156e3c-57cc-425b-90ef-9bcaa62a7535:c7364]
2019-06-14 13:46:13,702 INFO  client.GrpcClientProtocolClient (GrpcClientProtocolClient.java:onNext(254)) - client-E0FA40453D59->0c156e3c-57cc-425b-90ef-9bcaa62a7535: receive RaftClientReply:client-E0FA40453D59->0c156e3c-57cc-425b-90ef-9bcaa62a7535@group-7704A457760D, cid=4396, SUCCESS, logIndex=7366, commits[0c156e3c-57cc-425b-90ef-9bcaa62a7535:c7366]
2019-06-14 13:46:13,707 INFO  client.GrpcClientProtocolClient (GrpcClientProtocolClient.java:onNext(254)) - client-E0FA40453D59->0c156e3c-57cc-425b-90ef-9bcaa62a7535: receive RaftClientReply:client-E0FA40453D59->0c156e3c-57cc-425b-90ef-9bcaa62a7535@group-7704A457760D, cid=4397, SUCCESS, logIndex=7369, commits[0c156e3c-57cc-425b-90ef-9bcaa62a7535:c7369]
2019-06-14 13:46:13,708 INFO  client.GrpcClientProtocolClient (GrpcClientProtocolClient.java:onNext(254)) - client-E0FA40453D59->0c156e3c-57cc-425b-90ef-9bcaa62a7535: receive RaftClientReply:client-E0FA40453D59->0c156e3c-57cc-425b-90ef-9bcaa62a7535@group-7704A457760D, cid=4398, SUCCESS, logIndex=7371, commits[0c156e3c-57cc-425b-90ef-9bcaa62a7535:c7371]
2019-06-14 13:46:13,709 INFO  client.GrpcClientProtocolClient (GrpcClientProtocolClient.java:onNext(254)) - client-E0FA40453D59->0c156e3c-57cc-425b-90ef-9bcaa62a7535: receive RaftClientReply:client-E0FA40453D59->0c156e3c-57cc-425b-90ef-9bcaa62a7535@group-7704A457760D, cid=4399, SUCCESS, logIndex=7372, commits[0c156e3c-57cc-425b-90ef-9bcaa62a7535:c7374]
2019-06-14 13:46:13,709 INFO  client.GrpcClientProtocolClient (GrpcClientProtocolClient.java:onNext(254)) - client-E0FA40453D59->0c156e3c-57cc-425b-90ef-9bcaa62a7535: receive RaftClientReply:client-E0FA40453D59->0c156e3c-57cc-425b-90ef-9bcaa62a7535@group-7704A457760D, cid=4400, SUCCESS, logIndex=7373, commits[0c156e3c-57cc-425b-90ef-9bcaa62a7535:c7374]
2019-06-14 13:46:13,719 INFO  client.GrpcClientProtocolClient (GrpcClientProtocolClient.java:onNext(254)) - client-E0FA40453D59->0c156e3c-57cc-425b-90ef-9bcaa62a7535: receive RaftClientReply:client-E0FA40453D59->0c156e3c-57cc-425b-90ef-9bcaa62a7535@group-7704A457760D, cid=4401, SUCCESS, logIndex=7375, commits[0c156e3c-57cc-425b-90ef-9bcaa62a7535:c7375]
2019-06-14 13:46:13,720 INFO  client.GrpcClientProtocolClient (GrpcClientProtocolClient.java:onNext(254)) - client-E0FA40453D59->0c156e3c-57cc-425b-90ef-9bcaa62a7535: receive RaftClientReply:client-E0FA40453D59->0c156e3c-57cc-425b-90ef-9bcaa62a7535@group-7704A457760D, cid=4402, SUCCESS, logIndex=7377, commits[0c156e3c-57cc-425b-90ef-9bcaa62a7535:c7377]
2019-06-14 13:46:13,722 INFO  client.GrpcClientProtocolClient (GrpcClientProtocolClient.java:onNext(254)) - client-E0FA40453D59->0c156e3c-57cc-425b-90ef-9bcaa62a7535: receive RaftClientReply:client-E0FA40453D59->0c156e3c-57cc-425b-90ef-9bcaa62a7535@group-7704A457760D, cid=4403, SUCCESS, logIndex=7378, commits[0c156e3c-57cc-425b-90ef-9bcaa62a7535:c7380]
2019-06-14 13:46:13,722 INFO  client.GrpcClientProtocolClient (GrpcClientProtocolClient.java:onNext(254)) - client-E0FA40453D59->0c156e3c-57cc-425b-90ef-9bcaa62a7535: receive RaftClientReply:client-E0FA40453D59->0c156e3c-57cc-425b-90ef-9bcaa62a7535@group-7704A457760D, cid=4404, SUCCESS, logIndex=7379, commits[0c156e3c-57cc-425b-90ef-9bcaa62a7535:c7380]
2019-06-14 13:46:13,726 INFO  client.GrpcClientProtocolClient (GrpcClientProtocolClient.java:onNext(254)) - client-E0FA40453D59->0c156e3c-57cc-425b-90ef-9bcaa62a7535: receive RaftClientReply:client-E0FA40453D59->0c156e3c-57cc-425b-90ef-9bcaa62a7535@group-7704A457760D, cid=4405, SUCCESS, logIndex=7381, commits[0c156e3c-57cc-425b-90ef-9bcaa62a7535:c7381]
2019-06-14 13:46:13,727 INFO  client.GrpcClientProtocolClient (GrpcClientProtocolClient.java:onNext(254)) - client-E0FA40453D59->0c156e3c-57cc-425b-90ef-9bcaa62a7535: receive RaftClientReply:client-E0FA40453D59->0c156e3c-57cc-425b-90ef-9bcaa62a7535@group-7704A457760D, cid=4406, SUCCESS, logIndex=7383, commits[0c156e3c-57cc-425b-90ef-9bcaa62a7535:c7383]
2019-06-14 13:46:13,728 INFO  client.GrpcClientProtocolClient (GrpcClientProtocolClient.java:onNext(254)) - client-E0FA40453D59->0c156e3c-57cc-425b-90ef-9bcaa62a7535: receive RaftClientReply:client-E0FA40453D59->0c156e3c-57cc-425b-90ef-9bcaa62a7535@group-7704A457760D, cid=4407, SUCCESS, logIndex=7384, commits[0c156e3c-57cc-425b-90ef-9bcaa62a7535:c7386]
2019-06-14 13:46:13,729 INFO  client.GrpcClientProtocolClient (GrpcClientProtocolClient.java:onNext(254)) - client-E0FA40453D59->0c156e3c-57cc-425b-90ef-9bcaa62a7535: receive RaftClientReply:client-E0FA40453D59->0c156e3c-57cc-425b-90ef-9bcaa62a7535@group-7704A457760D, cid=4408, SUCCESS, logIndex=7385, commits[0c156e3c-57cc-425b-90ef-9bcaa62a7535:c7386]
2019-06-14 13:46:13,739 INFO  client.GrpcClientProtocolClient (GrpcClientProtocolClient.java:onNext(254)) - client-E0FA40453D59->0c156e3c-57cc-425b-90ef-9bcaa62a7535: receive RaftClientReply:client-E0FA40453D59->0c156e3c-57cc-425b-90ef-9bcaa62a7535@group-7704A457760D, cid=4409, SUCCESS, logIndex=7387, commits[0c156e3c-57cc-425b-90ef-9bcaa62a7535:c7387]
2019-06-14 13:46:13,740 INFO  client.GrpcClientProtocolClient (GrpcClientProtocolClient.java:onNext(254)) - client-E0FA40453D59->0c156e3c-57cc-425b-90ef-9bcaa62a7535: receive RaftClientReply:client-E0FA40453D59->0c156e3c-57cc-425b-90ef-9bcaa62a7535@group-7704A457760D, cid=4410, SUCCESS, logIndex=7389, commits[0c156e3c-57cc-425b-90ef-9bcaa62a7535:c7389]
2019-06-14 13:46:13,741 INFO  client.GrpcClientProtocolClient (GrpcClientProtocolClient.java:onNext(254)) - client-E0FA40453D59->0c156e3c-57cc-425b-90ef-9bcaa62a7535: receive RaftClientReply:client-E0FA40453D59->0c156e3c-57cc-425b-90ef-9bcaa62a7535@group-7704A457760D, cid=4411, SUCCESS, logIndex=7390, commits[0c156e3c-57cc-425b-90ef-9bcaa62a7535:c7392]
2019-06-14 13:46:13,741 INFO  client.GrpcClientProtocolClient (GrpcClientProtocolClient.java:onNext(254)) - client-E0FA40453D59->0c156e3c-57cc-425b-90ef-9bcaa62a7535: receive RaftClientReply:client-E0FA40453D59->0c156e3c-57cc-425b-90ef-9bcaa62a7535@group-7704A457760D, cid=4412, SUCCESS, logIndex=7391, commits[0c156e3c-57cc-425b-90ef-9bcaa62a7535:c7392]
2019-06-14 13:46:13,746 INFO  client.GrpcClientProtocolClient (GrpcClientProtocolClient.java:onNext(254)) - client-E0FA40453D59->0c156e3c-57cc-425b-90ef-9bcaa62a7535: receive RaftClientReply:client-E0FA40453D59->0c156e3c-57cc-425b-90ef-9bcaa62a7535@group-7704A457760D, cid=4413, SUCCESS, logIndex=7393, commits[0c156e3c-57cc-425b-90ef-9bcaa62a7535:c7393]
2019-06-14 13:46:13,747 INFO  client.GrpcClientProtocolClient (GrpcClientProtocolClient.java:onNext(254)) - client-E0FA40453D59->0c156e3c-57cc-425b-90ef-9bcaa62a7535: receive RaftClientReply:client-E0FA40453D59->0c156e3c-57cc-425b-90ef-9bcaa62a7535@group-7704A457760D, cid=4414, SUCCESS, logIndex=7395, commits[0c156e3c-57cc-425b-90ef-9bcaa62a7535:c7395]
2019-06-14 13:46:13,748 INFO  client.GrpcClientProtocolClient (GrpcClientProtocolClient.java:onNext(254)) - client-E0FA40453D59->0c156e3c-57cc-425b-90ef-9bcaa62a7535: receive RaftClientReply:client-E0FA40453D59->0c156e3c-57cc-425b-90ef-9bcaa62a7535@group-7704A457760D, cid=4415, SUCCESS, logIndex=7396, commits[0c156e3c-57cc-425b-90ef-9bcaa62a7535:c7398]
2019-06-14 13:46:13,748 DEBUG block.SCMBlockDeletingService (SCMBlockDeletingService.java:call(138)) - Running DeletedBlockTransactionScanner
2019-06-14 13:46:13,749 DEBUG block.SCMBlockDeletingService (SCMBlockDeletingService.java:call(155)) - Scanned deleted blocks log and got 0 delTX to process.
2019-06-14 13:46:13,749 INFO  client.GrpcClientProtocolClient (GrpcClientProtocolClient.java:onNext(254)) - client-E0FA40453D59->0c156e3c-57cc-425b-90ef-9bcaa62a7535: receive RaftClientReply:client-E0FA40453D59->0c156e3c-57cc-425b-90ef-9bcaa62a7535@group-7704A457760D, cid=4416, SUCCESS, logIndex=7397, commits[0c156e3c-57cc-425b-90ef-9bcaa62a7535:c7398]
2019-06-14 13:46:13,759 INFO  client.GrpcClientProtocolClient (GrpcClientProtocolClient.java:onNext(254)) - client-E0FA40453D59->0c156e3c-57cc-425b-90ef-9bcaa62a7535: receive RaftClientReply:client-E0FA40453D59->0c156e3c-57cc-425b-90ef-9bcaa62a7535@group-7704A457760D, cid=4417, SUCCESS, logIndex=7399, commits[0c156e3c-57cc-425b-90ef-9bcaa62a7535:c7399]
2019-06-14 13:46:13,760 INFO  client.GrpcClientProtocolClient (GrpcClientProtocolClient.java:onNext(254)) - client-E0FA40453D59->0c156e3c-57cc-425b-90ef-9bcaa62a7535: receive RaftClientReply:client-E0FA40453D59->0c156e3c-57cc-425b-90ef-9bcaa62a7535@group-7704A457760D, cid=4418, SUCCESS, logIndex=7401, commits[0c156e3c-57cc-425b-90ef-9bcaa62a7535:c7401]
2019-06-14 13:46:13,761 INFO  client.GrpcClientProtocolClient (GrpcClientProtocolClient.java:onNext(254)) - client-E0FA40453D59->0c156e3c-57cc-425b-90ef-9bcaa62a7535: receive RaftClientReply:client-E0FA40453D59->0c156e3c-57cc-425b-90ef-9bcaa62a7535@group-7704A457760D, cid=4419, SUCCESS, logIndex=7402, commits[0c156e3c-57cc-425b-90ef-9bcaa62a7535:c7402]
2019-06-14 13:46:13,761 INFO  client.GrpcClientProtocolClient (GrpcClientProtocolClient.java:onNext(254)) - client-E0FA40453D59->0c156e3c-57cc-425b-90ef-9bcaa62a7535: receive RaftClientReply:client-E0FA40453D59->0c156e3c-57cc-425b-90ef-9bcaa62a7535@group-7704A457760D, cid=4420, SUCCESS, logIndex=7404, commits[0c156e3c-57cc-425b-90ef-9bcaa62a7535:c7404]
2019-06-14 13:46:13,763 INFO  client.GrpcClientProtocolClient (GrpcClientProtocolClient.java:onNext(254)) - client-E0FA40453D59->0c156e3c-57cc-425b-90ef-9bcaa62a7535: receive RaftClientReply:client-E0FA40453D59->0c156e3c-57cc-425b-90ef-9bcaa62a7535@group-7704A457760D, cid=4421, SUCCESS, logIndex=7407, commits[0c156e3c-57cc-425b-90ef-9bcaa62a7535:c7407]
2019-06-14 13:46:13,764 INFO  client.GrpcClientProtocolClient (GrpcClientProtocolClient.java:onNext(254)) - client-E0FA40453D59->0c156e3c-57cc-425b-90ef-9bcaa62a7535: receive RaftClientReply:client-E0FA40453D59->0c156e3c-57cc-425b-90ef-9bcaa62a7535@group-7704A457760D, cid=4422, SUCCESS, logIndex=7409, commits[0c156e3c-57cc-425b-90ef-9bcaa62a7535:c7409]
2019-06-14 13:46:13,849 DEBUG block.SCMBlockDeletingService (SCMBlockDeletingService.java:call(138)) - Running DeletedBlockTransactionScanner
2019-06-14 13:46:13,849 DEBUG block.SCMBlockDeletingService (SCMBlockDeletingService.java:call(155)) - Scanned deleted blocks log and got 0 delTX to process.
2019-06-14 13:46:13,949 DEBUG block.SCMBlockDeletingService (SCMBlockDeletingService.java:call(138)) - Running DeletedBlockTransactionScanner
2019-06-14 13:46:13,949 DEBUG block.SCMBlockDeletingService (SCMBlockDeletingService.java:call(155)) - Scanned deleted blocks log and got 0 delTX to process.
2019-06-14 13:46:14,049 DEBUG block.SCMBlockDeletingService (SCMBlockDeletingService.java:call(138)) - Running DeletedBlockTransactionScanner
2019-06-14 13:46:14,050 DEBUG block.SCMBlockDeletingService (SCMBlockDeletingService.java:call(155)) - Scanned deleted blocks log and got 0 delTX to process.
2019-06-14 13:46:14,061 INFO  server.SCMBlockProtocolServer (SCMBlockProtocolServer.java:deleteKeyBlocks(202)) - SCM is informed by OM to delete 1 blocks
2019-06-14 13:46:14,062 INFO  block.BlockManagerImpl (BlockManagerImpl.java:deleteBlocks(268)) - Deleting blocks conID: 1 locID: 102270233845039105 bcsId: 0,conID: 2 locID: 102270233845170178 bcsId: 0,conID: 3 locID: 102270233845170179 bcsId: 0,conID: 1 locID: 102270233845235716 bcsId: 0,conID: 2 locID: 102270233845301253 bcsId: 0,conID: 3 locID: 102270233845301254 bcsId: 0,conID: 1 locID: 102270234059735047 bcsId: 0,conID: 2 locID: 102270234072580104 bcsId: 0,conID: 3 locID: 102270234093027337 bcsId: 0,conID: 1 locID: 102270234098794506 bcsId: 0,conID: 2 locID: 102270234103316491 bcsId: 0,conID: 3 locID: 102270234108952588 bcsId: 0,conID: 1 locID: 102270234118062093 bcsId: 0,conID: 2 locID: 102270234126581774 bcsId: 0,conID: 3 locID: 102270234131038223 bcsId: 0,conID: 1 locID: 102270234137067536 bcsId: 0,conID: 2 locID: 102270234142244881 bcsId: 0,conID: 3 locID: 102270234157645842 bcsId: 0,conID: 1 locID: 102270234166558739 bcsId: 0,conID: 2 locID: 102270234173702164 bcsId: 0,conID: 3 locID: 102270234184646677 bcsId: 0,conID: 1 locID: 102270234190151702 bcsId: 0,conID: 2 locID: 102270234197557271 bcsId: 0,conID: 3 locID: 102270234226851864 bcsId: 0,conID: 1 locID: 102270234230063129 bcsId: 0,conID: 2 locID: 102270234233929754 bcsId: 0,conID: 3 locID: 102270234238648347 bcsId: 0,conID: 1 locID: 102270234247888924 bcsId: 0,conID: 2 locID: 102270234263158813 bcsId: 0,conID: 3 locID: 102270234266566686 bcsId: 0,conID: 1 locID: 102270234272595999 bcsId: 0,conID: 2 locID: 102270234277380128 bcsId: 0,conID: 3 locID: 102270234281705505 bcsId: 0,conID: 1 locID: 102270234289373218 bcsId: 0,conID: 2 locID: 102270234304380963 bcsId: 0,conID: 3 locID: 102270234307395620 bcsId: 0,conID: 1 locID: 102270234311000101 bcsId: 0,conID: 2 locID: 102270234321092646 bcsId: 0,conID: 3 locID: 102270234334265383 bcsId: 0,conID: 1 locID: 102270234345668648 bcsId: 0,conID: 2 locID: 102270234351763497 bcsId: 0,conID: 3 locID: 102270234375487530 bcsId: 0,conID: 1 locID: 102270234385776683 bcsId: 0,conID: 2 locID: 102270234396983340 bcsId: 0,conID: 3 locID: 102270234406289453 bcsId: 0,conID: 1 locID: 102270234420445230 bcsId: 0,conID: 2 locID: 102270234429620271 bcsId: 0,conID: 3 locID: 102270234434994224 bcsId: 0,conID: 1 locID: 102270234444234801 bcsId: 0,conID: 2 locID: 102270234454130738 bcsId: 0,conID: 3 locID: 102270234472546355 bcsId: 0,conID: 1 locID: 102270234477592628 bcsId: 0,conID: 2 locID: 102270234485456949 bcsId: 0,conID: 3 locID: 102270234493190198 bcsId: 0,conID: 1 locID: 102270234502365239 bcsId: 0,conID: 2 locID: 102270234510491704 bcsId: 0,conID: 3 locID: 102270234524516409 bcsId: 0,conID: 1 locID: 102270234530283578 bcsId: 0,conID: 2 locID: 102270234536575035 bcsId: 0,conID: 3 locID: 102270234546864188 bcsId: 0,conID: 1 locID: 102270234553352253 bcsId: 0,conID: 2 locID: 102270234582515774 bcsId: 0,conID: 3 locID: 102270234586710079 bcsId: 0,conID: 1 locID: 102270234591297600 bcsId: 0,conID: 2 locID: 102270234596540481 bcsId: 0,conID: 3 locID: 102270234604863554 bcsId: 0,conID: 1 locID: 102270234610040899 bcsId: 0,conID: 2 locID: 102270234626555972 bcsId: 0,conID: 3 locID: 102270234631077957 bcsId: 0,conID: 1 locID: 102270234634944582 bcsId: 0,conID: 2 locID: 102270234646413383 bcsId: 0,conID: 3 locID: 102270234679967816 bcsId: 0,conID: 1 locID: 102270234696155209 bcsId: 0,conID: 2 locID: 102270234702250058 bcsId: 0,conID: 3 locID: 102270234709131339 bcsId: 0,conID: 1 locID: 102270234719027276 bcsId: 0,conID: 2 locID: 102270234722959437 bcsId: 0,conID: 3 locID: 102270234727022670 bcsId: 0,conID: 1 locID: 102270234740392015 bcsId: 0,conID: 2 locID: 102270234746421328 bcsId: 0,conID: 3 locID: 102270234752712785 bcsId: 0,conID: 1 locID: 102270234761756754 bcsId: 0,conID: 2 locID: 102270234768441427 bcsId: 0,conID: 3 locID: 102270234799046740 bcsId: 0,conID: 1 locID: 102270234803437653 bcsId: 0,conID: 2 locID: 102270234806845526 bcsId: 0,conID: 3 locID: 102270234813595735 bcsId: 0,conID: 1 locID: 102270234817265752 bcsId: 0,conID: 2 locID: 102270234820739161 bcsId: 0,conID: 3 locID: 102270234845904986 bcsId: 0,conID: 1 locID: 102270234849116251 bcsId: 0,conID: 2 locID: 102270234858487900 bcsId: 0,conID: 3 locID: 102270234862878813 bcsId: 0,conID: 1 locID: 102270234866090078 bcsId: 0,conID: 2 locID: 102270234876313695 bcsId: 0,conID: 3 locID: 102270234880639072 bcsId: 0,conID: 1 locID: 102270234886799457 bcsId: 0,conID: 2 locID: 102270234893287522 bcsId: 0,conID: 3 locID: 102270234896957539 bcsId: 0,conID: 1 locID: 102270234900299876 bcsId: 0,conID: 2 locID: 102270234912882789 bcsId: 0,conID: 3 locID: 102270234916618342 bcsId: 0,conID: 1 locID: 102270234925531239 bcsId: 0,conID: 2 locID: 102270234929528936 bcsId: 0,conID: 3 locID: 102270234932478057 bcsId: 0,conID: 1 locID: 102270234943094890 bcsId: 0,conID: 2 locID: 102270234947747947 bcsId: 0,conID: 3 locID: 102270234955415660 bcsId: 0,conID: 1 locID: 102270234958430317 bcsId: 0,conID: 2 locID: 102270234963607662 bcsId: 0,conID: 3 locID: 102270234969178223 bcsId: 0,conID: 1 locID: 102270234982940784 bcsId: 0,conID: 2 locID: 102270234990084209 bcsId: 0,conID: 3 locID: 102270234997620850 bcsId: 0,conID: 1 locID: 102270235000504435 bcsId: 0,conID: 2 locID: 102270235003322484 bcsId: 0,conID: 3 locID: 102270235006271605 bcsId: 0,conID: 1 locID: 102270235029536886 bcsId: 0,conID: 2 locID: 102270235035631735 bcsId: 0,conID: 3 locID: 102270235038777464 bcsId: 0,conID: 1 locID: 102270235041988729 bcsId: 0,conID: 2 locID: 102270235046314106 bcsId: 0,conID: 3 locID: 102270235057324155 bcsId: 0,conID: 1 locID: 102270235060076668 bcsId: 0,conID: 2 locID: 102270235064991869 bcsId: 0,conID: 3 locID: 102270235066826878 bcsId: 0,conID: 1 locID: 102270235068334207 bcsId: 0,conID: 2 locID: 102270235069907072 bcsId: 0,conID: 3 locID: 102270235079737473 bcsId: 0,conID: 1 locID: 102270235085701250 bcsId: 0,conID: 2 locID: 102270235087798403 bcsId: 0,conID: 3 locID: 102270235090092164 bcsId: 0,conID: 1 locID: 102270235091861637 bcsId: 0,conID: 2 locID: 102270235101429894 bcsId: 0,conID: 3 locID: 102270235105427591 bcsId: 0,conID: 1 locID: 102270235107721352 bcsId: 0,conID: 2 locID: 102270235109752969 bcsId: 0,conID: 3 locID: 102270235112112266 bcsId: 0,conID: 1 locID: 102270235118141579 bcsId: 0,conID: 2 locID: 102270235138064524 bcsId: 0,conID: 3 locID: 102270235142258829 bcsId: 0,conID: 1 locID: 102270235143962766 bcsId: 0,conID: 2 locID: 102270235145797775 bcsId: 0,conID: 3 locID: 102270235147501712 bcsId: 0,conID: 1 locID: 102270235155955857 bcsId: 0,conID: 2 locID: 102270235160346770 bcsId: 0,conID: 3 locID: 102270235163754643 bcsId: 0,conID: 1 locID: 102270235166900372 bcsId: 0,conID: 2 locID: 102270235168800917 bcsId: 0,conID: 3 locID: 102270235170373782 bcsId: 0,conID: 1 locID: 102270235182629015 bcsId: 0,conID: 2 locID: 102270235186757784 bcsId: 0,conID: 3 locID: 102270235188920473 bcsId: 0,conID: 1 locID: 102270235191476378 bcsId: 0,conID: 2 locID: 102270235193376923 bcsId: 0,conID: 3 locID: 102270235200258204 bcsId: 0,conID: 1 locID: 102270235205173405 bcsId: 0,conID: 2 locID: 102270235207729310 bcsId: 0,conID: 3 locID: 102270235209367711 bcsId: 0,conID: 1 locID: 102270235228438688 bcsId: 0,conID: 2 locID: 102270235230666913 bcsId: 0,conID: 3 locID: 102270235240628386 bcsId: 0,conID: 1 locID: 102270235242070179 bcsId: 0,conID: 2 locID: 102270235243970724 bcsId: 0,conID: 3 locID: 102270235246198949 bcsId: 0,conID: 1 locID: 102270235249016998 bcsId: 0,conID: 2 locID: 102270235264483495 bcsId: 0,conID: 3 locID: 102270235266777256 bcsId: 0,conID: 1 locID: 102270235269398697 bcsId: 0,conID: 2 locID: 102270235272609962 bcsId: 0,conID: 3 locID: 102270235280015531 bcsId: 0,conID: 1 locID: 102270235284799660 bcsId: 0,conID: 2 locID: 102270235296792749 bcsId: 0,conID: 3 locID: 102270235299152046 bcsId: 0,conID: 1 locID: 102270235301380271 bcsId: 0,conID: 2 locID: 102270235307147440 bcsId: 0,conID: 3 locID: 102270235310096561 bcsId: 0,conID: 1 locID: 102270235319468210 bcsId: 0,conID: 2 locID: 102270235324907699 bcsId: 0,conID: 3 locID: 102270235329036468 bcsId: 0,conID: 1 locID: 102270235331788981 bcsId: 0,conID: 2 locID: 102270235336900790 bcsId: 0,conID: 3 locID: 102270235344437431 bcsId: 0,conID: 1 locID: 102270235371045048 bcsId: 0,conID: 2 locID: 102270235373469881 bcsId: 0,conID: 3 locID: 102270235376091322 bcsId: 0,conID: 1 locID: 102270235378188475 bcsId: 0,conID: 2 locID: 102270235380809916 bcsId: 0,conID: 3 locID: 102270235391951037 bcsId: 0,conID: 1 locID: 102270235394310334 bcsId: 0,conID: 2 locID: 102270235395752127 bcsId: 0,conID: 3 locID: 102270235397521600 bcsId: 0,conID: 1 locID: 102270235402174657 bcsId: 0,conID: 2 locID: 102270235406237890 bcsId: 0,conID: 3 locID: 102270235413577923 bcsId: 0,conID: 1 locID: 102270235415675076 bcsId: 0,conID: 2 locID: 102270235418886341 bcsId: 0,conID: 3 locID: 102270235422490822 bcsId: 0,conID: 1 locID: 102270235428192455 bcsId: 0,conID: 2 locID: 102270235439661256 bcsId: 0,conID: 3 locID: 102270235442610377 bcsId: 0,conID: 1 locID: 102270235444838602 bcsId: 0,conID: 2 locID: 102270235448312011 bcsId: 0,conID: 3 locID: 102270235450605772 bcsId: 0,conID: 1 locID: 102270235455979725 bcsId: 0,conID: 2 locID: 102270235465089230 bcsId: 0,conID: 3 locID: 102270235467710671 bcsId: 0,conID: 1 locID: 102270235470594256 bcsId: 0,conID: 2 locID: 102270235472953553 bcsId: 0,conID: 3 locID: 102270235482783954 bcsId: 0,conID: 1 locID: 102270235511029971 bcsId: 0,conID: 2 locID: 102270235516207316 bcsId: 0,conID: 3 locID: 102270235520532693 bcsId: 0,conID: 1 locID: 102270235524858070 bcsId: 0,conID: 2 locID: 102270235531346135 bcsId: 0,conID: 3 locID: 102270235533967576 bcsId: 0,conID: 1 locID: 102270235543535833 bcsId: 0,conID: 2 locID: 102270235548975322 bcsId: 0,conID: 3 locID: 102270235551596763 bcsId: 0,conID: 1 locID: 102270235553824988 bcsId: 0,conID: 2 locID: 102270235559133405 bcsId: 0,conID: 3 locID: 102270235561296094 bcsId: 0,conID: 1 locID: 102270235568570591 bcsId: 0,conID: 2 locID: 102270235571257568 bcsId: 0,conID: 3 locID: 102270235574337761 bcsId: 0,conID: 1 locID: 102270235578925282 bcsId: 0,conID: 2 locID: 102270235580432611 bcsId: 0,conID: 3 locID: 102270235589345508 bcsId: 0,conID: 1 locID: 102270235592360165 bcsId: 0,conID: 2 locID: 102270235594195174 bcsId: 0,conID: 3 locID: 102270235600879847 bcsId: 0,conID: 1 locID: 102270235604156648 bcsId: 0,conID: 2 locID: 102270235607040233 bcsId: 0,conID: 3 locID: 102270235617853674 bcsId: 0,conID: 1 locID: 102270235624603883 bcsId: 0,conID: 2 locID: 102270235628339436 bcsId: 0,conID: 3 locID: 102270235637186797 bcsId: 0,conID: 1 locID: 102270235644657902 bcsId: 0,conID: 2 locID: 102270235655405807 bcsId: 0,conID: 3 locID: 102270235660386544 bcsId: 0,conID: 1 locID: 102270235663139057 bcsId: 0,conID: 2 locID: 102270235669037298 bcsId: 0,conID: 3 locID: 102270235672183027 bcsId: 0,conID: 1 locID: 102270235673886964 bcsId: 0,conID: 2 locID: 102270235699708149 bcsId: 0,conID: 3 locID: 102270235701805302 bcsId: 0,conID: 1 locID: 102270235704557815 bcsId: 0,conID: 2 locID: 102270235709800696 bcsId: 0,conID: 3 locID: 102270235713077497 bcsId: 0,conID: 1 locID: 102270235722711290 bcsId: 0,conID: 2 locID: 102270235725922555 bcsId: 0,conID: 3 locID: 102270235731558652 bcsId: 0,conID: 1 locID: 102270235736408317 bcsId: 0,conID: 2 locID: 102270235738374398 bcsId: 0,conID: 3 locID: 102270235740864767 bcsId: 0,conID: 1 locID: 102270235750695168 bcsId: 0,conID: 2 locID: 102270235753906433 bcsId: 0,conID: 3 locID: 102270235759476994 bcsId: 0,conID: 1 locID: 102270235763540227 bcsId: 0,conID: 2 locID: 102270235766685956 bcsId: 0,conID: 3 locID: 102270235783332101 bcsId: 0,conID: 1 locID: 102270235786608902 bcsId: 0,conID: 2 locID: 102270235789361415 bcsId: 0,conID: 3 locID: 102270235794866440 bcsId: 0,conID: 1 locID: 102270235796635913 bcsId: 0,conID: 2 locID: 102270235798536458 bcsId: 0,conID: 3 locID: 102270235805679883 bcsId: 0,conID: 1 locID: 102270235811774732 bcsId: 0,conID: 2 locID: 102270235816558861 bcsId: 0,conID: 3 locID: 102270235819442446 bcsId: 0,conID: 1 locID: 102270235821605135 bcsId: 0,conID: 2 locID: 102270235829600528 bcsId: 0,conID: 3 locID: 102270235832090897 bcsId: 0,conID: 1 locID: 102270235834450194 bcsId: 0,conID: 2 locID: 102270235845460243 bcsId: 0,conID: 3 locID: 102270235851751700 bcsId: 0,conID: 1 locID: 102270235854831893 bcsId: 0,conID: 2 locID: 102270235866169622 bcsId: 0,conID: 3 locID: 102270235868332311 bcsId: 0,conID: 1 locID: 102270235871936792 bcsId: 0,conID: 2 locID: 102270235873247513 bcsId: 0,conID: 3 locID: 102270235874427162 bcsId: 0,conID: 1 locID: 102270235880325403 bcsId: 0,conID: 2 locID: 102270235881505052 bcsId: 0,conID: 3 locID: 102270235903394077 bcsId: 0,conID: 1 locID: 102270235905294622 bcsId: 0,conID: 2 locID: 102270235910209823 bcsId: 0,conID: 3 locID: 102270235913617696 bcsId: 0,conID: 1 locID: 102270235922202913 bcsId: 0,conID: 2 locID: 102270235924562210 bcsId: 0,conID: 3 locID: 102270235931050275 bcsId: 0,conID: 1 locID: 102270235933212964 bcsId: 0,conID: 2 locID: 102270235935113509 bcsId: 0,conID: 3 locID: 102270235944550694 bcsId: 0,conID: 1 locID: 102270235947696423 bcsId: 0,conID: 2 locID: 102270235953135912 bcsId: 0,conID: 3 locID: 102270235954905385 bcsId: 0,conID: 1 locID: 102270235956347178 bcsId: 0,conID: 2 locID: 102270235957854507 bcsId: 0,conID: 3 locID: 102270235965718828 bcsId: 0,conID: 1 locID: 102270235972862253 bcsId: 0,conID: 2 locID: 102270235975221550 bcsId: 0,conID: 3 locID: 102270235978039599 bcsId: 0,conID: 1 locID: 102270235981381936 bcsId: 0,conID: 2 locID: 102270235990622513 bcsId: 0,conID: 3 locID: 102270235995341106 bcsId: 0,conID: 1 locID: 102270236001042739 bcsId: 0,conID: 2 locID: 102270236002812212 bcsId: 0,conID: 3 locID: 102270236003991861 bcsId: 0,conID: 1 locID: 102270236005237046 bcsId: 0,conID: 2 locID: 102270236012839223 bcsId: 0,conID: 3 locID: 102270236016378168 bcsId: 0,conID: 1 locID: 102270236017688889 bcsId: 0,conID: 2 locID: 102270236018999610 bcsId: 0,conID: 3 locID: 102270236020310331 bcsId: 0,conID: 1 locID: 102270236025815356 bcsId: 0,conID: 2 locID: 102270236026995005 bcsId: 0,conID: 3 locID: 102270236045148478 bcsId: 0,conID: 1 locID: 102270236046459199 bcsId: 0,conID: 2 locID: 102270236047835456 bcsId: 0,conID: 3 locID: 102270236049408321 bcsId: 0,conID: 1 locID: 102270236055372098 bcsId: 0,conID: 2 locID: 102270236058976579 bcsId: 0,conID: 3 locID: 102270236060352836 bcsId: 0,conID: 1 locID: 102270236061598021 bcsId: 0,conID: 2 locID: 102270236062908742 bcsId: 0,conID: 3 locID: 102270236071166279 bcsId: 0,conID: 1 locID: 102270236074836296 bcsId: 0,conID: 2 locID: 102270236076147017 bcsId: 0,conID: 3 locID: 102270236077326666 bcsId: 0,conID: 1 locID: 102270236078768459 bcsId: 0,conID: 2 locID: 102270236080013644 bcsId: 0,conID: 3 locID: 102270236086239565 bcsId: 0,conID: 1 locID: 102270236093448526 bcsId: 0,conID: 2 locID: 102270236096004431 bcsId: 0,conID: 3 locID: 102270236099281232 bcsId: 0,conID: 1 locID: 102270236102558033 bcsId: 0,conID: 2 locID: 102270236105441618 bcsId: 0,conID: 3 locID: 102270236121694547 bcsId: 0,conID: 1 locID: 102270236125102420 bcsId: 0,conID: 2 locID: 102270236131459413 bcsId: 0,conID: 3 locID: 102270236133818710 bcsId: 0,conID: 1 locID: 102270236135915863 bcsId: 0,conID: 2 locID: 102270236144828760 bcsId: 0,conID: 3 locID: 102270236149678425 bcsId: 0,conID: 1 locID: 102270236151316826 bcsId: 0,conID: 2 locID: 102270236153151835 bcsId: 0,conID: 3 locID: 102270236154986844 bcsId: 0,conID: 1 locID: 102270236158132573 bcsId: 0,conID: 2 locID: 102270236184936798 bcsId: 0,conID: 3 locID: 102270236187033951 bcsId: 0,conID: 1 locID: 102270236188803424 bcsId: 0,conID: 2 locID: 102270236190245217 bcsId: 0,conID: 3 locID: 102270236192473442 bcsId: 0,conID: 1 locID: 102270236202697059 bcsId: 0,conID: 2 locID: 102270236204728676 bcsId: 0,conID: 3 locID: 102270236206956901 bcsId: 0,conID: 1 locID: 102270236208726374 bcsId: 0,conID: 2 locID: 102270236211151207 bcsId: 0,conID: 3 locID: 102270236215804264 bcsId: 0,conID: 1 locID: 102270236224979305 bcsId: 0,conID: 2 locID: 102270236226224490 bcsId: 0,conID: 3 locID: 102270236227404139 bcsId: 0,conID: 1 locID: 102270236228714860 bcsId: 0,conID: 2 locID: 102270236230484333 bcsId: 0,conID: 3 locID: 102270236239659374 bcsId: 0,conID: 1 locID: 102270236244443503 bcsId: 0,conID: 2 locID: 102270236247851376 bcsId: 0,conID: 3 locID: 102270236250734961 bcsId: 0,conID: 1 locID: 102270236253815154 bcsId: 0,conID: 2 locID: 102270236259123571 bcsId: 0,conID: 3 locID: 102270236273279348 bcsId: 0,conID: 1 locID: 102270236276359541 bcsId: 0,conID: 2 locID: 102270236279767414 bcsId: 0,conID: 3 locID: 102270236282454391 bcsId: 0,conID: 1 locID: 102270236303163768 bcsId: 0,conID: 2 locID: 102270236313059705 bcsId: 0,conID: 3 locID: 102270236315025786 bcsId: 0,conID: 1 locID: 102270236316795259 bcsId: 0,conID: 2 locID: 102270236319154556 bcsId: 0,conID: 3 locID: 102270236320661885 bcsId: 0,conID: 1 locID: 102270236324659582 bcsId: 0,conID: 2 locID: 102270236333441407 bcsId: 0,conID: 3 locID: 102270236335145344 bcsId: 0,conID: 1 locID: 102270236337308033 bcsId: 0,conID: 2 locID: 102270236338815362 bcsId: 0,conID: 3 locID: 102270236340650371 bcsId: 0,conID: 1 locID: 102270236349366660 bcsId: 0,conID: 2 locID: 102270236350742917 bcsId: 0,conID: 3 locID: 102270236352119174 bcsId: 0,conID: 1 locID: 102270236353364359 bcsId: 0,conID: 2 locID: 102270236354871688 bcsId: 0,conID: 3 locID: 102270236361294217 bcsId: 0,conID: 1 locID: 102270236367454602 bcsId: 0,conID: 2 locID: 102270236369944971 bcsId: 0,conID: 3 locID: 102270236371583372 bcsId: 0,conID: 1 locID: 102270236373877133 bcsId: 0,conID: 2 locID: 102270236376826254 bcsId: 0,conID: 3 locID: 102270236392817039 bcsId: 0,conID: 1 locID: 102270236394652048 bcsId: 0,conID: 2 locID: 102270236396355985 bcsId: 0,conID: 3 locID: 102270236399501714 bcsId: 0,conID: 1 locID: 102270236401664403 bcsId: 0,conID: 2 locID: 102270236406186388 bcsId: 0,conID: 3 locID: 102270236414443925 bcsId: 0,conID: 1 locID: 102270236417196438 bcsId: 0,conID: 2 locID: 102270236420473239 bcsId: 0,conID: 3 locID: 102270236422373784 bcsId: 0,conID: 1 locID: 102270236445835673 bcsId: 0,conID: 2 locID: 102270236452848026 bcsId: 0,conID: 3 locID: 102270236454551963 bcsId: 0,conID: 1 locID: 102270236455928220 bcsId: 0,conID: 2 locID: 102270236457435549 bcsId: 0,conID: 3 locID: 102270236458811806 bcsId: 0,conID: 1 locID: 102270236462612895 bcsId: 0,conID: 2 locID: 102270236471984544 bcsId: 0,conID: 3 locID: 102270236473754017 bcsId: 0,conID: 1 locID: 102270236475916706 bcsId: 0,conID: 2 locID: 102270236477751715 bcsId: 0,conID: 3 locID: 102270236481880484 bcsId: 0,conID: 1 locID: 102270236489613733 bcsId: 0,conID: 2 locID: 102270236490924454 bcsId: 0,conID: 3 locID: 102270236492235175 bcsId: 0,conID: 1 locID: 102270236496036264 bcsId: 0,conID: 2 locID: 102270236497543593 bcsId: 0,conID: 3 locID: 102270236501213610 bcsId: 0,conID: 1 locID: 102270236506784171 bcsId: 0,conID: 2 locID: 102270236508029356 bcsId: 0,conID: 3 locID: 102270236509667757 bcsId: 0,conID: 1 locID: 102270236510978478 bcsId: 0,conID: 2 locID: 102270236514582959 bcsId: 0,conID: 3 locID: 102270236522381744 bcsId: 0,conID: 1 locID: 102270236523626929 bcsId: 0,conID: 2 locID: 102270236524872114 bcsId: 0,conID: 3 locID: 102270236526379443 bcsId: 0,conID: 1 locID: 102270236529983924 bcsId: 0,conID: 2 locID: 102270236531687861 bcsId: 0,conID: 3 locID: 102270236537323958 bcsId: 0,conID: 1 locID: 102270236554363319 bcsId: 0,conID: 2 locID: 102270236555739576 bcsId: 0,conID: 3 locID: 102270236557246905 bcsId: 0,conID: 1 locID: 102270236561572282 bcsId: 0,conID: 2 locID: 102270236562948539 bcsId: 0,conID: 3 locID: 102270236569436604 bcsId: 0,conID: 1 locID: 102270236570747325 bcsId: 0,conID: 2 locID: 102270236572058046 bcsId: 0,conID: 3 locID: 102270236575596991 bcsId: 0,conID: 1 locID: 102270236580250048 bcsId: 0,conID: 2 locID: 102270236586082753 bcsId: 0,conID: 3 locID: 102270236587590082 bcsId: 0,conID: 1 locID: 102270236589031875 bcsId: 0,conID: 2 locID: 102270236590342596 bcsId: 0,conID: 3 locID: 102270236594602437 bcsId: 0,conID: 1 locID: 102270236595847622 bcsId: 0,conID: 2 locID: 102270236603580871 bcsId: 0,conID: 3 locID: 102270236604891592 bcsId: 0,conID: 1 locID: 102270236606202313 bcsId: 0,conID: 2 locID: 102270236609937866 bcsId: 0,conID: 3 locID: 102270236611903947 bcsId: 0,conID: 1 locID: 102270236617867724 bcsId: 0,conID: 2 locID: 102270236619571661 bcsId: 0,conID: 3 locID: 102270236622389710 bcsId: 0,conID: 1 locID: 102270236626911695 bcsId: 0,conID: 2 locID: 102270236628812240 bcsId: 0,conID: 3 locID: 102270236633072081 bcsId: 0,conID: 1 locID: 102270236638577106 bcsId: 0,conID: 2 locID: 102270236639887827 bcsId: 0,conID: 3 locID: 102270236641591764 bcsId: 0,conID: 1 locID: 102270236645458389 bcsId: 0,conID: 2 locID: 102270236647752150 bcsId: 0,conID: 3 locID: 102270236655944151 bcsId: 0,conID: 1 locID: 102270236679012824 bcsId: 0,conID: 2 locID: 102270236680323545 bcsId: 0,conID: 3 locID: 102270236684190170 bcsId: 0,conID: 1 locID: 102270236685631963 bcsId: 0,conID: 2 locID: 102270236687073756 bcsId: 0,conID: 3 locID: 102270236692906461 bcsId: 0,conID: 1 locID: 102270236694741470 bcsId: 0,conID: 2 locID: 102270236699984351 bcsId: 0,conID: 3 locID: 102270236703523296 bcsId: 0,conID: 1 locID: 102270236706865633 bcsId: 0,conID: 2 locID: 102270236722201058 bcsId: 0,conID: 3 locID: 102270236725543395 bcsId: 0,conID: 1 locID: 102270236727181796 bcsId: 0,conID: 2 locID: 102270236731179493 bcsId: 0,conID: 3 locID: 102270236732555750 bcsId: 0,conID: 1 locID: 102270236734063079 bcsId: 0,conID: 2 locID: 102270236740485608 bcsId: 0,conID: 3 locID: 102270236744417769 bcsId: 0,conID: 1 locID: 102270236749988330 bcsId: 0,conID: 2 locID: 102270236752544235 bcsId: 0,conID: 3 locID: 102270236756410860 bcsId: 0,conID: 1 locID: 102270236767420909 bcsId: 0,conID: 2 locID: 102270236773712366 bcsId: 0,conID: 3 locID: 102270236781838831 bcsId: 0,conID: 1 locID: 102270236784722416 bcsId: 0,conID: 2 locID: 102270236788523505 bcsId: 0,conID: 3 locID: 102270236793111026 bcsId: 0,conID: 1 locID: 102270236803990003 bcsId: 0,conID: 2 locID: 102270236805956084 bcsId: 0,conID: 3 locID: 102270236811330037 bcsId: 0,conID: 1 locID: 102270236812771830 bcsId: 0,conID: 2 locID: 102270236814475767 bcsId: 0,conID: 3 locID: 102270236821881336 bcsId: 0,conID: 1 locID: 102270236825813497 bcsId: 0,conID: 2 locID: 102270236846981626 bcsId: 0,conID: 3 locID: 102270236848488955 bcsId: 0,conID: 1 locID: 102270236850455036 bcsId: 0,conID: 2 locID: 102270236851962365 bcsId: 0,conID: 3 locID: 102270236857729534 bcsId: 0,conID: 1 locID: 102270236858974719 bcsId: 0,conID: 2 locID: 102270236862644736 bcsId: 0,conID: 3 locID: 102270236864348673 bcsId: 0,conID: 1 locID: 102270236865659394 bcsId: 0,conID: 2 locID: 102270236874179075 bcsId: 0,conID: 3 locID: 102270236875489796 bcsId: 0,conID: 1 locID: 102270236879290885 bcsId: 0,conID: 2 locID: 102270236880798214 bcsId: 0,conID: 3 locID: 102270236882305543 bcsId: 0,conID: 1 locID: 102270236883616264 bcsId: 0,conID: 2 locID: 102270236889580041 bcsId: 0,conID: 3 locID: 102270236896002570 bcsId: 0,conID: 1 locID: 102270236897378827 bcsId: 0,conID: 2 locID: 102270236898886156 bcsId: 0,conID: 3 locID: 102270236900459021 bcsId: 0,conID: 1 locID: 102270236906947086 bcsId: 0,conID: 2 locID: 102270236908192271 bcsId: 0,conID: 3 locID: 102270236911796752 bcsId: 0,conID: 1 locID: 102270236913041937 bcsId: 0,conID: 2 locID: 102270236914614802 bcsId: 0,conID: 3 locID: 102270236915859987 bcsId: 0,conID: 1 locID: 102270236924051988 bcsId: 0,conID: 2 locID: 102270236927722005 bcsId: 0,conID: 3 locID: 102270236929229334 bcsId: 0,conID: 1 locID: 102270236930671127 bcsId: 0,conID: 2 locID: 102270236932047384 bcsId: 0,conID: 3 locID: 102270236937880089 bcsId: 0,conID: 1 locID: 102270236939190810 bcsId: 0,conID: 2 locID: 102270236947251739 bcsId: 0,conID: 3 locID: 102270236951708188 bcsId: 0,conID: 1 locID: 102270236954001949 bcsId: 0,conID: 2 locID: 102270236956230174 bcsId: 0,conID: 3 locID: 102270236962062879 bcsId: 0,conID: 1 locID: 102270236965667360 bcsId: 0,conID: 2 locID: 102270236967043617 bcsId: 0,conID: 3 locID: 102270236968419874 bcsId: 0,conID: 1 locID: 102270236969730595 bcsId: 0,conID: 2 locID: 102270236971041316 bcsId: 0,conID: 3 locID: 102270236994503205 bcsId: 0,conID: 1 locID: 102270236995813926 bcsId: 0,conID: 2 locID: 102270236997190183 bcsId: 0,conID: 3 locID: 102270236998500904 bcsId: 0,conID: 1 locID: 102270236999746089 bcsId: 0
2019-06-14 13:46:14,150 DEBUG block.SCMBlockDeletingService (SCMBlockDeletingService.java:call(138)) - Running DeletedBlockTransactionScanner
2019-06-14 13:46:14,150 DEBUG block.SCMBlockDeletingService (SCMBlockDeletingService.java:call(155)) - Scanned deleted blocks log and got 0 delTX to process.
2019-06-14 13:46:14,251 DEBUG block.SCMBlockDeletingService (SCMBlockDeletingService.java:call(138)) - Running DeletedBlockTransactionScanner
2019-06-14 13:46:14,251 DEBUG block.SCMBlockDeletingService (SCMBlockDeletingService.java:call(155)) - Scanned deleted blocks log and got 0 delTX to process.
2019-06-14 13:46:14,351 DEBUG block.SCMBlockDeletingService (SCMBlockDeletingService.java:call(138)) - Running DeletedBlockTransactionScanner
2019-06-14 13:46:14,351 DEBUG block.SCMBlockDeletingService (SCMBlockDeletingService.java:call(155)) - Scanned deleted blocks log and got 0 delTX to process.
2019-06-14 13:46:14,452 DEBUG block.SCMBlockDeletingService (SCMBlockDeletingService.java:call(138)) - Running DeletedBlockTransactionScanner
2019-06-14 13:46:14,452 DEBUG block.SCMBlockDeletingService (SCMBlockDeletingService.java:call(155)) - Scanned deleted blocks log and got 0 delTX to process.
2019-06-14 13:46:14,552 DEBUG block.SCMBlockDeletingService (SCMBlockDeletingService.java:call(138)) - Running DeletedBlockTransactionScanner
2019-06-14 13:46:14,552 DEBUG block.SCMBlockDeletingService (SCMBlockDeletingService.java:call(155)) - Scanned deleted blocks log and got 0 delTX to process.
2019-06-14 13:46:14,653 DEBUG block.SCMBlockDeletingService (SCMBlockDeletingService.java:call(138)) - Running DeletedBlockTransactionScanner
2019-06-14 13:46:14,653 DEBUG block.SCMBlockDeletingService (SCMBlockDeletingService.java:call(155)) - Scanned deleted blocks log and got 0 delTX to process.
2019-06-14 13:46:14,753 DEBUG block.SCMBlockDeletingService (SCMBlockDeletingService.java:call(138)) - Running DeletedBlockTransactionScanner
2019-06-14 13:46:14,753 DEBUG block.SCMBlockDeletingService (SCMBlockDeletingService.java:call(155)) - Scanned deleted blocks log and got 0 delTX to process.
2019-06-14 13:46:14,854 DEBUG block.SCMBlockDeletingService (SCMBlockDeletingService.java:call(138)) - Running DeletedBlockTransactionScanner
2019-06-14 13:46:14,854 DEBUG block.SCMBlockDeletingService (SCMBlockDeletingService.java:call(155)) - Scanned deleted blocks log and got 0 delTX to process.
2019-06-14 13:46:14,954 DEBUG block.SCMBlockDeletingService (SCMBlockDeletingService.java:call(138)) - Running DeletedBlockTransactionScanner
2019-06-14 13:46:14,954 DEBUG block.SCMBlockDeletingService (SCMBlockDeletingService.java:call(155)) - Scanned deleted blocks log and got 0 delTX to process.
2019-06-14 13:46:15,055 DEBUG block.SCMBlockDeletingService (SCMBlockDeletingService.java:call(138)) - Running DeletedBlockTransactionScanner
2019-06-14 13:46:15,055 DEBUG block.SCMBlockDeletingService (SCMBlockDeletingService.java:call(155)) - Scanned deleted blocks log and got 0 delTX to process.
2019-06-14 13:46:15,155 DEBUG block.SCMBlockDeletingService (SCMBlockDeletingService.java:call(138)) - Running DeletedBlockTransactionScanner
2019-06-14 13:46:15,155 DEBUG block.SCMBlockDeletingService (SCMBlockDeletingService.java:call(155)) - Scanned deleted blocks log and got 0 delTX to process.
2019-06-14 13:46:15,256 DEBUG block.SCMBlockDeletingService (SCMBlockDeletingService.java:call(138)) - Running DeletedBlockTransactionScanner
2019-06-14 13:46:15,256 DEBUG block.SCMBlockDeletingService (SCMBlockDeletingService.java:call(155)) - Scanned deleted blocks log and got 0 delTX to process.
2019-06-14 13:46:15,356 DEBUG block.SCMBlockDeletingService (SCMBlockDeletingService.java:call(138)) - Running DeletedBlockTransactionScanner
2019-06-14 13:46:15,356 DEBUG block.SCMBlockDeletingService (SCMBlockDeletingService.java:call(155)) - Scanned deleted blocks log and got 0 delTX to process.
2019-06-14 13:46:15,457 DEBUG block.SCMBlockDeletingService (SCMBlockDeletingService.java:call(138)) - Running DeletedBlockTransactionScanner
2019-06-14 13:46:15,457 DEBUG block.SCMBlockDeletingService (SCMBlockDeletingService.java:call(155)) - Scanned deleted blocks log and got 0 delTX to process.
2019-06-14 13:46:15,557 DEBUG block.SCMBlockDeletingService (SCMBlockDeletingService.java:call(138)) - Running DeletedBlockTransactionScanner
2019-06-14 13:46:15,558 DEBUG block.SCMBlockDeletingService (SCMBlockDeletingService.java:call(155)) - Scanned deleted blocks log and got 0 delTX to process.
2019-06-14 13:46:15,658 DEBUG block.SCMBlockDeletingService (SCMBlockDeletingService.java:call(138)) - Running DeletedBlockTransactionScanner
2019-06-14 13:46:15,659 DEBUG block.SCMBlockDeletingService (SCMBlockDeletingService.java:call(155)) - Scanned deleted blocks log and got 0 delTX to process.
2019-06-14 13:46:15,759 DEBUG block.SCMBlockDeletingService (SCMBlockDeletingService.java:call(138)) - Running DeletedBlockTransactionScanner
2019-06-14 13:46:15,760 DEBUG block.SCMBlockDeletingService (SCMBlockDeletingService.java:call(155)) - Scanned deleted blocks log and got 0 delTX to process.
2019-06-14 13:46:15,860 DEBUG block.SCMBlockDeletingService (SCMBlockDeletingService.java:call(138)) - Running DeletedBlockTransactionScanner
2019-06-14 13:46:15,860 DEBUG block.SCMBlockDeletingService (SCMBlockDeletingService.java:call(155)) - Scanned deleted blocks log and got 0 delTX to process.
2019-06-14 13:46:15,960 DEBUG block.SCMBlockDeletingService (SCMBlockDeletingService.java:call(138)) - Running DeletedBlockTransactionScanner
2019-06-14 13:46:15,961 DEBUG block.SCMBlockDeletingService (SCMBlockDeletingService.java:call(155)) - Scanned deleted blocks log and got 0 delTX to process.
2019-06-14 13:46:16,061 DEBUG block.SCMBlockDeletingService (SCMBlockDeletingService.java:call(138)) - Running DeletedBlockTransactionScanner
2019-06-14 13:46:16,062 DEBUG block.SCMBlockDeletingService (SCMBlockDeletingService.java:call(155)) - Scanned deleted blocks log and got 0 delTX to process.
2019-06-14 13:46:16,162 DEBUG block.SCMBlockDeletingService (SCMBlockDeletingService.java:call(138)) - Running DeletedBlockTransactionScanner
2019-06-14 13:46:16,162 DEBUG block.SCMBlockDeletingService (SCMBlockDeletingService.java:call(155)) - Scanned deleted blocks log and got 0 delTX to process.
2019-06-14 13:46:16,263 DEBUG block.SCMBlockDeletingService (SCMBlockDeletingService.java:call(138)) - Running DeletedBlockTransactionScanner
2019-06-14 13:46:16,263 DEBUG block.SCMBlockDeletingService (SCMBlockDeletingService.java:call(155)) - Scanned deleted blocks log and got 0 delTX to process.
2019-06-14 13:46:16,363 DEBUG block.SCMBlockDeletingService (SCMBlockDeletingService.java:call(138)) - Running DeletedBlockTransactionScanner
2019-06-14 13:46:16,364 DEBUG block.SCMBlockDeletingService (SCMBlockDeletingService.java:call(155)) - Scanned deleted blocks log and got 0 delTX to process.
2019-06-14 13:46:16,464 DEBUG block.SCMBlockDeletingService (SCMBlockDeletingService.java:call(138)) - Running DeletedBlockTransactionScanner
2019-06-14 13:46:16,464 DEBUG block.SCMBlockDeletingService (SCMBlockDeletingService.java:call(155)) - Scanned deleted blocks log and got 0 delTX to process.
2019-06-14 13:46:16,564 DEBUG block.SCMBlockDeletingService (SCMBlockDeletingService.java:call(138)) - Running DeletedBlockTransactionScanner
2019-06-14 13:46:16,565 DEBUG block.SCMBlockDeletingService (SCMBlockDeletingService.java:call(155)) - Scanned deleted blocks log and got 0 delTX to process.
2019-06-14 13:46:16,665 DEBUG block.SCMBlockDeletingService (SCMBlockDeletingService.java:call(138)) - Running DeletedBlockTransactionScanner
2019-06-14 13:46:16,665 DEBUG block.SCMBlockDeletingService (SCMBlockDeletingService.java:call(155)) - Scanned deleted blocks log and got 0 delTX to process.
2019-06-14 13:46:16,765 DEBUG block.SCMBlockDeletingService (SCMBlockDeletingService.java:call(138)) - Running DeletedBlockTransactionScanner
2019-06-14 13:46:16,766 DEBUG block.SCMBlockDeletingService (SCMBlockDeletingService.java:call(155)) - Scanned deleted blocks log and got 0 delTX to process.
2019-06-14 13:46:16,866 DEBUG block.SCMBlockDeletingService (SCMBlockDeletingService.java:call(138)) - Running DeletedBlockTransactionScanner
2019-06-14 13:46:16,866 DEBUG block.SCMBlockDeletingService (SCMBlockDeletingService.java:call(155)) - Scanned deleted blocks log and got 0 delTX to process.
2019-06-14 13:46:16,966 DEBUG block.SCMBlockDeletingService (SCMBlockDeletingService.java:call(138)) - Running DeletedBlockTransactionScanner
2019-06-14 13:46:16,967 DEBUG block.SCMBlockDeletingService (SCMBlockDeletingService.java:call(155)) - Scanned deleted blocks log and got 0 delTX to process.
2019-06-14 13:46:17,067 DEBUG block.SCMBlockDeletingService (SCMBlockDeletingService.java:call(138)) - Running DeletedBlockTransactionScanner
2019-06-14 13:46:17,067 DEBUG block.SCMBlockDeletingService (SCMBlockDeletingService.java:call(155)) - Scanned deleted blocks log and got 0 delTX to process.
2019-06-14 13:46:17,167 DEBUG block.SCMBlockDeletingService (SCMBlockDeletingService.java:call(138)) - Running DeletedBlockTransactionScanner
2019-06-14 13:46:17,168 DEBUG block.SCMBlockDeletingService (SCMBlockDeletingService.java:call(155)) - Scanned deleted blocks log and got 0 delTX to process.
2019-06-14 13:46:17,268 DEBUG block.SCMBlockDeletingService (SCMBlockDeletingService.java:call(138)) - Running DeletedBlockTransactionScanner
2019-06-14 13:46:17,268 DEBUG block.SCMBlockDeletingService (SCMBlockDeletingService.java:call(155)) - Scanned deleted blocks log and got 0 delTX to process.
2019-06-14 13:46:17,368 DEBUG block.SCMBlockDeletingService (SCMBlockDeletingService.java:call(138)) - Running DeletedBlockTransactionScanner
2019-06-14 13:46:17,369 DEBUG block.SCMBlockDeletingService (SCMBlockDeletingService.java:call(155)) - Scanned deleted blocks log and got 0 delTX to process.
2019-06-14 13:46:17,469 DEBUG block.SCMBlockDeletingService (SCMBlockDeletingService.java:call(138)) - Running DeletedBlockTransactionScanner
2019-06-14 13:46:17,469 DEBUG block.SCMBlockDeletingService (SCMBlockDeletingService.java:call(155)) - Scanned deleted blocks log and got 0 delTX to process.
2019-06-14 13:46:17,569 DEBUG block.SCMBlockDeletingService (SCMBlockDeletingService.java:call(138)) - Running DeletedBlockTransactionScanner
2019-06-14 13:46:17,570 DEBUG block.SCMBlockDeletingService (SCMBlockDeletingService.java:call(155)) - Scanned deleted blocks log and got 0 delTX to process.
2019-06-14 13:46:17,672 DEBUG block.SCMBlockDeletingService (SCMBlockDeletingService.java:call(138)) - Running DeletedBlockTransactionScanner
2019-06-14 13:46:17,672 DEBUG block.SCMBlockDeletingService (SCMBlockDeletingService.java:call(155)) - Scanned deleted blocks log and got 0 delTX to process.
2019-06-14 13:46:17,772 DEBUG block.SCMBlockDeletingService (SCMBlockDeletingService.java:call(138)) - Running DeletedBlockTransactionScanner
2019-06-14 13:46:17,772 DEBUG block.SCMBlockDeletingService (SCMBlockDeletingService.java:call(155)) - Scanned deleted blocks log and got 0 delTX to process.
2019-06-14 13:46:17,873 DEBUG block.SCMBlockDeletingService (SCMBlockDeletingService.java:call(138)) - Running DeletedBlockTransactionScanner
2019-06-14 13:46:17,873 DEBUG block.SCMBlockDeletingService (SCMBlockDeletingService.java:call(155)) - Scanned deleted blocks log and got 0 delTX to process.
2019-06-14 13:46:17,973 DEBUG block.SCMBlockDeletingService (SCMBlockDeletingService.java:call(138)) - Running DeletedBlockTransactionScanner
2019-06-14 13:46:17,974 DEBUG block.SCMBlockDeletingService (SCMBlockDeletingService.java:call(155)) - Scanned deleted blocks log and got 0 delTX to process.
2019-06-14 13:46:18,074 DEBUG block.SCMBlockDeletingService (SCMBlockDeletingService.java:call(138)) - Running DeletedBlockTransactionScanner
2019-06-14 13:46:18,074 DEBUG block.SCMBlockDeletingService (SCMBlockDeletingService.java:call(155)) - Scanned deleted blocks log and got 0 delTX to process.
2019-06-14 13:46:18,174 DEBUG block.SCMBlockDeletingService (SCMBlockDeletingService.java:call(138)) - Running DeletedBlockTransactionScanner
2019-06-14 13:46:18,175 DEBUG block.SCMBlockDeletingService (SCMBlockDeletingService.java:call(155)) - Scanned deleted blocks log and got 0 delTX to process.
2019-06-14 13:46:18,275 DEBUG block.SCMBlockDeletingService (SCMBlockDeletingService.java:call(138)) - Running DeletedBlockTransactionScanner
2019-06-14 13:46:18,275 DEBUG block.SCMBlockDeletingService (SCMBlockDeletingService.java:call(155)) - Scanned deleted blocks log and got 0 delTX to process.
2019-06-14 13:46:18,376 DEBUG block.SCMBlockDeletingService (SCMBlockDeletingService.java:call(138)) - Running DeletedBlockTransactionScanner
2019-06-14 13:46:18,376 DEBUG block.SCMBlockDeletingService (SCMBlockDeletingService.java:call(155)) - Scanned deleted blocks log and got 0 delTX to process.
2019-06-14 13:46:18,476 DEBUG block.SCMBlockDeletingService (SCMBlockDeletingService.java:call(138)) - Running DeletedBlockTransactionScanner
2019-06-14 13:46:18,476 DEBUG block.SCMBlockDeletingService (SCMBlockDeletingService.java:call(155)) - Scanned deleted blocks log and got 0 delTX to process.
2019-06-14 13:46:18,577 DEBUG block.SCMBlockDeletingService (SCMBlockDeletingService.java:call(138)) - Running DeletedBlockTransactionScanner
2019-06-14 13:46:18,577 DEBUG block.SCMBlockDeletingService (SCMBlockDeletingService.java:call(155)) - Scanned deleted blocks log and got 0 delTX to process.
2019-06-14 13:46:18,677 DEBUG block.SCMBlockDeletingService (SCMBlockDeletingService.java:call(138)) - Running DeletedBlockTransactionScanner
2019-06-14 13:46:18,677 DEBUG block.SCMBlockDeletingService (SCMBlockDeletingService.java:call(155)) - Scanned deleted blocks log and got 0 delTX to process.
2019-06-14 13:46:18,778 DEBUG block.SCMBlockDeletingService (SCMBlockDeletingService.java:call(138)) - Running DeletedBlockTransactionScanner
2019-06-14 13:46:18,778 DEBUG block.SCMBlockDeletingService (SCMBlockDeletingService.java:call(155)) - Scanned deleted blocks log and got 0 delTX to process.
2019-06-14 13:46:18,878 DEBUG block.SCMBlockDeletingService (SCMBlockDeletingService.java:call(138)) - Running DeletedBlockTransactionScanner
2019-06-14 13:46:18,878 DEBUG block.SCMBlockDeletingService (SCMBlockDeletingService.java:call(155)) - Scanned deleted blocks log and got 0 delTX to process.
2019-06-14 13:46:18,979 DEBUG block.SCMBlockDeletingService (SCMBlockDeletingService.java:call(138)) - Running DeletedBlockTransactionScanner
2019-06-14 13:46:18,979 DEBUG block.SCMBlockDeletingService (SCMBlockDeletingService.java:call(155)) - Scanned deleted blocks log and got 0 delTX to process.
2019-06-14 13:46:19,006 INFO  datanode.ObjectStoreHandler (ObjectStoreHandler.java:close(155)) - Closing ObjectStoreHandler.
2019-06-14 13:46:19,007 INFO  ozone.HddsDatanodeService (HddsDatanodeService.java:stop(452)) - Stopped plug-in org.apache.hadoop.ozone.web.OzoneHddsDatanodeService@433d9680
2019-06-14 13:46:19,038 INFO  statemachine.DatanodeStateMachine (DatanodeStateMachine.java:lambda$startDaemon$0(350)) - Ozone container server started.
2019-06-14 13:46:19,039 INFO  ozoneimpl.OzoneContainer (OzoneContainer.java:stop(199)) - Attempting to stop container services.
2019-06-14 13:46:19,040 INFO  impl.RaftServerProxy (RaftServerProxy.java:lambda$close$4(314)) - 0c156e3c-57cc-425b-90ef-9bcaa62a7535: close
2019-06-14 13:46:19,044 INFO  impl.RaftServerImpl (RaftServerImpl.java:lambda$shutdown$3(238)) - 0c156e3c-57cc-425b-90ef-9bcaa62a7535: shutdown group-7704A457760D
2019-06-14 13:46:19,045 INFO  util.JmxRegister (JmxRegister.java:unregister(73)) - Successfully un-registered JMX Bean with object name Ratis:service=RaftServer,group=group-7704A457760D,id=0c156e3c-57cc-425b-90ef-9bcaa62a7535
2019-06-14 13:46:19,045 INFO  impl.RoleInfo (RoleInfo.java:shutdownLeaderState(104)) - 0c156e3c-57cc-425b-90ef-9bcaa62a7535: shutdown LeaderState
2019-06-14 13:46:19,046 INFO  impl.PendingRequests (PendingRequests.java:sendNotLeaderResponses(140)) - 0c156e3c-57cc-425b-90ef-9bcaa62a7535-PendingRequests: sendNotLeaderResponses
2019-06-14 13:46:19,051 INFO  impl.StateMachineUpdater (StateMachineUpdater.java:stopAndJoin(109)) - StateMachineUpdater-0c156e3c-57cc-425b-90ef-9bcaa62a7535-group-7704A457760D: set stopIndex = 7410
2019-06-14 13:46:19,054 INFO  ratis.ContainerStateMachine (ContainerStateMachine.java:takeSnapshot(245)) - Taking snapshot at termIndex:(t:1, i:7409)
2019-06-14 13:46:19,054 INFO  ratis.ContainerStateMachine (ContainerStateMachine.java:takeSnapshot(249)) - Taking a snapshot to file /opt/src/hadoop-ozone/integration-test/target/test-dir/MiniOzoneClusterImpl-8919240e-7e15-4dbf-8bf4-c210578586bb/datanode-0/data/ratis/1fc53845-3381-4beb-82f9-7704a457760d/sm/snapshot.1_7409
2019-06-14 13:46:19,062 INFO  impl.RaftServerImpl (ServerState.java:close(394)) - 0c156e3c-57cc-425b-90ef-9bcaa62a7535:group-7704A457760D closes. The last applied log index is 7410
2019-06-14 13:46:19,069 INFO  storage.RaftLogWorker (RaftLogWorker.java:close(168)) - 0c156e3c-57cc-425b-90ef-9bcaa62a7535-RaftLogWorker close()
2019-06-14 13:46:19,070 INFO  server.GrpcService (GrpcService.java:closeImpl(154)) - 0c156e3c-57cc-425b-90ef-9bcaa62a7535: shutdown server with port 36517 now
2019-06-14 13:46:19,073 INFO  server.GrpcService (GrpcService.java:closeImpl(162)) - 0c156e3c-57cc-425b-90ef-9bcaa62a7535: shutdown server with port 36517 successfully
2019-06-14 13:46:19,079 DEBUG block.SCMBlockDeletingService (SCMBlockDeletingService.java:call(138)) - Running DeletedBlockTransactionScanner
2019-06-14 13:46:19,081 DEBUG block.SCMBlockDeletingService (SCMBlockDeletingService.java:call(155)) - Scanned deleted blocks log and got 3 delTX to process.
2019-06-14 13:46:19,087 DEBUG block.SCMBlockDeletingService (SCMBlockDeletingService.java:call(171)) - Added delete block command for datanode 0c156e3c-57cc-425b-90ef-9bcaa62a7535 in the queue, number of delete block transactions: 3, TxID list: 1,2,3
2019-06-14 13:46:19,088 INFO  block.SCMBlockDeletingService (SCMBlockDeletingService.java:call(182)) - Totally added 3 delete blocks command for 1 datanodes, task elapsed time: 8ms
2019-06-14 13:46:19,090 WARN  fs.CachingGetSpaceUsed (CachingGetSpaceUsed.java:run(183)) - Thread Interrupted waiting to refresh disk information: sleep interrupted
2019-06-14 13:46:19,102 INFO  statemachine.DatanodeStateMachine (DatanodeStateMachine.java:stopDaemon(395)) - Ozone container server stopped.
2019-06-14 13:46:19,107 INFO  handler.ContextHandler (ContextHandler.java:doStop(910)) - Stopped o.e.j.w.WebAppContext@36c0d0bd{/,null,UNAVAILABLE}{/hddsDatanode}
2019-06-14 13:46:19,111 INFO  server.AbstractConnector (AbstractConnector.java:doStop(318)) - Stopped ServerConnector@5e1fc2aa{HTTP/1.1,[http/1.1]}{0.0.0.0:0}
2019-06-14 13:46:19,112 INFO  handler.ContextHandler (ContextHandler.java:doStop(910)) - Stopped o.e.j.s.ServletContextHandler@4f5f6e45{/static,jar:file:/root/.m2/repository/org/apache/hadoop/hadoop-hdds-container-service/0.5.0-SNAPSHOT/hadoop-hdds-container-service-0.5.0-SNAPSHOT.jar!/webapps/static,UNAVAILABLE}
2019-06-14 13:46:19,112 INFO  handler.ContextHandler (ContextHandler.java:doStop(910)) - Stopped o.e.j.s.ServletContextHandler@6438a7fe{/logs,file:///opt/src/hadoop-ozone/integration-test/target/log,UNAVAILABLE}
2019-06-14 13:46:19,188 DEBUG block.SCMBlockDeletingService (SCMBlockDeletingService.java:call(138)) - Running DeletedBlockTransactionScanner
2019-06-14 13:46:19,188 DEBUG block.SCMBlockDeletingService (SCMBlockDeletingService.java:call(155)) - Scanned deleted blocks log and got 3 delTX to process.
2019-06-14 13:46:19,189 DEBUG block.SCMBlockDeletingService (SCMBlockDeletingService.java:call(171)) - Added delete block command for datanode 0c156e3c-57cc-425b-90ef-9bcaa62a7535 in the queue, number of delete block transactions: 3, TxID list: 1,2,3
2019-06-14 13:46:19,189 INFO  block.SCMBlockDeletingService (SCMBlockDeletingService.java:call(182)) - Totally added 3 delete blocks command for 1 datanodes, task elapsed time: 1ms
2019-06-14 13:46:19,289 DEBUG block.SCMBlockDeletingService (SCMBlockDeletingService.java:call(138)) - Running DeletedBlockTransactionScanner
2019-06-14 13:46:19,290 DEBUG block.SCMBlockDeletingService (SCMBlockDeletingService.java:call(155)) - Scanned deleted blocks log and got 3 delTX to process.
2019-06-14 13:46:19,290 DEBUG block.SCMBlockDeletingService (SCMBlockDeletingService.java:call(171)) - Added delete block command for datanode 0c156e3c-57cc-425b-90ef-9bcaa62a7535 in the queue, number of delete block transactions: 3, TxID list: 1,2,3
2019-06-14 13:46:19,290 INFO  block.SCMBlockDeletingService (SCMBlockDeletingService.java:call(182)) - Totally added 3 delete blocks command for 1 datanodes, task elapsed time: 1ms
2019-06-14 13:46:19,391 DEBUG block.SCMBlockDeletingService (SCMBlockDeletingService.java:call(138)) - Running DeletedBlockTransactionScanner
2019-06-14 13:46:19,391 DEBUG block.SCMBlockDeletingService (SCMBlockDeletingService.java:call(155)) - Scanned deleted blocks log and got 3 delTX to process.
2019-06-14 13:46:19,391 DEBUG block.SCMBlockDeletingService (SCMBlockDeletingService.java:call(171)) - Added delete block command for datanode 0c156e3c-57cc-425b-90ef-9bcaa62a7535 in the queue, number of delete block transactions: 3, TxID list: 1,2,3
2019-06-14 13:46:19,392 INFO  block.SCMBlockDeletingService (SCMBlockDeletingService.java:call(182)) - Totally added 3 delete blocks command for 1 datanodes, task elapsed time: 1ms
2019-06-14 13:46:19,492 DEBUG block.SCMBlockDeletingService (SCMBlockDeletingService.java:call(138)) - Running DeletedBlockTransactionScanner
2019-06-14 13:46:19,492 DEBUG block.SCMBlockDeletingService (SCMBlockDeletingService.java:call(155)) - Scanned deleted blocks log and got 3 delTX to process.
2019-06-14 13:46:19,493 DEBUG block.SCMBlockDeletingService (SCMBlockDeletingService.java:call(171)) - Added delete block command for datanode 0c156e3c-57cc-425b-90ef-9bcaa62a7535 in the queue, number of delete block transactions: 3, TxID list: 1,2,3
2019-06-14 13:46:19,493 INFO  block.SCMBlockDeletingService (SCMBlockDeletingService.java:call(182)) - Totally added 3 delete blocks command for 1 datanodes, task elapsed time: 1ms
2019-06-14 13:46:19,593 DEBUG block.SCMBlockDeletingService (SCMBlockDeletingService.java:call(138)) - Running DeletedBlockTransactionScanner
2019-06-14 13:46:19,594 DEBUG block.SCMBlockDeletingService (SCMBlockDeletingService.java:call(155)) - Scanned deleted blocks log and got 3 delTX to process.
2019-06-14 13:46:19,594 DEBUG block.SCMBlockDeletingService (SCMBlockDeletingService.java:call(171)) - Added delete block command for datanode 0c156e3c-57cc-425b-90ef-9bcaa62a7535 in the queue, number of delete block transactions: 3, TxID list: 1,2,3
2019-06-14 13:46:19,594 INFO  block.SCMBlockDeletingService (SCMBlockDeletingService.java:call(182)) - Totally added 3 delete blocks command for 1 datanodes, task elapsed time: 1ms
2019-06-14 13:46:19,694 DEBUG block.SCMBlockDeletingService (SCMBlockDeletingService.java:call(138)) - Running DeletedBlockTransactionScanner
2019-06-14 13:46:19,695 DEBUG block.SCMBlockDeletingService (SCMBlockDeletingService.java:call(155)) - Scanned deleted blocks log and got 3 delTX to process.
2019-06-14 13:46:19,695 DEBUG block.SCMBlockDeletingService (SCMBlockDeletingService.java:call(171)) - Added delete block command for datanode 0c156e3c-57cc-425b-90ef-9bcaa62a7535 in the queue, number of delete block transactions: 3, TxID list: 1,2,3
2019-06-14 13:46:19,696 INFO  block.SCMBlockDeletingService (SCMBlockDeletingService.java:call(182)) - Totally added 3 delete blocks command for 1 datanodes, task elapsed time: 1ms
2019-06-14 13:46:19,796 DEBUG block.SCMBlockDeletingService (SCMBlockDeletingService.java:call(138)) - Running DeletedBlockTransactionScanner
2019-06-14 13:46:19,796 DEBUG block.SCMBlockDeletingService (SCMBlockDeletingService.java:call(155)) - Scanned deleted blocks log and got 3 delTX to process.
2019-06-14 13:46:19,796 DEBUG block.SCMBlockDeletingService (SCMBlockDeletingService.java:call(171)) - Added delete block command for datanode 0c156e3c-57cc-425b-90ef-9bcaa62a7535 in the queue, number of delete block transactions: 3, TxID list: 1,2,3
2019-06-14 13:46:19,797 INFO  block.SCMBlockDeletingService (SCMBlockDeletingService.java:call(182)) - Totally added 3 delete blocks command for 1 datanodes, task elapsed time: 0ms
2019-06-14 13:46:19,897 DEBUG block.SCMBlockDeletingService (SCMBlockDeletingService.java:call(138)) - Running DeletedBlockTransactionScanner
2019-06-14 13:46:19,897 DEBUG block.SCMBlockDeletingService (SCMBlockDeletingService.java:call(155)) - Scanned deleted blocks log and got 3 delTX to process.
2019-06-14 13:46:19,898 DEBUG block.SCMBlockDeletingService (SCMBlockDeletingService.java:call(171)) - Added delete block command for datanode 0c156e3c-57cc-425b-90ef-9bcaa62a7535 in the queue, number of delete block transactions: 3, TxID list: 1,2,3
2019-06-14 13:46:19,898 INFO  block.SCMBlockDeletingService (SCMBlockDeletingService.java:call(182)) - Totally added 3 delete blocks command for 1 datanodes, task elapsed time: 1ms
2019-06-14 13:46:19,998 DEBUG block.SCMBlockDeletingService (SCMBlockDeletingService.java:call(138)) - Running DeletedBlockTransactionScanner
2019-06-14 13:46:19,999 DEBUG block.SCMBlockDeletingService (SCMBlockDeletingService.java:call(155)) - Scanned deleted blocks log and got 3 delTX to process.
2019-06-14 13:46:19,999 DEBUG block.SCMBlockDeletingService (SCMBlockDeletingService.java:call(171)) - Added delete block command for datanode 0c156e3c-57cc-425b-90ef-9bcaa62a7535 in the queue, number of delete block transactions: 3, TxID list: 1,2,3
2019-06-14 13:46:20,000 INFO  block.SCMBlockDeletingService (SCMBlockDeletingService.java:call(182)) - Totally added 3 delete blocks command for 1 datanodes, task elapsed time: 1ms
2019-06-14 13:46:20,085 INFO  commands.RetriableDatanodeEventWatcher (RetriableDatanodeEventWatcher.java:onTimeout(47)) - RetriableDatanodeCommand type=deleteBlocksCommand with id=1560519979085 timed out. Retrying.
2019-06-14 13:46:20,100 DEBUG block.SCMBlockDeletingService (SCMBlockDeletingService.java:call(138)) - Running DeletedBlockTransactionScanner
2019-06-14 13:46:20,100 DEBUG block.SCMBlockDeletingService (SCMBlockDeletingService.java:call(155)) - Scanned deleted blocks log and got 3 delTX to process.
2019-06-14 13:46:20,100 DEBUG block.SCMBlockDeletingService (SCMBlockDeletingService.java:call(171)) - Added delete block command for datanode 0c156e3c-57cc-425b-90ef-9bcaa62a7535 in the queue, number of delete block transactions: 3, TxID list: 1,2,3
2019-06-14 13:46:20,101 INFO  block.SCMBlockDeletingService (SCMBlockDeletingService.java:call(182)) - Totally added 3 delete blocks command for 1 datanodes, task elapsed time: 0ms
2019-06-14 13:46:20,114 INFO  ozone.MiniOzoneClusterImpl (MiniOzoneClusterImpl.java:lambda$waitForClusterToBeReady$0(142)) - Waiting for cluster to be ready. Got 1 of 0 DN Heartbeats.
2019-06-14 13:46:20,190 INFO  commands.RetriableDatanodeEventWatcher (RetriableDatanodeEventWatcher.java:onTimeout(47)) - RetriableDatanodeCommand type=deleteBlocksCommand with id=1560519979086 timed out. Retrying.
2019-06-14 13:46:20,201 DEBUG block.SCMBlockDeletingService (SCMBlockDeletingService.java:call(138)) - Running DeletedBlockTransactionScanner
2019-06-14 13:46:20,201 DEBUG block.SCMBlockDeletingService (SCMBlockDeletingService.java:call(155)) - Scanned deleted blocks log and got 3 delTX to process.
2019-06-14 13:46:20,201 DEBUG block.SCMBlockDeletingService (SCMBlockDeletingService.java:call(171)) - Added delete block command for datanode 0c156e3c-57cc-425b-90ef-9bcaa62a7535 in the queue, number of delete block transactions: 3, TxID list: 1,2,3
2019-06-14 13:46:20,202 INFO  block.SCMBlockDeletingService (SCMBlockDeletingService.java:call(182)) - Totally added 3 delete blocks command for 1 datanodes, task elapsed time: 0ms
2019-06-14 13:46:20,290 INFO  commands.RetriableDatanodeEventWatcher (RetriableDatanodeEventWatcher.java:onTimeout(47)) - RetriableDatanodeCommand type=deleteBlocksCommand with id=1560519979087 timed out. Retrying.
2019-06-14 13:46:20,302 DEBUG block.SCMBlockDeletingService (SCMBlockDeletingService.java:call(138)) - Running DeletedBlockTransactionScanner
2019-06-14 13:46:20,303 DEBUG block.SCMBlockDeletingService (SCMBlockDeletingService.java:call(155)) - Scanned deleted blocks log and got 3 delTX to process.
2019-06-14 13:46:20,303 DEBUG block.SCMBlockDeletingService (SCMBlockDeletingService.java:call(171)) - Added delete block command for datanode 0c156e3c-57cc-425b-90ef-9bcaa62a7535 in the queue, number of delete block transactions: 3, TxID list: 1,2,3
2019-06-14 13:46:20,303 INFO  block.SCMBlockDeletingService (SCMBlockDeletingService.java:call(182)) - Totally added 3 delete blocks command for 1 datanodes, task elapsed time: 1ms
2019-06-14 13:46:20,391 INFO  commands.RetriableDatanodeEventWatcher (RetriableDatanodeEventWatcher.java:onTimeout(47)) - RetriableDatanodeCommand type=deleteBlocksCommand with id=1560519979088 timed out. Retrying.
2019-06-14 13:46:20,403 DEBUG block.SCMBlockDeletingService (SCMBlockDeletingService.java:call(138)) - Running DeletedBlockTransactionScanner
2019-06-14 13:46:20,404 DEBUG block.SCMBlockDeletingService (SCMBlockDeletingService.java:call(155)) - Scanned deleted blocks log and got 3 delTX to process.
2019-06-14 13:46:20,404 DEBUG block.SCMBlockDeletingService (SCMBlockDeletingService.java:call(171)) - Added delete block command for datanode 0c156e3c-57cc-425b-90ef-9bcaa62a7535 in the queue, number of delete block transactions: 3, TxID list: 1,2,3
2019-06-14 13:46:20,404 INFO  block.SCMBlockDeletingService (SCMBlockDeletingService.java:call(182)) - Totally added 3 delete blocks command for 1 datanodes, task elapsed time: 1ms
2019-06-14 13:46:20,493 INFO  commands.RetriableDatanodeEventWatcher (RetriableDatanodeEventWatcher.java:onTimeout(47)) - RetriableDatanodeCommand type=deleteBlocksCommand with id=1560519979089 timed out. Retrying.
2019-06-14 13:46:20,504 DEBUG block.SCMBlockDeletingService (SCMBlockDeletingService.java:call(138)) - Running DeletedBlockTransactionScanner
2019-06-14 13:46:20,505 DEBUG block.SCMBlockDeletingService (SCMBlockDeletingService.java:call(155)) - Scanned deleted blocks log and got 3 delTX to process.
2019-06-14 13:46:20,505 DEBUG block.SCMBlockDeletingService (SCMBlockDeletingService.java:call(171)) - Added delete block command for datanode 0c156e3c-57cc-425b-90ef-9bcaa62a7535 in the queue, number of delete block transactions: 3, TxID list: 1,2,3
2019-06-14 13:46:20,505 INFO  block.SCMBlockDeletingService (SCMBlockDeletingService.java:call(182)) - Totally added 3 delete blocks command for 1 datanodes, task elapsed time: 1ms
2019-06-14 13:46:20,594 INFO  commands.RetriableDatanodeEventWatcher (RetriableDatanodeEventWatcher.java:onTimeout(47)) - RetriableDatanodeCommand type=deleteBlocksCommand with id=1560519979090 timed out. Retrying.
2019-06-14 13:46:20,605 DEBUG block.SCMBlockDeletingService (SCMBlockDeletingService.java:call(138)) - Running DeletedBlockTransactionScanner
2019-06-14 13:46:20,606 DEBUG block.SCMBlockDeletingService (SCMBlockDeletingService.java:call(155)) - Scanned deleted blocks log and got 3 delTX to process.
2019-06-14 13:46:20,606 DEBUG block.SCMBlockDeletingService (SCMBlockDeletingService.java:call(171)) - Added delete block command for datanode 0c156e3c-57cc-425b-90ef-9bcaa62a7535 in the queue, number of delete block transactions: 3, TxID list: 1,2,3
2019-06-14 13:46:20,606 INFO  block.SCMBlockDeletingService (SCMBlockDeletingService.java:call(182)) - Totally added 3 delete blocks command for 1 datanodes, task elapsed time: 1ms
2019-06-14 13:46:20,695 INFO  commands.RetriableDatanodeEventWatcher (RetriableDatanodeEventWatcher.java:onTimeout(47)) - RetriableDatanodeCommand type=deleteBlocksCommand with id=1560519979091 timed out. Retrying.
2019-06-14 13:46:20,706 DEBUG block.SCMBlockDeletingService (SCMBlockDeletingService.java:call(138)) - Running DeletedBlockTransactionScanner
2019-06-14 13:46:20,707 DEBUG block.SCMBlockDeletingService (SCMBlockDeletingService.java:call(155)) - Scanned deleted blocks log and got 3 delTX to process.
2019-06-14 13:46:20,707 DEBUG block.SCMBlockDeletingService (SCMBlockDeletingService.java:call(171)) - Added delete block command for datanode 0c156e3c-57cc-425b-90ef-9bcaa62a7535 in the queue, number of delete block transactions: 3, TxID list: 1,2,3
2019-06-14 13:46:20,707 INFO  block.SCMBlockDeletingService (SCMBlockDeletingService.java:call(182)) - Totally added 3 delete blocks command for 1 datanodes, task elapsed time: 1ms
2019-06-14 13:46:20,796 INFO  commands.RetriableDatanodeEventWatcher (RetriableDatanodeEventWatcher.java:onTimeout(47)) - RetriableDatanodeCommand type=deleteBlocksCommand with id=1560519979092 timed out. Retrying.
2019-06-14 13:46:20,807 DEBUG block.SCMBlockDeletingService (SCMBlockDeletingService.java:call(138)) - Running DeletedBlockTransactionScanner
2019-06-14 13:46:20,808 DEBUG block.SCMBlockDeletingService (SCMBlockDeletingService.java:call(155)) - Scanned deleted blocks log and got 3 delTX to process.
2019-06-14 13:46:20,808 DEBUG block.SCMBlockDeletingService (SCMBlockDeletingService.java:call(171)) - Added delete block command for datanode 0c156e3c-57cc-425b-90ef-9bcaa62a7535 in the queue, number of delete block transactions: 3, TxID list: 1,2,3
2019-06-14 13:46:20,808 INFO  block.SCMBlockDeletingService (SCMBlockDeletingService.java:call(182)) - Totally added 3 delete blocks command for 1 datanodes, task elapsed time: 1ms
2019-06-14 13:46:20,897 INFO  commands.RetriableDatanodeEventWatcher (RetriableDatanodeEventWatcher.java:onTimeout(47)) - RetriableDatanodeCommand type=deleteBlocksCommand with id=1560519979093 timed out. Retrying.
2019-06-14 13:46:20,909 DEBUG block.SCMBlockDeletingService (SCMBlockDeletingService.java:call(138)) - Running DeletedBlockTransactionScanner
2019-06-14 13:46:20,909 DEBUG block.SCMBlockDeletingService (SCMBlockDeletingService.java:call(155)) - Scanned deleted blocks log and got 3 delTX to process.
2019-06-14 13:46:20,909 DEBUG block.SCMBlockDeletingService (SCMBlockDeletingService.java:call(171)) - Added delete block command for datanode 0c156e3c-57cc-425b-90ef-9bcaa62a7535 in the queue, number of delete block transactions: 3, TxID list: 1,2,3
2019-06-14 13:46:20,910 INFO  block.SCMBlockDeletingService (SCMBlockDeletingService.java:call(182)) - Totally added 3 delete blocks command for 1 datanodes, task elapsed time: 1ms
2019-06-14 13:46:21,000 INFO  commands.RetriableDatanodeEventWatcher (RetriableDatanodeEventWatcher.java:onTimeout(47)) - RetriableDatanodeCommand type=deleteBlocksCommand with id=1560519979094 timed out. Retrying.
2019-06-14 13:46:21,010 DEBUG block.SCMBlockDeletingService (SCMBlockDeletingService.java:call(138)) - Running DeletedBlockTransactionScanner
2019-06-14 13:46:21,011 DEBUG block.SCMBlockDeletingService (SCMBlockDeletingService.java:call(155)) - Scanned deleted blocks log and got 3 delTX to process.
2019-06-14 13:46:21,011 DEBUG block.SCMBlockDeletingService (SCMBlockDeletingService.java:call(171)) - Added delete block command for datanode 0c156e3c-57cc-425b-90ef-9bcaa62a7535 in the queue, number of delete block transactions: 3, TxID list: 1,2,3
2019-06-14 13:46:21,011 INFO  block.SCMBlockDeletingService (SCMBlockDeletingService.java:call(182)) - Totally added 3 delete blocks command for 1 datanodes, task elapsed time: 1ms
2019-06-14 13:46:21,086 INFO  commands.RetriableDatanodeEventWatcher (RetriableDatanodeEventWatcher.java:onTimeout(47)) - RetriableDatanodeCommand type=deleteBlocksCommand with id=1560519979085 timed out. Retrying.
2019-06-14 13:46:21,101 INFO  commands.RetriableDatanodeEventWatcher (RetriableDatanodeEventWatcher.java:onTimeout(47)) - RetriableDatanodeCommand type=deleteBlocksCommand with id=1560519979095 timed out. Retrying.
2019-06-14 13:46:21,112 DEBUG block.SCMBlockDeletingService (SCMBlockDeletingService.java:call(138)) - Running DeletedBlockTransactionScanner
2019-06-14 13:46:21,112 DEBUG block.SCMBlockDeletingService (SCMBlockDeletingService.java:call(155)) - Scanned deleted blocks log and got 3 delTX to process.
2019-06-14 13:46:21,112 DEBUG block.SCMBlockDeletingService (SCMBlockDeletingService.java:call(171)) - Added delete block command for datanode 0c156e3c-57cc-425b-90ef-9bcaa62a7535 in the queue, number of delete block transactions: 3, TxID list: 1,2,3
2019-06-14 13:46:21,113 INFO  block.SCMBlockDeletingService (SCMBlockDeletingService.java:call(182)) - Totally added 3 delete blocks command for 1 datanodes, task elapsed time: 1ms
2019-06-14 13:46:21,115 INFO  ozone.MiniOzoneClusterImpl (MiniOzoneClusterImpl.java:lambda$waitForClusterToBeReady$0(142)) - Waiting for cluster to be ready. Got 1 of 0 DN Heartbeats.
2019-06-14 13:46:21,191 INFO  commands.RetriableDatanodeEventWatcher (RetriableDatanodeEventWatcher.java:onTimeout(47)) - RetriableDatanodeCommand type=deleteBlocksCommand with id=1560519979086 timed out. Retrying.
2019-06-14 13:46:21,201 INFO  commands.RetriableDatanodeEventWatcher (RetriableDatanodeEventWatcher.java:onTimeout(47)) - RetriableDatanodeCommand type=deleteBlocksCommand with id=1560519979096 timed out. Retrying.
2019-06-14 13:46:21,213 DEBUG block.SCMBlockDeletingService (SCMBlockDeletingService.java:call(138)) - Running DeletedBlockTransactionScanner
2019-06-14 13:46:21,213 DEBUG block.SCMBlockDeletingService (SCMBlockDeletingService.java:call(155)) - Scanned deleted blocks log and got 3 delTX to process.
2019-06-14 13:46:21,214 DEBUG block.SCMBlockDeletingService (SCMBlockDeletingService.java:call(171)) - Added delete block command for datanode 0c156e3c-57cc-425b-90ef-9bcaa62a7535 in the queue, number of delete block transactions: 3, TxID list: 1,2,3
2019-06-14 13:46:21,214 INFO  block.SCMBlockDeletingService (SCMBlockDeletingService.java:call(182)) - Totally added 3 delete blocks command for 1 datanodes, task elapsed time: 1ms
2019-06-14 13:46:21,290 INFO  commands.RetriableDatanodeEventWatcher (RetriableDatanodeEventWatcher.java:onTimeout(47)) - RetriableDatanodeCommand type=deleteBlocksCommand with id=1560519979087 timed out. Retrying.
2019-06-14 13:46:21,303 INFO  commands.RetriableDatanodeEventWatcher (RetriableDatanodeEventWatcher.java:onTimeout(47)) - RetriableDatanodeCommand type=deleteBlocksCommand with id=1560519979097 timed out. Retrying.
2019-06-14 13:46:21,314 DEBUG block.SCMBlockDeletingService (SCMBlockDeletingService.java:call(138)) - Running DeletedBlockTransactionScanner
2019-06-14 13:46:21,315 DEBUG block.SCMBlockDeletingService (SCMBlockDeletingService.java:call(155)) - Scanned deleted blocks log and got 3 delTX to process.
2019-06-14 13:46:21,315 DEBUG block.SCMBlockDeletingService (SCMBlockDeletingService.java:call(171)) - Added delete block command for datanode 0c156e3c-57cc-425b-90ef-9bcaa62a7535 in the queue, number of delete block transactions: 3, TxID list: 1,2,3
2019-06-14 13:46:21,315 INFO  block.SCMBlockDeletingService (SCMBlockDeletingService.java:call(182)) - Totally added 3 delete blocks command for 1 datanodes, task elapsed time: 1ms
2019-06-14 13:46:21,391 INFO  commands.RetriableDatanodeEventWatcher (RetriableDatanodeEventWatcher.java:onTimeout(47)) - RetriableDatanodeCommand type=deleteBlocksCommand with id=1560519979088 timed out. Retrying.
2019-06-14 13:46:21,405 INFO  commands.RetriableDatanodeEventWatcher (RetriableDatanodeEventWatcher.java:onTimeout(47)) - RetriableDatanodeCommand type=deleteBlocksCommand with id=1560519979098 timed out. Retrying.
2019-06-14 13:46:21,416 DEBUG block.SCMBlockDeletingService (SCMBlockDeletingService.java:call(138)) - Running DeletedBlockTransactionScanner
2019-06-14 13:46:21,416 DEBUG block.SCMBlockDeletingService (SCMBlockDeletingService.java:call(155)) - Scanned deleted blocks log and got 3 delTX to process.
2019-06-14 13:46:21,416 DEBUG block.SCMBlockDeletingService (SCMBlockDeletingService.java:call(171)) - Added delete block command for datanode 0c156e3c-57cc-425b-90ef-9bcaa62a7535 in the queue, number of delete block transactions: 3, TxID list: 1,2,3
2019-06-14 13:46:21,417 INFO  block.SCMBlockDeletingService (SCMBlockDeletingService.java:call(182)) - Totally added 3 delete blocks command for 1 datanodes, task elapsed time: 1ms
2019-06-14 13:46:21,494 INFO  commands.RetriableDatanodeEventWatcher (RetriableDatanodeEventWatcher.java:onTimeout(47)) - RetriableDatanodeCommand type=deleteBlocksCommand with id=1560519979089 timed out. Retrying.
2019-06-14 13:46:21,505 INFO  commands.RetriableDatanodeEventWatcher (RetriableDatanodeEventWatcher.java:onTimeout(47)) - RetriableDatanodeCommand type=deleteBlocksCommand with id=1560519979099 timed out. Retrying.
2019-06-14 13:46:21,517 DEBUG block.SCMBlockDeletingService (SCMBlockDeletingService.java:call(138)) - Running DeletedBlockTransactionScanner
2019-06-14 13:46:21,517 DEBUG block.SCMBlockDeletingService (SCMBlockDeletingService.java:call(155)) - Scanned deleted blocks log and got 3 delTX to process.
2019-06-14 13:46:21,518 DEBUG block.SCMBlockDeletingService (SCMBlockDeletingService.java:call(171)) - Added delete block command for datanode 0c156e3c-57cc-425b-90ef-9bcaa62a7535 in the queue, number of delete block transactions: 3, TxID list: 1,2,3
2019-06-14 13:46:21,518 INFO  block.SCMBlockDeletingService (SCMBlockDeletingService.java:call(182)) - Totally added 3 delete blocks command for 1 datanodes, task elapsed time: 1ms
2019-06-14 13:46:21,595 INFO  commands.RetriableDatanodeEventWatcher (RetriableDatanodeEventWatcher.java:onTimeout(47)) - RetriableDatanodeCommand type=deleteBlocksCommand with id=1560519979090 timed out. Retrying.
2019-06-14 13:46:21,606 INFO  commands.RetriableDatanodeEventWatcher (RetriableDatanodeEventWatcher.java:onTimeout(47)) - RetriableDatanodeCommand type=deleteBlocksCommand with id=1560519979100 timed out. Retrying.
2019-06-14 13:46:21,618 DEBUG block.SCMBlockDeletingService (SCMBlockDeletingService.java:call(138)) - Running DeletedBlockTransactionScanner
2019-06-14 13:46:21,619 DEBUG block.SCMBlockDeletingService (SCMBlockDeletingService.java:call(155)) - Scanned deleted blocks log and got 3 delTX to process.
2019-06-14 13:46:21,619 DEBUG block.SCMBlockDeletingService (SCMBlockDeletingService.java:call(171)) - Added delete block command for datanode 0c156e3c-57cc-425b-90ef-9bcaa62a7535 in the queue, number of delete block transactions: 3, TxID list: 1,2,3
2019-06-14 13:46:21,619 INFO  block.SCMBlockDeletingService (SCMBlockDeletingService.java:call(182)) - Totally added 3 delete blocks command for 1 datanodes, task elapsed time: 1ms
2019-06-14 13:46:21,696 INFO  commands.RetriableDatanodeEventWatcher (RetriableDatanodeEventWatcher.java:onTimeout(47)) - RetriableDatanodeCommand type=deleteBlocksCommand with id=1560519979091 timed out. Retrying.
2019-06-14 13:46:21,707 INFO  commands.RetriableDatanodeEventWatcher (RetriableDatanodeEventWatcher.java:onTimeout(47)) - RetriableDatanodeCommand type=deleteBlocksCommand with id=1560519979101 timed out. Retrying.
2019-06-14 13:46:21,719 DEBUG block.SCMBlockDeletingService (SCMBlockDeletingService.java:call(138)) - Running DeletedBlockTransactionScanner
2019-06-14 13:46:21,720 DEBUG block.SCMBlockDeletingService (SCMBlockDeletingService.java:call(155)) - Scanned deleted blocks log and got 3 delTX to process.
2019-06-14 13:46:21,720 DEBUG block.SCMBlockDeletingService (SCMBlockDeletingService.java:call(171)) - Added delete block command for datanode 0c156e3c-57cc-425b-90ef-9bcaa62a7535 in the queue, number of delete block transactions: 3, TxID list: 1,2,3
2019-06-14 13:46:21,720 INFO  block.SCMBlockDeletingService (SCMBlockDeletingService.java:call(182)) - Totally added 3 delete blocks command for 1 datanodes, task elapsed time: 1ms
2019-06-14 13:46:21,797 INFO  commands.RetriableDatanodeEventWatcher (RetriableDatanodeEventWatcher.java:onTimeout(47)) - RetriableDatanodeCommand type=deleteBlocksCommand with id=1560519979092 timed out. Retrying.
2019-06-14 13:46:21,808 INFO  commands.RetriableDatanodeEventWatcher (RetriableDatanodeEventWatcher.java:onTimeout(47)) - RetriableDatanodeCommand type=deleteBlocksCommand with id=1560519979102 timed out. Retrying.
2019-06-14 13:46:21,820 DEBUG block.SCMBlockDeletingService (SCMBlockDeletingService.java:call(138)) - Running DeletedBlockTransactionScanner
2019-06-14 13:46:21,821 DEBUG block.SCMBlockDeletingService (SCMBlockDeletingService.java:call(155)) - Scanned deleted blocks log and got 3 delTX to process.
2019-06-14 13:46:21,821 DEBUG block.SCMBlockDeletingService (SCMBlockDeletingService.java:call(171)) - Added delete block command for datanode 0c156e3c-57cc-425b-90ef-9bcaa62a7535 in the queue, number of delete block transactions: 3, TxID list: 1,2,3
2019-06-14 13:46:21,821 INFO  block.SCMBlockDeletingService (SCMBlockDeletingService.java:call(182)) - Totally added 3 delete blocks command for 1 datanodes, task elapsed time: 1ms
2019-06-14 13:46:21,897 INFO  commands.RetriableDatanodeEventWatcher (RetriableDatanodeEventWatcher.java:onTimeout(47)) - RetriableDatanodeCommand type=deleteBlocksCommand with id=1560519979093 timed out. Retrying.
2019-06-14 13:46:21,910 INFO  commands.RetriableDatanodeEventWatcher (RetriableDatanodeEventWatcher.java:onTimeout(47)) - RetriableDatanodeCommand type=deleteBlocksCommand with id=1560519979103 timed out. Retrying.
2019-06-14 13:46:21,922 DEBUG block.SCMBlockDeletingService (SCMBlockDeletingService.java:call(138)) - Running DeletedBlockTransactionScanner
2019-06-14 13:46:21,922 DEBUG block.SCMBlockDeletingService (SCMBlockDeletingService.java:call(155)) - Scanned deleted blocks log and got 3 delTX to process.
2019-06-14 13:46:21,922 DEBUG block.SCMBlockDeletingService (SCMBlockDeletingService.java:call(171)) - Added delete block command for datanode 0c156e3c-57cc-425b-90ef-9bcaa62a7535 in the queue, number of delete block transactions: 3, TxID list: 1,2,3
2019-06-14 13:46:21,923 INFO  block.SCMBlockDeletingService (SCMBlockDeletingService.java:call(182)) - Totally added 3 delete blocks command for 1 datanodes, task elapsed time: 1ms
2019-06-14 13:46:21,957 INFO  node.StaleNodeHandler (StaleNodeHandler.java:onMessage(58)) - Datanode 0c156e3c-57cc-425b-90ef-9bcaa62a7535{ip: 192.168.134.77, host: ozone-rlb7g-142518227, networkLocation: /default-rack, certSerialId: null} moved to stale state. Finalizing its pipelines [PipelineID=1fc53845-3381-4beb-82f9-7704a457760d]
2019-06-14 13:46:21,957 INFO  pipeline.SCMPipelineManager (SCMPipelineManager.java:finalizeAndDestroyPipeline(307)) - destroying pipeline:Pipeline[ Id: 1fc53845-3381-4beb-82f9-7704a457760d, Nodes: 0c156e3c-57cc-425b-90ef-9bcaa62a7535{ip: 192.168.134.77, host: ozone-rlb7g-142518227, networkLocation: /default-rack, certSerialId: null}, Type:RATIS, Factor:ONE, State:OPEN]
2019-06-14 13:46:21,958 INFO  pipeline.PipelineStateManager (PipelineStateManager.java:finalizePipeline(123)) - Pipeline Pipeline[ Id: 1fc53845-3381-4beb-82f9-7704a457760d, Nodes: 0c156e3c-57cc-425b-90ef-9bcaa62a7535{ip: 192.168.134.77, host: ozone-rlb7g-142518227, networkLocation: /default-rack, certSerialId: null}, Type:RATIS, Factor:ONE, State:CLOSED] moved to CLOSED state
2019-06-14 13:46:22,000 INFO  commands.RetriableDatanodeEventWatcher (RetriableDatanodeEventWatcher.java:onTimeout(47)) - RetriableDatanodeCommand type=deleteBlocksCommand with id=1560519979094 timed out. Retrying.
2019-06-14 13:46:22,012 INFO  commands.RetriableDatanodeEventWatcher (RetriableDatanodeEventWatcher.java:onTimeout(47)) - RetriableDatanodeCommand type=deleteBlocksCommand with id=1560519979104 timed out. Retrying.
2019-06-14 13:46:22,023 DEBUG block.SCMBlockDeletingService (SCMBlockDeletingService.java:call(138)) - Running DeletedBlockTransactionScanner
2019-06-14 13:46:22,023 DEBUG block.SCMBlockDeletingService (SCMBlockDeletingService.java:call(155)) - Scanned deleted blocks log and got 3 delTX to process.
2019-06-14 13:46:22,023 DEBUG block.SCMBlockDeletingService (SCMBlockDeletingService.java:call(171)) - Added delete block command for datanode 0c156e3c-57cc-425b-90ef-9bcaa62a7535 in the queue, number of delete block transactions: 3, TxID list: 1,2,3
2019-06-14 13:46:22,024 INFO  block.SCMBlockDeletingService (SCMBlockDeletingService.java:call(182)) - Totally added 3 delete blocks command for 1 datanodes, task elapsed time: 0ms
2019-06-14 13:46:22,087 INFO  commands.RetriableDatanodeEventWatcher (RetriableDatanodeEventWatcher.java:onTimeout(47)) - RetriableDatanodeCommand type=deleteBlocksCommand with id=1560519979085 timed out. Retrying.
2019-06-14 13:46:22,101 INFO  commands.RetriableDatanodeEventWatcher (RetriableDatanodeEventWatcher.java:onTimeout(47)) - RetriableDatanodeCommand type=deleteBlocksCommand with id=1560519979095 timed out. Retrying.
2019-06-14 13:46:22,113 INFO  commands.RetriableDatanodeEventWatcher (RetriableDatanodeEventWatcher.java:onTimeout(47)) - RetriableDatanodeCommand type=deleteBlocksCommand with id=1560519979105 timed out. Retrying.
2019-06-14 13:46:22,115 INFO  ozone.MiniOzoneClusterImpl (MiniOzoneClusterImpl.java:lambda$waitForClusterToBeReady$0(142)) - Cluster is ready. Got 0 of 0 DN Heartbeats.
2019-06-14 13:46:22,117 INFO  impl.MetricsSystemImpl (MetricsSystemImpl.java:init(158)) - HddsDatanode metrics system started (again)
2019-06-14 13:46:22,130 DEBUG block.SCMBlockDeletingService (SCMBlockDeletingService.java:call(138)) - Running DeletedBlockTransactionScanner
2019-06-14 13:46:22,130 DEBUG block.SCMBlockDeletingService (SCMBlockDeletingService.java:call(155)) - Scanned deleted blocks log and got 3 delTX to process.
2019-06-14 13:46:22,131 DEBUG block.SCMBlockDeletingService (SCMBlockDeletingService.java:call(171)) - Added delete block command for datanode 0c156e3c-57cc-425b-90ef-9bcaa62a7535 in the queue, number of delete block transactions: 3, TxID list: 1,2,3
2019-06-14 13:46:22,131 INFO  block.SCMBlockDeletingService (SCMBlockDeletingService.java:call(182)) - Totally added 3 delete blocks command for 1 datanodes, task elapsed time: 1ms
2019-06-14 13:46:22,154 INFO  ozone.HddsDatanodeService (HddsDatanodeService.java:start(185)) - HddsDatanodeService host:ozone-rlb7g-142518227 ip:192.168.134.77
2019-06-14 13:46:22,157 INFO  volume.VolumeUsage (VolumeUsage.java:loadScmUsed(144)) - Cached ScmUsed found for /opt/src/hadoop-ozone/integration-test/target/test-dir/MiniOzoneClusterImpl-8919240e-7e15-4dbf-8bf4-c210578586bb/datanode-0/data/containers : 4096 
2019-06-14 13:46:22,158 INFO  volume.HddsVolume (HddsVolume.java:<init>(176)) - Creating Volume: /opt/src/hadoop-ozone/integration-test/target/test-dir/MiniOzoneClusterImpl-8919240e-7e15-4dbf-8bf4-c210578586bb/datanode-0/data/containers/hdds of  storage type : DISK and capacity : 104021790720
2019-06-14 13:46:22,159 INFO  volume.VolumeSet (VolumeSet.java:initializeVolumeSet(170)) - Added Volume : /opt/src/hadoop-ozone/integration-test/target/test-dir/MiniOzoneClusterImpl-8919240e-7e15-4dbf-8bf4-c210578586bb/datanode-0/data/containers/hdds to VolumeSet
2019-06-14 13:46:22,159 INFO  volume.ThrottledAsyncChecker (ThrottledAsyncChecker.java:schedule(140)) - Scheduling a check for org.apache.hadoop.ozone.container.common.volume.HddsVolume@40717ed
2019-06-14 13:46:22,163 INFO  volume.HddsVolumeChecker (HddsVolumeChecker.java:checkAllVolumes(203)) - Scheduled health check for volume org.apache.hadoop.ozone.container.common.volume.HddsVolume@40717ed
2019-06-14 13:46:22,194 INFO  commands.RetriableDatanodeEventWatcher (RetriableDatanodeEventWatcher.java:onTimeout(47)) - RetriableDatanodeCommand type=deleteBlocksCommand with id=1560519979086 timed out. Retrying.
2019-06-14 13:46:22,201 INFO  commands.RetriableDatanodeEventWatcher (RetriableDatanodeEventWatcher.java:onTimeout(47)) - RetriableDatanodeCommand type=deleteBlocksCommand with id=1560519979096 timed out. Retrying.
2019-06-14 13:46:22,218 INFO  commands.RetriableDatanodeEventWatcher (RetriableDatanodeEventWatcher.java:onTimeout(47)) - RetriableDatanodeCommand type=deleteBlocksCommand with id=1560519979106 timed out. Retrying.
2019-06-14 13:46:22,237 DEBUG block.SCMBlockDeletingService (SCMBlockDeletingService.java:call(138)) - Running DeletedBlockTransactionScanner
2019-06-14 13:46:22,237 DEBUG block.SCMBlockDeletingService (SCMBlockDeletingService.java:call(155)) - Scanned deleted blocks log and got 3 delTX to process.
2019-06-14 13:46:22,238 DEBUG block.SCMBlockDeletingService (SCMBlockDeletingService.java:call(171)) - Added delete block command for datanode 0c156e3c-57cc-425b-90ef-9bcaa62a7535 in the queue, number of delete block transactions: 3, TxID list: 1,2,3
2019-06-14 13:46:22,238 INFO  block.SCMBlockDeletingService (SCMBlockDeletingService.java:call(182)) - Totally added 3 delete blocks command for 1 datanodes, task elapsed time: 1ms
2019-06-14 13:46:22,264 INFO  impl.RaftServerProxy (ConfUtils.java:logGet(43)) - raft.rpc.type = GRPC (default)
2019-06-14 13:46:22,264 INFO  grpc.GrpcConfigKeys$Server (ConfUtils.java:logGet(43)) - raft.grpc.server.port = 36517 (custom)
2019-06-14 13:46:22,264 INFO  server.GrpcService (ConfUtils.java:logGet(43)) - raft.grpc.message.size.max = 33570816 (custom)
2019-06-14 13:46:22,264 INFO  server.RaftServerConfigKeys (ConfUtils.java:logGet(43)) - raft.server.log.appender.buffer.byte-limit = 33554432 (custom)
2019-06-14 13:46:22,265 INFO  server.GrpcService (ConfUtils.java:logGet(43)) - raft.grpc.flow.control.window = 1MB (=1048576) (default)
2019-06-14 13:46:22,265 INFO  server.RaftServerConfigKeys (ConfUtils.java:logGet(43)) - raft.server.rpc.request.timeout = 3000ms (default)
2019-06-14 13:46:22,265 INFO  server.RaftServerConfigKeys (ConfUtils.java:logGet(43)) - raft.server.storage.dir = [/opt/src/hadoop-ozone/integration-test/target/test-dir/MiniOzoneClusterImpl-8919240e-7e15-4dbf-8bf4-c210578586bb/datanode-0/data/ratis] (custom)
2019-06-14 13:46:22,266 INFO  impl.RaftServerProxy (RaftServerProxy.java:lambda$null$0(191)) - 0c156e3c-57cc-425b-90ef-9bcaa62a7535: found a subdirectory /opt/src/hadoop-ozone/integration-test/target/test-dir/MiniOzoneClusterImpl-8919240e-7e15-4dbf-8bf4-c210578586bb/datanode-0/data/ratis/1fc53845-3381-4beb-82f9-7704a457760d
2019-06-14 13:46:22,270 INFO  impl.RaftServerProxy (RaftServerProxy.java:addNew(89)) - 0c156e3c-57cc-425b-90ef-9bcaa62a7535: addNew group-7704A457760D:[] returns group-7704A457760D:java.util.concurrent.CompletableFuture@dbddbe3[Not completed]
2019-06-14 13:46:22,270 INFO  replication.SimpleContainerDownloader (SimpleContainerDownloader.java:<init>(72)) - Starting container downloader service to copy containers to replicate.
2019-06-14 13:46:22,285 INFO  impl.RaftServerImpl (RaftServerImpl.java:<init>(91)) - 0c156e3c-57cc-425b-90ef-9bcaa62a7535: new RaftServerImpl for group-7704A457760D:[] with ContainerStateMachine:uninitialized
2019-06-14 13:46:22,286 INFO  server.RaftServerConfigKeys (ConfUtils.java:logGet(43)) - raft.server.rpc.timeout.min = 1s (custom)
2019-06-14 13:46:22,286 INFO  server.RaftServerConfigKeys (ConfUtils.java:logGet(43)) - raft.server.rpc.timeout.max = 1200ms (custom)
2019-06-14 13:46:22,286 INFO  server.RaftServerConfigKeys (ConfUtils.java:logGet(43)) - raft.server.rpcslowness.timeout = 120s (custom)
2019-06-14 13:46:22,286 INFO  server.RaftServerConfigKeys (ConfUtils.java:logGet(43)) - raft.server.log.appender.install.snapshot.enabled = true (default)
2019-06-14 13:46:22,286 INFO  impl.RaftServerImpl (ServerState.java:<init>(101)) - 0c156e3c-57cc-425b-90ef-9bcaa62a7535:group-7704A457760D ConfigurationManager, init=-1: [], old=null, confs=<EMPTY_MAP>
2019-06-14 13:46:22,287 INFO  server.RaftServerConfigKeys (ConfUtils.java:logGet(43)) - raft.server.storage.dir = [/opt/src/hadoop-ozone/integration-test/target/test-dir/MiniOzoneClusterImpl-8919240e-7e15-4dbf-8bf4-c210578586bb/datanode-0/data/ratis] (custom)
2019-06-14 13:46:22,291 INFO  commands.RetriableDatanodeEventWatcher (RetriableDatanodeEventWatcher.java:onTimeout(47)) - RetriableDatanodeCommand type=deleteBlocksCommand with id=1560519979087 timed out. Retrying.
2019-06-14 13:46:22,294 INFO  storage.RaftStorageDirectory (RaftStorageDirectory.java:tryLock(328)) - Lock on /opt/src/hadoop-ozone/integration-test/target/test-dir/MiniOzoneClusterImpl-8919240e-7e15-4dbf-8bf4-c210578586bb/datanode-0/data/ratis/1fc53845-3381-4beb-82f9-7704a457760d/in_use.lock acquired by nodename 32173@ozone-rlb7g-142518227
2019-06-14 13:46:22,304 INFO  commands.RetriableDatanodeEventWatcher (RetriableDatanodeEventWatcher.java:onTimeout(47)) - RetriableDatanodeCommand type=deleteBlocksCommand with id=1560519979097 timed out. Retrying.
2019-06-14 13:46:22,300 INFO  ratis.ContainerStateMachine (ContainerStateMachine.java:loadSnapshot(209)) - Setting the last applied index to (t:1, i:7409)
2019-06-14 13:46:22,309 INFO  hdfs.DFSUtil (DFSUtil.java:httpServerTemplateForNNAndJN(1641)) - Starting Web-server for hddsDatanode at: http://0.0.0.0:35539
2019-06-14 13:46:22,311 INFO  server.AuthenticationFilter (AuthenticationFilter.java:constructSecretProvider(240)) - Unable to initialize FileSignerSecretProvider, falling back to use random secrets.
2019-06-14 13:46:22,312 INFO  impl.RaftServerImpl (ServerState.java:setRaftConf(361)) - 0c156e3c-57cc-425b-90ef-9bcaa62a7535:group-7704A457760D set configuration 0: [0c156e3c-57cc-425b-90ef-9bcaa62a7535:192.168.134.77:36517], old=null at 0
2019-06-14 13:46:22,312 INFO  server.RaftServerConfigKeys (ConfUtils.java:logGet(43)) - raft.server.leader.election.timeout = 120s (custom)
2019-06-14 13:46:22,312 INFO  server.RaftServerConfigKeys (ConfUtils.java:logGet(43)) - raft.server.log.use.memory = false (default)
2019-06-14 13:46:22,312 INFO  server.RaftServerConfigKeys (ConfUtils.java:logGet(43)) - raft.server.log.appender.buffer.byte-limit = 33554432 (custom)
2019-06-14 13:46:22,313 INFO  server.RaftServerConfigKeys (ConfUtils.java:logGet(43)) - raft.server.log.segment.size.max = 16384 (custom)
2019-06-14 13:46:22,313 INFO  server.RaftServerConfigKeys (ConfUtils.java:logGet(43)) - raft.server.log.segment.cache.num.max = 2 (custom)
2019-06-14 13:46:22,313 INFO  storage.RaftLogWorker (RaftLogWorker.java:<init>(123)) - new 0c156e3c-57cc-425b-90ef-9bcaa62a7535-RaftLogWorker for Storage Directory /opt/src/hadoop-ozone/integration-test/target/test-dir/MiniOzoneClusterImpl-8919240e-7e15-4dbf-8bf4-c210578586bb/datanode-0/data/ratis/1fc53845-3381-4beb-82f9-7704a457760d
2019-06-14 13:46:22,313 INFO  server.RaftServerConfigKeys (ConfUtils.java:logGet(43)) - raft.server.log.queue.byte-limit = 2147483647 (custom)
2019-06-14 13:46:22,313 INFO  server.RaftServerConfigKeys (ConfUtils.java:logGet(43)) - raft.server.log.queue.element-limit = 1024 (custom)
2019-06-14 13:46:22,313 INFO  server.RaftServerConfigKeys (ConfUtils.java:logGet(43)) - raft.server.log.segment.size.max = 16384 (custom)
2019-06-14 13:46:22,313 INFO  server.RaftServerConfigKeys (ConfUtils.java:logGet(43)) - raft.server.log.preallocated.size = 16384 (custom)
2019-06-14 13:46:22,313 INFO  server.RaftServerConfigKeys (ConfUtils.java:logGet(43)) - raft.server.log.write.buffer.size = 33554432 (custom)
2019-06-14 13:46:22,314 INFO  server.RaftServerConfigKeys (ConfUtils.java:logGet(43)) - raft.server.log.force.sync.num = 128 (default)
2019-06-14 13:46:22,314 INFO  server.RaftServerConfigKeys (ConfUtils.java:logGet(43)) - raft.server.log.statemachine.data.sync = true (default)
2019-06-14 13:46:22,314 INFO  server.RaftServerConfigKeys (ConfUtils.java:logGet(43)) - raft.server.log.statemachine.data.sync.timeout = 10s (default)
2019-06-14 13:46:22,314 INFO  server.RaftServerConfigKeys (ConfUtils.java:logGet(43)) - raft.server.log.statemachine.data.sync.timeout.retry = -1 (default)
2019-06-14 13:46:22,317 INFO  commands.RetriableDatanodeEventWatcher (RetriableDatanodeEventWatcher.java:onTimeout(47)) - RetriableDatanodeCommand type=deleteBlocksCommand with id=1560519979107 timed out. Retrying.
2019-06-14 13:46:22,317 WARN  http.HttpRequestLog (HttpRequestLog.java:getRequestLog(97)) - Jetty request log can only be enabled using Log4j
2019-06-14 13:46:22,319 INFO  http.HttpServer2 (HttpServer2.java:addGlobalFilter(975)) - Added global filter 'safety' (class=org.apache.hadoop.http.HttpServer2$QuotingInputFilter)
2019-06-14 13:46:22,319 INFO  http.HttpServer2 (HttpServer2.java:addFilter(948)) - Added filter static_user_filter (class=org.apache.hadoop.http.lib.StaticUserWebFilter$StaticUserFilter) to context hddsDatanode
2019-06-14 13:46:22,319 INFO  http.HttpServer2 (HttpServer2.java:addFilter(958)) - Added filter static_user_filter (class=org.apache.hadoop.http.lib.StaticUserWebFilter$StaticUserFilter) to context static
2019-06-14 13:46:22,319 INFO  http.HttpServer2 (HttpServer2.java:addFilter(958)) - Added filter static_user_filter (class=org.apache.hadoop.http.lib.StaticUserWebFilter$StaticUserFilter) to context logs
2019-06-14 13:46:22,320 INFO  http.HttpServer2 (HttpServer2.java:bindListener(1191)) - Jetty bound to port 35539
2019-06-14 13:46:22,320 INFO  server.Server (Server.java:doStart(351)) - jetty-9.3.24.v20180605, build timestamp: 2018-06-05T17:11:56Z, git hash: 84205aa28f11a4f31f2a3b86d1bba2cc8ab69827
2019-06-14 13:46:22,326 INFO  handler.ContextHandler (ContextHandler.java:doStart(781)) - Started o.e.j.s.ServletContextHandler@46a795de{/logs,file:///opt/src/hadoop-ozone/integration-test/target/log,AVAILABLE}
2019-06-14 13:46:22,330 INFO  handler.ContextHandler (ContextHandler.java:doStart(781)) - Started o.e.j.s.ServletContextHandler@2f3928ac{/static,jar:file:/root/.m2/repository/org/apache/hadoop/hadoop-hdds-container-service/0.5.0-SNAPSHOT/hadoop-hdds-container-service-0.5.0-SNAPSHOT.jar!/webapps/static,AVAILABLE}
2019-06-14 13:46:22,331 INFO  server.RaftServerConfigKeys (ConfUtils.java:logGet(43)) - raft.server.log.statemachine.data.caching.enabled = true (custom)
2019-06-14 13:46:22,346 DEBUG block.SCMBlockDeletingService (SCMBlockDeletingService.java:call(138)) - Running DeletedBlockTransactionScanner
2019-06-14 13:46:22,346 DEBUG block.SCMBlockDeletingService (SCMBlockDeletingService.java:call(155)) - Scanned deleted blocks log and got 3 delTX to process.
2019-06-14 13:46:22,346 DEBUG block.SCMBlockDeletingService (SCMBlockDeletingService.java:call(171)) - Added delete block command for datanode 0c156e3c-57cc-425b-90ef-9bcaa62a7535 in the queue, number of delete block transactions: 3, TxID list: 1,2,3
2019-06-14 13:46:22,347 INFO  block.SCMBlockDeletingService (SCMBlockDeletingService.java:call(182)) - Totally added 3 delete blocks command for 1 datanodes, task elapsed time: 0ms
2019-06-14 13:46:22,348 INFO  storage.LogSegment (LogSegment.java:loadSegment(143)) - Successfully read 66 entries from segment file /opt/src/hadoop-ozone/integration-test/target/test-dir/MiniOzoneClusterImpl-8919240e-7e15-4dbf-8bf4-c210578586bb/datanode-0/data/ratis/1fc53845-3381-4beb-82f9-7704a457760d/current/log_inprogress_7345
2019-06-14 13:46:22,394 INFO  commands.RetriableDatanodeEventWatcher (RetriableDatanodeEventWatcher.java:onTimeout(47)) - RetriableDatanodeCommand type=deleteBlocksCommand with id=1560519979088 timed out. Retrying.
2019-06-14 13:46:22,399 INFO  handler.ContextHandler (ContextHandler.java:doStart(781)) - Started o.e.j.w.WebAppContext@18d47df0{/,file:///tmp/jetty-0.0.0.0-35539-hddsDatanode-_-any-4924633096317156662.dir/webapp/,AVAILABLE}{/hddsDatanode}
2019-06-14 13:46:22,399 INFO  storage.RaftLog (RaftLog.java:lambda$new$0(59)) - 0c156e3c-57cc-425b-90ef-9bcaa62a7535: commitIndex: updateToMax old=7409, new=7409, updated? false
2019-06-14 13:46:22,399 INFO  server.AbstractConnector (AbstractConnector.java:doStart(278)) - Started ServerConnector@28393e82{HTTP/1.1,[http/1.1]}{0.0.0.0:35539}
2019-06-14 13:46:22,399 INFO  server.Server (Server.java:doStart(419)) - Started @69214ms
2019-06-14 13:46:22,399 INFO  server.RaftServerConfigKeys (ConfUtils.java:logGet(43)) - raft.server.snapshot.auto.trigger.enabled = true (custom)
2019-06-14 13:46:22,400 INFO  server.RaftServerConfigKeys (ConfUtils.java:logGet(43)) - raft.server.snapshot.auto.trigger.threshold = 10000 (custom)
2019-06-14 13:46:22,400 INFO  server.RaftServerConfigKeys (ConfUtils.java:logGet(43)) - raft.server.retrycache.expirytime = 600000ms (custom)
2019-06-14 13:46:22,403 INFO  server.BaseHttpServer (BaseHttpServer.java:updateConnectorAddress(207)) - HTTP server of HDDSDATANODE is listening at http://0.0.0.0:35539
2019-06-14 13:46:22,406 INFO  commands.RetriableDatanodeEventWatcher (RetriableDatanodeEventWatcher.java:onTimeout(47)) - RetriableDatanodeCommand type=deleteBlocksCommand with id=1560519979098 timed out. Retrying.
2019-06-14 13:46:22,418 INFO  commands.RetriableDatanodeEventWatcher (RetriableDatanodeEventWatcher.java:onTimeout(47)) - RetriableDatanodeCommand type=deleteBlocksCommand with id=1560519979108 timed out. Retrying.
2019-06-14 13:46:22,454 DEBUG block.SCMBlockDeletingService (SCMBlockDeletingService.java:call(138)) - Running DeletedBlockTransactionScanner
2019-06-14 13:46:22,454 DEBUG block.SCMBlockDeletingService (SCMBlockDeletingService.java:call(155)) - Scanned deleted blocks log and got 3 delTX to process.
2019-06-14 13:46:22,454 DEBUG block.SCMBlockDeletingService (SCMBlockDeletingService.java:call(171)) - Added delete block command for datanode 0c156e3c-57cc-425b-90ef-9bcaa62a7535 in the queue, number of delete block transactions: 3, TxID list: 1,2,3
2019-06-14 13:46:22,455 INFO  block.SCMBlockDeletingService (SCMBlockDeletingService.java:call(182)) - Totally added 3 delete blocks command for 1 datanodes, task elapsed time: 0ms
2019-06-14 13:46:22,495 INFO  commands.RetriableDatanodeEventWatcher (RetriableDatanodeEventWatcher.java:onTimeout(47)) - RetriableDatanodeCommand type=deleteBlocksCommand with id=1560519979089 timed out. Retrying.
2019-06-14 13:46:22,505 INFO  commands.RetriableDatanodeEventWatcher (RetriableDatanodeEventWatcher.java:onTimeout(47)) - RetriableDatanodeCommand type=deleteBlocksCommand with id=1560519979099 timed out. Retrying.
2019-06-14 13:46:22,517 INFO  commands.RetriableDatanodeEventWatcher (RetriableDatanodeEventWatcher.java:onTimeout(47)) - RetriableDatanodeCommand type=deleteBlocksCommand with id=1560519979109 timed out. Retrying.
2019-06-14 13:46:22,559 DEBUG block.SCMBlockDeletingService (SCMBlockDeletingService.java:call(138)) - Running DeletedBlockTransactionScanner
2019-06-14 13:46:22,560 DEBUG block.SCMBlockDeletingService (SCMBlockDeletingService.java:call(155)) - Scanned deleted blocks log and got 3 delTX to process.
2019-06-14 13:46:22,560 DEBUG block.SCMBlockDeletingService (SCMBlockDeletingService.java:call(171)) - Added delete block command for datanode 0c156e3c-57cc-425b-90ef-9bcaa62a7535 in the queue, number of delete block transactions: 3, TxID list: 1,2,3
2019-06-14 13:46:22,560 INFO  block.SCMBlockDeletingService (SCMBlockDeletingService.java:call(182)) - Totally added 3 delete blocks command for 1 datanodes, task elapsed time: 1ms
2019-06-14 13:46:22,593 INFO  ozone.HddsDatanodeService (HddsDatanodeService.java:startPlugins(396)) - Started plug-in org.apache.hadoop.ozone.web.OzoneHddsDatanodeService@21f7e537
2019-06-14 13:46:22,594 INFO  ozone.MiniOzoneClusterImpl (MiniOzoneClusterImpl.java:lambda$waitForClusterToBeReady$0(142)) - Waiting for cluster to be ready. Got 0 of 1 DN Heartbeats.
2019-06-14 13:46:22,595 INFO  commands.RetriableDatanodeEventWatcher (RetriableDatanodeEventWatcher.java:onTimeout(47)) - RetriableDatanodeCommand type=deleteBlocksCommand with id=1560519979090 timed out. Retrying.
2019-06-14 13:46:22,598 INFO  util.JvmPauseMonitor (JvmPauseMonitor.java:run(188)) - Starting JVM pause monitor
2019-06-14 13:46:22,606 INFO  commands.RetriableDatanodeEventWatcher (RetriableDatanodeEventWatcher.java:onTimeout(47)) - RetriableDatanodeCommand type=deleteBlocksCommand with id=1560519979100 timed out. Retrying.
2019-06-14 13:46:22,618 INFO  commands.RetriableDatanodeEventWatcher (RetriableDatanodeEventWatcher.java:onTimeout(47)) - RetriableDatanodeCommand type=deleteBlocksCommand with id=1560519979110 timed out. Retrying.
2019-06-14 13:46:22,662 DEBUG block.SCMBlockDeletingService (SCMBlockDeletingService.java:call(138)) - Running DeletedBlockTransactionScanner
2019-06-14 13:46:22,662 DEBUG block.SCMBlockDeletingService (SCMBlockDeletingService.java:call(155)) - Scanned deleted blocks log and got 3 delTX to process.
2019-06-14 13:46:22,662 DEBUG block.SCMBlockDeletingService (SCMBlockDeletingService.java:call(171)) - Added delete block command for datanode 0c156e3c-57cc-425b-90ef-9bcaa62a7535 in the queue, number of delete block transactions: 3, TxID list: 1,2,3
2019-06-14 13:46:22,663 INFO  block.SCMBlockDeletingService (SCMBlockDeletingService.java:call(182)) - Totally added 3 delete blocks command for 1 datanodes, task elapsed time: 0ms
2019-06-14 13:46:22,696 INFO  commands.RetriableDatanodeEventWatcher (RetriableDatanodeEventWatcher.java:onTimeout(47)) - RetriableDatanodeCommand type=deleteBlocksCommand with id=1560519979091 timed out. Retrying.
2019-06-14 13:46:22,707 INFO  commands.RetriableDatanodeEventWatcher (RetriableDatanodeEventWatcher.java:onTimeout(47)) - RetriableDatanodeCommand type=deleteBlocksCommand with id=1560519979101 timed out. Retrying.
2019-06-14 13:46:22,720 INFO  commands.RetriableDatanodeEventWatcher (RetriableDatanodeEventWatcher.java:onTimeout(47)) - RetriableDatanodeCommand type=deleteBlocksCommand with id=1560519979111 timed out. Retrying.
2019-06-14 13:46:22,763 DEBUG block.SCMBlockDeletingService (SCMBlockDeletingService.java:call(138)) - Running DeletedBlockTransactionScanner
2019-06-14 13:46:22,763 DEBUG block.SCMBlockDeletingService (SCMBlockDeletingService.java:call(155)) - Scanned deleted blocks log and got 3 delTX to process.
2019-06-14 13:46:22,764 DEBUG block.SCMBlockDeletingService (SCMBlockDeletingService.java:call(171)) - Added delete block command for datanode 0c156e3c-57cc-425b-90ef-9bcaa62a7535 in the queue, number of delete block transactions: 3, TxID list: 1,2,3
2019-06-14 13:46:22,764 INFO  block.SCMBlockDeletingService (SCMBlockDeletingService.java:call(182)) - Totally added 3 delete blocks command for 1 datanodes, task elapsed time: 1ms
2019-06-14 13:46:22,797 INFO  commands.RetriableDatanodeEventWatcher (RetriableDatanodeEventWatcher.java:onTimeout(47)) - RetriableDatanodeCommand type=deleteBlocksCommand with id=1560519979092 timed out. Retrying.
2019-06-14 13:46:22,809 INFO  commands.RetriableDatanodeEventWatcher (RetriableDatanodeEventWatcher.java:onTimeout(47)) - RetriableDatanodeCommand type=deleteBlocksCommand with id=1560519979102 timed out. Retrying.
2019-06-14 13:46:22,822 INFO  commands.RetriableDatanodeEventWatcher (RetriableDatanodeEventWatcher.java:onTimeout(47)) - RetriableDatanodeCommand type=deleteBlocksCommand with id=1560519979112 timed out. Retrying.
2019-06-14 13:46:22,864 DEBUG block.SCMBlockDeletingService (SCMBlockDeletingService.java:call(138)) - Running DeletedBlockTransactionScanner
2019-06-14 13:46:22,865 DEBUG block.SCMBlockDeletingService (SCMBlockDeletingService.java:call(155)) - Scanned deleted blocks log and got 3 delTX to process.
2019-06-14 13:46:22,865 DEBUG block.SCMBlockDeletingService (SCMBlockDeletingService.java:call(171)) - Added delete block command for datanode 0c156e3c-57cc-425b-90ef-9bcaa62a7535 in the queue, number of delete block transactions: 3, TxID list: 1,2,3
2019-06-14 13:46:22,865 INFO  block.SCMBlockDeletingService (SCMBlockDeletingService.java:call(182)) - Totally added 3 delete blocks command for 1 datanodes, task elapsed time: 1ms
2019-06-14 13:46:22,898 INFO  commands.RetriableDatanodeEventWatcher (RetriableDatanodeEventWatcher.java:onTimeout(47)) - RetriableDatanodeCommand type=deleteBlocksCommand with id=1560519979093 timed out. Retrying.
2019-06-14 13:46:22,909 INFO  commands.RetriableDatanodeEventWatcher (RetriableDatanodeEventWatcher.java:onTimeout(47)) - RetriableDatanodeCommand type=deleteBlocksCommand with id=1560519979103 timed out. Retrying.
2019-06-14 13:46:22,923 INFO  commands.RetriableDatanodeEventWatcher (RetriableDatanodeEventWatcher.java:onTimeout(47)) - RetriableDatanodeCommand type=deleteBlocksCommand with id=1560519979113 timed out. Retrying.
2019-06-14 13:46:22,965 DEBUG block.SCMBlockDeletingService (SCMBlockDeletingService.java:call(138)) - Running DeletedBlockTransactionScanner
2019-06-14 13:46:22,965 DEBUG block.SCMBlockDeletingService (SCMBlockDeletingService.java:call(155)) - Scanned deleted blocks log and got 3 delTX to process.
2019-06-14 13:46:22,966 DEBUG block.SCMBlockDeletingService (SCMBlockDeletingService.java:call(171)) - Added delete block command for datanode 0c156e3c-57cc-425b-90ef-9bcaa62a7535 in the queue, number of delete block transactions: 3, TxID list: 1,2,3
2019-06-14 13:46:22,966 INFO  block.SCMBlockDeletingService (SCMBlockDeletingService.java:call(182)) - Totally added 3 delete blocks command for 1 datanodes, task elapsed time: 1ms
2019-06-14 13:46:23,001 INFO  commands.RetriableDatanodeEventWatcher (RetriableDatanodeEventWatcher.java:onTimeout(47)) - RetriableDatanodeCommand type=deleteBlocksCommand with id=1560519979094 timed out. Retrying.
2019-06-14 13:46:23,013 INFO  commands.RetriableDatanodeEventWatcher (RetriableDatanodeEventWatcher.java:onTimeout(47)) - RetriableDatanodeCommand type=deleteBlocksCommand with id=1560519979104 timed out. Retrying.
2019-06-14 13:46:23,023 INFO  commands.RetriableDatanodeEventWatcher (RetriableDatanodeEventWatcher.java:onTimeout(47)) - RetriableDatanodeCommand type=deleteBlocksCommand with id=1560519979114 timed out. Retrying.
2019-06-14 13:46:23,066 DEBUG block.SCMBlockDeletingService (SCMBlockDeletingService.java:call(138)) - Running DeletedBlockTransactionScanner
2019-06-14 13:46:23,067 DEBUG block.SCMBlockDeletingService (SCMBlockDeletingService.java:call(155)) - Scanned deleted blocks log and got 3 delTX to process.
2019-06-14 13:46:23,067 DEBUG block.SCMBlockDeletingService (SCMBlockDeletingService.java:call(171)) - Added delete block command for datanode 0c156e3c-57cc-425b-90ef-9bcaa62a7535 in the queue, number of delete block transactions: 3, TxID list: 1,2,3
2019-06-14 13:46:23,067 INFO  block.SCMBlockDeletingService (SCMBlockDeletingService.java:call(182)) - Totally added 3 delete blocks command for 1 datanodes, task elapsed time: 1ms
2019-06-14 13:46:23,087 INFO  commands.RetriableDatanodeEventWatcher (RetriableDatanodeEventWatcher.java:onTimeout(47)) - RetriableDatanodeCommand type=deleteBlocksCommand with id=1560519979085 timed out. Retrying.
2019-06-14 13:46:23,101 INFO  commands.RetriableDatanodeEventWatcher (RetriableDatanodeEventWatcher.java:onTimeout(47)) - RetriableDatanodeCommand type=deleteBlocksCommand with id=1560519979095 timed out. Retrying.
2019-06-14 13:46:23,114 INFO  commands.RetriableDatanodeEventWatcher (RetriableDatanodeEventWatcher.java:onTimeout(47)) - RetriableDatanodeCommand type=deleteBlocksCommand with id=1560519979105 timed out. Retrying.
2019-06-14 13:46:23,131 INFO  commands.RetriableDatanodeEventWatcher (RetriableDatanodeEventWatcher.java:onTimeout(47)) - RetriableDatanodeCommand type=deleteBlocksCommand with id=1560519979115 timed out. Retrying.
2019-06-14 13:46:23,167 DEBUG block.SCMBlockDeletingService (SCMBlockDeletingService.java:call(138)) - Running DeletedBlockTransactionScanner
2019-06-14 13:46:23,168 DEBUG block.SCMBlockDeletingService (SCMBlockDeletingService.java:call(155)) - Scanned deleted blocks log and got 3 delTX to process.
2019-06-14 13:46:23,168 DEBUG block.SCMBlockDeletingService (SCMBlockDeletingService.java:call(171)) - Added delete block command for datanode 0c156e3c-57cc-425b-90ef-9bcaa62a7535 in the queue, number of delete block transactions: 3, TxID list: 1,2,3
2019-06-14 13:46:23,168 INFO  block.SCMBlockDeletingService (SCMBlockDeletingService.java:call(182)) - Totally added 3 delete blocks command for 1 datanodes, task elapsed time: 1ms
2019-06-14 13:46:23,194 INFO  commands.RetriableDatanodeEventWatcher (RetriableDatanodeEventWatcher.java:onTimeout(47)) - RetriableDatanodeCommand type=deleteBlocksCommand with id=1560519979086 timed out. Retrying.
2019-06-14 13:46:23,201 INFO  commands.RetriableDatanodeEventWatcher (RetriableDatanodeEventWatcher.java:onTimeout(47)) - RetriableDatanodeCommand type=deleteBlocksCommand with id=1560519979096 timed out. Retrying.
2019-06-14 13:46:23,218 INFO  commands.RetriableDatanodeEventWatcher (RetriableDatanodeEventWatcher.java:onTimeout(47)) - RetriableDatanodeCommand type=deleteBlocksCommand with id=1560519979106 timed out. Retrying.
2019-06-14 13:46:23,237 INFO  commands.RetriableDatanodeEventWatcher (RetriableDatanodeEventWatcher.java:onTimeout(47)) - RetriableDatanodeCommand type=deleteBlocksCommand with id=1560519979116 timed out. Retrying.
2019-06-14 13:46:23,268 DEBUG block.SCMBlockDeletingService (SCMBlockDeletingService.java:call(138)) - Running DeletedBlockTransactionScanner
2019-06-14 13:46:23,269 DEBUG block.SCMBlockDeletingService (SCMBlockDeletingService.java:call(155)) - Scanned deleted blocks log and got 3 delTX to process.
2019-06-14 13:46:23,269 DEBUG block.SCMBlockDeletingService (SCMBlockDeletingService.java:call(171)) - Added delete block command for datanode 0c156e3c-57cc-425b-90ef-9bcaa62a7535 in the queue, number of delete block transactions: 3, TxID list: 1,2,3
2019-06-14 13:46:23,269 INFO  block.SCMBlockDeletingService (SCMBlockDeletingService.java:call(182)) - Totally added 3 delete blocks command for 1 datanodes, task elapsed time: 1ms
2019-06-14 13:46:23,291 INFO  commands.RetriableDatanodeEventWatcher (RetriableDatanodeEventWatcher.java:onTimeout(47)) - RetriableDatanodeCommand type=deleteBlocksCommand with id=1560519979087 timed out. Retrying.
2019-06-14 13:46:23,304 INFO  commands.RetriableDatanodeEventWatcher (RetriableDatanodeEventWatcher.java:onTimeout(47)) - RetriableDatanodeCommand type=deleteBlocksCommand with id=1560519979097 timed out. Retrying.
2019-06-14 13:46:23,318 INFO  commands.RetriableDatanodeEventWatcher (RetriableDatanodeEventWatcher.java:onTimeout(47)) - RetriableDatanodeCommand type=deleteBlocksCommand with id=1560519979107 timed out. Retrying.
2019-06-14 13:46:23,346 INFO  commands.RetriableDatanodeEventWatcher (RetriableDatanodeEventWatcher.java:onTimeout(47)) - RetriableDatanodeCommand type=deleteBlocksCommand with id=1560519979117 timed out. Retrying.
2019-06-14 13:46:23,369 DEBUG block.SCMBlockDeletingService (SCMBlockDeletingService.java:call(138)) - Running DeletedBlockTransactionScanner
2019-06-14 13:46:23,370 DEBUG block.SCMBlockDeletingService (SCMBlockDeletingService.java:call(155)) - Scanned deleted blocks log and got 3 delTX to process.
2019-06-14 13:46:23,370 DEBUG block.SCMBlockDeletingService (SCMBlockDeletingService.java:call(171)) - Added delete block command for datanode 0c156e3c-57cc-425b-90ef-9bcaa62a7535 in the queue, number of delete block transactions: 3, TxID list: 1,2,3
2019-06-14 13:46:23,370 INFO  block.SCMBlockDeletingService (SCMBlockDeletingService.java:call(182)) - Totally added 3 delete blocks command for 1 datanodes, task elapsed time: 1ms
2019-06-14 13:46:23,394 INFO  commands.RetriableDatanodeEventWatcher (RetriableDatanodeEventWatcher.java:onTimeout(47)) - RetriableDatanodeCommand type=deleteBlocksCommand with id=1560519979088 timed out. Retrying.
2019-06-14 13:46:23,406 INFO  commands.RetriableDatanodeEventWatcher (RetriableDatanodeEventWatcher.java:onTimeout(47)) - RetriableDatanodeCommand type=deleteBlocksCommand with id=1560519979098 timed out. Retrying.
2019-06-14 13:46:23,419 INFO  commands.RetriableDatanodeEventWatcher (RetriableDatanodeEventWatcher.java:onTimeout(47)) - RetriableDatanodeCommand type=deleteBlocksCommand with id=1560519979108 timed out. Retrying.
2019-06-14 13:46:23,454 INFO  commands.RetriableDatanodeEventWatcher (RetriableDatanodeEventWatcher.java:onTimeout(47)) - RetriableDatanodeCommand type=deleteBlocksCommand with id=1560519979118 timed out. Retrying.
2019-06-14 13:46:23,470 DEBUG block.SCMBlockDeletingService (SCMBlockDeletingService.java:call(138)) - Running DeletedBlockTransactionScanner
2019-06-14 13:46:23,471 DEBUG block.SCMBlockDeletingService (SCMBlockDeletingService.java:call(155)) - Scanned deleted blocks log and got 3 delTX to process.
2019-06-14 13:46:23,471 DEBUG block.SCMBlockDeletingService (SCMBlockDeletingService.java:call(171)) - Added delete block command for datanode 0c156e3c-57cc-425b-90ef-9bcaa62a7535 in the queue, number of delete block transactions: 3, TxID list: 1,2,3
2019-06-14 13:46:23,471 INFO  block.SCMBlockDeletingService (SCMBlockDeletingService.java:call(182)) - Totally added 3 delete blocks command for 1 datanodes, task elapsed time: 1ms
2019-06-14 13:46:23,495 INFO  commands.RetriableDatanodeEventWatcher (RetriableDatanodeEventWatcher.java:onTimeout(47)) - RetriableDatanodeCommand type=deleteBlocksCommand with id=1560519979089 timed out. Retrying.
2019-06-14 13:46:23,506 INFO  commands.RetriableDatanodeEventWatcher (RetriableDatanodeEventWatcher.java:onTimeout(47)) - RetriableDatanodeCommand type=deleteBlocksCommand with id=1560519979099 timed out. Retrying.
2019-06-14 13:46:23,518 INFO  commands.RetriableDatanodeEventWatcher (RetriableDatanodeEventWatcher.java:onTimeout(47)) - RetriableDatanodeCommand type=deleteBlocksCommand with id=1560519979109 timed out. Retrying.
2019-06-14 13:46:23,562 INFO  commands.RetriableDatanodeEventWatcher (RetriableDatanodeEventWatcher.java:onTimeout(47)) - RetriableDatanodeCommand type=deleteBlocksCommand with id=1560519979119 timed out. Retrying.
2019-06-14 13:46:23,572 DEBUG block.SCMBlockDeletingService (SCMBlockDeletingService.java:call(138)) - Running DeletedBlockTransactionScanner
2019-06-14 13:46:23,572 DEBUG block.SCMBlockDeletingService (SCMBlockDeletingService.java:call(155)) - Scanned deleted blocks log and got 3 delTX to process.
2019-06-14 13:46:23,572 DEBUG block.SCMBlockDeletingService (SCMBlockDeletingService.java:call(171)) - Added delete block command for datanode 0c156e3c-57cc-425b-90ef-9bcaa62a7535 in the queue, number of delete block transactions: 3, TxID list: 1,2,3
2019-06-14 13:46:23,572 INFO  block.SCMBlockDeletingService (SCMBlockDeletingService.java:call(182)) - Totally added 3 delete blocks command for 1 datanodes, task elapsed time: 1ms
2019-06-14 13:46:23,594 INFO  ozone.MiniOzoneClusterImpl (MiniOzoneClusterImpl.java:lambda$waitForClusterToBeReady$0(142)) - Waiting for cluster to be ready. Got 0 of 1 DN Heartbeats.
2019-06-14 13:46:23,595 INFO  commands.RetriableDatanodeEventWatcher (RetriableDatanodeEventWatcher.java:onTimeout(47)) - RetriableDatanodeCommand type=deleteBlocksCommand with id=1560519979090 timed out. Retrying.
2019-06-14 13:46:23,608 INFO  commands.RetriableDatanodeEventWatcher (RetriableDatanodeEventWatcher.java:onTimeout(47)) - RetriableDatanodeCommand type=deleteBlocksCommand with id=1560519979100 timed out. Retrying.
2019-06-14 13:46:23,619 INFO  commands.RetriableDatanodeEventWatcher (RetriableDatanodeEventWatcher.java:onTimeout(47)) - RetriableDatanodeCommand type=deleteBlocksCommand with id=1560519979110 timed out. Retrying.
2019-06-14 13:46:23,662 INFO  commands.RetriableDatanodeEventWatcher (RetriableDatanodeEventWatcher.java:onTimeout(47)) - RetriableDatanodeCommand type=deleteBlocksCommand with id=1560519979120 timed out. Retrying.
2019-06-14 13:46:23,672 DEBUG block.SCMBlockDeletingService (SCMBlockDeletingService.java:call(138)) - Running DeletedBlockTransactionScanner
2019-06-14 13:46:23,673 DEBUG block.SCMBlockDeletingService (SCMBlockDeletingService.java:call(155)) - Scanned deleted blocks log and got 3 delTX to process.
2019-06-14 13:46:23,673 DEBUG block.SCMBlockDeletingService (SCMBlockDeletingService.java:call(171)) - Added delete block command for datanode 0c156e3c-57cc-425b-90ef-9bcaa62a7535 in the queue, number of delete block transactions: 3, TxID list: 1,2,3
2019-06-14 13:46:23,673 INFO  block.SCMBlockDeletingService (SCMBlockDeletingService.java:call(182)) - Totally added 3 delete blocks command for 1 datanodes, task elapsed time: 1ms
2019-06-14 13:46:23,697 INFO  commands.RetriableDatanodeEventWatcher (RetriableDatanodeEventWatcher.java:onTimeout(47)) - RetriableDatanodeCommand type=deleteBlocksCommand with id=1560519979091 timed out. Retrying.
2019-06-14 13:46:23,707 INFO  commands.RetriableDatanodeEventWatcher (RetriableDatanodeEventWatcher.java:onTimeout(47)) - RetriableDatanodeCommand type=deleteBlocksCommand with id=1560519979101 timed out. Retrying.
2019-06-14 13:46:23,721 INFO  commands.RetriableDatanodeEventWatcher (RetriableDatanodeEventWatcher.java:onTimeout(47)) - RetriableDatanodeCommand type=deleteBlocksCommand with id=1560519979111 timed out. Retrying.
2019-06-14 13:46:23,765 INFO  commands.RetriableDatanodeEventWatcher (RetriableDatanodeEventWatcher.java:onTimeout(47)) - RetriableDatanodeCommand type=deleteBlocksCommand with id=1560519979121 timed out. Retrying.
2019-06-14 13:46:23,773 DEBUG block.SCMBlockDeletingService (SCMBlockDeletingService.java:call(138)) - Running DeletedBlockTransactionScanner
2019-06-14 13:46:23,773 DEBUG block.SCMBlockDeletingService (SCMBlockDeletingService.java:call(155)) - Scanned deleted blocks log and got 3 delTX to process.
2019-06-14 13:46:23,773 DEBUG block.SCMBlockDeletingService (SCMBlockDeletingService.java:call(171)) - Added delete block command for datanode 0c156e3c-57cc-425b-90ef-9bcaa62a7535 in the queue, number of delete block transactions: 3, TxID list: 1,2,3
2019-06-14 13:46:23,774 INFO  block.SCMBlockDeletingService (SCMBlockDeletingService.java:call(182)) - Totally added 3 delete blocks command for 1 datanodes, task elapsed time: 0ms
2019-06-14 13:46:23,798 INFO  commands.RetriableDatanodeEventWatcher (RetriableDatanodeEventWatcher.java:onTimeout(47)) - RetriableDatanodeCommand type=deleteBlocksCommand with id=1560519979092 timed out. Retrying.
2019-06-14 13:46:23,809 INFO  commands.RetriableDatanodeEventWatcher (RetriableDatanodeEventWatcher.java:onTimeout(47)) - RetriableDatanodeCommand type=deleteBlocksCommand with id=1560519979102 timed out. Retrying.
2019-06-14 13:46:23,822 INFO  commands.RetriableDatanodeEventWatcher (RetriableDatanodeEventWatcher.java:onTimeout(47)) - RetriableDatanodeCommand type=deleteBlocksCommand with id=1560519979112 timed out. Retrying.
2019-06-14 13:46:23,864 INFO  commands.RetriableDatanodeEventWatcher (RetriableDatanodeEventWatcher.java:onTimeout(47)) - RetriableDatanodeCommand type=deleteBlocksCommand with id=1560519979122 timed out. Retrying.
2019-06-14 13:46:23,874 DEBUG block.SCMBlockDeletingService (SCMBlockDeletingService.java:call(138)) - Running DeletedBlockTransactionScanner
2019-06-14 13:46:23,874 DEBUG block.SCMBlockDeletingService (SCMBlockDeletingService.java:call(155)) - Scanned deleted blocks log and got 3 delTX to process.
2019-06-14 13:46:23,874 DEBUG block.SCMBlockDeletingService (SCMBlockDeletingService.java:call(171)) - Added delete block command for datanode 0c156e3c-57cc-425b-90ef-9bcaa62a7535 in the queue, number of delete block transactions: 3, TxID list: 1,2,3
2019-06-14 13:46:23,874 INFO  block.SCMBlockDeletingService (SCMBlockDeletingService.java:call(182)) - Totally added 3 delete blocks command for 1 datanodes, task elapsed time: 0ms
2019-06-14 13:46:23,898 INFO  commands.RetriableDatanodeEventWatcher (RetriableDatanodeEventWatcher.java:onTimeout(47)) - RetriableDatanodeCommand type=deleteBlocksCommand with id=1560519979093 timed out. Retrying.
2019-06-14 13:46:23,910 INFO  commands.RetriableDatanodeEventWatcher (RetriableDatanodeEventWatcher.java:onTimeout(47)) - RetriableDatanodeCommand type=deleteBlocksCommand with id=1560519979103 timed out. Retrying.
2019-06-14 13:46:23,923 INFO  commands.RetriableDatanodeEventWatcher (RetriableDatanodeEventWatcher.java:onTimeout(47)) - RetriableDatanodeCommand type=deleteBlocksCommand with id=1560519979113 timed out. Retrying.
2019-06-14 13:46:23,965 INFO  commands.RetriableDatanodeEventWatcher (RetriableDatanodeEventWatcher.java:onTimeout(47)) - RetriableDatanodeCommand type=deleteBlocksCommand with id=1560519979123 timed out. Retrying.
2019-06-14 13:46:23,975 DEBUG block.SCMBlockDeletingService (SCMBlockDeletingService.java:call(138)) - Running DeletedBlockTransactionScanner
2019-06-14 13:46:23,975 DEBUG block.SCMBlockDeletingService (SCMBlockDeletingService.java:call(155)) - Scanned deleted blocks log and got 3 delTX to process.
2019-06-14 13:46:23,975 DEBUG block.SCMBlockDeletingService (SCMBlockDeletingService.java:call(171)) - Added delete block command for datanode 0c156e3c-57cc-425b-90ef-9bcaa62a7535 in the queue, number of delete block transactions: 3, TxID list: 1,2,3
2019-06-14 13:46:23,975 INFO  block.SCMBlockDeletingService (SCMBlockDeletingService.java:call(182)) - Totally added 3 delete blocks command for 1 datanodes, task elapsed time: 1ms
2019-06-14 13:46:24,001 INFO  commands.RetriableDatanodeEventWatcher (RetriableDatanodeEventWatcher.java:onTimeout(47)) - RetriableDatanodeCommand type=deleteBlocksCommand with id=1560519979094 timed out. Retrying.
2019-06-14 13:46:24,013 INFO  commands.RetriableDatanodeEventWatcher (RetriableDatanodeEventWatcher.java:onTimeout(47)) - RetriableDatanodeCommand type=deleteBlocksCommand with id=1560519979104 timed out. Retrying.
2019-06-14 13:46:24,024 INFO  commands.RetriableDatanodeEventWatcher (RetriableDatanodeEventWatcher.java:onTimeout(47)) - RetriableDatanodeCommand type=deleteBlocksCommand with id=1560519979114 timed out. Retrying.
2019-06-14 13:46:24,068 INFO  commands.RetriableDatanodeEventWatcher (RetriableDatanodeEventWatcher.java:onTimeout(47)) - RetriableDatanodeCommand type=deleteBlocksCommand with id=1560519979124 timed out. Retrying.
2019-06-14 13:46:24,075 DEBUG block.SCMBlockDeletingService (SCMBlockDeletingService.java:call(138)) - Running DeletedBlockTransactionScanner
2019-06-14 13:46:24,076 DEBUG block.SCMBlockDeletingService (SCMBlockDeletingService.java:call(155)) - Scanned deleted blocks log and got 3 delTX to process.
2019-06-14 13:46:24,076 DEBUG block.SCMBlockDeletingService (SCMBlockDeletingService.java:call(171)) - Added delete block command for datanode 0c156e3c-57cc-425b-90ef-9bcaa62a7535 in the queue, number of delete block transactions: 3, TxID list: 1,2,3
2019-06-14 13:46:24,076 INFO  block.SCMBlockDeletingService (SCMBlockDeletingService.java:call(182)) - Totally added 3 delete blocks command for 1 datanodes, task elapsed time: 1ms
2019-06-14 13:46:24,088 INFO  commands.RetriableDatanodeEventWatcher (RetriableDatanodeEventWatcher.java:onTimeout(47)) - RetriableDatanodeCommand type=deleteBlocksCommand with id=1560519979085 timed out. Retrying.
2019-06-14 13:46:24,101 INFO  commands.RetriableDatanodeEventWatcher (RetriableDatanodeEventWatcher.java:onTimeout(47)) - RetriableDatanodeCommand type=deleteBlocksCommand with id=1560519979095 timed out. Retrying.
2019-06-14 13:46:24,114 INFO  commands.RetriableDatanodeEventWatcher (RetriableDatanodeEventWatcher.java:onTimeout(47)) - RetriableDatanodeCommand type=deleteBlocksCommand with id=1560519979105 timed out. Retrying.
2019-06-14 13:46:24,132 INFO  commands.RetriableDatanodeEventWatcher (RetriableDatanodeEventWatcher.java:onTimeout(47)) - RetriableDatanodeCommand type=deleteBlocksCommand with id=1560519979115 timed out. Retrying.
2019-06-14 13:46:24,168 INFO  commands.RetriableDatanodeEventWatcher (RetriableDatanodeEventWatcher.java:onTimeout(47)) - RetriableDatanodeCommand type=deleteBlocksCommand with id=1560519979125 timed out. Retrying.
2019-06-14 13:46:24,176 DEBUG block.SCMBlockDeletingService (SCMBlockDeletingService.java:call(138)) - Running DeletedBlockTransactionScanner
2019-06-14 13:46:24,176 DEBUG block.SCMBlockDeletingService (SCMBlockDeletingService.java:call(155)) - Scanned deleted blocks log and got 3 delTX to process.
2019-06-14 13:46:24,177 DEBUG block.SCMBlockDeletingService (SCMBlockDeletingService.java:call(171)) - Added delete block command for datanode 0c156e3c-57cc-425b-90ef-9bcaa62a7535 in the queue, number of delete block transactions: 3, TxID list: 1,2,3
2019-06-14 13:46:24,177 INFO  block.SCMBlockDeletingService (SCMBlockDeletingService.java:call(182)) - Totally added 3 delete blocks command for 1 datanodes, task elapsed time: 0ms
2019-06-14 13:46:24,195 INFO  commands.RetriableDatanodeEventWatcher (RetriableDatanodeEventWatcher.java:onTimeout(47)) - RetriableDatanodeCommand type=deleteBlocksCommand with id=1560519979086 timed out. Retrying.
2019-06-14 13:46:24,201 INFO  commands.RetriableDatanodeEventWatcher (RetriableDatanodeEventWatcher.java:onTimeout(47)) - RetriableDatanodeCommand type=deleteBlocksCommand with id=1560519979096 timed out. Retrying.
2019-06-14 13:46:24,218 INFO  commands.RetriableDatanodeEventWatcher (RetriableDatanodeEventWatcher.java:onTimeout(47)) - RetriableDatanodeCommand type=deleteBlocksCommand with id=1560519979106 timed out. Retrying.
2019-06-14 13:46:24,238 INFO  commands.RetriableDatanodeEventWatcher (RetriableDatanodeEventWatcher.java:onTimeout(47)) - RetriableDatanodeCommand type=deleteBlocksCommand with id=1560519979116 timed out. Retrying.
2019-06-14 13:46:24,270 INFO  commands.RetriableDatanodeEventWatcher (RetriableDatanodeEventWatcher.java:onTimeout(47)) - RetriableDatanodeCommand type=deleteBlocksCommand with id=1560519979126 timed out. Retrying.
2019-06-14 13:46:24,277 DEBUG block.SCMBlockDeletingService (SCMBlockDeletingService.java:call(138)) - Running DeletedBlockTransactionScanner
2019-06-14 13:46:24,277 DEBUG block.SCMBlockDeletingService (SCMBlockDeletingService.java:call(155)) - Scanned deleted blocks log and got 3 delTX to process.
2019-06-14 13:46:24,277 DEBUG block.SCMBlockDeletingService (SCMBlockDeletingService.java:call(171)) - Added delete block command for datanode 0c156e3c-57cc-425b-90ef-9bcaa62a7535 in the queue, number of delete block transactions: 3, TxID list: 1,2,3
2019-06-14 13:46:24,278 INFO  block.SCMBlockDeletingService (SCMBlockDeletingService.java:call(182)) - Totally added 3 delete blocks command for 1 datanodes, task elapsed time: 0ms
2019-06-14 13:46:24,292 INFO  commands.RetriableDatanodeEventWatcher (RetriableDatanodeEventWatcher.java:onTimeout(47)) - RetriableDatanodeCommand type=deleteBlocksCommand with id=1560519979087 timed out. Retrying.
2019-06-14 13:46:24,305 INFO  commands.RetriableDatanodeEventWatcher (RetriableDatanodeEventWatcher.java:onTimeout(47)) - RetriableDatanodeCommand type=deleteBlocksCommand with id=1560519979097 timed out. Retrying.
2019-06-14 13:46:24,317 INFO  commands.RetriableDatanodeEventWatcher (RetriableDatanodeEventWatcher.java:onTimeout(47)) - RetriableDatanodeCommand type=deleteBlocksCommand with id=1560519979107 timed out. Retrying.
2019-06-14 13:46:24,346 INFO  commands.RetriableDatanodeEventWatcher (RetriableDatanodeEventWatcher.java:onTimeout(47)) - RetriableDatanodeCommand type=deleteBlocksCommand with id=1560519979117 timed out. Retrying.
2019-06-14 13:46:24,370 INFO  commands.RetriableDatanodeEventWatcher (RetriableDatanodeEventWatcher.java:onTimeout(47)) - RetriableDatanodeCommand type=deleteBlocksCommand with id=1560519979127 timed out. Retrying.
2019-06-14 13:46:24,378 DEBUG block.SCMBlockDeletingService (SCMBlockDeletingService.java:call(138)) - Running DeletedBlockTransactionScanner
2019-06-14 13:46:24,378 DEBUG block.SCMBlockDeletingService (SCMBlockDeletingService.java:call(155)) - Scanned deleted blocks log and got 3 delTX to process.
2019-06-14 13:46:24,378 DEBUG block.SCMBlockDeletingService (SCMBlockDeletingService.java:call(171)) - Added delete block command for datanode 0c156e3c-57cc-425b-90ef-9bcaa62a7535 in the queue, number of delete block transactions: 3, TxID list: 1,2,3
2019-06-14 13:46:24,378 INFO  block.SCMBlockDeletingService (SCMBlockDeletingService.java:call(182)) - Totally added 3 delete blocks command for 1 datanodes, task elapsed time: 1ms
2019-06-14 13:46:24,394 INFO  commands.RetriableDatanodeEventWatcher (RetriableDatanodeEventWatcher.java:onTimeout(47)) - RetriableDatanodeCommand type=deleteBlocksCommand with id=1560519979088 timed out. Retrying.
2019-06-14 13:46:24,407 INFO  commands.RetriableDatanodeEventWatcher (RetriableDatanodeEventWatcher.java:onTimeout(47)) - RetriableDatanodeCommand type=deleteBlocksCommand with id=1560519979098 timed out. Retrying.
2019-06-14 13:46:24,419 INFO  commands.RetriableDatanodeEventWatcher (RetriableDatanodeEventWatcher.java:onTimeout(47)) - RetriableDatanodeCommand type=deleteBlocksCommand with id=1560519979108 timed out. Retrying.
2019-06-14 13:46:24,454 INFO  commands.RetriableDatanodeEventWatcher (RetriableDatanodeEventWatcher.java:onTimeout(47)) - RetriableDatanodeCommand type=deleteBlocksCommand with id=1560519979118 timed out. Retrying.
2019-06-14 13:46:24,471 INFO  commands.RetriableDatanodeEventWatcher (RetriableDatanodeEventWatcher.java:onTimeout(47)) - RetriableDatanodeCommand type=deleteBlocksCommand with id=1560519979128 timed out. Retrying.
2019-06-14 13:46:24,479 DEBUG block.SCMBlockDeletingService (SCMBlockDeletingService.java:call(138)) - Running DeletedBlockTransactionScanner
2019-06-14 13:46:24,479 DEBUG block.SCMBlockDeletingService (SCMBlockDeletingService.java:call(155)) - Scanned deleted blocks log and got 3 delTX to process.
2019-06-14 13:46:24,479 DEBUG block.SCMBlockDeletingService (SCMBlockDeletingService.java:call(171)) - Added delete block command for datanode 0c156e3c-57cc-425b-90ef-9bcaa62a7535 in the queue, number of delete block transactions: 3, TxID list: 1,2,3
2019-06-14 13:46:24,479 INFO  block.SCMBlockDeletingService (SCMBlockDeletingService.java:call(182)) - Totally added 3 delete blocks command for 1 datanodes, task elapsed time: 1ms
2019-06-14 13:46:24,495 INFO  commands.RetriableDatanodeEventWatcher (RetriableDatanodeEventWatcher.java:onTimeout(47)) - RetriableDatanodeCommand type=deleteBlocksCommand with id=1560519979089 timed out. Retrying.
2019-06-14 13:46:24,505 INFO  commands.RetriableDatanodeEventWatcher (RetriableDatanodeEventWatcher.java:onTimeout(47)) - RetriableDatanodeCommand type=deleteBlocksCommand with id=1560519979099 timed out. Retrying.
2019-06-14 13:46:24,519 INFO  commands.RetriableDatanodeEventWatcher (RetriableDatanodeEventWatcher.java:onTimeout(47)) - RetriableDatanodeCommand type=deleteBlocksCommand with id=1560519979109 timed out. Retrying.
2019-06-14 13:46:24,562 INFO  commands.RetriableDatanodeEventWatcher (RetriableDatanodeEventWatcher.java:onTimeout(47)) - RetriableDatanodeCommand type=deleteBlocksCommand with id=1560519979119 timed out. Retrying.
2019-06-14 13:46:24,572 INFO  commands.RetriableDatanodeEventWatcher (RetriableDatanodeEventWatcher.java:onTimeout(47)) - RetriableDatanodeCommand type=deleteBlocksCommand with id=1560519979129 timed out. Retrying.
2019-06-14 13:46:24,579 DEBUG block.SCMBlockDeletingService (SCMBlockDeletingService.java:call(138)) - Running DeletedBlockTransactionScanner
2019-06-14 13:46:24,580 DEBUG block.SCMBlockDeletingService (SCMBlockDeletingService.java:call(155)) - Scanned deleted blocks log and got 3 delTX to process.
2019-06-14 13:46:24,580 DEBUG block.SCMBlockDeletingService (SCMBlockDeletingService.java:call(171)) - Added delete block command for datanode 0c156e3c-57cc-425b-90ef-9bcaa62a7535 in the queue, number of delete block transactions: 3, TxID list: 1,2,3
2019-06-14 13:46:24,580 INFO  block.SCMBlockDeletingService (SCMBlockDeletingService.java:call(182)) - Totally added 3 delete blocks command for 1 datanodes, task elapsed time: 1ms
2019-06-14 13:46:24,594 INFO  ozone.MiniOzoneClusterImpl (MiniOzoneClusterImpl.java:lambda$waitForClusterToBeReady$0(142)) - Waiting for cluster to be ready. Got 0 of 1 DN Heartbeats.
2019-06-14 13:46:24,595 INFO  commands.RetriableDatanodeEventWatcher (RetriableDatanodeEventWatcher.java:onTimeout(47)) - RetriableDatanodeCommand type=deleteBlocksCommand with id=1560519979090 timed out. Retrying.
2019-06-14 13:46:24,600 INFO  ozoneimpl.OzoneContainer (OzoneContainer.java:start(186)) - Attempting to start container services.
2019-06-14 13:46:24,600 INFO  ozoneimpl.OzoneContainer (OzoneContainer.java:startContainerScrub(160)) - Background container scrubber has been disabled by hdds.containerscrub.enabled
2019-06-14 13:46:24,601 INFO  ratis.XceiverServerRatis (XceiverServerRatis.java:start(418)) - Starting XceiverServerRatis 0c156e3c-57cc-425b-90ef-9bcaa62a7535 at port 36517
2019-06-14 13:46:24,604 INFO  impl.RaftServerImpl (RaftServerImpl.java:start(173)) - 0c156e3c-57cc-425b-90ef-9bcaa62a7535: start group-7704A457760D
2019-06-14 13:46:24,605 INFO  impl.RaftServerImpl (RaftServerImpl.java:setRole(164)) - 0c156e3c-57cc-425b-90ef-9bcaa62a7535:group-7704A457760D changes role from null to FOLLOWER at term 1 for startAsFollower
2019-06-14 13:46:24,605 INFO  impl.RoleInfo (RoleInfo.java:updateAndGet(143)) - 0c156e3c-57cc-425b-90ef-9bcaa62a7535: start FollowerState
2019-06-14 13:46:24,605 INFO  util.JmxRegister (JmxRegister.java:tryRegister(44)) - Successfully registered JMX Bean with object name Ratis:service=RaftServer,group=group-7704A457760D,id=0c156e3c-57cc-425b-90ef-9bcaa62a7535
2019-06-14 13:46:24,606 INFO  impl.RaftServerProxy (RaftServerProxy.java:lambda$start$3(299)) - 0c156e3c-57cc-425b-90ef-9bcaa62a7535: start RPC server
2019-06-14 13:46:24,608 INFO  server.GrpcService (GrpcService.java:startImpl(148)) - 0c156e3c-57cc-425b-90ef-9bcaa62a7535: GrpcService started, listening on 0.0.0.0/0.0.0.0:36517
2019-06-14 13:46:24,608 INFO  commands.RetriableDatanodeEventWatcher (RetriableDatanodeEventWatcher.java:onTimeout(47)) - RetriableDatanodeCommand type=deleteBlocksCommand with id=1560519979100 timed out. Retrying.
2019-06-14 13:46:24,619 INFO  commands.RetriableDatanodeEventWatcher (RetriableDatanodeEventWatcher.java:onTimeout(47)) - RetriableDatanodeCommand type=deleteBlocksCommand with id=1560519979110 timed out. Retrying.
2019-06-14 13:46:24,662 INFO  commands.RetriableDatanodeEventWatcher (RetriableDatanodeEventWatcher.java:onTimeout(47)) - RetriableDatanodeCommand type=deleteBlocksCommand with id=1560519979120 timed out. Retrying.
2019-06-14 13:46:24,673 INFO  commands.RetriableDatanodeEventWatcher (RetriableDatanodeEventWatcher.java:onTimeout(47)) - RetriableDatanodeCommand type=deleteBlocksCommand with id=1560519979130 timed out. Retrying.
2019-06-14 13:46:24,681 DEBUG block.SCMBlockDeletingService (SCMBlockDeletingService.java:call(138)) - Running DeletedBlockTransactionScanner
2019-06-14 13:46:24,681 DEBUG block.SCMBlockDeletingService (SCMBlockDeletingService.java:call(155)) - Scanned deleted blocks log and got 3 delTX to process.
2019-06-14 13:46:24,681 DEBUG block.SCMBlockDeletingService (SCMBlockDeletingService.java:call(171)) - Added delete block command for datanode 0c156e3c-57cc-425b-90ef-9bcaa62a7535 in the queue, number of delete block transactions: 3, TxID list: 1,2,3
2019-06-14 13:46:24,681 INFO  block.SCMBlockDeletingService (SCMBlockDeletingService.java:call(182)) - Totally added 3 delete blocks command for 1 datanodes, task elapsed time: 1ms
2019-06-14 13:46:24,697 INFO  commands.RetriableDatanodeEventWatcher (RetriableDatanodeEventWatcher.java:onTimeout(47)) - RetriableDatanodeCommand type=deleteBlocksCommand with id=1560519979091 timed out. Retrying.
2019-06-14 13:46:24,708 INFO  commands.RetriableDatanodeEventWatcher (RetriableDatanodeEventWatcher.java:onTimeout(47)) - RetriableDatanodeCommand type=deleteBlocksCommand with id=1560519979101 timed out. Retrying.
2019-06-14 13:46:24,721 INFO  commands.RetriableDatanodeEventWatcher (RetriableDatanodeEventWatcher.java:onTimeout(47)) - RetriableDatanodeCommand type=deleteBlocksCommand with id=1560519979111 timed out. Retrying.
2019-06-14 13:46:24,765 INFO  commands.RetriableDatanodeEventWatcher (RetriableDatanodeEventWatcher.java:onTimeout(47)) - RetriableDatanodeCommand type=deleteBlocksCommand with id=1560519979121 timed out. Retrying.
2019-06-14 13:46:24,773 INFO  commands.RetriableDatanodeEventWatcher (RetriableDatanodeEventWatcher.java:onTimeout(47)) - RetriableDatanodeCommand type=deleteBlocksCommand with id=1560519979131 timed out. Retrying.
2019-06-14 13:46:24,782 DEBUG block.SCMBlockDeletingService (SCMBlockDeletingService.java:call(138)) - Running DeletedBlockTransactionScanner
2019-06-14 13:46:24,782 DEBUG block.SCMBlockDeletingService (SCMBlockDeletingService.java:call(155)) - Scanned deleted blocks log and got 3 delTX to process.
2019-06-14 13:46:24,782 DEBUG block.SCMBlockDeletingService (SCMBlockDeletingService.java:call(171)) - Added delete block command for datanode 0c156e3c-57cc-425b-90ef-9bcaa62a7535 in the queue, number of delete block transactions: 3, TxID list: 1,2,3
2019-06-14 13:46:24,782 INFO  block.SCMBlockDeletingService (SCMBlockDeletingService.java:call(182)) - Totally added 3 delete blocks command for 1 datanodes, task elapsed time: 1ms
2019-06-14 13:46:24,797 INFO  commands.RetriableDatanodeEventWatcher (RetriableDatanodeEventWatcher.java:onTimeout(47)) - RetriableDatanodeCommand type=deleteBlocksCommand with id=1560519979092 timed out. Retrying.
2019-06-14 13:46:24,809 INFO  commands.RetriableDatanodeEventWatcher (RetriableDatanodeEventWatcher.java:onTimeout(47)) - RetriableDatanodeCommand type=deleteBlocksCommand with id=1560519979102 timed out. Retrying.
2019-06-14 13:46:24,823 INFO  commands.RetriableDatanodeEventWatcher (RetriableDatanodeEventWatcher.java:onTimeout(47)) - RetriableDatanodeCommand type=deleteBlocksCommand with id=1560519979112 timed out. Retrying.
2019-06-14 13:46:24,865 INFO  commands.RetriableDatanodeEventWatcher (RetriableDatanodeEventWatcher.java:onTimeout(47)) - RetriableDatanodeCommand type=deleteBlocksCommand with id=1560519979122 timed out. Retrying.
2019-06-14 13:46:24,874 INFO  commands.RetriableDatanodeEventWatcher (RetriableDatanodeEventWatcher.java:onTimeout(47)) - RetriableDatanodeCommand type=deleteBlocksCommand with id=1560519979132 timed out. Retrying.
2019-06-14 13:46:24,882 DEBUG block.SCMBlockDeletingService (SCMBlockDeletingService.java:call(138)) - Running DeletedBlockTransactionScanner
2019-06-14 13:46:24,883 DEBUG block.SCMBlockDeletingService (SCMBlockDeletingService.java:call(155)) - Scanned deleted blocks log and got 3 delTX to process.
2019-06-14 13:46:24,883 DEBUG block.SCMBlockDeletingService (SCMBlockDeletingService.java:call(171)) - Added delete block command for datanode 0c156e3c-57cc-425b-90ef-9bcaa62a7535 in the queue, number of delete block transactions: 3, TxID list: 1,2,3
2019-06-14 13:46:24,883 INFO  block.SCMBlockDeletingService (SCMBlockDeletingService.java:call(182)) - Totally added 3 delete blocks command for 1 datanodes, task elapsed time: 1ms
2019-06-14 13:46:24,899 INFO  commands.RetriableDatanodeEventWatcher (RetriableDatanodeEventWatcher.java:onTimeout(47)) - RetriableDatanodeCommand type=deleteBlocksCommand with id=1560519979093 timed out. Retrying.
2019-06-14 13:46:24,909 INFO  commands.RetriableDatanodeEventWatcher (RetriableDatanodeEventWatcher.java:onTimeout(47)) - RetriableDatanodeCommand type=deleteBlocksCommand with id=1560519979103 timed out. Retrying.
2019-06-14 13:46:24,923 INFO  commands.RetriableDatanodeEventWatcher (RetriableDatanodeEventWatcher.java:onTimeout(47)) - RetriableDatanodeCommand type=deleteBlocksCommand with id=1560519979113 timed out. Retrying.
2019-06-14 13:46:24,966 INFO  commands.RetriableDatanodeEventWatcher (RetriableDatanodeEventWatcher.java:onTimeout(47)) - RetriableDatanodeCommand type=deleteBlocksCommand with id=1560519979123 timed out. Retrying.
2019-06-14 13:46:24,975 INFO  commands.RetriableDatanodeEventWatcher (RetriableDatanodeEventWatcher.java:onTimeout(47)) - RetriableDatanodeCommand type=deleteBlocksCommand with id=1560519979133 timed out. Retrying.
2019-06-14 13:46:24,983 DEBUG block.SCMBlockDeletingService (SCMBlockDeletingService.java:call(138)) - Running DeletedBlockTransactionScanner
2019-06-14 13:46:24,983 DEBUG block.SCMBlockDeletingService (SCMBlockDeletingService.java:call(155)) - Scanned deleted blocks log and got 3 delTX to process.
2019-06-14 13:46:24,984 DEBUG block.SCMBlockDeletingService (SCMBlockDeletingService.java:call(171)) - Added delete block command for datanode 0c156e3c-57cc-425b-90ef-9bcaa62a7535 in the queue, number of delete block transactions: 3, TxID list: 1,2,3
2019-06-14 13:46:24,984 INFO  block.SCMBlockDeletingService (SCMBlockDeletingService.java:call(182)) - Totally added 3 delete blocks command for 1 datanodes, task elapsed time: 0ms
2019-06-14 13:46:25,001 INFO  commands.RetriableDatanodeEventWatcher (RetriableDatanodeEventWatcher.java:onTimeout(47)) - RetriableDatanodeCommand type=deleteBlocksCommand with id=1560519979094 timed out. Retrying.
2019-06-14 13:46:25,013 INFO  commands.RetriableDatanodeEventWatcher (RetriableDatanodeEventWatcher.java:onTimeout(47)) - RetriableDatanodeCommand type=deleteBlocksCommand with id=1560519979104 timed out. Retrying.
2019-06-14 13:46:25,024 INFO  commands.RetriableDatanodeEventWatcher (RetriableDatanodeEventWatcher.java:onTimeout(47)) - RetriableDatanodeCommand type=deleteBlocksCommand with id=1560519979114 timed out. Retrying.
2019-06-14 13:46:25,069 INFO  commands.RetriableDatanodeEventWatcher (RetriableDatanodeEventWatcher.java:onTimeout(47)) - RetriableDatanodeCommand type=deleteBlocksCommand with id=1560519979124 timed out. Retrying.
2019-06-14 13:46:25,076 INFO  commands.RetriableDatanodeEventWatcher (RetriableDatanodeEventWatcher.java:onTimeout(47)) - RetriableDatanodeCommand type=deleteBlocksCommand with id=1560519979134 timed out. Retrying.
2019-06-14 13:46:25,084 DEBUG block.SCMBlockDeletingService (SCMBlockDeletingService.java:call(138)) - Running DeletedBlockTransactionScanner
2019-06-14 13:46:25,084 DEBUG block.SCMBlockDeletingService (SCMBlockDeletingService.java:call(155)) - Scanned deleted blocks log and got 3 delTX to process.
2019-06-14 13:46:25,084 DEBUG block.SCMBlockDeletingService (SCMBlockDeletingService.java:call(171)) - Added delete block command for datanode 0c156e3c-57cc-425b-90ef-9bcaa62a7535 in the queue, number of delete block transactions: 3, TxID list: 1,2,3
2019-06-14 13:46:25,085 INFO  block.SCMBlockDeletingService (SCMBlockDeletingService.java:call(182)) - Totally added 3 delete blocks command for 1 datanodes, task elapsed time: 0ms
2019-06-14 13:46:25,088 INFO  commands.RetriableDatanodeEventWatcher (RetriableDatanodeEventWatcher.java:onTimeout(47)) - RetriableDatanodeCommand type=deleteBlocksCommand with id=1560519979085 timed out. Retrying.
2019-06-14 13:46:25,102 INFO  commands.RetriableDatanodeEventWatcher (RetriableDatanodeEventWatcher.java:onTimeout(47)) - RetriableDatanodeCommand type=deleteBlocksCommand with id=1560519979095 timed out. Retrying.
2019-06-14 13:46:25,114 INFO  commands.RetriableDatanodeEventWatcher (RetriableDatanodeEventWatcher.java:onTimeout(47)) - RetriableDatanodeCommand type=deleteBlocksCommand with id=1560519979105 timed out. Retrying.
2019-06-14 13:46:25,131 INFO  commands.RetriableDatanodeEventWatcher (RetriableDatanodeEventWatcher.java:onTimeout(47)) - RetriableDatanodeCommand type=deleteBlocksCommand with id=1560519979115 timed out. Retrying.
2019-06-14 13:46:25,169 INFO  commands.RetriableDatanodeEventWatcher (RetriableDatanodeEventWatcher.java:onTimeout(47)) - RetriableDatanodeCommand type=deleteBlocksCommand with id=1560519979125 timed out. Retrying.
2019-06-14 13:46:25,177 INFO  commands.RetriableDatanodeEventWatcher (RetriableDatanodeEventWatcher.java:onTimeout(47)) - RetriableDatanodeCommand type=deleteBlocksCommand with id=1560519979135 timed out. Retrying.
2019-06-14 13:46:25,185 DEBUG block.SCMBlockDeletingService (SCMBlockDeletingService.java:call(138)) - Running DeletedBlockTransactionScanner
2019-06-14 13:46:25,185 DEBUG block.SCMBlockDeletingService (SCMBlockDeletingService.java:call(155)) - Scanned deleted blocks log and got 3 delTX to process.
2019-06-14 13:46:25,185 DEBUG block.SCMBlockDeletingService (SCMBlockDeletingService.java:call(171)) - Added delete block command for datanode 0c156e3c-57cc-425b-90ef-9bcaa62a7535 in the queue, number of delete block transactions: 3, TxID list: 1,2,3
2019-06-14 13:46:25,185 INFO  block.SCMBlockDeletingService (SCMBlockDeletingService.java:call(182)) - Totally added 3 delete blocks command for 1 datanodes, task elapsed time: 1ms
2019-06-14 13:46:25,194 INFO  commands.RetriableDatanodeEventWatcher (RetriableDatanodeEventWatcher.java:onTimeout(47)) - RetriableDatanodeCommand type=deleteBlocksCommand with id=1560519979086 timed out. Retrying.
2019-06-14 13:46:25,201 INFO  commands.RetriableDatanodeEventWatcher (RetriableDatanodeEventWatcher.java:onTimeout(47)) - RetriableDatanodeCommand type=deleteBlocksCommand with id=1560519979096 timed out. Retrying.
2019-06-14 13:46:25,219 INFO  commands.RetriableDatanodeEventWatcher (RetriableDatanodeEventWatcher.java:onTimeout(47)) - RetriableDatanodeCommand type=deleteBlocksCommand with id=1560519979106 timed out. Retrying.
2019-06-14 13:46:25,237 INFO  commands.RetriableDatanodeEventWatcher (RetriableDatanodeEventWatcher.java:onTimeout(47)) - RetriableDatanodeCommand type=deleteBlocksCommand with id=1560519979116 timed out. Retrying.
2019-06-14 13:46:25,270 INFO  commands.RetriableDatanodeEventWatcher (RetriableDatanodeEventWatcher.java:onTimeout(47)) - RetriableDatanodeCommand type=deleteBlocksCommand with id=1560519979126 timed out. Retrying.
2019-06-14 13:46:25,278 INFO  commands.RetriableDatanodeEventWatcher (RetriableDatanodeEventWatcher.java:onTimeout(47)) - RetriableDatanodeCommand type=deleteBlocksCommand with id=1560519979136 timed out. Retrying.
2019-06-14 13:46:25,285 DEBUG block.SCMBlockDeletingService (SCMBlockDeletingService.java:call(138)) - Running DeletedBlockTransactionScanner
2019-06-14 13:46:25,286 DEBUG block.SCMBlockDeletingService (SCMBlockDeletingService.java:call(155)) - Scanned deleted blocks log and got 3 delTX to process.
2019-06-14 13:46:25,286 DEBUG block.SCMBlockDeletingService (SCMBlockDeletingService.java:call(171)) - Added delete block command for datanode 0c156e3c-57cc-425b-90ef-9bcaa62a7535 in the queue, number of delete block transactions: 3, TxID list: 1,2,3
2019-06-14 13:46:25,286 INFO  block.SCMBlockDeletingService (SCMBlockDeletingService.java:call(182)) - Totally added 3 delete blocks command for 1 datanodes, task elapsed time: 1ms
2019-06-14 13:46:25,291 INFO  commands.RetriableDatanodeEventWatcher (RetriableDatanodeEventWatcher.java:onTimeout(47)) - RetriableDatanodeCommand type=deleteBlocksCommand with id=1560519979087 timed out. Retrying.
2019-06-14 13:46:25,305 INFO  commands.RetriableDatanodeEventWatcher (RetriableDatanodeEventWatcher.java:onTimeout(47)) - RetriableDatanodeCommand type=deleteBlocksCommand with id=1560519979097 timed out. Retrying.
2019-06-14 13:46:25,318 INFO  commands.RetriableDatanodeEventWatcher (RetriableDatanodeEventWatcher.java:onTimeout(47)) - RetriableDatanodeCommand type=deleteBlocksCommand with id=1560519979107 timed out. Retrying.
2019-06-14 13:46:25,347 INFO  commands.RetriableDatanodeEventWatcher (RetriableDatanodeEventWatcher.java:onTimeout(47)) - RetriableDatanodeCommand type=deleteBlocksCommand with id=1560519979117 timed out. Retrying.
2019-06-14 13:46:25,369 INFO  commands.RetriableDatanodeEventWatcher (RetriableDatanodeEventWatcher.java:onTimeout(47)) - RetriableDatanodeCommand type=deleteBlocksCommand with id=1560519979127 timed out. Retrying.
2019-06-14 13:46:25,378 INFO  commands.RetriableDatanodeEventWatcher (RetriableDatanodeEventWatcher.java:onTimeout(47)) - RetriableDatanodeCommand type=deleteBlocksCommand with id=1560519979137 timed out. Retrying.
2019-06-14 13:46:25,386 DEBUG block.SCMBlockDeletingService (SCMBlockDeletingService.java:call(138)) - Running DeletedBlockTransactionScanner
2019-06-14 13:46:25,387 DEBUG block.SCMBlockDeletingService (SCMBlockDeletingService.java:call(155)) - Scanned deleted blocks log and got 3 delTX to process.
2019-06-14 13:46:25,387 DEBUG block.SCMBlockDeletingService (SCMBlockDeletingService.java:call(171)) - Added delete block command for datanode 0c156e3c-57cc-425b-90ef-9bcaa62a7535 in the queue, number of delete block transactions: 3, TxID list: 1,2,3
2019-06-14 13:46:25,387 INFO  block.SCMBlockDeletingService (SCMBlockDeletingService.java:call(182)) - Totally added 3 delete blocks command for 1 datanodes, task elapsed time: 1ms
2019-06-14 13:46:25,395 INFO  commands.RetriableDatanodeEventWatcher (RetriableDatanodeEventWatcher.java:onTimeout(47)) - RetriableDatanodeCommand type=deleteBlocksCommand with id=1560519979088 timed out. Retrying.
2019-06-14 13:46:25,406 INFO  commands.RetriableDatanodeEventWatcher (RetriableDatanodeEventWatcher.java:onTimeout(47)) - RetriableDatanodeCommand type=deleteBlocksCommand with id=1560519979098 timed out. Retrying.
2019-06-14 13:46:25,419 INFO  commands.RetriableDatanodeEventWatcher (RetriableDatanodeEventWatcher.java:onTimeout(47)) - RetriableDatanodeCommand type=deleteBlocksCommand with id=1560519979108 timed out. Retrying.
2019-06-14 13:46:25,455 INFO  commands.RetriableDatanodeEventWatcher (RetriableDatanodeEventWatcher.java:onTimeout(47)) - RetriableDatanodeCommand type=deleteBlocksCommand with id=1560519979118 timed out. Retrying.
2019-06-14 13:46:25,472 INFO  commands.RetriableDatanodeEventWatcher (RetriableDatanodeEventWatcher.java:onTimeout(47)) - RetriableDatanodeCommand type=deleteBlocksCommand with id=1560519979128 timed out. Retrying.
2019-06-14 13:46:25,479 INFO  commands.RetriableDatanodeEventWatcher (RetriableDatanodeEventWatcher.java:onTimeout(47)) - RetriableDatanodeCommand type=deleteBlocksCommand with id=1560519979138 timed out. Retrying.
2019-06-14 13:46:25,487 DEBUG block.SCMBlockDeletingService (SCMBlockDeletingService.java:call(138)) - Running DeletedBlockTransactionScanner
2019-06-14 13:46:25,487 DEBUG block.SCMBlockDeletingService (SCMBlockDeletingService.java:call(155)) - Scanned deleted blocks log and got 3 delTX to process.
2019-06-14 13:46:25,487 DEBUG block.SCMBlockDeletingService (SCMBlockDeletingService.java:call(171)) - Added delete block command for datanode 0c156e3c-57cc-425b-90ef-9bcaa62a7535 in the queue, number of delete block transactions: 3, TxID list: 1,2,3
2019-06-14 13:46:25,488 INFO  block.SCMBlockDeletingService (SCMBlockDeletingService.java:call(182)) - Totally added 3 delete blocks command for 1 datanodes, task elapsed time: 0ms
2019-06-14 13:46:25,496 INFO  commands.RetriableDatanodeEventWatcher (RetriableDatanodeEventWatcher.java:onTimeout(47)) - RetriableDatanodeCommand type=deleteBlocksCommand with id=1560519979089 timed out. Retrying.
2019-06-14 13:46:25,506 INFO  commands.RetriableDatanodeEventWatcher (RetriableDatanodeEventWatcher.java:onTimeout(47)) - RetriableDatanodeCommand type=deleteBlocksCommand with id=1560519979099 timed out. Retrying.
2019-06-14 13:46:25,518 INFO  commands.RetriableDatanodeEventWatcher (RetriableDatanodeEventWatcher.java:onTimeout(47)) - RetriableDatanodeCommand type=deleteBlocksCommand with id=1560519979109 timed out. Retrying.
2019-06-14 13:46:25,562 INFO  commands.RetriableDatanodeEventWatcher (RetriableDatanodeEventWatcher.java:onTimeout(47)) - RetriableDatanodeCommand type=deleteBlocksCommand with id=1560519979119 timed out. Retrying.
2019-06-14 13:46:25,573 INFO  commands.RetriableDatanodeEventWatcher (RetriableDatanodeEventWatcher.java:onTimeout(47)) - RetriableDatanodeCommand type=deleteBlocksCommand with id=1560519979129 timed out. Retrying.
2019-06-14 13:46:25,581 INFO  commands.RetriableDatanodeEventWatcher (RetriableDatanodeEventWatcher.java:onTimeout(47)) - RetriableDatanodeCommand type=deleteBlocksCommand with id=1560519979139 timed out. Retrying.
2019-06-14 13:46:25,588 DEBUG block.SCMBlockDeletingService (SCMBlockDeletingService.java:call(138)) - Running DeletedBlockTransactionScanner
2019-06-14 13:46:25,588 DEBUG block.SCMBlockDeletingService (SCMBlockDeletingService.java:call(155)) - Scanned deleted blocks log and got 3 delTX to process.
2019-06-14 13:46:25,588 DEBUG block.SCMBlockDeletingService (SCMBlockDeletingService.java:call(171)) - Added delete block command for datanode 0c156e3c-57cc-425b-90ef-9bcaa62a7535 in the queue, number of delete block transactions: 3, TxID list: 1,2,3
2019-06-14 13:46:25,588 INFO  block.SCMBlockDeletingService (SCMBlockDeletingService.java:call(182)) - Totally added 3 delete blocks command for 1 datanodes, task elapsed time: 0ms
2019-06-14 13:46:25,594 INFO  ozone.MiniOzoneClusterImpl (MiniOzoneClusterImpl.java:lambda$waitForClusterToBeReady$0(142)) - Waiting for cluster to be ready. Got 0 of 1 DN Heartbeats.
2019-06-14 13:46:25,595 INFO  commands.RetriableDatanodeEventWatcher (RetriableDatanodeEventWatcher.java:onTimeout(47)) - RetriableDatanodeCommand type=deleteBlocksCommand with id=1560519979090 timed out. Retrying.
2019-06-14 13:46:25,609 INFO  commands.RetriableDatanodeEventWatcher (RetriableDatanodeEventWatcher.java:onTimeout(47)) - RetriableDatanodeCommand type=deleteBlocksCommand with id=1560519979100 timed out. Retrying.
2019-06-14 13:46:25,615 INFO  impl.FollowerState (FollowerState.java:run(101)) - 0c156e3c-57cc-425b-90ef-9bcaa62a7535:group-7704A457760D changes to CANDIDATE, lastRpcTime:1010, electionTimeout:1010ms
2019-06-14 13:46:25,615 INFO  impl.RoleInfo (RoleInfo.java:shutdownFollowerState(121)) - 0c156e3c-57cc-425b-90ef-9bcaa62a7535: shutdown FollowerState
2019-06-14 13:46:25,615 INFO  impl.RaftServerImpl (RaftServerImpl.java:setRole(164)) - 0c156e3c-57cc-425b-90ef-9bcaa62a7535:group-7704A457760D changes role from FOLLOWER to CANDIDATE at term 1 for changeToCandidate
2019-06-14 13:46:25,616 INFO  impl.RoleInfo (RoleInfo.java:updateAndGet(143)) - 0c156e3c-57cc-425b-90ef-9bcaa62a7535: start LeaderElection
2019-06-14 13:46:25,619 INFO  impl.LeaderElection (LeaderElection.java:askForVotes(181)) - 0c156e3c-57cc-425b-90ef-9bcaa62a7535:group-7704A457760D:LeaderElection2: begin an election at term 2 for 0: [0c156e3c-57cc-425b-90ef-9bcaa62a7535:192.168.134.77:36517], old=null
2019-06-14 13:46:25,619 INFO  impl.RoleInfo (RoleInfo.java:shutdownLeaderElection(134)) - 0c156e3c-57cc-425b-90ef-9bcaa62a7535: shutdown LeaderElection
2019-06-14 13:46:25,619 INFO  impl.RaftServerImpl (RaftServerImpl.java:setRole(164)) - 0c156e3c-57cc-425b-90ef-9bcaa62a7535:group-7704A457760D changes role from CANDIDATE to LEADER at term 2 for changeToLeader
2019-06-14 13:46:25,619 INFO  impl.RaftServerImpl (ServerState.java:setLeader(263)) - 0c156e3c-57cc-425b-90ef-9bcaa62a7535:group-7704A457760D change Leader from null to 0c156e3c-57cc-425b-90ef-9bcaa62a7535 at term 2 for becomeLeader, leader elected after 3307ms
2019-06-14 13:46:25,619 INFO  server.RaftServerConfigKeys (ConfUtils.java:logGet(43)) - raft.server.staging.catchup.gap = 1000 (default)
2019-06-14 13:46:25,620 INFO  server.RaftServerConfigKeys (ConfUtils.java:logGet(43)) - raft.server.rpc.sleep.time = 25ms (default)
2019-06-14 13:46:25,620 INFO  server.RaftServerConfigKeys (ConfUtils.java:logGet(43)) - raft.server.watch.timeout = 10s (default)
2019-06-14 13:46:25,620 INFO  server.RaftServerConfigKeys (ConfUtils.java:logGet(43)) - raft.server.watch.timeout.denomination = 1s (default)
2019-06-14 13:46:25,620 INFO  impl.RoleInfo (RoleInfo.java:updateAndGet(143)) - 0c156e3c-57cc-425b-90ef-9bcaa62a7535: start LeaderState
2019-06-14 13:46:25,620 INFO  commands.RetriableDatanodeEventWatcher (RetriableDatanodeEventWatcher.java:onTimeout(47)) - RetriableDatanodeCommand type=deleteBlocksCommand with id=1560519979110 timed out. Retrying.
2019-06-14 13:46:25,621 INFO  storage.RaftLogWorker (RaftLogWorker.java:rollLogSegment(303)) - 0c156e3c-57cc-425b-90ef-9bcaa62a7535-RaftLogWorker: Rolling segment log-7345_7410 to index:7410
2019-06-14 13:46:25,621 INFO  storage.RaftLogWorker (RaftLogWorker.java:execute(433)) - 0c156e3c-57cc-425b-90ef-9bcaa62a7535-RaftLogWorker: Rolled log segment from /opt/src/hadoop-ozone/integration-test/target/test-dir/MiniOzoneClusterImpl-8919240e-7e15-4dbf-8bf4-c210578586bb/datanode-0/data/ratis/1fc53845-3381-4beb-82f9-7704a457760d/current/log_inprogress_7345 to /opt/src/hadoop-ozone/integration-test/target/test-dir/MiniOzoneClusterImpl-8919240e-7e15-4dbf-8bf4-c210578586bb/datanode-0/data/ratis/1fc53845-3381-4beb-82f9-7704a457760d/current/log_7345-7410
2019-06-14 13:46:25,621 INFO  impl.RaftServerImpl (ServerState.java:setRaftConf(361)) - 0c156e3c-57cc-425b-90ef-9bcaa62a7535:group-7704A457760D set configuration 7411: [0c156e3c-57cc-425b-90ef-9bcaa62a7535:192.168.134.77:36517], old=null at 7411
2019-06-14 13:46:25,658 INFO  storage.RaftLogWorker (RaftLogWorker.java:execute(469)) - 0c156e3c-57cc-425b-90ef-9bcaa62a7535-RaftLogWorker: created new log segment /opt/src/hadoop-ozone/integration-test/target/test-dir/MiniOzoneClusterImpl-8919240e-7e15-4dbf-8bf4-c210578586bb/datanode-0/data/ratis/1fc53845-3381-4beb-82f9-7704a457760d/current/log_inprogress_7411
2019-06-14 13:46:25,663 INFO  commands.RetriableDatanodeEventWatcher (RetriableDatanodeEventWatcher.java:onTimeout(47)) - RetriableDatanodeCommand type=deleteBlocksCommand with id=1560519979120 timed out. Retrying.
2019-06-14 13:46:25,672 INFO  commands.RetriableDatanodeEventWatcher (RetriableDatanodeEventWatcher.java:onTimeout(47)) - RetriableDatanodeCommand type=deleteBlocksCommand with id=1560519979130 timed out. Retrying.
2019-06-14 13:46:25,681 INFO  commands.RetriableDatanodeEventWatcher (RetriableDatanodeEventWatcher.java:onTimeout(47)) - RetriableDatanodeCommand type=deleteBlocksCommand with id=1560519979140 timed out. Retrying.
2019-06-14 13:46:25,689 DEBUG block.SCMBlockDeletingService (SCMBlockDeletingService.java:call(138)) - Running DeletedBlockTransactionScanner
2019-06-14 13:46:25,689 DEBUG block.SCMBlockDeletingService (SCMBlockDeletingService.java:call(155)) - Scanned deleted blocks log and got 3 delTX to process.
2019-06-14 13:46:25,689 DEBUG block.SCMBlockDeletingService (SCMBlockDeletingService.java:call(171)) - Added delete block command for datanode 0c156e3c-57cc-425b-90ef-9bcaa62a7535 in the queue, number of delete block transactions: 3, TxID list: 1,2,3
2019-06-14 13:46:25,689 INFO  block.SCMBlockDeletingService (SCMBlockDeletingService.java:call(182)) - Totally added 3 delete blocks command for 1 datanodes, task elapsed time: 1ms
2019-06-14 13:46:25,697 INFO  commands.RetriableDatanodeEventWatcher (RetriableDatanodeEventWatcher.java:onTimeout(47)) - RetriableDatanodeCommand type=deleteBlocksCommand with id=1560519979091 timed out. Retrying.
2019-06-14 13:46:25,707 INFO  commands.RetriableDatanodeEventWatcher (RetriableDatanodeEventWatcher.java:onTimeout(47)) - RetriableDatanodeCommand type=deleteBlocksCommand with id=1560519979101 timed out. Retrying.
2019-06-14 13:46:25,722 INFO  commands.RetriableDatanodeEventWatcher (RetriableDatanodeEventWatcher.java:onTimeout(47)) - RetriableDatanodeCommand type=deleteBlocksCommand with id=1560519979111 timed out. Retrying.
2019-06-14 13:46:25,765 INFO  commands.RetriableDatanodeEventWatcher (RetriableDatanodeEventWatcher.java:onTimeout(47)) - RetriableDatanodeCommand type=deleteBlocksCommand with id=1560519979121 timed out. Retrying.
2019-06-14 13:46:25,774 INFO  commands.RetriableDatanodeEventWatcher (RetriableDatanodeEventWatcher.java:onTimeout(47)) - RetriableDatanodeCommand type=deleteBlocksCommand with id=1560519979131 timed out. Retrying.
2019-06-14 13:46:25,783 INFO  commands.RetriableDatanodeEventWatcher (RetriableDatanodeEventWatcher.java:onTimeout(47)) - RetriableDatanodeCommand type=deleteBlocksCommand with id=1560519979141 timed out. Retrying.
2019-06-14 13:46:25,789 DEBUG block.SCMBlockDeletingService (SCMBlockDeletingService.java:call(138)) - Running DeletedBlockTransactionScanner
2019-06-14 13:46:25,790 DEBUG block.SCMBlockDeletingService (SCMBlockDeletingService.java:call(155)) - Scanned deleted blocks log and got 3 delTX to process.
2019-06-14 13:46:25,790 DEBUG block.SCMBlockDeletingService (SCMBlockDeletingService.java:call(171)) - Added delete block command for datanode 0c156e3c-57cc-425b-90ef-9bcaa62a7535 in the queue, number of delete block transactions: 3, TxID list: 1,2,3
2019-06-14 13:46:25,790 INFO  block.SCMBlockDeletingService (SCMBlockDeletingService.java:call(182)) - Totally added 3 delete blocks command for 1 datanodes, task elapsed time: 1ms
2019-06-14 13:46:25,797 INFO  commands.RetriableDatanodeEventWatcher (RetriableDatanodeEventWatcher.java:onTimeout(47)) - RetriableDatanodeCommand type=deleteBlocksCommand with id=1560519979092 timed out. Retrying.
2019-06-14 13:46:25,809 INFO  commands.RetriableDatanodeEventWatcher (RetriableDatanodeEventWatcher.java:onTimeout(47)) - RetriableDatanodeCommand type=deleteBlocksCommand with id=1560519979102 timed out. Retrying.
2019-06-14 13:46:25,823 INFO  commands.RetriableDatanodeEventWatcher (RetriableDatanodeEventWatcher.java:onTimeout(47)) - RetriableDatanodeCommand type=deleteBlocksCommand with id=1560519979112 timed out. Retrying.
2019-06-14 13:46:25,866 INFO  commands.RetriableDatanodeEventWatcher (RetriableDatanodeEventWatcher.java:onTimeout(47)) - RetriableDatanodeCommand type=deleteBlocksCommand with id=1560519979122 timed out. Retrying.
2019-06-14 13:46:25,874 INFO  commands.RetriableDatanodeEventWatcher (RetriableDatanodeEventWatcher.java:onTimeout(47)) - RetriableDatanodeCommand type=deleteBlocksCommand with id=1560519979132 timed out. Retrying.
2019-06-14 13:46:25,882 INFO  commands.RetriableDatanodeEventWatcher (RetriableDatanodeEventWatcher.java:onTimeout(47)) - RetriableDatanodeCommand type=deleteBlocksCommand with id=1560519979142 timed out. Retrying.
2019-06-14 13:46:25,890 DEBUG block.SCMBlockDeletingService (SCMBlockDeletingService.java:call(138)) - Running DeletedBlockTransactionScanner
2019-06-14 13:46:25,890 DEBUG block.SCMBlockDeletingService (SCMBlockDeletingService.java:call(155)) - Scanned deleted blocks log and got 3 delTX to process.
2019-06-14 13:46:25,891 DEBUG block.SCMBlockDeletingService (SCMBlockDeletingService.java:call(171)) - Added delete block command for datanode 0c156e3c-57cc-425b-90ef-9bcaa62a7535 in the queue, number of delete block transactions: 3, TxID list: 1,2,3
2019-06-14 13:46:25,891 INFO  block.SCMBlockDeletingService (SCMBlockDeletingService.java:call(182)) - Totally added 3 delete blocks command for 1 datanodes, task elapsed time: 1ms
2019-06-14 13:46:25,900 INFO  commands.RetriableDatanodeEventWatcher (RetriableDatanodeEventWatcher.java:onTimeout(47)) - RetriableDatanodeCommand type=deleteBlocksCommand with id=1560519979093 timed out. Retrying.
2019-06-14 13:46:25,909 INFO  commands.RetriableDatanodeEventWatcher (RetriableDatanodeEventWatcher.java:onTimeout(47)) - RetriableDatanodeCommand type=deleteBlocksCommand with id=1560519979103 timed out. Retrying.
2019-06-14 13:46:25,923 INFO  commands.RetriableDatanodeEventWatcher (RetriableDatanodeEventWatcher.java:onTimeout(47)) - RetriableDatanodeCommand type=deleteBlocksCommand with id=1560519979113 timed out. Retrying.
2019-06-14 13:46:25,967 INFO  commands.RetriableDatanodeEventWatcher (RetriableDatanodeEventWatcher.java:onTimeout(47)) - RetriableDatanodeCommand type=deleteBlocksCommand with id=1560519979123 timed out. Retrying.
2019-06-14 13:46:25,975 INFO  commands.RetriableDatanodeEventWatcher (RetriableDatanodeEventWatcher.java:onTimeout(47)) - RetriableDatanodeCommand type=deleteBlocksCommand with id=1560519979133 timed out. Retrying.
2019-06-14 13:46:25,984 INFO  commands.RetriableDatanodeEventWatcher (RetriableDatanodeEventWatcher.java:onTimeout(47)) - RetriableDatanodeCommand type=deleteBlocksCommand with id=1560519979143 timed out. Retrying.
2019-06-14 13:46:25,991 DEBUG block.SCMBlockDeletingService (SCMBlockDeletingService.java:call(138)) - Running DeletedBlockTransactionScanner
2019-06-14 13:46:25,991 DEBUG block.SCMBlockDeletingService (SCMBlockDeletingService.java:call(155)) - Scanned deleted blocks log and got 3 delTX to process.
2019-06-14 13:46:25,991 DEBUG block.SCMBlockDeletingService (SCMBlockDeletingService.java:call(171)) - Added delete block command for datanode 0c156e3c-57cc-425b-90ef-9bcaa62a7535 in the queue, number of delete block transactions: 3, TxID list: 1,2,3
2019-06-14 13:46:25,992 INFO  block.SCMBlockDeletingService (SCMBlockDeletingService.java:call(182)) - Totally added 3 delete blocks command for 1 datanodes, task elapsed time: 0ms
2019-06-14 13:46:26,001 INFO  commands.RetriableDatanodeEventWatcher (RetriableDatanodeEventWatcher.java:onTimeout(47)) - RetriableDatanodeCommand type=deleteBlocksCommand with id=1560519979094 timed out. Retrying.
2019-06-14 13:46:26,014 INFO  commands.RetriableDatanodeEventWatcher (RetriableDatanodeEventWatcher.java:onTimeout(47)) - RetriableDatanodeCommand type=deleteBlocksCommand with id=1560519979104 timed out. Retrying.
2019-06-14 13:46:26,024 INFO  commands.RetriableDatanodeEventWatcher (RetriableDatanodeEventWatcher.java:onTimeout(47)) - RetriableDatanodeCommand type=deleteBlocksCommand with id=1560519979114 timed out. Retrying.
2019-06-14 13:46:26,069 INFO  commands.RetriableDatanodeEventWatcher (RetriableDatanodeEventWatcher.java:onTimeout(47)) - RetriableDatanodeCommand type=deleteBlocksCommand with id=1560519979124 timed out. Retrying.
2019-06-14 13:46:26,077 INFO  commands.RetriableDatanodeEventWatcher (RetriableDatanodeEventWatcher.java:onTimeout(47)) - RetriableDatanodeCommand type=deleteBlocksCommand with id=1560519979134 timed out. Retrying.
2019-06-14 13:46:26,085 INFO  commands.RetriableDatanodeEventWatcher (RetriableDatanodeEventWatcher.java:onTimeout(47)) - RetriableDatanodeCommand type=deleteBlocksCommand with id=1560519979144 timed out. Retrying.
2019-06-14 13:46:26,088 INFO  commands.RetriableDatanodeEventWatcher (RetriableDatanodeEventWatcher.java:onTimeout(47)) - RetriableDatanodeCommand type=deleteBlocksCommand with id=1560519979085 timed out. Retrying.
2019-06-14 13:46:26,092 DEBUG block.SCMBlockDeletingService (SCMBlockDeletingService.java:call(138)) - Running DeletedBlockTransactionScanner
2019-06-14 13:46:26,092 DEBUG block.SCMBlockDeletingService (SCMBlockDeletingService.java:call(155)) - Scanned deleted blocks log and got 3 delTX to process.
2019-06-14 13:46:26,092 DEBUG block.SCMBlockDeletingService (SCMBlockDeletingService.java:call(171)) - Added delete block command for datanode 0c156e3c-57cc-425b-90ef-9bcaa62a7535 in the queue, number of delete block transactions: 3, TxID list: 1,2,3
2019-06-14 13:46:26,092 INFO  block.SCMBlockDeletingService (SCMBlockDeletingService.java:call(182)) - Totally added 3 delete blocks command for 1 datanodes, task elapsed time: 1ms
2019-06-14 13:46:26,102 INFO  commands.RetriableDatanodeEventWatcher (RetriableDatanodeEventWatcher.java:onTimeout(47)) - RetriableDatanodeCommand type=deleteBlocksCommand with id=1560519979095 timed out. Retrying.
2019-06-14 13:46:26,115 INFO  commands.RetriableDatanodeEventWatcher (RetriableDatanodeEventWatcher.java:onTimeout(47)) - RetriableDatanodeCommand type=deleteBlocksCommand with id=1560519979105 timed out. Retrying.
2019-06-14 13:46:26,132 INFO  commands.RetriableDatanodeEventWatcher (RetriableDatanodeEventWatcher.java:onTimeout(47)) - RetriableDatanodeCommand type=deleteBlocksCommand with id=1560519979115 timed out. Retrying.
2019-06-14 13:46:26,168 INFO  commands.RetriableDatanodeEventWatcher (RetriableDatanodeEventWatcher.java:onTimeout(47)) - RetriableDatanodeCommand type=deleteBlocksCommand with id=1560519979125 timed out. Retrying.
2019-06-14 13:46:26,177 INFO  commands.RetriableDatanodeEventWatcher (RetriableDatanodeEventWatcher.java:onTimeout(47)) - RetriableDatanodeCommand type=deleteBlocksCommand with id=1560519979135 timed out. Retrying.
2019-06-14 13:46:26,186 INFO  commands.RetriableDatanodeEventWatcher (RetriableDatanodeEventWatcher.java:onTimeout(47)) - RetriableDatanodeCommand type=deleteBlocksCommand with id=1560519979145 timed out. Retrying.
2019-06-14 13:46:26,193 DEBUG block.SCMBlockDeletingService (SCMBlockDeletingService.java:call(138)) - Running DeletedBlockTransactionScanner
2019-06-14 13:46:26,193 DEBUG block.SCMBlockDeletingService (SCMBlockDeletingService.java:call(155)) - Scanned deleted blocks log and got 3 delTX to process.
2019-06-14 13:46:26,193 DEBUG block.SCMBlockDeletingService (SCMBlockDeletingService.java:call(171)) - Added delete block command for datanode 0c156e3c-57cc-425b-90ef-9bcaa62a7535 in the queue, number of delete block transactions: 3, TxID list: 1,2,3
2019-06-14 13:46:26,193 INFO  block.SCMBlockDeletingService (SCMBlockDeletingService.java:call(182)) - Totally added 3 delete blocks command for 1 datanodes, task elapsed time: 1ms
2019-06-14 13:46:26,194 INFO  commands.RetriableDatanodeEventWatcher (RetriableDatanodeEventWatcher.java:onTimeout(47)) - RetriableDatanodeCommand type=deleteBlocksCommand with id=1560519979086 timed out. Retrying.
2019-06-14 13:46:26,201 INFO  commands.RetriableDatanodeEventWatcher (RetriableDatanodeEventWatcher.java:onTimeout(47)) - RetriableDatanodeCommand type=deleteBlocksCommand with id=1560519979096 timed out. Retrying.
2019-06-14 13:46:26,219 INFO  commands.RetriableDatanodeEventWatcher (RetriableDatanodeEventWatcher.java:onTimeout(47)) - RetriableDatanodeCommand type=deleteBlocksCommand with id=1560519979106 timed out. Retrying.
2019-06-14 13:46:26,238 INFO  commands.RetriableDatanodeEventWatcher (RetriableDatanodeEventWatcher.java:onTimeout(47)) - RetriableDatanodeCommand type=deleteBlocksCommand with id=1560519979116 timed out. Retrying.
2019-06-14 13:46:26,270 INFO  commands.RetriableDatanodeEventWatcher (RetriableDatanodeEventWatcher.java:onTimeout(47)) - RetriableDatanodeCommand type=deleteBlocksCommand with id=1560519979126 timed out. Retrying.
2019-06-14 13:46:26,277 INFO  commands.RetriableDatanodeEventWatcher (RetriableDatanodeEventWatcher.java:onTimeout(47)) - RetriableDatanodeCommand type=deleteBlocksCommand with id=1560519979136 timed out. Retrying.
2019-06-14 13:46:26,286 INFO  commands.RetriableDatanodeEventWatcher (RetriableDatanodeEventWatcher.java:onTimeout(47)) - RetriableDatanodeCommand type=deleteBlocksCommand with id=1560519979146 timed out. Retrying.
2019-06-14 13:46:26,292 INFO  commands.RetriableDatanodeEventWatcher (RetriableDatanodeEventWatcher.java:onTimeout(47)) - RetriableDatanodeCommand type=deleteBlocksCommand with id=1560519979087 timed out. Retrying.
2019-06-14 13:46:26,293 DEBUG block.SCMBlockDeletingService (SCMBlockDeletingService.java:call(138)) - Running DeletedBlockTransactionScanner
2019-06-14 13:46:26,293 DEBUG block.SCMBlockDeletingService (SCMBlockDeletingService.java:call(155)) - Scanned deleted blocks log and got 3 delTX to process.
2019-06-14 13:46:26,294 DEBUG block.SCMBlockDeletingService (SCMBlockDeletingService.java:call(171)) - Added delete block command for datanode 0c156e3c-57cc-425b-90ef-9bcaa62a7535 in the queue, number of delete block transactions: 3, TxID list: 1,2,3
2019-06-14 13:46:26,294 INFO  block.SCMBlockDeletingService (SCMBlockDeletingService.java:call(182)) - Totally added 3 delete blocks command for 1 datanodes, task elapsed time: 1ms
2019-06-14 13:46:26,306 INFO  commands.RetriableDatanodeEventWatcher (RetriableDatanodeEventWatcher.java:onTimeout(47)) - RetriableDatanodeCommand type=deleteBlocksCommand with id=1560519979097 timed out. Retrying.
2019-06-14 13:46:26,317 INFO  commands.RetriableDatanodeEventWatcher (RetriableDatanodeEventWatcher.java:onTimeout(47)) - RetriableDatanodeCommand type=deleteBlocksCommand with id=1560519979107 timed out. Retrying.
2019-06-14 13:46:26,347 INFO  commands.RetriableDatanodeEventWatcher (RetriableDatanodeEventWatcher.java:onTimeout(47)) - RetriableDatanodeCommand type=deleteBlocksCommand with id=1560519979117 timed out. Retrying.
2019-06-14 13:46:26,370 INFO  commands.RetriableDatanodeEventWatcher (RetriableDatanodeEventWatcher.java:onTimeout(47)) - RetriableDatanodeCommand type=deleteBlocksCommand with id=1560519979127 timed out. Retrying.
2019-06-14 13:46:26,378 INFO  commands.RetriableDatanodeEventWatcher (RetriableDatanodeEventWatcher.java:onTimeout(47)) - RetriableDatanodeCommand type=deleteBlocksCommand with id=1560519979137 timed out. Retrying.
2019-06-14 13:46:26,386 INFO  commands.RetriableDatanodeEventWatcher (RetriableDatanodeEventWatcher.java:onTimeout(47)) - RetriableDatanodeCommand type=deleteBlocksCommand with id=1560519979147 timed out. Retrying.
2019-06-14 13:46:26,394 DEBUG block.SCMBlockDeletingService (SCMBlockDeletingService.java:call(138)) - Running DeletedBlockTransactionScanner
2019-06-14 13:46:26,394 DEBUG block.SCMBlockDeletingService (SCMBlockDeletingService.java:call(155)) - Scanned deleted blocks log and got 3 delTX to process.
2019-06-14 13:46:26,395 DEBUG block.SCMBlockDeletingService (SCMBlockDeletingService.java:call(171)) - Added delete block command for datanode 0c156e3c-57cc-425b-90ef-9bcaa62a7535 in the queue, number of delete block transactions: 3, TxID list: 1,2,3
2019-06-14 13:46:26,395 INFO  block.SCMBlockDeletingService (SCMBlockDeletingService.java:call(182)) - Totally added 3 delete blocks command for 1 datanodes, task elapsed time: 1ms
2019-06-14 13:46:26,396 INFO  commands.RetriableDatanodeEventWatcher (RetriableDatanodeEventWatcher.java:onTimeout(47)) - RetriableDatanodeCommand type=deleteBlocksCommand with id=1560519979088 timed out. Retrying.
2019-06-14 13:46:26,406 INFO  commands.RetriableDatanodeEventWatcher (RetriableDatanodeEventWatcher.java:onTimeout(47)) - RetriableDatanodeCommand type=deleteBlocksCommand with id=1560519979098 timed out. Retrying.
2019-06-14 13:46:26,419 INFO  commands.RetriableDatanodeEventWatcher (RetriableDatanodeEventWatcher.java:onTimeout(47)) - RetriableDatanodeCommand type=deleteBlocksCommand with id=1560519979108 timed out. Retrying.
2019-06-14 13:46:26,455 INFO  commands.RetriableDatanodeEventWatcher (RetriableDatanodeEventWatcher.java:onTimeout(47)) - RetriableDatanodeCommand type=deleteBlocksCommand with id=1560519979118 timed out. Retrying.
2019-06-14 13:46:26,472 INFO  commands.RetriableDatanodeEventWatcher (RetriableDatanodeEventWatcher.java:onTimeout(47)) - RetriableDatanodeCommand type=deleteBlocksCommand with id=1560519979128 timed out. Retrying.
2019-06-14 13:46:26,480 INFO  commands.RetriableDatanodeEventWatcher (RetriableDatanodeEventWatcher.java:onTimeout(47)) - RetriableDatanodeCommand type=deleteBlocksCommand with id=1560519979138 timed out. Retrying.
2019-06-14 13:46:26,487 INFO  commands.RetriableDatanodeEventWatcher (RetriableDatanodeEventWatcher.java:onTimeout(47)) - RetriableDatanodeCommand type=deleteBlocksCommand with id=1560519979148 timed out. Retrying.
2019-06-14 13:46:26,495 DEBUG block.SCMBlockDeletingService (RetriableDatanodeEventWatcher.java:onTimeout(47)) - RetriableDatanodeCommand type=deleteBlocksCommand with id=1560519979089 timed out. Retrying.
SCMBlockDeletingService.java:call(138)) - Running DeletedBlockTransactionScanner
2019-06-14 13:46:26,495 INFO  commands.RetriableDatanodeEventWatcher (RetriableDatanodeEventWatcher.java:onTimeout(47)) - RetriableDatanodeCommand type=deleteBlocksCommand with id=1560519979089 timed out. Retrying.
2019-06-14 13:46:26,496 DEBUG block.SCMBlockDeletingService (SCMBlockDeletingService.java:call(155)) - Scanned deleted blocks log and got 3 delTX to process.
2019-06-14 13:46:26,496 DEBUG block.SCMBlockDeletingService (SCMBlockDeletingService.java:call(171)) - Added delete block command for datanode 0c156e3c-57cc-425b-90ef-9bcaa62a7535 in the queue, number of delete block transactions: 3, TxID list: 1,2,3
2019-06-14 13:46:26,496 INFO  block.SCMBlockDeletingService (SCMBlockDeletingService.java:call(182)) - Totally added 3 delete blocks command for 1 datanodes, task elapsed time: 1ms
2019-06-14 13:46:26,507 INFO  commands.RetriableDatanodeEventWatcher (RetriableDatanodeEventWatcher.java:onTimeout(47)) - RetriableDatanodeCommand type=deleteBlocksCommand with id=1560519979099 timed out. Retrying.
2019-06-14 13:46:26,518 INFO  commands.RetriableDatanodeEventWatcher (RetriableDatanodeEventWatcher.java:onTimeout(47)) - RetriableDatanodeCommand type=deleteBlocksCommand with id=1560519979109 timed out. Retrying.
2019-06-14 13:46:26,562 INFO  commands.RetriableDatanodeEventWatcher (RetriableDatanodeEventWatcher.java:onTimeout(47)) - RetriableDatanodeCommand type=deleteBlocksCommand with id=1560519979119 timed out. Retrying.
2019-06-14 13:46:26,573 INFO  commands.RetriableDatanodeEventWatcher (RetriableDatanodeEventWatcher.java:onTimeout(47)) - RetriableDatanodeCommand type=deleteBlocksCommand with id=1560519979129 timed out. Retrying.
2019-06-14 13:46:26,581 INFO  commands.RetriableDatanodeEventWatcher (RetriableDatanodeEventWatcher.java:onTimeout(47)) - RetriableDatanodeCommand type=deleteBlocksCommand with id=1560519979139 timed out. Retrying.
2019-06-14 13:46:26,588 INFO  commands.RetriableDatanodeEventWatcher (RetriableDatanodeEventWatcher.java:onTimeout(47)) - RetriableDatanodeCommand type=deleteBlocksCommand with id=1560519979149 timed out. Retrying.
2019-06-14 13:46:26,595 INFO  ozone.MiniOzoneClusterImpl (MiniOzoneClusterImpl.java:lambda$waitForClusterToBeReady$0(142)) - Waiting for cluster to be ready. Got 0 of 1 DN Heartbeats.
2019-06-14 13:46:26,596 INFO  commands.RetriableDatanodeEventWatcher (RetriableDatanodeEventWatcher.java:onTimeout(47)) - RetriableDatanodeCommand type=deleteBlocksCommand with id=1560519979090 timed out. Retrying.
2019-06-14 13:46:26,596 DEBUG block.SCMBlockDeletingService (SCMBlockDeletingService.java:call(138)) - Running DeletedBlockTransactionScanner
2019-06-14 13:46:26,597 DEBUG block.SCMBlockDeletingService (SCMBlockDeletingService.java:call(155)) - Scanned deleted blocks log and got 3 delTX to process.
2019-06-14 13:46:26,597 DEBUG block.SCMBlockDeletingService (SCMBlockDeletingService.java:call(171)) - Added delete block command for datanode 0c156e3c-57cc-425b-90ef-9bcaa62a7535 in the queue, number of delete block transactions: 3, TxID list: 1,2,3
2019-06-14 13:46:26,597 INFO  block.SCMBlockDeletingService (SCMBlockDeletingService.java:call(182)) - Totally added 3 delete blocks command for 1 datanodes, task elapsed time: 1ms
2019-06-14 13:46:26,600 INFO  block.SCMBlockDeletingService (SCMBlockDeletingService.java:handlePendingDeletes(115)) - Block deletion txnID mismatch in datanode 0c156e3c-57cc-425b-90ef-9bcaa62a7535 for containerID 1. Datanode delete txnID: 0, SCM txnID: 1
2019-06-14 13:46:26,600 INFO  block.SCMBlockDeletingService (SCMBlockDeletingService.java:handlePendingDeletes(115)) - Block deletion txnID mismatch in datanode 0c156e3c-57cc-425b-90ef-9bcaa62a7535 for containerID 2. Datanode delete txnID: 0, SCM txnID: 2
2019-06-14 13:46:26,600 INFO  block.SCMBlockDeletingService (SCMBlockDeletingService.java:handlePendingDeletes(115)) - Block deletion txnID mismatch in datanode 0c156e3c-57cc-425b-90ef-9bcaa62a7535 for containerID 3. Datanode delete txnID: 0, SCM txnID: 3
2019-06-14 13:46:26,609 INFO  commands.RetriableDatanodeEventWatcher (RetriableDatanodeEventWatcher.java:onTimeout(47)) - RetriableDatanodeCommand type=deleteBlocksCommand with id=1560519979100 timed out. Retrying.
2019-06-14 13:46:26,620 INFO  commands.RetriableDatanodeEventWatcher (RetriableDatanodeEventWatcher.java:onTimeout(47)) - RetriableDatanodeCommand type=deleteBlocksCommand with id=1560519979110 timed out. Retrying.
2019-06-14 13:46:26,662 INFO  commands.RetriableDatanodeEventWatcher (RetriableDatanodeEventWatcher.java:onTimeout(47)) - RetriableDatanodeCommand type=deleteBlocksCommand with id=1560519979120 timed out. Retrying.
2019-06-14 13:46:26,673 INFO  commands.RetriableDatanodeEventWatcher (RetriableDatanodeEventWatcher.java:onTimeout(47)) - RetriableDatanodeCommand type=deleteBlocksCommand with id=1560519979130 timed out. Retrying.
2019-06-14 13:46:26,681 INFO  commands.RetriableDatanodeEventWatcher (RetriableDatanodeEventWatcher.java:onTimeout(47)) - RetriableDatanodeCommand type=deleteBlocksCommand with id=1560519979140 timed out. Retrying.
2019-06-14 13:46:26,690 INFO  commands.RetriableDatanodeEventWatcher (RetriableDatanodeEventWatcher.java:onTimeout(47)) - RetriableDatanodeCommand type=deleteBlocksCommand with id=1560519979150 timed out. Retrying.
2019-06-14 13:46:26,697 DEBUG block.SCMBlockDeletingService (SCMBlockDeletingService.java:call(138)) - Running DeletedBlockTransactionScanner
2019-06-14 13:46:26,697 DEBUG block.SCMBlockDeletingService (SCMBlockDeletingService.java:call(155)) - Scanned deleted blocks log and got 3 delTX to process.
2019-06-14 13:46:26,697 INFO  commands.RetriableDatanodeEventWatcher (SCMBlockDeletingService.java:call(171)) - Added delete block command for datanode 0c156e3c-57cc-425b-90ef-9bcaa62a7535 in the queue, number of delete block transactions: 3, TxID list: 1,2,3
2019-06-14 13:46:26,697 INFO  commands.RetriableDatanodeEventWatcher (RetriableDatanodeEventWatcher.java:onTimeout(47)) - RetriableDatanodeCommand type=deleteBlocksCommand with id=1560519979091 timed out. Retrying.
2019-06-14 13:46:26,698 INFO  block.SCMBlockDeletingService (SCMBlockDeletingService.java:call(182)) - Totally added 3 delete blocks command for 1 datanodes, task elapsed time: 0ms
2019-06-14 13:46:26,708 INFO  commands.RetriableDatanodeEventWatcher (RetriableDatanodeEventWatcher.java:onTimeout(47)) - RetriableDatanodeCommand type=deleteBlocksCommand with id=1560519979101 timed out. Retrying.
2019-06-14 13:46:26,722 INFO  commands.RetriableDatanodeEventWatcher (RetriableDatanodeEventWatcher.java:onTimeout(47)) - RetriableDatanodeCommand type=deleteBlocksCommand with id=1560519979111 timed out. Retrying.
2019-06-14 13:46:26,765 INFO  commands.RetriableDatanodeEventWatcher (RetriableDatanodeEventWatcher.java:onTimeout(47)) - RetriableDatanodeCommand type=deleteBlocksCommand with id=1560519979121 timed out. Retrying.
2019-06-14 13:46:26,774 INFO  commands.RetriableDatanodeEventWatcher (RetriableDatanodeEventWatcher.java:onTimeout(47)) - RetriableDatanodeCommand type=deleteBlocksCommand with id=1560519979131 timed out. Retrying.
2019-06-14 13:46:26,783 INFO  commands.RetriableDatanodeEventWatcher (RetriableDatanodeEventWatcher.java:onTimeout(47)) - RetriableDatanodeCommand type=deleteBlocksCommand with id=1560519979141 timed out. Retrying.
2019-06-14 13:46:26,789 INFO  commands.RetriableDatanodeEventWatcher (RetriableDatanodeEventWatcher.java:onTimeout(47)) - RetriableDatanodeCommand type=deleteBlocksCommand with id=1560519979151 timed out. Retrying.
2019-06-14 13:46:26,798 INFO  commands.RetriableDatanodeEventWatcher (RetriableDatanodeEventWatcher.java:onTimeout(47)) - RetriableDatanodeCommand type=deleteBlocksCommand with id=1560519979092 timed out. Retrying.
2019-06-14 13:46:26,798 DEBUG block.SCMBlockDeletingService (SCMBlockDeletingService.java:call(138)) - Running DeletedBlockTransactionScanner
2019-06-14 13:46:26,798 DEBUG block.SCMBlockDeletingService (SCMBlockDeletingService.java:call(155)) - Scanned deleted blocks log and got 3 delTX to process.
2019-06-14 13:46:26,798 DEBUG block.SCMBlockDeletingService (SCMBlockDeletingService.java:call(171)) - Added delete block command for datanode 0c156e3c-57cc-425b-90ef-9bcaa62a7535 in the queue, number of delete block transactions: 3, TxID list: 1,2,3
2019-06-14 13:46:26,798 INFO  block.SCMBlockDeletingService (SCMBlockDeletingService.java:call(182)) - Totally added 3 delete blocks command for 1 datanodes, task elapsed time: 0ms
2019-06-14 13:46:26,809 INFO  commands.RetriableDatanodeEventWatcher (RetriableDatanodeEventWatcher.java:onTimeout(47)) - RetriableDatanodeCommand type=deleteBlocksCommand with id=1560519979102 timed out. Retrying.
2019-06-14 13:46:26,823 INFO  commands.RetriableDatanodeEventWatcher (RetriableDatanodeEventWatcher.java:onTimeout(47)) - RetriableDatanodeCommand type=deleteBlocksCommand with id=1560519979112 timed out. Retrying.
2019-06-14 13:46:26,867 INFO  commands.RetriableDatanodeEventWatcher (RetriableDatanodeEventWatcher.java:onTimeout(47)) - RetriableDatanodeCommand type=deleteBlocksCommand with id=1560519979122 timed out. Retrying.
2019-06-14 13:46:26,874 INFO  commands.RetriableDatanodeEventWatcher (RetriableDatanodeEventWatcher.java:onTimeout(47)) - RetriableDatanodeCommand type=deleteBlocksCommand with id=1560519979132 timed out. Retrying.
2019-06-14 13:46:26,882 INFO  commands.RetriableDatanodeEventWatcher (RetriableDatanodeEventWatcher.java:onTimeout(47)) - RetriableDatanodeCommand type=deleteBlocksCommand with id=1560519979142 timed out. Retrying.
2019-06-14 13:46:26,891 INFO  commands.RetriableDatanodeEventWatcher (RetriableDatanodeEventWatcher.java:onTimeout(47)) - RetriableDatanodeCommand type=deleteBlocksCommand with id=1560519979152 timed out. Retrying.
2019-06-14 13:46:26,899 DEBUG block.SCMBlockDeletingService (SCMBlockDeletingService.java:call(138)) - Running DeletedBlockTransactionScanner
2019-06-14 13:46:26,899 DEBUG block.SCMBlockDeletingService (SCMBlockDeletingService.java:call(155)) - Scanned deleted blocks log and got 3 delTX to process.
2019-06-14 13:46:26,899 DEBUG block.SCMBlockDeletingService (SCMBlockDeletingService.java:call(171)) - Added delete block command for datanode 0c156e3c-57cc-425b-90ef-9bcaa62a7535 in the queue, number of delete block transactions: 3, TxID list: 1,2,3
2019-06-14 13:46:26,899 INFO  block.SCMBlockDeletingService (SCMBlockDeletingService.java:call(182)) - Totally added 3 delete blocks command for 1 datanodes, task elapsed time: 1ms
2019-06-14 13:46:26,900 INFO  commands.RetriableDatanodeEventWatcher (RetriableDatanodeEventWatcher.java:onTimeout(47)) - RetriableDatanodeCommand type=deleteBlocksCommand with id=1560519979093 timed out. Retrying.
2019-06-14 13:46:26,910 INFO  commands.RetriableDatanodeEventWatcher (RetriableDatanodeEventWatcher.java:onTimeout(47)) - RetriableDatanodeCommand type=deleteBlocksCommand with id=1560519979103 timed out. Retrying.
2019-06-14 13:46:26,924 INFO  commands.RetriableDatanodeEventWatcher (RetriableDatanodeEventWatcher.java:onTimeout(47)) - RetriableDatanodeCommand type=deleteBlocksCommand with id=1560519979113 timed out. Retrying.
2019-06-14 13:46:26,967 INFO  commands.RetriableDatanodeEventWatcher (RetriableDatanodeEventWatcher.java:onTimeout(47)) - RetriableDatanodeCommand type=deleteBlocksCommand with id=1560519979123 timed out. Retrying.
2019-06-14 13:46:26,975 INFO  commands.RetriableDatanodeEventWatcher (RetriableDatanodeEventWatcher.java:onTimeout(47)) - RetriableDatanodeCommand type=deleteBlocksCommand with id=1560519979133 timed out. Retrying.
2019-06-14 13:46:26,985 INFO  commands.RetriableDatanodeEventWatcher (RetriableDatanodeEventWatcher.java:onTimeout(47)) - RetriableDatanodeCommand type=deleteBlocksCommand with id=1560519979143 timed out. Retrying.
2019-06-14 13:46:26,991 INFO  commands.RetriableDatanodeEventWatcher (RetriableDatanodeEventWatcher.java:onTimeout(47)) - RetriableDatanodeCommand type=deleteBlocksCommand with id=1560519979153 timed out. Retrying.
2019-06-14 13:46:27,000 DEBUG block.SCMBlockDeletingService (SCMBlockDeletingService.java:call(138)) - Running DeletedBlockTransactionScanner
2019-06-14 13:46:27,000 DEBUG block.SCMBlockDeletingService (SCMBlockDeletingService.java:call(155)) - Scanned deleted blocks log and got 3 delTX to process.
2019-06-14 13:46:27,000 DEBUG block.SCMBlockDeletingService (SCMBlockDeletingService.java:call(171)) - Added delete block command for datanode 0c156e3c-57cc-425b-90ef-9bcaa62a7535 in the queue, number of delete block transactions: 3, TxID list: 1,2,3
2019-06-14 13:46:27,000 INFO  block.SCMBlockDeletingService (SCMBlockDeletingService.java:call(182)) - Totally added 3 delete blocks command for 1 datanodes, task elapsed time: 1ms
2019-06-14 13:46:27,002 INFO  commands.RetriableDatanodeEventWatcher (RetriableDatanodeEventWatcher.java:onTimeout(47)) - RetriableDatanodeCommand type=deleteBlocksCommand with id=1560519979094 timed out. Retrying.
2019-06-14 13:46:27,014 INFO  commands.RetriableDatanodeEventWatcher (RetriableDatanodeEventWatcher.java:onTimeout(47)) - RetriableDatanodeCommand type=deleteBlocksCommand with id=1560519979104 timed out. Retrying.
2019-06-14 13:46:27,024 INFO  commands.RetriableDatanodeEventWatcher (RetriableDatanodeEventWatcher.java:onTimeout(47)) - RetriableDatanodeCommand type=deleteBlocksCommand with id=1560519979114 timed out. Retrying.
2019-06-14 13:46:27,069 INFO  commands.RetriableDatanodeEventWatcher (RetriableDatanodeEventWatcher.java:onTimeout(47)) - RetriableDatanodeCommand type=deleteBlocksCommand with id=1560519979124 timed out. Retrying.
2019-06-14 13:46:27,077 INFO  commands.RetriableDatanodeEventWatcher (RetriableDatanodeEventWatcher.java:onTimeout(47)) - RetriableDatanodeCommand type=deleteBlocksCommand with id=1560519979134 timed out. Retrying.
2019-06-14 13:46:27,085 INFO  commands.RetriableDatanodeEventWatcher (RetriableDatanodeEventWatcher.java:onTimeout(47)) - RetriableDatanodeCommand type=deleteBlocksCommand with id=1560519979144 timed out. Retrying.
2019-06-14 13:46:27,088 INFO  commands.RetriableDatanodeEventWatcher (RetriableDatanodeEventWatcher.java:onTimeout(47)) - RetriableDatanodeCommand type=deleteBlocksCommand with id=1560519979085 timed out. Retrying.
2019-06-14 13:46:27,093 INFO  commands.RetriableDatanodeEventWatcher (RetriableDatanodeEventWatcher.java:onTimeout(47)) - RetriableDatanodeCommand type=deleteBlocksCommand with id=1560519979154 timed out. Retrying.
2019-06-14 13:46:27,101 DEBUG block.SCMBlockDeletingService (SCMBlockDeletingService.java:call(138)) - Running DeletedBlockTransactionScanner
2019-06-14 13:46:27,101 DEBUG block.SCMBlockDeletingService (SCMBlockDeletingService.java:call(155)) - Scanned deleted blocks log and got 3 delTX to process.
2019-06-14 13:46:27,101 DEBUG block.SCMBlockDeletingService (SCMBlockDeletingService.java:call(171)) - Added delete block command for datanode 0c156e3c-57cc-425b-90ef-9bcaa62a7535 in the queue, number of delete block transactions: 3, TxID list: 1,2,3
2019-06-14 13:46:27,101 INFO  block.SCMBlockDeletingService (SCMBlockDeletingService.java:call(182)) - Totally added 3 delete blocks command for 1 datanodes, task elapsed time: 1ms
2019-06-14 13:46:27,102 INFO  commands.RetriableDatanodeEventWatcher (RetriableDatanodeEventWatcher.java:onTimeout(47)) - RetriableDatanodeCommand type=deleteBlocksCommand with id=1560519979095 timed out. Retrying.
2019-06-14 13:46:27,114 INFO  commands.RetriableDatanodeEventWatcher (RetriableDatanodeEventWatcher.java:onTimeout(47)) - RetriableDatanodeCommand type=deleteBlocksCommand with id=1560519979105 timed out. Retrying.
2019-06-14 13:46:27,133 INFO  commands.RetriableDatanodeEventWatcher (RetriableDatanodeEventWatcher.java:onTimeout(47)) - RetriableDatanodeCommand type=deleteBlocksCommand with id=1560519979115 timed out. Retrying.
2019-06-14 13:46:27,168 INFO  commands.RetriableDatanodeEventWatcher (RetriableDatanodeEventWatcher.java:onTimeout(47)) - RetriableDatanodeCommand type=deleteBlocksCommand with id=1560519979125 timed out. Retrying.
2019-06-14 13:46:27,177 INFO  commands.RetriableDatanodeEventWatcher (RetriableDatanodeEventWatcher.java:onTimeout(47)) - RetriableDatanodeCommand type=deleteBlocksCommand with id=1560519979135 timed out. Retrying.
2019-06-14 13:46:27,186 INFO  commands.RetriableDatanodeEventWatcher (RetriableDatanodeEventWatcher.java:onTimeout(47)) - RetriableDatanodeCommand type=deleteBlocksCommand with id=1560519979145 timed out. Retrying.
2019-06-14 13:46:27,194 INFO  commands.RetriableDatanodeEventWatcher (RetriableDatanodeEventWatcher.java:onTimeout(47)) - RetriableDatanodeCommand type=deleteBlocksCommand with id=1560519979086 timed out. Retrying.
2019-06-14 13:46:27,194 INFO  commands.RetriableDatanodeEventWatcher (RetriableDatanodeEventWatcher.java:onTimeout(47)) - RetriableDatanodeCommand type=deleteBlocksCommand with id=1560519979155 timed out. Retrying.
2019-06-14 13:46:27,201 INFO  commands.RetriableDatanodeEventWatcher (RetriableDatanodeEventWatcher.java:onTimeout(47)) - RetriableDatanodeCommand type=deleteBlocksCommand with id=1560519979096 timed out. Retrying.
2019-06-14 13:46:27,202 DEBUG block.SCMBlockDeletingService (SCMBlockDeletingService.java:call(138)) - Running DeletedBlockTransactionScanner
2019-06-14 13:46:27,202 DEBUG block.SCMBlockDeletingService (SCMBlockDeletingService.java:call(155)) - Scanned deleted blocks log and got 3 delTX to process.
2019-06-14 13:46:27,202 DEBUG block.SCMBlockDeletingService (SCMBlockDeletingService.java:call(171)) - Added delete block command for datanode 0c156e3c-57cc-425b-90ef-9bcaa62a7535 in the queue, number of delete block transactions: 3, TxID list: 1,2,3
2019-06-14 13:46:27,202 INFO  block.SCMBlockDeletingService (SCMBlockDeletingService.java:call(182)) - Totally added 3 delete blocks command for 1 datanodes, task elapsed time: 1ms
2019-06-14 13:46:27,219 INFO  commands.RetriableDatanodeEventWatcher (RetriableDatanodeEventWatcher.java:onTimeout(47)) - RetriableDatanodeCommand type=deleteBlocksCommand with id=1560519979106 timed out. Retrying.
2019-06-14 13:46:27,237 INFO  commands.RetriableDatanodeEventWatcher (RetriableDatanodeEventWatcher.java:onTimeout(47)) - RetriableDatanodeCommand type=deleteBlocksCommand with id=1560519979116 timed out. Retrying.
2019-06-14 13:46:27,271 INFO  commands.RetriableDatanodeEventWatcher (RetriableDatanodeEventWatcher.java:onTimeout(47)) - RetriableDatanodeCommand type=deleteBlocksCommand with id=1560519979126 timed out. Retrying.
2019-06-14 13:46:27,277 INFO  commands.RetriableDatanodeEventWatcher (RetriableDatanodeEventWatcher.java:onTimeout(47)) - RetriableDatanodeCommand type=deleteBlocksCommand with id=1560519979136 timed out. Retrying.
2019-06-14 13:46:27,286 INFO  commands.RetriableDatanodeEventWatcher (RetriableDatanodeEventWatcher.java:onTimeout(47)) - RetriableDatanodeCommand type=deleteBlocksCommand with id=1560519979146 timed out. Retrying.
2019-06-14 13:46:27,293 INFO  commands.RetriableDatanodeEventWatcher (RetriableDatanodeEventWatcher.java:onTimeout(47)) - RetriableDatanodeCommand type=deleteBlocksCommand with id=1560519979087 timed out. Retrying.
2019-06-14 13:46:27,294 INFO  commands.RetriableDatanodeEventWatcher (RetriableDatanodeEventWatcher.java:onTimeout(47)) - RetriableDatanodeCommand type=deleteBlocksCommand with id=1560519979156 timed out. Retrying.
2019-06-14 13:46:27,302 DEBUG block.SCMBlockDeletingService (SCMBlockDeletingService.java:call(138)) - Running DeletedBlockTransactionScanner
2019-06-14 13:46:27,303 DEBUG block.SCMBlockDeletingService (SCMBlockDeletingService.java:call(155)) - Scanned deleted blocks log and got 3 delTX to process.
2019-06-14 13:46:27,303 DEBUG block.SCMBlockDeletingService (SCMBlockDeletingService.java:call(171)) - Added delete block command for datanode 0c156e3c-57cc-425b-90ef-9bcaa62a7535 in the queue, number of delete block transactions: 3, TxID list: 1,2,3
2019-06-14 13:46:27,303 INFO  block.SCMBlockDeletingService (SCMBlockDeletingService.java:call(182)) - Totally added 3 delete blocks command for 1 datanodes, task elapsed time: 1ms
2019-06-14 13:46:27,307 INFO  commands.RetriableDatanodeEventWatcher (RetriableDatanodeEventWatcher.java:onTimeout(47)) - RetriableDatanodeCommand type=deleteBlocksCommand with id=1560519979097 timed out. Retrying.
2019-06-14 13:46:27,317 INFO  commands.RetriableDatanodeEventWatcher (RetriableDatanodeEventWatcher.java:onTimeout(47)) - RetriableDatanodeCommand type=deleteBlocksCommand with id=1560519979107 timed out. Retrying.
2019-06-14 13:46:27,347 INFO  commands.RetriableDatanodeEventWatcher (RetriableDatanodeEventWatcher.java:onTimeout(47)) - RetriableDatanodeCommand type=deleteBlocksCommand with id=1560519979117 timed out. Retrying.
2019-06-14 13:46:27,371 INFO  commands.RetriableDatanodeEventWatcher (RetriableDatanodeEventWatcher.java:onTimeout(47)) - RetriableDatanodeCommand type=deleteBlocksCommand with id=1560519979127 timed out. Retrying.
2019-06-14 13:46:27,378 INFO  commands.RetriableDatanodeEventWatcher (RetriableDatanodeEventWatcher.java:onTimeout(47)) - RetriableDatanodeCommand type=deleteBlocksCommand with id=1560519979137 timed out. Retrying.
2019-06-14 13:46:27,386 INFO  commands.RetriableDatanodeEventWatcher (RetriableDatanodeEventWatcher.java:onTimeout(47)) - RetriableDatanodeCommand type=deleteBlocksCommand with id=1560519979147 timed out. Retrying.
2019-06-14 13:46:27,395 INFO  commands.RetriableDatanodeEventWatcher (RetriableDatanodeEventWatcher.java:onTimeout(47)) - RetriableDatanodeCommand type=deleteBlocksCommand with id=1560519979157 timed out. Retrying.
2019-06-14 13:46:27,396 INFO  commands.RetriableDatanodeEventWatcher (RetriableDatanodeEventWatcher.java:onTimeout(47)) - RetriableDatanodeCommand type=deleteBlocksCommand with id=1560519979088 timed out. Retrying.
2019-06-14 13:46:27,403 DEBUG block.SCMBlockDeletingService (SCMBlockDeletingService.java:call(138)) - Running DeletedBlockTransactionScanner
2019-06-14 13:46:27,403 DEBUG block.SCMBlockDeletingService (SCMBlockDeletingService.java:call(155)) - Scanned deleted blocks log and got 3 delTX to process.
2019-06-14 13:46:27,403 DEBUG block.SCMBlockDeletingService (SCMBlockDeletingService.java:call(171)) - Added delete block command for datanode 0c156e3c-57cc-425b-90ef-9bcaa62a7535 in the queue, number of delete block transactions: 3, TxID list: 1,2,3
2019-06-14 13:46:27,404 INFO  block.SCMBlockDeletingService (SCMBlockDeletingService.java:call(182)) - Totally added 3 delete blocks command for 1 datanodes, task elapsed time: 0ms
2019-06-14 13:46:27,407 INFO  commands.RetriableDatanodeEventWatcher (RetriableDatanodeEventWatcher.java:onTimeout(47)) - RetriableDatanodeCommand type=deleteBlocksCommand with id=1560519979098 timed out. Retrying.
2019-06-14 13:46:27,420 INFO  commands.RetriableDatanodeEventWatcher (RetriableDatanodeEventWatcher.java:onTimeout(47)) - RetriableDatanodeCommand type=deleteBlocksCommand with id=1560519979108 timed out. Retrying.
2019-06-14 13:46:27,455 INFO  commands.RetriableDatanodeEventWatcher (RetriableDatanodeEventWatcher.java:onTimeout(47)) - RetriableDatanodeCommand type=deleteBlocksCommand with id=1560519979118 timed out. Retrying.
2019-06-14 13:46:27,472 INFO  commands.RetriableDatanodeEventWatcher (RetriableDatanodeEventWatcher.java:onTimeout(47)) - RetriableDatanodeCommand type=deleteBlocksCommand with id=1560519979128 timed out. Retrying.
2019-06-14 13:46:27,480 INFO  commands.RetriableDatanodeEventWatcher (RetriableDatanodeEventWatcher.java:onTimeout(47)) - RetriableDatanodeCommand type=deleteBlocksCommand with id=1560519979138 timed out. Retrying.
2019-06-14 13:46:27,488 INFO  commands.RetriableDatanodeEventWatcher (RetriableDatanodeEventWatcher.java:onTimeout(47)) - RetriableDatanodeCommand type=deleteBlocksCommand with id=1560519979148 timed out. Retrying.
2019-06-14 13:46:27,495 INFO  commands.RetriableDatanodeEventWatcher (RetriableDatanodeEventWatcher.java:onTimeout(47)) - RetriableDatanodeCommand type=deleteBlocksCommand with id=1560519979089 timed out. Retrying.
2019-06-14 13:46:27,495 INFO  commands.RetriableDatanodeEventWatcher (RetriableDatanodeEventWatcher.java:onTimeout(47)) - RetriableDatanodeCommand type=deleteBlocksCommand with id=1560519979158 timed out. Retrying.
2019-06-14 13:46:27,504 DEBUG block.SCMBlockDeletingService (SCMBlockDeletingService.java:call(138)) - Running DeletedBlockTransactionScanner
2019-06-14 13:46:27,504 DEBUG block.SCMBlockDeletingService (SCMBlockDeletingService.java:call(155)) - Scanned deleted blocks log and got 3 delTX to process.
2019-06-14 13:46:27,504 DEBUG block.SCMBlockDeletingService (SCMBlockDeletingService.java:call(171)) - Added delete block command for datanode 0c156e3c-57cc-425b-90ef-9bcaa62a7535 in the queue, number of delete block transactions: 3, TxID list: 1,2,3
2019-06-14 13:46:27,504 INFO  block.SCMBlockDeletingService (SCMBlockDeletingService.java:call(182)) - Totally added 3 delete blocks command for 1 datanodes, task elapsed time: 0ms
2019-06-14 13:46:27,507 INFO  commands.RetriableDatanodeEventWatcher (RetriableDatanodeEventWatcher.java:onTimeout(47)) - RetriableDatanodeCommand type=deleteBlocksCommand with id=1560519979099 timed out. Retrying.
2019-06-14 13:46:27,518 INFO  commands.RetriableDatanodeEventWatcher (RetriableDatanodeEventWatcher.java:onTimeout(47)) - RetriableDatanodeCommand type=deleteBlocksCommand with id=1560519979109 timed out. Retrying.
2019-06-14 13:46:27,563 INFO  commands.RetriableDatanodeEventWatcher (RetriableDatanodeEventWatcher.java:onTimeout(47)) - RetriableDatanodeCommand type=deleteBlocksCommand with id=1560519979119 timed out. Retrying.
2019-06-14 13:46:27,573 INFO  commands.RetriableDatanodeEventWatcher (RetriableDatanodeEventWatcher.java:onTimeout(47)) - RetriableDatanodeCommand type=deleteBlocksCommand with id=1560519979129 timed out. Retrying.
2019-06-14 13:46:27,581 INFO  commands.RetriableDatanodeEventWatcher (RetriableDatanodeEventWatcher.java:onTimeout(47)) - RetriableDatanodeCommand type=deleteBlocksCommand with id=1560519979139 timed out. Retrying.
2019-06-14 13:46:27,589 INFO  commands.RetriableDatanodeEventWatcher (RetriableDatanodeEventWatcher.java:onTimeout(47)) - RetriableDatanodeCommand type=deleteBlocksCommand with id=1560519979149 timed out. Retrying.
2019-06-14 13:46:27,595 INFO  ozone.MiniOzoneClusterImpl (MiniOzoneClusterImpl.java:lambda$waitForClusterToBeReady$0(142)) - Waiting for cluster to be ready. Got 0 of 1 DN Heartbeats.
2019-06-14 13:46:27,597 INFO  commands.RetriableDatanodeEventWatcher (RetriableDatanodeEventWatcher.java:onTimeout(47)) - RetriableDatanodeCommand type=deleteBlocksCommand with id=1560519979090 timed out. Retrying.
2019-06-14 13:46:27,597 INFO  commands.RetriableDatanodeEventWatcher (RetriableDatanodeEventWatcher.java:onTimeout(47)) - RetriableDatanodeCommand type=deleteBlocksCommand with id=1560519979159 timed out. Retrying.
2019-06-14 13:46:27,605 DEBUG block.SCMBlockDeletingService (SCMBlockDeletingService.java:call(138)) - Running DeletedBlockTransactionScanner
2019-06-14 13:46:27,605 DEBUG block.SCMBlockDeletingService (SCMBlockDeletingService.java:call(155)) - Scanned deleted blocks log and got 3 delTX to process.
2019-06-14 13:46:27,605 DEBUG block.SCMBlockDeletingService (SCMBlockDeletingService.java:call(171)) - Added delete block command for datanode 0c156e3c-57cc-425b-90ef-9bcaa62a7535 in the queue, number of delete block transactions: 3, TxID list: 1,2,3
2019-06-14 13:46:27,605 INFO  block.SCMBlockDeletingService (SCMBlockDeletingService.java:call(182)) - Totally added 3 delete blocks command for 1 datanodes, task elapsed time: 1ms
2019-06-14 13:46:27,609 INFO  commands.RetriableDatanodeEventWatcher (RetriableDatanodeEventWatcher.java:onTimeout(47)) - RetriableDatanodeCommand type=deleteBlocksCommand with id=1560519979100 timed out. Retrying.
2019-06-14 13:46:27,620 INFO  commands.RetriableDatanodeEventWatcher (RetriableDatanodeEventWatcher.java:onTimeout(47)) - RetriableDatanodeCommand type=deleteBlocksCommand with id=1560519979110 timed out. Retrying.
2019-06-14 13:46:27,663 INFO  commands.RetriableDatanodeEventWatcher (RetriableDatanodeEventWatcher.java:onTimeout(47)) - RetriableDatanodeCommand type=deleteBlocksCommand with id=1560519979120 timed out. Retrying.
2019-06-14 13:46:27,677 INFO  commands.RetriableDatanodeEventWatcher (RetriableDatanodeEventWatcher.java:onTimeout(47)) - RetriableDatanodeCommand type=deleteBlocksCommand with id=1560519979130 timed out. Retrying.
2019-06-14 13:46:27,681 INFO  commands.RetriableDatanodeEventWatcher (RetriableDatanodeEventWatcher.java:onTimeout(47)) - RetriableDatanodeCommand type=deleteBlocksCommand with id=1560519979140 timed out. Retrying.
2019-06-14 13:46:27,690 INFO  commands.RetriableDatanodeEventWatcher (RetriableDatanodeEventWatcher.java:onTimeout(47)) - RetriableDatanodeCommand type=deleteBlocksCommand with id=1560519979150 timed out. Retrying.
2019-06-14 13:46:27,697 INFO  commands.RetriableDatanodeEventWatcher (RetriableDatanodeEventWatcher.java:onTimeout(47)) - RetriableDatanodeCommand type=deleteBlocksCommand with id=1560519979091 timed out. Retrying.
2019-06-14 13:46:27,697 INFO  commands.RetriableDatanodeEventWatcher (RetriableDatanodeEventWatcher.java:onTimeout(47)) - RetriableDatanodeCommand type=deleteBlocksCommand with id=1560519979160 timed out. Retrying.
2019-06-14 13:46:27,705 DEBUG block.SCMBlockDeletingService (SCMBlockDeletingService.java:call(138)) - Running DeletedBlockTransactionScanner
2019-06-14 13:46:27,706 DEBUG block.SCMBlockDeletingService (SCMBlockDeletingService.java:call(155)) - Scanned deleted blocks log and got 3 delTX to process.
2019-06-14 13:46:27,706 DEBUG block.SCMBlockDeletingService (SCMBlockDeletingService.java:call(171)) - Added delete block command for datanode 0c156e3c-57cc-425b-90ef-9bcaa62a7535 in the queue, number of delete block transactions: 3, TxID list: 1,2,3
2019-06-14 13:46:27,706 INFO  block.SCMBlockDeletingService (SCMBlockDeletingService.java:call(182)) - Totally added 3 delete blocks command for 1 datanodes, task elapsed time: 1ms
2019-06-14 13:46:27,708 INFO  commands.RetriableDatanodeEventWatcher (RetriableDatanodeEventWatcher.java:onTimeout(47)) - RetriableDatanodeCommand type=deleteBlocksCommand with id=1560519979101 timed out. Retrying.
2019-06-14 13:46:27,722 INFO  commands.RetriableDatanodeEventWatcher (RetriableDatanodeEventWatcher.java:onTimeout(47)) - RetriableDatanodeCommand type=deleteBlocksCommand with id=1560519979111 timed out. Retrying.
2019-06-14 13:46:27,766 INFO  commands.RetriableDatanodeEventWatcher (RetriableDatanodeEventWatcher.java:onTimeout(47)) - RetriableDatanodeCommand type=deleteBlocksCommand with id=1560519979121 timed out. Retrying.
2019-06-14 13:46:27,775 INFO  commands.RetriableDatanodeEventWatcher (RetriableDatanodeEventWatcher.java:onTimeout(47)) - RetriableDatanodeCommand type=deleteBlocksCommand with id=1560519979131 timed out. Retrying.
2019-06-14 13:46:27,783 INFO  commands.RetriableDatanodeEventWatcher (RetriableDatanodeEventWatcher.java:onTimeout(47)) - RetriableDatanodeCommand type=deleteBlocksCommand with id=1560519979141 timed out. Retrying.
2019-06-14 13:46:27,790 INFO  commands.RetriableDatanodeEventWatcher (RetriableDatanodeEventWatcher.java:onTimeout(47)) - RetriableDatanodeCommand type=deleteBlocksCommand with id=1560519979151 timed out. Retrying.
2019-06-14 13:46:27,798 INFO  commands.RetriableDatanodeEventWatcher (RetriableDatanodeEventWatcher.java:onTimeout(47)) - RetriableDatanodeCommand type=deleteBlocksCommand with id=1560519979092 timed out. Retrying.
2019-06-14 13:46:27,798 INFO  commands.RetriableDatanodeEventWatcher (RetriableDatanodeEventWatcher.java:onTimeout(47)) - RetriableDatanodeCommand type=deleteBlocksCommand with id=1560519979161 timed out. Retrying.
2019-06-14 13:46:27,806 DEBUG block.SCMBlockDeletingService (SCMBlockDeletingService.java:call(138)) - Running DeletedBlockTransactionScanner
2019-06-14 13:46:27,807 DEBUG block.SCMBlockDeletingService (SCMBlockDeletingService.java:call(155)) - Scanned deleted blocks log and got 3 delTX to process.
2019-06-14 13:46:27,807 DEBUG block.SCMBlockDeletingService (SCMBlockDeletingService.java:call(171)) - Added delete block command for datanode 0c156e3c-57cc-425b-90ef-9bcaa62a7535 in the queue, number of delete block transactions: 3, TxID list: 1,2,3
2019-06-14 13:46:27,807 INFO  block.SCMBlockDeletingService (SCMBlockDeletingService.java:call(182)) - Totally added 3 delete blocks command for 1 datanodes, task elapsed time: 1ms
2019-06-14 13:46:27,809 INFO  commands.RetriableDatanodeEventWatcher (RetriableDatanodeEventWatcher.java:onTimeout(47)) - RetriableDatanodeCommand type=deleteBlocksCommand with id=1560519979102 timed out. Retrying.
2019-06-14 13:46:27,822 INFO  commands.RetriableDatanodeEventWatcher (RetriableDatanodeEventWatcher.java:onTimeout(47)) - RetriableDatanodeCommand type=deleteBlocksCommand with id=1560519979112 timed out. Retrying.
2019-06-14 13:46:27,868 INFO  commands.RetriableDatanodeEventWatcher (RetriableDatanodeEventWatcher.java:onTimeout(47)) - RetriableDatanodeCommand type=deleteBlocksCommand with id=1560519979122 timed out. Retrying.
2019-06-14 13:46:27,874 INFO  commands.RetriableDatanodeEventWatcher (RetriableDatanodeEventWatcher.java:onTimeout(47)) - RetriableDatanodeCommand type=deleteBlocksCommand with id=1560519979132 timed out. Retrying.
2019-06-14 13:46:27,882 INFO  commands.RetriableDatanodeEventWatcher (RetriableDatanodeEventWatcher.java:onTimeout(47)) - RetriableDatanodeCommand type=deleteBlocksCommand with id=1560519979142 timed out. Retrying.
2019-06-14 13:46:27,891 INFO  commands.RetriableDatanodeEventWatcher (RetriableDatanodeEventWatcher.java:onTimeout(47)) - RetriableDatanodeCommand type=deleteBlocksCommand with id=1560519979152 timed out. Retrying.
2019-06-14 13:46:27,900 INFO  commands.RetriableDatanodeEventWatcher (RetriableDatanodeEventWatcher.java:onTimeout(47)) - RetriableDatanodeCommand type=deleteBlocksCommand with id=1560519979162 timed out. Retrying.
2019-06-14 13:46:27,900 INFO  commands.RetriableDatanodeEventWatcher (RetriableDatanodeEventWatcher.java:onTimeout(47)) - RetriableDatanodeCommand type=deleteBlocksCommand with id=1560519979093 timed out. Retrying.
2019-06-14 13:46:27,907 DEBUG block.SCMBlockDeletingService (SCMBlockDeletingService.java:call(138)) - Running DeletedBlockTransactionScanner
2019-06-14 13:46:27,908 DEBUG block.SCMBlockDeletingService (SCMBlockDeletingService.java:call(155)) - Scanned deleted blocks log and got 3 delTX to process.
2019-06-14 13:46:27,908 DEBUG block.SCMBlockDeletingService (SCMBlockDeletingService.java:call(171)) - Added delete block command for datanode 0c156e3c-57cc-425b-90ef-9bcaa62a7535 in the queue, number of delete block transactions: 3, TxID list: 1,2,3
2019-06-14 13:46:27,908 INFO  block.SCMBlockDeletingService (SCMBlockDeletingService.java:call(182)) - Totally added 3 delete blocks command for 1 datanodes, task elapsed time: 1ms
2019-06-14 13:46:27,910 INFO  commands.RetriableDatanodeEventWatcher (RetriableDatanodeEventWatcher.java:onTimeout(47)) - RetriableDatanodeCommand type=deleteBlocksCommand with id=1560519979103 timed out. Retrying.
2019-06-14 13:46:27,924 INFO  commands.RetriableDatanodeEventWatcher (RetriableDatanodeEventWatcher.java:onTimeout(47)) - RetriableDatanodeCommand type=deleteBlocksCommand with id=1560519979113 timed out. Retrying.
2019-06-14 13:46:27,967 INFO  commands.RetriableDatanodeEventWatcher (RetriableDatanodeEventWatcher.java:onTimeout(47)) - RetriableDatanodeCommand type=deleteBlocksCommand with id=1560519979123 timed out. Retrying.
2019-06-14 13:46:27,976 INFO  commands.RetriableDatanodeEventWatcher (RetriableDatanodeEventWatcher.java:onTimeout(47)) - RetriableDatanodeCommand type=deleteBlocksCommand with id=1560519979133 timed out. Retrying.
2019-06-14 13:46:27,985 INFO  commands.RetriableDatanodeEventWatcher (RetriableDatanodeEventWatcher.java:onTimeout(47)) - RetriableDatanodeCommand type=deleteBlocksCommand with id=1560519979143 timed out. Retrying.
2019-06-14 13:46:27,991 INFO  commands.RetriableDatanodeEventWatcher (RetriableDatanodeEventWatcher.java:onTimeout(47)) - RetriableDatanodeCommand type=deleteBlocksCommand with id=1560519979153 timed out. Retrying.
2019-06-14 13:46:28,001 INFO  commands.RetriableDatanodeEventWatcher (RetriableDatanodeEventWatcher.java:onTimeout(47)) - RetriableDatanodeCommand type=deleteBlocksCommand with id=1560519979163 timed out. Retrying.
2019-06-14 13:46:28,002 INFO  commands.RetriableDatanodeEventWatcher (RetriableDatanodeEventWatcher.java:onTimeout(47)) - RetriableDatanodeCommand type=deleteBlocksCommand with id=1560519979094 timed out. Retrying.
2019-06-14 13:46:28,008 DEBUG block.SCMBlockDeletingService (SCMBlockDeletingService.java:call(138)) - Running DeletedBlockTransactionScanner
2019-06-14 13:46:28,008 DEBUG block.SCMBlockDeletingService (SCMBlockDeletingService.java:call(155)) - Scanned deleted blocks log and got 3 delTX to process.
2019-06-14 13:46:28,008 DEBUG block.SCMBlockDeletingService (SCMBlockDeletingService.java:call(171)) - Added delete block command for datanode 0c156e3c-57cc-425b-90ef-9bcaa62a7535 in the queue, number of delete block transactions: 3, TxID list: 1,2,3
2019-06-14 13:46:28,009 INFO  block.SCMBlockDeletingService (SCMBlockDeletingService.java:call(182)) - Totally added 3 delete blocks command for 1 datanodes, task elapsed time: 0ms
2019-06-14 13:46:28,014 INFO  commands.RetriableDatanodeEventWatcher (RetriableDatanodeEventWatcher.java:onTimeout(47)) - RetriableDatanodeCommand type=deleteBlocksCommand with id=1560519979104 timed out. Retrying.
2019-06-14 13:46:28,025 INFO  commands.RetriableDatanodeEventWatcher (RetriableDatanodeEventWatcher.java:onTimeout(47)) - RetriableDatanodeCommand type=deleteBlocksCommand with id=1560519979114 timed out. Retrying.
2019-06-14 13:46:28,069 INFO  commands.RetriableDatanodeEventWatcher (RetriableDatanodeEventWatcher.java:onTimeout(47)) - RetriableDatanodeCommand type=deleteBlocksCommand with id=1560519979124 timed out. Retrying.
2019-06-14 13:46:28,077 INFO  commands.RetriableDatanodeEventWatcher (RetriableDatanodeEventWatcher.java:onTimeout(47)) - RetriableDatanodeCommand type=deleteBlocksCommand with id=1560519979134 timed out. Retrying.
2019-06-14 13:46:28,086 INFO  commands.RetriableDatanodeEventWatcher (RetriableDatanodeEventWatcher.java:onTimeout(47)) - RetriableDatanodeCommand type=deleteBlocksCommand with id=1560519979144 timed out. Retrying.
2019-06-14 13:46:28,089 INFO  commands.RetriableDatanodeEventWatcher (RetriableDatanodeEventWatcher.java:onTimeout(47)) - RetriableDatanodeCommand type=deleteBlocksCommand with id=1560519979085 timed out. Retrying.
2019-06-14 13:46:28,092 INFO  commands.RetriableDatanodeEventWatcher (RetriableDatanodeEventWatcher.java:onTimeout(47)) - RetriableDatanodeCommand type=deleteBlocksCommand with id=1560519979154 timed out. Retrying.
2019-06-14 13:46:28,101 INFO  commands.RetriableDatanodeEventWatcher (RetriableDatanodeEventWatcher.java:onTimeout(47)) - RetriableDatanodeCommand type=deleteBlocksCommand with id=1560519979164 timed out. Retrying.
2019-06-14 13:46:28,102 INFO  commands.RetriableDatanodeEventWatcher (RetriableDatanodeEventWatcher.java:onTimeout(47)) - RetriableDatanodeCommand type=deleteBlocksCommand with id=1560519979095 timed out. Retrying.
2019-06-14 13:46:28,109 DEBUG block.SCMBlockDeletingService (SCMBlockDeletingService.java:call(138)) - Running DeletedBlockTransactionScanner
2019-06-14 13:46:28,109 DEBUG block.SCMBlockDeletingService (SCMBlockDeletingService.java:call(155)) - Scanned deleted blocks log and got 3 delTX to process.
2019-06-14 13:46:28,109 DEBUG block.SCMBlockDeletingService (SCMBlockDeletingService.java:call(171)) - Added delete block command for datanode 0c156e3c-57cc-425b-90ef-9bcaa62a7535 in the queue, number of delete block transactions: 3, TxID list: 1,2,3
2019-06-14 13:46:28,109 INFO  block.SCMBlockDeletingService (SCMBlockDeletingService.java:call(182)) - Totally added 3 delete blocks command for 1 datanodes, task elapsed time: 1ms
2019-06-14 13:46:28,114 INFO  commands.RetriableDatanodeEventWatcher (RetriableDatanodeEventWatcher.java:onTimeout(47)) - RetriableDatanodeCommand type=deleteBlocksCommand with id=1560519979105 timed out. Retrying.
2019-06-14 13:46:28,133 INFO  commands.RetriableDatanodeEventWatcher (RetriableDatanodeEventWatcher.java:onTimeout(47)) - RetriableDatanodeCommand type=deleteBlocksCommand with id=1560519979115 timed out. Retrying.
2019-06-14 13:46:28,169 INFO  commands.RetriableDatanodeEventWatcher (RetriableDatanodeEventWatcher.java:onTimeout(47)) - RetriableDatanodeCommand type=deleteBlocksCommand with id=1560519979125 timed out. Retrying.
2019-06-14 13:46:28,177 INFO  commands.RetriableDatanodeEventWatcher (RetriableDatanodeEventWatcher.java:onTimeout(47)) - RetriableDatanodeCommand type=deleteBlocksCommand with id=1560519979135 timed out. Retrying.
2019-06-14 13:46:28,185 INFO  commands.RetriableDatanodeEventWatcher (RetriableDatanodeEventWatcher.java:onTimeout(47)) - RetriableDatanodeCommand type=deleteBlocksCommand with id=1560519979145 timed out. Retrying.
2019-06-14 13:46:28,195 INFO  commands.RetriableDatanodeEventWatcher (RetriableDatanodeEventWatcher.java:onTimeout(47)) - RetriableDatanodeCommand type=deleteBlocksCommand with id=1560519979086 timed out. Retrying.
2019-06-14 13:46:28,195 INFO  commands.RetriableDatanodeEventWatcher (RetriableDatanodeEventWatcher.java:onTimeout(47)) - RetriableDatanodeCommand type=deleteBlocksCommand with id=1560519979155 timed out. Retrying.
2019-06-14 13:46:28,201 INFO  commands.RetriableDatanodeEventWatcher (RetriableDatanodeEventWatcher.java:onTimeout(47)) - RetriableDatanodeCommand type=deleteBlocksCommand with id=1560519979096 timed out. Retrying.
2019-06-14 13:46:28,202 INFO  commands.RetriableDatanodeEventWatcher (RetriableDatanodeEventWatcher.java:onTimeout(47)) - RetriableDatanodeCommand type=deleteBlocksCommand with id=1560519979165 timed out. Retrying.
2019-06-14 13:46:28,209 DEBUG block.SCMBlockDeletingService (SCMBlockDeletingService.java:call(138)) - Running DeletedBlockTransactionScanner
2019-06-14 13:46:28,210 DEBUG block.SCMBlockDeletingService (SCMBlockDeletingService.java:call(155)) - Scanned deleted blocks log and got 3 delTX to process.
2019-06-14 13:46:28,210 DEBUG block.SCMBlockDeletingService (SCMBlockDeletingService.java:call(171)) - Added delete block command for datanode 0c156e3c-57cc-425b-90ef-9bcaa62a7535 in the queue, number of delete block transactions: 3, TxID list: 1,2,3
2019-06-14 13:46:28,210 INFO  block.SCMBlockDeletingService (SCMBlockDeletingService.java:call(182)) - Totally added 3 delete blocks command for 1 datanodes, task elapsed time: 1ms
2019-06-14 13:46:28,220 INFO  commands.RetriableDatanodeEventWatcher (RetriableDatanodeEventWatcher.java:onTimeout(47)) - RetriableDatanodeCommand type=deleteBlocksCommand with id=1560519979106 timed out. Retrying.
2019-06-14 13:46:28,237 INFO  commands.RetriableDatanodeEventWatcher (RetriableDatanodeEventWatcher.java:onTimeout(47)) - RetriableDatanodeCommand type=deleteBlocksCommand with id=1560519979116 timed out. Retrying.
2019-06-14 13:46:28,271 INFO  commands.RetriableDatanodeEventWatcher (RetriableDatanodeEventWatcher.java:onTimeout(47)) - RetriableDatanodeCommand type=deleteBlocksCommand with id=1560519979126 timed out. Retrying.
2019-06-14 13:46:28,278 INFO  commands.RetriableDatanodeEventWatcher (RetriableDatanodeEventWatcher.java:onTimeout(47)) - RetriableDatanodeCommand type=deleteBlocksCommand with id=1560519979136 timed out. Retrying.
2019-06-14 13:46:28,287 INFO  commands.RetriableDatanodeEventWatcher (RetriableDatanodeEventWatcher.java:onTimeout(47)) - RetriableDatanodeCommand type=deleteBlocksCommand with id=1560519979146 timed out. Retrying.
2019-06-14 13:46:28,292 INFO  commands.RetriableDatanodeEventWatcher (RetriableDatanodeEventWatcher.java:onTimeout(47)) - RetriableDatanodeCommand type=deleteBlocksCommand with id=1560519979087 timed out. Retrying.
2019-06-14 13:46:28,294 INFO  commands.RetriableDatanodeEventWatcher (RetriableDatanodeEventWatcher.java:onTimeout(47)) - RetriableDatanodeCommand type=deleteBlocksCommand with id=1560519979156 timed out. Retrying.
2019-06-14 13:46:28,302 INFO  commands.RetriableDatanodeEventWatcher (RetriableDatanodeEventWatcher.java:onTimeout(47)) - RetriableDatanodeCommand type=deleteBlocksCommand with id=1560519979166 timed out. Retrying.
2019-06-14 13:46:28,308 INFO  commands.RetriableDatanodeEventWatcher (RetriableDatanodeEventWatcher.java:onTimeout(47)) - RetriableDatanodeCommand type=deleteBlocksCommand with id=1560519979097 timed out. Retrying.
2019-06-14 13:46:28,310 DEBUG block.SCMBlockDeletingService (SCMBlockDeletingService.java:call(138)) - Running DeletedBlockTransactionScanner
2019-06-14 13:46:28,310 DEBUG block.SCMBlockDeletingService (SCMBlockDeletingService.java:call(155)) - Scanned deleted blocks log and got 3 delTX to process.
2019-06-14 13:46:28,310 DEBUG block.SCMBlockDeletingService (SCMBlockDeletingService.java:call(171)) - Added delete block command for datanode 0c156e3c-57cc-425b-90ef-9bcaa62a7535 in the queue, number of delete block transactions: 3, TxID list: 1,2,3
2019-06-14 13:46:28,311 INFO  block.SCMBlockDeletingService (SCMBlockDeletingService.java:call(182)) - Totally added 3 delete blocks command for 1 datanodes, task elapsed time: 0ms
2019-06-14 13:46:28,318 INFO  commands.RetriableDatanodeEventWatcher (RetriableDatanodeEventWatcher.java:onTimeout(47)) - RetriableDatanodeCommand type=deleteBlocksCommand with id=1560519979107 timed out. Retrying.
2019-06-14 13:46:28,348 INFO  commands.RetriableDatanodeEventWatcher (RetriableDatanodeEventWatcher.java:onTimeout(47)) - RetriableDatanodeCommand type=deleteBlocksCommand with id=1560519979117 timed out. Retrying.
2019-06-14 13:46:28,371 INFO  commands.RetriableDatanodeEventWatcher (RetriableDatanodeEventWatcher.java:onTimeout(47)) - RetriableDatanodeCommand type=deleteBlocksCommand with id=1560519979127 timed out. Retrying.
2019-06-14 13:46:28,378 INFO  commands.RetriableDatanodeEventWatcher (RetriableDatanodeEventWatcher.java:onTimeout(47)) - RetriableDatanodeCommand type=deleteBlocksCommand with id=1560519979137 timed out. Retrying.
2019-06-14 13:46:28,387 INFO  commands.RetriableDatanodeEventWatcher (RetriableDatanodeEventWatcher.java:onTimeout(47)) - RetriableDatanodeCommand type=deleteBlocksCommand with id=1560519979147 timed out. Retrying.
2019-06-14 13:46:28,396 INFO  commands.RetriableDatanodeEventWatcher (RetriableDatanodeEventWatcher.java:onTimeout(47)) - RetriableDatanodeCommand type=deleteBlocksCommand with id=1560519979088 timed out. Retrying.
2019-06-14 13:46:28,396 INFO  commands.RetriableDatanodeEventWatcher (RetriableDatanodeEventWatcher.java:onTimeout(47)) - RetriableDatanodeCommand type=deleteBlocksCommand with id=1560519979157 timed out. Retrying.
2019-06-14 13:46:28,403 INFO  commands.RetriableDatanodeEventWatcher (RetriableDatanodeEventWatcher.java:onTimeout(47)) - RetriableDatanodeCommand type=deleteBlocksCommand with id=1560519979167 timed out. Retrying.
2019-06-14 13:46:28,406 INFO  commands.RetriableDatanodeEventWatcher (RetriableDatanodeEventWatcher.java:onTimeout(47)) - RetriableDatanodeCommand type=deleteBlocksCommand with id=1560519979098 timed out. Retrying.
2019-06-14 13:46:28,411 DEBUG block.SCMBlockDeletingService (SCMBlockDeletingService.java:call(138)) - Running DeletedBlockTransactionScanner
2019-06-14 13:46:28,411 DEBUG block.SCMBlockDeletingService (SCMBlockDeletingService.java:call(155)) - Scanned deleted blocks log and got 3 delTX to process.
2019-06-14 13:46:28,411 DEBUG block.SCMBlockDeletingService (SCMBlockDeletingService.java:call(171)) - Added delete block command for datanode 0c156e3c-57cc-425b-90ef-9bcaa62a7535 in the queue, number of delete block transactions: 3, TxID list: 1,2,3
2019-06-14 13:46:28,411 INFO  block.SCMBlockDeletingService (SCMBlockDeletingService.java:call(182)) - Totally added 3 delete blocks command for 1 datanodes, task elapsed time: 0ms
2019-06-14 13:46:28,420 INFO  commands.RetriableDatanodeEventWatcher (RetriableDatanodeEventWatcher.java:onTimeout(47)) - RetriableDatanodeCommand type=deleteBlocksCommand with id=1560519979108 timed out. Retrying.
2019-06-14 13:46:28,456 INFO  commands.RetriableDatanodeEventWatcher (RetriableDatanodeEventWatcher.java:onTimeout(47)) - RetriableDatanodeCommand type=deleteBlocksCommand with id=1560519979118 timed out. Retrying.
2019-06-14 13:46:28,473 INFO  commands.RetriableDatanodeEventWatcher (RetriableDatanodeEventWatcher.java:onTimeout(47)) - RetriableDatanodeCommand type=deleteBlocksCommand with id=1560519979128 timed out. Retrying.
2019-06-14 13:46:28,479 INFO  commands.RetriableDatanodeEventWatcher (RetriableDatanodeEventWatcher.java:onTimeout(47)) - RetriableDatanodeCommand type=deleteBlocksCommand with id=1560519979138 timed out. Retrying.
2019-06-14 13:46:28,488 INFO  commands.RetriableDatanodeEventWatcher (RetriableDatanodeEventWatcher.java:onTimeout(47)) - RetriableDatanodeCommand type=deleteBlocksCommand with id=1560519979148 timed out. Retrying.
2019-06-14 13:46:28,496 INFO  commands.RetriableDatanodeEventWatcher (RetriableDatanodeEventWatcher.java:onTimeout(47)) - RetriableDatanodeCommand type=deleteBlocksCommand with id=1560519979089 timed out. Retrying.
2019-06-14 13:46:28,496 INFO  commands.RetriableDatanodeEventWatcher (RetriableDatanodeEventWatcher.java:onTimeout(47)) - RetriableDatanodeCommand type=deleteBlocksCommand with id=1560519979158 timed out. Retrying.
2019-06-14 13:46:28,504 INFO  commands.RetriableDatanodeEventWatcher (RetriableDatanodeEventWatcher.java:onTimeout(47)) - RetriableDatanodeCommand type=deleteBlocksCommand with id=1560519979168 timed out. Retrying.
2019-06-14 13:46:28,507 INFO  commands.RetriableDatanodeEventWatcher (RetriableDatanodeEventWatcher.java:onTimeout(47)) - RetriableDatanodeCommand type=deleteBlocksCommand with id=1560519979099 timed out. Retrying.
2019-06-14 13:46:28,512 DEBUG block.SCMBlockDeletingService (SCMBlockDeletingService.java:call(138)) - Running DeletedBlockTransactionScanner
2019-06-14 13:46:28,512 DEBUG block.SCMBlockDeletingService (SCMBlockDeletingService.java:call(155)) - Scanned deleted blocks log and got 3 delTX to process.
2019-06-14 13:46:28,512 DEBUG block.SCMBlockDeletingService (SCMBlockDeletingService.java:call(171)) - Added delete block command for datanode 0c156e3c-57cc-425b-90ef-9bcaa62a7535 in the queue, number of delete block transactions: 3, TxID list: 1,2,3
2019-06-14 13:46:28,512 INFO  block.SCMBlockDeletingService (SCMBlockDeletingService.java:call(182)) - Totally added 3 delete blocks command for 1 datanodes, task elapsed time: 1ms
2019-06-14 13:46:28,518 INFO  commands.RetriableDatanodeEventWatcher (RetriableDatanodeEventWatcher.java:onTimeout(47)) - RetriableDatanodeCommand type=deleteBlocksCommand with id=1560519979109 timed out. Retrying.
2019-06-14 13:46:28,563 INFO  commands.RetriableDatanodeEventWatcher (RetriableDatanodeEventWatcher.java:onTimeout(47)) - RetriableDatanodeCommand type=deleteBlocksCommand with id=1560519979119 timed out. Retrying.
2019-06-14 13:46:28,573 INFO  commands.RetriableDatanodeEventWatcher (RetriableDatanodeEventWatcher.java:onTimeout(47)) - RetriableDatanodeCommand type=deleteBlocksCommand with id=1560519979129 timed out. Retrying.
2019-06-14 13:46:28,582 INFO  commands.RetriableDatanodeEventWatcher (RetriableDatanodeEventWatcher.java:onTimeout(47)) - RetriableDatanodeCommand type=deleteBlocksCommand with id=1560519979139 timed out. Retrying.
2019-06-14 13:46:28,588 INFO  commands.RetriableDatanodeEventWatcher (RetriableDatanodeEventWatcher.java:onTimeout(47)) - RetriableDatanodeCommand type=deleteBlocksCommand with id=1560519979149 timed out. Retrying.
2019-06-14 13:46:28,595 INFO  ozone.MiniOzoneClusterImpl (MiniOzoneClusterImpl.java:lambda$waitForClusterToBeReady$0(142)) - Waiting for cluster to be ready. Got 0 of 1 DN Heartbeats.
2019-06-14 13:46:28,597 INFO  commands.RetriableDatanodeEventWatcher (RetriableDatanodeEventWatcher.java:onTimeout(47)) - RetriableDatanodeCommand type=deleteBlocksCommand with id=1560519979090 timed out. Retrying.
2019-06-14 13:46:28,598 INFO  commands.RetriableDatanodeEventWatcher (RetriableDatanodeEventWatcher.java:onTimeout(47)) - RetriableDatanodeCommand type=deleteBlocksCommand with id=1560519979159 timed out. Retrying.
2019-06-14 13:46:28,599 INFO  block.SCMBlockDeletingService (SCMBlockDeletingService.java:handlePendingDeletes(115)) - Block deletion txnID mismatch in datanode 0c156e3c-57cc-425b-90ef-9bcaa62a7535 for containerID 1. Datanode delete txnID: 0, SCM txnID: 1
2019-06-14 13:46:28,599 INFO  block.SCMBlockDeletingService (SCMBlockDeletingService.java:handlePendingDeletes(115)) - Block deletion txnID mismatch in datanode 0c156e3c-57cc-425b-90ef-9bcaa62a7535 for containerID 2. Datanode delete txnID: 0, SCM txnID: 2
2019-06-14 13:46:28,600 INFO  block.SCMBlockDeletingService (SCMBlockDeletingService.java:handlePendingDeletes(115)) - Block deletion txnID mismatch in datanode 0c156e3c-57cc-425b-90ef-9bcaa62a7535 for containerID 3. Datanode delete txnID: 0, SCM txnID: 3
2019-06-14 13:46:28,609 INFO  commands.RetriableDatanodeEventWatcher (RetriableDatanodeEventWatcher.java:onTimeout(47)) - RetriableDatanodeCommand type=deleteBlocksCommand with id=1560519979169 timed out. Retrying.
2019-06-14 13:46:28,609 INFO  commands.RetriableDatanodeEventWatcher (RetriableDatanodeEventWatcher.java:onTimeout(47)) - RetriableDatanodeCommand type=deleteBlocksCommand with id=1560519979100 timed out. Retrying.
2019-06-14 13:46:28,614 DEBUG block.SCMBlockDeletingService (SCMBlockDeletingService.java:call(138)) - Running DeletedBlockTransactionScanner
2019-06-14 13:46:28,621 INFO  commands.RetriableDatanodeEventWatcher (RetriableDatanodeEventWatcher.java:onTimeout(47)) - RetriableDatanodeCommand type=deleteBlocksCommand with id=1560519979110 timed out. Retrying.
2019-06-14 13:46:28,621 DEBUG block.SCMBlockDeletingService (SCMBlockDeletingService.java:call(155)) - Scanned deleted blocks log and got 3 delTX to process.
2019-06-14 13:46:28,621 DEBUG block.SCMBlockDeletingService (SCMBlockDeletingService.java:call(171)) - Added delete block command for datanode 0c156e3c-57cc-425b-90ef-9bcaa62a7535 in the queue, number of delete block transactions: 3, TxID list: 1,2,3
2019-06-14 13:46:28,622 INFO  block.SCMBlockDeletingService (SCMBlockDeletingService.java:call(182)) - Totally added 3 delete blocks command for 1 datanodes, task elapsed time: 7ms
2019-06-14 13:46:28,662 INFO  commands.RetriableDatanodeEventWatcher (RetriableDatanodeEventWatcher.java:onTimeout(47)) - RetriableDatanodeCommand type=deleteBlocksCommand with id=1560519979120 timed out. Retrying.
2019-06-14 13:46:28,678 INFO  commands.RetriableDatanodeEventWatcher (RetriableDatanodeEventWatcher.java:onTimeout(47)) - RetriableDatanodeCommand type=deleteBlocksCommand with id=1560519979130 timed out. Retrying.
2019-06-14 13:46:28,700 INFO  commands.RetriableDatanodeEventWatcher (RetriableDatanodeEventWatcher.java:onTimeout(47)) - RetriableDatanodeCommand type=deleteBlocksCommand with id=1560519979140 timed out. Retrying.
2019-06-14 13:46:28,700 INFO  commands.RetriableDatanodeEventWatcher (RetriableDatanodeEventWatcher.java:onTimeout(47)) - RetriableDatanodeCommand type=deleteBlocksCommand with id=1560519979091 timed out. Retrying.
2019-06-14 13:46:28,706 INFO  commands.RetriableDatanodeEventWatcher (RetriableDatanodeEventWatcher.java:onTimeout(47)) - RetriableDatanodeCommand type=deleteBlocksCommand with id=1560519979150 timed out. Retrying.
2019-06-14 13:46:28,714 INFO  commands.RetriableDatanodeEventWatcher (RetriableDatanodeEventWatcher.java:onTimeout(47)) - RetriableDatanodeCommand type=deleteBlocksCommand with id=1560519979160 timed out. Retrying.
2019-06-14 13:46:28,715 INFO  commands.RetriableDatanodeEventWatcher (RetriableDatanodeEventWatcher.java:onTimeout(47)) - RetriableDatanodeCommand type=deleteBlocksCommand with id=1560519979170 timed out. Retrying.
2019-06-14 13:46:28,718 INFO  commands.RetriableDatanodeEventWatcher (RetriableDatanodeEventWatcher.java:onTimeout(47)) - RetriableDatanodeCommand type=deleteBlocksCommand with id=1560519979101 timed out. Retrying.
2019-06-14 13:46:28,722 DEBUG block.SCMBlockDeletingService (SCMBlockDeletingService.java:call(138)) - Running DeletedBlockTransactionScanner
2019-06-14 13:46:28,722 DEBUG block.SCMBlockDeletingService (SCMBlockDeletingService.java:call(155)) - Scanned deleted blocks log and got 3 delTX to process.
2019-06-14 13:46:28,722 DEBUG block.SCMBlockDeletingService (SCMBlockDeletingService.java:call(171)) - Added delete block command for datanode 0c156e3c-57cc-425b-90ef-9bcaa62a7535 in the queue, number of delete block transactions: 3, TxID list: 1,2,3
2019-06-14 13:46:28,723 INFO  block.SCMBlockDeletingService (SCMBlockDeletingService.java:call(182)) - Totally added 3 delete blocks command for 1 datanodes, task elapsed time: 0ms
2019-06-14 13:46:28,723 INFO  commands.RetriableDatanodeEventWatcher (RetriableDatanodeEventWatcher.java:onTimeout(47)) - RetriableDatanodeCommand type=deleteBlocksCommand with id=1560519979111 timed out. Retrying.
2019-06-14 13:46:28,729 INFO  impl.RaftServerProxy (RaftServerProxy.java:addNew(89)) - 0c156e3c-57cc-425b-90ef-9bcaa62a7535: addNew group-8F4DAD362311:[0c156e3c-57cc-425b-90ef-9bcaa62a7535:192.168.134.77:36517] returns group-8F4DAD362311:java.util.concurrent.CompletableFuture@4f7892e9[Not completed]
2019-06-14 13:46:28,730 INFO  impl.RaftServerImpl (RaftServerImpl.java:<init>(91)) - 0c156e3c-57cc-425b-90ef-9bcaa62a7535: new RaftServerImpl for group-8F4DAD362311:[0c156e3c-57cc-425b-90ef-9bcaa62a7535:192.168.134.77:36517] with ContainerStateMachine:uninitialized
2019-06-14 13:46:28,730 INFO  server.RaftServerConfigKeys (ConfUtils.java:logGet(43)) - raft.server.rpc.timeout.min = 1s (custom)
2019-06-14 13:46:28,730 INFO  server.RaftServerConfigKeys (ConfUtils.java:logGet(43)) - raft.server.rpc.timeout.max = 1200ms (custom)
2019-06-14 13:46:28,730 INFO  server.RaftServerConfigKeys (ConfUtils.java:logGet(43)) - raft.server.rpcslowness.timeout = 120s (custom)
2019-06-14 13:46:28,730 INFO  server.RaftServerConfigKeys (ConfUtils.java:logGet(43)) - raft.server.log.appender.install.snapshot.enabled = true (default)
2019-06-14 13:46:28,730 INFO  impl.RaftServerImpl (ServerState.java:<init>(101)) - 0c156e3c-57cc-425b-90ef-9bcaa62a7535:group-8F4DAD362311 ConfigurationManager, init=-1: [0c156e3c-57cc-425b-90ef-9bcaa62a7535:192.168.134.77:36517], old=null, confs=<EMPTY_MAP>
2019-06-14 13:46:28,730 INFO  server.RaftServerConfigKeys (ConfUtils.java:logGet(43)) - raft.server.storage.dir = [/opt/src/hadoop-ozone/integration-test/target/test-dir/MiniOzoneClusterImpl-8919240e-7e15-4dbf-8bf4-c210578586bb/datanode-0/data/ratis] (custom)
2019-06-14 13:46:28,731 INFO  storage.RaftStorageDirectory (RaftStorageDirectory.java:analyzeStorage(246)) - The storage directory /opt/src/hadoop-ozone/integration-test/target/test-dir/MiniOzoneClusterImpl-8919240e-7e15-4dbf-8bf4-c210578586bb/datanode-0/data/ratis/5e2f3b4b-e80d-4336-ba1b-8f4dad362311 does not exist. Creating ...
2019-06-14 13:46:28,733 INFO  storage.RaftStorageDirectory (RaftStorageDirectory.java:tryLock(328)) - Lock on /opt/src/hadoop-ozone/integration-test/target/test-dir/MiniOzoneClusterImpl-8919240e-7e15-4dbf-8bf4-c210578586bb/datanode-0/data/ratis/5e2f3b4b-e80d-4336-ba1b-8f4dad362311/in_use.lock acquired by nodename 32173@ozone-rlb7g-142518227
2019-06-14 13:46:28,739 INFO  storage.RaftStorage (RaftStorage.java:format(75)) - Storage directory /opt/src/hadoop-ozone/integration-test/target/test-dir/MiniOzoneClusterImpl-8919240e-7e15-4dbf-8bf4-c210578586bb/datanode-0/data/ratis/5e2f3b4b-e80d-4336-ba1b-8f4dad362311 has been successfully formatted.
2019-06-14 13:46:28,739 INFO  ratis.ContainerStateMachine (ContainerStateMachine.java:loadSnapshot(199)) - The snapshot info is null.Setting the last applied index to:(t:0, i:~)
2019-06-14 13:46:28,739 INFO  server.RaftServerConfigKeys (ConfUtils.java:logGet(43)) - raft.server.leader.election.timeout = 120s (custom)
2019-06-14 13:46:28,740 INFO  server.RaftServerConfigKeys (ConfUtils.java:logGet(43)) - raft.server.log.use.memory = false (default)
2019-06-14 13:46:28,740 INFO  server.RaftServerConfigKeys (ConfUtils.java:logGet(43)) - raft.server.log.appender.buffer.byte-limit = 33554432 (custom)
2019-06-14 13:46:28,740 INFO  server.RaftServerConfigKeys (ConfUtils.java:logGet(43)) - raft.server.log.segment.size.max = 16384 (custom)
2019-06-14 13:46:28,740 INFO  server.RaftServerConfigKeys (ConfUtils.java:logGet(43)) - raft.server.log.segment.cache.num.max = 2 (custom)
2019-06-14 13:46:28,740 INFO  storage.RaftLogWorker (RaftLogWorker.java:<init>(123)) - new 0c156e3c-57cc-425b-90ef-9bcaa62a7535-RaftLogWorker for Storage Directory /opt/src/hadoop-ozone/integration-test/target/test-dir/MiniOzoneClusterImpl-8919240e-7e15-4dbf-8bf4-c210578586bb/datanode-0/data/ratis/5e2f3b4b-e80d-4336-ba1b-8f4dad362311
2019-06-14 13:46:28,740 INFO  server.RaftServerConfigKeys (ConfUtils.java:logGet(43)) - raft.server.log.queue.byte-limit = 2147483647 (custom)
2019-06-14 13:46:28,740 INFO  server.RaftServerConfigKeys (ConfUtils.java:logGet(43)) - raft.server.log.queue.element-limit = 1024 (custom)
2019-06-14 13:46:28,740 INFO  server.RaftServerConfigKeys (ConfUtils.java:logGet(43)) - raft.server.log.segment.size.max = 16384 (custom)
2019-06-14 13:46:28,741 INFO  server.RaftServerConfigKeys (ConfUtils.java:logGet(43)) - raft.server.log.preallocated.size = 16384 (custom)
2019-06-14 13:46:28,741 INFO  server.RaftServerConfigKeys (ConfUtils.java:logGet(43)) - raft.server.log.write.buffer.size = 33554432 (custom)
2019-06-14 13:46:28,741 INFO  server.RaftServerConfigKeys (ConfUtils.java:logGet(43)) - raft.server.log.force.sync.num = 128 (default)
2019-06-14 13:46:28,741 INFO  server.RaftServerConfigKeys (ConfUtils.java:logGet(43)) - raft.server.log.statemachine.data.sync = true (default)
2019-06-14 13:46:28,741 INFO  server.RaftServerConfigKeys (ConfUtils.java:logGet(43)) - raft.server.log.statemachine.data.sync.timeout = 10s (default)
2019-06-14 13:46:28,741 INFO  server.RaftServerConfigKeys (ConfUtils.java:logGet(43)) - raft.server.log.statemachine.data.sync.timeout.retry = -1 (default)
2019-06-14 13:46:28,741 INFO  server.RaftServerConfigKeys (ConfUtils.java:logGet(43)) - raft.server.log.statemachine.data.caching.enabled = true (custom)
2019-06-14 13:46:28,742 INFO  server.RaftServerConfigKeys (ConfUtils.java:logGet(43)) - raft.server.snapshot.auto.trigger.enabled = true (custom)
2019-06-14 13:46:28,742 INFO  server.RaftServerConfigKeys (ConfUtils.java:logGet(43)) - raft.server.snapshot.auto.trigger.threshold = 10000 (custom)
2019-06-14 13:46:28,742 INFO  server.RaftServerConfigKeys (ConfUtils.java:logGet(43)) - raft.server.retrycache.expirytime = 600000ms (custom)
2019-06-14 13:46:28,742 INFO  impl.RaftServerImpl (RaftServerImpl.java:start(173)) - 0c156e3c-57cc-425b-90ef-9bcaa62a7535: start group-8F4DAD362311
2019-06-14 13:46:28,742 INFO  impl.RaftServerImpl (RaftServerImpl.java:setRole(164)) - 0c156e3c-57cc-425b-90ef-9bcaa62a7535:group-8F4DAD362311 changes role from null to FOLLOWER at term 0 for startAsFollower
2019-06-14 13:46:28,742 INFO  impl.RoleInfo (RoleInfo.java:updateAndGet(143)) - 0c156e3c-57cc-425b-90ef-9bcaa62a7535: start FollowerState
2019-06-14 13:46:28,743 INFO  util.JmxRegister (JmxRegister.java:tryRegister(44)) - Successfully registered JMX Bean with object name Ratis:service=RaftServer,group=group-8F4DAD362311,id=0c156e3c-57cc-425b-90ef-9bcaa62a7535
2019-06-14 13:46:28,765 INFO  commands.RetriableDatanodeEventWatcher (RetriableDatanodeEventWatcher.java:onTimeout(47)) - RetriableDatanodeCommand type=deleteBlocksCommand with id=1560519979121 timed out. Retrying.
2019-06-14 13:46:28,766 INFO  pipeline.PipelineStateManager (PipelineStateManager.java:addPipeline(56)) - Created pipeline Pipeline[ Id: 5e2f3b4b-e80d-4336-ba1b-8f4dad362311, Nodes: 0c156e3c-57cc-425b-90ef-9bcaa62a7535{ip: 192.168.134.77, host: ozone-rlb7g-142518227, networkLocation: /default-rack, certSerialId: null}, Type:RATIS, Factor:ONE, State:OPEN]
2019-06-14 13:46:28,776 INFO  commands.RetriableDatanodeEventWatcher (RetriableDatanodeEventWatcher.java:onTimeout(47)) - RetriableDatanodeCommand type=deleteBlocksCommand with id=1560519979131 timed out. Retrying.
2019-06-14 13:46:28,783 INFO  commands.RetriableDatanodeEventWatcher (RetriableDatanodeEventWatcher.java:onTimeout(47)) - RetriableDatanodeCommand type=deleteBlocksCommand with id=1560519979141 timed out. Retrying.
2019-06-14 13:46:28,790 INFO  commands.RetriableDatanodeEventWatcher (RetriableDatanodeEventWatcher.java:onTimeout(47)) - RetriableDatanodeCommand type=deleteBlocksCommand with id=1560519979151 timed out. Retrying.
2019-06-14 13:46:28,798 INFO  commands.RetriableDatanodeEventWatcher (RetriableDatanodeEventWatcher.java:onTimeout(47)) - RetriableDatanodeCommand type=deleteBlocksCommand with id=1560519979092 timed out. Retrying.
2019-06-14 13:46:28,798 INFO  commands.RetriableDatanodeEventWatcher (RetriableDatanodeEventWatcher.java:onTimeout(47)) - RetriableDatanodeCommand type=deleteBlocksCommand with id=1560519979161 timed out. Retrying.
2019-06-14 13:46:28,807 INFO  commands.RetriableDatanodeEventWatcher (RetriableDatanodeEventWatcher.java:onTimeout(47)) - RetriableDatanodeCommand type=deleteBlocksCommand with id=1560519979171 timed out. Retrying.
2019-06-14 13:46:28,809 INFO  commands.RetriableDatanodeEventWatcher (RetriableDatanodeEventWatcher.java:onTimeout(47)) - RetriableDatanodeCommand type=deleteBlocksCommand with id=1560519979102 timed out. Retrying.
2019-06-14 13:46:28,822 INFO  commands.RetriableDatanodeEventWatcher (RetriableDatanodeEventWatcher.java:onTimeout(47)) - RetriableDatanodeCommand type=deleteBlocksCommand with id=1560519979112 timed out. Retrying.
2019-06-14 13:46:28,823 DEBUG block.SCMBlockDeletingService (SCMBlockDeletingService.java:call(138)) - Running DeletedBlockTransactionScanner
2019-06-14 13:46:28,823 DEBUG block.SCMBlockDeletingService (SCMBlockDeletingService.java:call(155)) - Scanned deleted blocks log and got 3 delTX to process.
2019-06-14 13:46:28,823 DEBUG block.SCMBlockDeletingService (SCMBlockDeletingService.java:call(171)) - Added delete block command for datanode 0c156e3c-57cc-425b-90ef-9bcaa62a7535 in the queue, number of delete block transactions: 3, TxID list: 1,2,3
2019-06-14 13:46:28,824 INFO  block.SCMBlockDeletingService (SCMBlockDeletingService.java:call(182)) - Totally added 3 delete blocks command for 1 datanodes, task elapsed time: 0ms
2019-06-14 13:46:28,868 INFO  commands.RetriableDatanodeEventWatcher (RetriableDatanodeEventWatcher.java:onTimeout(47)) - RetriableDatanodeCommand type=deleteBlocksCommand with id=1560519979122 timed out. Retrying.
2019-06-14 13:46:28,874 INFO  commands.RetriableDatanodeEventWatcher (RetriableDatanodeEventWatcher.java:onTimeout(47)) - RetriableDatanodeCommand type=deleteBlocksCommand with id=1560519979132 timed out. Retrying.
2019-06-14 13:46:28,883 INFO  commands.RetriableDatanodeEventWatcher (RetriableDatanodeEventWatcher.java:onTimeout(47)) - RetriableDatanodeCommand type=deleteBlocksCommand with id=1560519979142 timed out. Retrying.
2019-06-14 13:46:28,890 INFO  commands.RetriableDatanodeEventWatcher (RetriableDatanodeEventWatcher.java:onTimeout(47)) - RetriableDatanodeCommand type=deleteBlocksCommand with id=1560519979152 timed out. Retrying.
2019-06-14 13:46:28,900 INFO  commands.RetriableDatanodeEventWatcher (RetriableDatanodeEventWatcher.java:onTimeout(47)) - RetriableDatanodeCommand type=deleteBlocksCommand with id=1560519979162 timed out. Retrying.
2019-06-14 13:46:28,900 INFO  commands.RetriableDatanodeEventWatcher (RetriableDatanodeEventWatcher.java:onTimeout(47)) - RetriableDatanodeCommand type=deleteBlocksCommand with id=1560519979093 timed out. Retrying.
2019-06-14 13:46:28,908 INFO  commands.RetriableDatanodeEventWatcher (RetriableDatanodeEventWatcher.java:onTimeout(47)) - RetriableDatanodeCommand type=deleteBlocksCommand with id=1560519979172 timed out. Retrying.
2019-06-14 13:46:28,910 INFO  commands.RetriableDatanodeEventWatcher (RetriableDatanodeEventWatcher.java:onTimeout(47)) - RetriableDatanodeCommand type=deleteBlocksCommand with id=1560519979103 timed out. Retrying.
2019-06-14 13:46:28,925 INFO  commands.RetriableDatanodeEventWatcher (RetriableDatanodeEventWatcher.java:onTimeout(47)) - RetriableDatanodeCommand type=deleteBlocksCommand with id=1560519979113 timed out. Retrying.
2019-06-14 13:46:28,925 DEBUG block.SCMBlockDeletingService (SCMBlockDeletingService.java:call(138)) - Running DeletedBlockTransactionScanner
2019-06-14 13:46:28,925 DEBUG block.SCMBlockDeletingService (SCMBlockDeletingService.java:call(155)) - Scanned deleted blocks log and got 3 delTX to process.
2019-06-14 13:46:28,925 DEBUG block.SCMBlockDeletingService (SCMBlockDeletingService.java:call(171)) - Added delete block command for datanode 0c156e3c-57cc-425b-90ef-9bcaa62a7535 in the queue, number of delete block transactions: 3, TxID list: 1,2,3
2019-06-14 13:46:28,926 INFO  block.SCMBlockDeletingService (SCMBlockDeletingService.java:call(182)) - Totally added 3 delete blocks command for 1 datanodes, task elapsed time: 0ms
2019-06-14 13:46:28,968 INFO  commands.RetriableDatanodeEventWatcher (RetriableDatanodeEventWatcher.java:onTimeout(47)) - RetriableDatanodeCommand type=deleteBlocksCommand with id=1560519979123 timed out. Retrying.
2019-06-14 13:46:28,976 INFO  commands.RetriableDatanodeEventWatcher (RetriableDatanodeEventWatcher.java:onTimeout(47)) - RetriableDatanodeCommand type=deleteBlocksCommand with id=1560519979133 timed out. Retrying.
2019-06-14 13:46:28,985 INFO  commands.RetriableDatanodeEventWatcher (RetriableDatanodeEventWatcher.java:onTimeout(47)) - RetriableDatanodeCommand type=deleteBlocksCommand with id=1560519979143 timed out. Retrying.
2019-06-14 13:46:28,992 INFO  commands.RetriableDatanodeEventWatcher (RetriableDatanodeEventWatcher.java:onTimeout(47)) - RetriableDatanodeCommand type=deleteBlocksCommand with id=1560519979153 timed out. Retrying.
2019-06-14 13:46:29,002 INFO  commands.RetriableDatanodeEventWatcher (RetriableDatanodeEventWatcher.java:onTimeout(47)) - RetriableDatanodeCommand type=deleteBlocksCommand with id=1560519979163 timed out. Retrying.
2019-06-14 13:46:29,002 INFO  commands.RetriableDatanodeEventWatcher (RetriableDatanodeEventWatcher.java:onTimeout(47)) - RetriableDatanodeCommand type=deleteBlocksCommand with id=1560519979094 timed out. Retrying.
2019-06-14 13:46:29,008 INFO  commands.RetriableDatanodeEventWatcher (RetriableDatanodeEventWatcher.java:onTimeout(47)) - RetriableDatanodeCommand type=deleteBlocksCommand with id=1560519979173 timed out. Retrying.
2019-06-14 13:46:29,015 INFO  commands.RetriableDatanodeEventWatcher (RetriableDatanodeEventWatcher.java:onTimeout(47)) - RetriableDatanodeCommand type=deleteBlocksCommand with id=1560519979104 timed out. Retrying.
2019-06-14 13:46:29,026 INFO  commands.RetriableDatanodeEventWatcher (RetriableDatanodeEventWatcher.java:onTimeout(47)) - RetriableDatanodeCommand type=deleteBlocksCommand with id=1560519979114 timed out. Retrying.
2019-06-14 13:46:29,026 DEBUG block.SCMBlockDeletingService (SCMBlockDeletingService.java:call(138)) - Running DeletedBlockTransactionScanner
2019-06-14 13:46:29,026 DEBUG block.SCMBlockDeletingService (SCMBlockDeletingService.java:call(155)) - Scanned deleted blocks log and got 3 delTX to process.
2019-06-14 13:46:29,026 DEBUG block.SCMBlockDeletingService (SCMBlockDeletingService.java:call(171)) - Added delete block command for datanode 0c156e3c-57cc-425b-90ef-9bcaa62a7535 in the queue, number of delete block transactions: 3, TxID list: 1,2,3
2019-06-14 13:46:29,027 INFO  block.SCMBlockDeletingService (SCMBlockDeletingService.java:call(182)) - Totally added 3 delete blocks command for 1 datanodes, task elapsed time: 0ms
2019-06-14 13:46:29,082 INFO  commands.RetriableDatanodeEventWatcher (RetriableDatanodeEventWatcher.java:onTimeout(47)) - RetriableDatanodeCommand type=deleteBlocksCommand with id=1560519979124 timed out. Retrying.
2019-06-14 13:46:29,082 INFO  commands.RetriableDatanodeEventWatcher (RetriableDatanodeEventWatcher.java:onTimeout(47)) - RetriableDatanodeCommand type=deleteBlocksCommand with id=1560519979134 timed out. Retrying.
2019-06-14 13:46:29,086 INFO  commands.RetriableDatanodeEventWatcher (RetriableDatanodeEventWatcher.java:onTimeout(47)) - RetriableDatanodeCommand type=deleteBlocksCommand with id=1560519979144 timed out. Retrying.
2019-06-14 13:46:29,089 INFO  commands.RetriableDatanodeEventWatcher (RetriableDatanodeEventWatcher.java:onTimeout(47)) - RetriableDatanodeCommand type=deleteBlocksCommand with id=1560519979085 timed out. Retrying.
2019-06-14 13:46:29,093 INFO  commands.RetriableDatanodeEventWatcher (RetriableDatanodeEventWatcher.java:onTimeout(47)) - RetriableDatanodeCommand type=deleteBlocksCommand with id=1560519979154 timed out. Retrying.
2019-06-14 13:46:29,101 INFO  commands.RetriableDatanodeEventWatcher (RetriableDatanodeEventWatcher.java:onTimeout(47)) - RetriableDatanodeCommand type=deleteBlocksCommand with id=1560519979164 timed out. Retrying.
2019-06-14 13:46:29,102 INFO  commands.RetriableDatanodeEventWatcher (RetriableDatanodeEventWatcher.java:onTimeout(47)) - RetriableDatanodeCommand type=deleteBlocksCommand with id=1560519979095 timed out. Retrying.
2019-06-14 13:46:29,110 INFO  commands.RetriableDatanodeEventWatcher (RetriableDatanodeEventWatcher.java:onTimeout(47)) - RetriableDatanodeCommand type=deleteBlocksCommand with id=1560519979174 timed out. Retrying.
2019-06-14 13:46:29,115 INFO  commands.RetriableDatanodeEventWatcher (RetriableDatanodeEventWatcher.java:onTimeout(47)) - RetriableDatanodeCommand type=deleteBlocksCommand with id=1560519979105 timed out. Retrying.
2019-06-14 13:46:29,127 DEBUG block.SCMBlockDeletingService (SCMBlockDeletingService.java:call(138)) - Running DeletedBlockTransactionScanner
2019-06-14 13:46:29,127 DEBUG block.SCMBlockDeletingService (SCMBlockDeletingService.java:call(155)) - Scanned deleted blocks log and got 3 delTX to process.
2019-06-14 13:46:29,127 DEBUG block.SCMBlockDeletingService (SCMBlockDeletingService.java:call(171)) - Added delete block command for datanode 0c156e3c-57cc-425b-90ef-9bcaa62a7535 in the queue, number of delete block transactions: 3, TxID list: 1,2,3
2019-06-14 13:46:29,128 INFO  block.SCMBlockDeletingService (SCMBlockDeletingService.java:call(182)) - Totally added 3 delete blocks command for 1 datanodes, task elapsed time: 0ms
2019-06-14 13:46:29,134 INFO  commands.RetriableDatanodeEventWatcher (RetriableDatanodeEventWatcher.java:onTimeout(47)) - RetriableDatanodeCommand type=deleteBlocksCommand with id=1560519979115 timed out. Retrying.
2019-06-14 13:46:29,170 INFO  commands.RetriableDatanodeEventWatcher (RetriableDatanodeEventWatcher.java:onTimeout(47)) - RetriableDatanodeCommand type=deleteBlocksCommand with id=1560519979125 timed out. Retrying.
2019-06-14 13:46:29,177 INFO  commands.RetriableDatanodeEventWatcher (RetriableDatanodeEventWatcher.java:onTimeout(47)) - RetriableDatanodeCommand type=deleteBlocksCommand with id=1560519979135 timed out. Retrying.
2019-06-14 13:46:29,186 INFO  commands.RetriableDatanodeEventWatcher (RetriableDatanodeEventWatcher.java:onTimeout(47)) - RetriableDatanodeCommand type=deleteBlocksCommand with id=1560519979145 timed out. Retrying.
2019-06-14 13:46:29,194 INFO  commands.RetriableDatanodeEventWatcher (RetriableDatanodeEventWatcher.java:onTimeout(47)) - RetriableDatanodeCommand type=deleteBlocksCommand with id=1560519979086 timed out. Retrying.
2019-06-14 13:46:29,194 INFO  commands.RetriableDatanodeEventWatcher (RetriableDatanodeEventWatcher.java:onTimeout(47)) - RetriableDatanodeCommand type=deleteBlocksCommand with id=1560519979155 timed out. Retrying.
2019-06-14 13:46:29,201 INFO  commands.RetriableDatanodeEventWatcher (RetriableDatanodeEventWatcher.java:onTimeout(47)) - RetriableDatanodeCommand type=deleteBlocksCommand with id=1560519979096 timed out. Retrying.
2019-06-14 13:46:29,203 INFO  commands.RetriableDatanodeEventWatcher (RetriableDatanodeEventWatcher.java:onTimeout(47)) - RetriableDatanodeCommand type=deleteBlocksCommand with id=1560519979165 timed out. Retrying.
2019-06-14 13:46:29,209 INFO  commands.RetriableDatanodeEventWatcher (RetriableDatanodeEventWatcher.java:onTimeout(47)) - RetriableDatanodeCommand type=deleteBlocksCommand with id=1560519979175 timed out. Retrying.
2019-06-14 13:46:29,220 INFO  commands.RetriableDatanodeEventWatcher (RetriableDatanodeEventWatcher.java:onTimeout(47)) - RetriableDatanodeCommand type=deleteBlocksCommand with id=1560519979106 timed out. Retrying.
2019-06-14 13:46:29,232 DEBUG block.SCMBlockDeletingService (SCMBlockDeletingService.java:call(138)) - Running DeletedBlockTransactionScanner
2019-06-14 13:46:29,233 DEBUG block.SCMBlockDeletingService (SCMBlockDeletingService.java:call(155)) - Scanned deleted blocks log and got 3 delTX to process.
2019-06-14 13:46:29,233 DEBUG block.SCMBlockDeletingService (SCMBlockDeletingService.java:call(171)) - Added delete block command for datanode 0c156e3c-57cc-425b-90ef-9bcaa62a7535 in the queue, number of delete block transactions: 3, TxID list: 1,2,3
2019-06-14 13:46:29,233 INFO  block.SCMBlockDeletingService (SCMBlockDeletingService.java:call(182)) - Totally added 3 delete blocks command for 1 datanodes, task elapsed time: 1ms
2019-06-14 13:46:29,237 INFO  commands.RetriableDatanodeEventWatcher (RetriableDatanodeEventWatcher.java:onTimeout(47)) - RetriableDatanodeCommand type=deleteBlocksCommand with id=1560519979116 timed out. Retrying.
2019-06-14 13:46:29,271 INFO  commands.RetriableDatanodeEventWatcher (RetriableDatanodeEventWatcher.java:onTimeout(47)) - RetriableDatanodeCommand type=deleteBlocksCommand with id=1560519979126 timed out. Retrying.
2019-06-14 13:46:29,278 INFO  commands.RetriableDatanodeEventWatcher (RetriableDatanodeEventWatcher.java:onTimeout(47)) - RetriableDatanodeCommand type=deleteBlocksCommand with id=1560519979136 timed out. Retrying.
2019-06-14 13:46:29,287 INFO  commands.RetriableDatanodeEventWatcher (RetriableDatanodeEventWatcher.java:onTimeout(47)) - RetriableDatanodeCommand type=deleteBlocksCommand with id=1560519979146 timed out. Retrying.
2019-06-14 13:46:29,292 INFO  commands.RetriableDatanodeEventWatcher (RetriableDatanodeEventWatcher.java:onTimeout(47)) - RetriableDatanodeCommand type=deleteBlocksCommand with id=1560519979087 timed out. Retrying.
2019-06-14 13:46:29,295 INFO  commands.RetriableDatanodeEventWatcher (RetriableDatanodeEventWatcher.java:onTimeout(47)) - RetriableDatanodeCommand type=deleteBlocksCommand with id=1560519979156 timed out. Retrying.
2019-06-14 13:46:29,302 INFO  commands.RetriableDatanodeEventWatcher (RetriableDatanodeEventWatcher.java:onTimeout(47)) - RetriableDatanodeCommand type=deleteBlocksCommand with id=1560519979166 timed out. Retrying.
2019-06-14 13:46:29,307 INFO  commands.RetriableDatanodeEventWatcher (RetriableDatanodeEventWatcher.java:onTimeout(47)) - RetriableDatanodeCommand type=deleteBlocksCommand with id=1560519979097 timed out. Retrying.
2019-06-14 13:46:29,310 INFO  commands.RetriableDatanodeEventWatcher (RetriableDatanodeEventWatcher.java:onTimeout(47)) - RetriableDatanodeCommand type=deleteBlocksCommand with id=1560519979176 timed out. Retrying.
2019-06-14 13:46:29,318 INFO  commands.RetriableDatanodeEventWatcher (RetriableDatanodeEventWatcher.java:onTimeout(47)) - RetriableDatanodeCommand type=deleteBlocksCommand with id=1560519979107 timed out. Retrying.
2019-06-14 13:46:29,333 DEBUG block.SCMBlockDeletingService (SCMBlockDeletingService.java:call(138)) - Running DeletedBlockTransactionScanner
2019-06-14 13:46:29,334 DEBUG block.SCMBlockDeletingService (SCMBlockDeletingService.java:call(155)) - Scanned deleted blocks log and got 3 delTX to process.
2019-06-14 13:46:29,334 DEBUG block.SCMBlockDeletingService (SCMBlockDeletingService.java:call(171)) - Added delete block command for datanode 0c156e3c-57cc-425b-90ef-9bcaa62a7535 in the queue, number of delete block transactions: 3, TxID list: 1,2,3
2019-06-14 13:46:29,334 INFO  block.SCMBlockDeletingService (SCMBlockDeletingService.java:call(182)) - Totally added 3 delete blocks command for 1 datanodes, task elapsed time: 1ms
2019-06-14 13:46:29,349 INFO  commands.RetriableDatanodeEventWatcher (RetriableDatanodeEventWatcher.java:onTimeout(47)) - RetriableDatanodeCommand type=deleteBlocksCommand with id=1560519979117 timed out. Retrying.
2019-06-14 13:46:29,371 INFO  commands.RetriableDatanodeEventWatcher (RetriableDatanodeEventWatcher.java:onTimeout(47)) - RetriableDatanodeCommand type=deleteBlocksCommand with id=1560519979127 timed out. Retrying.
2019-06-14 13:46:29,378 INFO  commands.RetriableDatanodeEventWatcher (RetriableDatanodeEventWatcher.java:onTimeout(47)) - RetriableDatanodeCommand type=deleteBlocksCommand with id=1560519979137 timed out. Retrying.
2019-06-14 13:46:29,387 INFO  commands.RetriableDatanodeEventWatcher (RetriableDatanodeEventWatcher.java:onTimeout(47)) - RetriableDatanodeCommand type=deleteBlocksCommand with id=1560519979147 timed out. Retrying.
2019-06-14 13:46:29,396 INFO  commands.RetriableDatanodeEventWatcher (RetriableDatanodeEventWatcher.java:onTimeout(47)) - RetriableDatanodeCommand type=deleteBlocksCommand with id=1560519979088 timed out. Retrying.
2019-06-14 13:46:29,396 INFO  commands.RetriableDatanodeEventWatcher (RetriableDatanodeEventWatcher.java:onTimeout(47)) - RetriableDatanodeCommand type=deleteBlocksCommand with id=1560519979157 timed out. Retrying.
2019-06-14 13:46:29,404 INFO  commands.RetriableDatanodeEventWatcher (RetriableDatanodeEventWatcher.java:onTimeout(47)) - RetriableDatanodeCommand type=deleteBlocksCommand with id=1560519979167 timed out. Retrying.
2019-06-14 13:46:29,406 INFO  commands.RetriableDatanodeEventWatcher (RetriableDatanodeEventWatcher.java:onTimeout(47)) - RetriableDatanodeCommand type=deleteBlocksCommand with id=1560519979098 timed out. Retrying.
2019-06-14 13:46:29,432 INFO  commands.RetriableDatanodeEventWatcher (RetriableDatanodeEventWatcher.java:onTimeout(47)) - RetriableDatanodeCommand type=deleteBlocksCommand with id=1560519979108 timed out. Retrying.
2019-06-14 13:46:29,432 INFO  commands.RetriableDatanodeEventWatcher (RetriableDatanodeEventWatcher.java:onTimeout(47)) - RetriableDatanodeCommand type=deleteBlocksCommand with id=1560519979177 timed out. Retrying.
2019-06-14 13:46:29,434 DEBUG block.SCMBlockDeletingService (SCMBlockDeletingService.java:call(138)) - Running DeletedBlockTransactionScanner
2019-06-14 13:46:29,435 DEBUG block.SCMBlockDeletingService (SCMBlockDeletingService.java:call(155)) - Scanned deleted blocks log and got 3 delTX to process.
2019-06-14 13:46:29,435 DEBUG block.SCMBlockDeletingService (SCMBlockDeletingService.java:call(171)) - Added delete block command for datanode 0c156e3c-57cc-425b-90ef-9bcaa62a7535 in the queue, number of delete block transactions: 3, TxID list: 1,2,3
2019-06-14 13:46:29,435 INFO  block.SCMBlockDeletingService (SCMBlockDeletingService.java:call(182)) - Totally added 3 delete blocks command for 1 datanodes, task elapsed time: 1ms
2019-06-14 13:46:29,452 WARN  ipc.Server (Server.java:setupResponse(2950)) - Large response size 2780502 for call Call#1918 Retry#0 org.apache.hadoop.ozone.protocol.StorageContainerDatanodeProtocol.sendHeartbeat from 192.168.134.77:50892
2019-06-14 13:46:29,455 INFO  commands.RetriableDatanodeEventWatcher (RetriableDatanodeEventWatcher.java:onTimeout(47)) - RetriableDatanodeCommand type=deleteBlocksCommand with id=1560519979118 timed out. Retrying.
2019-06-14 13:46:29,474 INFO  commands.RetriableDatanodeEventWatcher (RetriableDatanodeEventWatcher.java:onTimeout(47)) - RetriableDatanodeCommand type=deleteBlocksCommand with id=1560519979128 timed out. Retrying.
2019-06-14 13:46:29,476 INFO  block.SCMBlockDeletingService (SCMBlockDeletingService.java:handlePendingDeletes(115)) - Block deletion txnID mismatch in datanode 0c156e3c-57cc-425b-90ef-9bcaa62a7535 for containerID 1. Datanode delete txnID: 0, SCM txnID: 1
2019-06-14 13:46:29,476 INFO  block.SCMBlockDeletingService (SCMBlockDeletingService.java:handlePendingDeletes(115)) - Block deletion txnID mismatch in datanode 0c156e3c-57cc-425b-90ef-9bcaa62a7535 for containerID 2. Datanode delete txnID: 0, SCM txnID: 2
2019-06-14 13:46:29,476 INFO  block.SCMBlockDeletingService (SCMBlockDeletingService.java:handlePendingDeletes(115)) - Block deletion txnID mismatch in datanode 0c156e3c-57cc-425b-90ef-9bcaa62a7535 for containerID 3. Datanode delete txnID: 0, SCM txnID: 3
2019-06-14 13:46:29,479 INFO  commands.RetriableDatanodeEventWatcher (RetriableDatanodeEventWatcher.java:onTimeout(47)) - RetriableDatanodeCommand type=deleteBlocksCommand with id=1560519979138 timed out. Retrying.
2019-06-14 13:46:29,491 INFO  commands.RetriableDatanodeEventWatcher (RetriableDatanodeEventWatcher.java:onTimeout(47)) - RetriableDatanodeCommand type=deleteBlocksCommand with id=1560519979148 timed out. Retrying.
2019-06-14 13:46:29,496 INFO  commands.RetriableDatanodeEventWatcher (RetriableDatanodeEventWatcher.java:onTimeout(47)) - RetriableDatanodeCommand type=deleteBlocksCommand with id=1560519979089 timed out. Retrying.
2019-06-14 13:46:29,498 INFO  commands.RetriableDatanodeEventWatcher (RetriableDatanodeEventWatcher.java:onTimeout(47)) - RetriableDatanodeCommand type=deleteBlocksCommand with id=1560519979158 timed out. Retrying.
2019-06-14 13:46:29,506 INFO  commands.RetriableDatanodeEventWatcher (RetriableDatanodeEventWatcher.java:onTimeout(47)) - RetriableDatanodeCommand type=deleteBlocksCommand with id=1560519979168 timed out. Retrying.
2019-06-14 13:46:29,510 INFO  commands.RetriableDatanodeEventWatcher (RetriableDatanodeEventWatcher.java:onTimeout(47)) - RetriableDatanodeCommand type=deleteBlocksCommand with id=1560519979099 timed out. Retrying.
2019-06-14 13:46:29,514 INFO  commands.RetriableDatanodeEventWatcher (RetriableDatanodeEventWatcher.java:onTimeout(47)) - RetriableDatanodeCommand type=deleteBlocksCommand with id=1560519979178 timed out. Retrying.
2019-06-14 13:46:29,521 INFO  commands.RetriableDatanodeEventWatcher (RetriableDatanodeEventWatcher.java:onTimeout(47)) - RetriableDatanodeCommand type=deleteBlocksCommand with id=1560519979109 timed out. Retrying.
2019-06-14 13:46:29,535 DEBUG block.SCMBlockDeletingService (SCMBlockDeletingService.java:call(138)) - Running DeletedBlockTransactionScanner
2019-06-14 13:46:29,535 DEBUG block.SCMBlockDeletingService (SCMBlockDeletingService.java:call(155)) - Scanned deleted blocks log and got 3 delTX to process.
2019-06-14 13:46:29,536 DEBUG block.SCMBlockDeletingService (SCMBlockDeletingService.java:call(171)) - Added delete block command for datanode 0c156e3c-57cc-425b-90ef-9bcaa62a7535 in the queue, number of delete block transactions: 3, TxID list: 1,2,3
2019-06-14 13:46:29,536 INFO  block.SCMBlockDeletingService (SCMBlockDeletingService.java:call(182)) - Totally added 3 delete blocks command for 1 datanodes, task elapsed time: 1ms
2019-06-14 13:46:29,563 INFO  commands.RetriableDatanodeEventWatcher (RetriableDatanodeEventWatcher.java:onTimeout(47)) - RetriableDatanodeCommand type=deleteBlocksCommand with id=1560519979119 timed out. Retrying.
2019-06-14 13:46:29,574 INFO  commands.RetriableDatanodeEventWatcher (RetriableDatanodeEventWatcher.java:onTimeout(47)) - RetriableDatanodeCommand type=deleteBlocksCommand with id=1560519979129 timed out. Retrying.
2019-06-14 13:46:29,583 INFO  commands.RetriableDatanodeEventWatcher (RetriableDatanodeEventWatcher.java:onTimeout(47)) - RetriableDatanodeCommand type=deleteBlocksCommand with id=1560519979139 timed out. Retrying.
2019-06-14 13:46:29,588 INFO  commands.RetriableDatanodeEventWatcher (RetriableDatanodeEventWatcher.java:onTimeout(47)) - RetriableDatanodeCommand type=deleteBlocksCommand with id=1560519979149 timed out. Retrying.
2019-06-14 13:46:29,596 INFO  ozone.MiniOzoneClusterImpl (MiniOzoneClusterImpl.java:lambda$waitForClusterToBeReady$0(142)) - Cluster is ready. Got 1 of 1 DN Heartbeats.
2019-06-14 13:46:29,597 INFO  commands.RetriableDatanodeEventWatcher (RetriableDatanodeEventWatcher.java:onTimeout(47)) - RetriableDatanodeCommand type=deleteBlocksCommand with id=1560519979090 timed out. Retrying.
2019-06-14 13:46:29,597 INFO  commands.RetriableDatanodeEventWatcher (RetriableDatanodeEventWatcher.java:onTimeout(47)) - RetriableDatanodeCommand type=deleteBlocksCommand with id=1560519979159 timed out. Retrying.
2019-06-14 13:46:29,600 INFO  commandhandler.DeleteBlocksCommandHandler (DeleteBlocksCommandHandler.java:handle(106)) - Start to delete container blocks, TXIDs=[1(0),2(0),3(0)], numOfContainers=3, numOfBlocks=553
2019-06-14 13:46:29,610 INFO  commands.RetriableDatanodeEventWatcher (RetriableDatanodeEventWatcher.java:onTimeout(47)) - RetriableDatanodeCommand type=deleteBlocksCommand with id=1560519979100 timed out. Retrying.
2019-06-14 13:46:29,610 INFO  commands.RetriableDatanodeEventWatcher (RetriableDatanodeEventWatcher.java:onTimeout(47)) - RetriableDatanodeCommand type=deleteBlocksCommand with id=1560519979169 timed out. Retrying.
2019-06-14 13:46:29,621 INFO  commandhandler.DeleteBlocksCommandHandler (DeleteBlocksCommandHandler.java:handle(106)) - Start to delete container blocks, TXIDs=[1(0),2(0),3(0)], numOfContainers=3, numOfBlocks=553
2019-06-14 13:46:29,622 INFO  commandhandler.DeleteBlocksCommandHandler (DeleteBlocksCommandHandler.java:handle(106)) - Start to delete container blocks, TXIDs=[1(0),2(0),3(0)], numOfContainers=3, numOfBlocks=553
2019-06-14 13:46:29,623 INFO  commandhandler.DeleteBlocksCommandHandler (DeleteBlocksCommandHandler.java:handle(106)) - Start to delete container blocks, TXIDs=[1(0),2(0),3(0)], numOfContainers=3, numOfBlocks=553
2019-06-14 13:46:29,624 INFO  commandhandler.DeleteBlocksCommandHandler (DeleteBlocksCommandHandler.java:handle(106)) - Start to delete container blocks, TXIDs=[1(0),2(0),3(0)], numOfContainers=3, numOfBlocks=553
2019-06-14 13:46:29,625 INFO  commandhandler.DeleteBlocksCommandHandler (DeleteBlocksCommandHandler.java:handle(106)) - Start to delete container blocks, TXIDs=[1(0),2(0),3(0)], numOfContainers=3, numOfBlocks=553
2019-06-14 13:46:29,626 INFO  commands.RetriableDatanodeEventWatcher (RetriableDatanodeEventWatcher.java:onTimeout(47)) - RetriableDatanodeCommand type=deleteBlocksCommand with id=1560519979110 timed out. Retrying.
2019-06-14 13:46:29,626 INFO  commands.RetriableDatanodeEventWatcher (RetriableDatanodeEventWatcher.java:onTimeout(47)) - RetriableDatanodeCommand type=deleteBlocksCommand with id=1560519979179 timed out. Retrying.
2019-06-14 13:46:29,627 INFO  commandhandler.DeleteBlocksCommandHandler (DeleteBlocksCommandHandler.java:handle(106)) - Start to delete container blocks, TXIDs=[1(0),2(0),3(0)], numOfContainers=3, numOfBlocks=553
2019-06-14 13:46:29,635 INFO  commandhandler.DeleteBlocksCommandHandler (DeleteBlocksCommandHandler.java:handle(106)) - Start to delete container blocks, TXIDs=[1(0),2(0),3(0)], numOfContainers=3, numOfBlocks=553
2019-06-14 13:46:29,636 INFO  commandhandler.DeleteBlocksCommandHandler (DeleteBlocksCommandHandler.java:handle(106)) - Start to delete container blocks, TXIDs=[1(0),2(0),3(0)], numOfContainers=3, numOfBlocks=553
2019-06-14 13:46:29,636 DEBUG block.SCMBlockDeletingService (SCMBlockDeletingService.java:call(138)) - Running DeletedBlockTransactionScanner
2019-06-14 13:46:29,636 DEBUG block.SCMBlockDeletingService (SCMBlockDeletingService.java:call(155)) - Scanned deleted blocks log and got 3 delTX to process.
2019-06-14 13:46:29,637 DEBUG block.SCMBlockDeletingService (SCMBlockDeletingService.java:call(171)) - Added delete block command for datanode 0c156e3c-57cc-425b-90ef-9bcaa62a7535 in the queue, number of delete block transactions: 3, TxID list: 1,2,3
2019-06-14 13:46:29,637 INFO  block.SCMBlockDeletingService (SCMBlockDeletingService.java:call(182)) - Totally added 3 delete blocks command for 1 datanodes, task elapsed time: 0ms
2019-06-14 13:46:29,637 INFO  commandhandler.DeleteBlocksCommandHandler (DeleteBlocksCommandHandler.java:handle(106)) - Start to delete container blocks, TXIDs=[1(0),2(0),3(0)], numOfContainers=3, numOfBlocks=553
2019-06-14 13:46:29,638 INFO  commandhandler.DeleteBlocksCommandHandler (DeleteBlocksCommandHandler.java:handle(106)) - Start to delete container blocks, TXIDs=[1(0),2(0),3(0)], numOfContainers=3, numOfBlocks=553
2019-06-14 13:46:29,639 INFO  commandhandler.DeleteBlocksCommandHandler (DeleteBlocksCommandHandler.java:handle(106)) - Start to delete container blocks, TXIDs=[1(0),2(0),3(0)], numOfContainers=3, numOfBlocks=553
2019-06-14 13:46:29,640 INFO  commandhandler.DeleteBlocksCommandHandler (DeleteBlocksCommandHandler.java:handle(106)) - Start to delete container blocks, TXIDs=[1(0),2(0),3(0)], numOfContainers=3, numOfBlocks=553
2019-06-14 13:46:29,641 INFO  commandhandler.DeleteBlocksCommandHandler (DeleteBlocksCommandHandler.java:handle(106)) - Start to delete container blocks, TXIDs=[1(0),2(0),3(0)], numOfContainers=3, numOfBlocks=553
2019-06-14 13:46:29,643 INFO  commandhandler.DeleteBlocksCommandHandler (DeleteBlocksCommandHandler.java:handle(106)) - Start to delete container blocks, TXIDs=[1(0),2(0),3(0)], numOfContainers=3, numOfBlocks=553
2019-06-14 13:46:29,644 INFO  commandhandler.DeleteBlocksCommandHandler (DeleteBlocksCommandHandler.java:handle(106)) - Start to delete container blocks, TXIDs=[1(0),2(0),3(0)], numOfContainers=3, numOfBlocks=553
2019-06-14 13:46:29,645 INFO  commandhandler.DeleteBlocksCommandHandler (DeleteBlocksCommandHandler.java:handle(106)) - Start to delete container blocks, TXIDs=[1(0),2(0),3(0)], numOfContainers=3, numOfBlocks=553
2019-06-14 13:46:29,646 INFO  commandhandler.DeleteBlocksCommandHandler (DeleteBlocksCommandHandler.java:handle(106)) - Start to delete container blocks, TXIDs=[1(0),2(0),3(0)], numOfContainers=3, numOfBlocks=553
2019-06-14 13:46:29,647 INFO  commandhandler.DeleteBlocksCommandHandler (DeleteBlocksCommandHandler.java:handle(106)) - Start to delete container blocks, TXIDs=[1(0),2(0),3(0)], numOfContainers=3, numOfBlocks=553
2019-06-14 13:46:29,648 INFO  commandhandler.DeleteBlocksCommandHandler (DeleteBlocksCommandHandler.java:handle(106)) - Start to delete container blocks, TXIDs=[1(0),2(0),3(0)], numOfContainers=3, numOfBlocks=553
2019-06-14 13:46:29,649 INFO  commandhandler.DeleteBlocksCommandHandler (DeleteBlocksCommandHandler.java:handle(106)) - Start to delete container blocks, TXIDs=[1(0),2(0),3(0)], numOfContainers=3, numOfBlocks=553
2019-06-14 13:46:29,649 INFO  commandhandler.DeleteBlocksCommandHandler (DeleteBlocksCommandHandler.java:handle(106)) - Start to delete container blocks, TXIDs=[1(0),2(0),3(0)], numOfContainers=3, numOfBlocks=553
2019-06-14 13:46:29,650 INFO  commandhandler.DeleteBlocksCommandHandler (DeleteBlocksCommandHandler.java:handle(106)) - Start to delete container blocks, TXIDs=[1(0),2(0),3(0)], numOfContainers=3, numOfBlocks=553
2019-06-14 13:46:29,651 INFO  commandhandler.DeleteBlocksCommandHandler (DeleteBlocksCommandHandler.java:handle(106)) - Start to delete container blocks, TXIDs=[1(0),2(0),3(0)], numOfContainers=3, numOfBlocks=553
2019-06-14 13:46:29,652 INFO  commandhandler.DeleteBlocksCommandHandler (DeleteBlocksCommandHandler.java:handle(106)) - Start to delete container blocks, TXIDs=[1(0),2(0),3(0)], numOfContainers=3, numOfBlocks=553
2019-06-14 13:46:29,653 INFO  commandhandler.DeleteBlocksCommandHandler (DeleteBlocksCommandHandler.java:handle(106)) - Start to delete container blocks, TXIDs=[1(0),2(0),3(0)], numOfContainers=3, numOfBlocks=553
2019-06-14 13:46:29,653 INFO  commandhandler.DeleteBlocksCommandHandler (DeleteBlocksCommandHandler.java:handle(106)) - Start to delete container blocks, TXIDs=[1(0),2(0),3(0)], numOfContainers=3, numOfBlocks=553
2019-06-14 13:46:29,654 INFO  commandhandler.DeleteBlocksCommandHandler (DeleteBlocksCommandHandler.java:handle(106)) - Start to delete container blocks, TXIDs=[1(0),2(0),3(0)], numOfContainers=3, numOfBlocks=553
2019-06-14 13:46:29,655 INFO  commandhandler.DeleteBlocksCommandHandler (DeleteBlocksCommandHandler.java:handle(106)) - Start to delete container blocks, TXIDs=[1(0),2(0),3(0)], numOfContainers=3, numOfBlocks=553
2019-06-14 13:46:29,655 INFO  commandhandler.DeleteBlocksCommandHandler (DeleteBlocksCommandHandler.java:handle(106)) - Start to delete container blocks, TXIDs=[1(0),2(0),3(0)], numOfContainers=3, numOfBlocks=553
2019-06-14 13:46:29,656 INFO  commandhandler.DeleteBlocksCommandHandler (DeleteBlocksCommandHandler.java:handle(106)) - Start to delete container blocks, TXIDs=[1(0),2(0),3(0)], numOfContainers=3, numOfBlocks=553
2019-06-14 13:46:29,657 INFO  commandhandler.DeleteBlocksCommandHandler (DeleteBlocksCommandHandler.java:handle(106)) - Start to delete container blocks, TXIDs=[1(0),2(0),3(0)], numOfContainers=3, numOfBlocks=553
2019-06-14 13:46:29,657 INFO  commandhandler.DeleteBlocksCommandHandler (DeleteBlocksCommandHandler.java:handle(106)) - Start to delete container blocks, TXIDs=[1(0),2(0),3(0)], numOfContainers=3, numOfBlocks=553
2019-06-14 13:46:29,658 INFO  commandhandler.DeleteBlocksCommandHandler (DeleteBlocksCommandHandler.java:handle(106)) - Start to delete container blocks, TXIDs=[1(0),2(0),3(0)], numOfContainers=3, numOfBlocks=553
2019-06-14 13:46:29,659 INFO  commandhandler.DeleteBlocksCommandHandler (DeleteBlocksCommandHandler.java:handle(106)) - Start to delete container blocks, TXIDs=[1(0),2(0),3(0)], numOfContainers=3, numOfBlocks=553
2019-06-14 13:46:29,659 INFO  commandhandler.DeleteBlocksCommandHandler (DeleteBlocksCommandHandler.java:handle(106)) - Start to delete container blocks, TXIDs=[1(0),2(0),3(0)], numOfContainers=3, numOfBlocks=553
2019-06-14 13:46:29,660 INFO  commandhandler.DeleteBlocksCommandHandler (DeleteBlocksCommandHandler.java:handle(106)) - Start to delete container blocks, TXIDs=[1(0),2(0),3(0)], numOfContainers=3, numOfBlocks=553
2019-06-14 13:46:29,661 INFO  commandhandler.DeleteBlocksCommandHandler (DeleteBlocksCommandHandler.java:handle(106)) - Start to delete container blocks, TXIDs=[1(0),2(0),3(0)], numOfContainers=3, numOfBlocks=553
2019-06-14 13:46:29,662 INFO  commandhandler.DeleteBlocksCommandHandler (DeleteBlocksCommandHandler.java:handle(106)) - Start to delete container blocks, TXIDs=[1(0),2(0),3(0)], numOfContainers=3, numOfBlocks=553
2019-06-14 13:46:29,662 INFO  commands.RetriableDatanodeEventWatcher (RetriableDatanodeEventWatcher.java:onTimeout(47)) - RetriableDatanodeCommand type=deleteBlocksCommand with id=1560519979120 timed out. Retrying.
2019-06-14 13:46:29,663 INFO  commandhandler.DeleteBlocksCommandHandler (DeleteBlocksCommandHandler.java:handle(106)) - Start to delete container blocks, TXIDs=[1(0),2(0),3(0)], numOfContainers=3, numOfBlocks=553
2019-06-14 13:46:29,663 INFO  commandhandler.DeleteBlocksCommandHandler (DeleteBlocksCommandHandler.java:handle(106)) - Start to delete container blocks, TXIDs=[1(0),2(0),3(0)], numOfContainers=3, numOfBlocks=553
2019-06-14 13:46:29,664 INFO  commandhandler.DeleteBlocksCommandHandler (DeleteBlocksCommandHandler.java:handle(106)) - Start to delete container blocks, TXIDs=[1(0),2(0),3(0)], numOfContainers=3, numOfBlocks=553
2019-06-14 13:46:29,665 INFO  commandhandler.DeleteBlocksCommandHandler (DeleteBlocksCommandHandler.java:handle(106)) - Start to delete container blocks, TXIDs=[1(0),2(0),3(0)], numOfContainers=3, numOfBlocks=553
2019-06-14 13:46:29,666 INFO  commandhandler.DeleteBlocksCommandHandler (DeleteBlocksCommandHandler.java:handle(106)) - Start to delete container blocks, TXIDs=[1(0),2(0),3(0)], numOfContainers=3, numOfBlocks=553
2019-06-14 13:46:29,667 INFO  commandhandler.DeleteBlocksCommandHandler (DeleteBlocksCommandHandler.java:handle(106)) - Start to delete container blocks, TXIDs=[1(0),2(0),3(0)], numOfContainers=3, numOfBlocks=553
2019-06-14 13:46:29,669 INFO  commandhandler.DeleteBlocksCommandHandler (DeleteBlocksCommandHandler.java:handle(106)) - Start to delete container blocks, TXIDs=[1(0),2(0),3(0)], numOfContainers=3, numOfBlocks=553
2019-06-14 13:46:29,670 INFO  commandhandler.DeleteBlocksCommandHandler (DeleteBlocksCommandHandler.java:handle(106)) - Start to delete container blocks, TXIDs=[1(0),2(0),3(0)], numOfContainers=3, numOfBlocks=553
2019-06-14 13:46:29,671 INFO  commandhandler.DeleteBlocksCommandHandler (DeleteBlocksCommandHandler.java:handle(106)) - Start to delete container blocks, TXIDs=[1(0),2(0),3(0)], numOfContainers=3, numOfBlocks=553
2019-06-14 13:46:29,672 INFO  commandhandler.DeleteBlocksCommandHandler (DeleteBlocksCommandHandler.java:handle(106)) - Start to delete container blocks, TXIDs=[1(0),2(0),3(0)], numOfContainers=3, numOfBlocks=553
2019-06-14 13:46:29,673 INFO  commandhandler.DeleteBlocksCommandHandler (DeleteBlocksCommandHandler.java:handle(106)) - Start to delete container blocks, TXIDs=[1(0),2(0),3(0)], numOfContainers=3, numOfBlocks=553
2019-06-14 13:46:29,674 INFO  commandhandler.DeleteBlocksCommandHandler (DeleteBlocksCommandHandler.java:handle(106)) - Start to delete container blocks, TXIDs=[1(0),2(0),3(0)], numOfContainers=3, numOfBlocks=553
2019-06-14 13:46:29,675 INFO  commandhandler.DeleteBlocksCommandHandler (DeleteBlocksCommandHandler.java:handle(106)) - Start to delete container blocks, TXIDs=[1(0),2(0),3(0)], numOfContainers=3, numOfBlocks=553
2019-06-14 13:46:29,676 INFO  commandhandler.DeleteBlocksCommandHandler (DeleteBlocksCommandHandler.java:handle(106)) - Start to delete container blocks, TXIDs=[1(0),2(0),3(0)], numOfContainers=3, numOfBlocks=553
2019-06-14 13:46:29,677 INFO  commandhandler.DeleteBlocksCommandHandler (DeleteBlocksCommandHandler.java:handle(106)) - Start to delete container blocks, TXIDs=[1(0),2(0),3(0)], numOfContainers=3, numOfBlocks=553
2019-06-14 13:46:29,678 INFO  commandhandler.DeleteBlocksCommandHandler (DeleteBlocksCommandHandler.java:handle(106)) - Start to delete container blocks, TXIDs=[1(0),2(0),3(0)], numOfContainers=3, numOfBlocks=553
2019-06-14 13:46:29,679 INFO  commands.RetriableDatanodeEventWatcher (RetriableDatanodeEventWatcher.java:onTimeout(47)) - RetriableDatanodeCommand type=deleteBlocksCommand with id=1560519979130 timed out. Retrying.
2019-06-14 13:46:29,679 INFO  commandhandler.DeleteBlocksCommandHandler (DeleteBlocksCommandHandler.java:handle(106)) - Start to delete container blocks, TXIDs=[1(0),2(0),3(0)], numOfContainers=3, numOfBlocks=553
2019-06-14 13:46:29,680 INFO  commandhandler.DeleteBlocksCommandHandler (DeleteBlocksCommandHandler.java:handle(106)) - Start to delete container blocks, TXIDs=[1(0),2(0),3(0)], numOfContainers=3, numOfBlocks=553
2019-06-14 13:46:29,681 INFO  commandhandler.DeleteBlocksCommandHandler (DeleteBlocksCommandHandler.java:handle(106)) - Start to delete container blocks, TXIDs=[1(0),2(0),3(0)], numOfContainers=3, numOfBlocks=553
2019-06-14 13:46:29,682 INFO  commandhandler.DeleteBlocksCommandHandler (DeleteBlocksCommandHandler.java:handle(106)) - Start to delete container blocks, TXIDs=[1(0),2(0),3(0)], numOfContainers=3, numOfBlocks=553
2019-06-14 13:46:29,683 INFO  commandhandler.DeleteBlocksCommandHandler (DeleteBlocksCommandHandler.java:handle(106)) - Start to delete container blocks, TXIDs=[1(0),2(0),3(0)], numOfContainers=3, numOfBlocks=553
2019-06-14 13:46:29,684 INFO  commandhandler.DeleteBlocksCommandHandler (DeleteBlocksCommandHandler.java:handle(106)) - Start to delete container blocks, TXIDs=[1(0),2(0),3(0)], numOfContainers=3, numOfBlocks=553
2019-06-14 13:46:29,685 INFO  commandhandler.DeleteBlocksCommandHandler (DeleteBlocksCommandHandler.java:handle(106)) - Start to delete container blocks, TXIDs=[1(0),2(0),3(0)], numOfContainers=3, numOfBlocks=553
2019-06-14 13:46:29,685 INFO  commandhandler.DeleteBlocksCommandHandler (DeleteBlocksCommandHandler.java:handle(106)) - Start to delete container blocks, TXIDs=[1(0),2(0),3(0)], numOfContainers=3, numOfBlocks=553
2019-06-14 13:46:29,686 INFO  commandhandler.DeleteBlocksCommandHandler (DeleteBlocksCommandHandler.java:handle(106)) - Start to delete container blocks, TXIDs=[1(0),2(0),3(0)], numOfContainers=3, numOfBlocks=553
2019-06-14 13:46:29,687 INFO  commandhandler.DeleteBlocksCommandHandler (DeleteBlocksCommandHandler.java:handle(106)) - Start to delete container blocks, TXIDs=[1(0),2(0),3(0)], numOfContainers=3, numOfBlocks=553
2019-06-14 13:46:29,688 INFO  commandhandler.DeleteBlocksCommandHandler (DeleteBlocksCommandHandler.java:handle(106)) - Start to delete container blocks, TXIDs=[1(0),2(0),3(0)], numOfContainers=3, numOfBlocks=553
2019-06-14 13:46:29,689 INFO  commandhandler.DeleteBlocksCommandHandler (DeleteBlocksCommandHandler.java:handle(106)) - Start to delete container blocks, TXIDs=[1(0),2(0),3(0)], numOfContainers=3, numOfBlocks=553
2019-06-14 13:46:29,690 INFO  background.BlockDeletingService (BlockDeletingService.java:getTasks(123)) - Plan to choose 10 containers for block deletion, actually returns 3 valid containers.
2019-06-14 13:46:29,690 INFO  commandhandler.DeleteBlocksCommandHandler (DeleteBlocksCommandHandler.java:handle(106)) - Start to delete container blocks, TXIDs=[1(0),2(0),3(0)], numOfContainers=3, numOfBlocks=553
2019-06-14 13:46:29,691 INFO  commandhandler.DeleteBlocksCommandHandler (DeleteBlocksCommandHandler.java:handle(106)) - Start to delete container blocks, TXIDs=[1(0),2(0),3(0)], numOfContainers=3, numOfBlocks=553
2019-06-14 13:46:29,695 INFO  commandhandler.DeleteBlocksCommandHandler (DeleteBlocksCommandHandler.java:handle(106)) - Start to delete container blocks, TXIDs=[1(0),2(0),3(0)], numOfContainers=3, numOfBlocks=553
2019-06-14 13:46:29,696 INFO  commandhandler.DeleteBlocksCommandHandler (DeleteBlocksCommandHandler.java:handle(106)) - Start to delete container blocks, TXIDs=[1(0),2(0),3(0)], numOfContainers=3, numOfBlocks=553
2019-06-14 13:46:29,697 INFO  commandhandler.DeleteBlocksCommandHandler (DeleteBlocksCommandHandler.java:handle(106)) - Start to delete container blocks, TXIDs=[1(0),2(0),3(0)], numOfContainers=3, numOfBlocks=553
2019-06-14 13:46:29,698 INFO  commandhandler.DeleteBlocksCommandHandler (DeleteBlocksCommandHandler.java:handle(106)) - Start to delete container blocks, TXIDs=[1(0),2(0),3(0)], numOfContainers=3, numOfBlocks=553
2019-06-14 13:46:29,699 INFO  commandhandler.DeleteBlocksCommandHandler (DeleteBlocksCommandHandler.java:handle(106)) - Start to delete container blocks, TXIDs=[1(0),2(0),3(0)], numOfContainers=3, numOfBlocks=553
2019-06-14 13:46:29,700 INFO  commandhandler.DeleteBlocksCommandHandler (DeleteBlocksCommandHandler.java:handle(106)) - Start to delete container blocks, TXIDs=[1(0),2(0),3(0)], numOfContainers=3, numOfBlocks=553
2019-06-14 13:46:29,700 INFO  commands.RetriableDatanodeEventWatcher (RetriableDatanodeEventWatcher.java:onTimeout(47)) - RetriableDatanodeCommand type=deleteBlocksCommand with id=1560519979091 timed out. Retrying.
2019-06-14 13:46:29,701 INFO  commandhandler.DeleteBlocksCommandHandler (DeleteBlocksCommandHandler.java:handle(106)) - Start to delete container blocks, TXIDs=[1(0),2(0),3(0)], numOfContainers=3, numOfBlocks=553
2019-06-14 13:46:29,702 INFO  commandhandler.DeleteBlocksCommandHandler (DeleteBlocksCommandHandler.java:handle(106)) - Start to delete container blocks, TXIDs=[1(0),2(0),3(0)], numOfContainers=3, numOfBlocks=553
2019-06-14 13:46:29,702 INFO  commandhandler.DeleteBlocksCommandHandler (DeleteBlocksCommandHandler.java:handle(106)) - Start to delete container blocks, TXIDs=[1(0),2(0),3(0)], numOfContainers=3, numOfBlocks=553
2019-06-14 13:46:29,703 INFO  commands.RetriableDatanodeEventWatcher (RetriableDatanodeEventWatcher.java:onTimeout(47)) - RetriableDatanodeCommand type=deleteBlocksCommand with id=1560519979140 timed out. Retrying.
2019-06-14 13:46:29,703 INFO  commandhandler.DeleteBlocksCommandHandler (DeleteBlocksCommandHandler.java:handle(106)) - Start to delete container blocks, TXIDs=[1(0),2(0),3(0)], numOfContainers=3, numOfBlocks=553
2019-06-14 13:46:29,704 INFO  commandhandler.DeleteBlocksCommandHandler (DeleteBlocksCommandHandler.java:handle(106)) - Start to delete container blocks, TXIDs=[1(0),2(0),3(0)], numOfContainers=3, numOfBlocks=553
2019-06-14 13:46:29,705 INFO  commandhandler.DeleteBlocksCommandHandler (DeleteBlocksCommandHandler.java:handle(106)) - Start to delete container blocks, TXIDs=[1(0),2(0),3(0)], numOfContainers=3, numOfBlocks=553
2019-06-14 13:46:29,706 INFO  commandhandler.DeleteBlocksCommandHandler (DeleteBlocksCommandHandler.java:handle(106)) - Start to delete container blocks, TXIDs=[1(0),2(0),3(0)], numOfContainers=3, numOfBlocks=553
2019-06-14 13:46:29,707 INFO  commandhandler.DeleteBlocksCommandHandler (DeleteBlocksCommandHandler.java:handle(106)) - Start to delete container blocks, TXIDs=[1(0),2(0),3(0)], numOfContainers=3, numOfBlocks=553
2019-06-14 13:46:29,708 INFO  commandhandler.DeleteBlocksCommandHandler (DeleteBlocksCommandHandler.java:handle(106)) - Start to delete container blocks, TXIDs=[1(0),2(0),3(0)], numOfContainers=3, numOfBlocks=553
2019-06-14 13:46:29,709 INFO  commandhandler.DeleteBlocksCommandHandler (DeleteBlocksCommandHandler.java:handle(106)) - Start to delete container blocks, TXIDs=[1(0),2(0),3(0)], numOfContainers=3, numOfBlocks=553
2019-06-14 13:46:29,710 INFO  commandhandler.DeleteBlocksCommandHandler (DeleteBlocksCommandHandler.java:handle(106)) - Start to delete container blocks, TXIDs=[1(0),2(0),3(0)], numOfContainers=3, numOfBlocks=553
2019-06-14 13:46:29,711 INFO  commandhandler.DeleteBlocksCommandHandler (DeleteBlocksCommandHandler.java:handle(106)) - Start to delete container blocks, TXIDs=[1(0),2(0),3(0)], numOfContainers=3, numOfBlocks=553
2019-06-14 13:46:29,712 INFO  commandhandler.DeleteBlocksCommandHandler (DeleteBlocksCommandHandler.java:handle(106)) - Start to delete container blocks, TXIDs=[1(0),2(0),3(0)], numOfContainers=3, numOfBlocks=553
2019-06-14 13:46:29,713 INFO  commandhandler.DeleteBlocksCommandHandler (DeleteBlocksCommandHandler.java:handle(106)) - Start to delete container blocks, TXIDs=[1(0),2(0),3(0)], numOfContainers=3, numOfBlocks=553
2019-06-14 13:46:29,714 INFO  commandhandler.DeleteBlocksCommandHandler (DeleteBlocksCommandHandler.java:handle(106)) - Start to delete container blocks, TXIDs=[1(0),2(0),3(0)], numOfContainers=3, numOfBlocks=553
2019-06-14 13:46:29,715 INFO  commandhandler.DeleteBlocksCommandHandler (DeleteBlocksCommandHandler.java:handle(106)) - Start to delete container blocks, TXIDs=[1(0),2(0),3(0)], numOfContainers=3, numOfBlocks=553
2019-06-14 13:46:29,716 INFO  commands.RetriableDatanodeEventWatcher (RetriableDatanodeEventWatcher.java:onTimeout(47)) - RetriableDatanodeCommand type=deleteBlocksCommand with id=1560519979160 timed out. Retrying.
2019-06-14 13:46:29,716 INFO  commands.RetriableDatanodeEventWatcher (RetriableDatanodeEventWatcher.java:onTimeout(47)) - RetriableDatanodeCommand type=deleteBlocksCommand with id=1560519979170 timed out. Retrying.
2019-06-14 13:46:29,716 INFO  commands.RetriableDatanodeEventWatcher (RetriableDatanodeEventWatcher.java:onTimeout(47)) - RetriableDatanodeCommand type=deleteBlocksCommand with id=1560519979150 timed out. Retrying.
2019-06-14 13:46:29,716 INFO  commandhandler.DeleteBlocksCommandHandler (DeleteBlocksCommandHandler.java:handle(106)) - Start to delete container blocks, TXIDs=[1(0),2(0),3(0)], numOfContainers=3, numOfBlocks=553
2019-06-14 13:46:29,717 INFO  commandhandler.DeleteBlocksCommandHandler (DeleteBlocksCommandHandler.java:handle(106)) - Start to delete container blocks, TXIDs=[1(0),2(0),3(0)], numOfContainers=3, numOfBlocks=553
2019-06-14 13:46:29,718 INFO  commandhandler.DeleteBlocksCommandHandler (DeleteBlocksCommandHandler.java:handle(106)) - Start to delete container blocks, TXIDs=[1(0),2(0),3(0)], numOfContainers=3, numOfBlocks=553
2019-06-14 13:46:29,724 INFO  commandhandler.DeleteBlocksCommandHandler (DeleteBlocksCommandHandler.java:handle(106)) - Start to delete container blocks, TXIDs=[1(0),2(0),3(0)], numOfContainers=3, numOfBlocks=553
2019-06-14 13:46:29,724 INFO  commands.RetriableDatanodeEventWatcher (RetriableDatanodeEventWatcher.java:onTimeout(47)) - RetriableDatanodeCommand type=deleteBlocksCommand with id=1560519979101 timed out. Retrying.
2019-06-14 13:46:29,725 INFO  commandhandler.DeleteBlocksCommandHandler (DeleteBlocksCommandHandler.java:handle(106)) - Start to delete container blocks, TXIDs=[1(0),2(0),3(0)], numOfContainers=3, numOfBlocks=553
2019-06-14 13:46:29,725 INFO  commands.RetriableDatanodeEventWatcher (RetriableDatanodeEventWatcher.java:onTimeout(47)) - RetriableDatanodeCommand type=deleteBlocksCommand with id=1560519979111 timed out. Retrying.
2019-06-14 13:46:29,725 INFO  commands.RetriableDatanodeEventWatcher (RetriableDatanodeEventWatcher.java:onTimeout(47)) - RetriableDatanodeCommand type=deleteBlocksCommand with id=1560519979180 timed out. Retrying.
2019-06-14 13:46:29,729 INFO  commandhandler.DeleteBlocksCommandHandler (DeleteBlocksCommandHandler.java:handle(106)) - Start to delete container blocks, TXIDs=[1(0),2(0),3(0)], numOfContainers=3, numOfBlocks=553
2019-06-14 13:46:29,730 INFO  commandhandler.DeleteBlocksCommandHandler (DeleteBlocksCommandHandler.java:handle(106)) - Start to delete container blocks, TXIDs=[1(0),2(0),3(0)], numOfContainers=3, numOfBlocks=553
2019-06-14 13:46:29,731 INFO  commandhandler.DeleteBlocksCommandHandler (DeleteBlocksCommandHandler.java:handle(106)) - Start to delete container blocks, TXIDs=[1(0),2(0),3(0)], numOfContainers=3, numOfBlocks=553
2019-06-14 13:46:29,732 INFO  commandhandler.DeleteBlocksCommandHandler (DeleteBlocksCommandHandler.java:handle(106)) - Start to delete container blocks, TXIDs=[1(0),2(0),3(0)], numOfContainers=3, numOfBlocks=553
2019-06-14 13:46:29,733 INFO  commandhandler.DeleteBlocksCommandHandler (DeleteBlocksCommandHandler.java:handle(106)) - Start to delete container blocks, TXIDs=[1(0),2(0),3(0)], numOfContainers=3, numOfBlocks=553
2019-06-14 13:46:29,735 INFO  commandhandler.DeleteBlocksCommandHandler (DeleteBlocksCommandHandler.java:handle(106)) - Start to delete container blocks, TXIDs=[1(0),2(0),3(0)], numOfContainers=3, numOfBlocks=553
2019-06-14 13:46:29,735 INFO  commandhandler.DeleteBlocksCommandHandler (DeleteBlocksCommandHandler.java:handle(106)) - Start to delete container blocks, TXIDs=[1(0),2(0),3(0)], numOfContainers=3, numOfBlocks=553
2019-06-14 13:46:29,736 INFO  commandhandler.DeleteBlocksCommandHandler (DeleteBlocksCommandHandler.java:handle(106)) - Start to delete container blocks, TXIDs=[1(0),2(0),3(0)], numOfContainers=3, numOfBlocks=553
2019-06-14 13:46:29,737 INFO  commandhandler.DeleteBlocksCommandHandler (DeleteBlocksCommandHandler.java:handle(106)) - Start to delete container blocks, TXIDs=[1(0),2(0),3(0)], numOfContainers=3, numOfBlocks=553
2019-06-14 13:46:29,738 DEBUG block.SCMBlockDeletingService (SCMBlockDeletingService.java:call(138)) - Running DeletedBlockTransactionScanner
2019-06-14 13:46:29,738 DEBUG block.SCMBlockDeletingService (SCMBlockDeletingService.java:call(155)) - Scanned deleted blocks log and got 3 delTX to process.
2019-06-14 13:46:29,738 DEBUG 2019-06-14 13:46:29,738 block.SCMBlockDeletingService (INFO  commandhandler.DeleteBlocksCommandHandler (DeleteBlocksCommandHandler.java:handle(106)) - Start to delete container blocks, TXIDs=[1(0),2(0),3(0)], numOfContainers=3, numOfBlocks=553
SCMBlockDeletingService.java:call(171)) - Added delete block command for datanode 0c156e3c-57cc-425b-90ef-9bcaa62a7535 in the queue, number of delete block transactions: 3, TxID list: 1,2,3
2019-06-14 13:46:29,738 INFO  commandhandler.DeleteBlocksCommandHandler (DeleteBlocksCommandHandler.java:handle(106)) - Start to delete container blocks, TXIDs=[1(0),2(0),3(0)], numOfContainers=3, numOfBlocks=553
2019-06-14 13:46:29,739 INFO  block.SCMBlockDeletingService (SCMBlockDeletingService.java:call(182)) - Totally added 3 delete blocks command for 1 datanodes, task elapsed time: 1ms
2019-06-14 13:46:29,739 INFO  commandhandler.DeleteBlocksCommandHandler (DeleteBlocksCommandHandler.java:handle(106)) - Start to delete container blocks, TXIDs=[1(0),2(0),3(0)], numOfContainers=3, numOfBlocks=553
2019-06-14 13:46:29,740 INFO  commandhandler.DeleteBlocksCommandHandler (DeleteBlocksCommandHandler.java:handle(106)) - Start to delete container blocks, TXIDs=[1(0),2(0),3(0)], numOfContainers=3, numOfBlocks=553
2019-06-14 13:46:29,741 INFO  commandhandler.DeleteBlocksCommandHandler (DeleteBlocksCommandHandler.java:handle(106)) - Start to delete container blocks, TXIDs=[1(0),2(0),3(0)], numOfContainers=3, numOfBlocks=553
2019-06-14 13:46:29,742 INFO  commandhandler.DeleteBlocksCommandHandler (DeleteBlocksCommandHandler.java:handle(106)) - Start to delete container blocks, TXIDs=[1(0),2(0),3(0)], numOfContainers=3, numOfBlocks=553
2019-06-14 13:46:29,743 INFO  commandhandler.DeleteBlocksCommandHandler (DeleteBlocksCommandHandler.java:handle(106)) - Start to delete container blocks, TXIDs=[1(0),2(0),3(0)], numOfContainers=3, numOfBlocks=553
2019-06-14 13:46:29,744 INFO  commandhandler.DeleteBlocksCommandHandler (DeleteBlocksCommandHandler.java:handle(106)) - Start to delete container blocks, TXIDs=[1(0),2(0),3(0)], numOfContainers=3, numOfBlocks=553
2019-06-14 13:46:29,745 INFO  commandhandler.DeleteBlocksCommandHandler (DeleteBlocksCommandHandler.java:handle(106)) - Start to delete container blocks, TXIDs=[1(0),2(0),3(0)], numOfContainers=3, numOfBlocks=553
2019-06-14 13:46:29,746 INFO  commandhandler.DeleteBlocksCommandHandler (DeleteBlocksCommandHandler.java:handle(106)) - Start to delete container blocks, TXIDs=[1(0),2(0),3(0)], numOfContainers=3, numOfBlocks=553
2019-06-14 13:46:29,747 INFO  commandhandler.DeleteBlocksCommandHandler (DeleteBlocksCommandHandler.java:handle(106)) - Start to delete container blocks, TXIDs=[1(0),2(0),3(0)], numOfContainers=3, numOfBlocks=553
2019-06-14 13:46:29,748 INFO  commandhandler.DeleteBlocksCommandHandler (DeleteBlocksCommandHandler.java:handle(106)) - Start to delete container blocks, TXIDs=[1(0),2(0),3(0)], numOfContainers=3, numOfBlocks=553
2019-06-14 13:46:29,749 INFO  commandhandler.DeleteBlocksCommandHandler (DeleteBlocksCommandHandler.java:handle(106)) - Start to delete container blocks, TXIDs=[1(0),2(0),3(0)], numOfContainers=3, numOfBlocks=553
2019-06-14 13:46:29,750 INFO  commandhandler.DeleteBlocksCommandHandler (DeleteBlocksCommandHandler.java:handle(106)) - Start to delete container blocks, TXIDs=[1(0),2(0),3(0)], numOfContainers=3, numOfBlocks=553
2019-06-14 13:46:29,751 INFO  commandhandler.DeleteBlocksCommandHandler (DeleteBlocksCommandHandler.java:handle(106)) - Start to delete container blocks, TXIDs=[1(0),2(0),3(0)], numOfContainers=3, numOfBlocks=553
2019-06-14 13:46:29,752 INFO  commandhandler.DeleteBlocksCommandHandler (DeleteBlocksCommandHandler.java:handle(106)) - Start to delete container blocks, TXIDs=[1(0),2(0),3(0)], numOfContainers=3, numOfBlocks=553
2019-06-14 13:46:29,753 INFO  commandhandler.DeleteBlocksCommandHandler (DeleteBlocksCommandHandler.java:handle(106)) - Start to delete container blocks, TXIDs=[1(0),2(0),3(0)], numOfContainers=3, numOfBlocks=553
2019-06-14 13:46:29,754 INFO  commandhandler.DeleteBlocksCommandHandler (DeleteBlocksCommandHandler.java:handle(106)) - Start to delete container blocks, TXIDs=[1(0),2(0),3(0)], numOfContainers=3, numOfBlocks=553
2019-06-14 13:46:29,755 INFO  commandhandler.DeleteBlocksCommandHandler (DeleteBlocksCommandHandler.java:handle(106)) - Start to delete container blocks, TXIDs=[1(0),2(0),3(0)], numOfContainers=3, numOfBlocks=553
2019-06-14 13:46:29,756 INFO  commandhandler.DeleteBlocksCommandHandler (DeleteBlocksCommandHandler.java:handle(106)) - Start to delete container blocks, TXIDs=[1(0),2(0),3(0)], numOfContainers=3, numOfBlocks=553
2019-06-14 13:46:29,757 INFO  commandhandler.DeleteBlocksCommandHandler (DeleteBlocksCommandHandler.java:handle(106)) - Start to delete container blocks, TXIDs=[1(0),2(0),3(0)], numOfContainers=3, numOfBlocks=553
2019-06-14 13:46:29,758 INFO  commandhandler.DeleteBlocksCommandHandler (DeleteBlocksCommandHandler.java:handle(106)) - Start to delete container blocks, TXIDs=[1(0),2(0),3(0)], numOfContainers=3, numOfBlocks=553
2019-06-14 13:46:29,758 INFO  commandhandler.DeleteBlocksCommandHandler (DeleteBlocksCommandHandler.java:handle(106)) - Start to delete container blocks, TXIDs=[1(0),2(0),3(0)], numOfContainers=3, numOfBlocks=553
2019-06-14 13:46:29,759 INFO  commandhandler.DeleteBlocksCommandHandler (DeleteBlocksCommandHandler.java:handle(106)) - Start to delete container blocks, TXIDs=[1(0),2(0),3(0)], numOfContainers=3, numOfBlocks=553
2019-06-14 13:46:29,760 INFO  commandhandler.DeleteBlocksCommandHandler (DeleteBlocksCommandHandler.java:handle(106)) - Start to delete container blocks, TXIDs=[1(0),2(0),3(0)], numOfContainers=3, numOfBlocks=553
2019-06-14 13:46:29,761 INFO  commandhandler.DeleteBlocksCommandHandler (DeleteBlocksCommandHandler.java:handle(106)) - Start to delete container blocks, TXIDs=[1(0),2(0),3(0)], numOfContainers=3, numOfBlocks=553
2019-06-14 13:46:29,762 INFO  commandhandler.DeleteBlocksCommandHandler (DeleteBlocksCommandHandler.java:handle(106)) - Start to delete container blocks, TXIDs=[1(0),2(0),3(0)], numOfContainers=3, numOfBlocks=553
2019-06-14 13:46:29,763 INFO  commandhandler.DeleteBlocksCommandHandler (DeleteBlocksCommandHandler.java:handle(106)) - Start to delete container blocks, TXIDs=[1(0),2(0),3(0)], numOfContainers=3, numOfBlocks=553
2019-06-14 13:46:29,764 INFO  commandhandler.DeleteBlocksCommandHandler (DeleteBlocksCommandHandler.java:handle(106)) - Start to delete container blocks, TXIDs=[1(0),2(0),3(0)], numOfContainers=3, numOfBlocks=553
2019-06-14 13:46:29,765 INFO  commandhandler.DeleteBlocksCommandHandler (DeleteBlocksCommandHandler.java:handle(106)) - Start to delete container blocks, TXIDs=[1(0),2(0),3(0)], numOfContainers=3, numOfBlocks=553
2019-06-14 13:46:29,766 INFO  commandhandler.DeleteBlocksCommandHandler (DeleteBlocksCommandHandler.java:handle(106)) - Start to delete container blocks, TXIDs=[1(0),2(0),3(0)], numOfContainers=3, numOfBlocks=553
2019-06-14 13:46:29,767 INFO  commandhandler.DeleteBlocksCommandHandler (DeleteBlocksCommandHandler.java:handle(106)) - Start to delete container blocks, TXIDs=[1(0),2(0),3(0)], numOfContainers=3, numOfBlocks=553
2019-06-14 13:46:29,768 INFO  commandhandler.DeleteBlocksCommandHandler (DeleteBlocksCommandHandler.java:handle(106)) - Start to delete container blocks, TXIDs=[1(0),2(0),3(0)], numOfContainers=3, numOfBlocks=553
2019-06-14 13:46:29,769 INFO  commandhandler.DeleteBlocksCommandHandler (DeleteBlocksCommandHandler.java:handle(106)) - Start to delete container blocks, TXIDs=[1(0),2(0),3(0)], numOfContainers=3, numOfBlocks=553
2019-06-14 13:46:29,769 INFO  commands.RetriableDatanodeEventWatcher (RetriableDatanodeEventWatcher.java:onTimeout(47)) - RetriableDatanodeCommand type=deleteBlocksCommand with id=1560519979121 timed out. Retrying.
2019-06-14 13:46:29,770 INFO  commandhandler.DeleteBlocksCommandHandler (DeleteBlocksCommandHandler.java:handle(106)) - Start to delete container blocks, TXIDs=[1(0),2(0),3(0)], numOfContainers=3, numOfBlocks=553
2019-06-14 13:46:29,771 INFO  commandhandler.DeleteBlocksCommandHandler (DeleteBlocksCommandHandler.java:handle(106)) - Start to delete container blocks, TXIDs=[1(0),2(0),3(0)], numOfContainers=3, numOfBlocks=553
2019-06-14 13:46:29,772 INFO  commandhandler.DeleteBlocksCommandHandler (DeleteBlocksCommandHandler.java:handle(106)) - Start to delete container blocks, TXIDs=[1(0),2(0),3(0)], numOfContainers=3, numOfBlocks=553
2019-06-14 13:46:29,773 INFO  commandhandler.DeleteBlocksCommandHandler (DeleteBlocksCommandHandler.java:handle(106)) - Start to delete container blocks, TXIDs=[1(0),2(0),3(0)], numOfContainers=3, numOfBlocks=553
2019-06-14 13:46:29,774 INFO  commandhandler.DeleteBlocksCommandHandler (DeleteBlocksCommandHandler.java:handle(106)) - Start to delete container blocks, TXIDs=[1(0),2(0),3(0)], numOfContainers=3, numOfBlocks=553
2019-06-14 13:46:29,775 INFO  commandhandler.DeleteBlocksCommandHandler (DeleteBlocksCommandHandler.java:handle(106)) - Start to delete container blocks, TXIDs=[1(0),2(0),3(0)], numOfContainers=3, numOfBlocks=553
2019-06-14 13:46:29,776 INFO  commandhandler.DeleteBlocksCommandHandler (DeleteBlocksCommandHandler.java:handle(106)) - Start to delete container blocks, TXIDs=[1(0),2(0),3(0)], numOfContainers=3, numOfBlocks=553
2019-06-14 13:46:29,777 INFO  commandhandler.DeleteBlocksCommandHandler (DeleteBlocksCommandHandler.java:handle(106)) - Start to delete container blocks, TXIDs=[1(0),2(0),3(0)], numOfContainers=3, numOfBlocks=553
2019-06-14 13:46:29,778 INFO  commands.RetriableDatanodeEventWatcher (RetriableDatanodeEventWatcher.java:onTimeout(47)) - RetriableDatanodeCommand type=deleteBlocksCommand with id=1560519979131 timed out. Retrying.
2019-06-14 13:46:29,778 INFO  commandhandler.DeleteBlocksCommandHandler (DeleteBlocksCommandHandler.java:handle(106)) - Start to delete container blocks, TXIDs=[1(0),2(0),3(0)], numOfContainers=3, numOfBlocks=553
2019-06-14 13:46:29,779 INFO  commandhandler.DeleteBlocksCommandHandler (DeleteBlocksCommandHandler.java:handle(106)) - Start to delete container blocks, TXIDs=[1(0),2(0),3(0)], numOfContainers=3, numOfBlocks=553
2019-06-14 13:46:29,780 INFO  commandhandler.DeleteBlocksCommandHandler (DeleteBlocksCommandHandler.java:handle(106)) - Start to delete container blocks, TXIDs=[1(0),2(0),3(0)], numOfContainers=3, numOfBlocks=553
2019-06-14 13:46:29,781 INFO  commandhandler.DeleteBlocksCommandHandler (DeleteBlocksCommandHandler.java:handle(106)) - Start to delete container blocks, TXIDs=[1(0),2(0),3(0)], numOfContainers=3, numOfBlocks=553
2019-06-14 13:46:29,782 INFO  commandhandler.DeleteBlocksCommandHandler (DeleteBlocksCommandHandler.java:handle(106)) - Start to delete container blocks, TXIDs=[1(0),2(0),3(0)], numOfContainers=3, numOfBlocks=553
2019-06-14 13:46:29,783 INFO  commandhandler.DeleteBlocksCommandHandler (DeleteBlocksCommandHandler.java:handle(106)) - Start to delete container blocks, TXIDs=[1(0),2(0),3(0)], numOfContainers=3, numOfBlocks=553
2019-06-14 13:46:29,784 INFO  commandhandler.DeleteBlocksCommandHandler (DeleteBlocksCommandHandler.java:handle(106)) - Start to delete container blocks, TXIDs=[1(0),2(0),3(0)], numOfContainers=3, numOfBlocks=553
2019-06-14 13:46:29,785 INFO  commandhandler.DeleteBlocksCommandHandler (DeleteBlocksCommandHandler.java:handle(106)) - Start to delete container blocks, TXIDs=[1(0),2(0),3(0)], numOfContainers=3, numOfBlocks=553
2019-06-14 13:46:29,785 INFO  commandhandler.DeleteBlocksCommandHandler (DeleteBlocksCommandHandler.java:handle(106)) - Start to delete container blocks, TXIDs=[1(0),2(0),3(0)], numOfContainers=3, numOfBlocks=553
2019-06-14 13:46:29,786 INFO  commands.RetriableDatanodeEventWatcher (RetriableDatanodeEventWatcher.java:onTimeout(47)) - RetriableDatanodeCommand type=deleteBlocksCommand with id=1560519979141 timed out. Retrying.
2019-06-14 13:46:29,786 INFO  commandhandler.DeleteBlocksCommandHandler (DeleteBlocksCommandHandler.java:handle(106)) - Start to delete container blocks, TXIDs=[1(0),2(0),3(0)], numOfContainers=3, numOfBlocks=553
2019-06-14 13:46:29,787 INFO  commandhandler.DeleteBlocksCommandHandler (DeleteBlocksCommandHandler.java:handle(106)) - Start to delete container blocks, TXIDs=[1(0),2(0),3(0)], numOfContainers=3, numOfBlocks=553
2019-06-14 13:46:29,788 INFO  commandhandler.DeleteBlocksCommandHandler (DeleteBlocksCommandHandler.java:handle(106)) - Start to delete container blocks, TXIDs=[1(0),2(0),3(0)], numOfContainers=3, numOfBlocks=553
2019-06-14 13:46:29,789 INFO  commandhandler.DeleteBlocksCommandHandler (DeleteBlocksCommandHandler.java:handle(106)) - Start to delete container blocks, TXIDs=[1(0),2(0),3(0)], numOfContainers=3, numOfBlocks=553
2019-06-14 13:46:29,790 INFO  commands.RetriableDatanodeEventWatcher (RetriableDatanodeEventWatcher.java:onTimeout(47)) - RetriableDatanodeCommand type=deleteBlocksCommand with id=1560519979151 timed out. Retrying.
2019-06-14 13:46:29,790 INFO  commandhandler.DeleteBlocksCommandHandler (DeleteBlocksCommandHandler.java:handle(106)) - Start to delete container blocks, TXIDs=[1(0),2(0),3(0)], numOfContainers=3, numOfBlocks=553
2019-06-14 13:46:29,791 INFO  commandhandler.DeleteBlocksCommandHandler (DeleteBlocksCommandHandler.java:handle(106)) - Start to delete container blocks, TXIDs=[1(0),2(0),3(0)], numOfContainers=3, numOfBlocks=553
2019-06-14 13:46:29,792 INFO  commandhandler.DeleteBlocksCommandHandler (DeleteBlocksCommandHandler.java:handle(106)) - Start to delete container blocks, TXIDs=[1(0),2(0),3(0)], numOfContainers=3, numOfBlocks=553
2019-06-14 13:46:29,793 INFO  commandhandler.DeleteBlocksCommandHandler (DeleteBlocksCommandHandler.java:handle(106)) - Start to delete container blocks, TXIDs=[1(0),2(0),3(0)], numOfContainers=3, numOfBlocks=553
2019-06-14 13:46:29,794 INFO  commandhandler.DeleteBlocksCommandHandler (DeleteBlocksCommandHandler.java:handle(106)) - Start to delete container blocks, TXIDs=[1(0),2(0),3(0)], numOfContainers=3, numOfBlocks=553
2019-06-14 13:46:29,795 INFO  commandhandler.DeleteBlocksCommandHandler (DeleteBlocksCommandHandler.java:handle(106)) - Start to delete container blocks, TXIDs=[1(0),2(0),3(0)], numOfContainers=3, numOfBlocks=553
2019-06-14 13:46:29,796 INFO  commandhandler.DeleteBlocksCommandHandler (DeleteBlocksCommandHandler.java:handle(106)) - Start to delete container blocks, TXIDs=[1(0),2(0),3(0)], numOfContainers=3, numOfBlocks=553
2019-06-14 13:46:29,797 INFO  commandhandler.DeleteBlocksCommandHandler (DeleteBlocksCommandHandler.java:handle(106)) - Start to delete container blocks, TXIDs=[1(0),2(0),3(0)], numOfContainers=3, numOfBlocks=553
2019-06-14 13:46:29,797 INFO  commandhandler.DeleteBlocksCommandHandler (DeleteBlocksCommandHandler.java:handle(106)) - Start to delete container blocks, TXIDs=[1(0),2(0),3(0)], numOfContainers=3, numOfBlocks=553
2019-06-14 13:46:29,799 INFO  commandhandler.DeleteBlocksCommandHandler (DeleteBlocksCommandHandler.java:handle(106)) - Start to delete container blocks, TXIDs=[1(0),2(0),3(0)], numOfContainers=3, numOfBlocks=553
2019-06-14 13:46:29,800 INFO  commandhandler.DeleteBlocksCommandHandler (DeleteBlocksCommandHandler.java:handle(106)) - Start to delete container blocks, TXIDs=[1(0),2(0),3(0)], numOfContainers=3, numOfBlocks=553
2019-06-14 13:46:29,801 INFO  commandhandler.DeleteBlocksCommandHandler (DeleteBlocksCommandHandler.java:handle(106)) - Start to delete container blocks, TXIDs=[1(0),2(0),3(0)], numOfContainers=3, numOfBlocks=553
2019-06-14 13:46:29,802 INFO  commandhandler.DeleteBlocksCommandHandler (DeleteBlocksCommandHandler.java:handle(106)) - Start to delete container blocks, TXIDs=[1(0),2(0),3(0)], numOfContainers=3, numOfBlocks=553
2019-06-14 13:46:29,802 INFO  commands.RetriableDatanodeEventWatcher (RetriableDatanodeEventWatcher.java:onTimeout(47)) - RetriableDatanodeCommand type=deleteBlocksCommand with id=1560519979092 timed out. Retrying.
2019-06-14 13:46:29,802 INFO  commands.RetriableDatanodeEventWatcher (RetriableDatanodeEventWatcher.java:onTimeout(47)) - RetriableDatanodeCommand type=deleteBlocksCommand with id=1560519979161 timed out. Retrying.
2019-06-14 13:46:29,803 INFO  commandhandler.DeleteBlocksCommandHandler (DeleteBlocksCommandHandler.java:handle(106)) - Start to delete container blocks, TXIDs=[1(0),2(0),3(0)], numOfContainers=3, numOfBlocks=553
2019-06-14 13:46:29,804 INFO  commandhandler.DeleteBlocksCommandHandler (DeleteBlocksCommandHandler.java:handle(106)) - Start to delete container blocks, TXIDs=[1(0),2(0),3(0)], numOfContainers=3, numOfBlocks=553
2019-06-14 13:46:29,804 INFO  commandhandler.DeleteBlocksCommandHandler (DeleteBlocksCommandHandler.java:handle(106)) - Start to delete container blocks, TXIDs=[1(0),2(0),3(0)], numOfContainers=3, numOfBlocks=553
2019-06-14 13:46:29,805 INFO  commandhandler.DeleteBlocksCommandHandler (DeleteBlocksCommandHandler.java:handle(106)) - Start to delete container blocks, TXIDs=[1(0),2(0),3(0)], numOfContainers=3, numOfBlocks=553
2019-06-14 13:46:29,806 INFO  commands.RetriableDatanodeEventWatcher (RetriableDatanodeEventWatcher.java:onTimeout(47)) - RetriableDatanodeCommand type=deleteBlocksCommand with id=1560519979171 timed out. Retrying.
2019-06-14 13:46:29,806 INFO  commandhandler.DeleteBlocksCommandHandler (DeleteBlocksCommandHandler.java:handle(106)) - Start to delete container blocks, TXIDs=[1(0),2(0),3(0)], numOfContainers=3, numOfBlocks=553
2019-06-14 13:46:29,807 INFO  commandhandler.DeleteBlocksCommandHandler (DeleteBlocksCommandHandler.java:handle(106)) - Start to delete container blocks, TXIDs=[1(0),2(0),3(0)], numOfContainers=3, numOfBlocks=553
2019-06-14 13:46:29,808 INFO  commandhandler.DeleteBlocksCommandHandler (DeleteBlocksCommandHandler.java:handle(106)) - Start to delete container blocks, TXIDs=[1(0),2(0),3(0)], numOfContainers=3, numOfBlocks=553
2019-06-14 13:46:29,809 INFO  commandhandler.DeleteBlocksCommandHandler (DeleteBlocksCommandHandler.java:handle(106)) - Start to delete container blocks, TXIDs=[1(0),2(0),3(0)], numOfContainers=3, numOfBlocks=553
2019-06-14 13:46:29,810 INFO  commands.RetriableDatanodeEventWatcher (RetriableDatanodeEventWatcher.java:onTimeout(47)) - RetriableDatanodeCommand type=deleteBlocksCommand with id=1560519979102 timed out. Retrying.
2019-06-14 13:46:29,810 INFO  commandhandler.DeleteBlocksCommandHandler (DeleteBlocksCommandHandler.java:handle(106)) - Start to delete container blocks, TXIDs=[1(0),2(0),3(0)], numOfContainers=3, numOfBlocks=553
2019-06-14 13:46:29,811 INFO  commandhandler.DeleteBlocksCommandHandler (DeleteBlocksCommandHandler.java:handle(106)) - Start to delete container blocks, TXIDs=[1(0),2(0),3(0)], numOfContainers=3, numOfBlocks=553
2019-06-14 13:46:29,812 INFO  commandhandler.DeleteBlocksCommandHandler (DeleteBlocksCommandHandler.java:handle(106)) - Start to delete container blocks, TXIDs=[1(0),2(0),3(0)], numOfContainers=3, numOfBlocks=553
2019-06-14 13:46:29,813 INFO  commandhandler.DeleteBlocksCommandHandler (DeleteBlocksCommandHandler.java:handle(106)) - Start to delete container blocks, TXIDs=[1(0),2(0),3(0)], numOfContainers=3, numOfBlocks=553
2019-06-14 13:46:29,814 INFO  commandhandler.DeleteBlocksCommandHandler (DeleteBlocksCommandHandler.java:handle(106)) - Start to delete container blocks, TXIDs=[1(0),2(0),3(0)], numOfContainers=3, numOfBlocks=553
2019-06-14 13:46:29,815 INFO  commandhandler.DeleteBlocksCommandHandler (DeleteBlocksCommandHandler.java:handle(106)) - Start to delete container blocks, TXIDs=[1(0),2(0),3(0)], numOfContainers=3, numOfBlocks=553
2019-06-14 13:46:29,815 INFO  commandhandler.DeleteBlocksCommandHandler (DeleteBlocksCommandHandler.java:handle(106)) - Start to delete container blocks, TXIDs=[1(0),2(0),3(0)], numOfContainers=3, numOfBlocks=553
2019-06-14 13:46:29,816 INFO  commandhandler.DeleteBlocksCommandHandler (DeleteBlocksCommandHandler.java:handle(106)) - Start to delete container blocks, TXIDs=[1(0),2(0),3(0)], numOfContainers=3, numOfBlocks=553
2019-06-14 13:46:29,817 INFO  commandhandler.DeleteBlocksCommandHandler (DeleteBlocksCommandHandler.java:handle(106)) - Start to delete container blocks, TXIDs=[1(0),2(0),3(0)], numOfContainers=3, numOfBlocks=553
2019-06-14 13:46:29,818 INFO  commandhandler.DeleteBlocksCommandHandler (DeleteBlocksCommandHandler.java:handle(106)) - Start to delete container blocks, TXIDs=[1(0),2(0),3(0)], numOfContainers=3, numOfBlocks=553
2019-06-14 13:46:29,819 INFO  commandhandler.DeleteBlocksCommandHandler (DeleteBlocksCommandHandler.java:handle(106)) - Start to delete container blocks, TXIDs=[1(0),2(0),3(0)], numOfContainers=3, numOfBlocks=553
2019-06-14 13:46:29,820 INFO  commandhandler.DeleteBlocksCommandHandler (DeleteBlocksCommandHandler.java:handle(106)) - Start to delete container blocks, TXIDs=[1(0),2(0),3(0)], numOfContainers=3, numOfBlocks=553
2019-06-14 13:46:29,821 INFO  commandhandler.DeleteBlocksCommandHandler (DeleteBlocksCommandHandler.java:handle(106)) - Start to delete container blocks, TXIDs=[1(0),2(0),3(0)], numOfContainers=3, numOfBlocks=553
2019-06-14 13:46:29,822 INFO  commands.RetriableDatanodeEventWatcher (RetriableDatanodeEventWatcher.java:onTimeout(47)) - RetriableDatanodeCommand type=deleteBlocksCommand with id=1560519979112 timed out. Retrying.
2019-06-14 13:46:29,822 INFO  commandhandler.DeleteBlocksCommandHandler (DeleteBlocksCommandHandler.java:handle(106)) - Start to delete container blocks, TXIDs=[1(0),2(0),3(0)], numOfContainers=3, numOfBlocks=553
2019-06-14 13:46:29,823 INFO  commandhandler.DeleteBlocksCommandHandler (DeleteBlocksCommandHandler.java:handle(106)) - Start to delete container blocks, TXIDs=[1(0),2(0),3(0)], numOfContainers=3, numOfBlocks=553
2019-06-14 13:46:29,824 INFO  commandhandler.DeleteBlocksCommandHandler (DeleteBlocksCommandHandler.java:handle(106)) - Start to delete container blocks, TXIDs=[1(0),2(0),3(0)], numOfContainers=3, numOfBlocks=553
2019-06-14 13:46:29,825 INFO  commandhandler.DeleteBlocksCommandHandler (DeleteBlocksCommandHandler.java:handle(106)) - Start to delete container blocks, TXIDs=[1(0),2(0),3(0)], numOfContainers=3, numOfBlocks=553
2019-06-14 13:46:29,826 INFO  commandhandler.DeleteBlocksCommandHandler (DeleteBlocksCommandHandler.java:handle(106)) - Start to delete container blocks, TXIDs=[1(0),2(0),3(0)], numOfContainers=3, numOfBlocks=553
2019-06-14 13:46:29,826 INFO  commands.RetriableDatanodeEventWatcher (RetriableDatanodeEventWatcher.java:onTimeout(47)) - RetriableDatanodeCommand type=deleteBlocksCommand with id=1560519979181 timed out. Retrying.
2019-06-14 13:46:29,835 INFO  commandhandler.DeleteBlocksCommandHandler (DeleteBlocksCommandHandler.java:handle(106)) - Start to delete container blocks, TXIDs=[1(0),2(0),3(0)], numOfContainers=3, numOfBlocks=553
2019-06-14 13:46:29,836 INFO  commandhandler.DeleteBlocksCommandHandler (DeleteBlocksCommandHandler.java:handle(106)) - Start to delete container blocks, TXIDs=[1(0),2(0),3(0)], numOfContainers=3, numOfBlocks=553
2019-06-14 13:46:29,837 INFO  commandhandler.DeleteBlocksCommandHandler (DeleteBlocksCommandHandler.java:handle(106)) - Start to delete container blocks, TXIDs=[1(0),2(0),3(0)], numOfContainers=3, numOfBlocks=553
2019-06-14 13:46:29,838 INFO  commandhandler.DeleteBlocksCommandHandler (DeleteBlocksCommandHandler.java:handle(106)) - Start to delete container blocks, TXIDs=[1(0),2(0),3(0)], numOfContainers=3, numOfBlocks=553
2019-06-14 13:46:29,839 INFO  commandhandler.DeleteBlocksCommandHandler (DeleteBlocksCommandHandler.java:handle(106)) - Start to delete container blocks, TXIDs=[1(0),2(0),3(0)], numOfContainers=3, numOfBlocks=553
2019-06-14 13:46:29,840 INFO  commandhandler.DeleteBlocksCommandHandler (DeleteBlocksCommandHandler.java:handle(106)) - Start to delete container blocks, TXIDs=[1(0),2(0),3(0)], numOfContainers=3, numOfBlocks=553
2019-06-14 13:46:29,841 INFO  commandhandler.DeleteBlocksCommandHandler (DeleteBlocksCommandHandler.java:handle(106)) - Start to delete container blocks, TXIDs=[1(0),2(0),3(0)], numOfContainers=3, numOfBlocks=553
2019-06-14 13:46:29,842 INFO  commandhandler.DeleteBlocksCommandHandler (DeleteBlocksCommandHandler.java:handle(106)) - Start to delete container blocks, TXIDs=[1(0),2(0),3(0)], numOfContainers=3, numOfBlocks=553
2019-06-14 13:46:29,842 DEBUG block.SCMBlockDeletingService (SCMBlockDeletingService.java:call(138)) - Running DeletedBlockTransactionScanner
2019-06-14 13:46:29,842 DEBUG block.SCMBlockDeletingService (SCMBlockDeletingService.java:call(155)) - Scanned deleted blocks log and got 3 delTX to process.
2019-06-14 13:46:29,842 DEBUG block.SCMBlockDeletingService (SCMBlockDeletingService.java:call(171)) - Added delete block command for datanode 0c156e3c-57cc-425b-90ef-9bcaa62a7535 in the queue, number of delete block transactions: 3, TxID list: 1,2,3
2019-06-14 13:46:29,843 INFO  block.SCMBlockDeletingService (DeleteBlocksCommandHandler.java:handle(106)) - Start to delete container blocks, TXIDs=[1(0),2(0),3(0)], numOfContainers=3, numOfBlocks=553
SCMBlockDeletingService.java:call(182)) - Totally added 3 delete blocks command for 1 datanodes, task elapsed time: 0ms
2019-06-14 13:46:29,843 INFO  commandhandler.DeleteBlocksCommandHandler (DeleteBlocksCommandHandler.java:handle(106)) - Start to delete container blocks, TXIDs=[1(0),2(0),3(0)], numOfContainers=3, numOfBlocks=553
2019-06-14 13:46:29,855 INFO  commandhandler.DeleteBlocksCommandHandler (DeleteBlocksCommandHandler.java:handle(106)) - Start to delete container blocks, TXIDs=[1(0),2(0),3(0)], numOfContainers=3, numOfBlocks=553
2019-06-14 13:46:29,856 INFO  commandhandler.DeleteBlocksCommandHandler (DeleteBlocksCommandHandler.java:handle(106)) - Start to delete container blocks, TXIDs=[1(0),2(0),3(0)], numOfContainers=3, numOfBlocks=553
2019-06-14 13:46:29,857 INFO  commandhandler.DeleteBlocksCommandHandler (DeleteBlocksCommandHandler.java:handle(106)) - Start to delete container blocks, TXIDs=[1(0),2(0),3(0)], numOfContainers=3, numOfBlocks=553
2019-06-14 13:46:29,858 INFO  commandhandler.DeleteBlocksCommandHandler (DeleteBlocksCommandHandler.java:handle(106)) - Start to delete container blocks, TXIDs=[1(0),2(0),3(0)], numOfContainers=3, numOfBlocks=553
2019-06-14 13:46:29,859 INFO  commandhandler.DeleteBlocksCommandHandler (DeleteBlocksCommandHandler.java:handle(106)) - Start to delete container blocks, TXIDs=[1(0),2(0),3(0)], numOfContainers=3, numOfBlocks=553
2019-06-14 13:46:29,860 INFO  commandhandler.DeleteBlocksCommandHandler (DeleteBlocksCommandHandler.java:handle(106)) - Start to delete container blocks, TXIDs=[1(0),2(0),3(0)], numOfContainers=3, numOfBlocks=553
2019-06-14 13:46:29,861 INFO  commandhandler.DeleteBlocksCommandHandler (DeleteBlocksCommandHandler.java:handle(106)) - Start to delete container blocks, TXIDs=[1(0),2(0),3(0)], numOfContainers=3, numOfBlocks=553
2019-06-14 13:46:29,870 INFO  commandhandler.DeleteBlocksCommandHandler (DeleteBlocksCommandHandler.java:handle(106)) - Start to delete container blocks, TXIDs=[1(0),2(0),3(0)], numOfContainers=3, numOfBlocks=553
2019-06-14 13:46:29,871 INFO  commandhandler.DeleteBlocksCommandHandler (DeleteBlocksCommandHandler.java:handle(106)) - Start to delete container blocks, TXIDs=[1(0),2(0),3(0)], numOfContainers=3, numOfBlocks=553
2019-06-14 13:46:29,872 INFO  commandhandler.DeleteBlocksCommandHandler (DeleteBlocksCommandHandler.java:handle(106)) - Start to delete container blocks, TXIDs=[1(0),2(0),3(0)], numOfContainers=3, numOfBlocks=553
2019-06-14 13:46:29,873 INFO  commandhandler.DeleteBlocksCommandHandler (DeleteBlocksCommandHandler.java:handle(106)) - Start to delete container blocks, TXIDs=[1(0),2(0),3(0)], numOfContainers=3, numOfBlocks=553
2019-06-14 13:46:29,878 DEBUG block.DeletedBlockLogImpl (DeletedBlockLogImpl.java:isTransactionFailed(245)) - Got block deletion ACK from datanode, TXIDs=1, success=true
2019-06-14 13:46:29,879 DEBUG block.DeletedBlockLogImpl (DeletedBlockLogImpl.java:commitTransactions(227)) - Purging txId=1 from block deletion log
2019-06-14 13:46:29,879 DEBUG block.DeletedBlockLogImpl (DeletedBlockLogImpl.java:commitTransactions(231)) - Datanode txId=1 containerId=#1 committed by dnId=0c156e3c-57cc-425b-90ef-9bcaa62a7535
2019-06-14 13:46:29,879 DEBUG block.DeletedBlockLogImpl (DeletedBlockLogImpl.java:isTransactionFailed(245)) - Got block deletion ACK from datanode, TXIDs=2, success=true
2019-06-14 13:46:29,879 DEBUG block.DeletedBlockLogImpl (DeletedBlockLogImpl.java:commitTransactions(227)) - Purging txId=2 from block deletion log
2019-06-14 13:46:29,880 DEBUG block.DeletedBlockLogImpl (DeletedBlockLogImpl.java:commitTransactions(231)) - Datanode txId=2 containerId=#2 committed by dnId=0c156e3c-57cc-425b-90ef-9bcaa62a7535
2019-06-14 13:46:29,880 DEBUG block.DeletedBlockLogImpl (DeletedBlockLogImpl.java:isTransactionFailed(245)) - Got block deletion ACK from datanode, TXIDs=3, success=true
2019-06-14 13:46:29,880 DEBUG block.DeletedBlockLogImpl (DeletedBlockLogImpl.java:commitTransactions(227)) - Purging txId=3 from block deletion log
2019-06-14 13:46:29,880 DEBUG block.DeletedBlockLogImpl (DeletedBlockLogImpl.java:commitTransactions(231)) - Datanode txId=3 containerId=#3 committed by dnId=0c156e3c-57cc-425b-90ef-9bcaa62a7535
2019-06-14 13:46:29,880 DEBUG block.DeletedBlockLogImpl (DeletedBlockLogImpl.java:isTransactionFailed(245)) - Got block deletion ACK from datanode, TXIDs=1, success=true
2019-06-14 13:46:29,880 WARN  block.DeletedBlockLogImpl (DeletedBlockLogImpl.java:commitTransactions(205)) - Transaction txId=1 commit by dnId=0c156e3c-57cc-425b-90ef-9bcaa62a7535 for containerID=#1 failed. Corresponding entry not found.
2019-06-14 13:46:29,880 DEBUG block.DeletedBlockLogImpl (DeletedBlockLogImpl.java:isTransactionFailed(245)) - Got block deletion ACK from datanode, TXIDs=1, success=true
2019-06-14 13:46:29,880 WARN  block.DeletedBlockLogImpl (DeletedBlockLogImpl.java:commitTransactions(205)) - Transaction txId=1 commit by dnId=0c156e3c-57cc-425b-90ef-9bcaa62a7535 for containerID=#1 failed. Corresponding entry not found.
2019-06-14 13:46:29,880 DEBUG block.DeletedBlockLogImpl (DeletedBlockLogImpl.java:isTransactionFailed(245)) - Got block deletion ACK from datanode, TXIDs=1, success=true
2019-06-14 13:46:29,880 WARN  block.DeletedBlockLogImpl (DeletedBlockLogImpl.java:commitTransactions(205)) - Transaction txId=1 commit by dnId=0c156e3c-57cc-425b-90ef-9bcaa62a7535 for containerID=#1 failed. Corresponding entry not found.
2019-06-14 13:46:29,880 DEBUG block.DeletedBlockLogImpl (DeletedBlockLogImpl.java:isTransactionFailed(245)) - Got block deletion ACK from datanode, TXIDs=1, success=true
2019-06-14 13:46:29,880 WARN  block.DeletedBlockLogImpl (DeletedBlockLogImpl.java:commitTransactions(205)) - Transaction txId=1 commit by dnId=0c156e3c-57cc-425b-90ef-9bcaa62a7535 for containerID=#1 failed. Corresponding entry not found.
2019-06-14 13:46:29,880 DEBUG block.DeletedBlockLogImpl (DeletedBlockLogImpl.java:isTransactionFailed(245)) - Got block deletion ACK from datanode, TXIDs=1, success=true
2019-06-14 13:46:29,880 WARN  block.DeletedBlockLogImpl (DeletedBlockLogImpl.java:commitTransactions(205)) - Transaction txId=1 commit by dnId=0c156e3c-57cc-425b-90ef-9bcaa62a7535 for containerID=#1 failed. Corresponding entry not found.
2019-06-14 13:46:29,880 DEBUG block.DeletedBlockLogImpl (DeletedBlockLogImpl.java:isTransactionFailed(245)) - Got block deletion ACK from datanode, TXIDs=1, success=true
2019-06-14 13:46:29,881 WARN  block.DeletedBlockLogImpl (DeletedBlockLogImpl.java:commitTransactions(205)) - Transaction txId=1 commit by dnId=0c156e3c-57cc-425b-90ef-9bcaa62a7535 for containerID=#1 failed. Corresponding entry not found.
2019-06-14 13:46:29,881 DEBUG block.DeletedBlockLogImpl (DeletedBlockLogImpl.java:isTransactionFailed(245)) - Got block deletion ACK from datanode, TXIDs=1, success=true
2019-06-14 13:46:29,881 WARN  block.DeletedBlockLogImpl (DeletedBlockLogImpl.java:commitTransactions(205)) - Transaction txId=1 commit by dnId=0c156e3c-57cc-425b-90ef-9bcaa62a7535 for containerID=#1 failed. Corresponding entry not found.
2019-06-14 13:46:29,881 DEBUG block.DeletedBlockLogImpl (DeletedBlockLogImpl.java:isTransactionFailed(245)) - Got block deletion ACK from datanode, TXIDs=1, success=true
2019-06-14 13:46:29,881 WARN  block.DeletedBlockLogImpl (DeletedBlockLogImpl.java:commitTransactions(205)) - Transaction txId=1 commit by dnId=0c156e3c-57cc-425b-90ef-9bcaa62a7535 for containerID=#1 failed. Corresponding entry not found.
2019-06-14 13:46:29,881 DEBUG block.DeletedBlockLogImpl (DeletedBlockLogImpl.java:isTransactionFailed(245)) - Got block deletion ACK from datanode, TXIDs=1, success=true
2019-06-14 13:46:29,881 WARN  block.DeletedBlockLogImpl (DeletedBlockLogImpl.java:commitTransactions(205)) - Transaction txId=1 commit by dnId=0c156e3c-57cc-425b-90ef-9bcaa62a7535 for containerID=#1 failed. Corresponding entry not found.
2019-06-14 13:46:29,881 DEBUG block.DeletedBlockLogImpl (DeletedBlockLogImpl.java:isTransactionFailed(245)) - Got block deletion ACK from datanode, TXIDs=1, success=true
2019-06-14 13:46:29,881 WARN  block.DeletedBlockLogImpl (DeletedBlockLogImpl.java:commitTransactions(205)) - Transaction txId=1 commit by dnId=0c156e3c-57cc-425b-90ef-9bcaa62a7535 for containerID=#1 failed. Corresponding entry not found.
2019-06-14 13:46:29,881 DEBUG block.DeletedBlockLogImpl (DeletedBlockLogImpl.java:isTransactionFailed(245)) - Got block deletion ACK from datanode, TXIDs=1, success=true
2019-06-14 13:46:29,881 WARN  block.DeletedBlockLogImpl (DeletedBlockLogImpl.java:commitTransactions(205)) - Transaction txId=1 commit by dnId=0c156e3c-57cc-425b-90ef-9bcaa62a7535 for containerID=#1 failed. Corresponding entry not found.
2019-06-14 13:46:29,881 DEBUG block.DeletedBlockLogImpl (DeletedBlockLogImpl.java:isTransactionFailed(245)) - Got block deletion ACK from datanode, TXIDs=1, success=true
2019-06-14 13:46:29,881 WARN  block.DeletedBlockLogImpl (DeletedBlockLogImpl.java:commitTransactions(205)) - Transaction txId=1 commit by dnId=0c156e3c-57cc-425b-90ef-9bcaa62a7535 for containerID=#1 failed. Corresponding entry not found.
2019-06-14 13:46:29,881 DEBUG block.DeletedBlockLogImpl (DeletedBlockLogImpl.java:isTransactionFailed(245)) - Got block deletion ACK from datanode, TXIDs=1, success=true
2019-06-14 13:46:29,881 WARN  block.DeletedBlockLogImpl (DeletedBlockLogImpl.java:commitTransactions(205)) - Transaction txId=1 commit by dnId=0c156e3c-57cc-425b-90ef-9bcaa62a7535 for containerID=#1 failed. Corresponding entry not found.
2019-06-14 13:46:29,882 DEBUG block.DeletedBlockLogImpl (DeletedBlockLogImpl.java:isTransactionFailed(245)) - Got block deletion ACK from datanode, TXIDs=1, success=true
2019-06-14 13:46:29,882 WARN  block.DeletedBlockLogImpl (DeletedBlockLogImpl.java:commitTransactions(205)) - Transaction txId=1 commit by dnId=0c156e3c-57cc-425b-90ef-9bcaa62a7535 for containerID=#1 failed. Corresponding entry not found.
2019-06-14 13:46:29,882 DEBUG block.DeletedBlockLogImpl (DeletedBlockLogImpl.java:isTransactionFailed(245)) - Got block deletion ACK from datanode, TXIDs=1, success=true
2019-06-14 13:46:29,882 WARN  block.DeletedBlockLogImpl (DeletedBlockLogImpl.java:commitTransactions(205)) - Transaction txId=1 commit by dnId=0c156e3c-57cc-425b-90ef-9bcaa62a7535 for containerID=#1 failed. Corresponding entry not found.
2019-06-14 13:46:29,886 INFO  commands.RetriableDatanodeEventWatcher (DeletedBlockLogImpl.java:isTransactionFailed(245)) - Got block deletion ACK from datanode, TXIDs=1, success=true
2019-06-14 13:46:29,886 INFO  commands.RetriableDatanodeEventWatcher (RetriableDatanodeEventWatcher.java:onTimeout(47)) - RetriableDatanodeCommand type=deleteBlocksCommand with id=1560519979142 timed out. Retrying.
2019-06-14 13:46:29,886 WARN  block.DeletedBlockLogImpl (DeletedBlockLogImpl.java:commitTransactions(205)) - Transaction txId=1 commit by dnId=0c156e3c-57cc-425b-90ef-9bcaa62a7535 for containerID=#1 failed. Corresponding entry not found.
2019-06-14 13:46:29,882 INFO  commandhandler.DeleteBlocksCommandHandler (DeleteBlocksCommandHandler.java:handle(106)) - Start to delete container blocks, TXIDs=[1(0),2(0),3(0)], numOfContainers=3, numOfBlocks=553
2019-06-14 13:46:29,886 DEBUG block.DeletedBlockLogImpl (DeletedBlockLogImpl.java:isTransactionFailed(245)) - Got block deletion ACK from datanode, TXIDs=1, success=true
2019-06-14 13:46:29,886 WARN  block.DeletedBlockLogImpl (DeletedBlockLogImpl.java:commitTransactions(205)) - Transaction txId=1 commit by dnId=0c156e3c-57cc-425b-90ef-9bcaa62a7535 for containerID=#1 failed. Corresponding entry not found.
2019-06-14 13:46:29,886 DEBUG block.DeletedBlockLogImpl (DeletedBlockLogImpl.java:isTransactionFailed(245)) - Got block deletion ACK from datanode, TXIDs=1, success=true
2019-06-14 13:46:29,886 WARN  block.DeletedBlockLogImpl (DeletedBlockLogImpl.java:commitTransactions(205)) - Transaction txId=1 commit by dnId=0c156e3c-57cc-425b-90ef-9bcaa62a7535 for containerID=#1 failed. Corresponding entry not found.
2019-06-14 13:46:29,887 DEBUG block.DeletedBlockLogImpl (DeletedBlockLogImpl.java:isTransactionFailed(245)) - Got block deletion ACK from datanode, TXIDs=1, success=true
2019-06-14 13:46:29,887 WARN  block.DeletedBlockLogImpl (DeletedBlockLogImpl.java:commitTransactions(205)) - Transaction txId=1 commit by dnId=0c156e3c-57cc-425b-90ef-9bcaa62a7535 for containerID=#1 failed. Corresponding entry not found.
2019-06-14 13:46:29,887 DEBUG block.DeletedBlockLogImpl (DeletedBlockLogImpl.java:isTransactionFailed(245)) - Got block deletion ACK from datanode, TXIDs=1, success=true
2019-06-14 13:46:29,887 WARN  block.DeletedBlockLogImpl (DeletedBlockLogImpl.java:commitTransactions(205)) - Transaction txId=1 commit by dnId=0c156e3c-57cc-425b-90ef-9bcaa62a7535 for containerID=#1 failed. Corresponding entry not found.
2019-06-14 13:46:29,887 DEBUG block.DeletedBlockLogImpl (DeletedBlockLogImpl.java:isTransactionFailed(245)) - Got block deletion ACK from datanode, TXIDs=1, success=true
2019-06-14 13:46:29,887 WARN  block.DeletedBlockLogImpl (DeletedBlockLogImpl.java:commitTransactions(205)) - Transaction txId=1 commit by dnId=0c156e3c-57cc-425b-90ef-9bcaa62a7535 for containerID=#1 failed. Corresponding entry not found.
2019-06-14 13:46:29,887 DEBUG block.DeletedBlockLogImpl (DeletedBlockLogImpl.java:isTransactionFailed(245)) - Got block deletion ACK from datanode, TXIDs=1, success=true
2019-06-14 13:46:29,887 WARN  block.DeletedBlockLogImpl (DeleteBlocksCommandHandler.java:handle(106)) - Start to delete container blocks, TXIDs=[1(0),2(0),3(0)], numOfContainers=3, numOfBlocks=553
DeletedBlockLogImpl.java:commitTransactions(205)) - Transaction txId=1 commit by dnId=0c156e3c-57cc-425b-90ef-9bcaa62a7535 for containerID=#1 failed. Corresponding entry not found.
2019-06-14 13:46:29,887 DEBUG block.DeletedBlockLogImpl (DeletedBlockLogImpl.java:isTransactionFailed(245)) - Got block deletion ACK from datanode, TXIDs=1, success=true
2019-06-14 13:46:29,887 WARN  block.DeletedBlockLogImpl (DeletedBlockLogImpl.java:commitTransactions(205)) - Transaction txId=1 commit by dnId=0c156e3c-57cc-425b-90ef-9bcaa62a7535 for containerID=#1 failed. Corresponding entry not found.
2019-06-14 13:46:29,887 INFO  commandhandler.DeleteBlocksCommandHandler (DeleteBlocksCommandHandler.java:handle(106)) - Start to delete container blocks, TXIDs=[1(0),2(0),3(0)], numOfContainers=3, numOfBlocks=553
2019-06-14 13:46:29,887 DEBUG block.DeletedBlockLogImpl (DeletedBlockLogImpl.java:isTransactionFailed(245)) - Got block deletion ACK from datanode, TXIDs=1, success=true
2019-06-14 13:46:29,887 WARN  block.DeletedBlockLogImpl (DeletedBlockLogImpl.java:commitTransactions(205)) - Transaction txId=1 commit by dnId=0c156e3c-57cc-425b-90ef-9bcaa62a7535 for containerID=#1 failed. Corresponding entry not found.
2019-06-14 13:46:29,888 DEBUG block.DeletedBlockLogImpl (DeletedBlockLogImpl.java:isTransactionFailed(245)) - Got block deletion ACK from datanode, TXIDs=1, success=true
2019-06-14 13:46:29,888 WARN  block.DeletedBlockLogImpl (DeletedBlockLogImpl.java:commitTransactions(205)) - Transaction txId=1 commit by dnId=0c156e3c-57cc-425b-90ef-9bcaa62a7535 for containerID=#1 failed. Corresponding entry not found.
2019-06-14 13:46:29,888 DEBUG block.DeletedBlockLogImpl (DeletedBlockLogImpl.java:isTransactionFailed(245)) - Got block deletion ACK from datanode, TXIDs=1, success=true
2019-06-14 13:46:29,888 WARN  block.DeletedBlockLogImpl (DeletedBlockLogImpl.java:commitTransactions(205)) - Transaction txId=1 commit by dnId=0c156e3c-57cc-425b-90ef-9bcaa62a7535 for containerID=#1 failed. Corresponding entry not found.
2019-06-14 13:46:29,888 DEBUG block.DeletedBlockLogImpl (DeletedBlockLogImpl.java:isTransactionFailed(245)) - Got block deletion ACK from datanode, TXIDs=1, success=true
2019-06-14 13:46:29,888 WARN  block.DeletedBlockLogImpl (DeletedBlockLogImpl.java:commitTransactions(205)) - Transaction txId=1 commit by dnId=0c156e3c-57cc-425b-90ef-9bcaa62a7535 for containerID=#1 failed. Corresponding entry not found.
2019-06-14 13:46:29,888 DEBUG block.DeletedBlockLogImpl (DeletedBlockLogImpl.java:isTransactionFailed(245)) - Got block deletion ACK from datanode, TXIDs=1, success=true
2019-06-14 13:46:29,888 WARN  block.DeletedBlockLogImpl (DeletedBlockLogImpl.java:commitTransactions(205)) - Transaction txId=1 commit by dnId=0c156e3c-57cc-425b-90ef-9bcaa62a7535 for containerID=#1 failed. Corresponding entry not found.
2019-06-14 13:46:29,888 DEBUG block.DeletedBlockLogImpl (DeleteBlocksCommandHandler.java:handle(106)) - Start to delete container blocks, TXIDs=[1(0),2(0),3(0)], numOfContainers=3, numOfBlocks=553
DeletedBlockLogImpl.java:isTransactionFailed(245)) - Got block deletion ACK from datanode, TXIDs=1, success=true
2019-06-14 13:46:29,888 INFO  commandhandler.DeleteBlocksCommandHandler (DeleteBlocksCommandHandler.java:handle(106)) - Start to delete container blocks, TXIDs=[1(0),2(0),3(0)], numOfContainers=3, numOfBlocks=553
2019-06-14 13:46:29,888 WARN  block.DeletedBlockLogImpl (DeletedBlockLogImpl.java:commitTransactions(205)) - Transaction txId=1 commit by dnId=0c156e3c-57cc-425b-90ef-9bcaa62a7535 for containerID=#1 failed. Corresponding entry not found.
2019-06-14 13:46:29,888 DEBUG block.DeletedBlockLogImpl (DeletedBlockLogImpl.java:isTransactionFailed(245)) - Got block deletion ACK from datanode, TXIDs=1, success=true
2019-06-14 13:46:29,889 WARN  block.DeletedBlockLogImpl (DeletedBlockLogImpl.java:commitTransactions(205)) - Transaction txId=1 commit by dnId=0c156e3c-57cc-425b-90ef-9bcaa62a7535 for containerID=#1 failed. Corresponding entry not found.
2019-06-14 13:46:29,889 DEBUG block.DeletedBlockLogImpl (DeletedBlockLogImpl.java:isTransactionFailed(245)) - Got block deletion ACK from datanode, TXIDs=1, success=true
2019-06-14 13:46:29,889 WARN  block.DeletedBlockLogImpl (DeletedBlockLogImpl.java:commitTransactions(205)) - Transaction txId=1 commit by dnId=0c156e3c-57cc-425b-90ef-9bcaa62a7535 for containerID=#1 failed. Corresponding entry not found.
2019-06-14 13:46:29,889 DEBUG block.DeletedBlockLogImpl (DeletedBlockLogImpl.java:isTransactionFailed(245)) - Got block deletion ACK from datanode, TXIDs=1, success=true
2019-06-14 13:46:29,898 WARN  block.DeletedBlockLogImpl (DeletedBlockLogImpl.java:commitTransactions(205)) - Transaction txId=1 commit by dnId=0c156e3c-57cc-425b-90ef-9bcaa62a7535 for containerID=#1 failed. Corresponding entry not found.
2019-06-14 13:46:29,890 INFO  commands.RetriableDatanodeEventWatcher (RetriableDatanodeEventWatcher.java:onTimeout(47)) - RetriableDatanodeCommand type=deleteBlocksCommand with id=1560519979152 timed out. Retrying.
2019-06-14 13:46:29,889 INFO  commandhandler.DeleteBlocksCommandHandler (DeleteBlocksCommandHandler.java:handle(106)) - Start to delete container blocks, TXIDs=[1(0),2(0),3(0)], numOfContainers=3, numOfBlocks=553
2019-06-14 13:46:29,898 DEBUG block.DeletedBlockLogImpl (DeletedBlockLogImpl.java:isTransactionFailed(245)) - Got block deletion ACK from datanode, TXIDs=1, success=true
2019-06-14 13:46:29,898 WARN  block.DeletedBlockLogImpl (DeletedBlockLogImpl.java:commitTransactions(205)) - Transaction txId=1 commit by dnId=0c156e3c-57cc-425b-90ef-9bcaa62a7535 for containerID=#1 failed. Corresponding entry not found.
2019-06-14 13:46:29,898 DEBUG block.DeletedBlockLogImpl (DeletedBlockLogImpl.java:isTransactionFailed(245)) - Got block deletion ACK from datanode, TXIDs=1, success=true
2019-06-14 13:46:29,898 WARN  block.DeletedBlockLogImpl (DeletedBlockLogImpl.java:commitTransactions(205)) - Transaction txId=1 commit by dnId=0c156e3c-57cc-425b-90ef-9bcaa62a7535 for containerID=#1 failed. Corresponding entry not found.
2019-06-14 13:46:29,898 DEBUG block.DeletedBlockLogImpl (DeletedBlockLogImpl.java:isTransactionFailed(245)) - Got block deletion ACK from datanode, TXIDs=1, success=true
2019-06-14 13:46:29,899 WARN  block.DeletedBlockLogImpl (DeletedBlockLogImpl.java:commitTransactions(205)) - Transaction txId=1 commit by dnId=0c156e3c-57cc-425b-90ef-9bcaa62a7535 for containerID=#1 failed. Corresponding entry not found.
2019-06-14 13:46:29,899 DEBUG block.DeletedBlockLogImpl (DeletedBlockLogImpl.java:isTransactionFailed(245)) - Got block deletion ACK from datanode, TXIDs=1, success=true
2019-06-14 13:46:29,899 WARN  block.DeletedBlockLogImpl (DeletedBlockLogImpl.java:commitTransactions(205)) - Transaction txId=1 commit by dnId=0c156e3c-57cc-425b-90ef-9bcaa62a7535 for containerID=#1 failed. Corresponding entry not found.
2019-06-14 13:46:29,899 DEBUG block.DeletedBlockLogImpl (DeletedBlockLogImpl.java:isTransactionFailed(245)) - Got block deletion ACK from datanode, TXIDs=1, success=true
2019-06-14 13:46:29,899 INFO  commandhandler.DeleteBlocksCommandHandler (DeletedBlockLogImpl.java:commitTransactions(205)) - Transaction txId=1 commit by dnId=0c156e3c-57cc-425b-90ef-9bcaa62a7535 for containerID=#1 failed. Corresponding entry not found.
2019-06-14 13:46:29,899 DEBUG block.DeletedBlockLogImpl (DeleteBlocksCommandHandler.java:handle(106)) - Start to delete container blocks, TXIDs=[1(0),2(0),3(0)], numOfContainers=3, numOfBlocks=553
DeletedBlockLogImpl.java:isTransactionFailed(245)) - Got block deletion ACK from datanode, TXIDs=1, success=true
2019-06-14 13:46:29,899 WARN  block.DeletedBlockLogImpl (DeletedBlockLogImpl.java:commitTransactions(205)) - Transaction txId=1 commit by dnId=0c156e3c-57cc-425b-90ef-9bcaa62a7535 for containerID=#1 failed. Corresponding entry not found.
2019-06-14 13:46:29,899 DEBUG block.DeletedBlockLogImpl (DeletedBlockLogImpl.java:isTransactionFailed(245)) - Got block deletion ACK from datanode, TXIDs=1, success=true
2019-06-14 13:46:29,899 WARN  block.DeletedBlockLogImpl (DeletedBlockLogImpl.java:commitTransactions(205)) - Transaction txId=1 commit by dnId=0c156e3c-57cc-425b-90ef-9bcaa62a7535 for containerID=#1 failed. Corresponding entry not found.
2019-06-14 13:46:29,899 DEBUG block.DeletedBlockLogImpl (DeletedBlockLogImpl.java:isTransactionFailed(245)) - Got block deletion ACK from datanode, TXIDs=1, success=true
2019-06-14 13:46:29,899 WARN  block.DeletedBlockLogImpl (DeletedBlockLogImpl.java:commitTransactions(205)) - Transaction txId=1 commit by dnId=0c156e3c-57cc-425b-90ef-9bcaa62a7535 for containerID=#1 failed. Corresponding entry not found.
2019-06-14 13:46:29,899 DEBUG block.DeletedBlockLogImpl (DeletedBlockLogImpl.java:isTransactionFailed(245)) - Got block deletion ACK from datanode, TXIDs=1, success=true
2019-06-14 13:46:29,900 WARN  block.DeletedBlockLogImpl (DeletedBlockLogImpl.java:commitTransactions(205)) - Transaction txId=1 commit by dnId=0c156e3c-57cc-425b-90ef-9bcaa62a7535 for containerID=#1 failed. Corresponding entry not found.
2019-06-14 13:46:29,900 DEBUG block.DeletedBlockLogImpl (DeletedBlockLogImpl.java:isTransactionFailed(245)) - Got block deletion ACK from datanode, TXIDs=1, success=true
2019-06-14 13:46:29,900 WARN  block.DeletedBlockLogImpl (DeletedBlockLogImpl.java:commitTransactions(205)) - Transaction txId=1 commit by dnId=0c156e3c-57cc-425b-90ef-9bcaa62a7535 for containerID=#1 failed. Corresponding entry not found.
2019-06-14 13:46:29,900 DEBUG block.DeletedBlockLogImpl (DeletedBlockLogImpl.java:isTransactionFailed(245)) - Got block deletion ACK from datanode, TXIDs=1, success=true
2019-06-14 13:46:29,900 WARN  block.DeletedBlockLogImpl (DeletedBlockLogImpl.java:commitTransactions(205)) - Transaction txId=1 commit by dnId=0c156e3c-57cc-425b-90ef-9bcaa62a7535 for containerID=#1 failed. Corresponding entry not found.
2019-06-14 13:46:29,900 DEBUG block.DeletedBlockLogImpl (DeletedBlockLogImpl.java:isTransactionFailed(245)) - Got block deletion ACK from datanode, TXIDs=1, success=true
2019-06-14 13:46:29,900 WARN  block.DeletedBlockLogImpl (DeletedBlockLogImpl.java:commitTransactions(205)) - Transaction txId=1 commit by dnId=0c156e3c-57cc-425b-90ef-9bcaa62a7535 for containerID=#1 failed. Corresponding entry not found.
2019-06-14 13:46:29,900 DEBUG block.DeletedBlockLogImpl (DeletedBlockLogImpl.java:isTransactionFailed(245)) - Got block deletion ACK from datanode, TXIDs=1, success=true
2019-06-14 13:46:29,900 WARN  block.DeletedBlockLogImpl (DeletedBlockLogImpl.java:commitTransactions(205)) - Transaction txId=1 commit by dnId=0c156e3c-57cc-425b-90ef-9bcaa62a7535 for containerID=#1 failed. Corresponding entry not found.
2019-06-14 13:46:29,900 DEBUG block.DeletedBlockLogImpl (DeletedBlockLogImpl.java:isTransactionFailed(245)) - Got block deletion ACK from datanode, TXIDs=1, success=true
2019-06-14 13:46:29,901 WARN  block.DeletedBlockLogImpl (DeletedBlockLogImpl.java:commitTransactions(205)) - Transaction txId=1 commit by dnId=0c156e3c-57cc-425b-90ef-9bcaa62a7535 for containerID=#1 failed. Corresponding entry not found.
2019-06-14 13:46:29,901 DEBUG block.DeletedBlockLogImpl (DeletedBlockLogImpl.java:isTransactionFailed(245)) - Got block deletion ACK from datanode, TXIDs=1, success=true
2019-06-14 13:46:29,901 WARN  block.DeletedBlockLogImpl (DeletedBlockLogImpl.java:commitTransactions(205)) - Transaction txId=1 commit by dnId=0c156e3c-57cc-425b-90ef-9bcaa62a7535 for containerID=#1 failed. Corresponding entry not found.
2019-06-14 13:46:29,901 DEBUG block.DeletedBlockLogImpl (DeletedBlockLogImpl.java:isTransactionFailed(245)) - Got block deletion ACK from datanode, TXIDs=1, success=true
2019-06-14 13:46:29,901 WARN  block.DeletedBlockLogImpl (DeletedBlockLogImpl.java:commitTransactions(205)) - Transaction txId=1 commit by dnId=0c156e3c-57cc-425b-90ef-9bcaa62a7535 for containerID=#1 failed. Corresponding entry not found.
2019-06-14 13:46:29,901 DEBUG block.DeletedBlockLogImpl (DeletedBlockLogImpl.java:isTransactionFailed(245)) - Got block deletion ACK from datanode, TXIDs=1, success=true
2019-06-14 13:46:29,901 WARN  block.DeletedBlockLogImpl (DeletedBlockLogImpl.java:commitTransactions(205)) - Transaction txId=1 commit by dnId=0c156e3c-57cc-425b-90ef-9bcaa62a7535 for containerID=#1 failed. Corresponding entry not found.
2019-06-14 13:46:29,901 DEBUG block.DeletedBlockLogImpl (DeletedBlockLogImpl.java:isTransactionFailed(245)) - Got block deletion ACK from datanode, TXIDs=1, success=true
2019-06-14 13:46:29,901 WARN  block.DeletedBlockLogImpl (DeletedBlockLogImpl.java:commitTransactions(205)) - Transaction txId=1 commit by dnId=0c156e3c-57cc-425b-90ef-9bcaa62a7535 for containerID=#1 failed. Corresponding entry not found.
2019-06-14 13:46:29,901 DEBUG block.DeletedBlockLogImpl (DeletedBlockLogImpl.java:isTransactionFailed(245)) - Got block deletion ACK from datanode, TXIDs=1, success=true
2019-06-14 13:46:29,901 WARN  block.DeletedBlockLogImpl (DeletedBlockLogImpl.java:commitTransactions(205)) - Transaction txId=1 commit by dnId=0c156e3c-57cc-425b-90ef-9bcaa62a7535 for containerID=#1 failed. Corresponding entry not found.
2019-06-14 13:46:29,901 DEBUG block.DeletedBlockLogImpl (DeletedBlockLogImpl.java:isTransactionFailed(245)) - Got block deletion ACK from datanode, TXIDs=1, success=true
2019-06-14 13:46:29,902 WARN  block.DeletedBlockLogImpl (DeletedBlockLogImpl.java:commitTransactions(205)) - Transaction txId=1 commit by dnId=0c156e3c-57cc-425b-90ef-9bcaa62a7535 for containerID=#1 failed. Corresponding entry not found.
2019-06-14 13:46:29,902 DEBUG block.DeletedBlockLogImpl (DeletedBlockLogImpl.java:isTransactionFailed(245)) - Got block deletion ACK from datanode, TXIDs=1, success=true
2019-06-14 13:46:29,902 WARN  block.DeletedBlockLogImpl (DeletedBlockLogImpl.java:commitTransactions(205)) - Transaction txId=1 commit by dnId=0c156e3c-57cc-425b-90ef-9bcaa62a7535 for containerID=#1 failed. Corresponding entry not found.
2019-06-14 13:46:29,899 INFO  commandhandler.DeleteBlocksCommandHandler (DeleteBlocksCommandHandler.java:handle(106)) - Start to delete container blocks, TXIDs=[1(0),2(0),3(0)], numOfContainers=3, numOfBlocks=553
2019-06-14 13:46:29,902 DEBUG block.DeletedBlockLogImpl (DeletedBlockLogImpl.java:isTransactionFailed(245)) - Got block deletion ACK from datanode, TXIDs=1, success=true
2019-06-14 13:46:29,902 INFO  commands.RetriableDatanodeEventWatcher (RetriableDatanodeEventWatcher.java:onTimeout(47)) - RetriableDatanodeCommand type=deleteBlocksCommand with id=1560519979162 timed out. Retrying.
2019-06-14 13:46:29,902 WARN  block.DeletedBlockLogImpl (DeletedBlockLogImpl.java:commitTransactions(205)) - Transaction txId=1 commit by dnId=0c156e3c-57cc-425b-90ef-9bcaa62a7535 for containerID=#1 failed. Corresponding entry not found.
2019-06-14 13:46:29,902 DEBUG block.DeletedBlockLogImpl (DeletedBlockLogImpl.java:isTransactionFailed(245)) - Got block deletion ACK from datanode, TXIDs=1, success=true
2019-06-14 13:46:29,902 WARN  block.DeletedBlockLogImpl (DeletedBlockLogImpl.java:commitTransactions(205)) - Transaction txId=1 commit by dnId=0c156e3c-57cc-425b-90ef-9bcaa62a7535 for containerID=#1 failed. Corresponding entry not found.
2019-06-14 13:46:29,903 INFO  commandhandler.DeleteBlocksCommandHandler (DeleteBlocksCommandHandler.java:handle(106)) - Start to delete container blocks, TXIDs=[1(0),2(0),3(0)], numOfContainers=3, numOfBlocks=553
2019-06-14 13:46:29,904 INFO  commandhandler.DeleteBlocksCommandHandler (DeleteBlocksCommandHandler.java:handle(106)) - Start to delete container blocks, TXIDs=[1(0),2(0),3(0)], numOfContainers=3, numOfBlocks=553
2019-06-14 13:46:29,905 INFO  commandhandler.DeleteBlocksCommandHandler (DeleteBlocksCommandHandler.java:handle(106)) - Start to delete container blocks, TXIDs=[1(0),2(0),3(0)], numOfContainers=3, numOfBlocks=553
2019-06-14 13:46:29,906 INFO  commandhandler.DeleteBlocksCommandHandler (DeleteBlocksCommandHandler.java:handle(106)) - Start to delete container blocks, TXIDs=[1(0),2(0),3(0)], numOfContainers=3, numOfBlocks=553
2019-06-14 13:46:29,907 INFO  commandhandler.DeleteBlocksCommandHandler (DeleteBlocksCommandHandler.java:handle(106)) - Start to delete container blocks, TXIDs=[1(0),2(0),3(0)], numOfContainers=3, numOfBlocks=553
2019-06-14 13:46:29,907 INFO  commandhandler.DeleteBlocksCommandHandler (DeleteBlocksCommandHandler.java:handle(106)) - Start to delete container blocks, TXIDs=[1(0),2(0),3(0)], numOfContainers=3, numOfBlocks=553
2019-06-14 13:46:29,908 INFO  commandhandler.DeleteBlocksCommandHandler (DeleteBlocksCommandHandler.java:handle(106)) - Start to delete container blocks, TXIDs=[1(0),2(0),3(0)], numOfContainers=3, numOfBlocks=553
2019-06-14 13:46:29,909 INFO  commandhandler.DeleteBlocksCommandHandler (DeleteBlocksCommandHandler.java:handle(106)) - Start to delete container blocks, TXIDs=[1(0),2(0),3(0)], numOfContainers=3, numOfBlocks=553
2019-06-14 13:46:29,914 INFO  commands.RetriableDatanodeEventWatcher (RetriableDatanodeEventWatcher.java:onTimeout(47)) - RetriableDatanodeCommand type=deleteBlocksCommand with id=1560519979172 timed out. Retrying.
2019-06-14 13:46:29,914 INFO  commandhandler.DeleteBlocksCommandHandler (DeleteBlocksCommandHandler.java:handle(106)) - Start to delete container blocks, TXIDs=[1(0),2(0),3(0)], numOfContainers=3, numOfBlocks=553
2019-06-14 13:46:29,915 INFO  commandhandler.DeleteBlocksCommandHandler (DeleteBlocksCommandHandler.java:handle(106)) - Start to delete container blocks, TXIDs=[1(0),2(0),3(0)], numOfContainers=3, numOfBlocks=553
2019-06-14 13:46:29,916 INFO  commandhandler.DeleteBlocksCommandHandler (DeleteBlocksCommandHandler.java:handle(106)) - Start to delete container blocks, TXIDs=[1(0),2(0),3(0)], numOfContainers=3, numOfBlocks=553
2019-06-14 13:46:29,924 INFO  commandhandler.DeleteBlocksCommandHandler (DeleteBlocksCommandHandler.java:handle(106)) - Start to delete container blocks, TXIDs=[1(0),2(0),3(0)], numOfContainers=3, numOfBlocks=553
2019-06-14 13:46:29,925 INFO  commandhandler.DeleteBlocksCommandHandler (DeleteBlocksCommandHandler.java:handle(106)) - Start to delete container blocks, TXIDs=[1(0),2(0),3(0)], numOfContainers=3, numOfBlocks=553
2019-06-14 13:46:29,925 INFO  commandhandler.DeleteBlocksCommandHandler (DeleteBlocksCommandHandler.java:handle(106)) - Start to delete container blocks, TXIDs=[1(0),2(0),3(0)], numOfContainers=3, numOfBlocks=553
2019-06-14 13:46:29,925 INFO  commands.RetriableDatanodeEventWatcher (RetriableDatanodeEventWatcher.java:onTimeout(47)) - RetriableDatanodeCommand type=deleteBlocksCommand with id=1560519979182 timed out. Retrying.
2019-06-14 13:46:29,926 INFO  commandhandler.DeleteBlocksCommandHandler (DeleteBlocksCommandHandler.java:handle(106)) - Start to delete container blocks, TXIDs=[1(0),2(0),3(0)], numOfContainers=3, numOfBlocks=553
2019-06-14 13:46:29,930 INFO  commandhandler.DeleteBlocksCommandHandler (DeleteBlocksCommandHandler.java:handle(106)) - Start to delete container blocks, TXIDs=[1(0),2(0),3(0)], numOfContainers=3, numOfBlocks=553
2019-06-14 13:46:29,937 INFO  commandhandler.DeleteBlocksCommandHandler (DeleteBlocksCommandHandler.java:handle(106)) - Start to delete container blocks, TXIDs=[1(0),2(0),3(0)], numOfContainers=3, numOfBlocks=553
2019-06-14 13:46:29,938 INFO  commandhandler.DeleteBlocksCommandHandler (DeleteBlocksCommandHandler.java:handle(106)) - Start to delete container blocks, TXIDs=[1(0),2(0),3(0)], numOfContainers=3, numOfBlocks=553
2019-06-14 13:46:29,939 INFO  commandhandler.DeleteBlocksCommandHandler (DeleteBlocksCommandHandler.java:handle(106)) - Start to delete container blocks, TXIDs=[1(0),2(0),3(0)], numOfContainers=3, numOfBlocks=553
2019-06-14 13:46:29,940 INFO  impl.FollowerState (FollowerState.java:run(101)) - 0c156e3c-57cc-425b-90ef-9bcaa62a7535:group-8F4DAD362311 changes to CANDIDATE, lastRpcTime:1197, electionTimeout:1197ms
2019-06-14 13:46:29,941 INFO  impl.RoleInfo (RoleInfo.java:shutdownFollowerState(121)) - 0c156e3c-57cc-425b-90ef-9bcaa62a7535: shutdown FollowerState
2019-06-14 13:46:29,941 INFO  impl.RaftServerImpl (RaftServerImpl.java:setRole(164)) - 0c156e3c-57cc-425b-90ef-9bcaa62a7535:group-8F4DAD362311 changes role from FOLLOWER to CANDIDATE at term 0 for changeToCandidate
2019-06-14 13:46:29,941 INFO  impl.RoleInfo (RoleInfo.java:updateAndGet(143)) - 0c156e3c-57cc-425b-90ef-9bcaa62a7535: start LeaderElection
2019-06-14 13:46:29,941 INFO  commandhandler.DeleteBlocksCommandHandler (DeleteBlocksCommandHandler.java:handle(106)) - Start to delete container blocks, TXIDs=[1(0),2(0),3(0)], numOfContainers=3, numOfBlocks=553
2019-06-14 13:46:29,943 INFO  commandhandler.DeleteBlocksCommandHandler (DeleteBlocksCommandHandler.java:handle(106)) - Start to delete container blocks, TXIDs=[1(0),2(0),3(0)], numOfContainers=3, numOfBlocks=553
2019-06-14 13:46:29,943 DEBUG block.SCMBlockDeletingService (SCMBlockDeletingService.java:call(138)) - Running DeletedBlockTransactionScanner
2019-06-14 13:46:29,943 DEBUG block.SCMBlockDeletingService (SCMBlockDeletingService.java:call(155)) - Scanned deleted blocks log and got 0 delTX to process.
2019-06-14 13:46:29,944 INFO  commandhandler.DeleteBlocksCommandHandler (DeleteBlocksCommandHandler.java:handle(106)) - Start to delete container blocks, TXIDs=[1(0),2(0),3(0)], numOfContainers=3, numOfBlocks=553
2019-06-14 13:46:29,952 INFO  commandhandler.DeleteBlocksCommandHandler (DeleteBlocksCommandHandler.java:handle(106)) - Start to delete container blocks, TXIDs=[1(0),2(0),3(0)], numOfContainers=3, numOfBlocks=553
2019-06-14 13:46:29,960 INFO  commandhandler.DeleteBlocksCommandHandler (DeleteBlocksCommandHandler.java:handle(106)) - Start to delete container blocks, TXIDs=[1(0),2(0),3(0)], numOfContainers=3, numOfBlocks=553
2019-06-14 13:46:29,961 INFO  commandhandler.DeleteBlocksCommandHandler (DeleteBlocksCommandHandler.java:handle(106)) - Start to delete container blocks, TXIDs=[1(0),2(0),3(0)], numOfContainers=3, numOfBlocks=553
2019-06-14 13:46:29,962 INFO  commandhandler.DeleteBlocksCommandHandler (DeleteBlocksCommandHandler.java:handle(106)) - Start to delete container blocks, TXIDs=[1(0),2(0),3(0)], numOfContainers=3, numOfBlocks=553
2019-06-14 13:46:29,964 INFO  commandhandler.DeleteBlocksCommandHandler (DeleteBlocksCommandHandler.java:handle(106)) - Start to delete container blocks, TXIDs=[1(0),2(0),3(0)], numOfContainers=3, numOfBlocks=553
2019-06-14 13:46:29,965 INFO  commandhandler.DeleteBlocksCommandHandler (DeleteBlocksCommandHandler.java:handle(106)) - Start to delete container blocks, TXIDs=[1(0),2(0),3(0)], numOfContainers=3, numOfBlocks=553
2019-06-14 13:46:29,966 INFO  commandhandler.DeleteBlocksCommandHandler (DeleteBlocksCommandHandler.java:handle(106)) - Start to delete container blocks, TXIDs=[1(0),2(0),3(0)], numOfContainers=3, numOfBlocks=553
2019-06-14 13:46:29,967 INFO  commandhandler.DeleteBlocksCommandHandler (DeleteBlocksCommandHandler.java:handle(106)) - Start to delete container blocks, TXIDs=[1(0),2(0),3(0)], numOfContainers=3, numOfBlocks=553
2019-06-14 13:46:29,968 INFO  commandhandler.DeleteBlocksCommandHandler (DeleteBlocksCommandHandler.java:handle(106)) - Start to delete container blocks, TXIDs=[1(0),2(0),3(0)], numOfContainers=3, numOfBlocks=553
2019-06-14 13:46:29,969 INFO  commandhandler.DeleteBlocksCommandHandler (DeleteBlocksCommandHandler.java:handle(106)) - Start to delete container blocks, TXIDs=[1(0),2(0),3(0)], numOfContainers=3, numOfBlocks=553
2019-06-14 13:46:29,976 INFO  commandhandler.DeleteBlocksCommandHandler (DeleteBlocksCommandHandler.java:handle(106)) - Start to delete container blocks, TXIDs=[1(0),2(0),3(0)], numOfContainers=3, numOfBlocks=553
2019-06-14 13:46:29,977 INFO  commandhandler.DeleteBlocksCommandHandler (DeleteBlocksCommandHandler.java:handle(106)) - Start to delete container blocks, TXIDs=[1(0),2(0),3(0)], numOfContainers=3, numOfBlocks=553
2019-06-14 13:46:29,979 INFO  commandhandler.DeleteBlocksCommandHandler (DeleteBlocksCommandHandler.java:handle(106)) - Start to delete container blocks, TXIDs=[1(0),2(0),3(0)], numOfContainers=3, numOfBlocks=553
2019-06-14 13:46:29,980 INFO  commandhandler.DeleteBlocksCommandHandler (DeleteBlocksCommandHandler.java:handle(106)) - Start to delete container blocks, TXIDs=[1(0),2(0),3(0)], numOfContainers=3, numOfBlocks=553
2019-06-14 13:46:29,983 INFO  commandhandler.DeleteBlocksCommandHandler (DeleteBlocksCommandHandler.java:handle(106)) - Start to delete container blocks, TXIDs=[1(0),2(0),3(0)], numOfContainers=3, numOfBlocks=553
2019-06-14 13:46:29,984 INFO  commandhandler.DeleteBlocksCommandHandler (DeleteBlocksCommandHandler.java:handle(106)) - Start to delete container blocks, TXIDs=[1(0),2(0),3(0)], numOfContainers=3, numOfBlocks=553
2019-06-14 13:46:29,990 INFO  commands.RetriableDatanodeEventWatcher (RetriableDatanodeEventWatcher.java:onTimeout(47)) - RetriableDatanodeCommand type=deleteBlocksCommand with id=1560519979143 timed out. Retrying.
2019-06-14 13:46:29,994 INFO  commands.RetriableDatanodeEventWatcher (RetriableDatanodeEventWatcher.java:onTimeout(47)) - RetriableDatanodeCommand type=deleteBlocksCommand with id=1560519979153 timed out. Retrying.
2019-06-14 13:46:29,995 INFO  commandhandler.DeleteBlocksCommandHandler (DeleteBlocksCommandHandler.java:handle(106)) - Start to delete container blocks, TXIDs=[1(0),2(0),3(0)], numOfContainers=3, numOfBlocks=553
2019-06-14 13:46:29,996 INFO  commandhandler.DeleteBlocksCommandHandler (DeleteBlocksCommandHandler.java:handle(106)) - Start to delete container blocks, TXIDs=[1(0),2(0),3(0)], numOfContainers=3, numOfBlocks=553
2019-06-14 13:46:29,997 INFO  commandhandler.DeleteBlocksCommandHandler (DeleteBlocksCommandHandler.java:handle(106)) - Start to delete container blocks, TXIDs=[1(0),2(0),3(0)], numOfContainers=3, numOfBlocks=553
2019-06-14 13:46:29,998 INFO  commandhandler.DeleteBlocksCommandHandler (DeleteBlocksCommandHandler.java:handle(106)) - Start to delete container blocks, TXIDs=[1(0),2(0),3(0)], numOfContainers=3, numOfBlocks=553
2019-06-14 13:46:30,000 INFO  commandhandler.DeleteBlocksCommandHandler (DeleteBlocksCommandHandler.java:handle(106)) - Start to delete container blocks, TXIDs=[1(0),2(0),3(0)], numOfContainers=3, numOfBlocks=553
2019-06-14 13:46:30,001 INFO  commandhandler.DeleteBlocksCommandHandler (DeleteBlocksCommandHandler.java:handle(106)) - Start to delete container blocks, TXIDs=[1(0),2(0),3(0)], numOfContainers=3, numOfBlocks=553
2019-06-14 13:46:30,002 INFO  commandhandler.DeleteBlocksCommandHandler (DeleteBlocksCommandHandler.java:handle(106)) - Start to delete container blocks, TXIDs=[1(0),2(0),3(0)], numOfContainers=3, numOfBlocks=553
2019-06-14 13:46:30,006 INFO  commands.RetriableDatanodeEventWatcher (RetriableDatanodeEventWatcher.java:onTimeout(47)) - RetriableDatanodeCommand type=deleteBlocksCommand with id=1560519979163 timed out. Retrying.
2019-06-14 13:46:30,010 INFO  commands.RetriableDatanodeEventWatcher (RetriableDatanodeEventWatcher.java:onTimeout(47)) - RetriableDatanodeCommand type=deleteBlocksCommand with id=1560519979173 timed out. Retrying.
2019-06-14 13:46:30,011 INFO  commandhandler.DeleteBlocksCommandHandler (DeleteBlocksCommandHandler.java:handle(106)) - Start to delete container blocks, TXIDs=[1(0),2(0),3(0)], numOfContainers=3, numOfBlocks=553
2019-06-14 13:46:30,012 INFO  commandhandler.DeleteBlocksCommandHandler (DeleteBlocksCommandHandler.java:handle(106)) - Start to delete container blocks, TXIDs=[1(0),2(0),3(0)], numOfContainers=3, numOfBlocks=553
2019-06-14 13:46:30,013 INFO  commandhandler.DeleteBlocksCommandHandler (DeleteBlocksCommandHandler.java:handle(106)) - Start to delete container blocks, TXIDs=[1(0),2(0),3(0)], numOfContainers=3, numOfBlocks=553
2019-06-14 13:46:30,014 INFO  commandhandler.DeleteBlocksCommandHandler (DeleteBlocksCommandHandler.java:handle(106)) - Start to delete container blocks, TXIDs=[1(0),2(0),3(0)], numOfContainers=3, numOfBlocks=553
2019-06-14 13:46:30,015 INFO  commandhandler.DeleteBlocksCommandHandler (DeleteBlocksCommandHandler.java:handle(106)) - Start to delete container blocks, TXIDs=[1(0),2(0),3(0)], numOfContainers=3, numOfBlocks=553
2019-06-14 13:46:30,016 INFO  commandhandler.DeleteBlocksCommandHandler (DeleteBlocksCommandHandler.java:handle(106)) - Start to delete container blocks, TXIDs=[1(0),2(0),3(0)], numOfContainers=3, numOfBlocks=553
2019-06-14 13:46:30,017 INFO  commandhandler.DeleteBlocksCommandHandler (DeleteBlocksCommandHandler.java:handle(106)) - Start to delete container blocks, TXIDs=[1(0),2(0),3(0)], numOfContainers=3, numOfBlocks=553
2019-06-14 13:46:30,018 INFO  commandhandler.DeleteBlocksCommandHandler (DeleteBlocksCommandHandler.java:handle(106)) - Start to delete container blocks, TXIDs=[1(0),2(0),3(0)], numOfContainers=3, numOfBlocks=553
2019-06-14 13:46:30,019 INFO  commandhandler.DeleteBlocksCommandHandler (DeleteBlocksCommandHandler.java:handle(106)) - Start to delete container blocks, TXIDs=[1(0),2(0),3(0)], numOfContainers=3, numOfBlocks=553
2019-06-14 13:46:30,020 INFO  commandhandler.DeleteBlocksCommandHandler (DeleteBlocksCommandHandler.java:handle(106)) - Start to delete container blocks, TXIDs=[1(0),2(0),3(0)], numOfContainers=3, numOfBlocks=553
2019-06-14 13:46:30,021 INFO  commandhandler.DeleteBlocksCommandHandler (DeleteBlocksCommandHandler.java:handle(106)) - Start to delete container blocks, TXIDs=[1(0),2(0),3(0)], numOfContainers=3, numOfBlocks=553
2019-06-14 13:46:30,030 INFO  commands.RetriableDatanodeEventWatcher (RetriableDatanodeEventWatcher.java:onTimeout(47)) - RetriableDatanodeCommand type=deleteBlocksCommand with id=1560519979183 timed out. Retrying.
2019-06-14 13:46:30,031 INFO  commandhandler.DeleteBlocksCommandHandler (DeleteBlocksCommandHandler.java:handle(106)) - Start to delete container blocks, TXIDs=[1(0),2(0),3(0)], numOfContainers=3, numOfBlocks=553
2019-06-14 13:46:30,032 INFO  commandhandler.DeleteBlocksCommandHandler (DeleteBlocksCommandHandler.java:handle(106)) - Start to delete container blocks, TXIDs=[1(0),2(0),3(0)], numOfContainers=3, numOfBlocks=553
2019-06-14 13:46:30,033 INFO  commandhandler.DeleteBlocksCommandHandler (DeleteBlocksCommandHandler.java:handle(106)) - Start to delete container blocks, TXIDs=[1(0),2(0),3(0)], numOfContainers=3, numOfBlocks=553
2019-06-14 13:46:30,035 WARN  block.DeletedBlockLogImpl (DeletedBlockLogImpl.java:incrementCount(141)) - Deleted TXID not found.
2019-06-14 13:46:30,035 WARN  block.DeletedBlockLogImpl (DeletedBlockLogImpl.java:incrementCount(141)) - Deleted TXID not found.
2019-06-14 13:46:30,036 WARN  block.DeletedBlockLogImpl (DeletedBlockLogImpl.java:incrementCount(141)) - Deleted TXID not found.
2019-06-14 13:46:30,036 WARN  block.DeletedBlockLogImpl (DeletedBlockLogImpl.java:incrementCount(141)) - Deleted TXID not found.
2019-06-14 13:46:30,036 WARN  block.DeletedBlockLogImpl (DeletedBlockLogImpl.java:incrementCount(141)) - Deleted TXID not found.
2019-06-14 13:46:30,036 WARN  block.DeletedBlockLogImpl (DeletedBlockLogImpl.java:incrementCount(141)) - Deleted TXID not found.
2019-06-14 13:46:30,036 WARN  block.DeletedBlockLogImpl (DeletedBlockLogImpl.java:incrementCount(141)) - Deleted TXID not found.
2019-06-14 13:46:30,036 WARN  block.DeletedBlockLogImpl (DeletedBlockLogImpl.java:incrementCount(141)) - Deleted TXID not found.
2019-06-14 13:46:30,036 WARN  block.DeletedBlockLogImpl (DeletedBlockLogImpl.java:incrementCount(141)) - Deleted TXID not found.
2019-06-14 13:46:30,036 WARN  block.DeletedBlockLogImpl (DeletedBlockLogImpl.java:incrementCount(141)) - Deleted TXID not found.
2019-06-14 13:46:30,036 WARN  block.DeletedBlockLogImpl (DeletedBlockLogImpl.java:incrementCount(141)) - Deleted TXID not found.
2019-06-14 13:46:30,036 WARN  block.DeletedBlockLogImpl (DeletedBlockLogImpl.java:incrementCount(141)) - Deleted TXID not found.
2019-06-14 13:46:30,037 WARN  block.DeletedBlockLogImpl (DeletedBlockLogImpl.java:incrementCount(141)) - Deleted TXID not found.
2019-06-14 13:46:30,037 WARN  block.DeletedBlockLogImpl (DeletedBlockLogImpl.java:incrementCount(141)) - Deleted TXID not found.
2019-06-14 13:46:30,037 WARN  block.DeletedBlockLogImpl (DeletedBlockLogImpl.java:incrementCount(141)) - Deleted TXID not found.
2019-06-14 13:46:30,037 WARN  block.DeletedBlockLogImpl (DeletedBlockLogImpl.java:incrementCount(141)) - Deleted TXID not found.
2019-06-14 13:46:30,037 WARN  block.DeletedBlockLogImpl (DeletedBlockLogImpl.java:incrementCount(141)) - Deleted TXID not found.
2019-06-14 13:46:30,037 WARN  block.DeletedBlockLogImpl (DeletedBlockLogImpl.java:incrementCount(141)) - Deleted TXID not found.
2019-06-14 13:46:30,037 WARN  block.DeletedBlockLogImpl (DeletedBlockLogImpl.java:incrementCount(141)) - Deleted TXID not found.
2019-06-14 13:46:30,037 WARN  block.DeletedBlockLogImpl (DeletedBlockLogImpl.java:incrementCount(141)) - Deleted TXID not found.
2019-06-14 13:46:30,037 WARN  block.DeletedBlockLogImpl (DeletedBlockLogImpl.java:incrementCount(141)) - Deleted TXID not found.
2019-06-14 13:46:30,037 WARN  block.DeletedBlockLogImpl (DeletedBlockLogImpl.java:incrementCount(141)) - Deleted TXID not found.
2019-06-14 13:46:30,037 WARN  block.DeletedBlockLogImpl (DeletedBlockLogImpl.java:incrementCount(141)) - Deleted TXID not found.
2019-06-14 13:46:30,038 WARN  block.DeletedBlockLogImpl (DeletedBlockLogImpl.java:incrementCount(141)) - Deleted TXID not found.
2019-06-14 13:46:30,038 WARN  block.DeletedBlockLogImpl (DeletedBlockLogImpl.java:incrementCount(141)) - Deleted TXID not found.
2019-06-14 13:46:30,038 WARN  block.DeletedBlockLogImpl (DeletedBlockLogImpl.java:incrementCount(141)) - Deleted TXID not found.
2019-06-14 13:46:30,038 WARN  block.DeletedBlockLogImpl (DeletedBlockLogImpl.java:incrementCount(141)) - Deleted TXID not found.
2019-06-14 13:46:30,038 WARN  block.DeletedBlockLogImpl (DeletedBlockLogImpl.java:incrementCount(141)) - Deleted TXID not found.
2019-06-14 13:46:30,038 WARN  block.DeletedBlockLogImpl (DeletedBlockLogImpl.java:incrementCount(141)) - Deleted TXID not found.
2019-06-14 13:46:30,038 WARN  block.DeletedBlockLogImpl (DeletedBlockLogImpl.java:incrementCount(141)) - Deleted TXID not found.
2019-06-14 13:46:30,038 WARN  block.DeletedBlockLogImpl (DeletedBlockLogImpl.java:incrementCount(141)) - Deleted TXID not found.
2019-06-14 13:46:30,038 WARN  block.DeletedBlockLogImpl (DeletedBlockLogImpl.java:incrementCount(141)) - Deleted TXID not found.
2019-06-14 13:46:30,038 WARN  block.DeletedBlockLogImpl (DeletedBlockLogImpl.java:incrementCount(141)) - Deleted TXID not found.
2019-06-14 13:46:30,042 WARN  events.EventWatcher (EventWatcher.java:lambda$start$0(110)) - Completion event without active lease. Id=1560519979092
2019-06-14 13:46:30,042 WARN  events.EventWatcher (EventWatcher.java:lambda$start$0(110)) - Completion event without active lease. Id=1560519979091
2019-06-14 13:46:30,042 WARN  events.EventWatcher (EventWatcher.java:lambda$start$0(110)) - Completion event without active lease. Id=1560519979102
2019-06-14 13:46:30,042 WARN  events.EventWatcher (EventWatcher.java:lambda$start$0(110)) - Completion event without active lease. Id=1560519979101
2019-06-14 13:46:30,042 WARN  events.EventWatcher (EventWatcher.java:lambda$start$0(110)) - Completion event without active lease. Id=1560519979120
2019-06-14 13:46:30,043 WARN  events.EventWatcher (EventWatcher.java:lambda$start$0(110)) - Completion event without active lease. Id=1560519979121
2019-06-14 13:46:30,043 WARN  events.EventWatcher (EventWatcher.java:lambda$start$0(110)) - Completion event without active lease. Id=1560519979130
2019-06-14 13:46:30,043 WARN  events.EventWatcher (EventWatcher.java:lambda$start$0(110)) - Completion event without active lease. Id=1560519979131
2019-06-14 13:46:30,043 WARN  events.EventWatcher (EventWatcher.java:lambda$start$0(110)) - Completion event without active lease. Id=1560519979111
2019-06-14 13:46:30,043 WARN  events.EventWatcher (EventWatcher.java:lambda$start$0(110)) - Completion event without active lease. Id=1560519979112
2019-06-14 13:46:30,043 WARN  events.EventWatcher (EventWatcher.java:lambda$start$0(110)) - Completion event without active lease. Id=1560519979140
2019-06-14 13:46:30,043 DEBUG block.DeletedBlockLogImpl (DeletedBlockLogImpl.java:isTransactionFailed(245)) - Got block deletion ACK from datanode, TXIDs=1, success=true
2019-06-14 13:46:30,043 WARN  block.DeletedBlockLogImpl (DeletedBlockLogImpl.java:commitTransactions(205)) - Transaction txId=1 commit by dnId=0c156e3c-57cc-425b-90ef-9bcaa62a7535 for containerID=#1 failed. Corresponding entry not found.
2019-06-14 13:46:30,043 DEBUG block.DeletedBlockLogImpl (DeletedBlockLogImpl.java:isTransactionFailed(245)) - Got block deletion ACK from datanode, TXIDs=1, success=true
2019-06-14 13:46:30,043 WARN  block.DeletedBlockLogImpl (DeletedBlockLogImpl.java:commitTransactions(205)) - Transaction txId=1 commit by dnId=0c156e3c-57cc-425b-90ef-9bcaa62a7535 for containerID=#1 failed. Corresponding entry not found.
2019-06-14 13:46:30,043 DEBUG block.DeletedBlockLogImpl (DeletedBlockLogImpl.java:isTransactionFailed(245)) - Got block deletion ACK from datanode, TXIDs=1, success=true
2019-06-14 13:46:30,043 WARN  block.DeletedBlockLogImpl (DeletedBlockLogImpl.java:commitTransactions(205)) - Transaction txId=1 commit by dnId=0c156e3c-57cc-425b-90ef-9bcaa62a7535 for containerID=#1 failed. Corresponding entry not found.
2019-06-14 13:46:30,043 DEBUG block.DeletedBlockLogImpl (DeletedBlockLogImpl.java:isTransactionFailed(245)) - Got block deletion ACK from datanode, TXIDs=1, success=true
2019-06-14 13:46:30,043 WARN  block.DeletedBlockLogImpl (DeletedBlockLogImpl.java:commitTransactions(205)) - Transaction txId=1 commit by dnId=0c156e3c-57cc-425b-90ef-9bcaa62a7535 for containerID=#1 failed. Corresponding entry not found.
2019-06-14 13:46:30,043 DEBUG block.DeletedBlockLogImpl (DeletedBlockLogImpl.java:isTransactionFailed(245)) - Got block deletion ACK from datanode, TXIDs=1, success=true
2019-06-14 13:46:30,044 WARN  block.DeletedBlockLogImpl (DeletedBlockLogImpl.java:commitTransactions(205)) - Transaction txId=1 commit by dnId=0c156e3c-57cc-425b-90ef-9bcaa62a7535 for containerID=#1 failed. Corresponding entry not found.
2019-06-14 13:46:30,044 DEBUG block.DeletedBlockLogImpl (DeletedBlockLogImpl.java:isTransactionFailed(245)) - Got block deletion ACK from datanode, TXIDs=1, success=true
2019-06-14 13:46:30,044 WARN  block.DeletedBlockLogImpl (DeletedBlockLogImpl.java:commitTransactions(205)) - Transaction txId=1 commit by dnId=0c156e3c-57cc-425b-90ef-9bcaa62a7535 for containerID=#1 failed. Corresponding entry not found.
2019-06-14 13:46:30,044 DEBUG block.DeletedBlockLogImpl (DeletedBlockLogImpl.java:isTransactionFailed(245)) - Got block deletion ACK from datanode, TXIDs=1, success=true
2019-06-14 13:46:30,044 WARN  block.DeletedBlockLogImpl (DeletedBlockLogImpl.java:commitTransactions(205)) - Transaction txId=1 commit by dnId=0c156e3c-57cc-425b-90ef-9bcaa62a7535 for containerID=#1 failed. Corresponding entry not found.
2019-06-14 13:46:30,044 DEBUG block.DeletedBlockLogImpl (DeletedBlockLogImpl.java:isTransactionFailed(245)) - Got block deletion ACK from datanode, TXIDs=1, success=true
2019-06-14 13:46:30,044 WARN  block.DeletedBlockLogImpl (DeletedBlockLogImpl.java:commitTransactions(205)) - Transaction txId=1 commit by dnId=0c156e3c-57cc-425b-90ef-9bcaa62a7535 for containerID=#1 failed. Corresponding entry not found.
2019-06-14 13:46:30,044 DEBUG block.DeletedBlockLogImpl (DeletedBlockLogImpl.java:isTransactionFailed(245)) - Got block deletion ACK from datanode, TXIDs=1, success=true
2019-06-14 13:46:30,044 WARN  block.DeletedBlockLogImpl (DeletedBlockLogImpl.java:commitTransactions(205)) - Transaction txId=1 commit by dnId=0c156e3c-57cc-425b-90ef-9bcaa62a7535 for containerID=#1 failed. Corresponding entry not found.
2019-06-14 13:46:30,044 DEBUG block.DeletedBlockLogImpl (DeletedBlockLogImpl.java:isTransactionFailed(245)) - Got block deletion ACK from datanode, TXIDs=1, success=true
2019-06-14 13:46:30,044 WARN  block.DeletedBlockLogImpl (DeletedBlockLogImpl.java:commitTransactions(205)) - Transaction txId=1 commit by dnId=0c156e3c-57cc-425b-90ef-9bcaa62a7535 for containerID=#1 failed. Corresponding entry not found.
2019-06-14 13:46:30,044 DEBUG block.DeletedBlockLogImpl (DeletedBlockLogImpl.java:isTransactionFailed(245)) - Got block deletion ACK from datanode, TXIDs=1, success=true
2019-06-14 13:46:30,044 WARN  block.DeletedBlockLogImpl (DeletedBlockLogImpl.java:commitTransactions(205)) - Transaction txId=1 commit by dnId=0c156e3c-57cc-425b-90ef-9bcaa62a7535 for containerID=#1 failed. Corresponding entry not found.
2019-06-14 13:46:30,044 DEBUG block.DeletedBlockLogImpl (DeletedBlockLogImpl.java:isTransactionFailed(245)) - Got block deletion ACK from datanode, TXIDs=1, success=true
2019-06-14 13:46:30,044 WARN  block.DeletedBlockLogImpl (DeletedBlockLogImpl.java:commitTransactions(205)) - Transaction txId=1 commit by dnId=0c156e3c-57cc-425b-90ef-9bcaa62a7535 for containerID=#1 failed. Corresponding entry not found.
2019-06-14 13:46:30,044 DEBUG block.DeletedBlockLogImpl (DeletedBlockLogImpl.java:isTransactionFailed(245)) - Got block deletion ACK from datanode, TXIDs=1, success=true
2019-06-14 13:46:30,045 WARN  block.DeletedBlockLogImpl (DeletedBlockLogImpl.java:commitTransactions(205)) - Transaction txId=1 commit by dnId=0c156e3c-57cc-425b-90ef-9bcaa62a7535 for containerID=#1 failed. Corresponding entry not found.
2019-06-14 13:46:30,045 DEBUG block.DeletedBlockLogImpl (DeletedBlockLogImpl.java:isTransactionFailed(245)) - Got block deletion ACK from datanode, TXIDs=1, success=true
2019-06-14 13:46:30,045 WARN  block.DeletedBlockLogImpl (DeletedBlockLogImpl.java:commitTransactions(205)) - Transaction txId=1 commit by dnId=0c156e3c-57cc-425b-90ef-9bcaa62a7535 for containerID=#1 failed. Corresponding entry not found.
2019-06-14 13:46:30,045 DEBUG block.DeletedBlockLogImpl (DeletedBlockLogImpl.java:isTransactionFailed(245)) - Got block deletion ACK from datanode, TXIDs=1, success=true
2019-06-14 13:46:30,045 WARN  block.DeletedBlockLogImpl (DeletedBlockLogImpl.java:commitTransactions(205)) - Transaction txId=1 commit by dnId=0c156e3c-57cc-425b-90ef-9bcaa62a7535 for containerID=#1 failed. Corresponding entry not found.
2019-06-14 13:46:30,045 DEBUG block.DeletedBlockLogImpl (DeletedBlockLogImpl.java:isTransactionFailed(245)) - Got block deletion ACK from datanode, TXIDs=1, success=true
2019-06-14 13:46:30,045 WARN  block.DeletedBlockLogImpl (DeletedBlockLogImpl.java:commitTransactions(205)) - Transaction txId=1 commit by dnId=0c156e3c-57cc-425b-90ef-9bcaa62a7535 for containerID=#1 failed. Corresponding entry not found.
2019-06-14 13:46:30,045 DEBUG block.DeletedBlockLogImpl (DeletedBlockLogImpl.java:isTransactionFailed(245)) - Got block deletion ACK from datanode, TXIDs=1, success=true
2019-06-14 13:46:30,045 WARN  block.DeletedBlockLogImpl (DeletedBlockLogImpl.java:commitTransactions(205)) - Transaction txId=1 commit by dnId=0c156e3c-57cc-425b-90ef-9bcaa62a7535 for containerID=#1 failed. Corresponding entry not found.
2019-06-14 13:46:30,045 DEBUG block.DeletedBlockLogImpl (DeletedBlockLogImpl.java:isTransactionFailed(245)) - Got block deletion ACK from datanode, TXIDs=1, success=true
2019-06-14 13:46:30,045 WARN  block.DeletedBlockLogImpl (DeletedBlockLogImpl.java:commitTransactions(205)) - Transaction txId=1 commit by dnId=0c156e3c-57cc-425b-90ef-9bcaa62a7535 for containerID=#1 failed. Corresponding entry not found.
2019-06-14 13:46:30,045 DEBUG block.DeletedBlockLogImpl (DeletedBlockLogImpl.java:isTransactionFailed(245)) - Got block deletion ACK from datanode, TXIDs=1, success=true
2019-06-14 13:46:30,045 WARN  block.DeletedBlockLogImpl (DeletedBlockLogImpl.java:commitTransactions(205)) - Transaction txId=1 commit by dnId=0c156e3c-57cc-425b-90ef-9bcaa62a7535 for containerID=#1 failed. Corresponding entry not found.
2019-06-14 13:46:30,045 DEBUG block.DeletedBlockLogImpl (DeletedBlockLogImpl.java:isTransactionFailed(245)) - Got block deletion ACK from datanode, TXIDs=1, success=true
2019-06-14 13:46:30,045 WARN  block.DeletedBlockLogImpl (DeletedBlockLogImpl.java:commitTransactions(205)) - Transaction txId=1 commit by dnId=0c156e3c-57cc-425b-90ef-9bcaa62a7535 for containerID=#1 failed. Corresponding entry not found.
2019-06-14 13:46:30,045 DEBUG block.DeletedBlockLogImpl (DeletedBlockLogImpl.java:isTransactionFailed(245)) - Got block deletion ACK from datanode, TXIDs=1, success=true
2019-06-14 13:46:30,045 WARN  block.DeletedBlockLogImpl (DeletedBlockLogImpl.java:commitTransactions(205)) - Transaction txId=1 commit by dnId=0c156e3c-57cc-425b-90ef-9bcaa62a7535 for containerID=#1 failed. Corresponding entry not found.
2019-06-14 13:46:30,046 DEBUG block.DeletedBlockLogImpl (DeletedBlockLogImpl.java:isTransactionFailed(245)) - Got block deletion ACK from datanode, TXIDs=1, success=true
2019-06-14 13:46:30,046 WARN  block.DeletedBlockLogImpl (DeletedBlockLogImpl.java:commitTransactions(205)) - Transaction txId=1 commit by dnId=0c156e3c-57cc-425b-90ef-9bcaa62a7535 for containerID=#1 failed. Corresponding entry not found.
2019-06-14 13:46:30,046 DEBUG block.DeletedBlockLogImpl (DeletedBlockLogImpl.java:isTransactionFailed(245)) - Got block deletion ACK from datanode, TXIDs=1, success=true
2019-06-14 13:46:30,046 WARN  block.DeletedBlockLogImpl (DeletedBlockLogImpl.java:commitTransactions(205)) - Transaction txId=1 commit by dnId=0c156e3c-57cc-425b-90ef-9bcaa62a7535 for containerID=#1 failed. Corresponding entry not found.
2019-06-14 13:46:30,046 DEBUG block.DeletedBlockLogImpl (DeletedBlockLogImpl.java:isTransactionFailed(245)) - Got block deletion ACK from datanode, TXIDs=1, success=true
2019-06-14 13:46:30,046 WARN  block.DeletedBlockLogImpl (DeletedBlockLogImpl.java:commitTransactions(205)) - Transaction txId=1 commit by dnId=0c156e3c-57cc-425b-90ef-9bcaa62a7535 for containerID=#1 failed. Corresponding entry not found.
2019-06-14 13:46:30,043 DEBUG block.SCMBlockDeletingService (SCMBlockDeletingService.java:call(138)) - Running DeletedBlockTransactionScanner
2019-06-14 13:46:30,047 DEBUG block.SCMBlockDeletingService (SCMBlockDeletingService.java:call(155)) - Scanned deleted blocks log and got 0 delTX to process.
2019-06-14 13:46:30,054 INFO  commandhandler.DeleteBlocksCommandHandler (DeleteBlocksCommandHandler.java:handle(106)) - Start to delete container blocks, TXIDs=[1(0),2(0),3(0)], numOfContainers=3, numOfBlocks=553
2019-06-14 13:46:30,055 INFO  commandhandler.DeleteBlocksCommandHandler (DeleteBlocksCommandHandler.java:handle(106)) - Start to delete container blocks, TXIDs=[1(0),2(0),3(0)], numOfContainers=3, numOfBlocks=553
2019-06-14 13:46:30,056 INFO  commandhandler.DeleteBlocksCommandHandler (DeleteBlocksCommandHandler.java:handle(106)) - Start to delete container blocks, TXIDs=[1(0),2(0),3(0)], numOfContainers=3, numOfBlocks=553
2019-06-14 13:46:30,057 INFO  commandhandler.DeleteBlocksCommandHandler (DeleteBlocksCommandHandler.java:handle(106)) - Start to delete container blocks, TXIDs=[1(0),2(0),3(0)], numOfContainers=3, numOfBlocks=553
2019-06-14 13:46:30,064 INFO  background.BlockDeletingService (BlockDeletingService.java:call(246)) - Container: 2, deleted blocks: 184, task elapsed time: 366ms
2019-06-14 13:46:30,064 INFO  commandhandler.DeleteBlocksCommandHandler (DeleteBlocksCommandHandler.java:handle(106)) - Start to delete container blocks, TXIDs=[1(0),2(0),3(0)], numOfContainers=3, numOfBlocks=553
2019-06-14 13:46:30,069 INFO  commandhandler.DeleteBlocksCommandHandler (DeleteBlocksCommandHandler.java:handle(106)) - Start to delete container blocks, TXIDs=[1(0),2(0),3(0)], numOfContainers=3, numOfBlocks=553
2019-06-14 13:46:30,070 INFO  commandhandler.DeleteBlocksCommandHandler (DeleteBlocksCommandHandler.java:handle(106)) - Start to delete container blocks, TXIDs=[1(0),2(0),3(0)], numOfContainers=3, numOfBlocks=553
2019-06-14 13:46:30,071 INFO  commandhandler.DeleteBlocksCommandHandler (DeleteBlocksCommandHandler.java:handle(106)) - Start to delete container blocks, TXIDs=[1(0),2(0),3(0)], numOfContainers=3, numOfBlocks=553
2019-06-14 13:46:30,072 INFO  commandhandler.DeleteBlocksCommandHandler (DeleteBlocksCommandHandler.java:handle(106)) - Start to delete container blocks, TXIDs=[1(0),2(0),3(0)], numOfContainers=3, numOfBlocks=553
2019-06-14 13:46:30,073 INFO  commandhandler.DeleteBlocksCommandHandler (DeleteBlocksCommandHandler.java:handle(106)) - Start to delete container blocks, TXIDs=[1(0),2(0),3(0)], numOfContainers=3, numOfBlocks=553
2019-06-14 13:46:30,074 INFO  commandhandler.DeleteBlocksCommandHandler (DeleteBlocksCommandHandler.java:handle(106)) - Start to delete container blocks, TXIDs=[1(0),2(0),3(0)], numOfContainers=3, numOfBlocks=553
2019-06-14 13:46:30,075 INFO  commandhandler.DeleteBlocksCommandHandler (DeleteBlocksCommandHandler.java:handle(106)) - Start to delete container blocks, TXIDs=[1(0),2(0),3(0)], numOfContainers=3, numOfBlocks=553
2019-06-14 13:46:30,076 INFO  commandhandler.DeleteBlocksCommandHandler (DeleteBlocksCommandHandler.java:handle(106)) - Start to delete container blocks, TXIDs=[1(0),2(0),3(0)], numOfContainers=3, numOfBlocks=553
2019-06-14 13:46:30,078 INFO  commandhandler.DeleteBlocksCommandHandler (DeleteBlocksCommandHandler.java:handle(106)) - Start to delete container blocks, TXIDs=[1(0),2(0),3(0)], numOfContainers=3, numOfBlocks=553
2019-06-14 13:46:30,080 INFO  commandhandler.DeleteBlocksCommandHandler (BlockDeletingService.java:call(246)) - Container: 3, deleted blocks: 184, task elapsed time: 384ms
2019-06-14 13:46:30,080 INFO  commandhandler.DeleteBlocksCommandHandler (DeleteBlocksCommandHandler.java:handle(106)) - Start to delete container blocks, TXIDs=[1(0),2(0),3(0)], numOfContainers=3, numOfBlocks=553
2019-06-14 13:46:30,081 INFO  commandhandler.DeleteBlocksCommandHandler (DeleteBlocksCommandHandler.java:handle(106)) - Start to delete container blocks, TXIDs=[1(0),2(0),3(0)], numOfContainers=3, numOfBlocks=553
2019-06-14 13:46:30,082 INFO  commandhandler.DeleteBlocksCommandHandler (DeleteBlocksCommandHandler.java:handle(106)) - Start to delete container blocks, TXIDs=[1(0),2(0),3(0)], numOfContainers=3, numOfBlocks=553
2019-06-14 13:46:30,083 INFO  commandhandler.DeleteBlocksCommandHandler (DeleteBlocksCommandHandler.java:handle(106)) - Start to delete container blocks, TXIDs=[1(0),2(0),3(0)], numOfContainers=3, numOfBlocks=553
2019-06-14 13:46:30,084 INFO  commandhandler.DeleteBlocksCommandHandler (DeleteBlocksCommandHandler.java:handle(106)) - Start to delete container blocks, TXIDs=[1(0),2(0),3(0)], numOfContainers=3, numOfBlocks=553
2019-06-14 13:46:30,085 INFO  commandhandler.DeleteBlocksCommandHandler (DeleteBlocksCommandHandler.java:handle(106)) - Start to delete container blocks, TXIDs=[1(0),2(0),3(0)], numOfContainers=3, numOfBlocks=553
2019-06-14 13:46:30,086 INFO  commandhandler.DeleteBlocksCommandHandler (DeleteBlocksCommandHandler.java:handle(106)) - Start to delete container blocks, TXIDs=[1(0),2(0),3(0)], numOfContainers=3, numOfBlocks=553
2019-06-14 13:46:30,087 INFO  commandhandler.DeleteBlocksCommandHandler (DeleteBlocksCommandHandler.java:handle(106)) - Start to delete container blocks, TXIDs=[1(0),2(0),3(0)], numOfContainers=3, numOfBlocks=553
2019-06-14 13:46:30,088 INFO  commandhandler.DeleteBlocksCommandHandler (DeleteBlocksCommandHandler.java:handle(106)) - Start to delete container blocks, TXIDs=[1(0),2(0),3(0)], numOfContainers=3, numOfBlocks=553
2019-06-14 13:46:30,089 INFO  commandhandler.DeleteBlocksCommandHandler (DeleteBlocksCommandHandler.java:handle(106)) - Start to delete container blocks, TXIDs=[1(0),2(0),3(0)], numOfContainers=3, numOfBlocks=553
2019-06-14 13:46:30,090 INFO  commandhandler.DeleteBlocksCommandHandler (DeleteBlocksCommandHandler.java:handle(106)) - Start to delete container blocks, TXIDs=[1(0),2(0),3(0)], numOfContainers=3, numOfBlocks=553
2019-06-14 13:46:30,091 INFO  commandhandler.DeleteBlocksCommandHandler (DeleteBlocksCommandHandler.java:handle(106)) - Start to delete container blocks, TXIDs=[1(0),2(0),3(0)], numOfContainers=3, numOfBlocks=553
2019-06-14 13:46:30,092 INFO  commandhandler.DeleteBlocksCommandHandler (DeleteBlocksCommandHandler.java:handle(106)) - Start to delete container blocks, TXIDs=[1(0),2(0),3(0)], numOfContainers=3, numOfBlocks=553
2019-06-14 13:46:30,093 INFO  commandhandler.DeleteBlocksCommandHandler (DeleteBlocksCommandHandler.java:handle(106)) - Start to delete container blocks, TXIDs=[1(0),2(0),3(0)], numOfContainers=3, numOfBlocks=553
2019-06-14 13:46:30,094 INFO  commandhandler.DeleteBlocksCommandHandler (DeleteBlocksCommandHandler.java:handle(106)) - Start to delete container blocks, TXIDs=[1(0),2(0),3(0)], numOfContainers=3, numOfBlocks=553
2019-06-14 13:46:30,095 INFO  commands.RetriableDatanodeEventWatcher (RetriableDatanodeEventWatcher.java:onTimeout(47)) - RetriableDatanodeCommand type=deleteBlocksCommand with id=1560519979154 timed out. Retrying.
2019-06-14 13:46:30,096 INFO  commandhandler.DeleteBlocksCommandHandler (DeleteBlocksCommandHandler.java:handle(106)) - Start to delete container blocks, TXIDs=[1(0),2(0),3(0)], numOfContainers=3, numOfBlocks=553
2019-06-14 13:46:30,097 INFO  commandhandler.DeleteBlocksCommandHandler (DeleteBlocksCommandHandler.java:handle(106)) - Start to delete container blocks, TXIDs=[1(0),2(0),3(0)], numOfContainers=3, numOfBlocks=553
2019-06-14 13:46:30,098 INFO  commandhandler.DeleteBlocksCommandHandler (DeleteBlocksCommandHandler.java:handle(106)) - Start to delete container blocks, TXIDs=[1(0),2(0),3(0)], numOfContainers=3, numOfBlocks=553
2019-06-14 13:46:30,099 INFO  commandhandler.DeleteBlocksCommandHandler (DeleteBlocksCommandHandler.java:handle(106)) - Start to delete container blocks, TXIDs=[1(0),2(0),3(0)], numOfContainers=3, numOfBlocks=553
2019-06-14 13:46:30,100 INFO  commandhandler.DeleteBlocksCommandHandler (DeleteBlocksCommandHandler.java:handle(106)) - Start to delete container blocks, TXIDs=[1(0),2(0),3(0)], numOfContainers=3, numOfBlocks=553
2019-06-14 13:46:30,101 INFO  commandhandler.DeleteBlocksCommandHandler (DeleteBlocksCommandHandler.java:handle(106)) - Start to delete container blocks, TXIDs=[1(0),2(0),3(0)], numOfContainers=3, numOfBlocks=553
2019-06-14 13:46:30,101 INFO  commands.RetriableDatanodeEventWatcher (RetriableDatanodeEventWatcher.java:onTimeout(47)) - RetriableDatanodeCommand type=deleteBlocksCommand with id=1560519979164 timed out. Retrying.
2019-06-14 13:46:30,102 INFO  commandhandler.DeleteBlocksCommandHandler (DeleteBlocksCommandHandler.java:handle(106)) - Start to delete container blocks, TXIDs=[1(0),2(0),3(0)], numOfContainers=3, numOfBlocks=553
2019-06-14 13:46:30,103 INFO  commandhandler.DeleteBlocksCommandHandler (DeleteBlocksCommandHandler.java:handle(106)) - Start to delete container blocks, TXIDs=[1(0),2(0),3(0)], numOfContainers=3, numOfBlocks=553
2019-06-14 13:46:30,104 INFO  commandhandler.DeleteBlocksCommandHandler (DeleteBlocksCommandHandler.java:handle(106)) - Start to delete container blocks, TXIDs=[1(0),2(0),3(0)], numOfContainers=3, numOfBlocks=553
2019-06-14 13:46:30,105 INFO  commandhandler.DeleteBlocksCommandHandler (DeleteBlocksCommandHandler.java:handle(106)) - Start to delete container blocks, TXIDs=[1(0),2(0),3(0)], numOfContainers=3, numOfBlocks=553
2019-06-14 13:46:30,106 INFO  commandhandler.DeleteBlocksCommandHandler (DeleteBlocksCommandHandler.java:handle(106)) - Start to delete container blocks, TXIDs=[1(0),2(0),3(0)], numOfContainers=3, numOfBlocks=553
2019-06-14 13:46:30,107 INFO  commandhandler.DeleteBlocksCommandHandler (DeleteBlocksCommandHandler.java:handle(106)) - Start to delete container blocks, TXIDs=[1(0),2(0),3(0)], numOfContainers=3, numOfBlocks=553
2019-06-14 13:46:30,108 INFO  commandhandler.DeleteBlocksCommandHandler (DeleteBlocksCommandHandler.java:handle(106)) - Start to delete container blocks, TXIDs=[1(0),2(0),3(0)], numOfContainers=3, numOfBlocks=553
2019-06-14 13:46:30,109 INFO  commands.RetriableDatanodeEventWatcher (RetriableDatanodeEventWatcher.java:onTimeout(47)) - RetriableDatanodeCommand type=deleteBlocksCommand with id=1560519979174 timed out. Retrying.
2019-06-14 13:46:30,110 INFO  commandhandler.DeleteBlocksCommandHandler (DeleteBlocksCommandHandler.java:handle(106)) - Start to delete container blocks, TXIDs=[1(0),2(0),3(0)], numOfContainers=3, numOfBlocks=553
2019-06-14 13:46:30,111 INFO  commandhandler.DeleteBlocksCommandHandler (DeleteBlocksCommandHandler.java:handle(106)) - Start to delete container blocks, TXIDs=[1(0),2(0),3(0)], numOfContainers=3, numOfBlocks=553
2019-06-14 13:46:30,112 INFO  commandhandler.DeleteBlocksCommandHandler (DeleteBlocksCommandHandler.java:handle(106)) - Start to delete container blocks, TXIDs=[1(0),2(0),3(0)], numOfContainers=3, numOfBlocks=553
2019-06-14 13:46:30,113 INFO  commandhandler.DeleteBlocksCommandHandler (DeleteBlocksCommandHandler.java:handle(106)) - Start to delete container blocks, TXIDs=[1(0),2(0),3(0)], numOfContainers=3, numOfBlocks=553
2019-06-14 13:46:30,114 INFO  commandhandler.DeleteBlocksCommandHandler (DeleteBlocksCommandHandler.java:handle(106)) - Start to delete container blocks, TXIDs=[1(0),2(0),3(0)], numOfContainers=3, numOfBlocks=553
2019-06-14 13:46:30,115 INFO  commandhandler.DeleteBlocksCommandHandler (DeleteBlocksCommandHandler.java:handle(106)) - Start to delete container blocks, TXIDs=[1(0),2(0),3(0)], numOfContainers=3, numOfBlocks=553
2019-06-14 13:46:30,116 INFO  commandhandler.DeleteBlocksCommandHandler (DeleteBlocksCommandHandler.java:handle(106)) - Start to delete container blocks, TXIDs=[1(0),2(0),3(0)], numOfContainers=3, numOfBlocks=553
2019-06-14 13:46:30,117 INFO  commandhandler.DeleteBlocksCommandHandler (DeleteBlocksCommandHandler.java:handle(106)) - Start to delete container blocks, TXIDs=[1(0),2(0),3(0)], numOfContainers=3, numOfBlocks=553
2019-06-14 13:46:30,118 INFO  commandhandler.DeleteBlocksCommandHandler (DeleteBlocksCommandHandler.java:handle(106)) - Start to delete container blocks, TXIDs=[1(0),2(0),3(0)], numOfContainers=3, numOfBlocks=553
2019-06-14 13:46:30,119 INFO  commandhandler.DeleteBlocksCommandHandler (DeleteBlocksCommandHandler.java:handle(106)) - Start to delete container blocks, TXIDs=[1(0),2(0),3(0)], numOfContainers=3, numOfBlocks=553
2019-06-14 13:46:30,120 INFO  commandhandler.DeleteBlocksCommandHandler (DeleteBlocksCommandHandler.java:handle(106)) - Start to delete container blocks, TXIDs=[1(0),2(0),3(0)], numOfContainers=3, numOfBlocks=553
2019-06-14 13:46:30,121 INFO  commandhandler.DeleteBlocksCommandHandler (DeleteBlocksCommandHandler.java:handle(106)) - Start to delete container blocks, TXIDs=[1(0),2(0),3(0)], numOfContainers=3, numOfBlocks=553
2019-06-14 13:46:30,122 INFO  commandhandler.DeleteBlocksCommandHandler (DeleteBlocksCommandHandler.java:handle(106)) - Start to delete container blocks, TXIDs=[1(0),2(0),3(0)], numOfContainers=3, numOfBlocks=553
2019-06-14 13:46:30,123 INFO  commandhandler.DeleteBlocksCommandHandler (DeleteBlocksCommandHandler.java:handle(106)) - Start to delete container blocks, TXIDs=[1(0),2(0),3(0)], numOfContainers=3, numOfBlocks=553
2019-06-14 13:46:30,124 INFO  commandhandler.DeleteBlocksCommandHandler (DeleteBlocksCommandHandler.java:handle(106)) - Start to delete container blocks, TXIDs=[1(0),2(0),3(0)], numOfContainers=3, numOfBlocks=553
2019-06-14 13:46:30,126 INFO  commandhandler.DeleteBlocksCommandHandler (DeleteBlocksCommandHandler.java:handle(106)) - Start to delete container blocks, TXIDs=[1(0),2(0),3(0)], numOfContainers=3, numOfBlocks=553
2019-06-14 13:46:30,127 INFO  commandhandler.DeleteBlocksCommandHandler (DeleteBlocksCommandHandler.java:handle(106)) - Start to delete container blocks, TXIDs=[1(0),2(0),3(0)], numOfContainers=3, numOfBlocks=553
2019-06-14 13:46:30,127 INFO  commands.RetriableDatanodeEventWatcher (RetriableDatanodeEventWatcher.java:onTimeout(47)) - RetriableDatanodeCommand type=deleteBlocksCommand with id=1560519979184 timed out. Retrying.
2019-06-14 13:46:30,128 INFO  commandhandler.DeleteBlocksCommandHandler (DeleteBlocksCommandHandler.java:handle(106)) - Start to delete container blocks, TXIDs=[1(0),2(0),3(0)], numOfContainers=3, numOfBlocks=553
2019-06-14 13:46:30,129 INFO  commandhandler.DeleteBlocksCommandHandler (DeleteBlocksCommandHandler.java:handle(106)) - Start to delete container blocks, TXIDs=[1(0),2(0),3(0)], numOfContainers=3, numOfBlocks=553
2019-06-14 13:46:30,130 INFO  commandhandler.DeleteBlocksCommandHandler (DeleteBlocksCommandHandler.java:handle(106)) - Start to delete container blocks, TXIDs=[1(0),2(0),3(0)], numOfContainers=3, numOfBlocks=553
2019-06-14 13:46:30,131 INFO  commandhandler.DeleteBlocksCommandHandler (DeleteBlocksCommandHandler.java:handle(106)) - Start to delete container blocks, TXIDs=[1(0),2(0),3(0)], numOfContainers=3, numOfBlocks=553
2019-06-14 13:46:30,132 INFO  commandhandler.DeleteBlocksCommandHandler (DeleteBlocksCommandHandler.java:handle(106)) - Start to delete container blocks, TXIDs=[1(0),2(0),3(0)], numOfContainers=3, numOfBlocks=553
2019-06-14 13:46:30,133 INFO  commandhandler.DeleteBlocksCommandHandler (DeleteBlocksCommandHandler.java:handle(106)) - Start to delete container blocks, TXIDs=[1(0),2(0),3(0)], numOfContainers=3, numOfBlocks=553
2019-06-14 13:46:30,134 INFO  commandhandler.DeleteBlocksCommandHandler (DeleteBlocksCommandHandler.java:handle(106)) - Start to delete container blocks, TXIDs=[1(0),2(0),3(0)], numOfContainers=3, numOfBlocks=553
2019-06-14 13:46:30,135 INFO  commandhandler.DeleteBlocksCommandHandler (DeleteBlocksCommandHandler.java:handle(106)) - Start to delete container blocks, TXIDs=[1(0),2(0),3(0)], numOfContainers=3, numOfBlocks=553
2019-06-14 13:46:30,136 INFO  commandhandler.DeleteBlocksCommandHandler (DeleteBlocksCommandHandler.java:handle(106)) - Start to delete container blocks, TXIDs=[1(0),2(0),3(0)], numOfContainers=3, numOfBlocks=553
2019-06-14 13:46:30,137 INFO  commandhandler.DeleteBlocksCommandHandler (DeleteBlocksCommandHandler.java:handle(106)) - Start to delete container blocks, TXIDs=[1(0),2(0),3(0)], numOfContainers=3, numOfBlocks=553
2019-06-14 13:46:30,138 INFO  commandhandler.DeleteBlocksCommandHandler (DeleteBlocksCommandHandler.java:handle(106)) - Start to delete container blocks, TXIDs=[1(0),2(0),3(0)], numOfContainers=3, numOfBlocks=553
2019-06-14 13:46:30,139 INFO  commandhandler.DeleteBlocksCommandHandler (DeleteBlocksCommandHandler.java:handle(106)) - Start to delete container blocks, TXIDs=[1(0),2(0),3(0)], numOfContainers=3, numOfBlocks=553
2019-06-14 13:46:30,140 INFO  commandhandler.DeleteBlocksCommandHandler (DeleteBlocksCommandHandler.java:handle(106)) - Start to delete container blocks, TXIDs=[1(0),2(0),3(0)], numOfContainers=3, numOfBlocks=553
2019-06-14 13:46:30,142 INFO  commandhandler.DeleteBlocksCommandHandler (DeleteBlocksCommandHandler.java:handle(106)) - Start to delete container blocks, TXIDs=[1(0),2(0),3(0)], numOfContainers=3, numOfBlocks=553
2019-06-14 13:46:30,143 INFO  commandhandler.DeleteBlocksCommandHandler (DeleteBlocksCommandHandler.java:handle(106)) - Start to delete container blocks, TXIDs=[1(0),2(0),3(0)], numOfContainers=3, numOfBlocks=553
2019-06-14 13:46:30,144 INFO  commandhandler.DeleteBlocksCommandHandler (DeleteBlocksCommandHandler.java:handle(106)) - Start to delete container blocks, TXIDs=[1(0),2(0),3(0)], numOfContainers=3, numOfBlocks=553
2019-06-14 13:46:30,145 INFO  commandhandler.DeleteBlocksCommandHandler (DeleteBlocksCommandHandler.java:handle(106)) - Start to delete container blocks, TXIDs=[1(0),2(0),3(0)], numOfContainers=3, numOfBlocks=553
2019-06-14 13:46:30,146 INFO  commandhandler.DeleteBlocksCommandHandler (DeleteBlocksCommandHandler.java:handle(106)) - Start to delete container blocks, TXIDs=[1(0),2(0),3(0)], numOfContainers=3, numOfBlocks=553
2019-06-14 13:46:30,147 DEBUG block.SCMBlockDeletingService (DeleteBlocksCommandHandler.java:handle(106)) - Start to delete container blocks, TXIDs=[1(0),2(0),3(0)], numOfContainers=3, numOfBlocks=553
SCMBlockDeletingService.java:call(138)) - Running DeletedBlockTransactionScanner
2019-06-14 13:46:30,147 INFO  commandhandler.DeleteBlocksCommandHandler (DeleteBlocksCommandHandler.java:handle(106)) - Start to delete container blocks, TXIDs=[1(0),2(0),3(0)], numOfContainers=3, numOfBlocks=553
2019-06-14 13:46:30,147 DEBUG block.SCMBlockDeletingService (SCMBlockDeletingService.java:call(155)) - Scanned deleted blocks log and got 0 delTX to process.
2019-06-14 13:46:30,148 INFO  commandhandler.DeleteBlocksCommandHandler (DeleteBlocksCommandHandler.java:handle(106)) - Start to delete container blocks, TXIDs=[1(0),2(0),3(0)], numOfContainers=3, numOfBlocks=553
2019-06-14 13:46:30,149 INFO  commandhandler.DeleteBlocksCommandHandler (DeleteBlocksCommandHandler.java:handle(106)) - Start to delete container blocks, TXIDs=[1(0),2(0),3(0)], numOfContainers=3, numOfBlocks=553
2019-06-14 13:46:30,150 INFO  commandhandler.DeleteBlocksCommandHandler (DeleteBlocksCommandHandler.java:handle(106)) - Start to delete container blocks, TXIDs=[1(0),2(0),3(0)], numOfContainers=3, numOfBlocks=553
2019-06-14 13:46:30,151 INFO  commandhandler.DeleteBlocksCommandHandler (DeleteBlocksCommandHandler.java:handle(106)) - Start to delete container blocks, TXIDs=[1(0),2(0),3(0)], numOfContainers=3, numOfBlocks=553
2019-06-14 13:46:30,152 INFO  commandhandler.DeleteBlocksCommandHandler (DeleteBlocksCommandHandler.java:handle(106)) - Start to delete container blocks, TXIDs=[1(0),2(0),3(0)], numOfContainers=3, numOfBlocks=553
2019-06-14 13:46:30,153 INFO  commandhandler.DeleteBlocksCommandHandler (DeleteBlocksCommandHandler.java:handle(106)) - Start to delete container blocks, TXIDs=[1(0),2(0),3(0)], numOfContainers=3, numOfBlocks=553
2019-06-14 13:46:30,154 INFO  commandhandler.DeleteBlocksCommandHandler (DeleteBlocksCommandHandler.java:handle(106)) - Start to delete container blocks, TXIDs=[1(0),2(0),3(0)], numOfContainers=3, numOfBlocks=553
2019-06-14 13:46:30,155 INFO  commandhandler.DeleteBlocksCommandHandler (DeleteBlocksCommandHandler.java:handle(106)) - Start to delete container blocks, TXIDs=[1(0),2(0),3(0)], numOfContainers=3, numOfBlocks=553
2019-06-14 13:46:30,156 INFO  commandhandler.DeleteBlocksCommandHandler (DeleteBlocksCommandHandler.java:handle(106)) - Start to delete container blocks, TXIDs=[1(0),2(0),3(0)], numOfContainers=3, numOfBlocks=553
2019-06-14 13:46:30,157 INFO  commandhandler.DeleteBlocksCommandHandler (DeleteBlocksCommandHandler.java:handle(106)) - Start to delete container blocks, TXIDs=[1(0),2(0),3(0)], numOfContainers=3, numOfBlocks=553
2019-06-14 13:46:30,158 INFO  commandhandler.DeleteBlocksCommandHandler (DeleteBlocksCommandHandler.java:handle(106)) - Start to delete container blocks, TXIDs=[1(0),2(0),3(0)], numOfContainers=3, numOfBlocks=553
2019-06-14 13:46:30,159 INFO  commandhandler.DeleteBlocksCommandHandler (DeleteBlocksCommandHandler.java:handle(106)) - Start to delete container blocks, TXIDs=[1(0),2(0),3(0)], numOfContainers=3, numOfBlocks=553
2019-06-14 13:46:30,160 INFO  commandhandler.DeleteBlocksCommandHandler (DeleteBlocksCommandHandler.java:handle(106)) - Start to delete container blocks, TXIDs=[1(0),2(0),3(0)], numOfContainers=3, numOfBlocks=553
2019-06-14 13:46:30,161 INFO  commandhandler.DeleteBlocksCommandHandler (DeleteBlocksCommandHandler.java:handle(106)) - Start to delete container blocks, TXIDs=[1(0),2(0),3(0)], numOfContainers=3, numOfBlocks=553
2019-06-14 13:46:30,162 INFO  commandhandler.DeleteBlocksCommandHandler (DeleteBlocksCommandHandler.java:handle(106)) - Start to delete container blocks, TXIDs=[1(0),2(0),3(0)], numOfContainers=3, numOfBlocks=553
2019-06-14 13:46:30,164 INFO  commandhandler.DeleteBlocksCommandHandler (DeleteBlocksCommandHandler.java:handle(106)) - Start to delete container blocks, TXIDs=[1(0),2(0),3(0)], numOfContainers=3, numOfBlocks=553
2019-06-14 13:46:30,165 INFO  commandhandler.DeleteBlocksCommandHandler (DeleteBlocksCommandHandler.java:handle(106)) - Start to delete container blocks, TXIDs=[1(0),2(0),3(0)], numOfContainers=3, numOfBlocks=553
2019-06-14 13:46:30,166 INFO  commandhandler.DeleteBlocksCommandHandler (DeleteBlocksCommandHandler.java:handle(106)) - Start to delete container blocks, TXIDs=[1(0),2(0),3(0)], numOfContainers=3, numOfBlocks=553
2019-06-14 13:46:30,167 INFO  commandhandler.DeleteBlocksCommandHandler (DeleteBlocksCommandHandler.java:handle(106)) - Start to delete container blocks, TXIDs=[1(0),2(0),3(0)], numOfContainers=3, numOfBlocks=553
2019-06-14 13:46:30,168 INFO  commandhandler.DeleteBlocksCommandHandler (DeleteBlocksCommandHandler.java:handle(106)) - Start to delete container blocks, TXIDs=[1(0),2(0),3(0)], numOfContainers=3, numOfBlocks=553
2019-06-14 13:46:30,169 INFO  commandhandler.DeleteBlocksCommandHandler (DeleteBlocksCommandHandler.java:handle(106)) - Start to delete container blocks, TXIDs=[1(0),2(0),3(0)], numOfContainers=3, numOfBlocks=553
2019-06-14 13:46:30,170 INFO  commandhandler.DeleteBlocksCommandHandler (DeleteBlocksCommandHandler.java:handle(106)) - Start to delete container blocks, TXIDs=[1(0),2(0),3(0)], numOfContainers=3, numOfBlocks=553
2019-06-14 13:46:30,171 INFO  commandhandler.DeleteBlocksCommandHandler (DeleteBlocksCommandHandler.java:handle(106)) - Start to delete container blocks, TXIDs=[1(0),2(0),3(0)], numOfContainers=3, numOfBlocks=553
2019-06-14 13:46:30,172 INFO  commandhandler.DeleteBlocksCommandHandler (DeleteBlocksCommandHandler.java:handle(106)) - Start to delete container blocks, TXIDs=[1(0),2(0),3(0)], numOfContainers=3, numOfBlocks=553
2019-06-14 13:46:30,173 INFO  commandhandler.DeleteBlocksCommandHandler (DeleteBlocksCommandHandler.java:handle(106)) - Start to delete container blocks, TXIDs=[1(0),2(0),3(0)], numOfContainers=3, numOfBlocks=553
2019-06-14 13:46:30,174 INFO  commandhandler.DeleteBlocksCommandHandler (DeleteBlocksCommandHandler.java:handle(106)) - Start to delete container blocks, TXIDs=[1(0),2(0),3(0)], numOfContainers=3, numOfBlocks=553
2019-06-14 13:46:30,175 INFO  commandhandler.DeleteBlocksCommandHandler (DeleteBlocksCommandHandler.java:handle(106)) - Start to delete container blocks, TXIDs=[1(0),2(0),3(0)], numOfContainers=3, numOfBlocks=553
2019-06-14 13:46:30,176 INFO  commandhandler.DeleteBlocksCommandHandler (DeleteBlocksCommandHandler.java:handle(106)) - Start to delete container blocks, TXIDs=[1(0),2(0),3(0)], numOfContainers=3, numOfBlocks=553
2019-06-14 13:46:30,177 INFO  commandhandler.DeleteBlocksCommandHandler (DeleteBlocksCommandHandler.java:handle(106)) - Start to delete container blocks, TXIDs=[1(0),2(0),3(0)], numOfContainers=3, numOfBlocks=553
2019-06-14 13:46:30,178 INFO  commandhandler.DeleteBlocksCommandHandler (DeleteBlocksCommandHandler.java:handle(106)) - Start to delete container blocks, TXIDs=[1(0),2(0),3(0)], numOfContainers=3, numOfBlocks=553
2019-06-14 13:46:30,179 INFO  commandhandler.DeleteBlocksCommandHandler (DeleteBlocksCommandHandler.java:handle(106)) - Start to delete container blocks, TXIDs=[1(0),2(0),3(0)], numOfContainers=3, numOfBlocks=553
2019-06-14 13:46:30,181 INFO  commandhandler.DeleteBlocksCommandHandler (DeleteBlocksCommandHandler.java:handle(106)) - Start to delete container blocks, TXIDs=[1(0),2(0),3(0)], numOfContainers=3, numOfBlocks=553
2019-06-14 13:46:30,182 INFO  commandhandler.DeleteBlocksCommandHandler (DeleteBlocksCommandHandler.java:handle(106)) - Start to delete container blocks, TXIDs=[1(0),2(0),3(0)], numOfContainers=3, numOfBlocks=553
2019-06-14 13:46:30,183 INFO  commandhandler.DeleteBlocksCommandHandler (DeleteBlocksCommandHandler.java:handle(106)) - Start to delete container blocks, TXIDs=[1(0),2(0),3(0)], numOfContainers=3, numOfBlocks=553
2019-06-14 13:46:30,184 INFO  commandhandler.DeleteBlocksCommandHandler (DeleteBlocksCommandHandler.java:handle(106)) - Start to delete container blocks, TXIDs=[1(0),2(0),3(0)], numOfContainers=3, numOfBlocks=553
2019-06-14 13:46:30,185 INFO  commandhandler.DeleteBlocksCommandHandler (DeleteBlocksCommandHandler.java:handle(106)) - Start to delete container blocks, TXIDs=[1(0),2(0),3(0)], numOfContainers=3, numOfBlocks=553
2019-06-14 13:46:30,186 INFO  commandhandler.DeleteBlocksCommandHandler (DeleteBlocksCommandHandler.java:handle(106)) - Start to delete container blocks, TXIDs=[1(0),2(0),3(0)], numOfContainers=3, numOfBlocks=553
2019-06-14 13:46:30,187 INFO  commandhandler.DeleteBlocksCommandHandler (DeleteBlocksCommandHandler.java:handle(106)) - Start to delete container blocks, TXIDs=[1(0),2(0),3(0)], numOfContainers=3, numOfBlocks=553
2019-06-14 13:46:30,188 INFO  commandhandler.DeleteBlocksCommandHandler (DeleteBlocksCommandHandler.java:handle(106)) - Start to delete container blocks, TXIDs=[1(0),2(0),3(0)], numOfContainers=3, numOfBlocks=553
2019-06-14 13:46:30,189 INFO  commandhandler.DeleteBlocksCommandHandler (DeleteBlocksCommandHandler.java:handle(106)) - Start to delete container blocks, TXIDs=[1(0),2(0),3(0)], numOfContainers=3, numOfBlocks=553
2019-06-14 13:46:30,190 INFO  commandhandler.DeleteBlocksCommandHandler (DeleteBlocksCommandHandler.java:handle(106)) - Start to delete container blocks, TXIDs=[1(0),2(0),3(0)], numOfContainers=3, numOfBlocks=553
2019-06-14 13:46:30,191 INFO  commandhandler.DeleteBlocksCommandHandler (DeleteBlocksCommandHandler.java:handle(106)) - Start to delete container blocks, TXIDs=[1(0),2(0),3(0)], numOfContainers=3, numOfBlocks=553
2019-06-14 13:46:30,192 INFO  commandhandler.DeleteBlocksCommandHandler (DeleteBlocksCommandHandler.java:handle(106)) - Start to delete container blocks, TXIDs=[1(0),2(0),3(0)], numOfContainers=3, numOfBlocks=553
2019-06-14 13:46:30,193 INFO  commandhandler.DeleteBlocksCommandHandler (DeleteBlocksCommandHandler.java:handle(106)) - Start to delete container blocks, TXIDs=[1(0),2(0),3(0)], numOfContainers=3, numOfBlocks=553
2019-06-14 13:46:30,194 INFO  commandhandler.DeleteBlocksCommandHandler (DeleteBlocksCommandHandler.java:handle(106)) - Start to delete container blocks, TXIDs=[1(0),2(0),3(0)], numOfContainers=3, numOfBlocks=553
2019-06-14 13:46:30,195 INFO  commands.RetriableDatanodeEventWatcher (RetriableDatanodeEventWatcher.java:onTimeout(47)) - RetriableDatanodeCommand type=deleteBlocksCommand with id=1560519979155 timed out. Retrying.
2019-06-14 13:46:30,195 INFO  commandhandler.DeleteBlocksCommandHandler (DeleteBlocksCommandHandler.java:handle(106)) - Start to delete container blocks, TXIDs=[1(0),2(0),3(0)], numOfContainers=3, numOfBlocks=553
2019-06-14 13:46:30,196 INFO  commandhandler.DeleteBlocksCommandHandler (DeleteBlocksCommandHandler.java:handle(106)) - Start to delete container blocks, TXIDs=[1(0),2(0),3(0)], numOfContainers=3, numOfBlocks=553
2019-06-14 13:46:30,197 INFO  commandhandler.DeleteBlocksCommandHandler (DeleteBlocksCommandHandler.java:handle(106)) - Start to delete container blocks, TXIDs=[1(0),2(0),3(0)], numOfContainers=3, numOfBlocks=553
2019-06-14 13:46:30,198 INFO  commandhandler.DeleteBlocksCommandHandler (DeleteBlocksCommandHandler.java:handle(106)) - Start to delete container blocks, TXIDs=[1(0),2(0),3(0)], numOfContainers=3, numOfBlocks=553
2019-06-14 13:46:30,199 INFO  commandhandler.DeleteBlocksCommandHandler (DeleteBlocksCommandHandler.java:handle(106)) - Start to delete container blocks, TXIDs=[1(0),2(0),3(0)], numOfContainers=3, numOfBlocks=553
2019-06-14 13:46:30,200 INFO  commandhandler.DeleteBlocksCommandHandler (DeleteBlocksCommandHandler.java:handle(106)) - Start to delete container blocks, TXIDs=[1(0),2(0),3(0)], numOfContainers=3, numOfBlocks=553
2019-06-14 13:46:30,201 INFO  commandhandler.DeleteBlocksCommandHandler (DeleteBlocksCommandHandler.java:handle(106)) - Start to delete container blocks, TXIDs=[1(0),2(0),3(0)], numOfContainers=3, numOfBlocks=553
2019-06-14 13:46:30,202 INFO  commands.RetriableDatanodeEventWatcher (RetriableDatanodeEventWatcher.java:onTimeout(47)) - RetriableDatanodeCommand type=deleteBlocksCommand with id=1560519979165 timed out. Retrying.
2019-06-14 13:46:30,202 INFO  commandhandler.DeleteBlocksCommandHandler (DeleteBlocksCommandHandler.java:handle(106)) - Start to delete container blocks, TXIDs=[1(0),2(0),3(0)], numOfContainers=3, numOfBlocks=553
2019-06-14 13:46:30,203 INFO  commandhandler.DeleteBlocksCommandHandler (DeleteBlocksCommandHandler.java:handle(106)) - Start to delete container blocks, TXIDs=[1(0),2(0),3(0)], numOfContainers=3, numOfBlocks=553
2019-06-14 13:46:30,204 INFO  commandhandler.DeleteBlocksCommandHandler (DeleteBlocksCommandHandler.java:handle(106)) - Start to delete container blocks, TXIDs=[1(0),2(0),3(0)], numOfContainers=3, numOfBlocks=553
2019-06-14 13:46:30,205 INFO  commandhandler.DeleteBlocksCommandHandler (DeleteBlocksCommandHandler.java:handle(106)) - Start to delete container blocks, TXIDs=[1(0),2(0),3(0)], numOfContainers=3, numOfBlocks=553
2019-06-14 13:46:30,206 INFO  commandhandler.DeleteBlocksCommandHandler (DeleteBlocksCommandHandler.java:handle(106)) - Start to delete container blocks, TXIDs=[1(0),2(0),3(0)], numOfContainers=3, numOfBlocks=553
2019-06-14 13:46:30,207 INFO  commandhandler.DeleteBlocksCommandHandler (DeleteBlocksCommandHandler.java:handle(106)) - Start to delete container blocks, TXIDs=[1(0),2(0),3(0)], numOfContainers=3, numOfBlocks=553
2019-06-14 13:46:30,208 INFO  commandhandler.DeleteBlocksCommandHandler (DeleteBlocksCommandHandler.java:handle(106)) - Start to delete container blocks, TXIDs=[1(0),2(0),3(0)], numOfContainers=3, numOfBlocks=553
2019-06-14 13:46:30,209 INFO  commandhandler.DeleteBlocksCommandHandler (DeleteBlocksCommandHandler.java:handle(106)) - Start to delete container blocks, TXIDs=[1(0),2(0),3(0)], numOfContainers=3, numOfBlocks=553
2019-06-14 13:46:30,209 INFO  commands.RetriableDatanodeEventWatcher (RetriableDatanodeEventWatcher.java:onTimeout(47)) - RetriableDatanodeCommand type=deleteBlocksCommand with id=1560519979175 timed out. Retrying.
2019-06-14 13:46:30,210 INFO  commandhandler.DeleteBlocksCommandHandler (DeleteBlocksCommandHandler.java:handle(106)) - Start to delete container blocks, TXIDs=[1(0),2(0),3(0)], numOfContainers=3, numOfBlocks=553
2019-06-14 13:46:30,211 INFO  commandhandler.DeleteBlocksCommandHandler (DeleteBlocksCommandHandler.java:handle(106)) - Start to delete container blocks, TXIDs=[1(0),2(0),3(0)], numOfContainers=3, numOfBlocks=553
2019-06-14 13:46:30,212 INFO  commandhandler.DeleteBlocksCommandHandler (DeleteBlocksCommandHandler.java:handle(106)) - Start to delete container blocks, TXIDs=[1(0),2(0),3(0)], numOfContainers=3, numOfBlocks=553
2019-06-14 13:46:30,213 INFO  commandhandler.DeleteBlocksCommandHandler (DeleteBlocksCommandHandler.java:handle(106)) - Start to delete container blocks, TXIDs=[1(0),2(0),3(0)], numOfContainers=3, numOfBlocks=553
2019-06-14 13:46:30,214 INFO  commandhandler.DeleteBlocksCommandHandler (DeleteBlocksCommandHandler.java:handle(106)) - Start to delete container blocks, TXIDs=[1(0),2(0),3(0)], numOfContainers=3, numOfBlocks=553
2019-06-14 13:46:30,215 INFO  commandhandler.DeleteBlocksCommandHandler (DeleteBlocksCommandHandler.java:handle(106)) - Start to delete container blocks, TXIDs=[1(0),2(0),3(0)], numOfContainers=3, numOfBlocks=553
2019-06-14 13:46:30,216 INFO  commandhandler.DeleteBlocksCommandHandler (DeleteBlocksCommandHandler.java:handle(106)) - Start to delete container blocks, TXIDs=[1(0),2(0),3(0)], numOfContainers=3, numOfBlocks=553
2019-06-14 13:46:30,217 INFO  commandhandler.DeleteBlocksCommandHandler (DeleteBlocksCommandHandler.java:handle(106)) - Start to delete container blocks, TXIDs=[1(0),2(0),3(0)], numOfContainers=3, numOfBlocks=553
2019-06-14 13:46:30,218 INFO  commandhandler.DeleteBlocksCommandHandler (DeleteBlocksCommandHandler.java:handle(106)) - Start to delete container blocks, TXIDs=[1(0),2(0),3(0)], numOfContainers=3, numOfBlocks=553
2019-06-14 13:46:30,219 INFO  commandhandler.DeleteBlocksCommandHandler (DeleteBlocksCommandHandler.java:handle(106)) - Start to delete container blocks, TXIDs=[1(0),2(0),3(0)], numOfContainers=3, numOfBlocks=553
2019-06-14 13:46:30,220 INFO  commandhandler.DeleteBlocksCommandHandler (DeleteBlocksCommandHandler.java:handle(106)) - Start to delete container blocks, TXIDs=[1(0),2(0),3(0)], numOfContainers=3, numOfBlocks=553
2019-06-14 13:46:30,221 INFO  commandhandler.DeleteBlocksCommandHandler (DeleteBlocksCommandHandler.java:handle(106)) - Start to delete container blocks, TXIDs=[1(0),2(0),3(0)], numOfContainers=3, numOfBlocks=553
2019-06-14 13:46:30,222 INFO  commandhandler.DeleteBlocksCommandHandler (DeleteBlocksCommandHandler.java:handle(106)) - Start to delete container blocks, TXIDs=[1(0),2(0),3(0)], numOfContainers=3, numOfBlocks=553
2019-06-14 13:46:30,223 INFO  commandhandler.DeleteBlocksCommandHandler (DeleteBlocksCommandHandler.java:handle(106)) - Start to delete container blocks, TXIDs=[1(0),2(0),3(0)], numOfContainers=3, numOfBlocks=553
2019-06-14 13:46:30,224 INFO  commandhandler.DeleteBlocksCommandHandler (DeleteBlocksCommandHandler.java:handle(106)) - Start to delete container blocks, TXIDs=[1(0),2(0),3(0)], numOfContainers=3, numOfBlocks=553
2019-06-14 13:46:30,225 INFO  commandhandler.DeleteBlocksCommandHandler (DeleteBlocksCommandHandler.java:handle(106)) - Start to delete container blocks, TXIDs=[1(0),2(0),3(0)], numOfContainers=3, numOfBlocks=553
2019-06-14 13:46:30,226 INFO  commandhandler.DeleteBlocksCommandHandler (DeleteBlocksCommandHandler.java:handle(106)) - Start to delete container blocks, TXIDs=[1(0),2(0),3(0)], numOfContainers=3, numOfBlocks=553
2019-06-14 13:46:30,227 INFO  commandhandler.DeleteBlocksCommandHandler (DeleteBlocksCommandHandler.java:handle(106)) - Start to delete container blocks, TXIDs=[1(0),2(0),3(0)], numOfContainers=3, numOfBlocks=553
2019-06-14 13:46:30,227 INFO  commandhandler.DeleteBlocksCommandHandler (DeleteBlocksCommandHandler.java:handle(106)) - Start to delete container blocks, TXIDs=[1(0),2(0),3(0)], numOfContainers=3, numOfBlocks=553
2019-06-14 13:46:30,228 INFO  commandhandler.DeleteBlocksCommandHandler (DeleteBlocksCommandHandler.java:handle(106)) - Start to delete container blocks, TXIDs=[1(0),2(0),3(0)], numOfContainers=3, numOfBlocks=553
2019-06-14 13:46:30,229 INFO  commandhandler.DeleteBlocksCommandHandler (DeleteBlocksCommandHandler.java:handle(106)) - Start to delete container blocks, TXIDs=[1(0),2(0),3(0)], numOfContainers=3, numOfBlocks=553
2019-06-14 13:46:30,230 INFO  commandhandler.DeleteBlocksCommandHandler (DeleteBlocksCommandHandler.java:handle(106)) - Start to delete container blocks, TXIDs=[1(0),2(0),3(0)], numOfContainers=3, numOfBlocks=553
2019-06-14 13:46:30,231 INFO  commandhandler.DeleteBlocksCommandHandler (DeleteBlocksCommandHandler.java:handle(106)) - Start to delete container blocks, TXIDs=[1(0),2(0),3(0)], numOfContainers=3, numOfBlocks=553
2019-06-14 13:46:30,232 INFO  commandhandler.DeleteBlocksCommandHandler (DeleteBlocksCommandHandler.java:handle(106)) - Start to delete container blocks, TXIDs=[1(0),2(0),3(0)], numOfContainers=3, numOfBlocks=553
2019-06-14 13:46:30,233 INFO  commands.RetriableDatanodeEventWatcher (RetriableDatanodeEventWatcher.java:onTimeout(47)) - RetriableDatanodeCommand type=deleteBlocksCommand with id=1560519979185 timed out. Retrying.
2019-06-14 13:46:30,233 INFO  commandhandler.DeleteBlocksCommandHandler (DeleteBlocksCommandHandler.java:handle(106)) - Start to delete container blocks, TXIDs=[1(0),2(0),3(0)], numOfContainers=3, numOfBlocks=553
2019-06-14 13:46:30,234 INFO  commandhandler.DeleteBlocksCommandHandler (DeleteBlocksCommandHandler.java:handle(106)) - Start to delete container blocks, TXIDs=[1(0),2(0),3(0)], numOfContainers=3, numOfBlocks=553
2019-06-14 13:46:30,235 WARN  block.DeletedBlockLogImpl (DeletedBlockLogImpl.java:incrementCount(141)) - Deleted TXID not found.
2019-06-14 13:46:30,235 WARN  events.EventWatcher (EventWatcher.java:lambda$start$0(110)) - Completion event without active lease. Id=1560519979152
2019-06-14 13:46:30,235 WARN  events.EventWatcher (EventWatcher.java:lambda$start$0(110)) - Completion event without active lease. Id=1560519979153
2019-06-14 13:46:30,235 WARN  block.DeletedBlockLogImpl (DeletedBlockLogImpl.java:incrementCount(141)) - Deleted TXID not found.
2019-06-14 13:46:30,236 WARN  block.DeletedBlockLogImpl (DeletedBlockLogImpl.java:incrementCount(141)) - Deleted TXID not found.
2019-06-14 13:46:30,236 DEBUG block.DeletedBlockLogImpl (DeletedBlockLogImpl.java:isTransactionFailed(245)) - Got block deletion ACK from datanode, TXIDs=1, success=true
2019-06-14 13:46:30,235 WARN  events.EventWatcher (EventWatcher.java:lambda$start$0(110)) - Completion event without active lease. Id=1560519979142
2019-06-14 13:46:30,236 WARN  block.DeletedBlockLogImpl (DeleteBlocksCommandHandler.java:handle(106)) - Start to delete container blocks, TXIDs=[1(0),2(0),3(0)], numOfContainers=3, numOfBlocks=553
DeletedBlockLogImpl.java:commitTransactions(205)) - Transaction txId=1 commit by dnId=0c156e3c-57cc-425b-90ef-9bcaa62a7535 for containerID=#1 failed. Corresponding entry not found.
2019-06-14 13:46:30,236 INFO  commandhandler.DeleteBlocksCommandHandler (DeleteBlocksCommandHandler.java:handle(106)) - Start to delete container blocks, TXIDs=[1(0),2(0),3(0)], numOfContainers=3, numOfBlocks=553
2019-06-14 13:46:30,236 WARN  block.DeletedBlockLogImpl (DeletedBlockLogImpl.java:incrementCount(141)) - Deleted TXID not found.
2019-06-14 13:46:30,236 WARN  block.DeletedBlockLogImpl (DeletedBlockLogImpl.java:incrementCount(141)) - Deleted TXID not found.
2019-06-14 13:46:30,236 WARN  block.DeletedBlockLogImpl (DeletedBlockLogImpl.java:incrementCount(141)) - Deleted TXID not found.
2019-06-14 13:46:30,236 DEBUG block.DeletedBlockLogImpl (DeletedBlockLogImpl.java:isTransactionFailed(245)) - Got block deletion ACK from datanode, TXIDs=1, success=true
2019-06-14 13:46:30,236 WARN  events.EventWatcher (EventWatcher.java:lambda$start$0(110)) - Completion event without active lease. Id=1560519979143
2019-06-14 13:46:30,236 WARN  block.DeletedBlockLogImpl (DeletedBlockLogImpl.java:commitTransactions(205)) - Transaction txId=1 commit by dnId=0c156e3c-57cc-425b-90ef-9bcaa62a7535 for containerID=#1 failed. Corresponding entry not found.
2019-06-14 13:46:30,236 WARN  block.DeletedBlockLogImpl (DeletedBlockLogImpl.java:incrementCount(141)) - Deleted TXID not found.
2019-06-14 13:46:30,237 WARN  block.DeletedBlockLogImpl (DeletedBlockLogImpl.java:incrementCount(141)) - Deleted TXID not found.
2019-06-14 13:46:30,237 WARN  block.DeletedBlockLogImpl (DeletedBlockLogImpl.java:incrementCount(141)) - Deleted TXID not found.
2019-06-14 13:46:30,237 DEBUG block.DeletedBlockLogImpl (DeletedBlockLogImpl.java:isTransactionFailed(245)) - Got block deletion ACK from datanode, TXIDs=1, success=true
2019-06-14 13:46:30,237 INFO  commandhandler.DeleteBlocksCommandHandler (DeletedBlockLogImpl.java:commitTransactions(205)) - Transaction txId=1 commit by dnId=0c156e3c-57cc-425b-90ef-9bcaa62a7535 for containerID=#1 failed. Corresponding entry not found.
2019-06-14 13:46:30,237 INFO  commandhandler.DeleteBlocksCommandHandler (DeleteBlocksCommandHandler.java:handle(106)) - Start to delete container blocks, TXIDs=[1(0),2(0),3(0)], numOfContainers=3, numOfBlocks=553
2019-06-14 13:46:30,237 DEBUG block.DeletedBlockLogImpl (DeletedBlockLogImpl.java:isTransactionFailed(245)) - Got block deletion ACK from datanode, TXIDs=1, success=true
2019-06-14 13:46:30,237 WARN  block.DeletedBlockLogImpl (DeletedBlockLogImpl.java:commitTransactions(205)) - Transaction txId=1 commit by dnId=0c156e3c-57cc-425b-90ef-9bcaa62a7535 for containerID=#1 failed. Corresponding entry not found.
2019-06-14 13:46:30,237 WARN  block.DeletedBlockLogImpl (DeletedBlockLogImpl.java:incrementCount(141)) - Deleted TXID not found.
2019-06-14 13:46:30,237 WARN  block.DeletedBlockLogImpl (DeletedBlockLogImpl.java:incrementCount(141)) - Deleted TXID not found.
2019-06-14 13:46:30,237 WARN  block.DeletedBlockLogImpl (DeletedBlockLogImpl.java:incrementCount(141)) - Deleted TXID not found.
2019-06-14 13:46:30,237 DEBUG block.DeletedBlockLogImpl (DeletedBlockLogImpl.java:isTransactionFailed(245)) - Got block deletion ACK from datanode, TXIDs=1, success=true
2019-06-14 13:46:30,237 WARN  block.DeletedBlockLogImpl (DeletedBlockLogImpl.java:commitTransactions(205)) - Transaction txId=1 commit by dnId=0c156e3c-57cc-425b-90ef-9bcaa62a7535 for containerID=#1 failed. Corresponding entry not found.
2019-06-14 13:46:30,237 DEBUG block.DeletedBlockLogImpl (DeletedBlockLogImpl.java:isTransactionFailed(245)) - Got block deletion ACK from datanode, TXIDs=1, success=true
2019-06-14 13:46:30,238 WARN  block.DeletedBlockLogImpl (DeletedBlockLogImpl.java:commitTransactions(205)) - Transaction txId=1 commit by dnId=0c156e3c-57cc-425b-90ef-9bcaa62a7535 for containerID=#1 failed. Corresponding entry not found.
2019-06-14 13:46:30,238 DEBUG block.DeletedBlockLogImpl (DeletedBlockLogImpl.java:isTransactionFailed(245)) - Got block deletion ACK from datanode, TXIDs=1, success=true
2019-06-14 13:46:30,238 INFO  commandhandler.DeleteBlocksCommandHandler (DeletedBlockLogImpl.java:commitTransactions(205)) - Transaction txId=1 commit by dnId=0c156e3c-57cc-425b-90ef-9bcaa62a7535 for containerID=#1 failed. Corresponding entry not found.
2019-06-14 13:46:30,238 INFO  commandhandler.DeleteBlocksCommandHandler (DeleteBlocksCommandHandler.java:handle(106)) - Start to delete container blocks, TXIDs=[1(0),2(0),3(0)], numOfContainers=3, numOfBlocks=553
2019-06-14 13:46:30,238 DEBUG block.DeletedBlockLogImpl (DeletedBlockLogImpl.java:isTransactionFailed(245)) - Got block deletion ACK from datanode, TXIDs=1, success=true
2019-06-14 13:46:30,238 WARN  block.DeletedBlockLogImpl (DeletedBlockLogImpl.java:commitTransactions(205)) - Transaction txId=1 commit by dnId=0c156e3c-57cc-425b-90ef-9bcaa62a7535 for containerID=#1 failed. Corresponding entry not found.
2019-06-14 13:46:30,238 DEBUG block.DeletedBlockLogImpl (DeletedBlockLogImpl.java:isTransactionFailed(245)) - Got block deletion ACK from datanode, TXIDs=1, success=true
2019-06-14 13:46:30,238 WARN  block.DeletedBlockLogImpl (DeletedBlockLogImpl.java:commitTransactions(205)) - Transaction txId=1 commit by dnId=0c156e3c-57cc-425b-90ef-9bcaa62a7535 for containerID=#1 failed. Corresponding entry not found.
2019-06-14 13:46:30,238 DEBUG block.DeletedBlockLogImpl (DeletedBlockLogImpl.java:isTransactionFailed(245)) - Got block deletion ACK from datanode, TXIDs=1, success=true
2019-06-14 13:46:30,238 WARN  block.DeletedBlockLogImpl (DeletedBlockLogImpl.java:commitTransactions(205)) - Transaction txId=1 commit by dnId=0c156e3c-57cc-425b-90ef-9bcaa62a7535 for containerID=#1 failed. Corresponding entry not found.
2019-06-14 13:46:30,238 DEBUG block.DeletedBlockLogImpl (DeletedBlockLogImpl.java:isTransactionFailed(245)) - Got block deletion ACK from datanode, TXIDs=1, success=true
2019-06-14 13:46:30,238 WARN  block.DeletedBlockLogImpl (DeletedBlockLogImpl.java:commitTransactions(205)) - Transaction txId=1 commit by dnId=0c156e3c-57cc-425b-90ef-9bcaa62a7535 for containerID=#1 failed. Corresponding entry not found.
2019-06-14 13:46:30,238 DEBUG block.DeletedBlockLogImpl (DeletedBlockLogImpl.java:isTransactionFailed(245)) - Got block deletion ACK from datanode, TXIDs=1, success=true
2019-06-14 13:46:30,238 WARN  block.DeletedBlockLogImpl (DeletedBlockLogImpl.java:commitTransactions(205)) - Transaction txId=1 commit by dnId=0c156e3c-57cc-425b-90ef-9bcaa62a7535 for containerID=#1 failed. Corresponding entry not found.
2019-06-14 13:46:30,239 DEBUG block.DeletedBlockLogImpl (DeletedBlockLogImpl.java:isTransactionFailed(245)) - Got block deletion ACK from datanode, TXIDs=1, success=true
2019-06-14 13:46:30,239 WARN  block.DeletedBlockLogImpl (DeletedBlockLogImpl.java:commitTransactions(205)) - Transaction txId=1 commit by dnId=0c156e3c-57cc-425b-90ef-9bcaa62a7535 for containerID=#1 failed. Corresponding entry not found.
2019-06-14 13:46:30,239 INFO  commandhandler.DeleteBlocksCommandHandler (DeletedBlockLogImpl.java:isTransactionFailed(245)) - Got block deletion ACK from datanode, TXIDs=1, success=true
2019-06-14 13:46:30,239 WARN  block.DeletedBlockLogImpl (DeleteBlocksCommandHandler.java:handle(106)) - Start to delete container blocks, TXIDs=[1(0),2(0),3(0)], numOfContainers=3, numOfBlocks=553
DeletedBlockLogImpl.java:commitTransactions(205)) - Transaction txId=1 commit by dnId=0c156e3c-57cc-425b-90ef-9bcaa62a7535 for containerID=#1 failed. Corresponding entry not found.
2019-06-14 13:46:30,239 WARN  block.DeletedBlockLogImpl (DeletedBlockLogImpl.java:incrementCount(141)) - Deleted TXID not found.
2019-06-14 13:46:30,239 INFO  commandhandler.DeleteBlocksCommandHandler (DeleteBlocksCommandHandler.java:handle(106)) - Start to delete container blocks, TXIDs=[1(0),2(0),3(0)], numOfContainers=3, numOfBlocks=553
2019-06-14 13:46:30,239 WARN  block.DeletedBlockLogImpl (DeletedBlockLogImpl.java:incrementCount(141)) - Deleted TXID not found.
2019-06-14 13:46:30,239 WARN  block.DeletedBlockLogImpl (DeletedBlockLogImpl.java:incrementCount(141)) - Deleted TXID not found.
2019-06-14 13:46:30,239 DEBUG block.DeletedBlockLogImpl (DeletedBlockLogImpl.java:isTransactionFailed(245)) - Got block deletion ACK from datanode, TXIDs=1, success=true
2019-06-14 13:46:30,239 WARN  block.DeletedBlockLogImpl (DeletedBlockLogImpl.java:commitTransactions(205)) - Transaction txId=1 commit by dnId=0c156e3c-57cc-425b-90ef-9bcaa62a7535 for containerID=#1 failed. Corresponding entry not found.
2019-06-14 13:46:30,239 DEBUG block.DeletedBlockLogImpl (DeletedBlockLogImpl.java:isTransactionFailed(245)) - Got block deletion ACK from datanode, TXIDs=1, success=true
2019-06-14 13:46:30,239 WARN  block.DeletedBlockLogImpl (DeletedBlockLogImpl.java:commitTransactions(205)) - Transaction txId=1 commit by dnId=0c156e3c-57cc-425b-90ef-9bcaa62a7535 for containerID=#1 failed. Corresponding entry not found.
2019-06-14 13:46:30,240 DEBUG block.DeletedBlockLogImpl (DeletedBlockLogImpl.java:isTransactionFailed(245)) - Got block deletion ACK from datanode, TXIDs=1, success=true
2019-06-14 13:46:30,240 WARN  block.DeletedBlockLogImpl (DeletedBlockLogImpl.java:commitTransactions(205)) - Transaction txId=1 commit by dnId=0c156e3c-57cc-425b-90ef-9bcaa62a7535 for containerID=#1 failed. Corresponding entry not found.
2019-06-14 13:46:30,240 DEBUG block.DeletedBlockLogImpl (DeletedBlockLogImpl.java:isTransactionFailed(245)) - Got block deletion ACK from datanode, TXIDs=1, success=true
2019-06-14 13:46:30,240 WARN  block.DeletedBlockLogImpl (DeletedBlockLogImpl.java:commitTransactions(205)) - Transaction txId=1 commit by dnId=0c156e3c-57cc-425b-90ef-9bcaa62a7535 for containerID=#1 failed. Corresponding entry not found.
2019-06-14 13:46:30,240 DEBUG block.DeletedBlockLogImpl (DeletedBlockLogImpl.java:isTransactionFailed(245)) - Got block deletion ACK from datanode, TXIDs=1, success=true
2019-06-14 13:46:30,240 WARN  block.DeletedBlockLogImpl (DeleteBlocksCommandHandler.java:handle(106)) - Start to delete container blocks, TXIDs=[1(0),2(0),3(0)], numOfContainers=3, numOfBlocks=553
DeletedBlockLogImpl.java:commitTransactions(205)) - Transaction txId=1 commit by dnId=0c156e3c-57cc-425b-90ef-9bcaa62a7535 for containerID=#1 failed. Corresponding entry not found.
2019-06-14 13:46:30,240 INFO  commandhandler.DeleteBlocksCommandHandler (DeleteBlocksCommandHandler.java:handle(106)) - Start to delete container blocks, TXIDs=[1(0),2(0),3(0)], numOfContainers=3, numOfBlocks=553
2019-06-14 13:46:30,240 DEBUG block.DeletedBlockLogImpl (DeletedBlockLogImpl.java:isTransactionFailed(245)) - Got block deletion ACK from datanode, TXIDs=1, success=true
2019-06-14 13:46:30,240 WARN  block.DeletedBlockLogImpl (DeletedBlockLogImpl.java:commitTransactions(205)) - Transaction txId=1 commit by dnId=0c156e3c-57cc-425b-90ef-9bcaa62a7535 for containerID=#1 failed. Corresponding entry not found.
2019-06-14 13:46:30,240 DEBUG block.DeletedBlockLogImpl (DeletedBlockLogImpl.java:isTransactionFailed(245)) - Got block deletion ACK from datanode, TXIDs=1, success=true
2019-06-14 13:46:30,240 WARN  block.DeletedBlockLogImpl (DeletedBlockLogImpl.java:commitTransactions(205)) - Transaction txId=1 commit by dnId=0c156e3c-57cc-425b-90ef-9bcaa62a7535 for containerID=#1 failed. Corresponding entry not found.
2019-06-14 13:46:30,240 DEBUG block.DeletedBlockLogImpl (DeletedBlockLogImpl.java:isTransactionFailed(245)) - Got block deletion ACK from datanode, TXIDs=1, success=true
2019-06-14 13:46:30,240 WARN  block.DeletedBlockLogImpl (DeletedBlockLogImpl.java:commitTransactions(205)) - Transaction txId=1 commit by dnId=0c156e3c-57cc-425b-90ef-9bcaa62a7535 for containerID=#1 failed. Corresponding entry not found.
2019-06-14 13:46:30,240 WARN  block.DeletedBlockLogImpl (DeletedBlockLogImpl.java:incrementCount(141)) - Deleted TXID not found.
2019-06-14 13:46:30,241 WARN  block.DeletedBlockLogImpl (DeletedBlockLogImpl.java:incrementCount(141)) - Deleted TXID not found.
2019-06-14 13:46:30,241 WARN  block.DeletedBlockLogImpl (DeletedBlockLogImpl.java:incrementCount(141)) - Deleted TXID not found.
2019-06-14 13:46:30,241 WARN  block.DeletedBlockLogImpl (DeletedBlockLogImpl.java:incrementCount(141)) - Deleted TXID not found.
2019-06-14 13:46:30,241 WARN  block.DeletedBlockLogImpl (DeletedBlockLogImpl.java:incrementCount(141)) - Deleted TXID not found.
2019-06-14 13:46:30,241 INFO  commandhandler.DeleteBlocksCommandHandler (DeletedBlockLogImpl.java:incrementCount(141)) - Deleted TXID not found.
2019-06-14 13:46:30,241 WARN  block.DeletedBlockLogImpl (DeleteBlocksCommandHandler.java:handle(106)) - Start to delete container blocks, TXIDs=[1(0),2(0),3(0)], numOfContainers=3, numOfBlocks=553
DeletedBlockLogImpl.java:incrementCount(141)) - Deleted TXID not found.
2019-06-14 13:46:30,241 WARN  block.DeletedBlockLogImpl (DeletedBlockLogImpl.java:incrementCount(141)) - Deleted TXID not found.
2019-06-14 13:46:30,241 WARN  block.DeletedBlockLogImpl (DeletedBlockLogImpl.java:incrementCount(141)) - Deleted TXID not found.
2019-06-14 13:46:30,241 INFO  commandhandler.DeleteBlocksCommandHandler (DeleteBlocksCommandHandler.java:handle(106)) - Start to delete container blocks, TXIDs=[1(0),2(0),3(0)], numOfContainers=3, numOfBlocks=553
2019-06-14 13:46:30,242 INFO  commandhandler.DeleteBlocksCommandHandler (DeleteBlocksCommandHandler.java:handle(106)) - Start to delete container blocks, TXIDs=[1(0),2(0),3(0)], numOfContainers=3, numOfBlocks=553
2019-06-14 13:46:30,243 INFO  commandhandler.DeleteBlocksCommandHandler (DeleteBlocksCommandHandler.java:handle(106)) - Start to delete container blocks, TXIDs=[1(0),2(0),3(0)], numOfContainers=3, numOfBlocks=553
2019-06-14 13:46:30,244 INFO  commandhandler.DeleteBlocksCommandHandler (DeleteBlocksCommandHandler.java:handle(106)) - Start to delete container blocks, TXIDs=[1(0),2(0),3(0)], numOfContainers=3, numOfBlocks=553
2019-06-14 13:46:30,245 INFO  commandhandler.DeleteBlocksCommandHandler (DeleteBlocksCommandHandler.java:handle(106)) - Start to delete container blocks, TXIDs=[1(0),2(0),3(0)], numOfContainers=3, numOfBlocks=553
2019-06-14 13:46:30,246 INFO  commandhandler.DeleteBlocksCommandHandler (DeleteBlocksCommandHandler.java:handle(106)) - Start to delete container blocks, TXIDs=[1(0),2(0),3(0)], numOfContainers=3, numOfBlocks=553
2019-06-14 13:46:30,247 INFO  commandhandler.DeleteBlocksCommandHandler (DeleteBlocksCommandHandler.java:handle(106)) - Start to delete container blocks, TXIDs=[1(0),2(0),3(0)], numOfContainers=3, numOfBlocks=553
2019-06-14 13:46:30,247 DEBUG block.SCMBlockDeletingService (SCMBlockDeletingService.java:call(138)) - Running DeletedBlockTransactionScanner
2019-06-14 13:46:30,247 DEBUG block.SCMBlockDeletingService (SCMBlockDeletingService.java:call(155)) - Scanned deleted blocks log and got 0 delTX to process.
2019-06-14 13:46:30,248 INFO  commandhandler.DeleteBlocksCommandHandler (DeleteBlocksCommandHandler.java:handle(106)) - Start to delete container blocks, TXIDs=[1(0),2(0),3(0)], numOfContainers=3, numOfBlocks=553
2019-06-14 13:46:30,249 INFO  commandhandler.DeleteBlocksCommandHandler (DeleteBlocksCommandHandler.java:handle(106)) - Start to delete container blocks, TXIDs=[1(0),2(0),3(0)], numOfContainers=3, numOfBlocks=553
2019-06-14 13:46:30,249 INFO  commandhandler.DeleteBlocksCommandHandler (DeleteBlocksCommandHandler.java:handle(106)) - Start to delete container blocks, TXIDs=[1(0),2(0),3(0)], numOfContainers=3, numOfBlocks=553
2019-06-14 13:46:30,250 INFO  commandhandler.DeleteBlocksCommandHandler (DeleteBlocksCommandHandler.java:handle(106)) - Start to delete container blocks, TXIDs=[1(0),2(0),3(0)], numOfContainers=3, numOfBlocks=553
2019-06-14 13:46:30,251 INFO  commandhandler.DeleteBlocksCommandHandler (DeleteBlocksCommandHandler.java:handle(106)) - Start to delete container blocks, TXIDs=[1(0),2(0),3(0)], numOfContainers=3, numOfBlocks=553
2019-06-14 13:46:30,252 INFO  commandhandler.DeleteBlocksCommandHandler (DeleteBlocksCommandHandler.java:handle(106)) - Start to delete container blocks, TXIDs=[1(0),2(0),3(0)], numOfContainers=3, numOfBlocks=553
2019-06-14 13:46:30,253 INFO  commandhandler.DeleteBlocksCommandHandler (DeleteBlocksCommandHandler.java:handle(106)) - Start to delete container blocks, TXIDs=[1(0),2(0),3(0)], numOfContainers=3, numOfBlocks=553
2019-06-14 13:46:30,254 INFO  commandhandler.DeleteBlocksCommandHandler (DeleteBlocksCommandHandler.java:handle(106)) - Start to delete container blocks, TXIDs=[1(0),2(0),3(0)], numOfContainers=3, numOfBlocks=553
2019-06-14 13:46:30,255 INFO  commandhandler.DeleteBlocksCommandHandler (DeleteBlocksCommandHandler.java:handle(106)) - Start to delete container blocks, TXIDs=[1(0),2(0),3(0)], numOfContainers=3, numOfBlocks=553
2019-06-14 13:46:30,256 INFO  commandhandler.DeleteBlocksCommandHandler (DeleteBlocksCommandHandler.java:handle(106)) - Start to delete container blocks, TXIDs=[1(0),2(0),3(0)], numOfContainers=3, numOfBlocks=553
2019-06-14 13:46:30,257 INFO  commandhandler.DeleteBlocksCommandHandler (DeleteBlocksCommandHandler.java:handle(106)) - Start to delete container blocks, TXIDs=[1(0),2(0),3(0)], numOfContainers=3, numOfBlocks=553
2019-06-14 13:46:30,258 INFO  commandhandler.DeleteBlocksCommandHandler (DeleteBlocksCommandHandler.java:handle(106)) - Start to delete container blocks, TXIDs=[1(0),2(0),3(0)], numOfContainers=3, numOfBlocks=553
2019-06-14 13:46:30,259 INFO  commandhandler.DeleteBlocksCommandHandler (DeleteBlocksCommandHandler.java:handle(106)) - Start to delete container blocks, TXIDs=[1(0),2(0),3(0)], numOfContainers=3, numOfBlocks=553
2019-06-14 13:46:30,260 INFO  commandhandler.DeleteBlocksCommandHandler (DeleteBlocksCommandHandler.java:handle(106)) - Start to delete container blocks, TXIDs=[1(0),2(0),3(0)], numOfContainers=3, numOfBlocks=553
2019-06-14 13:46:30,261 INFO  commandhandler.DeleteBlocksCommandHandler (DeleteBlocksCommandHandler.java:handle(106)) - Start to delete container blocks, TXIDs=[1(0),2(0),3(0)], numOfContainers=3, numOfBlocks=553
2019-06-14 13:46:30,262 INFO  commandhandler.DeleteBlocksCommandHandler (DeleteBlocksCommandHandler.java:handle(106)) - Start to delete container blocks, TXIDs=[1(0),2(0),3(0)], numOfContainers=3, numOfBlocks=553
2019-06-14 13:46:30,263 INFO  commandhandler.DeleteBlocksCommandHandler (DeleteBlocksCommandHandler.java:handle(106)) - Start to delete container blocks, TXIDs=[1(0),2(0),3(0)], numOfContainers=3, numOfBlocks=553
2019-06-14 13:46:30,264 INFO  commandhandler.DeleteBlocksCommandHandler (DeleteBlocksCommandHandler.java:handle(106)) - Start to delete container blocks, TXIDs=[1(0),2(0),3(0)], numOfContainers=3, numOfBlocks=553
2019-06-14 13:46:30,265 INFO  commandhandler.DeleteBlocksCommandHandler (DeleteBlocksCommandHandler.java:handle(106)) - Start to delete container blocks, TXIDs=[1(0),2(0),3(0)], numOfContainers=3, numOfBlocks=553
2019-06-14 13:46:30,266 INFO  commandhandler.DeleteBlocksCommandHandler (DeleteBlocksCommandHandler.java:handle(106)) - Start to delete container blocks, TXIDs=[1(0),2(0),3(0)], numOfContainers=3, numOfBlocks=553
2019-06-14 13:46:30,267 INFO  commandhandler.DeleteBlocksCommandHandler (DeleteBlocksCommandHandler.java:handle(106)) - Start to delete container blocks, TXIDs=[1(0),2(0),3(0)], numOfContainers=3, numOfBlocks=553
2019-06-14 13:46:30,267 INFO  commandhandler.DeleteBlocksCommandHandler (DeleteBlocksCommandHandler.java:handle(106)) - Start to delete container blocks, TXIDs=[1(0),2(0),3(0)], numOfContainers=3, numOfBlocks=553
2019-06-14 13:46:30,268 INFO  commandhandler.DeleteBlocksCommandHandler (DeleteBlocksCommandHandler.java:handle(106)) - Start to delete container blocks, TXIDs=[1(0),2(0),3(0)], numOfContainers=3, numOfBlocks=553
2019-06-14 13:46:30,269 INFO  commandhandler.DeleteBlocksCommandHandler (DeleteBlocksCommandHandler.java:handle(106)) - Start to delete container blocks, TXIDs=[1(0),2(0),3(0)], numOfContainers=3, numOfBlocks=553
2019-06-14 13:46:30,270 INFO  commandhandler.DeleteBlocksCommandHandler (DeleteBlocksCommandHandler.java:handle(106)) - Start to delete container blocks, TXIDs=[1(0),2(0),3(0)], numOfContainers=3, numOfBlocks=553
2019-06-14 13:46:30,271 INFO  commandhandler.DeleteBlocksCommandHandler (DeleteBlocksCommandHandler.java:handle(106)) - Start to delete container blocks, TXIDs=[1(0),2(0),3(0)], numOfContainers=3, numOfBlocks=553
2019-06-14 13:46:30,272 INFO  commandhandler.DeleteBlocksCommandHandler (DeleteBlocksCommandHandler.java:handle(106)) - Start to delete container blocks, TXIDs=[1(0),2(0),3(0)], numOfContainers=3, numOfBlocks=553
2019-06-14 13:46:30,273 INFO  commandhandler.DeleteBlocksCommandHandler (DeleteBlocksCommandHandler.java:handle(106)) - Start to delete container blocks, TXIDs=[1(0),2(0),3(0)], numOfContainers=3, numOfBlocks=553
2019-06-14 13:46:30,274 INFO  commandhandler.DeleteBlocksCommandHandler (DeleteBlocksCommandHandler.java:handle(106)) - Start to delete container blocks, TXIDs=[1(0),2(0),3(0)], numOfContainers=3, numOfBlocks=553
2019-06-14 13:46:30,275 INFO  commandhandler.DeleteBlocksCommandHandler (DeleteBlocksCommandHandler.java:handle(106)) - Start to delete container blocks, TXIDs=[1(0),2(0),3(0)], numOfContainers=3, numOfBlocks=553
2019-06-14 13:46:30,276 INFO  commandhandler.DeleteBlocksCommandHandler (DeleteBlocksCommandHandler.java:handle(106)) - Start to delete container blocks, TXIDs=[1(0),2(0),3(0)], numOfContainers=3, numOfBlocks=553
2019-06-14 13:46:30,277 INFO  commandhandler.DeleteBlocksCommandHandler (DeleteBlocksCommandHandler.java:handle(106)) - Start to delete container blocks, TXIDs=[1(0),2(0),3(0)], numOfContainers=3, numOfBlocks=553
2019-06-14 13:46:30,278 INFO  commandhandler.DeleteBlocksCommandHandler (DeleteBlocksCommandHandler.java:handle(106)) - Start to delete container blocks, TXIDs=[1(0),2(0),3(0)], numOfContainers=3, numOfBlocks=553
2019-06-14 13:46:30,279 INFO  commandhandler.DeleteBlocksCommandHandler (DeleteBlocksCommandHandler.java:handle(106)) - Start to delete container blocks, TXIDs=[1(0),2(0),3(0)], numOfContainers=3, numOfBlocks=553
2019-06-14 13:46:30,280 INFO  commandhandler.DeleteBlocksCommandHandler (DeleteBlocksCommandHandler.java:handle(106)) - Start to delete container blocks, TXIDs=[1(0),2(0),3(0)], numOfContainers=3, numOfBlocks=553
2019-06-14 13:46:30,281 INFO  commandhandler.DeleteBlocksCommandHandler (DeleteBlocksCommandHandler.java:handle(106)) - Start to delete container blocks, TXIDs=[1(0),2(0),3(0)], numOfContainers=3, numOfBlocks=553
2019-06-14 13:46:30,282 INFO  commandhandler.DeleteBlocksCommandHandler (DeleteBlocksCommandHandler.java:handle(106)) - Start to delete container blocks, TXIDs=[1(0),2(0),3(0)], numOfContainers=3, numOfBlocks=553
2019-06-14 13:46:30,283 INFO  commandhandler.DeleteBlocksCommandHandler (DeleteBlocksCommandHandler.java:handle(106)) - Start to delete container blocks, TXIDs=[1(0),2(0),3(0)], numOfContainers=3, numOfBlocks=553
2019-06-14 13:46:30,284 INFO  commandhandler.DeleteBlocksCommandHandler (DeleteBlocksCommandHandler.java:handle(106)) - Start to delete container blocks, TXIDs=[1(0),2(0),3(0)], numOfContainers=3, numOfBlocks=553
2019-06-14 13:46:30,285 INFO  commandhandler.DeleteBlocksCommandHandler (DeleteBlocksCommandHandler.java:handle(106)) - Start to delete container blocks, TXIDs=[1(0),2(0),3(0)], numOfContainers=3, numOfBlocks=553
2019-06-14 13:46:30,285 INFO  commandhandler.DeleteBlocksCommandHandler (DeleteBlocksCommandHandler.java:handle(106)) - Start to delete container blocks, TXIDs=[1(0),2(0),3(0)], numOfContainers=3, numOfBlocks=553
2019-06-14 13:46:30,286 INFO  commandhandler.DeleteBlocksCommandHandler (DeleteBlocksCommandHandler.java:handle(106)) - Start to delete container blocks, TXIDs=[1(0),2(0),3(0)], numOfContainers=3, numOfBlocks=553
2019-06-14 13:46:30,287 INFO  commandhandler.DeleteBlocksCommandHandler (DeleteBlocksCommandHandler.java:handle(106)) - Start to delete container blocks, TXIDs=[1(0),2(0),3(0)], numOfContainers=3, numOfBlocks=553
2019-06-14 13:46:30,288 INFO  commandhandler.DeleteBlocksCommandHandler (DeleteBlocksCommandHandler.java:handle(106)) - Start to delete container blocks, TXIDs=[1(0),2(0),3(0)], numOfContainers=3, numOfBlocks=553
2019-06-14 13:46:30,289 INFO  commandhandler.DeleteBlocksCommandHandler (DeleteBlocksCommandHandler.java:handle(106)) - Start to delete container blocks, TXIDs=[1(1),2(1),3(1)], numOfContainers=3, numOfBlocks=553
2019-06-14 13:46:30,290 INFO  commandhandler.DeleteBlocksCommandHandler (DeleteBlocksCommandHandler.java:handle(106)) - Start to delete container blocks, TXIDs=[1(0),2(0),3(0)], numOfContainers=3, numOfBlocks=553
2019-06-14 13:46:30,291 INFO  commandhandler.DeleteBlocksCommandHandler (DeleteBlocksCommandHandler.java:handle(106)) - Start to delete container blocks, TXIDs=[1(0),2(0),3(0)], numOfContainers=3, numOfBlocks=553
2019-06-14 13:46:30,292 INFO  commandhandler.DeleteBlocksCommandHandler (DeleteBlocksCommandHandler.java:handle(106)) - Start to delete container blocks, TXIDs=[1(0),2(0),3(0)], numOfContainers=3, numOfBlocks=553
2019-06-14 13:46:30,293 INFO  commandhandler.DeleteBlocksCommandHandler (DeleteBlocksCommandHandler.java:handle(106)) - Start to delete container blocks, TXIDs=[1(0),2(0),3(0)], numOfContainers=3, numOfBlocks=553
2019-06-14 13:46:30,294 INFO  commandhandler.DeleteBlocksCommandHandler (DeleteBlocksCommandHandler.java:handle(106)) - Start to delete container blocks, TXIDs=[1(0),2(0),3(0)], numOfContainers=3, numOfBlocks=553
2019-06-14 13:46:30,295 INFO  commandhandler.DeleteBlocksCommandHandler (DeleteBlocksCommandHandler.java:handle(106)) - Start to delete container blocks, TXIDs=[1(0),2(0),3(0)], numOfContainers=3, numOfBlocks=553
2019-06-14 13:46:30,296 INFO  commandhandler.DeleteBlocksCommandHandler (DeleteBlocksCommandHandler.java:handle(106)) - Start to delete container blocks, TXIDs=[1(0),2(0),3(0)], numOfContainers=3, numOfBlocks=553
2019-06-14 13:46:30,297 INFO  commandhandler.DeleteBlocksCommandHandler (DeleteBlocksCommandHandler.java:handle(106)) - Start to delete container blocks, TXIDs=[1(0),2(0),3(0)], numOfContainers=3, numOfBlocks=553
2019-06-14 13:46:30,298 INFO  commandhandler.DeleteBlocksCommandHandler (DeleteBlocksCommandHandler.java:handle(106)) - Start to delete container blocks, TXIDs=[1(318),2(318),3(317)], numOfContainers=3, numOfBlocks=553
2019-06-14 13:46:30,299 INFO  commandhandler.DeleteBlocksCommandHandler (DeleteBlocksCommandHandler.java:handle(106)) - Start to delete container blocks, TXIDs=[1(0),2(0),3(0)], numOfContainers=3, numOfBlocks=553
2019-06-14 13:46:30,300 INFO  commandhandler.DeleteBlocksCommandHandler (DeleteBlocksCommandHandler.java:handle(106)) - Start to delete container blocks, TXIDs=[1(0),2(0),3(0)], numOfContainers=3, numOfBlocks=553
2019-06-14 13:46:30,301 INFO  commandhandler.DeleteBlocksCommandHandler (DeleteBlocksCommandHandler.java:handle(106)) - Start to delete container blocks, TXIDs=[1(0),2(0),3(0)], numOfContainers=3, numOfBlocks=553
2019-06-14 13:46:30,302 INFO  commandhandler.DeleteBlocksCommandHandler (DeleteBlocksCommandHandler.java:handle(106)) - Start to delete container blocks, TXIDs=[1(0),2(0),3(0)], numOfContainers=3, numOfBlocks=553
2019-06-14 13:46:30,303 INFO  commandhandler.DeleteBlocksCommandHandler (DeleteBlocksCommandHandler.java:handle(106)) - Start to delete container blocks, TXIDs=[1(0),2(0),3(0)], numOfContainers=3, numOfBlocks=553
2019-06-14 13:46:30,304 INFO  commandhandler.DeleteBlocksCommandHandler (DeleteBlocksCommandHandler.java:handle(106)) - Start to delete container blocks, TXIDs=[1(0),2(0),3(0)], numOfContainers=3, numOfBlocks=553
2019-06-14 13:46:30,305 INFO  commandhandler.DeleteBlocksCommandHandler (DeleteBlocksCommandHandler.java:handle(106)) - Start to delete container blocks, TXIDs=[1(0),2(0),3(0)], numOfContainers=3, numOfBlocks=553
2019-06-14 13:46:30,306 INFO  commandhandler.DeleteBlocksCommandHandler (DeleteBlocksCommandHandler.java:handle(106)) - Start to delete container blocks, TXIDs=[1(0),2(0),3(0)], numOfContainers=3, numOfBlocks=553
2019-06-14 13:46:30,307 INFO  commandhandler.DeleteBlocksCommandHandler (DeleteBlocksCommandHandler.java:handle(106)) - Start to delete container blocks, TXIDs=[1(0),2(0),3(0)], numOfContainers=3, numOfBlocks=553
2019-06-14 13:46:30,308 INFO  commandhandler.DeleteBlocksCommandHandler (DeleteBlocksCommandHandler.java:handle(106)) - Start to delete container blocks, TXIDs=[1(0),2(0),3(0)], numOfContainers=3, numOfBlocks=553
2019-06-14 13:46:30,309 INFO  commandhandler.DeleteBlocksCommandHandler (DeleteBlocksCommandHandler.java:handle(106)) - Start to delete container blocks, TXIDs=[1(499),2(499),3(499)], numOfContainers=3, numOfBlocks=553
2019-06-14 13:46:30,310 INFO  commandhandler.DeleteBlocksCommandHandler (DeleteBlocksCommandHandler.java:handle(106)) - Start to delete container blocks, TXIDs=[1(0),2(0),3(0)], numOfContainers=3, numOfBlocks=553
2019-06-14 13:46:30,311 INFO  commandhandler.DeleteBlocksCommandHandler (DeleteBlocksCommandHandler.java:handle(106)) - Start to delete container blocks, TXIDs=[1(0),2(0),3(0)], numOfContainers=3, numOfBlocks=553
2019-06-14 13:46:30,311 INFO  commands.RetriableDatanodeEventWatcher (RetriableDatanodeEventWatcher.java:onTimeout(47)) - RetriableDatanodeCommand type=deleteBlocksCommand with id=1560519979176 timed out. Retrying.
2019-06-14 13:46:30,312 INFO  commandhandler.DeleteBlocksCommandHandler (DeleteBlocksCommandHandler.java:handle(106)) - Start to delete container blocks, TXIDs=[1(0),2(0),3(0)], numOfContainers=3, numOfBlocks=553
2019-06-14 13:46:30,313 INFO  commandhandler.DeleteBlocksCommandHandler (DeleteBlocksCommandHandler.java:handle(106)) - Start to delete container blocks, TXIDs=[1(0),2(0),3(0)], numOfContainers=3, numOfBlocks=553
2019-06-14 13:46:30,314 INFO  commandhandler.DeleteBlocksCommandHandler (DeleteBlocksCommandHandler.java:handle(106)) - Start to delete container blocks, TXIDs=[1(0),2(0),3(0)], numOfContainers=3, numOfBlocks=553
2019-06-14 13:46:30,315 INFO  commandhandler.DeleteBlocksCommandHandler (DeleteBlocksCommandHandler.java:handle(106)) - Start to delete container blocks, TXIDs=[1(0),2(0),3(0)], numOfContainers=3, numOfBlocks=553
2019-06-14 13:46:30,316 INFO  commandhandler.DeleteBlocksCommandHandler (DeleteBlocksCommandHandler.java:handle(106)) - Start to delete container blocks, TXIDs=[1(0),2(0),3(0)], numOfContainers=3, numOfBlocks=553
2019-06-14 13:46:30,316 INFO  commandhandler.DeleteBlocksCommandHandler (DeleteBlocksCommandHandler.java:handle(106)) - Start to delete container blocks, TXIDs=[1(0),2(0),3(0)], numOfContainers=3, numOfBlocks=553
2019-06-14 13:46:30,317 INFO  commandhandler.DeleteBlocksCommandHandler (DeleteBlocksCommandHandler.java:handle(106)) - Start to delete container blocks, TXIDs=[1(0),2(0),3(0)], numOfContainers=3, numOfBlocks=553
2019-06-14 13:46:30,318 INFO  commandhandler.DeleteBlocksCommandHandler (DeleteBlocksCommandHandler.java:handle(106)) - Start to delete container blocks, TXIDs=[1(499),2(499),3(499)], numOfContainers=3, numOfBlocks=553
2019-06-14 13:46:30,319 INFO  commandhandler.DeleteBlocksCommandHandler (DeleteBlocksCommandHandler.java:handle(106)) - Start to delete container blocks, TXIDs=[1(0),2(0),3(0)], numOfContainers=3, numOfBlocks=553
2019-06-14 13:46:30,320 INFO  commandhandler.DeleteBlocksCommandHandler (DeleteBlocksCommandHandler.java:handle(106)) - Start to delete container blocks, TXIDs=[1(0),2(0),3(0)], numOfContainers=3, numOfBlocks=553
2019-06-14 13:46:30,321 INFO  commandhandler.DeleteBlocksCommandHandler (DeleteBlocksCommandHandler.java:handle(106)) - Start to delete container blocks, TXIDs=[1(0),2(0),3(0)], numOfContainers=3, numOfBlocks=553
2019-06-14 13:46:30,323 INFO  commandhandler.DeleteBlocksCommandHandler (DeleteBlocksCommandHandler.java:handle(106)) - Start to delete container blocks, TXIDs=[1(0),2(0),3(0)], numOfContainers=3, numOfBlocks=553
2019-06-14 13:46:30,324 INFO  commandhandler.DeleteBlocksCommandHandler (DeleteBlocksCommandHandler.java:handle(106)) - Start to delete container blocks, TXIDs=[1(0),2(0),3(0)], numOfContainers=3, numOfBlocks=553
2019-06-14 13:46:30,325 INFO  commandhandler.DeleteBlocksCommandHandler (DeleteBlocksCommandHandler.java:handle(106)) - Start to delete container blocks, TXIDs=[1(0),2(0),3(0)], numOfContainers=3, numOfBlocks=553
2019-06-14 13:46:30,326 INFO  commandhandler.DeleteBlocksCommandHandler (DeleteBlocksCommandHandler.java:handle(106)) - Start to delete container blocks, TXIDs=[1(0),2(0),3(0)], numOfContainers=3, numOfBlocks=553
2019-06-14 13:46:30,327 INFO  commandhandler.DeleteBlocksCommandHandler (DeleteBlocksCommandHandler.java:handle(106)) - Start to delete container blocks, TXIDs=[1(0),2(0),3(0)], numOfContainers=3, numOfBlocks=553
2019-06-14 13:46:30,328 INFO  commandhandler.DeleteBlocksCommandHandler (DeleteBlocksCommandHandler.java:handle(106)) - Start to delete container blocks, TXIDs=[1(0),2(0),3(0)], numOfContainers=3, numOfBlocks=553
2019-06-14 13:46:30,329 INFO  commandhandler.DeleteBlocksCommandHandler (DeleteBlocksCommandHandler.java:handle(106)) - Start to delete container blocks, TXIDs=[1(499),2(499),3(499)], numOfContainers=3, numOfBlocks=553
2019-06-14 13:46:30,330 INFO  commandhandler.DeleteBlocksCommandHandler (DeleteBlocksCommandHandler.java:handle(106)) - Start to delete container blocks, TXIDs=[1(0),2(0),3(0)], numOfContainers=3, numOfBlocks=553
2019-06-14 13:46:30,331 INFO  commandhandler.DeleteBlocksCommandHandler (DeleteBlocksCommandHandler.java:handle(106)) - Start to delete container blocks, TXIDs=[1(0),2(0),3(0)], numOfContainers=3, numOfBlocks=553
2019-06-14 13:46:30,332 INFO  commandhandler.DeleteBlocksCommandHandler (DeleteBlocksCommandHandler.java:handle(106)) - Start to delete container blocks, TXIDs=[1(0),2(0),3(0)], numOfContainers=3, numOfBlocks=553
2019-06-14 13:46:30,333 INFO  commandhandler.DeleteBlocksCommandHandler (DeleteBlocksCommandHandler.java:handle(106)) - Start to delete container blocks, TXIDs=[1(0),2(0),3(0)], numOfContainers=3, numOfBlocks=553
2019-06-14 13:46:30,333 INFO  commands.RetriableDatanodeEventWatcher (RetriableDatanodeEventWatcher.java:onTimeout(47)) - RetriableDatanodeCommand type=deleteBlocksCommand with id=1560519979186 timed out. Retrying.
2019-06-14 13:46:30,334 INFO  commandhandler.DeleteBlocksCommandHandler (DeleteBlocksCommandHandler.java:handle(106)) - Start to delete container blocks, TXIDs=[1(0),2(0),3(0)], numOfContainers=3, numOfBlocks=553
2019-06-14 13:46:30,335 INFO  commandhandler.DeleteBlocksCommandHandler (DeleteBlocksCommandHandler.java:handle(106)) - Start to delete container blocks, TXIDs=[1(0),2(0),3(0)], numOfContainers=3, numOfBlocks=553
2019-06-14 13:46:30,336 INFO  commandhandler.DeleteBlocksCommandHandler (DeleteBlocksCommandHandler.java:handle(106)) - Start to delete container blocks, TXIDs=[1(0),2(0),3(0)], numOfContainers=3, numOfBlocks=553
2019-06-14 13:46:30,337 INFO  commandhandler.DeleteBlocksCommandHandler (DeleteBlocksCommandHandler.java:handle(106)) - Start to delete container blocks, TXIDs=[1(0),2(0),3(0)], numOfContainers=3, numOfBlocks=553
2019-06-14 13:46:30,338 INFO  commandhandler.DeleteBlocksCommandHandler (DeleteBlocksCommandHandler.java:handle(106)) - Start to delete container blocks, TXIDs=[1(0),2(0),3(0)], numOfContainers=3, numOfBlocks=553
2019-06-14 13:46:30,339 INFO  commandhandler.DeleteBlocksCommandHandler (DeleteBlocksCommandHandler.java:handle(106)) - Start to delete container blocks, TXIDs=[1(499),2(499),3(499)], numOfContainers=3, numOfBlocks=553
2019-06-14 13:46:30,340 INFO  commandhandler.DeleteBlocksCommandHandler (DeleteBlocksCommandHandler.java:handle(106)) - Start to delete container blocks, TXIDs=[1(0),2(0),3(0)], numOfContainers=3, numOfBlocks=553
2019-06-14 13:46:30,341 INFO  commandhandler.DeleteBlocksCommandHandler (DeleteBlocksCommandHandler.java:handle(106)) - Start to delete container blocks, TXIDs=[1(0),2(0),3(0)], numOfContainers=3, numOfBlocks=553
2019-06-14 13:46:30,342 INFO  commandhandler.DeleteBlocksCommandHandler (DeleteBlocksCommandHandler.java:handle(106)) - Start to delete container blocks, TXIDs=[1(0),2(0),3(0)], numOfContainers=3, numOfBlocks=553
2019-06-14 13:46:30,343 INFO  commandhandler.DeleteBlocksCommandHandler (DeleteBlocksCommandHandler.java:handle(106)) - Start to delete container blocks, TXIDs=[1(0),2(0),3(0)], numOfContainers=3, numOfBlocks=553
2019-06-14 13:46:30,344 INFO  commandhandler.DeleteBlocksCommandHandler (DeleteBlocksCommandHandler.java:handle(106)) - Start to delete container blocks, TXIDs=[1(0),2(0),3(0)], numOfContainers=3, numOfBlocks=553
2019-06-14 13:46:30,345 INFO  commandhandler.DeleteBlocksCommandHandler (DeleteBlocksCommandHandler.java:handle(106)) - Start to delete container blocks, TXIDs=[1(0),2(0),3(0)], numOfContainers=3, numOfBlocks=553
2019-06-14 13:46:30,346 INFO  commandhandler.DeleteBlocksCommandHandler (DeleteBlocksCommandHandler.java:handle(106)) - Start to delete container blocks, TXIDs=[1(0),2(0),3(0)], numOfContainers=3, numOfBlocks=553
2019-06-14 13:46:30,346 INFO  commandhandler.DeleteBlocksCommandHandler (DeleteBlocksCommandHandler.java:handle(106)) - Start to delete container blocks, TXIDs=[1(0),2(0),3(0)], numOfContainers=3, numOfBlocks=553
2019-06-14 13:46:30,347 INFO  commandhandler.DeleteBlocksCommandHandler (DeleteBlocksCommandHandler.java:handle(106)) - Start to delete container blocks, TXIDs=[1(0),2(0),3(0)], numOfContainers=3, numOfBlocks=553
2019-06-14 13:46:30,347 DEBUG block.SCMBlockDeletingService (SCMBlockDeletingService.java:call(138)) - Running DeletedBlockTransactionScanner
2019-06-14 13:46:30,348 DEBUG block.SCMBlockDeletingService (SCMBlockDeletingService.java:call(155)) - Scanned deleted blocks log and got 0 delTX to process.
2019-06-14 13:46:30,348 INFO  commandhandler.DeleteBlocksCommandHandler (DeleteBlocksCommandHandler.java:handle(106)) - Start to delete container blocks, TXIDs=[1(0),2(0),3(0)], numOfContainers=3, numOfBlocks=553
2019-06-14 13:46:30,349 INFO  commandhandler.DeleteBlocksCommandHandler (DeleteBlocksCommandHandler.java:handle(106)) - Start to delete container blocks, TXIDs=[1(499),2(499),3(499)], numOfContainers=3, numOfBlocks=553
2019-06-14 13:46:30,350 INFO  commandhandler.DeleteBlocksCommandHandler (DeleteBlocksCommandHandler.java:handle(106)) - Start to delete container blocks, TXIDs=[1(0),2(0),3(0)], numOfContainers=3, numOfBlocks=553
2019-06-14 13:46:30,351 INFO  commandhandler.DeleteBlocksCommandHandler (DeleteBlocksCommandHandler.java:handle(106)) - Start to delete container blocks, TXIDs=[1(0),2(0),3(0)], numOfContainers=3, numOfBlocks=553
2019-06-14 13:46:30,352 INFO  commandhandler.DeleteBlocksCommandHandler (DeleteBlocksCommandHandler.java:handle(106)) - Start to delete container blocks, TXIDs=[1(0),2(0),3(0)], numOfContainers=3, numOfBlocks=553
2019-06-14 13:46:30,353 INFO  commandhandler.DeleteBlocksCommandHandler (DeleteBlocksCommandHandler.java:handle(106)) - Start to delete container blocks, TXIDs=[1(0),2(0),3(0)], numOfContainers=3, numOfBlocks=553
2019-06-14 13:46:30,354 INFO  commandhandler.DeleteBlocksCommandHandler (DeleteBlocksCommandHandler.java:handle(106)) - Start to delete container blocks, TXIDs=[1(0),2(0),3(0)], numOfContainers=3, numOfBlocks=553
2019-06-14 13:46:30,355 INFO  commandhandler.DeleteBlocksCommandHandler (DeleteBlocksCommandHandler.java:handle(106)) - Start to delete container blocks, TXIDs=[1(0),2(0),3(0)], numOfContainers=3, numOfBlocks=553
2019-06-14 13:46:30,356 INFO  commandhandler.DeleteBlocksCommandHandler (DeleteBlocksCommandHandler.java:handle(106)) - Start to delete container blocks, TXIDs=[1(0),2(0),3(0)], numOfContainers=3, numOfBlocks=553
2019-06-14 13:46:30,357 INFO  commandhandler.DeleteBlocksCommandHandler (DeleteBlocksCommandHandler.java:handle(106)) - Start to delete container blocks, TXIDs=[1(0),2(0),3(0)], numOfContainers=3, numOfBlocks=553
2019-06-14 13:46:30,358 INFO  commandhandler.DeleteBlocksCommandHandler (DeleteBlocksCommandHandler.java:handle(106)) - Start to delete container blocks, TXIDs=[1(0),2(0),3(0)], numOfContainers=3, numOfBlocks=553
2019-06-14 13:46:30,359 INFO  commandhandler.DeleteBlocksCommandHandler (DeleteBlocksCommandHandler.java:handle(106)) - Start to delete container blocks, TXIDs=[1(0),2(0),3(0)], numOfContainers=3, numOfBlocks=553
2019-06-14 13:46:30,360 INFO  commandhandler.DeleteBlocksCommandHandler (DeleteBlocksCommandHandler.java:handle(106)) - Start to delete container blocks, TXIDs=[1(499),2(499),3(499)], numOfContainers=3, numOfBlocks=553
2019-06-14 13:46:30,361 INFO  commandhandler.DeleteBlocksCommandHandler (DeleteBlocksCommandHandler.java:handle(106)) - Start to delete container blocks, TXIDs=[1(0),2(0),3(0)], numOfContainers=3, numOfBlocks=553
2019-06-14 13:46:30,362 INFO  commandhandler.DeleteBlocksCommandHandler (DeleteBlocksCommandHandler.java:handle(106)) - Start to delete container blocks, TXIDs=[1(0),2(0),3(0)], numOfContainers=3, numOfBlocks=553
2019-06-14 13:46:30,362 INFO  commandhandler.DeleteBlocksCommandHandler (DeleteBlocksCommandHandler.java:handle(106)) - Start to delete container blocks, TXIDs=[1(0),2(0),3(0)], numOfContainers=3, numOfBlocks=553
2019-06-14 13:46:30,363 INFO  commandhandler.DeleteBlocksCommandHandler (DeleteBlocksCommandHandler.java:handle(106)) - Start to delete container blocks, TXIDs=[1(0),2(0),3(0)], numOfContainers=3, numOfBlocks=553
2019-06-14 13:46:30,364 INFO  commandhandler.DeleteBlocksCommandHandler (DeleteBlocksCommandHandler.java:handle(106)) - Start to delete container blocks, TXIDs=[1(0),2(0),3(0)], numOfContainers=3, numOfBlocks=553
2019-06-14 13:46:30,364 INFO  commandhandler.DeleteBlocksCommandHandler (DeleteBlocksCommandHandler.java:handle(106)) - Start to delete container blocks, TXIDs=[1(0),2(0),3(0)], numOfContainers=3, numOfBlocks=553
2019-06-14 13:46:30,365 INFO  commandhandler.DeleteBlocksCommandHandler (DeleteBlocksCommandHandler.java:handle(106)) - Start to delete container blocks, TXIDs=[1(0),2(0),3(0)], numOfContainers=3, numOfBlocks=553
2019-06-14 13:46:30,365 INFO  commandhandler.DeleteBlocksCommandHandler (DeleteBlocksCommandHandler.java:handle(106)) - Start to delete container blocks, TXIDs=[1(0),2(0),3(0)], numOfContainers=3, numOfBlocks=553
2019-06-14 13:46:30,366 INFO  commandhandler.DeleteBlocksCommandHandler (DeleteBlocksCommandHandler.java:handle(106)) - Start to delete container blocks, TXIDs=[1(0),2(0),3(0)], numOfContainers=3, numOfBlocks=553
2019-06-14 13:46:30,367 INFO  commandhandler.DeleteBlocksCommandHandler (DeleteBlocksCommandHandler.java:handle(106)) - Start to delete container blocks, TXIDs=[1(0),2(0),3(0)], numOfContainers=3, numOfBlocks=553
2019-06-14 13:46:30,367 INFO  impl.LeaderElection (LeaderElection.java:askForVotes(181)) - 0c156e3c-57cc-425b-90ef-9bcaa62a7535:group-8F4DAD362311:LeaderElection3: begin an election at term 1 for -1: [0c156e3c-57cc-425b-90ef-9bcaa62a7535:192.168.134.77:36517], old=null
2019-06-14 13:46:30,368 INFO  impl.RoleInfo (RoleInfo.java:shutdownLeaderElection(134)) - 0c156e3c-57cc-425b-90ef-9bcaa62a7535: shutdown LeaderElection
2019-06-14 13:46:30,368 INFO  impl.RaftServerImpl (RaftServerImpl.java:setRole(164)) - 0c156e3c-57cc-425b-90ef-9bcaa62a7535:group-8F4DAD362311 changes role from CANDIDATE to LEADER at term 1 for changeToLeader
2019-06-14 13:46:30,368 INFO  commandhandler.DeleteBlocksCommandHandler (ServerState.java:setLeader(263)) - 0c156e3c-57cc-425b-90ef-9bcaa62a7535:group-8F4DAD362311 change Leader from null to 0c156e3c-57cc-425b-90ef-9bcaa62a7535 at term 1 for becomeLeader, leader elected after 1628ms
2019-06-14 13:46:30,368 INFO  commandhandler.DeleteBlocksCommandHandler (DeleteBlocksCommandHandler.java:handle(106)) - Start to delete container blocks, TXIDs=[1(499),2(499),3(499)], numOfContainers=3, numOfBlocks=553
2019-06-14 13:46:30,368 INFO  server.RaftServerConfigKeys (ConfUtils.java:logGet(43)) - raft.server.staging.catchup.gap = 1000 (default)
2019-06-14 13:46:30,368 INFO  server.RaftServerConfigKeys (ConfUtils.java:logGet(43)) - raft.server.rpc.sleep.time = 25ms (default)
2019-06-14 13:46:30,368 INFO  server.RaftServerConfigKeys (ConfUtils.java:logGet(43)) - raft.server.watch.timeout = 10s (default)
2019-06-14 13:46:30,369 INFO  server.RaftServerConfigKeys (ConfUtils.java:logGet(43)) - raft.server.watch.timeout.denomination = 1s (default)
2019-06-14 13:46:30,369 INFO  commandhandler.DeleteBlocksCommandHandler (RoleInfo.java:updateAndGet(143)) - 0c156e3c-57cc-425b-90ef-9bcaa62a7535: start LeaderState
2019-06-14 13:46:30,369 INFO  commandhandler.DeleteBlocksCommandHandler (DeleteBlocksCommandHandler.java:handle(106)) - Start to delete container blocks, TXIDs=[1(0),2(0),3(0)], numOfContainers=3, numOfBlocks=553
2019-06-14 13:46:30,369 INFO  storage.RaftLogWorker (RaftLogWorker.java:startLogSegment(298)) - 0c156e3c-57cc-425b-90ef-9bcaa62a7535-RaftLogWorker: Starting segment from index:0
2019-06-14 13:46:30,369 INFO  commandhandler.DeleteBlocksCommandHandler (DeleteBlocksCommandHandler.java:handle(106)) - Start to delete container blocks, TXIDs=[1(0),2(0),3(0)], numOfContainers=3, numOfBlocks=553
2019-06-14 13:46:30,370 INFO  impl.RaftServerImpl (ServerState.java:setRaftConf(361)) - 0c156e3c-57cc-425b-90ef-9bcaa62a7535:group-8F4DAD362311 set configuration 0: [0c156e3c-57cc-425b-90ef-9bcaa62a7535:192.168.134.77:36517], old=null at 0
2019-06-14 13:46:30,391 INFO  commandhandler.DeleteBlocksCommandHandler (DeleteBlocksCommandHandler.java:handle(106)) - Start to delete container blocks, TXIDs=[1(0),2(0),3(0)], numOfContainers=3, numOfBlocks=553
2019-06-14 13:46:30,391 INFO  commandhandler.DeleteBlocksCommandHandler (DeleteBlocksCommandHandler.java:handle(106)) - Start to delete container blocks, TXIDs=[1(0),2(0),3(0)], numOfContainers=3, numOfBlocks=553
2019-06-14 13:46:30,392 INFO  commandhandler.DeleteBlocksCommandHandler (DeleteBlocksCommandHandler.java:handle(106)) - Start to delete container blocks, TXIDs=[1(0),2(0),3(0)], numOfContainers=3, numOfBlocks=553
2019-06-14 13:46:30,393 INFO  commandhandler.DeleteBlocksCommandHandler (DeleteBlocksCommandHandler.java:handle(106)) - Start to delete container blocks, TXIDs=[1(0),2(0),3(0)], numOfContainers=3, numOfBlocks=553
2019-06-14 13:46:30,393 INFO  commandhandler.DeleteBlocksCommandHandler (DeleteBlocksCommandHandler.java:handle(106)) - Start to delete container blocks, TXIDs=[1(0),2(0),3(0)], numOfContainers=3, numOfBlocks=553
2019-06-14 13:46:30,394 INFO  commandhandler.DeleteBlocksCommandHandler (DeleteBlocksCommandHandler.java:handle(106)) - Start to delete container blocks, TXIDs=[1(0),2(0),3(0)], numOfContainers=3, numOfBlocks=553
2019-06-14 13:46:30,395 INFO  commandhandler.DeleteBlocksCommandHandler (DeleteBlocksCommandHandler.java:handle(106)) - Start to delete container blocks, TXIDs=[1(0),2(0),3(0)], numOfContainers=3, numOfBlocks=553
2019-06-14 13:46:30,395 INFO  commandhandler.DeleteBlocksCommandHandler (DeleteBlocksCommandHandler.java:handle(106)) - Start to delete container blocks, TXIDs=[1(0),2(0),3(0)], numOfContainers=3, numOfBlocks=553
2019-06-14 13:46:30,396 INFO  commandhandler.DeleteBlocksCommandHandler (DeleteBlocksCommandHandler.java:handle(106)) - Start to delete container blocks, TXIDs=[1(588),2(588),3(588)], numOfContainers=3, numOfBlocks=553
2019-06-14 13:46:30,396 INFO  commandhandler.DeleteBlocksCommandHandler (DeleteBlocksCommandHandler.java:handle(106)) - Start to delete container blocks, TXIDs=[1(0),2(0),3(0)], numOfContainers=3, numOfBlocks=553
2019-06-14 13:46:30,397 INFO  commandhandler.DeleteBlocksCommandHandler (DeleteBlocksCommandHandler.java:handle(106)) - Start to delete container blocks, TXIDs=[1(0),2(0),3(0)], numOfContainers=3, numOfBlocks=553
2019-06-14 13:46:30,398 INFO  commandhandler.DeleteBlocksCommandHandler (DeleteBlocksCommandHandler.java:handle(106)) - Start to delete container blocks, TXIDs=[1(0),2(0),3(0)], numOfContainers=3, numOfBlocks=553
2019-06-14 13:46:30,398 INFO  commandhandler.DeleteBlocksCommandHandler (DeleteBlocksCommandHandler.java:handle(106)) - Start to delete container blocks, TXIDs=[1(0),2(0),3(0)], numOfContainers=3, numOfBlocks=553
2019-06-14 13:46:30,399 INFO  commandhandler.DeleteBlocksCommandHandler (DeleteBlocksCommandHandler.java:handle(106)) - Start to delete container blocks, TXIDs=[1(0),2(0),3(0)], numOfContainers=3, numOfBlocks=553
2019-06-14 13:46:30,399 INFO  commandhandler.DeleteBlocksCommandHandler (DeleteBlocksCommandHandler.java:handle(106)) - Start to delete container blocks, TXIDs=[1(0),2(0),3(0)], numOfContainers=3, numOfBlocks=553
2019-06-14 13:46:30,402 INFO  commandhandler.DeleteBlocksCommandHandler (DeleteBlocksCommandHandler.java:handle(106)) - Start to delete container blocks, TXIDs=[1(0),2(0),3(0)], numOfContainers=3, numOfBlocks=553
2019-06-14 13:46:30,402 INFO  commandhandler.DeleteBlocksCommandHandler (DeleteBlocksCommandHandler.java:handle(106)) - Start to delete container blocks, TXIDs=[1(0),2(0),3(0)], numOfContainers=3, numOfBlocks=553
2019-06-14 13:46:30,403 INFO  commandhandler.DeleteBlocksCommandHandler (DeleteBlocksCommandHandler.java:handle(106)) - Start to delete container blocks, TXIDs=[1(0),2(0),3(0)], numOfContainers=3, numOfBlocks=553
2019-06-14 13:46:30,404 INFO  commandhandler.DeleteBlocksCommandHandler (DeleteBlocksCommandHandler.java:handle(106)) - Start to delete container blocks, TXIDs=[1(1),2(1),3(1)], numOfContainers=3, numOfBlocks=553
2019-06-14 13:46:30,407 INFO  commandhandler.DeleteBlocksCommandHandler (DeleteBlocksCommandHandler.java:handle(106)) - Start to delete container blocks, TXIDs=[1(607),2(607),3(607)], numOfContainers=3, numOfBlocks=553
2019-06-14 13:46:30,408 INFO  commandhandler.DeleteBlocksCommandHandler (DeleteBlocksCommandHandler.java:handle(106)) - Start to delete container blocks, TXIDs=[1(0),2(0),3(0)], numOfContainers=3, numOfBlocks=553
2019-06-14 13:46:30,409 INFO  commandhandler.DeleteBlocksCommandHandler (DeleteBlocksCommandHandler.java:handle(106)) - Start to delete container blocks, TXIDs=[1(0),2(0),3(0)], numOfContainers=3, numOfBlocks=553
2019-06-14 13:46:30,410 INFO  commandhandler.DeleteBlocksCommandHandler (DeleteBlocksCommandHandler.java:handle(106)) - Start to delete container blocks, TXIDs=[1(0),2(0),3(0)], numOfContainers=3, numOfBlocks=553
2019-06-14 13:46:30,411 INFO  commandhandler.DeleteBlocksCommandHandler (DeleteBlocksCommandHandler.java:handle(106)) - Start to delete container blocks, TXIDs=[1(0),2(0),3(0)], numOfContainers=3, numOfBlocks=553
2019-06-14 13:46:30,412 INFO  commandhandler.DeleteBlocksCommandHandler (DeleteBlocksCommandHandler.java:handle(106)) - Start to delete container blocks, TXIDs=[1(0),2(0),3(0)], numOfContainers=3, numOfBlocks=553
2019-06-14 13:46:30,412 INFO  commandhandler.DeleteBlocksCommandHandler (DeleteBlocksCommandHandler.java:handle(106)) - Start to delete container blocks, TXIDs=[1(0),2(0),3(0)], numOfContainers=3, numOfBlocks=553
2019-06-14 13:46:30,413 INFO  commandhandler.DeleteBlocksCommandHandler (DeleteBlocksCommandHandler.java:handle(106)) - Start to delete container blocks, TXIDs=[1(0),2(0),3(0)], numOfContainers=3, numOfBlocks=553
2019-06-14 13:46:30,414 INFO  commandhandler.DeleteBlocksCommandHandler (DeleteBlocksCommandHandler.java:handle(106)) - Start to delete container blocks, TXIDs=[1(0),2(0),3(0)], numOfContainers=3, numOfBlocks=553
2019-06-14 13:46:30,415 INFO  commandhandler.DeleteBlocksCommandHandler (DeleteBlocksCommandHandler.java:handle(106)) - Start to delete container blocks, TXIDs=[1(0),2(0),3(0)], numOfContainers=3, numOfBlocks=553
2019-06-14 13:46:30,416 INFO  commandhandler.DeleteBlocksCommandHandler (DeleteBlocksCommandHandler.java:handle(106)) - Start to delete container blocks, TXIDs=[1(318),2(318),3(317)], numOfContainers=3, numOfBlocks=553
2019-06-14 13:46:30,417 INFO  commandhandler.DeleteBlocksCommandHandler (DeleteBlocksCommandHandler.java:handle(106)) - Start to delete container blocks, TXIDs=[1(607),2(607),3(607)], numOfContainers=3, numOfBlocks=553
2019-06-14 13:46:30,418 INFO  commandhandler.DeleteBlocksCommandHandler (DeleteBlocksCommandHandler.java:handle(106)) - Start to delete container blocks, TXIDs=[1(0),2(0),3(0)], numOfContainers=3, numOfBlocks=553
2019-06-14 13:46:30,419 INFO  commandhandler.DeleteBlocksCommandHandler (DeleteBlocksCommandHandler.java:handle(106)) - Start to delete container blocks, TXIDs=[1(0),2(0),3(0)], numOfContainers=3, numOfBlocks=553
2019-06-14 13:46:30,420 INFO  commandhandler.DeleteBlocksCommandHandler (DeleteBlocksCommandHandler.java:handle(106)) - Start to delete container blocks, TXIDs=[1(0),2(0),3(0)], numOfContainers=3, numOfBlocks=553
2019-06-14 13:46:30,420 INFO  commandhandler.DeleteBlocksCommandHandler (DeleteBlocksCommandHandler.java:handle(106)) - Start to delete container blocks, TXIDs=[1(0),2(0),3(0)], numOfContainers=3, numOfBlocks=553
2019-06-14 13:46:30,421 INFO  commandhandler.DeleteBlocksCommandHandler (DeleteBlocksCommandHandler.java:handle(106)) - Start to delete container blocks, TXIDs=[1(0),2(0),3(0)], numOfContainers=3, numOfBlocks=553
2019-06-14 13:46:30,422 INFO  commandhandler.DeleteBlocksCommandHandler (DeleteBlocksCommandHandler.java:handle(106)) - Start to delete container blocks, TXIDs=[1(0),2(0),3(0)], numOfContainers=3, numOfBlocks=553
2019-06-14 13:46:30,423 INFO  commandhandler.DeleteBlocksCommandHandler (DeleteBlocksCommandHandler.java:handle(106)) - Start to delete container blocks, TXIDs=[1(0),2(0),3(0)], numOfContainers=3, numOfBlocks=553
2019-06-14 13:46:30,423 INFO  commandhandler.DeleteBlocksCommandHandler (DeleteBlocksCommandHandler.java:handle(106)) - Start to delete container blocks, TXIDs=[1(0),2(0),3(0)], numOfContainers=3, numOfBlocks=553
2019-06-14 13:46:30,424 INFO  commandhandler.DeleteBlocksCommandHandler (DeleteBlocksCommandHandler.java:handle(106)) - Start to delete container blocks, TXIDs=[1(0),2(0),3(0)], numOfContainers=3, numOfBlocks=553
2019-06-14 13:46:30,424 INFO  commandhandler.DeleteBlocksCommandHandler (DeleteBlocksCommandHandler.java:handle(106)) - Start to delete container blocks, TXIDs=[1(499),2(499),3(499)], numOfContainers=3, numOfBlocks=553
2019-06-14 13:46:30,425 INFO  commandhandler.DeleteBlocksCommandHandler (DeleteBlocksCommandHandler.java:handle(106)) - Start to delete container blocks, TXIDs=[1(608),2(608),3(608)], numOfContainers=3, numOfBlocks=553
2019-06-14 13:46:30,425 INFO  commandhandler.DeleteBlocksCommandHandler (DeleteBlocksCommandHandler.java:handle(106)) - Start to delete container blocks, TXIDs=[1(0),2(0),3(0)], numOfContainers=3, numOfBlocks=553
2019-06-14 13:46:30,426 INFO  commandhandler.DeleteBlocksCommandHandler (DeleteBlocksCommandHandler.java:handle(106)) - Start to delete container blocks, TXIDs=[1(0),2(0),3(0)], numOfContainers=3, numOfBlocks=553
2019-06-14 13:46:30,427 INFO  commandhandler.DeleteBlocksCommandHandler (DeleteBlocksCommandHandler.java:handle(106)) - Start to delete container blocks, TXIDs=[1(0),2(0),3(0)], numOfContainers=3, numOfBlocks=553
2019-06-14 13:46:30,427 INFO  commandhandler.DeleteBlocksCommandHandler (DeleteBlocksCommandHandler.java:handle(106)) - Start to delete container blocks, TXIDs=[1(0),2(0),3(0)], numOfContainers=3, numOfBlocks=553
2019-06-14 13:46:30,428 INFO  commandhandler.DeleteBlocksCommandHandler (DeleteBlocksCommandHandler.java:handle(106)) - Start to delete container blocks, TXIDs=[1(499),2(499),3(499)], numOfContainers=3, numOfBlocks=553
2019-06-14 13:46:30,428 INFO  commandhandler.DeleteBlocksCommandHandler (DeleteBlocksCommandHandler.java:handle(106)) - Start to delete container blocks, TXIDs=[1(0),2(0),3(0)], numOfContainers=3, numOfBlocks=553
2019-06-14 13:46:30,429 INFO  commandhandler.DeleteBlocksCommandHandler (DeleteBlocksCommandHandler.java:handle(106)) - Start to delete container blocks, TXIDs=[1(0),2(0),3(0)], numOfContainers=3, numOfBlocks=553
2019-06-14 13:46:30,429 INFO  commandhandler.DeleteBlocksCommandHandler (DeleteBlocksCommandHandler.java:handle(106)) - Start to delete container blocks, TXIDs=[1(0),2(0),3(0)], numOfContainers=3, numOfBlocks=553
2019-06-14 13:46:30,430 INFO  commandhandler.DeleteBlocksCommandHandler (DeleteBlocksCommandHandler.java:handle(106)) - Start to delete container blocks, TXIDs=[1(0),2(0),3(0)], numOfContainers=3, numOfBlocks=553
2019-06-14 13:46:30,430 INFO  commandhandler.DeleteBlocksCommandHandler (DeleteBlocksCommandHandler.java:handle(106)) - Start to delete container blocks, TXIDs=[1(499),2(499),3(499)], numOfContainers=3, numOfBlocks=553
2019-06-14 13:46:30,431 INFO  commandhandler.DeleteBlocksCommandHandler (DeleteBlocksCommandHandler.java:handle(106)) - Start to delete container blocks, TXIDs=[1(0),2(0),3(0)], numOfContainers=3, numOfBlocks=553
2019-06-14 13:46:30,432 INFO  commandhandler.DeleteBlocksCommandHandler (DeleteBlocksCommandHandler.java:handle(106)) - Start to delete container blocks, TXIDs=[1(0),2(0),3(0)], numOfContainers=3, numOfBlocks=553
2019-06-14 13:46:30,432 INFO  commandhandler.DeleteBlocksCommandHandler (DeleteBlocksCommandHandler.java:handle(106)) - Start to delete container blocks, TXIDs=[1(0),2(0),3(0)], numOfContainers=3, numOfBlocks=553
2019-06-14 13:46:30,433 INFO  commands.RetriableDatanodeEventWatcher (RetriableDatanodeEventWatcher.java:onTimeout(47)) - RetriableDatanodeCommand type=deleteBlocksCommand with id=1560519979177 timed out. Retrying.
2019-06-14 13:46:30,433 INFO  commandhandler.DeleteBlocksCommandHandler (DeleteBlocksCommandHandler.java:handle(106)) - Start to delete container blocks, TXIDs=[1(499),2(499),3(499)], numOfContainers=3, numOfBlocks=553
2019-06-14 13:46:30,433 INFO  commandhandler.DeleteBlocksCommandHandler (DeleteBlocksCommandHandler.java:handle(106)) - Start to delete container blocks, TXIDs=[1(0),2(0),3(0)], numOfContainers=3, numOfBlocks=553
2019-06-14 13:46:30,434 INFO  commandhandler.DeleteBlocksCommandHandler (DeleteBlocksCommandHandler.java:handle(106)) - Start to delete container blocks, TXIDs=[1(0),2(0),3(0)], numOfContainers=3, numOfBlocks=553
2019-06-14 13:46:30,435 INFO  commandhandler.DeleteBlocksCommandHandler (DeleteBlocksCommandHandler.java:handle(106)) - Start to delete container blocks, TXIDs=[1(0),2(0),3(0)], numOfContainers=3, numOfBlocks=553
2019-06-14 13:46:30,435 INFO  commandhandler.DeleteBlocksCommandHandler (DeleteBlocksCommandHandler.java:handle(106)) - Start to delete container blocks, TXIDs=[1(499),2(499),3(499)], numOfContainers=3, numOfBlocks=553
2019-06-14 13:46:30,436 WARN  block.DeletedBlockLogImpl (DeletedBlockLogImpl.java:incrementCount(141)) - Deleted TXID not found.
2019-06-14 13:46:30,436 WARN  block.DeletedBlockLogImpl (DeletedBlockLogImpl.java:incrementCount(141)) - Deleted TXID not found.
2019-06-14 13:46:30,436 WARN  block.DeletedBlockLogImpl (DeletedBlockLogImpl.java:incrementCount(141)) - Deleted TXID not found.
2019-06-14 13:46:30,436 WARN  block.DeletedBlockLogImpl (RetriableDatanodeEventWatcher.java:onTimeout(47)) - RetriableDatanodeCommand type=deleteBlocksCommand with id=1560519979187 timed out. Retrying.
DeletedBlockLogImpl.java:incrementCount(141)) - Deleted TXID not found.
2019-06-14 13:46:30,436 INFO  commands.RetriableDatanodeEventWatcher (RetriableDatanodeEventWatcher.java:onTimeout(47)) - RetriableDatanodeCommand type=deleteBlocksCommand with id=1560519979187 timed out. Retrying.
2019-06-14 13:46:30,436 WARN  block.DeletedBlockLogImpl (DeletedBlockLogImpl.java:incrementCount(141)) - Deleted TXID not found.
2019-06-14 13:46:30,436 WARN  block.DeletedBlockLogImpl (DeletedBlockLogImpl.java:incrementCount(141)) - Deleted TXID not found.
2019-06-14 13:46:30,436 WARN  block.DeletedBlockLogImpl (DeletedBlockLogImpl.java:incrementCount(141)) - Deleted TXID not found.
2019-06-14 13:46:30,436 WARN  block.DeletedBlockLogImpl (DeletedBlockLogImpl.java:incrementCount(141)) - Deleted TXID not found.
2019-06-14 13:46:30,436 WARN  block.DeletedBlockLogImpl (DeletedBlockLogImpl.java:incrementCount(141)) - Deleted TXID not found.
2019-06-14 13:46:30,439 WARN  events.EventWatcher (EventWatcher.java:lambda$start$0(110)) - Completion event without active lease. Id=1560519979154
2019-06-14 13:46:30,439 DEBUG block.DeletedBlockLogImpl (DeletedBlockLogImpl.java:isTransactionFailed(245)) - Got block deletion ACK from datanode, TXIDs=1, success=true
2019-06-14 13:46:30,439 WARN  block.DeletedBlockLogImpl (DeletedBlockLogImpl.java:commitTransactions(205)) - Transaction txId=1 commit by dnId=0c156e3c-57cc-425b-90ef-9bcaa62a7535 for containerID=#1 failed. Corresponding entry not found.
2019-06-14 13:46:30,439 WARN  events.EventWatcher (EventWatcher.java:lambda$start$0(110)) - Completion event without active lease. Id=1560519979155
2019-06-14 13:46:30,439 DEBUG block.DeletedBlockLogImpl (DeletedBlockLogImpl.java:isTransactionFailed(245)) - Got block deletion ACK from datanode, TXIDs=1, success=true
2019-06-14 13:46:30,439 WARN  block.DeletedBlockLogImpl (DeletedBlockLogImpl.java:commitTransactions(205)) - Transaction txId=1 commit by dnId=0c156e3c-57cc-425b-90ef-9bcaa62a7535 for containerID=#1 failed. Corresponding entry not found.
2019-06-14 13:46:30,439 DEBUG block.DeletedBlockLogImpl (DeletedBlockLogImpl.java:isTransactionFailed(245)) - Got block deletion ACK from datanode, TXIDs=1, success=true
2019-06-14 13:46:30,439 WARN  block.DeletedBlockLogImpl (DeletedBlockLogImpl.java:commitTransactions(205)) - Transaction txId=1 commit by dnId=0c156e3c-57cc-425b-90ef-9bcaa62a7535 for containerID=#1 failed. Corresponding entry not found.
2019-06-14 13:46:30,439 WARN  events.EventWatcher (EventWatcher.java:lambda$start$0(110)) - Completion event without active lease. Id=1560519979164
2019-06-14 13:46:30,439 DEBUG block.DeletedBlockLogImpl (DeletedBlockLogImpl.java:isTransactionFailed(245)) - Got block deletion ACK from datanode, TXIDs=1, success=true
2019-06-14 13:46:30,439 WARN  events.EventWatcher (EventWatcher.java:lambda$start$0(110)) - Completion event without active lease. Id=1560519979165
2019-06-14 13:46:30,439 WARN  block.DeletedBlockLogImpl (DeletedBlockLogImpl.java:commitTransactions(205)) - Transaction txId=1 commit by dnId=0c156e3c-57cc-425b-90ef-9bcaa62a7535 for containerID=#1 failed. Corresponding entry not found.
2019-06-14 13:46:30,439 DEBUG block.DeletedBlockLogImpl (DeletedBlockLogImpl.java:isTransactionFailed(245)) - Got block deletion ACK from datanode, TXIDs=1, success=true
2019-06-14 13:46:30,439 WARN  block.DeletedBlockLogImpl (DeletedBlockLogImpl.java:commitTransactions(205)) - Transaction txId=1 commit by dnId=0c156e3c-57cc-425b-90ef-9bcaa62a7535 for containerID=#1 failed. Corresponding entry not found.
2019-06-14 13:46:30,439 DEBUG block.DeletedBlockLogImpl (DeletedBlockLogImpl.java:isTransactionFailed(245)) - Got block deletion ACK from datanode, TXIDs=1, success=true
2019-06-14 13:46:30,440 WARN  block.DeletedBlockLogImpl (DeletedBlockLogImpl.java:commitTransactions(205)) - Transaction txId=1 commit by dnId=0c156e3c-57cc-425b-90ef-9bcaa62a7535 for containerID=#1 failed. Corresponding entry not found.
2019-06-14 13:46:30,440 DEBUG block.DeletedBlockLogImpl (DeletedBlockLogImpl.java:isTransactionFailed(245)) - Got block deletion ACK from datanode, TXIDs=1, success=true
2019-06-14 13:46:30,440 WARN  block.DeletedBlockLogImpl (DeletedBlockLogImpl.java:commitTransactions(205)) - Transaction txId=1 commit by dnId=0c156e3c-57cc-425b-90ef-9bcaa62a7535 for containerID=#1 failed. Corresponding entry not found.
2019-06-14 13:46:30,440 DEBUG block.DeletedBlockLogImpl (DeletedBlockLogImpl.java:isTransactionFailed(245)) - Got block deletion ACK from datanode, TXIDs=1, success=true
2019-06-14 13:46:30,440 WARN  block.DeletedBlockLogImpl (DeletedBlockLogImpl.java:commitTransactions(205)) - Transaction txId=1 commit by dnId=0c156e3c-57cc-425b-90ef-9bcaa62a7535 for containerID=#1 failed. Corresponding entry not found.
2019-06-14 13:46:30,440 DEBUG block.DeletedBlockLogImpl (DeletedBlockLogImpl.java:isTransactionFailed(245)) - Got block deletion ACK from datanode, TXIDs=1, success=true
2019-06-14 13:46:30,440 WARN  block.DeletedBlockLogImpl (DeletedBlockLogImpl.java:commitTransactions(205)) - Transaction txId=1 commit by dnId=0c156e3c-57cc-425b-90ef-9bcaa62a7535 for containerID=#1 failed. Corresponding entry not found.
2019-06-14 13:46:30,440 DEBUG block.DeletedBlockLogImpl (DeletedBlockLogImpl.java:isTransactionFailed(245)) - Got block deletion ACK from datanode, TXIDs=1, success=true
2019-06-14 13:46:30,440 WARN  block.DeletedBlockLogImpl (DeletedBlockLogImpl.java:commitTransactions(205)) - Transaction txId=1 commit by dnId=0c156e3c-57cc-425b-90ef-9bcaa62a7535 for containerID=#1 failed. Corresponding entry not found.
2019-06-14 13:46:30,440 DEBUG block.DeletedBlockLogImpl (DeletedBlockLogImpl.java:isTransactionFailed(245)) - Got block deletion ACK from datanode, TXIDs=1, success=true
2019-06-14 13:46:30,440 WARN  block.DeletedBlockLogImpl (DeletedBlockLogImpl.java:commitTransactions(205)) - Transaction txId=1 commit by dnId=0c156e3c-57cc-425b-90ef-9bcaa62a7535 for containerID=#1 failed. Corresponding entry not found.
2019-06-14 13:46:30,440 DEBUG block.DeletedBlockLogImpl (DeletedBlockLogImpl.java:isTransactionFailed(245)) - Got block deletion ACK from datanode, TXIDs=1, success=true
2019-06-14 13:46:30,440 WARN  block.DeletedBlockLogImpl (DeletedBlockLogImpl.java:commitTransactions(205)) - Transaction txId=1 commit by dnId=0c156e3c-57cc-425b-90ef-9bcaa62a7535 for containerID=#1 failed. Corresponding entry not found.
2019-06-14 13:46:30,440 DEBUG block.DeletedBlockLogImpl (DeletedBlockLogImpl.java:isTransactionFailed(245)) - Got block deletion ACK from datanode, TXIDs=1, success=true
2019-06-14 13:46:30,440 WARN  block.DeletedBlockLogImpl (DeletedBlockLogImpl.java:commitTransactions(205)) - Transaction txId=1 commit by dnId=0c156e3c-57cc-425b-90ef-9bcaa62a7535 for containerID=#1 failed. Corresponding entry not found.
2019-06-14 13:46:30,440 DEBUG block.DeletedBlockLogImpl (DeletedBlockLogImpl.java:isTransactionFailed(245)) - Got block deletion ACK from datanode, TXIDs=1, success=true
2019-06-14 13:46:30,440 WARN  block.DeletedBlockLogImpl (DeletedBlockLogImpl.java:commitTransactions(205)) - Transaction txId=1 commit by dnId=0c156e3c-57cc-425b-90ef-9bcaa62a7535 for containerID=#1 failed. Corresponding entry not found.
2019-06-14 13:46:30,440 DEBUG block.DeletedBlockLogImpl (DeletedBlockLogImpl.java:isTransactionFailed(245)) - Got block deletion ACK from datanode, TXIDs=1, success=true
2019-06-14 13:46:30,440 WARN  block.DeletedBlockLogImpl (DeletedBlockLogImpl.java:commitTransactions(205)) - Transaction txId=1 commit by dnId=0c156e3c-57cc-425b-90ef-9bcaa62a7535 for containerID=#1 failed. Corresponding entry not found.
2019-06-14 13:46:30,440 DEBUG block.DeletedBlockLogImpl (DeletedBlockLogImpl.java:isTransactionFailed(245)) - Got block deletion ACK from datanode, TXIDs=1, success=true
2019-06-14 13:46:30,440 WARN  block.DeletedBlockLogImpl (DeletedBlockLogImpl.java:commitTransactions(205)) - Transaction txId=1 commit by dnId=0c156e3c-57cc-425b-90ef-9bcaa62a7535 for containerID=#1 failed. Corresponding entry not found.
2019-06-14 13:46:30,440 DEBUG block.DeletedBlockLogImpl (DeletedBlockLogImpl.java:isTransactionFailed(245)) - Got block deletion ACK from datanode, TXIDs=1, success=true
2019-06-14 13:46:30,441 WARN  block.DeletedBlockLogImpl (DeletedBlockLogImpl.java:commitTransactions(205)) - Transaction txId=1 commit by dnId=0c156e3c-57cc-425b-90ef-9bcaa62a7535 for containerID=#1 failed. Corresponding entry not found.
2019-06-14 13:46:30,441 DEBUG block.DeletedBlockLogImpl (DeletedBlockLogImpl.java:isTransactionFailed(245)) - Got block deletion ACK from datanode, TXIDs=1, success=true
2019-06-14 13:46:30,441 WARN  block.DeletedBlockLogImpl (DeletedBlockLogImpl.java:commitTransactions(205)) - Transaction txId=1 commit by dnId=0c156e3c-57cc-425b-90ef-9bcaa62a7535 for containerID=#1 failed. Corresponding entry not found.
2019-06-14 13:46:30,441 DEBUG block.DeletedBlockLogImpl (DeletedBlockLogImpl.java:isTransactionFailed(245)) - Got block deletion ACK from datanode, TXIDs=1, success=true
2019-06-14 13:46:30,441 WARN  block.DeletedBlockLogImpl (DeletedBlockLogImpl.java:commitTransactions(205)) - Transaction txId=1 commit by dnId=0c156e3c-57cc-425b-90ef-9bcaa62a7535 for containerID=#1 failed. Corresponding entry not found.
2019-06-14 13:46:30,441 DEBUG block.DeletedBlockLogImpl (DeletedBlockLogImpl.java:isTransactionFailed(245)) - Got block deletion ACK from datanode, TXIDs=1, success=true
2019-06-14 13:46:30,441 WARN  block.DeletedBlockLogImpl (DeletedBlockLogImpl.java:commitTransactions(205)) - Transaction txId=1 commit by dnId=0c156e3c-57cc-425b-90ef-9bcaa62a7535 for containerID=#1 failed. Corresponding entry not found.
2019-06-14 13:46:30,441 DEBUG block.DeletedBlockLogImpl (DeletedBlockLogImpl.java:isTransactionFailed(245)) - Got block deletion ACK from datanode, TXIDs=1, success=true
2019-06-14 13:46:30,441 WARN  block.DeletedBlockLogImpl (DeletedBlockLogImpl.java:commitTransactions(205)) - Transaction txId=1 commit by dnId=0c156e3c-57cc-425b-90ef-9bcaa62a7535 for containerID=#1 failed. Corresponding entry not found.
2019-06-14 13:46:30,441 DEBUG block.DeletedBlockLogImpl (DeletedBlockLogImpl.java:isTransactionFailed(245)) - Got block deletion ACK from datanode, TXIDs=1, success=true
2019-06-14 13:46:30,441 WARN  block.DeletedBlockLogImpl (DeletedBlockLogImpl.java:commitTransactions(205)) - Transaction txId=1 commit by dnId=0c156e3c-57cc-425b-90ef-9bcaa62a7535 for containerID=#1 failed. Corresponding entry not found.
2019-06-14 13:46:30,441 DEBUG block.DeletedBlockLogImpl (DeletedBlockLogImpl.java:isTransactionFailed(245)) - Got block deletion ACK from datanode, TXIDs=1, success=true
2019-06-14 13:46:30,441 WARN  block.DeletedBlockLogImpl (DeletedBlockLogImpl.java:commitTransactions(205)) - Transaction txId=1 commit by dnId=0c156e3c-57cc-425b-90ef-9bcaa62a7535 for containerID=#1 failed. Corresponding entry not found.
2019-06-14 13:46:30,441 INFO  commandhandler.DeleteBlocksCommandHandler (DeleteBlocksCommandHandler.java:handle(106)) - Start to delete container blocks, TXIDs=[1(0),2(0),3(0)], numOfContainers=3, numOfBlocks=553
2019-06-14 13:46:30,442 INFO  commandhandler.DeleteBlocksCommandHandler (DeleteBlocksCommandHandler.java:handle(106)) - Start to delete container blocks, TXIDs=[1(499),2(499),3(499)], numOfContainers=3, numOfBlocks=553
2019-06-14 13:46:30,443 INFO  commandhandler.DeleteBlocksCommandHandler (DeleteBlocksCommandHandler.java:handle(106)) - Start to delete container blocks, TXIDs=[1(0),2(0),3(0)], numOfContainers=3, numOfBlocks=553
2019-06-14 13:46:30,448 DEBUG block.SCMBlockDeletingService (SCMBlockDeletingService.java:call(138)) - Running DeletedBlockTransactionScanner
2019-06-14 13:46:30,448 DEBUG block.SCMBlockDeletingService (SCMBlockDeletingService.java:call(155)) - Scanned deleted blocks log and got 0 delTX to process.
2019-06-14 13:46:30,478 INFO  storage.RaftLogWorker (RaftLogWorker.java:execute(469)) - 0c156e3c-57cc-425b-90ef-9bcaa62a7535-RaftLogWorker: created new log segment /opt/src/hadoop-ozone/integration-test/target/test-dir/MiniOzoneClusterImpl-8919240e-7e15-4dbf-8bf4-c210578586bb/datanode-0/data/ratis/5e2f3b4b-e80d-4336-ba1b-8f4dad362311/current/log_inprogress_0
2019-06-14 13:46:30,548 DEBUG block.SCMBlockDeletingService (SCMBlockDeletingService.java:call(138)) - Running DeletedBlockTransactionScanner
2019-06-14 13:46:30,548 DEBUG block.SCMBlockDeletingService (SCMBlockDeletingService.java:call(155)) - Scanned deleted blocks log and got 0 delTX to process.
2019-06-14 13:46:30,636 WARN  block.DeletedBlockLogImpl (DeletedBlockLogImpl.java:incrementCount(141)) - Deleted TXID not found.
2019-06-14 13:46:30,636 WARN  block.DeletedBlockLogImpl (DeletedBlockLogImpl.java:incrementCount(141)) - Deleted TXID not found.
2019-06-14 13:46:30,636 WARN  block.DeletedBlockLogImpl (DeletedBlockLogImpl.java:incrementCount(141)) - Deleted TXID not found.
2019-06-14 13:46:30,637 DEBUG block.DeletedBlockLogImpl (DeletedBlockLogImpl.java:isTransactionFailed(245)) - Got block deletion ACK from datanode, TXIDs=1, success=true
2019-06-14 13:46:30,637 WARN  events.EventWatcher (EventWatcher.java:lambda$start$0(110)) - Completion event without active lease. Id=1560519979186
2019-06-14 13:46:30,637 WARN  events.EventWatcher (EventWatcher.java:lambda$start$0(110)) - Completion event without active lease. Id=1560519979176
2019-06-14 13:46:30,638 WARN  events.EventWatcher (EventWatcher.java:lambda$start$0(110)) - Completion event without active lease. Id=1560519979177
2019-06-14 13:46:30,637 WARN  block.DeletedBlockLogImpl (DeletedBlockLogImpl.java:commitTransactions(205)) - Transaction txId=1 commit by dnId=0c156e3c-57cc-425b-90ef-9bcaa62a7535 for containerID=#1 failed. Corresponding entry not found.
2019-06-14 13:46:30,638 DEBUG block.DeletedBlockLogImpl (DeletedBlockLogImpl.java:isTransactionFailed(245)) - Got block deletion ACK from datanode, TXIDs=1, success=true
2019-06-14 13:46:30,638 WARN  block.DeletedBlockLogImpl (DeletedBlockLogImpl.java:commitTransactions(205)) - Transaction txId=1 commit by dnId=0c156e3c-57cc-425b-90ef-9bcaa62a7535 for containerID=#1 failed. Corresponding entry not found.
2019-06-14 13:46:30,638 DEBUG block.DeletedBlockLogImpl (DeletedBlockLogImpl.java:isTransactionFailed(245)) - Got block deletion ACK from datanode, TXIDs=1, success=true
2019-06-14 13:46:30,638 WARN  block.DeletedBlockLogImpl (DeletedBlockLogImpl.java:commitTransactions(205)) - Transaction txId=1 commit by dnId=0c156e3c-57cc-425b-90ef-9bcaa62a7535 for containerID=#1 failed. Corresponding entry not found.
2019-06-14 13:46:30,638 DEBUG block.DeletedBlockLogImpl (DeletedBlockLogImpl.java:isTransactionFailed(245)) - Got block deletion ACK from datanode, TXIDs=1, success=true
2019-06-14 13:46:30,638 WARN  block.DeletedBlockLogImpl (DeletedBlockLogImpl.java:commitTransactions(205)) - Transaction txId=1 commit by dnId=0c156e3c-57cc-425b-90ef-9bcaa62a7535 for containerID=#1 failed. Corresponding entry not found.
2019-06-14 13:46:30,649 DEBUG block.SCMBlockDeletingService (SCMBlockDeletingService.java:call(138)) - Running DeletedBlockTransactionScanner
2019-06-14 13:46:30,649 DEBUG block.SCMBlockDeletingService (SCMBlockDeletingService.java:call(155)) - Scanned deleted blocks log and got 0 delTX to process.
2019-06-14 13:46:30,749 DEBUG block.SCMBlockDeletingService (SCMBlockDeletingService.java:call(138)) - Running DeletedBlockTransactionScanner
2019-06-14 13:46:30,749 DEBUG block.SCMBlockDeletingService (SCMBlockDeletingService.java:call(155)) - Scanned deleted blocks log and got 0 delTX to process.
2019-06-14 13:46:30,850 DEBUG block.SCMBlockDeletingService (SCMBlockDeletingService.java:call(138)) - Running DeletedBlockTransactionScanner
2019-06-14 13:46:30,850 DEBUG block.SCMBlockDeletingService (SCMBlockDeletingService.java:call(155)) - Scanned deleted blocks log and got 0 delTX to process.
2019-06-14 13:46:30,950 DEBUG block.SCMBlockDeletingService (SCMBlockDeletingService.java:call(138)) - Running DeletedBlockTransactionScanner
2019-06-14 13:46:30,950 DEBUG block.SCMBlockDeletingService (SCMBlockDeletingService.java:call(155)) - Scanned deleted blocks log and got 0 delTX to process.
2019-06-14 13:46:31,051 DEBUG block.SCMBlockDeletingService (SCMBlockDeletingService.java:call(138)) - Running DeletedBlockTransactionScanner
2019-06-14 13:46:31,051 DEBUG block.SCMBlockDeletingService (SCMBlockDeletingService.java:call(155)) - Scanned deleted blocks log and got 0 delTX to process.
]]></system-out>
    <system-err><![CDATA[ERROR StatusLogger No Log4j 2 configuration file found. Using default configuration (logging only errors to the console), or user programmatically provided configurations. Set system property 'log4j2.debug' to show Log4j 2 internal initialization logging. See https://logging.apache.org/log4j/2.x/manual/configuration.html for instructions on how to configure Log4j 2
Jun 14, 2019 1:45:17 PM com.sun.jersey.server.impl.application.WebApplicationImpl _initiate
INFO: Initiating Jersey application, version 'Jersey: 1.19 02/11/2015 03:25 AM'
Jun 14, 2019 1:46:22 PM com.sun.jersey.server.impl.application.WebApplicationImpl _initiate
INFO: Initiating Jersey application, version 'Jersey: 1.19 02/11/2015 03:25 AM'
]]></system-err>
  </testcase>
</testsuite>