<?xml version="1.0" encoding="UTF-8"?>
<testsuite xmlns:xsi="http://www.w3.org/2001/XMLSchema-instance" xsi:noNamespaceSchemaLocation="https://maven.apache.org/surefire/maven-surefire-plugin/xsd/surefire-test-report.xsd" name="org.apache.hadoop.hdds.scm.pipeline.TestNodeFailure" time="31.388" tests="1" errors="0" skipped="1" failures="0">
  <properties>
    <property name="awt.toolkit" value="sun.awt.X11.XToolkit"/>
    <property name="file.encoding.pkg" value="sun.io"/>
    <property name="java.specification.version" value="1.8"/>
    <property name="sun.cpu.isalist" value=""/>
    <property name="sun.jnu.encoding" value="UTF-8"/>
    <property name="java.class.path" value="/opt/src/hadoop-ozone/integration-test/target/test-classes:/opt/src/hadoop-ozone/integration-test/target/classes:/root/.m2/repository/org/apache/hadoop/hadoop-ozone-common/0.5.0-SNAPSHOT/hadoop-ozone-common-0.5.0-SNAPSHOT.jar:/root/.m2/repository/org/apache/commons/commons-compress/1.4.1/commons-compress-1.4.1.jar:/root/.m2/repository/org/tukaani/xz/1.0/xz-1.0.jar:/root/.m2/repository/org/apache/hadoop/hadoop-common/3.2.0/hadoop-common-3.2.0.jar:/root/.m2/repository/org/apache/hadoop/hadoop-hdfs/3.2.0/hadoop-hdfs-3.2.0.jar:/root/.m2/repository/org/apache/hadoop/hadoop-hdfs-client/3.2.0/hadoop-hdfs-client-3.2.0.jar:/root/.m2/repository/com/fasterxml/jackson/core/jackson-annotations/2.9.5/jackson-annotations-2.9.5.jar:/root/.m2/repository/org/apache/hadoop/hadoop-hdds-common/0.5.0-SNAPSHOT/hadoop-hdds-common-0.5.0-SNAPSHOT.jar:/root/.m2/repository/javax/annotation/javax.annotation-api/1.2/javax.annotation-api-1.2.jar:/root/.m2/repository/org/apache/ratis/ratis-server/0.4.0-fe2b15d-SNAPSHOT/ratis-server-0.4.0-fe2b15d-SNAPSHOT.jar:/root/.m2/repository/org/apache/ratis/ratis-thirdparty-misc/0.2.0/ratis-thirdparty-misc-0.2.0.jar:/root/.m2/repository/org/apache/ratis/ratis-proto/0.4.0-fe2b15d-SNAPSHOT/ratis-proto-0.4.0-fe2b15d-SNAPSHOT.jar:/root/.m2/repository/org/apache/ratis/ratis-common/0.4.0-fe2b15d-SNAPSHOT/ratis-common-0.4.0-fe2b15d-SNAPSHOT.jar:/root/.m2/repository/org/apache/ratis/ratis-client/0.4.0-fe2b15d-SNAPSHOT/ratis-client-0.4.0-fe2b15d-SNAPSHOT.jar:/root/.m2/repository/org/apache/ratis/ratis-netty/0.4.0-fe2b15d-SNAPSHOT/ratis-netty-0.4.0-fe2b15d-SNAPSHOT.jar:/root/.m2/repository/org/apache/ratis/ratis-grpc/0.4.0-fe2b15d-SNAPSHOT/ratis-grpc-0.4.0-fe2b15d-SNAPSHOT.jar:/root/.m2/repository/org/rocksdb/rocksdbjni/5.14.2/rocksdbjni-5.14.2.jar:/root/.m2/repository/org/apache/logging/log4j/log4j-api/2.11.0/log4j-api-2.11.0.jar:/root/.m2/repository/org/apache/logging/log4j/log4j-core/2.11.0/log4j-core-2.11.0.jar:/root/.m2/repository/com/lmax/disruptor/3.4.2/disruptor-3.4.2.jar:/root/.m2/repository/org/apache/commons/commons-pool2/2.6.0/commons-pool2-2.6.0.jar:/root/.m2/repository/org/bouncycastle/bcpkix-jdk15on/1.60/bcpkix-jdk15on-1.60.jar:/root/.m2/repository/commons-validator/commons-validator/1.6/commons-validator-1.6.jar:/root/.m2/repository/commons-digester/commons-digester/1.8.1/commons-digester-1.8.1.jar:/root/.m2/repository/io/jaegertracing/jaeger-client/0.33.1/jaeger-client-0.33.1.jar:/root/.m2/repository/io/jaegertracing/jaeger-thrift/0.33.1/jaeger-thrift-0.33.1.jar:/root/.m2/repository/org/apache/thrift/libthrift/0.11.0/libthrift-0.11.0.jar:/root/.m2/repository/com/squareup/okhttp3/okhttp/3.9.0/okhttp-3.9.0.jar:/root/.m2/repository/com/squareup/okio/okio/1.13.0/okio-1.13.0.jar:/root/.m2/repository/io/jaegertracing/jaeger-core/0.33.1/jaeger-core-0.33.1.jar:/root/.m2/repository/io/jaegertracing/jaeger-tracerresolver/0.33.1/jaeger-tracerresolver-0.33.1.jar:/root/.m2/repository/io/opentracing/contrib/opentracing-tracerresolver/0.1.5/opentracing-tracerresolver-0.1.5.jar:/root/.m2/repository/io/opentracing/opentracing-util/0.31.0/opentracing-util-0.31.0.jar:/root/.m2/repository/io/opentracing/opentracing-api/0.31.0/opentracing-api-0.31.0.jar:/root/.m2/repository/io/opentracing/opentracing-noop/0.31.0/opentracing-noop-0.31.0.jar:/root/.m2/repository/org/apache/hadoop/hadoop-hdds-server-framework/0.5.0-SNAPSHOT/hadoop-hdds-server-framework-0.5.0-SNAPSHOT.jar:/root/.m2/repository/org/apache/hadoop/hadoop-hdds-server-scm/0.5.0-SNAPSHOT/hadoop-hdds-server-scm-0.5.0-SNAPSHOT.jar:/root/.m2/repository/org/apache/hadoop/hadoop-hdds-container-service/0.5.0-SNAPSHOT/hadoop-hdds-container-service-0.5.0-SNAPSHOT.jar:/root/.m2/repository/org/apache/hadoop/hadoop-hdds-client/0.5.0-SNAPSHOT/hadoop-hdds-client-0.5.0-SNAPSHOT.jar:/root/.m2/repository/org/apache/hadoop/hadoop-hdds-tools/0.5.0-SNAPSHOT/hadoop-hdds-tools-0.5.0-SNAPSHOT.jar:/root/.m2/repository/org/apache/hadoop/hadoop-ozone-ozone-manager/0.5.0-SNAPSHOT/hadoop-ozone-ozone-manager-0.5.0-SNAPSHOT.jar:/root/.m2/repository/org/apache/hadoop/hadoop-hdds-docs/0.5.0-SNAPSHOT/hadoop-hdds-docs-0.5.0-SNAPSHOT.jar:/root/.m2/repository/org/bouncycastle/bcprov-jdk15on/1.60/bcprov-jdk15on-1.60.jar:/root/.m2/repository/org/apache/hadoop/hadoop-minikdc/3.2.0/hadoop-minikdc-3.2.0.jar:/root/.m2/repository/commons-io/commons-io/2.5/commons-io-2.5.jar:/root/.m2/repository/org/apache/kerby/kerb-simplekdc/1.0.1/kerb-simplekdc-1.0.1.jar:/root/.m2/repository/org/apache/kerby/kerb-client/1.0.1/kerb-client-1.0.1.jar:/root/.m2/repository/org/apache/kerby/kerby-config/1.0.1/kerby-config-1.0.1.jar:/root/.m2/repository/org/apache/kerby/kerb-core/1.0.1/kerb-core-1.0.1.jar:/root/.m2/repository/org/apache/kerby/kerby-pkix/1.0.1/kerby-pkix-1.0.1.jar:/root/.m2/repository/org/apache/kerby/kerby-asn1/1.0.1/kerby-asn1-1.0.1.jar:/root/.m2/repository/org/apache/kerby/kerby-util/1.0.1/kerby-util-1.0.1.jar:/root/.m2/repository/org/apache/kerby/kerb-common/1.0.1/kerb-common-1.0.1.jar:/root/.m2/repository/org/apache/kerby/kerb-crypto/1.0.1/kerb-crypto-1.0.1.jar:/root/.m2/repository/org/apache/kerby/kerb-util/1.0.1/kerb-util-1.0.1.jar:/root/.m2/repository/org/apache/kerby/token-provider/1.0.1/token-provider-1.0.1.jar:/root/.m2/repository/org/apache/kerby/kerb-admin/1.0.1/kerb-admin-1.0.1.jar:/root/.m2/repository/org/apache/kerby/kerb-server/1.0.1/kerb-server-1.0.1.jar:/root/.m2/repository/org/apache/kerby/kerb-identity/1.0.1/kerb-identity-1.0.1.jar:/root/.m2/repository/org/apache/kerby/kerby-xdr/1.0.1/kerby-xdr-1.0.1.jar:/root/.m2/repository/org/slf4j/slf4j-log4j12/1.7.25/slf4j-log4j12-1.7.25.jar:/root/.m2/repository/org/apache/hadoop/hadoop-ozone-objectstore-service/0.5.0-SNAPSHOT/hadoop-ozone-objectstore-service-0.5.0-SNAPSHOT.jar:/root/.m2/repository/org/apache/hadoop/hadoop-ozone-s3gateway/0.5.0-SNAPSHOT/hadoop-ozone-s3gateway-0.5.0-SNAPSHOT.jar:/root/.m2/repository/org/jboss/weld/servlet/weld-servlet/2.4.7.Final/weld-servlet-2.4.7.Final.jar:/root/.m2/repository/org/glassfish/jersey/containers/jersey-container-servlet-core/2.27/jersey-container-servlet-core-2.27.jar:/root/.m2/repository/org/glassfish/hk2/external/javax.inject/2.5.0-b42/javax.inject-2.5.0-b42.jar:/root/.m2/repository/org/glassfish/jersey/core/jersey-common/2.27/jersey-common-2.27.jar:/root/.m2/repository/org/glassfish/hk2/osgi-resource-locator/1.0.1/osgi-resource-locator-1.0.1.jar:/root/.m2/repository/javax/ws/rs/javax.ws.rs-api/2.1/javax.ws.rs-api-2.1.jar:/root/.m2/repository/org/glassfish/jersey/ext/cdi/jersey-cdi1x/2.27/jersey-cdi1x-2.27.jar:/root/.m2/repository/org/glassfish/jersey/inject/jersey-hk2/2.27/jersey-hk2-2.27.jar:/root/.m2/repository/org/glassfish/hk2/hk2-locator/2.5.0-b42/hk2-locator-2.5.0-b42.jar:/root/.m2/repository/org/javassist/javassist/3.22.0-CR2/javassist-3.22.0-CR2.jar:/root/.m2/repository/org/glassfish/hk2/hk2-api/2.5.0/hk2-api-2.5.0.jar:/root/.m2/repository/org/glassfish/hk2/external/jakarta.inject/2.5.0/jakarta.inject-2.5.0.jar:/root/.m2/repository/org/glassfish/hk2/hk2-utils/2.5.0/hk2-utils-2.5.0.jar:/root/.m2/repository/jakarta/annotation/jakarta.annotation-api/1.3.4/jakarta.annotation-api-1.3.4.jar:/root/.m2/repository/org/glassfish/hk2/external/aopalliance-repackaged/2.5.0/aopalliance-repackaged-2.5.0.jar:/root/.m2/repository/com/fasterxml/jackson/dataformat/jackson-dataformat-xml/2.9.0/jackson-dataformat-xml-2.9.0.jar:/root/.m2/repository/com/fasterxml/jackson/core/jackson-core/2.9.5/jackson-core-2.9.5.jar:/root/.m2/repository/com/fasterxml/jackson/module/jackson-module-jaxb-annotations/2.9.5/jackson-module-jaxb-annotations-2.9.5.jar:/root/.m2/repository/javax/enterprise/cdi-api/1.2/cdi-api-1.2.jar:/root/.m2/repository/javax/el/javax.el-api/3.0.0/javax.el-api-3.0.0.jar:/root/.m2/repository/javax/interceptor/javax.interceptor-api/1.2/javax.interceptor-api-1.2.jar:/root/.m2/repository/javax/inject/javax.inject/1/javax.inject-1.jar:/root/.m2/repository/com/sun/xml/bind/jaxb-impl/2.3.0.1/jaxb-impl-2.3.0.1.jar:/root/.m2/repository/com/sun/xml/bind/jaxb-core/2.3.0.1/jaxb-core-2.3.0.1.jar:/root/.m2/repository/javax/xml/bind/jaxb-api/2.3.0/jaxb-api-2.3.0.jar:/root/.m2/repository/javax/activation/activation/1.1.1/activation-1.1.1.jar:/root/.m2/repository/org/apache/hadoop/hadoop-ozone-csi/0.5.0-SNAPSHOT/hadoop-ozone-csi-0.5.0-SNAPSHOT.jar:/root/.m2/repository/com/google/protobuf/protobuf-java-util/3.5.1/protobuf-java-util-3.5.1.jar:/root/.m2/repository/org/apache/hadoop/hadoop-hdds-config/0.5.0-SNAPSHOT/hadoop-hdds-config-0.5.0-SNAPSHOT.jar:/root/.m2/repository/com/google/guava/guava/11.0.2/guava-11.0.2.jar:/root/.m2/repository/com/google/protobuf/protobuf-java/2.5.0/protobuf-java-2.5.0.jar:/root/.m2/repository/io/grpc/grpc-netty/1.17.1/grpc-netty-1.17.1.jar:/root/.m2/repository/io/grpc/grpc-core/1.17.1/grpc-core-1.17.1.jar:/root/.m2/repository/io/grpc/grpc-context/1.17.1/grpc-context-1.17.1.jar:/root/.m2/repository/com/google/errorprone/error_prone_annotations/2.2.0/error_prone_annotations-2.2.0.jar:/root/.m2/repository/org/codehaus/mojo/animal-sniffer-annotations/1.17/animal-sniffer-annotations-1.17.jar:/root/.m2/repository/io/opencensus/opencensus-api/0.17.0/opencensus-api-0.17.0.jar:/root/.m2/repository/io/opencensus/opencensus-contrib-grpc-metrics/0.17.0/opencensus-contrib-grpc-metrics-0.17.0.jar:/root/.m2/repository/io/netty/netty-codec-http2/4.1.30.Final/netty-codec-http2-4.1.30.Final.jar:/root/.m2/repository/io/netty/netty-codec-http/4.1.30.Final/netty-codec-http-4.1.30.Final.jar:/root/.m2/repository/io/netty/netty-codec/4.1.30.Final/netty-codec-4.1.30.Final.jar:/root/.m2/repository/io/netty/netty-handler/4.1.30.Final/netty-handler-4.1.30.Final.jar:/root/.m2/repository/io/netty/netty-handler-proxy/4.1.30.Final/netty-handler-proxy-4.1.30.Final.jar:/root/.m2/repository/io/netty/netty-codec-socks/4.1.30.Final/netty-codec-socks-4.1.30.Final.jar:/root/.m2/repository/io/netty/netty-transport-native-epoll/4.1.30.Final/netty-transport-native-epoll-4.1.30.Final.jar:/root/.m2/repository/io/netty/netty-common/4.1.30.Final/netty-common-4.1.30.Final.jar:/root/.m2/repository/io/netty/netty-buffer/4.1.30.Final/netty-buffer-4.1.30.Final.jar:/root/.m2/repository/io/netty/netty-transport/4.1.30.Final/netty-transport-4.1.30.Final.jar:/root/.m2/repository/io/netty/netty-resolver/4.1.30.Final/netty-resolver-4.1.30.Final.jar:/root/.m2/repository/io/netty/netty-transport-native-unix-common/4.1.30.Final/netty-transport-native-unix-common-4.1.30.Final.jar:/root/.m2/repository/io/grpc/grpc-protobuf/1.17.1/grpc-protobuf-1.17.1.jar:/root/.m2/repository/com/google/api/grpc/proto-google-common-protos/1.0.0/proto-google-common-protos-1.0.0.jar:/root/.m2/repository/io/grpc/grpc-protobuf-lite/1.17.1/grpc-protobuf-lite-1.17.1.jar:/root/.m2/repository/io/grpc/grpc-stub/1.17.1/grpc-stub-1.17.1.jar:/root/.m2/repository/org/apache/hadoop/hadoop-ozone-recon/0.5.0-SNAPSHOT/hadoop-ozone-recon-0.5.0-SNAPSHOT.jar:/root/.m2/repository/org/apache/hadoop/hadoop-ozone-reconcodegen/0.5.0-SNAPSHOT/hadoop-ozone-reconcodegen-0.5.0-SNAPSHOT.jar:/root/.m2/repository/com/google/inject/extensions/guice-multibindings/4.0/guice-multibindings-4.0.jar:/root/.m2/repository/com/google/inject/guice/4.0/guice-4.0.jar:/root/.m2/repository/aopalliance/aopalliance/1.0/aopalliance-1.0.jar:/root/.m2/repository/com/google/inject/extensions/guice-servlet/4.0/guice-servlet-4.0.jar:/root/.m2/repository/org/glassfish/jersey/containers/jersey-container-servlet/2.27/jersey-container-servlet-2.27.jar:/root/.m2/repository/org/glassfish/hk2/guice-bridge/2.5.0/guice-bridge-2.5.0.jar:/root/.m2/repository/org/glassfish/jersey/core/jersey-server/2.27/jersey-server-2.27.jar:/root/.m2/repository/org/glassfish/jersey/core/jersey-client/2.27/jersey-client-2.27.jar:/root/.m2/repository/org/glassfish/jersey/media/jersey-media-jaxb/2.27/jersey-media-jaxb-2.27.jar:/root/.m2/repository/javax/validation/validation-api/1.1.0.Final/validation-api-1.1.0.Final.jar:/root/.m2/repository/org/glassfish/jersey/media/jersey-media-json-jackson/2.27/jersey-media-json-jackson-2.27.jar:/root/.m2/repository/org/glassfish/jersey/ext/jersey-entity-filtering/2.27/jersey-entity-filtering-2.27.jar:/root/.m2/repository/com/google/inject/extensions/guice-assistedinject/4.0/guice-assistedinject-4.0.jar:/root/.m2/repository/org/jooq/jooq/3.11.10/jooq-3.11.10.jar:/root/.m2/repository/org/jooq/jooq-meta/3.11.10/jooq-meta-3.11.10.jar:/root/.m2/repository/org/jooq/jooq-codegen/3.11.10/jooq-codegen-3.11.10.jar:/root/.m2/repository/com/jolbox/bonecp/0.8.0.RELEASE/bonecp-0.8.0.RELEASE.jar:/root/.m2/repository/org/xerial/sqlite-jdbc/3.25.2/sqlite-jdbc-3.25.2.jar:/root/.m2/repository/org/springframework/spring-jdbc/5.1.3.RELEASE/spring-jdbc-5.1.3.RELEASE.jar:/root/.m2/repository/org/springframework/spring-beans/5.1.3.RELEASE/spring-beans-5.1.3.RELEASE.jar:/root/.m2/repository/org/springframework/spring-core/5.1.3.RELEASE/spring-core-5.1.3.RELEASE.jar:/root/.m2/repository/org/springframework/spring-jcl/5.1.3.RELEASE/spring-jcl-5.1.3.RELEASE.jar:/root/.m2/repository/org/springframework/spring-tx/5.1.3.RELEASE/spring-tx-5.1.3.RELEASE.jar:/root/.m2/repository/org/apache/hadoop/hadoop-ozone-client/0.5.0-SNAPSHOT/hadoop-ozone-client-0.5.0-SNAPSHOT.jar:/root/.m2/repository/org/apache/hadoop/hadoop-ozone-ozone-manager/0.5.0-SNAPSHOT/hadoop-ozone-ozone-manager-0.5.0-SNAPSHOT-tests.jar:/root/.m2/repository/junit/junit/4.11/junit-4.11.jar:/root/.m2/repository/org/hamcrest/hamcrest-core/1.3/hamcrest-core-1.3.jar:/root/.m2/repository/org/openjdk/jmh/jmh-core/1.19/jmh-core-1.19.jar:/root/.m2/repository/net/sf/jopt-simple/jopt-simple/4.6/jopt-simple-4.6.jar:/root/.m2/repository/org/apache/commons/commons-math3/3.1.1/commons-math3-3.1.1.jar:/root/.m2/repository/org/openjdk/jmh/jmh-generator-annprocess/1.19/jmh-generator-annprocess-1.19.jar:/root/.m2/repository/org/mockito/mockito-all/1.8.5/mockito-all-1.8.5.jar:/root/.m2/repository/org/apache/hadoop/hadoop-kms/3.2.0/hadoop-kms-3.2.0.jar:/root/.m2/repository/org/apache/hadoop/hadoop-auth/3.2.0/hadoop-auth-3.2.0.jar:/root/.m2/repository/com/nimbusds/nimbus-jose-jwt/4.41.1/nimbus-jose-jwt-4.41.1.jar:/root/.m2/repository/com/github/stephenc/jcip/jcip-annotations/1.0-1/jcip-annotations-1.0-1.jar:/root/.m2/repository/net/minidev/json-smart/2.3/json-smart-2.3.jar:/root/.m2/repository/net/minidev/accessors-smart/1.2/accessors-smart-1.2.jar:/root/.m2/repository/org/ow2/asm/asm/5.0.4/asm-5.0.4.jar:/root/.m2/repository/org/apache/curator/curator-framework/2.12.0/curator-framework-2.12.0.jar:/root/.m2/repository/com/sun/jersey/jersey-core/1.19/jersey-core-1.19.jar:/root/.m2/repository/javax/ws/rs/jsr311-api/1.1.1/jsr311-api-1.1.1.jar:/root/.m2/repository/com/sun/jersey/jersey-server/1.19/jersey-server-1.19.jar:/root/.m2/repository/javax/servlet/javax.servlet-api/3.1.0/javax.servlet-api-3.1.0.jar:/root/.m2/repository/org/eclipse/jetty/jetty-server/9.3.24.v20180605/jetty-server-9.3.24.v20180605.jar:/root/.m2/repository/org/eclipse/jetty/jetty-http/9.3.24.v20180605/jetty-http-9.3.24.v20180605.jar:/root/.m2/repository/org/eclipse/jetty/jetty-io/9.3.24.v20180605/jetty-io-9.3.24.v20180605.jar:/root/.m2/repository/org/eclipse/jetty/jetty-webapp/9.3.24.v20180605/jetty-webapp-9.3.24.v20180605.jar:/root/.m2/repository/org/eclipse/jetty/jetty-xml/9.3.24.v20180605/jetty-xml-9.3.24.v20180605.jar:/root/.m2/repository/log4j/log4j/1.2.17/log4j-1.2.17.jar:/root/.m2/repository/org/slf4j/slf4j-api/1.7.25/slf4j-api-1.7.25.jar:/root/.m2/repository/org/slf4j/jul-to-slf4j/1.7.25/jul-to-slf4j-1.7.25.jar:/root/.m2/repository/org/eclipse/jetty/jetty-util/9.3.24.v20180605/jetty-util-9.3.24.v20180605.jar:/root/.m2/repository/io/dropwizard/metrics/metrics-core/3.2.4/metrics-core-3.2.4.jar:/root/.m2/repository/com/fasterxml/jackson/core/jackson-databind/2.9.5/jackson-databind-2.9.5.jar:/root/.m2/repository/org/apache/hadoop/hadoop-kms/3.2.0/hadoop-kms-3.2.0-tests.jar:/root/.m2/repository/org/apache/hadoop/hadoop-hdds-server-scm/0.5.0-SNAPSHOT/hadoop-hdds-server-scm-0.5.0-SNAPSHOT-tests.jar:/root/.m2/repository/org/hamcrest/hamcrest-all/1.3/hamcrest-all-1.3.jar:/root/.m2/repository/info/picocli/picocli/3.9.6/picocli-3.9.6.jar:/root/.m2/repository/org/apache/hadoop/hadoop-hdds-container-service/0.5.0-SNAPSHOT/hadoop-hdds-container-service-0.5.0-SNAPSHOT-tests.jar:/root/.m2/repository/org/yaml/snakeyaml/1.16/snakeyaml-1.16.jar:/root/.m2/repository/org/apache/hadoop/hadoop-common/3.2.0/hadoop-common-3.2.0-tests.jar:/root/.m2/repository/org/apache/hadoop/hadoop-annotations/3.2.0/hadoop-annotations-3.2.0.jar:/usr/lib/jvm/java-1.8-openjdk/jre/../lib/tools.jar:/root/.m2/repository/commons-cli/commons-cli/1.2/commons-cli-1.2.jar:/root/.m2/repository/org/apache/httpcomponents/httpclient/4.5.2/httpclient-4.5.2.jar:/root/.m2/repository/org/apache/httpcomponents/httpcore/4.4.4/httpcore-4.4.4.jar:/root/.m2/repository/commons-codec/commons-codec/1.11/commons-codec-1.11.jar:/root/.m2/repository/commons-net/commons-net/3.6/commons-net-3.6.jar:/root/.m2/repository/commons-collections/commons-collections/3.2.2/commons-collections-3.2.2.jar:/root/.m2/repository/org/eclipse/jetty/jetty-servlet/9.3.24.v20180605/jetty-servlet-9.3.24.v20180605.jar:/root/.m2/repository/org/eclipse/jetty/jetty-security/9.3.24.v20180605/jetty-security-9.3.24.v20180605.jar:/root/.m2/repository/javax/servlet/jsp/jsp-api/2.1/jsp-api-2.1.jar:/root/.m2/repository/com/sun/jersey/jersey-servlet/1.19/jersey-servlet-1.19.jar:/root/.m2/repository/com/sun/jersey/jersey-json/1.19/jersey-json-1.19.jar:/root/.m2/repository/org/codehaus/jettison/jettison/1.1/jettison-1.1.jar:/root/.m2/repository/org/codehaus/jackson/jackson-core-asl/1.9.13/jackson-core-asl-1.9.13.jar:/root/.m2/repository/org/codehaus/jackson/jackson-mapper-asl/1.9.13/jackson-mapper-asl-1.9.13.jar:/root/.m2/repository/org/codehaus/jackson/jackson-jaxrs/1.9.13/jackson-jaxrs-1.9.13.jar:/root/.m2/repository/org/codehaus/jackson/jackson-xc/1.9.13/jackson-xc-1.9.13.jar:/root/.m2/repository/commons-logging/commons-logging/1.1.3/commons-logging-1.1.3.jar:/root/.m2/repository/commons-beanutils/commons-beanutils/1.9.3/commons-beanutils-1.9.3.jar:/root/.m2/repository/org/apache/commons/commons-configuration2/2.1.1/commons-configuration2-2.1.1.jar:/root/.m2/repository/org/apache/commons/commons-lang3/3.7/commons-lang3-3.7.jar:/root/.m2/repository/org/apache/commons/commons-text/1.4/commons-text-1.4.jar:/root/.m2/repository/org/apache/avro/avro/1.7.7/avro-1.7.7.jar:/root/.m2/repository/com/thoughtworks/paranamer/paranamer/2.3/paranamer-2.3.jar:/root/.m2/repository/org/xerial/snappy/snappy-java/1.0.5/snappy-java-1.0.5.jar:/root/.m2/repository/com/google/re2j/re2j/1.1/re2j-1.1.jar:/root/.m2/repository/com/google/code/gson/gson/2.2.4/gson-2.2.4.jar:/root/.m2/repository/com/jcraft/jsch/0.1.54/jsch-0.1.54.jar:/root/.m2/repository/org/apache/curator/curator-client/2.12.0/curator-client-2.12.0.jar:/root/.m2/repository/org/apache/curator/curator-recipes/2.12.0/curator-recipes-2.12.0.jar:/root/.m2/repository/com/google/code/findbugs/jsr305/3.0.0/jsr305-3.0.0.jar:/root/.m2/repository/org/apache/htrace/htrace-core4/4.1.0-incubating/htrace-core4-4.1.0-incubating.jar:/root/.m2/repository/org/apache/zookeeper/zookeeper/3.4.13/zookeeper-3.4.13.jar:/root/.m2/repository/org/apache/yetus/audience-annotations/0.5.0/audience-annotations-0.5.0.jar:/root/.m2/repository/org/codehaus/woodstox/stax2-api/3.1.4/stax2-api-3.1.4.jar:/root/.m2/repository/com/fasterxml/woodstox/woodstox-core/5.0.3/woodstox-core-5.0.3.jar:/root/.m2/repository/dnsjava/dnsjava/2.1.7/dnsjava-2.1.7.jar:/root/.m2/repository/org/apache/hadoop/hadoop-hdfs/3.2.0/hadoop-hdfs-3.2.0-tests.jar:/root/.m2/repository/org/eclipse/jetty/jetty-util-ajax/9.3.24.v20180605/jetty-util-ajax-9.3.24.v20180605.jar:/root/.m2/repository/commons-daemon/commons-daemon/1.0.13/commons-daemon-1.0.13.jar:/root/.m2/repository/io/netty/netty/3.10.5.Final/netty-3.10.5.Final.jar:/root/.m2/repository/io/netty/netty-all/4.0.52.Final/netty-all-4.0.52.Final.jar:/root/.m2/repository/org/fusesource/leveldbjni/leveldbjni-all/1.8/leveldbjni-all-1.8.jar:"/>
    <property name="java.vm.vendor" value="IcedTea"/>
    <property name="sun.arch.data.model" value="64"/>
    <property name="test.build.dir" value="/opt/src/hadoop-ozone/integration-test/target/test-dir"/>
    <property name="test.cache.data" value=""/>
    <property name="java.vendor.url" value="https://icedtea.classpath.org"/>
    <property name="user.timezone" value=""/>
    <property name="java.vm.specification.version" value="1.8"/>
    <property name="os.name" value="Linux"/>
    <property name="test.build.data" value="/opt/src/hadoop-ozone/integration-test/target/test-dir"/>
    <property name="user.country" value="US"/>
    <property name="sun.java.launcher" value="SUN_STANDARD"/>
    <property name="sun.boot.library.path" value="/usr/lib/jvm/java-1.8-openjdk/jre/lib/amd64"/>
    <property name="sun.java.command" value="/opt/src/hadoop-ozone/integration-test/target/surefire/surefirebooter2265658978218238538.jar /opt/src/hadoop-ozone/integration-test/target/surefire 2019-06-14T13-22-20_065-jvmRun1 surefire8513093814602764135tmp surefire_82036115700948515275tmp"/>
    <property name="surefire.test.class.path" value="/opt/src/hadoop-ozone/integration-test/target/test-classes:/opt/src/hadoop-ozone/integration-test/target/classes:/root/.m2/repository/org/apache/hadoop/hadoop-ozone-common/0.5.0-SNAPSHOT/hadoop-ozone-common-0.5.0-SNAPSHOT.jar:/root/.m2/repository/org/apache/commons/commons-compress/1.4.1/commons-compress-1.4.1.jar:/root/.m2/repository/org/tukaani/xz/1.0/xz-1.0.jar:/root/.m2/repository/org/apache/hadoop/hadoop-common/3.2.0/hadoop-common-3.2.0.jar:/root/.m2/repository/org/apache/hadoop/hadoop-hdfs/3.2.0/hadoop-hdfs-3.2.0.jar:/root/.m2/repository/org/apache/hadoop/hadoop-hdfs-client/3.2.0/hadoop-hdfs-client-3.2.0.jar:/root/.m2/repository/com/fasterxml/jackson/core/jackson-annotations/2.9.5/jackson-annotations-2.9.5.jar:/root/.m2/repository/org/apache/hadoop/hadoop-hdds-common/0.5.0-SNAPSHOT/hadoop-hdds-common-0.5.0-SNAPSHOT.jar:/root/.m2/repository/javax/annotation/javax.annotation-api/1.2/javax.annotation-api-1.2.jar:/root/.m2/repository/org/apache/ratis/ratis-server/0.4.0-fe2b15d-SNAPSHOT/ratis-server-0.4.0-fe2b15d-SNAPSHOT.jar:/root/.m2/repository/org/apache/ratis/ratis-thirdparty-misc/0.2.0/ratis-thirdparty-misc-0.2.0.jar:/root/.m2/repository/org/apache/ratis/ratis-proto/0.4.0-fe2b15d-SNAPSHOT/ratis-proto-0.4.0-fe2b15d-SNAPSHOT.jar:/root/.m2/repository/org/apache/ratis/ratis-common/0.4.0-fe2b15d-SNAPSHOT/ratis-common-0.4.0-fe2b15d-SNAPSHOT.jar:/root/.m2/repository/org/apache/ratis/ratis-client/0.4.0-fe2b15d-SNAPSHOT/ratis-client-0.4.0-fe2b15d-SNAPSHOT.jar:/root/.m2/repository/org/apache/ratis/ratis-netty/0.4.0-fe2b15d-SNAPSHOT/ratis-netty-0.4.0-fe2b15d-SNAPSHOT.jar:/root/.m2/repository/org/apache/ratis/ratis-grpc/0.4.0-fe2b15d-SNAPSHOT/ratis-grpc-0.4.0-fe2b15d-SNAPSHOT.jar:/root/.m2/repository/org/rocksdb/rocksdbjni/5.14.2/rocksdbjni-5.14.2.jar:/root/.m2/repository/org/apache/logging/log4j/log4j-api/2.11.0/log4j-api-2.11.0.jar:/root/.m2/repository/org/apache/logging/log4j/log4j-core/2.11.0/log4j-core-2.11.0.jar:/root/.m2/repository/com/lmax/disruptor/3.4.2/disruptor-3.4.2.jar:/root/.m2/repository/org/apache/commons/commons-pool2/2.6.0/commons-pool2-2.6.0.jar:/root/.m2/repository/org/bouncycastle/bcpkix-jdk15on/1.60/bcpkix-jdk15on-1.60.jar:/root/.m2/repository/commons-validator/commons-validator/1.6/commons-validator-1.6.jar:/root/.m2/repository/commons-digester/commons-digester/1.8.1/commons-digester-1.8.1.jar:/root/.m2/repository/io/jaegertracing/jaeger-client/0.33.1/jaeger-client-0.33.1.jar:/root/.m2/repository/io/jaegertracing/jaeger-thrift/0.33.1/jaeger-thrift-0.33.1.jar:/root/.m2/repository/org/apache/thrift/libthrift/0.11.0/libthrift-0.11.0.jar:/root/.m2/repository/com/squareup/okhttp3/okhttp/3.9.0/okhttp-3.9.0.jar:/root/.m2/repository/com/squareup/okio/okio/1.13.0/okio-1.13.0.jar:/root/.m2/repository/io/jaegertracing/jaeger-core/0.33.1/jaeger-core-0.33.1.jar:/root/.m2/repository/io/jaegertracing/jaeger-tracerresolver/0.33.1/jaeger-tracerresolver-0.33.1.jar:/root/.m2/repository/io/opentracing/contrib/opentracing-tracerresolver/0.1.5/opentracing-tracerresolver-0.1.5.jar:/root/.m2/repository/io/opentracing/opentracing-util/0.31.0/opentracing-util-0.31.0.jar:/root/.m2/repository/io/opentracing/opentracing-api/0.31.0/opentracing-api-0.31.0.jar:/root/.m2/repository/io/opentracing/opentracing-noop/0.31.0/opentracing-noop-0.31.0.jar:/root/.m2/repository/org/apache/hadoop/hadoop-hdds-server-framework/0.5.0-SNAPSHOT/hadoop-hdds-server-framework-0.5.0-SNAPSHOT.jar:/root/.m2/repository/org/apache/hadoop/hadoop-hdds-server-scm/0.5.0-SNAPSHOT/hadoop-hdds-server-scm-0.5.0-SNAPSHOT.jar:/root/.m2/repository/org/apache/hadoop/hadoop-hdds-container-service/0.5.0-SNAPSHOT/hadoop-hdds-container-service-0.5.0-SNAPSHOT.jar:/root/.m2/repository/org/apache/hadoop/hadoop-hdds-client/0.5.0-SNAPSHOT/hadoop-hdds-client-0.5.0-SNAPSHOT.jar:/root/.m2/repository/org/apache/hadoop/hadoop-hdds-tools/0.5.0-SNAPSHOT/hadoop-hdds-tools-0.5.0-SNAPSHOT.jar:/root/.m2/repository/org/apache/hadoop/hadoop-ozone-ozone-manager/0.5.0-SNAPSHOT/hadoop-ozone-ozone-manager-0.5.0-SNAPSHOT.jar:/root/.m2/repository/org/apache/hadoop/hadoop-hdds-docs/0.5.0-SNAPSHOT/hadoop-hdds-docs-0.5.0-SNAPSHOT.jar:/root/.m2/repository/org/bouncycastle/bcprov-jdk15on/1.60/bcprov-jdk15on-1.60.jar:/root/.m2/repository/org/apache/hadoop/hadoop-minikdc/3.2.0/hadoop-minikdc-3.2.0.jar:/root/.m2/repository/commons-io/commons-io/2.5/commons-io-2.5.jar:/root/.m2/repository/org/apache/kerby/kerb-simplekdc/1.0.1/kerb-simplekdc-1.0.1.jar:/root/.m2/repository/org/apache/kerby/kerb-client/1.0.1/kerb-client-1.0.1.jar:/root/.m2/repository/org/apache/kerby/kerby-config/1.0.1/kerby-config-1.0.1.jar:/root/.m2/repository/org/apache/kerby/kerb-core/1.0.1/kerb-core-1.0.1.jar:/root/.m2/repository/org/apache/kerby/kerby-pkix/1.0.1/kerby-pkix-1.0.1.jar:/root/.m2/repository/org/apache/kerby/kerby-asn1/1.0.1/kerby-asn1-1.0.1.jar:/root/.m2/repository/org/apache/kerby/kerby-util/1.0.1/kerby-util-1.0.1.jar:/root/.m2/repository/org/apache/kerby/kerb-common/1.0.1/kerb-common-1.0.1.jar:/root/.m2/repository/org/apache/kerby/kerb-crypto/1.0.1/kerb-crypto-1.0.1.jar:/root/.m2/repository/org/apache/kerby/kerb-util/1.0.1/kerb-util-1.0.1.jar:/root/.m2/repository/org/apache/kerby/token-provider/1.0.1/token-provider-1.0.1.jar:/root/.m2/repository/org/apache/kerby/kerb-admin/1.0.1/kerb-admin-1.0.1.jar:/root/.m2/repository/org/apache/kerby/kerb-server/1.0.1/kerb-server-1.0.1.jar:/root/.m2/repository/org/apache/kerby/kerb-identity/1.0.1/kerb-identity-1.0.1.jar:/root/.m2/repository/org/apache/kerby/kerby-xdr/1.0.1/kerby-xdr-1.0.1.jar:/root/.m2/repository/org/slf4j/slf4j-log4j12/1.7.25/slf4j-log4j12-1.7.25.jar:/root/.m2/repository/org/apache/hadoop/hadoop-ozone-objectstore-service/0.5.0-SNAPSHOT/hadoop-ozone-objectstore-service-0.5.0-SNAPSHOT.jar:/root/.m2/repository/org/apache/hadoop/hadoop-ozone-s3gateway/0.5.0-SNAPSHOT/hadoop-ozone-s3gateway-0.5.0-SNAPSHOT.jar:/root/.m2/repository/org/jboss/weld/servlet/weld-servlet/2.4.7.Final/weld-servlet-2.4.7.Final.jar:/root/.m2/repository/org/glassfish/jersey/containers/jersey-container-servlet-core/2.27/jersey-container-servlet-core-2.27.jar:/root/.m2/repository/org/glassfish/hk2/external/javax.inject/2.5.0-b42/javax.inject-2.5.0-b42.jar:/root/.m2/repository/org/glassfish/jersey/core/jersey-common/2.27/jersey-common-2.27.jar:/root/.m2/repository/org/glassfish/hk2/osgi-resource-locator/1.0.1/osgi-resource-locator-1.0.1.jar:/root/.m2/repository/javax/ws/rs/javax.ws.rs-api/2.1/javax.ws.rs-api-2.1.jar:/root/.m2/repository/org/glassfish/jersey/ext/cdi/jersey-cdi1x/2.27/jersey-cdi1x-2.27.jar:/root/.m2/repository/org/glassfish/jersey/inject/jersey-hk2/2.27/jersey-hk2-2.27.jar:/root/.m2/repository/org/glassfish/hk2/hk2-locator/2.5.0-b42/hk2-locator-2.5.0-b42.jar:/root/.m2/repository/org/javassist/javassist/3.22.0-CR2/javassist-3.22.0-CR2.jar:/root/.m2/repository/org/glassfish/hk2/hk2-api/2.5.0/hk2-api-2.5.0.jar:/root/.m2/repository/org/glassfish/hk2/external/jakarta.inject/2.5.0/jakarta.inject-2.5.0.jar:/root/.m2/repository/org/glassfish/hk2/hk2-utils/2.5.0/hk2-utils-2.5.0.jar:/root/.m2/repository/jakarta/annotation/jakarta.annotation-api/1.3.4/jakarta.annotation-api-1.3.4.jar:/root/.m2/repository/org/glassfish/hk2/external/aopalliance-repackaged/2.5.0/aopalliance-repackaged-2.5.0.jar:/root/.m2/repository/com/fasterxml/jackson/dataformat/jackson-dataformat-xml/2.9.0/jackson-dataformat-xml-2.9.0.jar:/root/.m2/repository/com/fasterxml/jackson/core/jackson-core/2.9.5/jackson-core-2.9.5.jar:/root/.m2/repository/com/fasterxml/jackson/module/jackson-module-jaxb-annotations/2.9.5/jackson-module-jaxb-annotations-2.9.5.jar:/root/.m2/repository/javax/enterprise/cdi-api/1.2/cdi-api-1.2.jar:/root/.m2/repository/javax/el/javax.el-api/3.0.0/javax.el-api-3.0.0.jar:/root/.m2/repository/javax/interceptor/javax.interceptor-api/1.2/javax.interceptor-api-1.2.jar:/root/.m2/repository/javax/inject/javax.inject/1/javax.inject-1.jar:/root/.m2/repository/com/sun/xml/bind/jaxb-impl/2.3.0.1/jaxb-impl-2.3.0.1.jar:/root/.m2/repository/com/sun/xml/bind/jaxb-core/2.3.0.1/jaxb-core-2.3.0.1.jar:/root/.m2/repository/javax/xml/bind/jaxb-api/2.3.0/jaxb-api-2.3.0.jar:/root/.m2/repository/javax/activation/activation/1.1.1/activation-1.1.1.jar:/root/.m2/repository/org/apache/hadoop/hadoop-ozone-csi/0.5.0-SNAPSHOT/hadoop-ozone-csi-0.5.0-SNAPSHOT.jar:/root/.m2/repository/com/google/protobuf/protobuf-java-util/3.5.1/protobuf-java-util-3.5.1.jar:/root/.m2/repository/org/apache/hadoop/hadoop-hdds-config/0.5.0-SNAPSHOT/hadoop-hdds-config-0.5.0-SNAPSHOT.jar:/root/.m2/repository/com/google/guava/guava/11.0.2/guava-11.0.2.jar:/root/.m2/repository/com/google/protobuf/protobuf-java/2.5.0/protobuf-java-2.5.0.jar:/root/.m2/repository/io/grpc/grpc-netty/1.17.1/grpc-netty-1.17.1.jar:/root/.m2/repository/io/grpc/grpc-core/1.17.1/grpc-core-1.17.1.jar:/root/.m2/repository/io/grpc/grpc-context/1.17.1/grpc-context-1.17.1.jar:/root/.m2/repository/com/google/errorprone/error_prone_annotations/2.2.0/error_prone_annotations-2.2.0.jar:/root/.m2/repository/org/codehaus/mojo/animal-sniffer-annotations/1.17/animal-sniffer-annotations-1.17.jar:/root/.m2/repository/io/opencensus/opencensus-api/0.17.0/opencensus-api-0.17.0.jar:/root/.m2/repository/io/opencensus/opencensus-contrib-grpc-metrics/0.17.0/opencensus-contrib-grpc-metrics-0.17.0.jar:/root/.m2/repository/io/netty/netty-codec-http2/4.1.30.Final/netty-codec-http2-4.1.30.Final.jar:/root/.m2/repository/io/netty/netty-codec-http/4.1.30.Final/netty-codec-http-4.1.30.Final.jar:/root/.m2/repository/io/netty/netty-codec/4.1.30.Final/netty-codec-4.1.30.Final.jar:/root/.m2/repository/io/netty/netty-handler/4.1.30.Final/netty-handler-4.1.30.Final.jar:/root/.m2/repository/io/netty/netty-handler-proxy/4.1.30.Final/netty-handler-proxy-4.1.30.Final.jar:/root/.m2/repository/io/netty/netty-codec-socks/4.1.30.Final/netty-codec-socks-4.1.30.Final.jar:/root/.m2/repository/io/netty/netty-transport-native-epoll/4.1.30.Final/netty-transport-native-epoll-4.1.30.Final.jar:/root/.m2/repository/io/netty/netty-common/4.1.30.Final/netty-common-4.1.30.Final.jar:/root/.m2/repository/io/netty/netty-buffer/4.1.30.Final/netty-buffer-4.1.30.Final.jar:/root/.m2/repository/io/netty/netty-transport/4.1.30.Final/netty-transport-4.1.30.Final.jar:/root/.m2/repository/io/netty/netty-resolver/4.1.30.Final/netty-resolver-4.1.30.Final.jar:/root/.m2/repository/io/netty/netty-transport-native-unix-common/4.1.30.Final/netty-transport-native-unix-common-4.1.30.Final.jar:/root/.m2/repository/io/grpc/grpc-protobuf/1.17.1/grpc-protobuf-1.17.1.jar:/root/.m2/repository/com/google/api/grpc/proto-google-common-protos/1.0.0/proto-google-common-protos-1.0.0.jar:/root/.m2/repository/io/grpc/grpc-protobuf-lite/1.17.1/grpc-protobuf-lite-1.17.1.jar:/root/.m2/repository/io/grpc/grpc-stub/1.17.1/grpc-stub-1.17.1.jar:/root/.m2/repository/org/apache/hadoop/hadoop-ozone-recon/0.5.0-SNAPSHOT/hadoop-ozone-recon-0.5.0-SNAPSHOT.jar:/root/.m2/repository/org/apache/hadoop/hadoop-ozone-reconcodegen/0.5.0-SNAPSHOT/hadoop-ozone-reconcodegen-0.5.0-SNAPSHOT.jar:/root/.m2/repository/com/google/inject/extensions/guice-multibindings/4.0/guice-multibindings-4.0.jar:/root/.m2/repository/com/google/inject/guice/4.0/guice-4.0.jar:/root/.m2/repository/aopalliance/aopalliance/1.0/aopalliance-1.0.jar:/root/.m2/repository/com/google/inject/extensions/guice-servlet/4.0/guice-servlet-4.0.jar:/root/.m2/repository/org/glassfish/jersey/containers/jersey-container-servlet/2.27/jersey-container-servlet-2.27.jar:/root/.m2/repository/org/glassfish/hk2/guice-bridge/2.5.0/guice-bridge-2.5.0.jar:/root/.m2/repository/org/glassfish/jersey/core/jersey-server/2.27/jersey-server-2.27.jar:/root/.m2/repository/org/glassfish/jersey/core/jersey-client/2.27/jersey-client-2.27.jar:/root/.m2/repository/org/glassfish/jersey/media/jersey-media-jaxb/2.27/jersey-media-jaxb-2.27.jar:/root/.m2/repository/javax/validation/validation-api/1.1.0.Final/validation-api-1.1.0.Final.jar:/root/.m2/repository/org/glassfish/jersey/media/jersey-media-json-jackson/2.27/jersey-media-json-jackson-2.27.jar:/root/.m2/repository/org/glassfish/jersey/ext/jersey-entity-filtering/2.27/jersey-entity-filtering-2.27.jar:/root/.m2/repository/com/google/inject/extensions/guice-assistedinject/4.0/guice-assistedinject-4.0.jar:/root/.m2/repository/org/jooq/jooq/3.11.10/jooq-3.11.10.jar:/root/.m2/repository/org/jooq/jooq-meta/3.11.10/jooq-meta-3.11.10.jar:/root/.m2/repository/org/jooq/jooq-codegen/3.11.10/jooq-codegen-3.11.10.jar:/root/.m2/repository/com/jolbox/bonecp/0.8.0.RELEASE/bonecp-0.8.0.RELEASE.jar:/root/.m2/repository/org/xerial/sqlite-jdbc/3.25.2/sqlite-jdbc-3.25.2.jar:/root/.m2/repository/org/springframework/spring-jdbc/5.1.3.RELEASE/spring-jdbc-5.1.3.RELEASE.jar:/root/.m2/repository/org/springframework/spring-beans/5.1.3.RELEASE/spring-beans-5.1.3.RELEASE.jar:/root/.m2/repository/org/springframework/spring-core/5.1.3.RELEASE/spring-core-5.1.3.RELEASE.jar:/root/.m2/repository/org/springframework/spring-jcl/5.1.3.RELEASE/spring-jcl-5.1.3.RELEASE.jar:/root/.m2/repository/org/springframework/spring-tx/5.1.3.RELEASE/spring-tx-5.1.3.RELEASE.jar:/root/.m2/repository/org/apache/hadoop/hadoop-ozone-client/0.5.0-SNAPSHOT/hadoop-ozone-client-0.5.0-SNAPSHOT.jar:/root/.m2/repository/org/apache/hadoop/hadoop-ozone-ozone-manager/0.5.0-SNAPSHOT/hadoop-ozone-ozone-manager-0.5.0-SNAPSHOT-tests.jar:/root/.m2/repository/junit/junit/4.11/junit-4.11.jar:/root/.m2/repository/org/hamcrest/hamcrest-core/1.3/hamcrest-core-1.3.jar:/root/.m2/repository/org/openjdk/jmh/jmh-core/1.19/jmh-core-1.19.jar:/root/.m2/repository/net/sf/jopt-simple/jopt-simple/4.6/jopt-simple-4.6.jar:/root/.m2/repository/org/apache/commons/commons-math3/3.1.1/commons-math3-3.1.1.jar:/root/.m2/repository/org/openjdk/jmh/jmh-generator-annprocess/1.19/jmh-generator-annprocess-1.19.jar:/root/.m2/repository/org/mockito/mockito-all/1.8.5/mockito-all-1.8.5.jar:/root/.m2/repository/org/apache/hadoop/hadoop-kms/3.2.0/hadoop-kms-3.2.0.jar:/root/.m2/repository/org/apache/hadoop/hadoop-auth/3.2.0/hadoop-auth-3.2.0.jar:/root/.m2/repository/com/nimbusds/nimbus-jose-jwt/4.41.1/nimbus-jose-jwt-4.41.1.jar:/root/.m2/repository/com/github/stephenc/jcip/jcip-annotations/1.0-1/jcip-annotations-1.0-1.jar:/root/.m2/repository/net/minidev/json-smart/2.3/json-smart-2.3.jar:/root/.m2/repository/net/minidev/accessors-smart/1.2/accessors-smart-1.2.jar:/root/.m2/repository/org/ow2/asm/asm/5.0.4/asm-5.0.4.jar:/root/.m2/repository/org/apache/curator/curator-framework/2.12.0/curator-framework-2.12.0.jar:/root/.m2/repository/com/sun/jersey/jersey-core/1.19/jersey-core-1.19.jar:/root/.m2/repository/javax/ws/rs/jsr311-api/1.1.1/jsr311-api-1.1.1.jar:/root/.m2/repository/com/sun/jersey/jersey-server/1.19/jersey-server-1.19.jar:/root/.m2/repository/javax/servlet/javax.servlet-api/3.1.0/javax.servlet-api-3.1.0.jar:/root/.m2/repository/org/eclipse/jetty/jetty-server/9.3.24.v20180605/jetty-server-9.3.24.v20180605.jar:/root/.m2/repository/org/eclipse/jetty/jetty-http/9.3.24.v20180605/jetty-http-9.3.24.v20180605.jar:/root/.m2/repository/org/eclipse/jetty/jetty-io/9.3.24.v20180605/jetty-io-9.3.24.v20180605.jar:/root/.m2/repository/org/eclipse/jetty/jetty-webapp/9.3.24.v20180605/jetty-webapp-9.3.24.v20180605.jar:/root/.m2/repository/org/eclipse/jetty/jetty-xml/9.3.24.v20180605/jetty-xml-9.3.24.v20180605.jar:/root/.m2/repository/log4j/log4j/1.2.17/log4j-1.2.17.jar:/root/.m2/repository/org/slf4j/slf4j-api/1.7.25/slf4j-api-1.7.25.jar:/root/.m2/repository/org/slf4j/jul-to-slf4j/1.7.25/jul-to-slf4j-1.7.25.jar:/root/.m2/repository/org/eclipse/jetty/jetty-util/9.3.24.v20180605/jetty-util-9.3.24.v20180605.jar:/root/.m2/repository/io/dropwizard/metrics/metrics-core/3.2.4/metrics-core-3.2.4.jar:/root/.m2/repository/com/fasterxml/jackson/core/jackson-databind/2.9.5/jackson-databind-2.9.5.jar:/root/.m2/repository/org/apache/hadoop/hadoop-kms/3.2.0/hadoop-kms-3.2.0-tests.jar:/root/.m2/repository/org/apache/hadoop/hadoop-hdds-server-scm/0.5.0-SNAPSHOT/hadoop-hdds-server-scm-0.5.0-SNAPSHOT-tests.jar:/root/.m2/repository/org/hamcrest/hamcrest-all/1.3/hamcrest-all-1.3.jar:/root/.m2/repository/info/picocli/picocli/3.9.6/picocli-3.9.6.jar:/root/.m2/repository/org/apache/hadoop/hadoop-hdds-container-service/0.5.0-SNAPSHOT/hadoop-hdds-container-service-0.5.0-SNAPSHOT-tests.jar:/root/.m2/repository/org/yaml/snakeyaml/1.16/snakeyaml-1.16.jar:/root/.m2/repository/org/apache/hadoop/hadoop-common/3.2.0/hadoop-common-3.2.0-tests.jar:/root/.m2/repository/org/apache/hadoop/hadoop-annotations/3.2.0/hadoop-annotations-3.2.0.jar:/usr/lib/jvm/java-1.8-openjdk/jre/../lib/tools.jar:/root/.m2/repository/commons-cli/commons-cli/1.2/commons-cli-1.2.jar:/root/.m2/repository/org/apache/httpcomponents/httpclient/4.5.2/httpclient-4.5.2.jar:/root/.m2/repository/org/apache/httpcomponents/httpcore/4.4.4/httpcore-4.4.4.jar:/root/.m2/repository/commons-codec/commons-codec/1.11/commons-codec-1.11.jar:/root/.m2/repository/commons-net/commons-net/3.6/commons-net-3.6.jar:/root/.m2/repository/commons-collections/commons-collections/3.2.2/commons-collections-3.2.2.jar:/root/.m2/repository/org/eclipse/jetty/jetty-servlet/9.3.24.v20180605/jetty-servlet-9.3.24.v20180605.jar:/root/.m2/repository/org/eclipse/jetty/jetty-security/9.3.24.v20180605/jetty-security-9.3.24.v20180605.jar:/root/.m2/repository/javax/servlet/jsp/jsp-api/2.1/jsp-api-2.1.jar:/root/.m2/repository/com/sun/jersey/jersey-servlet/1.19/jersey-servlet-1.19.jar:/root/.m2/repository/com/sun/jersey/jersey-json/1.19/jersey-json-1.19.jar:/root/.m2/repository/org/codehaus/jettison/jettison/1.1/jettison-1.1.jar:/root/.m2/repository/org/codehaus/jackson/jackson-core-asl/1.9.13/jackson-core-asl-1.9.13.jar:/root/.m2/repository/org/codehaus/jackson/jackson-mapper-asl/1.9.13/jackson-mapper-asl-1.9.13.jar:/root/.m2/repository/org/codehaus/jackson/jackson-jaxrs/1.9.13/jackson-jaxrs-1.9.13.jar:/root/.m2/repository/org/codehaus/jackson/jackson-xc/1.9.13/jackson-xc-1.9.13.jar:/root/.m2/repository/commons-logging/commons-logging/1.1.3/commons-logging-1.1.3.jar:/root/.m2/repository/commons-beanutils/commons-beanutils/1.9.3/commons-beanutils-1.9.3.jar:/root/.m2/repository/org/apache/commons/commons-configuration2/2.1.1/commons-configuration2-2.1.1.jar:/root/.m2/repository/org/apache/commons/commons-lang3/3.7/commons-lang3-3.7.jar:/root/.m2/repository/org/apache/commons/commons-text/1.4/commons-text-1.4.jar:/root/.m2/repository/org/apache/avro/avro/1.7.7/avro-1.7.7.jar:/root/.m2/repository/com/thoughtworks/paranamer/paranamer/2.3/paranamer-2.3.jar:/root/.m2/repository/org/xerial/snappy/snappy-java/1.0.5/snappy-java-1.0.5.jar:/root/.m2/repository/com/google/re2j/re2j/1.1/re2j-1.1.jar:/root/.m2/repository/com/google/code/gson/gson/2.2.4/gson-2.2.4.jar:/root/.m2/repository/com/jcraft/jsch/0.1.54/jsch-0.1.54.jar:/root/.m2/repository/org/apache/curator/curator-client/2.12.0/curator-client-2.12.0.jar:/root/.m2/repository/org/apache/curator/curator-recipes/2.12.0/curator-recipes-2.12.0.jar:/root/.m2/repository/com/google/code/findbugs/jsr305/3.0.0/jsr305-3.0.0.jar:/root/.m2/repository/org/apache/htrace/htrace-core4/4.1.0-incubating/htrace-core4-4.1.0-incubating.jar:/root/.m2/repository/org/apache/zookeeper/zookeeper/3.4.13/zookeeper-3.4.13.jar:/root/.m2/repository/org/apache/yetus/audience-annotations/0.5.0/audience-annotations-0.5.0.jar:/root/.m2/repository/org/codehaus/woodstox/stax2-api/3.1.4/stax2-api-3.1.4.jar:/root/.m2/repository/com/fasterxml/woodstox/woodstox-core/5.0.3/woodstox-core-5.0.3.jar:/root/.m2/repository/dnsjava/dnsjava/2.1.7/dnsjava-2.1.7.jar:/root/.m2/repository/org/apache/hadoop/hadoop-hdfs/3.2.0/hadoop-hdfs-3.2.0-tests.jar:/root/.m2/repository/org/eclipse/jetty/jetty-util-ajax/9.3.24.v20180605/jetty-util-ajax-9.3.24.v20180605.jar:/root/.m2/repository/commons-daemon/commons-daemon/1.0.13/commons-daemon-1.0.13.jar:/root/.m2/repository/io/netty/netty/3.10.5.Final/netty-3.10.5.Final.jar:/root/.m2/repository/io/netty/netty-all/4.0.52.Final/netty-all-4.0.52.Final.jar:/root/.m2/repository/org/fusesource/leveldbjni/leveldbjni-all/1.8/leveldbjni-all-1.8.jar:"/>
    <property name="sun.cpu.endian" value="little"/>
    <property name="user.home" value="/root"/>
    <property name="user.language" value="en"/>
    <property name="java.specification.vendor" value="Oracle Corporation"/>
    <property name="java.home" value="/usr/lib/jvm/java-1.8-openjdk/jre"/>
    <property name="java.security.krb5.conf" value="/opt/src/hadoop-ozone/integration-test/target/test-classes/krb5.conf"/>
    <property name="basedir" value="/opt/src/hadoop-ozone/integration-test"/>
    <property name="file.separator" value="/"/>
    <property name="line.separator" value="&#10;"/>
    <property name="java.vm.specification.vendor" value="Oracle Corporation"/>
    <property name="java.specification.name" value="Java Platform API Specification"/>
    <property name="java.awt.graphicsenv" value="sun.awt.X11GraphicsEnvironment"/>
    <property name="surefire.real.class.path" value="/opt/src/hadoop-ozone/integration-test/target/surefire/surefirebooter2265658978218238538.jar"/>
    <property name="hadoop.log.dir" value="/opt/src/hadoop-ozone/integration-test/target/log"/>
    <property name="sun.boot.class.path" value="/usr/lib/jvm/java-1.8-openjdk/jre/lib/resources.jar:/usr/lib/jvm/java-1.8-openjdk/jre/lib/rt.jar:/usr/lib/jvm/java-1.8-openjdk/jre/lib/sunrsasign.jar:/usr/lib/jvm/java-1.8-openjdk/jre/lib/jsse.jar:/usr/lib/jvm/java-1.8-openjdk/jre/lib/jce.jar:/usr/lib/jvm/java-1.8-openjdk/jre/lib/charsets.jar:/usr/lib/jvm/java-1.8-openjdk/jre/lib/jfr.jar:/usr/lib/jvm/java-1.8-openjdk/jre/classes"/>
    <property name="sun.management.compiler" value="HotSpot 64-Bit Tiered Compilers"/>
    <property name="java.runtime.version" value="1.8.0_212-b04"/>
    <property name="java.net.preferIPv4Stack" value="true"/>
    <property name="user.name" value="root"/>
    <property name="path.separator" value=":"/>
    <property name="java.security.egd" value="file:///dev/urandom"/>
    <property name="os.version" value="4.15.0-1021-aws"/>
    <property name="java.endorsed.dirs" value="/usr/lib/jvm/java-1.8-openjdk/jre/lib/endorsed"/>
    <property name="java.runtime.name" value="OpenJDK Runtime Environment"/>
    <property name="file.encoding" value="UTF-8"/>
    <property name="java.vm.name" value="OpenJDK 64-Bit Server VM"/>
    <property name="test.build.webapps" value=""/>
    <property name="localRepository" value="/root/.m2/repository"/>
    <property name="java.vendor.url.bug" value="https://icedtea.classpath.org/bugzilla"/>
    <property name="java.io.tmpdir" value="/tmp"/>
    <property name="require.test.libhadoop" value=""/>
    <property name="java.version" value="1.8.0_212"/>
    <property name="user.dir" value="/opt/src/hadoop-ozone/integration-test"/>
    <property name="os.arch" value="amd64"/>
    <property name="java.vm.specification.name" value="Java Virtual Machine Specification"/>
    <property name="test.build.classes" value="/opt/src/hadoop-ozone/integration-test/target/test-classes"/>
    <property name="java.awt.printerjob" value="sun.print.PSPrinterJob"/>
    <property name="sun.os.patch.level" value="unknown"/>
    <property name="hadoop.tmp.dir" value="/opt/src/hadoop-ozone/integration-test/target/tmp"/>
    <property name="java.library.path" value="/usr/lib/jvm/java-1.8-openjdk/jre/lib/amd64/server:/usr/lib/jvm/java-1.8-openjdk/jre/lib/amd64:/usr/lib/jvm/java-1.8-openjdk/jre/../lib/amd64:/opt/src/hadoop-ozone/integration-test/target/native/target/usr/local/lib:/opt/src/hadoop-ozone/integration-test/../../hadoop-common-project/hadoop-common/target/native/target/usr/local/lib:/usr/java/packages/lib/amd64:/usr/lib64:/lib64:/lib:/usr/lib"/>
    <property name="java.vm.info" value="mixed mode"/>
    <property name="java.vendor" value="IcedTea"/>
    <property name="java.vm.version" value="25.212-b04"/>
    <property name="java.ext.dirs" value="/usr/lib/jvm/java-1.8-openjdk/jre/lib/ext:/usr/java/packages/lib/ext"/>
    <property name="sun.io.unicode.encoding" value="UnicodeLittle"/>
    <property name="java.class.version" value="52.0"/>
  </properties>
  <testcase name="testPipelineFail" classname="org.apache.hadoop.hdds.scm.pipeline.TestNodeFailure" time="0">
    <skipped/>
    <system-out><![CDATA[2019-06-14 13:26:17,855 WARN  server.ServerUtils (ServerUtils.java:getScmDbDir(145)) - ozone.scm.db.dirs is not configured. We recommend adding this setting. Falling back to ozone.metadata.dirs instead.
2019-06-14 13:26:18,011 WARN  server.ServerUtils (ServerUtils.java:getScmDbDir(145)) - ozone.scm.db.dirs is not configured. We recommend adding this setting. Falling back to ozone.metadata.dirs instead.
2019-06-14 13:26:18,015 WARN  server.ServerUtils (ServerUtils.java:getScmDbDir(145)) - ozone.scm.db.dirs is not configured. We recommend adding this setting. Falling back to ozone.metadata.dirs instead.
2019-06-14 13:26:18,054 INFO  util.log (Log.java:initialized(192)) - Logging initialized @985ms
2019-06-14 13:26:18,178 INFO  db.DBStoreBuilder (DBStoreBuilder.java:addTable(110)) - using custom profile for table: deletedBlocks
2019-06-14 13:26:18,179 INFO  db.DBStoreBuilder (DBStoreBuilder.java:processTables(161)) - Using default column profile:DBProfile.DISK for Table:deletedBlocks
2019-06-14 13:26:18,180 INFO  db.DBStoreBuilder (DBStoreBuilder.java:addTable(110)) - using custom profile for table: validCerts
2019-06-14 13:26:18,180 INFO  db.DBStoreBuilder (DBStoreBuilder.java:processTables(161)) - Using default column profile:DBProfile.DISK for Table:validCerts
2019-06-14 13:26:18,181 INFO  db.DBStoreBuilder (DBStoreBuilder.java:addTable(110)) - using custom profile for table: revokedCerts
2019-06-14 13:26:18,181 INFO  db.DBStoreBuilder (DBStoreBuilder.java:processTables(161)) - Using default column profile:DBProfile.DISK for Table:revokedCerts
2019-06-14 13:26:18,195 INFO  db.DBStoreBuilder (DBStoreBuilder.java:addTable(110)) - using custom profile for table: default
2019-06-14 13:26:18,195 INFO  db.DBStoreBuilder (DBStoreBuilder.java:processTables(167)) - Using default column profile:DBProfile.DISK for Table:default
2019-06-14 13:26:18,197 INFO  db.DBStoreBuilder (DBStoreBuilder.java:getDbProfile(198)) - Using default options. DBProfile.DISK
2019-06-14 13:26:18,295 INFO  node.SCMNodeManager (SCMNodeManager.java:<init>(108)) - Entering startup safe mode.
2019-06-14 13:26:18,393 INFO  net.NodeSchemaLoader (NodeSchemaLoader.java:loadSchemaFromFile(125)) - Loading file from sun.misc.CompoundEnumeration@443118b0
2019-06-14 13:26:18,394 INFO  net.NodeSchemaLoader (NodeSchemaLoader.java:loadSchema(171)) - Loading network topology layer schema file
2019-06-14 13:26:18,482 WARN  server.ServerUtils (ServerUtils.java:getScmDbDir(145)) - ozone.scm.db.dirs is not configured. We recommend adding this setting. Falling back to ozone.metadata.dirs instead.
2019-06-14 13:26:18,514 INFO  pipeline.SCMPipelineManager (SCMPipelineManager.java:initializePipelineState(126)) - No pipeline exists in current db
2019-06-14 13:26:18,517 WARN  server.ServerUtils (ServerUtils.java:getScmDbDir(145)) - ozone.scm.db.dirs is not configured. We recommend adding this setting. Falling back to ozone.metadata.dirs instead.
2019-06-14 13:26:18,604 WARN  events.EventQueue (EventQueue.java:fireEvent(175)) - No event handler registered for event TypedEvent{payloadType=SafeModeStatus, name='SafeModeStatus'}
2019-06-14 13:26:18,959 INFO  ipc.CallQueueManager (CallQueueManager.java:<init>(84)) - Using callQueue: class java.util.concurrent.LinkedBlockingQueue, queueCapacity: 2000, scheduler: class org.apache.hadoop.ipc.DefaultRpcScheduler, ipcBackoff: false.
2019-06-14 13:26:18,982 INFO  ipc.Server (Server.java:run(1074)) - Starting Socket Reader #1 for port 44689
2019-06-14 13:26:19,013 INFO  ipc.CallQueueManager (CallQueueManager.java:<init>(84)) - Using callQueue: class java.util.concurrent.LinkedBlockingQueue, queueCapacity: 2000, scheduler: class org.apache.hadoop.ipc.DefaultRpcScheduler, ipcBackoff: false.
2019-06-14 13:26:19,014 INFO  ipc.Server (Server.java:run(1074)) - Starting Socket Reader #1 for port 42641
2019-06-14 13:26:19,022 INFO  ipc.CallQueueManager (CallQueueManager.java:<init>(84)) - Using callQueue: class java.util.concurrent.LinkedBlockingQueue, queueCapacity: 2000, scheduler: class org.apache.hadoop.ipc.DefaultRpcScheduler, ipcBackoff: false.
2019-06-14 13:26:19,054 INFO  ipc.Server (Server.java:run(1074)) - Starting Socket Reader #1 for port 44281
2019-06-14 13:26:19,085 INFO  hdfs.DFSUtil (DFSUtil.java:httpServerTemplateForNNAndJN(1641)) - Starting Web-server for scm at: http://0.0.0.0:0
2019-06-14 13:26:19,263 INFO  server.AuthenticationFilter (AuthenticationFilter.java:constructSecretProvider(240)) - Unable to initialize FileSignerSecretProvider, falling back to use random secrets.
2019-06-14 13:26:19,273 WARN  http.HttpRequestLog (HttpRequestLog.java:getRequestLog(97)) - Jetty request log can only be enabled using Log4j
2019-06-14 13:26:19,281 INFO  http.HttpServer2 (HttpServer2.java:addGlobalFilter(975)) - Added global filter 'safety' (class=org.apache.hadoop.http.HttpServer2$QuotingInputFilter)
2019-06-14 13:26:19,284 INFO  http.HttpServer2 (HttpServer2.java:addFilter(948)) - Added filter static_user_filter (class=org.apache.hadoop.http.lib.StaticUserWebFilter$StaticUserFilter) to context scm
2019-06-14 13:26:19,284 INFO  http.HttpServer2 (HttpServer2.java:addFilter(958)) - Added filter static_user_filter (class=org.apache.hadoop.http.lib.StaticUserWebFilter$StaticUserFilter) to context logs
2019-06-14 13:26:19,284 INFO  http.HttpServer2 (HttpServer2.java:addFilter(958)) - Added filter static_user_filter (class=org.apache.hadoop.http.lib.StaticUserWebFilter$StaticUserFilter) to context static
2019-06-14 13:26:19,312 INFO  server.StorageContainerManager (StorageContainerManager.java:start(752)) - StorageContainerLocationProtocol RPC server is listening at /0.0.0.0:44281
2019-06-14 13:26:19,372 WARN  impl.MetricsConfig (MetricsConfig.java:loadFirst(134)) - Cannot locate configuration: tried hadoop-metrics2-storagecontainermanager.properties,hadoop-metrics2.properties
2019-06-14 13:26:19,384 INFO  impl.MetricsSystemImpl (MetricsSystemImpl.java:startTimer(374)) - Scheduled Metric snapshot period at 10 second(s).
2019-06-14 13:26:19,384 INFO  impl.MetricsSystemImpl (MetricsSystemImpl.java:start(191)) - StorageContainerManager metrics system started
2019-06-14 13:26:19,542 INFO  server.SCMClientProtocolServer (SCMClientProtocolServer.java:start(149)) - RPC server for Client  is listening at /0.0.0.0:44281
2019-06-14 13:26:19,542 INFO  ipc.Server (Server.java:run(1314)) - IPC Server Responder: starting
2019-06-14 13:26:19,542 INFO  ipc.Server (Server.java:run(1153)) - IPC Server listener on 44281: starting
2019-06-14 13:26:19,545 INFO  server.StorageContainerManager (StorageContainerManager.java:start(761)) - ScmBlockLocationProtocol RPC server is listening at /0.0.0.0:42641
2019-06-14 13:26:19,545 INFO  server.SCMBlockProtocolServer (SCMBlockProtocolServer.java:start(137)) - RPC server for Block Protocol is listening at /0.0.0.0:42641
2019-06-14 13:26:19,545 INFO  ipc.Server (Server.java:run(1314)) - IPC Server Responder: starting
2019-06-14 13:26:19,545 INFO  ipc.Server (Server.java:run(1153)) - IPC Server listener on 42641: starting
2019-06-14 13:26:19,548 INFO  server.StorageContainerManager (StorageContainerManager.java:start(765)) - ScmDatanodeProtocl RPC server is listening at /0.0.0.0:44689
2019-06-14 13:26:19,548 INFO  server.SCMDatanodeProtocolServer (SCMDatanodeProtocolServer.java:start(191)) - RPC server for DataNodes is listening at /0.0.0.0:44689
2019-06-14 13:26:19,548 INFO  ipc.Server (Server.java:run(1314)) - IPC Server Responder: starting
2019-06-14 13:26:19,548 INFO  ipc.Server (Server.java:run(1153)) - IPC Server listener on 44689: starting
2019-06-14 13:26:19,551 INFO  http.HttpServer2 (HttpServer2.java:bindListener(1191)) - Jetty bound to port 37279
2019-06-14 13:26:19,553 INFO  server.Server (Server.java:doStart(351)) - jetty-9.3.24.v20180605, build timestamp: 2018-06-05T17:11:56Z, git hash: 84205aa28f11a4f31f2a3b86d1bba2cc8ab69827
2019-06-14 13:26:19,584 INFO  handler.ContextHandler (ContextHandler.java:doStart(781)) - Started o.e.j.s.ServletContextHandler@2df6226d{/logs,file:///opt/src/hadoop-ozone/integration-test/target/log,AVAILABLE}
2019-06-14 13:26:19,585 INFO  handler.ContextHandler (ContextHandler.java:doStart(781)) - Started o.e.j.s.ServletContextHandler@4ff4357f{/static,file:///opt/src/hadoop-ozone/integration-test/target/test-classes/webapps/static,AVAILABLE}
2019-06-14 13:26:19,612 INFO  handler.ContextHandler (ContextHandler.java:doStart(781)) - Started o.e.j.w.WebAppContext@34645867{/,file:///opt/src/hadoop-ozone/integration-test/target/test-classes/webapps/scm/,AVAILABLE}{/scm}
2019-06-14 13:26:19,616 INFO  server.AbstractConnector (AbstractConnector.java:doStart(278)) - Started ServerConnector@66629f63{HTTP/1.1,[http/1.1]}{0.0.0.0:37279}
2019-06-14 13:26:19,616 INFO  server.Server (Server.java:doStart(419)) - Started @2548ms
2019-06-14 13:26:19,620 INFO  server.BaseHttpServer (BaseHttpServer.java:updateConnectorAddress(207)) - HTTP server of SCM is listening at http://0.0.0.0:37279
2019-06-14 13:26:19,625 INFO  util.JvmPauseMonitor (JvmPauseMonitor.java:run(188)) - Starting JVM pause monitor
2019-06-14 13:26:19,628 WARN  scm.ScmUtils (ScmUtils.java:getDBPath(63)) - ozone.om.db.dirs is not configured. We recommend adding this setting. Falling back to ozone.metadata.dirs instead.
2019-06-14 13:26:19,710 WARN  scm.ScmUtils (ScmUtils.java:getDBPath(63)) - ozone.om.db.dirs is not configured. We recommend adding this setting. Falling back to ozone.metadata.dirs instead.
2019-06-14 13:26:19,711 INFO  om.OzoneManager (OzoneManager.java:setOMNodeDetails(519)) - OM Service ID is not set. Setting it to the default ID: omServiceIdDefault
2019-06-14 13:26:19,712 INFO  om.OzoneManager (OzoneManager.java:setOMNodeDetails(525)) - OM Node ID is not set. Setting it to the OmStorage's OmID: 4fb7a1c6-ebc4-41a0-b2d9-16bdca56e00a
2019-06-14 13:26:19,713 WARN  scm.HddsServerUtil (HddsServerUtil.java:getDefaultRatisDirectory(354)) - Storage directory for Ratis is not configured. It is a good idea to map this to an SSD disk. Falling back to ozone.metadata.dirs
2019-06-14 13:26:19,713 WARN  scm.HddsServerUtil (HddsServerUtil.java:getDefaultRatisDirectory(354)) - Storage directory for Ratis is not configured. It is a good idea to map this to an SSD disk. Falling back to ozone.metadata.dirs
2019-06-14 13:26:19,713 INFO  om.OzoneManager (OzoneManager.java:loadOMHAConfigs(476)) - Found matching OM address with OMServiceId: null, OMNodeId: null, RPC Address: localhost:0 and Ratis port: 9872
2019-06-14 13:26:19,859 WARN  scm.ScmUtils (ScmUtils.java:getDBPath(63)) - ozone.om.db.dirs is not configured. We recommend adding this setting. Falling back to ozone.metadata.dirs instead.
2019-06-14 13:26:19,863 INFO  db.DBStoreBuilder (DBStoreBuilder.java:addTable(110)) - using custom profile for table: userTable
2019-06-14 13:26:19,863 INFO  db.DBStoreBuilder (DBStoreBuilder.java:processTables(161)) - Using default column profile:DBProfile.DISK for Table:userTable
2019-06-14 13:26:19,864 INFO  db.DBStoreBuilder (DBStoreBuilder.java:addTable(110)) - using custom profile for table: volumeTable
2019-06-14 13:26:19,864 INFO  db.DBStoreBuilder (DBStoreBuilder.java:processTables(161)) - Using default column profile:DBProfile.DISK for Table:volumeTable
2019-06-14 13:26:19,864 INFO  db.DBStoreBuilder (DBStoreBuilder.java:addTable(110)) - using custom profile for table: bucketTable
2019-06-14 13:26:19,864 INFO  db.DBStoreBuilder (DBStoreBuilder.java:processTables(161)) - Using default column profile:DBProfile.DISK for Table:bucketTable
2019-06-14 13:26:19,864 INFO  db.DBStoreBuilder (DBStoreBuilder.java:addTable(110)) - using custom profile for table: keyTable
2019-06-14 13:26:19,865 INFO  db.DBStoreBuilder (DBStoreBuilder.java:processTables(161)) - Using default column profile:DBProfile.DISK for Table:keyTable
2019-06-14 13:26:19,865 INFO  db.DBStoreBuilder (DBStoreBuilder.java:addTable(110)) - using custom profile for table: deletedTable
2019-06-14 13:26:19,865 INFO  db.DBStoreBuilder (DBStoreBuilder.java:processTables(161)) - Using default column profile:DBProfile.DISK for Table:deletedTable
2019-06-14 13:26:19,866 INFO  db.DBStoreBuilder (DBStoreBuilder.java:addTable(110)) - using custom profile for table: openKeyTable
2019-06-14 13:26:19,866 INFO  db.DBStoreBuilder (DBStoreBuilder.java:processTables(161)) - Using default column profile:DBProfile.DISK for Table:openKeyTable
2019-06-14 13:26:19,866 INFO  db.DBStoreBuilder (DBStoreBuilder.java:addTable(110)) - using custom profile for table: s3Table
2019-06-14 13:26:19,866 INFO  db.DBStoreBuilder (DBStoreBuilder.java:processTables(161)) - Using default column profile:DBProfile.DISK for Table:s3Table
2019-06-14 13:26:19,866 INFO  db.DBStoreBuilder (DBStoreBuilder.java:addTable(110)) - using custom profile for table: multipartInfoTable
2019-06-14 13:26:19,866 INFO  db.DBStoreBuilder (DBStoreBuilder.java:processTables(161)) - Using default column profile:DBProfile.DISK for Table:multipartInfoTable
2019-06-14 13:26:19,867 INFO  db.DBStoreBuilder (DBStoreBuilder.java:addTable(110)) - using custom profile for table: dTokenTable
2019-06-14 13:26:19,867 INFO  db.DBStoreBuilder (DBStoreBuilder.java:processTables(161)) - Using default column profile:DBProfile.DISK for Table:dTokenTable
2019-06-14 13:26:19,867 INFO  db.DBStoreBuilder (DBStoreBuilder.java:addTable(110)) - using custom profile for table: s3SecretTable
2019-06-14 13:26:19,867 INFO  db.DBStoreBuilder (DBStoreBuilder.java:processTables(161)) - Using default column profile:DBProfile.DISK for Table:s3SecretTable
2019-06-14 13:26:19,868 INFO  db.DBStoreBuilder (DBStoreBuilder.java:addTable(110)) - using custom profile for table: prefixTable
2019-06-14 13:26:19,868 INFO  db.DBStoreBuilder (DBStoreBuilder.java:processTables(161)) - Using default column profile:DBProfile.DISK for Table:prefixTable
2019-06-14 13:26:19,868 INFO  db.DBStoreBuilder (DBStoreBuilder.java:addTable(110)) - using custom profile for table: default
2019-06-14 13:26:19,868 INFO  db.DBStoreBuilder (DBStoreBuilder.java:processTables(167)) - Using default column profile:DBProfile.DISK for Table:default
2019-06-14 13:26:19,869 INFO  db.DBStoreBuilder (DBStoreBuilder.java:getDbProfile(198)) - Using default options. DBProfile.DISK
2019-06-14 13:26:20,321 INFO  ipc.CallQueueManager (CallQueueManager.java:<init>(84)) - Using callQueue: class java.util.concurrent.LinkedBlockingQueue, queueCapacity: 2000, scheduler: class org.apache.hadoop.ipc.DefaultRpcScheduler, ipcBackoff: false.
2019-06-14 13:26:20,322 INFO  ipc.Server (Server.java:run(1074)) - Starting Socket Reader #1 for port 35605
2019-06-14 13:26:20,341 WARN  scm.ScmUtils (ScmUtils.java:getDBPath(63)) - ozone.om.db.dirs is not configured. We recommend adding this setting. Falling back to ozone.metadata.dirs instead.
2019-06-14 13:26:20,341 INFO  om.OzoneManager (OzoneManager.java:start(1217)) - OzoneManager RPC server is listening at localhost/127.0.0.1:35605
2019-06-14 13:26:20,341 INFO  impl.MetricsSystemImpl (MetricsSystemImpl.java:init(158)) - OzoneManager metrics system started (again)
2019-06-14 13:26:20,342 INFO  ipc.Server (Server.java:run(1314)) - IPC Server Responder: starting
2019-06-14 13:26:20,346 INFO  ipc.Server (Server.java:run(1153)) - IPC Server listener on 35605: starting
2019-06-14 13:26:20,383 INFO  hdfs.DFSUtil (DFSUtil.java:httpServerTemplateForNNAndJN(1641)) - Starting Web-server for ozoneManager at: http://0.0.0.0:0
2019-06-14 13:26:20,384 INFO  server.AuthenticationFilter (AuthenticationFilter.java:constructSecretProvider(240)) - Unable to initialize FileSignerSecretProvider, falling back to use random secrets.
2019-06-14 13:26:20,385 WARN  http.HttpRequestLog (HttpRequestLog.java:getRequestLog(97)) - Jetty request log can only be enabled using Log4j
2019-06-14 13:26:20,386 INFO  http.HttpServer2 (HttpServer2.java:addGlobalFilter(975)) - Added global filter 'safety' (class=org.apache.hadoop.http.HttpServer2$QuotingInputFilter)
2019-06-14 13:26:20,387 INFO  http.HttpServer2 (HttpServer2.java:addFilter(948)) - Added filter static_user_filter (class=org.apache.hadoop.http.lib.StaticUserWebFilter$StaticUserFilter) to context ozoneManager
2019-06-14 13:26:20,387 INFO  http.HttpServer2 (HttpServer2.java:addFilter(958)) - Added filter static_user_filter (class=org.apache.hadoop.http.lib.StaticUserWebFilter$StaticUserFilter) to context static
2019-06-14 13:26:20,387 INFO  http.HttpServer2 (HttpServer2.java:addFilter(958)) - Added filter static_user_filter (class=org.apache.hadoop.http.lib.StaticUserWebFilter$StaticUserFilter) to context logs
2019-06-14 13:26:20,389 INFO  http.HttpServer2 (HttpServer2.java:bindListener(1191)) - Jetty bound to port 34191
2019-06-14 13:26:20,389 INFO  server.Server (Server.java:doStart(351)) - jetty-9.3.24.v20180605, build timestamp: 2018-06-05T17:11:56Z, git hash: 84205aa28f11a4f31f2a3b86d1bba2cc8ab69827
2019-06-14 13:26:20,394 INFO  handler.ContextHandler (ContextHandler.java:doStart(781)) - Started o.e.j.s.ServletContextHandler@bcb09a6{/logs,file:///opt/src/hadoop-ozone/integration-test/target/log,AVAILABLE}
2019-06-14 13:26:20,395 INFO  handler.ContextHandler (ContextHandler.java:doStart(781)) - Started o.e.j.s.ServletContextHandler@a619c2{/static,file:///opt/src/hadoop-ozone/integration-test/target/test-classes/webapps/static,AVAILABLE}
2019-06-14 13:26:20,399 INFO  handler.ContextHandler (ContextHandler.java:doStart(781)) - Started o.e.j.w.WebAppContext@c9d82f9{/,file:///opt/src/hadoop-ozone/integration-test/target/test-classes/webapps/ozoneManager/,AVAILABLE}{/ozoneManager}
2019-06-14 13:26:20,399 INFO  server.AbstractConnector (AbstractConnector.java:doStart(278)) - Started ServerConnector@6f012914{HTTP/1.1,[http/1.1]}{0.0.0.0:34191}
2019-06-14 13:26:20,399 INFO  server.Server (Server.java:doStart(419)) - Started @3331ms
2019-06-14 13:26:20,400 INFO  server.BaseHttpServer (BaseHttpServer.java:updateConnectorAddress(207)) - HTTP server of OZONEMANAGER is listening at http://0.0.0.0:34191
2019-06-14 13:26:20,536 INFO  impl.MetricsSystemImpl (MetricsSystemImpl.java:init(158)) - HddsDatanode metrics system started (again)
2019-06-14 13:26:20,694 INFO  ozone.HddsDatanodeService (HddsDatanodeService.java:start(185)) - HddsDatanodeService host:ozone-rlb7g-142518227 ip:192.168.134.77
2019-06-14 13:26:20,718 INFO  volume.HddsVolume (HddsVolume.java:<init>(176)) - Creating Volume: /opt/src/hadoop-ozone/integration-test/target/test-dir/MiniOzoneClusterImpl-ee7c2720-9269-41cd-a743-e13d4fe52915/datanode-0/data/containers/hdds of  storage type : DISK and capacity : 104021790720
2019-06-14 13:26:20,719 INFO  volume.VolumeSet (VolumeSet.java:initializeVolumeSet(170)) - Added Volume : /opt/src/hadoop-ozone/integration-test/target/test-dir/MiniOzoneClusterImpl-ee7c2720-9269-41cd-a743-e13d4fe52915/datanode-0/data/containers/hdds to VolumeSet
2019-06-14 13:26:20,721 INFO  volume.ThrottledAsyncChecker (ThrottledAsyncChecker.java:schedule(140)) - Scheduling a check for org.apache.hadoop.ozone.container.common.volume.HddsVolume@6fd1660
2019-06-14 13:26:20,734 INFO  volume.HddsVolumeChecker (HddsVolumeChecker.java:checkAllVolumes(203)) - Scheduled health check for volume org.apache.hadoop.ozone.container.common.volume.HddsVolume@6fd1660
2019-06-14 13:26:20,766 INFO  ratis.XceiverServerRatis (XceiverServerRatis.java:newXceiverServerRatis(401)) - Found a free port for the server : 35371
2019-06-14 13:26:20,815 INFO  impl.RaftServerProxy (ConfUtils.java:logGet(43)) - raft.rpc.type = GRPC (default)
2019-06-14 13:26:20,821 INFO  grpc.GrpcConfigKeys$Server (ConfUtils.java:logGet(43)) - raft.grpc.server.port = 35371 (custom)
2019-06-14 13:26:20,822 INFO  server.GrpcService (ConfUtils.java:logGet(43)) - raft.grpc.message.size.max = 33570816 (custom)
2019-06-14 13:26:20,823 INFO  server.RaftServerConfigKeys (ConfUtils.java:logGet(43)) - raft.server.log.appender.buffer.byte-limit = 33554432 (custom)
2019-06-14 13:26:20,824 INFO  server.GrpcService (ConfUtils.java:logGet(43)) - raft.grpc.flow.control.window = 1MB (=1048576) (default)
2019-06-14 13:26:20,824 INFO  server.RaftServerConfigKeys (ConfUtils.java:logGet(43)) - raft.server.rpc.request.timeout = 3000ms (default)
2019-06-14 13:26:20,939 INFO  server.RaftServerConfigKeys (ConfUtils.java:logGet(43)) - raft.server.storage.dir = [/opt/src/hadoop-ozone/integration-test/target/test-dir/MiniOzoneClusterImpl-ee7c2720-9269-41cd-a743-e13d4fe52915/datanode-0/data/ratis] (custom)
2019-06-14 13:26:20,945 INFO  server.XceiverServerGrpc (XceiverServerGrpc.java:<init>(97)) - Found a free port for the server : 39639
2019-06-14 13:26:20,969 INFO  replication.SimpleContainerDownloader (SimpleContainerDownloader.java:<init>(72)) - Starting container downloader service to copy containers to replicate.
2019-06-14 13:26:20,980 INFO  hdfs.DFSUtil (DFSUtil.java:httpServerTemplateForNNAndJN(1641)) - Starting Web-server for hddsDatanode at: http://0.0.0.0:0
2019-06-14 13:26:20,982 INFO  server.AuthenticationFilter (AuthenticationFilter.java:constructSecretProvider(240)) - Unable to initialize FileSignerSecretProvider, falling back to use random secrets.
2019-06-14 13:26:20,982 WARN  http.HttpRequestLog (HttpRequestLog.java:getRequestLog(97)) - Jetty request log can only be enabled using Log4j
2019-06-14 13:26:20,984 INFO  http.HttpServer2 (HttpServer2.java:addGlobalFilter(975)) - Added global filter 'safety' (class=org.apache.hadoop.http.HttpServer2$QuotingInputFilter)
2019-06-14 13:26:20,984 INFO  http.HttpServer2 (HttpServer2.java:addFilter(948)) - Added filter static_user_filter (class=org.apache.hadoop.http.lib.StaticUserWebFilter$StaticUserFilter) to context hddsDatanode
2019-06-14 13:26:20,984 INFO  http.HttpServer2 (HttpServer2.java:addFilter(958)) - Added filter static_user_filter (class=org.apache.hadoop.http.lib.StaticUserWebFilter$StaticUserFilter) to context logs
2019-06-14 13:26:20,984 INFO  http.HttpServer2 (HttpServer2.java:addFilter(958)) - Added filter static_user_filter (class=org.apache.hadoop.http.lib.StaticUserWebFilter$StaticUserFilter) to context static
2019-06-14 13:26:20,985 INFO  http.HttpServer2 (HttpServer2.java:bindListener(1191)) - Jetty bound to port 34163
2019-06-14 13:26:20,985 INFO  server.Server (Server.java:doStart(351)) - jetty-9.3.24.v20180605, build timestamp: 2018-06-05T17:11:56Z, git hash: 84205aa28f11a4f31f2a3b86d1bba2cc8ab69827
2019-06-14 13:26:20,988 INFO  handler.ContextHandler (ContextHandler.java:doStart(781)) - Started o.e.j.s.ServletContextHandler@6438a7fe{/logs,file:///opt/src/hadoop-ozone/integration-test/target/log,AVAILABLE}
2019-06-14 13:26:20,988 INFO  handler.ContextHandler (ContextHandler.java:doStart(781)) - Started o.e.j.s.ServletContextHandler@4f5f6e45{/static,jar:file:/root/.m2/repository/org/apache/hadoop/hadoop-hdds-container-service/0.5.0-SNAPSHOT/hadoop-hdds-container-service-0.5.0-SNAPSHOT.jar!/webapps/static,AVAILABLE}
2019-06-14 13:26:21,015 INFO  handler.ContextHandler (ContextHandler.java:doStart(781)) - Started o.e.j.w.WebAppContext@36c0d0bd{/,file:///tmp/jetty-0.0.0.0-34163-hddsDatanode-_-any-7796231967320897240.dir/webapp/,AVAILABLE}{/hddsDatanode}
2019-06-14 13:26:21,016 INFO  server.AbstractConnector (AbstractConnector.java:doStart(278)) - Started ServerConnector@5e1fc2aa{HTTP/1.1,[http/1.1]}{0.0.0.0:34163}
2019-06-14 13:26:21,016 INFO  server.Server (Server.java:doStart(419)) - Started @3948ms
2019-06-14 13:26:21,021 INFO  server.BaseHttpServer (BaseHttpServer.java:updateConnectorAddress(207)) - HTTP server of HDDSDATANODE is listening at http://0.0.0.0:34163
2019-06-14 13:26:21,882 INFO  ozone.HddsDatanodeService (HddsDatanodeService.java:startPlugins(396)) - Started plug-in org.apache.hadoop.ozone.web.OzoneHddsDatanodeService@1f992a3a
2019-06-14 13:26:21,883 INFO  impl.MetricsSystemImpl (MetricsSystemImpl.java:init(158)) - HddsDatanode metrics system started (again)
2019-06-14 13:26:21,883 INFO  ozone.HddsDatanodeService (HddsDatanodeService.java:start(185)) - HddsDatanodeService host:ozone-rlb7g-142518227 ip:192.168.134.77
2019-06-14 13:26:21,898 INFO  util.JvmPauseMonitor (JvmPauseMonitor.java:run(188)) - Starting JVM pause monitor
2019-06-14 13:26:21,900 INFO  volume.HddsVolume (HddsVolume.java:<init>(176)) - Creating Volume: /opt/src/hadoop-ozone/integration-test/target/test-dir/MiniOzoneClusterImpl-ee7c2720-9269-41cd-a743-e13d4fe52915/datanode-1/data/containers/hdds of  storage type : DISK and capacity : 104021790720
2019-06-14 13:26:21,900 INFO  volume.VolumeSet (VolumeSet.java:initializeVolumeSet(170)) - Added Volume : /opt/src/hadoop-ozone/integration-test/target/test-dir/MiniOzoneClusterImpl-ee7c2720-9269-41cd-a743-e13d4fe52915/datanode-1/data/containers/hdds to VolumeSet
2019-06-14 13:26:21,901 INFO  volume.ThrottledAsyncChecker (ThrottledAsyncChecker.java:schedule(140)) - Scheduling a check for org.apache.hadoop.ozone.container.common.volume.HddsVolume@78a8978a
2019-06-14 13:26:21,911 INFO  volume.HddsVolumeChecker (HddsVolumeChecker.java:checkAllVolumes(203)) - Scheduled health check for volume org.apache.hadoop.ozone.container.common.volume.HddsVolume@78a8978a
2019-06-14 13:26:21,930 INFO  ratis.XceiverServerRatis (XceiverServerRatis.java:newXceiverServerRatis(401)) - Found a free port for the server : 39077
2019-06-14 13:26:21,931 INFO  impl.RaftServerProxy (ConfUtils.java:logGet(43)) - raft.rpc.type = GRPC (default)
2019-06-14 13:26:21,932 INFO  grpc.GrpcConfigKeys$Server (ConfUtils.java:logGet(43)) - raft.grpc.server.port = 39077 (custom)
2019-06-14 13:26:21,932 INFO  server.GrpcService (ConfUtils.java:logGet(43)) - raft.grpc.message.size.max = 33570816 (custom)
2019-06-14 13:26:21,932 INFO  server.RaftServerConfigKeys (ConfUtils.java:logGet(43)) - raft.server.log.appender.buffer.byte-limit = 33554432 (custom)
2019-06-14 13:26:21,932 INFO  server.GrpcService (ConfUtils.java:logGet(43)) - raft.grpc.flow.control.window = 1MB (=1048576) (default)
2019-06-14 13:26:21,933 INFO  server.RaftServerConfigKeys (ConfUtils.java:logGet(43)) - raft.server.rpc.request.timeout = 3000ms (default)
2019-06-14 13:26:21,933 INFO  server.RaftServerConfigKeys (ConfUtils.java:logGet(43)) - raft.server.storage.dir = [/opt/src/hadoop-ozone/integration-test/target/test-dir/MiniOzoneClusterImpl-ee7c2720-9269-41cd-a743-e13d4fe52915/datanode-1/data/ratis] (custom)
2019-06-14 13:26:21,934 INFO  server.XceiverServerGrpc (XceiverServerGrpc.java:<init>(97)) - Found a free port for the server : 36327
2019-06-14 13:26:21,934 INFO  replication.SimpleContainerDownloader (SimpleContainerDownloader.java:<init>(72)) - Starting container downloader service to copy containers to replicate.
2019-06-14 13:26:21,938 INFO  hdfs.DFSUtil (DFSUtil.java:httpServerTemplateForNNAndJN(1641)) - Starting Web-server for hddsDatanode at: http://0.0.0.0:0
2019-06-14 13:26:21,939 INFO  server.AuthenticationFilter (AuthenticationFilter.java:constructSecretProvider(240)) - Unable to initialize FileSignerSecretProvider, falling back to use random secrets.
2019-06-14 13:26:21,940 WARN  http.HttpRequestLog (HttpRequestLog.java:getRequestLog(97)) - Jetty request log can only be enabled using Log4j
2019-06-14 13:26:21,942 INFO  http.HttpServer2 (HttpServer2.java:addGlobalFilter(975)) - Added global filter 'safety' (class=org.apache.hadoop.http.HttpServer2$QuotingInputFilter)
2019-06-14 13:26:21,942 INFO  http.HttpServer2 (HttpServer2.java:addFilter(948)) - Added filter static_user_filter (class=org.apache.hadoop.http.lib.StaticUserWebFilter$StaticUserFilter) to context hddsDatanode
2019-06-14 13:26:21,943 INFO  http.HttpServer2 (HttpServer2.java:addFilter(958)) - Added filter static_user_filter (class=org.apache.hadoop.http.lib.StaticUserWebFilter$StaticUserFilter) to context logs
2019-06-14 13:26:21,943 INFO  http.HttpServer2 (HttpServer2.java:addFilter(958)) - Added filter static_user_filter (class=org.apache.hadoop.http.lib.StaticUserWebFilter$StaticUserFilter) to context static
2019-06-14 13:26:21,943 INFO  http.HttpServer2 (HttpServer2.java:bindListener(1191)) - Jetty bound to port 45411
2019-06-14 13:26:21,944 INFO  server.Server (Server.java:doStart(351)) - jetty-9.3.24.v20180605, build timestamp: 2018-06-05T17:11:56Z, git hash: 84205aa28f11a4f31f2a3b86d1bba2cc8ab69827
2019-06-14 13:26:21,955 INFO  handler.ContextHandler (ContextHandler.java:doStart(781)) - Started o.e.j.s.ServletContextHandler@2574a9e3{/logs,file:///opt/src/hadoop-ozone/integration-test/target/log,AVAILABLE}
2019-06-14 13:26:21,956 INFO  handler.ContextHandler (ContextHandler.java:doStart(781)) - Started o.e.j.s.ServletContextHandler@422ab737{/static,jar:file:/root/.m2/repository/org/apache/hadoop/hadoop-hdds-container-service/0.5.0-SNAPSHOT/hadoop-hdds-container-service-0.5.0-SNAPSHOT.jar!/webapps/static,AVAILABLE}
2019-06-14 13:26:21,987 INFO  handler.ContextHandler (ContextHandler.java:doStart(781)) - Started o.e.j.w.WebAppContext@78da899f{/,file:///tmp/jetty-0.0.0.0-45411-hddsDatanode-_-any-5335209901721440919.dir/webapp/,AVAILABLE}{/hddsDatanode}
2019-06-14 13:26:21,989 INFO  server.AbstractConnector (AbstractConnector.java:doStart(278)) - Started ServerConnector@7c58a14d{HTTP/1.1,[http/1.1]}{0.0.0.0:45411}
2019-06-14 13:26:21,989 INFO  server.Server (Server.java:doStart(419)) - Started @4920ms
2019-06-14 13:26:21,990 INFO  server.BaseHttpServer (BaseHttpServer.java:updateConnectorAddress(207)) - HTTP server of HDDSDATANODE is listening at http://0.0.0.0:45411
2019-06-14 13:26:21,998 INFO  datanode.InitDatanodeState (InitDatanodeState.java:persistContainerDatanodeDetails(140)) - DatanodeDetails is persisted to /opt/src/hadoop-ozone/integration-test/target/test-dir/MiniOzoneClusterImpl-ee7c2720-9269-41cd-a743-e13d4fe52915/datanode-0/meta/datanode.id
2019-06-14 13:26:22,098 INFO  ozone.HddsDatanodeService (HddsDatanodeService.java:startPlugins(396)) - Started plug-in org.apache.hadoop.ozone.web.OzoneHddsDatanodeService@335f5c69
2019-06-14 13:26:22,098 INFO  impl.MetricsSystemImpl (MetricsSystemImpl.java:init(158)) - HddsDatanode metrics system started (again)
2019-06-14 13:26:22,099 INFO  ozone.HddsDatanodeService (HddsDatanodeService.java:start(185)) - HddsDatanodeService host:ozone-rlb7g-142518227 ip:192.168.134.77
2019-06-14 13:26:22,111 INFO  volume.HddsVolume (HddsVolume.java:<init>(176)) - Creating Volume: /opt/src/hadoop-ozone/integration-test/target/test-dir/MiniOzoneClusterImpl-ee7c2720-9269-41cd-a743-e13d4fe52915/datanode-2/data/containers/hdds of  storage type : DISK and capacity : 104021790720
2019-06-14 13:26:22,111 INFO  volume.VolumeSet (VolumeSet.java:initializeVolumeSet(170)) - Added Volume : /opt/src/hadoop-ozone/integration-test/target/test-dir/MiniOzoneClusterImpl-ee7c2720-9269-41cd-a743-e13d4fe52915/datanode-2/data/containers/hdds to VolumeSet
2019-06-14 13:26:22,112 INFO  util.JvmPauseMonitor (JvmPauseMonitor.java:run(188)) - Starting JVM pause monitor
2019-06-14 13:26:22,112 INFO  volume.ThrottledAsyncChecker (ThrottledAsyncChecker.java:schedule(140)) - Scheduling a check for org.apache.hadoop.ozone.container.common.volume.HddsVolume@4a058df8
2019-06-14 13:26:22,113 INFO  volume.HddsVolumeChecker (HddsVolumeChecker.java:checkAllVolumes(203)) - Scheduled health check for volume org.apache.hadoop.ozone.container.common.volume.HddsVolume@4a058df8
2019-06-14 13:26:22,119 INFO  datanode.InitDatanodeState (InitDatanodeState.java:persistContainerDatanodeDetails(140)) - DatanodeDetails is persisted to /opt/src/hadoop-ozone/integration-test/target/test-dir/MiniOzoneClusterImpl-ee7c2720-9269-41cd-a743-e13d4fe52915/datanode-1/meta/datanode.id
2019-06-14 13:26:22,129 INFO  ratis.XceiverServerRatis (XceiverServerRatis.java:newXceiverServerRatis(401)) - Found a free port for the server : 43247
2019-06-14 13:26:22,131 INFO  impl.RaftServerProxy (ConfUtils.java:logGet(43)) - raft.rpc.type = GRPC (default)
2019-06-14 13:26:22,132 INFO  grpc.GrpcConfigKeys$Server (ConfUtils.java:logGet(43)) - raft.grpc.server.port = 43247 (custom)
2019-06-14 13:26:22,132 INFO  server.GrpcService (ConfUtils.java:logGet(43)) - raft.grpc.message.size.max = 33570816 (custom)
2019-06-14 13:26:22,132 INFO  server.RaftServerConfigKeys (ConfUtils.java:logGet(43)) - raft.server.log.appender.buffer.byte-limit = 33554432 (custom)
2019-06-14 13:26:22,132 INFO  server.GrpcService (ConfUtils.java:logGet(43)) - raft.grpc.flow.control.window = 1MB (=1048576) (default)
2019-06-14 13:26:22,133 INFO  server.RaftServerConfigKeys (ConfUtils.java:logGet(43)) - raft.server.rpc.request.timeout = 3000ms (default)
2019-06-14 13:26:22,133 INFO  server.RaftServerConfigKeys (ConfUtils.java:logGet(43)) - raft.server.storage.dir = [/opt/src/hadoop-ozone/integration-test/target/test-dir/MiniOzoneClusterImpl-ee7c2720-9269-41cd-a743-e13d4fe52915/datanode-2/data/ratis] (custom)
2019-06-14 13:26:22,133 INFO  server.XceiverServerGrpc (XceiverServerGrpc.java:<init>(97)) - Found a free port for the server : 33571
2019-06-14 13:26:22,134 INFO  replication.SimpleContainerDownloader (SimpleContainerDownloader.java:<init>(72)) - Starting container downloader service to copy containers to replicate.
2019-06-14 13:26:22,135 INFO  hdfs.DFSUtil (DFSUtil.java:httpServerTemplateForNNAndJN(1641)) - Starting Web-server for hddsDatanode at: http://0.0.0.0:0
2019-06-14 13:26:22,136 INFO  server.AuthenticationFilter (AuthenticationFilter.java:constructSecretProvider(240)) - Unable to initialize FileSignerSecretProvider, falling back to use random secrets.
2019-06-14 13:26:22,137 WARN  http.HttpRequestLog (HttpRequestLog.java:getRequestLog(97)) - Jetty request log can only be enabled using Log4j
2019-06-14 13:26:22,138 INFO  http.HttpServer2 (HttpServer2.java:addGlobalFilter(975)) - Added global filter 'safety' (class=org.apache.hadoop.http.HttpServer2$QuotingInputFilter)
2019-06-14 13:26:22,139 INFO  http.HttpServer2 (HttpServer2.java:addFilter(948)) - Added filter static_user_filter (class=org.apache.hadoop.http.lib.StaticUserWebFilter$StaticUserFilter) to context hddsDatanode
2019-06-14 13:26:22,139 INFO  http.HttpServer2 (HttpServer2.java:addFilter(958)) - Added filter static_user_filter (class=org.apache.hadoop.http.lib.StaticUserWebFilter$StaticUserFilter) to context logs
2019-06-14 13:26:22,139 INFO  http.HttpServer2 (HttpServer2.java:addFilter(958)) - Added filter static_user_filter (class=org.apache.hadoop.http.lib.StaticUserWebFilter$StaticUserFilter) to context static
2019-06-14 13:26:22,140 INFO  http.HttpServer2 (HttpServer2.java:bindListener(1191)) - Jetty bound to port 44839
2019-06-14 13:26:22,140 INFO  server.Server (Server.java:doStart(351)) - jetty-9.3.24.v20180605, build timestamp: 2018-06-05T17:11:56Z, git hash: 84205aa28f11a4f31f2a3b86d1bba2cc8ab69827
2019-06-14 13:26:22,142 INFO  handler.ContextHandler (ContextHandler.java:doStart(781)) - Started o.e.j.s.ServletContextHandler@39da5e49{/logs,file:///opt/src/hadoop-ozone/integration-test/target/log,AVAILABLE}
2019-06-14 13:26:22,143 INFO  handler.ContextHandler (ContextHandler.java:doStart(781)) - Started o.e.j.s.ServletContextHandler@674da77b{/static,jar:file:/root/.m2/repository/org/apache/hadoop/hadoop-hdds-container-service/0.5.0-SNAPSHOT/hadoop-hdds-container-service-0.5.0-SNAPSHOT.jar!/webapps/static,AVAILABLE}
2019-06-14 13:26:22,171 INFO  handler.ContextHandler (ContextHandler.java:doStart(781)) - Started o.e.j.w.WebAppContext@5f726750{/,file:///tmp/jetty-0.0.0.0-44839-hddsDatanode-_-any-983405410880419021.dir/webapp/,AVAILABLE}{/hddsDatanode}
2019-06-14 13:26:22,172 INFO  server.AbstractConnector (AbstractConnector.java:doStart(278)) - Started ServerConnector@4e80a001{HTTP/1.1,[http/1.1]}{0.0.0.0:44839}
2019-06-14 13:26:22,174 INFO  server.Server (Server.java:doStart(419)) - Started @5105ms
2019-06-14 13:26:22,175 INFO  server.BaseHttpServer (BaseHttpServer.java:updateConnectorAddress(207)) - HTTP server of HDDSDATANODE is listening at http://0.0.0.0:44839
2019-06-14 13:26:22,320 INFO  ozone.HddsDatanodeService (HddsDatanodeService.java:startPlugins(396)) - Started plug-in org.apache.hadoop.ozone.web.OzoneHddsDatanodeService@7fbf26fc
2019-06-14 13:26:22,320 INFO  impl.MetricsSystemImpl (MetricsSystemImpl.java:init(158)) - HddsDatanode metrics system started (again)
2019-06-14 13:26:22,321 INFO  ozone.HddsDatanodeService (HddsDatanodeService.java:start(185)) - HddsDatanodeService host:ozone-rlb7g-142518227 ip:192.168.134.77
2019-06-14 13:26:22,322 INFO  util.JvmPauseMonitor (JvmPauseMonitor.java:run(188)) - Starting JVM pause monitor
2019-06-14 13:26:22,325 INFO  datanode.InitDatanodeState (InitDatanodeState.java:persistContainerDatanodeDetails(140)) - DatanodeDetails is persisted to /opt/src/hadoop-ozone/integration-test/target/test-dir/MiniOzoneClusterImpl-ee7c2720-9269-41cd-a743-e13d4fe52915/datanode-2/meta/datanode.id
2019-06-14 13:26:22,328 INFO  volume.HddsVolume (HddsVolume.java:<init>(176)) - Creating Volume: /opt/src/hadoop-ozone/integration-test/target/test-dir/MiniOzoneClusterImpl-ee7c2720-9269-41cd-a743-e13d4fe52915/datanode-3/data/containers/hdds of  storage type : DISK and capacity : 104021790720
2019-06-14 13:26:22,328 INFO  volume.VolumeSet (VolumeSet.java:initializeVolumeSet(170)) - Added Volume : /opt/src/hadoop-ozone/integration-test/target/test-dir/MiniOzoneClusterImpl-ee7c2720-9269-41cd-a743-e13d4fe52915/datanode-3/data/containers/hdds to VolumeSet
2019-06-14 13:26:22,329 INFO  volume.ThrottledAsyncChecker (ThrottledAsyncChecker.java:schedule(140)) - Scheduling a check for org.apache.hadoop.ozone.container.common.volume.HddsVolume@5b5f9003
2019-06-14 13:26:22,330 INFO  volume.HddsVolumeChecker (HddsVolumeChecker.java:checkAllVolumes(203)) - Scheduled health check for volume org.apache.hadoop.ozone.container.common.volume.HddsVolume@5b5f9003
2019-06-14 13:26:22,340 INFO  ratis.XceiverServerRatis (XceiverServerRatis.java:newXceiverServerRatis(401)) - Found a free port for the server : 34247
2019-06-14 13:26:22,341 INFO  impl.RaftServerProxy (ConfUtils.java:logGet(43)) - raft.rpc.type = GRPC (default)
2019-06-14 13:26:22,342 INFO  grpc.GrpcConfigKeys$Server (ConfUtils.java:logGet(43)) - raft.grpc.server.port = 34247 (custom)
2019-06-14 13:26:22,342 INFO  server.GrpcService (ConfUtils.java:logGet(43)) - raft.grpc.message.size.max = 33570816 (custom)
2019-06-14 13:26:22,342 INFO  server.RaftServerConfigKeys (ConfUtils.java:logGet(43)) - raft.server.log.appender.buffer.byte-limit = 33554432 (custom)
2019-06-14 13:26:22,342 INFO  server.GrpcService (ConfUtils.java:logGet(43)) - raft.grpc.flow.control.window = 1MB (=1048576) (default)
2019-06-14 13:26:22,343 INFO  server.RaftServerConfigKeys (ConfUtils.java:logGet(43)) - raft.server.rpc.request.timeout = 3000ms (default)
2019-06-14 13:26:22,343 INFO  server.RaftServerConfigKeys (ConfUtils.java:logGet(43)) - raft.server.storage.dir = [/opt/src/hadoop-ozone/integration-test/target/test-dir/MiniOzoneClusterImpl-ee7c2720-9269-41cd-a743-e13d4fe52915/datanode-3/data/ratis] (custom)
2019-06-14 13:26:22,344 INFO  server.XceiverServerGrpc (XceiverServerGrpc.java:<init>(97)) - Found a free port for the server : 45975
2019-06-14 13:26:22,344 INFO  replication.SimpleContainerDownloader (SimpleContainerDownloader.java:<init>(72)) - Starting container downloader service to copy containers to replicate.
2019-06-14 13:26:22,347 INFO  hdfs.DFSUtil (DFSUtil.java:httpServerTemplateForNNAndJN(1641)) - Starting Web-server for hddsDatanode at: http://0.0.0.0:0
2019-06-14 13:26:22,348 INFO  server.AuthenticationFilter (AuthenticationFilter.java:constructSecretProvider(240)) - Unable to initialize FileSignerSecretProvider, falling back to use random secrets.
2019-06-14 13:26:22,348 WARN  http.HttpRequestLog (HttpRequestLog.java:getRequestLog(97)) - Jetty request log can only be enabled using Log4j
2019-06-14 13:26:22,350 INFO  http.HttpServer2 (HttpServer2.java:addGlobalFilter(975)) - Added global filter 'safety' (class=org.apache.hadoop.http.HttpServer2$QuotingInputFilter)
2019-06-14 13:26:22,350 INFO  http.HttpServer2 (HttpServer2.java:addFilter(948)) - Added filter static_user_filter (class=org.apache.hadoop.http.lib.StaticUserWebFilter$StaticUserFilter) to context hddsDatanode
2019-06-14 13:26:22,350 INFO  http.HttpServer2 (HttpServer2.java:addFilter(958)) - Added filter static_user_filter (class=org.apache.hadoop.http.lib.StaticUserWebFilter$StaticUserFilter) to context logs
2019-06-14 13:26:22,350 INFO  http.HttpServer2 (HttpServer2.java:addFilter(958)) - Added filter static_user_filter (class=org.apache.hadoop.http.lib.StaticUserWebFilter$StaticUserFilter) to context static
2019-06-14 13:26:22,351 INFO  http.HttpServer2 (HttpServer2.java:bindListener(1191)) - Jetty bound to port 42849
2019-06-14 13:26:22,351 INFO  server.Server (Server.java:doStart(351)) - jetty-9.3.24.v20180605, build timestamp: 2018-06-05T17:11:56Z, git hash: 84205aa28f11a4f31f2a3b86d1bba2cc8ab69827
2019-06-14 13:26:22,363 INFO  handler.ContextHandler (ContextHandler.java:doStart(781)) - Started o.e.j.s.ServletContextHandler@2db15f70{/logs,file:///opt/src/hadoop-ozone/integration-test/target/log,AVAILABLE}
2019-06-14 13:26:22,363 INFO  handler.ContextHandler (ContextHandler.java:doStart(781)) - Started o.e.j.s.ServletContextHandler@1f15e689{/static,jar:file:/root/.m2/repository/org/apache/hadoop/hadoop-hdds-container-service/0.5.0-SNAPSHOT/hadoop-hdds-container-service-0.5.0-SNAPSHOT.jar!/webapps/static,AVAILABLE}
2019-06-14 13:26:22,393 INFO  handler.ContextHandler (ContextHandler.java:doStart(781)) - Started o.e.j.w.WebAppContext@6ffd4c0d{/,file:///tmp/jetty-0.0.0.0-42849-hddsDatanode-_-any-4867126282092965086.dir/webapp/,AVAILABLE}{/hddsDatanode}
2019-06-14 13:26:22,393 INFO  server.AbstractConnector (AbstractConnector.java:doStart(278)) - Started ServerConnector@453cc879{HTTP/1.1,[http/1.1]}{0.0.0.0:42849}
2019-06-14 13:26:22,394 INFO  server.Server (Server.java:doStart(419)) - Started @5326ms
2019-06-14 13:26:22,395 INFO  server.BaseHttpServer (BaseHttpServer.java:updateConnectorAddress(207)) - HTTP server of HDDSDATANODE is listening at http://0.0.0.0:42849
2019-06-14 13:26:22,502 INFO  ozone.HddsDatanodeService (HddsDatanodeService.java:startPlugins(396)) - Started plug-in org.apache.hadoop.ozone.web.OzoneHddsDatanodeService@1118d539
2019-06-14 13:26:22,503 INFO  impl.MetricsSystemImpl (MetricsSystemImpl.java:init(158)) - HddsDatanode metrics system started (again)
2019-06-14 13:26:22,503 INFO  ozone.HddsDatanodeService (HddsDatanodeService.java:start(185)) - HddsDatanodeService host:ozone-rlb7g-142518227 ip:192.168.134.77
2019-06-14 13:26:22,506 INFO  util.JvmPauseMonitor (JvmPauseMonitor.java:run(188)) - Starting JVM pause monitor
2019-06-14 13:26:22,508 INFO  datanode.InitDatanodeState (InitDatanodeState.java:persistContainerDatanodeDetails(140)) - DatanodeDetails is persisted to /opt/src/hadoop-ozone/integration-test/target/test-dir/MiniOzoneClusterImpl-ee7c2720-9269-41cd-a743-e13d4fe52915/datanode-3/meta/datanode.id
2019-06-14 13:26:22,512 INFO  volume.HddsVolume (HddsVolume.java:<init>(176)) - Creating Volume: /opt/src/hadoop-ozone/integration-test/target/test-dir/MiniOzoneClusterImpl-ee7c2720-9269-41cd-a743-e13d4fe52915/datanode-4/data/containers/hdds of  storage type : DISK and capacity : 104021790720
2019-06-14 13:26:22,512 INFO  volume.VolumeSet (VolumeSet.java:initializeVolumeSet(170)) - Added Volume : /opt/src/hadoop-ozone/integration-test/target/test-dir/MiniOzoneClusterImpl-ee7c2720-9269-41cd-a743-e13d4fe52915/datanode-4/data/containers/hdds to VolumeSet
2019-06-14 13:26:22,512 INFO  volume.ThrottledAsyncChecker (ThrottledAsyncChecker.java:schedule(140)) - Scheduling a check for org.apache.hadoop.ozone.container.common.volume.HddsVolume@5b02a984
2019-06-14 13:26:22,514 INFO  volume.HddsVolumeChecker (HddsVolumeChecker.java:checkAllVolumes(203)) - Scheduled health check for volume org.apache.hadoop.ozone.container.common.volume.HddsVolume@5b02a984
2019-06-14 13:26:22,530 INFO  ratis.XceiverServerRatis (XceiverServerRatis.java:newXceiverServerRatis(401)) - Found a free port for the server : 35313
2019-06-14 13:26:22,531 INFO  impl.RaftServerProxy (ConfUtils.java:logGet(43)) - raft.rpc.type = GRPC (default)
2019-06-14 13:26:22,531 INFO  grpc.GrpcConfigKeys$Server (ConfUtils.java:logGet(43)) - raft.grpc.server.port = 35313 (custom)
2019-06-14 13:26:22,532 INFO  server.GrpcService (ConfUtils.java:logGet(43)) - raft.grpc.message.size.max = 33570816 (custom)
2019-06-14 13:26:22,532 INFO  server.RaftServerConfigKeys (ConfUtils.java:logGet(43)) - raft.server.log.appender.buffer.byte-limit = 33554432 (custom)
2019-06-14 13:26:22,532 INFO  server.GrpcService (ConfUtils.java:logGet(43)) - raft.grpc.flow.control.window = 1MB (=1048576) (default)
2019-06-14 13:26:22,532 INFO  server.RaftServerConfigKeys (ConfUtils.java:logGet(43)) - raft.server.rpc.request.timeout = 3000ms (default)
2019-06-14 13:26:22,533 INFO  server.RaftServerConfigKeys (ConfUtils.java:logGet(43)) - raft.server.storage.dir = [/opt/src/hadoop-ozone/integration-test/target/test-dir/MiniOzoneClusterImpl-ee7c2720-9269-41cd-a743-e13d4fe52915/datanode-4/data/ratis] (custom)
2019-06-14 13:26:22,533 INFO  server.XceiverServerGrpc (XceiverServerGrpc.java:<init>(97)) - Found a free port for the server : 34527
2019-06-14 13:26:22,534 INFO  replication.SimpleContainerDownloader (SimpleContainerDownloader.java:<init>(72)) - Starting container downloader service to copy containers to replicate.
2019-06-14 13:26:22,535 INFO  hdfs.DFSUtil (DFSUtil.java:httpServerTemplateForNNAndJN(1641)) - Starting Web-server for hddsDatanode at: http://0.0.0.0:0
2019-06-14 13:26:22,536 INFO  server.AuthenticationFilter (AuthenticationFilter.java:constructSecretProvider(240)) - Unable to initialize FileSignerSecretProvider, falling back to use random secrets.
2019-06-14 13:26:22,536 WARN  http.HttpRequestLog (HttpRequestLog.java:getRequestLog(97)) - Jetty request log can only be enabled using Log4j
2019-06-14 13:26:22,538 INFO  http.HttpServer2 (HttpServer2.java:addGlobalFilter(975)) - Added global filter 'safety' (class=org.apache.hadoop.http.HttpServer2$QuotingInputFilter)
2019-06-14 13:26:22,538 INFO  http.HttpServer2 (HttpServer2.java:addFilter(948)) - Added filter static_user_filter (class=org.apache.hadoop.http.lib.StaticUserWebFilter$StaticUserFilter) to context hddsDatanode
2019-06-14 13:26:22,538 INFO  http.HttpServer2 (HttpServer2.java:addFilter(958)) - Added filter static_user_filter (class=org.apache.hadoop.http.lib.StaticUserWebFilter$StaticUserFilter) to context logs
2019-06-14 13:26:22,538 INFO  http.HttpServer2 (HttpServer2.java:addFilter(958)) - Added filter static_user_filter (class=org.apache.hadoop.http.lib.StaticUserWebFilter$StaticUserFilter) to context static
2019-06-14 13:26:22,539 INFO  http.HttpServer2 (HttpServer2.java:bindListener(1191)) - Jetty bound to port 32969
2019-06-14 13:26:22,539 INFO  server.Server (Server.java:doStart(351)) - jetty-9.3.24.v20180605, build timestamp: 2018-06-05T17:11:56Z, git hash: 84205aa28f11a4f31f2a3b86d1bba2cc8ab69827
2019-06-14 13:26:22,541 INFO  handler.ContextHandler (ContextHandler.java:doStart(781)) - Started o.e.j.s.ServletContextHandler@7c70aae1{/logs,file:///opt/src/hadoop-ozone/integration-test/target/log,AVAILABLE}
2019-06-14 13:26:22,542 INFO  handler.ContextHandler (ContextHandler.java:doStart(781)) - Started o.e.j.s.ServletContextHandler@6f38f084{/static,jar:file:/root/.m2/repository/org/apache/hadoop/hadoop-hdds-container-service/0.5.0-SNAPSHOT/hadoop-hdds-container-service-0.5.0-SNAPSHOT.jar!/webapps/static,AVAILABLE}
2019-06-14 13:26:22,571 INFO  handler.ContextHandler (ContextHandler.java:doStart(781)) - Started o.e.j.w.WebAppContext@77a0dd63{/,file:///tmp/jetty-0.0.0.0-32969-hddsDatanode-_-any-784338032712365424.dir/webapp/,AVAILABLE}{/hddsDatanode}
2019-06-14 13:26:22,572 INFO  server.AbstractConnector (AbstractConnector.java:doStart(278)) - Started ServerConnector@543fe698{HTTP/1.1,[http/1.1]}{0.0.0.0:32969}
2019-06-14 13:26:22,573 INFO  server.Server (Server.java:doStart(419)) - Started @5504ms
2019-06-14 13:26:22,574 INFO  server.BaseHttpServer (BaseHttpServer.java:updateConnectorAddress(207)) - HTTP server of HDDSDATANODE is listening at http://0.0.0.0:32969
2019-06-14 13:26:22,715 INFO  ozone.HddsDatanodeService (HddsDatanodeService.java:startPlugins(396)) - Started plug-in org.apache.hadoop.ozone.web.OzoneHddsDatanodeService@71531dd7
2019-06-14 13:26:22,715 INFO  impl.MetricsSystemImpl (MetricsSystemImpl.java:init(158)) - HddsDatanode metrics system started (again)
2019-06-14 13:26:22,715 INFO  ozone.HddsDatanodeService (HddsDatanodeService.java:start(185)) - HddsDatanodeService host:ozone-rlb7g-142518227 ip:192.168.134.77
2019-06-14 13:26:22,718 INFO  util.JvmPauseMonitor (JvmPauseMonitor.java:run(188)) - Starting JVM pause monitor
2019-06-14 13:26:22,719 INFO  datanode.InitDatanodeState (InitDatanodeState.java:persistContainerDatanodeDetails(140)) - DatanodeDetails is persisted to /opt/src/hadoop-ozone/integration-test/target/test-dir/MiniOzoneClusterImpl-ee7c2720-9269-41cd-a743-e13d4fe52915/datanode-4/meta/datanode.id
2019-06-14 13:26:22,737 INFO  volume.HddsVolume (HddsVolume.java:<init>(176)) - Creating Volume: /opt/src/hadoop-ozone/integration-test/target/test-dir/MiniOzoneClusterImpl-ee7c2720-9269-41cd-a743-e13d4fe52915/datanode-5/data/containers/hdds of  storage type : DISK and capacity : 104021790720
2019-06-14 13:26:22,737 INFO  volume.VolumeSet (VolumeSet.java:initializeVolumeSet(170)) - Added Volume : /opt/src/hadoop-ozone/integration-test/target/test-dir/MiniOzoneClusterImpl-ee7c2720-9269-41cd-a743-e13d4fe52915/datanode-5/data/containers/hdds to VolumeSet
2019-06-14 13:26:22,738 INFO  volume.ThrottledAsyncChecker (ThrottledAsyncChecker.java:schedule(140)) - Scheduling a check for org.apache.hadoop.ozone.container.common.volume.HddsVolume@1c3b6963
2019-06-14 13:26:22,742 INFO  volume.HddsVolumeChecker (HddsVolumeChecker.java:checkAllVolumes(203)) - Scheduled health check for volume org.apache.hadoop.ozone.container.common.volume.HddsVolume@1c3b6963
2019-06-14 13:26:22,755 INFO  ratis.XceiverServerRatis (XceiverServerRatis.java:newXceiverServerRatis(401)) - Found a free port for the server : 37619
2019-06-14 13:26:22,763 INFO  impl.RaftServerProxy (ConfUtils.java:logGet(43)) - raft.rpc.type = GRPC (default)
2019-06-14 13:26:22,763 INFO  grpc.GrpcConfigKeys$Server (ConfUtils.java:logGet(43)) - raft.grpc.server.port = 37619 (custom)
2019-06-14 13:26:22,763 INFO  server.GrpcService (ConfUtils.java:logGet(43)) - raft.grpc.message.size.max = 33570816 (custom)
2019-06-14 13:26:22,763 INFO  server.RaftServerConfigKeys (ConfUtils.java:logGet(43)) - raft.server.log.appender.buffer.byte-limit = 33554432 (custom)
2019-06-14 13:26:22,764 INFO  server.GrpcService (ConfUtils.java:logGet(43)) - raft.grpc.flow.control.window = 1MB (=1048576) (default)
2019-06-14 13:26:22,764 INFO  server.RaftServerConfigKeys (ConfUtils.java:logGet(43)) - raft.server.rpc.request.timeout = 3000ms (default)
2019-06-14 13:26:22,764 INFO  server.RaftServerConfigKeys (ConfUtils.java:logGet(43)) - raft.server.storage.dir = [/opt/src/hadoop-ozone/integration-test/target/test-dir/MiniOzoneClusterImpl-ee7c2720-9269-41cd-a743-e13d4fe52915/datanode-5/data/ratis] (custom)
2019-06-14 13:26:22,765 INFO  server.XceiverServerGrpc (XceiverServerGrpc.java:<init>(97)) - Found a free port for the server : 33863
2019-06-14 13:26:22,765 INFO  replication.SimpleContainerDownloader (SimpleContainerDownloader.java:<init>(72)) - Starting container downloader service to copy containers to replicate.
2019-06-14 13:26:22,769 INFO  hdfs.DFSUtil (DFSUtil.java:httpServerTemplateForNNAndJN(1641)) - Starting Web-server for hddsDatanode at: http://0.0.0.0:0
2019-06-14 13:26:22,770 INFO  server.AuthenticationFilter (AuthenticationFilter.java:constructSecretProvider(240)) - Unable to initialize FileSignerSecretProvider, falling back to use random secrets.
2019-06-14 13:26:22,774 WARN  http.HttpRequestLog (HttpRequestLog.java:getRequestLog(97)) - Jetty request log can only be enabled using Log4j
2019-06-14 13:26:22,775 INFO  http.HttpServer2 (HttpServer2.java:addGlobalFilter(975)) - Added global filter 'safety' (class=org.apache.hadoop.http.HttpServer2$QuotingInputFilter)
2019-06-14 13:26:22,776 INFO  http.HttpServer2 (HttpServer2.java:addFilter(948)) - Added filter static_user_filter (class=org.apache.hadoop.http.lib.StaticUserWebFilter$StaticUserFilter) to context hddsDatanode
2019-06-14 13:26:22,776 INFO  http.HttpServer2 (HttpServer2.java:addFilter(958)) - Added filter static_user_filter (class=org.apache.hadoop.http.lib.StaticUserWebFilter$StaticUserFilter) to context logs
2019-06-14 13:26:22,776 INFO  http.HttpServer2 (HttpServer2.java:addFilter(958)) - Added filter static_user_filter (class=org.apache.hadoop.http.lib.StaticUserWebFilter$StaticUserFilter) to context static
2019-06-14 13:26:22,777 INFO  http.HttpServer2 (HttpServer2.java:bindListener(1191)) - Jetty bound to port 32991
2019-06-14 13:26:22,777 INFO  server.Server (Server.java:doStart(351)) - jetty-9.3.24.v20180605, build timestamp: 2018-06-05T17:11:56Z, git hash: 84205aa28f11a4f31f2a3b86d1bba2cc8ab69827
2019-06-14 13:26:22,794 INFO  handler.ContextHandler (ContextHandler.java:doStart(781)) - Started o.e.j.s.ServletContextHandler@70c29356{/logs,file:///opt/src/hadoop-ozone/integration-test/target/log,AVAILABLE}
2019-06-14 13:26:22,798 INFO  handler.ContextHandler (ContextHandler.java:doStart(781)) - Started o.e.j.s.ServletContextHandler@23e61112{/static,jar:file:/root/.m2/repository/org/apache/hadoop/hadoop-hdds-container-service/0.5.0-SNAPSHOT/hadoop-hdds-container-service-0.5.0-SNAPSHOT.jar!/webapps/static,AVAILABLE}
2019-06-14 13:26:22,831 INFO  handler.ContextHandler (ContextHandler.java:doStart(781)) - Started o.e.j.w.WebAppContext@53ea380b{/,file:///tmp/jetty-0.0.0.0-32991-hddsDatanode-_-any-3669356279046013681.dir/webapp/,AVAILABLE}{/hddsDatanode}
2019-06-14 13:26:22,832 INFO  server.AbstractConnector (AbstractConnector.java:doStart(278)) - Started ServerConnector@578c3fd9{HTTP/1.1,[http/1.1]}{0.0.0.0:32991}
2019-06-14 13:26:22,834 INFO  server.Server (Server.java:doStart(419)) - Started @5765ms
2019-06-14 13:26:22,836 INFO  server.BaseHttpServer (BaseHttpServer.java:updateConnectorAddress(207)) - HTTP server of HDDSDATANODE is listening at http://0.0.0.0:32991
2019-06-14 13:26:23,028 INFO  ozone.HddsDatanodeService (HddsDatanodeService.java:startPlugins(396)) - Started plug-in org.apache.hadoop.ozone.web.OzoneHddsDatanodeService@9263c54
2019-06-14 13:26:23,030 INFO  ozone.MiniOzoneClusterImpl (MiniOzoneClusterImpl.java:lambda$waitForClusterToBeReady$0(142)) - Waiting for cluster to be ready. Got 0 of 6 DN Heartbeats.
2019-06-14 13:26:23,034 INFO  util.JvmPauseMonitor (JvmPauseMonitor.java:run(188)) - Starting JVM pause monitor
2019-06-14 13:26:23,038 INFO  datanode.InitDatanodeState (InitDatanodeState.java:persistContainerDatanodeDetails(140)) - DatanodeDetails is persisted to /opt/src/hadoop-ozone/integration-test/target/test-dir/MiniOzoneClusterImpl-ee7c2720-9269-41cd-a743-e13d4fe52915/datanode-5/meta/datanode.id
2019-06-14 13:26:23,918 INFO  ozoneimpl.OzoneContainer (OzoneContainer.java:start(186)) - Attempting to start container services.
2019-06-14 13:26:23,918 INFO  ozoneimpl.OzoneContainer (OzoneContainer.java:startContainerScrub(160)) - Background container scrubber has been disabled by hdds.containerscrub.enabled
2019-06-14 13:26:23,919 INFO  ratis.XceiverServerRatis (XceiverServerRatis.java:start(418)) - Starting XceiverServerRatis b44fa320-d140-48b9-9502-9fb1b5547a06 at port 35371
2019-06-14 13:26:23,931 INFO  impl.RaftServerProxy (RaftServerProxy.java:lambda$start$3(299)) - b44fa320-d140-48b9-9502-9fb1b5547a06: start RPC server
2019-06-14 13:26:24,030 INFO  ozone.MiniOzoneClusterImpl (MiniOzoneClusterImpl.java:lambda$waitForClusterToBeReady$0(142)) - Waiting for cluster to be ready. Got 0 of 6 DN Heartbeats.
2019-06-14 13:26:24,048 INFO  server.GrpcService (GrpcService.java:startImpl(148)) - b44fa320-d140-48b9-9502-9fb1b5547a06: GrpcService started, listening on 0.0.0.0/0.0.0.0:35371
2019-06-14 13:26:24,116 INFO  ozoneimpl.OzoneContainer (OzoneContainer.java:start(186)) - Attempting to start container services.
2019-06-14 13:26:24,117 INFO  ozoneimpl.OzoneContainer (OzoneContainer.java:startContainerScrub(160)) - Background container scrubber has been disabled by hdds.containerscrub.enabled
2019-06-14 13:26:24,118 INFO  ratis.XceiverServerRatis (XceiverServerRatis.java:start(418)) - Starting XceiverServerRatis ae912dca-8c53-43fe-949b-aea157028ffc at port 39077
2019-06-14 13:26:24,126 INFO  impl.RaftServerProxy (RaftServerProxy.java:lambda$start$3(299)) - ae912dca-8c53-43fe-949b-aea157028ffc: start RPC server
2019-06-14 13:26:24,128 INFO  server.GrpcService (GrpcService.java:startImpl(148)) - ae912dca-8c53-43fe-949b-aea157028ffc: GrpcService started, listening on 0.0.0.0/0.0.0.0:39077
2019-06-14 13:26:24,327 INFO  ozoneimpl.OzoneContainer (OzoneContainer.java:start(186)) - Attempting to start container services.
2019-06-14 13:26:24,328 INFO  ozoneimpl.OzoneContainer (OzoneContainer.java:startContainerScrub(160)) - Background container scrubber has been disabled by hdds.containerscrub.enabled
2019-06-14 13:26:24,329 INFO  ratis.XceiverServerRatis (XceiverServerRatis.java:start(418)) - Starting XceiverServerRatis 737caf97-e317-4d06-adda-8d28faafff5b at port 43247
2019-06-14 13:26:24,334 INFO  impl.RaftServerProxy (RaftServerProxy.java:lambda$start$3(299)) - 737caf97-e317-4d06-adda-8d28faafff5b: start RPC server
2019-06-14 13:26:24,335 INFO  server.GrpcService (GrpcService.java:startImpl(148)) - 737caf97-e317-4d06-adda-8d28faafff5b: GrpcService started, listening on 0.0.0.0/0.0.0.0:43247
2019-06-14 13:26:24,511 INFO  ozoneimpl.OzoneContainer (OzoneContainer.java:start(186)) - Attempting to start container services.
2019-06-14 13:26:24,512 INFO  ozoneimpl.OzoneContainer (OzoneContainer.java:startContainerScrub(160)) - Background container scrubber has been disabled by hdds.containerscrub.enabled
2019-06-14 13:26:24,512 INFO  ratis.XceiverServerRatis (XceiverServerRatis.java:start(418)) - Starting XceiverServerRatis a17d0b06-922e-4211-b258-011aa1b0f788 at port 34247
2019-06-14 13:26:24,518 INFO  impl.RaftServerProxy (RaftServerProxy.java:lambda$start$3(299)) - a17d0b06-922e-4211-b258-011aa1b0f788: start RPC server
2019-06-14 13:26:24,519 INFO  server.GrpcService (GrpcService.java:startImpl(148)) - a17d0b06-922e-4211-b258-011aa1b0f788: GrpcService started, listening on 0.0.0.0/0.0.0.0:34247
2019-06-14 13:26:24,722 INFO  ozoneimpl.OzoneContainer (OzoneContainer.java:start(186)) - Attempting to start container services.
2019-06-14 13:26:24,723 INFO  ozoneimpl.OzoneContainer (OzoneContainer.java:startContainerScrub(160)) - Background container scrubber has been disabled by hdds.containerscrub.enabled
2019-06-14 13:26:24,723 INFO  ratis.XceiverServerRatis (XceiverServerRatis.java:start(418)) - Starting XceiverServerRatis bb464c03-7b12-434c-b969-99fa1d7ed1cc at port 35313
2019-06-14 13:26:24,728 INFO  impl.RaftServerProxy (RaftServerProxy.java:lambda$start$3(299)) - bb464c03-7b12-434c-b969-99fa1d7ed1cc: start RPC server
2019-06-14 13:26:24,730 INFO  server.GrpcService (GrpcService.java:startImpl(148)) - bb464c03-7b12-434c-b969-99fa1d7ed1cc: GrpcService started, listening on 0.0.0.0/0.0.0.0:35313
2019-06-14 13:26:25,030 INFO  ozone.MiniOzoneClusterImpl (MiniOzoneClusterImpl.java:lambda$waitForClusterToBeReady$0(142)) - Waiting for cluster to be ready. Got 0 of 6 DN Heartbeats.
2019-06-14 13:26:25,039 INFO  ozoneimpl.OzoneContainer (OzoneContainer.java:start(186)) - Attempting to start container services.
2019-06-14 13:26:25,041 INFO  ozoneimpl.OzoneContainer (OzoneContainer.java:startContainerScrub(160)) - Background container scrubber has been disabled by hdds.containerscrub.enabled
2019-06-14 13:26:25,041 INFO  ratis.XceiverServerRatis (XceiverServerRatis.java:start(418)) - Starting XceiverServerRatis 5088f5ce-1454-44a2-85fa-2ce9b7b62641 at port 37619
2019-06-14 13:26:25,046 INFO  impl.RaftServerProxy (RaftServerProxy.java:lambda$start$3(299)) - 5088f5ce-1454-44a2-85fa-2ce9b7b62641: start RPC server
2019-06-14 13:26:25,048 INFO  server.GrpcService (GrpcService.java:startImpl(148)) - 5088f5ce-1454-44a2-85fa-2ce9b7b62641: GrpcService started, listening on 0.0.0.0/0.0.0.0:37619
2019-06-14 13:26:25,921 INFO  node.SCMNodeManager (SCMNodeManager.java:register(234)) - Registered Data node : b44fa320-d140-48b9-9502-9fb1b5547a06{ip: 192.168.134.77, host: ozone-rlb7g-142518227, networkLocation: /default-rack, certSerialId: null}
2019-06-14 13:26:25,930 INFO  safemode.SCMSafeModeManager (DataNodeSafeModeRule.java:process(71)) - SCM in safe mode. 1 DataNodes registered, 1 required.
2019-06-14 13:26:25,930 INFO  safemode.SCMSafeModeManager (SCMSafeModeManager.java:validateSafeModeExitRules(177)) - ScmSafeModeManager, all rules are successfully validated
2019-06-14 13:26:25,930 INFO  safemode.SCMSafeModeManager (SCMSafeModeManager.java:exitSafeMode(193)) - SCM exiting safe mode.
2019-06-14 13:26:26,031 INFO  ozone.MiniOzoneClusterImpl (MiniOzoneClusterImpl.java:lambda$waitForClusterToBeReady$0(142)) - Waiting for cluster to be ready. Got 1 of 6 DN Heartbeats.
2019-06-14 13:26:26,114 INFO  node.SCMNodeManager (SCMNodeManager.java:register(234)) - Registered Data node : ae912dca-8c53-43fe-949b-aea157028ffc{ip: 192.168.134.77, host: ozone-rlb7g-142518227, networkLocation: /default-rack, certSerialId: null}
2019-06-14 13:26:26,332 INFO  node.SCMNodeManager (SCMNodeManager.java:register(234)) - Registered Data node : 737caf97-e317-4d06-adda-8d28faafff5b{ip: 192.168.134.77, host: ozone-rlb7g-142518227, networkLocation: /default-rack, certSerialId: null}
2019-06-14 13:26:26,457 INFO  impl.RaftServerProxy (RaftServerProxy.java:addNew(89)) - b44fa320-d140-48b9-9502-9fb1b5547a06: addNew group-05386EEB60E6:[b44fa320-d140-48b9-9502-9fb1b5547a06:192.168.134.77:35371] returns group-05386EEB60E6:java.util.concurrent.CompletableFuture@5683df14[Not completed]
2019-06-14 13:26:26,464 INFO  impl.RaftServerImpl (RaftServerImpl.java:<init>(91)) - b44fa320-d140-48b9-9502-9fb1b5547a06: new RaftServerImpl for group-05386EEB60E6:[b44fa320-d140-48b9-9502-9fb1b5547a06:192.168.134.77:35371] with ContainerStateMachine:uninitialized
2019-06-14 13:26:26,465 INFO  server.RaftServerConfigKeys (ConfUtils.java:logGet(43)) - raft.server.rpc.timeout.min = 1s (custom)
2019-06-14 13:26:26,465 INFO  server.RaftServerConfigKeys (ConfUtils.java:logGet(43)) - raft.server.rpc.timeout.max = 1200ms (custom)
2019-06-14 13:26:26,465 INFO  server.RaftServerConfigKeys (ConfUtils.java:logGet(43)) - raft.server.rpcslowness.timeout = 10s (custom)
2019-06-14 13:26:26,466 INFO  server.RaftServerConfigKeys (ConfUtils.java:logGet(43)) - raft.server.log.appender.install.snapshot.enabled = true (default)
2019-06-14 13:26:26,473 INFO  impl.RaftServerImpl (ServerState.java:<init>(101)) - b44fa320-d140-48b9-9502-9fb1b5547a06:group-05386EEB60E6 ConfigurationManager, init=-1: [b44fa320-d140-48b9-9502-9fb1b5547a06:192.168.134.77:35371], old=null, confs=<EMPTY_MAP>
2019-06-14 13:26:26,474 INFO  server.RaftServerConfigKeys (ConfUtils.java:logGet(43)) - raft.server.storage.dir = [/opt/src/hadoop-ozone/integration-test/target/test-dir/MiniOzoneClusterImpl-ee7c2720-9269-41cd-a743-e13d4fe52915/datanode-0/data/ratis] (custom)
2019-06-14 13:26:26,480 INFO  storage.RaftStorageDirectory (RaftStorageDirectory.java:analyzeStorage(246)) - The storage directory /opt/src/hadoop-ozone/integration-test/target/test-dir/MiniOzoneClusterImpl-ee7c2720-9269-41cd-a743-e13d4fe52915/datanode-0/data/ratis/e5668825-5a7d-468b-8f83-05386eeb60e6 does not exist. Creating ...
2019-06-14 13:26:26,490 INFO  storage.RaftStorageDirectory (RaftStorageDirectory.java:tryLock(328)) - Lock on /opt/src/hadoop-ozone/integration-test/target/test-dir/MiniOzoneClusterImpl-ee7c2720-9269-41cd-a743-e13d4fe52915/datanode-0/data/ratis/e5668825-5a7d-468b-8f83-05386eeb60e6/in_use.lock acquired by nodename 10195@ozone-rlb7g-142518227
2019-06-14 13:26:26,494 INFO  storage.RaftStorage (RaftStorage.java:format(75)) - Storage directory /opt/src/hadoop-ozone/integration-test/target/test-dir/MiniOzoneClusterImpl-ee7c2720-9269-41cd-a743-e13d4fe52915/datanode-0/data/ratis/e5668825-5a7d-468b-8f83-05386eeb60e6 has been successfully formatted.
2019-06-14 13:26:26,496 INFO  ratis.ContainerStateMachine (ContainerStateMachine.java:loadSnapshot(199)) - The snapshot info is null.Setting the last applied index to:(t:0, i:~)
2019-06-14 13:26:26,496 INFO  server.RaftServerConfigKeys (ConfUtils.java:logGet(43)) - raft.server.leader.election.timeout = 10s (custom)
2019-06-14 13:26:26,498 INFO  server.RaftServerConfigKeys (ConfUtils.java:logGet(43)) - raft.server.log.use.memory = false (default)
2019-06-14 13:26:26,500 INFO  server.RaftServerConfigKeys (ConfUtils.java:logGet(43)) - raft.server.log.appender.buffer.byte-limit = 33554432 (custom)
2019-06-14 13:26:26,503 INFO  server.RaftServerConfigKeys (ConfUtils.java:logGet(43)) - raft.server.log.segment.size.max = 16384 (custom)
2019-06-14 13:26:26,508 INFO  server.RaftServerConfigKeys (ConfUtils.java:logGet(43)) - raft.server.log.segment.cache.num.max = 2 (custom)
2019-06-14 13:26:26,630 INFO  node.SCMNodeManager (SCMNodeManager.java:register(234)) - Registered Data node : a17d0b06-922e-4211-b258-011aa1b0f788{ip: 192.168.134.77, host: ozone-rlb7g-142518227, networkLocation: /default-rack, certSerialId: null}
2019-06-14 13:26:26,632 INFO  storage.RaftLogWorker (RaftLogWorker.java:<init>(123)) - new b44fa320-d140-48b9-9502-9fb1b5547a06-RaftLogWorker for Storage Directory /opt/src/hadoop-ozone/integration-test/target/test-dir/MiniOzoneClusterImpl-ee7c2720-9269-41cd-a743-e13d4fe52915/datanode-0/data/ratis/e5668825-5a7d-468b-8f83-05386eeb60e6
2019-06-14 13:26:26,633 INFO  server.RaftServerConfigKeys (ConfUtils.java:logGet(43)) - raft.server.log.queue.byte-limit = 2147483647 (custom)
2019-06-14 13:26:26,633 INFO  server.RaftServerConfigKeys (ConfUtils.java:logGet(43)) - raft.server.log.queue.element-limit = 1024 (custom)
2019-06-14 13:26:26,635 INFO  server.RaftServerConfigKeys (ConfUtils.java:logGet(43)) - raft.server.log.segment.size.max = 16384 (custom)
2019-06-14 13:26:26,636 INFO  server.RaftServerConfigKeys (ConfUtils.java:logGet(43)) - raft.server.log.preallocated.size = 16384 (custom)
2019-06-14 13:26:26,636 INFO  server.RaftServerConfigKeys (ConfUtils.java:logGet(43)) - raft.server.log.write.buffer.size = 33554432 (custom)
2019-06-14 13:26:26,636 INFO  server.RaftServerConfigKeys (ConfUtils.java:logGet(43)) - raft.server.log.force.sync.num = 128 (default)
2019-06-14 13:26:26,637 INFO  server.RaftServerConfigKeys (ConfUtils.java:logGet(43)) - raft.server.log.statemachine.data.sync = true (default)
2019-06-14 13:26:26,637 INFO  server.RaftServerConfigKeys (ConfUtils.java:logGet(43)) - raft.server.log.statemachine.data.sync.timeout = 10s (default)
2019-06-14 13:26:26,638 INFO  server.RaftServerConfigKeys (ConfUtils.java:logGet(43)) - raft.server.log.statemachine.data.sync.timeout.retry = -1 (default)
2019-06-14 13:26:26,640 INFO  server.RaftServerConfigKeys (ConfUtils.java:logGet(43)) - raft.server.log.statemachine.data.caching.enabled = true (custom)
2019-06-14 13:26:26,647 INFO  server.RaftServerConfigKeys (ConfUtils.java:logGet(43)) - raft.server.snapshot.auto.trigger.enabled = true (custom)
2019-06-14 13:26:26,648 INFO  server.RaftServerConfigKeys (ConfUtils.java:logGet(43)) - raft.server.snapshot.auto.trigger.threshold = 10000 (custom)
2019-06-14 13:26:26,648 INFO  server.RaftServerConfigKeys (ConfUtils.java:logGet(43)) - raft.server.retrycache.expirytime = 600000ms (custom)
2019-06-14 13:26:26,663 INFO  impl.RaftServerImpl (RaftServerImpl.java:start(173)) - b44fa320-d140-48b9-9502-9fb1b5547a06: start group-05386EEB60E6
2019-06-14 13:26:26,664 INFO  impl.RaftServerImpl (RaftServerImpl.java:setRole(164)) - b44fa320-d140-48b9-9502-9fb1b5547a06:group-05386EEB60E6 changes role from null to FOLLOWER at term 0 for startAsFollower
2019-06-14 13:26:26,665 INFO  impl.RoleInfo (RoleInfo.java:updateAndGet(143)) - b44fa320-d140-48b9-9502-9fb1b5547a06: start FollowerState
2019-06-14 13:26:26,667 INFO  util.JmxRegister (JmxRegister.java:tryRegister(44)) - Successfully registered JMX Bean with object name Ratis:service=RaftServer,group=group-05386EEB60E6,id=b44fa320-d140-48b9-9502-9fb1b5547a06
2019-06-14 13:26:26,726 INFO  node.SCMNodeManager (SCMNodeManager.java:register(234)) - Registered Data node : bb464c03-7b12-434c-b969-99fa1d7ed1cc{ip: 192.168.134.77, host: ozone-rlb7g-142518227, networkLocation: /default-rack, certSerialId: null}
2019-06-14 13:26:26,738 INFO  pipeline.PipelineStateManager (PipelineStateManager.java:addPipeline(56)) - Created pipeline Pipeline[ Id: e5668825-5a7d-468b-8f83-05386eeb60e6, Nodes: b44fa320-d140-48b9-9502-9fb1b5547a06{ip: 192.168.134.77, host: ozone-rlb7g-142518227, networkLocation: /default-rack, certSerialId: null}, Type:RATIS, Factor:ONE, State:OPEN]
2019-06-14 13:26:26,770 INFO  impl.RaftServerProxy (RaftServerProxy.java:addNew(89)) - ae912dca-8c53-43fe-949b-aea157028ffc: addNew group-CD44088E905C:[ae912dca-8c53-43fe-949b-aea157028ffc:192.168.134.77:39077] returns group-CD44088E905C:java.util.concurrent.CompletableFuture@6ece86bb[Not completed]
2019-06-14 13:26:26,771 INFO  impl.RaftServerImpl (RaftServerImpl.java:<init>(91)) - ae912dca-8c53-43fe-949b-aea157028ffc: new RaftServerImpl for group-CD44088E905C:[ae912dca-8c53-43fe-949b-aea157028ffc:192.168.134.77:39077] with ContainerStateMachine:uninitialized
2019-06-14 13:26:26,772 INFO  server.RaftServerConfigKeys (ConfUtils.java:logGet(43)) - raft.server.rpc.timeout.min = 1s (custom)
2019-06-14 13:26:26,773 INFO  server.RaftServerConfigKeys (ConfUtils.java:logGet(43)) - raft.server.rpc.timeout.max = 1200ms (custom)
2019-06-14 13:26:26,773 INFO  server.RaftServerConfigKeys (ConfUtils.java:logGet(43)) - raft.server.rpcslowness.timeout = 10s (custom)
2019-06-14 13:26:26,773 INFO  server.RaftServerConfigKeys (ConfUtils.java:logGet(43)) - raft.server.log.appender.install.snapshot.enabled = true (default)
2019-06-14 13:26:26,773 INFO  impl.RaftServerImpl (ServerState.java:<init>(101)) - ae912dca-8c53-43fe-949b-aea157028ffc:group-CD44088E905C ConfigurationManager, init=-1: [ae912dca-8c53-43fe-949b-aea157028ffc:192.168.134.77:39077], old=null, confs=<EMPTY_MAP>
2019-06-14 13:26:26,773 INFO  server.RaftServerConfigKeys (ConfUtils.java:logGet(43)) - raft.server.storage.dir = [/opt/src/hadoop-ozone/integration-test/target/test-dir/MiniOzoneClusterImpl-ee7c2720-9269-41cd-a743-e13d4fe52915/datanode-1/data/ratis] (custom)
2019-06-14 13:26:26,773 INFO  storage.RaftStorageDirectory (RaftStorageDirectory.java:analyzeStorage(246)) - The storage directory /opt/src/hadoop-ozone/integration-test/target/test-dir/MiniOzoneClusterImpl-ee7c2720-9269-41cd-a743-e13d4fe52915/datanode-1/data/ratis/35de01e2-53aa-4d2c-859f-cd44088e905c does not exist. Creating ...
2019-06-14 13:26:26,776 INFO  storage.RaftStorageDirectory (RaftStorageDirectory.java:tryLock(328)) - Lock on /opt/src/hadoop-ozone/integration-test/target/test-dir/MiniOzoneClusterImpl-ee7c2720-9269-41cd-a743-e13d4fe52915/datanode-1/data/ratis/35de01e2-53aa-4d2c-859f-cd44088e905c/in_use.lock acquired by nodename 10195@ozone-rlb7g-142518227
2019-06-14 13:26:26,778 INFO  storage.RaftStorage (RaftStorage.java:format(75)) - Storage directory /opt/src/hadoop-ozone/integration-test/target/test-dir/MiniOzoneClusterImpl-ee7c2720-9269-41cd-a743-e13d4fe52915/datanode-1/data/ratis/35de01e2-53aa-4d2c-859f-cd44088e905c has been successfully formatted.
2019-06-14 13:26:26,778 INFO  ratis.ContainerStateMachine (ContainerStateMachine.java:loadSnapshot(199)) - The snapshot info is null.Setting the last applied index to:(t:0, i:~)
2019-06-14 13:26:26,778 INFO  server.RaftServerConfigKeys (ConfUtils.java:logGet(43)) - raft.server.leader.election.timeout = 10s (custom)
2019-06-14 13:26:26,779 INFO  server.RaftServerConfigKeys (ConfUtils.java:logGet(43)) - raft.server.log.use.memory = false (default)
2019-06-14 13:26:26,779 INFO  server.RaftServerConfigKeys (ConfUtils.java:logGet(43)) - raft.server.log.appender.buffer.byte-limit = 33554432 (custom)
2019-06-14 13:26:26,781 INFO  server.RaftServerConfigKeys (ConfUtils.java:logGet(43)) - raft.server.log.segment.size.max = 16384 (custom)
2019-06-14 13:26:26,781 INFO  server.RaftServerConfigKeys (ConfUtils.java:logGet(43)) - raft.server.log.segment.cache.num.max = 2 (custom)
2019-06-14 13:26:26,781 INFO  storage.RaftLogWorker (RaftLogWorker.java:<init>(123)) - new ae912dca-8c53-43fe-949b-aea157028ffc-RaftLogWorker for Storage Directory /opt/src/hadoop-ozone/integration-test/target/test-dir/MiniOzoneClusterImpl-ee7c2720-9269-41cd-a743-e13d4fe52915/datanode-1/data/ratis/35de01e2-53aa-4d2c-859f-cd44088e905c
2019-06-14 13:26:26,782 INFO  server.RaftServerConfigKeys (ConfUtils.java:logGet(43)) - raft.server.log.queue.byte-limit = 2147483647 (custom)
2019-06-14 13:26:26,782 INFO  server.RaftServerConfigKeys (ConfUtils.java:logGet(43)) - raft.server.log.queue.element-limit = 1024 (custom)
2019-06-14 13:26:26,782 INFO  server.RaftServerConfigKeys (ConfUtils.java:logGet(43)) - raft.server.log.segment.size.max = 16384 (custom)
2019-06-14 13:26:26,783 INFO  server.RaftServerConfigKeys (ConfUtils.java:logGet(43)) - raft.server.log.preallocated.size = 16384 (custom)
2019-06-14 13:26:26,783 INFO  server.RaftServerConfigKeys (ConfUtils.java:logGet(43)) - raft.server.log.write.buffer.size = 33554432 (custom)
2019-06-14 13:26:26,783 INFO  server.RaftServerConfigKeys (ConfUtils.java:logGet(43)) - raft.server.log.force.sync.num = 128 (default)
2019-06-14 13:26:26,783 INFO  server.RaftServerConfigKeys (ConfUtils.java:logGet(43)) - raft.server.log.statemachine.data.sync = true (default)
2019-06-14 13:26:26,783 INFO  server.RaftServerConfigKeys (ConfUtils.java:logGet(43)) - raft.server.log.statemachine.data.sync.timeout = 10s (default)
2019-06-14 13:26:26,783 INFO  server.RaftServerConfigKeys (ConfUtils.java:logGet(43)) - raft.server.log.statemachine.data.sync.timeout.retry = -1 (default)
2019-06-14 13:26:26,783 INFO  server.RaftServerConfigKeys (ConfUtils.java:logGet(43)) - raft.server.log.statemachine.data.caching.enabled = true (custom)
2019-06-14 13:26:26,790 INFO  server.RaftServerConfigKeys (ConfUtils.java:logGet(43)) - raft.server.snapshot.auto.trigger.enabled = true (custom)
2019-06-14 13:26:26,790 INFO  server.RaftServerConfigKeys (ConfUtils.java:logGet(43)) - raft.server.snapshot.auto.trigger.threshold = 10000 (custom)
2019-06-14 13:26:26,790 INFO  server.RaftServerConfigKeys (ConfUtils.java:logGet(43)) - raft.server.retrycache.expirytime = 600000ms (custom)
2019-06-14 13:26:26,790 INFO  impl.RaftServerImpl (RaftServerImpl.java:start(173)) - ae912dca-8c53-43fe-949b-aea157028ffc: start group-CD44088E905C
2019-06-14 13:26:26,790 INFO  impl.RaftServerImpl (RaftServerImpl.java:setRole(164)) - ae912dca-8c53-43fe-949b-aea157028ffc:group-CD44088E905C changes role from null to FOLLOWER at term 0 for startAsFollower
2019-06-14 13:26:26,791 INFO  impl.RoleInfo (RoleInfo.java:updateAndGet(143)) - ae912dca-8c53-43fe-949b-aea157028ffc: start FollowerState
2019-06-14 13:26:26,794 INFO  util.JmxRegister (JmxRegister.java:tryRegister(44)) - Successfully registered JMX Bean with object name Ratis:service=RaftServer,group=group-CD44088E905C,id=ae912dca-8c53-43fe-949b-aea157028ffc
2019-06-14 13:26:26,802 INFO  pipeline.PipelineStateManager (PipelineStateManager.java:addPipeline(56)) - Created pipeline Pipeline[ Id: 35de01e2-53aa-4d2c-859f-cd44088e905c, Nodes: ae912dca-8c53-43fe-949b-aea157028ffc{ip: 192.168.134.77, host: ozone-rlb7g-142518227, networkLocation: /default-rack, certSerialId: null}, Type:RATIS, Factor:ONE, State:OPEN]
2019-06-14 13:26:26,822 INFO  impl.RaftServerProxy (RaftServerProxy.java:addNew(89)) - bb464c03-7b12-434c-b969-99fa1d7ed1cc: addNew group-08EAA62DE169:[bb464c03-7b12-434c-b969-99fa1d7ed1cc:192.168.134.77:35313] returns group-08EAA62DE169:java.util.concurrent.CompletableFuture@5c883af[Not completed]
2019-06-14 13:26:26,849 INFO  impl.RaftServerImpl (RaftServerImpl.java:<init>(91)) - bb464c03-7b12-434c-b969-99fa1d7ed1cc: new RaftServerImpl for group-08EAA62DE169:[bb464c03-7b12-434c-b969-99fa1d7ed1cc:192.168.134.77:35313] with ContainerStateMachine:uninitialized
2019-06-14 13:26:26,850 INFO  server.RaftServerConfigKeys (ConfUtils.java:logGet(43)) - raft.server.rpc.timeout.min = 1s (custom)
2019-06-14 13:26:26,850 INFO  server.RaftServerConfigKeys (ConfUtils.java:logGet(43)) - raft.server.rpc.timeout.max = 1200ms (custom)
2019-06-14 13:26:26,850 INFO  server.RaftServerConfigKeys (ConfUtils.java:logGet(43)) - raft.server.rpcslowness.timeout = 10s (custom)
2019-06-14 13:26:26,850 INFO  server.RaftServerConfigKeys (ConfUtils.java:logGet(43)) - raft.server.log.appender.install.snapshot.enabled = true (default)
2019-06-14 13:26:26,850 INFO  impl.RaftServerImpl (ServerState.java:<init>(101)) - bb464c03-7b12-434c-b969-99fa1d7ed1cc:group-08EAA62DE169 ConfigurationManager, init=-1: [bb464c03-7b12-434c-b969-99fa1d7ed1cc:192.168.134.77:35313], old=null, confs=<EMPTY_MAP>
2019-06-14 13:26:26,850 INFO  server.RaftServerConfigKeys (ConfUtils.java:logGet(43)) - raft.server.storage.dir = [/opt/src/hadoop-ozone/integration-test/target/test-dir/MiniOzoneClusterImpl-ee7c2720-9269-41cd-a743-e13d4fe52915/datanode-4/data/ratis] (custom)
2019-06-14 13:26:26,851 INFO  storage.RaftStorageDirectory (RaftStorageDirectory.java:analyzeStorage(246)) - The storage directory /opt/src/hadoop-ozone/integration-test/target/test-dir/MiniOzoneClusterImpl-ee7c2720-9269-41cd-a743-e13d4fe52915/datanode-4/data/ratis/24e6ca8d-28d4-4ed8-bb28-08eaa62de169 does not exist. Creating ...
2019-06-14 13:26:26,854 INFO  storage.RaftStorageDirectory (RaftStorageDirectory.java:tryLock(328)) - Lock on /opt/src/hadoop-ozone/integration-test/target/test-dir/MiniOzoneClusterImpl-ee7c2720-9269-41cd-a743-e13d4fe52915/datanode-4/data/ratis/24e6ca8d-28d4-4ed8-bb28-08eaa62de169/in_use.lock acquired by nodename 10195@ozone-rlb7g-142518227
2019-06-14 13:26:26,856 INFO  storage.RaftStorage (RaftStorage.java:format(75)) - Storage directory /opt/src/hadoop-ozone/integration-test/target/test-dir/MiniOzoneClusterImpl-ee7c2720-9269-41cd-a743-e13d4fe52915/datanode-4/data/ratis/24e6ca8d-28d4-4ed8-bb28-08eaa62de169 has been successfully formatted.
2019-06-14 13:26:26,857 INFO  ratis.ContainerStateMachine (ContainerStateMachine.java:loadSnapshot(199)) - The snapshot info is null.Setting the last applied index to:(t:0, i:~)
2019-06-14 13:26:26,858 INFO  server.RaftServerConfigKeys (ConfUtils.java:logGet(43)) - raft.server.leader.election.timeout = 10s (custom)
2019-06-14 13:26:26,858 INFO  server.RaftServerConfigKeys (ConfUtils.java:logGet(43)) - raft.server.log.use.memory = false (default)
2019-06-14 13:26:26,858 INFO  server.RaftServerConfigKeys (ConfUtils.java:logGet(43)) - raft.server.log.appender.buffer.byte-limit = 33554432 (custom)
2019-06-14 13:26:26,858 INFO  server.RaftServerConfigKeys (ConfUtils.java:logGet(43)) - raft.server.log.segment.size.max = 16384 (custom)
2019-06-14 13:26:26,858 INFO  server.RaftServerConfigKeys (ConfUtils.java:logGet(43)) - raft.server.log.segment.cache.num.max = 2 (custom)
2019-06-14 13:26:26,858 INFO  storage.RaftLogWorker (RaftLogWorker.java:<init>(123)) - new bb464c03-7b12-434c-b969-99fa1d7ed1cc-RaftLogWorker for Storage Directory /opt/src/hadoop-ozone/integration-test/target/test-dir/MiniOzoneClusterImpl-ee7c2720-9269-41cd-a743-e13d4fe52915/datanode-4/data/ratis/24e6ca8d-28d4-4ed8-bb28-08eaa62de169
2019-06-14 13:26:26,859 INFO  server.RaftServerConfigKeys (ConfUtils.java:logGet(43)) - raft.server.log.queue.byte-limit = 2147483647 (custom)
2019-06-14 13:26:26,859 INFO  server.RaftServerConfigKeys (ConfUtils.java:logGet(43)) - raft.server.log.queue.element-limit = 1024 (custom)
2019-06-14 13:26:26,859 INFO  server.RaftServerConfigKeys (ConfUtils.java:logGet(43)) - raft.server.log.segment.size.max = 16384 (custom)
2019-06-14 13:26:26,859 INFO  server.RaftServerConfigKeys (ConfUtils.java:logGet(43)) - raft.server.log.preallocated.size = 16384 (custom)
2019-06-14 13:26:26,859 INFO  server.RaftServerConfigKeys (ConfUtils.java:logGet(43)) - raft.server.log.write.buffer.size = 33554432 (custom)
2019-06-14 13:26:26,859 INFO  server.RaftServerConfigKeys (ConfUtils.java:logGet(43)) - raft.server.log.force.sync.num = 128 (default)
2019-06-14 13:26:26,859 INFO  server.RaftServerConfigKeys (ConfUtils.java:logGet(43)) - raft.server.log.statemachine.data.sync = true (default)
2019-06-14 13:26:26,859 INFO  server.RaftServerConfigKeys (ConfUtils.java:logGet(43)) - raft.server.log.statemachine.data.sync.timeout = 10s (default)
2019-06-14 13:26:26,859 INFO  server.RaftServerConfigKeys (ConfUtils.java:logGet(43)) - raft.server.log.statemachine.data.sync.timeout.retry = -1 (default)
2019-06-14 13:26:26,860 INFO  server.RaftServerConfigKeys (ConfUtils.java:logGet(43)) - raft.server.log.statemachine.data.caching.enabled = true (custom)
2019-06-14 13:26:26,862 INFO  server.RaftServerConfigKeys (ConfUtils.java:logGet(43)) - raft.server.snapshot.auto.trigger.enabled = true (custom)
2019-06-14 13:26:26,862 INFO  server.RaftServerConfigKeys (ConfUtils.java:logGet(43)) - raft.server.snapshot.auto.trigger.threshold = 10000 (custom)
2019-06-14 13:26:26,862 INFO  server.RaftServerConfigKeys (ConfUtils.java:logGet(43)) - raft.server.retrycache.expirytime = 600000ms (custom)
2019-06-14 13:26:26,862 INFO  impl.RaftServerImpl (RaftServerImpl.java:start(173)) - bb464c03-7b12-434c-b969-99fa1d7ed1cc: start group-08EAA62DE169
2019-06-14 13:26:26,862 INFO  impl.RaftServerImpl (RaftServerImpl.java:setRole(164)) - bb464c03-7b12-434c-b969-99fa1d7ed1cc:group-08EAA62DE169 changes role from null to FOLLOWER at term 0 for startAsFollower
2019-06-14 13:26:26,863 INFO  impl.RoleInfo (RoleInfo.java:updateAndGet(143)) - bb464c03-7b12-434c-b969-99fa1d7ed1cc: start FollowerState
2019-06-14 13:26:26,866 INFO  util.JmxRegister (JmxRegister.java:tryRegister(44)) - Successfully registered JMX Bean with object name Ratis:service=RaftServer,group=group-08EAA62DE169,id=bb464c03-7b12-434c-b969-99fa1d7ed1cc
2019-06-14 13:26:26,894 INFO  pipeline.PipelineStateManager (PipelineStateManager.java:addPipeline(56)) - Created pipeline Pipeline[ Id: 24e6ca8d-28d4-4ed8-bb28-08eaa62de169, Nodes: bb464c03-7b12-434c-b969-99fa1d7ed1cc{ip: 192.168.134.77, host: ozone-rlb7g-142518227, networkLocation: /default-rack, certSerialId: null}, Type:RATIS, Factor:ONE, State:OPEN]
2019-06-14 13:26:26,937 INFO  impl.RaftServerProxy (RaftServerProxy.java:addNew(89)) - 737caf97-e317-4d06-adda-8d28faafff5b: addNew group-FAD34C692F8A:[737caf97-e317-4d06-adda-8d28faafff5b:192.168.134.77:43247] returns group-FAD34C692F8A:java.util.concurrent.CompletableFuture@b97c34d[Not completed]
2019-06-14 13:26:26,952 INFO  impl.RaftServerImpl (RaftServerImpl.java:<init>(91)) - 737caf97-e317-4d06-adda-8d28faafff5b: new RaftServerImpl for group-FAD34C692F8A:[737caf97-e317-4d06-adda-8d28faafff5b:192.168.134.77:43247] with ContainerStateMachine:uninitialized
2019-06-14 13:26:26,952 INFO  server.RaftServerConfigKeys (ConfUtils.java:logGet(43)) - raft.server.rpc.timeout.min = 1s (custom)
2019-06-14 13:26:26,953 INFO  server.RaftServerConfigKeys (ConfUtils.java:logGet(43)) - raft.server.rpc.timeout.max = 1200ms (custom)
2019-06-14 13:26:26,953 INFO  server.RaftServerConfigKeys (ConfUtils.java:logGet(43)) - raft.server.rpcslowness.timeout = 10s (custom)
2019-06-14 13:26:26,953 INFO  server.RaftServerConfigKeys (ConfUtils.java:logGet(43)) - raft.server.log.appender.install.snapshot.enabled = true (default)
2019-06-14 13:26:26,953 INFO  impl.RaftServerImpl (ServerState.java:<init>(101)) - 737caf97-e317-4d06-adda-8d28faafff5b:group-FAD34C692F8A ConfigurationManager, init=-1: [737caf97-e317-4d06-adda-8d28faafff5b:192.168.134.77:43247], old=null, confs=<EMPTY_MAP>
2019-06-14 13:26:26,953 INFO  server.RaftServerConfigKeys (ConfUtils.java:logGet(43)) - raft.server.storage.dir = [/opt/src/hadoop-ozone/integration-test/target/test-dir/MiniOzoneClusterImpl-ee7c2720-9269-41cd-a743-e13d4fe52915/datanode-2/data/ratis] (custom)
2019-06-14 13:26:26,953 INFO  storage.RaftStorageDirectory (RaftStorageDirectory.java:analyzeStorage(246)) - The storage directory /opt/src/hadoop-ozone/integration-test/target/test-dir/MiniOzoneClusterImpl-ee7c2720-9269-41cd-a743-e13d4fe52915/datanode-2/data/ratis/fde8bfd0-485a-4d8f-b779-fad34c692f8a does not exist. Creating ...
2019-06-14 13:26:26,955 INFO  storage.RaftStorageDirectory (RaftStorageDirectory.java:tryLock(328)) - Lock on /opt/src/hadoop-ozone/integration-test/target/test-dir/MiniOzoneClusterImpl-ee7c2720-9269-41cd-a743-e13d4fe52915/datanode-2/data/ratis/fde8bfd0-485a-4d8f-b779-fad34c692f8a/in_use.lock acquired by nodename 10195@ozone-rlb7g-142518227
2019-06-14 13:26:26,958 INFO  storage.RaftStorage (RaftStorage.java:format(75)) - Storage directory /opt/src/hadoop-ozone/integration-test/target/test-dir/MiniOzoneClusterImpl-ee7c2720-9269-41cd-a743-e13d4fe52915/datanode-2/data/ratis/fde8bfd0-485a-4d8f-b779-fad34c692f8a has been successfully formatted.
2019-06-14 13:26:26,958 INFO  ratis.ContainerStateMachine (ContainerStateMachine.java:loadSnapshot(199)) - The snapshot info is null.Setting the last applied index to:(t:0, i:~)
2019-06-14 13:26:26,958 INFO  server.RaftServerConfigKeys (ConfUtils.java:logGet(43)) - raft.server.leader.election.timeout = 10s (custom)
2019-06-14 13:26:26,959 INFO  server.RaftServerConfigKeys (ConfUtils.java:logGet(43)) - raft.server.log.use.memory = false (default)
2019-06-14 13:26:26,959 INFO  server.RaftServerConfigKeys (ConfUtils.java:logGet(43)) - raft.server.log.appender.buffer.byte-limit = 33554432 (custom)
2019-06-14 13:26:26,959 INFO  server.RaftServerConfigKeys (ConfUtils.java:logGet(43)) - raft.server.log.segment.size.max = 16384 (custom)
2019-06-14 13:26:26,959 INFO  server.RaftServerConfigKeys (ConfUtils.java:logGet(43)) - raft.server.log.segment.cache.num.max = 2 (custom)
2019-06-14 13:26:26,959 INFO  storage.RaftLogWorker (RaftLogWorker.java:<init>(123)) - new 737caf97-e317-4d06-adda-8d28faafff5b-RaftLogWorker for Storage Directory /opt/src/hadoop-ozone/integration-test/target/test-dir/MiniOzoneClusterImpl-ee7c2720-9269-41cd-a743-e13d4fe52915/datanode-2/data/ratis/fde8bfd0-485a-4d8f-b779-fad34c692f8a
2019-06-14 13:26:26,959 INFO  server.RaftServerConfigKeys (ConfUtils.java:logGet(43)) - raft.server.log.queue.byte-limit = 2147483647 (custom)
2019-06-14 13:26:26,959 INFO  server.RaftServerConfigKeys (ConfUtils.java:logGet(43)) - raft.server.log.queue.element-limit = 1024 (custom)
2019-06-14 13:26:26,959 INFO  server.RaftServerConfigKeys (ConfUtils.java:logGet(43)) - raft.server.log.segment.size.max = 16384 (custom)
2019-06-14 13:26:26,960 INFO  server.RaftServerConfigKeys (ConfUtils.java:logGet(43)) - raft.server.log.preallocated.size = 16384 (custom)
2019-06-14 13:26:26,960 INFO  server.RaftServerConfigKeys (ConfUtils.java:logGet(43)) - raft.server.log.write.buffer.size = 33554432 (custom)
2019-06-14 13:26:26,960 INFO  server.RaftServerConfigKeys (ConfUtils.java:logGet(43)) - raft.server.log.force.sync.num = 128 (default)
2019-06-14 13:26:26,960 INFO  server.RaftServerConfigKeys (ConfUtils.java:logGet(43)) - raft.server.log.statemachine.data.sync = true (default)
2019-06-14 13:26:26,960 INFO  server.RaftServerConfigKeys (ConfUtils.java:logGet(43)) - raft.server.log.statemachine.data.sync.timeout = 10s (default)
2019-06-14 13:26:26,960 INFO  server.RaftServerConfigKeys (ConfUtils.java:logGet(43)) - raft.server.log.statemachine.data.sync.timeout.retry = -1 (default)
2019-06-14 13:26:26,960 INFO  server.RaftServerConfigKeys (ConfUtils.java:logGet(43)) - raft.server.log.statemachine.data.caching.enabled = true (custom)
2019-06-14 13:26:26,961 INFO  server.RaftServerConfigKeys (ConfUtils.java:logGet(43)) - raft.server.snapshot.auto.trigger.enabled = true (custom)
2019-06-14 13:26:26,961 INFO  server.RaftServerConfigKeys (ConfUtils.java:logGet(43)) - raft.server.snapshot.auto.trigger.threshold = 10000 (custom)
2019-06-14 13:26:26,961 INFO  server.RaftServerConfigKeys (ConfUtils.java:logGet(43)) - raft.server.retrycache.expirytime = 600000ms (custom)
2019-06-14 13:26:26,961 INFO  impl.RaftServerImpl (RaftServerImpl.java:start(173)) - 737caf97-e317-4d06-adda-8d28faafff5b: start group-FAD34C692F8A
2019-06-14 13:26:26,961 INFO  impl.RaftServerImpl (RaftServerImpl.java:setRole(164)) - 737caf97-e317-4d06-adda-8d28faafff5b:group-FAD34C692F8A changes role from null to FOLLOWER at term 0 for startAsFollower
2019-06-14 13:26:26,962 INFO  impl.RoleInfo (RoleInfo.java:updateAndGet(143)) - 737caf97-e317-4d06-adda-8d28faafff5b: start FollowerState
2019-06-14 13:26:26,964 INFO  util.JmxRegister (JmxRegister.java:tryRegister(44)) - Successfully registered JMX Bean with object name Ratis:service=RaftServer,group=group-FAD34C692F8A,id=737caf97-e317-4d06-adda-8d28faafff5b
2019-06-14 13:26:26,979 INFO  pipeline.PipelineStateManager (PipelineStateManager.java:addPipeline(56)) - Created pipeline Pipeline[ Id: fde8bfd0-485a-4d8f-b779-fad34c692f8a, Nodes: 737caf97-e317-4d06-adda-8d28faafff5b{ip: 192.168.134.77, host: ozone-rlb7g-142518227, networkLocation: /default-rack, certSerialId: null}, Type:RATIS, Factor:ONE, State:OPEN]
2019-06-14 13:26:27,030 INFO  impl.RaftServerProxy (RaftServerProxy.java:addNew(89)) - a17d0b06-922e-4211-b258-011aa1b0f788: addNew group-8B45079B77E3:[a17d0b06-922e-4211-b258-011aa1b0f788:192.168.134.77:34247] returns group-8B45079B77E3:java.util.concurrent.CompletableFuture@6213be15[Not completed]
2019-06-14 13:26:27,031 INFO  impl.RaftServerImpl (RaftServerImpl.java:<init>(91)) - a17d0b06-922e-4211-b258-011aa1b0f788: new RaftServerImpl for group-8B45079B77E3:[a17d0b06-922e-4211-b258-011aa1b0f788:192.168.134.77:34247] with ContainerStateMachine:uninitialized
2019-06-14 13:26:27,031 INFO  server.RaftServerConfigKeys (ConfUtils.java:logGet(43)) - raft.server.rpc.timeout.min = 1s (custom)
2019-06-14 13:26:27,031 INFO  server.RaftServerConfigKeys (ConfUtils.java:logGet(43)) - raft.server.rpc.timeout.max = 1200ms (custom)
2019-06-14 13:26:27,031 INFO  server.RaftServerConfigKeys (ConfUtils.java:logGet(43)) - raft.server.rpcslowness.timeout = 10s (custom)
2019-06-14 13:26:27,031 INFO  server.RaftServerConfigKeys (ConfUtils.java:logGet(43)) - raft.server.log.appender.install.snapshot.enabled = true (default)
2019-06-14 13:26:27,031 INFO  impl.RaftServerImpl (ServerState.java:<init>(101)) - a17d0b06-922e-4211-b258-011aa1b0f788:group-8B45079B77E3 ConfigurationManager, init=-1: [a17d0b06-922e-4211-b258-011aa1b0f788:192.168.134.77:34247], old=null, confs=<EMPTY_MAP>
2019-06-14 13:26:27,032 INFO  server.RaftServerConfigKeys (ConfUtils.java:logGet(43)) - raft.server.storage.dir = [/opt/src/hadoop-ozone/integration-test/target/test-dir/MiniOzoneClusterImpl-ee7c2720-9269-41cd-a743-e13d4fe52915/datanode-3/data/ratis] (custom)
2019-06-14 13:26:27,032 INFO  storage.RaftStorageDirectory (RaftStorageDirectory.java:analyzeStorage(246)) - The storage directory /opt/src/hadoop-ozone/integration-test/target/test-dir/MiniOzoneClusterImpl-ee7c2720-9269-41cd-a743-e13d4fe52915/datanode-3/data/ratis/19975944-cff3-4786-97f8-8b45079b77e3 does not exist. Creating ...
2019-06-14 13:26:27,034 INFO  ozone.MiniOzoneClusterImpl (MiniOzoneClusterImpl.java:lambda$waitForClusterToBeReady$0(142)) - Waiting for cluster to be ready. Got 5 of 6 DN Heartbeats.
2019-06-14 13:26:27,034 INFO  storage.RaftStorageDirectory (RaftStorageDirectory.java:tryLock(328)) - Lock on /opt/src/hadoop-ozone/integration-test/target/test-dir/MiniOzoneClusterImpl-ee7c2720-9269-41cd-a743-e13d4fe52915/datanode-3/data/ratis/19975944-cff3-4786-97f8-8b45079b77e3/in_use.lock acquired by nodename 10195@ozone-rlb7g-142518227
2019-06-14 13:26:27,037 INFO  storage.RaftStorage (RaftStorage.java:format(75)) - Storage directory /opt/src/hadoop-ozone/integration-test/target/test-dir/MiniOzoneClusterImpl-ee7c2720-9269-41cd-a743-e13d4fe52915/datanode-3/data/ratis/19975944-cff3-4786-97f8-8b45079b77e3 has been successfully formatted.
2019-06-14 13:26:27,037 INFO  ratis.ContainerStateMachine (ContainerStateMachine.java:loadSnapshot(199)) - The snapshot info is null.Setting the last applied index to:(t:0, i:~)
2019-06-14 13:26:27,037 INFO  server.RaftServerConfigKeys (ConfUtils.java:logGet(43)) - raft.server.leader.election.timeout = 10s (custom)
2019-06-14 13:26:27,037 INFO  server.RaftServerConfigKeys (ConfUtils.java:logGet(43)) - raft.server.log.use.memory = false (default)
2019-06-14 13:26:27,037 INFO  server.RaftServerConfigKeys (ConfUtils.java:logGet(43)) - raft.server.log.appender.buffer.byte-limit = 33554432 (custom)
2019-06-14 13:26:27,037 INFO  server.RaftServerConfigKeys (ConfUtils.java:logGet(43)) - raft.server.log.segment.size.max = 16384 (custom)
2019-06-14 13:26:27,038 INFO  server.RaftServerConfigKeys (ConfUtils.java:logGet(43)) - raft.server.log.segment.cache.num.max = 2 (custom)
2019-06-14 13:26:27,038 INFO  storage.RaftLogWorker (RaftLogWorker.java:<init>(123)) - new a17d0b06-922e-4211-b258-011aa1b0f788-RaftLogWorker for Storage Directory /opt/src/hadoop-ozone/integration-test/target/test-dir/MiniOzoneClusterImpl-ee7c2720-9269-41cd-a743-e13d4fe52915/datanode-3/data/ratis/19975944-cff3-4786-97f8-8b45079b77e3
2019-06-14 13:26:27,038 INFO  server.RaftServerConfigKeys (ConfUtils.java:logGet(43)) - raft.server.log.queue.byte-limit = 2147483647 (custom)
2019-06-14 13:26:27,038 INFO  server.RaftServerConfigKeys (ConfUtils.java:logGet(43)) - raft.server.log.queue.element-limit = 1024 (custom)
2019-06-14 13:26:27,038 INFO  server.RaftServerConfigKeys (ConfUtils.java:logGet(43)) - raft.server.log.segment.size.max = 16384 (custom)
2019-06-14 13:26:27,038 INFO  server.RaftServerConfigKeys (ConfUtils.java:logGet(43)) - raft.server.log.preallocated.size = 16384 (custom)
2019-06-14 13:26:27,038 INFO  server.RaftServerConfigKeys (ConfUtils.java:logGet(43)) - raft.server.log.write.buffer.size = 33554432 (custom)
2019-06-14 13:26:27,038 INFO  server.RaftServerConfigKeys (ConfUtils.java:logGet(43)) - raft.server.log.force.sync.num = 128 (default)
2019-06-14 13:26:27,039 INFO  server.RaftServerConfigKeys (ConfUtils.java:logGet(43)) - raft.server.log.statemachine.data.sync = true (default)
2019-06-14 13:26:27,039 INFO  server.RaftServerConfigKeys (ConfUtils.java:logGet(43)) - raft.server.log.statemachine.data.sync.timeout = 10s (default)
2019-06-14 13:26:27,039 INFO  server.RaftServerConfigKeys (ConfUtils.java:logGet(43)) - raft.server.log.statemachine.data.sync.timeout.retry = -1 (default)
2019-06-14 13:26:27,039 INFO  server.RaftServerConfigKeys (ConfUtils.java:logGet(43)) - raft.server.log.statemachine.data.caching.enabled = true (custom)
2019-06-14 13:26:27,040 INFO  server.RaftServerConfigKeys (ConfUtils.java:logGet(43)) - raft.server.snapshot.auto.trigger.enabled = true (custom)
2019-06-14 13:26:27,040 INFO  server.RaftServerConfigKeys (ConfUtils.java:logGet(43)) - raft.server.snapshot.auto.trigger.threshold = 10000 (custom)
2019-06-14 13:26:27,040 INFO  server.RaftServerConfigKeys (ConfUtils.java:logGet(43)) - raft.server.retrycache.expirytime = 600000ms (custom)
2019-06-14 13:26:27,040 INFO  impl.RaftServerImpl (RaftServerImpl.java:start(173)) - a17d0b06-922e-4211-b258-011aa1b0f788: start group-8B45079B77E3
2019-06-14 13:26:27,040 INFO  impl.RaftServerImpl (RaftServerImpl.java:setRole(164)) - a17d0b06-922e-4211-b258-011aa1b0f788:group-8B45079B77E3 changes role from null to FOLLOWER at term 0 for startAsFollower
2019-06-14 13:26:27,040 INFO  impl.RoleInfo (RoleInfo.java:updateAndGet(143)) - a17d0b06-922e-4211-b258-011aa1b0f788: start FollowerState
2019-06-14 13:26:27,041 INFO  util.JmxRegister (JmxRegister.java:tryRegister(44)) - Successfully registered JMX Bean with object name Ratis:service=RaftServer,group=group-8B45079B77E3,id=a17d0b06-922e-4211-b258-011aa1b0f788
2019-06-14 13:26:27,048 INFO  node.SCMNodeManager (SCMNodeManager.java:register(234)) - Registered Data node : 5088f5ce-1454-44a2-85fa-2ce9b7b62641{ip: 192.168.134.77, host: ozone-rlb7g-142518227, networkLocation: /default-rack, certSerialId: null}
2019-06-14 13:26:27,055 INFO  pipeline.PipelineStateManager (PipelineStateManager.java:addPipeline(56)) - Created pipeline Pipeline[ Id: 19975944-cff3-4786-97f8-8b45079b77e3, Nodes: a17d0b06-922e-4211-b258-011aa1b0f788{ip: 192.168.134.77, host: ozone-rlb7g-142518227, networkLocation: /default-rack, certSerialId: null}, Type:RATIS, Factor:ONE, State:OPEN]
2019-06-14 13:26:27,085 INFO  impl.RaftServerProxy (RaftServerProxy.java:addNew(89)) - 5088f5ce-1454-44a2-85fa-2ce9b7b62641: addNew group-7E2A99E23294:[5088f5ce-1454-44a2-85fa-2ce9b7b62641:192.168.134.77:37619] returns group-7E2A99E23294:java.util.concurrent.CompletableFuture@40bc5f4b[Not completed]
2019-06-14 13:26:27,086 INFO  impl.RaftServerImpl (RaftServerImpl.java:<init>(91)) - 5088f5ce-1454-44a2-85fa-2ce9b7b62641: new RaftServerImpl for group-7E2A99E23294:[5088f5ce-1454-44a2-85fa-2ce9b7b62641:192.168.134.77:37619] with ContainerStateMachine:uninitialized
2019-06-14 13:26:27,087 INFO  server.RaftServerConfigKeys (ConfUtils.java:logGet(43)) - raft.server.rpc.timeout.min = 1s (custom)
2019-06-14 13:26:27,087 INFO  server.RaftServerConfigKeys (ConfUtils.java:logGet(43)) - raft.server.rpc.timeout.max = 1200ms (custom)
2019-06-14 13:26:27,087 INFO  server.RaftServerConfigKeys (ConfUtils.java:logGet(43)) - raft.server.rpcslowness.timeout = 10s (custom)
2019-06-14 13:26:27,087 INFO  server.RaftServerConfigKeys (ConfUtils.java:logGet(43)) - raft.server.log.appender.install.snapshot.enabled = true (default)
2019-06-14 13:26:27,087 INFO  impl.RaftServerImpl (ServerState.java:<init>(101)) - 5088f5ce-1454-44a2-85fa-2ce9b7b62641:group-7E2A99E23294 ConfigurationManager, init=-1: [5088f5ce-1454-44a2-85fa-2ce9b7b62641:192.168.134.77:37619], old=null, confs=<EMPTY_MAP>
2019-06-14 13:26:27,087 INFO  server.RaftServerConfigKeys (ConfUtils.java:logGet(43)) - raft.server.storage.dir = [/opt/src/hadoop-ozone/integration-test/target/test-dir/MiniOzoneClusterImpl-ee7c2720-9269-41cd-a743-e13d4fe52915/datanode-5/data/ratis] (custom)
2019-06-14 13:26:27,088 INFO  storage.RaftStorageDirectory (RaftStorageDirectory.java:analyzeStorage(246)) - The storage directory /opt/src/hadoop-ozone/integration-test/target/test-dir/MiniOzoneClusterImpl-ee7c2720-9269-41cd-a743-e13d4fe52915/datanode-5/data/ratis/7eac16ae-aee4-4449-a3a9-7e2a99e23294 does not exist. Creating ...
2019-06-14 13:26:27,090 INFO  storage.RaftStorageDirectory (RaftStorageDirectory.java:tryLock(328)) - Lock on /opt/src/hadoop-ozone/integration-test/target/test-dir/MiniOzoneClusterImpl-ee7c2720-9269-41cd-a743-e13d4fe52915/datanode-5/data/ratis/7eac16ae-aee4-4449-a3a9-7e2a99e23294/in_use.lock acquired by nodename 10195@ozone-rlb7g-142518227
2019-06-14 13:26:27,092 INFO  storage.RaftStorage (RaftStorage.java:format(75)) - Storage directory /opt/src/hadoop-ozone/integration-test/target/test-dir/MiniOzoneClusterImpl-ee7c2720-9269-41cd-a743-e13d4fe52915/datanode-5/data/ratis/7eac16ae-aee4-4449-a3a9-7e2a99e23294 has been successfully formatted.
2019-06-14 13:26:27,093 INFO  ratis.ContainerStateMachine (ContainerStateMachine.java:loadSnapshot(199)) - The snapshot info is null.Setting the last applied index to:(t:0, i:~)
2019-06-14 13:26:27,093 INFO  server.RaftServerConfigKeys (ConfUtils.java:logGet(43)) - raft.server.leader.election.timeout = 10s (custom)
2019-06-14 13:26:27,093 INFO  server.RaftServerConfigKeys (ConfUtils.java:logGet(43)) - raft.server.log.use.memory = false (default)
2019-06-14 13:26:27,093 INFO  server.RaftServerConfigKeys (ConfUtils.java:logGet(43)) - raft.server.log.appender.buffer.byte-limit = 33554432 (custom)
2019-06-14 13:26:27,093 INFO  server.RaftServerConfigKeys (ConfUtils.java:logGet(43)) - raft.server.log.segment.size.max = 16384 (custom)
2019-06-14 13:26:27,093 INFO  server.RaftServerConfigKeys (ConfUtils.java:logGet(43)) - raft.server.log.segment.cache.num.max = 2 (custom)
2019-06-14 13:26:27,093 INFO  storage.RaftLogWorker (RaftLogWorker.java:<init>(123)) - new 5088f5ce-1454-44a2-85fa-2ce9b7b62641-RaftLogWorker for Storage Directory /opt/src/hadoop-ozone/integration-test/target/test-dir/MiniOzoneClusterImpl-ee7c2720-9269-41cd-a743-e13d4fe52915/datanode-5/data/ratis/7eac16ae-aee4-4449-a3a9-7e2a99e23294
2019-06-14 13:26:27,093 INFO  server.RaftServerConfigKeys (ConfUtils.java:logGet(43)) - raft.server.log.queue.byte-limit = 2147483647 (custom)
2019-06-14 13:26:27,093 INFO  server.RaftServerConfigKeys (ConfUtils.java:logGet(43)) - raft.server.log.queue.element-limit = 1024 (custom)
2019-06-14 13:26:27,094 INFO  server.RaftServerConfigKeys (ConfUtils.java:logGet(43)) - raft.server.log.segment.size.max = 16384 (custom)
2019-06-14 13:26:27,094 INFO  server.RaftServerConfigKeys (ConfUtils.java:logGet(43)) - raft.server.log.preallocated.size = 16384 (custom)
2019-06-14 13:26:27,094 INFO  server.RaftServerConfigKeys (ConfUtils.java:logGet(43)) - raft.server.log.write.buffer.size = 33554432 (custom)
2019-06-14 13:26:27,094 INFO  server.RaftServerConfigKeys (ConfUtils.java:logGet(43)) - raft.server.log.force.sync.num = 128 (default)
2019-06-14 13:26:27,094 INFO  server.RaftServerConfigKeys (ConfUtils.java:logGet(43)) - raft.server.log.statemachine.data.sync = true (default)
2019-06-14 13:26:27,094 INFO  server.RaftServerConfigKeys (ConfUtils.java:logGet(43)) - raft.server.log.statemachine.data.sync.timeout = 10s (default)
2019-06-14 13:26:27,094 INFO  server.RaftServerConfigKeys (ConfUtils.java:logGet(43)) - raft.server.log.statemachine.data.sync.timeout.retry = -1 (default)
2019-06-14 13:26:27,094 INFO  server.RaftServerConfigKeys (ConfUtils.java:logGet(43)) - raft.server.log.statemachine.data.caching.enabled = true (custom)
2019-06-14 13:26:27,095 INFO  server.RaftServerConfigKeys (ConfUtils.java:logGet(43)) - raft.server.snapshot.auto.trigger.enabled = true (custom)
2019-06-14 13:26:27,095 INFO  server.RaftServerConfigKeys (ConfUtils.java:logGet(43)) - raft.server.snapshot.auto.trigger.threshold = 10000 (custom)
2019-06-14 13:26:27,095 INFO  server.RaftServerConfigKeys (ConfUtils.java:logGet(43)) - raft.server.retrycache.expirytime = 600000ms (custom)
2019-06-14 13:26:27,095 INFO  impl.RaftServerImpl (RaftServerImpl.java:start(173)) - 5088f5ce-1454-44a2-85fa-2ce9b7b62641: start group-7E2A99E23294
2019-06-14 13:26:27,096 INFO  impl.RaftServerImpl (RaftServerImpl.java:setRole(164)) - 5088f5ce-1454-44a2-85fa-2ce9b7b62641:group-7E2A99E23294 changes role from null to FOLLOWER at term 0 for startAsFollower
2019-06-14 13:26:27,096 INFO  impl.RoleInfo (RoleInfo.java:updateAndGet(143)) - 5088f5ce-1454-44a2-85fa-2ce9b7b62641: start FollowerState
2019-06-14 13:26:27,096 INFO  util.JmxRegister (JmxRegister.java:tryRegister(44)) - Successfully registered JMX Bean with object name Ratis:service=RaftServer,group=group-7E2A99E23294,id=5088f5ce-1454-44a2-85fa-2ce9b7b62641
2019-06-14 13:26:27,109 INFO  pipeline.PipelineStateManager (PipelineStateManager.java:addPipeline(56)) - Created pipeline Pipeline[ Id: 7eac16ae-aee4-4449-a3a9-7e2a99e23294, Nodes: 5088f5ce-1454-44a2-85fa-2ce9b7b62641{ip: 192.168.134.77, host: ozone-rlb7g-142518227, networkLocation: /default-rack, certSerialId: null}, Type:RATIS, Factor:ONE, State:OPEN]
2019-06-14 13:26:27,137 INFO  impl.RaftServerProxy (RaftServerProxy.java:addNew(89)) - ae912dca-8c53-43fe-949b-aea157028ffc: addNew group-CC3F3079A590:[b44fa320-d140-48b9-9502-9fb1b5547a06:192.168.134.77:35371, ae912dca-8c53-43fe-949b-aea157028ffc:192.168.134.77:39077, 5088f5ce-1454-44a2-85fa-2ce9b7b62641:192.168.134.77:37619] returns group-CC3F3079A590:java.util.concurrent.CompletableFuture@34252706[Not completed]
2019-06-14 13:26:27,139 INFO  impl.RaftServerImpl (RaftServerImpl.java:<init>(91)) - ae912dca-8c53-43fe-949b-aea157028ffc: new RaftServerImpl for group-CC3F3079A590:[b44fa320-d140-48b9-9502-9fb1b5547a06:192.168.134.77:35371, ae912dca-8c53-43fe-949b-aea157028ffc:192.168.134.77:39077, 5088f5ce-1454-44a2-85fa-2ce9b7b62641:192.168.134.77:37619] with ContainerStateMachine:uninitialized
2019-06-14 13:26:27,139 INFO  server.RaftServerConfigKeys (ConfUtils.java:logGet(43)) - raft.server.rpc.timeout.min = 1s (custom)
2019-06-14 13:26:27,139 INFO  server.RaftServerConfigKeys (ConfUtils.java:logGet(43)) - raft.server.rpc.timeout.max = 1200ms (custom)
2019-06-14 13:26:27,139 INFO  server.RaftServerConfigKeys (ConfUtils.java:logGet(43)) - raft.server.rpcslowness.timeout = 10s (custom)
2019-06-14 13:26:27,139 INFO  server.RaftServerConfigKeys (ConfUtils.java:logGet(43)) - raft.server.log.appender.install.snapshot.enabled = true (default)
2019-06-14 13:26:27,139 INFO  impl.RaftServerImpl (ServerState.java:<init>(101)) - ae912dca-8c53-43fe-949b-aea157028ffc:group-CC3F3079A590 ConfigurationManager, init=-1: [b44fa320-d140-48b9-9502-9fb1b5547a06:192.168.134.77:35371, ae912dca-8c53-43fe-949b-aea157028ffc:192.168.134.77:39077, 5088f5ce-1454-44a2-85fa-2ce9b7b62641:192.168.134.77:37619], old=null, confs=<EMPTY_MAP>
2019-06-14 13:26:27,146 INFO  server.RaftServerConfigKeys (ConfUtils.java:logGet(43)) - raft.server.storage.dir = [/opt/src/hadoop-ozone/integration-test/target/test-dir/MiniOzoneClusterImpl-ee7c2720-9269-41cd-a743-e13d4fe52915/datanode-1/data/ratis] (custom)
2019-06-14 13:26:27,146 INFO  storage.RaftStorageDirectory (RaftStorageDirectory.java:analyzeStorage(246)) - The storage directory /opt/src/hadoop-ozone/integration-test/target/test-dir/MiniOzoneClusterImpl-ee7c2720-9269-41cd-a743-e13d4fe52915/datanode-1/data/ratis/a193b006-40a8-4ef0-9ef4-cc3f3079a590 does not exist. Creating ...
2019-06-14 13:26:27,155 INFO  storage.RaftStorageDirectory (RaftStorageDirectory.java:tryLock(328)) - Lock on /opt/src/hadoop-ozone/integration-test/target/test-dir/MiniOzoneClusterImpl-ee7c2720-9269-41cd-a743-e13d4fe52915/datanode-1/data/ratis/a193b006-40a8-4ef0-9ef4-cc3f3079a590/in_use.lock acquired by nodename 10195@ozone-rlb7g-142518227
2019-06-14 13:26:27,157 INFO  impl.RaftServerImpl (RaftServerImpl.java:<init>(91)) - 5088f5ce-1454-44a2-85fa-2ce9b7b62641: new RaftServerImpl for group-CC3F3079A590:[b44fa320-d140-48b9-9502-9fb1b5547a06:192.168.134.77:35371, ae912dca-8c53-43fe-949b-aea157028ffc:192.168.134.77:39077, 5088f5ce-1454-44a2-85fa-2ce9b7b62641:192.168.134.77:37619] with ContainerStateMachine:uninitialized
2019-06-14 13:26:27,157 INFO  server.RaftServerConfigKeys (ConfUtils.java:logGet(43)) - raft.server.rpc.timeout.min = 1s (custom)
2019-06-14 13:26:27,157 INFO  server.RaftServerConfigKeys (ConfUtils.java:logGet(43)) - raft.server.rpc.timeout.max = 1200ms (custom)
2019-06-14 13:26:27,158 INFO  server.RaftServerConfigKeys (ConfUtils.java:logGet(43)) - raft.server.rpcslowness.timeout = 10s (custom)
2019-06-14 13:26:27,158 INFO  server.RaftServerConfigKeys (ConfUtils.java:logGet(43)) - raft.server.log.appender.install.snapshot.enabled = true (default)
2019-06-14 13:26:27,158 INFO  impl.RaftServerImpl (ServerState.java:<init>(101)) - 5088f5ce-1454-44a2-85fa-2ce9b7b62641:group-CC3F3079A590 ConfigurationManager, init=-1: [b44fa320-d140-48b9-9502-9fb1b5547a06:192.168.134.77:35371, ae912dca-8c53-43fe-949b-aea157028ffc:192.168.134.77:39077, 5088f5ce-1454-44a2-85fa-2ce9b7b62641:192.168.134.77:37619], old=null, confs=<EMPTY_MAP>
2019-06-14 13:26:27,158 INFO  server.RaftServerConfigKeys (ConfUtils.java:logGet(43)) - raft.server.storage.dir = [/opt/src/hadoop-ozone/integration-test/target/test-dir/MiniOzoneClusterImpl-ee7c2720-9269-41cd-a743-e13d4fe52915/datanode-5/data/ratis] (custom)
2019-06-14 13:26:27,158 INFO  storage.RaftStorageDirectory (RaftStorageDirectory.java:analyzeStorage(246)) - The storage directory /opt/src/hadoop-ozone/integration-test/target/test-dir/MiniOzoneClusterImpl-ee7c2720-9269-41cd-a743-e13d4fe52915/datanode-5/data/ratis/a193b006-40a8-4ef0-9ef4-cc3f3079a590 does not exist. Creating ...
2019-06-14 13:26:27,159 INFO  storage.RaftStorage (RaftStorage.java:format(75)) - Storage directory /opt/src/hadoop-ozone/integration-test/target/test-dir/MiniOzoneClusterImpl-ee7c2720-9269-41cd-a743-e13d4fe52915/datanode-1/data/ratis/a193b006-40a8-4ef0-9ef4-cc3f3079a590 has been successfully formatted.
2019-06-14 13:26:27,159 INFO  ratis.ContainerStateMachine (ContainerStateMachine.java:loadSnapshot(199)) - The snapshot info is null.Setting the last applied index to:(t:0, i:~)
2019-06-14 13:26:27,159 INFO  server.RaftServerConfigKeys (ConfUtils.java:logGet(43)) - raft.server.leader.election.timeout = 10s (custom)
2019-06-14 13:26:27,159 INFO  server.RaftServerConfigKeys (ConfUtils.java:logGet(43)) - raft.server.log.use.memory = false (default)
2019-06-14 13:26:27,159 INFO  server.RaftServerConfigKeys (ConfUtils.java:logGet(43)) - raft.server.log.appender.buffer.byte-limit = 33554432 (custom)
2019-06-14 13:26:27,159 INFO  server.RaftServerConfigKeys (ConfUtils.java:logGet(43)) - raft.server.log.segment.size.max = 16384 (custom)
2019-06-14 13:26:27,159 INFO  server.RaftServerConfigKeys (ConfUtils.java:logGet(43)) - raft.server.log.segment.cache.num.max = 2 (custom)
2019-06-14 13:26:27,160 INFO  storage.RaftLogWorker (RaftLogWorker.java:<init>(123)) - new ae912dca-8c53-43fe-949b-aea157028ffc-RaftLogWorker for Storage Directory /opt/src/hadoop-ozone/integration-test/target/test-dir/MiniOzoneClusterImpl-ee7c2720-9269-41cd-a743-e13d4fe52915/datanode-1/data/ratis/a193b006-40a8-4ef0-9ef4-cc3f3079a590
2019-06-14 13:26:27,160 INFO  server.RaftServerConfigKeys (ConfUtils.java:logGet(43)) - raft.server.log.queue.byte-limit = 2147483647 (custom)
2019-06-14 13:26:27,160 INFO  server.RaftServerConfigKeys (ConfUtils.java:logGet(43)) - raft.server.log.queue.element-limit = 1024 (custom)
2019-06-14 13:26:27,160 INFO  server.RaftServerConfigKeys (ConfUtils.java:logGet(43)) - raft.server.log.segment.size.max = 16384 (custom)
2019-06-14 13:26:27,160 INFO  server.RaftServerConfigKeys (ConfUtils.java:logGet(43)) - raft.server.log.preallocated.size = 16384 (custom)
2019-06-14 13:26:27,160 INFO  server.RaftServerConfigKeys (ConfUtils.java:logGet(43)) - raft.server.log.write.buffer.size = 33554432 (custom)
2019-06-14 13:26:27,160 INFO  server.RaftServerConfigKeys (ConfUtils.java:logGet(43)) - raft.server.log.force.sync.num = 128 (default)
2019-06-14 13:26:27,160 INFO  server.RaftServerConfigKeys (ConfUtils.java:logGet(43)) - raft.server.log.statemachine.data.sync = true (default)
2019-06-14 13:26:27,160 INFO  server.RaftServerConfigKeys (ConfUtils.java:logGet(43)) - raft.server.log.statemachine.data.sync.timeout = 10s (default)
2019-06-14 13:26:27,161 INFO  server.RaftServerConfigKeys (ConfUtils.java:logGet(43)) - raft.server.log.statemachine.data.sync.timeout.retry = -1 (default)
2019-06-14 13:26:27,161 INFO  server.RaftServerConfigKeys (ConfUtils.java:logGet(43)) - raft.server.log.statemachine.data.caching.enabled = true (custom)
2019-06-14 13:26:27,162 INFO  impl.RaftServerProxy (RaftServerProxy.java:addNew(89)) - 5088f5ce-1454-44a2-85fa-2ce9b7b62641: addNew group-CC3F3079A590:[b44fa320-d140-48b9-9502-9fb1b5547a06:192.168.134.77:35371, ae912dca-8c53-43fe-949b-aea157028ffc:192.168.134.77:39077, 5088f5ce-1454-44a2-85fa-2ce9b7b62641:192.168.134.77:37619] returns group-CC3F3079A590:java.util.concurrent.CompletableFuture@3d98423[Not completed]
2019-06-14 13:26:27,163 INFO  server.RaftServerConfigKeys (ConfUtils.java:logGet(43)) - raft.server.snapshot.auto.trigger.enabled = true (custom)
2019-06-14 13:26:27,163 INFO  server.RaftServerConfigKeys (ConfUtils.java:logGet(43)) - raft.server.snapshot.auto.trigger.threshold = 10000 (custom)
2019-06-14 13:26:27,163 INFO  server.RaftServerConfigKeys (ConfUtils.java:logGet(43)) - raft.server.retrycache.expirytime = 600000ms (custom)
2019-06-14 13:26:27,163 INFO  impl.RaftServerImpl (RaftServerImpl.java:start(173)) - ae912dca-8c53-43fe-949b-aea157028ffc: start group-CC3F3079A590
2019-06-14 13:26:27,163 INFO  impl.RaftServerImpl (RaftServerImpl.java:setRole(164)) - ae912dca-8c53-43fe-949b-aea157028ffc:group-CC3F3079A590 changes role from null to FOLLOWER at term 0 for startAsFollower
2019-06-14 13:26:27,163 INFO  impl.RoleInfo (RoleInfo.java:updateAndGet(143)) - ae912dca-8c53-43fe-949b-aea157028ffc: start FollowerState
2019-06-14 13:26:27,166 INFO  storage.RaftStorageDirectory (RaftStorageDirectory.java:tryLock(328)) - Lock on /opt/src/hadoop-ozone/integration-test/target/test-dir/MiniOzoneClusterImpl-ee7c2720-9269-41cd-a743-e13d4fe52915/datanode-5/data/ratis/a193b006-40a8-4ef0-9ef4-cc3f3079a590/in_use.lock acquired by nodename 10195@ozone-rlb7g-142518227
2019-06-14 13:26:27,168 INFO  util.JmxRegister (JmxRegister.java:tryRegister(44)) - Successfully registered JMX Bean with object name Ratis:service=RaftServer,group=group-CC3F3079A590,id=ae912dca-8c53-43fe-949b-aea157028ffc
2019-06-14 13:26:27,168 INFO  storage.RaftStorage (RaftStorage.java:format(75)) - Storage directory /opt/src/hadoop-ozone/integration-test/target/test-dir/MiniOzoneClusterImpl-ee7c2720-9269-41cd-a743-e13d4fe52915/datanode-5/data/ratis/a193b006-40a8-4ef0-9ef4-cc3f3079a590 has been successfully formatted.
2019-06-14 13:26:27,168 INFO  ratis.ContainerStateMachine (ContainerStateMachine.java:loadSnapshot(199)) - The snapshot info is null.Setting the last applied index to:(t:0, i:~)
2019-06-14 13:26:27,168 INFO  server.RaftServerConfigKeys (ConfUtils.java:logGet(43)) - raft.server.leader.election.timeout = 10s (custom)
2019-06-14 13:26:27,168 INFO  server.RaftServerConfigKeys (ConfUtils.java:logGet(43)) - raft.server.log.use.memory = false (default)
2019-06-14 13:26:27,168 INFO  server.RaftServerConfigKeys (ConfUtils.java:logGet(43)) - raft.server.log.appender.buffer.byte-limit = 33554432 (custom)
2019-06-14 13:26:27,169 INFO  server.RaftServerConfigKeys (ConfUtils.java:logGet(43)) - raft.server.log.segment.size.max = 16384 (custom)
2019-06-14 13:26:27,169 INFO  server.RaftServerConfigKeys (ConfUtils.java:logGet(43)) - raft.server.log.segment.cache.num.max = 2 (custom)
2019-06-14 13:26:27,169 INFO  storage.RaftLogWorker (RaftLogWorker.java:<init>(123)) - new 5088f5ce-1454-44a2-85fa-2ce9b7b62641-RaftLogWorker for Storage Directory /opt/src/hadoop-ozone/integration-test/target/test-dir/MiniOzoneClusterImpl-ee7c2720-9269-41cd-a743-e13d4fe52915/datanode-5/data/ratis/a193b006-40a8-4ef0-9ef4-cc3f3079a590
2019-06-14 13:26:27,169 INFO  server.RaftServerConfigKeys (ConfUtils.java:logGet(43)) - raft.server.log.queue.byte-limit = 2147483647 (custom)
2019-06-14 13:26:27,169 INFO  server.RaftServerConfigKeys (ConfUtils.java:logGet(43)) - raft.server.log.queue.element-limit = 1024 (custom)
2019-06-14 13:26:27,169 INFO  server.RaftServerConfigKeys (ConfUtils.java:logGet(43)) - raft.server.log.segment.size.max = 16384 (custom)
2019-06-14 13:26:27,169 INFO  server.RaftServerConfigKeys (ConfUtils.java:logGet(43)) - raft.server.log.preallocated.size = 16384 (custom)
2019-06-14 13:26:27,169 INFO  server.RaftServerConfigKeys (ConfUtils.java:logGet(43)) - raft.server.log.write.buffer.size = 33554432 (custom)
2019-06-14 13:26:27,169 INFO  server.RaftServerConfigKeys (ConfUtils.java:logGet(43)) - raft.server.log.force.sync.num = 128 (default)
2019-06-14 13:26:27,170 INFO  server.RaftServerConfigKeys (ConfUtils.java:logGet(43)) - raft.server.log.statemachine.data.sync = true (default)
2019-06-14 13:26:27,170 INFO  server.RaftServerConfigKeys (ConfUtils.java:logGet(43)) - raft.server.log.statemachine.data.sync.timeout = 10s (default)
2019-06-14 13:26:27,170 INFO  server.RaftServerConfigKeys (ConfUtils.java:logGet(43)) - raft.server.log.statemachine.data.sync.timeout.retry = -1 (default)
2019-06-14 13:26:27,174 INFO  impl.RaftServerProxy (RaftServerProxy.java:addNew(89)) - b44fa320-d140-48b9-9502-9fb1b5547a06: addNew group-CC3F3079A590:[b44fa320-d140-48b9-9502-9fb1b5547a06:192.168.134.77:35371, ae912dca-8c53-43fe-949b-aea157028ffc:192.168.134.77:39077, 5088f5ce-1454-44a2-85fa-2ce9b7b62641:192.168.134.77:37619] returns group-CC3F3079A590:java.util.concurrent.CompletableFuture@24ed1e59[Not completed]
2019-06-14 13:26:27,175 INFO  server.RaftServerConfigKeys (ConfUtils.java:logGet(43)) - raft.server.log.statemachine.data.caching.enabled = true (custom)
2019-06-14 13:26:27,176 INFO  server.RaftServerConfigKeys (ConfUtils.java:logGet(43)) - raft.server.snapshot.auto.trigger.enabled = true (custom)
2019-06-14 13:26:27,176 INFO  server.RaftServerConfigKeys (ConfUtils.java:logGet(43)) - raft.server.snapshot.auto.trigger.threshold = 10000 (custom)
2019-06-14 13:26:27,176 INFO  server.RaftServerConfigKeys (ConfUtils.java:logGet(43)) - raft.server.retrycache.expirytime = 600000ms (custom)
2019-06-14 13:26:27,176 INFO  impl.RaftServerImpl (RaftServerImpl.java:start(173)) - 5088f5ce-1454-44a2-85fa-2ce9b7b62641: start group-CC3F3079A590
2019-06-14 13:26:27,176 INFO  impl.RaftServerImpl (RaftServerImpl.java:setRole(164)) - 5088f5ce-1454-44a2-85fa-2ce9b7b62641:group-CC3F3079A590 changes role from null to FOLLOWER at term 0 for startAsFollower
2019-06-14 13:26:27,176 INFO  impl.RoleInfo (RoleInfo.java:updateAndGet(143)) - 5088f5ce-1454-44a2-85fa-2ce9b7b62641: start FollowerState
2019-06-14 13:26:27,176 INFO  impl.RaftServerImpl (RaftServerImpl.java:<init>(91)) - b44fa320-d140-48b9-9502-9fb1b5547a06: new RaftServerImpl for group-CC3F3079A590:[b44fa320-d140-48b9-9502-9fb1b5547a06:192.168.134.77:35371, ae912dca-8c53-43fe-949b-aea157028ffc:192.168.134.77:39077, 5088f5ce-1454-44a2-85fa-2ce9b7b62641:192.168.134.77:37619] with ContainerStateMachine:uninitialized
2019-06-14 13:26:27,177 INFO  server.RaftServerConfigKeys (ConfUtils.java:logGet(43)) - raft.server.rpc.timeout.min = 1s (custom)
2019-06-14 13:26:27,177 INFO  server.RaftServerConfigKeys (ConfUtils.java:logGet(43)) - raft.server.rpc.timeout.max = 1200ms (custom)
2019-06-14 13:26:27,177 INFO  server.RaftServerConfigKeys (ConfUtils.java:logGet(43)) - raft.server.rpcslowness.timeout = 10s (custom)
2019-06-14 13:26:27,177 INFO  server.RaftServerConfigKeys (ConfUtils.java:logGet(43)) - raft.server.log.appender.install.snapshot.enabled = true (default)
2019-06-14 13:26:27,177 INFO  impl.RaftServerImpl (ServerState.java:<init>(101)) - b44fa320-d140-48b9-9502-9fb1b5547a06:group-CC3F3079A590 ConfigurationManager, init=-1: [b44fa320-d140-48b9-9502-9fb1b5547a06:192.168.134.77:35371, ae912dca-8c53-43fe-949b-aea157028ffc:192.168.134.77:39077, 5088f5ce-1454-44a2-85fa-2ce9b7b62641:192.168.134.77:37619], old=null, confs=<EMPTY_MAP>
2019-06-14 13:26:27,177 INFO  server.RaftServerConfigKeys (ConfUtils.java:logGet(43)) - raft.server.storage.dir = [/opt/src/hadoop-ozone/integration-test/target/test-dir/MiniOzoneClusterImpl-ee7c2720-9269-41cd-a743-e13d4fe52915/datanode-0/data/ratis] (custom)
2019-06-14 13:26:27,177 INFO  util.JmxRegister (JmxRegister.java:tryRegister(44)) - Successfully registered JMX Bean with object name Ratis:service=RaftServer,group=group-CC3F3079A590,id=5088f5ce-1454-44a2-85fa-2ce9b7b62641
2019-06-14 13:26:27,177 INFO  storage.RaftStorageDirectory (RaftStorageDirectory.java:analyzeStorage(246)) - The storage directory /opt/src/hadoop-ozone/integration-test/target/test-dir/MiniOzoneClusterImpl-ee7c2720-9269-41cd-a743-e13d4fe52915/datanode-0/data/ratis/a193b006-40a8-4ef0-9ef4-cc3f3079a590 does not exist. Creating ...
2019-06-14 13:26:27,184 INFO  storage.RaftStorageDirectory (RaftStorageDirectory.java:tryLock(328)) - Lock on /opt/src/hadoop-ozone/integration-test/target/test-dir/MiniOzoneClusterImpl-ee7c2720-9269-41cd-a743-e13d4fe52915/datanode-0/data/ratis/a193b006-40a8-4ef0-9ef4-cc3f3079a590/in_use.lock acquired by nodename 10195@ozone-rlb7g-142518227
2019-06-14 13:26:27,192 INFO  storage.RaftStorage (RaftStorage.java:format(75)) - Storage directory /opt/src/hadoop-ozone/integration-test/target/test-dir/MiniOzoneClusterImpl-ee7c2720-9269-41cd-a743-e13d4fe52915/datanode-0/data/ratis/a193b006-40a8-4ef0-9ef4-cc3f3079a590 has been successfully formatted.
2019-06-14 13:26:27,193 INFO  ratis.ContainerStateMachine (ContainerStateMachine.java:loadSnapshot(199)) - The snapshot info is null.Setting the last applied index to:(t:0, i:~)
2019-06-14 13:26:27,193 INFO  server.RaftServerConfigKeys (ConfUtils.java:logGet(43)) - raft.server.leader.election.timeout = 10s (custom)
2019-06-14 13:26:27,193 INFO  server.RaftServerConfigKeys (ConfUtils.java:logGet(43)) - raft.server.log.use.memory = false (default)
2019-06-14 13:26:27,193 INFO  server.RaftServerConfigKeys (ConfUtils.java:logGet(43)) - raft.server.log.appender.buffer.byte-limit = 33554432 (custom)
2019-06-14 13:26:27,193 INFO  server.RaftServerConfigKeys (ConfUtils.java:logGet(43)) - raft.server.log.segment.size.max = 16384 (custom)
2019-06-14 13:26:27,193 INFO  server.RaftServerConfigKeys (ConfUtils.java:logGet(43)) - raft.server.log.segment.cache.num.max = 2 (custom)
2019-06-14 13:26:27,193 INFO  storage.RaftLogWorker (RaftLogWorker.java:<init>(123)) - new b44fa320-d140-48b9-9502-9fb1b5547a06-RaftLogWorker for Storage Directory /opt/src/hadoop-ozone/integration-test/target/test-dir/MiniOzoneClusterImpl-ee7c2720-9269-41cd-a743-e13d4fe52915/datanode-0/data/ratis/a193b006-40a8-4ef0-9ef4-cc3f3079a590
2019-06-14 13:26:27,193 INFO  server.RaftServerConfigKeys (ConfUtils.java:logGet(43)) - raft.server.log.queue.byte-limit = 2147483647 (custom)
2019-06-14 13:26:27,193 INFO  server.RaftServerConfigKeys (ConfUtils.java:logGet(43)) - raft.server.log.queue.element-limit = 1024 (custom)
2019-06-14 13:26:27,194 INFO  server.RaftServerConfigKeys (ConfUtils.java:logGet(43)) - raft.server.log.segment.size.max = 16384 (custom)
2019-06-14 13:26:27,194 INFO  server.RaftServerConfigKeys (ConfUtils.java:logGet(43)) - raft.server.log.preallocated.size = 16384 (custom)
2019-06-14 13:26:27,194 INFO  server.RaftServerConfigKeys (ConfUtils.java:logGet(43)) - raft.server.log.write.buffer.size = 33554432 (custom)
2019-06-14 13:26:27,194 INFO  server.RaftServerConfigKeys (ConfUtils.java:logGet(43)) - raft.server.log.force.sync.num = 128 (default)
2019-06-14 13:26:27,194 INFO  server.RaftServerConfigKeys (ConfUtils.java:logGet(43)) - raft.server.log.statemachine.data.sync = true (default)
2019-06-14 13:26:27,194 INFO  server.RaftServerConfigKeys (ConfUtils.java:logGet(43)) - raft.server.log.statemachine.data.sync.timeout = 10s (default)
2019-06-14 13:26:27,194 INFO  server.RaftServerConfigKeys (ConfUtils.java:logGet(43)) - raft.server.log.statemachine.data.sync.timeout.retry = -1 (default)
2019-06-14 13:26:27,194 INFO  server.RaftServerConfigKeys (ConfUtils.java:logGet(43)) - raft.server.log.statemachine.data.caching.enabled = true (custom)
2019-06-14 13:26:27,202 INFO  server.RaftServerConfigKeys (ConfUtils.java:logGet(43)) - raft.server.snapshot.auto.trigger.enabled = true (custom)
2019-06-14 13:26:27,203 INFO  server.RaftServerConfigKeys (ConfUtils.java:logGet(43)) - raft.server.snapshot.auto.trigger.threshold = 10000 (custom)
2019-06-14 13:26:27,203 INFO  server.RaftServerConfigKeys (ConfUtils.java:logGet(43)) - raft.server.retrycache.expirytime = 600000ms (custom)
2019-06-14 13:26:27,203 INFO  impl.RaftServerImpl (RaftServerImpl.java:start(173)) - b44fa320-d140-48b9-9502-9fb1b5547a06: start group-CC3F3079A590
2019-06-14 13:26:27,203 INFO  impl.RaftServerImpl (RaftServerImpl.java:setRole(164)) - b44fa320-d140-48b9-9502-9fb1b5547a06:group-CC3F3079A590 changes role from null to FOLLOWER at term 0 for startAsFollower
2019-06-14 13:26:27,203 INFO  impl.RoleInfo (RoleInfo.java:updateAndGet(143)) - b44fa320-d140-48b9-9502-9fb1b5547a06: start FollowerState
2019-06-14 13:26:27,204 INFO  util.JmxRegister (JmxRegister.java:tryRegister(44)) - Successfully registered JMX Bean with object name Ratis:service=RaftServer,group=group-CC3F3079A590,id=b44fa320-d140-48b9-9502-9fb1b5547a06
2019-06-14 13:26:27,225 INFO  pipeline.PipelineStateManager (PipelineStateManager.java:addPipeline(56)) - Created pipeline Pipeline[ Id: a193b006-40a8-4ef0-9ef4-cc3f3079a590, Nodes: ae912dca-8c53-43fe-949b-aea157028ffc{ip: 192.168.134.77, host: ozone-rlb7g-142518227, networkLocation: /default-rack, certSerialId: null}5088f5ce-1454-44a2-85fa-2ce9b7b62641{ip: 192.168.134.77, host: ozone-rlb7g-142518227, networkLocation: /default-rack, certSerialId: null}b44fa320-d140-48b9-9502-9fb1b5547a06{ip: 192.168.134.77, host: ozone-rlb7g-142518227, networkLocation: /default-rack, certSerialId: null}, Type:RATIS, Factor:THREE, State:OPEN]
2019-06-14 13:26:27,260 INFO  impl.RaftServerProxy (RaftServerProxy.java:addNew(89)) - bb464c03-7b12-434c-b969-99fa1d7ed1cc: addNew group-4A00E158F131:[a17d0b06-922e-4211-b258-011aa1b0f788:192.168.134.77:34247, 737caf97-e317-4d06-adda-8d28faafff5b:192.168.134.77:43247, bb464c03-7b12-434c-b969-99fa1d7ed1cc:192.168.134.77:35313] returns group-4A00E158F131:java.util.concurrent.CompletableFuture@42e48e18[Not completed]
2019-06-14 13:26:27,261 INFO  impl.RaftServerProxy (RaftServerProxy.java:addNew(89)) - a17d0b06-922e-4211-b258-011aa1b0f788: addNew group-4A00E158F131:[a17d0b06-922e-4211-b258-011aa1b0f788:192.168.134.77:34247, 737caf97-e317-4d06-adda-8d28faafff5b:192.168.134.77:43247, bb464c03-7b12-434c-b969-99fa1d7ed1cc:192.168.134.77:35313] returns group-4A00E158F131:java.util.concurrent.CompletableFuture@66fb20c4[Not completed]
2019-06-14 13:26:27,266 INFO  impl.RaftServerProxy (RaftServerProxy.java:addNew(89)) - 737caf97-e317-4d06-adda-8d28faafff5b: addNew group-4A00E158F131:[a17d0b06-922e-4211-b258-011aa1b0f788:192.168.134.77:34247, 737caf97-e317-4d06-adda-8d28faafff5b:192.168.134.77:43247, bb464c03-7b12-434c-b969-99fa1d7ed1cc:192.168.134.77:35313] returns group-4A00E158F131:java.util.concurrent.CompletableFuture@65d01462[Not completed]
2019-06-14 13:26:27,262 INFO  impl.RaftServerImpl (RaftServerImpl.java:<init>(91)) - bb464c03-7b12-434c-b969-99fa1d7ed1cc: new RaftServerImpl for group-4A00E158F131:[a17d0b06-922e-4211-b258-011aa1b0f788:192.168.134.77:34247, 737caf97-e317-4d06-adda-8d28faafff5b:192.168.134.77:43247, bb464c03-7b12-434c-b969-99fa1d7ed1cc:192.168.134.77:35313] with ContainerStateMachine:uninitialized
2019-06-14 13:26:27,266 INFO  server.RaftServerConfigKeys (ConfUtils.java:logGet(43)) - raft.server.rpc.timeout.min = 1s (custom)
2019-06-14 13:26:27,266 INFO  server.RaftServerConfigKeys (ConfUtils.java:logGet(43)) - raft.server.rpc.timeout.max = 1200ms (custom)
2019-06-14 13:26:27,266 INFO  server.RaftServerConfigKeys (ConfUtils.java:logGet(43)) - raft.server.rpcslowness.timeout = 10s (custom)
2019-06-14 13:26:27,266 INFO  server.RaftServerConfigKeys (ConfUtils.java:logGet(43)) - raft.server.log.appender.install.snapshot.enabled = true (default)
2019-06-14 13:26:27,266 INFO  impl.RaftServerImpl (ServerState.java:<init>(101)) - bb464c03-7b12-434c-b969-99fa1d7ed1cc:group-4A00E158F131 ConfigurationManager, init=-1: [a17d0b06-922e-4211-b258-011aa1b0f788:192.168.134.77:34247, 737caf97-e317-4d06-adda-8d28faafff5b:192.168.134.77:43247, bb464c03-7b12-434c-b969-99fa1d7ed1cc:192.168.134.77:35313], old=null, confs=<EMPTY_MAP>
2019-06-14 13:26:27,266 INFO  server.RaftServerConfigKeys (ConfUtils.java:logGet(43)) - raft.server.storage.dir = [/opt/src/hadoop-ozone/integration-test/target/test-dir/MiniOzoneClusterImpl-ee7c2720-9269-41cd-a743-e13d4fe52915/datanode-4/data/ratis] (custom)
2019-06-14 13:26:27,267 INFO  storage.RaftStorageDirectory (RaftStorageDirectory.java:analyzeStorage(246)) - The storage directory /opt/src/hadoop-ozone/integration-test/target/test-dir/MiniOzoneClusterImpl-ee7c2720-9269-41cd-a743-e13d4fe52915/datanode-4/data/ratis/c7aa93ce-a683-412d-a5d0-4a00e158f131 does not exist. Creating ...
2019-06-14 13:26:27,261 INFO  impl.RaftServerImpl (RaftServerImpl.java:<init>(91)) - a17d0b06-922e-4211-b258-011aa1b0f788: new RaftServerImpl for group-4A00E158F131:[a17d0b06-922e-4211-b258-011aa1b0f788:192.168.134.77:34247, 737caf97-e317-4d06-adda-8d28faafff5b:192.168.134.77:43247, bb464c03-7b12-434c-b969-99fa1d7ed1cc:192.168.134.77:35313] with ContainerStateMachine:uninitialized
2019-06-14 13:26:27,267 INFO  server.RaftServerConfigKeys (ConfUtils.java:logGet(43)) - raft.server.rpc.timeout.min = 1s (custom)
2019-06-14 13:26:27,267 INFO  server.RaftServerConfigKeys (ConfUtils.java:logGet(43)) - raft.server.rpc.timeout.max = 1200ms (custom)
2019-06-14 13:26:27,266 INFO  impl.RaftServerImpl (RaftServerImpl.java:<init>(91)) - 737caf97-e317-4d06-adda-8d28faafff5b: new RaftServerImpl for group-4A00E158F131:[a17d0b06-922e-4211-b258-011aa1b0f788:192.168.134.77:34247, 737caf97-e317-4d06-adda-8d28faafff5b:192.168.134.77:43247, bb464c03-7b12-434c-b969-99fa1d7ed1cc:192.168.134.77:35313] with ContainerStateMachine:uninitialized
2019-06-14 13:26:27,268 INFO  server.RaftServerConfigKeys (ConfUtils.java:logGet(43)) - raft.server.rpc.timeout.min = 1s (custom)
2019-06-14 13:26:27,268 INFO  server.RaftServerConfigKeys (ConfUtils.java:logGet(43)) - raft.server.rpc.timeout.max = 1200ms (custom)
2019-06-14 13:26:27,268 INFO  server.RaftServerConfigKeys (ConfUtils.java:logGet(43)) - raft.server.rpcslowness.timeout = 10s (custom)
2019-06-14 13:26:27,268 INFO  server.RaftServerConfigKeys (ConfUtils.java:logGet(43)) - raft.server.log.appender.install.snapshot.enabled = true (default)
2019-06-14 13:26:27,268 INFO  impl.RaftServerImpl (ServerState.java:<init>(101)) - 737caf97-e317-4d06-adda-8d28faafff5b:group-4A00E158F131 ConfigurationManager, init=-1: [a17d0b06-922e-4211-b258-011aa1b0f788:192.168.134.77:34247, 737caf97-e317-4d06-adda-8d28faafff5b:192.168.134.77:43247, bb464c03-7b12-434c-b969-99fa1d7ed1cc:192.168.134.77:35313], old=null, confs=<EMPTY_MAP>
2019-06-14 13:26:27,268 INFO  server.RaftServerConfigKeys (ConfUtils.java:logGet(43)) - raft.server.storage.dir = [/opt/src/hadoop-ozone/integration-test/target/test-dir/MiniOzoneClusterImpl-ee7c2720-9269-41cd-a743-e13d4fe52915/datanode-2/data/ratis] (custom)
2019-06-14 13:26:27,268 INFO  storage.RaftStorageDirectory (RaftStorageDirectory.java:analyzeStorage(246)) - The storage directory /opt/src/hadoop-ozone/integration-test/target/test-dir/MiniOzoneClusterImpl-ee7c2720-9269-41cd-a743-e13d4fe52915/datanode-2/data/ratis/c7aa93ce-a683-412d-a5d0-4a00e158f131 does not exist. Creating ...
2019-06-14 13:26:27,268 INFO  server.RaftServerConfigKeys (ConfUtils.java:logGet(43)) - raft.server.rpcslowness.timeout = 10s (custom)
2019-06-14 13:26:27,269 INFO  server.RaftServerConfigKeys (ConfUtils.java:logGet(43)) - raft.server.log.appender.install.snapshot.enabled = true (default)
2019-06-14 13:26:27,269 INFO  storage.RaftStorageDirectory (RaftStorageDirectory.java:tryLock(328)) - Lock on /opt/src/hadoop-ozone/integration-test/target/test-dir/MiniOzoneClusterImpl-ee7c2720-9269-41cd-a743-e13d4fe52915/datanode-4/data/ratis/c7aa93ce-a683-412d-a5d0-4a00e158f131/in_use.lock acquired by nodename 10195@ozone-rlb7g-142518227
2019-06-14 13:26:27,269 INFO  impl.RaftServerImpl (ServerState.java:<init>(101)) - a17d0b06-922e-4211-b258-011aa1b0f788:group-4A00E158F131 ConfigurationManager, init=-1: [a17d0b06-922e-4211-b258-011aa1b0f788:192.168.134.77:34247, 737caf97-e317-4d06-adda-8d28faafff5b:192.168.134.77:43247, bb464c03-7b12-434c-b969-99fa1d7ed1cc:192.168.134.77:35313], old=null, confs=<EMPTY_MAP>
2019-06-14 13:26:27,269 INFO  server.RaftServerConfigKeys (ConfUtils.java:logGet(43)) - raft.server.storage.dir = [/opt/src/hadoop-ozone/integration-test/target/test-dir/MiniOzoneClusterImpl-ee7c2720-9269-41cd-a743-e13d4fe52915/datanode-3/data/ratis] (custom)
2019-06-14 13:26:27,269 INFO  storage.RaftStorageDirectory (RaftStorageDirectory.java:analyzeStorage(246)) - The storage directory /opt/src/hadoop-ozone/integration-test/target/test-dir/MiniOzoneClusterImpl-ee7c2720-9269-41cd-a743-e13d4fe52915/datanode-3/data/ratis/c7aa93ce-a683-412d-a5d0-4a00e158f131 does not exist. Creating ...
2019-06-14 13:26:27,271 INFO  storage.RaftStorageDirectory (RaftStorageDirectory.java:tryLock(328)) - Lock on /opt/src/hadoop-ozone/integration-test/target/test-dir/MiniOzoneClusterImpl-ee7c2720-9269-41cd-a743-e13d4fe52915/datanode-3/data/ratis/c7aa93ce-a683-412d-a5d0-4a00e158f131/in_use.lock acquired by nodename 10195@ozone-rlb7g-142518227
2019-06-14 13:26:27,271 INFO  storage.RaftStorage (RaftStorage.java:format(75)) - Storage directory /opt/src/hadoop-ozone/integration-test/target/test-dir/MiniOzoneClusterImpl-ee7c2720-9269-41cd-a743-e13d4fe52915/datanode-4/data/ratis/c7aa93ce-a683-412d-a5d0-4a00e158f131 has been successfully formatted.
2019-06-14 13:26:27,272 INFO  ratis.ContainerStateMachine (ContainerStateMachine.java:loadSnapshot(199)) - The snapshot info is null.Setting the last applied index to:(t:0, i:~)
2019-06-14 13:26:27,272 INFO  server.RaftServerConfigKeys (ConfUtils.java:logGet(43)) - raft.server.leader.election.timeout = 10s (custom)
2019-06-14 13:26:27,272 INFO  storage.RaftStorageDirectory (RaftStorageDirectory.java:tryLock(328)) - Lock on /opt/src/hadoop-ozone/integration-test/target/test-dir/MiniOzoneClusterImpl-ee7c2720-9269-41cd-a743-e13d4fe52915/datanode-2/data/ratis/c7aa93ce-a683-412d-a5d0-4a00e158f131/in_use.lock acquired by nodename 10195@ozone-rlb7g-142518227
2019-06-14 13:26:27,272 INFO  server.RaftServerConfigKeys (ConfUtils.java:logGet(43)) - raft.server.log.use.memory = false (default)
2019-06-14 13:26:27,272 INFO  server.RaftServerConfigKeys (ConfUtils.java:logGet(43)) - raft.server.log.appender.buffer.byte-limit = 33554432 (custom)
2019-06-14 13:26:27,272 INFO  server.RaftServerConfigKeys (ConfUtils.java:logGet(43)) - raft.server.log.segment.size.max = 16384 (custom)
2019-06-14 13:26:27,272 INFO  server.RaftServerConfigKeys (ConfUtils.java:logGet(43)) - raft.server.log.segment.cache.num.max = 2 (custom)
2019-06-14 13:26:27,273 INFO  storage.RaftLogWorker (RaftLogWorker.java:<init>(123)) - new bb464c03-7b12-434c-b969-99fa1d7ed1cc-RaftLogWorker for Storage Directory /opt/src/hadoop-ozone/integration-test/target/test-dir/MiniOzoneClusterImpl-ee7c2720-9269-41cd-a743-e13d4fe52915/datanode-4/data/ratis/c7aa93ce-a683-412d-a5d0-4a00e158f131
2019-06-14 13:26:27,273 INFO  server.RaftServerConfigKeys (ConfUtils.java:logGet(43)) - raft.server.log.queue.byte-limit = 2147483647 (custom)
2019-06-14 13:26:27,273 INFO  server.RaftServerConfigKeys (ConfUtils.java:logGet(43)) - raft.server.log.queue.element-limit = 1024 (custom)
2019-06-14 13:26:27,273 INFO  server.RaftServerConfigKeys (ConfUtils.java:logGet(43)) - raft.server.log.segment.size.max = 16384 (custom)
2019-06-14 13:26:27,273 INFO  server.RaftServerConfigKeys (ConfUtils.java:logGet(43)) - raft.server.log.preallocated.size = 16384 (custom)
2019-06-14 13:26:27,273 INFO  server.RaftServerConfigKeys (ConfUtils.java:logGet(43)) - raft.server.log.write.buffer.size = 33554432 (custom)
2019-06-14 13:26:27,273 INFO  server.RaftServerConfigKeys (ConfUtils.java:logGet(43)) - raft.server.log.force.sync.num = 128 (default)
2019-06-14 13:26:27,273 INFO  server.RaftServerConfigKeys (ConfUtils.java:logGet(43)) - raft.server.log.statemachine.data.sync = true (default)
2019-06-14 13:26:27,273 INFO  server.RaftServerConfigKeys (ConfUtils.java:logGet(43)) - raft.server.log.statemachine.data.sync.timeout = 10s (default)
2019-06-14 13:26:27,273 INFO  server.RaftServerConfigKeys (ConfUtils.java:logGet(43)) - raft.server.log.statemachine.data.sync.timeout.retry = -1 (default)
2019-06-14 13:26:27,273 INFO  server.RaftServerConfigKeys (ConfUtils.java:logGet(43)) - raft.server.log.statemachine.data.caching.enabled = true (custom)
2019-06-14 13:26:27,274 INFO  storage.RaftStorage (RaftStorage.java:format(75)) - Storage directory /opt/src/hadoop-ozone/integration-test/target/test-dir/MiniOzoneClusterImpl-ee7c2720-9269-41cd-a743-e13d4fe52915/datanode-2/data/ratis/c7aa93ce-a683-412d-a5d0-4a00e158f131 has been successfully formatted.
2019-06-14 13:26:27,274 INFO  ratis.ContainerStateMachine (ContainerStateMachine.java:loadSnapshot(199)) - The snapshot info is null.Setting the last applied index to:(t:0, i:~)
2019-06-14 13:26:27,274 INFO  server.RaftServerConfigKeys (ConfUtils.java:logGet(43)) - raft.server.leader.election.timeout = 10s (custom)
2019-06-14 13:26:27,274 INFO  server.RaftServerConfigKeys (ConfUtils.java:logGet(43)) - raft.server.log.use.memory = false (default)
2019-06-14 13:26:27,274 INFO  server.RaftServerConfigKeys (ConfUtils.java:logGet(43)) - raft.server.log.appender.buffer.byte-limit = 33554432 (custom)
2019-06-14 13:26:27,274 INFO  server.RaftServerConfigKeys (ConfUtils.java:logGet(43)) - raft.server.log.segment.size.max = 16384 (custom)
2019-06-14 13:26:27,274 INFO  server.RaftServerConfigKeys (ConfUtils.java:logGet(43)) - raft.server.log.segment.cache.num.max = 2 (custom)
2019-06-14 13:26:27,274 INFO  storage.RaftLogWorker (RaftLogWorker.java:<init>(123)) - new 737caf97-e317-4d06-adda-8d28faafff5b-RaftLogWorker for Storage Directory /opt/src/hadoop-ozone/integration-test/target/test-dir/MiniOzoneClusterImpl-ee7c2720-9269-41cd-a743-e13d4fe52915/datanode-2/data/ratis/c7aa93ce-a683-412d-a5d0-4a00e158f131
2019-06-14 13:26:27,274 INFO  server.RaftServerConfigKeys (ConfUtils.java:logGet(43)) - raft.server.log.queue.byte-limit = 2147483647 (custom)
2019-06-14 13:26:27,275 INFO  server.RaftServerConfigKeys (ConfUtils.java:logGet(43)) - raft.server.log.queue.element-limit = 1024 (custom)
2019-06-14 13:26:27,275 INFO  server.RaftServerConfigKeys (ConfUtils.java:logGet(43)) - raft.server.log.segment.size.max = 16384 (custom)
2019-06-14 13:26:27,275 INFO  server.RaftServerConfigKeys (ConfUtils.java:logGet(43)) - raft.server.log.preallocated.size = 16384 (custom)
2019-06-14 13:26:27,275 INFO  server.RaftServerConfigKeys (ConfUtils.java:logGet(43)) - raft.server.log.write.buffer.size = 33554432 (custom)
2019-06-14 13:26:27,275 INFO  server.RaftServerConfigKeys (ConfUtils.java:logGet(43)) - raft.server.log.force.sync.num = 128 (default)
2019-06-14 13:26:27,275 INFO  server.RaftServerConfigKeys (ConfUtils.java:logGet(43)) - raft.server.log.statemachine.data.sync = true (default)
2019-06-14 13:26:27,275 INFO  server.RaftServerConfigKeys (ConfUtils.java:logGet(43)) - raft.server.log.statemachine.data.sync.timeout = 10s (default)
2019-06-14 13:26:27,275 INFO  server.RaftServerConfigKeys (ConfUtils.java:logGet(43)) - raft.server.log.statemachine.data.sync.timeout.retry = -1 (default)
2019-06-14 13:26:27,275 INFO  storage.RaftStorage (RaftStorage.java:format(75)) - Storage directory /opt/src/hadoop-ozone/integration-test/target/test-dir/MiniOzoneClusterImpl-ee7c2720-9269-41cd-a743-e13d4fe52915/datanode-3/data/ratis/c7aa93ce-a683-412d-a5d0-4a00e158f131 has been successfully formatted.
2019-06-14 13:26:27,276 INFO  ratis.ContainerStateMachine (ContainerStateMachine.java:loadSnapshot(199)) - The snapshot info is null.Setting the last applied index to:(t:0, i:~)
2019-06-14 13:26:27,276 INFO  server.RaftServerConfigKeys (ConfUtils.java:logGet(43)) - raft.server.leader.election.timeout = 10s (custom)
2019-06-14 13:26:27,276 INFO  server.RaftServerConfigKeys (ConfUtils.java:logGet(43)) - raft.server.log.use.memory = false (default)
2019-06-14 13:26:27,276 INFO  server.RaftServerConfigKeys (ConfUtils.java:logGet(43)) - raft.server.log.appender.buffer.byte-limit = 33554432 (custom)
2019-06-14 13:26:27,276 INFO  server.RaftServerConfigKeys (ConfUtils.java:logGet(43)) - raft.server.log.segment.size.max = 16384 (custom)
2019-06-14 13:26:27,276 INFO  server.RaftServerConfigKeys (ConfUtils.java:logGet(43)) - raft.server.log.segment.cache.num.max = 2 (custom)
2019-06-14 13:26:27,276 INFO  storage.RaftLogWorker (RaftLogWorker.java:<init>(123)) - new a17d0b06-922e-4211-b258-011aa1b0f788-RaftLogWorker for Storage Directory /opt/src/hadoop-ozone/integration-test/target/test-dir/MiniOzoneClusterImpl-ee7c2720-9269-41cd-a743-e13d4fe52915/datanode-3/data/ratis/c7aa93ce-a683-412d-a5d0-4a00e158f131
2019-06-14 13:26:27,276 INFO  server.RaftServerConfigKeys (ConfUtils.java:logGet(43)) - raft.server.log.queue.byte-limit = 2147483647 (custom)
2019-06-14 13:26:27,276 INFO  server.RaftServerConfigKeys (ConfUtils.java:logGet(43)) - raft.server.log.queue.element-limit = 1024 (custom)
2019-06-14 13:26:27,276 INFO  server.RaftServerConfigKeys (ConfUtils.java:logGet(43)) - raft.server.log.segment.size.max = 16384 (custom)
2019-06-14 13:26:27,276 INFO  server.RaftServerConfigKeys (ConfUtils.java:logGet(43)) - raft.server.log.preallocated.size = 16384 (custom)
2019-06-14 13:26:27,276 INFO  server.RaftServerConfigKeys (ConfUtils.java:logGet(43)) - raft.server.log.write.buffer.size = 33554432 (custom)
2019-06-14 13:26:27,277 INFO  server.RaftServerConfigKeys (ConfUtils.java:logGet(43)) - raft.server.log.force.sync.num = 128 (default)
2019-06-14 13:26:27,277 INFO  server.RaftServerConfigKeys (ConfUtils.java:logGet(43)) - raft.server.log.statemachine.data.sync = true (default)
2019-06-14 13:26:27,277 INFO  server.RaftServerConfigKeys (ConfUtils.java:logGet(43)) - raft.server.log.statemachine.data.sync.timeout = 10s (default)
2019-06-14 13:26:27,277 INFO  server.RaftServerConfigKeys (ConfUtils.java:logGet(43)) - raft.server.log.statemachine.data.sync.timeout.retry = -1 (default)
2019-06-14 13:26:27,278 INFO  server.RaftServerConfigKeys (ConfUtils.java:logGet(43)) - raft.server.snapshot.auto.trigger.enabled = true (custom)
2019-06-14 13:26:27,278 INFO  server.RaftServerConfigKeys (ConfUtils.java:logGet(43)) - raft.server.log.statemachine.data.caching.enabled = true (custom)
2019-06-14 13:26:27,278 INFO  server.RaftServerConfigKeys (ConfUtils.java:logGet(43)) - raft.server.log.statemachine.data.caching.enabled = true (custom)
2019-06-14 13:26:27,278 INFO  server.RaftServerConfigKeys (ConfUtils.java:logGet(43)) - raft.server.snapshot.auto.trigger.threshold = 10000 (custom)
2019-06-14 13:26:27,279 INFO  server.RaftServerConfigKeys (ConfUtils.java:logGet(43)) - raft.server.snapshot.auto.trigger.enabled = true (custom)
2019-06-14 13:26:27,279 INFO  server.RaftServerConfigKeys (ConfUtils.java:logGet(43)) - raft.server.snapshot.auto.trigger.threshold = 10000 (custom)
2019-06-14 13:26:27,279 INFO  server.RaftServerConfigKeys (ConfUtils.java:logGet(43)) - raft.server.retrycache.expirytime = 600000ms (custom)
2019-06-14 13:26:27,279 INFO  impl.RaftServerImpl (RaftServerImpl.java:start(173)) - 737caf97-e317-4d06-adda-8d28faafff5b: start group-4A00E158F131
2019-06-14 13:26:27,279 INFO  impl.RaftServerImpl (RaftServerImpl.java:setRole(164)) - 737caf97-e317-4d06-adda-8d28faafff5b:group-4A00E158F131 changes role from null to FOLLOWER at term 0 for startAsFollower
2019-06-14 13:26:27,279 INFO  server.RaftServerConfigKeys (ConfUtils.java:logGet(43)) - raft.server.retrycache.expirytime = 600000ms (custom)
2019-06-14 13:26:27,280 INFO  impl.RaftServerImpl (RaftServerImpl.java:start(173)) - bb464c03-7b12-434c-b969-99fa1d7ed1cc: start group-4A00E158F131
2019-06-14 13:26:27,280 INFO  impl.RaftServerImpl (RaftServerImpl.java:setRole(164)) - bb464c03-7b12-434c-b969-99fa1d7ed1cc:group-4A00E158F131 changes role from null to FOLLOWER at term 0 for startAsFollower
2019-06-14 13:26:27,282 INFO  server.RaftServerConfigKeys (ConfUtils.java:logGet(43)) - raft.server.snapshot.auto.trigger.enabled = true (custom)
2019-06-14 13:26:27,282 INFO  server.RaftServerConfigKeys (ConfUtils.java:logGet(43)) - raft.server.snapshot.auto.trigger.threshold = 10000 (custom)
2019-06-14 13:26:27,282 INFO  server.RaftServerConfigKeys (ConfUtils.java:logGet(43)) - raft.server.retrycache.expirytime = 600000ms (custom)
2019-06-14 13:26:27,282 INFO  impl.RaftServerImpl (RaftServerImpl.java:start(173)) - a17d0b06-922e-4211-b258-011aa1b0f788: start group-4A00E158F131
2019-06-14 13:26:27,282 INFO  impl.RaftServerImpl (RaftServerImpl.java:setRole(164)) - a17d0b06-922e-4211-b258-011aa1b0f788:group-4A00E158F131 changes role from null to FOLLOWER at term 0 for startAsFollower
2019-06-14 13:26:27,283 INFO  impl.RoleInfo (RoleInfo.java:updateAndGet(143)) - a17d0b06-922e-4211-b258-011aa1b0f788: start FollowerState
2019-06-14 13:26:27,286 INFO  util.JmxRegister (JmxRegister.java:tryRegister(44)) - Successfully registered JMX Bean with object name Ratis:service=RaftServer,group=group-4A00E158F131,id=a17d0b06-922e-4211-b258-011aa1b0f788
2019-06-14 13:26:27,287 INFO  impl.RoleInfo (RoleInfo.java:updateAndGet(143)) - 737caf97-e317-4d06-adda-8d28faafff5b: start FollowerState
2019-06-14 13:26:27,290 INFO  util.JmxRegister (JmxRegister.java:tryRegister(44)) - Successfully registered JMX Bean with object name Ratis:service=RaftServer,group=group-4A00E158F131,id=737caf97-e317-4d06-adda-8d28faafff5b
2019-06-14 13:26:27,290 INFO  impl.RoleInfo (RoleInfo.java:updateAndGet(143)) - bb464c03-7b12-434c-b969-99fa1d7ed1cc: start FollowerState
2019-06-14 13:26:27,291 INFO  util.JmxRegister (JmxRegister.java:tryRegister(44)) - Successfully registered JMX Bean with object name Ratis:service=RaftServer,group=group-4A00E158F131,id=bb464c03-7b12-434c-b969-99fa1d7ed1cc
2019-06-14 13:26:27,321 INFO  pipeline.PipelineStateManager (PipelineStateManager.java:addPipeline(56)) - Created pipeline Pipeline[ Id: c7aa93ce-a683-412d-a5d0-4a00e158f131, Nodes: bb464c03-7b12-434c-b969-99fa1d7ed1cc{ip: 192.168.134.77, host: ozone-rlb7g-142518227, networkLocation: /default-rack, certSerialId: null}737caf97-e317-4d06-adda-8d28faafff5b{ip: 192.168.134.77, host: ozone-rlb7g-142518227, networkLocation: /default-rack, certSerialId: null}a17d0b06-922e-4211-b258-011aa1b0f788{ip: 192.168.134.77, host: ozone-rlb7g-142518227, networkLocation: /default-rack, certSerialId: null}, Type:RATIS, Factor:THREE, State:OPEN]
2019-06-14 13:26:27,827 INFO  impl.FollowerState (FollowerState.java:run(101)) - b44fa320-d140-48b9-9502-9fb1b5547a06:group-05386EEB60E6 changes to CANDIDATE, lastRpcTime:1162, electionTimeout:1161ms
2019-06-14 13:26:27,827 INFO  impl.RoleInfo (RoleInfo.java:shutdownFollowerState(121)) - b44fa320-d140-48b9-9502-9fb1b5547a06: shutdown FollowerState
2019-06-14 13:26:27,827 INFO  impl.RaftServerImpl (RaftServerImpl.java:setRole(164)) - b44fa320-d140-48b9-9502-9fb1b5547a06:group-05386EEB60E6 changes role from FOLLOWER to CANDIDATE at term 0 for changeToCandidate
2019-06-14 13:26:27,829 INFO  impl.RoleInfo (RoleInfo.java:updateAndGet(143)) - b44fa320-d140-48b9-9502-9fb1b5547a06: start LeaderElection
2019-06-14 13:26:27,836 INFO  impl.LeaderElection (LeaderElection.java:askForVotes(181)) - b44fa320-d140-48b9-9502-9fb1b5547a06:group-05386EEB60E6:LeaderElection1: begin an election at term 1 for -1: [b44fa320-d140-48b9-9502-9fb1b5547a06:192.168.134.77:35371], old=null
2019-06-14 13:26:27,837 INFO  impl.RoleInfo (RoleInfo.java:shutdownLeaderElection(134)) - b44fa320-d140-48b9-9502-9fb1b5547a06: shutdown LeaderElection
2019-06-14 13:26:27,838 INFO  impl.RaftServerImpl (RaftServerImpl.java:setRole(164)) - b44fa320-d140-48b9-9502-9fb1b5547a06:group-05386EEB60E6 changes role from CANDIDATE to LEADER at term 1 for changeToLeader
2019-06-14 13:26:27,838 INFO  impl.RaftServerImpl (ServerState.java:setLeader(263)) - b44fa320-d140-48b9-9502-9fb1b5547a06:group-05386EEB60E6 change Leader from null to b44fa320-d140-48b9-9502-9fb1b5547a06 at term 1 for becomeLeader, leader elected after 1342ms
2019-06-14 13:26:27,843 INFO  server.RaftServerConfigKeys (ConfUtils.java:logGet(43)) - raft.server.staging.catchup.gap = 1000 (default)
2019-06-14 13:26:27,843 INFO  server.RaftServerConfigKeys (ConfUtils.java:logGet(43)) - raft.server.rpc.sleep.time = 25ms (default)
2019-06-14 13:26:27,846 INFO  server.RaftServerConfigKeys (ConfUtils.java:logGet(43)) - raft.server.watch.timeout = 10s (default)
2019-06-14 13:26:27,846 INFO  server.RaftServerConfigKeys (ConfUtils.java:logGet(43)) - raft.server.watch.timeout.denomination = 1s (default)
2019-06-14 13:26:27,852 INFO  impl.RoleInfo (RoleInfo.java:updateAndGet(143)) - b44fa320-d140-48b9-9502-9fb1b5547a06: start LeaderState
2019-06-14 13:26:27,865 INFO  storage.RaftLogWorker (RaftLogWorker.java:startLogSegment(298)) - b44fa320-d140-48b9-9502-9fb1b5547a06-RaftLogWorker: Starting segment from index:0
2019-06-14 13:26:27,892 INFO  impl.RaftServerImpl (ServerState.java:setRaftConf(361)) - b44fa320-d140-48b9-9502-9fb1b5547a06:group-05386EEB60E6 set configuration 0: [b44fa320-d140-48b9-9502-9fb1b5547a06:192.168.134.77:35371], old=null at 0
2019-06-14 13:26:27,944 INFO  impl.FollowerState (FollowerState.java:run(101)) - ae912dca-8c53-43fe-949b-aea157028ffc:group-CD44088E905C changes to CANDIDATE, lastRpcTime:1153, electionTimeout:1150ms
2019-06-14 13:26:27,949 INFO  impl.RoleInfo (RoleInfo.java:shutdownFollowerState(121)) - ae912dca-8c53-43fe-949b-aea157028ffc: shutdown FollowerState
2019-06-14 13:26:27,949 INFO  impl.RaftServerImpl (RaftServerImpl.java:setRole(164)) - ae912dca-8c53-43fe-949b-aea157028ffc:group-CD44088E905C changes role from FOLLOWER to CANDIDATE at term 0 for changeToCandidate
2019-06-14 13:26:27,950 INFO  impl.RoleInfo (RoleInfo.java:updateAndGet(143)) - ae912dca-8c53-43fe-949b-aea157028ffc: start LeaderElection
2019-06-14 13:26:27,966 INFO  impl.LeaderElection (LeaderElection.java:askForVotes(181)) - ae912dca-8c53-43fe-949b-aea157028ffc:group-CD44088E905C:LeaderElection2: begin an election at term 1 for -1: [ae912dca-8c53-43fe-949b-aea157028ffc:192.168.134.77:39077], old=null
2019-06-14 13:26:27,967 INFO  impl.RoleInfo (RoleInfo.java:shutdownLeaderElection(134)) - ae912dca-8c53-43fe-949b-aea157028ffc: shutdown LeaderElection
2019-06-14 13:26:27,967 INFO  impl.RaftServerImpl (RaftServerImpl.java:setRole(164)) - ae912dca-8c53-43fe-949b-aea157028ffc:group-CD44088E905C changes role from CANDIDATE to LEADER at term 1 for changeToLeader
2019-06-14 13:26:27,967 INFO  impl.RaftServerImpl (ServerState.java:setLeader(263)) - ae912dca-8c53-43fe-949b-aea157028ffc:group-CD44088E905C change Leader from null to ae912dca-8c53-43fe-949b-aea157028ffc at term 1 for becomeLeader, leader elected after 1188ms
2019-06-14 13:26:27,968 INFO  server.RaftServerConfigKeys (ConfUtils.java:logGet(43)) - raft.server.staging.catchup.gap = 1000 (default)
2019-06-14 13:26:27,969 INFO  server.RaftServerConfigKeys (ConfUtils.java:logGet(43)) - raft.server.rpc.sleep.time = 25ms (default)
2019-06-14 13:26:27,969 INFO  server.RaftServerConfigKeys (ConfUtils.java:logGet(43)) - raft.server.watch.timeout = 10s (default)
2019-06-14 13:26:27,969 INFO  server.RaftServerConfigKeys (ConfUtils.java:logGet(43)) - raft.server.watch.timeout.denomination = 1s (default)
2019-06-14 13:26:27,969 INFO  impl.RoleInfo (RoleInfo.java:updateAndGet(143)) - ae912dca-8c53-43fe-949b-aea157028ffc: start LeaderState
2019-06-14 13:26:27,969 INFO  storage.RaftLogWorker (RaftLogWorker.java:startLogSegment(298)) - ae912dca-8c53-43fe-949b-aea157028ffc-RaftLogWorker: Starting segment from index:0
2019-06-14 13:26:27,970 INFO  impl.RaftServerImpl (ServerState.java:setRaftConf(361)) - ae912dca-8c53-43fe-949b-aea157028ffc:group-CD44088E905C set configuration 0: [ae912dca-8c53-43fe-949b-aea157028ffc:192.168.134.77:39077], old=null at 0
2019-06-14 13:26:27,999 INFO  impl.FollowerState (FollowerState.java:run(101)) - 737caf97-e317-4d06-adda-8d28faafff5b:group-FAD34C692F8A changes to CANDIDATE, lastRpcTime:1037, electionTimeout:1034ms
2019-06-14 13:26:27,999 INFO  impl.RoleInfo (RoleInfo.java:shutdownFollowerState(121)) - 737caf97-e317-4d06-adda-8d28faafff5b: shutdown FollowerState
2019-06-14 13:26:27,999 INFO  impl.RaftServerImpl (RaftServerImpl.java:setRole(164)) - 737caf97-e317-4d06-adda-8d28faafff5b:group-FAD34C692F8A changes role from FOLLOWER to CANDIDATE at term 0 for changeToCandidate
2019-06-14 13:26:28,000 INFO  impl.RoleInfo (RoleInfo.java:updateAndGet(143)) - 737caf97-e317-4d06-adda-8d28faafff5b: start LeaderElection
2019-06-14 13:26:28,003 INFO  impl.FollowerState (FollowerState.java:run(101)) - bb464c03-7b12-434c-b969-99fa1d7ed1cc:group-08EAA62DE169 changes to CANDIDATE, lastRpcTime:1140, electionTimeout:1131ms
2019-06-14 13:26:28,003 INFO  impl.RoleInfo (RoleInfo.java:shutdownFollowerState(121)) - bb464c03-7b12-434c-b969-99fa1d7ed1cc: shutdown FollowerState
2019-06-14 13:26:28,003 INFO  impl.RaftServerImpl (RaftServerImpl.java:setRole(164)) - bb464c03-7b12-434c-b969-99fa1d7ed1cc:group-08EAA62DE169 changes role from FOLLOWER to CANDIDATE at term 0 for changeToCandidate
2019-06-14 13:26:28,003 INFO  impl.RoleInfo (RoleInfo.java:updateAndGet(143)) - bb464c03-7b12-434c-b969-99fa1d7ed1cc: start LeaderElection
2019-06-14 13:26:28,014 INFO  impl.LeaderElection (LeaderElection.java:askForVotes(181)) - 737caf97-e317-4d06-adda-8d28faafff5b:group-FAD34C692F8A:LeaderElection3: begin an election at term 1 for -1: [737caf97-e317-4d06-adda-8d28faafff5b:192.168.134.77:43247], old=null
2019-06-14 13:26:28,015 INFO  impl.RoleInfo (RoleInfo.java:shutdownLeaderElection(134)) - 737caf97-e317-4d06-adda-8d28faafff5b: shutdown LeaderElection
2019-06-14 13:26:28,015 INFO  impl.RaftServerImpl (RaftServerImpl.java:setRole(164)) - 737caf97-e317-4d06-adda-8d28faafff5b:group-FAD34C692F8A changes role from CANDIDATE to LEADER at term 1 for changeToLeader
2019-06-14 13:26:28,015 INFO  impl.RaftServerImpl (ServerState.java:setLeader(263)) - 737caf97-e317-4d06-adda-8d28faafff5b:group-FAD34C692F8A change Leader from null to 737caf97-e317-4d06-adda-8d28faafff5b at term 1 for becomeLeader, leader elected after 1056ms
2019-06-14 13:26:28,015 INFO  impl.LeaderElection (LeaderElection.java:askForVotes(181)) - bb464c03-7b12-434c-b969-99fa1d7ed1cc:group-08EAA62DE169:LeaderElection4: begin an election at term 1 for -1: [bb464c03-7b12-434c-b969-99fa1d7ed1cc:192.168.134.77:35313], old=null
2019-06-14 13:26:28,016 INFO  impl.RoleInfo (RoleInfo.java:shutdownLeaderElection(134)) - bb464c03-7b12-434c-b969-99fa1d7ed1cc: shutdown LeaderElection
2019-06-14 13:26:28,016 INFO  impl.RaftServerImpl (RaftServerImpl.java:setRole(164)) - bb464c03-7b12-434c-b969-99fa1d7ed1cc:group-08EAA62DE169 changes role from CANDIDATE to LEADER at term 1 for changeToLeader
2019-06-14 13:26:28,016 INFO  impl.RaftServerImpl (ServerState.java:setLeader(263)) - bb464c03-7b12-434c-b969-99fa1d7ed1cc:group-08EAA62DE169 change Leader from null to bb464c03-7b12-434c-b969-99fa1d7ed1cc at term 1 for becomeLeader, leader elected after 1157ms
2019-06-14 13:26:28,016 INFO  server.RaftServerConfigKeys (ConfUtils.java:logGet(43)) - raft.server.staging.catchup.gap = 1000 (default)
2019-06-14 13:26:28,017 INFO  server.RaftServerConfigKeys (ConfUtils.java:logGet(43)) - raft.server.rpc.sleep.time = 25ms (default)
2019-06-14 13:26:28,017 INFO  server.RaftServerConfigKeys (ConfUtils.java:logGet(43)) - raft.server.watch.timeout = 10s (default)
2019-06-14 13:26:28,017 INFO  server.RaftServerConfigKeys (ConfUtils.java:logGet(43)) - raft.server.watch.timeout.denomination = 1s (default)
2019-06-14 13:26:28,017 INFO  impl.RoleInfo (RoleInfo.java:updateAndGet(143)) - 737caf97-e317-4d06-adda-8d28faafff5b: start LeaderState
2019-06-14 13:26:28,017 INFO  server.RaftServerConfigKeys (ConfUtils.java:logGet(43)) - raft.server.staging.catchup.gap = 1000 (default)
2019-06-14 13:26:28,017 INFO  server.RaftServerConfigKeys (ConfUtils.java:logGet(43)) - raft.server.rpc.sleep.time = 25ms (default)
2019-06-14 13:26:28,018 INFO  server.RaftServerConfigKeys (ConfUtils.java:logGet(43)) - raft.server.watch.timeout = 10s (default)
2019-06-14 13:26:28,018 INFO  server.RaftServerConfigKeys (ConfUtils.java:logGet(43)) - raft.server.watch.timeout.denomination = 1s (default)
2019-06-14 13:26:28,018 INFO  impl.RoleInfo (RoleInfo.java:updateAndGet(143)) - bb464c03-7b12-434c-b969-99fa1d7ed1cc: start LeaderState
2019-06-14 13:26:28,018 INFO  storage.RaftLogWorker (RaftLogWorker.java:startLogSegment(298)) - bb464c03-7b12-434c-b969-99fa1d7ed1cc-RaftLogWorker: Starting segment from index:0
2019-06-14 13:26:28,019 INFO  storage.RaftLogWorker (RaftLogWorker.java:startLogSegment(298)) - 737caf97-e317-4d06-adda-8d28faafff5b-RaftLogWorker: Starting segment from index:0
2019-06-14 13:26:28,034 INFO  ozone.MiniOzoneClusterImpl (MiniOzoneClusterImpl.java:lambda$waitForClusterToBeReady$0(142)) - Cluster is ready. Got 6 of 6 DN Heartbeats.
2019-06-14 13:26:28,038 INFO  impl.RaftServerImpl (ServerState.java:setRaftConf(361)) - bb464c03-7b12-434c-b969-99fa1d7ed1cc:group-08EAA62DE169 set configuration 0: [bb464c03-7b12-434c-b969-99fa1d7ed1cc:192.168.134.77:35313], old=null at 0
]]></system-out>
    <system-err><![CDATA[ERROR StatusLogger No Log4j 2 configuration file found. Using default configuration (logging only errors to the console), or user programmatically provided configurations. Set system property 'log4j2.debug' to show Log4j 2 internal initialization logging. See https://logging.apache.org/log4j/2.x/manual/configuration.html for instructions on how to configure Log4j 2
Jun 14, 2019 1:26:21 PM com.sun.jersey.server.impl.application.WebApplicationImpl _initiate
INFO: Initiating Jersey application, version 'Jersey: 1.19 02/11/2015 03:25 AM'
Jun 14, 2019 1:26:21 PM com.sun.jersey.server.impl.application.WebApplicationImpl _initiate
INFO: Initiating Jersey application, version 'Jersey: 1.19 02/11/2015 03:25 AM'
Jun 14, 2019 1:26:22 PM com.sun.jersey.server.impl.application.WebApplicationImpl _initiate
INFO: Initiating Jersey application, version 'Jersey: 1.19 02/11/2015 03:25 AM'
Jun 14, 2019 1:26:22 PM com.sun.jersey.server.impl.application.WebApplicationImpl _initiate
INFO: Initiating Jersey application, version 'Jersey: 1.19 02/11/2015 03:25 AM'
Jun 14, 2019 1:26:22 PM com.sun.jersey.server.impl.application.WebApplicationImpl _initiate
INFO: Initiating Jersey application, version 'Jersey: 1.19 02/11/2015 03:25 AM'
Jun 14, 2019 1:26:22 PM com.sun.jersey.server.impl.application.WebApplicationImpl _initiate
INFO: Initiating Jersey application, version 'Jersey: 1.19 02/11/2015 03:25 AM'
]]></system-err>
  </testcase>
</testsuite>