<?xml version="1.0" encoding="UTF-8"?>
<testsuite xmlns:xsi="http://www.w3.org/2001/XMLSchema-instance" xsi:noNamespaceSchemaLocation="https://maven.apache.org/surefire/maven-surefire-plugin/xsd/surefire-test-report.xsd" name="org.apache.hadoop.ozone.client.rpc.TestBlockOutputStreamWithFailures" time="540.506" tests="8" errors="0" skipped="0" failures="1">
  <properties>
    <property name="awt.toolkit" value="sun.awt.X11.XToolkit"/>
    <property name="file.encoding.pkg" value="sun.io"/>
    <property name="java.specification.version" value="1.8"/>
    <property name="sun.cpu.isalist" value=""/>
    <property name="sun.jnu.encoding" value="UTF-8"/>
    <property name="java.class.path" value="/opt/src/hadoop-ozone/integration-test/target/test-classes:/opt/src/hadoop-ozone/integration-test/target/classes:/root/.m2/repository/org/apache/hadoop/hadoop-ozone-common/0.5.0-SNAPSHOT/hadoop-ozone-common-0.5.0-SNAPSHOT.jar:/root/.m2/repository/org/apache/commons/commons-compress/1.4.1/commons-compress-1.4.1.jar:/root/.m2/repository/org/tukaani/xz/1.0/xz-1.0.jar:/root/.m2/repository/org/apache/hadoop/hadoop-common/3.2.0/hadoop-common-3.2.0.jar:/root/.m2/repository/org/apache/hadoop/hadoop-hdfs/3.2.0/hadoop-hdfs-3.2.0.jar:/root/.m2/repository/org/apache/hadoop/hadoop-hdfs-client/3.2.0/hadoop-hdfs-client-3.2.0.jar:/root/.m2/repository/com/fasterxml/jackson/core/jackson-annotations/2.9.5/jackson-annotations-2.9.5.jar:/root/.m2/repository/org/apache/hadoop/hadoop-hdds-common/0.5.0-SNAPSHOT/hadoop-hdds-common-0.5.0-SNAPSHOT.jar:/root/.m2/repository/javax/annotation/javax.annotation-api/1.2/javax.annotation-api-1.2.jar:/root/.m2/repository/org/apache/ratis/ratis-server/0.4.0-fe2b15d-SNAPSHOT/ratis-server-0.4.0-fe2b15d-SNAPSHOT.jar:/root/.m2/repository/org/apache/ratis/ratis-thirdparty-misc/0.2.0/ratis-thirdparty-misc-0.2.0.jar:/root/.m2/repository/org/apache/ratis/ratis-proto/0.4.0-fe2b15d-SNAPSHOT/ratis-proto-0.4.0-fe2b15d-SNAPSHOT.jar:/root/.m2/repository/org/apache/ratis/ratis-common/0.4.0-fe2b15d-SNAPSHOT/ratis-common-0.4.0-fe2b15d-SNAPSHOT.jar:/root/.m2/repository/org/apache/ratis/ratis-client/0.4.0-fe2b15d-SNAPSHOT/ratis-client-0.4.0-fe2b15d-SNAPSHOT.jar:/root/.m2/repository/org/apache/ratis/ratis-netty/0.4.0-fe2b15d-SNAPSHOT/ratis-netty-0.4.0-fe2b15d-SNAPSHOT.jar:/root/.m2/repository/org/apache/ratis/ratis-grpc/0.4.0-fe2b15d-SNAPSHOT/ratis-grpc-0.4.0-fe2b15d-SNAPSHOT.jar:/root/.m2/repository/org/rocksdb/rocksdbjni/5.14.2/rocksdbjni-5.14.2.jar:/root/.m2/repository/org/apache/logging/log4j/log4j-api/2.11.0/log4j-api-2.11.0.jar:/root/.m2/repository/org/apache/logging/log4j/log4j-core/2.11.0/log4j-core-2.11.0.jar:/root/.m2/repository/com/lmax/disruptor/3.4.2/disruptor-3.4.2.jar:/root/.m2/repository/org/apache/commons/commons-pool2/2.6.0/commons-pool2-2.6.0.jar:/root/.m2/repository/org/bouncycastle/bcpkix-jdk15on/1.60/bcpkix-jdk15on-1.60.jar:/root/.m2/repository/commons-validator/commons-validator/1.6/commons-validator-1.6.jar:/root/.m2/repository/commons-digester/commons-digester/1.8.1/commons-digester-1.8.1.jar:/root/.m2/repository/io/jaegertracing/jaeger-client/0.33.1/jaeger-client-0.33.1.jar:/root/.m2/repository/io/jaegertracing/jaeger-thrift/0.33.1/jaeger-thrift-0.33.1.jar:/root/.m2/repository/org/apache/thrift/libthrift/0.11.0/libthrift-0.11.0.jar:/root/.m2/repository/com/squareup/okhttp3/okhttp/3.9.0/okhttp-3.9.0.jar:/root/.m2/repository/com/squareup/okio/okio/1.13.0/okio-1.13.0.jar:/root/.m2/repository/io/jaegertracing/jaeger-core/0.33.1/jaeger-core-0.33.1.jar:/root/.m2/repository/io/jaegertracing/jaeger-tracerresolver/0.33.1/jaeger-tracerresolver-0.33.1.jar:/root/.m2/repository/io/opentracing/contrib/opentracing-tracerresolver/0.1.5/opentracing-tracerresolver-0.1.5.jar:/root/.m2/repository/io/opentracing/opentracing-util/0.31.0/opentracing-util-0.31.0.jar:/root/.m2/repository/io/opentracing/opentracing-api/0.31.0/opentracing-api-0.31.0.jar:/root/.m2/repository/io/opentracing/opentracing-noop/0.31.0/opentracing-noop-0.31.0.jar:/root/.m2/repository/org/apache/hadoop/hadoop-hdds-server-framework/0.5.0-SNAPSHOT/hadoop-hdds-server-framework-0.5.0-SNAPSHOT.jar:/root/.m2/repository/org/apache/hadoop/hadoop-hdds-server-scm/0.5.0-SNAPSHOT/hadoop-hdds-server-scm-0.5.0-SNAPSHOT.jar:/root/.m2/repository/org/apache/hadoop/hadoop-hdds-container-service/0.5.0-SNAPSHOT/hadoop-hdds-container-service-0.5.0-SNAPSHOT.jar:/root/.m2/repository/org/apache/hadoop/hadoop-hdds-client/0.5.0-SNAPSHOT/hadoop-hdds-client-0.5.0-SNAPSHOT.jar:/root/.m2/repository/org/apache/hadoop/hadoop-hdds-tools/0.5.0-SNAPSHOT/hadoop-hdds-tools-0.5.0-SNAPSHOT.jar:/root/.m2/repository/org/apache/hadoop/hadoop-ozone-ozone-manager/0.5.0-SNAPSHOT/hadoop-ozone-ozone-manager-0.5.0-SNAPSHOT.jar:/root/.m2/repository/org/apache/hadoop/hadoop-hdds-docs/0.5.0-SNAPSHOT/hadoop-hdds-docs-0.5.0-SNAPSHOT.jar:/root/.m2/repository/org/bouncycastle/bcprov-jdk15on/1.60/bcprov-jdk15on-1.60.jar:/root/.m2/repository/org/apache/hadoop/hadoop-minikdc/3.2.0/hadoop-minikdc-3.2.0.jar:/root/.m2/repository/commons-io/commons-io/2.5/commons-io-2.5.jar:/root/.m2/repository/org/apache/kerby/kerb-simplekdc/1.0.1/kerb-simplekdc-1.0.1.jar:/root/.m2/repository/org/apache/kerby/kerb-client/1.0.1/kerb-client-1.0.1.jar:/root/.m2/repository/org/apache/kerby/kerby-config/1.0.1/kerby-config-1.0.1.jar:/root/.m2/repository/org/apache/kerby/kerb-core/1.0.1/kerb-core-1.0.1.jar:/root/.m2/repository/org/apache/kerby/kerby-pkix/1.0.1/kerby-pkix-1.0.1.jar:/root/.m2/repository/org/apache/kerby/kerby-asn1/1.0.1/kerby-asn1-1.0.1.jar:/root/.m2/repository/org/apache/kerby/kerby-util/1.0.1/kerby-util-1.0.1.jar:/root/.m2/repository/org/apache/kerby/kerb-common/1.0.1/kerb-common-1.0.1.jar:/root/.m2/repository/org/apache/kerby/kerb-crypto/1.0.1/kerb-crypto-1.0.1.jar:/root/.m2/repository/org/apache/kerby/kerb-util/1.0.1/kerb-util-1.0.1.jar:/root/.m2/repository/org/apache/kerby/token-provider/1.0.1/token-provider-1.0.1.jar:/root/.m2/repository/org/apache/kerby/kerb-admin/1.0.1/kerb-admin-1.0.1.jar:/root/.m2/repository/org/apache/kerby/kerb-server/1.0.1/kerb-server-1.0.1.jar:/root/.m2/repository/org/apache/kerby/kerb-identity/1.0.1/kerb-identity-1.0.1.jar:/root/.m2/repository/org/apache/kerby/kerby-xdr/1.0.1/kerby-xdr-1.0.1.jar:/root/.m2/repository/org/slf4j/slf4j-log4j12/1.7.25/slf4j-log4j12-1.7.25.jar:/root/.m2/repository/org/apache/hadoop/hadoop-ozone-objectstore-service/0.5.0-SNAPSHOT/hadoop-ozone-objectstore-service-0.5.0-SNAPSHOT.jar:/root/.m2/repository/org/apache/hadoop/hadoop-ozone-s3gateway/0.5.0-SNAPSHOT/hadoop-ozone-s3gateway-0.5.0-SNAPSHOT.jar:/root/.m2/repository/org/jboss/weld/servlet/weld-servlet/2.4.7.Final/weld-servlet-2.4.7.Final.jar:/root/.m2/repository/org/glassfish/jersey/containers/jersey-container-servlet-core/2.27/jersey-container-servlet-core-2.27.jar:/root/.m2/repository/org/glassfish/hk2/external/javax.inject/2.5.0-b42/javax.inject-2.5.0-b42.jar:/root/.m2/repository/org/glassfish/jersey/core/jersey-common/2.27/jersey-common-2.27.jar:/root/.m2/repository/org/glassfish/hk2/osgi-resource-locator/1.0.1/osgi-resource-locator-1.0.1.jar:/root/.m2/repository/javax/ws/rs/javax.ws.rs-api/2.1/javax.ws.rs-api-2.1.jar:/root/.m2/repository/org/glassfish/jersey/ext/cdi/jersey-cdi1x/2.27/jersey-cdi1x-2.27.jar:/root/.m2/repository/org/glassfish/jersey/inject/jersey-hk2/2.27/jersey-hk2-2.27.jar:/root/.m2/repository/org/glassfish/hk2/hk2-locator/2.5.0-b42/hk2-locator-2.5.0-b42.jar:/root/.m2/repository/org/javassist/javassist/3.22.0-CR2/javassist-3.22.0-CR2.jar:/root/.m2/repository/org/glassfish/hk2/hk2-api/2.5.0/hk2-api-2.5.0.jar:/root/.m2/repository/org/glassfish/hk2/external/jakarta.inject/2.5.0/jakarta.inject-2.5.0.jar:/root/.m2/repository/org/glassfish/hk2/hk2-utils/2.5.0/hk2-utils-2.5.0.jar:/root/.m2/repository/jakarta/annotation/jakarta.annotation-api/1.3.4/jakarta.annotation-api-1.3.4.jar:/root/.m2/repository/org/glassfish/hk2/external/aopalliance-repackaged/2.5.0/aopalliance-repackaged-2.5.0.jar:/root/.m2/repository/com/fasterxml/jackson/dataformat/jackson-dataformat-xml/2.9.0/jackson-dataformat-xml-2.9.0.jar:/root/.m2/repository/com/fasterxml/jackson/core/jackson-core/2.9.5/jackson-core-2.9.5.jar:/root/.m2/repository/com/fasterxml/jackson/module/jackson-module-jaxb-annotations/2.9.5/jackson-module-jaxb-annotations-2.9.5.jar:/root/.m2/repository/javax/enterprise/cdi-api/1.2/cdi-api-1.2.jar:/root/.m2/repository/javax/el/javax.el-api/3.0.0/javax.el-api-3.0.0.jar:/root/.m2/repository/javax/interceptor/javax.interceptor-api/1.2/javax.interceptor-api-1.2.jar:/root/.m2/repository/javax/inject/javax.inject/1/javax.inject-1.jar:/root/.m2/repository/com/sun/xml/bind/jaxb-impl/2.3.0.1/jaxb-impl-2.3.0.1.jar:/root/.m2/repository/com/sun/xml/bind/jaxb-core/2.3.0.1/jaxb-core-2.3.0.1.jar:/root/.m2/repository/javax/xml/bind/jaxb-api/2.3.0/jaxb-api-2.3.0.jar:/root/.m2/repository/javax/activation/activation/1.1.1/activation-1.1.1.jar:/root/.m2/repository/org/apache/hadoop/hadoop-ozone-csi/0.5.0-SNAPSHOT/hadoop-ozone-csi-0.5.0-SNAPSHOT.jar:/root/.m2/repository/com/google/protobuf/protobuf-java-util/3.5.1/protobuf-java-util-3.5.1.jar:/root/.m2/repository/org/apache/hadoop/hadoop-hdds-config/0.5.0-SNAPSHOT/hadoop-hdds-config-0.5.0-SNAPSHOT.jar:/root/.m2/repository/com/google/guava/guava/11.0.2/guava-11.0.2.jar:/root/.m2/repository/com/google/protobuf/protobuf-java/2.5.0/protobuf-java-2.5.0.jar:/root/.m2/repository/io/grpc/grpc-netty/1.17.1/grpc-netty-1.17.1.jar:/root/.m2/repository/io/grpc/grpc-core/1.17.1/grpc-core-1.17.1.jar:/root/.m2/repository/io/grpc/grpc-context/1.17.1/grpc-context-1.17.1.jar:/root/.m2/repository/com/google/errorprone/error_prone_annotations/2.2.0/error_prone_annotations-2.2.0.jar:/root/.m2/repository/org/codehaus/mojo/animal-sniffer-annotations/1.17/animal-sniffer-annotations-1.17.jar:/root/.m2/repository/io/opencensus/opencensus-api/0.17.0/opencensus-api-0.17.0.jar:/root/.m2/repository/io/opencensus/opencensus-contrib-grpc-metrics/0.17.0/opencensus-contrib-grpc-metrics-0.17.0.jar:/root/.m2/repository/io/netty/netty-codec-http2/4.1.30.Final/netty-codec-http2-4.1.30.Final.jar:/root/.m2/repository/io/netty/netty-codec-http/4.1.30.Final/netty-codec-http-4.1.30.Final.jar:/root/.m2/repository/io/netty/netty-codec/4.1.30.Final/netty-codec-4.1.30.Final.jar:/root/.m2/repository/io/netty/netty-handler/4.1.30.Final/netty-handler-4.1.30.Final.jar:/root/.m2/repository/io/netty/netty-handler-proxy/4.1.30.Final/netty-handler-proxy-4.1.30.Final.jar:/root/.m2/repository/io/netty/netty-codec-socks/4.1.30.Final/netty-codec-socks-4.1.30.Final.jar:/root/.m2/repository/io/netty/netty-transport-native-epoll/4.1.30.Final/netty-transport-native-epoll-4.1.30.Final.jar:/root/.m2/repository/io/netty/netty-common/4.1.30.Final/netty-common-4.1.30.Final.jar:/root/.m2/repository/io/netty/netty-buffer/4.1.30.Final/netty-buffer-4.1.30.Final.jar:/root/.m2/repository/io/netty/netty-transport/4.1.30.Final/netty-transport-4.1.30.Final.jar:/root/.m2/repository/io/netty/netty-resolver/4.1.30.Final/netty-resolver-4.1.30.Final.jar:/root/.m2/repository/io/netty/netty-transport-native-unix-common/4.1.30.Final/netty-transport-native-unix-common-4.1.30.Final.jar:/root/.m2/repository/io/grpc/grpc-protobuf/1.17.1/grpc-protobuf-1.17.1.jar:/root/.m2/repository/com/google/api/grpc/proto-google-common-protos/1.0.0/proto-google-common-protos-1.0.0.jar:/root/.m2/repository/io/grpc/grpc-protobuf-lite/1.17.1/grpc-protobuf-lite-1.17.1.jar:/root/.m2/repository/io/grpc/grpc-stub/1.17.1/grpc-stub-1.17.1.jar:/root/.m2/repository/org/apache/hadoop/hadoop-ozone-recon/0.5.0-SNAPSHOT/hadoop-ozone-recon-0.5.0-SNAPSHOT.jar:/root/.m2/repository/org/apache/hadoop/hadoop-ozone-reconcodegen/0.5.0-SNAPSHOT/hadoop-ozone-reconcodegen-0.5.0-SNAPSHOT.jar:/root/.m2/repository/com/google/inject/extensions/guice-multibindings/4.0/guice-multibindings-4.0.jar:/root/.m2/repository/com/google/inject/guice/4.0/guice-4.0.jar:/root/.m2/repository/aopalliance/aopalliance/1.0/aopalliance-1.0.jar:/root/.m2/repository/com/google/inject/extensions/guice-servlet/4.0/guice-servlet-4.0.jar:/root/.m2/repository/org/glassfish/jersey/containers/jersey-container-servlet/2.27/jersey-container-servlet-2.27.jar:/root/.m2/repository/org/glassfish/hk2/guice-bridge/2.5.0/guice-bridge-2.5.0.jar:/root/.m2/repository/org/glassfish/jersey/core/jersey-server/2.27/jersey-server-2.27.jar:/root/.m2/repository/org/glassfish/jersey/core/jersey-client/2.27/jersey-client-2.27.jar:/root/.m2/repository/org/glassfish/jersey/media/jersey-media-jaxb/2.27/jersey-media-jaxb-2.27.jar:/root/.m2/repository/javax/validation/validation-api/1.1.0.Final/validation-api-1.1.0.Final.jar:/root/.m2/repository/org/glassfish/jersey/media/jersey-media-json-jackson/2.27/jersey-media-json-jackson-2.27.jar:/root/.m2/repository/org/glassfish/jersey/ext/jersey-entity-filtering/2.27/jersey-entity-filtering-2.27.jar:/root/.m2/repository/com/google/inject/extensions/guice-assistedinject/4.0/guice-assistedinject-4.0.jar:/root/.m2/repository/org/jooq/jooq/3.11.10/jooq-3.11.10.jar:/root/.m2/repository/org/jooq/jooq-meta/3.11.10/jooq-meta-3.11.10.jar:/root/.m2/repository/org/jooq/jooq-codegen/3.11.10/jooq-codegen-3.11.10.jar:/root/.m2/repository/com/jolbox/bonecp/0.8.0.RELEASE/bonecp-0.8.0.RELEASE.jar:/root/.m2/repository/org/xerial/sqlite-jdbc/3.25.2/sqlite-jdbc-3.25.2.jar:/root/.m2/repository/org/springframework/spring-jdbc/5.1.3.RELEASE/spring-jdbc-5.1.3.RELEASE.jar:/root/.m2/repository/org/springframework/spring-beans/5.1.3.RELEASE/spring-beans-5.1.3.RELEASE.jar:/root/.m2/repository/org/springframework/spring-core/5.1.3.RELEASE/spring-core-5.1.3.RELEASE.jar:/root/.m2/repository/org/springframework/spring-jcl/5.1.3.RELEASE/spring-jcl-5.1.3.RELEASE.jar:/root/.m2/repository/org/springframework/spring-tx/5.1.3.RELEASE/spring-tx-5.1.3.RELEASE.jar:/root/.m2/repository/org/apache/hadoop/hadoop-ozone-client/0.5.0-SNAPSHOT/hadoop-ozone-client-0.5.0-SNAPSHOT.jar:/root/.m2/repository/org/apache/hadoop/hadoop-ozone-ozone-manager/0.5.0-SNAPSHOT/hadoop-ozone-ozone-manager-0.5.0-SNAPSHOT-tests.jar:/root/.m2/repository/junit/junit/4.11/junit-4.11.jar:/root/.m2/repository/org/hamcrest/hamcrest-core/1.3/hamcrest-core-1.3.jar:/root/.m2/repository/org/openjdk/jmh/jmh-core/1.19/jmh-core-1.19.jar:/root/.m2/repository/net/sf/jopt-simple/jopt-simple/4.6/jopt-simple-4.6.jar:/root/.m2/repository/org/apache/commons/commons-math3/3.1.1/commons-math3-3.1.1.jar:/root/.m2/repository/org/openjdk/jmh/jmh-generator-annprocess/1.19/jmh-generator-annprocess-1.19.jar:/root/.m2/repository/org/mockito/mockito-all/1.8.5/mockito-all-1.8.5.jar:/root/.m2/repository/org/apache/hadoop/hadoop-kms/3.2.0/hadoop-kms-3.2.0.jar:/root/.m2/repository/org/apache/hadoop/hadoop-auth/3.2.0/hadoop-auth-3.2.0.jar:/root/.m2/repository/com/nimbusds/nimbus-jose-jwt/4.41.1/nimbus-jose-jwt-4.41.1.jar:/root/.m2/repository/com/github/stephenc/jcip/jcip-annotations/1.0-1/jcip-annotations-1.0-1.jar:/root/.m2/repository/net/minidev/json-smart/2.3/json-smart-2.3.jar:/root/.m2/repository/net/minidev/accessors-smart/1.2/accessors-smart-1.2.jar:/root/.m2/repository/org/ow2/asm/asm/5.0.4/asm-5.0.4.jar:/root/.m2/repository/org/apache/curator/curator-framework/2.12.0/curator-framework-2.12.0.jar:/root/.m2/repository/com/sun/jersey/jersey-core/1.19/jersey-core-1.19.jar:/root/.m2/repository/javax/ws/rs/jsr311-api/1.1.1/jsr311-api-1.1.1.jar:/root/.m2/repository/com/sun/jersey/jersey-server/1.19/jersey-server-1.19.jar:/root/.m2/repository/javax/servlet/javax.servlet-api/3.1.0/javax.servlet-api-3.1.0.jar:/root/.m2/repository/org/eclipse/jetty/jetty-server/9.3.24.v20180605/jetty-server-9.3.24.v20180605.jar:/root/.m2/repository/org/eclipse/jetty/jetty-http/9.3.24.v20180605/jetty-http-9.3.24.v20180605.jar:/root/.m2/repository/org/eclipse/jetty/jetty-io/9.3.24.v20180605/jetty-io-9.3.24.v20180605.jar:/root/.m2/repository/org/eclipse/jetty/jetty-webapp/9.3.24.v20180605/jetty-webapp-9.3.24.v20180605.jar:/root/.m2/repository/org/eclipse/jetty/jetty-xml/9.3.24.v20180605/jetty-xml-9.3.24.v20180605.jar:/root/.m2/repository/log4j/log4j/1.2.17/log4j-1.2.17.jar:/root/.m2/repository/org/slf4j/slf4j-api/1.7.25/slf4j-api-1.7.25.jar:/root/.m2/repository/org/slf4j/jul-to-slf4j/1.7.25/jul-to-slf4j-1.7.25.jar:/root/.m2/repository/org/eclipse/jetty/jetty-util/9.3.24.v20180605/jetty-util-9.3.24.v20180605.jar:/root/.m2/repository/io/dropwizard/metrics/metrics-core/3.2.4/metrics-core-3.2.4.jar:/root/.m2/repository/com/fasterxml/jackson/core/jackson-databind/2.9.5/jackson-databind-2.9.5.jar:/root/.m2/repository/org/apache/hadoop/hadoop-kms/3.2.0/hadoop-kms-3.2.0-tests.jar:/root/.m2/repository/org/apache/hadoop/hadoop-hdds-server-scm/0.5.0-SNAPSHOT/hadoop-hdds-server-scm-0.5.0-SNAPSHOT-tests.jar:/root/.m2/repository/org/hamcrest/hamcrest-all/1.3/hamcrest-all-1.3.jar:/root/.m2/repository/info/picocli/picocli/3.9.6/picocli-3.9.6.jar:/root/.m2/repository/org/apache/hadoop/hadoop-hdds-container-service/0.5.0-SNAPSHOT/hadoop-hdds-container-service-0.5.0-SNAPSHOT-tests.jar:/root/.m2/repository/org/yaml/snakeyaml/1.16/snakeyaml-1.16.jar:/root/.m2/repository/org/apache/hadoop/hadoop-common/3.2.0/hadoop-common-3.2.0-tests.jar:/root/.m2/repository/org/apache/hadoop/hadoop-annotations/3.2.0/hadoop-annotations-3.2.0.jar:/usr/lib/jvm/java-1.8-openjdk/jre/../lib/tools.jar:/root/.m2/repository/commons-cli/commons-cli/1.2/commons-cli-1.2.jar:/root/.m2/repository/org/apache/httpcomponents/httpclient/4.5.2/httpclient-4.5.2.jar:/root/.m2/repository/org/apache/httpcomponents/httpcore/4.4.4/httpcore-4.4.4.jar:/root/.m2/repository/commons-codec/commons-codec/1.11/commons-codec-1.11.jar:/root/.m2/repository/commons-net/commons-net/3.6/commons-net-3.6.jar:/root/.m2/repository/commons-collections/commons-collections/3.2.2/commons-collections-3.2.2.jar:/root/.m2/repository/org/eclipse/jetty/jetty-servlet/9.3.24.v20180605/jetty-servlet-9.3.24.v20180605.jar:/root/.m2/repository/org/eclipse/jetty/jetty-security/9.3.24.v20180605/jetty-security-9.3.24.v20180605.jar:/root/.m2/repository/javax/servlet/jsp/jsp-api/2.1/jsp-api-2.1.jar:/root/.m2/repository/com/sun/jersey/jersey-servlet/1.19/jersey-servlet-1.19.jar:/root/.m2/repository/com/sun/jersey/jersey-json/1.19/jersey-json-1.19.jar:/root/.m2/repository/org/codehaus/jettison/jettison/1.1/jettison-1.1.jar:/root/.m2/repository/org/codehaus/jackson/jackson-core-asl/1.9.13/jackson-core-asl-1.9.13.jar:/root/.m2/repository/org/codehaus/jackson/jackson-mapper-asl/1.9.13/jackson-mapper-asl-1.9.13.jar:/root/.m2/repository/org/codehaus/jackson/jackson-jaxrs/1.9.13/jackson-jaxrs-1.9.13.jar:/root/.m2/repository/org/codehaus/jackson/jackson-xc/1.9.13/jackson-xc-1.9.13.jar:/root/.m2/repository/commons-logging/commons-logging/1.1.3/commons-logging-1.1.3.jar:/root/.m2/repository/commons-beanutils/commons-beanutils/1.9.3/commons-beanutils-1.9.3.jar:/root/.m2/repository/org/apache/commons/commons-configuration2/2.1.1/commons-configuration2-2.1.1.jar:/root/.m2/repository/org/apache/commons/commons-lang3/3.7/commons-lang3-3.7.jar:/root/.m2/repository/org/apache/commons/commons-text/1.4/commons-text-1.4.jar:/root/.m2/repository/org/apache/avro/avro/1.7.7/avro-1.7.7.jar:/root/.m2/repository/com/thoughtworks/paranamer/paranamer/2.3/paranamer-2.3.jar:/root/.m2/repository/org/xerial/snappy/snappy-java/1.0.5/snappy-java-1.0.5.jar:/root/.m2/repository/com/google/re2j/re2j/1.1/re2j-1.1.jar:/root/.m2/repository/com/google/code/gson/gson/2.2.4/gson-2.2.4.jar:/root/.m2/repository/com/jcraft/jsch/0.1.54/jsch-0.1.54.jar:/root/.m2/repository/org/apache/curator/curator-client/2.12.0/curator-client-2.12.0.jar:/root/.m2/repository/org/apache/curator/curator-recipes/2.12.0/curator-recipes-2.12.0.jar:/root/.m2/repository/com/google/code/findbugs/jsr305/3.0.0/jsr305-3.0.0.jar:/root/.m2/repository/org/apache/htrace/htrace-core4/4.1.0-incubating/htrace-core4-4.1.0-incubating.jar:/root/.m2/repository/org/apache/zookeeper/zookeeper/3.4.13/zookeeper-3.4.13.jar:/root/.m2/repository/org/apache/yetus/audience-annotations/0.5.0/audience-annotations-0.5.0.jar:/root/.m2/repository/org/codehaus/woodstox/stax2-api/3.1.4/stax2-api-3.1.4.jar:/root/.m2/repository/com/fasterxml/woodstox/woodstox-core/5.0.3/woodstox-core-5.0.3.jar:/root/.m2/repository/dnsjava/dnsjava/2.1.7/dnsjava-2.1.7.jar:/root/.m2/repository/org/apache/hadoop/hadoop-hdfs/3.2.0/hadoop-hdfs-3.2.0-tests.jar:/root/.m2/repository/org/eclipse/jetty/jetty-util-ajax/9.3.24.v20180605/jetty-util-ajax-9.3.24.v20180605.jar:/root/.m2/repository/commons-daemon/commons-daemon/1.0.13/commons-daemon-1.0.13.jar:/root/.m2/repository/io/netty/netty/3.10.5.Final/netty-3.10.5.Final.jar:/root/.m2/repository/io/netty/netty-all/4.0.52.Final/netty-all-4.0.52.Final.jar:/root/.m2/repository/org/fusesource/leveldbjni/leveldbjni-all/1.8/leveldbjni-all-1.8.jar:"/>
    <property name="java.vm.vendor" value="IcedTea"/>
    <property name="sun.arch.data.model" value="64"/>
    <property name="test.build.dir" value="/opt/src/hadoop-ozone/integration-test/target/test-dir"/>
    <property name="test.cache.data" value=""/>
    <property name="java.vendor.url" value="https://icedtea.classpath.org"/>
    <property name="user.timezone" value=""/>
    <property name="java.vm.specification.version" value="1.8"/>
    <property name="os.name" value="Linux"/>
    <property name="test.build.data" value="/opt/src/hadoop-ozone/integration-test/target/test-dir"/>
    <property name="user.country" value="US"/>
    <property name="sun.java.launcher" value="SUN_STANDARD"/>
    <property name="sun.boot.library.path" value="/usr/lib/jvm/java-1.8-openjdk/jre/lib/amd64"/>
    <property name="sun.java.command" value="/opt/src/hadoop-ozone/integration-test/target/surefire/surefirebooter7441094848999398004.jar /opt/src/hadoop-ozone/integration-test/target/surefire 2019-06-14T08-43-33_483-jvmRun1 surefire8250813751594385270tmp surefire_188412759000776448tmp"/>
    <property name="surefire.test.class.path" value="/opt/src/hadoop-ozone/integration-test/target/test-classes:/opt/src/hadoop-ozone/integration-test/target/classes:/root/.m2/repository/org/apache/hadoop/hadoop-ozone-common/0.5.0-SNAPSHOT/hadoop-ozone-common-0.5.0-SNAPSHOT.jar:/root/.m2/repository/org/apache/commons/commons-compress/1.4.1/commons-compress-1.4.1.jar:/root/.m2/repository/org/tukaani/xz/1.0/xz-1.0.jar:/root/.m2/repository/org/apache/hadoop/hadoop-common/3.2.0/hadoop-common-3.2.0.jar:/root/.m2/repository/org/apache/hadoop/hadoop-hdfs/3.2.0/hadoop-hdfs-3.2.0.jar:/root/.m2/repository/org/apache/hadoop/hadoop-hdfs-client/3.2.0/hadoop-hdfs-client-3.2.0.jar:/root/.m2/repository/com/fasterxml/jackson/core/jackson-annotations/2.9.5/jackson-annotations-2.9.5.jar:/root/.m2/repository/org/apache/hadoop/hadoop-hdds-common/0.5.0-SNAPSHOT/hadoop-hdds-common-0.5.0-SNAPSHOT.jar:/root/.m2/repository/javax/annotation/javax.annotation-api/1.2/javax.annotation-api-1.2.jar:/root/.m2/repository/org/apache/ratis/ratis-server/0.4.0-fe2b15d-SNAPSHOT/ratis-server-0.4.0-fe2b15d-SNAPSHOT.jar:/root/.m2/repository/org/apache/ratis/ratis-thirdparty-misc/0.2.0/ratis-thirdparty-misc-0.2.0.jar:/root/.m2/repository/org/apache/ratis/ratis-proto/0.4.0-fe2b15d-SNAPSHOT/ratis-proto-0.4.0-fe2b15d-SNAPSHOT.jar:/root/.m2/repository/org/apache/ratis/ratis-common/0.4.0-fe2b15d-SNAPSHOT/ratis-common-0.4.0-fe2b15d-SNAPSHOT.jar:/root/.m2/repository/org/apache/ratis/ratis-client/0.4.0-fe2b15d-SNAPSHOT/ratis-client-0.4.0-fe2b15d-SNAPSHOT.jar:/root/.m2/repository/org/apache/ratis/ratis-netty/0.4.0-fe2b15d-SNAPSHOT/ratis-netty-0.4.0-fe2b15d-SNAPSHOT.jar:/root/.m2/repository/org/apache/ratis/ratis-grpc/0.4.0-fe2b15d-SNAPSHOT/ratis-grpc-0.4.0-fe2b15d-SNAPSHOT.jar:/root/.m2/repository/org/rocksdb/rocksdbjni/5.14.2/rocksdbjni-5.14.2.jar:/root/.m2/repository/org/apache/logging/log4j/log4j-api/2.11.0/log4j-api-2.11.0.jar:/root/.m2/repository/org/apache/logging/log4j/log4j-core/2.11.0/log4j-core-2.11.0.jar:/root/.m2/repository/com/lmax/disruptor/3.4.2/disruptor-3.4.2.jar:/root/.m2/repository/org/apache/commons/commons-pool2/2.6.0/commons-pool2-2.6.0.jar:/root/.m2/repository/org/bouncycastle/bcpkix-jdk15on/1.60/bcpkix-jdk15on-1.60.jar:/root/.m2/repository/commons-validator/commons-validator/1.6/commons-validator-1.6.jar:/root/.m2/repository/commons-digester/commons-digester/1.8.1/commons-digester-1.8.1.jar:/root/.m2/repository/io/jaegertracing/jaeger-client/0.33.1/jaeger-client-0.33.1.jar:/root/.m2/repository/io/jaegertracing/jaeger-thrift/0.33.1/jaeger-thrift-0.33.1.jar:/root/.m2/repository/org/apache/thrift/libthrift/0.11.0/libthrift-0.11.0.jar:/root/.m2/repository/com/squareup/okhttp3/okhttp/3.9.0/okhttp-3.9.0.jar:/root/.m2/repository/com/squareup/okio/okio/1.13.0/okio-1.13.0.jar:/root/.m2/repository/io/jaegertracing/jaeger-core/0.33.1/jaeger-core-0.33.1.jar:/root/.m2/repository/io/jaegertracing/jaeger-tracerresolver/0.33.1/jaeger-tracerresolver-0.33.1.jar:/root/.m2/repository/io/opentracing/contrib/opentracing-tracerresolver/0.1.5/opentracing-tracerresolver-0.1.5.jar:/root/.m2/repository/io/opentracing/opentracing-util/0.31.0/opentracing-util-0.31.0.jar:/root/.m2/repository/io/opentracing/opentracing-api/0.31.0/opentracing-api-0.31.0.jar:/root/.m2/repository/io/opentracing/opentracing-noop/0.31.0/opentracing-noop-0.31.0.jar:/root/.m2/repository/org/apache/hadoop/hadoop-hdds-server-framework/0.5.0-SNAPSHOT/hadoop-hdds-server-framework-0.5.0-SNAPSHOT.jar:/root/.m2/repository/org/apache/hadoop/hadoop-hdds-server-scm/0.5.0-SNAPSHOT/hadoop-hdds-server-scm-0.5.0-SNAPSHOT.jar:/root/.m2/repository/org/apache/hadoop/hadoop-hdds-container-service/0.5.0-SNAPSHOT/hadoop-hdds-container-service-0.5.0-SNAPSHOT.jar:/root/.m2/repository/org/apache/hadoop/hadoop-hdds-client/0.5.0-SNAPSHOT/hadoop-hdds-client-0.5.0-SNAPSHOT.jar:/root/.m2/repository/org/apache/hadoop/hadoop-hdds-tools/0.5.0-SNAPSHOT/hadoop-hdds-tools-0.5.0-SNAPSHOT.jar:/root/.m2/repository/org/apache/hadoop/hadoop-ozone-ozone-manager/0.5.0-SNAPSHOT/hadoop-ozone-ozone-manager-0.5.0-SNAPSHOT.jar:/root/.m2/repository/org/apache/hadoop/hadoop-hdds-docs/0.5.0-SNAPSHOT/hadoop-hdds-docs-0.5.0-SNAPSHOT.jar:/root/.m2/repository/org/bouncycastle/bcprov-jdk15on/1.60/bcprov-jdk15on-1.60.jar:/root/.m2/repository/org/apache/hadoop/hadoop-minikdc/3.2.0/hadoop-minikdc-3.2.0.jar:/root/.m2/repository/commons-io/commons-io/2.5/commons-io-2.5.jar:/root/.m2/repository/org/apache/kerby/kerb-simplekdc/1.0.1/kerb-simplekdc-1.0.1.jar:/root/.m2/repository/org/apache/kerby/kerb-client/1.0.1/kerb-client-1.0.1.jar:/root/.m2/repository/org/apache/kerby/kerby-config/1.0.1/kerby-config-1.0.1.jar:/root/.m2/repository/org/apache/kerby/kerb-core/1.0.1/kerb-core-1.0.1.jar:/root/.m2/repository/org/apache/kerby/kerby-pkix/1.0.1/kerby-pkix-1.0.1.jar:/root/.m2/repository/org/apache/kerby/kerby-asn1/1.0.1/kerby-asn1-1.0.1.jar:/root/.m2/repository/org/apache/kerby/kerby-util/1.0.1/kerby-util-1.0.1.jar:/root/.m2/repository/org/apache/kerby/kerb-common/1.0.1/kerb-common-1.0.1.jar:/root/.m2/repository/org/apache/kerby/kerb-crypto/1.0.1/kerb-crypto-1.0.1.jar:/root/.m2/repository/org/apache/kerby/kerb-util/1.0.1/kerb-util-1.0.1.jar:/root/.m2/repository/org/apache/kerby/token-provider/1.0.1/token-provider-1.0.1.jar:/root/.m2/repository/org/apache/kerby/kerb-admin/1.0.1/kerb-admin-1.0.1.jar:/root/.m2/repository/org/apache/kerby/kerb-server/1.0.1/kerb-server-1.0.1.jar:/root/.m2/repository/org/apache/kerby/kerb-identity/1.0.1/kerb-identity-1.0.1.jar:/root/.m2/repository/org/apache/kerby/kerby-xdr/1.0.1/kerby-xdr-1.0.1.jar:/root/.m2/repository/org/slf4j/slf4j-log4j12/1.7.25/slf4j-log4j12-1.7.25.jar:/root/.m2/repository/org/apache/hadoop/hadoop-ozone-objectstore-service/0.5.0-SNAPSHOT/hadoop-ozone-objectstore-service-0.5.0-SNAPSHOT.jar:/root/.m2/repository/org/apache/hadoop/hadoop-ozone-s3gateway/0.5.0-SNAPSHOT/hadoop-ozone-s3gateway-0.5.0-SNAPSHOT.jar:/root/.m2/repository/org/jboss/weld/servlet/weld-servlet/2.4.7.Final/weld-servlet-2.4.7.Final.jar:/root/.m2/repository/org/glassfish/jersey/containers/jersey-container-servlet-core/2.27/jersey-container-servlet-core-2.27.jar:/root/.m2/repository/org/glassfish/hk2/external/javax.inject/2.5.0-b42/javax.inject-2.5.0-b42.jar:/root/.m2/repository/org/glassfish/jersey/core/jersey-common/2.27/jersey-common-2.27.jar:/root/.m2/repository/org/glassfish/hk2/osgi-resource-locator/1.0.1/osgi-resource-locator-1.0.1.jar:/root/.m2/repository/javax/ws/rs/javax.ws.rs-api/2.1/javax.ws.rs-api-2.1.jar:/root/.m2/repository/org/glassfish/jersey/ext/cdi/jersey-cdi1x/2.27/jersey-cdi1x-2.27.jar:/root/.m2/repository/org/glassfish/jersey/inject/jersey-hk2/2.27/jersey-hk2-2.27.jar:/root/.m2/repository/org/glassfish/hk2/hk2-locator/2.5.0-b42/hk2-locator-2.5.0-b42.jar:/root/.m2/repository/org/javassist/javassist/3.22.0-CR2/javassist-3.22.0-CR2.jar:/root/.m2/repository/org/glassfish/hk2/hk2-api/2.5.0/hk2-api-2.5.0.jar:/root/.m2/repository/org/glassfish/hk2/external/jakarta.inject/2.5.0/jakarta.inject-2.5.0.jar:/root/.m2/repository/org/glassfish/hk2/hk2-utils/2.5.0/hk2-utils-2.5.0.jar:/root/.m2/repository/jakarta/annotation/jakarta.annotation-api/1.3.4/jakarta.annotation-api-1.3.4.jar:/root/.m2/repository/org/glassfish/hk2/external/aopalliance-repackaged/2.5.0/aopalliance-repackaged-2.5.0.jar:/root/.m2/repository/com/fasterxml/jackson/dataformat/jackson-dataformat-xml/2.9.0/jackson-dataformat-xml-2.9.0.jar:/root/.m2/repository/com/fasterxml/jackson/core/jackson-core/2.9.5/jackson-core-2.9.5.jar:/root/.m2/repository/com/fasterxml/jackson/module/jackson-module-jaxb-annotations/2.9.5/jackson-module-jaxb-annotations-2.9.5.jar:/root/.m2/repository/javax/enterprise/cdi-api/1.2/cdi-api-1.2.jar:/root/.m2/repository/javax/el/javax.el-api/3.0.0/javax.el-api-3.0.0.jar:/root/.m2/repository/javax/interceptor/javax.interceptor-api/1.2/javax.interceptor-api-1.2.jar:/root/.m2/repository/javax/inject/javax.inject/1/javax.inject-1.jar:/root/.m2/repository/com/sun/xml/bind/jaxb-impl/2.3.0.1/jaxb-impl-2.3.0.1.jar:/root/.m2/repository/com/sun/xml/bind/jaxb-core/2.3.0.1/jaxb-core-2.3.0.1.jar:/root/.m2/repository/javax/xml/bind/jaxb-api/2.3.0/jaxb-api-2.3.0.jar:/root/.m2/repository/javax/activation/activation/1.1.1/activation-1.1.1.jar:/root/.m2/repository/org/apache/hadoop/hadoop-ozone-csi/0.5.0-SNAPSHOT/hadoop-ozone-csi-0.5.0-SNAPSHOT.jar:/root/.m2/repository/com/google/protobuf/protobuf-java-util/3.5.1/protobuf-java-util-3.5.1.jar:/root/.m2/repository/org/apache/hadoop/hadoop-hdds-config/0.5.0-SNAPSHOT/hadoop-hdds-config-0.5.0-SNAPSHOT.jar:/root/.m2/repository/com/google/guava/guava/11.0.2/guava-11.0.2.jar:/root/.m2/repository/com/google/protobuf/protobuf-java/2.5.0/protobuf-java-2.5.0.jar:/root/.m2/repository/io/grpc/grpc-netty/1.17.1/grpc-netty-1.17.1.jar:/root/.m2/repository/io/grpc/grpc-core/1.17.1/grpc-core-1.17.1.jar:/root/.m2/repository/io/grpc/grpc-context/1.17.1/grpc-context-1.17.1.jar:/root/.m2/repository/com/google/errorprone/error_prone_annotations/2.2.0/error_prone_annotations-2.2.0.jar:/root/.m2/repository/org/codehaus/mojo/animal-sniffer-annotations/1.17/animal-sniffer-annotations-1.17.jar:/root/.m2/repository/io/opencensus/opencensus-api/0.17.0/opencensus-api-0.17.0.jar:/root/.m2/repository/io/opencensus/opencensus-contrib-grpc-metrics/0.17.0/opencensus-contrib-grpc-metrics-0.17.0.jar:/root/.m2/repository/io/netty/netty-codec-http2/4.1.30.Final/netty-codec-http2-4.1.30.Final.jar:/root/.m2/repository/io/netty/netty-codec-http/4.1.30.Final/netty-codec-http-4.1.30.Final.jar:/root/.m2/repository/io/netty/netty-codec/4.1.30.Final/netty-codec-4.1.30.Final.jar:/root/.m2/repository/io/netty/netty-handler/4.1.30.Final/netty-handler-4.1.30.Final.jar:/root/.m2/repository/io/netty/netty-handler-proxy/4.1.30.Final/netty-handler-proxy-4.1.30.Final.jar:/root/.m2/repository/io/netty/netty-codec-socks/4.1.30.Final/netty-codec-socks-4.1.30.Final.jar:/root/.m2/repository/io/netty/netty-transport-native-epoll/4.1.30.Final/netty-transport-native-epoll-4.1.30.Final.jar:/root/.m2/repository/io/netty/netty-common/4.1.30.Final/netty-common-4.1.30.Final.jar:/root/.m2/repository/io/netty/netty-buffer/4.1.30.Final/netty-buffer-4.1.30.Final.jar:/root/.m2/repository/io/netty/netty-transport/4.1.30.Final/netty-transport-4.1.30.Final.jar:/root/.m2/repository/io/netty/netty-resolver/4.1.30.Final/netty-resolver-4.1.30.Final.jar:/root/.m2/repository/io/netty/netty-transport-native-unix-common/4.1.30.Final/netty-transport-native-unix-common-4.1.30.Final.jar:/root/.m2/repository/io/grpc/grpc-protobuf/1.17.1/grpc-protobuf-1.17.1.jar:/root/.m2/repository/com/google/api/grpc/proto-google-common-protos/1.0.0/proto-google-common-protos-1.0.0.jar:/root/.m2/repository/io/grpc/grpc-protobuf-lite/1.17.1/grpc-protobuf-lite-1.17.1.jar:/root/.m2/repository/io/grpc/grpc-stub/1.17.1/grpc-stub-1.17.1.jar:/root/.m2/repository/org/apache/hadoop/hadoop-ozone-recon/0.5.0-SNAPSHOT/hadoop-ozone-recon-0.5.0-SNAPSHOT.jar:/root/.m2/repository/org/apache/hadoop/hadoop-ozone-reconcodegen/0.5.0-SNAPSHOT/hadoop-ozone-reconcodegen-0.5.0-SNAPSHOT.jar:/root/.m2/repository/com/google/inject/extensions/guice-multibindings/4.0/guice-multibindings-4.0.jar:/root/.m2/repository/com/google/inject/guice/4.0/guice-4.0.jar:/root/.m2/repository/aopalliance/aopalliance/1.0/aopalliance-1.0.jar:/root/.m2/repository/com/google/inject/extensions/guice-servlet/4.0/guice-servlet-4.0.jar:/root/.m2/repository/org/glassfish/jersey/containers/jersey-container-servlet/2.27/jersey-container-servlet-2.27.jar:/root/.m2/repository/org/glassfish/hk2/guice-bridge/2.5.0/guice-bridge-2.5.0.jar:/root/.m2/repository/org/glassfish/jersey/core/jersey-server/2.27/jersey-server-2.27.jar:/root/.m2/repository/org/glassfish/jersey/core/jersey-client/2.27/jersey-client-2.27.jar:/root/.m2/repository/org/glassfish/jersey/media/jersey-media-jaxb/2.27/jersey-media-jaxb-2.27.jar:/root/.m2/repository/javax/validation/validation-api/1.1.0.Final/validation-api-1.1.0.Final.jar:/root/.m2/repository/org/glassfish/jersey/media/jersey-media-json-jackson/2.27/jersey-media-json-jackson-2.27.jar:/root/.m2/repository/org/glassfish/jersey/ext/jersey-entity-filtering/2.27/jersey-entity-filtering-2.27.jar:/root/.m2/repository/com/google/inject/extensions/guice-assistedinject/4.0/guice-assistedinject-4.0.jar:/root/.m2/repository/org/jooq/jooq/3.11.10/jooq-3.11.10.jar:/root/.m2/repository/org/jooq/jooq-meta/3.11.10/jooq-meta-3.11.10.jar:/root/.m2/repository/org/jooq/jooq-codegen/3.11.10/jooq-codegen-3.11.10.jar:/root/.m2/repository/com/jolbox/bonecp/0.8.0.RELEASE/bonecp-0.8.0.RELEASE.jar:/root/.m2/repository/org/xerial/sqlite-jdbc/3.25.2/sqlite-jdbc-3.25.2.jar:/root/.m2/repository/org/springframework/spring-jdbc/5.1.3.RELEASE/spring-jdbc-5.1.3.RELEASE.jar:/root/.m2/repository/org/springframework/spring-beans/5.1.3.RELEASE/spring-beans-5.1.3.RELEASE.jar:/root/.m2/repository/org/springframework/spring-core/5.1.3.RELEASE/spring-core-5.1.3.RELEASE.jar:/root/.m2/repository/org/springframework/spring-jcl/5.1.3.RELEASE/spring-jcl-5.1.3.RELEASE.jar:/root/.m2/repository/org/springframework/spring-tx/5.1.3.RELEASE/spring-tx-5.1.3.RELEASE.jar:/root/.m2/repository/org/apache/hadoop/hadoop-ozone-client/0.5.0-SNAPSHOT/hadoop-ozone-client-0.5.0-SNAPSHOT.jar:/root/.m2/repository/org/apache/hadoop/hadoop-ozone-ozone-manager/0.5.0-SNAPSHOT/hadoop-ozone-ozone-manager-0.5.0-SNAPSHOT-tests.jar:/root/.m2/repository/junit/junit/4.11/junit-4.11.jar:/root/.m2/repository/org/hamcrest/hamcrest-core/1.3/hamcrest-core-1.3.jar:/root/.m2/repository/org/openjdk/jmh/jmh-core/1.19/jmh-core-1.19.jar:/root/.m2/repository/net/sf/jopt-simple/jopt-simple/4.6/jopt-simple-4.6.jar:/root/.m2/repository/org/apache/commons/commons-math3/3.1.1/commons-math3-3.1.1.jar:/root/.m2/repository/org/openjdk/jmh/jmh-generator-annprocess/1.19/jmh-generator-annprocess-1.19.jar:/root/.m2/repository/org/mockito/mockito-all/1.8.5/mockito-all-1.8.5.jar:/root/.m2/repository/org/apache/hadoop/hadoop-kms/3.2.0/hadoop-kms-3.2.0.jar:/root/.m2/repository/org/apache/hadoop/hadoop-auth/3.2.0/hadoop-auth-3.2.0.jar:/root/.m2/repository/com/nimbusds/nimbus-jose-jwt/4.41.1/nimbus-jose-jwt-4.41.1.jar:/root/.m2/repository/com/github/stephenc/jcip/jcip-annotations/1.0-1/jcip-annotations-1.0-1.jar:/root/.m2/repository/net/minidev/json-smart/2.3/json-smart-2.3.jar:/root/.m2/repository/net/minidev/accessors-smart/1.2/accessors-smart-1.2.jar:/root/.m2/repository/org/ow2/asm/asm/5.0.4/asm-5.0.4.jar:/root/.m2/repository/org/apache/curator/curator-framework/2.12.0/curator-framework-2.12.0.jar:/root/.m2/repository/com/sun/jersey/jersey-core/1.19/jersey-core-1.19.jar:/root/.m2/repository/javax/ws/rs/jsr311-api/1.1.1/jsr311-api-1.1.1.jar:/root/.m2/repository/com/sun/jersey/jersey-server/1.19/jersey-server-1.19.jar:/root/.m2/repository/javax/servlet/javax.servlet-api/3.1.0/javax.servlet-api-3.1.0.jar:/root/.m2/repository/org/eclipse/jetty/jetty-server/9.3.24.v20180605/jetty-server-9.3.24.v20180605.jar:/root/.m2/repository/org/eclipse/jetty/jetty-http/9.3.24.v20180605/jetty-http-9.3.24.v20180605.jar:/root/.m2/repository/org/eclipse/jetty/jetty-io/9.3.24.v20180605/jetty-io-9.3.24.v20180605.jar:/root/.m2/repository/org/eclipse/jetty/jetty-webapp/9.3.24.v20180605/jetty-webapp-9.3.24.v20180605.jar:/root/.m2/repository/org/eclipse/jetty/jetty-xml/9.3.24.v20180605/jetty-xml-9.3.24.v20180605.jar:/root/.m2/repository/log4j/log4j/1.2.17/log4j-1.2.17.jar:/root/.m2/repository/org/slf4j/slf4j-api/1.7.25/slf4j-api-1.7.25.jar:/root/.m2/repository/org/slf4j/jul-to-slf4j/1.7.25/jul-to-slf4j-1.7.25.jar:/root/.m2/repository/org/eclipse/jetty/jetty-util/9.3.24.v20180605/jetty-util-9.3.24.v20180605.jar:/root/.m2/repository/io/dropwizard/metrics/metrics-core/3.2.4/metrics-core-3.2.4.jar:/root/.m2/repository/com/fasterxml/jackson/core/jackson-databind/2.9.5/jackson-databind-2.9.5.jar:/root/.m2/repository/org/apache/hadoop/hadoop-kms/3.2.0/hadoop-kms-3.2.0-tests.jar:/root/.m2/repository/org/apache/hadoop/hadoop-hdds-server-scm/0.5.0-SNAPSHOT/hadoop-hdds-server-scm-0.5.0-SNAPSHOT-tests.jar:/root/.m2/repository/org/hamcrest/hamcrest-all/1.3/hamcrest-all-1.3.jar:/root/.m2/repository/info/picocli/picocli/3.9.6/picocli-3.9.6.jar:/root/.m2/repository/org/apache/hadoop/hadoop-hdds-container-service/0.5.0-SNAPSHOT/hadoop-hdds-container-service-0.5.0-SNAPSHOT-tests.jar:/root/.m2/repository/org/yaml/snakeyaml/1.16/snakeyaml-1.16.jar:/root/.m2/repository/org/apache/hadoop/hadoop-common/3.2.0/hadoop-common-3.2.0-tests.jar:/root/.m2/repository/org/apache/hadoop/hadoop-annotations/3.2.0/hadoop-annotations-3.2.0.jar:/usr/lib/jvm/java-1.8-openjdk/jre/../lib/tools.jar:/root/.m2/repository/commons-cli/commons-cli/1.2/commons-cli-1.2.jar:/root/.m2/repository/org/apache/httpcomponents/httpclient/4.5.2/httpclient-4.5.2.jar:/root/.m2/repository/org/apache/httpcomponents/httpcore/4.4.4/httpcore-4.4.4.jar:/root/.m2/repository/commons-codec/commons-codec/1.11/commons-codec-1.11.jar:/root/.m2/repository/commons-net/commons-net/3.6/commons-net-3.6.jar:/root/.m2/repository/commons-collections/commons-collections/3.2.2/commons-collections-3.2.2.jar:/root/.m2/repository/org/eclipse/jetty/jetty-servlet/9.3.24.v20180605/jetty-servlet-9.3.24.v20180605.jar:/root/.m2/repository/org/eclipse/jetty/jetty-security/9.3.24.v20180605/jetty-security-9.3.24.v20180605.jar:/root/.m2/repository/javax/servlet/jsp/jsp-api/2.1/jsp-api-2.1.jar:/root/.m2/repository/com/sun/jersey/jersey-servlet/1.19/jersey-servlet-1.19.jar:/root/.m2/repository/com/sun/jersey/jersey-json/1.19/jersey-json-1.19.jar:/root/.m2/repository/org/codehaus/jettison/jettison/1.1/jettison-1.1.jar:/root/.m2/repository/org/codehaus/jackson/jackson-core-asl/1.9.13/jackson-core-asl-1.9.13.jar:/root/.m2/repository/org/codehaus/jackson/jackson-mapper-asl/1.9.13/jackson-mapper-asl-1.9.13.jar:/root/.m2/repository/org/codehaus/jackson/jackson-jaxrs/1.9.13/jackson-jaxrs-1.9.13.jar:/root/.m2/repository/org/codehaus/jackson/jackson-xc/1.9.13/jackson-xc-1.9.13.jar:/root/.m2/repository/commons-logging/commons-logging/1.1.3/commons-logging-1.1.3.jar:/root/.m2/repository/commons-beanutils/commons-beanutils/1.9.3/commons-beanutils-1.9.3.jar:/root/.m2/repository/org/apache/commons/commons-configuration2/2.1.1/commons-configuration2-2.1.1.jar:/root/.m2/repository/org/apache/commons/commons-lang3/3.7/commons-lang3-3.7.jar:/root/.m2/repository/org/apache/commons/commons-text/1.4/commons-text-1.4.jar:/root/.m2/repository/org/apache/avro/avro/1.7.7/avro-1.7.7.jar:/root/.m2/repository/com/thoughtworks/paranamer/paranamer/2.3/paranamer-2.3.jar:/root/.m2/repository/org/xerial/snappy/snappy-java/1.0.5/snappy-java-1.0.5.jar:/root/.m2/repository/com/google/re2j/re2j/1.1/re2j-1.1.jar:/root/.m2/repository/com/google/code/gson/gson/2.2.4/gson-2.2.4.jar:/root/.m2/repository/com/jcraft/jsch/0.1.54/jsch-0.1.54.jar:/root/.m2/repository/org/apache/curator/curator-client/2.12.0/curator-client-2.12.0.jar:/root/.m2/repository/org/apache/curator/curator-recipes/2.12.0/curator-recipes-2.12.0.jar:/root/.m2/repository/com/google/code/findbugs/jsr305/3.0.0/jsr305-3.0.0.jar:/root/.m2/repository/org/apache/htrace/htrace-core4/4.1.0-incubating/htrace-core4-4.1.0-incubating.jar:/root/.m2/repository/org/apache/zookeeper/zookeeper/3.4.13/zookeeper-3.4.13.jar:/root/.m2/repository/org/apache/yetus/audience-annotations/0.5.0/audience-annotations-0.5.0.jar:/root/.m2/repository/org/codehaus/woodstox/stax2-api/3.1.4/stax2-api-3.1.4.jar:/root/.m2/repository/com/fasterxml/woodstox/woodstox-core/5.0.3/woodstox-core-5.0.3.jar:/root/.m2/repository/dnsjava/dnsjava/2.1.7/dnsjava-2.1.7.jar:/root/.m2/repository/org/apache/hadoop/hadoop-hdfs/3.2.0/hadoop-hdfs-3.2.0-tests.jar:/root/.m2/repository/org/eclipse/jetty/jetty-util-ajax/9.3.24.v20180605/jetty-util-ajax-9.3.24.v20180605.jar:/root/.m2/repository/commons-daemon/commons-daemon/1.0.13/commons-daemon-1.0.13.jar:/root/.m2/repository/io/netty/netty/3.10.5.Final/netty-3.10.5.Final.jar:/root/.m2/repository/io/netty/netty-all/4.0.52.Final/netty-all-4.0.52.Final.jar:/root/.m2/repository/org/fusesource/leveldbjni/leveldbjni-all/1.8/leveldbjni-all-1.8.jar:"/>
    <property name="sun.cpu.endian" value="little"/>
    <property name="user.home" value="/root"/>
    <property name="user.language" value="en"/>
    <property name="java.specification.vendor" value="Oracle Corporation"/>
    <property name="java.home" value="/usr/lib/jvm/java-1.8-openjdk/jre"/>
    <property name="java.security.krb5.conf" value="/opt/src/hadoop-ozone/integration-test/target/test-classes/krb5.conf"/>
    <property name="basedir" value="/opt/src/hadoop-ozone/integration-test"/>
    <property name="file.separator" value="/"/>
    <property name="line.separator" value="&#10;"/>
    <property name="java.vm.specification.vendor" value="Oracle Corporation"/>
    <property name="java.specification.name" value="Java Platform API Specification"/>
    <property name="java.awt.graphicsenv" value="sun.awt.X11GraphicsEnvironment"/>
    <property name="surefire.real.class.path" value="/opt/src/hadoop-ozone/integration-test/target/surefire/surefirebooter7441094848999398004.jar"/>
    <property name="hadoop.log.dir" value="/opt/src/hadoop-ozone/integration-test/target/log"/>
    <property name="sun.boot.class.path" value="/usr/lib/jvm/java-1.8-openjdk/jre/lib/resources.jar:/usr/lib/jvm/java-1.8-openjdk/jre/lib/rt.jar:/usr/lib/jvm/java-1.8-openjdk/jre/lib/sunrsasign.jar:/usr/lib/jvm/java-1.8-openjdk/jre/lib/jsse.jar:/usr/lib/jvm/java-1.8-openjdk/jre/lib/jce.jar:/usr/lib/jvm/java-1.8-openjdk/jre/lib/charsets.jar:/usr/lib/jvm/java-1.8-openjdk/jre/lib/jfr.jar:/usr/lib/jvm/java-1.8-openjdk/jre/classes"/>
    <property name="sun.management.compiler" value="HotSpot 64-Bit Tiered Compilers"/>
    <property name="java.runtime.version" value="1.8.0_212-b04"/>
    <property name="java.net.preferIPv4Stack" value="true"/>
    <property name="user.name" value="root"/>
    <property name="path.separator" value=":"/>
    <property name="java.security.egd" value="file:///dev/urandom"/>
    <property name="os.version" value="4.15.0-1021-aws"/>
    <property name="java.endorsed.dirs" value="/usr/lib/jvm/java-1.8-openjdk/jre/lib/endorsed"/>
    <property name="java.runtime.name" value="OpenJDK Runtime Environment"/>
    <property name="file.encoding" value="UTF-8"/>
    <property name="java.vm.name" value="OpenJDK 64-Bit Server VM"/>
    <property name="test.build.webapps" value=""/>
    <property name="localRepository" value="/root/.m2/repository"/>
    <property name="java.vendor.url.bug" value="https://icedtea.classpath.org/bugzilla"/>
    <property name="java.io.tmpdir" value="/tmp"/>
    <property name="require.test.libhadoop" value=""/>
    <property name="java.version" value="1.8.0_212"/>
    <property name="user.dir" value="/opt/src/hadoop-ozone/integration-test"/>
    <property name="os.arch" value="amd64"/>
    <property name="java.vm.specification.name" value="Java Virtual Machine Specification"/>
    <property name="test.build.classes" value="/opt/src/hadoop-ozone/integration-test/target/test-classes"/>
    <property name="java.awt.printerjob" value="sun.print.PSPrinterJob"/>
    <property name="sun.os.patch.level" value="unknown"/>
    <property name="hadoop.tmp.dir" value="/opt/src/hadoop-ozone/integration-test/target/tmp"/>
    <property name="java.library.path" value="/usr/lib/jvm/java-1.8-openjdk/jre/lib/amd64/server:/usr/lib/jvm/java-1.8-openjdk/jre/lib/amd64:/usr/lib/jvm/java-1.8-openjdk/jre/../lib/amd64:/opt/src/hadoop-ozone/integration-test/target/native/target/usr/local/lib:/opt/src/hadoop-ozone/integration-test/../../hadoop-common-project/hadoop-common/target/native/target/usr/local/lib:/usr/java/packages/lib/amd64:/usr/lib64:/lib64:/lib:/usr/lib"/>
    <property name="java.vm.info" value="mixed mode"/>
    <property name="java.vendor" value="IcedTea"/>
    <property name="java.vm.version" value="25.212-b04"/>
    <property name="java.ext.dirs" value="/usr/lib/jvm/java-1.8-openjdk/jre/lib/ext:/usr/java/packages/lib/ext"/>
    <property name="sun.io.unicode.encoding" value="UnicodeLittle"/>
    <property name="java.class.version" value="52.0"/>
  </properties>
  <testcase name="test2DatanodesFailure" classname="org.apache.hadoop.ozone.client.rpc.TestBlockOutputStreamWithFailures" time="84.56"/>
  <testcase name="testDatanodeFailureWithPreAllocation" classname="org.apache.hadoop.ozone.client.rpc.TestBlockOutputStreamWithFailures" time="199.53"/>
  <testcase name="testDatanodeFailureWithSingleNodeRatis" classname="org.apache.hadoop.ozone.client.rpc.TestBlockOutputStreamWithFailures" time="194.766"/>
  <testcase name="testWatchForCommitWithSingleNodeRatis" classname="org.apache.hadoop.ozone.client.rpc.TestBlockOutputStreamWithFailures" time="8.985"/>
  <testcase name="testWatchForCommitDatanodeFailure" classname="org.apache.hadoop.ozone.client.rpc.TestBlockOutputStreamWithFailures" time="19.055">
    <failure message="expected:&lt;2&gt; but was:&lt;3&gt;" type="java.lang.AssertionError"><![CDATA[java.lang.AssertionError: expected:<2> but was:<3>
	at org.junit.Assert.fail(Assert.java:88)
	at org.junit.Assert.failNotEquals(Assert.java:743)
	at org.junit.Assert.assertEquals(Assert.java:118)
	at org.junit.Assert.assertEquals(Assert.java:555)
	at org.junit.Assert.assertEquals(Assert.java:542)
	at org.apache.hadoop.ozone.client.rpc.TestBlockOutputStreamWithFailures.testWatchForCommitDatanodeFailure(TestBlockOutputStreamWithFailures.java:366)
	at sun.reflect.NativeMethodAccessorImpl.invoke0(Native Method)
	at sun.reflect.NativeMethodAccessorImpl.invoke(NativeMethodAccessorImpl.java:62)
	at sun.reflect.DelegatingMethodAccessorImpl.invoke(DelegatingMethodAccessorImpl.java:43)
	at java.lang.reflect.Method.invoke(Method.java:498)
	at org.junit.runners.model.FrameworkMethod$1.runReflectiveCall(FrameworkMethod.java:47)
	at org.junit.internal.runners.model.ReflectiveCallable.run(ReflectiveCallable.java:12)
	at org.junit.runners.model.FrameworkMethod.invokeExplosively(FrameworkMethod.java:44)
	at org.junit.internal.runners.statements.InvokeMethod.evaluate(InvokeMethod.java:17)
	at org.junit.internal.runners.statements.RunBefores.evaluate(RunBefores.java:26)
	at org.junit.internal.runners.statements.RunAfters.evaluate(RunAfters.java:27)
	at org.junit.runners.ParentRunner.runLeaf(ParentRunner.java:271)
	at org.junit.runners.BlockJUnit4ClassRunner.runChild(BlockJUnit4ClassRunner.java:70)
	at org.junit.runners.BlockJUnit4ClassRunner.runChild(BlockJUnit4ClassRunner.java:50)
	at org.junit.runners.ParentRunner$3.run(ParentRunner.java:238)
	at org.junit.runners.ParentRunner$1.schedule(ParentRunner.java:63)
	at org.junit.runners.ParentRunner.runChildren(ParentRunner.java:236)
	at org.junit.runners.ParentRunner.access$000(ParentRunner.java:53)
	at org.junit.runners.ParentRunner$2.evaluate(ParentRunner.java:229)
	at org.junit.runners.ParentRunner.run(ParentRunner.java:309)
	at org.apache.maven.surefire.junit4.JUnit4Provider.execute(JUnit4Provider.java:365)
	at org.apache.maven.surefire.junit4.JUnit4Provider.executeWithRerun(JUnit4Provider.java:273)
	at org.apache.maven.surefire.junit4.JUnit4Provider.executeTestSet(JUnit4Provider.java:238)
	at org.apache.maven.surefire.junit4.JUnit4Provider.invoke(JUnit4Provider.java:159)
	at org.apache.maven.surefire.booter.ForkedBooter.invokeProviderInSameClassLoader(ForkedBooter.java:384)
	at org.apache.maven.surefire.booter.ForkedBooter.runSuitesInProcess(ForkedBooter.java:345)
	at org.apache.maven.surefire.booter.ForkedBooter.execute(ForkedBooter.java:126)
	at org.apache.maven.surefire.booter.ForkedBooter.main(ForkedBooter.java:418)
]]></failure>
    <system-out><![CDATA[2019-06-14 09:01:22,575 WARN  server.ServerUtils (ServerUtils.java:getScmDbDir(145)) - ozone.scm.db.dirs is not configured. We recommend adding this setting. Falling back to ozone.metadata.dirs instead.
2019-06-14 09:01:22,578 WARN  server.ServerUtils (ServerUtils.java:getScmDbDir(145)) - ozone.scm.db.dirs is not configured. We recommend adding this setting. Falling back to ozone.metadata.dirs instead.
2019-06-14 09:01:22,579 WARN  server.ServerUtils (ServerUtils.java:getScmDbDir(145)) - ozone.scm.db.dirs is not configured. We recommend adding this setting. Falling back to ozone.metadata.dirs instead.
2019-06-14 09:01:22,579 INFO  db.DBStoreBuilder (DBStoreBuilder.java:addTable(110)) - using custom profile for table: deletedBlocks
2019-06-14 09:01:22,579 INFO  db.DBStoreBuilder (DBStoreBuilder.java:processTables(161)) - Using default column profile:DBProfile.DISK for Table:deletedBlocks
2019-06-14 09:01:22,579 INFO  db.DBStoreBuilder (DBStoreBuilder.java:addTable(110)) - using custom profile for table: validCerts
2019-06-14 09:01:22,579 INFO  db.DBStoreBuilder (DBStoreBuilder.java:processTables(161)) - Using default column profile:DBProfile.DISK for Table:validCerts
2019-06-14 09:01:22,579 INFO  db.DBStoreBuilder (DBStoreBuilder.java:addTable(110)) - using custom profile for table: revokedCerts
2019-06-14 09:01:22,580 INFO  db.DBStoreBuilder (DBStoreBuilder.java:processTables(161)) - Using default column profile:DBProfile.DISK for Table:revokedCerts
2019-06-14 09:01:22,580 INFO  db.DBStoreBuilder (DBStoreBuilder.java:addTable(110)) - using custom profile for table: default
2019-06-14 09:01:22,580 INFO  db.DBStoreBuilder (DBStoreBuilder.java:processTables(167)) - Using default column profile:DBProfile.DISK for Table:default
2019-06-14 09:01:22,580 INFO  db.DBStoreBuilder (DBStoreBuilder.java:getDbProfile(198)) - Using default options. DBProfile.DISK
2019-06-14 09:01:22,616 INFO  node.SCMNodeManager (SCMNodeManager.java:<init>(108)) - Entering startup safe mode.
2019-06-14 09:01:22,616 INFO  net.NodeSchemaLoader (NodeSchemaLoader.java:loadSchemaFromFile(125)) - Loading file from sun.misc.CompoundEnumeration@407ff25f
2019-06-14 09:01:22,616 INFO  net.NodeSchemaLoader (NodeSchemaLoader.java:loadSchema(171)) - Loading network topology layer schema file
2019-06-14 09:01:22,619 WARN  server.ServerUtils (ServerUtils.java:getScmDbDir(145)) - ozone.scm.db.dirs is not configured. We recommend adding this setting. Falling back to ozone.metadata.dirs instead.
2019-06-14 09:01:22,632 INFO  pipeline.SCMPipelineManager (SCMPipelineManager.java:initializePipelineState(126)) - No pipeline exists in current db
2019-06-14 09:01:22,632 WARN  server.ServerUtils (ServerUtils.java:getScmDbDir(145)) - ozone.scm.db.dirs is not configured. We recommend adding this setting. Falling back to ozone.metadata.dirs instead.
2019-06-14 09:01:22,645 WARN  events.EventQueue (EventQueue.java:fireEvent(175)) - No event handler registered for event TypedEvent{payloadType=SafeModeStatus, name='SafeModeStatus'}
2019-06-14 09:01:22,646 INFO  ipc.CallQueueManager (CallQueueManager.java:<init>(84)) - Using callQueue: class java.util.concurrent.LinkedBlockingQueue, queueCapacity: 2000, scheduler: class org.apache.hadoop.ipc.DefaultRpcScheduler, ipcBackoff: false.
2019-06-14 09:01:22,647 INFO  ipc.Server (Server.java:run(1074)) - Starting Socket Reader #1 for port 40453
2019-06-14 09:01:22,648 INFO  ipc.CallQueueManager (CallQueueManager.java:<init>(84)) - Using callQueue: class java.util.concurrent.LinkedBlockingQueue, queueCapacity: 2000, scheduler: class org.apache.hadoop.ipc.DefaultRpcScheduler, ipcBackoff: false.
2019-06-14 09:01:22,649 INFO  ipc.Server (Server.java:run(1074)) - Starting Socket Reader #1 for port 46709
2019-06-14 09:01:22,650 INFO  ipc.CallQueueManager (CallQueueManager.java:<init>(84)) - Using callQueue: class java.util.concurrent.LinkedBlockingQueue, queueCapacity: 2000, scheduler: class org.apache.hadoop.ipc.DefaultRpcScheduler, ipcBackoff: false.
2019-06-14 09:01:22,651 INFO  ipc.Server (Server.java:run(1074)) - Starting Socket Reader #1 for port 36167
2019-06-14 09:01:22,653 INFO  hdfs.DFSUtil (DFSUtil.java:httpServerTemplateForNNAndJN(1641)) - Starting Web-server for scm at: http://0.0.0.0:0
2019-06-14 09:01:22,654 INFO  server.AuthenticationFilter (AuthenticationFilter.java:constructSecretProvider(240)) - Unable to initialize FileSignerSecretProvider, falling back to use random secrets.
2019-06-14 09:01:22,654 WARN  http.HttpRequestLog (HttpRequestLog.java:getRequestLog(97)) - Jetty request log can only be enabled using Log4j
2019-06-14 09:01:22,655 INFO  http.HttpServer2 (HttpServer2.java:addGlobalFilter(975)) - Added global filter 'safety' (class=org.apache.hadoop.http.HttpServer2$QuotingInputFilter)
2019-06-14 09:01:22,655 INFO  http.HttpServer2 (HttpServer2.java:addFilter(948)) - Added filter static_user_filter (class=org.apache.hadoop.http.lib.StaticUserWebFilter$StaticUserFilter) to context scm
2019-06-14 09:01:22,655 INFO  http.HttpServer2 (HttpServer2.java:addFilter(958)) - Added filter static_user_filter (class=org.apache.hadoop.http.lib.StaticUserWebFilter$StaticUserFilter) to context static
2019-06-14 09:01:22,655 INFO  http.HttpServer2 (HttpServer2.java:addFilter(958)) - Added filter static_user_filter (class=org.apache.hadoop.http.lib.StaticUserWebFilter$StaticUserFilter) to context logs
2019-06-14 09:01:22,657 INFO  server.StorageContainerManager (StorageContainerManager.java:start(752)) - StorageContainerLocationProtocol RPC server is listening at /0.0.0.0:36167
2019-06-14 09:01:22,657 INFO  impl.MetricsSystemImpl (MetricsSystemImpl.java:init(158)) - StorageContainerManager metrics system started (again)
2019-06-14 09:01:22,658 INFO  server.SCMClientProtocolServer (SCMClientProtocolServer.java:start(149)) - RPC server for Client  is listening at /0.0.0.0:36167
2019-06-14 09:01:22,658 INFO  ipc.Server (Server.java:run(1314)) - IPC Server Responder: starting
2019-06-14 09:01:22,662 INFO  ipc.Server (Server.java:run(1153)) - IPC Server listener on 36167: starting
2019-06-14 09:01:22,664 INFO  server.StorageContainerManager (StorageContainerManager.java:start(761)) - ScmBlockLocationProtocol RPC server is listening at /0.0.0.0:46709
2019-06-14 09:01:22,664 INFO  server.SCMBlockProtocolServer (SCMBlockProtocolServer.java:start(137)) - RPC server for Block Protocol is listening at /0.0.0.0:46709
2019-06-14 09:01:22,665 INFO  ipc.Server (Server.java:run(1314)) - IPC Server Responder: starting
2019-06-14 09:01:22,665 INFO  ipc.Server (Server.java:run(1153)) - IPC Server listener on 46709: starting
2019-06-14 09:01:22,669 INFO  server.StorageContainerManager (StorageContainerManager.java:start(765)) - ScmDatanodeProtocl RPC server is listening at /0.0.0.0:40453
2019-06-14 09:01:22,669 INFO  server.SCMDatanodeProtocolServer (SCMDatanodeProtocolServer.java:start(191)) - RPC server for DataNodes is listening at /0.0.0.0:40453
2019-06-14 09:01:22,669 INFO  ipc.Server (Server.java:run(1314)) - IPC Server Responder: starting
2019-06-14 09:01:22,670 INFO  ipc.Server (Server.java:run(1153)) - IPC Server listener on 40453: starting
2019-06-14 09:01:22,672 INFO  http.HttpServer2 (HttpServer2.java:bindListener(1191)) - Jetty bound to port 44075
2019-06-14 09:01:22,672 INFO  server.Server (Server.java:doStart(351)) - jetty-9.3.24.v20180605, build timestamp: 2018-06-05T17:11:56Z, git hash: 84205aa28f11a4f31f2a3b86d1bba2cc8ab69827
2019-06-14 09:01:22,673 INFO  handler.ContextHandler (ContextHandler.java:doStart(781)) - Started o.e.j.s.ServletContextHandler@4fd70118{/logs,file:///opt/src/hadoop-ozone/integration-test/target/log,AVAILABLE}
2019-06-14 09:01:22,673 INFO  handler.ContextHandler (ContextHandler.java:doStart(781)) - Started o.e.j.s.ServletContextHandler@516370c1{/static,file:///opt/src/hadoop-ozone/integration-test/target/test-classes/webapps/static,AVAILABLE}
2019-06-14 09:01:22,676 INFO  handler.ContextHandler (ContextHandler.java:doStart(781)) - Started o.e.j.w.WebAppContext@77737e3e{/,file:///opt/src/hadoop-ozone/integration-test/target/test-classes/webapps/scm/,AVAILABLE}{/scm}
2019-06-14 09:01:22,676 INFO  server.AbstractConnector (AbstractConnector.java:doStart(278)) - Started ServerConnector@42e32feb{HTTP/1.1,[http/1.1]}{0.0.0.0:44075}
2019-06-14 09:01:22,677 INFO  server.Server (Server.java:doStart(419)) - Started @488380ms
2019-06-14 09:01:22,677 INFO  server.BaseHttpServer (BaseHttpServer.java:updateConnectorAddress(207)) - HTTP server of SCM is listening at http://0.0.0.0:44075
2019-06-14 09:01:22,679 WARN  scm.ScmUtils (ScmUtils.java:getDBPath(63)) - ozone.om.db.dirs is not configured. We recommend adding this setting. Falling back to ozone.metadata.dirs instead.
2019-06-14 09:01:22,679 INFO  util.JvmPauseMonitor (JvmPauseMonitor.java:run(188)) - Starting JVM pause monitor
2019-06-14 09:01:22,682 WARN  scm.ScmUtils (ScmUtils.java:getDBPath(63)) - ozone.om.db.dirs is not configured. We recommend adding this setting. Falling back to ozone.metadata.dirs instead.
2019-06-14 09:01:22,682 INFO  om.OzoneManager (OzoneManager.java:setOMNodeDetails(519)) - OM Service ID is not set. Setting it to the default ID: omServiceIdDefault
2019-06-14 09:01:22,682 INFO  om.OzoneManager (OzoneManager.java:setOMNodeDetails(525)) - OM Node ID is not set. Setting it to the OmStorage's OmID: 23507b77-adf5-42e6-85da-f36b57b613f2
2019-06-14 09:01:22,682 WARN  scm.HddsServerUtil (HddsServerUtil.java:getDefaultRatisDirectory(354)) - Storage directory for Ratis is not configured. It is a good idea to map this to an SSD disk. Falling back to ozone.metadata.dirs
2019-06-14 09:01:22,682 WARN  scm.HddsServerUtil (HddsServerUtil.java:getDefaultRatisDirectory(354)) - Storage directory for Ratis is not configured. It is a good idea to map this to an SSD disk. Falling back to ozone.metadata.dirs
2019-06-14 09:01:22,683 INFO  om.OzoneManager (OzoneManager.java:loadOMHAConfigs(476)) - Found matching OM address with OMServiceId: null, OMNodeId: null, RPC Address: localhost:0 and Ratis port: 9872
2019-06-14 09:01:22,687 WARN  scm.ScmUtils (ScmUtils.java:getDBPath(63)) - ozone.om.db.dirs is not configured. We recommend adding this setting. Falling back to ozone.metadata.dirs instead.
2019-06-14 09:01:22,688 INFO  db.DBStoreBuilder (DBStoreBuilder.java:addTable(110)) - using custom profile for table: userTable
2019-06-14 09:01:22,688 INFO  db.DBStoreBuilder (DBStoreBuilder.java:processTables(161)) - Using default column profile:DBProfile.DISK for Table:userTable
2019-06-14 09:01:22,688 INFO  db.DBStoreBuilder (DBStoreBuilder.java:addTable(110)) - using custom profile for table: volumeTable
2019-06-14 09:01:22,688 INFO  db.DBStoreBuilder (DBStoreBuilder.java:processTables(161)) - Using default column profile:DBProfile.DISK for Table:volumeTable
2019-06-14 09:01:22,688 INFO  db.DBStoreBuilder (DBStoreBuilder.java:addTable(110)) - using custom profile for table: bucketTable
2019-06-14 09:01:22,688 INFO  db.DBStoreBuilder (DBStoreBuilder.java:processTables(161)) - Using default column profile:DBProfile.DISK for Table:bucketTable
2019-06-14 09:01:22,689 INFO  db.DBStoreBuilder (DBStoreBuilder.java:addTable(110)) - using custom profile for table: keyTable
2019-06-14 09:01:22,689 INFO  db.DBStoreBuilder (DBStoreBuilder.java:processTables(161)) - Using default column profile:DBProfile.DISK for Table:keyTable
2019-06-14 09:01:22,689 INFO  db.DBStoreBuilder (DBStoreBuilder.java:addTable(110)) - using custom profile for table: deletedTable
2019-06-14 09:01:22,689 INFO  db.DBStoreBuilder (DBStoreBuilder.java:processTables(161)) - Using default column profile:DBProfile.DISK for Table:deletedTable
2019-06-14 09:01:22,689 INFO  db.DBStoreBuilder (DBStoreBuilder.java:addTable(110)) - using custom profile for table: openKeyTable
2019-06-14 09:01:22,689 INFO  db.DBStoreBuilder (DBStoreBuilder.java:processTables(161)) - Using default column profile:DBProfile.DISK for Table:openKeyTable
2019-06-14 09:01:22,690 INFO  db.DBStoreBuilder (DBStoreBuilder.java:addTable(110)) - using custom profile for table: s3Table
2019-06-14 09:01:22,690 INFO  db.DBStoreBuilder (DBStoreBuilder.java:processTables(161)) - Using default column profile:DBProfile.DISK for Table:s3Table
2019-06-14 09:01:22,690 INFO  db.DBStoreBuilder (DBStoreBuilder.java:addTable(110)) - using custom profile for table: multipartInfoTable
2019-06-14 09:01:22,690 INFO  db.DBStoreBuilder (DBStoreBuilder.java:processTables(161)) - Using default column profile:DBProfile.DISK for Table:multipartInfoTable
2019-06-14 09:01:22,690 INFO  db.DBStoreBuilder (DBStoreBuilder.java:addTable(110)) - using custom profile for table: dTokenTable
2019-06-14 09:01:22,690 INFO  db.DBStoreBuilder (DBStoreBuilder.java:processTables(161)) - Using default column profile:DBProfile.DISK for Table:dTokenTable
2019-06-14 09:01:22,691 INFO  db.DBStoreBuilder (DBStoreBuilder.java:addTable(110)) - using custom profile for table: s3SecretTable
2019-06-14 09:01:22,691 INFO  db.DBStoreBuilder (DBStoreBuilder.java:processTables(161)) - Using default column profile:DBProfile.DISK for Table:s3SecretTable
2019-06-14 09:01:22,691 INFO  db.DBStoreBuilder (DBStoreBuilder.java:addTable(110)) - using custom profile for table: prefixTable
2019-06-14 09:01:22,691 INFO  db.DBStoreBuilder (DBStoreBuilder.java:processTables(161)) - Using default column profile:DBProfile.DISK for Table:prefixTable
2019-06-14 09:01:22,691 INFO  db.DBStoreBuilder (DBStoreBuilder.java:addTable(110)) - using custom profile for table: default
2019-06-14 09:01:22,691 INFO  db.DBStoreBuilder (DBStoreBuilder.java:processTables(167)) - Using default column profile:DBProfile.DISK for Table:default
2019-06-14 09:01:22,692 INFO  db.DBStoreBuilder (DBStoreBuilder.java:getDbProfile(198)) - Using default options. DBProfile.DISK
2019-06-14 09:01:22,800 INFO  container.ReplicationManager (ReplicationManager.java:sendCloseCommand(630)) - Sending close container command for container #1 to datanode d4302795-a86e-4bd7-ae74-75fd32bf6e49{ip: 192.168.105.147, host: ozone-xrdtn-3896089437, networkLocation: /default-rack, certSerialId: null}.
2019-06-14 09:01:22,800 WARN  events.EventQueue (EventQueue.java:fireEvent(147)) - Processing of TypedEvent{payloadType=CommandForDatanode, name='Datanode_Command'} is skipped, EventQueue is not running
2019-06-14 09:01:22,800 INFO  container.ReplicationManager (ReplicationManager.java:run(207)) - Replication Monitor Thread took 0 milliseconds for processing 3 containers.
2019-06-14 09:01:22,829 INFO  ipc.CallQueueManager (CallQueueManager.java:<init>(84)) - Using callQueue: class java.util.concurrent.LinkedBlockingQueue, queueCapacity: 2000, scheduler: class org.apache.hadoop.ipc.DefaultRpcScheduler, ipcBackoff: false.
2019-06-14 09:01:22,829 INFO  ipc.Server (Server.java:run(1074)) - Starting Socket Reader #1 for port 40805
2019-06-14 09:01:22,839 WARN  scm.ScmUtils (ScmUtils.java:getDBPath(63)) - ozone.om.db.dirs is not configured. We recommend adding this setting. Falling back to ozone.metadata.dirs instead.
2019-06-14 09:01:22,839 INFO  om.OzoneManager (OzoneManager.java:start(1217)) - OzoneManager RPC server is listening at localhost/127.0.0.1:40805
2019-06-14 09:01:22,839 INFO  impl.MetricsSystemImpl (MetricsSystemImpl.java:init(158)) - OzoneManager metrics system started (again)
2019-06-14 09:01:22,842 INFO  ipc.Server (Server.java:run(1314)) - IPC Server Responder: starting
2019-06-14 09:01:22,842 INFO  ipc.Server (Server.java:run(1153)) - IPC Server listener on 40805: starting
2019-06-14 09:01:22,845 INFO  hdfs.DFSUtil (DFSUtil.java:httpServerTemplateForNNAndJN(1641)) - Starting Web-server for ozoneManager at: http://0.0.0.0:0
2019-06-14 09:01:22,846 INFO  server.AuthenticationFilter (AuthenticationFilter.java:constructSecretProvider(240)) - Unable to initialize FileSignerSecretProvider, falling back to use random secrets.
2019-06-14 09:01:22,847 WARN  http.HttpRequestLog (HttpRequestLog.java:getRequestLog(97)) - Jetty request log can only be enabled using Log4j
2019-06-14 09:01:22,848 INFO  http.HttpServer2 (HttpServer2.java:addGlobalFilter(975)) - Added global filter 'safety' (class=org.apache.hadoop.http.HttpServer2$QuotingInputFilter)
2019-06-14 09:01:22,848 INFO  http.HttpServer2 (HttpServer2.java:addFilter(948)) - Added filter static_user_filter (class=org.apache.hadoop.http.lib.StaticUserWebFilter$StaticUserFilter) to context ozoneManager
2019-06-14 09:01:22,849 INFO  http.HttpServer2 (HttpServer2.java:addFilter(958)) - Added filter static_user_filter (class=org.apache.hadoop.http.lib.StaticUserWebFilter$StaticUserFilter) to context static
2019-06-14 09:01:22,849 INFO  http.HttpServer2 (HttpServer2.java:addFilter(958)) - Added filter static_user_filter (class=org.apache.hadoop.http.lib.StaticUserWebFilter$StaticUserFilter) to context logs
2019-06-14 09:01:22,849 INFO  http.HttpServer2 (HttpServer2.java:bindListener(1191)) - Jetty bound to port 41213
2019-06-14 09:01:22,849 INFO  server.Server (Server.java:doStart(351)) - jetty-9.3.24.v20180605, build timestamp: 2018-06-05T17:11:56Z, git hash: 84205aa28f11a4f31f2a3b86d1bba2cc8ab69827
2019-06-14 09:01:22,850 INFO  handler.ContextHandler (ContextHandler.java:doStart(781)) - Started o.e.j.s.ServletContextHandler@e09c7a2{/logs,file:///opt/src/hadoop-ozone/integration-test/target/log,AVAILABLE}
2019-06-14 09:01:22,851 INFO  handler.ContextHandler (ContextHandler.java:doStart(781)) - Started o.e.j.s.ServletContextHandler@30d3f583{/static,file:///opt/src/hadoop-ozone/integration-test/target/test-classes/webapps/static,AVAILABLE}
2019-06-14 09:01:22,853 INFO  handler.ContextHandler (ContextHandler.java:doStart(781)) - Started o.e.j.w.WebAppContext@381d7c4c{/,file:///opt/src/hadoop-ozone/integration-test/target/test-classes/webapps/ozoneManager/,AVAILABLE}{/ozoneManager}
2019-06-14 09:01:22,854 INFO  server.AbstractConnector (AbstractConnector.java:doStart(278)) - Started ServerConnector@1e3689e7{HTTP/1.1,[http/1.1]}{0.0.0.0:41213}
2019-06-14 09:01:22,855 INFO  server.Server (Server.java:doStart(419)) - Started @488558ms
2019-06-14 09:01:22,855 INFO  server.BaseHttpServer (BaseHttpServer.java:updateConnectorAddress(207)) - HTTP server of OZONEMANAGER is listening at http://0.0.0.0:41213
2019-06-14 09:01:22,865 INFO  impl.MetricsSystemImpl (MetricsSystemImpl.java:init(158)) - HddsDatanode metrics system started (again)
2019-06-14 09:01:22,865 INFO  ozone.HddsDatanodeService (HddsDatanodeService.java:start(185)) - HddsDatanodeService host:ozone-xrdtn-3896089437 ip:192.168.105.147
2019-06-14 09:01:22,870 INFO  volume.HddsVolume (HddsVolume.java:<init>(176)) - Creating Volume: /opt/src/hadoop-ozone/integration-test/target/test-dir/MiniOzoneClusterImpl-44e71b24-eb09-4105-ab19-c0949cf7d3c6/datanode-0/data/containers/hdds of  storage type : DISK and capacity : 104021790720
2019-06-14 09:01:22,870 INFO  volume.VolumeSet (VolumeSet.java:initializeVolumeSet(170)) - Added Volume : /opt/src/hadoop-ozone/integration-test/target/test-dir/MiniOzoneClusterImpl-44e71b24-eb09-4105-ab19-c0949cf7d3c6/datanode-0/data/containers/hdds to VolumeSet
2019-06-14 09:01:22,870 INFO  volume.ThrottledAsyncChecker (ThrottledAsyncChecker.java:schedule(140)) - Scheduling a check for org.apache.hadoop.ozone.container.common.volume.HddsVolume@339b45f8
2019-06-14 09:01:22,870 INFO  volume.HddsVolumeChecker (HddsVolumeChecker.java:checkAllVolumes(203)) - Scheduled health check for volume org.apache.hadoop.ozone.container.common.volume.HddsVolume@339b45f8
2019-06-14 09:01:22,878 INFO  ratis.XceiverServerRatis (XceiverServerRatis.java:newXceiverServerRatis(401)) - Found a free port for the server : 33033
2019-06-14 09:01:22,879 INFO  impl.RaftServerProxy (ConfUtils.java:logGet(43)) - raft.rpc.type = GRPC (default)
2019-06-14 09:01:22,879 INFO  grpc.GrpcConfigKeys$Server (ConfUtils.java:logGet(43)) - raft.grpc.server.port = 33033 (custom)
2019-06-14 09:01:22,879 INFO  server.GrpcService (ConfUtils.java:logGet(43)) - raft.grpc.message.size.max = 33570816 (custom)
2019-06-14 09:01:22,879 INFO  server.RaftServerConfigKeys (ConfUtils.java:logGet(43)) - raft.server.log.appender.buffer.byte-limit = 33554432 (custom)
2019-06-14 09:01:22,879 INFO  server.GrpcService (ConfUtils.java:logGet(43)) - raft.grpc.flow.control.window = 1MB (=1048576) (default)
2019-06-14 09:01:22,880 INFO  server.RaftServerConfigKeys (ConfUtils.java:logGet(43)) - raft.server.rpc.request.timeout = 3000ms (default)
2019-06-14 09:01:22,880 INFO  server.RaftServerConfigKeys (ConfUtils.java:logGet(43)) - raft.server.storage.dir = [/opt/src/hadoop-ozone/integration-test/target/test-dir/MiniOzoneClusterImpl-44e71b24-eb09-4105-ab19-c0949cf7d3c6/datanode-0/data/ratis] (custom)
2019-06-14 09:01:22,880 INFO  server.XceiverServerGrpc (XceiverServerGrpc.java:<init>(97)) - Found a free port for the server : 38291
2019-06-14 09:01:22,880 INFO  replication.SimpleContainerDownloader (SimpleContainerDownloader.java:<init>(72)) - Starting container downloader service to copy containers to replicate.
2019-06-14 09:01:22,881 INFO  hdfs.DFSUtil (DFSUtil.java:httpServerTemplateForNNAndJN(1641)) - Starting Web-server for hddsDatanode at: http://0.0.0.0:0
2019-06-14 09:01:22,882 INFO  server.AuthenticationFilter (AuthenticationFilter.java:constructSecretProvider(240)) - Unable to initialize FileSignerSecretProvider, falling back to use random secrets.
2019-06-14 09:01:22,882 WARN  http.HttpRequestLog (HttpRequestLog.java:getRequestLog(97)) - Jetty request log can only be enabled using Log4j
2019-06-14 09:01:22,883 INFO  http.HttpServer2 (HttpServer2.java:addGlobalFilter(975)) - Added global filter 'safety' (class=org.apache.hadoop.http.HttpServer2$QuotingInputFilter)
2019-06-14 09:01:22,883 INFO  http.HttpServer2 (HttpServer2.java:addFilter(948)) - Added filter static_user_filter (class=org.apache.hadoop.http.lib.StaticUserWebFilter$StaticUserFilter) to context hddsDatanode
2019-06-14 09:01:22,883 INFO  http.HttpServer2 (HttpServer2.java:addFilter(958)) - Added filter static_user_filter (class=org.apache.hadoop.http.lib.StaticUserWebFilter$StaticUserFilter) to context static
2019-06-14 09:01:22,883 INFO  http.HttpServer2 (HttpServer2.java:addFilter(958)) - Added filter static_user_filter (class=org.apache.hadoop.http.lib.StaticUserWebFilter$StaticUserFilter) to context logs
2019-06-14 09:01:22,883 INFO  http.HttpServer2 (HttpServer2.java:bindListener(1191)) - Jetty bound to port 43211
2019-06-14 09:01:22,884 INFO  server.Server (Server.java:doStart(351)) - jetty-9.3.24.v20180605, build timestamp: 2018-06-05T17:11:56Z, git hash: 84205aa28f11a4f31f2a3b86d1bba2cc8ab69827
2019-06-14 09:01:22,884 INFO  handler.ContextHandler (ContextHandler.java:doStart(781)) - Started o.e.j.s.ServletContextHandler@1235732d{/logs,file:///opt/src/hadoop-ozone/integration-test/target/log,AVAILABLE}
2019-06-14 09:01:22,885 INFO  handler.ContextHandler (ContextHandler.java:doStart(781)) - Started o.e.j.s.ServletContextHandler@54644470{/static,jar:file:/root/.m2/repository/org/apache/hadoop/hadoop-hdds-container-service/0.5.0-SNAPSHOT/hadoop-hdds-container-service-0.5.0-SNAPSHOT.jar!/webapps/static,AVAILABLE}
2019-06-14 09:01:22,904 INFO  handler.ContextHandler (ContextHandler.java:doStart(781)) - Started o.e.j.w.WebAppContext@25bd68ea{/,file:///tmp/jetty-0.0.0.0-43211-hddsDatanode-_-any-8661733684462000217.dir/webapp/,AVAILABLE}{/hddsDatanode}
2019-06-14 09:01:22,904 INFO  server.AbstractConnector (AbstractConnector.java:doStart(278)) - Started ServerConnector@7915111a{HTTP/1.1,[http/1.1]}{0.0.0.0:43211}
2019-06-14 09:01:22,905 INFO  server.Server (Server.java:doStart(419)) - Started @488608ms
2019-06-14 09:01:22,906 INFO  server.BaseHttpServer (BaseHttpServer.java:updateConnectorAddress(207)) - HTTP server of HDDSDATANODE is listening at http://0.0.0.0:43211
2019-06-14 09:01:22,981 INFO  ozone.HddsDatanodeService (HddsDatanodeService.java:startPlugins(396)) - Started plug-in org.apache.hadoop.ozone.web.OzoneHddsDatanodeService@59eb987a
2019-06-14 09:01:22,983 INFO  impl.MetricsSystemImpl (MetricsSystemImpl.java:init(158)) - HddsDatanode metrics system started (again)
2019-06-14 09:01:22,983 INFO  ozone.HddsDatanodeService (HddsDatanodeService.java:start(185)) - HddsDatanodeService host:ozone-xrdtn-3896089437 ip:192.168.105.147
2019-06-14 09:01:22,991 INFO  util.JvmPauseMonitor (JvmPauseMonitor.java:run(188)) - Starting JVM pause monitor
2019-06-14 09:01:22,992 INFO  datanode.InitDatanodeState (InitDatanodeState.java:persistContainerDatanodeDetails(140)) - DatanodeDetails is persisted to /opt/src/hadoop-ozone/integration-test/target/test-dir/MiniOzoneClusterImpl-44e71b24-eb09-4105-ab19-c0949cf7d3c6/datanode-0/meta/datanode.id
2019-06-14 09:01:22,999 INFO  volume.HddsVolume (HddsVolume.java:<init>(176)) - Creating Volume: /opt/src/hadoop-ozone/integration-test/target/test-dir/MiniOzoneClusterImpl-44e71b24-eb09-4105-ab19-c0949cf7d3c6/datanode-1/data/containers/hdds of  storage type : DISK and capacity : 104021790720
2019-06-14 09:01:22,999 INFO  volume.VolumeSet (VolumeSet.java:initializeVolumeSet(170)) - Added Volume : /opt/src/hadoop-ozone/integration-test/target/test-dir/MiniOzoneClusterImpl-44e71b24-eb09-4105-ab19-c0949cf7d3c6/datanode-1/data/containers/hdds to VolumeSet
2019-06-14 09:01:22,999 INFO  volume.ThrottledAsyncChecker (ThrottledAsyncChecker.java:schedule(140)) - Scheduling a check for org.apache.hadoop.ozone.container.common.volume.HddsVolume@6287e312
2019-06-14 09:01:23,012 INFO  volume.HddsVolumeChecker (HddsVolumeChecker.java:checkAllVolumes(203)) - Scheduled health check for volume org.apache.hadoop.ozone.container.common.volume.HddsVolume@6287e312
2019-06-14 09:01:23,022 INFO  ratis.XceiverServerRatis (XceiverServerRatis.java:newXceiverServerRatis(401)) - Found a free port for the server : 42099
2019-06-14 09:01:23,026 INFO  impl.RaftServerProxy (ConfUtils.java:logGet(43)) - raft.rpc.type = GRPC (default)
2019-06-14 09:01:23,026 INFO  grpc.GrpcConfigKeys$Server (ConfUtils.java:logGet(43)) - raft.grpc.server.port = 42099 (custom)
2019-06-14 09:01:23,026 INFO  server.GrpcService (ConfUtils.java:logGet(43)) - raft.grpc.message.size.max = 33570816 (custom)
2019-06-14 09:01:23,026 INFO  server.RaftServerConfigKeys (ConfUtils.java:logGet(43)) - raft.server.log.appender.buffer.byte-limit = 33554432 (custom)
2019-06-14 09:01:23,026 INFO  server.GrpcService (ConfUtils.java:logGet(43)) - raft.grpc.flow.control.window = 1MB (=1048576) (default)
2019-06-14 09:01:23,026 INFO  server.RaftServerConfigKeys (ConfUtils.java:logGet(43)) - raft.server.rpc.request.timeout = 3000ms (default)
2019-06-14 09:01:23,027 INFO  server.RaftServerConfigKeys (ConfUtils.java:logGet(43)) - raft.server.storage.dir = [/opt/src/hadoop-ozone/integration-test/target/test-dir/MiniOzoneClusterImpl-44e71b24-eb09-4105-ab19-c0949cf7d3c6/datanode-1/data/ratis] (custom)
2019-06-14 09:01:23,027 INFO  server.XceiverServerGrpc (XceiverServerGrpc.java:<init>(97)) - Found a free port for the server : 41929
2019-06-14 09:01:23,027 INFO  replication.SimpleContainerDownloader (SimpleContainerDownloader.java:<init>(72)) - Starting container downloader service to copy containers to replicate.
2019-06-14 09:01:23,029 INFO  hdfs.DFSUtil (DFSUtil.java:httpServerTemplateForNNAndJN(1641)) - Starting Web-server for hddsDatanode at: http://0.0.0.0:0
2019-06-14 09:01:23,030 INFO  server.AuthenticationFilter (AuthenticationFilter.java:constructSecretProvider(240)) - Unable to initialize FileSignerSecretProvider, falling back to use random secrets.
2019-06-14 09:01:23,030 WARN  http.HttpRequestLog (HttpRequestLog.java:getRequestLog(97)) - Jetty request log can only be enabled using Log4j
2019-06-14 09:01:23,031 INFO  http.HttpServer2 (HttpServer2.java:addGlobalFilter(975)) - Added global filter 'safety' (class=org.apache.hadoop.http.HttpServer2$QuotingInputFilter)
2019-06-14 09:01:23,031 INFO  http.HttpServer2 (HttpServer2.java:addFilter(948)) - Added filter static_user_filter (class=org.apache.hadoop.http.lib.StaticUserWebFilter$StaticUserFilter) to context hddsDatanode
2019-06-14 09:01:23,031 INFO  http.HttpServer2 (HttpServer2.java:addFilter(958)) - Added filter static_user_filter (class=org.apache.hadoop.http.lib.StaticUserWebFilter$StaticUserFilter) to context logs
2019-06-14 09:01:23,031 INFO  http.HttpServer2 (HttpServer2.java:addFilter(958)) - Added filter static_user_filter (class=org.apache.hadoop.http.lib.StaticUserWebFilter$StaticUserFilter) to context static
2019-06-14 09:01:23,031 INFO  http.HttpServer2 (HttpServer2.java:bindListener(1191)) - Jetty bound to port 38473
2019-06-14 09:01:23,032 INFO  server.Server (Server.java:doStart(351)) - jetty-9.3.24.v20180605, build timestamp: 2018-06-05T17:11:56Z, git hash: 84205aa28f11a4f31f2a3b86d1bba2cc8ab69827
2019-06-14 09:01:23,033 INFO  handler.ContextHandler (ContextHandler.java:doStart(781)) - Started o.e.j.s.ServletContextHandler@139da216{/logs,file:///opt/src/hadoop-ozone/integration-test/target/log,AVAILABLE}
2019-06-14 09:01:23,033 INFO  handler.ContextHandler (ContextHandler.java:doStart(781)) - Started o.e.j.s.ServletContextHandler@3ce067bd{/static,jar:file:/root/.m2/repository/org/apache/hadoop/hadoop-hdds-container-service/0.5.0-SNAPSHOT/hadoop-hdds-container-service-0.5.0-SNAPSHOT.jar!/webapps/static,AVAILABLE}
2019-06-14 09:01:23,053 INFO  handler.ContextHandler (ContextHandler.java:doStart(781)) - Started o.e.j.w.WebAppContext@3203ffa3{/,file:///tmp/jetty-0.0.0.0-38473-hddsDatanode-_-any-3673271384572832455.dir/webapp/,AVAILABLE}{/hddsDatanode}
2019-06-14 09:01:23,054 INFO  server.AbstractConnector (AbstractConnector.java:doStart(278)) - Started ServerConnector@49231d79{HTTP/1.1,[http/1.1]}{0.0.0.0:38473}
2019-06-14 09:01:23,055 INFO  server.Server (Server.java:doStart(419)) - Started @488758ms
2019-06-14 09:01:23,056 INFO  server.BaseHttpServer (BaseHttpServer.java:updateConnectorAddress(207)) - HTTP server of HDDSDATANODE is listening at http://0.0.0.0:38473
2019-06-14 09:01:23,167 INFO  ozone.HddsDatanodeService (HddsDatanodeService.java:startPlugins(396)) - Started plug-in org.apache.hadoop.ozone.web.OzoneHddsDatanodeService@6f254d79
2019-06-14 09:01:23,168 INFO  impl.MetricsSystemImpl (MetricsSystemImpl.java:init(158)) - HddsDatanode metrics system started (again)
2019-06-14 09:01:23,169 INFO  ozone.HddsDatanodeService (HddsDatanodeService.java:start(185)) - HddsDatanodeService host:ozone-xrdtn-3896089437 ip:192.168.105.147
2019-06-14 09:01:23,181 INFO  volume.HddsVolume (HddsVolume.java:<init>(176)) - Creating Volume: /opt/src/hadoop-ozone/integration-test/target/test-dir/MiniOzoneClusterImpl-44e71b24-eb09-4105-ab19-c0949cf7d3c6/datanode-2/data/containers/hdds of  storage type : DISK and capacity : 104021790720
2019-06-14 09:01:23,182 INFO  volume.VolumeSet (VolumeSet.java:initializeVolumeSet(170)) - Added Volume : /opt/src/hadoop-ozone/integration-test/target/test-dir/MiniOzoneClusterImpl-44e71b24-eb09-4105-ab19-c0949cf7d3c6/datanode-2/data/containers/hdds to VolumeSet
2019-06-14 09:01:23,182 INFO  volume.ThrottledAsyncChecker (ThrottledAsyncChecker.java:schedule(140)) - Scheduling a check for org.apache.hadoop.ozone.container.common.volume.HddsVolume@20183e2d
2019-06-14 09:01:23,190 INFO  volume.HddsVolumeChecker (HddsVolumeChecker.java:checkAllVolumes(203)) - Scheduled health check for volume org.apache.hadoop.ozone.container.common.volume.HddsVolume@20183e2d
2019-06-14 09:01:23,203 INFO  util.JvmPauseMonitor (JvmPauseMonitor.java:run(188)) - Starting JVM pause monitor
2019-06-14 09:01:23,205 INFO  ratis.XceiverServerRatis (XceiverServerRatis.java:newXceiverServerRatis(401)) - Found a free port for the server : 38699
2019-06-14 09:01:23,206 INFO  impl.RaftServerProxy (ConfUtils.java:logGet(43)) - raft.rpc.type = GRPC (default)
2019-06-14 09:01:23,206 INFO  grpc.GrpcConfigKeys$Server (ConfUtils.java:logGet(43)) - raft.grpc.server.port = 38699 (custom)
2019-06-14 09:01:23,206 INFO  server.GrpcService (ConfUtils.java:logGet(43)) - raft.grpc.message.size.max = 33570816 (custom)
2019-06-14 09:01:23,206 INFO  server.RaftServerConfigKeys (ConfUtils.java:logGet(43)) - raft.server.log.appender.buffer.byte-limit = 33554432 (custom)
2019-06-14 09:01:23,206 INFO  server.GrpcService (ConfUtils.java:logGet(43)) - raft.grpc.flow.control.window = 1MB (=1048576) (default)
2019-06-14 09:01:23,207 INFO  server.RaftServerConfigKeys (ConfUtils.java:logGet(43)) - raft.server.rpc.request.timeout = 3000ms (default)
2019-06-14 09:01:23,207 INFO  server.RaftServerConfigKeys (ConfUtils.java:logGet(43)) - raft.server.storage.dir = [/opt/src/hadoop-ozone/integration-test/target/test-dir/MiniOzoneClusterImpl-44e71b24-eb09-4105-ab19-c0949cf7d3c6/datanode-2/data/ratis] (custom)
2019-06-14 09:01:23,207 INFO  server.XceiverServerGrpc (XceiverServerGrpc.java:<init>(97)) - Found a free port for the server : 45877
2019-06-14 09:01:23,207 INFO  replication.SimpleContainerDownloader (SimpleContainerDownloader.java:<init>(72)) - Starting container downloader service to copy containers to replicate.
2019-06-14 09:01:23,210 INFO  datanode.InitDatanodeState (InitDatanodeState.java:persistContainerDatanodeDetails(140)) - DatanodeDetails is persisted to /opt/src/hadoop-ozone/integration-test/target/test-dir/MiniOzoneClusterImpl-44e71b24-eb09-4105-ab19-c0949cf7d3c6/datanode-1/meta/datanode.id
2019-06-14 09:01:23,211 INFO  hdfs.DFSUtil (DFSUtil.java:httpServerTemplateForNNAndJN(1641)) - Starting Web-server for hddsDatanode at: http://0.0.0.0:0
2019-06-14 09:01:23,212 INFO  server.AuthenticationFilter (AuthenticationFilter.java:constructSecretProvider(240)) - Unable to initialize FileSignerSecretProvider, falling back to use random secrets.
2019-06-14 09:01:23,213 WARN  http.HttpRequestLog (HttpRequestLog.java:getRequestLog(97)) - Jetty request log can only be enabled using Log4j
2019-06-14 09:01:23,214 INFO  http.HttpServer2 (HttpServer2.java:addGlobalFilter(975)) - Added global filter 'safety' (class=org.apache.hadoop.http.HttpServer2$QuotingInputFilter)
2019-06-14 09:01:23,214 INFO  http.HttpServer2 (HttpServer2.java:addFilter(948)) - Added filter static_user_filter (class=org.apache.hadoop.http.lib.StaticUserWebFilter$StaticUserFilter) to context hddsDatanode
2019-06-14 09:01:23,215 INFO  http.HttpServer2 (HttpServer2.java:addFilter(958)) - Added filter static_user_filter (class=org.apache.hadoop.http.lib.StaticUserWebFilter$StaticUserFilter) to context logs
2019-06-14 09:01:23,215 INFO  http.HttpServer2 (HttpServer2.java:addFilter(958)) - Added filter static_user_filter (class=org.apache.hadoop.http.lib.StaticUserWebFilter$StaticUserFilter) to context static
2019-06-14 09:01:23,215 INFO  http.HttpServer2 (HttpServer2.java:bindListener(1191)) - Jetty bound to port 38959
2019-06-14 09:01:23,215 INFO  server.Server (Server.java:doStart(351)) - jetty-9.3.24.v20180605, build timestamp: 2018-06-05T17:11:56Z, git hash: 84205aa28f11a4f31f2a3b86d1bba2cc8ab69827
2019-06-14 09:01:23,216 INFO  handler.ContextHandler (ContextHandler.java:doStart(781)) - Started o.e.j.s.ServletContextHandler@3423f353{/logs,file:///opt/src/hadoop-ozone/integration-test/target/log,AVAILABLE}
2019-06-14 09:01:23,217 INFO  handler.ContextHandler (ContextHandler.java:doStart(781)) - Started o.e.j.s.ServletContextHandler@365c8a47{/static,jar:file:/root/.m2/repository/org/apache/hadoop/hadoop-hdds-container-service/0.5.0-SNAPSHOT/hadoop-hdds-container-service-0.5.0-SNAPSHOT.jar!/webapps/static,AVAILABLE}
2019-06-14 09:01:23,245 INFO  handler.ContextHandler (ContextHandler.java:doStart(781)) - Started o.e.j.w.WebAppContext@cec1ce2{/,file:///tmp/jetty-0.0.0.0-38959-hddsDatanode-_-any-9208723187652920696.dir/webapp/,AVAILABLE}{/hddsDatanode}
2019-06-14 09:01:23,245 INFO  server.AbstractConnector (AbstractConnector.java:doStart(278)) - Started ServerConnector@4d82ded2{HTTP/1.1,[http/1.1]}{0.0.0.0:38959}
2019-06-14 09:01:23,246 INFO  server.Server (Server.java:doStart(419)) - Started @488949ms
2019-06-14 09:01:23,247 INFO  server.BaseHttpServer (BaseHttpServer.java:updateConnectorAddress(207)) - HTTP server of HDDSDATANODE is listening at http://0.0.0.0:38959
2019-06-14 09:01:23,395 INFO  ozone.HddsDatanodeService (HddsDatanodeService.java:startPlugins(396)) - Started plug-in org.apache.hadoop.ozone.web.OzoneHddsDatanodeService@1a345c6c
2019-06-14 09:01:23,396 INFO  impl.MetricsSystemImpl (MetricsSystemImpl.java:init(158)) - HddsDatanode metrics system started (again)
2019-06-14 09:01:23,396 INFO  ozone.HddsDatanodeService (HddsDatanodeService.java:start(185)) - HddsDatanodeService host:ozone-xrdtn-3896089437 ip:192.168.105.147
2019-06-14 09:01:23,409 INFO  util.JvmPauseMonitor (JvmPauseMonitor.java:run(188)) - Starting JVM pause monitor
2019-06-14 09:01:23,411 INFO  datanode.InitDatanodeState (InitDatanodeState.java:persistContainerDatanodeDetails(140)) - DatanodeDetails is persisted to /opt/src/hadoop-ozone/integration-test/target/test-dir/MiniOzoneClusterImpl-44e71b24-eb09-4105-ab19-c0949cf7d3c6/datanode-2/meta/datanode.id
2019-06-14 09:01:23,417 INFO  volume.HddsVolume (HddsVolume.java:<init>(176)) - Creating Volume: /opt/src/hadoop-ozone/integration-test/target/test-dir/MiniOzoneClusterImpl-44e71b24-eb09-4105-ab19-c0949cf7d3c6/datanode-3/data/containers/hdds of  storage type : DISK and capacity : 104021790720
2019-06-14 09:01:23,417 INFO  volume.VolumeSet (VolumeSet.java:initializeVolumeSet(170)) - Added Volume : /opt/src/hadoop-ozone/integration-test/target/test-dir/MiniOzoneClusterImpl-44e71b24-eb09-4105-ab19-c0949cf7d3c6/datanode-3/data/containers/hdds to VolumeSet
2019-06-14 09:01:23,418 INFO  volume.ThrottledAsyncChecker (ThrottledAsyncChecker.java:schedule(140)) - Scheduling a check for org.apache.hadoop.ozone.container.common.volume.HddsVolume@67263db7
2019-06-14 09:01:23,420 INFO  volume.HddsVolumeChecker (HddsVolumeChecker.java:checkAllVolumes(203)) - Scheduled health check for volume org.apache.hadoop.ozone.container.common.volume.HddsVolume@67263db7
2019-06-14 09:01:23,428 INFO  ratis.XceiverServerRatis (XceiverServerRatis.java:newXceiverServerRatis(401)) - Found a free port for the server : 36515
2019-06-14 09:01:23,429 INFO  impl.RaftServerProxy (ConfUtils.java:logGet(43)) - raft.rpc.type = GRPC (default)
2019-06-14 09:01:23,429 INFO  grpc.GrpcConfigKeys$Server (ConfUtils.java:logGet(43)) - raft.grpc.server.port = 36515 (custom)
2019-06-14 09:01:23,429 INFO  server.GrpcService (ConfUtils.java:logGet(43)) - raft.grpc.message.size.max = 33570816 (custom)
2019-06-14 09:01:23,429 INFO  server.RaftServerConfigKeys (ConfUtils.java:logGet(43)) - raft.server.log.appender.buffer.byte-limit = 33554432 (custom)
2019-06-14 09:01:23,429 INFO  server.GrpcService (ConfUtils.java:logGet(43)) - raft.grpc.flow.control.window = 1MB (=1048576) (default)
2019-06-14 09:01:23,429 INFO  server.RaftServerConfigKeys (ConfUtils.java:logGet(43)) - raft.server.rpc.request.timeout = 3000ms (default)
2019-06-14 09:01:23,430 INFO  server.RaftServerConfigKeys (ConfUtils.java:logGet(43)) - raft.server.storage.dir = [/opt/src/hadoop-ozone/integration-test/target/test-dir/MiniOzoneClusterImpl-44e71b24-eb09-4105-ab19-c0949cf7d3c6/datanode-3/data/ratis] (custom)
2019-06-14 09:01:23,430 INFO  server.XceiverServerGrpc (XceiverServerGrpc.java:<init>(97)) - Found a free port for the server : 35785
2019-06-14 09:01:23,430 INFO  replication.SimpleContainerDownloader (SimpleContainerDownloader.java:<init>(72)) - Starting container downloader service to copy containers to replicate.
2019-06-14 09:01:23,431 INFO  hdfs.DFSUtil (DFSUtil.java:httpServerTemplateForNNAndJN(1641)) - Starting Web-server for hddsDatanode at: http://0.0.0.0:0
2019-06-14 09:01:23,431 INFO  server.AuthenticationFilter (AuthenticationFilter.java:constructSecretProvider(240)) - Unable to initialize FileSignerSecretProvider, falling back to use random secrets.
2019-06-14 09:01:23,432 WARN  http.HttpRequestLog (HttpRequestLog.java:getRequestLog(97)) - Jetty request log can only be enabled using Log4j
2019-06-14 09:01:23,432 INFO  http.HttpServer2 (HttpServer2.java:addGlobalFilter(975)) - Added global filter 'safety' (class=org.apache.hadoop.http.HttpServer2$QuotingInputFilter)
2019-06-14 09:01:23,433 INFO  http.HttpServer2 (HttpServer2.java:addFilter(948)) - Added filter static_user_filter (class=org.apache.hadoop.http.lib.StaticUserWebFilter$StaticUserFilter) to context hddsDatanode
2019-06-14 09:01:23,433 INFO  http.HttpServer2 (HttpServer2.java:addFilter(958)) - Added filter static_user_filter (class=org.apache.hadoop.http.lib.StaticUserWebFilter$StaticUserFilter) to context logs
2019-06-14 09:01:23,433 INFO  http.HttpServer2 (HttpServer2.java:addFilter(958)) - Added filter static_user_filter (class=org.apache.hadoop.http.lib.StaticUserWebFilter$StaticUserFilter) to context static
2019-06-14 09:01:23,434 INFO  http.HttpServer2 (HttpServer2.java:bindListener(1191)) - Jetty bound to port 44785
2019-06-14 09:01:23,434 INFO  server.Server (Server.java:doStart(351)) - jetty-9.3.24.v20180605, build timestamp: 2018-06-05T17:11:56Z, git hash: 84205aa28f11a4f31f2a3b86d1bba2cc8ab69827
2019-06-14 09:01:23,436 INFO  handler.ContextHandler (ContextHandler.java:doStart(781)) - Started o.e.j.s.ServletContextHandler@39bd07fe{/logs,file:///opt/src/hadoop-ozone/integration-test/target/log,AVAILABLE}
2019-06-14 09:01:23,436 INFO  handler.ContextHandler (ContextHandler.java:doStart(781)) - Started o.e.j.s.ServletContextHandler@7e474bd{/static,jar:file:/root/.m2/repository/org/apache/hadoop/hadoop-hdds-container-service/0.5.0-SNAPSHOT/hadoop-hdds-container-service-0.5.0-SNAPSHOT.jar!/webapps/static,AVAILABLE}
2019-06-14 09:01:23,455 INFO  handler.ContextHandler (ContextHandler.java:doStart(781)) - Started o.e.j.w.WebAppContext@61868687{/,file:///tmp/jetty-0.0.0.0-44785-hddsDatanode-_-any-2921703116127447164.dir/webapp/,AVAILABLE}{/hddsDatanode}
2019-06-14 09:01:23,455 INFO  server.AbstractConnector (AbstractConnector.java:doStart(278)) - Started ServerConnector@2122b4bd{HTTP/1.1,[http/1.1]}{0.0.0.0:44785}
2019-06-14 09:01:23,456 INFO  server.Server (Server.java:doStart(419)) - Started @489160ms
2019-06-14 09:01:23,457 INFO  server.BaseHttpServer (BaseHttpServer.java:updateConnectorAddress(207)) - HTTP server of HDDSDATANODE is listening at http://0.0.0.0:44785
2019-06-14 09:01:23,524 INFO  ozone.HddsDatanodeService (HddsDatanodeService.java:startPlugins(396)) - Started plug-in org.apache.hadoop.ozone.web.OzoneHddsDatanodeService@87276c4
2019-06-14 09:01:23,524 INFO  impl.MetricsSystemImpl (MetricsSystemImpl.java:init(158)) - HddsDatanode metrics system started (again)
2019-06-14 09:01:23,524 INFO  ozone.HddsDatanodeService (HddsDatanodeService.java:start(185)) - HddsDatanodeService host:ozone-xrdtn-3896089437 ip:192.168.105.147
2019-06-14 09:01:23,525 INFO  util.JvmPauseMonitor (JvmPauseMonitor.java:run(188)) - Starting JVM pause monitor
2019-06-14 09:01:23,526 INFO  datanode.InitDatanodeState (InitDatanodeState.java:persistContainerDatanodeDetails(140)) - DatanodeDetails is persisted to /opt/src/hadoop-ozone/integration-test/target/test-dir/MiniOzoneClusterImpl-44e71b24-eb09-4105-ab19-c0949cf7d3c6/datanode-3/meta/datanode.id
2019-06-14 09:01:23,530 INFO  volume.HddsVolume (HddsVolume.java:<init>(176)) - Creating Volume: /opt/src/hadoop-ozone/integration-test/target/test-dir/MiniOzoneClusterImpl-44e71b24-eb09-4105-ab19-c0949cf7d3c6/datanode-4/data/containers/hdds of  storage type : DISK and capacity : 104021790720
2019-06-14 09:01:23,530 INFO  volume.VolumeSet (VolumeSet.java:initializeVolumeSet(170)) - Added Volume : /opt/src/hadoop-ozone/integration-test/target/test-dir/MiniOzoneClusterImpl-44e71b24-eb09-4105-ab19-c0949cf7d3c6/datanode-4/data/containers/hdds to VolumeSet
2019-06-14 09:01:23,530 INFO  volume.ThrottledAsyncChecker (ThrottledAsyncChecker.java:schedule(140)) - Scheduling a check for org.apache.hadoop.ozone.container.common.volume.HddsVolume@6f5df147
2019-06-14 09:01:23,530 INFO  volume.HddsVolumeChecker (HddsVolumeChecker.java:checkAllVolumes(203)) - Scheduled health check for volume org.apache.hadoop.ozone.container.common.volume.HddsVolume@6f5df147
2019-06-14 09:01:23,538 INFO  ratis.XceiverServerRatis (XceiverServerRatis.java:newXceiverServerRatis(401)) - Found a free port for the server : 39587
2019-06-14 09:01:23,539 INFO  impl.RaftServerProxy (ConfUtils.java:logGet(43)) - raft.rpc.type = GRPC (default)
2019-06-14 09:01:23,540 INFO  grpc.GrpcConfigKeys$Server (ConfUtils.java:logGet(43)) - raft.grpc.server.port = 39587 (custom)
2019-06-14 09:01:23,540 INFO  server.GrpcService (ConfUtils.java:logGet(43)) - raft.grpc.message.size.max = 33570816 (custom)
2019-06-14 09:01:23,540 INFO  server.RaftServerConfigKeys (ConfUtils.java:logGet(43)) - raft.server.log.appender.buffer.byte-limit = 33554432 (custom)
2019-06-14 09:01:23,540 INFO  server.GrpcService (ConfUtils.java:logGet(43)) - raft.grpc.flow.control.window = 1MB (=1048576) (default)
2019-06-14 09:01:23,540 INFO  server.RaftServerConfigKeys (ConfUtils.java:logGet(43)) - raft.server.rpc.request.timeout = 3000ms (default)
2019-06-14 09:01:23,540 INFO  server.RaftServerConfigKeys (ConfUtils.java:logGet(43)) - raft.server.storage.dir = [/opt/src/hadoop-ozone/integration-test/target/test-dir/MiniOzoneClusterImpl-44e71b24-eb09-4105-ab19-c0949cf7d3c6/datanode-4/data/ratis] (custom)
2019-06-14 09:01:23,541 INFO  server.XceiverServerGrpc (XceiverServerGrpc.java:<init>(97)) - Found a free port for the server : 39731
2019-06-14 09:01:23,541 INFO  replication.SimpleContainerDownloader (SimpleContainerDownloader.java:<init>(72)) - Starting container downloader service to copy containers to replicate.
2019-06-14 09:01:23,541 INFO  hdfs.DFSUtil (DFSUtil.java:httpServerTemplateForNNAndJN(1641)) - Starting Web-server for hddsDatanode at: http://0.0.0.0:0
2019-06-14 09:01:23,542 INFO  server.AuthenticationFilter (AuthenticationFilter.java:constructSecretProvider(240)) - Unable to initialize FileSignerSecretProvider, falling back to use random secrets.
2019-06-14 09:01:23,542 WARN  http.HttpRequestLog (HttpRequestLog.java:getRequestLog(97)) - Jetty request log can only be enabled using Log4j
2019-06-14 09:01:23,543 INFO  http.HttpServer2 (HttpServer2.java:addGlobalFilter(975)) - Added global filter 'safety' (class=org.apache.hadoop.http.HttpServer2$QuotingInputFilter)
2019-06-14 09:01:23,543 INFO  http.HttpServer2 (HttpServer2.java:addFilter(948)) - Added filter static_user_filter (class=org.apache.hadoop.http.lib.StaticUserWebFilter$StaticUserFilter) to context hddsDatanode
2019-06-14 09:01:23,543 INFO  http.HttpServer2 (HttpServer2.java:addFilter(958)) - Added filter static_user_filter (class=org.apache.hadoop.http.lib.StaticUserWebFilter$StaticUserFilter) to context logs
2019-06-14 09:01:23,544 INFO  http.HttpServer2 (HttpServer2.java:addFilter(958)) - Added filter static_user_filter (class=org.apache.hadoop.http.lib.StaticUserWebFilter$StaticUserFilter) to context static
2019-06-14 09:01:23,544 INFO  http.HttpServer2 (HttpServer2.java:bindListener(1191)) - Jetty bound to port 36129
2019-06-14 09:01:23,544 INFO  server.Server (Server.java:doStart(351)) - jetty-9.3.24.v20180605, build timestamp: 2018-06-05T17:11:56Z, git hash: 84205aa28f11a4f31f2a3b86d1bba2cc8ab69827
2019-06-14 09:01:23,545 INFO  handler.ContextHandler (ContextHandler.java:doStart(781)) - Started o.e.j.s.ServletContextHandler@25bbca43{/logs,file:///opt/src/hadoop-ozone/integration-test/target/log,AVAILABLE}
2019-06-14 09:01:23,545 INFO  handler.ContextHandler (ContextHandler.java:doStart(781)) - Started o.e.j.s.ServletContextHandler@632a7680{/static,jar:file:/root/.m2/repository/org/apache/hadoop/hadoop-hdds-container-service/0.5.0-SNAPSHOT/hadoop-hdds-container-service-0.5.0-SNAPSHOT.jar!/webapps/static,AVAILABLE}
2019-06-14 09:01:23,566 INFO  handler.ContextHandler (ContextHandler.java:doStart(781)) - Started o.e.j.w.WebAppContext@5f72aaed{/,file:///tmp/jetty-0.0.0.0-36129-hddsDatanode-_-any-2301586228180782767.dir/webapp/,AVAILABLE}{/hddsDatanode}
2019-06-14 09:01:23,566 INFO  server.AbstractConnector (AbstractConnector.java:doStart(278)) - Started ServerConnector@1d9295e2{HTTP/1.1,[http/1.1]}{0.0.0.0:36129}
2019-06-14 09:01:23,567 INFO  server.Server (Server.java:doStart(419)) - Started @489270ms
2019-06-14 09:01:23,567 INFO  server.BaseHttpServer (BaseHttpServer.java:updateConnectorAddress(207)) - HTTP server of HDDSDATANODE is listening at http://0.0.0.0:36129
2019-06-14 09:01:23,642 INFO  ozone.HddsDatanodeService (HddsDatanodeService.java:startPlugins(396)) - Started plug-in org.apache.hadoop.ozone.web.OzoneHddsDatanodeService@33acec5e
2019-06-14 09:01:23,642 INFO  impl.MetricsSystemImpl (MetricsSystemImpl.java:init(158)) - HddsDatanode metrics system started (again)
2019-06-14 09:01:23,642 INFO  ozone.HddsDatanodeService (HddsDatanodeService.java:start(185)) - HddsDatanodeService host:ozone-xrdtn-3896089437 ip:192.168.105.147
2019-06-14 09:01:23,648 INFO  util.JvmPauseMonitor (JvmPauseMonitor.java:run(188)) - Starting JVM pause monitor
2019-06-14 09:01:23,650 INFO  datanode.InitDatanodeState (InitDatanodeState.java:persistContainerDatanodeDetails(140)) - DatanodeDetails is persisted to /opt/src/hadoop-ozone/integration-test/target/test-dir/MiniOzoneClusterImpl-44e71b24-eb09-4105-ab19-c0949cf7d3c6/datanode-4/meta/datanode.id
2019-06-14 09:01:23,651 INFO  volume.HddsVolume (HddsVolume.java:<init>(176)) - Creating Volume: /opt/src/hadoop-ozone/integration-test/target/test-dir/MiniOzoneClusterImpl-44e71b24-eb09-4105-ab19-c0949cf7d3c6/datanode-5/data/containers/hdds of  storage type : DISK and capacity : 104021790720
2019-06-14 09:01:23,651 INFO  volume.VolumeSet (VolumeSet.java:initializeVolumeSet(170)) - Added Volume : /opt/src/hadoop-ozone/integration-test/target/test-dir/MiniOzoneClusterImpl-44e71b24-eb09-4105-ab19-c0949cf7d3c6/datanode-5/data/containers/hdds to VolumeSet
2019-06-14 09:01:23,651 INFO  volume.ThrottledAsyncChecker (ThrottledAsyncChecker.java:schedule(140)) - Scheduling a check for org.apache.hadoop.ozone.container.common.volume.HddsVolume@40ff56f7
2019-06-14 09:01:23,652 INFO  volume.HddsVolumeChecker (HddsVolumeChecker.java:checkAllVolumes(203)) - Scheduled health check for volume org.apache.hadoop.ozone.container.common.volume.HddsVolume@40ff56f7
2019-06-14 09:01:23,659 INFO  ratis.XceiverServerRatis (XceiverServerRatis.java:newXceiverServerRatis(401)) - Found a free port for the server : 46355
2019-06-14 09:01:23,660 INFO  impl.RaftServerProxy (ConfUtils.java:logGet(43)) - raft.rpc.type = GRPC (default)
2019-06-14 09:01:23,660 INFO  grpc.GrpcConfigKeys$Server (ConfUtils.java:logGet(43)) - raft.grpc.server.port = 46355 (custom)
2019-06-14 09:01:23,660 INFO  server.GrpcService (ConfUtils.java:logGet(43)) - raft.grpc.message.size.max = 33570816 (custom)
2019-06-14 09:01:23,661 INFO  server.RaftServerConfigKeys (ConfUtils.java:logGet(43)) - raft.server.log.appender.buffer.byte-limit = 33554432 (custom)
2019-06-14 09:01:23,661 INFO  server.GrpcService (ConfUtils.java:logGet(43)) - raft.grpc.flow.control.window = 1MB (=1048576) (default)
2019-06-14 09:01:23,661 INFO  server.RaftServerConfigKeys (ConfUtils.java:logGet(43)) - raft.server.rpc.request.timeout = 3000ms (default)
2019-06-14 09:01:23,661 INFO  server.RaftServerConfigKeys (ConfUtils.java:logGet(43)) - raft.server.storage.dir = [/opt/src/hadoop-ozone/integration-test/target/test-dir/MiniOzoneClusterImpl-44e71b24-eb09-4105-ab19-c0949cf7d3c6/datanode-5/data/ratis] (custom)
2019-06-14 09:01:23,661 INFO  server.XceiverServerGrpc (XceiverServerGrpc.java:<init>(97)) - Found a free port for the server : 39619
2019-06-14 09:01:23,661 INFO  replication.SimpleContainerDownloader (SimpleContainerDownloader.java:<init>(72)) - Starting container downloader service to copy containers to replicate.
2019-06-14 09:01:23,662 INFO  hdfs.DFSUtil (DFSUtil.java:httpServerTemplateForNNAndJN(1641)) - Starting Web-server for hddsDatanode at: http://0.0.0.0:0
2019-06-14 09:01:23,663 INFO  server.AuthenticationFilter (AuthenticationFilter.java:constructSecretProvider(240)) - Unable to initialize FileSignerSecretProvider, falling back to use random secrets.
2019-06-14 09:01:23,663 WARN  http.HttpRequestLog (HttpRequestLog.java:getRequestLog(97)) - Jetty request log can only be enabled using Log4j
2019-06-14 09:01:23,664 INFO  http.HttpServer2 (HttpServer2.java:addGlobalFilter(975)) - Added global filter 'safety' (class=org.apache.hadoop.http.HttpServer2$QuotingInputFilter)
2019-06-14 09:01:23,664 INFO  http.HttpServer2 (HttpServer2.java:addFilter(948)) - Added filter static_user_filter (class=org.apache.hadoop.http.lib.StaticUserWebFilter$StaticUserFilter) to context hddsDatanode
2019-06-14 09:01:23,664 INFO  http.HttpServer2 (HttpServer2.java:addFilter(958)) - Added filter static_user_filter (class=org.apache.hadoop.http.lib.StaticUserWebFilter$StaticUserFilter) to context logs
2019-06-14 09:01:23,665 INFO  http.HttpServer2 (HttpServer2.java:addFilter(958)) - Added filter static_user_filter (class=org.apache.hadoop.http.lib.StaticUserWebFilter$StaticUserFilter) to context static
2019-06-14 09:01:23,665 INFO  http.HttpServer2 (HttpServer2.java:bindListener(1191)) - Jetty bound to port 44999
2019-06-14 09:01:23,665 INFO  server.Server (Server.java:doStart(351)) - jetty-9.3.24.v20180605, build timestamp: 2018-06-05T17:11:56Z, git hash: 84205aa28f11a4f31f2a3b86d1bba2cc8ab69827
2019-06-14 09:01:23,666 INFO  handler.ContextHandler (ContextHandler.java:doStart(781)) - Started o.e.j.s.ServletContextHandler@72769bf5{/logs,file:///opt/src/hadoop-ozone/integration-test/target/log,AVAILABLE}
2019-06-14 09:01:23,666 INFO  handler.ContextHandler (ContextHandler.java:doStart(781)) - Started o.e.j.s.ServletContextHandler@7d364bce{/static,jar:file:/root/.m2/repository/org/apache/hadoop/hadoop-hdds-container-service/0.5.0-SNAPSHOT/hadoop-hdds-container-service-0.5.0-SNAPSHOT.jar!/webapps/static,AVAILABLE}
2019-06-14 09:01:23,686 INFO  handler.ContextHandler (ContextHandler.java:doStart(781)) - Started o.e.j.w.WebAppContext@13c36d48{/,file:///tmp/jetty-0.0.0.0-44999-hddsDatanode-_-any-8011268210184110247.dir/webapp/,AVAILABLE}{/hddsDatanode}
2019-06-14 09:01:23,687 INFO  server.AbstractConnector (AbstractConnector.java:doStart(278)) - Started ServerConnector@7e93e396{HTTP/1.1,[http/1.1]}{0.0.0.0:44999}
2019-06-14 09:01:23,688 INFO  server.Server (Server.java:doStart(419)) - Started @489391ms
2019-06-14 09:01:23,688 INFO  server.BaseHttpServer (BaseHttpServer.java:updateConnectorAddress(207)) - HTTP server of HDDSDATANODE is listening at http://0.0.0.0:44999
2019-06-14 09:01:23,755 INFO  ozone.HddsDatanodeService (HddsDatanodeService.java:startPlugins(396)) - Started plug-in org.apache.hadoop.ozone.web.OzoneHddsDatanodeService@58a06477
2019-06-14 09:01:23,755 INFO  impl.MetricsSystemImpl (MetricsSystemImpl.java:init(158)) - HddsDatanode metrics system started (again)
2019-06-14 09:01:23,755 INFO  ozone.HddsDatanodeService (HddsDatanodeService.java:start(185)) - HddsDatanodeService host:ozone-xrdtn-3896089437 ip:192.168.105.147
2019-06-14 09:01:23,756 INFO  util.JvmPauseMonitor (JvmPauseMonitor.java:run(188)) - Starting JVM pause monitor
2019-06-14 09:01:23,756 INFO  datanode.InitDatanodeState (InitDatanodeState.java:persistContainerDatanodeDetails(140)) - DatanodeDetails is persisted to /opt/src/hadoop-ozone/integration-test/target/test-dir/MiniOzoneClusterImpl-44e71b24-eb09-4105-ab19-c0949cf7d3c6/datanode-5/meta/datanode.id
2019-06-14 09:01:23,760 INFO  volume.HddsVolume (HddsVolume.java:<init>(176)) - Creating Volume: /opt/src/hadoop-ozone/integration-test/target/test-dir/MiniOzoneClusterImpl-44e71b24-eb09-4105-ab19-c0949cf7d3c6/datanode-6/data/containers/hdds of  storage type : DISK and capacity : 104021790720
2019-06-14 09:01:23,760 INFO  volume.VolumeSet (VolumeSet.java:initializeVolumeSet(170)) - Added Volume : /opt/src/hadoop-ozone/integration-test/target/test-dir/MiniOzoneClusterImpl-44e71b24-eb09-4105-ab19-c0949cf7d3c6/datanode-6/data/containers/hdds to VolumeSet
2019-06-14 09:01:23,760 INFO  volume.ThrottledAsyncChecker (ThrottledAsyncChecker.java:schedule(140)) - Scheduling a check for org.apache.hadoop.ozone.container.common.volume.HddsVolume@5c088d72
2019-06-14 09:01:23,761 INFO  volume.HddsVolumeChecker (HddsVolumeChecker.java:checkAllVolumes(203)) - Scheduled health check for volume org.apache.hadoop.ozone.container.common.volume.HddsVolume@5c088d72
2019-06-14 09:01:23,769 INFO  ratis.XceiverServerRatis (XceiverServerRatis.java:newXceiverServerRatis(401)) - Found a free port for the server : 36289
2019-06-14 09:01:23,772 INFO  impl.RaftServerProxy (ConfUtils.java:logGet(43)) - raft.rpc.type = GRPC (default)
2019-06-14 09:01:23,772 INFO  grpc.GrpcConfigKeys$Server (ConfUtils.java:logGet(43)) - raft.grpc.server.port = 36289 (custom)
2019-06-14 09:01:23,772 INFO  server.GrpcService (ConfUtils.java:logGet(43)) - raft.grpc.message.size.max = 33570816 (custom)
2019-06-14 09:01:23,773 INFO  server.RaftServerConfigKeys (ConfUtils.java:logGet(43)) - raft.server.log.appender.buffer.byte-limit = 33554432 (custom)
2019-06-14 09:01:23,773 INFO  server.GrpcService (ConfUtils.java:logGet(43)) - raft.grpc.flow.control.window = 1MB (=1048576) (default)
2019-06-14 09:01:23,773 INFO  server.RaftServerConfigKeys (ConfUtils.java:logGet(43)) - raft.server.rpc.request.timeout = 3000ms (default)
2019-06-14 09:01:23,773 INFO  server.RaftServerConfigKeys (ConfUtils.java:logGet(43)) - raft.server.storage.dir = [/opt/src/hadoop-ozone/integration-test/target/test-dir/MiniOzoneClusterImpl-44e71b24-eb09-4105-ab19-c0949cf7d3c6/datanode-6/data/ratis] (custom)
2019-06-14 09:01:23,773 INFO  server.XceiverServerGrpc (XceiverServerGrpc.java:<init>(97)) - Found a free port for the server : 44195
2019-06-14 09:01:23,773 INFO  replication.SimpleContainerDownloader (SimpleContainerDownloader.java:<init>(72)) - Starting container downloader service to copy containers to replicate.
2019-06-14 09:01:23,774 INFO  hdfs.DFSUtil (DFSUtil.java:httpServerTemplateForNNAndJN(1641)) - Starting Web-server for hddsDatanode at: http://0.0.0.0:0
2019-06-14 09:01:23,775 INFO  server.AuthenticationFilter (AuthenticationFilter.java:constructSecretProvider(240)) - Unable to initialize FileSignerSecretProvider, falling back to use random secrets.
2019-06-14 09:01:23,775 WARN  http.HttpRequestLog (HttpRequestLog.java:getRequestLog(97)) - Jetty request log can only be enabled using Log4j
2019-06-14 09:01:23,776 INFO  http.HttpServer2 (HttpServer2.java:addGlobalFilter(975)) - Added global filter 'safety' (class=org.apache.hadoop.http.HttpServer2$QuotingInputFilter)
2019-06-14 09:01:23,776 INFO  http.HttpServer2 (HttpServer2.java:addFilter(948)) - Added filter static_user_filter (class=org.apache.hadoop.http.lib.StaticUserWebFilter$StaticUserFilter) to context hddsDatanode
2019-06-14 09:01:23,776 INFO  http.HttpServer2 (HttpServer2.java:addFilter(958)) - Added filter static_user_filter (class=org.apache.hadoop.http.lib.StaticUserWebFilter$StaticUserFilter) to context logs
2019-06-14 09:01:23,776 INFO  http.HttpServer2 (HttpServer2.java:addFilter(958)) - Added filter static_user_filter (class=org.apache.hadoop.http.lib.StaticUserWebFilter$StaticUserFilter) to context static
2019-06-14 09:01:23,777 INFO  http.HttpServer2 (HttpServer2.java:bindListener(1191)) - Jetty bound to port 43423
2019-06-14 09:01:23,777 INFO  server.Server (Server.java:doStart(351)) - jetty-9.3.24.v20180605, build timestamp: 2018-06-05T17:11:56Z, git hash: 84205aa28f11a4f31f2a3b86d1bba2cc8ab69827
2019-06-14 09:01:23,778 INFO  handler.ContextHandler (ContextHandler.java:doStart(781)) - Started o.e.j.s.ServletContextHandler@3de507af{/logs,file:///opt/src/hadoop-ozone/integration-test/target/log,AVAILABLE}
2019-06-14 09:01:23,778 INFO  handler.ContextHandler (ContextHandler.java:doStart(781)) - Started o.e.j.s.ServletContextHandler@347770a9{/static,jar:file:/root/.m2/repository/org/apache/hadoop/hadoop-hdds-container-service/0.5.0-SNAPSHOT/hadoop-hdds-container-service-0.5.0-SNAPSHOT.jar!/webapps/static,AVAILABLE}
2019-06-14 09:01:23,800 INFO  handler.ContextHandler (ContextHandler.java:doStart(781)) - Started o.e.j.w.WebAppContext@16576a6{/,file:///tmp/jetty-0.0.0.0-43423-hddsDatanode-_-any-2837853981116579988.dir/webapp/,AVAILABLE}{/hddsDatanode}
2019-06-14 09:01:23,801 INFO  server.AbstractConnector (AbstractConnector.java:doStart(278)) - Started ServerConnector@70b037ac{HTTP/1.1,[http/1.1]}{0.0.0.0:43423}
2019-06-14 09:01:23,802 INFO  server.Server (Server.java:doStart(419)) - Started @489505ms
2019-06-14 09:01:23,802 INFO  server.BaseHttpServer (BaseHttpServer.java:updateConnectorAddress(207)) - HTTP server of HDDSDATANODE is listening at http://0.0.0.0:43423
2019-06-14 09:01:23,893 INFO  ozone.HddsDatanodeService (HddsDatanodeService.java:startPlugins(396)) - Started plug-in org.apache.hadoop.ozone.web.OzoneHddsDatanodeService@643bef2a
2019-06-14 09:01:23,894 INFO  ozone.MiniOzoneClusterImpl (MiniOzoneClusterImpl.java:lambda$waitForClusterToBeReady$0(142)) - Waiting for cluster to be ready. Got 0 of 7 DN Heartbeats.
2019-06-14 09:01:23,897 INFO  util.JvmPauseMonitor (JvmPauseMonitor.java:run(188)) - Starting JVM pause monitor
2019-06-14 09:01:23,898 INFO  datanode.InitDatanodeState (InitDatanodeState.java:persistContainerDatanodeDetails(140)) - DatanodeDetails is persisted to /opt/src/hadoop-ozone/integration-test/target/test-dir/MiniOzoneClusterImpl-44e71b24-eb09-4105-ab19-c0949cf7d3c6/datanode-6/meta/datanode.id
2019-06-14 09:01:24,894 INFO  ozone.MiniOzoneClusterImpl (MiniOzoneClusterImpl.java:lambda$waitForClusterToBeReady$0(142)) - Waiting for cluster to be ready. Got 0 of 7 DN Heartbeats.
2019-06-14 09:01:25,001 INFO  ozoneimpl.OzoneContainer (OzoneContainer.java:start(186)) - Attempting to start container services.
2019-06-14 09:01:25,001 INFO  ozoneimpl.OzoneContainer (OzoneContainer.java:startContainerScrub(160)) - Background container scrubber has been disabled by hdds.containerscrub.enabled
2019-06-14 09:01:25,001 INFO  ratis.XceiverServerRatis (XceiverServerRatis.java:start(418)) - Starting XceiverServerRatis fdfb2969-652c-4a8b-8074-c029c687affb at port 33033
2019-06-14 09:01:25,004 INFO  impl.RaftServerProxy (RaftServerProxy.java:lambda$start$3(299)) - fdfb2969-652c-4a8b-8074-c029c687affb: start RPC server
2019-06-14 09:01:25,005 INFO  server.GrpcService (GrpcService.java:startImpl(148)) - fdfb2969-652c-4a8b-8074-c029c687affb: GrpcService started, listening on 0.0.0.0/0.0.0.0:33033
2019-06-14 09:01:25,207 INFO  ozoneimpl.OzoneContainer (OzoneContainer.java:start(186)) - Attempting to start container services.
2019-06-14 09:01:25,207 INFO  ozoneimpl.OzoneContainer (OzoneContainer.java:startContainerScrub(160)) - Background container scrubber has been disabled by hdds.containerscrub.enabled
2019-06-14 09:01:25,207 INFO  ratis.XceiverServerRatis (XceiverServerRatis.java:start(418)) - Starting XceiverServerRatis d76534b3-c535-4b2b-9bca-88054ea9162f at port 42099
2019-06-14 09:01:25,210 INFO  impl.RaftServerProxy (RaftServerProxy.java:lambda$start$3(299)) - d76534b3-c535-4b2b-9bca-88054ea9162f: start RPC server
2019-06-14 09:01:25,211 INFO  server.GrpcService (GrpcService.java:startImpl(148)) - d76534b3-c535-4b2b-9bca-88054ea9162f: GrpcService started, listening on 0.0.0.0/0.0.0.0:42099
2019-06-14 09:01:25,349 INFO  container.ReplicationManager (ReplicationManager.java:run(207)) - Replication Monitor Thread took 0 milliseconds for processing 2 containers.
2019-06-14 09:01:25,413 INFO  ozoneimpl.OzoneContainer (OzoneContainer.java:start(186)) - Attempting to start container services.
2019-06-14 09:01:25,413 INFO  ozoneimpl.OzoneContainer (OzoneContainer.java:startContainerScrub(160)) - Background container scrubber has been disabled by hdds.containerscrub.enabled
2019-06-14 09:01:25,413 INFO  ratis.XceiverServerRatis (XceiverServerRatis.java:start(418)) - Starting XceiverServerRatis f75ebefa-26f9-4a5c-8816-731c9e8aa80b at port 38699
2019-06-14 09:01:25,416 INFO  impl.RaftServerProxy (RaftServerProxy.java:lambda$start$3(299)) - f75ebefa-26f9-4a5c-8816-731c9e8aa80b: start RPC server
2019-06-14 09:01:25,418 INFO  server.GrpcService (GrpcService.java:startImpl(148)) - f75ebefa-26f9-4a5c-8816-731c9e8aa80b: GrpcService started, listening on 0.0.0.0/0.0.0.0:38699
2019-06-14 09:01:25,529 INFO  ozoneimpl.OzoneContainer (OzoneContainer.java:start(186)) - Attempting to start container services.
2019-06-14 09:01:25,530 INFO  ozoneimpl.OzoneContainer (OzoneContainer.java:startContainerScrub(160)) - Background container scrubber has been disabled by hdds.containerscrub.enabled
2019-06-14 09:01:25,530 INFO  ratis.XceiverServerRatis (XceiverServerRatis.java:start(418)) - Starting XceiverServerRatis df1cc03d-80ee-499c-8389-c672fcddb712 at port 36515
2019-06-14 09:01:25,533 INFO  impl.RaftServerProxy (RaftServerProxy.java:lambda$start$3(299)) - df1cc03d-80ee-499c-8389-c672fcddb712: start RPC server
2019-06-14 09:01:25,533 INFO  server.GrpcService (GrpcService.java:startImpl(148)) - df1cc03d-80ee-499c-8389-c672fcddb712: GrpcService started, listening on 0.0.0.0/0.0.0.0:36515
2019-06-14 09:01:25,650 INFO  ozoneimpl.OzoneContainer (OzoneContainer.java:start(186)) - Attempting to start container services.
2019-06-14 09:01:25,651 INFO  ozoneimpl.OzoneContainer (OzoneContainer.java:startContainerScrub(160)) - Background container scrubber has been disabled by hdds.containerscrub.enabled
2019-06-14 09:01:25,651 INFO  ratis.XceiverServerRatis (XceiverServerRatis.java:start(418)) - Starting XceiverServerRatis 397d3329-50e8-4726-8362-9854ab506d45 at port 39587
2019-06-14 09:01:25,654 INFO  impl.RaftServerProxy (RaftServerProxy.java:lambda$start$3(299)) - 397d3329-50e8-4726-8362-9854ab506d45: start RPC server
2019-06-14 09:01:25,654 INFO  server.GrpcService (GrpcService.java:startImpl(148)) - 397d3329-50e8-4726-8362-9854ab506d45: GrpcService started, listening on 0.0.0.0/0.0.0.0:39587
2019-06-14 09:01:25,758 INFO  ozoneimpl.OzoneContainer (OzoneContainer.java:start(186)) - Attempting to start container services.
2019-06-14 09:01:25,759 INFO  ozoneimpl.OzoneContainer (OzoneContainer.java:startContainerScrub(160)) - Background container scrubber has been disabled by hdds.containerscrub.enabled
2019-06-14 09:01:25,759 INFO  ratis.XceiverServerRatis (XceiverServerRatis.java:start(418)) - Starting XceiverServerRatis 3ab593ef-36d8-46fc-aa36-6ba334f2fcaa at port 46355
2019-06-14 09:01:25,762 INFO  impl.RaftServerProxy (RaftServerProxy.java:lambda$start$3(299)) - 3ab593ef-36d8-46fc-aa36-6ba334f2fcaa: start RPC server
2019-06-14 09:01:25,764 INFO  server.GrpcService (GrpcService.java:startImpl(148)) - 3ab593ef-36d8-46fc-aa36-6ba334f2fcaa: GrpcService started, listening on 0.0.0.0/0.0.0.0:46355
2019-06-14 09:01:25,800 INFO  container.ReplicationManager (ReplicationManager.java:sendCloseCommand(630)) - Sending close container command for container #1 to datanode d4302795-a86e-4bd7-ae74-75fd32bf6e49{ip: 192.168.105.147, host: ozone-xrdtn-3896089437, networkLocation: /default-rack, certSerialId: null}.
2019-06-14 09:01:25,800 WARN  events.EventQueue (EventQueue.java:fireEvent(147)) - Processing of TypedEvent{payloadType=CommandForDatanode, name='Datanode_Command'} is skipped, EventQueue is not running
2019-06-14 09:01:25,800 INFO  container.ReplicationManager (ReplicationManager.java:run(207)) - Replication Monitor Thread took 1 milliseconds for processing 3 containers.
2019-06-14 09:01:25,895 INFO  ozone.MiniOzoneClusterImpl (MiniOzoneClusterImpl.java:lambda$waitForClusterToBeReady$0(142)) - Waiting for cluster to be ready. Got 0 of 7 DN Heartbeats.
2019-06-14 09:01:25,900 INFO  ozoneimpl.OzoneContainer (OzoneContainer.java:start(186)) - Attempting to start container services.
2019-06-14 09:01:25,900 INFO  ozoneimpl.OzoneContainer (OzoneContainer.java:startContainerScrub(160)) - Background container scrubber has been disabled by hdds.containerscrub.enabled
2019-06-14 09:01:25,900 INFO  ratis.XceiverServerRatis (XceiverServerRatis.java:start(418)) - Starting XceiverServerRatis 0b68cd99-44c9-4596-b2c9-2e20566adae0 at port 36289
2019-06-14 09:01:25,904 INFO  impl.RaftServerProxy (RaftServerProxy.java:lambda$start$3(299)) - 0b68cd99-44c9-4596-b2c9-2e20566adae0: start RPC server
2019-06-14 09:01:25,911 INFO  server.GrpcService (GrpcService.java:startImpl(148)) - 0b68cd99-44c9-4596-b2c9-2e20566adae0: GrpcService started, listening on 0.0.0.0/0.0.0.0:36289
2019-06-14 09:01:26,582 WARN  events.EventQueue (EventQueue.java:fireEvent(147)) - Processing of TypedEvent{payloadType=DatanodeDetails, name='Stale_Node'} is skipped, EventQueue is not running
2019-06-14 09:01:26,683 WARN  events.EventQueue (EventQueue.java:fireEvent(147)) - Processing of TypedEvent{payloadType=DatanodeDetails, name='Stale_Node'} is skipped, EventQueue is not running
2019-06-14 09:01:26,883 WARN  events.EventQueue (EventQueue.java:fireEvent(147)) - Processing of TypedEvent{payloadType=DatanodeDetails, name='Stale_Node'} is skipped, EventQueue is not running
2019-06-14 09:01:26,895 INFO  ozone.MiniOzoneClusterImpl (MiniOzoneClusterImpl.java:lambda$waitForClusterToBeReady$0(142)) - Waiting for cluster to be ready. Got 0 of 7 DN Heartbeats.
2019-06-14 09:01:26,993 INFO  node.SCMNodeManager (SCMNodeManager.java:register(234)) - Registered Data node : fdfb2969-652c-4a8b-8074-c029c687affb{ip: 192.168.105.147, host: ozone-xrdtn-3896089437, networkLocation: /default-rack, certSerialId: null}
2019-06-14 09:01:26,995 INFO  safemode.SCMSafeModeManager (DataNodeSafeModeRule.java:process(71)) - SCM in safe mode. 1 DataNodes registered, 1 required.
2019-06-14 09:01:26,996 INFO  safemode.SCMSafeModeManager (SCMSafeModeManager.java:validateSafeModeExitRules(177)) - ScmSafeModeManager, all rules are successfully validated
2019-06-14 09:01:26,996 INFO  safemode.SCMSafeModeManager (SCMSafeModeManager.java:exitSafeMode(193)) - SCM exiting safe mode.
2019-06-14 09:01:27,000 INFO  impl.RaftServerProxy (RaftServerProxy.java:addNew(89)) - fdfb2969-652c-4a8b-8074-c029c687affb: addNew group-7B878C860567:[fdfb2969-652c-4a8b-8074-c029c687affb:192.168.105.147:33033] returns group-7B878C860567:java.util.concurrent.CompletableFuture@70259e52[Not completed]
2019-06-14 09:01:27,001 INFO  impl.RaftServerImpl (RaftServerImpl.java:<init>(91)) - fdfb2969-652c-4a8b-8074-c029c687affb: new RaftServerImpl for group-7B878C860567:[fdfb2969-652c-4a8b-8074-c029c687affb:192.168.105.147:33033] with ContainerStateMachine:uninitialized
2019-06-14 09:01:27,001 INFO  server.RaftServerConfigKeys (ConfUtils.java:logGet(43)) - raft.server.rpc.timeout.min = 1s (custom)
2019-06-14 09:01:27,001 INFO  server.RaftServerConfigKeys (ConfUtils.java:logGet(43)) - raft.server.rpc.timeout.max = 1200ms (custom)
2019-06-14 09:01:27,001 INFO  server.RaftServerConfigKeys (ConfUtils.java:logGet(43)) - raft.server.rpcslowness.timeout = 120s (custom)
2019-06-14 09:01:27,001 INFO  server.RaftServerConfigKeys (ConfUtils.java:logGet(43)) - raft.server.log.appender.install.snapshot.enabled = true (default)
2019-06-14 09:01:27,001 INFO  impl.RaftServerImpl (ServerState.java:<init>(101)) - fdfb2969-652c-4a8b-8074-c029c687affb:group-7B878C860567 ConfigurationManager, init=-1: [fdfb2969-652c-4a8b-8074-c029c687affb:192.168.105.147:33033], old=null, confs=<EMPTY_MAP>
2019-06-14 09:01:27,001 INFO  server.RaftServerConfigKeys (ConfUtils.java:logGet(43)) - raft.server.storage.dir = [/opt/src/hadoop-ozone/integration-test/target/test-dir/MiniOzoneClusterImpl-44e71b24-eb09-4105-ab19-c0949cf7d3c6/datanode-0/data/ratis] (custom)
2019-06-14 09:01:27,001 INFO  storage.RaftStorageDirectory (RaftStorageDirectory.java:analyzeStorage(246)) - The storage directory /opt/src/hadoop-ozone/integration-test/target/test-dir/MiniOzoneClusterImpl-44e71b24-eb09-4105-ab19-c0949cf7d3c6/datanode-0/data/ratis/02b00ead-5742-46f1-b6b8-7b878c860567 does not exist. Creating ...
2019-06-14 09:01:27,004 INFO  storage.RaftStorageDirectory (RaftStorageDirectory.java:tryLock(328)) - Lock on /opt/src/hadoop-ozone/integration-test/target/test-dir/MiniOzoneClusterImpl-44e71b24-eb09-4105-ab19-c0949cf7d3c6/datanode-0/data/ratis/02b00ead-5742-46f1-b6b8-7b878c860567/in_use.lock acquired by nodename 2466@ozone-xrdtn-3896089437
2019-06-14 09:01:27,006 INFO  storage.RaftStorage (RaftStorage.java:format(75)) - Storage directory /opt/src/hadoop-ozone/integration-test/target/test-dir/MiniOzoneClusterImpl-44e71b24-eb09-4105-ab19-c0949cf7d3c6/datanode-0/data/ratis/02b00ead-5742-46f1-b6b8-7b878c860567 has been successfully formatted.
2019-06-14 09:01:27,006 INFO  ratis.ContainerStateMachine (ContainerStateMachine.java:loadSnapshot(199)) - The snapshot info is null.Setting the last applied index to:(t:0, i:~)
2019-06-14 09:01:27,006 INFO  server.RaftServerConfigKeys (ConfUtils.java:logGet(43)) - raft.server.leader.election.timeout = 120s (custom)
2019-06-14 09:01:27,006 INFO  server.RaftServerConfigKeys (ConfUtils.java:logGet(43)) - raft.server.log.use.memory = false (default)
2019-06-14 09:01:27,006 INFO  server.RaftServerConfigKeys (ConfUtils.java:logGet(43)) - raft.server.log.appender.buffer.byte-limit = 33554432 (custom)
2019-06-14 09:01:27,006 INFO  server.RaftServerConfigKeys (ConfUtils.java:logGet(43)) - raft.server.log.segment.size.max = 16384 (custom)
2019-06-14 09:01:27,006 INFO  server.RaftServerConfigKeys (ConfUtils.java:logGet(43)) - raft.server.log.segment.cache.num.max = 2 (custom)
2019-06-14 09:01:27,006 INFO  storage.RaftLogWorker (RaftLogWorker.java:<init>(123)) - new fdfb2969-652c-4a8b-8074-c029c687affb-RaftLogWorker for Storage Directory /opt/src/hadoop-ozone/integration-test/target/test-dir/MiniOzoneClusterImpl-44e71b24-eb09-4105-ab19-c0949cf7d3c6/datanode-0/data/ratis/02b00ead-5742-46f1-b6b8-7b878c860567
2019-06-14 09:01:27,006 INFO  server.RaftServerConfigKeys (ConfUtils.java:logGet(43)) - raft.server.log.queue.byte-limit = 2147483647 (custom)
2019-06-14 09:01:27,006 INFO  server.RaftServerConfigKeys (ConfUtils.java:logGet(43)) - raft.server.log.queue.element-limit = 1024 (custom)
2019-06-14 09:01:27,006 INFO  server.RaftServerConfigKeys (ConfUtils.java:logGet(43)) - raft.server.log.segment.size.max = 16384 (custom)
2019-06-14 09:01:27,007 INFO  server.RaftServerConfigKeys (ConfUtils.java:logGet(43)) - raft.server.log.preallocated.size = 16384 (custom)
2019-06-14 09:01:27,007 INFO  server.RaftServerConfigKeys (ConfUtils.java:logGet(43)) - raft.server.log.write.buffer.size = 33554432 (custom)
2019-06-14 09:01:27,007 INFO  server.RaftServerConfigKeys (ConfUtils.java:logGet(43)) - raft.server.log.force.sync.num = 128 (default)
2019-06-14 09:01:27,007 INFO  server.RaftServerConfigKeys (ConfUtils.java:logGet(43)) - raft.server.log.statemachine.data.sync = true (default)
2019-06-14 09:01:27,007 INFO  server.RaftServerConfigKeys (ConfUtils.java:logGet(43)) - raft.server.log.statemachine.data.sync.timeout = 10s (default)
2019-06-14 09:01:27,007 INFO  server.RaftServerConfigKeys (ConfUtils.java:logGet(43)) - raft.server.log.statemachine.data.sync.timeout.retry = -1 (default)
2019-06-14 09:01:27,007 INFO  server.RaftServerConfigKeys (ConfUtils.java:logGet(43)) - raft.server.log.statemachine.data.caching.enabled = true (custom)
2019-06-14 09:01:27,007 INFO  server.RaftServerConfigKeys (ConfUtils.java:logGet(43)) - raft.server.snapshot.auto.trigger.enabled = true (custom)
2019-06-14 09:01:27,007 INFO  server.RaftServerConfigKeys (ConfUtils.java:logGet(43)) - raft.server.snapshot.auto.trigger.threshold = 10000 (custom)
2019-06-14 09:01:27,008 INFO  server.RaftServerConfigKeys (ConfUtils.java:logGet(43)) - raft.server.retrycache.expirytime = 600000ms (custom)
2019-06-14 09:01:27,008 INFO  impl.RaftServerImpl (RaftServerImpl.java:start(173)) - fdfb2969-652c-4a8b-8074-c029c687affb: start group-7B878C860567
2019-06-14 09:01:27,008 INFO  impl.RaftServerImpl (RaftServerImpl.java:setRole(164)) - fdfb2969-652c-4a8b-8074-c029c687affb:group-7B878C860567 changes role from null to FOLLOWER at term 0 for startAsFollower
2019-06-14 09:01:27,008 INFO  impl.RoleInfo (RoleInfo.java:updateAndGet(143)) - fdfb2969-652c-4a8b-8074-c029c687affb: start FollowerState
2019-06-14 09:01:27,008 INFO  util.JmxRegister (JmxRegister.java:tryRegister(44)) - Successfully registered JMX Bean with object name Ratis:service=RaftServer,group=group-7B878C860567,id=fdfb2969-652c-4a8b-8074-c029c687affb
2019-06-14 09:01:27,014 INFO  pipeline.PipelineStateManager (PipelineStateManager.java:addPipeline(56)) - Created pipeline Pipeline[ Id: 02b00ead-5742-46f1-b6b8-7b878c860567, Nodes: fdfb2969-652c-4a8b-8074-c029c687affb{ip: 192.168.105.147, host: ozone-xrdtn-3896089437, networkLocation: /default-rack, certSerialId: null}, Type:RATIS, Factor:ONE, State:OPEN]
2019-06-14 09:01:27,083 WARN  events.EventQueue (EventQueue.java:fireEvent(147)) - Processing of TypedEvent{payloadType=DatanodeDetails, name='Stale_Node'} is skipped, EventQueue is not running
2019-06-14 09:01:27,204 INFO  node.SCMNodeManager (SCMNodeManager.java:register(234)) - Registered Data node : d76534b3-c535-4b2b-9bca-88054ea9162f{ip: 192.168.105.147, host: ozone-xrdtn-3896089437, networkLocation: /default-rack, certSerialId: null}
2019-06-14 09:01:27,207 INFO  impl.RaftServerProxy (RaftServerProxy.java:addNew(89)) - d76534b3-c535-4b2b-9bca-88054ea9162f: addNew group-D5B2C8D5D814:[d76534b3-c535-4b2b-9bca-88054ea9162f:192.168.105.147:42099] returns group-D5B2C8D5D814:java.util.concurrent.CompletableFuture@3864287b[Not completed]
2019-06-14 09:01:27,208 INFO  impl.RaftServerImpl (RaftServerImpl.java:<init>(91)) - d76534b3-c535-4b2b-9bca-88054ea9162f: new RaftServerImpl for group-D5B2C8D5D814:[d76534b3-c535-4b2b-9bca-88054ea9162f:192.168.105.147:42099] with ContainerStateMachine:uninitialized
2019-06-14 09:01:27,208 INFO  server.RaftServerConfigKeys (ConfUtils.java:logGet(43)) - raft.server.rpc.timeout.min = 1s (custom)
2019-06-14 09:01:27,208 INFO  server.RaftServerConfigKeys (ConfUtils.java:logGet(43)) - raft.server.rpc.timeout.max = 1200ms (custom)
2019-06-14 09:01:27,208 INFO  server.RaftServerConfigKeys (ConfUtils.java:logGet(43)) - raft.server.rpcslowness.timeout = 120s (custom)
2019-06-14 09:01:27,208 INFO  server.RaftServerConfigKeys (ConfUtils.java:logGet(43)) - raft.server.log.appender.install.snapshot.enabled = true (default)
2019-06-14 09:01:27,208 INFO  impl.RaftServerImpl (ServerState.java:<init>(101)) - d76534b3-c535-4b2b-9bca-88054ea9162f:group-D5B2C8D5D814 ConfigurationManager, init=-1: [d76534b3-c535-4b2b-9bca-88054ea9162f:192.168.105.147:42099], old=null, confs=<EMPTY_MAP>
2019-06-14 09:01:27,208 INFO  server.RaftServerConfigKeys (ConfUtils.java:logGet(43)) - raft.server.storage.dir = [/opt/src/hadoop-ozone/integration-test/target/test-dir/MiniOzoneClusterImpl-44e71b24-eb09-4105-ab19-c0949cf7d3c6/datanode-1/data/ratis] (custom)
2019-06-14 09:01:27,209 INFO  storage.RaftStorageDirectory (RaftStorageDirectory.java:analyzeStorage(246)) - The storage directory /opt/src/hadoop-ozone/integration-test/target/test-dir/MiniOzoneClusterImpl-44e71b24-eb09-4105-ab19-c0949cf7d3c6/datanode-1/data/ratis/d1b57586-1bce-4e76-86c9-d5b2c8d5d814 does not exist. Creating ...
2019-06-14 09:01:27,211 INFO  storage.RaftStorageDirectory (RaftStorageDirectory.java:tryLock(328)) - Lock on /opt/src/hadoop-ozone/integration-test/target/test-dir/MiniOzoneClusterImpl-44e71b24-eb09-4105-ab19-c0949cf7d3c6/datanode-1/data/ratis/d1b57586-1bce-4e76-86c9-d5b2c8d5d814/in_use.lock acquired by nodename 2466@ozone-xrdtn-3896089437
2019-06-14 09:01:27,213 INFO  storage.RaftStorage (RaftStorage.java:format(75)) - Storage directory /opt/src/hadoop-ozone/integration-test/target/test-dir/MiniOzoneClusterImpl-44e71b24-eb09-4105-ab19-c0949cf7d3c6/datanode-1/data/ratis/d1b57586-1bce-4e76-86c9-d5b2c8d5d814 has been successfully formatted.
2019-06-14 09:01:27,214 INFO  ratis.ContainerStateMachine (ContainerStateMachine.java:loadSnapshot(199)) - The snapshot info is null.Setting the last applied index to:(t:0, i:~)
2019-06-14 09:01:27,214 INFO  server.RaftServerConfigKeys (ConfUtils.java:logGet(43)) - raft.server.leader.election.timeout = 120s (custom)
2019-06-14 09:01:27,214 INFO  server.RaftServerConfigKeys (ConfUtils.java:logGet(43)) - raft.server.log.use.memory = false (default)
2019-06-14 09:01:27,214 INFO  server.RaftServerConfigKeys (ConfUtils.java:logGet(43)) - raft.server.log.appender.buffer.byte-limit = 33554432 (custom)
2019-06-14 09:01:27,214 INFO  server.RaftServerConfigKeys (ConfUtils.java:logGet(43)) - raft.server.log.segment.size.max = 16384 (custom)
2019-06-14 09:01:27,214 INFO  server.RaftServerConfigKeys (ConfUtils.java:logGet(43)) - raft.server.log.segment.cache.num.max = 2 (custom)
2019-06-14 09:01:27,214 INFO  storage.RaftLogWorker (RaftLogWorker.java:<init>(123)) - new d76534b3-c535-4b2b-9bca-88054ea9162f-RaftLogWorker for Storage Directory /opt/src/hadoop-ozone/integration-test/target/test-dir/MiniOzoneClusterImpl-44e71b24-eb09-4105-ab19-c0949cf7d3c6/datanode-1/data/ratis/d1b57586-1bce-4e76-86c9-d5b2c8d5d814
2019-06-14 09:01:27,214 INFO  server.RaftServerConfigKeys (ConfUtils.java:logGet(43)) - raft.server.log.queue.byte-limit = 2147483647 (custom)
2019-06-14 09:01:27,214 INFO  server.RaftServerConfigKeys (ConfUtils.java:logGet(43)) - raft.server.log.queue.element-limit = 1024 (custom)
2019-06-14 09:01:27,214 INFO  server.RaftServerConfigKeys (ConfUtils.java:logGet(43)) - raft.server.log.segment.size.max = 16384 (custom)
2019-06-14 09:01:27,214 INFO  server.RaftServerConfigKeys (ConfUtils.java:logGet(43)) - raft.server.log.preallocated.size = 16384 (custom)
2019-06-14 09:01:27,214 INFO  server.RaftServerConfigKeys (ConfUtils.java:logGet(43)) - raft.server.log.write.buffer.size = 33554432 (custom)
2019-06-14 09:01:27,214 INFO  server.RaftServerConfigKeys (ConfUtils.java:logGet(43)) - raft.server.log.force.sync.num = 128 (default)
2019-06-14 09:01:27,214 INFO  server.RaftServerConfigKeys (ConfUtils.java:logGet(43)) - raft.server.log.statemachine.data.sync = true (default)
2019-06-14 09:01:27,215 INFO  server.RaftServerConfigKeys (ConfUtils.java:logGet(43)) - raft.server.log.statemachine.data.sync.timeout = 10s (default)
2019-06-14 09:01:27,215 INFO  server.RaftServerConfigKeys (ConfUtils.java:logGet(43)) - raft.server.log.statemachine.data.sync.timeout.retry = -1 (default)
2019-06-14 09:01:27,215 INFO  server.RaftServerConfigKeys (ConfUtils.java:logGet(43)) - raft.server.log.statemachine.data.caching.enabled = true (custom)
2019-06-14 09:01:27,215 INFO  server.RaftServerConfigKeys (ConfUtils.java:logGet(43)) - raft.server.snapshot.auto.trigger.enabled = true (custom)
2019-06-14 09:01:27,215 INFO  server.RaftServerConfigKeys (ConfUtils.java:logGet(43)) - raft.server.snapshot.auto.trigger.threshold = 10000 (custom)
2019-06-14 09:01:27,215 INFO  server.RaftServerConfigKeys (ConfUtils.java:logGet(43)) - raft.server.retrycache.expirytime = 600000ms (custom)
2019-06-14 09:01:27,215 INFO  impl.RaftServerImpl (RaftServerImpl.java:start(173)) - d76534b3-c535-4b2b-9bca-88054ea9162f: start group-D5B2C8D5D814
2019-06-14 09:01:27,215 INFO  impl.RaftServerImpl (RaftServerImpl.java:setRole(164)) - d76534b3-c535-4b2b-9bca-88054ea9162f:group-D5B2C8D5D814 changes role from null to FOLLOWER at term 0 for startAsFollower
2019-06-14 09:01:27,216 INFO  impl.RoleInfo (RoleInfo.java:updateAndGet(143)) - d76534b3-c535-4b2b-9bca-88054ea9162f: start FollowerState
2019-06-14 09:01:27,216 INFO  util.JmxRegister (JmxRegister.java:tryRegister(44)) - Successfully registered JMX Bean with object name Ratis:service=RaftServer,group=group-D5B2C8D5D814,id=d76534b3-c535-4b2b-9bca-88054ea9162f
2019-06-14 09:01:27,218 INFO  pipeline.PipelineStateManager (PipelineStateManager.java:addPipeline(56)) - Created pipeline Pipeline[ Id: d1b57586-1bce-4e76-86c9-d5b2c8d5d814, Nodes: d76534b3-c535-4b2b-9bca-88054ea9162f{ip: 192.168.105.147, host: ozone-xrdtn-3896089437, networkLocation: /default-rack, certSerialId: null}, Type:RATIS, Factor:ONE, State:OPEN]
2019-06-14 09:01:27,283 WARN  events.EventQueue (EventQueue.java:fireEvent(147)) - Processing of TypedEvent{payloadType=DatanodeDetails, name='Stale_Node'} is skipped, EventQueue is not running
2019-06-14 09:01:27,284 WARN  events.EventQueue (EventQueue.java:fireEvent(147)) - Processing of TypedEvent{payloadType=DatanodeDetails, name='Stale_Node'} is skipped, EventQueue is not running
2019-06-14 09:01:27,384 WARN  events.EventQueue (EventQueue.java:fireEvent(147)) - Processing of TypedEvent{payloadType=DatanodeDetails, name='Stale_Node'} is skipped, EventQueue is not running
2019-06-14 09:01:27,410 INFO  node.SCMNodeManager (SCMNodeManager.java:register(234)) - Registered Data node : f75ebefa-26f9-4a5c-8816-731c9e8aa80b{ip: 192.168.105.147, host: ozone-xrdtn-3896089437, networkLocation: /default-rack, certSerialId: null}
2019-06-14 09:01:27,414 INFO  impl.RaftServerProxy (RaftServerProxy.java:addNew(89)) - f75ebefa-26f9-4a5c-8816-731c9e8aa80b: addNew group-318A25DC35AF:[f75ebefa-26f9-4a5c-8816-731c9e8aa80b:192.168.105.147:38699] returns group-318A25DC35AF:java.util.concurrent.CompletableFuture@42fbebb0[Not completed]
2019-06-14 09:01:27,414 INFO  impl.RaftServerImpl (RaftServerImpl.java:<init>(91)) - f75ebefa-26f9-4a5c-8816-731c9e8aa80b: new RaftServerImpl for group-318A25DC35AF:[f75ebefa-26f9-4a5c-8816-731c9e8aa80b:192.168.105.147:38699] with ContainerStateMachine:uninitialized
2019-06-14 09:01:27,414 INFO  server.RaftServerConfigKeys (ConfUtils.java:logGet(43)) - raft.server.rpc.timeout.min = 1s (custom)
2019-06-14 09:01:27,415 INFO  server.RaftServerConfigKeys (ConfUtils.java:logGet(43)) - raft.server.rpc.timeout.max = 1200ms (custom)
2019-06-14 09:01:27,415 INFO  server.RaftServerConfigKeys (ConfUtils.java:logGet(43)) - raft.server.rpcslowness.timeout = 120s (custom)
2019-06-14 09:01:27,415 INFO  server.RaftServerConfigKeys (ConfUtils.java:logGet(43)) - raft.server.log.appender.install.snapshot.enabled = true (default)
2019-06-14 09:01:27,415 INFO  impl.RaftServerImpl (ServerState.java:<init>(101)) - f75ebefa-26f9-4a5c-8816-731c9e8aa80b:group-318A25DC35AF ConfigurationManager, init=-1: [f75ebefa-26f9-4a5c-8816-731c9e8aa80b:192.168.105.147:38699], old=null, confs=<EMPTY_MAP>
2019-06-14 09:01:27,415 INFO  server.RaftServerConfigKeys (ConfUtils.java:logGet(43)) - raft.server.storage.dir = [/opt/src/hadoop-ozone/integration-test/target/test-dir/MiniOzoneClusterImpl-44e71b24-eb09-4105-ab19-c0949cf7d3c6/datanode-2/data/ratis] (custom)
2019-06-14 09:01:27,415 INFO  storage.RaftStorageDirectory (RaftStorageDirectory.java:analyzeStorage(246)) - The storage directory /opt/src/hadoop-ozone/integration-test/target/test-dir/MiniOzoneClusterImpl-44e71b24-eb09-4105-ab19-c0949cf7d3c6/datanode-2/data/ratis/c1d779e9-1268-4ee7-bb06-318a25dc35af does not exist. Creating ...
2019-06-14 09:01:27,417 INFO  storage.RaftStorageDirectory (RaftStorageDirectory.java:tryLock(328)) - Lock on /opt/src/hadoop-ozone/integration-test/target/test-dir/MiniOzoneClusterImpl-44e71b24-eb09-4105-ab19-c0949cf7d3c6/datanode-2/data/ratis/c1d779e9-1268-4ee7-bb06-318a25dc35af/in_use.lock acquired by nodename 2466@ozone-xrdtn-3896089437
2019-06-14 09:01:27,419 INFO  storage.RaftStorage (RaftStorage.java:format(75)) - Storage directory /opt/src/hadoop-ozone/integration-test/target/test-dir/MiniOzoneClusterImpl-44e71b24-eb09-4105-ab19-c0949cf7d3c6/datanode-2/data/ratis/c1d779e9-1268-4ee7-bb06-318a25dc35af has been successfully formatted.
2019-06-14 09:01:27,419 INFO  ratis.ContainerStateMachine (ContainerStateMachine.java:loadSnapshot(199)) - The snapshot info is null.Setting the last applied index to:(t:0, i:~)
2019-06-14 09:01:27,420 INFO  server.RaftServerConfigKeys (ConfUtils.java:logGet(43)) - raft.server.leader.election.timeout = 120s (custom)
2019-06-14 09:01:27,420 INFO  server.RaftServerConfigKeys (ConfUtils.java:logGet(43)) - raft.server.log.use.memory = false (default)
2019-06-14 09:01:27,420 INFO  server.RaftServerConfigKeys (ConfUtils.java:logGet(43)) - raft.server.log.appender.buffer.byte-limit = 33554432 (custom)
2019-06-14 09:01:27,420 INFO  server.RaftServerConfigKeys (ConfUtils.java:logGet(43)) - raft.server.log.segment.size.max = 16384 (custom)
2019-06-14 09:01:27,420 INFO  server.RaftServerConfigKeys (ConfUtils.java:logGet(43)) - raft.server.log.segment.cache.num.max = 2 (custom)
2019-06-14 09:01:27,420 INFO  storage.RaftLogWorker (RaftLogWorker.java:<init>(123)) - new f75ebefa-26f9-4a5c-8816-731c9e8aa80b-RaftLogWorker for Storage Directory /opt/src/hadoop-ozone/integration-test/target/test-dir/MiniOzoneClusterImpl-44e71b24-eb09-4105-ab19-c0949cf7d3c6/datanode-2/data/ratis/c1d779e9-1268-4ee7-bb06-318a25dc35af
2019-06-14 09:01:27,420 INFO  server.RaftServerConfigKeys (ConfUtils.java:logGet(43)) - raft.server.log.queue.byte-limit = 2147483647 (custom)
2019-06-14 09:01:27,420 INFO  server.RaftServerConfigKeys (ConfUtils.java:logGet(43)) - raft.server.log.queue.element-limit = 1024 (custom)
2019-06-14 09:01:27,420 INFO  server.RaftServerConfigKeys (ConfUtils.java:logGet(43)) - raft.server.log.segment.size.max = 16384 (custom)
2019-06-14 09:01:27,420 INFO  server.RaftServerConfigKeys (ConfUtils.java:logGet(43)) - raft.server.log.preallocated.size = 16384 (custom)
2019-06-14 09:01:27,420 INFO  server.RaftServerConfigKeys (ConfUtils.java:logGet(43)) - raft.server.log.write.buffer.size = 33554432 (custom)
2019-06-14 09:01:27,420 INFO  server.RaftServerConfigKeys (ConfUtils.java:logGet(43)) - raft.server.log.force.sync.num = 128 (default)
2019-06-14 09:01:27,420 INFO  server.RaftServerConfigKeys (ConfUtils.java:logGet(43)) - raft.server.log.statemachine.data.sync = true (default)
2019-06-14 09:01:27,420 INFO  server.RaftServerConfigKeys (ConfUtils.java:logGet(43)) - raft.server.log.statemachine.data.sync.timeout = 10s (default)
2019-06-14 09:01:27,420 INFO  server.RaftServerConfigKeys (ConfUtils.java:logGet(43)) - raft.server.log.statemachine.data.sync.timeout.retry = -1 (default)
2019-06-14 09:01:27,420 INFO  server.RaftServerConfigKeys (ConfUtils.java:logGet(43)) - raft.server.log.statemachine.data.caching.enabled = true (custom)
2019-06-14 09:01:27,421 INFO  server.RaftServerConfigKeys (ConfUtils.java:logGet(43)) - raft.server.snapshot.auto.trigger.enabled = true (custom)
2019-06-14 09:01:27,421 INFO  server.RaftServerConfigKeys (ConfUtils.java:logGet(43)) - raft.server.snapshot.auto.trigger.threshold = 10000 (custom)
2019-06-14 09:01:27,421 INFO  server.RaftServerConfigKeys (ConfUtils.java:logGet(43)) - raft.server.retrycache.expirytime = 600000ms (custom)
2019-06-14 09:01:27,421 INFO  impl.RaftServerImpl (RaftServerImpl.java:start(173)) - f75ebefa-26f9-4a5c-8816-731c9e8aa80b: start group-318A25DC35AF
2019-06-14 09:01:27,421 INFO  impl.RaftServerImpl (RaftServerImpl.java:setRole(164)) - f75ebefa-26f9-4a5c-8816-731c9e8aa80b:group-318A25DC35AF changes role from null to FOLLOWER at term 0 for startAsFollower
2019-06-14 09:01:27,421 INFO  impl.RoleInfo (RoleInfo.java:updateAndGet(143)) - f75ebefa-26f9-4a5c-8816-731c9e8aa80b: start FollowerState
2019-06-14 09:01:27,421 INFO  util.JmxRegister (JmxRegister.java:tryRegister(44)) - Successfully registered JMX Bean with object name Ratis:service=RaftServer,group=group-318A25DC35AF,id=f75ebefa-26f9-4a5c-8816-731c9e8aa80b
2019-06-14 09:01:27,428 INFO  pipeline.PipelineStateManager (PipelineStateManager.java:addPipeline(56)) - Created pipeline Pipeline[ Id: c1d779e9-1268-4ee7-bb06-318a25dc35af, Nodes: f75ebefa-26f9-4a5c-8816-731c9e8aa80b{ip: 192.168.105.147, host: ozone-xrdtn-3896089437, networkLocation: /default-rack, certSerialId: null}, Type:RATIS, Factor:ONE, State:OPEN]
2019-06-14 09:01:27,435 INFO  impl.RaftServerProxy (RaftServerProxy.java:addNew(89)) - fdfb2969-652c-4a8b-8074-c029c687affb: addNew group-BD08FBF16EF4:[fdfb2969-652c-4a8b-8074-c029c687affb:192.168.105.147:33033, d76534b3-c535-4b2b-9bca-88054ea9162f:192.168.105.147:42099, f75ebefa-26f9-4a5c-8816-731c9e8aa80b:192.168.105.147:38699] returns group-BD08FBF16EF4:java.util.concurrent.CompletableFuture@41ee7d39[Not completed]
2019-06-14 09:01:27,436 INFO  impl.RaftServerImpl (RaftServerImpl.java:<init>(91)) - fdfb2969-652c-4a8b-8074-c029c687affb: new RaftServerImpl for group-BD08FBF16EF4:[fdfb2969-652c-4a8b-8074-c029c687affb:192.168.105.147:33033, d76534b3-c535-4b2b-9bca-88054ea9162f:192.168.105.147:42099, f75ebefa-26f9-4a5c-8816-731c9e8aa80b:192.168.105.147:38699] with ContainerStateMachine:uninitialized
2019-06-14 09:01:27,436 INFO  server.RaftServerConfigKeys (ConfUtils.java:logGet(43)) - raft.server.rpc.timeout.min = 1s (custom)
2019-06-14 09:01:27,436 INFO  server.RaftServerConfigKeys (ConfUtils.java:logGet(43)) - raft.server.rpc.timeout.max = 1200ms (custom)
2019-06-14 09:01:27,436 INFO  server.RaftServerConfigKeys (ConfUtils.java:logGet(43)) - raft.server.rpcslowness.timeout = 120s (custom)
2019-06-14 09:01:27,436 INFO  server.RaftServerConfigKeys (ConfUtils.java:logGet(43)) - raft.server.log.appender.install.snapshot.enabled = true (default)
2019-06-14 09:01:27,436 INFO  impl.RaftServerImpl (ServerState.java:<init>(101)) - fdfb2969-652c-4a8b-8074-c029c687affb:group-BD08FBF16EF4 ConfigurationManager, init=-1: [fdfb2969-652c-4a8b-8074-c029c687affb:192.168.105.147:33033, d76534b3-c535-4b2b-9bca-88054ea9162f:192.168.105.147:42099, f75ebefa-26f9-4a5c-8816-731c9e8aa80b:192.168.105.147:38699], old=null, confs=<EMPTY_MAP>
2019-06-14 09:01:27,436 INFO  server.RaftServerConfigKeys (ConfUtils.java:logGet(43)) - raft.server.storage.dir = [/opt/src/hadoop-ozone/integration-test/target/test-dir/MiniOzoneClusterImpl-44e71b24-eb09-4105-ab19-c0949cf7d3c6/datanode-0/data/ratis] (custom)
2019-06-14 09:01:27,436 INFO  storage.RaftStorageDirectory (RaftStorageDirectory.java:analyzeStorage(246)) - The storage directory /opt/src/hadoop-ozone/integration-test/target/test-dir/MiniOzoneClusterImpl-44e71b24-eb09-4105-ab19-c0949cf7d3c6/datanode-0/data/ratis/4fa030ca-0cee-4010-bf86-bd08fbf16ef4 does not exist. Creating ...
2019-06-14 09:01:27,437 INFO  impl.RaftServerProxy (RaftServerProxy.java:addNew(89)) - f75ebefa-26f9-4a5c-8816-731c9e8aa80b: addNew group-BD08FBF16EF4:[fdfb2969-652c-4a8b-8074-c029c687affb:192.168.105.147:33033, d76534b3-c535-4b2b-9bca-88054ea9162f:192.168.105.147:42099, f75ebefa-26f9-4a5c-8816-731c9e8aa80b:192.168.105.147:38699] returns group-BD08FBF16EF4:java.util.concurrent.CompletableFuture@6202cfd4[Not completed]
2019-06-14 09:01:27,437 INFO  impl.RaftServerProxy (RaftServerProxy.java:addNew(89)) - d76534b3-c535-4b2b-9bca-88054ea9162f: addNew group-BD08FBF16EF4:[fdfb2969-652c-4a8b-8074-c029c687affb:192.168.105.147:33033, d76534b3-c535-4b2b-9bca-88054ea9162f:192.168.105.147:42099, f75ebefa-26f9-4a5c-8816-731c9e8aa80b:192.168.105.147:38699] returns group-BD08FBF16EF4:java.util.concurrent.CompletableFuture@1d9ac8b7[Not completed]
2019-06-14 09:01:27,437 INFO  impl.RaftServerImpl (RaftServerImpl.java:<init>(91)) - f75ebefa-26f9-4a5c-8816-731c9e8aa80b: new RaftServerImpl for group-BD08FBF16EF4:[fdfb2969-652c-4a8b-8074-c029c687affb:192.168.105.147:33033, d76534b3-c535-4b2b-9bca-88054ea9162f:192.168.105.147:42099, f75ebefa-26f9-4a5c-8816-731c9e8aa80b:192.168.105.147:38699] with ContainerStateMachine:uninitialized
2019-06-14 09:01:27,437 INFO  server.RaftServerConfigKeys (ConfUtils.java:logGet(43)) - raft.server.rpc.timeout.min = 1s (custom)
2019-06-14 09:01:27,437 INFO  server.RaftServerConfigKeys (ConfUtils.java:logGet(43)) - raft.server.rpc.timeout.max = 1200ms (custom)
2019-06-14 09:01:27,437 INFO  server.RaftServerConfigKeys (ConfUtils.java:logGet(43)) - raft.server.rpcslowness.timeout = 120s (custom)
2019-06-14 09:01:27,437 INFO  server.RaftServerConfigKeys (ConfUtils.java:logGet(43)) - raft.server.log.appender.install.snapshot.enabled = true (default)
2019-06-14 09:01:27,437 INFO  impl.RaftServerImpl (ServerState.java:<init>(101)) - f75ebefa-26f9-4a5c-8816-731c9e8aa80b:group-BD08FBF16EF4 ConfigurationManager, init=-1: [fdfb2969-652c-4a8b-8074-c029c687affb:192.168.105.147:33033, d76534b3-c535-4b2b-9bca-88054ea9162f:192.168.105.147:42099, f75ebefa-26f9-4a5c-8816-731c9e8aa80b:192.168.105.147:38699], old=null, confs=<EMPTY_MAP>
2019-06-14 09:01:27,438 INFO  server.RaftServerConfigKeys (ConfUtils.java:logGet(43)) - raft.server.storage.dir = [/opt/src/hadoop-ozone/integration-test/target/test-dir/MiniOzoneClusterImpl-44e71b24-eb09-4105-ab19-c0949cf7d3c6/datanode-2/data/ratis] (custom)
2019-06-14 09:01:27,438 INFO  impl.RaftServerImpl (RaftServerImpl.java:<init>(91)) - d76534b3-c535-4b2b-9bca-88054ea9162f: new RaftServerImpl for group-BD08FBF16EF4:[fdfb2969-652c-4a8b-8074-c029c687affb:192.168.105.147:33033, d76534b3-c535-4b2b-9bca-88054ea9162f:192.168.105.147:42099, f75ebefa-26f9-4a5c-8816-731c9e8aa80b:192.168.105.147:38699] with ContainerStateMachine:uninitialized
2019-06-14 09:01:27,438 INFO  storage.RaftStorageDirectory (RaftStorageDirectory.java:analyzeStorage(246)) - The storage directory /opt/src/hadoop-ozone/integration-test/target/test-dir/MiniOzoneClusterImpl-44e71b24-eb09-4105-ab19-c0949cf7d3c6/datanode-2/data/ratis/4fa030ca-0cee-4010-bf86-bd08fbf16ef4 does not exist. Creating ...
2019-06-14 09:01:27,438 INFO  server.RaftServerConfigKeys (ConfUtils.java:logGet(43)) - raft.server.rpc.timeout.min = 1s (custom)
2019-06-14 09:01:27,438 INFO  server.RaftServerConfigKeys (ConfUtils.java:logGet(43)) - raft.server.rpc.timeout.max = 1200ms (custom)
2019-06-14 09:01:27,438 INFO  server.RaftServerConfigKeys (ConfUtils.java:logGet(43)) - raft.server.rpcslowness.timeout = 120s (custom)
2019-06-14 09:01:27,438 INFO  server.RaftServerConfigKeys (ConfUtils.java:logGet(43)) - raft.server.log.appender.install.snapshot.enabled = true (default)
2019-06-14 09:01:27,438 INFO  impl.RaftServerImpl (ServerState.java:<init>(101)) - d76534b3-c535-4b2b-9bca-88054ea9162f:group-BD08FBF16EF4 ConfigurationManager, init=-1: [fdfb2969-652c-4a8b-8074-c029c687affb:192.168.105.147:33033, d76534b3-c535-4b2b-9bca-88054ea9162f:192.168.105.147:42099, f75ebefa-26f9-4a5c-8816-731c9e8aa80b:192.168.105.147:38699], old=null, confs=<EMPTY_MAP>
2019-06-14 09:01:27,438 INFO  server.RaftServerConfigKeys (ConfUtils.java:logGet(43)) - raft.server.storage.dir = [/opt/src/hadoop-ozone/integration-test/target/test-dir/MiniOzoneClusterImpl-44e71b24-eb09-4105-ab19-c0949cf7d3c6/datanode-1/data/ratis] (custom)
2019-06-14 09:01:27,438 INFO  storage.RaftStorageDirectory (RaftStorageDirectory.java:analyzeStorage(246)) - The storage directory /opt/src/hadoop-ozone/integration-test/target/test-dir/MiniOzoneClusterImpl-44e71b24-eb09-4105-ab19-c0949cf7d3c6/datanode-1/data/ratis/4fa030ca-0cee-4010-bf86-bd08fbf16ef4 does not exist. Creating ...
2019-06-14 09:01:27,440 INFO  storage.RaftStorageDirectory (RaftStorageDirectory.java:tryLock(328)) - Lock on /opt/src/hadoop-ozone/integration-test/target/test-dir/MiniOzoneClusterImpl-44e71b24-eb09-4105-ab19-c0949cf7d3c6/datanode-2/data/ratis/4fa030ca-0cee-4010-bf86-bd08fbf16ef4/in_use.lock acquired by nodename 2466@ozone-xrdtn-3896089437
2019-06-14 09:01:27,441 INFO  storage.RaftStorageDirectory (RaftStorageDirectory.java:tryLock(328)) - Lock on /opt/src/hadoop-ozone/integration-test/target/test-dir/MiniOzoneClusterImpl-44e71b24-eb09-4105-ab19-c0949cf7d3c6/datanode-0/data/ratis/4fa030ca-0cee-4010-bf86-bd08fbf16ef4/in_use.lock acquired by nodename 2466@ozone-xrdtn-3896089437
2019-06-14 09:01:27,442 INFO  storage.RaftStorageDirectory (RaftStorageDirectory.java:tryLock(328)) - Lock on /opt/src/hadoop-ozone/integration-test/target/test-dir/MiniOzoneClusterImpl-44e71b24-eb09-4105-ab19-c0949cf7d3c6/datanode-1/data/ratis/4fa030ca-0cee-4010-bf86-bd08fbf16ef4/in_use.lock acquired by nodename 2466@ozone-xrdtn-3896089437
2019-06-14 09:01:27,443 INFO  storage.RaftStorage (RaftStorage.java:format(75)) - Storage directory /opt/src/hadoop-ozone/integration-test/target/test-dir/MiniOzoneClusterImpl-44e71b24-eb09-4105-ab19-c0949cf7d3c6/datanode-0/data/ratis/4fa030ca-0cee-4010-bf86-bd08fbf16ef4 has been successfully formatted.
2019-06-14 09:01:27,443 INFO  storage.RaftStorage (RaftStorage.java:format(75)) - Storage directory /opt/src/hadoop-ozone/integration-test/target/test-dir/MiniOzoneClusterImpl-44e71b24-eb09-4105-ab19-c0949cf7d3c6/datanode-2/data/ratis/4fa030ca-0cee-4010-bf86-bd08fbf16ef4 has been successfully formatted.
2019-06-14 09:01:27,443 INFO  ratis.ContainerStateMachine (ContainerStateMachine.java:loadSnapshot(199)) - The snapshot info is null.Setting the last applied index to:(t:0, i:~)
2019-06-14 09:01:27,444 INFO  ratis.ContainerStateMachine (ContainerStateMachine.java:loadSnapshot(199)) - The snapshot info is null.Setting the last applied index to:(t:0, i:~)
2019-06-14 09:01:27,444 INFO  server.RaftServerConfigKeys (ConfUtils.java:logGet(43)) - raft.server.leader.election.timeout = 120s (custom)
2019-06-14 09:01:27,444 INFO  server.RaftServerConfigKeys (ConfUtils.java:logGet(43)) - raft.server.leader.election.timeout = 120s (custom)
2019-06-14 09:01:27,444 INFO  server.RaftServerConfigKeys (ConfUtils.java:logGet(43)) - raft.server.log.use.memory = false (default)
2019-06-14 09:01:27,444 INFO  server.RaftServerConfigKeys (ConfUtils.java:logGet(43)) - raft.server.log.use.memory = false (default)
2019-06-14 09:01:27,444 INFO  server.RaftServerConfigKeys (ConfUtils.java:logGet(43)) - raft.server.log.appender.buffer.byte-limit = 33554432 (custom)
2019-06-14 09:01:27,444 INFO  server.RaftServerConfigKeys (ConfUtils.java:logGet(43)) - raft.server.log.appender.buffer.byte-limit = 33554432 (custom)
2019-06-14 09:01:27,444 INFO  server.RaftServerConfigKeys (ConfUtils.java:logGet(43)) - raft.server.log.segment.size.max = 16384 (custom)
2019-06-14 09:01:27,444 INFO  server.RaftServerConfigKeys (ConfUtils.java:logGet(43)) - raft.server.log.segment.size.max = 16384 (custom)
2019-06-14 09:01:27,444 INFO  server.RaftServerConfigKeys (ConfUtils.java:logGet(43)) - raft.server.log.segment.cache.num.max = 2 (custom)
2019-06-14 09:01:27,444 INFO  server.RaftServerConfigKeys (ConfUtils.java:logGet(43)) - raft.server.log.segment.cache.num.max = 2 (custom)
2019-06-14 09:01:27,444 INFO  storage.RaftLogWorker (RaftLogWorker.java:<init>(123)) - new fdfb2969-652c-4a8b-8074-c029c687affb-RaftLogWorker for Storage Directory /opt/src/hadoop-ozone/integration-test/target/test-dir/MiniOzoneClusterImpl-44e71b24-eb09-4105-ab19-c0949cf7d3c6/datanode-0/data/ratis/4fa030ca-0cee-4010-bf86-bd08fbf16ef4
2019-06-14 09:01:27,444 INFO  storage.RaftLogWorker (RaftLogWorker.java:<init>(123)) - new f75ebefa-26f9-4a5c-8816-731c9e8aa80b-RaftLogWorker for Storage Directory /opt/src/hadoop-ozone/integration-test/target/test-dir/MiniOzoneClusterImpl-44e71b24-eb09-4105-ab19-c0949cf7d3c6/datanode-2/data/ratis/4fa030ca-0cee-4010-bf86-bd08fbf16ef4
2019-06-14 09:01:27,444 INFO  server.RaftServerConfigKeys (ConfUtils.java:logGet(43)) - raft.server.log.queue.byte-limit = 2147483647 (custom)
2019-06-14 09:01:27,445 INFO  server.RaftServerConfigKeys (ConfUtils.java:logGet(43)) - raft.server.log.queue.byte-limit = 2147483647 (custom)
2019-06-14 09:01:27,445 INFO  server.RaftServerConfigKeys (ConfUtils.java:logGet(43)) - raft.server.log.queue.element-limit = 1024 (custom)
2019-06-14 09:01:27,445 INFO  server.RaftServerConfigKeys (ConfUtils.java:logGet(43)) - raft.server.log.queue.element-limit = 1024 (custom)
2019-06-14 09:01:27,445 INFO  server.RaftServerConfigKeys (ConfUtils.java:logGet(43)) - raft.server.log.segment.size.max = 16384 (custom)
2019-06-14 09:01:27,445 INFO  server.RaftServerConfigKeys (ConfUtils.java:logGet(43)) - raft.server.log.segment.size.max = 16384 (custom)
2019-06-14 09:01:27,445 INFO  server.RaftServerConfigKeys (ConfUtils.java:logGet(43)) - raft.server.log.preallocated.size = 16384 (custom)
2019-06-14 09:01:27,445 INFO  server.RaftServerConfigKeys (ConfUtils.java:logGet(43)) - raft.server.log.preallocated.size = 16384 (custom)
2019-06-14 09:01:27,445 INFO  storage.RaftStorage (RaftStorage.java:format(75)) - Storage directory /opt/src/hadoop-ozone/integration-test/target/test-dir/MiniOzoneClusterImpl-44e71b24-eb09-4105-ab19-c0949cf7d3c6/datanode-1/data/ratis/4fa030ca-0cee-4010-bf86-bd08fbf16ef4 has been successfully formatted.
2019-06-14 09:01:27,445 INFO  server.RaftServerConfigKeys (ConfUtils.java:logGet(43)) - raft.server.log.write.buffer.size = 33554432 (custom)
2019-06-14 09:01:27,445 INFO  ratis.ContainerStateMachine (ContainerStateMachine.java:loadSnapshot(199)) - The snapshot info is null.Setting the last applied index to:(t:0, i:~)
2019-06-14 09:01:27,445 INFO  server.RaftServerConfigKeys (ConfUtils.java:logGet(43)) - raft.server.leader.election.timeout = 120s (custom)
2019-06-14 09:01:27,446 INFO  server.RaftServerConfigKeys (ConfUtils.java:logGet(43)) - raft.server.log.use.memory = false (default)
2019-06-14 09:01:27,446 INFO  server.RaftServerConfigKeys (ConfUtils.java:logGet(43)) - raft.server.log.appender.buffer.byte-limit = 33554432 (custom)
2019-06-14 09:01:27,446 INFO  server.RaftServerConfigKeys (ConfUtils.java:logGet(43)) - raft.server.log.segment.size.max = 16384 (custom)
2019-06-14 09:01:27,446 INFO  server.RaftServerConfigKeys (ConfUtils.java:logGet(43)) - raft.server.log.segment.cache.num.max = 2 (custom)
2019-06-14 09:01:27,446 INFO  storage.RaftLogWorker (RaftLogWorker.java:<init>(123)) - new d76534b3-c535-4b2b-9bca-88054ea9162f-RaftLogWorker for Storage Directory /opt/src/hadoop-ozone/integration-test/target/test-dir/MiniOzoneClusterImpl-44e71b24-eb09-4105-ab19-c0949cf7d3c6/datanode-1/data/ratis/4fa030ca-0cee-4010-bf86-bd08fbf16ef4
2019-06-14 09:01:27,446 INFO  server.RaftServerConfigKeys (ConfUtils.java:logGet(43)) - raft.server.log.queue.byte-limit = 2147483647 (custom)
2019-06-14 09:01:27,446 INFO  server.RaftServerConfigKeys (ConfUtils.java:logGet(43)) - raft.server.log.queue.element-limit = 1024 (custom)
2019-06-14 09:01:27,446 INFO  server.RaftServerConfigKeys (ConfUtils.java:logGet(43)) - raft.server.log.segment.size.max = 16384 (custom)
2019-06-14 09:01:27,446 INFO  server.RaftServerConfigKeys (ConfUtils.java:logGet(43)) - raft.server.log.preallocated.size = 16384 (custom)
2019-06-14 09:01:27,446 INFO  server.RaftServerConfigKeys (ConfUtils.java:logGet(43)) - raft.server.log.write.buffer.size = 33554432 (custom)
2019-06-14 09:01:27,446 INFO  server.RaftServerConfigKeys (ConfUtils.java:logGet(43)) - raft.server.log.force.sync.num = 128 (default)
2019-06-14 09:01:27,446 INFO  server.RaftServerConfigKeys (ConfUtils.java:logGet(43)) - raft.server.log.statemachine.data.sync = true (default)
2019-06-14 09:01:27,447 INFO  server.RaftServerConfigKeys (ConfUtils.java:logGet(43)) - raft.server.log.statemachine.data.sync.timeout = 10s (default)
2019-06-14 09:01:27,447 INFO  server.RaftServerConfigKeys (ConfUtils.java:logGet(43)) - raft.server.log.statemachine.data.sync.timeout.retry = -1 (default)
2019-06-14 09:01:27,447 INFO  server.RaftServerConfigKeys (ConfUtils.java:logGet(43)) - raft.server.log.statemachine.data.caching.enabled = true (custom)
2019-06-14 09:01:27,445 INFO  server.RaftServerConfigKeys (ConfUtils.java:logGet(43)) - raft.server.log.write.buffer.size = 33554432 (custom)
2019-06-14 09:01:27,445 INFO  server.RaftServerConfigKeys (ConfUtils.java:logGet(43)) - raft.server.log.force.sync.num = 128 (default)
2019-06-14 09:01:27,447 INFO  server.RaftServerConfigKeys (ConfUtils.java:logGet(43)) - raft.server.log.statemachine.data.sync = true (default)
2019-06-14 09:01:27,447 INFO  server.RaftServerConfigKeys (ConfUtils.java:logGet(43)) - raft.server.log.force.sync.num = 128 (default)
2019-06-14 09:01:27,447 INFO  server.RaftServerConfigKeys (ConfUtils.java:logGet(43)) - raft.server.log.statemachine.data.sync.timeout = 10s (default)
2019-06-14 09:01:27,447 INFO  server.RaftServerConfigKeys (ConfUtils.java:logGet(43)) - raft.server.snapshot.auto.trigger.enabled = true (custom)
2019-06-14 09:01:27,447 INFO  server.RaftServerConfigKeys (ConfUtils.java:logGet(43)) - raft.server.log.statemachine.data.sync.timeout.retry = -1 (default)
2019-06-14 09:01:27,447 INFO  server.RaftServerConfigKeys (ConfUtils.java:logGet(43)) - raft.server.log.statemachine.data.sync = true (default)
2019-06-14 09:01:27,448 INFO  server.RaftServerConfigKeys (ConfUtils.java:logGet(43)) - raft.server.log.statemachine.data.caching.enabled = true (custom)
2019-06-14 09:01:27,447 INFO  server.RaftServerConfigKeys (ConfUtils.java:logGet(43)) - raft.server.snapshot.auto.trigger.threshold = 10000 (custom)
2019-06-14 09:01:27,448 INFO  server.RaftServerConfigKeys (ConfUtils.java:logGet(43)) - raft.server.log.statemachine.data.sync.timeout = 10s (default)
2019-06-14 09:01:27,448 INFO  server.RaftServerConfigKeys (ConfUtils.java:logGet(43)) - raft.server.log.statemachine.data.sync.timeout.retry = -1 (default)
2019-06-14 09:01:27,449 INFO  server.RaftServerConfigKeys (ConfUtils.java:logGet(43)) - raft.server.log.statemachine.data.caching.enabled = true (custom)
2019-06-14 09:01:27,449 INFO  server.RaftServerConfigKeys (ConfUtils.java:logGet(43)) - raft.server.snapshot.auto.trigger.enabled = true (custom)
2019-06-14 09:01:27,449 INFO  server.RaftServerConfigKeys (ConfUtils.java:logGet(43)) - raft.server.retrycache.expirytime = 600000ms (custom)
2019-06-14 09:01:27,449 INFO  server.RaftServerConfigKeys (ConfUtils.java:logGet(43)) - raft.server.snapshot.auto.trigger.enabled = true (custom)
2019-06-14 09:01:27,449 INFO  server.RaftServerConfigKeys (ConfUtils.java:logGet(43)) - raft.server.snapshot.auto.trigger.threshold = 10000 (custom)
2019-06-14 09:01:27,449 INFO  server.RaftServerConfigKeys (ConfUtils.java:logGet(43)) - raft.server.retrycache.expirytime = 600000ms (custom)
2019-06-14 09:01:27,449 INFO  impl.RaftServerImpl (RaftServerImpl.java:start(173)) - f75ebefa-26f9-4a5c-8816-731c9e8aa80b: start group-BD08FBF16EF4
2019-06-14 09:01:27,449 INFO  impl.RaftServerImpl (RaftServerImpl.java:setRole(164)) - f75ebefa-26f9-4a5c-8816-731c9e8aa80b:group-BD08FBF16EF4 changes role from null to FOLLOWER at term 0 for startAsFollower
2019-06-14 09:01:27,449 INFO  impl.RoleInfo (RoleInfo.java:updateAndGet(143)) - f75ebefa-26f9-4a5c-8816-731c9e8aa80b: start FollowerState
2019-06-14 09:01:27,449 INFO  server.RaftServerConfigKeys (ConfUtils.java:logGet(43)) - raft.server.snapshot.auto.trigger.threshold = 10000 (custom)
2019-06-14 09:01:27,450 INFO  server.RaftServerConfigKeys (ConfUtils.java:logGet(43)) - raft.server.retrycache.expirytime = 600000ms (custom)
2019-06-14 09:01:27,449 INFO  impl.RaftServerImpl (RaftServerImpl.java:start(173)) - d76534b3-c535-4b2b-9bca-88054ea9162f: start group-BD08FBF16EF4
2019-06-14 09:01:27,455 INFO  impl.RaftServerImpl (RaftServerImpl.java:start(173)) - fdfb2969-652c-4a8b-8074-c029c687affb: start group-BD08FBF16EF4
2019-06-14 09:01:27,455 INFO  util.JmxRegister (JmxRegister.java:tryRegister(44)) - Successfully registered JMX Bean with object name Ratis:service=RaftServer,group=group-BD08FBF16EF4,id=f75ebefa-26f9-4a5c-8816-731c9e8aa80b
2019-06-14 09:01:27,455 INFO  impl.RaftServerImpl (RaftServerImpl.java:setRole(164)) - fdfb2969-652c-4a8b-8074-c029c687affb:group-BD08FBF16EF4 changes role from null to FOLLOWER at term 0 for startAsFollower
2019-06-14 09:01:27,455 INFO  impl.RoleInfo (RoleInfo.java:updateAndGet(143)) - fdfb2969-652c-4a8b-8074-c029c687affb: start FollowerState
2019-06-14 09:01:27,455 INFO  impl.RaftServerImpl (RaftServerImpl.java:setRole(164)) - d76534b3-c535-4b2b-9bca-88054ea9162f:group-BD08FBF16EF4 changes role from null to FOLLOWER at term 0 for startAsFollower
2019-06-14 09:01:27,455 INFO  impl.RoleInfo (RoleInfo.java:updateAndGet(143)) - d76534b3-c535-4b2b-9bca-88054ea9162f: start FollowerState
2019-06-14 09:01:27,460 INFO  util.JmxRegister (JmxRegister.java:tryRegister(44)) - Successfully registered JMX Bean with object name Ratis:service=RaftServer,group=group-BD08FBF16EF4,id=fdfb2969-652c-4a8b-8074-c029c687affb
2019-06-14 09:01:27,460 INFO  util.JmxRegister (JmxRegister.java:tryRegister(44)) - Successfully registered JMX Bean with object name Ratis:service=RaftServer,group=group-BD08FBF16EF4,id=d76534b3-c535-4b2b-9bca-88054ea9162f
2019-06-14 09:01:27,462 INFO  pipeline.PipelineStateManager (PipelineStateManager.java:addPipeline(56)) - Created pipeline Pipeline[ Id: 4fa030ca-0cee-4010-bf86-bd08fbf16ef4, Nodes: d76534b3-c535-4b2b-9bca-88054ea9162f{ip: 192.168.105.147, host: ozone-xrdtn-3896089437, networkLocation: /default-rack, certSerialId: null}fdfb2969-652c-4a8b-8074-c029c687affb{ip: 192.168.105.147, host: ozone-xrdtn-3896089437, networkLocation: /default-rack, certSerialId: null}f75ebefa-26f9-4a5c-8816-731c9e8aa80b{ip: 192.168.105.147, host: ozone-xrdtn-3896089437, networkLocation: /default-rack, certSerialId: null}, Type:RATIS, Factor:THREE, State:OPEN]
2019-06-14 09:01:27,526 INFO  node.SCMNodeManager (SCMNodeManager.java:register(234)) - Registered Data node : df1cc03d-80ee-499c-8389-c672fcddb712{ip: 192.168.105.147, host: ozone-xrdtn-3896089437, networkLocation: /default-rack, certSerialId: null}
2019-06-14 09:01:27,529 INFO  impl.RaftServerProxy (RaftServerProxy.java:addNew(89)) - df1cc03d-80ee-499c-8389-c672fcddb712: addNew group-988F657EA0D2:[df1cc03d-80ee-499c-8389-c672fcddb712:192.168.105.147:36515] returns group-988F657EA0D2:java.util.concurrent.CompletableFuture@13f7fd55[Not completed]
2019-06-14 09:01:27,530 INFO  impl.RaftServerImpl (RaftServerImpl.java:<init>(91)) - df1cc03d-80ee-499c-8389-c672fcddb712: new RaftServerImpl for group-988F657EA0D2:[df1cc03d-80ee-499c-8389-c672fcddb712:192.168.105.147:36515] with ContainerStateMachine:uninitialized
2019-06-14 09:01:27,530 INFO  server.RaftServerConfigKeys (ConfUtils.java:logGet(43)) - raft.server.rpc.timeout.min = 1s (custom)
2019-06-14 09:01:27,530 INFO  server.RaftServerConfigKeys (ConfUtils.java:logGet(43)) - raft.server.rpc.timeout.max = 1200ms (custom)
2019-06-14 09:01:27,530 INFO  server.RaftServerConfigKeys (ConfUtils.java:logGet(43)) - raft.server.rpcslowness.timeout = 120s (custom)
2019-06-14 09:01:27,530 INFO  server.RaftServerConfigKeys (ConfUtils.java:logGet(43)) - raft.server.log.appender.install.snapshot.enabled = true (default)
2019-06-14 09:01:27,530 INFO  impl.RaftServerImpl (ServerState.java:<init>(101)) - df1cc03d-80ee-499c-8389-c672fcddb712:group-988F657EA0D2 ConfigurationManager, init=-1: [df1cc03d-80ee-499c-8389-c672fcddb712:192.168.105.147:36515], old=null, confs=<EMPTY_MAP>
2019-06-14 09:01:27,530 INFO  server.RaftServerConfigKeys (ConfUtils.java:logGet(43)) - raft.server.storage.dir = [/opt/src/hadoop-ozone/integration-test/target/test-dir/MiniOzoneClusterImpl-44e71b24-eb09-4105-ab19-c0949cf7d3c6/datanode-3/data/ratis] (custom)
2019-06-14 09:01:27,530 INFO  storage.RaftStorageDirectory (RaftStorageDirectory.java:analyzeStorage(246)) - The storage directory /opt/src/hadoop-ozone/integration-test/target/test-dir/MiniOzoneClusterImpl-44e71b24-eb09-4105-ab19-c0949cf7d3c6/datanode-3/data/ratis/b47067b1-36c6-4bc6-9a52-988f657ea0d2 does not exist. Creating ...
2019-06-14 09:01:27,532 INFO  storage.RaftStorageDirectory (RaftStorageDirectory.java:tryLock(328)) - Lock on /opt/src/hadoop-ozone/integration-test/target/test-dir/MiniOzoneClusterImpl-44e71b24-eb09-4105-ab19-c0949cf7d3c6/datanode-3/data/ratis/b47067b1-36c6-4bc6-9a52-988f657ea0d2/in_use.lock acquired by nodename 2466@ozone-xrdtn-3896089437
2019-06-14 09:01:27,535 INFO  storage.RaftStorage (RaftStorage.java:format(75)) - Storage directory /opt/src/hadoop-ozone/integration-test/target/test-dir/MiniOzoneClusterImpl-44e71b24-eb09-4105-ab19-c0949cf7d3c6/datanode-3/data/ratis/b47067b1-36c6-4bc6-9a52-988f657ea0d2 has been successfully formatted.
2019-06-14 09:01:27,535 INFO  ratis.ContainerStateMachine (ContainerStateMachine.java:loadSnapshot(199)) - The snapshot info is null.Setting the last applied index to:(t:0, i:~)
2019-06-14 09:01:27,535 INFO  server.RaftServerConfigKeys (ConfUtils.java:logGet(43)) - raft.server.leader.election.timeout = 120s (custom)
2019-06-14 09:01:27,535 INFO  server.RaftServerConfigKeys (ConfUtils.java:logGet(43)) - raft.server.log.use.memory = false (default)
2019-06-14 09:01:27,535 INFO  server.RaftServerConfigKeys (ConfUtils.java:logGet(43)) - raft.server.log.appender.buffer.byte-limit = 33554432 (custom)
2019-06-14 09:01:27,535 INFO  server.RaftServerConfigKeys (ConfUtils.java:logGet(43)) - raft.server.log.segment.size.max = 16384 (custom)
2019-06-14 09:01:27,535 INFO  server.RaftServerConfigKeys (ConfUtils.java:logGet(43)) - raft.server.log.segment.cache.num.max = 2 (custom)
2019-06-14 09:01:27,535 INFO  storage.RaftLogWorker (RaftLogWorker.java:<init>(123)) - new df1cc03d-80ee-499c-8389-c672fcddb712-RaftLogWorker for Storage Directory /opt/src/hadoop-ozone/integration-test/target/test-dir/MiniOzoneClusterImpl-44e71b24-eb09-4105-ab19-c0949cf7d3c6/datanode-3/data/ratis/b47067b1-36c6-4bc6-9a52-988f657ea0d2
2019-06-14 09:01:27,535 INFO  server.RaftServerConfigKeys (ConfUtils.java:logGet(43)) - raft.server.log.queue.byte-limit = 2147483647 (custom)
2019-06-14 09:01:27,535 INFO  server.RaftServerConfigKeys (ConfUtils.java:logGet(43)) - raft.server.log.queue.element-limit = 1024 (custom)
2019-06-14 09:01:27,535 INFO  server.RaftServerConfigKeys (ConfUtils.java:logGet(43)) - raft.server.log.segment.size.max = 16384 (custom)
2019-06-14 09:01:27,535 INFO  server.RaftServerConfigKeys (ConfUtils.java:logGet(43)) - raft.server.log.preallocated.size = 16384 (custom)
2019-06-14 09:01:27,535 INFO  server.RaftServerConfigKeys (ConfUtils.java:logGet(43)) - raft.server.log.write.buffer.size = 33554432 (custom)
2019-06-14 09:01:27,535 INFO  server.RaftServerConfigKeys (ConfUtils.java:logGet(43)) - raft.server.log.force.sync.num = 128 (default)
2019-06-14 09:01:27,535 INFO  server.RaftServerConfigKeys (ConfUtils.java:logGet(43)) - raft.server.log.statemachine.data.sync = true (default)
2019-06-14 09:01:27,535 INFO  server.RaftServerConfigKeys (ConfUtils.java:logGet(43)) - raft.server.log.statemachine.data.sync.timeout = 10s (default)
2019-06-14 09:01:27,536 INFO  server.RaftServerConfigKeys (ConfUtils.java:logGet(43)) - raft.server.log.statemachine.data.sync.timeout.retry = -1 (default)
2019-06-14 09:01:27,536 INFO  server.RaftServerConfigKeys (ConfUtils.java:logGet(43)) - raft.server.log.statemachine.data.caching.enabled = true (custom)
2019-06-14 09:01:27,536 INFO  server.RaftServerConfigKeys (ConfUtils.java:logGet(43)) - raft.server.snapshot.auto.trigger.enabled = true (custom)
2019-06-14 09:01:27,536 INFO  server.RaftServerConfigKeys (ConfUtils.java:logGet(43)) - raft.server.snapshot.auto.trigger.threshold = 10000 (custom)
2019-06-14 09:01:27,536 INFO  server.RaftServerConfigKeys (ConfUtils.java:logGet(43)) - raft.server.retrycache.expirytime = 600000ms (custom)
2019-06-14 09:01:27,536 INFO  impl.RaftServerImpl (RaftServerImpl.java:start(173)) - df1cc03d-80ee-499c-8389-c672fcddb712: start group-988F657EA0D2
2019-06-14 09:01:27,536 INFO  impl.RaftServerImpl (RaftServerImpl.java:setRole(164)) - df1cc03d-80ee-499c-8389-c672fcddb712:group-988F657EA0D2 changes role from null to FOLLOWER at term 0 for startAsFollower
2019-06-14 09:01:27,536 INFO  impl.RoleInfo (RoleInfo.java:updateAndGet(143)) - df1cc03d-80ee-499c-8389-c672fcddb712: start FollowerState
2019-06-14 09:01:27,536 INFO  util.JmxRegister (JmxRegister.java:tryRegister(44)) - Successfully registered JMX Bean with object name Ratis:service=RaftServer,group=group-988F657EA0D2,id=df1cc03d-80ee-499c-8389-c672fcddb712
2019-06-14 09:01:27,537 INFO  pipeline.PipelineStateManager (PipelineStateManager.java:addPipeline(56)) - Created pipeline Pipeline[ Id: b47067b1-36c6-4bc6-9a52-988f657ea0d2, Nodes: df1cc03d-80ee-499c-8389-c672fcddb712{ip: 192.168.105.147, host: ozone-xrdtn-3896089437, networkLocation: /default-rack, certSerialId: null}, Type:RATIS, Factor:ONE, State:OPEN]
2019-06-14 09:01:27,648 INFO  node.SCMNodeManager (SCMNodeManager.java:register(234)) - Registered Data node : 397d3329-50e8-4726-8362-9854ab506d45{ip: 192.168.105.147, host: ozone-xrdtn-3896089437, networkLocation: /default-rack, certSerialId: null}
2019-06-14 09:01:27,651 INFO  impl.RaftServerProxy (RaftServerProxy.java:addNew(89)) - 397d3329-50e8-4726-8362-9854ab506d45: addNew group-415F3BE3AF6D:[397d3329-50e8-4726-8362-9854ab506d45:192.168.105.147:39587] returns group-415F3BE3AF6D:java.util.concurrent.CompletableFuture@45e442d2[Not completed]
2019-06-14 09:01:27,651 INFO  impl.RaftServerImpl (RaftServerImpl.java:<init>(91)) - 397d3329-50e8-4726-8362-9854ab506d45: new RaftServerImpl for group-415F3BE3AF6D:[397d3329-50e8-4726-8362-9854ab506d45:192.168.105.147:39587] with ContainerStateMachine:uninitialized
2019-06-14 09:01:27,652 INFO  server.RaftServerConfigKeys (ConfUtils.java:logGet(43)) - raft.server.rpc.timeout.min = 1s (custom)
2019-06-14 09:01:27,652 INFO  server.RaftServerConfigKeys (ConfUtils.java:logGet(43)) - raft.server.rpc.timeout.max = 1200ms (custom)
2019-06-14 09:01:27,652 INFO  server.RaftServerConfigKeys (ConfUtils.java:logGet(43)) - raft.server.rpcslowness.timeout = 120s (custom)
2019-06-14 09:01:27,652 INFO  server.RaftServerConfigKeys (ConfUtils.java:logGet(43)) - raft.server.log.appender.install.snapshot.enabled = true (default)
2019-06-14 09:01:27,652 INFO  impl.RaftServerImpl (ServerState.java:<init>(101)) - 397d3329-50e8-4726-8362-9854ab506d45:group-415F3BE3AF6D ConfigurationManager, init=-1: [397d3329-50e8-4726-8362-9854ab506d45:192.168.105.147:39587], old=null, confs=<EMPTY_MAP>
2019-06-14 09:01:27,652 INFO  server.RaftServerConfigKeys (ConfUtils.java:logGet(43)) - raft.server.storage.dir = [/opt/src/hadoop-ozone/integration-test/target/test-dir/MiniOzoneClusterImpl-44e71b24-eb09-4105-ab19-c0949cf7d3c6/datanode-4/data/ratis] (custom)
2019-06-14 09:01:27,652 INFO  storage.RaftStorageDirectory (RaftStorageDirectory.java:analyzeStorage(246)) - The storage directory /opt/src/hadoop-ozone/integration-test/target/test-dir/MiniOzoneClusterImpl-44e71b24-eb09-4105-ab19-c0949cf7d3c6/datanode-4/data/ratis/06c35ed1-8d43-4509-b68b-415f3be3af6d does not exist. Creating ...
2019-06-14 09:01:27,654 INFO  storage.RaftStorageDirectory (RaftStorageDirectory.java:tryLock(328)) - Lock on /opt/src/hadoop-ozone/integration-test/target/test-dir/MiniOzoneClusterImpl-44e71b24-eb09-4105-ab19-c0949cf7d3c6/datanode-4/data/ratis/06c35ed1-8d43-4509-b68b-415f3be3af6d/in_use.lock acquired by nodename 2466@ozone-xrdtn-3896089437
2019-06-14 09:01:27,656 INFO  storage.RaftStorage (RaftStorage.java:format(75)) - Storage directory /opt/src/hadoop-ozone/integration-test/target/test-dir/MiniOzoneClusterImpl-44e71b24-eb09-4105-ab19-c0949cf7d3c6/datanode-4/data/ratis/06c35ed1-8d43-4509-b68b-415f3be3af6d has been successfully formatted.
2019-06-14 09:01:27,656 INFO  ratis.ContainerStateMachine (ContainerStateMachine.java:loadSnapshot(199)) - The snapshot info is null.Setting the last applied index to:(t:0, i:~)
2019-06-14 09:01:27,656 INFO  server.RaftServerConfigKeys (ConfUtils.java:logGet(43)) - raft.server.leader.election.timeout = 120s (custom)
2019-06-14 09:01:27,656 INFO  server.RaftServerConfigKeys (ConfUtils.java:logGet(43)) - raft.server.log.use.memory = false (default)
2019-06-14 09:01:27,656 INFO  server.RaftServerConfigKeys (ConfUtils.java:logGet(43)) - raft.server.log.appender.buffer.byte-limit = 33554432 (custom)
2019-06-14 09:01:27,657 INFO  server.RaftServerConfigKeys (ConfUtils.java:logGet(43)) - raft.server.log.segment.size.max = 16384 (custom)
2019-06-14 09:01:27,657 INFO  server.RaftServerConfigKeys (ConfUtils.java:logGet(43)) - raft.server.log.segment.cache.num.max = 2 (custom)
2019-06-14 09:01:27,657 INFO  storage.RaftLogWorker (RaftLogWorker.java:<init>(123)) - new 397d3329-50e8-4726-8362-9854ab506d45-RaftLogWorker for Storage Directory /opt/src/hadoop-ozone/integration-test/target/test-dir/MiniOzoneClusterImpl-44e71b24-eb09-4105-ab19-c0949cf7d3c6/datanode-4/data/ratis/06c35ed1-8d43-4509-b68b-415f3be3af6d
2019-06-14 09:01:27,657 INFO  server.RaftServerConfigKeys (ConfUtils.java:logGet(43)) - raft.server.log.queue.byte-limit = 2147483647 (custom)
2019-06-14 09:01:27,657 INFO  server.RaftServerConfigKeys (ConfUtils.java:logGet(43)) - raft.server.log.queue.element-limit = 1024 (custom)
2019-06-14 09:01:27,657 INFO  server.RaftServerConfigKeys (ConfUtils.java:logGet(43)) - raft.server.log.segment.size.max = 16384 (custom)
2019-06-14 09:01:27,657 INFO  server.RaftServerConfigKeys (ConfUtils.java:logGet(43)) - raft.server.log.preallocated.size = 16384 (custom)
2019-06-14 09:01:27,657 INFO  server.RaftServerConfigKeys (ConfUtils.java:logGet(43)) - raft.server.log.write.buffer.size = 33554432 (custom)
2019-06-14 09:01:27,657 INFO  server.RaftServerConfigKeys (ConfUtils.java:logGet(43)) - raft.server.log.force.sync.num = 128 (default)
2019-06-14 09:01:27,657 INFO  server.RaftServerConfigKeys (ConfUtils.java:logGet(43)) - raft.server.log.statemachine.data.sync = true (default)
2019-06-14 09:01:27,657 INFO  server.RaftServerConfigKeys (ConfUtils.java:logGet(43)) - raft.server.log.statemachine.data.sync.timeout = 10s (default)
2019-06-14 09:01:27,657 INFO  server.RaftServerConfigKeys (ConfUtils.java:logGet(43)) - raft.server.log.statemachine.data.sync.timeout.retry = -1 (default)
2019-06-14 09:01:27,657 INFO  server.RaftServerConfigKeys (ConfUtils.java:logGet(43)) - raft.server.log.statemachine.data.caching.enabled = true (custom)
2019-06-14 09:01:27,657 INFO  server.RaftServerConfigKeys (ConfUtils.java:logGet(43)) - raft.server.snapshot.auto.trigger.enabled = true (custom)
2019-06-14 09:01:27,658 INFO  server.RaftServerConfigKeys (ConfUtils.java:logGet(43)) - raft.server.snapshot.auto.trigger.threshold = 10000 (custom)
2019-06-14 09:01:27,658 INFO  server.RaftServerConfigKeys (ConfUtils.java:logGet(43)) - raft.server.retrycache.expirytime = 600000ms (custom)
2019-06-14 09:01:27,658 INFO  impl.RaftServerImpl (RaftServerImpl.java:start(173)) - 397d3329-50e8-4726-8362-9854ab506d45: start group-415F3BE3AF6D
2019-06-14 09:01:27,658 INFO  impl.RaftServerImpl (RaftServerImpl.java:setRole(164)) - 397d3329-50e8-4726-8362-9854ab506d45:group-415F3BE3AF6D changes role from null to FOLLOWER at term 0 for startAsFollower
2019-06-14 09:01:27,658 INFO  impl.RoleInfo (RoleInfo.java:updateAndGet(143)) - 397d3329-50e8-4726-8362-9854ab506d45: start FollowerState
2019-06-14 09:01:27,658 INFO  util.JmxRegister (JmxRegister.java:tryRegister(44)) - Successfully registered JMX Bean with object name Ratis:service=RaftServer,group=group-415F3BE3AF6D,id=397d3329-50e8-4726-8362-9854ab506d45
2019-06-14 09:01:27,659 INFO  pipeline.PipelineStateManager (PipelineStateManager.java:addPipeline(56)) - Created pipeline Pipeline[ Id: 06c35ed1-8d43-4509-b68b-415f3be3af6d, Nodes: 397d3329-50e8-4726-8362-9854ab506d45{ip: 192.168.105.147, host: ozone-xrdtn-3896089437, networkLocation: /default-rack, certSerialId: null}, Type:RATIS, Factor:ONE, State:OPEN]
2019-06-14 09:01:27,756 INFO  node.SCMNodeManager (SCMNodeManager.java:register(234)) - Registered Data node : 3ab593ef-36d8-46fc-aa36-6ba334f2fcaa{ip: 192.168.105.147, host: ozone-xrdtn-3896089437, networkLocation: /default-rack, certSerialId: null}
2019-06-14 09:01:27,759 INFO  impl.RaftServerProxy (RaftServerProxy.java:addNew(89)) - 3ab593ef-36d8-46fc-aa36-6ba334f2fcaa: addNew group-8ED331926BD6:[3ab593ef-36d8-46fc-aa36-6ba334f2fcaa:192.168.105.147:46355] returns group-8ED331926BD6:java.util.concurrent.CompletableFuture@18571791[Not completed]
2019-06-14 09:01:27,759 INFO  impl.RaftServerImpl (RaftServerImpl.java:<init>(91)) - 3ab593ef-36d8-46fc-aa36-6ba334f2fcaa: new RaftServerImpl for group-8ED331926BD6:[3ab593ef-36d8-46fc-aa36-6ba334f2fcaa:192.168.105.147:46355] with ContainerStateMachine:uninitialized
2019-06-14 09:01:27,759 INFO  server.RaftServerConfigKeys (ConfUtils.java:logGet(43)) - raft.server.rpc.timeout.min = 1s (custom)
2019-06-14 09:01:27,759 INFO  server.RaftServerConfigKeys (ConfUtils.java:logGet(43)) - raft.server.rpc.timeout.max = 1200ms (custom)
2019-06-14 09:01:27,759 INFO  server.RaftServerConfigKeys (ConfUtils.java:logGet(43)) - raft.server.rpcslowness.timeout = 120s (custom)
2019-06-14 09:01:27,759 INFO  server.RaftServerConfigKeys (ConfUtils.java:logGet(43)) - raft.server.log.appender.install.snapshot.enabled = true (default)
2019-06-14 09:01:27,759 INFO  impl.RaftServerImpl (ServerState.java:<init>(101)) - 3ab593ef-36d8-46fc-aa36-6ba334f2fcaa:group-8ED331926BD6 ConfigurationManager, init=-1: [3ab593ef-36d8-46fc-aa36-6ba334f2fcaa:192.168.105.147:46355], old=null, confs=<EMPTY_MAP>
2019-06-14 09:01:27,759 INFO  server.RaftServerConfigKeys (ConfUtils.java:logGet(43)) - raft.server.storage.dir = [/opt/src/hadoop-ozone/integration-test/target/test-dir/MiniOzoneClusterImpl-44e71b24-eb09-4105-ab19-c0949cf7d3c6/datanode-5/data/ratis] (custom)
2019-06-14 09:01:27,760 INFO  storage.RaftStorageDirectory (RaftStorageDirectory.java:analyzeStorage(246)) - The storage directory /opt/src/hadoop-ozone/integration-test/target/test-dir/MiniOzoneClusterImpl-44e71b24-eb09-4105-ab19-c0949cf7d3c6/datanode-5/data/ratis/ade87ffe-04bc-4206-88f3-8ed331926bd6 does not exist. Creating ...
2019-06-14 09:01:27,762 INFO  storage.RaftStorageDirectory (RaftStorageDirectory.java:tryLock(328)) - Lock on /opt/src/hadoop-ozone/integration-test/target/test-dir/MiniOzoneClusterImpl-44e71b24-eb09-4105-ab19-c0949cf7d3c6/datanode-5/data/ratis/ade87ffe-04bc-4206-88f3-8ed331926bd6/in_use.lock acquired by nodename 2466@ozone-xrdtn-3896089437
2019-06-14 09:01:27,764 INFO  storage.RaftStorage (RaftStorage.java:format(75)) - Storage directory /opt/src/hadoop-ozone/integration-test/target/test-dir/MiniOzoneClusterImpl-44e71b24-eb09-4105-ab19-c0949cf7d3c6/datanode-5/data/ratis/ade87ffe-04bc-4206-88f3-8ed331926bd6 has been successfully formatted.
2019-06-14 09:01:27,764 INFO  ratis.ContainerStateMachine (ContainerStateMachine.java:loadSnapshot(199)) - The snapshot info is null.Setting the last applied index to:(t:0, i:~)
2019-06-14 09:01:27,764 INFO  server.RaftServerConfigKeys (ConfUtils.java:logGet(43)) - raft.server.leader.election.timeout = 120s (custom)
2019-06-14 09:01:27,764 INFO  server.RaftServerConfigKeys (ConfUtils.java:logGet(43)) - raft.server.log.use.memory = false (default)
2019-06-14 09:01:27,764 INFO  server.RaftServerConfigKeys (ConfUtils.java:logGet(43)) - raft.server.log.appender.buffer.byte-limit = 33554432 (custom)
2019-06-14 09:01:27,764 INFO  server.RaftServerConfigKeys (ConfUtils.java:logGet(43)) - raft.server.log.segment.size.max = 16384 (custom)
2019-06-14 09:01:27,764 INFO  server.RaftServerConfigKeys (ConfUtils.java:logGet(43)) - raft.server.log.segment.cache.num.max = 2 (custom)
2019-06-14 09:01:27,764 INFO  storage.RaftLogWorker (RaftLogWorker.java:<init>(123)) - new 3ab593ef-36d8-46fc-aa36-6ba334f2fcaa-RaftLogWorker for Storage Directory /opt/src/hadoop-ozone/integration-test/target/test-dir/MiniOzoneClusterImpl-44e71b24-eb09-4105-ab19-c0949cf7d3c6/datanode-5/data/ratis/ade87ffe-04bc-4206-88f3-8ed331926bd6
2019-06-14 09:01:27,764 INFO  server.RaftServerConfigKeys (ConfUtils.java:logGet(43)) - raft.server.log.queue.byte-limit = 2147483647 (custom)
2019-06-14 09:01:27,764 INFO  server.RaftServerConfigKeys (ConfUtils.java:logGet(43)) - raft.server.log.queue.element-limit = 1024 (custom)
2019-06-14 09:01:27,764 INFO  server.RaftServerConfigKeys (ConfUtils.java:logGet(43)) - raft.server.log.segment.size.max = 16384 (custom)
2019-06-14 09:01:27,765 INFO  server.RaftServerConfigKeys (ConfUtils.java:logGet(43)) - raft.server.log.preallocated.size = 16384 (custom)
2019-06-14 09:01:27,765 INFO  server.RaftServerConfigKeys (ConfUtils.java:logGet(43)) - raft.server.log.write.buffer.size = 33554432 (custom)
2019-06-14 09:01:27,765 INFO  server.RaftServerConfigKeys (ConfUtils.java:logGet(43)) - raft.server.log.force.sync.num = 128 (default)
2019-06-14 09:01:27,765 INFO  server.RaftServerConfigKeys (ConfUtils.java:logGet(43)) - raft.server.log.statemachine.data.sync = true (default)
2019-06-14 09:01:27,765 INFO  server.RaftServerConfigKeys (ConfUtils.java:logGet(43)) - raft.server.log.statemachine.data.sync.timeout = 10s (default)
2019-06-14 09:01:27,765 INFO  server.RaftServerConfigKeys (ConfUtils.java:logGet(43)) - raft.server.log.statemachine.data.sync.timeout.retry = -1 (default)
2019-06-14 09:01:27,765 INFO  server.RaftServerConfigKeys (ConfUtils.java:logGet(43)) - raft.server.log.statemachine.data.caching.enabled = true (custom)
2019-06-14 09:01:27,765 INFO  server.RaftServerConfigKeys (ConfUtils.java:logGet(43)) - raft.server.snapshot.auto.trigger.enabled = true (custom)
2019-06-14 09:01:27,765 INFO  server.RaftServerConfigKeys (ConfUtils.java:logGet(43)) - raft.server.snapshot.auto.trigger.threshold = 10000 (custom)
2019-06-14 09:01:27,765 INFO  server.RaftServerConfigKeys (ConfUtils.java:logGet(43)) - raft.server.retrycache.expirytime = 600000ms (custom)
2019-06-14 09:01:27,766 INFO  impl.RaftServerImpl (RaftServerImpl.java:start(173)) - 3ab593ef-36d8-46fc-aa36-6ba334f2fcaa: start group-8ED331926BD6
2019-06-14 09:01:27,766 INFO  impl.RaftServerImpl (RaftServerImpl.java:setRole(164)) - 3ab593ef-36d8-46fc-aa36-6ba334f2fcaa:group-8ED331926BD6 changes role from null to FOLLOWER at term 0 for startAsFollower
2019-06-14 09:01:27,766 INFO  impl.RoleInfo (RoleInfo.java:updateAndGet(143)) - 3ab593ef-36d8-46fc-aa36-6ba334f2fcaa: start FollowerState
2019-06-14 09:01:27,766 INFO  util.JmxRegister (JmxRegister.java:tryRegister(44)) - Successfully registered JMX Bean with object name Ratis:service=RaftServer,group=group-8ED331926BD6,id=3ab593ef-36d8-46fc-aa36-6ba334f2fcaa
2019-06-14 09:01:27,767 INFO  pipeline.PipelineStateManager (PipelineStateManager.java:addPipeline(56)) - Created pipeline Pipeline[ Id: ade87ffe-04bc-4206-88f3-8ed331926bd6, Nodes: 3ab593ef-36d8-46fc-aa36-6ba334f2fcaa{ip: 192.168.105.147, host: ozone-xrdtn-3896089437, networkLocation: /default-rack, certSerialId: null}, Type:RATIS, Factor:ONE, State:OPEN]
2019-06-14 09:01:27,773 INFO  impl.RaftServerProxy (RaftServerProxy.java:addNew(89)) - 3ab593ef-36d8-46fc-aa36-6ba334f2fcaa: addNew group-E485A8608DD0:[df1cc03d-80ee-499c-8389-c672fcddb712:192.168.105.147:36515, 3ab593ef-36d8-46fc-aa36-6ba334f2fcaa:192.168.105.147:46355, 397d3329-50e8-4726-8362-9854ab506d45:192.168.105.147:39587] returns group-E485A8608DD0:java.util.concurrent.CompletableFuture@d2de3d8[Not completed]
2019-06-14 09:01:27,773 INFO  impl.RaftServerProxy (RaftServerProxy.java:addNew(89)) - 397d3329-50e8-4726-8362-9854ab506d45: addNew group-E485A8608DD0:[df1cc03d-80ee-499c-8389-c672fcddb712:192.168.105.147:36515, 3ab593ef-36d8-46fc-aa36-6ba334f2fcaa:192.168.105.147:46355, 397d3329-50e8-4726-8362-9854ab506d45:192.168.105.147:39587] returns group-E485A8608DD0:java.util.concurrent.CompletableFuture@4f131963[Not completed]
2019-06-14 09:01:27,774 INFO  impl.RaftServerProxy (RaftServerProxy.java:addNew(89)) - df1cc03d-80ee-499c-8389-c672fcddb712: addNew group-E485A8608DD0:[df1cc03d-80ee-499c-8389-c672fcddb712:192.168.105.147:36515, 3ab593ef-36d8-46fc-aa36-6ba334f2fcaa:192.168.105.147:46355, 397d3329-50e8-4726-8362-9854ab506d45:192.168.105.147:39587] returns group-E485A8608DD0:java.util.concurrent.CompletableFuture@4388f81c[Not completed]
2019-06-14 09:01:27,774 INFO  impl.RaftServerImpl (RaftServerImpl.java:<init>(91)) - df1cc03d-80ee-499c-8389-c672fcddb712: new RaftServerImpl for group-E485A8608DD0:[df1cc03d-80ee-499c-8389-c672fcddb712:192.168.105.147:36515, 3ab593ef-36d8-46fc-aa36-6ba334f2fcaa:192.168.105.147:46355, 397d3329-50e8-4726-8362-9854ab506d45:192.168.105.147:39587] with ContainerStateMachine:uninitialized
2019-06-14 09:01:27,774 INFO  server.RaftServerConfigKeys (ConfUtils.java:logGet(43)) - raft.server.rpc.timeout.min = 1s (custom)
2019-06-14 09:01:27,774 INFO  server.RaftServerConfigKeys (ConfUtils.java:logGet(43)) - raft.server.rpc.timeout.max = 1200ms (custom)
2019-06-14 09:01:27,774 INFO  server.RaftServerConfigKeys (ConfUtils.java:logGet(43)) - raft.server.rpcslowness.timeout = 120s (custom)
2019-06-14 09:01:27,774 INFO  server.RaftServerConfigKeys (ConfUtils.java:logGet(43)) - raft.server.log.appender.install.snapshot.enabled = true (default)
2019-06-14 09:01:27,774 INFO  impl.RaftServerImpl (ServerState.java:<init>(101)) - df1cc03d-80ee-499c-8389-c672fcddb712:group-E485A8608DD0 ConfigurationManager, init=-1: [df1cc03d-80ee-499c-8389-c672fcddb712:192.168.105.147:36515, 3ab593ef-36d8-46fc-aa36-6ba334f2fcaa:192.168.105.147:46355, 397d3329-50e8-4726-8362-9854ab506d45:192.168.105.147:39587], old=null, confs=<EMPTY_MAP>
2019-06-14 09:01:27,774 INFO  server.RaftServerConfigKeys (ConfUtils.java:logGet(43)) - raft.server.storage.dir = [/opt/src/hadoop-ozone/integration-test/target/test-dir/MiniOzoneClusterImpl-44e71b24-eb09-4105-ab19-c0949cf7d3c6/datanode-3/data/ratis] (custom)
2019-06-14 09:01:27,774 INFO  storage.RaftStorageDirectory (RaftStorageDirectory.java:analyzeStorage(246)) - The storage directory /opt/src/hadoop-ozone/integration-test/target/test-dir/MiniOzoneClusterImpl-44e71b24-eb09-4105-ab19-c0949cf7d3c6/datanode-3/data/ratis/60ffd0d1-408f-4dcf-b07c-e485a8608dd0 does not exist. Creating ...
2019-06-14 09:01:27,776 INFO  storage.RaftStorageDirectory (RaftStorageDirectory.java:tryLock(328)) - Lock on /opt/src/hadoop-ozone/integration-test/target/test-dir/MiniOzoneClusterImpl-44e71b24-eb09-4105-ab19-c0949cf7d3c6/datanode-3/data/ratis/60ffd0d1-408f-4dcf-b07c-e485a8608dd0/in_use.lock acquired by nodename 2466@ozone-xrdtn-3896089437
2019-06-14 09:01:27,777 INFO  impl.RaftServerImpl (RaftServerImpl.java:<init>(91)) - 397d3329-50e8-4726-8362-9854ab506d45: new RaftServerImpl for group-E485A8608DD0:[df1cc03d-80ee-499c-8389-c672fcddb712:192.168.105.147:36515, 3ab593ef-36d8-46fc-aa36-6ba334f2fcaa:192.168.105.147:46355, 397d3329-50e8-4726-8362-9854ab506d45:192.168.105.147:39587] with ContainerStateMachine:uninitialized
2019-06-14 09:01:27,778 INFO  server.RaftServerConfigKeys (ConfUtils.java:logGet(43)) - raft.server.rpc.timeout.min = 1s (custom)
2019-06-14 09:01:27,778 INFO  server.RaftServerConfigKeys (ConfUtils.java:logGet(43)) - raft.server.rpc.timeout.max = 1200ms (custom)
2019-06-14 09:01:27,778 INFO  impl.RaftServerImpl (RaftServerImpl.java:<init>(91)) - 3ab593ef-36d8-46fc-aa36-6ba334f2fcaa: new RaftServerImpl for group-E485A8608DD0:[df1cc03d-80ee-499c-8389-c672fcddb712:192.168.105.147:36515, 3ab593ef-36d8-46fc-aa36-6ba334f2fcaa:192.168.105.147:46355, 397d3329-50e8-4726-8362-9854ab506d45:192.168.105.147:39587] with ContainerStateMachine:uninitialized
2019-06-14 09:01:27,778 INFO  server.RaftServerConfigKeys (ConfUtils.java:logGet(43)) - raft.server.rpcslowness.timeout = 120s (custom)
2019-06-14 09:01:27,778 INFO  server.RaftServerConfigKeys (ConfUtils.java:logGet(43)) - raft.server.rpc.timeout.min = 1s (custom)
2019-06-14 09:01:27,778 INFO  server.RaftServerConfigKeys (ConfUtils.java:logGet(43)) - raft.server.log.appender.install.snapshot.enabled = true (default)
2019-06-14 09:01:27,778 INFO  server.RaftServerConfigKeys (ConfUtils.java:logGet(43)) - raft.server.rpc.timeout.max = 1200ms (custom)
2019-06-14 09:01:27,778 INFO  impl.RaftServerImpl (ServerState.java:<init>(101)) - 397d3329-50e8-4726-8362-9854ab506d45:group-E485A8608DD0 ConfigurationManager, init=-1: [df1cc03d-80ee-499c-8389-c672fcddb712:192.168.105.147:36515, 3ab593ef-36d8-46fc-aa36-6ba334f2fcaa:192.168.105.147:46355, 397d3329-50e8-4726-8362-9854ab506d45:192.168.105.147:39587], old=null, confs=<EMPTY_MAP>
2019-06-14 09:01:27,778 INFO  server.RaftServerConfigKeys (ConfUtils.java:logGet(43)) - raft.server.rpcslowness.timeout = 120s (custom)
2019-06-14 09:01:27,778 INFO  server.RaftServerConfigKeys (ConfUtils.java:logGet(43)) - raft.server.storage.dir = [/opt/src/hadoop-ozone/integration-test/target/test-dir/MiniOzoneClusterImpl-44e71b24-eb09-4105-ab19-c0949cf7d3c6/datanode-4/data/ratis] (custom)
2019-06-14 09:01:27,778 INFO  server.RaftServerConfigKeys (ConfUtils.java:logGet(43)) - raft.server.log.appender.install.snapshot.enabled = true (default)
2019-06-14 09:01:27,778 INFO  impl.RaftServerImpl (ServerState.java:<init>(101)) - 3ab593ef-36d8-46fc-aa36-6ba334f2fcaa:group-E485A8608DD0 ConfigurationManager, init=-1: [df1cc03d-80ee-499c-8389-c672fcddb712:192.168.105.147:36515, 3ab593ef-36d8-46fc-aa36-6ba334f2fcaa:192.168.105.147:46355, 397d3329-50e8-4726-8362-9854ab506d45:192.168.105.147:39587], old=null, confs=<EMPTY_MAP>
2019-06-14 09:01:27,778 INFO  storage.RaftStorageDirectory (RaftStorageDirectory.java:analyzeStorage(246)) - The storage directory /opt/src/hadoop-ozone/integration-test/target/test-dir/MiniOzoneClusterImpl-44e71b24-eb09-4105-ab19-c0949cf7d3c6/datanode-4/data/ratis/60ffd0d1-408f-4dcf-b07c-e485a8608dd0 does not exist. Creating ...
2019-06-14 09:01:27,778 INFO  server.RaftServerConfigKeys (ConfUtils.java:logGet(43)) - raft.server.storage.dir = [/opt/src/hadoop-ozone/integration-test/target/test-dir/MiniOzoneClusterImpl-44e71b24-eb09-4105-ab19-c0949cf7d3c6/datanode-5/data/ratis] (custom)
2019-06-14 09:01:27,779 INFO  storage.RaftStorageDirectory (RaftStorageDirectory.java:analyzeStorage(246)) - The storage directory /opt/src/hadoop-ozone/integration-test/target/test-dir/MiniOzoneClusterImpl-44e71b24-eb09-4105-ab19-c0949cf7d3c6/datanode-5/data/ratis/60ffd0d1-408f-4dcf-b07c-e485a8608dd0 does not exist. Creating ...
2019-06-14 09:01:27,781 INFO  storage.RaftStorage (RaftStorage.java:format(75)) - Storage directory /opt/src/hadoop-ozone/integration-test/target/test-dir/MiniOzoneClusterImpl-44e71b24-eb09-4105-ab19-c0949cf7d3c6/datanode-3/data/ratis/60ffd0d1-408f-4dcf-b07c-e485a8608dd0 has been successfully formatted.
2019-06-14 09:01:27,781 INFO  ratis.ContainerStateMachine (ContainerStateMachine.java:loadSnapshot(199)) - The snapshot info is null.Setting the last applied index to:(t:0, i:~)
2019-06-14 09:01:27,781 INFO  server.RaftServerConfigKeys (ConfUtils.java:logGet(43)) - raft.server.leader.election.timeout = 120s (custom)
2019-06-14 09:01:27,781 INFO  server.RaftServerConfigKeys (ConfUtils.java:logGet(43)) - raft.server.log.use.memory = false (default)
2019-06-14 09:01:27,782 INFO  server.RaftServerConfigKeys (ConfUtils.java:logGet(43)) - raft.server.log.appender.buffer.byte-limit = 33554432 (custom)
2019-06-14 09:01:27,782 INFO  server.RaftServerConfigKeys (ConfUtils.java:logGet(43)) - raft.server.log.segment.size.max = 16384 (custom)
2019-06-14 09:01:27,782 INFO  server.RaftServerConfigKeys (ConfUtils.java:logGet(43)) - raft.server.log.segment.cache.num.max = 2 (custom)
2019-06-14 09:01:27,782 INFO  storage.RaftLogWorker (RaftLogWorker.java:<init>(123)) - new df1cc03d-80ee-499c-8389-c672fcddb712-RaftLogWorker for Storage Directory /opt/src/hadoop-ozone/integration-test/target/test-dir/MiniOzoneClusterImpl-44e71b24-eb09-4105-ab19-c0949cf7d3c6/datanode-3/data/ratis/60ffd0d1-408f-4dcf-b07c-e485a8608dd0
2019-06-14 09:01:27,782 INFO  server.RaftServerConfigKeys (ConfUtils.java:logGet(43)) - raft.server.log.queue.byte-limit = 2147483647 (custom)
2019-06-14 09:01:27,782 INFO  storage.RaftStorageDirectory (RaftStorageDirectory.java:tryLock(328)) - Lock on /opt/src/hadoop-ozone/integration-test/target/test-dir/MiniOzoneClusterImpl-44e71b24-eb09-4105-ab19-c0949cf7d3c6/datanode-5/data/ratis/60ffd0d1-408f-4dcf-b07c-e485a8608dd0/in_use.lock acquired by nodename 2466@ozone-xrdtn-3896089437
2019-06-14 09:01:27,782 INFO  storage.RaftStorageDirectory (RaftStorageDirectory.java:tryLock(328)) - Lock on /opt/src/hadoop-ozone/integration-test/target/test-dir/MiniOzoneClusterImpl-44e71b24-eb09-4105-ab19-c0949cf7d3c6/datanode-4/data/ratis/60ffd0d1-408f-4dcf-b07c-e485a8608dd0/in_use.lock acquired by nodename 2466@ozone-xrdtn-3896089437
2019-06-14 09:01:27,782 INFO  server.RaftServerConfigKeys (ConfUtils.java:logGet(43)) - raft.server.log.queue.element-limit = 1024 (custom)
2019-06-14 09:01:27,782 INFO  server.RaftServerConfigKeys (ConfUtils.java:logGet(43)) - raft.server.log.segment.size.max = 16384 (custom)
2019-06-14 09:01:27,782 INFO  server.RaftServerConfigKeys (ConfUtils.java:logGet(43)) - raft.server.log.preallocated.size = 16384 (custom)
2019-06-14 09:01:27,782 INFO  server.RaftServerConfigKeys (ConfUtils.java:logGet(43)) - raft.server.log.write.buffer.size = 33554432 (custom)
2019-06-14 09:01:27,782 INFO  server.RaftServerConfigKeys (ConfUtils.java:logGet(43)) - raft.server.log.force.sync.num = 128 (default)
2019-06-14 09:01:27,782 INFO  server.RaftServerConfigKeys (ConfUtils.java:logGet(43)) - raft.server.log.statemachine.data.sync = true (default)
2019-06-14 09:01:27,782 INFO  server.RaftServerConfigKeys (ConfUtils.java:logGet(43)) - raft.server.log.statemachine.data.sync.timeout = 10s (default)
2019-06-14 09:01:27,783 INFO  server.RaftServerConfigKeys (ConfUtils.java:logGet(43)) - raft.server.log.statemachine.data.sync.timeout.retry = -1 (default)
2019-06-14 09:01:27,783 INFO  server.RaftServerConfigKeys (ConfUtils.java:logGet(43)) - raft.server.log.statemachine.data.caching.enabled = true (custom)
2019-06-14 09:01:27,783 INFO  server.RaftServerConfigKeys (ConfUtils.java:logGet(43)) - raft.server.snapshot.auto.trigger.enabled = true (custom)
2019-06-14 09:01:27,784 INFO  server.RaftServerConfigKeys (ConfUtils.java:logGet(43)) - raft.server.snapshot.auto.trigger.threshold = 10000 (custom)
2019-06-14 09:01:27,784 INFO  server.RaftServerConfigKeys (ConfUtils.java:logGet(43)) - raft.server.retrycache.expirytime = 600000ms (custom)
2019-06-14 09:01:27,784 INFO  impl.RaftServerImpl (RaftServerImpl.java:start(173)) - df1cc03d-80ee-499c-8389-c672fcddb712: start group-E485A8608DD0
2019-06-14 09:01:27,784 INFO  impl.RaftServerImpl (RaftServerImpl.java:setRole(164)) - df1cc03d-80ee-499c-8389-c672fcddb712:group-E485A8608DD0 changes role from null to FOLLOWER at term 0 for startAsFollower
2019-06-14 09:01:27,784 INFO  impl.RoleInfo (RoleInfo.java:updateAndGet(143)) - df1cc03d-80ee-499c-8389-c672fcddb712: start FollowerState
2019-06-14 09:01:27,784 INFO  util.JmxRegister (JmxRegister.java:tryRegister(44)) - Successfully registered JMX Bean with object name Ratis:service=RaftServer,group=group-E485A8608DD0,id=df1cc03d-80ee-499c-8389-c672fcddb712
2019-06-14 09:01:27,784 INFO  storage.RaftStorage (RaftStorage.java:format(75)) - Storage directory /opt/src/hadoop-ozone/integration-test/target/test-dir/MiniOzoneClusterImpl-44e71b24-eb09-4105-ab19-c0949cf7d3c6/datanode-4/data/ratis/60ffd0d1-408f-4dcf-b07c-e485a8608dd0 has been successfully formatted.
2019-06-14 09:01:27,784 INFO  ratis.ContainerStateMachine (ContainerStateMachine.java:loadSnapshot(199)) - The snapshot info is null.Setting the last applied index to:(t:0, i:~)
2019-06-14 09:01:27,784 INFO  server.RaftServerConfigKeys (ConfUtils.java:logGet(43)) - raft.server.leader.election.timeout = 120s (custom)
2019-06-14 09:01:27,784 INFO  server.RaftServerConfigKeys (ConfUtils.java:logGet(43)) - raft.server.log.use.memory = false (default)
2019-06-14 09:01:27,785 INFO  server.RaftServerConfigKeys (ConfUtils.java:logGet(43)) - raft.server.log.appender.buffer.byte-limit = 33554432 (custom)
2019-06-14 09:01:27,785 INFO  server.RaftServerConfigKeys (ConfUtils.java:logGet(43)) - raft.server.log.segment.size.max = 16384 (custom)
2019-06-14 09:01:27,785 INFO  server.RaftServerConfigKeys (ConfUtils.java:logGet(43)) - raft.server.log.segment.cache.num.max = 2 (custom)
2019-06-14 09:01:27,785 INFO  storage.RaftLogWorker (RaftLogWorker.java:<init>(123)) - new 397d3329-50e8-4726-8362-9854ab506d45-RaftLogWorker for Storage Directory /opt/src/hadoop-ozone/integration-test/target/test-dir/MiniOzoneClusterImpl-44e71b24-eb09-4105-ab19-c0949cf7d3c6/datanode-4/data/ratis/60ffd0d1-408f-4dcf-b07c-e485a8608dd0
2019-06-14 09:01:27,785 INFO  server.RaftServerConfigKeys (ConfUtils.java:logGet(43)) - raft.server.log.queue.byte-limit = 2147483647 (custom)
2019-06-14 09:01:27,785 INFO  server.RaftServerConfigKeys (ConfUtils.java:logGet(43)) - raft.server.log.queue.element-limit = 1024 (custom)
2019-06-14 09:01:27,785 INFO  server.RaftServerConfigKeys (ConfUtils.java:logGet(43)) - raft.server.log.segment.size.max = 16384 (custom)
2019-06-14 09:01:27,785 INFO  server.RaftServerConfigKeys (ConfUtils.java:logGet(43)) - raft.server.log.preallocated.size = 16384 (custom)
2019-06-14 09:01:27,785 INFO  server.RaftServerConfigKeys (ConfUtils.java:logGet(43)) - raft.server.log.write.buffer.size = 33554432 (custom)
2019-06-14 09:01:27,785 INFO  server.RaftServerConfigKeys (ConfUtils.java:logGet(43)) - raft.server.log.force.sync.num = 128 (default)
2019-06-14 09:01:27,785 INFO  server.RaftServerConfigKeys (ConfUtils.java:logGet(43)) - raft.server.log.statemachine.data.sync = true (default)
2019-06-14 09:01:27,785 INFO  server.RaftServerConfigKeys (ConfUtils.java:logGet(43)) - raft.server.log.statemachine.data.sync.timeout = 10s (default)
2019-06-14 09:01:27,785 INFO  server.RaftServerConfigKeys (ConfUtils.java:logGet(43)) - raft.server.log.statemachine.data.sync.timeout.retry = -1 (default)
2019-06-14 09:01:27,785 INFO  server.RaftServerConfigKeys (ConfUtils.java:logGet(43)) - raft.server.log.statemachine.data.caching.enabled = true (custom)
2019-06-14 09:01:27,784 INFO  storage.RaftStorage (RaftStorage.java:format(75)) - Storage directory /opt/src/hadoop-ozone/integration-test/target/test-dir/MiniOzoneClusterImpl-44e71b24-eb09-4105-ab19-c0949cf7d3c6/datanode-5/data/ratis/60ffd0d1-408f-4dcf-b07c-e485a8608dd0 has been successfully formatted.
2019-06-14 09:01:27,786 INFO  server.RaftServerConfigKeys (ConfUtils.java:logGet(43)) - raft.server.snapshot.auto.trigger.enabled = true (custom)
2019-06-14 09:01:27,786 INFO  ratis.ContainerStateMachine (ContainerStateMachine.java:loadSnapshot(199)) - The snapshot info is null.Setting the last applied index to:(t:0, i:~)
2019-06-14 09:01:27,786 INFO  server.RaftServerConfigKeys (ConfUtils.java:logGet(43)) - raft.server.snapshot.auto.trigger.threshold = 10000 (custom)
2019-06-14 09:01:27,786 INFO  server.RaftServerConfigKeys (ConfUtils.java:logGet(43)) - raft.server.leader.election.timeout = 120s (custom)
2019-06-14 09:01:27,786 INFO  server.RaftServerConfigKeys (ConfUtils.java:logGet(43)) - raft.server.retrycache.expirytime = 600000ms (custom)
2019-06-14 09:01:27,786 INFO  server.RaftServerConfigKeys (ConfUtils.java:logGet(43)) - raft.server.log.use.memory = false (default)
2019-06-14 09:01:27,786 INFO  impl.RaftServerImpl (RaftServerImpl.java:start(173)) - 397d3329-50e8-4726-8362-9854ab506d45: start group-E485A8608DD0
2019-06-14 09:01:27,786 INFO  server.RaftServerConfigKeys (ConfUtils.java:logGet(43)) - raft.server.log.appender.buffer.byte-limit = 33554432 (custom)
2019-06-14 09:01:27,786 INFO  impl.RaftServerImpl (RaftServerImpl.java:setRole(164)) - 397d3329-50e8-4726-8362-9854ab506d45:group-E485A8608DD0 changes role from null to FOLLOWER at term 0 for startAsFollower
2019-06-14 09:01:27,786 INFO  server.RaftServerConfigKeys (ConfUtils.java:logGet(43)) - raft.server.log.segment.size.max = 16384 (custom)
2019-06-14 09:01:27,786 INFO  impl.RoleInfo (RoleInfo.java:updateAndGet(143)) - 397d3329-50e8-4726-8362-9854ab506d45: start FollowerState
2019-06-14 09:01:27,786 INFO  server.RaftServerConfigKeys (ConfUtils.java:logGet(43)) - raft.server.log.segment.cache.num.max = 2 (custom)
2019-06-14 09:01:27,786 INFO  storage.RaftLogWorker (RaftLogWorker.java:<init>(123)) - new 3ab593ef-36d8-46fc-aa36-6ba334f2fcaa-RaftLogWorker for Storage Directory /opt/src/hadoop-ozone/integration-test/target/test-dir/MiniOzoneClusterImpl-44e71b24-eb09-4105-ab19-c0949cf7d3c6/datanode-5/data/ratis/60ffd0d1-408f-4dcf-b07c-e485a8608dd0
2019-06-14 09:01:27,787 INFO  util.JmxRegister (JmxRegister.java:tryRegister(44)) - Successfully registered JMX Bean with object name Ratis:service=RaftServer,group=group-E485A8608DD0,id=397d3329-50e8-4726-8362-9854ab506d45
2019-06-14 09:01:27,787 INFO  server.RaftServerConfigKeys (ConfUtils.java:logGet(43)) - raft.server.log.queue.byte-limit = 2147483647 (custom)
2019-06-14 09:01:27,787 INFO  server.RaftServerConfigKeys (ConfUtils.java:logGet(43)) - raft.server.log.queue.element-limit = 1024 (custom)
2019-06-14 09:01:27,787 INFO  server.RaftServerConfigKeys (ConfUtils.java:logGet(43)) - raft.server.log.segment.size.max = 16384 (custom)
2019-06-14 09:01:27,787 INFO  server.RaftServerConfigKeys (ConfUtils.java:logGet(43)) - raft.server.log.preallocated.size = 16384 (custom)
2019-06-14 09:01:27,787 INFO  server.RaftServerConfigKeys (ConfUtils.java:logGet(43)) - raft.server.log.write.buffer.size = 33554432 (custom)
2019-06-14 09:01:27,787 INFO  server.RaftServerConfigKeys (ConfUtils.java:logGet(43)) - raft.server.log.force.sync.num = 128 (default)
2019-06-14 09:01:27,787 INFO  server.RaftServerConfigKeys (ConfUtils.java:logGet(43)) - raft.server.log.statemachine.data.sync = true (default)
2019-06-14 09:01:27,787 INFO  server.RaftServerConfigKeys (ConfUtils.java:logGet(43)) - raft.server.log.statemachine.data.sync.timeout = 10s (default)
2019-06-14 09:01:27,787 INFO  server.RaftServerConfigKeys (ConfUtils.java:logGet(43)) - raft.server.log.statemachine.data.sync.timeout.retry = -1 (default)
2019-06-14 09:01:27,787 INFO  server.RaftServerConfigKeys (ConfUtils.java:logGet(43)) - raft.server.log.statemachine.data.caching.enabled = true (custom)
2019-06-14 09:01:27,787 INFO  server.RaftServerConfigKeys (ConfUtils.java:logGet(43)) - raft.server.snapshot.auto.trigger.enabled = true (custom)
2019-06-14 09:01:27,788 INFO  server.RaftServerConfigKeys (ConfUtils.java:logGet(43)) - raft.server.snapshot.auto.trigger.threshold = 10000 (custom)
2019-06-14 09:01:27,788 INFO  server.RaftServerConfigKeys (ConfUtils.java:logGet(43)) - raft.server.retrycache.expirytime = 600000ms (custom)
2019-06-14 09:01:27,788 INFO  impl.RaftServerImpl (RaftServerImpl.java:start(173)) - 3ab593ef-36d8-46fc-aa36-6ba334f2fcaa: start group-E485A8608DD0
2019-06-14 09:01:27,788 INFO  impl.RaftServerImpl (RaftServerImpl.java:setRole(164)) - 3ab593ef-36d8-46fc-aa36-6ba334f2fcaa:group-E485A8608DD0 changes role from null to FOLLOWER at term 0 for startAsFollower
2019-06-14 09:01:27,788 INFO  impl.RoleInfo (RoleInfo.java:updateAndGet(143)) - 3ab593ef-36d8-46fc-aa36-6ba334f2fcaa: start FollowerState
2019-06-14 09:01:27,788 INFO  util.JmxRegister (JmxRegister.java:tryRegister(44)) - Successfully registered JMX Bean with object name Ratis:service=RaftServer,group=group-E485A8608DD0,id=3ab593ef-36d8-46fc-aa36-6ba334f2fcaa
2019-06-14 09:01:27,789 INFO  pipeline.PipelineStateManager (PipelineStateManager.java:addPipeline(56)) - Created pipeline Pipeline[ Id: 60ffd0d1-408f-4dcf-b07c-e485a8608dd0, Nodes: 3ab593ef-36d8-46fc-aa36-6ba334f2fcaa{ip: 192.168.105.147, host: ozone-xrdtn-3896089437, networkLocation: /default-rack, certSerialId: null}df1cc03d-80ee-499c-8389-c672fcddb712{ip: 192.168.105.147, host: ozone-xrdtn-3896089437, networkLocation: /default-rack, certSerialId: null}397d3329-50e8-4726-8362-9854ab506d45{ip: 192.168.105.147, host: ozone-xrdtn-3896089437, networkLocation: /default-rack, certSerialId: null}, Type:RATIS, Factor:THREE, State:OPEN]
2019-06-14 09:01:27,895 INFO  ozone.MiniOzoneClusterImpl (MiniOzoneClusterImpl.java:lambda$waitForClusterToBeReady$0(142)) - Waiting for cluster to be ready. Got 6 of 7 DN Heartbeats.
2019-06-14 09:01:27,899 INFO  node.SCMNodeManager (SCMNodeManager.java:register(234)) - Registered Data node : 0b68cd99-44c9-4596-b2c9-2e20566adae0{ip: 192.168.105.147, host: ozone-xrdtn-3896089437, networkLocation: /default-rack, certSerialId: null}
2019-06-14 09:01:27,909 INFO  impl.RaftServerProxy (RaftServerProxy.java:addNew(89)) - 0b68cd99-44c9-4596-b2c9-2e20566adae0: addNew group-4434FBAE1CCC:[0b68cd99-44c9-4596-b2c9-2e20566adae0:192.168.105.147:36289] returns group-4434FBAE1CCC:java.util.concurrent.CompletableFuture@361e76f1[Not completed]
2019-06-14 09:01:27,909 INFO  impl.RaftServerImpl (RaftServerImpl.java:<init>(91)) - 0b68cd99-44c9-4596-b2c9-2e20566adae0: new RaftServerImpl for group-4434FBAE1CCC:[0b68cd99-44c9-4596-b2c9-2e20566adae0:192.168.105.147:36289] with ContainerStateMachine:uninitialized
2019-06-14 09:01:27,909 INFO  server.RaftServerConfigKeys (ConfUtils.java:logGet(43)) - raft.server.rpc.timeout.min = 1s (custom)
2019-06-14 09:01:27,909 INFO  server.RaftServerConfigKeys (ConfUtils.java:logGet(43)) - raft.server.rpc.timeout.max = 1200ms (custom)
2019-06-14 09:01:27,909 INFO  server.RaftServerConfigKeys (ConfUtils.java:logGet(43)) - raft.server.rpcslowness.timeout = 120s (custom)
2019-06-14 09:01:27,910 INFO  server.RaftServerConfigKeys (ConfUtils.java:logGet(43)) - raft.server.log.appender.install.snapshot.enabled = true (default)
2019-06-14 09:01:27,910 INFO  impl.RaftServerImpl (ServerState.java:<init>(101)) - 0b68cd99-44c9-4596-b2c9-2e20566adae0:group-4434FBAE1CCC ConfigurationManager, init=-1: [0b68cd99-44c9-4596-b2c9-2e20566adae0:192.168.105.147:36289], old=null, confs=<EMPTY_MAP>
2019-06-14 09:01:27,910 INFO  server.RaftServerConfigKeys (ConfUtils.java:logGet(43)) - raft.server.storage.dir = [/opt/src/hadoop-ozone/integration-test/target/test-dir/MiniOzoneClusterImpl-44e71b24-eb09-4105-ab19-c0949cf7d3c6/datanode-6/data/ratis] (custom)
2019-06-14 09:01:27,910 INFO  storage.RaftStorageDirectory (RaftStorageDirectory.java:analyzeStorage(246)) - The storage directory /opt/src/hadoop-ozone/integration-test/target/test-dir/MiniOzoneClusterImpl-44e71b24-eb09-4105-ab19-c0949cf7d3c6/datanode-6/data/ratis/b1e5ed10-ee8a-464e-a2fd-4434fbae1ccc does not exist. Creating ...
2019-06-14 09:01:27,913 INFO  storage.RaftStorageDirectory (RaftStorageDirectory.java:tryLock(328)) - Lock on /opt/src/hadoop-ozone/integration-test/target/test-dir/MiniOzoneClusterImpl-44e71b24-eb09-4105-ab19-c0949cf7d3c6/datanode-6/data/ratis/b1e5ed10-ee8a-464e-a2fd-4434fbae1ccc/in_use.lock acquired by nodename 2466@ozone-xrdtn-3896089437
2019-06-14 09:01:27,915 INFO  storage.RaftStorage (RaftStorage.java:format(75)) - Storage directory /opt/src/hadoop-ozone/integration-test/target/test-dir/MiniOzoneClusterImpl-44e71b24-eb09-4105-ab19-c0949cf7d3c6/datanode-6/data/ratis/b1e5ed10-ee8a-464e-a2fd-4434fbae1ccc has been successfully formatted.
2019-06-14 09:01:27,915 INFO  ratis.ContainerStateMachine (ContainerStateMachine.java:loadSnapshot(199)) - The snapshot info is null.Setting the last applied index to:(t:0, i:~)
2019-06-14 09:01:27,915 INFO  server.RaftServerConfigKeys (ConfUtils.java:logGet(43)) - raft.server.leader.election.timeout = 120s (custom)
2019-06-14 09:01:27,915 INFO  server.RaftServerConfigKeys (ConfUtils.java:logGet(43)) - raft.server.log.use.memory = false (default)
2019-06-14 09:01:27,915 INFO  server.RaftServerConfigKeys (ConfUtils.java:logGet(43)) - raft.server.log.appender.buffer.byte-limit = 33554432 (custom)
2019-06-14 09:01:27,915 INFO  server.RaftServerConfigKeys (ConfUtils.java:logGet(43)) - raft.server.log.segment.size.max = 16384 (custom)
2019-06-14 09:01:27,915 INFO  server.RaftServerConfigKeys (ConfUtils.java:logGet(43)) - raft.server.log.segment.cache.num.max = 2 (custom)
2019-06-14 09:01:27,915 INFO  storage.RaftLogWorker (RaftLogWorker.java:<init>(123)) - new 0b68cd99-44c9-4596-b2c9-2e20566adae0-RaftLogWorker for Storage Directory /opt/src/hadoop-ozone/integration-test/target/test-dir/MiniOzoneClusterImpl-44e71b24-eb09-4105-ab19-c0949cf7d3c6/datanode-6/data/ratis/b1e5ed10-ee8a-464e-a2fd-4434fbae1ccc
2019-06-14 09:01:27,915 INFO  server.RaftServerConfigKeys (ConfUtils.java:logGet(43)) - raft.server.log.queue.byte-limit = 2147483647 (custom)
2019-06-14 09:01:27,916 INFO  server.RaftServerConfigKeys (ConfUtils.java:logGet(43)) - raft.server.log.queue.element-limit = 1024 (custom)
2019-06-14 09:01:27,916 INFO  server.RaftServerConfigKeys (ConfUtils.java:logGet(43)) - raft.server.log.segment.size.max = 16384 (custom)
2019-06-14 09:01:27,916 INFO  server.RaftServerConfigKeys (ConfUtils.java:logGet(43)) - raft.server.log.preallocated.size = 16384 (custom)
2019-06-14 09:01:27,916 INFO  server.RaftServerConfigKeys (ConfUtils.java:logGet(43)) - raft.server.log.write.buffer.size = 33554432 (custom)
2019-06-14 09:01:27,916 INFO  server.RaftServerConfigKeys (ConfUtils.java:logGet(43)) - raft.server.log.force.sync.num = 128 (default)
2019-06-14 09:01:27,916 INFO  server.RaftServerConfigKeys (ConfUtils.java:logGet(43)) - raft.server.log.statemachine.data.sync = true (default)
2019-06-14 09:01:27,916 INFO  server.RaftServerConfigKeys (ConfUtils.java:logGet(43)) - raft.server.log.statemachine.data.sync.timeout = 10s (default)
2019-06-14 09:01:27,916 INFO  server.RaftServerConfigKeys (ConfUtils.java:logGet(43)) - raft.server.log.statemachine.data.sync.timeout.retry = -1 (default)
2019-06-14 09:01:27,916 INFO  server.RaftServerConfigKeys (ConfUtils.java:logGet(43)) - raft.server.log.statemachine.data.caching.enabled = true (custom)
2019-06-14 09:01:27,916 INFO  server.RaftServerConfigKeys (ConfUtils.java:logGet(43)) - raft.server.snapshot.auto.trigger.enabled = true (custom)
2019-06-14 09:01:27,917 INFO  server.RaftServerConfigKeys (ConfUtils.java:logGet(43)) - raft.server.snapshot.auto.trigger.threshold = 10000 (custom)
2019-06-14 09:01:27,917 INFO  server.RaftServerConfigKeys (ConfUtils.java:logGet(43)) - raft.server.retrycache.expirytime = 600000ms (custom)
2019-06-14 09:01:27,917 INFO  impl.RaftServerImpl (RaftServerImpl.java:start(173)) - 0b68cd99-44c9-4596-b2c9-2e20566adae0: start group-4434FBAE1CCC
2019-06-14 09:01:27,917 INFO  impl.RaftServerImpl (RaftServerImpl.java:setRole(164)) - 0b68cd99-44c9-4596-b2c9-2e20566adae0:group-4434FBAE1CCC changes role from null to FOLLOWER at term 0 for startAsFollower
2019-06-14 09:01:27,917 INFO  impl.RoleInfo (RoleInfo.java:updateAndGet(143)) - 0b68cd99-44c9-4596-b2c9-2e20566adae0: start FollowerState
2019-06-14 09:01:27,917 INFO  util.JmxRegister (JmxRegister.java:tryRegister(44)) - Successfully registered JMX Bean with object name Ratis:service=RaftServer,group=group-4434FBAE1CCC,id=0b68cd99-44c9-4596-b2c9-2e20566adae0
2019-06-14 09:01:27,918 INFO  pipeline.PipelineStateManager (PipelineStateManager.java:addPipeline(56)) - Created pipeline Pipeline[ Id: b1e5ed10-ee8a-464e-a2fd-4434fbae1ccc, Nodes: 0b68cd99-44c9-4596-b2c9-2e20566adae0{ip: 192.168.105.147, host: ozone-xrdtn-3896089437, networkLocation: /default-rack, certSerialId: null}, Type:RATIS, Factor:ONE, State:OPEN]
2019-06-14 09:01:28,035 INFO  impl.FollowerState (FollowerState.java:run(101)) - fdfb2969-652c-4a8b-8074-c029c687affb:group-7B878C860567 changes to CANDIDATE, lastRpcTime:1027, electionTimeout:1027ms
2019-06-14 09:01:28,035 INFO  impl.RoleInfo (RoleInfo.java:shutdownFollowerState(121)) - fdfb2969-652c-4a8b-8074-c029c687affb: shutdown FollowerState
2019-06-14 09:01:28,035 INFO  impl.RaftServerImpl (RaftServerImpl.java:setRole(164)) - fdfb2969-652c-4a8b-8074-c029c687affb:group-7B878C860567 changes role from FOLLOWER to CANDIDATE at term 0 for changeToCandidate
2019-06-14 09:01:28,036 INFO  impl.RoleInfo (RoleInfo.java:updateAndGet(143)) - fdfb2969-652c-4a8b-8074-c029c687affb: start LeaderElection
2019-06-14 09:01:28,042 INFO  impl.LeaderElection (LeaderElection.java:askForVotes(181)) - fdfb2969-652c-4a8b-8074-c029c687affb:group-7B878C860567:LeaderElection108: begin an election at term 1 for -1: [fdfb2969-652c-4a8b-8074-c029c687affb:192.168.105.147:33033], old=null
2019-06-14 09:01:28,042 INFO  impl.RoleInfo (RoleInfo.java:shutdownLeaderElection(134)) - fdfb2969-652c-4a8b-8074-c029c687affb: shutdown LeaderElection
2019-06-14 09:01:28,042 INFO  impl.RaftServerImpl (RaftServerImpl.java:setRole(164)) - fdfb2969-652c-4a8b-8074-c029c687affb:group-7B878C860567 changes role from CANDIDATE to LEADER at term 1 for changeToLeader
2019-06-14 09:01:28,042 INFO  impl.RaftServerImpl (ServerState.java:setLeader(263)) - fdfb2969-652c-4a8b-8074-c029c687affb:group-7B878C860567 change Leader from null to fdfb2969-652c-4a8b-8074-c029c687affb at term 1 for becomeLeader, leader elected after 1035ms
2019-06-14 09:01:28,042 INFO  server.RaftServerConfigKeys (ConfUtils.java:logGet(43)) - raft.server.staging.catchup.gap = 1000 (default)
2019-06-14 09:01:28,042 INFO  server.RaftServerConfigKeys (ConfUtils.java:logGet(43)) - raft.server.rpc.sleep.time = 25ms (default)
2019-06-14 09:01:28,042 INFO  server.RaftServerConfigKeys (ConfUtils.java:logGet(43)) - raft.server.watch.timeout = 10s (default)
2019-06-14 09:01:28,042 INFO  server.RaftServerConfigKeys (ConfUtils.java:logGet(43)) - raft.server.watch.timeout.denomination = 1s (default)
2019-06-14 09:01:28,042 INFO  impl.RoleInfo (RoleInfo.java:updateAndGet(143)) - fdfb2969-652c-4a8b-8074-c029c687affb: start LeaderState
2019-06-14 09:01:28,042 INFO  storage.RaftLogWorker (RaftLogWorker.java:startLogSegment(298)) - fdfb2969-652c-4a8b-8074-c029c687affb-RaftLogWorker: Starting segment from index:0
2019-06-14 09:01:28,043 INFO  impl.RaftServerImpl (ServerState.java:setRaftConf(361)) - fdfb2969-652c-4a8b-8074-c029c687affb:group-7B878C860567 set configuration 0: [fdfb2969-652c-4a8b-8074-c029c687affb:192.168.105.147:33033], old=null at 0
2019-06-14 09:01:28,077 INFO  storage.RaftLogWorker (RaftLogWorker.java:execute(469)) - fdfb2969-652c-4a8b-8074-c029c687affb-RaftLogWorker: created new log segment /opt/src/hadoop-ozone/integration-test/target/test-dir/MiniOzoneClusterImpl-44e71b24-eb09-4105-ab19-c0949cf7d3c6/datanode-0/data/ratis/02b00ead-5742-46f1-b6b8-7b878c860567/current/log_inprogress_0
2019-06-14 09:01:28,339 INFO  impl.FollowerState (FollowerState.java:run(101)) - d76534b3-c535-4b2b-9bca-88054ea9162f:group-D5B2C8D5D814 changes to CANDIDATE, lastRpcTime:1123, electionTimeout:1123ms
2019-06-14 09:01:28,339 INFO  impl.RoleInfo (RoleInfo.java:shutdownFollowerState(121)) - d76534b3-c535-4b2b-9bca-88054ea9162f: shutdown FollowerState
2019-06-14 09:01:28,339 INFO  impl.RaftServerImpl (RaftServerImpl.java:setRole(164)) - d76534b3-c535-4b2b-9bca-88054ea9162f:group-D5B2C8D5D814 changes role from FOLLOWER to CANDIDATE at term 0 for changeToCandidate
2019-06-14 09:01:28,339 INFO  impl.RoleInfo (RoleInfo.java:updateAndGet(143)) - d76534b3-c535-4b2b-9bca-88054ea9162f: start LeaderElection
2019-06-14 09:01:28,345 INFO  impl.LeaderElection (LeaderElection.java:askForVotes(181)) - d76534b3-c535-4b2b-9bca-88054ea9162f:group-D5B2C8D5D814:LeaderElection109: begin an election at term 1 for -1: [d76534b3-c535-4b2b-9bca-88054ea9162f:192.168.105.147:42099], old=null
2019-06-14 09:01:28,345 INFO  impl.RoleInfo (RoleInfo.java:shutdownLeaderElection(134)) - d76534b3-c535-4b2b-9bca-88054ea9162f: shutdown LeaderElection
2019-06-14 09:01:28,346 INFO  impl.RaftServerImpl (RaftServerImpl.java:setRole(164)) - d76534b3-c535-4b2b-9bca-88054ea9162f:group-D5B2C8D5D814 changes role from CANDIDATE to LEADER at term 1 for changeToLeader
2019-06-14 09:01:28,346 INFO  impl.RaftServerImpl (ServerState.java:setLeader(263)) - d76534b3-c535-4b2b-9bca-88054ea9162f:group-D5B2C8D5D814 change Leader from null to d76534b3-c535-4b2b-9bca-88054ea9162f at term 1 for becomeLeader, leader elected after 1131ms
2019-06-14 09:01:28,346 INFO  server.RaftServerConfigKeys (ConfUtils.java:logGet(43)) - raft.server.staging.catchup.gap = 1000 (default)
2019-06-14 09:01:28,346 INFO  server.RaftServerConfigKeys (ConfUtils.java:logGet(43)) - raft.server.rpc.sleep.time = 25ms (default)
2019-06-14 09:01:28,346 INFO  server.RaftServerConfigKeys (ConfUtils.java:logGet(43)) - raft.server.watch.timeout = 10s (default)
2019-06-14 09:01:28,346 INFO  server.RaftServerConfigKeys (ConfUtils.java:logGet(43)) - raft.server.watch.timeout.denomination = 1s (default)
2019-06-14 09:01:28,346 INFO  impl.RoleInfo (RoleInfo.java:updateAndGet(143)) - d76534b3-c535-4b2b-9bca-88054ea9162f: start LeaderState
2019-06-14 09:01:28,346 INFO  storage.RaftLogWorker (RaftLogWorker.java:startLogSegment(298)) - d76534b3-c535-4b2b-9bca-88054ea9162f-RaftLogWorker: Starting segment from index:0
2019-06-14 09:01:28,346 INFO  impl.RaftServerImpl (ServerState.java:setRaftConf(361)) - d76534b3-c535-4b2b-9bca-88054ea9162f:group-D5B2C8D5D814 set configuration 0: [d76534b3-c535-4b2b-9bca-88054ea9162f:192.168.105.147:42099], old=null at 0
2019-06-14 09:01:28,349 INFO  container.ReplicationManager (ReplicationManager.java:run(207)) - Replication Monitor Thread took 0 milliseconds for processing 2 containers.
2019-06-14 09:01:28,380 INFO  storage.RaftLogWorker (RaftLogWorker.java:execute(469)) - d76534b3-c535-4b2b-9bca-88054ea9162f-RaftLogWorker: created new log segment /opt/src/hadoop-ozone/integration-test/target/test-dir/MiniOzoneClusterImpl-44e71b24-eb09-4105-ab19-c0949cf7d3c6/datanode-1/data/ratis/d1b57586-1bce-4e76-86c9-d5b2c8d5d814/current/log_inprogress_0
2019-06-14 09:01:28,458 INFO  impl.FollowerState (FollowerState.java:run(101)) - f75ebefa-26f9-4a5c-8816-731c9e8aa80b:group-318A25DC35AF changes to CANDIDATE, lastRpcTime:1037, electionTimeout:1037ms
2019-06-14 09:01:28,458 INFO  impl.RoleInfo (RoleInfo.java:shutdownFollowerState(121)) - f75ebefa-26f9-4a5c-8816-731c9e8aa80b: shutdown FollowerState
2019-06-14 09:01:28,458 INFO  impl.RaftServerImpl (RaftServerImpl.java:setRole(164)) - f75ebefa-26f9-4a5c-8816-731c9e8aa80b:group-318A25DC35AF changes role from FOLLOWER to CANDIDATE at term 0 for changeToCandidate
2019-06-14 09:01:28,458 INFO  impl.RoleInfo (RoleInfo.java:updateAndGet(143)) - f75ebefa-26f9-4a5c-8816-731c9e8aa80b: start LeaderElection
2019-06-14 09:01:28,468 INFO  impl.LeaderElection (LeaderElection.java:askForVotes(181)) - f75ebefa-26f9-4a5c-8816-731c9e8aa80b:group-318A25DC35AF:LeaderElection110: begin an election at term 1 for -1: [f75ebefa-26f9-4a5c-8816-731c9e8aa80b:192.168.105.147:38699], old=null
2019-06-14 09:01:28,468 INFO  impl.RoleInfo (RoleInfo.java:shutdownLeaderElection(134)) - f75ebefa-26f9-4a5c-8816-731c9e8aa80b: shutdown LeaderElection
2019-06-14 09:01:28,468 INFO  impl.RaftServerImpl (RaftServerImpl.java:setRole(164)) - f75ebefa-26f9-4a5c-8816-731c9e8aa80b:group-318A25DC35AF changes role from CANDIDATE to LEADER at term 1 for changeToLeader
2019-06-14 09:01:28,468 INFO  impl.RaftServerImpl (ServerState.java:setLeader(263)) - f75ebefa-26f9-4a5c-8816-731c9e8aa80b:group-318A25DC35AF change Leader from null to f75ebefa-26f9-4a5c-8816-731c9e8aa80b at term 1 for becomeLeader, leader elected after 1048ms
2019-06-14 09:01:28,469 INFO  server.RaftServerConfigKeys (ConfUtils.java:logGet(43)) - raft.server.staging.catchup.gap = 1000 (default)
2019-06-14 09:01:28,469 INFO  server.RaftServerConfigKeys (ConfUtils.java:logGet(43)) - raft.server.rpc.sleep.time = 25ms (default)
2019-06-14 09:01:28,469 INFO  server.RaftServerConfigKeys (ConfUtils.java:logGet(43)) - raft.server.watch.timeout = 10s (default)
2019-06-14 09:01:28,469 INFO  server.RaftServerConfigKeys (ConfUtils.java:logGet(43)) - raft.server.watch.timeout.denomination = 1s (default)
2019-06-14 09:01:28,469 INFO  impl.RoleInfo (RoleInfo.java:updateAndGet(143)) - f75ebefa-26f9-4a5c-8816-731c9e8aa80b: start LeaderState
2019-06-14 09:01:28,469 INFO  storage.RaftLogWorker (RaftLogWorker.java:startLogSegment(298)) - f75ebefa-26f9-4a5c-8816-731c9e8aa80b-RaftLogWorker: Starting segment from index:0
2019-06-14 09:01:28,469 INFO  impl.RaftServerImpl (ServerState.java:setRaftConf(361)) - f75ebefa-26f9-4a5c-8816-731c9e8aa80b:group-318A25DC35AF set configuration 0: [f75ebefa-26f9-4a5c-8816-731c9e8aa80b:192.168.105.147:38699], old=null at 0
2019-06-14 09:01:28,504 INFO  storage.RaftLogWorker (RaftLogWorker.java:execute(469)) - f75ebefa-26f9-4a5c-8816-731c9e8aa80b-RaftLogWorker: created new log segment /opt/src/hadoop-ozone/integration-test/target/test-dir/MiniOzoneClusterImpl-44e71b24-eb09-4105-ab19-c0949cf7d3c6/datanode-2/data/ratis/c1d779e9-1268-4ee7-bb06-318a25dc35af/current/log_inprogress_0
2019-06-14 09:01:28,560 INFO  impl.FollowerState (FollowerState.java:run(101)) - d76534b3-c535-4b2b-9bca-88054ea9162f:group-BD08FBF16EF4 changes to CANDIDATE, lastRpcTime:1105, electionTimeout:1100ms
2019-06-14 09:01:28,560 INFO  impl.RoleInfo (RoleInfo.java:shutdownFollowerState(121)) - d76534b3-c535-4b2b-9bca-88054ea9162f: shutdown FollowerState
2019-06-14 09:01:28,561 INFO  impl.RaftServerImpl (RaftServerImpl.java:setRole(164)) - d76534b3-c535-4b2b-9bca-88054ea9162f:group-BD08FBF16EF4 changes role from FOLLOWER to CANDIDATE at term 0 for changeToCandidate
2019-06-14 09:01:28,561 INFO  impl.RoleInfo (RoleInfo.java:updateAndGet(143)) - d76534b3-c535-4b2b-9bca-88054ea9162f: start LeaderElection
2019-06-14 09:01:28,566 INFO  impl.LeaderElection (LeaderElection.java:askForVotes(181)) - d76534b3-c535-4b2b-9bca-88054ea9162f:group-BD08FBF16EF4:LeaderElection111: begin an election at term 1 for -1: [fdfb2969-652c-4a8b-8074-c029c687affb:192.168.105.147:33033, d76534b3-c535-4b2b-9bca-88054ea9162f:192.168.105.147:42099, f75ebefa-26f9-4a5c-8816-731c9e8aa80b:192.168.105.147:38699], old=null
2019-06-14 09:01:28,574 INFO  impl.RaftServerImpl (RaftServerImpl.java:setRole(164)) - fdfb2969-652c-4a8b-8074-c029c687affb:group-BD08FBF16EF4 changes role from FOLLOWER to FOLLOWER at term 1 for recognizeCandidate:d76534b3-c535-4b2b-9bca-88054ea9162f
2019-06-14 09:01:28,575 INFO  impl.RoleInfo (RoleInfo.java:shutdownFollowerState(121)) - fdfb2969-652c-4a8b-8074-c029c687affb: shutdown FollowerState
2019-06-14 09:01:28,574 INFO  impl.RaftServerImpl (RaftServerImpl.java:setRole(164)) - f75ebefa-26f9-4a5c-8816-731c9e8aa80b:group-BD08FBF16EF4 changes role from FOLLOWER to FOLLOWER at term 1 for recognizeCandidate:d76534b3-c535-4b2b-9bca-88054ea9162f
2019-06-14 09:01:28,575 INFO  impl.FollowerState (FollowerState.java:run(109)) - fdfb2969-652c-4a8b-8074-c029c687affb: FollowerState was interrupted: java.lang.InterruptedException: sleep interrupted
2019-06-14 09:01:28,575 INFO  impl.RoleInfo (RoleInfo.java:updateAndGet(143)) - fdfb2969-652c-4a8b-8074-c029c687affb: start FollowerState
2019-06-14 09:01:28,575 INFO  impl.RoleInfo (RoleInfo.java:shutdownFollowerState(121)) - f75ebefa-26f9-4a5c-8816-731c9e8aa80b: shutdown FollowerState
2019-06-14 09:01:28,575 INFO  impl.RoleInfo (RoleInfo.java:updateAndGet(143)) - f75ebefa-26f9-4a5c-8816-731c9e8aa80b: start FollowerState
2019-06-14 09:01:28,575 INFO  impl.FollowerState (FollowerState.java:run(109)) - f75ebefa-26f9-4a5c-8816-731c9e8aa80b: FollowerState was interrupted: java.lang.InterruptedException: sleep interrupted
2019-06-14 09:01:28,579 INFO  impl.LeaderElection (LeaderElection.java:logAndReturn(56)) - d76534b3-c535-4b2b-9bca-88054ea9162f:group-BD08FBF16EF4:LeaderElection111: Election PASSED; received 1 response(s) [d76534b3-c535-4b2b-9bca-88054ea9162f->fdfb2969-652c-4a8b-8074-c029c687affb,true-t1] and 0 exception(s); d76534b3-c535-4b2b-9bca-88054ea9162f:t1, leader=null, voted=d76534b3-c535-4b2b-9bca-88054ea9162f, raftlog=d76534b3-c535-4b2b-9bca-88054ea9162f-SegmentedRaftLog:OPENED:c-1,f-1,i0, conf=-1: [fdfb2969-652c-4a8b-8074-c029c687affb:192.168.105.147:33033, d76534b3-c535-4b2b-9bca-88054ea9162f:192.168.105.147:42099, f75ebefa-26f9-4a5c-8816-731c9e8aa80b:192.168.105.147:38699], old=null
2019-06-14 09:01:28,579 INFO  impl.RoleInfo (RoleInfo.java:shutdownLeaderElection(134)) - d76534b3-c535-4b2b-9bca-88054ea9162f: shutdown LeaderElection
2019-06-14 09:01:28,579 INFO  impl.RaftServerImpl (RaftServerImpl.java:setRole(164)) - d76534b3-c535-4b2b-9bca-88054ea9162f:group-BD08FBF16EF4 changes role from CANDIDATE to LEADER at term 1 for changeToLeader
2019-06-14 09:01:28,579 INFO  impl.RaftServerImpl (ServerState.java:setLeader(263)) - d76534b3-c535-4b2b-9bca-88054ea9162f:group-BD08FBF16EF4 change Leader from null to d76534b3-c535-4b2b-9bca-88054ea9162f at term 1 for becomeLeader, leader elected after 1133ms
2019-06-14 09:01:28,579 INFO  server.RaftServerConfigKeys (ConfUtils.java:logGet(43)) - raft.server.staging.catchup.gap = 1000 (default)
2019-06-14 09:01:28,579 INFO  server.RaftServerConfigKeys (ConfUtils.java:logGet(43)) - raft.server.rpc.sleep.time = 25ms (default)
2019-06-14 09:01:28,579 INFO  server.RaftServerConfigKeys (ConfUtils.java:logGet(43)) - raft.server.watch.timeout = 10s (default)
2019-06-14 09:01:28,579 INFO  server.RaftServerConfigKeys (ConfUtils.java:logGet(43)) - raft.server.watch.timeout.denomination = 1s (default)
2019-06-14 09:01:28,579 INFO  server.RaftServerConfigKeys (ConfUtils.java:logGet(43)) - raft.server.log.appender.snapshot.chunk.size.max = 16MB (=16777216) (default)
2019-06-14 09:01:28,580 INFO  server.RaftServerConfigKeys (ConfUtils.java:logGet(43)) - raft.server.log.appender.buffer.byte-limit = 33554432 (custom)
2019-06-14 09:01:28,580 INFO  server.RaftServerConfigKeys (ConfUtils.java:logGet(43)) - raft.server.log.appender.buffer.element-limit = 1 (custom)
2019-06-14 09:01:28,580 INFO  grpc.GrpcConfigKeys$Server (ConfUtils.java:logGet(43)) - raft.grpc.server.leader.outstanding.appends.max = 128 (default)
2019-06-14 09:01:28,580 INFO  server.RaftServerConfigKeys (ConfUtils.java:logGet(43)) - raft.server.rpc.request.timeout = 3000ms (default)
2019-06-14 09:01:28,580 INFO  server.RaftServerConfigKeys (ConfUtils.java:logGet(43)) - raft.server.log.appender.install.snapshot.enabled = true (default)
2019-06-14 09:01:28,580 INFO  server.RaftServerConfigKeys (ConfUtils.java:logGet(43)) - raft.server.log.appender.snapshot.chunk.size.max = 16MB (=16777216) (default)
2019-06-14 09:01:28,580 INFO  server.RaftServerConfigKeys (ConfUtils.java:logGet(43)) - raft.server.log.appender.buffer.byte-limit = 33554432 (custom)
2019-06-14 09:01:28,580 INFO  server.RaftServerConfigKeys (ConfUtils.java:logGet(43)) - raft.server.log.appender.buffer.element-limit = 1 (custom)
2019-06-14 09:01:28,580 INFO  grpc.GrpcConfigKeys$Server (ConfUtils.java:logGet(43)) - raft.grpc.server.leader.outstanding.appends.max = 128 (default)
2019-06-14 09:01:28,580 INFO  server.RaftServerConfigKeys (ConfUtils.java:logGet(43)) - raft.server.rpc.request.timeout = 3000ms (default)
2019-06-14 09:01:28,581 INFO  server.RaftServerConfigKeys (ConfUtils.java:logGet(43)) - raft.server.log.appender.install.snapshot.enabled = true (default)
2019-06-14 09:01:28,581 INFO  impl.RoleInfo (RoleInfo.java:updateAndGet(143)) - d76534b3-c535-4b2b-9bca-88054ea9162f: start LeaderState
2019-06-14 09:01:28,581 INFO  storage.RaftLogWorker (RaftLogWorker.java:startLogSegment(298)) - d76534b3-c535-4b2b-9bca-88054ea9162f-RaftLogWorker: Starting segment from index:0
2019-06-14 09:01:28,583 INFO  impl.RaftServerImpl (ServerState.java:setRaftConf(361)) - d76534b3-c535-4b2b-9bca-88054ea9162f:group-BD08FBF16EF4 set configuration 0: [fdfb2969-652c-4a8b-8074-c029c687affb:192.168.105.147:33033, d76534b3-c535-4b2b-9bca-88054ea9162f:192.168.105.147:42099, f75ebefa-26f9-4a5c-8816-731c9e8aa80b:192.168.105.147:38699], old=null at 0
2019-06-14 09:01:28,584 INFO  impl.RaftServerImpl (ServerState.java:setLeader(263)) - f75ebefa-26f9-4a5c-8816-731c9e8aa80b:group-BD08FBF16EF4 change Leader from null to d76534b3-c535-4b2b-9bca-88054ea9162f at term 1 for appendEntries, leader elected after 1140ms
2019-06-14 09:01:28,600 INFO  impl.RaftServerImpl (ServerState.java:setLeader(263)) - fdfb2969-652c-4a8b-8074-c029c687affb:group-BD08FBF16EF4 change Leader from null to d76534b3-c535-4b2b-9bca-88054ea9162f at term 1 for appendEntries, leader elected after 1156ms
2019-06-14 09:01:28,618 INFO  impl.RaftServerImpl (ServerState.java:setRaftConf(361)) - f75ebefa-26f9-4a5c-8816-731c9e8aa80b:group-BD08FBF16EF4 set configuration 0: [fdfb2969-652c-4a8b-8074-c029c687affb:192.168.105.147:33033, d76534b3-c535-4b2b-9bca-88054ea9162f:192.168.105.147:42099, f75ebefa-26f9-4a5c-8816-731c9e8aa80b:192.168.105.147:38699], old=null at 0
2019-06-14 09:01:28,618 INFO  storage.RaftLogWorker (RaftLogWorker.java:startLogSegment(298)) - f75ebefa-26f9-4a5c-8816-731c9e8aa80b-RaftLogWorker: Starting segment from index:0
2019-06-14 09:01:28,618 INFO  impl.RaftServerImpl (ServerState.java:setRaftConf(361)) - fdfb2969-652c-4a8b-8074-c029c687affb:group-BD08FBF16EF4 set configuration 0: [fdfb2969-652c-4a8b-8074-c029c687affb:192.168.105.147:33033, d76534b3-c535-4b2b-9bca-88054ea9162f:192.168.105.147:42099, f75ebefa-26f9-4a5c-8816-731c9e8aa80b:192.168.105.147:38699], old=null at 0
2019-06-14 09:01:28,619 INFO  storage.RaftLogWorker (RaftLogWorker.java:startLogSegment(298)) - fdfb2969-652c-4a8b-8074-c029c687affb-RaftLogWorker: Starting segment from index:0
2019-06-14 09:01:28,619 INFO  storage.RaftLogWorker (RaftLogWorker.java:execute(469)) - d76534b3-c535-4b2b-9bca-88054ea9162f-RaftLogWorker: created new log segment /opt/src/hadoop-ozone/integration-test/target/test-dir/MiniOzoneClusterImpl-44e71b24-eb09-4105-ab19-c0949cf7d3c6/datanode-1/data/ratis/4fa030ca-0cee-4010-bf86-bd08fbf16ef4/current/log_inprogress_0
2019-06-14 09:01:28,626 INFO  impl.FollowerState (FollowerState.java:run(101)) - df1cc03d-80ee-499c-8389-c672fcddb712:group-988F657EA0D2 changes to CANDIDATE, lastRpcTime:1090, electionTimeout:1090ms
2019-06-14 09:01:28,626 INFO  impl.RoleInfo (RoleInfo.java:shutdownFollowerState(121)) - df1cc03d-80ee-499c-8389-c672fcddb712: shutdown FollowerState
2019-06-14 09:01:28,627 INFO  impl.RaftServerImpl (RaftServerImpl.java:setRole(164)) - df1cc03d-80ee-499c-8389-c672fcddb712:group-988F657EA0D2 changes role from FOLLOWER to CANDIDATE at term 0 for changeToCandidate
2019-06-14 09:01:28,627 INFO  impl.RoleInfo (RoleInfo.java:updateAndGet(143)) - df1cc03d-80ee-499c-8389-c672fcddb712: start LeaderElection
2019-06-14 09:01:28,645 INFO  impl.LeaderElection (LeaderElection.java:askForVotes(181)) - df1cc03d-80ee-499c-8389-c672fcddb712:group-988F657EA0D2:LeaderElection112: begin an election at term 1 for -1: [df1cc03d-80ee-499c-8389-c672fcddb712:192.168.105.147:36515], old=null
2019-06-14 09:01:28,646 INFO  impl.RoleInfo (RoleInfo.java:shutdownLeaderElection(134)) - df1cc03d-80ee-499c-8389-c672fcddb712: shutdown LeaderElection
2019-06-14 09:01:28,646 INFO  impl.RaftServerImpl (RaftServerImpl.java:setRole(164)) - df1cc03d-80ee-499c-8389-c672fcddb712:group-988F657EA0D2 changes role from CANDIDATE to LEADER at term 1 for changeToLeader
2019-06-14 09:01:28,646 INFO  impl.RaftServerImpl (ServerState.java:setLeader(263)) - df1cc03d-80ee-499c-8389-c672fcddb712:group-988F657EA0D2 change Leader from null to df1cc03d-80ee-499c-8389-c672fcddb712 at term 1 for becomeLeader, leader elected after 1110ms
2019-06-14 09:01:28,646 INFO  server.RaftServerConfigKeys (ConfUtils.java:logGet(43)) - raft.server.staging.catchup.gap = 1000 (default)
2019-06-14 09:01:28,646 INFO  server.RaftServerConfigKeys (ConfUtils.java:logGet(43)) - raft.server.rpc.sleep.time = 25ms (default)
2019-06-14 09:01:28,646 INFO  server.RaftServerConfigKeys (ConfUtils.java:logGet(43)) - raft.server.watch.timeout = 10s (default)
2019-06-14 09:01:28,646 INFO  server.RaftServerConfigKeys (ConfUtils.java:logGet(43)) - raft.server.watch.timeout.denomination = 1s (default)
2019-06-14 09:01:28,646 INFO  impl.RoleInfo (RoleInfo.java:updateAndGet(143)) - df1cc03d-80ee-499c-8389-c672fcddb712: start LeaderState
2019-06-14 09:01:28,646 INFO  storage.RaftLogWorker (RaftLogWorker.java:startLogSegment(298)) - df1cc03d-80ee-499c-8389-c672fcddb712-RaftLogWorker: Starting segment from index:0
2019-06-14 09:01:28,650 INFO  impl.RaftServerImpl (ServerState.java:setRaftConf(361)) - df1cc03d-80ee-499c-8389-c672fcddb712:group-988F657EA0D2 set configuration 0: [df1cc03d-80ee-499c-8389-c672fcddb712:192.168.105.147:36515], old=null at 0
2019-06-14 09:01:28,677 INFO  storage.RaftLogWorker (RaftLogWorker.java:execute(469)) - fdfb2969-652c-4a8b-8074-c029c687affb-RaftLogWorker: created new log segment /opt/src/hadoop-ozone/integration-test/target/test-dir/MiniOzoneClusterImpl-44e71b24-eb09-4105-ab19-c0949cf7d3c6/datanode-0/data/ratis/4fa030ca-0cee-4010-bf86-bd08fbf16ef4/current/log_inprogress_0
2019-06-14 09:01:28,677 INFO  storage.RaftLogWorker (RaftLogWorker.java:execute(469)) - f75ebefa-26f9-4a5c-8816-731c9e8aa80b-RaftLogWorker: created new log segment /opt/src/hadoop-ozone/integration-test/target/test-dir/MiniOzoneClusterImpl-44e71b24-eb09-4105-ab19-c0949cf7d3c6/datanode-2/data/ratis/4fa030ca-0cee-4010-bf86-bd08fbf16ef4/current/log_inprogress_0
2019-06-14 09:01:28,681 INFO  impl.FollowerState (FollowerState.java:run(101)) - 397d3329-50e8-4726-8362-9854ab506d45:group-415F3BE3AF6D changes to CANDIDATE, lastRpcTime:1023, electionTimeout:1023ms
2019-06-14 09:01:28,681 INFO  impl.RoleInfo (RoleInfo.java:shutdownFollowerState(121)) - 397d3329-50e8-4726-8362-9854ab506d45: shutdown FollowerState
2019-06-14 09:01:28,681 INFO  impl.RaftServerImpl (RaftServerImpl.java:setRole(164)) - 397d3329-50e8-4726-8362-9854ab506d45:group-415F3BE3AF6D changes role from FOLLOWER to CANDIDATE at term 0 for changeToCandidate
2019-06-14 09:01:28,681 INFO  impl.RoleInfo (RoleInfo.java:updateAndGet(143)) - 397d3329-50e8-4726-8362-9854ab506d45: start LeaderElection
2019-06-14 09:01:28,696 INFO  storage.RaftLogWorker (RaftLogWorker.java:execute(469)) - df1cc03d-80ee-499c-8389-c672fcddb712-RaftLogWorker: created new log segment /opt/src/hadoop-ozone/integration-test/target/test-dir/MiniOzoneClusterImpl-44e71b24-eb09-4105-ab19-c0949cf7d3c6/datanode-3/data/ratis/b47067b1-36c6-4bc6-9a52-988f657ea0d2/current/log_inprogress_0
2019-06-14 09:01:28,696 INFO  impl.LeaderElection (LeaderElection.java:askForVotes(181)) - 397d3329-50e8-4726-8362-9854ab506d45:group-415F3BE3AF6D:LeaderElection113: begin an election at term 1 for -1: [397d3329-50e8-4726-8362-9854ab506d45:192.168.105.147:39587], old=null
2019-06-14 09:01:28,696 INFO  impl.RoleInfo (RoleInfo.java:shutdownLeaderElection(134)) - 397d3329-50e8-4726-8362-9854ab506d45: shutdown LeaderElection
2019-06-14 09:01:28,696 INFO  impl.RaftServerImpl (RaftServerImpl.java:setRole(164)) - 397d3329-50e8-4726-8362-9854ab506d45:group-415F3BE3AF6D changes role from CANDIDATE to LEADER at term 1 for changeToLeader
2019-06-14 09:01:28,696 INFO  impl.RaftServerImpl (ServerState.java:setLeader(263)) - 397d3329-50e8-4726-8362-9854ab506d45:group-415F3BE3AF6D change Leader from null to 397d3329-50e8-4726-8362-9854ab506d45 at term 1 for becomeLeader, leader elected after 1039ms
2019-06-14 09:01:28,696 INFO  server.RaftServerConfigKeys (ConfUtils.java:logGet(43)) - raft.server.staging.catchup.gap = 1000 (default)
2019-06-14 09:01:28,696 INFO  server.RaftServerConfigKeys (ConfUtils.java:logGet(43)) - raft.server.rpc.sleep.time = 25ms (default)
2019-06-14 09:01:28,696 INFO  server.RaftServerConfigKeys (ConfUtils.java:logGet(43)) - raft.server.watch.timeout = 10s (default)
2019-06-14 09:01:28,696 INFO  server.RaftServerConfigKeys (ConfUtils.java:logGet(43)) - raft.server.watch.timeout.denomination = 1s (default)
2019-06-14 09:01:28,696 INFO  impl.RoleInfo (RoleInfo.java:updateAndGet(143)) - 397d3329-50e8-4726-8362-9854ab506d45: start LeaderState
2019-06-14 09:01:28,697 INFO  storage.RaftLogWorker (RaftLogWorker.java:startLogSegment(298)) - 397d3329-50e8-4726-8362-9854ab506d45-RaftLogWorker: Starting segment from index:0
2019-06-14 09:01:28,697 INFO  impl.RaftServerImpl (ServerState.java:setRaftConf(361)) - 397d3329-50e8-4726-8362-9854ab506d45:group-415F3BE3AF6D set configuration 0: [397d3329-50e8-4726-8362-9854ab506d45:192.168.105.147:39587], old=null at 0
2019-06-14 09:01:28,733 INFO  storage.RaftLogWorker (RaftLogWorker.java:execute(469)) - 397d3329-50e8-4726-8362-9854ab506d45-RaftLogWorker: created new log segment /opt/src/hadoop-ozone/integration-test/target/test-dir/MiniOzoneClusterImpl-44e71b24-eb09-4105-ab19-c0949cf7d3c6/datanode-4/data/ratis/06c35ed1-8d43-4509-b68b-415f3be3af6d/current/log_inprogress_0
2019-06-14 09:01:28,801 INFO  container.ReplicationManager (ReplicationManager.java:sendCloseCommand(630)) - Sending close container command for container #1 to datanode d4302795-a86e-4bd7-ae74-75fd32bf6e49{ip: 192.168.105.147, host: ozone-xrdtn-3896089437, networkLocation: /default-rack, certSerialId: null}.
2019-06-14 09:01:28,801 WARN  events.EventQueue (EventQueue.java:fireEvent(147)) - Processing of TypedEvent{payloadType=CommandForDatanode, name='Datanode_Command'} is skipped, EventQueue is not running
2019-06-14 09:01:28,801 INFO  container.ReplicationManager (ReplicationManager.java:run(207)) - Replication Monitor Thread took 0 milliseconds for processing 3 containers.
2019-06-14 09:01:28,858 INFO  impl.FollowerState (FollowerState.java:run(101)) - df1cc03d-80ee-499c-8389-c672fcddb712:group-E485A8608DD0 changes to CANDIDATE, lastRpcTime:1074, electionTimeout:1074ms
2019-06-14 09:01:28,858 INFO  impl.RoleInfo (RoleInfo.java:shutdownFollowerState(121)) - df1cc03d-80ee-499c-8389-c672fcddb712: shutdown FollowerState
2019-06-14 09:01:28,858 INFO  impl.RaftServerImpl (RaftServerImpl.java:setRole(164)) - df1cc03d-80ee-499c-8389-c672fcddb712:group-E485A8608DD0 changes role from FOLLOWER to CANDIDATE at term 0 for changeToCandidate
2019-06-14 09:01:28,858 INFO  impl.RoleInfo (RoleInfo.java:updateAndGet(143)) - df1cc03d-80ee-499c-8389-c672fcddb712: start LeaderElection
2019-06-14 09:01:28,863 INFO  impl.LeaderElection (LeaderElection.java:askForVotes(181)) - df1cc03d-80ee-499c-8389-c672fcddb712:group-E485A8608DD0:LeaderElection114: begin an election at term 1 for -1: [df1cc03d-80ee-499c-8389-c672fcddb712:192.168.105.147:36515, 3ab593ef-36d8-46fc-aa36-6ba334f2fcaa:192.168.105.147:46355, 397d3329-50e8-4726-8362-9854ab506d45:192.168.105.147:39587], old=null
2019-06-14 09:01:28,867 INFO  impl.RaftServerImpl (RaftServerImpl.java:setRole(164)) - 3ab593ef-36d8-46fc-aa36-6ba334f2fcaa:group-E485A8608DD0 changes role from FOLLOWER to FOLLOWER at term 1 for recognizeCandidate:df1cc03d-80ee-499c-8389-c672fcddb712
2019-06-14 09:01:28,867 INFO  impl.RaftServerImpl (RaftServerImpl.java:setRole(164)) - 397d3329-50e8-4726-8362-9854ab506d45:group-E485A8608DD0 changes role from FOLLOWER to FOLLOWER at term 1 for recognizeCandidate:df1cc03d-80ee-499c-8389-c672fcddb712
2019-06-14 09:01:28,867 INFO  impl.RoleInfo (RoleInfo.java:shutdownFollowerState(121)) - 3ab593ef-36d8-46fc-aa36-6ba334f2fcaa: shutdown FollowerState
2019-06-14 09:01:28,867 INFO  impl.RoleInfo (RoleInfo.java:shutdownFollowerState(121)) - 397d3329-50e8-4726-8362-9854ab506d45: shutdown FollowerState
2019-06-14 09:01:28,867 INFO  impl.RoleInfo (RoleInfo.java:updateAndGet(143)) - 3ab593ef-36d8-46fc-aa36-6ba334f2fcaa: start FollowerState
2019-06-14 09:01:28,867 INFO  impl.FollowerState (FollowerState.java:run(109)) - 397d3329-50e8-4726-8362-9854ab506d45: FollowerState was interrupted: java.lang.InterruptedException: sleep interrupted
2019-06-14 09:01:28,867 INFO  impl.FollowerState (FollowerState.java:run(109)) - 3ab593ef-36d8-46fc-aa36-6ba334f2fcaa: FollowerState was interrupted: java.lang.InterruptedException: sleep interrupted
2019-06-14 09:01:28,867 INFO  impl.RoleInfo (RoleInfo.java:updateAndGet(143)) - 397d3329-50e8-4726-8362-9854ab506d45: start FollowerState
2019-06-14 09:01:28,870 INFO  impl.LeaderElection (LeaderElection.java:logAndReturn(56)) - df1cc03d-80ee-499c-8389-c672fcddb712:group-E485A8608DD0:LeaderElection114: Election PASSED; received 1 response(s) [df1cc03d-80ee-499c-8389-c672fcddb712->3ab593ef-36d8-46fc-aa36-6ba334f2fcaa,true-t1] and 0 exception(s); df1cc03d-80ee-499c-8389-c672fcddb712:t1, leader=null, voted=df1cc03d-80ee-499c-8389-c672fcddb712, raftlog=df1cc03d-80ee-499c-8389-c672fcddb712-SegmentedRaftLog:OPENED:c-1,f-1,i0, conf=-1: [df1cc03d-80ee-499c-8389-c672fcddb712:192.168.105.147:36515, 3ab593ef-36d8-46fc-aa36-6ba334f2fcaa:192.168.105.147:46355, 397d3329-50e8-4726-8362-9854ab506d45:192.168.105.147:39587], old=null
2019-06-14 09:01:28,870 INFO  impl.RoleInfo (RoleInfo.java:shutdownLeaderElection(134)) - df1cc03d-80ee-499c-8389-c672fcddb712: shutdown LeaderElection
2019-06-14 09:01:28,870 INFO  impl.RaftServerImpl (RaftServerImpl.java:setRole(164)) - df1cc03d-80ee-499c-8389-c672fcddb712:group-E485A8608DD0 changes role from CANDIDATE to LEADER at term 1 for changeToLeader
2019-06-14 09:01:28,870 INFO  impl.RaftServerImpl (ServerState.java:setLeader(263)) - df1cc03d-80ee-499c-8389-c672fcddb712:group-E485A8608DD0 change Leader from null to df1cc03d-80ee-499c-8389-c672fcddb712 at term 1 for becomeLeader, leader elected after 1088ms
2019-06-14 09:01:28,870 INFO  server.RaftServerConfigKeys (ConfUtils.java:logGet(43)) - raft.server.staging.catchup.gap = 1000 (default)
2019-06-14 09:01:28,870 INFO  server.RaftServerConfigKeys (ConfUtils.java:logGet(43)) - raft.server.rpc.sleep.time = 25ms (default)
2019-06-14 09:01:28,871 INFO  server.RaftServerConfigKeys (ConfUtils.java:logGet(43)) - raft.server.watch.timeout = 10s (default)
2019-06-14 09:01:28,871 INFO  server.RaftServerConfigKeys (ConfUtils.java:logGet(43)) - raft.server.watch.timeout.denomination = 1s (default)
2019-06-14 09:01:28,871 INFO  server.RaftServerConfigKeys (ConfUtils.java:logGet(43)) - raft.server.log.appender.snapshot.chunk.size.max = 16MB (=16777216) (default)
2019-06-14 09:01:28,871 INFO  server.RaftServerConfigKeys (ConfUtils.java:logGet(43)) - raft.server.log.appender.buffer.byte-limit = 33554432 (custom)
2019-06-14 09:01:28,871 INFO  server.RaftServerConfigKeys (ConfUtils.java:logGet(43)) - raft.server.log.appender.buffer.element-limit = 1 (custom)
2019-06-14 09:01:28,871 INFO  grpc.GrpcConfigKeys$Server (ConfUtils.java:logGet(43)) - raft.grpc.server.leader.outstanding.appends.max = 128 (default)
2019-06-14 09:01:28,871 INFO  server.RaftServerConfigKeys (ConfUtils.java:logGet(43)) - raft.server.rpc.request.timeout = 3000ms (default)
2019-06-14 09:01:28,871 INFO  server.RaftServerConfigKeys (ConfUtils.java:logGet(43)) - raft.server.log.appender.install.snapshot.enabled = true (default)
2019-06-14 09:01:28,872 INFO  server.RaftServerConfigKeys (ConfUtils.java:logGet(43)) - raft.server.log.appender.snapshot.chunk.size.max = 16MB (=16777216) (default)
2019-06-14 09:01:28,872 INFO  server.RaftServerConfigKeys (ConfUtils.java:logGet(43)) - raft.server.log.appender.buffer.byte-limit = 33554432 (custom)
2019-06-14 09:01:28,872 INFO  server.RaftServerConfigKeys (ConfUtils.java:logGet(43)) - raft.server.log.appender.buffer.element-limit = 1 (custom)
2019-06-14 09:01:28,872 INFO  grpc.GrpcConfigKeys$Server (ConfUtils.java:logGet(43)) - raft.grpc.server.leader.outstanding.appends.max = 128 (default)
2019-06-14 09:01:28,872 INFO  server.RaftServerConfigKeys (ConfUtils.java:logGet(43)) - raft.server.rpc.request.timeout = 3000ms (default)
2019-06-14 09:01:28,872 INFO  server.RaftServerConfigKeys (ConfUtils.java:logGet(43)) - raft.server.log.appender.install.snapshot.enabled = true (default)
2019-06-14 09:01:28,872 INFO  impl.RoleInfo (RoleInfo.java:updateAndGet(143)) - df1cc03d-80ee-499c-8389-c672fcddb712: start LeaderState
2019-06-14 09:01:28,872 INFO  storage.RaftLogWorker (RaftLogWorker.java:startLogSegment(298)) - df1cc03d-80ee-499c-8389-c672fcddb712-RaftLogWorker: Starting segment from index:0
2019-06-14 09:01:28,873 INFO  impl.RaftServerImpl (ServerState.java:setRaftConf(361)) - df1cc03d-80ee-499c-8389-c672fcddb712:group-E485A8608DD0 set configuration 0: [df1cc03d-80ee-499c-8389-c672fcddb712:192.168.105.147:36515, 3ab593ef-36d8-46fc-aa36-6ba334f2fcaa:192.168.105.147:46355, 397d3329-50e8-4726-8362-9854ab506d45:192.168.105.147:39587], old=null at 0
2019-06-14 09:01:28,895 INFO  impl.RaftServerImpl (ServerState.java:setLeader(263)) - 397d3329-50e8-4726-8362-9854ab506d45:group-E485A8608DD0 change Leader from null to df1cc03d-80ee-499c-8389-c672fcddb712 at term 1 for appendEntries, leader elected after 1110ms
2019-06-14 09:01:28,895 INFO  impl.RaftServerImpl (ServerState.java:setLeader(263)) - 3ab593ef-36d8-46fc-aa36-6ba334f2fcaa:group-E485A8608DD0 change Leader from null to df1cc03d-80ee-499c-8389-c672fcddb712 at term 1 for appendEntries, leader elected after 1108ms
2019-06-14 09:01:28,912 INFO  ozone.MiniOzoneClusterImpl (MiniOzoneClusterImpl.java:lambda$waitForClusterToBeReady$0(142)) - Cluster is ready. Got 7 of 7 DN Heartbeats.
2019-06-14 09:01:28,912 INFO  impl.FollowerState (FollowerState.java:run(101)) - 3ab593ef-36d8-46fc-aa36-6ba334f2fcaa:group-8ED331926BD6 changes to CANDIDATE, lastRpcTime:1146, electionTimeout:1131ms
2019-06-14 09:01:28,914 INFO  impl.RoleInfo (RoleInfo.java:shutdownFollowerState(121)) - 3ab593ef-36d8-46fc-aa36-6ba334f2fcaa: shutdown FollowerState
2019-06-14 09:01:28,914 INFO  impl.RaftServerImpl (RaftServerImpl.java:setRole(164)) - 3ab593ef-36d8-46fc-aa36-6ba334f2fcaa:group-8ED331926BD6 changes role from FOLLOWER to CANDIDATE at term 0 for changeToCandidate
2019-06-14 09:01:28,914 INFO  storage.RaftLogWorker (RaftLogWorker.java:execute(469)) - df1cc03d-80ee-499c-8389-c672fcddb712-RaftLogWorker: created new log segment /opt/src/hadoop-ozone/integration-test/target/test-dir/MiniOzoneClusterImpl-44e71b24-eb09-4105-ab19-c0949cf7d3c6/datanode-3/data/ratis/60ffd0d1-408f-4dcf-b07c-e485a8608dd0/current/log_inprogress_0
2019-06-14 09:01:28,915 INFO  impl.RaftServerImpl (ServerState.java:setRaftConf(361)) - 397d3329-50e8-4726-8362-9854ab506d45:group-E485A8608DD0 set configuration 0: [df1cc03d-80ee-499c-8389-c672fcddb712:192.168.105.147:36515, 3ab593ef-36d8-46fc-aa36-6ba334f2fcaa:192.168.105.147:46355, 397d3329-50e8-4726-8362-9854ab506d45:192.168.105.147:39587], old=null at 0
2019-06-14 09:01:28,915 INFO  storage.RaftLogWorker (RaftLogWorker.java:startLogSegment(298)) - 397d3329-50e8-4726-8362-9854ab506d45-RaftLogWorker: Starting segment from index:0
2019-06-14 09:01:28,915 INFO  impl.RoleInfo (RoleInfo.java:updateAndGet(143)) - 3ab593ef-36d8-46fc-aa36-6ba334f2fcaa: start LeaderElection
2019-06-14 09:01:28,917 INFO  impl.RaftServerImpl (ServerState.java:setRaftConf(361)) - 3ab593ef-36d8-46fc-aa36-6ba334f2fcaa:group-E485A8608DD0 set configuration 0: [df1cc03d-80ee-499c-8389-c672fcddb712:192.168.105.147:36515, 3ab593ef-36d8-46fc-aa36-6ba334f2fcaa:192.168.105.147:46355, 397d3329-50e8-4726-8362-9854ab506d45:192.168.105.147:39587], old=null at 0
2019-06-14 09:01:28,917 INFO  storage.RaftLogWorker (RaftLogWorker.java:startLogSegment(298)) - 3ab593ef-36d8-46fc-aa36-6ba334f2fcaa-RaftLogWorker: Starting segment from index:0
2019-06-14 09:01:28,933 INFO  impl.FollowerState (FollowerState.java:run(101)) - 0b68cd99-44c9-4596-b2c9-2e20566adae0:group-4434FBAE1CCC changes to CANDIDATE, lastRpcTime:1016, electionTimeout:1016ms
2019-06-14 09:01:28,933 INFO  impl.RoleInfo (RoleInfo.java:shutdownFollowerState(121)) - 0b68cd99-44c9-4596-b2c9-2e20566adae0: shutdown FollowerState
2019-06-14 09:01:28,934 INFO  impl.RaftServerImpl (RaftServerImpl.java:setRole(164)) - 0b68cd99-44c9-4596-b2c9-2e20566adae0:group-4434FBAE1CCC changes role from FOLLOWER to CANDIDATE at term 0 for changeToCandidate
2019-06-14 09:01:28,934 INFO  impl.RoleInfo (RoleInfo.java:updateAndGet(143)) - 0b68cd99-44c9-4596-b2c9-2e20566adae0: start LeaderElection
2019-06-14 09:01:28,971 INFO  storage.RaftLogWorker (RaftLogWorker.java:execute(469)) - 397d3329-50e8-4726-8362-9854ab506d45-RaftLogWorker: created new log segment /opt/src/hadoop-ozone/integration-test/target/test-dir/MiniOzoneClusterImpl-44e71b24-eb09-4105-ab19-c0949cf7d3c6/datanode-4/data/ratis/60ffd0d1-408f-4dcf-b07c-e485a8608dd0/current/log_inprogress_0
2019-06-14 09:01:28,971 INFO  impl.LeaderElection (LeaderElection.java:askForVotes(181)) - 3ab593ef-36d8-46fc-aa36-6ba334f2fcaa:group-8ED331926BD6:LeaderElection115: begin an election at term 1 for -1: [3ab593ef-36d8-46fc-aa36-6ba334f2fcaa:192.168.105.147:46355], old=null
2019-06-14 09:01:28,971 INFO  impl.RoleInfo (RoleInfo.java:shutdownLeaderElection(134)) - 3ab593ef-36d8-46fc-aa36-6ba334f2fcaa: shutdown LeaderElection
2019-06-14 09:01:28,971 INFO  impl.RaftServerImpl (RaftServerImpl.java:setRole(164)) - 3ab593ef-36d8-46fc-aa36-6ba334f2fcaa:group-8ED331926BD6 changes role from CANDIDATE to LEADER at term 1 for changeToLeader
2019-06-14 09:01:28,971 INFO  impl.RaftServerImpl (ServerState.java:setLeader(263)) - 3ab593ef-36d8-46fc-aa36-6ba334f2fcaa:group-8ED331926BD6 change Leader from null to 3ab593ef-36d8-46fc-aa36-6ba334f2fcaa at term 1 for becomeLeader, leader elected after 1207ms
2019-06-14 09:01:28,971 INFO  server.RaftServerConfigKeys (ConfUtils.java:logGet(43)) - raft.server.staging.catchup.gap = 1000 (default)
2019-06-14 09:01:28,972 INFO  server.RaftServerConfigKeys (ConfUtils.java:logGet(43)) - raft.server.rpc.sleep.time = 25ms (default)
2019-06-14 09:01:28,973 INFO  storage.RaftLogWorker (RaftLogWorker.java:execute(469)) - 3ab593ef-36d8-46fc-aa36-6ba334f2fcaa-RaftLogWorker: created new log segment /opt/src/hadoop-ozone/integration-test/target/test-dir/MiniOzoneClusterImpl-44e71b24-eb09-4105-ab19-c0949cf7d3c6/datanode-5/data/ratis/60ffd0d1-408f-4dcf-b07c-e485a8608dd0/current/log_inprogress_0
2019-06-14 09:01:28,973 INFO  server.RaftServerConfigKeys (ConfUtils.java:logGet(43)) - raft.server.watch.timeout = 10s (default)
2019-06-14 09:01:28,974 INFO  server.RaftServerConfigKeys (ConfUtils.java:logGet(43)) - raft.server.watch.timeout.denomination = 1s (default)
2019-06-14 09:01:28,974 INFO  impl.RoleInfo (RoleInfo.java:updateAndGet(143)) - 3ab593ef-36d8-46fc-aa36-6ba334f2fcaa: start LeaderState
2019-06-14 09:01:28,974 INFO  storage.RaftLogWorker (RaftLogWorker.java:startLogSegment(298)) - 3ab593ef-36d8-46fc-aa36-6ba334f2fcaa-RaftLogWorker: Starting segment from index:0
2019-06-14 09:01:28,974 INFO  impl.LeaderElection (LeaderElection.java:askForVotes(181)) - 0b68cd99-44c9-4596-b2c9-2e20566adae0:group-4434FBAE1CCC:LeaderElection116: begin an election at term 1 for -1: [0b68cd99-44c9-4596-b2c9-2e20566adae0:192.168.105.147:36289], old=null
2019-06-14 09:01:28,974 INFO  impl.RoleInfo (RoleInfo.java:shutdownLeaderElection(134)) - 0b68cd99-44c9-4596-b2c9-2e20566adae0: shutdown LeaderElection
2019-06-14 09:01:28,974 INFO  impl.RaftServerImpl (RaftServerImpl.java:setRole(164)) - 0b68cd99-44c9-4596-b2c9-2e20566adae0:group-4434FBAE1CCC changes role from CANDIDATE to LEADER at term 1 for changeToLeader
2019-06-14 09:01:28,974 INFO  impl.RaftServerImpl (ServerState.java:setLeader(263)) - 0b68cd99-44c9-4596-b2c9-2e20566adae0:group-4434FBAE1CCC change Leader from null to 0b68cd99-44c9-4596-b2c9-2e20566adae0 at term 1 for becomeLeader, leader elected after 1059ms
2019-06-14 09:01:28,974 INFO  server.RaftServerConfigKeys (ConfUtils.java:logGet(43)) - raft.server.staging.catchup.gap = 1000 (default)
2019-06-14 09:01:28,974 INFO  server.RaftServerConfigKeys (ConfUtils.java:logGet(43)) - raft.server.rpc.sleep.time = 25ms (default)
2019-06-14 09:01:28,975 INFO  server.RaftServerConfigKeys (ConfUtils.java:logGet(43)) - raft.server.watch.timeout = 10s (default)
2019-06-14 09:01:28,999 INFO  server.RaftServerConfigKeys (ConfUtils.java:logGet(43)) - raft.server.watch.timeout.denomination = 1s (default)
2019-06-14 09:01:28,999 INFO  impl.RoleInfo (RoleInfo.java:updateAndGet(143)) - 0b68cd99-44c9-4596-b2c9-2e20566adae0: start LeaderState
2019-06-14 09:01:28,999 INFO  impl.RaftServerImpl (ServerState.java:setRaftConf(361)) - 3ab593ef-36d8-46fc-aa36-6ba334f2fcaa:group-8ED331926BD6 set configuration 0: [3ab593ef-36d8-46fc-aa36-6ba334f2fcaa:192.168.105.147:46355], old=null at 0
2019-06-14 09:01:28,999 INFO  storage.RaftLogWorker (RaftLogWorker.java:startLogSegment(298)) - 0b68cd99-44c9-4596-b2c9-2e20566adae0-RaftLogWorker: Starting segment from index:0
2019-06-14 09:01:29,020 INFO  impl.RaftServerImpl (ServerState.java:setRaftConf(361)) - 0b68cd99-44c9-4596-b2c9-2e20566adae0:group-4434FBAE1CCC set configuration 0: [0b68cd99-44c9-4596-b2c9-2e20566adae0:192.168.105.147:36289], old=null at 0
2019-06-14 09:01:29,038 INFO  rpc.RpcClient (RpcClient.java:createVolume(289)) - Creating Volume: testblockoutputstream, with root as owner.
2019-06-14 09:01:29,039 INFO  storage.RaftLogWorker (RaftLogWorker.java:execute(469)) - 3ab593ef-36d8-46fc-aa36-6ba334f2fcaa-RaftLogWorker: created new log segment /opt/src/hadoop-ozone/integration-test/target/test-dir/MiniOzoneClusterImpl-44e71b24-eb09-4105-ab19-c0949cf7d3c6/datanode-5/data/ratis/ade87ffe-04bc-4206-88f3-8ed331926bd6/current/log_inprogress_0
2019-06-14 09:01:29,059 INFO  storage.RaftLogWorker (RaftLogWorker.java:execute(469)) - 0b68cd99-44c9-4596-b2c9-2e20566adae0-RaftLogWorker: created new log segment /opt/src/hadoop-ozone/integration-test/target/test-dir/MiniOzoneClusterImpl-44e71b24-eb09-4105-ab19-c0949cf7d3c6/datanode-6/data/ratis/b1e5ed10-ee8a-464e-a2fd-4434fbae1ccc/current/log_inprogress_0
2019-06-14 09:01:29,061 INFO  rpc.RpcClient (RpcClient.java:createBucket(426)) - Creating Bucket: testblockoutputstream/testblockoutputstream, with Versioning false and Storage Type set to DISK and Encryption set to false 
2019-06-14 09:01:29,112 INFO  client.GrpcClientProtocolClient (GrpcClientProtocolClient.java:onNext(254)) - client-23D4FA034AAE->d76534b3-c535-4b2b-9bca-88054ea9162f: receive RaftClientReply:client-23D4FA034AAE->d76534b3-c535-4b2b-9bca-88054ea9162f@group-BD08FBF16EF4, cid=183, SUCCESS, logIndex=1, commits[d76534b3-c535-4b2b-9bca-88054ea9162f:c1, fdfb2969-652c-4a8b-8074-c029c687affb:c-1, f75ebefa-26f9-4a5c-8816-731c9e8aa80b:c0]
2019-06-14 09:01:29,124 INFO  client.GrpcClientProtocolClient (GrpcClientProtocolClient.java:onNext(254)) - client-23D4FA034AAE->d76534b3-c535-4b2b-9bca-88054ea9162f: receive RaftClientReply:client-23D4FA034AAE->d76534b3-c535-4b2b-9bca-88054ea9162f@group-BD08FBF16EF4, cid=184, SUCCESS, logIndex=3, commits[d76534b3-c535-4b2b-9bca-88054ea9162f:c3, fdfb2969-652c-4a8b-8074-c029c687affb:c2, f75ebefa-26f9-4a5c-8816-731c9e8aa80b:c2]
2019-06-14 09:01:29,144 INFO  client.GrpcClientProtocolClient (GrpcClientProtocolClient.java:onNext(254)) - client-23D4FA034AAE->d76534b3-c535-4b2b-9bca-88054ea9162f: receive RaftClientReply:client-23D4FA034AAE->d76534b3-c535-4b2b-9bca-88054ea9162f@group-BD08FBF16EF4, cid=185, SUCCESS, logIndex=5, commits[d76534b3-c535-4b2b-9bca-88054ea9162f:c12, fdfb2969-652c-4a8b-8074-c029c687affb:c8, f75ebefa-26f9-4a5c-8816-731c9e8aa80b:c8]
2019-06-14 09:01:29,144 INFO  client.GrpcClientProtocolClient (GrpcClientProtocolClient.java:onNext(254)) - client-23D4FA034AAE->d76534b3-c535-4b2b-9bca-88054ea9162f: receive RaftClientReply:client-23D4FA034AAE->d76534b3-c535-4b2b-9bca-88054ea9162f@group-BD08FBF16EF4, cid=186, SUCCESS, logIndex=6, commits[d76534b3-c535-4b2b-9bca-88054ea9162f:c12, fdfb2969-652c-4a8b-8074-c029c687affb:c8, f75ebefa-26f9-4a5c-8816-731c9e8aa80b:c8]
2019-06-14 09:01:29,145 INFO  client.GrpcClientProtocolClient (GrpcClientProtocolClient.java:onNext(254)) - client-23D4FA034AAE->d76534b3-c535-4b2b-9bca-88054ea9162f: receive RaftClientReply:client-23D4FA034AAE->d76534b3-c535-4b2b-9bca-88054ea9162f@group-BD08FBF16EF4, cid=187, SUCCESS, logIndex=7, commits[d76534b3-c535-4b2b-9bca-88054ea9162f:c12, fdfb2969-652c-4a8b-8074-c029c687affb:c8, f75ebefa-26f9-4a5c-8816-731c9e8aa80b:c8]
2019-06-14 09:01:29,165 INFO  client.GrpcClientProtocolClient (GrpcClientProtocolClient.java:onNext(254)) - client-23D4FA034AAE->d76534b3-c535-4b2b-9bca-88054ea9162f: receive RaftClientReply:client-23D4FA034AAE->d76534b3-c535-4b2b-9bca-88054ea9162f@group-BD08FBF16EF4, cid=188, SUCCESS, logIndex=8, commits[d76534b3-c535-4b2b-9bca-88054ea9162f:c12, fdfb2969-652c-4a8b-8074-c029c687affb:c8, f75ebefa-26f9-4a5c-8816-731c9e8aa80b:c8]
2019-06-14 09:01:29,184 INFO  client.GrpcClientProtocolClient (GrpcClientProtocolClient.java:onNext(254)) - client-23D4FA034AAE->d76534b3-c535-4b2b-9bca-88054ea9162f: receive RaftClientReply:client-23D4FA034AAE->d76534b3-c535-4b2b-9bca-88054ea9162f@group-BD08FBF16EF4, cid=189, SUCCESS, logIndex=13, commits[d76534b3-c535-4b2b-9bca-88054ea9162f:c13, fdfb2969-652c-4a8b-8074-c029c687affb:c8, f75ebefa-26f9-4a5c-8816-731c9e8aa80b:c12]
2019-06-14 09:01:29,189 INFO  client.GrpcClientProtocolClient (GrpcClientProtocolClient.java:onNext(254)) - client-23D4FA034AAE->d76534b3-c535-4b2b-9bca-88054ea9162f: receive RaftClientReply:client-23D4FA034AAE->d76534b3-c535-4b2b-9bca-88054ea9162f@group-BD08FBF16EF4, cid=190, SUCCESS, logIndex=15, commits[d76534b3-c535-4b2b-9bca-88054ea9162f:c15, fdfb2969-652c-4a8b-8074-c029c687affb:c12, f75ebefa-26f9-4a5c-8816-731c9e8aa80b:c13]
2019-06-14 09:01:29,193 INFO  client.GrpcClientProtocolClient (GrpcClientProtocolClient.java:onNext(254)) - client-23D4FA034AAE->d76534b3-c535-4b2b-9bca-88054ea9162f: receive RaftClientReply:client-23D4FA034AAE->d76534b3-c535-4b2b-9bca-88054ea9162f@group-BD08FBF16EF4, cid=191, SUCCESS, logIndex=0, commits[d76534b3-c535-4b2b-9bca-88054ea9162f:c16, fdfb2969-652c-4a8b-8074-c029c687affb:c15, f75ebefa-26f9-4a5c-8816-731c9e8aa80b:c15]
2019-06-14 09:01:29,193 INFO  datanode.ObjectStoreHandler (ObjectStoreHandler.java:close(155)) - Closing ObjectStoreHandler.
2019-06-14 09:01:29,193 INFO  ozone.HddsDatanodeService (HddsDatanodeService.java:stop(452)) - Stopped plug-in org.apache.hadoop.ozone.web.OzoneHddsDatanodeService@6f254d79
2019-06-14 09:01:29,193 INFO  statemachine.DatanodeStateMachine (DatanodeStateMachine.java:lambda$startDaemon$0(350)) - Ozone container server started.
2019-06-14 09:01:29,194 INFO  ozoneimpl.OzoneContainer (OzoneContainer.java:stop(199)) - Attempting to stop container services.
2019-06-14 09:01:29,194 INFO  impl.RaftServerProxy (RaftServerProxy.java:lambda$close$4(314)) - d76534b3-c535-4b2b-9bca-88054ea9162f: close
2019-06-14 09:01:29,194 INFO  impl.RaftServerImpl (RaftServerImpl.java:lambda$shutdown$3(238)) - d76534b3-c535-4b2b-9bca-88054ea9162f: shutdown group-D5B2C8D5D814
2019-06-14 09:01:29,194 INFO  util.JmxRegister (JmxRegister.java:unregister(73)) - Successfully un-registered JMX Bean with object name Ratis:service=RaftServer,group=group-D5B2C8D5D814,id=d76534b3-c535-4b2b-9bca-88054ea9162f
2019-06-14 09:01:29,194 INFO  impl.RoleInfo (RoleInfo.java:shutdownLeaderState(104)) - d76534b3-c535-4b2b-9bca-88054ea9162f: shutdown LeaderState
2019-06-14 09:01:29,195 INFO  impl.PendingRequests (PendingRequests.java:sendNotLeaderResponses(140)) - d76534b3-c535-4b2b-9bca-88054ea9162f-PendingRequests: sendNotLeaderResponses
2019-06-14 09:01:29,195 INFO  impl.StateMachineUpdater (StateMachineUpdater.java:stopAndJoin(109)) - StateMachineUpdater-d76534b3-c535-4b2b-9bca-88054ea9162f-group-D5B2C8D5D814: set stopIndex = 0
2019-06-14 09:01:29,195 INFO  ratis.ContainerStateMachine (ContainerStateMachine.java:takeSnapshot(245)) - Taking snapshot at termIndex:(t:0, i:~)
2019-06-14 09:01:29,195 INFO  impl.RaftServerImpl (RaftServerImpl.java:lambda$shutdown$3(238)) - d76534b3-c535-4b2b-9bca-88054ea9162f: shutdown group-BD08FBF16EF4
2019-06-14 09:01:29,195 INFO  util.JmxRegister (JmxRegister.java:unregister(73)) - Successfully un-registered JMX Bean with object name Ratis:service=RaftServer,group=group-BD08FBF16EF4,id=d76534b3-c535-4b2b-9bca-88054ea9162f
2019-06-14 09:01:29,195 INFO  impl.RoleInfo (RoleInfo.java:shutdownLeaderState(104)) - d76534b3-c535-4b2b-9bca-88054ea9162f: shutdown LeaderState
2019-06-14 09:01:29,196 INFO  impl.PendingRequests (PendingRequests.java:sendNotLeaderResponses(140)) - d76534b3-c535-4b2b-9bca-88054ea9162f-PendingRequests: sendNotLeaderResponses
2019-06-14 09:01:29,196 WARN  server.GrpcLogAppender (GrpcLogAppender.java:mayWait(142)) - GrpcLogAppender(d76534b3-c535-4b2b-9bca-88054ea9162f -> fdfb2969-652c-4a8b-8074-c029c687affb): Wait interrupted by java.lang.InterruptedException
2019-06-14 09:01:29,196 INFO  impl.RaftServerImpl (ServerState.java:close(394)) - d76534b3-c535-4b2b-9bca-88054ea9162f:group-D5B2C8D5D814 closes. The last applied log index is 0
2019-06-14 09:01:29,196 WARN  server.GrpcLogAppender (GrpcLogAppender.java:mayWait(142)) - GrpcLogAppender(d76534b3-c535-4b2b-9bca-88054ea9162f -> f75ebefa-26f9-4a5c-8816-731c9e8aa80b): Wait interrupted by java.lang.InterruptedException
2019-06-14 09:01:29,203 INFO  storage.RaftLogWorker (RaftLogWorker.java:run(236)) - d76534b3-c535-4b2b-9bca-88054ea9162f-RaftLogWorker was interrupted, exiting. There are 0 tasks remaining in the queue.
2019-06-14 09:01:29,203 INFO  server.GrpcServerProtocolService (GrpcServerProtocolService.java:onCompleted(104)) - fdfb2969-652c-4a8b-8074-c029c687affb: appendEntries completed
2019-06-14 09:01:29,203 INFO  ratis.ContainerStateMachine (ContainerStateMachine.java:takeSnapshot(245)) - Taking snapshot at termIndex:(t:1, i:15)
2019-06-14 09:01:29,204 INFO  ratis.ContainerStateMachine (ContainerStateMachine.java:takeSnapshot(249)) - Taking a snapshot to file /opt/src/hadoop-ozone/integration-test/target/test-dir/MiniOzoneClusterImpl-44e71b24-eb09-4105-ab19-c0949cf7d3c6/datanode-1/data/ratis/4fa030ca-0cee-4010-bf86-bd08fbf16ef4/sm/snapshot.1_15
2019-06-14 09:01:29,204 INFO  server.GrpcLogAppender (GrpcLogAppender.java:onCompleted(277)) - d76534b3-c535-4b2b-9bca-88054ea9162f: follower d76534b3-c535-4b2b-9bca-88054ea9162f->fdfb2969-652c-4a8b-8074-c029c687affb(c15,m16,n17, attendVote=true, lastRpcSendTime=16, lastRpcResponseTime=14) response Completed
2019-06-14 09:01:29,202 INFO  impl.StateMachineUpdater (StateMachineUpdater.java:stopAndJoin(109)) - StateMachineUpdater-d76534b3-c535-4b2b-9bca-88054ea9162f-group-BD08FBF16EF4: set stopIndex = 16
2019-06-14 09:01:29,205 INFO  impl.FollowerInfo (FollowerInfo.java:lambda$new$0(50)) - d76534b3-c535-4b2b-9bca-88054ea9162f->fdfb2969-652c-4a8b-8074-c029c687affb: nextIndex: updateUnconditionally 17 -> 0
2019-06-14 09:01:29,204 INFO  storage.RaftLogWorker (RaftLogWorker.java:close(168)) - d76534b3-c535-4b2b-9bca-88054ea9162f-RaftLogWorker close()
2019-06-14 09:01:29,203 INFO  server.GrpcServerProtocolService (GrpcServerProtocolService.java:onCompleted(104)) - f75ebefa-26f9-4a5c-8816-731c9e8aa80b: appendEntries completed
2019-06-14 09:01:29,205 INFO  impl.RaftServerImpl (ServerState.java:close(394)) - d76534b3-c535-4b2b-9bca-88054ea9162f:group-BD08FBF16EF4 closes. The last applied log index is 16
2019-06-14 09:01:29,207 INFO  server.GrpcLogAppender (GrpcLogAppender.java:onCompleted(277)) - d76534b3-c535-4b2b-9bca-88054ea9162f: follower d76534b3-c535-4b2b-9bca-88054ea9162f->f75ebefa-26f9-4a5c-8816-731c9e8aa80b(c15,m16,n17, attendVote=true, lastRpcSendTime=18, lastRpcResponseTime=16) response Completed
2019-06-14 09:01:29,207 INFO  storage.RaftLogWorker (RaftLogWorker.java:run(236)) - d76534b3-c535-4b2b-9bca-88054ea9162f-RaftLogWorker was interrupted, exiting. There are 0 tasks remaining in the queue.
2019-06-14 09:01:29,207 INFO  impl.FollowerInfo (FollowerInfo.java:lambda$new$0(50)) - d76534b3-c535-4b2b-9bca-88054ea9162f->f75ebefa-26f9-4a5c-8816-731c9e8aa80b: nextIndex: updateUnconditionally 17 -> -1
2019-06-14 09:01:29,208 INFO  storage.RaftLogWorker (RaftLogWorker.java:close(168)) - d76534b3-c535-4b2b-9bca-88054ea9162f-RaftLogWorker close()
2019-06-14 09:01:29,210 INFO  server.GrpcService (GrpcService.java:closeImpl(154)) - d76534b3-c535-4b2b-9bca-88054ea9162f: shutdown server with port 42099 now
2019-06-14 09:01:29,210 WARN  client.GrpcClientProtocolService (LogUtils.java:warn(134)) - 1-UnorderedRequestStreamObserver1: onError: org.apache.ratis.thirdparty.io.grpc.StatusRuntimeException: CANCELLED: cancelled before receiving half close
2019-06-14 09:01:29,210 INFO  server.GrpcService (GrpcService.java:closeImpl(162)) - d76534b3-c535-4b2b-9bca-88054ea9162f: shutdown server with port 42099 successfully
2019-06-14 09:01:29,212 WARN  fs.CachingGetSpaceUsed (CachingGetSpaceUsed.java:run(183)) - Thread Interrupted waiting to refresh disk information: sleep interrupted
2019-06-14 09:01:29,230 INFO  statemachine.DatanodeStateMachine (DatanodeStateMachine.java:stopDaemon(395)) - Ozone container server stopped.
2019-06-14 09:01:29,231 INFO  handler.ContextHandler (ContextHandler.java:doStop(910)) - Stopped o.e.j.w.WebAppContext@3203ffa3{/,null,UNAVAILABLE}{/hddsDatanode}
2019-06-14 09:01:29,231 INFO  server.AbstractConnector (AbstractConnector.java:doStop(318)) - Stopped ServerConnector@49231d79{HTTP/1.1,[http/1.1]}{0.0.0.0:0}
2019-06-14 09:01:29,231 INFO  handler.ContextHandler (ContextHandler.java:doStop(910)) - Stopped o.e.j.s.ServletContextHandler@3ce067bd{/static,jar:file:/root/.m2/repository/org/apache/hadoop/hadoop-hdds-container-service/0.5.0-SNAPSHOT/hadoop-hdds-container-service-0.5.0-SNAPSHOT.jar!/webapps/static,UNAVAILABLE}
2019-06-14 09:01:29,231 INFO  handler.ContextHandler (ContextHandler.java:doStop(910)) - Stopped o.e.j.s.ServletContextHandler@139da216{/logs,file:///opt/src/hadoop-ozone/integration-test/target/log,UNAVAILABLE}
2019-06-14 09:01:30,238 INFO  client.GrpcClientProtocolClient (GrpcClientProtocolClient.java:onNext(254)) - client-23D4FA034AAE->fdfb2969-652c-4a8b-8074-c029c687affb: receive RaftClientReply:client-23D4FA034AAE->fdfb2969-652c-4a8b-8074-c029c687affb@group-BD08FBF16EF4, cid=192, FAILED org.apache.ratis.protocol.NotLeaderException: Server fdfb2969-652c-4a8b-8074-c029c687affb is not the leader (d76534b3-c535-4b2b-9bca-88054ea9162f:192.168.105.147:42099). Request must be sent to leader., logIndex=0, commits[fdfb2969-652c-4a8b-8074-c029c687affb:c15, d76534b3-c535-4b2b-9bca-88054ea9162f:c15, f75ebefa-26f9-4a5c-8816-731c9e8aa80b:c13]
2019-06-14 09:01:30,238 WARN  client.GrpcClientProtocolService (LogUtils.java:warn(134)) - 0-OrderedRequestStreamObserver0: onError: org.apache.ratis.thirdparty.io.grpc.StatusRuntimeException: CANCELLED: cancelled before receiving half close
2019-06-14 09:01:30,724 INFO  impl.FollowerState (FollowerState.java:run(101)) - fdfb2969-652c-4a8b-8074-c029c687affb:group-BD08FBF16EF4 changes to CANDIDATE, lastRpcTime:1534, electionTimeout:1097ms
2019-06-14 09:01:30,724 INFO  impl.RoleInfo (RoleInfo.java:shutdownFollowerState(121)) - fdfb2969-652c-4a8b-8074-c029c687affb: shutdown FollowerState
2019-06-14 09:01:30,724 INFO  impl.RaftServerImpl (RaftServerImpl.java:setRole(164)) - fdfb2969-652c-4a8b-8074-c029c687affb:group-BD08FBF16EF4 changes role from FOLLOWER to CANDIDATE at term 1 for changeToCandidate
2019-06-14 09:01:30,724 INFO  impl.RoleInfo (RoleInfo.java:updateAndGet(143)) - fdfb2969-652c-4a8b-8074-c029c687affb: start LeaderElection
2019-06-14 09:01:30,724 INFO  impl.RaftServerImpl (ServerState.java:setLeader(263)) - fdfb2969-652c-4a8b-8074-c029c687affb:group-BD08FBF16EF4 change Leader from d76534b3-c535-4b2b-9bca-88054ea9162f to null at term 1 for initElection
2019-06-14 09:01:30,726 INFO  impl.LeaderElection (LeaderElection.java:askForVotes(181)) - fdfb2969-652c-4a8b-8074-c029c687affb:group-BD08FBF16EF4:LeaderElection117: begin an election at term 2 for 0: [fdfb2969-652c-4a8b-8074-c029c687affb:192.168.105.147:33033, d76534b3-c535-4b2b-9bca-88054ea9162f:192.168.105.147:42099, f75ebefa-26f9-4a5c-8816-731c9e8aa80b:192.168.105.147:38699], old=null
2019-06-14 09:01:30,727 INFO  impl.LeaderElection (LogUtils.java:infoOrTrace(149)) - fdfb2969-652c-4a8b-8074-c029c687affb:group-BD08FBF16EF4:LeaderElection117 got exception when requesting votes: {}
java.util.concurrent.ExecutionException: org.apache.ratis.thirdparty.io.grpc.StatusRuntimeException: UNAVAILABLE: io exception
	at java.util.concurrent.FutureTask.report(FutureTask.java:122)
	at java.util.concurrent.FutureTask.get(FutureTask.java:192)
	at org.apache.ratis.server.impl.LeaderElection.waitForResults(LeaderElection.java:262)
	at org.apache.ratis.server.impl.LeaderElection.askForVotes(LeaderElection.java:200)
	at org.apache.ratis.server.impl.LeaderElection.run(LeaderElection.java:130)
	at java.lang.Thread.run(Thread.java:748)
Caused by: org.apache.ratis.thirdparty.io.grpc.StatusRuntimeException: UNAVAILABLE: io exception
	at org.apache.ratis.thirdparty.io.grpc.stub.ClientCalls.toStatusRuntimeException(ClientCalls.java:233)
	at org.apache.ratis.thirdparty.io.grpc.stub.ClientCalls.getUnchecked(ClientCalls.java:214)
	at org.apache.ratis.thirdparty.io.grpc.stub.ClientCalls.blockingUnaryCall(ClientCalls.java:139)
	at org.apache.ratis.proto.grpc.RaftServerProtocolServiceGrpc$RaftServerProtocolServiceBlockingStub.requestVote(RaftServerProtocolServiceGrpc.java:265)
	at org.apache.ratis.grpc.server.GrpcServerProtocolClient.requestVote(GrpcServerProtocolClient.java:83)
	at org.apache.ratis.grpc.server.GrpcService.requestVote(GrpcService.java:194)
	at org.apache.ratis.server.impl.LeaderElection.lambda$submitRequests$1(LeaderElection.java:237)
	at java.util.concurrent.FutureTask.run(FutureTask.java:266)
	at java.util.concurrent.Executors$RunnableAdapter.call(Executors.java:511)
	at java.util.concurrent.FutureTask.run(FutureTask.java:266)
	at java.util.concurrent.ThreadPoolExecutor.runWorker(ThreadPoolExecutor.java:1149)
	at java.util.concurrent.ThreadPoolExecutor$Worker.run(ThreadPoolExecutor.java:624)
	... 1 more
Caused by: org.apache.ratis.thirdparty.io.netty.channel.AbstractChannel$AnnotatedConnectException: Connection refused: /192.168.105.147:42099
	at sun.nio.ch.SocketChannelImpl.checkConnect(Native Method)
	at sun.nio.ch.SocketChannelImpl.finishConnect(SocketChannelImpl.java:717)
	at org.apache.ratis.thirdparty.io.netty.channel.socket.nio.NioSocketChannel.doFinishConnect(NioSocketChannel.java:327)
	at org.apache.ratis.thirdparty.io.netty.channel.nio.AbstractNioChannel$AbstractNioUnsafe.finishConnect(AbstractNioChannel.java:340)
	at org.apache.ratis.thirdparty.io.netty.channel.nio.NioEventLoop.processSelectedKey(NioEventLoop.java:632)
	at org.apache.ratis.thirdparty.io.netty.channel.nio.NioEventLoop.processSelectedKeysOptimized(NioEventLoop.java:579)
	at org.apache.ratis.thirdparty.io.netty.channel.nio.NioEventLoop.processSelectedKeys(NioEventLoop.java:496)
	at org.apache.ratis.thirdparty.io.netty.channel.nio.NioEventLoop.run(NioEventLoop.java:458)
	at org.apache.ratis.thirdparty.io.netty.util.concurrent.SingleThreadEventExecutor$5.run(SingleThreadEventExecutor.java:897)
	at org.apache.ratis.thirdparty.io.netty.util.concurrent.FastThreadLocalRunnable.run(FastThreadLocalRunnable.java:30)
	... 1 more
Caused by: java.net.ConnectException: Connection refused
	... 11 more
2019-06-14 09:01:30,728 INFO  impl.RaftServerImpl (ServerState.java:setLeader(263)) - f75ebefa-26f9-4a5c-8816-731c9e8aa80b:group-BD08FBF16EF4 change Leader from d76534b3-c535-4b2b-9bca-88054ea9162f to null at term 2 for updateCurrentTerm
2019-06-14 09:01:30,728 INFO  impl.RaftServerImpl (RaftServerImpl.java:setRole(164)) - f75ebefa-26f9-4a5c-8816-731c9e8aa80b:group-BD08FBF16EF4 changes role from FOLLOWER to FOLLOWER at term 2 for recognizeCandidate:fdfb2969-652c-4a8b-8074-c029c687affb
2019-06-14 09:01:30,728 INFO  impl.RoleInfo (RoleInfo.java:shutdownFollowerState(121)) - f75ebefa-26f9-4a5c-8816-731c9e8aa80b: shutdown FollowerState
2019-06-14 09:01:30,729 INFO  impl.RoleInfo (RoleInfo.java:updateAndGet(143)) - f75ebefa-26f9-4a5c-8816-731c9e8aa80b: start FollowerState
2019-06-14 09:01:30,729 INFO  impl.FollowerState (FollowerState.java:run(109)) - f75ebefa-26f9-4a5c-8816-731c9e8aa80b: FollowerState was interrupted: java.lang.InterruptedException: sleep interrupted
2019-06-14 09:01:30,732 INFO  impl.LeaderElection (LeaderElection.java:logAndReturn(56)) - fdfb2969-652c-4a8b-8074-c029c687affb:group-BD08FBF16EF4:LeaderElection117: Election PASSED; received 1 response(s) [fdfb2969-652c-4a8b-8074-c029c687affb->f75ebefa-26f9-4a5c-8816-731c9e8aa80b,true-t2] and 1 exception(s); fdfb2969-652c-4a8b-8074-c029c687affb:t2, leader=null, voted=fdfb2969-652c-4a8b-8074-c029c687affb, raftlog=fdfb2969-652c-4a8b-8074-c029c687affb-SegmentedRaftLog:OPENED:c15,f16,i16, conf=0: [fdfb2969-652c-4a8b-8074-c029c687affb:192.168.105.147:33033, d76534b3-c535-4b2b-9bca-88054ea9162f:192.168.105.147:42099, f75ebefa-26f9-4a5c-8816-731c9e8aa80b:192.168.105.147:38699], old=null
2019-06-14 09:01:30,732 INFO  impl.LeaderElection (LogUtils.java:infoOrTrace(149)) -   Exception 0: {}
java.util.concurrent.ExecutionException: org.apache.ratis.thirdparty.io.grpc.StatusRuntimeException: UNAVAILABLE: io exception
	at java.util.concurrent.FutureTask.report(FutureTask.java:122)
	at java.util.concurrent.FutureTask.get(FutureTask.java:192)
	at org.apache.ratis.server.impl.LeaderElection.waitForResults(LeaderElection.java:262)
	at org.apache.ratis.server.impl.LeaderElection.askForVotes(LeaderElection.java:200)
	at org.apache.ratis.server.impl.LeaderElection.run(LeaderElection.java:130)
	at java.lang.Thread.run(Thread.java:748)
Caused by: org.apache.ratis.thirdparty.io.grpc.StatusRuntimeException: UNAVAILABLE: io exception
	at org.apache.ratis.thirdparty.io.grpc.stub.ClientCalls.toStatusRuntimeException(ClientCalls.java:233)
	at org.apache.ratis.thirdparty.io.grpc.stub.ClientCalls.getUnchecked(ClientCalls.java:214)
	at org.apache.ratis.thirdparty.io.grpc.stub.ClientCalls.blockingUnaryCall(ClientCalls.java:139)
	at org.apache.ratis.proto.grpc.RaftServerProtocolServiceGrpc$RaftServerProtocolServiceBlockingStub.requestVote(RaftServerProtocolServiceGrpc.java:265)
	at org.apache.ratis.grpc.server.GrpcServerProtocolClient.requestVote(GrpcServerProtocolClient.java:83)
	at org.apache.ratis.grpc.server.GrpcService.requestVote(GrpcService.java:194)
	at org.apache.ratis.server.impl.LeaderElection.lambda$submitRequests$1(LeaderElection.java:237)
	at java.util.concurrent.FutureTask.run(FutureTask.java:266)
	at java.util.concurrent.Executors$RunnableAdapter.call(Executors.java:511)
	at java.util.concurrent.FutureTask.run(FutureTask.java:266)
	at java.util.concurrent.ThreadPoolExecutor.runWorker(ThreadPoolExecutor.java:1149)
	at java.util.concurrent.ThreadPoolExecutor$Worker.run(ThreadPoolExecutor.java:624)
	... 1 more
Caused by: org.apache.ratis.thirdparty.io.netty.channel.AbstractChannel$AnnotatedConnectException: Connection refused: /192.168.105.147:42099
	at sun.nio.ch.SocketChannelImpl.checkConnect(Native Method)
	at sun.nio.ch.SocketChannelImpl.finishConnect(SocketChannelImpl.java:717)
	at org.apache.ratis.thirdparty.io.netty.channel.socket.nio.NioSocketChannel.doFinishConnect(NioSocketChannel.java:327)
	at org.apache.ratis.thirdparty.io.netty.channel.nio.AbstractNioChannel$AbstractNioUnsafe.finishConnect(AbstractNioChannel.java:340)
	at org.apache.ratis.thirdparty.io.netty.channel.nio.NioEventLoop.processSelectedKey(NioEventLoop.java:632)
	at org.apache.ratis.thirdparty.io.netty.channel.nio.NioEventLoop.processSelectedKeysOptimized(NioEventLoop.java:579)
	at org.apache.ratis.thirdparty.io.netty.channel.nio.NioEventLoop.processSelectedKeys(NioEventLoop.java:496)
	at org.apache.ratis.thirdparty.io.netty.channel.nio.NioEventLoop.run(NioEventLoop.java:458)
	at org.apache.ratis.thirdparty.io.netty.util.concurrent.SingleThreadEventExecutor$5.run(SingleThreadEventExecutor.java:897)
	at org.apache.ratis.thirdparty.io.netty.util.concurrent.FastThreadLocalRunnable.run(FastThreadLocalRunnable.java:30)
	... 1 more
Caused by: java.net.ConnectException: Connection refused
	... 11 more
2019-06-14 09:01:30,732 INFO  impl.RoleInfo (RoleInfo.java:shutdownLeaderElection(134)) - fdfb2969-652c-4a8b-8074-c029c687affb: shutdown LeaderElection
2019-06-14 09:01:30,732 INFO  impl.RaftServerImpl (RaftServerImpl.java:setRole(164)) - fdfb2969-652c-4a8b-8074-c029c687affb:group-BD08FBF16EF4 changes role from CANDIDATE to LEADER at term 2 for changeToLeader
2019-06-14 09:01:30,732 INFO  impl.RaftServerImpl (ServerState.java:setLeader(263)) - fdfb2969-652c-4a8b-8074-c029c687affb:group-BD08FBF16EF4 change Leader from null to fdfb2969-652c-4a8b-8074-c029c687affb at term 2 for becomeLeader, leader elected after 8ms
2019-06-14 09:01:30,732 INFO  server.RaftServerConfigKeys (ConfUtils.java:logGet(43)) - raft.server.staging.catchup.gap = 1000 (default)
2019-06-14 09:01:30,732 INFO  server.RaftServerConfigKeys (ConfUtils.java:logGet(43)) - raft.server.rpc.sleep.time = 25ms (default)
2019-06-14 09:01:30,732 INFO  server.RaftServerConfigKeys (ConfUtils.java:logGet(43)) - raft.server.watch.timeout = 10s (default)
2019-06-14 09:01:30,733 INFO  server.RaftServerConfigKeys (ConfUtils.java:logGet(43)) - raft.server.watch.timeout.denomination = 1s (default)
2019-06-14 09:01:30,733 INFO  server.RaftServerConfigKeys (ConfUtils.java:logGet(43)) - raft.server.log.appender.snapshot.chunk.size.max = 16MB (=16777216) (default)
2019-06-14 09:01:30,733 INFO  server.RaftServerConfigKeys (ConfUtils.java:logGet(43)) - raft.server.log.appender.buffer.byte-limit = 33554432 (custom)
2019-06-14 09:01:30,733 INFO  server.RaftServerConfigKeys (ConfUtils.java:logGet(43)) - raft.server.log.appender.buffer.element-limit = 1 (custom)
2019-06-14 09:01:30,733 INFO  grpc.GrpcConfigKeys$Server (ConfUtils.java:logGet(43)) - raft.grpc.server.leader.outstanding.appends.max = 128 (default)
2019-06-14 09:01:30,733 INFO  server.RaftServerConfigKeys (ConfUtils.java:logGet(43)) - raft.server.rpc.request.timeout = 3000ms (default)
2019-06-14 09:01:30,733 INFO  server.RaftServerConfigKeys (ConfUtils.java:logGet(43)) - raft.server.log.appender.install.snapshot.enabled = true (default)
2019-06-14 09:01:30,733 INFO  server.RaftServerConfigKeys (ConfUtils.java:logGet(43)) - raft.server.log.appender.snapshot.chunk.size.max = 16MB (=16777216) (default)
2019-06-14 09:01:30,733 INFO  server.RaftServerConfigKeys (ConfUtils.java:logGet(43)) - raft.server.log.appender.buffer.byte-limit = 33554432 (custom)
2019-06-14 09:01:30,733 INFO  server.RaftServerConfigKeys (ConfUtils.java:logGet(43)) - raft.server.log.appender.buffer.element-limit = 1 (custom)
2019-06-14 09:01:30,733 INFO  grpc.GrpcConfigKeys$Server (ConfUtils.java:logGet(43)) - raft.grpc.server.leader.outstanding.appends.max = 128 (default)
2019-06-14 09:01:30,734 INFO  server.RaftServerConfigKeys (ConfUtils.java:logGet(43)) - raft.server.rpc.request.timeout = 3000ms (default)
2019-06-14 09:01:30,734 INFO  server.RaftServerConfigKeys (ConfUtils.java:logGet(43)) - raft.server.log.appender.install.snapshot.enabled = true (default)
2019-06-14 09:01:30,734 INFO  impl.RoleInfo (RoleInfo.java:updateAndGet(143)) - fdfb2969-652c-4a8b-8074-c029c687affb: start LeaderState
2019-06-14 09:01:30,734 INFO  storage.RaftLogWorker (RaftLogWorker.java:rollLogSegment(303)) - fdfb2969-652c-4a8b-8074-c029c687affb-RaftLogWorker: Rolling segment log-0_16 to index:16
2019-06-14 09:01:30,734 INFO  storage.RaftLogWorker (RaftLogWorker.java:execute(433)) - fdfb2969-652c-4a8b-8074-c029c687affb-RaftLogWorker: Rolled log segment from /opt/src/hadoop-ozone/integration-test/target/test-dir/MiniOzoneClusterImpl-44e71b24-eb09-4105-ab19-c0949cf7d3c6/datanode-0/data/ratis/4fa030ca-0cee-4010-bf86-bd08fbf16ef4/current/log_inprogress_0 to /opt/src/hadoop-ozone/integration-test/target/test-dir/MiniOzoneClusterImpl-44e71b24-eb09-4105-ab19-c0949cf7d3c6/datanode-0/data/ratis/4fa030ca-0cee-4010-bf86-bd08fbf16ef4/current/log_0-16
2019-06-14 09:01:30,736 INFO  impl.RaftServerImpl (ServerState.java:setRaftConf(361)) - fdfb2969-652c-4a8b-8074-c029c687affb:group-BD08FBF16EF4 set configuration 17: [fdfb2969-652c-4a8b-8074-c029c687affb:192.168.105.147:33033, d76534b3-c535-4b2b-9bca-88054ea9162f:192.168.105.147:42099, f75ebefa-26f9-4a5c-8816-731c9e8aa80b:192.168.105.147:38699], old=null at 17
2019-06-14 09:01:30,736 WARN  server.GrpcLogAppender (LogUtils.java:warn(134)) - fdfb2969-652c-4a8b-8074-c029c687affb: Failed appendEntries to d76534b3-c535-4b2b-9bca-88054ea9162f:192.168.105.147:42099: org.apache.ratis.thirdparty.io.grpc.StatusRuntimeException: UNAVAILABLE: io exception
2019-06-14 09:01:30,753 INFO  impl.FollowerInfo (FollowerInfo.java:lambda$new$0(50)) - fdfb2969-652c-4a8b-8074-c029c687affb->d76534b3-c535-4b2b-9bca-88054ea9162f: nextIndex: updateUnconditionally 17 -> 0
2019-06-14 09:01:30,753 INFO  impl.RaftServerImpl (ServerState.java:setLeader(263)) - f75ebefa-26f9-4a5c-8816-731c9e8aa80b:group-BD08FBF16EF4 change Leader from null to fdfb2969-652c-4a8b-8074-c029c687affb at term 2 for appendEntries, leader elected after 24ms
2019-06-14 09:01:30,754 WARN  server.GrpcLogAppender (LogUtils.java:warn(134)) - fdfb2969-652c-4a8b-8074-c029c687affb: Failed appendEntries to d76534b3-c535-4b2b-9bca-88054ea9162f:192.168.105.147:42099: org.apache.ratis.thirdparty.io.grpc.StatusRuntimeException: UNAVAILABLE: io exception
2019-06-14 09:01:30,754 INFO  impl.FollowerInfo (FollowerInfo.java:lambda$new$0(50)) - fdfb2969-652c-4a8b-8074-c029c687affb->d76534b3-c535-4b2b-9bca-88054ea9162f: nextIndex: updateUnconditionally 1 -> 0
2019-06-14 09:01:30,773 INFO  impl.RaftServerImpl (ServerState.java:setRaftConf(361)) - f75ebefa-26f9-4a5c-8816-731c9e8aa80b:group-BD08FBF16EF4 set configuration 17: [fdfb2969-652c-4a8b-8074-c029c687affb:192.168.105.147:33033, d76534b3-c535-4b2b-9bca-88054ea9162f:192.168.105.147:42099, f75ebefa-26f9-4a5c-8816-731c9e8aa80b:192.168.105.147:38699], old=null at 17
2019-06-14 09:01:30,773 INFO  storage.RaftLogWorker (RaftLogWorker.java:rollLogSegment(303)) - f75ebefa-26f9-4a5c-8816-731c9e8aa80b-RaftLogWorker: Rolling segment log-0_16 to index:16
2019-06-14 09:01:30,774 INFO  storage.RaftLogWorker (RaftLogWorker.java:execute(433)) - f75ebefa-26f9-4a5c-8816-731c9e8aa80b-RaftLogWorker: Rolled log segment from /opt/src/hadoop-ozone/integration-test/target/test-dir/MiniOzoneClusterImpl-44e71b24-eb09-4105-ab19-c0949cf7d3c6/datanode-2/data/ratis/4fa030ca-0cee-4010-bf86-bd08fbf16ef4/current/log_inprogress_0 to /opt/src/hadoop-ozone/integration-test/target/test-dir/MiniOzoneClusterImpl-44e71b24-eb09-4105-ab19-c0949cf7d3c6/datanode-2/data/ratis/4fa030ca-0cee-4010-bf86-bd08fbf16ef4/current/log_0-16
2019-06-14 09:01:30,774 INFO  storage.RaftLogWorker (RaftLogWorker.java:execute(469)) - fdfb2969-652c-4a8b-8074-c029c687affb-RaftLogWorker: created new log segment /opt/src/hadoop-ozone/integration-test/target/test-dir/MiniOzoneClusterImpl-44e71b24-eb09-4105-ab19-c0949cf7d3c6/datanode-0/data/ratis/4fa030ca-0cee-4010-bf86-bd08fbf16ef4/current/log_inprogress_17
2019-06-14 09:01:30,808 INFO  storage.RaftLogWorker (RaftLogWorker.java:execute(469)) - f75ebefa-26f9-4a5c-8816-731c9e8aa80b-RaftLogWorker: created new log segment /opt/src/hadoop-ozone/integration-test/target/test-dir/MiniOzoneClusterImpl-44e71b24-eb09-4105-ab19-c0949cf7d3c6/datanode-2/data/ratis/4fa030ca-0cee-4010-bf86-bd08fbf16ef4/current/log_inprogress_17
2019-06-14 09:01:30,814 WARN  server.GrpcLogAppender (LogUtils.java:warn(134)) - fdfb2969-652c-4a8b-8074-c029c687affb: Failed appendEntries to d76534b3-c535-4b2b-9bca-88054ea9162f:192.168.105.147:42099: org.apache.ratis.thirdparty.io.grpc.StatusRuntimeException: UNAVAILABLE: io exception
2019-06-14 09:01:30,815 INFO  impl.FollowerInfo (FollowerInfo.java:lambda$new$0(50)) - fdfb2969-652c-4a8b-8074-c029c687affb->d76534b3-c535-4b2b-9bca-88054ea9162f: nextIndex: updateUnconditionally 1 -> 0
2019-06-14 09:01:30,818 WARN  server.GrpcLogAppender (LogUtils.java:warn(134)) - fdfb2969-652c-4a8b-8074-c029c687affb: Failed appendEntries to d76534b3-c535-4b2b-9bca-88054ea9162f:192.168.105.147:42099: org.apache.ratis.thirdparty.io.grpc.StatusRuntimeException: UNAVAILABLE: io exception
2019-06-14 09:01:30,818 INFO  impl.FollowerInfo (FollowerInfo.java:lambda$new$0(50)) - fdfb2969-652c-4a8b-8074-c029c687affb->d76534b3-c535-4b2b-9bca-88054ea9162f: nextIndex: updateUnconditionally 1 -> 0
2019-06-14 09:01:31,243 INFO  client.GrpcClientProtocolClient (GrpcClientProtocolClient.java:onNext(254)) - client-23D4FA034AAE->f75ebefa-26f9-4a5c-8816-731c9e8aa80b: receive RaftClientReply:client-23D4FA034AAE->f75ebefa-26f9-4a5c-8816-731c9e8aa80b@group-BD08FBF16EF4, cid=192, FAILED org.apache.ratis.protocol.NotLeaderException: Server f75ebefa-26f9-4a5c-8816-731c9e8aa80b is not the leader (fdfb2969-652c-4a8b-8074-c029c687affb:192.168.105.147:33033). Request must be sent to leader., logIndex=0, commits[f75ebefa-26f9-4a5c-8816-731c9e8aa80b:c17, fdfb2969-652c-4a8b-8074-c029c687affb:c17, d76534b3-c535-4b2b-9bca-88054ea9162f:c15]
2019-06-14 09:01:31,244 WARN  client.GrpcClientProtocolService (LogUtils.java:warn(134)) - 0-OrderedRequestStreamObserver0: onError: org.apache.ratis.thirdparty.io.grpc.StatusRuntimeException: CANCELLED: cancelled before receiving half close
2019-06-14 09:01:31,318 WARN  server.GrpcLogAppender (LogUtils.java:warn(134)) - fdfb2969-652c-4a8b-8074-c029c687affb: Failed appendEntries to d76534b3-c535-4b2b-9bca-88054ea9162f:192.168.105.147:42099: org.apache.ratis.thirdparty.io.grpc.StatusRuntimeException: UNAVAILABLE: io exception
2019-06-14 09:01:31,318 INFO  impl.FollowerInfo (FollowerInfo.java:lambda$new$0(50)) - fdfb2969-652c-4a8b-8074-c029c687affb->d76534b3-c535-4b2b-9bca-88054ea9162f: nextIndex: updateUnconditionally 0 -> 0
2019-06-14 09:01:31,349 INFO  container.ReplicationManager (ReplicationManager.java:run(207)) - Replication Monitor Thread took 0 milliseconds for processing 2 containers.
2019-06-14 09:01:31,801 INFO  container.ReplicationManager (ReplicationManager.java:sendCloseCommand(630)) - Sending close container command for container #1 to datanode d4302795-a86e-4bd7-ae74-75fd32bf6e49{ip: 192.168.105.147, host: ozone-xrdtn-3896089437, networkLocation: /default-rack, certSerialId: null}.
2019-06-14 09:01:31,801 WARN  events.EventQueue (EventQueue.java:fireEvent(147)) - Processing of TypedEvent{payloadType=CommandForDatanode, name='Datanode_Command'} is skipped, EventQueue is not running
2019-06-14 09:01:31,801 INFO  container.ReplicationManager (ReplicationManager.java:run(207)) - Replication Monitor Thread took 0 milliseconds for processing 3 containers.
2019-06-14 09:01:31,818 WARN  server.GrpcLogAppender (LogUtils.java:warn(134)) - fdfb2969-652c-4a8b-8074-c029c687affb: Failed appendEntries to d76534b3-c535-4b2b-9bca-88054ea9162f:192.168.105.147:42099: org.apache.ratis.thirdparty.io.grpc.StatusRuntimeException: UNAVAILABLE: io exception
2019-06-14 09:01:31,819 INFO  impl.FollowerInfo (FollowerInfo.java:lambda$new$0(50)) - fdfb2969-652c-4a8b-8074-c029c687affb->d76534b3-c535-4b2b-9bca-88054ea9162f: nextIndex: updateUnconditionally 0 -> 0
2019-06-14 09:01:32,319 WARN  server.GrpcLogAppender (LogUtils.java:warn(134)) - fdfb2969-652c-4a8b-8074-c029c687affb: Failed appendEntries to d76534b3-c535-4b2b-9bca-88054ea9162f:192.168.105.147:42099: org.apache.ratis.thirdparty.io.grpc.StatusRuntimeException: UNAVAILABLE: io exception
2019-06-14 09:01:32,319 INFO  impl.FollowerInfo (FollowerInfo.java:lambda$new$0(50)) - fdfb2969-652c-4a8b-8074-c029c687affb->d76534b3-c535-4b2b-9bca-88054ea9162f: nextIndex: updateUnconditionally 0 -> 0
2019-06-14 09:01:32,819 WARN  server.GrpcLogAppender (LogUtils.java:warn(134)) - fdfb2969-652c-4a8b-8074-c029c687affb: Failed appendEntries to d76534b3-c535-4b2b-9bca-88054ea9162f:192.168.105.147:42099: org.apache.ratis.thirdparty.io.grpc.StatusRuntimeException: UNAVAILABLE: io exception
2019-06-14 09:01:32,819 INFO  impl.FollowerInfo (FollowerInfo.java:lambda$new$0(50)) - fdfb2969-652c-4a8b-8074-c029c687affb->d76534b3-c535-4b2b-9bca-88054ea9162f: nextIndex: updateUnconditionally 0 -> 0
2019-06-14 09:01:33,249 INFO  client.GrpcClientProtocolClient (GrpcClientProtocolClient.java:onNext(254)) - client-23D4FA034AAE->f75ebefa-26f9-4a5c-8816-731c9e8aa80b: receive RaftClientReply:client-23D4FA034AAE->f75ebefa-26f9-4a5c-8816-731c9e8aa80b@group-BD08FBF16EF4, cid=192, FAILED org.apache.ratis.protocol.NotLeaderException: Server f75ebefa-26f9-4a5c-8816-731c9e8aa80b is not the leader (fdfb2969-652c-4a8b-8074-c029c687affb:192.168.105.147:33033). Request must be sent to leader., logIndex=0, commits[f75ebefa-26f9-4a5c-8816-731c9e8aa80b:c18, fdfb2969-652c-4a8b-8074-c029c687affb:c18, d76534b3-c535-4b2b-9bca-88054ea9162f:c15]
2019-06-14 09:01:33,250 WARN  client.GrpcClientProtocolService (LogUtils.java:warn(134)) - 1-OrderedRequestStreamObserver1: onError: org.apache.ratis.thirdparty.io.grpc.StatusRuntimeException: CANCELLED: cancelled before receiving half close
2019-06-14 09:01:33,319 WARN  server.GrpcLogAppender (LogUtils.java:warn(134)) - fdfb2969-652c-4a8b-8074-c029c687affb: Failed appendEntries to d76534b3-c535-4b2b-9bca-88054ea9162f:192.168.105.147:42099: org.apache.ratis.thirdparty.io.grpc.StatusRuntimeException: UNAVAILABLE: io exception
2019-06-14 09:01:33,319 INFO  impl.FollowerInfo (FollowerInfo.java:lambda$new$0(50)) - fdfb2969-652c-4a8b-8074-c029c687affb->d76534b3-c535-4b2b-9bca-88054ea9162f: nextIndex: updateUnconditionally 0 -> 0
2019-06-14 09:01:33,820 WARN  server.GrpcLogAppender (LogUtils.java:warn(134)) - fdfb2969-652c-4a8b-8074-c029c687affb: Failed appendEntries to d76534b3-c535-4b2b-9bca-88054ea9162f:192.168.105.147:42099: org.apache.ratis.thirdparty.io.grpc.StatusRuntimeException: UNAVAILABLE: io exception
2019-06-14 09:01:33,820 INFO  impl.FollowerInfo (FollowerInfo.java:lambda$new$0(50)) - fdfb2969-652c-4a8b-8074-c029c687affb->d76534b3-c535-4b2b-9bca-88054ea9162f: nextIndex: updateUnconditionally 0 -> 0
2019-06-14 09:01:34,156 INFO  node.StaleNodeHandler (StaleNodeHandler.java:onMessage(58)) - Datanode d76534b3-c535-4b2b-9bca-88054ea9162f{ip: 192.168.105.147, host: ozone-xrdtn-3896089437, networkLocation: /default-rack, certSerialId: null} moved to stale state. Finalizing its pipelines [PipelineID=d1b57586-1bce-4e76-86c9-d5b2c8d5d814, PipelineID=4fa030ca-0cee-4010-bf86-bd08fbf16ef4]
2019-06-14 09:01:34,156 INFO  pipeline.SCMPipelineManager (SCMPipelineManager.java:finalizeAndDestroyPipeline(307)) - destroying pipeline:Pipeline[ Id: d1b57586-1bce-4e76-86c9-d5b2c8d5d814, Nodes: d76534b3-c535-4b2b-9bca-88054ea9162f{ip: 192.168.105.147, host: ozone-xrdtn-3896089437, networkLocation: /default-rack, certSerialId: null}, Type:RATIS, Factor:ONE, State:OPEN]
2019-06-14 09:01:34,156 INFO  pipeline.PipelineStateManager (PipelineStateManager.java:finalizePipeline(123)) - Pipeline Pipeline[ Id: d1b57586-1bce-4e76-86c9-d5b2c8d5d814, Nodes: d76534b3-c535-4b2b-9bca-88054ea9162f{ip: 192.168.105.147, host: ozone-xrdtn-3896089437, networkLocation: /default-rack, certSerialId: null}, Type:RATIS, Factor:ONE, State:CLOSED] moved to CLOSED state
2019-06-14 09:01:34,156 INFO  pipeline.SCMPipelineManager (SCMPipelineManager.java:finalizeAndDestroyPipeline(307)) - destroying pipeline:Pipeline[ Id: 4fa030ca-0cee-4010-bf86-bd08fbf16ef4, Nodes: d76534b3-c535-4b2b-9bca-88054ea9162f{ip: 192.168.105.147, host: ozone-xrdtn-3896089437, networkLocation: /default-rack, certSerialId: null}fdfb2969-652c-4a8b-8074-c029c687affb{ip: 192.168.105.147, host: ozone-xrdtn-3896089437, networkLocation: /default-rack, certSerialId: null}f75ebefa-26f9-4a5c-8816-731c9e8aa80b{ip: 192.168.105.147, host: ozone-xrdtn-3896089437, networkLocation: /default-rack, certSerialId: null}, Type:RATIS, Factor:THREE, State:OPEN]
2019-06-14 09:01:34,156 INFO  pipeline.PipelineStateManager (PipelineStateManager.java:finalizePipeline(123)) - Pipeline Pipeline[ Id: 4fa030ca-0cee-4010-bf86-bd08fbf16ef4, Nodes: d76534b3-c535-4b2b-9bca-88054ea9162f{ip: 192.168.105.147, host: ozone-xrdtn-3896089437, networkLocation: /default-rack, certSerialId: null}fdfb2969-652c-4a8b-8074-c029c687affb{ip: 192.168.105.147, host: ozone-xrdtn-3896089437, networkLocation: /default-rack, certSerialId: null}f75ebefa-26f9-4a5c-8816-731c9e8aa80b{ip: 192.168.105.147, host: ozone-xrdtn-3896089437, networkLocation: /default-rack, certSerialId: null}, Type:RATIS, Factor:THREE, State:CLOSED] moved to CLOSED state
2019-06-14 09:01:34,156 INFO  container.CloseContainerEventHandler (CloseContainerEventHandler.java:onMessage(61)) - Close container Event triggered for container : #1
2019-06-14 09:01:34,320 WARN  server.GrpcLogAppender (LogUtils.java:warn(134)) - fdfb2969-652c-4a8b-8074-c029c687affb: Failed appendEntries to d76534b3-c535-4b2b-9bca-88054ea9162f:192.168.105.147:42099: org.apache.ratis.thirdparty.io.grpc.StatusRuntimeException: UNAVAILABLE: io exception
2019-06-14 09:01:34,320 INFO  impl.FollowerInfo (FollowerInfo.java:lambda$new$0(50)) - fdfb2969-652c-4a8b-8074-c029c687affb->d76534b3-c535-4b2b-9bca-88054ea9162f: nextIndex: updateUnconditionally 0 -> 0
2019-06-14 09:01:34,349 INFO  container.ReplicationManager (ReplicationManager.java:run(207)) - Replication Monitor Thread took 1 milliseconds for processing 2 containers.
2019-06-14 09:01:34,801 INFO  container.ReplicationManager (ReplicationManager.java:sendCloseCommand(630)) - Sending close container command for container #1 to datanode d4302795-a86e-4bd7-ae74-75fd32bf6e49{ip: 192.168.105.147, host: ozone-xrdtn-3896089437, networkLocation: /default-rack, certSerialId: null}.
2019-06-14 09:01:34,801 WARN  events.EventQueue (EventQueue.java:fireEvent(147)) - Processing of TypedEvent{payloadType=CommandForDatanode, name='Datanode_Command'} is skipped, EventQueue is not running
2019-06-14 09:01:34,802 INFO  container.ReplicationManager (ReplicationManager.java:run(207)) - Replication Monitor Thread took 0 milliseconds for processing 3 containers.
2019-06-14 09:01:34,820 WARN  server.GrpcLogAppender (LogUtils.java:warn(134)) - fdfb2969-652c-4a8b-8074-c029c687affb: Failed appendEntries to d76534b3-c535-4b2b-9bca-88054ea9162f:192.168.105.147:42099: org.apache.ratis.thirdparty.io.grpc.StatusRuntimeException: UNAVAILABLE: io exception
2019-06-14 09:01:34,820 INFO  impl.FollowerInfo (FollowerInfo.java:lambda$new$0(50)) - fdfb2969-652c-4a8b-8074-c029c687affb->d76534b3-c535-4b2b-9bca-88054ea9162f: nextIndex: updateUnconditionally 0 -> 0
2019-06-14 09:01:35,255 INFO  client.GrpcClientProtocolClient (GrpcClientProtocolClient.java:onNext(254)) - client-23D4FA034AAE->f75ebefa-26f9-4a5c-8816-731c9e8aa80b: receive RaftClientReply:client-23D4FA034AAE->f75ebefa-26f9-4a5c-8816-731c9e8aa80b@group-BD08FBF16EF4, cid=192, FAILED org.apache.ratis.protocol.NotLeaderException: Server f75ebefa-26f9-4a5c-8816-731c9e8aa80b is not the leader (fdfb2969-652c-4a8b-8074-c029c687affb:192.168.105.147:33033). Request must be sent to leader., logIndex=0, commits[f75ebefa-26f9-4a5c-8816-731c9e8aa80b:c18, fdfb2969-652c-4a8b-8074-c029c687affb:c18, d76534b3-c535-4b2b-9bca-88054ea9162f:c15]
2019-06-14 09:01:35,256 WARN  client.GrpcClientProtocolService (LogUtils.java:warn(134)) - 2-OrderedRequestStreamObserver2: onError: org.apache.ratis.thirdparty.io.grpc.StatusRuntimeException: CANCELLED: cancelled before receiving half close
2019-06-14 09:01:35,320 WARN  server.GrpcLogAppender (LogUtils.java:warn(134)) - fdfb2969-652c-4a8b-8074-c029c687affb: Failed appendEntries to d76534b3-c535-4b2b-9bca-88054ea9162f:192.168.105.147:42099: org.apache.ratis.thirdparty.io.grpc.StatusRuntimeException: UNAVAILABLE: io exception
2019-06-14 09:01:35,320 INFO  impl.FollowerInfo (FollowerInfo.java:lambda$new$0(50)) - fdfb2969-652c-4a8b-8074-c029c687affb->d76534b3-c535-4b2b-9bca-88054ea9162f: nextIndex: updateUnconditionally 0 -> 0
2019-06-14 09:01:35,821 WARN  server.GrpcLogAppender (LogUtils.java:warn(134)) - fdfb2969-652c-4a8b-8074-c029c687affb: Failed appendEntries to d76534b3-c535-4b2b-9bca-88054ea9162f:192.168.105.147:42099: org.apache.ratis.thirdparty.io.grpc.StatusRuntimeException: UNAVAILABLE: io exception
2019-06-14 09:01:35,821 INFO  impl.FollowerInfo (FollowerInfo.java:lambda$new$0(50)) - fdfb2969-652c-4a8b-8074-c029c687affb->d76534b3-c535-4b2b-9bca-88054ea9162f: nextIndex: updateUnconditionally 0 -> 0
2019-06-14 09:01:36,321 WARN  server.GrpcLogAppender (LogUtils.java:warn(134)) - fdfb2969-652c-4a8b-8074-c029c687affb: Failed appendEntries to d76534b3-c535-4b2b-9bca-88054ea9162f:192.168.105.147:42099: org.apache.ratis.thirdparty.io.grpc.StatusRuntimeException: UNAVAILABLE: io exception
2019-06-14 09:01:36,321 INFO  impl.FollowerInfo (FollowerInfo.java:lambda$new$0(50)) - fdfb2969-652c-4a8b-8074-c029c687affb->d76534b3-c535-4b2b-9bca-88054ea9162f: nextIndex: updateUnconditionally 0 -> 0
2019-06-14 09:01:36,821 WARN  server.GrpcLogAppender (LogUtils.java:warn(134)) - fdfb2969-652c-4a8b-8074-c029c687affb: Failed appendEntries to d76534b3-c535-4b2b-9bca-88054ea9162f:192.168.105.147:42099: org.apache.ratis.thirdparty.io.grpc.StatusRuntimeException: UNAVAILABLE: io exception
2019-06-14 09:01:36,821 INFO  impl.FollowerInfo (FollowerInfo.java:lambda$new$0(50)) - fdfb2969-652c-4a8b-8074-c029c687affb->d76534b3-c535-4b2b-9bca-88054ea9162f: nextIndex: updateUnconditionally 0 -> 0
2019-06-14 09:01:37,110 WARN  server.GrpcLogAppender (LogUtils.java:warn(134)) - fdfb2969-652c-4a8b-8074-c029c687affb: Failed appendEntries to d76534b3-c535-4b2b-9bca-88054ea9162f:192.168.105.147:42099: org.apache.ratis.thirdparty.io.grpc.StatusRuntimeException: UNAVAILABLE: io exception
2019-06-14 09:01:37,110 INFO  impl.FollowerInfo (FollowerInfo.java:lambda$new$0(50)) - fdfb2969-652c-4a8b-8074-c029c687affb->d76534b3-c535-4b2b-9bca-88054ea9162f: nextIndex: updateUnconditionally 1 -> 0
2019-06-14 09:01:37,111 WARN  server.GrpcLogAppender (LogUtils.java:warn(134)) - fdfb2969-652c-4a8b-8074-c029c687affb: Failed appendEntries to d76534b3-c535-4b2b-9bca-88054ea9162f:192.168.105.147:42099: org.apache.ratis.thirdparty.io.grpc.StatusRuntimeException: UNAVAILABLE: io exception
2019-06-14 09:01:37,111 INFO  impl.FollowerInfo (FollowerInfo.java:lambda$new$0(50)) - fdfb2969-652c-4a8b-8074-c029c687affb->d76534b3-c535-4b2b-9bca-88054ea9162f: nextIndex: updateUnconditionally 1 -> 0
2019-06-14 09:01:37,114 WARN  server.GrpcLogAppender (LogUtils.java:warn(134)) - fdfb2969-652c-4a8b-8074-c029c687affb: Failed appendEntries to d76534b3-c535-4b2b-9bca-88054ea9162f:192.168.105.147:42099: org.apache.ratis.thirdparty.io.grpc.StatusRuntimeException: UNAVAILABLE: io exception
2019-06-14 09:01:37,114 INFO  impl.FollowerInfo (FollowerInfo.java:lambda$new$0(50)) - fdfb2969-652c-4a8b-8074-c029c687affb->d76534b3-c535-4b2b-9bca-88054ea9162f: nextIndex: updateUnconditionally 1 -> 0
2019-06-14 09:01:37,129 INFO  interfaces.Container (KeyValueContainer.java:compactDB(356)) - Container 1 is closed with bcsId 15.
2019-06-14 09:01:37,126 INFO  interfaces.Container (KeyValueContainer.java:compactDB(356)) - Container 1 is closed with bcsId 15.
09:01:37.258 [grpc-default-executor-7] ERROR DNAudit - user=null | ip=null | op=WRITE_CHUNK {blockData=conID: 1 locID: 102269117338157070 bcsId: 15} | ret=FAILURE
org.apache.hadoop.hdds.scm.container.common.helpers.ContainerNotOpenException: Container 1 in CLOSED state
	at org.apache.hadoop.ozone.container.common.impl.HddsDispatcher.validateContainerCommand(HddsDispatcher.java:408) ~[hadoop-hdds-container-service-0.5.0-SNAPSHOT.jar:?]
	at org.apache.hadoop.ozone.container.common.transport.server.ratis.ContainerStateMachine.startTransaction(ContainerStateMachine.java:269) ~[hadoop-hdds-container-service-0.5.0-SNAPSHOT.jar:?]
	at org.apache.ratis.server.impl.RaftServerImpl.submitClientRequestAsync(RaftServerImpl.java:550) ~[ratis-server-0.4.0-fe2b15d-SNAPSHOT.jar:0.4.0-fe2b15d-SNAPSHOT]
	at org.apache.ratis.server.impl.RaftServerProxy.lambda$submitClientRequestAsync$7(RaftServerProxy.java:333) ~[ratis-server-0.4.0-fe2b15d-SNAPSHOT.jar:0.4.0-fe2b15d-SNAPSHOT]
	at org.apache.ratis.server.impl.RaftServerProxy.lambda$null$5(RaftServerProxy.java:328) ~[ratis-server-0.4.0-fe2b15d-SNAPSHOT.jar:0.4.0-fe2b15d-SNAPSHOT]
	at org.apache.ratis.util.JavaUtils.callAsUnchecked(JavaUtils.java:109) ~[ratis-common-0.4.0-fe2b15d-SNAPSHOT.jar:0.4.0-fe2b15d-SNAPSHOT]
	at org.apache.ratis.server.impl.RaftServerProxy.lambda$submitRequest$6(RaftServerProxy.java:328) ~[ratis-server-0.4.0-fe2b15d-SNAPSHOT.jar:0.4.0-fe2b15d-SNAPSHOT]
	at java.util.concurrent.CompletableFuture.uniComposeStage(CompletableFuture.java:981) ~[?:1.8.0_212]
	at java.util.concurrent.CompletableFuture.thenCompose(CompletableFuture.java:2124) ~[?:1.8.0_212]
	at org.apache.ratis.server.impl.RaftServerProxy.submitRequest(RaftServerProxy.java:327) ~[ratis-server-0.4.0-fe2b15d-SNAPSHOT.jar:0.4.0-fe2b15d-SNAPSHOT]
	at org.apache.ratis.server.impl.RaftServerProxy.submitClientRequestAsync(RaftServerProxy.java:333) ~[ratis-server-0.4.0-fe2b15d-SNAPSHOT.jar:0.4.0-fe2b15d-SNAPSHOT]
	at org.apache.ratis.grpc.client.GrpcClientProtocolService$RequestStreamObserver.processClientRequest(GrpcClientProtocolService.java:206) ~[ratis-grpc-0.4.0-fe2b15d-SNAPSHOT.jar:0.4.0-fe2b15d-SNAPSHOT]
	at org.apache.ratis.grpc.client.GrpcClientProtocolService$OrderedRequestStreamObserver.processClientRequest(GrpcClientProtocolService.java:306) ~[ratis-grpc-0.4.0-fe2b15d-SNAPSHOT.jar:0.4.0-fe2b15d-SNAPSHOT]
	at org.apache.ratis.util.SlidingWindow$Server.processRequestsFromHead(SlidingWindow.java:399) [ratis-common-0.4.0-fe2b15d-SNAPSHOT.jar:0.4.0-fe2b15d-SNAPSHOT]
	at org.apache.ratis.util.SlidingWindow$Server.receivedRequest(SlidingWindow.java:391) [ratis-common-0.4.0-fe2b15d-SNAPSHOT.jar:0.4.0-fe2b15d-SNAPSHOT]
	at org.apache.ratis.grpc.client.GrpcClientProtocolService$OrderedRequestStreamObserver.processClientRequest(GrpcClientProtocolService.java:312) [ratis-grpc-0.4.0-fe2b15d-SNAPSHOT.jar:0.4.0-fe2b15d-SNAPSHOT]
	at org.apache.ratis.grpc.client.GrpcClientProtocolService$RequestStreamObserver.onNext(GrpcClientProtocolService.java:226) [ratis-grpc-0.4.0-fe2b15d-SNAPSHOT.jar:0.4.0-fe2b15d-SNAPSHOT]
	at org.apache.ratis.grpc.client.GrpcClientProtocolService$RequestStreamObserver.onNext(GrpcClientProtocolService.java:154) [ratis-grpc-0.4.0-fe2b15d-SNAPSHOT.jar:0.4.0-fe2b15d-SNAPSHOT]
	at org.apache.ratis.thirdparty.io.grpc.stub.ServerCalls$StreamingServerCallHandler$StreamingServerCallListener.onMessage(ServerCalls.java:248) [ratis-thirdparty-misc-0.2.0.jar:0.2.0]
	at org.apache.ratis.thirdparty.io.grpc.internal.ServerCallImpl$ServerStreamListenerImpl.messagesAvailable(ServerCallImpl.java:263) [ratis-thirdparty-misc-0.2.0.jar:0.2.0]
	at org.apache.ratis.thirdparty.io.grpc.internal.ServerImpl$JumpToApplicationThreadServerStreamListener$1MessagesAvailable.runInContext(ServerImpl.java:686) [ratis-thirdparty-misc-0.2.0.jar:0.2.0]
	at org.apache.ratis.thirdparty.io.grpc.internal.ContextRunnable.run(ContextRunnable.java:37) [ratis-thirdparty-misc-0.2.0.jar:0.2.0]
	at org.apache.ratis.thirdparty.io.grpc.internal.SerializingExecutor.run(SerializingExecutor.java:123) [ratis-thirdparty-misc-0.2.0.jar:0.2.0]
	at java.util.concurrent.ThreadPoolExecutor.runWorker(ThreadPoolExecutor.java:1149) [?:1.8.0_212]
	at java.util.concurrent.ThreadPoolExecutor$Worker.run(ThreadPoolExecutor.java:624) [?:1.8.0_212]
	at java.lang.Thread.run(Thread.java:748) [?:1.8.0_212]
2019-06-14 09:01:37,265 INFO  client.GrpcClientProtocolClient (GrpcClientProtocolClient.java:onNext(254)) - client-23D4FA034AAE->fdfb2969-652c-4a8b-8074-c029c687affb: receive RaftClientReply:client-23D4FA034AAE->fdfb2969-652c-4a8b-8074-c029c687affb@group-BD08FBF16EF4, cid=192, FAILED org.apache.ratis.protocol.StateMachineException: org.apache.hadoop.hdds.scm.container.common.helpers.ContainerNotOpenException from Server fdfb2969-652c-4a8b-8074-c029c687affb: Container 1 in CLOSED state, logIndex=0, commits[fdfb2969-652c-4a8b-8074-c029c687affb:c20, d76534b3-c535-4b2b-9bca-88054ea9162f:c15, f75ebefa-26f9-4a5c-8816-731c9e8aa80b:c19]
09:01:37.267 [grpc-default-executor-6] ERROR DNAudit - user=null | ip=null | op=WRITE_CHUNK {blockData=conID: 1 locID: 102269117338157070 bcsId: 15} | ret=FAILURE
org.apache.hadoop.hdds.scm.container.common.helpers.ContainerNotOpenException: Container 1 in CLOSED state
	at org.apache.hadoop.ozone.container.common.impl.HddsDispatcher.validateContainerCommand(HddsDispatcher.java:408) ~[hadoop-hdds-container-service-0.5.0-SNAPSHOT.jar:?]
	at org.apache.hadoop.ozone.container.common.transport.server.ratis.ContainerStateMachine.startTransaction(ContainerStateMachine.java:269) ~[hadoop-hdds-container-service-0.5.0-SNAPSHOT.jar:?]
	at org.apache.ratis.server.impl.RaftServerImpl.submitClientRequestAsync(RaftServerImpl.java:550) ~[ratis-server-0.4.0-fe2b15d-SNAPSHOT.jar:0.4.0-fe2b15d-SNAPSHOT]
	at org.apache.ratis.server.impl.RaftServerProxy.lambda$submitClientRequestAsync$7(RaftServerProxy.java:333) ~[ratis-server-0.4.0-fe2b15d-SNAPSHOT.jar:0.4.0-fe2b15d-SNAPSHOT]
	at org.apache.ratis.server.impl.RaftServerProxy.lambda$null$5(RaftServerProxy.java:328) ~[ratis-server-0.4.0-fe2b15d-SNAPSHOT.jar:0.4.0-fe2b15d-SNAPSHOT]
	at org.apache.ratis.util.JavaUtils.callAsUnchecked(JavaUtils.java:109) ~[ratis-common-0.4.0-fe2b15d-SNAPSHOT.jar:0.4.0-fe2b15d-SNAPSHOT]
	at org.apache.ratis.server.impl.RaftServerProxy.lambda$submitRequest$6(RaftServerProxy.java:328) ~[ratis-server-0.4.0-fe2b15d-SNAPSHOT.jar:0.4.0-fe2b15d-SNAPSHOT]
	at java.util.concurrent.CompletableFuture.uniComposeStage(CompletableFuture.java:981) ~[?:1.8.0_212]
	at java.util.concurrent.CompletableFuture.thenCompose(CompletableFuture.java:2124) ~[?:1.8.0_212]
	at org.apache.ratis.server.impl.RaftServerProxy.submitRequest(RaftServerProxy.java:327) ~[ratis-server-0.4.0-fe2b15d-SNAPSHOT.jar:0.4.0-fe2b15d-SNAPSHOT]
	at org.apache.ratis.server.impl.RaftServerProxy.submitClientRequestAsync(RaftServerProxy.java:333) ~[ratis-server-0.4.0-fe2b15d-SNAPSHOT.jar:0.4.0-fe2b15d-SNAPSHOT]
	at org.apache.ratis.grpc.client.GrpcClientProtocolService$RequestStreamObserver.processClientRequest(GrpcClientProtocolService.java:206) ~[ratis-grpc-0.4.0-fe2b15d-SNAPSHOT.jar:0.4.0-fe2b15d-SNAPSHOT]
	at org.apache.ratis.grpc.client.GrpcClientProtocolService$OrderedRequestStreamObserver.processClientRequest(GrpcClientProtocolService.java:306) ~[ratis-grpc-0.4.0-fe2b15d-SNAPSHOT.jar:0.4.0-fe2b15d-SNAPSHOT]
	at org.apache.ratis.util.SlidingWindow$Server.processRequestsFromHead(SlidingWindow.java:399) [ratis-common-0.4.0-fe2b15d-SNAPSHOT.jar:0.4.0-fe2b15d-SNAPSHOT]
	at org.apache.ratis.util.SlidingWindow$Server.receivedRequest(SlidingWindow.java:391) [ratis-common-0.4.0-fe2b15d-SNAPSHOT.jar:0.4.0-fe2b15d-SNAPSHOT]
	at org.apache.ratis.grpc.client.GrpcClientProtocolService$OrderedRequestStreamObserver.processClientRequest(GrpcClientProtocolService.java:312) [ratis-grpc-0.4.0-fe2b15d-SNAPSHOT.jar:0.4.0-fe2b15d-SNAPSHOT]
	at org.apache.ratis.grpc.client.GrpcClientProtocolService$RequestStreamObserver.onNext(GrpcClientProtocolService.java:226) [ratis-grpc-0.4.0-fe2b15d-SNAPSHOT.jar:0.4.0-fe2b15d-SNAPSHOT]
	at org.apache.ratis.grpc.client.GrpcClientProtocolService$RequestStreamObserver.onNext(GrpcClientProtocolService.java:154) [ratis-grpc-0.4.0-fe2b15d-SNAPSHOT.jar:0.4.0-fe2b15d-SNAPSHOT]
	at org.apache.ratis.thirdparty.io.grpc.stub.ServerCalls$StreamingServerCallHandler$StreamingServerCallListener.onMessage(ServerCalls.java:248) [ratis-thirdparty-misc-0.2.0.jar:0.2.0]
	at org.apache.ratis.thirdparty.io.grpc.internal.ServerCallImpl$ServerStreamListenerImpl.messagesAvailable(ServerCallImpl.java:263) [ratis-thirdparty-misc-0.2.0.jar:0.2.0]
	at org.apache.ratis.thirdparty.io.grpc.internal.ServerImpl$JumpToApplicationThreadServerStreamListener$1MessagesAvailable.runInContext(ServerImpl.java:686) [ratis-thirdparty-misc-0.2.0.jar:0.2.0]
	at org.apache.ratis.thirdparty.io.grpc.internal.ContextRunnable.run(ContextRunnable.java:37) [ratis-thirdparty-misc-0.2.0.jar:0.2.0]
	at org.apache.ratis.thirdparty.io.grpc.internal.SerializingExecutor.run(SerializingExecutor.java:123) [ratis-thirdparty-misc-0.2.0.jar:0.2.0]
	at java.util.concurrent.ThreadPoolExecutor.runWorker(ThreadPoolExecutor.java:1149) [?:1.8.0_212]
	at java.util.concurrent.ThreadPoolExecutor$Worker.run(ThreadPoolExecutor.java:624) [?:1.8.0_212]
	at java.lang.Thread.run(Thread.java:748) [?:1.8.0_212]
09:01:37.272 [Thread-6309] ERROR DNAudit - user=null | ip=null | op=PUT_BLOCK {blockData=[blockId=conID: 1 locID: 102269117338157070 bcsId: 0,size=650]} | ret=FAILURE
org.apache.hadoop.hdds.scm.container.common.helpers.ContainerNotOpenException: Container 1 in CLOSED state
	at org.apache.hadoop.ozone.container.common.impl.HddsDispatcher.validateContainerCommand(HddsDispatcher.java:408) ~[hadoop-hdds-container-service-0.5.0-SNAPSHOT.jar:?]
	at org.apache.hadoop.ozone.container.common.transport.server.ratis.ContainerStateMachine.startTransaction(ContainerStateMachine.java:269) ~[hadoop-hdds-container-service-0.5.0-SNAPSHOT.jar:?]
	at org.apache.ratis.server.impl.RaftServerImpl.submitClientRequestAsync(RaftServerImpl.java:550) ~[ratis-server-0.4.0-fe2b15d-SNAPSHOT.jar:0.4.0-fe2b15d-SNAPSHOT]
	at org.apache.ratis.server.impl.RaftServerProxy.lambda$submitClientRequestAsync$7(RaftServerProxy.java:333) ~[ratis-server-0.4.0-fe2b15d-SNAPSHOT.jar:0.4.0-fe2b15d-SNAPSHOT]
	at org.apache.ratis.server.impl.RaftServerProxy.lambda$null$5(RaftServerProxy.java:328) ~[ratis-server-0.4.0-fe2b15d-SNAPSHOT.jar:0.4.0-fe2b15d-SNAPSHOT]
	at org.apache.ratis.util.JavaUtils.callAsUnchecked(JavaUtils.java:109) ~[ratis-common-0.4.0-fe2b15d-SNAPSHOT.jar:0.4.0-fe2b15d-SNAPSHOT]
	at org.apache.ratis.server.impl.RaftServerProxy.lambda$submitRequest$6(RaftServerProxy.java:328) ~[ratis-server-0.4.0-fe2b15d-SNAPSHOT.jar:0.4.0-fe2b15d-SNAPSHOT]
	at java.util.concurrent.CompletableFuture.uniComposeStage(CompletableFuture.java:981) ~[?:1.8.0_212]
	at java.util.concurrent.CompletableFuture.thenCompose(CompletableFuture.java:2124) ~[?:1.8.0_212]
	at org.apache.ratis.server.impl.RaftServerProxy.submitRequest(RaftServerProxy.java:327) ~[ratis-server-0.4.0-fe2b15d-SNAPSHOT.jar:0.4.0-fe2b15d-SNAPSHOT]
	at org.apache.ratis.server.impl.RaftServerProxy.submitClientRequestAsync(RaftServerProxy.java:333) ~[ratis-server-0.4.0-fe2b15d-SNAPSHOT.jar:0.4.0-fe2b15d-SNAPSHOT]
	at org.apache.ratis.grpc.client.GrpcClientProtocolService$RequestStreamObserver.processClientRequest(GrpcClientProtocolService.java:206) ~[ratis-grpc-0.4.0-fe2b15d-SNAPSHOT.jar:0.4.0-fe2b15d-SNAPSHOT]
	at org.apache.ratis.grpc.client.GrpcClientProtocolService$OrderedRequestStreamObserver.processClientRequest(GrpcClientProtocolService.java:306) ~[ratis-grpc-0.4.0-fe2b15d-SNAPSHOT.jar:0.4.0-fe2b15d-SNAPSHOT]
	at org.apache.ratis.util.SlidingWindow$Server.processRequestsFromHead(SlidingWindow.java:399) ~[ratis-common-0.4.0-fe2b15d-SNAPSHOT.jar:0.4.0-fe2b15d-SNAPSHOT]
	at org.apache.ratis.util.SlidingWindow$Server.receiveReply(SlidingWindow.java:414) ~[ratis-common-0.4.0-fe2b15d-SNAPSHOT.jar:0.4.0-fe2b15d-SNAPSHOT]
	at org.apache.ratis.grpc.client.GrpcClientProtocolService$OrderedRequestStreamObserver.lambda$processClientRequest$0(GrpcClientProtocolService.java:307) ~[ratis-grpc-0.4.0-fe2b15d-SNAPSHOT.jar:0.4.0-fe2b15d-SNAPSHOT]
	at java.util.concurrent.CompletableFuture.uniAccept(CompletableFuture.java:656) [?:1.8.0_212]
	at java.util.concurrent.CompletableFuture$UniAccept.tryFire(CompletableFuture.java:632) [?:1.8.0_212]
	at java.util.concurrent.CompletableFuture$Completion.run(CompletableFuture.java:442) [?:1.8.0_212]
	at java.lang.Thread.run(Thread.java:748) [?:1.8.0_212]
2019-06-14 09:01:37,273 INFO  client.GrpcClientProtocolClient (GrpcClientProtocolClient.java:onNext(254)) - client-23D4FA034AAE->fdfb2969-652c-4a8b-8074-c029c687affb: receive RaftClientReply:client-23D4FA034AAE->fdfb2969-652c-4a8b-8074-c029c687affb@group-BD08FBF16EF4, cid=193, FAILED org.apache.ratis.protocol.StateMachineException: org.apache.hadoop.hdds.scm.container.common.helpers.ContainerNotOpenException from Server fdfb2969-652c-4a8b-8074-c029c687affb: Container 1 in CLOSED state, logIndex=0, commits[fdfb2969-652c-4a8b-8074-c029c687affb:c20, d76534b3-c535-4b2b-9bca-88054ea9162f:c15, f75ebefa-26f9-4a5c-8816-731c9e8aa80b:c19]
09:01:37.276 [Thread-6310] ERROR DNAudit - user=null | ip=null | op=WRITE_CHUNK {blockData=conID: 1 locID: 102269117338157070 bcsId: 15} | ret=FAILURE
org.apache.hadoop.hdds.scm.container.common.helpers.ContainerNotOpenException: Container 1 in CLOSED state
	at org.apache.hadoop.ozone.container.common.impl.HddsDispatcher.validateContainerCommand(HddsDispatcher.java:408) ~[hadoop-hdds-container-service-0.5.0-SNAPSHOT.jar:?]
	at org.apache.hadoop.ozone.container.common.transport.server.ratis.ContainerStateMachine.startTransaction(ContainerStateMachine.java:269) ~[hadoop-hdds-container-service-0.5.0-SNAPSHOT.jar:?]
	at org.apache.ratis.server.impl.RaftServerImpl.submitClientRequestAsync(RaftServerImpl.java:550) ~[ratis-server-0.4.0-fe2b15d-SNAPSHOT.jar:0.4.0-fe2b15d-SNAPSHOT]
	at org.apache.ratis.server.impl.RaftServerProxy.lambda$submitClientRequestAsync$7(RaftServerProxy.java:333) ~[ratis-server-0.4.0-fe2b15d-SNAPSHOT.jar:0.4.0-fe2b15d-SNAPSHOT]
	at org.apache.ratis.server.impl.RaftServerProxy.lambda$null$5(RaftServerProxy.java:328) ~[ratis-server-0.4.0-fe2b15d-SNAPSHOT.jar:0.4.0-fe2b15d-SNAPSHOT]
	at org.apache.ratis.util.JavaUtils.callAsUnchecked(JavaUtils.java:109) ~[ratis-common-0.4.0-fe2b15d-SNAPSHOT.jar:0.4.0-fe2b15d-SNAPSHOT]
	at org.apache.ratis.server.impl.RaftServerProxy.lambda$submitRequest$6(RaftServerProxy.java:328) ~[ratis-server-0.4.0-fe2b15d-SNAPSHOT.jar:0.4.0-fe2b15d-SNAPSHOT]
	at java.util.concurrent.CompletableFuture.uniComposeStage(CompletableFuture.java:981) ~[?:1.8.0_212]
	at java.util.concurrent.CompletableFuture.thenCompose(CompletableFuture.java:2124) ~[?:1.8.0_212]
	at org.apache.ratis.server.impl.RaftServerProxy.submitRequest(RaftServerProxy.java:327) ~[ratis-server-0.4.0-fe2b15d-SNAPSHOT.jar:0.4.0-fe2b15d-SNAPSHOT]
	at org.apache.ratis.server.impl.RaftServerProxy.submitClientRequestAsync(RaftServerProxy.java:333) ~[ratis-server-0.4.0-fe2b15d-SNAPSHOT.jar:0.4.0-fe2b15d-SNAPSHOT]
	at org.apache.ratis.grpc.client.GrpcClientProtocolService$RequestStreamObserver.processClientRequest(GrpcClientProtocolService.java:206) ~[ratis-grpc-0.4.0-fe2b15d-SNAPSHOT.jar:0.4.0-fe2b15d-SNAPSHOT]
	at org.apache.ratis.grpc.client.GrpcClientProtocolService$OrderedRequestStreamObserver.processClientRequest(GrpcClientProtocolService.java:306) ~[ratis-grpc-0.4.0-fe2b15d-SNAPSHOT.jar:0.4.0-fe2b15d-SNAPSHOT]
	at org.apache.ratis.util.SlidingWindow$Server.processRequestsFromHead(SlidingWindow.java:399) ~[ratis-common-0.4.0-fe2b15d-SNAPSHOT.jar:0.4.0-fe2b15d-SNAPSHOT]
	at org.apache.ratis.util.SlidingWindow$Server.receiveReply(SlidingWindow.java:414) ~[ratis-common-0.4.0-fe2b15d-SNAPSHOT.jar:0.4.0-fe2b15d-SNAPSHOT]
	at org.apache.ratis.grpc.client.GrpcClientProtocolService$OrderedRequestStreamObserver.lambda$processClientRequest$0(GrpcClientProtocolService.java:307) ~[ratis-grpc-0.4.0-fe2b15d-SNAPSHOT.jar:0.4.0-fe2b15d-SNAPSHOT]
	at java.util.concurrent.CompletableFuture.uniAccept(CompletableFuture.java:656) [?:1.8.0_212]
	at java.util.concurrent.CompletableFuture$UniAccept.tryFire(CompletableFuture.java:632) [?:1.8.0_212]
	at java.util.concurrent.CompletableFuture$Completion.run(CompletableFuture.java:442) [?:1.8.0_212]
	at java.lang.Thread.run(Thread.java:748) [?:1.8.0_212]
2019-06-14 09:01:37,277 INFO  client.GrpcClientProtocolClient (GrpcClientProtocolClient.java:onNext(254)) - client-23D4FA034AAE->fdfb2969-652c-4a8b-8074-c029c687affb: receive RaftClientReply:client-23D4FA034AAE->fdfb2969-652c-4a8b-8074-c029c687affb@group-BD08FBF16EF4, cid=194, FAILED org.apache.ratis.protocol.StateMachineException: org.apache.hadoop.hdds.scm.container.common.helpers.ContainerNotOpenException from Server fdfb2969-652c-4a8b-8074-c029c687affb: Container 1 in CLOSED state, logIndex=0, commits[fdfb2969-652c-4a8b-8074-c029c687affb:c20, d76534b3-c535-4b2b-9bca-88054ea9162f:c15, f75ebefa-26f9-4a5c-8816-731c9e8aa80b:c19]
09:01:37.277 [Thread-6310] ERROR DNAudit - user=null | ip=null | op=WRITE_CHUNK {blockData=conID: 1 locID: 102269117338157070 bcsId: 15} | ret=FAILURE
org.apache.hadoop.hdds.scm.container.common.helpers.ContainerNotOpenException: Container 1 in CLOSED state
	at org.apache.hadoop.ozone.container.common.impl.HddsDispatcher.validateContainerCommand(HddsDispatcher.java:408) ~[hadoop-hdds-container-service-0.5.0-SNAPSHOT.jar:?]
	at org.apache.hadoop.ozone.container.common.transport.server.ratis.ContainerStateMachine.startTransaction(ContainerStateMachine.java:269) ~[hadoop-hdds-container-service-0.5.0-SNAPSHOT.jar:?]
	at org.apache.ratis.server.impl.RaftServerImpl.submitClientRequestAsync(RaftServerImpl.java:550) ~[ratis-server-0.4.0-fe2b15d-SNAPSHOT.jar:0.4.0-fe2b15d-SNAPSHOT]
	at org.apache.ratis.server.impl.RaftServerProxy.lambda$submitClientRequestAsync$7(RaftServerProxy.java:333) ~[ratis-server-0.4.0-fe2b15d-SNAPSHOT.jar:0.4.0-fe2b15d-SNAPSHOT]
	at org.apache.ratis.server.impl.RaftServerProxy.lambda$null$5(RaftServerProxy.java:328) ~[ratis-server-0.4.0-fe2b15d-SNAPSHOT.jar:0.4.0-fe2b15d-SNAPSHOT]
	at org.apache.ratis.util.JavaUtils.callAsUnchecked(JavaUtils.java:109) ~[ratis-common-0.4.0-fe2b15d-SNAPSHOT.jar:0.4.0-fe2b15d-SNAPSHOT]
	at org.apache.ratis.server.impl.RaftServerProxy.lambda$submitRequest$6(RaftServerProxy.java:328) ~[ratis-server-0.4.0-fe2b15d-SNAPSHOT.jar:0.4.0-fe2b15d-SNAPSHOT]
	at java.util.concurrent.CompletableFuture.uniComposeStage(CompletableFuture.java:981) ~[?:1.8.0_212]
	at java.util.concurrent.CompletableFuture.thenCompose(CompletableFuture.java:2124) ~[?:1.8.0_212]
	at org.apache.ratis.server.impl.RaftServerProxy.submitRequest(RaftServerProxy.java:327) ~[ratis-server-0.4.0-fe2b15d-SNAPSHOT.jar:0.4.0-fe2b15d-SNAPSHOT]
	at org.apache.ratis.server.impl.RaftServerProxy.submitClientRequestAsync(RaftServerProxy.java:333) ~[ratis-server-0.4.0-fe2b15d-SNAPSHOT.jar:0.4.0-fe2b15d-SNAPSHOT]
	at org.apache.ratis.grpc.client.GrpcClientProtocolService$RequestStreamObserver.processClientRequest(GrpcClientProtocolService.java:206) ~[ratis-grpc-0.4.0-fe2b15d-SNAPSHOT.jar:0.4.0-fe2b15d-SNAPSHOT]
	at org.apache.ratis.grpc.client.GrpcClientProtocolService$OrderedRequestStreamObserver.processClientRequest(GrpcClientProtocolService.java:306) ~[ratis-grpc-0.4.0-fe2b15d-SNAPSHOT.jar:0.4.0-fe2b15d-SNAPSHOT]
	at org.apache.ratis.util.SlidingWindow$Server.processRequestsFromHead(SlidingWindow.java:399) ~[ratis-common-0.4.0-fe2b15d-SNAPSHOT.jar:0.4.0-fe2b15d-SNAPSHOT]
	at org.apache.ratis.util.SlidingWindow$Server.receiveReply(SlidingWindow.java:414) ~[ratis-common-0.4.0-fe2b15d-SNAPSHOT.jar:0.4.0-fe2b15d-SNAPSHOT]
	at org.apache.ratis.grpc.client.GrpcClientProtocolService$OrderedRequestStreamObserver.lambda$processClientRequest$0(GrpcClientProtocolService.java:307) ~[ratis-grpc-0.4.0-fe2b15d-SNAPSHOT.jar:0.4.0-fe2b15d-SNAPSHOT]
	at java.util.concurrent.CompletableFuture.uniAccept(CompletableFuture.java:656) [?:1.8.0_212]
	at java.util.concurrent.CompletableFuture$UniAccept.tryFire(CompletableFuture.java:632) [?:1.8.0_212]
	at java.util.concurrent.CompletableFuture$Completion.run(CompletableFuture.java:442) [?:1.8.0_212]
	at java.lang.Thread.run(Thread.java:748) [?:1.8.0_212]
09:01:37.278 [Thread-6310] ERROR DNAudit - user=null | ip=null | op=PUT_BLOCK {blockData=[blockId=conID: 1 locID: 102269117338157070 bcsId: 0,size=800]} | ret=FAILURE
org.apache.hadoop.hdds.scm.container.common.helpers.ContainerNotOpenException: Container 1 in CLOSED state
	at org.apache.hadoop.ozone.container.common.impl.HddsDispatcher.validateContainerCommand(HddsDispatcher.java:408) ~[hadoop-hdds-container-service-0.5.0-SNAPSHOT.jar:?]
	at org.apache.hadoop.ozone.container.common.transport.server.ratis.ContainerStateMachine.startTransaction(ContainerStateMachine.java:269) ~[hadoop-hdds-container-service-0.5.0-SNAPSHOT.jar:?]
	at org.apache.ratis.server.impl.RaftServerImpl.submitClientRequestAsync(RaftServerImpl.java:550) ~[ratis-server-0.4.0-fe2b15d-SNAPSHOT.jar:0.4.0-fe2b15d-SNAPSHOT]
	at org.apache.ratis.server.impl.RaftServerProxy.lambda$submitClientRequestAsync$7(RaftServerProxy.java:333) ~[ratis-server-0.4.0-fe2b15d-SNAPSHOT.jar:0.4.0-fe2b15d-SNAPSHOT]
	at org.apache.ratis.server.impl.RaftServerProxy.lambda$null$5(RaftServerProxy.java:328) ~[ratis-server-0.4.0-fe2b15d-SNAPSHOT.jar:0.4.0-fe2b15d-SNAPSHOT]
	at org.apache.ratis.util.JavaUtils.callAsUnchecked(JavaUtils.java:109) ~[ratis-common-0.4.0-fe2b15d-SNAPSHOT.jar:0.4.0-fe2b15d-SNAPSHOT]
	at org.apache.ratis.server.impl.RaftServerProxy.lambda$submitRequest$6(RaftServerProxy.java:328) ~[ratis-server-0.4.0-fe2b15d-SNAPSHOT.jar:0.4.0-fe2b15d-SNAPSHOT]
	at java.util.concurrent.CompletableFuture.uniComposeStage(CompletableFuture.java:981) ~[?:1.8.0_212]
	at java.util.concurrent.CompletableFuture.thenCompose(CompletableFuture.java:2124) ~[?:1.8.0_212]
	at org.apache.ratis.server.impl.RaftServerProxy.submitRequest(RaftServerProxy.java:327) ~[ratis-server-0.4.0-fe2b15d-SNAPSHOT.jar:0.4.0-fe2b15d-SNAPSHOT]
	at org.apache.ratis.server.impl.RaftServerProxy.submitClientRequestAsync(RaftServerProxy.java:333) ~[ratis-server-0.4.0-fe2b15d-SNAPSHOT.jar:0.4.0-fe2b15d-SNAPSHOT]
	at org.apache.ratis.grpc.client.GrpcClientProtocolService$RequestStreamObserver.processClientRequest(GrpcClientProtocolService.java:206) ~[ratis-grpc-0.4.0-fe2b15d-SNAPSHOT.jar:0.4.0-fe2b15d-SNAPSHOT]
	at org.apache.ratis.grpc.client.GrpcClientProtocolService$OrderedRequestStreamObserver.processClientRequest(GrpcClientProtocolService.java:306) ~[ratis-grpc-0.4.0-fe2b15d-SNAPSHOT.jar:0.4.0-fe2b15d-SNAPSHOT]
	at org.apache.ratis.util.SlidingWindow$Server.processRequestsFromHead(SlidingWindow.java:399) ~[ratis-common-0.4.0-fe2b15d-SNAPSHOT.jar:0.4.0-fe2b15d-SNAPSHOT]
	at org.apache.ratis.util.SlidingWindow$Server.receiveReply(SlidingWindow.java:414) ~[ratis-common-0.4.0-fe2b15d-SNAPSHOT.jar:0.4.0-fe2b15d-SNAPSHOT]
	at org.apache.ratis.grpc.client.GrpcClientProtocolService$OrderedRequestStreamObserver.lambda$processClientRequest$0(GrpcClientProtocolService.java:307) ~[ratis-grpc-0.4.0-fe2b15d-SNAPSHOT.jar:0.4.0-fe2b15d-SNAPSHOT]
	at java.util.concurrent.CompletableFuture.uniAccept(CompletableFuture.java:656) [?:1.8.0_212]
	at java.util.concurrent.CompletableFuture$UniAccept.tryFire(CompletableFuture.java:632) [?:1.8.0_212]
	at java.util.concurrent.CompletableFuture$Completion.run(CompletableFuture.java:442) [?:1.8.0_212]
	at java.lang.Thread.run(Thread.java:748) [?:1.8.0_212]
2019-06-14 09:01:37,287 INFO  client.GrpcClientProtocolClient (GrpcClientProtocolClient.java:onNext(254)) - client-23D4FA034AAE->fdfb2969-652c-4a8b-8074-c029c687affb: receive RaftClientReply:client-23D4FA034AAE->fdfb2969-652c-4a8b-8074-c029c687affb@group-BD08FBF16EF4, cid=195, FAILED org.apache.ratis.protocol.StateMachineException: org.apache.hadoop.hdds.scm.container.common.helpers.ContainerNotOpenException from Server fdfb2969-652c-4a8b-8074-c029c687affb: Container 1 in CLOSED state, logIndex=0, commits[fdfb2969-652c-4a8b-8074-c029c687affb:c20, d76534b3-c535-4b2b-9bca-88054ea9162f:c15, f75ebefa-26f9-4a5c-8816-731c9e8aa80b:c19]
2019-06-14 09:01:37,288 INFO  client.GrpcClientProtocolClient (GrpcClientProtocolClient.java:onNext(254)) - client-23D4FA034AAE->fdfb2969-652c-4a8b-8074-c029c687affb: receive RaftClientReply:client-23D4FA034AAE->fdfb2969-652c-4a8b-8074-c029c687affb@group-BD08FBF16EF4, cid=196, FAILED org.apache.ratis.protocol.StateMachineException: org.apache.hadoop.hdds.scm.container.common.helpers.ContainerNotOpenException from Server fdfb2969-652c-4a8b-8074-c029c687affb: Container 1 in CLOSED state, logIndex=0, commits[fdfb2969-652c-4a8b-8074-c029c687affb:c20, d76534b3-c535-4b2b-9bca-88054ea9162f:c15, f75ebefa-26f9-4a5c-8816-731c9e8aa80b:c19]
2019-06-14 09:01:37,289 INFO  client.GrpcClientProtocolClient (GrpcClientProtocolClient.java:onNext(254)) - client-23D4FA034AAE->fdfb2969-652c-4a8b-8074-c029c687affb: receive RaftClientReply:client-23D4FA034AAE->fdfb2969-652c-4a8b-8074-c029c687affb@group-BD08FBF16EF4, cid=197, FAILED org.apache.ratis.protocol.StateMachineException: org.apache.hadoop.hdds.scm.container.common.helpers.ContainerNotOpenException from Server fdfb2969-652c-4a8b-8074-c029c687affb: Container 1 in CLOSED state, logIndex=0, commits[fdfb2969-652c-4a8b-8074-c029c687affb:c20, d76534b3-c535-4b2b-9bca-88054ea9162f:c15, f75ebefa-26f9-4a5c-8816-731c9e8aa80b:c19]
2019-06-14 09:01:37,303 INFO  client.GrpcClientProtocolClient (GrpcClientProtocolClient.java:onNext(254)) - client-CEEA9AE44BEF->3ab593ef-36d8-46fc-aa36-6ba334f2fcaa: receive RaftClientReply:client-CEEA9AE44BEF->3ab593ef-36d8-46fc-aa36-6ba334f2fcaa@group-E485A8608DD0, cid=198, FAILED org.apache.ratis.protocol.NotLeaderException: Server 3ab593ef-36d8-46fc-aa36-6ba334f2fcaa is not the leader (df1cc03d-80ee-499c-8389-c672fcddb712:192.168.105.147:36515). Request must be sent to leader., logIndex=0, commits[3ab593ef-36d8-46fc-aa36-6ba334f2fcaa:c0, df1cc03d-80ee-499c-8389-c672fcddb712:c0, 397d3329-50e8-4726-8362-9854ab506d45:c0]
2019-06-14 09:01:37,305 WARN  client.GrpcClientProtocolService (LogUtils.java:warn(134)) - 0-OrderedRequestStreamObserver0: onError: org.apache.ratis.thirdparty.io.grpc.StatusRuntimeException: CANCELLED: cancelled before receiving half close
2019-06-14 09:01:37,349 INFO  container.ReplicationManager (ReplicationManager.java:run(207)) - Replication Monitor Thread took 0 milliseconds for processing 2 containers.
2019-06-14 09:01:37,614 WARN  server.GrpcLogAppender (LogUtils.java:warn(134)) - fdfb2969-652c-4a8b-8074-c029c687affb: Failed appendEntries to d76534b3-c535-4b2b-9bca-88054ea9162f:192.168.105.147:42099: org.apache.ratis.thirdparty.io.grpc.StatusRuntimeException: UNAVAILABLE: io exception
2019-06-14 09:01:37,614 INFO  impl.FollowerInfo (FollowerInfo.java:lambda$new$0(50)) - fdfb2969-652c-4a8b-8074-c029c687affb->d76534b3-c535-4b2b-9bca-88054ea9162f: nextIndex: updateUnconditionally 0 -> 0
2019-06-14 09:01:37,802 INFO  container.ReplicationManager (ReplicationManager.java:sendCloseCommand(630)) - Sending close container command for container #1 to datanode d4302795-a86e-4bd7-ae74-75fd32bf6e49{ip: 192.168.105.147, host: ozone-xrdtn-3896089437, networkLocation: /default-rack, certSerialId: null}.
2019-06-14 09:01:37,802 WARN  events.EventQueue (EventQueue.java:fireEvent(147)) - Processing of TypedEvent{payloadType=CommandForDatanode, name='Datanode_Command'} is skipped, EventQueue is not running
2019-06-14 09:01:37,802 INFO  container.ReplicationManager (ReplicationManager.java:run(207)) - Replication Monitor Thread took 0 milliseconds for processing 3 containers.
2019-06-14 09:01:38,114 WARN  server.GrpcLogAppender (LogUtils.java:warn(134)) - fdfb2969-652c-4a8b-8074-c029c687affb: Failed appendEntries to d76534b3-c535-4b2b-9bca-88054ea9162f:192.168.105.147:42099: org.apache.ratis.thirdparty.io.grpc.StatusRuntimeException: UNAVAILABLE: io exception
2019-06-14 09:01:38,115 INFO  impl.FollowerInfo (FollowerInfo.java:lambda$new$0(50)) - fdfb2969-652c-4a8b-8074-c029c687affb->d76534b3-c535-4b2b-9bca-88054ea9162f: nextIndex: updateUnconditionally 0 -> 0
2019-06-14 09:01:38,312 INFO  client.GrpcClientProtocolClient (GrpcClientProtocolClient.java:onNext(254)) - client-CEEA9AE44BEF->397d3329-50e8-4726-8362-9854ab506d45: receive RaftClientReply:client-CEEA9AE44BEF->397d3329-50e8-4726-8362-9854ab506d45@group-E485A8608DD0, cid=198, FAILED org.apache.ratis.protocol.NotLeaderException: Server 397d3329-50e8-4726-8362-9854ab506d45 is not the leader (df1cc03d-80ee-499c-8389-c672fcddb712:192.168.105.147:36515). Request must be sent to leader., logIndex=0, commits[397d3329-50e8-4726-8362-9854ab506d45:c0, df1cc03d-80ee-499c-8389-c672fcddb712:c0, 3ab593ef-36d8-46fc-aa36-6ba334f2fcaa:c0]
2019-06-14 09:01:38,315 WARN  client.GrpcClientProtocolService (LogUtils.java:warn(134)) - 0-OrderedRequestStreamObserver0: onError: org.apache.ratis.thirdparty.io.grpc.StatusRuntimeException: CANCELLED: cancelled before receiving half close
2019-06-14 09:01:38,615 WARN  server.GrpcLogAppender (LogUtils.java:warn(134)) - fdfb2969-652c-4a8b-8074-c029c687affb: Failed appendEntries to d76534b3-c535-4b2b-9bca-88054ea9162f:192.168.105.147:42099: org.apache.ratis.thirdparty.io.grpc.StatusRuntimeException: UNAVAILABLE: io exception
2019-06-14 09:01:38,615 INFO  impl.FollowerInfo (FollowerInfo.java:lambda$new$0(50)) - fdfb2969-652c-4a8b-8074-c029c687affb->d76534b3-c535-4b2b-9bca-88054ea9162f: nextIndex: updateUnconditionally 0 -> 0
2019-06-14 09:01:39,115 WARN  server.GrpcLogAppender (LogUtils.java:warn(134)) - fdfb2969-652c-4a8b-8074-c029c687affb: Failed appendEntries to d76534b3-c535-4b2b-9bca-88054ea9162f:192.168.105.147:42099: org.apache.ratis.thirdparty.io.grpc.StatusRuntimeException: UNAVAILABLE: io exception
2019-06-14 09:01:39,115 INFO  impl.FollowerInfo (FollowerInfo.java:lambda$new$0(50)) - fdfb2969-652c-4a8b-8074-c029c687affb->d76534b3-c535-4b2b-9bca-88054ea9162f: nextIndex: updateUnconditionally 0 -> 0
2019-06-14 09:01:39,317 INFO  client.GrpcClientProtocolClient (GrpcClientProtocolClient.java:onNext(254)) - client-CEEA9AE44BEF->3ab593ef-36d8-46fc-aa36-6ba334f2fcaa: receive RaftClientReply:client-CEEA9AE44BEF->3ab593ef-36d8-46fc-aa36-6ba334f2fcaa@group-E485A8608DD0, cid=198, FAILED org.apache.ratis.protocol.NotLeaderException: Server 3ab593ef-36d8-46fc-aa36-6ba334f2fcaa is not the leader (df1cc03d-80ee-499c-8389-c672fcddb712:192.168.105.147:36515). Request must be sent to leader., logIndex=0, commits[3ab593ef-36d8-46fc-aa36-6ba334f2fcaa:c0, df1cc03d-80ee-499c-8389-c672fcddb712:c0, 397d3329-50e8-4726-8362-9854ab506d45:c0]
2019-06-14 09:01:39,317 WARN  client.GrpcClientProtocolService (LogUtils.java:warn(134)) - 1-OrderedRequestStreamObserver1: onError: org.apache.ratis.thirdparty.io.grpc.StatusRuntimeException: CANCELLED: cancelled before receiving half close
2019-06-14 09:01:39,615 WARN  server.GrpcLogAppender (LogUtils.java:warn(134)) - fdfb2969-652c-4a8b-8074-c029c687affb: Failed appendEntries to d76534b3-c535-4b2b-9bca-88054ea9162f:192.168.105.147:42099: org.apache.ratis.thirdparty.io.grpc.StatusRuntimeException: UNAVAILABLE: io exception
2019-06-14 09:01:39,615 INFO  impl.FollowerInfo (FollowerInfo.java:lambda$new$0(50)) - fdfb2969-652c-4a8b-8074-c029c687affb->d76534b3-c535-4b2b-9bca-88054ea9162f: nextIndex: updateUnconditionally 0 -> 0
2019-06-14 09:01:40,116 WARN  server.GrpcLogAppender (LogUtils.java:warn(134)) - fdfb2969-652c-4a8b-8074-c029c687affb: Failed appendEntries to d76534b3-c535-4b2b-9bca-88054ea9162f:192.168.105.147:42099: org.apache.ratis.thirdparty.io.grpc.StatusRuntimeException: UNAVAILABLE: io exception
2019-06-14 09:01:40,116 INFO  impl.FollowerInfo (FollowerInfo.java:lambda$new$0(50)) - fdfb2969-652c-4a8b-8074-c029c687affb->d76534b3-c535-4b2b-9bca-88054ea9162f: nextIndex: updateUnconditionally 0 -> 0
2019-06-14 09:01:40,322 INFO  client.GrpcClientProtocolClient (GrpcClientProtocolClient.java:onNext(254)) - client-CEEA9AE44BEF->397d3329-50e8-4726-8362-9854ab506d45: receive RaftClientReply:client-CEEA9AE44BEF->397d3329-50e8-4726-8362-9854ab506d45@group-E485A8608DD0, cid=198, FAILED org.apache.ratis.protocol.NotLeaderException: Server 397d3329-50e8-4726-8362-9854ab506d45 is not the leader (df1cc03d-80ee-499c-8389-c672fcddb712:192.168.105.147:36515). Request must be sent to leader., logIndex=0, commits[397d3329-50e8-4726-8362-9854ab506d45:c0, df1cc03d-80ee-499c-8389-c672fcddb712:c0, 3ab593ef-36d8-46fc-aa36-6ba334f2fcaa:c0]
2019-06-14 09:01:40,322 WARN  client.GrpcClientProtocolService (LogUtils.java:warn(134)) - 1-OrderedRequestStreamObserver1: onError: org.apache.ratis.thirdparty.io.grpc.StatusRuntimeException: CANCELLED: cancelled before receiving half close
2019-06-14 09:01:40,350 INFO  container.ReplicationManager (ReplicationManager.java:run(207)) - Replication Monitor Thread took 0 milliseconds for processing 2 containers.
2019-06-14 09:01:40,616 WARN  server.GrpcLogAppender (LogUtils.java:warn(134)) - fdfb2969-652c-4a8b-8074-c029c687affb: Failed appendEntries to d76534b3-c535-4b2b-9bca-88054ea9162f:192.168.105.147:42099: org.apache.ratis.thirdparty.io.grpc.StatusRuntimeException: UNAVAILABLE: io exception
2019-06-14 09:01:40,616 INFO  impl.FollowerInfo (FollowerInfo.java:lambda$new$0(50)) - fdfb2969-652c-4a8b-8074-c029c687affb->d76534b3-c535-4b2b-9bca-88054ea9162f: nextIndex: updateUnconditionally 0 -> 0
2019-06-14 09:01:40,802 INFO  container.ReplicationManager (ReplicationManager.java:sendCloseCommand(630)) - Sending close container command for container #1 to datanode d4302795-a86e-4bd7-ae74-75fd32bf6e49{ip: 192.168.105.147, host: ozone-xrdtn-3896089437, networkLocation: /default-rack, certSerialId: null}.
2019-06-14 09:01:40,802 WARN  events.EventQueue (EventQueue.java:fireEvent(147)) - Processing of TypedEvent{payloadType=CommandForDatanode, name='Datanode_Command'} is skipped, EventQueue is not running
2019-06-14 09:01:40,802 INFO  container.ReplicationManager (ReplicationManager.java:run(207)) - Replication Monitor Thread took 1 milliseconds for processing 3 containers.
2019-06-14 09:01:41,116 WARN  server.GrpcLogAppender (LogUtils.java:warn(134)) - fdfb2969-652c-4a8b-8074-c029c687affb: Failed appendEntries to d76534b3-c535-4b2b-9bca-88054ea9162f:192.168.105.147:42099: org.apache.ratis.thirdparty.io.grpc.StatusRuntimeException: UNAVAILABLE: io exception
2019-06-14 09:01:41,116 INFO  impl.FollowerInfo (FollowerInfo.java:lambda$new$0(50)) - fdfb2969-652c-4a8b-8074-c029c687affb->d76534b3-c535-4b2b-9bca-88054ea9162f: nextIndex: updateUnconditionally 0 -> 0
2019-06-14 09:01:41,366 INFO  client.GrpcClientProtocolClient (GrpcClientProtocolClient.java:onNext(254)) - client-CEEA9AE44BEF->df1cc03d-80ee-499c-8389-c672fcddb712: receive RaftClientReply:client-CEEA9AE44BEF->df1cc03d-80ee-499c-8389-c672fcddb712@group-E485A8608DD0, cid=198, SUCCESS, logIndex=1, commits[df1cc03d-80ee-499c-8389-c672fcddb712:c1, 3ab593ef-36d8-46fc-aa36-6ba334f2fcaa:c0, 397d3329-50e8-4726-8362-9854ab506d45:c0]
2019-06-14 09:01:41,373 INFO  client.GrpcClientProtocolClient (GrpcClientProtocolClient.java:onNext(254)) - client-CEEA9AE44BEF->df1cc03d-80ee-499c-8389-c672fcddb712: receive RaftClientReply:client-CEEA9AE44BEF->df1cc03d-80ee-499c-8389-c672fcddb712@group-E485A8608DD0, cid=199, SUCCESS, logIndex=3, commits[df1cc03d-80ee-499c-8389-c672fcddb712:c3, 3ab593ef-36d8-46fc-aa36-6ba334f2fcaa:c2, 397d3329-50e8-4726-8362-9854ab506d45:c2]
2019-06-14 09:01:41,390 INFO  client.GrpcClientProtocolClient (GrpcClientProtocolClient.java:onNext(254)) - client-CEEA9AE44BEF->df1cc03d-80ee-499c-8389-c672fcddb712: receive RaftClientReply:client-CEEA9AE44BEF->df1cc03d-80ee-499c-8389-c672fcddb712@group-E485A8608DD0, cid=200, SUCCESS, logIndex=5, commits[df1cc03d-80ee-499c-8389-c672fcddb712:c11, 3ab593ef-36d8-46fc-aa36-6ba334f2fcaa:c7, 397d3329-50e8-4726-8362-9854ab506d45:c5]
2019-06-14 09:01:41,391 INFO  client.GrpcClientProtocolClient (GrpcClientProtocolClient.java:onNext(254)) - client-CEEA9AE44BEF->df1cc03d-80ee-499c-8389-c672fcddb712: receive RaftClientReply:client-CEEA9AE44BEF->df1cc03d-80ee-499c-8389-c672fcddb712@group-E485A8608DD0, cid=201, SUCCESS, logIndex=6, commits[df1cc03d-80ee-499c-8389-c672fcddb712:c12, 3ab593ef-36d8-46fc-aa36-6ba334f2fcaa:c8, 397d3329-50e8-4726-8362-9854ab506d45:c6]
2019-06-14 09:01:41,392 INFO  client.GrpcClientProtocolClient (GrpcClientProtocolClient.java:onNext(254)) - client-CEEA9AE44BEF->df1cc03d-80ee-499c-8389-c672fcddb712: receive RaftClientReply:client-CEEA9AE44BEF->df1cc03d-80ee-499c-8389-c672fcddb712@group-E485A8608DD0, cid=202, SUCCESS, logIndex=7, commits[df1cc03d-80ee-499c-8389-c672fcddb712:c12, 3ab593ef-36d8-46fc-aa36-6ba334f2fcaa:c8, 397d3329-50e8-4726-8362-9854ab506d45:c6]
2019-06-14 09:01:41,411 INFO  client.GrpcClientProtocolClient (GrpcClientProtocolClient.java:onNext(254)) - client-CEEA9AE44BEF->df1cc03d-80ee-499c-8389-c672fcddb712: receive RaftClientReply:client-CEEA9AE44BEF->df1cc03d-80ee-499c-8389-c672fcddb712@group-E485A8608DD0, cid=203, SUCCESS, logIndex=8, commits[df1cc03d-80ee-499c-8389-c672fcddb712:c12, 3ab593ef-36d8-46fc-aa36-6ba334f2fcaa:c8, 397d3329-50e8-4726-8362-9854ab506d45:c8]
2019-06-14 09:01:41,416 INFO  client.GrpcClientProtocolClient (GrpcClientProtocolClient.java:onNext(254)) - client-CEEA9AE44BEF->df1cc03d-80ee-499c-8389-c672fcddb712: receive RaftClientReply:client-CEEA9AE44BEF->df1cc03d-80ee-499c-8389-c672fcddb712@group-E485A8608DD0, cid=204, SUCCESS, logIndex=13, commits[df1cc03d-80ee-499c-8389-c672fcddb712:c13, 3ab593ef-36d8-46fc-aa36-6ba334f2fcaa:c12, 397d3329-50e8-4726-8362-9854ab506d45:c12]
2019-06-14 09:01:41,422 INFO  client.GrpcClientProtocolClient (GrpcClientProtocolClient.java:onNext(254)) - client-CEEA9AE44BEF->df1cc03d-80ee-499c-8389-c672fcddb712: receive RaftClientReply:client-CEEA9AE44BEF->df1cc03d-80ee-499c-8389-c672fcddb712@group-E485A8608DD0, cid=205, SUCCESS, logIndex=15, commits[df1cc03d-80ee-499c-8389-c672fcddb712:c15, 3ab593ef-36d8-46fc-aa36-6ba334f2fcaa:c12, 397d3329-50e8-4726-8362-9854ab506d45:c13]
2019-06-14 09:01:41,427 INFO  client.GrpcClientProtocolClient (GrpcClientProtocolClient.java:onNext(254)) - client-CEEA9AE44BEF->df1cc03d-80ee-499c-8389-c672fcddb712: receive RaftClientReply:client-CEEA9AE44BEF->df1cc03d-80ee-499c-8389-c672fcddb712@group-E485A8608DD0, cid=206, SUCCESS, logIndex=0, commits[df1cc03d-80ee-499c-8389-c672fcddb712:c16, 3ab593ef-36d8-46fc-aa36-6ba334f2fcaa:c15, 397d3329-50e8-4726-8362-9854ab506d45:c15]
2019-06-14 09:01:41,427 INFO  ozone.MiniOzoneClusterImpl (MiniOzoneClusterImpl.java:shutdown(321)) - Shutting down the Mini Ozone Cluster
2019-06-14 09:01:41,428 INFO  ozone.MiniOzoneClusterImpl (MiniOzoneClusterImpl.java:stop(336)) - Stopping the Mini Ozone Cluster
2019-06-14 09:01:41,428 INFO  ozone.MiniOzoneClusterImpl (MiniOzoneClusterImpl.java:stop(338)) - Stopping the OzoneManager
2019-06-14 09:01:41,428 INFO  ipc.Server (Server.java:stop(3082)) - Stopping server on 40805
2019-06-14 09:01:41,436 INFO  ipc.Server (Server.java:run(1185)) - Stopping IPC Server listener on 40805
2019-06-14 09:01:41,436 INFO  utils.BackgroundService (BackgroundService.java:shutdown(148)) - Shutting down service KeyDeletingService
2019-06-14 09:01:41,445 INFO  ipc.Server (Server.java:run(1319)) - Stopping IPC Server Responder
2019-06-14 09:01:41,446 INFO  handler.ContextHandler (ContextHandler.java:doStop(910)) - Stopped o.e.j.w.WebAppContext@381d7c4c{/,null,UNAVAILABLE}{/ozoneManager}
2019-06-14 09:01:41,446 INFO  server.AbstractConnector (AbstractConnector.java:doStop(318)) - Stopped ServerConnector@1e3689e7{HTTP/1.1,[http/1.1]}{0.0.0.0:0}
2019-06-14 09:01:41,446 INFO  handler.ContextHandler (ContextHandler.java:doStop(910)) - Stopped o.e.j.s.ServletContextHandler@30d3f583{/static,file:///opt/src/hadoop-ozone/integration-test/target/test-classes/webapps/static,UNAVAILABLE}
2019-06-14 09:01:41,447 INFO  handler.ContextHandler (ContextHandler.java:doStop(910)) - Stopped o.e.j.s.ServletContextHandler@e09c7a2{/logs,file:///opt/src/hadoop-ozone/integration-test/target/log,UNAVAILABLE}
2019-06-14 09:01:41,448 INFO  ozone.MiniOzoneClusterImpl (MiniOzoneClusterImpl.java:stop(344)) - Stopping the StorageContainerManager
2019-06-14 09:01:41,449 INFO  server.StorageContainerManager (StorageContainerManager.java:stop(789)) - Stopping Replication Manager Service.
2019-06-14 09:01:41,449 INFO  container.ReplicationManager (ReplicationManager.java:stop(191)) - Replication Monitor Thread is not running.
2019-06-14 09:01:41,449 INFO  server.StorageContainerManager (StorageContainerManager.java:stop(796)) - Stopping Lease Manager of the command watchers
2019-06-14 09:01:41,449 INFO  server.StorageContainerManager (StorageContainerManager.java:stop(803)) - Stopping datanode service RPC server
2019-06-14 09:01:41,449 INFO  server.SCMDatanodeProtocolServer (SCMDatanodeProtocolServer.java:stop(373)) - Stopping the RPC server for DataNodes
2019-06-14 09:01:41,449 INFO  ipc.Server (Server.java:stop(3082)) - Stopping server on 40453
2019-06-14 09:01:41,451 INFO  ipc.Server (Server.java:run(1185)) - Stopping IPC Server listener on 40453
2019-06-14 09:01:41,453 INFO  ipc.Server (Server.java:run(1319)) - Stopping IPC Server Responder
2019-06-14 09:01:41,453 INFO  server.StorageContainerManager (StorageContainerManager.java:stop(811)) - Stopping block service RPC server
2019-06-14 09:01:41,458 INFO  server.SCMBlockProtocolServer (SCMBlockProtocolServer.java:stop(145)) - Stopping the RPC server for Block Protocol
2019-06-14 09:01:41,458 INFO  ipc.Server (Server.java:stop(3082)) - Stopping server on 46709
2019-06-14 09:01:41,467 INFO  ipc.Server (Server.java:run(1319)) - Stopping IPC Server Responder
2019-06-14 09:01:41,467 INFO  server.StorageContainerManager (StorageContainerManager.java:stop(818)) - Stopping the StorageContainerLocationProtocol RPC server
2019-06-14 09:01:41,467 INFO  server.SCMClientProtocolServer (SCMClientProtocolServer.java:stop(157)) - Stopping the RPC server for Client Protocol
2019-06-14 09:01:41,467 INFO  ipc.Server (Server.java:stop(3082)) - Stopping server on 36167
2019-06-14 09:01:41,469 INFO  ipc.Server (Server.java:run(1185)) - Stopping IPC Server listener on 46709
2019-06-14 09:01:41,470 INFO  ipc.Server (Server.java:run(1185)) - Stopping IPC Server listener on 36167
2019-06-14 09:01:41,473 INFO  ipc.Server (Server.java:run(1319)) - Stopping IPC Server Responder
2019-06-14 09:01:41,473 INFO  server.StorageContainerManager (StorageContainerManager.java:stop(825)) - Stopping Storage Container Manager HTTP server.
2019-06-14 09:01:41,474 INFO  handler.ContextHandler (ContextHandler.java:doStop(910)) - Stopped o.e.j.w.WebAppContext@77737e3e{/,null,UNAVAILABLE}{/scm}
2019-06-14 09:01:41,474 INFO  server.AbstractConnector (AbstractConnector.java:doStop(318)) - Stopped ServerConnector@42e32feb{HTTP/1.1,[http/1.1]}{0.0.0.0:0}
2019-06-14 09:01:41,474 INFO  handler.ContextHandler (ContextHandler.java:doStop(910)) - Stopped o.e.j.s.ServletContextHandler@516370c1{/static,file:///opt/src/hadoop-ozone/integration-test/target/test-classes/webapps/static,UNAVAILABLE}
2019-06-14 09:01:41,475 INFO  handler.ContextHandler (ContextHandler.java:doStop(910)) - Stopped o.e.j.s.ServletContextHandler@4fd70118{/logs,file:///opt/src/hadoop-ozone/integration-test/target/log,UNAVAILABLE}
2019-06-14 09:01:41,476 INFO  server.StorageContainerManager (StorageContainerManager.java:stop(836)) - Stopping Block Manager Service.
2019-06-14 09:01:41,476 INFO  utils.BackgroundService (BackgroundService.java:shutdown(148)) - Shutting down service SCMBlockDeletingService
2019-06-14 09:01:41,476 INFO  utils.BackgroundService (BackgroundService.java:shutdown(148)) - Shutting down service SCMBlockDeletingService
2019-06-14 09:01:41,476 INFO  server.StorageContainerManager (StorageContainerManager.java:stop(858)) - Stopping SCM Event Queue.
2019-06-14 09:01:41,480 INFO  ozone.MiniOzoneClusterImpl (MiniOzoneClusterImpl.java:stop(350)) - Shutting the HddsDatanodes
2019-06-14 09:01:41,480 INFO  datanode.ObjectStoreHandler (ObjectStoreHandler.java:close(155)) - Closing ObjectStoreHandler.
2019-06-14 09:01:41,481 INFO  ozone.HddsDatanodeService (HddsDatanodeService.java:stop(452)) - Stopped plug-in org.apache.hadoop.ozone.web.OzoneHddsDatanodeService@59eb987a
2019-06-14 09:01:41,481 INFO  statemachine.DatanodeStateMachine (DatanodeStateMachine.java:lambda$startDaemon$0(350)) - Ozone container server started.
2019-06-14 09:01:41,481 INFO  ozoneimpl.OzoneContainer (OzoneContainer.java:stop(199)) - Attempting to stop container services.
2019-06-14 09:01:41,481 INFO  impl.RaftServerProxy (RaftServerProxy.java:lambda$close$4(314)) - fdfb2969-652c-4a8b-8074-c029c687affb: close
2019-06-14 09:01:41,481 INFO  impl.RaftServerImpl (RaftServerImpl.java:lambda$shutdown$3(238)) - fdfb2969-652c-4a8b-8074-c029c687affb: shutdown group-7B878C860567
2019-06-14 09:01:41,482 INFO  impl.RaftServerImpl (RaftServerImpl.java:lambda$shutdown$3(238)) - fdfb2969-652c-4a8b-8074-c029c687affb: shutdown group-BD08FBF16EF4
2019-06-14 09:01:41,482 INFO  util.JmxRegister (JmxRegister.java:unregister(73)) - Successfully un-registered JMX Bean with object name Ratis:service=RaftServer,group=group-7B878C860567,id=fdfb2969-652c-4a8b-8074-c029c687affb
2019-06-14 09:01:41,482 INFO  util.JmxRegister (JmxRegister.java:unregister(73)) - Successfully un-registered JMX Bean with object name Ratis:service=RaftServer,group=group-BD08FBF16EF4,id=fdfb2969-652c-4a8b-8074-c029c687affb
2019-06-14 09:01:41,482 INFO  impl.RoleInfo (RoleInfo.java:shutdownLeaderState(104)) - fdfb2969-652c-4a8b-8074-c029c687affb: shutdown LeaderState
2019-06-14 09:01:41,482 INFO  impl.RoleInfo (RoleInfo.java:shutdownLeaderState(104)) - fdfb2969-652c-4a8b-8074-c029c687affb: shutdown LeaderState
2019-06-14 09:01:41,482 INFO  impl.PendingRequests (PendingRequests.java:sendNotLeaderResponses(140)) - fdfb2969-652c-4a8b-8074-c029c687affb-PendingRequests: sendNotLeaderResponses
2019-06-14 09:01:41,482 WARN  server.GrpcLogAppender (GrpcLogAppender.java:mayWait(142)) - GrpcLogAppender(fdfb2969-652c-4a8b-8074-c029c687affb -> f75ebefa-26f9-4a5c-8816-731c9e8aa80b): Wait interrupted by java.lang.InterruptedException
2019-06-14 09:01:41,482 WARN  server.GrpcLogAppender (GrpcLogAppender.java:mayWait(142)) - GrpcLogAppender(fdfb2969-652c-4a8b-8074-c029c687affb -> d76534b3-c535-4b2b-9bca-88054ea9162f): Wait interrupted by java.lang.InterruptedException
2019-06-14 09:01:41,482 INFO  impl.PendingRequests (PendingRequests.java:sendNotLeaderResponses(140)) - fdfb2969-652c-4a8b-8074-c029c687affb-PendingRequests: sendNotLeaderResponses
2019-06-14 09:01:41,482 INFO  server.GrpcServerProtocolService (GrpcServerProtocolService.java:onCompleted(104)) - f75ebefa-26f9-4a5c-8816-731c9e8aa80b: appendEntries completed
2019-06-14 09:01:41,483 INFO  impl.StateMachineUpdater (StateMachineUpdater.java:stopAndJoin(109)) - StateMachineUpdater-fdfb2969-652c-4a8b-8074-c029c687affb-group-BD08FBF16EF4: set stopIndex = 20
2019-06-14 09:01:41,483 INFO  ratis.ContainerStateMachine (ContainerStateMachine.java:takeSnapshot(245)) - Taking snapshot at termIndex:(t:2, i:20)
2019-06-14 09:01:41,483 INFO  ratis.ContainerStateMachine (ContainerStateMachine.java:takeSnapshot(249)) - Taking a snapshot to file /opt/src/hadoop-ozone/integration-test/target/test-dir/MiniOzoneClusterImpl-44e71b24-eb09-4105-ab19-c0949cf7d3c6/datanode-0/data/ratis/4fa030ca-0cee-4010-bf86-bd08fbf16ef4/sm/snapshot.2_20
2019-06-14 09:01:41,483 INFO  server.GrpcLogAppender (GrpcLogAppender.java:onCompleted(277)) - fdfb2969-652c-4a8b-8074-c029c687affb: follower fdfb2969-652c-4a8b-8074-c029c687affb->f75ebefa-26f9-4a5c-8816-731c9e8aa80b(c20,m20,n21, attendVote=true, lastRpcSendTime=366, lastRpcResponseTime=366) response Completed
2019-06-14 09:01:41,484 INFO  impl.FollowerInfo (FollowerInfo.java:lambda$new$0(50)) - fdfb2969-652c-4a8b-8074-c029c687affb->f75ebefa-26f9-4a5c-8816-731c9e8aa80b: nextIndex: updateUnconditionally 21 -> 17
2019-06-14 09:01:41,484 INFO  impl.RaftServerImpl (ServerState.java:close(394)) - fdfb2969-652c-4a8b-8074-c029c687affb:group-BD08FBF16EF4 closes. The last applied log index is 20
2019-06-14 09:01:41,485 INFO  storage.RaftLogWorker (RaftLogWorker.java:run(236)) - fdfb2969-652c-4a8b-8074-c029c687affb-RaftLogWorker was interrupted, exiting. There are 0 tasks remaining in the queue.
2019-06-14 09:01:41,486 INFO  impl.StateMachineUpdater (StateMachineUpdater.java:stopAndJoin(109)) - StateMachineUpdater-fdfb2969-652c-4a8b-8074-c029c687affb-group-7B878C860567: set stopIndex = 0
2019-06-14 09:01:41,486 INFO  ratis.ContainerStateMachine (ContainerStateMachine.java:takeSnapshot(245)) - Taking snapshot at termIndex:(t:0, i:~)
2019-06-14 09:01:41,487 INFO  impl.RaftServerImpl (ServerState.java:close(394)) - fdfb2969-652c-4a8b-8074-c029c687affb:group-7B878C860567 closes. The last applied log index is 0
2019-06-14 09:01:41,487 INFO  storage.RaftLogWorker (RaftLogWorker.java:run(236)) - fdfb2969-652c-4a8b-8074-c029c687affb-RaftLogWorker was interrupted, exiting. There are 0 tasks remaining in the queue.
2019-06-14 09:01:41,489 INFO  storage.RaftLogWorker (RaftLogWorker.java:close(168)) - fdfb2969-652c-4a8b-8074-c029c687affb-RaftLogWorker close()
2019-06-14 09:01:41,489 INFO  storage.RaftLogWorker (RaftLogWorker.java:close(168)) - fdfb2969-652c-4a8b-8074-c029c687affb-RaftLogWorker close()
2019-06-14 09:01:41,496 INFO  server.GrpcService (GrpcService.java:closeImpl(154)) - fdfb2969-652c-4a8b-8074-c029c687affb: shutdown server with port 33033 now
2019-06-14 09:01:41,496 INFO  server.GrpcService (GrpcService.java:closeImpl(162)) - fdfb2969-652c-4a8b-8074-c029c687affb: shutdown server with port 33033 successfully
2019-06-14 09:01:41,497 WARN  fs.CachingGetSpaceUsed (CachingGetSpaceUsed.java:run(183)) - Thread Interrupted waiting to refresh disk information: sleep interrupted
2019-06-14 09:01:41,505 INFO  statemachine.DatanodeStateMachine (DatanodeStateMachine.java:stopDaemon(395)) - Ozone container server stopped.
2019-06-14 09:01:41,506 INFO  handler.ContextHandler (ContextHandler.java:doStop(910)) - Stopped o.e.j.w.WebAppContext@25bd68ea{/,null,UNAVAILABLE}{/hddsDatanode}
2019-06-14 09:01:41,506 INFO  server.AbstractConnector (AbstractConnector.java:doStop(318)) - Stopped ServerConnector@7915111a{HTTP/1.1,[http/1.1]}{0.0.0.0:0}
2019-06-14 09:01:41,506 INFO  handler.ContextHandler (ContextHandler.java:doStop(910)) - Stopped o.e.j.s.ServletContextHandler@54644470{/static,jar:file:/root/.m2/repository/org/apache/hadoop/hadoop-hdds-container-service/0.5.0-SNAPSHOT/hadoop-hdds-container-service-0.5.0-SNAPSHOT.jar!/webapps/static,UNAVAILABLE}
2019-06-14 09:01:41,506 INFO  handler.ContextHandler (ContextHandler.java:doStop(910)) - Stopped o.e.j.s.ServletContextHandler@1235732d{/logs,file:///opt/src/hadoop-ozone/integration-test/target/log,UNAVAILABLE}
2019-06-14 09:01:41,507 INFO  datanode.ObjectStoreHandler (ObjectStoreHandler.java:close(155)) - Closing ObjectStoreHandler.
2019-06-14 09:01:41,507 INFO  ozone.HddsDatanodeService (HddsDatanodeService.java:stop(452)) - Stopped plug-in org.apache.hadoop.ozone.web.OzoneHddsDatanodeService@1a345c6c
2019-06-14 09:01:41,507 INFO  statemachine.DatanodeStateMachine (DatanodeStateMachine.java:lambda$startDaemon$0(350)) - Ozone container server started.
2019-06-14 09:01:41,507 INFO  ozoneimpl.OzoneContainer (OzoneContainer.java:stop(199)) - Attempting to stop container services.
2019-06-14 09:01:41,507 INFO  impl.RaftServerProxy (RaftServerProxy.java:lambda$close$4(314)) - f75ebefa-26f9-4a5c-8816-731c9e8aa80b: close
2019-06-14 09:01:41,508 INFO  impl.RaftServerImpl (RaftServerImpl.java:lambda$shutdown$3(238)) - f75ebefa-26f9-4a5c-8816-731c9e8aa80b: shutdown group-318A25DC35AF
2019-06-14 09:01:41,508 INFO  util.JmxRegister (JmxRegister.java:unregister(73)) - Successfully un-registered JMX Bean with object name Ratis:service=RaftServer,group=group-318A25DC35AF,id=f75ebefa-26f9-4a5c-8816-731c9e8aa80b
2019-06-14 09:01:41,508 INFO  impl.RoleInfo (RoleInfo.java:shutdownLeaderState(104)) - f75ebefa-26f9-4a5c-8816-731c9e8aa80b: shutdown LeaderState
2019-06-14 09:01:41,508 INFO  impl.PendingRequests (PendingRequests.java:sendNotLeaderResponses(140)) - f75ebefa-26f9-4a5c-8816-731c9e8aa80b-PendingRequests: sendNotLeaderResponses
2019-06-14 09:01:41,514 INFO  impl.StateMachineUpdater (StateMachineUpdater.java:stopAndJoin(109)) - StateMachineUpdater-f75ebefa-26f9-4a5c-8816-731c9e8aa80b-group-318A25DC35AF: set stopIndex = 0
2019-06-14 09:01:41,514 INFO  ratis.ContainerStateMachine (ContainerStateMachine.java:takeSnapshot(245)) - Taking snapshot at termIndex:(t:0, i:~)
2019-06-14 09:01:41,514 INFO  impl.RaftServerImpl (ServerState.java:close(394)) - f75ebefa-26f9-4a5c-8816-731c9e8aa80b:group-318A25DC35AF closes. The last applied log index is 0
2019-06-14 09:01:41,514 INFO  storage.RaftLogWorker (RaftLogWorker.java:run(236)) - f75ebefa-26f9-4a5c-8816-731c9e8aa80b-RaftLogWorker was interrupted, exiting. There are 0 tasks remaining in the queue.
2019-06-14 09:01:41,516 INFO  storage.RaftLogWorker (RaftLogWorker.java:close(168)) - f75ebefa-26f9-4a5c-8816-731c9e8aa80b-RaftLogWorker close()
2019-06-14 09:01:41,517 INFO  impl.RaftServerImpl (RaftServerImpl.java:lambda$shutdown$3(238)) - f75ebefa-26f9-4a5c-8816-731c9e8aa80b: shutdown group-BD08FBF16EF4
2019-06-14 09:01:41,517 INFO  util.JmxRegister (JmxRegister.java:unregister(73)) - Successfully un-registered JMX Bean with object name Ratis:service=RaftServer,group=group-BD08FBF16EF4,id=f75ebefa-26f9-4a5c-8816-731c9e8aa80b
2019-06-14 09:01:41,517 INFO  impl.RoleInfo (RoleInfo.java:shutdownFollowerState(121)) - f75ebefa-26f9-4a5c-8816-731c9e8aa80b: shutdown FollowerState
2019-06-14 09:01:41,517 INFO  impl.StateMachineUpdater (StateMachineUpdater.java:stopAndJoin(109)) - StateMachineUpdater-f75ebefa-26f9-4a5c-8816-731c9e8aa80b-group-BD08FBF16EF4: set stopIndex = 20
2019-06-14 09:01:41,517 INFO  ratis.ContainerStateMachine (ContainerStateMachine.java:takeSnapshot(245)) - Taking snapshot at termIndex:(t:2, i:19)
2019-06-14 09:01:41,517 INFO  impl.FollowerState (FollowerState.java:run(109)) - f75ebefa-26f9-4a5c-8816-731c9e8aa80b: FollowerState was interrupted: java.lang.InterruptedException: sleep interrupted
2019-06-14 09:01:41,518 INFO  ratis.ContainerStateMachine (ContainerStateMachine.java:takeSnapshot(249)) - Taking a snapshot to file /opt/src/hadoop-ozone/integration-test/target/test-dir/MiniOzoneClusterImpl-44e71b24-eb09-4105-ab19-c0949cf7d3c6/datanode-2/data/ratis/4fa030ca-0cee-4010-bf86-bd08fbf16ef4/sm/snapshot.2_19
2019-06-14 09:01:41,518 INFO  impl.RaftServerImpl (ServerState.java:close(394)) - f75ebefa-26f9-4a5c-8816-731c9e8aa80b:group-BD08FBF16EF4 closes. The last applied log index is 20
2019-06-14 09:01:41,518 INFO  storage.RaftLogWorker (RaftLogWorker.java:run(236)) - f75ebefa-26f9-4a5c-8816-731c9e8aa80b-RaftLogWorker was interrupted, exiting. There are 0 tasks remaining in the queue.
2019-06-14 09:01:41,519 INFO  storage.RaftLogWorker (RaftLogWorker.java:close(168)) - f75ebefa-26f9-4a5c-8816-731c9e8aa80b-RaftLogWorker close()
2019-06-14 09:01:41,520 INFO  server.GrpcService (GrpcService.java:closeImpl(154)) - f75ebefa-26f9-4a5c-8816-731c9e8aa80b: shutdown server with port 38699 now
2019-06-14 09:01:41,520 INFO  server.GrpcService (GrpcService.java:closeImpl(162)) - f75ebefa-26f9-4a5c-8816-731c9e8aa80b: shutdown server with port 38699 successfully
2019-06-14 09:01:41,522 WARN  fs.CachingGetSpaceUsed (CachingGetSpaceUsed.java:run(183)) - Thread Interrupted waiting to refresh disk information: sleep interrupted
2019-06-14 09:01:41,529 INFO  statemachine.DatanodeStateMachine (DatanodeStateMachine.java:stopDaemon(395)) - Ozone container server stopped.
2019-06-14 09:01:41,529 INFO  handler.ContextHandler (ContextHandler.java:doStop(910)) - Stopped o.e.j.w.WebAppContext@cec1ce2{/,null,UNAVAILABLE}{/hddsDatanode}
2019-06-14 09:01:41,530 INFO  server.AbstractConnector (AbstractConnector.java:doStop(318)) - Stopped ServerConnector@4d82ded2{HTTP/1.1,[http/1.1]}{0.0.0.0:0}
2019-06-14 09:01:41,530 INFO  handler.ContextHandler (ContextHandler.java:doStop(910)) - Stopped o.e.j.s.ServletContextHandler@365c8a47{/static,jar:file:/root/.m2/repository/org/apache/hadoop/hadoop-hdds-container-service/0.5.0-SNAPSHOT/hadoop-hdds-container-service-0.5.0-SNAPSHOT.jar!/webapps/static,UNAVAILABLE}
2019-06-14 09:01:41,530 INFO  handler.ContextHandler (ContextHandler.java:doStop(910)) - Stopped o.e.j.s.ServletContextHandler@3423f353{/logs,file:///opt/src/hadoop-ozone/integration-test/target/log,UNAVAILABLE}
2019-06-14 09:01:41,531 INFO  datanode.ObjectStoreHandler (ObjectStoreHandler.java:close(155)) - Closing ObjectStoreHandler.
2019-06-14 09:01:41,531 INFO  ozone.HddsDatanodeService (HddsDatanodeService.java:stop(452)) - Stopped plug-in org.apache.hadoop.ozone.web.OzoneHddsDatanodeService@87276c4
2019-06-14 09:01:41,531 INFO  statemachine.DatanodeStateMachine (DatanodeStateMachine.java:lambda$startDaemon$0(350)) - Ozone container server started.
2019-06-14 09:01:41,531 INFO  ozoneimpl.OzoneContainer (OzoneContainer.java:stop(199)) - Attempting to stop container services.
2019-06-14 09:01:41,531 INFO  impl.RaftServerProxy (RaftServerProxy.java:lambda$close$4(314)) - df1cc03d-80ee-499c-8389-c672fcddb712: close
2019-06-14 09:01:41,531 INFO  impl.RaftServerImpl (RaftServerImpl.java:lambda$shutdown$3(238)) - df1cc03d-80ee-499c-8389-c672fcddb712: shutdown group-988F657EA0D2
2019-06-14 09:01:41,532 INFO  util.JmxRegister (JmxRegister.java:unregister(73)) - Successfully un-registered JMX Bean with object name Ratis:service=RaftServer,group=group-988F657EA0D2,id=df1cc03d-80ee-499c-8389-c672fcddb712
2019-06-14 09:01:41,532 INFO  impl.RoleInfo (RoleInfo.java:shutdownLeaderState(104)) - df1cc03d-80ee-499c-8389-c672fcddb712: shutdown LeaderState
2019-06-14 09:01:41,532 INFO  impl.PendingRequests (PendingRequests.java:sendNotLeaderResponses(140)) - df1cc03d-80ee-499c-8389-c672fcddb712-PendingRequests: sendNotLeaderResponses
2019-06-14 09:01:41,532 INFO  impl.StateMachineUpdater (StateMachineUpdater.java:stopAndJoin(109)) - StateMachineUpdater-df1cc03d-80ee-499c-8389-c672fcddb712-group-988F657EA0D2: set stopIndex = 0
2019-06-14 09:01:41,532 INFO  ratis.ContainerStateMachine (ContainerStateMachine.java:takeSnapshot(245)) - Taking snapshot at termIndex:(t:0, i:~)
2019-06-14 09:01:41,532 INFO  impl.RaftServerImpl (ServerState.java:close(394)) - df1cc03d-80ee-499c-8389-c672fcddb712:group-988F657EA0D2 closes. The last applied log index is 0
2019-06-14 09:01:41,533 INFO  storage.RaftLogWorker (RaftLogWorker.java:run(236)) - df1cc03d-80ee-499c-8389-c672fcddb712-RaftLogWorker was interrupted, exiting. There are 0 tasks remaining in the queue.
2019-06-14 09:01:41,534 INFO  storage.RaftLogWorker (RaftLogWorker.java:close(168)) - df1cc03d-80ee-499c-8389-c672fcddb712-RaftLogWorker close()
2019-06-14 09:01:41,535 INFO  impl.RaftServerImpl (RaftServerImpl.java:lambda$shutdown$3(238)) - df1cc03d-80ee-499c-8389-c672fcddb712: shutdown group-E485A8608DD0
2019-06-14 09:01:41,535 INFO  util.JmxRegister (JmxRegister.java:unregister(73)) - Successfully un-registered JMX Bean with object name Ratis:service=RaftServer,group=group-E485A8608DD0,id=df1cc03d-80ee-499c-8389-c672fcddb712
2019-06-14 09:01:41,535 INFO  impl.RoleInfo (RoleInfo.java:shutdownLeaderState(104)) - df1cc03d-80ee-499c-8389-c672fcddb712: shutdown LeaderState
2019-06-14 09:01:41,535 INFO  impl.PendingRequests (PendingRequests.java:sendNotLeaderResponses(140)) - df1cc03d-80ee-499c-8389-c672fcddb712-PendingRequests: sendNotLeaderResponses
2019-06-14 09:01:41,535 WARN  server.GrpcLogAppender (GrpcLogAppender.java:mayWait(142)) - GrpcLogAppender(df1cc03d-80ee-499c-8389-c672fcddb712 -> 3ab593ef-36d8-46fc-aa36-6ba334f2fcaa): Wait interrupted by java.lang.InterruptedException
2019-06-14 09:01:41,535 WARN  server.GrpcLogAppender (GrpcLogAppender.java:mayWait(142)) - GrpcLogAppender(df1cc03d-80ee-499c-8389-c672fcddb712 -> 397d3329-50e8-4726-8362-9854ab506d45): Wait interrupted by java.lang.InterruptedException
2019-06-14 09:01:41,537 INFO  impl.StateMachineUpdater (StateMachineUpdater.java:stopAndJoin(109)) - StateMachineUpdater-df1cc03d-80ee-499c-8389-c672fcddb712-group-E485A8608DD0: set stopIndex = 16
2019-06-14 09:01:41,537 INFO  server.GrpcServerProtocolService (GrpcServerProtocolService.java:onCompleted(104)) - 3ab593ef-36d8-46fc-aa36-6ba334f2fcaa: appendEntries completed
2019-06-14 09:01:41,537 INFO  server.GrpcServerProtocolService (GrpcServerProtocolService.java:onCompleted(104)) - 397d3329-50e8-4726-8362-9854ab506d45: appendEntries completed
2019-06-14 09:01:41,537 INFO  ratis.ContainerStateMachine (ContainerStateMachine.java:takeSnapshot(245)) - Taking snapshot at termIndex:(t:1, i:15)
2019-06-14 09:01:41,538 INFO  ratis.ContainerStateMachine (ContainerStateMachine.java:takeSnapshot(249)) - Taking a snapshot to file /opt/src/hadoop-ozone/integration-test/target/test-dir/MiniOzoneClusterImpl-44e71b24-eb09-4105-ab19-c0949cf7d3c6/datanode-3/data/ratis/60ffd0d1-408f-4dcf-b07c-e485a8608dd0/sm/snapshot.1_15
2019-06-14 09:01:41,538 INFO  server.GrpcLogAppender (GrpcLogAppender.java:onCompleted(277)) - df1cc03d-80ee-499c-8389-c672fcddb712: follower df1cc03d-80ee-499c-8389-c672fcddb712->3ab593ef-36d8-46fc-aa36-6ba334f2fcaa(c15,m16,n17, attendVote=true, lastRpcSendTime=120, lastRpcResponseTime=113) response Completed
2019-06-14 09:01:41,538 INFO  server.GrpcLogAppender (GrpcLogAppender.java:onCompleted(277)) - df1cc03d-80ee-499c-8389-c672fcddb712: follower df1cc03d-80ee-499c-8389-c672fcddb712->397d3329-50e8-4726-8362-9854ab506d45(c15,m16,n17, attendVote=true, lastRpcSendTime=120, lastRpcResponseTime=115) response Completed
2019-06-14 09:01:41,538 INFO  impl.RaftServerImpl (ServerState.java:close(394)) - df1cc03d-80ee-499c-8389-c672fcddb712:group-E485A8608DD0 closes. The last applied log index is 16
2019-06-14 09:01:41,538 INFO  storage.RaftLogWorker (RaftLogWorker.java:run(236)) - df1cc03d-80ee-499c-8389-c672fcddb712-RaftLogWorker was interrupted, exiting. There are 0 tasks remaining in the queue.
2019-06-14 09:01:41,538 INFO  impl.FollowerInfo (FollowerInfo.java:lambda$new$0(50)) - df1cc03d-80ee-499c-8389-c672fcddb712->3ab593ef-36d8-46fc-aa36-6ba334f2fcaa: nextIndex: updateUnconditionally 17 -> 0
2019-06-14 09:01:41,539 INFO  storage.RaftLogWorker (RaftLogWorker.java:close(168)) - df1cc03d-80ee-499c-8389-c672fcddb712-RaftLogWorker close()
2019-06-14 09:01:41,538 INFO  impl.FollowerInfo (FollowerInfo.java:lambda$new$0(50)) - df1cc03d-80ee-499c-8389-c672fcddb712->397d3329-50e8-4726-8362-9854ab506d45: nextIndex: updateUnconditionally 17 -> 0
2019-06-14 09:01:41,541 INFO  server.GrpcService (GrpcService.java:closeImpl(154)) - df1cc03d-80ee-499c-8389-c672fcddb712: shutdown server with port 36515 now
2019-06-14 09:01:41,542 INFO  server.GrpcService (GrpcService.java:closeImpl(162)) - df1cc03d-80ee-499c-8389-c672fcddb712: shutdown server with port 36515 successfully
2019-06-14 09:01:41,542 WARN  client.GrpcClientProtocolService (LogUtils.java:warn(134)) - 1-UnorderedRequestStreamObserver1: onError: org.apache.ratis.thirdparty.io.grpc.StatusRuntimeException: CANCELLED: cancelled before receiving half close
2019-06-14 09:01:41,544 WARN  fs.CachingGetSpaceUsed (CachingGetSpaceUsed.java:run(183)) - Thread Interrupted waiting to refresh disk information: sleep interrupted
2019-06-14 09:01:41,552 INFO  statemachine.DatanodeStateMachine (DatanodeStateMachine.java:stopDaemon(395)) - Ozone container server stopped.
2019-06-14 09:01:41,552 INFO  handler.ContextHandler (ContextHandler.java:doStop(910)) - Stopped o.e.j.w.WebAppContext@61868687{/,null,UNAVAILABLE}{/hddsDatanode}
2019-06-14 09:01:41,552 INFO  server.AbstractConnector (AbstractConnector.java:doStop(318)) - Stopped ServerConnector@2122b4bd{HTTP/1.1,[http/1.1]}{0.0.0.0:0}
2019-06-14 09:01:41,553 INFO  handler.ContextHandler (ContextHandler.java:doStop(910)) - Stopped o.e.j.s.ServletContextHandler@7e474bd{/static,jar:file:/root/.m2/repository/org/apache/hadoop/hadoop-hdds-container-service/0.5.0-SNAPSHOT/hadoop-hdds-container-service-0.5.0-SNAPSHOT.jar!/webapps/static,UNAVAILABLE}
2019-06-14 09:01:41,553 INFO  handler.ContextHandler (ContextHandler.java:doStop(910)) - Stopped o.e.j.s.ServletContextHandler@39bd07fe{/logs,file:///opt/src/hadoop-ozone/integration-test/target/log,UNAVAILABLE}
2019-06-14 09:01:41,553 INFO  datanode.ObjectStoreHandler (ObjectStoreHandler.java:close(155)) - Closing ObjectStoreHandler.
2019-06-14 09:01:41,554 INFO  ozone.HddsDatanodeService (HddsDatanodeService.java:stop(452)) - Stopped plug-in org.apache.hadoop.ozone.web.OzoneHddsDatanodeService@33acec5e
2019-06-14 09:01:41,554 INFO  statemachine.DatanodeStateMachine (DatanodeStateMachine.java:lambda$startDaemon$0(350)) - Ozone container server started.
2019-06-14 09:01:41,554 INFO  ozoneimpl.OzoneContainer (OzoneContainer.java:stop(199)) - Attempting to stop container services.
2019-06-14 09:01:41,554 INFO  impl.RaftServerProxy (RaftServerProxy.java:lambda$close$4(314)) - 397d3329-50e8-4726-8362-9854ab506d45: close
2019-06-14 09:01:41,554 INFO  impl.RaftServerImpl (RaftServerImpl.java:lambda$shutdown$3(238)) - 397d3329-50e8-4726-8362-9854ab506d45: shutdown group-415F3BE3AF6D
2019-06-14 09:01:41,554 INFO  util.JmxRegister (JmxRegister.java:unregister(73)) - Successfully un-registered JMX Bean with object name Ratis:service=RaftServer,group=group-415F3BE3AF6D,id=397d3329-50e8-4726-8362-9854ab506d45
2019-06-14 09:01:41,554 INFO  impl.RoleInfo (RoleInfo.java:shutdownLeaderState(104)) - 397d3329-50e8-4726-8362-9854ab506d45: shutdown LeaderState
2019-06-14 09:01:41,555 INFO  impl.PendingRequests (PendingRequests.java:sendNotLeaderResponses(140)) - 397d3329-50e8-4726-8362-9854ab506d45-PendingRequests: sendNotLeaderResponses
2019-06-14 09:01:41,558 INFO  impl.StateMachineUpdater (StateMachineUpdater.java:stopAndJoin(109)) - StateMachineUpdater-397d3329-50e8-4726-8362-9854ab506d45-group-415F3BE3AF6D: set stopIndex = 0
2019-06-14 09:01:41,558 INFO  ratis.ContainerStateMachine (ContainerStateMachine.java:takeSnapshot(245)) - Taking snapshot at termIndex:(t:0, i:~)
2019-06-14 09:01:41,558 INFO  impl.RaftServerImpl (ServerState.java:close(394)) - 397d3329-50e8-4726-8362-9854ab506d45:group-415F3BE3AF6D closes. The last applied log index is 0
2019-06-14 09:01:41,558 INFO  storage.RaftLogWorker (RaftLogWorker.java:run(236)) - 397d3329-50e8-4726-8362-9854ab506d45-RaftLogWorker was interrupted, exiting. There are 0 tasks remaining in the queue.
2019-06-14 09:01:41,559 INFO  storage.RaftLogWorker (RaftLogWorker.java:close(168)) - 397d3329-50e8-4726-8362-9854ab506d45-RaftLogWorker close()
2019-06-14 09:01:41,560 INFO  impl.RaftServerImpl (RaftServerImpl.java:lambda$shutdown$3(238)) - 397d3329-50e8-4726-8362-9854ab506d45: shutdown group-E485A8608DD0
2019-06-14 09:01:41,560 INFO  util.JmxRegister (JmxRegister.java:unregister(73)) - Successfully un-registered JMX Bean with object name Ratis:service=RaftServer,group=group-E485A8608DD0,id=397d3329-50e8-4726-8362-9854ab506d45
2019-06-14 09:01:41,560 INFO  impl.RoleInfo (RoleInfo.java:shutdownFollowerState(121)) - 397d3329-50e8-4726-8362-9854ab506d45: shutdown FollowerState
2019-06-14 09:01:41,560 INFO  impl.StateMachineUpdater (StateMachineUpdater.java:stopAndJoin(109)) - StateMachineUpdater-397d3329-50e8-4726-8362-9854ab506d45-group-E485A8608DD0: set stopIndex = 15
2019-06-14 09:01:41,561 INFO  impl.FollowerState (FollowerState.java:run(109)) - 397d3329-50e8-4726-8362-9854ab506d45: FollowerState was interrupted: java.lang.InterruptedException: sleep interrupted
2019-06-14 09:01:41,560 INFO  ratis.ContainerStateMachine (ContainerStateMachine.java:takeSnapshot(245)) - Taking snapshot at termIndex:(t:1, i:15)
2019-06-14 09:01:41,561 INFO  ratis.ContainerStateMachine (ContainerStateMachine.java:takeSnapshot(249)) - Taking a snapshot to file /opt/src/hadoop-ozone/integration-test/target/test-dir/MiniOzoneClusterImpl-44e71b24-eb09-4105-ab19-c0949cf7d3c6/datanode-4/data/ratis/60ffd0d1-408f-4dcf-b07c-e485a8608dd0/sm/snapshot.1_15
2019-06-14 09:01:41,561 INFO  impl.RaftServerImpl (ServerState.java:close(394)) - 397d3329-50e8-4726-8362-9854ab506d45:group-E485A8608DD0 closes. The last applied log index is 15
2019-06-14 09:01:41,561 INFO  storage.RaftLogWorker (RaftLogWorker.java:run(236)) - 397d3329-50e8-4726-8362-9854ab506d45-RaftLogWorker was interrupted, exiting. There are 0 tasks remaining in the queue.
2019-06-14 09:01:41,562 INFO  storage.RaftLogWorker (RaftLogWorker.java:close(168)) - 397d3329-50e8-4726-8362-9854ab506d45-RaftLogWorker close()
2019-06-14 09:01:41,563 INFO  server.GrpcService (GrpcService.java:closeImpl(154)) - 397d3329-50e8-4726-8362-9854ab506d45: shutdown server with port 39587 now
2019-06-14 09:01:41,563 INFO  server.GrpcService (GrpcService.java:closeImpl(162)) - 397d3329-50e8-4726-8362-9854ab506d45: shutdown server with port 39587 successfully
2019-06-14 09:01:41,564 WARN  fs.CachingGetSpaceUsed (CachingGetSpaceUsed.java:run(183)) - Thread Interrupted waiting to refresh disk information: sleep interrupted
2019-06-14 09:01:41,572 INFO  statemachine.DatanodeStateMachine (DatanodeStateMachine.java:stopDaemon(395)) - Ozone container server stopped.
2019-06-14 09:01:41,572 INFO  handler.ContextHandler (ContextHandler.java:doStop(910)) - Stopped o.e.j.w.WebAppContext@5f72aaed{/,null,UNAVAILABLE}{/hddsDatanode}
2019-06-14 09:01:41,572 INFO  server.AbstractConnector (AbstractConnector.java:doStop(318)) - Stopped ServerConnector@1d9295e2{HTTP/1.1,[http/1.1]}{0.0.0.0:0}
2019-06-14 09:01:41,572 INFO  handler.ContextHandler (ContextHandler.java:doStop(910)) - Stopped o.e.j.s.ServletContextHandler@632a7680{/static,jar:file:/root/.m2/repository/org/apache/hadoop/hadoop-hdds-container-service/0.5.0-SNAPSHOT/hadoop-hdds-container-service-0.5.0-SNAPSHOT.jar!/webapps/static,UNAVAILABLE}
2019-06-14 09:01:41,573 INFO  handler.ContextHandler (ContextHandler.java:doStop(910)) - Stopped o.e.j.s.ServletContextHandler@25bbca43{/logs,file:///opt/src/hadoop-ozone/integration-test/target/log,UNAVAILABLE}
2019-06-14 09:01:41,573 INFO  datanode.ObjectStoreHandler (ObjectStoreHandler.java:close(155)) - Closing ObjectStoreHandler.
2019-06-14 09:01:41,573 INFO  ozone.HddsDatanodeService (HddsDatanodeService.java:stop(452)) - Stopped plug-in org.apache.hadoop.ozone.web.OzoneHddsDatanodeService@58a06477
2019-06-14 09:01:41,573 INFO  statemachine.DatanodeStateMachine (DatanodeStateMachine.java:lambda$startDaemon$0(350)) - Ozone container server started.
2019-06-14 09:01:41,574 INFO  ozoneimpl.OzoneContainer (OzoneContainer.java:stop(199)) - Attempting to stop container services.
2019-06-14 09:01:41,574 INFO  impl.RaftServerProxy (RaftServerProxy.java:lambda$close$4(314)) - 3ab593ef-36d8-46fc-aa36-6ba334f2fcaa: close
2019-06-14 09:01:41,574 INFO  impl.RaftServerImpl (RaftServerImpl.java:lambda$shutdown$3(238)) - 3ab593ef-36d8-46fc-aa36-6ba334f2fcaa: shutdown group-E485A8608DD0
2019-06-14 09:01:41,574 INFO  impl.RaftServerImpl (RaftServerImpl.java:lambda$shutdown$3(238)) - 3ab593ef-36d8-46fc-aa36-6ba334f2fcaa: shutdown group-8ED331926BD6
2019-06-14 09:01:41,574 INFO  util.JmxRegister (JmxRegister.java:unregister(73)) - Successfully un-registered JMX Bean with object name Ratis:service=RaftServer,group=group-E485A8608DD0,id=3ab593ef-36d8-46fc-aa36-6ba334f2fcaa
2019-06-14 09:01:41,574 INFO  util.JmxRegister (JmxRegister.java:unregister(73)) - Successfully un-registered JMX Bean with object name Ratis:service=RaftServer,group=group-8ED331926BD6,id=3ab593ef-36d8-46fc-aa36-6ba334f2fcaa
2019-06-14 09:01:41,574 INFO  impl.RoleInfo (RoleInfo.java:shutdownFollowerState(121)) - 3ab593ef-36d8-46fc-aa36-6ba334f2fcaa: shutdown FollowerState
2019-06-14 09:01:41,574 INFO  impl.RoleInfo (RoleInfo.java:shutdownLeaderState(104)) - 3ab593ef-36d8-46fc-aa36-6ba334f2fcaa: shutdown LeaderState
2019-06-14 09:01:41,575 INFO  impl.FollowerState (FollowerState.java:run(109)) - 3ab593ef-36d8-46fc-aa36-6ba334f2fcaa: FollowerState was interrupted: java.lang.InterruptedException: sleep interrupted
2019-06-14 09:01:41,575 INFO  ratis.ContainerStateMachine (ContainerStateMachine.java:takeSnapshot(245)) - Taking snapshot at termIndex:(t:1, i:15)
2019-06-14 09:01:41,575 INFO  impl.StateMachineUpdater (StateMachineUpdater.java:stopAndJoin(109)) - StateMachineUpdater-3ab593ef-36d8-46fc-aa36-6ba334f2fcaa-group-E485A8608DD0: set stopIndex = 15
2019-06-14 09:01:41,575 INFO  ratis.ContainerStateMachine (ContainerStateMachine.java:takeSnapshot(249)) - Taking a snapshot to file /opt/src/hadoop-ozone/integration-test/target/test-dir/MiniOzoneClusterImpl-44e71b24-eb09-4105-ab19-c0949cf7d3c6/datanode-5/data/ratis/60ffd0d1-408f-4dcf-b07c-e485a8608dd0/sm/snapshot.1_15
2019-06-14 09:01:41,575 INFO  impl.PendingRequests (PendingRequests.java:sendNotLeaderResponses(140)) - 3ab593ef-36d8-46fc-aa36-6ba334f2fcaa-PendingRequests: sendNotLeaderResponses
2019-06-14 09:01:41,576 INFO  impl.RaftServerImpl (ServerState.java:close(394)) - 3ab593ef-36d8-46fc-aa36-6ba334f2fcaa:group-E485A8608DD0 closes. The last applied log index is 15
2019-06-14 09:01:41,578 INFO  ratis.ContainerStateMachine (ContainerStateMachine.java:takeSnapshot(245)) - Taking snapshot at termIndex:(t:0, i:~)
2019-06-14 09:01:41,578 INFO  storage.RaftLogWorker (RaftLogWorker.java:run(236)) - 3ab593ef-36d8-46fc-aa36-6ba334f2fcaa-RaftLogWorker was interrupted, exiting. There are 0 tasks remaining in the queue.
2019-06-14 09:01:41,578 INFO  impl.StateMachineUpdater (StateMachineUpdater.java:stopAndJoin(109)) - StateMachineUpdater-3ab593ef-36d8-46fc-aa36-6ba334f2fcaa-group-8ED331926BD6: set stopIndex = 0
2019-06-14 09:01:41,579 INFO  impl.RaftServerImpl (ServerState.java:close(394)) - 3ab593ef-36d8-46fc-aa36-6ba334f2fcaa:group-8ED331926BD6 closes. The last applied log index is 0
2019-06-14 09:01:41,579 INFO  storage.RaftLogWorker (RaftLogWorker.java:run(236)) - 3ab593ef-36d8-46fc-aa36-6ba334f2fcaa-RaftLogWorker was interrupted, exiting. There are 0 tasks remaining in the queue.
2019-06-14 09:01:41,579 INFO  storage.RaftLogWorker (RaftLogWorker.java:close(168)) - 3ab593ef-36d8-46fc-aa36-6ba334f2fcaa-RaftLogWorker close()
2019-06-14 09:01:41,580 INFO  storage.RaftLogWorker (RaftLogWorker.java:close(168)) - 3ab593ef-36d8-46fc-aa36-6ba334f2fcaa-RaftLogWorker close()
2019-06-14 09:01:41,581 INFO  server.GrpcService (GrpcService.java:closeImpl(154)) - 3ab593ef-36d8-46fc-aa36-6ba334f2fcaa: shutdown server with port 46355 now
2019-06-14 09:01:41,581 INFO  server.GrpcService (GrpcService.java:closeImpl(162)) - 3ab593ef-36d8-46fc-aa36-6ba334f2fcaa: shutdown server with port 46355 successfully
2019-06-14 09:01:41,583 WARN  fs.CachingGetSpaceUsed (CachingGetSpaceUsed.java:run(183)) - Thread Interrupted waiting to refresh disk information: sleep interrupted
2019-06-14 09:01:41,589 INFO  statemachine.DatanodeStateMachine (DatanodeStateMachine.java:stopDaemon(395)) - Ozone container server stopped.
2019-06-14 09:01:41,590 INFO  handler.ContextHandler (ContextHandler.java:doStop(910)) - Stopped o.e.j.w.WebAppContext@13c36d48{/,null,UNAVAILABLE}{/hddsDatanode}
2019-06-14 09:01:41,590 INFO  server.AbstractConnector (AbstractConnector.java:doStop(318)) - Stopped ServerConnector@7e93e396{HTTP/1.1,[http/1.1]}{0.0.0.0:0}
2019-06-14 09:01:41,590 INFO  handler.ContextHandler (ContextHandler.java:doStop(910)) - Stopped o.e.j.s.ServletContextHandler@7d364bce{/static,jar:file:/root/.m2/repository/org/apache/hadoop/hadoop-hdds-container-service/0.5.0-SNAPSHOT/hadoop-hdds-container-service-0.5.0-SNAPSHOT.jar!/webapps/static,UNAVAILABLE}
2019-06-14 09:01:41,590 INFO  handler.ContextHandler (ContextHandler.java:doStop(910)) - Stopped o.e.j.s.ServletContextHandler@72769bf5{/logs,file:///opt/src/hadoop-ozone/integration-test/target/log,UNAVAILABLE}
2019-06-14 09:01:41,591 INFO  datanode.ObjectStoreHandler (ObjectStoreHandler.java:close(155)) - Closing ObjectStoreHandler.
2019-06-14 09:01:41,591 INFO  ozone.HddsDatanodeService (HddsDatanodeService.java:stop(452)) - Stopped plug-in org.apache.hadoop.ozone.web.OzoneHddsDatanodeService@643bef2a
2019-06-14 09:01:41,591 INFO  statemachine.DatanodeStateMachine (DatanodeStateMachine.java:lambda$startDaemon$0(350)) - Ozone container server started.
2019-06-14 09:01:41,591 INFO  ozoneimpl.OzoneContainer (OzoneContainer.java:stop(199)) - Attempting to stop container services.
2019-06-14 09:01:41,591 INFO  impl.RaftServerProxy (RaftServerProxy.java:lambda$close$4(314)) - 0b68cd99-44c9-4596-b2c9-2e20566adae0: close
2019-06-14 09:01:41,591 INFO  impl.RaftServerImpl (RaftServerImpl.java:lambda$shutdown$3(238)) - 0b68cd99-44c9-4596-b2c9-2e20566adae0: shutdown group-4434FBAE1CCC
2019-06-14 09:01:41,592 INFO  util.JmxRegister (JmxRegister.java:unregister(73)) - Successfully un-registered JMX Bean with object name Ratis:service=RaftServer,group=group-4434FBAE1CCC,id=0b68cd99-44c9-4596-b2c9-2e20566adae0
2019-06-14 09:01:41,592 INFO  impl.RoleInfo (RoleInfo.java:shutdownLeaderState(104)) - 0b68cd99-44c9-4596-b2c9-2e20566adae0: shutdown LeaderState
2019-06-14 09:01:41,592 INFO  impl.PendingRequests (PendingRequests.java:sendNotLeaderResponses(140)) - 0b68cd99-44c9-4596-b2c9-2e20566adae0-PendingRequests: sendNotLeaderResponses
2019-06-14 09:01:41,592 INFO  impl.StateMachineUpdater (StateMachineUpdater.java:stopAndJoin(109)) - StateMachineUpdater-0b68cd99-44c9-4596-b2c9-2e20566adae0-group-4434FBAE1CCC: set stopIndex = 0
2019-06-14 09:01:41,592 INFO  ratis.ContainerStateMachine (ContainerStateMachine.java:takeSnapshot(245)) - Taking snapshot at termIndex:(t:0, i:~)
2019-06-14 09:01:41,592 INFO  impl.RaftServerImpl (ServerState.java:close(394)) - 0b68cd99-44c9-4596-b2c9-2e20566adae0:group-4434FBAE1CCC closes. The last applied log index is 0
2019-06-14 09:01:41,592 INFO  storage.RaftLogWorker (RaftLogWorker.java:run(236)) - 0b68cd99-44c9-4596-b2c9-2e20566adae0-RaftLogWorker was interrupted, exiting. There are 0 tasks remaining in the queue.
2019-06-14 09:01:41,593 INFO  storage.RaftLogWorker (RaftLogWorker.java:close(168)) - 0b68cd99-44c9-4596-b2c9-2e20566adae0-RaftLogWorker close()
2019-06-14 09:01:41,594 INFO  server.GrpcService (GrpcService.java:closeImpl(154)) - 0b68cd99-44c9-4596-b2c9-2e20566adae0: shutdown server with port 36289 now
2019-06-14 09:01:41,597 INFO  server.GrpcService (GrpcService.java:closeImpl(162)) - 0b68cd99-44c9-4596-b2c9-2e20566adae0: shutdown server with port 36289 successfully
2019-06-14 09:01:41,598 WARN  fs.CachingGetSpaceUsed (CachingGetSpaceUsed.java:run(183)) - Thread Interrupted waiting to refresh disk information: sleep interrupted
2019-06-14 09:01:41,605 INFO  statemachine.DatanodeStateMachine (DatanodeStateMachine.java:stopDaemon(395)) - Ozone container server stopped.
2019-06-14 09:01:41,605 INFO  handler.ContextHandler (ContextHandler.java:doStop(910)) - Stopped o.e.j.w.WebAppContext@16576a6{/,null,UNAVAILABLE}{/hddsDatanode}
2019-06-14 09:01:41,606 INFO  server.AbstractConnector (AbstractConnector.java:doStop(318)) - Stopped ServerConnector@70b037ac{HTTP/1.1,[http/1.1]}{0.0.0.0:0}
2019-06-14 09:01:41,606 INFO  handler.ContextHandler (ContextHandler.java:doStop(910)) - Stopped o.e.j.s.ServletContextHandler@347770a9{/static,jar:file:/root/.m2/repository/org/apache/hadoop/hadoop-hdds-container-service/0.5.0-SNAPSHOT/hadoop-hdds-container-service-0.5.0-SNAPSHOT.jar!/webapps/static,UNAVAILABLE}
2019-06-14 09:01:41,606 INFO  handler.ContextHandler (ContextHandler.java:doStop(910)) - Stopped o.e.j.s.ServletContextHandler@3de507af{/logs,file:///opt/src/hadoop-ozone/integration-test/target/log,UNAVAILABLE}
]]></system-out>
    <system-err><![CDATA[Jun 14, 2019 9:01:22 AM com.sun.jersey.server.impl.application.WebApplicationImpl _initiate
INFO: Initiating Jersey application, version 'Jersey: 1.19 02/11/2015 03:25 AM'
Jun 14, 2019 9:01:23 AM com.sun.jersey.server.impl.application.WebApplicationImpl _initiate
INFO: Initiating Jersey application, version 'Jersey: 1.19 02/11/2015 03:25 AM'
Jun 14, 2019 9:01:23 AM com.sun.jersey.server.impl.application.WebApplicationImpl _initiate
INFO: Initiating Jersey application, version 'Jersey: 1.19 02/11/2015 03:25 AM'
Jun 14, 2019 9:01:23 AM com.sun.jersey.server.impl.application.WebApplicationImpl _initiate
INFO: Initiating Jersey application, version 'Jersey: 1.19 02/11/2015 03:25 AM'
Jun 14, 2019 9:01:23 AM com.sun.jersey.server.impl.application.WebApplicationImpl _initiate
INFO: Initiating Jersey application, version 'Jersey: 1.19 02/11/2015 03:25 AM'
Jun 14, 2019 9:01:23 AM com.sun.jersey.server.impl.application.WebApplicationImpl _initiate
INFO: Initiating Jersey application, version 'Jersey: 1.19 02/11/2015 03:25 AM'
Jun 14, 2019 9:01:23 AM com.sun.jersey.server.impl.application.WebApplicationImpl _initiate
INFO: Initiating Jersey application, version 'Jersey: 1.19 02/11/2015 03:25 AM'
]]></system-err>
  </testcase>
  <testcase name="testFailureWithPrimeSizedData" classname="org.apache.hadoop.ozone.client.rpc.TestBlockOutputStreamWithFailures" time="14.191"/>
  <testcase name="testWatchForCommitWithCloseContainerException" classname="org.apache.hadoop.ozone.client.rpc.TestBlockOutputStreamWithFailures" time="10.786"/>
  <testcase name="testExceptionDuringClose" classname="org.apache.hadoop.ozone.client.rpc.TestBlockOutputStreamWithFailures" time="8.438"/>
</testsuite>