<?xml version="1.0" encoding="UTF-8"?>
<testsuite xmlns:xsi="http://www.w3.org/2001/XMLSchema-instance" xsi:noNamespaceSchemaLocation="https://maven.apache.org/surefire/maven-surefire-plugin/xsd/surefire-test-report.xsd" name="org.apache.hadoop.ozone.client.rpc.TestWatchForCommit" time="129.803" tests="6" errors="0" skipped="0" failures="1">
  <properties>
    <property name="awt.toolkit" value="sun.awt.X11.XToolkit"/>
    <property name="file.encoding.pkg" value="sun.io"/>
    <property name="java.specification.version" value="1.8"/>
    <property name="sun.cpu.isalist" value=""/>
    <property name="sun.jnu.encoding" value="UTF-8"/>
    <property name="java.class.path" value="/opt/src/hadoop-ozone/integration-test/target/test-classes:/opt/src/hadoop-ozone/integration-test/target/classes:/root/.m2/repository/org/apache/hadoop/hadoop-ozone-common/0.5.0-SNAPSHOT/hadoop-ozone-common-0.5.0-SNAPSHOT.jar:/root/.m2/repository/org/apache/commons/commons-compress/1.4.1/commons-compress-1.4.1.jar:/root/.m2/repository/org/tukaani/xz/1.0/xz-1.0.jar:/root/.m2/repository/org/apache/hadoop/hadoop-common/3.2.0/hadoop-common-3.2.0.jar:/root/.m2/repository/org/apache/hadoop/hadoop-hdfs/3.2.0/hadoop-hdfs-3.2.0.jar:/root/.m2/repository/org/apache/hadoop/hadoop-hdfs-client/3.2.0/hadoop-hdfs-client-3.2.0.jar:/root/.m2/repository/com/fasterxml/jackson/core/jackson-annotations/2.9.5/jackson-annotations-2.9.5.jar:/root/.m2/repository/org/apache/hadoop/hadoop-hdds-common/0.5.0-SNAPSHOT/hadoop-hdds-common-0.5.0-SNAPSHOT.jar:/root/.m2/repository/javax/annotation/javax.annotation-api/1.2/javax.annotation-api-1.2.jar:/root/.m2/repository/org/apache/ratis/ratis-server/0.4.0-fe2b15d-SNAPSHOT/ratis-server-0.4.0-fe2b15d-SNAPSHOT.jar:/root/.m2/repository/org/apache/ratis/ratis-thirdparty-misc/0.2.0/ratis-thirdparty-misc-0.2.0.jar:/root/.m2/repository/org/apache/ratis/ratis-proto/0.4.0-fe2b15d-SNAPSHOT/ratis-proto-0.4.0-fe2b15d-SNAPSHOT.jar:/root/.m2/repository/org/apache/ratis/ratis-common/0.4.0-fe2b15d-SNAPSHOT/ratis-common-0.4.0-fe2b15d-SNAPSHOT.jar:/root/.m2/repository/org/apache/ratis/ratis-client/0.4.0-fe2b15d-SNAPSHOT/ratis-client-0.4.0-fe2b15d-SNAPSHOT.jar:/root/.m2/repository/org/apache/ratis/ratis-netty/0.4.0-fe2b15d-SNAPSHOT/ratis-netty-0.4.0-fe2b15d-SNAPSHOT.jar:/root/.m2/repository/org/apache/ratis/ratis-grpc/0.4.0-fe2b15d-SNAPSHOT/ratis-grpc-0.4.0-fe2b15d-SNAPSHOT.jar:/root/.m2/repository/org/rocksdb/rocksdbjni/5.14.2/rocksdbjni-5.14.2.jar:/root/.m2/repository/org/apache/logging/log4j/log4j-api/2.11.0/log4j-api-2.11.0.jar:/root/.m2/repository/org/apache/logging/log4j/log4j-core/2.11.0/log4j-core-2.11.0.jar:/root/.m2/repository/com/lmax/disruptor/3.4.2/disruptor-3.4.2.jar:/root/.m2/repository/org/apache/commons/commons-pool2/2.6.0/commons-pool2-2.6.0.jar:/root/.m2/repository/org/bouncycastle/bcpkix-jdk15on/1.60/bcpkix-jdk15on-1.60.jar:/root/.m2/repository/commons-validator/commons-validator/1.6/commons-validator-1.6.jar:/root/.m2/repository/commons-digester/commons-digester/1.8.1/commons-digester-1.8.1.jar:/root/.m2/repository/io/jaegertracing/jaeger-client/0.33.1/jaeger-client-0.33.1.jar:/root/.m2/repository/io/jaegertracing/jaeger-thrift/0.33.1/jaeger-thrift-0.33.1.jar:/root/.m2/repository/org/apache/thrift/libthrift/0.11.0/libthrift-0.11.0.jar:/root/.m2/repository/com/squareup/okhttp3/okhttp/3.9.0/okhttp-3.9.0.jar:/root/.m2/repository/com/squareup/okio/okio/1.13.0/okio-1.13.0.jar:/root/.m2/repository/io/jaegertracing/jaeger-core/0.33.1/jaeger-core-0.33.1.jar:/root/.m2/repository/io/jaegertracing/jaeger-tracerresolver/0.33.1/jaeger-tracerresolver-0.33.1.jar:/root/.m2/repository/io/opentracing/contrib/opentracing-tracerresolver/0.1.5/opentracing-tracerresolver-0.1.5.jar:/root/.m2/repository/io/opentracing/opentracing-util/0.31.0/opentracing-util-0.31.0.jar:/root/.m2/repository/io/opentracing/opentracing-api/0.31.0/opentracing-api-0.31.0.jar:/root/.m2/repository/io/opentracing/opentracing-noop/0.31.0/opentracing-noop-0.31.0.jar:/root/.m2/repository/org/apache/hadoop/hadoop-hdds-server-framework/0.5.0-SNAPSHOT/hadoop-hdds-server-framework-0.5.0-SNAPSHOT.jar:/root/.m2/repository/org/apache/hadoop/hadoop-hdds-server-scm/0.5.0-SNAPSHOT/hadoop-hdds-server-scm-0.5.0-SNAPSHOT.jar:/root/.m2/repository/org/apache/hadoop/hadoop-hdds-container-service/0.5.0-SNAPSHOT/hadoop-hdds-container-service-0.5.0-SNAPSHOT.jar:/root/.m2/repository/org/apache/hadoop/hadoop-hdds-client/0.5.0-SNAPSHOT/hadoop-hdds-client-0.5.0-SNAPSHOT.jar:/root/.m2/repository/org/apache/hadoop/hadoop-hdds-tools/0.5.0-SNAPSHOT/hadoop-hdds-tools-0.5.0-SNAPSHOT.jar:/root/.m2/repository/org/apache/hadoop/hadoop-ozone-ozone-manager/0.5.0-SNAPSHOT/hadoop-ozone-ozone-manager-0.5.0-SNAPSHOT.jar:/root/.m2/repository/org/apache/hadoop/hadoop-hdds-docs/0.5.0-SNAPSHOT/hadoop-hdds-docs-0.5.0-SNAPSHOT.jar:/root/.m2/repository/org/bouncycastle/bcprov-jdk15on/1.60/bcprov-jdk15on-1.60.jar:/root/.m2/repository/org/apache/hadoop/hadoop-minikdc/3.2.0/hadoop-minikdc-3.2.0.jar:/root/.m2/repository/commons-io/commons-io/2.5/commons-io-2.5.jar:/root/.m2/repository/org/apache/kerby/kerb-simplekdc/1.0.1/kerb-simplekdc-1.0.1.jar:/root/.m2/repository/org/apache/kerby/kerb-client/1.0.1/kerb-client-1.0.1.jar:/root/.m2/repository/org/apache/kerby/kerby-config/1.0.1/kerby-config-1.0.1.jar:/root/.m2/repository/org/apache/kerby/kerb-core/1.0.1/kerb-core-1.0.1.jar:/root/.m2/repository/org/apache/kerby/kerby-pkix/1.0.1/kerby-pkix-1.0.1.jar:/root/.m2/repository/org/apache/kerby/kerby-asn1/1.0.1/kerby-asn1-1.0.1.jar:/root/.m2/repository/org/apache/kerby/kerby-util/1.0.1/kerby-util-1.0.1.jar:/root/.m2/repository/org/apache/kerby/kerb-common/1.0.1/kerb-common-1.0.1.jar:/root/.m2/repository/org/apache/kerby/kerb-crypto/1.0.1/kerb-crypto-1.0.1.jar:/root/.m2/repository/org/apache/kerby/kerb-util/1.0.1/kerb-util-1.0.1.jar:/root/.m2/repository/org/apache/kerby/token-provider/1.0.1/token-provider-1.0.1.jar:/root/.m2/repository/org/apache/kerby/kerb-admin/1.0.1/kerb-admin-1.0.1.jar:/root/.m2/repository/org/apache/kerby/kerb-server/1.0.1/kerb-server-1.0.1.jar:/root/.m2/repository/org/apache/kerby/kerb-identity/1.0.1/kerb-identity-1.0.1.jar:/root/.m2/repository/org/apache/kerby/kerby-xdr/1.0.1/kerby-xdr-1.0.1.jar:/root/.m2/repository/org/slf4j/slf4j-log4j12/1.7.25/slf4j-log4j12-1.7.25.jar:/root/.m2/repository/org/apache/hadoop/hadoop-ozone-objectstore-service/0.5.0-SNAPSHOT/hadoop-ozone-objectstore-service-0.5.0-SNAPSHOT.jar:/root/.m2/repository/org/apache/hadoop/hadoop-ozone-s3gateway/0.5.0-SNAPSHOT/hadoop-ozone-s3gateway-0.5.0-SNAPSHOT.jar:/root/.m2/repository/org/jboss/weld/servlet/weld-servlet/2.4.7.Final/weld-servlet-2.4.7.Final.jar:/root/.m2/repository/org/glassfish/jersey/containers/jersey-container-servlet-core/2.27/jersey-container-servlet-core-2.27.jar:/root/.m2/repository/org/glassfish/hk2/external/javax.inject/2.5.0-b42/javax.inject-2.5.0-b42.jar:/root/.m2/repository/org/glassfish/jersey/core/jersey-common/2.27/jersey-common-2.27.jar:/root/.m2/repository/org/glassfish/hk2/osgi-resource-locator/1.0.1/osgi-resource-locator-1.0.1.jar:/root/.m2/repository/javax/ws/rs/javax.ws.rs-api/2.1/javax.ws.rs-api-2.1.jar:/root/.m2/repository/org/glassfish/jersey/ext/cdi/jersey-cdi1x/2.27/jersey-cdi1x-2.27.jar:/root/.m2/repository/org/glassfish/jersey/inject/jersey-hk2/2.27/jersey-hk2-2.27.jar:/root/.m2/repository/org/glassfish/hk2/hk2-locator/2.5.0-b42/hk2-locator-2.5.0-b42.jar:/root/.m2/repository/org/javassist/javassist/3.22.0-CR2/javassist-3.22.0-CR2.jar:/root/.m2/repository/org/glassfish/hk2/hk2-api/2.5.0/hk2-api-2.5.0.jar:/root/.m2/repository/org/glassfish/hk2/external/jakarta.inject/2.5.0/jakarta.inject-2.5.0.jar:/root/.m2/repository/org/glassfish/hk2/hk2-utils/2.5.0/hk2-utils-2.5.0.jar:/root/.m2/repository/jakarta/annotation/jakarta.annotation-api/1.3.4/jakarta.annotation-api-1.3.4.jar:/root/.m2/repository/org/glassfish/hk2/external/aopalliance-repackaged/2.5.0/aopalliance-repackaged-2.5.0.jar:/root/.m2/repository/com/fasterxml/jackson/dataformat/jackson-dataformat-xml/2.9.0/jackson-dataformat-xml-2.9.0.jar:/root/.m2/repository/com/fasterxml/jackson/core/jackson-core/2.9.5/jackson-core-2.9.5.jar:/root/.m2/repository/com/fasterxml/jackson/module/jackson-module-jaxb-annotations/2.9.5/jackson-module-jaxb-annotations-2.9.5.jar:/root/.m2/repository/javax/enterprise/cdi-api/1.2/cdi-api-1.2.jar:/root/.m2/repository/javax/el/javax.el-api/3.0.0/javax.el-api-3.0.0.jar:/root/.m2/repository/javax/interceptor/javax.interceptor-api/1.2/javax.interceptor-api-1.2.jar:/root/.m2/repository/javax/inject/javax.inject/1/javax.inject-1.jar:/root/.m2/repository/com/sun/xml/bind/jaxb-impl/2.3.0.1/jaxb-impl-2.3.0.1.jar:/root/.m2/repository/com/sun/xml/bind/jaxb-core/2.3.0.1/jaxb-core-2.3.0.1.jar:/root/.m2/repository/javax/xml/bind/jaxb-api/2.3.0/jaxb-api-2.3.0.jar:/root/.m2/repository/javax/activation/activation/1.1.1/activation-1.1.1.jar:/root/.m2/repository/org/apache/hadoop/hadoop-ozone-csi/0.5.0-SNAPSHOT/hadoop-ozone-csi-0.5.0-SNAPSHOT.jar:/root/.m2/repository/com/google/protobuf/protobuf-java-util/3.5.1/protobuf-java-util-3.5.1.jar:/root/.m2/repository/org/apache/hadoop/hadoop-hdds-config/0.5.0-SNAPSHOT/hadoop-hdds-config-0.5.0-SNAPSHOT.jar:/root/.m2/repository/com/google/guava/guava/11.0.2/guava-11.0.2.jar:/root/.m2/repository/com/google/protobuf/protobuf-java/2.5.0/protobuf-java-2.5.0.jar:/root/.m2/repository/io/grpc/grpc-netty/1.17.1/grpc-netty-1.17.1.jar:/root/.m2/repository/io/grpc/grpc-core/1.17.1/grpc-core-1.17.1.jar:/root/.m2/repository/io/grpc/grpc-context/1.17.1/grpc-context-1.17.1.jar:/root/.m2/repository/com/google/errorprone/error_prone_annotations/2.2.0/error_prone_annotations-2.2.0.jar:/root/.m2/repository/org/codehaus/mojo/animal-sniffer-annotations/1.17/animal-sniffer-annotations-1.17.jar:/root/.m2/repository/io/opencensus/opencensus-api/0.17.0/opencensus-api-0.17.0.jar:/root/.m2/repository/io/opencensus/opencensus-contrib-grpc-metrics/0.17.0/opencensus-contrib-grpc-metrics-0.17.0.jar:/root/.m2/repository/io/netty/netty-codec-http2/4.1.30.Final/netty-codec-http2-4.1.30.Final.jar:/root/.m2/repository/io/netty/netty-codec-http/4.1.30.Final/netty-codec-http-4.1.30.Final.jar:/root/.m2/repository/io/netty/netty-codec/4.1.30.Final/netty-codec-4.1.30.Final.jar:/root/.m2/repository/io/netty/netty-handler/4.1.30.Final/netty-handler-4.1.30.Final.jar:/root/.m2/repository/io/netty/netty-handler-proxy/4.1.30.Final/netty-handler-proxy-4.1.30.Final.jar:/root/.m2/repository/io/netty/netty-codec-socks/4.1.30.Final/netty-codec-socks-4.1.30.Final.jar:/root/.m2/repository/io/netty/netty-transport-native-epoll/4.1.30.Final/netty-transport-native-epoll-4.1.30.Final.jar:/root/.m2/repository/io/netty/netty-common/4.1.30.Final/netty-common-4.1.30.Final.jar:/root/.m2/repository/io/netty/netty-buffer/4.1.30.Final/netty-buffer-4.1.30.Final.jar:/root/.m2/repository/io/netty/netty-transport/4.1.30.Final/netty-transport-4.1.30.Final.jar:/root/.m2/repository/io/netty/netty-resolver/4.1.30.Final/netty-resolver-4.1.30.Final.jar:/root/.m2/repository/io/netty/netty-transport-native-unix-common/4.1.30.Final/netty-transport-native-unix-common-4.1.30.Final.jar:/root/.m2/repository/io/grpc/grpc-protobuf/1.17.1/grpc-protobuf-1.17.1.jar:/root/.m2/repository/com/google/api/grpc/proto-google-common-protos/1.0.0/proto-google-common-protos-1.0.0.jar:/root/.m2/repository/io/grpc/grpc-protobuf-lite/1.17.1/grpc-protobuf-lite-1.17.1.jar:/root/.m2/repository/io/grpc/grpc-stub/1.17.1/grpc-stub-1.17.1.jar:/root/.m2/repository/org/apache/hadoop/hadoop-ozone-recon/0.5.0-SNAPSHOT/hadoop-ozone-recon-0.5.0-SNAPSHOT.jar:/root/.m2/repository/org/apache/hadoop/hadoop-ozone-reconcodegen/0.5.0-SNAPSHOT/hadoop-ozone-reconcodegen-0.5.0-SNAPSHOT.jar:/root/.m2/repository/com/google/inject/extensions/guice-multibindings/4.0/guice-multibindings-4.0.jar:/root/.m2/repository/com/google/inject/guice/4.0/guice-4.0.jar:/root/.m2/repository/aopalliance/aopalliance/1.0/aopalliance-1.0.jar:/root/.m2/repository/com/google/inject/extensions/guice-servlet/4.0/guice-servlet-4.0.jar:/root/.m2/repository/org/glassfish/jersey/containers/jersey-container-servlet/2.27/jersey-container-servlet-2.27.jar:/root/.m2/repository/org/glassfish/hk2/guice-bridge/2.5.0/guice-bridge-2.5.0.jar:/root/.m2/repository/org/glassfish/jersey/core/jersey-server/2.27/jersey-server-2.27.jar:/root/.m2/repository/org/glassfish/jersey/core/jersey-client/2.27/jersey-client-2.27.jar:/root/.m2/repository/org/glassfish/jersey/media/jersey-media-jaxb/2.27/jersey-media-jaxb-2.27.jar:/root/.m2/repository/javax/validation/validation-api/1.1.0.Final/validation-api-1.1.0.Final.jar:/root/.m2/repository/org/glassfish/jersey/media/jersey-media-json-jackson/2.27/jersey-media-json-jackson-2.27.jar:/root/.m2/repository/org/glassfish/jersey/ext/jersey-entity-filtering/2.27/jersey-entity-filtering-2.27.jar:/root/.m2/repository/com/google/inject/extensions/guice-assistedinject/4.0/guice-assistedinject-4.0.jar:/root/.m2/repository/org/jooq/jooq/3.11.10/jooq-3.11.10.jar:/root/.m2/repository/org/jooq/jooq-meta/3.11.10/jooq-meta-3.11.10.jar:/root/.m2/repository/org/jooq/jooq-codegen/3.11.10/jooq-codegen-3.11.10.jar:/root/.m2/repository/com/jolbox/bonecp/0.8.0.RELEASE/bonecp-0.8.0.RELEASE.jar:/root/.m2/repository/org/xerial/sqlite-jdbc/3.25.2/sqlite-jdbc-3.25.2.jar:/root/.m2/repository/org/springframework/spring-jdbc/5.1.3.RELEASE/spring-jdbc-5.1.3.RELEASE.jar:/root/.m2/repository/org/springframework/spring-beans/5.1.3.RELEASE/spring-beans-5.1.3.RELEASE.jar:/root/.m2/repository/org/springframework/spring-core/5.1.3.RELEASE/spring-core-5.1.3.RELEASE.jar:/root/.m2/repository/org/springframework/spring-jcl/5.1.3.RELEASE/spring-jcl-5.1.3.RELEASE.jar:/root/.m2/repository/org/springframework/spring-tx/5.1.3.RELEASE/spring-tx-5.1.3.RELEASE.jar:/root/.m2/repository/org/apache/hadoop/hadoop-ozone-client/0.5.0-SNAPSHOT/hadoop-ozone-client-0.5.0-SNAPSHOT.jar:/root/.m2/repository/org/apache/hadoop/hadoop-ozone-ozone-manager/0.5.0-SNAPSHOT/hadoop-ozone-ozone-manager-0.5.0-SNAPSHOT-tests.jar:/root/.m2/repository/junit/junit/4.11/junit-4.11.jar:/root/.m2/repository/org/hamcrest/hamcrest-core/1.3/hamcrest-core-1.3.jar:/root/.m2/repository/org/openjdk/jmh/jmh-core/1.19/jmh-core-1.19.jar:/root/.m2/repository/net/sf/jopt-simple/jopt-simple/4.6/jopt-simple-4.6.jar:/root/.m2/repository/org/apache/commons/commons-math3/3.1.1/commons-math3-3.1.1.jar:/root/.m2/repository/org/openjdk/jmh/jmh-generator-annprocess/1.19/jmh-generator-annprocess-1.19.jar:/root/.m2/repository/org/mockito/mockito-all/1.8.5/mockito-all-1.8.5.jar:/root/.m2/repository/org/apache/hadoop/hadoop-kms/3.2.0/hadoop-kms-3.2.0.jar:/root/.m2/repository/org/apache/hadoop/hadoop-auth/3.2.0/hadoop-auth-3.2.0.jar:/root/.m2/repository/com/nimbusds/nimbus-jose-jwt/4.41.1/nimbus-jose-jwt-4.41.1.jar:/root/.m2/repository/com/github/stephenc/jcip/jcip-annotations/1.0-1/jcip-annotations-1.0-1.jar:/root/.m2/repository/net/minidev/json-smart/2.3/json-smart-2.3.jar:/root/.m2/repository/net/minidev/accessors-smart/1.2/accessors-smart-1.2.jar:/root/.m2/repository/org/ow2/asm/asm/5.0.4/asm-5.0.4.jar:/root/.m2/repository/org/apache/curator/curator-framework/2.12.0/curator-framework-2.12.0.jar:/root/.m2/repository/com/sun/jersey/jersey-core/1.19/jersey-core-1.19.jar:/root/.m2/repository/javax/ws/rs/jsr311-api/1.1.1/jsr311-api-1.1.1.jar:/root/.m2/repository/com/sun/jersey/jersey-server/1.19/jersey-server-1.19.jar:/root/.m2/repository/javax/servlet/javax.servlet-api/3.1.0/javax.servlet-api-3.1.0.jar:/root/.m2/repository/org/eclipse/jetty/jetty-server/9.3.24.v20180605/jetty-server-9.3.24.v20180605.jar:/root/.m2/repository/org/eclipse/jetty/jetty-http/9.3.24.v20180605/jetty-http-9.3.24.v20180605.jar:/root/.m2/repository/org/eclipse/jetty/jetty-io/9.3.24.v20180605/jetty-io-9.3.24.v20180605.jar:/root/.m2/repository/org/eclipse/jetty/jetty-webapp/9.3.24.v20180605/jetty-webapp-9.3.24.v20180605.jar:/root/.m2/repository/org/eclipse/jetty/jetty-xml/9.3.24.v20180605/jetty-xml-9.3.24.v20180605.jar:/root/.m2/repository/log4j/log4j/1.2.17/log4j-1.2.17.jar:/root/.m2/repository/org/slf4j/slf4j-api/1.7.25/slf4j-api-1.7.25.jar:/root/.m2/repository/org/slf4j/jul-to-slf4j/1.7.25/jul-to-slf4j-1.7.25.jar:/root/.m2/repository/org/eclipse/jetty/jetty-util/9.3.24.v20180605/jetty-util-9.3.24.v20180605.jar:/root/.m2/repository/io/dropwizard/metrics/metrics-core/3.2.4/metrics-core-3.2.4.jar:/root/.m2/repository/com/fasterxml/jackson/core/jackson-databind/2.9.5/jackson-databind-2.9.5.jar:/root/.m2/repository/org/apache/hadoop/hadoop-kms/3.2.0/hadoop-kms-3.2.0-tests.jar:/root/.m2/repository/org/apache/hadoop/hadoop-hdds-server-scm/0.5.0-SNAPSHOT/hadoop-hdds-server-scm-0.5.0-SNAPSHOT-tests.jar:/root/.m2/repository/org/hamcrest/hamcrest-all/1.3/hamcrest-all-1.3.jar:/root/.m2/repository/info/picocli/picocli/3.9.6/picocli-3.9.6.jar:/root/.m2/repository/org/apache/hadoop/hadoop-hdds-container-service/0.5.0-SNAPSHOT/hadoop-hdds-container-service-0.5.0-SNAPSHOT-tests.jar:/root/.m2/repository/org/yaml/snakeyaml/1.16/snakeyaml-1.16.jar:/root/.m2/repository/org/apache/hadoop/hadoop-common/3.2.0/hadoop-common-3.2.0-tests.jar:/root/.m2/repository/org/apache/hadoop/hadoop-annotations/3.2.0/hadoop-annotations-3.2.0.jar:/usr/lib/jvm/java-1.8-openjdk/jre/../lib/tools.jar:/root/.m2/repository/commons-cli/commons-cli/1.2/commons-cli-1.2.jar:/root/.m2/repository/org/apache/httpcomponents/httpclient/4.5.2/httpclient-4.5.2.jar:/root/.m2/repository/org/apache/httpcomponents/httpcore/4.4.4/httpcore-4.4.4.jar:/root/.m2/repository/commons-codec/commons-codec/1.11/commons-codec-1.11.jar:/root/.m2/repository/commons-net/commons-net/3.6/commons-net-3.6.jar:/root/.m2/repository/commons-collections/commons-collections/3.2.2/commons-collections-3.2.2.jar:/root/.m2/repository/org/eclipse/jetty/jetty-servlet/9.3.24.v20180605/jetty-servlet-9.3.24.v20180605.jar:/root/.m2/repository/org/eclipse/jetty/jetty-security/9.3.24.v20180605/jetty-security-9.3.24.v20180605.jar:/root/.m2/repository/javax/servlet/jsp/jsp-api/2.1/jsp-api-2.1.jar:/root/.m2/repository/com/sun/jersey/jersey-servlet/1.19/jersey-servlet-1.19.jar:/root/.m2/repository/com/sun/jersey/jersey-json/1.19/jersey-json-1.19.jar:/root/.m2/repository/org/codehaus/jettison/jettison/1.1/jettison-1.1.jar:/root/.m2/repository/org/codehaus/jackson/jackson-core-asl/1.9.13/jackson-core-asl-1.9.13.jar:/root/.m2/repository/org/codehaus/jackson/jackson-mapper-asl/1.9.13/jackson-mapper-asl-1.9.13.jar:/root/.m2/repository/org/codehaus/jackson/jackson-jaxrs/1.9.13/jackson-jaxrs-1.9.13.jar:/root/.m2/repository/org/codehaus/jackson/jackson-xc/1.9.13/jackson-xc-1.9.13.jar:/root/.m2/repository/commons-logging/commons-logging/1.1.3/commons-logging-1.1.3.jar:/root/.m2/repository/commons-beanutils/commons-beanutils/1.9.3/commons-beanutils-1.9.3.jar:/root/.m2/repository/org/apache/commons/commons-configuration2/2.1.1/commons-configuration2-2.1.1.jar:/root/.m2/repository/org/apache/commons/commons-lang3/3.7/commons-lang3-3.7.jar:/root/.m2/repository/org/apache/commons/commons-text/1.4/commons-text-1.4.jar:/root/.m2/repository/org/apache/avro/avro/1.7.7/avro-1.7.7.jar:/root/.m2/repository/com/thoughtworks/paranamer/paranamer/2.3/paranamer-2.3.jar:/root/.m2/repository/org/xerial/snappy/snappy-java/1.0.5/snappy-java-1.0.5.jar:/root/.m2/repository/com/google/re2j/re2j/1.1/re2j-1.1.jar:/root/.m2/repository/com/google/code/gson/gson/2.2.4/gson-2.2.4.jar:/root/.m2/repository/com/jcraft/jsch/0.1.54/jsch-0.1.54.jar:/root/.m2/repository/org/apache/curator/curator-client/2.12.0/curator-client-2.12.0.jar:/root/.m2/repository/org/apache/curator/curator-recipes/2.12.0/curator-recipes-2.12.0.jar:/root/.m2/repository/com/google/code/findbugs/jsr305/3.0.0/jsr305-3.0.0.jar:/root/.m2/repository/org/apache/htrace/htrace-core4/4.1.0-incubating/htrace-core4-4.1.0-incubating.jar:/root/.m2/repository/org/apache/zookeeper/zookeeper/3.4.13/zookeeper-3.4.13.jar:/root/.m2/repository/org/apache/yetus/audience-annotations/0.5.0/audience-annotations-0.5.0.jar:/root/.m2/repository/org/codehaus/woodstox/stax2-api/3.1.4/stax2-api-3.1.4.jar:/root/.m2/repository/com/fasterxml/woodstox/woodstox-core/5.0.3/woodstox-core-5.0.3.jar:/root/.m2/repository/dnsjava/dnsjava/2.1.7/dnsjava-2.1.7.jar:/root/.m2/repository/org/apache/hadoop/hadoop-hdfs/3.2.0/hadoop-hdfs-3.2.0-tests.jar:/root/.m2/repository/org/eclipse/jetty/jetty-util-ajax/9.3.24.v20180605/jetty-util-ajax-9.3.24.v20180605.jar:/root/.m2/repository/commons-daemon/commons-daemon/1.0.13/commons-daemon-1.0.13.jar:/root/.m2/repository/io/netty/netty/3.10.5.Final/netty-3.10.5.Final.jar:/root/.m2/repository/io/netty/netty-all/4.0.52.Final/netty-all-4.0.52.Final.jar:/root/.m2/repository/org/fusesource/leveldbjni/leveldbjni-all/1.8/leveldbjni-all-1.8.jar:"/>
    <property name="java.vm.vendor" value="IcedTea"/>
    <property name="sun.arch.data.model" value="64"/>
    <property name="test.build.dir" value="/opt/src/hadoop-ozone/integration-test/target/test-dir"/>
    <property name="test.cache.data" value=""/>
    <property name="java.vendor.url" value="https://icedtea.classpath.org"/>
    <property name="user.timezone" value=""/>
    <property name="java.vm.specification.version" value="1.8"/>
    <property name="os.name" value="Linux"/>
    <property name="test.build.data" value="/opt/src/hadoop-ozone/integration-test/target/test-dir"/>
    <property name="user.country" value="US"/>
    <property name="sun.java.launcher" value="SUN_STANDARD"/>
    <property name="sun.boot.library.path" value="/usr/lib/jvm/java-1.8-openjdk/jre/lib/amd64"/>
    <property name="sun.java.command" value="/opt/src/hadoop-ozone/integration-test/target/surefire/surefirebooter7981036690424181914.jar /opt/src/hadoop-ozone/integration-test/target/surefire 2019-06-14T08-43-33_483-jvmRun1 surefire5530691385682742016tmp surefire_214236459859580052571tmp"/>
    <property name="surefire.test.class.path" value="/opt/src/hadoop-ozone/integration-test/target/test-classes:/opt/src/hadoop-ozone/integration-test/target/classes:/root/.m2/repository/org/apache/hadoop/hadoop-ozone-common/0.5.0-SNAPSHOT/hadoop-ozone-common-0.5.0-SNAPSHOT.jar:/root/.m2/repository/org/apache/commons/commons-compress/1.4.1/commons-compress-1.4.1.jar:/root/.m2/repository/org/tukaani/xz/1.0/xz-1.0.jar:/root/.m2/repository/org/apache/hadoop/hadoop-common/3.2.0/hadoop-common-3.2.0.jar:/root/.m2/repository/org/apache/hadoop/hadoop-hdfs/3.2.0/hadoop-hdfs-3.2.0.jar:/root/.m2/repository/org/apache/hadoop/hadoop-hdfs-client/3.2.0/hadoop-hdfs-client-3.2.0.jar:/root/.m2/repository/com/fasterxml/jackson/core/jackson-annotations/2.9.5/jackson-annotations-2.9.5.jar:/root/.m2/repository/org/apache/hadoop/hadoop-hdds-common/0.5.0-SNAPSHOT/hadoop-hdds-common-0.5.0-SNAPSHOT.jar:/root/.m2/repository/javax/annotation/javax.annotation-api/1.2/javax.annotation-api-1.2.jar:/root/.m2/repository/org/apache/ratis/ratis-server/0.4.0-fe2b15d-SNAPSHOT/ratis-server-0.4.0-fe2b15d-SNAPSHOT.jar:/root/.m2/repository/org/apache/ratis/ratis-thirdparty-misc/0.2.0/ratis-thirdparty-misc-0.2.0.jar:/root/.m2/repository/org/apache/ratis/ratis-proto/0.4.0-fe2b15d-SNAPSHOT/ratis-proto-0.4.0-fe2b15d-SNAPSHOT.jar:/root/.m2/repository/org/apache/ratis/ratis-common/0.4.0-fe2b15d-SNAPSHOT/ratis-common-0.4.0-fe2b15d-SNAPSHOT.jar:/root/.m2/repository/org/apache/ratis/ratis-client/0.4.0-fe2b15d-SNAPSHOT/ratis-client-0.4.0-fe2b15d-SNAPSHOT.jar:/root/.m2/repository/org/apache/ratis/ratis-netty/0.4.0-fe2b15d-SNAPSHOT/ratis-netty-0.4.0-fe2b15d-SNAPSHOT.jar:/root/.m2/repository/org/apache/ratis/ratis-grpc/0.4.0-fe2b15d-SNAPSHOT/ratis-grpc-0.4.0-fe2b15d-SNAPSHOT.jar:/root/.m2/repository/org/rocksdb/rocksdbjni/5.14.2/rocksdbjni-5.14.2.jar:/root/.m2/repository/org/apache/logging/log4j/log4j-api/2.11.0/log4j-api-2.11.0.jar:/root/.m2/repository/org/apache/logging/log4j/log4j-core/2.11.0/log4j-core-2.11.0.jar:/root/.m2/repository/com/lmax/disruptor/3.4.2/disruptor-3.4.2.jar:/root/.m2/repository/org/apache/commons/commons-pool2/2.6.0/commons-pool2-2.6.0.jar:/root/.m2/repository/org/bouncycastle/bcpkix-jdk15on/1.60/bcpkix-jdk15on-1.60.jar:/root/.m2/repository/commons-validator/commons-validator/1.6/commons-validator-1.6.jar:/root/.m2/repository/commons-digester/commons-digester/1.8.1/commons-digester-1.8.1.jar:/root/.m2/repository/io/jaegertracing/jaeger-client/0.33.1/jaeger-client-0.33.1.jar:/root/.m2/repository/io/jaegertracing/jaeger-thrift/0.33.1/jaeger-thrift-0.33.1.jar:/root/.m2/repository/org/apache/thrift/libthrift/0.11.0/libthrift-0.11.0.jar:/root/.m2/repository/com/squareup/okhttp3/okhttp/3.9.0/okhttp-3.9.0.jar:/root/.m2/repository/com/squareup/okio/okio/1.13.0/okio-1.13.0.jar:/root/.m2/repository/io/jaegertracing/jaeger-core/0.33.1/jaeger-core-0.33.1.jar:/root/.m2/repository/io/jaegertracing/jaeger-tracerresolver/0.33.1/jaeger-tracerresolver-0.33.1.jar:/root/.m2/repository/io/opentracing/contrib/opentracing-tracerresolver/0.1.5/opentracing-tracerresolver-0.1.5.jar:/root/.m2/repository/io/opentracing/opentracing-util/0.31.0/opentracing-util-0.31.0.jar:/root/.m2/repository/io/opentracing/opentracing-api/0.31.0/opentracing-api-0.31.0.jar:/root/.m2/repository/io/opentracing/opentracing-noop/0.31.0/opentracing-noop-0.31.0.jar:/root/.m2/repository/org/apache/hadoop/hadoop-hdds-server-framework/0.5.0-SNAPSHOT/hadoop-hdds-server-framework-0.5.0-SNAPSHOT.jar:/root/.m2/repository/org/apache/hadoop/hadoop-hdds-server-scm/0.5.0-SNAPSHOT/hadoop-hdds-server-scm-0.5.0-SNAPSHOT.jar:/root/.m2/repository/org/apache/hadoop/hadoop-hdds-container-service/0.5.0-SNAPSHOT/hadoop-hdds-container-service-0.5.0-SNAPSHOT.jar:/root/.m2/repository/org/apache/hadoop/hadoop-hdds-client/0.5.0-SNAPSHOT/hadoop-hdds-client-0.5.0-SNAPSHOT.jar:/root/.m2/repository/org/apache/hadoop/hadoop-hdds-tools/0.5.0-SNAPSHOT/hadoop-hdds-tools-0.5.0-SNAPSHOT.jar:/root/.m2/repository/org/apache/hadoop/hadoop-ozone-ozone-manager/0.5.0-SNAPSHOT/hadoop-ozone-ozone-manager-0.5.0-SNAPSHOT.jar:/root/.m2/repository/org/apache/hadoop/hadoop-hdds-docs/0.5.0-SNAPSHOT/hadoop-hdds-docs-0.5.0-SNAPSHOT.jar:/root/.m2/repository/org/bouncycastle/bcprov-jdk15on/1.60/bcprov-jdk15on-1.60.jar:/root/.m2/repository/org/apache/hadoop/hadoop-minikdc/3.2.0/hadoop-minikdc-3.2.0.jar:/root/.m2/repository/commons-io/commons-io/2.5/commons-io-2.5.jar:/root/.m2/repository/org/apache/kerby/kerb-simplekdc/1.0.1/kerb-simplekdc-1.0.1.jar:/root/.m2/repository/org/apache/kerby/kerb-client/1.0.1/kerb-client-1.0.1.jar:/root/.m2/repository/org/apache/kerby/kerby-config/1.0.1/kerby-config-1.0.1.jar:/root/.m2/repository/org/apache/kerby/kerb-core/1.0.1/kerb-core-1.0.1.jar:/root/.m2/repository/org/apache/kerby/kerby-pkix/1.0.1/kerby-pkix-1.0.1.jar:/root/.m2/repository/org/apache/kerby/kerby-asn1/1.0.1/kerby-asn1-1.0.1.jar:/root/.m2/repository/org/apache/kerby/kerby-util/1.0.1/kerby-util-1.0.1.jar:/root/.m2/repository/org/apache/kerby/kerb-common/1.0.1/kerb-common-1.0.1.jar:/root/.m2/repository/org/apache/kerby/kerb-crypto/1.0.1/kerb-crypto-1.0.1.jar:/root/.m2/repository/org/apache/kerby/kerb-util/1.0.1/kerb-util-1.0.1.jar:/root/.m2/repository/org/apache/kerby/token-provider/1.0.1/token-provider-1.0.1.jar:/root/.m2/repository/org/apache/kerby/kerb-admin/1.0.1/kerb-admin-1.0.1.jar:/root/.m2/repository/org/apache/kerby/kerb-server/1.0.1/kerb-server-1.0.1.jar:/root/.m2/repository/org/apache/kerby/kerb-identity/1.0.1/kerb-identity-1.0.1.jar:/root/.m2/repository/org/apache/kerby/kerby-xdr/1.0.1/kerby-xdr-1.0.1.jar:/root/.m2/repository/org/slf4j/slf4j-log4j12/1.7.25/slf4j-log4j12-1.7.25.jar:/root/.m2/repository/org/apache/hadoop/hadoop-ozone-objectstore-service/0.5.0-SNAPSHOT/hadoop-ozone-objectstore-service-0.5.0-SNAPSHOT.jar:/root/.m2/repository/org/apache/hadoop/hadoop-ozone-s3gateway/0.5.0-SNAPSHOT/hadoop-ozone-s3gateway-0.5.0-SNAPSHOT.jar:/root/.m2/repository/org/jboss/weld/servlet/weld-servlet/2.4.7.Final/weld-servlet-2.4.7.Final.jar:/root/.m2/repository/org/glassfish/jersey/containers/jersey-container-servlet-core/2.27/jersey-container-servlet-core-2.27.jar:/root/.m2/repository/org/glassfish/hk2/external/javax.inject/2.5.0-b42/javax.inject-2.5.0-b42.jar:/root/.m2/repository/org/glassfish/jersey/core/jersey-common/2.27/jersey-common-2.27.jar:/root/.m2/repository/org/glassfish/hk2/osgi-resource-locator/1.0.1/osgi-resource-locator-1.0.1.jar:/root/.m2/repository/javax/ws/rs/javax.ws.rs-api/2.1/javax.ws.rs-api-2.1.jar:/root/.m2/repository/org/glassfish/jersey/ext/cdi/jersey-cdi1x/2.27/jersey-cdi1x-2.27.jar:/root/.m2/repository/org/glassfish/jersey/inject/jersey-hk2/2.27/jersey-hk2-2.27.jar:/root/.m2/repository/org/glassfish/hk2/hk2-locator/2.5.0-b42/hk2-locator-2.5.0-b42.jar:/root/.m2/repository/org/javassist/javassist/3.22.0-CR2/javassist-3.22.0-CR2.jar:/root/.m2/repository/org/glassfish/hk2/hk2-api/2.5.0/hk2-api-2.5.0.jar:/root/.m2/repository/org/glassfish/hk2/external/jakarta.inject/2.5.0/jakarta.inject-2.5.0.jar:/root/.m2/repository/org/glassfish/hk2/hk2-utils/2.5.0/hk2-utils-2.5.0.jar:/root/.m2/repository/jakarta/annotation/jakarta.annotation-api/1.3.4/jakarta.annotation-api-1.3.4.jar:/root/.m2/repository/org/glassfish/hk2/external/aopalliance-repackaged/2.5.0/aopalliance-repackaged-2.5.0.jar:/root/.m2/repository/com/fasterxml/jackson/dataformat/jackson-dataformat-xml/2.9.0/jackson-dataformat-xml-2.9.0.jar:/root/.m2/repository/com/fasterxml/jackson/core/jackson-core/2.9.5/jackson-core-2.9.5.jar:/root/.m2/repository/com/fasterxml/jackson/module/jackson-module-jaxb-annotations/2.9.5/jackson-module-jaxb-annotations-2.9.5.jar:/root/.m2/repository/javax/enterprise/cdi-api/1.2/cdi-api-1.2.jar:/root/.m2/repository/javax/el/javax.el-api/3.0.0/javax.el-api-3.0.0.jar:/root/.m2/repository/javax/interceptor/javax.interceptor-api/1.2/javax.interceptor-api-1.2.jar:/root/.m2/repository/javax/inject/javax.inject/1/javax.inject-1.jar:/root/.m2/repository/com/sun/xml/bind/jaxb-impl/2.3.0.1/jaxb-impl-2.3.0.1.jar:/root/.m2/repository/com/sun/xml/bind/jaxb-core/2.3.0.1/jaxb-core-2.3.0.1.jar:/root/.m2/repository/javax/xml/bind/jaxb-api/2.3.0/jaxb-api-2.3.0.jar:/root/.m2/repository/javax/activation/activation/1.1.1/activation-1.1.1.jar:/root/.m2/repository/org/apache/hadoop/hadoop-ozone-csi/0.5.0-SNAPSHOT/hadoop-ozone-csi-0.5.0-SNAPSHOT.jar:/root/.m2/repository/com/google/protobuf/protobuf-java-util/3.5.1/protobuf-java-util-3.5.1.jar:/root/.m2/repository/org/apache/hadoop/hadoop-hdds-config/0.5.0-SNAPSHOT/hadoop-hdds-config-0.5.0-SNAPSHOT.jar:/root/.m2/repository/com/google/guava/guava/11.0.2/guava-11.0.2.jar:/root/.m2/repository/com/google/protobuf/protobuf-java/2.5.0/protobuf-java-2.5.0.jar:/root/.m2/repository/io/grpc/grpc-netty/1.17.1/grpc-netty-1.17.1.jar:/root/.m2/repository/io/grpc/grpc-core/1.17.1/grpc-core-1.17.1.jar:/root/.m2/repository/io/grpc/grpc-context/1.17.1/grpc-context-1.17.1.jar:/root/.m2/repository/com/google/errorprone/error_prone_annotations/2.2.0/error_prone_annotations-2.2.0.jar:/root/.m2/repository/org/codehaus/mojo/animal-sniffer-annotations/1.17/animal-sniffer-annotations-1.17.jar:/root/.m2/repository/io/opencensus/opencensus-api/0.17.0/opencensus-api-0.17.0.jar:/root/.m2/repository/io/opencensus/opencensus-contrib-grpc-metrics/0.17.0/opencensus-contrib-grpc-metrics-0.17.0.jar:/root/.m2/repository/io/netty/netty-codec-http2/4.1.30.Final/netty-codec-http2-4.1.30.Final.jar:/root/.m2/repository/io/netty/netty-codec-http/4.1.30.Final/netty-codec-http-4.1.30.Final.jar:/root/.m2/repository/io/netty/netty-codec/4.1.30.Final/netty-codec-4.1.30.Final.jar:/root/.m2/repository/io/netty/netty-handler/4.1.30.Final/netty-handler-4.1.30.Final.jar:/root/.m2/repository/io/netty/netty-handler-proxy/4.1.30.Final/netty-handler-proxy-4.1.30.Final.jar:/root/.m2/repository/io/netty/netty-codec-socks/4.1.30.Final/netty-codec-socks-4.1.30.Final.jar:/root/.m2/repository/io/netty/netty-transport-native-epoll/4.1.30.Final/netty-transport-native-epoll-4.1.30.Final.jar:/root/.m2/repository/io/netty/netty-common/4.1.30.Final/netty-common-4.1.30.Final.jar:/root/.m2/repository/io/netty/netty-buffer/4.1.30.Final/netty-buffer-4.1.30.Final.jar:/root/.m2/repository/io/netty/netty-transport/4.1.30.Final/netty-transport-4.1.30.Final.jar:/root/.m2/repository/io/netty/netty-resolver/4.1.30.Final/netty-resolver-4.1.30.Final.jar:/root/.m2/repository/io/netty/netty-transport-native-unix-common/4.1.30.Final/netty-transport-native-unix-common-4.1.30.Final.jar:/root/.m2/repository/io/grpc/grpc-protobuf/1.17.1/grpc-protobuf-1.17.1.jar:/root/.m2/repository/com/google/api/grpc/proto-google-common-protos/1.0.0/proto-google-common-protos-1.0.0.jar:/root/.m2/repository/io/grpc/grpc-protobuf-lite/1.17.1/grpc-protobuf-lite-1.17.1.jar:/root/.m2/repository/io/grpc/grpc-stub/1.17.1/grpc-stub-1.17.1.jar:/root/.m2/repository/org/apache/hadoop/hadoop-ozone-recon/0.5.0-SNAPSHOT/hadoop-ozone-recon-0.5.0-SNAPSHOT.jar:/root/.m2/repository/org/apache/hadoop/hadoop-ozone-reconcodegen/0.5.0-SNAPSHOT/hadoop-ozone-reconcodegen-0.5.0-SNAPSHOT.jar:/root/.m2/repository/com/google/inject/extensions/guice-multibindings/4.0/guice-multibindings-4.0.jar:/root/.m2/repository/com/google/inject/guice/4.0/guice-4.0.jar:/root/.m2/repository/aopalliance/aopalliance/1.0/aopalliance-1.0.jar:/root/.m2/repository/com/google/inject/extensions/guice-servlet/4.0/guice-servlet-4.0.jar:/root/.m2/repository/org/glassfish/jersey/containers/jersey-container-servlet/2.27/jersey-container-servlet-2.27.jar:/root/.m2/repository/org/glassfish/hk2/guice-bridge/2.5.0/guice-bridge-2.5.0.jar:/root/.m2/repository/org/glassfish/jersey/core/jersey-server/2.27/jersey-server-2.27.jar:/root/.m2/repository/org/glassfish/jersey/core/jersey-client/2.27/jersey-client-2.27.jar:/root/.m2/repository/org/glassfish/jersey/media/jersey-media-jaxb/2.27/jersey-media-jaxb-2.27.jar:/root/.m2/repository/javax/validation/validation-api/1.1.0.Final/validation-api-1.1.0.Final.jar:/root/.m2/repository/org/glassfish/jersey/media/jersey-media-json-jackson/2.27/jersey-media-json-jackson-2.27.jar:/root/.m2/repository/org/glassfish/jersey/ext/jersey-entity-filtering/2.27/jersey-entity-filtering-2.27.jar:/root/.m2/repository/com/google/inject/extensions/guice-assistedinject/4.0/guice-assistedinject-4.0.jar:/root/.m2/repository/org/jooq/jooq/3.11.10/jooq-3.11.10.jar:/root/.m2/repository/org/jooq/jooq-meta/3.11.10/jooq-meta-3.11.10.jar:/root/.m2/repository/org/jooq/jooq-codegen/3.11.10/jooq-codegen-3.11.10.jar:/root/.m2/repository/com/jolbox/bonecp/0.8.0.RELEASE/bonecp-0.8.0.RELEASE.jar:/root/.m2/repository/org/xerial/sqlite-jdbc/3.25.2/sqlite-jdbc-3.25.2.jar:/root/.m2/repository/org/springframework/spring-jdbc/5.1.3.RELEASE/spring-jdbc-5.1.3.RELEASE.jar:/root/.m2/repository/org/springframework/spring-beans/5.1.3.RELEASE/spring-beans-5.1.3.RELEASE.jar:/root/.m2/repository/org/springframework/spring-core/5.1.3.RELEASE/spring-core-5.1.3.RELEASE.jar:/root/.m2/repository/org/springframework/spring-jcl/5.1.3.RELEASE/spring-jcl-5.1.3.RELEASE.jar:/root/.m2/repository/org/springframework/spring-tx/5.1.3.RELEASE/spring-tx-5.1.3.RELEASE.jar:/root/.m2/repository/org/apache/hadoop/hadoop-ozone-client/0.5.0-SNAPSHOT/hadoop-ozone-client-0.5.0-SNAPSHOT.jar:/root/.m2/repository/org/apache/hadoop/hadoop-ozone-ozone-manager/0.5.0-SNAPSHOT/hadoop-ozone-ozone-manager-0.5.0-SNAPSHOT-tests.jar:/root/.m2/repository/junit/junit/4.11/junit-4.11.jar:/root/.m2/repository/org/hamcrest/hamcrest-core/1.3/hamcrest-core-1.3.jar:/root/.m2/repository/org/openjdk/jmh/jmh-core/1.19/jmh-core-1.19.jar:/root/.m2/repository/net/sf/jopt-simple/jopt-simple/4.6/jopt-simple-4.6.jar:/root/.m2/repository/org/apache/commons/commons-math3/3.1.1/commons-math3-3.1.1.jar:/root/.m2/repository/org/openjdk/jmh/jmh-generator-annprocess/1.19/jmh-generator-annprocess-1.19.jar:/root/.m2/repository/org/mockito/mockito-all/1.8.5/mockito-all-1.8.5.jar:/root/.m2/repository/org/apache/hadoop/hadoop-kms/3.2.0/hadoop-kms-3.2.0.jar:/root/.m2/repository/org/apache/hadoop/hadoop-auth/3.2.0/hadoop-auth-3.2.0.jar:/root/.m2/repository/com/nimbusds/nimbus-jose-jwt/4.41.1/nimbus-jose-jwt-4.41.1.jar:/root/.m2/repository/com/github/stephenc/jcip/jcip-annotations/1.0-1/jcip-annotations-1.0-1.jar:/root/.m2/repository/net/minidev/json-smart/2.3/json-smart-2.3.jar:/root/.m2/repository/net/minidev/accessors-smart/1.2/accessors-smart-1.2.jar:/root/.m2/repository/org/ow2/asm/asm/5.0.4/asm-5.0.4.jar:/root/.m2/repository/org/apache/curator/curator-framework/2.12.0/curator-framework-2.12.0.jar:/root/.m2/repository/com/sun/jersey/jersey-core/1.19/jersey-core-1.19.jar:/root/.m2/repository/javax/ws/rs/jsr311-api/1.1.1/jsr311-api-1.1.1.jar:/root/.m2/repository/com/sun/jersey/jersey-server/1.19/jersey-server-1.19.jar:/root/.m2/repository/javax/servlet/javax.servlet-api/3.1.0/javax.servlet-api-3.1.0.jar:/root/.m2/repository/org/eclipse/jetty/jetty-server/9.3.24.v20180605/jetty-server-9.3.24.v20180605.jar:/root/.m2/repository/org/eclipse/jetty/jetty-http/9.3.24.v20180605/jetty-http-9.3.24.v20180605.jar:/root/.m2/repository/org/eclipse/jetty/jetty-io/9.3.24.v20180605/jetty-io-9.3.24.v20180605.jar:/root/.m2/repository/org/eclipse/jetty/jetty-webapp/9.3.24.v20180605/jetty-webapp-9.3.24.v20180605.jar:/root/.m2/repository/org/eclipse/jetty/jetty-xml/9.3.24.v20180605/jetty-xml-9.3.24.v20180605.jar:/root/.m2/repository/log4j/log4j/1.2.17/log4j-1.2.17.jar:/root/.m2/repository/org/slf4j/slf4j-api/1.7.25/slf4j-api-1.7.25.jar:/root/.m2/repository/org/slf4j/jul-to-slf4j/1.7.25/jul-to-slf4j-1.7.25.jar:/root/.m2/repository/org/eclipse/jetty/jetty-util/9.3.24.v20180605/jetty-util-9.3.24.v20180605.jar:/root/.m2/repository/io/dropwizard/metrics/metrics-core/3.2.4/metrics-core-3.2.4.jar:/root/.m2/repository/com/fasterxml/jackson/core/jackson-databind/2.9.5/jackson-databind-2.9.5.jar:/root/.m2/repository/org/apache/hadoop/hadoop-kms/3.2.0/hadoop-kms-3.2.0-tests.jar:/root/.m2/repository/org/apache/hadoop/hadoop-hdds-server-scm/0.5.0-SNAPSHOT/hadoop-hdds-server-scm-0.5.0-SNAPSHOT-tests.jar:/root/.m2/repository/org/hamcrest/hamcrest-all/1.3/hamcrest-all-1.3.jar:/root/.m2/repository/info/picocli/picocli/3.9.6/picocli-3.9.6.jar:/root/.m2/repository/org/apache/hadoop/hadoop-hdds-container-service/0.5.0-SNAPSHOT/hadoop-hdds-container-service-0.5.0-SNAPSHOT-tests.jar:/root/.m2/repository/org/yaml/snakeyaml/1.16/snakeyaml-1.16.jar:/root/.m2/repository/org/apache/hadoop/hadoop-common/3.2.0/hadoop-common-3.2.0-tests.jar:/root/.m2/repository/org/apache/hadoop/hadoop-annotations/3.2.0/hadoop-annotations-3.2.0.jar:/usr/lib/jvm/java-1.8-openjdk/jre/../lib/tools.jar:/root/.m2/repository/commons-cli/commons-cli/1.2/commons-cli-1.2.jar:/root/.m2/repository/org/apache/httpcomponents/httpclient/4.5.2/httpclient-4.5.2.jar:/root/.m2/repository/org/apache/httpcomponents/httpcore/4.4.4/httpcore-4.4.4.jar:/root/.m2/repository/commons-codec/commons-codec/1.11/commons-codec-1.11.jar:/root/.m2/repository/commons-net/commons-net/3.6/commons-net-3.6.jar:/root/.m2/repository/commons-collections/commons-collections/3.2.2/commons-collections-3.2.2.jar:/root/.m2/repository/org/eclipse/jetty/jetty-servlet/9.3.24.v20180605/jetty-servlet-9.3.24.v20180605.jar:/root/.m2/repository/org/eclipse/jetty/jetty-security/9.3.24.v20180605/jetty-security-9.3.24.v20180605.jar:/root/.m2/repository/javax/servlet/jsp/jsp-api/2.1/jsp-api-2.1.jar:/root/.m2/repository/com/sun/jersey/jersey-servlet/1.19/jersey-servlet-1.19.jar:/root/.m2/repository/com/sun/jersey/jersey-json/1.19/jersey-json-1.19.jar:/root/.m2/repository/org/codehaus/jettison/jettison/1.1/jettison-1.1.jar:/root/.m2/repository/org/codehaus/jackson/jackson-core-asl/1.9.13/jackson-core-asl-1.9.13.jar:/root/.m2/repository/org/codehaus/jackson/jackson-mapper-asl/1.9.13/jackson-mapper-asl-1.9.13.jar:/root/.m2/repository/org/codehaus/jackson/jackson-jaxrs/1.9.13/jackson-jaxrs-1.9.13.jar:/root/.m2/repository/org/codehaus/jackson/jackson-xc/1.9.13/jackson-xc-1.9.13.jar:/root/.m2/repository/commons-logging/commons-logging/1.1.3/commons-logging-1.1.3.jar:/root/.m2/repository/commons-beanutils/commons-beanutils/1.9.3/commons-beanutils-1.9.3.jar:/root/.m2/repository/org/apache/commons/commons-configuration2/2.1.1/commons-configuration2-2.1.1.jar:/root/.m2/repository/org/apache/commons/commons-lang3/3.7/commons-lang3-3.7.jar:/root/.m2/repository/org/apache/commons/commons-text/1.4/commons-text-1.4.jar:/root/.m2/repository/org/apache/avro/avro/1.7.7/avro-1.7.7.jar:/root/.m2/repository/com/thoughtworks/paranamer/paranamer/2.3/paranamer-2.3.jar:/root/.m2/repository/org/xerial/snappy/snappy-java/1.0.5/snappy-java-1.0.5.jar:/root/.m2/repository/com/google/re2j/re2j/1.1/re2j-1.1.jar:/root/.m2/repository/com/google/code/gson/gson/2.2.4/gson-2.2.4.jar:/root/.m2/repository/com/jcraft/jsch/0.1.54/jsch-0.1.54.jar:/root/.m2/repository/org/apache/curator/curator-client/2.12.0/curator-client-2.12.0.jar:/root/.m2/repository/org/apache/curator/curator-recipes/2.12.0/curator-recipes-2.12.0.jar:/root/.m2/repository/com/google/code/findbugs/jsr305/3.0.0/jsr305-3.0.0.jar:/root/.m2/repository/org/apache/htrace/htrace-core4/4.1.0-incubating/htrace-core4-4.1.0-incubating.jar:/root/.m2/repository/org/apache/zookeeper/zookeeper/3.4.13/zookeeper-3.4.13.jar:/root/.m2/repository/org/apache/yetus/audience-annotations/0.5.0/audience-annotations-0.5.0.jar:/root/.m2/repository/org/codehaus/woodstox/stax2-api/3.1.4/stax2-api-3.1.4.jar:/root/.m2/repository/com/fasterxml/woodstox/woodstox-core/5.0.3/woodstox-core-5.0.3.jar:/root/.m2/repository/dnsjava/dnsjava/2.1.7/dnsjava-2.1.7.jar:/root/.m2/repository/org/apache/hadoop/hadoop-hdfs/3.2.0/hadoop-hdfs-3.2.0-tests.jar:/root/.m2/repository/org/eclipse/jetty/jetty-util-ajax/9.3.24.v20180605/jetty-util-ajax-9.3.24.v20180605.jar:/root/.m2/repository/commons-daemon/commons-daemon/1.0.13/commons-daemon-1.0.13.jar:/root/.m2/repository/io/netty/netty/3.10.5.Final/netty-3.10.5.Final.jar:/root/.m2/repository/io/netty/netty-all/4.0.52.Final/netty-all-4.0.52.Final.jar:/root/.m2/repository/org/fusesource/leveldbjni/leveldbjni-all/1.8/leveldbjni-all-1.8.jar:"/>
    <property name="sun.cpu.endian" value="little"/>
    <property name="user.home" value="/root"/>
    <property name="user.language" value="en"/>
    <property name="java.specification.vendor" value="Oracle Corporation"/>
    <property name="java.home" value="/usr/lib/jvm/java-1.8-openjdk/jre"/>
    <property name="java.security.krb5.conf" value="/opt/src/hadoop-ozone/integration-test/target/test-classes/krb5.conf"/>
    <property name="basedir" value="/opt/src/hadoop-ozone/integration-test"/>
    <property name="file.separator" value="/"/>
    <property name="line.separator" value="&#10;"/>
    <property name="java.vm.specification.vendor" value="Oracle Corporation"/>
    <property name="java.specification.name" value="Java Platform API Specification"/>
    <property name="java.awt.graphicsenv" value="sun.awt.X11GraphicsEnvironment"/>
    <property name="surefire.real.class.path" value="/opt/src/hadoop-ozone/integration-test/target/surefire/surefirebooter7981036690424181914.jar"/>
    <property name="hadoop.log.dir" value="/opt/src/hadoop-ozone/integration-test/target/log"/>
    <property name="sun.boot.class.path" value="/usr/lib/jvm/java-1.8-openjdk/jre/lib/resources.jar:/usr/lib/jvm/java-1.8-openjdk/jre/lib/rt.jar:/usr/lib/jvm/java-1.8-openjdk/jre/lib/sunrsasign.jar:/usr/lib/jvm/java-1.8-openjdk/jre/lib/jsse.jar:/usr/lib/jvm/java-1.8-openjdk/jre/lib/jce.jar:/usr/lib/jvm/java-1.8-openjdk/jre/lib/charsets.jar:/usr/lib/jvm/java-1.8-openjdk/jre/lib/jfr.jar:/usr/lib/jvm/java-1.8-openjdk/jre/classes"/>
    <property name="sun.management.compiler" value="HotSpot 64-Bit Tiered Compilers"/>
    <property name="java.runtime.version" value="1.8.0_212-b04"/>
    <property name="java.net.preferIPv4Stack" value="true"/>
    <property name="user.name" value="root"/>
    <property name="path.separator" value=":"/>
    <property name="java.security.egd" value="file:///dev/urandom"/>
    <property name="os.version" value="4.15.0-1021-aws"/>
    <property name="java.endorsed.dirs" value="/usr/lib/jvm/java-1.8-openjdk/jre/lib/endorsed"/>
    <property name="java.runtime.name" value="OpenJDK Runtime Environment"/>
    <property name="file.encoding" value="UTF-8"/>
    <property name="java.vm.name" value="OpenJDK 64-Bit Server VM"/>
    <property name="test.build.webapps" value=""/>
    <property name="localRepository" value="/root/.m2/repository"/>
    <property name="java.vendor.url.bug" value="https://icedtea.classpath.org/bugzilla"/>
    <property name="java.io.tmpdir" value="/tmp"/>
    <property name="require.test.libhadoop" value=""/>
    <property name="java.version" value="1.8.0_212"/>
    <property name="user.dir" value="/opt/src/hadoop-ozone/integration-test"/>
    <property name="os.arch" value="amd64"/>
    <property name="java.vm.specification.name" value="Java Virtual Machine Specification"/>
    <property name="test.build.classes" value="/opt/src/hadoop-ozone/integration-test/target/test-classes"/>
    <property name="java.awt.printerjob" value="sun.print.PSPrinterJob"/>
    <property name="sun.os.patch.level" value="unknown"/>
    <property name="hadoop.tmp.dir" value="/opt/src/hadoop-ozone/integration-test/target/tmp"/>
    <property name="java.library.path" value="/usr/lib/jvm/java-1.8-openjdk/jre/lib/amd64/server:/usr/lib/jvm/java-1.8-openjdk/jre/lib/amd64:/usr/lib/jvm/java-1.8-openjdk/jre/../lib/amd64:/opt/src/hadoop-ozone/integration-test/target/native/target/usr/local/lib:/opt/src/hadoop-ozone/integration-test/../../hadoop-common-project/hadoop-common/target/native/target/usr/local/lib:/usr/java/packages/lib/amd64:/usr/lib64:/lib64:/lib:/usr/lib"/>
    <property name="java.vm.info" value="mixed mode"/>
    <property name="java.vendor" value="IcedTea"/>
    <property name="java.vm.version" value="25.212-b04"/>
    <property name="java.ext.dirs" value="/usr/lib/jvm/java-1.8-openjdk/jre/lib/ext:/usr/java/packages/lib/ext"/>
    <property name="sun.io.unicode.encoding" value="UnicodeLittle"/>
    <property name="java.class.version" value="52.0"/>
  </properties>
  <testcase name="testWatchForCommitWithKeyWrite" classname="org.apache.hadoop.ozone.client.rpc.TestWatchForCommit" time="19.249"/>
  <testcase name="testWatchForCommitWithSmallerTimeoutValue" classname="org.apache.hadoop.ozone.client.rpc.TestWatchForCommit" time="12.886"/>
  <testcase name="testWatchForCommitForRetryfailure" classname="org.apache.hadoop.ozone.client.rpc.TestWatchForCommit" time="46.68">
    <failure type="java.lang.AssertionError">java.lang.AssertionError
	at org.junit.Assert.fail(Assert.java:86)
	at org.junit.Assert.assertTrue(Assert.java:41)
	at org.junit.Assert.assertTrue(Assert.java:52)
	at org.apache.hadoop.ozone.client.rpc.TestWatchForCommit.testWatchForCommitForRetryfailure(TestWatchForCommit.java:350)
	at sun.reflect.NativeMethodAccessorImpl.invoke0(Native Method)
	at sun.reflect.NativeMethodAccessorImpl.invoke(NativeMethodAccessorImpl.java:62)
	at sun.reflect.DelegatingMethodAccessorImpl.invoke(DelegatingMethodAccessorImpl.java:43)
	at java.lang.reflect.Method.invoke(Method.java:498)
	at org.junit.runners.model.FrameworkMethod$1.runReflectiveCall(FrameworkMethod.java:47)
	at org.junit.internal.runners.model.ReflectiveCallable.run(ReflectiveCallable.java:12)
	at org.junit.runners.model.FrameworkMethod.invokeExplosively(FrameworkMethod.java:44)
	at org.junit.internal.runners.statements.InvokeMethod.evaluate(InvokeMethod.java:17)
	at org.junit.runners.ParentRunner.runLeaf(ParentRunner.java:271)
	at org.junit.runners.BlockJUnit4ClassRunner.runChild(BlockJUnit4ClassRunner.java:70)
	at org.junit.runners.BlockJUnit4ClassRunner.runChild(BlockJUnit4ClassRunner.java:50)
	at org.junit.runners.ParentRunner$3.run(ParentRunner.java:238)
	at org.junit.runners.ParentRunner$1.schedule(ParentRunner.java:63)
	at org.junit.runners.ParentRunner.runChildren(ParentRunner.java:236)
	at org.junit.runners.ParentRunner.access$000(ParentRunner.java:53)
	at org.junit.runners.ParentRunner$2.evaluate(ParentRunner.java:229)
	at org.junit.runners.ParentRunner.run(ParentRunner.java:309)
	at org.apache.maven.surefire.junit4.JUnit4Provider.execute(JUnit4Provider.java:365)
	at org.apache.maven.surefire.junit4.JUnit4Provider.executeWithRerun(JUnit4Provider.java:273)
	at org.apache.maven.surefire.junit4.JUnit4Provider.executeTestSet(JUnit4Provider.java:238)
	at org.apache.maven.surefire.junit4.JUnit4Provider.invoke(JUnit4Provider.java:159)
	at org.apache.maven.surefire.booter.ForkedBooter.invokeProviderInSameClassLoader(ForkedBooter.java:384)
	at org.apache.maven.surefire.booter.ForkedBooter.runSuitesInProcess(ForkedBooter.java:345)
	at org.apache.maven.surefire.booter.ForkedBooter.execute(ForkedBooter.java:126)
	at org.apache.maven.surefire.booter.ForkedBooter.main(ForkedBooter.java:418)
</failure>
    <system-out><![CDATA[2019-06-14 09:03:43,008 WARN  server.ServerUtils (ServerUtils.java:getScmDbDir(145)) - ozone.scm.db.dirs is not configured. We recommend adding this setting. Falling back to ozone.metadata.dirs instead.
2019-06-14 09:03:43,011 WARN  server.ServerUtils (ServerUtils.java:getScmDbDir(145)) - ozone.scm.db.dirs is not configured. We recommend adding this setting. Falling back to ozone.metadata.dirs instead.
2019-06-14 09:03:43,012 WARN  server.ServerUtils (ServerUtils.java:getScmDbDir(145)) - ozone.scm.db.dirs is not configured. We recommend adding this setting. Falling back to ozone.metadata.dirs instead.
2019-06-14 09:03:43,012 INFO  db.DBStoreBuilder (DBStoreBuilder.java:addTable(110)) - using custom profile for table: deletedBlocks
2019-06-14 09:03:43,012 INFO  db.DBStoreBuilder (DBStoreBuilder.java:processTables(161)) - Using default column profile:DBProfile.DISK for Table:deletedBlocks
2019-06-14 09:03:43,012 INFO  db.DBStoreBuilder (DBStoreBuilder.java:addTable(110)) - using custom profile for table: validCerts
2019-06-14 09:03:43,013 INFO  db.DBStoreBuilder (DBStoreBuilder.java:processTables(161)) - Using default column profile:DBProfile.DISK for Table:validCerts
2019-06-14 09:03:43,013 INFO  db.DBStoreBuilder (DBStoreBuilder.java:addTable(110)) - using custom profile for table: revokedCerts
2019-06-14 09:03:43,013 INFO  db.DBStoreBuilder (DBStoreBuilder.java:processTables(161)) - Using default column profile:DBProfile.DISK for Table:revokedCerts
2019-06-14 09:03:43,013 INFO  db.DBStoreBuilder (DBStoreBuilder.java:addTable(110)) - using custom profile for table: default
2019-06-14 09:03:43,013 INFO  db.DBStoreBuilder (DBStoreBuilder.java:processTables(167)) - Using default column profile:DBProfile.DISK for Table:default
2019-06-14 09:03:43,013 INFO  db.DBStoreBuilder (DBStoreBuilder.java:getDbProfile(198)) - Using default options. DBProfile.DISK
2019-06-14 09:03:43,051 WARN  server.ServerUtils (ServerUtils.java:sanitizeUserArgs(70)) - ozone.scm.stale.node.interval value = 300000 is larger than max = 100000 based on the key value of ozone.scm.heartbeat.thread.interval, reset to the max value 100000.
2019-06-14 09:03:43,051 WARN  server.ServerUtils (ServerUtils.java:sanitizeUserArgs(70)) - ozone.scm.stale.node.interval value = 300000 is larger than max = 100000 based on the key value of ozone.scm.heartbeat.thread.interval, reset to the max value 100000.
2019-06-14 09:03:43,052 INFO  node.SCMNodeManager (SCMNodeManager.java:<init>(108)) - Entering startup safe mode.
2019-06-14 09:03:43,052 INFO  net.NodeSchemaLoader (NodeSchemaLoader.java:loadSchemaFromFile(125)) - Loading file from sun.misc.CompoundEnumeration@729d6ee2
2019-06-14 09:03:43,053 INFO  net.NodeSchemaLoader (NodeSchemaLoader.java:loadSchema(171)) - Loading network topology layer schema file
2019-06-14 09:03:43,055 WARN  server.ServerUtils (ServerUtils.java:getScmDbDir(145)) - ozone.scm.db.dirs is not configured. We recommend adding this setting. Falling back to ozone.metadata.dirs instead.
2019-06-14 09:03:43,067 INFO  pipeline.SCMPipelineManager (SCMPipelineManager.java:initializePipelineState(126)) - No pipeline exists in current db
2019-06-14 09:03:43,067 WARN  server.ServerUtils (ServerUtils.java:getScmDbDir(145)) - ozone.scm.db.dirs is not configured. We recommend adding this setting. Falling back to ozone.metadata.dirs instead.
2019-06-14 09:03:43,088 WARN  events.EventQueue (EventQueue.java:fireEvent(175)) - No event handler registered for event TypedEvent{payloadType=SafeModeStatus, name='SafeModeStatus'}
2019-06-14 09:03:43,088 INFO  ipc.CallQueueManager (CallQueueManager.java:<init>(84)) - Using callQueue: class java.util.concurrent.LinkedBlockingQueue, queueCapacity: 2000, scheduler: class org.apache.hadoop.ipc.DefaultRpcScheduler, ipcBackoff: false.
2019-06-14 09:03:43,089 INFO  ipc.Server (Server.java:run(1074)) - Starting Socket Reader #1 for port 32811
2019-06-14 09:03:43,091 INFO  ipc.CallQueueManager (CallQueueManager.java:<init>(84)) - Using callQueue: class java.util.concurrent.LinkedBlockingQueue, queueCapacity: 2000, scheduler: class org.apache.hadoop.ipc.DefaultRpcScheduler, ipcBackoff: false.
2019-06-14 09:03:43,091 INFO  ipc.Server (Server.java:run(1074)) - Starting Socket Reader #1 for port 37905
2019-06-14 09:03:43,093 INFO  ipc.CallQueueManager (CallQueueManager.java:<init>(84)) - Using callQueue: class java.util.concurrent.LinkedBlockingQueue, queueCapacity: 2000, scheduler: class org.apache.hadoop.ipc.DefaultRpcScheduler, ipcBackoff: false.
2019-06-14 09:03:43,096 INFO  ipc.Server (Server.java:run(1074)) - Starting Socket Reader #1 for port 43901
2019-06-14 09:03:43,098 INFO  hdfs.DFSUtil (DFSUtil.java:httpServerTemplateForNNAndJN(1641)) - Starting Web-server for scm at: http://0.0.0.0:0
2019-06-14 09:03:43,099 INFO  server.AuthenticationFilter (AuthenticationFilter.java:constructSecretProvider(240)) - Unable to initialize FileSignerSecretProvider, falling back to use random secrets.
2019-06-14 09:03:43,099 WARN  http.HttpRequestLog (HttpRequestLog.java:getRequestLog(97)) - Jetty request log can only be enabled using Log4j
2019-06-14 09:03:43,101 INFO  http.HttpServer2 (HttpServer2.java:addGlobalFilter(975)) - Added global filter 'safety' (class=org.apache.hadoop.http.HttpServer2$QuotingInputFilter)
2019-06-14 09:03:43,101 INFO  http.HttpServer2 (HttpServer2.java:addFilter(948)) - Added filter static_user_filter (class=org.apache.hadoop.http.lib.StaticUserWebFilter$StaticUserFilter) to context scm
2019-06-14 09:03:43,102 INFO  http.HttpServer2 (HttpServer2.java:addFilter(958)) - Added filter static_user_filter (class=org.apache.hadoop.http.lib.StaticUserWebFilter$StaticUserFilter) to context logs
2019-06-14 09:03:43,102 INFO  http.HttpServer2 (HttpServer2.java:addFilter(958)) - Added filter static_user_filter (class=org.apache.hadoop.http.lib.StaticUserWebFilter$StaticUserFilter) to context static
2019-06-14 09:03:43,106 INFO  server.StorageContainerManager (StorageContainerManager.java:start(752)) - StorageContainerLocationProtocol RPC server is listening at /0.0.0.0:43901
2019-06-14 09:03:43,106 INFO  impl.MetricsSystemImpl (MetricsSystemImpl.java:init(158)) - StorageContainerManager metrics system started (again)
2019-06-14 09:03:43,107 INFO  server.SCMClientProtocolServer (SCMClientProtocolServer.java:start(149)) - RPC server for Client  is listening at /0.0.0.0:43901
2019-06-14 09:03:43,107 INFO  ipc.Server (Server.java:run(1314)) - IPC Server Responder: starting
2019-06-14 09:03:43,108 INFO  ipc.Server (Server.java:run(1153)) - IPC Server listener on 43901: starting
2019-06-14 09:03:43,111 INFO  server.StorageContainerManager (StorageContainerManager.java:start(761)) - ScmBlockLocationProtocol RPC server is listening at /0.0.0.0:37905
2019-06-14 09:03:43,111 INFO  server.SCMBlockProtocolServer (SCMBlockProtocolServer.java:start(137)) - RPC server for Block Protocol is listening at /0.0.0.0:37905
2019-06-14 09:03:43,112 INFO  ipc.Server (Server.java:run(1314)) - IPC Server Responder: starting
2019-06-14 09:03:43,112 INFO  ipc.Server (Server.java:run(1153)) - IPC Server listener on 37905: starting
2019-06-14 09:03:43,115 INFO  server.StorageContainerManager (StorageContainerManager.java:start(765)) - ScmDatanodeProtocl RPC server is listening at /0.0.0.0:32811
2019-06-14 09:03:43,115 INFO  server.SCMDatanodeProtocolServer (SCMDatanodeProtocolServer.java:start(191)) - RPC server for DataNodes is listening at /0.0.0.0:32811
2019-06-14 09:03:43,115 INFO  ipc.Server (Server.java:run(1314)) - IPC Server Responder: starting
2019-06-14 09:03:43,118 INFO  ipc.Server (Server.java:run(1153)) - IPC Server listener on 32811: starting
2019-06-14 09:03:43,124 INFO  http.HttpServer2 (HttpServer2.java:bindListener(1191)) - Jetty bound to port 34467
2019-06-14 09:03:43,124 INFO  server.Server (Server.java:doStart(351)) - jetty-9.3.24.v20180605, build timestamp: 2018-06-05T17:11:56Z, git hash: 84205aa28f11a4f31f2a3b86d1bba2cc8ab69827
2019-06-14 09:03:43,125 INFO  handler.ContextHandler (ContextHandler.java:doStart(781)) - Started o.e.j.s.ServletContextHandler@4bf10fe1{/logs,file:///opt/src/hadoop-ozone/integration-test/target/log,AVAILABLE}
2019-06-14 09:03:43,129 INFO  handler.ContextHandler (ContextHandler.java:doStart(781)) - Started o.e.j.s.ServletContextHandler@399c408c{/static,file:///opt/src/hadoop-ozone/integration-test/target/test-classes/webapps/static,AVAILABLE}
2019-06-14 09:03:43,132 INFO  handler.ContextHandler (ContextHandler.java:doStart(781)) - Started o.e.j.w.WebAppContext@776e7dfb{/,file:///opt/src/hadoop-ozone/integration-test/target/test-classes/webapps/scm/,AVAILABLE}{/scm}
2019-06-14 09:03:43,132 INFO  server.AbstractConnector (AbstractConnector.java:doStart(278)) - Started ServerConnector@71418a4a{HTTP/1.1,[http/1.1]}{0.0.0.0:34467}
2019-06-14 09:03:43,133 INFO  server.Server (Server.java:doStart(419)) - Started @32575ms
2019-06-14 09:03:43,134 INFO  server.BaseHttpServer (BaseHttpServer.java:updateConnectorAddress(207)) - HTTP server of SCM is listening at http://0.0.0.0:34467
2019-06-14 09:03:43,135 WARN  scm.ScmUtils (ScmUtils.java:getDBPath(63)) - ozone.om.db.dirs is not configured. We recommend adding this setting. Falling back to ozone.metadata.dirs instead.
2019-06-14 09:03:43,135 INFO  util.JvmPauseMonitor (JvmPauseMonitor.java:run(188)) - Starting JVM pause monitor
2019-06-14 09:03:43,137 WARN  scm.ScmUtils (ScmUtils.java:getDBPath(63)) - ozone.om.db.dirs is not configured. We recommend adding this setting. Falling back to ozone.metadata.dirs instead.
2019-06-14 09:03:43,138 INFO  om.OzoneManager (OzoneManager.java:setOMNodeDetails(519)) - OM Service ID is not set. Setting it to the default ID: omServiceIdDefault
2019-06-14 09:03:43,138 INFO  om.OzoneManager (OzoneManager.java:setOMNodeDetails(525)) - OM Node ID is not set. Setting it to the OmStorage's OmID: 08f5d1dc-d017-4d0b-85fc-de7717168cc4
2019-06-14 09:03:43,138 WARN  scm.HddsServerUtil (HddsServerUtil.java:getDefaultRatisDirectory(354)) - Storage directory for Ratis is not configured. It is a good idea to map this to an SSD disk. Falling back to ozone.metadata.dirs
2019-06-14 09:03:43,138 WARN  scm.HddsServerUtil (HddsServerUtil.java:getDefaultRatisDirectory(354)) - Storage directory for Ratis is not configured. It is a good idea to map this to an SSD disk. Falling back to ozone.metadata.dirs
2019-06-14 09:03:43,138 INFO  om.OzoneManager (OzoneManager.java:loadOMHAConfigs(476)) - Found matching OM address with OMServiceId: null, OMNodeId: null, RPC Address: localhost:0 and Ratis port: 9872
2019-06-14 09:03:43,144 WARN  scm.ScmUtils (ScmUtils.java:getDBPath(63)) - ozone.om.db.dirs is not configured. We recommend adding this setting. Falling back to ozone.metadata.dirs instead.
2019-06-14 09:03:43,144 INFO  db.DBStoreBuilder (DBStoreBuilder.java:addTable(110)) - using custom profile for table: userTable
2019-06-14 09:03:43,145 INFO  db.DBStoreBuilder (DBStoreBuilder.java:processTables(161)) - Using default column profile:DBProfile.DISK for Table:userTable
2019-06-14 09:03:43,145 INFO  db.DBStoreBuilder (DBStoreBuilder.java:addTable(110)) - using custom profile for table: volumeTable
2019-06-14 09:03:43,145 INFO  db.DBStoreBuilder (DBStoreBuilder.java:processTables(161)) - Using default column profile:DBProfile.DISK for Table:volumeTable
2019-06-14 09:03:43,145 INFO  db.DBStoreBuilder (DBStoreBuilder.java:addTable(110)) - using custom profile for table: bucketTable
2019-06-14 09:03:43,145 INFO  db.DBStoreBuilder (DBStoreBuilder.java:processTables(161)) - Using default column profile:DBProfile.DISK for Table:bucketTable
2019-06-14 09:03:43,145 INFO  db.DBStoreBuilder (DBStoreBuilder.java:addTable(110)) - using custom profile for table: keyTable
2019-06-14 09:03:43,145 INFO  db.DBStoreBuilder (DBStoreBuilder.java:processTables(161)) - Using default column profile:DBProfile.DISK for Table:keyTable
2019-06-14 09:03:43,146 INFO  db.DBStoreBuilder (DBStoreBuilder.java:addTable(110)) - using custom profile for table: deletedTable
2019-06-14 09:03:43,146 INFO  db.DBStoreBuilder (DBStoreBuilder.java:processTables(161)) - Using default column profile:DBProfile.DISK for Table:deletedTable
2019-06-14 09:03:43,146 INFO  db.DBStoreBuilder (DBStoreBuilder.java:addTable(110)) - using custom profile for table: openKeyTable
2019-06-14 09:03:43,146 INFO  db.DBStoreBuilder (DBStoreBuilder.java:processTables(161)) - Using default column profile:DBProfile.DISK for Table:openKeyTable
2019-06-14 09:03:43,146 INFO  db.DBStoreBuilder (DBStoreBuilder.java:addTable(110)) - using custom profile for table: s3Table
2019-06-14 09:03:43,146 INFO  db.DBStoreBuilder (DBStoreBuilder.java:processTables(161)) - Using default column profile:DBProfile.DISK for Table:s3Table
2019-06-14 09:03:43,146 INFO  db.DBStoreBuilder (DBStoreBuilder.java:addTable(110)) - using custom profile for table: multipartInfoTable
2019-06-14 09:03:43,147 INFO  db.DBStoreBuilder (DBStoreBuilder.java:processTables(161)) - Using default column profile:DBProfile.DISK for Table:multipartInfoTable
2019-06-14 09:03:43,147 INFO  db.DBStoreBuilder (DBStoreBuilder.java:addTable(110)) - using custom profile for table: dTokenTable
2019-06-14 09:03:43,147 INFO  db.DBStoreBuilder (DBStoreBuilder.java:processTables(161)) - Using default column profile:DBProfile.DISK for Table:dTokenTable
2019-06-14 09:03:43,147 INFO  db.DBStoreBuilder (DBStoreBuilder.java:addTable(110)) - using custom profile for table: s3SecretTable
2019-06-14 09:03:43,147 INFO  db.DBStoreBuilder (DBStoreBuilder.java:processTables(161)) - Using default column profile:DBProfile.DISK for Table:s3SecretTable
2019-06-14 09:03:43,147 INFO  db.DBStoreBuilder (DBStoreBuilder.java:addTable(110)) - using custom profile for table: prefixTable
2019-06-14 09:03:43,147 INFO  db.DBStoreBuilder (DBStoreBuilder.java:processTables(161)) - Using default column profile:DBProfile.DISK for Table:prefixTable
2019-06-14 09:03:43,147 INFO  db.DBStoreBuilder (DBStoreBuilder.java:addTable(110)) - using custom profile for table: default
2019-06-14 09:03:43,147 INFO  db.DBStoreBuilder (DBStoreBuilder.java:processTables(167)) - Using default column profile:DBProfile.DISK for Table:default
2019-06-14 09:03:43,148 INFO  db.DBStoreBuilder (DBStoreBuilder.java:getDbProfile(198)) - Using default options. DBProfile.DISK
2019-06-14 09:03:43,271 INFO  ipc.CallQueueManager (CallQueueManager.java:<init>(84)) - Using callQueue: class java.util.concurrent.LinkedBlockingQueue, queueCapacity: 2000, scheduler: class org.apache.hadoop.ipc.DefaultRpcScheduler, ipcBackoff: false.
2019-06-14 09:03:43,272 INFO  ipc.Server (Server.java:run(1074)) - Starting Socket Reader #1 for port 41207
2019-06-14 09:03:43,281 WARN  scm.ScmUtils (ScmUtils.java:getDBPath(63)) - ozone.om.db.dirs is not configured. We recommend adding this setting. Falling back to ozone.metadata.dirs instead.
2019-06-14 09:03:43,281 INFO  om.OzoneManager (OzoneManager.java:start(1217)) - OzoneManager RPC server is listening at localhost/127.0.0.1:41207
2019-06-14 09:03:43,281 INFO  impl.MetricsSystemImpl (MetricsSystemImpl.java:init(158)) - OzoneManager metrics system started (again)
2019-06-14 09:03:43,281 INFO  ipc.Server (Server.java:run(1314)) - IPC Server Responder: starting
2019-06-14 09:03:43,281 INFO  ipc.Server (Server.java:run(1153)) - IPC Server listener on 41207: starting
2019-06-14 09:03:43,285 INFO  hdfs.DFSUtil (DFSUtil.java:httpServerTemplateForNNAndJN(1641)) - Starting Web-server for ozoneManager at: http://0.0.0.0:0
2019-06-14 09:03:43,286 INFO  server.AuthenticationFilter (AuthenticationFilter.java:constructSecretProvider(240)) - Unable to initialize FileSignerSecretProvider, falling back to use random secrets.
2019-06-14 09:03:43,286 WARN  http.HttpRequestLog (HttpRequestLog.java:getRequestLog(97)) - Jetty request log can only be enabled using Log4j
2019-06-14 09:03:43,287 INFO  http.HttpServer2 (HttpServer2.java:addGlobalFilter(975)) - Added global filter 'safety' (class=org.apache.hadoop.http.HttpServer2$QuotingInputFilter)
2019-06-14 09:03:43,288 INFO  http.HttpServer2 (HttpServer2.java:addFilter(948)) - Added filter static_user_filter (class=org.apache.hadoop.http.lib.StaticUserWebFilter$StaticUserFilter) to context ozoneManager
2019-06-14 09:03:43,288 INFO  http.HttpServer2 (HttpServer2.java:addFilter(958)) - Added filter static_user_filter (class=org.apache.hadoop.http.lib.StaticUserWebFilter$StaticUserFilter) to context static
2019-06-14 09:03:43,288 INFO  http.HttpServer2 (HttpServer2.java:addFilter(958)) - Added filter static_user_filter (class=org.apache.hadoop.http.lib.StaticUserWebFilter$StaticUserFilter) to context logs
2019-06-14 09:03:43,288 INFO  http.HttpServer2 (HttpServer2.java:bindListener(1191)) - Jetty bound to port 43331
2019-06-14 09:03:43,289 INFO  server.Server (Server.java:doStart(351)) - jetty-9.3.24.v20180605, build timestamp: 2018-06-05T17:11:56Z, git hash: 84205aa28f11a4f31f2a3b86d1bba2cc8ab69827
2019-06-14 09:03:43,291 INFO  handler.ContextHandler (ContextHandler.java:doStart(781)) - Started o.e.j.s.ServletContextHandler@68360fb9{/logs,file:///opt/src/hadoop-ozone/integration-test/target/log,AVAILABLE}
2019-06-14 09:03:43,291 INFO  handler.ContextHandler (ContextHandler.java:doStart(781)) - Started o.e.j.s.ServletContextHandler@67b3960b{/static,file:///opt/src/hadoop-ozone/integration-test/target/test-classes/webapps/static,AVAILABLE}
2019-06-14 09:03:43,294 INFO  handler.ContextHandler (ContextHandler.java:doStart(781)) - Started o.e.j.w.WebAppContext@2211e731{/,file:///opt/src/hadoop-ozone/integration-test/target/test-classes/webapps/ozoneManager/,AVAILABLE}{/ozoneManager}
2019-06-14 09:03:43,294 INFO  server.AbstractConnector (AbstractConnector.java:doStart(278)) - Started ServerConnector@73e399cc{HTTP/1.1,[http/1.1]}{0.0.0.0:43331}
2019-06-14 09:03:43,295 INFO  server.Server (Server.java:doStart(419)) - Started @32737ms
2019-06-14 09:03:43,295 INFO  server.BaseHttpServer (BaseHttpServer.java:updateConnectorAddress(207)) - HTTP server of OZONEMANAGER is listening at http://0.0.0.0:43331
2019-06-14 09:03:43,304 INFO  impl.MetricsSystemImpl (MetricsSystemImpl.java:init(158)) - HddsDatanode metrics system started (again)
2019-06-14 09:03:43,304 INFO  ozone.HddsDatanodeService (HddsDatanodeService.java:start(185)) - HddsDatanodeService host:ozone-xrdtn-3896089437 ip:192.168.105.147
2019-06-14 09:03:43,312 INFO  volume.HddsVolume (HddsVolume.java:<init>(176)) - Creating Volume: /opt/src/hadoop-ozone/integration-test/target/test-dir/MiniOzoneClusterImpl-0a47cb53-57cb-474a-bdb0-4e878f688d1a/datanode-0/data/containers/hdds of  storage type : DISK and capacity : 104021790720
2019-06-14 09:03:43,312 INFO  volume.VolumeSet (VolumeSet.java:initializeVolumeSet(170)) - Added Volume : /opt/src/hadoop-ozone/integration-test/target/test-dir/MiniOzoneClusterImpl-0a47cb53-57cb-474a-bdb0-4e878f688d1a/datanode-0/data/containers/hdds to VolumeSet
2019-06-14 09:03:43,313 INFO  volume.ThrottledAsyncChecker (ThrottledAsyncChecker.java:schedule(140)) - Scheduling a check for org.apache.hadoop.ozone.container.common.volume.HddsVolume@28cf179c
2019-06-14 09:03:43,314 INFO  volume.HddsVolumeChecker (HddsVolumeChecker.java:checkAllVolumes(203)) - Scheduled health check for volume org.apache.hadoop.ozone.container.common.volume.HddsVolume@28cf179c
2019-06-14 09:03:43,321 INFO  ratis.XceiverServerRatis (XceiverServerRatis.java:newXceiverServerRatis(401)) - Found a free port for the server : 45977
2019-06-14 09:03:43,322 INFO  impl.RaftServerProxy (ConfUtils.java:logGet(43)) - raft.rpc.type = GRPC (default)
2019-06-14 09:03:43,322 INFO  grpc.GrpcConfigKeys$Server (ConfUtils.java:logGet(43)) - raft.grpc.server.port = 45977 (custom)
2019-06-14 09:03:43,322 INFO  server.GrpcService (ConfUtils.java:logGet(43)) - raft.grpc.message.size.max = 33570816 (custom)
2019-06-14 09:03:43,323 INFO  server.RaftServerConfigKeys (ConfUtils.java:logGet(43)) - raft.server.log.appender.buffer.byte-limit = 33554432 (custom)
2019-06-14 09:03:43,323 INFO  server.GrpcService (ConfUtils.java:logGet(43)) - raft.grpc.flow.control.window = 1MB (=1048576) (default)
2019-06-14 09:03:43,323 INFO  server.RaftServerConfigKeys (ConfUtils.java:logGet(43)) - raft.server.rpc.request.timeout = 3000ms (default)
2019-06-14 09:03:43,323 INFO  server.RaftServerConfigKeys (ConfUtils.java:logGet(43)) - raft.server.storage.dir = [/opt/src/hadoop-ozone/integration-test/target/test-dir/MiniOzoneClusterImpl-0a47cb53-57cb-474a-bdb0-4e878f688d1a/datanode-0/data/ratis] (custom)
2019-06-14 09:03:43,323 INFO  server.XceiverServerGrpc (XceiverServerGrpc.java:<init>(97)) - Found a free port for the server : 39435
2019-06-14 09:03:43,324 INFO  replication.SimpleContainerDownloader (SimpleContainerDownloader.java:<init>(72)) - Starting container downloader service to copy containers to replicate.
2019-06-14 09:03:43,325 INFO  hdfs.DFSUtil (DFSUtil.java:httpServerTemplateForNNAndJN(1641)) - Starting Web-server for hddsDatanode at: http://0.0.0.0:0
2019-06-14 09:03:43,325 INFO  server.AuthenticationFilter (AuthenticationFilter.java:constructSecretProvider(240)) - Unable to initialize FileSignerSecretProvider, falling back to use random secrets.
2019-06-14 09:03:43,326 WARN  http.HttpRequestLog (HttpRequestLog.java:getRequestLog(97)) - Jetty request log can only be enabled using Log4j
2019-06-14 09:03:43,326 INFO  http.HttpServer2 (HttpServer2.java:addGlobalFilter(975)) - Added global filter 'safety' (class=org.apache.hadoop.http.HttpServer2$QuotingInputFilter)
2019-06-14 09:03:43,327 INFO  http.HttpServer2 (HttpServer2.java:addFilter(948)) - Added filter static_user_filter (class=org.apache.hadoop.http.lib.StaticUserWebFilter$StaticUserFilter) to context hddsDatanode
2019-06-14 09:03:43,327 INFO  http.HttpServer2 (HttpServer2.java:addFilter(958)) - Added filter static_user_filter (class=org.apache.hadoop.http.lib.StaticUserWebFilter$StaticUserFilter) to context logs
2019-06-14 09:03:43,327 INFO  http.HttpServer2 (HttpServer2.java:addFilter(958)) - Added filter static_user_filter (class=org.apache.hadoop.http.lib.StaticUserWebFilter$StaticUserFilter) to context static
2019-06-14 09:03:43,327 INFO  http.HttpServer2 (HttpServer2.java:bindListener(1191)) - Jetty bound to port 44635
2019-06-14 09:03:43,327 INFO  server.Server (Server.java:doStart(351)) - jetty-9.3.24.v20180605, build timestamp: 2018-06-05T17:11:56Z, git hash: 84205aa28f11a4f31f2a3b86d1bba2cc8ab69827
2019-06-14 09:03:43,330 INFO  handler.ContextHandler (ContextHandler.java:doStart(781)) - Started o.e.j.s.ServletContextHandler@b5ff70b{/logs,file:///opt/src/hadoop-ozone/integration-test/target/log,AVAILABLE}
2019-06-14 09:03:43,330 INFO  handler.ContextHandler (ContextHandler.java:doStart(781)) - Started o.e.j.s.ServletContextHandler@114badf0{/static,jar:file:/root/.m2/repository/org/apache/hadoop/hadoop-hdds-container-service/0.5.0-SNAPSHOT/hadoop-hdds-container-service-0.5.0-SNAPSHOT.jar!/webapps/static,AVAILABLE}
2019-06-14 09:03:43,349 INFO  handler.ContextHandler (ContextHandler.java:doStart(781)) - Started o.e.j.w.WebAppContext@6ffdbeef{/,file:///tmp/jetty-0.0.0.0-44635-hddsDatanode-_-any-1697401369792842783.dir/webapp/,AVAILABLE}{/hddsDatanode}
2019-06-14 09:03:43,350 INFO  server.AbstractConnector (AbstractConnector.java:doStart(278)) - Started ServerConnector@4a3509b0{HTTP/1.1,[http/1.1]}{0.0.0.0:44635}
2019-06-14 09:03:43,350 INFO  server.Server (Server.java:doStart(419)) - Started @32793ms
2019-06-14 09:03:43,351 INFO  server.BaseHttpServer (BaseHttpServer.java:updateConnectorAddress(207)) - HTTP server of HDDSDATANODE is listening at http://0.0.0.0:44635
2019-06-14 09:03:43,441 INFO  ozone.HddsDatanodeService (HddsDatanodeService.java:startPlugins(396)) - Started plug-in org.apache.hadoop.ozone.web.OzoneHddsDatanodeService@647af13d
2019-06-14 09:03:43,441 INFO  impl.MetricsSystemImpl (MetricsSystemImpl.java:init(158)) - HddsDatanode metrics system started (again)
2019-06-14 09:03:43,442 INFO  ozone.HddsDatanodeService (HddsDatanodeService.java:start(185)) - HddsDatanodeService host:ozone-xrdtn-3896089437 ip:192.168.105.147
2019-06-14 09:03:43,450 INFO  volume.HddsVolume (HddsVolume.java:<init>(176)) - Creating Volume: /opt/src/hadoop-ozone/integration-test/target/test-dir/MiniOzoneClusterImpl-0a47cb53-57cb-474a-bdb0-4e878f688d1a/datanode-1/data/containers/hdds of  storage type : DISK and capacity : 104021790720
2019-06-14 09:03:43,450 INFO  util.JvmPauseMonitor (JvmPauseMonitor.java:run(188)) - Starting JVM pause monitor
2019-06-14 09:03:43,450 INFO  volume.VolumeSet (VolumeSet.java:initializeVolumeSet(170)) - Added Volume : /opt/src/hadoop-ozone/integration-test/target/test-dir/MiniOzoneClusterImpl-0a47cb53-57cb-474a-bdb0-4e878f688d1a/datanode-1/data/containers/hdds to VolumeSet
2019-06-14 09:03:43,450 INFO  volume.ThrottledAsyncChecker (ThrottledAsyncChecker.java:schedule(140)) - Scheduling a check for org.apache.hadoop.ozone.container.common.volume.HddsVolume@3134b261
2019-06-14 09:03:43,451 INFO  datanode.InitDatanodeState (InitDatanodeState.java:persistContainerDatanodeDetails(140)) - DatanodeDetails is persisted to /opt/src/hadoop-ozone/integration-test/target/test-dir/MiniOzoneClusterImpl-0a47cb53-57cb-474a-bdb0-4e878f688d1a/datanode-0/meta/datanode.id
2019-06-14 09:03:43,452 INFO  volume.HddsVolumeChecker (HddsVolumeChecker.java:checkAllVolumes(203)) - Scheduled health check for volume org.apache.hadoop.ozone.container.common.volume.HddsVolume@3134b261
2019-06-14 09:03:43,460 INFO  ratis.XceiverServerRatis (XceiverServerRatis.java:newXceiverServerRatis(401)) - Found a free port for the server : 39167
2019-06-14 09:03:43,460 INFO  impl.RaftServerProxy (ConfUtils.java:logGet(43)) - raft.rpc.type = GRPC (default)
2019-06-14 09:03:43,461 INFO  grpc.GrpcConfigKeys$Server (ConfUtils.java:logGet(43)) - raft.grpc.server.port = 39167 (custom)
2019-06-14 09:03:43,461 INFO  server.GrpcService (ConfUtils.java:logGet(43)) - raft.grpc.message.size.max = 33570816 (custom)
2019-06-14 09:03:43,461 INFO  server.RaftServerConfigKeys (ConfUtils.java:logGet(43)) - raft.server.log.appender.buffer.byte-limit = 33554432 (custom)
2019-06-14 09:03:43,461 INFO  server.GrpcService (ConfUtils.java:logGet(43)) - raft.grpc.flow.control.window = 1MB (=1048576) (default)
2019-06-14 09:03:43,461 INFO  server.RaftServerConfigKeys (ConfUtils.java:logGet(43)) - raft.server.rpc.request.timeout = 3000ms (default)
2019-06-14 09:03:43,462 INFO  server.RaftServerConfigKeys (ConfUtils.java:logGet(43)) - raft.server.storage.dir = [/opt/src/hadoop-ozone/integration-test/target/test-dir/MiniOzoneClusterImpl-0a47cb53-57cb-474a-bdb0-4e878f688d1a/datanode-1/data/ratis] (custom)
2019-06-14 09:03:43,462 INFO  server.XceiverServerGrpc (XceiverServerGrpc.java:<init>(97)) - Found a free port for the server : 43395
2019-06-14 09:03:43,462 INFO  replication.SimpleContainerDownloader (SimpleContainerDownloader.java:<init>(72)) - Starting container downloader service to copy containers to replicate.
2019-06-14 09:03:43,463 INFO  hdfs.DFSUtil (DFSUtil.java:httpServerTemplateForNNAndJN(1641)) - Starting Web-server for hddsDatanode at: http://0.0.0.0:0
2019-06-14 09:03:43,464 INFO  server.AuthenticationFilter (AuthenticationFilter.java:constructSecretProvider(240)) - Unable to initialize FileSignerSecretProvider, falling back to use random secrets.
2019-06-14 09:03:43,464 WARN  http.HttpRequestLog (HttpRequestLog.java:getRequestLog(97)) - Jetty request log can only be enabled using Log4j
2019-06-14 09:03:43,465 INFO  http.HttpServer2 (HttpServer2.java:addGlobalFilter(975)) - Added global filter 'safety' (class=org.apache.hadoop.http.HttpServer2$QuotingInputFilter)
2019-06-14 09:03:43,466 INFO  http.HttpServer2 (HttpServer2.java:addFilter(948)) - Added filter static_user_filter (class=org.apache.hadoop.http.lib.StaticUserWebFilter$StaticUserFilter) to context hddsDatanode
2019-06-14 09:03:43,466 INFO  http.HttpServer2 (HttpServer2.java:addFilter(958)) - Added filter static_user_filter (class=org.apache.hadoop.http.lib.StaticUserWebFilter$StaticUserFilter) to context static
2019-06-14 09:03:43,466 INFO  http.HttpServer2 (HttpServer2.java:addFilter(958)) - Added filter static_user_filter (class=org.apache.hadoop.http.lib.StaticUserWebFilter$StaticUserFilter) to context logs
2019-06-14 09:03:43,466 INFO  http.HttpServer2 (HttpServer2.java:bindListener(1191)) - Jetty bound to port 34979
2019-06-14 09:03:43,466 INFO  server.Server (Server.java:doStart(351)) - jetty-9.3.24.v20180605, build timestamp: 2018-06-05T17:11:56Z, git hash: 84205aa28f11a4f31f2a3b86d1bba2cc8ab69827
2019-06-14 09:03:43,468 INFO  handler.ContextHandler (ContextHandler.java:doStart(781)) - Started o.e.j.s.ServletContextHandler@1dd247b{/logs,file:///opt/src/hadoop-ozone/integration-test/target/log,AVAILABLE}
2019-06-14 09:03:43,468 INFO  handler.ContextHandler (ContextHandler.java:doStart(781)) - Started o.e.j.s.ServletContextHandler@7f64bd7{/static,jar:file:/root/.m2/repository/org/apache/hadoop/hadoop-hdds-container-service/0.5.0-SNAPSHOT/hadoop-hdds-container-service-0.5.0-SNAPSHOT.jar!/webapps/static,AVAILABLE}
2019-06-14 09:03:43,494 INFO  handler.ContextHandler (ContextHandler.java:doStart(781)) - Started o.e.j.w.WebAppContext@2ba318c2{/,file:///tmp/jetty-0.0.0.0-34979-hddsDatanode-_-any-373281712321226625.dir/webapp/,AVAILABLE}{/hddsDatanode}
2019-06-14 09:03:43,495 INFO  server.AbstractConnector (AbstractConnector.java:doStart(278)) - Started ServerConnector@231d3ce{HTTP/1.1,[http/1.1]}{0.0.0.0:34979}
2019-06-14 09:03:43,496 INFO  server.Server (Server.java:doStart(419)) - Started @32938ms
2019-06-14 09:03:43,496 INFO  server.BaseHttpServer (BaseHttpServer.java:updateConnectorAddress(207)) - HTTP server of HDDSDATANODE is listening at http://0.0.0.0:34979
2019-06-14 09:03:43,699 INFO  ozone.HddsDatanodeService (HddsDatanodeService.java:startPlugins(396)) - Started plug-in org.apache.hadoop.ozone.web.OzoneHddsDatanodeService@155c7eae
2019-06-14 09:03:43,700 INFO  impl.MetricsSystemImpl (MetricsSystemImpl.java:init(158)) - HddsDatanode metrics system started (again)
2019-06-14 09:03:43,700 INFO  ozone.HddsDatanodeService (HddsDatanodeService.java:start(185)) - HddsDatanodeService host:ozone-xrdtn-3896089437 ip:192.168.105.147
2019-06-14 09:03:43,705 INFO  util.JvmPauseMonitor (JvmPauseMonitor.java:run(188)) - Starting JVM pause monitor
2019-06-14 09:03:43,707 INFO  datanode.InitDatanodeState (InitDatanodeState.java:persistContainerDatanodeDetails(140)) - DatanodeDetails is persisted to /opt/src/hadoop-ozone/integration-test/target/test-dir/MiniOzoneClusterImpl-0a47cb53-57cb-474a-bdb0-4e878f688d1a/datanode-1/meta/datanode.id
2019-06-14 09:03:43,714 INFO  volume.HddsVolume (HddsVolume.java:<init>(176)) - Creating Volume: /opt/src/hadoop-ozone/integration-test/target/test-dir/MiniOzoneClusterImpl-0a47cb53-57cb-474a-bdb0-4e878f688d1a/datanode-2/data/containers/hdds of  storage type : DISK and capacity : 104021790720
2019-06-14 09:03:43,714 INFO  volume.VolumeSet (VolumeSet.java:initializeVolumeSet(170)) - Added Volume : /opt/src/hadoop-ozone/integration-test/target/test-dir/MiniOzoneClusterImpl-0a47cb53-57cb-474a-bdb0-4e878f688d1a/datanode-2/data/containers/hdds to VolumeSet
2019-06-14 09:03:43,715 INFO  volume.ThrottledAsyncChecker (ThrottledAsyncChecker.java:schedule(140)) - Scheduling a check for org.apache.hadoop.ozone.container.common.volume.HddsVolume@c29b0dc
2019-06-14 09:03:43,715 INFO  volume.HddsVolumeChecker (HddsVolumeChecker.java:checkAllVolumes(203)) - Scheduled health check for volume org.apache.hadoop.ozone.container.common.volume.HddsVolume@c29b0dc
2019-06-14 09:03:43,730 INFO  ratis.XceiverServerRatis (XceiverServerRatis.java:newXceiverServerRatis(401)) - Found a free port for the server : 36629
2019-06-14 09:03:43,731 INFO  impl.RaftServerProxy (ConfUtils.java:logGet(43)) - raft.rpc.type = GRPC (default)
2019-06-14 09:03:43,731 INFO  grpc.GrpcConfigKeys$Server (ConfUtils.java:logGet(43)) - raft.grpc.server.port = 36629 (custom)
2019-06-14 09:03:43,731 INFO  server.GrpcService (ConfUtils.java:logGet(43)) - raft.grpc.message.size.max = 33570816 (custom)
2019-06-14 09:03:43,731 INFO  server.RaftServerConfigKeys (ConfUtils.java:logGet(43)) - raft.server.log.appender.buffer.byte-limit = 33554432 (custom)
2019-06-14 09:03:43,731 INFO  server.GrpcService (ConfUtils.java:logGet(43)) - raft.grpc.flow.control.window = 1MB (=1048576) (default)
2019-06-14 09:03:43,732 INFO  server.RaftServerConfigKeys (ConfUtils.java:logGet(43)) - raft.server.rpc.request.timeout = 3000ms (default)
2019-06-14 09:03:43,732 INFO  server.RaftServerConfigKeys (ConfUtils.java:logGet(43)) - raft.server.storage.dir = [/opt/src/hadoop-ozone/integration-test/target/test-dir/MiniOzoneClusterImpl-0a47cb53-57cb-474a-bdb0-4e878f688d1a/datanode-2/data/ratis] (custom)
2019-06-14 09:03:43,732 INFO  server.XceiverServerGrpc (XceiverServerGrpc.java:<init>(97)) - Found a free port for the server : 39475
2019-06-14 09:03:43,733 INFO  replication.SimpleContainerDownloader (SimpleContainerDownloader.java:<init>(72)) - Starting container downloader service to copy containers to replicate.
2019-06-14 09:03:43,762 INFO  hdfs.DFSUtil (DFSUtil.java:httpServerTemplateForNNAndJN(1641)) - Starting Web-server for hddsDatanode at: http://0.0.0.0:0
2019-06-14 09:03:43,764 INFO  server.AuthenticationFilter (AuthenticationFilter.java:constructSecretProvider(240)) - Unable to initialize FileSignerSecretProvider, falling back to use random secrets.
2019-06-14 09:03:43,765 WARN  http.HttpRequestLog (HttpRequestLog.java:getRequestLog(97)) - Jetty request log can only be enabled using Log4j
2019-06-14 09:03:43,766 INFO  http.HttpServer2 (HttpServer2.java:addGlobalFilter(975)) - Added global filter 'safety' (class=org.apache.hadoop.http.HttpServer2$QuotingInputFilter)
2019-06-14 09:03:43,766 INFO  http.HttpServer2 (HttpServer2.java:addFilter(948)) - Added filter static_user_filter (class=org.apache.hadoop.http.lib.StaticUserWebFilter$StaticUserFilter) to context hddsDatanode
2019-06-14 09:03:43,766 INFO  http.HttpServer2 (HttpServer2.java:addFilter(958)) - Added filter static_user_filter (class=org.apache.hadoop.http.lib.StaticUserWebFilter$StaticUserFilter) to context static
2019-06-14 09:03:43,766 INFO  http.HttpServer2 (HttpServer2.java:addFilter(958)) - Added filter static_user_filter (class=org.apache.hadoop.http.lib.StaticUserWebFilter$StaticUserFilter) to context logs
2019-06-14 09:03:43,766 INFO  http.HttpServer2 (HttpServer2.java:bindListener(1191)) - Jetty bound to port 44533
2019-06-14 09:03:43,767 INFO  server.Server (Server.java:doStart(351)) - jetty-9.3.24.v20180605, build timestamp: 2018-06-05T17:11:56Z, git hash: 84205aa28f11a4f31f2a3b86d1bba2cc8ab69827
2019-06-14 09:03:43,768 INFO  handler.ContextHandler (ContextHandler.java:doStart(781)) - Started o.e.j.s.ServletContextHandler@26feccf7{/logs,file:///opt/src/hadoop-ozone/integration-test/target/log,AVAILABLE}
2019-06-14 09:03:43,769 INFO  handler.ContextHandler (ContextHandler.java:doStart(781)) - Started o.e.j.s.ServletContextHandler@3831f4c2{/static,jar:file:/root/.m2/repository/org/apache/hadoop/hadoop-hdds-container-service/0.5.0-SNAPSHOT/hadoop-hdds-container-service-0.5.0-SNAPSHOT.jar!/webapps/static,AVAILABLE}
2019-06-14 09:03:43,789 INFO  handler.ContextHandler (ContextHandler.java:doStart(781)) - Started o.e.j.w.WebAppContext@694b1ddb{/,file:///tmp/jetty-0.0.0.0-44533-hddsDatanode-_-any-369288367575883303.dir/webapp/,AVAILABLE}{/hddsDatanode}
2019-06-14 09:03:43,791 INFO  server.AbstractConnector (AbstractConnector.java:doStart(278)) - Started ServerConnector@5690c2a8{HTTP/1.1,[http/1.1]}{0.0.0.0:44533}
2019-06-14 09:03:43,791 INFO  server.Server (Server.java:doStart(419)) - Started @33234ms
2019-06-14 09:03:43,792 INFO  server.BaseHttpServer (BaseHttpServer.java:updateConnectorAddress(207)) - HTTP server of HDDSDATANODE is listening at http://0.0.0.0:44533
2019-06-14 09:03:43,872 INFO  ozone.HddsDatanodeService (HddsDatanodeService.java:startPlugins(396)) - Started plug-in org.apache.hadoop.ozone.web.OzoneHddsDatanodeService@581e8969
2019-06-14 09:03:43,872 INFO  impl.MetricsSystemImpl (MetricsSystemImpl.java:init(158)) - HddsDatanode metrics system started (again)
2019-06-14 09:03:43,872 INFO  ozone.HddsDatanodeService (HddsDatanodeService.java:start(185)) - HddsDatanodeService host:ozone-xrdtn-3896089437 ip:192.168.105.147
2019-06-14 09:03:43,882 INFO  util.JvmPauseMonitor (JvmPauseMonitor.java:run(188)) - Starting JVM pause monitor
2019-06-14 09:03:43,890 INFO  volume.HddsVolume (HddsVolume.java:<init>(176)) - Creating Volume: /opt/src/hadoop-ozone/integration-test/target/test-dir/MiniOzoneClusterImpl-0a47cb53-57cb-474a-bdb0-4e878f688d1a/datanode-3/data/containers/hdds of  storage type : DISK and capacity : 104021790720
2019-06-14 09:03:43,890 INFO  volume.VolumeSet (VolumeSet.java:initializeVolumeSet(170)) - Added Volume : /opt/src/hadoop-ozone/integration-test/target/test-dir/MiniOzoneClusterImpl-0a47cb53-57cb-474a-bdb0-4e878f688d1a/datanode-3/data/containers/hdds to VolumeSet
2019-06-14 09:03:43,890 INFO  volume.ThrottledAsyncChecker (ThrottledAsyncChecker.java:schedule(140)) - Scheduling a check for org.apache.hadoop.ozone.container.common.volume.HddsVolume@19fc0ef7
2019-06-14 09:03:43,891 INFO  datanode.InitDatanodeState (InitDatanodeState.java:persistContainerDatanodeDetails(140)) - DatanodeDetails is persisted to /opt/src/hadoop-ozone/integration-test/target/test-dir/MiniOzoneClusterImpl-0a47cb53-57cb-474a-bdb0-4e878f688d1a/datanode-2/meta/datanode.id
2019-06-14 09:03:43,893 INFO  volume.HddsVolumeChecker (HddsVolumeChecker.java:checkAllVolumes(203)) - Scheduled health check for volume org.apache.hadoop.ozone.container.common.volume.HddsVolume@19fc0ef7
2019-06-14 09:03:43,918 INFO  ratis.XceiverServerRatis (XceiverServerRatis.java:newXceiverServerRatis(401)) - Found a free port for the server : 40327
2019-06-14 09:03:43,919 INFO  impl.RaftServerProxy (ConfUtils.java:logGet(43)) - raft.rpc.type = GRPC (default)
2019-06-14 09:03:43,919 INFO  grpc.GrpcConfigKeys$Server (ConfUtils.java:logGet(43)) - raft.grpc.server.port = 40327 (custom)
2019-06-14 09:03:43,919 INFO  server.GrpcService (ConfUtils.java:logGet(43)) - raft.grpc.message.size.max = 33570816 (custom)
2019-06-14 09:03:43,919 INFO  server.RaftServerConfigKeys (ConfUtils.java:logGet(43)) - raft.server.log.appender.buffer.byte-limit = 33554432 (custom)
2019-06-14 09:03:43,920 INFO  server.GrpcService (ConfUtils.java:logGet(43)) - raft.grpc.flow.control.window = 1MB (=1048576) (default)
2019-06-14 09:03:43,920 INFO  server.RaftServerConfigKeys (ConfUtils.java:logGet(43)) - raft.server.rpc.request.timeout = 3000ms (default)
2019-06-14 09:03:43,920 INFO  server.RaftServerConfigKeys (ConfUtils.java:logGet(43)) - raft.server.storage.dir = [/opt/src/hadoop-ozone/integration-test/target/test-dir/MiniOzoneClusterImpl-0a47cb53-57cb-474a-bdb0-4e878f688d1a/datanode-3/data/ratis] (custom)
2019-06-14 09:03:43,921 INFO  server.XceiverServerGrpc (XceiverServerGrpc.java:<init>(97)) - Found a free port for the server : 33917
2019-06-14 09:03:43,921 INFO  replication.SimpleContainerDownloader (SimpleContainerDownloader.java:<init>(72)) - Starting container downloader service to copy containers to replicate.
2019-06-14 09:03:43,922 INFO  hdfs.DFSUtil (DFSUtil.java:httpServerTemplateForNNAndJN(1641)) - Starting Web-server for hddsDatanode at: http://0.0.0.0:0
2019-06-14 09:03:43,924 INFO  server.AuthenticationFilter (AuthenticationFilter.java:constructSecretProvider(240)) - Unable to initialize FileSignerSecretProvider, falling back to use random secrets.
2019-06-14 09:03:43,925 WARN  http.HttpRequestLog (HttpRequestLog.java:getRequestLog(97)) - Jetty request log can only be enabled using Log4j
2019-06-14 09:03:43,926 INFO  http.HttpServer2 (HttpServer2.java:addGlobalFilter(975)) - Added global filter 'safety' (class=org.apache.hadoop.http.HttpServer2$QuotingInputFilter)
2019-06-14 09:03:43,927 INFO  http.HttpServer2 (HttpServer2.java:addFilter(948)) - Added filter static_user_filter (class=org.apache.hadoop.http.lib.StaticUserWebFilter$StaticUserFilter) to context hddsDatanode
2019-06-14 09:03:43,927 INFO  http.HttpServer2 (HttpServer2.java:addFilter(958)) - Added filter static_user_filter (class=org.apache.hadoop.http.lib.StaticUserWebFilter$StaticUserFilter) to context logs
2019-06-14 09:03:43,927 INFO  http.HttpServer2 (HttpServer2.java:addFilter(958)) - Added filter static_user_filter (class=org.apache.hadoop.http.lib.StaticUserWebFilter$StaticUserFilter) to context static
2019-06-14 09:03:43,927 INFO  http.HttpServer2 (HttpServer2.java:bindListener(1191)) - Jetty bound to port 40411
2019-06-14 09:03:43,928 INFO  server.Server (Server.java:doStart(351)) - jetty-9.3.24.v20180605, build timestamp: 2018-06-05T17:11:56Z, git hash: 84205aa28f11a4f31f2a3b86d1bba2cc8ab69827
2019-06-14 09:03:43,929 INFO  handler.ContextHandler (ContextHandler.java:doStart(781)) - Started o.e.j.s.ServletContextHandler@641bc9a8{/logs,file:///opt/src/hadoop-ozone/integration-test/target/log,AVAILABLE}
2019-06-14 09:03:43,929 INFO  handler.ContextHandler (ContextHandler.java:doStart(781)) - Started o.e.j.s.ServletContextHandler@20960b51{/static,jar:file:/root/.m2/repository/org/apache/hadoop/hadoop-hdds-container-service/0.5.0-SNAPSHOT/hadoop-hdds-container-service-0.5.0-SNAPSHOT.jar!/webapps/static,AVAILABLE}
2019-06-14 09:03:43,951 INFO  handler.ContextHandler (ContextHandler.java:doStart(781)) - Started o.e.j.w.WebAppContext@48751d8a{/,file:///tmp/jetty-0.0.0.0-40411-hddsDatanode-_-any-7528096935306240389.dir/webapp/,AVAILABLE}{/hddsDatanode}
2019-06-14 09:03:43,951 INFO  server.AbstractConnector (AbstractConnector.java:doStart(278)) - Started ServerConnector@471a9e8c{HTTP/1.1,[http/1.1]}{0.0.0.0:40411}
2019-06-14 09:03:43,952 INFO  server.Server (Server.java:doStart(419)) - Started @33394ms
2019-06-14 09:03:43,952 INFO  server.BaseHttpServer (BaseHttpServer.java:updateConnectorAddress(207)) - HTTP server of HDDSDATANODE is listening at http://0.0.0.0:40411
2019-06-14 09:03:44,032 INFO  ozone.HddsDatanodeService (HddsDatanodeService.java:startPlugins(396)) - Started plug-in org.apache.hadoop.ozone.web.OzoneHddsDatanodeService@66048c9e
2019-06-14 09:03:44,033 INFO  impl.MetricsSystemImpl (MetricsSystemImpl.java:init(158)) - HddsDatanode metrics system started (again)
2019-06-14 09:03:44,033 INFO  ozone.HddsDatanodeService (HddsDatanodeService.java:start(185)) - HddsDatanodeService host:ozone-xrdtn-3896089437 ip:192.168.105.147
2019-06-14 09:03:44,034 INFO  util.JvmPauseMonitor (JvmPauseMonitor.java:run(188)) - Starting JVM pause monitor
2019-06-14 09:03:44,035 INFO  datanode.InitDatanodeState (InitDatanodeState.java:persistContainerDatanodeDetails(140)) - DatanodeDetails is persisted to /opt/src/hadoop-ozone/integration-test/target/test-dir/MiniOzoneClusterImpl-0a47cb53-57cb-474a-bdb0-4e878f688d1a/datanode-3/meta/datanode.id
2019-06-14 09:03:44,037 INFO  volume.HddsVolume (HddsVolume.java:<init>(176)) - Creating Volume: /opt/src/hadoop-ozone/integration-test/target/test-dir/MiniOzoneClusterImpl-0a47cb53-57cb-474a-bdb0-4e878f688d1a/datanode-4/data/containers/hdds of  storage type : DISK and capacity : 104021790720
2019-06-14 09:03:44,037 INFO  volume.VolumeSet (VolumeSet.java:initializeVolumeSet(170)) - Added Volume : /opt/src/hadoop-ozone/integration-test/target/test-dir/MiniOzoneClusterImpl-0a47cb53-57cb-474a-bdb0-4e878f688d1a/datanode-4/data/containers/hdds to VolumeSet
2019-06-14 09:03:44,038 INFO  volume.ThrottledAsyncChecker (ThrottledAsyncChecker.java:schedule(140)) - Scheduling a check for org.apache.hadoop.ozone.container.common.volume.HddsVolume@64a8d575
2019-06-14 09:03:44,038 INFO  volume.HddsVolumeChecker (HddsVolumeChecker.java:checkAllVolumes(203)) - Scheduled health check for volume org.apache.hadoop.ozone.container.common.volume.HddsVolume@64a8d575
2019-06-14 09:03:44,046 INFO  ratis.XceiverServerRatis (XceiverServerRatis.java:newXceiverServerRatis(401)) - Found a free port for the server : 43725
2019-06-14 09:03:44,047 INFO  impl.RaftServerProxy (ConfUtils.java:logGet(43)) - raft.rpc.type = GRPC (default)
2019-06-14 09:03:44,047 INFO  grpc.GrpcConfigKeys$Server (ConfUtils.java:logGet(43)) - raft.grpc.server.port = 43725 (custom)
2019-06-14 09:03:44,047 INFO  server.GrpcService (ConfUtils.java:logGet(43)) - raft.grpc.message.size.max = 33570816 (custom)
2019-06-14 09:03:44,047 INFO  server.RaftServerConfigKeys (ConfUtils.java:logGet(43)) - raft.server.log.appender.buffer.byte-limit = 33554432 (custom)
2019-06-14 09:03:44,047 INFO  server.GrpcService (ConfUtils.java:logGet(43)) - raft.grpc.flow.control.window = 1MB (=1048576) (default)
2019-06-14 09:03:44,048 INFO  server.RaftServerConfigKeys (ConfUtils.java:logGet(43)) - raft.server.rpc.request.timeout = 3000ms (default)
2019-06-14 09:03:44,048 INFO  server.RaftServerConfigKeys (ConfUtils.java:logGet(43)) - raft.server.storage.dir = [/opt/src/hadoop-ozone/integration-test/target/test-dir/MiniOzoneClusterImpl-0a47cb53-57cb-474a-bdb0-4e878f688d1a/datanode-4/data/ratis] (custom)
2019-06-14 09:03:44,048 INFO  server.XceiverServerGrpc (XceiverServerGrpc.java:<init>(97)) - Found a free port for the server : 45567
2019-06-14 09:03:44,048 INFO  replication.SimpleContainerDownloader (SimpleContainerDownloader.java:<init>(72)) - Starting container downloader service to copy containers to replicate.
2019-06-14 09:03:44,049 INFO  hdfs.DFSUtil (DFSUtil.java:httpServerTemplateForNNAndJN(1641)) - Starting Web-server for hddsDatanode at: http://0.0.0.0:0
2019-06-14 09:03:44,050 INFO  server.AuthenticationFilter (AuthenticationFilter.java:constructSecretProvider(240)) - Unable to initialize FileSignerSecretProvider, falling back to use random secrets.
2019-06-14 09:03:44,050 WARN  http.HttpRequestLog (HttpRequestLog.java:getRequestLog(97)) - Jetty request log can only be enabled using Log4j
2019-06-14 09:03:44,051 INFO  http.HttpServer2 (HttpServer2.java:addGlobalFilter(975)) - Added global filter 'safety' (class=org.apache.hadoop.http.HttpServer2$QuotingInputFilter)
2019-06-14 09:03:44,051 INFO  http.HttpServer2 (HttpServer2.java:addFilter(948)) - Added filter static_user_filter (class=org.apache.hadoop.http.lib.StaticUserWebFilter$StaticUserFilter) to context hddsDatanode
2019-06-14 09:03:44,051 INFO  http.HttpServer2 (HttpServer2.java:addFilter(958)) - Added filter static_user_filter (class=org.apache.hadoop.http.lib.StaticUserWebFilter$StaticUserFilter) to context logs
2019-06-14 09:03:44,052 INFO  http.HttpServer2 (HttpServer2.java:addFilter(958)) - Added filter static_user_filter (class=org.apache.hadoop.http.lib.StaticUserWebFilter$StaticUserFilter) to context static
2019-06-14 09:03:44,052 INFO  http.HttpServer2 (HttpServer2.java:bindListener(1191)) - Jetty bound to port 39045
2019-06-14 09:03:44,052 INFO  server.Server (Server.java:doStart(351)) - jetty-9.3.24.v20180605, build timestamp: 2018-06-05T17:11:56Z, git hash: 84205aa28f11a4f31f2a3b86d1bba2cc8ab69827
2019-06-14 09:03:44,054 INFO  handler.ContextHandler (ContextHandler.java:doStart(781)) - Started o.e.j.s.ServletContextHandler@4e1b5532{/logs,file:///opt/src/hadoop-ozone/integration-test/target/log,AVAILABLE}
2019-06-14 09:03:44,054 INFO  handler.ContextHandler (ContextHandler.java:doStart(781)) - Started o.e.j.s.ServletContextHandler@4b5cdd07{/static,jar:file:/root/.m2/repository/org/apache/hadoop/hadoop-hdds-container-service/0.5.0-SNAPSHOT/hadoop-hdds-container-service-0.5.0-SNAPSHOT.jar!/webapps/static,AVAILABLE}
2019-06-14 09:03:44,074 INFO  handler.ContextHandler (ContextHandler.java:doStart(781)) - Started o.e.j.w.WebAppContext@70df41f9{/,file:///tmp/jetty-0.0.0.0-39045-hddsDatanode-_-any-4509514646683484507.dir/webapp/,AVAILABLE}{/hddsDatanode}
2019-06-14 09:03:44,075 INFO  server.AbstractConnector (AbstractConnector.java:doStart(278)) - Started ServerConnector@64a7ad02{HTTP/1.1,[http/1.1]}{0.0.0.0:39045}
2019-06-14 09:03:44,076 INFO  server.Server (Server.java:doStart(419)) - Started @33518ms
2019-06-14 09:03:44,076 INFO  server.BaseHttpServer (BaseHttpServer.java:updateConnectorAddress(207)) - HTTP server of HDDSDATANODE is listening at http://0.0.0.0:39045
2019-06-14 09:03:44,154 INFO  ozone.HddsDatanodeService (HddsDatanodeService.java:startPlugins(396)) - Started plug-in org.apache.hadoop.ozone.web.OzoneHddsDatanodeService@4745bcc6
2019-06-14 09:03:44,154 INFO  impl.MetricsSystemImpl (MetricsSystemImpl.java:init(158)) - HddsDatanode metrics system started (again)
2019-06-14 09:03:44,155 INFO  ozone.HddsDatanodeService (HddsDatanodeService.java:start(185)) - HddsDatanodeService host:ozone-xrdtn-3896089437 ip:192.168.105.147
2019-06-14 09:03:44,157 INFO  util.JvmPauseMonitor (JvmPauseMonitor.java:run(188)) - Starting JVM pause monitor
2019-06-14 09:03:44,158 INFO  datanode.InitDatanodeState (InitDatanodeState.java:persistContainerDatanodeDetails(140)) - DatanodeDetails is persisted to /opt/src/hadoop-ozone/integration-test/target/test-dir/MiniOzoneClusterImpl-0a47cb53-57cb-474a-bdb0-4e878f688d1a/datanode-4/meta/datanode.id
2019-06-14 09:03:44,162 INFO  volume.HddsVolume (HddsVolume.java:<init>(176)) - Creating Volume: /opt/src/hadoop-ozone/integration-test/target/test-dir/MiniOzoneClusterImpl-0a47cb53-57cb-474a-bdb0-4e878f688d1a/datanode-5/data/containers/hdds of  storage type : DISK and capacity : 104021790720
2019-06-14 09:03:44,162 INFO  volume.VolumeSet (VolumeSet.java:initializeVolumeSet(170)) - Added Volume : /opt/src/hadoop-ozone/integration-test/target/test-dir/MiniOzoneClusterImpl-0a47cb53-57cb-474a-bdb0-4e878f688d1a/datanode-5/data/containers/hdds to VolumeSet
2019-06-14 09:03:44,162 INFO  volume.ThrottledAsyncChecker (ThrottledAsyncChecker.java:schedule(140)) - Scheduling a check for org.apache.hadoop.ozone.container.common.volume.HddsVolume@5274830e
2019-06-14 09:03:44,162 INFO  volume.HddsVolumeChecker (HddsVolumeChecker.java:checkAllVolumes(203)) - Scheduled health check for volume org.apache.hadoop.ozone.container.common.volume.HddsVolume@5274830e
2019-06-14 09:03:44,171 INFO  ratis.XceiverServerRatis (XceiverServerRatis.java:newXceiverServerRatis(401)) - Found a free port for the server : 44865
2019-06-14 09:03:44,171 INFO  impl.RaftServerProxy (ConfUtils.java:logGet(43)) - raft.rpc.type = GRPC (default)
2019-06-14 09:03:44,172 INFO  grpc.GrpcConfigKeys$Server (ConfUtils.java:logGet(43)) - raft.grpc.server.port = 44865 (custom)
2019-06-14 09:03:44,172 INFO  server.GrpcService (ConfUtils.java:logGet(43)) - raft.grpc.message.size.max = 33570816 (custom)
2019-06-14 09:03:44,172 INFO  server.RaftServerConfigKeys (ConfUtils.java:logGet(43)) - raft.server.log.appender.buffer.byte-limit = 33554432 (custom)
2019-06-14 09:03:44,172 INFO  server.GrpcService (ConfUtils.java:logGet(43)) - raft.grpc.flow.control.window = 1MB (=1048576) (default)
2019-06-14 09:03:44,172 INFO  server.RaftServerConfigKeys (ConfUtils.java:logGet(43)) - raft.server.rpc.request.timeout = 3000ms (default)
2019-06-14 09:03:44,173 INFO  server.RaftServerConfigKeys (ConfUtils.java:logGet(43)) - raft.server.storage.dir = [/opt/src/hadoop-ozone/integration-test/target/test-dir/MiniOzoneClusterImpl-0a47cb53-57cb-474a-bdb0-4e878f688d1a/datanode-5/data/ratis] (custom)
2019-06-14 09:03:44,173 INFO  server.XceiverServerGrpc (XceiverServerGrpc.java:<init>(97)) - Found a free port for the server : 36119
2019-06-14 09:03:44,174 INFO  replication.SimpleContainerDownloader (SimpleContainerDownloader.java:<init>(72)) - Starting container downloader service to copy containers to replicate.
2019-06-14 09:03:44,174 INFO  hdfs.DFSUtil (DFSUtil.java:httpServerTemplateForNNAndJN(1641)) - Starting Web-server for hddsDatanode at: http://0.0.0.0:0
2019-06-14 09:03:44,175 INFO  server.AuthenticationFilter (AuthenticationFilter.java:constructSecretProvider(240)) - Unable to initialize FileSignerSecretProvider, falling back to use random secrets.
2019-06-14 09:03:44,176 WARN  http.HttpRequestLog (HttpRequestLog.java:getRequestLog(97)) - Jetty request log can only be enabled using Log4j
2019-06-14 09:03:44,177 INFO  http.HttpServer2 (HttpServer2.java:addGlobalFilter(975)) - Added global filter 'safety' (class=org.apache.hadoop.http.HttpServer2$QuotingInputFilter)
2019-06-14 09:03:44,178 INFO  http.HttpServer2 (HttpServer2.java:addFilter(948)) - Added filter static_user_filter (class=org.apache.hadoop.http.lib.StaticUserWebFilter$StaticUserFilter) to context hddsDatanode
2019-06-14 09:03:44,178 INFO  http.HttpServer2 (HttpServer2.java:addFilter(958)) - Added filter static_user_filter (class=org.apache.hadoop.http.lib.StaticUserWebFilter$StaticUserFilter) to context static
2019-06-14 09:03:44,178 INFO  http.HttpServer2 (HttpServer2.java:addFilter(958)) - Added filter static_user_filter (class=org.apache.hadoop.http.lib.StaticUserWebFilter$StaticUserFilter) to context logs
2019-06-14 09:03:44,179 INFO  http.HttpServer2 (HttpServer2.java:bindListener(1191)) - Jetty bound to port 38623
2019-06-14 09:03:44,179 INFO  server.Server (Server.java:doStart(351)) - jetty-9.3.24.v20180605, build timestamp: 2018-06-05T17:11:56Z, git hash: 84205aa28f11a4f31f2a3b86d1bba2cc8ab69827
2019-06-14 09:03:44,180 INFO  handler.ContextHandler (ContextHandler.java:doStart(781)) - Started o.e.j.s.ServletContextHandler@1d1deb11{/logs,file:///opt/src/hadoop-ozone/integration-test/target/log,AVAILABLE}
2019-06-14 09:03:44,181 INFO  handler.ContextHandler (ContextHandler.java:doStart(781)) - Started o.e.j.s.ServletContextHandler@5f4f6f89{/static,jar:file:/root/.m2/repository/org/apache/hadoop/hadoop-hdds-container-service/0.5.0-SNAPSHOT/hadoop-hdds-container-service-0.5.0-SNAPSHOT.jar!/webapps/static,AVAILABLE}
2019-06-14 09:03:44,200 INFO  handler.ContextHandler (ContextHandler.java:doStart(781)) - Started o.e.j.w.WebAppContext@4d66cb{/,file:///tmp/jetty-0.0.0.0-38623-hddsDatanode-_-any-7070760059536043998.dir/webapp/,AVAILABLE}{/hddsDatanode}
2019-06-14 09:03:44,200 INFO  server.AbstractConnector (AbstractConnector.java:doStart(278)) - Started ServerConnector@7c79f2cf{HTTP/1.1,[http/1.1]}{0.0.0.0:38623}
2019-06-14 09:03:44,201 INFO  server.Server (Server.java:doStart(419)) - Started @33643ms
2019-06-14 09:03:44,201 INFO  server.BaseHttpServer (BaseHttpServer.java:updateConnectorAddress(207)) - HTTP server of HDDSDATANODE is listening at http://0.0.0.0:38623
2019-06-14 09:03:44,315 INFO  ozone.HddsDatanodeService (HddsDatanodeService.java:startPlugins(396)) - Started plug-in org.apache.hadoop.ozone.web.OzoneHddsDatanodeService@24a7725d
2019-06-14 09:03:44,316 INFO  impl.MetricsSystemImpl (MetricsSystemImpl.java:init(158)) - HddsDatanode metrics system started (again)
2019-06-14 09:03:44,316 INFO  ozone.HddsDatanodeService (HddsDatanodeService.java:start(185)) - HddsDatanodeService host:ozone-xrdtn-3896089437 ip:192.168.105.147
2019-06-14 09:03:44,317 INFO  util.JvmPauseMonitor (JvmPauseMonitor.java:run(188)) - Starting JVM pause monitor
2019-06-14 09:03:44,318 INFO  datanode.InitDatanodeState (InitDatanodeState.java:persistContainerDatanodeDetails(140)) - DatanodeDetails is persisted to /opt/src/hadoop-ozone/integration-test/target/test-dir/MiniOzoneClusterImpl-0a47cb53-57cb-474a-bdb0-4e878f688d1a/datanode-5/meta/datanode.id
2019-06-14 09:03:44,321 INFO  volume.HddsVolume (HddsVolume.java:<init>(176)) - Creating Volume: /opt/src/hadoop-ozone/integration-test/target/test-dir/MiniOzoneClusterImpl-0a47cb53-57cb-474a-bdb0-4e878f688d1a/datanode-6/data/containers/hdds of  storage type : DISK and capacity : 104021790720
2019-06-14 09:03:44,321 INFO  volume.VolumeSet (VolumeSet.java:initializeVolumeSet(170)) - Added Volume : /opt/src/hadoop-ozone/integration-test/target/test-dir/MiniOzoneClusterImpl-0a47cb53-57cb-474a-bdb0-4e878f688d1a/datanode-6/data/containers/hdds to VolumeSet
2019-06-14 09:03:44,321 INFO  volume.ThrottledAsyncChecker (ThrottledAsyncChecker.java:schedule(140)) - Scheduling a check for org.apache.hadoop.ozone.container.common.volume.HddsVolume@6773bab2
2019-06-14 09:03:44,322 INFO  volume.HddsVolumeChecker (HddsVolumeChecker.java:checkAllVolumes(203)) - Scheduled health check for volume org.apache.hadoop.ozone.container.common.volume.HddsVolume@6773bab2
2019-06-14 09:03:44,330 INFO  ratis.XceiverServerRatis (XceiverServerRatis.java:newXceiverServerRatis(401)) - Found a free port for the server : 36125
2019-06-14 09:03:44,331 INFO  impl.RaftServerProxy (ConfUtils.java:logGet(43)) - raft.rpc.type = GRPC (default)
2019-06-14 09:03:44,331 INFO  grpc.GrpcConfigKeys$Server (ConfUtils.java:logGet(43)) - raft.grpc.server.port = 36125 (custom)
2019-06-14 09:03:44,332 INFO  server.GrpcService (ConfUtils.java:logGet(43)) - raft.grpc.message.size.max = 33570816 (custom)
2019-06-14 09:03:44,332 INFO  server.RaftServerConfigKeys (ConfUtils.java:logGet(43)) - raft.server.log.appender.buffer.byte-limit = 33554432 (custom)
2019-06-14 09:03:44,332 INFO  server.GrpcService (ConfUtils.java:logGet(43)) - raft.grpc.flow.control.window = 1MB (=1048576) (default)
2019-06-14 09:03:44,332 INFO  server.RaftServerConfigKeys (ConfUtils.java:logGet(43)) - raft.server.rpc.request.timeout = 3000ms (default)
2019-06-14 09:03:44,333 INFO  server.RaftServerConfigKeys (ConfUtils.java:logGet(43)) - raft.server.storage.dir = [/opt/src/hadoop-ozone/integration-test/target/test-dir/MiniOzoneClusterImpl-0a47cb53-57cb-474a-bdb0-4e878f688d1a/datanode-6/data/ratis] (custom)
2019-06-14 09:03:44,333 INFO  server.XceiverServerGrpc (XceiverServerGrpc.java:<init>(97)) - Found a free port for the server : 37955
2019-06-14 09:03:44,333 INFO  replication.SimpleContainerDownloader (SimpleContainerDownloader.java:<init>(72)) - Starting container downloader service to copy containers to replicate.
2019-06-14 09:03:44,334 INFO  hdfs.DFSUtil (DFSUtil.java:httpServerTemplateForNNAndJN(1641)) - Starting Web-server for hddsDatanode at: http://0.0.0.0:0
2019-06-14 09:03:44,335 INFO  server.AuthenticationFilter (AuthenticationFilter.java:constructSecretProvider(240)) - Unable to initialize FileSignerSecretProvider, falling back to use random secrets.
2019-06-14 09:03:44,337 WARN  http.HttpRequestLog (HttpRequestLog.java:getRequestLog(97)) - Jetty request log can only be enabled using Log4j
2019-06-14 09:03:44,338 INFO  http.HttpServer2 (HttpServer2.java:addGlobalFilter(975)) - Added global filter 'safety' (class=org.apache.hadoop.http.HttpServer2$QuotingInputFilter)
2019-06-14 09:03:44,339 INFO  http.HttpServer2 (HttpServer2.java:addFilter(948)) - Added filter static_user_filter (class=org.apache.hadoop.http.lib.StaticUserWebFilter$StaticUserFilter) to context hddsDatanode
2019-06-14 09:03:44,339 INFO  http.HttpServer2 (HttpServer2.java:addFilter(958)) - Added filter static_user_filter (class=org.apache.hadoop.http.lib.StaticUserWebFilter$StaticUserFilter) to context static
2019-06-14 09:03:44,339 INFO  http.HttpServer2 (HttpServer2.java:addFilter(958)) - Added filter static_user_filter (class=org.apache.hadoop.http.lib.StaticUserWebFilter$StaticUserFilter) to context logs
2019-06-14 09:03:44,340 INFO  http.HttpServer2 (HttpServer2.java:bindListener(1191)) - Jetty bound to port 43111
2019-06-14 09:03:44,340 INFO  server.Server (Server.java:doStart(351)) - jetty-9.3.24.v20180605, build timestamp: 2018-06-05T17:11:56Z, git hash: 84205aa28f11a4f31f2a3b86d1bba2cc8ab69827
2019-06-14 09:03:44,341 INFO  handler.ContextHandler (ContextHandler.java:doStart(781)) - Started o.e.j.s.ServletContextHandler@bd703bb{/logs,file:///opt/src/hadoop-ozone/integration-test/target/log,AVAILABLE}
2019-06-14 09:03:44,342 INFO  handler.ContextHandler (ContextHandler.java:doStart(781)) - Started o.e.j.s.ServletContextHandler@2e38d44e{/static,jar:file:/root/.m2/repository/org/apache/hadoop/hadoop-hdds-container-service/0.5.0-SNAPSHOT/hadoop-hdds-container-service-0.5.0-SNAPSHOT.jar!/webapps/static,AVAILABLE}
2019-06-14 09:03:44,369 INFO  handler.ContextHandler (ContextHandler.java:doStart(781)) - Started o.e.j.w.WebAppContext@1b5623b4{/,file:///tmp/jetty-0.0.0.0-43111-hddsDatanode-_-any-3592825564975178955.dir/webapp/,AVAILABLE}{/hddsDatanode}
2019-06-14 09:03:44,370 INFO  server.AbstractConnector (AbstractConnector.java:doStart(278)) - Started ServerConnector@8c34631{HTTP/1.1,[http/1.1]}{0.0.0.0:43111}
2019-06-14 09:03:44,370 INFO  server.Server (Server.java:doStart(419)) - Started @33813ms
2019-06-14 09:03:44,371 INFO  server.BaseHttpServer (BaseHttpServer.java:updateConnectorAddress(207)) - HTTP server of HDDSDATANODE is listening at http://0.0.0.0:43111
2019-06-14 09:03:44,449 INFO  ozone.HddsDatanodeService (HddsDatanodeService.java:startPlugins(396)) - Started plug-in org.apache.hadoop.ozone.web.OzoneHddsDatanodeService@2f82e3cf
2019-06-14 09:03:44,450 INFO  ozone.MiniOzoneClusterImpl (MiniOzoneClusterImpl.java:lambda$waitForClusterToBeReady$0(142)) - Waiting for cluster to be ready. Got 0 of 7 DN Heartbeats.
2019-06-14 09:03:44,450 INFO  util.JvmPauseMonitor (JvmPauseMonitor.java:run(188)) - Starting JVM pause monitor
2019-06-14 09:03:44,451 INFO  datanode.InitDatanodeState (InitDatanodeState.java:persistContainerDatanodeDetails(140)) - DatanodeDetails is persisted to /opt/src/hadoop-ozone/integration-test/target/test-dir/MiniOzoneClusterImpl-0a47cb53-57cb-474a-bdb0-4e878f688d1a/datanode-6/meta/datanode.id
2019-06-14 09:03:45,450 INFO  ozone.MiniOzoneClusterImpl (MiniOzoneClusterImpl.java:lambda$waitForClusterToBeReady$0(142)) - Waiting for cluster to be ready. Got 0 of 7 DN Heartbeats.
2019-06-14 09:03:45,457 INFO  ozoneimpl.OzoneContainer (OzoneContainer.java:start(186)) - Attempting to start container services.
2019-06-14 09:03:45,457 INFO  ozoneimpl.OzoneContainer (OzoneContainer.java:startContainerScrub(160)) - Background container scrubber has been disabled by hdds.containerscrub.enabled
2019-06-14 09:03:45,457 INFO  ratis.XceiverServerRatis (XceiverServerRatis.java:start(418)) - Starting XceiverServerRatis 9e3f1b17-73ea-4581-8638-5095590032ec at port 45977
2019-06-14 09:03:45,460 INFO  impl.RaftServerProxy (RaftServerProxy.java:lambda$start$3(299)) - 9e3f1b17-73ea-4581-8638-5095590032ec: start RPC server
2019-06-14 09:03:45,461 INFO  server.GrpcService (GrpcService.java:startImpl(148)) - 9e3f1b17-73ea-4581-8638-5095590032ec: GrpcService started, listening on 0.0.0.0/0.0.0.0:45977
2019-06-14 09:03:45,710 INFO  ozoneimpl.OzoneContainer (OzoneContainer.java:start(186)) - Attempting to start container services.
2019-06-14 09:03:45,710 INFO  ozoneimpl.OzoneContainer (OzoneContainer.java:startContainerScrub(160)) - Background container scrubber has been disabled by hdds.containerscrub.enabled
2019-06-14 09:03:45,710 INFO  ratis.XceiverServerRatis (XceiverServerRatis.java:start(418)) - Starting XceiverServerRatis ace3d32f-380b-4ca3-aa77-a2fbf0181366 at port 39167
2019-06-14 09:03:45,713 INFO  impl.RaftServerProxy (RaftServerProxy.java:lambda$start$3(299)) - ace3d32f-380b-4ca3-aa77-a2fbf0181366: start RPC server
2019-06-14 09:03:45,714 INFO  server.GrpcService (GrpcService.java:startImpl(148)) - ace3d32f-380b-4ca3-aa77-a2fbf0181366: GrpcService started, listening on 0.0.0.0/0.0.0.0:39167
2019-06-14 09:03:45,884 INFO  ozoneimpl.OzoneContainer (OzoneContainer.java:start(186)) - Attempting to start container services.
2019-06-14 09:03:45,884 INFO  ozoneimpl.OzoneContainer (OzoneContainer.java:startContainerScrub(160)) - Background container scrubber has been disabled by hdds.containerscrub.enabled
2019-06-14 09:03:45,884 INFO  ratis.XceiverServerRatis (XceiverServerRatis.java:start(418)) - Starting XceiverServerRatis 18ae2fde-5dc6-4cdf-9311-608733cc9025 at port 36629
2019-06-14 09:03:45,887 INFO  impl.RaftServerProxy (RaftServerProxy.java:lambda$start$3(299)) - 18ae2fde-5dc6-4cdf-9311-608733cc9025: start RPC server
2019-06-14 09:03:45,888 INFO  server.GrpcService (GrpcService.java:startImpl(148)) - 18ae2fde-5dc6-4cdf-9311-608733cc9025: GrpcService started, listening on 0.0.0.0/0.0.0.0:36629
2019-06-14 09:03:46,037 INFO  ozoneimpl.OzoneContainer (OzoneContainer.java:start(186)) - Attempting to start container services.
2019-06-14 09:03:46,037 INFO  ozoneimpl.OzoneContainer (OzoneContainer.java:startContainerScrub(160)) - Background container scrubber has been disabled by hdds.containerscrub.enabled
2019-06-14 09:03:46,037 INFO  ratis.XceiverServerRatis (XceiverServerRatis.java:start(418)) - Starting XceiverServerRatis cf91424c-955d-4916-8edf-1d1119d3a81d at port 40327
2019-06-14 09:03:46,041 INFO  impl.RaftServerProxy (RaftServerProxy.java:lambda$start$3(299)) - cf91424c-955d-4916-8edf-1d1119d3a81d: start RPC server
2019-06-14 09:03:46,041 INFO  server.GrpcService (GrpcService.java:startImpl(148)) - cf91424c-955d-4916-8edf-1d1119d3a81d: GrpcService started, listening on 0.0.0.0/0.0.0.0:40327
2019-06-14 09:03:46,159 INFO  ozoneimpl.OzoneContainer (OzoneContainer.java:start(186)) - Attempting to start container services.
2019-06-14 09:03:46,159 INFO  ozoneimpl.OzoneContainer (OzoneContainer.java:startContainerScrub(160)) - Background container scrubber has been disabled by hdds.containerscrub.enabled
2019-06-14 09:03:46,160 INFO  ratis.XceiverServerRatis (XceiverServerRatis.java:start(418)) - Starting XceiverServerRatis 70b4485b-f7ff-4414-a410-53e7f44865ae at port 43725
2019-06-14 09:03:46,162 INFO  impl.RaftServerProxy (RaftServerProxy.java:lambda$start$3(299)) - 70b4485b-f7ff-4414-a410-53e7f44865ae: start RPC server
2019-06-14 09:03:46,163 INFO  server.GrpcService (GrpcService.java:startImpl(148)) - 70b4485b-f7ff-4414-a410-53e7f44865ae: GrpcService started, listening on 0.0.0.0/0.0.0.0:43725
2019-06-14 09:03:46,320 INFO  ozoneimpl.OzoneContainer (OzoneContainer.java:start(186)) - Attempting to start container services.
2019-06-14 09:03:46,320 INFO  ozoneimpl.OzoneContainer (OzoneContainer.java:startContainerScrub(160)) - Background container scrubber has been disabled by hdds.containerscrub.enabled
2019-06-14 09:03:46,320 INFO  ratis.XceiverServerRatis (XceiverServerRatis.java:start(418)) - Starting XceiverServerRatis a266fe3a-59db-4ebb-a330-0c0550017278 at port 44865
2019-06-14 09:03:46,325 INFO  impl.RaftServerProxy (RaftServerProxy.java:lambda$start$3(299)) - a266fe3a-59db-4ebb-a330-0c0550017278: start RPC server
2019-06-14 09:03:46,334 INFO  server.GrpcService (GrpcService.java:startImpl(148)) - a266fe3a-59db-4ebb-a330-0c0550017278: GrpcService started, listening on 0.0.0.0/0.0.0.0:44865
2019-06-14 09:03:46,453 INFO  ozone.MiniOzoneClusterImpl (MiniOzoneClusterImpl.java:lambda$waitForClusterToBeReady$0(142)) - Waiting for cluster to be ready. Got 0 of 7 DN Heartbeats.
2019-06-14 09:03:46,454 INFO  ozoneimpl.OzoneContainer (OzoneContainer.java:start(186)) - Attempting to start container services.
2019-06-14 09:03:46,454 INFO  ozoneimpl.OzoneContainer (OzoneContainer.java:startContainerScrub(160)) - Background container scrubber has been disabled by hdds.containerscrub.enabled
2019-06-14 09:03:46,454 INFO  ratis.XceiverServerRatis (XceiverServerRatis.java:start(418)) - Starting XceiverServerRatis 2c1d9819-8753-4ac8-84ec-f38a25e486fb at port 36125
2019-06-14 09:03:46,457 INFO  impl.RaftServerProxy (RaftServerProxy.java:lambda$start$3(299)) - 2c1d9819-8753-4ac8-84ec-f38a25e486fb: start RPC server
2019-06-14 09:03:46,462 INFO  server.GrpcService (GrpcService.java:startImpl(148)) - 2c1d9819-8753-4ac8-84ec-f38a25e486fb: GrpcService started, listening on 0.0.0.0/0.0.0.0:36125
2019-06-14 09:03:47,452 INFO  node.SCMNodeManager (SCMNodeManager.java:register(234)) - Registered Data node : 9e3f1b17-73ea-4581-8638-5095590032ec{ip: 192.168.105.147, host: ozone-xrdtn-3896089437, networkLocation: /default-rack, certSerialId: null}
2019-06-14 09:03:47,454 INFO  ozone.MiniOzoneClusterImpl (MiniOzoneClusterImpl.java:lambda$waitForClusterToBeReady$0(142)) - Waiting for cluster to be ready. Got 1 of 7 DN Heartbeats.
2019-06-14 09:03:47,454 INFO  safemode.SCMSafeModeManager (DataNodeSafeModeRule.java:process(71)) - SCM in safe mode. 1 DataNodes registered, 1 required.
2019-06-14 09:03:47,457 INFO  safemode.SCMSafeModeManager (SCMSafeModeManager.java:validateSafeModeExitRules(177)) - ScmSafeModeManager, all rules are successfully validated
2019-06-14 09:03:47,457 INFO  safemode.SCMSafeModeManager (SCMSafeModeManager.java:exitSafeMode(193)) - SCM exiting safe mode.
2019-06-14 09:03:47,462 INFO  impl.RaftServerProxy (RaftServerProxy.java:addNew(89)) - 9e3f1b17-73ea-4581-8638-5095590032ec: addNew group-AB1CD24085AB:[9e3f1b17-73ea-4581-8638-5095590032ec:192.168.105.147:45977] returns group-AB1CD24085AB:java.util.concurrent.CompletableFuture@5b4ee3b7[Not completed]
2019-06-14 09:03:47,462 INFO  impl.RaftServerImpl (RaftServerImpl.java:<init>(91)) - 9e3f1b17-73ea-4581-8638-5095590032ec: new RaftServerImpl for group-AB1CD24085AB:[9e3f1b17-73ea-4581-8638-5095590032ec:192.168.105.147:45977] with ContainerStateMachine:uninitialized
2019-06-14 09:03:47,462 INFO  server.RaftServerConfigKeys (ConfUtils.java:logGet(43)) - raft.server.rpc.timeout.min = 1s (custom)
2019-06-14 09:03:47,463 INFO  server.RaftServerConfigKeys (ConfUtils.java:logGet(43)) - raft.server.rpc.timeout.max = 1200ms (custom)
2019-06-14 09:03:47,463 INFO  server.RaftServerConfigKeys (ConfUtils.java:logGet(43)) - raft.server.rpcslowness.timeout = 120s (custom)
2019-06-14 09:03:47,463 INFO  server.RaftServerConfigKeys (ConfUtils.java:logGet(43)) - raft.server.log.appender.install.snapshot.enabled = true (default)
2019-06-14 09:03:47,463 INFO  impl.RaftServerImpl (ServerState.java:<init>(101)) - 9e3f1b17-73ea-4581-8638-5095590032ec:group-AB1CD24085AB ConfigurationManager, init=-1: [9e3f1b17-73ea-4581-8638-5095590032ec:192.168.105.147:45977], old=null, confs=<EMPTY_MAP>
2019-06-14 09:03:47,463 INFO  server.RaftServerConfigKeys (ConfUtils.java:logGet(43)) - raft.server.storage.dir = [/opt/src/hadoop-ozone/integration-test/target/test-dir/MiniOzoneClusterImpl-0a47cb53-57cb-474a-bdb0-4e878f688d1a/datanode-0/data/ratis] (custom)
2019-06-14 09:03:47,463 INFO  storage.RaftStorageDirectory (RaftStorageDirectory.java:analyzeStorage(246)) - The storage directory /opt/src/hadoop-ozone/integration-test/target/test-dir/MiniOzoneClusterImpl-0a47cb53-57cb-474a-bdb0-4e878f688d1a/datanode-0/data/ratis/de77a328-65ec-4b48-9fc9-ab1cd24085ab does not exist. Creating ...
2019-06-14 09:03:47,465 INFO  storage.RaftStorageDirectory (RaftStorageDirectory.java:tryLock(328)) - Lock on /opt/src/hadoop-ozone/integration-test/target/test-dir/MiniOzoneClusterImpl-0a47cb53-57cb-474a-bdb0-4e878f688d1a/datanode-0/data/ratis/de77a328-65ec-4b48-9fc9-ab1cd24085ab/in_use.lock acquired by nodename 20799@ozone-xrdtn-3896089437
2019-06-14 09:03:47,468 INFO  storage.RaftStorage (RaftStorage.java:format(75)) - Storage directory /opt/src/hadoop-ozone/integration-test/target/test-dir/MiniOzoneClusterImpl-0a47cb53-57cb-474a-bdb0-4e878f688d1a/datanode-0/data/ratis/de77a328-65ec-4b48-9fc9-ab1cd24085ab has been successfully formatted.
2019-06-14 09:03:47,468 INFO  ratis.ContainerStateMachine (ContainerStateMachine.java:loadSnapshot(199)) - The snapshot info is null.Setting the last applied index to:(t:0, i:~)
2019-06-14 09:03:47,468 INFO  server.RaftServerConfigKeys (ConfUtils.java:logGet(43)) - raft.server.leader.election.timeout = 120s (custom)
2019-06-14 09:03:47,468 INFO  server.RaftServerConfigKeys (ConfUtils.java:logGet(43)) - raft.server.log.use.memory = false (default)
2019-06-14 09:03:47,468 INFO  server.RaftServerConfigKeys (ConfUtils.java:logGet(43)) - raft.server.log.appender.buffer.byte-limit = 33554432 (custom)
2019-06-14 09:03:47,468 INFO  server.RaftServerConfigKeys (ConfUtils.java:logGet(43)) - raft.server.log.segment.size.max = 16384 (custom)
2019-06-14 09:03:47,468 INFO  server.RaftServerConfigKeys (ConfUtils.java:logGet(43)) - raft.server.log.segment.cache.num.max = 2 (custom)
2019-06-14 09:03:47,468 INFO  storage.RaftLogWorker (RaftLogWorker.java:<init>(123)) - new 9e3f1b17-73ea-4581-8638-5095590032ec-RaftLogWorker for Storage Directory /opt/src/hadoop-ozone/integration-test/target/test-dir/MiniOzoneClusterImpl-0a47cb53-57cb-474a-bdb0-4e878f688d1a/datanode-0/data/ratis/de77a328-65ec-4b48-9fc9-ab1cd24085ab
2019-06-14 09:03:47,468 INFO  server.RaftServerConfigKeys (ConfUtils.java:logGet(43)) - raft.server.log.queue.byte-limit = 2147483647 (custom)
2019-06-14 09:03:47,469 INFO  server.RaftServerConfigKeys (ConfUtils.java:logGet(43)) - raft.server.log.queue.element-limit = 1024 (custom)
2019-06-14 09:03:47,469 INFO  server.RaftServerConfigKeys (ConfUtils.java:logGet(43)) - raft.server.log.segment.size.max = 16384 (custom)
2019-06-14 09:03:47,469 INFO  server.RaftServerConfigKeys (ConfUtils.java:logGet(43)) - raft.server.log.preallocated.size = 16384 (custom)
2019-06-14 09:03:47,469 INFO  server.RaftServerConfigKeys (ConfUtils.java:logGet(43)) - raft.server.log.write.buffer.size = 33554432 (custom)
2019-06-14 09:03:47,469 INFO  server.RaftServerConfigKeys (ConfUtils.java:logGet(43)) - raft.server.log.force.sync.num = 128 (default)
2019-06-14 09:03:47,469 INFO  server.RaftServerConfigKeys (ConfUtils.java:logGet(43)) - raft.server.log.statemachine.data.sync = true (default)
2019-06-14 09:03:47,469 INFO  server.RaftServerConfigKeys (ConfUtils.java:logGet(43)) - raft.server.log.statemachine.data.sync.timeout = 10s (default)
2019-06-14 09:03:47,469 INFO  server.RaftServerConfigKeys (ConfUtils.java:logGet(43)) - raft.server.log.statemachine.data.sync.timeout.retry = -1 (default)
2019-06-14 09:03:47,469 INFO  server.RaftServerConfigKeys (ConfUtils.java:logGet(43)) - raft.server.log.statemachine.data.caching.enabled = true (custom)
2019-06-14 09:03:47,469 INFO  server.RaftServerConfigKeys (ConfUtils.java:logGet(43)) - raft.server.snapshot.auto.trigger.enabled = true (custom)
2019-06-14 09:03:47,469 INFO  server.RaftServerConfigKeys (ConfUtils.java:logGet(43)) - raft.server.snapshot.auto.trigger.threshold = 10000 (custom)
2019-06-14 09:03:47,469 INFO  server.RaftServerConfigKeys (ConfUtils.java:logGet(43)) - raft.server.retrycache.expirytime = 600000ms (custom)
2019-06-14 09:03:47,470 INFO  impl.RaftServerImpl (RaftServerImpl.java:start(173)) - 9e3f1b17-73ea-4581-8638-5095590032ec: start group-AB1CD24085AB
2019-06-14 09:03:47,470 INFO  impl.RaftServerImpl (RaftServerImpl.java:setRole(164)) - 9e3f1b17-73ea-4581-8638-5095590032ec:group-AB1CD24085AB changes role from null to FOLLOWER at term 0 for startAsFollower
2019-06-14 09:03:47,470 INFO  impl.RoleInfo (RoleInfo.java:updateAndGet(143)) - 9e3f1b17-73ea-4581-8638-5095590032ec: start FollowerState
2019-06-14 09:03:47,470 INFO  util.JmxRegister (JmxRegister.java:tryRegister(44)) - Successfully registered JMX Bean with object name Ratis:service=RaftServer,group=group-AB1CD24085AB,id=9e3f1b17-73ea-4581-8638-5095590032ec
2019-06-14 09:03:47,471 INFO  pipeline.PipelineStateManager (PipelineStateManager.java:addPipeline(56)) - Created pipeline Pipeline[ Id: de77a328-65ec-4b48-9fc9-ab1cd24085ab, Nodes: 9e3f1b17-73ea-4581-8638-5095590032ec{ip: 192.168.105.147, host: ozone-xrdtn-3896089437, networkLocation: /default-rack, certSerialId: null}, Type:RATIS, Factor:ONE, State:OPEN]
2019-06-14 09:03:47,707 INFO  node.SCMNodeManager (SCMNodeManager.java:register(234)) - Registered Data node : ace3d32f-380b-4ca3-aa77-a2fbf0181366{ip: 192.168.105.147, host: ozone-xrdtn-3896089437, networkLocation: /default-rack, certSerialId: null}
2019-06-14 09:03:47,719 INFO  impl.RaftServerProxy (RaftServerProxy.java:addNew(89)) - ace3d32f-380b-4ca3-aa77-a2fbf0181366: addNew group-694AD84A1032:[ace3d32f-380b-4ca3-aa77-a2fbf0181366:192.168.105.147:39167] returns group-694AD84A1032:java.util.concurrent.CompletableFuture@375ec03a[Not completed]
2019-06-14 09:03:47,719 INFO  impl.RaftServerImpl (RaftServerImpl.java:<init>(91)) - ace3d32f-380b-4ca3-aa77-a2fbf0181366: new RaftServerImpl for group-694AD84A1032:[ace3d32f-380b-4ca3-aa77-a2fbf0181366:192.168.105.147:39167] with ContainerStateMachine:uninitialized
2019-06-14 09:03:47,719 INFO  server.RaftServerConfigKeys (ConfUtils.java:logGet(43)) - raft.server.rpc.timeout.min = 1s (custom)
2019-06-14 09:03:47,719 INFO  server.RaftServerConfigKeys (ConfUtils.java:logGet(43)) - raft.server.rpc.timeout.max = 1200ms (custom)
2019-06-14 09:03:47,719 INFO  server.RaftServerConfigKeys (ConfUtils.java:logGet(43)) - raft.server.rpcslowness.timeout = 120s (custom)
2019-06-14 09:03:47,719 INFO  server.RaftServerConfigKeys (ConfUtils.java:logGet(43)) - raft.server.log.appender.install.snapshot.enabled = true (default)
2019-06-14 09:03:47,719 INFO  impl.RaftServerImpl (ServerState.java:<init>(101)) - ace3d32f-380b-4ca3-aa77-a2fbf0181366:group-694AD84A1032 ConfigurationManager, init=-1: [ace3d32f-380b-4ca3-aa77-a2fbf0181366:192.168.105.147:39167], old=null, confs=<EMPTY_MAP>
2019-06-14 09:03:47,720 INFO  server.RaftServerConfigKeys (ConfUtils.java:logGet(43)) - raft.server.storage.dir = [/opt/src/hadoop-ozone/integration-test/target/test-dir/MiniOzoneClusterImpl-0a47cb53-57cb-474a-bdb0-4e878f688d1a/datanode-1/data/ratis] (custom)
2019-06-14 09:03:47,720 INFO  storage.RaftStorageDirectory (RaftStorageDirectory.java:analyzeStorage(246)) - The storage directory /opt/src/hadoop-ozone/integration-test/target/test-dir/MiniOzoneClusterImpl-0a47cb53-57cb-474a-bdb0-4e878f688d1a/datanode-1/data/ratis/acb9f3b5-f40d-4db0-9026-694ad84a1032 does not exist. Creating ...
2019-06-14 09:03:47,722 INFO  storage.RaftStorageDirectory (RaftStorageDirectory.java:tryLock(328)) - Lock on /opt/src/hadoop-ozone/integration-test/target/test-dir/MiniOzoneClusterImpl-0a47cb53-57cb-474a-bdb0-4e878f688d1a/datanode-1/data/ratis/acb9f3b5-f40d-4db0-9026-694ad84a1032/in_use.lock acquired by nodename 20799@ozone-xrdtn-3896089437
2019-06-14 09:03:47,724 INFO  storage.RaftStorage (RaftStorage.java:format(75)) - Storage directory /opt/src/hadoop-ozone/integration-test/target/test-dir/MiniOzoneClusterImpl-0a47cb53-57cb-474a-bdb0-4e878f688d1a/datanode-1/data/ratis/acb9f3b5-f40d-4db0-9026-694ad84a1032 has been successfully formatted.
2019-06-14 09:03:47,724 INFO  ratis.ContainerStateMachine (ContainerStateMachine.java:loadSnapshot(199)) - The snapshot info is null.Setting the last applied index to:(t:0, i:~)
2019-06-14 09:03:47,724 INFO  server.RaftServerConfigKeys (ConfUtils.java:logGet(43)) - raft.server.leader.election.timeout = 120s (custom)
2019-06-14 09:03:47,724 INFO  server.RaftServerConfigKeys (ConfUtils.java:logGet(43)) - raft.server.log.use.memory = false (default)
2019-06-14 09:03:47,724 INFO  server.RaftServerConfigKeys (ConfUtils.java:logGet(43)) - raft.server.log.appender.buffer.byte-limit = 33554432 (custom)
2019-06-14 09:03:47,724 INFO  server.RaftServerConfigKeys (ConfUtils.java:logGet(43)) - raft.server.log.segment.size.max = 16384 (custom)
2019-06-14 09:03:47,724 INFO  server.RaftServerConfigKeys (ConfUtils.java:logGet(43)) - raft.server.log.segment.cache.num.max = 2 (custom)
2019-06-14 09:03:47,725 INFO  storage.RaftLogWorker (RaftLogWorker.java:<init>(123)) - new ace3d32f-380b-4ca3-aa77-a2fbf0181366-RaftLogWorker for Storage Directory /opt/src/hadoop-ozone/integration-test/target/test-dir/MiniOzoneClusterImpl-0a47cb53-57cb-474a-bdb0-4e878f688d1a/datanode-1/data/ratis/acb9f3b5-f40d-4db0-9026-694ad84a1032
2019-06-14 09:03:47,725 INFO  server.RaftServerConfigKeys (ConfUtils.java:logGet(43)) - raft.server.log.queue.byte-limit = 2147483647 (custom)
2019-06-14 09:03:47,725 INFO  server.RaftServerConfigKeys (ConfUtils.java:logGet(43)) - raft.server.log.queue.element-limit = 1024 (custom)
2019-06-14 09:03:47,725 INFO  server.RaftServerConfigKeys (ConfUtils.java:logGet(43)) - raft.server.log.segment.size.max = 16384 (custom)
2019-06-14 09:03:47,725 INFO  server.RaftServerConfigKeys (ConfUtils.java:logGet(43)) - raft.server.log.preallocated.size = 16384 (custom)
2019-06-14 09:03:47,725 INFO  server.RaftServerConfigKeys (ConfUtils.java:logGet(43)) - raft.server.log.write.buffer.size = 33554432 (custom)
2019-06-14 09:03:47,725 INFO  server.RaftServerConfigKeys (ConfUtils.java:logGet(43)) - raft.server.log.force.sync.num = 128 (default)
2019-06-14 09:03:47,725 INFO  server.RaftServerConfigKeys (ConfUtils.java:logGet(43)) - raft.server.log.statemachine.data.sync = true (default)
2019-06-14 09:03:47,725 INFO  server.RaftServerConfigKeys (ConfUtils.java:logGet(43)) - raft.server.log.statemachine.data.sync.timeout = 10s (default)
2019-06-14 09:03:47,725 INFO  server.RaftServerConfigKeys (ConfUtils.java:logGet(43)) - raft.server.log.statemachine.data.sync.timeout.retry = -1 (default)
2019-06-14 09:03:47,725 INFO  server.RaftServerConfigKeys (ConfUtils.java:logGet(43)) - raft.server.log.statemachine.data.caching.enabled = true (custom)
2019-06-14 09:03:47,725 INFO  server.RaftServerConfigKeys (ConfUtils.java:logGet(43)) - raft.server.snapshot.auto.trigger.enabled = true (custom)
2019-06-14 09:03:47,726 INFO  server.RaftServerConfigKeys (ConfUtils.java:logGet(43)) - raft.server.snapshot.auto.trigger.threshold = 10000 (custom)
2019-06-14 09:03:47,726 INFO  server.RaftServerConfigKeys (ConfUtils.java:logGet(43)) - raft.server.retrycache.expirytime = 600000ms (custom)
2019-06-14 09:03:47,726 INFO  impl.RaftServerImpl (RaftServerImpl.java:start(173)) - ace3d32f-380b-4ca3-aa77-a2fbf0181366: start group-694AD84A1032
2019-06-14 09:03:47,726 INFO  impl.RaftServerImpl (RaftServerImpl.java:setRole(164)) - ace3d32f-380b-4ca3-aa77-a2fbf0181366:group-694AD84A1032 changes role from null to FOLLOWER at term 0 for startAsFollower
2019-06-14 09:03:47,726 INFO  impl.RoleInfo (RoleInfo.java:updateAndGet(143)) - ace3d32f-380b-4ca3-aa77-a2fbf0181366: start FollowerState
2019-06-14 09:03:47,726 INFO  util.JmxRegister (JmxRegister.java:tryRegister(44)) - Successfully registered JMX Bean with object name Ratis:service=RaftServer,group=group-694AD84A1032,id=ace3d32f-380b-4ca3-aa77-a2fbf0181366
2019-06-14 09:03:47,727 INFO  pipeline.PipelineStateManager (PipelineStateManager.java:addPipeline(56)) - Created pipeline Pipeline[ Id: acb9f3b5-f40d-4db0-9026-694ad84a1032, Nodes: ace3d32f-380b-4ca3-aa77-a2fbf0181366{ip: 192.168.105.147, host: ozone-xrdtn-3896089437, networkLocation: /default-rack, certSerialId: null}, Type:RATIS, Factor:ONE, State:OPEN]
2019-06-14 09:03:47,882 INFO  node.SCMNodeManager (SCMNodeManager.java:register(234)) - Registered Data node : 18ae2fde-5dc6-4cdf-9311-608733cc9025{ip: 192.168.105.147, host: ozone-xrdtn-3896089437, networkLocation: /default-rack, certSerialId: null}
2019-06-14 09:03:47,886 INFO  impl.RaftServerProxy (RaftServerProxy.java:addNew(89)) - 18ae2fde-5dc6-4cdf-9311-608733cc9025: addNew group-D7F28BE07EB4:[18ae2fde-5dc6-4cdf-9311-608733cc9025:192.168.105.147:36629] returns group-D7F28BE07EB4:java.util.concurrent.CompletableFuture@261240b[Not completed]
2019-06-14 09:03:47,887 INFO  impl.RaftServerImpl (RaftServerImpl.java:<init>(91)) - 18ae2fde-5dc6-4cdf-9311-608733cc9025: new RaftServerImpl for group-D7F28BE07EB4:[18ae2fde-5dc6-4cdf-9311-608733cc9025:192.168.105.147:36629] with ContainerStateMachine:uninitialized
2019-06-14 09:03:47,887 INFO  server.RaftServerConfigKeys (ConfUtils.java:logGet(43)) - raft.server.rpc.timeout.min = 1s (custom)
2019-06-14 09:03:47,887 INFO  server.RaftServerConfigKeys (ConfUtils.java:logGet(43)) - raft.server.rpc.timeout.max = 1200ms (custom)
2019-06-14 09:03:47,887 INFO  server.RaftServerConfigKeys (ConfUtils.java:logGet(43)) - raft.server.rpcslowness.timeout = 120s (custom)
2019-06-14 09:03:47,887 INFO  server.RaftServerConfigKeys (ConfUtils.java:logGet(43)) - raft.server.log.appender.install.snapshot.enabled = true (default)
2019-06-14 09:03:47,887 INFO  impl.RaftServerImpl (ServerState.java:<init>(101)) - 18ae2fde-5dc6-4cdf-9311-608733cc9025:group-D7F28BE07EB4 ConfigurationManager, init=-1: [18ae2fde-5dc6-4cdf-9311-608733cc9025:192.168.105.147:36629], old=null, confs=<EMPTY_MAP>
2019-06-14 09:03:47,887 INFO  server.RaftServerConfigKeys (ConfUtils.java:logGet(43)) - raft.server.storage.dir = [/opt/src/hadoop-ozone/integration-test/target/test-dir/MiniOzoneClusterImpl-0a47cb53-57cb-474a-bdb0-4e878f688d1a/datanode-2/data/ratis] (custom)
2019-06-14 09:03:47,888 INFO  storage.RaftStorageDirectory (RaftStorageDirectory.java:analyzeStorage(246)) - The storage directory /opt/src/hadoop-ozone/integration-test/target/test-dir/MiniOzoneClusterImpl-0a47cb53-57cb-474a-bdb0-4e878f688d1a/datanode-2/data/ratis/6681b259-a96d-4b9c-880a-d7f28be07eb4 does not exist. Creating ...
2019-06-14 09:03:47,890 INFO  storage.RaftStorageDirectory (RaftStorageDirectory.java:tryLock(328)) - Lock on /opt/src/hadoop-ozone/integration-test/target/test-dir/MiniOzoneClusterImpl-0a47cb53-57cb-474a-bdb0-4e878f688d1a/datanode-2/data/ratis/6681b259-a96d-4b9c-880a-d7f28be07eb4/in_use.lock acquired by nodename 20799@ozone-xrdtn-3896089437
2019-06-14 09:03:47,892 INFO  storage.RaftStorage (RaftStorage.java:format(75)) - Storage directory /opt/src/hadoop-ozone/integration-test/target/test-dir/MiniOzoneClusterImpl-0a47cb53-57cb-474a-bdb0-4e878f688d1a/datanode-2/data/ratis/6681b259-a96d-4b9c-880a-d7f28be07eb4 has been successfully formatted.
2019-06-14 09:03:47,893 INFO  ratis.ContainerStateMachine (ContainerStateMachine.java:loadSnapshot(199)) - The snapshot info is null.Setting the last applied index to:(t:0, i:~)
2019-06-14 09:03:47,893 INFO  server.RaftServerConfigKeys (ConfUtils.java:logGet(43)) - raft.server.leader.election.timeout = 120s (custom)
2019-06-14 09:03:47,893 INFO  server.RaftServerConfigKeys (ConfUtils.java:logGet(43)) - raft.server.log.use.memory = false (default)
2019-06-14 09:03:47,893 INFO  server.RaftServerConfigKeys (ConfUtils.java:logGet(43)) - raft.server.log.appender.buffer.byte-limit = 33554432 (custom)
2019-06-14 09:03:47,893 INFO  server.RaftServerConfigKeys (ConfUtils.java:logGet(43)) - raft.server.log.segment.size.max = 16384 (custom)
2019-06-14 09:03:47,893 INFO  server.RaftServerConfigKeys (ConfUtils.java:logGet(43)) - raft.server.log.segment.cache.num.max = 2 (custom)
2019-06-14 09:03:47,893 INFO  storage.RaftLogWorker (RaftLogWorker.java:<init>(123)) - new 18ae2fde-5dc6-4cdf-9311-608733cc9025-RaftLogWorker for Storage Directory /opt/src/hadoop-ozone/integration-test/target/test-dir/MiniOzoneClusterImpl-0a47cb53-57cb-474a-bdb0-4e878f688d1a/datanode-2/data/ratis/6681b259-a96d-4b9c-880a-d7f28be07eb4
2019-06-14 09:03:47,893 INFO  server.RaftServerConfigKeys (ConfUtils.java:logGet(43)) - raft.server.log.queue.byte-limit = 2147483647 (custom)
2019-06-14 09:03:47,893 INFO  server.RaftServerConfigKeys (ConfUtils.java:logGet(43)) - raft.server.log.queue.element-limit = 1024 (custom)
2019-06-14 09:03:47,893 INFO  server.RaftServerConfigKeys (ConfUtils.java:logGet(43)) - raft.server.log.segment.size.max = 16384 (custom)
2019-06-14 09:03:47,893 INFO  server.RaftServerConfigKeys (ConfUtils.java:logGet(43)) - raft.server.log.preallocated.size = 16384 (custom)
2019-06-14 09:03:47,893 INFO  server.RaftServerConfigKeys (ConfUtils.java:logGet(43)) - raft.server.log.write.buffer.size = 33554432 (custom)
2019-06-14 09:03:47,893 INFO  server.RaftServerConfigKeys (ConfUtils.java:logGet(43)) - raft.server.log.force.sync.num = 128 (default)
2019-06-14 09:03:47,894 INFO  server.RaftServerConfigKeys (ConfUtils.java:logGet(43)) - raft.server.log.statemachine.data.sync = true (default)
2019-06-14 09:03:47,894 INFO  server.RaftServerConfigKeys (ConfUtils.java:logGet(43)) - raft.server.log.statemachine.data.sync.timeout = 10s (default)
2019-06-14 09:03:47,894 INFO  server.RaftServerConfigKeys (ConfUtils.java:logGet(43)) - raft.server.log.statemachine.data.sync.timeout.retry = -1 (default)
2019-06-14 09:03:47,894 INFO  server.RaftServerConfigKeys (ConfUtils.java:logGet(43)) - raft.server.log.statemachine.data.caching.enabled = true (custom)
2019-06-14 09:03:47,894 INFO  server.RaftServerConfigKeys (ConfUtils.java:logGet(43)) - raft.server.snapshot.auto.trigger.enabled = true (custom)
2019-06-14 09:03:47,894 INFO  server.RaftServerConfigKeys (ConfUtils.java:logGet(43)) - raft.server.snapshot.auto.trigger.threshold = 10000 (custom)
2019-06-14 09:03:47,894 INFO  server.RaftServerConfigKeys (ConfUtils.java:logGet(43)) - raft.server.retrycache.expirytime = 600000ms (custom)
2019-06-14 09:03:47,894 INFO  impl.RaftServerImpl (RaftServerImpl.java:start(173)) - 18ae2fde-5dc6-4cdf-9311-608733cc9025: start group-D7F28BE07EB4
2019-06-14 09:03:47,894 INFO  impl.RaftServerImpl (RaftServerImpl.java:setRole(164)) - 18ae2fde-5dc6-4cdf-9311-608733cc9025:group-D7F28BE07EB4 changes role from null to FOLLOWER at term 0 for startAsFollower
2019-06-14 09:03:47,894 INFO  impl.RoleInfo (RoleInfo.java:updateAndGet(143)) - 18ae2fde-5dc6-4cdf-9311-608733cc9025: start FollowerState
2019-06-14 09:03:47,895 INFO  util.JmxRegister (JmxRegister.java:tryRegister(44)) - Successfully registered JMX Bean with object name Ratis:service=RaftServer,group=group-D7F28BE07EB4,id=18ae2fde-5dc6-4cdf-9311-608733cc9025
2019-06-14 09:03:47,896 INFO  pipeline.PipelineStateManager (PipelineStateManager.java:addPipeline(56)) - Created pipeline Pipeline[ Id: 6681b259-a96d-4b9c-880a-d7f28be07eb4, Nodes: 18ae2fde-5dc6-4cdf-9311-608733cc9025{ip: 192.168.105.147, host: ozone-xrdtn-3896089437, networkLocation: /default-rack, certSerialId: null}, Type:RATIS, Factor:ONE, State:OPEN]
2019-06-14 09:03:47,901 INFO  impl.RaftServerProxy (RaftServerProxy.java:addNew(89)) - ace3d32f-380b-4ca3-aa77-a2fbf0181366: addNew group-A76C031951A5:[ace3d32f-380b-4ca3-aa77-a2fbf0181366:192.168.105.147:39167, 9e3f1b17-73ea-4581-8638-5095590032ec:192.168.105.147:45977, 18ae2fde-5dc6-4cdf-9311-608733cc9025:192.168.105.147:36629] returns group-A76C031951A5:java.util.concurrent.CompletableFuture@bf3b14d[Not completed]
2019-06-14 09:03:47,901 INFO  impl.RaftServerImpl (RaftServerImpl.java:<init>(91)) - ace3d32f-380b-4ca3-aa77-a2fbf0181366: new RaftServerImpl for group-A76C031951A5:[ace3d32f-380b-4ca3-aa77-a2fbf0181366:192.168.105.147:39167, 9e3f1b17-73ea-4581-8638-5095590032ec:192.168.105.147:45977, 18ae2fde-5dc6-4cdf-9311-608733cc9025:192.168.105.147:36629] with ContainerStateMachine:uninitialized
2019-06-14 09:03:47,901 INFO  server.RaftServerConfigKeys (ConfUtils.java:logGet(43)) - raft.server.rpc.timeout.min = 1s (custom)
2019-06-14 09:03:47,901 INFO  server.RaftServerConfigKeys (ConfUtils.java:logGet(43)) - raft.server.rpc.timeout.max = 1200ms (custom)
2019-06-14 09:03:47,902 INFO  server.RaftServerConfigKeys (ConfUtils.java:logGet(43)) - raft.server.rpcslowness.timeout = 120s (custom)
2019-06-14 09:03:47,902 INFO  server.RaftServerConfigKeys (ConfUtils.java:logGet(43)) - raft.server.log.appender.install.snapshot.enabled = true (default)
2019-06-14 09:03:47,902 INFO  impl.RaftServerImpl (ServerState.java:<init>(101)) - ace3d32f-380b-4ca3-aa77-a2fbf0181366:group-A76C031951A5 ConfigurationManager, init=-1: [ace3d32f-380b-4ca3-aa77-a2fbf0181366:192.168.105.147:39167, 9e3f1b17-73ea-4581-8638-5095590032ec:192.168.105.147:45977, 18ae2fde-5dc6-4cdf-9311-608733cc9025:192.168.105.147:36629], old=null, confs=<EMPTY_MAP>
2019-06-14 09:03:47,902 INFO  server.RaftServerConfigKeys (ConfUtils.java:logGet(43)) - raft.server.storage.dir = [/opt/src/hadoop-ozone/integration-test/target/test-dir/MiniOzoneClusterImpl-0a47cb53-57cb-474a-bdb0-4e878f688d1a/datanode-1/data/ratis] (custom)
2019-06-14 09:03:47,902 INFO  storage.RaftStorageDirectory (RaftStorageDirectory.java:analyzeStorage(246)) - The storage directory /opt/src/hadoop-ozone/integration-test/target/test-dir/MiniOzoneClusterImpl-0a47cb53-57cb-474a-bdb0-4e878f688d1a/datanode-1/data/ratis/c3e657b7-7121-4107-a5e3-a76c031951a5 does not exist. Creating ...
2019-06-14 09:03:47,902 INFO  impl.RaftServerProxy (RaftServerProxy.java:addNew(89)) - 9e3f1b17-73ea-4581-8638-5095590032ec: addNew group-A76C031951A5:[ace3d32f-380b-4ca3-aa77-a2fbf0181366:192.168.105.147:39167, 9e3f1b17-73ea-4581-8638-5095590032ec:192.168.105.147:45977, 18ae2fde-5dc6-4cdf-9311-608733cc9025:192.168.105.147:36629] returns group-A76C031951A5:java.util.concurrent.CompletableFuture@3df6b3f5[Not completed]
2019-06-14 09:03:47,903 INFO  impl.RaftServerImpl (RaftServerImpl.java:<init>(91)) - 9e3f1b17-73ea-4581-8638-5095590032ec: new RaftServerImpl for group-A76C031951A5:[ace3d32f-380b-4ca3-aa77-a2fbf0181366:192.168.105.147:39167, 9e3f1b17-73ea-4581-8638-5095590032ec:192.168.105.147:45977, 18ae2fde-5dc6-4cdf-9311-608733cc9025:192.168.105.147:36629] with ContainerStateMachine:uninitialized
2019-06-14 09:03:47,903 INFO  server.RaftServerConfigKeys (ConfUtils.java:logGet(43)) - raft.server.rpc.timeout.min = 1s (custom)
2019-06-14 09:03:47,903 INFO  server.RaftServerConfigKeys (ConfUtils.java:logGet(43)) - raft.server.rpc.timeout.max = 1200ms (custom)
2019-06-14 09:03:47,903 INFO  server.RaftServerConfigKeys (ConfUtils.java:logGet(43)) - raft.server.rpcslowness.timeout = 120s (custom)
2019-06-14 09:03:47,903 INFO  server.RaftServerConfigKeys (ConfUtils.java:logGet(43)) - raft.server.log.appender.install.snapshot.enabled = true (default)
2019-06-14 09:03:47,903 INFO  impl.RaftServerImpl (ServerState.java:<init>(101)) - 9e3f1b17-73ea-4581-8638-5095590032ec:group-A76C031951A5 ConfigurationManager, init=-1: [ace3d32f-380b-4ca3-aa77-a2fbf0181366:192.168.105.147:39167, 9e3f1b17-73ea-4581-8638-5095590032ec:192.168.105.147:45977, 18ae2fde-5dc6-4cdf-9311-608733cc9025:192.168.105.147:36629], old=null, confs=<EMPTY_MAP>
2019-06-14 09:03:47,903 INFO  server.RaftServerConfigKeys (ConfUtils.java:logGet(43)) - raft.server.storage.dir = [/opt/src/hadoop-ozone/integration-test/target/test-dir/MiniOzoneClusterImpl-0a47cb53-57cb-474a-bdb0-4e878f688d1a/datanode-0/data/ratis] (custom)
2019-06-14 09:03:47,903 INFO  storage.RaftStorageDirectory (RaftStorageDirectory.java:analyzeStorage(246)) - The storage directory /opt/src/hadoop-ozone/integration-test/target/test-dir/MiniOzoneClusterImpl-0a47cb53-57cb-474a-bdb0-4e878f688d1a/datanode-0/data/ratis/c3e657b7-7121-4107-a5e3-a76c031951a5 does not exist. Creating ...
2019-06-14 09:03:47,904 INFO  impl.RaftServerProxy (RaftServerProxy.java:addNew(89)) - 18ae2fde-5dc6-4cdf-9311-608733cc9025: addNew group-A76C031951A5:[ace3d32f-380b-4ca3-aa77-a2fbf0181366:192.168.105.147:39167, 9e3f1b17-73ea-4581-8638-5095590032ec:192.168.105.147:45977, 18ae2fde-5dc6-4cdf-9311-608733cc9025:192.168.105.147:36629] returns group-A76C031951A5:java.util.concurrent.CompletableFuture@43c40130[Not completed]
2019-06-14 09:03:47,904 INFO  impl.RaftServerImpl (RaftServerImpl.java:<init>(91)) - 18ae2fde-5dc6-4cdf-9311-608733cc9025: new RaftServerImpl for group-A76C031951A5:[ace3d32f-380b-4ca3-aa77-a2fbf0181366:192.168.105.147:39167, 9e3f1b17-73ea-4581-8638-5095590032ec:192.168.105.147:45977, 18ae2fde-5dc6-4cdf-9311-608733cc9025:192.168.105.147:36629] with ContainerStateMachine:uninitialized
2019-06-14 09:03:47,904 INFO  server.RaftServerConfigKeys (ConfUtils.java:logGet(43)) - raft.server.rpc.timeout.min = 1s (custom)
2019-06-14 09:03:47,904 INFO  server.RaftServerConfigKeys (ConfUtils.java:logGet(43)) - raft.server.rpc.timeout.max = 1200ms (custom)
2019-06-14 09:03:47,904 INFO  server.RaftServerConfigKeys (ConfUtils.java:logGet(43)) - raft.server.rpcslowness.timeout = 120s (custom)
2019-06-14 09:03:47,904 INFO  server.RaftServerConfigKeys (ConfUtils.java:logGet(43)) - raft.server.log.appender.install.snapshot.enabled = true (default)
2019-06-14 09:03:47,905 INFO  impl.RaftServerImpl (ServerState.java:<init>(101)) - 18ae2fde-5dc6-4cdf-9311-608733cc9025:group-A76C031951A5 ConfigurationManager, init=-1: [ace3d32f-380b-4ca3-aa77-a2fbf0181366:192.168.105.147:39167, 9e3f1b17-73ea-4581-8638-5095590032ec:192.168.105.147:45977, 18ae2fde-5dc6-4cdf-9311-608733cc9025:192.168.105.147:36629], old=null, confs=<EMPTY_MAP>
2019-06-14 09:03:47,905 INFO  server.RaftServerConfigKeys (ConfUtils.java:logGet(43)) - raft.server.storage.dir = [/opt/src/hadoop-ozone/integration-test/target/test-dir/MiniOzoneClusterImpl-0a47cb53-57cb-474a-bdb0-4e878f688d1a/datanode-2/data/ratis] (custom)
2019-06-14 09:03:47,905 INFO  storage.RaftStorageDirectory (RaftStorageDirectory.java:analyzeStorage(246)) - The storage directory /opt/src/hadoop-ozone/integration-test/target/test-dir/MiniOzoneClusterImpl-0a47cb53-57cb-474a-bdb0-4e878f688d1a/datanode-2/data/ratis/c3e657b7-7121-4107-a5e3-a76c031951a5 does not exist. Creating ...
2019-06-14 09:03:47,905 INFO  storage.RaftStorageDirectory (RaftStorageDirectory.java:tryLock(328)) - Lock on /opt/src/hadoop-ozone/integration-test/target/test-dir/MiniOzoneClusterImpl-0a47cb53-57cb-474a-bdb0-4e878f688d1a/datanode-0/data/ratis/c3e657b7-7121-4107-a5e3-a76c031951a5/in_use.lock acquired by nodename 20799@ozone-xrdtn-3896089437
2019-06-14 09:03:47,905 INFO  storage.RaftStorageDirectory (RaftStorageDirectory.java:tryLock(328)) - Lock on /opt/src/hadoop-ozone/integration-test/target/test-dir/MiniOzoneClusterImpl-0a47cb53-57cb-474a-bdb0-4e878f688d1a/datanode-1/data/ratis/c3e657b7-7121-4107-a5e3-a76c031951a5/in_use.lock acquired by nodename 20799@ozone-xrdtn-3896089437
2019-06-14 09:03:47,907 INFO  storage.RaftStorageDirectory (RaftStorageDirectory.java:tryLock(328)) - Lock on /opt/src/hadoop-ozone/integration-test/target/test-dir/MiniOzoneClusterImpl-0a47cb53-57cb-474a-bdb0-4e878f688d1a/datanode-2/data/ratis/c3e657b7-7121-4107-a5e3-a76c031951a5/in_use.lock acquired by nodename 20799@ozone-xrdtn-3896089437
2019-06-14 09:03:47,907 INFO  storage.RaftStorage (RaftStorage.java:format(75)) - Storage directory /opt/src/hadoop-ozone/integration-test/target/test-dir/MiniOzoneClusterImpl-0a47cb53-57cb-474a-bdb0-4e878f688d1a/datanode-0/data/ratis/c3e657b7-7121-4107-a5e3-a76c031951a5 has been successfully formatted.
2019-06-14 09:03:47,907 INFO  ratis.ContainerStateMachine (ContainerStateMachine.java:loadSnapshot(199)) - The snapshot info is null.Setting the last applied index to:(t:0, i:~)
2019-06-14 09:03:47,907 INFO  server.RaftServerConfigKeys (ConfUtils.java:logGet(43)) - raft.server.leader.election.timeout = 120s (custom)
2019-06-14 09:03:47,907 INFO  server.RaftServerConfigKeys (ConfUtils.java:logGet(43)) - raft.server.log.use.memory = false (default)
2019-06-14 09:03:47,910 INFO  server.RaftServerConfigKeys (ConfUtils.java:logGet(43)) - raft.server.log.appender.buffer.byte-limit = 33554432 (custom)
2019-06-14 09:03:47,910 INFO  server.RaftServerConfigKeys (ConfUtils.java:logGet(43)) - raft.server.log.segment.size.max = 16384 (custom)
2019-06-14 09:03:47,910 INFO  server.RaftServerConfigKeys (ConfUtils.java:logGet(43)) - raft.server.log.segment.cache.num.max = 2 (custom)
2019-06-14 09:03:47,910 INFO  storage.RaftLogWorker (RaftLogWorker.java:<init>(123)) - new 9e3f1b17-73ea-4581-8638-5095590032ec-RaftLogWorker for Storage Directory /opt/src/hadoop-ozone/integration-test/target/test-dir/MiniOzoneClusterImpl-0a47cb53-57cb-474a-bdb0-4e878f688d1a/datanode-0/data/ratis/c3e657b7-7121-4107-a5e3-a76c031951a5
2019-06-14 09:03:47,910 INFO  storage.RaftStorage (RaftStorage.java:format(75)) - Storage directory /opt/src/hadoop-ozone/integration-test/target/test-dir/MiniOzoneClusterImpl-0a47cb53-57cb-474a-bdb0-4e878f688d1a/datanode-1/data/ratis/c3e657b7-7121-4107-a5e3-a76c031951a5 has been successfully formatted.
2019-06-14 09:03:47,911 INFO  server.RaftServerConfigKeys (ConfUtils.java:logGet(43)) - raft.server.log.queue.byte-limit = 2147483647 (custom)
2019-06-14 09:03:47,911 INFO  ratis.ContainerStateMachine (ContainerStateMachine.java:loadSnapshot(199)) - The snapshot info is null.Setting the last applied index to:(t:0, i:~)
2019-06-14 09:03:47,911 INFO  server.RaftServerConfigKeys (ConfUtils.java:logGet(43)) - raft.server.leader.election.timeout = 120s (custom)
2019-06-14 09:03:47,913 INFO  server.RaftServerConfigKeys (ConfUtils.java:logGet(43)) - raft.server.log.use.memory = false (default)
2019-06-14 09:03:47,913 INFO  server.RaftServerConfigKeys (ConfUtils.java:logGet(43)) - raft.server.log.appender.buffer.byte-limit = 33554432 (custom)
2019-06-14 09:03:47,913 INFO  server.RaftServerConfigKeys (ConfUtils.java:logGet(43)) - raft.server.log.segment.size.max = 16384 (custom)
2019-06-14 09:03:47,914 INFO  server.RaftServerConfigKeys (ConfUtils.java:logGet(43)) - raft.server.log.segment.cache.num.max = 2 (custom)
2019-06-14 09:03:47,914 INFO  storage.RaftLogWorker (RaftLogWorker.java:<init>(123)) - new ace3d32f-380b-4ca3-aa77-a2fbf0181366-RaftLogWorker for Storage Directory /opt/src/hadoop-ozone/integration-test/target/test-dir/MiniOzoneClusterImpl-0a47cb53-57cb-474a-bdb0-4e878f688d1a/datanode-1/data/ratis/c3e657b7-7121-4107-a5e3-a76c031951a5
2019-06-14 09:03:47,914 INFO  server.RaftServerConfigKeys (ConfUtils.java:logGet(43)) - raft.server.log.queue.byte-limit = 2147483647 (custom)
2019-06-14 09:03:47,914 INFO  server.RaftServerConfigKeys (ConfUtils.java:logGet(43)) - raft.server.log.queue.element-limit = 1024 (custom)
2019-06-14 09:03:47,914 INFO  server.RaftServerConfigKeys (ConfUtils.java:logGet(43)) - raft.server.log.segment.size.max = 16384 (custom)
2019-06-14 09:03:47,914 INFO  server.RaftServerConfigKeys (ConfUtils.java:logGet(43)) - raft.server.log.preallocated.size = 16384 (custom)
2019-06-14 09:03:47,914 INFO  server.RaftServerConfigKeys (ConfUtils.java:logGet(43)) - raft.server.log.write.buffer.size = 33554432 (custom)
2019-06-14 09:03:47,914 INFO  server.RaftServerConfigKeys (ConfUtils.java:logGet(43)) - raft.server.log.force.sync.num = 128 (default)
2019-06-14 09:03:47,914 INFO  server.RaftServerConfigKeys (ConfUtils.java:logGet(43)) - raft.server.log.statemachine.data.sync = true (default)
2019-06-14 09:03:47,914 INFO  server.RaftServerConfigKeys (ConfUtils.java:logGet(43)) - raft.server.log.statemachine.data.sync.timeout = 10s (default)
2019-06-14 09:03:47,915 INFO  server.RaftServerConfigKeys (ConfUtils.java:logGet(43)) - raft.server.log.statemachine.data.sync.timeout.retry = -1 (default)
2019-06-14 09:03:47,915 INFO  server.RaftServerConfigKeys (ConfUtils.java:logGet(43)) - raft.server.log.statemachine.data.caching.enabled = true (custom)
2019-06-14 09:03:47,911 INFO  storage.RaftStorage (RaftStorage.java:format(75)) - Storage directory /opt/src/hadoop-ozone/integration-test/target/test-dir/MiniOzoneClusterImpl-0a47cb53-57cb-474a-bdb0-4e878f688d1a/datanode-2/data/ratis/c3e657b7-7121-4107-a5e3-a76c031951a5 has been successfully formatted.
2019-06-14 09:03:47,915 INFO  ratis.ContainerStateMachine (ContainerStateMachine.java:loadSnapshot(199)) - The snapshot info is null.Setting the last applied index to:(t:0, i:~)
2019-06-14 09:03:47,915 INFO  server.RaftServerConfigKeys (ConfUtils.java:logGet(43)) - raft.server.leader.election.timeout = 120s (custom)
2019-06-14 09:03:47,915 INFO  server.RaftServerConfigKeys (ConfUtils.java:logGet(43)) - raft.server.log.use.memory = false (default)
2019-06-14 09:03:47,915 INFO  server.RaftServerConfigKeys (ConfUtils.java:logGet(43)) - raft.server.log.appender.buffer.byte-limit = 33554432 (custom)
2019-06-14 09:03:47,915 INFO  server.RaftServerConfigKeys (ConfUtils.java:logGet(43)) - raft.server.log.segment.size.max = 16384 (custom)
2019-06-14 09:03:47,916 INFO  server.RaftServerConfigKeys (ConfUtils.java:logGet(43)) - raft.server.log.segment.cache.num.max = 2 (custom)
2019-06-14 09:03:47,916 INFO  storage.RaftLogWorker (RaftLogWorker.java:<init>(123)) - new 18ae2fde-5dc6-4cdf-9311-608733cc9025-RaftLogWorker for Storage Directory /opt/src/hadoop-ozone/integration-test/target/test-dir/MiniOzoneClusterImpl-0a47cb53-57cb-474a-bdb0-4e878f688d1a/datanode-2/data/ratis/c3e657b7-7121-4107-a5e3-a76c031951a5
2019-06-14 09:03:47,916 INFO  server.RaftServerConfigKeys (ConfUtils.java:logGet(43)) - raft.server.log.queue.byte-limit = 2147483647 (custom)
2019-06-14 09:03:47,916 INFO  server.RaftServerConfigKeys (ConfUtils.java:logGet(43)) - raft.server.log.queue.element-limit = 1024 (custom)
2019-06-14 09:03:47,916 INFO  server.RaftServerConfigKeys (ConfUtils.java:logGet(43)) - raft.server.log.segment.size.max = 16384 (custom)
2019-06-14 09:03:47,916 INFO  server.RaftServerConfigKeys (ConfUtils.java:logGet(43)) - raft.server.log.preallocated.size = 16384 (custom)
2019-06-14 09:03:47,916 INFO  server.RaftServerConfigKeys (ConfUtils.java:logGet(43)) - raft.server.log.write.buffer.size = 33554432 (custom)
2019-06-14 09:03:47,916 INFO  server.RaftServerConfigKeys (ConfUtils.java:logGet(43)) - raft.server.log.force.sync.num = 128 (default)
2019-06-14 09:03:47,916 INFO  server.RaftServerConfigKeys (ConfUtils.java:logGet(43)) - raft.server.log.statemachine.data.sync = true (default)
2019-06-14 09:03:47,916 INFO  server.RaftServerConfigKeys (ConfUtils.java:logGet(43)) - raft.server.log.statemachine.data.sync.timeout = 10s (default)
2019-06-14 09:03:47,917 INFO  server.RaftServerConfigKeys (ConfUtils.java:logGet(43)) - raft.server.log.statemachine.data.sync.timeout.retry = -1 (default)
2019-06-14 09:03:47,917 INFO  server.RaftServerConfigKeys (ConfUtils.java:logGet(43)) - raft.server.log.statemachine.data.caching.enabled = true (custom)
2019-06-14 09:03:47,915 INFO  server.RaftServerConfigKeys (ConfUtils.java:logGet(43)) - raft.server.snapshot.auto.trigger.enabled = true (custom)
2019-06-14 09:03:47,911 INFO  server.RaftServerConfigKeys (ConfUtils.java:logGet(43)) - raft.server.log.queue.element-limit = 1024 (custom)
2019-06-14 09:03:47,917 INFO  server.RaftServerConfigKeys (ConfUtils.java:logGet(43)) - raft.server.snapshot.auto.trigger.threshold = 10000 (custom)
2019-06-14 09:03:47,917 INFO  server.RaftServerConfigKeys (ConfUtils.java:logGet(43)) - raft.server.snapshot.auto.trigger.enabled = true (custom)
2019-06-14 09:03:47,917 INFO  server.RaftServerConfigKeys (ConfUtils.java:logGet(43)) - raft.server.retrycache.expirytime = 600000ms (custom)
2019-06-14 09:03:47,917 INFO  server.RaftServerConfigKeys (ConfUtils.java:logGet(43)) - raft.server.log.segment.size.max = 16384 (custom)
2019-06-14 09:03:47,917 INFO  impl.RaftServerImpl (RaftServerImpl.java:start(173)) - ace3d32f-380b-4ca3-aa77-a2fbf0181366: start group-A76C031951A5
2019-06-14 09:03:47,917 INFO  server.RaftServerConfigKeys (ConfUtils.java:logGet(43)) - raft.server.snapshot.auto.trigger.threshold = 10000 (custom)
2019-06-14 09:03:47,918 INFO  impl.RaftServerImpl (RaftServerImpl.java:setRole(164)) - ace3d32f-380b-4ca3-aa77-a2fbf0181366:group-A76C031951A5 changes role from null to FOLLOWER at term 0 for startAsFollower
2019-06-14 09:03:47,917 INFO  server.RaftServerConfigKeys (ConfUtils.java:logGet(43)) - raft.server.log.preallocated.size = 16384 (custom)
2019-06-14 09:03:47,918 INFO  impl.RoleInfo (RoleInfo.java:updateAndGet(143)) - ace3d32f-380b-4ca3-aa77-a2fbf0181366: start FollowerState
2019-06-14 09:03:47,918 INFO  server.RaftServerConfigKeys (ConfUtils.java:logGet(43)) - raft.server.retrycache.expirytime = 600000ms (custom)
2019-06-14 09:03:47,918 INFO  server.RaftServerConfigKeys (ConfUtils.java:logGet(43)) - raft.server.log.write.buffer.size = 33554432 (custom)
2019-06-14 09:03:47,918 INFO  server.RaftServerConfigKeys (ConfUtils.java:logGet(43)) - raft.server.log.force.sync.num = 128 (default)
2019-06-14 09:03:47,918 INFO  util.JmxRegister (JmxRegister.java:tryRegister(44)) - Successfully registered JMX Bean with object name Ratis:service=RaftServer,group=group-A76C031951A5,id=ace3d32f-380b-4ca3-aa77-a2fbf0181366
2019-06-14 09:03:47,918 INFO  impl.RaftServerImpl (RaftServerImpl.java:start(173)) - 18ae2fde-5dc6-4cdf-9311-608733cc9025: start group-A76C031951A5
2019-06-14 09:03:47,918 INFO  server.RaftServerConfigKeys (ConfUtils.java:logGet(43)) - raft.server.log.statemachine.data.sync = true (default)
2019-06-14 09:03:47,918 INFO  impl.RaftServerImpl (RaftServerImpl.java:setRole(164)) - 18ae2fde-5dc6-4cdf-9311-608733cc9025:group-A76C031951A5 changes role from null to FOLLOWER at term 0 for startAsFollower
2019-06-14 09:03:47,918 INFO  server.RaftServerConfigKeys (ConfUtils.java:logGet(43)) - raft.server.log.statemachine.data.sync.timeout = 10s (default)
2019-06-14 09:03:47,918 INFO  server.RaftServerConfigKeys (ConfUtils.java:logGet(43)) - raft.server.log.statemachine.data.sync.timeout.retry = -1 (default)
2019-06-14 09:03:47,921 INFO  server.RaftServerConfigKeys (ConfUtils.java:logGet(43)) - raft.server.log.statemachine.data.caching.enabled = true (custom)
2019-06-14 09:03:47,923 INFO  impl.RoleInfo (RoleInfo.java:updateAndGet(143)) - 18ae2fde-5dc6-4cdf-9311-608733cc9025: start FollowerState
2019-06-14 09:03:47,927 INFO  server.RaftServerConfigKeys (ConfUtils.java:logGet(43)) - raft.server.snapshot.auto.trigger.enabled = true (custom)
2019-06-14 09:03:47,927 INFO  server.RaftServerConfigKeys (ConfUtils.java:logGet(43)) - raft.server.snapshot.auto.trigger.threshold = 10000 (custom)
2019-06-14 09:03:47,927 INFO  util.JmxRegister (JmxRegister.java:tryRegister(44)) - Successfully registered JMX Bean with object name Ratis:service=RaftServer,group=group-A76C031951A5,id=18ae2fde-5dc6-4cdf-9311-608733cc9025
2019-06-14 09:03:47,927 INFO  server.RaftServerConfigKeys (ConfUtils.java:logGet(43)) - raft.server.retrycache.expirytime = 600000ms (custom)
2019-06-14 09:03:47,927 INFO  impl.RaftServerImpl (RaftServerImpl.java:start(173)) - 9e3f1b17-73ea-4581-8638-5095590032ec: start group-A76C031951A5
2019-06-14 09:03:47,928 INFO  impl.RaftServerImpl (RaftServerImpl.java:setRole(164)) - 9e3f1b17-73ea-4581-8638-5095590032ec:group-A76C031951A5 changes role from null to FOLLOWER at term 0 for startAsFollower
2019-06-14 09:03:47,928 INFO  impl.RoleInfo (RoleInfo.java:updateAndGet(143)) - 9e3f1b17-73ea-4581-8638-5095590032ec: start FollowerState
2019-06-14 09:03:47,928 INFO  util.JmxRegister (JmxRegister.java:tryRegister(44)) - Successfully registered JMX Bean with object name Ratis:service=RaftServer,group=group-A76C031951A5,id=9e3f1b17-73ea-4581-8638-5095590032ec
2019-06-14 09:03:47,930 INFO  pipeline.PipelineStateManager (PipelineStateManager.java:addPipeline(56)) - Created pipeline Pipeline[ Id: c3e657b7-7121-4107-a5e3-a76c031951a5, Nodes: 9e3f1b17-73ea-4581-8638-5095590032ec{ip: 192.168.105.147, host: ozone-xrdtn-3896089437, networkLocation: /default-rack, certSerialId: null}ace3d32f-380b-4ca3-aa77-a2fbf0181366{ip: 192.168.105.147, host: ozone-xrdtn-3896089437, networkLocation: /default-rack, certSerialId: null}18ae2fde-5dc6-4cdf-9311-608733cc9025{ip: 192.168.105.147, host: ozone-xrdtn-3896089437, networkLocation: /default-rack, certSerialId: null}, Type:RATIS, Factor:THREE, State:OPEN]
2019-06-14 09:03:48,034 INFO  node.SCMNodeManager (SCMNodeManager.java:register(234)) - Registered Data node : cf91424c-955d-4916-8edf-1d1119d3a81d{ip: 192.168.105.147, host: ozone-xrdtn-3896089437, networkLocation: /default-rack, certSerialId: null}
2019-06-14 09:03:48,040 INFO  impl.RaftServerProxy (RaftServerProxy.java:addNew(89)) - cf91424c-955d-4916-8edf-1d1119d3a81d: addNew group-BC47E1119B3B:[cf91424c-955d-4916-8edf-1d1119d3a81d:192.168.105.147:40327] returns group-BC47E1119B3B:java.util.concurrent.CompletableFuture@26216f42[Not completed]
2019-06-14 09:03:48,044 INFO  impl.RaftServerImpl (RaftServerImpl.java:<init>(91)) - cf91424c-955d-4916-8edf-1d1119d3a81d: new RaftServerImpl for group-BC47E1119B3B:[cf91424c-955d-4916-8edf-1d1119d3a81d:192.168.105.147:40327] with ContainerStateMachine:uninitialized
2019-06-14 09:03:48,044 INFO  server.RaftServerConfigKeys (ConfUtils.java:logGet(43)) - raft.server.rpc.timeout.min = 1s (custom)
2019-06-14 09:03:48,044 INFO  server.RaftServerConfigKeys (ConfUtils.java:logGet(43)) - raft.server.rpc.timeout.max = 1200ms (custom)
2019-06-14 09:03:48,044 INFO  server.RaftServerConfigKeys (ConfUtils.java:logGet(43)) - raft.server.rpcslowness.timeout = 120s (custom)
2019-06-14 09:03:48,044 INFO  server.RaftServerConfigKeys (ConfUtils.java:logGet(43)) - raft.server.log.appender.install.snapshot.enabled = true (default)
2019-06-14 09:03:48,044 INFO  impl.RaftServerImpl (ServerState.java:<init>(101)) - cf91424c-955d-4916-8edf-1d1119d3a81d:group-BC47E1119B3B ConfigurationManager, init=-1: [cf91424c-955d-4916-8edf-1d1119d3a81d:192.168.105.147:40327], old=null, confs=<EMPTY_MAP>
2019-06-14 09:03:48,044 INFO  server.RaftServerConfigKeys (ConfUtils.java:logGet(43)) - raft.server.storage.dir = [/opt/src/hadoop-ozone/integration-test/target/test-dir/MiniOzoneClusterImpl-0a47cb53-57cb-474a-bdb0-4e878f688d1a/datanode-3/data/ratis] (custom)
2019-06-14 09:03:48,045 INFO  storage.RaftStorageDirectory (RaftStorageDirectory.java:analyzeStorage(246)) - The storage directory /opt/src/hadoop-ozone/integration-test/target/test-dir/MiniOzoneClusterImpl-0a47cb53-57cb-474a-bdb0-4e878f688d1a/datanode-3/data/ratis/4c14e34a-3163-40af-85d1-bc47e1119b3b does not exist. Creating ...
2019-06-14 09:03:48,047 INFO  storage.RaftStorageDirectory (RaftStorageDirectory.java:tryLock(328)) - Lock on /opt/src/hadoop-ozone/integration-test/target/test-dir/MiniOzoneClusterImpl-0a47cb53-57cb-474a-bdb0-4e878f688d1a/datanode-3/data/ratis/4c14e34a-3163-40af-85d1-bc47e1119b3b/in_use.lock acquired by nodename 20799@ozone-xrdtn-3896089437
2019-06-14 09:03:48,050 INFO  storage.RaftStorage (RaftStorage.java:format(75)) - Storage directory /opt/src/hadoop-ozone/integration-test/target/test-dir/MiniOzoneClusterImpl-0a47cb53-57cb-474a-bdb0-4e878f688d1a/datanode-3/data/ratis/4c14e34a-3163-40af-85d1-bc47e1119b3b has been successfully formatted.
2019-06-14 09:03:48,050 INFO  ratis.ContainerStateMachine (ContainerStateMachine.java:loadSnapshot(199)) - The snapshot info is null.Setting the last applied index to:(t:0, i:~)
2019-06-14 09:03:48,050 INFO  server.RaftServerConfigKeys (ConfUtils.java:logGet(43)) - raft.server.leader.election.timeout = 120s (custom)
2019-06-14 09:03:48,051 INFO  server.RaftServerConfigKeys (ConfUtils.java:logGet(43)) - raft.server.log.use.memory = false (default)
2019-06-14 09:03:48,051 INFO  server.RaftServerConfigKeys (ConfUtils.java:logGet(43)) - raft.server.log.appender.buffer.byte-limit = 33554432 (custom)
2019-06-14 09:03:48,051 INFO  server.RaftServerConfigKeys (ConfUtils.java:logGet(43)) - raft.server.log.segment.size.max = 16384 (custom)
2019-06-14 09:03:48,051 INFO  server.RaftServerConfigKeys (ConfUtils.java:logGet(43)) - raft.server.log.segment.cache.num.max = 2 (custom)
2019-06-14 09:03:48,051 INFO  storage.RaftLogWorker (RaftLogWorker.java:<init>(123)) - new cf91424c-955d-4916-8edf-1d1119d3a81d-RaftLogWorker for Storage Directory /opt/src/hadoop-ozone/integration-test/target/test-dir/MiniOzoneClusterImpl-0a47cb53-57cb-474a-bdb0-4e878f688d1a/datanode-3/data/ratis/4c14e34a-3163-40af-85d1-bc47e1119b3b
2019-06-14 09:03:48,051 INFO  server.RaftServerConfigKeys (ConfUtils.java:logGet(43)) - raft.server.log.queue.byte-limit = 2147483647 (custom)
2019-06-14 09:03:48,051 INFO  server.RaftServerConfigKeys (ConfUtils.java:logGet(43)) - raft.server.log.queue.element-limit = 1024 (custom)
2019-06-14 09:03:48,051 INFO  server.RaftServerConfigKeys (ConfUtils.java:logGet(43)) - raft.server.log.segment.size.max = 16384 (custom)
2019-06-14 09:03:48,051 INFO  server.RaftServerConfigKeys (ConfUtils.java:logGet(43)) - raft.server.log.preallocated.size = 16384 (custom)
2019-06-14 09:03:48,051 INFO  server.RaftServerConfigKeys (ConfUtils.java:logGet(43)) - raft.server.log.write.buffer.size = 33554432 (custom)
2019-06-14 09:03:48,051 INFO  server.RaftServerConfigKeys (ConfUtils.java:logGet(43)) - raft.server.log.force.sync.num = 128 (default)
2019-06-14 09:03:48,051 INFO  server.RaftServerConfigKeys (ConfUtils.java:logGet(43)) - raft.server.log.statemachine.data.sync = true (default)
2019-06-14 09:03:48,051 INFO  server.RaftServerConfigKeys (ConfUtils.java:logGet(43)) - raft.server.log.statemachine.data.sync.timeout = 10s (default)
2019-06-14 09:03:48,051 INFO  server.RaftServerConfigKeys (ConfUtils.java:logGet(43)) - raft.server.log.statemachine.data.sync.timeout.retry = -1 (default)
2019-06-14 09:03:48,051 INFO  server.RaftServerConfigKeys (ConfUtils.java:logGet(43)) - raft.server.log.statemachine.data.caching.enabled = true (custom)
2019-06-14 09:03:48,053 INFO  server.RaftServerConfigKeys (ConfUtils.java:logGet(43)) - raft.server.snapshot.auto.trigger.enabled = true (custom)
2019-06-14 09:03:48,053 INFO  server.RaftServerConfigKeys (ConfUtils.java:logGet(43)) - raft.server.snapshot.auto.trigger.threshold = 10000 (custom)
2019-06-14 09:03:48,053 INFO  server.RaftServerConfigKeys (ConfUtils.java:logGet(43)) - raft.server.retrycache.expirytime = 600000ms (custom)
2019-06-14 09:03:48,054 INFO  impl.RaftServerImpl (RaftServerImpl.java:start(173)) - cf91424c-955d-4916-8edf-1d1119d3a81d: start group-BC47E1119B3B
2019-06-14 09:03:48,054 INFO  impl.RaftServerImpl (RaftServerImpl.java:setRole(164)) - cf91424c-955d-4916-8edf-1d1119d3a81d:group-BC47E1119B3B changes role from null to FOLLOWER at term 0 for startAsFollower
2019-06-14 09:03:48,054 INFO  impl.RoleInfo (RoleInfo.java:updateAndGet(143)) - cf91424c-955d-4916-8edf-1d1119d3a81d: start FollowerState
2019-06-14 09:03:48,054 INFO  util.JmxRegister (JmxRegister.java:tryRegister(44)) - Successfully registered JMX Bean with object name Ratis:service=RaftServer,group=group-BC47E1119B3B,id=cf91424c-955d-4916-8edf-1d1119d3a81d
2019-06-14 09:03:48,061 INFO  pipeline.PipelineStateManager (PipelineStateManager.java:addPipeline(56)) - Created pipeline Pipeline[ Id: 4c14e34a-3163-40af-85d1-bc47e1119b3b, Nodes: cf91424c-955d-4916-8edf-1d1119d3a81d{ip: 192.168.105.147, host: ozone-xrdtn-3896089437, networkLocation: /default-rack, certSerialId: null}, Type:RATIS, Factor:ONE, State:OPEN]
2019-06-14 09:03:48,158 INFO  node.SCMNodeManager (SCMNodeManager.java:register(234)) - Registered Data node : 70b4485b-f7ff-4414-a410-53e7f44865ae{ip: 192.168.105.147, host: ozone-xrdtn-3896089437, networkLocation: /default-rack, certSerialId: null}
2019-06-14 09:03:48,164 INFO  impl.RaftServerProxy (RaftServerProxy.java:addNew(89)) - 70b4485b-f7ff-4414-a410-53e7f44865ae: addNew group-CCAC20989ABC:[70b4485b-f7ff-4414-a410-53e7f44865ae:192.168.105.147:43725] returns group-CCAC20989ABC:java.util.concurrent.CompletableFuture@46d2a254[Not completed]
2019-06-14 09:03:48,165 INFO  impl.RaftServerImpl (RaftServerImpl.java:<init>(91)) - 70b4485b-f7ff-4414-a410-53e7f44865ae: new RaftServerImpl for group-CCAC20989ABC:[70b4485b-f7ff-4414-a410-53e7f44865ae:192.168.105.147:43725] with ContainerStateMachine:uninitialized
2019-06-14 09:03:48,165 INFO  server.RaftServerConfigKeys (ConfUtils.java:logGet(43)) - raft.server.rpc.timeout.min = 1s (custom)
2019-06-14 09:03:48,165 INFO  server.RaftServerConfigKeys (ConfUtils.java:logGet(43)) - raft.server.rpc.timeout.max = 1200ms (custom)
2019-06-14 09:03:48,165 INFO  server.RaftServerConfigKeys (ConfUtils.java:logGet(43)) - raft.server.rpcslowness.timeout = 120s (custom)
2019-06-14 09:03:48,165 INFO  server.RaftServerConfigKeys (ConfUtils.java:logGet(43)) - raft.server.log.appender.install.snapshot.enabled = true (default)
2019-06-14 09:03:48,165 INFO  impl.RaftServerImpl (ServerState.java:<init>(101)) - 70b4485b-f7ff-4414-a410-53e7f44865ae:group-CCAC20989ABC ConfigurationManager, init=-1: [70b4485b-f7ff-4414-a410-53e7f44865ae:192.168.105.147:43725], old=null, confs=<EMPTY_MAP>
2019-06-14 09:03:48,165 INFO  server.RaftServerConfigKeys (ConfUtils.java:logGet(43)) - raft.server.storage.dir = [/opt/src/hadoop-ozone/integration-test/target/test-dir/MiniOzoneClusterImpl-0a47cb53-57cb-474a-bdb0-4e878f688d1a/datanode-4/data/ratis] (custom)
2019-06-14 09:03:48,166 INFO  storage.RaftStorageDirectory (RaftStorageDirectory.java:analyzeStorage(246)) - The storage directory /opt/src/hadoop-ozone/integration-test/target/test-dir/MiniOzoneClusterImpl-0a47cb53-57cb-474a-bdb0-4e878f688d1a/datanode-4/data/ratis/edcfd733-8e14-4cec-a414-ccac20989abc does not exist. Creating ...
2019-06-14 09:03:48,168 INFO  storage.RaftStorageDirectory (RaftStorageDirectory.java:tryLock(328)) - Lock on /opt/src/hadoop-ozone/integration-test/target/test-dir/MiniOzoneClusterImpl-0a47cb53-57cb-474a-bdb0-4e878f688d1a/datanode-4/data/ratis/edcfd733-8e14-4cec-a414-ccac20989abc/in_use.lock acquired by nodename 20799@ozone-xrdtn-3896089437
2019-06-14 09:03:48,170 INFO  storage.RaftStorage (RaftStorage.java:format(75)) - Storage directory /opt/src/hadoop-ozone/integration-test/target/test-dir/MiniOzoneClusterImpl-0a47cb53-57cb-474a-bdb0-4e878f688d1a/datanode-4/data/ratis/edcfd733-8e14-4cec-a414-ccac20989abc has been successfully formatted.
2019-06-14 09:03:48,170 INFO  ratis.ContainerStateMachine (ContainerStateMachine.java:loadSnapshot(199)) - The snapshot info is null.Setting the last applied index to:(t:0, i:~)
2019-06-14 09:03:48,170 INFO  server.RaftServerConfigKeys (ConfUtils.java:logGet(43)) - raft.server.leader.election.timeout = 120s (custom)
2019-06-14 09:03:48,171 INFO  server.RaftServerConfigKeys (ConfUtils.java:logGet(43)) - raft.server.log.use.memory = false (default)
2019-06-14 09:03:48,171 INFO  server.RaftServerConfigKeys (ConfUtils.java:logGet(43)) - raft.server.log.appender.buffer.byte-limit = 33554432 (custom)
2019-06-14 09:03:48,171 INFO  server.RaftServerConfigKeys (ConfUtils.java:logGet(43)) - raft.server.log.segment.size.max = 16384 (custom)
2019-06-14 09:03:48,171 INFO  server.RaftServerConfigKeys (ConfUtils.java:logGet(43)) - raft.server.log.segment.cache.num.max = 2 (custom)
2019-06-14 09:03:48,171 INFO  storage.RaftLogWorker (RaftLogWorker.java:<init>(123)) - new 70b4485b-f7ff-4414-a410-53e7f44865ae-RaftLogWorker for Storage Directory /opt/src/hadoop-ozone/integration-test/target/test-dir/MiniOzoneClusterImpl-0a47cb53-57cb-474a-bdb0-4e878f688d1a/datanode-4/data/ratis/edcfd733-8e14-4cec-a414-ccac20989abc
2019-06-14 09:03:48,171 INFO  server.RaftServerConfigKeys (ConfUtils.java:logGet(43)) - raft.server.log.queue.byte-limit = 2147483647 (custom)
2019-06-14 09:03:48,171 INFO  server.RaftServerConfigKeys (ConfUtils.java:logGet(43)) - raft.server.log.queue.element-limit = 1024 (custom)
2019-06-14 09:03:48,171 INFO  server.RaftServerConfigKeys (ConfUtils.java:logGet(43)) - raft.server.log.segment.size.max = 16384 (custom)
2019-06-14 09:03:48,171 INFO  server.RaftServerConfigKeys (ConfUtils.java:logGet(43)) - raft.server.log.preallocated.size = 16384 (custom)
2019-06-14 09:03:48,171 INFO  server.RaftServerConfigKeys (ConfUtils.java:logGet(43)) - raft.server.log.write.buffer.size = 33554432 (custom)
2019-06-14 09:03:48,172 INFO  server.RaftServerConfigKeys (ConfUtils.java:logGet(43)) - raft.server.log.force.sync.num = 128 (default)
2019-06-14 09:03:48,172 INFO  server.RaftServerConfigKeys (ConfUtils.java:logGet(43)) - raft.server.log.statemachine.data.sync = true (default)
2019-06-14 09:03:48,172 INFO  server.RaftServerConfigKeys (ConfUtils.java:logGet(43)) - raft.server.log.statemachine.data.sync.timeout = 10s (default)
2019-06-14 09:03:48,172 INFO  server.RaftServerConfigKeys (ConfUtils.java:logGet(43)) - raft.server.log.statemachine.data.sync.timeout.retry = -1 (default)
2019-06-14 09:03:48,172 INFO  server.RaftServerConfigKeys (ConfUtils.java:logGet(43)) - raft.server.log.statemachine.data.caching.enabled = true (custom)
2019-06-14 09:03:48,172 INFO  server.RaftServerConfigKeys (ConfUtils.java:logGet(43)) - raft.server.snapshot.auto.trigger.enabled = true (custom)
2019-06-14 09:03:48,173 INFO  server.RaftServerConfigKeys (ConfUtils.java:logGet(43)) - raft.server.snapshot.auto.trigger.threshold = 10000 (custom)
2019-06-14 09:03:48,173 INFO  server.RaftServerConfigKeys (ConfUtils.java:logGet(43)) - raft.server.retrycache.expirytime = 600000ms (custom)
2019-06-14 09:03:48,173 INFO  impl.RaftServerImpl (RaftServerImpl.java:start(173)) - 70b4485b-f7ff-4414-a410-53e7f44865ae: start group-CCAC20989ABC
2019-06-14 09:03:48,173 INFO  impl.RaftServerImpl (RaftServerImpl.java:setRole(164)) - 70b4485b-f7ff-4414-a410-53e7f44865ae:group-CCAC20989ABC changes role from null to FOLLOWER at term 0 for startAsFollower
2019-06-14 09:03:48,173 INFO  impl.RoleInfo (RoleInfo.java:updateAndGet(143)) - 70b4485b-f7ff-4414-a410-53e7f44865ae: start FollowerState
2019-06-14 09:03:48,177 INFO  util.JmxRegister (JmxRegister.java:tryRegister(44)) - Successfully registered JMX Bean with object name Ratis:service=RaftServer,group=group-CCAC20989ABC,id=70b4485b-f7ff-4414-a410-53e7f44865ae
2019-06-14 09:03:48,193 INFO  pipeline.PipelineStateManager (PipelineStateManager.java:addPipeline(56)) - Created pipeline Pipeline[ Id: edcfd733-8e14-4cec-a414-ccac20989abc, Nodes: 70b4485b-f7ff-4414-a410-53e7f44865ae{ip: 192.168.105.147, host: ozone-xrdtn-3896089437, networkLocation: /default-rack, certSerialId: null}, Type:RATIS, Factor:ONE, State:OPEN]
2019-06-14 09:03:48,319 INFO  node.SCMNodeManager (SCMNodeManager.java:register(234)) - Registered Data node : a266fe3a-59db-4ebb-a330-0c0550017278{ip: 192.168.105.147, host: ozone-xrdtn-3896089437, networkLocation: /default-rack, certSerialId: null}
2019-06-14 09:03:48,326 INFO  impl.RaftServerProxy (RaftServerProxy.java:addNew(89)) - a266fe3a-59db-4ebb-a330-0c0550017278: addNew group-42AC195D99E0:[a266fe3a-59db-4ebb-a330-0c0550017278:192.168.105.147:44865] returns group-42AC195D99E0:java.util.concurrent.CompletableFuture@4761d3b1[Not completed]
2019-06-14 09:03:48,326 INFO  impl.RaftServerImpl (RaftServerImpl.java:<init>(91)) - a266fe3a-59db-4ebb-a330-0c0550017278: new RaftServerImpl for group-42AC195D99E0:[a266fe3a-59db-4ebb-a330-0c0550017278:192.168.105.147:44865] with ContainerStateMachine:uninitialized
2019-06-14 09:03:48,327 INFO  server.RaftServerConfigKeys (ConfUtils.java:logGet(43)) - raft.server.rpc.timeout.min = 1s (custom)
2019-06-14 09:03:48,327 INFO  server.RaftServerConfigKeys (ConfUtils.java:logGet(43)) - raft.server.rpc.timeout.max = 1200ms (custom)
2019-06-14 09:03:48,327 INFO  server.RaftServerConfigKeys (ConfUtils.java:logGet(43)) - raft.server.rpcslowness.timeout = 120s (custom)
2019-06-14 09:03:48,327 INFO  server.RaftServerConfigKeys (ConfUtils.java:logGet(43)) - raft.server.log.appender.install.snapshot.enabled = true (default)
2019-06-14 09:03:48,327 INFO  impl.RaftServerImpl (ServerState.java:<init>(101)) - a266fe3a-59db-4ebb-a330-0c0550017278:group-42AC195D99E0 ConfigurationManager, init=-1: [a266fe3a-59db-4ebb-a330-0c0550017278:192.168.105.147:44865], old=null, confs=<EMPTY_MAP>
2019-06-14 09:03:48,327 INFO  server.RaftServerConfigKeys (ConfUtils.java:logGet(43)) - raft.server.storage.dir = [/opt/src/hadoop-ozone/integration-test/target/test-dir/MiniOzoneClusterImpl-0a47cb53-57cb-474a-bdb0-4e878f688d1a/datanode-5/data/ratis] (custom)
2019-06-14 09:03:48,327 INFO  storage.RaftStorageDirectory (RaftStorageDirectory.java:analyzeStorage(246)) - The storage directory /opt/src/hadoop-ozone/integration-test/target/test-dir/MiniOzoneClusterImpl-0a47cb53-57cb-474a-bdb0-4e878f688d1a/datanode-5/data/ratis/0e259bc7-94cf-4166-819c-42ac195d99e0 does not exist. Creating ...
2019-06-14 09:03:48,329 INFO  storage.RaftStorageDirectory (RaftStorageDirectory.java:tryLock(328)) - Lock on /opt/src/hadoop-ozone/integration-test/target/test-dir/MiniOzoneClusterImpl-0a47cb53-57cb-474a-bdb0-4e878f688d1a/datanode-5/data/ratis/0e259bc7-94cf-4166-819c-42ac195d99e0/in_use.lock acquired by nodename 20799@ozone-xrdtn-3896089437
2019-06-14 09:03:48,331 INFO  storage.RaftStorage (RaftStorage.java:format(75)) - Storage directory /opt/src/hadoop-ozone/integration-test/target/test-dir/MiniOzoneClusterImpl-0a47cb53-57cb-474a-bdb0-4e878f688d1a/datanode-5/data/ratis/0e259bc7-94cf-4166-819c-42ac195d99e0 has been successfully formatted.
2019-06-14 09:03:48,332 INFO  ratis.ContainerStateMachine (ContainerStateMachine.java:loadSnapshot(199)) - The snapshot info is null.Setting the last applied index to:(t:0, i:~)
2019-06-14 09:03:48,332 INFO  server.RaftServerConfigKeys (ConfUtils.java:logGet(43)) - raft.server.leader.election.timeout = 120s (custom)
2019-06-14 09:03:48,332 INFO  server.RaftServerConfigKeys (ConfUtils.java:logGet(43)) - raft.server.log.use.memory = false (default)
2019-06-14 09:03:48,332 INFO  server.RaftServerConfigKeys (ConfUtils.java:logGet(43)) - raft.server.log.appender.buffer.byte-limit = 33554432 (custom)
2019-06-14 09:03:48,332 INFO  server.RaftServerConfigKeys (ConfUtils.java:logGet(43)) - raft.server.log.segment.size.max = 16384 (custom)
2019-06-14 09:03:48,332 INFO  server.RaftServerConfigKeys (ConfUtils.java:logGet(43)) - raft.server.log.segment.cache.num.max = 2 (custom)
2019-06-14 09:03:48,332 INFO  storage.RaftLogWorker (RaftLogWorker.java:<init>(123)) - new a266fe3a-59db-4ebb-a330-0c0550017278-RaftLogWorker for Storage Directory /opt/src/hadoop-ozone/integration-test/target/test-dir/MiniOzoneClusterImpl-0a47cb53-57cb-474a-bdb0-4e878f688d1a/datanode-5/data/ratis/0e259bc7-94cf-4166-819c-42ac195d99e0
2019-06-14 09:03:48,332 INFO  server.RaftServerConfigKeys (ConfUtils.java:logGet(43)) - raft.server.log.queue.byte-limit = 2147483647 (custom)
2019-06-14 09:03:48,332 INFO  server.RaftServerConfigKeys (ConfUtils.java:logGet(43)) - raft.server.log.queue.element-limit = 1024 (custom)
2019-06-14 09:03:48,332 INFO  server.RaftServerConfigKeys (ConfUtils.java:logGet(43)) - raft.server.log.segment.size.max = 16384 (custom)
2019-06-14 09:03:48,332 INFO  server.RaftServerConfigKeys (ConfUtils.java:logGet(43)) - raft.server.log.preallocated.size = 16384 (custom)
2019-06-14 09:03:48,332 INFO  server.RaftServerConfigKeys (ConfUtils.java:logGet(43)) - raft.server.log.write.buffer.size = 33554432 (custom)
2019-06-14 09:03:48,332 INFO  server.RaftServerConfigKeys (ConfUtils.java:logGet(43)) - raft.server.log.force.sync.num = 128 (default)
2019-06-14 09:03:48,332 INFO  server.RaftServerConfigKeys (ConfUtils.java:logGet(43)) - raft.server.log.statemachine.data.sync = true (default)
2019-06-14 09:03:48,332 INFO  server.RaftServerConfigKeys (ConfUtils.java:logGet(43)) - raft.server.log.statemachine.data.sync.timeout = 10s (default)
2019-06-14 09:03:48,333 INFO  server.RaftServerConfigKeys (ConfUtils.java:logGet(43)) - raft.server.log.statemachine.data.sync.timeout.retry = -1 (default)
2019-06-14 09:03:48,333 INFO  server.RaftServerConfigKeys (ConfUtils.java:logGet(43)) - raft.server.log.statemachine.data.caching.enabled = true (custom)
2019-06-14 09:03:48,333 INFO  server.RaftServerConfigKeys (ConfUtils.java:logGet(43)) - raft.server.snapshot.auto.trigger.enabled = true (custom)
2019-06-14 09:03:48,333 INFO  server.RaftServerConfigKeys (ConfUtils.java:logGet(43)) - raft.server.snapshot.auto.trigger.threshold = 10000 (custom)
2019-06-14 09:03:48,333 INFO  server.RaftServerConfigKeys (ConfUtils.java:logGet(43)) - raft.server.retrycache.expirytime = 600000ms (custom)
2019-06-14 09:03:48,333 INFO  impl.RaftServerImpl (RaftServerImpl.java:start(173)) - a266fe3a-59db-4ebb-a330-0c0550017278: start group-42AC195D99E0
2019-06-14 09:03:48,333 INFO  impl.RaftServerImpl (RaftServerImpl.java:setRole(164)) - a266fe3a-59db-4ebb-a330-0c0550017278:group-42AC195D99E0 changes role from null to FOLLOWER at term 0 for startAsFollower
2019-06-14 09:03:48,333 INFO  impl.RoleInfo (RoleInfo.java:updateAndGet(143)) - a266fe3a-59db-4ebb-a330-0c0550017278: start FollowerState
2019-06-14 09:03:48,334 INFO  util.JmxRegister (JmxRegister.java:tryRegister(44)) - Successfully registered JMX Bean with object name Ratis:service=RaftServer,group=group-42AC195D99E0,id=a266fe3a-59db-4ebb-a330-0c0550017278
2019-06-14 09:03:48,337 INFO  pipeline.PipelineStateManager (PipelineStateManager.java:addPipeline(56)) - Created pipeline Pipeline[ Id: 0e259bc7-94cf-4166-819c-42ac195d99e0, Nodes: a266fe3a-59db-4ebb-a330-0c0550017278{ip: 192.168.105.147, host: ozone-xrdtn-3896089437, networkLocation: /default-rack, certSerialId: null}, Type:RATIS, Factor:ONE, State:OPEN]
2019-06-14 09:03:48,351 INFO  impl.RaftServerProxy (RaftServerProxy.java:addNew(89)) - a266fe3a-59db-4ebb-a330-0c0550017278: addNew group-6542006A3A57:[70b4485b-f7ff-4414-a410-53e7f44865ae:192.168.105.147:43725, a266fe3a-59db-4ebb-a330-0c0550017278:192.168.105.147:44865, cf91424c-955d-4916-8edf-1d1119d3a81d:192.168.105.147:40327] returns group-6542006A3A57:java.util.concurrent.CompletableFuture@38252a3d[Not completed]
2019-06-14 09:03:48,351 INFO  impl.RaftServerProxy (RaftServerProxy.java:addNew(89)) - 70b4485b-f7ff-4414-a410-53e7f44865ae: addNew group-6542006A3A57:[70b4485b-f7ff-4414-a410-53e7f44865ae:192.168.105.147:43725, a266fe3a-59db-4ebb-a330-0c0550017278:192.168.105.147:44865, cf91424c-955d-4916-8edf-1d1119d3a81d:192.168.105.147:40327] returns group-6542006A3A57:java.util.concurrent.CompletableFuture@79b3e8f0[Not completed]
2019-06-14 09:03:48,351 INFO  impl.RaftServerImpl (RaftServerImpl.java:<init>(91)) - 70b4485b-f7ff-4414-a410-53e7f44865ae: new RaftServerImpl for group-6542006A3A57:[70b4485b-f7ff-4414-a410-53e7f44865ae:192.168.105.147:43725, a266fe3a-59db-4ebb-a330-0c0550017278:192.168.105.147:44865, cf91424c-955d-4916-8edf-1d1119d3a81d:192.168.105.147:40327] with ContainerStateMachine:uninitialized
2019-06-14 09:03:48,351 INFO  server.RaftServerConfigKeys (ConfUtils.java:logGet(43)) - raft.server.rpc.timeout.min = 1s (custom)
2019-06-14 09:03:48,352 INFO  server.RaftServerConfigKeys (ConfUtils.java:logGet(43)) - raft.server.rpc.timeout.max = 1200ms (custom)
2019-06-14 09:03:48,352 INFO  server.RaftServerConfigKeys (ConfUtils.java:logGet(43)) - raft.server.rpcslowness.timeout = 120s (custom)
2019-06-14 09:03:48,352 INFO  server.RaftServerConfigKeys (ConfUtils.java:logGet(43)) - raft.server.log.appender.install.snapshot.enabled = true (default)
2019-06-14 09:03:48,352 INFO  impl.RaftServerImpl (ServerState.java:<init>(101)) - 70b4485b-f7ff-4414-a410-53e7f44865ae:group-6542006A3A57 ConfigurationManager, init=-1: [70b4485b-f7ff-4414-a410-53e7f44865ae:192.168.105.147:43725, a266fe3a-59db-4ebb-a330-0c0550017278:192.168.105.147:44865, cf91424c-955d-4916-8edf-1d1119d3a81d:192.168.105.147:40327], old=null, confs=<EMPTY_MAP>
2019-06-14 09:03:48,352 INFO  impl.RaftServerProxy (RaftServerProxy.java:addNew(89)) - cf91424c-955d-4916-8edf-1d1119d3a81d: addNew group-6542006A3A57:[70b4485b-f7ff-4414-a410-53e7f44865ae:192.168.105.147:43725, a266fe3a-59db-4ebb-a330-0c0550017278:192.168.105.147:44865, cf91424c-955d-4916-8edf-1d1119d3a81d:192.168.105.147:40327] returns group-6542006A3A57:java.util.concurrent.CompletableFuture@3086502c[Not completed]
2019-06-14 09:03:48,352 INFO  server.RaftServerConfigKeys (ConfUtils.java:logGet(43)) - raft.server.storage.dir = [/opt/src/hadoop-ozone/integration-test/target/test-dir/MiniOzoneClusterImpl-0a47cb53-57cb-474a-bdb0-4e878f688d1a/datanode-4/data/ratis] (custom)
2019-06-14 09:03:48,352 INFO  storage.RaftStorageDirectory (RaftStorageDirectory.java:analyzeStorage(246)) - The storage directory /opt/src/hadoop-ozone/integration-test/target/test-dir/MiniOzoneClusterImpl-0a47cb53-57cb-474a-bdb0-4e878f688d1a/datanode-4/data/ratis/b9df11a6-c2b5-46d7-89f9-6542006a3a57 does not exist. Creating ...
2019-06-14 09:03:48,352 INFO  impl.RaftServerImpl (RaftServerImpl.java:<init>(91)) - cf91424c-955d-4916-8edf-1d1119d3a81d: new RaftServerImpl for group-6542006A3A57:[70b4485b-f7ff-4414-a410-53e7f44865ae:192.168.105.147:43725, a266fe3a-59db-4ebb-a330-0c0550017278:192.168.105.147:44865, cf91424c-955d-4916-8edf-1d1119d3a81d:192.168.105.147:40327] with ContainerStateMachine:uninitialized
2019-06-14 09:03:48,353 INFO  server.RaftServerConfigKeys (ConfUtils.java:logGet(43)) - raft.server.rpc.timeout.min = 1s (custom)
2019-06-14 09:03:48,353 INFO  server.RaftServerConfigKeys (ConfUtils.java:logGet(43)) - raft.server.rpc.timeout.max = 1200ms (custom)
2019-06-14 09:03:48,353 INFO  server.RaftServerConfigKeys (ConfUtils.java:logGet(43)) - raft.server.rpcslowness.timeout = 120s (custom)
2019-06-14 09:03:48,353 INFO  impl.RaftServerImpl (RaftServerImpl.java:<init>(91)) - a266fe3a-59db-4ebb-a330-0c0550017278: new RaftServerImpl for group-6542006A3A57:[70b4485b-f7ff-4414-a410-53e7f44865ae:192.168.105.147:43725, a266fe3a-59db-4ebb-a330-0c0550017278:192.168.105.147:44865, cf91424c-955d-4916-8edf-1d1119d3a81d:192.168.105.147:40327] with ContainerStateMachine:uninitialized
2019-06-14 09:03:48,353 INFO  server.RaftServerConfigKeys (ConfUtils.java:logGet(43)) - raft.server.log.appender.install.snapshot.enabled = true (default)
2019-06-14 09:03:48,353 INFO  server.RaftServerConfigKeys (ConfUtils.java:logGet(43)) - raft.server.rpc.timeout.min = 1s (custom)
2019-06-14 09:03:48,353 INFO  impl.RaftServerImpl (ServerState.java:<init>(101)) - cf91424c-955d-4916-8edf-1d1119d3a81d:group-6542006A3A57 ConfigurationManager, init=-1: [70b4485b-f7ff-4414-a410-53e7f44865ae:192.168.105.147:43725, a266fe3a-59db-4ebb-a330-0c0550017278:192.168.105.147:44865, cf91424c-955d-4916-8edf-1d1119d3a81d:192.168.105.147:40327], old=null, confs=<EMPTY_MAP>
2019-06-14 09:03:48,353 INFO  server.RaftServerConfigKeys (ConfUtils.java:logGet(43)) - raft.server.rpc.timeout.max = 1200ms (custom)
2019-06-14 09:03:48,353 INFO  server.RaftServerConfigKeys (ConfUtils.java:logGet(43)) - raft.server.storage.dir = [/opt/src/hadoop-ozone/integration-test/target/test-dir/MiniOzoneClusterImpl-0a47cb53-57cb-474a-bdb0-4e878f688d1a/datanode-3/data/ratis] (custom)
2019-06-14 09:03:48,353 INFO  server.RaftServerConfigKeys (ConfUtils.java:logGet(43)) - raft.server.rpcslowness.timeout = 120s (custom)
2019-06-14 09:03:48,353 INFO  server.RaftServerConfigKeys (ConfUtils.java:logGet(43)) - raft.server.log.appender.install.snapshot.enabled = true (default)
2019-06-14 09:03:48,354 INFO  impl.RaftServerImpl (ServerState.java:<init>(101)) - a266fe3a-59db-4ebb-a330-0c0550017278:group-6542006A3A57 ConfigurationManager, init=-1: [70b4485b-f7ff-4414-a410-53e7f44865ae:192.168.105.147:43725, a266fe3a-59db-4ebb-a330-0c0550017278:192.168.105.147:44865, cf91424c-955d-4916-8edf-1d1119d3a81d:192.168.105.147:40327], old=null, confs=<EMPTY_MAP>
2019-06-14 09:03:48,354 INFO  server.RaftServerConfigKeys (ConfUtils.java:logGet(43)) - raft.server.storage.dir = [/opt/src/hadoop-ozone/integration-test/target/test-dir/MiniOzoneClusterImpl-0a47cb53-57cb-474a-bdb0-4e878f688d1a/datanode-5/data/ratis] (custom)
2019-06-14 09:03:48,354 INFO  storage.RaftStorageDirectory (RaftStorageDirectory.java:analyzeStorage(246)) - The storage directory /opt/src/hadoop-ozone/integration-test/target/test-dir/MiniOzoneClusterImpl-0a47cb53-57cb-474a-bdb0-4e878f688d1a/datanode-5/data/ratis/b9df11a6-c2b5-46d7-89f9-6542006a3a57 does not exist. Creating ...
2019-06-14 09:03:48,354 INFO  storage.RaftStorageDirectory (RaftStorageDirectory.java:analyzeStorage(246)) - The storage directory /opt/src/hadoop-ozone/integration-test/target/test-dir/MiniOzoneClusterImpl-0a47cb53-57cb-474a-bdb0-4e878f688d1a/datanode-3/data/ratis/b9df11a6-c2b5-46d7-89f9-6542006a3a57 does not exist. Creating ...
2019-06-14 09:03:48,354 INFO  storage.RaftStorageDirectory (RaftStorageDirectory.java:tryLock(328)) - Lock on /opt/src/hadoop-ozone/integration-test/target/test-dir/MiniOzoneClusterImpl-0a47cb53-57cb-474a-bdb0-4e878f688d1a/datanode-4/data/ratis/b9df11a6-c2b5-46d7-89f9-6542006a3a57/in_use.lock acquired by nodename 20799@ozone-xrdtn-3896089437
2019-06-14 09:03:48,356 INFO  storage.RaftStorageDirectory (RaftStorageDirectory.java:tryLock(328)) - Lock on /opt/src/hadoop-ozone/integration-test/target/test-dir/MiniOzoneClusterImpl-0a47cb53-57cb-474a-bdb0-4e878f688d1a/datanode-5/data/ratis/b9df11a6-c2b5-46d7-89f9-6542006a3a57/in_use.lock acquired by nodename 20799@ozone-xrdtn-3896089437
2019-06-14 09:03:48,356 INFO  storage.RaftStorageDirectory (RaftStorageDirectory.java:tryLock(328)) - Lock on /opt/src/hadoop-ozone/integration-test/target/test-dir/MiniOzoneClusterImpl-0a47cb53-57cb-474a-bdb0-4e878f688d1a/datanode-3/data/ratis/b9df11a6-c2b5-46d7-89f9-6542006a3a57/in_use.lock acquired by nodename 20799@ozone-xrdtn-3896089437
2019-06-14 09:03:48,357 INFO  storage.RaftStorage (RaftStorage.java:format(75)) - Storage directory /opt/src/hadoop-ozone/integration-test/target/test-dir/MiniOzoneClusterImpl-0a47cb53-57cb-474a-bdb0-4e878f688d1a/datanode-4/data/ratis/b9df11a6-c2b5-46d7-89f9-6542006a3a57 has been successfully formatted.
2019-06-14 09:03:48,358 INFO  ratis.ContainerStateMachine (ContainerStateMachine.java:loadSnapshot(199)) - The snapshot info is null.Setting the last applied index to:(t:0, i:~)
2019-06-14 09:03:48,358 INFO  server.RaftServerConfigKeys (ConfUtils.java:logGet(43)) - raft.server.leader.election.timeout = 120s (custom)
2019-06-14 09:03:48,358 INFO  server.RaftServerConfigKeys (ConfUtils.java:logGet(43)) - raft.server.log.use.memory = false (default)
2019-06-14 09:03:48,358 INFO  server.RaftServerConfigKeys (ConfUtils.java:logGet(43)) - raft.server.log.appender.buffer.byte-limit = 33554432 (custom)
2019-06-14 09:03:48,358 INFO  server.RaftServerConfigKeys (ConfUtils.java:logGet(43)) - raft.server.log.segment.size.max = 16384 (custom)
2019-06-14 09:03:48,358 INFO  server.RaftServerConfigKeys (ConfUtils.java:logGet(43)) - raft.server.log.segment.cache.num.max = 2 (custom)
2019-06-14 09:03:48,358 INFO  storage.RaftLogWorker (RaftLogWorker.java:<init>(123)) - new 70b4485b-f7ff-4414-a410-53e7f44865ae-RaftLogWorker for Storage Directory /opt/src/hadoop-ozone/integration-test/target/test-dir/MiniOzoneClusterImpl-0a47cb53-57cb-474a-bdb0-4e878f688d1a/datanode-4/data/ratis/b9df11a6-c2b5-46d7-89f9-6542006a3a57
2019-06-14 09:03:48,358 INFO  storage.RaftStorage (RaftStorage.java:format(75)) - Storage directory /opt/src/hadoop-ozone/integration-test/target/test-dir/MiniOzoneClusterImpl-0a47cb53-57cb-474a-bdb0-4e878f688d1a/datanode-3/data/ratis/b9df11a6-c2b5-46d7-89f9-6542006a3a57 has been successfully formatted.
2019-06-14 09:03:48,358 INFO  storage.RaftStorage (RaftStorage.java:format(75)) - Storage directory /opt/src/hadoop-ozone/integration-test/target/test-dir/MiniOzoneClusterImpl-0a47cb53-57cb-474a-bdb0-4e878f688d1a/datanode-5/data/ratis/b9df11a6-c2b5-46d7-89f9-6542006a3a57 has been successfully formatted.
2019-06-14 09:03:48,359 INFO  ratis.ContainerStateMachine (ContainerStateMachine.java:loadSnapshot(199)) - The snapshot info is null.Setting the last applied index to:(t:0, i:~)
2019-06-14 09:03:48,358 INFO  server.RaftServerConfigKeys (ConfUtils.java:logGet(43)) - raft.server.log.queue.byte-limit = 2147483647 (custom)
2019-06-14 09:03:48,359 INFO  server.RaftServerConfigKeys (ConfUtils.java:logGet(43)) - raft.server.leader.election.timeout = 120s (custom)
2019-06-14 09:03:48,359 INFO  ratis.ContainerStateMachine (ContainerStateMachine.java:loadSnapshot(199)) - The snapshot info is null.Setting the last applied index to:(t:0, i:~)
2019-06-14 09:03:48,359 INFO  server.RaftServerConfigKeys (ConfUtils.java:logGet(43)) - raft.server.log.use.memory = false (default)
2019-06-14 09:03:48,359 INFO  server.RaftServerConfigKeys (ConfUtils.java:logGet(43)) - raft.server.log.queue.element-limit = 1024 (custom)
2019-06-14 09:03:48,359 INFO  server.RaftServerConfigKeys (ConfUtils.java:logGet(43)) - raft.server.log.appender.buffer.byte-limit = 33554432 (custom)
2019-06-14 09:03:48,359 INFO  server.RaftServerConfigKeys (ConfUtils.java:logGet(43)) - raft.server.leader.election.timeout = 120s (custom)
2019-06-14 09:03:48,359 INFO  server.RaftServerConfigKeys (ConfUtils.java:logGet(43)) - raft.server.log.segment.size.max = 16384 (custom)
2019-06-14 09:03:48,359 INFO  server.RaftServerConfigKeys (ConfUtils.java:logGet(43)) - raft.server.log.segment.size.max = 16384 (custom)
2019-06-14 09:03:48,359 INFO  server.RaftServerConfigKeys (ConfUtils.java:logGet(43)) - raft.server.log.segment.cache.num.max = 2 (custom)
2019-06-14 09:03:48,359 INFO  server.RaftServerConfigKeys (ConfUtils.java:logGet(43)) - raft.server.log.use.memory = false (default)
2019-06-14 09:03:48,359 INFO  storage.RaftLogWorker (RaftLogWorker.java:<init>(123)) - new cf91424c-955d-4916-8edf-1d1119d3a81d-RaftLogWorker for Storage Directory /opt/src/hadoop-ozone/integration-test/target/test-dir/MiniOzoneClusterImpl-0a47cb53-57cb-474a-bdb0-4e878f688d1a/datanode-3/data/ratis/b9df11a6-c2b5-46d7-89f9-6542006a3a57
2019-06-14 09:03:48,359 INFO  server.RaftServerConfigKeys (ConfUtils.java:logGet(43)) - raft.server.log.preallocated.size = 16384 (custom)
2019-06-14 09:03:48,360 INFO  server.RaftServerConfigKeys (ConfUtils.java:logGet(43)) - raft.server.log.write.buffer.size = 33554432 (custom)
2019-06-14 09:03:48,360 INFO  server.RaftServerConfigKeys (ConfUtils.java:logGet(43)) - raft.server.log.queue.byte-limit = 2147483647 (custom)
2019-06-14 09:03:48,359 INFO  server.RaftServerConfigKeys (ConfUtils.java:logGet(43)) - raft.server.log.appender.buffer.byte-limit = 33554432 (custom)
2019-06-14 09:03:48,360 INFO  server.RaftServerConfigKeys (ConfUtils.java:logGet(43)) - raft.server.log.queue.element-limit = 1024 (custom)
2019-06-14 09:03:48,360 INFO  server.RaftServerConfigKeys (ConfUtils.java:logGet(43)) - raft.server.log.force.sync.num = 128 (default)
2019-06-14 09:03:48,360 INFO  server.RaftServerConfigKeys (ConfUtils.java:logGet(43)) - raft.server.log.segment.size.max = 16384 (custom)
2019-06-14 09:03:48,360 INFO  server.RaftServerConfigKeys (ConfUtils.java:logGet(43)) - raft.server.log.segment.size.max = 16384 (custom)
2019-06-14 09:03:48,360 INFO  server.RaftServerConfigKeys (ConfUtils.java:logGet(43)) - raft.server.log.preallocated.size = 16384 (custom)
2019-06-14 09:03:48,360 INFO  server.RaftServerConfigKeys (ConfUtils.java:logGet(43)) - raft.server.log.statemachine.data.sync = true (default)
2019-06-14 09:03:48,360 INFO  server.RaftServerConfigKeys (ConfUtils.java:logGet(43)) - raft.server.log.write.buffer.size = 33554432 (custom)
2019-06-14 09:03:48,360 INFO  server.RaftServerConfigKeys (ConfUtils.java:logGet(43)) - raft.server.log.segment.cache.num.max = 2 (custom)
2019-06-14 09:03:48,360 INFO  server.RaftServerConfigKeys (ConfUtils.java:logGet(43)) - raft.server.log.force.sync.num = 128 (default)
2019-06-14 09:03:48,360 INFO  server.RaftServerConfigKeys (ConfUtils.java:logGet(43)) - raft.server.log.statemachine.data.sync.timeout = 10s (default)
2019-06-14 09:03:48,360 INFO  server.RaftServerConfigKeys (ConfUtils.java:logGet(43)) - raft.server.log.statemachine.data.sync = true (default)
2019-06-14 09:03:48,360 INFO  storage.RaftLogWorker (RaftLogWorker.java:<init>(123)) - new a266fe3a-59db-4ebb-a330-0c0550017278-RaftLogWorker for Storage Directory /opt/src/hadoop-ozone/integration-test/target/test-dir/MiniOzoneClusterImpl-0a47cb53-57cb-474a-bdb0-4e878f688d1a/datanode-5/data/ratis/b9df11a6-c2b5-46d7-89f9-6542006a3a57
2019-06-14 09:03:48,361 INFO  server.RaftServerConfigKeys (ConfUtils.java:logGet(43)) - raft.server.log.statemachine.data.sync.timeout = 10s (default)
2019-06-14 09:03:48,360 INFO  server.RaftServerConfigKeys (ConfUtils.java:logGet(43)) - raft.server.log.statemachine.data.sync.timeout.retry = -1 (default)
2019-06-14 09:03:48,361 INFO  server.RaftServerConfigKeys (ConfUtils.java:logGet(43)) - raft.server.log.statemachine.data.sync.timeout.retry = -1 (default)
2019-06-14 09:03:48,361 INFO  server.RaftServerConfigKeys (ConfUtils.java:logGet(43)) - raft.server.log.queue.byte-limit = 2147483647 (custom)
2019-06-14 09:03:48,361 INFO  server.RaftServerConfigKeys (ConfUtils.java:logGet(43)) - raft.server.log.statemachine.data.caching.enabled = true (custom)
2019-06-14 09:03:48,361 INFO  server.RaftServerConfigKeys (ConfUtils.java:logGet(43)) - raft.server.log.statemachine.data.caching.enabled = true (custom)
2019-06-14 09:03:48,361 INFO  server.RaftServerConfigKeys (ConfUtils.java:logGet(43)) - raft.server.log.queue.element-limit = 1024 (custom)
2019-06-14 09:03:48,361 INFO  server.RaftServerConfigKeys (ConfUtils.java:logGet(43)) - raft.server.log.segment.size.max = 16384 (custom)
2019-06-14 09:03:48,361 INFO  server.RaftServerConfigKeys (ConfUtils.java:logGet(43)) - raft.server.log.preallocated.size = 16384 (custom)
2019-06-14 09:03:48,361 INFO  server.RaftServerConfigKeys (ConfUtils.java:logGet(43)) - raft.server.snapshot.auto.trigger.enabled = true (custom)
2019-06-14 09:03:48,361 INFO  server.RaftServerConfigKeys (ConfUtils.java:logGet(43)) - raft.server.log.write.buffer.size = 33554432 (custom)
2019-06-14 09:03:48,361 INFO  server.RaftServerConfigKeys (ConfUtils.java:logGet(43)) - raft.server.snapshot.auto.trigger.enabled = true (custom)
2019-06-14 09:03:48,362 INFO  server.RaftServerConfigKeys (ConfUtils.java:logGet(43)) - raft.server.log.force.sync.num = 128 (default)
2019-06-14 09:03:48,361 INFO  server.RaftServerConfigKeys (ConfUtils.java:logGet(43)) - raft.server.snapshot.auto.trigger.threshold = 10000 (custom)
2019-06-14 09:03:48,362 INFO  server.RaftServerConfigKeys (ConfUtils.java:logGet(43)) - raft.server.log.statemachine.data.sync = true (default)
2019-06-14 09:03:48,362 INFO  server.RaftServerConfigKeys (ConfUtils.java:logGet(43)) - raft.server.snapshot.auto.trigger.threshold = 10000 (custom)
2019-06-14 09:03:48,362 INFO  server.RaftServerConfigKeys (ConfUtils.java:logGet(43)) - raft.server.log.statemachine.data.sync.timeout = 10s (default)
2019-06-14 09:03:48,362 INFO  server.RaftServerConfigKeys (ConfUtils.java:logGet(43)) - raft.server.retrycache.expirytime = 600000ms (custom)
2019-06-14 09:03:48,362 INFO  server.RaftServerConfigKeys (ConfUtils.java:logGet(43)) - raft.server.log.statemachine.data.sync.timeout.retry = -1 (default)
2019-06-14 09:03:48,362 INFO  server.RaftServerConfigKeys (ConfUtils.java:logGet(43)) - raft.server.retrycache.expirytime = 600000ms (custom)
2019-06-14 09:03:48,362 INFO  server.RaftServerConfigKeys (ConfUtils.java:logGet(43)) - raft.server.log.statemachine.data.caching.enabled = true (custom)
2019-06-14 09:03:48,362 INFO  impl.RaftServerImpl (RaftServerImpl.java:start(173)) - cf91424c-955d-4916-8edf-1d1119d3a81d: start group-6542006A3A57
2019-06-14 09:03:48,362 INFO  impl.RaftServerImpl (RaftServerImpl.java:start(173)) - 70b4485b-f7ff-4414-a410-53e7f44865ae: start group-6542006A3A57
2019-06-14 09:03:48,362 INFO  impl.RaftServerImpl (RaftServerImpl.java:setRole(164)) - cf91424c-955d-4916-8edf-1d1119d3a81d:group-6542006A3A57 changes role from null to FOLLOWER at term 0 for startAsFollower
2019-06-14 09:03:48,362 INFO  impl.RaftServerImpl (RaftServerImpl.java:setRole(164)) - 70b4485b-f7ff-4414-a410-53e7f44865ae:group-6542006A3A57 changes role from null to FOLLOWER at term 0 for startAsFollower
2019-06-14 09:03:48,362 INFO  impl.RoleInfo (RoleInfo.java:updateAndGet(143)) - cf91424c-955d-4916-8edf-1d1119d3a81d: start FollowerState
2019-06-14 09:03:48,362 INFO  server.RaftServerConfigKeys (ConfUtils.java:logGet(43)) - raft.server.snapshot.auto.trigger.enabled = true (custom)
2019-06-14 09:03:48,362 INFO  impl.RoleInfo (RoleInfo.java:updateAndGet(143)) - 70b4485b-f7ff-4414-a410-53e7f44865ae: start FollowerState
2019-06-14 09:03:48,363 INFO  server.RaftServerConfigKeys (ConfUtils.java:logGet(43)) - raft.server.snapshot.auto.trigger.threshold = 10000 (custom)
2019-06-14 09:03:48,363 INFO  util.JmxRegister (JmxRegister.java:tryRegister(44)) - Successfully registered JMX Bean with object name Ratis:service=RaftServer,group=group-6542006A3A57,id=cf91424c-955d-4916-8edf-1d1119d3a81d
2019-06-14 09:03:48,363 INFO  util.JmxRegister (JmxRegister.java:tryRegister(44)) - Successfully registered JMX Bean with object name Ratis:service=RaftServer,group=group-6542006A3A57,id=70b4485b-f7ff-4414-a410-53e7f44865ae
2019-06-14 09:03:48,363 INFO  server.RaftServerConfigKeys (ConfUtils.java:logGet(43)) - raft.server.retrycache.expirytime = 600000ms (custom)
2019-06-14 09:03:48,363 INFO  impl.RaftServerImpl (RaftServerImpl.java:start(173)) - a266fe3a-59db-4ebb-a330-0c0550017278: start group-6542006A3A57
2019-06-14 09:03:48,363 INFO  impl.RaftServerImpl (RaftServerImpl.java:setRole(164)) - a266fe3a-59db-4ebb-a330-0c0550017278:group-6542006A3A57 changes role from null to FOLLOWER at term 0 for startAsFollower
2019-06-14 09:03:48,363 INFO  impl.RoleInfo (RoleInfo.java:updateAndGet(143)) - a266fe3a-59db-4ebb-a330-0c0550017278: start FollowerState
2019-06-14 09:03:48,363 INFO  util.JmxRegister (JmxRegister.java:tryRegister(44)) - Successfully registered JMX Bean with object name Ratis:service=RaftServer,group=group-6542006A3A57,id=a266fe3a-59db-4ebb-a330-0c0550017278
2019-06-14 09:03:48,365 INFO  pipeline.PipelineStateManager (PipelineStateManager.java:addPipeline(56)) - Created pipeline Pipeline[ Id: b9df11a6-c2b5-46d7-89f9-6542006a3a57, Nodes: a266fe3a-59db-4ebb-a330-0c0550017278{ip: 192.168.105.147, host: ozone-xrdtn-3896089437, networkLocation: /default-rack, certSerialId: null}70b4485b-f7ff-4414-a410-53e7f44865ae{ip: 192.168.105.147, host: ozone-xrdtn-3896089437, networkLocation: /default-rack, certSerialId: null}cf91424c-955d-4916-8edf-1d1119d3a81d{ip: 192.168.105.147, host: ozone-xrdtn-3896089437, networkLocation: /default-rack, certSerialId: null}, Type:RATIS, Factor:THREE, State:OPEN]
2019-06-14 09:03:48,452 INFO  node.SCMNodeManager (SCMNodeManager.java:register(234)) - Registered Data node : 2c1d9819-8753-4ac8-84ec-f38a25e486fb{ip: 192.168.105.147, host: ozone-xrdtn-3896089437, networkLocation: /default-rack, certSerialId: null}
2019-06-14 09:03:48,454 INFO  ozone.MiniOzoneClusterImpl (MiniOzoneClusterImpl.java:lambda$waitForClusterToBeReady$0(142)) - Cluster is ready. Got 7 of 7 DN Heartbeats.
2019-06-14 09:03:48,461 INFO  impl.RaftServerProxy (RaftServerProxy.java:addNew(89)) - 2c1d9819-8753-4ac8-84ec-f38a25e486fb: addNew group-136571CF47E0:[2c1d9819-8753-4ac8-84ec-f38a25e486fb:192.168.105.147:36125] returns group-136571CF47E0:java.util.concurrent.CompletableFuture@6b9e67b4[Not completed]
2019-06-14 09:03:48,461 INFO  impl.RaftServerImpl (RaftServerImpl.java:<init>(91)) - 2c1d9819-8753-4ac8-84ec-f38a25e486fb: new RaftServerImpl for group-136571CF47E0:[2c1d9819-8753-4ac8-84ec-f38a25e486fb:192.168.105.147:36125] with ContainerStateMachine:uninitialized
2019-06-14 09:03:48,463 INFO  server.RaftServerConfigKeys (ConfUtils.java:logGet(43)) - raft.server.rpc.timeout.min = 1s (custom)
2019-06-14 09:03:48,464 INFO  server.RaftServerConfigKeys (ConfUtils.java:logGet(43)) - raft.server.rpc.timeout.max = 1200ms (custom)
2019-06-14 09:03:48,464 INFO  server.RaftServerConfigKeys (ConfUtils.java:logGet(43)) - raft.server.rpcslowness.timeout = 120s (custom)
2019-06-14 09:03:48,464 INFO  server.RaftServerConfigKeys (ConfUtils.java:logGet(43)) - raft.server.log.appender.install.snapshot.enabled = true (default)
2019-06-14 09:03:48,464 INFO  impl.RaftServerImpl (ServerState.java:<init>(101)) - 2c1d9819-8753-4ac8-84ec-f38a25e486fb:group-136571CF47E0 ConfigurationManager, init=-1: [2c1d9819-8753-4ac8-84ec-f38a25e486fb:192.168.105.147:36125], old=null, confs=<EMPTY_MAP>
2019-06-14 09:03:48,465 INFO  server.RaftServerConfigKeys (ConfUtils.java:logGet(43)) - raft.server.storage.dir = [/opt/src/hadoop-ozone/integration-test/target/test-dir/MiniOzoneClusterImpl-0a47cb53-57cb-474a-bdb0-4e878f688d1a/datanode-6/data/ratis] (custom)
2019-06-14 09:03:48,465 INFO  storage.RaftStorageDirectory (RaftStorageDirectory.java:analyzeStorage(246)) - The storage directory /opt/src/hadoop-ozone/integration-test/target/test-dir/MiniOzoneClusterImpl-0a47cb53-57cb-474a-bdb0-4e878f688d1a/datanode-6/data/ratis/10681a2e-dbcb-489a-83a5-136571cf47e0 does not exist. Creating ...
2019-06-14 09:03:48,467 INFO  storage.RaftStorageDirectory (RaftStorageDirectory.java:tryLock(328)) - Lock on /opt/src/hadoop-ozone/integration-test/target/test-dir/MiniOzoneClusterImpl-0a47cb53-57cb-474a-bdb0-4e878f688d1a/datanode-6/data/ratis/10681a2e-dbcb-489a-83a5-136571cf47e0/in_use.lock acquired by nodename 20799@ozone-xrdtn-3896089437
2019-06-14 09:03:48,475 INFO  storage.RaftStorage (RaftStorage.java:format(75)) - Storage directory /opt/src/hadoop-ozone/integration-test/target/test-dir/MiniOzoneClusterImpl-0a47cb53-57cb-474a-bdb0-4e878f688d1a/datanode-6/data/ratis/10681a2e-dbcb-489a-83a5-136571cf47e0 has been successfully formatted.
2019-06-14 09:03:48,476 INFO  ratis.ContainerStateMachine (ContainerStateMachine.java:loadSnapshot(199)) - The snapshot info is null.Setting the last applied index to:(t:0, i:~)
2019-06-14 09:03:48,476 INFO  server.RaftServerConfigKeys (ConfUtils.java:logGet(43)) - raft.server.leader.election.timeout = 120s (custom)
2019-06-14 09:03:48,476 INFO  server.RaftServerConfigKeys (ConfUtils.java:logGet(43)) - raft.server.log.use.memory = false (default)
2019-06-14 09:03:48,476 INFO  server.RaftServerConfigKeys (ConfUtils.java:logGet(43)) - raft.server.log.appender.buffer.byte-limit = 33554432 (custom)
2019-06-14 09:03:48,478 INFO  server.RaftServerConfigKeys (ConfUtils.java:logGet(43)) - raft.server.log.segment.size.max = 16384 (custom)
2019-06-14 09:03:48,479 INFO  server.RaftServerConfigKeys (ConfUtils.java:logGet(43)) - raft.server.log.segment.cache.num.max = 2 (custom)
2019-06-14 09:03:48,479 INFO  storage.RaftLogWorker (RaftLogWorker.java:<init>(123)) - new 2c1d9819-8753-4ac8-84ec-f38a25e486fb-RaftLogWorker for Storage Directory /opt/src/hadoop-ozone/integration-test/target/test-dir/MiniOzoneClusterImpl-0a47cb53-57cb-474a-bdb0-4e878f688d1a/datanode-6/data/ratis/10681a2e-dbcb-489a-83a5-136571cf47e0
2019-06-14 09:03:48,479 INFO  server.RaftServerConfigKeys (ConfUtils.java:logGet(43)) - raft.server.log.queue.byte-limit = 2147483647 (custom)
2019-06-14 09:03:48,479 INFO  server.RaftServerConfigKeys (ConfUtils.java:logGet(43)) - raft.server.log.queue.element-limit = 1024 (custom)
2019-06-14 09:03:48,479 INFO  server.RaftServerConfigKeys (ConfUtils.java:logGet(43)) - raft.server.log.segment.size.max = 16384 (custom)
2019-06-14 09:03:48,479 INFO  server.RaftServerConfigKeys (ConfUtils.java:logGet(43)) - raft.server.log.preallocated.size = 16384 (custom)
2019-06-14 09:03:48,479 INFO  server.RaftServerConfigKeys (ConfUtils.java:logGet(43)) - raft.server.log.write.buffer.size = 33554432 (custom)
2019-06-14 09:03:48,479 INFO  rpc.RpcClient (RpcClient.java:createVolume(289)) - Creating Volume: watchforcommithandlingtest, with root as owner.
2019-06-14 09:03:48,479 INFO  server.RaftServerConfigKeys (ConfUtils.java:logGet(43)) - raft.server.log.force.sync.num = 128 (default)
2019-06-14 09:03:48,479 INFO  server.RaftServerConfigKeys (ConfUtils.java:logGet(43)) - raft.server.log.statemachine.data.sync = true (default)
2019-06-14 09:03:48,480 INFO  server.RaftServerConfigKeys (ConfUtils.java:logGet(43)) - raft.server.log.statemachine.data.sync.timeout = 10s (default)
2019-06-14 09:03:48,480 INFO  server.RaftServerConfigKeys (ConfUtils.java:logGet(43)) - raft.server.log.statemachine.data.sync.timeout.retry = -1 (default)
2019-06-14 09:03:48,480 INFO  server.RaftServerConfigKeys (ConfUtils.java:logGet(43)) - raft.server.log.statemachine.data.caching.enabled = true (custom)
2019-06-14 09:03:48,480 INFO  server.RaftServerConfigKeys (ConfUtils.java:logGet(43)) - raft.server.snapshot.auto.trigger.enabled = true (custom)
2019-06-14 09:03:48,480 INFO  server.RaftServerConfigKeys (ConfUtils.java:logGet(43)) - raft.server.snapshot.auto.trigger.threshold = 10000 (custom)
2019-06-14 09:03:48,480 INFO  server.RaftServerConfigKeys (ConfUtils.java:logGet(43)) - raft.server.retrycache.expirytime = 600000ms (custom)
2019-06-14 09:03:48,480 INFO  impl.RaftServerImpl (RaftServerImpl.java:start(173)) - 2c1d9819-8753-4ac8-84ec-f38a25e486fb: start group-136571CF47E0
2019-06-14 09:03:48,480 INFO  impl.RaftServerImpl (RaftServerImpl.java:setRole(164)) - 2c1d9819-8753-4ac8-84ec-f38a25e486fb:group-136571CF47E0 changes role from null to FOLLOWER at term 0 for startAsFollower
2019-06-14 09:03:48,481 INFO  impl.RoleInfo (RoleInfo.java:updateAndGet(143)) - 2c1d9819-8753-4ac8-84ec-f38a25e486fb: start FollowerState
2019-06-14 09:03:48,484 INFO  util.JmxRegister (JmxRegister.java:tryRegister(44)) - Successfully registered JMX Bean with object name Ratis:service=RaftServer,group=group-136571CF47E0,id=2c1d9819-8753-4ac8-84ec-f38a25e486fb
2019-06-14 09:03:48,491 INFO  pipeline.PipelineStateManager (PipelineStateManager.java:addPipeline(56)) - Created pipeline Pipeline[ Id: 10681a2e-dbcb-489a-83a5-136571cf47e0, Nodes: 2c1d9819-8753-4ac8-84ec-f38a25e486fb{ip: 192.168.105.147, host: ozone-xrdtn-3896089437, networkLocation: /default-rack, certSerialId: null}, Type:RATIS, Factor:ONE, State:OPEN]
2019-06-14 09:03:48,491 INFO  rpc.RpcClient (RpcClient.java:createBucket(426)) - Creating Bucket: watchforcommithandlingtest/watchforcommithandlingtest, with Versioning false and Storage Type set to DISK and Encryption set to false 
2019-06-14 09:03:48,494 INFO  ozone.MiniOzoneClusterImpl (MiniOzoneClusterImpl.java:getStorageContainerLocationClient(241)) - Creating StorageContainerLocationProtocol RPC client with address /0.0.0.0:43901
2019-06-14 09:03:48,504 INFO  client.GrpcClientProtocolClient (GrpcClientProtocolClient.java:onNext(254)) - client-6651A6AF17E3->9e3f1b17-73ea-4581-8638-5095590032ec: receive RaftClientReply:client-6651A6AF17E3->9e3f1b17-73ea-4581-8638-5095590032ec@group-A76C031951A5, cid=66, FAILED org.apache.ratis.protocol.NotLeaderException: Server 9e3f1b17-73ea-4581-8638-5095590032ec is not the leader (ace3d32f-380b-4ca3-aa77-a2fbf0181366:192.168.105.147:39167). Request must be sent to leader., logIndex=0, commits[9e3f1b17-73ea-4581-8638-5095590032ec:c-1]
2019-06-14 09:03:48,508 WARN  client.GrpcClientProtocolService (LogUtils.java:warn(134)) - 0-OrderedRequestStreamObserver0: onError: org.apache.ratis.thirdparty.io.grpc.StatusRuntimeException: CANCELLED: cancelled before receiving half close
2019-06-14 09:03:48,624 INFO  impl.FollowerState (FollowerState.java:run(101)) - 9e3f1b17-73ea-4581-8638-5095590032ec:group-AB1CD24085AB changes to CANDIDATE, lastRpcTime:1154, electionTimeout:1154ms
2019-06-14 09:03:48,626 INFO  impl.RoleInfo (RoleInfo.java:shutdownFollowerState(121)) - 9e3f1b17-73ea-4581-8638-5095590032ec: shutdown FollowerState
2019-06-14 09:03:48,626 INFO  impl.RaftServerImpl (RaftServerImpl.java:setRole(164)) - 9e3f1b17-73ea-4581-8638-5095590032ec:group-AB1CD24085AB changes role from FOLLOWER to CANDIDATE at term 0 for changeToCandidate
2019-06-14 09:03:48,626 INFO  impl.RoleInfo (RoleInfo.java:updateAndGet(143)) - 9e3f1b17-73ea-4581-8638-5095590032ec: start LeaderElection
2019-06-14 09:03:48,630 INFO  impl.LeaderElection (LeaderElection.java:askForVotes(181)) - 9e3f1b17-73ea-4581-8638-5095590032ec:group-AB1CD24085AB:LeaderElection30: begin an election at term 1 for -1: [9e3f1b17-73ea-4581-8638-5095590032ec:192.168.105.147:45977], old=null
2019-06-14 09:03:48,631 INFO  impl.RoleInfo (RoleInfo.java:shutdownLeaderElection(134)) - 9e3f1b17-73ea-4581-8638-5095590032ec: shutdown LeaderElection
2019-06-14 09:03:48,631 INFO  impl.RaftServerImpl (RaftServerImpl.java:setRole(164)) - 9e3f1b17-73ea-4581-8638-5095590032ec:group-AB1CD24085AB changes role from CANDIDATE to LEADER at term 1 for changeToLeader
2019-06-14 09:03:48,631 INFO  impl.RaftServerImpl (ServerState.java:setLeader(263)) - 9e3f1b17-73ea-4581-8638-5095590032ec:group-AB1CD24085AB change Leader from null to 9e3f1b17-73ea-4581-8638-5095590032ec at term 1 for becomeLeader, leader elected after 1162ms
2019-06-14 09:03:48,631 INFO  server.RaftServerConfigKeys (ConfUtils.java:logGet(43)) - raft.server.staging.catchup.gap = 1000 (default)
2019-06-14 09:03:48,631 INFO  server.RaftServerConfigKeys (ConfUtils.java:logGet(43)) - raft.server.rpc.sleep.time = 25ms (default)
2019-06-14 09:03:48,631 INFO  server.RaftServerConfigKeys (ConfUtils.java:logGet(43)) - raft.server.watch.timeout = 10s (default)
2019-06-14 09:03:48,631 INFO  server.RaftServerConfigKeys (ConfUtils.java:logGet(43)) - raft.server.watch.timeout.denomination = 1s (default)
2019-06-14 09:03:48,631 INFO  impl.RoleInfo (RoleInfo.java:updateAndGet(143)) - 9e3f1b17-73ea-4581-8638-5095590032ec: start LeaderState
2019-06-14 09:03:48,631 INFO  storage.RaftLogWorker (RaftLogWorker.java:startLogSegment(298)) - 9e3f1b17-73ea-4581-8638-5095590032ec-RaftLogWorker: Starting segment from index:0
2019-06-14 09:03:48,632 INFO  impl.RaftServerImpl (ServerState.java:setRaftConf(361)) - 9e3f1b17-73ea-4581-8638-5095590032ec:group-AB1CD24085AB set configuration 0: [9e3f1b17-73ea-4581-8638-5095590032ec:192.168.105.147:45977], old=null at 0
2019-06-14 09:03:48,667 INFO  storage.RaftLogWorker (RaftLogWorker.java:execute(469)) - 9e3f1b17-73ea-4581-8638-5095590032ec-RaftLogWorker: created new log segment /opt/src/hadoop-ozone/integration-test/target/test-dir/MiniOzoneClusterImpl-0a47cb53-57cb-474a-bdb0-4e878f688d1a/datanode-0/data/ratis/de77a328-65ec-4b48-9fc9-ab1cd24085ab/current/log_inprogress_0
2019-06-14 09:03:48,779 INFO  impl.FollowerState (FollowerState.java:run(101)) - ace3d32f-380b-4ca3-aa77-a2fbf0181366:group-694AD84A1032 changes to CANDIDATE, lastRpcTime:1053, electionTimeout:1053ms
2019-06-14 09:03:48,779 INFO  impl.RoleInfo (RoleInfo.java:shutdownFollowerState(121)) - ace3d32f-380b-4ca3-aa77-a2fbf0181366: shutdown FollowerState
2019-06-14 09:03:48,779 INFO  impl.RaftServerImpl (RaftServerImpl.java:setRole(164)) - ace3d32f-380b-4ca3-aa77-a2fbf0181366:group-694AD84A1032 changes role from FOLLOWER to CANDIDATE at term 0 for changeToCandidate
2019-06-14 09:03:48,779 INFO  impl.RoleInfo (RoleInfo.java:updateAndGet(143)) - ace3d32f-380b-4ca3-aa77-a2fbf0181366: start LeaderElection
2019-06-14 09:03:48,785 INFO  impl.LeaderElection (LeaderElection.java:askForVotes(181)) - ace3d32f-380b-4ca3-aa77-a2fbf0181366:group-694AD84A1032:LeaderElection31: begin an election at term 1 for -1: [ace3d32f-380b-4ca3-aa77-a2fbf0181366:192.168.105.147:39167], old=null
2019-06-14 09:03:48,785 INFO  impl.RoleInfo (RoleInfo.java:shutdownLeaderElection(134)) - ace3d32f-380b-4ca3-aa77-a2fbf0181366: shutdown LeaderElection
2019-06-14 09:03:48,785 INFO  impl.RaftServerImpl (RaftServerImpl.java:setRole(164)) - ace3d32f-380b-4ca3-aa77-a2fbf0181366:group-694AD84A1032 changes role from CANDIDATE to LEADER at term 1 for changeToLeader
2019-06-14 09:03:48,785 INFO  impl.RaftServerImpl (ServerState.java:setLeader(263)) - ace3d32f-380b-4ca3-aa77-a2fbf0181366:group-694AD84A1032 change Leader from null to ace3d32f-380b-4ca3-aa77-a2fbf0181366 at term 1 for becomeLeader, leader elected after 1061ms
2019-06-14 09:03:48,785 INFO  server.RaftServerConfigKeys (ConfUtils.java:logGet(43)) - raft.server.staging.catchup.gap = 1000 (default)
2019-06-14 09:03:48,786 INFO  server.RaftServerConfigKeys (ConfUtils.java:logGet(43)) - raft.server.rpc.sleep.time = 25ms (default)
2019-06-14 09:03:48,786 INFO  server.RaftServerConfigKeys (ConfUtils.java:logGet(43)) - raft.server.watch.timeout = 10s (default)
2019-06-14 09:03:48,786 INFO  server.RaftServerConfigKeys (ConfUtils.java:logGet(43)) - raft.server.watch.timeout.denomination = 1s (default)
2019-06-14 09:03:48,786 INFO  impl.RoleInfo (RoleInfo.java:updateAndGet(143)) - ace3d32f-380b-4ca3-aa77-a2fbf0181366: start LeaderState
2019-06-14 09:03:48,786 INFO  storage.RaftLogWorker (RaftLogWorker.java:startLogSegment(298)) - ace3d32f-380b-4ca3-aa77-a2fbf0181366-RaftLogWorker: Starting segment from index:0
2019-06-14 09:03:48,786 INFO  impl.RaftServerImpl (ServerState.java:setRaftConf(361)) - ace3d32f-380b-4ca3-aa77-a2fbf0181366:group-694AD84A1032 set configuration 0: [ace3d32f-380b-4ca3-aa77-a2fbf0181366:192.168.105.147:39167], old=null at 0
2019-06-14 09:03:48,821 INFO  storage.RaftLogWorker (RaftLogWorker.java:execute(469)) - ace3d32f-380b-4ca3-aa77-a2fbf0181366-RaftLogWorker: created new log segment /opt/src/hadoop-ozone/integration-test/target/test-dir/MiniOzoneClusterImpl-0a47cb53-57cb-474a-bdb0-4e878f688d1a/datanode-1/data/ratis/acb9f3b5-f40d-4db0-9026-694ad84a1032/current/log_inprogress_0
2019-06-14 09:03:48,989 INFO  impl.FollowerState (FollowerState.java:run(101)) - 18ae2fde-5dc6-4cdf-9311-608733cc9025:group-A76C031951A5 changes to CANDIDATE, lastRpcTime:1066, electionTimeout:1062ms
2019-06-14 09:03:48,989 INFO  impl.RoleInfo (RoleInfo.java:shutdownFollowerState(121)) - 18ae2fde-5dc6-4cdf-9311-608733cc9025: shutdown FollowerState
2019-06-14 09:03:48,989 INFO  impl.RaftServerImpl (RaftServerImpl.java:setRole(164)) - 18ae2fde-5dc6-4cdf-9311-608733cc9025:group-A76C031951A5 changes role from FOLLOWER to CANDIDATE at term 0 for changeToCandidate
2019-06-14 09:03:48,989 INFO  impl.RoleInfo (RoleInfo.java:updateAndGet(143)) - 18ae2fde-5dc6-4cdf-9311-608733cc9025: start LeaderElection
2019-06-14 09:03:48,994 INFO  impl.LeaderElection (LeaderElection.java:askForVotes(181)) - 18ae2fde-5dc6-4cdf-9311-608733cc9025:group-A76C031951A5:LeaderElection32: begin an election at term 1 for -1: [ace3d32f-380b-4ca3-aa77-a2fbf0181366:192.168.105.147:39167, 9e3f1b17-73ea-4581-8638-5095590032ec:192.168.105.147:45977, 18ae2fde-5dc6-4cdf-9311-608733cc9025:192.168.105.147:36629], old=null
2019-06-14 09:03:48,997 INFO  impl.RaftServerImpl (RaftServerImpl.java:setRole(164)) - 9e3f1b17-73ea-4581-8638-5095590032ec:group-A76C031951A5 changes role from FOLLOWER to FOLLOWER at term 1 for recognizeCandidate:18ae2fde-5dc6-4cdf-9311-608733cc9025
2019-06-14 09:03:48,999 INFO  impl.RaftServerImpl (RaftServerImpl.java:setRole(164)) - ace3d32f-380b-4ca3-aa77-a2fbf0181366:group-A76C031951A5 changes role from FOLLOWER to FOLLOWER at term 1 for recognizeCandidate:18ae2fde-5dc6-4cdf-9311-608733cc9025
2019-06-14 09:03:48,999 INFO  impl.RoleInfo (RoleInfo.java:shutdownFollowerState(121)) - 9e3f1b17-73ea-4581-8638-5095590032ec: shutdown FollowerState
2019-06-14 09:03:48,999 INFO  impl.RoleInfo (RoleInfo.java:shutdownFollowerState(121)) - ace3d32f-380b-4ca3-aa77-a2fbf0181366: shutdown FollowerState
2019-06-14 09:03:48,999 INFO  impl.FollowerState (FollowerState.java:run(109)) - 9e3f1b17-73ea-4581-8638-5095590032ec: FollowerState was interrupted: java.lang.InterruptedException: sleep interrupted
2019-06-14 09:03:48,999 INFO  impl.FollowerState (FollowerState.java:run(109)) - ace3d32f-380b-4ca3-aa77-a2fbf0181366: FollowerState was interrupted: java.lang.InterruptedException: sleep interrupted
2019-06-14 09:03:48,999 INFO  impl.RoleInfo (RoleInfo.java:updateAndGet(143)) - 9e3f1b17-73ea-4581-8638-5095590032ec: start FollowerState
2019-06-14 09:03:48,999 INFO  impl.RoleInfo (RoleInfo.java:updateAndGet(143)) - ace3d32f-380b-4ca3-aa77-a2fbf0181366: start FollowerState
2019-06-14 09:03:49,005 INFO  impl.LeaderElection (LeaderElection.java:logAndReturn(56)) - 18ae2fde-5dc6-4cdf-9311-608733cc9025:group-A76C031951A5:LeaderElection32: Election PASSED; received 1 response(s) [18ae2fde-5dc6-4cdf-9311-608733cc9025->9e3f1b17-73ea-4581-8638-5095590032ec,true-t1] and 0 exception(s); 18ae2fde-5dc6-4cdf-9311-608733cc9025:t1, leader=null, voted=18ae2fde-5dc6-4cdf-9311-608733cc9025, raftlog=18ae2fde-5dc6-4cdf-9311-608733cc9025-SegmentedRaftLog:OPENED:c-1,f-1,i0, conf=-1: [ace3d32f-380b-4ca3-aa77-a2fbf0181366:192.168.105.147:39167, 9e3f1b17-73ea-4581-8638-5095590032ec:192.168.105.147:45977, 18ae2fde-5dc6-4cdf-9311-608733cc9025:192.168.105.147:36629], old=null
2019-06-14 09:03:49,005 INFO  impl.RoleInfo (RoleInfo.java:shutdownLeaderElection(134)) - 18ae2fde-5dc6-4cdf-9311-608733cc9025: shutdown LeaderElection
2019-06-14 09:03:49,005 INFO  impl.RaftServerImpl (RaftServerImpl.java:setRole(164)) - 18ae2fde-5dc6-4cdf-9311-608733cc9025:group-A76C031951A5 changes role from CANDIDATE to LEADER at term 1 for changeToLeader
2019-06-14 09:03:49,005 INFO  impl.RaftServerImpl (ServerState.java:setLeader(263)) - 18ae2fde-5dc6-4cdf-9311-608733cc9025:group-A76C031951A5 change Leader from null to 18ae2fde-5dc6-4cdf-9311-608733cc9025 at term 1 for becomeLeader, leader elected after 1090ms
2019-06-14 09:03:49,005 INFO  server.RaftServerConfigKeys (ConfUtils.java:logGet(43)) - raft.server.staging.catchup.gap = 1000 (default)
2019-06-14 09:03:49,005 INFO  server.RaftServerConfigKeys (ConfUtils.java:logGet(43)) - raft.server.rpc.sleep.time = 25ms (default)
2019-06-14 09:03:49,005 INFO  server.RaftServerConfigKeys (ConfUtils.java:logGet(43)) - raft.server.watch.timeout = 10s (default)
2019-06-14 09:03:49,006 INFO  server.RaftServerConfigKeys (ConfUtils.java:logGet(43)) - raft.server.watch.timeout.denomination = 1s (default)
2019-06-14 09:03:49,006 INFO  server.RaftServerConfigKeys (ConfUtils.java:logGet(43)) - raft.server.log.appender.snapshot.chunk.size.max = 16MB (=16777216) (default)
2019-06-14 09:03:49,006 INFO  server.RaftServerConfigKeys (ConfUtils.java:logGet(43)) - raft.server.log.appender.buffer.byte-limit = 33554432 (custom)
2019-06-14 09:03:49,006 INFO  server.RaftServerConfigKeys (ConfUtils.java:logGet(43)) - raft.server.log.appender.buffer.element-limit = 1 (custom)
2019-06-14 09:03:49,006 INFO  grpc.GrpcConfigKeys$Server (ConfUtils.java:logGet(43)) - raft.grpc.server.leader.outstanding.appends.max = 128 (default)
2019-06-14 09:03:49,006 INFO  server.RaftServerConfigKeys (ConfUtils.java:logGet(43)) - raft.server.rpc.request.timeout = 3000ms (default)
2019-06-14 09:03:49,006 INFO  server.RaftServerConfigKeys (ConfUtils.java:logGet(43)) - raft.server.log.appender.install.snapshot.enabled = true (default)
2019-06-14 09:03:49,006 INFO  server.RaftServerConfigKeys (ConfUtils.java:logGet(43)) - raft.server.log.appender.snapshot.chunk.size.max = 16MB (=16777216) (default)
2019-06-14 09:03:49,006 INFO  server.RaftServerConfigKeys (ConfUtils.java:logGet(43)) - raft.server.log.appender.buffer.byte-limit = 33554432 (custom)
2019-06-14 09:03:49,006 INFO  server.RaftServerConfigKeys (ConfUtils.java:logGet(43)) - raft.server.log.appender.buffer.element-limit = 1 (custom)
2019-06-14 09:03:49,006 INFO  grpc.GrpcConfigKeys$Server (ConfUtils.java:logGet(43)) - raft.grpc.server.leader.outstanding.appends.max = 128 (default)
2019-06-14 09:03:49,006 INFO  server.RaftServerConfigKeys (ConfUtils.java:logGet(43)) - raft.server.rpc.request.timeout = 3000ms (default)
2019-06-14 09:03:49,006 INFO  server.RaftServerConfigKeys (ConfUtils.java:logGet(43)) - raft.server.log.appender.install.snapshot.enabled = true (default)
2019-06-14 09:03:49,007 INFO  impl.RoleInfo (RoleInfo.java:updateAndGet(143)) - 18ae2fde-5dc6-4cdf-9311-608733cc9025: start LeaderState
2019-06-14 09:03:49,007 INFO  storage.RaftLogWorker (RaftLogWorker.java:startLogSegment(298)) - 18ae2fde-5dc6-4cdf-9311-608733cc9025-RaftLogWorker: Starting segment from index:0
2019-06-14 09:03:49,007 INFO  impl.RaftServerImpl (ServerState.java:setRaftConf(361)) - 18ae2fde-5dc6-4cdf-9311-608733cc9025:group-A76C031951A5 set configuration 0: [ace3d32f-380b-4ca3-aa77-a2fbf0181366:192.168.105.147:39167, 9e3f1b17-73ea-4581-8638-5095590032ec:192.168.105.147:45977, 18ae2fde-5dc6-4cdf-9311-608733cc9025:192.168.105.147:36629], old=null at 0
2019-06-14 09:03:49,008 INFO  impl.RaftServerImpl (ServerState.java:setLeader(263)) - 9e3f1b17-73ea-4581-8638-5095590032ec:group-A76C031951A5 change Leader from null to 18ae2fde-5dc6-4cdf-9311-608733cc9025 at term 1 for appendEntries, leader elected after 1100ms
2019-06-14 09:03:49,044 INFO  impl.RaftServerImpl (ServerState.java:setLeader(263)) - ace3d32f-380b-4ca3-aa77-a2fbf0181366:group-A76C031951A5 change Leader from null to 18ae2fde-5dc6-4cdf-9311-608733cc9025 at term 1 for appendEntries, leader elected after 1132ms
2019-06-14 09:03:49,046 INFO  storage.RaftLogWorker (RaftLogWorker.java:execute(469)) - 18ae2fde-5dc6-4cdf-9311-608733cc9025-RaftLogWorker: created new log segment /opt/src/hadoop-ozone/integration-test/target/test-dir/MiniOzoneClusterImpl-0a47cb53-57cb-474a-bdb0-4e878f688d1a/datanode-2/data/ratis/c3e657b7-7121-4107-a5e3-a76c031951a5/current/log_inprogress_0
2019-06-14 09:03:49,048 INFO  impl.RaftServerImpl (ServerState.java:setRaftConf(361)) - 9e3f1b17-73ea-4581-8638-5095590032ec:group-A76C031951A5 set configuration 0: [ace3d32f-380b-4ca3-aa77-a2fbf0181366:192.168.105.147:39167, 9e3f1b17-73ea-4581-8638-5095590032ec:192.168.105.147:45977, 18ae2fde-5dc6-4cdf-9311-608733cc9025:192.168.105.147:36629], old=null at 0
2019-06-14 09:03:49,048 INFO  storage.RaftLogWorker (RaftLogWorker.java:startLogSegment(298)) - 9e3f1b17-73ea-4581-8638-5095590032ec-RaftLogWorker: Starting segment from index:0
2019-06-14 09:03:49,048 INFO  impl.RaftServerImpl (ServerState.java:setRaftConf(361)) - ace3d32f-380b-4ca3-aa77-a2fbf0181366:group-A76C031951A5 set configuration 0: [ace3d32f-380b-4ca3-aa77-a2fbf0181366:192.168.105.147:39167, 9e3f1b17-73ea-4581-8638-5095590032ec:192.168.105.147:45977, 18ae2fde-5dc6-4cdf-9311-608733cc9025:192.168.105.147:36629], old=null at 0
2019-06-14 09:03:49,048 INFO  storage.RaftLogWorker (RaftLogWorker.java:startLogSegment(298)) - ace3d32f-380b-4ca3-aa77-a2fbf0181366-RaftLogWorker: Starting segment from index:0
2019-06-14 09:03:49,085 INFO  storage.RaftLogWorker (RaftLogWorker.java:execute(469)) - 9e3f1b17-73ea-4581-8638-5095590032ec-RaftLogWorker: created new log segment /opt/src/hadoop-ozone/integration-test/target/test-dir/MiniOzoneClusterImpl-0a47cb53-57cb-474a-bdb0-4e878f688d1a/datanode-0/data/ratis/c3e657b7-7121-4107-a5e3-a76c031951a5/current/log_inprogress_0
2019-06-14 09:03:49,086 INFO  storage.RaftLogWorker (RaftLogWorker.java:execute(469)) - ace3d32f-380b-4ca3-aa77-a2fbf0181366-RaftLogWorker: created new log segment /opt/src/hadoop-ozone/integration-test/target/test-dir/MiniOzoneClusterImpl-0a47cb53-57cb-474a-bdb0-4e878f688d1a/datanode-1/data/ratis/c3e657b7-7121-4107-a5e3-a76c031951a5/current/log_inprogress_0
2019-06-14 09:03:49,090 INFO  impl.FollowerState (FollowerState.java:run(101)) - 18ae2fde-5dc6-4cdf-9311-608733cc9025:group-D7F28BE07EB4 changes to CANDIDATE, lastRpcTime:1195, electionTimeout:1195ms
2019-06-14 09:03:49,090 INFO  impl.RoleInfo (RoleInfo.java:shutdownFollowerState(121)) - 18ae2fde-5dc6-4cdf-9311-608733cc9025: shutdown FollowerState
2019-06-14 09:03:49,090 INFO  impl.RaftServerImpl (RaftServerImpl.java:setRole(164)) - 18ae2fde-5dc6-4cdf-9311-608733cc9025:group-D7F28BE07EB4 changes role from FOLLOWER to CANDIDATE at term 0 for changeToCandidate
2019-06-14 09:03:49,090 INFO  impl.RoleInfo (RoleInfo.java:updateAndGet(143)) - 18ae2fde-5dc6-4cdf-9311-608733cc9025: start LeaderElection
2019-06-14 09:03:49,096 INFO  impl.LeaderElection (LeaderElection.java:askForVotes(181)) - 18ae2fde-5dc6-4cdf-9311-608733cc9025:group-D7F28BE07EB4:LeaderElection33: begin an election at term 1 for -1: [18ae2fde-5dc6-4cdf-9311-608733cc9025:192.168.105.147:36629], old=null
2019-06-14 09:03:49,096 INFO  impl.RoleInfo (RoleInfo.java:shutdownLeaderElection(134)) - 18ae2fde-5dc6-4cdf-9311-608733cc9025: shutdown LeaderElection
2019-06-14 09:03:49,096 INFO  impl.RaftServerImpl (RaftServerImpl.java:setRole(164)) - 18ae2fde-5dc6-4cdf-9311-608733cc9025:group-D7F28BE07EB4 changes role from CANDIDATE to LEADER at term 1 for changeToLeader
2019-06-14 09:03:49,096 INFO  impl.RaftServerImpl (ServerState.java:setLeader(263)) - 18ae2fde-5dc6-4cdf-9311-608733cc9025:group-D7F28BE07EB4 change Leader from null to 18ae2fde-5dc6-4cdf-9311-608733cc9025 at term 1 for becomeLeader, leader elected after 1203ms
2019-06-14 09:03:49,096 INFO  server.RaftServerConfigKeys (ConfUtils.java:logGet(43)) - raft.server.staging.catchup.gap = 1000 (default)
2019-06-14 09:03:49,096 INFO  server.RaftServerConfigKeys (ConfUtils.java:logGet(43)) - raft.server.rpc.sleep.time = 25ms (default)
2019-06-14 09:03:49,096 INFO  server.RaftServerConfigKeys (ConfUtils.java:logGet(43)) - raft.server.watch.timeout = 10s (default)
2019-06-14 09:03:49,096 INFO  server.RaftServerConfigKeys (ConfUtils.java:logGet(43)) - raft.server.watch.timeout.denomination = 1s (default)
2019-06-14 09:03:49,096 INFO  impl.RoleInfo (RoleInfo.java:updateAndGet(143)) - 18ae2fde-5dc6-4cdf-9311-608733cc9025: start LeaderState
2019-06-14 09:03:49,096 INFO  storage.RaftLogWorker (RaftLogWorker.java:startLogSegment(298)) - 18ae2fde-5dc6-4cdf-9311-608733cc9025-RaftLogWorker: Starting segment from index:0
2019-06-14 09:03:49,097 INFO  impl.RaftServerImpl (ServerState.java:setRaftConf(361)) - 18ae2fde-5dc6-4cdf-9311-608733cc9025:group-D7F28BE07EB4 set configuration 0: [18ae2fde-5dc6-4cdf-9311-608733cc9025:192.168.105.147:36629], old=null at 0
2019-06-14 09:03:49,132 INFO  storage.RaftLogWorker (RaftLogWorker.java:execute(469)) - 18ae2fde-5dc6-4cdf-9311-608733cc9025-RaftLogWorker: created new log segment /opt/src/hadoop-ozone/integration-test/target/test-dir/MiniOzoneClusterImpl-0a47cb53-57cb-474a-bdb0-4e878f688d1a/datanode-2/data/ratis/6681b259-a96d-4b9c-880a-d7f28be07eb4/current/log_inprogress_0
2019-06-14 09:03:49,193 INFO  impl.FollowerState (FollowerState.java:run(101)) - 70b4485b-f7ff-4414-a410-53e7f44865ae:group-CCAC20989ABC changes to CANDIDATE, lastRpcTime:1020, electionTimeout:1016ms
2019-06-14 09:03:49,193 INFO  impl.RoleInfo (RoleInfo.java:shutdownFollowerState(121)) - 70b4485b-f7ff-4414-a410-53e7f44865ae: shutdown FollowerState
2019-06-14 09:03:49,194 INFO  impl.RaftServerImpl (RaftServerImpl.java:setRole(164)) - 70b4485b-f7ff-4414-a410-53e7f44865ae:group-CCAC20989ABC changes role from FOLLOWER to CANDIDATE at term 0 for changeToCandidate
2019-06-14 09:03:49,194 INFO  impl.RoleInfo (RoleInfo.java:updateAndGet(143)) - 70b4485b-f7ff-4414-a410-53e7f44865ae: start LeaderElection
2019-06-14 09:03:49,199 INFO  impl.LeaderElection (LeaderElection.java:askForVotes(181)) - 70b4485b-f7ff-4414-a410-53e7f44865ae:group-CCAC20989ABC:LeaderElection34: begin an election at term 1 for -1: [70b4485b-f7ff-4414-a410-53e7f44865ae:192.168.105.147:43725], old=null
2019-06-14 09:03:49,199 INFO  impl.RoleInfo (RoleInfo.java:shutdownLeaderElection(134)) - 70b4485b-f7ff-4414-a410-53e7f44865ae: shutdown LeaderElection
2019-06-14 09:03:49,199 INFO  impl.RaftServerImpl (RaftServerImpl.java:setRole(164)) - 70b4485b-f7ff-4414-a410-53e7f44865ae:group-CCAC20989ABC changes role from CANDIDATE to LEADER at term 1 for changeToLeader
2019-06-14 09:03:49,199 INFO  impl.RaftServerImpl (ServerState.java:setLeader(263)) - 70b4485b-f7ff-4414-a410-53e7f44865ae:group-CCAC20989ABC change Leader from null to 70b4485b-f7ff-4414-a410-53e7f44865ae at term 1 for becomeLeader, leader elected after 1028ms
2019-06-14 09:03:49,199 INFO  server.RaftServerConfigKeys (ConfUtils.java:logGet(43)) - raft.server.staging.catchup.gap = 1000 (default)
2019-06-14 09:03:49,199 INFO  server.RaftServerConfigKeys (ConfUtils.java:logGet(43)) - raft.server.rpc.sleep.time = 25ms (default)
2019-06-14 09:03:49,199 INFO  server.RaftServerConfigKeys (ConfUtils.java:logGet(43)) - raft.server.watch.timeout = 10s (default)
2019-06-14 09:03:49,200 INFO  server.RaftServerConfigKeys (ConfUtils.java:logGet(43)) - raft.server.watch.timeout.denomination = 1s (default)
2019-06-14 09:03:49,200 INFO  impl.RoleInfo (RoleInfo.java:updateAndGet(143)) - 70b4485b-f7ff-4414-a410-53e7f44865ae: start LeaderState
2019-06-14 09:03:49,200 INFO  storage.RaftLogWorker (RaftLogWorker.java:startLogSegment(298)) - 70b4485b-f7ff-4414-a410-53e7f44865ae-RaftLogWorker: Starting segment from index:0
2019-06-14 09:03:49,200 INFO  impl.RaftServerImpl (ServerState.java:setRaftConf(361)) - 70b4485b-f7ff-4414-a410-53e7f44865ae:group-CCAC20989ABC set configuration 0: [70b4485b-f7ff-4414-a410-53e7f44865ae:192.168.105.147:43725], old=null at 0
2019-06-14 09:03:49,241 INFO  impl.FollowerState (FollowerState.java:run(101)) - cf91424c-955d-4916-8edf-1d1119d3a81d:group-BC47E1119B3B changes to CANDIDATE, lastRpcTime:1187, electionTimeout:1187ms
2019-06-14 09:03:49,241 INFO  impl.RoleInfo (RoleInfo.java:shutdownFollowerState(121)) - cf91424c-955d-4916-8edf-1d1119d3a81d: shutdown FollowerState
2019-06-14 09:03:49,241 INFO  impl.RaftServerImpl (RaftServerImpl.java:setRole(164)) - cf91424c-955d-4916-8edf-1d1119d3a81d:group-BC47E1119B3B changes role from FOLLOWER to CANDIDATE at term 0 for changeToCandidate
2019-06-14 09:03:49,241 INFO  storage.RaftLogWorker (RaftLogWorker.java:execute(469)) - 70b4485b-f7ff-4414-a410-53e7f44865ae-RaftLogWorker: created new log segment /opt/src/hadoop-ozone/integration-test/target/test-dir/MiniOzoneClusterImpl-0a47cb53-57cb-474a-bdb0-4e878f688d1a/datanode-4/data/ratis/edcfd733-8e14-4cec-a414-ccac20989abc/current/log_inprogress_0
2019-06-14 09:03:49,241 INFO  impl.RoleInfo (RoleInfo.java:updateAndGet(143)) - cf91424c-955d-4916-8edf-1d1119d3a81d: start LeaderElection
2019-06-14 09:03:49,248 INFO  impl.LeaderElection (LeaderElection.java:askForVotes(181)) - cf91424c-955d-4916-8edf-1d1119d3a81d:group-BC47E1119B3B:LeaderElection35: begin an election at term 1 for -1: [cf91424c-955d-4916-8edf-1d1119d3a81d:192.168.105.147:40327], old=null
2019-06-14 09:03:49,248 INFO  impl.RoleInfo (RoleInfo.java:shutdownLeaderElection(134)) - cf91424c-955d-4916-8edf-1d1119d3a81d: shutdown LeaderElection
2019-06-14 09:03:49,248 INFO  impl.RaftServerImpl (RaftServerImpl.java:setRole(164)) - cf91424c-955d-4916-8edf-1d1119d3a81d:group-BC47E1119B3B changes role from CANDIDATE to LEADER at term 1 for changeToLeader
2019-06-14 09:03:49,248 INFO  impl.RaftServerImpl (ServerState.java:setLeader(263)) - cf91424c-955d-4916-8edf-1d1119d3a81d:group-BC47E1119B3B change Leader from null to cf91424c-955d-4916-8edf-1d1119d3a81d at term 1 for becomeLeader, leader elected after 1197ms
2019-06-14 09:03:49,248 INFO  server.RaftServerConfigKeys (ConfUtils.java:logGet(43)) - raft.server.staging.catchup.gap = 1000 (default)
2019-06-14 09:03:49,248 INFO  server.RaftServerConfigKeys (ConfUtils.java:logGet(43)) - raft.server.rpc.sleep.time = 25ms (default)
2019-06-14 09:03:49,248 INFO  server.RaftServerConfigKeys (ConfUtils.java:logGet(43)) - raft.server.watch.timeout = 10s (default)
2019-06-14 09:03:49,248 INFO  server.RaftServerConfigKeys (ConfUtils.java:logGet(43)) - raft.server.watch.timeout.denomination = 1s (default)
2019-06-14 09:03:49,248 INFO  impl.RoleInfo (RoleInfo.java:updateAndGet(143)) - cf91424c-955d-4916-8edf-1d1119d3a81d: start LeaderState
2019-06-14 09:03:49,249 INFO  storage.RaftLogWorker (RaftLogWorker.java:startLogSegment(298)) - cf91424c-955d-4916-8edf-1d1119d3a81d-RaftLogWorker: Starting segment from index:0
2019-06-14 09:03:49,249 INFO  impl.RaftServerImpl (ServerState.java:setRaftConf(361)) - cf91424c-955d-4916-8edf-1d1119d3a81d:group-BC47E1119B3B set configuration 0: [cf91424c-955d-4916-8edf-1d1119d3a81d:192.168.105.147:40327], old=null at 0
2019-06-14 09:03:49,284 INFO  storage.RaftLogWorker (RaftLogWorker.java:execute(469)) - cf91424c-955d-4916-8edf-1d1119d3a81d-RaftLogWorker: created new log segment /opt/src/hadoop-ozone/integration-test/target/test-dir/MiniOzoneClusterImpl-0a47cb53-57cb-474a-bdb0-4e878f688d1a/datanode-3/data/ratis/4c14e34a-3163-40af-85d1-bc47e1119b3b/current/log_inprogress_0
2019-06-14 09:03:49,364 INFO  impl.FollowerState (FollowerState.java:run(101)) - a266fe3a-59db-4ebb-a330-0c0550017278:group-6542006A3A57 changes to CANDIDATE, lastRpcTime:1000, electionTimeout:1000ms
2019-06-14 09:03:49,364 INFO  impl.RoleInfo (RoleInfo.java:shutdownFollowerState(121)) - a266fe3a-59db-4ebb-a330-0c0550017278: shutdown FollowerState
2019-06-14 09:03:49,364 INFO  impl.RaftServerImpl (RaftServerImpl.java:setRole(164)) - a266fe3a-59db-4ebb-a330-0c0550017278:group-6542006A3A57 changes role from FOLLOWER to CANDIDATE at term 0 for changeToCandidate
2019-06-14 09:03:49,364 INFO  impl.RoleInfo (RoleInfo.java:updateAndGet(143)) - a266fe3a-59db-4ebb-a330-0c0550017278: start LeaderElection
2019-06-14 09:03:49,369 INFO  impl.LeaderElection (LeaderElection.java:askForVotes(181)) - a266fe3a-59db-4ebb-a330-0c0550017278:group-6542006A3A57:LeaderElection36: begin an election at term 1 for -1: [70b4485b-f7ff-4414-a410-53e7f44865ae:192.168.105.147:43725, a266fe3a-59db-4ebb-a330-0c0550017278:192.168.105.147:44865, cf91424c-955d-4916-8edf-1d1119d3a81d:192.168.105.147:40327], old=null
2019-06-14 09:03:49,375 INFO  impl.RaftServerImpl (RaftServerImpl.java:setRole(164)) - 70b4485b-f7ff-4414-a410-53e7f44865ae:group-6542006A3A57 changes role from FOLLOWER to FOLLOWER at term 1 for recognizeCandidate:a266fe3a-59db-4ebb-a330-0c0550017278
2019-06-14 09:03:49,375 INFO  impl.RoleInfo (RoleInfo.java:shutdownFollowerState(121)) - 70b4485b-f7ff-4414-a410-53e7f44865ae: shutdown FollowerState
2019-06-14 09:03:49,375 INFO  impl.RoleInfo (RoleInfo.java:updateAndGet(143)) - 70b4485b-f7ff-4414-a410-53e7f44865ae: start FollowerState
2019-06-14 09:03:49,375 INFO  impl.FollowerState (FollowerState.java:run(109)) - 70b4485b-f7ff-4414-a410-53e7f44865ae: FollowerState was interrupted: java.lang.InterruptedException: sleep interrupted
2019-06-14 09:03:49,376 INFO  impl.RaftServerImpl (RaftServerImpl.java:setRole(164)) - cf91424c-955d-4916-8edf-1d1119d3a81d:group-6542006A3A57 changes role from FOLLOWER to FOLLOWER at term 1 for recognizeCandidate:a266fe3a-59db-4ebb-a330-0c0550017278
2019-06-14 09:03:49,377 INFO  impl.RoleInfo (RoleInfo.java:shutdownFollowerState(121)) - cf91424c-955d-4916-8edf-1d1119d3a81d: shutdown FollowerState
2019-06-14 09:03:49,377 INFO  impl.RoleInfo (RoleInfo.java:updateAndGet(143)) - cf91424c-955d-4916-8edf-1d1119d3a81d: start FollowerState
2019-06-14 09:03:49,377 INFO  impl.FollowerState (FollowerState.java:run(109)) - cf91424c-955d-4916-8edf-1d1119d3a81d: FollowerState was interrupted: java.lang.InterruptedException: sleep interrupted
2019-06-14 09:03:49,381 INFO  impl.LeaderElection (LeaderElection.java:logAndReturn(56)) - a266fe3a-59db-4ebb-a330-0c0550017278:group-6542006A3A57:LeaderElection36: Election PASSED; received 1 response(s) [a266fe3a-59db-4ebb-a330-0c0550017278->cf91424c-955d-4916-8edf-1d1119d3a81d,true-t1] and 0 exception(s); a266fe3a-59db-4ebb-a330-0c0550017278:t1, leader=null, voted=a266fe3a-59db-4ebb-a330-0c0550017278, raftlog=a266fe3a-59db-4ebb-a330-0c0550017278-SegmentedRaftLog:OPENED:c-1,f-1,i0, conf=-1: [70b4485b-f7ff-4414-a410-53e7f44865ae:192.168.105.147:43725, a266fe3a-59db-4ebb-a330-0c0550017278:192.168.105.147:44865, cf91424c-955d-4916-8edf-1d1119d3a81d:192.168.105.147:40327], old=null
2019-06-14 09:03:49,381 INFO  impl.RoleInfo (RoleInfo.java:shutdownLeaderElection(134)) - a266fe3a-59db-4ebb-a330-0c0550017278: shutdown LeaderElection
2019-06-14 09:03:49,381 INFO  impl.RaftServerImpl (RaftServerImpl.java:setRole(164)) - a266fe3a-59db-4ebb-a330-0c0550017278:group-6542006A3A57 changes role from CANDIDATE to LEADER at term 1 for changeToLeader
2019-06-14 09:03:49,381 INFO  impl.RaftServerImpl (ServerState.java:setLeader(263)) - a266fe3a-59db-4ebb-a330-0c0550017278:group-6542006A3A57 change Leader from null to a266fe3a-59db-4ebb-a330-0c0550017278 at term 1 for becomeLeader, leader elected after 1021ms
2019-06-14 09:03:49,381 INFO  server.RaftServerConfigKeys (ConfUtils.java:logGet(43)) - raft.server.staging.catchup.gap = 1000 (default)
2019-06-14 09:03:49,381 INFO  server.RaftServerConfigKeys (ConfUtils.java:logGet(43)) - raft.server.rpc.sleep.time = 25ms (default)
2019-06-14 09:03:49,381 INFO  server.RaftServerConfigKeys (ConfUtils.java:logGet(43)) - raft.server.watch.timeout = 10s (default)
2019-06-14 09:03:49,381 INFO  server.RaftServerConfigKeys (ConfUtils.java:logGet(43)) - raft.server.watch.timeout.denomination = 1s (default)
2019-06-14 09:03:49,381 INFO  server.RaftServerConfigKeys (ConfUtils.java:logGet(43)) - raft.server.log.appender.snapshot.chunk.size.max = 16MB (=16777216) (default)
2019-06-14 09:03:49,382 INFO  server.RaftServerConfigKeys (ConfUtils.java:logGet(43)) - raft.server.log.appender.buffer.byte-limit = 33554432 (custom)
2019-06-14 09:03:49,382 INFO  server.RaftServerConfigKeys (ConfUtils.java:logGet(43)) - raft.server.log.appender.buffer.element-limit = 1 (custom)
2019-06-14 09:03:49,382 INFO  grpc.GrpcConfigKeys$Server (ConfUtils.java:logGet(43)) - raft.grpc.server.leader.outstanding.appends.max = 128 (default)
2019-06-14 09:03:49,382 INFO  server.RaftServerConfigKeys (ConfUtils.java:logGet(43)) - raft.server.rpc.request.timeout = 3000ms (default)
2019-06-14 09:03:49,382 INFO  server.RaftServerConfigKeys (ConfUtils.java:logGet(43)) - raft.server.log.appender.install.snapshot.enabled = true (default)
2019-06-14 09:03:49,382 INFO  server.RaftServerConfigKeys (ConfUtils.java:logGet(43)) - raft.server.log.appender.snapshot.chunk.size.max = 16MB (=16777216) (default)
2019-06-14 09:03:49,382 INFO  server.RaftServerConfigKeys (ConfUtils.java:logGet(43)) - raft.server.log.appender.buffer.byte-limit = 33554432 (custom)
2019-06-14 09:03:49,382 INFO  server.RaftServerConfigKeys (ConfUtils.java:logGet(43)) - raft.server.log.appender.buffer.element-limit = 1 (custom)
2019-06-14 09:03:49,382 INFO  grpc.GrpcConfigKeys$Server (ConfUtils.java:logGet(43)) - raft.grpc.server.leader.outstanding.appends.max = 128 (default)
2019-06-14 09:03:49,383 INFO  server.RaftServerConfigKeys (ConfUtils.java:logGet(43)) - raft.server.rpc.request.timeout = 3000ms (default)
2019-06-14 09:03:49,383 INFO  server.RaftServerConfigKeys (ConfUtils.java:logGet(43)) - raft.server.log.appender.install.snapshot.enabled = true (default)
2019-06-14 09:03:49,383 INFO  impl.RoleInfo (RoleInfo.java:updateAndGet(143)) - a266fe3a-59db-4ebb-a330-0c0550017278: start LeaderState
2019-06-14 09:03:49,383 INFO  storage.RaftLogWorker (RaftLogWorker.java:startLogSegment(298)) - a266fe3a-59db-4ebb-a330-0c0550017278-RaftLogWorker: Starting segment from index:0
2019-06-14 09:03:49,385 INFO  impl.RaftServerImpl (ServerState.java:setRaftConf(361)) - a266fe3a-59db-4ebb-a330-0c0550017278:group-6542006A3A57 set configuration 0: [70b4485b-f7ff-4414-a410-53e7f44865ae:192.168.105.147:43725, a266fe3a-59db-4ebb-a330-0c0550017278:192.168.105.147:44865, cf91424c-955d-4916-8edf-1d1119d3a81d:192.168.105.147:40327], old=null at 0
2019-06-14 09:03:49,402 INFO  impl.RaftServerImpl (ServerState.java:setLeader(263)) - 70b4485b-f7ff-4414-a410-53e7f44865ae:group-6542006A3A57 change Leader from null to a266fe3a-59db-4ebb-a330-0c0550017278 at term 1 for appendEntries, leader elected after 1044ms
2019-06-14 09:03:49,402 INFO  impl.RaftServerImpl (ServerState.java:setLeader(263)) - cf91424c-955d-4916-8edf-1d1119d3a81d:group-6542006A3A57 change Leader from null to a266fe3a-59db-4ebb-a330-0c0550017278 at term 1 for appendEntries, leader elected after 1043ms
2019-06-14 09:03:49,423 INFO  storage.RaftLogWorker (RaftLogWorker.java:execute(469)) - a266fe3a-59db-4ebb-a330-0c0550017278-RaftLogWorker: created new log segment /opt/src/hadoop-ozone/integration-test/target/test-dir/MiniOzoneClusterImpl-0a47cb53-57cb-474a-bdb0-4e878f688d1a/datanode-5/data/ratis/b9df11a6-c2b5-46d7-89f9-6542006a3a57/current/log_inprogress_0
2019-06-14 09:03:49,423 INFO  impl.RaftServerImpl (ServerState.java:setRaftConf(361)) - 70b4485b-f7ff-4414-a410-53e7f44865ae:group-6542006A3A57 set configuration 0: [70b4485b-f7ff-4414-a410-53e7f44865ae:192.168.105.147:43725, a266fe3a-59db-4ebb-a330-0c0550017278:192.168.105.147:44865, cf91424c-955d-4916-8edf-1d1119d3a81d:192.168.105.147:40327], old=null at 0
2019-06-14 09:03:49,423 INFO  storage.RaftLogWorker (RaftLogWorker.java:startLogSegment(298)) - 70b4485b-f7ff-4414-a410-53e7f44865ae-RaftLogWorker: Starting segment from index:0
2019-06-14 09:03:49,423 INFO  impl.RaftServerImpl (ServerState.java:setRaftConf(361)) - cf91424c-955d-4916-8edf-1d1119d3a81d:group-6542006A3A57 set configuration 0: [70b4485b-f7ff-4414-a410-53e7f44865ae:192.168.105.147:43725, a266fe3a-59db-4ebb-a330-0c0550017278:192.168.105.147:44865, cf91424c-955d-4916-8edf-1d1119d3a81d:192.168.105.147:40327], old=null at 0
2019-06-14 09:03:49,424 INFO  storage.RaftLogWorker (RaftLogWorker.java:startLogSegment(298)) - cf91424c-955d-4916-8edf-1d1119d3a81d-RaftLogWorker: Starting segment from index:0
2019-06-14 09:03:49,468 INFO  storage.RaftLogWorker (RaftLogWorker.java:execute(469)) - cf91424c-955d-4916-8edf-1d1119d3a81d-RaftLogWorker: created new log segment /opt/src/hadoop-ozone/integration-test/target/test-dir/MiniOzoneClusterImpl-0a47cb53-57cb-474a-bdb0-4e878f688d1a/datanode-3/data/ratis/b9df11a6-c2b5-46d7-89f9-6542006a3a57/current/log_inprogress_0
2019-06-14 09:03:49,471 INFO  storage.RaftLogWorker (RaftLogWorker.java:execute(469)) - 70b4485b-f7ff-4414-a410-53e7f44865ae-RaftLogWorker: created new log segment /opt/src/hadoop-ozone/integration-test/target/test-dir/MiniOzoneClusterImpl-0a47cb53-57cb-474a-bdb0-4e878f688d1a/datanode-4/data/ratis/b9df11a6-c2b5-46d7-89f9-6542006a3a57/current/log_inprogress_0
2019-06-14 09:03:49,515 INFO  impl.FollowerState (FollowerState.java:run(101)) - a266fe3a-59db-4ebb-a330-0c0550017278:group-42AC195D99E0 changes to CANDIDATE, lastRpcTime:1181, electionTimeout:1181ms
2019-06-14 09:03:49,515 INFO  impl.RoleInfo (RoleInfo.java:shutdownFollowerState(121)) - a266fe3a-59db-4ebb-a330-0c0550017278: shutdown FollowerState
2019-06-14 09:03:49,515 INFO  impl.RaftServerImpl (RaftServerImpl.java:setRole(164)) - a266fe3a-59db-4ebb-a330-0c0550017278:group-42AC195D99E0 changes role from FOLLOWER to CANDIDATE at term 0 for changeToCandidate
2019-06-14 09:03:49,515 INFO  impl.RoleInfo (RoleInfo.java:updateAndGet(143)) - a266fe3a-59db-4ebb-a330-0c0550017278: start LeaderElection
2019-06-14 09:03:49,517 INFO  impl.FollowerState (FollowerState.java:run(101)) - 2c1d9819-8753-4ac8-84ec-f38a25e486fb:group-136571CF47E0 changes to CANDIDATE, lastRpcTime:1036, electionTimeout:1032ms
2019-06-14 09:03:49,518 INFO  impl.RoleInfo (RoleInfo.java:shutdownFollowerState(121)) - 2c1d9819-8753-4ac8-84ec-f38a25e486fb: shutdown FollowerState
2019-06-14 09:03:49,518 INFO  impl.RaftServerImpl (RaftServerImpl.java:setRole(164)) - 2c1d9819-8753-4ac8-84ec-f38a25e486fb:group-136571CF47E0 changes role from FOLLOWER to CANDIDATE at term 0 for changeToCandidate
2019-06-14 09:03:49,519 INFO  impl.RoleInfo (RoleInfo.java:updateAndGet(143)) - 2c1d9819-8753-4ac8-84ec-f38a25e486fb: start LeaderElection
2019-06-14 09:03:49,520 INFO  impl.LeaderElection (LeaderElection.java:askForVotes(181)) - a266fe3a-59db-4ebb-a330-0c0550017278:group-42AC195D99E0:LeaderElection37: begin an election at term 1 for -1: [a266fe3a-59db-4ebb-a330-0c0550017278:192.168.105.147:44865], old=null
2019-06-14 09:03:49,520 INFO  impl.RoleInfo (RoleInfo.java:shutdownLeaderElection(134)) - a266fe3a-59db-4ebb-a330-0c0550017278: shutdown LeaderElection
2019-06-14 09:03:49,520 INFO  impl.RaftServerImpl (RaftServerImpl.java:setRole(164)) - a266fe3a-59db-4ebb-a330-0c0550017278:group-42AC195D99E0 changes role from CANDIDATE to LEADER at term 1 for changeToLeader
2019-06-14 09:03:49,520 INFO  impl.RaftServerImpl (ServerState.java:setLeader(263)) - a266fe3a-59db-4ebb-a330-0c0550017278:group-42AC195D99E0 change Leader from null to a266fe3a-59db-4ebb-a330-0c0550017278 at term 1 for becomeLeader, leader elected after 1188ms
2019-06-14 09:03:49,521 INFO  server.RaftServerConfigKeys (ConfUtils.java:logGet(43)) - raft.server.staging.catchup.gap = 1000 (default)
2019-06-14 09:03:49,521 INFO  server.RaftServerConfigKeys (ConfUtils.java:logGet(43)) - raft.server.rpc.sleep.time = 25ms (default)
2019-06-14 09:03:49,526 INFO  server.RaftServerConfigKeys (ConfUtils.java:logGet(43)) - raft.server.watch.timeout = 10s (default)
2019-06-14 09:03:49,526 INFO  server.RaftServerConfigKeys (ConfUtils.java:logGet(43)) - raft.server.watch.timeout.denomination = 1s (default)
2019-06-14 09:03:49,526 INFO  impl.RoleInfo (RoleInfo.java:updateAndGet(143)) - a266fe3a-59db-4ebb-a330-0c0550017278: start LeaderState
2019-06-14 09:03:49,526 INFO  storage.RaftLogWorker (RaftLogWorker.java:startLogSegment(298)) - a266fe3a-59db-4ebb-a330-0c0550017278-RaftLogWorker: Starting segment from index:0
2019-06-14 09:03:49,532 INFO  impl.RaftServerImpl (ServerState.java:setRaftConf(361)) - a266fe3a-59db-4ebb-a330-0c0550017278:group-42AC195D99E0 set configuration 0: [a266fe3a-59db-4ebb-a330-0c0550017278:192.168.105.147:44865], old=null at 0
2019-06-14 09:03:49,535 INFO  impl.LeaderElection (LeaderElection.java:askForVotes(181)) - 2c1d9819-8753-4ac8-84ec-f38a25e486fb:group-136571CF47E0:LeaderElection38: begin an election at term 1 for -1: [2c1d9819-8753-4ac8-84ec-f38a25e486fb:192.168.105.147:36125], old=null
2019-06-14 09:03:49,535 INFO  impl.RoleInfo (RoleInfo.java:shutdownLeaderElection(134)) - 2c1d9819-8753-4ac8-84ec-f38a25e486fb: shutdown LeaderElection
2019-06-14 09:03:49,535 INFO  impl.RaftServerImpl (RaftServerImpl.java:setRole(164)) - 2c1d9819-8753-4ac8-84ec-f38a25e486fb:group-136571CF47E0 changes role from CANDIDATE to LEADER at term 1 for changeToLeader
2019-06-14 09:03:49,535 INFO  impl.RaftServerImpl (ServerState.java:setLeader(263)) - 2c1d9819-8753-4ac8-84ec-f38a25e486fb:group-136571CF47E0 change Leader from null to 2c1d9819-8753-4ac8-84ec-f38a25e486fb at term 1 for becomeLeader, leader elected after 1059ms
2019-06-14 09:03:49,535 INFO  server.RaftServerConfigKeys (ConfUtils.java:logGet(43)) - raft.server.staging.catchup.gap = 1000 (default)
2019-06-14 09:03:49,535 INFO  server.RaftServerConfigKeys (ConfUtils.java:logGet(43)) - raft.server.rpc.sleep.time = 25ms (default)
2019-06-14 09:03:49,535 INFO  server.RaftServerConfigKeys (ConfUtils.java:logGet(43)) - raft.server.watch.timeout = 10s (default)
2019-06-14 09:03:49,535 INFO  server.RaftServerConfigKeys (ConfUtils.java:logGet(43)) - raft.server.watch.timeout.denomination = 1s (default)
2019-06-14 09:03:49,535 INFO  impl.RoleInfo (RoleInfo.java:updateAndGet(143)) - 2c1d9819-8753-4ac8-84ec-f38a25e486fb: start LeaderState
2019-06-14 09:03:49,535 INFO  storage.RaftLogWorker (RaftLogWorker.java:startLogSegment(298)) - 2c1d9819-8753-4ac8-84ec-f38a25e486fb-RaftLogWorker: Starting segment from index:0
2019-06-14 09:03:49,536 INFO  impl.RaftServerImpl (ServerState.java:setRaftConf(361)) - 2c1d9819-8753-4ac8-84ec-f38a25e486fb:group-136571CF47E0 set configuration 0: [2c1d9819-8753-4ac8-84ec-f38a25e486fb:192.168.105.147:36125], old=null at 0
2019-06-14 09:03:49,603 INFO  storage.RaftLogWorker (RaftLogWorker.java:execute(469)) - a266fe3a-59db-4ebb-a330-0c0550017278-RaftLogWorker: created new log segment /opt/src/hadoop-ozone/integration-test/target/test-dir/MiniOzoneClusterImpl-0a47cb53-57cb-474a-bdb0-4e878f688d1a/datanode-5/data/ratis/0e259bc7-94cf-4166-819c-42ac195d99e0/current/log_inprogress_0
2019-06-14 09:03:49,603 INFO  storage.RaftLogWorker (RaftLogWorker.java:execute(469)) - 2c1d9819-8753-4ac8-84ec-f38a25e486fb-RaftLogWorker: created new log segment /opt/src/hadoop-ozone/integration-test/target/test-dir/MiniOzoneClusterImpl-0a47cb53-57cb-474a-bdb0-4e878f688d1a/datanode-6/data/ratis/10681a2e-dbcb-489a-83a5-136571cf47e0/current/log_inprogress_0
2019-06-14 09:03:49,606 INFO  client.GrpcClientProtocolClient (GrpcClientProtocolClient.java:onNext(254)) - client-6651A6AF17E3->18ae2fde-5dc6-4cdf-9311-608733cc9025: receive RaftClientReply:client-6651A6AF17E3->18ae2fde-5dc6-4cdf-9311-608733cc9025@group-A76C031951A5, cid=66, SUCCESS, logIndex=1, commits[18ae2fde-5dc6-4cdf-9311-608733cc9025:c2, ace3d32f-380b-4ca3-aa77-a2fbf0181366:c1, 9e3f1b17-73ea-4581-8638-5095590032ec:c1]
2019-06-14 09:03:49,607 INFO  datanode.ObjectStoreHandler (ObjectStoreHandler.java:close(155)) - Closing ObjectStoreHandler.
2019-06-14 09:03:49,608 INFO  ozone.HddsDatanodeService (HddsDatanodeService.java:stop(452)) - Stopped plug-in org.apache.hadoop.ozone.web.OzoneHddsDatanodeService@647af13d
2019-06-14 09:03:49,608 INFO  statemachine.DatanodeStateMachine (DatanodeStateMachine.java:lambda$startDaemon$0(350)) - Ozone container server started.
2019-06-14 09:03:49,608 INFO  ozoneimpl.OzoneContainer (OzoneContainer.java:stop(199)) - Attempting to stop container services.
2019-06-14 09:03:49,608 INFO  impl.RaftServerProxy (RaftServerProxy.java:lambda$close$4(314)) - 9e3f1b17-73ea-4581-8638-5095590032ec: close
2019-06-14 09:03:49,609 INFO  impl.RaftServerImpl (RaftServerImpl.java:lambda$shutdown$3(238)) - 9e3f1b17-73ea-4581-8638-5095590032ec: shutdown group-A76C031951A5
2019-06-14 09:03:49,609 INFO  util.JmxRegister (JmxRegister.java:unregister(73)) - Successfully un-registered JMX Bean with object name Ratis:service=RaftServer,group=group-A76C031951A5,id=9e3f1b17-73ea-4581-8638-5095590032ec
2019-06-14 09:03:49,609 INFO  impl.RoleInfo (RoleInfo.java:shutdownFollowerState(121)) - 9e3f1b17-73ea-4581-8638-5095590032ec: shutdown FollowerState
2019-06-14 09:03:49,609 INFO  impl.StateMachineUpdater (StateMachineUpdater.java:stopAndJoin(109)) - StateMachineUpdater-9e3f1b17-73ea-4581-8638-5095590032ec-group-A76C031951A5: set stopIndex = 1
2019-06-14 09:03:49,609 INFO  ratis.ContainerStateMachine (ContainerStateMachine.java:takeSnapshot(245)) - Taking snapshot at termIndex:(t:1, i:1)
2019-06-14 09:03:49,609 INFO  ratis.ContainerStateMachine (ContainerStateMachine.java:takeSnapshot(249)) - Taking a snapshot to file /opt/src/hadoop-ozone/integration-test/target/test-dir/MiniOzoneClusterImpl-0a47cb53-57cb-474a-bdb0-4e878f688d1a/datanode-0/data/ratis/c3e657b7-7121-4107-a5e3-a76c031951a5/sm/snapshot.1_1
2019-06-14 09:03:49,609 INFO  impl.FollowerState (FollowerState.java:run(109)) - 9e3f1b17-73ea-4581-8638-5095590032ec: FollowerState was interrupted: java.lang.InterruptedException: sleep interrupted
2019-06-14 09:03:49,610 INFO  impl.RaftServerImpl (ServerState.java:close(394)) - 9e3f1b17-73ea-4581-8638-5095590032ec:group-A76C031951A5 closes. The last applied log index is 1
2019-06-14 09:03:49,610 INFO  storage.RaftLogWorker (RaftLogWorker.java:run(236)) - 9e3f1b17-73ea-4581-8638-5095590032ec-RaftLogWorker was interrupted, exiting. There are 0 tasks remaining in the queue.
2019-06-14 09:03:49,611 INFO  storage.RaftLogWorker (RaftLogWorker.java:close(168)) - 9e3f1b17-73ea-4581-8638-5095590032ec-RaftLogWorker close()
2019-06-14 09:03:49,613 INFO  impl.RaftServerImpl (RaftServerImpl.java:lambda$shutdown$3(238)) - 9e3f1b17-73ea-4581-8638-5095590032ec: shutdown group-AB1CD24085AB
2019-06-14 09:03:49,613 INFO  util.JmxRegister (JmxRegister.java:unregister(73)) - Successfully un-registered JMX Bean with object name Ratis:service=RaftServer,group=group-AB1CD24085AB,id=9e3f1b17-73ea-4581-8638-5095590032ec
2019-06-14 09:03:49,613 INFO  impl.RoleInfo (RoleInfo.java:shutdownLeaderState(104)) - 9e3f1b17-73ea-4581-8638-5095590032ec: shutdown LeaderState
2019-06-14 09:03:49,613 INFO  impl.PendingRequests (PendingRequests.java:sendNotLeaderResponses(140)) - 9e3f1b17-73ea-4581-8638-5095590032ec-PendingRequests: sendNotLeaderResponses
2019-06-14 09:03:49,617 INFO  impl.StateMachineUpdater (StateMachineUpdater.java:stopAndJoin(109)) - StateMachineUpdater-9e3f1b17-73ea-4581-8638-5095590032ec-group-AB1CD24085AB: set stopIndex = 0
2019-06-14 09:03:49,617 INFO  ratis.ContainerStateMachine (ContainerStateMachine.java:takeSnapshot(245)) - Taking snapshot at termIndex:(t:0, i:~)
2019-06-14 09:03:49,617 INFO  impl.RaftServerImpl (ServerState.java:close(394)) - 9e3f1b17-73ea-4581-8638-5095590032ec:group-AB1CD24085AB closes. The last applied log index is 0
2019-06-14 09:03:49,618 INFO  storage.RaftLogWorker (RaftLogWorker.java:run(236)) - 9e3f1b17-73ea-4581-8638-5095590032ec-RaftLogWorker was interrupted, exiting. There are 0 tasks remaining in the queue.
2019-06-14 09:03:49,619 INFO  storage.RaftLogWorker (RaftLogWorker.java:close(168)) - 9e3f1b17-73ea-4581-8638-5095590032ec-RaftLogWorker close()
2019-06-14 09:03:49,620 INFO  server.GrpcService (GrpcService.java:closeImpl(154)) - 9e3f1b17-73ea-4581-8638-5095590032ec: shutdown server with port 45977 now
2019-06-14 09:03:49,621 INFO  server.GrpcService (GrpcService.java:closeImpl(162)) - 9e3f1b17-73ea-4581-8638-5095590032ec: shutdown server with port 45977 successfully
2019-06-14 09:03:49,621 WARN  server.GrpcServerProtocolService (LogUtils.java:warn(134)) - 9e3f1b17-73ea-4581-8638-5095590032ec: appendEntries onError: org.apache.ratis.thirdparty.io.grpc.StatusRuntimeException: CANCELLED: cancelled before receiving half close
2019-06-14 09:03:49,621 WARN  server.GrpcLogAppender (LogUtils.java:warn(134)) - 18ae2fde-5dc6-4cdf-9311-608733cc9025: Failed appendEntries to 9e3f1b17-73ea-4581-8638-5095590032ec:192.168.105.147:45977: org.apache.ratis.thirdparty.io.grpc.StatusRuntimeException: CANCELLED: HTTP/2 error code: CANCEL
Received Rst Stream
2019-06-14 09:03:49,622 WARN  fs.CachingGetSpaceUsed (CachingGetSpaceUsed.java:run(183)) - Thread Interrupted waiting to refresh disk information: sleep interrupted
2019-06-14 09:03:49,624 INFO  impl.FollowerInfo (FollowerInfo.java:lambda$new$0(50)) - 18ae2fde-5dc6-4cdf-9311-608733cc9025->9e3f1b17-73ea-4581-8638-5095590032ec: nextIndex: updateUnconditionally 3 -> 0
2019-06-14 09:03:49,636 INFO  statemachine.DatanodeStateMachine (DatanodeStateMachine.java:stopDaemon(395)) - Ozone container server stopped.
2019-06-14 09:03:49,637 INFO  handler.ContextHandler (ContextHandler.java:doStop(910)) - Stopped o.e.j.w.WebAppContext@6ffdbeef{/,null,UNAVAILABLE}{/hddsDatanode}
2019-06-14 09:03:49,637 INFO  server.AbstractConnector (AbstractConnector.java:doStop(318)) - Stopped ServerConnector@4a3509b0{HTTP/1.1,[http/1.1]}{0.0.0.0:0}
2019-06-14 09:03:49,637 INFO  handler.ContextHandler (ContextHandler.java:doStop(910)) - Stopped o.e.j.s.ServletContextHandler@114badf0{/static,jar:file:/root/.m2/repository/org/apache/hadoop/hadoop-hdds-container-service/0.5.0-SNAPSHOT/hadoop-hdds-container-service-0.5.0-SNAPSHOT.jar!/webapps/static,UNAVAILABLE}
2019-06-14 09:03:49,638 INFO  handler.ContextHandler (ContextHandler.java:doStop(910)) - Stopped o.e.j.s.ServletContextHandler@b5ff70b{/logs,file:///opt/src/hadoop-ozone/integration-test/target/log,UNAVAILABLE}
2019-06-14 09:03:49,638 INFO  datanode.ObjectStoreHandler (ObjectStoreHandler.java:close(155)) - Closing ObjectStoreHandler.
2019-06-14 09:03:49,639 INFO  ozone.HddsDatanodeService (HddsDatanodeService.java:stop(452)) - Stopped plug-in org.apache.hadoop.ozone.web.OzoneHddsDatanodeService@155c7eae
2019-06-14 09:03:49,639 INFO  statemachine.DatanodeStateMachine (DatanodeStateMachine.java:lambda$startDaemon$0(350)) - Ozone container server started.
2019-06-14 09:03:49,639 INFO  ozoneimpl.OzoneContainer (OzoneContainer.java:stop(199)) - Attempting to stop container services.
2019-06-14 09:03:49,639 INFO  impl.RaftServerProxy (RaftServerProxy.java:lambda$close$4(314)) - ace3d32f-380b-4ca3-aa77-a2fbf0181366: close
2019-06-14 09:03:49,640 INFO  impl.RaftServerImpl (RaftServerImpl.java:lambda$shutdown$3(238)) - ace3d32f-380b-4ca3-aa77-a2fbf0181366: shutdown group-A76C031951A5
2019-06-14 09:03:49,640 INFO  util.JmxRegister (JmxRegister.java:unregister(73)) - Successfully un-registered JMX Bean with object name Ratis:service=RaftServer,group=group-A76C031951A5,id=ace3d32f-380b-4ca3-aa77-a2fbf0181366
2019-06-14 09:03:49,640 INFO  impl.RoleInfo (RoleInfo.java:shutdownFollowerState(121)) - ace3d32f-380b-4ca3-aa77-a2fbf0181366: shutdown FollowerState
2019-06-14 09:03:49,640 INFO  impl.StateMachineUpdater (StateMachineUpdater.java:stopAndJoin(109)) - StateMachineUpdater-ace3d32f-380b-4ca3-aa77-a2fbf0181366-group-A76C031951A5: set stopIndex = 1
2019-06-14 09:03:49,640 INFO  ratis.ContainerStateMachine (ContainerStateMachine.java:takeSnapshot(245)) - Taking snapshot at termIndex:(t:1, i:1)
2019-06-14 09:03:49,640 INFO  ratis.ContainerStateMachine (ContainerStateMachine.java:takeSnapshot(249)) - Taking a snapshot to file /opt/src/hadoop-ozone/integration-test/target/test-dir/MiniOzoneClusterImpl-0a47cb53-57cb-474a-bdb0-4e878f688d1a/datanode-1/data/ratis/c3e657b7-7121-4107-a5e3-a76c031951a5/sm/snapshot.1_1
2019-06-14 09:03:49,641 INFO  impl.RaftServerImpl (ServerState.java:close(394)) - ace3d32f-380b-4ca3-aa77-a2fbf0181366:group-A76C031951A5 closes. The last applied log index is 1
2019-06-14 09:03:49,640 INFO  impl.FollowerState (FollowerState.java:run(109)) - ace3d32f-380b-4ca3-aa77-a2fbf0181366: FollowerState was interrupted: java.lang.InterruptedException: sleep interrupted
2019-06-14 09:03:49,641 INFO  storage.RaftLogWorker (RaftLogWorker.java:run(236)) - ace3d32f-380b-4ca3-aa77-a2fbf0181366-RaftLogWorker was interrupted, exiting. There are 0 tasks remaining in the queue.
2019-06-14 09:03:49,643 INFO  storage.RaftLogWorker (RaftLogWorker.java:close(168)) - ace3d32f-380b-4ca3-aa77-a2fbf0181366-RaftLogWorker close()
2019-06-14 09:03:49,644 INFO  impl.RaftServerImpl (RaftServerImpl.java:lambda$shutdown$3(238)) - ace3d32f-380b-4ca3-aa77-a2fbf0181366: shutdown group-694AD84A1032
2019-06-14 09:03:49,645 INFO  util.JmxRegister (JmxRegister.java:unregister(73)) - Successfully un-registered JMX Bean with object name Ratis:service=RaftServer,group=group-694AD84A1032,id=ace3d32f-380b-4ca3-aa77-a2fbf0181366
2019-06-14 09:03:49,645 INFO  impl.RoleInfo (RoleInfo.java:shutdownLeaderState(104)) - ace3d32f-380b-4ca3-aa77-a2fbf0181366: shutdown LeaderState
2019-06-14 09:03:49,645 INFO  impl.PendingRequests (PendingRequests.java:sendNotLeaderResponses(140)) - ace3d32f-380b-4ca3-aa77-a2fbf0181366-PendingRequests: sendNotLeaderResponses
2019-06-14 09:03:49,645 INFO  impl.StateMachineUpdater (StateMachineUpdater.java:stopAndJoin(109)) - StateMachineUpdater-ace3d32f-380b-4ca3-aa77-a2fbf0181366-group-694AD84A1032: set stopIndex = 0
2019-06-14 09:03:49,645 INFO  ratis.ContainerStateMachine (ContainerStateMachine.java:takeSnapshot(245)) - Taking snapshot at termIndex:(t:0, i:~)
2019-06-14 09:03:49,646 INFO  impl.RaftServerImpl (ServerState.java:close(394)) - ace3d32f-380b-4ca3-aa77-a2fbf0181366:group-694AD84A1032 closes. The last applied log index is 0
2019-06-14 09:03:49,646 INFO  storage.RaftLogWorker (RaftLogWorker.java:run(236)) - ace3d32f-380b-4ca3-aa77-a2fbf0181366-RaftLogWorker was interrupted, exiting. There are 0 tasks remaining in the queue.
2019-06-14 09:03:49,647 INFO  storage.RaftLogWorker (RaftLogWorker.java:close(168)) - ace3d32f-380b-4ca3-aa77-a2fbf0181366-RaftLogWorker close()
2019-06-14 09:03:49,649 INFO  server.GrpcService (GrpcService.java:closeImpl(154)) - ace3d32f-380b-4ca3-aa77-a2fbf0181366: shutdown server with port 39167 now
2019-06-14 09:03:49,650 INFO  server.GrpcService (GrpcService.java:closeImpl(162)) - ace3d32f-380b-4ca3-aa77-a2fbf0181366: shutdown server with port 39167 successfully
2019-06-14 09:03:49,651 WARN  server.GrpcServerProtocolService (LogUtils.java:warn(134)) - ace3d32f-380b-4ca3-aa77-a2fbf0181366: appendEntries onError: org.apache.ratis.thirdparty.io.grpc.StatusRuntimeException: CANCELLED: cancelled before receiving half close
2019-06-14 09:03:49,651 WARN  server.GrpcLogAppender (LogUtils.java:warn(134)) - 18ae2fde-5dc6-4cdf-9311-608733cc9025: Failed appendEntries to ace3d32f-380b-4ca3-aa77-a2fbf0181366:192.168.105.147:39167: org.apache.ratis.thirdparty.io.grpc.StatusRuntimeException: CANCELLED: HTTP/2 error code: CANCEL
Received Rst Stream
2019-06-14 09:03:49,656 INFO  impl.FollowerInfo (FollowerInfo.java:lambda$new$0(50)) - 18ae2fde-5dc6-4cdf-9311-608733cc9025->ace3d32f-380b-4ca3-aa77-a2fbf0181366: nextIndex: updateUnconditionally 3 -> 0
2019-06-14 09:03:49,657 WARN  fs.CachingGetSpaceUsed (CachingGetSpaceUsed.java:run(183)) - Thread Interrupted waiting to refresh disk information: sleep interrupted
2019-06-14 09:03:49,668 INFO  statemachine.DatanodeStateMachine (DatanodeStateMachine.java:stopDaemon(395)) - Ozone container server stopped.
2019-06-14 09:03:49,669 INFO  handler.ContextHandler (ContextHandler.java:doStop(910)) - Stopped o.e.j.w.WebAppContext@2ba318c2{/,null,UNAVAILABLE}{/hddsDatanode}
2019-06-14 09:03:49,669 INFO  server.AbstractConnector (AbstractConnector.java:doStop(318)) - Stopped ServerConnector@231d3ce{HTTP/1.1,[http/1.1]}{0.0.0.0:0}
2019-06-14 09:03:49,669 INFO  handler.ContextHandler (ContextHandler.java:doStop(910)) - Stopped o.e.j.s.ServletContextHandler@7f64bd7{/static,jar:file:/root/.m2/repository/org/apache/hadoop/hadoop-hdds-container-service/0.5.0-SNAPSHOT/hadoop-hdds-container-service-0.5.0-SNAPSHOT.jar!/webapps/static,UNAVAILABLE}
2019-06-14 09:03:49,670 INFO  handler.ContextHandler (ContextHandler.java:doStop(910)) - Stopped o.e.j.s.ServletContextHandler@1dd247b{/logs,file:///opt/src/hadoop-ozone/integration-test/target/log,UNAVAILABLE}
2019-06-14 09:03:50,028 WARN  server.GrpcLogAppender (LogUtils.java:warn(134)) - 18ae2fde-5dc6-4cdf-9311-608733cc9025: Failed appendEntries to 9e3f1b17-73ea-4581-8638-5095590032ec:192.168.105.147:45977: org.apache.ratis.thirdparty.io.grpc.StatusRuntimeException: UNAVAILABLE: io exception
2019-06-14 09:03:50,028 INFO  impl.FollowerInfo (FollowerInfo.java:lambda$new$0(50)) - 18ae2fde-5dc6-4cdf-9311-608733cc9025->9e3f1b17-73ea-4581-8638-5095590032ec: nextIndex: updateUnconditionally 0 -> 0
2019-06-14 09:03:50,035 WARN  server.GrpcLogAppender (LogUtils.java:warn(134)) - 18ae2fde-5dc6-4cdf-9311-608733cc9025: Failed appendEntries to ace3d32f-380b-4ca3-aa77-a2fbf0181366:192.168.105.147:39167: org.apache.ratis.thirdparty.io.grpc.StatusRuntimeException: UNAVAILABLE: io exception
2019-06-14 09:03:50,035 INFO  impl.FollowerInfo (FollowerInfo.java:lambda$new$0(50)) - 18ae2fde-5dc6-4cdf-9311-608733cc9025->ace3d32f-380b-4ca3-aa77-a2fbf0181366: nextIndex: updateUnconditionally 0 -> 0
2019-06-14 09:03:50,528 WARN  server.GrpcLogAppender (LogUtils.java:warn(134)) - 18ae2fde-5dc6-4cdf-9311-608733cc9025: Failed appendEntries to 9e3f1b17-73ea-4581-8638-5095590032ec:192.168.105.147:45977: org.apache.ratis.thirdparty.io.grpc.StatusRuntimeException: UNAVAILABLE: io exception
2019-06-14 09:03:50,529 INFO  impl.FollowerInfo (FollowerInfo.java:lambda$new$0(50)) - 18ae2fde-5dc6-4cdf-9311-608733cc9025->9e3f1b17-73ea-4581-8638-5095590032ec: nextIndex: updateUnconditionally 0 -> 0
2019-06-14 09:03:50,535 WARN  server.GrpcLogAppender (LogUtils.java:warn(134)) - 18ae2fde-5dc6-4cdf-9311-608733cc9025: Failed appendEntries to ace3d32f-380b-4ca3-aa77-a2fbf0181366:192.168.105.147:39167: org.apache.ratis.thirdparty.io.grpc.StatusRuntimeException: UNAVAILABLE: io exception
2019-06-14 09:03:50,535 INFO  impl.FollowerInfo (FollowerInfo.java:lambda$new$0(50)) - 18ae2fde-5dc6-4cdf-9311-608733cc9025->ace3d32f-380b-4ca3-aa77-a2fbf0181366: nextIndex: updateUnconditionally 0 -> 0
2019-06-14 09:03:51,029 WARN  server.GrpcLogAppender (LogUtils.java:warn(134)) - 18ae2fde-5dc6-4cdf-9311-608733cc9025: Failed appendEntries to 9e3f1b17-73ea-4581-8638-5095590032ec:192.168.105.147:45977: org.apache.ratis.thirdparty.io.grpc.StatusRuntimeException: UNAVAILABLE: io exception
2019-06-14 09:03:51,029 INFO  impl.FollowerInfo (FollowerInfo.java:lambda$new$0(50)) - 18ae2fde-5dc6-4cdf-9311-608733cc9025->9e3f1b17-73ea-4581-8638-5095590032ec: nextIndex: updateUnconditionally 0 -> 0
2019-06-14 09:03:51,035 WARN  server.GrpcLogAppender (LogUtils.java:warn(134)) - 18ae2fde-5dc6-4cdf-9311-608733cc9025: Failed appendEntries to ace3d32f-380b-4ca3-aa77-a2fbf0181366:192.168.105.147:39167: org.apache.ratis.thirdparty.io.grpc.StatusRuntimeException: UNAVAILABLE: io exception
2019-06-14 09:03:51,036 INFO  impl.FollowerInfo (FollowerInfo.java:lambda$new$0(50)) - 18ae2fde-5dc6-4cdf-9311-608733cc9025->ace3d32f-380b-4ca3-aa77-a2fbf0181366: nextIndex: updateUnconditionally 0 -> 0
2019-06-14 09:03:51,529 WARN  server.GrpcLogAppender (LogUtils.java:warn(134)) - 18ae2fde-5dc6-4cdf-9311-608733cc9025: Failed appendEntries to 9e3f1b17-73ea-4581-8638-5095590032ec:192.168.105.147:45977: org.apache.ratis.thirdparty.io.grpc.StatusRuntimeException: UNAVAILABLE: io exception
2019-06-14 09:03:51,530 INFO  impl.FollowerInfo (FollowerInfo.java:lambda$new$0(50)) - 18ae2fde-5dc6-4cdf-9311-608733cc9025->9e3f1b17-73ea-4581-8638-5095590032ec: nextIndex: updateUnconditionally 0 -> 0
2019-06-14 09:03:51,536 WARN  server.GrpcLogAppender (LogUtils.java:warn(134)) - 18ae2fde-5dc6-4cdf-9311-608733cc9025: Failed appendEntries to ace3d32f-380b-4ca3-aa77-a2fbf0181366:192.168.105.147:39167: org.apache.ratis.thirdparty.io.grpc.StatusRuntimeException: UNAVAILABLE: io exception
2019-06-14 09:03:51,536 INFO  impl.FollowerInfo (FollowerInfo.java:lambda$new$0(50)) - 18ae2fde-5dc6-4cdf-9311-608733cc9025->ace3d32f-380b-4ca3-aa77-a2fbf0181366: nextIndex: updateUnconditionally 0 -> 0
2019-06-14 09:03:52,030 WARN  server.GrpcLogAppender (LogUtils.java:warn(134)) - 18ae2fde-5dc6-4cdf-9311-608733cc9025: Failed appendEntries to 9e3f1b17-73ea-4581-8638-5095590032ec:192.168.105.147:45977: org.apache.ratis.thirdparty.io.grpc.StatusRuntimeException: UNAVAILABLE: io exception
2019-06-14 09:03:52,030 INFO  impl.FollowerInfo (FollowerInfo.java:lambda$new$0(50)) - 18ae2fde-5dc6-4cdf-9311-608733cc9025->9e3f1b17-73ea-4581-8638-5095590032ec: nextIndex: updateUnconditionally 0 -> 0
2019-06-14 09:03:52,036 WARN  server.GrpcLogAppender (LogUtils.java:warn(134)) - 18ae2fde-5dc6-4cdf-9311-608733cc9025: Failed appendEntries to ace3d32f-380b-4ca3-aa77-a2fbf0181366:192.168.105.147:39167: org.apache.ratis.thirdparty.io.grpc.StatusRuntimeException: UNAVAILABLE: io exception
2019-06-14 09:03:52,036 INFO  impl.FollowerInfo (FollowerInfo.java:lambda$new$0(50)) - 18ae2fde-5dc6-4cdf-9311-608733cc9025->ace3d32f-380b-4ca3-aa77-a2fbf0181366: nextIndex: updateUnconditionally 0 -> 0
2019-06-14 09:03:52,530 WARN  server.GrpcLogAppender (LogUtils.java:warn(134)) - 18ae2fde-5dc6-4cdf-9311-608733cc9025: Failed appendEntries to 9e3f1b17-73ea-4581-8638-5095590032ec:192.168.105.147:45977: org.apache.ratis.thirdparty.io.grpc.StatusRuntimeException: UNAVAILABLE: io exception
2019-06-14 09:03:52,531 INFO  impl.FollowerInfo (FollowerInfo.java:lambda$new$0(50)) - 18ae2fde-5dc6-4cdf-9311-608733cc9025->9e3f1b17-73ea-4581-8638-5095590032ec: nextIndex: updateUnconditionally 0 -> 0
2019-06-14 09:03:52,537 WARN  server.GrpcLogAppender (LogUtils.java:warn(134)) - 18ae2fde-5dc6-4cdf-9311-608733cc9025: Failed appendEntries to ace3d32f-380b-4ca3-aa77-a2fbf0181366:192.168.105.147:39167: org.apache.ratis.thirdparty.io.grpc.StatusRuntimeException: UNAVAILABLE: io exception
2019-06-14 09:03:52,537 INFO  impl.FollowerInfo (FollowerInfo.java:lambda$new$0(50)) - 18ae2fde-5dc6-4cdf-9311-608733cc9025->ace3d32f-380b-4ca3-aa77-a2fbf0181366: nextIndex: updateUnconditionally 0 -> 0
2019-06-14 09:03:53,031 WARN  server.GrpcLogAppender (LogUtils.java:warn(134)) - 18ae2fde-5dc6-4cdf-9311-608733cc9025: Failed appendEntries to 9e3f1b17-73ea-4581-8638-5095590032ec:192.168.105.147:45977: org.apache.ratis.thirdparty.io.grpc.StatusRuntimeException: UNAVAILABLE: io exception
2019-06-14 09:03:53,032 INFO  impl.FollowerInfo (FollowerInfo.java:lambda$new$0(50)) - 18ae2fde-5dc6-4cdf-9311-608733cc9025->9e3f1b17-73ea-4581-8638-5095590032ec: nextIndex: updateUnconditionally 0 -> 0
2019-06-14 09:03:53,038 WARN  server.GrpcLogAppender (LogUtils.java:warn(134)) - 18ae2fde-5dc6-4cdf-9311-608733cc9025: Failed appendEntries to ace3d32f-380b-4ca3-aa77-a2fbf0181366:192.168.105.147:39167: org.apache.ratis.thirdparty.io.grpc.StatusRuntimeException: UNAVAILABLE: io exception
2019-06-14 09:03:53,038 INFO  impl.FollowerInfo (FollowerInfo.java:lambda$new$0(50)) - 18ae2fde-5dc6-4cdf-9311-608733cc9025->ace3d32f-380b-4ca3-aa77-a2fbf0181366: nextIndex: updateUnconditionally 0 -> 0
2019-06-14 09:03:53,532 WARN  server.GrpcLogAppender (LogUtils.java:warn(134)) - 18ae2fde-5dc6-4cdf-9311-608733cc9025: Failed appendEntries to 9e3f1b17-73ea-4581-8638-5095590032ec:192.168.105.147:45977: org.apache.ratis.thirdparty.io.grpc.StatusRuntimeException: UNAVAILABLE: io exception
2019-06-14 09:03:53,532 INFO  impl.FollowerInfo (FollowerInfo.java:lambda$new$0(50)) - 18ae2fde-5dc6-4cdf-9311-608733cc9025->9e3f1b17-73ea-4581-8638-5095590032ec: nextIndex: updateUnconditionally 0 -> 0
2019-06-14 09:03:53,538 WARN  server.GrpcLogAppender (LogUtils.java:warn(134)) - 18ae2fde-5dc6-4cdf-9311-608733cc9025: Failed appendEntries to ace3d32f-380b-4ca3-aa77-a2fbf0181366:192.168.105.147:39167: org.apache.ratis.thirdparty.io.grpc.StatusRuntimeException: UNAVAILABLE: io exception
2019-06-14 09:03:53,538 INFO  impl.FollowerInfo (FollowerInfo.java:lambda$new$0(50)) - 18ae2fde-5dc6-4cdf-9311-608733cc9025->ace3d32f-380b-4ca3-aa77-a2fbf0181366: nextIndex: updateUnconditionally 0 -> 0
2019-06-14 09:03:54,032 WARN  server.GrpcLogAppender (LogUtils.java:warn(134)) - 18ae2fde-5dc6-4cdf-9311-608733cc9025: Failed appendEntries to 9e3f1b17-73ea-4581-8638-5095590032ec:192.168.105.147:45977: org.apache.ratis.thirdparty.io.grpc.StatusRuntimeException: UNAVAILABLE: io exception
2019-06-14 09:03:54,032 INFO  impl.FollowerInfo (FollowerInfo.java:lambda$new$0(50)) - 18ae2fde-5dc6-4cdf-9311-608733cc9025->9e3f1b17-73ea-4581-8638-5095590032ec: nextIndex: updateUnconditionally 0 -> 0
2019-06-14 09:03:54,038 WARN  server.GrpcLogAppender (LogUtils.java:warn(134)) - 18ae2fde-5dc6-4cdf-9311-608733cc9025: Failed appendEntries to ace3d32f-380b-4ca3-aa77-a2fbf0181366:192.168.105.147:39167: org.apache.ratis.thirdparty.io.grpc.StatusRuntimeException: UNAVAILABLE: io exception
2019-06-14 09:03:54,038 INFO  impl.FollowerInfo (FollowerInfo.java:lambda$new$0(50)) - 18ae2fde-5dc6-4cdf-9311-608733cc9025->ace3d32f-380b-4ca3-aa77-a2fbf0181366: nextIndex: updateUnconditionally 0 -> 0
2019-06-14 09:03:54,532 WARN  server.GrpcLogAppender (LogUtils.java:warn(134)) - 18ae2fde-5dc6-4cdf-9311-608733cc9025: Failed appendEntries to 9e3f1b17-73ea-4581-8638-5095590032ec:192.168.105.147:45977: org.apache.ratis.thirdparty.io.grpc.StatusRuntimeException: UNAVAILABLE: io exception
2019-06-14 09:03:54,533 INFO  impl.FollowerInfo (FollowerInfo.java:lambda$new$0(50)) - 18ae2fde-5dc6-4cdf-9311-608733cc9025->9e3f1b17-73ea-4581-8638-5095590032ec: nextIndex: updateUnconditionally 0 -> 0
2019-06-14 09:03:54,539 WARN  server.GrpcLogAppender (LogUtils.java:warn(134)) - 18ae2fde-5dc6-4cdf-9311-608733cc9025: Failed appendEntries to ace3d32f-380b-4ca3-aa77-a2fbf0181366:192.168.105.147:39167: org.apache.ratis.thirdparty.io.grpc.StatusRuntimeException: UNAVAILABLE: io exception
2019-06-14 09:03:54,539 INFO  impl.FollowerInfo (FollowerInfo.java:lambda$new$0(50)) - 18ae2fde-5dc6-4cdf-9311-608733cc9025->ace3d32f-380b-4ca3-aa77-a2fbf0181366: nextIndex: updateUnconditionally 0 -> 0
2019-06-14 09:03:55,033 WARN  server.GrpcLogAppender (LogUtils.java:warn(134)) - 18ae2fde-5dc6-4cdf-9311-608733cc9025: Failed appendEntries to 9e3f1b17-73ea-4581-8638-5095590032ec:192.168.105.147:45977: org.apache.ratis.thirdparty.io.grpc.StatusRuntimeException: UNAVAILABLE: io exception
2019-06-14 09:03:55,033 INFO  impl.FollowerInfo (FollowerInfo.java:lambda$new$0(50)) - 18ae2fde-5dc6-4cdf-9311-608733cc9025->9e3f1b17-73ea-4581-8638-5095590032ec: nextIndex: updateUnconditionally 0 -> 0
2019-06-14 09:03:55,039 WARN  server.GrpcLogAppender (LogUtils.java:warn(134)) - 18ae2fde-5dc6-4cdf-9311-608733cc9025: Failed appendEntries to ace3d32f-380b-4ca3-aa77-a2fbf0181366:192.168.105.147:39167: org.apache.ratis.thirdparty.io.grpc.StatusRuntimeException: UNAVAILABLE: io exception
2019-06-14 09:03:55,039 INFO  impl.FollowerInfo (FollowerInfo.java:lambda$new$0(50)) - 18ae2fde-5dc6-4cdf-9311-608733cc9025->ace3d32f-380b-4ca3-aa77-a2fbf0181366: nextIndex: updateUnconditionally 0 -> 0
2019-06-14 09:03:55,533 WARN  server.GrpcLogAppender (LogUtils.java:warn(134)) - 18ae2fde-5dc6-4cdf-9311-608733cc9025: Failed appendEntries to 9e3f1b17-73ea-4581-8638-5095590032ec:192.168.105.147:45977: org.apache.ratis.thirdparty.io.grpc.StatusRuntimeException: UNAVAILABLE: io exception
2019-06-14 09:03:55,533 INFO  impl.FollowerInfo (FollowerInfo.java:lambda$new$0(50)) - 18ae2fde-5dc6-4cdf-9311-608733cc9025->9e3f1b17-73ea-4581-8638-5095590032ec: nextIndex: updateUnconditionally 0 -> 0
2019-06-14 09:03:55,539 WARN  server.GrpcLogAppender (LogUtils.java:warn(134)) - 18ae2fde-5dc6-4cdf-9311-608733cc9025: Failed appendEntries to ace3d32f-380b-4ca3-aa77-a2fbf0181366:192.168.105.147:39167: org.apache.ratis.thirdparty.io.grpc.StatusRuntimeException: UNAVAILABLE: io exception
2019-06-14 09:03:55,539 INFO  impl.FollowerInfo (FollowerInfo.java:lambda$new$0(50)) - 18ae2fde-5dc6-4cdf-9311-608733cc9025->ace3d32f-380b-4ca3-aa77-a2fbf0181366: nextIndex: updateUnconditionally 0 -> 0
2019-06-14 09:03:56,034 WARN  server.GrpcLogAppender (LogUtils.java:warn(134)) - 18ae2fde-5dc6-4cdf-9311-608733cc9025: Failed appendEntries to 9e3f1b17-73ea-4581-8638-5095590032ec:192.168.105.147:45977: org.apache.ratis.thirdparty.io.grpc.StatusRuntimeException: UNAVAILABLE: io exception
2019-06-14 09:03:56,034 INFO  impl.FollowerInfo (FollowerInfo.java:lambda$new$0(50)) - 18ae2fde-5dc6-4cdf-9311-608733cc9025->9e3f1b17-73ea-4581-8638-5095590032ec: nextIndex: updateUnconditionally 0 -> 0
2019-06-14 09:03:56,040 WARN  server.GrpcLogAppender (LogUtils.java:warn(134)) - 18ae2fde-5dc6-4cdf-9311-608733cc9025: Failed appendEntries to ace3d32f-380b-4ca3-aa77-a2fbf0181366:192.168.105.147:39167: org.apache.ratis.thirdparty.io.grpc.StatusRuntimeException: UNAVAILABLE: io exception
2019-06-14 09:03:56,040 INFO  impl.FollowerInfo (FollowerInfo.java:lambda$new$0(50)) - 18ae2fde-5dc6-4cdf-9311-608733cc9025->ace3d32f-380b-4ca3-aa77-a2fbf0181366: nextIndex: updateUnconditionally 0 -> 0
2019-06-14 09:03:56,534 WARN  server.GrpcLogAppender (LogUtils.java:warn(134)) - 18ae2fde-5dc6-4cdf-9311-608733cc9025: Failed appendEntries to 9e3f1b17-73ea-4581-8638-5095590032ec:192.168.105.147:45977: org.apache.ratis.thirdparty.io.grpc.StatusRuntimeException: UNAVAILABLE: io exception
2019-06-14 09:03:56,535 INFO  impl.FollowerInfo (FollowerInfo.java:lambda$new$0(50)) - 18ae2fde-5dc6-4cdf-9311-608733cc9025->9e3f1b17-73ea-4581-8638-5095590032ec: nextIndex: updateUnconditionally 0 -> 0
2019-06-14 09:03:56,540 WARN  server.GrpcLogAppender (LogUtils.java:warn(134)) - 18ae2fde-5dc6-4cdf-9311-608733cc9025: Failed appendEntries to ace3d32f-380b-4ca3-aa77-a2fbf0181366:192.168.105.147:39167: org.apache.ratis.thirdparty.io.grpc.StatusRuntimeException: UNAVAILABLE: io exception
2019-06-14 09:03:56,540 INFO  impl.FollowerInfo (FollowerInfo.java:lambda$new$0(50)) - 18ae2fde-5dc6-4cdf-9311-608733cc9025->ace3d32f-380b-4ca3-aa77-a2fbf0181366: nextIndex: updateUnconditionally 0 -> 0
2019-06-14 09:03:57,035 WARN  server.GrpcLogAppender (LogUtils.java:warn(134)) - 18ae2fde-5dc6-4cdf-9311-608733cc9025: Failed appendEntries to 9e3f1b17-73ea-4581-8638-5095590032ec:192.168.105.147:45977: org.apache.ratis.thirdparty.io.grpc.StatusRuntimeException: UNAVAILABLE: io exception
2019-06-14 09:03:57,035 INFO  impl.FollowerInfo (FollowerInfo.java:lambda$new$0(50)) - 18ae2fde-5dc6-4cdf-9311-608733cc9025->9e3f1b17-73ea-4581-8638-5095590032ec: nextIndex: updateUnconditionally 0 -> 0
2019-06-14 09:03:57,040 WARN  server.GrpcLogAppender (LogUtils.java:warn(134)) - 18ae2fde-5dc6-4cdf-9311-608733cc9025: Failed appendEntries to ace3d32f-380b-4ca3-aa77-a2fbf0181366:192.168.105.147:39167: org.apache.ratis.thirdparty.io.grpc.StatusRuntimeException: UNAVAILABLE: io exception
2019-06-14 09:03:57,041 INFO  impl.FollowerInfo (FollowerInfo.java:lambda$new$0(50)) - 18ae2fde-5dc6-4cdf-9311-608733cc9025->ace3d32f-380b-4ca3-aa77-a2fbf0181366: nextIndex: updateUnconditionally 0 -> 0
2019-06-14 09:03:57,535 WARN  server.GrpcLogAppender (LogUtils.java:warn(134)) - 18ae2fde-5dc6-4cdf-9311-608733cc9025: Failed appendEntries to 9e3f1b17-73ea-4581-8638-5095590032ec:192.168.105.147:45977: org.apache.ratis.thirdparty.io.grpc.StatusRuntimeException: UNAVAILABLE: io exception
2019-06-14 09:03:57,535 INFO  impl.FollowerInfo (FollowerInfo.java:lambda$new$0(50)) - 18ae2fde-5dc6-4cdf-9311-608733cc9025->9e3f1b17-73ea-4581-8638-5095590032ec: nextIndex: updateUnconditionally 0 -> 0
2019-06-14 09:03:57,541 WARN  server.GrpcLogAppender (LogUtils.java:warn(134)) - 18ae2fde-5dc6-4cdf-9311-608733cc9025: Failed appendEntries to ace3d32f-380b-4ca3-aa77-a2fbf0181366:192.168.105.147:39167: org.apache.ratis.thirdparty.io.grpc.StatusRuntimeException: UNAVAILABLE: io exception
2019-06-14 09:03:57,541 INFO  impl.FollowerInfo (FollowerInfo.java:lambda$new$0(50)) - 18ae2fde-5dc6-4cdf-9311-608733cc9025->ace3d32f-380b-4ca3-aa77-a2fbf0181366: nextIndex: updateUnconditionally 0 -> 0
2019-06-14 09:03:58,036 WARN  server.GrpcLogAppender (LogUtils.java:warn(134)) - 18ae2fde-5dc6-4cdf-9311-608733cc9025: Failed appendEntries to 9e3f1b17-73ea-4581-8638-5095590032ec:192.168.105.147:45977: org.apache.ratis.thirdparty.io.grpc.StatusRuntimeException: UNAVAILABLE: io exception
2019-06-14 09:03:58,036 INFO  impl.FollowerInfo (FollowerInfo.java:lambda$new$0(50)) - 18ae2fde-5dc6-4cdf-9311-608733cc9025->9e3f1b17-73ea-4581-8638-5095590032ec: nextIndex: updateUnconditionally 0 -> 0
2019-06-14 09:03:58,041 WARN  server.GrpcLogAppender (LogUtils.java:warn(134)) - 18ae2fde-5dc6-4cdf-9311-608733cc9025: Failed appendEntries to ace3d32f-380b-4ca3-aa77-a2fbf0181366:192.168.105.147:39167: org.apache.ratis.thirdparty.io.grpc.StatusRuntimeException: UNAVAILABLE: io exception
2019-06-14 09:03:58,041 INFO  impl.FollowerInfo (FollowerInfo.java:lambda$new$0(50)) - 18ae2fde-5dc6-4cdf-9311-608733cc9025->ace3d32f-380b-4ca3-aa77-a2fbf0181366: nextIndex: updateUnconditionally 0 -> 0
2019-06-14 09:03:58,536 WARN  server.GrpcLogAppender (LogUtils.java:warn(134)) - 18ae2fde-5dc6-4cdf-9311-608733cc9025: Failed appendEntries to 9e3f1b17-73ea-4581-8638-5095590032ec:192.168.105.147:45977: org.apache.ratis.thirdparty.io.grpc.StatusRuntimeException: UNAVAILABLE: io exception
2019-06-14 09:03:58,536 INFO  impl.FollowerInfo (FollowerInfo.java:lambda$new$0(50)) - 18ae2fde-5dc6-4cdf-9311-608733cc9025->9e3f1b17-73ea-4581-8638-5095590032ec: nextIndex: updateUnconditionally 0 -> 0
2019-06-14 09:03:58,542 WARN  server.GrpcLogAppender (LogUtils.java:warn(134)) - 18ae2fde-5dc6-4cdf-9311-608733cc9025: Failed appendEntries to ace3d32f-380b-4ca3-aa77-a2fbf0181366:192.168.105.147:39167: org.apache.ratis.thirdparty.io.grpc.StatusRuntimeException: UNAVAILABLE: io exception
2019-06-14 09:03:58,542 INFO  impl.FollowerInfo (FollowerInfo.java:lambda$new$0(50)) - 18ae2fde-5dc6-4cdf-9311-608733cc9025->ace3d32f-380b-4ca3-aa77-a2fbf0181366: nextIndex: updateUnconditionally 0 -> 0
2019-06-14 09:03:59,037 WARN  server.GrpcLogAppender (LogUtils.java:warn(134)) - 18ae2fde-5dc6-4cdf-9311-608733cc9025: Failed appendEntries to 9e3f1b17-73ea-4581-8638-5095590032ec:192.168.105.147:45977: org.apache.ratis.thirdparty.io.grpc.StatusRuntimeException: UNAVAILABLE: io exception
2019-06-14 09:03:59,037 INFO  impl.FollowerInfo (FollowerInfo.java:lambda$new$0(50)) - 18ae2fde-5dc6-4cdf-9311-608733cc9025->9e3f1b17-73ea-4581-8638-5095590032ec: nextIndex: updateUnconditionally 0 -> 0
2019-06-14 09:03:59,042 WARN  server.GrpcLogAppender (LogUtils.java:warn(134)) - 18ae2fde-5dc6-4cdf-9311-608733cc9025: Failed appendEntries to ace3d32f-380b-4ca3-aa77-a2fbf0181366:192.168.105.147:39167: org.apache.ratis.thirdparty.io.grpc.StatusRuntimeException: UNAVAILABLE: io exception
2019-06-14 09:03:59,042 INFO  impl.FollowerInfo (FollowerInfo.java:lambda$new$0(50)) - 18ae2fde-5dc6-4cdf-9311-608733cc9025->ace3d32f-380b-4ca3-aa77-a2fbf0181366: nextIndex: updateUnconditionally 0 -> 0
2019-06-14 09:03:59,537 WARN  server.GrpcLogAppender (LogUtils.java:warn(134)) - 18ae2fde-5dc6-4cdf-9311-608733cc9025: Failed appendEntries to 9e3f1b17-73ea-4581-8638-5095590032ec:192.168.105.147:45977: org.apache.ratis.thirdparty.io.grpc.StatusRuntimeException: UNAVAILABLE: io exception
2019-06-14 09:03:59,537 INFO  impl.FollowerInfo (FollowerInfo.java:lambda$new$0(50)) - 18ae2fde-5dc6-4cdf-9311-608733cc9025->9e3f1b17-73ea-4581-8638-5095590032ec: nextIndex: updateUnconditionally 0 -> 0
2019-06-14 09:03:59,542 WARN  server.GrpcLogAppender (LogUtils.java:warn(134)) - 18ae2fde-5dc6-4cdf-9311-608733cc9025: Failed appendEntries to ace3d32f-380b-4ca3-aa77-a2fbf0181366:192.168.105.147:39167: org.apache.ratis.thirdparty.io.grpc.StatusRuntimeException: UNAVAILABLE: io exception
2019-06-14 09:03:59,543 INFO  impl.FollowerInfo (FollowerInfo.java:lambda$new$0(50)) - 18ae2fde-5dc6-4cdf-9311-608733cc9025->ace3d32f-380b-4ca3-aa77-a2fbf0181366: nextIndex: updateUnconditionally 0 -> 0
2019-06-14 09:04:00,037 WARN  server.GrpcLogAppender (LogUtils.java:warn(134)) - 18ae2fde-5dc6-4cdf-9311-608733cc9025: Failed appendEntries to 9e3f1b17-73ea-4581-8638-5095590032ec:192.168.105.147:45977: org.apache.ratis.thirdparty.io.grpc.StatusRuntimeException: UNAVAILABLE: io exception
2019-06-14 09:04:00,038 INFO  impl.FollowerInfo (FollowerInfo.java:lambda$new$0(50)) - 18ae2fde-5dc6-4cdf-9311-608733cc9025->9e3f1b17-73ea-4581-8638-5095590032ec: nextIndex: updateUnconditionally 0 -> 0
2019-06-14 09:04:00,043 WARN  server.GrpcLogAppender (LogUtils.java:warn(134)) - 18ae2fde-5dc6-4cdf-9311-608733cc9025: Failed appendEntries to ace3d32f-380b-4ca3-aa77-a2fbf0181366:192.168.105.147:39167: org.apache.ratis.thirdparty.io.grpc.StatusRuntimeException: UNAVAILABLE: io exception
2019-06-14 09:04:00,043 INFO  impl.FollowerInfo (FollowerInfo.java:lambda$new$0(50)) - 18ae2fde-5dc6-4cdf-9311-608733cc9025->ace3d32f-380b-4ca3-aa77-a2fbf0181366: nextIndex: updateUnconditionally 0 -> 0
2019-06-14 09:04:00,056 INFO  client.GrpcClientProtocolService (GrpcClientProtocolService.java:lambda$processClientRequest$0(264)) - Failed RaftClientRequest:client-6651A6AF17E3->18ae2fde-5dc6-4cdf-9311-608733cc9025@group-A76C031951A5, cid=67, seq=0, Watch-ALL_COMMITTED(2), Message:<EMPTY>, reply=RaftClientReply:client-6651A6AF17E3->18ae2fde-5dc6-4cdf-9311-608733cc9025@group-A76C031951A5, cid=67, FAILED org.apache.ratis.protocol.NotReplicatedException: Request with call Id 67 and log index 2 is not yet replicated to ALL_COMMITTED, logIndex=2, commits[18ae2fde-5dc6-4cdf-9311-608733cc9025:c2, ace3d32f-380b-4ca3-aa77-a2fbf0181366:c1, 9e3f1b17-73ea-4581-8638-5095590032ec:c1]
2019-06-14 09:04:00,538 WARN  server.GrpcLogAppender (LogUtils.java:warn(134)) - 18ae2fde-5dc6-4cdf-9311-608733cc9025: Failed appendEntries to 9e3f1b17-73ea-4581-8638-5095590032ec:192.168.105.147:45977: org.apache.ratis.thirdparty.io.grpc.StatusRuntimeException: UNAVAILABLE: io exception
2019-06-14 09:04:00,538 INFO  impl.FollowerInfo (FollowerInfo.java:lambda$new$0(50)) - 18ae2fde-5dc6-4cdf-9311-608733cc9025->9e3f1b17-73ea-4581-8638-5095590032ec: nextIndex: updateUnconditionally 0 -> 0
2019-06-14 09:04:00,543 WARN  server.GrpcLogAppender (LogUtils.java:warn(134)) - 18ae2fde-5dc6-4cdf-9311-608733cc9025: Failed appendEntries to ace3d32f-380b-4ca3-aa77-a2fbf0181366:192.168.105.147:39167: org.apache.ratis.thirdparty.io.grpc.StatusRuntimeException: UNAVAILABLE: io exception
2019-06-14 09:04:00,545 INFO  impl.FollowerInfo (FollowerInfo.java:lambda$new$0(50)) - 18ae2fde-5dc6-4cdf-9311-608733cc9025->ace3d32f-380b-4ca3-aa77-a2fbf0181366: nextIndex: updateUnconditionally 0 -> 0
2019-06-14 09:04:01,038 WARN  server.GrpcLogAppender (LogUtils.java:warn(134)) - 18ae2fde-5dc6-4cdf-9311-608733cc9025: Failed appendEntries to 9e3f1b17-73ea-4581-8638-5095590032ec:192.168.105.147:45977: org.apache.ratis.thirdparty.io.grpc.StatusRuntimeException: UNAVAILABLE: io exception
2019-06-14 09:04:01,039 INFO  impl.FollowerInfo (FollowerInfo.java:lambda$new$0(50)) - 18ae2fde-5dc6-4cdf-9311-608733cc9025->9e3f1b17-73ea-4581-8638-5095590032ec: nextIndex: updateUnconditionally 0 -> 0
2019-06-14 09:04:01,044 WARN  server.GrpcLogAppender (LogUtils.java:warn(134)) - 18ae2fde-5dc6-4cdf-9311-608733cc9025: Failed appendEntries to ace3d32f-380b-4ca3-aa77-a2fbf0181366:192.168.105.147:39167: org.apache.ratis.thirdparty.io.grpc.StatusRuntimeException: UNAVAILABLE: io exception
2019-06-14 09:04:01,044 INFO  impl.FollowerInfo (FollowerInfo.java:lambda$new$0(50)) - 18ae2fde-5dc6-4cdf-9311-608733cc9025->ace3d32f-380b-4ca3-aa77-a2fbf0181366: nextIndex: updateUnconditionally 0 -> 0
2019-06-14 09:04:01,539 WARN  server.GrpcLogAppender (LogUtils.java:warn(134)) - 18ae2fde-5dc6-4cdf-9311-608733cc9025: Failed appendEntries to 9e3f1b17-73ea-4581-8638-5095590032ec:192.168.105.147:45977: org.apache.ratis.thirdparty.io.grpc.StatusRuntimeException: UNAVAILABLE: io exception
2019-06-14 09:04:01,539 INFO  impl.FollowerInfo (FollowerInfo.java:lambda$new$0(50)) - 18ae2fde-5dc6-4cdf-9311-608733cc9025->9e3f1b17-73ea-4581-8638-5095590032ec: nextIndex: updateUnconditionally 0 -> 0
2019-06-14 09:04:01,544 WARN  server.GrpcLogAppender (LogUtils.java:warn(134)) - 18ae2fde-5dc6-4cdf-9311-608733cc9025: Failed appendEntries to ace3d32f-380b-4ca3-aa77-a2fbf0181366:192.168.105.147:39167: org.apache.ratis.thirdparty.io.grpc.StatusRuntimeException: UNAVAILABLE: io exception
2019-06-14 09:04:01,544 INFO  impl.FollowerInfo (FollowerInfo.java:lambda$new$0(50)) - 18ae2fde-5dc6-4cdf-9311-608733cc9025->ace3d32f-380b-4ca3-aa77-a2fbf0181366: nextIndex: updateUnconditionally 0 -> 0
2019-06-14 09:04:02,040 WARN  server.GrpcLogAppender (LogUtils.java:warn(134)) - 18ae2fde-5dc6-4cdf-9311-608733cc9025: Failed appendEntries to 9e3f1b17-73ea-4581-8638-5095590032ec:192.168.105.147:45977: org.apache.ratis.thirdparty.io.grpc.StatusRuntimeException: UNAVAILABLE: io exception
2019-06-14 09:04:02,040 INFO  impl.FollowerInfo (FollowerInfo.java:lambda$new$0(50)) - 18ae2fde-5dc6-4cdf-9311-608733cc9025->9e3f1b17-73ea-4581-8638-5095590032ec: nextIndex: updateUnconditionally 0 -> 0
2019-06-14 09:04:02,044 WARN  server.GrpcLogAppender (LogUtils.java:warn(134)) - 18ae2fde-5dc6-4cdf-9311-608733cc9025: Failed appendEntries to ace3d32f-380b-4ca3-aa77-a2fbf0181366:192.168.105.147:39167: org.apache.ratis.thirdparty.io.grpc.StatusRuntimeException: UNAVAILABLE: io exception
2019-06-14 09:04:02,045 INFO  impl.FollowerInfo (FollowerInfo.java:lambda$new$0(50)) - 18ae2fde-5dc6-4cdf-9311-608733cc9025->ace3d32f-380b-4ca3-aa77-a2fbf0181366: nextIndex: updateUnconditionally 0 -> 0
2019-06-14 09:04:02,540 WARN  server.GrpcLogAppender (LogUtils.java:warn(134)) - 18ae2fde-5dc6-4cdf-9311-608733cc9025: Failed appendEntries to 9e3f1b17-73ea-4581-8638-5095590032ec:192.168.105.147:45977: org.apache.ratis.thirdparty.io.grpc.StatusRuntimeException: UNAVAILABLE: io exception
2019-06-14 09:04:02,540 INFO  impl.FollowerInfo (FollowerInfo.java:lambda$new$0(50)) - 18ae2fde-5dc6-4cdf-9311-608733cc9025->9e3f1b17-73ea-4581-8638-5095590032ec: nextIndex: updateUnconditionally 0 -> 0
2019-06-14 09:04:02,545 WARN  server.GrpcLogAppender (LogUtils.java:warn(134)) - 18ae2fde-5dc6-4cdf-9311-608733cc9025: Failed appendEntries to ace3d32f-380b-4ca3-aa77-a2fbf0181366:192.168.105.147:39167: org.apache.ratis.thirdparty.io.grpc.StatusRuntimeException: UNAVAILABLE: io exception
2019-06-14 09:04:02,545 INFO  impl.FollowerInfo (FollowerInfo.java:lambda$new$0(50)) - 18ae2fde-5dc6-4cdf-9311-608733cc9025->ace3d32f-380b-4ca3-aa77-a2fbf0181366: nextIndex: updateUnconditionally 0 -> 0
2019-06-14 09:04:03,040 WARN  server.GrpcLogAppender (LogUtils.java:warn(134)) - 18ae2fde-5dc6-4cdf-9311-608733cc9025: Failed appendEntries to 9e3f1b17-73ea-4581-8638-5095590032ec:192.168.105.147:45977: org.apache.ratis.thirdparty.io.grpc.StatusRuntimeException: UNAVAILABLE: io exception
2019-06-14 09:04:03,040 INFO  impl.FollowerInfo (FollowerInfo.java:lambda$new$0(50)) - 18ae2fde-5dc6-4cdf-9311-608733cc9025->9e3f1b17-73ea-4581-8638-5095590032ec: nextIndex: updateUnconditionally 0 -> 0
2019-06-14 09:04:03,045 WARN  server.GrpcLogAppender (LogUtils.java:warn(134)) - 18ae2fde-5dc6-4cdf-9311-608733cc9025: Failed appendEntries to ace3d32f-380b-4ca3-aa77-a2fbf0181366:192.168.105.147:39167: org.apache.ratis.thirdparty.io.grpc.StatusRuntimeException: UNAVAILABLE: io exception
2019-06-14 09:04:03,046 INFO  impl.FollowerInfo (FollowerInfo.java:lambda$new$0(50)) - 18ae2fde-5dc6-4cdf-9311-608733cc9025->ace3d32f-380b-4ca3-aa77-a2fbf0181366: nextIndex: updateUnconditionally 0 -> 0
2019-06-14 09:04:03,541 WARN  server.GrpcLogAppender (LogUtils.java:warn(134)) - 18ae2fde-5dc6-4cdf-9311-608733cc9025: Failed appendEntries to 9e3f1b17-73ea-4581-8638-5095590032ec:192.168.105.147:45977: org.apache.ratis.thirdparty.io.grpc.StatusRuntimeException: UNAVAILABLE: io exception
2019-06-14 09:04:03,541 INFO  impl.FollowerInfo (FollowerInfo.java:lambda$new$0(50)) - 18ae2fde-5dc6-4cdf-9311-608733cc9025->9e3f1b17-73ea-4581-8638-5095590032ec: nextIndex: updateUnconditionally 0 -> 0
2019-06-14 09:04:03,546 WARN  server.GrpcLogAppender (LogUtils.java:warn(134)) - 18ae2fde-5dc6-4cdf-9311-608733cc9025: Failed appendEntries to ace3d32f-380b-4ca3-aa77-a2fbf0181366:192.168.105.147:39167: org.apache.ratis.thirdparty.io.grpc.StatusRuntimeException: UNAVAILABLE: io exception
2019-06-14 09:04:03,546 INFO  impl.FollowerInfo (FollowerInfo.java:lambda$new$0(50)) - 18ae2fde-5dc6-4cdf-9311-608733cc9025->ace3d32f-380b-4ca3-aa77-a2fbf0181366: nextIndex: updateUnconditionally 0 -> 0
2019-06-14 09:04:04,041 WARN  server.GrpcLogAppender (LogUtils.java:warn(134)) - 18ae2fde-5dc6-4cdf-9311-608733cc9025: Failed appendEntries to 9e3f1b17-73ea-4581-8638-5095590032ec:192.168.105.147:45977: org.apache.ratis.thirdparty.io.grpc.StatusRuntimeException: UNAVAILABLE: io exception
2019-06-14 09:04:04,041 INFO  impl.FollowerInfo (FollowerInfo.java:lambda$new$0(50)) - 18ae2fde-5dc6-4cdf-9311-608733cc9025->9e3f1b17-73ea-4581-8638-5095590032ec: nextIndex: updateUnconditionally 0 -> 0
2019-06-14 09:04:04,046 WARN  server.GrpcLogAppender (LogUtils.java:warn(134)) - 18ae2fde-5dc6-4cdf-9311-608733cc9025: Failed appendEntries to ace3d32f-380b-4ca3-aa77-a2fbf0181366:192.168.105.147:39167: org.apache.ratis.thirdparty.io.grpc.StatusRuntimeException: UNAVAILABLE: io exception
2019-06-14 09:04:04,046 INFO  impl.FollowerInfo (FollowerInfo.java:lambda$new$0(50)) - 18ae2fde-5dc6-4cdf-9311-608733cc9025->ace3d32f-380b-4ca3-aa77-a2fbf0181366: nextIndex: updateUnconditionally 0 -> 0
2019-06-14 09:04:04,541 WARN  server.GrpcLogAppender (LogUtils.java:warn(134)) - 18ae2fde-5dc6-4cdf-9311-608733cc9025: Failed appendEntries to 9e3f1b17-73ea-4581-8638-5095590032ec:192.168.105.147:45977: org.apache.ratis.thirdparty.io.grpc.StatusRuntimeException: UNAVAILABLE: io exception
2019-06-14 09:04:04,542 INFO  impl.FollowerInfo (FollowerInfo.java:lambda$new$0(50)) - 18ae2fde-5dc6-4cdf-9311-608733cc9025->9e3f1b17-73ea-4581-8638-5095590032ec: nextIndex: updateUnconditionally 0 -> 0
2019-06-14 09:04:04,546 WARN  server.GrpcLogAppender (LogUtils.java:warn(134)) - 18ae2fde-5dc6-4cdf-9311-608733cc9025: Failed appendEntries to ace3d32f-380b-4ca3-aa77-a2fbf0181366:192.168.105.147:39167: org.apache.ratis.thirdparty.io.grpc.StatusRuntimeException: UNAVAILABLE: io exception
2019-06-14 09:04:04,547 INFO  impl.FollowerInfo (FollowerInfo.java:lambda$new$0(50)) - 18ae2fde-5dc6-4cdf-9311-608733cc9025->ace3d32f-380b-4ca3-aa77-a2fbf0181366: nextIndex: updateUnconditionally 0 -> 0
2019-06-14 09:04:05,042 WARN  server.GrpcLogAppender (LogUtils.java:warn(134)) - 18ae2fde-5dc6-4cdf-9311-608733cc9025: Failed appendEntries to 9e3f1b17-73ea-4581-8638-5095590032ec:192.168.105.147:45977: org.apache.ratis.thirdparty.io.grpc.StatusRuntimeException: UNAVAILABLE: io exception
2019-06-14 09:04:05,042 INFO  impl.FollowerInfo (FollowerInfo.java:lambda$new$0(50)) - 18ae2fde-5dc6-4cdf-9311-608733cc9025->9e3f1b17-73ea-4581-8638-5095590032ec: nextIndex: updateUnconditionally 0 -> 0
2019-06-14 09:04:05,047 WARN  server.GrpcLogAppender (LogUtils.java:warn(134)) - 18ae2fde-5dc6-4cdf-9311-608733cc9025: Failed appendEntries to ace3d32f-380b-4ca3-aa77-a2fbf0181366:192.168.105.147:39167: org.apache.ratis.thirdparty.io.grpc.StatusRuntimeException: UNAVAILABLE: io exception
2019-06-14 09:04:05,047 INFO  impl.FollowerInfo (FollowerInfo.java:lambda$new$0(50)) - 18ae2fde-5dc6-4cdf-9311-608733cc9025->ace3d32f-380b-4ca3-aa77-a2fbf0181366: nextIndex: updateUnconditionally 0 -> 0
2019-06-14 09:04:05,054 INFO  client.GrpcClientProtocolService (GrpcClientProtocolService.java:lambda$processClientRequest$0(264)) - Failed RaftClientRequest:client-6651A6AF17E3->18ae2fde-5dc6-4cdf-9311-608733cc9025@group-A76C031951A5, cid=67, seq=0, Watch-ALL_COMMITTED(2), Message:<EMPTY>, reply=RaftClientReply:client-6651A6AF17E3->18ae2fde-5dc6-4cdf-9311-608733cc9025@group-A76C031951A5, cid=67, FAILED org.apache.ratis.protocol.NotReplicatedException: Request with call Id 67 and log index 2 is not yet replicated to ALL_COMMITTED, logIndex=2, commits[18ae2fde-5dc6-4cdf-9311-608733cc9025:c2, ace3d32f-380b-4ca3-aa77-a2fbf0181366:c1, 9e3f1b17-73ea-4581-8638-5095590032ec:c1]
2019-06-14 09:04:05,542 WARN  server.GrpcLogAppender (LogUtils.java:warn(134)) - 18ae2fde-5dc6-4cdf-9311-608733cc9025: Failed appendEntries to 9e3f1b17-73ea-4581-8638-5095590032ec:192.168.105.147:45977: org.apache.ratis.thirdparty.io.grpc.StatusRuntimeException: UNAVAILABLE: io exception
2019-06-14 09:04:05,542 INFO  impl.FollowerInfo (FollowerInfo.java:lambda$new$0(50)) - 18ae2fde-5dc6-4cdf-9311-608733cc9025->9e3f1b17-73ea-4581-8638-5095590032ec: nextIndex: updateUnconditionally 0 -> 0
2019-06-14 09:04:05,547 WARN  server.GrpcLogAppender (LogUtils.java:warn(134)) - 18ae2fde-5dc6-4cdf-9311-608733cc9025: Failed appendEntries to ace3d32f-380b-4ca3-aa77-a2fbf0181366:192.168.105.147:39167: org.apache.ratis.thirdparty.io.grpc.StatusRuntimeException: UNAVAILABLE: io exception
2019-06-14 09:04:05,549 INFO  impl.FollowerInfo (FollowerInfo.java:lambda$new$0(50)) - 18ae2fde-5dc6-4cdf-9311-608733cc9025->ace3d32f-380b-4ca3-aa77-a2fbf0181366: nextIndex: updateUnconditionally 0 -> 0
2019-06-14 09:04:06,043 WARN  server.GrpcLogAppender (LogUtils.java:warn(134)) - 18ae2fde-5dc6-4cdf-9311-608733cc9025: Failed appendEntries to 9e3f1b17-73ea-4581-8638-5095590032ec:192.168.105.147:45977: org.apache.ratis.thirdparty.io.grpc.StatusRuntimeException: UNAVAILABLE: io exception
2019-06-14 09:04:06,043 INFO  impl.FollowerInfo (FollowerInfo.java:lambda$new$0(50)) - 18ae2fde-5dc6-4cdf-9311-608733cc9025->9e3f1b17-73ea-4581-8638-5095590032ec: nextIndex: updateUnconditionally 0 -> 0
2019-06-14 09:04:06,047 WARN  server.GrpcLogAppender (LogUtils.java:warn(134)) - 18ae2fde-5dc6-4cdf-9311-608733cc9025: Failed appendEntries to ace3d32f-380b-4ca3-aa77-a2fbf0181366:192.168.105.147:39167: org.apache.ratis.thirdparty.io.grpc.StatusRuntimeException: UNAVAILABLE: io exception
2019-06-14 09:04:06,048 INFO  impl.FollowerInfo (FollowerInfo.java:lambda$new$0(50)) - 18ae2fde-5dc6-4cdf-9311-608733cc9025->ace3d32f-380b-4ca3-aa77-a2fbf0181366: nextIndex: updateUnconditionally 0 -> 0
2019-06-14 09:04:06,543 WARN  server.GrpcLogAppender (LogUtils.java:warn(134)) - 18ae2fde-5dc6-4cdf-9311-608733cc9025: Failed appendEntries to 9e3f1b17-73ea-4581-8638-5095590032ec:192.168.105.147:45977: org.apache.ratis.thirdparty.io.grpc.StatusRuntimeException: UNAVAILABLE: io exception
2019-06-14 09:04:06,544 INFO  impl.FollowerInfo (FollowerInfo.java:lambda$new$0(50)) - 18ae2fde-5dc6-4cdf-9311-608733cc9025->9e3f1b17-73ea-4581-8638-5095590032ec: nextIndex: updateUnconditionally 0 -> 0
2019-06-14 09:04:06,548 WARN  server.GrpcLogAppender (LogUtils.java:warn(134)) - 18ae2fde-5dc6-4cdf-9311-608733cc9025: Failed appendEntries to ace3d32f-380b-4ca3-aa77-a2fbf0181366:192.168.105.147:39167: org.apache.ratis.thirdparty.io.grpc.StatusRuntimeException: UNAVAILABLE: io exception
2019-06-14 09:04:06,548 INFO  impl.FollowerInfo (FollowerInfo.java:lambda$new$0(50)) - 18ae2fde-5dc6-4cdf-9311-608733cc9025->ace3d32f-380b-4ca3-aa77-a2fbf0181366: nextIndex: updateUnconditionally 0 -> 0
2019-06-14 09:04:07,044 WARN  server.GrpcLogAppender (LogUtils.java:warn(134)) - 18ae2fde-5dc6-4cdf-9311-608733cc9025: Failed appendEntries to 9e3f1b17-73ea-4581-8638-5095590032ec:192.168.105.147:45977: org.apache.ratis.thirdparty.io.grpc.StatusRuntimeException: UNAVAILABLE: io exception
2019-06-14 09:04:07,044 INFO  impl.FollowerInfo (FollowerInfo.java:lambda$new$0(50)) - 18ae2fde-5dc6-4cdf-9311-608733cc9025->9e3f1b17-73ea-4581-8638-5095590032ec: nextIndex: updateUnconditionally 0 -> 0
2019-06-14 09:04:07,048 WARN  server.GrpcLogAppender (LogUtils.java:warn(134)) - 18ae2fde-5dc6-4cdf-9311-608733cc9025: Failed appendEntries to ace3d32f-380b-4ca3-aa77-a2fbf0181366:192.168.105.147:39167: org.apache.ratis.thirdparty.io.grpc.StatusRuntimeException: UNAVAILABLE: io exception
2019-06-14 09:04:07,048 INFO  impl.FollowerInfo (FollowerInfo.java:lambda$new$0(50)) - 18ae2fde-5dc6-4cdf-9311-608733cc9025->ace3d32f-380b-4ca3-aa77-a2fbf0181366: nextIndex: updateUnconditionally 0 -> 0
2019-06-14 09:04:07,544 WARN  server.GrpcLogAppender (LogUtils.java:warn(134)) - 18ae2fde-5dc6-4cdf-9311-608733cc9025: Failed appendEntries to 9e3f1b17-73ea-4581-8638-5095590032ec:192.168.105.147:45977: org.apache.ratis.thirdparty.io.grpc.StatusRuntimeException: UNAVAILABLE: io exception
2019-06-14 09:04:07,544 INFO  impl.FollowerInfo (FollowerInfo.java:lambda$new$0(50)) - 18ae2fde-5dc6-4cdf-9311-608733cc9025->9e3f1b17-73ea-4581-8638-5095590032ec: nextIndex: updateUnconditionally 0 -> 0
2019-06-14 09:04:07,548 WARN  server.GrpcLogAppender (LogUtils.java:warn(134)) - 18ae2fde-5dc6-4cdf-9311-608733cc9025: Failed appendEntries to ace3d32f-380b-4ca3-aa77-a2fbf0181366:192.168.105.147:39167: org.apache.ratis.thirdparty.io.grpc.StatusRuntimeException: UNAVAILABLE: io exception
2019-06-14 09:04:07,549 INFO  impl.FollowerInfo (FollowerInfo.java:lambda$new$0(50)) - 18ae2fde-5dc6-4cdf-9311-608733cc9025->ace3d32f-380b-4ca3-aa77-a2fbf0181366: nextIndex: updateUnconditionally 0 -> 0
2019-06-14 09:04:08,045 WARN  server.GrpcLogAppender (LogUtils.java:warn(134)) - 18ae2fde-5dc6-4cdf-9311-608733cc9025: Failed appendEntries to 9e3f1b17-73ea-4581-8638-5095590032ec:192.168.105.147:45977: org.apache.ratis.thirdparty.io.grpc.StatusRuntimeException: UNAVAILABLE: io exception
2019-06-14 09:04:08,045 INFO  impl.FollowerInfo (FollowerInfo.java:lambda$new$0(50)) - 18ae2fde-5dc6-4cdf-9311-608733cc9025->9e3f1b17-73ea-4581-8638-5095590032ec: nextIndex: updateUnconditionally 0 -> 0
2019-06-14 09:04:08,049 WARN  server.GrpcLogAppender (LogUtils.java:warn(134)) - 18ae2fde-5dc6-4cdf-9311-608733cc9025: Failed appendEntries to ace3d32f-380b-4ca3-aa77-a2fbf0181366:192.168.105.147:39167: org.apache.ratis.thirdparty.io.grpc.StatusRuntimeException: UNAVAILABLE: io exception
2019-06-14 09:04:08,049 INFO  impl.FollowerInfo (FollowerInfo.java:lambda$new$0(50)) - 18ae2fde-5dc6-4cdf-9311-608733cc9025->ace3d32f-380b-4ca3-aa77-a2fbf0181366: nextIndex: updateUnconditionally 0 -> 0
2019-06-14 09:04:08,545 WARN  server.GrpcLogAppender (LogUtils.java:warn(134)) - 18ae2fde-5dc6-4cdf-9311-608733cc9025: Failed appendEntries to 9e3f1b17-73ea-4581-8638-5095590032ec:192.168.105.147:45977: org.apache.ratis.thirdparty.io.grpc.StatusRuntimeException: UNAVAILABLE: io exception
2019-06-14 09:04:08,545 INFO  impl.FollowerInfo (FollowerInfo.java:lambda$new$0(50)) - 18ae2fde-5dc6-4cdf-9311-608733cc9025->9e3f1b17-73ea-4581-8638-5095590032ec: nextIndex: updateUnconditionally 0 -> 0
2019-06-14 09:04:08,549 WARN  server.GrpcLogAppender (LogUtils.java:warn(134)) - 18ae2fde-5dc6-4cdf-9311-608733cc9025: Failed appendEntries to ace3d32f-380b-4ca3-aa77-a2fbf0181366:192.168.105.147:39167: org.apache.ratis.thirdparty.io.grpc.StatusRuntimeException: UNAVAILABLE: io exception
2019-06-14 09:04:08,549 INFO  impl.FollowerInfo (FollowerInfo.java:lambda$new$0(50)) - 18ae2fde-5dc6-4cdf-9311-608733cc9025->ace3d32f-380b-4ca3-aa77-a2fbf0181366: nextIndex: updateUnconditionally 0 -> 0
2019-06-14 09:04:09,045 WARN  server.GrpcLogAppender (LogUtils.java:warn(134)) - 18ae2fde-5dc6-4cdf-9311-608733cc9025: Failed appendEntries to 9e3f1b17-73ea-4581-8638-5095590032ec:192.168.105.147:45977: org.apache.ratis.thirdparty.io.grpc.StatusRuntimeException: UNAVAILABLE: io exception
2019-06-14 09:04:09,046 INFO  impl.FollowerInfo (FollowerInfo.java:lambda$new$0(50)) - 18ae2fde-5dc6-4cdf-9311-608733cc9025->9e3f1b17-73ea-4581-8638-5095590032ec: nextIndex: updateUnconditionally 0 -> 0
2019-06-14 09:04:09,050 WARN  server.GrpcLogAppender (LogUtils.java:warn(134)) - 18ae2fde-5dc6-4cdf-9311-608733cc9025: Failed appendEntries to ace3d32f-380b-4ca3-aa77-a2fbf0181366:192.168.105.147:39167: org.apache.ratis.thirdparty.io.grpc.StatusRuntimeException: UNAVAILABLE: io exception
2019-06-14 09:04:09,050 INFO  impl.FollowerInfo (FollowerInfo.java:lambda$new$0(50)) - 18ae2fde-5dc6-4cdf-9311-608733cc9025->ace3d32f-380b-4ca3-aa77-a2fbf0181366: nextIndex: updateUnconditionally 0 -> 0
2019-06-14 09:04:09,546 WARN  server.GrpcLogAppender (LogUtils.java:warn(134)) - 18ae2fde-5dc6-4cdf-9311-608733cc9025: Failed appendEntries to 9e3f1b17-73ea-4581-8638-5095590032ec:192.168.105.147:45977: org.apache.ratis.thirdparty.io.grpc.StatusRuntimeException: UNAVAILABLE: io exception
2019-06-14 09:04:09,546 INFO  impl.FollowerInfo (FollowerInfo.java:lambda$new$0(50)) - 18ae2fde-5dc6-4cdf-9311-608733cc9025->9e3f1b17-73ea-4581-8638-5095590032ec: nextIndex: updateUnconditionally 0 -> 0
2019-06-14 09:04:09,550 WARN  server.GrpcLogAppender (LogUtils.java:warn(134)) - 18ae2fde-5dc6-4cdf-9311-608733cc9025: Failed appendEntries to ace3d32f-380b-4ca3-aa77-a2fbf0181366:192.168.105.147:39167: org.apache.ratis.thirdparty.io.grpc.StatusRuntimeException: UNAVAILABLE: io exception
2019-06-14 09:04:09,550 INFO  impl.FollowerInfo (FollowerInfo.java:lambda$new$0(50)) - 18ae2fde-5dc6-4cdf-9311-608733cc9025->ace3d32f-380b-4ca3-aa77-a2fbf0181366: nextIndex: updateUnconditionally 0 -> 0
2019-06-14 09:04:09,672 WARN  scm.XceiverClientRatis (XceiverClientRatis.java:watchForCommit(260)) - 3 way commit failed 
java.util.concurrent.TimeoutException
	at java.util.concurrent.CompletableFuture.timedGet(CompletableFuture.java:1771)
	at java.util.concurrent.CompletableFuture.get(CompletableFuture.java:1915)
	at org.apache.hadoop.hdds.scm.XceiverClientRatis.watchForCommit(XceiverClientRatis.java:257)
	at org.apache.hadoop.ozone.client.rpc.TestWatchForCommit.testWatchForCommitForRetryfailure(TestWatchForCommit.java:347)
	at sun.reflect.NativeMethodAccessorImpl.invoke0(Native Method)
	at sun.reflect.NativeMethodAccessorImpl.invoke(NativeMethodAccessorImpl.java:62)
	at sun.reflect.DelegatingMethodAccessorImpl.invoke(DelegatingMethodAccessorImpl.java:43)
	at java.lang.reflect.Method.invoke(Method.java:498)
	at org.junit.runners.model.FrameworkMethod$1.runReflectiveCall(FrameworkMethod.java:47)
	at org.junit.internal.runners.model.ReflectiveCallable.run(ReflectiveCallable.java:12)
	at org.junit.runners.model.FrameworkMethod.invokeExplosively(FrameworkMethod.java:44)
	at org.junit.internal.runners.statements.InvokeMethod.evaluate(InvokeMethod.java:17)
	at org.junit.runners.ParentRunner.runLeaf(ParentRunner.java:271)
	at org.junit.runners.BlockJUnit4ClassRunner.runChild(BlockJUnit4ClassRunner.java:70)
	at org.junit.runners.BlockJUnit4ClassRunner.runChild(BlockJUnit4ClassRunner.java:50)
	at org.junit.runners.ParentRunner$3.run(ParentRunner.java:238)
	at org.junit.runners.ParentRunner$1.schedule(ParentRunner.java:63)
	at org.junit.runners.ParentRunner.runChildren(ParentRunner.java:236)
	at org.junit.runners.ParentRunner.access$000(ParentRunner.java:53)
	at org.junit.runners.ParentRunner$2.evaluate(ParentRunner.java:229)
	at org.junit.runners.ParentRunner.run(ParentRunner.java:309)
	at org.apache.maven.surefire.junit4.JUnit4Provider.execute(JUnit4Provider.java:365)
	at org.apache.maven.surefire.junit4.JUnit4Provider.executeWithRerun(JUnit4Provider.java:273)
	at org.apache.maven.surefire.junit4.JUnit4Provider.executeTestSet(JUnit4Provider.java:238)
	at org.apache.maven.surefire.junit4.JUnit4Provider.invoke(JUnit4Provider.java:159)
	at org.apache.maven.surefire.booter.ForkedBooter.invokeProviderInSameClassLoader(ForkedBooter.java:384)
	at org.apache.maven.surefire.booter.ForkedBooter.runSuitesInProcess(ForkedBooter.java:345)
	at org.apache.maven.surefire.booter.ForkedBooter.execute(ForkedBooter.java:126)
	at org.apache.maven.surefire.booter.ForkedBooter.main(ForkedBooter.java:418)
2019-06-14 09:04:10,046 WARN  server.GrpcLogAppender (LogUtils.java:warn(134)) - 18ae2fde-5dc6-4cdf-9311-608733cc9025: Failed appendEntries to 9e3f1b17-73ea-4581-8638-5095590032ec:192.168.105.147:45977: org.apache.ratis.thirdparty.io.grpc.StatusRuntimeException: UNAVAILABLE: io exception
2019-06-14 09:04:10,046 INFO  impl.FollowerInfo (FollowerInfo.java:lambda$new$0(50)) - 18ae2fde-5dc6-4cdf-9311-608733cc9025->9e3f1b17-73ea-4581-8638-5095590032ec: nextIndex: updateUnconditionally 0 -> 0
2019-06-14 09:04:10,050 WARN  server.GrpcLogAppender (LogUtils.java:warn(134)) - 18ae2fde-5dc6-4cdf-9311-608733cc9025: Failed appendEntries to ace3d32f-380b-4ca3-aa77-a2fbf0181366:192.168.105.147:39167: org.apache.ratis.thirdparty.io.grpc.StatusRuntimeException: UNAVAILABLE: io exception
2019-06-14 09:04:10,050 INFO  impl.FollowerInfo (FollowerInfo.java:lambda$new$0(50)) - 18ae2fde-5dc6-4cdf-9311-608733cc9025->ace3d32f-380b-4ca3-aa77-a2fbf0181366: nextIndex: updateUnconditionally 0 -> 0
2019-06-14 09:04:10,546 WARN  server.GrpcLogAppender (LogUtils.java:warn(134)) - 18ae2fde-5dc6-4cdf-9311-608733cc9025: Failed appendEntries to 9e3f1b17-73ea-4581-8638-5095590032ec:192.168.105.147:45977: org.apache.ratis.thirdparty.io.grpc.StatusRuntimeException: UNAVAILABLE: io exception
2019-06-14 09:04:10,547 INFO  impl.FollowerInfo (FollowerInfo.java:lambda$new$0(50)) - 18ae2fde-5dc6-4cdf-9311-608733cc9025->9e3f1b17-73ea-4581-8638-5095590032ec: nextIndex: updateUnconditionally 0 -> 0
2019-06-14 09:04:10,551 WARN  server.GrpcLogAppender (LogUtils.java:warn(134)) - 18ae2fde-5dc6-4cdf-9311-608733cc9025: Failed appendEntries to ace3d32f-380b-4ca3-aa77-a2fbf0181366:192.168.105.147:39167: org.apache.ratis.thirdparty.io.grpc.StatusRuntimeException: UNAVAILABLE: io exception
2019-06-14 09:04:10,551 INFO  impl.FollowerInfo (FollowerInfo.java:lambda$new$0(50)) - 18ae2fde-5dc6-4cdf-9311-608733cc9025->ace3d32f-380b-4ca3-aa77-a2fbf0181366: nextIndex: updateUnconditionally 0 -> 0
2019-06-14 09:04:11,047 WARN  server.GrpcLogAppender (LogUtils.java:warn(134)) - 18ae2fde-5dc6-4cdf-9311-608733cc9025: Failed appendEntries to 9e3f1b17-73ea-4581-8638-5095590032ec:192.168.105.147:45977: org.apache.ratis.thirdparty.io.grpc.StatusRuntimeException: UNAVAILABLE: io exception
2019-06-14 09:04:11,047 INFO  impl.FollowerInfo (FollowerInfo.java:lambda$new$0(50)) - 18ae2fde-5dc6-4cdf-9311-608733cc9025->9e3f1b17-73ea-4581-8638-5095590032ec: nextIndex: updateUnconditionally 0 -> 0
2019-06-14 09:04:11,051 WARN  server.GrpcLogAppender (LogUtils.java:warn(134)) - 18ae2fde-5dc6-4cdf-9311-608733cc9025: Failed appendEntries to ace3d32f-380b-4ca3-aa77-a2fbf0181366:192.168.105.147:39167: org.apache.ratis.thirdparty.io.grpc.StatusRuntimeException: UNAVAILABLE: io exception
2019-06-14 09:04:11,051 INFO  impl.FollowerInfo (FollowerInfo.java:lambda$new$0(50)) - 18ae2fde-5dc6-4cdf-9311-608733cc9025->ace3d32f-380b-4ca3-aa77-a2fbf0181366: nextIndex: updateUnconditionally 0 -> 0
2019-06-14 09:04:11,054 INFO  client.GrpcClientProtocolService (GrpcClientProtocolService.java:lambda$processClientRequest$0(264)) - Failed RaftClientRequest:client-6651A6AF17E3->18ae2fde-5dc6-4cdf-9311-608733cc9025@group-A76C031951A5, cid=67, seq=0, Watch-ALL_COMMITTED(2), Message:<EMPTY>, reply=RaftClientReply:client-6651A6AF17E3->18ae2fde-5dc6-4cdf-9311-608733cc9025@group-A76C031951A5, cid=67, FAILED org.apache.ratis.protocol.NotReplicatedException: Request with call Id 67 and log index 2 is not yet replicated to ALL_COMMITTED, logIndex=2, commits[18ae2fde-5dc6-4cdf-9311-608733cc9025:c2, ace3d32f-380b-4ca3-aa77-a2fbf0181366:c1, 9e3f1b17-73ea-4581-8638-5095590032ec:c1]
2019-06-14 09:04:11,547 WARN  server.GrpcLogAppender (LogUtils.java:warn(134)) - 18ae2fde-5dc6-4cdf-9311-608733cc9025: Failed appendEntries to 9e3f1b17-73ea-4581-8638-5095590032ec:192.168.105.147:45977: org.apache.ratis.thirdparty.io.grpc.StatusRuntimeException: UNAVAILABLE: io exception
2019-06-14 09:04:11,547 INFO  impl.FollowerInfo (FollowerInfo.java:lambda$new$0(50)) - 18ae2fde-5dc6-4cdf-9311-608733cc9025->9e3f1b17-73ea-4581-8638-5095590032ec: nextIndex: updateUnconditionally 0 -> 0
2019-06-14 09:04:11,551 WARN  server.GrpcLogAppender (LogUtils.java:warn(134)) - 18ae2fde-5dc6-4cdf-9311-608733cc9025: Failed appendEntries to ace3d32f-380b-4ca3-aa77-a2fbf0181366:192.168.105.147:39167: org.apache.ratis.thirdparty.io.grpc.StatusRuntimeException: UNAVAILABLE: io exception
2019-06-14 09:04:11,553 INFO  impl.FollowerInfo (FollowerInfo.java:lambda$new$0(50)) - 18ae2fde-5dc6-4cdf-9311-608733cc9025->ace3d32f-380b-4ca3-aa77-a2fbf0181366: nextIndex: updateUnconditionally 0 -> 0
2019-06-14 09:04:12,048 WARN  server.GrpcLogAppender (LogUtils.java:warn(134)) - 18ae2fde-5dc6-4cdf-9311-608733cc9025: Failed appendEntries to 9e3f1b17-73ea-4581-8638-5095590032ec:192.168.105.147:45977: org.apache.ratis.thirdparty.io.grpc.StatusRuntimeException: UNAVAILABLE: io exception
2019-06-14 09:04:12,048 INFO  impl.FollowerInfo (FollowerInfo.java:lambda$new$0(50)) - 18ae2fde-5dc6-4cdf-9311-608733cc9025->9e3f1b17-73ea-4581-8638-5095590032ec: nextIndex: updateUnconditionally 0 -> 0
2019-06-14 09:04:12,052 WARN  server.GrpcLogAppender (LogUtils.java:warn(134)) - 18ae2fde-5dc6-4cdf-9311-608733cc9025: Failed appendEntries to ace3d32f-380b-4ca3-aa77-a2fbf0181366:192.168.105.147:39167: org.apache.ratis.thirdparty.io.grpc.StatusRuntimeException: UNAVAILABLE: io exception
2019-06-14 09:04:12,052 INFO  impl.FollowerInfo (FollowerInfo.java:lambda$new$0(50)) - 18ae2fde-5dc6-4cdf-9311-608733cc9025->ace3d32f-380b-4ca3-aa77-a2fbf0181366: nextIndex: updateUnconditionally 0 -> 0
2019-06-14 09:04:12,548 WARN  server.GrpcLogAppender (LogUtils.java:warn(134)) - 18ae2fde-5dc6-4cdf-9311-608733cc9025: Failed appendEntries to 9e3f1b17-73ea-4581-8638-5095590032ec:192.168.105.147:45977: org.apache.ratis.thirdparty.io.grpc.StatusRuntimeException: UNAVAILABLE: io exception
2019-06-14 09:04:12,549 INFO  impl.FollowerInfo (FollowerInfo.java:lambda$new$0(50)) - 18ae2fde-5dc6-4cdf-9311-608733cc9025->9e3f1b17-73ea-4581-8638-5095590032ec: nextIndex: updateUnconditionally 0 -> 0
2019-06-14 09:04:12,552 WARN  server.GrpcLogAppender (LogUtils.java:warn(134)) - 18ae2fde-5dc6-4cdf-9311-608733cc9025: Failed appendEntries to ace3d32f-380b-4ca3-aa77-a2fbf0181366:192.168.105.147:39167: org.apache.ratis.thirdparty.io.grpc.StatusRuntimeException: UNAVAILABLE: io exception
2019-06-14 09:04:12,552 INFO  impl.FollowerInfo (FollowerInfo.java:lambda$new$0(50)) - 18ae2fde-5dc6-4cdf-9311-608733cc9025->ace3d32f-380b-4ca3-aa77-a2fbf0181366: nextIndex: updateUnconditionally 0 -> 0
2019-06-14 09:04:13,048 WARN  server.GrpcLogAppender (LogUtils.java:warn(134)) - 18ae2fde-5dc6-4cdf-9311-608733cc9025: Failed appendEntries to 9e3f1b17-73ea-4581-8638-5095590032ec:192.168.105.147:45977: org.apache.ratis.thirdparty.io.grpc.StatusRuntimeException: UNAVAILABLE: io exception
2019-06-14 09:04:13,049 INFO  impl.FollowerInfo (FollowerInfo.java:lambda$new$0(50)) - 18ae2fde-5dc6-4cdf-9311-608733cc9025->9e3f1b17-73ea-4581-8638-5095590032ec: nextIndex: updateUnconditionally 0 -> 0
2019-06-14 09:04:13,052 WARN  server.GrpcLogAppender (LogUtils.java:warn(134)) - 18ae2fde-5dc6-4cdf-9311-608733cc9025: Failed appendEntries to ace3d32f-380b-4ca3-aa77-a2fbf0181366:192.168.105.147:39167: org.apache.ratis.thirdparty.io.grpc.StatusRuntimeException: UNAVAILABLE: io exception
2019-06-14 09:04:13,052 INFO  impl.FollowerInfo (FollowerInfo.java:lambda$new$0(50)) - 18ae2fde-5dc6-4cdf-9311-608733cc9025->ace3d32f-380b-4ca3-aa77-a2fbf0181366: nextIndex: updateUnconditionally 0 -> 0
2019-06-14 09:04:13,549 WARN  server.GrpcLogAppender (LogUtils.java:warn(134)) - 18ae2fde-5dc6-4cdf-9311-608733cc9025: Failed appendEntries to 9e3f1b17-73ea-4581-8638-5095590032ec:192.168.105.147:45977: org.apache.ratis.thirdparty.io.grpc.StatusRuntimeException: UNAVAILABLE: io exception
2019-06-14 09:04:13,549 INFO  impl.FollowerInfo (FollowerInfo.java:lambda$new$0(50)) - 18ae2fde-5dc6-4cdf-9311-608733cc9025->9e3f1b17-73ea-4581-8638-5095590032ec: nextIndex: updateUnconditionally 0 -> 0
2019-06-14 09:04:13,553 WARN  server.GrpcLogAppender (LogUtils.java:warn(134)) - 18ae2fde-5dc6-4cdf-9311-608733cc9025: Failed appendEntries to ace3d32f-380b-4ca3-aa77-a2fbf0181366:192.168.105.147:39167: org.apache.ratis.thirdparty.io.grpc.StatusRuntimeException: UNAVAILABLE: io exception
2019-06-14 09:04:13,553 INFO  impl.FollowerInfo (FollowerInfo.java:lambda$new$0(50)) - 18ae2fde-5dc6-4cdf-9311-608733cc9025->ace3d32f-380b-4ca3-aa77-a2fbf0181366: nextIndex: updateUnconditionally 0 -> 0
2019-06-14 09:04:14,049 WARN  server.GrpcLogAppender (LogUtils.java:warn(134)) - 18ae2fde-5dc6-4cdf-9311-608733cc9025: Failed appendEntries to 9e3f1b17-73ea-4581-8638-5095590032ec:192.168.105.147:45977: org.apache.ratis.thirdparty.io.grpc.StatusRuntimeException: UNAVAILABLE: io exception
2019-06-14 09:04:14,049 INFO  impl.FollowerInfo (FollowerInfo.java:lambda$new$0(50)) - 18ae2fde-5dc6-4cdf-9311-608733cc9025->9e3f1b17-73ea-4581-8638-5095590032ec: nextIndex: updateUnconditionally 0 -> 0
2019-06-14 09:04:14,053 WARN  server.GrpcLogAppender (LogUtils.java:warn(134)) - 18ae2fde-5dc6-4cdf-9311-608733cc9025: Failed appendEntries to ace3d32f-380b-4ca3-aa77-a2fbf0181366:192.168.105.147:39167: org.apache.ratis.thirdparty.io.grpc.StatusRuntimeException: UNAVAILABLE: io exception
2019-06-14 09:04:14,053 INFO  impl.FollowerInfo (FollowerInfo.java:lambda$new$0(50)) - 18ae2fde-5dc6-4cdf-9311-608733cc9025->ace3d32f-380b-4ca3-aa77-a2fbf0181366: nextIndex: updateUnconditionally 0 -> 0
2019-06-14 09:04:14,550 WARN  server.GrpcLogAppender (LogUtils.java:warn(134)) - 18ae2fde-5dc6-4cdf-9311-608733cc9025: Failed appendEntries to 9e3f1b17-73ea-4581-8638-5095590032ec:192.168.105.147:45977: org.apache.ratis.thirdparty.io.grpc.StatusRuntimeException: UNAVAILABLE: io exception
2019-06-14 09:04:14,550 INFO  impl.FollowerInfo (FollowerInfo.java:lambda$new$0(50)) - 18ae2fde-5dc6-4cdf-9311-608733cc9025->9e3f1b17-73ea-4581-8638-5095590032ec: nextIndex: updateUnconditionally 0 -> 0
2019-06-14 09:04:14,553 WARN  server.GrpcLogAppender (LogUtils.java:warn(134)) - 18ae2fde-5dc6-4cdf-9311-608733cc9025: Failed appendEntries to ace3d32f-380b-4ca3-aa77-a2fbf0181366:192.168.105.147:39167: org.apache.ratis.thirdparty.io.grpc.StatusRuntimeException: UNAVAILABLE: io exception
2019-06-14 09:04:14,554 INFO  impl.FollowerInfo (FollowerInfo.java:lambda$new$0(50)) - 18ae2fde-5dc6-4cdf-9311-608733cc9025->ace3d32f-380b-4ca3-aa77-a2fbf0181366: nextIndex: updateUnconditionally 0 -> 0
2019-06-14 09:04:15,051 WARN  server.GrpcLogAppender (LogUtils.java:warn(134)) - 18ae2fde-5dc6-4cdf-9311-608733cc9025: Failed appendEntries to 9e3f1b17-73ea-4581-8638-5095590032ec:192.168.105.147:45977: org.apache.ratis.thirdparty.io.grpc.StatusRuntimeException: UNAVAILABLE: io exception
2019-06-14 09:04:15,051 INFO  impl.FollowerInfo (FollowerInfo.java:lambda$new$0(50)) - 18ae2fde-5dc6-4cdf-9311-608733cc9025->9e3f1b17-73ea-4581-8638-5095590032ec: nextIndex: updateUnconditionally 0 -> 0
2019-06-14 09:04:15,054 WARN  server.GrpcLogAppender (LogUtils.java:warn(134)) - 18ae2fde-5dc6-4cdf-9311-608733cc9025: Failed appendEntries to ace3d32f-380b-4ca3-aa77-a2fbf0181366:192.168.105.147:39167: org.apache.ratis.thirdparty.io.grpc.StatusRuntimeException: UNAVAILABLE: io exception
2019-06-14 09:04:15,054 INFO  impl.FollowerInfo (FollowerInfo.java:lambda$new$0(50)) - 18ae2fde-5dc6-4cdf-9311-608733cc9025->ace3d32f-380b-4ca3-aa77-a2fbf0181366: nextIndex: updateUnconditionally 0 -> 0
2019-06-14 09:04:15,551 WARN  server.GrpcLogAppender (LogUtils.java:warn(134)) - 18ae2fde-5dc6-4cdf-9311-608733cc9025: Failed appendEntries to 9e3f1b17-73ea-4581-8638-5095590032ec:192.168.105.147:45977: org.apache.ratis.thirdparty.io.grpc.StatusRuntimeException: UNAVAILABLE: io exception
2019-06-14 09:04:15,551 INFO  impl.FollowerInfo (FollowerInfo.java:lambda$new$0(50)) - 18ae2fde-5dc6-4cdf-9311-608733cc9025->9e3f1b17-73ea-4581-8638-5095590032ec: nextIndex: updateUnconditionally 0 -> 0
2019-06-14 09:04:15,554 WARN  server.GrpcLogAppender (LogUtils.java:warn(134)) - 18ae2fde-5dc6-4cdf-9311-608733cc9025: Failed appendEntries to ace3d32f-380b-4ca3-aa77-a2fbf0181366:192.168.105.147:39167: org.apache.ratis.thirdparty.io.grpc.StatusRuntimeException: UNAVAILABLE: io exception
2019-06-14 09:04:15,554 INFO  impl.FollowerInfo (FollowerInfo.java:lambda$new$0(50)) - 18ae2fde-5dc6-4cdf-9311-608733cc9025->ace3d32f-380b-4ca3-aa77-a2fbf0181366: nextIndex: updateUnconditionally 0 -> 0
2019-06-14 09:04:16,051 WARN  server.GrpcLogAppender (LogUtils.java:warn(134)) - 18ae2fde-5dc6-4cdf-9311-608733cc9025: Failed appendEntries to 9e3f1b17-73ea-4581-8638-5095590032ec:192.168.105.147:45977: org.apache.ratis.thirdparty.io.grpc.StatusRuntimeException: UNAVAILABLE: io exception
2019-06-14 09:04:16,052 INFO  impl.FollowerInfo (FollowerInfo.java:lambda$new$0(50)) - 18ae2fde-5dc6-4cdf-9311-608733cc9025->9e3f1b17-73ea-4581-8638-5095590032ec: nextIndex: updateUnconditionally 0 -> 0
2019-06-14 09:04:16,054 WARN  server.GrpcLogAppender (LogUtils.java:warn(134)) - 18ae2fde-5dc6-4cdf-9311-608733cc9025: Failed appendEntries to ace3d32f-380b-4ca3-aa77-a2fbf0181366:192.168.105.147:39167: org.apache.ratis.thirdparty.io.grpc.StatusRuntimeException: UNAVAILABLE: io exception
2019-06-14 09:04:16,055 INFO  impl.FollowerInfo (FollowerInfo.java:lambda$new$0(50)) - 18ae2fde-5dc6-4cdf-9311-608733cc9025->ace3d32f-380b-4ca3-aa77-a2fbf0181366: nextIndex: updateUnconditionally 0 -> 0
2019-06-14 09:04:16,552 WARN  server.GrpcLogAppender (LogUtils.java:warn(134)) - 18ae2fde-5dc6-4cdf-9311-608733cc9025: Failed appendEntries to 9e3f1b17-73ea-4581-8638-5095590032ec:192.168.105.147:45977: org.apache.ratis.thirdparty.io.grpc.StatusRuntimeException: UNAVAILABLE: io exception
2019-06-14 09:04:16,552 INFO  impl.FollowerInfo (FollowerInfo.java:lambda$new$0(50)) - 18ae2fde-5dc6-4cdf-9311-608733cc9025->9e3f1b17-73ea-4581-8638-5095590032ec: nextIndex: updateUnconditionally 0 -> 0
2019-06-14 09:04:16,555 WARN  server.GrpcLogAppender (LogUtils.java:warn(134)) - 18ae2fde-5dc6-4cdf-9311-608733cc9025: Failed appendEntries to ace3d32f-380b-4ca3-aa77-a2fbf0181366:192.168.105.147:39167: org.apache.ratis.thirdparty.io.grpc.StatusRuntimeException: UNAVAILABLE: io exception
2019-06-14 09:04:16,555 INFO  impl.FollowerInfo (FollowerInfo.java:lambda$new$0(50)) - 18ae2fde-5dc6-4cdf-9311-608733cc9025->ace3d32f-380b-4ca3-aa77-a2fbf0181366: nextIndex: updateUnconditionally 0 -> 0
2019-06-14 09:04:17,052 WARN  server.GrpcLogAppender (LogUtils.java:warn(134)) - 18ae2fde-5dc6-4cdf-9311-608733cc9025: Failed appendEntries to 9e3f1b17-73ea-4581-8638-5095590032ec:192.168.105.147:45977: org.apache.ratis.thirdparty.io.grpc.StatusRuntimeException: UNAVAILABLE: io exception
2019-06-14 09:04:17,052 INFO  impl.FollowerInfo (FollowerInfo.java:lambda$new$0(50)) - 18ae2fde-5dc6-4cdf-9311-608733cc9025->9e3f1b17-73ea-4581-8638-5095590032ec: nextIndex: updateUnconditionally 0 -> 0
2019-06-14 09:04:17,055 WARN  server.GrpcLogAppender (LogUtils.java:warn(134)) - 18ae2fde-5dc6-4cdf-9311-608733cc9025: Failed appendEntries to ace3d32f-380b-4ca3-aa77-a2fbf0181366:192.168.105.147:39167: org.apache.ratis.thirdparty.io.grpc.StatusRuntimeException: UNAVAILABLE: io exception
2019-06-14 09:04:17,055 INFO  impl.FollowerInfo (FollowerInfo.java:lambda$new$0(50)) - 18ae2fde-5dc6-4cdf-9311-608733cc9025->ace3d32f-380b-4ca3-aa77-a2fbf0181366: nextIndex: updateUnconditionally 0 -> 0
2019-06-14 09:04:17,553 WARN  server.GrpcLogAppender (LogUtils.java:warn(134)) - 18ae2fde-5dc6-4cdf-9311-608733cc9025: Failed appendEntries to 9e3f1b17-73ea-4581-8638-5095590032ec:192.168.105.147:45977: org.apache.ratis.thirdparty.io.grpc.StatusRuntimeException: UNAVAILABLE: io exception
2019-06-14 09:04:17,553 INFO  impl.FollowerInfo (FollowerInfo.java:lambda$new$0(50)) - 18ae2fde-5dc6-4cdf-9311-608733cc9025->9e3f1b17-73ea-4581-8638-5095590032ec: nextIndex: updateUnconditionally 0 -> 0
2019-06-14 09:04:17,614 WARN  server.GrpcLogAppender (LogUtils.java:warn(134)) - 18ae2fde-5dc6-4cdf-9311-608733cc9025: Failed appendEntries to ace3d32f-380b-4ca3-aa77-a2fbf0181366:192.168.105.147:39167: org.apache.ratis.thirdparty.io.grpc.StatusRuntimeException: UNAVAILABLE: io exception
2019-06-14 09:04:17,615 INFO  impl.FollowerInfo (FollowerInfo.java:lambda$new$0(50)) - 18ae2fde-5dc6-4cdf-9311-608733cc9025->ace3d32f-380b-4ca3-aa77-a2fbf0181366: nextIndex: updateUnconditionally 0 -> 0
2019-06-14 09:04:18,056 WARN  server.GrpcLogAppender (LogUtils.java:warn(134)) - 18ae2fde-5dc6-4cdf-9311-608733cc9025: Failed appendEntries to 9e3f1b17-73ea-4581-8638-5095590032ec:192.168.105.147:45977: org.apache.ratis.thirdparty.io.grpc.StatusRuntimeException: UNAVAILABLE: io exception
2019-06-14 09:04:18,056 INFO  impl.FollowerInfo (FollowerInfo.java:lambda$new$0(50)) - 18ae2fde-5dc6-4cdf-9311-608733cc9025->9e3f1b17-73ea-4581-8638-5095590032ec: nextIndex: updateUnconditionally 0 -> 0
2019-06-14 09:04:18,114 WARN  server.GrpcLogAppender (LogUtils.java:warn(134)) - 18ae2fde-5dc6-4cdf-9311-608733cc9025: Failed appendEntries to ace3d32f-380b-4ca3-aa77-a2fbf0181366:192.168.105.147:39167: org.apache.ratis.thirdparty.io.grpc.StatusRuntimeException: UNAVAILABLE: io exception
2019-06-14 09:04:18,114 INFO  impl.FollowerInfo (FollowerInfo.java:lambda$new$0(50)) - 18ae2fde-5dc6-4cdf-9311-608733cc9025->ace3d32f-380b-4ca3-aa77-a2fbf0181366: nextIndex: updateUnconditionally 0 -> 0
2019-06-14 09:04:18,554 WARN  server.GrpcLogAppender (LogUtils.java:warn(134)) - 18ae2fde-5dc6-4cdf-9311-608733cc9025: Failed appendEntries to 9e3f1b17-73ea-4581-8638-5095590032ec:192.168.105.147:45977: org.apache.ratis.thirdparty.io.grpc.StatusRuntimeException: UNAVAILABLE: io exception
2019-06-14 09:04:18,554 INFO  impl.FollowerInfo (FollowerInfo.java:lambda$new$0(50)) - 18ae2fde-5dc6-4cdf-9311-608733cc9025->9e3f1b17-73ea-4581-8638-5095590032ec: nextIndex: updateUnconditionally 0 -> 0
2019-06-14 09:04:18,614 WARN  server.GrpcLogAppender (LogUtils.java:warn(134)) - 18ae2fde-5dc6-4cdf-9311-608733cc9025: Failed appendEntries to ace3d32f-380b-4ca3-aa77-a2fbf0181366:192.168.105.147:39167: org.apache.ratis.thirdparty.io.grpc.StatusRuntimeException: UNAVAILABLE: io exception
2019-06-14 09:04:18,615 INFO  impl.FollowerInfo (FollowerInfo.java:lambda$new$0(50)) - 18ae2fde-5dc6-4cdf-9311-608733cc9025->ace3d32f-380b-4ca3-aa77-a2fbf0181366: nextIndex: updateUnconditionally 0 -> 0
2019-06-14 09:04:19,054 INFO  client.GrpcClientProtocolService (GrpcClientProtocolService.java:lambda$processClientRequest$0(264)) - Failed RaftClientRequest:client-6651A6AF17E3->18ae2fde-5dc6-4cdf-9311-608733cc9025@group-A76C031951A5, cid=67, seq=0, Watch-ALL_COMMITTED(2), Message:<EMPTY>, reply=RaftClientReply:client-6651A6AF17E3->18ae2fde-5dc6-4cdf-9311-608733cc9025@group-A76C031951A5, cid=67, FAILED org.apache.ratis.protocol.NotReplicatedException: Request with call Id 67 and log index 2 is not yet replicated to ALL_COMMITTED, logIndex=2, commits[18ae2fde-5dc6-4cdf-9311-608733cc9025:c2, ace3d32f-380b-4ca3-aa77-a2fbf0181366:c1, 9e3f1b17-73ea-4581-8638-5095590032ec:c1]
2019-06-14 09:04:19,055 WARN  server.GrpcLogAppender (LogUtils.java:warn(134)) - 18ae2fde-5dc6-4cdf-9311-608733cc9025: Failed appendEntries to 9e3f1b17-73ea-4581-8638-5095590032ec:192.168.105.147:45977: org.apache.ratis.thirdparty.io.grpc.StatusRuntimeException: UNAVAILABLE: io exception
2019-06-14 09:04:19,055 INFO  impl.FollowerInfo (FollowerInfo.java:lambda$new$0(50)) - 18ae2fde-5dc6-4cdf-9311-608733cc9025->9e3f1b17-73ea-4581-8638-5095590032ec: nextIndex: updateUnconditionally 0 -> 0
2019-06-14 09:04:19,114 WARN  server.GrpcLogAppender (LogUtils.java:warn(134)) - 18ae2fde-5dc6-4cdf-9311-608733cc9025: Failed appendEntries to ace3d32f-380b-4ca3-aa77-a2fbf0181366:192.168.105.147:39167: org.apache.ratis.thirdparty.io.grpc.StatusRuntimeException: UNAVAILABLE: io exception
2019-06-14 09:04:19,115 INFO  impl.FollowerInfo (FollowerInfo.java:lambda$new$0(50)) - 18ae2fde-5dc6-4cdf-9311-608733cc9025->ace3d32f-380b-4ca3-aa77-a2fbf0181366: nextIndex: updateUnconditionally 0 -> 0
2019-06-14 09:04:19,555 WARN  server.GrpcLogAppender (LogUtils.java:warn(134)) - 18ae2fde-5dc6-4cdf-9311-608733cc9025: Failed appendEntries to 9e3f1b17-73ea-4581-8638-5095590032ec:192.168.105.147:45977: org.apache.ratis.thirdparty.io.grpc.StatusRuntimeException: UNAVAILABLE: io exception
2019-06-14 09:04:19,557 INFO  impl.FollowerInfo (FollowerInfo.java:lambda$new$0(50)) - 18ae2fde-5dc6-4cdf-9311-608733cc9025->9e3f1b17-73ea-4581-8638-5095590032ec: nextIndex: updateUnconditionally 0 -> 0
2019-06-14 09:04:19,615 WARN  server.GrpcLogAppender (LogUtils.java:warn(134)) - 18ae2fde-5dc6-4cdf-9311-608733cc9025: Failed appendEntries to ace3d32f-380b-4ca3-aa77-a2fbf0181366:192.168.105.147:39167: org.apache.ratis.thirdparty.io.grpc.StatusRuntimeException: UNAVAILABLE: io exception
2019-06-14 09:04:19,615 INFO  impl.FollowerInfo (FollowerInfo.java:lambda$new$0(50)) - 18ae2fde-5dc6-4cdf-9311-608733cc9025->ace3d32f-380b-4ca3-aa77-a2fbf0181366: nextIndex: updateUnconditionally 0 -> 0
2019-06-14 09:04:20,054 INFO  client.GrpcClientProtocolService (GrpcClientProtocolService.java:lambda$processClientRequest$0(264)) - Failed RaftClientRequest:client-6651A6AF17E3->18ae2fde-5dc6-4cdf-9311-608733cc9025@group-A76C031951A5, cid=68, seq=0, Watch-MAJORITY_COMMITTED(2), Message:<EMPTY>, reply=RaftClientReply:client-6651A6AF17E3->18ae2fde-5dc6-4cdf-9311-608733cc9025@group-A76C031951A5, cid=68, FAILED org.apache.ratis.protocol.NotReplicatedException: Request with call Id 68 and log index 2 is not yet replicated to MAJORITY_COMMITTED, logIndex=2, commits[18ae2fde-5dc6-4cdf-9311-608733cc9025:c2, ace3d32f-380b-4ca3-aa77-a2fbf0181366:c1, 9e3f1b17-73ea-4581-8638-5095590032ec:c1]
2019-06-14 09:04:20,055 WARN  server.GrpcLogAppender (LogUtils.java:warn(134)) - 18ae2fde-5dc6-4cdf-9311-608733cc9025: Failed appendEntries to 9e3f1b17-73ea-4581-8638-5095590032ec:192.168.105.147:45977: org.apache.ratis.thirdparty.io.grpc.StatusRuntimeException: UNAVAILABLE: io exception
2019-06-14 09:04:20,055 INFO  impl.FollowerInfo (FollowerInfo.java:lambda$new$0(50)) - 18ae2fde-5dc6-4cdf-9311-608733cc9025->9e3f1b17-73ea-4581-8638-5095590032ec: nextIndex: updateUnconditionally 0 -> 0
2019-06-14 09:04:20,115 WARN  server.GrpcLogAppender (LogUtils.java:warn(134)) - 18ae2fde-5dc6-4cdf-9311-608733cc9025: Failed appendEntries to ace3d32f-380b-4ca3-aa77-a2fbf0181366:192.168.105.147:39167: org.apache.ratis.thirdparty.io.grpc.StatusRuntimeException: UNAVAILABLE: io exception
2019-06-14 09:04:20,117 INFO  impl.FollowerInfo (FollowerInfo.java:lambda$new$0(50)) - 18ae2fde-5dc6-4cdf-9311-608733cc9025->ace3d32f-380b-4ca3-aa77-a2fbf0181366: nextIndex: updateUnconditionally 0 -> 0
2019-06-14 09:04:20,555 WARN  server.GrpcLogAppender (LogUtils.java:warn(134)) - 18ae2fde-5dc6-4cdf-9311-608733cc9025: Failed appendEntries to 9e3f1b17-73ea-4581-8638-5095590032ec:192.168.105.147:45977: org.apache.ratis.thirdparty.io.grpc.StatusRuntimeException: UNAVAILABLE: io exception
2019-06-14 09:04:20,556 INFO  impl.FollowerInfo (FollowerInfo.java:lambda$new$0(50)) - 18ae2fde-5dc6-4cdf-9311-608733cc9025->9e3f1b17-73ea-4581-8638-5095590032ec: nextIndex: updateUnconditionally 0 -> 0
2019-06-14 09:04:20,615 WARN  server.GrpcLogAppender (LogUtils.java:warn(134)) - 18ae2fde-5dc6-4cdf-9311-608733cc9025: Failed appendEntries to ace3d32f-380b-4ca3-aa77-a2fbf0181366:192.168.105.147:39167: org.apache.ratis.thirdparty.io.grpc.StatusRuntimeException: UNAVAILABLE: io exception
2019-06-14 09:04:20,616 INFO  impl.FollowerInfo (FollowerInfo.java:lambda$new$0(50)) - 18ae2fde-5dc6-4cdf-9311-608733cc9025->ace3d32f-380b-4ca3-aa77-a2fbf0181366: nextIndex: updateUnconditionally 0 -> 0
2019-06-14 09:04:21,056 WARN  server.GrpcLogAppender (LogUtils.java:warn(134)) - 18ae2fde-5dc6-4cdf-9311-608733cc9025: Failed appendEntries to 9e3f1b17-73ea-4581-8638-5095590032ec:192.168.105.147:45977: org.apache.ratis.thirdparty.io.grpc.StatusRuntimeException: UNAVAILABLE: io exception
2019-06-14 09:04:21,056 INFO  impl.FollowerInfo (FollowerInfo.java:lambda$new$0(50)) - 18ae2fde-5dc6-4cdf-9311-608733cc9025->9e3f1b17-73ea-4581-8638-5095590032ec: nextIndex: updateUnconditionally 0 -> 0
2019-06-14 09:04:21,116 WARN  server.GrpcLogAppender (LogUtils.java:warn(134)) - 18ae2fde-5dc6-4cdf-9311-608733cc9025: Failed appendEntries to ace3d32f-380b-4ca3-aa77-a2fbf0181366:192.168.105.147:39167: org.apache.ratis.thirdparty.io.grpc.StatusRuntimeException: UNAVAILABLE: io exception
2019-06-14 09:04:21,116 INFO  impl.FollowerInfo (FollowerInfo.java:lambda$new$0(50)) - 18ae2fde-5dc6-4cdf-9311-608733cc9025->ace3d32f-380b-4ca3-aa77-a2fbf0181366: nextIndex: updateUnconditionally 0 -> 0
2019-06-14 09:04:21,556 WARN  server.GrpcLogAppender (LogUtils.java:warn(134)) - 18ae2fde-5dc6-4cdf-9311-608733cc9025: Failed appendEntries to 9e3f1b17-73ea-4581-8638-5095590032ec:192.168.105.147:45977: org.apache.ratis.thirdparty.io.grpc.StatusRuntimeException: UNAVAILABLE: io exception
2019-06-14 09:04:21,557 INFO  impl.FollowerInfo (FollowerInfo.java:lambda$new$0(50)) - 18ae2fde-5dc6-4cdf-9311-608733cc9025->9e3f1b17-73ea-4581-8638-5095590032ec: nextIndex: updateUnconditionally 0 -> 0
2019-06-14 09:04:21,616 WARN  server.GrpcLogAppender (LogUtils.java:warn(134)) - 18ae2fde-5dc6-4cdf-9311-608733cc9025: Failed appendEntries to ace3d32f-380b-4ca3-aa77-a2fbf0181366:192.168.105.147:39167: org.apache.ratis.thirdparty.io.grpc.StatusRuntimeException: UNAVAILABLE: io exception
2019-06-14 09:04:21,616 INFO  impl.FollowerInfo (FollowerInfo.java:lambda$new$0(50)) - 18ae2fde-5dc6-4cdf-9311-608733cc9025->ace3d32f-380b-4ca3-aa77-a2fbf0181366: nextIndex: updateUnconditionally 0 -> 0
2019-06-14 09:04:22,057 WARN  server.GrpcLogAppender (LogUtils.java:warn(134)) - 18ae2fde-5dc6-4cdf-9311-608733cc9025: Failed appendEntries to 9e3f1b17-73ea-4581-8638-5095590032ec:192.168.105.147:45977: org.apache.ratis.thirdparty.io.grpc.StatusRuntimeException: UNAVAILABLE: io exception
2019-06-14 09:04:22,057 INFO  impl.FollowerInfo (FollowerInfo.java:lambda$new$0(50)) - 18ae2fde-5dc6-4cdf-9311-608733cc9025->9e3f1b17-73ea-4581-8638-5095590032ec: nextIndex: updateUnconditionally 0 -> 0
2019-06-14 09:04:22,116 WARN  server.GrpcLogAppender (LogUtils.java:warn(134)) - 18ae2fde-5dc6-4cdf-9311-608733cc9025: Failed appendEntries to ace3d32f-380b-4ca3-aa77-a2fbf0181366:192.168.105.147:39167: org.apache.ratis.thirdparty.io.grpc.StatusRuntimeException: UNAVAILABLE: io exception
2019-06-14 09:04:22,116 INFO  impl.FollowerInfo (FollowerInfo.java:lambda$new$0(50)) - 18ae2fde-5dc6-4cdf-9311-608733cc9025->ace3d32f-380b-4ca3-aa77-a2fbf0181366: nextIndex: updateUnconditionally 0 -> 0
2019-06-14 09:04:22,557 WARN  server.GrpcLogAppender (LogUtils.java:warn(134)) - 18ae2fde-5dc6-4cdf-9311-608733cc9025: Failed appendEntries to 9e3f1b17-73ea-4581-8638-5095590032ec:192.168.105.147:45977: org.apache.ratis.thirdparty.io.grpc.StatusRuntimeException: UNAVAILABLE: io exception
2019-06-14 09:04:22,557 INFO  impl.FollowerInfo (FollowerInfo.java:lambda$new$0(50)) - 18ae2fde-5dc6-4cdf-9311-608733cc9025->9e3f1b17-73ea-4581-8638-5095590032ec: nextIndex: updateUnconditionally 0 -> 0
2019-06-14 09:04:22,617 WARN  server.GrpcLogAppender (LogUtils.java:warn(134)) - 18ae2fde-5dc6-4cdf-9311-608733cc9025: Failed appendEntries to ace3d32f-380b-4ca3-aa77-a2fbf0181366:192.168.105.147:39167: org.apache.ratis.thirdparty.io.grpc.StatusRuntimeException: UNAVAILABLE: io exception
2019-06-14 09:04:22,617 INFO  impl.FollowerInfo (FollowerInfo.java:lambda$new$0(50)) - 18ae2fde-5dc6-4cdf-9311-608733cc9025->ace3d32f-380b-4ca3-aa77-a2fbf0181366: nextIndex: updateUnconditionally 0 -> 0
2019-06-14 09:04:23,058 WARN  server.GrpcLogAppender (LogUtils.java:warn(134)) - 18ae2fde-5dc6-4cdf-9311-608733cc9025: Failed appendEntries to 9e3f1b17-73ea-4581-8638-5095590032ec:192.168.105.147:45977: org.apache.ratis.thirdparty.io.grpc.StatusRuntimeException: UNAVAILABLE: io exception
2019-06-14 09:04:23,058 INFO  impl.FollowerInfo (FollowerInfo.java:lambda$new$0(50)) - 18ae2fde-5dc6-4cdf-9311-608733cc9025->9e3f1b17-73ea-4581-8638-5095590032ec: nextIndex: updateUnconditionally 0 -> 0
2019-06-14 09:04:23,119 WARN  server.GrpcLogAppender (LogUtils.java:warn(134)) - 18ae2fde-5dc6-4cdf-9311-608733cc9025: Failed appendEntries to ace3d32f-380b-4ca3-aa77-a2fbf0181366:192.168.105.147:39167: org.apache.ratis.thirdparty.io.grpc.StatusRuntimeException: UNAVAILABLE: io exception
2019-06-14 09:04:23,120 INFO  impl.FollowerInfo (FollowerInfo.java:lambda$new$0(50)) - 18ae2fde-5dc6-4cdf-9311-608733cc9025->ace3d32f-380b-4ca3-aa77-a2fbf0181366: nextIndex: updateUnconditionally 0 -> 0
2019-06-14 09:04:23,558 WARN  server.GrpcLogAppender (LogUtils.java:warn(134)) - 18ae2fde-5dc6-4cdf-9311-608733cc9025: Failed appendEntries to 9e3f1b17-73ea-4581-8638-5095590032ec:192.168.105.147:45977: org.apache.ratis.thirdparty.io.grpc.StatusRuntimeException: UNAVAILABLE: io exception
2019-06-14 09:04:23,558 INFO  impl.FollowerInfo (FollowerInfo.java:lambda$new$0(50)) - 18ae2fde-5dc6-4cdf-9311-608733cc9025->9e3f1b17-73ea-4581-8638-5095590032ec: nextIndex: updateUnconditionally 0 -> 0
2019-06-14 09:04:23,619 WARN  server.GrpcLogAppender (LogUtils.java:warn(134)) - 18ae2fde-5dc6-4cdf-9311-608733cc9025: Failed appendEntries to ace3d32f-380b-4ca3-aa77-a2fbf0181366:192.168.105.147:39167: org.apache.ratis.thirdparty.io.grpc.StatusRuntimeException: UNAVAILABLE: io exception
2019-06-14 09:04:23,619 INFO  impl.FollowerInfo (FollowerInfo.java:lambda$new$0(50)) - 18ae2fde-5dc6-4cdf-9311-608733cc9025->ace3d32f-380b-4ca3-aa77-a2fbf0181366: nextIndex: updateUnconditionally 0 -> 0
2019-06-14 09:04:24,058 WARN  server.GrpcLogAppender (LogUtils.java:warn(134)) - 18ae2fde-5dc6-4cdf-9311-608733cc9025: Failed appendEntries to 9e3f1b17-73ea-4581-8638-5095590032ec:192.168.105.147:45977: org.apache.ratis.thirdparty.io.grpc.StatusRuntimeException: UNAVAILABLE: io exception
2019-06-14 09:04:24,058 INFO  impl.FollowerInfo (FollowerInfo.java:lambda$new$0(50)) - 18ae2fde-5dc6-4cdf-9311-608733cc9025->9e3f1b17-73ea-4581-8638-5095590032ec: nextIndex: updateUnconditionally 0 -> 0
2019-06-14 09:04:24,119 WARN  server.GrpcLogAppender (LogUtils.java:warn(134)) - 18ae2fde-5dc6-4cdf-9311-608733cc9025: Failed appendEntries to ace3d32f-380b-4ca3-aa77-a2fbf0181366:192.168.105.147:39167: org.apache.ratis.thirdparty.io.grpc.StatusRuntimeException: UNAVAILABLE: io exception
2019-06-14 09:04:24,120 INFO  impl.FollowerInfo (FollowerInfo.java:lambda$new$0(50)) - 18ae2fde-5dc6-4cdf-9311-608733cc9025->ace3d32f-380b-4ca3-aa77-a2fbf0181366: nextIndex: updateUnconditionally 0 -> 0
2019-06-14 09:04:24,559 WARN  server.GrpcLogAppender (LogUtils.java:warn(134)) - 18ae2fde-5dc6-4cdf-9311-608733cc9025: Failed appendEntries to 9e3f1b17-73ea-4581-8638-5095590032ec:192.168.105.147:45977: org.apache.ratis.thirdparty.io.grpc.StatusRuntimeException: UNAVAILABLE: io exception
2019-06-14 09:04:24,559 INFO  impl.FollowerInfo (FollowerInfo.java:lambda$new$0(50)) - 18ae2fde-5dc6-4cdf-9311-608733cc9025->9e3f1b17-73ea-4581-8638-5095590032ec: nextIndex: updateUnconditionally 0 -> 0
2019-06-14 09:04:24,620 WARN  server.GrpcLogAppender (LogUtils.java:warn(134)) - 18ae2fde-5dc6-4cdf-9311-608733cc9025: Failed appendEntries to ace3d32f-380b-4ca3-aa77-a2fbf0181366:192.168.105.147:39167: org.apache.ratis.thirdparty.io.grpc.StatusRuntimeException: UNAVAILABLE: io exception
2019-06-14 09:04:24,620 INFO  impl.FollowerInfo (FollowerInfo.java:lambda$new$0(50)) - 18ae2fde-5dc6-4cdf-9311-608733cc9025->ace3d32f-380b-4ca3-aa77-a2fbf0181366: nextIndex: updateUnconditionally 0 -> 0
2019-06-14 09:04:25,055 INFO  client.GrpcClientProtocolService (GrpcClientProtocolService.java:lambda$processClientRequest$0(264)) - Failed RaftClientRequest:client-6651A6AF17E3->18ae2fde-5dc6-4cdf-9311-608733cc9025@group-A76C031951A5, cid=68, seq=0, Watch-MAJORITY_COMMITTED(2), Message:<EMPTY>, reply=RaftClientReply:client-6651A6AF17E3->18ae2fde-5dc6-4cdf-9311-608733cc9025@group-A76C031951A5, cid=68, FAILED org.apache.ratis.protocol.NotReplicatedException: Request with call Id 68 and log index 2 is not yet replicated to MAJORITY_COMMITTED, logIndex=2, commits[18ae2fde-5dc6-4cdf-9311-608733cc9025:c2, ace3d32f-380b-4ca3-aa77-a2fbf0181366:c1, 9e3f1b17-73ea-4581-8638-5095590032ec:c1]
2019-06-14 09:04:25,059 WARN  server.GrpcLogAppender (LogUtils.java:warn(134)) - 18ae2fde-5dc6-4cdf-9311-608733cc9025: Failed appendEntries to 9e3f1b17-73ea-4581-8638-5095590032ec:192.168.105.147:45977: org.apache.ratis.thirdparty.io.grpc.StatusRuntimeException: UNAVAILABLE: io exception
2019-06-14 09:04:25,059 INFO  impl.FollowerInfo (FollowerInfo.java:lambda$new$0(50)) - 18ae2fde-5dc6-4cdf-9311-608733cc9025->9e3f1b17-73ea-4581-8638-5095590032ec: nextIndex: updateUnconditionally 0 -> 0
2019-06-14 09:04:25,120 WARN  server.GrpcLogAppender (LogUtils.java:warn(134)) - 18ae2fde-5dc6-4cdf-9311-608733cc9025: Failed appendEntries to ace3d32f-380b-4ca3-aa77-a2fbf0181366:192.168.105.147:39167: org.apache.ratis.thirdparty.io.grpc.StatusRuntimeException: UNAVAILABLE: io exception
2019-06-14 09:04:25,122 INFO  impl.FollowerInfo (FollowerInfo.java:lambda$new$0(50)) - 18ae2fde-5dc6-4cdf-9311-608733cc9025->ace3d32f-380b-4ca3-aa77-a2fbf0181366: nextIndex: updateUnconditionally 0 -> 0
2019-06-14 09:04:25,560 WARN  server.GrpcLogAppender (LogUtils.java:warn(134)) - 18ae2fde-5dc6-4cdf-9311-608733cc9025: Failed appendEntries to 9e3f1b17-73ea-4581-8638-5095590032ec:192.168.105.147:45977: org.apache.ratis.thirdparty.io.grpc.StatusRuntimeException: UNAVAILABLE: io exception
2019-06-14 09:04:25,560 INFO  impl.FollowerInfo (FollowerInfo.java:lambda$new$0(50)) - 18ae2fde-5dc6-4cdf-9311-608733cc9025->9e3f1b17-73ea-4581-8638-5095590032ec: nextIndex: updateUnconditionally 0 -> 0
2019-06-14 09:04:25,620 WARN  server.GrpcLogAppender (LogUtils.java:warn(134)) - 18ae2fde-5dc6-4cdf-9311-608733cc9025: Failed appendEntries to ace3d32f-380b-4ca3-aa77-a2fbf0181366:192.168.105.147:39167: org.apache.ratis.thirdparty.io.grpc.StatusRuntimeException: UNAVAILABLE: io exception
2019-06-14 09:04:25,621 INFO  impl.FollowerInfo (FollowerInfo.java:lambda$new$0(50)) - 18ae2fde-5dc6-4cdf-9311-608733cc9025->ace3d32f-380b-4ca3-aa77-a2fbf0181366: nextIndex: updateUnconditionally 0 -> 0
2019-06-14 09:04:26,060 WARN  server.GrpcLogAppender (LogUtils.java:warn(134)) - 18ae2fde-5dc6-4cdf-9311-608733cc9025: Failed appendEntries to 9e3f1b17-73ea-4581-8638-5095590032ec:192.168.105.147:45977: org.apache.ratis.thirdparty.io.grpc.StatusRuntimeException: UNAVAILABLE: io exception
2019-06-14 09:04:26,061 INFO  impl.FollowerInfo (FollowerInfo.java:lambda$new$0(50)) - 18ae2fde-5dc6-4cdf-9311-608733cc9025->9e3f1b17-73ea-4581-8638-5095590032ec: nextIndex: updateUnconditionally 0 -> 0
2019-06-14 09:04:26,121 WARN  server.GrpcLogAppender (LogUtils.java:warn(134)) - 18ae2fde-5dc6-4cdf-9311-608733cc9025: Failed appendEntries to ace3d32f-380b-4ca3-aa77-a2fbf0181366:192.168.105.147:39167: org.apache.ratis.thirdparty.io.grpc.StatusRuntimeException: UNAVAILABLE: io exception
2019-06-14 09:04:26,121 INFO  impl.FollowerInfo (FollowerInfo.java:lambda$new$0(50)) - 18ae2fde-5dc6-4cdf-9311-608733cc9025->ace3d32f-380b-4ca3-aa77-a2fbf0181366: nextIndex: updateUnconditionally 0 -> 0
2019-06-14 09:04:26,561 WARN  server.GrpcLogAppender (LogUtils.java:warn(134)) - 18ae2fde-5dc6-4cdf-9311-608733cc9025: Failed appendEntries to 9e3f1b17-73ea-4581-8638-5095590032ec:192.168.105.147:45977: org.apache.ratis.thirdparty.io.grpc.StatusRuntimeException: UNAVAILABLE: io exception
2019-06-14 09:04:26,561 INFO  impl.FollowerInfo (FollowerInfo.java:lambda$new$0(50)) - 18ae2fde-5dc6-4cdf-9311-608733cc9025->9e3f1b17-73ea-4581-8638-5095590032ec: nextIndex: updateUnconditionally 0 -> 0
2019-06-14 09:04:26,621 WARN  server.GrpcLogAppender (LogUtils.java:warn(134)) - 18ae2fde-5dc6-4cdf-9311-608733cc9025: Failed appendEntries to ace3d32f-380b-4ca3-aa77-a2fbf0181366:192.168.105.147:39167: org.apache.ratis.thirdparty.io.grpc.StatusRuntimeException: UNAVAILABLE: io exception
2019-06-14 09:04:26,621 INFO  impl.FollowerInfo (FollowerInfo.java:lambda$new$0(50)) - 18ae2fde-5dc6-4cdf-9311-608733cc9025->ace3d32f-380b-4ca3-aa77-a2fbf0181366: nextIndex: updateUnconditionally 0 -> 0
2019-06-14 09:04:27,061 WARN  server.GrpcLogAppender (LogUtils.java:warn(134)) - 18ae2fde-5dc6-4cdf-9311-608733cc9025: Failed appendEntries to 9e3f1b17-73ea-4581-8638-5095590032ec:192.168.105.147:45977: org.apache.ratis.thirdparty.io.grpc.StatusRuntimeException: UNAVAILABLE: io exception
2019-06-14 09:04:27,062 INFO  impl.FollowerInfo (FollowerInfo.java:lambda$new$0(50)) - 18ae2fde-5dc6-4cdf-9311-608733cc9025->9e3f1b17-73ea-4581-8638-5095590032ec: nextIndex: updateUnconditionally 0 -> 0
2019-06-14 09:04:27,122 WARN  server.GrpcLogAppender (LogUtils.java:warn(134)) - 18ae2fde-5dc6-4cdf-9311-608733cc9025: Failed appendEntries to ace3d32f-380b-4ca3-aa77-a2fbf0181366:192.168.105.147:39167: org.apache.ratis.thirdparty.io.grpc.StatusRuntimeException: UNAVAILABLE: io exception
2019-06-14 09:04:27,122 INFO  impl.FollowerInfo (FollowerInfo.java:lambda$new$0(50)) - 18ae2fde-5dc6-4cdf-9311-608733cc9025->ace3d32f-380b-4ca3-aa77-a2fbf0181366: nextIndex: updateUnconditionally 0 -> 0
2019-06-14 09:04:27,562 WARN  server.GrpcLogAppender (LogUtils.java:warn(134)) - 18ae2fde-5dc6-4cdf-9311-608733cc9025: Failed appendEntries to 9e3f1b17-73ea-4581-8638-5095590032ec:192.168.105.147:45977: org.apache.ratis.thirdparty.io.grpc.StatusRuntimeException: UNAVAILABLE: io exception
2019-06-14 09:04:27,562 INFO  impl.FollowerInfo (FollowerInfo.java:lambda$new$0(50)) - 18ae2fde-5dc6-4cdf-9311-608733cc9025->9e3f1b17-73ea-4581-8638-5095590032ec: nextIndex: updateUnconditionally 0 -> 0
2019-06-14 09:04:27,622 WARN  server.GrpcLogAppender (LogUtils.java:warn(134)) - 18ae2fde-5dc6-4cdf-9311-608733cc9025: Failed appendEntries to ace3d32f-380b-4ca3-aa77-a2fbf0181366:192.168.105.147:39167: org.apache.ratis.thirdparty.io.grpc.StatusRuntimeException: UNAVAILABLE: io exception
2019-06-14 09:04:27,622 INFO  impl.FollowerInfo (FollowerInfo.java:lambda$new$0(50)) - 18ae2fde-5dc6-4cdf-9311-608733cc9025->ace3d32f-380b-4ca3-aa77-a2fbf0181366: nextIndex: updateUnconditionally 0 -> 0
2019-06-14 09:04:28,062 WARN  server.GrpcLogAppender (LogUtils.java:warn(134)) - 18ae2fde-5dc6-4cdf-9311-608733cc9025: Failed appendEntries to 9e3f1b17-73ea-4581-8638-5095590032ec:192.168.105.147:45977: org.apache.ratis.thirdparty.io.grpc.StatusRuntimeException: UNAVAILABLE: io exception
2019-06-14 09:04:28,062 INFO  impl.FollowerInfo (FollowerInfo.java:lambda$new$0(50)) - 18ae2fde-5dc6-4cdf-9311-608733cc9025->9e3f1b17-73ea-4581-8638-5095590032ec: nextIndex: updateUnconditionally 0 -> 0
2019-06-14 09:04:28,123 WARN  server.GrpcLogAppender (LogUtils.java:warn(134)) - 18ae2fde-5dc6-4cdf-9311-608733cc9025: Failed appendEntries to ace3d32f-380b-4ca3-aa77-a2fbf0181366:192.168.105.147:39167: org.apache.ratis.thirdparty.io.grpc.StatusRuntimeException: UNAVAILABLE: io exception
2019-06-14 09:04:28,123 INFO  impl.FollowerInfo (FollowerInfo.java:lambda$new$0(50)) - 18ae2fde-5dc6-4cdf-9311-608733cc9025->ace3d32f-380b-4ca3-aa77-a2fbf0181366: nextIndex: updateUnconditionally 0 -> 0
2019-06-14 09:04:28,563 WARN  server.GrpcLogAppender (LogUtils.java:warn(134)) - 18ae2fde-5dc6-4cdf-9311-608733cc9025: Failed appendEntries to 9e3f1b17-73ea-4581-8638-5095590032ec:192.168.105.147:45977: org.apache.ratis.thirdparty.io.grpc.StatusRuntimeException: UNAVAILABLE: io exception
2019-06-14 09:04:28,563 INFO  impl.FollowerInfo (FollowerInfo.java:lambda$new$0(50)) - 18ae2fde-5dc6-4cdf-9311-608733cc9025->9e3f1b17-73ea-4581-8638-5095590032ec: nextIndex: updateUnconditionally 0 -> 0
2019-06-14 09:04:28,623 WARN  server.GrpcLogAppender (LogUtils.java:warn(134)) - 18ae2fde-5dc6-4cdf-9311-608733cc9025: Failed appendEntries to ace3d32f-380b-4ca3-aa77-a2fbf0181366:192.168.105.147:39167: org.apache.ratis.thirdparty.io.grpc.StatusRuntimeException: UNAVAILABLE: io exception
2019-06-14 09:04:28,623 INFO  impl.FollowerInfo (FollowerInfo.java:lambda$new$0(50)) - 18ae2fde-5dc6-4cdf-9311-608733cc9025->ace3d32f-380b-4ca3-aa77-a2fbf0181366: nextIndex: updateUnconditionally 0 -> 0
2019-06-14 09:04:29,063 WARN  server.GrpcLogAppender (LogUtils.java:warn(134)) - 18ae2fde-5dc6-4cdf-9311-608733cc9025: Failed appendEntries to 9e3f1b17-73ea-4581-8638-5095590032ec:192.168.105.147:45977: org.apache.ratis.thirdparty.io.grpc.StatusRuntimeException: UNAVAILABLE: io exception
2019-06-14 09:04:29,063 INFO  impl.FollowerInfo (FollowerInfo.java:lambda$new$0(50)) - 18ae2fde-5dc6-4cdf-9311-608733cc9025->9e3f1b17-73ea-4581-8638-5095590032ec: nextIndex: updateUnconditionally 0 -> 0
2019-06-14 09:04:29,123 WARN  server.GrpcLogAppender (LogUtils.java:warn(134)) - 18ae2fde-5dc6-4cdf-9311-608733cc9025: Failed appendEntries to ace3d32f-380b-4ca3-aa77-a2fbf0181366:192.168.105.147:39167: org.apache.ratis.thirdparty.io.grpc.StatusRuntimeException: UNAVAILABLE: io exception
2019-06-14 09:04:29,123 INFO  impl.FollowerInfo (FollowerInfo.java:lambda$new$0(50)) - 18ae2fde-5dc6-4cdf-9311-608733cc9025->ace3d32f-380b-4ca3-aa77-a2fbf0181366: nextIndex: updateUnconditionally 0 -> 0
2019-06-14 09:04:29,563 WARN  server.GrpcLogAppender (LogUtils.java:warn(134)) - 18ae2fde-5dc6-4cdf-9311-608733cc9025: Failed appendEntries to 9e3f1b17-73ea-4581-8638-5095590032ec:192.168.105.147:45977: org.apache.ratis.thirdparty.io.grpc.StatusRuntimeException: UNAVAILABLE: io exception
2019-06-14 09:04:29,564 INFO  impl.FollowerInfo (FollowerInfo.java:lambda$new$0(50)) - 18ae2fde-5dc6-4cdf-9311-608733cc9025->9e3f1b17-73ea-4581-8638-5095590032ec: nextIndex: updateUnconditionally 0 -> 0
2019-06-14 09:04:29,624 WARN  server.GrpcLogAppender (LogUtils.java:warn(134)) - 18ae2fde-5dc6-4cdf-9311-608733cc9025: Failed appendEntries to ace3d32f-380b-4ca3-aa77-a2fbf0181366:192.168.105.147:39167: org.apache.ratis.thirdparty.io.grpc.StatusRuntimeException: UNAVAILABLE: io exception
2019-06-14 09:04:29,624 INFO  impl.FollowerInfo (FollowerInfo.java:lambda$new$0(50)) - 18ae2fde-5dc6-4cdf-9311-608733cc9025->ace3d32f-380b-4ca3-aa77-a2fbf0181366: nextIndex: updateUnconditionally 0 -> 0
]]></system-out>
    <system-err><![CDATA[Jun 14, 2019 9:03:43 AM com.sun.jersey.server.impl.application.WebApplicationImpl _initiate
INFO: Initiating Jersey application, version 'Jersey: 1.19 02/11/2015 03:25 AM'
Jun 14, 2019 9:03:43 AM com.sun.jersey.server.impl.application.WebApplicationImpl _initiate
INFO: Initiating Jersey application, version 'Jersey: 1.19 02/11/2015 03:25 AM'
Jun 14, 2019 9:03:43 AM com.sun.jersey.server.impl.application.WebApplicationImpl _initiate
INFO: Initiating Jersey application, version 'Jersey: 1.19 02/11/2015 03:25 AM'
Jun 14, 2019 9:03:43 AM com.sun.jersey.server.impl.application.WebApplicationImpl _initiate
INFO: Initiating Jersey application, version 'Jersey: 1.19 02/11/2015 03:25 AM'
Jun 14, 2019 9:03:44 AM com.sun.jersey.server.impl.application.WebApplicationImpl _initiate
INFO: Initiating Jersey application, version 'Jersey: 1.19 02/11/2015 03:25 AM'
Jun 14, 2019 9:03:44 AM com.sun.jersey.server.impl.application.WebApplicationImpl _initiate
INFO: Initiating Jersey application, version 'Jersey: 1.19 02/11/2015 03:25 AM'
Jun 14, 2019 9:03:44 AM com.sun.jersey.server.impl.application.WebApplicationImpl _initiate
INFO: Initiating Jersey application, version 'Jersey: 1.19 02/11/2015 03:25 AM'
]]></system-err>
  </testcase>
  <testcase name="testWatchForCommitForGroupMismatchException" classname="org.apache.hadoop.ozone.client.rpc.TestWatchForCommit" time="7.976"/>
  <testcase name="test2WayCommitForTimeoutException" classname="org.apache.hadoop.ozone.client.rpc.TestWatchForCommit" time="14.075"/>
  <testcase name="test2WayCommitForRetryfailure" classname="org.apache.hadoop.ozone.client.rpc.TestWatchForCommit" time="28.88"/>
</testsuite>