<?xml version="1.0" encoding="UTF-8"?>
<testsuite xmlns:xsi="http://www.w3.org/2001/XMLSchema-instance" xsi:noNamespaceSchemaLocation="https://maven.apache.org/surefire/maven-surefire-plugin/xsd/surefire-test-report.xsd" name="org.apache.hadoop.ozone.container.common.statemachine.commandhandler.TestBlockDeletion" time="59.005" tests="1" errors="0" skipped="0" failures="1">
  <properties>
    <property name="awt.toolkit" value="sun.awt.X11.XToolkit"/>
    <property name="file.encoding.pkg" value="sun.io"/>
    <property name="java.specification.version" value="1.8"/>
    <property name="sun.cpu.isalist" value=""/>
    <property name="sun.jnu.encoding" value="UTF-8"/>
    <property name="java.class.path" value="/opt/src/hadoop-ozone/integration-test/target/test-classes:/opt/src/hadoop-ozone/integration-test/target/classes:/root/.m2/repository/org/apache/hadoop/hadoop-ozone-common/0.5.0-SNAPSHOT/hadoop-ozone-common-0.5.0-SNAPSHOT.jar:/root/.m2/repository/org/apache/commons/commons-compress/1.4.1/commons-compress-1.4.1.jar:/root/.m2/repository/org/tukaani/xz/1.0/xz-1.0.jar:/root/.m2/repository/org/apache/hadoop/hadoop-common/3.2.0/hadoop-common-3.2.0.jar:/root/.m2/repository/org/apache/hadoop/hadoop-hdfs/3.2.0/hadoop-hdfs-3.2.0.jar:/root/.m2/repository/org/apache/hadoop/hadoop-hdfs-client/3.2.0/hadoop-hdfs-client-3.2.0.jar:/root/.m2/repository/com/fasterxml/jackson/core/jackson-annotations/2.9.5/jackson-annotations-2.9.5.jar:/root/.m2/repository/org/apache/hadoop/hadoop-hdds-common/0.5.0-SNAPSHOT/hadoop-hdds-common-0.5.0-SNAPSHOT.jar:/root/.m2/repository/javax/annotation/javax.annotation-api/1.2/javax.annotation-api-1.2.jar:/root/.m2/repository/org/apache/ratis/ratis-server/0.4.0-fe2b15d-SNAPSHOT/ratis-server-0.4.0-fe2b15d-SNAPSHOT.jar:/root/.m2/repository/org/apache/ratis/ratis-thirdparty-misc/0.2.0/ratis-thirdparty-misc-0.2.0.jar:/root/.m2/repository/org/apache/ratis/ratis-proto/0.4.0-fe2b15d-SNAPSHOT/ratis-proto-0.4.0-fe2b15d-SNAPSHOT.jar:/root/.m2/repository/org/apache/ratis/ratis-common/0.4.0-fe2b15d-SNAPSHOT/ratis-common-0.4.0-fe2b15d-SNAPSHOT.jar:/root/.m2/repository/org/apache/ratis/ratis-client/0.4.0-fe2b15d-SNAPSHOT/ratis-client-0.4.0-fe2b15d-SNAPSHOT.jar:/root/.m2/repository/org/apache/ratis/ratis-netty/0.4.0-fe2b15d-SNAPSHOT/ratis-netty-0.4.0-fe2b15d-SNAPSHOT.jar:/root/.m2/repository/org/apache/ratis/ratis-grpc/0.4.0-fe2b15d-SNAPSHOT/ratis-grpc-0.4.0-fe2b15d-SNAPSHOT.jar:/root/.m2/repository/org/rocksdb/rocksdbjni/5.14.2/rocksdbjni-5.14.2.jar:/root/.m2/repository/org/apache/logging/log4j/log4j-api/2.11.0/log4j-api-2.11.0.jar:/root/.m2/repository/org/apache/logging/log4j/log4j-core/2.11.0/log4j-core-2.11.0.jar:/root/.m2/repository/com/lmax/disruptor/3.4.2/disruptor-3.4.2.jar:/root/.m2/repository/org/apache/commons/commons-pool2/2.6.0/commons-pool2-2.6.0.jar:/root/.m2/repository/org/bouncycastle/bcpkix-jdk15on/1.60/bcpkix-jdk15on-1.60.jar:/root/.m2/repository/commons-validator/commons-validator/1.6/commons-validator-1.6.jar:/root/.m2/repository/commons-digester/commons-digester/1.8.1/commons-digester-1.8.1.jar:/root/.m2/repository/io/jaegertracing/jaeger-client/0.33.1/jaeger-client-0.33.1.jar:/root/.m2/repository/io/jaegertracing/jaeger-thrift/0.33.1/jaeger-thrift-0.33.1.jar:/root/.m2/repository/org/apache/thrift/libthrift/0.11.0/libthrift-0.11.0.jar:/root/.m2/repository/com/squareup/okhttp3/okhttp/3.9.0/okhttp-3.9.0.jar:/root/.m2/repository/com/squareup/okio/okio/1.13.0/okio-1.13.0.jar:/root/.m2/repository/io/jaegertracing/jaeger-core/0.33.1/jaeger-core-0.33.1.jar:/root/.m2/repository/io/jaegertracing/jaeger-tracerresolver/0.33.1/jaeger-tracerresolver-0.33.1.jar:/root/.m2/repository/io/opentracing/contrib/opentracing-tracerresolver/0.1.5/opentracing-tracerresolver-0.1.5.jar:/root/.m2/repository/io/opentracing/opentracing-util/0.31.0/opentracing-util-0.31.0.jar:/root/.m2/repository/io/opentracing/opentracing-api/0.31.0/opentracing-api-0.31.0.jar:/root/.m2/repository/io/opentracing/opentracing-noop/0.31.0/opentracing-noop-0.31.0.jar:/root/.m2/repository/org/apache/hadoop/hadoop-hdds-server-framework/0.5.0-SNAPSHOT/hadoop-hdds-server-framework-0.5.0-SNAPSHOT.jar:/root/.m2/repository/org/apache/hadoop/hadoop-hdds-server-scm/0.5.0-SNAPSHOT/hadoop-hdds-server-scm-0.5.0-SNAPSHOT.jar:/root/.m2/repository/org/apache/hadoop/hadoop-hdds-container-service/0.5.0-SNAPSHOT/hadoop-hdds-container-service-0.5.0-SNAPSHOT.jar:/root/.m2/repository/org/apache/hadoop/hadoop-hdds-client/0.5.0-SNAPSHOT/hadoop-hdds-client-0.5.0-SNAPSHOT.jar:/root/.m2/repository/org/apache/hadoop/hadoop-hdds-tools/0.5.0-SNAPSHOT/hadoop-hdds-tools-0.5.0-SNAPSHOT.jar:/root/.m2/repository/org/apache/hadoop/hadoop-ozone-ozone-manager/0.5.0-SNAPSHOT/hadoop-ozone-ozone-manager-0.5.0-SNAPSHOT.jar:/root/.m2/repository/org/apache/hadoop/hadoop-hdds-docs/0.5.0-SNAPSHOT/hadoop-hdds-docs-0.5.0-SNAPSHOT.jar:/root/.m2/repository/org/bouncycastle/bcprov-jdk15on/1.60/bcprov-jdk15on-1.60.jar:/root/.m2/repository/org/apache/hadoop/hadoop-minikdc/3.2.0/hadoop-minikdc-3.2.0.jar:/root/.m2/repository/commons-io/commons-io/2.5/commons-io-2.5.jar:/root/.m2/repository/org/apache/kerby/kerb-simplekdc/1.0.1/kerb-simplekdc-1.0.1.jar:/root/.m2/repository/org/apache/kerby/kerb-client/1.0.1/kerb-client-1.0.1.jar:/root/.m2/repository/org/apache/kerby/kerby-config/1.0.1/kerby-config-1.0.1.jar:/root/.m2/repository/org/apache/kerby/kerb-core/1.0.1/kerb-core-1.0.1.jar:/root/.m2/repository/org/apache/kerby/kerby-pkix/1.0.1/kerby-pkix-1.0.1.jar:/root/.m2/repository/org/apache/kerby/kerby-asn1/1.0.1/kerby-asn1-1.0.1.jar:/root/.m2/repository/org/apache/kerby/kerby-util/1.0.1/kerby-util-1.0.1.jar:/root/.m2/repository/org/apache/kerby/kerb-common/1.0.1/kerb-common-1.0.1.jar:/root/.m2/repository/org/apache/kerby/kerb-crypto/1.0.1/kerb-crypto-1.0.1.jar:/root/.m2/repository/org/apache/kerby/kerb-util/1.0.1/kerb-util-1.0.1.jar:/root/.m2/repository/org/apache/kerby/token-provider/1.0.1/token-provider-1.0.1.jar:/root/.m2/repository/org/apache/kerby/kerb-admin/1.0.1/kerb-admin-1.0.1.jar:/root/.m2/repository/org/apache/kerby/kerb-server/1.0.1/kerb-server-1.0.1.jar:/root/.m2/repository/org/apache/kerby/kerb-identity/1.0.1/kerb-identity-1.0.1.jar:/root/.m2/repository/org/apache/kerby/kerby-xdr/1.0.1/kerby-xdr-1.0.1.jar:/root/.m2/repository/org/slf4j/slf4j-log4j12/1.7.25/slf4j-log4j12-1.7.25.jar:/root/.m2/repository/org/apache/hadoop/hadoop-ozone-objectstore-service/0.5.0-SNAPSHOT/hadoop-ozone-objectstore-service-0.5.0-SNAPSHOT.jar:/root/.m2/repository/org/apache/hadoop/hadoop-ozone-s3gateway/0.5.0-SNAPSHOT/hadoop-ozone-s3gateway-0.5.0-SNAPSHOT.jar:/root/.m2/repository/org/jboss/weld/servlet/weld-servlet/2.4.7.Final/weld-servlet-2.4.7.Final.jar:/root/.m2/repository/org/glassfish/jersey/containers/jersey-container-servlet-core/2.27/jersey-container-servlet-core-2.27.jar:/root/.m2/repository/org/glassfish/hk2/external/javax.inject/2.5.0-b42/javax.inject-2.5.0-b42.jar:/root/.m2/repository/org/glassfish/jersey/core/jersey-common/2.27/jersey-common-2.27.jar:/root/.m2/repository/org/glassfish/hk2/osgi-resource-locator/1.0.1/osgi-resource-locator-1.0.1.jar:/root/.m2/repository/javax/ws/rs/javax.ws.rs-api/2.1/javax.ws.rs-api-2.1.jar:/root/.m2/repository/org/glassfish/jersey/ext/cdi/jersey-cdi1x/2.27/jersey-cdi1x-2.27.jar:/root/.m2/repository/org/glassfish/jersey/inject/jersey-hk2/2.27/jersey-hk2-2.27.jar:/root/.m2/repository/org/glassfish/hk2/hk2-locator/2.5.0-b42/hk2-locator-2.5.0-b42.jar:/root/.m2/repository/org/javassist/javassist/3.22.0-CR2/javassist-3.22.0-CR2.jar:/root/.m2/repository/org/glassfish/hk2/hk2-api/2.5.0/hk2-api-2.5.0.jar:/root/.m2/repository/org/glassfish/hk2/external/jakarta.inject/2.5.0/jakarta.inject-2.5.0.jar:/root/.m2/repository/org/glassfish/hk2/hk2-utils/2.5.0/hk2-utils-2.5.0.jar:/root/.m2/repository/jakarta/annotation/jakarta.annotation-api/1.3.4/jakarta.annotation-api-1.3.4.jar:/root/.m2/repository/org/glassfish/hk2/external/aopalliance-repackaged/2.5.0/aopalliance-repackaged-2.5.0.jar:/root/.m2/repository/com/fasterxml/jackson/dataformat/jackson-dataformat-xml/2.9.0/jackson-dataformat-xml-2.9.0.jar:/root/.m2/repository/com/fasterxml/jackson/core/jackson-core/2.9.5/jackson-core-2.9.5.jar:/root/.m2/repository/com/fasterxml/jackson/module/jackson-module-jaxb-annotations/2.9.5/jackson-module-jaxb-annotations-2.9.5.jar:/root/.m2/repository/javax/enterprise/cdi-api/1.2/cdi-api-1.2.jar:/root/.m2/repository/javax/el/javax.el-api/3.0.0/javax.el-api-3.0.0.jar:/root/.m2/repository/javax/interceptor/javax.interceptor-api/1.2/javax.interceptor-api-1.2.jar:/root/.m2/repository/javax/inject/javax.inject/1/javax.inject-1.jar:/root/.m2/repository/com/sun/xml/bind/jaxb-impl/2.3.0.1/jaxb-impl-2.3.0.1.jar:/root/.m2/repository/com/sun/xml/bind/jaxb-core/2.3.0.1/jaxb-core-2.3.0.1.jar:/root/.m2/repository/javax/xml/bind/jaxb-api/2.3.0/jaxb-api-2.3.0.jar:/root/.m2/repository/javax/activation/activation/1.1.1/activation-1.1.1.jar:/root/.m2/repository/org/apache/hadoop/hadoop-ozone-csi/0.5.0-SNAPSHOT/hadoop-ozone-csi-0.5.0-SNAPSHOT.jar:/root/.m2/repository/com/google/protobuf/protobuf-java-util/3.5.1/protobuf-java-util-3.5.1.jar:/root/.m2/repository/org/apache/hadoop/hadoop-hdds-config/0.5.0-SNAPSHOT/hadoop-hdds-config-0.5.0-SNAPSHOT.jar:/root/.m2/repository/com/google/guava/guava/11.0.2/guava-11.0.2.jar:/root/.m2/repository/com/google/protobuf/protobuf-java/2.5.0/protobuf-java-2.5.0.jar:/root/.m2/repository/io/grpc/grpc-netty/1.17.1/grpc-netty-1.17.1.jar:/root/.m2/repository/io/grpc/grpc-core/1.17.1/grpc-core-1.17.1.jar:/root/.m2/repository/io/grpc/grpc-context/1.17.1/grpc-context-1.17.1.jar:/root/.m2/repository/com/google/errorprone/error_prone_annotations/2.2.0/error_prone_annotations-2.2.0.jar:/root/.m2/repository/org/codehaus/mojo/animal-sniffer-annotations/1.17/animal-sniffer-annotations-1.17.jar:/root/.m2/repository/io/opencensus/opencensus-api/0.17.0/opencensus-api-0.17.0.jar:/root/.m2/repository/io/opencensus/opencensus-contrib-grpc-metrics/0.17.0/opencensus-contrib-grpc-metrics-0.17.0.jar:/root/.m2/repository/io/netty/netty-codec-http2/4.1.30.Final/netty-codec-http2-4.1.30.Final.jar:/root/.m2/repository/io/netty/netty-codec-http/4.1.30.Final/netty-codec-http-4.1.30.Final.jar:/root/.m2/repository/io/netty/netty-codec/4.1.30.Final/netty-codec-4.1.30.Final.jar:/root/.m2/repository/io/netty/netty-handler/4.1.30.Final/netty-handler-4.1.30.Final.jar:/root/.m2/repository/io/netty/netty-handler-proxy/4.1.30.Final/netty-handler-proxy-4.1.30.Final.jar:/root/.m2/repository/io/netty/netty-codec-socks/4.1.30.Final/netty-codec-socks-4.1.30.Final.jar:/root/.m2/repository/io/netty/netty-transport-native-epoll/4.1.30.Final/netty-transport-native-epoll-4.1.30.Final.jar:/root/.m2/repository/io/netty/netty-common/4.1.30.Final/netty-common-4.1.30.Final.jar:/root/.m2/repository/io/netty/netty-buffer/4.1.30.Final/netty-buffer-4.1.30.Final.jar:/root/.m2/repository/io/netty/netty-transport/4.1.30.Final/netty-transport-4.1.30.Final.jar:/root/.m2/repository/io/netty/netty-resolver/4.1.30.Final/netty-resolver-4.1.30.Final.jar:/root/.m2/repository/io/netty/netty-transport-native-unix-common/4.1.30.Final/netty-transport-native-unix-common-4.1.30.Final.jar:/root/.m2/repository/io/grpc/grpc-protobuf/1.17.1/grpc-protobuf-1.17.1.jar:/root/.m2/repository/com/google/api/grpc/proto-google-common-protos/1.0.0/proto-google-common-protos-1.0.0.jar:/root/.m2/repository/io/grpc/grpc-protobuf-lite/1.17.1/grpc-protobuf-lite-1.17.1.jar:/root/.m2/repository/io/grpc/grpc-stub/1.17.1/grpc-stub-1.17.1.jar:/root/.m2/repository/org/apache/hadoop/hadoop-ozone-recon/0.5.0-SNAPSHOT/hadoop-ozone-recon-0.5.0-SNAPSHOT.jar:/root/.m2/repository/org/apache/hadoop/hadoop-ozone-reconcodegen/0.5.0-SNAPSHOT/hadoop-ozone-reconcodegen-0.5.0-SNAPSHOT.jar:/root/.m2/repository/com/google/inject/extensions/guice-multibindings/4.0/guice-multibindings-4.0.jar:/root/.m2/repository/com/google/inject/guice/4.0/guice-4.0.jar:/root/.m2/repository/aopalliance/aopalliance/1.0/aopalliance-1.0.jar:/root/.m2/repository/com/google/inject/extensions/guice-servlet/4.0/guice-servlet-4.0.jar:/root/.m2/repository/org/glassfish/jersey/containers/jersey-container-servlet/2.27/jersey-container-servlet-2.27.jar:/root/.m2/repository/org/glassfish/hk2/guice-bridge/2.5.0/guice-bridge-2.5.0.jar:/root/.m2/repository/org/glassfish/jersey/core/jersey-server/2.27/jersey-server-2.27.jar:/root/.m2/repository/org/glassfish/jersey/core/jersey-client/2.27/jersey-client-2.27.jar:/root/.m2/repository/org/glassfish/jersey/media/jersey-media-jaxb/2.27/jersey-media-jaxb-2.27.jar:/root/.m2/repository/javax/validation/validation-api/1.1.0.Final/validation-api-1.1.0.Final.jar:/root/.m2/repository/org/glassfish/jersey/media/jersey-media-json-jackson/2.27/jersey-media-json-jackson-2.27.jar:/root/.m2/repository/org/glassfish/jersey/ext/jersey-entity-filtering/2.27/jersey-entity-filtering-2.27.jar:/root/.m2/repository/com/google/inject/extensions/guice-assistedinject/4.0/guice-assistedinject-4.0.jar:/root/.m2/repository/org/jooq/jooq/3.11.10/jooq-3.11.10.jar:/root/.m2/repository/org/jooq/jooq-meta/3.11.10/jooq-meta-3.11.10.jar:/root/.m2/repository/org/jooq/jooq-codegen/3.11.10/jooq-codegen-3.11.10.jar:/root/.m2/repository/com/jolbox/bonecp/0.8.0.RELEASE/bonecp-0.8.0.RELEASE.jar:/root/.m2/repository/org/xerial/sqlite-jdbc/3.25.2/sqlite-jdbc-3.25.2.jar:/root/.m2/repository/org/springframework/spring-jdbc/5.1.3.RELEASE/spring-jdbc-5.1.3.RELEASE.jar:/root/.m2/repository/org/springframework/spring-beans/5.1.3.RELEASE/spring-beans-5.1.3.RELEASE.jar:/root/.m2/repository/org/springframework/spring-core/5.1.3.RELEASE/spring-core-5.1.3.RELEASE.jar:/root/.m2/repository/org/springframework/spring-jcl/5.1.3.RELEASE/spring-jcl-5.1.3.RELEASE.jar:/root/.m2/repository/org/springframework/spring-tx/5.1.3.RELEASE/spring-tx-5.1.3.RELEASE.jar:/root/.m2/repository/org/apache/hadoop/hadoop-ozone-client/0.5.0-SNAPSHOT/hadoop-ozone-client-0.5.0-SNAPSHOT.jar:/root/.m2/repository/org/apache/hadoop/hadoop-ozone-ozone-manager/0.5.0-SNAPSHOT/hadoop-ozone-ozone-manager-0.5.0-SNAPSHOT-tests.jar:/root/.m2/repository/junit/junit/4.11/junit-4.11.jar:/root/.m2/repository/org/hamcrest/hamcrest-core/1.3/hamcrest-core-1.3.jar:/root/.m2/repository/org/openjdk/jmh/jmh-core/1.19/jmh-core-1.19.jar:/root/.m2/repository/net/sf/jopt-simple/jopt-simple/4.6/jopt-simple-4.6.jar:/root/.m2/repository/org/apache/commons/commons-math3/3.1.1/commons-math3-3.1.1.jar:/root/.m2/repository/org/openjdk/jmh/jmh-generator-annprocess/1.19/jmh-generator-annprocess-1.19.jar:/root/.m2/repository/org/mockito/mockito-all/1.8.5/mockito-all-1.8.5.jar:/root/.m2/repository/org/apache/hadoop/hadoop-kms/3.2.0/hadoop-kms-3.2.0.jar:/root/.m2/repository/org/apache/hadoop/hadoop-auth/3.2.0/hadoop-auth-3.2.0.jar:/root/.m2/repository/com/nimbusds/nimbus-jose-jwt/4.41.1/nimbus-jose-jwt-4.41.1.jar:/root/.m2/repository/com/github/stephenc/jcip/jcip-annotations/1.0-1/jcip-annotations-1.0-1.jar:/root/.m2/repository/net/minidev/json-smart/2.3/json-smart-2.3.jar:/root/.m2/repository/net/minidev/accessors-smart/1.2/accessors-smart-1.2.jar:/root/.m2/repository/org/ow2/asm/asm/5.0.4/asm-5.0.4.jar:/root/.m2/repository/org/apache/curator/curator-framework/2.12.0/curator-framework-2.12.0.jar:/root/.m2/repository/com/sun/jersey/jersey-core/1.19/jersey-core-1.19.jar:/root/.m2/repository/javax/ws/rs/jsr311-api/1.1.1/jsr311-api-1.1.1.jar:/root/.m2/repository/com/sun/jersey/jersey-server/1.19/jersey-server-1.19.jar:/root/.m2/repository/javax/servlet/javax.servlet-api/3.1.0/javax.servlet-api-3.1.0.jar:/root/.m2/repository/org/eclipse/jetty/jetty-server/9.3.24.v20180605/jetty-server-9.3.24.v20180605.jar:/root/.m2/repository/org/eclipse/jetty/jetty-http/9.3.24.v20180605/jetty-http-9.3.24.v20180605.jar:/root/.m2/repository/org/eclipse/jetty/jetty-io/9.3.24.v20180605/jetty-io-9.3.24.v20180605.jar:/root/.m2/repository/org/eclipse/jetty/jetty-webapp/9.3.24.v20180605/jetty-webapp-9.3.24.v20180605.jar:/root/.m2/repository/org/eclipse/jetty/jetty-xml/9.3.24.v20180605/jetty-xml-9.3.24.v20180605.jar:/root/.m2/repository/log4j/log4j/1.2.17/log4j-1.2.17.jar:/root/.m2/repository/org/slf4j/slf4j-api/1.7.25/slf4j-api-1.7.25.jar:/root/.m2/repository/org/slf4j/jul-to-slf4j/1.7.25/jul-to-slf4j-1.7.25.jar:/root/.m2/repository/org/eclipse/jetty/jetty-util/9.3.24.v20180605/jetty-util-9.3.24.v20180605.jar:/root/.m2/repository/io/dropwizard/metrics/metrics-core/3.2.4/metrics-core-3.2.4.jar:/root/.m2/repository/com/fasterxml/jackson/core/jackson-databind/2.9.5/jackson-databind-2.9.5.jar:/root/.m2/repository/org/apache/hadoop/hadoop-kms/3.2.0/hadoop-kms-3.2.0-tests.jar:/root/.m2/repository/org/apache/hadoop/hadoop-hdds-server-scm/0.5.0-SNAPSHOT/hadoop-hdds-server-scm-0.5.0-SNAPSHOT-tests.jar:/root/.m2/repository/org/hamcrest/hamcrest-all/1.3/hamcrest-all-1.3.jar:/root/.m2/repository/info/picocli/picocli/3.9.6/picocli-3.9.6.jar:/root/.m2/repository/org/apache/hadoop/hadoop-hdds-container-service/0.5.0-SNAPSHOT/hadoop-hdds-container-service-0.5.0-SNAPSHOT-tests.jar:/root/.m2/repository/org/yaml/snakeyaml/1.16/snakeyaml-1.16.jar:/root/.m2/repository/org/apache/hadoop/hadoop-common/3.2.0/hadoop-common-3.2.0-tests.jar:/root/.m2/repository/org/apache/hadoop/hadoop-annotations/3.2.0/hadoop-annotations-3.2.0.jar:/usr/lib/jvm/java-1.8-openjdk/jre/../lib/tools.jar:/root/.m2/repository/commons-cli/commons-cli/1.2/commons-cli-1.2.jar:/root/.m2/repository/org/apache/httpcomponents/httpclient/4.5.2/httpclient-4.5.2.jar:/root/.m2/repository/org/apache/httpcomponents/httpcore/4.4.4/httpcore-4.4.4.jar:/root/.m2/repository/commons-codec/commons-codec/1.11/commons-codec-1.11.jar:/root/.m2/repository/commons-net/commons-net/3.6/commons-net-3.6.jar:/root/.m2/repository/commons-collections/commons-collections/3.2.2/commons-collections-3.2.2.jar:/root/.m2/repository/org/eclipse/jetty/jetty-servlet/9.3.24.v20180605/jetty-servlet-9.3.24.v20180605.jar:/root/.m2/repository/org/eclipse/jetty/jetty-security/9.3.24.v20180605/jetty-security-9.3.24.v20180605.jar:/root/.m2/repository/javax/servlet/jsp/jsp-api/2.1/jsp-api-2.1.jar:/root/.m2/repository/com/sun/jersey/jersey-servlet/1.19/jersey-servlet-1.19.jar:/root/.m2/repository/com/sun/jersey/jersey-json/1.19/jersey-json-1.19.jar:/root/.m2/repository/org/codehaus/jettison/jettison/1.1/jettison-1.1.jar:/root/.m2/repository/org/codehaus/jackson/jackson-core-asl/1.9.13/jackson-core-asl-1.9.13.jar:/root/.m2/repository/org/codehaus/jackson/jackson-mapper-asl/1.9.13/jackson-mapper-asl-1.9.13.jar:/root/.m2/repository/org/codehaus/jackson/jackson-jaxrs/1.9.13/jackson-jaxrs-1.9.13.jar:/root/.m2/repository/org/codehaus/jackson/jackson-xc/1.9.13/jackson-xc-1.9.13.jar:/root/.m2/repository/commons-logging/commons-logging/1.1.3/commons-logging-1.1.3.jar:/root/.m2/repository/commons-beanutils/commons-beanutils/1.9.3/commons-beanutils-1.9.3.jar:/root/.m2/repository/org/apache/commons/commons-configuration2/2.1.1/commons-configuration2-2.1.1.jar:/root/.m2/repository/org/apache/commons/commons-lang3/3.7/commons-lang3-3.7.jar:/root/.m2/repository/org/apache/commons/commons-text/1.4/commons-text-1.4.jar:/root/.m2/repository/org/apache/avro/avro/1.7.7/avro-1.7.7.jar:/root/.m2/repository/com/thoughtworks/paranamer/paranamer/2.3/paranamer-2.3.jar:/root/.m2/repository/org/xerial/snappy/snappy-java/1.0.5/snappy-java-1.0.5.jar:/root/.m2/repository/com/google/re2j/re2j/1.1/re2j-1.1.jar:/root/.m2/repository/com/google/code/gson/gson/2.2.4/gson-2.2.4.jar:/root/.m2/repository/com/jcraft/jsch/0.1.54/jsch-0.1.54.jar:/root/.m2/repository/org/apache/curator/curator-client/2.12.0/curator-client-2.12.0.jar:/root/.m2/repository/org/apache/curator/curator-recipes/2.12.0/curator-recipes-2.12.0.jar:/root/.m2/repository/com/google/code/findbugs/jsr305/3.0.0/jsr305-3.0.0.jar:/root/.m2/repository/org/apache/htrace/htrace-core4/4.1.0-incubating/htrace-core4-4.1.0-incubating.jar:/root/.m2/repository/org/apache/zookeeper/zookeeper/3.4.13/zookeeper-3.4.13.jar:/root/.m2/repository/org/apache/yetus/audience-annotations/0.5.0/audience-annotations-0.5.0.jar:/root/.m2/repository/org/codehaus/woodstox/stax2-api/3.1.4/stax2-api-3.1.4.jar:/root/.m2/repository/com/fasterxml/woodstox/woodstox-core/5.0.3/woodstox-core-5.0.3.jar:/root/.m2/repository/dnsjava/dnsjava/2.1.7/dnsjava-2.1.7.jar:/root/.m2/repository/org/apache/hadoop/hadoop-hdfs/3.2.0/hadoop-hdfs-3.2.0-tests.jar:/root/.m2/repository/org/eclipse/jetty/jetty-util-ajax/9.3.24.v20180605/jetty-util-ajax-9.3.24.v20180605.jar:/root/.m2/repository/commons-daemon/commons-daemon/1.0.13/commons-daemon-1.0.13.jar:/root/.m2/repository/io/netty/netty/3.10.5.Final/netty-3.10.5.Final.jar:/root/.m2/repository/io/netty/netty-all/4.0.52.Final/netty-all-4.0.52.Final.jar:/root/.m2/repository/org/fusesource/leveldbjni/leveldbjni-all/1.8/leveldbjni-all-1.8.jar:"/>
    <property name="java.vm.vendor" value="IcedTea"/>
    <property name="sun.arch.data.model" value="64"/>
    <property name="test.build.dir" value="/opt/src/hadoop-ozone/integration-test/target/test-dir"/>
    <property name="test.cache.data" value=""/>
    <property name="java.vendor.url" value="https://icedtea.classpath.org"/>
    <property name="user.timezone" value=""/>
    <property name="java.vm.specification.version" value="1.8"/>
    <property name="os.name" value="Linux"/>
    <property name="test.build.data" value="/opt/src/hadoop-ozone/integration-test/target/test-dir"/>
    <property name="user.country" value="US"/>
    <property name="sun.java.launcher" value="SUN_STANDARD"/>
    <property name="sun.boot.library.path" value="/usr/lib/jvm/java-1.8-openjdk/jre/lib/amd64"/>
    <property name="sun.java.command" value="/opt/src/hadoop-ozone/integration-test/target/surefire/surefirebooter5833839164965278804.jar /opt/src/hadoop-ozone/integration-test/target/surefire 2019-06-14T08-43-33_483-jvmRun1 surefire1290826327837500413tmp surefire_383537254515062722996tmp"/>
    <property name="surefire.test.class.path" value="/opt/src/hadoop-ozone/integration-test/target/test-classes:/opt/src/hadoop-ozone/integration-test/target/classes:/root/.m2/repository/org/apache/hadoop/hadoop-ozone-common/0.5.0-SNAPSHOT/hadoop-ozone-common-0.5.0-SNAPSHOT.jar:/root/.m2/repository/org/apache/commons/commons-compress/1.4.1/commons-compress-1.4.1.jar:/root/.m2/repository/org/tukaani/xz/1.0/xz-1.0.jar:/root/.m2/repository/org/apache/hadoop/hadoop-common/3.2.0/hadoop-common-3.2.0.jar:/root/.m2/repository/org/apache/hadoop/hadoop-hdfs/3.2.0/hadoop-hdfs-3.2.0.jar:/root/.m2/repository/org/apache/hadoop/hadoop-hdfs-client/3.2.0/hadoop-hdfs-client-3.2.0.jar:/root/.m2/repository/com/fasterxml/jackson/core/jackson-annotations/2.9.5/jackson-annotations-2.9.5.jar:/root/.m2/repository/org/apache/hadoop/hadoop-hdds-common/0.5.0-SNAPSHOT/hadoop-hdds-common-0.5.0-SNAPSHOT.jar:/root/.m2/repository/javax/annotation/javax.annotation-api/1.2/javax.annotation-api-1.2.jar:/root/.m2/repository/org/apache/ratis/ratis-server/0.4.0-fe2b15d-SNAPSHOT/ratis-server-0.4.0-fe2b15d-SNAPSHOT.jar:/root/.m2/repository/org/apache/ratis/ratis-thirdparty-misc/0.2.0/ratis-thirdparty-misc-0.2.0.jar:/root/.m2/repository/org/apache/ratis/ratis-proto/0.4.0-fe2b15d-SNAPSHOT/ratis-proto-0.4.0-fe2b15d-SNAPSHOT.jar:/root/.m2/repository/org/apache/ratis/ratis-common/0.4.0-fe2b15d-SNAPSHOT/ratis-common-0.4.0-fe2b15d-SNAPSHOT.jar:/root/.m2/repository/org/apache/ratis/ratis-client/0.4.0-fe2b15d-SNAPSHOT/ratis-client-0.4.0-fe2b15d-SNAPSHOT.jar:/root/.m2/repository/org/apache/ratis/ratis-netty/0.4.0-fe2b15d-SNAPSHOT/ratis-netty-0.4.0-fe2b15d-SNAPSHOT.jar:/root/.m2/repository/org/apache/ratis/ratis-grpc/0.4.0-fe2b15d-SNAPSHOT/ratis-grpc-0.4.0-fe2b15d-SNAPSHOT.jar:/root/.m2/repository/org/rocksdb/rocksdbjni/5.14.2/rocksdbjni-5.14.2.jar:/root/.m2/repository/org/apache/logging/log4j/log4j-api/2.11.0/log4j-api-2.11.0.jar:/root/.m2/repository/org/apache/logging/log4j/log4j-core/2.11.0/log4j-core-2.11.0.jar:/root/.m2/repository/com/lmax/disruptor/3.4.2/disruptor-3.4.2.jar:/root/.m2/repository/org/apache/commons/commons-pool2/2.6.0/commons-pool2-2.6.0.jar:/root/.m2/repository/org/bouncycastle/bcpkix-jdk15on/1.60/bcpkix-jdk15on-1.60.jar:/root/.m2/repository/commons-validator/commons-validator/1.6/commons-validator-1.6.jar:/root/.m2/repository/commons-digester/commons-digester/1.8.1/commons-digester-1.8.1.jar:/root/.m2/repository/io/jaegertracing/jaeger-client/0.33.1/jaeger-client-0.33.1.jar:/root/.m2/repository/io/jaegertracing/jaeger-thrift/0.33.1/jaeger-thrift-0.33.1.jar:/root/.m2/repository/org/apache/thrift/libthrift/0.11.0/libthrift-0.11.0.jar:/root/.m2/repository/com/squareup/okhttp3/okhttp/3.9.0/okhttp-3.9.0.jar:/root/.m2/repository/com/squareup/okio/okio/1.13.0/okio-1.13.0.jar:/root/.m2/repository/io/jaegertracing/jaeger-core/0.33.1/jaeger-core-0.33.1.jar:/root/.m2/repository/io/jaegertracing/jaeger-tracerresolver/0.33.1/jaeger-tracerresolver-0.33.1.jar:/root/.m2/repository/io/opentracing/contrib/opentracing-tracerresolver/0.1.5/opentracing-tracerresolver-0.1.5.jar:/root/.m2/repository/io/opentracing/opentracing-util/0.31.0/opentracing-util-0.31.0.jar:/root/.m2/repository/io/opentracing/opentracing-api/0.31.0/opentracing-api-0.31.0.jar:/root/.m2/repository/io/opentracing/opentracing-noop/0.31.0/opentracing-noop-0.31.0.jar:/root/.m2/repository/org/apache/hadoop/hadoop-hdds-server-framework/0.5.0-SNAPSHOT/hadoop-hdds-server-framework-0.5.0-SNAPSHOT.jar:/root/.m2/repository/org/apache/hadoop/hadoop-hdds-server-scm/0.5.0-SNAPSHOT/hadoop-hdds-server-scm-0.5.0-SNAPSHOT.jar:/root/.m2/repository/org/apache/hadoop/hadoop-hdds-container-service/0.5.0-SNAPSHOT/hadoop-hdds-container-service-0.5.0-SNAPSHOT.jar:/root/.m2/repository/org/apache/hadoop/hadoop-hdds-client/0.5.0-SNAPSHOT/hadoop-hdds-client-0.5.0-SNAPSHOT.jar:/root/.m2/repository/org/apache/hadoop/hadoop-hdds-tools/0.5.0-SNAPSHOT/hadoop-hdds-tools-0.5.0-SNAPSHOT.jar:/root/.m2/repository/org/apache/hadoop/hadoop-ozone-ozone-manager/0.5.0-SNAPSHOT/hadoop-ozone-ozone-manager-0.5.0-SNAPSHOT.jar:/root/.m2/repository/org/apache/hadoop/hadoop-hdds-docs/0.5.0-SNAPSHOT/hadoop-hdds-docs-0.5.0-SNAPSHOT.jar:/root/.m2/repository/org/bouncycastle/bcprov-jdk15on/1.60/bcprov-jdk15on-1.60.jar:/root/.m2/repository/org/apache/hadoop/hadoop-minikdc/3.2.0/hadoop-minikdc-3.2.0.jar:/root/.m2/repository/commons-io/commons-io/2.5/commons-io-2.5.jar:/root/.m2/repository/org/apache/kerby/kerb-simplekdc/1.0.1/kerb-simplekdc-1.0.1.jar:/root/.m2/repository/org/apache/kerby/kerb-client/1.0.1/kerb-client-1.0.1.jar:/root/.m2/repository/org/apache/kerby/kerby-config/1.0.1/kerby-config-1.0.1.jar:/root/.m2/repository/org/apache/kerby/kerb-core/1.0.1/kerb-core-1.0.1.jar:/root/.m2/repository/org/apache/kerby/kerby-pkix/1.0.1/kerby-pkix-1.0.1.jar:/root/.m2/repository/org/apache/kerby/kerby-asn1/1.0.1/kerby-asn1-1.0.1.jar:/root/.m2/repository/org/apache/kerby/kerby-util/1.0.1/kerby-util-1.0.1.jar:/root/.m2/repository/org/apache/kerby/kerb-common/1.0.1/kerb-common-1.0.1.jar:/root/.m2/repository/org/apache/kerby/kerb-crypto/1.0.1/kerb-crypto-1.0.1.jar:/root/.m2/repository/org/apache/kerby/kerb-util/1.0.1/kerb-util-1.0.1.jar:/root/.m2/repository/org/apache/kerby/token-provider/1.0.1/token-provider-1.0.1.jar:/root/.m2/repository/org/apache/kerby/kerb-admin/1.0.1/kerb-admin-1.0.1.jar:/root/.m2/repository/org/apache/kerby/kerb-server/1.0.1/kerb-server-1.0.1.jar:/root/.m2/repository/org/apache/kerby/kerb-identity/1.0.1/kerb-identity-1.0.1.jar:/root/.m2/repository/org/apache/kerby/kerby-xdr/1.0.1/kerby-xdr-1.0.1.jar:/root/.m2/repository/org/slf4j/slf4j-log4j12/1.7.25/slf4j-log4j12-1.7.25.jar:/root/.m2/repository/org/apache/hadoop/hadoop-ozone-objectstore-service/0.5.0-SNAPSHOT/hadoop-ozone-objectstore-service-0.5.0-SNAPSHOT.jar:/root/.m2/repository/org/apache/hadoop/hadoop-ozone-s3gateway/0.5.0-SNAPSHOT/hadoop-ozone-s3gateway-0.5.0-SNAPSHOT.jar:/root/.m2/repository/org/jboss/weld/servlet/weld-servlet/2.4.7.Final/weld-servlet-2.4.7.Final.jar:/root/.m2/repository/org/glassfish/jersey/containers/jersey-container-servlet-core/2.27/jersey-container-servlet-core-2.27.jar:/root/.m2/repository/org/glassfish/hk2/external/javax.inject/2.5.0-b42/javax.inject-2.5.0-b42.jar:/root/.m2/repository/org/glassfish/jersey/core/jersey-common/2.27/jersey-common-2.27.jar:/root/.m2/repository/org/glassfish/hk2/osgi-resource-locator/1.0.1/osgi-resource-locator-1.0.1.jar:/root/.m2/repository/javax/ws/rs/javax.ws.rs-api/2.1/javax.ws.rs-api-2.1.jar:/root/.m2/repository/org/glassfish/jersey/ext/cdi/jersey-cdi1x/2.27/jersey-cdi1x-2.27.jar:/root/.m2/repository/org/glassfish/jersey/inject/jersey-hk2/2.27/jersey-hk2-2.27.jar:/root/.m2/repository/org/glassfish/hk2/hk2-locator/2.5.0-b42/hk2-locator-2.5.0-b42.jar:/root/.m2/repository/org/javassist/javassist/3.22.0-CR2/javassist-3.22.0-CR2.jar:/root/.m2/repository/org/glassfish/hk2/hk2-api/2.5.0/hk2-api-2.5.0.jar:/root/.m2/repository/org/glassfish/hk2/external/jakarta.inject/2.5.0/jakarta.inject-2.5.0.jar:/root/.m2/repository/org/glassfish/hk2/hk2-utils/2.5.0/hk2-utils-2.5.0.jar:/root/.m2/repository/jakarta/annotation/jakarta.annotation-api/1.3.4/jakarta.annotation-api-1.3.4.jar:/root/.m2/repository/org/glassfish/hk2/external/aopalliance-repackaged/2.5.0/aopalliance-repackaged-2.5.0.jar:/root/.m2/repository/com/fasterxml/jackson/dataformat/jackson-dataformat-xml/2.9.0/jackson-dataformat-xml-2.9.0.jar:/root/.m2/repository/com/fasterxml/jackson/core/jackson-core/2.9.5/jackson-core-2.9.5.jar:/root/.m2/repository/com/fasterxml/jackson/module/jackson-module-jaxb-annotations/2.9.5/jackson-module-jaxb-annotations-2.9.5.jar:/root/.m2/repository/javax/enterprise/cdi-api/1.2/cdi-api-1.2.jar:/root/.m2/repository/javax/el/javax.el-api/3.0.0/javax.el-api-3.0.0.jar:/root/.m2/repository/javax/interceptor/javax.interceptor-api/1.2/javax.interceptor-api-1.2.jar:/root/.m2/repository/javax/inject/javax.inject/1/javax.inject-1.jar:/root/.m2/repository/com/sun/xml/bind/jaxb-impl/2.3.0.1/jaxb-impl-2.3.0.1.jar:/root/.m2/repository/com/sun/xml/bind/jaxb-core/2.3.0.1/jaxb-core-2.3.0.1.jar:/root/.m2/repository/javax/xml/bind/jaxb-api/2.3.0/jaxb-api-2.3.0.jar:/root/.m2/repository/javax/activation/activation/1.1.1/activation-1.1.1.jar:/root/.m2/repository/org/apache/hadoop/hadoop-ozone-csi/0.5.0-SNAPSHOT/hadoop-ozone-csi-0.5.0-SNAPSHOT.jar:/root/.m2/repository/com/google/protobuf/protobuf-java-util/3.5.1/protobuf-java-util-3.5.1.jar:/root/.m2/repository/org/apache/hadoop/hadoop-hdds-config/0.5.0-SNAPSHOT/hadoop-hdds-config-0.5.0-SNAPSHOT.jar:/root/.m2/repository/com/google/guava/guava/11.0.2/guava-11.0.2.jar:/root/.m2/repository/com/google/protobuf/protobuf-java/2.5.0/protobuf-java-2.5.0.jar:/root/.m2/repository/io/grpc/grpc-netty/1.17.1/grpc-netty-1.17.1.jar:/root/.m2/repository/io/grpc/grpc-core/1.17.1/grpc-core-1.17.1.jar:/root/.m2/repository/io/grpc/grpc-context/1.17.1/grpc-context-1.17.1.jar:/root/.m2/repository/com/google/errorprone/error_prone_annotations/2.2.0/error_prone_annotations-2.2.0.jar:/root/.m2/repository/org/codehaus/mojo/animal-sniffer-annotations/1.17/animal-sniffer-annotations-1.17.jar:/root/.m2/repository/io/opencensus/opencensus-api/0.17.0/opencensus-api-0.17.0.jar:/root/.m2/repository/io/opencensus/opencensus-contrib-grpc-metrics/0.17.0/opencensus-contrib-grpc-metrics-0.17.0.jar:/root/.m2/repository/io/netty/netty-codec-http2/4.1.30.Final/netty-codec-http2-4.1.30.Final.jar:/root/.m2/repository/io/netty/netty-codec-http/4.1.30.Final/netty-codec-http-4.1.30.Final.jar:/root/.m2/repository/io/netty/netty-codec/4.1.30.Final/netty-codec-4.1.30.Final.jar:/root/.m2/repository/io/netty/netty-handler/4.1.30.Final/netty-handler-4.1.30.Final.jar:/root/.m2/repository/io/netty/netty-handler-proxy/4.1.30.Final/netty-handler-proxy-4.1.30.Final.jar:/root/.m2/repository/io/netty/netty-codec-socks/4.1.30.Final/netty-codec-socks-4.1.30.Final.jar:/root/.m2/repository/io/netty/netty-transport-native-epoll/4.1.30.Final/netty-transport-native-epoll-4.1.30.Final.jar:/root/.m2/repository/io/netty/netty-common/4.1.30.Final/netty-common-4.1.30.Final.jar:/root/.m2/repository/io/netty/netty-buffer/4.1.30.Final/netty-buffer-4.1.30.Final.jar:/root/.m2/repository/io/netty/netty-transport/4.1.30.Final/netty-transport-4.1.30.Final.jar:/root/.m2/repository/io/netty/netty-resolver/4.1.30.Final/netty-resolver-4.1.30.Final.jar:/root/.m2/repository/io/netty/netty-transport-native-unix-common/4.1.30.Final/netty-transport-native-unix-common-4.1.30.Final.jar:/root/.m2/repository/io/grpc/grpc-protobuf/1.17.1/grpc-protobuf-1.17.1.jar:/root/.m2/repository/com/google/api/grpc/proto-google-common-protos/1.0.0/proto-google-common-protos-1.0.0.jar:/root/.m2/repository/io/grpc/grpc-protobuf-lite/1.17.1/grpc-protobuf-lite-1.17.1.jar:/root/.m2/repository/io/grpc/grpc-stub/1.17.1/grpc-stub-1.17.1.jar:/root/.m2/repository/org/apache/hadoop/hadoop-ozone-recon/0.5.0-SNAPSHOT/hadoop-ozone-recon-0.5.0-SNAPSHOT.jar:/root/.m2/repository/org/apache/hadoop/hadoop-ozone-reconcodegen/0.5.0-SNAPSHOT/hadoop-ozone-reconcodegen-0.5.0-SNAPSHOT.jar:/root/.m2/repository/com/google/inject/extensions/guice-multibindings/4.0/guice-multibindings-4.0.jar:/root/.m2/repository/com/google/inject/guice/4.0/guice-4.0.jar:/root/.m2/repository/aopalliance/aopalliance/1.0/aopalliance-1.0.jar:/root/.m2/repository/com/google/inject/extensions/guice-servlet/4.0/guice-servlet-4.0.jar:/root/.m2/repository/org/glassfish/jersey/containers/jersey-container-servlet/2.27/jersey-container-servlet-2.27.jar:/root/.m2/repository/org/glassfish/hk2/guice-bridge/2.5.0/guice-bridge-2.5.0.jar:/root/.m2/repository/org/glassfish/jersey/core/jersey-server/2.27/jersey-server-2.27.jar:/root/.m2/repository/org/glassfish/jersey/core/jersey-client/2.27/jersey-client-2.27.jar:/root/.m2/repository/org/glassfish/jersey/media/jersey-media-jaxb/2.27/jersey-media-jaxb-2.27.jar:/root/.m2/repository/javax/validation/validation-api/1.1.0.Final/validation-api-1.1.0.Final.jar:/root/.m2/repository/org/glassfish/jersey/media/jersey-media-json-jackson/2.27/jersey-media-json-jackson-2.27.jar:/root/.m2/repository/org/glassfish/jersey/ext/jersey-entity-filtering/2.27/jersey-entity-filtering-2.27.jar:/root/.m2/repository/com/google/inject/extensions/guice-assistedinject/4.0/guice-assistedinject-4.0.jar:/root/.m2/repository/org/jooq/jooq/3.11.10/jooq-3.11.10.jar:/root/.m2/repository/org/jooq/jooq-meta/3.11.10/jooq-meta-3.11.10.jar:/root/.m2/repository/org/jooq/jooq-codegen/3.11.10/jooq-codegen-3.11.10.jar:/root/.m2/repository/com/jolbox/bonecp/0.8.0.RELEASE/bonecp-0.8.0.RELEASE.jar:/root/.m2/repository/org/xerial/sqlite-jdbc/3.25.2/sqlite-jdbc-3.25.2.jar:/root/.m2/repository/org/springframework/spring-jdbc/5.1.3.RELEASE/spring-jdbc-5.1.3.RELEASE.jar:/root/.m2/repository/org/springframework/spring-beans/5.1.3.RELEASE/spring-beans-5.1.3.RELEASE.jar:/root/.m2/repository/org/springframework/spring-core/5.1.3.RELEASE/spring-core-5.1.3.RELEASE.jar:/root/.m2/repository/org/springframework/spring-jcl/5.1.3.RELEASE/spring-jcl-5.1.3.RELEASE.jar:/root/.m2/repository/org/springframework/spring-tx/5.1.3.RELEASE/spring-tx-5.1.3.RELEASE.jar:/root/.m2/repository/org/apache/hadoop/hadoop-ozone-client/0.5.0-SNAPSHOT/hadoop-ozone-client-0.5.0-SNAPSHOT.jar:/root/.m2/repository/org/apache/hadoop/hadoop-ozone-ozone-manager/0.5.0-SNAPSHOT/hadoop-ozone-ozone-manager-0.5.0-SNAPSHOT-tests.jar:/root/.m2/repository/junit/junit/4.11/junit-4.11.jar:/root/.m2/repository/org/hamcrest/hamcrest-core/1.3/hamcrest-core-1.3.jar:/root/.m2/repository/org/openjdk/jmh/jmh-core/1.19/jmh-core-1.19.jar:/root/.m2/repository/net/sf/jopt-simple/jopt-simple/4.6/jopt-simple-4.6.jar:/root/.m2/repository/org/apache/commons/commons-math3/3.1.1/commons-math3-3.1.1.jar:/root/.m2/repository/org/openjdk/jmh/jmh-generator-annprocess/1.19/jmh-generator-annprocess-1.19.jar:/root/.m2/repository/org/mockito/mockito-all/1.8.5/mockito-all-1.8.5.jar:/root/.m2/repository/org/apache/hadoop/hadoop-kms/3.2.0/hadoop-kms-3.2.0.jar:/root/.m2/repository/org/apache/hadoop/hadoop-auth/3.2.0/hadoop-auth-3.2.0.jar:/root/.m2/repository/com/nimbusds/nimbus-jose-jwt/4.41.1/nimbus-jose-jwt-4.41.1.jar:/root/.m2/repository/com/github/stephenc/jcip/jcip-annotations/1.0-1/jcip-annotations-1.0-1.jar:/root/.m2/repository/net/minidev/json-smart/2.3/json-smart-2.3.jar:/root/.m2/repository/net/minidev/accessors-smart/1.2/accessors-smart-1.2.jar:/root/.m2/repository/org/ow2/asm/asm/5.0.4/asm-5.0.4.jar:/root/.m2/repository/org/apache/curator/curator-framework/2.12.0/curator-framework-2.12.0.jar:/root/.m2/repository/com/sun/jersey/jersey-core/1.19/jersey-core-1.19.jar:/root/.m2/repository/javax/ws/rs/jsr311-api/1.1.1/jsr311-api-1.1.1.jar:/root/.m2/repository/com/sun/jersey/jersey-server/1.19/jersey-server-1.19.jar:/root/.m2/repository/javax/servlet/javax.servlet-api/3.1.0/javax.servlet-api-3.1.0.jar:/root/.m2/repository/org/eclipse/jetty/jetty-server/9.3.24.v20180605/jetty-server-9.3.24.v20180605.jar:/root/.m2/repository/org/eclipse/jetty/jetty-http/9.3.24.v20180605/jetty-http-9.3.24.v20180605.jar:/root/.m2/repository/org/eclipse/jetty/jetty-io/9.3.24.v20180605/jetty-io-9.3.24.v20180605.jar:/root/.m2/repository/org/eclipse/jetty/jetty-webapp/9.3.24.v20180605/jetty-webapp-9.3.24.v20180605.jar:/root/.m2/repository/org/eclipse/jetty/jetty-xml/9.3.24.v20180605/jetty-xml-9.3.24.v20180605.jar:/root/.m2/repository/log4j/log4j/1.2.17/log4j-1.2.17.jar:/root/.m2/repository/org/slf4j/slf4j-api/1.7.25/slf4j-api-1.7.25.jar:/root/.m2/repository/org/slf4j/jul-to-slf4j/1.7.25/jul-to-slf4j-1.7.25.jar:/root/.m2/repository/org/eclipse/jetty/jetty-util/9.3.24.v20180605/jetty-util-9.3.24.v20180605.jar:/root/.m2/repository/io/dropwizard/metrics/metrics-core/3.2.4/metrics-core-3.2.4.jar:/root/.m2/repository/com/fasterxml/jackson/core/jackson-databind/2.9.5/jackson-databind-2.9.5.jar:/root/.m2/repository/org/apache/hadoop/hadoop-kms/3.2.0/hadoop-kms-3.2.0-tests.jar:/root/.m2/repository/org/apache/hadoop/hadoop-hdds-server-scm/0.5.0-SNAPSHOT/hadoop-hdds-server-scm-0.5.0-SNAPSHOT-tests.jar:/root/.m2/repository/org/hamcrest/hamcrest-all/1.3/hamcrest-all-1.3.jar:/root/.m2/repository/info/picocli/picocli/3.9.6/picocli-3.9.6.jar:/root/.m2/repository/org/apache/hadoop/hadoop-hdds-container-service/0.5.0-SNAPSHOT/hadoop-hdds-container-service-0.5.0-SNAPSHOT-tests.jar:/root/.m2/repository/org/yaml/snakeyaml/1.16/snakeyaml-1.16.jar:/root/.m2/repository/org/apache/hadoop/hadoop-common/3.2.0/hadoop-common-3.2.0-tests.jar:/root/.m2/repository/org/apache/hadoop/hadoop-annotations/3.2.0/hadoop-annotations-3.2.0.jar:/usr/lib/jvm/java-1.8-openjdk/jre/../lib/tools.jar:/root/.m2/repository/commons-cli/commons-cli/1.2/commons-cli-1.2.jar:/root/.m2/repository/org/apache/httpcomponents/httpclient/4.5.2/httpclient-4.5.2.jar:/root/.m2/repository/org/apache/httpcomponents/httpcore/4.4.4/httpcore-4.4.4.jar:/root/.m2/repository/commons-codec/commons-codec/1.11/commons-codec-1.11.jar:/root/.m2/repository/commons-net/commons-net/3.6/commons-net-3.6.jar:/root/.m2/repository/commons-collections/commons-collections/3.2.2/commons-collections-3.2.2.jar:/root/.m2/repository/org/eclipse/jetty/jetty-servlet/9.3.24.v20180605/jetty-servlet-9.3.24.v20180605.jar:/root/.m2/repository/org/eclipse/jetty/jetty-security/9.3.24.v20180605/jetty-security-9.3.24.v20180605.jar:/root/.m2/repository/javax/servlet/jsp/jsp-api/2.1/jsp-api-2.1.jar:/root/.m2/repository/com/sun/jersey/jersey-servlet/1.19/jersey-servlet-1.19.jar:/root/.m2/repository/com/sun/jersey/jersey-json/1.19/jersey-json-1.19.jar:/root/.m2/repository/org/codehaus/jettison/jettison/1.1/jettison-1.1.jar:/root/.m2/repository/org/codehaus/jackson/jackson-core-asl/1.9.13/jackson-core-asl-1.9.13.jar:/root/.m2/repository/org/codehaus/jackson/jackson-mapper-asl/1.9.13/jackson-mapper-asl-1.9.13.jar:/root/.m2/repository/org/codehaus/jackson/jackson-jaxrs/1.9.13/jackson-jaxrs-1.9.13.jar:/root/.m2/repository/org/codehaus/jackson/jackson-xc/1.9.13/jackson-xc-1.9.13.jar:/root/.m2/repository/commons-logging/commons-logging/1.1.3/commons-logging-1.1.3.jar:/root/.m2/repository/commons-beanutils/commons-beanutils/1.9.3/commons-beanutils-1.9.3.jar:/root/.m2/repository/org/apache/commons/commons-configuration2/2.1.1/commons-configuration2-2.1.1.jar:/root/.m2/repository/org/apache/commons/commons-lang3/3.7/commons-lang3-3.7.jar:/root/.m2/repository/org/apache/commons/commons-text/1.4/commons-text-1.4.jar:/root/.m2/repository/org/apache/avro/avro/1.7.7/avro-1.7.7.jar:/root/.m2/repository/com/thoughtworks/paranamer/paranamer/2.3/paranamer-2.3.jar:/root/.m2/repository/org/xerial/snappy/snappy-java/1.0.5/snappy-java-1.0.5.jar:/root/.m2/repository/com/google/re2j/re2j/1.1/re2j-1.1.jar:/root/.m2/repository/com/google/code/gson/gson/2.2.4/gson-2.2.4.jar:/root/.m2/repository/com/jcraft/jsch/0.1.54/jsch-0.1.54.jar:/root/.m2/repository/org/apache/curator/curator-client/2.12.0/curator-client-2.12.0.jar:/root/.m2/repository/org/apache/curator/curator-recipes/2.12.0/curator-recipes-2.12.0.jar:/root/.m2/repository/com/google/code/findbugs/jsr305/3.0.0/jsr305-3.0.0.jar:/root/.m2/repository/org/apache/htrace/htrace-core4/4.1.0-incubating/htrace-core4-4.1.0-incubating.jar:/root/.m2/repository/org/apache/zookeeper/zookeeper/3.4.13/zookeeper-3.4.13.jar:/root/.m2/repository/org/apache/yetus/audience-annotations/0.5.0/audience-annotations-0.5.0.jar:/root/.m2/repository/org/codehaus/woodstox/stax2-api/3.1.4/stax2-api-3.1.4.jar:/root/.m2/repository/com/fasterxml/woodstox/woodstox-core/5.0.3/woodstox-core-5.0.3.jar:/root/.m2/repository/dnsjava/dnsjava/2.1.7/dnsjava-2.1.7.jar:/root/.m2/repository/org/apache/hadoop/hadoop-hdfs/3.2.0/hadoop-hdfs-3.2.0-tests.jar:/root/.m2/repository/org/eclipse/jetty/jetty-util-ajax/9.3.24.v20180605/jetty-util-ajax-9.3.24.v20180605.jar:/root/.m2/repository/commons-daemon/commons-daemon/1.0.13/commons-daemon-1.0.13.jar:/root/.m2/repository/io/netty/netty/3.10.5.Final/netty-3.10.5.Final.jar:/root/.m2/repository/io/netty/netty-all/4.0.52.Final/netty-all-4.0.52.Final.jar:/root/.m2/repository/org/fusesource/leveldbjni/leveldbjni-all/1.8/leveldbjni-all-1.8.jar:"/>
    <property name="sun.cpu.endian" value="little"/>
    <property name="user.home" value="/root"/>
    <property name="user.language" value="en"/>
    <property name="java.specification.vendor" value="Oracle Corporation"/>
    <property name="java.home" value="/usr/lib/jvm/java-1.8-openjdk/jre"/>
    <property name="java.security.krb5.conf" value="/opt/src/hadoop-ozone/integration-test/target/test-classes/krb5.conf"/>
    <property name="basedir" value="/opt/src/hadoop-ozone/integration-test"/>
    <property name="file.separator" value="/"/>
    <property name="line.separator" value="&#10;"/>
    <property name="java.vm.specification.vendor" value="Oracle Corporation"/>
    <property name="java.specification.name" value="Java Platform API Specification"/>
    <property name="java.awt.graphicsenv" value="sun.awt.X11GraphicsEnvironment"/>
    <property name="surefire.real.class.path" value="/opt/src/hadoop-ozone/integration-test/target/surefire/surefirebooter5833839164965278804.jar"/>
    <property name="hadoop.log.dir" value="/opt/src/hadoop-ozone/integration-test/target/log"/>
    <property name="sun.boot.class.path" value="/usr/lib/jvm/java-1.8-openjdk/jre/lib/resources.jar:/usr/lib/jvm/java-1.8-openjdk/jre/lib/rt.jar:/usr/lib/jvm/java-1.8-openjdk/jre/lib/sunrsasign.jar:/usr/lib/jvm/java-1.8-openjdk/jre/lib/jsse.jar:/usr/lib/jvm/java-1.8-openjdk/jre/lib/jce.jar:/usr/lib/jvm/java-1.8-openjdk/jre/lib/charsets.jar:/usr/lib/jvm/java-1.8-openjdk/jre/lib/jfr.jar:/usr/lib/jvm/java-1.8-openjdk/jre/classes"/>
    <property name="sun.management.compiler" value="HotSpot 64-Bit Tiered Compilers"/>
    <property name="java.runtime.version" value="1.8.0_212-b04"/>
    <property name="java.net.preferIPv4Stack" value="true"/>
    <property name="user.name" value="root"/>
    <property name="path.separator" value=":"/>
    <property name="java.security.egd" value="file:///dev/urandom"/>
    <property name="os.version" value="4.15.0-1021-aws"/>
    <property name="java.endorsed.dirs" value="/usr/lib/jvm/java-1.8-openjdk/jre/lib/endorsed"/>
    <property name="java.runtime.name" value="OpenJDK Runtime Environment"/>
    <property name="file.encoding" value="UTF-8"/>
    <property name="java.vm.name" value="OpenJDK 64-Bit Server VM"/>
    <property name="test.build.webapps" value=""/>
    <property name="localRepository" value="/root/.m2/repository"/>
    <property name="java.vendor.url.bug" value="https://icedtea.classpath.org/bugzilla"/>
    <property name="java.io.tmpdir" value="/tmp"/>
    <property name="require.test.libhadoop" value=""/>
    <property name="java.version" value="1.8.0_212"/>
    <property name="user.dir" value="/opt/src/hadoop-ozone/integration-test"/>
    <property name="os.arch" value="amd64"/>
    <property name="java.vm.specification.name" value="Java Virtual Machine Specification"/>
    <property name="test.build.classes" value="/opt/src/hadoop-ozone/integration-test/target/test-classes"/>
    <property name="java.awt.printerjob" value="sun.print.PSPrinterJob"/>
    <property name="sun.os.patch.level" value="unknown"/>
    <property name="hadoop.tmp.dir" value="/opt/src/hadoop-ozone/integration-test/target/tmp"/>
    <property name="java.library.path" value="/usr/lib/jvm/java-1.8-openjdk/jre/lib/amd64/server:/usr/lib/jvm/java-1.8-openjdk/jre/lib/amd64:/usr/lib/jvm/java-1.8-openjdk/jre/../lib/amd64:/opt/src/hadoop-ozone/integration-test/target/native/target/usr/local/lib:/opt/src/hadoop-ozone/integration-test/../../hadoop-common-project/hadoop-common/target/native/target/usr/local/lib:/usr/java/packages/lib/amd64:/usr/lib64:/lib64:/lib:/usr/lib"/>
    <property name="java.vm.info" value="mixed mode"/>
    <property name="java.vendor" value="IcedTea"/>
    <property name="java.vm.version" value="25.212-b04"/>
    <property name="java.ext.dirs" value="/usr/lib/jvm/java-1.8-openjdk/jre/lib/ext:/usr/java/packages/lib/ext"/>
    <property name="sun.io.unicode.encoding" value="UnicodeLittle"/>
    <property name="java.class.version" value="52.0"/>
  </properties>
  <testcase name="testBlockDeletion" classname="org.apache.hadoop.ozone.container.common.statemachine.commandhandler.TestBlockDeletion" time="49.972">
    <failure message="expected null, but was:&lt;[B@de579ff&gt;" type="java.lang.AssertionError"><![CDATA[java.lang.AssertionError: expected null, but was:<[B@de579ff>
	at org.junit.Assert.fail(Assert.java:88)
	at org.junit.Assert.failNotNull(Assert.java:664)
	at org.junit.Assert.assertNull(Assert.java:646)
	at org.junit.Assert.assertNull(Assert.java:656)
	at org.apache.hadoop.ozone.container.common.statemachine.commandhandler.TestBlockDeletion.lambda$verifyBlocksDeleted$3(TestBlockDeletion.java:323)
	at org.apache.hadoop.ozone.OzoneTestUtils.performOperationOnKeyContainers(OzoneTestUtils.java:96)
	at org.apache.hadoop.ozone.container.common.statemachine.commandhandler.TestBlockDeletion.verifyBlocksDeleted(TestBlockDeletion.java:317)
	at org.apache.hadoop.ozone.container.common.statemachine.commandhandler.TestBlockDeletion.testBlockDeletion(TestBlockDeletion.java:177)
	at sun.reflect.NativeMethodAccessorImpl.invoke0(Native Method)
	at sun.reflect.NativeMethodAccessorImpl.invoke(NativeMethodAccessorImpl.java:62)
	at sun.reflect.DelegatingMethodAccessorImpl.invoke(DelegatingMethodAccessorImpl.java:43)
	at java.lang.reflect.Method.invoke(Method.java:498)
	at org.junit.runners.model.FrameworkMethod$1.runReflectiveCall(FrameworkMethod.java:47)
	at org.junit.internal.runners.model.ReflectiveCallable.run(ReflectiveCallable.java:12)
	at org.junit.runners.model.FrameworkMethod.invokeExplosively(FrameworkMethod.java:44)
	at org.junit.internal.runners.statements.InvokeMethod.evaluate(InvokeMethod.java:17)
	at org.junit.runners.ParentRunner.runLeaf(ParentRunner.java:271)
	at org.junit.runners.BlockJUnit4ClassRunner.runChild(BlockJUnit4ClassRunner.java:70)
	at org.junit.runners.BlockJUnit4ClassRunner.runChild(BlockJUnit4ClassRunner.java:50)
	at org.junit.runners.ParentRunner$3.run(ParentRunner.java:238)
	at org.junit.runners.ParentRunner$1.schedule(ParentRunner.java:63)
	at org.junit.runners.ParentRunner.runChildren(ParentRunner.java:236)
	at org.junit.runners.ParentRunner.access$000(ParentRunner.java:53)
	at org.junit.runners.ParentRunner$2.evaluate(ParentRunner.java:229)
	at org.junit.internal.runners.statements.RunBefores.evaluate(RunBefores.java:26)
	at org.junit.runners.ParentRunner.run(ParentRunner.java:309)
	at org.apache.maven.surefire.junit4.JUnit4Provider.execute(JUnit4Provider.java:365)
	at org.apache.maven.surefire.junit4.JUnit4Provider.executeWithRerun(JUnit4Provider.java:273)
	at org.apache.maven.surefire.junit4.JUnit4Provider.executeTestSet(JUnit4Provider.java:238)
	at org.apache.maven.surefire.junit4.JUnit4Provider.invoke(JUnit4Provider.java:159)
	at org.apache.maven.surefire.booter.ForkedBooter.invokeProviderInSameClassLoader(ForkedBooter.java:384)
	at org.apache.maven.surefire.booter.ForkedBooter.runSuitesInProcess(ForkedBooter.java:345)
	at org.apache.maven.surefire.booter.ForkedBooter.execute(ForkedBooter.java:126)
	at org.apache.maven.surefire.booter.ForkedBooter.main(ForkedBooter.java:418)
]]></failure>
    <system-out><![CDATA[2019-06-14 09:09:13,248 WARN  server.ServerUtils (ServerUtils.java:getScmDbDir(145)) - ozone.scm.db.dirs is not configured. We recommend adding this setting. Falling back to ozone.metadata.dirs instead.
2019-06-14 09:09:13,316 WARN  server.ServerUtils (ServerUtils.java:getScmDbDir(145)) - ozone.scm.db.dirs is not configured. We recommend adding this setting. Falling back to ozone.metadata.dirs instead.
2019-06-14 09:09:13,319 WARN  server.ServerUtils (ServerUtils.java:getScmDbDir(145)) - ozone.scm.db.dirs is not configured. We recommend adding this setting. Falling back to ozone.metadata.dirs instead.
2019-06-14 09:09:13,334 INFO  util.log (Log.java:initialized(192)) - Logging initialized @711ms
2019-06-14 09:09:13,441 INFO  db.DBStoreBuilder (DBStoreBuilder.java:addTable(110)) - using custom profile for table: deletedBlocks
2019-06-14 09:09:13,442 INFO  db.DBStoreBuilder (DBStoreBuilder.java:processTables(161)) - Using default column profile:DBProfile.DISK for Table:deletedBlocks
2019-06-14 09:09:13,442 INFO  db.DBStoreBuilder (DBStoreBuilder.java:addTable(110)) - using custom profile for table: validCerts
2019-06-14 09:09:13,443 INFO  db.DBStoreBuilder (DBStoreBuilder.java:processTables(161)) - Using default column profile:DBProfile.DISK for Table:validCerts
2019-06-14 09:09:13,443 INFO  db.DBStoreBuilder (DBStoreBuilder.java:addTable(110)) - using custom profile for table: revokedCerts
2019-06-14 09:09:13,443 INFO  db.DBStoreBuilder (DBStoreBuilder.java:processTables(161)) - Using default column profile:DBProfile.DISK for Table:revokedCerts
2019-06-14 09:09:13,456 INFO  db.DBStoreBuilder (DBStoreBuilder.java:addTable(110)) - using custom profile for table: default
2019-06-14 09:09:13,456 INFO  db.DBStoreBuilder (DBStoreBuilder.java:processTables(167)) - Using default column profile:DBProfile.DISK for Table:default
2019-06-14 09:09:13,458 INFO  db.DBStoreBuilder (DBStoreBuilder.java:getDbProfile(198)) - Using default options. DBProfile.DISK
2019-06-14 09:09:13,537 INFO  node.SCMNodeManager (SCMNodeManager.java:<init>(108)) - Entering startup safe mode.
2019-06-14 09:09:13,594 INFO  net.NodeSchemaLoader (NodeSchemaLoader.java:loadSchemaFromFile(125)) - Loading file from sun.misc.CompoundEnumeration@702657cc
2019-06-14 09:09:13,595 INFO  net.NodeSchemaLoader (NodeSchemaLoader.java:loadSchema(171)) - Loading network topology layer schema file
2019-06-14 09:09:13,645 WARN  server.ServerUtils (ServerUtils.java:getScmDbDir(145)) - ozone.scm.db.dirs is not configured. We recommend adding this setting. Falling back to ozone.metadata.dirs instead.
2019-06-14 09:09:13,666 INFO  pipeline.SCMPipelineManager (SCMPipelineManager.java:initializePipelineState(126)) - No pipeline exists in current db
2019-06-14 09:09:13,668 WARN  server.ServerUtils (ServerUtils.java:getScmDbDir(145)) - ozone.scm.db.dirs is not configured. We recommend adding this setting. Falling back to ozone.metadata.dirs instead.
2019-06-14 09:09:13,714 WARN  events.EventQueue (EventQueue.java:fireEvent(175)) - No event handler registered for event TypedEvent{payloadType=SafeModeStatus, name='SafeModeStatus'}
2019-06-14 09:09:14,018 INFO  ipc.CallQueueManager (CallQueueManager.java:<init>(84)) - Using callQueue: class java.util.concurrent.LinkedBlockingQueue, queueCapacity: 2000, scheduler: class org.apache.hadoop.ipc.DefaultRpcScheduler, ipcBackoff: false.
2019-06-14 09:09:14,038 INFO  ipc.Server (Server.java:run(1074)) - Starting Socket Reader #1 for port 36495
2019-06-14 09:09:14,056 INFO  ipc.CallQueueManager (CallQueueManager.java:<init>(84)) - Using callQueue: class java.util.concurrent.LinkedBlockingQueue, queueCapacity: 2000, scheduler: class org.apache.hadoop.ipc.DefaultRpcScheduler, ipcBackoff: false.
2019-06-14 09:09:14,081 INFO  ipc.Server (Server.java:run(1074)) - Starting Socket Reader #1 for port 41877
2019-06-14 09:09:14,089 INFO  ipc.CallQueueManager (CallQueueManager.java:<init>(84)) - Using callQueue: class java.util.concurrent.LinkedBlockingQueue, queueCapacity: 2000, scheduler: class org.apache.hadoop.ipc.DefaultRpcScheduler, ipcBackoff: false.
2019-06-14 09:09:14,089 INFO  ipc.Server (Server.java:run(1074)) - Starting Socket Reader #1 for port 37501
2019-06-14 09:09:14,158 INFO  hdfs.DFSUtil (DFSUtil.java:httpServerTemplateForNNAndJN(1641)) - Starting Web-server for scm at: http://0.0.0.0:0
2019-06-14 09:09:14,252 INFO  server.AuthenticationFilter (AuthenticationFilter.java:constructSecretProvider(240)) - Unable to initialize FileSignerSecretProvider, falling back to use random secrets.
2019-06-14 09:09:14,257 WARN  http.HttpRequestLog (HttpRequestLog.java:getRequestLog(97)) - Jetty request log can only be enabled using Log4j
2019-06-14 09:09:14,262 INFO  http.HttpServer2 (HttpServer2.java:addGlobalFilter(975)) - Added global filter 'safety' (class=org.apache.hadoop.http.HttpServer2$QuotingInputFilter)
2019-06-14 09:09:14,264 INFO  http.HttpServer2 (HttpServer2.java:addFilter(948)) - Added filter static_user_filter (class=org.apache.hadoop.http.lib.StaticUserWebFilter$StaticUserFilter) to context scm
2019-06-14 09:09:14,264 INFO  http.HttpServer2 (HttpServer2.java:addFilter(958)) - Added filter static_user_filter (class=org.apache.hadoop.http.lib.StaticUserWebFilter$StaticUserFilter) to context static
2019-06-14 09:09:14,264 INFO  http.HttpServer2 (HttpServer2.java:addFilter(958)) - Added filter static_user_filter (class=org.apache.hadoop.http.lib.StaticUserWebFilter$StaticUserFilter) to context logs
2019-06-14 09:09:14,282 INFO  server.StorageContainerManager (StorageContainerManager.java:start(752)) - StorageContainerLocationProtocol RPC server is listening at /0.0.0.0:37501
2019-06-14 09:09:14,323 WARN  impl.MetricsConfig (MetricsConfig.java:loadFirst(134)) - Cannot locate configuration: tried hadoop-metrics2-storagecontainermanager.properties,hadoop-metrics2.properties
2019-06-14 09:09:14,331 INFO  impl.MetricsSystemImpl (MetricsSystemImpl.java:startTimer(374)) - Scheduled Metric snapshot period at 10 second(s).
2019-06-14 09:09:14,331 INFO  impl.MetricsSystemImpl (MetricsSystemImpl.java:start(191)) - StorageContainerManager metrics system started
2019-06-14 09:09:14,484 INFO  server.SCMClientProtocolServer (SCMClientProtocolServer.java:start(149)) - RPC server for Client  is listening at /0.0.0.0:37501
2019-06-14 09:09:14,485 INFO  ipc.Server (Server.java:run(1314)) - IPC Server Responder: starting
2019-06-14 09:09:14,485 INFO  ipc.Server (Server.java:run(1153)) - IPC Server listener on 37501: starting
2019-06-14 09:09:14,490 INFO  server.StorageContainerManager (StorageContainerManager.java:start(761)) - ScmBlockLocationProtocol RPC server is listening at /0.0.0.0:41877
2019-06-14 09:09:14,490 INFO  server.SCMBlockProtocolServer (SCMBlockProtocolServer.java:start(137)) - RPC server for Block Protocol is listening at /0.0.0.0:41877
2019-06-14 09:09:14,490 INFO  ipc.Server (Server.java:run(1314)) - IPC Server Responder: starting
2019-06-14 09:09:14,491 INFO  ipc.Server (Server.java:run(1153)) - IPC Server listener on 41877: starting
2019-06-14 09:09:14,493 INFO  server.StorageContainerManager (StorageContainerManager.java:start(765)) - ScmDatanodeProtocl RPC server is listening at /0.0.0.0:36495
2019-06-14 09:09:14,493 INFO  server.SCMDatanodeProtocolServer (SCMDatanodeProtocolServer.java:start(191)) - RPC server for DataNodes is listening at /0.0.0.0:36495
2019-06-14 09:09:14,493 INFO  ipc.Server (Server.java:run(1314)) - IPC Server Responder: starting
2019-06-14 09:09:14,494 INFO  ipc.Server (Server.java:run(1153)) - IPC Server listener on 36495: starting
2019-06-14 09:09:14,496 INFO  http.HttpServer2 (HttpServer2.java:bindListener(1191)) - Jetty bound to port 37601
2019-06-14 09:09:14,497 INFO  server.Server (Server.java:doStart(351)) - jetty-9.3.24.v20180605, build timestamp: 2018-06-05T17:11:56Z, git hash: 84205aa28f11a4f31f2a3b86d1bba2cc8ab69827
2019-06-14 09:09:14,525 INFO  handler.ContextHandler (ContextHandler.java:doStart(781)) - Started o.e.j.s.ServletContextHandler@12c7a01b{/logs,file:///opt/src/hadoop-ozone/integration-test/target/log,AVAILABLE}
2019-06-14 09:09:14,526 INFO  handler.ContextHandler (ContextHandler.java:doStart(781)) - Started o.e.j.s.ServletContextHandler@2826f61{/static,file:///opt/src/hadoop-ozone/integration-test/target/test-classes/webapps/static,AVAILABLE}
2019-06-14 09:09:14,549 INFO  handler.ContextHandler (ContextHandler.java:doStart(781)) - Started o.e.j.w.WebAppContext@37f21974{/,file:///opt/src/hadoop-ozone/integration-test/target/test-classes/webapps/scm/,AVAILABLE}{/scm}
2019-06-14 09:09:14,553 INFO  server.AbstractConnector (AbstractConnector.java:doStart(278)) - Started ServerConnector@5fb97279{HTTP/1.1,[http/1.1]}{0.0.0.0:37601}
2019-06-14 09:09:14,553 INFO  server.Server (Server.java:doStart(419)) - Started @1929ms
2019-06-14 09:09:14,554 INFO  server.BaseHttpServer (BaseHttpServer.java:updateConnectorAddress(207)) - HTTP server of SCM is listening at http://0.0.0.0:37601
2019-06-14 09:09:14,558 INFO  util.JvmPauseMonitor (JvmPauseMonitor.java:run(188)) - Starting JVM pause monitor
2019-06-14 09:09:14,559 DEBUG block.SCMBlockDeletingService (SCMBlockDeletingService.java:call(138)) - Running DeletedBlockTransactionScanner
2019-06-14 09:09:14,560 WARN  scm.ScmUtils (ScmUtils.java:getDBPath(63)) - ozone.om.db.dirs is not configured. We recommend adding this setting. Falling back to ozone.metadata.dirs instead.
2019-06-14 09:09:14,566 DEBUG block.SCMBlockDeletingService (SCMBlockDeletingService.java:call(155)) - Scanned deleted blocks log and got 0 delTX to process.
2019-06-14 09:09:14,631 WARN  scm.ScmUtils (ScmUtils.java:getDBPath(63)) - ozone.om.db.dirs is not configured. We recommend adding this setting. Falling back to ozone.metadata.dirs instead.
2019-06-14 09:09:14,632 INFO  om.OzoneManager (OzoneManager.java:setOMNodeDetails(519)) - OM Service ID is not set. Setting it to the default ID: omServiceIdDefault
2019-06-14 09:09:14,633 INFO  om.OzoneManager (OzoneManager.java:setOMNodeDetails(525)) - OM Node ID is not set. Setting it to the OmStorage's OmID: cd01ae79-e431-4773-94bd-772e3c90cf44
2019-06-14 09:09:14,634 WARN  scm.HddsServerUtil (HddsServerUtil.java:getDefaultRatisDirectory(354)) - Storage directory for Ratis is not configured. It is a good idea to map this to an SSD disk. Falling back to ozone.metadata.dirs
2019-06-14 09:09:14,635 WARN  scm.HddsServerUtil (HddsServerUtil.java:getDefaultRatisDirectory(354)) - Storage directory for Ratis is not configured. It is a good idea to map this to an SSD disk. Falling back to ozone.metadata.dirs
2019-06-14 09:09:14,635 INFO  om.OzoneManager (OzoneManager.java:loadOMHAConfigs(476)) - Found matching OM address with OMServiceId: null, OMNodeId: null, RPC Address: localhost:0 and Ratis port: 9872
2019-06-14 09:09:14,668 DEBUG block.SCMBlockDeletingService (SCMBlockDeletingService.java:call(138)) - Running DeletedBlockTransactionScanner
2019-06-14 09:09:14,668 DEBUG block.SCMBlockDeletingService (SCMBlockDeletingService.java:call(155)) - Scanned deleted blocks log and got 0 delTX to process.
2019-06-14 09:09:14,768 DEBUG block.SCMBlockDeletingService (SCMBlockDeletingService.java:call(138)) - Running DeletedBlockTransactionScanner
2019-06-14 09:09:14,769 DEBUG block.SCMBlockDeletingService (SCMBlockDeletingService.java:call(155)) - Scanned deleted blocks log and got 0 delTX to process.
2019-06-14 09:09:14,801 WARN  scm.ScmUtils (ScmUtils.java:getDBPath(63)) - ozone.om.db.dirs is not configured. We recommend adding this setting. Falling back to ozone.metadata.dirs instead.
2019-06-14 09:09:14,806 INFO  db.DBStoreBuilder (DBStoreBuilder.java:addTable(110)) - using custom profile for table: userTable
2019-06-14 09:09:14,806 INFO  db.DBStoreBuilder (DBStoreBuilder.java:processTables(161)) - Using default column profile:DBProfile.DISK for Table:userTable
2019-06-14 09:09:14,806 INFO  db.DBStoreBuilder (DBStoreBuilder.java:addTable(110)) - using custom profile for table: volumeTable
2019-06-14 09:09:14,807 INFO  db.DBStoreBuilder (DBStoreBuilder.java:processTables(161)) - Using default column profile:DBProfile.DISK for Table:volumeTable
2019-06-14 09:09:14,807 INFO  db.DBStoreBuilder (DBStoreBuilder.java:addTable(110)) - using custom profile for table: bucketTable
2019-06-14 09:09:14,807 INFO  db.DBStoreBuilder (DBStoreBuilder.java:processTables(161)) - Using default column profile:DBProfile.DISK for Table:bucketTable
2019-06-14 09:09:14,807 INFO  db.DBStoreBuilder (DBStoreBuilder.java:addTable(110)) - using custom profile for table: keyTable
2019-06-14 09:09:14,807 INFO  db.DBStoreBuilder (DBStoreBuilder.java:processTables(161)) - Using default column profile:DBProfile.DISK for Table:keyTable
2019-06-14 09:09:14,807 INFO  db.DBStoreBuilder (DBStoreBuilder.java:addTable(110)) - using custom profile for table: deletedTable
2019-06-14 09:09:14,808 INFO  db.DBStoreBuilder (DBStoreBuilder.java:processTables(161)) - Using default column profile:DBProfile.DISK for Table:deletedTable
2019-06-14 09:09:14,808 INFO  db.DBStoreBuilder (DBStoreBuilder.java:addTable(110)) - using custom profile for table: openKeyTable
2019-06-14 09:09:14,808 INFO  db.DBStoreBuilder (DBStoreBuilder.java:processTables(161)) - Using default column profile:DBProfile.DISK for Table:openKeyTable
2019-06-14 09:09:14,808 INFO  db.DBStoreBuilder (DBStoreBuilder.java:addTable(110)) - using custom profile for table: s3Table
2019-06-14 09:09:14,808 INFO  db.DBStoreBuilder (DBStoreBuilder.java:processTables(161)) - Using default column profile:DBProfile.DISK for Table:s3Table
2019-06-14 09:09:14,808 INFO  db.DBStoreBuilder (DBStoreBuilder.java:addTable(110)) - using custom profile for table: multipartInfoTable
2019-06-14 09:09:14,808 INFO  db.DBStoreBuilder (DBStoreBuilder.java:processTables(161)) - Using default column profile:DBProfile.DISK for Table:multipartInfoTable
2019-06-14 09:09:14,809 INFO  db.DBStoreBuilder (DBStoreBuilder.java:addTable(110)) - using custom profile for table: dTokenTable
2019-06-14 09:09:14,809 INFO  db.DBStoreBuilder (DBStoreBuilder.java:processTables(161)) - Using default column profile:DBProfile.DISK for Table:dTokenTable
2019-06-14 09:09:14,809 INFO  db.DBStoreBuilder (DBStoreBuilder.java:addTable(110)) - using custom profile for table: s3SecretTable
2019-06-14 09:09:14,809 INFO  db.DBStoreBuilder (DBStoreBuilder.java:processTables(161)) - Using default column profile:DBProfile.DISK for Table:s3SecretTable
2019-06-14 09:09:14,809 INFO  db.DBStoreBuilder (DBStoreBuilder.java:addTable(110)) - using custom profile for table: prefixTable
2019-06-14 09:09:14,810 INFO  db.DBStoreBuilder (DBStoreBuilder.java:processTables(161)) - Using default column profile:DBProfile.DISK for Table:prefixTable
2019-06-14 09:09:14,810 INFO  db.DBStoreBuilder (DBStoreBuilder.java:addTable(110)) - using custom profile for table: default
2019-06-14 09:09:14,810 INFO  db.DBStoreBuilder (DBStoreBuilder.java:processTables(167)) - Using default column profile:DBProfile.DISK for Table:default
2019-06-14 09:09:14,810 INFO  db.DBStoreBuilder (DBStoreBuilder.java:getDbProfile(198)) - Using default options. DBProfile.DISK
2019-06-14 09:09:14,869 DEBUG block.SCMBlockDeletingService (SCMBlockDeletingService.java:call(138)) - Running DeletedBlockTransactionScanner
2019-06-14 09:09:14,869 DEBUG block.SCMBlockDeletingService (SCMBlockDeletingService.java:call(155)) - Scanned deleted blocks log and got 0 delTX to process.
2019-06-14 09:09:14,970 DEBUG block.SCMBlockDeletingService (SCMBlockDeletingService.java:call(138)) - Running DeletedBlockTransactionScanner
2019-06-14 09:09:14,970 DEBUG block.SCMBlockDeletingService (SCMBlockDeletingService.java:call(155)) - Scanned deleted blocks log and got 0 delTX to process.
2019-06-14 09:09:15,070 DEBUG block.SCMBlockDeletingService (SCMBlockDeletingService.java:call(138)) - Running DeletedBlockTransactionScanner
2019-06-14 09:09:15,071 DEBUG block.SCMBlockDeletingService (SCMBlockDeletingService.java:call(155)) - Scanned deleted blocks log and got 0 delTX to process.
2019-06-14 09:09:15,174 DEBUG block.SCMBlockDeletingService (SCMBlockDeletingService.java:call(138)) - Running DeletedBlockTransactionScanner
2019-06-14 09:09:15,175 DEBUG block.SCMBlockDeletingService (SCMBlockDeletingService.java:call(155)) - Scanned deleted blocks log and got 0 delTX to process.
2019-06-14 09:09:15,242 INFO  ipc.CallQueueManager (CallQueueManager.java:<init>(84)) - Using callQueue: class java.util.concurrent.LinkedBlockingQueue, queueCapacity: 2000, scheduler: class org.apache.hadoop.ipc.DefaultRpcScheduler, ipcBackoff: false.
2019-06-14 09:09:15,243 INFO  ipc.Server (Server.java:run(1074)) - Starting Socket Reader #1 for port 41995
2019-06-14 09:09:15,269 WARN  scm.ScmUtils (ScmUtils.java:getDBPath(63)) - ozone.om.db.dirs is not configured. We recommend adding this setting. Falling back to ozone.metadata.dirs instead.
2019-06-14 09:09:15,270 INFO  om.OzoneManager (OzoneManager.java:start(1217)) - OzoneManager RPC server is listening at localhost/127.0.0.1:41995
2019-06-14 09:09:15,270 INFO  impl.MetricsSystemImpl (MetricsSystemImpl.java:init(158)) - OzoneManager metrics system started (again)
2019-06-14 09:09:15,273 INFO  ipc.Server (Server.java:run(1314)) - IPC Server Responder: starting
2019-06-14 09:09:15,274 INFO  ipc.Server (Server.java:run(1153)) - IPC Server listener on 41995: starting
2019-06-14 09:09:15,275 DEBUG block.SCMBlockDeletingService (SCMBlockDeletingService.java:call(138)) - Running DeletedBlockTransactionScanner
2019-06-14 09:09:15,276 DEBUG block.SCMBlockDeletingService (SCMBlockDeletingService.java:call(155)) - Scanned deleted blocks log and got 0 delTX to process.
2019-06-14 09:09:15,289 INFO  hdfs.DFSUtil (DFSUtil.java:httpServerTemplateForNNAndJN(1641)) - Starting Web-server for ozoneManager at: http://0.0.0.0:0
2019-06-14 09:09:15,290 INFO  server.AuthenticationFilter (AuthenticationFilter.java:constructSecretProvider(240)) - Unable to initialize FileSignerSecretProvider, falling back to use random secrets.
2019-06-14 09:09:15,291 WARN  http.HttpRequestLog (HttpRequestLog.java:getRequestLog(97)) - Jetty request log can only be enabled using Log4j
2019-06-14 09:09:15,292 INFO  http.HttpServer2 (HttpServer2.java:addGlobalFilter(975)) - Added global filter 'safety' (class=org.apache.hadoop.http.HttpServer2$QuotingInputFilter)
2019-06-14 09:09:15,293 INFO  http.HttpServer2 (HttpServer2.java:addFilter(948)) - Added filter static_user_filter (class=org.apache.hadoop.http.lib.StaticUserWebFilter$StaticUserFilter) to context ozoneManager
2019-06-14 09:09:15,293 INFO  http.HttpServer2 (HttpServer2.java:addFilter(958)) - Added filter static_user_filter (class=org.apache.hadoop.http.lib.StaticUserWebFilter$StaticUserFilter) to context logs
2019-06-14 09:09:15,293 INFO  http.HttpServer2 (HttpServer2.java:addFilter(958)) - Added filter static_user_filter (class=org.apache.hadoop.http.lib.StaticUserWebFilter$StaticUserFilter) to context static
2019-06-14 09:09:15,294 INFO  http.HttpServer2 (HttpServer2.java:bindListener(1191)) - Jetty bound to port 40205
2019-06-14 09:09:15,294 INFO  server.Server (Server.java:doStart(351)) - jetty-9.3.24.v20180605, build timestamp: 2018-06-05T17:11:56Z, git hash: 84205aa28f11a4f31f2a3b86d1bba2cc8ab69827
2019-06-14 09:09:15,296 INFO  handler.ContextHandler (ContextHandler.java:doStart(781)) - Started o.e.j.s.ServletContextHandler@378bd86d{/logs,file:///opt/src/hadoop-ozone/integration-test/target/log,AVAILABLE}
2019-06-14 09:09:15,296 INFO  handler.ContextHandler (ContextHandler.java:doStart(781)) - Started o.e.j.s.ServletContextHandler@69b2f8e5{/static,file:///opt/src/hadoop-ozone/integration-test/target/test-classes/webapps/static,AVAILABLE}
2019-06-14 09:09:15,299 INFO  handler.ContextHandler (ContextHandler.java:doStart(781)) - Started o.e.j.w.WebAppContext@43b0ade{/,file:///opt/src/hadoop-ozone/integration-test/target/test-classes/webapps/ozoneManager/,AVAILABLE}{/ozoneManager}
2019-06-14 09:09:15,299 INFO  server.AbstractConnector (AbstractConnector.java:doStart(278)) - Started ServerConnector@5395ea39{HTTP/1.1,[http/1.1]}{0.0.0.0:40205}
2019-06-14 09:09:15,300 INFO  server.Server (Server.java:doStart(419)) - Started @2676ms
2019-06-14 09:09:15,300 INFO  server.BaseHttpServer (BaseHttpServer.java:updateConnectorAddress(207)) - HTTP server of OZONEMANAGER is listening at http://0.0.0.0:40205
2019-06-14 09:09:15,376 DEBUG block.SCMBlockDeletingService (SCMBlockDeletingService.java:call(138)) - Running DeletedBlockTransactionScanner
2019-06-14 09:09:15,376 DEBUG block.SCMBlockDeletingService (SCMBlockDeletingService.java:call(155)) - Scanned deleted blocks log and got 0 delTX to process.
2019-06-14 09:09:15,442 INFO  impl.MetricsSystemImpl (MetricsSystemImpl.java:init(158)) - HddsDatanode metrics system started (again)
2019-06-14 09:09:15,527 DEBUG block.SCMBlockDeletingService (SCMBlockDeletingService.java:call(138)) - Running DeletedBlockTransactionScanner
2019-06-14 09:09:15,528 DEBUG block.SCMBlockDeletingService (SCMBlockDeletingService.java:call(155)) - Scanned deleted blocks log and got 0 delTX to process.
2019-06-14 09:09:15,578 INFO  ozone.HddsDatanodeService (HddsDatanodeService.java:start(185)) - HddsDatanodeService host:ozone-xrdtn-3896089437 ip:192.168.105.147
2019-06-14 09:09:15,602 INFO  volume.HddsVolume (HddsVolume.java:<init>(176)) - Creating Volume: /opt/src/hadoop-ozone/integration-test/target/test-dir/MiniOzoneClusterImpl-a56da109-a1cb-4168-8966-62306f2f2d23/datanode-0/data/containers/hdds of  storage type : DISK and capacity : 104021790720
2019-06-14 09:09:15,604 INFO  volume.VolumeSet (VolumeSet.java:initializeVolumeSet(170)) - Added Volume : /opt/src/hadoop-ozone/integration-test/target/test-dir/MiniOzoneClusterImpl-a56da109-a1cb-4168-8966-62306f2f2d23/datanode-0/data/containers/hdds to VolumeSet
2019-06-14 09:09:15,607 INFO  volume.ThrottledAsyncChecker (ThrottledAsyncChecker.java:schedule(140)) - Scheduling a check for org.apache.hadoop.ozone.container.common.volume.HddsVolume@ae7950d
2019-06-14 09:09:15,620 INFO  volume.HddsVolumeChecker (HddsVolumeChecker.java:checkAllVolumes(203)) - Scheduled health check for volume org.apache.hadoop.ozone.container.common.volume.HddsVolume@ae7950d
2019-06-14 09:09:15,628 DEBUG block.SCMBlockDeletingService (SCMBlockDeletingService.java:call(138)) - Running DeletedBlockTransactionScanner
2019-06-14 09:09:15,628 DEBUG block.SCMBlockDeletingService (SCMBlockDeletingService.java:call(155)) - Scanned deleted blocks log and got 0 delTX to process.
2019-06-14 09:09:15,657 INFO  ratis.XceiverServerRatis (XceiverServerRatis.java:newXceiverServerRatis(401)) - Found a free port for the server : 44531
2019-06-14 09:09:15,713 INFO  impl.RaftServerProxy (ConfUtils.java:logGet(43)) - raft.rpc.type = GRPC (default)
2019-06-14 09:09:15,720 INFO  grpc.GrpcConfigKeys$Server (ConfUtils.java:logGet(43)) - raft.grpc.server.port = 44531 (custom)
2019-06-14 09:09:15,721 INFO  server.GrpcService (ConfUtils.java:logGet(43)) - raft.grpc.message.size.max = 33570816 (custom)
2019-06-14 09:09:15,722 INFO  server.RaftServerConfigKeys (ConfUtils.java:logGet(43)) - raft.server.log.appender.buffer.byte-limit = 33554432 (custom)
2019-06-14 09:09:15,722 INFO  server.GrpcService (ConfUtils.java:logGet(43)) - raft.grpc.flow.control.window = 1MB (=1048576) (default)
2019-06-14 09:09:15,723 INFO  server.RaftServerConfigKeys (ConfUtils.java:logGet(43)) - raft.server.rpc.request.timeout = 3000ms (default)
2019-06-14 09:09:15,729 DEBUG block.SCMBlockDeletingService (SCMBlockDeletingService.java:call(138)) - Running DeletedBlockTransactionScanner
2019-06-14 09:09:15,729 DEBUG block.SCMBlockDeletingService (SCMBlockDeletingService.java:call(155)) - Scanned deleted blocks log and got 0 delTX to process.
2019-06-14 09:09:15,829 DEBUG block.SCMBlockDeletingService (SCMBlockDeletingService.java:call(138)) - Running DeletedBlockTransactionScanner
2019-06-14 09:09:15,829 DEBUG block.SCMBlockDeletingService (SCMBlockDeletingService.java:call(155)) - Scanned deleted blocks log and got 0 delTX to process.
2019-06-14 09:09:15,831 INFO  server.RaftServerConfigKeys (ConfUtils.java:logGet(43)) - raft.server.storage.dir = [/opt/src/hadoop-ozone/integration-test/target/test-dir/MiniOzoneClusterImpl-a56da109-a1cb-4168-8966-62306f2f2d23/datanode-0/data/ratis] (custom)
2019-06-14 09:09:15,836 INFO  server.XceiverServerGrpc (XceiverServerGrpc.java:<init>(97)) - Found a free port for the server : 35693
2019-06-14 09:09:15,856 INFO  replication.SimpleContainerDownloader (SimpleContainerDownloader.java:<init>(72)) - Starting container downloader service to copy containers to replicate.
2019-06-14 09:09:15,892 INFO  hdfs.DFSUtil (DFSUtil.java:httpServerTemplateForNNAndJN(1641)) - Starting Web-server for hddsDatanode at: http://0.0.0.0:0
2019-06-14 09:09:15,893 INFO  server.AuthenticationFilter (AuthenticationFilter.java:constructSecretProvider(240)) - Unable to initialize FileSignerSecretProvider, falling back to use random secrets.
2019-06-14 09:09:15,894 WARN  http.HttpRequestLog (HttpRequestLog.java:getRequestLog(97)) - Jetty request log can only be enabled using Log4j
2019-06-14 09:09:15,895 INFO  http.HttpServer2 (HttpServer2.java:addGlobalFilter(975)) - Added global filter 'safety' (class=org.apache.hadoop.http.HttpServer2$QuotingInputFilter)
2019-06-14 09:09:15,895 INFO  http.HttpServer2 (HttpServer2.java:addFilter(948)) - Added filter static_user_filter (class=org.apache.hadoop.http.lib.StaticUserWebFilter$StaticUserFilter) to context hddsDatanode
2019-06-14 09:09:15,895 INFO  http.HttpServer2 (HttpServer2.java:addFilter(958)) - Added filter static_user_filter (class=org.apache.hadoop.http.lib.StaticUserWebFilter$StaticUserFilter) to context logs
2019-06-14 09:09:15,896 INFO  http.HttpServer2 (HttpServer2.java:addFilter(958)) - Added filter static_user_filter (class=org.apache.hadoop.http.lib.StaticUserWebFilter$StaticUserFilter) to context static
2019-06-14 09:09:15,896 INFO  http.HttpServer2 (HttpServer2.java:bindListener(1191)) - Jetty bound to port 33203
2019-06-14 09:09:15,896 INFO  server.Server (Server.java:doStart(351)) - jetty-9.3.24.v20180605, build timestamp: 2018-06-05T17:11:56Z, git hash: 84205aa28f11a4f31f2a3b86d1bba2cc8ab69827
2019-06-14 09:09:15,898 INFO  handler.ContextHandler (ContextHandler.java:doStart(781)) - Started o.e.j.s.ServletContextHandler@6438a7fe{/logs,file:///opt/src/hadoop-ozone/integration-test/target/log,AVAILABLE}
2019-06-14 09:09:15,899 INFO  handler.ContextHandler (ContextHandler.java:doStart(781)) - Started o.e.j.s.ServletContextHandler@4f5f6e45{/static,jar:file:/root/.m2/repository/org/apache/hadoop/hadoop-hdds-container-service/0.5.0-SNAPSHOT/hadoop-hdds-container-service-0.5.0-SNAPSHOT.jar!/webapps/static,AVAILABLE}
2019-06-14 09:09:15,925 INFO  handler.ContextHandler (ContextHandler.java:doStart(781)) - Started o.e.j.w.WebAppContext@36c0d0bd{/,file:///tmp/jetty-0.0.0.0-33203-hddsDatanode-_-any-1568384429087372298.dir/webapp/,AVAILABLE}{/hddsDatanode}
2019-06-14 09:09:15,925 INFO  server.AbstractConnector (AbstractConnector.java:doStart(278)) - Started ServerConnector@404423be{HTTP/1.1,[http/1.1]}{0.0.0.0:33203}
2019-06-14 09:09:15,925 INFO  server.Server (Server.java:doStart(419)) - Started @3302ms
2019-06-14 09:09:15,926 INFO  server.BaseHttpServer (BaseHttpServer.java:updateConnectorAddress(207)) - HTTP server of HDDSDATANODE is listening at http://0.0.0.0:33203
2019-06-14 09:09:15,930 DEBUG block.SCMBlockDeletingService (SCMBlockDeletingService.java:call(138)) - Running DeletedBlockTransactionScanner
2019-06-14 09:09:15,930 DEBUG block.SCMBlockDeletingService (SCMBlockDeletingService.java:call(155)) - Scanned deleted blocks log and got 0 delTX to process.
2019-06-14 09:09:16,030 DEBUG block.SCMBlockDeletingService (SCMBlockDeletingService.java:call(138)) - Running DeletedBlockTransactionScanner
2019-06-14 09:09:16,031 DEBUG block.SCMBlockDeletingService (SCMBlockDeletingService.java:call(155)) - Scanned deleted blocks log and got 0 delTX to process.
2019-06-14 09:09:16,131 DEBUG block.SCMBlockDeletingService (SCMBlockDeletingService.java:call(138)) - Running DeletedBlockTransactionScanner
2019-06-14 09:09:16,131 DEBUG block.SCMBlockDeletingService (SCMBlockDeletingService.java:call(155)) - Scanned deleted blocks log and got 0 delTX to process.
2019-06-14 09:09:16,232 DEBUG block.SCMBlockDeletingService (SCMBlockDeletingService.java:call(138)) - Running DeletedBlockTransactionScanner
2019-06-14 09:09:16,232 DEBUG block.SCMBlockDeletingService (SCMBlockDeletingService.java:call(155)) - Scanned deleted blocks log and got 0 delTX to process.
2019-06-14 09:09:16,349 DEBUG block.SCMBlockDeletingService (SCMBlockDeletingService.java:call(138)) - Running DeletedBlockTransactionScanner
2019-06-14 09:09:16,350 DEBUG block.SCMBlockDeletingService (SCMBlockDeletingService.java:call(155)) - Scanned deleted blocks log and got 0 delTX to process.
2019-06-14 09:09:16,452 DEBUG block.SCMBlockDeletingService (SCMBlockDeletingService.java:call(138)) - Running DeletedBlockTransactionScanner
2019-06-14 09:09:16,452 DEBUG block.SCMBlockDeletingService (SCMBlockDeletingService.java:call(155)) - Scanned deleted blocks log and got 0 delTX to process.
2019-06-14 09:09:16,552 DEBUG block.SCMBlockDeletingService (SCMBlockDeletingService.java:call(138)) - Running DeletedBlockTransactionScanner
2019-06-14 09:09:16,552 DEBUG block.SCMBlockDeletingService (SCMBlockDeletingService.java:call(155)) - Scanned deleted blocks log and got 0 delTX to process.
2019-06-14 09:09:16,653 DEBUG block.SCMBlockDeletingService (SCMBlockDeletingService.java:call(138)) - Running DeletedBlockTransactionScanner
2019-06-14 09:09:16,653 DEBUG block.SCMBlockDeletingService (SCMBlockDeletingService.java:call(155)) - Scanned deleted blocks log and got 0 delTX to process.
2019-06-14 09:09:16,726 INFO  ozone.HddsDatanodeService (HddsDatanodeService.java:startPlugins(396)) - Started plug-in org.apache.hadoop.ozone.web.OzoneHddsDatanodeService@575cabf0
2019-06-14 09:09:16,727 INFO  ozone.MiniOzoneClusterImpl (MiniOzoneClusterImpl.java:lambda$waitForClusterToBeReady$0(142)) - Waiting for cluster to be ready. Got 0 of 1 DN Heartbeats.
2019-06-14 09:09:16,730 INFO  util.JvmPauseMonitor (JvmPauseMonitor.java:run(188)) - Starting JVM pause monitor
2019-06-14 09:09:16,754 DEBUG block.SCMBlockDeletingService (SCMBlockDeletingService.java:call(138)) - Running DeletedBlockTransactionScanner
2019-06-14 09:09:16,754 DEBUG block.SCMBlockDeletingService (SCMBlockDeletingService.java:call(155)) - Scanned deleted blocks log and got 0 delTX to process.
2019-06-14 09:09:16,794 INFO  datanode.InitDatanodeState (InitDatanodeState.java:persistContainerDatanodeDetails(140)) - DatanodeDetails is persisted to /opt/src/hadoop-ozone/integration-test/target/test-dir/MiniOzoneClusterImpl-a56da109-a1cb-4168-8966-62306f2f2d23/datanode-0/meta/datanode.id
2019-06-14 09:09:16,854 DEBUG block.SCMBlockDeletingService (SCMBlockDeletingService.java:call(138)) - Running DeletedBlockTransactionScanner
2019-06-14 09:09:16,854 DEBUG block.SCMBlockDeletingService (SCMBlockDeletingService.java:call(155)) - Scanned deleted blocks log and got 0 delTX to process.
2019-06-14 09:09:16,955 DEBUG block.SCMBlockDeletingService (SCMBlockDeletingService.java:call(138)) - Running DeletedBlockTransactionScanner
2019-06-14 09:09:16,955 DEBUG block.SCMBlockDeletingService (SCMBlockDeletingService.java:call(155)) - Scanned deleted blocks log and got 0 delTX to process.
2019-06-14 09:09:17,055 DEBUG block.SCMBlockDeletingService (SCMBlockDeletingService.java:call(138)) - Running DeletedBlockTransactionScanner
2019-06-14 09:09:17,055 DEBUG block.SCMBlockDeletingService (SCMBlockDeletingService.java:call(155)) - Scanned deleted blocks log and got 0 delTX to process.
2019-06-14 09:09:17,156 DEBUG block.SCMBlockDeletingService (SCMBlockDeletingService.java:call(138)) - Running DeletedBlockTransactionScanner
2019-06-14 09:09:17,156 DEBUG block.SCMBlockDeletingService (SCMBlockDeletingService.java:call(155)) - Scanned deleted blocks log and got 0 delTX to process.
2019-06-14 09:09:17,256 DEBUG block.SCMBlockDeletingService (SCMBlockDeletingService.java:call(138)) - Running DeletedBlockTransactionScanner
2019-06-14 09:09:17,256 DEBUG block.SCMBlockDeletingService (SCMBlockDeletingService.java:call(155)) - Scanned deleted blocks log and got 0 delTX to process.
2019-06-14 09:09:17,357 DEBUG block.SCMBlockDeletingService (SCMBlockDeletingService.java:call(138)) - Running DeletedBlockTransactionScanner
2019-06-14 09:09:17,357 DEBUG block.SCMBlockDeletingService (SCMBlockDeletingService.java:call(155)) - Scanned deleted blocks log and got 0 delTX to process.
2019-06-14 09:09:17,457 DEBUG block.SCMBlockDeletingService (SCMBlockDeletingService.java:call(138)) - Running DeletedBlockTransactionScanner
2019-06-14 09:09:17,457 DEBUG block.SCMBlockDeletingService (SCMBlockDeletingService.java:call(155)) - Scanned deleted blocks log and got 0 delTX to process.
2019-06-14 09:09:17,558 DEBUG block.SCMBlockDeletingService (SCMBlockDeletingService.java:call(138)) - Running DeletedBlockTransactionScanner
2019-06-14 09:09:17,558 DEBUG block.SCMBlockDeletingService (SCMBlockDeletingService.java:call(155)) - Scanned deleted blocks log and got 0 delTX to process.
2019-06-14 09:09:17,658 DEBUG block.SCMBlockDeletingService (SCMBlockDeletingService.java:call(138)) - Running DeletedBlockTransactionScanner
2019-06-14 09:09:17,658 DEBUG block.SCMBlockDeletingService (SCMBlockDeletingService.java:call(155)) - Scanned deleted blocks log and got 0 delTX to process.
2019-06-14 09:09:17,728 INFO  ozone.MiniOzoneClusterImpl (MiniOzoneClusterImpl.java:lambda$waitForClusterToBeReady$0(142)) - Waiting for cluster to be ready. Got 0 of 1 DN Heartbeats.
2019-06-14 09:09:17,758 DEBUG block.SCMBlockDeletingService (SCMBlockDeletingService.java:call(138)) - Running DeletedBlockTransactionScanner
2019-06-14 09:09:17,759 DEBUG block.SCMBlockDeletingService (SCMBlockDeletingService.java:call(155)) - Scanned deleted blocks log and got 0 delTX to process.
2019-06-14 09:09:17,859 DEBUG block.SCMBlockDeletingService (SCMBlockDeletingService.java:call(138)) - Running DeletedBlockTransactionScanner
2019-06-14 09:09:17,859 DEBUG block.SCMBlockDeletingService (SCMBlockDeletingService.java:call(155)) - Scanned deleted blocks log and got 0 delTX to process.
2019-06-14 09:09:17,959 DEBUG block.SCMBlockDeletingService (SCMBlockDeletingService.java:call(138)) - Running DeletedBlockTransactionScanner
2019-06-14 09:09:17,959 DEBUG block.SCMBlockDeletingService (SCMBlockDeletingService.java:call(155)) - Scanned deleted blocks log and got 0 delTX to process.
2019-06-14 09:09:18,060 DEBUG block.SCMBlockDeletingService (SCMBlockDeletingService.java:call(138)) - Running DeletedBlockTransactionScanner
2019-06-14 09:09:18,060 DEBUG block.SCMBlockDeletingService (SCMBlockDeletingService.java:call(155)) - Scanned deleted blocks log and got 0 delTX to process.
2019-06-14 09:09:18,160 DEBUG block.SCMBlockDeletingService (SCMBlockDeletingService.java:call(138)) - Running DeletedBlockTransactionScanner
2019-06-14 09:09:18,160 DEBUG block.SCMBlockDeletingService (SCMBlockDeletingService.java:call(155)) - Scanned deleted blocks log and got 0 delTX to process.
2019-06-14 09:09:18,261 DEBUG block.SCMBlockDeletingService (SCMBlockDeletingService.java:call(138)) - Running DeletedBlockTransactionScanner
2019-06-14 09:09:18,261 DEBUG block.SCMBlockDeletingService (SCMBlockDeletingService.java:call(155)) - Scanned deleted blocks log and got 0 delTX to process.
2019-06-14 09:09:18,361 DEBUG block.SCMBlockDeletingService (SCMBlockDeletingService.java:call(138)) - Running DeletedBlockTransactionScanner
2019-06-14 09:09:18,361 DEBUG block.SCMBlockDeletingService (SCMBlockDeletingService.java:call(155)) - Scanned deleted blocks log and got 0 delTX to process.
2019-06-14 09:09:18,462 DEBUG block.SCMBlockDeletingService (SCMBlockDeletingService.java:call(138)) - Running DeletedBlockTransactionScanner
2019-06-14 09:09:18,462 DEBUG block.SCMBlockDeletingService (SCMBlockDeletingService.java:call(155)) - Scanned deleted blocks log and got 0 delTX to process.
2019-06-14 09:09:18,562 DEBUG block.SCMBlockDeletingService (SCMBlockDeletingService.java:call(138)) - Running DeletedBlockTransactionScanner
2019-06-14 09:09:18,562 DEBUG block.SCMBlockDeletingService (SCMBlockDeletingService.java:call(155)) - Scanned deleted blocks log and got 0 delTX to process.
2019-06-14 09:09:18,662 DEBUG block.SCMBlockDeletingService (SCMBlockDeletingService.java:call(138)) - Running DeletedBlockTransactionScanner
2019-06-14 09:09:18,662 DEBUG block.SCMBlockDeletingService (SCMBlockDeletingService.java:call(155)) - Scanned deleted blocks log and got 0 delTX to process.
2019-06-14 09:09:18,728 INFO  ozone.MiniOzoneClusterImpl (MiniOzoneClusterImpl.java:lambda$waitForClusterToBeReady$0(142)) - Waiting for cluster to be ready. Got 0 of 1 DN Heartbeats.
2019-06-14 09:09:18,752 INFO  ozoneimpl.OzoneContainer (OzoneContainer.java:start(186)) - Attempting to start container services.
2019-06-14 09:09:18,752 INFO  ozoneimpl.OzoneContainer (OzoneContainer.java:startContainerScrub(160)) - Background container scrubber has been disabled by hdds.containerscrub.enabled
2019-06-14 09:09:18,752 INFO  ratis.XceiverServerRatis (XceiverServerRatis.java:start(418)) - Starting XceiverServerRatis e6065258-5a2c-4a72-9f81-ed1321f551ca at port 44531
2019-06-14 09:09:18,763 DEBUG block.SCMBlockDeletingService (SCMBlockDeletingService.java:call(138)) - Running DeletedBlockTransactionScanner
2019-06-14 09:09:18,763 DEBUG block.SCMBlockDeletingService (SCMBlockDeletingService.java:call(155)) - Scanned deleted blocks log and got 0 delTX to process.
2019-06-14 09:09:18,764 INFO  impl.RaftServerProxy (RaftServerProxy.java:lambda$start$3(299)) - e6065258-5a2c-4a72-9f81-ed1321f551ca: start RPC server
2019-06-14 09:09:18,863 DEBUG block.SCMBlockDeletingService (SCMBlockDeletingService.java:call(138)) - Running DeletedBlockTransactionScanner
2019-06-14 09:09:18,863 DEBUG block.SCMBlockDeletingService (SCMBlockDeletingService.java:call(155)) - Scanned deleted blocks log and got 0 delTX to process.
2019-06-14 09:09:18,888 INFO  server.GrpcService (GrpcService.java:startImpl(148)) - e6065258-5a2c-4a72-9f81-ed1321f551ca: GrpcService started, listening on 0.0.0.0/0.0.0.0:44531
2019-06-14 09:09:18,964 DEBUG block.SCMBlockDeletingService (SCMBlockDeletingService.java:call(138)) - Running DeletedBlockTransactionScanner
2019-06-14 09:09:18,964 DEBUG block.SCMBlockDeletingService (SCMBlockDeletingService.java:call(155)) - Scanned deleted blocks log and got 0 delTX to process.
2019-06-14 09:09:19,064 DEBUG block.SCMBlockDeletingService (SCMBlockDeletingService.java:call(138)) - Running DeletedBlockTransactionScanner
2019-06-14 09:09:19,064 DEBUG block.SCMBlockDeletingService (SCMBlockDeletingService.java:call(155)) - Scanned deleted blocks log and got 0 delTX to process.
2019-06-14 09:09:19,165 DEBUG block.SCMBlockDeletingService (SCMBlockDeletingService.java:call(138)) - Running DeletedBlockTransactionScanner
2019-06-14 09:09:19,165 DEBUG block.SCMBlockDeletingService (SCMBlockDeletingService.java:call(155)) - Scanned deleted blocks log and got 0 delTX to process.
2019-06-14 09:09:19,265 DEBUG block.SCMBlockDeletingService (SCMBlockDeletingService.java:call(138)) - Running DeletedBlockTransactionScanner
2019-06-14 09:09:19,265 DEBUG block.SCMBlockDeletingService (SCMBlockDeletingService.java:call(155)) - Scanned deleted blocks log and got 0 delTX to process.
2019-06-14 09:09:19,365 DEBUG block.SCMBlockDeletingService (SCMBlockDeletingService.java:call(138)) - Running DeletedBlockTransactionScanner
2019-06-14 09:09:19,366 DEBUG block.SCMBlockDeletingService (SCMBlockDeletingService.java:call(155)) - Scanned deleted blocks log and got 0 delTX to process.
2019-06-14 09:09:19,466 DEBUG block.SCMBlockDeletingService (SCMBlockDeletingService.java:call(138)) - Running DeletedBlockTransactionScanner
2019-06-14 09:09:19,466 DEBUG block.SCMBlockDeletingService (SCMBlockDeletingService.java:call(155)) - Scanned deleted blocks log and got 0 delTX to process.
2019-06-14 09:09:19,566 DEBUG block.SCMBlockDeletingService (SCMBlockDeletingService.java:call(138)) - Running DeletedBlockTransactionScanner
2019-06-14 09:09:19,567 DEBUG block.SCMBlockDeletingService (SCMBlockDeletingService.java:call(155)) - Scanned deleted blocks log and got 0 delTX to process.
2019-06-14 09:09:19,667 DEBUG block.SCMBlockDeletingService (SCMBlockDeletingService.java:call(138)) - Running DeletedBlockTransactionScanner
2019-06-14 09:09:19,667 DEBUG block.SCMBlockDeletingService (SCMBlockDeletingService.java:call(155)) - Scanned deleted blocks log and got 0 delTX to process.
2019-06-14 09:09:19,728 INFO  ozone.MiniOzoneClusterImpl (MiniOzoneClusterImpl.java:lambda$waitForClusterToBeReady$0(142)) - Waiting for cluster to be ready. Got 0 of 1 DN Heartbeats.
2019-06-14 09:09:19,767 DEBUG block.SCMBlockDeletingService (SCMBlockDeletingService.java:call(138)) - Running DeletedBlockTransactionScanner
2019-06-14 09:09:19,768 DEBUG block.SCMBlockDeletingService (SCMBlockDeletingService.java:call(155)) - Scanned deleted blocks log and got 0 delTX to process.
2019-06-14 09:09:19,868 DEBUG block.SCMBlockDeletingService (SCMBlockDeletingService.java:call(138)) - Running DeletedBlockTransactionScanner
2019-06-14 09:09:19,868 DEBUG block.SCMBlockDeletingService (SCMBlockDeletingService.java:call(155)) - Scanned deleted blocks log and got 0 delTX to process.
2019-06-14 09:09:19,968 DEBUG block.SCMBlockDeletingService (SCMBlockDeletingService.java:call(138)) - Running DeletedBlockTransactionScanner
2019-06-14 09:09:19,969 DEBUG block.SCMBlockDeletingService (SCMBlockDeletingService.java:call(155)) - Scanned deleted blocks log and got 0 delTX to process.
2019-06-14 09:09:20,069 DEBUG block.SCMBlockDeletingService (SCMBlockDeletingService.java:call(138)) - Running DeletedBlockTransactionScanner
2019-06-14 09:09:20,069 DEBUG block.SCMBlockDeletingService (SCMBlockDeletingService.java:call(155)) - Scanned deleted blocks log and got 0 delTX to process.
2019-06-14 09:09:20,169 DEBUG block.SCMBlockDeletingService (SCMBlockDeletingService.java:call(138)) - Running DeletedBlockTransactionScanner
2019-06-14 09:09:20,169 DEBUG block.SCMBlockDeletingService (SCMBlockDeletingService.java:call(155)) - Scanned deleted blocks log and got 0 delTX to process.
2019-06-14 09:09:20,270 DEBUG block.SCMBlockDeletingService (SCMBlockDeletingService.java:call(138)) - Running DeletedBlockTransactionScanner
2019-06-14 09:09:20,270 DEBUG block.SCMBlockDeletingService (SCMBlockDeletingService.java:call(155)) - Scanned deleted blocks log and got 0 delTX to process.
2019-06-14 09:09:20,370 DEBUG block.SCMBlockDeletingService (SCMBlockDeletingService.java:call(138)) - Running DeletedBlockTransactionScanner
2019-06-14 09:09:20,370 DEBUG block.SCMBlockDeletingService (SCMBlockDeletingService.java:call(155)) - Scanned deleted blocks log and got 0 delTX to process.
2019-06-14 09:09:20,470 DEBUG block.SCMBlockDeletingService (SCMBlockDeletingService.java:call(138)) - Running DeletedBlockTransactionScanner
2019-06-14 09:09:20,471 DEBUG block.SCMBlockDeletingService (SCMBlockDeletingService.java:call(155)) - Scanned deleted blocks log and got 0 delTX to process.
2019-06-14 09:09:20,571 DEBUG block.SCMBlockDeletingService (SCMBlockDeletingService.java:call(138)) - Running DeletedBlockTransactionScanner
2019-06-14 09:09:20,571 DEBUG block.SCMBlockDeletingService (SCMBlockDeletingService.java:call(155)) - Scanned deleted blocks log and got 0 delTX to process.
2019-06-14 09:09:20,671 DEBUG block.SCMBlockDeletingService (SCMBlockDeletingService.java:call(138)) - Running DeletedBlockTransactionScanner
2019-06-14 09:09:20,672 DEBUG block.SCMBlockDeletingService (SCMBlockDeletingService.java:call(155)) - Scanned deleted blocks log and got 0 delTX to process.
2019-06-14 09:09:20,728 INFO  ozone.MiniOzoneClusterImpl (MiniOzoneClusterImpl.java:lambda$waitForClusterToBeReady$0(142)) - Waiting for cluster to be ready. Got 0 of 1 DN Heartbeats.
2019-06-14 09:09:20,752 INFO  node.SCMNodeManager (SCMNodeManager.java:register(234)) - Registered Data node : e6065258-5a2c-4a72-9f81-ed1321f551ca{ip: 192.168.105.147, host: ozone-xrdtn-3896089437, networkLocation: /default-rack, certSerialId: null}
2019-06-14 09:09:20,758 INFO  safemode.SCMSafeModeManager (DataNodeSafeModeRule.java:process(71)) - SCM in safe mode. 1 DataNodes registered, 1 required.
2019-06-14 09:09:20,758 INFO  safemode.SCMSafeModeManager (SCMSafeModeManager.java:validateSafeModeExitRules(177)) - ScmSafeModeManager, all rules are successfully validated
2019-06-14 09:09:20,758 INFO  safemode.SCMSafeModeManager (SCMSafeModeManager.java:exitSafeMode(193)) - SCM exiting safe mode.
2019-06-14 09:09:20,772 DEBUG block.SCMBlockDeletingService (SCMBlockDeletingService.java:call(138)) - Running DeletedBlockTransactionScanner
2019-06-14 09:09:20,772 DEBUG block.SCMBlockDeletingService (SCMBlockDeletingService.java:call(155)) - Scanned deleted blocks log and got 0 delTX to process.
2019-06-14 09:09:20,873 DEBUG block.SCMBlockDeletingService (SCMBlockDeletingService.java:call(138)) - Running DeletedBlockTransactionScanner
2019-06-14 09:09:20,873 DEBUG block.SCMBlockDeletingService (SCMBlockDeletingService.java:call(155)) - Scanned deleted blocks log and got 0 delTX to process.
2019-06-14 09:09:20,976 DEBUG block.SCMBlockDeletingService (SCMBlockDeletingService.java:call(138)) - Running DeletedBlockTransactionScanner
2019-06-14 09:09:20,976 DEBUG block.SCMBlockDeletingService (SCMBlockDeletingService.java:call(155)) - Scanned deleted blocks log and got 0 delTX to process.
2019-06-14 09:09:21,079 DEBUG block.SCMBlockDeletingService (SCMBlockDeletingService.java:call(138)) - Running DeletedBlockTransactionScanner
2019-06-14 09:09:21,082 DEBUG block.SCMBlockDeletingService (SCMBlockDeletingService.java:call(155)) - Scanned deleted blocks log and got 0 delTX to process.
2019-06-14 09:09:21,183 DEBUG block.SCMBlockDeletingService (SCMBlockDeletingService.java:call(138)) - Running DeletedBlockTransactionScanner
2019-06-14 09:09:21,183 DEBUG block.SCMBlockDeletingService (SCMBlockDeletingService.java:call(155)) - Scanned deleted blocks log and got 0 delTX to process.
2019-06-14 09:09:21,250 INFO  impl.RaftServerProxy (RaftServerProxy.java:addNew(89)) - e6065258-5a2c-4a72-9f81-ed1321f551ca: addNew group-13364FE26125:[e6065258-5a2c-4a72-9f81-ed1321f551ca:192.168.105.147:44531] returns group-13364FE26125:java.util.concurrent.CompletableFuture@3bf7a06[Not completed]
2019-06-14 09:09:21,255 INFO  impl.RaftServerImpl (RaftServerImpl.java:<init>(91)) - e6065258-5a2c-4a72-9f81-ed1321f551ca: new RaftServerImpl for group-13364FE26125:[e6065258-5a2c-4a72-9f81-ed1321f551ca:192.168.105.147:44531] with ContainerStateMachine:uninitialized
2019-06-14 09:09:21,257 INFO  server.RaftServerConfigKeys (ConfUtils.java:logGet(43)) - raft.server.rpc.timeout.min = 1s (custom)
2019-06-14 09:09:21,257 INFO  server.RaftServerConfigKeys (ConfUtils.java:logGet(43)) - raft.server.rpc.timeout.max = 1200ms (custom)
2019-06-14 09:09:21,257 INFO  server.RaftServerConfigKeys (ConfUtils.java:logGet(43)) - raft.server.rpcslowness.timeout = 120s (custom)
2019-06-14 09:09:21,258 INFO  server.RaftServerConfigKeys (ConfUtils.java:logGet(43)) - raft.server.log.appender.install.snapshot.enabled = true (default)
2019-06-14 09:09:21,263 INFO  impl.RaftServerImpl (ServerState.java:<init>(101)) - e6065258-5a2c-4a72-9f81-ed1321f551ca:group-13364FE26125 ConfigurationManager, init=-1: [e6065258-5a2c-4a72-9f81-ed1321f551ca:192.168.105.147:44531], old=null, confs=<EMPTY_MAP>
2019-06-14 09:09:21,264 INFO  server.RaftServerConfigKeys (ConfUtils.java:logGet(43)) - raft.server.storage.dir = [/opt/src/hadoop-ozone/integration-test/target/test-dir/MiniOzoneClusterImpl-a56da109-a1cb-4168-8966-62306f2f2d23/datanode-0/data/ratis] (custom)
2019-06-14 09:09:21,269 INFO  storage.RaftStorageDirectory (RaftStorageDirectory.java:analyzeStorage(246)) - The storage directory /opt/src/hadoop-ozone/integration-test/target/test-dir/MiniOzoneClusterImpl-a56da109-a1cb-4168-8966-62306f2f2d23/datanode-0/data/ratis/920138aa-6f47-4d6d-b5cc-13364fe26125 does not exist. Creating ...
2019-06-14 09:09:21,274 INFO  storage.RaftStorageDirectory (RaftStorageDirectory.java:tryLock(328)) - Lock on /opt/src/hadoop-ozone/integration-test/target/test-dir/MiniOzoneClusterImpl-a56da109-a1cb-4168-8966-62306f2f2d23/datanode-0/data/ratis/920138aa-6f47-4d6d-b5cc-13364fe26125/in_use.lock acquired by nodename 8838@ozone-xrdtn-3896089437
2019-06-14 09:09:21,278 INFO  storage.RaftStorage (RaftStorage.java:format(75)) - Storage directory /opt/src/hadoop-ozone/integration-test/target/test-dir/MiniOzoneClusterImpl-a56da109-a1cb-4168-8966-62306f2f2d23/datanode-0/data/ratis/920138aa-6f47-4d6d-b5cc-13364fe26125 has been successfully formatted.
2019-06-14 09:09:21,280 INFO  ratis.ContainerStateMachine (ContainerStateMachine.java:loadSnapshot(199)) - The snapshot info is null.Setting the last applied index to:(t:0, i:~)
2019-06-14 09:09:21,282 INFO  server.RaftServerConfigKeys (ConfUtils.java:logGet(43)) - raft.server.leader.election.timeout = 120s (custom)
2019-06-14 09:09:21,284 DEBUG block.SCMBlockDeletingService (SCMBlockDeletingService.java:call(138)) - Running DeletedBlockTransactionScanner
2019-06-14 09:09:21,284 DEBUG block.SCMBlockDeletingService (SCMBlockDeletingService.java:call(155)) - Scanned deleted blocks log and got 0 delTX to process.
2019-06-14 09:09:21,285 INFO  server.RaftServerConfigKeys (ConfUtils.java:logGet(43)) - raft.server.log.use.memory = false (default)
2019-06-14 09:09:21,288 INFO  server.RaftServerConfigKeys (ConfUtils.java:logGet(43)) - raft.server.log.appender.buffer.byte-limit = 33554432 (custom)
2019-06-14 09:09:21,291 INFO  server.RaftServerConfigKeys (ConfUtils.java:logGet(43)) - raft.server.log.segment.size.max = 16384 (custom)
2019-06-14 09:09:21,296 INFO  server.RaftServerConfigKeys (ConfUtils.java:logGet(43)) - raft.server.log.segment.cache.num.max = 2 (custom)
2019-06-14 09:09:21,299 INFO  storage.RaftLogWorker (RaftLogWorker.java:<init>(123)) - new e6065258-5a2c-4a72-9f81-ed1321f551ca-RaftLogWorker for Storage Directory /opt/src/hadoop-ozone/integration-test/target/test-dir/MiniOzoneClusterImpl-a56da109-a1cb-4168-8966-62306f2f2d23/datanode-0/data/ratis/920138aa-6f47-4d6d-b5cc-13364fe26125
2019-06-14 09:09:21,299 INFO  server.RaftServerConfigKeys (ConfUtils.java:logGet(43)) - raft.server.log.queue.byte-limit = 2147483647 (custom)
2019-06-14 09:09:21,300 INFO  server.RaftServerConfigKeys (ConfUtils.java:logGet(43)) - raft.server.log.queue.element-limit = 1024 (custom)
2019-06-14 09:09:21,302 INFO  server.RaftServerConfigKeys (ConfUtils.java:logGet(43)) - raft.server.log.segment.size.max = 16384 (custom)
2019-06-14 09:09:21,302 INFO  server.RaftServerConfigKeys (ConfUtils.java:logGet(43)) - raft.server.log.preallocated.size = 16384 (custom)
2019-06-14 09:09:21,303 INFO  server.RaftServerConfigKeys (ConfUtils.java:logGet(43)) - raft.server.log.write.buffer.size = 33554432 (custom)
2019-06-14 09:09:21,303 INFO  server.RaftServerConfigKeys (ConfUtils.java:logGet(43)) - raft.server.log.force.sync.num = 128 (default)
2019-06-14 09:09:21,304 INFO  server.RaftServerConfigKeys (ConfUtils.java:logGet(43)) - raft.server.log.statemachine.data.sync = true (default)
2019-06-14 09:09:21,304 INFO  server.RaftServerConfigKeys (ConfUtils.java:logGet(43)) - raft.server.log.statemachine.data.sync.timeout = 10s (default)
2019-06-14 09:09:21,305 INFO  server.RaftServerConfigKeys (ConfUtils.java:logGet(43)) - raft.server.log.statemachine.data.sync.timeout.retry = -1 (default)
2019-06-14 09:09:21,308 INFO  server.RaftServerConfigKeys (ConfUtils.java:logGet(43)) - raft.server.log.statemachine.data.caching.enabled = true (custom)
2019-06-14 09:09:21,314 INFO  server.RaftServerConfigKeys (ConfUtils.java:logGet(43)) - raft.server.snapshot.auto.trigger.enabled = true (custom)
2019-06-14 09:09:21,315 INFO  server.RaftServerConfigKeys (ConfUtils.java:logGet(43)) - raft.server.snapshot.auto.trigger.threshold = 10000 (custom)
2019-06-14 09:09:21,315 INFO  server.RaftServerConfigKeys (ConfUtils.java:logGet(43)) - raft.server.retrycache.expirytime = 600000ms (custom)
2019-06-14 09:09:21,419 DEBUG block.SCMBlockDeletingService (SCMBlockDeletingService.java:call(138)) - Running DeletedBlockTransactionScanner
2019-06-14 09:09:21,419 DEBUG block.SCMBlockDeletingService (SCMBlockDeletingService.java:call(155)) - Scanned deleted blocks log and got 0 delTX to process.
2019-06-14 09:09:21,430 INFO  impl.RaftServerImpl (RaftServerImpl.java:start(173)) - e6065258-5a2c-4a72-9f81-ed1321f551ca: start group-13364FE26125
2019-06-14 09:09:21,431 INFO  impl.RaftServerImpl (RaftServerImpl.java:setRole(164)) - e6065258-5a2c-4a72-9f81-ed1321f551ca:group-13364FE26125 changes role from null to FOLLOWER at term 0 for startAsFollower
2019-06-14 09:09:21,432 INFO  impl.RoleInfo (RoleInfo.java:updateAndGet(143)) - e6065258-5a2c-4a72-9f81-ed1321f551ca: start FollowerState
2019-06-14 09:09:21,435 INFO  util.JmxRegister (JmxRegister.java:tryRegister(44)) - Successfully registered JMX Bean with object name Ratis:service=RaftServer,group=group-13364FE26125,id=e6065258-5a2c-4a72-9f81-ed1321f551ca
2019-06-14 09:09:21,486 INFO  pipeline.PipelineStateManager (PipelineStateManager.java:addPipeline(56)) - Created pipeline Pipeline[ Id: 920138aa-6f47-4d6d-b5cc-13364fe26125, Nodes: e6065258-5a2c-4a72-9f81-ed1321f551ca{ip: 192.168.105.147, host: ozone-xrdtn-3896089437, networkLocation: /default-rack, certSerialId: null}, Type:RATIS, Factor:ONE, State:OPEN]
2019-06-14 09:09:21,520 DEBUG block.SCMBlockDeletingService (SCMBlockDeletingService.java:call(138)) - Running DeletedBlockTransactionScanner
2019-06-14 09:09:21,520 DEBUG block.SCMBlockDeletingService (SCMBlockDeletingService.java:call(155)) - Scanned deleted blocks log and got 0 delTX to process.
2019-06-14 09:09:21,620 DEBUG block.SCMBlockDeletingService (SCMBlockDeletingService.java:call(138)) - Running DeletedBlockTransactionScanner
2019-06-14 09:09:21,621 DEBUG block.SCMBlockDeletingService (SCMBlockDeletingService.java:call(155)) - Scanned deleted blocks log and got 0 delTX to process.
2019-06-14 09:09:21,721 DEBUG block.SCMBlockDeletingService (SCMBlockDeletingService.java:call(138)) - Running DeletedBlockTransactionScanner
2019-06-14 09:09:21,721 DEBUG block.SCMBlockDeletingService (SCMBlockDeletingService.java:call(155)) - Scanned deleted blocks log and got 0 delTX to process.
2019-06-14 09:09:21,729 INFO  ozone.MiniOzoneClusterImpl (MiniOzoneClusterImpl.java:lambda$waitForClusterToBeReady$0(142)) - Cluster is ready. Got 1 of 1 DN Heartbeats.
2019-06-14 09:09:21,821 DEBUG block.SCMBlockDeletingService (SCMBlockDeletingService.java:call(138)) - Running DeletedBlockTransactionScanner
2019-06-14 09:09:21,822 DEBUG block.SCMBlockDeletingService (SCMBlockDeletingService.java:call(155)) - Scanned deleted blocks log and got 0 delTX to process.
2019-06-14 09:09:21,922 DEBUG block.SCMBlockDeletingService (SCMBlockDeletingService.java:call(138)) - Running DeletedBlockTransactionScanner
2019-06-14 09:09:21,922 DEBUG block.SCMBlockDeletingService (SCMBlockDeletingService.java:call(155)) - Scanned deleted blocks log and got 0 delTX to process.
2019-06-14 09:09:22,023 DEBUG block.SCMBlockDeletingService (SCMBlockDeletingService.java:call(138)) - Running DeletedBlockTransactionScanner
2019-06-14 09:09:22,023 DEBUG block.SCMBlockDeletingService (SCMBlockDeletingService.java:call(155)) - Scanned deleted blocks log and got 0 delTX to process.
2019-06-14 09:09:22,123 DEBUG block.SCMBlockDeletingService (SCMBlockDeletingService.java:call(138)) - Running DeletedBlockTransactionScanner
2019-06-14 09:09:22,124 DEBUG block.SCMBlockDeletingService (SCMBlockDeletingService.java:call(155)) - Scanned deleted blocks log and got 0 delTX to process.
2019-06-14 09:09:22,224 DEBUG block.SCMBlockDeletingService (SCMBlockDeletingService.java:call(138)) - Running DeletedBlockTransactionScanner
2019-06-14 09:09:22,224 DEBUG block.SCMBlockDeletingService (SCMBlockDeletingService.java:call(155)) - Scanned deleted blocks log and got 0 delTX to process.
2019-06-14 09:09:22,324 DEBUG block.SCMBlockDeletingService (SCMBlockDeletingService.java:call(138)) - Running DeletedBlockTransactionScanner
2019-06-14 09:09:22,324 DEBUG block.SCMBlockDeletingService (SCMBlockDeletingService.java:call(155)) - Scanned deleted blocks log and got 0 delTX to process.
2019-06-14 09:09:22,425 DEBUG block.SCMBlockDeletingService (SCMBlockDeletingService.java:call(138)) - Running DeletedBlockTransactionScanner
2019-06-14 09:09:22,425 DEBUG block.SCMBlockDeletingService (SCMBlockDeletingService.java:call(155)) - Scanned deleted blocks log and got 0 delTX to process.
2019-06-14 09:09:22,525 DEBUG block.SCMBlockDeletingService (SCMBlockDeletingService.java:call(138)) - Running DeletedBlockTransactionScanner
2019-06-14 09:09:22,525 DEBUG block.SCMBlockDeletingService (SCMBlockDeletingService.java:call(155)) - Scanned deleted blocks log and got 0 delTX to process.
2019-06-14 09:09:22,625 INFO  impl.FollowerState (FollowerState.java:run(101)) - e6065258-5a2c-4a72-9f81-ed1321f551ca:group-13364FE26125 changes to CANDIDATE, lastRpcTime:1192, electionTimeout:1192ms
2019-06-14 09:09:22,625 INFO  impl.RoleInfo (RoleInfo.java:shutdownFollowerState(121)) - e6065258-5a2c-4a72-9f81-ed1321f551ca: shutdown FollowerState
2019-06-14 09:09:22,626 INFO  impl.RaftServerImpl (RaftServerImpl.java:setRole(164)) - e6065258-5a2c-4a72-9f81-ed1321f551ca:group-13364FE26125 changes role from FOLLOWER to CANDIDATE at term 0 for changeToCandidate
2019-06-14 09:09:22,628 INFO  impl.RoleInfo (RoleInfo.java:updateAndGet(143)) - e6065258-5a2c-4a72-9f81-ed1321f551ca: start LeaderElection
2019-06-14 09:09:22,628 DEBUG block.SCMBlockDeletingService (SCMBlockDeletingService.java:call(138)) - Running DeletedBlockTransactionScanner
2019-06-14 09:09:22,628 DEBUG block.SCMBlockDeletingService (SCMBlockDeletingService.java:call(155)) - Scanned deleted blocks log and got 0 delTX to process.
2019-06-14 09:09:22,633 INFO  impl.LeaderElection (LeaderElection.java:askForVotes(181)) - e6065258-5a2c-4a72-9f81-ed1321f551ca:group-13364FE26125:LeaderElection1: begin an election at term 1 for -1: [e6065258-5a2c-4a72-9f81-ed1321f551ca:192.168.105.147:44531], old=null
2019-06-14 09:09:22,634 INFO  impl.RoleInfo (RoleInfo.java:shutdownLeaderElection(134)) - e6065258-5a2c-4a72-9f81-ed1321f551ca: shutdown LeaderElection
2019-06-14 09:09:22,634 INFO  impl.RaftServerImpl (RaftServerImpl.java:setRole(164)) - e6065258-5a2c-4a72-9f81-ed1321f551ca:group-13364FE26125 changes role from CANDIDATE to LEADER at term 1 for changeToLeader
2019-06-14 09:09:22,634 INFO  impl.RaftServerImpl (ServerState.java:setLeader(263)) - e6065258-5a2c-4a72-9f81-ed1321f551ca:group-13364FE26125 change Leader from null to e6065258-5a2c-4a72-9f81-ed1321f551ca at term 1 for becomeLeader, leader elected after 1352ms
2019-06-14 09:09:22,637 INFO  server.RaftServerConfigKeys (ConfUtils.java:logGet(43)) - raft.server.staging.catchup.gap = 1000 (default)
2019-06-14 09:09:22,638 INFO  server.RaftServerConfigKeys (ConfUtils.java:logGet(43)) - raft.server.rpc.sleep.time = 25ms (default)
2019-06-14 09:09:22,639 INFO  server.RaftServerConfigKeys (ConfUtils.java:logGet(43)) - raft.server.watch.timeout = 10s (default)
2019-06-14 09:09:22,640 INFO  server.RaftServerConfigKeys (ConfUtils.java:logGet(43)) - raft.server.watch.timeout.denomination = 1s (default)
2019-06-14 09:09:22,647 INFO  impl.RoleInfo (RoleInfo.java:updateAndGet(143)) - e6065258-5a2c-4a72-9f81-ed1321f551ca: start LeaderState
2019-06-14 09:09:22,658 INFO  storage.RaftLogWorker (RaftLogWorker.java:startLogSegment(298)) - e6065258-5a2c-4a72-9f81-ed1321f551ca-RaftLogWorker: Starting segment from index:0
2019-06-14 09:09:22,670 INFO  impl.RaftServerImpl (ServerState.java:setRaftConf(361)) - e6065258-5a2c-4a72-9f81-ed1321f551ca:group-13364FE26125 set configuration 0: [e6065258-5a2c-4a72-9f81-ed1321f551ca:192.168.105.147:44531], old=null at 0
2019-06-14 09:09:22,729 DEBUG block.SCMBlockDeletingService (SCMBlockDeletingService.java:call(138)) - Running DeletedBlockTransactionScanner
2019-06-14 09:09:22,729 DEBUG block.SCMBlockDeletingService (SCMBlockDeletingService.java:call(155)) - Scanned deleted blocks log and got 0 delTX to process.
2019-06-14 09:09:22,812 INFO  storage.RaftLogWorker (RaftLogWorker.java:execute(469)) - e6065258-5a2c-4a72-9f81-ed1321f551ca-RaftLogWorker: created new log segment /opt/src/hadoop-ozone/integration-test/target/test-dir/MiniOzoneClusterImpl-a56da109-a1cb-4168-8966-62306f2f2d23/datanode-0/data/ratis/920138aa-6f47-4d6d-b5cc-13364fe26125/current/log_inprogress_0
2019-06-14 09:09:22,829 DEBUG block.SCMBlockDeletingService (SCMBlockDeletingService.java:call(138)) - Running DeletedBlockTransactionScanner
2019-06-14 09:09:22,829 DEBUG block.SCMBlockDeletingService (SCMBlockDeletingService.java:call(155)) - Scanned deleted blocks log and got 0 delTX to process.
2019-06-14 09:09:22,930 DEBUG block.SCMBlockDeletingService (SCMBlockDeletingService.java:call(138)) - Running DeletedBlockTransactionScanner
2019-06-14 09:09:22,930 DEBUG block.SCMBlockDeletingService (SCMBlockDeletingService.java:call(155)) - Scanned deleted blocks log and got 0 delTX to process.
2019-06-14 09:09:23,030 DEBUG block.SCMBlockDeletingService (SCMBlockDeletingService.java:call(138)) - Running DeletedBlockTransactionScanner
2019-06-14 09:09:23,030 DEBUG block.SCMBlockDeletingService (SCMBlockDeletingService.java:call(155)) - Scanned deleted blocks log and got 0 delTX to process.
2019-06-14 09:09:23,130 DEBUG block.SCMBlockDeletingService (SCMBlockDeletingService.java:call(138)) - Running DeletedBlockTransactionScanner
2019-06-14 09:09:23,131 DEBUG block.SCMBlockDeletingService (SCMBlockDeletingService.java:call(155)) - Scanned deleted blocks log and got 0 delTX to process.
2019-06-14 09:09:23,233 DEBUG block.SCMBlockDeletingService (SCMBlockDeletingService.java:call(138)) - Running DeletedBlockTransactionScanner
2019-06-14 09:09:23,233 DEBUG block.SCMBlockDeletingService (SCMBlockDeletingService.java:call(155)) - Scanned deleted blocks log and got 0 delTX to process.
2019-06-14 09:09:23,334 DEBUG block.SCMBlockDeletingService (SCMBlockDeletingService.java:call(138)) - Running DeletedBlockTransactionScanner
2019-06-14 09:09:23,334 DEBUG block.SCMBlockDeletingService (SCMBlockDeletingService.java:call(155)) - Scanned deleted blocks log and got 0 delTX to process.
2019-06-14 09:09:23,434 DEBUG block.SCMBlockDeletingService (SCMBlockDeletingService.java:call(138)) - Running DeletedBlockTransactionScanner
2019-06-14 09:09:23,435 DEBUG block.SCMBlockDeletingService (SCMBlockDeletingService.java:call(155)) - Scanned deleted blocks log and got 0 delTX to process.
2019-06-14 09:09:23,535 DEBUG block.SCMBlockDeletingService (SCMBlockDeletingService.java:call(138)) - Running DeletedBlockTransactionScanner
2019-06-14 09:09:23,535 DEBUG block.SCMBlockDeletingService (SCMBlockDeletingService.java:call(155)) - Scanned deleted blocks log and got 0 delTX to process.
2019-06-14 09:09:23,635 DEBUG block.SCMBlockDeletingService (SCMBlockDeletingService.java:call(138)) - Running DeletedBlockTransactionScanner
2019-06-14 09:09:23,635 DEBUG block.SCMBlockDeletingService (SCMBlockDeletingService.java:call(155)) - Scanned deleted blocks log and got 0 delTX to process.
2019-06-14 09:09:23,648 INFO  rpc.RpcClient (RpcClient.java:createVolume(289)) - Creating Volume: d61b8f34-e618-4ef3-9dca-00f87bdb7d4e, with root as owner.
2019-06-14 09:09:23,669 INFO  rpc.RpcClient (RpcClient.java:createBucket(426)) - Creating Bucket: d61b8f34-e618-4ef3-9dca-00f87bdb7d4e/b0da532a-122b-442b-b715-ccd650944a88, with Versioning false and Storage Type set to DISK and Encryption set to false 
2019-06-14 09:09:23,736 DEBUG block.SCMBlockDeletingService (SCMBlockDeletingService.java:call(138)) - Running DeletedBlockTransactionScanner
2019-06-14 09:09:23,736 DEBUG block.SCMBlockDeletingService (SCMBlockDeletingService.java:call(155)) - Scanned deleted blocks log and got 0 delTX to process.
2019-06-14 09:09:23,836 DEBUG block.SCMBlockDeletingService (SCMBlockDeletingService.java:call(138)) - Running DeletedBlockTransactionScanner
2019-06-14 09:09:23,836 DEBUG block.SCMBlockDeletingService (SCMBlockDeletingService.java:call(155)) - Scanned deleted blocks log and got 0 delTX to process.
2019-06-14 09:09:23,937 DEBUG block.SCMBlockDeletingService (SCMBlockDeletingService.java:call(138)) - Running DeletedBlockTransactionScanner
2019-06-14 09:09:23,937 DEBUG block.SCMBlockDeletingService (SCMBlockDeletingService.java:call(155)) - Scanned deleted blocks log and got 0 delTX to process.
2019-06-14 09:09:24,037 DEBUG block.SCMBlockDeletingService (SCMBlockDeletingService.java:call(138)) - Running DeletedBlockTransactionScanner
2019-06-14 09:09:24,037 DEBUG block.SCMBlockDeletingService (SCMBlockDeletingService.java:call(155)) - Scanned deleted blocks log and got 0 delTX to process.
2019-06-14 09:09:24,091 INFO  client.GrpcClientProtocolClient (GrpcClientProtocolClient.java:onNext(254)) - client-C0E347E82FC5->e6065258-5a2c-4a72-9f81-ed1321f551ca: receive RaftClientReply:client-C0E347E82FC5->e6065258-5a2c-4a72-9f81-ed1321f551ca@group-13364FE26125, cid=1, SUCCESS, logIndex=1, commits[e6065258-5a2c-4a72-9f81-ed1321f551ca:c2]
2019-06-14 09:09:24,134 INFO  client.GrpcClientProtocolClient (GrpcClientProtocolClient.java:onNext(254)) - client-C0E347E82FC5->e6065258-5a2c-4a72-9f81-ed1321f551ca: receive RaftClientReply:client-C0E347E82FC5->e6065258-5a2c-4a72-9f81-ed1321f551ca@group-13364FE26125, cid=2, SUCCESS, logIndex=3, commits[e6065258-5a2c-4a72-9f81-ed1321f551ca:c4]
2019-06-14 09:09:24,138 DEBUG block.SCMBlockDeletingService (SCMBlockDeletingService.java:call(138)) - Running DeletedBlockTransactionScanner
2019-06-14 09:09:24,138 DEBUG block.SCMBlockDeletingService (SCMBlockDeletingService.java:call(155)) - Scanned deleted blocks log and got 0 delTX to process.
2019-06-14 09:09:24,142 INFO  client.GrpcClientProtocolClient (GrpcClientProtocolClient.java:onNext(254)) - client-C0E347E82FC5->e6065258-5a2c-4a72-9f81-ed1321f551ca: receive RaftClientReply:client-C0E347E82FC5->e6065258-5a2c-4a72-9f81-ed1321f551ca@group-13364FE26125, cid=3, SUCCESS, logIndex=5, commits[e6065258-5a2c-4a72-9f81-ed1321f551ca:c6]
2019-06-14 09:09:24,145 INFO  client.GrpcClientProtocolClient (GrpcClientProtocolClient.java:onNext(254)) - client-C0E347E82FC5->e6065258-5a2c-4a72-9f81-ed1321f551ca: receive RaftClientReply:client-C0E347E82FC5->e6065258-5a2c-4a72-9f81-ed1321f551ca@group-13364FE26125, cid=4, SUCCESS, logIndex=6, commits[e6065258-5a2c-4a72-9f81-ed1321f551ca:c8]
2019-06-14 09:09:24,167 INFO  client.GrpcClientProtocolClient (GrpcClientProtocolClient.java:onNext(254)) - client-C0E347E82FC5->e6065258-5a2c-4a72-9f81-ed1321f551ca: receive RaftClientReply:client-C0E347E82FC5->e6065258-5a2c-4a72-9f81-ed1321f551ca@group-13364FE26125, cid=5, SUCCESS, logIndex=9, commits[e6065258-5a2c-4a72-9f81-ed1321f551ca:c9]
2019-06-14 09:09:24,171 INFO  client.GrpcClientProtocolClient (GrpcClientProtocolClient.java:onNext(254)) - client-C0E347E82FC5->e6065258-5a2c-4a72-9f81-ed1321f551ca: receive RaftClientReply:client-C0E347E82FC5->e6065258-5a2c-4a72-9f81-ed1321f551ca@group-13364FE26125, cid=6, SUCCESS, logIndex=11, commits[e6065258-5a2c-4a72-9f81-ed1321f551ca:c12]
2019-06-14 09:09:24,178 INFO  client.GrpcClientProtocolClient (GrpcClientProtocolClient.java:onNext(254)) - client-C0E347E82FC5->e6065258-5a2c-4a72-9f81-ed1321f551ca: receive RaftClientReply:client-C0E347E82FC5->e6065258-5a2c-4a72-9f81-ed1321f551ca@group-13364FE26125, cid=7, SUCCESS, logIndex=13, commits[e6065258-5a2c-4a72-9f81-ed1321f551ca:c14]
2019-06-14 09:09:24,179 INFO  client.GrpcClientProtocolClient (GrpcClientProtocolClient.java:onNext(254)) - client-C0E347E82FC5->e6065258-5a2c-4a72-9f81-ed1321f551ca: receive RaftClientReply:client-C0E347E82FC5->e6065258-5a2c-4a72-9f81-ed1321f551ca@group-13364FE26125, cid=8, SUCCESS, logIndex=14, commits[e6065258-5a2c-4a72-9f81-ed1321f551ca:c15]
2019-06-14 09:09:24,212 INFO  client.GrpcClientProtocolClient (GrpcClientProtocolClient.java:onNext(254)) - client-C0E347E82FC5->e6065258-5a2c-4a72-9f81-ed1321f551ca: receive RaftClientReply:client-C0E347E82FC5->e6065258-5a2c-4a72-9f81-ed1321f551ca@group-13364FE26125, cid=9, SUCCESS, logIndex=16, commits[e6065258-5a2c-4a72-9f81-ed1321f551ca:c16]
2019-06-14 09:09:24,227 INFO  client.GrpcClientProtocolClient (GrpcClientProtocolClient.java:onNext(254)) - client-C0E347E82FC5->e6065258-5a2c-4a72-9f81-ed1321f551ca: receive RaftClientReply:client-C0E347E82FC5->e6065258-5a2c-4a72-9f81-ed1321f551ca@group-13364FE26125, cid=10, SUCCESS, logIndex=18, commits[e6065258-5a2c-4a72-9f81-ed1321f551ca:c22]
2019-06-14 09:09:24,231 INFO  client.GrpcClientProtocolClient (GrpcClientProtocolClient.java:onNext(254)) - client-C0E347E82FC5->e6065258-5a2c-4a72-9f81-ed1321f551ca: receive RaftClientReply:client-C0E347E82FC5->e6065258-5a2c-4a72-9f81-ed1321f551ca@group-13364FE26125, cid=11, SUCCESS, logIndex=19, commits[e6065258-5a2c-4a72-9f81-ed1321f551ca:c22]
2019-06-14 09:09:24,232 INFO  client.GrpcClientProtocolClient (GrpcClientProtocolClient.java:onNext(254)) - client-C0E347E82FC5->e6065258-5a2c-4a72-9f81-ed1321f551ca: receive RaftClientReply:client-C0E347E82FC5->e6065258-5a2c-4a72-9f81-ed1321f551ca@group-13364FE26125, cid=12, SUCCESS, logIndex=21, commits[e6065258-5a2c-4a72-9f81-ed1321f551ca:c22]
2019-06-14 09:09:24,238 DEBUG block.SCMBlockDeletingService (SCMBlockDeletingService.java:call(138)) - Running DeletedBlockTransactionScanner
2019-06-14 09:09:24,238 DEBUG block.SCMBlockDeletingService (SCMBlockDeletingService.java:call(155)) - Scanned deleted blocks log and got 0 delTX to process.
2019-06-14 09:09:24,250 INFO  client.GrpcClientProtocolClient (GrpcClientProtocolClient.java:onNext(254)) - client-C0E347E82FC5->e6065258-5a2c-4a72-9f81-ed1321f551ca: receive RaftClientReply:client-C0E347E82FC5->e6065258-5a2c-4a72-9f81-ed1321f551ca@group-13364FE26125, cid=13, SUCCESS, logIndex=23, commits[e6065258-5a2c-4a72-9f81-ed1321f551ca:c23]
2019-06-14 09:09:24,256 INFO  client.GrpcClientProtocolClient (GrpcClientProtocolClient.java:onNext(254)) - client-C0E347E82FC5->e6065258-5a2c-4a72-9f81-ed1321f551ca: receive RaftClientReply:client-C0E347E82FC5->e6065258-5a2c-4a72-9f81-ed1321f551ca@group-13364FE26125, cid=14, SUCCESS, logIndex=25, commits[e6065258-5a2c-4a72-9f81-ed1321f551ca:c25]
2019-06-14 09:09:24,259 INFO  client.GrpcClientProtocolClient (GrpcClientProtocolClient.java:onNext(254)) - client-C0E347E82FC5->e6065258-5a2c-4a72-9f81-ed1321f551ca: receive RaftClientReply:client-C0E347E82FC5->e6065258-5a2c-4a72-9f81-ed1321f551ca@group-13364FE26125, cid=15, SUCCESS, logIndex=27, commits[e6065258-5a2c-4a72-9f81-ed1321f551ca:c28]
2019-06-14 09:09:24,259 INFO  client.GrpcClientProtocolClient (GrpcClientProtocolClient.java:onNext(254)) - client-C0E347E82FC5->e6065258-5a2c-4a72-9f81-ed1321f551ca: receive RaftClientReply:client-C0E347E82FC5->e6065258-5a2c-4a72-9f81-ed1321f551ca@group-13364FE26125, cid=16, SUCCESS, logIndex=28, commits[e6065258-5a2c-4a72-9f81-ed1321f551ca:c29]
2019-06-14 09:09:24,292 INFO  client.GrpcClientProtocolClient (GrpcClientProtocolClient.java:onNext(254)) - client-C0E347E82FC5->e6065258-5a2c-4a72-9f81-ed1321f551ca: receive RaftClientReply:client-C0E347E82FC5->e6065258-5a2c-4a72-9f81-ed1321f551ca@group-13364FE26125, cid=17, SUCCESS, logIndex=30, commits[e6065258-5a2c-4a72-9f81-ed1321f551ca:c30]
2019-06-14 09:09:24,309 INFO  client.GrpcClientProtocolClient (GrpcClientProtocolClient.java:onNext(254)) - client-C0E347E82FC5->e6065258-5a2c-4a72-9f81-ed1321f551ca: receive RaftClientReply:client-C0E347E82FC5->e6065258-5a2c-4a72-9f81-ed1321f551ca@group-13364FE26125, cid=18, SUCCESS, logIndex=32, commits[e6065258-5a2c-4a72-9f81-ed1321f551ca:c36]
2019-06-14 09:09:24,313 INFO  client.GrpcClientProtocolClient (GrpcClientProtocolClient.java:onNext(254)) - client-C0E347E82FC5->e6065258-5a2c-4a72-9f81-ed1321f551ca: receive RaftClientReply:client-C0E347E82FC5->e6065258-5a2c-4a72-9f81-ed1321f551ca@group-13364FE26125, cid=19, SUCCESS, logIndex=33, commits[e6065258-5a2c-4a72-9f81-ed1321f551ca:c36]
2019-06-14 09:09:24,314 INFO  client.GrpcClientProtocolClient (GrpcClientProtocolClient.java:onNext(254)) - client-C0E347E82FC5->e6065258-5a2c-4a72-9f81-ed1321f551ca: receive RaftClientReply:client-C0E347E82FC5->e6065258-5a2c-4a72-9f81-ed1321f551ca@group-13364FE26125, cid=20, SUCCESS, logIndex=35, commits[e6065258-5a2c-4a72-9f81-ed1321f551ca:c36]
2019-06-14 09:09:24,329 INFO  client.GrpcClientProtocolClient (GrpcClientProtocolClient.java:onNext(254)) - client-C0E347E82FC5->e6065258-5a2c-4a72-9f81-ed1321f551ca: receive RaftClientReply:client-C0E347E82FC5->e6065258-5a2c-4a72-9f81-ed1321f551ca@group-13364FE26125, cid=21, SUCCESS, logIndex=37, commits[e6065258-5a2c-4a72-9f81-ed1321f551ca:c37]
2019-06-14 09:09:24,330 INFO  client.GrpcClientProtocolClient (GrpcClientProtocolClient.java:onNext(254)) - client-C0E347E82FC5->e6065258-5a2c-4a72-9f81-ed1321f551ca: receive RaftClientReply:client-C0E347E82FC5->e6065258-5a2c-4a72-9f81-ed1321f551ca@group-13364FE26125, cid=22, SUCCESS, logIndex=39, commits[e6065258-5a2c-4a72-9f81-ed1321f551ca:c39]
2019-06-14 09:09:24,337 INFO  client.GrpcClientProtocolClient (GrpcClientProtocolClient.java:onNext(254)) - client-C0E347E82FC5->e6065258-5a2c-4a72-9f81-ed1321f551ca: receive RaftClientReply:client-C0E347E82FC5->e6065258-5a2c-4a72-9f81-ed1321f551ca@group-13364FE26125, cid=23, SUCCESS, logIndex=41, commits[e6065258-5a2c-4a72-9f81-ed1321f551ca:c42]
2019-06-14 09:09:24,338 INFO  client.GrpcClientProtocolClient (GrpcClientProtocolClient.java:onNext(254)) - client-C0E347E82FC5->e6065258-5a2c-4a72-9f81-ed1321f551ca: receive RaftClientReply:client-C0E347E82FC5->e6065258-5a2c-4a72-9f81-ed1321f551ca@group-13364FE26125, cid=24, SUCCESS, logIndex=42, commits[e6065258-5a2c-4a72-9f81-ed1321f551ca:c43]
2019-06-14 09:09:24,338 DEBUG block.SCMBlockDeletingService (SCMBlockDeletingService.java:call(138)) - Running DeletedBlockTransactionScanner
2019-06-14 09:09:24,339 DEBUG block.SCMBlockDeletingService (SCMBlockDeletingService.java:call(155)) - Scanned deleted blocks log and got 0 delTX to process.
2019-06-14 09:09:24,407 INFO  client.GrpcClientProtocolClient (GrpcClientProtocolClient.java:onNext(254)) - client-C0E347E82FC5->e6065258-5a2c-4a72-9f81-ed1321f551ca: receive RaftClientReply:client-C0E347E82FC5->e6065258-5a2c-4a72-9f81-ed1321f551ca@group-13364FE26125, cid=25, SUCCESS, logIndex=44, commits[e6065258-5a2c-4a72-9f81-ed1321f551ca:c45]
2019-06-14 09:09:24,411 INFO  client.GrpcClientProtocolClient (GrpcClientProtocolClient.java:onNext(254)) - client-C0E347E82FC5->e6065258-5a2c-4a72-9f81-ed1321f551ca: receive RaftClientReply:client-C0E347E82FC5->e6065258-5a2c-4a72-9f81-ed1321f551ca@group-13364FE26125, cid=26, SUCCESS, logIndex=46, commits[e6065258-5a2c-4a72-9f81-ed1321f551ca:c46]
2019-06-14 09:09:24,415 INFO  client.GrpcClientProtocolClient (GrpcClientProtocolClient.java:onNext(254)) - client-C0E347E82FC5->e6065258-5a2c-4a72-9f81-ed1321f551ca: receive RaftClientReply:client-C0E347E82FC5->e6065258-5a2c-4a72-9f81-ed1321f551ca@group-13364FE26125, cid=27, SUCCESS, logIndex=48, commits[e6065258-5a2c-4a72-9f81-ed1321f551ca:c49]
2019-06-14 09:09:24,420 INFO  client.GrpcClientProtocolClient (GrpcClientProtocolClient.java:onNext(254)) - client-C0E347E82FC5->e6065258-5a2c-4a72-9f81-ed1321f551ca: receive RaftClientReply:client-C0E347E82FC5->e6065258-5a2c-4a72-9f81-ed1321f551ca@group-13364FE26125, cid=28, SUCCESS, logIndex=49, commits[e6065258-5a2c-4a72-9f81-ed1321f551ca:c50]
2019-06-14 09:09:24,438 INFO  client.GrpcClientProtocolClient (GrpcClientProtocolClient.java:onNext(254)) - client-C0E347E82FC5->e6065258-5a2c-4a72-9f81-ed1321f551ca: receive RaftClientReply:client-C0E347E82FC5->e6065258-5a2c-4a72-9f81-ed1321f551ca@group-13364FE26125, cid=29, SUCCESS, logIndex=51, commits[e6065258-5a2c-4a72-9f81-ed1321f551ca:c51]
2019-06-14 09:09:24,439 DEBUG block.SCMBlockDeletingService (SCMBlockDeletingService.java:call(138)) - Running DeletedBlockTransactionScanner
2019-06-14 09:09:24,439 DEBUG block.SCMBlockDeletingService (SCMBlockDeletingService.java:call(155)) - Scanned deleted blocks log and got 0 delTX to process.
2019-06-14 09:09:24,440 INFO  client.GrpcClientProtocolClient (GrpcClientProtocolClient.java:onNext(254)) - client-C0E347E82FC5->e6065258-5a2c-4a72-9f81-ed1321f551ca: receive RaftClientReply:client-C0E347E82FC5->e6065258-5a2c-4a72-9f81-ed1321f551ca@group-13364FE26125, cid=30, SUCCESS, logIndex=53, commits[e6065258-5a2c-4a72-9f81-ed1321f551ca:c53]
2019-06-14 09:09:24,445 INFO  client.GrpcClientProtocolClient (GrpcClientProtocolClient.java:onNext(254)) - client-C0E347E82FC5->e6065258-5a2c-4a72-9f81-ed1321f551ca: receive RaftClientReply:client-C0E347E82FC5->e6065258-5a2c-4a72-9f81-ed1321f551ca@group-13364FE26125, cid=31, SUCCESS, logIndex=55, commits[e6065258-5a2c-4a72-9f81-ed1321f551ca:c56]
2019-06-14 09:09:24,450 INFO  client.GrpcClientProtocolClient (GrpcClientProtocolClient.java:onNext(254)) - client-C0E347E82FC5->e6065258-5a2c-4a72-9f81-ed1321f551ca: receive RaftClientReply:client-C0E347E82FC5->e6065258-5a2c-4a72-9f81-ed1321f551ca@group-13364FE26125, cid=32, SUCCESS, logIndex=56, commits[e6065258-5a2c-4a72-9f81-ed1321f551ca:c57]
2019-06-14 09:09:24,462 INFO  client.GrpcClientProtocolClient (GrpcClientProtocolClient.java:onNext(254)) - client-C0E347E82FC5->e6065258-5a2c-4a72-9f81-ed1321f551ca: receive RaftClientReply:client-C0E347E82FC5->e6065258-5a2c-4a72-9f81-ed1321f551ca@group-13364FE26125, cid=33, SUCCESS, logIndex=58, commits[e6065258-5a2c-4a72-9f81-ed1321f551ca:c58]
2019-06-14 09:09:24,464 INFO  client.GrpcClientProtocolClient (GrpcClientProtocolClient.java:onNext(254)) - client-C0E347E82FC5->e6065258-5a2c-4a72-9f81-ed1321f551ca: receive RaftClientReply:client-C0E347E82FC5->e6065258-5a2c-4a72-9f81-ed1321f551ca@group-13364FE26125, cid=34, SUCCESS, logIndex=60, commits[e6065258-5a2c-4a72-9f81-ed1321f551ca:c60]
2019-06-14 09:09:24,469 INFO  client.GrpcClientProtocolClient (GrpcClientProtocolClient.java:onNext(254)) - client-C0E347E82FC5->e6065258-5a2c-4a72-9f81-ed1321f551ca: receive RaftClientReply:client-C0E347E82FC5->e6065258-5a2c-4a72-9f81-ed1321f551ca@group-13364FE26125, cid=35, SUCCESS, logIndex=62, commits[e6065258-5a2c-4a72-9f81-ed1321f551ca:c63]
2019-06-14 09:09:24,471 INFO  client.GrpcClientProtocolClient (GrpcClientProtocolClient.java:onNext(254)) - client-C0E347E82FC5->e6065258-5a2c-4a72-9f81-ed1321f551ca: receive RaftClientReply:client-C0E347E82FC5->e6065258-5a2c-4a72-9f81-ed1321f551ca@group-13364FE26125, cid=36, SUCCESS, logIndex=63, commits[e6065258-5a2c-4a72-9f81-ed1321f551ca:c64]
2019-06-14 09:09:24,492 INFO  client.GrpcClientProtocolClient (GrpcClientProtocolClient.java:onNext(254)) - client-C0E347E82FC5->e6065258-5a2c-4a72-9f81-ed1321f551ca: receive RaftClientReply:client-C0E347E82FC5->e6065258-5a2c-4a72-9f81-ed1321f551ca@group-13364FE26125, cid=37, SUCCESS, logIndex=65, commits[e6065258-5a2c-4a72-9f81-ed1321f551ca:c65]
2019-06-14 09:09:24,495 INFO  client.GrpcClientProtocolClient (GrpcClientProtocolClient.java:onNext(254)) - client-C0E347E82FC5->e6065258-5a2c-4a72-9f81-ed1321f551ca: receive RaftClientReply:client-C0E347E82FC5->e6065258-5a2c-4a72-9f81-ed1321f551ca@group-13364FE26125, cid=38, SUCCESS, logIndex=67, commits[e6065258-5a2c-4a72-9f81-ed1321f551ca:c67]
2019-06-14 09:09:24,497 INFO  client.GrpcClientProtocolClient (GrpcClientProtocolClient.java:onNext(254)) - client-C0E347E82FC5->e6065258-5a2c-4a72-9f81-ed1321f551ca: receive RaftClientReply:client-C0E347E82FC5->e6065258-5a2c-4a72-9f81-ed1321f551ca@group-13364FE26125, cid=39, SUCCESS, logIndex=68, commits[e6065258-5a2c-4a72-9f81-ed1321f551ca:c70]
2019-06-14 09:09:24,502 INFO  client.GrpcClientProtocolClient (GrpcClientProtocolClient.java:onNext(254)) - client-C0E347E82FC5->e6065258-5a2c-4a72-9f81-ed1321f551ca: receive RaftClientReply:client-C0E347E82FC5->e6065258-5a2c-4a72-9f81-ed1321f551ca@group-13364FE26125, cid=40, SUCCESS, logIndex=70, commits[e6065258-5a2c-4a72-9f81-ed1321f551ca:c71]
2019-06-14 09:09:24,514 INFO  client.GrpcClientProtocolClient (GrpcClientProtocolClient.java:onNext(254)) - client-C0E347E82FC5->e6065258-5a2c-4a72-9f81-ed1321f551ca: receive RaftClientReply:client-C0E347E82FC5->e6065258-5a2c-4a72-9f81-ed1321f551ca@group-13364FE26125, cid=41, SUCCESS, logIndex=72, commits[e6065258-5a2c-4a72-9f81-ed1321f551ca:c72]
2019-06-14 09:09:24,517 INFO  client.GrpcClientProtocolClient (GrpcClientProtocolClient.java:onNext(254)) - client-C0E347E82FC5->e6065258-5a2c-4a72-9f81-ed1321f551ca: receive RaftClientReply:client-C0E347E82FC5->e6065258-5a2c-4a72-9f81-ed1321f551ca@group-13364FE26125, cid=42, SUCCESS, logIndex=74, commits[e6065258-5a2c-4a72-9f81-ed1321f551ca:c74]
2019-06-14 09:09:24,522 INFO  client.GrpcClientProtocolClient (GrpcClientProtocolClient.java:onNext(254)) - client-C0E347E82FC5->e6065258-5a2c-4a72-9f81-ed1321f551ca: receive RaftClientReply:client-C0E347E82FC5->e6065258-5a2c-4a72-9f81-ed1321f551ca@group-13364FE26125, cid=43, SUCCESS, logIndex=76, commits[e6065258-5a2c-4a72-9f81-ed1321f551ca:c76]
2019-06-14 09:09:24,523 INFO  client.GrpcClientProtocolClient (GrpcClientProtocolClient.java:onNext(254)) - client-C0E347E82FC5->e6065258-5a2c-4a72-9f81-ed1321f551ca: receive RaftClientReply:client-C0E347E82FC5->e6065258-5a2c-4a72-9f81-ed1321f551ca@group-13364FE26125, cid=44, SUCCESS, logIndex=77, commits[e6065258-5a2c-4a72-9f81-ed1321f551ca:c78]
2019-06-14 09:09:24,539 DEBUG block.SCMBlockDeletingService (SCMBlockDeletingService.java:call(138)) - Running DeletedBlockTransactionScanner
2019-06-14 09:09:24,540 DEBUG block.SCMBlockDeletingService (SCMBlockDeletingService.java:call(155)) - Scanned deleted blocks log and got 0 delTX to process.
2019-06-14 09:09:24,595 INFO  storage.RaftLogWorker (RaftLogWorker.java:rollLogSegment(303)) - e6065258-5a2c-4a72-9f81-ed1321f551ca-RaftLogWorker: Rolling segment log-0_79 to index:79
2019-06-14 09:09:24,596 INFO  storage.RaftLogWorker (RaftLogWorker.java:execute(433)) - e6065258-5a2c-4a72-9f81-ed1321f551ca-RaftLogWorker: Rolled log segment from /opt/src/hadoop-ozone/integration-test/target/test-dir/MiniOzoneClusterImpl-a56da109-a1cb-4168-8966-62306f2f2d23/datanode-0/data/ratis/920138aa-6f47-4d6d-b5cc-13364fe26125/current/log_inprogress_0 to /opt/src/hadoop-ozone/integration-test/target/test-dir/MiniOzoneClusterImpl-a56da109-a1cb-4168-8966-62306f2f2d23/datanode-0/data/ratis/920138aa-6f47-4d6d-b5cc-13364fe26125/current/log_0-79
2019-06-14 09:09:24,633 INFO  storage.RaftLogWorker (RaftLogWorker.java:execute(469)) - e6065258-5a2c-4a72-9f81-ed1321f551ca-RaftLogWorker: created new log segment /opt/src/hadoop-ozone/integration-test/target/test-dir/MiniOzoneClusterImpl-a56da109-a1cb-4168-8966-62306f2f2d23/datanode-0/data/ratis/920138aa-6f47-4d6d-b5cc-13364fe26125/current/log_inprogress_80
2019-06-14 09:09:24,636 INFO  client.GrpcClientProtocolClient (GrpcClientProtocolClient.java:onNext(254)) - client-C0E347E82FC5->e6065258-5a2c-4a72-9f81-ed1321f551ca: receive RaftClientReply:client-C0E347E82FC5->e6065258-5a2c-4a72-9f81-ed1321f551ca@group-13364FE26125, cid=45, SUCCESS, logIndex=80, commits[e6065258-5a2c-4a72-9f81-ed1321f551ca:c80]
2019-06-14 09:09:24,640 DEBUG block.SCMBlockDeletingService (SCMBlockDeletingService.java:call(138)) - Running DeletedBlockTransactionScanner
2019-06-14 09:09:24,640 DEBUG block.SCMBlockDeletingService (SCMBlockDeletingService.java:call(155)) - Scanned deleted blocks log and got 0 delTX to process.
2019-06-14 09:09:24,646 INFO  client.GrpcClientProtocolClient (GrpcClientProtocolClient.java:onNext(254)) - client-C0E347E82FC5->e6065258-5a2c-4a72-9f81-ed1321f551ca: receive RaftClientReply:client-C0E347E82FC5->e6065258-5a2c-4a72-9f81-ed1321f551ca@group-13364FE26125, cid=46, SUCCESS, logIndex=82, commits[e6065258-5a2c-4a72-9f81-ed1321f551ca:c83]
2019-06-14 09:09:24,648 INFO  client.GrpcClientProtocolClient (GrpcClientProtocolClient.java:onNext(254)) - client-C0E347E82FC5->e6065258-5a2c-4a72-9f81-ed1321f551ca: receive RaftClientReply:client-C0E347E82FC5->e6065258-5a2c-4a72-9f81-ed1321f551ca@group-13364FE26125, cid=47, SUCCESS, logIndex=84, commits[e6065258-5a2c-4a72-9f81-ed1321f551ca:c85]
2019-06-14 09:09:24,649 INFO  client.GrpcClientProtocolClient (GrpcClientProtocolClient.java:onNext(254)) - client-C0E347E82FC5->e6065258-5a2c-4a72-9f81-ed1321f551ca: receive RaftClientReply:client-C0E347E82FC5->e6065258-5a2c-4a72-9f81-ed1321f551ca@group-13364FE26125, cid=48, SUCCESS, logIndex=85, commits[e6065258-5a2c-4a72-9f81-ed1321f551ca:c86]
2019-06-14 09:09:24,667 INFO  client.GrpcClientProtocolClient (GrpcClientProtocolClient.java:onNext(254)) - client-C0E347E82FC5->e6065258-5a2c-4a72-9f81-ed1321f551ca: receive RaftClientReply:client-C0E347E82FC5->e6065258-5a2c-4a72-9f81-ed1321f551ca@group-13364FE26125, cid=49, SUCCESS, logIndex=87, commits[e6065258-5a2c-4a72-9f81-ed1321f551ca:c87]
2019-06-14 09:09:24,669 INFO  client.GrpcClientProtocolClient (GrpcClientProtocolClient.java:onNext(254)) - client-C0E347E82FC5->e6065258-5a2c-4a72-9f81-ed1321f551ca: receive RaftClientReply:client-C0E347E82FC5->e6065258-5a2c-4a72-9f81-ed1321f551ca@group-13364FE26125, cid=50, SUCCESS, logIndex=89, commits[e6065258-5a2c-4a72-9f81-ed1321f551ca:c89]
2019-06-14 09:09:24,674 INFO  client.GrpcClientProtocolClient (GrpcClientProtocolClient.java:onNext(254)) - client-C0E347E82FC5->e6065258-5a2c-4a72-9f81-ed1321f551ca: receive RaftClientReply:client-C0E347E82FC5->e6065258-5a2c-4a72-9f81-ed1321f551ca@group-13364FE26125, cid=51, SUCCESS, logIndex=91, commits[e6065258-5a2c-4a72-9f81-ed1321f551ca:c92]
2019-06-14 09:09:24,675 INFO  client.GrpcClientProtocolClient (GrpcClientProtocolClient.java:onNext(254)) - client-C0E347E82FC5->e6065258-5a2c-4a72-9f81-ed1321f551ca: receive RaftClientReply:client-C0E347E82FC5->e6065258-5a2c-4a72-9f81-ed1321f551ca@group-13364FE26125, cid=52, SUCCESS, logIndex=92, commits[e6065258-5a2c-4a72-9f81-ed1321f551ca:c93]
2019-06-14 09:09:24,686 INFO  client.GrpcClientProtocolClient (GrpcClientProtocolClient.java:onNext(254)) - client-C0E347E82FC5->e6065258-5a2c-4a72-9f81-ed1321f551ca: receive RaftClientReply:client-C0E347E82FC5->e6065258-5a2c-4a72-9f81-ed1321f551ca@group-13364FE26125, cid=53, SUCCESS, logIndex=94, commits[e6065258-5a2c-4a72-9f81-ed1321f551ca:c94]
2019-06-14 09:09:24,691 INFO  client.GrpcClientProtocolClient (GrpcClientProtocolClient.java:onNext(254)) - client-C0E347E82FC5->e6065258-5a2c-4a72-9f81-ed1321f551ca: receive RaftClientReply:client-C0E347E82FC5->e6065258-5a2c-4a72-9f81-ed1321f551ca@group-13364FE26125, cid=54, SUCCESS, logIndex=96, commits[e6065258-5a2c-4a72-9f81-ed1321f551ca:c98]
2019-06-14 09:09:24,692 INFO  client.GrpcClientProtocolClient (GrpcClientProtocolClient.java:onNext(254)) - client-C0E347E82FC5->e6065258-5a2c-4a72-9f81-ed1321f551ca: receive RaftClientReply:client-C0E347E82FC5->e6065258-5a2c-4a72-9f81-ed1321f551ca@group-13364FE26125, cid=55, SUCCESS, logIndex=97, commits[e6065258-5a2c-4a72-9f81-ed1321f551ca:c99]
2019-06-14 09:09:24,693 INFO  client.GrpcClientProtocolClient (GrpcClientProtocolClient.java:onNext(254)) - client-C0E347E82FC5->e6065258-5a2c-4a72-9f81-ed1321f551ca: receive RaftClientReply:client-C0E347E82FC5->e6065258-5a2c-4a72-9f81-ed1321f551ca@group-13364FE26125, cid=56, SUCCESS, logIndex=98, commits[e6065258-5a2c-4a72-9f81-ed1321f551ca:c99]
2019-06-14 09:09:24,709 INFO  client.GrpcClientProtocolClient (GrpcClientProtocolClient.java:onNext(254)) - client-C0E347E82FC5->e6065258-5a2c-4a72-9f81-ed1321f551ca: receive RaftClientReply:client-C0E347E82FC5->e6065258-5a2c-4a72-9f81-ed1321f551ca@group-13364FE26125, cid=57, SUCCESS, logIndex=100, commits[e6065258-5a2c-4a72-9f81-ed1321f551ca:c100]
2019-06-14 09:09:24,711 INFO  client.GrpcClientProtocolClient (GrpcClientProtocolClient.java:onNext(254)) - client-C0E347E82FC5->e6065258-5a2c-4a72-9f81-ed1321f551ca: receive RaftClientReply:client-C0E347E82FC5->e6065258-5a2c-4a72-9f81-ed1321f551ca@group-13364FE26125, cid=58, SUCCESS, logIndex=102, commits[e6065258-5a2c-4a72-9f81-ed1321f551ca:c102]
2019-06-14 09:09:24,716 INFO  client.GrpcClientProtocolClient (GrpcClientProtocolClient.java:onNext(254)) - client-C0E347E82FC5->e6065258-5a2c-4a72-9f81-ed1321f551ca: receive RaftClientReply:client-C0E347E82FC5->e6065258-5a2c-4a72-9f81-ed1321f551ca@group-13364FE26125, cid=59, SUCCESS, logIndex=104, commits[e6065258-5a2c-4a72-9f81-ed1321f551ca:c105]
2019-06-14 09:09:24,716 INFO  client.GrpcClientProtocolClient (GrpcClientProtocolClient.java:onNext(254)) - client-C0E347E82FC5->e6065258-5a2c-4a72-9f81-ed1321f551ca: receive RaftClientReply:client-C0E347E82FC5->e6065258-5a2c-4a72-9f81-ed1321f551ca@group-13364FE26125, cid=60, SUCCESS, logIndex=105, commits[e6065258-5a2c-4a72-9f81-ed1321f551ca:c106]
2019-06-14 09:09:24,726 INFO  client.GrpcClientProtocolClient (GrpcClientProtocolClient.java:onNext(254)) - client-C0E347E82FC5->e6065258-5a2c-4a72-9f81-ed1321f551ca: receive RaftClientReply:client-C0E347E82FC5->e6065258-5a2c-4a72-9f81-ed1321f551ca@group-13364FE26125, cid=61, SUCCESS, logIndex=107, commits[e6065258-5a2c-4a72-9f81-ed1321f551ca:c107]
2019-06-14 09:09:24,730 INFO  client.GrpcClientProtocolClient (GrpcClientProtocolClient.java:onNext(254)) - client-C0E347E82FC5->e6065258-5a2c-4a72-9f81-ed1321f551ca: receive RaftClientReply:client-C0E347E82FC5->e6065258-5a2c-4a72-9f81-ed1321f551ca@group-13364FE26125, cid=62, SUCCESS, logIndex=109, commits[e6065258-5a2c-4a72-9f81-ed1321f551ca:c109]
2019-06-14 09:09:24,739 INFO  client.GrpcClientProtocolClient (GrpcClientProtocolClient.java:onNext(254)) - client-C0E347E82FC5->e6065258-5a2c-4a72-9f81-ed1321f551ca: receive RaftClientReply:client-C0E347E82FC5->e6065258-5a2c-4a72-9f81-ed1321f551ca@group-13364FE26125, cid=63, SUCCESS, logIndex=110, commits[e6065258-5a2c-4a72-9f81-ed1321f551ca:c113]
2019-06-14 09:09:24,739 INFO  client.GrpcClientProtocolClient (GrpcClientProtocolClient.java:onNext(254)) - client-C0E347E82FC5->e6065258-5a2c-4a72-9f81-ed1321f551ca: receive RaftClientReply:client-C0E347E82FC5->e6065258-5a2c-4a72-9f81-ed1321f551ca@group-13364FE26125, cid=64, SUCCESS, logIndex=112, commits[e6065258-5a2c-4a72-9f81-ed1321f551ca:c113]
2019-06-14 09:09:24,740 DEBUG block.SCMBlockDeletingService (SCMBlockDeletingService.java:call(138)) - Running DeletedBlockTransactionScanner
2019-06-14 09:09:24,741 DEBUG block.SCMBlockDeletingService (SCMBlockDeletingService.java:call(155)) - Scanned deleted blocks log and got 0 delTX to process.
2019-06-14 09:09:24,816 INFO  client.GrpcClientProtocolClient (GrpcClientProtocolClient.java:onNext(254)) - client-C0E347E82FC5->e6065258-5a2c-4a72-9f81-ed1321f551ca: receive RaftClientReply:client-C0E347E82FC5->e6065258-5a2c-4a72-9f81-ed1321f551ca@group-13364FE26125, cid=65, SUCCESS, logIndex=114, commits[e6065258-5a2c-4a72-9f81-ed1321f551ca:c114]
2019-06-14 09:09:24,824 INFO  client.GrpcClientProtocolClient (GrpcClientProtocolClient.java:onNext(254)) - client-C0E347E82FC5->e6065258-5a2c-4a72-9f81-ed1321f551ca: receive RaftClientReply:client-C0E347E82FC5->e6065258-5a2c-4a72-9f81-ed1321f551ca@group-13364FE26125, cid=66, SUCCESS, logIndex=116, commits[e6065258-5a2c-4a72-9f81-ed1321f551ca:c116]
2019-06-14 09:09:24,825 INFO  client.GrpcClientProtocolClient (GrpcClientProtocolClient.java:onNext(254)) - client-C0E347E82FC5->e6065258-5a2c-4a72-9f81-ed1321f551ca: receive RaftClientReply:client-C0E347E82FC5->e6065258-5a2c-4a72-9f81-ed1321f551ca@group-13364FE26125, cid=67, SUCCESS, logIndex=117, commits[e6065258-5a2c-4a72-9f81-ed1321f551ca:c118]
2019-06-14 09:09:24,827 INFO  client.GrpcClientProtocolClient (GrpcClientProtocolClient.java:onNext(254)) - client-C0E347E82FC5->e6065258-5a2c-4a72-9f81-ed1321f551ca: receive RaftClientReply:client-C0E347E82FC5->e6065258-5a2c-4a72-9f81-ed1321f551ca@group-13364FE26125, cid=68, SUCCESS, logIndex=119, commits[e6065258-5a2c-4a72-9f81-ed1321f551ca:c119]
2019-06-14 09:09:24,836 INFO  client.GrpcClientProtocolClient (GrpcClientProtocolClient.java:onNext(254)) - client-C0E347E82FC5->e6065258-5a2c-4a72-9f81-ed1321f551ca: receive RaftClientReply:client-C0E347E82FC5->e6065258-5a2c-4a72-9f81-ed1321f551ca@group-13364FE26125, cid=69, SUCCESS, logIndex=121, commits[e6065258-5a2c-4a72-9f81-ed1321f551ca:c121]
2019-06-14 09:09:24,838 INFO  client.GrpcClientProtocolClient (GrpcClientProtocolClient.java:onNext(254)) - client-C0E347E82FC5->e6065258-5a2c-4a72-9f81-ed1321f551ca: receive RaftClientReply:client-C0E347E82FC5->e6065258-5a2c-4a72-9f81-ed1321f551ca@group-13364FE26125, cid=70, SUCCESS, logIndex=123, commits[e6065258-5a2c-4a72-9f81-ed1321f551ca:c123]
2019-06-14 09:09:24,841 DEBUG block.SCMBlockDeletingService (SCMBlockDeletingService.java:call(138)) - Running DeletedBlockTransactionScanner
2019-06-14 09:09:24,841 DEBUG block.SCMBlockDeletingService (SCMBlockDeletingService.java:call(155)) - Scanned deleted blocks log and got 0 delTX to process.
2019-06-14 09:09:24,843 INFO  client.GrpcClientProtocolClient (GrpcClientProtocolClient.java:onNext(254)) - client-C0E347E82FC5->e6065258-5a2c-4a72-9f81-ed1321f551ca: receive RaftClientReply:client-C0E347E82FC5->e6065258-5a2c-4a72-9f81-ed1321f551ca@group-13364FE26125, cid=71, SUCCESS, logIndex=125, commits[e6065258-5a2c-4a72-9f81-ed1321f551ca:c126]
2019-06-14 09:09:24,844 INFO  client.GrpcClientProtocolClient (GrpcClientProtocolClient.java:onNext(254)) - client-C0E347E82FC5->e6065258-5a2c-4a72-9f81-ed1321f551ca: receive RaftClientReply:client-C0E347E82FC5->e6065258-5a2c-4a72-9f81-ed1321f551ca@group-13364FE26125, cid=72, SUCCESS, logIndex=126, commits[e6065258-5a2c-4a72-9f81-ed1321f551ca:c127]
2019-06-14 09:09:24,861 INFO  client.GrpcClientProtocolClient (GrpcClientProtocolClient.java:onNext(254)) - client-C0E347E82FC5->e6065258-5a2c-4a72-9f81-ed1321f551ca: receive RaftClientReply:client-C0E347E82FC5->e6065258-5a2c-4a72-9f81-ed1321f551ca@group-13364FE26125, cid=73, SUCCESS, logIndex=128, commits[e6065258-5a2c-4a72-9f81-ed1321f551ca:c128]
2019-06-14 09:09:24,868 INFO  client.GrpcClientProtocolClient (GrpcClientProtocolClient.java:onNext(254)) - client-C0E347E82FC5->e6065258-5a2c-4a72-9f81-ed1321f551ca: receive RaftClientReply:client-C0E347E82FC5->e6065258-5a2c-4a72-9f81-ed1321f551ca@group-13364FE26125, cid=74, SUCCESS, logIndex=130, commits[e6065258-5a2c-4a72-9f81-ed1321f551ca:c130]
2019-06-14 09:09:24,869 INFO  client.GrpcClientProtocolClient (GrpcClientProtocolClient.java:onNext(254)) - client-C0E347E82FC5->e6065258-5a2c-4a72-9f81-ed1321f551ca: receive RaftClientReply:client-C0E347E82FC5->e6065258-5a2c-4a72-9f81-ed1321f551ca@group-13364FE26125, cid=75, SUCCESS, logIndex=131, commits[e6065258-5a2c-4a72-9f81-ed1321f551ca:c133]
2019-06-14 09:09:24,870 INFO  client.GrpcClientProtocolClient (GrpcClientProtocolClient.java:onNext(254)) - client-C0E347E82FC5->e6065258-5a2c-4a72-9f81-ed1321f551ca: receive RaftClientReply:client-C0E347E82FC5->e6065258-5a2c-4a72-9f81-ed1321f551ca@group-13364FE26125, cid=76, SUCCESS, logIndex=133, commits[e6065258-5a2c-4a72-9f81-ed1321f551ca:c133]
2019-06-14 09:09:24,879 INFO  client.GrpcClientProtocolClient (GrpcClientProtocolClient.java:onNext(254)) - client-C0E347E82FC5->e6065258-5a2c-4a72-9f81-ed1321f551ca: receive RaftClientReply:client-C0E347E82FC5->e6065258-5a2c-4a72-9f81-ed1321f551ca@group-13364FE26125, cid=77, SUCCESS, logIndex=135, commits[e6065258-5a2c-4a72-9f81-ed1321f551ca:c135]
2019-06-14 09:09:24,882 INFO  client.GrpcClientProtocolClient (GrpcClientProtocolClient.java:onNext(254)) - client-C0E347E82FC5->e6065258-5a2c-4a72-9f81-ed1321f551ca: receive RaftClientReply:client-C0E347E82FC5->e6065258-5a2c-4a72-9f81-ed1321f551ca@group-13364FE26125, cid=78, SUCCESS, logIndex=137, commits[e6065258-5a2c-4a72-9f81-ed1321f551ca:c137]
2019-06-14 09:09:24,884 INFO  client.GrpcClientProtocolClient (GrpcClientProtocolClient.java:onNext(254)) - client-C0E347E82FC5->e6065258-5a2c-4a72-9f81-ed1321f551ca: receive RaftClientReply:client-C0E347E82FC5->e6065258-5a2c-4a72-9f81-ed1321f551ca@group-13364FE26125, cid=79, SUCCESS, logIndex=138, commits[e6065258-5a2c-4a72-9f81-ed1321f551ca:c140]
2019-06-14 09:09:24,885 INFO  client.GrpcClientProtocolClient (GrpcClientProtocolClient.java:onNext(254)) - client-C0E347E82FC5->e6065258-5a2c-4a72-9f81-ed1321f551ca: receive RaftClientReply:client-C0E347E82FC5->e6065258-5a2c-4a72-9f81-ed1321f551ca@group-13364FE26125, cid=80, SUCCESS, logIndex=139, commits[e6065258-5a2c-4a72-9f81-ed1321f551ca:c140]
2019-06-14 09:09:24,900 INFO  client.GrpcClientProtocolClient (GrpcClientProtocolClient.java:onNext(254)) - client-C0E347E82FC5->e6065258-5a2c-4a72-9f81-ed1321f551ca: receive RaftClientReply:client-C0E347E82FC5->e6065258-5a2c-4a72-9f81-ed1321f551ca@group-13364FE26125, cid=81, SUCCESS, logIndex=141, commits[e6065258-5a2c-4a72-9f81-ed1321f551ca:c141]
2019-06-14 09:09:24,905 INFO  client.GrpcClientProtocolClient (GrpcClientProtocolClient.java:onNext(254)) - client-C0E347E82FC5->e6065258-5a2c-4a72-9f81-ed1321f551ca: receive RaftClientReply:client-C0E347E82FC5->e6065258-5a2c-4a72-9f81-ed1321f551ca@group-13364FE26125, cid=82, SUCCESS, logIndex=143, commits[e6065258-5a2c-4a72-9f81-ed1321f551ca:c144]
2019-06-14 09:09:24,906 INFO  client.GrpcClientProtocolClient (GrpcClientProtocolClient.java:onNext(254)) - client-C0E347E82FC5->e6065258-5a2c-4a72-9f81-ed1321f551ca: receive RaftClientReply:client-C0E347E82FC5->e6065258-5a2c-4a72-9f81-ed1321f551ca@group-13364FE26125, cid=83, SUCCESS, logIndex=144, commits[e6065258-5a2c-4a72-9f81-ed1321f551ca:c146]
2019-06-14 09:09:24,907 INFO  client.GrpcClientProtocolClient (GrpcClientProtocolClient.java:onNext(254)) - client-C0E347E82FC5->e6065258-5a2c-4a72-9f81-ed1321f551ca: receive RaftClientReply:client-C0E347E82FC5->e6065258-5a2c-4a72-9f81-ed1321f551ca@group-13364FE26125, cid=84, SUCCESS, logIndex=146, commits[e6065258-5a2c-4a72-9f81-ed1321f551ca:c146]
2019-06-14 09:09:24,916 INFO  client.GrpcClientProtocolClient (GrpcClientProtocolClient.java:onNext(254)) - client-C0E347E82FC5->e6065258-5a2c-4a72-9f81-ed1321f551ca: receive RaftClientReply:client-C0E347E82FC5->e6065258-5a2c-4a72-9f81-ed1321f551ca@group-13364FE26125, cid=85, SUCCESS, logIndex=149, commits[e6065258-5a2c-4a72-9f81-ed1321f551ca:c149]
2019-06-14 09:09:24,917 INFO  storage.RaftLogWorker (RaftLogWorker.java:rollLogSegment(303)) - e6065258-5a2c-4a72-9f81-ed1321f551ca-RaftLogWorker: Rolling segment log-80_152 to index:152
2019-06-14 09:09:24,919 INFO  storage.RaftLogWorker (RaftLogWorker.java:execute(433)) - e6065258-5a2c-4a72-9f81-ed1321f551ca-RaftLogWorker: Rolled log segment from /opt/src/hadoop-ozone/integration-test/target/test-dir/MiniOzoneClusterImpl-a56da109-a1cb-4168-8966-62306f2f2d23/datanode-0/data/ratis/920138aa-6f47-4d6d-b5cc-13364fe26125/current/log_inprogress_80 to /opt/src/hadoop-ozone/integration-test/target/test-dir/MiniOzoneClusterImpl-a56da109-a1cb-4168-8966-62306f2f2d23/datanode-0/data/ratis/920138aa-6f47-4d6d-b5cc-13364fe26125/current/log_80-152
2019-06-14 09:09:24,922 INFO  client.GrpcClientProtocolClient (GrpcClientProtocolClient.java:onNext(254)) - client-C0E347E82FC5->e6065258-5a2c-4a72-9f81-ed1321f551ca: receive RaftClientReply:client-C0E347E82FC5->e6065258-5a2c-4a72-9f81-ed1321f551ca@group-13364FE26125, cid=86, SUCCESS, logIndex=151, commits[e6065258-5a2c-4a72-9f81-ed1321f551ca:c151]
2019-06-14 09:09:24,922 INFO  client.GrpcClientProtocolClient (GrpcClientProtocolClient.java:onNext(254)) - client-C0E347E82FC5->e6065258-5a2c-4a72-9f81-ed1321f551ca: receive RaftClientReply:client-C0E347E82FC5->e6065258-5a2c-4a72-9f81-ed1321f551ca@group-13364FE26125, cid=87, SUCCESS, logIndex=152, commits[e6065258-5a2c-4a72-9f81-ed1321f551ca:c152]
2019-06-14 09:09:24,942 DEBUG block.SCMBlockDeletingService (SCMBlockDeletingService.java:call(138)) - Running DeletedBlockTransactionScanner
2019-06-14 09:09:24,954 DEBUG block.SCMBlockDeletingService (SCMBlockDeletingService.java:call(155)) - Scanned deleted blocks log and got 0 delTX to process.
2019-06-14 09:09:24,956 INFO  storage.RaftLogWorker (RaftLogWorker.java:execute(469)) - e6065258-5a2c-4a72-9f81-ed1321f551ca-RaftLogWorker: created new log segment /opt/src/hadoop-ozone/integration-test/target/test-dir/MiniOzoneClusterImpl-a56da109-a1cb-4168-8966-62306f2f2d23/datanode-0/data/ratis/920138aa-6f47-4d6d-b5cc-13364fe26125/current/log_inprogress_153
2019-06-14 09:09:24,958 INFO  client.GrpcClientProtocolClient (GrpcClientProtocolClient.java:onNext(254)) - client-C0E347E82FC5->e6065258-5a2c-4a72-9f81-ed1321f551ca: receive RaftClientReply:client-C0E347E82FC5->e6065258-5a2c-4a72-9f81-ed1321f551ca@group-13364FE26125, cid=88, SUCCESS, logIndex=153, commits[e6065258-5a2c-4a72-9f81-ed1321f551ca:c155]
2019-06-14 09:09:25,039 INFO  client.GrpcClientProtocolClient (GrpcClientProtocolClient.java:onNext(254)) - client-C0E347E82FC5->e6065258-5a2c-4a72-9f81-ed1321f551ca: receive RaftClientReply:client-C0E347E82FC5->e6065258-5a2c-4a72-9f81-ed1321f551ca@group-13364FE26125, cid=89, SUCCESS, logIndex=156, commits[e6065258-5a2c-4a72-9f81-ed1321f551ca:c156]
2019-06-14 09:09:25,043 INFO  client.GrpcClientProtocolClient (GrpcClientProtocolClient.java:onNext(254)) - client-C0E347E82FC5->e6065258-5a2c-4a72-9f81-ed1321f551ca: receive RaftClientReply:client-C0E347E82FC5->e6065258-5a2c-4a72-9f81-ed1321f551ca@group-13364FE26125, cid=90, SUCCESS, logIndex=158, commits[e6065258-5a2c-4a72-9f81-ed1321f551ca:c158]
2019-06-14 09:09:25,044 INFO  client.GrpcClientProtocolClient (GrpcClientProtocolClient.java:onNext(254)) - client-C0E347E82FC5->e6065258-5a2c-4a72-9f81-ed1321f551ca: receive RaftClientReply:client-C0E347E82FC5->e6065258-5a2c-4a72-9f81-ed1321f551ca@group-13364FE26125, cid=91, SUCCESS, logIndex=159, commits[e6065258-5a2c-4a72-9f81-ed1321f551ca:c159]
2019-06-14 09:09:25,045 INFO  client.GrpcClientProtocolClient (GrpcClientProtocolClient.java:onNext(254)) - client-C0E347E82FC5->e6065258-5a2c-4a72-9f81-ed1321f551ca: receive RaftClientReply:client-C0E347E82FC5->e6065258-5a2c-4a72-9f81-ed1321f551ca@group-13364FE26125, cid=92, SUCCESS, logIndex=161, commits[e6065258-5a2c-4a72-9f81-ed1321f551ca:c161]
2019-06-14 09:09:25,054 DEBUG block.SCMBlockDeletingService (SCMBlockDeletingService.java:call(138)) - Running DeletedBlockTransactionScanner
2019-06-14 09:09:25,054 DEBUG block.SCMBlockDeletingService (SCMBlockDeletingService.java:call(155)) - Scanned deleted blocks log and got 0 delTX to process.
2019-06-14 09:09:25,055 INFO  client.GrpcClientProtocolClient (GrpcClientProtocolClient.java:onNext(254)) - client-C0E347E82FC5->e6065258-5a2c-4a72-9f81-ed1321f551ca: receive RaftClientReply:client-C0E347E82FC5->e6065258-5a2c-4a72-9f81-ed1321f551ca@group-13364FE26125, cid=93, SUCCESS, logIndex=164, commits[e6065258-5a2c-4a72-9f81-ed1321f551ca:c164]
2019-06-14 09:09:25,062 INFO  client.GrpcClientProtocolClient (GrpcClientProtocolClient.java:onNext(254)) - client-C0E347E82FC5->e6065258-5a2c-4a72-9f81-ed1321f551ca: receive RaftClientReply:client-C0E347E82FC5->e6065258-5a2c-4a72-9f81-ed1321f551ca@group-13364FE26125, cid=94, SUCCESS, logIndex=166, commits[e6065258-5a2c-4a72-9f81-ed1321f551ca:c169]
2019-06-14 09:09:25,063 INFO  client.GrpcClientProtocolClient (GrpcClientProtocolClient.java:onNext(254)) - client-C0E347E82FC5->e6065258-5a2c-4a72-9f81-ed1321f551ca: receive RaftClientReply:client-C0E347E82FC5->e6065258-5a2c-4a72-9f81-ed1321f551ca@group-13364FE26125, cid=95, SUCCESS, logIndex=167, commits[e6065258-5a2c-4a72-9f81-ed1321f551ca:c169]
2019-06-14 09:09:25,063 INFO  client.GrpcClientProtocolClient (GrpcClientProtocolClient.java:onNext(254)) - client-C0E347E82FC5->e6065258-5a2c-4a72-9f81-ed1321f551ca: receive RaftClientReply:client-C0E347E82FC5->e6065258-5a2c-4a72-9f81-ed1321f551ca@group-13364FE26125, cid=96, SUCCESS, logIndex=168, commits[e6065258-5a2c-4a72-9f81-ed1321f551ca:c169]
2019-06-14 09:09:25,079 INFO  client.GrpcClientProtocolClient (GrpcClientProtocolClient.java:onNext(254)) - client-C0E347E82FC5->e6065258-5a2c-4a72-9f81-ed1321f551ca: receive RaftClientReply:client-C0E347E82FC5->e6065258-5a2c-4a72-9f81-ed1321f551ca@group-13364FE26125, cid=97, SUCCESS, logIndex=170, commits[e6065258-5a2c-4a72-9f81-ed1321f551ca:c170]
2019-06-14 09:09:25,084 INFO  client.GrpcClientProtocolClient (GrpcClientProtocolClient.java:onNext(254)) - client-C0E347E82FC5->e6065258-5a2c-4a72-9f81-ed1321f551ca: receive RaftClientReply:client-C0E347E82FC5->e6065258-5a2c-4a72-9f81-ed1321f551ca@group-13364FE26125, cid=98, SUCCESS, logIndex=172, commits[e6065258-5a2c-4a72-9f81-ed1321f551ca:c172]
2019-06-14 09:09:25,087 INFO  client.GrpcClientProtocolClient (GrpcClientProtocolClient.java:onNext(254)) - client-C0E347E82FC5->e6065258-5a2c-4a72-9f81-ed1321f551ca: receive RaftClientReply:client-C0E347E82FC5->e6065258-5a2c-4a72-9f81-ed1321f551ca@group-13364FE26125, cid=99, SUCCESS, logIndex=173, commits[e6065258-5a2c-4a72-9f81-ed1321f551ca:c175]
2019-06-14 09:09:25,087 INFO  client.GrpcClientProtocolClient (GrpcClientProtocolClient.java:onNext(254)) - client-C0E347E82FC5->e6065258-5a2c-4a72-9f81-ed1321f551ca: receive RaftClientReply:client-C0E347E82FC5->e6065258-5a2c-4a72-9f81-ed1321f551ca@group-13364FE26125, cid=100, SUCCESS, logIndex=175, commits[e6065258-5a2c-4a72-9f81-ed1321f551ca:c176]
2019-06-14 09:09:25,097 INFO  client.GrpcClientProtocolClient (GrpcClientProtocolClient.java:onNext(254)) - client-C0E347E82FC5->e6065258-5a2c-4a72-9f81-ed1321f551ca: receive RaftClientReply:client-C0E347E82FC5->e6065258-5a2c-4a72-9f81-ed1321f551ca@group-13364FE26125, cid=101, SUCCESS, logIndex=177, commits[e6065258-5a2c-4a72-9f81-ed1321f551ca:c177]
2019-06-14 09:09:25,102 INFO  client.GrpcClientProtocolClient (GrpcClientProtocolClient.java:onNext(254)) - client-C0E347E82FC5->e6065258-5a2c-4a72-9f81-ed1321f551ca: receive RaftClientReply:client-C0E347E82FC5->e6065258-5a2c-4a72-9f81-ed1321f551ca@group-13364FE26125, cid=102, SUCCESS, logIndex=179, commits[e6065258-5a2c-4a72-9f81-ed1321f551ca:c179]
2019-06-14 09:09:25,163 DEBUG block.SCMBlockDeletingService (SCMBlockDeletingService.java:call(138)) - Running DeletedBlockTransactionScanner
2019-06-14 09:09:25,164 DEBUG block.SCMBlockDeletingService (SCMBlockDeletingService.java:call(155)) - Scanned deleted blocks log and got 0 delTX to process.
2019-06-14 09:09:25,164 INFO  client.GrpcClientProtocolClient (GrpcClientProtocolClient.java:onNext(254)) - client-C0E347E82FC5->e6065258-5a2c-4a72-9f81-ed1321f551ca: receive RaftClientReply:client-C0E347E82FC5->e6065258-5a2c-4a72-9f81-ed1321f551ca@group-13364FE26125, cid=103, SUCCESS, logIndex=181, commits[e6065258-5a2c-4a72-9f81-ed1321f551ca:c181]
2019-06-14 09:09:25,167 INFO  client.GrpcClientProtocolClient (GrpcClientProtocolClient.java:onNext(254)) - client-C0E347E82FC5->e6065258-5a2c-4a72-9f81-ed1321f551ca: receive RaftClientReply:client-C0E347E82FC5->e6065258-5a2c-4a72-9f81-ed1321f551ca@group-13364FE26125, cid=104, SUCCESS, logIndex=182, commits[e6065258-5a2c-4a72-9f81-ed1321f551ca:c183]
2019-06-14 09:09:25,198 INFO  client.GrpcClientProtocolClient (GrpcClientProtocolClient.java:onNext(254)) - client-C0E347E82FC5->e6065258-5a2c-4a72-9f81-ed1321f551ca: receive RaftClientReply:client-C0E347E82FC5->e6065258-5a2c-4a72-9f81-ed1321f551ca@group-13364FE26125, cid=105, SUCCESS, logIndex=184, commits[e6065258-5a2c-4a72-9f81-ed1321f551ca:c185]
2019-06-14 09:09:25,201 INFO  client.GrpcClientProtocolClient (GrpcClientProtocolClient.java:onNext(254)) - client-C0E347E82FC5->e6065258-5a2c-4a72-9f81-ed1321f551ca: receive RaftClientReply:client-C0E347E82FC5->e6065258-5a2c-4a72-9f81-ed1321f551ca@group-13364FE26125, cid=106, SUCCESS, logIndex=186, commits[e6065258-5a2c-4a72-9f81-ed1321f551ca:c186]
2019-06-14 09:09:25,202 INFO  client.GrpcClientProtocolClient (GrpcClientProtocolClient.java:onNext(254)) - client-C0E347E82FC5->e6065258-5a2c-4a72-9f81-ed1321f551ca: receive RaftClientReply:client-C0E347E82FC5->e6065258-5a2c-4a72-9f81-ed1321f551ca@group-13364FE26125, cid=107, SUCCESS, logIndex=187, commits[e6065258-5a2c-4a72-9f81-ed1321f551ca:c189]
2019-06-14 09:09:25,203 INFO  client.GrpcClientProtocolClient (GrpcClientProtocolClient.java:onNext(254)) - client-C0E347E82FC5->e6065258-5a2c-4a72-9f81-ed1321f551ca: receive RaftClientReply:client-C0E347E82FC5->e6065258-5a2c-4a72-9f81-ed1321f551ca@group-13364FE26125, cid=108, SUCCESS, logIndex=189, commits[e6065258-5a2c-4a72-9f81-ed1321f551ca:c190]
2019-06-14 09:09:25,211 INFO  client.GrpcClientProtocolClient (GrpcClientProtocolClient.java:onNext(254)) - client-C0E347E82FC5->e6065258-5a2c-4a72-9f81-ed1321f551ca: receive RaftClientReply:client-C0E347E82FC5->e6065258-5a2c-4a72-9f81-ed1321f551ca@group-13364FE26125, cid=109, SUCCESS, logIndex=191, commits[e6065258-5a2c-4a72-9f81-ed1321f551ca:c191]
2019-06-14 09:09:25,213 INFO  client.GrpcClientProtocolClient (GrpcClientProtocolClient.java:onNext(254)) - client-C0E347E82FC5->e6065258-5a2c-4a72-9f81-ed1321f551ca: receive RaftClientReply:client-C0E347E82FC5->e6065258-5a2c-4a72-9f81-ed1321f551ca@group-13364FE26125, cid=110, SUCCESS, logIndex=193, commits[e6065258-5a2c-4a72-9f81-ed1321f551ca:c193]
2019-06-14 09:09:25,216 INFO  client.GrpcClientProtocolClient (GrpcClientProtocolClient.java:onNext(254)) - client-C0E347E82FC5->e6065258-5a2c-4a72-9f81-ed1321f551ca: receive RaftClientReply:client-C0E347E82FC5->e6065258-5a2c-4a72-9f81-ed1321f551ca@group-13364FE26125, cid=111, SUCCESS, logIndex=194, commits[e6065258-5a2c-4a72-9f81-ed1321f551ca:c196]
2019-06-14 09:09:25,217 INFO  client.GrpcClientProtocolClient (GrpcClientProtocolClient.java:onNext(254)) - client-C0E347E82FC5->e6065258-5a2c-4a72-9f81-ed1321f551ca: receive RaftClientReply:client-C0E347E82FC5->e6065258-5a2c-4a72-9f81-ed1321f551ca@group-13364FE26125, cid=112, SUCCESS, logIndex=196, commits[e6065258-5a2c-4a72-9f81-ed1321f551ca:c197]
2019-06-14 09:09:25,233 INFO  client.GrpcClientProtocolClient (GrpcClientProtocolClient.java:onNext(254)) - client-C0E347E82FC5->e6065258-5a2c-4a72-9f81-ed1321f551ca: receive RaftClientReply:client-C0E347E82FC5->e6065258-5a2c-4a72-9f81-ed1321f551ca@group-13364FE26125, cid=113, SUCCESS, logIndex=198, commits[e6065258-5a2c-4a72-9f81-ed1321f551ca:c198]
2019-06-14 09:09:25,239 INFO  client.GrpcClientProtocolClient (GrpcClientProtocolClient.java:onNext(254)) - client-C0E347E82FC5->e6065258-5a2c-4a72-9f81-ed1321f551ca: receive RaftClientReply:client-C0E347E82FC5->e6065258-5a2c-4a72-9f81-ed1321f551ca@group-13364FE26125, cid=114, SUCCESS, logIndex=200, commits[e6065258-5a2c-4a72-9f81-ed1321f551ca:c200]
2019-06-14 09:09:25,240 INFO  client.GrpcClientProtocolClient (GrpcClientProtocolClient.java:onNext(254)) - client-C0E347E82FC5->e6065258-5a2c-4a72-9f81-ed1321f551ca: receive RaftClientReply:client-C0E347E82FC5->e6065258-5a2c-4a72-9f81-ed1321f551ca@group-13364FE26125, cid=115, SUCCESS, logIndex=201, commits[e6065258-5a2c-4a72-9f81-ed1321f551ca:c203]
2019-06-14 09:09:25,241 INFO  client.GrpcClientProtocolClient (GrpcClientProtocolClient.java:onNext(254)) - client-C0E347E82FC5->e6065258-5a2c-4a72-9f81-ed1321f551ca: receive RaftClientReply:client-C0E347E82FC5->e6065258-5a2c-4a72-9f81-ed1321f551ca@group-13364FE26125, cid=116, SUCCESS, logIndex=203, commits[e6065258-5a2c-4a72-9f81-ed1321f551ca:c203]
2019-06-14 09:09:25,250 INFO  client.GrpcClientProtocolClient (GrpcClientProtocolClient.java:onNext(254)) - client-C0E347E82FC5->e6065258-5a2c-4a72-9f81-ed1321f551ca: receive RaftClientReply:client-C0E347E82FC5->e6065258-5a2c-4a72-9f81-ed1321f551ca@group-13364FE26125, cid=117, SUCCESS, logIndex=205, commits[e6065258-5a2c-4a72-9f81-ed1321f551ca:c205]
2019-06-14 09:09:25,255 INFO  client.GrpcClientProtocolClient (GrpcClientProtocolClient.java:onNext(254)) - client-C0E347E82FC5->e6065258-5a2c-4a72-9f81-ed1321f551ca: receive RaftClientReply:client-C0E347E82FC5->e6065258-5a2c-4a72-9f81-ed1321f551ca@group-13364FE26125, cid=118, SUCCESS, logIndex=207, commits[e6065258-5a2c-4a72-9f81-ed1321f551ca:c207]
2019-06-14 09:09:25,256 INFO  client.GrpcClientProtocolClient (GrpcClientProtocolClient.java:onNext(254)) - client-C0E347E82FC5->e6065258-5a2c-4a72-9f81-ed1321f551ca: receive RaftClientReply:client-C0E347E82FC5->e6065258-5a2c-4a72-9f81-ed1321f551ca@group-13364FE26125, cid=119, SUCCESS, logIndex=208, commits[e6065258-5a2c-4a72-9f81-ed1321f551ca:c210]
2019-06-14 09:09:25,256 INFO  client.GrpcClientProtocolClient (GrpcClientProtocolClient.java:onNext(254)) - client-C0E347E82FC5->e6065258-5a2c-4a72-9f81-ed1321f551ca: receive RaftClientReply:client-C0E347E82FC5->e6065258-5a2c-4a72-9f81-ed1321f551ca@group-13364FE26125, cid=120, SUCCESS, logIndex=209, commits[e6065258-5a2c-4a72-9f81-ed1321f551ca:c210]
2019-06-14 09:09:25,264 DEBUG block.SCMBlockDeletingService (SCMBlockDeletingService.java:call(138)) - Running DeletedBlockTransactionScanner
2019-06-14 09:09:25,264 DEBUG block.SCMBlockDeletingService (SCMBlockDeletingService.java:call(155)) - Scanned deleted blocks log and got 0 delTX to process.
2019-06-14 09:09:25,270 INFO  client.GrpcClientProtocolClient (GrpcClientProtocolClient.java:onNext(254)) - client-C0E347E82FC5->e6065258-5a2c-4a72-9f81-ed1321f551ca: receive RaftClientReply:client-C0E347E82FC5->e6065258-5a2c-4a72-9f81-ed1321f551ca@group-13364FE26125, cid=121, SUCCESS, logIndex=211, commits[e6065258-5a2c-4a72-9f81-ed1321f551ca:c211]
2019-06-14 09:09:25,274 INFO  client.GrpcClientProtocolClient (GrpcClientProtocolClient.java:onNext(254)) - client-C0E347E82FC5->e6065258-5a2c-4a72-9f81-ed1321f551ca: receive RaftClientReply:client-C0E347E82FC5->e6065258-5a2c-4a72-9f81-ed1321f551ca@group-13364FE26125, cid=122, SUCCESS, logIndex=213, commits[e6065258-5a2c-4a72-9f81-ed1321f551ca:c213]
2019-06-14 09:09:25,275 INFO  client.GrpcClientProtocolClient (GrpcClientProtocolClient.java:onNext(254)) - client-C0E347E82FC5->e6065258-5a2c-4a72-9f81-ed1321f551ca: receive RaftClientReply:client-C0E347E82FC5->e6065258-5a2c-4a72-9f81-ed1321f551ca@group-13364FE26125, cid=123, SUCCESS, logIndex=215, commits[e6065258-5a2c-4a72-9f81-ed1321f551ca:c215]
2019-06-14 09:09:25,276 INFO  client.GrpcClientProtocolClient (GrpcClientProtocolClient.java:onNext(254)) - client-C0E347E82FC5->e6065258-5a2c-4a72-9f81-ed1321f551ca: receive RaftClientReply:client-C0E347E82FC5->e6065258-5a2c-4a72-9f81-ed1321f551ca@group-13364FE26125, cid=124, SUCCESS, logIndex=216, commits[e6065258-5a2c-4a72-9f81-ed1321f551ca:c216]
2019-06-14 09:09:25,285 INFO  client.GrpcClientProtocolClient (GrpcClientProtocolClient.java:onNext(254)) - client-C0E347E82FC5->e6065258-5a2c-4a72-9f81-ed1321f551ca: receive RaftClientReply:client-C0E347E82FC5->e6065258-5a2c-4a72-9f81-ed1321f551ca@group-13364FE26125, cid=125, SUCCESS, logIndex=219, commits[e6065258-5a2c-4a72-9f81-ed1321f551ca:c220]
2019-06-14 09:09:25,289 INFO  client.GrpcClientProtocolClient (GrpcClientProtocolClient.java:onNext(254)) - client-C0E347E82FC5->e6065258-5a2c-4a72-9f81-ed1321f551ca: receive RaftClientReply:client-C0E347E82FC5->e6065258-5a2c-4a72-9f81-ed1321f551ca@group-13364FE26125, cid=126, SUCCESS, logIndex=221, commits[e6065258-5a2c-4a72-9f81-ed1321f551ca:c221]
2019-06-14 09:09:25,292 INFO  client.GrpcClientProtocolClient (GrpcClientProtocolClient.java:onNext(254)) - client-C0E347E82FC5->e6065258-5a2c-4a72-9f81-ed1321f551ca: receive RaftClientReply:client-C0E347E82FC5->e6065258-5a2c-4a72-9f81-ed1321f551ca@group-13364FE26125, cid=127, SUCCESS, logIndex=222, commits[e6065258-5a2c-4a72-9f81-ed1321f551ca:c222]
2019-06-14 09:09:25,293 INFO  client.GrpcClientProtocolClient (GrpcClientProtocolClient.java:onNext(254)) - client-C0E347E82FC5->e6065258-5a2c-4a72-9f81-ed1321f551ca: receive RaftClientReply:client-C0E347E82FC5->e6065258-5a2c-4a72-9f81-ed1321f551ca@group-13364FE26125, cid=128, SUCCESS, logIndex=224, commits[e6065258-5a2c-4a72-9f81-ed1321f551ca:c225]
2019-06-14 09:09:25,304 INFO  client.GrpcClientProtocolClient (GrpcClientProtocolClient.java:onNext(254)) - client-C0E347E82FC5->e6065258-5a2c-4a72-9f81-ed1321f551ca: receive RaftClientReply:client-C0E347E82FC5->e6065258-5a2c-4a72-9f81-ed1321f551ca@group-13364FE26125, cid=129, SUCCESS, logIndex=227, commits[e6065258-5a2c-4a72-9f81-ed1321f551ca:c227]
2019-06-14 09:09:25,305 INFO  storage.RaftLogWorker (RaftLogWorker.java:rollLogSegment(303)) - e6065258-5a2c-4a72-9f81-ed1321f551ca-RaftLogWorker: Rolling segment log-153_229 to index:229
2019-06-14 09:09:25,306 INFO  storage.RaftLogWorker (RaftLogWorker.java:execute(433)) - e6065258-5a2c-4a72-9f81-ed1321f551ca-RaftLogWorker: Rolled log segment from /opt/src/hadoop-ozone/integration-test/target/test-dir/MiniOzoneClusterImpl-a56da109-a1cb-4168-8966-62306f2f2d23/datanode-0/data/ratis/920138aa-6f47-4d6d-b5cc-13364fe26125/current/log_inprogress_153 to /opt/src/hadoop-ozone/integration-test/target/test-dir/MiniOzoneClusterImpl-a56da109-a1cb-4168-8966-62306f2f2d23/datanode-0/data/ratis/920138aa-6f47-4d6d-b5cc-13364fe26125/current/log_153-229
2019-06-14 09:09:25,310 INFO  client.GrpcClientProtocolClient (GrpcClientProtocolClient.java:onNext(254)) - client-C0E347E82FC5->e6065258-5a2c-4a72-9f81-ed1321f551ca: receive RaftClientReply:client-C0E347E82FC5->e6065258-5a2c-4a72-9f81-ed1321f551ca@group-13364FE26125, cid=130, SUCCESS, logIndex=229, commits[e6065258-5a2c-4a72-9f81-ed1321f551ca:c229]
2019-06-14 09:09:25,350 INFO  storage.RaftLogWorker (RaftLogWorker.java:execute(469)) - e6065258-5a2c-4a72-9f81-ed1321f551ca-RaftLogWorker: created new log segment /opt/src/hadoop-ozone/integration-test/target/test-dir/MiniOzoneClusterImpl-a56da109-a1cb-4168-8966-62306f2f2d23/datanode-0/data/ratis/920138aa-6f47-4d6d-b5cc-13364fe26125/current/log_inprogress_230
2019-06-14 09:09:25,354 INFO  client.GrpcClientProtocolClient (GrpcClientProtocolClient.java:onNext(254)) - client-C0E347E82FC5->e6065258-5a2c-4a72-9f81-ed1321f551ca: receive RaftClientReply:client-C0E347E82FC5->e6065258-5a2c-4a72-9f81-ed1321f551ca@group-13364FE26125, cid=131, SUCCESS, logIndex=230, commits[e6065258-5a2c-4a72-9f81-ed1321f551ca:c232]
2019-06-14 09:09:25,354 INFO  client.GrpcClientProtocolClient (GrpcClientProtocolClient.java:onNext(254)) - client-C0E347E82FC5->e6065258-5a2c-4a72-9f81-ed1321f551ca: receive RaftClientReply:client-C0E347E82FC5->e6065258-5a2c-4a72-9f81-ed1321f551ca@group-13364FE26125, cid=132, SUCCESS, logIndex=231, commits[e6065258-5a2c-4a72-9f81-ed1321f551ca:c232]
2019-06-14 09:09:25,364 DEBUG block.SCMBlockDeletingService (SCMBlockDeletingService.java:call(138)) - Running DeletedBlockTransactionScanner
2019-06-14 09:09:25,365 DEBUG block.SCMBlockDeletingService (SCMBlockDeletingService.java:call(155)) - Scanned deleted blocks log and got 0 delTX to process.
2019-06-14 09:09:25,431 INFO  client.GrpcClientProtocolClient (GrpcClientProtocolClient.java:onNext(254)) - client-C0E347E82FC5->e6065258-5a2c-4a72-9f81-ed1321f551ca: receive RaftClientReply:client-C0E347E82FC5->e6065258-5a2c-4a72-9f81-ed1321f551ca@group-13364FE26125, cid=133, SUCCESS, logIndex=233, commits[e6065258-5a2c-4a72-9f81-ed1321f551ca:c233]
2019-06-14 09:09:25,435 INFO  client.GrpcClientProtocolClient (GrpcClientProtocolClient.java:onNext(254)) - client-C0E347E82FC5->e6065258-5a2c-4a72-9f81-ed1321f551ca: receive RaftClientReply:client-C0E347E82FC5->e6065258-5a2c-4a72-9f81-ed1321f551ca@group-13364FE26125, cid=134, SUCCESS, logIndex=235, commits[e6065258-5a2c-4a72-9f81-ed1321f551ca:c237]
2019-06-14 09:09:25,438 INFO  client.GrpcClientProtocolClient (GrpcClientProtocolClient.java:onNext(254)) - client-C0E347E82FC5->e6065258-5a2c-4a72-9f81-ed1321f551ca: receive RaftClientReply:client-C0E347E82FC5->e6065258-5a2c-4a72-9f81-ed1321f551ca@group-13364FE26125, cid=135, SUCCESS, logIndex=236, commits[e6065258-5a2c-4a72-9f81-ed1321f551ca:c237]
2019-06-14 09:09:25,438 INFO  client.GrpcClientProtocolClient (GrpcClientProtocolClient.java:onNext(254)) - client-C0E347E82FC5->e6065258-5a2c-4a72-9f81-ed1321f551ca: receive RaftClientReply:client-C0E347E82FC5->e6065258-5a2c-4a72-9f81-ed1321f551ca@group-13364FE26125, cid=136, SUCCESS, logIndex=237, commits[e6065258-5a2c-4a72-9f81-ed1321f551ca:c237]
2019-06-14 09:09:25,449 INFO  client.GrpcClientProtocolClient (GrpcClientProtocolClient.java:onNext(254)) - client-C0E347E82FC5->e6065258-5a2c-4a72-9f81-ed1321f551ca: receive RaftClientReply:client-C0E347E82FC5->e6065258-5a2c-4a72-9f81-ed1321f551ca@group-13364FE26125, cid=137, SUCCESS, logIndex=240, commits[e6065258-5a2c-4a72-9f81-ed1321f551ca:c240]
2019-06-14 09:09:25,453 INFO  client.GrpcClientProtocolClient (GrpcClientProtocolClient.java:onNext(254)) - client-C0E347E82FC5->e6065258-5a2c-4a72-9f81-ed1321f551ca: receive RaftClientReply:client-C0E347E82FC5->e6065258-5a2c-4a72-9f81-ed1321f551ca@group-13364FE26125, cid=138, SUCCESS, logIndex=242, commits[e6065258-5a2c-4a72-9f81-ed1321f551ca:c242]
2019-06-14 09:09:25,454 INFO  client.GrpcClientProtocolClient (GrpcClientProtocolClient.java:onNext(254)) - client-C0E347E82FC5->e6065258-5a2c-4a72-9f81-ed1321f551ca: receive RaftClientReply:client-C0E347E82FC5->e6065258-5a2c-4a72-9f81-ed1321f551ca@group-13364FE26125, cid=139, SUCCESS, logIndex=243, commits[e6065258-5a2c-4a72-9f81-ed1321f551ca:c245]
2019-06-14 09:09:25,455 INFO  client.GrpcClientProtocolClient (GrpcClientProtocolClient.java:onNext(254)) - client-C0E347E82FC5->e6065258-5a2c-4a72-9f81-ed1321f551ca: receive RaftClientReply:client-C0E347E82FC5->e6065258-5a2c-4a72-9f81-ed1321f551ca@group-13364FE26125, cid=140, SUCCESS, logIndex=244, commits[e6065258-5a2c-4a72-9f81-ed1321f551ca:c245]
2019-06-14 09:09:25,515 DEBUG block.SCMBlockDeletingService (SCMBlockDeletingService.java:call(138)) - Running DeletedBlockTransactionScanner
2019-06-14 09:09:25,518 DEBUG block.SCMBlockDeletingService (SCMBlockDeletingService.java:call(155)) - Scanned deleted blocks log and got 0 delTX to process.
2019-06-14 09:09:25,520 INFO  client.GrpcClientProtocolClient (GrpcClientProtocolClient.java:onNext(254)) - client-C0E347E82FC5->e6065258-5a2c-4a72-9f81-ed1321f551ca: receive RaftClientReply:client-C0E347E82FC5->e6065258-5a2c-4a72-9f81-ed1321f551ca@group-13364FE26125, cid=141, SUCCESS, logIndex=246, commits[e6065258-5a2c-4a72-9f81-ed1321f551ca:c246]
2019-06-14 09:09:25,524 INFO  client.GrpcClientProtocolClient (GrpcClientProtocolClient.java:onNext(254)) - client-C0E347E82FC5->e6065258-5a2c-4a72-9f81-ed1321f551ca: receive RaftClientReply:client-C0E347E82FC5->e6065258-5a2c-4a72-9f81-ed1321f551ca@group-13364FE26125, cid=142, SUCCESS, logIndex=248, commits[e6065258-5a2c-4a72-9f81-ed1321f551ca:c248]
2019-06-14 09:09:25,524 INFO  client.GrpcClientProtocolClient (GrpcClientProtocolClient.java:onNext(254)) - client-C0E347E82FC5->e6065258-5a2c-4a72-9f81-ed1321f551ca: receive RaftClientReply:client-C0E347E82FC5->e6065258-5a2c-4a72-9f81-ed1321f551ca@group-13364FE26125, cid=143, SUCCESS, logIndex=249, commits[e6065258-5a2c-4a72-9f81-ed1321f551ca:c250]
2019-06-14 09:09:25,525 INFO  client.GrpcClientProtocolClient (GrpcClientProtocolClient.java:onNext(254)) - client-C0E347E82FC5->e6065258-5a2c-4a72-9f81-ed1321f551ca: receive RaftClientReply:client-C0E347E82FC5->e6065258-5a2c-4a72-9f81-ed1321f551ca@group-13364FE26125, cid=144, SUCCESS, logIndex=250, commits[e6065258-5a2c-4a72-9f81-ed1321f551ca:c251]
2019-06-14 09:09:25,542 INFO  client.GrpcClientProtocolClient (GrpcClientProtocolClient.java:onNext(254)) - client-C0E347E82FC5->e6065258-5a2c-4a72-9f81-ed1321f551ca: receive RaftClientReply:client-C0E347E82FC5->e6065258-5a2c-4a72-9f81-ed1321f551ca@group-13364FE26125, cid=145, SUCCESS, logIndex=253, commits[e6065258-5a2c-4a72-9f81-ed1321f551ca:c253]
2019-06-14 09:09:25,542 INFO  client.GrpcClientProtocolClient (GrpcClientProtocolClient.java:onNext(254)) - client-C0E347E82FC5->e6065258-5a2c-4a72-9f81-ed1321f551ca: receive RaftClientReply:client-C0E347E82FC5->e6065258-5a2c-4a72-9f81-ed1321f551ca@group-13364FE26125, cid=146, SUCCESS, logIndex=255, commits[e6065258-5a2c-4a72-9f81-ed1321f551ca:c255]
2019-06-14 09:09:25,544 INFO  client.GrpcClientProtocolClient (GrpcClientProtocolClient.java:onNext(254)) - client-C0E347E82FC5->e6065258-5a2c-4a72-9f81-ed1321f551ca: receive RaftClientReply:client-C0E347E82FC5->e6065258-5a2c-4a72-9f81-ed1321f551ca@group-13364FE26125, cid=147, SUCCESS, logIndex=257, commits[e6065258-5a2c-4a72-9f81-ed1321f551ca:c257]
2019-06-14 09:09:25,546 INFO  client.GrpcClientProtocolClient (GrpcClientProtocolClient.java:onNext(254)) - client-C0E347E82FC5->e6065258-5a2c-4a72-9f81-ed1321f551ca: receive RaftClientReply:client-C0E347E82FC5->e6065258-5a2c-4a72-9f81-ed1321f551ca@group-13364FE26125, cid=148, SUCCESS, logIndex=259, commits[e6065258-5a2c-4a72-9f81-ed1321f551ca:c259]
2019-06-14 09:09:25,555 INFO  client.GrpcClientProtocolClient (GrpcClientProtocolClient.java:onNext(254)) - client-C0E347E82FC5->e6065258-5a2c-4a72-9f81-ed1321f551ca: receive RaftClientReply:client-C0E347E82FC5->e6065258-5a2c-4a72-9f81-ed1321f551ca@group-13364FE26125, cid=149, SUCCESS, logIndex=261, commits[e6065258-5a2c-4a72-9f81-ed1321f551ca:c261]
2019-06-14 09:09:25,556 INFO  client.GrpcClientProtocolClient (GrpcClientProtocolClient.java:onNext(254)) - client-C0E347E82FC5->e6065258-5a2c-4a72-9f81-ed1321f551ca: receive RaftClientReply:client-C0E347E82FC5->e6065258-5a2c-4a72-9f81-ed1321f551ca@group-13364FE26125, cid=150, SUCCESS, logIndex=263, commits[e6065258-5a2c-4a72-9f81-ed1321f551ca:c263]
2019-06-14 09:09:25,560 INFO  client.GrpcClientProtocolClient (GrpcClientProtocolClient.java:onNext(254)) - client-C0E347E82FC5->e6065258-5a2c-4a72-9f81-ed1321f551ca: receive RaftClientReply:client-C0E347E82FC5->e6065258-5a2c-4a72-9f81-ed1321f551ca@group-13364FE26125, cid=151, SUCCESS, logIndex=265, commits[e6065258-5a2c-4a72-9f81-ed1321f551ca:c266]
2019-06-14 09:09:25,561 INFO  client.GrpcClientProtocolClient (GrpcClientProtocolClient.java:onNext(254)) - client-C0E347E82FC5->e6065258-5a2c-4a72-9f81-ed1321f551ca: receive RaftClientReply:client-C0E347E82FC5->e6065258-5a2c-4a72-9f81-ed1321f551ca@group-13364FE26125, cid=152, SUCCESS, logIndex=266, commits[e6065258-5a2c-4a72-9f81-ed1321f551ca:c267]
2019-06-14 09:09:25,574 INFO  client.GrpcClientProtocolClient (GrpcClientProtocolClient.java:onNext(254)) - client-C0E347E82FC5->e6065258-5a2c-4a72-9f81-ed1321f551ca: receive RaftClientReply:client-C0E347E82FC5->e6065258-5a2c-4a72-9f81-ed1321f551ca@group-13364FE26125, cid=153, SUCCESS, logIndex=268, commits[e6065258-5a2c-4a72-9f81-ed1321f551ca:c268]
2019-06-14 09:09:25,578 INFO  client.GrpcClientProtocolClient (GrpcClientProtocolClient.java:onNext(254)) - client-C0E347E82FC5->e6065258-5a2c-4a72-9f81-ed1321f551ca: receive RaftClientReply:client-C0E347E82FC5->e6065258-5a2c-4a72-9f81-ed1321f551ca@group-13364FE26125, cid=154, SUCCESS, logIndex=270, commits[e6065258-5a2c-4a72-9f81-ed1321f551ca:c272]
2019-06-14 09:09:25,582 INFO  client.GrpcClientProtocolClient (GrpcClientProtocolClient.java:onNext(254)) - client-C0E347E82FC5->e6065258-5a2c-4a72-9f81-ed1321f551ca: receive RaftClientReply:client-C0E347E82FC5->e6065258-5a2c-4a72-9f81-ed1321f551ca@group-13364FE26125, cid=155, SUCCESS, logIndex=271, commits[e6065258-5a2c-4a72-9f81-ed1321f551ca:c272]
2019-06-14 09:09:25,598 INFO  client.GrpcClientProtocolClient (GrpcClientProtocolClient.java:onNext(254)) - client-C0E347E82FC5->e6065258-5a2c-4a72-9f81-ed1321f551ca: receive RaftClientReply:client-C0E347E82FC5->e6065258-5a2c-4a72-9f81-ed1321f551ca@group-13364FE26125, cid=156, SUCCESS, logIndex=272, commits[e6065258-5a2c-4a72-9f81-ed1321f551ca:c274]
2019-06-14 09:09:25,607 INFO  client.GrpcClientProtocolClient (GrpcClientProtocolClient.java:onNext(254)) - client-C0E347E82FC5->e6065258-5a2c-4a72-9f81-ed1321f551ca: receive RaftClientReply:client-C0E347E82FC5->e6065258-5a2c-4a72-9f81-ed1321f551ca@group-13364FE26125, cid=157, SUCCESS, logIndex=275, commits[e6065258-5a2c-4a72-9f81-ed1321f551ca:c275]
2019-06-14 09:09:25,611 INFO  client.GrpcClientProtocolClient (GrpcClientProtocolClient.java:onNext(254)) - client-C0E347E82FC5->e6065258-5a2c-4a72-9f81-ed1321f551ca: receive RaftClientReply:client-C0E347E82FC5->e6065258-5a2c-4a72-9f81-ed1321f551ca@group-13364FE26125, cid=158, SUCCESS, logIndex=277, commits[e6065258-5a2c-4a72-9f81-ed1321f551ca:c277]
2019-06-14 09:09:25,612 INFO  client.GrpcClientProtocolClient (GrpcClientProtocolClient.java:onNext(254)) - client-C0E347E82FC5->e6065258-5a2c-4a72-9f81-ed1321f551ca: receive RaftClientReply:client-C0E347E82FC5->e6065258-5a2c-4a72-9f81-ed1321f551ca@group-13364FE26125, cid=159, SUCCESS, logIndex=278, commits[e6065258-5a2c-4a72-9f81-ed1321f551ca:c279]
2019-06-14 09:09:25,612 INFO  client.GrpcClientProtocolClient (GrpcClientProtocolClient.java:onNext(254)) - client-C0E347E82FC5->e6065258-5a2c-4a72-9f81-ed1321f551ca: receive RaftClientReply:client-C0E347E82FC5->e6065258-5a2c-4a72-9f81-ed1321f551ca@group-13364FE26125, cid=160, SUCCESS, logIndex=279, commits[e6065258-5a2c-4a72-9f81-ed1321f551ca:c279]
2019-06-14 09:09:25,619 DEBUG block.SCMBlockDeletingService (SCMBlockDeletingService.java:call(138)) - Running DeletedBlockTransactionScanner
2019-06-14 09:09:25,619 DEBUG block.SCMBlockDeletingService (SCMBlockDeletingService.java:call(155)) - Scanned deleted blocks log and got 0 delTX to process.
2019-06-14 09:09:25,624 INFO  client.GrpcClientProtocolClient (GrpcClientProtocolClient.java:onNext(254)) - client-C0E347E82FC5->e6065258-5a2c-4a72-9f81-ed1321f551ca: receive RaftClientReply:client-C0E347E82FC5->e6065258-5a2c-4a72-9f81-ed1321f551ca@group-13364FE26125, cid=161, SUCCESS, logIndex=282, commits[e6065258-5a2c-4a72-9f81-ed1321f551ca:c282]
2019-06-14 09:09:25,629 INFO  client.GrpcClientProtocolClient (GrpcClientProtocolClient.java:onNext(254)) - client-C0E347E82FC5->e6065258-5a2c-4a72-9f81-ed1321f551ca: receive RaftClientReply:client-C0E347E82FC5->e6065258-5a2c-4a72-9f81-ed1321f551ca@group-13364FE26125, cid=162, SUCCESS, logIndex=284, commits[e6065258-5a2c-4a72-9f81-ed1321f551ca:c286]
2019-06-14 09:09:25,630 INFO  client.GrpcClientProtocolClient (GrpcClientProtocolClient.java:onNext(254)) - client-C0E347E82FC5->e6065258-5a2c-4a72-9f81-ed1321f551ca: receive RaftClientReply:client-C0E347E82FC5->e6065258-5a2c-4a72-9f81-ed1321f551ca@group-13364FE26125, cid=163, SUCCESS, logIndex=285, commits[e6065258-5a2c-4a72-9f81-ed1321f551ca:c287]
2019-06-14 09:09:25,630 INFO  client.GrpcClientProtocolClient (GrpcClientProtocolClient.java:onNext(254)) - client-C0E347E82FC5->e6065258-5a2c-4a72-9f81-ed1321f551ca: receive RaftClientReply:client-C0E347E82FC5->e6065258-5a2c-4a72-9f81-ed1321f551ca@group-13364FE26125, cid=164, SUCCESS, logIndex=286, commits[e6065258-5a2c-4a72-9f81-ed1321f551ca:c288]
2019-06-14 09:09:25,642 INFO  client.GrpcClientProtocolClient (GrpcClientProtocolClient.java:onNext(254)) - client-C0E347E82FC5->e6065258-5a2c-4a72-9f81-ed1321f551ca: receive RaftClientReply:client-C0E347E82FC5->e6065258-5a2c-4a72-9f81-ed1321f551ca@group-13364FE26125, cid=165, SUCCESS, logIndex=289, commits[e6065258-5a2c-4a72-9f81-ed1321f551ca:c289]
2019-06-14 09:09:25,645 INFO  client.GrpcClientProtocolClient (GrpcClientProtocolClient.java:onNext(254)) - client-C0E347E82FC5->e6065258-5a2c-4a72-9f81-ed1321f551ca: receive RaftClientReply:client-C0E347E82FC5->e6065258-5a2c-4a72-9f81-ed1321f551ca@group-13364FE26125, cid=166, SUCCESS, logIndex=291, commits[e6065258-5a2c-4a72-9f81-ed1321f551ca:c292]
2019-06-14 09:09:25,646 INFO  client.GrpcClientProtocolClient (GrpcClientProtocolClient.java:onNext(254)) - client-C0E347E82FC5->e6065258-5a2c-4a72-9f81-ed1321f551ca: receive RaftClientReply:client-C0E347E82FC5->e6065258-5a2c-4a72-9f81-ed1321f551ca@group-13364FE26125, cid=167, SUCCESS, logIndex=292, commits[e6065258-5a2c-4a72-9f81-ed1321f551ca:c292]
2019-06-14 09:09:25,647 INFO  client.GrpcClientProtocolClient (GrpcClientProtocolClient.java:onNext(254)) - client-C0E347E82FC5->e6065258-5a2c-4a72-9f81-ed1321f551ca: receive RaftClientReply:client-C0E347E82FC5->e6065258-5a2c-4a72-9f81-ed1321f551ca@group-13364FE26125, cid=168, SUCCESS, logIndex=294, commits[e6065258-5a2c-4a72-9f81-ed1321f551ca:c295]
2019-06-14 09:09:25,659 INFO  client.GrpcClientProtocolClient (GrpcClientProtocolClient.java:onNext(254)) - client-C0E347E82FC5->e6065258-5a2c-4a72-9f81-ed1321f551ca: receive RaftClientReply:client-C0E347E82FC5->e6065258-5a2c-4a72-9f81-ed1321f551ca@group-13364FE26125, cid=169, SUCCESS, logIndex=297, commits[e6065258-5a2c-4a72-9f81-ed1321f551ca:c297]
2019-06-14 09:09:25,662 INFO  client.GrpcClientProtocolClient (GrpcClientProtocolClient.java:onNext(254)) - client-C0E347E82FC5->e6065258-5a2c-4a72-9f81-ed1321f551ca: receive RaftClientReply:client-C0E347E82FC5->e6065258-5a2c-4a72-9f81-ed1321f551ca@group-13364FE26125, cid=170, SUCCESS, logIndex=299, commits[e6065258-5a2c-4a72-9f81-ed1321f551ca:c299]
2019-06-14 09:09:25,665 INFO  client.GrpcClientProtocolClient (GrpcClientProtocolClient.java:onNext(254)) - client-C0E347E82FC5->e6065258-5a2c-4a72-9f81-ed1321f551ca: receive RaftClientReply:client-C0E347E82FC5->e6065258-5a2c-4a72-9f81-ed1321f551ca@group-13364FE26125, cid=171, SUCCESS, logIndex=301, commits[e6065258-5a2c-4a72-9f81-ed1321f551ca:c302]
2019-06-14 09:09:25,666 INFO  client.GrpcClientProtocolClient (GrpcClientProtocolClient.java:onNext(254)) - client-C0E347E82FC5->e6065258-5a2c-4a72-9f81-ed1321f551ca: receive RaftClientReply:client-C0E347E82FC5->e6065258-5a2c-4a72-9f81-ed1321f551ca@group-13364FE26125, cid=172, SUCCESS, logIndex=302, commits[e6065258-5a2c-4a72-9f81-ed1321f551ca:c302]
2019-06-14 09:09:25,674 INFO  client.GrpcClientProtocolClient (GrpcClientProtocolClient.java:onNext(254)) - client-C0E347E82FC5->e6065258-5a2c-4a72-9f81-ed1321f551ca: receive RaftClientReply:client-C0E347E82FC5->e6065258-5a2c-4a72-9f81-ed1321f551ca@group-13364FE26125, cid=173, SUCCESS, logIndex=304, commits[e6065258-5a2c-4a72-9f81-ed1321f551ca:c304]
2019-06-14 09:09:25,674 INFO  storage.RaftLogWorker (RaftLogWorker.java:rollLogSegment(303)) - e6065258-5a2c-4a72-9f81-ed1321f551ca-RaftLogWorker: Rolling segment log-230_305 to index:305
2019-06-14 09:09:25,675 INFO  storage.RaftLogWorker (RaftLogWorker.java:execute(433)) - e6065258-5a2c-4a72-9f81-ed1321f551ca-RaftLogWorker: Rolled log segment from /opt/src/hadoop-ozone/integration-test/target/test-dir/MiniOzoneClusterImpl-a56da109-a1cb-4168-8966-62306f2f2d23/datanode-0/data/ratis/920138aa-6f47-4d6d-b5cc-13364fe26125/current/log_inprogress_230 to /opt/src/hadoop-ozone/integration-test/target/test-dir/MiniOzoneClusterImpl-a56da109-a1cb-4168-8966-62306f2f2d23/datanode-0/data/ratis/920138aa-6f47-4d6d-b5cc-13364fe26125/current/log_230-305
2019-06-14 09:09:25,711 INFO  storage.RaftLogWorker (RaftLogWorker.java:execute(469)) - e6065258-5a2c-4a72-9f81-ed1321f551ca-RaftLogWorker: created new log segment /opt/src/hadoop-ozone/integration-test/target/test-dir/MiniOzoneClusterImpl-a56da109-a1cb-4168-8966-62306f2f2d23/datanode-0/data/ratis/920138aa-6f47-4d6d-b5cc-13364fe26125/current/log_inprogress_306
2019-06-14 09:09:25,714 INFO  client.GrpcClientProtocolClient (GrpcClientProtocolClient.java:onNext(254)) - client-C0E347E82FC5->e6065258-5a2c-4a72-9f81-ed1321f551ca: receive RaftClientReply:client-C0E347E82FC5->e6065258-5a2c-4a72-9f81-ed1321f551ca@group-13364FE26125, cid=174, SUCCESS, logIndex=306, commits[e6065258-5a2c-4a72-9f81-ed1321f551ca:c309]
2019-06-14 09:09:25,717 INFO  client.GrpcClientProtocolClient (GrpcClientProtocolClient.java:onNext(254)) - client-C0E347E82FC5->e6065258-5a2c-4a72-9f81-ed1321f551ca: receive RaftClientReply:client-C0E347E82FC5->e6065258-5a2c-4a72-9f81-ed1321f551ca@group-13364FE26125, cid=175, SUCCESS, logIndex=307, commits[e6065258-5a2c-4a72-9f81-ed1321f551ca:c309]
2019-06-14 09:09:25,717 INFO  client.GrpcClientProtocolClient (GrpcClientProtocolClient.java:onNext(254)) - client-C0E347E82FC5->e6065258-5a2c-4a72-9f81-ed1321f551ca: receive RaftClientReply:client-C0E347E82FC5->e6065258-5a2c-4a72-9f81-ed1321f551ca@group-13364FE26125, cid=176, SUCCESS, logIndex=308, commits[e6065258-5a2c-4a72-9f81-ed1321f551ca:c309]
2019-06-14 09:09:25,720 DEBUG block.SCMBlockDeletingService (SCMBlockDeletingService.java:call(138)) - Running DeletedBlockTransactionScanner
2019-06-14 09:09:25,720 DEBUG block.SCMBlockDeletingService (SCMBlockDeletingService.java:call(155)) - Scanned deleted blocks log and got 0 delTX to process.
2019-06-14 09:09:25,795 INFO  client.GrpcClientProtocolClient (GrpcClientProtocolClient.java:onNext(254)) - client-C0E347E82FC5->e6065258-5a2c-4a72-9f81-ed1321f551ca: receive RaftClientReply:client-C0E347E82FC5->e6065258-5a2c-4a72-9f81-ed1321f551ca@group-13364FE26125, cid=177, SUCCESS, logIndex=310, commits[e6065258-5a2c-4a72-9f81-ed1321f551ca:c310]
2019-06-14 09:09:25,798 INFO  client.GrpcClientProtocolClient (GrpcClientProtocolClient.java:onNext(254)) - client-C0E347E82FC5->e6065258-5a2c-4a72-9f81-ed1321f551ca: receive RaftClientReply:client-C0E347E82FC5->e6065258-5a2c-4a72-9f81-ed1321f551ca@group-13364FE26125, cid=178, SUCCESS, logIndex=312, commits[e6065258-5a2c-4a72-9f81-ed1321f551ca:c312]
2019-06-14 09:09:25,799 INFO  client.GrpcClientProtocolClient (GrpcClientProtocolClient.java:onNext(254)) - client-C0E347E82FC5->e6065258-5a2c-4a72-9f81-ed1321f551ca: receive RaftClientReply:client-C0E347E82FC5->e6065258-5a2c-4a72-9f81-ed1321f551ca@group-13364FE26125, cid=179, SUCCESS, logIndex=313, commits[e6065258-5a2c-4a72-9f81-ed1321f551ca:c315]
2019-06-14 09:09:25,799 INFO  client.GrpcClientProtocolClient (GrpcClientProtocolClient.java:onNext(254)) - client-C0E347E82FC5->e6065258-5a2c-4a72-9f81-ed1321f551ca: receive RaftClientReply:client-C0E347E82FC5->e6065258-5a2c-4a72-9f81-ed1321f551ca@group-13364FE26125, cid=180, SUCCESS, logIndex=315, commits[e6065258-5a2c-4a72-9f81-ed1321f551ca:c316]
2019-06-14 09:09:26,001 DEBUG block.SCMBlockDeletingService (SCMBlockDeletingService.java:call(138)) - Running DeletedBlockTransactionScanner
2019-06-14 09:09:26,001 DEBUG block.SCMBlockDeletingService (SCMBlockDeletingService.java:call(155)) - Scanned deleted blocks log and got 0 delTX to process.
2019-06-14 09:09:26,014 INFO  client.GrpcClientProtocolClient (GrpcClientProtocolClient.java:onNext(254)) - client-C0E347E82FC5->e6065258-5a2c-4a72-9f81-ed1321f551ca: receive RaftClientReply:client-C0E347E82FC5->e6065258-5a2c-4a72-9f81-ed1321f551ca@group-13364FE26125, cid=181, SUCCESS, logIndex=317, commits[e6065258-5a2c-4a72-9f81-ed1321f551ca:c317]
2019-06-14 09:09:26,021 INFO  client.GrpcClientProtocolClient (GrpcClientProtocolClient.java:onNext(254)) - client-C0E347E82FC5->e6065258-5a2c-4a72-9f81-ed1321f551ca: receive RaftClientReply:client-C0E347E82FC5->e6065258-5a2c-4a72-9f81-ed1321f551ca@group-13364FE26125, cid=182, SUCCESS, logIndex=319, commits[e6065258-5a2c-4a72-9f81-ed1321f551ca:c319]
2019-06-14 09:09:26,022 INFO  client.GrpcClientProtocolClient (GrpcClientProtocolClient.java:onNext(254)) - client-C0E347E82FC5->e6065258-5a2c-4a72-9f81-ed1321f551ca: receive RaftClientReply:client-C0E347E82FC5->e6065258-5a2c-4a72-9f81-ed1321f551ca@group-13364FE26125, cid=183, SUCCESS, logIndex=320, commits[e6065258-5a2c-4a72-9f81-ed1321f551ca:c321]
2019-06-14 09:09:26,022 INFO  client.GrpcClientProtocolClient (GrpcClientProtocolClient.java:onNext(254)) - client-C0E347E82FC5->e6065258-5a2c-4a72-9f81-ed1321f551ca: receive RaftClientReply:client-C0E347E82FC5->e6065258-5a2c-4a72-9f81-ed1321f551ca@group-13364FE26125, cid=184, SUCCESS, logIndex=322, commits[e6065258-5a2c-4a72-9f81-ed1321f551ca:c322]
2019-06-14 09:09:26,038 INFO  client.GrpcClientProtocolClient (GrpcClientProtocolClient.java:onNext(254)) - client-C0E347E82FC5->e6065258-5a2c-4a72-9f81-ed1321f551ca: receive RaftClientReply:client-C0E347E82FC5->e6065258-5a2c-4a72-9f81-ed1321f551ca@group-13364FE26125, cid=185, SUCCESS, logIndex=324, commits[e6065258-5a2c-4a72-9f81-ed1321f551ca:c324]
2019-06-14 09:09:26,042 INFO  client.GrpcClientProtocolClient (GrpcClientProtocolClient.java:onNext(254)) - client-C0E347E82FC5->e6065258-5a2c-4a72-9f81-ed1321f551ca: receive RaftClientReply:client-C0E347E82FC5->e6065258-5a2c-4a72-9f81-ed1321f551ca@group-13364FE26125, cid=186, SUCCESS, logIndex=326, commits[e6065258-5a2c-4a72-9f81-ed1321f551ca:c326]
2019-06-14 09:09:26,043 INFO  client.GrpcClientProtocolClient (GrpcClientProtocolClient.java:onNext(254)) - client-C0E347E82FC5->e6065258-5a2c-4a72-9f81-ed1321f551ca: receive RaftClientReply:client-C0E347E82FC5->e6065258-5a2c-4a72-9f81-ed1321f551ca@group-13364FE26125, cid=187, SUCCESS, logIndex=327, commits[e6065258-5a2c-4a72-9f81-ed1321f551ca:c328]
2019-06-14 09:09:26,043 INFO  client.GrpcClientProtocolClient (GrpcClientProtocolClient.java:onNext(254)) - client-C0E347E82FC5->e6065258-5a2c-4a72-9f81-ed1321f551ca: receive RaftClientReply:client-C0E347E82FC5->e6065258-5a2c-4a72-9f81-ed1321f551ca@group-13364FE26125, cid=188, SUCCESS, logIndex=329, commits[e6065258-5a2c-4a72-9f81-ed1321f551ca:c329]
2019-06-14 09:09:26,052 INFO  client.GrpcClientProtocolClient (GrpcClientProtocolClient.java:onNext(254)) - client-C0E347E82FC5->e6065258-5a2c-4a72-9f81-ed1321f551ca: receive RaftClientReply:client-C0E347E82FC5->e6065258-5a2c-4a72-9f81-ed1321f551ca@group-13364FE26125, cid=189, SUCCESS, logIndex=331, commits[e6065258-5a2c-4a72-9f81-ed1321f551ca:c331]
2019-06-14 09:09:26,058 INFO  client.GrpcClientProtocolClient (GrpcClientProtocolClient.java:onNext(254)) - client-C0E347E82FC5->e6065258-5a2c-4a72-9f81-ed1321f551ca: receive RaftClientReply:client-C0E347E82FC5->e6065258-5a2c-4a72-9f81-ed1321f551ca@group-13364FE26125, cid=190, SUCCESS, logIndex=333, commits[e6065258-5a2c-4a72-9f81-ed1321f551ca:c333]
2019-06-14 09:09:26,059 INFO  client.GrpcClientProtocolClient (GrpcClientProtocolClient.java:onNext(254)) - client-C0E347E82FC5->e6065258-5a2c-4a72-9f81-ed1321f551ca: receive RaftClientReply:client-C0E347E82FC5->e6065258-5a2c-4a72-9f81-ed1321f551ca@group-13364FE26125, cid=191, SUCCESS, logIndex=334, commits[e6065258-5a2c-4a72-9f81-ed1321f551ca:c335]
2019-06-14 09:09:26,063 INFO  client.GrpcClientProtocolClient (GrpcClientProtocolClient.java:onNext(254)) - client-C0E347E82FC5->e6065258-5a2c-4a72-9f81-ed1321f551ca: receive RaftClientReply:client-C0E347E82FC5->e6065258-5a2c-4a72-9f81-ed1321f551ca@group-13364FE26125, cid=192, SUCCESS, logIndex=336, commits[e6065258-5a2c-4a72-9f81-ed1321f551ca:c336]
2019-06-14 09:09:26,076 INFO  client.GrpcClientProtocolClient (GrpcClientProtocolClient.java:onNext(254)) - client-C0E347E82FC5->e6065258-5a2c-4a72-9f81-ed1321f551ca: receive RaftClientReply:client-C0E347E82FC5->e6065258-5a2c-4a72-9f81-ed1321f551ca@group-13364FE26125, cid=193, SUCCESS, logIndex=338, commits[e6065258-5a2c-4a72-9f81-ed1321f551ca:c338]
2019-06-14 09:09:26,078 INFO  client.GrpcClientProtocolClient (GrpcClientProtocolClient.java:onNext(254)) - client-C0E347E82FC5->e6065258-5a2c-4a72-9f81-ed1321f551ca: receive RaftClientReply:client-C0E347E82FC5->e6065258-5a2c-4a72-9f81-ed1321f551ca@group-13364FE26125, cid=194, SUCCESS, logIndex=340, commits[e6065258-5a2c-4a72-9f81-ed1321f551ca:c340]
2019-06-14 09:09:26,081 INFO  client.GrpcClientProtocolClient (GrpcClientProtocolClient.java:onNext(254)) - client-C0E347E82FC5->e6065258-5a2c-4a72-9f81-ed1321f551ca: receive RaftClientReply:client-C0E347E82FC5->e6065258-5a2c-4a72-9f81-ed1321f551ca@group-13364FE26125, cid=195, SUCCESS, logIndex=342, commits[e6065258-5a2c-4a72-9f81-ed1321f551ca:c343]
2019-06-14 09:09:26,082 INFO  client.GrpcClientProtocolClient (GrpcClientProtocolClient.java:onNext(254)) - client-C0E347E82FC5->e6065258-5a2c-4a72-9f81-ed1321f551ca: receive RaftClientReply:client-C0E347E82FC5->e6065258-5a2c-4a72-9f81-ed1321f551ca@group-13364FE26125, cid=196, SUCCESS, logIndex=343, commits[e6065258-5a2c-4a72-9f81-ed1321f551ca:c343]
2019-06-14 09:09:26,090 INFO  client.GrpcClientProtocolClient (GrpcClientProtocolClient.java:onNext(254)) - client-C0E347E82FC5->e6065258-5a2c-4a72-9f81-ed1321f551ca: receive RaftClientReply:client-C0E347E82FC5->e6065258-5a2c-4a72-9f81-ed1321f551ca@group-13364FE26125, cid=197, SUCCESS, logIndex=345, commits[e6065258-5a2c-4a72-9f81-ed1321f551ca:c345]
2019-06-14 09:09:26,092 INFO  client.GrpcClientProtocolClient (GrpcClientProtocolClient.java:onNext(254)) - client-C0E347E82FC5->e6065258-5a2c-4a72-9f81-ed1321f551ca: receive RaftClientReply:client-C0E347E82FC5->e6065258-5a2c-4a72-9f81-ed1321f551ca@group-13364FE26125, cid=198, SUCCESS, logIndex=347, commits[e6065258-5a2c-4a72-9f81-ed1321f551ca:c347]
2019-06-14 09:09:26,094 INFO  client.GrpcClientProtocolClient (GrpcClientProtocolClient.java:onNext(254)) - client-C0E347E82FC5->e6065258-5a2c-4a72-9f81-ed1321f551ca: receive RaftClientReply:client-C0E347E82FC5->e6065258-5a2c-4a72-9f81-ed1321f551ca@group-13364FE26125, cid=199, SUCCESS, logIndex=348, commits[e6065258-5a2c-4a72-9f81-ed1321f551ca:c350]
2019-06-14 09:09:26,094 INFO  client.GrpcClientProtocolClient (GrpcClientProtocolClient.java:onNext(254)) - client-C0E347E82FC5->e6065258-5a2c-4a72-9f81-ed1321f551ca: receive RaftClientReply:client-C0E347E82FC5->e6065258-5a2c-4a72-9f81-ed1321f551ca@group-13364FE26125, cid=200, SUCCESS, logIndex=350, commits[e6065258-5a2c-4a72-9f81-ed1321f551ca:c350]
2019-06-14 09:09:26,101 DEBUG block.SCMBlockDeletingService (SCMBlockDeletingService.java:call(138)) - Running DeletedBlockTransactionScanner
2019-06-14 09:09:26,101 DEBUG block.SCMBlockDeletingService (SCMBlockDeletingService.java:call(155)) - Scanned deleted blocks log and got 0 delTX to process.
2019-06-14 09:09:26,107 INFO  client.GrpcClientProtocolClient (GrpcClientProtocolClient.java:onNext(254)) - client-C0E347E82FC5->e6065258-5a2c-4a72-9f81-ed1321f551ca: receive RaftClientReply:client-C0E347E82FC5->e6065258-5a2c-4a72-9f81-ed1321f551ca@group-13364FE26125, cid=201, SUCCESS, logIndex=352, commits[e6065258-5a2c-4a72-9f81-ed1321f551ca:c352]
2019-06-14 09:09:26,110 INFO  client.GrpcClientProtocolClient (GrpcClientProtocolClient.java:onNext(254)) - client-C0E347E82FC5->e6065258-5a2c-4a72-9f81-ed1321f551ca: receive RaftClientReply:client-C0E347E82FC5->e6065258-5a2c-4a72-9f81-ed1321f551ca@group-13364FE26125, cid=202, SUCCESS, logIndex=354, commits[e6065258-5a2c-4a72-9f81-ed1321f551ca:c354]
2019-06-14 09:09:26,111 INFO  client.GrpcClientProtocolClient (GrpcClientProtocolClient.java:onNext(254)) - client-C0E347E82FC5->e6065258-5a2c-4a72-9f81-ed1321f551ca: receive RaftClientReply:client-C0E347E82FC5->e6065258-5a2c-4a72-9f81-ed1321f551ca@group-13364FE26125, cid=203, SUCCESS, logIndex=355, commits[e6065258-5a2c-4a72-9f81-ed1321f551ca:c356]
2019-06-14 09:09:26,114 INFO  client.GrpcClientProtocolClient (GrpcClientProtocolClient.java:onNext(254)) - client-C0E347E82FC5->e6065258-5a2c-4a72-9f81-ed1321f551ca: receive RaftClientReply:client-C0E347E82FC5->e6065258-5a2c-4a72-9f81-ed1321f551ca@group-13364FE26125, cid=204, SUCCESS, logIndex=356, commits[e6065258-5a2c-4a72-9f81-ed1321f551ca:c356]
2019-06-14 09:09:26,122 INFO  client.GrpcClientProtocolClient (GrpcClientProtocolClient.java:onNext(254)) - client-C0E347E82FC5->e6065258-5a2c-4a72-9f81-ed1321f551ca: receive RaftClientReply:client-C0E347E82FC5->e6065258-5a2c-4a72-9f81-ed1321f551ca@group-13364FE26125, cid=205, SUCCESS, logIndex=359, commits[e6065258-5a2c-4a72-9f81-ed1321f551ca:c359]
2019-06-14 09:09:26,126 INFO  client.GrpcClientProtocolClient (GrpcClientProtocolClient.java:onNext(254)) - client-C0E347E82FC5->e6065258-5a2c-4a72-9f81-ed1321f551ca: receive RaftClientReply:client-C0E347E82FC5->e6065258-5a2c-4a72-9f81-ed1321f551ca@group-13364FE26125, cid=206, SUCCESS, logIndex=361, commits[e6065258-5a2c-4a72-9f81-ed1321f551ca:c361]
2019-06-14 09:09:26,129 INFO  client.GrpcClientProtocolClient (GrpcClientProtocolClient.java:onNext(254)) - client-C0E347E82FC5->e6065258-5a2c-4a72-9f81-ed1321f551ca: receive RaftClientReply:client-C0E347E82FC5->e6065258-5a2c-4a72-9f81-ed1321f551ca@group-13364FE26125, cid=207, SUCCESS, logIndex=363, commits[e6065258-5a2c-4a72-9f81-ed1321f551ca:c364]
2019-06-14 09:09:26,133 INFO  client.GrpcClientProtocolClient (GrpcClientProtocolClient.java:onNext(254)) - client-C0E347E82FC5->e6065258-5a2c-4a72-9f81-ed1321f551ca: receive RaftClientReply:client-C0E347E82FC5->e6065258-5a2c-4a72-9f81-ed1321f551ca@group-13364FE26125, cid=208, SUCCESS, logIndex=364, commits[e6065258-5a2c-4a72-9f81-ed1321f551ca:c364]
2019-06-14 09:09:26,148 INFO  client.GrpcClientProtocolClient (GrpcClientProtocolClient.java:onNext(254)) - client-C0E347E82FC5->e6065258-5a2c-4a72-9f81-ed1321f551ca: receive RaftClientReply:client-C0E347E82FC5->e6065258-5a2c-4a72-9f81-ed1321f551ca@group-13364FE26125, cid=209, SUCCESS, logIndex=366, commits[e6065258-5a2c-4a72-9f81-ed1321f551ca:c366]
2019-06-14 09:09:26,154 INFO  client.GrpcClientProtocolClient (GrpcClientProtocolClient.java:onNext(254)) - client-C0E347E82FC5->e6065258-5a2c-4a72-9f81-ed1321f551ca: receive RaftClientReply:client-C0E347E82FC5->e6065258-5a2c-4a72-9f81-ed1321f551ca@group-13364FE26125, cid=210, SUCCESS, logIndex=368, commits[e6065258-5a2c-4a72-9f81-ed1321f551ca:c370]
2019-06-14 09:09:26,154 INFO  client.GrpcClientProtocolClient (GrpcClientProtocolClient.java:onNext(254)) - client-C0E347E82FC5->e6065258-5a2c-4a72-9f81-ed1321f551ca: receive RaftClientReply:client-C0E347E82FC5->e6065258-5a2c-4a72-9f81-ed1321f551ca@group-13364FE26125, cid=211, SUCCESS, logIndex=369, commits[e6065258-5a2c-4a72-9f81-ed1321f551ca:c370]
2019-06-14 09:09:26,156 INFO  client.GrpcClientProtocolClient (GrpcClientProtocolClient.java:onNext(254)) - client-C0E347E82FC5->e6065258-5a2c-4a72-9f81-ed1321f551ca: receive RaftClientReply:client-C0E347E82FC5->e6065258-5a2c-4a72-9f81-ed1321f551ca@group-13364FE26125, cid=212, SUCCESS, logIndex=371, commits[e6065258-5a2c-4a72-9f81-ed1321f551ca:c371]
2019-06-14 09:09:26,164 INFO  client.GrpcClientProtocolClient (GrpcClientProtocolClient.java:onNext(254)) - client-C0E347E82FC5->e6065258-5a2c-4a72-9f81-ed1321f551ca: receive RaftClientReply:client-C0E347E82FC5->e6065258-5a2c-4a72-9f81-ed1321f551ca@group-13364FE26125, cid=213, SUCCESS, logIndex=373, commits[e6065258-5a2c-4a72-9f81-ed1321f551ca:c373]
2019-06-14 09:09:26,166 INFO  client.GrpcClientProtocolClient (GrpcClientProtocolClient.java:onNext(254)) - client-C0E347E82FC5->e6065258-5a2c-4a72-9f81-ed1321f551ca: receive RaftClientReply:client-C0E347E82FC5->e6065258-5a2c-4a72-9f81-ed1321f551ca@group-13364FE26125, cid=214, SUCCESS, logIndex=375, commits[e6065258-5a2c-4a72-9f81-ed1321f551ca:c375]
2019-06-14 09:09:26,166 INFO  storage.RaftLogWorker (RaftLogWorker.java:rollLogSegment(303)) - e6065258-5a2c-4a72-9f81-ed1321f551ca-RaftLogWorker: Rolling segment log-306_377 to index:377
2019-06-14 09:09:26,167 INFO  storage.RaftLogWorker (RaftLogWorker.java:execute(433)) - e6065258-5a2c-4a72-9f81-ed1321f551ca-RaftLogWorker: Rolled log segment from /opt/src/hadoop-ozone/integration-test/target/test-dir/MiniOzoneClusterImpl-a56da109-a1cb-4168-8966-62306f2f2d23/datanode-0/data/ratis/920138aa-6f47-4d6d-b5cc-13364fe26125/current/log_inprogress_306 to /opt/src/hadoop-ozone/integration-test/target/test-dir/MiniOzoneClusterImpl-a56da109-a1cb-4168-8966-62306f2f2d23/datanode-0/data/ratis/920138aa-6f47-4d6d-b5cc-13364fe26125/current/log_306-377
2019-06-14 09:09:26,169 INFO  client.GrpcClientProtocolClient (GrpcClientProtocolClient.java:onNext(254)) - client-C0E347E82FC5->e6065258-5a2c-4a72-9f81-ed1321f551ca: receive RaftClientReply:client-C0E347E82FC5->e6065258-5a2c-4a72-9f81-ed1321f551ca@group-13364FE26125, cid=215, SUCCESS, logIndex=377, commits[e6065258-5a2c-4a72-9f81-ed1321f551ca:c377]
2019-06-14 09:09:26,202 DEBUG block.SCMBlockDeletingService (SCMBlockDeletingService.java:call(138)) - Running DeletedBlockTransactionScanner
2019-06-14 09:09:26,203 DEBUG block.SCMBlockDeletingService (SCMBlockDeletingService.java:call(155)) - Scanned deleted blocks log and got 0 delTX to process.
2019-06-14 09:09:26,205 INFO  storage.RaftLogWorker (RaftLogWorker.java:execute(469)) - e6065258-5a2c-4a72-9f81-ed1321f551ca-RaftLogWorker: created new log segment /opt/src/hadoop-ozone/integration-test/target/test-dir/MiniOzoneClusterImpl-a56da109-a1cb-4168-8966-62306f2f2d23/datanode-0/data/ratis/920138aa-6f47-4d6d-b5cc-13364fe26125/current/log_inprogress_378
2019-06-14 09:09:26,207 INFO  client.GrpcClientProtocolClient (GrpcClientProtocolClient.java:onNext(254)) - client-C0E347E82FC5->e6065258-5a2c-4a72-9f81-ed1321f551ca: receive RaftClientReply:client-C0E347E82FC5->e6065258-5a2c-4a72-9f81-ed1321f551ca@group-13364FE26125, cid=216, SUCCESS, logIndex=378, commits[e6065258-5a2c-4a72-9f81-ed1321f551ca:c379]
2019-06-14 09:09:26,220 INFO  client.GrpcClientProtocolClient (GrpcClientProtocolClient.java:onNext(254)) - client-C0E347E82FC5->e6065258-5a2c-4a72-9f81-ed1321f551ca: receive RaftClientReply:client-C0E347E82FC5->e6065258-5a2c-4a72-9f81-ed1321f551ca@group-13364FE26125, cid=217, SUCCESS, logIndex=380, commits[e6065258-5a2c-4a72-9f81-ed1321f551ca:c380]
2019-06-14 09:09:26,226 INFO  client.GrpcClientProtocolClient (GrpcClientProtocolClient.java:onNext(254)) - client-C0E347E82FC5->e6065258-5a2c-4a72-9f81-ed1321f551ca: receive RaftClientReply:client-C0E347E82FC5->e6065258-5a2c-4a72-9f81-ed1321f551ca@group-13364FE26125, cid=218, SUCCESS, logIndex=382, commits[e6065258-5a2c-4a72-9f81-ed1321f551ca:c382]
2019-06-14 09:09:26,227 INFO  client.GrpcClientProtocolClient (GrpcClientProtocolClient.java:onNext(254)) - client-C0E347E82FC5->e6065258-5a2c-4a72-9f81-ed1321f551ca: receive RaftClientReply:client-C0E347E82FC5->e6065258-5a2c-4a72-9f81-ed1321f551ca@group-13364FE26125, cid=219, SUCCESS, logIndex=383, commits[e6065258-5a2c-4a72-9f81-ed1321f551ca:c384]
2019-06-14 09:09:26,229 INFO  client.GrpcClientProtocolClient (GrpcClientProtocolClient.java:onNext(254)) - client-C0E347E82FC5->e6065258-5a2c-4a72-9f81-ed1321f551ca: receive RaftClientReply:client-C0E347E82FC5->e6065258-5a2c-4a72-9f81-ed1321f551ca@group-13364FE26125, cid=220, SUCCESS, logIndex=385, commits[e6065258-5a2c-4a72-9f81-ed1321f551ca:c385]
2019-06-14 09:09:26,302 INFO  client.GrpcClientProtocolClient (GrpcClientProtocolClient.java:onNext(254)) - client-C0E347E82FC5->e6065258-5a2c-4a72-9f81-ed1321f551ca: receive RaftClientReply:client-C0E347E82FC5->e6065258-5a2c-4a72-9f81-ed1321f551ca@group-13364FE26125, cid=221, SUCCESS, logIndex=387, commits[e6065258-5a2c-4a72-9f81-ed1321f551ca:c387]
2019-06-14 09:09:26,303 DEBUG block.SCMBlockDeletingService (SCMBlockDeletingService.java:call(138)) - Running DeletedBlockTransactionScanner
2019-06-14 09:09:26,303 DEBUG block.SCMBlockDeletingService (SCMBlockDeletingService.java:call(155)) - Scanned deleted blocks log and got 0 delTX to process.
2019-06-14 09:09:26,304 INFO  client.GrpcClientProtocolClient (GrpcClientProtocolClient.java:onNext(254)) - client-C0E347E82FC5->e6065258-5a2c-4a72-9f81-ed1321f551ca: receive RaftClientReply:client-C0E347E82FC5->e6065258-5a2c-4a72-9f81-ed1321f551ca@group-13364FE26125, cid=222, SUCCESS, logIndex=389, commits[e6065258-5a2c-4a72-9f81-ed1321f551ca:c389]
2019-06-14 09:09:26,306 INFO  client.GrpcClientProtocolClient (GrpcClientProtocolClient.java:onNext(254)) - client-C0E347E82FC5->e6065258-5a2c-4a72-9f81-ed1321f551ca: receive RaftClientReply:client-C0E347E82FC5->e6065258-5a2c-4a72-9f81-ed1321f551ca@group-13364FE26125, cid=223, SUCCESS, logIndex=390, commits[e6065258-5a2c-4a72-9f81-ed1321f551ca:c392]
2019-06-14 09:09:26,306 INFO  client.GrpcClientProtocolClient (GrpcClientProtocolClient.java:onNext(254)) - client-C0E347E82FC5->e6065258-5a2c-4a72-9f81-ed1321f551ca: receive RaftClientReply:client-C0E347E82FC5->e6065258-5a2c-4a72-9f81-ed1321f551ca@group-13364FE26125, cid=224, SUCCESS, logIndex=392, commits[e6065258-5a2c-4a72-9f81-ed1321f551ca:c393]
2019-06-14 09:09:26,319 INFO  client.GrpcClientProtocolClient (GrpcClientProtocolClient.java:onNext(254)) - client-C0E347E82FC5->e6065258-5a2c-4a72-9f81-ed1321f551ca: receive RaftClientReply:client-C0E347E82FC5->e6065258-5a2c-4a72-9f81-ed1321f551ca@group-13364FE26125, cid=225, SUCCESS, logIndex=394, commits[e6065258-5a2c-4a72-9f81-ed1321f551ca:c394]
2019-06-14 09:09:26,320 INFO  client.GrpcClientProtocolClient (GrpcClientProtocolClient.java:onNext(254)) - client-C0E347E82FC5->e6065258-5a2c-4a72-9f81-ed1321f551ca: receive RaftClientReply:client-C0E347E82FC5->e6065258-5a2c-4a72-9f81-ed1321f551ca@group-13364FE26125, cid=226, SUCCESS, logIndex=396, commits[e6065258-5a2c-4a72-9f81-ed1321f551ca:c396]
2019-06-14 09:09:26,326 INFO  client.GrpcClientProtocolClient (GrpcClientProtocolClient.java:onNext(254)) - client-C0E347E82FC5->e6065258-5a2c-4a72-9f81-ed1321f551ca: receive RaftClientReply:client-C0E347E82FC5->e6065258-5a2c-4a72-9f81-ed1321f551ca@group-13364FE26125, cid=227, SUCCESS, logIndex=398, commits[e6065258-5a2c-4a72-9f81-ed1321f551ca:c399]
2019-06-14 09:09:26,327 INFO  client.GrpcClientProtocolClient (GrpcClientProtocolClient.java:onNext(254)) - client-C0E347E82FC5->e6065258-5a2c-4a72-9f81-ed1321f551ca: receive RaftClientReply:client-C0E347E82FC5->e6065258-5a2c-4a72-9f81-ed1321f551ca@group-13364FE26125, cid=228, SUCCESS, logIndex=399, commits[e6065258-5a2c-4a72-9f81-ed1321f551ca:c400]
2019-06-14 09:09:26,335 INFO  client.GrpcClientProtocolClient (GrpcClientProtocolClient.java:onNext(254)) - client-C0E347E82FC5->e6065258-5a2c-4a72-9f81-ed1321f551ca: receive RaftClientReply:client-C0E347E82FC5->e6065258-5a2c-4a72-9f81-ed1321f551ca@group-13364FE26125, cid=229, SUCCESS, logIndex=401, commits[e6065258-5a2c-4a72-9f81-ed1321f551ca:c401]
2019-06-14 09:09:26,338 INFO  client.GrpcClientProtocolClient (GrpcClientProtocolClient.java:onNext(254)) - client-C0E347E82FC5->e6065258-5a2c-4a72-9f81-ed1321f551ca: receive RaftClientReply:client-C0E347E82FC5->e6065258-5a2c-4a72-9f81-ed1321f551ca@group-13364FE26125, cid=230, SUCCESS, logIndex=403, commits[e6065258-5a2c-4a72-9f81-ed1321f551ca:c403]
2019-06-14 09:09:26,339 INFO  client.GrpcClientProtocolClient (GrpcClientProtocolClient.java:onNext(254)) - client-C0E347E82FC5->e6065258-5a2c-4a72-9f81-ed1321f551ca: receive RaftClientReply:client-C0E347E82FC5->e6065258-5a2c-4a72-9f81-ed1321f551ca@group-13364FE26125, cid=231, SUCCESS, logIndex=404, commits[e6065258-5a2c-4a72-9f81-ed1321f551ca:c406]
2019-06-14 09:09:26,340 INFO  client.GrpcClientProtocolClient (GrpcClientProtocolClient.java:onNext(254)) - client-C0E347E82FC5->e6065258-5a2c-4a72-9f81-ed1321f551ca: receive RaftClientReply:client-C0E347E82FC5->e6065258-5a2c-4a72-9f81-ed1321f551ca@group-13364FE26125, cid=232, SUCCESS, logIndex=406, commits[e6065258-5a2c-4a72-9f81-ed1321f551ca:c407]
2019-06-14 09:09:26,391 INFO  client.GrpcClientProtocolClient (GrpcClientProtocolClient.java:onNext(254)) - client-C0E347E82FC5->e6065258-5a2c-4a72-9f81-ed1321f551ca: receive RaftClientReply:client-C0E347E82FC5->e6065258-5a2c-4a72-9f81-ed1321f551ca@group-13364FE26125, cid=233, SUCCESS, logIndex=408, commits[e6065258-5a2c-4a72-9f81-ed1321f551ca:c408]
2019-06-14 09:09:26,393 INFO  client.GrpcClientProtocolClient (GrpcClientProtocolClient.java:onNext(254)) - client-C0E347E82FC5->e6065258-5a2c-4a72-9f81-ed1321f551ca: receive RaftClientReply:client-C0E347E82FC5->e6065258-5a2c-4a72-9f81-ed1321f551ca@group-13364FE26125, cid=234, SUCCESS, logIndex=410, commits[e6065258-5a2c-4a72-9f81-ed1321f551ca:c410]
2019-06-14 09:09:26,396 INFO  client.GrpcClientProtocolClient (GrpcClientProtocolClient.java:onNext(254)) - client-C0E347E82FC5->e6065258-5a2c-4a72-9f81-ed1321f551ca: receive RaftClientReply:client-C0E347E82FC5->e6065258-5a2c-4a72-9f81-ed1321f551ca@group-13364FE26125, cid=235, SUCCESS, logIndex=412, commits[e6065258-5a2c-4a72-9f81-ed1321f551ca:c413]
2019-06-14 09:09:26,397 INFO  client.GrpcClientProtocolClient (GrpcClientProtocolClient.java:onNext(254)) - client-C0E347E82FC5->e6065258-5a2c-4a72-9f81-ed1321f551ca: receive RaftClientReply:client-C0E347E82FC5->e6065258-5a2c-4a72-9f81-ed1321f551ca@group-13364FE26125, cid=236, SUCCESS, logIndex=413, commits[e6065258-5a2c-4a72-9f81-ed1321f551ca:c413]
2019-06-14 09:09:26,403 DEBUG block.SCMBlockDeletingService (SCMBlockDeletingService.java:call(138)) - Running DeletedBlockTransactionScanner
2019-06-14 09:09:26,403 DEBUG block.SCMBlockDeletingService (SCMBlockDeletingService.java:call(155)) - Scanned deleted blocks log and got 0 delTX to process.
2019-06-14 09:09:26,406 INFO  client.GrpcClientProtocolClient (GrpcClientProtocolClient.java:onNext(254)) - client-C0E347E82FC5->e6065258-5a2c-4a72-9f81-ed1321f551ca: receive RaftClientReply:client-C0E347E82FC5->e6065258-5a2c-4a72-9f81-ed1321f551ca@group-13364FE26125, cid=237, SUCCESS, logIndex=415, commits[e6065258-5a2c-4a72-9f81-ed1321f551ca:c415]
2019-06-14 09:09:26,409 INFO  client.GrpcClientProtocolClient (GrpcClientProtocolClient.java:onNext(254)) - client-C0E347E82FC5->e6065258-5a2c-4a72-9f81-ed1321f551ca: receive RaftClientReply:client-C0E347E82FC5->e6065258-5a2c-4a72-9f81-ed1321f551ca@group-13364FE26125, cid=238, SUCCESS, logIndex=417, commits[e6065258-5a2c-4a72-9f81-ed1321f551ca:c417]
2019-06-14 09:09:26,410 INFO  client.GrpcClientProtocolClient (GrpcClientProtocolClient.java:onNext(254)) - client-C0E347E82FC5->e6065258-5a2c-4a72-9f81-ed1321f551ca: receive RaftClientReply:client-C0E347E82FC5->e6065258-5a2c-4a72-9f81-ed1321f551ca@group-13364FE26125, cid=239, SUCCESS, logIndex=418, commits[e6065258-5a2c-4a72-9f81-ed1321f551ca:c420]
2019-06-14 09:09:26,410 INFO  client.GrpcClientProtocolClient (GrpcClientProtocolClient.java:onNext(254)) - client-C0E347E82FC5->e6065258-5a2c-4a72-9f81-ed1321f551ca: receive RaftClientReply:client-C0E347E82FC5->e6065258-5a2c-4a72-9f81-ed1321f551ca@group-13364FE26125, cid=240, SUCCESS, logIndex=420, commits[e6065258-5a2c-4a72-9f81-ed1321f551ca:c421]
2019-06-14 09:09:26,424 INFO  client.GrpcClientProtocolClient (GrpcClientProtocolClient.java:onNext(254)) - client-C0E347E82FC5->e6065258-5a2c-4a72-9f81-ed1321f551ca: receive RaftClientReply:client-C0E347E82FC5->e6065258-5a2c-4a72-9f81-ed1321f551ca@group-13364FE26125, cid=241, SUCCESS, logIndex=422, commits[e6065258-5a2c-4a72-9f81-ed1321f551ca:c422]
2019-06-14 09:09:26,426 INFO  client.GrpcClientProtocolClient (GrpcClientProtocolClient.java:onNext(254)) - client-C0E347E82FC5->e6065258-5a2c-4a72-9f81-ed1321f551ca: receive RaftClientReply:client-C0E347E82FC5->e6065258-5a2c-4a72-9f81-ed1321f551ca@group-13364FE26125, cid=242, SUCCESS, logIndex=424, commits[e6065258-5a2c-4a72-9f81-ed1321f551ca:c424]
2019-06-14 09:09:26,427 INFO  client.GrpcClientProtocolClient (GrpcClientProtocolClient.java:onNext(254)) - client-C0E347E82FC5->e6065258-5a2c-4a72-9f81-ed1321f551ca: receive RaftClientReply:client-C0E347E82FC5->e6065258-5a2c-4a72-9f81-ed1321f551ca@group-13364FE26125, cid=243, SUCCESS, logIndex=425, commits[e6065258-5a2c-4a72-9f81-ed1321f551ca:c427]
2019-06-14 09:09:26,428 INFO  client.GrpcClientProtocolClient (GrpcClientProtocolClient.java:onNext(254)) - client-C0E347E82FC5->e6065258-5a2c-4a72-9f81-ed1321f551ca: receive RaftClientReply:client-C0E347E82FC5->e6065258-5a2c-4a72-9f81-ed1321f551ca@group-13364FE26125, cid=244, SUCCESS, logIndex=427, commits[e6065258-5a2c-4a72-9f81-ed1321f551ca:c428]
2019-06-14 09:09:26,435 INFO  client.GrpcClientProtocolClient (GrpcClientProtocolClient.java:onNext(254)) - client-C0E347E82FC5->e6065258-5a2c-4a72-9f81-ed1321f551ca: receive RaftClientReply:client-C0E347E82FC5->e6065258-5a2c-4a72-9f81-ed1321f551ca@group-13364FE26125, cid=245, SUCCESS, logIndex=429, commits[e6065258-5a2c-4a72-9f81-ed1321f551ca:c429]
2019-06-14 09:09:26,438 INFO  client.GrpcClientProtocolClient (GrpcClientProtocolClient.java:onNext(254)) - client-C0E347E82FC5->e6065258-5a2c-4a72-9f81-ed1321f551ca: receive RaftClientReply:client-C0E347E82FC5->e6065258-5a2c-4a72-9f81-ed1321f551ca@group-13364FE26125, cid=246, SUCCESS, logIndex=431, commits[e6065258-5a2c-4a72-9f81-ed1321f551ca:c431]
2019-06-14 09:09:26,439 INFO  client.GrpcClientProtocolClient (GrpcClientProtocolClient.java:onNext(254)) - client-C0E347E82FC5->e6065258-5a2c-4a72-9f81-ed1321f551ca: receive RaftClientReply:client-C0E347E82FC5->e6065258-5a2c-4a72-9f81-ed1321f551ca@group-13364FE26125, cid=247, SUCCESS, logIndex=432, commits[e6065258-5a2c-4a72-9f81-ed1321f551ca:c433]
2019-06-14 09:09:26,441 INFO  client.GrpcClientProtocolClient (GrpcClientProtocolClient.java:onNext(254)) - client-C0E347E82FC5->e6065258-5a2c-4a72-9f81-ed1321f551ca: receive RaftClientReply:client-C0E347E82FC5->e6065258-5a2c-4a72-9f81-ed1321f551ca@group-13364FE26125, cid=248, SUCCESS, logIndex=434, commits[e6065258-5a2c-4a72-9f81-ed1321f551ca:c434]
2019-06-14 09:09:26,454 INFO  client.GrpcClientProtocolClient (GrpcClientProtocolClient.java:onNext(254)) - client-C0E347E82FC5->e6065258-5a2c-4a72-9f81-ed1321f551ca: receive RaftClientReply:client-C0E347E82FC5->e6065258-5a2c-4a72-9f81-ed1321f551ca@group-13364FE26125, cid=249, SUCCESS, logIndex=436, commits[e6065258-5a2c-4a72-9f81-ed1321f551ca:c436]
2019-06-14 09:09:26,458 INFO  client.GrpcClientProtocolClient (GrpcClientProtocolClient.java:onNext(254)) - client-C0E347E82FC5->e6065258-5a2c-4a72-9f81-ed1321f551ca: receive RaftClientReply:client-C0E347E82FC5->e6065258-5a2c-4a72-9f81-ed1321f551ca@group-13364FE26125, cid=250, SUCCESS, logIndex=438, commits[e6065258-5a2c-4a72-9f81-ed1321f551ca:c438]
2019-06-14 09:09:26,458 INFO  client.GrpcClientProtocolClient (GrpcClientProtocolClient.java:onNext(254)) - client-C0E347E82FC5->e6065258-5a2c-4a72-9f81-ed1321f551ca: receive RaftClientReply:client-C0E347E82FC5->e6065258-5a2c-4a72-9f81-ed1321f551ca@group-13364FE26125, cid=251, SUCCESS, logIndex=439, commits[e6065258-5a2c-4a72-9f81-ed1321f551ca:c440]
2019-06-14 09:09:26,462 INFO  client.GrpcClientProtocolClient (GrpcClientProtocolClient.java:onNext(254)) - client-C0E347E82FC5->e6065258-5a2c-4a72-9f81-ed1321f551ca: receive RaftClientReply:client-C0E347E82FC5->e6065258-5a2c-4a72-9f81-ed1321f551ca@group-13364FE26125, cid=252, SUCCESS, logIndex=441, commits[e6065258-5a2c-4a72-9f81-ed1321f551ca:c441]
2019-06-14 09:09:26,469 INFO  client.GrpcClientProtocolClient (GrpcClientProtocolClient.java:onNext(254)) - client-C0E347E82FC5->e6065258-5a2c-4a72-9f81-ed1321f551ca: receive RaftClientReply:client-C0E347E82FC5->e6065258-5a2c-4a72-9f81-ed1321f551ca@group-13364FE26125, cid=253, SUCCESS, logIndex=443, commits[e6065258-5a2c-4a72-9f81-ed1321f551ca:c443]
2019-06-14 09:09:26,482 INFO  client.GrpcClientProtocolClient (GrpcClientProtocolClient.java:onNext(254)) - client-C0E347E82FC5->e6065258-5a2c-4a72-9f81-ed1321f551ca: receive RaftClientReply:client-C0E347E82FC5->e6065258-5a2c-4a72-9f81-ed1321f551ca@group-13364FE26125, cid=254, SUCCESS, logIndex=445, commits[e6065258-5a2c-4a72-9f81-ed1321f551ca:c445]
2019-06-14 09:09:26,483 INFO  client.GrpcClientProtocolClient (GrpcClientProtocolClient.java:onNext(254)) - client-C0E347E82FC5->e6065258-5a2c-4a72-9f81-ed1321f551ca: receive RaftClientReply:client-C0E347E82FC5->e6065258-5a2c-4a72-9f81-ed1321f551ca@group-13364FE26125, cid=255, SUCCESS, logIndex=446, commits[e6065258-5a2c-4a72-9f81-ed1321f551ca:c448]
2019-06-14 09:09:26,483 INFO  client.GrpcClientProtocolClient (GrpcClientProtocolClient.java:onNext(254)) - client-C0E347E82FC5->e6065258-5a2c-4a72-9f81-ed1321f551ca: receive RaftClientReply:client-C0E347E82FC5->e6065258-5a2c-4a72-9f81-ed1321f551ca@group-13364FE26125, cid=256, SUCCESS, logIndex=447, commits[e6065258-5a2c-4a72-9f81-ed1321f551ca:c448]
2019-06-14 09:09:26,495 INFO  client.GrpcClientProtocolClient (GrpcClientProtocolClient.java:onNext(254)) - client-C0E347E82FC5->e6065258-5a2c-4a72-9f81-ed1321f551ca: receive RaftClientReply:client-C0E347E82FC5->e6065258-5a2c-4a72-9f81-ed1321f551ca@group-13364FE26125, cid=257, SUCCESS, logIndex=449, commits[e6065258-5a2c-4a72-9f81-ed1321f551ca:c449]
2019-06-14 09:09:26,496 INFO  storage.RaftLogWorker (RaftLogWorker.java:rollLogSegment(303)) - e6065258-5a2c-4a72-9f81-ed1321f551ca-RaftLogWorker: Rolling segment log-378_451 to index:451
2019-06-14 09:09:26,496 INFO  storage.RaftLogWorker (RaftLogWorker.java:execute(433)) - e6065258-5a2c-4a72-9f81-ed1321f551ca-RaftLogWorker: Rolled log segment from /opt/src/hadoop-ozone/integration-test/target/test-dir/MiniOzoneClusterImpl-a56da109-a1cb-4168-8966-62306f2f2d23/datanode-0/data/ratis/920138aa-6f47-4d6d-b5cc-13364fe26125/current/log_inprogress_378 to /opt/src/hadoop-ozone/integration-test/target/test-dir/MiniOzoneClusterImpl-a56da109-a1cb-4168-8966-62306f2f2d23/datanode-0/data/ratis/920138aa-6f47-4d6d-b5cc-13364fe26125/current/log_378-451
2019-06-14 09:09:26,502 INFO  client.GrpcClientProtocolClient (GrpcClientProtocolClient.java:onNext(254)) - client-C0E347E82FC5->e6065258-5a2c-4a72-9f81-ed1321f551ca: receive RaftClientReply:client-C0E347E82FC5->e6065258-5a2c-4a72-9f81-ed1321f551ca@group-13364FE26125, cid=258, SUCCESS, logIndex=451, commits[e6065258-5a2c-4a72-9f81-ed1321f551ca:c451]
2019-06-14 09:09:26,504 DEBUG block.SCMBlockDeletingService (SCMBlockDeletingService.java:call(138)) - Running DeletedBlockTransactionScanner
2019-06-14 09:09:26,514 DEBUG block.SCMBlockDeletingService (SCMBlockDeletingService.java:call(155)) - Scanned deleted blocks log and got 0 delTX to process.
2019-06-14 09:09:26,533 INFO  storage.RaftLogWorker (RaftLogWorker.java:execute(469)) - e6065258-5a2c-4a72-9f81-ed1321f551ca-RaftLogWorker: created new log segment /opt/src/hadoop-ozone/integration-test/target/test-dir/MiniOzoneClusterImpl-a56da109-a1cb-4168-8966-62306f2f2d23/datanode-0/data/ratis/920138aa-6f47-4d6d-b5cc-13364fe26125/current/log_inprogress_452
2019-06-14 09:09:26,536 INFO  client.GrpcClientProtocolClient (GrpcClientProtocolClient.java:onNext(254)) - client-C0E347E82FC5->e6065258-5a2c-4a72-9f81-ed1321f551ca: receive RaftClientReply:client-C0E347E82FC5->e6065258-5a2c-4a72-9f81-ed1321f551ca@group-13364FE26125, cid=259, SUCCESS, logIndex=452, commits[e6065258-5a2c-4a72-9f81-ed1321f551ca:c454]
2019-06-14 09:09:26,537 INFO  client.GrpcClientProtocolClient (GrpcClientProtocolClient.java:onNext(254)) - client-C0E347E82FC5->e6065258-5a2c-4a72-9f81-ed1321f551ca: receive RaftClientReply:client-C0E347E82FC5->e6065258-5a2c-4a72-9f81-ed1321f551ca@group-13364FE26125, cid=260, SUCCESS, logIndex=454, commits[e6065258-5a2c-4a72-9f81-ed1321f551ca:c455]
2019-06-14 09:09:26,544 INFO  client.GrpcClientProtocolClient (GrpcClientProtocolClient.java:onNext(254)) - client-C0E347E82FC5->e6065258-5a2c-4a72-9f81-ed1321f551ca: receive RaftClientReply:client-C0E347E82FC5->e6065258-5a2c-4a72-9f81-ed1321f551ca@group-13364FE26125, cid=261, SUCCESS, logIndex=456, commits[e6065258-5a2c-4a72-9f81-ed1321f551ca:c456]
2019-06-14 09:09:26,547 INFO  client.GrpcClientProtocolClient (GrpcClientProtocolClient.java:onNext(254)) - client-C0E347E82FC5->e6065258-5a2c-4a72-9f81-ed1321f551ca: receive RaftClientReply:client-C0E347E82FC5->e6065258-5a2c-4a72-9f81-ed1321f551ca@group-13364FE26125, cid=262, SUCCESS, logIndex=458, commits[e6065258-5a2c-4a72-9f81-ed1321f551ca:c458]
2019-06-14 09:09:26,548 INFO  client.GrpcClientProtocolClient (GrpcClientProtocolClient.java:onNext(254)) - client-C0E347E82FC5->e6065258-5a2c-4a72-9f81-ed1321f551ca: receive RaftClientReply:client-C0E347E82FC5->e6065258-5a2c-4a72-9f81-ed1321f551ca@group-13364FE26125, cid=263, SUCCESS, logIndex=459, commits[e6065258-5a2c-4a72-9f81-ed1321f551ca:c461]
2019-06-14 09:09:26,549 INFO  client.GrpcClientProtocolClient (GrpcClientProtocolClient.java:onNext(254)) - client-C0E347E82FC5->e6065258-5a2c-4a72-9f81-ed1321f551ca: receive RaftClientReply:client-C0E347E82FC5->e6065258-5a2c-4a72-9f81-ed1321f551ca@group-13364FE26125, cid=264, SUCCESS, logIndex=461, commits[e6065258-5a2c-4a72-9f81-ed1321f551ca:c462]
2019-06-14 09:09:26,615 DEBUG block.SCMBlockDeletingService (SCMBlockDeletingService.java:call(138)) - Running DeletedBlockTransactionScanner
2019-06-14 09:09:26,615 DEBUG block.SCMBlockDeletingService (SCMBlockDeletingService.java:call(155)) - Scanned deleted blocks log and got 0 delTX to process.
2019-06-14 09:09:26,627 INFO  client.GrpcClientProtocolClient (GrpcClientProtocolClient.java:onNext(254)) - client-C0E347E82FC5->e6065258-5a2c-4a72-9f81-ed1321f551ca: receive RaftClientReply:client-C0E347E82FC5->e6065258-5a2c-4a72-9f81-ed1321f551ca@group-13364FE26125, cid=265, SUCCESS, logIndex=463, commits[e6065258-5a2c-4a72-9f81-ed1321f551ca:c463]
2019-06-14 09:09:26,632 INFO  client.GrpcClientProtocolClient (GrpcClientProtocolClient.java:onNext(254)) - client-C0E347E82FC5->e6065258-5a2c-4a72-9f81-ed1321f551ca: receive RaftClientReply:client-C0E347E82FC5->e6065258-5a2c-4a72-9f81-ed1321f551ca@group-13364FE26125, cid=266, SUCCESS, logIndex=465, commits[e6065258-5a2c-4a72-9f81-ed1321f551ca:c465]
2019-06-14 09:09:26,633 INFO  client.GrpcClientProtocolClient (GrpcClientProtocolClient.java:onNext(254)) - client-C0E347E82FC5->e6065258-5a2c-4a72-9f81-ed1321f551ca: receive RaftClientReply:client-C0E347E82FC5->e6065258-5a2c-4a72-9f81-ed1321f551ca@group-13364FE26125, cid=267, SUCCESS, logIndex=466, commits[e6065258-5a2c-4a72-9f81-ed1321f551ca:c468]
2019-06-14 09:09:26,633 INFO  client.GrpcClientProtocolClient (GrpcClientProtocolClient.java:onNext(254)) - client-C0E347E82FC5->e6065258-5a2c-4a72-9f81-ed1321f551ca: receive RaftClientReply:client-C0E347E82FC5->e6065258-5a2c-4a72-9f81-ed1321f551ca@group-13364FE26125, cid=268, SUCCESS, logIndex=467, commits[e6065258-5a2c-4a72-9f81-ed1321f551ca:c468]
2019-06-14 09:09:26,640 INFO  client.GrpcClientProtocolClient (GrpcClientProtocolClient.java:onNext(254)) - client-C0E347E82FC5->e6065258-5a2c-4a72-9f81-ed1321f551ca: receive RaftClientReply:client-C0E347E82FC5->e6065258-5a2c-4a72-9f81-ed1321f551ca@group-13364FE26125, cid=269, SUCCESS, logIndex=469, commits[e6065258-5a2c-4a72-9f81-ed1321f551ca:c469]
2019-06-14 09:09:26,642 INFO  client.GrpcClientProtocolClient (GrpcClientProtocolClient.java:onNext(254)) - client-C0E347E82FC5->e6065258-5a2c-4a72-9f81-ed1321f551ca: receive RaftClientReply:client-C0E347E82FC5->e6065258-5a2c-4a72-9f81-ed1321f551ca@group-13364FE26125, cid=270, SUCCESS, logIndex=471, commits[e6065258-5a2c-4a72-9f81-ed1321f551ca:c471]
2019-06-14 09:09:26,643 INFO  client.GrpcClientProtocolClient (GrpcClientProtocolClient.java:onNext(254)) - client-C0E347E82FC5->e6065258-5a2c-4a72-9f81-ed1321f551ca: receive RaftClientReply:client-C0E347E82FC5->e6065258-5a2c-4a72-9f81-ed1321f551ca@group-13364FE26125, cid=271, SUCCESS, logIndex=472, commits[e6065258-5a2c-4a72-9f81-ed1321f551ca:c474]
2019-06-14 09:09:26,644 INFO  client.GrpcClientProtocolClient (GrpcClientProtocolClient.java:onNext(254)) - client-C0E347E82FC5->e6065258-5a2c-4a72-9f81-ed1321f551ca: receive RaftClientReply:client-C0E347E82FC5->e6065258-5a2c-4a72-9f81-ed1321f551ca@group-13364FE26125, cid=272, SUCCESS, logIndex=473, commits[e6065258-5a2c-4a72-9f81-ed1321f551ca:c474]
2019-06-14 09:09:26,657 INFO  client.GrpcClientProtocolClient (GrpcClientProtocolClient.java:onNext(254)) - client-C0E347E82FC5->e6065258-5a2c-4a72-9f81-ed1321f551ca: receive RaftClientReply:client-C0E347E82FC5->e6065258-5a2c-4a72-9f81-ed1321f551ca@group-13364FE26125, cid=273, SUCCESS, logIndex=475, commits[e6065258-5a2c-4a72-9f81-ed1321f551ca:c475]
2019-06-14 09:09:26,658 INFO  client.GrpcClientProtocolClient (GrpcClientProtocolClient.java:onNext(254)) - client-C0E347E82FC5->e6065258-5a2c-4a72-9f81-ed1321f551ca: receive RaftClientReply:client-C0E347E82FC5->e6065258-5a2c-4a72-9f81-ed1321f551ca@group-13364FE26125, cid=274, SUCCESS, logIndex=477, commits[e6065258-5a2c-4a72-9f81-ed1321f551ca:c477]
2019-06-14 09:09:26,660 INFO  client.GrpcClientProtocolClient (GrpcClientProtocolClient.java:onNext(254)) - client-C0E347E82FC5->e6065258-5a2c-4a72-9f81-ed1321f551ca: receive RaftClientReply:client-C0E347E82FC5->e6065258-5a2c-4a72-9f81-ed1321f551ca@group-13364FE26125, cid=275, SUCCESS, logIndex=478, commits[e6065258-5a2c-4a72-9f81-ed1321f551ca:c480]
2019-06-14 09:09:26,661 INFO  client.GrpcClientProtocolClient (GrpcClientProtocolClient.java:onNext(254)) - client-C0E347E82FC5->e6065258-5a2c-4a72-9f81-ed1321f551ca: receive RaftClientReply:client-C0E347E82FC5->e6065258-5a2c-4a72-9f81-ed1321f551ca@group-13364FE26125, cid=276, SUCCESS, logIndex=479, commits[e6065258-5a2c-4a72-9f81-ed1321f551ca:c480]
2019-06-14 09:09:26,671 INFO  client.GrpcClientProtocolClient (GrpcClientProtocolClient.java:onNext(254)) - client-C0E347E82FC5->e6065258-5a2c-4a72-9f81-ed1321f551ca: receive RaftClientReply:client-C0E347E82FC5->e6065258-5a2c-4a72-9f81-ed1321f551ca@group-13364FE26125, cid=277, SUCCESS, logIndex=481, commits[e6065258-5a2c-4a72-9f81-ed1321f551ca:c481]
2019-06-14 09:09:26,676 INFO  client.GrpcClientProtocolClient (GrpcClientProtocolClient.java:onNext(254)) - client-C0E347E82FC5->e6065258-5a2c-4a72-9f81-ed1321f551ca: receive RaftClientReply:client-C0E347E82FC5->e6065258-5a2c-4a72-9f81-ed1321f551ca@group-13364FE26125, cid=278, SUCCESS, logIndex=483, commits[e6065258-5a2c-4a72-9f81-ed1321f551ca:c483]
2019-06-14 09:09:26,678 INFO  client.GrpcClientProtocolClient (GrpcClientProtocolClient.java:onNext(254)) - client-C0E347E82FC5->e6065258-5a2c-4a72-9f81-ed1321f551ca: receive RaftClientReply:client-C0E347E82FC5->e6065258-5a2c-4a72-9f81-ed1321f551ca@group-13364FE26125, cid=279, SUCCESS, logIndex=484, commits[e6065258-5a2c-4a72-9f81-ed1321f551ca:c486]
2019-06-14 09:09:26,678 INFO  client.GrpcClientProtocolClient (GrpcClientProtocolClient.java:onNext(254)) - client-C0E347E82FC5->e6065258-5a2c-4a72-9f81-ed1321f551ca: receive RaftClientReply:client-C0E347E82FC5->e6065258-5a2c-4a72-9f81-ed1321f551ca@group-13364FE26125, cid=280, SUCCESS, logIndex=485, commits[e6065258-5a2c-4a72-9f81-ed1321f551ca:c486]
2019-06-14 09:09:26,691 INFO  client.GrpcClientProtocolClient (GrpcClientProtocolClient.java:onNext(254)) - client-C0E347E82FC5->e6065258-5a2c-4a72-9f81-ed1321f551ca: receive RaftClientReply:client-C0E347E82FC5->e6065258-5a2c-4a72-9f81-ed1321f551ca@group-13364FE26125, cid=281, SUCCESS, logIndex=487, commits[e6065258-5a2c-4a72-9f81-ed1321f551ca:c487]
2019-06-14 09:09:26,696 INFO  client.GrpcClientProtocolClient (GrpcClientProtocolClient.java:onNext(254)) - client-C0E347E82FC5->e6065258-5a2c-4a72-9f81-ed1321f551ca: receive RaftClientReply:client-C0E347E82FC5->e6065258-5a2c-4a72-9f81-ed1321f551ca@group-13364FE26125, cid=282, SUCCESS, logIndex=489, commits[e6065258-5a2c-4a72-9f81-ed1321f551ca:c489]
2019-06-14 09:09:26,696 INFO  client.GrpcClientProtocolClient (GrpcClientProtocolClient.java:onNext(254)) - client-C0E347E82FC5->e6065258-5a2c-4a72-9f81-ed1321f551ca: receive RaftClientReply:client-C0E347E82FC5->e6065258-5a2c-4a72-9f81-ed1321f551ca@group-13364FE26125, cid=283, SUCCESS, logIndex=490, commits[e6065258-5a2c-4a72-9f81-ed1321f551ca:c490]
2019-06-14 09:09:26,698 INFO  client.GrpcClientProtocolClient (GrpcClientProtocolClient.java:onNext(254)) - client-C0E347E82FC5->e6065258-5a2c-4a72-9f81-ed1321f551ca: receive RaftClientReply:client-C0E347E82FC5->e6065258-5a2c-4a72-9f81-ed1321f551ca@group-13364FE26125, cid=284, SUCCESS, logIndex=493, commits[e6065258-5a2c-4a72-9f81-ed1321f551ca:c493]
2019-06-14 09:09:26,743 DEBUG block.SCMBlockDeletingService (SCMBlockDeletingService.java:call(138)) - Running DeletedBlockTransactionScanner
2019-06-14 09:09:26,743 DEBUG block.SCMBlockDeletingService (SCMBlockDeletingService.java:call(155)) - Scanned deleted blocks log and got 0 delTX to process.
2019-06-14 09:09:26,747 INFO  client.GrpcClientProtocolClient (GrpcClientProtocolClient.java:onNext(254)) - client-C0E347E82FC5->e6065258-5a2c-4a72-9f81-ed1321f551ca: receive RaftClientReply:client-C0E347E82FC5->e6065258-5a2c-4a72-9f81-ed1321f551ca@group-13364FE26125, cid=285, SUCCESS, logIndex=495, commits[e6065258-5a2c-4a72-9f81-ed1321f551ca:c495]
2019-06-14 09:09:26,749 INFO  client.GrpcClientProtocolClient (GrpcClientProtocolClient.java:onNext(254)) - client-C0E347E82FC5->e6065258-5a2c-4a72-9f81-ed1321f551ca: receive RaftClientReply:client-C0E347E82FC5->e6065258-5a2c-4a72-9f81-ed1321f551ca@group-13364FE26125, cid=286, SUCCESS, logIndex=497, commits[e6065258-5a2c-4a72-9f81-ed1321f551ca:c497]
2019-06-14 09:09:26,751 INFO  client.GrpcClientProtocolClient (GrpcClientProtocolClient.java:onNext(254)) - client-C0E347E82FC5->e6065258-5a2c-4a72-9f81-ed1321f551ca: receive RaftClientReply:client-C0E347E82FC5->e6065258-5a2c-4a72-9f81-ed1321f551ca@group-13364FE26125, cid=287, SUCCESS, logIndex=498, commits[e6065258-5a2c-4a72-9f81-ed1321f551ca:c500]
2019-06-14 09:09:26,752 INFO  client.GrpcClientProtocolClient (GrpcClientProtocolClient.java:onNext(254)) - client-C0E347E82FC5->e6065258-5a2c-4a72-9f81-ed1321f551ca: receive RaftClientReply:client-C0E347E82FC5->e6065258-5a2c-4a72-9f81-ed1321f551ca@group-13364FE26125, cid=288, SUCCESS, logIndex=500, commits[e6065258-5a2c-4a72-9f81-ed1321f551ca:c500]
2019-06-14 09:09:26,763 INFO  client.GrpcClientProtocolClient (GrpcClientProtocolClient.java:onNext(254)) - client-C0E347E82FC5->e6065258-5a2c-4a72-9f81-ed1321f551ca: receive RaftClientReply:client-C0E347E82FC5->e6065258-5a2c-4a72-9f81-ed1321f551ca@group-13364FE26125, cid=289, SUCCESS, logIndex=502, commits[e6065258-5a2c-4a72-9f81-ed1321f551ca:c502]
2019-06-14 09:09:26,765 INFO  client.GrpcClientProtocolClient (GrpcClientProtocolClient.java:onNext(254)) - client-C0E347E82FC5->e6065258-5a2c-4a72-9f81-ed1321f551ca: receive RaftClientReply:client-C0E347E82FC5->e6065258-5a2c-4a72-9f81-ed1321f551ca@group-13364FE26125, cid=290, SUCCESS, logIndex=504, commits[e6065258-5a2c-4a72-9f81-ed1321f551ca:c504]
2019-06-14 09:09:26,769 INFO  client.GrpcClientProtocolClient (GrpcClientProtocolClient.java:onNext(254)) - client-C0E347E82FC5->e6065258-5a2c-4a72-9f81-ed1321f551ca: receive RaftClientReply:client-C0E347E82FC5->e6065258-5a2c-4a72-9f81-ed1321f551ca@group-13364FE26125, cid=291, SUCCESS, logIndex=505, commits[e6065258-5a2c-4a72-9f81-ed1321f551ca:c507]
2019-06-14 09:09:26,769 INFO  client.GrpcClientProtocolClient (GrpcClientProtocolClient.java:onNext(254)) - client-C0E347E82FC5->e6065258-5a2c-4a72-9f81-ed1321f551ca: receive RaftClientReply:client-C0E347E82FC5->e6065258-5a2c-4a72-9f81-ed1321f551ca@group-13364FE26125, cid=292, SUCCESS, logIndex=507, commits[e6065258-5a2c-4a72-9f81-ed1321f551ca:c508]
2019-06-14 09:09:26,776 INFO  client.GrpcClientProtocolClient (GrpcClientProtocolClient.java:onNext(254)) - client-C0E347E82FC5->e6065258-5a2c-4a72-9f81-ed1321f551ca: receive RaftClientReply:client-C0E347E82FC5->e6065258-5a2c-4a72-9f81-ed1321f551ca@group-13364FE26125, cid=293, SUCCESS, logIndex=509, commits[e6065258-5a2c-4a72-9f81-ed1321f551ca:c509]
2019-06-14 09:09:26,780 INFO  client.GrpcClientProtocolClient (GrpcClientProtocolClient.java:onNext(254)) - client-C0E347E82FC5->e6065258-5a2c-4a72-9f81-ed1321f551ca: receive RaftClientReply:client-C0E347E82FC5->e6065258-5a2c-4a72-9f81-ed1321f551ca@group-13364FE26125, cid=294, SUCCESS, logIndex=511, commits[e6065258-5a2c-4a72-9f81-ed1321f551ca:c511]
2019-06-14 09:09:26,781 INFO  client.GrpcClientProtocolClient (GrpcClientProtocolClient.java:onNext(254)) - client-C0E347E82FC5->e6065258-5a2c-4a72-9f81-ed1321f551ca: receive RaftClientReply:client-C0E347E82FC5->e6065258-5a2c-4a72-9f81-ed1321f551ca@group-13364FE26125, cid=295, SUCCESS, logIndex=512, commits[e6065258-5a2c-4a72-9f81-ed1321f551ca:c513]
2019-06-14 09:09:26,782 INFO  client.GrpcClientProtocolClient (GrpcClientProtocolClient.java:onNext(254)) - client-C0E347E82FC5->e6065258-5a2c-4a72-9f81-ed1321f551ca: receive RaftClientReply:client-C0E347E82FC5->e6065258-5a2c-4a72-9f81-ed1321f551ca@group-13364FE26125, cid=296, SUCCESS, logIndex=513, commits[e6065258-5a2c-4a72-9f81-ed1321f551ca:c515]
2019-06-14 09:09:26,794 INFO  client.GrpcClientProtocolClient (GrpcClientProtocolClient.java:onNext(254)) - client-C0E347E82FC5->e6065258-5a2c-4a72-9f81-ed1321f551ca: receive RaftClientReply:client-C0E347E82FC5->e6065258-5a2c-4a72-9f81-ed1321f551ca@group-13364FE26125, cid=297, SUCCESS, logIndex=516, commits[e6065258-5a2c-4a72-9f81-ed1321f551ca:c516]
2019-06-14 09:09:26,798 INFO  client.GrpcClientProtocolClient (GrpcClientProtocolClient.java:onNext(254)) - client-C0E347E82FC5->e6065258-5a2c-4a72-9f81-ed1321f551ca: receive RaftClientReply:client-C0E347E82FC5->e6065258-5a2c-4a72-9f81-ed1321f551ca@group-13364FE26125, cid=298, SUCCESS, logIndex=518, commits[e6065258-5a2c-4a72-9f81-ed1321f551ca:c518]
2019-06-14 09:09:26,799 INFO  client.GrpcClientProtocolClient (GrpcClientProtocolClient.java:onNext(254)) - client-C0E347E82FC5->e6065258-5a2c-4a72-9f81-ed1321f551ca: receive RaftClientReply:client-C0E347E82FC5->e6065258-5a2c-4a72-9f81-ed1321f551ca@group-13364FE26125, cid=299, SUCCESS, logIndex=519, commits[e6065258-5a2c-4a72-9f81-ed1321f551ca:c519]
2019-06-14 09:09:26,799 INFO  client.GrpcClientProtocolClient (GrpcClientProtocolClient.java:onNext(254)) - client-C0E347E82FC5->e6065258-5a2c-4a72-9f81-ed1321f551ca: receive RaftClientReply:client-C0E347E82FC5->e6065258-5a2c-4a72-9f81-ed1321f551ca@group-13364FE26125, cid=300, SUCCESS, logIndex=521, commits[e6065258-5a2c-4a72-9f81-ed1321f551ca:c521]
2019-06-14 09:09:26,806 INFO  client.GrpcClientProtocolClient (GrpcClientProtocolClient.java:onNext(254)) - client-C0E347E82FC5->e6065258-5a2c-4a72-9f81-ed1321f551ca: receive RaftClientReply:client-C0E347E82FC5->e6065258-5a2c-4a72-9f81-ed1321f551ca@group-13364FE26125, cid=301, SUCCESS, logIndex=524, commits[e6065258-5a2c-4a72-9f81-ed1321f551ca:c524]
2019-06-14 09:09:26,806 INFO  storage.RaftLogWorker (RaftLogWorker.java:rollLogSegment(303)) - e6065258-5a2c-4a72-9f81-ed1321f551ca-RaftLogWorker: Rolling segment log-452_525 to index:525
2019-06-14 09:09:26,807 INFO  storage.RaftLogWorker (RaftLogWorker.java:execute(433)) - e6065258-5a2c-4a72-9f81-ed1321f551ca-RaftLogWorker: Rolled log segment from /opt/src/hadoop-ozone/integration-test/target/test-dir/MiniOzoneClusterImpl-a56da109-a1cb-4168-8966-62306f2f2d23/datanode-0/data/ratis/920138aa-6f47-4d6d-b5cc-13364fe26125/current/log_inprogress_452 to /opt/src/hadoop-ozone/integration-test/target/test-dir/MiniOzoneClusterImpl-a56da109-a1cb-4168-8966-62306f2f2d23/datanode-0/data/ratis/920138aa-6f47-4d6d-b5cc-13364fe26125/current/log_452-525
2019-06-14 09:09:26,843 DEBUG block.SCMBlockDeletingService (SCMBlockDeletingService.java:call(138)) - Running DeletedBlockTransactionScanner
2019-06-14 09:09:26,844 DEBUG block.SCMBlockDeletingService (SCMBlockDeletingService.java:call(155)) - Scanned deleted blocks log and got 0 delTX to process.
2019-06-14 09:09:26,851 INFO  storage.RaftLogWorker (RaftLogWorker.java:execute(469)) - e6065258-5a2c-4a72-9f81-ed1321f551ca-RaftLogWorker: created new log segment /opt/src/hadoop-ozone/integration-test/target/test-dir/MiniOzoneClusterImpl-a56da109-a1cb-4168-8966-62306f2f2d23/datanode-0/data/ratis/920138aa-6f47-4d6d-b5cc-13364fe26125/current/log_inprogress_526
2019-06-14 09:09:26,855 INFO  client.GrpcClientProtocolClient (GrpcClientProtocolClient.java:onNext(254)) - client-C0E347E82FC5->e6065258-5a2c-4a72-9f81-ed1321f551ca: receive RaftClientReply:client-C0E347E82FC5->e6065258-5a2c-4a72-9f81-ed1321f551ca@group-13364FE26125, cid=302, SUCCESS, logIndex=526, commits[e6065258-5a2c-4a72-9f81-ed1321f551ca:c529]
2019-06-14 09:09:26,855 INFO  client.GrpcClientProtocolClient (GrpcClientProtocolClient.java:onNext(254)) - client-C0E347E82FC5->e6065258-5a2c-4a72-9f81-ed1321f551ca: receive RaftClientReply:client-C0E347E82FC5->e6065258-5a2c-4a72-9f81-ed1321f551ca@group-13364FE26125, cid=303, SUCCESS, logIndex=527, commits[e6065258-5a2c-4a72-9f81-ed1321f551ca:c529]
2019-06-14 09:09:26,856 INFO  client.GrpcClientProtocolClient (GrpcClientProtocolClient.java:onNext(254)) - client-C0E347E82FC5->e6065258-5a2c-4a72-9f81-ed1321f551ca: receive RaftClientReply:client-C0E347E82FC5->e6065258-5a2c-4a72-9f81-ed1321f551ca@group-13364FE26125, cid=304, SUCCESS, logIndex=528, commits[e6065258-5a2c-4a72-9f81-ed1321f551ca:c529]
2019-06-14 09:09:26,866 INFO  client.GrpcClientProtocolClient (GrpcClientProtocolClient.java:onNext(254)) - client-C0E347E82FC5->e6065258-5a2c-4a72-9f81-ed1321f551ca: receive RaftClientReply:client-C0E347E82FC5->e6065258-5a2c-4a72-9f81-ed1321f551ca@group-13364FE26125, cid=305, SUCCESS, logIndex=530, commits[e6065258-5a2c-4a72-9f81-ed1321f551ca:c530]
2019-06-14 09:09:26,867 INFO  client.GrpcClientProtocolClient (GrpcClientProtocolClient.java:onNext(254)) - client-C0E347E82FC5->e6065258-5a2c-4a72-9f81-ed1321f551ca: receive RaftClientReply:client-C0E347E82FC5->e6065258-5a2c-4a72-9f81-ed1321f551ca@group-13364FE26125, cid=306, SUCCESS, logIndex=532, commits[e6065258-5a2c-4a72-9f81-ed1321f551ca:c532]
2019-06-14 09:09:26,869 INFO  client.GrpcClientProtocolClient (GrpcClientProtocolClient.java:onNext(254)) - client-C0E347E82FC5->e6065258-5a2c-4a72-9f81-ed1321f551ca: receive RaftClientReply:client-C0E347E82FC5->e6065258-5a2c-4a72-9f81-ed1321f551ca@group-13364FE26125, cid=307, SUCCESS, logIndex=533, commits[e6065258-5a2c-4a72-9f81-ed1321f551ca:c535]
2019-06-14 09:09:26,870 INFO  client.GrpcClientProtocolClient (GrpcClientProtocolClient.java:onNext(254)) - client-C0E347E82FC5->e6065258-5a2c-4a72-9f81-ed1321f551ca: receive RaftClientReply:client-C0E347E82FC5->e6065258-5a2c-4a72-9f81-ed1321f551ca@group-13364FE26125, cid=308, SUCCESS, logIndex=535, commits[e6065258-5a2c-4a72-9f81-ed1321f551ca:c535]
2019-06-14 09:09:26,944 DEBUG block.SCMBlockDeletingService (SCMBlockDeletingService.java:call(138)) - Running DeletedBlockTransactionScanner
2019-06-14 09:09:26,944 DEBUG block.SCMBlockDeletingService (SCMBlockDeletingService.java:call(155)) - Scanned deleted blocks log and got 0 delTX to process.
2019-06-14 09:09:26,947 INFO  client.GrpcClientProtocolClient (GrpcClientProtocolClient.java:onNext(254)) - client-C0E347E82FC5->e6065258-5a2c-4a72-9f81-ed1321f551ca: receive RaftClientReply:client-C0E347E82FC5->e6065258-5a2c-4a72-9f81-ed1321f551ca@group-13364FE26125, cid=309, SUCCESS, logIndex=537, commits[e6065258-5a2c-4a72-9f81-ed1321f551ca:c537]
2019-06-14 09:09:26,953 INFO  client.GrpcClientProtocolClient (GrpcClientProtocolClient.java:onNext(254)) - client-C0E347E82FC5->e6065258-5a2c-4a72-9f81-ed1321f551ca: receive RaftClientReply:client-C0E347E82FC5->e6065258-5a2c-4a72-9f81-ed1321f551ca@group-13364FE26125, cid=310, SUCCESS, logIndex=539, commits[e6065258-5a2c-4a72-9f81-ed1321f551ca:c539]
2019-06-14 09:09:26,954 INFO  client.GrpcClientProtocolClient (GrpcClientProtocolClient.java:onNext(254)) - client-C0E347E82FC5->e6065258-5a2c-4a72-9f81-ed1321f551ca: receive RaftClientReply:client-C0E347E82FC5->e6065258-5a2c-4a72-9f81-ed1321f551ca@group-13364FE26125, cid=311, SUCCESS, logIndex=540, commits[e6065258-5a2c-4a72-9f81-ed1321f551ca:c542]
2019-06-14 09:09:26,954 INFO  client.GrpcClientProtocolClient (GrpcClientProtocolClient.java:onNext(254)) - client-C0E347E82FC5->e6065258-5a2c-4a72-9f81-ed1321f551ca: receive RaftClientReply:client-C0E347E82FC5->e6065258-5a2c-4a72-9f81-ed1321f551ca@group-13364FE26125, cid=312, SUCCESS, logIndex=542, commits[e6065258-5a2c-4a72-9f81-ed1321f551ca:c543]
2019-06-14 09:09:26,964 INFO  client.GrpcClientProtocolClient (GrpcClientProtocolClient.java:onNext(254)) - client-C0E347E82FC5->e6065258-5a2c-4a72-9f81-ed1321f551ca: receive RaftClientReply:client-C0E347E82FC5->e6065258-5a2c-4a72-9f81-ed1321f551ca@group-13364FE26125, cid=313, SUCCESS, logIndex=544, commits[e6065258-5a2c-4a72-9f81-ed1321f551ca:c544]
2019-06-14 09:09:26,967 INFO  client.GrpcClientProtocolClient (GrpcClientProtocolClient.java:onNext(254)) - client-C0E347E82FC5->e6065258-5a2c-4a72-9f81-ed1321f551ca: receive RaftClientReply:client-C0E347E82FC5->e6065258-5a2c-4a72-9f81-ed1321f551ca@group-13364FE26125, cid=314, SUCCESS, logIndex=546, commits[e6065258-5a2c-4a72-9f81-ed1321f551ca:c546]
2019-06-14 09:09:26,968 INFO  client.GrpcClientProtocolClient (GrpcClientProtocolClient.java:onNext(254)) - client-C0E347E82FC5->e6065258-5a2c-4a72-9f81-ed1321f551ca: receive RaftClientReply:client-C0E347E82FC5->e6065258-5a2c-4a72-9f81-ed1321f551ca@group-13364FE26125, cid=315, SUCCESS, logIndex=547, commits[e6065258-5a2c-4a72-9f81-ed1321f551ca:c547]
2019-06-14 09:09:26,969 INFO  client.GrpcClientProtocolClient (GrpcClientProtocolClient.java:onNext(254)) - client-C0E347E82FC5->e6065258-5a2c-4a72-9f81-ed1321f551ca: receive RaftClientReply:client-C0E347E82FC5->e6065258-5a2c-4a72-9f81-ed1321f551ca@group-13364FE26125, cid=316, SUCCESS, logIndex=549, commits[e6065258-5a2c-4a72-9f81-ed1321f551ca:c549]
2019-06-14 09:09:26,976 INFO  client.GrpcClientProtocolClient (GrpcClientProtocolClient.java:onNext(254)) - client-C0E347E82FC5->e6065258-5a2c-4a72-9f81-ed1321f551ca: receive RaftClientReply:client-C0E347E82FC5->e6065258-5a2c-4a72-9f81-ed1321f551ca@group-13364FE26125, cid=317, SUCCESS, logIndex=552, commits[e6065258-5a2c-4a72-9f81-ed1321f551ca:c552]
2019-06-14 09:09:26,978 INFO  client.GrpcClientProtocolClient (GrpcClientProtocolClient.java:onNext(254)) - client-C0E347E82FC5->e6065258-5a2c-4a72-9f81-ed1321f551ca: receive RaftClientReply:client-C0E347E82FC5->e6065258-5a2c-4a72-9f81-ed1321f551ca@group-13364FE26125, cid=318, SUCCESS, logIndex=554, commits[e6065258-5a2c-4a72-9f81-ed1321f551ca:c554]
2019-06-14 09:09:26,980 INFO  client.GrpcClientProtocolClient (GrpcClientProtocolClient.java:onNext(254)) - client-C0E347E82FC5->e6065258-5a2c-4a72-9f81-ed1321f551ca: receive RaftClientReply:client-C0E347E82FC5->e6065258-5a2c-4a72-9f81-ed1321f551ca@group-13364FE26125, cid=319, SUCCESS, logIndex=556, commits[e6065258-5a2c-4a72-9f81-ed1321f551ca:c557]
2019-06-14 09:09:26,982 INFO  client.GrpcClientProtocolClient (GrpcClientProtocolClient.java:onNext(254)) - client-C0E347E82FC5->e6065258-5a2c-4a72-9f81-ed1321f551ca: receive RaftClientReply:client-C0E347E82FC5->e6065258-5a2c-4a72-9f81-ed1321f551ca@group-13364FE26125, cid=320, SUCCESS, logIndex=557, commits[e6065258-5a2c-4a72-9f81-ed1321f551ca:c557]
2019-06-14 09:09:26,994 INFO  client.GrpcClientProtocolClient (GrpcClientProtocolClient.java:onNext(254)) - client-C0E347E82FC5->e6065258-5a2c-4a72-9f81-ed1321f551ca: receive RaftClientReply:client-C0E347E82FC5->e6065258-5a2c-4a72-9f81-ed1321f551ca@group-13364FE26125, cid=321, SUCCESS, logIndex=559, commits[e6065258-5a2c-4a72-9f81-ed1321f551ca:c559]
2019-06-14 09:09:26,997 INFO  client.GrpcClientProtocolClient (GrpcClientProtocolClient.java:onNext(254)) - client-C0E347E82FC5->e6065258-5a2c-4a72-9f81-ed1321f551ca: receive RaftClientReply:client-C0E347E82FC5->e6065258-5a2c-4a72-9f81-ed1321f551ca@group-13364FE26125, cid=322, SUCCESS, logIndex=561, commits[e6065258-5a2c-4a72-9f81-ed1321f551ca:c561]
2019-06-14 09:09:26,997 INFO  client.GrpcClientProtocolClient (GrpcClientProtocolClient.java:onNext(254)) - client-C0E347E82FC5->e6065258-5a2c-4a72-9f81-ed1321f551ca: receive RaftClientReply:client-C0E347E82FC5->e6065258-5a2c-4a72-9f81-ed1321f551ca@group-13364FE26125, cid=323, SUCCESS, logIndex=562, commits[e6065258-5a2c-4a72-9f81-ed1321f551ca:c564]
2019-06-14 09:09:26,998 INFO  client.GrpcClientProtocolClient (GrpcClientProtocolClient.java:onNext(254)) - client-C0E347E82FC5->e6065258-5a2c-4a72-9f81-ed1321f551ca: receive RaftClientReply:client-C0E347E82FC5->e6065258-5a2c-4a72-9f81-ed1321f551ca@group-13364FE26125, cid=324, SUCCESS, logIndex=564, commits[e6065258-5a2c-4a72-9f81-ed1321f551ca:c564]
2019-06-14 09:09:27,006 INFO  client.GrpcClientProtocolClient (GrpcClientProtocolClient.java:onNext(254)) - client-C0E347E82FC5->e6065258-5a2c-4a72-9f81-ed1321f551ca: receive RaftClientReply:client-C0E347E82FC5->e6065258-5a2c-4a72-9f81-ed1321f551ca@group-13364FE26125, cid=325, SUCCESS, logIndex=566, commits[e6065258-5a2c-4a72-9f81-ed1321f551ca:c566]
2019-06-14 09:09:27,009 INFO  client.GrpcClientProtocolClient (GrpcClientProtocolClient.java:onNext(254)) - client-C0E347E82FC5->e6065258-5a2c-4a72-9f81-ed1321f551ca: receive RaftClientReply:client-C0E347E82FC5->e6065258-5a2c-4a72-9f81-ed1321f551ca@group-13364FE26125, cid=326, SUCCESS, logIndex=568, commits[e6065258-5a2c-4a72-9f81-ed1321f551ca:c568]
2019-06-14 09:09:27,009 INFO  client.GrpcClientProtocolClient (GrpcClientProtocolClient.java:onNext(254)) - client-C0E347E82FC5->e6065258-5a2c-4a72-9f81-ed1321f551ca: receive RaftClientReply:client-C0E347E82FC5->e6065258-5a2c-4a72-9f81-ed1321f551ca@group-13364FE26125, cid=327, SUCCESS, logIndex=569, commits[e6065258-5a2c-4a72-9f81-ed1321f551ca:c571]
2019-06-14 09:09:27,010 INFO  client.GrpcClientProtocolClient (GrpcClientProtocolClient.java:onNext(254)) - client-C0E347E82FC5->e6065258-5a2c-4a72-9f81-ed1321f551ca: receive RaftClientReply:client-C0E347E82FC5->e6065258-5a2c-4a72-9f81-ed1321f551ca@group-13364FE26125, cid=328, SUCCESS, logIndex=571, commits[e6065258-5a2c-4a72-9f81-ed1321f551ca:c571]
2019-06-14 09:09:27,024 INFO  client.GrpcClientProtocolClient (GrpcClientProtocolClient.java:onNext(254)) - client-C0E347E82FC5->e6065258-5a2c-4a72-9f81-ed1321f551ca: receive RaftClientReply:client-C0E347E82FC5->e6065258-5a2c-4a72-9f81-ed1321f551ca@group-13364FE26125, cid=329, SUCCESS, logIndex=573, commits[e6065258-5a2c-4a72-9f81-ed1321f551ca:c573]
2019-06-14 09:09:27,027 INFO  client.GrpcClientProtocolClient (GrpcClientProtocolClient.java:onNext(254)) - client-C0E347E82FC5->e6065258-5a2c-4a72-9f81-ed1321f551ca: receive RaftClientReply:client-C0E347E82FC5->e6065258-5a2c-4a72-9f81-ed1321f551ca@group-13364FE26125, cid=330, SUCCESS, logIndex=575, commits[e6065258-5a2c-4a72-9f81-ed1321f551ca:c575]
2019-06-14 09:09:27,027 INFO  client.GrpcClientProtocolClient (GrpcClientProtocolClient.java:onNext(254)) - client-C0E347E82FC5->e6065258-5a2c-4a72-9f81-ed1321f551ca: receive RaftClientReply:client-C0E347E82FC5->e6065258-5a2c-4a72-9f81-ed1321f551ca@group-13364FE26125, cid=331, SUCCESS, logIndex=576, commits[e6065258-5a2c-4a72-9f81-ed1321f551ca:c578]
2019-06-14 09:09:27,028 INFO  client.GrpcClientProtocolClient (GrpcClientProtocolClient.java:onNext(254)) - client-C0E347E82FC5->e6065258-5a2c-4a72-9f81-ed1321f551ca: receive RaftClientReply:client-C0E347E82FC5->e6065258-5a2c-4a72-9f81-ed1321f551ca@group-13364FE26125, cid=332, SUCCESS, logIndex=577, commits[e6065258-5a2c-4a72-9f81-ed1321f551ca:c578]
2019-06-14 09:09:27,035 INFO  client.GrpcClientProtocolClient (GrpcClientProtocolClient.java:onNext(254)) - client-C0E347E82FC5->e6065258-5a2c-4a72-9f81-ed1321f551ca: receive RaftClientReply:client-C0E347E82FC5->e6065258-5a2c-4a72-9f81-ed1321f551ca@group-13364FE26125, cid=333, SUCCESS, logIndex=579, commits[e6065258-5a2c-4a72-9f81-ed1321f551ca:c579]
2019-06-14 09:09:27,038 INFO  client.GrpcClientProtocolClient (GrpcClientProtocolClient.java:onNext(254)) - client-C0E347E82FC5->e6065258-5a2c-4a72-9f81-ed1321f551ca: receive RaftClientReply:client-C0E347E82FC5->e6065258-5a2c-4a72-9f81-ed1321f551ca@group-13364FE26125, cid=334, SUCCESS, logIndex=581, commits[e6065258-5a2c-4a72-9f81-ed1321f551ca:c581]
2019-06-14 09:09:27,039 INFO  client.GrpcClientProtocolClient (GrpcClientProtocolClient.java:onNext(254)) - client-C0E347E82FC5->e6065258-5a2c-4a72-9f81-ed1321f551ca: receive RaftClientReply:client-C0E347E82FC5->e6065258-5a2c-4a72-9f81-ed1321f551ca@group-13364FE26125, cid=335, SUCCESS, logIndex=582, commits[e6065258-5a2c-4a72-9f81-ed1321f551ca:c583]
2019-06-14 09:09:27,040 INFO  client.GrpcClientProtocolClient (GrpcClientProtocolClient.java:onNext(254)) - client-C0E347E82FC5->e6065258-5a2c-4a72-9f81-ed1321f551ca: receive RaftClientReply:client-C0E347E82FC5->e6065258-5a2c-4a72-9f81-ed1321f551ca@group-13364FE26125, cid=336, SUCCESS, logIndex=583, commits[e6065258-5a2c-4a72-9f81-ed1321f551ca:c583]
2019-06-14 09:09:27,044 DEBUG block.SCMBlockDeletingService (SCMBlockDeletingService.java:call(138)) - Running DeletedBlockTransactionScanner
2019-06-14 09:09:27,045 DEBUG block.SCMBlockDeletingService (SCMBlockDeletingService.java:call(155)) - Scanned deleted blocks log and got 0 delTX to process.
2019-06-14 09:09:27,251 DEBUG block.SCMBlockDeletingService (SCMBlockDeletingService.java:call(138)) - Running DeletedBlockTransactionScanner
2019-06-14 09:09:27,251 DEBUG block.SCMBlockDeletingService (SCMBlockDeletingService.java:call(155)) - Scanned deleted blocks log and got 0 delTX to process.
2019-06-14 09:09:27,259 INFO  client.GrpcClientProtocolClient (GrpcClientProtocolClient.java:onNext(254)) - client-C0E347E82FC5->e6065258-5a2c-4a72-9f81-ed1321f551ca: receive RaftClientReply:client-C0E347E82FC5->e6065258-5a2c-4a72-9f81-ed1321f551ca@group-13364FE26125, cid=337, SUCCESS, logIndex=586, commits[e6065258-5a2c-4a72-9f81-ed1321f551ca:c586]
2019-06-14 09:09:27,262 INFO  client.GrpcClientProtocolClient (GrpcClientProtocolClient.java:onNext(254)) - client-C0E347E82FC5->e6065258-5a2c-4a72-9f81-ed1321f551ca: receive RaftClientReply:client-C0E347E82FC5->e6065258-5a2c-4a72-9f81-ed1321f551ca@group-13364FE26125, cid=338, SUCCESS, logIndex=588, commits[e6065258-5a2c-4a72-9f81-ed1321f551ca:c588]
2019-06-14 09:09:27,266 INFO  client.GrpcClientProtocolClient (GrpcClientProtocolClient.java:onNext(254)) - client-C0E347E82FC5->e6065258-5a2c-4a72-9f81-ed1321f551ca: receive RaftClientReply:client-C0E347E82FC5->e6065258-5a2c-4a72-9f81-ed1321f551ca@group-13364FE26125, cid=339, SUCCESS, logIndex=589, commits[e6065258-5a2c-4a72-9f81-ed1321f551ca:c591]
2019-06-14 09:09:27,267 INFO  client.GrpcClientProtocolClient (GrpcClientProtocolClient.java:onNext(254)) - client-C0E347E82FC5->e6065258-5a2c-4a72-9f81-ed1321f551ca: receive RaftClientReply:client-C0E347E82FC5->e6065258-5a2c-4a72-9f81-ed1321f551ca@group-13364FE26125, cid=340, SUCCESS, logIndex=591, commits[e6065258-5a2c-4a72-9f81-ed1321f551ca:c591]
2019-06-14 09:09:27,278 INFO  client.GrpcClientProtocolClient (GrpcClientProtocolClient.java:onNext(254)) - client-C0E347E82FC5->e6065258-5a2c-4a72-9f81-ed1321f551ca: receive RaftClientReply:client-C0E347E82FC5->e6065258-5a2c-4a72-9f81-ed1321f551ca@group-13364FE26125, cid=341, SUCCESS, logIndex=593, commits[e6065258-5a2c-4a72-9f81-ed1321f551ca:c594]
2019-06-14 09:09:27,279 INFO  storage.RaftLogWorker (RaftLogWorker.java:rollLogSegment(303)) - e6065258-5a2c-4a72-9f81-ed1321f551ca-RaftLogWorker: Rolling segment log-526_597 to index:597
2019-06-14 09:09:27,281 INFO  storage.RaftLogWorker (RaftLogWorker.java:execute(433)) - e6065258-5a2c-4a72-9f81-ed1321f551ca-RaftLogWorker: Rolled log segment from /opt/src/hadoop-ozone/integration-test/target/test-dir/MiniOzoneClusterImpl-a56da109-a1cb-4168-8966-62306f2f2d23/datanode-0/data/ratis/920138aa-6f47-4d6d-b5cc-13364fe26125/current/log_inprogress_526 to /opt/src/hadoop-ozone/integration-test/target/test-dir/MiniOzoneClusterImpl-a56da109-a1cb-4168-8966-62306f2f2d23/datanode-0/data/ratis/920138aa-6f47-4d6d-b5cc-13364fe26125/current/log_526-597
2019-06-14 09:09:27,286 INFO  client.GrpcClientProtocolClient (GrpcClientProtocolClient.java:onNext(254)) - client-C0E347E82FC5->e6065258-5a2c-4a72-9f81-ed1321f551ca: receive RaftClientReply:client-C0E347E82FC5->e6065258-5a2c-4a72-9f81-ed1321f551ca@group-13364FE26125, cid=342, SUCCESS, logIndex=595, commits[e6065258-5a2c-4a72-9f81-ed1321f551ca:c597]
2019-06-14 09:09:27,286 INFO  client.GrpcClientProtocolClient (GrpcClientProtocolClient.java:onNext(254)) - client-C0E347E82FC5->e6065258-5a2c-4a72-9f81-ed1321f551ca: receive RaftClientReply:client-C0E347E82FC5->e6065258-5a2c-4a72-9f81-ed1321f551ca@group-13364FE26125, cid=343, SUCCESS, logIndex=596, commits[e6065258-5a2c-4a72-9f81-ed1321f551ca:c597]
2019-06-14 09:09:27,319 INFO  storage.RaftLogWorker (RaftLogWorker.java:execute(469)) - e6065258-5a2c-4a72-9f81-ed1321f551ca-RaftLogWorker: created new log segment /opt/src/hadoop-ozone/integration-test/target/test-dir/MiniOzoneClusterImpl-a56da109-a1cb-4168-8966-62306f2f2d23/datanode-0/data/ratis/920138aa-6f47-4d6d-b5cc-13364fe26125/current/log_inprogress_598
2019-06-14 09:09:27,321 INFO  client.GrpcClientProtocolClient (GrpcClientProtocolClient.java:onNext(254)) - client-C0E347E82FC5->e6065258-5a2c-4a72-9f81-ed1321f551ca: receive RaftClientReply:client-C0E347E82FC5->e6065258-5a2c-4a72-9f81-ed1321f551ca@group-13364FE26125, cid=344, SUCCESS, logIndex=598, commits[e6065258-5a2c-4a72-9f81-ed1321f551ca:c598]
2019-06-14 09:09:27,334 INFO  client.GrpcClientProtocolClient (GrpcClientProtocolClient.java:onNext(254)) - client-C0E347E82FC5->e6065258-5a2c-4a72-9f81-ed1321f551ca: receive RaftClientReply:client-C0E347E82FC5->e6065258-5a2c-4a72-9f81-ed1321f551ca@group-13364FE26125, cid=345, SUCCESS, logIndex=600, commits[e6065258-5a2c-4a72-9f81-ed1321f551ca:c600]
2019-06-14 09:09:27,339 INFO  client.GrpcClientProtocolClient (GrpcClientProtocolClient.java:onNext(254)) - client-C0E347E82FC5->e6065258-5a2c-4a72-9f81-ed1321f551ca: receive RaftClientReply:client-C0E347E82FC5->e6065258-5a2c-4a72-9f81-ed1321f551ca@group-13364FE26125, cid=346, SUCCESS, logIndex=602, commits[e6065258-5a2c-4a72-9f81-ed1321f551ca:c602]
2019-06-14 09:09:27,340 INFO  client.GrpcClientProtocolClient (GrpcClientProtocolClient.java:onNext(254)) - client-C0E347E82FC5->e6065258-5a2c-4a72-9f81-ed1321f551ca: receive RaftClientReply:client-C0E347E82FC5->e6065258-5a2c-4a72-9f81-ed1321f551ca@group-13364FE26125, cid=347, SUCCESS, logIndex=603, commits[e6065258-5a2c-4a72-9f81-ed1321f551ca:c604]
2019-06-14 09:09:27,340 INFO  client.GrpcClientProtocolClient (GrpcClientProtocolClient.java:onNext(254)) - client-C0E347E82FC5->e6065258-5a2c-4a72-9f81-ed1321f551ca: receive RaftClientReply:client-C0E347E82FC5->e6065258-5a2c-4a72-9f81-ed1321f551ca@group-13364FE26125, cid=348, SUCCESS, logIndex=604, commits[e6065258-5a2c-4a72-9f81-ed1321f551ca:c604]
2019-06-14 09:09:27,347 INFO  client.GrpcClientProtocolClient (GrpcClientProtocolClient.java:onNext(254)) - client-C0E347E82FC5->e6065258-5a2c-4a72-9f81-ed1321f551ca: receive RaftClientReply:client-C0E347E82FC5->e6065258-5a2c-4a72-9f81-ed1321f551ca@group-13364FE26125, cid=349, SUCCESS, logIndex=607, commits[e6065258-5a2c-4a72-9f81-ed1321f551ca:c607]
2019-06-14 09:09:27,349 INFO  client.GrpcClientProtocolClient (GrpcClientProtocolClient.java:onNext(254)) - client-C0E347E82FC5->e6065258-5a2c-4a72-9f81-ed1321f551ca: receive RaftClientReply:client-C0E347E82FC5->e6065258-5a2c-4a72-9f81-ed1321f551ca@group-13364FE26125, cid=350, SUCCESS, logIndex=609, commits[e6065258-5a2c-4a72-9f81-ed1321f551ca:c609]
2019-06-14 09:09:27,350 INFO  client.GrpcClientProtocolClient (GrpcClientProtocolClient.java:onNext(254)) - client-C0E347E82FC5->e6065258-5a2c-4a72-9f81-ed1321f551ca: receive RaftClientReply:client-C0E347E82FC5->e6065258-5a2c-4a72-9f81-ed1321f551ca@group-13364FE26125, cid=351, SUCCESS, logIndex=610, commits[e6065258-5a2c-4a72-9f81-ed1321f551ca:c611]
2019-06-14 09:09:27,351 INFO  client.GrpcClientProtocolClient (GrpcClientProtocolClient.java:onNext(254)) - client-C0E347E82FC5->e6065258-5a2c-4a72-9f81-ed1321f551ca: receive RaftClientReply:client-C0E347E82FC5->e6065258-5a2c-4a72-9f81-ed1321f551ca@group-13364FE26125, cid=352, SUCCESS, logIndex=611, commits[e6065258-5a2c-4a72-9f81-ed1321f551ca:c611]
2019-06-14 09:09:27,352 DEBUG block.SCMBlockDeletingService (SCMBlockDeletingService.java:call(138)) - Running DeletedBlockTransactionScanner
2019-06-14 09:09:27,352 DEBUG block.SCMBlockDeletingService (SCMBlockDeletingService.java:call(155)) - Scanned deleted blocks log and got 0 delTX to process.
2019-06-14 09:09:27,434 INFO  client.GrpcClientProtocolClient (GrpcClientProtocolClient.java:onNext(254)) - client-C0E347E82FC5->e6065258-5a2c-4a72-9f81-ed1321f551ca: receive RaftClientReply:client-C0E347E82FC5->e6065258-5a2c-4a72-9f81-ed1321f551ca@group-13364FE26125, cid=353, SUCCESS, logIndex=614, commits[e6065258-5a2c-4a72-9f81-ed1321f551ca:c614]
2019-06-14 09:09:27,436 INFO  client.GrpcClientProtocolClient (GrpcClientProtocolClient.java:onNext(254)) - client-C0E347E82FC5->e6065258-5a2c-4a72-9f81-ed1321f551ca: receive RaftClientReply:client-C0E347E82FC5->e6065258-5a2c-4a72-9f81-ed1321f551ca@group-13364FE26125, cid=354, SUCCESS, logIndex=616, commits[e6065258-5a2c-4a72-9f81-ed1321f551ca:c616]
2019-06-14 09:09:27,438 INFO  client.GrpcClientProtocolClient (GrpcClientProtocolClient.java:onNext(254)) - client-C0E347E82FC5->e6065258-5a2c-4a72-9f81-ed1321f551ca: receive RaftClientReply:client-C0E347E82FC5->e6065258-5a2c-4a72-9f81-ed1321f551ca@group-13364FE26125, cid=355, SUCCESS, logIndex=617, commits[e6065258-5a2c-4a72-9f81-ed1321f551ca:c619]
2019-06-14 09:09:27,438 INFO  client.GrpcClientProtocolClient (GrpcClientProtocolClient.java:onNext(254)) - client-C0E347E82FC5->e6065258-5a2c-4a72-9f81-ed1321f551ca: receive RaftClientReply:client-C0E347E82FC5->e6065258-5a2c-4a72-9f81-ed1321f551ca@group-13364FE26125, cid=356, SUCCESS, logIndex=618, commits[e6065258-5a2c-4a72-9f81-ed1321f551ca:c619]
2019-06-14 09:09:27,446 INFO  client.GrpcClientProtocolClient (GrpcClientProtocolClient.java:onNext(254)) - client-C0E347E82FC5->e6065258-5a2c-4a72-9f81-ed1321f551ca: receive RaftClientReply:client-C0E347E82FC5->e6065258-5a2c-4a72-9f81-ed1321f551ca@group-13364FE26125, cid=357, SUCCESS, logIndex=620, commits[e6065258-5a2c-4a72-9f81-ed1321f551ca:c621]
2019-06-14 09:09:27,448 INFO  client.GrpcClientProtocolClient (GrpcClientProtocolClient.java:onNext(254)) - client-C0E347E82FC5->e6065258-5a2c-4a72-9f81-ed1321f551ca: receive RaftClientReply:client-C0E347E82FC5->e6065258-5a2c-4a72-9f81-ed1321f551ca@group-13364FE26125, cid=358, SUCCESS, logIndex=622, commits[e6065258-5a2c-4a72-9f81-ed1321f551ca:c622]
2019-06-14 09:09:27,450 INFO  client.GrpcClientProtocolClient (GrpcClientProtocolClient.java:onNext(254)) - client-C0E347E82FC5->e6065258-5a2c-4a72-9f81-ed1321f551ca: receive RaftClientReply:client-C0E347E82FC5->e6065258-5a2c-4a72-9f81-ed1321f551ca@group-13364FE26125, cid=359, SUCCESS, logIndex=623, commits[e6065258-5a2c-4a72-9f81-ed1321f551ca:c625]
2019-06-14 09:09:27,451 INFO  client.GrpcClientProtocolClient (GrpcClientProtocolClient.java:onNext(254)) - client-C0E347E82FC5->e6065258-5a2c-4a72-9f81-ed1321f551ca: receive RaftClientReply:client-C0E347E82FC5->e6065258-5a2c-4a72-9f81-ed1321f551ca@group-13364FE26125, cid=360, SUCCESS, logIndex=624, commits[e6065258-5a2c-4a72-9f81-ed1321f551ca:c625]
2019-06-14 09:09:27,452 DEBUG block.SCMBlockDeletingService (SCMBlockDeletingService.java:call(138)) - Running DeletedBlockTransactionScanner
2019-06-14 09:09:27,452 DEBUG block.SCMBlockDeletingService (SCMBlockDeletingService.java:call(155)) - Scanned deleted blocks log and got 0 delTX to process.
2019-06-14 09:09:27,462 INFO  client.GrpcClientProtocolClient (GrpcClientProtocolClient.java:onNext(254)) - client-C0E347E82FC5->e6065258-5a2c-4a72-9f81-ed1321f551ca: receive RaftClientReply:client-C0E347E82FC5->e6065258-5a2c-4a72-9f81-ed1321f551ca@group-13364FE26125, cid=361, SUCCESS, logIndex=626, commits[e6065258-5a2c-4a72-9f81-ed1321f551ca:c626]
2019-06-14 09:09:27,465 INFO  client.GrpcClientProtocolClient (GrpcClientProtocolClient.java:onNext(254)) - client-C0E347E82FC5->e6065258-5a2c-4a72-9f81-ed1321f551ca: receive RaftClientReply:client-C0E347E82FC5->e6065258-5a2c-4a72-9f81-ed1321f551ca@group-13364FE26125, cid=362, SUCCESS, logIndex=628, commits[e6065258-5a2c-4a72-9f81-ed1321f551ca:c628]
2019-06-14 09:09:27,466 INFO  client.GrpcClientProtocolClient (GrpcClientProtocolClient.java:onNext(254)) - client-C0E347E82FC5->e6065258-5a2c-4a72-9f81-ed1321f551ca: receive RaftClientReply:client-C0E347E82FC5->e6065258-5a2c-4a72-9f81-ed1321f551ca@group-13364FE26125, cid=363, SUCCESS, logIndex=629, commits[e6065258-5a2c-4a72-9f81-ed1321f551ca:c630]
2019-06-14 09:09:27,466 INFO  client.GrpcClientProtocolClient (GrpcClientProtocolClient.java:onNext(254)) - client-C0E347E82FC5->e6065258-5a2c-4a72-9f81-ed1321f551ca: receive RaftClientReply:client-C0E347E82FC5->e6065258-5a2c-4a72-9f81-ed1321f551ca@group-13364FE26125, cid=364, SUCCESS, logIndex=630, commits[e6065258-5a2c-4a72-9f81-ed1321f551ca:c631]
2019-06-14 09:09:27,473 INFO  client.GrpcClientProtocolClient (GrpcClientProtocolClient.java:onNext(254)) - client-C0E347E82FC5->e6065258-5a2c-4a72-9f81-ed1321f551ca: receive RaftClientReply:client-C0E347E82FC5->e6065258-5a2c-4a72-9f81-ed1321f551ca@group-13364FE26125, cid=365, SUCCESS, logIndex=633, commits[e6065258-5a2c-4a72-9f81-ed1321f551ca:c633]
2019-06-14 09:09:27,476 INFO  client.GrpcClientProtocolClient (GrpcClientProtocolClient.java:onNext(254)) - client-C0E347E82FC5->e6065258-5a2c-4a72-9f81-ed1321f551ca: receive RaftClientReply:client-C0E347E82FC5->e6065258-5a2c-4a72-9f81-ed1321f551ca@group-13364FE26125, cid=366, SUCCESS, logIndex=635, commits[e6065258-5a2c-4a72-9f81-ed1321f551ca:c636]
2019-06-14 09:09:27,477 INFO  client.GrpcClientProtocolClient (GrpcClientProtocolClient.java:onNext(254)) - client-C0E347E82FC5->e6065258-5a2c-4a72-9f81-ed1321f551ca: receive RaftClientReply:client-C0E347E82FC5->e6065258-5a2c-4a72-9f81-ed1321f551ca@group-13364FE26125, cid=367, SUCCESS, logIndex=636, commits[e6065258-5a2c-4a72-9f81-ed1321f551ca:c636]
2019-06-14 09:09:27,478 INFO  client.GrpcClientProtocolClient (GrpcClientProtocolClient.java:onNext(254)) - client-C0E347E82FC5->e6065258-5a2c-4a72-9f81-ed1321f551ca: receive RaftClientReply:client-C0E347E82FC5->e6065258-5a2c-4a72-9f81-ed1321f551ca@group-13364FE26125, cid=368, SUCCESS, logIndex=639, commits[e6065258-5a2c-4a72-9f81-ed1321f551ca:c639]
2019-06-14 09:09:27,489 INFO  client.GrpcClientProtocolClient (GrpcClientProtocolClient.java:onNext(254)) - client-C0E347E82FC5->e6065258-5a2c-4a72-9f81-ed1321f551ca: receive RaftClientReply:client-C0E347E82FC5->e6065258-5a2c-4a72-9f81-ed1321f551ca@group-13364FE26125, cid=369, SUCCESS, logIndex=641, commits[e6065258-5a2c-4a72-9f81-ed1321f551ca:c641]
2019-06-14 09:09:27,491 INFO  client.GrpcClientProtocolClient (GrpcClientProtocolClient.java:onNext(254)) - client-C0E347E82FC5->e6065258-5a2c-4a72-9f81-ed1321f551ca: receive RaftClientReply:client-C0E347E82FC5->e6065258-5a2c-4a72-9f81-ed1321f551ca@group-13364FE26125, cid=370, SUCCESS, logIndex=643, commits[e6065258-5a2c-4a72-9f81-ed1321f551ca:c643]
2019-06-14 09:09:27,492 INFO  client.GrpcClientProtocolClient (GrpcClientProtocolClient.java:onNext(254)) - client-C0E347E82FC5->e6065258-5a2c-4a72-9f81-ed1321f551ca: receive RaftClientReply:client-C0E347E82FC5->e6065258-5a2c-4a72-9f81-ed1321f551ca@group-13364FE26125, cid=371, SUCCESS, logIndex=644, commits[e6065258-5a2c-4a72-9f81-ed1321f551ca:c644]
2019-06-14 09:09:27,493 INFO  client.GrpcClientProtocolClient (GrpcClientProtocolClient.java:onNext(254)) - client-C0E347E82FC5->e6065258-5a2c-4a72-9f81-ed1321f551ca: receive RaftClientReply:client-C0E347E82FC5->e6065258-5a2c-4a72-9f81-ed1321f551ca@group-13364FE26125, cid=372, SUCCESS, logIndex=646, commits[e6065258-5a2c-4a72-9f81-ed1321f551ca:c647]
2019-06-14 09:09:27,500 INFO  client.GrpcClientProtocolClient (GrpcClientProtocolClient.java:onNext(254)) - client-C0E347E82FC5->e6065258-5a2c-4a72-9f81-ed1321f551ca: receive RaftClientReply:client-C0E347E82FC5->e6065258-5a2c-4a72-9f81-ed1321f551ca@group-13364FE26125, cid=373, SUCCESS, logIndex=649, commits[e6065258-5a2c-4a72-9f81-ed1321f551ca:c649]
2019-06-14 09:09:27,506 INFO  client.GrpcClientProtocolClient (GrpcClientProtocolClient.java:onNext(254)) - client-C0E347E82FC5->e6065258-5a2c-4a72-9f81-ed1321f551ca: receive RaftClientReply:client-C0E347E82FC5->e6065258-5a2c-4a72-9f81-ed1321f551ca@group-13364FE26125, cid=374, SUCCESS, logIndex=651, commits[e6065258-5a2c-4a72-9f81-ed1321f551ca:c651]
2019-06-14 09:09:27,506 INFO  client.GrpcClientProtocolClient (GrpcClientProtocolClient.java:onNext(254)) - client-C0E347E82FC5->e6065258-5a2c-4a72-9f81-ed1321f551ca: receive RaftClientReply:client-C0E347E82FC5->e6065258-5a2c-4a72-9f81-ed1321f551ca@group-13364FE26125, cid=375, SUCCESS, logIndex=652, commits[e6065258-5a2c-4a72-9f81-ed1321f551ca:c654]
2019-06-14 09:09:27,507 INFO  client.GrpcClientProtocolClient (GrpcClientProtocolClient.java:onNext(254)) - client-C0E347E82FC5->e6065258-5a2c-4a72-9f81-ed1321f551ca: receive RaftClientReply:client-C0E347E82FC5->e6065258-5a2c-4a72-9f81-ed1321f551ca@group-13364FE26125, cid=376, SUCCESS, logIndex=653, commits[e6065258-5a2c-4a72-9f81-ed1321f551ca:c654]
2019-06-14 09:09:27,517 INFO  client.GrpcClientProtocolClient (GrpcClientProtocolClient.java:onNext(254)) - client-C0E347E82FC5->e6065258-5a2c-4a72-9f81-ed1321f551ca: receive RaftClientReply:client-C0E347E82FC5->e6065258-5a2c-4a72-9f81-ed1321f551ca@group-13364FE26125, cid=377, SUCCESS, logIndex=655, commits[e6065258-5a2c-4a72-9f81-ed1321f551ca:c655]
2019-06-14 09:09:27,519 INFO  client.GrpcClientProtocolClient (GrpcClientProtocolClient.java:onNext(254)) - client-C0E347E82FC5->e6065258-5a2c-4a72-9f81-ed1321f551ca: receive RaftClientReply:client-C0E347E82FC5->e6065258-5a2c-4a72-9f81-ed1321f551ca@group-13364FE26125, cid=378, SUCCESS, logIndex=657, commits[e6065258-5a2c-4a72-9f81-ed1321f551ca:c657]
2019-06-14 09:09:27,520 INFO  client.GrpcClientProtocolClient (GrpcClientProtocolClient.java:onNext(254)) - client-C0E347E82FC5->e6065258-5a2c-4a72-9f81-ed1321f551ca: receive RaftClientReply:client-C0E347E82FC5->e6065258-5a2c-4a72-9f81-ed1321f551ca@group-13364FE26125, cid=379, SUCCESS, logIndex=658, commits[e6065258-5a2c-4a72-9f81-ed1321f551ca:c659]
2019-06-14 09:09:27,522 INFO  client.GrpcClientProtocolClient (GrpcClientProtocolClient.java:onNext(254)) - client-C0E347E82FC5->e6065258-5a2c-4a72-9f81-ed1321f551ca: receive RaftClientReply:client-C0E347E82FC5->e6065258-5a2c-4a72-9f81-ed1321f551ca@group-13364FE26125, cid=380, SUCCESS, logIndex=660, commits[e6065258-5a2c-4a72-9f81-ed1321f551ca:c660]
2019-06-14 09:09:27,529 INFO  client.GrpcClientProtocolClient (GrpcClientProtocolClient.java:onNext(254)) - client-C0E347E82FC5->e6065258-5a2c-4a72-9f81-ed1321f551ca: receive RaftClientReply:client-C0E347E82FC5->e6065258-5a2c-4a72-9f81-ed1321f551ca@group-13364FE26125, cid=381, SUCCESS, logIndex=662, commits[e6065258-5a2c-4a72-9f81-ed1321f551ca:c662]
2019-06-14 09:09:27,532 INFO  client.GrpcClientProtocolClient (GrpcClientProtocolClient.java:onNext(254)) - client-C0E347E82FC5->e6065258-5a2c-4a72-9f81-ed1321f551ca: receive RaftClientReply:client-C0E347E82FC5->e6065258-5a2c-4a72-9f81-ed1321f551ca@group-13364FE26125, cid=382, SUCCESS, logIndex=664, commits[e6065258-5a2c-4a72-9f81-ed1321f551ca:c664]
2019-06-14 09:09:27,538 INFO  client.GrpcClientProtocolClient (GrpcClientProtocolClient.java:onNext(254)) - client-C0E347E82FC5->e6065258-5a2c-4a72-9f81-ed1321f551ca: receive RaftClientReply:client-C0E347E82FC5->e6065258-5a2c-4a72-9f81-ed1321f551ca@group-13364FE26125, cid=383, SUCCESS, logIndex=665, commits[e6065258-5a2c-4a72-9f81-ed1321f551ca:c666]
2019-06-14 09:09:27,538 INFO  client.GrpcClientProtocolClient (GrpcClientProtocolClient.java:onNext(254)) - client-C0E347E82FC5->e6065258-5a2c-4a72-9f81-ed1321f551ca: receive RaftClientReply:client-C0E347E82FC5->e6065258-5a2c-4a72-9f81-ed1321f551ca@group-13364FE26125, cid=384, SUCCESS, logIndex=666, commits[e6065258-5a2c-4a72-9f81-ed1321f551ca:c668]
2019-06-14 09:09:27,548 INFO  client.GrpcClientProtocolClient (GrpcClientProtocolClient.java:onNext(254)) - client-C0E347E82FC5->e6065258-5a2c-4a72-9f81-ed1321f551ca: receive RaftClientReply:client-C0E347E82FC5->e6065258-5a2c-4a72-9f81-ed1321f551ca@group-13364FE26125, cid=385, SUCCESS, logIndex=669, commits[e6065258-5a2c-4a72-9f81-ed1321f551ca:c669]
2019-06-14 09:09:27,550 INFO  client.GrpcClientProtocolClient (GrpcClientProtocolClient.java:onNext(254)) - client-C0E347E82FC5->e6065258-5a2c-4a72-9f81-ed1321f551ca: receive RaftClientReply:client-C0E347E82FC5->e6065258-5a2c-4a72-9f81-ed1321f551ca@group-13364FE26125, cid=386, SUCCESS, logIndex=671, commits[e6065258-5a2c-4a72-9f81-ed1321f551ca:c671]
2019-06-14 09:09:27,550 INFO  storage.RaftLogWorker (RaftLogWorker.java:rollLogSegment(303)) - e6065258-5a2c-4a72-9f81-ed1321f551ca-RaftLogWorker: Rolling segment log-598_672 to index:672
2019-06-14 09:09:27,550 INFO  storage.RaftLogWorker (RaftLogWorker.java:execute(433)) - e6065258-5a2c-4a72-9f81-ed1321f551ca-RaftLogWorker: Rolled log segment from /opt/src/hadoop-ozone/integration-test/target/test-dir/MiniOzoneClusterImpl-a56da109-a1cb-4168-8966-62306f2f2d23/datanode-0/data/ratis/920138aa-6f47-4d6d-b5cc-13364fe26125/current/log_inprogress_598 to /opt/src/hadoop-ozone/integration-test/target/test-dir/MiniOzoneClusterImpl-a56da109-a1cb-4168-8966-62306f2f2d23/datanode-0/data/ratis/920138aa-6f47-4d6d-b5cc-13364fe26125/current/log_598-672
2019-06-14 09:09:27,552 DEBUG block.SCMBlockDeletingService (SCMBlockDeletingService.java:call(138)) - Running DeletedBlockTransactionScanner
2019-06-14 09:09:27,552 DEBUG block.SCMBlockDeletingService (SCMBlockDeletingService.java:call(155)) - Scanned deleted blocks log and got 0 delTX to process.
2019-06-14 09:09:27,586 INFO  storage.RaftLogWorker (RaftLogWorker.java:execute(469)) - e6065258-5a2c-4a72-9f81-ed1321f551ca-RaftLogWorker: created new log segment /opt/src/hadoop-ozone/integration-test/target/test-dir/MiniOzoneClusterImpl-a56da109-a1cb-4168-8966-62306f2f2d23/datanode-0/data/ratis/920138aa-6f47-4d6d-b5cc-13364fe26125/current/log_inprogress_673
2019-06-14 09:09:27,588 INFO  client.GrpcClientProtocolClient (GrpcClientProtocolClient.java:onNext(254)) - client-C0E347E82FC5->e6065258-5a2c-4a72-9f81-ed1321f551ca: receive RaftClientReply:client-C0E347E82FC5->e6065258-5a2c-4a72-9f81-ed1321f551ca@group-13364FE26125, cid=387, SUCCESS, logIndex=673, commits[e6065258-5a2c-4a72-9f81-ed1321f551ca:c674]
2019-06-14 09:09:27,589 INFO  client.GrpcClientProtocolClient (GrpcClientProtocolClient.java:onNext(254)) - client-C0E347E82FC5->e6065258-5a2c-4a72-9f81-ed1321f551ca: receive RaftClientReply:client-C0E347E82FC5->e6065258-5a2c-4a72-9f81-ed1321f551ca@group-13364FE26125, cid=388, SUCCESS, logIndex=674, commits[e6065258-5a2c-4a72-9f81-ed1321f551ca:c675]
2019-06-14 09:09:27,595 INFO  client.GrpcClientProtocolClient (GrpcClientProtocolClient.java:onNext(254)) - client-C0E347E82FC5->e6065258-5a2c-4a72-9f81-ed1321f551ca: receive RaftClientReply:client-C0E347E82FC5->e6065258-5a2c-4a72-9f81-ed1321f551ca@group-13364FE26125, cid=389, SUCCESS, logIndex=676, commits[e6065258-5a2c-4a72-9f81-ed1321f551ca:c676]
2019-06-14 09:09:27,598 INFO  client.GrpcClientProtocolClient (GrpcClientProtocolClient.java:onNext(254)) - client-C0E347E82FC5->e6065258-5a2c-4a72-9f81-ed1321f551ca: receive RaftClientReply:client-C0E347E82FC5->e6065258-5a2c-4a72-9f81-ed1321f551ca@group-13364FE26125, cid=390, SUCCESS, logIndex=678, commits[e6065258-5a2c-4a72-9f81-ed1321f551ca:c678]
2019-06-14 09:09:27,600 INFO  client.GrpcClientProtocolClient (GrpcClientProtocolClient.java:onNext(254)) - client-C0E347E82FC5->e6065258-5a2c-4a72-9f81-ed1321f551ca: receive RaftClientReply:client-C0E347E82FC5->e6065258-5a2c-4a72-9f81-ed1321f551ca@group-13364FE26125, cid=391, SUCCESS, logIndex=679, commits[e6065258-5a2c-4a72-9f81-ed1321f551ca:c680]
2019-06-14 09:09:27,602 INFO  client.GrpcClientProtocolClient (GrpcClientProtocolClient.java:onNext(254)) - client-C0E347E82FC5->e6065258-5a2c-4a72-9f81-ed1321f551ca: receive RaftClientReply:client-C0E347E82FC5->e6065258-5a2c-4a72-9f81-ed1321f551ca@group-13364FE26125, cid=392, SUCCESS, logIndex=680, commits[e6065258-5a2c-4a72-9f81-ed1321f551ca:c682]
2019-06-14 09:09:27,615 INFO  client.GrpcClientProtocolClient (GrpcClientProtocolClient.java:onNext(254)) - client-C0E347E82FC5->e6065258-5a2c-4a72-9f81-ed1321f551ca: receive RaftClientReply:client-C0E347E82FC5->e6065258-5a2c-4a72-9f81-ed1321f551ca@group-13364FE26125, cid=393, SUCCESS, logIndex=683, commits[e6065258-5a2c-4a72-9f81-ed1321f551ca:c683]
2019-06-14 09:09:27,620 INFO  client.GrpcClientProtocolClient (GrpcClientProtocolClient.java:onNext(254)) - client-C0E347E82FC5->e6065258-5a2c-4a72-9f81-ed1321f551ca: receive RaftClientReply:client-C0E347E82FC5->e6065258-5a2c-4a72-9f81-ed1321f551ca@group-13364FE26125, cid=394, SUCCESS, logIndex=685, commits[e6065258-5a2c-4a72-9f81-ed1321f551ca:c685]
2019-06-14 09:09:27,620 INFO  client.GrpcClientProtocolClient (GrpcClientProtocolClient.java:onNext(254)) - client-C0E347E82FC5->e6065258-5a2c-4a72-9f81-ed1321f551ca: receive RaftClientReply:client-C0E347E82FC5->e6065258-5a2c-4a72-9f81-ed1321f551ca@group-13364FE26125, cid=395, SUCCESS, logIndex=686, commits[e6065258-5a2c-4a72-9f81-ed1321f551ca:c688]
2019-06-14 09:09:27,621 INFO  client.GrpcClientProtocolClient (GrpcClientProtocolClient.java:onNext(254)) - client-C0E347E82FC5->e6065258-5a2c-4a72-9f81-ed1321f551ca: receive RaftClientReply:client-C0E347E82FC5->e6065258-5a2c-4a72-9f81-ed1321f551ca@group-13364FE26125, cid=396, SUCCESS, logIndex=688, commits[e6065258-5a2c-4a72-9f81-ed1321f551ca:c689]
2019-06-14 09:09:27,653 DEBUG block.SCMBlockDeletingService (SCMBlockDeletingService.java:call(138)) - Running DeletedBlockTransactionScanner
2019-06-14 09:09:27,653 DEBUG block.SCMBlockDeletingService (SCMBlockDeletingService.java:call(155)) - Scanned deleted blocks log and got 0 delTX to process.
2019-06-14 09:09:27,742 INFO  client.GrpcClientProtocolClient (GrpcClientProtocolClient.java:onNext(254)) - client-C0E347E82FC5->e6065258-5a2c-4a72-9f81-ed1321f551ca: receive RaftClientReply:client-C0E347E82FC5->e6065258-5a2c-4a72-9f81-ed1321f551ca@group-13364FE26125, cid=397, SUCCESS, logIndex=690, commits[e6065258-5a2c-4a72-9f81-ed1321f551ca:c690]
2019-06-14 09:09:27,745 INFO  client.GrpcClientProtocolClient (GrpcClientProtocolClient.java:onNext(254)) - client-C0E347E82FC5->e6065258-5a2c-4a72-9f81-ed1321f551ca: receive RaftClientReply:client-C0E347E82FC5->e6065258-5a2c-4a72-9f81-ed1321f551ca@group-13364FE26125, cid=398, SUCCESS, logIndex=692, commits[e6065258-5a2c-4a72-9f81-ed1321f551ca:c692]
2019-06-14 09:09:27,746 INFO  client.GrpcClientProtocolClient (GrpcClientProtocolClient.java:onNext(254)) - client-C0E347E82FC5->e6065258-5a2c-4a72-9f81-ed1321f551ca: receive RaftClientReply:client-C0E347E82FC5->e6065258-5a2c-4a72-9f81-ed1321f551ca@group-13364FE26125, cid=399, SUCCESS, logIndex=693, commits[e6065258-5a2c-4a72-9f81-ed1321f551ca:c695]
2019-06-14 09:09:27,746 INFO  client.GrpcClientProtocolClient (GrpcClientProtocolClient.java:onNext(254)) - client-C0E347E82FC5->e6065258-5a2c-4a72-9f81-ed1321f551ca: receive RaftClientReply:client-C0E347E82FC5->e6065258-5a2c-4a72-9f81-ed1321f551ca@group-13364FE26125, cid=400, SUCCESS, logIndex=694, commits[e6065258-5a2c-4a72-9f81-ed1321f551ca:c695]
2019-06-14 09:09:27,753 DEBUG block.SCMBlockDeletingService (SCMBlockDeletingService.java:call(138)) - Running DeletedBlockTransactionScanner
2019-06-14 09:09:27,753 DEBUG block.SCMBlockDeletingService (SCMBlockDeletingService.java:call(155)) - Scanned deleted blocks log and got 0 delTX to process.
2019-06-14 09:09:27,759 INFO  client.GrpcClientProtocolClient (GrpcClientProtocolClient.java:onNext(254)) - client-C0E347E82FC5->e6065258-5a2c-4a72-9f81-ed1321f551ca: receive RaftClientReply:client-C0E347E82FC5->e6065258-5a2c-4a72-9f81-ed1321f551ca@group-13364FE26125, cid=401, SUCCESS, logIndex=696, commits[e6065258-5a2c-4a72-9f81-ed1321f551ca:c696]
2019-06-14 09:09:27,761 INFO  client.GrpcClientProtocolClient (GrpcClientProtocolClient.java:onNext(254)) - client-C0E347E82FC5->e6065258-5a2c-4a72-9f81-ed1321f551ca: receive RaftClientReply:client-C0E347E82FC5->e6065258-5a2c-4a72-9f81-ed1321f551ca@group-13364FE26125, cid=402, SUCCESS, logIndex=698, commits[e6065258-5a2c-4a72-9f81-ed1321f551ca:c698]
2019-06-14 09:09:27,762 INFO  client.GrpcClientProtocolClient (GrpcClientProtocolClient.java:onNext(254)) - client-C0E347E82FC5->e6065258-5a2c-4a72-9f81-ed1321f551ca: receive RaftClientReply:client-C0E347E82FC5->e6065258-5a2c-4a72-9f81-ed1321f551ca@group-13364FE26125, cid=403, SUCCESS, logIndex=699, commits[e6065258-5a2c-4a72-9f81-ed1321f551ca:c701]
2019-06-14 09:09:27,762 INFO  client.GrpcClientProtocolClient (GrpcClientProtocolClient.java:onNext(254)) - client-C0E347E82FC5->e6065258-5a2c-4a72-9f81-ed1321f551ca: receive RaftClientReply:client-C0E347E82FC5->e6065258-5a2c-4a72-9f81-ed1321f551ca@group-13364FE26125, cid=404, SUCCESS, logIndex=701, commits[e6065258-5a2c-4a72-9f81-ed1321f551ca:c701]
2019-06-14 09:09:27,769 INFO  client.GrpcClientProtocolClient (GrpcClientProtocolClient.java:onNext(254)) - client-C0E347E82FC5->e6065258-5a2c-4a72-9f81-ed1321f551ca: receive RaftClientReply:client-C0E347E82FC5->e6065258-5a2c-4a72-9f81-ed1321f551ca@group-13364FE26125, cid=405, SUCCESS, logIndex=703, commits[e6065258-5a2c-4a72-9f81-ed1321f551ca:c703]
2019-06-14 09:09:27,771 INFO  client.GrpcClientProtocolClient (GrpcClientProtocolClient.java:onNext(254)) - client-C0E347E82FC5->e6065258-5a2c-4a72-9f81-ed1321f551ca: receive RaftClientReply:client-C0E347E82FC5->e6065258-5a2c-4a72-9f81-ed1321f551ca@group-13364FE26125, cid=406, SUCCESS, logIndex=705, commits[e6065258-5a2c-4a72-9f81-ed1321f551ca:c705]
2019-06-14 09:09:27,772 INFO  client.GrpcClientProtocolClient (GrpcClientProtocolClient.java:onNext(254)) - client-C0E347E82FC5->e6065258-5a2c-4a72-9f81-ed1321f551ca: receive RaftClientReply:client-C0E347E82FC5->e6065258-5a2c-4a72-9f81-ed1321f551ca@group-13364FE26125, cid=407, SUCCESS, logIndex=706, commits[e6065258-5a2c-4a72-9f81-ed1321f551ca:c708]
2019-06-14 09:09:27,772 INFO  client.GrpcClientProtocolClient (GrpcClientProtocolClient.java:onNext(254)) - client-C0E347E82FC5->e6065258-5a2c-4a72-9f81-ed1321f551ca: receive RaftClientReply:client-C0E347E82FC5->e6065258-5a2c-4a72-9f81-ed1321f551ca@group-13364FE26125, cid=408, SUCCESS, logIndex=707, commits[e6065258-5a2c-4a72-9f81-ed1321f551ca:c708]
2019-06-14 09:09:27,784 INFO  client.GrpcClientProtocolClient (GrpcClientProtocolClient.java:onNext(254)) - client-C0E347E82FC5->e6065258-5a2c-4a72-9f81-ed1321f551ca: receive RaftClientReply:client-C0E347E82FC5->e6065258-5a2c-4a72-9f81-ed1321f551ca@group-13364FE26125, cid=409, SUCCESS, logIndex=709, commits[e6065258-5a2c-4a72-9f81-ed1321f551ca:c709]
2019-06-14 09:09:27,787 INFO  client.GrpcClientProtocolClient (GrpcClientProtocolClient.java:onNext(254)) - client-C0E347E82FC5->e6065258-5a2c-4a72-9f81-ed1321f551ca: receive RaftClientReply:client-C0E347E82FC5->e6065258-5a2c-4a72-9f81-ed1321f551ca@group-13364FE26125, cid=410, SUCCESS, logIndex=711, commits[e6065258-5a2c-4a72-9f81-ed1321f551ca:c713]
2019-06-14 09:09:27,787 INFO  client.GrpcClientProtocolClient (GrpcClientProtocolClient.java:onNext(254)) - client-C0E347E82FC5->e6065258-5a2c-4a72-9f81-ed1321f551ca: receive RaftClientReply:client-C0E347E82FC5->e6065258-5a2c-4a72-9f81-ed1321f551ca@group-13364FE26125, cid=411, SUCCESS, logIndex=712, commits[e6065258-5a2c-4a72-9f81-ed1321f551ca:c713]
2019-06-14 09:09:27,788 INFO  client.GrpcClientProtocolClient (GrpcClientProtocolClient.java:onNext(254)) - client-C0E347E82FC5->e6065258-5a2c-4a72-9f81-ed1321f551ca: receive RaftClientReply:client-C0E347E82FC5->e6065258-5a2c-4a72-9f81-ed1321f551ca@group-13364FE26125, cid=412, SUCCESS, logIndex=713, commits[e6065258-5a2c-4a72-9f81-ed1321f551ca:c713]
2019-06-14 09:09:27,795 INFO  client.GrpcClientProtocolClient (GrpcClientProtocolClient.java:onNext(254)) - client-C0E347E82FC5->e6065258-5a2c-4a72-9f81-ed1321f551ca: receive RaftClientReply:client-C0E347E82FC5->e6065258-5a2c-4a72-9f81-ed1321f551ca@group-13364FE26125, cid=413, SUCCESS, logIndex=715, commits[e6065258-5a2c-4a72-9f81-ed1321f551ca:c715]
2019-06-14 09:09:27,799 INFO  client.GrpcClientProtocolClient (GrpcClientProtocolClient.java:onNext(254)) - client-C0E347E82FC5->e6065258-5a2c-4a72-9f81-ed1321f551ca: receive RaftClientReply:client-C0E347E82FC5->e6065258-5a2c-4a72-9f81-ed1321f551ca@group-13364FE26125, cid=414, SUCCESS, logIndex=717, commits[e6065258-5a2c-4a72-9f81-ed1321f551ca:c717]
2019-06-14 09:09:27,799 INFO  client.GrpcClientProtocolClient (GrpcClientProtocolClient.java:onNext(254)) - client-C0E347E82FC5->e6065258-5a2c-4a72-9f81-ed1321f551ca: receive RaftClientReply:client-C0E347E82FC5->e6065258-5a2c-4a72-9f81-ed1321f551ca@group-13364FE26125, cid=415, SUCCESS, logIndex=718, commits[e6065258-5a2c-4a72-9f81-ed1321f551ca:c719]
2019-06-14 09:09:27,799 INFO  client.GrpcClientProtocolClient (GrpcClientProtocolClient.java:onNext(254)) - client-C0E347E82FC5->e6065258-5a2c-4a72-9f81-ed1321f551ca: receive RaftClientReply:client-C0E347E82FC5->e6065258-5a2c-4a72-9f81-ed1321f551ca@group-13364FE26125, cid=416, SUCCESS, logIndex=719, commits[e6065258-5a2c-4a72-9f81-ed1321f551ca:c720]
2019-06-14 09:09:27,809 INFO  client.GrpcClientProtocolClient (GrpcClientProtocolClient.java:onNext(254)) - client-C0E347E82FC5->e6065258-5a2c-4a72-9f81-ed1321f551ca: receive RaftClientReply:client-C0E347E82FC5->e6065258-5a2c-4a72-9f81-ed1321f551ca@group-13364FE26125, cid=417, SUCCESS, logIndex=722, commits[e6065258-5a2c-4a72-9f81-ed1321f551ca:c722]
2019-06-14 09:09:27,811 INFO  client.GrpcClientProtocolClient (GrpcClientProtocolClient.java:onNext(254)) - client-C0E347E82FC5->e6065258-5a2c-4a72-9f81-ed1321f551ca: receive RaftClientReply:client-C0E347E82FC5->e6065258-5a2c-4a72-9f81-ed1321f551ca@group-13364FE26125, cid=418, SUCCESS, logIndex=724, commits[e6065258-5a2c-4a72-9f81-ed1321f551ca:c724]
2019-06-14 09:09:27,814 INFO  client.GrpcClientProtocolClient (GrpcClientProtocolClient.java:onNext(254)) - client-C0E347E82FC5->e6065258-5a2c-4a72-9f81-ed1321f551ca: receive RaftClientReply:client-C0E347E82FC5->e6065258-5a2c-4a72-9f81-ed1321f551ca@group-13364FE26125, cid=419, SUCCESS, logIndex=726, commits[e6065258-5a2c-4a72-9f81-ed1321f551ca:c727]
2019-06-14 09:09:27,814 INFO  client.GrpcClientProtocolClient (GrpcClientProtocolClient.java:onNext(254)) - client-C0E347E82FC5->e6065258-5a2c-4a72-9f81-ed1321f551ca: receive RaftClientReply:client-C0E347E82FC5->e6065258-5a2c-4a72-9f81-ed1321f551ca@group-13364FE26125, cid=420, SUCCESS, logIndex=727, commits[e6065258-5a2c-4a72-9f81-ed1321f551ca:c727]
2019-06-14 09:09:27,820 INFO  client.GrpcClientProtocolClient (GrpcClientProtocolClient.java:onNext(254)) - client-C0E347E82FC5->e6065258-5a2c-4a72-9f81-ed1321f551ca: receive RaftClientReply:client-C0E347E82FC5->e6065258-5a2c-4a72-9f81-ed1321f551ca@group-13364FE26125, cid=421, SUCCESS, logIndex=729, commits[e6065258-5a2c-4a72-9f81-ed1321f551ca:c729]
2019-06-14 09:09:27,822 INFO  client.GrpcClientProtocolClient (GrpcClientProtocolClient.java:onNext(254)) - client-C0E347E82FC5->e6065258-5a2c-4a72-9f81-ed1321f551ca: receive RaftClientReply:client-C0E347E82FC5->e6065258-5a2c-4a72-9f81-ed1321f551ca@group-13364FE26125, cid=422, SUCCESS, logIndex=731, commits[e6065258-5a2c-4a72-9f81-ed1321f551ca:c731]
2019-06-14 09:09:27,824 INFO  client.GrpcClientProtocolClient (GrpcClientProtocolClient.java:onNext(254)) - client-C0E347E82FC5->e6065258-5a2c-4a72-9f81-ed1321f551ca: receive RaftClientReply:client-C0E347E82FC5->e6065258-5a2c-4a72-9f81-ed1321f551ca@group-13364FE26125, cid=423, SUCCESS, logIndex=732, commits[e6065258-5a2c-4a72-9f81-ed1321f551ca:c734]
2019-06-14 09:09:27,824 INFO  client.GrpcClientProtocolClient (GrpcClientProtocolClient.java:onNext(254)) - client-C0E347E82FC5->e6065258-5a2c-4a72-9f81-ed1321f551ca: receive RaftClientReply:client-C0E347E82FC5->e6065258-5a2c-4a72-9f81-ed1321f551ca@group-13364FE26125, cid=424, SUCCESS, logIndex=733, commits[e6065258-5a2c-4a72-9f81-ed1321f551ca:c734]
2019-06-14 09:09:27,835 INFO  client.GrpcClientProtocolClient (GrpcClientProtocolClient.java:onNext(254)) - client-C0E347E82FC5->e6065258-5a2c-4a72-9f81-ed1321f551ca: receive RaftClientReply:client-C0E347E82FC5->e6065258-5a2c-4a72-9f81-ed1321f551ca@group-13364FE26125, cid=425, SUCCESS, logIndex=735, commits[e6065258-5a2c-4a72-9f81-ed1321f551ca:c735]
2019-06-14 09:09:27,838 INFO  client.GrpcClientProtocolClient (GrpcClientProtocolClient.java:onNext(254)) - client-C0E347E82FC5->e6065258-5a2c-4a72-9f81-ed1321f551ca: receive RaftClientReply:client-C0E347E82FC5->e6065258-5a2c-4a72-9f81-ed1321f551ca@group-13364FE26125, cid=426, SUCCESS, logIndex=737, commits[e6065258-5a2c-4a72-9f81-ed1321f551ca:c737]
2019-06-14 09:09:27,841 INFO  client.GrpcClientProtocolClient (GrpcClientProtocolClient.java:onNext(254)) - client-C0E347E82FC5->e6065258-5a2c-4a72-9f81-ed1321f551ca: receive RaftClientReply:client-C0E347E82FC5->e6065258-5a2c-4a72-9f81-ed1321f551ca@group-13364FE26125, cid=427, SUCCESS, logIndex=739, commits[e6065258-5a2c-4a72-9f81-ed1321f551ca:c739]
2019-06-14 09:09:27,845 INFO  client.GrpcClientProtocolClient (GrpcClientProtocolClient.java:onNext(254)) - client-C0E347E82FC5->e6065258-5a2c-4a72-9f81-ed1321f551ca: receive RaftClientReply:client-C0E347E82FC5->e6065258-5a2c-4a72-9f81-ed1321f551ca@group-13364FE26125, cid=428, SUCCESS, logIndex=740, commits[e6065258-5a2c-4a72-9f81-ed1321f551ca:c740]
2019-06-14 09:09:27,852 INFO  storage.RaftLogWorker (RaftLogWorker.java:rollLogSegment(303)) - e6065258-5a2c-4a72-9f81-ed1321f551ca-RaftLogWorker: Rolling segment log-673_744 to index:744
2019-06-14 09:09:27,852 INFO  client.GrpcClientProtocolClient (GrpcClientProtocolClient.java:onNext(254)) - client-C0E347E82FC5->e6065258-5a2c-4a72-9f81-ed1321f551ca: receive RaftClientReply:client-C0E347E82FC5->e6065258-5a2c-4a72-9f81-ed1321f551ca@group-13364FE26125, cid=429, SUCCESS, logIndex=743, commits[e6065258-5a2c-4a72-9f81-ed1321f551ca:c743]
2019-06-14 09:09:27,852 INFO  storage.RaftLogWorker (RaftLogWorker.java:execute(433)) - e6065258-5a2c-4a72-9f81-ed1321f551ca-RaftLogWorker: Rolled log segment from /opt/src/hadoop-ozone/integration-test/target/test-dir/MiniOzoneClusterImpl-a56da109-a1cb-4168-8966-62306f2f2d23/datanode-0/data/ratis/920138aa-6f47-4d6d-b5cc-13364fe26125/current/log_inprogress_673 to /opt/src/hadoop-ozone/integration-test/target/test-dir/MiniOzoneClusterImpl-a56da109-a1cb-4168-8966-62306f2f2d23/datanode-0/data/ratis/920138aa-6f47-4d6d-b5cc-13364fe26125/current/log_673-744
2019-06-14 09:09:27,854 DEBUG block.SCMBlockDeletingService (SCMBlockDeletingService.java:call(138)) - Running DeletedBlockTransactionScanner
2019-06-14 09:09:27,854 DEBUG block.SCMBlockDeletingService (SCMBlockDeletingService.java:call(155)) - Scanned deleted blocks log and got 0 delTX to process.
2019-06-14 09:09:27,888 INFO  storage.RaftLogWorker (RaftLogWorker.java:execute(469)) - e6065258-5a2c-4a72-9f81-ed1321f551ca-RaftLogWorker: created new log segment /opt/src/hadoop-ozone/integration-test/target/test-dir/MiniOzoneClusterImpl-a56da109-a1cb-4168-8966-62306f2f2d23/datanode-0/data/ratis/920138aa-6f47-4d6d-b5cc-13364fe26125/current/log_inprogress_745
2019-06-14 09:09:27,891 INFO  client.GrpcClientProtocolClient (GrpcClientProtocolClient.java:onNext(254)) - client-C0E347E82FC5->e6065258-5a2c-4a72-9f81-ed1321f551ca: receive RaftClientReply:client-C0E347E82FC5->e6065258-5a2c-4a72-9f81-ed1321f551ca@group-13364FE26125, cid=430, SUCCESS, logIndex=745, commits[e6065258-5a2c-4a72-9f81-ed1321f551ca:c748]
2019-06-14 09:09:27,891 INFO  client.GrpcClientProtocolClient (GrpcClientProtocolClient.java:onNext(254)) - client-C0E347E82FC5->e6065258-5a2c-4a72-9f81-ed1321f551ca: receive RaftClientReply:client-C0E347E82FC5->e6065258-5a2c-4a72-9f81-ed1321f551ca@group-13364FE26125, cid=431, SUCCESS, logIndex=746, commits[e6065258-5a2c-4a72-9f81-ed1321f551ca:c748]
2019-06-14 09:09:27,892 INFO  client.GrpcClientProtocolClient (GrpcClientProtocolClient.java:onNext(254)) - client-C0E347E82FC5->e6065258-5a2c-4a72-9f81-ed1321f551ca: receive RaftClientReply:client-C0E347E82FC5->e6065258-5a2c-4a72-9f81-ed1321f551ca@group-13364FE26125, cid=432, SUCCESS, logIndex=747, commits[e6065258-5a2c-4a72-9f81-ed1321f551ca:c748]
2019-06-14 09:09:27,903 INFO  client.GrpcClientProtocolClient (GrpcClientProtocolClient.java:onNext(254)) - client-C0E347E82FC5->e6065258-5a2c-4a72-9f81-ed1321f551ca: receive RaftClientReply:client-C0E347E82FC5->e6065258-5a2c-4a72-9f81-ed1321f551ca@group-13364FE26125, cid=433, SUCCESS, logIndex=749, commits[e6065258-5a2c-4a72-9f81-ed1321f551ca:c749]
2019-06-14 09:09:27,906 INFO  client.GrpcClientProtocolClient (GrpcClientProtocolClient.java:onNext(254)) - client-C0E347E82FC5->e6065258-5a2c-4a72-9f81-ed1321f551ca: receive RaftClientReply:client-C0E347E82FC5->e6065258-5a2c-4a72-9f81-ed1321f551ca@group-13364FE26125, cid=434, SUCCESS, logIndex=751, commits[e6065258-5a2c-4a72-9f81-ed1321f551ca:c753]
2019-06-14 09:09:27,906 INFO  client.GrpcClientProtocolClient (GrpcClientProtocolClient.java:onNext(254)) - client-C0E347E82FC5->e6065258-5a2c-4a72-9f81-ed1321f551ca: receive RaftClientReply:client-C0E347E82FC5->e6065258-5a2c-4a72-9f81-ed1321f551ca@group-13364FE26125, cid=435, SUCCESS, logIndex=752, commits[e6065258-5a2c-4a72-9f81-ed1321f551ca:c754]
2019-06-14 09:09:27,906 INFO  client.GrpcClientProtocolClient (GrpcClientProtocolClient.java:onNext(254)) - client-C0E347E82FC5->e6065258-5a2c-4a72-9f81-ed1321f551ca: receive RaftClientReply:client-C0E347E82FC5->e6065258-5a2c-4a72-9f81-ed1321f551ca@group-13364FE26125, cid=436, SUCCESS, logIndex=753, commits[e6065258-5a2c-4a72-9f81-ed1321f551ca:c754]
2019-06-14 09:09:27,913 INFO  client.GrpcClientProtocolClient (GrpcClientProtocolClient.java:onNext(254)) - client-C0E347E82FC5->e6065258-5a2c-4a72-9f81-ed1321f551ca: receive RaftClientReply:client-C0E347E82FC5->e6065258-5a2c-4a72-9f81-ed1321f551ca@group-13364FE26125, cid=437, SUCCESS, logIndex=755, commits[e6065258-5a2c-4a72-9f81-ed1321f551ca:c755]
2019-06-14 09:09:27,915 INFO  client.GrpcClientProtocolClient (GrpcClientProtocolClient.java:onNext(254)) - client-C0E347E82FC5->e6065258-5a2c-4a72-9f81-ed1321f551ca: receive RaftClientReply:client-C0E347E82FC5->e6065258-5a2c-4a72-9f81-ed1321f551ca@group-13364FE26125, cid=438, SUCCESS, logIndex=757, commits[e6065258-5a2c-4a72-9f81-ed1321f551ca:c757]
2019-06-14 09:09:27,916 INFO  client.GrpcClientProtocolClient (GrpcClientProtocolClient.java:onNext(254)) - client-C0E347E82FC5->e6065258-5a2c-4a72-9f81-ed1321f551ca: receive RaftClientReply:client-C0E347E82FC5->e6065258-5a2c-4a72-9f81-ed1321f551ca@group-13364FE26125, cid=439, SUCCESS, logIndex=758, commits[e6065258-5a2c-4a72-9f81-ed1321f551ca:c760]
2019-06-14 09:09:27,917 INFO  client.GrpcClientProtocolClient (GrpcClientProtocolClient.java:onNext(254)) - client-C0E347E82FC5->e6065258-5a2c-4a72-9f81-ed1321f551ca: receive RaftClientReply:client-C0E347E82FC5->e6065258-5a2c-4a72-9f81-ed1321f551ca@group-13364FE26125, cid=440, SUCCESS, logIndex=760, commits[e6065258-5a2c-4a72-9f81-ed1321f551ca:c760]
2019-06-14 09:09:27,926 INFO  client.GrpcClientProtocolClient (GrpcClientProtocolClient.java:onNext(254)) - client-C0E347E82FC5->e6065258-5a2c-4a72-9f81-ed1321f551ca: receive RaftClientReply:client-C0E347E82FC5->e6065258-5a2c-4a72-9f81-ed1321f551ca@group-13364FE26125, cid=441, SUCCESS, logIndex=762, commits[e6065258-5a2c-4a72-9f81-ed1321f551ca:c762]
2019-06-14 09:09:27,928 INFO  client.GrpcClientProtocolClient (GrpcClientProtocolClient.java:onNext(254)) - client-C0E347E82FC5->e6065258-5a2c-4a72-9f81-ed1321f551ca: receive RaftClientReply:client-C0E347E82FC5->e6065258-5a2c-4a72-9f81-ed1321f551ca@group-13364FE26125, cid=442, SUCCESS, logIndex=764, commits[e6065258-5a2c-4a72-9f81-ed1321f551ca:c764]
2019-06-14 09:09:27,954 DEBUG block.SCMBlockDeletingService (SCMBlockDeletingService.java:call(138)) - Running DeletedBlockTransactionScanner
2019-06-14 09:09:27,954 DEBUG block.SCMBlockDeletingService (SCMBlockDeletingService.java:call(155)) - Scanned deleted blocks log and got 0 delTX to process.
2019-06-14 09:09:28,002 INFO  client.GrpcClientProtocolClient (GrpcClientProtocolClient.java:onNext(254)) - client-C0E347E82FC5->e6065258-5a2c-4a72-9f81-ed1321f551ca: receive RaftClientReply:client-C0E347E82FC5->e6065258-5a2c-4a72-9f81-ed1321f551ca@group-13364FE26125, cid=443, SUCCESS, logIndex=766, commits[e6065258-5a2c-4a72-9f81-ed1321f551ca:c766]
2019-06-14 09:09:28,004 INFO  client.GrpcClientProtocolClient (GrpcClientProtocolClient.java:onNext(254)) - client-C0E347E82FC5->e6065258-5a2c-4a72-9f81-ed1321f551ca: receive RaftClientReply:client-C0E347E82FC5->e6065258-5a2c-4a72-9f81-ed1321f551ca@group-13364FE26125, cid=444, SUCCESS, logIndex=768, commits[e6065258-5a2c-4a72-9f81-ed1321f551ca:c768]
2019-06-14 09:09:28,013 INFO  client.GrpcClientProtocolClient (GrpcClientProtocolClient.java:onNext(254)) - client-C0E347E82FC5->e6065258-5a2c-4a72-9f81-ed1321f551ca: receive RaftClientReply:client-C0E347E82FC5->e6065258-5a2c-4a72-9f81-ed1321f551ca@group-13364FE26125, cid=445, SUCCESS, logIndex=770, commits[e6065258-5a2c-4a72-9f81-ed1321f551ca:c770]
2019-06-14 09:09:28,014 INFO  client.GrpcClientProtocolClient (GrpcClientProtocolClient.java:onNext(254)) - client-C0E347E82FC5->e6065258-5a2c-4a72-9f81-ed1321f551ca: receive RaftClientReply:client-C0E347E82FC5->e6065258-5a2c-4a72-9f81-ed1321f551ca@group-13364FE26125, cid=446, SUCCESS, logIndex=772, commits[e6065258-5a2c-4a72-9f81-ed1321f551ca:c773]
2019-06-14 09:09:28,018 INFO  client.GrpcClientProtocolClient (GrpcClientProtocolClient.java:onNext(254)) - client-C0E347E82FC5->e6065258-5a2c-4a72-9f81-ed1321f551ca: receive RaftClientReply:client-C0E347E82FC5->e6065258-5a2c-4a72-9f81-ed1321f551ca@group-13364FE26125, cid=447, SUCCESS, logIndex=774, commits[e6065258-5a2c-4a72-9f81-ed1321f551ca:c774]
2019-06-14 09:09:28,020 INFO  client.GrpcClientProtocolClient (GrpcClientProtocolClient.java:onNext(254)) - client-C0E347E82FC5->e6065258-5a2c-4a72-9f81-ed1321f551ca: receive RaftClientReply:client-C0E347E82FC5->e6065258-5a2c-4a72-9f81-ed1321f551ca@group-13364FE26125, cid=448, SUCCESS, logIndex=776, commits[e6065258-5a2c-4a72-9f81-ed1321f551ca:c776]
2019-06-14 09:09:28,034 INFO  client.GrpcClientProtocolClient (GrpcClientProtocolClient.java:onNext(254)) - client-C0E347E82FC5->e6065258-5a2c-4a72-9f81-ed1321f551ca: receive RaftClientReply:client-C0E347E82FC5->e6065258-5a2c-4a72-9f81-ed1321f551ca@group-13364FE26125, cid=449, SUCCESS, logIndex=778, commits[e6065258-5a2c-4a72-9f81-ed1321f551ca:c778]
2019-06-14 09:09:28,036 INFO  client.GrpcClientProtocolClient (GrpcClientProtocolClient.java:onNext(254)) - client-C0E347E82FC5->e6065258-5a2c-4a72-9f81-ed1321f551ca: receive RaftClientReply:client-C0E347E82FC5->e6065258-5a2c-4a72-9f81-ed1321f551ca@group-13364FE26125, cid=450, SUCCESS, logIndex=780, commits[e6065258-5a2c-4a72-9f81-ed1321f551ca:c780]
2019-06-14 09:09:28,037 INFO  client.GrpcClientProtocolClient (GrpcClientProtocolClient.java:onNext(254)) - client-C0E347E82FC5->e6065258-5a2c-4a72-9f81-ed1321f551ca: receive RaftClientReply:client-C0E347E82FC5->e6065258-5a2c-4a72-9f81-ed1321f551ca@group-13364FE26125, cid=451, SUCCESS, logIndex=781, commits[e6065258-5a2c-4a72-9f81-ed1321f551ca:c782]
2019-06-14 09:09:28,037 INFO  client.GrpcClientProtocolClient (GrpcClientProtocolClient.java:onNext(254)) - client-C0E347E82FC5->e6065258-5a2c-4a72-9f81-ed1321f551ca: receive RaftClientReply:client-C0E347E82FC5->e6065258-5a2c-4a72-9f81-ed1321f551ca@group-13364FE26125, cid=452, SUCCESS, logIndex=782, commits[e6065258-5a2c-4a72-9f81-ed1321f551ca:c782]
2019-06-14 09:09:28,050 INFO  client.GrpcClientProtocolClient (GrpcClientProtocolClient.java:onNext(254)) - client-C0E347E82FC5->e6065258-5a2c-4a72-9f81-ed1321f551ca: receive RaftClientReply:client-C0E347E82FC5->e6065258-5a2c-4a72-9f81-ed1321f551ca@group-13364FE26125, cid=453, SUCCESS, logIndex=785, commits[e6065258-5a2c-4a72-9f81-ed1321f551ca:c785]
2019-06-14 09:09:28,055 DEBUG block.SCMBlockDeletingService (SCMBlockDeletingService.java:call(138)) - Running DeletedBlockTransactionScanner
2019-06-14 09:09:28,056 DEBUG block.SCMBlockDeletingService (SCMBlockDeletingService.java:call(155)) - Scanned deleted blocks log and got 0 delTX to process.
2019-06-14 09:09:28,056 INFO  client.GrpcClientProtocolClient (GrpcClientProtocolClient.java:onNext(254)) - client-C0E347E82FC5->e6065258-5a2c-4a72-9f81-ed1321f551ca: receive RaftClientReply:client-C0E347E82FC5->e6065258-5a2c-4a72-9f81-ed1321f551ca@group-13364FE26125, cid=454, SUCCESS, logIndex=787, commits[e6065258-5a2c-4a72-9f81-ed1321f551ca:c787]
2019-06-14 09:09:28,063 INFO  client.GrpcClientProtocolClient (GrpcClientProtocolClient.java:onNext(254)) - client-C0E347E82FC5->e6065258-5a2c-4a72-9f81-ed1321f551ca: receive RaftClientReply:client-C0E347E82FC5->e6065258-5a2c-4a72-9f81-ed1321f551ca@group-13364FE26125, cid=455, SUCCESS, logIndex=788, commits[e6065258-5a2c-4a72-9f81-ed1321f551ca:c789]
2019-06-14 09:09:28,064 INFO  client.GrpcClientProtocolClient (GrpcClientProtocolClient.java:onNext(254)) - client-C0E347E82FC5->e6065258-5a2c-4a72-9f81-ed1321f551ca: receive RaftClientReply:client-C0E347E82FC5->e6065258-5a2c-4a72-9f81-ed1321f551ca@group-13364FE26125, cid=456, SUCCESS, logIndex=790, commits[e6065258-5a2c-4a72-9f81-ed1321f551ca:c790]
2019-06-14 09:09:28,084 INFO  client.GrpcClientProtocolClient (GrpcClientProtocolClient.java:onNext(254)) - client-C0E347E82FC5->e6065258-5a2c-4a72-9f81-ed1321f551ca: receive RaftClientReply:client-C0E347E82FC5->e6065258-5a2c-4a72-9f81-ed1321f551ca@group-13364FE26125, cid=457, SUCCESS, logIndex=792, commits[e6065258-5a2c-4a72-9f81-ed1321f551ca:c792]
2019-06-14 09:09:28,091 INFO  client.GrpcClientProtocolClient (GrpcClientProtocolClient.java:onNext(254)) - client-C0E347E82FC5->e6065258-5a2c-4a72-9f81-ed1321f551ca: receive RaftClientReply:client-C0E347E82FC5->e6065258-5a2c-4a72-9f81-ed1321f551ca@group-13364FE26125, cid=458, SUCCESS, logIndex=794, commits[e6065258-5a2c-4a72-9f81-ed1321f551ca:c795]
2019-06-14 09:09:28,093 INFO  client.GrpcClientProtocolClient (GrpcClientProtocolClient.java:onNext(254)) - client-C0E347E82FC5->e6065258-5a2c-4a72-9f81-ed1321f551ca: receive RaftClientReply:client-C0E347E82FC5->e6065258-5a2c-4a72-9f81-ed1321f551ca@group-13364FE26125, cid=459, SUCCESS, logIndex=796, commits[e6065258-5a2c-4a72-9f81-ed1321f551ca:c797]
2019-06-14 09:09:28,093 INFO  client.GrpcClientProtocolClient (GrpcClientProtocolClient.java:onNext(254)) - client-C0E347E82FC5->e6065258-5a2c-4a72-9f81-ed1321f551ca: receive RaftClientReply:client-C0E347E82FC5->e6065258-5a2c-4a72-9f81-ed1321f551ca@group-13364FE26125, cid=460, SUCCESS, logIndex=797, commits[e6065258-5a2c-4a72-9f81-ed1321f551ca:c797]
2019-06-14 09:09:28,105 INFO  client.GrpcClientProtocolClient (GrpcClientProtocolClient.java:onNext(254)) - client-C0E347E82FC5->e6065258-5a2c-4a72-9f81-ed1321f551ca: receive RaftClientReply:client-C0E347E82FC5->e6065258-5a2c-4a72-9f81-ed1321f551ca@group-13364FE26125, cid=461, SUCCESS, logIndex=799, commits[e6065258-5a2c-4a72-9f81-ed1321f551ca:c799]
2019-06-14 09:09:28,111 INFO  client.GrpcClientProtocolClient (GrpcClientProtocolClient.java:onNext(254)) - client-C0E347E82FC5->e6065258-5a2c-4a72-9f81-ed1321f551ca: receive RaftClientReply:client-C0E347E82FC5->e6065258-5a2c-4a72-9f81-ed1321f551ca@group-13364FE26125, cid=462, SUCCESS, logIndex=801, commits[e6065258-5a2c-4a72-9f81-ed1321f551ca:c803]
2019-06-14 09:09:28,111 INFO  client.GrpcClientProtocolClient (GrpcClientProtocolClient.java:onNext(254)) - client-C0E347E82FC5->e6065258-5a2c-4a72-9f81-ed1321f551ca: receive RaftClientReply:client-C0E347E82FC5->e6065258-5a2c-4a72-9f81-ed1321f551ca@group-13364FE26125, cid=463, SUCCESS, logIndex=802, commits[e6065258-5a2c-4a72-9f81-ed1321f551ca:c803]
2019-06-14 09:09:28,112 INFO  client.GrpcClientProtocolClient (GrpcClientProtocolClient.java:onNext(254)) - client-C0E347E82FC5->e6065258-5a2c-4a72-9f81-ed1321f551ca: receive RaftClientReply:client-C0E347E82FC5->e6065258-5a2c-4a72-9f81-ed1321f551ca@group-13364FE26125, cid=464, SUCCESS, logIndex=803, commits[e6065258-5a2c-4a72-9f81-ed1321f551ca:c803]
2019-06-14 09:09:28,131 INFO  client.GrpcClientProtocolClient (GrpcClientProtocolClient.java:onNext(254)) - client-C0E347E82FC5->e6065258-5a2c-4a72-9f81-ed1321f551ca: receive RaftClientReply:client-C0E347E82FC5->e6065258-5a2c-4a72-9f81-ed1321f551ca@group-13364FE26125, cid=465, SUCCESS, logIndex=806, commits[e6065258-5a2c-4a72-9f81-ed1321f551ca:c806]
2019-06-14 09:09:28,134 INFO  client.GrpcClientProtocolClient (GrpcClientProtocolClient.java:onNext(254)) - client-C0E347E82FC5->e6065258-5a2c-4a72-9f81-ed1321f551ca: receive RaftClientReply:client-C0E347E82FC5->e6065258-5a2c-4a72-9f81-ed1321f551ca@group-13364FE26125, cid=466, SUCCESS, logIndex=808, commits[e6065258-5a2c-4a72-9f81-ed1321f551ca:c808]
2019-06-14 09:09:28,138 INFO  client.GrpcClientProtocolClient (GrpcClientProtocolClient.java:onNext(254)) - client-C0E347E82FC5->e6065258-5a2c-4a72-9f81-ed1321f551ca: receive RaftClientReply:client-C0E347E82FC5->e6065258-5a2c-4a72-9f81-ed1321f551ca@group-13364FE26125, cid=467, SUCCESS, logIndex=809, commits[e6065258-5a2c-4a72-9f81-ed1321f551ca:c811]
2019-06-14 09:09:28,139 INFO  client.GrpcClientProtocolClient (GrpcClientProtocolClient.java:onNext(254)) - client-C0E347E82FC5->e6065258-5a2c-4a72-9f81-ed1321f551ca: receive RaftClientReply:client-C0E347E82FC5->e6065258-5a2c-4a72-9f81-ed1321f551ca@group-13364FE26125, cid=468, SUCCESS, logIndex=811, commits[e6065258-5a2c-4a72-9f81-ed1321f551ca:c811]
2019-06-14 09:09:28,216 DEBUG block.SCMBlockDeletingService (SCMBlockDeletingService.java:call(138)) - Running DeletedBlockTransactionScanner
2019-06-14 09:09:28,216 DEBUG block.SCMBlockDeletingService (SCMBlockDeletingService.java:call(155)) - Scanned deleted blocks log and got 0 delTX to process.
2019-06-14 09:09:28,223 INFO  client.GrpcClientProtocolClient (GrpcClientProtocolClient.java:onNext(254)) - client-C0E347E82FC5->e6065258-5a2c-4a72-9f81-ed1321f551ca: receive RaftClientReply:client-C0E347E82FC5->e6065258-5a2c-4a72-9f81-ed1321f551ca@group-13364FE26125, cid=469, SUCCESS, logIndex=813, commits[e6065258-5a2c-4a72-9f81-ed1321f551ca:c813]
2019-06-14 09:09:28,224 INFO  storage.RaftLogWorker (RaftLogWorker.java:rollLogSegment(303)) - e6065258-5a2c-4a72-9f81-ed1321f551ca-RaftLogWorker: Rolling segment log-745_816 to index:816
2019-06-14 09:09:28,226 INFO  storage.RaftLogWorker (RaftLogWorker.java:execute(433)) - e6065258-5a2c-4a72-9f81-ed1321f551ca-RaftLogWorker: Rolled log segment from /opt/src/hadoop-ozone/integration-test/target/test-dir/MiniOzoneClusterImpl-a56da109-a1cb-4168-8966-62306f2f2d23/datanode-0/data/ratis/920138aa-6f47-4d6d-b5cc-13364fe26125/current/log_inprogress_745 to /opt/src/hadoop-ozone/integration-test/target/test-dir/MiniOzoneClusterImpl-a56da109-a1cb-4168-8966-62306f2f2d23/datanode-0/data/ratis/920138aa-6f47-4d6d-b5cc-13364fe26125/current/log_745-816
2019-06-14 09:09:28,230 INFO  client.GrpcClientProtocolClient (GrpcClientProtocolClient.java:onNext(254)) - client-C0E347E82FC5->e6065258-5a2c-4a72-9f81-ed1321f551ca: receive RaftClientReply:client-C0E347E82FC5->e6065258-5a2c-4a72-9f81-ed1321f551ca@group-13364FE26125, cid=470, SUCCESS, logIndex=815, commits[e6065258-5a2c-4a72-9f81-ed1321f551ca:c815]
2019-06-14 09:09:28,234 INFO  client.GrpcClientProtocolClient (GrpcClientProtocolClient.java:onNext(254)) - client-C0E347E82FC5->e6065258-5a2c-4a72-9f81-ed1321f551ca: receive RaftClientReply:client-C0E347E82FC5->e6065258-5a2c-4a72-9f81-ed1321f551ca@group-13364FE26125, cid=471, SUCCESS, logIndex=816, commits[e6065258-5a2c-4a72-9f81-ed1321f551ca:c816]
2019-06-14 09:09:28,272 INFO  storage.RaftLogWorker (RaftLogWorker.java:execute(469)) - e6065258-5a2c-4a72-9f81-ed1321f551ca-RaftLogWorker: created new log segment /opt/src/hadoop-ozone/integration-test/target/test-dir/MiniOzoneClusterImpl-a56da109-a1cb-4168-8966-62306f2f2d23/datanode-0/data/ratis/920138aa-6f47-4d6d-b5cc-13364fe26125/current/log_inprogress_817
2019-06-14 09:09:28,275 INFO  client.GrpcClientProtocolClient (GrpcClientProtocolClient.java:onNext(254)) - client-C0E347E82FC5->e6065258-5a2c-4a72-9f81-ed1321f551ca: receive RaftClientReply:client-C0E347E82FC5->e6065258-5a2c-4a72-9f81-ed1321f551ca@group-13364FE26125, cid=472, SUCCESS, logIndex=817, commits[e6065258-5a2c-4a72-9f81-ed1321f551ca:c819]
2019-06-14 09:09:28,290 INFO  client.GrpcClientProtocolClient (GrpcClientProtocolClient.java:onNext(254)) - client-C0E347E82FC5->e6065258-5a2c-4a72-9f81-ed1321f551ca: receive RaftClientReply:client-C0E347E82FC5->e6065258-5a2c-4a72-9f81-ed1321f551ca@group-13364FE26125, cid=473, SUCCESS, logIndex=820, commits[e6065258-5a2c-4a72-9f81-ed1321f551ca:c820]
2019-06-14 09:09:28,294 INFO  client.GrpcClientProtocolClient (GrpcClientProtocolClient.java:onNext(254)) - client-C0E347E82FC5->e6065258-5a2c-4a72-9f81-ed1321f551ca: receive RaftClientReply:client-C0E347E82FC5->e6065258-5a2c-4a72-9f81-ed1321f551ca@group-13364FE26125, cid=474, SUCCESS, logIndex=822, commits[e6065258-5a2c-4a72-9f81-ed1321f551ca:c822]
2019-06-14 09:09:28,301 INFO  client.GrpcClientProtocolClient (GrpcClientProtocolClient.java:onNext(254)) - client-C0E347E82FC5->e6065258-5a2c-4a72-9f81-ed1321f551ca: receive RaftClientReply:client-C0E347E82FC5->e6065258-5a2c-4a72-9f81-ed1321f551ca@group-13364FE26125, cid=475, SUCCESS, logIndex=824, commits[e6065258-5a2c-4a72-9f81-ed1321f551ca:c824]
2019-06-14 09:09:28,303 INFO  client.GrpcClientProtocolClient (GrpcClientProtocolClient.java:onNext(254)) - client-C0E347E82FC5->e6065258-5a2c-4a72-9f81-ed1321f551ca: receive RaftClientReply:client-C0E347E82FC5->e6065258-5a2c-4a72-9f81-ed1321f551ca@group-13364FE26125, cid=476, SUCCESS, logIndex=826, commits[e6065258-5a2c-4a72-9f81-ed1321f551ca:c826]
2019-06-14 09:09:28,317 DEBUG block.SCMBlockDeletingService (SCMBlockDeletingService.java:call(138)) - Running DeletedBlockTransactionScanner
2019-06-14 09:09:28,317 DEBUG block.SCMBlockDeletingService (SCMBlockDeletingService.java:call(155)) - Scanned deleted blocks log and got 0 delTX to process.
2019-06-14 09:09:28,327 INFO  client.GrpcClientProtocolClient (GrpcClientProtocolClient.java:onNext(254)) - client-C0E347E82FC5->e6065258-5a2c-4a72-9f81-ed1321f551ca: receive RaftClientReply:client-C0E347E82FC5->e6065258-5a2c-4a72-9f81-ed1321f551ca@group-13364FE26125, cid=477, SUCCESS, logIndex=828, commits[e6065258-5a2c-4a72-9f81-ed1321f551ca:c829]
2019-06-14 09:09:28,329 INFO  client.GrpcClientProtocolClient (GrpcClientProtocolClient.java:onNext(254)) - client-C0E347E82FC5->e6065258-5a2c-4a72-9f81-ed1321f551ca: receive RaftClientReply:client-C0E347E82FC5->e6065258-5a2c-4a72-9f81-ed1321f551ca@group-13364FE26125, cid=478, SUCCESS, logIndex=830, commits[e6065258-5a2c-4a72-9f81-ed1321f551ca:c830]
2019-06-14 09:09:28,333 INFO  client.GrpcClientProtocolClient (GrpcClientProtocolClient.java:onNext(254)) - client-C0E347E82FC5->e6065258-5a2c-4a72-9f81-ed1321f551ca: receive RaftClientReply:client-C0E347E82FC5->e6065258-5a2c-4a72-9f81-ed1321f551ca@group-13364FE26125, cid=479, SUCCESS, logIndex=831, commits[e6065258-5a2c-4a72-9f81-ed1321f551ca:c833]
2019-06-14 09:09:28,333 INFO  client.GrpcClientProtocolClient (GrpcClientProtocolClient.java:onNext(254)) - client-C0E347E82FC5->e6065258-5a2c-4a72-9f81-ed1321f551ca: receive RaftClientReply:client-C0E347E82FC5->e6065258-5a2c-4a72-9f81-ed1321f551ca@group-13364FE26125, cid=480, SUCCESS, logIndex=832, commits[e6065258-5a2c-4a72-9f81-ed1321f551ca:c833]
2019-06-14 09:09:28,350 INFO  client.GrpcClientProtocolClient (GrpcClientProtocolClient.java:onNext(254)) - client-C0E347E82FC5->e6065258-5a2c-4a72-9f81-ed1321f551ca: receive RaftClientReply:client-C0E347E82FC5->e6065258-5a2c-4a72-9f81-ed1321f551ca@group-13364FE26125, cid=481, SUCCESS, logIndex=834, commits[e6065258-5a2c-4a72-9f81-ed1321f551ca:c834]
2019-06-14 09:09:28,352 INFO  client.GrpcClientProtocolClient (GrpcClientProtocolClient.java:onNext(254)) - client-C0E347E82FC5->e6065258-5a2c-4a72-9f81-ed1321f551ca: receive RaftClientReply:client-C0E347E82FC5->e6065258-5a2c-4a72-9f81-ed1321f551ca@group-13364FE26125, cid=482, SUCCESS, logIndex=836, commits[e6065258-5a2c-4a72-9f81-ed1321f551ca:c836]
2019-06-14 09:09:28,355 INFO  client.GrpcClientProtocolClient (GrpcClientProtocolClient.java:onNext(254)) - client-C0E347E82FC5->e6065258-5a2c-4a72-9f81-ed1321f551ca: receive RaftClientReply:client-C0E347E82FC5->e6065258-5a2c-4a72-9f81-ed1321f551ca@group-13364FE26125, cid=483, SUCCESS, logIndex=838, commits[e6065258-5a2c-4a72-9f81-ed1321f551ca:c838]
2019-06-14 09:09:28,361 INFO  client.GrpcClientProtocolClient (GrpcClientProtocolClient.java:onNext(254)) - client-C0E347E82FC5->e6065258-5a2c-4a72-9f81-ed1321f551ca: receive RaftClientReply:client-C0E347E82FC5->e6065258-5a2c-4a72-9f81-ed1321f551ca@group-13364FE26125, cid=484, SUCCESS, logIndex=839, commits[e6065258-5a2c-4a72-9f81-ed1321f551ca:c839]
2019-06-14 09:09:28,374 INFO  client.GrpcClientProtocolClient (GrpcClientProtocolClient.java:onNext(254)) - client-C0E347E82FC5->e6065258-5a2c-4a72-9f81-ed1321f551ca: receive RaftClientReply:client-C0E347E82FC5->e6065258-5a2c-4a72-9f81-ed1321f551ca@group-13364FE26125, cid=485, SUCCESS, logIndex=842, commits[e6065258-5a2c-4a72-9f81-ed1321f551ca:c842]
2019-06-14 09:09:28,382 INFO  client.GrpcClientProtocolClient (GrpcClientProtocolClient.java:onNext(254)) - client-C0E347E82FC5->e6065258-5a2c-4a72-9f81-ed1321f551ca: receive RaftClientReply:client-C0E347E82FC5->e6065258-5a2c-4a72-9f81-ed1321f551ca@group-13364FE26125, cid=486, SUCCESS, logIndex=844, commits[e6065258-5a2c-4a72-9f81-ed1321f551ca:c844]
2019-06-14 09:09:28,417 DEBUG block.SCMBlockDeletingService (SCMBlockDeletingService.java:call(138)) - Running DeletedBlockTransactionScanner
2019-06-14 09:09:28,417 DEBUG block.SCMBlockDeletingService (SCMBlockDeletingService.java:call(155)) - Scanned deleted blocks log and got 0 delTX to process.
2019-06-14 09:09:28,446 INFO  client.GrpcClientProtocolClient (GrpcClientProtocolClient.java:onNext(254)) - client-C0E347E82FC5->e6065258-5a2c-4a72-9f81-ed1321f551ca: receive RaftClientReply:client-C0E347E82FC5->e6065258-5a2c-4a72-9f81-ed1321f551ca@group-13364FE26125, cid=487, SUCCESS, logIndex=846, commits[e6065258-5a2c-4a72-9f81-ed1321f551ca:c846]
2019-06-14 09:09:28,448 INFO  client.GrpcClientProtocolClient (GrpcClientProtocolClient.java:onNext(254)) - client-C0E347E82FC5->e6065258-5a2c-4a72-9f81-ed1321f551ca: receive RaftClientReply:client-C0E347E82FC5->e6065258-5a2c-4a72-9f81-ed1321f551ca@group-13364FE26125, cid=488, SUCCESS, logIndex=848, commits[e6065258-5a2c-4a72-9f81-ed1321f551ca:c848]
2019-06-14 09:09:28,464 INFO  client.GrpcClientProtocolClient (GrpcClientProtocolClient.java:onNext(254)) - client-C0E347E82FC5->e6065258-5a2c-4a72-9f81-ed1321f551ca: receive RaftClientReply:client-C0E347E82FC5->e6065258-5a2c-4a72-9f81-ed1321f551ca@group-13364FE26125, cid=489, SUCCESS, logIndex=850, commits[e6065258-5a2c-4a72-9f81-ed1321f551ca:c851]
2019-06-14 09:09:28,484 INFO  client.GrpcClientProtocolClient (GrpcClientProtocolClient.java:onNext(254)) - client-C0E347E82FC5->e6065258-5a2c-4a72-9f81-ed1321f551ca: receive RaftClientReply:client-C0E347E82FC5->e6065258-5a2c-4a72-9f81-ed1321f551ca@group-13364FE26125, cid=490, SUCCESS, logIndex=852, commits[e6065258-5a2c-4a72-9f81-ed1321f551ca:c856]
2019-06-14 09:09:28,486 INFO  client.GrpcClientProtocolClient (GrpcClientProtocolClient.java:onNext(254)) - client-C0E347E82FC5->e6065258-5a2c-4a72-9f81-ed1321f551ca: receive RaftClientReply:client-C0E347E82FC5->e6065258-5a2c-4a72-9f81-ed1321f551ca@group-13364FE26125, cid=491, SUCCESS, logIndex=853, commits[e6065258-5a2c-4a72-9f81-ed1321f551ca:c856]
2019-06-14 09:09:28,486 INFO  client.GrpcClientProtocolClient (GrpcClientProtocolClient.java:onNext(254)) - client-C0E347E82FC5->e6065258-5a2c-4a72-9f81-ed1321f551ca: receive RaftClientReply:client-C0E347E82FC5->e6065258-5a2c-4a72-9f81-ed1321f551ca@group-13364FE26125, cid=492, SUCCESS, logIndex=854, commits[e6065258-5a2c-4a72-9f81-ed1321f551ca:c856]
2019-06-14 09:09:28,494 INFO  client.GrpcClientProtocolClient (GrpcClientProtocolClient.java:onNext(254)) - client-C0E347E82FC5->e6065258-5a2c-4a72-9f81-ed1321f551ca: receive RaftClientReply:client-C0E347E82FC5->e6065258-5a2c-4a72-9f81-ed1321f551ca@group-13364FE26125, cid=493, SUCCESS, logIndex=857, commits[e6065258-5a2c-4a72-9f81-ed1321f551ca:c857]
2019-06-14 09:09:28,498 INFO  client.GrpcClientProtocolClient (GrpcClientProtocolClient.java:onNext(254)) - client-C0E347E82FC5->e6065258-5a2c-4a72-9f81-ed1321f551ca: receive RaftClientReply:client-C0E347E82FC5->e6065258-5a2c-4a72-9f81-ed1321f551ca@group-13364FE26125, cid=494, SUCCESS, logIndex=859, commits[e6065258-5a2c-4a72-9f81-ed1321f551ca:c859]
2019-06-14 09:09:28,501 INFO  client.GrpcClientProtocolClient (GrpcClientProtocolClient.java:onNext(254)) - client-C0E347E82FC5->e6065258-5a2c-4a72-9f81-ed1321f551ca: receive RaftClientReply:client-C0E347E82FC5->e6065258-5a2c-4a72-9f81-ed1321f551ca@group-13364FE26125, cid=495, SUCCESS, logIndex=861, commits[e6065258-5a2c-4a72-9f81-ed1321f551ca:c861]
2019-06-14 09:09:28,502 INFO  client.GrpcClientProtocolClient (GrpcClientProtocolClient.java:onNext(254)) - client-C0E347E82FC5->e6065258-5a2c-4a72-9f81-ed1321f551ca: receive RaftClientReply:client-C0E347E82FC5->e6065258-5a2c-4a72-9f81-ed1321f551ca@group-13364FE26125, cid=496, SUCCESS, logIndex=862, commits[e6065258-5a2c-4a72-9f81-ed1321f551ca:c862]
2019-06-14 09:09:28,516 INFO  client.GrpcClientProtocolClient (GrpcClientProtocolClient.java:onNext(254)) - client-C0E347E82FC5->e6065258-5a2c-4a72-9f81-ed1321f551ca: receive RaftClientReply:client-C0E347E82FC5->e6065258-5a2c-4a72-9f81-ed1321f551ca@group-13364FE26125, cid=497, SUCCESS, logIndex=865, commits[e6065258-5a2c-4a72-9f81-ed1321f551ca:c865]
2019-06-14 09:09:28,518 DEBUG block.SCMBlockDeletingService (SCMBlockDeletingService.java:call(138)) - Running DeletedBlockTransactionScanner
2019-06-14 09:09:28,518 DEBUG block.SCMBlockDeletingService (SCMBlockDeletingService.java:call(155)) - Scanned deleted blocks log and got 0 delTX to process.
2019-06-14 09:09:28,518 INFO  client.GrpcClientProtocolClient (GrpcClientProtocolClient.java:onNext(254)) - client-C0E347E82FC5->e6065258-5a2c-4a72-9f81-ed1321f551ca: receive RaftClientReply:client-C0E347E82FC5->e6065258-5a2c-4a72-9f81-ed1321f551ca@group-13364FE26125, cid=498, SUCCESS, logIndex=867, commits[e6065258-5a2c-4a72-9f81-ed1321f551ca:c867]
2019-06-14 09:09:28,523 INFO  client.GrpcClientProtocolClient (GrpcClientProtocolClient.java:onNext(254)) - client-C0E347E82FC5->e6065258-5a2c-4a72-9f81-ed1321f551ca: receive RaftClientReply:client-C0E347E82FC5->e6065258-5a2c-4a72-9f81-ed1321f551ca@group-13364FE26125, cid=499, SUCCESS, logIndex=869, commits[e6065258-5a2c-4a72-9f81-ed1321f551ca:c869]
2019-06-14 09:09:28,523 INFO  client.GrpcClientProtocolClient (GrpcClientProtocolClient.java:onNext(254)) - client-C0E347E82FC5->e6065258-5a2c-4a72-9f81-ed1321f551ca: receive RaftClientReply:client-C0E347E82FC5->e6065258-5a2c-4a72-9f81-ed1321f551ca@group-13364FE26125, cid=500, SUCCESS, logIndex=871, commits[e6065258-5a2c-4a72-9f81-ed1321f551ca:c871]
2019-06-14 09:09:28,532 INFO  client.GrpcClientProtocolClient (GrpcClientProtocolClient.java:onNext(254)) - client-C0E347E82FC5->e6065258-5a2c-4a72-9f81-ed1321f551ca: receive RaftClientReply:client-C0E347E82FC5->e6065258-5a2c-4a72-9f81-ed1321f551ca@group-13364FE26125, cid=501, SUCCESS, logIndex=873, commits[e6065258-5a2c-4a72-9f81-ed1321f551ca:c873]
2019-06-14 09:09:28,534 INFO  client.GrpcClientProtocolClient (GrpcClientProtocolClient.java:onNext(254)) - client-C0E347E82FC5->e6065258-5a2c-4a72-9f81-ed1321f551ca: receive RaftClientReply:client-C0E347E82FC5->e6065258-5a2c-4a72-9f81-ed1321f551ca@group-13364FE26125, cid=502, SUCCESS, logIndex=875, commits[e6065258-5a2c-4a72-9f81-ed1321f551ca:c875]
2019-06-14 09:09:28,538 INFO  client.GrpcClientProtocolClient (GrpcClientProtocolClient.java:onNext(254)) - client-C0E347E82FC5->e6065258-5a2c-4a72-9f81-ed1321f551ca: receive RaftClientReply:client-C0E347E82FC5->e6065258-5a2c-4a72-9f81-ed1321f551ca@group-13364FE26125, cid=503, SUCCESS, logIndex=877, commits[e6065258-5a2c-4a72-9f81-ed1321f551ca:c878]
2019-06-14 09:09:28,538 INFO  client.GrpcClientProtocolClient (GrpcClientProtocolClient.java:onNext(254)) - client-C0E347E82FC5->e6065258-5a2c-4a72-9f81-ed1321f551ca: receive RaftClientReply:client-C0E347E82FC5->e6065258-5a2c-4a72-9f81-ed1321f551ca@group-13364FE26125, cid=504, SUCCESS, logIndex=878, commits[e6065258-5a2c-4a72-9f81-ed1321f551ca:c878]
2019-06-14 09:09:28,549 INFO  client.GrpcClientProtocolClient (GrpcClientProtocolClient.java:onNext(254)) - client-C0E347E82FC5->e6065258-5a2c-4a72-9f81-ed1321f551ca: receive RaftClientReply:client-C0E347E82FC5->e6065258-5a2c-4a72-9f81-ed1321f551ca@group-13364FE26125, cid=505, SUCCESS, logIndex=880, commits[e6065258-5a2c-4a72-9f81-ed1321f551ca:c880]
2019-06-14 09:09:28,551 INFO  client.GrpcClientProtocolClient (GrpcClientProtocolClient.java:onNext(254)) - client-C0E347E82FC5->e6065258-5a2c-4a72-9f81-ed1321f551ca: receive RaftClientReply:client-C0E347E82FC5->e6065258-5a2c-4a72-9f81-ed1321f551ca@group-13364FE26125, cid=506, SUCCESS, logIndex=882, commits[e6065258-5a2c-4a72-9f81-ed1321f551ca:c882]
2019-06-14 09:09:28,552 INFO  client.GrpcClientProtocolClient (GrpcClientProtocolClient.java:onNext(254)) - client-C0E347E82FC5->e6065258-5a2c-4a72-9f81-ed1321f551ca: receive RaftClientReply:client-C0E347E82FC5->e6065258-5a2c-4a72-9f81-ed1321f551ca@group-13364FE26125, cid=507, SUCCESS, logIndex=883, commits[e6065258-5a2c-4a72-9f81-ed1321f551ca:c885]
2019-06-14 09:09:28,552 INFO  client.GrpcClientProtocolClient (GrpcClientProtocolClient.java:onNext(254)) - client-C0E347E82FC5->e6065258-5a2c-4a72-9f81-ed1321f551ca: receive RaftClientReply:client-C0E347E82FC5->e6065258-5a2c-4a72-9f81-ed1321f551ca@group-13364FE26125, cid=508, SUCCESS, logIndex=885, commits[e6065258-5a2c-4a72-9f81-ed1321f551ca:c886]
2019-06-14 09:09:28,562 INFO  client.GrpcClientProtocolClient (GrpcClientProtocolClient.java:onNext(254)) - client-C0E347E82FC5->e6065258-5a2c-4a72-9f81-ed1321f551ca: receive RaftClientReply:client-C0E347E82FC5->e6065258-5a2c-4a72-9f81-ed1321f551ca@group-13364FE26125, cid=509, SUCCESS, logIndex=887, commits[e6065258-5a2c-4a72-9f81-ed1321f551ca:c887]
2019-06-14 09:09:28,566 INFO  client.GrpcClientProtocolClient (GrpcClientProtocolClient.java:onNext(254)) - client-C0E347E82FC5->e6065258-5a2c-4a72-9f81-ed1321f551ca: receive RaftClientReply:client-C0E347E82FC5->e6065258-5a2c-4a72-9f81-ed1321f551ca@group-13364FE26125, cid=510, SUCCESS, logIndex=889, commits[e6065258-5a2c-4a72-9f81-ed1321f551ca:c889]
2019-06-14 09:09:28,568 INFO  client.GrpcClientProtocolClient (GrpcClientProtocolClient.java:onNext(254)) - client-C0E347E82FC5->e6065258-5a2c-4a72-9f81-ed1321f551ca: receive RaftClientReply:client-C0E347E82FC5->e6065258-5a2c-4a72-9f81-ed1321f551ca@group-13364FE26125, cid=511, SUCCESS, logIndex=890, commits[e6065258-5a2c-4a72-9f81-ed1321f551ca:c891]
2019-06-14 09:09:28,568 INFO  client.GrpcClientProtocolClient (GrpcClientProtocolClient.java:onNext(254)) - client-C0E347E82FC5->e6065258-5a2c-4a72-9f81-ed1321f551ca: receive RaftClientReply:client-C0E347E82FC5->e6065258-5a2c-4a72-9f81-ed1321f551ca@group-13364FE26125, cid=512, SUCCESS, logIndex=891, commits[e6065258-5a2c-4a72-9f81-ed1321f551ca:c893]
2019-06-14 09:09:28,582 INFO  client.GrpcClientProtocolClient (GrpcClientProtocolClient.java:onNext(254)) - client-C0E347E82FC5->e6065258-5a2c-4a72-9f81-ed1321f551ca: receive RaftClientReply:client-C0E347E82FC5->e6065258-5a2c-4a72-9f81-ed1321f551ca@group-13364FE26125, cid=513, SUCCESS, logIndex=894, commits[e6065258-5a2c-4a72-9f81-ed1321f551ca:c894]
2019-06-14 09:09:28,585 INFO  storage.RaftLogWorker (RaftLogWorker.java:rollLogSegment(303)) - e6065258-5a2c-4a72-9f81-ed1321f551ca-RaftLogWorker: Rolling segment log-817_897 to index:897
2019-06-14 09:09:28,585 INFO  client.GrpcClientProtocolClient (GrpcClientProtocolClient.java:onNext(254)) - client-C0E347E82FC5->e6065258-5a2c-4a72-9f81-ed1321f551ca: receive RaftClientReply:client-C0E347E82FC5->e6065258-5a2c-4a72-9f81-ed1321f551ca@group-13364FE26125, cid=514, SUCCESS, logIndex=896, commits[e6065258-5a2c-4a72-9f81-ed1321f551ca:c896]
2019-06-14 09:09:28,585 INFO  storage.RaftLogWorker (RaftLogWorker.java:execute(433)) - e6065258-5a2c-4a72-9f81-ed1321f551ca-RaftLogWorker: Rolled log segment from /opt/src/hadoop-ozone/integration-test/target/test-dir/MiniOzoneClusterImpl-a56da109-a1cb-4168-8966-62306f2f2d23/datanode-0/data/ratis/920138aa-6f47-4d6d-b5cc-13364fe26125/current/log_inprogress_817 to /opt/src/hadoop-ozone/integration-test/target/test-dir/MiniOzoneClusterImpl-a56da109-a1cb-4168-8966-62306f2f2d23/datanode-0/data/ratis/920138aa-6f47-4d6d-b5cc-13364fe26125/current/log_817-897
2019-06-14 09:09:28,618 DEBUG block.SCMBlockDeletingService (SCMBlockDeletingService.java:call(138)) - Running DeletedBlockTransactionScanner
2019-06-14 09:09:28,618 DEBUG block.SCMBlockDeletingService (SCMBlockDeletingService.java:call(155)) - Scanned deleted blocks log and got 0 delTX to process.
2019-06-14 09:09:28,628 INFO  storage.RaftLogWorker (RaftLogWorker.java:execute(469)) - e6065258-5a2c-4a72-9f81-ed1321f551ca-RaftLogWorker: created new log segment /opt/src/hadoop-ozone/integration-test/target/test-dir/MiniOzoneClusterImpl-a56da109-a1cb-4168-8966-62306f2f2d23/datanode-0/data/ratis/920138aa-6f47-4d6d-b5cc-13364fe26125/current/log_inprogress_898
2019-06-14 09:09:28,631 INFO  client.GrpcClientProtocolClient (GrpcClientProtocolClient.java:onNext(254)) - client-C0E347E82FC5->e6065258-5a2c-4a72-9f81-ed1321f551ca: receive RaftClientReply:client-C0E347E82FC5->e6065258-5a2c-4a72-9f81-ed1321f551ca@group-13364FE26125, cid=515, SUCCESS, logIndex=898, commits[e6065258-5a2c-4a72-9f81-ed1321f551ca:c899]
2019-06-14 09:09:28,632 INFO  client.GrpcClientProtocolClient (GrpcClientProtocolClient.java:onNext(254)) - client-C0E347E82FC5->e6065258-5a2c-4a72-9f81-ed1321f551ca: receive RaftClientReply:client-C0E347E82FC5->e6065258-5a2c-4a72-9f81-ed1321f551ca@group-13364FE26125, cid=516, SUCCESS, logIndex=899, commits[e6065258-5a2c-4a72-9f81-ed1321f551ca:c900]
2019-06-14 09:09:28,639 INFO  client.GrpcClientProtocolClient (GrpcClientProtocolClient.java:onNext(254)) - client-C0E347E82FC5->e6065258-5a2c-4a72-9f81-ed1321f551ca: receive RaftClientReply:client-C0E347E82FC5->e6065258-5a2c-4a72-9f81-ed1321f551ca@group-13364FE26125, cid=517, SUCCESS, logIndex=901, commits[e6065258-5a2c-4a72-9f81-ed1321f551ca:c901]
2019-06-14 09:09:28,641 INFO  client.GrpcClientProtocolClient (GrpcClientProtocolClient.java:onNext(254)) - client-C0E347E82FC5->e6065258-5a2c-4a72-9f81-ed1321f551ca: receive RaftClientReply:client-C0E347E82FC5->e6065258-5a2c-4a72-9f81-ed1321f551ca@group-13364FE26125, cid=518, SUCCESS, logIndex=903, commits[e6065258-5a2c-4a72-9f81-ed1321f551ca:c903]
2019-06-14 09:09:28,644 INFO  client.GrpcClientProtocolClient (GrpcClientProtocolClient.java:onNext(254)) - client-C0E347E82FC5->e6065258-5a2c-4a72-9f81-ed1321f551ca: receive RaftClientReply:client-C0E347E82FC5->e6065258-5a2c-4a72-9f81-ed1321f551ca@group-13364FE26125, cid=519, SUCCESS, logIndex=905, commits[e6065258-5a2c-4a72-9f81-ed1321f551ca:c905]
2019-06-14 09:09:28,644 INFO  client.GrpcClientProtocolClient (GrpcClientProtocolClient.java:onNext(254)) - client-C0E347E82FC5->e6065258-5a2c-4a72-9f81-ed1321f551ca: receive RaftClientReply:client-C0E347E82FC5->e6065258-5a2c-4a72-9f81-ed1321f551ca@group-13364FE26125, cid=520, SUCCESS, logIndex=906, commits[e6065258-5a2c-4a72-9f81-ed1321f551ca:c906]
2019-06-14 09:09:28,655 INFO  client.GrpcClientProtocolClient (GrpcClientProtocolClient.java:onNext(254)) - client-C0E347E82FC5->e6065258-5a2c-4a72-9f81-ed1321f551ca: receive RaftClientReply:client-C0E347E82FC5->e6065258-5a2c-4a72-9f81-ed1321f551ca@group-13364FE26125, cid=521, SUCCESS, logIndex=909, commits[e6065258-5a2c-4a72-9f81-ed1321f551ca:c909]
2019-06-14 09:09:28,657 INFO  client.GrpcClientProtocolClient (GrpcClientProtocolClient.java:onNext(254)) - client-C0E347E82FC5->e6065258-5a2c-4a72-9f81-ed1321f551ca: receive RaftClientReply:client-C0E347E82FC5->e6065258-5a2c-4a72-9f81-ed1321f551ca@group-13364FE26125, cid=522, SUCCESS, logIndex=911, commits[e6065258-5a2c-4a72-9f81-ed1321f551ca:c911]
2019-06-14 09:09:28,658 INFO  client.GrpcClientProtocolClient (GrpcClientProtocolClient.java:onNext(254)) - client-C0E347E82FC5->e6065258-5a2c-4a72-9f81-ed1321f551ca: receive RaftClientReply:client-C0E347E82FC5->e6065258-5a2c-4a72-9f81-ed1321f551ca@group-13364FE26125, cid=523, SUCCESS, logIndex=912, commits[e6065258-5a2c-4a72-9f81-ed1321f551ca:c914]
2019-06-14 09:09:28,659 INFO  client.GrpcClientProtocolClient (GrpcClientProtocolClient.java:onNext(254)) - client-C0E347E82FC5->e6065258-5a2c-4a72-9f81-ed1321f551ca: receive RaftClientReply:client-C0E347E82FC5->e6065258-5a2c-4a72-9f81-ed1321f551ca@group-13364FE26125, cid=524, SUCCESS, logIndex=914, commits[e6065258-5a2c-4a72-9f81-ed1321f551ca:c915]
2019-06-14 09:09:28,667 INFO  client.GrpcClientProtocolClient (GrpcClientProtocolClient.java:onNext(254)) - client-C0E347E82FC5->e6065258-5a2c-4a72-9f81-ed1321f551ca: receive RaftClientReply:client-C0E347E82FC5->e6065258-5a2c-4a72-9f81-ed1321f551ca@group-13364FE26125, cid=525, SUCCESS, logIndex=916, commits[e6065258-5a2c-4a72-9f81-ed1321f551ca:c916]
2019-06-14 09:09:28,669 INFO  client.GrpcClientProtocolClient (GrpcClientProtocolClient.java:onNext(254)) - client-C0E347E82FC5->e6065258-5a2c-4a72-9f81-ed1321f551ca: receive RaftClientReply:client-C0E347E82FC5->e6065258-5a2c-4a72-9f81-ed1321f551ca@group-13364FE26125, cid=526, SUCCESS, logIndex=918, commits[e6065258-5a2c-4a72-9f81-ed1321f551ca:c918]
2019-06-14 09:09:28,670 INFO  client.GrpcClientProtocolClient (GrpcClientProtocolClient.java:onNext(254)) - client-C0E347E82FC5->e6065258-5a2c-4a72-9f81-ed1321f551ca: receive RaftClientReply:client-C0E347E82FC5->e6065258-5a2c-4a72-9f81-ed1321f551ca@group-13364FE26125, cid=527, SUCCESS, logIndex=919, commits[e6065258-5a2c-4a72-9f81-ed1321f551ca:c921]
2019-06-14 09:09:28,670 INFO  client.GrpcClientProtocolClient (GrpcClientProtocolClient.java:onNext(254)) - client-C0E347E82FC5->e6065258-5a2c-4a72-9f81-ed1321f551ca: receive RaftClientReply:client-C0E347E82FC5->e6065258-5a2c-4a72-9f81-ed1321f551ca@group-13364FE26125, cid=528, SUCCESS, logIndex=920, commits[e6065258-5a2c-4a72-9f81-ed1321f551ca:c921]
2019-06-14 09:09:28,681 INFO  client.GrpcClientProtocolClient (GrpcClientProtocolClient.java:onNext(254)) - client-C0E347E82FC5->e6065258-5a2c-4a72-9f81-ed1321f551ca: receive RaftClientReply:client-C0E347E82FC5->e6065258-5a2c-4a72-9f81-ed1321f551ca@group-13364FE26125, cid=529, SUCCESS, logIndex=923, commits[e6065258-5a2c-4a72-9f81-ed1321f551ca:c923]
2019-06-14 09:09:28,683 INFO  client.GrpcClientProtocolClient (GrpcClientProtocolClient.java:onNext(254)) - client-C0E347E82FC5->e6065258-5a2c-4a72-9f81-ed1321f551ca: receive RaftClientReply:client-C0E347E82FC5->e6065258-5a2c-4a72-9f81-ed1321f551ca@group-13364FE26125, cid=530, SUCCESS, logIndex=925, commits[e6065258-5a2c-4a72-9f81-ed1321f551ca:c925]
2019-06-14 09:09:28,719 DEBUG block.SCMBlockDeletingService (SCMBlockDeletingService.java:call(138)) - Running DeletedBlockTransactionScanner
2019-06-14 09:09:28,719 DEBUG block.SCMBlockDeletingService (SCMBlockDeletingService.java:call(155)) - Scanned deleted blocks log and got 0 delTX to process.
2019-06-14 09:09:28,994 DEBUG block.SCMBlockDeletingService (SCMBlockDeletingService.java:call(138)) - Running DeletedBlockTransactionScanner
2019-06-14 09:09:28,994 DEBUG block.SCMBlockDeletingService (SCMBlockDeletingService.java:call(155)) - Scanned deleted blocks log and got 0 delTX to process.
2019-06-14 09:09:29,005 INFO  client.GrpcClientProtocolClient (GrpcClientProtocolClient.java:onNext(254)) - client-C0E347E82FC5->e6065258-5a2c-4a72-9f81-ed1321f551ca: receive RaftClientReply:client-C0E347E82FC5->e6065258-5a2c-4a72-9f81-ed1321f551ca@group-13364FE26125, cid=531, SUCCESS, logIndex=927, commits[e6065258-5a2c-4a72-9f81-ed1321f551ca:c927]
2019-06-14 09:09:29,007 INFO  client.GrpcClientProtocolClient (GrpcClientProtocolClient.java:onNext(254)) - client-C0E347E82FC5->e6065258-5a2c-4a72-9f81-ed1321f551ca: receive RaftClientReply:client-C0E347E82FC5->e6065258-5a2c-4a72-9f81-ed1321f551ca@group-13364FE26125, cid=532, SUCCESS, logIndex=929, commits[e6065258-5a2c-4a72-9f81-ed1321f551ca:c929]
2019-06-14 09:09:29,013 INFO  client.GrpcClientProtocolClient (GrpcClientProtocolClient.java:onNext(254)) - client-C0E347E82FC5->e6065258-5a2c-4a72-9f81-ed1321f551ca: receive RaftClientReply:client-C0E347E82FC5->e6065258-5a2c-4a72-9f81-ed1321f551ca@group-13364FE26125, cid=533, SUCCESS, logIndex=931, commits[e6065258-5a2c-4a72-9f81-ed1321f551ca:c931]
2019-06-14 09:09:29,015 INFO  client.GrpcClientProtocolClient (GrpcClientProtocolClient.java:onNext(254)) - client-C0E347E82FC5->e6065258-5a2c-4a72-9f81-ed1321f551ca: receive RaftClientReply:client-C0E347E82FC5->e6065258-5a2c-4a72-9f81-ed1321f551ca@group-13364FE26125, cid=534, SUCCESS, logIndex=933, commits[e6065258-5a2c-4a72-9f81-ed1321f551ca:c933]
2019-06-14 09:09:29,018 INFO  client.GrpcClientProtocolClient (GrpcClientProtocolClient.java:onNext(254)) - client-C0E347E82FC5->e6065258-5a2c-4a72-9f81-ed1321f551ca: receive RaftClientReply:client-C0E347E82FC5->e6065258-5a2c-4a72-9f81-ed1321f551ca@group-13364FE26125, cid=535, SUCCESS, logIndex=935, commits[e6065258-5a2c-4a72-9f81-ed1321f551ca:c935]
2019-06-14 09:09:29,019 INFO  client.GrpcClientProtocolClient (GrpcClientProtocolClient.java:onNext(254)) - client-C0E347E82FC5->e6065258-5a2c-4a72-9f81-ed1321f551ca: receive RaftClientReply:client-C0E347E82FC5->e6065258-5a2c-4a72-9f81-ed1321f551ca@group-13364FE26125, cid=536, SUCCESS, logIndex=937, commits[e6065258-5a2c-4a72-9f81-ed1321f551ca:c937]
2019-06-14 09:09:29,030 INFO  client.GrpcClientProtocolClient (GrpcClientProtocolClient.java:onNext(254)) - client-C0E347E82FC5->e6065258-5a2c-4a72-9f81-ed1321f551ca: receive RaftClientReply:client-C0E347E82FC5->e6065258-5a2c-4a72-9f81-ed1321f551ca@group-13364FE26125, cid=537, SUCCESS, logIndex=939, commits[e6065258-5a2c-4a72-9f81-ed1321f551ca:c939]
2019-06-14 09:09:29,035 INFO  client.GrpcClientProtocolClient (GrpcClientProtocolClient.java:onNext(254)) - client-C0E347E82FC5->e6065258-5a2c-4a72-9f81-ed1321f551ca: receive RaftClientReply:client-C0E347E82FC5->e6065258-5a2c-4a72-9f81-ed1321f551ca@group-13364FE26125, cid=538, SUCCESS, logIndex=941, commits[e6065258-5a2c-4a72-9f81-ed1321f551ca:c943]
2019-06-14 09:09:29,035 INFO  client.GrpcClientProtocolClient (GrpcClientProtocolClient.java:onNext(254)) - client-C0E347E82FC5->e6065258-5a2c-4a72-9f81-ed1321f551ca: receive RaftClientReply:client-C0E347E82FC5->e6065258-5a2c-4a72-9f81-ed1321f551ca@group-13364FE26125, cid=539, SUCCESS, logIndex=942, commits[e6065258-5a2c-4a72-9f81-ed1321f551ca:c944]
2019-06-14 09:09:29,036 INFO  client.GrpcClientProtocolClient (GrpcClientProtocolClient.java:onNext(254)) - client-C0E347E82FC5->e6065258-5a2c-4a72-9f81-ed1321f551ca: receive RaftClientReply:client-C0E347E82FC5->e6065258-5a2c-4a72-9f81-ed1321f551ca@group-13364FE26125, cid=540, SUCCESS, logIndex=943, commits[e6065258-5a2c-4a72-9f81-ed1321f551ca:c944]
2019-06-14 09:09:29,042 INFO  client.GrpcClientProtocolClient (GrpcClientProtocolClient.java:onNext(254)) - client-C0E347E82FC5->e6065258-5a2c-4a72-9f81-ed1321f551ca: receive RaftClientReply:client-C0E347E82FC5->e6065258-5a2c-4a72-9f81-ed1321f551ca@group-13364FE26125, cid=541, SUCCESS, logIndex=945, commits[e6065258-5a2c-4a72-9f81-ed1321f551ca:c945]
2019-06-14 09:09:29,043 INFO  client.GrpcClientProtocolClient (GrpcClientProtocolClient.java:onNext(254)) - client-C0E347E82FC5->e6065258-5a2c-4a72-9f81-ed1321f551ca: receive RaftClientReply:client-C0E347E82FC5->e6065258-5a2c-4a72-9f81-ed1321f551ca@group-13364FE26125, cid=542, SUCCESS, logIndex=947, commits[e6065258-5a2c-4a72-9f81-ed1321f551ca:c947]
2019-06-14 09:09:29,045 INFO  client.GrpcClientProtocolClient (GrpcClientProtocolClient.java:onNext(254)) - client-C0E347E82FC5->e6065258-5a2c-4a72-9f81-ed1321f551ca: receive RaftClientReply:client-C0E347E82FC5->e6065258-5a2c-4a72-9f81-ed1321f551ca@group-13364FE26125, cid=543, SUCCESS, logIndex=948, commits[e6065258-5a2c-4a72-9f81-ed1321f551ca:c950]
2019-06-14 09:09:29,045 INFO  client.GrpcClientProtocolClient (GrpcClientProtocolClient.java:onNext(254)) - client-C0E347E82FC5->e6065258-5a2c-4a72-9f81-ed1321f551ca: receive RaftClientReply:client-C0E347E82FC5->e6065258-5a2c-4a72-9f81-ed1321f551ca@group-13364FE26125, cid=544, SUCCESS, logIndex=949, commits[e6065258-5a2c-4a72-9f81-ed1321f551ca:c950]
2019-06-14 09:09:29,054 INFO  client.GrpcClientProtocolClient (GrpcClientProtocolClient.java:onNext(254)) - client-C0E347E82FC5->e6065258-5a2c-4a72-9f81-ed1321f551ca: receive RaftClientReply:client-C0E347E82FC5->e6065258-5a2c-4a72-9f81-ed1321f551ca@group-13364FE26125, cid=545, SUCCESS, logIndex=951, commits[e6065258-5a2c-4a72-9f81-ed1321f551ca:c951]
2019-06-14 09:09:29,056 INFO  client.GrpcClientProtocolClient (GrpcClientProtocolClient.java:onNext(254)) - client-C0E347E82FC5->e6065258-5a2c-4a72-9f81-ed1321f551ca: receive RaftClientReply:client-C0E347E82FC5->e6065258-5a2c-4a72-9f81-ed1321f551ca@group-13364FE26125, cid=546, SUCCESS, logIndex=953, commits[e6065258-5a2c-4a72-9f81-ed1321f551ca:c953]
2019-06-14 09:09:29,057 INFO  client.GrpcClientProtocolClient (GrpcClientProtocolClient.java:onNext(254)) - client-C0E347E82FC5->e6065258-5a2c-4a72-9f81-ed1321f551ca: receive RaftClientReply:client-C0E347E82FC5->e6065258-5a2c-4a72-9f81-ed1321f551ca@group-13364FE26125, cid=547, SUCCESS, logIndex=954, commits[e6065258-5a2c-4a72-9f81-ed1321f551ca:c956]
2019-06-14 09:09:29,058 INFO  client.GrpcClientProtocolClient (GrpcClientProtocolClient.java:onNext(254)) - client-C0E347E82FC5->e6065258-5a2c-4a72-9f81-ed1321f551ca: receive RaftClientReply:client-C0E347E82FC5->e6065258-5a2c-4a72-9f81-ed1321f551ca@group-13364FE26125, cid=548, SUCCESS, logIndex=955, commits[e6065258-5a2c-4a72-9f81-ed1321f551ca:c956]
2019-06-14 09:09:29,063 INFO  client.GrpcClientProtocolClient (GrpcClientProtocolClient.java:onNext(254)) - client-C0E347E82FC5->e6065258-5a2c-4a72-9f81-ed1321f551ca: receive RaftClientReply:client-C0E347E82FC5->e6065258-5a2c-4a72-9f81-ed1321f551ca@group-13364FE26125, cid=549, SUCCESS, logIndex=957, commits[e6065258-5a2c-4a72-9f81-ed1321f551ca:c957]
2019-06-14 09:09:29,065 INFO  client.GrpcClientProtocolClient (GrpcClientProtocolClient.java:onNext(254)) - client-C0E347E82FC5->e6065258-5a2c-4a72-9f81-ed1321f551ca: receive RaftClientReply:client-C0E347E82FC5->e6065258-5a2c-4a72-9f81-ed1321f551ca@group-13364FE26125, cid=550, SUCCESS, logIndex=959, commits[e6065258-5a2c-4a72-9f81-ed1321f551ca:c959]
2019-06-14 09:09:29,066 INFO  client.GrpcClientProtocolClient (GrpcClientProtocolClient.java:onNext(254)) - client-C0E347E82FC5->e6065258-5a2c-4a72-9f81-ed1321f551ca: receive RaftClientReply:client-C0E347E82FC5->e6065258-5a2c-4a72-9f81-ed1321f551ca@group-13364FE26125, cid=551, SUCCESS, logIndex=960, commits[e6065258-5a2c-4a72-9f81-ed1321f551ca:c961]
2019-06-14 09:09:29,066 INFO  client.GrpcClientProtocolClient (GrpcClientProtocolClient.java:onNext(254)) - client-C0E347E82FC5->e6065258-5a2c-4a72-9f81-ed1321f551ca: receive RaftClientReply:client-C0E347E82FC5->e6065258-5a2c-4a72-9f81-ed1321f551ca@group-13364FE26125, cid=552, SUCCESS, logIndex=961, commits[e6065258-5a2c-4a72-9f81-ed1321f551ca:c961]
2019-06-14 09:09:29,077 INFO  client.GrpcClientProtocolClient (GrpcClientProtocolClient.java:onNext(254)) - client-C0E347E82FC5->e6065258-5a2c-4a72-9f81-ed1321f551ca: receive RaftClientReply:client-C0E347E82FC5->e6065258-5a2c-4a72-9f81-ed1321f551ca@group-13364FE26125, cid=553, SUCCESS, logIndex=964, commits[e6065258-5a2c-4a72-9f81-ed1321f551ca:c964]
2019-06-14 09:09:29,080 INFO  client.GrpcClientProtocolClient (GrpcClientProtocolClient.java:onNext(254)) - client-C0E347E82FC5->e6065258-5a2c-4a72-9f81-ed1321f551ca: receive RaftClientReply:client-C0E347E82FC5->e6065258-5a2c-4a72-9f81-ed1321f551ca@group-13364FE26125, cid=554, SUCCESS, logIndex=966, commits[e6065258-5a2c-4a72-9f81-ed1321f551ca:c966]
2019-06-14 09:09:29,080 INFO  client.GrpcClientProtocolClient (GrpcClientProtocolClient.java:onNext(254)) - client-C0E347E82FC5->e6065258-5a2c-4a72-9f81-ed1321f551ca: receive RaftClientReply:client-C0E347E82FC5->e6065258-5a2c-4a72-9f81-ed1321f551ca@group-13364FE26125, cid=555, SUCCESS, logIndex=967, commits[e6065258-5a2c-4a72-9f81-ed1321f551ca:c968]
2019-06-14 09:09:29,081 INFO  client.GrpcClientProtocolClient (GrpcClientProtocolClient.java:onNext(254)) - client-C0E347E82FC5->e6065258-5a2c-4a72-9f81-ed1321f551ca: receive RaftClientReply:client-C0E347E82FC5->e6065258-5a2c-4a72-9f81-ed1321f551ca@group-13364FE26125, cid=556, SUCCESS, logIndex=968, commits[e6065258-5a2c-4a72-9f81-ed1321f551ca:c968]
2019-06-14 09:09:29,086 INFO  client.GrpcClientProtocolClient (GrpcClientProtocolClient.java:onNext(254)) - client-C0E347E82FC5->e6065258-5a2c-4a72-9f81-ed1321f551ca: receive RaftClientReply:client-C0E347E82FC5->e6065258-5a2c-4a72-9f81-ed1321f551ca@group-13364FE26125, cid=557, SUCCESS, logIndex=971, commits[e6065258-5a2c-4a72-9f81-ed1321f551ca:c971]
2019-06-14 09:09:29,086 INFO  storage.RaftLogWorker (RaftLogWorker.java:rollLogSegment(303)) - e6065258-5a2c-4a72-9f81-ed1321f551ca-RaftLogWorker: Rolling segment log-898_972 to index:972
2019-06-14 09:09:29,087 INFO  storage.RaftLogWorker (RaftLogWorker.java:execute(433)) - e6065258-5a2c-4a72-9f81-ed1321f551ca-RaftLogWorker: Rolled log segment from /opt/src/hadoop-ozone/integration-test/target/test-dir/MiniOzoneClusterImpl-a56da109-a1cb-4168-8966-62306f2f2d23/datanode-0/data/ratis/920138aa-6f47-4d6d-b5cc-13364fe26125/current/log_inprogress_898 to /opt/src/hadoop-ozone/integration-test/target/test-dir/MiniOzoneClusterImpl-a56da109-a1cb-4168-8966-62306f2f2d23/datanode-0/data/ratis/920138aa-6f47-4d6d-b5cc-13364fe26125/current/log_898-972
2019-06-14 09:09:29,094 DEBUG block.SCMBlockDeletingService (SCMBlockDeletingService.java:call(138)) - Running DeletedBlockTransactionScanner
2019-06-14 09:09:29,094 DEBUG block.SCMBlockDeletingService (SCMBlockDeletingService.java:call(155)) - Scanned deleted blocks log and got 0 delTX to process.
2019-06-14 09:09:29,123 INFO  storage.RaftLogWorker (RaftLogWorker.java:execute(469)) - e6065258-5a2c-4a72-9f81-ed1321f551ca-RaftLogWorker: created new log segment /opt/src/hadoop-ozone/integration-test/target/test-dir/MiniOzoneClusterImpl-a56da109-a1cb-4168-8966-62306f2f2d23/datanode-0/data/ratis/920138aa-6f47-4d6d-b5cc-13364fe26125/current/log_inprogress_973
2019-06-14 09:09:29,126 INFO  client.GrpcClientProtocolClient (GrpcClientProtocolClient.java:onNext(254)) - client-C0E347E82FC5->e6065258-5a2c-4a72-9f81-ed1321f551ca: receive RaftClientReply:client-C0E347E82FC5->e6065258-5a2c-4a72-9f81-ed1321f551ca@group-13364FE26125, cid=558, SUCCESS, logIndex=973, commits[e6065258-5a2c-4a72-9f81-ed1321f551ca:c975]
2019-06-14 09:09:29,127 INFO  client.GrpcClientProtocolClient (GrpcClientProtocolClient.java:onNext(254)) - client-C0E347E82FC5->e6065258-5a2c-4a72-9f81-ed1321f551ca: receive RaftClientReply:client-C0E347E82FC5->e6065258-5a2c-4a72-9f81-ed1321f551ca@group-13364FE26125, cid=559, SUCCESS, logIndex=974, commits[e6065258-5a2c-4a72-9f81-ed1321f551ca:c976]
2019-06-14 09:09:29,127 INFO  client.GrpcClientProtocolClient (GrpcClientProtocolClient.java:onNext(254)) - client-C0E347E82FC5->e6065258-5a2c-4a72-9f81-ed1321f551ca: receive RaftClientReply:client-C0E347E82FC5->e6065258-5a2c-4a72-9f81-ed1321f551ca@group-13364FE26125, cid=560, SUCCESS, logIndex=975, commits[e6065258-5a2c-4a72-9f81-ed1321f551ca:c976]
2019-06-14 09:09:29,142 INFO  client.GrpcClientProtocolClient (GrpcClientProtocolClient.java:onNext(254)) - client-C0E347E82FC5->e6065258-5a2c-4a72-9f81-ed1321f551ca: receive RaftClientReply:client-C0E347E82FC5->e6065258-5a2c-4a72-9f81-ed1321f551ca@group-13364FE26125, cid=561, SUCCESS, logIndex=977, commits[e6065258-5a2c-4a72-9f81-ed1321f551ca:c977]
2019-06-14 09:09:29,142 INFO  client.GrpcClientProtocolClient (GrpcClientProtocolClient.java:onNext(254)) - client-C0E347E82FC5->e6065258-5a2c-4a72-9f81-ed1321f551ca: receive RaftClientReply:client-C0E347E82FC5->e6065258-5a2c-4a72-9f81-ed1321f551ca@group-13364FE26125, cid=562, SUCCESS, logIndex=979, commits[e6065258-5a2c-4a72-9f81-ed1321f551ca:c979]
2019-06-14 09:09:29,143 INFO  client.GrpcClientProtocolClient (GrpcClientProtocolClient.java:onNext(254)) - client-C0E347E82FC5->e6065258-5a2c-4a72-9f81-ed1321f551ca: receive RaftClientReply:client-C0E347E82FC5->e6065258-5a2c-4a72-9f81-ed1321f551ca@group-13364FE26125, cid=563, SUCCESS, logIndex=980, commits[e6065258-5a2c-4a72-9f81-ed1321f551ca:c981]
2019-06-14 09:09:29,143 INFO  client.GrpcClientProtocolClient (GrpcClientProtocolClient.java:onNext(254)) - client-C0E347E82FC5->e6065258-5a2c-4a72-9f81-ed1321f551ca: receive RaftClientReply:client-C0E347E82FC5->e6065258-5a2c-4a72-9f81-ed1321f551ca@group-13364FE26125, cid=564, SUCCESS, logIndex=981, commits[e6065258-5a2c-4a72-9f81-ed1321f551ca:c982]
2019-06-14 09:09:29,150 INFO  client.GrpcClientProtocolClient (GrpcClientProtocolClient.java:onNext(254)) - client-C0E347E82FC5->e6065258-5a2c-4a72-9f81-ed1321f551ca: receive RaftClientReply:client-C0E347E82FC5->e6065258-5a2c-4a72-9f81-ed1321f551ca@group-13364FE26125, cid=565, SUCCESS, logIndex=984, commits[e6065258-5a2c-4a72-9f81-ed1321f551ca:c984]
2019-06-14 09:09:29,152 INFO  client.GrpcClientProtocolClient (GrpcClientProtocolClient.java:onNext(254)) - client-C0E347E82FC5->e6065258-5a2c-4a72-9f81-ed1321f551ca: receive RaftClientReply:client-C0E347E82FC5->e6065258-5a2c-4a72-9f81-ed1321f551ca@group-13364FE26125, cid=566, SUCCESS, logIndex=986, commits[e6065258-5a2c-4a72-9f81-ed1321f551ca:c986]
2019-06-14 09:09:29,153 INFO  client.GrpcClientProtocolClient (GrpcClientProtocolClient.java:onNext(254)) - client-C0E347E82FC5->e6065258-5a2c-4a72-9f81-ed1321f551ca: receive RaftClientReply:client-C0E347E82FC5->e6065258-5a2c-4a72-9f81-ed1321f551ca@group-13364FE26125, cid=567, SUCCESS, logIndex=987, commits[e6065258-5a2c-4a72-9f81-ed1321f551ca:c989]
2019-06-14 09:09:29,153 INFO  client.GrpcClientProtocolClient (GrpcClientProtocolClient.java:onNext(254)) - client-C0E347E82FC5->e6065258-5a2c-4a72-9f81-ed1321f551ca: receive RaftClientReply:client-C0E347E82FC5->e6065258-5a2c-4a72-9f81-ed1321f551ca@group-13364FE26125, cid=568, SUCCESS, logIndex=988, commits[e6065258-5a2c-4a72-9f81-ed1321f551ca:c989]
2019-06-14 09:09:29,163 INFO  client.GrpcClientProtocolClient (GrpcClientProtocolClient.java:onNext(254)) - client-C0E347E82FC5->e6065258-5a2c-4a72-9f81-ed1321f551ca: receive RaftClientReply:client-C0E347E82FC5->e6065258-5a2c-4a72-9f81-ed1321f551ca@group-13364FE26125, cid=569, SUCCESS, logIndex=990, commits[e6065258-5a2c-4a72-9f81-ed1321f551ca:c990]
2019-06-14 09:09:29,165 INFO  client.GrpcClientProtocolClient (GrpcClientProtocolClient.java:onNext(254)) - client-C0E347E82FC5->e6065258-5a2c-4a72-9f81-ed1321f551ca: receive RaftClientReply:client-C0E347E82FC5->e6065258-5a2c-4a72-9f81-ed1321f551ca@group-13364FE26125, cid=570, SUCCESS, logIndex=992, commits[e6065258-5a2c-4a72-9f81-ed1321f551ca:c992]
2019-06-14 09:09:29,166 INFO  client.GrpcClientProtocolClient (GrpcClientProtocolClient.java:onNext(254)) - client-C0E347E82FC5->e6065258-5a2c-4a72-9f81-ed1321f551ca: receive RaftClientReply:client-C0E347E82FC5->e6065258-5a2c-4a72-9f81-ed1321f551ca@group-13364FE26125, cid=571, SUCCESS, logIndex=993, commits[e6065258-5a2c-4a72-9f81-ed1321f551ca:c995]
2019-06-14 09:09:29,167 INFO  client.GrpcClientProtocolClient (GrpcClientProtocolClient.java:onNext(254)) - client-C0E347E82FC5->e6065258-5a2c-4a72-9f81-ed1321f551ca: receive RaftClientReply:client-C0E347E82FC5->e6065258-5a2c-4a72-9f81-ed1321f551ca@group-13364FE26125, cid=572, SUCCESS, logIndex=994, commits[e6065258-5a2c-4a72-9f81-ed1321f551ca:c995]
2019-06-14 09:09:29,178 INFO  client.GrpcClientProtocolClient (GrpcClientProtocolClient.java:onNext(254)) - client-C0E347E82FC5->e6065258-5a2c-4a72-9f81-ed1321f551ca: receive RaftClientReply:client-C0E347E82FC5->e6065258-5a2c-4a72-9f81-ed1321f551ca@group-13364FE26125, cid=573, SUCCESS, logIndex=996, commits[e6065258-5a2c-4a72-9f81-ed1321f551ca:c997]
2019-06-14 09:09:29,189 INFO  client.GrpcClientProtocolClient (GrpcClientProtocolClient.java:onNext(254)) - client-C0E347E82FC5->e6065258-5a2c-4a72-9f81-ed1321f551ca: receive RaftClientReply:client-C0E347E82FC5->e6065258-5a2c-4a72-9f81-ed1321f551ca@group-13364FE26125, cid=574, SUCCESS, logIndex=998, commits[e6065258-5a2c-4a72-9f81-ed1321f551ca:c998]
2019-06-14 09:09:29,195 DEBUG block.SCMBlockDeletingService (SCMBlockDeletingService.java:call(138)) - Running DeletedBlockTransactionScanner
2019-06-14 09:09:29,195 DEBUG block.SCMBlockDeletingService (SCMBlockDeletingService.java:call(155)) - Scanned deleted blocks log and got 0 delTX to process.
2019-06-14 09:09:29,249 INFO  client.GrpcClientProtocolClient (GrpcClientProtocolClient.java:onNext(254)) - client-C0E347E82FC5->e6065258-5a2c-4a72-9f81-ed1321f551ca: receive RaftClientReply:client-C0E347E82FC5->e6065258-5a2c-4a72-9f81-ed1321f551ca@group-13364FE26125, cid=575, SUCCESS, logIndex=1000, commits[e6065258-5a2c-4a72-9f81-ed1321f551ca:c1000]
2019-06-14 09:09:29,251 INFO  client.GrpcClientProtocolClient (GrpcClientProtocolClient.java:onNext(254)) - client-C0E347E82FC5->e6065258-5a2c-4a72-9f81-ed1321f551ca: receive RaftClientReply:client-C0E347E82FC5->e6065258-5a2c-4a72-9f81-ed1321f551ca@group-13364FE26125, cid=576, SUCCESS, logIndex=1002, commits[e6065258-5a2c-4a72-9f81-ed1321f551ca:c1002]
2019-06-14 09:09:29,266 INFO  client.GrpcClientProtocolClient (GrpcClientProtocolClient.java:onNext(254)) - client-C0E347E82FC5->e6065258-5a2c-4a72-9f81-ed1321f551ca: receive RaftClientReply:client-C0E347E82FC5->e6065258-5a2c-4a72-9f81-ed1321f551ca@group-13364FE26125, cid=577, SUCCESS, logIndex=1004, commits[e6065258-5a2c-4a72-9f81-ed1321f551ca:c1004]
2019-06-14 09:09:29,267 INFO  client.GrpcClientProtocolClient (GrpcClientProtocolClient.java:onNext(254)) - client-C0E347E82FC5->e6065258-5a2c-4a72-9f81-ed1321f551ca: receive RaftClientReply:client-C0E347E82FC5->e6065258-5a2c-4a72-9f81-ed1321f551ca@group-13364FE26125, cid=578, SUCCESS, logIndex=1006, commits[e6065258-5a2c-4a72-9f81-ed1321f551ca:c1006]
2019-06-14 09:09:29,268 INFO  client.GrpcClientProtocolClient (GrpcClientProtocolClient.java:onNext(254)) - client-C0E347E82FC5->e6065258-5a2c-4a72-9f81-ed1321f551ca: receive RaftClientReply:client-C0E347E82FC5->e6065258-5a2c-4a72-9f81-ed1321f551ca@group-13364FE26125, cid=579, SUCCESS, logIndex=1007, commits[e6065258-5a2c-4a72-9f81-ed1321f551ca:c1009]
2019-06-14 09:09:29,269 INFO  client.GrpcClientProtocolClient (GrpcClientProtocolClient.java:onNext(254)) - client-C0E347E82FC5->e6065258-5a2c-4a72-9f81-ed1321f551ca: receive RaftClientReply:client-C0E347E82FC5->e6065258-5a2c-4a72-9f81-ed1321f551ca@group-13364FE26125, cid=580, SUCCESS, logIndex=1009, commits[e6065258-5a2c-4a72-9f81-ed1321f551ca:c1009]
2019-06-14 09:09:29,275 INFO  client.GrpcClientProtocolClient (GrpcClientProtocolClient.java:onNext(254)) - client-C0E347E82FC5->e6065258-5a2c-4a72-9f81-ed1321f551ca: receive RaftClientReply:client-C0E347E82FC5->e6065258-5a2c-4a72-9f81-ed1321f551ca@group-13364FE26125, cid=581, SUCCESS, logIndex=1011, commits[e6065258-5a2c-4a72-9f81-ed1321f551ca:c1011]
2019-06-14 09:09:29,277 INFO  client.GrpcClientProtocolClient (GrpcClientProtocolClient.java:onNext(254)) - client-C0E347E82FC5->e6065258-5a2c-4a72-9f81-ed1321f551ca: receive RaftClientReply:client-C0E347E82FC5->e6065258-5a2c-4a72-9f81-ed1321f551ca@group-13364FE26125, cid=582, SUCCESS, logIndex=1013, commits[e6065258-5a2c-4a72-9f81-ed1321f551ca:c1013]
2019-06-14 09:09:29,278 INFO  client.GrpcClientProtocolClient (GrpcClientProtocolClient.java:onNext(254)) - client-C0E347E82FC5->e6065258-5a2c-4a72-9f81-ed1321f551ca: receive RaftClientReply:client-C0E347E82FC5->e6065258-5a2c-4a72-9f81-ed1321f551ca@group-13364FE26125, cid=583, SUCCESS, logIndex=1014, commits[e6065258-5a2c-4a72-9f81-ed1321f551ca:c1017]
2019-06-14 09:09:29,279 INFO  client.GrpcClientProtocolClient (GrpcClientProtocolClient.java:onNext(254)) - client-C0E347E82FC5->e6065258-5a2c-4a72-9f81-ed1321f551ca: receive RaftClientReply:client-C0E347E82FC5->e6065258-5a2c-4a72-9f81-ed1321f551ca@group-13364FE26125, cid=584, SUCCESS, logIndex=1016, commits[e6065258-5a2c-4a72-9f81-ed1321f551ca:c1017]
2019-06-14 09:09:29,290 INFO  client.GrpcClientProtocolClient (GrpcClientProtocolClient.java:onNext(254)) - client-C0E347E82FC5->e6065258-5a2c-4a72-9f81-ed1321f551ca: receive RaftClientReply:client-C0E347E82FC5->e6065258-5a2c-4a72-9f81-ed1321f551ca@group-13364FE26125, cid=585, SUCCESS, logIndex=1018, commits[e6065258-5a2c-4a72-9f81-ed1321f551ca:c1018]
2019-06-14 09:09:29,292 INFO  client.GrpcClientProtocolClient (GrpcClientProtocolClient.java:onNext(254)) - client-C0E347E82FC5->e6065258-5a2c-4a72-9f81-ed1321f551ca: receive RaftClientReply:client-C0E347E82FC5->e6065258-5a2c-4a72-9f81-ed1321f551ca@group-13364FE26125, cid=586, SUCCESS, logIndex=1020, commits[e6065258-5a2c-4a72-9f81-ed1321f551ca:c1020]
2019-06-14 09:09:29,293 INFO  client.GrpcClientProtocolClient (GrpcClientProtocolClient.java:onNext(254)) - client-C0E347E82FC5->e6065258-5a2c-4a72-9f81-ed1321f551ca: receive RaftClientReply:client-C0E347E82FC5->e6065258-5a2c-4a72-9f81-ed1321f551ca@group-13364FE26125, cid=587, SUCCESS, logIndex=1021, commits[e6065258-5a2c-4a72-9f81-ed1321f551ca:c1023]
2019-06-14 09:09:29,293 INFO  client.GrpcClientProtocolClient (GrpcClientProtocolClient.java:onNext(254)) - client-C0E347E82FC5->e6065258-5a2c-4a72-9f81-ed1321f551ca: receive RaftClientReply:client-C0E347E82FC5->e6065258-5a2c-4a72-9f81-ed1321f551ca@group-13364FE26125, cid=588, SUCCESS, logIndex=1023, commits[e6065258-5a2c-4a72-9f81-ed1321f551ca:c1023]
2019-06-14 09:09:29,295 DEBUG block.SCMBlockDeletingService (SCMBlockDeletingService.java:call(138)) - Running DeletedBlockTransactionScanner
2019-06-14 09:09:29,295 DEBUG block.SCMBlockDeletingService (SCMBlockDeletingService.java:call(155)) - Scanned deleted blocks log and got 0 delTX to process.
2019-06-14 09:09:29,299 INFO  client.GrpcClientProtocolClient (GrpcClientProtocolClient.java:onNext(254)) - client-C0E347E82FC5->e6065258-5a2c-4a72-9f81-ed1321f551ca: receive RaftClientReply:client-C0E347E82FC5->e6065258-5a2c-4a72-9f81-ed1321f551ca@group-13364FE26125, cid=589, SUCCESS, logIndex=1025, commits[e6065258-5a2c-4a72-9f81-ed1321f551ca:c1025]
2019-06-14 09:09:29,302 INFO  client.GrpcClientProtocolClient (GrpcClientProtocolClient.java:onNext(254)) - client-C0E347E82FC5->e6065258-5a2c-4a72-9f81-ed1321f551ca: receive RaftClientReply:client-C0E347E82FC5->e6065258-5a2c-4a72-9f81-ed1321f551ca@group-13364FE26125, cid=590, SUCCESS, logIndex=1027, commits[e6065258-5a2c-4a72-9f81-ed1321f551ca:c1027]
2019-06-14 09:09:29,303 INFO  client.GrpcClientProtocolClient (GrpcClientProtocolClient.java:onNext(254)) - client-C0E347E82FC5->e6065258-5a2c-4a72-9f81-ed1321f551ca: receive RaftClientReply:client-C0E347E82FC5->e6065258-5a2c-4a72-9f81-ed1321f551ca@group-13364FE26125, cid=591, SUCCESS, logIndex=1028, commits[e6065258-5a2c-4a72-9f81-ed1321f551ca:c1030]
2019-06-14 09:09:29,303 INFO  client.GrpcClientProtocolClient (GrpcClientProtocolClient.java:onNext(254)) - client-C0E347E82FC5->e6065258-5a2c-4a72-9f81-ed1321f551ca: receive RaftClientReply:client-C0E347E82FC5->e6065258-5a2c-4a72-9f81-ed1321f551ca@group-13364FE26125, cid=592, SUCCESS, logIndex=1029, commits[e6065258-5a2c-4a72-9f81-ed1321f551ca:c1030]
2019-06-14 09:09:29,312 INFO  client.GrpcClientProtocolClient (GrpcClientProtocolClient.java:onNext(254)) - client-C0E347E82FC5->e6065258-5a2c-4a72-9f81-ed1321f551ca: receive RaftClientReply:client-C0E347E82FC5->e6065258-5a2c-4a72-9f81-ed1321f551ca@group-13364FE26125, cid=593, SUCCESS, logIndex=1032, commits[e6065258-5a2c-4a72-9f81-ed1321f551ca:c1032]
2019-06-14 09:09:29,321 INFO  client.GrpcClientProtocolClient (GrpcClientProtocolClient.java:onNext(254)) - client-C0E347E82FC5->e6065258-5a2c-4a72-9f81-ed1321f551ca: receive RaftClientReply:client-C0E347E82FC5->e6065258-5a2c-4a72-9f81-ed1321f551ca@group-13364FE26125, cid=594, SUCCESS, logIndex=1034, commits[e6065258-5a2c-4a72-9f81-ed1321f551ca:c1034]
2019-06-14 09:09:29,322 INFO  client.GrpcClientProtocolClient (GrpcClientProtocolClient.java:onNext(254)) - client-C0E347E82FC5->e6065258-5a2c-4a72-9f81-ed1321f551ca: receive RaftClientReply:client-C0E347E82FC5->e6065258-5a2c-4a72-9f81-ed1321f551ca@group-13364FE26125, cid=595, SUCCESS, logIndex=1035, commits[e6065258-5a2c-4a72-9f81-ed1321f551ca:c1036]
2019-06-14 09:09:29,322 INFO  client.GrpcClientProtocolClient (GrpcClientProtocolClient.java:onNext(254)) - client-C0E347E82FC5->e6065258-5a2c-4a72-9f81-ed1321f551ca: receive RaftClientReply:client-C0E347E82FC5->e6065258-5a2c-4a72-9f81-ed1321f551ca@group-13364FE26125, cid=596, SUCCESS, logIndex=1037, commits[e6065258-5a2c-4a72-9f81-ed1321f551ca:c1037]
2019-06-14 09:09:29,329 INFO  client.GrpcClientProtocolClient (GrpcClientProtocolClient.java:onNext(254)) - client-C0E347E82FC5->e6065258-5a2c-4a72-9f81-ed1321f551ca: receive RaftClientReply:client-C0E347E82FC5->e6065258-5a2c-4a72-9f81-ed1321f551ca@group-13364FE26125, cid=597, SUCCESS, logIndex=1039, commits[e6065258-5a2c-4a72-9f81-ed1321f551ca:c1039]
2019-06-14 09:09:29,330 INFO  storage.RaftLogWorker (RaftLogWorker.java:rollLogSegment(303)) - e6065258-5a2c-4a72-9f81-ed1321f551ca-RaftLogWorker: Rolling segment log-973_1043 to index:1043
2019-06-14 09:09:29,331 INFO  storage.RaftLogWorker (RaftLogWorker.java:execute(433)) - e6065258-5a2c-4a72-9f81-ed1321f551ca-RaftLogWorker: Rolled log segment from /opt/src/hadoop-ozone/integration-test/target/test-dir/MiniOzoneClusterImpl-a56da109-a1cb-4168-8966-62306f2f2d23/datanode-0/data/ratis/920138aa-6f47-4d6d-b5cc-13364fe26125/current/log_inprogress_973 to /opt/src/hadoop-ozone/integration-test/target/test-dir/MiniOzoneClusterImpl-a56da109-a1cb-4168-8966-62306f2f2d23/datanode-0/data/ratis/920138aa-6f47-4d6d-b5cc-13364fe26125/current/log_973-1043
2019-06-14 09:09:29,332 INFO  client.GrpcClientProtocolClient (GrpcClientProtocolClient.java:onNext(254)) - client-C0E347E82FC5->e6065258-5a2c-4a72-9f81-ed1321f551ca: receive RaftClientReply:client-C0E347E82FC5->e6065258-5a2c-4a72-9f81-ed1321f551ca@group-13364FE26125, cid=598, SUCCESS, logIndex=1041, commits[e6065258-5a2c-4a72-9f81-ed1321f551ca:c1043]
2019-06-14 09:09:29,334 INFO  client.GrpcClientProtocolClient (GrpcClientProtocolClient.java:onNext(254)) - client-C0E347E82FC5->e6065258-5a2c-4a72-9f81-ed1321f551ca: receive RaftClientReply:client-C0E347E82FC5->e6065258-5a2c-4a72-9f81-ed1321f551ca@group-13364FE26125, cid=599, SUCCESS, logIndex=1042, commits[e6065258-5a2c-4a72-9f81-ed1321f551ca:c1043]
2019-06-14 09:09:29,370 INFO  storage.RaftLogWorker (RaftLogWorker.java:execute(469)) - e6065258-5a2c-4a72-9f81-ed1321f551ca-RaftLogWorker: created new log segment /opt/src/hadoop-ozone/integration-test/target/test-dir/MiniOzoneClusterImpl-a56da109-a1cb-4168-8966-62306f2f2d23/datanode-0/data/ratis/920138aa-6f47-4d6d-b5cc-13364fe26125/current/log_inprogress_1044
2019-06-14 09:09:29,372 INFO  client.GrpcClientProtocolClient (GrpcClientProtocolClient.java:onNext(254)) - client-C0E347E82FC5->e6065258-5a2c-4a72-9f81-ed1321f551ca: receive RaftClientReply:client-C0E347E82FC5->e6065258-5a2c-4a72-9f81-ed1321f551ca@group-13364FE26125, cid=600, SUCCESS, logIndex=1044, commits[e6065258-5a2c-4a72-9f81-ed1321f551ca:c1044]
2019-06-14 09:09:29,382 INFO  client.GrpcClientProtocolClient (GrpcClientProtocolClient.java:onNext(254)) - client-C0E347E82FC5->e6065258-5a2c-4a72-9f81-ed1321f551ca: receive RaftClientReply:client-C0E347E82FC5->e6065258-5a2c-4a72-9f81-ed1321f551ca@group-13364FE26125, cid=601, SUCCESS, logIndex=1046, commits[e6065258-5a2c-4a72-9f81-ed1321f551ca:c1046]
2019-06-14 09:09:29,385 INFO  client.GrpcClientProtocolClient (GrpcClientProtocolClient.java:onNext(254)) - client-C0E347E82FC5->e6065258-5a2c-4a72-9f81-ed1321f551ca: receive RaftClientReply:client-C0E347E82FC5->e6065258-5a2c-4a72-9f81-ed1321f551ca@group-13364FE26125, cid=602, SUCCESS, logIndex=1048, commits[e6065258-5a2c-4a72-9f81-ed1321f551ca:c1048]
2019-06-14 09:09:29,390 INFO  client.GrpcClientProtocolClient (GrpcClientProtocolClient.java:onNext(254)) - client-C0E347E82FC5->e6065258-5a2c-4a72-9f81-ed1321f551ca: receive RaftClientReply:client-C0E347E82FC5->e6065258-5a2c-4a72-9f81-ed1321f551ca@group-13364FE26125, cid=603, SUCCESS, logIndex=1049, commits[e6065258-5a2c-4a72-9f81-ed1321f551ca:c1051]
2019-06-14 09:09:29,390 INFO  client.GrpcClientProtocolClient (GrpcClientProtocolClient.java:onNext(254)) - client-C0E347E82FC5->e6065258-5a2c-4a72-9f81-ed1321f551ca: receive RaftClientReply:client-C0E347E82FC5->e6065258-5a2c-4a72-9f81-ed1321f551ca@group-13364FE26125, cid=604, SUCCESS, logIndex=1051, commits[e6065258-5a2c-4a72-9f81-ed1321f551ca:c1052]
2019-06-14 09:09:29,395 DEBUG block.SCMBlockDeletingService (SCMBlockDeletingService.java:call(138)) - Running DeletedBlockTransactionScanner
2019-06-14 09:09:29,396 DEBUG block.SCMBlockDeletingService (SCMBlockDeletingService.java:call(155)) - Scanned deleted blocks log and got 0 delTX to process.
2019-06-14 09:09:29,397 INFO  client.GrpcClientProtocolClient (GrpcClientProtocolClient.java:onNext(254)) - client-C0E347E82FC5->e6065258-5a2c-4a72-9f81-ed1321f551ca: receive RaftClientReply:client-C0E347E82FC5->e6065258-5a2c-4a72-9f81-ed1321f551ca@group-13364FE26125, cid=605, SUCCESS, logIndex=1053, commits[e6065258-5a2c-4a72-9f81-ed1321f551ca:c1053]
2019-06-14 09:09:29,399 INFO  client.GrpcClientProtocolClient (GrpcClientProtocolClient.java:onNext(254)) - client-C0E347E82FC5->e6065258-5a2c-4a72-9f81-ed1321f551ca: receive RaftClientReply:client-C0E347E82FC5->e6065258-5a2c-4a72-9f81-ed1321f551ca@group-13364FE26125, cid=606, SUCCESS, logIndex=1055, commits[e6065258-5a2c-4a72-9f81-ed1321f551ca:c1055]
2019-06-14 09:09:29,400 INFO  client.GrpcClientProtocolClient (GrpcClientProtocolClient.java:onNext(254)) - client-C0E347E82FC5->e6065258-5a2c-4a72-9f81-ed1321f551ca: receive RaftClientReply:client-C0E347E82FC5->e6065258-5a2c-4a72-9f81-ed1321f551ca@group-13364FE26125, cid=607, SUCCESS, logIndex=1056, commits[e6065258-5a2c-4a72-9f81-ed1321f551ca:c1058]
2019-06-14 09:09:29,400 INFO  client.GrpcClientProtocolClient (GrpcClientProtocolClient.java:onNext(254)) - client-C0E347E82FC5->e6065258-5a2c-4a72-9f81-ed1321f551ca: receive RaftClientReply:client-C0E347E82FC5->e6065258-5a2c-4a72-9f81-ed1321f551ca@group-13364FE26125, cid=608, SUCCESS, logIndex=1058, commits[e6065258-5a2c-4a72-9f81-ed1321f551ca:c1059]
2019-06-14 09:09:29,411 INFO  client.GrpcClientProtocolClient (GrpcClientProtocolClient.java:onNext(254)) - client-C0E347E82FC5->e6065258-5a2c-4a72-9f81-ed1321f551ca: receive RaftClientReply:client-C0E347E82FC5->e6065258-5a2c-4a72-9f81-ed1321f551ca@group-13364FE26125, cid=609, SUCCESS, logIndex=1060, commits[e6065258-5a2c-4a72-9f81-ed1321f551ca:c1060]
2019-06-14 09:09:29,412 INFO  client.GrpcClientProtocolClient (GrpcClientProtocolClient.java:onNext(254)) - client-C0E347E82FC5->e6065258-5a2c-4a72-9f81-ed1321f551ca: receive RaftClientReply:client-C0E347E82FC5->e6065258-5a2c-4a72-9f81-ed1321f551ca@group-13364FE26125, cid=610, SUCCESS, logIndex=1062, commits[e6065258-5a2c-4a72-9f81-ed1321f551ca:c1062]
2019-06-14 09:09:29,415 INFO  client.GrpcClientProtocolClient (GrpcClientProtocolClient.java:onNext(254)) - client-C0E347E82FC5->e6065258-5a2c-4a72-9f81-ed1321f551ca: receive RaftClientReply:client-C0E347E82FC5->e6065258-5a2c-4a72-9f81-ed1321f551ca@group-13364FE26125, cid=611, SUCCESS, logIndex=1064, commits[e6065258-5a2c-4a72-9f81-ed1321f551ca:c1065]
2019-06-14 09:09:29,415 INFO  client.GrpcClientProtocolClient (GrpcClientProtocolClient.java:onNext(254)) - client-C0E347E82FC5->e6065258-5a2c-4a72-9f81-ed1321f551ca: receive RaftClientReply:client-C0E347E82FC5->e6065258-5a2c-4a72-9f81-ed1321f551ca@group-13364FE26125, cid=612, SUCCESS, logIndex=1065, commits[e6065258-5a2c-4a72-9f81-ed1321f551ca:c1066]
2019-06-14 09:09:29,476 INFO  client.GrpcClientProtocolClient (GrpcClientProtocolClient.java:onNext(254)) - client-C0E347E82FC5->e6065258-5a2c-4a72-9f81-ed1321f551ca: receive RaftClientReply:client-C0E347E82FC5->e6065258-5a2c-4a72-9f81-ed1321f551ca@group-13364FE26125, cid=613, SUCCESS, logIndex=1067, commits[e6065258-5a2c-4a72-9f81-ed1321f551ca:c1067]
2019-06-14 09:09:29,477 INFO  client.GrpcClientProtocolClient (GrpcClientProtocolClient.java:onNext(254)) - client-C0E347E82FC5->e6065258-5a2c-4a72-9f81-ed1321f551ca: receive RaftClientReply:client-C0E347E82FC5->e6065258-5a2c-4a72-9f81-ed1321f551ca@group-13364FE26125, cid=614, SUCCESS, logIndex=1069, commits[e6065258-5a2c-4a72-9f81-ed1321f551ca:c1069]
2019-06-14 09:09:29,479 INFO  client.GrpcClientProtocolClient (GrpcClientProtocolClient.java:onNext(254)) - client-C0E347E82FC5->e6065258-5a2c-4a72-9f81-ed1321f551ca: receive RaftClientReply:client-C0E347E82FC5->e6065258-5a2c-4a72-9f81-ed1321f551ca@group-13364FE26125, cid=615, SUCCESS, logIndex=1070, commits[e6065258-5a2c-4a72-9f81-ed1321f551ca:c1072]
2019-06-14 09:09:29,479 INFO  client.GrpcClientProtocolClient (GrpcClientProtocolClient.java:onNext(254)) - client-C0E347E82FC5->e6065258-5a2c-4a72-9f81-ed1321f551ca: receive RaftClientReply:client-C0E347E82FC5->e6065258-5a2c-4a72-9f81-ed1321f551ca@group-13364FE26125, cid=616, SUCCESS, logIndex=1072, commits[e6065258-5a2c-4a72-9f81-ed1321f551ca:c1073]
2019-06-14 09:09:29,490 INFO  client.GrpcClientProtocolClient (GrpcClientProtocolClient.java:onNext(254)) - client-C0E347E82FC5->e6065258-5a2c-4a72-9f81-ed1321f551ca: receive RaftClientReply:client-C0E347E82FC5->e6065258-5a2c-4a72-9f81-ed1321f551ca@group-13364FE26125, cid=617, SUCCESS, logIndex=1074, commits[e6065258-5a2c-4a72-9f81-ed1321f551ca:c1074]
2019-06-14 09:09:29,493 INFO  client.GrpcClientProtocolClient (GrpcClientProtocolClient.java:onNext(254)) - client-C0E347E82FC5->e6065258-5a2c-4a72-9f81-ed1321f551ca: receive RaftClientReply:client-C0E347E82FC5->e6065258-5a2c-4a72-9f81-ed1321f551ca@group-13364FE26125, cid=618, SUCCESS, logIndex=1076, commits[e6065258-5a2c-4a72-9f81-ed1321f551ca:c1077]
2019-06-14 09:09:29,496 DEBUG block.SCMBlockDeletingService (SCMBlockDeletingService.java:call(138)) - Running DeletedBlockTransactionScanner
2019-06-14 09:09:29,496 DEBUG block.SCMBlockDeletingService (SCMBlockDeletingService.java:call(155)) - Scanned deleted blocks log and got 0 delTX to process.
2019-06-14 09:09:29,559 INFO  client.GrpcClientProtocolClient (GrpcClientProtocolClient.java:onNext(254)) - client-C0E347E82FC5->e6065258-5a2c-4a72-9f81-ed1321f551ca: receive RaftClientReply:client-C0E347E82FC5->e6065258-5a2c-4a72-9f81-ed1321f551ca@group-13364FE26125, cid=619, SUCCESS, logIndex=1078, commits[e6065258-5a2c-4a72-9f81-ed1321f551ca:c1078]
2019-06-14 09:09:29,560 INFO  client.GrpcClientProtocolClient (GrpcClientProtocolClient.java:onNext(254)) - client-C0E347E82FC5->e6065258-5a2c-4a72-9f81-ed1321f551ca: receive RaftClientReply:client-C0E347E82FC5->e6065258-5a2c-4a72-9f81-ed1321f551ca@group-13364FE26125, cid=620, SUCCESS, logIndex=1080, commits[e6065258-5a2c-4a72-9f81-ed1321f551ca:c1080]
2019-06-14 09:09:29,566 INFO  client.GrpcClientProtocolClient (GrpcClientProtocolClient.java:onNext(254)) - client-C0E347E82FC5->e6065258-5a2c-4a72-9f81-ed1321f551ca: receive RaftClientReply:client-C0E347E82FC5->e6065258-5a2c-4a72-9f81-ed1321f551ca@group-13364FE26125, cid=621, SUCCESS, logIndex=1082, commits[e6065258-5a2c-4a72-9f81-ed1321f551ca:c1082]
2019-06-14 09:09:29,569 INFO  client.GrpcClientProtocolClient (GrpcClientProtocolClient.java:onNext(254)) - client-C0E347E82FC5->e6065258-5a2c-4a72-9f81-ed1321f551ca: receive RaftClientReply:client-C0E347E82FC5->e6065258-5a2c-4a72-9f81-ed1321f551ca@group-13364FE26125, cid=622, SUCCESS, logIndex=1084, commits[e6065258-5a2c-4a72-9f81-ed1321f551ca:c1084]
2019-06-14 09:09:29,570 INFO  client.GrpcClientProtocolClient (GrpcClientProtocolClient.java:onNext(254)) - client-C0E347E82FC5->e6065258-5a2c-4a72-9f81-ed1321f551ca: receive RaftClientReply:client-C0E347E82FC5->e6065258-5a2c-4a72-9f81-ed1321f551ca@group-13364FE26125, cid=623, SUCCESS, logIndex=1085, commits[e6065258-5a2c-4a72-9f81-ed1321f551ca:c1086]
2019-06-14 09:09:29,570 INFO  client.GrpcClientProtocolClient (GrpcClientProtocolClient.java:onNext(254)) - client-C0E347E82FC5->e6065258-5a2c-4a72-9f81-ed1321f551ca: receive RaftClientReply:client-C0E347E82FC5->e6065258-5a2c-4a72-9f81-ed1321f551ca@group-13364FE26125, cid=624, SUCCESS, logIndex=1086, commits[e6065258-5a2c-4a72-9f81-ed1321f551ca:c1086]
2019-06-14 09:09:29,579 INFO  client.GrpcClientProtocolClient (GrpcClientProtocolClient.java:onNext(254)) - client-C0E347E82FC5->e6065258-5a2c-4a72-9f81-ed1321f551ca: receive RaftClientReply:client-C0E347E82FC5->e6065258-5a2c-4a72-9f81-ed1321f551ca@group-13364FE26125, cid=625, SUCCESS, logIndex=1089, commits[e6065258-5a2c-4a72-9f81-ed1321f551ca:c1089]
2019-06-14 09:09:29,581 INFO  client.GrpcClientProtocolClient (GrpcClientProtocolClient.java:onNext(254)) - client-C0E347E82FC5->e6065258-5a2c-4a72-9f81-ed1321f551ca: receive RaftClientReply:client-C0E347E82FC5->e6065258-5a2c-4a72-9f81-ed1321f551ca@group-13364FE26125, cid=626, SUCCESS, logIndex=1091, commits[e6065258-5a2c-4a72-9f81-ed1321f551ca:c1091]
2019-06-14 09:09:29,582 INFO  client.GrpcClientProtocolClient (GrpcClientProtocolClient.java:onNext(254)) - client-C0E347E82FC5->e6065258-5a2c-4a72-9f81-ed1321f551ca: receive RaftClientReply:client-C0E347E82FC5->e6065258-5a2c-4a72-9f81-ed1321f551ca@group-13364FE26125, cid=627, SUCCESS, logIndex=1092, commits[e6065258-5a2c-4a72-9f81-ed1321f551ca:c1094]
2019-06-14 09:09:29,582 INFO  client.GrpcClientProtocolClient (GrpcClientProtocolClient.java:onNext(254)) - client-C0E347E82FC5->e6065258-5a2c-4a72-9f81-ed1321f551ca: receive RaftClientReply:client-C0E347E82FC5->e6065258-5a2c-4a72-9f81-ed1321f551ca@group-13364FE26125, cid=628, SUCCESS, logIndex=1093, commits[e6065258-5a2c-4a72-9f81-ed1321f551ca:c1094]
2019-06-14 09:09:29,588 INFO  client.GrpcClientProtocolClient (GrpcClientProtocolClient.java:onNext(254)) - client-C0E347E82FC5->e6065258-5a2c-4a72-9f81-ed1321f551ca: receive RaftClientReply:client-C0E347E82FC5->e6065258-5a2c-4a72-9f81-ed1321f551ca@group-13364FE26125, cid=629, SUCCESS, logIndex=1095, commits[e6065258-5a2c-4a72-9f81-ed1321f551ca:c1095]
2019-06-14 09:09:29,590 INFO  client.GrpcClientProtocolClient (GrpcClientProtocolClient.java:onNext(254)) - client-C0E347E82FC5->e6065258-5a2c-4a72-9f81-ed1321f551ca: receive RaftClientReply:client-C0E347E82FC5->e6065258-5a2c-4a72-9f81-ed1321f551ca@group-13364FE26125, cid=630, SUCCESS, logIndex=1097, commits[e6065258-5a2c-4a72-9f81-ed1321f551ca:c1097]
2019-06-14 09:09:29,592 INFO  client.GrpcClientProtocolClient (GrpcClientProtocolClient.java:onNext(254)) - client-C0E347E82FC5->e6065258-5a2c-4a72-9f81-ed1321f551ca: receive RaftClientReply:client-C0E347E82FC5->e6065258-5a2c-4a72-9f81-ed1321f551ca@group-13364FE26125, cid=631, SUCCESS, logIndex=1098, commits[e6065258-5a2c-4a72-9f81-ed1321f551ca:c1100]
2019-06-14 09:09:29,593 INFO  client.GrpcClientProtocolClient (GrpcClientProtocolClient.java:onNext(254)) - client-C0E347E82FC5->e6065258-5a2c-4a72-9f81-ed1321f551ca: receive RaftClientReply:client-C0E347E82FC5->e6065258-5a2c-4a72-9f81-ed1321f551ca@group-13364FE26125, cid=632, SUCCESS, logIndex=1099, commits[e6065258-5a2c-4a72-9f81-ed1321f551ca:c1100]
2019-06-14 09:09:29,596 DEBUG block.SCMBlockDeletingService (SCMBlockDeletingService.java:call(138)) - Running DeletedBlockTransactionScanner
2019-06-14 09:09:29,596 DEBUG block.SCMBlockDeletingService (SCMBlockDeletingService.java:call(155)) - Scanned deleted blocks log and got 0 delTX to process.
2019-06-14 09:09:29,603 INFO  client.GrpcClientProtocolClient (GrpcClientProtocolClient.java:onNext(254)) - client-C0E347E82FC5->e6065258-5a2c-4a72-9f81-ed1321f551ca: receive RaftClientReply:client-C0E347E82FC5->e6065258-5a2c-4a72-9f81-ed1321f551ca@group-13364FE26125, cid=633, SUCCESS, logIndex=1101, commits[e6065258-5a2c-4a72-9f81-ed1321f551ca:c1101]
2019-06-14 09:09:29,606 INFO  client.GrpcClientProtocolClient (GrpcClientProtocolClient.java:onNext(254)) - client-C0E347E82FC5->e6065258-5a2c-4a72-9f81-ed1321f551ca: receive RaftClientReply:client-C0E347E82FC5->e6065258-5a2c-4a72-9f81-ed1321f551ca@group-13364FE26125, cid=634, SUCCESS, logIndex=1103, commits[e6065258-5a2c-4a72-9f81-ed1321f551ca:c1103]
2019-06-14 09:09:29,606 INFO  client.GrpcClientProtocolClient (GrpcClientProtocolClient.java:onNext(254)) - client-C0E347E82FC5->e6065258-5a2c-4a72-9f81-ed1321f551ca: receive RaftClientReply:client-C0E347E82FC5->e6065258-5a2c-4a72-9f81-ed1321f551ca@group-13364FE26125, cid=635, SUCCESS, logIndex=1104, commits[e6065258-5a2c-4a72-9f81-ed1321f551ca:c1105]
2019-06-14 09:09:29,607 INFO  client.GrpcClientProtocolClient (GrpcClientProtocolClient.java:onNext(254)) - client-C0E347E82FC5->e6065258-5a2c-4a72-9f81-ed1321f551ca: receive RaftClientReply:client-C0E347E82FC5->e6065258-5a2c-4a72-9f81-ed1321f551ca@group-13364FE26125, cid=636, SUCCESS, logIndex=1105, commits[e6065258-5a2c-4a72-9f81-ed1321f551ca:c1105]
2019-06-14 09:09:29,613 INFO  client.GrpcClientProtocolClient (GrpcClientProtocolClient.java:onNext(254)) - client-C0E347E82FC5->e6065258-5a2c-4a72-9f81-ed1321f551ca: receive RaftClientReply:client-C0E347E82FC5->e6065258-5a2c-4a72-9f81-ed1321f551ca@group-13364FE26125, cid=637, SUCCESS, logIndex=1108, commits[e6065258-5a2c-4a72-9f81-ed1321f551ca:c1108]
2019-06-14 09:09:29,618 INFO  client.GrpcClientProtocolClient (GrpcClientProtocolClient.java:onNext(254)) - client-C0E347E82FC5->e6065258-5a2c-4a72-9f81-ed1321f551ca: receive RaftClientReply:client-C0E347E82FC5->e6065258-5a2c-4a72-9f81-ed1321f551ca@group-13364FE26125, cid=638, SUCCESS, logIndex=1110, commits[e6065258-5a2c-4a72-9f81-ed1321f551ca:c1110]
2019-06-14 09:09:29,623 INFO  client.GrpcClientProtocolClient (GrpcClientProtocolClient.java:onNext(254)) - client-C0E347E82FC5->e6065258-5a2c-4a72-9f81-ed1321f551ca: receive RaftClientReply:client-C0E347E82FC5->e6065258-5a2c-4a72-9f81-ed1321f551ca@group-13364FE26125, cid=639, SUCCESS, logIndex=1111, commits[e6065258-5a2c-4a72-9f81-ed1321f551ca:c1112]
2019-06-14 09:09:29,623 INFO  client.GrpcClientProtocolClient (GrpcClientProtocolClient.java:onNext(254)) - client-C0E347E82FC5->e6065258-5a2c-4a72-9f81-ed1321f551ca: receive RaftClientReply:client-C0E347E82FC5->e6065258-5a2c-4a72-9f81-ed1321f551ca@group-13364FE26125, cid=640, SUCCESS, logIndex=1113, commits[e6065258-5a2c-4a72-9f81-ed1321f551ca:c1113]
2019-06-14 09:09:29,633 INFO  client.GrpcClientProtocolClient (GrpcClientProtocolClient.java:onNext(254)) - client-C0E347E82FC5->e6065258-5a2c-4a72-9f81-ed1321f551ca: receive RaftClientReply:client-C0E347E82FC5->e6065258-5a2c-4a72-9f81-ed1321f551ca@group-13364FE26125, cid=641, SUCCESS, logIndex=1115, commits[e6065258-5a2c-4a72-9f81-ed1321f551ca:c1115]
2019-06-14 09:09:29,633 INFO  storage.RaftLogWorker (RaftLogWorker.java:rollLogSegment(303)) - e6065258-5a2c-4a72-9f81-ed1321f551ca-RaftLogWorker: Rolling segment log-1044_1117 to index:1117
2019-06-14 09:09:29,635 INFO  storage.RaftLogWorker (RaftLogWorker.java:execute(433)) - e6065258-5a2c-4a72-9f81-ed1321f551ca-RaftLogWorker: Rolled log segment from /opt/src/hadoop-ozone/integration-test/target/test-dir/MiniOzoneClusterImpl-a56da109-a1cb-4168-8966-62306f2f2d23/datanode-0/data/ratis/920138aa-6f47-4d6d-b5cc-13364fe26125/current/log_inprogress_1044 to /opt/src/hadoop-ozone/integration-test/target/test-dir/MiniOzoneClusterImpl-a56da109-a1cb-4168-8966-62306f2f2d23/datanode-0/data/ratis/920138aa-6f47-4d6d-b5cc-13364fe26125/current/log_1044-1117
2019-06-14 09:09:29,638 INFO  client.GrpcClientProtocolClient (GrpcClientProtocolClient.java:onNext(254)) - client-C0E347E82FC5->e6065258-5a2c-4a72-9f81-ed1321f551ca: receive RaftClientReply:client-C0E347E82FC5->e6065258-5a2c-4a72-9f81-ed1321f551ca@group-13364FE26125, cid=642, SUCCESS, logIndex=1117, commits[e6065258-5a2c-4a72-9f81-ed1321f551ca:c1117]
2019-06-14 09:09:29,678 INFO  storage.RaftLogWorker (RaftLogWorker.java:execute(469)) - e6065258-5a2c-4a72-9f81-ed1321f551ca-RaftLogWorker: created new log segment /opt/src/hadoop-ozone/integration-test/target/test-dir/MiniOzoneClusterImpl-a56da109-a1cb-4168-8966-62306f2f2d23/datanode-0/data/ratis/920138aa-6f47-4d6d-b5cc-13364fe26125/current/log_inprogress_1118
2019-06-14 09:09:29,680 INFO  client.GrpcClientProtocolClient (GrpcClientProtocolClient.java:onNext(254)) - client-C0E347E82FC5->e6065258-5a2c-4a72-9f81-ed1321f551ca: receive RaftClientReply:client-C0E347E82FC5->e6065258-5a2c-4a72-9f81-ed1321f551ca@group-13364FE26125, cid=643, SUCCESS, logIndex=1118, commits[e6065258-5a2c-4a72-9f81-ed1321f551ca:c1120]
2019-06-14 09:09:29,681 INFO  client.GrpcClientProtocolClient (GrpcClientProtocolClient.java:onNext(254)) - client-C0E347E82FC5->e6065258-5a2c-4a72-9f81-ed1321f551ca: receive RaftClientReply:client-C0E347E82FC5->e6065258-5a2c-4a72-9f81-ed1321f551ca@group-13364FE26125, cid=644, SUCCESS, logIndex=1119, commits[e6065258-5a2c-4a72-9f81-ed1321f551ca:c1120]
2019-06-14 09:09:29,689 INFO  client.GrpcClientProtocolClient (GrpcClientProtocolClient.java:onNext(254)) - client-C0E347E82FC5->e6065258-5a2c-4a72-9f81-ed1321f551ca: receive RaftClientReply:client-C0E347E82FC5->e6065258-5a2c-4a72-9f81-ed1321f551ca@group-13364FE26125, cid=645, SUCCESS, logIndex=1121, commits[e6065258-5a2c-4a72-9f81-ed1321f551ca:c1121]
2019-06-14 09:09:29,691 INFO  client.GrpcClientProtocolClient (GrpcClientProtocolClient.java:onNext(254)) - client-C0E347E82FC5->e6065258-5a2c-4a72-9f81-ed1321f551ca: receive RaftClientReply:client-C0E347E82FC5->e6065258-5a2c-4a72-9f81-ed1321f551ca@group-13364FE26125, cid=646, SUCCESS, logIndex=1123, commits[e6065258-5a2c-4a72-9f81-ed1321f551ca:c1123]
2019-06-14 09:09:29,692 INFO  client.GrpcClientProtocolClient (GrpcClientProtocolClient.java:onNext(254)) - client-C0E347E82FC5->e6065258-5a2c-4a72-9f81-ed1321f551ca: receive RaftClientReply:client-C0E347E82FC5->e6065258-5a2c-4a72-9f81-ed1321f551ca@group-13364FE26125, cid=647, SUCCESS, logIndex=1124, commits[e6065258-5a2c-4a72-9f81-ed1321f551ca:c1125]
2019-06-14 09:09:29,692 INFO  client.GrpcClientProtocolClient (GrpcClientProtocolClient.java:onNext(254)) - client-C0E347E82FC5->e6065258-5a2c-4a72-9f81-ed1321f551ca: receive RaftClientReply:client-C0E347E82FC5->e6065258-5a2c-4a72-9f81-ed1321f551ca@group-13364FE26125, cid=648, SUCCESS, logIndex=1125, commits[e6065258-5a2c-4a72-9f81-ed1321f551ca:c1126]
2019-06-14 09:09:29,697 DEBUG block.SCMBlockDeletingService (SCMBlockDeletingService.java:call(138)) - Running DeletedBlockTransactionScanner
2019-06-14 09:09:29,697 DEBUG block.SCMBlockDeletingService (SCMBlockDeletingService.java:call(155)) - Scanned deleted blocks log and got 0 delTX to process.
2019-06-14 09:09:29,701 INFO  client.GrpcClientProtocolClient (GrpcClientProtocolClient.java:onNext(254)) - client-C0E347E82FC5->e6065258-5a2c-4a72-9f81-ed1321f551ca: receive RaftClientReply:client-C0E347E82FC5->e6065258-5a2c-4a72-9f81-ed1321f551ca@group-13364FE26125, cid=649, SUCCESS, logIndex=1128, commits[e6065258-5a2c-4a72-9f81-ed1321f551ca:c1128]
2019-06-14 09:09:29,702 INFO  client.GrpcClientProtocolClient (GrpcClientProtocolClient.java:onNext(254)) - client-C0E347E82FC5->e6065258-5a2c-4a72-9f81-ed1321f551ca: receive RaftClientReply:client-C0E347E82FC5->e6065258-5a2c-4a72-9f81-ed1321f551ca@group-13364FE26125, cid=650, SUCCESS, logIndex=1130, commits[e6065258-5a2c-4a72-9f81-ed1321f551ca:c1130]
2019-06-14 09:09:29,704 INFO  client.GrpcClientProtocolClient (GrpcClientProtocolClient.java:onNext(254)) - client-C0E347E82FC5->e6065258-5a2c-4a72-9f81-ed1321f551ca: receive RaftClientReply:client-C0E347E82FC5->e6065258-5a2c-4a72-9f81-ed1321f551ca@group-13364FE26125, cid=651, SUCCESS, logIndex=1132, commits[e6065258-5a2c-4a72-9f81-ed1321f551ca:c1133]
2019-06-14 09:09:29,705 INFO  client.GrpcClientProtocolClient (GrpcClientProtocolClient.java:onNext(254)) - client-C0E347E82FC5->e6065258-5a2c-4a72-9f81-ed1321f551ca: receive RaftClientReply:client-C0E347E82FC5->e6065258-5a2c-4a72-9f81-ed1321f551ca@group-13364FE26125, cid=652, SUCCESS, logIndex=1133, commits[e6065258-5a2c-4a72-9f81-ed1321f551ca:c1133]
2019-06-14 09:09:29,710 INFO  client.GrpcClientProtocolClient (GrpcClientProtocolClient.java:onNext(254)) - client-C0E347E82FC5->e6065258-5a2c-4a72-9f81-ed1321f551ca: receive RaftClientReply:client-C0E347E82FC5->e6065258-5a2c-4a72-9f81-ed1321f551ca@group-13364FE26125, cid=653, SUCCESS, logIndex=1135, commits[e6065258-5a2c-4a72-9f81-ed1321f551ca:c1135]
2019-06-14 09:09:29,712 INFO  client.GrpcClientProtocolClient (GrpcClientProtocolClient.java:onNext(254)) - client-C0E347E82FC5->e6065258-5a2c-4a72-9f81-ed1321f551ca: receive RaftClientReply:client-C0E347E82FC5->e6065258-5a2c-4a72-9f81-ed1321f551ca@group-13364FE26125, cid=654, SUCCESS, logIndex=1137, commits[e6065258-5a2c-4a72-9f81-ed1321f551ca:c1137]
2019-06-14 09:09:29,713 INFO  client.GrpcClientProtocolClient (GrpcClientProtocolClient.java:onNext(254)) - client-C0E347E82FC5->e6065258-5a2c-4a72-9f81-ed1321f551ca: receive RaftClientReply:client-C0E347E82FC5->e6065258-5a2c-4a72-9f81-ed1321f551ca@group-13364FE26125, cid=655, SUCCESS, logIndex=1138, commits[e6065258-5a2c-4a72-9f81-ed1321f551ca:c1140]
2019-06-14 09:09:29,713 INFO  client.GrpcClientProtocolClient (GrpcClientProtocolClient.java:onNext(254)) - client-C0E347E82FC5->e6065258-5a2c-4a72-9f81-ed1321f551ca: receive RaftClientReply:client-C0E347E82FC5->e6065258-5a2c-4a72-9f81-ed1321f551ca@group-13364FE26125, cid=656, SUCCESS, logIndex=1139, commits[e6065258-5a2c-4a72-9f81-ed1321f551ca:c1140]
2019-06-14 09:09:29,722 INFO  client.GrpcClientProtocolClient (GrpcClientProtocolClient.java:onNext(254)) - client-C0E347E82FC5->e6065258-5a2c-4a72-9f81-ed1321f551ca: receive RaftClientReply:client-C0E347E82FC5->e6065258-5a2c-4a72-9f81-ed1321f551ca@group-13364FE26125, cid=657, SUCCESS, logIndex=1141, commits[e6065258-5a2c-4a72-9f81-ed1321f551ca:c1141]
2019-06-14 09:09:29,725 INFO  client.GrpcClientProtocolClient (GrpcClientProtocolClient.java:onNext(254)) - client-C0E347E82FC5->e6065258-5a2c-4a72-9f81-ed1321f551ca: receive RaftClientReply:client-C0E347E82FC5->e6065258-5a2c-4a72-9f81-ed1321f551ca@group-13364FE26125, cid=658, SUCCESS, logIndex=1143, commits[e6065258-5a2c-4a72-9f81-ed1321f551ca:c1143]
2019-06-14 09:09:29,725 INFO  client.GrpcClientProtocolClient (GrpcClientProtocolClient.java:onNext(254)) - client-C0E347E82FC5->e6065258-5a2c-4a72-9f81-ed1321f551ca: receive RaftClientReply:client-C0E347E82FC5->e6065258-5a2c-4a72-9f81-ed1321f551ca@group-13364FE26125, cid=659, SUCCESS, logIndex=1144, commits[e6065258-5a2c-4a72-9f81-ed1321f551ca:c1144]
2019-06-14 09:09:29,726 INFO  client.GrpcClientProtocolClient (GrpcClientProtocolClient.java:onNext(254)) - client-C0E347E82FC5->e6065258-5a2c-4a72-9f81-ed1321f551ca: receive RaftClientReply:client-C0E347E82FC5->e6065258-5a2c-4a72-9f81-ed1321f551ca@group-13364FE26125, cid=660, SUCCESS, logIndex=1146, commits[e6065258-5a2c-4a72-9f81-ed1321f551ca:c1146]
2019-06-14 09:09:29,732 INFO  client.GrpcClientProtocolClient (GrpcClientProtocolClient.java:onNext(254)) - client-C0E347E82FC5->e6065258-5a2c-4a72-9f81-ed1321f551ca: receive RaftClientReply:client-C0E347E82FC5->e6065258-5a2c-4a72-9f81-ed1321f551ca@group-13364FE26125, cid=661, SUCCESS, logIndex=1149, commits[e6065258-5a2c-4a72-9f81-ed1321f551ca:c1149]
2019-06-14 09:09:29,734 INFO  client.GrpcClientProtocolClient (GrpcClientProtocolClient.java:onNext(254)) - client-C0E347E82FC5->e6065258-5a2c-4a72-9f81-ed1321f551ca: receive RaftClientReply:client-C0E347E82FC5->e6065258-5a2c-4a72-9f81-ed1321f551ca@group-13364FE26125, cid=662, SUCCESS, logIndex=1151, commits[e6065258-5a2c-4a72-9f81-ed1321f551ca:c1151]
2019-06-14 09:09:29,797 DEBUG block.SCMBlockDeletingService (SCMBlockDeletingService.java:call(138)) - Running DeletedBlockTransactionScanner
2019-06-14 09:09:29,797 DEBUG block.SCMBlockDeletingService (SCMBlockDeletingService.java:call(155)) - Scanned deleted blocks log and got 0 delTX to process.
2019-06-14 09:09:29,799 INFO  client.GrpcClientProtocolClient (GrpcClientProtocolClient.java:onNext(254)) - client-C0E347E82FC5->e6065258-5a2c-4a72-9f81-ed1321f551ca: receive RaftClientReply:client-C0E347E82FC5->e6065258-5a2c-4a72-9f81-ed1321f551ca@group-13364FE26125, cid=663, SUCCESS, logIndex=1153, commits[e6065258-5a2c-4a72-9f81-ed1321f551ca:c1153]
2019-06-14 09:09:29,801 INFO  client.GrpcClientProtocolClient (GrpcClientProtocolClient.java:onNext(254)) - client-C0E347E82FC5->e6065258-5a2c-4a72-9f81-ed1321f551ca: receive RaftClientReply:client-C0E347E82FC5->e6065258-5a2c-4a72-9f81-ed1321f551ca@group-13364FE26125, cid=664, SUCCESS, logIndex=1155, commits[e6065258-5a2c-4a72-9f81-ed1321f551ca:c1155]
2019-06-14 09:09:29,812 INFO  client.GrpcClientProtocolClient (GrpcClientProtocolClient.java:onNext(254)) - client-C0E347E82FC5->e6065258-5a2c-4a72-9f81-ed1321f551ca: receive RaftClientReply:client-C0E347E82FC5->e6065258-5a2c-4a72-9f81-ed1321f551ca@group-13364FE26125, cid=665, SUCCESS, logIndex=1157, commits[e6065258-5a2c-4a72-9f81-ed1321f551ca:c1157]
2019-06-14 09:09:29,813 INFO  client.GrpcClientProtocolClient (GrpcClientProtocolClient.java:onNext(254)) - client-C0E347E82FC5->e6065258-5a2c-4a72-9f81-ed1321f551ca: receive RaftClientReply:client-C0E347E82FC5->e6065258-5a2c-4a72-9f81-ed1321f551ca@group-13364FE26125, cid=666, SUCCESS, logIndex=1159, commits[e6065258-5a2c-4a72-9f81-ed1321f551ca:c1159]
2019-06-14 09:09:29,814 INFO  client.GrpcClientProtocolClient (GrpcClientProtocolClient.java:onNext(254)) - client-C0E347E82FC5->e6065258-5a2c-4a72-9f81-ed1321f551ca: receive RaftClientReply:client-C0E347E82FC5->e6065258-5a2c-4a72-9f81-ed1321f551ca@group-13364FE26125, cid=667, SUCCESS, logIndex=1160, commits[e6065258-5a2c-4a72-9f81-ed1321f551ca:c1162]
2019-06-14 09:09:29,815 INFO  client.GrpcClientProtocolClient (GrpcClientProtocolClient.java:onNext(254)) - client-C0E347E82FC5->e6065258-5a2c-4a72-9f81-ed1321f551ca: receive RaftClientReply:client-C0E347E82FC5->e6065258-5a2c-4a72-9f81-ed1321f551ca@group-13364FE26125, cid=668, SUCCESS, logIndex=1161, commits[e6065258-5a2c-4a72-9f81-ed1321f551ca:c1162]
2019-06-14 09:09:29,822 INFO  client.GrpcClientProtocolClient (GrpcClientProtocolClient.java:onNext(254)) - client-C0E347E82FC5->e6065258-5a2c-4a72-9f81-ed1321f551ca: receive RaftClientReply:client-C0E347E82FC5->e6065258-5a2c-4a72-9f81-ed1321f551ca@group-13364FE26125, cid=669, SUCCESS, logIndex=1163, commits[e6065258-5a2c-4a72-9f81-ed1321f551ca:c1163]
2019-06-14 09:09:29,824 INFO  client.GrpcClientProtocolClient (GrpcClientProtocolClient.java:onNext(254)) - client-C0E347E82FC5->e6065258-5a2c-4a72-9f81-ed1321f551ca: receive RaftClientReply:client-C0E347E82FC5->e6065258-5a2c-4a72-9f81-ed1321f551ca@group-13364FE26125, cid=670, SUCCESS, logIndex=1165, commits[e6065258-5a2c-4a72-9f81-ed1321f551ca:c1165]
2019-06-14 09:09:29,826 INFO  client.GrpcClientProtocolClient (GrpcClientProtocolClient.java:onNext(254)) - client-C0E347E82FC5->e6065258-5a2c-4a72-9f81-ed1321f551ca: receive RaftClientReply:client-C0E347E82FC5->e6065258-5a2c-4a72-9f81-ed1321f551ca@group-13364FE26125, cid=671, SUCCESS, logIndex=1167, commits[e6065258-5a2c-4a72-9f81-ed1321f551ca:c1168]
2019-06-14 09:09:29,827 INFO  client.GrpcClientProtocolClient (GrpcClientProtocolClient.java:onNext(254)) - client-C0E347E82FC5->e6065258-5a2c-4a72-9f81-ed1321f551ca: receive RaftClientReply:client-C0E347E82FC5->e6065258-5a2c-4a72-9f81-ed1321f551ca@group-13364FE26125, cid=672, SUCCESS, logIndex=1168, commits[e6065258-5a2c-4a72-9f81-ed1321f551ca:c1168]
2019-06-14 09:09:29,837 INFO  client.GrpcClientProtocolClient (GrpcClientProtocolClient.java:onNext(254)) - client-C0E347E82FC5->e6065258-5a2c-4a72-9f81-ed1321f551ca: receive RaftClientReply:client-C0E347E82FC5->e6065258-5a2c-4a72-9f81-ed1321f551ca@group-13364FE26125, cid=673, SUCCESS, logIndex=1170, commits[e6065258-5a2c-4a72-9f81-ed1321f551ca:c1170]
2019-06-14 09:09:29,839 INFO  client.GrpcClientProtocolClient (GrpcClientProtocolClient.java:onNext(254)) - client-C0E347E82FC5->e6065258-5a2c-4a72-9f81-ed1321f551ca: receive RaftClientReply:client-C0E347E82FC5->e6065258-5a2c-4a72-9f81-ed1321f551ca@group-13364FE26125, cid=674, SUCCESS, logIndex=1172, commits[e6065258-5a2c-4a72-9f81-ed1321f551ca:c1172]
2019-06-14 09:09:29,840 INFO  client.GrpcClientProtocolClient (GrpcClientProtocolClient.java:onNext(254)) - client-C0E347E82FC5->e6065258-5a2c-4a72-9f81-ed1321f551ca: receive RaftClientReply:client-C0E347E82FC5->e6065258-5a2c-4a72-9f81-ed1321f551ca@group-13364FE26125, cid=675, SUCCESS, logIndex=1173, commits[e6065258-5a2c-4a72-9f81-ed1321f551ca:c1175]
2019-06-14 09:09:29,840 INFO  client.GrpcClientProtocolClient (GrpcClientProtocolClient.java:onNext(254)) - client-C0E347E82FC5->e6065258-5a2c-4a72-9f81-ed1321f551ca: receive RaftClientReply:client-C0E347E82FC5->e6065258-5a2c-4a72-9f81-ed1321f551ca@group-13364FE26125, cid=676, SUCCESS, logIndex=1175, commits[e6065258-5a2c-4a72-9f81-ed1321f551ca:c1175]
2019-06-14 09:09:29,847 INFO  client.GrpcClientProtocolClient (GrpcClientProtocolClient.java:onNext(254)) - client-C0E347E82FC5->e6065258-5a2c-4a72-9f81-ed1321f551ca: receive RaftClientReply:client-C0E347E82FC5->e6065258-5a2c-4a72-9f81-ed1321f551ca@group-13364FE26125, cid=677, SUCCESS, logIndex=1177, commits[e6065258-5a2c-4a72-9f81-ed1321f551ca:c1177]
2019-06-14 09:09:29,849 INFO  client.GrpcClientProtocolClient (GrpcClientProtocolClient.java:onNext(254)) - client-C0E347E82FC5->e6065258-5a2c-4a72-9f81-ed1321f551ca: receive RaftClientReply:client-C0E347E82FC5->e6065258-5a2c-4a72-9f81-ed1321f551ca@group-13364FE26125, cid=678, SUCCESS, logIndex=1179, commits[e6065258-5a2c-4a72-9f81-ed1321f551ca:c1179]
2019-06-14 09:09:29,850 INFO  client.GrpcClientProtocolClient (GrpcClientProtocolClient.java:onNext(254)) - client-C0E347E82FC5->e6065258-5a2c-4a72-9f81-ed1321f551ca: receive RaftClientReply:client-C0E347E82FC5->e6065258-5a2c-4a72-9f81-ed1321f551ca@group-13364FE26125, cid=679, SUCCESS, logIndex=1180, commits[e6065258-5a2c-4a72-9f81-ed1321f551ca:c1182]
2019-06-14 09:09:29,851 INFO  client.GrpcClientProtocolClient (GrpcClientProtocolClient.java:onNext(254)) - client-C0E347E82FC5->e6065258-5a2c-4a72-9f81-ed1321f551ca: receive RaftClientReply:client-C0E347E82FC5->e6065258-5a2c-4a72-9f81-ed1321f551ca@group-13364FE26125, cid=680, SUCCESS, logIndex=1182, commits[e6065258-5a2c-4a72-9f81-ed1321f551ca:c1183]
2019-06-14 09:09:29,898 DEBUG block.SCMBlockDeletingService (SCMBlockDeletingService.java:call(138)) - Running DeletedBlockTransactionScanner
2019-06-14 09:09:29,898 DEBUG block.SCMBlockDeletingService (SCMBlockDeletingService.java:call(155)) - Scanned deleted blocks log and got 0 delTX to process.
2019-06-14 09:09:29,900 INFO  client.GrpcClientProtocolClient (GrpcClientProtocolClient.java:onNext(254)) - client-C0E347E82FC5->e6065258-5a2c-4a72-9f81-ed1321f551ca: receive RaftClientReply:client-C0E347E82FC5->e6065258-5a2c-4a72-9f81-ed1321f551ca@group-13364FE26125, cid=681, SUCCESS, logIndex=1184, commits[e6065258-5a2c-4a72-9f81-ed1321f551ca:c1184]
2019-06-14 09:09:29,902 INFO  client.GrpcClientProtocolClient (GrpcClientProtocolClient.java:onNext(254)) - client-C0E347E82FC5->e6065258-5a2c-4a72-9f81-ed1321f551ca: receive RaftClientReply:client-C0E347E82FC5->e6065258-5a2c-4a72-9f81-ed1321f551ca@group-13364FE26125, cid=682, SUCCESS, logIndex=1186, commits[e6065258-5a2c-4a72-9f81-ed1321f551ca:c1186]
2019-06-14 09:09:29,903 INFO  client.GrpcClientProtocolClient (GrpcClientProtocolClient.java:onNext(254)) - client-C0E347E82FC5->e6065258-5a2c-4a72-9f81-ed1321f551ca: receive RaftClientReply:client-C0E347E82FC5->e6065258-5a2c-4a72-9f81-ed1321f551ca@group-13364FE26125, cid=683, SUCCESS, logIndex=1187, commits[e6065258-5a2c-4a72-9f81-ed1321f551ca:c1189]
2019-06-14 09:09:29,903 INFO  client.GrpcClientProtocolClient (GrpcClientProtocolClient.java:onNext(254)) - client-C0E347E82FC5->e6065258-5a2c-4a72-9f81-ed1321f551ca: receive RaftClientReply:client-C0E347E82FC5->e6065258-5a2c-4a72-9f81-ed1321f551ca@group-13364FE26125, cid=684, SUCCESS, logIndex=1188, commits[e6065258-5a2c-4a72-9f81-ed1321f551ca:c1189]
2019-06-14 09:09:29,910 INFO  storage.RaftLogWorker (RaftLogWorker.java:rollLogSegment(303)) - e6065258-5a2c-4a72-9f81-ed1321f551ca-RaftLogWorker: Rolling segment log-1118_1191 to index:1191
2019-06-14 09:09:29,911 INFO  client.GrpcClientProtocolClient (GrpcClientProtocolClient.java:onNext(254)) - client-C0E347E82FC5->e6065258-5a2c-4a72-9f81-ed1321f551ca: receive RaftClientReply:client-C0E347E82FC5->e6065258-5a2c-4a72-9f81-ed1321f551ca@group-13364FE26125, cid=685, SUCCESS, logIndex=1190, commits[e6065258-5a2c-4a72-9f81-ed1321f551ca:c1190]
2019-06-14 09:09:29,911 INFO  storage.RaftLogWorker (RaftLogWorker.java:execute(433)) - e6065258-5a2c-4a72-9f81-ed1321f551ca-RaftLogWorker: Rolled log segment from /opt/src/hadoop-ozone/integration-test/target/test-dir/MiniOzoneClusterImpl-a56da109-a1cb-4168-8966-62306f2f2d23/datanode-0/data/ratis/920138aa-6f47-4d6d-b5cc-13364fe26125/current/log_inprogress_1118 to /opt/src/hadoop-ozone/integration-test/target/test-dir/MiniOzoneClusterImpl-a56da109-a1cb-4168-8966-62306f2f2d23/datanode-0/data/ratis/920138aa-6f47-4d6d-b5cc-13364fe26125/current/log_1118-1191
2019-06-14 09:09:29,946 INFO  storage.RaftLogWorker (RaftLogWorker.java:execute(469)) - e6065258-5a2c-4a72-9f81-ed1321f551ca-RaftLogWorker: created new log segment /opt/src/hadoop-ozone/integration-test/target/test-dir/MiniOzoneClusterImpl-a56da109-a1cb-4168-8966-62306f2f2d23/datanode-0/data/ratis/920138aa-6f47-4d6d-b5cc-13364fe26125/current/log_inprogress_1192
2019-06-14 09:09:29,948 INFO  client.GrpcClientProtocolClient (GrpcClientProtocolClient.java:onNext(254)) - client-C0E347E82FC5->e6065258-5a2c-4a72-9f81-ed1321f551ca: receive RaftClientReply:client-C0E347E82FC5->e6065258-5a2c-4a72-9f81-ed1321f551ca@group-13364FE26125, cid=686, SUCCESS, logIndex=1192, commits[e6065258-5a2c-4a72-9f81-ed1321f551ca:c1192]
2019-06-14 09:09:29,951 INFO  client.GrpcClientProtocolClient (GrpcClientProtocolClient.java:onNext(254)) - client-C0E347E82FC5->e6065258-5a2c-4a72-9f81-ed1321f551ca: receive RaftClientReply:client-C0E347E82FC5->e6065258-5a2c-4a72-9f81-ed1321f551ca@group-13364FE26125, cid=687, SUCCESS, logIndex=1194, commits[e6065258-5a2c-4a72-9f81-ed1321f551ca:c1195]
2019-06-14 09:09:29,952 INFO  client.GrpcClientProtocolClient (GrpcClientProtocolClient.java:onNext(254)) - client-C0E347E82FC5->e6065258-5a2c-4a72-9f81-ed1321f551ca: receive RaftClientReply:client-C0E347E82FC5->e6065258-5a2c-4a72-9f81-ed1321f551ca@group-13364FE26125, cid=688, SUCCESS, logIndex=1195, commits[e6065258-5a2c-4a72-9f81-ed1321f551ca:c1195]
2019-06-14 09:09:29,963 INFO  client.GrpcClientProtocolClient (GrpcClientProtocolClient.java:onNext(254)) - client-C0E347E82FC5->e6065258-5a2c-4a72-9f81-ed1321f551ca: receive RaftClientReply:client-C0E347E82FC5->e6065258-5a2c-4a72-9f81-ed1321f551ca@group-13364FE26125, cid=689, SUCCESS, logIndex=1197, commits[e6065258-5a2c-4a72-9f81-ed1321f551ca:c1197]
2019-06-14 09:09:29,964 INFO  client.GrpcClientProtocolClient (GrpcClientProtocolClient.java:onNext(254)) - client-C0E347E82FC5->e6065258-5a2c-4a72-9f81-ed1321f551ca: receive RaftClientReply:client-C0E347E82FC5->e6065258-5a2c-4a72-9f81-ed1321f551ca@group-13364FE26125, cid=690, SUCCESS, logIndex=1199, commits[e6065258-5a2c-4a72-9f81-ed1321f551ca:c1199]
2019-06-14 09:09:29,967 INFO  client.GrpcClientProtocolClient (GrpcClientProtocolClient.java:onNext(254)) - client-C0E347E82FC5->e6065258-5a2c-4a72-9f81-ed1321f551ca: receive RaftClientReply:client-C0E347E82FC5->e6065258-5a2c-4a72-9f81-ed1321f551ca@group-13364FE26125, cid=691, SUCCESS, logIndex=1201, commits[e6065258-5a2c-4a72-9f81-ed1321f551ca:c1202]
2019-06-14 09:09:29,968 INFO  client.GrpcClientProtocolClient (GrpcClientProtocolClient.java:onNext(254)) - client-C0E347E82FC5->e6065258-5a2c-4a72-9f81-ed1321f551ca: receive RaftClientReply:client-C0E347E82FC5->e6065258-5a2c-4a72-9f81-ed1321f551ca@group-13364FE26125, cid=692, SUCCESS, logIndex=1202, commits[e6065258-5a2c-4a72-9f81-ed1321f551ca:c1202]
2019-06-14 09:09:29,975 INFO  client.GrpcClientProtocolClient (GrpcClientProtocolClient.java:onNext(254)) - client-C0E347E82FC5->e6065258-5a2c-4a72-9f81-ed1321f551ca: receive RaftClientReply:client-C0E347E82FC5->e6065258-5a2c-4a72-9f81-ed1321f551ca@group-13364FE26125, cid=693, SUCCESS, logIndex=1204, commits[e6065258-5a2c-4a72-9f81-ed1321f551ca:c1204]
2019-06-14 09:09:29,976 INFO  client.GrpcClientProtocolClient (GrpcClientProtocolClient.java:onNext(254)) - client-C0E347E82FC5->e6065258-5a2c-4a72-9f81-ed1321f551ca: receive RaftClientReply:client-C0E347E82FC5->e6065258-5a2c-4a72-9f81-ed1321f551ca@group-13364FE26125, cid=694, SUCCESS, logIndex=1206, commits[e6065258-5a2c-4a72-9f81-ed1321f551ca:c1206]
2019-06-14 09:09:29,977 INFO  client.GrpcClientProtocolClient (GrpcClientProtocolClient.java:onNext(254)) - client-C0E347E82FC5->e6065258-5a2c-4a72-9f81-ed1321f551ca: receive RaftClientReply:client-C0E347E82FC5->e6065258-5a2c-4a72-9f81-ed1321f551ca@group-13364FE26125, cid=695, SUCCESS, logIndex=1207, commits[e6065258-5a2c-4a72-9f81-ed1321f551ca:c1209]
2019-06-14 09:09:29,978 INFO  client.GrpcClientProtocolClient (GrpcClientProtocolClient.java:onNext(254)) - client-C0E347E82FC5->e6065258-5a2c-4a72-9f81-ed1321f551ca: receive RaftClientReply:client-C0E347E82FC5->e6065258-5a2c-4a72-9f81-ed1321f551ca@group-13364FE26125, cid=696, SUCCESS, logIndex=1208, commits[e6065258-5a2c-4a72-9f81-ed1321f551ca:c1209]
2019-06-14 09:09:29,988 INFO  client.GrpcClientProtocolClient (GrpcClientProtocolClient.java:onNext(254)) - client-C0E347E82FC5->e6065258-5a2c-4a72-9f81-ed1321f551ca: receive RaftClientReply:client-C0E347E82FC5->e6065258-5a2c-4a72-9f81-ed1321f551ca@group-13364FE26125, cid=697, SUCCESS, logIndex=1210, commits[e6065258-5a2c-4a72-9f81-ed1321f551ca:c1210]
2019-06-14 09:09:29,990 INFO  client.GrpcClientProtocolClient (GrpcClientProtocolClient.java:onNext(254)) - client-C0E347E82FC5->e6065258-5a2c-4a72-9f81-ed1321f551ca: receive RaftClientReply:client-C0E347E82FC5->e6065258-5a2c-4a72-9f81-ed1321f551ca@group-13364FE26125, cid=698, SUCCESS, logIndex=1212, commits[e6065258-5a2c-4a72-9f81-ed1321f551ca:c1212]
2019-06-14 09:09:29,991 INFO  client.GrpcClientProtocolClient (GrpcClientProtocolClient.java:onNext(254)) - client-C0E347E82FC5->e6065258-5a2c-4a72-9f81-ed1321f551ca: receive RaftClientReply:client-C0E347E82FC5->e6065258-5a2c-4a72-9f81-ed1321f551ca@group-13364FE26125, cid=699, SUCCESS, logIndex=1213, commits[e6065258-5a2c-4a72-9f81-ed1321f551ca:c1215]
2019-06-14 09:09:29,992 INFO  client.GrpcClientProtocolClient (GrpcClientProtocolClient.java:onNext(254)) - client-C0E347E82FC5->e6065258-5a2c-4a72-9f81-ed1321f551ca: receive RaftClientReply:client-C0E347E82FC5->e6065258-5a2c-4a72-9f81-ed1321f551ca@group-13364FE26125, cid=700, SUCCESS, logIndex=1214, commits[e6065258-5a2c-4a72-9f81-ed1321f551ca:c1215]
2019-06-14 09:09:29,998 INFO  client.GrpcClientProtocolClient (GrpcClientProtocolClient.java:onNext(254)) - client-C0E347E82FC5->e6065258-5a2c-4a72-9f81-ed1321f551ca: receive RaftClientReply:client-C0E347E82FC5->e6065258-5a2c-4a72-9f81-ed1321f551ca@group-13364FE26125, cid=701, SUCCESS, logIndex=1216, commits[e6065258-5a2c-4a72-9f81-ed1321f551ca:c1216]
2019-06-14 09:09:29,998 DEBUG block.SCMBlockDeletingService (SCMBlockDeletingService.java:call(138)) - Running DeletedBlockTransactionScanner
2019-06-14 09:09:29,998 DEBUG block.SCMBlockDeletingService (SCMBlockDeletingService.java:call(155)) - Scanned deleted blocks log and got 0 delTX to process.
2019-06-14 09:09:29,999 INFO  client.GrpcClientProtocolClient (GrpcClientProtocolClient.java:onNext(254)) - client-C0E347E82FC5->e6065258-5a2c-4a72-9f81-ed1321f551ca: receive RaftClientReply:client-C0E347E82FC5->e6065258-5a2c-4a72-9f81-ed1321f551ca@group-13364FE26125, cid=702, SUCCESS, logIndex=1218, commits[e6065258-5a2c-4a72-9f81-ed1321f551ca:c1218]
2019-06-14 09:09:30,001 INFO  client.GrpcClientProtocolClient (GrpcClientProtocolClient.java:onNext(254)) - client-C0E347E82FC5->e6065258-5a2c-4a72-9f81-ed1321f551ca: receive RaftClientReply:client-C0E347E82FC5->e6065258-5a2c-4a72-9f81-ed1321f551ca@group-13364FE26125, cid=703, SUCCESS, logIndex=1219, commits[e6065258-5a2c-4a72-9f81-ed1321f551ca:c1221]
2019-06-14 09:09:30,001 INFO  client.GrpcClientProtocolClient (GrpcClientProtocolClient.java:onNext(254)) - client-C0E347E82FC5->e6065258-5a2c-4a72-9f81-ed1321f551ca: receive RaftClientReply:client-C0E347E82FC5->e6065258-5a2c-4a72-9f81-ed1321f551ca@group-13364FE26125, cid=704, SUCCESS, logIndex=1220, commits[e6065258-5a2c-4a72-9f81-ed1321f551ca:c1221]
2019-06-14 09:09:30,011 INFO  client.GrpcClientProtocolClient (GrpcClientProtocolClient.java:onNext(254)) - client-C0E347E82FC5->e6065258-5a2c-4a72-9f81-ed1321f551ca: receive RaftClientReply:client-C0E347E82FC5->e6065258-5a2c-4a72-9f81-ed1321f551ca@group-13364FE26125, cid=705, SUCCESS, logIndex=1222, commits[e6065258-5a2c-4a72-9f81-ed1321f551ca:c1222]
2019-06-14 09:09:30,012 INFO  client.GrpcClientProtocolClient (GrpcClientProtocolClient.java:onNext(254)) - client-C0E347E82FC5->e6065258-5a2c-4a72-9f81-ed1321f551ca: receive RaftClientReply:client-C0E347E82FC5->e6065258-5a2c-4a72-9f81-ed1321f551ca@group-13364FE26125, cid=706, SUCCESS, logIndex=1224, commits[e6065258-5a2c-4a72-9f81-ed1321f551ca:c1224]
2019-06-14 09:09:30,099 DEBUG block.SCMBlockDeletingService (SCMBlockDeletingService.java:call(138)) - Running DeletedBlockTransactionScanner
2019-06-14 09:09:30,099 DEBUG block.SCMBlockDeletingService (SCMBlockDeletingService.java:call(155)) - Scanned deleted blocks log and got 0 delTX to process.
2019-06-14 09:09:30,109 INFO  client.GrpcClientProtocolClient (GrpcClientProtocolClient.java:onNext(254)) - client-C0E347E82FC5->e6065258-5a2c-4a72-9f81-ed1321f551ca: receive RaftClientReply:client-C0E347E82FC5->e6065258-5a2c-4a72-9f81-ed1321f551ca@group-13364FE26125, cid=707, SUCCESS, logIndex=1226, commits[e6065258-5a2c-4a72-9f81-ed1321f551ca:c1226]
2019-06-14 09:09:30,110 INFO  client.GrpcClientProtocolClient (GrpcClientProtocolClient.java:onNext(254)) - client-C0E347E82FC5->e6065258-5a2c-4a72-9f81-ed1321f551ca: receive RaftClientReply:client-C0E347E82FC5->e6065258-5a2c-4a72-9f81-ed1321f551ca@group-13364FE26125, cid=708, SUCCESS, logIndex=1228, commits[e6065258-5a2c-4a72-9f81-ed1321f551ca:c1228]
2019-06-14 09:09:30,116 INFO  client.GrpcClientProtocolClient (GrpcClientProtocolClient.java:onNext(254)) - client-C0E347E82FC5->e6065258-5a2c-4a72-9f81-ed1321f551ca: receive RaftClientReply:client-C0E347E82FC5->e6065258-5a2c-4a72-9f81-ed1321f551ca@group-13364FE26125, cid=709, SUCCESS, logIndex=1230, commits[e6065258-5a2c-4a72-9f81-ed1321f551ca:c1230]
2019-06-14 09:09:30,118 INFO  client.GrpcClientProtocolClient (GrpcClientProtocolClient.java:onNext(254)) - client-C0E347E82FC5->e6065258-5a2c-4a72-9f81-ed1321f551ca: receive RaftClientReply:client-C0E347E82FC5->e6065258-5a2c-4a72-9f81-ed1321f551ca@group-13364FE26125, cid=710, SUCCESS, logIndex=1232, commits[e6065258-5a2c-4a72-9f81-ed1321f551ca:c1232]
2019-06-14 09:09:30,119 INFO  client.GrpcClientProtocolClient (GrpcClientProtocolClient.java:onNext(254)) - client-C0E347E82FC5->e6065258-5a2c-4a72-9f81-ed1321f551ca: receive RaftClientReply:client-C0E347E82FC5->e6065258-5a2c-4a72-9f81-ed1321f551ca@group-13364FE26125, cid=711, SUCCESS, logIndex=1233, commits[e6065258-5a2c-4a72-9f81-ed1321f551ca:c1235]
2019-06-14 09:09:30,120 INFO  client.GrpcClientProtocolClient (GrpcClientProtocolClient.java:onNext(254)) - client-C0E347E82FC5->e6065258-5a2c-4a72-9f81-ed1321f551ca: receive RaftClientReply:client-C0E347E82FC5->e6065258-5a2c-4a72-9f81-ed1321f551ca@group-13364FE26125, cid=712, SUCCESS, logIndex=1234, commits[e6065258-5a2c-4a72-9f81-ed1321f551ca:c1235]
2019-06-14 09:09:30,131 INFO  client.GrpcClientProtocolClient (GrpcClientProtocolClient.java:onNext(254)) - client-C0E347E82FC5->e6065258-5a2c-4a72-9f81-ed1321f551ca: receive RaftClientReply:client-C0E347E82FC5->e6065258-5a2c-4a72-9f81-ed1321f551ca@group-13364FE26125, cid=713, SUCCESS, logIndex=1236, commits[e6065258-5a2c-4a72-9f81-ed1321f551ca:c1236]
2019-06-14 09:09:30,133 INFO  client.GrpcClientProtocolClient (GrpcClientProtocolClient.java:onNext(254)) - client-C0E347E82FC5->e6065258-5a2c-4a72-9f81-ed1321f551ca: receive RaftClientReply:client-C0E347E82FC5->e6065258-5a2c-4a72-9f81-ed1321f551ca@group-13364FE26125, cid=714, SUCCESS, logIndex=1238, commits[e6065258-5a2c-4a72-9f81-ed1321f551ca:c1238]
2019-06-14 09:09:30,135 INFO  client.GrpcClientProtocolClient (GrpcClientProtocolClient.java:onNext(254)) - client-C0E347E82FC5->e6065258-5a2c-4a72-9f81-ed1321f551ca: receive RaftClientReply:client-C0E347E82FC5->e6065258-5a2c-4a72-9f81-ed1321f551ca@group-13364FE26125, cid=715, SUCCESS, logIndex=1239, commits[e6065258-5a2c-4a72-9f81-ed1321f551ca:c1241]
2019-06-14 09:09:30,135 INFO  client.GrpcClientProtocolClient (GrpcClientProtocolClient.java:onNext(254)) - client-C0E347E82FC5->e6065258-5a2c-4a72-9f81-ed1321f551ca: receive RaftClientReply:client-C0E347E82FC5->e6065258-5a2c-4a72-9f81-ed1321f551ca@group-13364FE26125, cid=716, SUCCESS, logIndex=1241, commits[e6065258-5a2c-4a72-9f81-ed1321f551ca:c1241]
2019-06-14 09:09:30,141 INFO  client.GrpcClientProtocolClient (GrpcClientProtocolClient.java:onNext(254)) - client-C0E347E82FC5->e6065258-5a2c-4a72-9f81-ed1321f551ca: receive RaftClientReply:client-C0E347E82FC5->e6065258-5a2c-4a72-9f81-ed1321f551ca@group-13364FE26125, cid=717, SUCCESS, logIndex=1243, commits[e6065258-5a2c-4a72-9f81-ed1321f551ca:c1243]
2019-06-14 09:09:30,142 INFO  client.GrpcClientProtocolClient (GrpcClientProtocolClient.java:onNext(254)) - client-C0E347E82FC5->e6065258-5a2c-4a72-9f81-ed1321f551ca: receive RaftClientReply:client-C0E347E82FC5->e6065258-5a2c-4a72-9f81-ed1321f551ca@group-13364FE26125, cid=718, SUCCESS, logIndex=1245, commits[e6065258-5a2c-4a72-9f81-ed1321f551ca:c1245]
2019-06-14 09:09:30,144 INFO  client.GrpcClientProtocolClient (GrpcClientProtocolClient.java:onNext(254)) - client-C0E347E82FC5->e6065258-5a2c-4a72-9f81-ed1321f551ca: receive RaftClientReply:client-C0E347E82FC5->e6065258-5a2c-4a72-9f81-ed1321f551ca@group-13364FE26125, cid=719, SUCCESS, logIndex=1246, commits[e6065258-5a2c-4a72-9f81-ed1321f551ca:c1248]
2019-06-14 09:09:30,145 INFO  client.GrpcClientProtocolClient (GrpcClientProtocolClient.java:onNext(254)) - client-C0E347E82FC5->e6065258-5a2c-4a72-9f81-ed1321f551ca: receive RaftClientReply:client-C0E347E82FC5->e6065258-5a2c-4a72-9f81-ed1321f551ca@group-13364FE26125, cid=720, SUCCESS, logIndex=1248, commits[e6065258-5a2c-4a72-9f81-ed1321f551ca:c1248]
2019-06-14 09:09:30,155 INFO  client.GrpcClientProtocolClient (GrpcClientProtocolClient.java:onNext(254)) - client-C0E347E82FC5->e6065258-5a2c-4a72-9f81-ed1321f551ca: receive RaftClientReply:client-C0E347E82FC5->e6065258-5a2c-4a72-9f81-ed1321f551ca@group-13364FE26125, cid=721, SUCCESS, logIndex=1250, commits[e6065258-5a2c-4a72-9f81-ed1321f551ca:c1250]
2019-06-14 09:09:30,158 INFO  client.GrpcClientProtocolClient (GrpcClientProtocolClient.java:onNext(254)) - client-C0E347E82FC5->e6065258-5a2c-4a72-9f81-ed1321f551ca: receive RaftClientReply:client-C0E347E82FC5->e6065258-5a2c-4a72-9f81-ed1321f551ca@group-13364FE26125, cid=722, SUCCESS, logIndex=1252, commits[e6065258-5a2c-4a72-9f81-ed1321f551ca:c1252]
2019-06-14 09:09:30,158 INFO  client.GrpcClientProtocolClient (GrpcClientProtocolClient.java:onNext(254)) - client-C0E347E82FC5->e6065258-5a2c-4a72-9f81-ed1321f551ca: receive RaftClientReply:client-C0E347E82FC5->e6065258-5a2c-4a72-9f81-ed1321f551ca@group-13364FE26125, cid=723, SUCCESS, logIndex=1253, commits[e6065258-5a2c-4a72-9f81-ed1321f551ca:c1254]
2019-06-14 09:09:30,159 INFO  client.GrpcClientProtocolClient (GrpcClientProtocolClient.java:onNext(254)) - client-C0E347E82FC5->e6065258-5a2c-4a72-9f81-ed1321f551ca: receive RaftClientReply:client-C0E347E82FC5->e6065258-5a2c-4a72-9f81-ed1321f551ca@group-13364FE26125, cid=724, SUCCESS, logIndex=1254, commits[e6065258-5a2c-4a72-9f81-ed1321f551ca:c1254]
2019-06-14 09:09:30,165 INFO  client.GrpcClientProtocolClient (GrpcClientProtocolClient.java:onNext(254)) - client-C0E347E82FC5->e6065258-5a2c-4a72-9f81-ed1321f551ca: receive RaftClientReply:client-C0E347E82FC5->e6065258-5a2c-4a72-9f81-ed1321f551ca@group-13364FE26125, cid=725, SUCCESS, logIndex=1257, commits[e6065258-5a2c-4a72-9f81-ed1321f551ca:c1257]
2019-06-14 09:09:30,166 INFO  client.GrpcClientProtocolClient (GrpcClientProtocolClient.java:onNext(254)) - client-C0E347E82FC5->e6065258-5a2c-4a72-9f81-ed1321f551ca: receive RaftClientReply:client-C0E347E82FC5->e6065258-5a2c-4a72-9f81-ed1321f551ca@group-13364FE26125, cid=726, SUCCESS, logIndex=1259, commits[e6065258-5a2c-4a72-9f81-ed1321f551ca:c1259]
2019-06-14 09:09:30,166 INFO  storage.RaftLogWorker (RaftLogWorker.java:rollLogSegment(303)) - e6065258-5a2c-4a72-9f81-ed1321f551ca-RaftLogWorker: Rolling segment log-1192_1261 to index:1261
2019-06-14 09:09:30,167 INFO  storage.RaftLogWorker (RaftLogWorker.java:execute(433)) - e6065258-5a2c-4a72-9f81-ed1321f551ca-RaftLogWorker: Rolled log segment from /opt/src/hadoop-ozone/integration-test/target/test-dir/MiniOzoneClusterImpl-a56da109-a1cb-4168-8966-62306f2f2d23/datanode-0/data/ratis/920138aa-6f47-4d6d-b5cc-13364fe26125/current/log_inprogress_1192 to /opt/src/hadoop-ozone/integration-test/target/test-dir/MiniOzoneClusterImpl-a56da109-a1cb-4168-8966-62306f2f2d23/datanode-0/data/ratis/920138aa-6f47-4d6d-b5cc-13364fe26125/current/log_1192-1261
2019-06-14 09:09:30,170 INFO  client.GrpcClientProtocolClient (GrpcClientProtocolClient.java:onNext(254)) - client-C0E347E82FC5->e6065258-5a2c-4a72-9f81-ed1321f551ca: receive RaftClientReply:client-C0E347E82FC5->e6065258-5a2c-4a72-9f81-ed1321f551ca@group-13364FE26125, cid=727, SUCCESS, logIndex=1261, commits[e6065258-5a2c-4a72-9f81-ed1321f551ca:c1261]
2019-06-14 09:09:30,199 DEBUG block.SCMBlockDeletingService (SCMBlockDeletingService.java:call(138)) - Running DeletedBlockTransactionScanner
2019-06-14 09:09:30,202 DEBUG block.SCMBlockDeletingService (SCMBlockDeletingService.java:call(155)) - Scanned deleted blocks log and got 0 delTX to process.
2019-06-14 09:09:30,204 INFO  storage.RaftLogWorker (RaftLogWorker.java:execute(469)) - e6065258-5a2c-4a72-9f81-ed1321f551ca-RaftLogWorker: created new log segment /opt/src/hadoop-ozone/integration-test/target/test-dir/MiniOzoneClusterImpl-a56da109-a1cb-4168-8966-62306f2f2d23/datanode-0/data/ratis/920138aa-6f47-4d6d-b5cc-13364fe26125/current/log_inprogress_1262
2019-06-14 09:09:30,205 INFO  client.GrpcClientProtocolClient (GrpcClientProtocolClient.java:onNext(254)) - client-C0E347E82FC5->e6065258-5a2c-4a72-9f81-ed1321f551ca: receive RaftClientReply:client-C0E347E82FC5->e6065258-5a2c-4a72-9f81-ed1321f551ca@group-13364FE26125, cid=728, SUCCESS, logIndex=1262, commits[e6065258-5a2c-4a72-9f81-ed1321f551ca:c1263]
2019-06-14 09:09:30,223 INFO  client.GrpcClientProtocolClient (GrpcClientProtocolClient.java:onNext(254)) - client-C0E347E82FC5->e6065258-5a2c-4a72-9f81-ed1321f551ca: receive RaftClientReply:client-C0E347E82FC5->e6065258-5a2c-4a72-9f81-ed1321f551ca@group-13364FE26125, cid=729, SUCCESS, logIndex=1264, commits[e6065258-5a2c-4a72-9f81-ed1321f551ca:c1264]
2019-06-14 09:09:30,227 INFO  client.GrpcClientProtocolClient (GrpcClientProtocolClient.java:onNext(254)) - client-C0E347E82FC5->e6065258-5a2c-4a72-9f81-ed1321f551ca: receive RaftClientReply:client-C0E347E82FC5->e6065258-5a2c-4a72-9f81-ed1321f551ca@group-13364FE26125, cid=730, SUCCESS, logIndex=1266, commits[e6065258-5a2c-4a72-9f81-ed1321f551ca:c1268]
2019-06-14 09:09:30,227 INFO  client.GrpcClientProtocolClient (GrpcClientProtocolClient.java:onNext(254)) - client-C0E347E82FC5->e6065258-5a2c-4a72-9f81-ed1321f551ca: receive RaftClientReply:client-C0E347E82FC5->e6065258-5a2c-4a72-9f81-ed1321f551ca@group-13364FE26125, cid=731, SUCCESS, logIndex=1267, commits[e6065258-5a2c-4a72-9f81-ed1321f551ca:c1268]
2019-06-14 09:09:30,227 INFO  client.GrpcClientProtocolClient (GrpcClientProtocolClient.java:onNext(254)) - client-C0E347E82FC5->e6065258-5a2c-4a72-9f81-ed1321f551ca: receive RaftClientReply:client-C0E347E82FC5->e6065258-5a2c-4a72-9f81-ed1321f551ca@group-13364FE26125, cid=732, SUCCESS, logIndex=1268, commits[e6065258-5a2c-4a72-9f81-ed1321f551ca:c1268]
2019-06-14 09:09:30,233 INFO  client.GrpcClientProtocolClient (GrpcClientProtocolClient.java:onNext(254)) - client-C0E347E82FC5->e6065258-5a2c-4a72-9f81-ed1321f551ca: receive RaftClientReply:client-C0E347E82FC5->e6065258-5a2c-4a72-9f81-ed1321f551ca@group-13364FE26125, cid=733, SUCCESS, logIndex=1270, commits[e6065258-5a2c-4a72-9f81-ed1321f551ca:c1270]
2019-06-14 09:09:30,235 INFO  client.GrpcClientProtocolClient (GrpcClientProtocolClient.java:onNext(254)) - client-C0E347E82FC5->e6065258-5a2c-4a72-9f81-ed1321f551ca: receive RaftClientReply:client-C0E347E82FC5->e6065258-5a2c-4a72-9f81-ed1321f551ca@group-13364FE26125, cid=734, SUCCESS, logIndex=1272, commits[e6065258-5a2c-4a72-9f81-ed1321f551ca:c1272]
2019-06-14 09:09:30,236 INFO  client.GrpcClientProtocolClient (GrpcClientProtocolClient.java:onNext(254)) - client-C0E347E82FC5->e6065258-5a2c-4a72-9f81-ed1321f551ca: receive RaftClientReply:client-C0E347E82FC5->e6065258-5a2c-4a72-9f81-ed1321f551ca@group-13364FE26125, cid=735, SUCCESS, logIndex=1273, commits[e6065258-5a2c-4a72-9f81-ed1321f551ca:c1275]
2019-06-14 09:09:30,237 INFO  client.GrpcClientProtocolClient (GrpcClientProtocolClient.java:onNext(254)) - client-C0E347E82FC5->e6065258-5a2c-4a72-9f81-ed1321f551ca: receive RaftClientReply:client-C0E347E82FC5->e6065258-5a2c-4a72-9f81-ed1321f551ca@group-13364FE26125, cid=736, SUCCESS, logIndex=1274, commits[e6065258-5a2c-4a72-9f81-ed1321f551ca:c1275]
2019-06-14 09:09:30,247 INFO  client.GrpcClientProtocolClient (GrpcClientProtocolClient.java:onNext(254)) - client-C0E347E82FC5->e6065258-5a2c-4a72-9f81-ed1321f551ca: receive RaftClientReply:client-C0E347E82FC5->e6065258-5a2c-4a72-9f81-ed1321f551ca@group-13364FE26125, cid=737, SUCCESS, logIndex=1276, commits[e6065258-5a2c-4a72-9f81-ed1321f551ca:c1276]
2019-06-14 09:09:30,249 INFO  client.GrpcClientProtocolClient (GrpcClientProtocolClient.java:onNext(254)) - client-C0E347E82FC5->e6065258-5a2c-4a72-9f81-ed1321f551ca: receive RaftClientReply:client-C0E347E82FC5->e6065258-5a2c-4a72-9f81-ed1321f551ca@group-13364FE26125, cid=738, SUCCESS, logIndex=1278, commits[e6065258-5a2c-4a72-9f81-ed1321f551ca:c1278]
2019-06-14 09:09:30,250 INFO  client.GrpcClientProtocolClient (GrpcClientProtocolClient.java:onNext(254)) - client-C0E347E82FC5->e6065258-5a2c-4a72-9f81-ed1321f551ca: receive RaftClientReply:client-C0E347E82FC5->e6065258-5a2c-4a72-9f81-ed1321f551ca@group-13364FE26125, cid=739, SUCCESS, logIndex=1279, commits[e6065258-5a2c-4a72-9f81-ed1321f551ca:c1280]
2019-06-14 09:09:30,250 INFO  client.GrpcClientProtocolClient (GrpcClientProtocolClient.java:onNext(254)) - client-C0E347E82FC5->e6065258-5a2c-4a72-9f81-ed1321f551ca: receive RaftClientReply:client-C0E347E82FC5->e6065258-5a2c-4a72-9f81-ed1321f551ca@group-13364FE26125, cid=740, SUCCESS, logIndex=1280, commits[e6065258-5a2c-4a72-9f81-ed1321f551ca:c1281]
2019-06-14 09:09:30,257 INFO  client.GrpcClientProtocolClient (GrpcClientProtocolClient.java:onNext(254)) - client-C0E347E82FC5->e6065258-5a2c-4a72-9f81-ed1321f551ca: receive RaftClientReply:client-C0E347E82FC5->e6065258-5a2c-4a72-9f81-ed1321f551ca@group-13364FE26125, cid=741, SUCCESS, logIndex=1283, commits[e6065258-5a2c-4a72-9f81-ed1321f551ca:c1283]
2019-06-14 09:09:30,260 INFO  client.GrpcClientProtocolClient (GrpcClientProtocolClient.java:onNext(254)) - client-C0E347E82FC5->e6065258-5a2c-4a72-9f81-ed1321f551ca: receive RaftClientReply:client-C0E347E82FC5->e6065258-5a2c-4a72-9f81-ed1321f551ca@group-13364FE26125, cid=742, SUCCESS, logIndex=1285, commits[e6065258-5a2c-4a72-9f81-ed1321f551ca:c1285]
2019-06-14 09:09:30,261 INFO  client.GrpcClientProtocolClient (GrpcClientProtocolClient.java:onNext(254)) - client-C0E347E82FC5->e6065258-5a2c-4a72-9f81-ed1321f551ca: receive RaftClientReply:client-C0E347E82FC5->e6065258-5a2c-4a72-9f81-ed1321f551ca@group-13364FE26125, cid=743, SUCCESS, logIndex=1286, commits[e6065258-5a2c-4a72-9f81-ed1321f551ca:c1288]
2019-06-14 09:09:30,261 INFO  client.GrpcClientProtocolClient (GrpcClientProtocolClient.java:onNext(254)) - client-C0E347E82FC5->e6065258-5a2c-4a72-9f81-ed1321f551ca: receive RaftClientReply:client-C0E347E82FC5->e6065258-5a2c-4a72-9f81-ed1321f551ca@group-13364FE26125, cid=744, SUCCESS, logIndex=1288, commits[e6065258-5a2c-4a72-9f81-ed1321f551ca:c1289]
2019-06-14 09:09:30,272 INFO  client.GrpcClientProtocolClient (GrpcClientProtocolClient.java:onNext(254)) - client-C0E347E82FC5->e6065258-5a2c-4a72-9f81-ed1321f551ca: receive RaftClientReply:client-C0E347E82FC5->e6065258-5a2c-4a72-9f81-ed1321f551ca@group-13364FE26125, cid=745, SUCCESS, logIndex=1290, commits[e6065258-5a2c-4a72-9f81-ed1321f551ca:c1290]
2019-06-14 09:09:30,275 INFO  client.GrpcClientProtocolClient (GrpcClientProtocolClient.java:onNext(254)) - client-C0E347E82FC5->e6065258-5a2c-4a72-9f81-ed1321f551ca: receive RaftClientReply:client-C0E347E82FC5->e6065258-5a2c-4a72-9f81-ed1321f551ca@group-13364FE26125, cid=746, SUCCESS, logIndex=1292, commits[e6065258-5a2c-4a72-9f81-ed1321f551ca:c1294]
2019-06-14 09:09:30,275 INFO  client.GrpcClientProtocolClient (GrpcClientProtocolClient.java:onNext(254)) - client-C0E347E82FC5->e6065258-5a2c-4a72-9f81-ed1321f551ca: receive RaftClientReply:client-C0E347E82FC5->e6065258-5a2c-4a72-9f81-ed1321f551ca@group-13364FE26125, cid=747, SUCCESS, logIndex=1293, commits[e6065258-5a2c-4a72-9f81-ed1321f551ca:c1294]
2019-06-14 09:09:30,275 INFO  client.GrpcClientProtocolClient (GrpcClientProtocolClient.java:onNext(254)) - client-C0E347E82FC5->e6065258-5a2c-4a72-9f81-ed1321f551ca: receive RaftClientReply:client-C0E347E82FC5->e6065258-5a2c-4a72-9f81-ed1321f551ca@group-13364FE26125, cid=748, SUCCESS, logIndex=1294, commits[e6065258-5a2c-4a72-9f81-ed1321f551ca:c1295]
2019-06-14 09:09:30,281 INFO  client.GrpcClientProtocolClient (GrpcClientProtocolClient.java:onNext(254)) - client-C0E347E82FC5->e6065258-5a2c-4a72-9f81-ed1321f551ca: receive RaftClientReply:client-C0E347E82FC5->e6065258-5a2c-4a72-9f81-ed1321f551ca@group-13364FE26125, cid=749, SUCCESS, logIndex=1296, commits[e6065258-5a2c-4a72-9f81-ed1321f551ca:c1296]
2019-06-14 09:09:30,283 INFO  client.GrpcClientProtocolClient (GrpcClientProtocolClient.java:onNext(254)) - client-C0E347E82FC5->e6065258-5a2c-4a72-9f81-ed1321f551ca: receive RaftClientReply:client-C0E347E82FC5->e6065258-5a2c-4a72-9f81-ed1321f551ca@group-13364FE26125, cid=750, SUCCESS, logIndex=1298, commits[e6065258-5a2c-4a72-9f81-ed1321f551ca:c1298]
2019-06-14 09:09:30,302 DEBUG block.SCMBlockDeletingService (SCMBlockDeletingService.java:call(138)) - Running DeletedBlockTransactionScanner
2019-06-14 09:09:30,302 DEBUG block.SCMBlockDeletingService (SCMBlockDeletingService.java:call(155)) - Scanned deleted blocks log and got 0 delTX to process.
2019-06-14 09:09:30,551 DEBUG block.SCMBlockDeletingService (SCMBlockDeletingService.java:call(138)) - Running DeletedBlockTransactionScanner
2019-06-14 09:09:30,551 DEBUG block.SCMBlockDeletingService (SCMBlockDeletingService.java:call(155)) - Scanned deleted blocks log and got 0 delTX to process.
2019-06-14 09:09:30,563 INFO  client.GrpcClientProtocolClient (GrpcClientProtocolClient.java:onNext(254)) - client-C0E347E82FC5->e6065258-5a2c-4a72-9f81-ed1321f551ca: receive RaftClientReply:client-C0E347E82FC5->e6065258-5a2c-4a72-9f81-ed1321f551ca@group-13364FE26125, cid=751, SUCCESS, logIndex=1300, commits[e6065258-5a2c-4a72-9f81-ed1321f551ca:c1300]
2019-06-14 09:09:30,564 INFO  client.GrpcClientProtocolClient (GrpcClientProtocolClient.java:onNext(254)) - client-C0E347E82FC5->e6065258-5a2c-4a72-9f81-ed1321f551ca: receive RaftClientReply:client-C0E347E82FC5->e6065258-5a2c-4a72-9f81-ed1321f551ca@group-13364FE26125, cid=752, SUCCESS, logIndex=1302, commits[e6065258-5a2c-4a72-9f81-ed1321f551ca:c1302]
2019-06-14 09:09:30,574 INFO  client.GrpcClientProtocolClient (GrpcClientProtocolClient.java:onNext(254)) - client-C0E347E82FC5->e6065258-5a2c-4a72-9f81-ed1321f551ca: receive RaftClientReply:client-C0E347E82FC5->e6065258-5a2c-4a72-9f81-ed1321f551ca@group-13364FE26125, cid=753, SUCCESS, logIndex=1304, commits[e6065258-5a2c-4a72-9f81-ed1321f551ca:c1304]
2019-06-14 09:09:30,576 INFO  client.GrpcClientProtocolClient (GrpcClientProtocolClient.java:onNext(254)) - client-C0E347E82FC5->e6065258-5a2c-4a72-9f81-ed1321f551ca: receive RaftClientReply:client-C0E347E82FC5->e6065258-5a2c-4a72-9f81-ed1321f551ca@group-13364FE26125, cid=754, SUCCESS, logIndex=1306, commits[e6065258-5a2c-4a72-9f81-ed1321f551ca:c1306]
2019-06-14 09:09:30,576 INFO  client.GrpcClientProtocolClient (GrpcClientProtocolClient.java:onNext(254)) - client-C0E347E82FC5->e6065258-5a2c-4a72-9f81-ed1321f551ca: receive RaftClientReply:client-C0E347E82FC5->e6065258-5a2c-4a72-9f81-ed1321f551ca@group-13364FE26125, cid=755, SUCCESS, logIndex=1307, commits[e6065258-5a2c-4a72-9f81-ed1321f551ca:c1309]
2019-06-14 09:09:30,577 INFO  client.GrpcClientProtocolClient (GrpcClientProtocolClient.java:onNext(254)) - client-C0E347E82FC5->e6065258-5a2c-4a72-9f81-ed1321f551ca: receive RaftClientReply:client-C0E347E82FC5->e6065258-5a2c-4a72-9f81-ed1321f551ca@group-13364FE26125, cid=756, SUCCESS, logIndex=1308, commits[e6065258-5a2c-4a72-9f81-ed1321f551ca:c1309]
2019-06-14 09:09:30,583 INFO  client.GrpcClientProtocolClient (GrpcClientProtocolClient.java:onNext(254)) - client-C0E347E82FC5->e6065258-5a2c-4a72-9f81-ed1321f551ca: receive RaftClientReply:client-C0E347E82FC5->e6065258-5a2c-4a72-9f81-ed1321f551ca@group-13364FE26125, cid=757, SUCCESS, logIndex=1310, commits[e6065258-5a2c-4a72-9f81-ed1321f551ca:c1310]
2019-06-14 09:09:30,586 INFO  client.GrpcClientProtocolClient (GrpcClientProtocolClient.java:onNext(254)) - client-C0E347E82FC5->e6065258-5a2c-4a72-9f81-ed1321f551ca: receive RaftClientReply:client-C0E347E82FC5->e6065258-5a2c-4a72-9f81-ed1321f551ca@group-13364FE26125, cid=758, SUCCESS, logIndex=1312, commits[e6065258-5a2c-4a72-9f81-ed1321f551ca:c1312]
2019-06-14 09:09:30,586 INFO  client.GrpcClientProtocolClient (GrpcClientProtocolClient.java:onNext(254)) - client-C0E347E82FC5->e6065258-5a2c-4a72-9f81-ed1321f551ca: receive RaftClientReply:client-C0E347E82FC5->e6065258-5a2c-4a72-9f81-ed1321f551ca@group-13364FE26125, cid=759, SUCCESS, logIndex=1313, commits[e6065258-5a2c-4a72-9f81-ed1321f551ca:c1315]
2019-06-14 09:09:30,587 INFO  client.GrpcClientProtocolClient (GrpcClientProtocolClient.java:onNext(254)) - client-C0E347E82FC5->e6065258-5a2c-4a72-9f81-ed1321f551ca: receive RaftClientReply:client-C0E347E82FC5->e6065258-5a2c-4a72-9f81-ed1321f551ca@group-13364FE26125, cid=760, SUCCESS, logIndex=1314, commits[e6065258-5a2c-4a72-9f81-ed1321f551ca:c1315]
2019-06-14 09:09:30,596 INFO  client.GrpcClientProtocolClient (GrpcClientProtocolClient.java:onNext(254)) - client-C0E347E82FC5->e6065258-5a2c-4a72-9f81-ed1321f551ca: receive RaftClientReply:client-C0E347E82FC5->e6065258-5a2c-4a72-9f81-ed1321f551ca@group-13364FE26125, cid=761, SUCCESS, logIndex=1316, commits[e6065258-5a2c-4a72-9f81-ed1321f551ca:c1316]
2019-06-14 09:09:30,598 INFO  client.GrpcClientProtocolClient (GrpcClientProtocolClient.java:onNext(254)) - client-C0E347E82FC5->e6065258-5a2c-4a72-9f81-ed1321f551ca: receive RaftClientReply:client-C0E347E82FC5->e6065258-5a2c-4a72-9f81-ed1321f551ca@group-13364FE26125, cid=762, SUCCESS, logIndex=1318, commits[e6065258-5a2c-4a72-9f81-ed1321f551ca:c1318]
2019-06-14 09:09:30,599 INFO  client.GrpcClientProtocolClient (GrpcClientProtocolClient.java:onNext(254)) - client-C0E347E82FC5->e6065258-5a2c-4a72-9f81-ed1321f551ca: receive RaftClientReply:client-C0E347E82FC5->e6065258-5a2c-4a72-9f81-ed1321f551ca@group-13364FE26125, cid=763, SUCCESS, logIndex=1319, commits[e6065258-5a2c-4a72-9f81-ed1321f551ca:c1321]
2019-06-14 09:09:30,602 INFO  client.GrpcClientProtocolClient (GrpcClientProtocolClient.java:onNext(254)) - client-C0E347E82FC5->e6065258-5a2c-4a72-9f81-ed1321f551ca: receive RaftClientReply:client-C0E347E82FC5->e6065258-5a2c-4a72-9f81-ed1321f551ca@group-13364FE26125, cid=764, SUCCESS, logIndex=1320, commits[e6065258-5a2c-4a72-9f81-ed1321f551ca:c1321]
2019-06-14 09:09:30,607 INFO  client.GrpcClientProtocolClient (GrpcClientProtocolClient.java:onNext(254)) - client-C0E347E82FC5->e6065258-5a2c-4a72-9f81-ed1321f551ca: receive RaftClientReply:client-C0E347E82FC5->e6065258-5a2c-4a72-9f81-ed1321f551ca@group-13364FE26125, cid=765, SUCCESS, logIndex=1322, commits[e6065258-5a2c-4a72-9f81-ed1321f551ca:c1322]
2019-06-14 09:09:30,609 INFO  client.GrpcClientProtocolClient (GrpcClientProtocolClient.java:onNext(254)) - client-C0E347E82FC5->e6065258-5a2c-4a72-9f81-ed1321f551ca: receive RaftClientReply:client-C0E347E82FC5->e6065258-5a2c-4a72-9f81-ed1321f551ca@group-13364FE26125, cid=766, SUCCESS, logIndex=1324, commits[e6065258-5a2c-4a72-9f81-ed1321f551ca:c1324]
2019-06-14 09:09:30,613 INFO  client.GrpcClientProtocolClient (GrpcClientProtocolClient.java:onNext(254)) - client-C0E347E82FC5->e6065258-5a2c-4a72-9f81-ed1321f551ca: receive RaftClientReply:client-C0E347E82FC5->e6065258-5a2c-4a72-9f81-ed1321f551ca@group-13364FE26125, cid=767, SUCCESS, logIndex=1326, commits[e6065258-5a2c-4a72-9f81-ed1321f551ca:c1326]
2019-06-14 09:09:30,617 INFO  client.GrpcClientProtocolClient (GrpcClientProtocolClient.java:onNext(254)) - client-C0E347E82FC5->e6065258-5a2c-4a72-9f81-ed1321f551ca: receive RaftClientReply:client-C0E347E82FC5->e6065258-5a2c-4a72-9f81-ed1321f551ca@group-13364FE26125, cid=768, SUCCESS, logIndex=1328, commits[e6065258-5a2c-4a72-9f81-ed1321f551ca:c1328]
2019-06-14 09:09:30,627 INFO  client.GrpcClientProtocolClient (GrpcClientProtocolClient.java:onNext(254)) - client-C0E347E82FC5->e6065258-5a2c-4a72-9f81-ed1321f551ca: receive RaftClientReply:client-C0E347E82FC5->e6065258-5a2c-4a72-9f81-ed1321f551ca@group-13364FE26125, cid=769, SUCCESS, logIndex=1330, commits[e6065258-5a2c-4a72-9f81-ed1321f551ca:c1330]
2019-06-14 09:09:30,627 INFO  storage.RaftLogWorker (RaftLogWorker.java:rollLogSegment(303)) - e6065258-5a2c-4a72-9f81-ed1321f551ca-RaftLogWorker: Rolling segment log-1262_1332 to index:1332
2019-06-14 09:09:30,628 INFO  storage.RaftLogWorker (RaftLogWorker.java:execute(433)) - e6065258-5a2c-4a72-9f81-ed1321f551ca-RaftLogWorker: Rolled log segment from /opt/src/hadoop-ozone/integration-test/target/test-dir/MiniOzoneClusterImpl-a56da109-a1cb-4168-8966-62306f2f2d23/datanode-0/data/ratis/920138aa-6f47-4d6d-b5cc-13364fe26125/current/log_inprogress_1262 to /opt/src/hadoop-ozone/integration-test/target/test-dir/MiniOzoneClusterImpl-a56da109-a1cb-4168-8966-62306f2f2d23/datanode-0/data/ratis/920138aa-6f47-4d6d-b5cc-13364fe26125/current/log_1262-1332
2019-06-14 09:09:30,637 INFO  client.GrpcClientProtocolClient (GrpcClientProtocolClient.java:onNext(254)) - client-C0E347E82FC5->e6065258-5a2c-4a72-9f81-ed1321f551ca: receive RaftClientReply:client-C0E347E82FC5->e6065258-5a2c-4a72-9f81-ed1321f551ca@group-13364FE26125, cid=770, SUCCESS, logIndex=1332, commits[e6065258-5a2c-4a72-9f81-ed1321f551ca:c1332]
2019-06-14 09:09:30,651 DEBUG block.SCMBlockDeletingService (SCMBlockDeletingService.java:call(138)) - Running DeletedBlockTransactionScanner
2019-06-14 09:09:30,667 DEBUG block.SCMBlockDeletingService (SCMBlockDeletingService.java:call(155)) - Scanned deleted blocks log and got 0 delTX to process.
2019-06-14 09:09:30,670 INFO  storage.RaftLogWorker (RaftLogWorker.java:execute(469)) - e6065258-5a2c-4a72-9f81-ed1321f551ca-RaftLogWorker: created new log segment /opt/src/hadoop-ozone/integration-test/target/test-dir/MiniOzoneClusterImpl-a56da109-a1cb-4168-8966-62306f2f2d23/datanode-0/data/ratis/920138aa-6f47-4d6d-b5cc-13364fe26125/current/log_inprogress_1333
2019-06-14 09:09:30,672 INFO  client.GrpcClientProtocolClient (GrpcClientProtocolClient.java:onNext(254)) - client-C0E347E82FC5->e6065258-5a2c-4a72-9f81-ed1321f551ca: receive RaftClientReply:client-C0E347E82FC5->e6065258-5a2c-4a72-9f81-ed1321f551ca@group-13364FE26125, cid=771, SUCCESS, logIndex=1333, commits[e6065258-5a2c-4a72-9f81-ed1321f551ca:c1335]
2019-06-14 09:09:30,672 INFO  client.GrpcClientProtocolClient (GrpcClientProtocolClient.java:onNext(254)) - client-C0E347E82FC5->e6065258-5a2c-4a72-9f81-ed1321f551ca: receive RaftClientReply:client-C0E347E82FC5->e6065258-5a2c-4a72-9f81-ed1321f551ca@group-13364FE26125, cid=772, SUCCESS, logIndex=1334, commits[e6065258-5a2c-4a72-9f81-ed1321f551ca:c1335]
2019-06-14 09:09:30,678 INFO  client.GrpcClientProtocolClient (GrpcClientProtocolClient.java:onNext(254)) - client-C0E347E82FC5->e6065258-5a2c-4a72-9f81-ed1321f551ca: receive RaftClientReply:client-C0E347E82FC5->e6065258-5a2c-4a72-9f81-ed1321f551ca@group-13364FE26125, cid=773, SUCCESS, logIndex=1336, commits[e6065258-5a2c-4a72-9f81-ed1321f551ca:c1336]
2019-06-14 09:09:30,680 INFO  client.GrpcClientProtocolClient (GrpcClientProtocolClient.java:onNext(254)) - client-C0E347E82FC5->e6065258-5a2c-4a72-9f81-ed1321f551ca: receive RaftClientReply:client-C0E347E82FC5->e6065258-5a2c-4a72-9f81-ed1321f551ca@group-13364FE26125, cid=774, SUCCESS, logIndex=1338, commits[e6065258-5a2c-4a72-9f81-ed1321f551ca:c1338]
2019-06-14 09:09:30,682 INFO  client.GrpcClientProtocolClient (GrpcClientProtocolClient.java:onNext(254)) - client-C0E347E82FC5->e6065258-5a2c-4a72-9f81-ed1321f551ca: receive RaftClientReply:client-C0E347E82FC5->e6065258-5a2c-4a72-9f81-ed1321f551ca@group-13364FE26125, cid=775, SUCCESS, logIndex=1340, commits[e6065258-5a2c-4a72-9f81-ed1321f551ca:c1341]
2019-06-14 09:09:30,683 INFO  client.GrpcClientProtocolClient (GrpcClientProtocolClient.java:onNext(254)) - client-C0E347E82FC5->e6065258-5a2c-4a72-9f81-ed1321f551ca: receive RaftClientReply:client-C0E347E82FC5->e6065258-5a2c-4a72-9f81-ed1321f551ca@group-13364FE26125, cid=776, SUCCESS, logIndex=1341, commits[e6065258-5a2c-4a72-9f81-ed1321f551ca:c1341]
2019-06-14 09:09:30,692 INFO  client.GrpcClientProtocolClient (GrpcClientProtocolClient.java:onNext(254)) - client-C0E347E82FC5->e6065258-5a2c-4a72-9f81-ed1321f551ca: receive RaftClientReply:client-C0E347E82FC5->e6065258-5a2c-4a72-9f81-ed1321f551ca@group-13364FE26125, cid=777, SUCCESS, logIndex=1343, commits[e6065258-5a2c-4a72-9f81-ed1321f551ca:c1343]
2019-06-14 09:09:30,693 INFO  client.GrpcClientProtocolClient (GrpcClientProtocolClient.java:onNext(254)) - client-C0E347E82FC5->e6065258-5a2c-4a72-9f81-ed1321f551ca: receive RaftClientReply:client-C0E347E82FC5->e6065258-5a2c-4a72-9f81-ed1321f551ca@group-13364FE26125, cid=778, SUCCESS, logIndex=1345, commits[e6065258-5a2c-4a72-9f81-ed1321f551ca:c1345]
2019-06-14 09:09:30,695 INFO  client.GrpcClientProtocolClient (GrpcClientProtocolClient.java:onNext(254)) - client-C0E347E82FC5->e6065258-5a2c-4a72-9f81-ed1321f551ca: receive RaftClientReply:client-C0E347E82FC5->e6065258-5a2c-4a72-9f81-ed1321f551ca@group-13364FE26125, cid=779, SUCCESS, logIndex=1346, commits[e6065258-5a2c-4a72-9f81-ed1321f551ca:c1348]
2019-06-14 09:09:30,695 INFO  client.GrpcClientProtocolClient (GrpcClientProtocolClient.java:onNext(254)) - client-C0E347E82FC5->e6065258-5a2c-4a72-9f81-ed1321f551ca: receive RaftClientReply:client-C0E347E82FC5->e6065258-5a2c-4a72-9f81-ed1321f551ca@group-13364FE26125, cid=780, SUCCESS, logIndex=1347, commits[e6065258-5a2c-4a72-9f81-ed1321f551ca:c1348]
2019-06-14 09:09:30,701 INFO  client.GrpcClientProtocolClient (GrpcClientProtocolClient.java:onNext(254)) - client-C0E347E82FC5->e6065258-5a2c-4a72-9f81-ed1321f551ca: receive RaftClientReply:client-C0E347E82FC5->e6065258-5a2c-4a72-9f81-ed1321f551ca@group-13364FE26125, cid=781, SUCCESS, logIndex=1349, commits[e6065258-5a2c-4a72-9f81-ed1321f551ca:c1349]
2019-06-14 09:09:30,702 INFO  client.GrpcClientProtocolClient (GrpcClientProtocolClient.java:onNext(254)) - client-C0E347E82FC5->e6065258-5a2c-4a72-9f81-ed1321f551ca: receive RaftClientReply:client-C0E347E82FC5->e6065258-5a2c-4a72-9f81-ed1321f551ca@group-13364FE26125, cid=782, SUCCESS, logIndex=1351, commits[e6065258-5a2c-4a72-9f81-ed1321f551ca:c1351]
2019-06-14 09:09:30,704 INFO  client.GrpcClientProtocolClient (GrpcClientProtocolClient.java:onNext(254)) - client-C0E347E82FC5->e6065258-5a2c-4a72-9f81-ed1321f551ca: receive RaftClientReply:client-C0E347E82FC5->e6065258-5a2c-4a72-9f81-ed1321f551ca@group-13364FE26125, cid=783, SUCCESS, logIndex=1352, commits[e6065258-5a2c-4a72-9f81-ed1321f551ca:c1354]
2019-06-14 09:09:30,705 INFO  client.GrpcClientProtocolClient (GrpcClientProtocolClient.java:onNext(254)) - client-C0E347E82FC5->e6065258-5a2c-4a72-9f81-ed1321f551ca: receive RaftClientReply:client-C0E347E82FC5->e6065258-5a2c-4a72-9f81-ed1321f551ca@group-13364FE26125, cid=784, SUCCESS, logIndex=1353, commits[e6065258-5a2c-4a72-9f81-ed1321f551ca:c1354]
2019-06-14 09:09:30,714 INFO  client.GrpcClientProtocolClient (GrpcClientProtocolClient.java:onNext(254)) - client-C0E347E82FC5->e6065258-5a2c-4a72-9f81-ed1321f551ca: receive RaftClientReply:client-C0E347E82FC5->e6065258-5a2c-4a72-9f81-ed1321f551ca@group-13364FE26125, cid=785, SUCCESS, logIndex=1355, commits[e6065258-5a2c-4a72-9f81-ed1321f551ca:c1355]
2019-06-14 09:09:30,716 INFO  client.GrpcClientProtocolClient (GrpcClientProtocolClient.java:onNext(254)) - client-C0E347E82FC5->e6065258-5a2c-4a72-9f81-ed1321f551ca: receive RaftClientReply:client-C0E347E82FC5->e6065258-5a2c-4a72-9f81-ed1321f551ca@group-13364FE26125, cid=786, SUCCESS, logIndex=1357, commits[e6065258-5a2c-4a72-9f81-ed1321f551ca:c1357]
2019-06-14 09:09:30,717 INFO  client.GrpcClientProtocolClient (GrpcClientProtocolClient.java:onNext(254)) - client-C0E347E82FC5->e6065258-5a2c-4a72-9f81-ed1321f551ca: receive RaftClientReply:client-C0E347E82FC5->e6065258-5a2c-4a72-9f81-ed1321f551ca@group-13364FE26125, cid=787, SUCCESS, logIndex=1358, commits[e6065258-5a2c-4a72-9f81-ed1321f551ca:c1360]
2019-06-14 09:09:30,717 INFO  client.GrpcClientProtocolClient (GrpcClientProtocolClient.java:onNext(254)) - client-C0E347E82FC5->e6065258-5a2c-4a72-9f81-ed1321f551ca: receive RaftClientReply:client-C0E347E82FC5->e6065258-5a2c-4a72-9f81-ed1321f551ca@group-13364FE26125, cid=788, SUCCESS, logIndex=1359, commits[e6065258-5a2c-4a72-9f81-ed1321f551ca:c1360]
2019-06-14 09:09:30,723 INFO  client.GrpcClientProtocolClient (GrpcClientProtocolClient.java:onNext(254)) - client-C0E347E82FC5->e6065258-5a2c-4a72-9f81-ed1321f551ca: receive RaftClientReply:client-C0E347E82FC5->e6065258-5a2c-4a72-9f81-ed1321f551ca@group-13364FE26125, cid=789, SUCCESS, logIndex=1361, commits[e6065258-5a2c-4a72-9f81-ed1321f551ca:c1361]
2019-06-14 09:09:30,725 INFO  client.GrpcClientProtocolClient (GrpcClientProtocolClient.java:onNext(254)) - client-C0E347E82FC5->e6065258-5a2c-4a72-9f81-ed1321f551ca: receive RaftClientReply:client-C0E347E82FC5->e6065258-5a2c-4a72-9f81-ed1321f551ca@group-13364FE26125, cid=790, SUCCESS, logIndex=1363, commits[e6065258-5a2c-4a72-9f81-ed1321f551ca:c1363]
2019-06-14 09:09:30,726 INFO  client.GrpcClientProtocolClient (GrpcClientProtocolClient.java:onNext(254)) - client-C0E347E82FC5->e6065258-5a2c-4a72-9f81-ed1321f551ca: receive RaftClientReply:client-C0E347E82FC5->e6065258-5a2c-4a72-9f81-ed1321f551ca@group-13364FE26125, cid=791, SUCCESS, logIndex=1364, commits[e6065258-5a2c-4a72-9f81-ed1321f551ca:c1366]
2019-06-14 09:09:30,726 INFO  client.GrpcClientProtocolClient (GrpcClientProtocolClient.java:onNext(254)) - client-C0E347E82FC5->e6065258-5a2c-4a72-9f81-ed1321f551ca: receive RaftClientReply:client-C0E347E82FC5->e6065258-5a2c-4a72-9f81-ed1321f551ca@group-13364FE26125, cid=792, SUCCESS, logIndex=1365, commits[e6065258-5a2c-4a72-9f81-ed1321f551ca:c1366]
2019-06-14 09:09:30,737 INFO  client.GrpcClientProtocolClient (GrpcClientProtocolClient.java:onNext(254)) - client-C0E347E82FC5->e6065258-5a2c-4a72-9f81-ed1321f551ca: receive RaftClientReply:client-C0E347E82FC5->e6065258-5a2c-4a72-9f81-ed1321f551ca@group-13364FE26125, cid=793, SUCCESS, logIndex=1367, commits[e6065258-5a2c-4a72-9f81-ed1321f551ca:c1367]
2019-06-14 09:09:30,739 INFO  client.GrpcClientProtocolClient (GrpcClientProtocolClient.java:onNext(254)) - client-C0E347E82FC5->e6065258-5a2c-4a72-9f81-ed1321f551ca: receive RaftClientReply:client-C0E347E82FC5->e6065258-5a2c-4a72-9f81-ed1321f551ca@group-13364FE26125, cid=794, SUCCESS, logIndex=1369, commits[e6065258-5a2c-4a72-9f81-ed1321f551ca:c1369]
2019-06-14 09:09:30,767 DEBUG block.SCMBlockDeletingService (SCMBlockDeletingService.java:call(138)) - Running DeletedBlockTransactionScanner
2019-06-14 09:09:30,768 DEBUG block.SCMBlockDeletingService (SCMBlockDeletingService.java:call(155)) - Scanned deleted blocks log and got 0 delTX to process.
2019-06-14 09:09:30,807 INFO  client.GrpcClientProtocolClient (GrpcClientProtocolClient.java:onNext(254)) - client-C0E347E82FC5->e6065258-5a2c-4a72-9f81-ed1321f551ca: receive RaftClientReply:client-C0E347E82FC5->e6065258-5a2c-4a72-9f81-ed1321f551ca@group-13364FE26125, cid=795, SUCCESS, logIndex=1371, commits[e6065258-5a2c-4a72-9f81-ed1321f551ca:c1371]
2019-06-14 09:09:30,808 INFO  client.GrpcClientProtocolClient (GrpcClientProtocolClient.java:onNext(254)) - client-C0E347E82FC5->e6065258-5a2c-4a72-9f81-ed1321f551ca: receive RaftClientReply:client-C0E347E82FC5->e6065258-5a2c-4a72-9f81-ed1321f551ca@group-13364FE26125, cid=796, SUCCESS, logIndex=1373, commits[e6065258-5a2c-4a72-9f81-ed1321f551ca:c1373]
2019-06-14 09:09:30,814 INFO  client.GrpcClientProtocolClient (GrpcClientProtocolClient.java:onNext(254)) - client-C0E347E82FC5->e6065258-5a2c-4a72-9f81-ed1321f551ca: receive RaftClientReply:client-C0E347E82FC5->e6065258-5a2c-4a72-9f81-ed1321f551ca@group-13364FE26125, cid=797, SUCCESS, logIndex=1375, commits[e6065258-5a2c-4a72-9f81-ed1321f551ca:c1375]
2019-06-14 09:09:30,815 INFO  client.GrpcClientProtocolClient (GrpcClientProtocolClient.java:onNext(254)) - client-C0E347E82FC5->e6065258-5a2c-4a72-9f81-ed1321f551ca: receive RaftClientReply:client-C0E347E82FC5->e6065258-5a2c-4a72-9f81-ed1321f551ca@group-13364FE26125, cid=798, SUCCESS, logIndex=1377, commits[e6065258-5a2c-4a72-9f81-ed1321f551ca:c1377]
2019-06-14 09:09:30,817 INFO  client.GrpcClientProtocolClient (GrpcClientProtocolClient.java:onNext(254)) - client-C0E347E82FC5->e6065258-5a2c-4a72-9f81-ed1321f551ca: receive RaftClientReply:client-C0E347E82FC5->e6065258-5a2c-4a72-9f81-ed1321f551ca@group-13364FE26125, cid=799, SUCCESS, logIndex=1378, commits[e6065258-5a2c-4a72-9f81-ed1321f551ca:c1380]
2019-06-14 09:09:30,817 INFO  client.GrpcClientProtocolClient (GrpcClientProtocolClient.java:onNext(254)) - client-C0E347E82FC5->e6065258-5a2c-4a72-9f81-ed1321f551ca: receive RaftClientReply:client-C0E347E82FC5->e6065258-5a2c-4a72-9f81-ed1321f551ca@group-13364FE26125, cid=800, SUCCESS, logIndex=1380, commits[e6065258-5a2c-4a72-9f81-ed1321f551ca:c1380]
2019-06-14 09:09:30,827 INFO  client.GrpcClientProtocolClient (GrpcClientProtocolClient.java:onNext(254)) - client-C0E347E82FC5->e6065258-5a2c-4a72-9f81-ed1321f551ca: receive RaftClientReply:client-C0E347E82FC5->e6065258-5a2c-4a72-9f81-ed1321f551ca@group-13364FE26125, cid=801, SUCCESS, logIndex=1382, commits[e6065258-5a2c-4a72-9f81-ed1321f551ca:c1382]
2019-06-14 09:09:30,829 INFO  client.GrpcClientProtocolClient (GrpcClientProtocolClient.java:onNext(254)) - client-C0E347E82FC5->e6065258-5a2c-4a72-9f81-ed1321f551ca: receive RaftClientReply:client-C0E347E82FC5->e6065258-5a2c-4a72-9f81-ed1321f551ca@group-13364FE26125, cid=802, SUCCESS, logIndex=1384, commits[e6065258-5a2c-4a72-9f81-ed1321f551ca:c1384]
2019-06-14 09:09:30,830 INFO  client.GrpcClientProtocolClient (GrpcClientProtocolClient.java:onNext(254)) - client-C0E347E82FC5->e6065258-5a2c-4a72-9f81-ed1321f551ca: receive RaftClientReply:client-C0E347E82FC5->e6065258-5a2c-4a72-9f81-ed1321f551ca@group-13364FE26125, cid=803, SUCCESS, logIndex=1385, commits[e6065258-5a2c-4a72-9f81-ed1321f551ca:c1387]
2019-06-14 09:09:30,830 INFO  client.GrpcClientProtocolClient (GrpcClientProtocolClient.java:onNext(254)) - client-C0E347E82FC5->e6065258-5a2c-4a72-9f81-ed1321f551ca: receive RaftClientReply:client-C0E347E82FC5->e6065258-5a2c-4a72-9f81-ed1321f551ca@group-13364FE26125, cid=804, SUCCESS, logIndex=1387, commits[e6065258-5a2c-4a72-9f81-ed1321f551ca:c1388]
2019-06-14 09:09:30,838 INFO  client.GrpcClientProtocolClient (GrpcClientProtocolClient.java:onNext(254)) - client-C0E347E82FC5->e6065258-5a2c-4a72-9f81-ed1321f551ca: receive RaftClientReply:client-C0E347E82FC5->e6065258-5a2c-4a72-9f81-ed1321f551ca@group-13364FE26125, cid=805, SUCCESS, logIndex=1389, commits[e6065258-5a2c-4a72-9f81-ed1321f551ca:c1389]
2019-06-14 09:09:30,840 INFO  client.GrpcClientProtocolClient (GrpcClientProtocolClient.java:onNext(254)) - client-C0E347E82FC5->e6065258-5a2c-4a72-9f81-ed1321f551ca: receive RaftClientReply:client-C0E347E82FC5->e6065258-5a2c-4a72-9f81-ed1321f551ca@group-13364FE26125, cid=806, SUCCESS, logIndex=1391, commits[e6065258-5a2c-4a72-9f81-ed1321f551ca:c1391]
2019-06-14 09:09:30,841 INFO  client.GrpcClientProtocolClient (GrpcClientProtocolClient.java:onNext(254)) - client-C0E347E82FC5->e6065258-5a2c-4a72-9f81-ed1321f551ca: receive RaftClientReply:client-C0E347E82FC5->e6065258-5a2c-4a72-9f81-ed1321f551ca@group-13364FE26125, cid=807, SUCCESS, logIndex=1392, commits[e6065258-5a2c-4a72-9f81-ed1321f551ca:c1394]
2019-06-14 09:09:30,842 INFO  client.GrpcClientProtocolClient (GrpcClientProtocolClient.java:onNext(254)) - client-C0E347E82FC5->e6065258-5a2c-4a72-9f81-ed1321f551ca: receive RaftClientReply:client-C0E347E82FC5->e6065258-5a2c-4a72-9f81-ed1321f551ca@group-13364FE26125, cid=808, SUCCESS, logIndex=1394, commits[e6065258-5a2c-4a72-9f81-ed1321f551ca:c1394]
2019-06-14 09:09:30,850 INFO  client.GrpcClientProtocolClient (GrpcClientProtocolClient.java:onNext(254)) - client-C0E347E82FC5->e6065258-5a2c-4a72-9f81-ed1321f551ca: receive RaftClientReply:client-C0E347E82FC5->e6065258-5a2c-4a72-9f81-ed1321f551ca@group-13364FE26125, cid=809, SUCCESS, logIndex=1396, commits[e6065258-5a2c-4a72-9f81-ed1321f551ca:c1396]
2019-06-14 09:09:30,852 INFO  client.GrpcClientProtocolClient (GrpcClientProtocolClient.java:onNext(254)) - client-C0E347E82FC5->e6065258-5a2c-4a72-9f81-ed1321f551ca: receive RaftClientReply:client-C0E347E82FC5->e6065258-5a2c-4a72-9f81-ed1321f551ca@group-13364FE26125, cid=810, SUCCESS, logIndex=1398, commits[e6065258-5a2c-4a72-9f81-ed1321f551ca:c1398]
2019-06-14 09:09:30,853 INFO  client.GrpcClientProtocolClient (GrpcClientProtocolClient.java:onNext(254)) - client-C0E347E82FC5->e6065258-5a2c-4a72-9f81-ed1321f551ca: receive RaftClientReply:client-C0E347E82FC5->e6065258-5a2c-4a72-9f81-ed1321f551ca@group-13364FE26125, cid=811, SUCCESS, logIndex=1399, commits[e6065258-5a2c-4a72-9f81-ed1321f551ca:c1401]
2019-06-14 09:09:30,854 INFO  client.GrpcClientProtocolClient (GrpcClientProtocolClient.java:onNext(254)) - client-C0E347E82FC5->e6065258-5a2c-4a72-9f81-ed1321f551ca: receive RaftClientReply:client-C0E347E82FC5->e6065258-5a2c-4a72-9f81-ed1321f551ca@group-13364FE26125, cid=812, SUCCESS, logIndex=1401, commits[e6065258-5a2c-4a72-9f81-ed1321f551ca:c1401]
2019-06-14 09:09:30,859 INFO  client.GrpcClientProtocolClient (GrpcClientProtocolClient.java:onNext(254)) - client-C0E347E82FC5->e6065258-5a2c-4a72-9f81-ed1321f551ca: receive RaftClientReply:client-C0E347E82FC5->e6065258-5a2c-4a72-9f81-ed1321f551ca@group-13364FE26125, cid=813, SUCCESS, logIndex=1403, commits[e6065258-5a2c-4a72-9f81-ed1321f551ca:c1403]
2019-06-14 09:09:30,859 INFO  storage.RaftLogWorker (RaftLogWorker.java:rollLogSegment(303)) - e6065258-5a2c-4a72-9f81-ed1321f551ca-RaftLogWorker: Rolling segment log-1333_1404 to index:1404
2019-06-14 09:09:30,860 INFO  storage.RaftLogWorker (RaftLogWorker.java:execute(433)) - e6065258-5a2c-4a72-9f81-ed1321f551ca-RaftLogWorker: Rolled log segment from /opt/src/hadoop-ozone/integration-test/target/test-dir/MiniOzoneClusterImpl-a56da109-a1cb-4168-8966-62306f2f2d23/datanode-0/data/ratis/920138aa-6f47-4d6d-b5cc-13364fe26125/current/log_inprogress_1333 to /opt/src/hadoop-ozone/integration-test/target/test-dir/MiniOzoneClusterImpl-a56da109-a1cb-4168-8966-62306f2f2d23/datanode-0/data/ratis/920138aa-6f47-4d6d-b5cc-13364fe26125/current/log_1333-1404
2019-06-14 09:09:30,868 DEBUG block.SCMBlockDeletingService (SCMBlockDeletingService.java:call(138)) - Running DeletedBlockTransactionScanner
2019-06-14 09:09:30,868 DEBUG block.SCMBlockDeletingService (SCMBlockDeletingService.java:call(155)) - Scanned deleted blocks log and got 0 delTX to process.
2019-06-14 09:09:30,903 INFO  storage.RaftLogWorker (RaftLogWorker.java:execute(469)) - e6065258-5a2c-4a72-9f81-ed1321f551ca-RaftLogWorker: created new log segment /opt/src/hadoop-ozone/integration-test/target/test-dir/MiniOzoneClusterImpl-a56da109-a1cb-4168-8966-62306f2f2d23/datanode-0/data/ratis/920138aa-6f47-4d6d-b5cc-13364fe26125/current/log_inprogress_1405
2019-06-14 09:09:30,906 INFO  client.GrpcClientProtocolClient (GrpcClientProtocolClient.java:onNext(254)) - client-C0E347E82FC5->e6065258-5a2c-4a72-9f81-ed1321f551ca: receive RaftClientReply:client-C0E347E82FC5->e6065258-5a2c-4a72-9f81-ed1321f551ca@group-13364FE26125, cid=814, SUCCESS, logIndex=1405, commits[e6065258-5a2c-4a72-9f81-ed1321f551ca:c1407]
2019-06-14 09:09:30,907 INFO  client.GrpcClientProtocolClient (GrpcClientProtocolClient.java:onNext(254)) - client-C0E347E82FC5->e6065258-5a2c-4a72-9f81-ed1321f551ca: receive RaftClientReply:client-C0E347E82FC5->e6065258-5a2c-4a72-9f81-ed1321f551ca@group-13364FE26125, cid=815, SUCCESS, logIndex=1406, commits[e6065258-5a2c-4a72-9f81-ed1321f551ca:c1407]
2019-06-14 09:09:30,910 INFO  client.GrpcClientProtocolClient (GrpcClientProtocolClient.java:onNext(254)) - client-C0E347E82FC5->e6065258-5a2c-4a72-9f81-ed1321f551ca: receive RaftClientReply:client-C0E347E82FC5->e6065258-5a2c-4a72-9f81-ed1321f551ca@group-13364FE26125, cid=816, SUCCESS, logIndex=1407, commits[e6065258-5a2c-4a72-9f81-ed1321f551ca:c1408]
2019-06-14 09:09:30,931 INFO  client.GrpcClientProtocolClient (GrpcClientProtocolClient.java:onNext(254)) - client-C0E347E82FC5->e6065258-5a2c-4a72-9f81-ed1321f551ca: receive RaftClientReply:client-C0E347E82FC5->e6065258-5a2c-4a72-9f81-ed1321f551ca@group-13364FE26125, cid=817, SUCCESS, logIndex=1409, commits[e6065258-5a2c-4a72-9f81-ed1321f551ca:c1409]
2019-06-14 09:09:30,934 INFO  client.GrpcClientProtocolClient (GrpcClientProtocolClient.java:onNext(254)) - client-C0E347E82FC5->e6065258-5a2c-4a72-9f81-ed1321f551ca: receive RaftClientReply:client-C0E347E82FC5->e6065258-5a2c-4a72-9f81-ed1321f551ca@group-13364FE26125, cid=818, SUCCESS, logIndex=1411, commits[e6065258-5a2c-4a72-9f81-ed1321f551ca:c1411]
2019-06-14 09:09:30,937 INFO  client.GrpcClientProtocolClient (GrpcClientProtocolClient.java:onNext(254)) - client-C0E347E82FC5->e6065258-5a2c-4a72-9f81-ed1321f551ca: receive RaftClientReply:client-C0E347E82FC5->e6065258-5a2c-4a72-9f81-ed1321f551ca@group-13364FE26125, cid=819, SUCCESS, logIndex=1412, commits[e6065258-5a2c-4a72-9f81-ed1321f551ca:c1415]
2019-06-14 09:09:30,937 INFO  client.GrpcClientProtocolClient (GrpcClientProtocolClient.java:onNext(254)) - client-C0E347E82FC5->e6065258-5a2c-4a72-9f81-ed1321f551ca: receive RaftClientReply:client-C0E347E82FC5->e6065258-5a2c-4a72-9f81-ed1321f551ca@group-13364FE26125, cid=820, SUCCESS, logIndex=1414, commits[e6065258-5a2c-4a72-9f81-ed1321f551ca:c1415]
2019-06-14 09:09:30,943 INFO  client.GrpcClientProtocolClient (GrpcClientProtocolClient.java:onNext(254)) - client-C0E347E82FC5->e6065258-5a2c-4a72-9f81-ed1321f551ca: receive RaftClientReply:client-C0E347E82FC5->e6065258-5a2c-4a72-9f81-ed1321f551ca@group-13364FE26125, cid=821, SUCCESS, logIndex=1416, commits[e6065258-5a2c-4a72-9f81-ed1321f551ca:c1416]
2019-06-14 09:09:30,948 INFO  client.GrpcClientProtocolClient (GrpcClientProtocolClient.java:onNext(254)) - client-C0E347E82FC5->e6065258-5a2c-4a72-9f81-ed1321f551ca: receive RaftClientReply:client-C0E347E82FC5->e6065258-5a2c-4a72-9f81-ed1321f551ca@group-13364FE26125, cid=822, SUCCESS, logIndex=1418, commits[e6065258-5a2c-4a72-9f81-ed1321f551ca:c1418]
2019-06-14 09:09:30,948 INFO  client.GrpcClientProtocolClient (GrpcClientProtocolClient.java:onNext(254)) - client-C0E347E82FC5->e6065258-5a2c-4a72-9f81-ed1321f551ca: receive RaftClientReply:client-C0E347E82FC5->e6065258-5a2c-4a72-9f81-ed1321f551ca@group-13364FE26125, cid=823, SUCCESS, logIndex=1419, commits[e6065258-5a2c-4a72-9f81-ed1321f551ca:c1419]
2019-06-14 09:09:30,949 INFO  client.GrpcClientProtocolClient (GrpcClientProtocolClient.java:onNext(254)) - client-C0E347E82FC5->e6065258-5a2c-4a72-9f81-ed1321f551ca: receive RaftClientReply:client-C0E347E82FC5->e6065258-5a2c-4a72-9f81-ed1321f551ca@group-13364FE26125, cid=824, SUCCESS, logIndex=1421, commits[e6065258-5a2c-4a72-9f81-ed1321f551ca:c1422]
2019-06-14 09:09:30,963 INFO  client.GrpcClientProtocolClient (GrpcClientProtocolClient.java:onNext(254)) - client-C0E347E82FC5->e6065258-5a2c-4a72-9f81-ed1321f551ca: receive RaftClientReply:client-C0E347E82FC5->e6065258-5a2c-4a72-9f81-ed1321f551ca@group-13364FE26125, cid=825, SUCCESS, logIndex=1424, commits[e6065258-5a2c-4a72-9f81-ed1321f551ca:c1424]
2019-06-14 09:09:30,965 INFO  client.GrpcClientProtocolClient (GrpcClientProtocolClient.java:onNext(254)) - client-C0E347E82FC5->e6065258-5a2c-4a72-9f81-ed1321f551ca: receive RaftClientReply:client-C0E347E82FC5->e6065258-5a2c-4a72-9f81-ed1321f551ca@group-13364FE26125, cid=826, SUCCESS, logIndex=1426, commits[e6065258-5a2c-4a72-9f81-ed1321f551ca:c1428]
2019-06-14 09:09:30,965 INFO  client.GrpcClientProtocolClient (GrpcClientProtocolClient.java:onNext(254)) - client-C0E347E82FC5->e6065258-5a2c-4a72-9f81-ed1321f551ca: receive RaftClientReply:client-C0E347E82FC5->e6065258-5a2c-4a72-9f81-ed1321f551ca@group-13364FE26125, cid=827, SUCCESS, logIndex=1427, commits[e6065258-5a2c-4a72-9f81-ed1321f551ca:c1428]
2019-06-14 09:09:30,965 INFO  client.GrpcClientProtocolClient (GrpcClientProtocolClient.java:onNext(254)) - client-C0E347E82FC5->e6065258-5a2c-4a72-9f81-ed1321f551ca: receive RaftClientReply:client-C0E347E82FC5->e6065258-5a2c-4a72-9f81-ed1321f551ca@group-13364FE26125, cid=828, SUCCESS, logIndex=1428, commits[e6065258-5a2c-4a72-9f81-ed1321f551ca:c1429]
2019-06-14 09:09:30,968 DEBUG block.SCMBlockDeletingService (SCMBlockDeletingService.java:call(138)) - Running DeletedBlockTransactionScanner
2019-06-14 09:09:30,968 DEBUG block.SCMBlockDeletingService (SCMBlockDeletingService.java:call(155)) - Scanned deleted blocks log and got 0 delTX to process.
2019-06-14 09:09:30,971 INFO  client.GrpcClientProtocolClient (GrpcClientProtocolClient.java:onNext(254)) - client-C0E347E82FC5->e6065258-5a2c-4a72-9f81-ed1321f551ca: receive RaftClientReply:client-C0E347E82FC5->e6065258-5a2c-4a72-9f81-ed1321f551ca@group-13364FE26125, cid=829, SUCCESS, logIndex=1430, commits[e6065258-5a2c-4a72-9f81-ed1321f551ca:c1430]
2019-06-14 09:09:30,972 INFO  client.GrpcClientProtocolClient (GrpcClientProtocolClient.java:onNext(254)) - client-C0E347E82FC5->e6065258-5a2c-4a72-9f81-ed1321f551ca: receive RaftClientReply:client-C0E347E82FC5->e6065258-5a2c-4a72-9f81-ed1321f551ca@group-13364FE26125, cid=830, SUCCESS, logIndex=1432, commits[e6065258-5a2c-4a72-9f81-ed1321f551ca:c1432]
2019-06-14 09:09:30,974 INFO  client.GrpcClientProtocolClient (GrpcClientProtocolClient.java:onNext(254)) - client-C0E347E82FC5->e6065258-5a2c-4a72-9f81-ed1321f551ca: receive RaftClientReply:client-C0E347E82FC5->e6065258-5a2c-4a72-9f81-ed1321f551ca@group-13364FE26125, cid=831, SUCCESS, logIndex=1433, commits[e6065258-5a2c-4a72-9f81-ed1321f551ca:c1435]
2019-06-14 09:09:30,974 INFO  client.GrpcClientProtocolClient (GrpcClientProtocolClient.java:onNext(254)) - client-C0E347E82FC5->e6065258-5a2c-4a72-9f81-ed1321f551ca: receive RaftClientReply:client-C0E347E82FC5->e6065258-5a2c-4a72-9f81-ed1321f551ca@group-13364FE26125, cid=832, SUCCESS, logIndex=1434, commits[e6065258-5a2c-4a72-9f81-ed1321f551ca:c1435]
2019-06-14 09:09:30,984 INFO  client.GrpcClientProtocolClient (GrpcClientProtocolClient.java:onNext(254)) - client-C0E347E82FC5->e6065258-5a2c-4a72-9f81-ed1321f551ca: receive RaftClientReply:client-C0E347E82FC5->e6065258-5a2c-4a72-9f81-ed1321f551ca@group-13364FE26125, cid=833, SUCCESS, logIndex=1436, commits[e6065258-5a2c-4a72-9f81-ed1321f551ca:c1436]
2019-06-14 09:09:30,986 INFO  client.GrpcClientProtocolClient (GrpcClientProtocolClient.java:onNext(254)) - client-C0E347E82FC5->e6065258-5a2c-4a72-9f81-ed1321f551ca: receive RaftClientReply:client-C0E347E82FC5->e6065258-5a2c-4a72-9f81-ed1321f551ca@group-13364FE26125, cid=834, SUCCESS, logIndex=1438, commits[e6065258-5a2c-4a72-9f81-ed1321f551ca:c1438]
2019-06-14 09:09:30,987 INFO  client.GrpcClientProtocolClient (GrpcClientProtocolClient.java:onNext(254)) - client-C0E347E82FC5->e6065258-5a2c-4a72-9f81-ed1321f551ca: receive RaftClientReply:client-C0E347E82FC5->e6065258-5a2c-4a72-9f81-ed1321f551ca@group-13364FE26125, cid=835, SUCCESS, logIndex=1439, commits[e6065258-5a2c-4a72-9f81-ed1321f551ca:c1441]
2019-06-14 09:09:30,987 INFO  client.GrpcClientProtocolClient (GrpcClientProtocolClient.java:onNext(254)) - client-C0E347E82FC5->e6065258-5a2c-4a72-9f81-ed1321f551ca: receive RaftClientReply:client-C0E347E82FC5->e6065258-5a2c-4a72-9f81-ed1321f551ca@group-13364FE26125, cid=836, SUCCESS, logIndex=1440, commits[e6065258-5a2c-4a72-9f81-ed1321f551ca:c1441]
2019-06-14 09:09:31,044 INFO  client.GrpcClientProtocolClient (GrpcClientProtocolClient.java:onNext(254)) - client-C0E347E82FC5->e6065258-5a2c-4a72-9f81-ed1321f551ca: receive RaftClientReply:client-C0E347E82FC5->e6065258-5a2c-4a72-9f81-ed1321f551ca@group-13364FE26125, cid=837, SUCCESS, logIndex=1442, commits[e6065258-5a2c-4a72-9f81-ed1321f551ca:c1442]
2019-06-14 09:09:31,046 INFO  client.GrpcClientProtocolClient (GrpcClientProtocolClient.java:onNext(254)) - client-C0E347E82FC5->e6065258-5a2c-4a72-9f81-ed1321f551ca: receive RaftClientReply:client-C0E347E82FC5->e6065258-5a2c-4a72-9f81-ed1321f551ca@group-13364FE26125, cid=838, SUCCESS, logIndex=1444, commits[e6065258-5a2c-4a72-9f81-ed1321f551ca:c1444]
2019-06-14 09:09:31,070 DEBUG block.SCMBlockDeletingService (SCMBlockDeletingService.java:call(138)) - Running DeletedBlockTransactionScanner
2019-06-14 09:09:31,070 DEBUG block.SCMBlockDeletingService (SCMBlockDeletingService.java:call(155)) - Scanned deleted blocks log and got 0 delTX to process.
2019-06-14 09:09:31,110 INFO  client.GrpcClientProtocolClient (GrpcClientProtocolClient.java:onNext(254)) - client-C0E347E82FC5->e6065258-5a2c-4a72-9f81-ed1321f551ca: receive RaftClientReply:client-C0E347E82FC5->e6065258-5a2c-4a72-9f81-ed1321f551ca@group-13364FE26125, cid=839, SUCCESS, logIndex=1446, commits[e6065258-5a2c-4a72-9f81-ed1321f551ca:c1446]
2019-06-14 09:09:31,112 INFO  client.GrpcClientProtocolClient (GrpcClientProtocolClient.java:onNext(254)) - client-C0E347E82FC5->e6065258-5a2c-4a72-9f81-ed1321f551ca: receive RaftClientReply:client-C0E347E82FC5->e6065258-5a2c-4a72-9f81-ed1321f551ca@group-13364FE26125, cid=840, SUCCESS, logIndex=1448, commits[e6065258-5a2c-4a72-9f81-ed1321f551ca:c1448]
2019-06-14 09:09:31,121 INFO  client.GrpcClientProtocolClient (GrpcClientProtocolClient.java:onNext(254)) - client-C0E347E82FC5->e6065258-5a2c-4a72-9f81-ed1321f551ca: receive RaftClientReply:client-C0E347E82FC5->e6065258-5a2c-4a72-9f81-ed1321f551ca@group-13364FE26125, cid=841, SUCCESS, logIndex=1450, commits[e6065258-5a2c-4a72-9f81-ed1321f551ca:c1450]
2019-06-14 09:09:31,126 INFO  client.GrpcClientProtocolClient (GrpcClientProtocolClient.java:onNext(254)) - client-C0E347E82FC5->e6065258-5a2c-4a72-9f81-ed1321f551ca: receive RaftClientReply:client-C0E347E82FC5->e6065258-5a2c-4a72-9f81-ed1321f551ca@group-13364FE26125, cid=842, SUCCESS, logIndex=1452, commits[e6065258-5a2c-4a72-9f81-ed1321f551ca:c1452]
2019-06-14 09:09:31,126 INFO  client.GrpcClientProtocolClient (GrpcClientProtocolClient.java:onNext(254)) - client-C0E347E82FC5->e6065258-5a2c-4a72-9f81-ed1321f551ca: receive RaftClientReply:client-C0E347E82FC5->e6065258-5a2c-4a72-9f81-ed1321f551ca@group-13364FE26125, cid=843, SUCCESS, logIndex=1453, commits[e6065258-5a2c-4a72-9f81-ed1321f551ca:c1455]
2019-06-14 09:09:31,126 INFO  client.GrpcClientProtocolClient (GrpcClientProtocolClient.java:onNext(254)) - client-C0E347E82FC5->e6065258-5a2c-4a72-9f81-ed1321f551ca: receive RaftClientReply:client-C0E347E82FC5->e6065258-5a2c-4a72-9f81-ed1321f551ca@group-13364FE26125, cid=844, SUCCESS, logIndex=1454, commits[e6065258-5a2c-4a72-9f81-ed1321f551ca:c1455]
2019-06-14 09:09:31,134 INFO  client.GrpcClientProtocolClient (GrpcClientProtocolClient.java:onNext(254)) - client-C0E347E82FC5->e6065258-5a2c-4a72-9f81-ed1321f551ca: receive RaftClientReply:client-C0E347E82FC5->e6065258-5a2c-4a72-9f81-ed1321f551ca@group-13364FE26125, cid=845, SUCCESS, logIndex=1456, commits[e6065258-5a2c-4a72-9f81-ed1321f551ca:c1456]
2019-06-14 09:09:31,136 INFO  client.GrpcClientProtocolClient (GrpcClientProtocolClient.java:onNext(254)) - client-C0E347E82FC5->e6065258-5a2c-4a72-9f81-ed1321f551ca: receive RaftClientReply:client-C0E347E82FC5->e6065258-5a2c-4a72-9f81-ed1321f551ca@group-13364FE26125, cid=846, SUCCESS, logIndex=1458, commits[e6065258-5a2c-4a72-9f81-ed1321f551ca:c1458]
2019-06-14 09:09:31,137 INFO  client.GrpcClientProtocolClient (GrpcClientProtocolClient.java:onNext(254)) - client-C0E347E82FC5->e6065258-5a2c-4a72-9f81-ed1321f551ca: receive RaftClientReply:client-C0E347E82FC5->e6065258-5a2c-4a72-9f81-ed1321f551ca@group-13364FE26125, cid=847, SUCCESS, logIndex=1459, commits[e6065258-5a2c-4a72-9f81-ed1321f551ca:c1461]
2019-06-14 09:09:31,137 INFO  client.GrpcClientProtocolClient (GrpcClientProtocolClient.java:onNext(254)) - client-C0E347E82FC5->e6065258-5a2c-4a72-9f81-ed1321f551ca: receive RaftClientReply:client-C0E347E82FC5->e6065258-5a2c-4a72-9f81-ed1321f551ca@group-13364FE26125, cid=848, SUCCESS, logIndex=1460, commits[e6065258-5a2c-4a72-9f81-ed1321f551ca:c1461]
2019-06-14 09:09:31,146 INFO  client.GrpcClientProtocolClient (GrpcClientProtocolClient.java:onNext(254)) - client-C0E347E82FC5->e6065258-5a2c-4a72-9f81-ed1321f551ca: receive RaftClientReply:client-C0E347E82FC5->e6065258-5a2c-4a72-9f81-ed1321f551ca@group-13364FE26125, cid=849, SUCCESS, logIndex=1462, commits[e6065258-5a2c-4a72-9f81-ed1321f551ca:c1462]
2019-06-14 09:09:31,148 INFO  client.GrpcClientProtocolClient (GrpcClientProtocolClient.java:onNext(254)) - client-C0E347E82FC5->e6065258-5a2c-4a72-9f81-ed1321f551ca: receive RaftClientReply:client-C0E347E82FC5->e6065258-5a2c-4a72-9f81-ed1321f551ca@group-13364FE26125, cid=850, SUCCESS, logIndex=1464, commits[e6065258-5a2c-4a72-9f81-ed1321f551ca:c1464]
2019-06-14 09:09:31,149 INFO  client.GrpcClientProtocolClient (GrpcClientProtocolClient.java:onNext(254)) - client-C0E347E82FC5->e6065258-5a2c-4a72-9f81-ed1321f551ca: receive RaftClientReply:client-C0E347E82FC5->e6065258-5a2c-4a72-9f81-ed1321f551ca@group-13364FE26125, cid=851, SUCCESS, logIndex=1465, commits[e6065258-5a2c-4a72-9f81-ed1321f551ca:c1465]
2019-06-14 09:09:31,150 INFO  client.GrpcClientProtocolClient (GrpcClientProtocolClient.java:onNext(254)) - client-C0E347E82FC5->e6065258-5a2c-4a72-9f81-ed1321f551ca: receive RaftClientReply:client-C0E347E82FC5->e6065258-5a2c-4a72-9f81-ed1321f551ca@group-13364FE26125, cid=852, SUCCESS, logIndex=1467, commits[e6065258-5a2c-4a72-9f81-ed1321f551ca:c1467]
2019-06-14 09:09:31,156 INFO  client.GrpcClientProtocolClient (GrpcClientProtocolClient.java:onNext(254)) - client-C0E347E82FC5->e6065258-5a2c-4a72-9f81-ed1321f551ca: receive RaftClientReply:client-C0E347E82FC5->e6065258-5a2c-4a72-9f81-ed1321f551ca@group-13364FE26125, cid=853, SUCCESS, logIndex=1470, commits[e6065258-5a2c-4a72-9f81-ed1321f551ca:c1470]
2019-06-14 09:09:31,157 INFO  client.GrpcClientProtocolClient (GrpcClientProtocolClient.java:onNext(254)) - client-C0E347E82FC5->e6065258-5a2c-4a72-9f81-ed1321f551ca: receive RaftClientReply:client-C0E347E82FC5->e6065258-5a2c-4a72-9f81-ed1321f551ca@group-13364FE26125, cid=854, SUCCESS, logIndex=1472, commits[e6065258-5a2c-4a72-9f81-ed1321f551ca:c1472]
2019-06-14 09:09:31,158 INFO  storage.RaftLogWorker (RaftLogWorker.java:rollLogSegment(303)) - e6065258-5a2c-4a72-9f81-ed1321f551ca-RaftLogWorker: Rolling segment log-1405_1474 to index:1474
2019-06-14 09:09:31,159 INFO  storage.RaftLogWorker (RaftLogWorker.java:execute(433)) - e6065258-5a2c-4a72-9f81-ed1321f551ca-RaftLogWorker: Rolled log segment from /opt/src/hadoop-ozone/integration-test/target/test-dir/MiniOzoneClusterImpl-a56da109-a1cb-4168-8966-62306f2f2d23/datanode-0/data/ratis/920138aa-6f47-4d6d-b5cc-13364fe26125/current/log_inprogress_1405 to /opt/src/hadoop-ozone/integration-test/target/test-dir/MiniOzoneClusterImpl-a56da109-a1cb-4168-8966-62306f2f2d23/datanode-0/data/ratis/920138aa-6f47-4d6d-b5cc-13364fe26125/current/log_1405-1474
2019-06-14 09:09:31,167 INFO  client.GrpcClientProtocolClient (GrpcClientProtocolClient.java:onNext(254)) - client-C0E347E82FC5->e6065258-5a2c-4a72-9f81-ed1321f551ca: receive RaftClientReply:client-C0E347E82FC5->e6065258-5a2c-4a72-9f81-ed1321f551ca@group-13364FE26125, cid=855, SUCCESS, logIndex=1474, commits[e6065258-5a2c-4a72-9f81-ed1321f551ca:c1474]
2019-06-14 09:09:31,171 DEBUG block.SCMBlockDeletingService (SCMBlockDeletingService.java:call(138)) - Running DeletedBlockTransactionScanner
2019-06-14 09:09:31,179 DEBUG block.SCMBlockDeletingService (SCMBlockDeletingService.java:call(155)) - Scanned deleted blocks log and got 0 delTX to process.
2019-06-14 09:09:31,200 INFO  storage.RaftLogWorker (RaftLogWorker.java:execute(469)) - e6065258-5a2c-4a72-9f81-ed1321f551ca-RaftLogWorker: created new log segment /opt/src/hadoop-ozone/integration-test/target/test-dir/MiniOzoneClusterImpl-a56da109-a1cb-4168-8966-62306f2f2d23/datanode-0/data/ratis/920138aa-6f47-4d6d-b5cc-13364fe26125/current/log_inprogress_1475
2019-06-14 09:09:31,202 INFO  client.GrpcClientProtocolClient (GrpcClientProtocolClient.java:onNext(254)) - client-C0E347E82FC5->e6065258-5a2c-4a72-9f81-ed1321f551ca: receive RaftClientReply:client-C0E347E82FC5->e6065258-5a2c-4a72-9f81-ed1321f551ca@group-13364FE26125, cid=856, SUCCESS, logIndex=1475, commits[e6065258-5a2c-4a72-9f81-ed1321f551ca:c1476]
2019-06-14 09:09:31,212 INFO  client.GrpcClientProtocolClient (GrpcClientProtocolClient.java:onNext(254)) - client-C0E347E82FC5->e6065258-5a2c-4a72-9f81-ed1321f551ca: receive RaftClientReply:client-C0E347E82FC5->e6065258-5a2c-4a72-9f81-ed1321f551ca@group-13364FE26125, cid=857, SUCCESS, logIndex=1477, commits[e6065258-5a2c-4a72-9f81-ed1321f551ca:c1477]
2019-06-14 09:09:31,214 INFO  client.GrpcClientProtocolClient (GrpcClientProtocolClient.java:onNext(254)) - client-C0E347E82FC5->e6065258-5a2c-4a72-9f81-ed1321f551ca: receive RaftClientReply:client-C0E347E82FC5->e6065258-5a2c-4a72-9f81-ed1321f551ca@group-13364FE26125, cid=858, SUCCESS, logIndex=1479, commits[e6065258-5a2c-4a72-9f81-ed1321f551ca:c1479]
2019-06-14 09:09:31,216 INFO  client.GrpcClientProtocolClient (GrpcClientProtocolClient.java:onNext(254)) - client-C0E347E82FC5->e6065258-5a2c-4a72-9f81-ed1321f551ca: receive RaftClientReply:client-C0E347E82FC5->e6065258-5a2c-4a72-9f81-ed1321f551ca@group-13364FE26125, cid=859, SUCCESS, logIndex=1481, commits[e6065258-5a2c-4a72-9f81-ed1321f551ca:c1482]
2019-06-14 09:09:31,217 INFO  client.GrpcClientProtocolClient (GrpcClientProtocolClient.java:onNext(254)) - client-C0E347E82FC5->e6065258-5a2c-4a72-9f81-ed1321f551ca: receive RaftClientReply:client-C0E347E82FC5->e6065258-5a2c-4a72-9f81-ed1321f551ca@group-13364FE26125, cid=860, SUCCESS, logIndex=1482, commits[e6065258-5a2c-4a72-9f81-ed1321f551ca:c1483]
2019-06-14 09:09:31,222 INFO  client.GrpcClientProtocolClient (GrpcClientProtocolClient.java:onNext(254)) - client-C0E347E82FC5->e6065258-5a2c-4a72-9f81-ed1321f551ca: receive RaftClientReply:client-C0E347E82FC5->e6065258-5a2c-4a72-9f81-ed1321f551ca@group-13364FE26125, cid=861, SUCCESS, logIndex=1484, commits[e6065258-5a2c-4a72-9f81-ed1321f551ca:c1484]
2019-06-14 09:09:31,225 INFO  client.GrpcClientProtocolClient (GrpcClientProtocolClient.java:onNext(254)) - client-C0E347E82FC5->e6065258-5a2c-4a72-9f81-ed1321f551ca: receive RaftClientReply:client-C0E347E82FC5->e6065258-5a2c-4a72-9f81-ed1321f551ca@group-13364FE26125, cid=862, SUCCESS, logIndex=1486, commits[e6065258-5a2c-4a72-9f81-ed1321f551ca:c1486]
2019-06-14 09:09:31,227 INFO  client.GrpcClientProtocolClient (GrpcClientProtocolClient.java:onNext(254)) - client-C0E347E82FC5->e6065258-5a2c-4a72-9f81-ed1321f551ca: receive RaftClientReply:client-C0E347E82FC5->e6065258-5a2c-4a72-9f81-ed1321f551ca@group-13364FE26125, cid=863, SUCCESS, logIndex=1487, commits[e6065258-5a2c-4a72-9f81-ed1321f551ca:c1489]
2019-06-14 09:09:31,227 INFO  client.GrpcClientProtocolClient (GrpcClientProtocolClient.java:onNext(254)) - client-C0E347E82FC5->e6065258-5a2c-4a72-9f81-ed1321f551ca: receive RaftClientReply:client-C0E347E82FC5->e6065258-5a2c-4a72-9f81-ed1321f551ca@group-13364FE26125, cid=864, SUCCESS, logIndex=1488, commits[e6065258-5a2c-4a72-9f81-ed1321f551ca:c1489]
2019-06-14 09:09:31,238 INFO  client.GrpcClientProtocolClient (GrpcClientProtocolClient.java:onNext(254)) - client-C0E347E82FC5->e6065258-5a2c-4a72-9f81-ed1321f551ca: receive RaftClientReply:client-C0E347E82FC5->e6065258-5a2c-4a72-9f81-ed1321f551ca@group-13364FE26125, cid=865, SUCCESS, logIndex=1490, commits[e6065258-5a2c-4a72-9f81-ed1321f551ca:c1490]
2019-06-14 09:09:31,240 INFO  client.GrpcClientProtocolClient (GrpcClientProtocolClient.java:onNext(254)) - client-C0E347E82FC5->e6065258-5a2c-4a72-9f81-ed1321f551ca: receive RaftClientReply:client-C0E347E82FC5->e6065258-5a2c-4a72-9f81-ed1321f551ca@group-13364FE26125, cid=866, SUCCESS, logIndex=1492, commits[e6065258-5a2c-4a72-9f81-ed1321f551ca:c1492]
2019-06-14 09:09:31,243 INFO  client.GrpcClientProtocolClient (GrpcClientProtocolClient.java:onNext(254)) - client-C0E347E82FC5->e6065258-5a2c-4a72-9f81-ed1321f551ca: receive RaftClientReply:client-C0E347E82FC5->e6065258-5a2c-4a72-9f81-ed1321f551ca@group-13364FE26125, cid=867, SUCCESS, logIndex=1494, commits[e6065258-5a2c-4a72-9f81-ed1321f551ca:c1494]
2019-06-14 09:09:31,244 INFO  client.GrpcClientProtocolClient (GrpcClientProtocolClient.java:onNext(254)) - client-C0E347E82FC5->e6065258-5a2c-4a72-9f81-ed1321f551ca: receive RaftClientReply:client-C0E347E82FC5->e6065258-5a2c-4a72-9f81-ed1321f551ca@group-13364FE26125, cid=868, SUCCESS, logIndex=1496, commits[e6065258-5a2c-4a72-9f81-ed1321f551ca:c1496]
2019-06-14 09:09:31,250 INFO  client.GrpcClientProtocolClient (GrpcClientProtocolClient.java:onNext(254)) - client-C0E347E82FC5->e6065258-5a2c-4a72-9f81-ed1321f551ca: receive RaftClientReply:client-C0E347E82FC5->e6065258-5a2c-4a72-9f81-ed1321f551ca@group-13364FE26125, cid=869, SUCCESS, logIndex=1498, commits[e6065258-5a2c-4a72-9f81-ed1321f551ca:c1498]
2019-06-14 09:09:31,252 INFO  client.GrpcClientProtocolClient (GrpcClientProtocolClient.java:onNext(254)) - client-C0E347E82FC5->e6065258-5a2c-4a72-9f81-ed1321f551ca: receive RaftClientReply:client-C0E347E82FC5->e6065258-5a2c-4a72-9f81-ed1321f551ca@group-13364FE26125, cid=870, SUCCESS, logIndex=1500, commits[e6065258-5a2c-4a72-9f81-ed1321f551ca:c1500]
2019-06-14 09:09:31,255 INFO  client.GrpcClientProtocolClient (GrpcClientProtocolClient.java:onNext(254)) - client-C0E347E82FC5->e6065258-5a2c-4a72-9f81-ed1321f551ca: receive RaftClientReply:client-C0E347E82FC5->e6065258-5a2c-4a72-9f81-ed1321f551ca@group-13364FE26125, cid=871, SUCCESS, logIndex=1502, commits[e6065258-5a2c-4a72-9f81-ed1321f551ca:c1502]
2019-06-14 09:09:31,256 INFO  client.GrpcClientProtocolClient (GrpcClientProtocolClient.java:onNext(254)) - client-C0E347E82FC5->e6065258-5a2c-4a72-9f81-ed1321f551ca: receive RaftClientReply:client-C0E347E82FC5->e6065258-5a2c-4a72-9f81-ed1321f551ca@group-13364FE26125, cid=872, SUCCESS, logIndex=1504, commits[e6065258-5a2c-4a72-9f81-ed1321f551ca:c1504]
2019-06-14 09:09:31,266 INFO  client.GrpcClientProtocolClient (GrpcClientProtocolClient.java:onNext(254)) - client-C0E347E82FC5->e6065258-5a2c-4a72-9f81-ed1321f551ca: receive RaftClientReply:client-C0E347E82FC5->e6065258-5a2c-4a72-9f81-ed1321f551ca@group-13364FE26125, cid=873, SUCCESS, logIndex=1506, commits[e6065258-5a2c-4a72-9f81-ed1321f551ca:c1506]
2019-06-14 09:09:31,268 INFO  client.GrpcClientProtocolClient (GrpcClientProtocolClient.java:onNext(254)) - client-C0E347E82FC5->e6065258-5a2c-4a72-9f81-ed1321f551ca: receive RaftClientReply:client-C0E347E82FC5->e6065258-5a2c-4a72-9f81-ed1321f551ca@group-13364FE26125, cid=874, SUCCESS, logIndex=1508, commits[e6065258-5a2c-4a72-9f81-ed1321f551ca:c1508]
2019-06-14 09:09:31,269 INFO  client.GrpcClientProtocolClient (GrpcClientProtocolClient.java:onNext(254)) - client-C0E347E82FC5->e6065258-5a2c-4a72-9f81-ed1321f551ca: receive RaftClientReply:client-C0E347E82FC5->e6065258-5a2c-4a72-9f81-ed1321f551ca@group-13364FE26125, cid=875, SUCCESS, logIndex=1509, commits[e6065258-5a2c-4a72-9f81-ed1321f551ca:c1510]
2019-06-14 09:09:31,269 INFO  client.GrpcClientProtocolClient (GrpcClientProtocolClient.java:onNext(254)) - client-C0E347E82FC5->e6065258-5a2c-4a72-9f81-ed1321f551ca: receive RaftClientReply:client-C0E347E82FC5->e6065258-5a2c-4a72-9f81-ed1321f551ca@group-13364FE26125, cid=876, SUCCESS, logIndex=1510, commits[e6065258-5a2c-4a72-9f81-ed1321f551ca:c1510]
2019-06-14 09:09:31,275 INFO  client.GrpcClientProtocolClient (GrpcClientProtocolClient.java:onNext(254)) - client-C0E347E82FC5->e6065258-5a2c-4a72-9f81-ed1321f551ca: receive RaftClientReply:client-C0E347E82FC5->e6065258-5a2c-4a72-9f81-ed1321f551ca@group-13364FE26125, cid=877, SUCCESS, logIndex=1513, commits[e6065258-5a2c-4a72-9f81-ed1321f551ca:c1513]
2019-06-14 09:09:31,277 INFO  client.GrpcClientProtocolClient (GrpcClientProtocolClient.java:onNext(254)) - client-C0E347E82FC5->e6065258-5a2c-4a72-9f81-ed1321f551ca: receive RaftClientReply:client-C0E347E82FC5->e6065258-5a2c-4a72-9f81-ed1321f551ca@group-13364FE26125, cid=878, SUCCESS, logIndex=1515, commits[e6065258-5a2c-4a72-9f81-ed1321f551ca:c1515]
2019-06-14 09:09:31,278 INFO  client.GrpcClientProtocolClient (GrpcClientProtocolClient.java:onNext(254)) - client-C0E347E82FC5->e6065258-5a2c-4a72-9f81-ed1321f551ca: receive RaftClientReply:client-C0E347E82FC5->e6065258-5a2c-4a72-9f81-ed1321f551ca@group-13364FE26125, cid=879, SUCCESS, logIndex=1516, commits[e6065258-5a2c-4a72-9f81-ed1321f551ca:c1518]
2019-06-14 09:09:31,279 INFO  client.GrpcClientProtocolClient (GrpcClientProtocolClient.java:onNext(254)) - client-C0E347E82FC5->e6065258-5a2c-4a72-9f81-ed1321f551ca: receive RaftClientReply:client-C0E347E82FC5->e6065258-5a2c-4a72-9f81-ed1321f551ca@group-13364FE26125, cid=880, SUCCESS, logIndex=1518, commits[e6065258-5a2c-4a72-9f81-ed1321f551ca:c1518]
2019-06-14 09:09:31,288 DEBUG block.SCMBlockDeletingService (SCMBlockDeletingService.java:call(138)) - Running DeletedBlockTransactionScanner
2019-06-14 09:09:31,288 DEBUG block.SCMBlockDeletingService (SCMBlockDeletingService.java:call(155)) - Scanned deleted blocks log and got 0 delTX to process.
2019-06-14 09:09:31,289 INFO  client.GrpcClientProtocolClient (GrpcClientProtocolClient.java:onNext(254)) - client-C0E347E82FC5->e6065258-5a2c-4a72-9f81-ed1321f551ca: receive RaftClientReply:client-C0E347E82FC5->e6065258-5a2c-4a72-9f81-ed1321f551ca@group-13364FE26125, cid=881, SUCCESS, logIndex=1520, commits[e6065258-5a2c-4a72-9f81-ed1321f551ca:c1520]
2019-06-14 09:09:31,292 INFO  client.GrpcClientProtocolClient (GrpcClientProtocolClient.java:onNext(254)) - client-C0E347E82FC5->e6065258-5a2c-4a72-9f81-ed1321f551ca: receive RaftClientReply:client-C0E347E82FC5->e6065258-5a2c-4a72-9f81-ed1321f551ca@group-13364FE26125, cid=882, SUCCESS, logIndex=1522, commits[e6065258-5a2c-4a72-9f81-ed1321f551ca:c1524]
2019-06-14 09:09:31,293 INFO  client.GrpcClientProtocolClient (GrpcClientProtocolClient.java:onNext(254)) - client-C0E347E82FC5->e6065258-5a2c-4a72-9f81-ed1321f551ca: receive RaftClientReply:client-C0E347E82FC5->e6065258-5a2c-4a72-9f81-ed1321f551ca@group-13364FE26125, cid=883, SUCCESS, logIndex=1523, commits[e6065258-5a2c-4a72-9f81-ed1321f551ca:c1524]
2019-06-14 09:09:31,294 INFO  client.GrpcClientProtocolClient (GrpcClientProtocolClient.java:onNext(254)) - client-C0E347E82FC5->e6065258-5a2c-4a72-9f81-ed1321f551ca: receive RaftClientReply:client-C0E347E82FC5->e6065258-5a2c-4a72-9f81-ed1321f551ca@group-13364FE26125, cid=884, SUCCESS, logIndex=1524, commits[e6065258-5a2c-4a72-9f81-ed1321f551ca:c1524]
2019-06-14 09:09:31,366 INFO  client.GrpcClientProtocolClient (GrpcClientProtocolClient.java:onNext(254)) - client-C0E347E82FC5->e6065258-5a2c-4a72-9f81-ed1321f551ca: receive RaftClientReply:client-C0E347E82FC5->e6065258-5a2c-4a72-9f81-ed1321f551ca@group-13364FE26125, cid=885, SUCCESS, logIndex=1526, commits[e6065258-5a2c-4a72-9f81-ed1321f551ca:c1526]
2019-06-14 09:09:31,368 INFO  client.GrpcClientProtocolClient (GrpcClientProtocolClient.java:onNext(254)) - client-C0E347E82FC5->e6065258-5a2c-4a72-9f81-ed1321f551ca: receive RaftClientReply:client-C0E347E82FC5->e6065258-5a2c-4a72-9f81-ed1321f551ca@group-13364FE26125, cid=886, SUCCESS, logIndex=1528, commits[e6065258-5a2c-4a72-9f81-ed1321f551ca:c1528]
2019-06-14 09:09:31,369 INFO  client.GrpcClientProtocolClient (GrpcClientProtocolClient.java:onNext(254)) - client-C0E347E82FC5->e6065258-5a2c-4a72-9f81-ed1321f551ca: receive RaftClientReply:client-C0E347E82FC5->e6065258-5a2c-4a72-9f81-ed1321f551ca@group-13364FE26125, cid=887, SUCCESS, logIndex=1529, commits[e6065258-5a2c-4a72-9f81-ed1321f551ca:c1531]
2019-06-14 09:09:31,369 INFO  client.GrpcClientProtocolClient (GrpcClientProtocolClient.java:onNext(254)) - client-C0E347E82FC5->e6065258-5a2c-4a72-9f81-ed1321f551ca: receive RaftClientReply:client-C0E347E82FC5->e6065258-5a2c-4a72-9f81-ed1321f551ca@group-13364FE26125, cid=888, SUCCESS, logIndex=1531, commits[e6065258-5a2c-4a72-9f81-ed1321f551ca:c1531]
2019-06-14 09:09:31,378 INFO  client.GrpcClientProtocolClient (GrpcClientProtocolClient.java:onNext(254)) - client-C0E347E82FC5->e6065258-5a2c-4a72-9f81-ed1321f551ca: receive RaftClientReply:client-C0E347E82FC5->e6065258-5a2c-4a72-9f81-ed1321f551ca@group-13364FE26125, cid=889, SUCCESS, logIndex=1533, commits[e6065258-5a2c-4a72-9f81-ed1321f551ca:c1533]
2019-06-14 09:09:31,380 INFO  client.GrpcClientProtocolClient (GrpcClientProtocolClient.java:onNext(254)) - client-C0E347E82FC5->e6065258-5a2c-4a72-9f81-ed1321f551ca: receive RaftClientReply:client-C0E347E82FC5->e6065258-5a2c-4a72-9f81-ed1321f551ca@group-13364FE26125, cid=890, SUCCESS, logIndex=1535, commits[e6065258-5a2c-4a72-9f81-ed1321f551ca:c1535]
2019-06-14 09:09:31,382 INFO  client.GrpcClientProtocolClient (GrpcClientProtocolClient.java:onNext(254)) - client-C0E347E82FC5->e6065258-5a2c-4a72-9f81-ed1321f551ca: receive RaftClientReply:client-C0E347E82FC5->e6065258-5a2c-4a72-9f81-ed1321f551ca@group-13364FE26125, cid=891, SUCCESS, logIndex=1536, commits[e6065258-5a2c-4a72-9f81-ed1321f551ca:c1536]
2019-06-14 09:09:31,382 INFO  client.GrpcClientProtocolClient (GrpcClientProtocolClient.java:onNext(254)) - client-C0E347E82FC5->e6065258-5a2c-4a72-9f81-ed1321f551ca: receive RaftClientReply:client-C0E347E82FC5->e6065258-5a2c-4a72-9f81-ed1321f551ca@group-13364FE26125, cid=892, SUCCESS, logIndex=1538, commits[e6065258-5a2c-4a72-9f81-ed1321f551ca:c1539]
2019-06-14 09:09:31,389 DEBUG block.SCMBlockDeletingService (SCMBlockDeletingService.java:call(138)) - Running DeletedBlockTransactionScanner
2019-06-14 09:09:31,389 DEBUG block.SCMBlockDeletingService (SCMBlockDeletingService.java:call(155)) - Scanned deleted blocks log and got 0 delTX to process.
2019-06-14 09:09:31,390 INFO  client.GrpcClientProtocolClient (GrpcClientProtocolClient.java:onNext(254)) - client-C0E347E82FC5->e6065258-5a2c-4a72-9f81-ed1321f551ca: receive RaftClientReply:client-C0E347E82FC5->e6065258-5a2c-4a72-9f81-ed1321f551ca@group-13364FE26125, cid=893, SUCCESS, logIndex=1540, commits[e6065258-5a2c-4a72-9f81-ed1321f551ca:c1540]
2019-06-14 09:09:31,397 INFO  client.GrpcClientProtocolClient (GrpcClientProtocolClient.java:onNext(254)) - client-C0E347E82FC5->e6065258-5a2c-4a72-9f81-ed1321f551ca: receive RaftClientReply:client-C0E347E82FC5->e6065258-5a2c-4a72-9f81-ed1321f551ca@group-13364FE26125, cid=894, SUCCESS, logIndex=1542, commits[e6065258-5a2c-4a72-9f81-ed1321f551ca:c1542]
2019-06-14 09:09:31,402 INFO  client.GrpcClientProtocolClient (GrpcClientProtocolClient.java:onNext(254)) - client-C0E347E82FC5->e6065258-5a2c-4a72-9f81-ed1321f551ca: receive RaftClientReply:client-C0E347E82FC5->e6065258-5a2c-4a72-9f81-ed1321f551ca@group-13364FE26125, cid=895, SUCCESS, logIndex=1543, commits[e6065258-5a2c-4a72-9f81-ed1321f551ca:c1544]
2019-06-14 09:09:31,410 INFO  client.GrpcClientProtocolClient (GrpcClientProtocolClient.java:onNext(254)) - client-C0E347E82FC5->e6065258-5a2c-4a72-9f81-ed1321f551ca: receive RaftClientReply:client-C0E347E82FC5->e6065258-5a2c-4a72-9f81-ed1321f551ca@group-13364FE26125, cid=896, SUCCESS, logIndex=1545, commits[e6065258-5a2c-4a72-9f81-ed1321f551ca:c1545]
2019-06-14 09:09:31,420 INFO  client.GrpcClientProtocolClient (GrpcClientProtocolClient.java:onNext(254)) - client-C0E347E82FC5->e6065258-5a2c-4a72-9f81-ed1321f551ca: receive RaftClientReply:client-C0E347E82FC5->e6065258-5a2c-4a72-9f81-ed1321f551ca@group-13364FE26125, cid=897, SUCCESS, logIndex=1547, commits[e6065258-5a2c-4a72-9f81-ed1321f551ca:c1547]
2019-06-14 09:09:31,420 INFO  storage.RaftLogWorker (RaftLogWorker.java:rollLogSegment(303)) - e6065258-5a2c-4a72-9f81-ed1321f551ca-RaftLogWorker: Rolling segment log-1475_1549 to index:1549
2019-06-14 09:09:31,421 INFO  storage.RaftLogWorker (RaftLogWorker.java:execute(433)) - e6065258-5a2c-4a72-9f81-ed1321f551ca-RaftLogWorker: Rolled log segment from /opt/src/hadoop-ozone/integration-test/target/test-dir/MiniOzoneClusterImpl-a56da109-a1cb-4168-8966-62306f2f2d23/datanode-0/data/ratis/920138aa-6f47-4d6d-b5cc-13364fe26125/current/log_inprogress_1475 to /opt/src/hadoop-ozone/integration-test/target/test-dir/MiniOzoneClusterImpl-a56da109-a1cb-4168-8966-62306f2f2d23/datanode-0/data/ratis/920138aa-6f47-4d6d-b5cc-13364fe26125/current/log_1475-1549
2019-06-14 09:09:31,424 INFO  client.GrpcClientProtocolClient (GrpcClientProtocolClient.java:onNext(254)) - client-C0E347E82FC5->e6065258-5a2c-4a72-9f81-ed1321f551ca: receive RaftClientReply:client-C0E347E82FC5->e6065258-5a2c-4a72-9f81-ed1321f551ca@group-13364FE26125, cid=898, SUCCESS, logIndex=1549, commits[e6065258-5a2c-4a72-9f81-ed1321f551ca:c1549]
2019-06-14 09:09:31,457 INFO  storage.RaftLogWorker (RaftLogWorker.java:execute(469)) - e6065258-5a2c-4a72-9f81-ed1321f551ca-RaftLogWorker: created new log segment /opt/src/hadoop-ozone/integration-test/target/test-dir/MiniOzoneClusterImpl-a56da109-a1cb-4168-8966-62306f2f2d23/datanode-0/data/ratis/920138aa-6f47-4d6d-b5cc-13364fe26125/current/log_inprogress_1550
2019-06-14 09:09:31,459 INFO  client.GrpcClientProtocolClient (GrpcClientProtocolClient.java:onNext(254)) - client-C0E347E82FC5->e6065258-5a2c-4a72-9f81-ed1321f551ca: receive RaftClientReply:client-C0E347E82FC5->e6065258-5a2c-4a72-9f81-ed1321f551ca@group-13364FE26125, cid=899, SUCCESS, logIndex=1550, commits[e6065258-5a2c-4a72-9f81-ed1321f551ca:c1552]
2019-06-14 09:09:31,460 INFO  client.GrpcClientProtocolClient (GrpcClientProtocolClient.java:onNext(254)) - client-C0E347E82FC5->e6065258-5a2c-4a72-9f81-ed1321f551ca: receive RaftClientReply:client-C0E347E82FC5->e6065258-5a2c-4a72-9f81-ed1321f551ca@group-13364FE26125, cid=900, SUCCESS, logIndex=1551, commits[e6065258-5a2c-4a72-9f81-ed1321f551ca:c1552]
2019-06-14 09:09:31,466 INFO  client.GrpcClientProtocolClient (GrpcClientProtocolClient.java:onNext(254)) - client-C0E347E82FC5->e6065258-5a2c-4a72-9f81-ed1321f551ca: receive RaftClientReply:client-C0E347E82FC5->e6065258-5a2c-4a72-9f81-ed1321f551ca@group-13364FE26125, cid=901, SUCCESS, logIndex=1553, commits[e6065258-5a2c-4a72-9f81-ed1321f551ca:c1553]
2019-06-14 09:09:31,468 INFO  client.GrpcClientProtocolClient (GrpcClientProtocolClient.java:onNext(254)) - client-C0E347E82FC5->e6065258-5a2c-4a72-9f81-ed1321f551ca: receive RaftClientReply:client-C0E347E82FC5->e6065258-5a2c-4a72-9f81-ed1321f551ca@group-13364FE26125, cid=902, SUCCESS, logIndex=1555, commits[e6065258-5a2c-4a72-9f81-ed1321f551ca:c1555]
2019-06-14 09:09:31,469 INFO  client.GrpcClientProtocolClient (GrpcClientProtocolClient.java:onNext(254)) - client-C0E347E82FC5->e6065258-5a2c-4a72-9f81-ed1321f551ca: receive RaftClientReply:client-C0E347E82FC5->e6065258-5a2c-4a72-9f81-ed1321f551ca@group-13364FE26125, cid=903, SUCCESS, logIndex=1556, commits[e6065258-5a2c-4a72-9f81-ed1321f551ca:c1557]
2019-06-14 09:09:31,469 INFO  client.GrpcClientProtocolClient (GrpcClientProtocolClient.java:onNext(254)) - client-C0E347E82FC5->e6065258-5a2c-4a72-9f81-ed1321f551ca: receive RaftClientReply:client-C0E347E82FC5->e6065258-5a2c-4a72-9f81-ed1321f551ca@group-13364FE26125, cid=904, SUCCESS, logIndex=1557, commits[e6065258-5a2c-4a72-9f81-ed1321f551ca:c1557]
2019-06-14 09:09:31,478 INFO  client.GrpcClientProtocolClient (GrpcClientProtocolClient.java:onNext(254)) - client-C0E347E82FC5->e6065258-5a2c-4a72-9f81-ed1321f551ca: receive RaftClientReply:client-C0E347E82FC5->e6065258-5a2c-4a72-9f81-ed1321f551ca@group-13364FE26125, cid=905, SUCCESS, logIndex=1560, commits[e6065258-5a2c-4a72-9f81-ed1321f551ca:c1560]
2019-06-14 09:09:31,480 INFO  client.GrpcClientProtocolClient (GrpcClientProtocolClient.java:onNext(254)) - client-C0E347E82FC5->e6065258-5a2c-4a72-9f81-ed1321f551ca: receive RaftClientReply:client-C0E347E82FC5->e6065258-5a2c-4a72-9f81-ed1321f551ca@group-13364FE26125, cid=906, SUCCESS, logIndex=1562, commits[e6065258-5a2c-4a72-9f81-ed1321f551ca:c1562]
2019-06-14 09:09:31,481 INFO  client.GrpcClientProtocolClient (GrpcClientProtocolClient.java:onNext(254)) - client-C0E347E82FC5->e6065258-5a2c-4a72-9f81-ed1321f551ca: receive RaftClientReply:client-C0E347E82FC5->e6065258-5a2c-4a72-9f81-ed1321f551ca@group-13364FE26125, cid=907, SUCCESS, logIndex=1563, commits[e6065258-5a2c-4a72-9f81-ed1321f551ca:c1565]
2019-06-14 09:09:31,481 INFO  client.GrpcClientProtocolClient (GrpcClientProtocolClient.java:onNext(254)) - client-C0E347E82FC5->e6065258-5a2c-4a72-9f81-ed1321f551ca: receive RaftClientReply:client-C0E347E82FC5->e6065258-5a2c-4a72-9f81-ed1321f551ca@group-13364FE26125, cid=908, SUCCESS, logIndex=1564, commits[e6065258-5a2c-4a72-9f81-ed1321f551ca:c1565]
2019-06-14 09:09:31,523 DEBUG block.SCMBlockDeletingService (SCMBlockDeletingService.java:call(138)) - Running DeletedBlockTransactionScanner
2019-06-14 09:09:31,523 DEBUG block.SCMBlockDeletingService (SCMBlockDeletingService.java:call(155)) - Scanned deleted blocks log and got 0 delTX to process.
2019-06-14 09:09:31,529 INFO  client.GrpcClientProtocolClient (GrpcClientProtocolClient.java:onNext(254)) - client-C0E347E82FC5->e6065258-5a2c-4a72-9f81-ed1321f551ca: receive RaftClientReply:client-C0E347E82FC5->e6065258-5a2c-4a72-9f81-ed1321f551ca@group-13364FE26125, cid=909, SUCCESS, logIndex=1566, commits[e6065258-5a2c-4a72-9f81-ed1321f551ca:c1566]
2019-06-14 09:09:31,531 INFO  client.GrpcClientProtocolClient (GrpcClientProtocolClient.java:onNext(254)) - client-C0E347E82FC5->e6065258-5a2c-4a72-9f81-ed1321f551ca: receive RaftClientReply:client-C0E347E82FC5->e6065258-5a2c-4a72-9f81-ed1321f551ca@group-13364FE26125, cid=910, SUCCESS, logIndex=1568, commits[e6065258-5a2c-4a72-9f81-ed1321f551ca:c1568]
2019-06-14 09:09:31,532 INFO  client.GrpcClientProtocolClient (GrpcClientProtocolClient.java:onNext(254)) - client-C0E347E82FC5->e6065258-5a2c-4a72-9f81-ed1321f551ca: receive RaftClientReply:client-C0E347E82FC5->e6065258-5a2c-4a72-9f81-ed1321f551ca@group-13364FE26125, cid=911, SUCCESS, logIndex=1569, commits[e6065258-5a2c-4a72-9f81-ed1321f551ca:c1571]
2019-06-14 09:09:31,532 INFO  client.GrpcClientProtocolClient (GrpcClientProtocolClient.java:onNext(254)) - client-C0E347E82FC5->e6065258-5a2c-4a72-9f81-ed1321f551ca: receive RaftClientReply:client-C0E347E82FC5->e6065258-5a2c-4a72-9f81-ed1321f551ca@group-13364FE26125, cid=912, SUCCESS, logIndex=1570, commits[e6065258-5a2c-4a72-9f81-ed1321f551ca:c1571]
2019-06-14 09:09:31,543 INFO  client.GrpcClientProtocolClient (GrpcClientProtocolClient.java:onNext(254)) - client-C0E347E82FC5->e6065258-5a2c-4a72-9f81-ed1321f551ca: receive RaftClientReply:client-C0E347E82FC5->e6065258-5a2c-4a72-9f81-ed1321f551ca@group-13364FE26125, cid=913, SUCCESS, logIndex=1572, commits[e6065258-5a2c-4a72-9f81-ed1321f551ca:c1572]
2019-06-14 09:09:31,545 INFO  client.GrpcClientProtocolClient (GrpcClientProtocolClient.java:onNext(254)) - client-C0E347E82FC5->e6065258-5a2c-4a72-9f81-ed1321f551ca: receive RaftClientReply:client-C0E347E82FC5->e6065258-5a2c-4a72-9f81-ed1321f551ca@group-13364FE26125, cid=914, SUCCESS, logIndex=1574, commits[e6065258-5a2c-4a72-9f81-ed1321f551ca:c1574]
2019-06-14 09:09:31,546 INFO  client.GrpcClientProtocolClient (GrpcClientProtocolClient.java:onNext(254)) - client-C0E347E82FC5->e6065258-5a2c-4a72-9f81-ed1321f551ca: receive RaftClientReply:client-C0E347E82FC5->e6065258-5a2c-4a72-9f81-ed1321f551ca@group-13364FE26125, cid=915, SUCCESS, logIndex=1575, commits[e6065258-5a2c-4a72-9f81-ed1321f551ca:c1575]
2019-06-14 09:09:31,546 INFO  client.GrpcClientProtocolClient (GrpcClientProtocolClient.java:onNext(254)) - client-C0E347E82FC5->e6065258-5a2c-4a72-9f81-ed1321f551ca: receive RaftClientReply:client-C0E347E82FC5->e6065258-5a2c-4a72-9f81-ed1321f551ca@group-13364FE26125, cid=916, SUCCESS, logIndex=1577, commits[e6065258-5a2c-4a72-9f81-ed1321f551ca:c1577]
2019-06-14 09:09:31,552 INFO  client.GrpcClientProtocolClient (GrpcClientProtocolClient.java:onNext(254)) - client-C0E347E82FC5->e6065258-5a2c-4a72-9f81-ed1321f551ca: receive RaftClientReply:client-C0E347E82FC5->e6065258-5a2c-4a72-9f81-ed1321f551ca@group-13364FE26125, cid=917, SUCCESS, logIndex=1580, commits[e6065258-5a2c-4a72-9f81-ed1321f551ca:c1580]
2019-06-14 09:09:31,554 INFO  client.GrpcClientProtocolClient (GrpcClientProtocolClient.java:onNext(254)) - client-C0E347E82FC5->e6065258-5a2c-4a72-9f81-ed1321f551ca: receive RaftClientReply:client-C0E347E82FC5->e6065258-5a2c-4a72-9f81-ed1321f551ca@group-13364FE26125, cid=918, SUCCESS, logIndex=1582, commits[e6065258-5a2c-4a72-9f81-ed1321f551ca:c1582]
2019-06-14 09:09:31,555 INFO  client.GrpcClientProtocolClient (GrpcClientProtocolClient.java:onNext(254)) - client-C0E347E82FC5->e6065258-5a2c-4a72-9f81-ed1321f551ca: receive RaftClientReply:client-C0E347E82FC5->e6065258-5a2c-4a72-9f81-ed1321f551ca@group-13364FE26125, cid=919, SUCCESS, logIndex=1583, commits[e6065258-5a2c-4a72-9f81-ed1321f551ca:c1584]
2019-06-14 09:09:31,558 INFO  client.GrpcClientProtocolClient (GrpcClientProtocolClient.java:onNext(254)) - client-C0E347E82FC5->e6065258-5a2c-4a72-9f81-ed1321f551ca: receive RaftClientReply:client-C0E347E82FC5->e6065258-5a2c-4a72-9f81-ed1321f551ca@group-13364FE26125, cid=920, SUCCESS, logIndex=1584, commits[e6065258-5a2c-4a72-9f81-ed1321f551ca:c1584]
2019-06-14 09:09:31,568 INFO  client.GrpcClientProtocolClient (GrpcClientProtocolClient.java:onNext(254)) - client-C0E347E82FC5->e6065258-5a2c-4a72-9f81-ed1321f551ca: receive RaftClientReply:client-C0E347E82FC5->e6065258-5a2c-4a72-9f81-ed1321f551ca@group-13364FE26125, cid=921, SUCCESS, logIndex=1587, commits[e6065258-5a2c-4a72-9f81-ed1321f551ca:c1587]
2019-06-14 09:09:31,570 INFO  client.GrpcClientProtocolClient (GrpcClientProtocolClient.java:onNext(254)) - client-C0E347E82FC5->e6065258-5a2c-4a72-9f81-ed1321f551ca: receive RaftClientReply:client-C0E347E82FC5->e6065258-5a2c-4a72-9f81-ed1321f551ca@group-13364FE26125, cid=922, SUCCESS, logIndex=1589, commits[e6065258-5a2c-4a72-9f81-ed1321f551ca:c1589]
2019-06-14 09:09:31,571 INFO  client.GrpcClientProtocolClient (GrpcClientProtocolClient.java:onNext(254)) - client-C0E347E82FC5->e6065258-5a2c-4a72-9f81-ed1321f551ca: receive RaftClientReply:client-C0E347E82FC5->e6065258-5a2c-4a72-9f81-ed1321f551ca@group-13364FE26125, cid=923, SUCCESS, logIndex=1590, commits[e6065258-5a2c-4a72-9f81-ed1321f551ca:c1592]
2019-06-14 09:09:31,573 INFO  client.GrpcClientProtocolClient (GrpcClientProtocolClient.java:onNext(254)) - client-C0E347E82FC5->e6065258-5a2c-4a72-9f81-ed1321f551ca: receive RaftClientReply:client-C0E347E82FC5->e6065258-5a2c-4a72-9f81-ed1321f551ca@group-13364FE26125, cid=924, SUCCESS, logIndex=1591, commits[e6065258-5a2c-4a72-9f81-ed1321f551ca:c1592]
2019-06-14 09:09:31,579 INFO  client.GrpcClientProtocolClient (GrpcClientProtocolClient.java:onNext(254)) - client-C0E347E82FC5->e6065258-5a2c-4a72-9f81-ed1321f551ca: receive RaftClientReply:client-C0E347E82FC5->e6065258-5a2c-4a72-9f81-ed1321f551ca@group-13364FE26125, cid=925, SUCCESS, logIndex=1593, commits[e6065258-5a2c-4a72-9f81-ed1321f551ca:c1593]
2019-06-14 09:09:31,580 INFO  client.GrpcClientProtocolClient (GrpcClientProtocolClient.java:onNext(254)) - client-C0E347E82FC5->e6065258-5a2c-4a72-9f81-ed1321f551ca: receive RaftClientReply:client-C0E347E82FC5->e6065258-5a2c-4a72-9f81-ed1321f551ca@group-13364FE26125, cid=926, SUCCESS, logIndex=1595, commits[e6065258-5a2c-4a72-9f81-ed1321f551ca:c1595]
2019-06-14 09:09:31,582 INFO  client.GrpcClientProtocolClient (GrpcClientProtocolClient.java:onNext(254)) - client-C0E347E82FC5->e6065258-5a2c-4a72-9f81-ed1321f551ca: receive RaftClientReply:client-C0E347E82FC5->e6065258-5a2c-4a72-9f81-ed1321f551ca@group-13364FE26125, cid=927, SUCCESS, logIndex=1596, commits[e6065258-5a2c-4a72-9f81-ed1321f551ca:c1598]
2019-06-14 09:09:31,582 INFO  client.GrpcClientProtocolClient (GrpcClientProtocolClient.java:onNext(254)) - client-C0E347E82FC5->e6065258-5a2c-4a72-9f81-ed1321f551ca: receive RaftClientReply:client-C0E347E82FC5->e6065258-5a2c-4a72-9f81-ed1321f551ca@group-13364FE26125, cid=928, SUCCESS, logIndex=1598, commits[e6065258-5a2c-4a72-9f81-ed1321f551ca:c1599]
2019-06-14 09:09:31,623 DEBUG block.SCMBlockDeletingService (SCMBlockDeletingService.java:call(138)) - Running DeletedBlockTransactionScanner
2019-06-14 09:09:31,623 DEBUG block.SCMBlockDeletingService (SCMBlockDeletingService.java:call(155)) - Scanned deleted blocks log and got 0 delTX to process.
2019-06-14 09:09:31,660 INFO  client.GrpcClientProtocolClient (GrpcClientProtocolClient.java:onNext(254)) - client-C0E347E82FC5->e6065258-5a2c-4a72-9f81-ed1321f551ca: receive RaftClientReply:client-C0E347E82FC5->e6065258-5a2c-4a72-9f81-ed1321f551ca@group-13364FE26125, cid=929, SUCCESS, logIndex=1600, commits[e6065258-5a2c-4a72-9f81-ed1321f551ca:c1600]
2019-06-14 09:09:31,662 INFO  client.GrpcClientProtocolClient (GrpcClientProtocolClient.java:onNext(254)) - client-C0E347E82FC5->e6065258-5a2c-4a72-9f81-ed1321f551ca: receive RaftClientReply:client-C0E347E82FC5->e6065258-5a2c-4a72-9f81-ed1321f551ca@group-13364FE26125, cid=930, SUCCESS, logIndex=1602, commits[e6065258-5a2c-4a72-9f81-ed1321f551ca:c1602]
2019-06-14 09:09:31,663 INFO  client.GrpcClientProtocolClient (GrpcClientProtocolClient.java:onNext(254)) - client-C0E347E82FC5->e6065258-5a2c-4a72-9f81-ed1321f551ca: receive RaftClientReply:client-C0E347E82FC5->e6065258-5a2c-4a72-9f81-ed1321f551ca@group-13364FE26125, cid=931, SUCCESS, logIndex=1603, commits[e6065258-5a2c-4a72-9f81-ed1321f551ca:c1605]
2019-06-14 09:09:31,663 INFO  client.GrpcClientProtocolClient (GrpcClientProtocolClient.java:onNext(254)) - client-C0E347E82FC5->e6065258-5a2c-4a72-9f81-ed1321f551ca: receive RaftClientReply:client-C0E347E82FC5->e6065258-5a2c-4a72-9f81-ed1321f551ca@group-13364FE26125, cid=932, SUCCESS, logIndex=1604, commits[e6065258-5a2c-4a72-9f81-ed1321f551ca:c1605]
2019-06-14 09:09:31,668 INFO  client.GrpcClientProtocolClient (GrpcClientProtocolClient.java:onNext(254)) - client-C0E347E82FC5->e6065258-5a2c-4a72-9f81-ed1321f551ca: receive RaftClientReply:client-C0E347E82FC5->e6065258-5a2c-4a72-9f81-ed1321f551ca@group-13364FE26125, cid=933, SUCCESS, logIndex=1606, commits[e6065258-5a2c-4a72-9f81-ed1321f551ca:c1606]
2019-06-14 09:09:31,671 INFO  client.GrpcClientProtocolClient (GrpcClientProtocolClient.java:onNext(254)) - client-C0E347E82FC5->e6065258-5a2c-4a72-9f81-ed1321f551ca: receive RaftClientReply:client-C0E347E82FC5->e6065258-5a2c-4a72-9f81-ed1321f551ca@group-13364FE26125, cid=934, SUCCESS, logIndex=1608, commits[e6065258-5a2c-4a72-9f81-ed1321f551ca:c1608]
2019-06-14 09:09:31,671 INFO  client.GrpcClientProtocolClient (GrpcClientProtocolClient.java:onNext(254)) - client-C0E347E82FC5->e6065258-5a2c-4a72-9f81-ed1321f551ca: receive RaftClientReply:client-C0E347E82FC5->e6065258-5a2c-4a72-9f81-ed1321f551ca@group-13364FE26125, cid=935, SUCCESS, logIndex=1609, commits[e6065258-5a2c-4a72-9f81-ed1321f551ca:c1610]
2019-06-14 09:09:31,672 INFO  client.GrpcClientProtocolClient (GrpcClientProtocolClient.java:onNext(254)) - client-C0E347E82FC5->e6065258-5a2c-4a72-9f81-ed1321f551ca: receive RaftClientReply:client-C0E347E82FC5->e6065258-5a2c-4a72-9f81-ed1321f551ca@group-13364FE26125, cid=936, SUCCESS, logIndex=1610, commits[e6065258-5a2c-4a72-9f81-ed1321f551ca:c1610]
2019-06-14 09:09:31,681 INFO  client.GrpcClientProtocolClient (GrpcClientProtocolClient.java:onNext(254)) - client-C0E347E82FC5->e6065258-5a2c-4a72-9f81-ed1321f551ca: receive RaftClientReply:client-C0E347E82FC5->e6065258-5a2c-4a72-9f81-ed1321f551ca@group-13364FE26125, cid=937, SUCCESS, logIndex=1613, commits[e6065258-5a2c-4a72-9f81-ed1321f551ca:c1613]
2019-06-14 09:09:31,682 INFO  client.GrpcClientProtocolClient (GrpcClientProtocolClient.java:onNext(254)) - client-C0E347E82FC5->e6065258-5a2c-4a72-9f81-ed1321f551ca: receive RaftClientReply:client-C0E347E82FC5->e6065258-5a2c-4a72-9f81-ed1321f551ca@group-13364FE26125, cid=938, SUCCESS, logIndex=1615, commits[e6065258-5a2c-4a72-9f81-ed1321f551ca:c1615]
2019-06-14 09:09:31,684 INFO  client.GrpcClientProtocolClient (GrpcClientProtocolClient.java:onNext(254)) - client-C0E347E82FC5->e6065258-5a2c-4a72-9f81-ed1321f551ca: receive RaftClientReply:client-C0E347E82FC5->e6065258-5a2c-4a72-9f81-ed1321f551ca@group-13364FE26125, cid=939, SUCCESS, logIndex=1616, commits[e6065258-5a2c-4a72-9f81-ed1321f551ca:c1618]
2019-06-14 09:09:31,684 INFO  client.GrpcClientProtocolClient (GrpcClientProtocolClient.java:onNext(254)) - client-C0E347E82FC5->e6065258-5a2c-4a72-9f81-ed1321f551ca: receive RaftClientReply:client-C0E347E82FC5->e6065258-5a2c-4a72-9f81-ed1321f551ca@group-13364FE26125, cid=940, SUCCESS, logIndex=1617, commits[e6065258-5a2c-4a72-9f81-ed1321f551ca:c1618]
2019-06-14 09:09:31,689 INFO  client.GrpcClientProtocolClient (GrpcClientProtocolClient.java:onNext(254)) - client-C0E347E82FC5->e6065258-5a2c-4a72-9f81-ed1321f551ca: receive RaftClientReply:client-C0E347E82FC5->e6065258-5a2c-4a72-9f81-ed1321f551ca@group-13364FE26125, cid=941, SUCCESS, logIndex=1619, commits[e6065258-5a2c-4a72-9f81-ed1321f551ca:c1619]
2019-06-14 09:09:31,690 INFO  storage.RaftLogWorker (RaftLogWorker.java:rollLogSegment(303)) - e6065258-5a2c-4a72-9f81-ed1321f551ca-RaftLogWorker: Rolling segment log-1550_1620 to index:1620
2019-06-14 09:09:31,690 INFO  storage.RaftLogWorker (RaftLogWorker.java:execute(433)) - e6065258-5a2c-4a72-9f81-ed1321f551ca-RaftLogWorker: Rolled log segment from /opt/src/hadoop-ozone/integration-test/target/test-dir/MiniOzoneClusterImpl-a56da109-a1cb-4168-8966-62306f2f2d23/datanode-0/data/ratis/920138aa-6f47-4d6d-b5cc-13364fe26125/current/log_inprogress_1550 to /opt/src/hadoop-ozone/integration-test/target/test-dir/MiniOzoneClusterImpl-a56da109-a1cb-4168-8966-62306f2f2d23/datanode-0/data/ratis/920138aa-6f47-4d6d-b5cc-13364fe26125/current/log_1550-1620
2019-06-14 09:09:31,723 DEBUG block.SCMBlockDeletingService (SCMBlockDeletingService.java:call(138)) - Running DeletedBlockTransactionScanner
2019-06-14 09:09:31,724 DEBUG block.SCMBlockDeletingService (SCMBlockDeletingService.java:call(155)) - Scanned deleted blocks log and got 0 delTX to process.
2019-06-14 09:09:31,725 INFO  storage.RaftLogWorker (RaftLogWorker.java:execute(469)) - e6065258-5a2c-4a72-9f81-ed1321f551ca-RaftLogWorker: created new log segment /opt/src/hadoop-ozone/integration-test/target/test-dir/MiniOzoneClusterImpl-a56da109-a1cb-4168-8966-62306f2f2d23/datanode-0/data/ratis/920138aa-6f47-4d6d-b5cc-13364fe26125/current/log_inprogress_1621
2019-06-14 09:09:31,727 INFO  client.GrpcClientProtocolClient (GrpcClientProtocolClient.java:onNext(254)) - client-C0E347E82FC5->e6065258-5a2c-4a72-9f81-ed1321f551ca: receive RaftClientReply:client-C0E347E82FC5->e6065258-5a2c-4a72-9f81-ed1321f551ca@group-13364FE26125, cid=942, SUCCESS, logIndex=1621, commits[e6065258-5a2c-4a72-9f81-ed1321f551ca:c1623]
2019-06-14 09:09:31,728 INFO  client.GrpcClientProtocolClient (GrpcClientProtocolClient.java:onNext(254)) - client-C0E347E82FC5->e6065258-5a2c-4a72-9f81-ed1321f551ca: receive RaftClientReply:client-C0E347E82FC5->e6065258-5a2c-4a72-9f81-ed1321f551ca@group-13364FE26125, cid=943, SUCCESS, logIndex=1622, commits[e6065258-5a2c-4a72-9f81-ed1321f551ca:c1624]
2019-06-14 09:09:31,728 INFO  client.GrpcClientProtocolClient (GrpcClientProtocolClient.java:onNext(254)) - client-C0E347E82FC5->e6065258-5a2c-4a72-9f81-ed1321f551ca: receive RaftClientReply:client-C0E347E82FC5->e6065258-5a2c-4a72-9f81-ed1321f551ca@group-13364FE26125, cid=944, SUCCESS, logIndex=1623, commits[e6065258-5a2c-4a72-9f81-ed1321f551ca:c1624]
2019-06-14 09:09:31,738 INFO  client.GrpcClientProtocolClient (GrpcClientProtocolClient.java:onNext(254)) - client-C0E347E82FC5->e6065258-5a2c-4a72-9f81-ed1321f551ca: receive RaftClientReply:client-C0E347E82FC5->e6065258-5a2c-4a72-9f81-ed1321f551ca@group-13364FE26125, cid=945, SUCCESS, logIndex=1625, commits[e6065258-5a2c-4a72-9f81-ed1321f551ca:c1625]
2019-06-14 09:09:31,739 INFO  client.GrpcClientProtocolClient (GrpcClientProtocolClient.java:onNext(254)) - client-C0E347E82FC5->e6065258-5a2c-4a72-9f81-ed1321f551ca: receive RaftClientReply:client-C0E347E82FC5->e6065258-5a2c-4a72-9f81-ed1321f551ca@group-13364FE26125, cid=946, SUCCESS, logIndex=1627, commits[e6065258-5a2c-4a72-9f81-ed1321f551ca:c1627]
2019-06-14 09:09:31,742 INFO  client.GrpcClientProtocolClient (GrpcClientProtocolClient.java:onNext(254)) - client-C0E347E82FC5->e6065258-5a2c-4a72-9f81-ed1321f551ca: receive RaftClientReply:client-C0E347E82FC5->e6065258-5a2c-4a72-9f81-ed1321f551ca@group-13364FE26125, cid=947, SUCCESS, logIndex=1629, commits[e6065258-5a2c-4a72-9f81-ed1321f551ca:c1630]
2019-06-14 09:09:31,742 INFO  client.GrpcClientProtocolClient (GrpcClientProtocolClient.java:onNext(254)) - client-C0E347E82FC5->e6065258-5a2c-4a72-9f81-ed1321f551ca: receive RaftClientReply:client-C0E347E82FC5->e6065258-5a2c-4a72-9f81-ed1321f551ca@group-13364FE26125, cid=948, SUCCESS, logIndex=1630, commits[e6065258-5a2c-4a72-9f81-ed1321f551ca:c1630]
2019-06-14 09:09:31,748 INFO  client.GrpcClientProtocolClient (GrpcClientProtocolClient.java:onNext(254)) - client-C0E347E82FC5->e6065258-5a2c-4a72-9f81-ed1321f551ca: receive RaftClientReply:client-C0E347E82FC5->e6065258-5a2c-4a72-9f81-ed1321f551ca@group-13364FE26125, cid=949, SUCCESS, logIndex=1632, commits[e6065258-5a2c-4a72-9f81-ed1321f551ca:c1632]
2019-06-14 09:09:31,750 INFO  client.GrpcClientProtocolClient (GrpcClientProtocolClient.java:onNext(254)) - client-C0E347E82FC5->e6065258-5a2c-4a72-9f81-ed1321f551ca: receive RaftClientReply:client-C0E347E82FC5->e6065258-5a2c-4a72-9f81-ed1321f551ca@group-13364FE26125, cid=950, SUCCESS, logIndex=1634, commits[e6065258-5a2c-4a72-9f81-ed1321f551ca:c1634]
2019-06-14 09:09:31,751 INFO  client.GrpcClientProtocolClient (GrpcClientProtocolClient.java:onNext(254)) - client-C0E347E82FC5->e6065258-5a2c-4a72-9f81-ed1321f551ca: receive RaftClientReply:client-C0E347E82FC5->e6065258-5a2c-4a72-9f81-ed1321f551ca@group-13364FE26125, cid=951, SUCCESS, logIndex=1635, commits[e6065258-5a2c-4a72-9f81-ed1321f551ca:c1637]
2019-06-14 09:09:31,751 INFO  client.GrpcClientProtocolClient (GrpcClientProtocolClient.java:onNext(254)) - client-C0E347E82FC5->e6065258-5a2c-4a72-9f81-ed1321f551ca: receive RaftClientReply:client-C0E347E82FC5->e6065258-5a2c-4a72-9f81-ed1321f551ca@group-13364FE26125, cid=952, SUCCESS, logIndex=1636, commits[e6065258-5a2c-4a72-9f81-ed1321f551ca:c1637]
2019-06-14 09:09:31,762 INFO  client.GrpcClientProtocolClient (GrpcClientProtocolClient.java:onNext(254)) - client-C0E347E82FC5->e6065258-5a2c-4a72-9f81-ed1321f551ca: receive RaftClientReply:client-C0E347E82FC5->e6065258-5a2c-4a72-9f81-ed1321f551ca@group-13364FE26125, cid=953, SUCCESS, logIndex=1638, commits[e6065258-5a2c-4a72-9f81-ed1321f551ca:c1638]
2019-06-14 09:09:31,764 INFO  client.GrpcClientProtocolClient (GrpcClientProtocolClient.java:onNext(254)) - client-C0E347E82FC5->e6065258-5a2c-4a72-9f81-ed1321f551ca: receive RaftClientReply:client-C0E347E82FC5->e6065258-5a2c-4a72-9f81-ed1321f551ca@group-13364FE26125, cid=954, SUCCESS, logIndex=1640, commits[e6065258-5a2c-4a72-9f81-ed1321f551ca:c1640]
2019-06-14 09:09:31,765 INFO  client.GrpcClientProtocolClient (GrpcClientProtocolClient.java:onNext(254)) - client-C0E347E82FC5->e6065258-5a2c-4a72-9f81-ed1321f551ca: receive RaftClientReply:client-C0E347E82FC5->e6065258-5a2c-4a72-9f81-ed1321f551ca@group-13364FE26125, cid=955, SUCCESS, logIndex=1641, commits[e6065258-5a2c-4a72-9f81-ed1321f551ca:c1642]
2019-06-14 09:09:31,765 INFO  client.GrpcClientProtocolClient (GrpcClientProtocolClient.java:onNext(254)) - client-C0E347E82FC5->e6065258-5a2c-4a72-9f81-ed1321f551ca: receive RaftClientReply:client-C0E347E82FC5->e6065258-5a2c-4a72-9f81-ed1321f551ca@group-13364FE26125, cid=956, SUCCESS, logIndex=1642, commits[e6065258-5a2c-4a72-9f81-ed1321f551ca:c1642]
2019-06-14 09:09:31,770 INFO  client.GrpcClientProtocolClient (GrpcClientProtocolClient.java:onNext(254)) - client-C0E347E82FC5->e6065258-5a2c-4a72-9f81-ed1321f551ca: receive RaftClientReply:client-C0E347E82FC5->e6065258-5a2c-4a72-9f81-ed1321f551ca@group-13364FE26125, cid=957, SUCCESS, logIndex=1645, commits[e6065258-5a2c-4a72-9f81-ed1321f551ca:c1645]
2019-06-14 09:09:31,773 INFO  client.GrpcClientProtocolClient (GrpcClientProtocolClient.java:onNext(254)) - client-C0E347E82FC5->e6065258-5a2c-4a72-9f81-ed1321f551ca: receive RaftClientReply:client-C0E347E82FC5->e6065258-5a2c-4a72-9f81-ed1321f551ca@group-13364FE26125, cid=958, SUCCESS, logIndex=1647, commits[e6065258-5a2c-4a72-9f81-ed1321f551ca:c1647]
2019-06-14 09:09:31,776 INFO  client.GrpcClientProtocolClient (GrpcClientProtocolClient.java:onNext(254)) - client-C0E347E82FC5->e6065258-5a2c-4a72-9f81-ed1321f551ca: receive RaftClientReply:client-C0E347E82FC5->e6065258-5a2c-4a72-9f81-ed1321f551ca@group-13364FE26125, cid=959, SUCCESS, logIndex=1649, commits[e6065258-5a2c-4a72-9f81-ed1321f551ca:c1650]
2019-06-14 09:09:31,776 INFO  client.GrpcClientProtocolClient (GrpcClientProtocolClient.java:onNext(254)) - client-C0E347E82FC5->e6065258-5a2c-4a72-9f81-ed1321f551ca: receive RaftClientReply:client-C0E347E82FC5->e6065258-5a2c-4a72-9f81-ed1321f551ca@group-13364FE26125, cid=960, SUCCESS, logIndex=1650, commits[e6065258-5a2c-4a72-9f81-ed1321f551ca:c1650]
2019-06-14 09:09:31,785 INFO  client.GrpcClientProtocolClient (GrpcClientProtocolClient.java:onNext(254)) - client-C0E347E82FC5->e6065258-5a2c-4a72-9f81-ed1321f551ca: receive RaftClientReply:client-C0E347E82FC5->e6065258-5a2c-4a72-9f81-ed1321f551ca@group-13364FE26125, cid=961, SUCCESS, logIndex=1652, commits[e6065258-5a2c-4a72-9f81-ed1321f551ca:c1652]
2019-06-14 09:09:31,787 INFO  client.GrpcClientProtocolClient (GrpcClientProtocolClient.java:onNext(254)) - client-C0E347E82FC5->e6065258-5a2c-4a72-9f81-ed1321f551ca: receive RaftClientReply:client-C0E347E82FC5->e6065258-5a2c-4a72-9f81-ed1321f551ca@group-13364FE26125, cid=962, SUCCESS, logIndex=1654, commits[e6065258-5a2c-4a72-9f81-ed1321f551ca:c1654]
2019-06-14 09:09:31,788 INFO  client.GrpcClientProtocolClient (GrpcClientProtocolClient.java:onNext(254)) - client-C0E347E82FC5->e6065258-5a2c-4a72-9f81-ed1321f551ca: receive RaftClientReply:client-C0E347E82FC5->e6065258-5a2c-4a72-9f81-ed1321f551ca@group-13364FE26125, cid=963, SUCCESS, logIndex=1655, commits[e6065258-5a2c-4a72-9f81-ed1321f551ca:c1656]
2019-06-14 09:09:31,788 INFO  client.GrpcClientProtocolClient (GrpcClientProtocolClient.java:onNext(254)) - client-C0E347E82FC5->e6065258-5a2c-4a72-9f81-ed1321f551ca: receive RaftClientReply:client-C0E347E82FC5->e6065258-5a2c-4a72-9f81-ed1321f551ca@group-13364FE26125, cid=964, SUCCESS, logIndex=1656, commits[e6065258-5a2c-4a72-9f81-ed1321f551ca:c1656]
2019-06-14 09:09:31,794 INFO  client.GrpcClientProtocolClient (GrpcClientProtocolClient.java:onNext(254)) - client-C0E347E82FC5->e6065258-5a2c-4a72-9f81-ed1321f551ca: receive RaftClientReply:client-C0E347E82FC5->e6065258-5a2c-4a72-9f81-ed1321f551ca@group-13364FE26125, cid=965, SUCCESS, logIndex=1659, commits[e6065258-5a2c-4a72-9f81-ed1321f551ca:c1659]
2019-06-14 09:09:31,795 INFO  client.GrpcClientProtocolClient (GrpcClientProtocolClient.java:onNext(254)) - client-C0E347E82FC5->e6065258-5a2c-4a72-9f81-ed1321f551ca: receive RaftClientReply:client-C0E347E82FC5->e6065258-5a2c-4a72-9f81-ed1321f551ca@group-13364FE26125, cid=966, SUCCESS, logIndex=1661, commits[e6065258-5a2c-4a72-9f81-ed1321f551ca:c1661]
2019-06-14 09:09:31,797 INFO  client.GrpcClientProtocolClient (GrpcClientProtocolClient.java:onNext(254)) - client-C0E347E82FC5->e6065258-5a2c-4a72-9f81-ed1321f551ca: receive RaftClientReply:client-C0E347E82FC5->e6065258-5a2c-4a72-9f81-ed1321f551ca@group-13364FE26125, cid=967, SUCCESS, logIndex=1662, commits[e6065258-5a2c-4a72-9f81-ed1321f551ca:c1664]
2019-06-14 09:09:31,797 INFO  client.GrpcClientProtocolClient (GrpcClientProtocolClient.java:onNext(254)) - client-C0E347E82FC5->e6065258-5a2c-4a72-9f81-ed1321f551ca: receive RaftClientReply:client-C0E347E82FC5->e6065258-5a2c-4a72-9f81-ed1321f551ca@group-13364FE26125, cid=968, SUCCESS, logIndex=1663, commits[e6065258-5a2c-4a72-9f81-ed1321f551ca:c1664]
2019-06-14 09:09:31,806 INFO  client.GrpcClientProtocolClient (GrpcClientProtocolClient.java:onNext(254)) - client-C0E347E82FC5->e6065258-5a2c-4a72-9f81-ed1321f551ca: receive RaftClientReply:client-C0E347E82FC5->e6065258-5a2c-4a72-9f81-ed1321f551ca@group-13364FE26125, cid=969, SUCCESS, logIndex=1665, commits[e6065258-5a2c-4a72-9f81-ed1321f551ca:c1665]
2019-06-14 09:09:31,808 INFO  client.GrpcClientProtocolClient (GrpcClientProtocolClient.java:onNext(254)) - client-C0E347E82FC5->e6065258-5a2c-4a72-9f81-ed1321f551ca: receive RaftClientReply:client-C0E347E82FC5->e6065258-5a2c-4a72-9f81-ed1321f551ca@group-13364FE26125, cid=970, SUCCESS, logIndex=1667, commits[e6065258-5a2c-4a72-9f81-ed1321f551ca:c1667]
2019-06-14 09:09:31,809 INFO  client.GrpcClientProtocolClient (GrpcClientProtocolClient.java:onNext(254)) - client-C0E347E82FC5->e6065258-5a2c-4a72-9f81-ed1321f551ca: receive RaftClientReply:client-C0E347E82FC5->e6065258-5a2c-4a72-9f81-ed1321f551ca@group-13364FE26125, cid=971, SUCCESS, logIndex=1668, commits[e6065258-5a2c-4a72-9f81-ed1321f551ca:c1670]
2019-06-14 09:09:31,809 INFO  client.GrpcClientProtocolClient (GrpcClientProtocolClient.java:onNext(254)) - client-C0E347E82FC5->e6065258-5a2c-4a72-9f81-ed1321f551ca: receive RaftClientReply:client-C0E347E82FC5->e6065258-5a2c-4a72-9f81-ed1321f551ca@group-13364FE26125, cid=972, SUCCESS, logIndex=1669, commits[e6065258-5a2c-4a72-9f81-ed1321f551ca:c1670]
2019-06-14 09:09:31,824 DEBUG block.SCMBlockDeletingService (SCMBlockDeletingService.java:call(138)) - Running DeletedBlockTransactionScanner
2019-06-14 09:09:31,824 DEBUG block.SCMBlockDeletingService (SCMBlockDeletingService.java:call(155)) - Scanned deleted blocks log and got 0 delTX to process.
2019-06-14 09:09:31,881 INFO  client.GrpcClientProtocolClient (GrpcClientProtocolClient.java:onNext(254)) - client-C0E347E82FC5->e6065258-5a2c-4a72-9f81-ed1321f551ca: receive RaftClientReply:client-C0E347E82FC5->e6065258-5a2c-4a72-9f81-ed1321f551ca@group-13364FE26125, cid=973, SUCCESS, logIndex=1671, commits[e6065258-5a2c-4a72-9f81-ed1321f551ca:c1671]
2019-06-14 09:09:31,883 INFO  client.GrpcClientProtocolClient (GrpcClientProtocolClient.java:onNext(254)) - client-C0E347E82FC5->e6065258-5a2c-4a72-9f81-ed1321f551ca: receive RaftClientReply:client-C0E347E82FC5->e6065258-5a2c-4a72-9f81-ed1321f551ca@group-13364FE26125, cid=974, SUCCESS, logIndex=1673, commits[e6065258-5a2c-4a72-9f81-ed1321f551ca:c1673]
2019-06-14 09:09:31,884 INFO  client.GrpcClientProtocolClient (GrpcClientProtocolClient.java:onNext(254)) - client-C0E347E82FC5->e6065258-5a2c-4a72-9f81-ed1321f551ca: receive RaftClientReply:client-C0E347E82FC5->e6065258-5a2c-4a72-9f81-ed1321f551ca@group-13364FE26125, cid=975, SUCCESS, logIndex=1674, commits[e6065258-5a2c-4a72-9f81-ed1321f551ca:c1676]
2019-06-14 09:09:31,884 INFO  client.GrpcClientProtocolClient (GrpcClientProtocolClient.java:onNext(254)) - client-C0E347E82FC5->e6065258-5a2c-4a72-9f81-ed1321f551ca: receive RaftClientReply:client-C0E347E82FC5->e6065258-5a2c-4a72-9f81-ed1321f551ca@group-13364FE26125, cid=976, SUCCESS, logIndex=1675, commits[e6065258-5a2c-4a72-9f81-ed1321f551ca:c1676]
2019-06-14 09:09:31,896 INFO  client.GrpcClientProtocolClient (GrpcClientProtocolClient.java:onNext(254)) - client-C0E347E82FC5->e6065258-5a2c-4a72-9f81-ed1321f551ca: receive RaftClientReply:client-C0E347E82FC5->e6065258-5a2c-4a72-9f81-ed1321f551ca@group-13364FE26125, cid=977, SUCCESS, logIndex=1677, commits[e6065258-5a2c-4a72-9f81-ed1321f551ca:c1677]
2019-06-14 09:09:31,897 INFO  client.GrpcClientProtocolClient (GrpcClientProtocolClient.java:onNext(254)) - client-C0E347E82FC5->e6065258-5a2c-4a72-9f81-ed1321f551ca: receive RaftClientReply:client-C0E347E82FC5->e6065258-5a2c-4a72-9f81-ed1321f551ca@group-13364FE26125, cid=978, SUCCESS, logIndex=1679, commits[e6065258-5a2c-4a72-9f81-ed1321f551ca:c1679]
2019-06-14 09:09:31,899 INFO  client.GrpcClientProtocolClient (GrpcClientProtocolClient.java:onNext(254)) - client-C0E347E82FC5->e6065258-5a2c-4a72-9f81-ed1321f551ca: receive RaftClientReply:client-C0E347E82FC5->e6065258-5a2c-4a72-9f81-ed1321f551ca@group-13364FE26125, cid=979, SUCCESS, logIndex=1681, commits[e6065258-5a2c-4a72-9f81-ed1321f551ca:c1682]
2019-06-14 09:09:31,899 INFO  client.GrpcClientProtocolClient (GrpcClientProtocolClient.java:onNext(254)) - client-C0E347E82FC5->e6065258-5a2c-4a72-9f81-ed1321f551ca: receive RaftClientReply:client-C0E347E82FC5->e6065258-5a2c-4a72-9f81-ed1321f551ca@group-13364FE26125, cid=980, SUCCESS, logIndex=1682, commits[e6065258-5a2c-4a72-9f81-ed1321f551ca:c1682]
2019-06-14 09:09:32,125 DEBUG block.SCMBlockDeletingService (SCMBlockDeletingService.java:call(138)) - Running DeletedBlockTransactionScanner
2019-06-14 09:09:32,125 DEBUG block.SCMBlockDeletingService (SCMBlockDeletingService.java:call(155)) - Scanned deleted blocks log and got 0 delTX to process.
2019-06-14 09:09:32,134 INFO  client.GrpcClientProtocolClient (GrpcClientProtocolClient.java:onNext(254)) - client-C0E347E82FC5->e6065258-5a2c-4a72-9f81-ed1321f551ca: receive RaftClientReply:client-C0E347E82FC5->e6065258-5a2c-4a72-9f81-ed1321f551ca@group-13364FE26125, cid=981, SUCCESS, logIndex=1684, commits[e6065258-5a2c-4a72-9f81-ed1321f551ca:c1684]
2019-06-14 09:09:32,136 INFO  client.GrpcClientProtocolClient (GrpcClientProtocolClient.java:onNext(254)) - client-C0E347E82FC5->e6065258-5a2c-4a72-9f81-ed1321f551ca: receive RaftClientReply:client-C0E347E82FC5->e6065258-5a2c-4a72-9f81-ed1321f551ca@group-13364FE26125, cid=982, SUCCESS, logIndex=1686, commits[e6065258-5a2c-4a72-9f81-ed1321f551ca:c1686]
2019-06-14 09:09:32,137 INFO  client.GrpcClientProtocolClient (GrpcClientProtocolClient.java:onNext(254)) - client-C0E347E82FC5->e6065258-5a2c-4a72-9f81-ed1321f551ca: receive RaftClientReply:client-C0E347E82FC5->e6065258-5a2c-4a72-9f81-ed1321f551ca@group-13364FE26125, cid=983, SUCCESS, logIndex=1687, commits[e6065258-5a2c-4a72-9f81-ed1321f551ca:c1689]
2019-06-14 09:09:32,138 INFO  client.GrpcClientProtocolClient (GrpcClientProtocolClient.java:onNext(254)) - client-C0E347E82FC5->e6065258-5a2c-4a72-9f81-ed1321f551ca: receive RaftClientReply:client-C0E347E82FC5->e6065258-5a2c-4a72-9f81-ed1321f551ca@group-13364FE26125, cid=984, SUCCESS, logIndex=1688, commits[e6065258-5a2c-4a72-9f81-ed1321f551ca:c1689]
2019-06-14 09:09:32,144 INFO  storage.RaftLogWorker (RaftLogWorker.java:rollLogSegment(303)) - e6065258-5a2c-4a72-9f81-ed1321f551ca-RaftLogWorker: Rolling segment log-1621_1689 to index:1689
2019-06-14 09:09:32,146 INFO  storage.RaftLogWorker (RaftLogWorker.java:execute(433)) - e6065258-5a2c-4a72-9f81-ed1321f551ca-RaftLogWorker: Rolled log segment from /opt/src/hadoop-ozone/integration-test/target/test-dir/MiniOzoneClusterImpl-a56da109-a1cb-4168-8966-62306f2f2d23/datanode-0/data/ratis/920138aa-6f47-4d6d-b5cc-13364fe26125/current/log_inprogress_1621 to /opt/src/hadoop-ozone/integration-test/target/test-dir/MiniOzoneClusterImpl-a56da109-a1cb-4168-8966-62306f2f2d23/datanode-0/data/ratis/920138aa-6f47-4d6d-b5cc-13364fe26125/current/log_1621-1689
2019-06-14 09:09:32,181 INFO  storage.RaftLogWorker (RaftLogWorker.java:execute(469)) - e6065258-5a2c-4a72-9f81-ed1321f551ca-RaftLogWorker: created new log segment /opt/src/hadoop-ozone/integration-test/target/test-dir/MiniOzoneClusterImpl-a56da109-a1cb-4168-8966-62306f2f2d23/datanode-0/data/ratis/920138aa-6f47-4d6d-b5cc-13364fe26125/current/log_inprogress_1690
2019-06-14 09:09:32,183 INFO  client.GrpcClientProtocolClient (GrpcClientProtocolClient.java:onNext(254)) - client-C0E347E82FC5->e6065258-5a2c-4a72-9f81-ed1321f551ca: receive RaftClientReply:client-C0E347E82FC5->e6065258-5a2c-4a72-9f81-ed1321f551ca@group-13364FE26125, cid=985, SUCCESS, logIndex=1690, commits[e6065258-5a2c-4a72-9f81-ed1321f551ca:c1690]
2019-06-14 09:09:32,186 INFO  client.GrpcClientProtocolClient (GrpcClientProtocolClient.java:onNext(254)) - client-C0E347E82FC5->e6065258-5a2c-4a72-9f81-ed1321f551ca: receive RaftClientReply:client-C0E347E82FC5->e6065258-5a2c-4a72-9f81-ed1321f551ca@group-13364FE26125, cid=986, SUCCESS, logIndex=1692, commits[e6065258-5a2c-4a72-9f81-ed1321f551ca:c1692]
2019-06-14 09:09:32,187 INFO  client.GrpcClientProtocolClient (GrpcClientProtocolClient.java:onNext(254)) - client-C0E347E82FC5->e6065258-5a2c-4a72-9f81-ed1321f551ca: receive RaftClientReply:client-C0E347E82FC5->e6065258-5a2c-4a72-9f81-ed1321f551ca@group-13364FE26125, cid=987, SUCCESS, logIndex=1694, commits[e6065258-5a2c-4a72-9f81-ed1321f551ca:c1695]
2019-06-14 09:09:32,187 INFO  client.GrpcClientProtocolClient (GrpcClientProtocolClient.java:onNext(254)) - client-C0E347E82FC5->e6065258-5a2c-4a72-9f81-ed1321f551ca: receive RaftClientReply:client-C0E347E82FC5->e6065258-5a2c-4a72-9f81-ed1321f551ca@group-13364FE26125, cid=988, SUCCESS, logIndex=1695, commits[e6065258-5a2c-4a72-9f81-ed1321f551ca:c1695]
2019-06-14 09:09:32,194 INFO  client.GrpcClientProtocolClient (GrpcClientProtocolClient.java:onNext(254)) - client-C0E347E82FC5->e6065258-5a2c-4a72-9f81-ed1321f551ca: receive RaftClientReply:client-C0E347E82FC5->e6065258-5a2c-4a72-9f81-ed1321f551ca@group-13364FE26125, cid=989, SUCCESS, logIndex=1697, commits[e6065258-5a2c-4a72-9f81-ed1321f551ca:c1697]
2019-06-14 09:09:32,197 INFO  client.GrpcClientProtocolClient (GrpcClientProtocolClient.java:onNext(254)) - client-C0E347E82FC5->e6065258-5a2c-4a72-9f81-ed1321f551ca: receive RaftClientReply:client-C0E347E82FC5->e6065258-5a2c-4a72-9f81-ed1321f551ca@group-13364FE26125, cid=990, SUCCESS, logIndex=1699, commits[e6065258-5a2c-4a72-9f81-ed1321f551ca:c1699]
2019-06-14 09:09:32,197 INFO  client.GrpcClientProtocolClient (GrpcClientProtocolClient.java:onNext(254)) - client-C0E347E82FC5->e6065258-5a2c-4a72-9f81-ed1321f551ca: receive RaftClientReply:client-C0E347E82FC5->e6065258-5a2c-4a72-9f81-ed1321f551ca@group-13364FE26125, cid=991, SUCCESS, logIndex=1700, commits[e6065258-5a2c-4a72-9f81-ed1321f551ca:c1702]
2019-06-14 09:09:32,198 INFO  client.GrpcClientProtocolClient (GrpcClientProtocolClient.java:onNext(254)) - client-C0E347E82FC5->e6065258-5a2c-4a72-9f81-ed1321f551ca: receive RaftClientReply:client-C0E347E82FC5->e6065258-5a2c-4a72-9f81-ed1321f551ca@group-13364FE26125, cid=992, SUCCESS, logIndex=1701, commits[e6065258-5a2c-4a72-9f81-ed1321f551ca:c1702]
2019-06-14 09:09:32,207 INFO  client.GrpcClientProtocolClient (GrpcClientProtocolClient.java:onNext(254)) - client-C0E347E82FC5->e6065258-5a2c-4a72-9f81-ed1321f551ca: receive RaftClientReply:client-C0E347E82FC5->e6065258-5a2c-4a72-9f81-ed1321f551ca@group-13364FE26125, cid=993, SUCCESS, logIndex=1703, commits[e6065258-5a2c-4a72-9f81-ed1321f551ca:c1703]
2019-06-14 09:09:32,209 INFO  client.GrpcClientProtocolClient (GrpcClientProtocolClient.java:onNext(254)) - client-C0E347E82FC5->e6065258-5a2c-4a72-9f81-ed1321f551ca: receive RaftClientReply:client-C0E347E82FC5->e6065258-5a2c-4a72-9f81-ed1321f551ca@group-13364FE26125, cid=994, SUCCESS, logIndex=1705, commits[e6065258-5a2c-4a72-9f81-ed1321f551ca:c1705]
2019-06-14 09:09:32,210 INFO  client.GrpcClientProtocolClient (GrpcClientProtocolClient.java:onNext(254)) - client-C0E347E82FC5->e6065258-5a2c-4a72-9f81-ed1321f551ca: receive RaftClientReply:client-C0E347E82FC5->e6065258-5a2c-4a72-9f81-ed1321f551ca@group-13364FE26125, cid=995, SUCCESS, logIndex=1706, commits[e6065258-5a2c-4a72-9f81-ed1321f551ca:c1706]
2019-06-14 09:09:32,210 INFO  client.GrpcClientProtocolClient (GrpcClientProtocolClient.java:onNext(254)) - client-C0E347E82FC5->e6065258-5a2c-4a72-9f81-ed1321f551ca: receive RaftClientReply:client-C0E347E82FC5->e6065258-5a2c-4a72-9f81-ed1321f551ca@group-13364FE26125, cid=996, SUCCESS, logIndex=1708, commits[e6065258-5a2c-4a72-9f81-ed1321f551ca:c1708]
2019-06-14 09:09:32,216 INFO  client.GrpcClientProtocolClient (GrpcClientProtocolClient.java:onNext(254)) - client-C0E347E82FC5->e6065258-5a2c-4a72-9f81-ed1321f551ca: receive RaftClientReply:client-C0E347E82FC5->e6065258-5a2c-4a72-9f81-ed1321f551ca@group-13364FE26125, cid=997, SUCCESS, logIndex=1711, commits[e6065258-5a2c-4a72-9f81-ed1321f551ca:c1711]
2019-06-14 09:09:32,217 INFO  client.GrpcClientProtocolClient (GrpcClientProtocolClient.java:onNext(254)) - client-C0E347E82FC5->e6065258-5a2c-4a72-9f81-ed1321f551ca: receive RaftClientReply:client-C0E347E82FC5->e6065258-5a2c-4a72-9f81-ed1321f551ca@group-13364FE26125, cid=998, SUCCESS, logIndex=1713, commits[e6065258-5a2c-4a72-9f81-ed1321f551ca:c1713]
2019-06-14 09:09:32,218 INFO  client.GrpcClientProtocolClient (GrpcClientProtocolClient.java:onNext(254)) - client-C0E347E82FC5->e6065258-5a2c-4a72-9f81-ed1321f551ca: receive RaftClientReply:client-C0E347E82FC5->e6065258-5a2c-4a72-9f81-ed1321f551ca@group-13364FE26125, cid=999, SUCCESS, logIndex=1714, commits[e6065258-5a2c-4a72-9f81-ed1321f551ca:c1716]
2019-06-14 09:09:32,219 INFO  client.GrpcClientProtocolClient (GrpcClientProtocolClient.java:onNext(254)) - client-C0E347E82FC5->e6065258-5a2c-4a72-9f81-ed1321f551ca: receive RaftClientReply:client-C0E347E82FC5->e6065258-5a2c-4a72-9f81-ed1321f551ca@group-13364FE26125, cid=1000, SUCCESS, logIndex=1715, commits[e6065258-5a2c-4a72-9f81-ed1321f551ca:c1716]
2019-06-14 09:09:32,225 DEBUG block.SCMBlockDeletingService (SCMBlockDeletingService.java:call(138)) - Running DeletedBlockTransactionScanner
2019-06-14 09:09:32,225 DEBUG block.SCMBlockDeletingService (SCMBlockDeletingService.java:call(155)) - Scanned deleted blocks log and got 0 delTX to process.
2019-06-14 09:09:32,228 INFO  client.GrpcClientProtocolClient (GrpcClientProtocolClient.java:onNext(254)) - client-C0E347E82FC5->e6065258-5a2c-4a72-9f81-ed1321f551ca: receive RaftClientReply:client-C0E347E82FC5->e6065258-5a2c-4a72-9f81-ed1321f551ca@group-13364FE26125, cid=1001, SUCCESS, logIndex=1717, commits[e6065258-5a2c-4a72-9f81-ed1321f551ca:c1717]
2019-06-14 09:09:32,229 INFO  client.GrpcClientProtocolClient (GrpcClientProtocolClient.java:onNext(254)) - client-C0E347E82FC5->e6065258-5a2c-4a72-9f81-ed1321f551ca: receive RaftClientReply:client-C0E347E82FC5->e6065258-5a2c-4a72-9f81-ed1321f551ca@group-13364FE26125, cid=1002, SUCCESS, logIndex=1719, commits[e6065258-5a2c-4a72-9f81-ed1321f551ca:c1719]
2019-06-14 09:09:32,231 INFO  client.GrpcClientProtocolClient (GrpcClientProtocolClient.java:onNext(254)) - client-C0E347E82FC5->e6065258-5a2c-4a72-9f81-ed1321f551ca: receive RaftClientReply:client-C0E347E82FC5->e6065258-5a2c-4a72-9f81-ed1321f551ca@group-13364FE26125, cid=1003, SUCCESS, logIndex=1720, commits[e6065258-5a2c-4a72-9f81-ed1321f551ca:c1722]
2019-06-14 09:09:32,231 INFO  client.GrpcClientProtocolClient (GrpcClientProtocolClient.java:onNext(254)) - client-C0E347E82FC5->e6065258-5a2c-4a72-9f81-ed1321f551ca: receive RaftClientReply:client-C0E347E82FC5->e6065258-5a2c-4a72-9f81-ed1321f551ca@group-13364FE26125, cid=1004, SUCCESS, logIndex=1721, commits[e6065258-5a2c-4a72-9f81-ed1321f551ca:c1722]
2019-06-14 09:09:32,238 INFO  client.GrpcClientProtocolClient (GrpcClientProtocolClient.java:onNext(254)) - client-C0E347E82FC5->e6065258-5a2c-4a72-9f81-ed1321f551ca: receive RaftClientReply:client-C0E347E82FC5->e6065258-5a2c-4a72-9f81-ed1321f551ca@group-13364FE26125, cid=1005, SUCCESS, logIndex=1723, commits[e6065258-5a2c-4a72-9f81-ed1321f551ca:c1723]
2019-06-14 09:09:32,241 INFO  client.GrpcClientProtocolClient (GrpcClientProtocolClient.java:onNext(254)) - client-C0E347E82FC5->e6065258-5a2c-4a72-9f81-ed1321f551ca: receive RaftClientReply:client-C0E347E82FC5->e6065258-5a2c-4a72-9f81-ed1321f551ca@group-13364FE26125, cid=1006, SUCCESS, logIndex=1725, commits[e6065258-5a2c-4a72-9f81-ed1321f551ca:c1725]
2019-06-14 09:09:32,248 INFO  client.GrpcClientProtocolClient (GrpcClientProtocolClient.java:onNext(254)) - client-C0E347E82FC5->e6065258-5a2c-4a72-9f81-ed1321f551ca: receive RaftClientReply:client-C0E347E82FC5->e6065258-5a2c-4a72-9f81-ed1321f551ca@group-13364FE26125, cid=1007, SUCCESS, logIndex=1726, commits[e6065258-5a2c-4a72-9f81-ed1321f551ca:c1728]
2019-06-14 09:09:32,249 INFO  client.GrpcClientProtocolClient (GrpcClientProtocolClient.java:onNext(254)) - client-C0E347E82FC5->e6065258-5a2c-4a72-9f81-ed1321f551ca: receive RaftClientReply:client-C0E347E82FC5->e6065258-5a2c-4a72-9f81-ed1321f551ca@group-13364FE26125, cid=1008, SUCCESS, logIndex=1727, commits[e6065258-5a2c-4a72-9f81-ed1321f551ca:c1728]
2019-06-14 09:09:32,258 INFO  client.GrpcClientProtocolClient (GrpcClientProtocolClient.java:onNext(254)) - client-C0E347E82FC5->e6065258-5a2c-4a72-9f81-ed1321f551ca: receive RaftClientReply:client-C0E347E82FC5->e6065258-5a2c-4a72-9f81-ed1321f551ca@group-13364FE26125, cid=1009, SUCCESS, logIndex=1729, commits[e6065258-5a2c-4a72-9f81-ed1321f551ca:c1729]
2019-06-14 09:09:32,260 INFO  client.GrpcClientProtocolClient (GrpcClientProtocolClient.java:onNext(254)) - client-C0E347E82FC5->e6065258-5a2c-4a72-9f81-ed1321f551ca: receive RaftClientReply:client-C0E347E82FC5->e6065258-5a2c-4a72-9f81-ed1321f551ca@group-13364FE26125, cid=1010, SUCCESS, logIndex=1731, commits[e6065258-5a2c-4a72-9f81-ed1321f551ca:c1731]
2019-06-14 09:09:32,261 INFO  client.GrpcClientProtocolClient (GrpcClientProtocolClient.java:onNext(254)) - client-C0E347E82FC5->e6065258-5a2c-4a72-9f81-ed1321f551ca: receive RaftClientReply:client-C0E347E82FC5->e6065258-5a2c-4a72-9f81-ed1321f551ca@group-13364FE26125, cid=1011, SUCCESS, logIndex=1732, commits[e6065258-5a2c-4a72-9f81-ed1321f551ca:c1734]
2019-06-14 09:09:32,261 INFO  client.GrpcClientProtocolClient (GrpcClientProtocolClient.java:onNext(254)) - client-C0E347E82FC5->e6065258-5a2c-4a72-9f81-ed1321f551ca: receive RaftClientReply:client-C0E347E82FC5->e6065258-5a2c-4a72-9f81-ed1321f551ca@group-13364FE26125, cid=1012, SUCCESS, logIndex=1733, commits[e6065258-5a2c-4a72-9f81-ed1321f551ca:c1734]
2019-06-14 09:09:32,268 INFO  client.GrpcClientProtocolClient (GrpcClientProtocolClient.java:onNext(254)) - client-C0E347E82FC5->e6065258-5a2c-4a72-9f81-ed1321f551ca: receive RaftClientReply:client-C0E347E82FC5->e6065258-5a2c-4a72-9f81-ed1321f551ca@group-13364FE26125, cid=1013, SUCCESS, logIndex=1735, commits[e6065258-5a2c-4a72-9f81-ed1321f551ca:c1735]
2019-06-14 09:09:32,270 INFO  client.GrpcClientProtocolClient (GrpcClientProtocolClient.java:onNext(254)) - client-C0E347E82FC5->e6065258-5a2c-4a72-9f81-ed1321f551ca: receive RaftClientReply:client-C0E347E82FC5->e6065258-5a2c-4a72-9f81-ed1321f551ca@group-13364FE26125, cid=1014, SUCCESS, logIndex=1737, commits[e6065258-5a2c-4a72-9f81-ed1321f551ca:c1737]
2019-06-14 09:09:32,271 INFO  client.GrpcClientProtocolClient (GrpcClientProtocolClient.java:onNext(254)) - client-C0E347E82FC5->e6065258-5a2c-4a72-9f81-ed1321f551ca: receive RaftClientReply:client-C0E347E82FC5->e6065258-5a2c-4a72-9f81-ed1321f551ca@group-13364FE26125, cid=1015, SUCCESS, logIndex=1738, commits[e6065258-5a2c-4a72-9f81-ed1321f551ca:c1740]
2019-06-14 09:09:32,271 INFO  client.GrpcClientProtocolClient (GrpcClientProtocolClient.java:onNext(254)) - client-C0E347E82FC5->e6065258-5a2c-4a72-9f81-ed1321f551ca: receive RaftClientReply:client-C0E347E82FC5->e6065258-5a2c-4a72-9f81-ed1321f551ca@group-13364FE26125, cid=1016, SUCCESS, logIndex=1739, commits[e6065258-5a2c-4a72-9f81-ed1321f551ca:c1740]
2019-06-14 09:09:32,326 DEBUG block.SCMBlockDeletingService (SCMBlockDeletingService.java:call(138)) - Running DeletedBlockTransactionScanner
2019-06-14 09:09:32,326 DEBUG block.SCMBlockDeletingService (SCMBlockDeletingService.java:call(155)) - Scanned deleted blocks log and got 0 delTX to process.
2019-06-14 09:09:32,353 INFO  client.GrpcClientProtocolClient (GrpcClientProtocolClient.java:onNext(254)) - client-C0E347E82FC5->e6065258-5a2c-4a72-9f81-ed1321f551ca: receive RaftClientReply:client-C0E347E82FC5->e6065258-5a2c-4a72-9f81-ed1321f551ca@group-13364FE26125, cid=1017, SUCCESS, logIndex=1741, commits[e6065258-5a2c-4a72-9f81-ed1321f551ca:c1741]
2019-06-14 09:09:32,354 INFO  client.GrpcClientProtocolClient (GrpcClientProtocolClient.java:onNext(254)) - client-C0E347E82FC5->e6065258-5a2c-4a72-9f81-ed1321f551ca: receive RaftClientReply:client-C0E347E82FC5->e6065258-5a2c-4a72-9f81-ed1321f551ca@group-13364FE26125, cid=1018, SUCCESS, logIndex=1743, commits[e6065258-5a2c-4a72-9f81-ed1321f551ca:c1743]
2019-06-14 09:09:32,355 INFO  client.GrpcClientProtocolClient (GrpcClientProtocolClient.java:onNext(254)) - client-C0E347E82FC5->e6065258-5a2c-4a72-9f81-ed1321f551ca: receive RaftClientReply:client-C0E347E82FC5->e6065258-5a2c-4a72-9f81-ed1321f551ca@group-13364FE26125, cid=1019, SUCCESS, logIndex=1744, commits[e6065258-5a2c-4a72-9f81-ed1321f551ca:c1746]
2019-06-14 09:09:32,356 INFO  client.GrpcClientProtocolClient (GrpcClientProtocolClient.java:onNext(254)) - client-C0E347E82FC5->e6065258-5a2c-4a72-9f81-ed1321f551ca: receive RaftClientReply:client-C0E347E82FC5->e6065258-5a2c-4a72-9f81-ed1321f551ca@group-13364FE26125, cid=1020, SUCCESS, logIndex=1745, commits[e6065258-5a2c-4a72-9f81-ed1321f551ca:c1746]
2019-06-14 09:09:32,367 INFO  client.GrpcClientProtocolClient (GrpcClientProtocolClient.java:onNext(254)) - client-C0E347E82FC5->e6065258-5a2c-4a72-9f81-ed1321f551ca: receive RaftClientReply:client-C0E347E82FC5->e6065258-5a2c-4a72-9f81-ed1321f551ca@group-13364FE26125, cid=1021, SUCCESS, logIndex=1747, commits[e6065258-5a2c-4a72-9f81-ed1321f551ca:c1747]
2019-06-14 09:09:32,376 INFO  client.GrpcClientProtocolClient (GrpcClientProtocolClient.java:onNext(254)) - client-C0E347E82FC5->e6065258-5a2c-4a72-9f81-ed1321f551ca: receive RaftClientReply:client-C0E347E82FC5->e6065258-5a2c-4a72-9f81-ed1321f551ca@group-13364FE26125, cid=1022, SUCCESS, logIndex=1749, commits[e6065258-5a2c-4a72-9f81-ed1321f551ca:c1749]
2019-06-14 09:09:32,376 INFO  client.GrpcClientProtocolClient (GrpcClientProtocolClient.java:onNext(254)) - client-C0E347E82FC5->e6065258-5a2c-4a72-9f81-ed1321f551ca: receive RaftClientReply:client-C0E347E82FC5->e6065258-5a2c-4a72-9f81-ed1321f551ca@group-13364FE26125, cid=1023, SUCCESS, logIndex=1750, commits[e6065258-5a2c-4a72-9f81-ed1321f551ca:c1752]
2019-06-14 09:09:32,377 INFO  client.GrpcClientProtocolClient (GrpcClientProtocolClient.java:onNext(254)) - client-C0E347E82FC5->e6065258-5a2c-4a72-9f81-ed1321f551ca: receive RaftClientReply:client-C0E347E82FC5->e6065258-5a2c-4a72-9f81-ed1321f551ca@group-13364FE26125, cid=1024, SUCCESS, logIndex=1751, commits[e6065258-5a2c-4a72-9f81-ed1321f551ca:c1752]
2019-06-14 09:09:32,386 INFO  client.GrpcClientProtocolClient (GrpcClientProtocolClient.java:onNext(254)) - client-C0E347E82FC5->e6065258-5a2c-4a72-9f81-ed1321f551ca: receive RaftClientReply:client-C0E347E82FC5->e6065258-5a2c-4a72-9f81-ed1321f551ca@group-13364FE26125, cid=1025, SUCCESS, logIndex=1753, commits[e6065258-5a2c-4a72-9f81-ed1321f551ca:c1753]
2019-06-14 09:09:32,393 INFO  client.GrpcClientProtocolClient (GrpcClientProtocolClient.java:onNext(254)) - client-C0E347E82FC5->e6065258-5a2c-4a72-9f81-ed1321f551ca: receive RaftClientReply:client-C0E347E82FC5->e6065258-5a2c-4a72-9f81-ed1321f551ca@group-13364FE26125, cid=1026, SUCCESS, logIndex=1755, commits[e6065258-5a2c-4a72-9f81-ed1321f551ca:c1755]
2019-06-14 09:09:32,393 INFO  client.GrpcClientProtocolClient (GrpcClientProtocolClient.java:onNext(254)) - client-C0E347E82FC5->e6065258-5a2c-4a72-9f81-ed1321f551ca: receive RaftClientReply:client-C0E347E82FC5->e6065258-5a2c-4a72-9f81-ed1321f551ca@group-13364FE26125, cid=1027, SUCCESS, logIndex=1756, commits[e6065258-5a2c-4a72-9f81-ed1321f551ca:c1758]
2019-06-14 09:09:32,394 INFO  client.GrpcClientProtocolClient (GrpcClientProtocolClient.java:onNext(254)) - client-C0E347E82FC5->e6065258-5a2c-4a72-9f81-ed1321f551ca: receive RaftClientReply:client-C0E347E82FC5->e6065258-5a2c-4a72-9f81-ed1321f551ca@group-13364FE26125, cid=1028, SUCCESS, logIndex=1757, commits[e6065258-5a2c-4a72-9f81-ed1321f551ca:c1758]
2019-06-14 09:09:32,397 INFO  storage.RaftLogWorker (RaftLogWorker.java:rollLogSegment(303)) - e6065258-5a2c-4a72-9f81-ed1321f551ca-RaftLogWorker: Rolling segment log-1690_1758 to index:1758
2019-06-14 09:09:32,397 INFO  storage.RaftLogWorker (RaftLogWorker.java:execute(433)) - e6065258-5a2c-4a72-9f81-ed1321f551ca-RaftLogWorker: Rolled log segment from /opt/src/hadoop-ozone/integration-test/target/test-dir/MiniOzoneClusterImpl-a56da109-a1cb-4168-8966-62306f2f2d23/datanode-0/data/ratis/920138aa-6f47-4d6d-b5cc-13364fe26125/current/log_inprogress_1690 to /opt/src/hadoop-ozone/integration-test/target/test-dir/MiniOzoneClusterImpl-a56da109-a1cb-4168-8966-62306f2f2d23/datanode-0/data/ratis/920138aa-6f47-4d6d-b5cc-13364fe26125/current/log_1690-1758
2019-06-14 09:09:32,426 DEBUG block.SCMBlockDeletingService (SCMBlockDeletingService.java:call(138)) - Running DeletedBlockTransactionScanner
2019-06-14 09:09:32,426 DEBUG block.SCMBlockDeletingService (SCMBlockDeletingService.java:call(155)) - Scanned deleted blocks log and got 0 delTX to process.
2019-06-14 09:09:32,434 INFO  storage.RaftLogWorker (RaftLogWorker.java:execute(469)) - e6065258-5a2c-4a72-9f81-ed1321f551ca-RaftLogWorker: created new log segment /opt/src/hadoop-ozone/integration-test/target/test-dir/MiniOzoneClusterImpl-a56da109-a1cb-4168-8966-62306f2f2d23/datanode-0/data/ratis/920138aa-6f47-4d6d-b5cc-13364fe26125/current/log_inprogress_1759
2019-06-14 09:09:32,436 INFO  client.GrpcClientProtocolClient (GrpcClientProtocolClient.java:onNext(254)) - client-C0E347E82FC5->e6065258-5a2c-4a72-9f81-ed1321f551ca: receive RaftClientReply:client-C0E347E82FC5->e6065258-5a2c-4a72-9f81-ed1321f551ca@group-13364FE26125, cid=1029, SUCCESS, logIndex=1759, commits[e6065258-5a2c-4a72-9f81-ed1321f551ca:c1759]
2019-06-14 09:09:32,438 INFO  client.GrpcClientProtocolClient (GrpcClientProtocolClient.java:onNext(254)) - client-C0E347E82FC5->e6065258-5a2c-4a72-9f81-ed1321f551ca: receive RaftClientReply:client-C0E347E82FC5->e6065258-5a2c-4a72-9f81-ed1321f551ca@group-13364FE26125, cid=1030, SUCCESS, logIndex=1761, commits[e6065258-5a2c-4a72-9f81-ed1321f551ca:c1761]
2019-06-14 09:09:32,439 INFO  client.GrpcClientProtocolClient (GrpcClientProtocolClient.java:onNext(254)) - client-C0E347E82FC5->e6065258-5a2c-4a72-9f81-ed1321f551ca: receive RaftClientReply:client-C0E347E82FC5->e6065258-5a2c-4a72-9f81-ed1321f551ca@group-13364FE26125, cid=1031, SUCCESS, logIndex=1762, commits[e6065258-5a2c-4a72-9f81-ed1321f551ca:c1764]
2019-06-14 09:09:32,440 INFO  client.GrpcClientProtocolClient (GrpcClientProtocolClient.java:onNext(254)) - client-C0E347E82FC5->e6065258-5a2c-4a72-9f81-ed1321f551ca: receive RaftClientReply:client-C0E347E82FC5->e6065258-5a2c-4a72-9f81-ed1321f551ca@group-13364FE26125, cid=1032, SUCCESS, logIndex=1763, commits[e6065258-5a2c-4a72-9f81-ed1321f551ca:c1764]
2019-06-14 09:09:32,450 INFO  client.GrpcClientProtocolClient (GrpcClientProtocolClient.java:onNext(254)) - client-C0E347E82FC5->e6065258-5a2c-4a72-9f81-ed1321f551ca: receive RaftClientReply:client-C0E347E82FC5->e6065258-5a2c-4a72-9f81-ed1321f551ca@group-13364FE26125, cid=1033, SUCCESS, logIndex=1765, commits[e6065258-5a2c-4a72-9f81-ed1321f551ca:c1765]
2019-06-14 09:09:32,451 INFO  client.GrpcClientProtocolClient (GrpcClientProtocolClient.java:onNext(254)) - client-C0E347E82FC5->e6065258-5a2c-4a72-9f81-ed1321f551ca: receive RaftClientReply:client-C0E347E82FC5->e6065258-5a2c-4a72-9f81-ed1321f551ca@group-13364FE26125, cid=1034, SUCCESS, logIndex=1767, commits[e6065258-5a2c-4a72-9f81-ed1321f551ca:c1767]
2019-06-14 09:09:32,452 INFO  client.GrpcClientProtocolClient (GrpcClientProtocolClient.java:onNext(254)) - client-C0E347E82FC5->e6065258-5a2c-4a72-9f81-ed1321f551ca: receive RaftClientReply:client-C0E347E82FC5->e6065258-5a2c-4a72-9f81-ed1321f551ca@group-13364FE26125, cid=1035, SUCCESS, logIndex=1768, commits[e6065258-5a2c-4a72-9f81-ed1321f551ca:c1770]
2019-06-14 09:09:32,452 INFO  client.GrpcClientProtocolClient (GrpcClientProtocolClient.java:onNext(254)) - client-C0E347E82FC5->e6065258-5a2c-4a72-9f81-ed1321f551ca: receive RaftClientReply:client-C0E347E82FC5->e6065258-5a2c-4a72-9f81-ed1321f551ca@group-13364FE26125, cid=1036, SUCCESS, logIndex=1769, commits[e6065258-5a2c-4a72-9f81-ed1321f551ca:c1770]
2019-06-14 09:09:32,458 INFO  client.GrpcClientProtocolClient (GrpcClientProtocolClient.java:onNext(254)) - client-C0E347E82FC5->e6065258-5a2c-4a72-9f81-ed1321f551ca: receive RaftClientReply:client-C0E347E82FC5->e6065258-5a2c-4a72-9f81-ed1321f551ca@group-13364FE26125, cid=1037, SUCCESS, logIndex=1771, commits[e6065258-5a2c-4a72-9f81-ed1321f551ca:c1771]
2019-06-14 09:09:32,461 INFO  client.GrpcClientProtocolClient (GrpcClientProtocolClient.java:onNext(254)) - client-C0E347E82FC5->e6065258-5a2c-4a72-9f81-ed1321f551ca: receive RaftClientReply:client-C0E347E82FC5->e6065258-5a2c-4a72-9f81-ed1321f551ca@group-13364FE26125, cid=1038, SUCCESS, logIndex=1773, commits[e6065258-5a2c-4a72-9f81-ed1321f551ca:c1773]
2019-06-14 09:09:32,461 INFO  client.GrpcClientProtocolClient (GrpcClientProtocolClient.java:onNext(254)) - client-C0E347E82FC5->e6065258-5a2c-4a72-9f81-ed1321f551ca: receive RaftClientReply:client-C0E347E82FC5->e6065258-5a2c-4a72-9f81-ed1321f551ca@group-13364FE26125, cid=1039, SUCCESS, logIndex=1774, commits[e6065258-5a2c-4a72-9f81-ed1321f551ca:c1775]
2019-06-14 09:09:32,461 INFO  client.GrpcClientProtocolClient (GrpcClientProtocolClient.java:onNext(254)) - client-C0E347E82FC5->e6065258-5a2c-4a72-9f81-ed1321f551ca: receive RaftClientReply:client-C0E347E82FC5->e6065258-5a2c-4a72-9f81-ed1321f551ca@group-13364FE26125, cid=1040, SUCCESS, logIndex=1775, commits[e6065258-5a2c-4a72-9f81-ed1321f551ca:c1775]
2019-06-14 09:09:32,472 INFO  client.GrpcClientProtocolClient (GrpcClientProtocolClient.java:onNext(254)) - client-C0E347E82FC5->e6065258-5a2c-4a72-9f81-ed1321f551ca: receive RaftClientReply:client-C0E347E82FC5->e6065258-5a2c-4a72-9f81-ed1321f551ca@group-13364FE26125, cid=1041, SUCCESS, logIndex=1778, commits[e6065258-5a2c-4a72-9f81-ed1321f551ca:c1778]
2019-06-14 09:09:32,474 INFO  client.GrpcClientProtocolClient (GrpcClientProtocolClient.java:onNext(254)) - client-C0E347E82FC5->e6065258-5a2c-4a72-9f81-ed1321f551ca: receive RaftClientReply:client-C0E347E82FC5->e6065258-5a2c-4a72-9f81-ed1321f551ca@group-13364FE26125, cid=1042, SUCCESS, logIndex=1780, commits[e6065258-5a2c-4a72-9f81-ed1321f551ca:c1780]
2019-06-14 09:09:32,474 INFO  client.GrpcClientProtocolClient (GrpcClientProtocolClient.java:onNext(254)) - client-C0E347E82FC5->e6065258-5a2c-4a72-9f81-ed1321f551ca: receive RaftClientReply:client-C0E347E82FC5->e6065258-5a2c-4a72-9f81-ed1321f551ca@group-13364FE26125, cid=1043, SUCCESS, logIndex=1781, commits[e6065258-5a2c-4a72-9f81-ed1321f551ca:c1781]
2019-06-14 09:09:32,476 INFO  client.GrpcClientProtocolClient (GrpcClientProtocolClient.java:onNext(254)) - client-C0E347E82FC5->e6065258-5a2c-4a72-9f81-ed1321f551ca: receive RaftClientReply:client-C0E347E82FC5->e6065258-5a2c-4a72-9f81-ed1321f551ca@group-13364FE26125, cid=1044, SUCCESS, logIndex=1784, commits[e6065258-5a2c-4a72-9f81-ed1321f551ca:c1784]
2019-06-14 09:09:32,482 INFO  client.GrpcClientProtocolClient (GrpcClientProtocolClient.java:onNext(254)) - client-C0E347E82FC5->e6065258-5a2c-4a72-9f81-ed1321f551ca: receive RaftClientReply:client-C0E347E82FC5->e6065258-5a2c-4a72-9f81-ed1321f551ca@group-13364FE26125, cid=1045, SUCCESS, logIndex=1786, commits[e6065258-5a2c-4a72-9f81-ed1321f551ca:c1786]
2019-06-14 09:09:32,485 INFO  client.GrpcClientProtocolClient (GrpcClientProtocolClient.java:onNext(254)) - client-C0E347E82FC5->e6065258-5a2c-4a72-9f81-ed1321f551ca: receive RaftClientReply:client-C0E347E82FC5->e6065258-5a2c-4a72-9f81-ed1321f551ca@group-13364FE26125, cid=1046, SUCCESS, logIndex=1788, commits[e6065258-5a2c-4a72-9f81-ed1321f551ca:c1790]
2019-06-14 09:09:32,485 INFO  client.GrpcClientProtocolClient (GrpcClientProtocolClient.java:onNext(254)) - client-C0E347E82FC5->e6065258-5a2c-4a72-9f81-ed1321f551ca: receive RaftClientReply:client-C0E347E82FC5->e6065258-5a2c-4a72-9f81-ed1321f551ca@group-13364FE26125, cid=1047, SUCCESS, logIndex=1789, commits[e6065258-5a2c-4a72-9f81-ed1321f551ca:c1790]
2019-06-14 09:09:32,486 INFO  client.GrpcClientProtocolClient (GrpcClientProtocolClient.java:onNext(254)) - client-C0E347E82FC5->e6065258-5a2c-4a72-9f81-ed1321f551ca: receive RaftClientReply:client-C0E347E82FC5->e6065258-5a2c-4a72-9f81-ed1321f551ca@group-13364FE26125, cid=1048, SUCCESS, logIndex=1790, commits[e6065258-5a2c-4a72-9f81-ed1321f551ca:c1791]
2019-06-14 09:09:32,497 INFO  client.GrpcClientProtocolClient (GrpcClientProtocolClient.java:onNext(254)) - client-C0E347E82FC5->e6065258-5a2c-4a72-9f81-ed1321f551ca: receive RaftClientReply:client-C0E347E82FC5->e6065258-5a2c-4a72-9f81-ed1321f551ca@group-13364FE26125, cid=1049, SUCCESS, logIndex=1792, commits[e6065258-5a2c-4a72-9f81-ed1321f551ca:c1792]
2019-06-14 09:09:32,499 INFO  client.GrpcClientProtocolClient (GrpcClientProtocolClient.java:onNext(254)) - client-C0E347E82FC5->e6065258-5a2c-4a72-9f81-ed1321f551ca: receive RaftClientReply:client-C0E347E82FC5->e6065258-5a2c-4a72-9f81-ed1321f551ca@group-13364FE26125, cid=1050, SUCCESS, logIndex=1794, commits[e6065258-5a2c-4a72-9f81-ed1321f551ca:c1794]
2019-06-14 09:09:32,500 INFO  client.GrpcClientProtocolClient (GrpcClientProtocolClient.java:onNext(254)) - client-C0E347E82FC5->e6065258-5a2c-4a72-9f81-ed1321f551ca: receive RaftClientReply:client-C0E347E82FC5->e6065258-5a2c-4a72-9f81-ed1321f551ca@group-13364FE26125, cid=1051, SUCCESS, logIndex=1795, commits[e6065258-5a2c-4a72-9f81-ed1321f551ca:c1796]
2019-06-14 09:09:32,500 INFO  client.GrpcClientProtocolClient (GrpcClientProtocolClient.java:onNext(254)) - client-C0E347E82FC5->e6065258-5a2c-4a72-9f81-ed1321f551ca: receive RaftClientReply:client-C0E347E82FC5->e6065258-5a2c-4a72-9f81-ed1321f551ca@group-13364FE26125, cid=1052, SUCCESS, logIndex=1796, commits[e6065258-5a2c-4a72-9f81-ed1321f551ca:c1796]
2019-06-14 09:09:32,506 INFO  client.GrpcClientProtocolClient (GrpcClientProtocolClient.java:onNext(254)) - client-C0E347E82FC5->e6065258-5a2c-4a72-9f81-ed1321f551ca: receive RaftClientReply:client-C0E347E82FC5->e6065258-5a2c-4a72-9f81-ed1321f551ca@group-13364FE26125, cid=1053, SUCCESS, logIndex=1799, commits[e6065258-5a2c-4a72-9f81-ed1321f551ca:c1799]
2019-06-14 09:09:32,508 INFO  client.GrpcClientProtocolClient (GrpcClientProtocolClient.java:onNext(254)) - client-C0E347E82FC5->e6065258-5a2c-4a72-9f81-ed1321f551ca: receive RaftClientReply:client-C0E347E82FC5->e6065258-5a2c-4a72-9f81-ed1321f551ca@group-13364FE26125, cid=1054, SUCCESS, logIndex=1801, commits[e6065258-5a2c-4a72-9f81-ed1321f551ca:c1801]
2019-06-14 09:09:32,509 INFO  client.GrpcClientProtocolClient (GrpcClientProtocolClient.java:onNext(254)) - client-C0E347E82FC5->e6065258-5a2c-4a72-9f81-ed1321f551ca: receive RaftClientReply:client-C0E347E82FC5->e6065258-5a2c-4a72-9f81-ed1321f551ca@group-13364FE26125, cid=1055, SUCCESS, logIndex=1802, commits[e6065258-5a2c-4a72-9f81-ed1321f551ca:c1803]
2019-06-14 09:09:32,509 INFO  client.GrpcClientProtocolClient (GrpcClientProtocolClient.java:onNext(254)) - client-C0E347E82FC5->e6065258-5a2c-4a72-9f81-ed1321f551ca: receive RaftClientReply:client-C0E347E82FC5->e6065258-5a2c-4a72-9f81-ed1321f551ca@group-13364FE26125, cid=1056, SUCCESS, logIndex=1803, commits[e6065258-5a2c-4a72-9f81-ed1321f551ca:c1804]
2019-06-14 09:09:32,521 INFO  client.GrpcClientProtocolClient (GrpcClientProtocolClient.java:onNext(254)) - client-C0E347E82FC5->e6065258-5a2c-4a72-9f81-ed1321f551ca: receive RaftClientReply:client-C0E347E82FC5->e6065258-5a2c-4a72-9f81-ed1321f551ca@group-13364FE26125, cid=1057, SUCCESS, logIndex=1806, commits[e6065258-5a2c-4a72-9f81-ed1321f551ca:c1806]
2019-06-14 09:09:32,522 INFO  client.GrpcClientProtocolClient (GrpcClientProtocolClient.java:onNext(254)) - client-C0E347E82FC5->e6065258-5a2c-4a72-9f81-ed1321f551ca: receive RaftClientReply:client-C0E347E82FC5->e6065258-5a2c-4a72-9f81-ed1321f551ca@group-13364FE26125, cid=1058, SUCCESS, logIndex=1808, commits[e6065258-5a2c-4a72-9f81-ed1321f551ca:c1808]
2019-06-14 09:09:32,525 INFO  client.GrpcClientProtocolClient (GrpcClientProtocolClient.java:onNext(254)) - client-C0E347E82FC5->e6065258-5a2c-4a72-9f81-ed1321f551ca: receive RaftClientReply:client-C0E347E82FC5->e6065258-5a2c-4a72-9f81-ed1321f551ca@group-13364FE26125, cid=1059, SUCCESS, logIndex=1810, commits[e6065258-5a2c-4a72-9f81-ed1321f551ca:c1811]
2019-06-14 09:09:32,525 INFO  client.GrpcClientProtocolClient (GrpcClientProtocolClient.java:onNext(254)) - client-C0E347E82FC5->e6065258-5a2c-4a72-9f81-ed1321f551ca: receive RaftClientReply:client-C0E347E82FC5->e6065258-5a2c-4a72-9f81-ed1321f551ca@group-13364FE26125, cid=1060, SUCCESS, logIndex=1811, commits[e6065258-5a2c-4a72-9f81-ed1321f551ca:c1811]
2019-06-14 09:09:32,533 DEBUG block.SCMBlockDeletingService (SCMBlockDeletingService.java:call(138)) - Running DeletedBlockTransactionScanner
2019-06-14 09:09:32,533 DEBUG block.SCMBlockDeletingService (SCMBlockDeletingService.java:call(155)) - Scanned deleted blocks log and got 0 delTX to process.
2019-06-14 09:09:32,634 DEBUG block.SCMBlockDeletingService (SCMBlockDeletingService.java:call(138)) - Running DeletedBlockTransactionScanner
2019-06-14 09:09:32,634 DEBUG block.SCMBlockDeletingService (SCMBlockDeletingService.java:call(155)) - Scanned deleted blocks log and got 0 delTX to process.
2019-06-14 09:09:32,640 INFO  client.GrpcClientProtocolClient (GrpcClientProtocolClient.java:onNext(254)) - client-C0E347E82FC5->e6065258-5a2c-4a72-9f81-ed1321f551ca: receive RaftClientReply:client-C0E347E82FC5->e6065258-5a2c-4a72-9f81-ed1321f551ca@group-13364FE26125, cid=1061, SUCCESS, logIndex=1813, commits[e6065258-5a2c-4a72-9f81-ed1321f551ca:c1813]
2019-06-14 09:09:32,642 INFO  client.GrpcClientProtocolClient (GrpcClientProtocolClient.java:onNext(254)) - client-C0E347E82FC5->e6065258-5a2c-4a72-9f81-ed1321f551ca: receive RaftClientReply:client-C0E347E82FC5->e6065258-5a2c-4a72-9f81-ed1321f551ca@group-13364FE26125, cid=1062, SUCCESS, logIndex=1815, commits[e6065258-5a2c-4a72-9f81-ed1321f551ca:c1815]
2019-06-14 09:09:32,643 INFO  client.GrpcClientProtocolClient (GrpcClientProtocolClient.java:onNext(254)) - client-C0E347E82FC5->e6065258-5a2c-4a72-9f81-ed1321f551ca: receive RaftClientReply:client-C0E347E82FC5->e6065258-5a2c-4a72-9f81-ed1321f551ca@group-13364FE26125, cid=1063, SUCCESS, logIndex=1816, commits[e6065258-5a2c-4a72-9f81-ed1321f551ca:c1818]
2019-06-14 09:09:32,643 INFO  client.GrpcClientProtocolClient (GrpcClientProtocolClient.java:onNext(254)) - client-C0E347E82FC5->e6065258-5a2c-4a72-9f81-ed1321f551ca: receive RaftClientReply:client-C0E347E82FC5->e6065258-5a2c-4a72-9f81-ed1321f551ca@group-13364FE26125, cid=1064, SUCCESS, logIndex=1817, commits[e6065258-5a2c-4a72-9f81-ed1321f551ca:c1818]
2019-06-14 09:09:32,652 INFO  client.GrpcClientProtocolClient (GrpcClientProtocolClient.java:onNext(254)) - client-C0E347E82FC5->e6065258-5a2c-4a72-9f81-ed1321f551ca: receive RaftClientReply:client-C0E347E82FC5->e6065258-5a2c-4a72-9f81-ed1321f551ca@group-13364FE26125, cid=1065, SUCCESS, logIndex=1819, commits[e6065258-5a2c-4a72-9f81-ed1321f551ca:c1819]
2019-06-14 09:09:32,654 INFO  client.GrpcClientProtocolClient (GrpcClientProtocolClient.java:onNext(254)) - client-C0E347E82FC5->e6065258-5a2c-4a72-9f81-ed1321f551ca: receive RaftClientReply:client-C0E347E82FC5->e6065258-5a2c-4a72-9f81-ed1321f551ca@group-13364FE26125, cid=1066, SUCCESS, logIndex=1821, commits[e6065258-5a2c-4a72-9f81-ed1321f551ca:c1821]
2019-06-14 09:09:32,655 INFO  client.GrpcClientProtocolClient (GrpcClientProtocolClient.java:onNext(254)) - client-C0E347E82FC5->e6065258-5a2c-4a72-9f81-ed1321f551ca: receive RaftClientReply:client-C0E347E82FC5->e6065258-5a2c-4a72-9f81-ed1321f551ca@group-13364FE26125, cid=1067, SUCCESS, logIndex=1822, commits[e6065258-5a2c-4a72-9f81-ed1321f551ca:c1824]
2019-06-14 09:09:32,656 INFO  client.GrpcClientProtocolClient (GrpcClientProtocolClient.java:onNext(254)) - client-C0E347E82FC5->e6065258-5a2c-4a72-9f81-ed1321f551ca: receive RaftClientReply:client-C0E347E82FC5->e6065258-5a2c-4a72-9f81-ed1321f551ca@group-13364FE26125, cid=1068, SUCCESS, logIndex=1823, commits[e6065258-5a2c-4a72-9f81-ed1321f551ca:c1824]
2019-06-14 09:09:32,661 INFO  client.GrpcClientProtocolClient (GrpcClientProtocolClient.java:onNext(254)) - client-C0E347E82FC5->e6065258-5a2c-4a72-9f81-ed1321f551ca: receive RaftClientReply:client-C0E347E82FC5->e6065258-5a2c-4a72-9f81-ed1321f551ca@group-13364FE26125, cid=1069, SUCCESS, logIndex=1825, commits[e6065258-5a2c-4a72-9f81-ed1321f551ca:c1825]
2019-06-14 09:09:32,662 INFO  storage.RaftLogWorker (RaftLogWorker.java:rollLogSegment(303)) - e6065258-5a2c-4a72-9f81-ed1321f551ca-RaftLogWorker: Rolling segment log-1759_1828 to index:1828
2019-06-14 09:09:32,663 INFO  storage.RaftLogWorker (RaftLogWorker.java:execute(433)) - e6065258-5a2c-4a72-9f81-ed1321f551ca-RaftLogWorker: Rolled log segment from /opt/src/hadoop-ozone/integration-test/target/test-dir/MiniOzoneClusterImpl-a56da109-a1cb-4168-8966-62306f2f2d23/datanode-0/data/ratis/920138aa-6f47-4d6d-b5cc-13364fe26125/current/log_inprogress_1759 to /opt/src/hadoop-ozone/integration-test/target/test-dir/MiniOzoneClusterImpl-a56da109-a1cb-4168-8966-62306f2f2d23/datanode-0/data/ratis/920138aa-6f47-4d6d-b5cc-13364fe26125/current/log_1759-1828
2019-06-14 09:09:32,665 INFO  client.GrpcClientProtocolClient (GrpcClientProtocolClient.java:onNext(254)) - client-C0E347E82FC5->e6065258-5a2c-4a72-9f81-ed1321f551ca: receive RaftClientReply:client-C0E347E82FC5->e6065258-5a2c-4a72-9f81-ed1321f551ca@group-13364FE26125, cid=1070, SUCCESS, logIndex=1827, commits[e6065258-5a2c-4a72-9f81-ed1321f551ca:c1827]
2019-06-14 09:09:32,666 INFO  client.GrpcClientProtocolClient (GrpcClientProtocolClient.java:onNext(254)) - client-C0E347E82FC5->e6065258-5a2c-4a72-9f81-ed1321f551ca: receive RaftClientReply:client-C0E347E82FC5->e6065258-5a2c-4a72-9f81-ed1321f551ca@group-13364FE26125, cid=1071, SUCCESS, logIndex=1828, commits[e6065258-5a2c-4a72-9f81-ed1321f551ca:c1828]
2019-06-14 09:09:32,699 INFO  storage.RaftLogWorker (RaftLogWorker.java:execute(469)) - e6065258-5a2c-4a72-9f81-ed1321f551ca-RaftLogWorker: created new log segment /opt/src/hadoop-ozone/integration-test/target/test-dir/MiniOzoneClusterImpl-a56da109-a1cb-4168-8966-62306f2f2d23/datanode-0/data/ratis/920138aa-6f47-4d6d-b5cc-13364fe26125/current/log_inprogress_1829
2019-06-14 09:09:32,701 INFO  client.GrpcClientProtocolClient (GrpcClientProtocolClient.java:onNext(254)) - client-C0E347E82FC5->e6065258-5a2c-4a72-9f81-ed1321f551ca: receive RaftClientReply:client-C0E347E82FC5->e6065258-5a2c-4a72-9f81-ed1321f551ca@group-13364FE26125, cid=1072, SUCCESS, logIndex=1829, commits[e6065258-5a2c-4a72-9f81-ed1321f551ca:c1831]
2019-06-14 09:09:32,711 INFO  client.GrpcClientProtocolClient (GrpcClientProtocolClient.java:onNext(254)) - client-C0E347E82FC5->e6065258-5a2c-4a72-9f81-ed1321f551ca: receive RaftClientReply:client-C0E347E82FC5->e6065258-5a2c-4a72-9f81-ed1321f551ca@group-13364FE26125, cid=1073, SUCCESS, logIndex=1832, commits[e6065258-5a2c-4a72-9f81-ed1321f551ca:c1832]
2019-06-14 09:09:32,713 INFO  client.GrpcClientProtocolClient (GrpcClientProtocolClient.java:onNext(254)) - client-C0E347E82FC5->e6065258-5a2c-4a72-9f81-ed1321f551ca: receive RaftClientReply:client-C0E347E82FC5->e6065258-5a2c-4a72-9f81-ed1321f551ca@group-13364FE26125, cid=1074, SUCCESS, logIndex=1834, commits[e6065258-5a2c-4a72-9f81-ed1321f551ca:c1834]
2019-06-14 09:09:32,714 INFO  client.GrpcClientProtocolClient (GrpcClientProtocolClient.java:onNext(254)) - client-C0E347E82FC5->e6065258-5a2c-4a72-9f81-ed1321f551ca: receive RaftClientReply:client-C0E347E82FC5->e6065258-5a2c-4a72-9f81-ed1321f551ca@group-13364FE26125, cid=1075, SUCCESS, logIndex=1835, commits[e6065258-5a2c-4a72-9f81-ed1321f551ca:c1837]
2019-06-14 09:09:32,715 INFO  client.GrpcClientProtocolClient (GrpcClientProtocolClient.java:onNext(254)) - client-C0E347E82FC5->e6065258-5a2c-4a72-9f81-ed1321f551ca: receive RaftClientReply:client-C0E347E82FC5->e6065258-5a2c-4a72-9f81-ed1321f551ca@group-13364FE26125, cid=1076, SUCCESS, logIndex=1836, commits[e6065258-5a2c-4a72-9f81-ed1321f551ca:c1837]
2019-06-14 09:09:32,720 INFO  client.GrpcClientProtocolClient (GrpcClientProtocolClient.java:onNext(254)) - client-C0E347E82FC5->e6065258-5a2c-4a72-9f81-ed1321f551ca: receive RaftClientReply:client-C0E347E82FC5->e6065258-5a2c-4a72-9f81-ed1321f551ca@group-13364FE26125, cid=1077, SUCCESS, logIndex=1838, commits[e6065258-5a2c-4a72-9f81-ed1321f551ca:c1838]
2019-06-14 09:09:32,722 INFO  client.GrpcClientProtocolClient (GrpcClientProtocolClient.java:onNext(254)) - client-C0E347E82FC5->e6065258-5a2c-4a72-9f81-ed1321f551ca: receive RaftClientReply:client-C0E347E82FC5->e6065258-5a2c-4a72-9f81-ed1321f551ca@group-13364FE26125, cid=1078, SUCCESS, logIndex=1840, commits[e6065258-5a2c-4a72-9f81-ed1321f551ca:c1840]
2019-06-14 09:09:32,723 INFO  client.GrpcClientProtocolClient (GrpcClientProtocolClient.java:onNext(254)) - client-C0E347E82FC5->e6065258-5a2c-4a72-9f81-ed1321f551ca: receive RaftClientReply:client-C0E347E82FC5->e6065258-5a2c-4a72-9f81-ed1321f551ca@group-13364FE26125, cid=1079, SUCCESS, logIndex=1841, commits[e6065258-5a2c-4a72-9f81-ed1321f551ca:c1843]
2019-06-14 09:09:32,724 INFO  client.GrpcClientProtocolClient (GrpcClientProtocolClient.java:onNext(254)) - client-C0E347E82FC5->e6065258-5a2c-4a72-9f81-ed1321f551ca: receive RaftClientReply:client-C0E347E82FC5->e6065258-5a2c-4a72-9f81-ed1321f551ca@group-13364FE26125, cid=1080, SUCCESS, logIndex=1842, commits[e6065258-5a2c-4a72-9f81-ed1321f551ca:c1843]
2019-06-14 09:09:32,733 INFO  client.GrpcClientProtocolClient (GrpcClientProtocolClient.java:onNext(254)) - client-C0E347E82FC5->e6065258-5a2c-4a72-9f81-ed1321f551ca: receive RaftClientReply:client-C0E347E82FC5->e6065258-5a2c-4a72-9f81-ed1321f551ca@group-13364FE26125, cid=1081, SUCCESS, logIndex=1844, commits[e6065258-5a2c-4a72-9f81-ed1321f551ca:c1844]
2019-06-14 09:09:32,734 INFO  client.GrpcClientProtocolClient (GrpcClientProtocolClient.java:onNext(254)) - client-C0E347E82FC5->e6065258-5a2c-4a72-9f81-ed1321f551ca: receive RaftClientReply:client-C0E347E82FC5->e6065258-5a2c-4a72-9f81-ed1321f551ca@group-13364FE26125, cid=1082, SUCCESS, logIndex=1846, commits[e6065258-5a2c-4a72-9f81-ed1321f551ca:c1846]
2019-06-14 09:09:32,734 DEBUG block.SCMBlockDeletingService (SCMBlockDeletingService.java:call(138)) - Running DeletedBlockTransactionScanner
2019-06-14 09:09:32,734 DEBUG block.SCMBlockDeletingService (SCMBlockDeletingService.java:call(155)) - Scanned deleted blocks log and got 0 delTX to process.
2019-06-14 09:09:32,737 INFO  client.GrpcClientProtocolClient (GrpcClientProtocolClient.java:onNext(254)) - client-C0E347E82FC5->e6065258-5a2c-4a72-9f81-ed1321f551ca: receive RaftClientReply:client-C0E347E82FC5->e6065258-5a2c-4a72-9f81-ed1321f551ca@group-13364FE26125, cid=1083, SUCCESS, logIndex=1848, commits[e6065258-5a2c-4a72-9f81-ed1321f551ca:c1848]
2019-06-14 09:09:32,737 INFO  client.GrpcClientProtocolClient (GrpcClientProtocolClient.java:onNext(254)) - client-C0E347E82FC5->e6065258-5a2c-4a72-9f81-ed1321f551ca: receive RaftClientReply:client-C0E347E82FC5->e6065258-5a2c-4a72-9f81-ed1321f551ca@group-13364FE26125, cid=1084, SUCCESS, logIndex=1849, commits[e6065258-5a2c-4a72-9f81-ed1321f551ca:c1849]
2019-06-14 09:09:32,742 INFO  client.GrpcClientProtocolClient (GrpcClientProtocolClient.java:onNext(254)) - client-C0E347E82FC5->e6065258-5a2c-4a72-9f81-ed1321f551ca: receive RaftClientReply:client-C0E347E82FC5->e6065258-5a2c-4a72-9f81-ed1321f551ca@group-13364FE26125, cid=1085, SUCCESS, logIndex=1852, commits[e6065258-5a2c-4a72-9f81-ed1321f551ca:c1852]
2019-06-14 09:09:32,744 INFO  client.GrpcClientProtocolClient (GrpcClientProtocolClient.java:onNext(254)) - client-C0E347E82FC5->e6065258-5a2c-4a72-9f81-ed1321f551ca: receive RaftClientReply:client-C0E347E82FC5->e6065258-5a2c-4a72-9f81-ed1321f551ca@group-13364FE26125, cid=1086, SUCCESS, logIndex=1854, commits[e6065258-5a2c-4a72-9f81-ed1321f551ca:c1854]
2019-06-14 09:09:32,745 INFO  client.GrpcClientProtocolClient (GrpcClientProtocolClient.java:onNext(254)) - client-C0E347E82FC5->e6065258-5a2c-4a72-9f81-ed1321f551ca: receive RaftClientReply:client-C0E347E82FC5->e6065258-5a2c-4a72-9f81-ed1321f551ca@group-13364FE26125, cid=1087, SUCCESS, logIndex=1855, commits[e6065258-5a2c-4a72-9f81-ed1321f551ca:c1857]
2019-06-14 09:09:32,745 INFO  client.GrpcClientProtocolClient (GrpcClientProtocolClient.java:onNext(254)) - client-C0E347E82FC5->e6065258-5a2c-4a72-9f81-ed1321f551ca: receive RaftClientReply:client-C0E347E82FC5->e6065258-5a2c-4a72-9f81-ed1321f551ca@group-13364FE26125, cid=1088, SUCCESS, logIndex=1856, commits[e6065258-5a2c-4a72-9f81-ed1321f551ca:c1857]
2019-06-14 09:09:32,758 INFO  client.GrpcClientProtocolClient (GrpcClientProtocolClient.java:onNext(254)) - client-C0E347E82FC5->e6065258-5a2c-4a72-9f81-ed1321f551ca: receive RaftClientReply:client-C0E347E82FC5->e6065258-5a2c-4a72-9f81-ed1321f551ca@group-13364FE26125, cid=1089, SUCCESS, logIndex=1858, commits[e6065258-5a2c-4a72-9f81-ed1321f551ca:c1858]
2019-06-14 09:09:32,762 INFO  client.GrpcClientProtocolClient (GrpcClientProtocolClient.java:onNext(254)) - client-C0E347E82FC5->e6065258-5a2c-4a72-9f81-ed1321f551ca: receive RaftClientReply:client-C0E347E82FC5->e6065258-5a2c-4a72-9f81-ed1321f551ca@group-13364FE26125, cid=1090, SUCCESS, logIndex=1860, commits[e6065258-5a2c-4a72-9f81-ed1321f551ca:c1860]
2019-06-14 09:09:32,763 INFO  client.GrpcClientProtocolClient (GrpcClientProtocolClient.java:onNext(254)) - client-C0E347E82FC5->e6065258-5a2c-4a72-9f81-ed1321f551ca: receive RaftClientReply:client-C0E347E82FC5->e6065258-5a2c-4a72-9f81-ed1321f551ca@group-13364FE26125, cid=1091, SUCCESS, logIndex=1861, commits[e6065258-5a2c-4a72-9f81-ed1321f551ca:c1863]
2019-06-14 09:09:32,763 INFO  client.GrpcClientProtocolClient (GrpcClientProtocolClient.java:onNext(254)) - client-C0E347E82FC5->e6065258-5a2c-4a72-9f81-ed1321f551ca: receive RaftClientReply:client-C0E347E82FC5->e6065258-5a2c-4a72-9f81-ed1321f551ca@group-13364FE26125, cid=1092, SUCCESS, logIndex=1862, commits[e6065258-5a2c-4a72-9f81-ed1321f551ca:c1863]
2019-06-14 09:09:32,771 INFO  client.GrpcClientProtocolClient (GrpcClientProtocolClient.java:onNext(254)) - client-C0E347E82FC5->e6065258-5a2c-4a72-9f81-ed1321f551ca: receive RaftClientReply:client-C0E347E82FC5->e6065258-5a2c-4a72-9f81-ed1321f551ca@group-13364FE26125, cid=1093, SUCCESS, logIndex=1864, commits[e6065258-5a2c-4a72-9f81-ed1321f551ca:c1864]
2019-06-14 09:09:32,773 INFO  client.GrpcClientProtocolClient (GrpcClientProtocolClient.java:onNext(254)) - client-C0E347E82FC5->e6065258-5a2c-4a72-9f81-ed1321f551ca: receive RaftClientReply:client-C0E347E82FC5->e6065258-5a2c-4a72-9f81-ed1321f551ca@group-13364FE26125, cid=1094, SUCCESS, logIndex=1866, commits[e6065258-5a2c-4a72-9f81-ed1321f551ca:c1866]
2019-06-14 09:09:32,774 INFO  client.GrpcClientProtocolClient (GrpcClientProtocolClient.java:onNext(254)) - client-C0E347E82FC5->e6065258-5a2c-4a72-9f81-ed1321f551ca: receive RaftClientReply:client-C0E347E82FC5->e6065258-5a2c-4a72-9f81-ed1321f551ca@group-13364FE26125, cid=1095, SUCCESS, logIndex=1867, commits[e6065258-5a2c-4a72-9f81-ed1321f551ca:c1869]
2019-06-14 09:09:32,774 INFO  client.GrpcClientProtocolClient (GrpcClientProtocolClient.java:onNext(254)) - client-C0E347E82FC5->e6065258-5a2c-4a72-9f81-ed1321f551ca: receive RaftClientReply:client-C0E347E82FC5->e6065258-5a2c-4a72-9f81-ed1321f551ca@group-13364FE26125, cid=1096, SUCCESS, logIndex=1868, commits[e6065258-5a2c-4a72-9f81-ed1321f551ca:c1869]
2019-06-14 09:09:32,784 INFO  client.GrpcClientProtocolClient (GrpcClientProtocolClient.java:onNext(254)) - client-C0E347E82FC5->e6065258-5a2c-4a72-9f81-ed1321f551ca: receive RaftClientReply:client-C0E347E82FC5->e6065258-5a2c-4a72-9f81-ed1321f551ca@group-13364FE26125, cid=1097, SUCCESS, logIndex=1870, commits[e6065258-5a2c-4a72-9f81-ed1321f551ca:c1870]
2019-06-14 09:09:32,785 INFO  client.GrpcClientProtocolClient (GrpcClientProtocolClient.java:onNext(254)) - client-C0E347E82FC5->e6065258-5a2c-4a72-9f81-ed1321f551ca: receive RaftClientReply:client-C0E347E82FC5->e6065258-5a2c-4a72-9f81-ed1321f551ca@group-13364FE26125, cid=1098, SUCCESS, logIndex=1872, commits[e6065258-5a2c-4a72-9f81-ed1321f551ca:c1872]
2019-06-14 09:09:32,787 INFO  client.GrpcClientProtocolClient (GrpcClientProtocolClient.java:onNext(254)) - client-C0E347E82FC5->e6065258-5a2c-4a72-9f81-ed1321f551ca: receive RaftClientReply:client-C0E347E82FC5->e6065258-5a2c-4a72-9f81-ed1321f551ca@group-13364FE26125, cid=1099, SUCCESS, logIndex=1873, commits[e6065258-5a2c-4a72-9f81-ed1321f551ca:c1875]
2019-06-14 09:09:32,787 INFO  client.GrpcClientProtocolClient (GrpcClientProtocolClient.java:onNext(254)) - client-C0E347E82FC5->e6065258-5a2c-4a72-9f81-ed1321f551ca: receive RaftClientReply:client-C0E347E82FC5->e6065258-5a2c-4a72-9f81-ed1321f551ca@group-13364FE26125, cid=1100, SUCCESS, logIndex=1874, commits[e6065258-5a2c-4a72-9f81-ed1321f551ca:c1875]
2019-06-14 09:09:32,793 INFO  client.GrpcClientProtocolClient (GrpcClientProtocolClient.java:onNext(254)) - client-C0E347E82FC5->e6065258-5a2c-4a72-9f81-ed1321f551ca: receive RaftClientReply:client-C0E347E82FC5->e6065258-5a2c-4a72-9f81-ed1321f551ca@group-13364FE26125, cid=1101, SUCCESS, logIndex=1876, commits[e6065258-5a2c-4a72-9f81-ed1321f551ca:c1876]
2019-06-14 09:09:32,794 INFO  client.GrpcClientProtocolClient (GrpcClientProtocolClient.java:onNext(254)) - client-C0E347E82FC5->e6065258-5a2c-4a72-9f81-ed1321f551ca: receive RaftClientReply:client-C0E347E82FC5->e6065258-5a2c-4a72-9f81-ed1321f551ca@group-13364FE26125, cid=1102, SUCCESS, logIndex=1878, commits[e6065258-5a2c-4a72-9f81-ed1321f551ca:c1878]
2019-06-14 09:09:32,795 INFO  client.GrpcClientProtocolClient (GrpcClientProtocolClient.java:onNext(254)) - client-C0E347E82FC5->e6065258-5a2c-4a72-9f81-ed1321f551ca: receive RaftClientReply:client-C0E347E82FC5->e6065258-5a2c-4a72-9f81-ed1321f551ca@group-13364FE26125, cid=1103, SUCCESS, logIndex=1879, commits[e6065258-5a2c-4a72-9f81-ed1321f551ca:c1881]
2019-06-14 09:09:32,796 INFO  client.GrpcClientProtocolClient (GrpcClientProtocolClient.java:onNext(254)) - client-C0E347E82FC5->e6065258-5a2c-4a72-9f81-ed1321f551ca: receive RaftClientReply:client-C0E347E82FC5->e6065258-5a2c-4a72-9f81-ed1321f551ca@group-13364FE26125, cid=1104, SUCCESS, logIndex=1880, commits[e6065258-5a2c-4a72-9f81-ed1321f551ca:c1881]
2019-06-14 09:09:32,835 DEBUG block.SCMBlockDeletingService (SCMBlockDeletingService.java:call(138)) - Running DeletedBlockTransactionScanner
2019-06-14 09:09:32,835 DEBUG block.SCMBlockDeletingService (SCMBlockDeletingService.java:call(155)) - Scanned deleted blocks log and got 0 delTX to process.
2019-06-14 09:09:32,880 INFO  client.GrpcClientProtocolClient (GrpcClientProtocolClient.java:onNext(254)) - client-C0E347E82FC5->e6065258-5a2c-4a72-9f81-ed1321f551ca: receive RaftClientReply:client-C0E347E82FC5->e6065258-5a2c-4a72-9f81-ed1321f551ca@group-13364FE26125, cid=1105, SUCCESS, logIndex=1882, commits[e6065258-5a2c-4a72-9f81-ed1321f551ca:c1882]
2019-06-14 09:09:32,881 INFO  client.GrpcClientProtocolClient (GrpcClientProtocolClient.java:onNext(254)) - client-C0E347E82FC5->e6065258-5a2c-4a72-9f81-ed1321f551ca: receive RaftClientReply:client-C0E347E82FC5->e6065258-5a2c-4a72-9f81-ed1321f551ca@group-13364FE26125, cid=1106, SUCCESS, logIndex=1884, commits[e6065258-5a2c-4a72-9f81-ed1321f551ca:c1884]
2019-06-14 09:09:32,885 INFO  client.GrpcClientProtocolClient (GrpcClientProtocolClient.java:onNext(254)) - client-C0E347E82FC5->e6065258-5a2c-4a72-9f81-ed1321f551ca: receive RaftClientReply:client-C0E347E82FC5->e6065258-5a2c-4a72-9f81-ed1321f551ca@group-13364FE26125, cid=1107, SUCCESS, logIndex=1885, commits[e6065258-5a2c-4a72-9f81-ed1321f551ca:c1887]
2019-06-14 09:09:32,886 INFO  client.GrpcClientProtocolClient (GrpcClientProtocolClient.java:onNext(254)) - client-C0E347E82FC5->e6065258-5a2c-4a72-9f81-ed1321f551ca: receive RaftClientReply:client-C0E347E82FC5->e6065258-5a2c-4a72-9f81-ed1321f551ca@group-13364FE26125, cid=1108, SUCCESS, logIndex=1886, commits[e6065258-5a2c-4a72-9f81-ed1321f551ca:c1887]
2019-06-14 09:09:32,891 INFO  client.GrpcClientProtocolClient (GrpcClientProtocolClient.java:onNext(254)) - client-C0E347E82FC5->e6065258-5a2c-4a72-9f81-ed1321f551ca: receive RaftClientReply:client-C0E347E82FC5->e6065258-5a2c-4a72-9f81-ed1321f551ca@group-13364FE26125, cid=1109, SUCCESS, logIndex=1888, commits[e6065258-5a2c-4a72-9f81-ed1321f551ca:c1888]
2019-06-14 09:09:32,896 INFO  client.GrpcClientProtocolClient (GrpcClientProtocolClient.java:onNext(254)) - client-C0E347E82FC5->e6065258-5a2c-4a72-9f81-ed1321f551ca: receive RaftClientReply:client-C0E347E82FC5->e6065258-5a2c-4a72-9f81-ed1321f551ca@group-13364FE26125, cid=1110, SUCCESS, logIndex=1890, commits[e6065258-5a2c-4a72-9f81-ed1321f551ca:c1890]
2019-06-14 09:09:32,896 INFO  client.GrpcClientProtocolClient (GrpcClientProtocolClient.java:onNext(254)) - client-C0E347E82FC5->e6065258-5a2c-4a72-9f81-ed1321f551ca: receive RaftClientReply:client-C0E347E82FC5->e6065258-5a2c-4a72-9f81-ed1321f551ca@group-13364FE26125, cid=1111, SUCCESS, logIndex=1891, commits[e6065258-5a2c-4a72-9f81-ed1321f551ca:c1893]
2019-06-14 09:09:32,897 INFO  client.GrpcClientProtocolClient (GrpcClientProtocolClient.java:onNext(254)) - client-C0E347E82FC5->e6065258-5a2c-4a72-9f81-ed1321f551ca: receive RaftClientReply:client-C0E347E82FC5->e6065258-5a2c-4a72-9f81-ed1321f551ca@group-13364FE26125, cid=1112, SUCCESS, logIndex=1892, commits[e6065258-5a2c-4a72-9f81-ed1321f551ca:c1893]
2019-06-14 09:09:32,906 INFO  client.GrpcClientProtocolClient (GrpcClientProtocolClient.java:onNext(254)) - client-C0E347E82FC5->e6065258-5a2c-4a72-9f81-ed1321f551ca: receive RaftClientReply:client-C0E347E82FC5->e6065258-5a2c-4a72-9f81-ed1321f551ca@group-13364FE26125, cid=1113, SUCCESS, logIndex=1894, commits[e6065258-5a2c-4a72-9f81-ed1321f551ca:c1894]
2019-06-14 09:09:32,906 INFO  storage.RaftLogWorker (RaftLogWorker.java:rollLogSegment(303)) - e6065258-5a2c-4a72-9f81-ed1321f551ca-RaftLogWorker: Rolling segment log-1829_1896 to index:1896
2019-06-14 09:09:32,907 INFO  storage.RaftLogWorker (RaftLogWorker.java:execute(433)) - e6065258-5a2c-4a72-9f81-ed1321f551ca-RaftLogWorker: Rolled log segment from /opt/src/hadoop-ozone/integration-test/target/test-dir/MiniOzoneClusterImpl-a56da109-a1cb-4168-8966-62306f2f2d23/datanode-0/data/ratis/920138aa-6f47-4d6d-b5cc-13364fe26125/current/log_inprogress_1829 to /opt/src/hadoop-ozone/integration-test/target/test-dir/MiniOzoneClusterImpl-a56da109-a1cb-4168-8966-62306f2f2d23/datanode-0/data/ratis/920138aa-6f47-4d6d-b5cc-13364fe26125/current/log_1829-1896
2019-06-14 09:09:32,909 INFO  client.GrpcClientProtocolClient (GrpcClientProtocolClient.java:onNext(254)) - client-C0E347E82FC5->e6065258-5a2c-4a72-9f81-ed1321f551ca: receive RaftClientReply:client-C0E347E82FC5->e6065258-5a2c-4a72-9f81-ed1321f551ca@group-13364FE26125, cid=1114, SUCCESS, logIndex=1896, commits[e6065258-5a2c-4a72-9f81-ed1321f551ca:c1896]
2019-06-14 09:09:32,935 DEBUG block.SCMBlockDeletingService (SCMBlockDeletingService.java:call(138)) - Running DeletedBlockTransactionScanner
2019-06-14 09:09:32,941 DEBUG block.SCMBlockDeletingService (SCMBlockDeletingService.java:call(155)) - Scanned deleted blocks log and got 0 delTX to process.
2019-06-14 09:09:32,943 INFO  storage.RaftLogWorker (RaftLogWorker.java:execute(469)) - e6065258-5a2c-4a72-9f81-ed1321f551ca-RaftLogWorker: created new log segment /opt/src/hadoop-ozone/integration-test/target/test-dir/MiniOzoneClusterImpl-a56da109-a1cb-4168-8966-62306f2f2d23/datanode-0/data/ratis/920138aa-6f47-4d6d-b5cc-13364fe26125/current/log_inprogress_1897
2019-06-14 09:09:32,945 INFO  client.GrpcClientProtocolClient (GrpcClientProtocolClient.java:onNext(254)) - client-C0E347E82FC5->e6065258-5a2c-4a72-9f81-ed1321f551ca: receive RaftClientReply:client-C0E347E82FC5->e6065258-5a2c-4a72-9f81-ed1321f551ca@group-13364FE26125, cid=1115, SUCCESS, logIndex=1897, commits[e6065258-5a2c-4a72-9f81-ed1321f551ca:c1899]
2019-06-14 09:09:32,945 INFO  client.GrpcClientProtocolClient (GrpcClientProtocolClient.java:onNext(254)) - client-C0E347E82FC5->e6065258-5a2c-4a72-9f81-ed1321f551ca: receive RaftClientReply:client-C0E347E82FC5->e6065258-5a2c-4a72-9f81-ed1321f551ca@group-13364FE26125, cid=1116, SUCCESS, logIndex=1898, commits[e6065258-5a2c-4a72-9f81-ed1321f551ca:c1899]
2019-06-14 09:09:32,951 INFO  client.GrpcClientProtocolClient (GrpcClientProtocolClient.java:onNext(254)) - client-C0E347E82FC5->e6065258-5a2c-4a72-9f81-ed1321f551ca: receive RaftClientReply:client-C0E347E82FC5->e6065258-5a2c-4a72-9f81-ed1321f551ca@group-13364FE26125, cid=1117, SUCCESS, logIndex=1900, commits[e6065258-5a2c-4a72-9f81-ed1321f551ca:c1900]
2019-06-14 09:09:32,953 INFO  client.GrpcClientProtocolClient (GrpcClientProtocolClient.java:onNext(254)) - client-C0E347E82FC5->e6065258-5a2c-4a72-9f81-ed1321f551ca: receive RaftClientReply:client-C0E347E82FC5->e6065258-5a2c-4a72-9f81-ed1321f551ca@group-13364FE26125, cid=1118, SUCCESS, logIndex=1902, commits[e6065258-5a2c-4a72-9f81-ed1321f551ca:c1902]
2019-06-14 09:09:32,954 INFO  client.GrpcClientProtocolClient (GrpcClientProtocolClient.java:onNext(254)) - client-C0E347E82FC5->e6065258-5a2c-4a72-9f81-ed1321f551ca: receive RaftClientReply:client-C0E347E82FC5->e6065258-5a2c-4a72-9f81-ed1321f551ca@group-13364FE26125, cid=1119, SUCCESS, logIndex=1903, commits[e6065258-5a2c-4a72-9f81-ed1321f551ca:c1905]
2019-06-14 09:09:32,954 INFO  client.GrpcClientProtocolClient (GrpcClientProtocolClient.java:onNext(254)) - client-C0E347E82FC5->e6065258-5a2c-4a72-9f81-ed1321f551ca: receive RaftClientReply:client-C0E347E82FC5->e6065258-5a2c-4a72-9f81-ed1321f551ca@group-13364FE26125, cid=1120, SUCCESS, logIndex=1904, commits[e6065258-5a2c-4a72-9f81-ed1321f551ca:c1905]
2019-06-14 09:09:32,963 INFO  client.GrpcClientProtocolClient (GrpcClientProtocolClient.java:onNext(254)) - client-C0E347E82FC5->e6065258-5a2c-4a72-9f81-ed1321f551ca: receive RaftClientReply:client-C0E347E82FC5->e6065258-5a2c-4a72-9f81-ed1321f551ca@group-13364FE26125, cid=1121, SUCCESS, logIndex=1906, commits[e6065258-5a2c-4a72-9f81-ed1321f551ca:c1906]
2019-06-14 09:09:32,965 INFO  client.GrpcClientProtocolClient (GrpcClientProtocolClient.java:onNext(254)) - client-C0E347E82FC5->e6065258-5a2c-4a72-9f81-ed1321f551ca: receive RaftClientReply:client-C0E347E82FC5->e6065258-5a2c-4a72-9f81-ed1321f551ca@group-13364FE26125, cid=1122, SUCCESS, logIndex=1908, commits[e6065258-5a2c-4a72-9f81-ed1321f551ca:c1908]
2019-06-14 09:09:32,966 INFO  client.GrpcClientProtocolClient (GrpcClientProtocolClient.java:onNext(254)) - client-C0E347E82FC5->e6065258-5a2c-4a72-9f81-ed1321f551ca: receive RaftClientReply:client-C0E347E82FC5->e6065258-5a2c-4a72-9f81-ed1321f551ca@group-13364FE26125, cid=1123, SUCCESS, logIndex=1909, commits[e6065258-5a2c-4a72-9f81-ed1321f551ca:c1911]
2019-06-14 09:09:32,967 INFO  client.GrpcClientProtocolClient (GrpcClientProtocolClient.java:onNext(254)) - client-C0E347E82FC5->e6065258-5a2c-4a72-9f81-ed1321f551ca: receive RaftClientReply:client-C0E347E82FC5->e6065258-5a2c-4a72-9f81-ed1321f551ca@group-13364FE26125, cid=1124, SUCCESS, logIndex=1910, commits[e6065258-5a2c-4a72-9f81-ed1321f551ca:c1911]
2019-06-14 09:09:32,972 INFO  client.GrpcClientProtocolClient (GrpcClientProtocolClient.java:onNext(254)) - client-C0E347E82FC5->e6065258-5a2c-4a72-9f81-ed1321f551ca: receive RaftClientReply:client-C0E347E82FC5->e6065258-5a2c-4a72-9f81-ed1321f551ca@group-13364FE26125, cid=1125, SUCCESS, logIndex=1912, commits[e6065258-5a2c-4a72-9f81-ed1321f551ca:c1912]
2019-06-14 09:09:32,974 INFO  client.GrpcClientProtocolClient (GrpcClientProtocolClient.java:onNext(254)) - client-C0E347E82FC5->e6065258-5a2c-4a72-9f81-ed1321f551ca: receive RaftClientReply:client-C0E347E82FC5->e6065258-5a2c-4a72-9f81-ed1321f551ca@group-13364FE26125, cid=1126, SUCCESS, logIndex=1914, commits[e6065258-5a2c-4a72-9f81-ed1321f551ca:c1914]
2019-06-14 09:09:32,975 INFO  client.GrpcClientProtocolClient (GrpcClientProtocolClient.java:onNext(254)) - client-C0E347E82FC5->e6065258-5a2c-4a72-9f81-ed1321f551ca: receive RaftClientReply:client-C0E347E82FC5->e6065258-5a2c-4a72-9f81-ed1321f551ca@group-13364FE26125, cid=1127, SUCCESS, logIndex=1915, commits[e6065258-5a2c-4a72-9f81-ed1321f551ca:c1917]
2019-06-14 09:09:32,978 INFO  client.GrpcClientProtocolClient (GrpcClientProtocolClient.java:onNext(254)) - client-C0E347E82FC5->e6065258-5a2c-4a72-9f81-ed1321f551ca: receive RaftClientReply:client-C0E347E82FC5->e6065258-5a2c-4a72-9f81-ed1321f551ca@group-13364FE26125, cid=1128, SUCCESS, logIndex=1916, commits[e6065258-5a2c-4a72-9f81-ed1321f551ca:c1917]
2019-06-14 09:09:32,986 INFO  client.GrpcClientProtocolClient (GrpcClientProtocolClient.java:onNext(254)) - client-C0E347E82FC5->e6065258-5a2c-4a72-9f81-ed1321f551ca: receive RaftClientReply:client-C0E347E82FC5->e6065258-5a2c-4a72-9f81-ed1321f551ca@group-13364FE26125, cid=1129, SUCCESS, logIndex=1918, commits[e6065258-5a2c-4a72-9f81-ed1321f551ca:c1918]
2019-06-14 09:09:32,989 INFO  client.GrpcClientProtocolClient (GrpcClientProtocolClient.java:onNext(254)) - client-C0E347E82FC5->e6065258-5a2c-4a72-9f81-ed1321f551ca: receive RaftClientReply:client-C0E347E82FC5->e6065258-5a2c-4a72-9f81-ed1321f551ca@group-13364FE26125, cid=1130, SUCCESS, logIndex=1920, commits[e6065258-5a2c-4a72-9f81-ed1321f551ca:c1922]
2019-06-14 09:09:32,989 INFO  client.GrpcClientProtocolClient (GrpcClientProtocolClient.java:onNext(254)) - client-C0E347E82FC5->e6065258-5a2c-4a72-9f81-ed1321f551ca: receive RaftClientReply:client-C0E347E82FC5->e6065258-5a2c-4a72-9f81-ed1321f551ca@group-13364FE26125, cid=1131, SUCCESS, logIndex=1921, commits[e6065258-5a2c-4a72-9f81-ed1321f551ca:c1922]
2019-06-14 09:09:32,990 INFO  client.GrpcClientProtocolClient (GrpcClientProtocolClient.java:onNext(254)) - client-C0E347E82FC5->e6065258-5a2c-4a72-9f81-ed1321f551ca: receive RaftClientReply:client-C0E347E82FC5->e6065258-5a2c-4a72-9f81-ed1321f551ca@group-13364FE26125, cid=1132, SUCCESS, logIndex=1922, commits[e6065258-5a2c-4a72-9f81-ed1321f551ca:c1922]
2019-06-14 09:09:32,995 INFO  client.GrpcClientProtocolClient (GrpcClientProtocolClient.java:onNext(254)) - client-C0E347E82FC5->e6065258-5a2c-4a72-9f81-ed1321f551ca: receive RaftClientReply:client-C0E347E82FC5->e6065258-5a2c-4a72-9f81-ed1321f551ca@group-13364FE26125, cid=1133, SUCCESS, logIndex=1924, commits[e6065258-5a2c-4a72-9f81-ed1321f551ca:c1924]
2019-06-14 09:09:32,997 INFO  client.GrpcClientProtocolClient (GrpcClientProtocolClient.java:onNext(254)) - client-C0E347E82FC5->e6065258-5a2c-4a72-9f81-ed1321f551ca: receive RaftClientReply:client-C0E347E82FC5->e6065258-5a2c-4a72-9f81-ed1321f551ca@group-13364FE26125, cid=1134, SUCCESS, logIndex=1926, commits[e6065258-5a2c-4a72-9f81-ed1321f551ca:c1926]
2019-06-14 09:09:32,998 INFO  client.GrpcClientProtocolClient (GrpcClientProtocolClient.java:onNext(254)) - client-C0E347E82FC5->e6065258-5a2c-4a72-9f81-ed1321f551ca: receive RaftClientReply:client-C0E347E82FC5->e6065258-5a2c-4a72-9f81-ed1321f551ca@group-13364FE26125, cid=1135, SUCCESS, logIndex=1927, commits[e6065258-5a2c-4a72-9f81-ed1321f551ca:c1929]
2019-06-14 09:09:32,999 INFO  client.GrpcClientProtocolClient (GrpcClientProtocolClient.java:onNext(254)) - client-C0E347E82FC5->e6065258-5a2c-4a72-9f81-ed1321f551ca: receive RaftClientReply:client-C0E347E82FC5->e6065258-5a2c-4a72-9f81-ed1321f551ca@group-13364FE26125, cid=1136, SUCCESS, logIndex=1928, commits[e6065258-5a2c-4a72-9f81-ed1321f551ca:c1929]
2019-06-14 09:09:33,009 INFO  client.GrpcClientProtocolClient (GrpcClientProtocolClient.java:onNext(254)) - client-C0E347E82FC5->e6065258-5a2c-4a72-9f81-ed1321f551ca: receive RaftClientReply:client-C0E347E82FC5->e6065258-5a2c-4a72-9f81-ed1321f551ca@group-13364FE26125, cid=1137, SUCCESS, logIndex=1930, commits[e6065258-5a2c-4a72-9f81-ed1321f551ca:c1930]
2019-06-14 09:09:33,013 INFO  client.GrpcClientProtocolClient (GrpcClientProtocolClient.java:onNext(254)) - client-C0E347E82FC5->e6065258-5a2c-4a72-9f81-ed1321f551ca: receive RaftClientReply:client-C0E347E82FC5->e6065258-5a2c-4a72-9f81-ed1321f551ca@group-13364FE26125, cid=1138, SUCCESS, logIndex=1932, commits[e6065258-5a2c-4a72-9f81-ed1321f551ca:c1934]
2019-06-14 09:09:33,014 INFO  client.GrpcClientProtocolClient (GrpcClientProtocolClient.java:onNext(254)) - client-C0E347E82FC5->e6065258-5a2c-4a72-9f81-ed1321f551ca: receive RaftClientReply:client-C0E347E82FC5->e6065258-5a2c-4a72-9f81-ed1321f551ca@group-13364FE26125, cid=1139, SUCCESS, logIndex=1933, commits[e6065258-5a2c-4a72-9f81-ed1321f551ca:c1934]
2019-06-14 09:09:33,014 INFO  client.GrpcClientProtocolClient (GrpcClientProtocolClient.java:onNext(254)) - client-C0E347E82FC5->e6065258-5a2c-4a72-9f81-ed1321f551ca: receive RaftClientReply:client-C0E347E82FC5->e6065258-5a2c-4a72-9f81-ed1321f551ca@group-13364FE26125, cid=1140, SUCCESS, logIndex=1934, commits[e6065258-5a2c-4a72-9f81-ed1321f551ca:c1935]
2019-06-14 09:09:33,019 INFO  client.GrpcClientProtocolClient (GrpcClientProtocolClient.java:onNext(254)) - client-C0E347E82FC5->e6065258-5a2c-4a72-9f81-ed1321f551ca: receive RaftClientReply:client-C0E347E82FC5->e6065258-5a2c-4a72-9f81-ed1321f551ca@group-13364FE26125, cid=1141, SUCCESS, logIndex=1936, commits[e6065258-5a2c-4a72-9f81-ed1321f551ca:c1936]
2019-06-14 09:09:33,024 INFO  client.GrpcClientProtocolClient (GrpcClientProtocolClient.java:onNext(254)) - client-C0E347E82FC5->e6065258-5a2c-4a72-9f81-ed1321f551ca: receive RaftClientReply:client-C0E347E82FC5->e6065258-5a2c-4a72-9f81-ed1321f551ca@group-13364FE26125, cid=1142, SUCCESS, logIndex=1938, commits[e6065258-5a2c-4a72-9f81-ed1321f551ca:c1938]
2019-06-14 09:09:33,024 INFO  client.GrpcClientProtocolClient (GrpcClientProtocolClient.java:onNext(254)) - client-C0E347E82FC5->e6065258-5a2c-4a72-9f81-ed1321f551ca: receive RaftClientReply:client-C0E347E82FC5->e6065258-5a2c-4a72-9f81-ed1321f551ca@group-13364FE26125, cid=1143, SUCCESS, logIndex=1939, commits[e6065258-5a2c-4a72-9f81-ed1321f551ca:c1940]
2019-06-14 09:09:33,025 INFO  client.GrpcClientProtocolClient (GrpcClientProtocolClient.java:onNext(254)) - client-C0E347E82FC5->e6065258-5a2c-4a72-9f81-ed1321f551ca: receive RaftClientReply:client-C0E347E82FC5->e6065258-5a2c-4a72-9f81-ed1321f551ca@group-13364FE26125, cid=1144, SUCCESS, logIndex=1940, commits[e6065258-5a2c-4a72-9f81-ed1321f551ca:c1940]
2019-06-14 09:09:33,074 DEBUG block.SCMBlockDeletingService (SCMBlockDeletingService.java:call(138)) - Running DeletedBlockTransactionScanner
2019-06-14 09:09:33,074 DEBUG block.SCMBlockDeletingService (SCMBlockDeletingService.java:call(155)) - Scanned deleted blocks log and got 0 delTX to process.
2019-06-14 09:09:33,081 INFO  client.GrpcClientProtocolClient (GrpcClientProtocolClient.java:onNext(254)) - client-C0E347E82FC5->e6065258-5a2c-4a72-9f81-ed1321f551ca: receive RaftClientReply:client-C0E347E82FC5->e6065258-5a2c-4a72-9f81-ed1321f551ca@group-13364FE26125, cid=1145, SUCCESS, logIndex=1943, commits[e6065258-5a2c-4a72-9f81-ed1321f551ca:c1943]
2019-06-14 09:09:33,083 INFO  client.GrpcClientProtocolClient (GrpcClientProtocolClient.java:onNext(254)) - client-C0E347E82FC5->e6065258-5a2c-4a72-9f81-ed1321f551ca: receive RaftClientReply:client-C0E347E82FC5->e6065258-5a2c-4a72-9f81-ed1321f551ca@group-13364FE26125, cid=1146, SUCCESS, logIndex=1945, commits[e6065258-5a2c-4a72-9f81-ed1321f551ca:c1945]
2019-06-14 09:09:33,084 INFO  client.GrpcClientProtocolClient (GrpcClientProtocolClient.java:onNext(254)) - client-C0E347E82FC5->e6065258-5a2c-4a72-9f81-ed1321f551ca: receive RaftClientReply:client-C0E347E82FC5->e6065258-5a2c-4a72-9f81-ed1321f551ca@group-13364FE26125, cid=1147, SUCCESS, logIndex=1946, commits[e6065258-5a2c-4a72-9f81-ed1321f551ca:c1948]
2019-06-14 09:09:33,084 INFO  client.GrpcClientProtocolClient (GrpcClientProtocolClient.java:onNext(254)) - client-C0E347E82FC5->e6065258-5a2c-4a72-9f81-ed1321f551ca: receive RaftClientReply:client-C0E347E82FC5->e6065258-5a2c-4a72-9f81-ed1321f551ca@group-13364FE26125, cid=1148, SUCCESS, logIndex=1948, commits[e6065258-5a2c-4a72-9f81-ed1321f551ca:c1948]
2019-06-14 09:09:33,162 INFO  client.GrpcClientProtocolClient (GrpcClientProtocolClient.java:onNext(254)) - client-C0E347E82FC5->e6065258-5a2c-4a72-9f81-ed1321f551ca: receive RaftClientReply:client-C0E347E82FC5->e6065258-5a2c-4a72-9f81-ed1321f551ca@group-13364FE26125, cid=1149, SUCCESS, logIndex=1950, commits[e6065258-5a2c-4a72-9f81-ed1321f551ca:c1950]
2019-06-14 09:09:33,164 INFO  client.GrpcClientProtocolClient (GrpcClientProtocolClient.java:onNext(254)) - client-C0E347E82FC5->e6065258-5a2c-4a72-9f81-ed1321f551ca: receive RaftClientReply:client-C0E347E82FC5->e6065258-5a2c-4a72-9f81-ed1321f551ca@group-13364FE26125, cid=1150, SUCCESS, logIndex=1952, commits[e6065258-5a2c-4a72-9f81-ed1321f551ca:c1952]
2019-06-14 09:09:33,165 INFO  client.GrpcClientProtocolClient (GrpcClientProtocolClient.java:onNext(254)) - client-C0E347E82FC5->e6065258-5a2c-4a72-9f81-ed1321f551ca: receive RaftClientReply:client-C0E347E82FC5->e6065258-5a2c-4a72-9f81-ed1321f551ca@group-13364FE26125, cid=1151, SUCCESS, logIndex=1953, commits[e6065258-5a2c-4a72-9f81-ed1321f551ca:c1955]
2019-06-14 09:09:33,166 INFO  client.GrpcClientProtocolClient (GrpcClientProtocolClient.java:onNext(254)) - client-C0E347E82FC5->e6065258-5a2c-4a72-9f81-ed1321f551ca: receive RaftClientReply:client-C0E347E82FC5->e6065258-5a2c-4a72-9f81-ed1321f551ca@group-13364FE26125, cid=1152, SUCCESS, logIndex=1954, commits[e6065258-5a2c-4a72-9f81-ed1321f551ca:c1955]
2019-06-14 09:09:33,174 DEBUG block.SCMBlockDeletingService (SCMBlockDeletingService.java:call(138)) - Running DeletedBlockTransactionScanner
2019-06-14 09:09:33,175 DEBUG block.SCMBlockDeletingService (SCMBlockDeletingService.java:call(155)) - Scanned deleted blocks log and got 0 delTX to process.
2019-06-14 09:09:33,191 INFO  client.GrpcClientProtocolClient (GrpcClientProtocolClient.java:onNext(254)) - client-C0E347E82FC5->e6065258-5a2c-4a72-9f81-ed1321f551ca: receive RaftClientReply:client-C0E347E82FC5->e6065258-5a2c-4a72-9f81-ed1321f551ca@group-13364FE26125, cid=1153, SUCCESS, logIndex=1956, commits[e6065258-5a2c-4a72-9f81-ed1321f551ca:c1956]
2019-06-14 09:09:33,193 INFO  client.GrpcClientProtocolClient (GrpcClientProtocolClient.java:onNext(254)) - client-C0E347E82FC5->e6065258-5a2c-4a72-9f81-ed1321f551ca: receive RaftClientReply:client-C0E347E82FC5->e6065258-5a2c-4a72-9f81-ed1321f551ca@group-13364FE26125, cid=1154, SUCCESS, logIndex=1958, commits[e6065258-5a2c-4a72-9f81-ed1321f551ca:c1958]
2019-06-14 09:09:33,194 INFO  client.GrpcClientProtocolClient (GrpcClientProtocolClient.java:onNext(254)) - client-C0E347E82FC5->e6065258-5a2c-4a72-9f81-ed1321f551ca: receive RaftClientReply:client-C0E347E82FC5->e6065258-5a2c-4a72-9f81-ed1321f551ca@group-13364FE26125, cid=1155, SUCCESS, logIndex=1959, commits[e6065258-5a2c-4a72-9f81-ed1321f551ca:c1961]
2019-06-14 09:09:33,195 INFO  client.GrpcClientProtocolClient (GrpcClientProtocolClient.java:onNext(254)) - client-C0E347E82FC5->e6065258-5a2c-4a72-9f81-ed1321f551ca: receive RaftClientReply:client-C0E347E82FC5->e6065258-5a2c-4a72-9f81-ed1321f551ca@group-13364FE26125, cid=1156, SUCCESS, logIndex=1960, commits[e6065258-5a2c-4a72-9f81-ed1321f551ca:c1961]
2019-06-14 09:09:33,203 INFO  client.GrpcClientProtocolClient (GrpcClientProtocolClient.java:onNext(254)) - client-C0E347E82FC5->e6065258-5a2c-4a72-9f81-ed1321f551ca: receive RaftClientReply:client-C0E347E82FC5->e6065258-5a2c-4a72-9f81-ed1321f551ca@group-13364FE26125, cid=1157, SUCCESS, logIndex=1962, commits[e6065258-5a2c-4a72-9f81-ed1321f551ca:c1962]
2019-06-14 09:09:33,203 INFO  storage.RaftLogWorker (RaftLogWorker.java:rollLogSegment(303)) - e6065258-5a2c-4a72-9f81-ed1321f551ca-RaftLogWorker: Rolling segment log-1897_1963 to index:1963
2019-06-14 09:09:33,203 INFO  storage.RaftLogWorker (RaftLogWorker.java:execute(433)) - e6065258-5a2c-4a72-9f81-ed1321f551ca-RaftLogWorker: Rolled log segment from /opt/src/hadoop-ozone/integration-test/target/test-dir/MiniOzoneClusterImpl-a56da109-a1cb-4168-8966-62306f2f2d23/datanode-0/data/ratis/920138aa-6f47-4d6d-b5cc-13364fe26125/current/log_inprogress_1897 to /opt/src/hadoop-ozone/integration-test/target/test-dir/MiniOzoneClusterImpl-a56da109-a1cb-4168-8966-62306f2f2d23/datanode-0/data/ratis/920138aa-6f47-4d6d-b5cc-13364fe26125/current/log_1897-1963
2019-06-14 09:09:33,240 INFO  storage.RaftLogWorker (RaftLogWorker.java:execute(469)) - e6065258-5a2c-4a72-9f81-ed1321f551ca-RaftLogWorker: created new log segment /opt/src/hadoop-ozone/integration-test/target/test-dir/MiniOzoneClusterImpl-a56da109-a1cb-4168-8966-62306f2f2d23/datanode-0/data/ratis/920138aa-6f47-4d6d-b5cc-13364fe26125/current/log_inprogress_1964
2019-06-14 09:09:33,242 INFO  client.GrpcClientProtocolClient (GrpcClientProtocolClient.java:onNext(254)) - client-C0E347E82FC5->e6065258-5a2c-4a72-9f81-ed1321f551ca: receive RaftClientReply:client-C0E347E82FC5->e6065258-5a2c-4a72-9f81-ed1321f551ca@group-13364FE26125, cid=1158, SUCCESS, logIndex=1964, commits[e6065258-5a2c-4a72-9f81-ed1321f551ca:c1966]
2019-06-14 09:09:33,243 INFO  client.GrpcClientProtocolClient (GrpcClientProtocolClient.java:onNext(254)) - client-C0E347E82FC5->e6065258-5a2c-4a72-9f81-ed1321f551ca: receive RaftClientReply:client-C0E347E82FC5->e6065258-5a2c-4a72-9f81-ed1321f551ca@group-13364FE26125, cid=1159, SUCCESS, logIndex=1965, commits[e6065258-5a2c-4a72-9f81-ed1321f551ca:c1966]
2019-06-14 09:09:33,243 INFO  client.GrpcClientProtocolClient (GrpcClientProtocolClient.java:onNext(254)) - client-C0E347E82FC5->e6065258-5a2c-4a72-9f81-ed1321f551ca: receive RaftClientReply:client-C0E347E82FC5->e6065258-5a2c-4a72-9f81-ed1321f551ca@group-13364FE26125, cid=1160, SUCCESS, logIndex=1966, commits[e6065258-5a2c-4a72-9f81-ed1321f551ca:c1967]
2019-06-14 09:09:33,256 INFO  client.GrpcClientProtocolClient (GrpcClientProtocolClient.java:onNext(254)) - client-C0E347E82FC5->e6065258-5a2c-4a72-9f81-ed1321f551ca: receive RaftClientReply:client-C0E347E82FC5->e6065258-5a2c-4a72-9f81-ed1321f551ca@group-13364FE26125, cid=1161, SUCCESS, logIndex=1968, commits[e6065258-5a2c-4a72-9f81-ed1321f551ca:c1968]
2019-06-14 09:09:33,257 INFO  client.GrpcClientProtocolClient (GrpcClientProtocolClient.java:onNext(254)) - client-C0E347E82FC5->e6065258-5a2c-4a72-9f81-ed1321f551ca: receive RaftClientReply:client-C0E347E82FC5->e6065258-5a2c-4a72-9f81-ed1321f551ca@group-13364FE26125, cid=1162, SUCCESS, logIndex=1970, commits[e6065258-5a2c-4a72-9f81-ed1321f551ca:c1970]
2019-06-14 09:09:33,259 INFO  client.GrpcClientProtocolClient (GrpcClientProtocolClient.java:onNext(254)) - client-C0E347E82FC5->e6065258-5a2c-4a72-9f81-ed1321f551ca: receive RaftClientReply:client-C0E347E82FC5->e6065258-5a2c-4a72-9f81-ed1321f551ca@group-13364FE26125, cid=1163, SUCCESS, logIndex=1971, commits[e6065258-5a2c-4a72-9f81-ed1321f551ca:c1973]
2019-06-14 09:09:33,259 INFO  client.GrpcClientProtocolClient (GrpcClientProtocolClient.java:onNext(254)) - client-C0E347E82FC5->e6065258-5a2c-4a72-9f81-ed1321f551ca: receive RaftClientReply:client-C0E347E82FC5->e6065258-5a2c-4a72-9f81-ed1321f551ca@group-13364FE26125, cid=1164, SUCCESS, logIndex=1972, commits[e6065258-5a2c-4a72-9f81-ed1321f551ca:c1973]
2019-06-14 09:09:33,268 INFO  client.GrpcClientProtocolClient (GrpcClientProtocolClient.java:onNext(254)) - client-C0E347E82FC5->e6065258-5a2c-4a72-9f81-ed1321f551ca: receive RaftClientReply:client-C0E347E82FC5->e6065258-5a2c-4a72-9f81-ed1321f551ca@group-13364FE26125, cid=1165, SUCCESS, logIndex=1974, commits[e6065258-5a2c-4a72-9f81-ed1321f551ca:c1974]
2019-06-14 09:09:33,269 INFO  client.GrpcClientProtocolClient (GrpcClientProtocolClient.java:onNext(254)) - client-C0E347E82FC5->e6065258-5a2c-4a72-9f81-ed1321f551ca: receive RaftClientReply:client-C0E347E82FC5->e6065258-5a2c-4a72-9f81-ed1321f551ca@group-13364FE26125, cid=1166, SUCCESS, logIndex=1976, commits[e6065258-5a2c-4a72-9f81-ed1321f551ca:c1976]
2019-06-14 09:09:33,271 INFO  client.GrpcClientProtocolClient (GrpcClientProtocolClient.java:onNext(254)) - client-C0E347E82FC5->e6065258-5a2c-4a72-9f81-ed1321f551ca: receive RaftClientReply:client-C0E347E82FC5->e6065258-5a2c-4a72-9f81-ed1321f551ca@group-13364FE26125, cid=1167, SUCCESS, logIndex=1977, commits[e6065258-5a2c-4a72-9f81-ed1321f551ca:c1979]
2019-06-14 09:09:33,271 INFO  client.GrpcClientProtocolClient (GrpcClientProtocolClient.java:onNext(254)) - client-C0E347E82FC5->e6065258-5a2c-4a72-9f81-ed1321f551ca: receive RaftClientReply:client-C0E347E82FC5->e6065258-5a2c-4a72-9f81-ed1321f551ca@group-13364FE26125, cid=1168, SUCCESS, logIndex=1978, commits[e6065258-5a2c-4a72-9f81-ed1321f551ca:c1979]
2019-06-14 09:09:33,275 DEBUG block.SCMBlockDeletingService (SCMBlockDeletingService.java:call(138)) - Running DeletedBlockTransactionScanner
2019-06-14 09:09:33,275 DEBUG block.SCMBlockDeletingService (SCMBlockDeletingService.java:call(155)) - Scanned deleted blocks log and got 0 delTX to process.
2019-06-14 09:09:33,281 INFO  client.GrpcClientProtocolClient (GrpcClientProtocolClient.java:onNext(254)) - client-C0E347E82FC5->e6065258-5a2c-4a72-9f81-ed1321f551ca: receive RaftClientReply:client-C0E347E82FC5->e6065258-5a2c-4a72-9f81-ed1321f551ca@group-13364FE26125, cid=1169, SUCCESS, logIndex=1980, commits[e6065258-5a2c-4a72-9f81-ed1321f551ca:c1980]
2019-06-14 09:09:33,282 INFO  client.GrpcClientProtocolClient (GrpcClientProtocolClient.java:onNext(254)) - client-C0E347E82FC5->e6065258-5a2c-4a72-9f81-ed1321f551ca: receive RaftClientReply:client-C0E347E82FC5->e6065258-5a2c-4a72-9f81-ed1321f551ca@group-13364FE26125, cid=1170, SUCCESS, logIndex=1982, commits[e6065258-5a2c-4a72-9f81-ed1321f551ca:c1982]
2019-06-14 09:09:33,284 INFO  client.GrpcClientProtocolClient (GrpcClientProtocolClient.java:onNext(254)) - client-C0E347E82FC5->e6065258-5a2c-4a72-9f81-ed1321f551ca: receive RaftClientReply:client-C0E347E82FC5->e6065258-5a2c-4a72-9f81-ed1321f551ca@group-13364FE26125, cid=1171, SUCCESS, logIndex=1983, commits[e6065258-5a2c-4a72-9f81-ed1321f551ca:c1985]
2019-06-14 09:09:33,284 INFO  client.GrpcClientProtocolClient (GrpcClientProtocolClient.java:onNext(254)) - client-C0E347E82FC5->e6065258-5a2c-4a72-9f81-ed1321f551ca: receive RaftClientReply:client-C0E347E82FC5->e6065258-5a2c-4a72-9f81-ed1321f551ca@group-13364FE26125, cid=1172, SUCCESS, logIndex=1985, commits[e6065258-5a2c-4a72-9f81-ed1321f551ca:c1985]
2019-06-14 09:09:33,290 INFO  client.GrpcClientProtocolClient (GrpcClientProtocolClient.java:onNext(254)) - client-C0E347E82FC5->e6065258-5a2c-4a72-9f81-ed1321f551ca: receive RaftClientReply:client-C0E347E82FC5->e6065258-5a2c-4a72-9f81-ed1321f551ca@group-13364FE26125, cid=1173, SUCCESS, logIndex=1987, commits[e6065258-5a2c-4a72-9f81-ed1321f551ca:c1987]
2019-06-14 09:09:33,291 INFO  client.GrpcClientProtocolClient (GrpcClientProtocolClient.java:onNext(254)) - client-C0E347E82FC5->e6065258-5a2c-4a72-9f81-ed1321f551ca: receive RaftClientReply:client-C0E347E82FC5->e6065258-5a2c-4a72-9f81-ed1321f551ca@group-13364FE26125, cid=1174, SUCCESS, logIndex=1989, commits[e6065258-5a2c-4a72-9f81-ed1321f551ca:c1989]
2019-06-14 09:09:33,293 INFO  client.GrpcClientProtocolClient (GrpcClientProtocolClient.java:onNext(254)) - client-C0E347E82FC5->e6065258-5a2c-4a72-9f81-ed1321f551ca: receive RaftClientReply:client-C0E347E82FC5->e6065258-5a2c-4a72-9f81-ed1321f551ca@group-13364FE26125, cid=1175, SUCCESS, logIndex=1991, commits[e6065258-5a2c-4a72-9f81-ed1321f551ca:c1992]
2019-06-14 09:09:33,293 INFO  client.GrpcClientProtocolClient (GrpcClientProtocolClient.java:onNext(254)) - client-C0E347E82FC5->e6065258-5a2c-4a72-9f81-ed1321f551ca: receive RaftClientReply:client-C0E347E82FC5->e6065258-5a2c-4a72-9f81-ed1321f551ca@group-13364FE26125, cid=1176, SUCCESS, logIndex=1992, commits[e6065258-5a2c-4a72-9f81-ed1321f551ca:c1992]
2019-06-14 09:09:33,303 INFO  client.GrpcClientProtocolClient (GrpcClientProtocolClient.java:onNext(254)) - client-C0E347E82FC5->e6065258-5a2c-4a72-9f81-ed1321f551ca: receive RaftClientReply:client-C0E347E82FC5->e6065258-5a2c-4a72-9f81-ed1321f551ca@group-13364FE26125, cid=1177, SUCCESS, logIndex=1994, commits[e6065258-5a2c-4a72-9f81-ed1321f551ca:c1994]
2019-06-14 09:09:33,304 INFO  client.GrpcClientProtocolClient (GrpcClientProtocolClient.java:onNext(254)) - client-C0E347E82FC5->e6065258-5a2c-4a72-9f81-ed1321f551ca: receive RaftClientReply:client-C0E347E82FC5->e6065258-5a2c-4a72-9f81-ed1321f551ca@group-13364FE26125, cid=1178, SUCCESS, logIndex=1996, commits[e6065258-5a2c-4a72-9f81-ed1321f551ca:c1996]
2019-06-14 09:09:33,305 INFO  client.GrpcClientProtocolClient (GrpcClientProtocolClient.java:onNext(254)) - client-C0E347E82FC5->e6065258-5a2c-4a72-9f81-ed1321f551ca: receive RaftClientReply:client-C0E347E82FC5->e6065258-5a2c-4a72-9f81-ed1321f551ca@group-13364FE26125, cid=1179, SUCCESS, logIndex=1997, commits[e6065258-5a2c-4a72-9f81-ed1321f551ca:c1999]
2019-06-14 09:09:33,305 INFO  client.GrpcClientProtocolClient (GrpcClientProtocolClient.java:onNext(254)) - client-C0E347E82FC5->e6065258-5a2c-4a72-9f81-ed1321f551ca: receive RaftClientReply:client-C0E347E82FC5->e6065258-5a2c-4a72-9f81-ed1321f551ca@group-13364FE26125, cid=1180, SUCCESS, logIndex=1998, commits[e6065258-5a2c-4a72-9f81-ed1321f551ca:c1999]
2019-06-14 09:09:33,311 INFO  client.GrpcClientProtocolClient (GrpcClientProtocolClient.java:onNext(254)) - client-C0E347E82FC5->e6065258-5a2c-4a72-9f81-ed1321f551ca: receive RaftClientReply:client-C0E347E82FC5->e6065258-5a2c-4a72-9f81-ed1321f551ca@group-13364FE26125, cid=1181, SUCCESS, logIndex=2000, commits[e6065258-5a2c-4a72-9f81-ed1321f551ca:c2000]
2019-06-14 09:09:33,313 INFO  client.GrpcClientProtocolClient (GrpcClientProtocolClient.java:onNext(254)) - client-C0E347E82FC5->e6065258-5a2c-4a72-9f81-ed1321f551ca: receive RaftClientReply:client-C0E347E82FC5->e6065258-5a2c-4a72-9f81-ed1321f551ca@group-13364FE26125, cid=1182, SUCCESS, logIndex=2002, commits[e6065258-5a2c-4a72-9f81-ed1321f551ca:c2002]
2019-06-14 09:09:33,314 INFO  client.GrpcClientProtocolClient (GrpcClientProtocolClient.java:onNext(254)) - client-C0E347E82FC5->e6065258-5a2c-4a72-9f81-ed1321f551ca: receive RaftClientReply:client-C0E347E82FC5->e6065258-5a2c-4a72-9f81-ed1321f551ca@group-13364FE26125, cid=1183, SUCCESS, logIndex=2003, commits[e6065258-5a2c-4a72-9f81-ed1321f551ca:c2005]
2019-06-14 09:09:33,317 INFO  client.GrpcClientProtocolClient (GrpcClientProtocolClient.java:onNext(254)) - client-C0E347E82FC5->e6065258-5a2c-4a72-9f81-ed1321f551ca: receive RaftClientReply:client-C0E347E82FC5->e6065258-5a2c-4a72-9f81-ed1321f551ca@group-13364FE26125, cid=1184, SUCCESS, logIndex=2004, commits[e6065258-5a2c-4a72-9f81-ed1321f551ca:c2005]
2019-06-14 09:09:33,326 INFO  client.GrpcClientProtocolClient (GrpcClientProtocolClient.java:onNext(254)) - client-C0E347E82FC5->e6065258-5a2c-4a72-9f81-ed1321f551ca: receive RaftClientReply:client-C0E347E82FC5->e6065258-5a2c-4a72-9f81-ed1321f551ca@group-13364FE26125, cid=1185, SUCCESS, logIndex=2006, commits[e6065258-5a2c-4a72-9f81-ed1321f551ca:c2006]
2019-06-14 09:09:33,328 INFO  client.GrpcClientProtocolClient (GrpcClientProtocolClient.java:onNext(254)) - client-C0E347E82FC5->e6065258-5a2c-4a72-9f81-ed1321f551ca: receive RaftClientReply:client-C0E347E82FC5->e6065258-5a2c-4a72-9f81-ed1321f551ca@group-13364FE26125, cid=1186, SUCCESS, logIndex=2008, commits[e6065258-5a2c-4a72-9f81-ed1321f551ca:c2008]
2019-06-14 09:09:33,329 INFO  client.GrpcClientProtocolClient (GrpcClientProtocolClient.java:onNext(254)) - client-C0E347E82FC5->e6065258-5a2c-4a72-9f81-ed1321f551ca: receive RaftClientReply:client-C0E347E82FC5->e6065258-5a2c-4a72-9f81-ed1321f551ca@group-13364FE26125, cid=1187, SUCCESS, logIndex=2009, commits[e6065258-5a2c-4a72-9f81-ed1321f551ca:c2010]
2019-06-14 09:09:33,330 INFO  client.GrpcClientProtocolClient (GrpcClientProtocolClient.java:onNext(254)) - client-C0E347E82FC5->e6065258-5a2c-4a72-9f81-ed1321f551ca: receive RaftClientReply:client-C0E347E82FC5->e6065258-5a2c-4a72-9f81-ed1321f551ca@group-13364FE26125, cid=1188, SUCCESS, logIndex=2010, commits[e6065258-5a2c-4a72-9f81-ed1321f551ca:c2010]
2019-06-14 09:09:33,336 INFO  client.GrpcClientProtocolClient (GrpcClientProtocolClient.java:onNext(254)) - client-C0E347E82FC5->e6065258-5a2c-4a72-9f81-ed1321f551ca: receive RaftClientReply:client-C0E347E82FC5->e6065258-5a2c-4a72-9f81-ed1321f551ca@group-13364FE26125, cid=1189, SUCCESS, logIndex=2013, commits[e6065258-5a2c-4a72-9f81-ed1321f551ca:c2013]
2019-06-14 09:09:33,338 INFO  client.GrpcClientProtocolClient (GrpcClientProtocolClient.java:onNext(254)) - client-C0E347E82FC5->e6065258-5a2c-4a72-9f81-ed1321f551ca: receive RaftClientReply:client-C0E347E82FC5->e6065258-5a2c-4a72-9f81-ed1321f551ca@group-13364FE26125, cid=1190, SUCCESS, logIndex=2015, commits[e6065258-5a2c-4a72-9f81-ed1321f551ca:c2015]
2019-06-14 09:09:33,339 INFO  client.GrpcClientProtocolClient (GrpcClientProtocolClient.java:onNext(254)) - client-C0E347E82FC5->e6065258-5a2c-4a72-9f81-ed1321f551ca: receive RaftClientReply:client-C0E347E82FC5->e6065258-5a2c-4a72-9f81-ed1321f551ca@group-13364FE26125, cid=1191, SUCCESS, logIndex=2016, commits[e6065258-5a2c-4a72-9f81-ed1321f551ca:c2018]
2019-06-14 09:09:33,339 INFO  client.GrpcClientProtocolClient (GrpcClientProtocolClient.java:onNext(254)) - client-C0E347E82FC5->e6065258-5a2c-4a72-9f81-ed1321f551ca: receive RaftClientReply:client-C0E347E82FC5->e6065258-5a2c-4a72-9f81-ed1321f551ca@group-13364FE26125, cid=1192, SUCCESS, logIndex=2017, commits[e6065258-5a2c-4a72-9f81-ed1321f551ca:c2018]
2019-06-14 09:09:33,375 DEBUG block.SCMBlockDeletingService (SCMBlockDeletingService.java:call(138)) - Running DeletedBlockTransactionScanner
2019-06-14 09:09:33,375 DEBUG block.SCMBlockDeletingService (SCMBlockDeletingService.java:call(155)) - Scanned deleted blocks log and got 0 delTX to process.
2019-06-14 09:09:33,416 INFO  client.GrpcClientProtocolClient (GrpcClientProtocolClient.java:onNext(254)) - client-C0E347E82FC5->e6065258-5a2c-4a72-9f81-ed1321f551ca: receive RaftClientReply:client-C0E347E82FC5->e6065258-5a2c-4a72-9f81-ed1321f551ca@group-13364FE26125, cid=1193, SUCCESS, logIndex=2019, commits[e6065258-5a2c-4a72-9f81-ed1321f551ca:c2019]
2019-06-14 09:09:33,417 INFO  client.GrpcClientProtocolClient (GrpcClientProtocolClient.java:onNext(254)) - client-C0E347E82FC5->e6065258-5a2c-4a72-9f81-ed1321f551ca: receive RaftClientReply:client-C0E347E82FC5->e6065258-5a2c-4a72-9f81-ed1321f551ca@group-13364FE26125, cid=1194, SUCCESS, logIndex=2021, commits[e6065258-5a2c-4a72-9f81-ed1321f551ca:c2021]
2019-06-14 09:09:33,418 INFO  client.GrpcClientProtocolClient (GrpcClientProtocolClient.java:onNext(254)) - client-C0E347E82FC5->e6065258-5a2c-4a72-9f81-ed1321f551ca: receive RaftClientReply:client-C0E347E82FC5->e6065258-5a2c-4a72-9f81-ed1321f551ca@group-13364FE26125, cid=1195, SUCCESS, logIndex=2022, commits[e6065258-5a2c-4a72-9f81-ed1321f551ca:c2024]
2019-06-14 09:09:33,419 INFO  client.GrpcClientProtocolClient (GrpcClientProtocolClient.java:onNext(254)) - client-C0E347E82FC5->e6065258-5a2c-4a72-9f81-ed1321f551ca: receive RaftClientReply:client-C0E347E82FC5->e6065258-5a2c-4a72-9f81-ed1321f551ca@group-13364FE26125, cid=1196, SUCCESS, logIndex=2023, commits[e6065258-5a2c-4a72-9f81-ed1321f551ca:c2024]
2019-06-14 09:09:33,425 INFO  client.GrpcClientProtocolClient (GrpcClientProtocolClient.java:onNext(254)) - client-C0E347E82FC5->e6065258-5a2c-4a72-9f81-ed1321f551ca: receive RaftClientReply:client-C0E347E82FC5->e6065258-5a2c-4a72-9f81-ed1321f551ca@group-13364FE26125, cid=1197, SUCCESS, logIndex=2025, commits[e6065258-5a2c-4a72-9f81-ed1321f551ca:c2025]
2019-06-14 09:09:33,426 INFO  client.GrpcClientProtocolClient (GrpcClientProtocolClient.java:onNext(254)) - client-C0E347E82FC5->e6065258-5a2c-4a72-9f81-ed1321f551ca: receive RaftClientReply:client-C0E347E82FC5->e6065258-5a2c-4a72-9f81-ed1321f551ca@group-13364FE26125, cid=1198, SUCCESS, logIndex=2027, commits[e6065258-5a2c-4a72-9f81-ed1321f551ca:c2027]
2019-06-14 09:09:33,427 INFO  client.GrpcClientProtocolClient (GrpcClientProtocolClient.java:onNext(254)) - client-C0E347E82FC5->e6065258-5a2c-4a72-9f81-ed1321f551ca: receive RaftClientReply:client-C0E347E82FC5->e6065258-5a2c-4a72-9f81-ed1321f551ca@group-13364FE26125, cid=1199, SUCCESS, logIndex=2028, commits[e6065258-5a2c-4a72-9f81-ed1321f551ca:c2030]
2019-06-14 09:09:33,428 INFO  client.GrpcClientProtocolClient (GrpcClientProtocolClient.java:onNext(254)) - client-C0E347E82FC5->e6065258-5a2c-4a72-9f81-ed1321f551ca: receive RaftClientReply:client-C0E347E82FC5->e6065258-5a2c-4a72-9f81-ed1321f551ca@group-13364FE26125, cid=1200, SUCCESS, logIndex=2029, commits[e6065258-5a2c-4a72-9f81-ed1321f551ca:c2030]
2019-06-14 09:09:33,435 INFO  storage.RaftLogWorker (RaftLogWorker.java:rollLogSegment(303)) - e6065258-5a2c-4a72-9f81-ed1321f551ca-RaftLogWorker: Rolling segment log-1964_2030 to index:2030
2019-06-14 09:09:33,435 INFO  storage.RaftLogWorker (RaftLogWorker.java:execute(433)) - e6065258-5a2c-4a72-9f81-ed1321f551ca-RaftLogWorker: Rolled log segment from /opt/src/hadoop-ozone/integration-test/target/test-dir/MiniOzoneClusterImpl-a56da109-a1cb-4168-8966-62306f2f2d23/datanode-0/data/ratis/920138aa-6f47-4d6d-b5cc-13364fe26125/current/log_inprogress_1964 to /opt/src/hadoop-ozone/integration-test/target/test-dir/MiniOzoneClusterImpl-a56da109-a1cb-4168-8966-62306f2f2d23/datanode-0/data/ratis/920138aa-6f47-4d6d-b5cc-13364fe26125/current/log_1964-2030
2019-06-14 09:09:33,476 DEBUG block.SCMBlockDeletingService (SCMBlockDeletingService.java:call(138)) - Running DeletedBlockTransactionScanner
2019-06-14 09:09:33,476 DEBUG block.SCMBlockDeletingService (SCMBlockDeletingService.java:call(155)) - Scanned deleted blocks log and got 0 delTX to process.
2019-06-14 09:09:33,478 INFO  storage.RaftLogWorker (RaftLogWorker.java:execute(469)) - e6065258-5a2c-4a72-9f81-ed1321f551ca-RaftLogWorker: created new log segment /opt/src/hadoop-ozone/integration-test/target/test-dir/MiniOzoneClusterImpl-a56da109-a1cb-4168-8966-62306f2f2d23/datanode-0/data/ratis/920138aa-6f47-4d6d-b5cc-13364fe26125/current/log_inprogress_2031
2019-06-14 09:09:33,480 INFO  client.GrpcClientProtocolClient (GrpcClientProtocolClient.java:onNext(254)) - client-C0E347E82FC5->e6065258-5a2c-4a72-9f81-ed1321f551ca: receive RaftClientReply:client-C0E347E82FC5->e6065258-5a2c-4a72-9f81-ed1321f551ca@group-13364FE26125, cid=1201, SUCCESS, logIndex=2031, commits[e6065258-5a2c-4a72-9f81-ed1321f551ca:c2031]
2019-06-14 09:09:33,482 INFO  client.GrpcClientProtocolClient (GrpcClientProtocolClient.java:onNext(254)) - client-C0E347E82FC5->e6065258-5a2c-4a72-9f81-ed1321f551ca: receive RaftClientReply:client-C0E347E82FC5->e6065258-5a2c-4a72-9f81-ed1321f551ca@group-13364FE26125, cid=1202, SUCCESS, logIndex=2033, commits[e6065258-5a2c-4a72-9f81-ed1321f551ca:c2033]
2019-06-14 09:09:33,483 INFO  client.GrpcClientProtocolClient (GrpcClientProtocolClient.java:onNext(254)) - client-C0E347E82FC5->e6065258-5a2c-4a72-9f81-ed1321f551ca: receive RaftClientReply:client-C0E347E82FC5->e6065258-5a2c-4a72-9f81-ed1321f551ca@group-13364FE26125, cid=1203, SUCCESS, logIndex=2034, commits[e6065258-5a2c-4a72-9f81-ed1321f551ca:c2036]
2019-06-14 09:09:33,483 INFO  client.GrpcClientProtocolClient (GrpcClientProtocolClient.java:onNext(254)) - client-C0E347E82FC5->e6065258-5a2c-4a72-9f81-ed1321f551ca: receive RaftClientReply:client-C0E347E82FC5->e6065258-5a2c-4a72-9f81-ed1321f551ca@group-13364FE26125, cid=1204, SUCCESS, logIndex=2036, commits[e6065258-5a2c-4a72-9f81-ed1321f551ca:c2036]
2019-06-14 09:09:33,489 INFO  client.GrpcClientProtocolClient (GrpcClientProtocolClient.java:onNext(254)) - client-C0E347E82FC5->e6065258-5a2c-4a72-9f81-ed1321f551ca: receive RaftClientReply:client-C0E347E82FC5->e6065258-5a2c-4a72-9f81-ed1321f551ca@group-13364FE26125, cid=1205, SUCCESS, logIndex=2038, commits[e6065258-5a2c-4a72-9f81-ed1321f551ca:c2038]
2019-06-14 09:09:33,490 INFO  client.GrpcClientProtocolClient (GrpcClientProtocolClient.java:onNext(254)) - client-C0E347E82FC5->e6065258-5a2c-4a72-9f81-ed1321f551ca: receive RaftClientReply:client-C0E347E82FC5->e6065258-5a2c-4a72-9f81-ed1321f551ca@group-13364FE26125, cid=1206, SUCCESS, logIndex=2040, commits[e6065258-5a2c-4a72-9f81-ed1321f551ca:c2040]
2019-06-14 09:09:33,492 INFO  client.GrpcClientProtocolClient (GrpcClientProtocolClient.java:onNext(254)) - client-C0E347E82FC5->e6065258-5a2c-4a72-9f81-ed1321f551ca: receive RaftClientReply:client-C0E347E82FC5->e6065258-5a2c-4a72-9f81-ed1321f551ca@group-13364FE26125, cid=1207, SUCCESS, logIndex=2042, commits[e6065258-5a2c-4a72-9f81-ed1321f551ca:c2043]
2019-06-14 09:09:33,493 INFO  client.GrpcClientProtocolClient (GrpcClientProtocolClient.java:onNext(254)) - client-C0E347E82FC5->e6065258-5a2c-4a72-9f81-ed1321f551ca: receive RaftClientReply:client-C0E347E82FC5->e6065258-5a2c-4a72-9f81-ed1321f551ca@group-13364FE26125, cid=1208, SUCCESS, logIndex=2043, commits[e6065258-5a2c-4a72-9f81-ed1321f551ca:c2043]
2019-06-14 09:09:33,502 INFO  client.GrpcClientProtocolClient (GrpcClientProtocolClient.java:onNext(254)) - client-C0E347E82FC5->e6065258-5a2c-4a72-9f81-ed1321f551ca: receive RaftClientReply:client-C0E347E82FC5->e6065258-5a2c-4a72-9f81-ed1321f551ca@group-13364FE26125, cid=1209, SUCCESS, logIndex=2045, commits[e6065258-5a2c-4a72-9f81-ed1321f551ca:c2045]
2019-06-14 09:09:33,504 INFO  client.GrpcClientProtocolClient (GrpcClientProtocolClient.java:onNext(254)) - client-C0E347E82FC5->e6065258-5a2c-4a72-9f81-ed1321f551ca: receive RaftClientReply:client-C0E347E82FC5->e6065258-5a2c-4a72-9f81-ed1321f551ca@group-13364FE26125, cid=1210, SUCCESS, logIndex=2047, commits[e6065258-5a2c-4a72-9f81-ed1321f551ca:c2047]
2019-06-14 09:09:33,505 INFO  client.GrpcClientProtocolClient (GrpcClientProtocolClient.java:onNext(254)) - client-C0E347E82FC5->e6065258-5a2c-4a72-9f81-ed1321f551ca: receive RaftClientReply:client-C0E347E82FC5->e6065258-5a2c-4a72-9f81-ed1321f551ca@group-13364FE26125, cid=1211, SUCCESS, logIndex=2048, commits[e6065258-5a2c-4a72-9f81-ed1321f551ca:c2049]
2019-06-14 09:09:33,505 INFO  client.GrpcClientProtocolClient (GrpcClientProtocolClient.java:onNext(254)) - client-C0E347E82FC5->e6065258-5a2c-4a72-9f81-ed1321f551ca: receive RaftClientReply:client-C0E347E82FC5->e6065258-5a2c-4a72-9f81-ed1321f551ca@group-13364FE26125, cid=1212, SUCCESS, logIndex=2049, commits[e6065258-5a2c-4a72-9f81-ed1321f551ca:c2050]
2019-06-14 09:09:33,510 INFO  client.GrpcClientProtocolClient (GrpcClientProtocolClient.java:onNext(254)) - client-C0E347E82FC5->e6065258-5a2c-4a72-9f81-ed1321f551ca: receive RaftClientReply:client-C0E347E82FC5->e6065258-5a2c-4a72-9f81-ed1321f551ca@group-13364FE26125, cid=1213, SUCCESS, logIndex=2052, commits[e6065258-5a2c-4a72-9f81-ed1321f551ca:c2052]
2019-06-14 09:09:33,512 INFO  client.GrpcClientProtocolClient (GrpcClientProtocolClient.java:onNext(254)) - client-C0E347E82FC5->e6065258-5a2c-4a72-9f81-ed1321f551ca: receive RaftClientReply:client-C0E347E82FC5->e6065258-5a2c-4a72-9f81-ed1321f551ca@group-13364FE26125, cid=1214, SUCCESS, logIndex=2054, commits[e6065258-5a2c-4a72-9f81-ed1321f551ca:c2054]
2019-06-14 09:09:33,513 INFO  client.GrpcClientProtocolClient (GrpcClientProtocolClient.java:onNext(254)) - client-C0E347E82FC5->e6065258-5a2c-4a72-9f81-ed1321f551ca: receive RaftClientReply:client-C0E347E82FC5->e6065258-5a2c-4a72-9f81-ed1321f551ca@group-13364FE26125, cid=1215, SUCCESS, logIndex=2055, commits[e6065258-5a2c-4a72-9f81-ed1321f551ca:c2057]
2019-06-14 09:09:33,514 INFO  client.GrpcClientProtocolClient (GrpcClientProtocolClient.java:onNext(254)) - client-C0E347E82FC5->e6065258-5a2c-4a72-9f81-ed1321f551ca: receive RaftClientReply:client-C0E347E82FC5->e6065258-5a2c-4a72-9f81-ed1321f551ca@group-13364FE26125, cid=1216, SUCCESS, logIndex=2056, commits[e6065258-5a2c-4a72-9f81-ed1321f551ca:c2057]
2019-06-14 09:09:33,718 DEBUG block.SCMBlockDeletingService (SCMBlockDeletingService.java:call(138)) - Running DeletedBlockTransactionScanner
2019-06-14 09:09:33,718 DEBUG block.SCMBlockDeletingService (SCMBlockDeletingService.java:call(155)) - Scanned deleted blocks log and got 0 delTX to process.
2019-06-14 09:09:33,736 INFO  client.GrpcClientProtocolClient (GrpcClientProtocolClient.java:onNext(254)) - client-C0E347E82FC5->e6065258-5a2c-4a72-9f81-ed1321f551ca: receive RaftClientReply:client-C0E347E82FC5->e6065258-5a2c-4a72-9f81-ed1321f551ca@group-13364FE26125, cid=1217, SUCCESS, logIndex=2058, commits[e6065258-5a2c-4a72-9f81-ed1321f551ca:c2058]
2019-06-14 09:09:33,738 INFO  client.GrpcClientProtocolClient (GrpcClientProtocolClient.java:onNext(254)) - client-C0E347E82FC5->e6065258-5a2c-4a72-9f81-ed1321f551ca: receive RaftClientReply:client-C0E347E82FC5->e6065258-5a2c-4a72-9f81-ed1321f551ca@group-13364FE26125, cid=1218, SUCCESS, logIndex=2060, commits[e6065258-5a2c-4a72-9f81-ed1321f551ca:c2060]
2019-06-14 09:09:33,739 INFO  client.GrpcClientProtocolClient (GrpcClientProtocolClient.java:onNext(254)) - client-C0E347E82FC5->e6065258-5a2c-4a72-9f81-ed1321f551ca: receive RaftClientReply:client-C0E347E82FC5->e6065258-5a2c-4a72-9f81-ed1321f551ca@group-13364FE26125, cid=1219, SUCCESS, logIndex=2061, commits[e6065258-5a2c-4a72-9f81-ed1321f551ca:c2062]
2019-06-14 09:09:33,739 INFO  client.GrpcClientProtocolClient (GrpcClientProtocolClient.java:onNext(254)) - client-C0E347E82FC5->e6065258-5a2c-4a72-9f81-ed1321f551ca: receive RaftClientReply:client-C0E347E82FC5->e6065258-5a2c-4a72-9f81-ed1321f551ca@group-13364FE26125, cid=1220, SUCCESS, logIndex=2062, commits[e6065258-5a2c-4a72-9f81-ed1321f551ca:c2062]
2019-06-14 09:09:33,746 INFO  client.GrpcClientProtocolClient (GrpcClientProtocolClient.java:onNext(254)) - client-C0E347E82FC5->e6065258-5a2c-4a72-9f81-ed1321f551ca: receive RaftClientReply:client-C0E347E82FC5->e6065258-5a2c-4a72-9f81-ed1321f551ca@group-13364FE26125, cid=1221, SUCCESS, logIndex=2065, commits[e6065258-5a2c-4a72-9f81-ed1321f551ca:c2065]
2019-06-14 09:09:33,748 INFO  client.GrpcClientProtocolClient (GrpcClientProtocolClient.java:onNext(254)) - client-C0E347E82FC5->e6065258-5a2c-4a72-9f81-ed1321f551ca: receive RaftClientReply:client-C0E347E82FC5->e6065258-5a2c-4a72-9f81-ed1321f551ca@group-13364FE26125, cid=1222, SUCCESS, logIndex=2067, commits[e6065258-5a2c-4a72-9f81-ed1321f551ca:c2067]
2019-06-14 09:09:33,749 INFO  client.GrpcClientProtocolClient (GrpcClientProtocolClient.java:onNext(254)) - client-C0E347E82FC5->e6065258-5a2c-4a72-9f81-ed1321f551ca: receive RaftClientReply:client-C0E347E82FC5->e6065258-5a2c-4a72-9f81-ed1321f551ca@group-13364FE26125, cid=1223, SUCCESS, logIndex=2068, commits[e6065258-5a2c-4a72-9f81-ed1321f551ca:c2069]
2019-06-14 09:09:33,750 INFO  client.GrpcClientProtocolClient (GrpcClientProtocolClient.java:onNext(254)) - client-C0E347E82FC5->e6065258-5a2c-4a72-9f81-ed1321f551ca: receive RaftClientReply:client-C0E347E82FC5->e6065258-5a2c-4a72-9f81-ed1321f551ca@group-13364FE26125, cid=1224, SUCCESS, logIndex=2069, commits[e6065258-5a2c-4a72-9f81-ed1321f551ca:c2069]
2019-06-14 09:09:33,759 INFO  client.GrpcClientProtocolClient (GrpcClientProtocolClient.java:onNext(254)) - client-C0E347E82FC5->e6065258-5a2c-4a72-9f81-ed1321f551ca: receive RaftClientReply:client-C0E347E82FC5->e6065258-5a2c-4a72-9f81-ed1321f551ca@group-13364FE26125, cid=1225, SUCCESS, logIndex=2072, commits[e6065258-5a2c-4a72-9f81-ed1321f551ca:c2072]
2019-06-14 09:09:33,761 INFO  client.GrpcClientProtocolClient (GrpcClientProtocolClient.java:onNext(254)) - client-C0E347E82FC5->e6065258-5a2c-4a72-9f81-ed1321f551ca: receive RaftClientReply:client-C0E347E82FC5->e6065258-5a2c-4a72-9f81-ed1321f551ca@group-13364FE26125, cid=1226, SUCCESS, logIndex=2074, commits[e6065258-5a2c-4a72-9f81-ed1321f551ca:c2074]
2019-06-14 09:09:33,762 INFO  client.GrpcClientProtocolClient (GrpcClientProtocolClient.java:onNext(254)) - client-C0E347E82FC5->e6065258-5a2c-4a72-9f81-ed1321f551ca: receive RaftClientReply:client-C0E347E82FC5->e6065258-5a2c-4a72-9f81-ed1321f551ca@group-13364FE26125, cid=1227, SUCCESS, logIndex=2075, commits[e6065258-5a2c-4a72-9f81-ed1321f551ca:c2077]
2019-06-14 09:09:33,762 INFO  client.GrpcClientProtocolClient (GrpcClientProtocolClient.java:onNext(254)) - client-C0E347E82FC5->e6065258-5a2c-4a72-9f81-ed1321f551ca: receive RaftClientReply:client-C0E347E82FC5->e6065258-5a2c-4a72-9f81-ed1321f551ca@group-13364FE26125, cid=1228, SUCCESS, logIndex=2076, commits[e6065258-5a2c-4a72-9f81-ed1321f551ca:c2077]
2019-06-14 09:09:33,767 INFO  client.GrpcClientProtocolClient (GrpcClientProtocolClient.java:onNext(254)) - client-C0E347E82FC5->e6065258-5a2c-4a72-9f81-ed1321f551ca: receive RaftClientReply:client-C0E347E82FC5->e6065258-5a2c-4a72-9f81-ed1321f551ca@group-13364FE26125, cid=1229, SUCCESS, logIndex=2078, commits[e6065258-5a2c-4a72-9f81-ed1321f551ca:c2078]
2019-06-14 09:09:33,770 INFO  client.GrpcClientProtocolClient (GrpcClientProtocolClient.java:onNext(254)) - client-C0E347E82FC5->e6065258-5a2c-4a72-9f81-ed1321f551ca: receive RaftClientReply:client-C0E347E82FC5->e6065258-5a2c-4a72-9f81-ed1321f551ca@group-13364FE26125, cid=1230, SUCCESS, logIndex=2080, commits[e6065258-5a2c-4a72-9f81-ed1321f551ca:c2080]
2019-06-14 09:09:33,770 INFO  client.GrpcClientProtocolClient (GrpcClientProtocolClient.java:onNext(254)) - client-C0E347E82FC5->e6065258-5a2c-4a72-9f81-ed1321f551ca: receive RaftClientReply:client-C0E347E82FC5->e6065258-5a2c-4a72-9f81-ed1321f551ca@group-13364FE26125, cid=1231, SUCCESS, logIndex=2081, commits[e6065258-5a2c-4a72-9f81-ed1321f551ca:c2082]
2019-06-14 09:09:33,771 INFO  client.GrpcClientProtocolClient (GrpcClientProtocolClient.java:onNext(254)) - client-C0E347E82FC5->e6065258-5a2c-4a72-9f81-ed1321f551ca: receive RaftClientReply:client-C0E347E82FC5->e6065258-5a2c-4a72-9f81-ed1321f551ca@group-13364FE26125, cid=1232, SUCCESS, logIndex=2082, commits[e6065258-5a2c-4a72-9f81-ed1321f551ca:c2082]
2019-06-14 09:09:33,781 INFO  client.GrpcClientProtocolClient (GrpcClientProtocolClient.java:onNext(254)) - client-C0E347E82FC5->e6065258-5a2c-4a72-9f81-ed1321f551ca: receive RaftClientReply:client-C0E347E82FC5->e6065258-5a2c-4a72-9f81-ed1321f551ca@group-13364FE26125, cid=1233, SUCCESS, logIndex=2085, commits[e6065258-5a2c-4a72-9f81-ed1321f551ca:c2085]
2019-06-14 09:09:33,783 INFO  client.GrpcClientProtocolClient (GrpcClientProtocolClient.java:onNext(254)) - client-C0E347E82FC5->e6065258-5a2c-4a72-9f81-ed1321f551ca: receive RaftClientReply:client-C0E347E82FC5->e6065258-5a2c-4a72-9f81-ed1321f551ca@group-13364FE26125, cid=1234, SUCCESS, logIndex=2087, commits[e6065258-5a2c-4a72-9f81-ed1321f551ca:c2087]
2019-06-14 09:09:33,784 INFO  client.GrpcClientProtocolClient (GrpcClientProtocolClient.java:onNext(254)) - client-C0E347E82FC5->e6065258-5a2c-4a72-9f81-ed1321f551ca: receive RaftClientReply:client-C0E347E82FC5->e6065258-5a2c-4a72-9f81-ed1321f551ca@group-13364FE26125, cid=1235, SUCCESS, logIndex=2088, commits[e6065258-5a2c-4a72-9f81-ed1321f551ca:c2090]
2019-06-14 09:09:33,784 INFO  client.GrpcClientProtocolClient (GrpcClientProtocolClient.java:onNext(254)) - client-C0E347E82FC5->e6065258-5a2c-4a72-9f81-ed1321f551ca: receive RaftClientReply:client-C0E347E82FC5->e6065258-5a2c-4a72-9f81-ed1321f551ca@group-13364FE26125, cid=1236, SUCCESS, logIndex=2089, commits[e6065258-5a2c-4a72-9f81-ed1321f551ca:c2090]
2019-06-14 09:09:33,819 DEBUG block.SCMBlockDeletingService (SCMBlockDeletingService.java:call(138)) - Running DeletedBlockTransactionScanner
2019-06-14 09:09:33,819 DEBUG block.SCMBlockDeletingService (SCMBlockDeletingService.java:call(155)) - Scanned deleted blocks log and got 0 delTX to process.
2019-06-14 09:09:33,867 INFO  client.GrpcClientProtocolClient (GrpcClientProtocolClient.java:onNext(254)) - client-C0E347E82FC5->e6065258-5a2c-4a72-9f81-ed1321f551ca: receive RaftClientReply:client-C0E347E82FC5->e6065258-5a2c-4a72-9f81-ed1321f551ca@group-13364FE26125, cid=1237, SUCCESS, logIndex=2091, commits[e6065258-5a2c-4a72-9f81-ed1321f551ca:c2091]
2019-06-14 09:09:33,869 INFO  client.GrpcClientProtocolClient (GrpcClientProtocolClient.java:onNext(254)) - client-C0E347E82FC5->e6065258-5a2c-4a72-9f81-ed1321f551ca: receive RaftClientReply:client-C0E347E82FC5->e6065258-5a2c-4a72-9f81-ed1321f551ca@group-13364FE26125, cid=1238, SUCCESS, logIndex=2093, commits[e6065258-5a2c-4a72-9f81-ed1321f551ca:c2093]
2019-06-14 09:09:33,870 INFO  client.GrpcClientProtocolClient (GrpcClientProtocolClient.java:onNext(254)) - client-C0E347E82FC5->e6065258-5a2c-4a72-9f81-ed1321f551ca: receive RaftClientReply:client-C0E347E82FC5->e6065258-5a2c-4a72-9f81-ed1321f551ca@group-13364FE26125, cid=1239, SUCCESS, logIndex=2094, commits[e6065258-5a2c-4a72-9f81-ed1321f551ca:c2096]
2019-06-14 09:09:33,870 INFO  client.GrpcClientProtocolClient (GrpcClientProtocolClient.java:onNext(254)) - client-C0E347E82FC5->e6065258-5a2c-4a72-9f81-ed1321f551ca: receive RaftClientReply:client-C0E347E82FC5->e6065258-5a2c-4a72-9f81-ed1321f551ca@group-13364FE26125, cid=1240, SUCCESS, logIndex=2095, commits[e6065258-5a2c-4a72-9f81-ed1321f551ca:c2096]
2019-06-14 09:09:33,879 INFO  client.GrpcClientProtocolClient (GrpcClientProtocolClient.java:onNext(254)) - client-C0E347E82FC5->e6065258-5a2c-4a72-9f81-ed1321f551ca: receive RaftClientReply:client-C0E347E82FC5->e6065258-5a2c-4a72-9f81-ed1321f551ca@group-13364FE26125, cid=1241, SUCCESS, logIndex=2097, commits[e6065258-5a2c-4a72-9f81-ed1321f551ca:c2097]
2019-06-14 09:09:33,881 INFO  client.GrpcClientProtocolClient (GrpcClientProtocolClient.java:onNext(254)) - client-C0E347E82FC5->e6065258-5a2c-4a72-9f81-ed1321f551ca: receive RaftClientReply:client-C0E347E82FC5->e6065258-5a2c-4a72-9f81-ed1321f551ca@group-13364FE26125, cid=1242, SUCCESS, logIndex=2099, commits[e6065258-5a2c-4a72-9f81-ed1321f551ca:c2099]
2019-06-14 09:09:33,882 INFO  client.GrpcClientProtocolClient (GrpcClientProtocolClient.java:onNext(254)) - client-C0E347E82FC5->e6065258-5a2c-4a72-9f81-ed1321f551ca: receive RaftClientReply:client-C0E347E82FC5->e6065258-5a2c-4a72-9f81-ed1321f551ca@group-13364FE26125, cid=1243, SUCCESS, logIndex=2100, commits[e6065258-5a2c-4a72-9f81-ed1321f551ca:c2102]
2019-06-14 09:09:33,883 INFO  client.GrpcClientProtocolClient (GrpcClientProtocolClient.java:onNext(254)) - client-C0E347E82FC5->e6065258-5a2c-4a72-9f81-ed1321f551ca: receive RaftClientReply:client-C0E347E82FC5->e6065258-5a2c-4a72-9f81-ed1321f551ca@group-13364FE26125, cid=1244, SUCCESS, logIndex=2101, commits[e6065258-5a2c-4a72-9f81-ed1321f551ca:c2102]
2019-06-14 09:09:33,886 INFO  storage.RaftLogWorker (RaftLogWorker.java:rollLogSegment(303)) - e6065258-5a2c-4a72-9f81-ed1321f551ca-RaftLogWorker: Rolling segment log-2031_2102 to index:2102
2019-06-14 09:09:33,886 INFO  storage.RaftLogWorker (RaftLogWorker.java:execute(433)) - e6065258-5a2c-4a72-9f81-ed1321f551ca-RaftLogWorker: Rolled log segment from /opt/src/hadoop-ozone/integration-test/target/test-dir/MiniOzoneClusterImpl-a56da109-a1cb-4168-8966-62306f2f2d23/datanode-0/data/ratis/920138aa-6f47-4d6d-b5cc-13364fe26125/current/log_inprogress_2031 to /opt/src/hadoop-ozone/integration-test/target/test-dir/MiniOzoneClusterImpl-a56da109-a1cb-4168-8966-62306f2f2d23/datanode-0/data/ratis/920138aa-6f47-4d6d-b5cc-13364fe26125/current/log_2031-2102
2019-06-14 09:09:33,919 DEBUG block.SCMBlockDeletingService (SCMBlockDeletingService.java:call(138)) - Running DeletedBlockTransactionScanner
2019-06-14 09:09:33,919 DEBUG block.SCMBlockDeletingService (SCMBlockDeletingService.java:call(155)) - Scanned deleted blocks log and got 0 delTX to process.
2019-06-14 09:09:33,922 INFO  storage.RaftLogWorker (RaftLogWorker.java:execute(469)) - e6065258-5a2c-4a72-9f81-ed1321f551ca-RaftLogWorker: created new log segment /opt/src/hadoop-ozone/integration-test/target/test-dir/MiniOzoneClusterImpl-a56da109-a1cb-4168-8966-62306f2f2d23/datanode-0/data/ratis/920138aa-6f47-4d6d-b5cc-13364fe26125/current/log_inprogress_2103
2019-06-14 09:09:33,924 INFO  client.GrpcClientProtocolClient (GrpcClientProtocolClient.java:onNext(254)) - client-C0E347E82FC5->e6065258-5a2c-4a72-9f81-ed1321f551ca: receive RaftClientReply:client-C0E347E82FC5->e6065258-5a2c-4a72-9f81-ed1321f551ca@group-13364FE26125, cid=1245, SUCCESS, logIndex=2103, commits[e6065258-5a2c-4a72-9f81-ed1321f551ca:c2103]
2019-06-14 09:09:33,925 INFO  client.GrpcClientProtocolClient (GrpcClientProtocolClient.java:onNext(254)) - client-C0E347E82FC5->e6065258-5a2c-4a72-9f81-ed1321f551ca: receive RaftClientReply:client-C0E347E82FC5->e6065258-5a2c-4a72-9f81-ed1321f551ca@group-13364FE26125, cid=1246, SUCCESS, logIndex=2105, commits[e6065258-5a2c-4a72-9f81-ed1321f551ca:c2105]
2019-06-14 09:09:33,927 INFO  client.GrpcClientProtocolClient (GrpcClientProtocolClient.java:onNext(254)) - client-C0E347E82FC5->e6065258-5a2c-4a72-9f81-ed1321f551ca: receive RaftClientReply:client-C0E347E82FC5->e6065258-5a2c-4a72-9f81-ed1321f551ca@group-13364FE26125, cid=1247, SUCCESS, logIndex=2106, commits[e6065258-5a2c-4a72-9f81-ed1321f551ca:c2108]
2019-06-14 09:09:33,927 INFO  client.GrpcClientProtocolClient (GrpcClientProtocolClient.java:onNext(254)) - client-C0E347E82FC5->e6065258-5a2c-4a72-9f81-ed1321f551ca: receive RaftClientReply:client-C0E347E82FC5->e6065258-5a2c-4a72-9f81-ed1321f551ca@group-13364FE26125, cid=1248, SUCCESS, logIndex=2108, commits[e6065258-5a2c-4a72-9f81-ed1321f551ca:c2108]
2019-06-14 09:09:33,936 INFO  client.GrpcClientProtocolClient (GrpcClientProtocolClient.java:onNext(254)) - client-C0E347E82FC5->e6065258-5a2c-4a72-9f81-ed1321f551ca: receive RaftClientReply:client-C0E347E82FC5->e6065258-5a2c-4a72-9f81-ed1321f551ca@group-13364FE26125, cid=1249, SUCCESS, logIndex=2110, commits[e6065258-5a2c-4a72-9f81-ed1321f551ca:c2110]
2019-06-14 09:09:33,937 INFO  client.GrpcClientProtocolClient (GrpcClientProtocolClient.java:onNext(254)) - client-C0E347E82FC5->e6065258-5a2c-4a72-9f81-ed1321f551ca: receive RaftClientReply:client-C0E347E82FC5->e6065258-5a2c-4a72-9f81-ed1321f551ca@group-13364FE26125, cid=1250, SUCCESS, logIndex=2112, commits[e6065258-5a2c-4a72-9f81-ed1321f551ca:c2112]
2019-06-14 09:09:33,939 INFO  client.GrpcClientProtocolClient (GrpcClientProtocolClient.java:onNext(254)) - client-C0E347E82FC5->e6065258-5a2c-4a72-9f81-ed1321f551ca: receive RaftClientReply:client-C0E347E82FC5->e6065258-5a2c-4a72-9f81-ed1321f551ca@group-13364FE26125, cid=1251, SUCCESS, logIndex=2113, commits[e6065258-5a2c-4a72-9f81-ed1321f551ca:c2115]
2019-06-14 09:09:33,939 INFO  client.GrpcClientProtocolClient (GrpcClientProtocolClient.java:onNext(254)) - client-C0E347E82FC5->e6065258-5a2c-4a72-9f81-ed1321f551ca: receive RaftClientReply:client-C0E347E82FC5->e6065258-5a2c-4a72-9f81-ed1321f551ca@group-13364FE26125, cid=1252, SUCCESS, logIndex=2114, commits[e6065258-5a2c-4a72-9f81-ed1321f551ca:c2115]
2019-06-14 09:09:33,944 INFO  client.GrpcClientProtocolClient (GrpcClientProtocolClient.java:onNext(254)) - client-C0E347E82FC5->e6065258-5a2c-4a72-9f81-ed1321f551ca: receive RaftClientReply:client-C0E347E82FC5->e6065258-5a2c-4a72-9f81-ed1321f551ca@group-13364FE26125, cid=1253, SUCCESS, logIndex=2116, commits[e6065258-5a2c-4a72-9f81-ed1321f551ca:c2116]
2019-06-14 09:09:33,945 INFO  client.GrpcClientProtocolClient (GrpcClientProtocolClient.java:onNext(254)) - client-C0E347E82FC5->e6065258-5a2c-4a72-9f81-ed1321f551ca: receive RaftClientReply:client-C0E347E82FC5->e6065258-5a2c-4a72-9f81-ed1321f551ca@group-13364FE26125, cid=1254, SUCCESS, logIndex=2118, commits[e6065258-5a2c-4a72-9f81-ed1321f551ca:c2118]
2019-06-14 09:09:33,949 INFO  client.GrpcClientProtocolClient (GrpcClientProtocolClient.java:onNext(254)) - client-C0E347E82FC5->e6065258-5a2c-4a72-9f81-ed1321f551ca: receive RaftClientReply:client-C0E347E82FC5->e6065258-5a2c-4a72-9f81-ed1321f551ca@group-13364FE26125, cid=1255, SUCCESS, logIndex=2120, commits[e6065258-5a2c-4a72-9f81-ed1321f551ca:c2121]
2019-06-14 09:09:33,950 INFO  client.GrpcClientProtocolClient (GrpcClientProtocolClient.java:onNext(254)) - client-C0E347E82FC5->e6065258-5a2c-4a72-9f81-ed1321f551ca: receive RaftClientReply:client-C0E347E82FC5->e6065258-5a2c-4a72-9f81-ed1321f551ca@group-13364FE26125, cid=1256, SUCCESS, logIndex=2121, commits[e6065258-5a2c-4a72-9f81-ed1321f551ca:c2121]
2019-06-14 09:09:33,959 INFO  client.GrpcClientProtocolClient (GrpcClientProtocolClient.java:onNext(254)) - client-C0E347E82FC5->e6065258-5a2c-4a72-9f81-ed1321f551ca: receive RaftClientReply:client-C0E347E82FC5->e6065258-5a2c-4a72-9f81-ed1321f551ca@group-13364FE26125, cid=1257, SUCCESS, logIndex=2123, commits[e6065258-5a2c-4a72-9f81-ed1321f551ca:c2123]
2019-06-14 09:09:33,961 INFO  client.GrpcClientProtocolClient (GrpcClientProtocolClient.java:onNext(254)) - client-C0E347E82FC5->e6065258-5a2c-4a72-9f81-ed1321f551ca: receive RaftClientReply:client-C0E347E82FC5->e6065258-5a2c-4a72-9f81-ed1321f551ca@group-13364FE26125, cid=1258, SUCCESS, logIndex=2125, commits[e6065258-5a2c-4a72-9f81-ed1321f551ca:c2125]
2019-06-14 09:09:33,962 INFO  client.GrpcClientProtocolClient (GrpcClientProtocolClient.java:onNext(254)) - client-C0E347E82FC5->e6065258-5a2c-4a72-9f81-ed1321f551ca: receive RaftClientReply:client-C0E347E82FC5->e6065258-5a2c-4a72-9f81-ed1321f551ca@group-13364FE26125, cid=1259, SUCCESS, logIndex=2126, commits[e6065258-5a2c-4a72-9f81-ed1321f551ca:c2128]
2019-06-14 09:09:33,962 INFO  client.GrpcClientProtocolClient (GrpcClientProtocolClient.java:onNext(254)) - client-C0E347E82FC5->e6065258-5a2c-4a72-9f81-ed1321f551ca: receive RaftClientReply:client-C0E347E82FC5->e6065258-5a2c-4a72-9f81-ed1321f551ca@group-13364FE26125, cid=1260, SUCCESS, logIndex=2127, commits[e6065258-5a2c-4a72-9f81-ed1321f551ca:c2128]
2019-06-14 09:09:33,968 INFO  client.GrpcClientProtocolClient (GrpcClientProtocolClient.java:onNext(254)) - client-C0E347E82FC5->e6065258-5a2c-4a72-9f81-ed1321f551ca: receive RaftClientReply:client-C0E347E82FC5->e6065258-5a2c-4a72-9f81-ed1321f551ca@group-13364FE26125, cid=1261, SUCCESS, logIndex=2129, commits[e6065258-5a2c-4a72-9f81-ed1321f551ca:c2129]
2019-06-14 09:09:33,970 INFO  client.GrpcClientProtocolClient (GrpcClientProtocolClient.java:onNext(254)) - client-C0E347E82FC5->e6065258-5a2c-4a72-9f81-ed1321f551ca: receive RaftClientReply:client-C0E347E82FC5->e6065258-5a2c-4a72-9f81-ed1321f551ca@group-13364FE26125, cid=1262, SUCCESS, logIndex=2131, commits[e6065258-5a2c-4a72-9f81-ed1321f551ca:c2131]
2019-06-14 09:09:33,970 INFO  client.GrpcClientProtocolClient (GrpcClientProtocolClient.java:onNext(254)) - client-C0E347E82FC5->e6065258-5a2c-4a72-9f81-ed1321f551ca: receive RaftClientReply:client-C0E347E82FC5->e6065258-5a2c-4a72-9f81-ed1321f551ca@group-13364FE26125, cid=1263, SUCCESS, logIndex=2132, commits[e6065258-5a2c-4a72-9f81-ed1321f551ca:c2133]
2019-06-14 09:09:33,971 INFO  client.GrpcClientProtocolClient (GrpcClientProtocolClient.java:onNext(254)) - client-C0E347E82FC5->e6065258-5a2c-4a72-9f81-ed1321f551ca: receive RaftClientReply:client-C0E347E82FC5->e6065258-5a2c-4a72-9f81-ed1321f551ca@group-13364FE26125, cid=1264, SUCCESS, logIndex=2133, commits[e6065258-5a2c-4a72-9f81-ed1321f551ca:c2133]
2019-06-14 09:09:33,981 INFO  client.GrpcClientProtocolClient (GrpcClientProtocolClient.java:onNext(254)) - client-C0E347E82FC5->e6065258-5a2c-4a72-9f81-ed1321f551ca: receive RaftClientReply:client-C0E347E82FC5->e6065258-5a2c-4a72-9f81-ed1321f551ca@group-13364FE26125, cid=1265, SUCCESS, logIndex=2136, commits[e6065258-5a2c-4a72-9f81-ed1321f551ca:c2136]
2019-06-14 09:09:33,983 INFO  client.GrpcClientProtocolClient (GrpcClientProtocolClient.java:onNext(254)) - client-C0E347E82FC5->e6065258-5a2c-4a72-9f81-ed1321f551ca: receive RaftClientReply:client-C0E347E82FC5->e6065258-5a2c-4a72-9f81-ed1321f551ca@group-13364FE26125, cid=1266, SUCCESS, logIndex=2138, commits[e6065258-5a2c-4a72-9f81-ed1321f551ca:c2138]
2019-06-14 09:09:33,984 INFO  client.GrpcClientProtocolClient (GrpcClientProtocolClient.java:onNext(254)) - client-C0E347E82FC5->e6065258-5a2c-4a72-9f81-ed1321f551ca: receive RaftClientReply:client-C0E347E82FC5->e6065258-5a2c-4a72-9f81-ed1321f551ca@group-13364FE26125, cid=1267, SUCCESS, logIndex=2139, commits[e6065258-5a2c-4a72-9f81-ed1321f551ca:c2141]
2019-06-14 09:09:33,984 INFO  client.GrpcClientProtocolClient (GrpcClientProtocolClient.java:onNext(254)) - client-C0E347E82FC5->e6065258-5a2c-4a72-9f81-ed1321f551ca: receive RaftClientReply:client-C0E347E82FC5->e6065258-5a2c-4a72-9f81-ed1321f551ca@group-13364FE26125, cid=1268, SUCCESS, logIndex=2140, commits[e6065258-5a2c-4a72-9f81-ed1321f551ca:c2141]
2019-06-14 09:09:33,990 INFO  client.GrpcClientProtocolClient (GrpcClientProtocolClient.java:onNext(254)) - client-C0E347E82FC5->e6065258-5a2c-4a72-9f81-ed1321f551ca: receive RaftClientReply:client-C0E347E82FC5->e6065258-5a2c-4a72-9f81-ed1321f551ca@group-13364FE26125, cid=1269, SUCCESS, logIndex=2142, commits[e6065258-5a2c-4a72-9f81-ed1321f551ca:c2142]
2019-06-14 09:09:33,991 INFO  client.GrpcClientProtocolClient (GrpcClientProtocolClient.java:onNext(254)) - client-C0E347E82FC5->e6065258-5a2c-4a72-9f81-ed1321f551ca: receive RaftClientReply:client-C0E347E82FC5->e6065258-5a2c-4a72-9f81-ed1321f551ca@group-13364FE26125, cid=1270, SUCCESS, logIndex=2144, commits[e6065258-5a2c-4a72-9f81-ed1321f551ca:c2144]
2019-06-14 09:09:33,992 INFO  client.GrpcClientProtocolClient (GrpcClientProtocolClient.java:onNext(254)) - client-C0E347E82FC5->e6065258-5a2c-4a72-9f81-ed1321f551ca: receive RaftClientReply:client-C0E347E82FC5->e6065258-5a2c-4a72-9f81-ed1321f551ca@group-13364FE26125, cid=1271, SUCCESS, logIndex=2145, commits[e6065258-5a2c-4a72-9f81-ed1321f551ca:c2147]
2019-06-14 09:09:33,993 INFO  client.GrpcClientProtocolClient (GrpcClientProtocolClient.java:onNext(254)) - client-C0E347E82FC5->e6065258-5a2c-4a72-9f81-ed1321f551ca: receive RaftClientReply:client-C0E347E82FC5->e6065258-5a2c-4a72-9f81-ed1321f551ca@group-13364FE26125, cid=1272, SUCCESS, logIndex=2146, commits[e6065258-5a2c-4a72-9f81-ed1321f551ca:c2147]
2019-06-14 09:09:34,002 INFO  client.GrpcClientProtocolClient (GrpcClientProtocolClient.java:onNext(254)) - client-C0E347E82FC5->e6065258-5a2c-4a72-9f81-ed1321f551ca: receive RaftClientReply:client-C0E347E82FC5->e6065258-5a2c-4a72-9f81-ed1321f551ca@group-13364FE26125, cid=1273, SUCCESS, logIndex=2148, commits[e6065258-5a2c-4a72-9f81-ed1321f551ca:c2148]
2019-06-14 09:09:34,005 INFO  client.GrpcClientProtocolClient (GrpcClientProtocolClient.java:onNext(254)) - client-C0E347E82FC5->e6065258-5a2c-4a72-9f81-ed1321f551ca: receive RaftClientReply:client-C0E347E82FC5->e6065258-5a2c-4a72-9f81-ed1321f551ca@group-13364FE26125, cid=1274, SUCCESS, logIndex=2150, commits[e6065258-5a2c-4a72-9f81-ed1321f551ca:c2150]
2019-06-14 09:09:34,006 INFO  client.GrpcClientProtocolClient (GrpcClientProtocolClient.java:onNext(254)) - client-C0E347E82FC5->e6065258-5a2c-4a72-9f81-ed1321f551ca: receive RaftClientReply:client-C0E347E82FC5->e6065258-5a2c-4a72-9f81-ed1321f551ca@group-13364FE26125, cid=1275, SUCCESS, logIndex=2151, commits[e6065258-5a2c-4a72-9f81-ed1321f551ca:c2153]
2019-06-14 09:09:34,006 INFO  client.GrpcClientProtocolClient (GrpcClientProtocolClient.java:onNext(254)) - client-C0E347E82FC5->e6065258-5a2c-4a72-9f81-ed1321f551ca: receive RaftClientReply:client-C0E347E82FC5->e6065258-5a2c-4a72-9f81-ed1321f551ca@group-13364FE26125, cid=1276, SUCCESS, logIndex=2152, commits[e6065258-5a2c-4a72-9f81-ed1321f551ca:c2153]
2019-06-14 09:09:34,014 INFO  client.GrpcClientProtocolClient (GrpcClientProtocolClient.java:onNext(254)) - client-C0E347E82FC5->e6065258-5a2c-4a72-9f81-ed1321f551ca: receive RaftClientReply:client-C0E347E82FC5->e6065258-5a2c-4a72-9f81-ed1321f551ca@group-13364FE26125, cid=1277, SUCCESS, logIndex=2154, commits[e6065258-5a2c-4a72-9f81-ed1321f551ca:c2154]
2019-06-14 09:09:34,016 INFO  client.GrpcClientProtocolClient (GrpcClientProtocolClient.java:onNext(254)) - client-C0E347E82FC5->e6065258-5a2c-4a72-9f81-ed1321f551ca: receive RaftClientReply:client-C0E347E82FC5->e6065258-5a2c-4a72-9f81-ed1321f551ca@group-13364FE26125, cid=1278, SUCCESS, logIndex=2156, commits[e6065258-5a2c-4a72-9f81-ed1321f551ca:c2156]
2019-06-14 09:09:34,018 INFO  client.GrpcClientProtocolClient (GrpcClientProtocolClient.java:onNext(254)) - client-C0E347E82FC5->e6065258-5a2c-4a72-9f81-ed1321f551ca: receive RaftClientReply:client-C0E347E82FC5->e6065258-5a2c-4a72-9f81-ed1321f551ca@group-13364FE26125, cid=1279, SUCCESS, logIndex=2157, commits[e6065258-5a2c-4a72-9f81-ed1321f551ca:c2159]
2019-06-14 09:09:34,020 DEBUG block.SCMBlockDeletingService (SCMBlockDeletingService.java:call(138)) - Running DeletedBlockTransactionScanner
2019-06-14 09:09:34,020 DEBUG block.SCMBlockDeletingService (SCMBlockDeletingService.java:call(155)) - Scanned deleted blocks log and got 0 delTX to process.
2019-06-14 09:09:34,022 INFO  client.GrpcClientProtocolClient (GrpcClientProtocolClient.java:onNext(254)) - client-C0E347E82FC5->e6065258-5a2c-4a72-9f81-ed1321f551ca: receive RaftClientReply:client-C0E347E82FC5->e6065258-5a2c-4a72-9f81-ed1321f551ca@group-13364FE26125, cid=1280, SUCCESS, logIndex=2158, commits[e6065258-5a2c-4a72-9f81-ed1321f551ca:c2159]
2019-06-14 09:09:34,103 INFO  client.GrpcClientProtocolClient (GrpcClientProtocolClient.java:onNext(254)) - client-C0E347E82FC5->e6065258-5a2c-4a72-9f81-ed1321f551ca: receive RaftClientReply:client-C0E347E82FC5->e6065258-5a2c-4a72-9f81-ed1321f551ca@group-13364FE26125, cid=1281, SUCCESS, logIndex=2160, commits[e6065258-5a2c-4a72-9f81-ed1321f551ca:c2160]
2019-06-14 09:09:34,105 INFO  client.GrpcClientProtocolClient (GrpcClientProtocolClient.java:onNext(254)) - client-C0E347E82FC5->e6065258-5a2c-4a72-9f81-ed1321f551ca: receive RaftClientReply:client-C0E347E82FC5->e6065258-5a2c-4a72-9f81-ed1321f551ca@group-13364FE26125, cid=1282, SUCCESS, logIndex=2162, commits[e6065258-5a2c-4a72-9f81-ed1321f551ca:c2162]
2019-06-14 09:09:34,106 INFO  client.GrpcClientProtocolClient (GrpcClientProtocolClient.java:onNext(254)) - client-C0E347E82FC5->e6065258-5a2c-4a72-9f81-ed1321f551ca: receive RaftClientReply:client-C0E347E82FC5->e6065258-5a2c-4a72-9f81-ed1321f551ca@group-13364FE26125, cid=1283, SUCCESS, logIndex=2163, commits[e6065258-5a2c-4a72-9f81-ed1321f551ca:c2165]
2019-06-14 09:09:34,106 INFO  client.GrpcClientProtocolClient (GrpcClientProtocolClient.java:onNext(254)) - client-C0E347E82FC5->e6065258-5a2c-4a72-9f81-ed1321f551ca: receive RaftClientReply:client-C0E347E82FC5->e6065258-5a2c-4a72-9f81-ed1321f551ca@group-13364FE26125, cid=1284, SUCCESS, logIndex=2164, commits[e6065258-5a2c-4a72-9f81-ed1321f551ca:c2165]
2019-06-14 09:09:34,145 DEBUG block.SCMBlockDeletingService (SCMBlockDeletingService.java:call(138)) - Running DeletedBlockTransactionScanner
2019-06-14 09:09:34,146 DEBUG block.SCMBlockDeletingService (SCMBlockDeletingService.java:call(155)) - Scanned deleted blocks log and got 0 delTX to process.
2019-06-14 09:09:34,149 INFO  client.GrpcClientProtocolClient (GrpcClientProtocolClient.java:onNext(254)) - client-C0E347E82FC5->e6065258-5a2c-4a72-9f81-ed1321f551ca: receive RaftClientReply:client-C0E347E82FC5->e6065258-5a2c-4a72-9f81-ed1321f551ca@group-13364FE26125, cid=1285, SUCCESS, logIndex=2166, commits[e6065258-5a2c-4a72-9f81-ed1321f551ca:c2166]
2019-06-14 09:09:34,155 INFO  storage.RaftLogWorker (RaftLogWorker.java:rollLogSegment(303)) - e6065258-5a2c-4a72-9f81-ed1321f551ca-RaftLogWorker: Rolling segment log-2103_2170 to index:2170
2019-06-14 09:09:34,156 INFO  storage.RaftLogWorker (RaftLogWorker.java:execute(433)) - e6065258-5a2c-4a72-9f81-ed1321f551ca-RaftLogWorker: Rolled log segment from /opt/src/hadoop-ozone/integration-test/target/test-dir/MiniOzoneClusterImpl-a56da109-a1cb-4168-8966-62306f2f2d23/datanode-0/data/ratis/920138aa-6f47-4d6d-b5cc-13364fe26125/current/log_inprogress_2103 to /opt/src/hadoop-ozone/integration-test/target/test-dir/MiniOzoneClusterImpl-a56da109-a1cb-4168-8966-62306f2f2d23/datanode-0/data/ratis/920138aa-6f47-4d6d-b5cc-13364fe26125/current/log_2103-2170
2019-06-14 09:09:34,156 INFO  client.GrpcClientProtocolClient (GrpcClientProtocolClient.java:onNext(254)) - client-C0E347E82FC5->e6065258-5a2c-4a72-9f81-ed1321f551ca: receive RaftClientReply:client-C0E347E82FC5->e6065258-5a2c-4a72-9f81-ed1321f551ca@group-13364FE26125, cid=1286, SUCCESS, logIndex=2168, commits[e6065258-5a2c-4a72-9f81-ed1321f551ca:c2169]
2019-06-14 09:09:34,157 INFO  client.GrpcClientProtocolClient (GrpcClientProtocolClient.java:onNext(254)) - client-C0E347E82FC5->e6065258-5a2c-4a72-9f81-ed1321f551ca: receive RaftClientReply:client-C0E347E82FC5->e6065258-5a2c-4a72-9f81-ed1321f551ca@group-13364FE26125, cid=1287, SUCCESS, logIndex=2170, commits[e6065258-5a2c-4a72-9f81-ed1321f551ca:c2170]
2019-06-14 09:09:34,191 INFO  storage.RaftLogWorker (RaftLogWorker.java:execute(469)) - e6065258-5a2c-4a72-9f81-ed1321f551ca-RaftLogWorker: created new log segment /opt/src/hadoop-ozone/integration-test/target/test-dir/MiniOzoneClusterImpl-a56da109-a1cb-4168-8966-62306f2f2d23/datanode-0/data/ratis/920138aa-6f47-4d6d-b5cc-13364fe26125/current/log_inprogress_2171
2019-06-14 09:09:34,193 INFO  client.GrpcClientProtocolClient (GrpcClientProtocolClient.java:onNext(254)) - client-C0E347E82FC5->e6065258-5a2c-4a72-9f81-ed1321f551ca: receive RaftClientReply:client-C0E347E82FC5->e6065258-5a2c-4a72-9f81-ed1321f551ca@group-13364FE26125, cid=1288, SUCCESS, logIndex=2171, commits[e6065258-5a2c-4a72-9f81-ed1321f551ca:c2172]
2019-06-14 09:09:34,206 INFO  client.GrpcClientProtocolClient (GrpcClientProtocolClient.java:onNext(254)) - client-C0E347E82FC5->e6065258-5a2c-4a72-9f81-ed1321f551ca: receive RaftClientReply:client-C0E347E82FC5->e6065258-5a2c-4a72-9f81-ed1321f551ca@group-13364FE26125, cid=1289, SUCCESS, logIndex=2173, commits[e6065258-5a2c-4a72-9f81-ed1321f551ca:c2173]
2019-06-14 09:09:34,208 INFO  client.GrpcClientProtocolClient (GrpcClientProtocolClient.java:onNext(254)) - client-C0E347E82FC5->e6065258-5a2c-4a72-9f81-ed1321f551ca: receive RaftClientReply:client-C0E347E82FC5->e6065258-5a2c-4a72-9f81-ed1321f551ca@group-13364FE26125, cid=1290, SUCCESS, logIndex=2175, commits[e6065258-5a2c-4a72-9f81-ed1321f551ca:c2175]
2019-06-14 09:09:34,208 INFO  client.GrpcClientProtocolClient (GrpcClientProtocolClient.java:onNext(254)) - client-C0E347E82FC5->e6065258-5a2c-4a72-9f81-ed1321f551ca: receive RaftClientReply:client-C0E347E82FC5->e6065258-5a2c-4a72-9f81-ed1321f551ca@group-13364FE26125, cid=1291, SUCCESS, logIndex=2176, commits[e6065258-5a2c-4a72-9f81-ed1321f551ca:c2177]
2019-06-14 09:09:34,209 INFO  client.GrpcClientProtocolClient (GrpcClientProtocolClient.java:onNext(254)) - client-C0E347E82FC5->e6065258-5a2c-4a72-9f81-ed1321f551ca: receive RaftClientReply:client-C0E347E82FC5->e6065258-5a2c-4a72-9f81-ed1321f551ca@group-13364FE26125, cid=1292, SUCCESS, logIndex=2177, commits[e6065258-5a2c-4a72-9f81-ed1321f551ca:c2178]
2019-06-14 09:09:34,214 INFO  client.GrpcClientProtocolClient (GrpcClientProtocolClient.java:onNext(254)) - client-C0E347E82FC5->e6065258-5a2c-4a72-9f81-ed1321f551ca: receive RaftClientReply:client-C0E347E82FC5->e6065258-5a2c-4a72-9f81-ed1321f551ca@group-13364FE26125, cid=1293, SUCCESS, logIndex=2180, commits[e6065258-5a2c-4a72-9f81-ed1321f551ca:c2180]
2019-06-14 09:09:34,216 INFO  client.GrpcClientProtocolClient (GrpcClientProtocolClient.java:onNext(254)) - client-C0E347E82FC5->e6065258-5a2c-4a72-9f81-ed1321f551ca: receive RaftClientReply:client-C0E347E82FC5->e6065258-5a2c-4a72-9f81-ed1321f551ca@group-13364FE26125, cid=1294, SUCCESS, logIndex=2182, commits[e6065258-5a2c-4a72-9f81-ed1321f551ca:c2182]
2019-06-14 09:09:34,217 INFO  client.GrpcClientProtocolClient (GrpcClientProtocolClient.java:onNext(254)) - client-C0E347E82FC5->e6065258-5a2c-4a72-9f81-ed1321f551ca: receive RaftClientReply:client-C0E347E82FC5->e6065258-5a2c-4a72-9f81-ed1321f551ca@group-13364FE26125, cid=1295, SUCCESS, logIndex=2183, commits[e6065258-5a2c-4a72-9f81-ed1321f551ca:c2184]
2019-06-14 09:09:34,217 INFO  client.GrpcClientProtocolClient (GrpcClientProtocolClient.java:onNext(254)) - client-C0E347E82FC5->e6065258-5a2c-4a72-9f81-ed1321f551ca: receive RaftClientReply:client-C0E347E82FC5->e6065258-5a2c-4a72-9f81-ed1321f551ca@group-13364FE26125, cid=1296, SUCCESS, logIndex=2184, commits[e6065258-5a2c-4a72-9f81-ed1321f551ca:c2184]
2019-06-14 09:09:34,227 INFO  client.GrpcClientProtocolClient (GrpcClientProtocolClient.java:onNext(254)) - client-C0E347E82FC5->e6065258-5a2c-4a72-9f81-ed1321f551ca: receive RaftClientReply:client-C0E347E82FC5->e6065258-5a2c-4a72-9f81-ed1321f551ca@group-13364FE26125, cid=1297, SUCCESS, logIndex=2187, commits[e6065258-5a2c-4a72-9f81-ed1321f551ca:c2187]
2019-06-14 09:09:34,229 INFO  client.GrpcClientProtocolClient (GrpcClientProtocolClient.java:onNext(254)) - client-C0E347E82FC5->e6065258-5a2c-4a72-9f81-ed1321f551ca: receive RaftClientReply:client-C0E347E82FC5->e6065258-5a2c-4a72-9f81-ed1321f551ca@group-13364FE26125, cid=1298, SUCCESS, logIndex=2189, commits[e6065258-5a2c-4a72-9f81-ed1321f551ca:c2189]
2019-06-14 09:09:34,230 INFO  client.GrpcClientProtocolClient (GrpcClientProtocolClient.java:onNext(254)) - client-C0E347E82FC5->e6065258-5a2c-4a72-9f81-ed1321f551ca: receive RaftClientReply:client-C0E347E82FC5->e6065258-5a2c-4a72-9f81-ed1321f551ca@group-13364FE26125, cid=1299, SUCCESS, logIndex=2190, commits[e6065258-5a2c-4a72-9f81-ed1321f551ca:c2192]
2019-06-14 09:09:34,231 INFO  client.GrpcClientProtocolClient (GrpcClientProtocolClient.java:onNext(254)) - client-C0E347E82FC5->e6065258-5a2c-4a72-9f81-ed1321f551ca: receive RaftClientReply:client-C0E347E82FC5->e6065258-5a2c-4a72-9f81-ed1321f551ca@group-13364FE26125, cid=1300, SUCCESS, logIndex=2191, commits[e6065258-5a2c-4a72-9f81-ed1321f551ca:c2192]
2019-06-14 09:09:34,236 INFO  client.GrpcClientProtocolClient (GrpcClientProtocolClient.java:onNext(254)) - client-C0E347E82FC5->e6065258-5a2c-4a72-9f81-ed1321f551ca: receive RaftClientReply:client-C0E347E82FC5->e6065258-5a2c-4a72-9f81-ed1321f551ca@group-13364FE26125, cid=1301, SUCCESS, logIndex=2193, commits[e6065258-5a2c-4a72-9f81-ed1321f551ca:c2193]
2019-06-14 09:09:34,237 INFO  client.GrpcClientProtocolClient (GrpcClientProtocolClient.java:onNext(254)) - client-C0E347E82FC5->e6065258-5a2c-4a72-9f81-ed1321f551ca: receive RaftClientReply:client-C0E347E82FC5->e6065258-5a2c-4a72-9f81-ed1321f551ca@group-13364FE26125, cid=1302, SUCCESS, logIndex=2195, commits[e6065258-5a2c-4a72-9f81-ed1321f551ca:c2195]
2019-06-14 09:09:34,238 INFO  client.GrpcClientProtocolClient (GrpcClientProtocolClient.java:onNext(254)) - client-C0E347E82FC5->e6065258-5a2c-4a72-9f81-ed1321f551ca: receive RaftClientReply:client-C0E347E82FC5->e6065258-5a2c-4a72-9f81-ed1321f551ca@group-13364FE26125, cid=1303, SUCCESS, logIndex=2196, commits[e6065258-5a2c-4a72-9f81-ed1321f551ca:c2198]
2019-06-14 09:09:34,239 INFO  client.GrpcClientProtocolClient (GrpcClientProtocolClient.java:onNext(254)) - client-C0E347E82FC5->e6065258-5a2c-4a72-9f81-ed1321f551ca: receive RaftClientReply:client-C0E347E82FC5->e6065258-5a2c-4a72-9f81-ed1321f551ca@group-13364FE26125, cid=1304, SUCCESS, logIndex=2197, commits[e6065258-5a2c-4a72-9f81-ed1321f551ca:c2198]
2019-06-14 09:09:34,246 DEBUG block.SCMBlockDeletingService (SCMBlockDeletingService.java:call(138)) - Running DeletedBlockTransactionScanner
2019-06-14 09:09:34,246 DEBUG block.SCMBlockDeletingService (SCMBlockDeletingService.java:call(155)) - Scanned deleted blocks log and got 0 delTX to process.
2019-06-14 09:09:34,248 INFO  client.GrpcClientProtocolClient (GrpcClientProtocolClient.java:onNext(254)) - client-C0E347E82FC5->e6065258-5a2c-4a72-9f81-ed1321f551ca: receive RaftClientReply:client-C0E347E82FC5->e6065258-5a2c-4a72-9f81-ed1321f551ca@group-13364FE26125, cid=1305, SUCCESS, logIndex=2199, commits[e6065258-5a2c-4a72-9f81-ed1321f551ca:c2199]
2019-06-14 09:09:34,250 INFO  client.GrpcClientProtocolClient (GrpcClientProtocolClient.java:onNext(254)) - client-C0E347E82FC5->e6065258-5a2c-4a72-9f81-ed1321f551ca: receive RaftClientReply:client-C0E347E82FC5->e6065258-5a2c-4a72-9f81-ed1321f551ca@group-13364FE26125, cid=1306, SUCCESS, logIndex=2201, commits[e6065258-5a2c-4a72-9f81-ed1321f551ca:c2201]
2019-06-14 09:09:34,251 INFO  client.GrpcClientProtocolClient (GrpcClientProtocolClient.java:onNext(254)) - client-C0E347E82FC5->e6065258-5a2c-4a72-9f81-ed1321f551ca: receive RaftClientReply:client-C0E347E82FC5->e6065258-5a2c-4a72-9f81-ed1321f551ca@group-13364FE26125, cid=1307, SUCCESS, logIndex=2202, commits[e6065258-5a2c-4a72-9f81-ed1321f551ca:c2204]
2019-06-14 09:09:34,251 INFO  client.GrpcClientProtocolClient (GrpcClientProtocolClient.java:onNext(254)) - client-C0E347E82FC5->e6065258-5a2c-4a72-9f81-ed1321f551ca: receive RaftClientReply:client-C0E347E82FC5->e6065258-5a2c-4a72-9f81-ed1321f551ca@group-13364FE26125, cid=1308, SUCCESS, logIndex=2203, commits[e6065258-5a2c-4a72-9f81-ed1321f551ca:c2204]
2019-06-14 09:09:34,259 INFO  client.GrpcClientProtocolClient (GrpcClientProtocolClient.java:onNext(254)) - client-C0E347E82FC5->e6065258-5a2c-4a72-9f81-ed1321f551ca: receive RaftClientReply:client-C0E347E82FC5->e6065258-5a2c-4a72-9f81-ed1321f551ca@group-13364FE26125, cid=1309, SUCCESS, logIndex=2205, commits[e6065258-5a2c-4a72-9f81-ed1321f551ca:c2205]
2019-06-14 09:09:34,260 INFO  client.GrpcClientProtocolClient (GrpcClientProtocolClient.java:onNext(254)) - client-C0E347E82FC5->e6065258-5a2c-4a72-9f81-ed1321f551ca: receive RaftClientReply:client-C0E347E82FC5->e6065258-5a2c-4a72-9f81-ed1321f551ca@group-13364FE26125, cid=1310, SUCCESS, logIndex=2207, commits[e6065258-5a2c-4a72-9f81-ed1321f551ca:c2207]
2019-06-14 09:09:34,262 INFO  client.GrpcClientProtocolClient (GrpcClientProtocolClient.java:onNext(254)) - client-C0E347E82FC5->e6065258-5a2c-4a72-9f81-ed1321f551ca: receive RaftClientReply:client-C0E347E82FC5->e6065258-5a2c-4a72-9f81-ed1321f551ca@group-13364FE26125, cid=1311, SUCCESS, logIndex=2208, commits[e6065258-5a2c-4a72-9f81-ed1321f551ca:c2210]
2019-06-14 09:09:34,262 INFO  client.GrpcClientProtocolClient (GrpcClientProtocolClient.java:onNext(254)) - client-C0E347E82FC5->e6065258-5a2c-4a72-9f81-ed1321f551ca: receive RaftClientReply:client-C0E347E82FC5->e6065258-5a2c-4a72-9f81-ed1321f551ca@group-13364FE26125, cid=1312, SUCCESS, logIndex=2209, commits[e6065258-5a2c-4a72-9f81-ed1321f551ca:c2210]
2019-06-14 09:09:34,281 INFO  client.GrpcClientProtocolClient (GrpcClientProtocolClient.java:onNext(254)) - client-C0E347E82FC5->e6065258-5a2c-4a72-9f81-ed1321f551ca: receive RaftClientReply:client-C0E347E82FC5->e6065258-5a2c-4a72-9f81-ed1321f551ca@group-13364FE26125, cid=1313, SUCCESS, logIndex=2211, commits[e6065258-5a2c-4a72-9f81-ed1321f551ca:c2211]
2019-06-14 09:09:34,283 INFO  client.GrpcClientProtocolClient (GrpcClientProtocolClient.java:onNext(254)) - client-C0E347E82FC5->e6065258-5a2c-4a72-9f81-ed1321f551ca: receive RaftClientReply:client-C0E347E82FC5->e6065258-5a2c-4a72-9f81-ed1321f551ca@group-13364FE26125, cid=1314, SUCCESS, logIndex=2213, commits[e6065258-5a2c-4a72-9f81-ed1321f551ca:c2213]
2019-06-14 09:09:34,284 INFO  client.GrpcClientProtocolClient (GrpcClientProtocolClient.java:onNext(254)) - client-C0E347E82FC5->e6065258-5a2c-4a72-9f81-ed1321f551ca: receive RaftClientReply:client-C0E347E82FC5->e6065258-5a2c-4a72-9f81-ed1321f551ca@group-13364FE26125, cid=1315, SUCCESS, logIndex=2214, commits[e6065258-5a2c-4a72-9f81-ed1321f551ca:c2216]
2019-06-14 09:09:34,284 INFO  client.GrpcClientProtocolClient (GrpcClientProtocolClient.java:onNext(254)) - client-C0E347E82FC5->e6065258-5a2c-4a72-9f81-ed1321f551ca: receive RaftClientReply:client-C0E347E82FC5->e6065258-5a2c-4a72-9f81-ed1321f551ca@group-13364FE26125, cid=1316, SUCCESS, logIndex=2215, commits[e6065258-5a2c-4a72-9f81-ed1321f551ca:c2216]
2019-06-14 09:09:34,289 INFO  client.GrpcClientProtocolClient (GrpcClientProtocolClient.java:onNext(254)) - client-C0E347E82FC5->e6065258-5a2c-4a72-9f81-ed1321f551ca: receive RaftClientReply:client-C0E347E82FC5->e6065258-5a2c-4a72-9f81-ed1321f551ca@group-13364FE26125, cid=1317, SUCCESS, logIndex=2217, commits[e6065258-5a2c-4a72-9f81-ed1321f551ca:c2217]
2019-06-14 09:09:34,291 INFO  client.GrpcClientProtocolClient (GrpcClientProtocolClient.java:onNext(254)) - client-C0E347E82FC5->e6065258-5a2c-4a72-9f81-ed1321f551ca: receive RaftClientReply:client-C0E347E82FC5->e6065258-5a2c-4a72-9f81-ed1321f551ca@group-13364FE26125, cid=1318, SUCCESS, logIndex=2219, commits[e6065258-5a2c-4a72-9f81-ed1321f551ca:c2219]
2019-06-14 09:09:34,292 INFO  client.GrpcClientProtocolClient (GrpcClientProtocolClient.java:onNext(254)) - client-C0E347E82FC5->e6065258-5a2c-4a72-9f81-ed1321f551ca: receive RaftClientReply:client-C0E347E82FC5->e6065258-5a2c-4a72-9f81-ed1321f551ca@group-13364FE26125, cid=1319, SUCCESS, logIndex=2220, commits[e6065258-5a2c-4a72-9f81-ed1321f551ca:c2221]
2019-06-14 09:09:34,292 INFO  client.GrpcClientProtocolClient (GrpcClientProtocolClient.java:onNext(254)) - client-C0E347E82FC5->e6065258-5a2c-4a72-9f81-ed1321f551ca: receive RaftClientReply:client-C0E347E82FC5->e6065258-5a2c-4a72-9f81-ed1321f551ca@group-13364FE26125, cid=1320, SUCCESS, logIndex=2221, commits[e6065258-5a2c-4a72-9f81-ed1321f551ca:c2221]
2019-06-14 09:09:34,303 INFO  client.GrpcClientProtocolClient (GrpcClientProtocolClient.java:onNext(254)) - client-C0E347E82FC5->e6065258-5a2c-4a72-9f81-ed1321f551ca: receive RaftClientReply:client-C0E347E82FC5->e6065258-5a2c-4a72-9f81-ed1321f551ca@group-13364FE26125, cid=1321, SUCCESS, logIndex=2224, commits[e6065258-5a2c-4a72-9f81-ed1321f551ca:c2224]
2019-06-14 09:09:34,304 INFO  client.GrpcClientProtocolClient (GrpcClientProtocolClient.java:onNext(254)) - client-C0E347E82FC5->e6065258-5a2c-4a72-9f81-ed1321f551ca: receive RaftClientReply:client-C0E347E82FC5->e6065258-5a2c-4a72-9f81-ed1321f551ca@group-13364FE26125, cid=1322, SUCCESS, logIndex=2226, commits[e6065258-5a2c-4a72-9f81-ed1321f551ca:c2226]
2019-06-14 09:09:34,306 INFO  client.GrpcClientProtocolClient (GrpcClientProtocolClient.java:onNext(254)) - client-C0E347E82FC5->e6065258-5a2c-4a72-9f81-ed1321f551ca: receive RaftClientReply:client-C0E347E82FC5->e6065258-5a2c-4a72-9f81-ed1321f551ca@group-13364FE26125, cid=1323, SUCCESS, logIndex=2227, commits[e6065258-5a2c-4a72-9f81-ed1321f551ca:c2229]
2019-06-14 09:09:34,306 INFO  client.GrpcClientProtocolClient (GrpcClientProtocolClient.java:onNext(254)) - client-C0E347E82FC5->e6065258-5a2c-4a72-9f81-ed1321f551ca: receive RaftClientReply:client-C0E347E82FC5->e6065258-5a2c-4a72-9f81-ed1321f551ca@group-13364FE26125, cid=1324, SUCCESS, logIndex=2228, commits[e6065258-5a2c-4a72-9f81-ed1321f551ca:c2229]
2019-06-14 09:09:34,312 INFO  client.GrpcClientProtocolClient (GrpcClientProtocolClient.java:onNext(254)) - client-C0E347E82FC5->e6065258-5a2c-4a72-9f81-ed1321f551ca: receive RaftClientReply:client-C0E347E82FC5->e6065258-5a2c-4a72-9f81-ed1321f551ca@group-13364FE26125, cid=1325, SUCCESS, logIndex=2230, commits[e6065258-5a2c-4a72-9f81-ed1321f551ca:c2230]
2019-06-14 09:09:34,314 INFO  client.GrpcClientProtocolClient (GrpcClientProtocolClient.java:onNext(254)) - client-C0E347E82FC5->e6065258-5a2c-4a72-9f81-ed1321f551ca: receive RaftClientReply:client-C0E347E82FC5->e6065258-5a2c-4a72-9f81-ed1321f551ca@group-13364FE26125, cid=1326, SUCCESS, logIndex=2232, commits[e6065258-5a2c-4a72-9f81-ed1321f551ca:c2232]
2019-06-14 09:09:34,346 DEBUG block.SCMBlockDeletingService (SCMBlockDeletingService.java:call(138)) - Running DeletedBlockTransactionScanner
2019-06-14 09:09:34,346 DEBUG block.SCMBlockDeletingService (SCMBlockDeletingService.java:call(155)) - Scanned deleted blocks log and got 0 delTX to process.
2019-06-14 09:09:34,381 INFO  client.GrpcClientProtocolClient (GrpcClientProtocolClient.java:onNext(254)) - client-C0E347E82FC5->e6065258-5a2c-4a72-9f81-ed1321f551ca: receive RaftClientReply:client-C0E347E82FC5->e6065258-5a2c-4a72-9f81-ed1321f551ca@group-13364FE26125, cid=1327, SUCCESS, logIndex=2234, commits[e6065258-5a2c-4a72-9f81-ed1321f551ca:c2234]
2019-06-14 09:09:34,384 INFO  client.GrpcClientProtocolClient (GrpcClientProtocolClient.java:onNext(254)) - client-C0E347E82FC5->e6065258-5a2c-4a72-9f81-ed1321f551ca: receive RaftClientReply:client-C0E347E82FC5->e6065258-5a2c-4a72-9f81-ed1321f551ca@group-13364FE26125, cid=1328, SUCCESS, logIndex=2236, commits[e6065258-5a2c-4a72-9f81-ed1321f551ca:c2236]
2019-06-14 09:09:34,393 INFO  client.GrpcClientProtocolClient (GrpcClientProtocolClient.java:onNext(254)) - client-C0E347E82FC5->e6065258-5a2c-4a72-9f81-ed1321f551ca: receive RaftClientReply:client-C0E347E82FC5->e6065258-5a2c-4a72-9f81-ed1321f551ca@group-13364FE26125, cid=1329, SUCCESS, logIndex=2238, commits[e6065258-5a2c-4a72-9f81-ed1321f551ca:c2238]
2019-06-14 09:09:34,393 INFO  storage.RaftLogWorker (RaftLogWorker.java:rollLogSegment(303)) - e6065258-5a2c-4a72-9f81-ed1321f551ca-RaftLogWorker: Rolling segment log-2171_2240 to index:2240
2019-06-14 09:09:34,394 INFO  storage.RaftLogWorker (RaftLogWorker.java:execute(433)) - e6065258-5a2c-4a72-9f81-ed1321f551ca-RaftLogWorker: Rolled log segment from /opt/src/hadoop-ozone/integration-test/target/test-dir/MiniOzoneClusterImpl-a56da109-a1cb-4168-8966-62306f2f2d23/datanode-0/data/ratis/920138aa-6f47-4d6d-b5cc-13364fe26125/current/log_inprogress_2171 to /opt/src/hadoop-ozone/integration-test/target/test-dir/MiniOzoneClusterImpl-a56da109-a1cb-4168-8966-62306f2f2d23/datanode-0/data/ratis/920138aa-6f47-4d6d-b5cc-13364fe26125/current/log_2171-2240
2019-06-14 09:09:34,398 INFO  client.GrpcClientProtocolClient (GrpcClientProtocolClient.java:onNext(254)) - client-C0E347E82FC5->e6065258-5a2c-4a72-9f81-ed1321f551ca: receive RaftClientReply:client-C0E347E82FC5->e6065258-5a2c-4a72-9f81-ed1321f551ca@group-13364FE26125, cid=1330, SUCCESS, logIndex=2240, commits[e6065258-5a2c-4a72-9f81-ed1321f551ca:c2240]
2019-06-14 09:09:34,429 INFO  storage.RaftLogWorker (RaftLogWorker.java:execute(469)) - e6065258-5a2c-4a72-9f81-ed1321f551ca-RaftLogWorker: created new log segment /opt/src/hadoop-ozone/integration-test/target/test-dir/MiniOzoneClusterImpl-a56da109-a1cb-4168-8966-62306f2f2d23/datanode-0/data/ratis/920138aa-6f47-4d6d-b5cc-13364fe26125/current/log_inprogress_2241
2019-06-14 09:09:34,431 INFO  client.GrpcClientProtocolClient (GrpcClientProtocolClient.java:onNext(254)) - client-C0E347E82FC5->e6065258-5a2c-4a72-9f81-ed1321f551ca: receive RaftClientReply:client-C0E347E82FC5->e6065258-5a2c-4a72-9f81-ed1321f551ca@group-13364FE26125, cid=1331, SUCCESS, logIndex=2241, commits[e6065258-5a2c-4a72-9f81-ed1321f551ca:c2243]
2019-06-14 09:09:34,432 INFO  client.GrpcClientProtocolClient (GrpcClientProtocolClient.java:onNext(254)) - client-C0E347E82FC5->e6065258-5a2c-4a72-9f81-ed1321f551ca: receive RaftClientReply:client-C0E347E82FC5->e6065258-5a2c-4a72-9f81-ed1321f551ca@group-13364FE26125, cid=1332, SUCCESS, logIndex=2242, commits[e6065258-5a2c-4a72-9f81-ed1321f551ca:c2243]
2019-06-14 09:09:34,437 INFO  client.GrpcClientProtocolClient (GrpcClientProtocolClient.java:onNext(254)) - client-C0E347E82FC5->e6065258-5a2c-4a72-9f81-ed1321f551ca: receive RaftClientReply:client-C0E347E82FC5->e6065258-5a2c-4a72-9f81-ed1321f551ca@group-13364FE26125, cid=1333, SUCCESS, logIndex=2244, commits[e6065258-5a2c-4a72-9f81-ed1321f551ca:c2244]
2019-06-14 09:09:34,442 INFO  client.GrpcClientProtocolClient (GrpcClientProtocolClient.java:onNext(254)) - client-C0E347E82FC5->e6065258-5a2c-4a72-9f81-ed1321f551ca: receive RaftClientReply:client-C0E347E82FC5->e6065258-5a2c-4a72-9f81-ed1321f551ca@group-13364FE26125, cid=1334, SUCCESS, logIndex=2246, commits[e6065258-5a2c-4a72-9f81-ed1321f551ca:c2246]
2019-06-14 09:09:34,442 INFO  client.GrpcClientProtocolClient (GrpcClientProtocolClient.java:onNext(254)) - client-C0E347E82FC5->e6065258-5a2c-4a72-9f81-ed1321f551ca: receive RaftClientReply:client-C0E347E82FC5->e6065258-5a2c-4a72-9f81-ed1321f551ca@group-13364FE26125, cid=1335, SUCCESS, logIndex=2247, commits[e6065258-5a2c-4a72-9f81-ed1321f551ca:c2249]
2019-06-14 09:09:34,442 INFO  client.GrpcClientProtocolClient (GrpcClientProtocolClient.java:onNext(254)) - client-C0E347E82FC5->e6065258-5a2c-4a72-9f81-ed1321f551ca: receive RaftClientReply:client-C0E347E82FC5->e6065258-5a2c-4a72-9f81-ed1321f551ca@group-13364FE26125, cid=1336, SUCCESS, logIndex=2248, commits[e6065258-5a2c-4a72-9f81-ed1321f551ca:c2249]
2019-06-14 09:09:34,446 DEBUG block.SCMBlockDeletingService (SCMBlockDeletingService.java:call(138)) - Running DeletedBlockTransactionScanner
2019-06-14 09:09:34,447 DEBUG block.SCMBlockDeletingService (SCMBlockDeletingService.java:call(155)) - Scanned deleted blocks log and got 0 delTX to process.
2019-06-14 09:09:34,451 INFO  client.GrpcClientProtocolClient (GrpcClientProtocolClient.java:onNext(254)) - client-C0E347E82FC5->e6065258-5a2c-4a72-9f81-ed1321f551ca: receive RaftClientReply:client-C0E347E82FC5->e6065258-5a2c-4a72-9f81-ed1321f551ca@group-13364FE26125, cid=1337, SUCCESS, logIndex=2250, commits[e6065258-5a2c-4a72-9f81-ed1321f551ca:c2250]
2019-06-14 09:09:34,453 INFO  client.GrpcClientProtocolClient (GrpcClientProtocolClient.java:onNext(254)) - client-C0E347E82FC5->e6065258-5a2c-4a72-9f81-ed1321f551ca: receive RaftClientReply:client-C0E347E82FC5->e6065258-5a2c-4a72-9f81-ed1321f551ca@group-13364FE26125, cid=1338, SUCCESS, logIndex=2252, commits[e6065258-5a2c-4a72-9f81-ed1321f551ca:c2252]
2019-06-14 09:09:34,454 INFO  client.GrpcClientProtocolClient (GrpcClientProtocolClient.java:onNext(254)) - client-C0E347E82FC5->e6065258-5a2c-4a72-9f81-ed1321f551ca: receive RaftClientReply:client-C0E347E82FC5->e6065258-5a2c-4a72-9f81-ed1321f551ca@group-13364FE26125, cid=1339, SUCCESS, logIndex=2253, commits[e6065258-5a2c-4a72-9f81-ed1321f551ca:c2255]
2019-06-14 09:09:34,454 INFO  client.GrpcClientProtocolClient (GrpcClientProtocolClient.java:onNext(254)) - client-C0E347E82FC5->e6065258-5a2c-4a72-9f81-ed1321f551ca: receive RaftClientReply:client-C0E347E82FC5->e6065258-5a2c-4a72-9f81-ed1321f551ca@group-13364FE26125, cid=1340, SUCCESS, logIndex=2254, commits[e6065258-5a2c-4a72-9f81-ed1321f551ca:c2255]
2019-06-14 09:09:34,459 INFO  client.GrpcClientProtocolClient (GrpcClientProtocolClient.java:onNext(254)) - client-C0E347E82FC5->e6065258-5a2c-4a72-9f81-ed1321f551ca: receive RaftClientReply:client-C0E347E82FC5->e6065258-5a2c-4a72-9f81-ed1321f551ca@group-13364FE26125, cid=1341, SUCCESS, logIndex=2256, commits[e6065258-5a2c-4a72-9f81-ed1321f551ca:c2256]
2019-06-14 09:09:34,460 INFO  client.GrpcClientProtocolClient (GrpcClientProtocolClient.java:onNext(254)) - client-C0E347E82FC5->e6065258-5a2c-4a72-9f81-ed1321f551ca: receive RaftClientReply:client-C0E347E82FC5->e6065258-5a2c-4a72-9f81-ed1321f551ca@group-13364FE26125, cid=1342, SUCCESS, logIndex=2258, commits[e6065258-5a2c-4a72-9f81-ed1321f551ca:c2258]
2019-06-14 09:09:34,462 INFO  client.GrpcClientProtocolClient (GrpcClientProtocolClient.java:onNext(254)) - client-C0E347E82FC5->e6065258-5a2c-4a72-9f81-ed1321f551ca: receive RaftClientReply:client-C0E347E82FC5->e6065258-5a2c-4a72-9f81-ed1321f551ca@group-13364FE26125, cid=1343, SUCCESS, logIndex=2260, commits[e6065258-5a2c-4a72-9f81-ed1321f551ca:c2261]
2019-06-14 09:09:34,463 INFO  client.GrpcClientProtocolClient (GrpcClientProtocolClient.java:onNext(254)) - client-C0E347E82FC5->e6065258-5a2c-4a72-9f81-ed1321f551ca: receive RaftClientReply:client-C0E347E82FC5->e6065258-5a2c-4a72-9f81-ed1321f551ca@group-13364FE26125, cid=1344, SUCCESS, logIndex=2261, commits[e6065258-5a2c-4a72-9f81-ed1321f551ca:c2261]
2019-06-14 09:09:34,472 INFO  client.GrpcClientProtocolClient (GrpcClientProtocolClient.java:onNext(254)) - client-C0E347E82FC5->e6065258-5a2c-4a72-9f81-ed1321f551ca: receive RaftClientReply:client-C0E347E82FC5->e6065258-5a2c-4a72-9f81-ed1321f551ca@group-13364FE26125, cid=1345, SUCCESS, logIndex=2263, commits[e6065258-5a2c-4a72-9f81-ed1321f551ca:c2263]
2019-06-14 09:09:34,473 INFO  client.GrpcClientProtocolClient (GrpcClientProtocolClient.java:onNext(254)) - client-C0E347E82FC5->e6065258-5a2c-4a72-9f81-ed1321f551ca: receive RaftClientReply:client-C0E347E82FC5->e6065258-5a2c-4a72-9f81-ed1321f551ca@group-13364FE26125, cid=1346, SUCCESS, logIndex=2265, commits[e6065258-5a2c-4a72-9f81-ed1321f551ca:c2265]
2019-06-14 09:09:34,475 INFO  client.GrpcClientProtocolClient (GrpcClientProtocolClient.java:onNext(254)) - client-C0E347E82FC5->e6065258-5a2c-4a72-9f81-ed1321f551ca: receive RaftClientReply:client-C0E347E82FC5->e6065258-5a2c-4a72-9f81-ed1321f551ca@group-13364FE26125, cid=1347, SUCCESS, logIndex=2266, commits[e6065258-5a2c-4a72-9f81-ed1321f551ca:c2268]
2019-06-14 09:09:34,475 INFO  client.GrpcClientProtocolClient (GrpcClientProtocolClient.java:onNext(254)) - client-C0E347E82FC5->e6065258-5a2c-4a72-9f81-ed1321f551ca: receive RaftClientReply:client-C0E347E82FC5->e6065258-5a2c-4a72-9f81-ed1321f551ca@group-13364FE26125, cid=1348, SUCCESS, logIndex=2267, commits[e6065258-5a2c-4a72-9f81-ed1321f551ca:c2268]
2019-06-14 09:09:34,480 INFO  client.GrpcClientProtocolClient (GrpcClientProtocolClient.java:onNext(254)) - client-C0E347E82FC5->e6065258-5a2c-4a72-9f81-ed1321f551ca: receive RaftClientReply:client-C0E347E82FC5->e6065258-5a2c-4a72-9f81-ed1321f551ca@group-13364FE26125, cid=1349, SUCCESS, logIndex=2269, commits[e6065258-5a2c-4a72-9f81-ed1321f551ca:c2269]
2019-06-14 09:09:34,481 INFO  client.GrpcClientProtocolClient (GrpcClientProtocolClient.java:onNext(254)) - client-C0E347E82FC5->e6065258-5a2c-4a72-9f81-ed1321f551ca: receive RaftClientReply:client-C0E347E82FC5->e6065258-5a2c-4a72-9f81-ed1321f551ca@group-13364FE26125, cid=1350, SUCCESS, logIndex=2271, commits[e6065258-5a2c-4a72-9f81-ed1321f551ca:c2271]
2019-06-14 09:09:34,483 INFO  client.GrpcClientProtocolClient (GrpcClientProtocolClient.java:onNext(254)) - client-C0E347E82FC5->e6065258-5a2c-4a72-9f81-ed1321f551ca: receive RaftClientReply:client-C0E347E82FC5->e6065258-5a2c-4a72-9f81-ed1321f551ca@group-13364FE26125, cid=1351, SUCCESS, logIndex=2273, commits[e6065258-5a2c-4a72-9f81-ed1321f551ca:c2274]
2019-06-14 09:09:34,483 INFO  client.GrpcClientProtocolClient (GrpcClientProtocolClient.java:onNext(254)) - client-C0E347E82FC5->e6065258-5a2c-4a72-9f81-ed1321f551ca: receive RaftClientReply:client-C0E347E82FC5->e6065258-5a2c-4a72-9f81-ed1321f551ca@group-13364FE26125, cid=1352, SUCCESS, logIndex=2274, commits[e6065258-5a2c-4a72-9f81-ed1321f551ca:c2274]
2019-06-14 09:09:34,497 INFO  client.GrpcClientProtocolClient (GrpcClientProtocolClient.java:onNext(254)) - client-C0E347E82FC5->e6065258-5a2c-4a72-9f81-ed1321f551ca: receive RaftClientReply:client-C0E347E82FC5->e6065258-5a2c-4a72-9f81-ed1321f551ca@group-13364FE26125, cid=1353, SUCCESS, logIndex=2276, commits[e6065258-5a2c-4a72-9f81-ed1321f551ca:c2276]
2019-06-14 09:09:34,499 INFO  client.GrpcClientProtocolClient (GrpcClientProtocolClient.java:onNext(254)) - client-C0E347E82FC5->e6065258-5a2c-4a72-9f81-ed1321f551ca: receive RaftClientReply:client-C0E347E82FC5->e6065258-5a2c-4a72-9f81-ed1321f551ca@group-13364FE26125, cid=1354, SUCCESS, logIndex=2278, commits[e6065258-5a2c-4a72-9f81-ed1321f551ca:c2278]
2019-06-14 09:09:34,499 INFO  client.GrpcClientProtocolClient (GrpcClientProtocolClient.java:onNext(254)) - client-C0E347E82FC5->e6065258-5a2c-4a72-9f81-ed1321f551ca: receive RaftClientReply:client-C0E347E82FC5->e6065258-5a2c-4a72-9f81-ed1321f551ca@group-13364FE26125, cid=1355, SUCCESS, logIndex=2279, commits[e6065258-5a2c-4a72-9f81-ed1321f551ca:c2279]
2019-06-14 09:09:34,500 INFO  client.GrpcClientProtocolClient (GrpcClientProtocolClient.java:onNext(254)) - client-C0E347E82FC5->e6065258-5a2c-4a72-9f81-ed1321f551ca: receive RaftClientReply:client-C0E347E82FC5->e6065258-5a2c-4a72-9f81-ed1321f551ca@group-13364FE26125, cid=1356, SUCCESS, logIndex=2281, commits[e6065258-5a2c-4a72-9f81-ed1321f551ca:c2281]
2019-06-14 09:09:34,505 INFO  client.GrpcClientProtocolClient (GrpcClientProtocolClient.java:onNext(254)) - client-C0E347E82FC5->e6065258-5a2c-4a72-9f81-ed1321f551ca: receive RaftClientReply:client-C0E347E82FC5->e6065258-5a2c-4a72-9f81-ed1321f551ca@group-13364FE26125, cid=1357, SUCCESS, logIndex=2284, commits[e6065258-5a2c-4a72-9f81-ed1321f551ca:c2284]
2019-06-14 09:09:34,506 INFO  client.GrpcClientProtocolClient (GrpcClientProtocolClient.java:onNext(254)) - client-C0E347E82FC5->e6065258-5a2c-4a72-9f81-ed1321f551ca: receive RaftClientReply:client-C0E347E82FC5->e6065258-5a2c-4a72-9f81-ed1321f551ca@group-13364FE26125, cid=1358, SUCCESS, logIndex=2286, commits[e6065258-5a2c-4a72-9f81-ed1321f551ca:c2286]
2019-06-14 09:09:34,507 INFO  client.GrpcClientProtocolClient (GrpcClientProtocolClient.java:onNext(254)) - client-C0E347E82FC5->e6065258-5a2c-4a72-9f81-ed1321f551ca: receive RaftClientReply:client-C0E347E82FC5->e6065258-5a2c-4a72-9f81-ed1321f551ca@group-13364FE26125, cid=1359, SUCCESS, logIndex=2287, commits[e6065258-5a2c-4a72-9f81-ed1321f551ca:c2288]
2019-06-14 09:09:34,508 INFO  client.GrpcClientProtocolClient (GrpcClientProtocolClient.java:onNext(254)) - client-C0E347E82FC5->e6065258-5a2c-4a72-9f81-ed1321f551ca: receive RaftClientReply:client-C0E347E82FC5->e6065258-5a2c-4a72-9f81-ed1321f551ca@group-13364FE26125, cid=1360, SUCCESS, logIndex=2289, commits[e6065258-5a2c-4a72-9f81-ed1321f551ca:c2289]
2019-06-14 09:09:34,517 INFO  client.GrpcClientProtocolClient (GrpcClientProtocolClient.java:onNext(254)) - client-C0E347E82FC5->e6065258-5a2c-4a72-9f81-ed1321f551ca: receive RaftClientReply:client-C0E347E82FC5->e6065258-5a2c-4a72-9f81-ed1321f551ca@group-13364FE26125, cid=1361, SUCCESS, logIndex=2291, commits[e6065258-5a2c-4a72-9f81-ed1321f551ca:c2291]
2019-06-14 09:09:34,519 INFO  client.GrpcClientProtocolClient (GrpcClientProtocolClient.java:onNext(254)) - client-C0E347E82FC5->e6065258-5a2c-4a72-9f81-ed1321f551ca: receive RaftClientReply:client-C0E347E82FC5->e6065258-5a2c-4a72-9f81-ed1321f551ca@group-13364FE26125, cid=1362, SUCCESS, logIndex=2293, commits[e6065258-5a2c-4a72-9f81-ed1321f551ca:c2293]
2019-06-14 09:09:34,520 INFO  client.GrpcClientProtocolClient (GrpcClientProtocolClient.java:onNext(254)) - client-C0E347E82FC5->e6065258-5a2c-4a72-9f81-ed1321f551ca: receive RaftClientReply:client-C0E347E82FC5->e6065258-5a2c-4a72-9f81-ed1321f551ca@group-13364FE26125, cid=1363, SUCCESS, logIndex=2294, commits[e6065258-5a2c-4a72-9f81-ed1321f551ca:c2296]
2019-06-14 09:09:34,520 INFO  client.GrpcClientProtocolClient (GrpcClientProtocolClient.java:onNext(254)) - client-C0E347E82FC5->e6065258-5a2c-4a72-9f81-ed1321f551ca: receive RaftClientReply:client-C0E347E82FC5->e6065258-5a2c-4a72-9f81-ed1321f551ca@group-13364FE26125, cid=1364, SUCCESS, logIndex=2295, commits[e6065258-5a2c-4a72-9f81-ed1321f551ca:c2296]
2019-06-14 09:09:34,527 INFO  client.GrpcClientProtocolClient (GrpcClientProtocolClient.java:onNext(254)) - client-C0E347E82FC5->e6065258-5a2c-4a72-9f81-ed1321f551ca: receive RaftClientReply:client-C0E347E82FC5->e6065258-5a2c-4a72-9f81-ed1321f551ca@group-13364FE26125, cid=1365, SUCCESS, logIndex=2297, commits[e6065258-5a2c-4a72-9f81-ed1321f551ca:c2297]
2019-06-14 09:09:34,528 INFO  client.GrpcClientProtocolClient (GrpcClientProtocolClient.java:onNext(254)) - client-C0E347E82FC5->e6065258-5a2c-4a72-9f81-ed1321f551ca: receive RaftClientReply:client-C0E347E82FC5->e6065258-5a2c-4a72-9f81-ed1321f551ca@group-13364FE26125, cid=1366, SUCCESS, logIndex=2299, commits[e6065258-5a2c-4a72-9f81-ed1321f551ca:c2299]
2019-06-14 09:09:34,529 INFO  client.GrpcClientProtocolClient (GrpcClientProtocolClient.java:onNext(254)) - client-C0E347E82FC5->e6065258-5a2c-4a72-9f81-ed1321f551ca: receive RaftClientReply:client-C0E347E82FC5->e6065258-5a2c-4a72-9f81-ed1321f551ca@group-13364FE26125, cid=1367, SUCCESS, logIndex=2300, commits[e6065258-5a2c-4a72-9f81-ed1321f551ca:c2302]
2019-06-14 09:09:34,530 INFO  client.GrpcClientProtocolClient (GrpcClientProtocolClient.java:onNext(254)) - client-C0E347E82FC5->e6065258-5a2c-4a72-9f81-ed1321f551ca: receive RaftClientReply:client-C0E347E82FC5->e6065258-5a2c-4a72-9f81-ed1321f551ca@group-13364FE26125, cid=1368, SUCCESS, logIndex=2301, commits[e6065258-5a2c-4a72-9f81-ed1321f551ca:c2302]
2019-06-14 09:09:34,571 DEBUG block.SCMBlockDeletingService (SCMBlockDeletingService.java:call(138)) - Running DeletedBlockTransactionScanner
2019-06-14 09:09:34,571 DEBUG block.SCMBlockDeletingService (SCMBlockDeletingService.java:call(155)) - Scanned deleted blocks log and got 0 delTX to process.
2019-06-14 09:09:34,582 INFO  client.GrpcClientProtocolClient (GrpcClientProtocolClient.java:onNext(254)) - client-C0E347E82FC5->e6065258-5a2c-4a72-9f81-ed1321f551ca: receive RaftClientReply:client-C0E347E82FC5->e6065258-5a2c-4a72-9f81-ed1321f551ca@group-13364FE26125, cid=1369, SUCCESS, logIndex=2303, commits[e6065258-5a2c-4a72-9f81-ed1321f551ca:c2303]
2019-06-14 09:09:34,584 INFO  client.GrpcClientProtocolClient (GrpcClientProtocolClient.java:onNext(254)) - client-C0E347E82FC5->e6065258-5a2c-4a72-9f81-ed1321f551ca: receive RaftClientReply:client-C0E347E82FC5->e6065258-5a2c-4a72-9f81-ed1321f551ca@group-13364FE26125, cid=1370, SUCCESS, logIndex=2305, commits[e6065258-5a2c-4a72-9f81-ed1321f551ca:c2305]
2019-06-14 09:09:34,643 INFO  client.GrpcClientProtocolClient (GrpcClientProtocolClient.java:onNext(254)) - client-C0E347E82FC5->e6065258-5a2c-4a72-9f81-ed1321f551ca: receive RaftClientReply:client-C0E347E82FC5->e6065258-5a2c-4a72-9f81-ed1321f551ca@group-13364FE26125, cid=1371, SUCCESS, logIndex=2307, commits[e6065258-5a2c-4a72-9f81-ed1321f551ca:c2307]
2019-06-14 09:09:34,644 INFO  client.GrpcClientProtocolClient (GrpcClientProtocolClient.java:onNext(254)) - client-C0E347E82FC5->e6065258-5a2c-4a72-9f81-ed1321f551ca: receive RaftClientReply:client-C0E347E82FC5->e6065258-5a2c-4a72-9f81-ed1321f551ca@group-13364FE26125, cid=1372, SUCCESS, logIndex=2309, commits[e6065258-5a2c-4a72-9f81-ed1321f551ca:c2309]
2019-06-14 09:09:34,649 INFO  client.GrpcClientProtocolClient (GrpcClientProtocolClient.java:onNext(254)) - client-C0E347E82FC5->e6065258-5a2c-4a72-9f81-ed1321f551ca: receive RaftClientReply:client-C0E347E82FC5->e6065258-5a2c-4a72-9f81-ed1321f551ca@group-13364FE26125, cid=1373, SUCCESS, logIndex=2311, commits[e6065258-5a2c-4a72-9f81-ed1321f551ca:c2311]
2019-06-14 09:09:34,650 INFO  storage.RaftLogWorker (RaftLogWorker.java:rollLogSegment(303)) - e6065258-5a2c-4a72-9f81-ed1321f551ca-RaftLogWorker: Rolling segment log-2241_2312 to index:2312
2019-06-14 09:09:34,650 INFO  storage.RaftLogWorker (RaftLogWorker.java:execute(433)) - e6065258-5a2c-4a72-9f81-ed1321f551ca-RaftLogWorker: Rolled log segment from /opt/src/hadoop-ozone/integration-test/target/test-dir/MiniOzoneClusterImpl-a56da109-a1cb-4168-8966-62306f2f2d23/datanode-0/data/ratis/920138aa-6f47-4d6d-b5cc-13364fe26125/current/log_inprogress_2241 to /opt/src/hadoop-ozone/integration-test/target/test-dir/MiniOzoneClusterImpl-a56da109-a1cb-4168-8966-62306f2f2d23/datanode-0/data/ratis/920138aa-6f47-4d6d-b5cc-13364fe26125/current/log_2241-2312
2019-06-14 09:09:34,672 DEBUG block.SCMBlockDeletingService (SCMBlockDeletingService.java:call(138)) - Running DeletedBlockTransactionScanner
2019-06-14 09:09:34,672 DEBUG block.SCMBlockDeletingService (SCMBlockDeletingService.java:call(155)) - Scanned deleted blocks log and got 0 delTX to process.
2019-06-14 09:09:34,686 INFO  storage.RaftLogWorker (RaftLogWorker.java:execute(469)) - e6065258-5a2c-4a72-9f81-ed1321f551ca-RaftLogWorker: created new log segment /opt/src/hadoop-ozone/integration-test/target/test-dir/MiniOzoneClusterImpl-a56da109-a1cb-4168-8966-62306f2f2d23/datanode-0/data/ratis/920138aa-6f47-4d6d-b5cc-13364fe26125/current/log_inprogress_2313
2019-06-14 09:09:34,688 INFO  client.GrpcClientProtocolClient (GrpcClientProtocolClient.java:onNext(254)) - client-C0E347E82FC5->e6065258-5a2c-4a72-9f81-ed1321f551ca: receive RaftClientReply:client-C0E347E82FC5->e6065258-5a2c-4a72-9f81-ed1321f551ca@group-13364FE26125, cid=1374, SUCCESS, logIndex=2313, commits[e6065258-5a2c-4a72-9f81-ed1321f551ca:c2315]
2019-06-14 09:09:34,689 INFO  client.GrpcClientProtocolClient (GrpcClientProtocolClient.java:onNext(254)) - client-C0E347E82FC5->e6065258-5a2c-4a72-9f81-ed1321f551ca: receive RaftClientReply:client-C0E347E82FC5->e6065258-5a2c-4a72-9f81-ed1321f551ca@group-13364FE26125, cid=1375, SUCCESS, logIndex=2314, commits[e6065258-5a2c-4a72-9f81-ed1321f551ca:c2315]
2019-06-14 09:09:34,689 INFO  client.GrpcClientProtocolClient (GrpcClientProtocolClient.java:onNext(254)) - client-C0E347E82FC5->e6065258-5a2c-4a72-9f81-ed1321f551ca: receive RaftClientReply:client-C0E347E82FC5->e6065258-5a2c-4a72-9f81-ed1321f551ca@group-13364FE26125, cid=1376, SUCCESS, logIndex=2315, commits[e6065258-5a2c-4a72-9f81-ed1321f551ca:c2316]
2019-06-14 09:09:34,700 INFO  client.GrpcClientProtocolClient (GrpcClientProtocolClient.java:onNext(254)) - client-C0E347E82FC5->e6065258-5a2c-4a72-9f81-ed1321f551ca: receive RaftClientReply:client-C0E347E82FC5->e6065258-5a2c-4a72-9f81-ed1321f551ca@group-13364FE26125, cid=1377, SUCCESS, logIndex=2317, commits[e6065258-5a2c-4a72-9f81-ed1321f551ca:c2317]
2019-06-14 09:09:34,702 INFO  client.GrpcClientProtocolClient (GrpcClientProtocolClient.java:onNext(254)) - client-C0E347E82FC5->e6065258-5a2c-4a72-9f81-ed1321f551ca: receive RaftClientReply:client-C0E347E82FC5->e6065258-5a2c-4a72-9f81-ed1321f551ca@group-13364FE26125, cid=1378, SUCCESS, logIndex=2319, commits[e6065258-5a2c-4a72-9f81-ed1321f551ca:c2319]
2019-06-14 09:09:34,702 INFO  client.GrpcClientProtocolClient (GrpcClientProtocolClient.java:onNext(254)) - client-C0E347E82FC5->e6065258-5a2c-4a72-9f81-ed1321f551ca: receive RaftClientReply:client-C0E347E82FC5->e6065258-5a2c-4a72-9f81-ed1321f551ca@group-13364FE26125, cid=1379, SUCCESS, logIndex=2320, commits[e6065258-5a2c-4a72-9f81-ed1321f551ca:c2321]
2019-06-14 09:09:34,703 INFO  client.GrpcClientProtocolClient (GrpcClientProtocolClient.java:onNext(254)) - client-C0E347E82FC5->e6065258-5a2c-4a72-9f81-ed1321f551ca: receive RaftClientReply:client-C0E347E82FC5->e6065258-5a2c-4a72-9f81-ed1321f551ca@group-13364FE26125, cid=1380, SUCCESS, logIndex=2321, commits[e6065258-5a2c-4a72-9f81-ed1321f551ca:c2321]
2019-06-14 09:09:34,710 INFO  client.GrpcClientProtocolClient (GrpcClientProtocolClient.java:onNext(254)) - client-C0E347E82FC5->e6065258-5a2c-4a72-9f81-ed1321f551ca: receive RaftClientReply:client-C0E347E82FC5->e6065258-5a2c-4a72-9f81-ed1321f551ca@group-13364FE26125, cid=1381, SUCCESS, logIndex=2324, commits[e6065258-5a2c-4a72-9f81-ed1321f551ca:c2324]
2019-06-14 09:09:34,712 INFO  client.GrpcClientProtocolClient (GrpcClientProtocolClient.java:onNext(254)) - client-C0E347E82FC5->e6065258-5a2c-4a72-9f81-ed1321f551ca: receive RaftClientReply:client-C0E347E82FC5->e6065258-5a2c-4a72-9f81-ed1321f551ca@group-13364FE26125, cid=1382, SUCCESS, logIndex=2326, commits[e6065258-5a2c-4a72-9f81-ed1321f551ca:c2326]
2019-06-14 09:09:34,713 INFO  client.GrpcClientProtocolClient (GrpcClientProtocolClient.java:onNext(254)) - client-C0E347E82FC5->e6065258-5a2c-4a72-9f81-ed1321f551ca: receive RaftClientReply:client-C0E347E82FC5->e6065258-5a2c-4a72-9f81-ed1321f551ca@group-13364FE26125, cid=1383, SUCCESS, logIndex=2327, commits[e6065258-5a2c-4a72-9f81-ed1321f551ca:c2329]
2019-06-14 09:09:34,713 INFO  client.GrpcClientProtocolClient (GrpcClientProtocolClient.java:onNext(254)) - client-C0E347E82FC5->e6065258-5a2c-4a72-9f81-ed1321f551ca: receive RaftClientReply:client-C0E347E82FC5->e6065258-5a2c-4a72-9f81-ed1321f551ca@group-13364FE26125, cid=1384, SUCCESS, logIndex=2328, commits[e6065258-5a2c-4a72-9f81-ed1321f551ca:c2329]
2019-06-14 09:09:34,723 INFO  client.GrpcClientProtocolClient (GrpcClientProtocolClient.java:onNext(254)) - client-C0E347E82FC5->e6065258-5a2c-4a72-9f81-ed1321f551ca: receive RaftClientReply:client-C0E347E82FC5->e6065258-5a2c-4a72-9f81-ed1321f551ca@group-13364FE26125, cid=1385, SUCCESS, logIndex=2330, commits[e6065258-5a2c-4a72-9f81-ed1321f551ca:c2330]
2019-06-14 09:09:34,725 INFO  client.GrpcClientProtocolClient (GrpcClientProtocolClient.java:onNext(254)) - client-C0E347E82FC5->e6065258-5a2c-4a72-9f81-ed1321f551ca: receive RaftClientReply:client-C0E347E82FC5->e6065258-5a2c-4a72-9f81-ed1321f551ca@group-13364FE26125, cid=1386, SUCCESS, logIndex=2332, commits[e6065258-5a2c-4a72-9f81-ed1321f551ca:c2332]
2019-06-14 09:09:34,726 INFO  client.GrpcClientProtocolClient (GrpcClientProtocolClient.java:onNext(254)) - client-C0E347E82FC5->e6065258-5a2c-4a72-9f81-ed1321f551ca: receive RaftClientReply:client-C0E347E82FC5->e6065258-5a2c-4a72-9f81-ed1321f551ca@group-13364FE26125, cid=1387, SUCCESS, logIndex=2333, commits[e6065258-5a2c-4a72-9f81-ed1321f551ca:c2335]
2019-06-14 09:09:34,726 INFO  client.GrpcClientProtocolClient (GrpcClientProtocolClient.java:onNext(254)) - client-C0E347E82FC5->e6065258-5a2c-4a72-9f81-ed1321f551ca: receive RaftClientReply:client-C0E347E82FC5->e6065258-5a2c-4a72-9f81-ed1321f551ca@group-13364FE26125, cid=1388, SUCCESS, logIndex=2334, commits[e6065258-5a2c-4a72-9f81-ed1321f551ca:c2335]
2019-06-14 09:09:34,734 INFO  client.GrpcClientProtocolClient (GrpcClientProtocolClient.java:onNext(254)) - client-C0E347E82FC5->e6065258-5a2c-4a72-9f81-ed1321f551ca: receive RaftClientReply:client-C0E347E82FC5->e6065258-5a2c-4a72-9f81-ed1321f551ca@group-13364FE26125, cid=1389, SUCCESS, logIndex=2336, commits[e6065258-5a2c-4a72-9f81-ed1321f551ca:c2336]
2019-06-14 09:09:34,737 INFO  client.GrpcClientProtocolClient (GrpcClientProtocolClient.java:onNext(254)) - client-C0E347E82FC5->e6065258-5a2c-4a72-9f81-ed1321f551ca: receive RaftClientReply:client-C0E347E82FC5->e6065258-5a2c-4a72-9f81-ed1321f551ca@group-13364FE26125, cid=1390, SUCCESS, logIndex=2338, commits[e6065258-5a2c-4a72-9f81-ed1321f551ca:c2338]
2019-06-14 09:09:34,738 INFO  client.GrpcClientProtocolClient (GrpcClientProtocolClient.java:onNext(254)) - client-C0E347E82FC5->e6065258-5a2c-4a72-9f81-ed1321f551ca: receive RaftClientReply:client-C0E347E82FC5->e6065258-5a2c-4a72-9f81-ed1321f551ca@group-13364FE26125, cid=1391, SUCCESS, logIndex=2339, commits[e6065258-5a2c-4a72-9f81-ed1321f551ca:c2339]
2019-06-14 09:09:34,738 INFO  client.GrpcClientProtocolClient (GrpcClientProtocolClient.java:onNext(254)) - client-C0E347E82FC5->e6065258-5a2c-4a72-9f81-ed1321f551ca: receive RaftClientReply:client-C0E347E82FC5->e6065258-5a2c-4a72-9f81-ed1321f551ca@group-13364FE26125, cid=1392, SUCCESS, logIndex=2341, commits[e6065258-5a2c-4a72-9f81-ed1321f551ca:c2341]
2019-06-14 09:09:34,747 INFO  client.GrpcClientProtocolClient (GrpcClientProtocolClient.java:onNext(254)) - client-C0E347E82FC5->e6065258-5a2c-4a72-9f81-ed1321f551ca: receive RaftClientReply:client-C0E347E82FC5->e6065258-5a2c-4a72-9f81-ed1321f551ca@group-13364FE26125, cid=1393, SUCCESS, logIndex=2344, commits[e6065258-5a2c-4a72-9f81-ed1321f551ca:c2344]
2019-06-14 09:09:34,751 INFO  client.GrpcClientProtocolClient (GrpcClientProtocolClient.java:onNext(254)) - client-C0E347E82FC5->e6065258-5a2c-4a72-9f81-ed1321f551ca: receive RaftClientReply:client-C0E347E82FC5->e6065258-5a2c-4a72-9f81-ed1321f551ca@group-13364FE26125, cid=1394, SUCCESS, logIndex=2346, commits[e6065258-5a2c-4a72-9f81-ed1321f551ca:c2346]
2019-06-14 09:09:34,751 INFO  client.GrpcClientProtocolClient (GrpcClientProtocolClient.java:onNext(254)) - client-C0E347E82FC5->e6065258-5a2c-4a72-9f81-ed1321f551ca: receive RaftClientReply:client-C0E347E82FC5->e6065258-5a2c-4a72-9f81-ed1321f551ca@group-13364FE26125, cid=1395, SUCCESS, logIndex=2347, commits[e6065258-5a2c-4a72-9f81-ed1321f551ca:c2348]
2019-06-14 09:09:34,751 INFO  client.GrpcClientProtocolClient (GrpcClientProtocolClient.java:onNext(254)) - client-C0E347E82FC5->e6065258-5a2c-4a72-9f81-ed1321f551ca: receive RaftClientReply:client-C0E347E82FC5->e6065258-5a2c-4a72-9f81-ed1321f551ca@group-13364FE26125, cid=1396, SUCCESS, logIndex=2348, commits[e6065258-5a2c-4a72-9f81-ed1321f551ca:c2348]
2019-06-14 09:09:34,757 INFO  client.GrpcClientProtocolClient (GrpcClientProtocolClient.java:onNext(254)) - client-C0E347E82FC5->e6065258-5a2c-4a72-9f81-ed1321f551ca: receive RaftClientReply:client-C0E347E82FC5->e6065258-5a2c-4a72-9f81-ed1321f551ca@group-13364FE26125, cid=1397, SUCCESS, logIndex=2351, commits[e6065258-5a2c-4a72-9f81-ed1321f551ca:c2351]
2019-06-14 09:09:34,759 INFO  client.GrpcClientProtocolClient (GrpcClientProtocolClient.java:onNext(254)) - client-C0E347E82FC5->e6065258-5a2c-4a72-9f81-ed1321f551ca: receive RaftClientReply:client-C0E347E82FC5->e6065258-5a2c-4a72-9f81-ed1321f551ca@group-13364FE26125, cid=1398, SUCCESS, logIndex=2353, commits[e6065258-5a2c-4a72-9f81-ed1321f551ca:c2353]
2019-06-14 09:09:34,759 INFO  client.GrpcClientProtocolClient (GrpcClientProtocolClient.java:onNext(254)) - client-C0E347E82FC5->e6065258-5a2c-4a72-9f81-ed1321f551ca: receive RaftClientReply:client-C0E347E82FC5->e6065258-5a2c-4a72-9f81-ed1321f551ca@group-13364FE26125, cid=1399, SUCCESS, logIndex=2354, commits[e6065258-5a2c-4a72-9f81-ed1321f551ca:c2356]
2019-06-14 09:09:34,760 INFO  client.GrpcClientProtocolClient (GrpcClientProtocolClient.java:onNext(254)) - client-C0E347E82FC5->e6065258-5a2c-4a72-9f81-ed1321f551ca: receive RaftClientReply:client-C0E347E82FC5->e6065258-5a2c-4a72-9f81-ed1321f551ca@group-13364FE26125, cid=1400, SUCCESS, logIndex=2355, commits[e6065258-5a2c-4a72-9f81-ed1321f551ca:c2356]
2019-06-14 09:09:34,769 INFO  client.GrpcClientProtocolClient (GrpcClientProtocolClient.java:onNext(254)) - client-C0E347E82FC5->e6065258-5a2c-4a72-9f81-ed1321f551ca: receive RaftClientReply:client-C0E347E82FC5->e6065258-5a2c-4a72-9f81-ed1321f551ca@group-13364FE26125, cid=1401, SUCCESS, logIndex=2357, commits[e6065258-5a2c-4a72-9f81-ed1321f551ca:c2357]
2019-06-14 09:09:34,772 DEBUG block.SCMBlockDeletingService (SCMBlockDeletingService.java:call(138)) - Running DeletedBlockTransactionScanner
2019-06-14 09:09:34,772 DEBUG block.SCMBlockDeletingService (SCMBlockDeletingService.java:call(155)) - Scanned deleted blocks log and got 0 delTX to process.
2019-06-14 09:09:34,772 INFO  client.GrpcClientProtocolClient (GrpcClientProtocolClient.java:onNext(254)) - client-C0E347E82FC5->e6065258-5a2c-4a72-9f81-ed1321f551ca: receive RaftClientReply:client-C0E347E82FC5->e6065258-5a2c-4a72-9f81-ed1321f551ca@group-13364FE26125, cid=1402, SUCCESS, logIndex=2359, commits[e6065258-5a2c-4a72-9f81-ed1321f551ca:c2359]
2019-06-14 09:09:34,773 INFO  client.GrpcClientProtocolClient (GrpcClientProtocolClient.java:onNext(254)) - client-C0E347E82FC5->e6065258-5a2c-4a72-9f81-ed1321f551ca: receive RaftClientReply:client-C0E347E82FC5->e6065258-5a2c-4a72-9f81-ed1321f551ca@group-13364FE26125, cid=1403, SUCCESS, logIndex=2360, commits[e6065258-5a2c-4a72-9f81-ed1321f551ca:c2362]
2019-06-14 09:09:34,773 INFO  client.GrpcClientProtocolClient (GrpcClientProtocolClient.java:onNext(254)) - client-C0E347E82FC5->e6065258-5a2c-4a72-9f81-ed1321f551ca: receive RaftClientReply:client-C0E347E82FC5->e6065258-5a2c-4a72-9f81-ed1321f551ca@group-13364FE26125, cid=1404, SUCCESS, logIndex=2362, commits[e6065258-5a2c-4a72-9f81-ed1321f551ca:c2363]
2019-06-14 09:09:34,778 INFO  client.GrpcClientProtocolClient (GrpcClientProtocolClient.java:onNext(254)) - client-C0E347E82FC5->e6065258-5a2c-4a72-9f81-ed1321f551ca: receive RaftClientReply:client-C0E347E82FC5->e6065258-5a2c-4a72-9f81-ed1321f551ca@group-13364FE26125, cid=1405, SUCCESS, logIndex=2364, commits[e6065258-5a2c-4a72-9f81-ed1321f551ca:c2364]
2019-06-14 09:09:34,781 INFO  client.GrpcClientProtocolClient (GrpcClientProtocolClient.java:onNext(254)) - client-C0E347E82FC5->e6065258-5a2c-4a72-9f81-ed1321f551ca: receive RaftClientReply:client-C0E347E82FC5->e6065258-5a2c-4a72-9f81-ed1321f551ca@group-13364FE26125, cid=1406, SUCCESS, logIndex=2366, commits[e6065258-5a2c-4a72-9f81-ed1321f551ca:c2366]
2019-06-14 09:09:34,781 INFO  client.GrpcClientProtocolClient (GrpcClientProtocolClient.java:onNext(254)) - client-C0E347E82FC5->e6065258-5a2c-4a72-9f81-ed1321f551ca: receive RaftClientReply:client-C0E347E82FC5->e6065258-5a2c-4a72-9f81-ed1321f551ca@group-13364FE26125, cid=1407, SUCCESS, logIndex=2367, commits[e6065258-5a2c-4a72-9f81-ed1321f551ca:c2368]
2019-06-14 09:09:34,782 INFO  client.GrpcClientProtocolClient (GrpcClientProtocolClient.java:onNext(254)) - client-C0E347E82FC5->e6065258-5a2c-4a72-9f81-ed1321f551ca: receive RaftClientReply:client-C0E347E82FC5->e6065258-5a2c-4a72-9f81-ed1321f551ca@group-13364FE26125, cid=1408, SUCCESS, logIndex=2368, commits[e6065258-5a2c-4a72-9f81-ed1321f551ca:c2368]
2019-06-14 09:09:34,796 INFO  client.GrpcClientProtocolClient (GrpcClientProtocolClient.java:onNext(254)) - client-C0E347E82FC5->e6065258-5a2c-4a72-9f81-ed1321f551ca: receive RaftClientReply:client-C0E347E82FC5->e6065258-5a2c-4a72-9f81-ed1321f551ca@group-13364FE26125, cid=1409, SUCCESS, logIndex=2371, commits[e6065258-5a2c-4a72-9f81-ed1321f551ca:c2371]
2019-06-14 09:09:34,797 INFO  client.GrpcClientProtocolClient (GrpcClientProtocolClient.java:onNext(254)) - client-C0E347E82FC5->e6065258-5a2c-4a72-9f81-ed1321f551ca: receive RaftClientReply:client-C0E347E82FC5->e6065258-5a2c-4a72-9f81-ed1321f551ca@group-13364FE26125, cid=1410, SUCCESS, logIndex=2373, commits[e6065258-5a2c-4a72-9f81-ed1321f551ca:c2373]
2019-06-14 09:09:34,798 INFO  client.GrpcClientProtocolClient (GrpcClientProtocolClient.java:onNext(254)) - client-C0E347E82FC5->e6065258-5a2c-4a72-9f81-ed1321f551ca: receive RaftClientReply:client-C0E347E82FC5->e6065258-5a2c-4a72-9f81-ed1321f551ca@group-13364FE26125, cid=1411, SUCCESS, logIndex=2374, commits[e6065258-5a2c-4a72-9f81-ed1321f551ca:c2376]
2019-06-14 09:09:34,798 INFO  client.GrpcClientProtocolClient (GrpcClientProtocolClient.java:onNext(254)) - client-C0E347E82FC5->e6065258-5a2c-4a72-9f81-ed1321f551ca: receive RaftClientReply:client-C0E347E82FC5->e6065258-5a2c-4a72-9f81-ed1321f551ca@group-13364FE26125, cid=1412, SUCCESS, logIndex=2375, commits[e6065258-5a2c-4a72-9f81-ed1321f551ca:c2376]
2019-06-14 09:09:34,804 INFO  client.GrpcClientProtocolClient (GrpcClientProtocolClient.java:onNext(254)) - client-C0E347E82FC5->e6065258-5a2c-4a72-9f81-ed1321f551ca: receive RaftClientReply:client-C0E347E82FC5->e6065258-5a2c-4a72-9f81-ed1321f551ca@group-13364FE26125, cid=1413, SUCCESS, logIndex=2377, commits[e6065258-5a2c-4a72-9f81-ed1321f551ca:c2377]
2019-06-14 09:09:34,805 INFO  client.GrpcClientProtocolClient (GrpcClientProtocolClient.java:onNext(254)) - client-C0E347E82FC5->e6065258-5a2c-4a72-9f81-ed1321f551ca: receive RaftClientReply:client-C0E347E82FC5->e6065258-5a2c-4a72-9f81-ed1321f551ca@group-13364FE26125, cid=1414, SUCCESS, logIndex=2379, commits[e6065258-5a2c-4a72-9f81-ed1321f551ca:c2379]
2019-06-14 09:09:34,871 INFO  storage.RaftLogWorker (RaftLogWorker.java:rollLogSegment(303)) - e6065258-5a2c-4a72-9f81-ed1321f551ca-RaftLogWorker: Rolling segment log-2313_2382 to index:2382
2019-06-14 09:09:34,871 INFO  client.GrpcClientProtocolClient (GrpcClientProtocolClient.java:onNext(254)) - client-C0E347E82FC5->e6065258-5a2c-4a72-9f81-ed1321f551ca: receive RaftClientReply:client-C0E347E82FC5->e6065258-5a2c-4a72-9f81-ed1321f551ca@group-13364FE26125, cid=1415, SUCCESS, logIndex=2381, commits[e6065258-5a2c-4a72-9f81-ed1321f551ca:c2381]
2019-06-14 09:09:34,871 INFO  storage.RaftLogWorker (RaftLogWorker.java:execute(433)) - e6065258-5a2c-4a72-9f81-ed1321f551ca-RaftLogWorker: Rolled log segment from /opt/src/hadoop-ozone/integration-test/target/test-dir/MiniOzoneClusterImpl-a56da109-a1cb-4168-8966-62306f2f2d23/datanode-0/data/ratis/920138aa-6f47-4d6d-b5cc-13364fe26125/current/log_inprogress_2313 to /opt/src/hadoop-ozone/integration-test/target/test-dir/MiniOzoneClusterImpl-a56da109-a1cb-4168-8966-62306f2f2d23/datanode-0/data/ratis/920138aa-6f47-4d6d-b5cc-13364fe26125/current/log_2313-2382
2019-06-14 09:09:34,872 DEBUG block.SCMBlockDeletingService (SCMBlockDeletingService.java:call(138)) - Running DeletedBlockTransactionScanner
2019-06-14 09:09:34,873 DEBUG block.SCMBlockDeletingService (SCMBlockDeletingService.java:call(155)) - Scanned deleted blocks log and got 0 delTX to process.
2019-06-14 09:09:34,907 INFO  storage.RaftLogWorker (RaftLogWorker.java:execute(469)) - e6065258-5a2c-4a72-9f81-ed1321f551ca-RaftLogWorker: created new log segment /opt/src/hadoop-ozone/integration-test/target/test-dir/MiniOzoneClusterImpl-a56da109-a1cb-4168-8966-62306f2f2d23/datanode-0/data/ratis/920138aa-6f47-4d6d-b5cc-13364fe26125/current/log_inprogress_2383
2019-06-14 09:09:34,909 INFO  client.GrpcClientProtocolClient (GrpcClientProtocolClient.java:onNext(254)) - client-C0E347E82FC5->e6065258-5a2c-4a72-9f81-ed1321f551ca: receive RaftClientReply:client-C0E347E82FC5->e6065258-5a2c-4a72-9f81-ed1321f551ca@group-13364FE26125, cid=1416, SUCCESS, logIndex=2383, commits[e6065258-5a2c-4a72-9f81-ed1321f551ca:c2383]
2019-06-14 09:09:34,918 INFO  client.GrpcClientProtocolClient (GrpcClientProtocolClient.java:onNext(254)) - client-C0E347E82FC5->e6065258-5a2c-4a72-9f81-ed1321f551ca: receive RaftClientReply:client-C0E347E82FC5->e6065258-5a2c-4a72-9f81-ed1321f551ca@group-13364FE26125, cid=1417, SUCCESS, logIndex=2385, commits[e6065258-5a2c-4a72-9f81-ed1321f551ca:c2385]
2019-06-14 09:09:34,919 INFO  client.GrpcClientProtocolClient (GrpcClientProtocolClient.java:onNext(254)) - client-C0E347E82FC5->e6065258-5a2c-4a72-9f81-ed1321f551ca: receive RaftClientReply:client-C0E347E82FC5->e6065258-5a2c-4a72-9f81-ed1321f551ca@group-13364FE26125, cid=1418, SUCCESS, logIndex=2387, commits[e6065258-5a2c-4a72-9f81-ed1321f551ca:c2387]
2019-06-14 09:09:34,920 INFO  client.GrpcClientProtocolClient (GrpcClientProtocolClient.java:onNext(254)) - client-C0E347E82FC5->e6065258-5a2c-4a72-9f81-ed1321f551ca: receive RaftClientReply:client-C0E347E82FC5->e6065258-5a2c-4a72-9f81-ed1321f551ca@group-13364FE26125, cid=1419, SUCCESS, logIndex=2388, commits[e6065258-5a2c-4a72-9f81-ed1321f551ca:c2390]
2019-06-14 09:09:34,920 INFO  client.GrpcClientProtocolClient (GrpcClientProtocolClient.java:onNext(254)) - client-C0E347E82FC5->e6065258-5a2c-4a72-9f81-ed1321f551ca: receive RaftClientReply:client-C0E347E82FC5->e6065258-5a2c-4a72-9f81-ed1321f551ca@group-13364FE26125, cid=1420, SUCCESS, logIndex=2389, commits[e6065258-5a2c-4a72-9f81-ed1321f551ca:c2390]
2019-06-14 09:09:34,926 INFO  client.GrpcClientProtocolClient (GrpcClientProtocolClient.java:onNext(254)) - client-C0E347E82FC5->e6065258-5a2c-4a72-9f81-ed1321f551ca: receive RaftClientReply:client-C0E347E82FC5->e6065258-5a2c-4a72-9f81-ed1321f551ca@group-13364FE26125, cid=1421, SUCCESS, logIndex=2391, commits[e6065258-5a2c-4a72-9f81-ed1321f551ca:c2391]
2019-06-14 09:09:34,927 INFO  client.GrpcClientProtocolClient (GrpcClientProtocolClient.java:onNext(254)) - client-C0E347E82FC5->e6065258-5a2c-4a72-9f81-ed1321f551ca: receive RaftClientReply:client-C0E347E82FC5->e6065258-5a2c-4a72-9f81-ed1321f551ca@group-13364FE26125, cid=1422, SUCCESS, logIndex=2393, commits[e6065258-5a2c-4a72-9f81-ed1321f551ca:c2393]
2019-06-14 09:09:34,931 INFO  client.GrpcClientProtocolClient (GrpcClientProtocolClient.java:onNext(254)) - client-C0E347E82FC5->e6065258-5a2c-4a72-9f81-ed1321f551ca: receive RaftClientReply:client-C0E347E82FC5->e6065258-5a2c-4a72-9f81-ed1321f551ca@group-13364FE26125, cid=1423, SUCCESS, logIndex=2395, commits[e6065258-5a2c-4a72-9f81-ed1321f551ca:c2396]
2019-06-14 09:09:34,932 INFO  client.GrpcClientProtocolClient (GrpcClientProtocolClient.java:onNext(254)) - client-C0E347E82FC5->e6065258-5a2c-4a72-9f81-ed1321f551ca: receive RaftClientReply:client-C0E347E82FC5->e6065258-5a2c-4a72-9f81-ed1321f551ca@group-13364FE26125, cid=1424, SUCCESS, logIndex=2396, commits[e6065258-5a2c-4a72-9f81-ed1321f551ca:c2396]
2019-06-14 09:09:34,942 INFO  client.GrpcClientProtocolClient (GrpcClientProtocolClient.java:onNext(254)) - client-C0E347E82FC5->e6065258-5a2c-4a72-9f81-ed1321f551ca: receive RaftClientReply:client-C0E347E82FC5->e6065258-5a2c-4a72-9f81-ed1321f551ca@group-13364FE26125, cid=1425, SUCCESS, logIndex=2398, commits[e6065258-5a2c-4a72-9f81-ed1321f551ca:c2398]
2019-06-14 09:09:34,944 INFO  client.GrpcClientProtocolClient (GrpcClientProtocolClient.java:onNext(254)) - client-C0E347E82FC5->e6065258-5a2c-4a72-9f81-ed1321f551ca: receive RaftClientReply:client-C0E347E82FC5->e6065258-5a2c-4a72-9f81-ed1321f551ca@group-13364FE26125, cid=1426, SUCCESS, logIndex=2400, commits[e6065258-5a2c-4a72-9f81-ed1321f551ca:c2400]
2019-06-14 09:09:34,945 INFO  client.GrpcClientProtocolClient (GrpcClientProtocolClient.java:onNext(254)) - client-C0E347E82FC5->e6065258-5a2c-4a72-9f81-ed1321f551ca: receive RaftClientReply:client-C0E347E82FC5->e6065258-5a2c-4a72-9f81-ed1321f551ca@group-13364FE26125, cid=1427, SUCCESS, logIndex=2401, commits[e6065258-5a2c-4a72-9f81-ed1321f551ca:c2403]
2019-06-14 09:09:34,945 INFO  client.GrpcClientProtocolClient (GrpcClientProtocolClient.java:onNext(254)) - client-C0E347E82FC5->e6065258-5a2c-4a72-9f81-ed1321f551ca: receive RaftClientReply:client-C0E347E82FC5->e6065258-5a2c-4a72-9f81-ed1321f551ca@group-13364FE26125, cid=1428, SUCCESS, logIndex=2402, commits[e6065258-5a2c-4a72-9f81-ed1321f551ca:c2403]
2019-06-14 09:09:34,950 INFO  client.GrpcClientProtocolClient (GrpcClientProtocolClient.java:onNext(254)) - client-C0E347E82FC5->e6065258-5a2c-4a72-9f81-ed1321f551ca: receive RaftClientReply:client-C0E347E82FC5->e6065258-5a2c-4a72-9f81-ed1321f551ca@group-13364FE26125, cid=1429, SUCCESS, logIndex=2404, commits[e6065258-5a2c-4a72-9f81-ed1321f551ca:c2404]
2019-06-14 09:09:34,951 INFO  client.GrpcClientProtocolClient (GrpcClientProtocolClient.java:onNext(254)) - client-C0E347E82FC5->e6065258-5a2c-4a72-9f81-ed1321f551ca: receive RaftClientReply:client-C0E347E82FC5->e6065258-5a2c-4a72-9f81-ed1321f551ca@group-13364FE26125, cid=1430, SUCCESS, logIndex=2406, commits[e6065258-5a2c-4a72-9f81-ed1321f551ca:c2406]
2019-06-14 09:09:34,953 INFO  client.GrpcClientProtocolClient (GrpcClientProtocolClient.java:onNext(254)) - client-C0E347E82FC5->e6065258-5a2c-4a72-9f81-ed1321f551ca: receive RaftClientReply:client-C0E347E82FC5->e6065258-5a2c-4a72-9f81-ed1321f551ca@group-13364FE26125, cid=1431, SUCCESS, logIndex=2407, commits[e6065258-5a2c-4a72-9f81-ed1321f551ca:c2409]
2019-06-14 09:09:34,953 INFO  client.GrpcClientProtocolClient (GrpcClientProtocolClient.java:onNext(254)) - client-C0E347E82FC5->e6065258-5a2c-4a72-9f81-ed1321f551ca: receive RaftClientReply:client-C0E347E82FC5->e6065258-5a2c-4a72-9f81-ed1321f551ca@group-13364FE26125, cid=1432, SUCCESS, logIndex=2408, commits[e6065258-5a2c-4a72-9f81-ed1321f551ca:c2409]
2019-06-14 09:09:34,972 INFO  client.GrpcClientProtocolClient (GrpcClientProtocolClient.java:onNext(254)) - client-C0E347E82FC5->e6065258-5a2c-4a72-9f81-ed1321f551ca: receive RaftClientReply:client-C0E347E82FC5->e6065258-5a2c-4a72-9f81-ed1321f551ca@group-13364FE26125, cid=1433, SUCCESS, logIndex=2410, commits[e6065258-5a2c-4a72-9f81-ed1321f551ca:c2410]
2019-06-14 09:09:34,973 DEBUG block.SCMBlockDeletingService (SCMBlockDeletingService.java:call(138)) - Running DeletedBlockTransactionScanner
2019-06-14 09:09:34,973 DEBUG block.SCMBlockDeletingService (SCMBlockDeletingService.java:call(155)) - Scanned deleted blocks log and got 0 delTX to process.
2019-06-14 09:09:34,976 INFO  client.GrpcClientProtocolClient (GrpcClientProtocolClient.java:onNext(254)) - client-C0E347E82FC5->e6065258-5a2c-4a72-9f81-ed1321f551ca: receive RaftClientReply:client-C0E347E82FC5->e6065258-5a2c-4a72-9f81-ed1321f551ca@group-13364FE26125, cid=1434, SUCCESS, logIndex=2412, commits[e6065258-5a2c-4a72-9f81-ed1321f551ca:c2412]
2019-06-14 09:09:34,983 INFO  client.GrpcClientProtocolClient (GrpcClientProtocolClient.java:onNext(254)) - client-C0E347E82FC5->e6065258-5a2c-4a72-9f81-ed1321f551ca: receive RaftClientReply:client-C0E347E82FC5->e6065258-5a2c-4a72-9f81-ed1321f551ca@group-13364FE26125, cid=1435, SUCCESS, logIndex=2413, commits[e6065258-5a2c-4a72-9f81-ed1321f551ca:c2415]
2019-06-14 09:09:34,984 INFO  client.GrpcClientProtocolClient (GrpcClientProtocolClient.java:onNext(254)) - client-C0E347E82FC5->e6065258-5a2c-4a72-9f81-ed1321f551ca: receive RaftClientReply:client-C0E347E82FC5->e6065258-5a2c-4a72-9f81-ed1321f551ca@group-13364FE26125, cid=1436, SUCCESS, logIndex=2414, commits[e6065258-5a2c-4a72-9f81-ed1321f551ca:c2415]
2019-06-14 09:09:34,990 INFO  client.GrpcClientProtocolClient (GrpcClientProtocolClient.java:onNext(254)) - client-C0E347E82FC5->e6065258-5a2c-4a72-9f81-ed1321f551ca: receive RaftClientReply:client-C0E347E82FC5->e6065258-5a2c-4a72-9f81-ed1321f551ca@group-13364FE26125, cid=1437, SUCCESS, logIndex=2416, commits[e6065258-5a2c-4a72-9f81-ed1321f551ca:c2416]
2019-06-14 09:09:35,037 INFO  client.GrpcClientProtocolClient (GrpcClientProtocolClient.java:onNext(254)) - client-C0E347E82FC5->e6065258-5a2c-4a72-9f81-ed1321f551ca: receive RaftClientReply:client-C0E347E82FC5->e6065258-5a2c-4a72-9f81-ed1321f551ca@group-13364FE26125, cid=1438, SUCCESS, logIndex=2418, commits[e6065258-5a2c-4a72-9f81-ed1321f551ca:c2418]
2019-06-14 09:09:35,038 INFO  client.GrpcClientProtocolClient (GrpcClientProtocolClient.java:onNext(254)) - client-C0E347E82FC5->e6065258-5a2c-4a72-9f81-ed1321f551ca: receive RaftClientReply:client-C0E347E82FC5->e6065258-5a2c-4a72-9f81-ed1321f551ca@group-13364FE26125, cid=1439, SUCCESS, logIndex=2420, commits[e6065258-5a2c-4a72-9f81-ed1321f551ca:c2421]
2019-06-14 09:09:35,038 INFO  client.GrpcClientProtocolClient (GrpcClientProtocolClient.java:onNext(254)) - client-C0E347E82FC5->e6065258-5a2c-4a72-9f81-ed1321f551ca: receive RaftClientReply:client-C0E347E82FC5->e6065258-5a2c-4a72-9f81-ed1321f551ca@group-13364FE26125, cid=1440, SUCCESS, logIndex=2421, commits[e6065258-5a2c-4a72-9f81-ed1321f551ca:c2422]
2019-06-14 09:09:35,047 INFO  client.GrpcClientProtocolClient (GrpcClientProtocolClient.java:onNext(254)) - client-C0E347E82FC5->e6065258-5a2c-4a72-9f81-ed1321f551ca: receive RaftClientReply:client-C0E347E82FC5->e6065258-5a2c-4a72-9f81-ed1321f551ca@group-13364FE26125, cid=1441, SUCCESS, logIndex=2423, commits[e6065258-5a2c-4a72-9f81-ed1321f551ca:c2423]
2019-06-14 09:09:35,049 INFO  client.GrpcClientProtocolClient (GrpcClientProtocolClient.java:onNext(254)) - client-C0E347E82FC5->e6065258-5a2c-4a72-9f81-ed1321f551ca: receive RaftClientReply:client-C0E347E82FC5->e6065258-5a2c-4a72-9f81-ed1321f551ca@group-13364FE26125, cid=1442, SUCCESS, logIndex=2425, commits[e6065258-5a2c-4a72-9f81-ed1321f551ca:c2425]
2019-06-14 09:09:35,050 INFO  client.GrpcClientProtocolClient (GrpcClientProtocolClient.java:onNext(254)) - client-C0E347E82FC5->e6065258-5a2c-4a72-9f81-ed1321f551ca: receive RaftClientReply:client-C0E347E82FC5->e6065258-5a2c-4a72-9f81-ed1321f551ca@group-13364FE26125, cid=1443, SUCCESS, logIndex=2426, commits[e6065258-5a2c-4a72-9f81-ed1321f551ca:c2428]
2019-06-14 09:09:35,050 INFO  client.GrpcClientProtocolClient (GrpcClientProtocolClient.java:onNext(254)) - client-C0E347E82FC5->e6065258-5a2c-4a72-9f81-ed1321f551ca: receive RaftClientReply:client-C0E347E82FC5->e6065258-5a2c-4a72-9f81-ed1321f551ca@group-13364FE26125, cid=1444, SUCCESS, logIndex=2427, commits[e6065258-5a2c-4a72-9f81-ed1321f551ca:c2428]
2019-06-14 09:09:35,056 INFO  client.GrpcClientProtocolClient (GrpcClientProtocolClient.java:onNext(254)) - client-C0E347E82FC5->e6065258-5a2c-4a72-9f81-ed1321f551ca: receive RaftClientReply:client-C0E347E82FC5->e6065258-5a2c-4a72-9f81-ed1321f551ca@group-13364FE26125, cid=1445, SUCCESS, logIndex=2429, commits[e6065258-5a2c-4a72-9f81-ed1321f551ca:c2429]
2019-06-14 09:09:35,057 INFO  client.GrpcClientProtocolClient (GrpcClientProtocolClient.java:onNext(254)) - client-C0E347E82FC5->e6065258-5a2c-4a72-9f81-ed1321f551ca: receive RaftClientReply:client-C0E347E82FC5->e6065258-5a2c-4a72-9f81-ed1321f551ca@group-13364FE26125, cid=1446, SUCCESS, logIndex=2431, commits[e6065258-5a2c-4a72-9f81-ed1321f551ca:c2431]
2019-06-14 09:09:35,059 INFO  client.GrpcClientProtocolClient (GrpcClientProtocolClient.java:onNext(254)) - client-C0E347E82FC5->e6065258-5a2c-4a72-9f81-ed1321f551ca: receive RaftClientReply:client-C0E347E82FC5->e6065258-5a2c-4a72-9f81-ed1321f551ca@group-13364FE26125, cid=1447, SUCCESS, logIndex=2432, commits[e6065258-5a2c-4a72-9f81-ed1321f551ca:c2434]
2019-06-14 09:09:35,059 INFO  client.GrpcClientProtocolClient (GrpcClientProtocolClient.java:onNext(254)) - client-C0E347E82FC5->e6065258-5a2c-4a72-9f81-ed1321f551ca: receive RaftClientReply:client-C0E347E82FC5->e6065258-5a2c-4a72-9f81-ed1321f551ca@group-13364FE26125, cid=1448, SUCCESS, logIndex=2433, commits[e6065258-5a2c-4a72-9f81-ed1321f551ca:c2434]
2019-06-14 09:09:35,067 INFO  client.GrpcClientProtocolClient (GrpcClientProtocolClient.java:onNext(254)) - client-C0E347E82FC5->e6065258-5a2c-4a72-9f81-ed1321f551ca: receive RaftClientReply:client-C0E347E82FC5->e6065258-5a2c-4a72-9f81-ed1321f551ca@group-13364FE26125, cid=1449, SUCCESS, logIndex=2435, commits[e6065258-5a2c-4a72-9f81-ed1321f551ca:c2435]
2019-06-14 09:09:35,068 INFO  client.GrpcClientProtocolClient (GrpcClientProtocolClient.java:onNext(254)) - client-C0E347E82FC5->e6065258-5a2c-4a72-9f81-ed1321f551ca: receive RaftClientReply:client-C0E347E82FC5->e6065258-5a2c-4a72-9f81-ed1321f551ca@group-13364FE26125, cid=1450, SUCCESS, logIndex=2437, commits[e6065258-5a2c-4a72-9f81-ed1321f551ca:c2437]
2019-06-14 09:09:35,070 INFO  client.GrpcClientProtocolClient (GrpcClientProtocolClient.java:onNext(254)) - client-C0E347E82FC5->e6065258-5a2c-4a72-9f81-ed1321f551ca: receive RaftClientReply:client-C0E347E82FC5->e6065258-5a2c-4a72-9f81-ed1321f551ca@group-13364FE26125, cid=1451, SUCCESS, logIndex=2438, commits[e6065258-5a2c-4a72-9f81-ed1321f551ca:c2440]
2019-06-14 09:09:35,070 INFO  client.GrpcClientProtocolClient (GrpcClientProtocolClient.java:onNext(254)) - client-C0E347E82FC5->e6065258-5a2c-4a72-9f81-ed1321f551ca: receive RaftClientReply:client-C0E347E82FC5->e6065258-5a2c-4a72-9f81-ed1321f551ca@group-13364FE26125, cid=1452, SUCCESS, logIndex=2439, commits[e6065258-5a2c-4a72-9f81-ed1321f551ca:c2440]
2019-06-14 09:09:35,074 DEBUG block.SCMBlockDeletingService (SCMBlockDeletingService.java:call(138)) - Running DeletedBlockTransactionScanner
2019-06-14 09:09:35,074 DEBUG block.SCMBlockDeletingService (SCMBlockDeletingService.java:call(155)) - Scanned deleted blocks log and got 0 delTX to process.
2019-06-14 09:09:35,075 INFO  client.GrpcClientProtocolClient (GrpcClientProtocolClient.java:onNext(254)) - client-C0E347E82FC5->e6065258-5a2c-4a72-9f81-ed1321f551ca: receive RaftClientReply:client-C0E347E82FC5->e6065258-5a2c-4a72-9f81-ed1321f551ca@group-13364FE26125, cid=1453, SUCCESS, logIndex=2441, commits[e6065258-5a2c-4a72-9f81-ed1321f551ca:c2441]
2019-06-14 09:09:35,077 INFO  client.GrpcClientProtocolClient (GrpcClientProtocolClient.java:onNext(254)) - client-C0E347E82FC5->e6065258-5a2c-4a72-9f81-ed1321f551ca: receive RaftClientReply:client-C0E347E82FC5->e6065258-5a2c-4a72-9f81-ed1321f551ca@group-13364FE26125, cid=1454, SUCCESS, logIndex=2443, commits[e6065258-5a2c-4a72-9f81-ed1321f551ca:c2443]
2019-06-14 09:09:35,078 INFO  client.GrpcClientProtocolClient (GrpcClientProtocolClient.java:onNext(254)) - client-C0E347E82FC5->e6065258-5a2c-4a72-9f81-ed1321f551ca: receive RaftClientReply:client-C0E347E82FC5->e6065258-5a2c-4a72-9f81-ed1321f551ca@group-13364FE26125, cid=1455, SUCCESS, logIndex=2444, commits[e6065258-5a2c-4a72-9f81-ed1321f551ca:c2446]
2019-06-14 09:09:35,078 INFO  client.GrpcClientProtocolClient (GrpcClientProtocolClient.java:onNext(254)) - client-C0E347E82FC5->e6065258-5a2c-4a72-9f81-ed1321f551ca: receive RaftClientReply:client-C0E347E82FC5->e6065258-5a2c-4a72-9f81-ed1321f551ca@group-13364FE26125, cid=1456, SUCCESS, logIndex=2445, commits[e6065258-5a2c-4a72-9f81-ed1321f551ca:c2446]
2019-06-14 09:09:35,087 INFO  client.GrpcClientProtocolClient (GrpcClientProtocolClient.java:onNext(254)) - client-C0E347E82FC5->e6065258-5a2c-4a72-9f81-ed1321f551ca: receive RaftClientReply:client-C0E347E82FC5->e6065258-5a2c-4a72-9f81-ed1321f551ca@group-13364FE26125, cid=1457, SUCCESS, logIndex=2447, commits[e6065258-5a2c-4a72-9f81-ed1321f551ca:c2447]
2019-06-14 09:09:35,088 INFO  client.GrpcClientProtocolClient (GrpcClientProtocolClient.java:onNext(254)) - client-C0E347E82FC5->e6065258-5a2c-4a72-9f81-ed1321f551ca: receive RaftClientReply:client-C0E347E82FC5->e6065258-5a2c-4a72-9f81-ed1321f551ca@group-13364FE26125, cid=1458, SUCCESS, logIndex=2449, commits[e6065258-5a2c-4a72-9f81-ed1321f551ca:c2449]
2019-06-14 09:09:35,151 INFO  storage.RaftLogWorker (RaftLogWorker.java:rollLogSegment(303)) - e6065258-5a2c-4a72-9f81-ed1321f551ca-RaftLogWorker: Rolling segment log-2383_2450 to index:2450
2019-06-14 09:09:35,152 INFO  storage.RaftLogWorker (RaftLogWorker.java:execute(433)) - e6065258-5a2c-4a72-9f81-ed1321f551ca-RaftLogWorker: Rolled log segment from /opt/src/hadoop-ozone/integration-test/target/test-dir/MiniOzoneClusterImpl-a56da109-a1cb-4168-8966-62306f2f2d23/datanode-0/data/ratis/920138aa-6f47-4d6d-b5cc-13364fe26125/current/log_inprogress_2383 to /opt/src/hadoop-ozone/integration-test/target/test-dir/MiniOzoneClusterImpl-a56da109-a1cb-4168-8966-62306f2f2d23/datanode-0/data/ratis/920138aa-6f47-4d6d-b5cc-13364fe26125/current/log_2383-2450
2019-06-14 09:09:35,190 DEBUG block.SCMBlockDeletingService (SCMBlockDeletingService.java:call(138)) - Running DeletedBlockTransactionScanner
2019-06-14 09:09:35,194 DEBUG block.SCMBlockDeletingService (SCMBlockDeletingService.java:call(155)) - Scanned deleted blocks log and got 0 delTX to process.
2019-06-14 09:09:35,197 INFO  storage.RaftLogWorker (RaftLogWorker.java:execute(469)) - e6065258-5a2c-4a72-9f81-ed1321f551ca-RaftLogWorker: created new log segment /opt/src/hadoop-ozone/integration-test/target/test-dir/MiniOzoneClusterImpl-a56da109-a1cb-4168-8966-62306f2f2d23/datanode-0/data/ratis/920138aa-6f47-4d6d-b5cc-13364fe26125/current/log_inprogress_2451
2019-06-14 09:09:35,199 INFO  client.GrpcClientProtocolClient (GrpcClientProtocolClient.java:onNext(254)) - client-C0E347E82FC5->e6065258-5a2c-4a72-9f81-ed1321f551ca: receive RaftClientReply:client-C0E347E82FC5->e6065258-5a2c-4a72-9f81-ed1321f551ca@group-13364FE26125, cid=1459, SUCCESS, logIndex=2451, commits[e6065258-5a2c-4a72-9f81-ed1321f551ca:c2451]
2019-06-14 09:09:35,200 INFO  client.GrpcClientProtocolClient (GrpcClientProtocolClient.java:onNext(254)) - client-C0E347E82FC5->e6065258-5a2c-4a72-9f81-ed1321f551ca: receive RaftClientReply:client-C0E347E82FC5->e6065258-5a2c-4a72-9f81-ed1321f551ca@group-13364FE26125, cid=1460, SUCCESS, logIndex=2453, commits[e6065258-5a2c-4a72-9f81-ed1321f551ca:c2453]
2019-06-14 09:09:35,207 INFO  client.GrpcClientProtocolClient (GrpcClientProtocolClient.java:onNext(254)) - client-C0E347E82FC5->e6065258-5a2c-4a72-9f81-ed1321f551ca: receive RaftClientReply:client-C0E347E82FC5->e6065258-5a2c-4a72-9f81-ed1321f551ca@group-13364FE26125, cid=1461, SUCCESS, logIndex=2455, commits[e6065258-5a2c-4a72-9f81-ed1321f551ca:c2455]
2019-06-14 09:09:35,210 INFO  client.GrpcClientProtocolClient (GrpcClientProtocolClient.java:onNext(254)) - client-C0E347E82FC5->e6065258-5a2c-4a72-9f81-ed1321f551ca: receive RaftClientReply:client-C0E347E82FC5->e6065258-5a2c-4a72-9f81-ed1321f551ca@group-13364FE26125, cid=1462, SUCCESS, logIndex=2457, commits[e6065258-5a2c-4a72-9f81-ed1321f551ca:c2457]
2019-06-14 09:09:35,210 INFO  client.GrpcClientProtocolClient (GrpcClientProtocolClient.java:onNext(254)) - client-C0E347E82FC5->e6065258-5a2c-4a72-9f81-ed1321f551ca: receive RaftClientReply:client-C0E347E82FC5->e6065258-5a2c-4a72-9f81-ed1321f551ca@group-13364FE26125, cid=1463, SUCCESS, logIndex=2458, commits[e6065258-5a2c-4a72-9f81-ed1321f551ca:c2460]
2019-06-14 09:09:35,210 INFO  client.GrpcClientProtocolClient (GrpcClientProtocolClient.java:onNext(254)) - client-C0E347E82FC5->e6065258-5a2c-4a72-9f81-ed1321f551ca: receive RaftClientReply:client-C0E347E82FC5->e6065258-5a2c-4a72-9f81-ed1321f551ca@group-13364FE26125, cid=1464, SUCCESS, logIndex=2459, commits[e6065258-5a2c-4a72-9f81-ed1321f551ca:c2460]
2019-06-14 09:09:35,219 INFO  client.GrpcClientProtocolClient (GrpcClientProtocolClient.java:onNext(254)) - client-C0E347E82FC5->e6065258-5a2c-4a72-9f81-ed1321f551ca: receive RaftClientReply:client-C0E347E82FC5->e6065258-5a2c-4a72-9f81-ed1321f551ca@group-13364FE26125, cid=1465, SUCCESS, logIndex=2461, commits[e6065258-5a2c-4a72-9f81-ed1321f551ca:c2461]
2019-06-14 09:09:35,222 INFO  client.GrpcClientProtocolClient (GrpcClientProtocolClient.java:onNext(254)) - client-C0E347E82FC5->e6065258-5a2c-4a72-9f81-ed1321f551ca: receive RaftClientReply:client-C0E347E82FC5->e6065258-5a2c-4a72-9f81-ed1321f551ca@group-13364FE26125, cid=1466, SUCCESS, logIndex=2463, commits[e6065258-5a2c-4a72-9f81-ed1321f551ca:c2463]
2019-06-14 09:09:35,222 INFO  client.GrpcClientProtocolClient (GrpcClientProtocolClient.java:onNext(254)) - client-C0E347E82FC5->e6065258-5a2c-4a72-9f81-ed1321f551ca: receive RaftClientReply:client-C0E347E82FC5->e6065258-5a2c-4a72-9f81-ed1321f551ca@group-13364FE26125, cid=1467, SUCCESS, logIndex=2464, commits[e6065258-5a2c-4a72-9f81-ed1321f551ca:c2465]
2019-06-14 09:09:35,222 INFO  client.GrpcClientProtocolClient (GrpcClientProtocolClient.java:onNext(254)) - client-C0E347E82FC5->e6065258-5a2c-4a72-9f81-ed1321f551ca: receive RaftClientReply:client-C0E347E82FC5->e6065258-5a2c-4a72-9f81-ed1321f551ca@group-13364FE26125, cid=1468, SUCCESS, logIndex=2465, commits[e6065258-5a2c-4a72-9f81-ed1321f551ca:c2465]
2019-06-14 09:09:35,230 INFO  client.GrpcClientProtocolClient (GrpcClientProtocolClient.java:onNext(254)) - client-C0E347E82FC5->e6065258-5a2c-4a72-9f81-ed1321f551ca: receive RaftClientReply:client-C0E347E82FC5->e6065258-5a2c-4a72-9f81-ed1321f551ca@group-13364FE26125, cid=1469, SUCCESS, logIndex=2468, commits[e6065258-5a2c-4a72-9f81-ed1321f551ca:c2468]
2019-06-14 09:09:35,231 INFO  client.GrpcClientProtocolClient (GrpcClientProtocolClient.java:onNext(254)) - client-C0E347E82FC5->e6065258-5a2c-4a72-9f81-ed1321f551ca: receive RaftClientReply:client-C0E347E82FC5->e6065258-5a2c-4a72-9f81-ed1321f551ca@group-13364FE26125, cid=1470, SUCCESS, logIndex=2470, commits[e6065258-5a2c-4a72-9f81-ed1321f551ca:c2470]
2019-06-14 09:09:35,232 INFO  client.GrpcClientProtocolClient (GrpcClientProtocolClient.java:onNext(254)) - client-C0E347E82FC5->e6065258-5a2c-4a72-9f81-ed1321f551ca: receive RaftClientReply:client-C0E347E82FC5->e6065258-5a2c-4a72-9f81-ed1321f551ca@group-13364FE26125, cid=1471, SUCCESS, logIndex=2471, commits[e6065258-5a2c-4a72-9f81-ed1321f551ca:c2473]
2019-06-14 09:09:35,232 INFO  client.GrpcClientProtocolClient (GrpcClientProtocolClient.java:onNext(254)) - client-C0E347E82FC5->e6065258-5a2c-4a72-9f81-ed1321f551ca: receive RaftClientReply:client-C0E347E82FC5->e6065258-5a2c-4a72-9f81-ed1321f551ca@group-13364FE26125, cid=1472, SUCCESS, logIndex=2472, commits[e6065258-5a2c-4a72-9f81-ed1321f551ca:c2473]
2019-06-14 09:09:35,242 INFO  client.GrpcClientProtocolClient (GrpcClientProtocolClient.java:onNext(254)) - client-C0E347E82FC5->e6065258-5a2c-4a72-9f81-ed1321f551ca: receive RaftClientReply:client-C0E347E82FC5->e6065258-5a2c-4a72-9f81-ed1321f551ca@group-13364FE26125, cid=1473, SUCCESS, logIndex=2474, commits[e6065258-5a2c-4a72-9f81-ed1321f551ca:c2474]
2019-06-14 09:09:35,244 INFO  client.GrpcClientProtocolClient (GrpcClientProtocolClient.java:onNext(254)) - client-C0E347E82FC5->e6065258-5a2c-4a72-9f81-ed1321f551ca: receive RaftClientReply:client-C0E347E82FC5->e6065258-5a2c-4a72-9f81-ed1321f551ca@group-13364FE26125, cid=1474, SUCCESS, logIndex=2476, commits[e6065258-5a2c-4a72-9f81-ed1321f551ca:c2478]
2019-06-14 09:09:35,245 INFO  client.GrpcClientProtocolClient (GrpcClientProtocolClient.java:onNext(254)) - client-C0E347E82FC5->e6065258-5a2c-4a72-9f81-ed1321f551ca: receive RaftClientReply:client-C0E347E82FC5->e6065258-5a2c-4a72-9f81-ed1321f551ca@group-13364FE26125, cid=1475, SUCCESS, logIndex=2477, commits[e6065258-5a2c-4a72-9f81-ed1321f551ca:c2478]
2019-06-14 09:09:35,245 INFO  client.GrpcClientProtocolClient (GrpcClientProtocolClient.java:onNext(254)) - client-C0E347E82FC5->e6065258-5a2c-4a72-9f81-ed1321f551ca: receive RaftClientReply:client-C0E347E82FC5->e6065258-5a2c-4a72-9f81-ed1321f551ca@group-13364FE26125, cid=1476, SUCCESS, logIndex=2478, commits[e6065258-5a2c-4a72-9f81-ed1321f551ca:c2479]
2019-06-14 09:09:35,251 INFO  client.GrpcClientProtocolClient (GrpcClientProtocolClient.java:onNext(254)) - client-C0E347E82FC5->e6065258-5a2c-4a72-9f81-ed1321f551ca: receive RaftClientReply:client-C0E347E82FC5->e6065258-5a2c-4a72-9f81-ed1321f551ca@group-13364FE26125, cid=1477, SUCCESS, logIndex=2480, commits[e6065258-5a2c-4a72-9f81-ed1321f551ca:c2480]
2019-06-14 09:09:35,252 INFO  client.GrpcClientProtocolClient (GrpcClientProtocolClient.java:onNext(254)) - client-C0E347E82FC5->e6065258-5a2c-4a72-9f81-ed1321f551ca: receive RaftClientReply:client-C0E347E82FC5->e6065258-5a2c-4a72-9f81-ed1321f551ca@group-13364FE26125, cid=1478, SUCCESS, logIndex=2482, commits[e6065258-5a2c-4a72-9f81-ed1321f551ca:c2482]
2019-06-14 09:09:35,254 INFO  client.GrpcClientProtocolClient (GrpcClientProtocolClient.java:onNext(254)) - client-C0E347E82FC5->e6065258-5a2c-4a72-9f81-ed1321f551ca: receive RaftClientReply:client-C0E347E82FC5->e6065258-5a2c-4a72-9f81-ed1321f551ca@group-13364FE26125, cid=1479, SUCCESS, logIndex=2483, commits[e6065258-5a2c-4a72-9f81-ed1321f551ca:c2485]
2019-06-14 09:09:35,254 INFO  client.GrpcClientProtocolClient (GrpcClientProtocolClient.java:onNext(254)) - client-C0E347E82FC5->e6065258-5a2c-4a72-9f81-ed1321f551ca: receive RaftClientReply:client-C0E347E82FC5->e6065258-5a2c-4a72-9f81-ed1321f551ca@group-13364FE26125, cid=1480, SUCCESS, logIndex=2484, commits[e6065258-5a2c-4a72-9f81-ed1321f551ca:c2485]
2019-06-14 09:09:35,263 INFO  client.GrpcClientProtocolClient (GrpcClientProtocolClient.java:onNext(254)) - client-C0E347E82FC5->e6065258-5a2c-4a72-9f81-ed1321f551ca: receive RaftClientReply:client-C0E347E82FC5->e6065258-5a2c-4a72-9f81-ed1321f551ca@group-13364FE26125, cid=1481, SUCCESS, logIndex=2486, commits[e6065258-5a2c-4a72-9f81-ed1321f551ca:c2486]
2019-06-14 09:09:35,265 INFO  client.GrpcClientProtocolClient (GrpcClientProtocolClient.java:onNext(254)) - client-C0E347E82FC5->e6065258-5a2c-4a72-9f81-ed1321f551ca: receive RaftClientReply:client-C0E347E82FC5->e6065258-5a2c-4a72-9f81-ed1321f551ca@group-13364FE26125, cid=1482, SUCCESS, logIndex=2488, commits[e6065258-5a2c-4a72-9f81-ed1321f551ca:c2488]
2019-06-14 09:09:35,266 INFO  client.GrpcClientProtocolClient (GrpcClientProtocolClient.java:onNext(254)) - client-C0E347E82FC5->e6065258-5a2c-4a72-9f81-ed1321f551ca: receive RaftClientReply:client-C0E347E82FC5->e6065258-5a2c-4a72-9f81-ed1321f551ca@group-13364FE26125, cid=1483, SUCCESS, logIndex=2489, commits[e6065258-5a2c-4a72-9f81-ed1321f551ca:c2489]
2019-06-14 09:09:35,266 INFO  client.GrpcClientProtocolClient (GrpcClientProtocolClient.java:onNext(254)) - client-C0E347E82FC5->e6065258-5a2c-4a72-9f81-ed1321f551ca: receive RaftClientReply:client-C0E347E82FC5->e6065258-5a2c-4a72-9f81-ed1321f551ca@group-13364FE26125, cid=1484, SUCCESS, logIndex=2491, commits[e6065258-5a2c-4a72-9f81-ed1321f551ca:c2491]
2019-06-14 09:09:35,271 INFO  client.GrpcClientProtocolClient (GrpcClientProtocolClient.java:onNext(254)) - client-C0E347E82FC5->e6065258-5a2c-4a72-9f81-ed1321f551ca: receive RaftClientReply:client-C0E347E82FC5->e6065258-5a2c-4a72-9f81-ed1321f551ca@group-13364FE26125, cid=1485, SUCCESS, logIndex=2494, commits[e6065258-5a2c-4a72-9f81-ed1321f551ca:c2494]
2019-06-14 09:09:35,272 INFO  client.GrpcClientProtocolClient (GrpcClientProtocolClient.java:onNext(254)) - client-C0E347E82FC5->e6065258-5a2c-4a72-9f81-ed1321f551ca: receive RaftClientReply:client-C0E347E82FC5->e6065258-5a2c-4a72-9f81-ed1321f551ca@group-13364FE26125, cid=1486, SUCCESS, logIndex=2496, commits[e6065258-5a2c-4a72-9f81-ed1321f551ca:c2496]
2019-06-14 09:09:35,274 INFO  client.GrpcClientProtocolClient (GrpcClientProtocolClient.java:onNext(254)) - client-C0E347E82FC5->e6065258-5a2c-4a72-9f81-ed1321f551ca: receive RaftClientReply:client-C0E347E82FC5->e6065258-5a2c-4a72-9f81-ed1321f551ca@group-13364FE26125, cid=1487, SUCCESS, logIndex=2497, commits[e6065258-5a2c-4a72-9f81-ed1321f551ca:c2499]
2019-06-14 09:09:35,274 INFO  client.GrpcClientProtocolClient (GrpcClientProtocolClient.java:onNext(254)) - client-C0E347E82FC5->e6065258-5a2c-4a72-9f81-ed1321f551ca: receive RaftClientReply:client-C0E347E82FC5->e6065258-5a2c-4a72-9f81-ed1321f551ca@group-13364FE26125, cid=1488, SUCCESS, logIndex=2498, commits[e6065258-5a2c-4a72-9f81-ed1321f551ca:c2499]
2019-06-14 09:09:35,283 INFO  client.GrpcClientProtocolClient (GrpcClientProtocolClient.java:onNext(254)) - client-C0E347E82FC5->e6065258-5a2c-4a72-9f81-ed1321f551ca: receive RaftClientReply:client-C0E347E82FC5->e6065258-5a2c-4a72-9f81-ed1321f551ca@group-13364FE26125, cid=1489, SUCCESS, logIndex=2500, commits[e6065258-5a2c-4a72-9f81-ed1321f551ca:c2500]
2019-06-14 09:09:35,286 INFO  client.GrpcClientProtocolClient (GrpcClientProtocolClient.java:onNext(254)) - client-C0E347E82FC5->e6065258-5a2c-4a72-9f81-ed1321f551ca: receive RaftClientReply:client-C0E347E82FC5->e6065258-5a2c-4a72-9f81-ed1321f551ca@group-13364FE26125, cid=1490, SUCCESS, logIndex=2502, commits[e6065258-5a2c-4a72-9f81-ed1321f551ca:c2502]
2019-06-14 09:09:35,287 INFO  client.GrpcClientProtocolClient (GrpcClientProtocolClient.java:onNext(254)) - client-C0E347E82FC5->e6065258-5a2c-4a72-9f81-ed1321f551ca: receive RaftClientReply:client-C0E347E82FC5->e6065258-5a2c-4a72-9f81-ed1321f551ca@group-13364FE26125, cid=1491, SUCCESS, logIndex=2503, commits[e6065258-5a2c-4a72-9f81-ed1321f551ca:c2505]
2019-06-14 09:09:35,287 INFO  client.GrpcClientProtocolClient (GrpcClientProtocolClient.java:onNext(254)) - client-C0E347E82FC5->e6065258-5a2c-4a72-9f81-ed1321f551ca: receive RaftClientReply:client-C0E347E82FC5->e6065258-5a2c-4a72-9f81-ed1321f551ca@group-13364FE26125, cid=1492, SUCCESS, logIndex=2504, commits[e6065258-5a2c-4a72-9f81-ed1321f551ca:c2505]
2019-06-14 09:09:35,294 DEBUG block.SCMBlockDeletingService (SCMBlockDeletingService.java:call(138)) - Running DeletedBlockTransactionScanner
2019-06-14 09:09:35,294 DEBUG block.SCMBlockDeletingService (SCMBlockDeletingService.java:call(155)) - Scanned deleted blocks log and got 0 delTX to process.
2019-06-14 09:09:35,300 INFO  client.GrpcClientProtocolClient (GrpcClientProtocolClient.java:onNext(254)) - client-C0E347E82FC5->e6065258-5a2c-4a72-9f81-ed1321f551ca: receive RaftClientReply:client-C0E347E82FC5->e6065258-5a2c-4a72-9f81-ed1321f551ca@group-13364FE26125, cid=1493, SUCCESS, logIndex=2506, commits[e6065258-5a2c-4a72-9f81-ed1321f551ca:c2506]
2019-06-14 09:09:35,301 INFO  client.GrpcClientProtocolClient (GrpcClientProtocolClient.java:onNext(254)) - client-C0E347E82FC5->e6065258-5a2c-4a72-9f81-ed1321f551ca: receive RaftClientReply:client-C0E347E82FC5->e6065258-5a2c-4a72-9f81-ed1321f551ca@group-13364FE26125, cid=1494, SUCCESS, logIndex=2508, commits[e6065258-5a2c-4a72-9f81-ed1321f551ca:c2508]
2019-06-14 09:09:35,302 INFO  client.GrpcClientProtocolClient (GrpcClientProtocolClient.java:onNext(254)) - client-C0E347E82FC5->e6065258-5a2c-4a72-9f81-ed1321f551ca: receive RaftClientReply:client-C0E347E82FC5->e6065258-5a2c-4a72-9f81-ed1321f551ca@group-13364FE26125, cid=1495, SUCCESS, logIndex=2509, commits[e6065258-5a2c-4a72-9f81-ed1321f551ca:c2511]
2019-06-14 09:09:35,303 INFO  client.GrpcClientProtocolClient (GrpcClientProtocolClient.java:onNext(254)) - client-C0E347E82FC5->e6065258-5a2c-4a72-9f81-ed1321f551ca: receive RaftClientReply:client-C0E347E82FC5->e6065258-5a2c-4a72-9f81-ed1321f551ca@group-13364FE26125, cid=1496, SUCCESS, logIndex=2510, commits[e6065258-5a2c-4a72-9f81-ed1321f551ca:c2511]
2019-06-14 09:09:35,311 INFO  client.GrpcClientProtocolClient (GrpcClientProtocolClient.java:onNext(254)) - client-C0E347E82FC5->e6065258-5a2c-4a72-9f81-ed1321f551ca: receive RaftClientReply:client-C0E347E82FC5->e6065258-5a2c-4a72-9f81-ed1321f551ca@group-13364FE26125, cid=1497, SUCCESS, logIndex=2512, commits[e6065258-5a2c-4a72-9f81-ed1321f551ca:c2512]
2019-06-14 09:09:35,312 INFO  client.GrpcClientProtocolClient (GrpcClientProtocolClient.java:onNext(254)) - client-C0E347E82FC5->e6065258-5a2c-4a72-9f81-ed1321f551ca: receive RaftClientReply:client-C0E347E82FC5->e6065258-5a2c-4a72-9f81-ed1321f551ca@group-13364FE26125, cid=1498, SUCCESS, logIndex=2514, commits[e6065258-5a2c-4a72-9f81-ed1321f551ca:c2514]
2019-06-14 09:09:35,313 INFO  client.GrpcClientProtocolClient (GrpcClientProtocolClient.java:onNext(254)) - client-C0E347E82FC5->e6065258-5a2c-4a72-9f81-ed1321f551ca: receive RaftClientReply:client-C0E347E82FC5->e6065258-5a2c-4a72-9f81-ed1321f551ca@group-13364FE26125, cid=1499, SUCCESS, logIndex=2515, commits[e6065258-5a2c-4a72-9f81-ed1321f551ca:c2517]
2019-06-14 09:09:35,313 INFO  client.GrpcClientProtocolClient (GrpcClientProtocolClient.java:onNext(254)) - client-C0E347E82FC5->e6065258-5a2c-4a72-9f81-ed1321f551ca: receive RaftClientReply:client-C0E347E82FC5->e6065258-5a2c-4a72-9f81-ed1321f551ca@group-13364FE26125, cid=1500, SUCCESS, logIndex=2516, commits[e6065258-5a2c-4a72-9f81-ed1321f551ca:c2517]
2019-06-14 09:09:35,321 INFO  client.GrpcClientProtocolClient (GrpcClientProtocolClient.java:onNext(254)) - client-C0E347E82FC5->e6065258-5a2c-4a72-9f81-ed1321f551ca: receive RaftClientReply:client-C0E347E82FC5->e6065258-5a2c-4a72-9f81-ed1321f551ca@group-13364FE26125, cid=1501, SUCCESS, logIndex=2518, commits[e6065258-5a2c-4a72-9f81-ed1321f551ca:c2518]
2019-06-14 09:09:35,321 INFO  storage.RaftLogWorker (RaftLogWorker.java:rollLogSegment(303)) - e6065258-5a2c-4a72-9f81-ed1321f551ca-RaftLogWorker: Rolling segment log-2451_2519 to index:2519
2019-06-14 09:09:35,321 INFO  storage.RaftLogWorker (RaftLogWorker.java:execute(433)) - e6065258-5a2c-4a72-9f81-ed1321f551ca-RaftLogWorker: Rolled log segment from /opt/src/hadoop-ozone/integration-test/target/test-dir/MiniOzoneClusterImpl-a56da109-a1cb-4168-8966-62306f2f2d23/datanode-0/data/ratis/920138aa-6f47-4d6d-b5cc-13364fe26125/current/log_inprogress_2451 to /opt/src/hadoop-ozone/integration-test/target/test-dir/MiniOzoneClusterImpl-a56da109-a1cb-4168-8966-62306f2f2d23/datanode-0/data/ratis/920138aa-6f47-4d6d-b5cc-13364fe26125/current/log_2451-2519
2019-06-14 09:09:35,357 INFO  storage.RaftLogWorker (RaftLogWorker.java:execute(469)) - e6065258-5a2c-4a72-9f81-ed1321f551ca-RaftLogWorker: created new log segment /opt/src/hadoop-ozone/integration-test/target/test-dir/MiniOzoneClusterImpl-a56da109-a1cb-4168-8966-62306f2f2d23/datanode-0/data/ratis/920138aa-6f47-4d6d-b5cc-13364fe26125/current/log_inprogress_2520
2019-06-14 09:09:35,359 INFO  client.GrpcClientProtocolClient (GrpcClientProtocolClient.java:onNext(254)) - client-C0E347E82FC5->e6065258-5a2c-4a72-9f81-ed1321f551ca: receive RaftClientReply:client-C0E347E82FC5->e6065258-5a2c-4a72-9f81-ed1321f551ca@group-13364FE26125, cid=1502, SUCCESS, logIndex=2520, commits[e6065258-5a2c-4a72-9f81-ed1321f551ca:c2520]
2019-06-14 09:09:35,391 INFO  client.GrpcClientProtocolClient (GrpcClientProtocolClient.java:onNext(254)) - client-C0E347E82FC5->e6065258-5a2c-4a72-9f81-ed1321f551ca: receive RaftClientReply:client-C0E347E82FC5->e6065258-5a2c-4a72-9f81-ed1321f551ca@group-13364FE26125, cid=1503, SUCCESS, logIndex=2522, commits[e6065258-5a2c-4a72-9f81-ed1321f551ca:c2522]
2019-06-14 09:09:35,392 INFO  client.GrpcClientProtocolClient (GrpcClientProtocolClient.java:onNext(254)) - client-C0E347E82FC5->e6065258-5a2c-4a72-9f81-ed1321f551ca: receive RaftClientReply:client-C0E347E82FC5->e6065258-5a2c-4a72-9f81-ed1321f551ca@group-13364FE26125, cid=1504, SUCCESS, logIndex=2524, commits[e6065258-5a2c-4a72-9f81-ed1321f551ca:c2524]
2019-06-14 09:09:35,394 DEBUG block.SCMBlockDeletingService (SCMBlockDeletingService.java:call(138)) - Running DeletedBlockTransactionScanner
2019-06-14 09:09:35,395 DEBUG block.SCMBlockDeletingService (SCMBlockDeletingService.java:call(155)) - Scanned deleted blocks log and got 0 delTX to process.
2019-06-14 09:09:35,402 INFO  client.GrpcClientProtocolClient (GrpcClientProtocolClient.java:onNext(254)) - client-C0E347E82FC5->e6065258-5a2c-4a72-9f81-ed1321f551ca: receive RaftClientReply:client-C0E347E82FC5->e6065258-5a2c-4a72-9f81-ed1321f551ca@group-13364FE26125, cid=1505, SUCCESS, logIndex=2526, commits[e6065258-5a2c-4a72-9f81-ed1321f551ca:c2526]
2019-06-14 09:09:35,404 INFO  client.GrpcClientProtocolClient (GrpcClientProtocolClient.java:onNext(254)) - client-C0E347E82FC5->e6065258-5a2c-4a72-9f81-ed1321f551ca: receive RaftClientReply:client-C0E347E82FC5->e6065258-5a2c-4a72-9f81-ed1321f551ca@group-13364FE26125, cid=1506, SUCCESS, logIndex=2528, commits[e6065258-5a2c-4a72-9f81-ed1321f551ca:c2528]
2019-06-14 09:09:35,404 INFO  client.GrpcClientProtocolClient (GrpcClientProtocolClient.java:onNext(254)) - client-C0E347E82FC5->e6065258-5a2c-4a72-9f81-ed1321f551ca: receive RaftClientReply:client-C0E347E82FC5->e6065258-5a2c-4a72-9f81-ed1321f551ca@group-13364FE26125, cid=1507, SUCCESS, logIndex=2529, commits[e6065258-5a2c-4a72-9f81-ed1321f551ca:c2530]
2019-06-14 09:09:35,405 INFO  client.GrpcClientProtocolClient (GrpcClientProtocolClient.java:onNext(254)) - client-C0E347E82FC5->e6065258-5a2c-4a72-9f81-ed1321f551ca: receive RaftClientReply:client-C0E347E82FC5->e6065258-5a2c-4a72-9f81-ed1321f551ca@group-13364FE26125, cid=1508, SUCCESS, logIndex=2530, commits[e6065258-5a2c-4a72-9f81-ed1321f551ca:c2530]
2019-06-14 09:09:35,656 DEBUG block.SCMBlockDeletingService (SCMBlockDeletingService.java:call(138)) - Running DeletedBlockTransactionScanner
2019-06-14 09:09:35,657 DEBUG block.SCMBlockDeletingService (SCMBlockDeletingService.java:call(155)) - Scanned deleted blocks log and got 0 delTX to process.
2019-06-14 09:09:35,669 INFO  client.GrpcClientProtocolClient (GrpcClientProtocolClient.java:onNext(254)) - client-C0E347E82FC5->e6065258-5a2c-4a72-9f81-ed1321f551ca: receive RaftClientReply:client-C0E347E82FC5->e6065258-5a2c-4a72-9f81-ed1321f551ca@group-13364FE26125, cid=1509, SUCCESS, logIndex=2533, commits[e6065258-5a2c-4a72-9f81-ed1321f551ca:c2533]
2019-06-14 09:09:35,670 INFO  client.GrpcClientProtocolClient (GrpcClientProtocolClient.java:onNext(254)) - client-C0E347E82FC5->e6065258-5a2c-4a72-9f81-ed1321f551ca: receive RaftClientReply:client-C0E347E82FC5->e6065258-5a2c-4a72-9f81-ed1321f551ca@group-13364FE26125, cid=1510, SUCCESS, logIndex=2535, commits[e6065258-5a2c-4a72-9f81-ed1321f551ca:c2535]
2019-06-14 09:09:35,672 INFO  client.GrpcClientProtocolClient (GrpcClientProtocolClient.java:onNext(254)) - client-C0E347E82FC5->e6065258-5a2c-4a72-9f81-ed1321f551ca: receive RaftClientReply:client-C0E347E82FC5->e6065258-5a2c-4a72-9f81-ed1321f551ca@group-13364FE26125, cid=1511, SUCCESS, logIndex=2536, commits[e6065258-5a2c-4a72-9f81-ed1321f551ca:c2538]
2019-06-14 09:09:35,672 INFO  client.GrpcClientProtocolClient (GrpcClientProtocolClient.java:onNext(254)) - client-C0E347E82FC5->e6065258-5a2c-4a72-9f81-ed1321f551ca: receive RaftClientReply:client-C0E347E82FC5->e6065258-5a2c-4a72-9f81-ed1321f551ca@group-13364FE26125, cid=1512, SUCCESS, logIndex=2537, commits[e6065258-5a2c-4a72-9f81-ed1321f551ca:c2538]
2019-06-14 09:09:35,681 INFO  client.GrpcClientProtocolClient (GrpcClientProtocolClient.java:onNext(254)) - client-C0E347E82FC5->e6065258-5a2c-4a72-9f81-ed1321f551ca: receive RaftClientReply:client-C0E347E82FC5->e6065258-5a2c-4a72-9f81-ed1321f551ca@group-13364FE26125, cid=1513, SUCCESS, logIndex=2539, commits[e6065258-5a2c-4a72-9f81-ed1321f551ca:c2539]
2019-06-14 09:09:35,685 INFO  client.GrpcClientProtocolClient (GrpcClientProtocolClient.java:onNext(254)) - client-C0E347E82FC5->e6065258-5a2c-4a72-9f81-ed1321f551ca: receive RaftClientReply:client-C0E347E82FC5->e6065258-5a2c-4a72-9f81-ed1321f551ca@group-13364FE26125, cid=1514, SUCCESS, logIndex=2541, commits[e6065258-5a2c-4a72-9f81-ed1321f551ca:c2541]
2019-06-14 09:09:35,686 INFO  client.GrpcClientProtocolClient (GrpcClientProtocolClient.java:onNext(254)) - client-C0E347E82FC5->e6065258-5a2c-4a72-9f81-ed1321f551ca: receive RaftClientReply:client-C0E347E82FC5->e6065258-5a2c-4a72-9f81-ed1321f551ca@group-13364FE26125, cid=1515, SUCCESS, logIndex=2542, commits[e6065258-5a2c-4a72-9f81-ed1321f551ca:c2544]
2019-06-14 09:09:35,686 INFO  client.GrpcClientProtocolClient (GrpcClientProtocolClient.java:onNext(254)) - client-C0E347E82FC5->e6065258-5a2c-4a72-9f81-ed1321f551ca: receive RaftClientReply:client-C0E347E82FC5->e6065258-5a2c-4a72-9f81-ed1321f551ca@group-13364FE26125, cid=1516, SUCCESS, logIndex=2543, commits[e6065258-5a2c-4a72-9f81-ed1321f551ca:c2544]
2019-06-14 09:09:35,691 INFO  client.GrpcClientProtocolClient (GrpcClientProtocolClient.java:onNext(254)) - client-C0E347E82FC5->e6065258-5a2c-4a72-9f81-ed1321f551ca: receive RaftClientReply:client-C0E347E82FC5->e6065258-5a2c-4a72-9f81-ed1321f551ca@group-13364FE26125, cid=1517, SUCCESS, logIndex=2545, commits[e6065258-5a2c-4a72-9f81-ed1321f551ca:c2545]
2019-06-14 09:09:35,692 INFO  client.GrpcClientProtocolClient (GrpcClientProtocolClient.java:onNext(254)) - client-C0E347E82FC5->e6065258-5a2c-4a72-9f81-ed1321f551ca: receive RaftClientReply:client-C0E347E82FC5->e6065258-5a2c-4a72-9f81-ed1321f551ca@group-13364FE26125, cid=1518, SUCCESS, logIndex=2547, commits[e6065258-5a2c-4a72-9f81-ed1321f551ca:c2547]
2019-06-14 09:09:35,693 INFO  client.GrpcClientProtocolClient (GrpcClientProtocolClient.java:onNext(254)) - client-C0E347E82FC5->e6065258-5a2c-4a72-9f81-ed1321f551ca: receive RaftClientReply:client-C0E347E82FC5->e6065258-5a2c-4a72-9f81-ed1321f551ca@group-13364FE26125, cid=1519, SUCCESS, logIndex=2548, commits[e6065258-5a2c-4a72-9f81-ed1321f551ca:c2550]
2019-06-14 09:09:35,693 INFO  client.GrpcClientProtocolClient (GrpcClientProtocolClient.java:onNext(254)) - client-C0E347E82FC5->e6065258-5a2c-4a72-9f81-ed1321f551ca: receive RaftClientReply:client-C0E347E82FC5->e6065258-5a2c-4a72-9f81-ed1321f551ca@group-13364FE26125, cid=1520, SUCCESS, logIndex=2549, commits[e6065258-5a2c-4a72-9f81-ed1321f551ca:c2550]
2019-06-14 09:09:35,701 INFO  client.GrpcClientProtocolClient (GrpcClientProtocolClient.java:onNext(254)) - client-C0E347E82FC5->e6065258-5a2c-4a72-9f81-ed1321f551ca: receive RaftClientReply:client-C0E347E82FC5->e6065258-5a2c-4a72-9f81-ed1321f551ca@group-13364FE26125, cid=1521, SUCCESS, logIndex=2551, commits[e6065258-5a2c-4a72-9f81-ed1321f551ca:c2551]
2019-06-14 09:09:35,703 INFO  client.GrpcClientProtocolClient (GrpcClientProtocolClient.java:onNext(254)) - client-C0E347E82FC5->e6065258-5a2c-4a72-9f81-ed1321f551ca: receive RaftClientReply:client-C0E347E82FC5->e6065258-5a2c-4a72-9f81-ed1321f551ca@group-13364FE26125, cid=1522, SUCCESS, logIndex=2553, commits[e6065258-5a2c-4a72-9f81-ed1321f551ca:c2553]
2019-06-14 09:09:35,704 INFO  client.GrpcClientProtocolClient (GrpcClientProtocolClient.java:onNext(254)) - client-C0E347E82FC5->e6065258-5a2c-4a72-9f81-ed1321f551ca: receive RaftClientReply:client-C0E347E82FC5->e6065258-5a2c-4a72-9f81-ed1321f551ca@group-13364FE26125, cid=1523, SUCCESS, logIndex=2554, commits[e6065258-5a2c-4a72-9f81-ed1321f551ca:c2556]
2019-06-14 09:09:35,704 INFO  client.GrpcClientProtocolClient (GrpcClientProtocolClient.java:onNext(254)) - client-C0E347E82FC5->e6065258-5a2c-4a72-9f81-ed1321f551ca: receive RaftClientReply:client-C0E347E82FC5->e6065258-5a2c-4a72-9f81-ed1321f551ca@group-13364FE26125, cid=1524, SUCCESS, logIndex=2555, commits[e6065258-5a2c-4a72-9f81-ed1321f551ca:c2556]
2019-06-14 09:09:35,709 INFO  client.GrpcClientProtocolClient (GrpcClientProtocolClient.java:onNext(254)) - client-C0E347E82FC5->e6065258-5a2c-4a72-9f81-ed1321f551ca: receive RaftClientReply:client-C0E347E82FC5->e6065258-5a2c-4a72-9f81-ed1321f551ca@group-13364FE26125, cid=1525, SUCCESS, logIndex=2557, commits[e6065258-5a2c-4a72-9f81-ed1321f551ca:c2557]
2019-06-14 09:09:35,710 INFO  client.GrpcClientProtocolClient (GrpcClientProtocolClient.java:onNext(254)) - client-C0E347E82FC5->e6065258-5a2c-4a72-9f81-ed1321f551ca: receive RaftClientReply:client-C0E347E82FC5->e6065258-5a2c-4a72-9f81-ed1321f551ca@group-13364FE26125, cid=1526, SUCCESS, logIndex=2559, commits[e6065258-5a2c-4a72-9f81-ed1321f551ca:c2559]
2019-06-14 09:09:35,711 INFO  client.GrpcClientProtocolClient (GrpcClientProtocolClient.java:onNext(254)) - client-C0E347E82FC5->e6065258-5a2c-4a72-9f81-ed1321f551ca: receive RaftClientReply:client-C0E347E82FC5->e6065258-5a2c-4a72-9f81-ed1321f551ca@group-13364FE26125, cid=1527, SUCCESS, logIndex=2560, commits[e6065258-5a2c-4a72-9f81-ed1321f551ca:c2562]
2019-06-14 09:09:35,712 INFO  client.GrpcClientProtocolClient (GrpcClientProtocolClient.java:onNext(254)) - client-C0E347E82FC5->e6065258-5a2c-4a72-9f81-ed1321f551ca: receive RaftClientReply:client-C0E347E82FC5->e6065258-5a2c-4a72-9f81-ed1321f551ca@group-13364FE26125, cid=1528, SUCCESS, logIndex=2561, commits[e6065258-5a2c-4a72-9f81-ed1321f551ca:c2562]
2019-06-14 09:09:35,723 INFO  client.GrpcClientProtocolClient (GrpcClientProtocolClient.java:onNext(254)) - client-C0E347E82FC5->e6065258-5a2c-4a72-9f81-ed1321f551ca: receive RaftClientReply:client-C0E347E82FC5->e6065258-5a2c-4a72-9f81-ed1321f551ca@group-13364FE26125, cid=1529, SUCCESS, logIndex=2563, commits[e6065258-5a2c-4a72-9f81-ed1321f551ca:c2563]
2019-06-14 09:09:35,724 INFO  client.GrpcClientProtocolClient (GrpcClientProtocolClient.java:onNext(254)) - client-C0E347E82FC5->e6065258-5a2c-4a72-9f81-ed1321f551ca: receive RaftClientReply:client-C0E347E82FC5->e6065258-5a2c-4a72-9f81-ed1321f551ca@group-13364FE26125, cid=1530, SUCCESS, logIndex=2565, commits[e6065258-5a2c-4a72-9f81-ed1321f551ca:c2565]
2019-06-14 09:09:35,725 INFO  client.GrpcClientProtocolClient (GrpcClientProtocolClient.java:onNext(254)) - client-C0E347E82FC5->e6065258-5a2c-4a72-9f81-ed1321f551ca: receive RaftClientReply:client-C0E347E82FC5->e6065258-5a2c-4a72-9f81-ed1321f551ca@group-13364FE26125, cid=1531, SUCCESS, logIndex=2566, commits[e6065258-5a2c-4a72-9f81-ed1321f551ca:c2566]
2019-06-14 09:09:35,726 INFO  client.GrpcClientProtocolClient (GrpcClientProtocolClient.java:onNext(254)) - client-C0E347E82FC5->e6065258-5a2c-4a72-9f81-ed1321f551ca: receive RaftClientReply:client-C0E347E82FC5->e6065258-5a2c-4a72-9f81-ed1321f551ca@group-13364FE26125, cid=1532, SUCCESS, logIndex=2568, commits[e6065258-5a2c-4a72-9f81-ed1321f551ca:c2568]
2019-06-14 09:09:35,734 INFO  client.GrpcClientProtocolClient (GrpcClientProtocolClient.java:onNext(254)) - client-C0E347E82FC5->e6065258-5a2c-4a72-9f81-ed1321f551ca: receive RaftClientReply:client-C0E347E82FC5->e6065258-5a2c-4a72-9f81-ed1321f551ca@group-13364FE26125, cid=1533, SUCCESS, logIndex=2571, commits[e6065258-5a2c-4a72-9f81-ed1321f551ca:c2572]
2019-06-14 09:09:35,736 INFO  client.GrpcClientProtocolClient (GrpcClientProtocolClient.java:onNext(254)) - client-C0E347E82FC5->e6065258-5a2c-4a72-9f81-ed1321f551ca: receive RaftClientReply:client-C0E347E82FC5->e6065258-5a2c-4a72-9f81-ed1321f551ca@group-13364FE26125, cid=1534, SUCCESS, logIndex=2573, commits[e6065258-5a2c-4a72-9f81-ed1321f551ca:c2573]
2019-06-14 09:09:35,738 INFO  client.GrpcClientProtocolClient (GrpcClientProtocolClient.java:onNext(254)) - client-C0E347E82FC5->e6065258-5a2c-4a72-9f81-ed1321f551ca: receive RaftClientReply:client-C0E347E82FC5->e6065258-5a2c-4a72-9f81-ed1321f551ca@group-13364FE26125, cid=1535, SUCCESS, logIndex=2574, commits[e6065258-5a2c-4a72-9f81-ed1321f551ca:c2575]
2019-06-14 09:09:35,742 INFO  client.GrpcClientProtocolClient (GrpcClientProtocolClient.java:onNext(254)) - client-C0E347E82FC5->e6065258-5a2c-4a72-9f81-ed1321f551ca: receive RaftClientReply:client-C0E347E82FC5->e6065258-5a2c-4a72-9f81-ed1321f551ca@group-13364FE26125, cid=1536, SUCCESS, logIndex=2575, commits[e6065258-5a2c-4a72-9f81-ed1321f551ca:c2577]
2019-06-14 09:09:35,757 DEBUG block.SCMBlockDeletingService (SCMBlockDeletingService.java:call(138)) - Running DeletedBlockTransactionScanner
2019-06-14 09:09:35,757 DEBUG block.SCMBlockDeletingService (SCMBlockDeletingService.java:call(155)) - Scanned deleted blocks log and got 0 delTX to process.
2019-06-14 09:09:35,758 INFO  client.GrpcClientProtocolClient (GrpcClientProtocolClient.java:onNext(254)) - client-C0E347E82FC5->e6065258-5a2c-4a72-9f81-ed1321f551ca: receive RaftClientReply:client-C0E347E82FC5->e6065258-5a2c-4a72-9f81-ed1321f551ca@group-13364FE26125, cid=1537, SUCCESS, logIndex=2578, commits[e6065258-5a2c-4a72-9f81-ed1321f551ca:c2578]
2019-06-14 09:09:35,760 INFO  client.GrpcClientProtocolClient (GrpcClientProtocolClient.java:onNext(254)) - client-C0E347E82FC5->e6065258-5a2c-4a72-9f81-ed1321f551ca: receive RaftClientReply:client-C0E347E82FC5->e6065258-5a2c-4a72-9f81-ed1321f551ca@group-13364FE26125, cid=1538, SUCCESS, logIndex=2580, commits[e6065258-5a2c-4a72-9f81-ed1321f551ca:c2580]
2019-06-14 09:09:35,761 INFO  client.GrpcClientProtocolClient (GrpcClientProtocolClient.java:onNext(254)) - client-C0E347E82FC5->e6065258-5a2c-4a72-9f81-ed1321f551ca: receive RaftClientReply:client-C0E347E82FC5->e6065258-5a2c-4a72-9f81-ed1321f551ca@group-13364FE26125, cid=1539, SUCCESS, logIndex=2581, commits[e6065258-5a2c-4a72-9f81-ed1321f551ca:c2582]
2019-06-14 09:09:35,762 INFO  client.GrpcClientProtocolClient (GrpcClientProtocolClient.java:onNext(254)) - client-C0E347E82FC5->e6065258-5a2c-4a72-9f81-ed1321f551ca: receive RaftClientReply:client-C0E347E82FC5->e6065258-5a2c-4a72-9f81-ed1321f551ca@group-13364FE26125, cid=1540, SUCCESS, logIndex=2582, commits[e6065258-5a2c-4a72-9f81-ed1321f551ca:c2583]
2019-06-14 09:09:35,770 INFO  client.GrpcClientProtocolClient (GrpcClientProtocolClient.java:onNext(254)) - client-C0E347E82FC5->e6065258-5a2c-4a72-9f81-ed1321f551ca: receive RaftClientReply:client-C0E347E82FC5->e6065258-5a2c-4a72-9f81-ed1321f551ca@group-13364FE26125, cid=1541, SUCCESS, logIndex=2585, commits[e6065258-5a2c-4a72-9f81-ed1321f551ca:c2585]
2019-06-14 09:09:35,770 INFO  storage.RaftLogWorker (RaftLogWorker.java:rollLogSegment(303)) - e6065258-5a2c-4a72-9f81-ed1321f551ca-RaftLogWorker: Rolling segment log-2520_2589 to index:2589
2019-06-14 09:09:35,771 INFO  client.GrpcClientProtocolClient (GrpcClientProtocolClient.java:onNext(254)) - client-C0E347E82FC5->e6065258-5a2c-4a72-9f81-ed1321f551ca: receive RaftClientReply:client-C0E347E82FC5->e6065258-5a2c-4a72-9f81-ed1321f551ca@group-13364FE26125, cid=1542, SUCCESS, logIndex=2587, commits[e6065258-5a2c-4a72-9f81-ed1321f551ca:c2587]
2019-06-14 09:09:35,771 INFO  storage.RaftLogWorker (RaftLogWorker.java:execute(433)) - e6065258-5a2c-4a72-9f81-ed1321f551ca-RaftLogWorker: Rolled log segment from /opt/src/hadoop-ozone/integration-test/target/test-dir/MiniOzoneClusterImpl-a56da109-a1cb-4168-8966-62306f2f2d23/datanode-0/data/ratis/920138aa-6f47-4d6d-b5cc-13364fe26125/current/log_inprogress_2520 to /opt/src/hadoop-ozone/integration-test/target/test-dir/MiniOzoneClusterImpl-a56da109-a1cb-4168-8966-62306f2f2d23/datanode-0/data/ratis/920138aa-6f47-4d6d-b5cc-13364fe26125/current/log_2520-2589
2019-06-14 09:09:35,774 INFO  client.GrpcClientProtocolClient (GrpcClientProtocolClient.java:onNext(254)) - client-C0E347E82FC5->e6065258-5a2c-4a72-9f81-ed1321f551ca: receive RaftClientReply:client-C0E347E82FC5->e6065258-5a2c-4a72-9f81-ed1321f551ca@group-13364FE26125, cid=1543, SUCCESS, logIndex=2588, commits[e6065258-5a2c-4a72-9f81-ed1321f551ca:c2589]
2019-06-14 09:09:35,811 INFO  storage.RaftLogWorker (RaftLogWorker.java:execute(469)) - e6065258-5a2c-4a72-9f81-ed1321f551ca-RaftLogWorker: created new log segment /opt/src/hadoop-ozone/integration-test/target/test-dir/MiniOzoneClusterImpl-a56da109-a1cb-4168-8966-62306f2f2d23/datanode-0/data/ratis/920138aa-6f47-4d6d-b5cc-13364fe26125/current/log_inprogress_2590
2019-06-14 09:09:35,813 INFO  client.GrpcClientProtocolClient (GrpcClientProtocolClient.java:onNext(254)) - client-C0E347E82FC5->e6065258-5a2c-4a72-9f81-ed1321f551ca: receive RaftClientReply:client-C0E347E82FC5->e6065258-5a2c-4a72-9f81-ed1321f551ca@group-13364FE26125, cid=1544, SUCCESS, logIndex=2590, commits[e6065258-5a2c-4a72-9f81-ed1321f551ca:c2590]
2019-06-14 09:09:35,822 INFO  client.GrpcClientProtocolClient (GrpcClientProtocolClient.java:onNext(254)) - client-C0E347E82FC5->e6065258-5a2c-4a72-9f81-ed1321f551ca: receive RaftClientReply:client-C0E347E82FC5->e6065258-5a2c-4a72-9f81-ed1321f551ca@group-13364FE26125, cid=1545, SUCCESS, logIndex=2592, commits[e6065258-5a2c-4a72-9f81-ed1321f551ca:c2592]
2019-06-14 09:09:35,823 INFO  client.GrpcClientProtocolClient (GrpcClientProtocolClient.java:onNext(254)) - client-C0E347E82FC5->e6065258-5a2c-4a72-9f81-ed1321f551ca: receive RaftClientReply:client-C0E347E82FC5->e6065258-5a2c-4a72-9f81-ed1321f551ca@group-13364FE26125, cid=1546, SUCCESS, logIndex=2594, commits[e6065258-5a2c-4a72-9f81-ed1321f551ca:c2594]
2019-06-14 09:09:35,857 DEBUG block.SCMBlockDeletingService (SCMBlockDeletingService.java:call(138)) - Running DeletedBlockTransactionScanner
2019-06-14 09:09:35,858 DEBUG block.SCMBlockDeletingService (SCMBlockDeletingService.java:call(155)) - Scanned deleted blocks log and got 0 delTX to process.
2019-06-14 09:09:35,890 INFO  client.GrpcClientProtocolClient (GrpcClientProtocolClient.java:onNext(254)) - client-C0E347E82FC5->e6065258-5a2c-4a72-9f81-ed1321f551ca: receive RaftClientReply:client-C0E347E82FC5->e6065258-5a2c-4a72-9f81-ed1321f551ca@group-13364FE26125, cid=1547, SUCCESS, logIndex=2596, commits[e6065258-5a2c-4a72-9f81-ed1321f551ca:c2596]
2019-06-14 09:09:35,891 INFO  client.GrpcClientProtocolClient (GrpcClientProtocolClient.java:onNext(254)) - client-C0E347E82FC5->e6065258-5a2c-4a72-9f81-ed1321f551ca: receive RaftClientReply:client-C0E347E82FC5->e6065258-5a2c-4a72-9f81-ed1321f551ca@group-13364FE26125, cid=1548, SUCCESS, logIndex=2598, commits[e6065258-5a2c-4a72-9f81-ed1321f551ca:c2598]
2019-06-14 09:09:35,896 INFO  client.GrpcClientProtocolClient (GrpcClientProtocolClient.java:onNext(254)) - client-C0E347E82FC5->e6065258-5a2c-4a72-9f81-ed1321f551ca: receive RaftClientReply:client-C0E347E82FC5->e6065258-5a2c-4a72-9f81-ed1321f551ca@group-13364FE26125, cid=1549, SUCCESS, logIndex=2600, commits[e6065258-5a2c-4a72-9f81-ed1321f551ca:c2600]
2019-06-14 09:09:35,897 INFO  client.GrpcClientProtocolClient (GrpcClientProtocolClient.java:onNext(254)) - client-C0E347E82FC5->e6065258-5a2c-4a72-9f81-ed1321f551ca: receive RaftClientReply:client-C0E347E82FC5->e6065258-5a2c-4a72-9f81-ed1321f551ca@group-13364FE26125, cid=1550, SUCCESS, logIndex=2602, commits[e6065258-5a2c-4a72-9f81-ed1321f551ca:c2602]
2019-06-14 09:09:35,898 INFO  client.GrpcClientProtocolClient (GrpcClientProtocolClient.java:onNext(254)) - client-C0E347E82FC5->e6065258-5a2c-4a72-9f81-ed1321f551ca: receive RaftClientReply:client-C0E347E82FC5->e6065258-5a2c-4a72-9f81-ed1321f551ca@group-13364FE26125, cid=1551, SUCCESS, logIndex=2603, commits[e6065258-5a2c-4a72-9f81-ed1321f551ca:c2605]
2019-06-14 09:09:35,902 INFO  client.GrpcClientProtocolClient (GrpcClientProtocolClient.java:onNext(254)) - client-C0E347E82FC5->e6065258-5a2c-4a72-9f81-ed1321f551ca: receive RaftClientReply:client-C0E347E82FC5->e6065258-5a2c-4a72-9f81-ed1321f551ca@group-13364FE26125, cid=1552, SUCCESS, logIndex=2604, commits[e6065258-5a2c-4a72-9f81-ed1321f551ca:c2605]
2019-06-14 09:09:35,910 INFO  client.GrpcClientProtocolClient (GrpcClientProtocolClient.java:onNext(254)) - client-C0E347E82FC5->e6065258-5a2c-4a72-9f81-ed1321f551ca: receive RaftClientReply:client-C0E347E82FC5->e6065258-5a2c-4a72-9f81-ed1321f551ca@group-13364FE26125, cid=1553, SUCCESS, logIndex=2606, commits[e6065258-5a2c-4a72-9f81-ed1321f551ca:c2606]
2019-06-14 09:09:35,911 INFO  client.GrpcClientProtocolClient (GrpcClientProtocolClient.java:onNext(254)) - client-C0E347E82FC5->e6065258-5a2c-4a72-9f81-ed1321f551ca: receive RaftClientReply:client-C0E347E82FC5->e6065258-5a2c-4a72-9f81-ed1321f551ca@group-13364FE26125, cid=1554, SUCCESS, logIndex=2608, commits[e6065258-5a2c-4a72-9f81-ed1321f551ca:c2608]
2019-06-14 09:09:35,913 INFO  client.GrpcClientProtocolClient (GrpcClientProtocolClient.java:onNext(254)) - client-C0E347E82FC5->e6065258-5a2c-4a72-9f81-ed1321f551ca: receive RaftClientReply:client-C0E347E82FC5->e6065258-5a2c-4a72-9f81-ed1321f551ca@group-13364FE26125, cid=1555, SUCCESS, logIndex=2609, commits[e6065258-5a2c-4a72-9f81-ed1321f551ca:c2611]
2019-06-14 09:09:35,914 INFO  client.GrpcClientProtocolClient (GrpcClientProtocolClient.java:onNext(254)) - client-C0E347E82FC5->e6065258-5a2c-4a72-9f81-ed1321f551ca: receive RaftClientReply:client-C0E347E82FC5->e6065258-5a2c-4a72-9f81-ed1321f551ca@group-13364FE26125, cid=1556, SUCCESS, logIndex=2610, commits[e6065258-5a2c-4a72-9f81-ed1321f551ca:c2611]
2019-06-14 09:09:35,920 INFO  client.GrpcClientProtocolClient (GrpcClientProtocolClient.java:onNext(254)) - client-C0E347E82FC5->e6065258-5a2c-4a72-9f81-ed1321f551ca: receive RaftClientReply:client-C0E347E82FC5->e6065258-5a2c-4a72-9f81-ed1321f551ca@group-13364FE26125, cid=1557, SUCCESS, logIndex=2612, commits[e6065258-5a2c-4a72-9f81-ed1321f551ca:c2612]
2019-06-14 09:09:35,921 INFO  client.GrpcClientProtocolClient (GrpcClientProtocolClient.java:onNext(254)) - client-C0E347E82FC5->e6065258-5a2c-4a72-9f81-ed1321f551ca: receive RaftClientReply:client-C0E347E82FC5->e6065258-5a2c-4a72-9f81-ed1321f551ca@group-13364FE26125, cid=1558, SUCCESS, logIndex=2614, commits[e6065258-5a2c-4a72-9f81-ed1321f551ca:c2614]
2019-06-14 09:09:35,923 INFO  client.GrpcClientProtocolClient (GrpcClientProtocolClient.java:onNext(254)) - client-C0E347E82FC5->e6065258-5a2c-4a72-9f81-ed1321f551ca: receive RaftClientReply:client-C0E347E82FC5->e6065258-5a2c-4a72-9f81-ed1321f551ca@group-13364FE26125, cid=1559, SUCCESS, logIndex=2615, commits[e6065258-5a2c-4a72-9f81-ed1321f551ca:c2617]
2019-06-14 09:09:35,923 INFO  client.GrpcClientProtocolClient (GrpcClientProtocolClient.java:onNext(254)) - client-C0E347E82FC5->e6065258-5a2c-4a72-9f81-ed1321f551ca: receive RaftClientReply:client-C0E347E82FC5->e6065258-5a2c-4a72-9f81-ed1321f551ca@group-13364FE26125, cid=1560, SUCCESS, logIndex=2616, commits[e6065258-5a2c-4a72-9f81-ed1321f551ca:c2617]
2019-06-14 09:09:35,931 INFO  client.GrpcClientProtocolClient (GrpcClientProtocolClient.java:onNext(254)) - client-C0E347E82FC5->e6065258-5a2c-4a72-9f81-ed1321f551ca: receive RaftClientReply:client-C0E347E82FC5->e6065258-5a2c-4a72-9f81-ed1321f551ca@group-13364FE26125, cid=1561, SUCCESS, logIndex=2618, commits[e6065258-5a2c-4a72-9f81-ed1321f551ca:c2618]
2019-06-14 09:09:35,934 INFO  client.GrpcClientProtocolClient (GrpcClientProtocolClient.java:onNext(254)) - client-C0E347E82FC5->e6065258-5a2c-4a72-9f81-ed1321f551ca: receive RaftClientReply:client-C0E347E82FC5->e6065258-5a2c-4a72-9f81-ed1321f551ca@group-13364FE26125, cid=1562, SUCCESS, logIndex=2620, commits[e6065258-5a2c-4a72-9f81-ed1321f551ca:c2620]
2019-06-14 09:09:35,934 INFO  client.GrpcClientProtocolClient (GrpcClientProtocolClient.java:onNext(254)) - client-C0E347E82FC5->e6065258-5a2c-4a72-9f81-ed1321f551ca: receive RaftClientReply:client-C0E347E82FC5->e6065258-5a2c-4a72-9f81-ed1321f551ca@group-13364FE26125, cid=1563, SUCCESS, logIndex=2621, commits[e6065258-5a2c-4a72-9f81-ed1321f551ca:c2623]
2019-06-14 09:09:35,935 INFO  client.GrpcClientProtocolClient (GrpcClientProtocolClient.java:onNext(254)) - client-C0E347E82FC5->e6065258-5a2c-4a72-9f81-ed1321f551ca: receive RaftClientReply:client-C0E347E82FC5->e6065258-5a2c-4a72-9f81-ed1321f551ca@group-13364FE26125, cid=1564, SUCCESS, logIndex=2622, commits[e6065258-5a2c-4a72-9f81-ed1321f551ca:c2623]
2019-06-14 09:09:35,940 INFO  client.GrpcClientProtocolClient (GrpcClientProtocolClient.java:onNext(254)) - client-C0E347E82FC5->e6065258-5a2c-4a72-9f81-ed1321f551ca: receive RaftClientReply:client-C0E347E82FC5->e6065258-5a2c-4a72-9f81-ed1321f551ca@group-13364FE26125, cid=1565, SUCCESS, logIndex=2624, commits[e6065258-5a2c-4a72-9f81-ed1321f551ca:c2624]
2019-06-14 09:09:35,941 INFO  client.GrpcClientProtocolClient (GrpcClientProtocolClient.java:onNext(254)) - client-C0E347E82FC5->e6065258-5a2c-4a72-9f81-ed1321f551ca: receive RaftClientReply:client-C0E347E82FC5->e6065258-5a2c-4a72-9f81-ed1321f551ca@group-13364FE26125, cid=1566, SUCCESS, logIndex=2626, commits[e6065258-5a2c-4a72-9f81-ed1321f551ca:c2626]
2019-06-14 09:09:35,942 INFO  client.GrpcClientProtocolClient (GrpcClientProtocolClient.java:onNext(254)) - client-C0E347E82FC5->e6065258-5a2c-4a72-9f81-ed1321f551ca: receive RaftClientReply:client-C0E347E82FC5->e6065258-5a2c-4a72-9f81-ed1321f551ca@group-13364FE26125, cid=1567, SUCCESS, logIndex=2627, commits[e6065258-5a2c-4a72-9f81-ed1321f551ca:c2629]
2019-06-14 09:09:35,946 INFO  client.GrpcClientProtocolClient (GrpcClientProtocolClient.java:onNext(254)) - client-C0E347E82FC5->e6065258-5a2c-4a72-9f81-ed1321f551ca: receive RaftClientReply:client-C0E347E82FC5->e6065258-5a2c-4a72-9f81-ed1321f551ca@group-13364FE26125, cid=1568, SUCCESS, logIndex=2628, commits[e6065258-5a2c-4a72-9f81-ed1321f551ca:c2629]
2019-06-14 09:09:35,955 INFO  client.GrpcClientProtocolClient (GrpcClientProtocolClient.java:onNext(254)) - client-C0E347E82FC5->e6065258-5a2c-4a72-9f81-ed1321f551ca: receive RaftClientReply:client-C0E347E82FC5->e6065258-5a2c-4a72-9f81-ed1321f551ca@group-13364FE26125, cid=1569, SUCCESS, logIndex=2630, commits[e6065258-5a2c-4a72-9f81-ed1321f551ca:c2630]
2019-06-14 09:09:35,957 INFO  client.GrpcClientProtocolClient (GrpcClientProtocolClient.java:onNext(254)) - client-C0E347E82FC5->e6065258-5a2c-4a72-9f81-ed1321f551ca: receive RaftClientReply:client-C0E347E82FC5->e6065258-5a2c-4a72-9f81-ed1321f551ca@group-13364FE26125, cid=1570, SUCCESS, logIndex=2632, commits[e6065258-5a2c-4a72-9f81-ed1321f551ca:c2632]
2019-06-14 09:09:35,958 INFO  client.GrpcClientProtocolClient (GrpcClientProtocolClient.java:onNext(254)) - client-C0E347E82FC5->e6065258-5a2c-4a72-9f81-ed1321f551ca: receive RaftClientReply:client-C0E347E82FC5->e6065258-5a2c-4a72-9f81-ed1321f551ca@group-13364FE26125, cid=1571, SUCCESS, logIndex=2633, commits[e6065258-5a2c-4a72-9f81-ed1321f551ca:c2633]
2019-06-14 09:09:35,958 DEBUG block.SCMBlockDeletingService (SCMBlockDeletingService.java:call(138)) - Running DeletedBlockTransactionScanner
2019-06-14 09:09:35,958 DEBUG block.SCMBlockDeletingService (SCMBlockDeletingService.java:call(155)) - Scanned deleted blocks log and got 0 delTX to process.
2019-06-14 09:09:35,959 INFO  client.GrpcClientProtocolClient (GrpcClientProtocolClient.java:onNext(254)) - client-C0E347E82FC5->e6065258-5a2c-4a72-9f81-ed1321f551ca: receive RaftClientReply:client-C0E347E82FC5->e6065258-5a2c-4a72-9f81-ed1321f551ca@group-13364FE26125, cid=1572, SUCCESS, logIndex=2636, commits[e6065258-5a2c-4a72-9f81-ed1321f551ca:c2636]
2019-06-14 09:09:35,964 INFO  client.GrpcClientProtocolClient (GrpcClientProtocolClient.java:onNext(254)) - client-C0E347E82FC5->e6065258-5a2c-4a72-9f81-ed1321f551ca: receive RaftClientReply:client-C0E347E82FC5->e6065258-5a2c-4a72-9f81-ed1321f551ca@group-13364FE26125, cid=1573, SUCCESS, logIndex=2638, commits[e6065258-5a2c-4a72-9f81-ed1321f551ca:c2638]
2019-06-14 09:09:35,965 INFO  client.GrpcClientProtocolClient (GrpcClientProtocolClient.java:onNext(254)) - client-C0E347E82FC5->e6065258-5a2c-4a72-9f81-ed1321f551ca: receive RaftClientReply:client-C0E347E82FC5->e6065258-5a2c-4a72-9f81-ed1321f551ca@group-13364FE26125, cid=1574, SUCCESS, logIndex=2640, commits[e6065258-5a2c-4a72-9f81-ed1321f551ca:c2640]
2019-06-14 09:09:35,968 INFO  client.GrpcClientProtocolClient (GrpcClientProtocolClient.java:onNext(254)) - client-C0E347E82FC5->e6065258-5a2c-4a72-9f81-ed1321f551ca: receive RaftClientReply:client-C0E347E82FC5->e6065258-5a2c-4a72-9f81-ed1321f551ca@group-13364FE26125, cid=1575, SUCCESS, logIndex=2642, commits[e6065258-5a2c-4a72-9f81-ed1321f551ca:c2642]
2019-06-14 09:09:35,968 INFO  client.GrpcClientProtocolClient (GrpcClientProtocolClient.java:onNext(254)) - client-C0E347E82FC5->e6065258-5a2c-4a72-9f81-ed1321f551ca: receive RaftClientReply:client-C0E347E82FC5->e6065258-5a2c-4a72-9f81-ed1321f551ca@group-13364FE26125, cid=1576, SUCCESS, logIndex=2643, commits[e6065258-5a2c-4a72-9f81-ed1321f551ca:c2643]
2019-06-14 09:09:35,980 INFO  client.GrpcClientProtocolClient (GrpcClientProtocolClient.java:onNext(254)) - client-C0E347E82FC5->e6065258-5a2c-4a72-9f81-ed1321f551ca: receive RaftClientReply:client-C0E347E82FC5->e6065258-5a2c-4a72-9f81-ed1321f551ca@group-13364FE26125, cid=1577, SUCCESS, logIndex=2646, commits[e6065258-5a2c-4a72-9f81-ed1321f551ca:c2646]
2019-06-14 09:09:35,981 INFO  client.GrpcClientProtocolClient (GrpcClientProtocolClient.java:onNext(254)) - client-C0E347E82FC5->e6065258-5a2c-4a72-9f81-ed1321f551ca: receive RaftClientReply:client-C0E347E82FC5->e6065258-5a2c-4a72-9f81-ed1321f551ca@group-13364FE26125, cid=1578, SUCCESS, logIndex=2648, commits[e6065258-5a2c-4a72-9f81-ed1321f551ca:c2648]
2019-06-14 09:09:35,982 INFO  client.GrpcClientProtocolClient (GrpcClientProtocolClient.java:onNext(254)) - client-C0E347E82FC5->e6065258-5a2c-4a72-9f81-ed1321f551ca: receive RaftClientReply:client-C0E347E82FC5->e6065258-5a2c-4a72-9f81-ed1321f551ca@group-13364FE26125, cid=1579, SUCCESS, logIndex=2649, commits[e6065258-5a2c-4a72-9f81-ed1321f551ca:c2651]
2019-06-14 09:09:35,982 INFO  client.GrpcClientProtocolClient (GrpcClientProtocolClient.java:onNext(254)) - client-C0E347E82FC5->e6065258-5a2c-4a72-9f81-ed1321f551ca: receive RaftClientReply:client-C0E347E82FC5->e6065258-5a2c-4a72-9f81-ed1321f551ca@group-13364FE26125, cid=1580, SUCCESS, logIndex=2650, commits[e6065258-5a2c-4a72-9f81-ed1321f551ca:c2651]
2019-06-14 09:09:35,987 INFO  client.GrpcClientProtocolClient (GrpcClientProtocolClient.java:onNext(254)) - client-C0E347E82FC5->e6065258-5a2c-4a72-9f81-ed1321f551ca: receive RaftClientReply:client-C0E347E82FC5->e6065258-5a2c-4a72-9f81-ed1321f551ca@group-13364FE26125, cid=1581, SUCCESS, logIndex=2652, commits[e6065258-5a2c-4a72-9f81-ed1321f551ca:c2652]
2019-06-14 09:09:35,990 INFO  client.GrpcClientProtocolClient (GrpcClientProtocolClient.java:onNext(254)) - client-C0E347E82FC5->e6065258-5a2c-4a72-9f81-ed1321f551ca: receive RaftClientReply:client-C0E347E82FC5->e6065258-5a2c-4a72-9f81-ed1321f551ca@group-13364FE26125, cid=1582, SUCCESS, logIndex=2654, commits[e6065258-5a2c-4a72-9f81-ed1321f551ca:c2654]
2019-06-14 09:09:35,990 INFO  client.GrpcClientProtocolClient (GrpcClientProtocolClient.java:onNext(254)) - client-C0E347E82FC5->e6065258-5a2c-4a72-9f81-ed1321f551ca: receive RaftClientReply:client-C0E347E82FC5->e6065258-5a2c-4a72-9f81-ed1321f551ca@group-13364FE26125, cid=1583, SUCCESS, logIndex=2655, commits[e6065258-5a2c-4a72-9f81-ed1321f551ca:c2657]
2019-06-14 09:09:35,991 INFO  client.GrpcClientProtocolClient (GrpcClientProtocolClient.java:onNext(254)) - client-C0E347E82FC5->e6065258-5a2c-4a72-9f81-ed1321f551ca: receive RaftClientReply:client-C0E347E82FC5->e6065258-5a2c-4a72-9f81-ed1321f551ca@group-13364FE26125, cid=1584, SUCCESS, logIndex=2656, commits[e6065258-5a2c-4a72-9f81-ed1321f551ca:c2657]
2019-06-14 09:09:35,999 INFO  client.GrpcClientProtocolClient (GrpcClientProtocolClient.java:onNext(254)) - client-C0E347E82FC5->e6065258-5a2c-4a72-9f81-ed1321f551ca: receive RaftClientReply:client-C0E347E82FC5->e6065258-5a2c-4a72-9f81-ed1321f551ca@group-13364FE26125, cid=1585, SUCCESS, logIndex=2658, commits[e6065258-5a2c-4a72-9f81-ed1321f551ca:c2658]
2019-06-14 09:09:35,999 INFO  storage.RaftLogWorker (RaftLogWorker.java:rollLogSegment(303)) - e6065258-5a2c-4a72-9f81-ed1321f551ca-RaftLogWorker: Rolling segment log-2590_2660 to index:2660
2019-06-14 09:09:36,000 INFO  storage.RaftLogWorker (RaftLogWorker.java:execute(433)) - e6065258-5a2c-4a72-9f81-ed1321f551ca-RaftLogWorker: Rolled log segment from /opt/src/hadoop-ozone/integration-test/target/test-dir/MiniOzoneClusterImpl-a56da109-a1cb-4168-8966-62306f2f2d23/datanode-0/data/ratis/920138aa-6f47-4d6d-b5cc-13364fe26125/current/log_inprogress_2590 to /opt/src/hadoop-ozone/integration-test/target/test-dir/MiniOzoneClusterImpl-a56da109-a1cb-4168-8966-62306f2f2d23/datanode-0/data/ratis/920138aa-6f47-4d6d-b5cc-13364fe26125/current/log_2590-2660
2019-06-14 09:09:36,001 INFO  client.GrpcClientProtocolClient (GrpcClientProtocolClient.java:onNext(254)) - client-C0E347E82FC5->e6065258-5a2c-4a72-9f81-ed1321f551ca: receive RaftClientReply:client-C0E347E82FC5->e6065258-5a2c-4a72-9f81-ed1321f551ca@group-13364FE26125, cid=1586, SUCCESS, logIndex=2660, commits[e6065258-5a2c-4a72-9f81-ed1321f551ca:c2660]
2019-06-14 09:09:36,035 INFO  storage.RaftLogWorker (RaftLogWorker.java:execute(469)) - e6065258-5a2c-4a72-9f81-ed1321f551ca-RaftLogWorker: created new log segment /opt/src/hadoop-ozone/integration-test/target/test-dir/MiniOzoneClusterImpl-a56da109-a1cb-4168-8966-62306f2f2d23/datanode-0/data/ratis/920138aa-6f47-4d6d-b5cc-13364fe26125/current/log_inprogress_2661
2019-06-14 09:09:36,037 INFO  client.GrpcClientProtocolClient (GrpcClientProtocolClient.java:onNext(254)) - client-C0E347E82FC5->e6065258-5a2c-4a72-9f81-ed1321f551ca: receive RaftClientReply:client-C0E347E82FC5->e6065258-5a2c-4a72-9f81-ed1321f551ca@group-13364FE26125, cid=1587, SUCCESS, logIndex=2661, commits[e6065258-5a2c-4a72-9f81-ed1321f551ca:c2663]
2019-06-14 09:09:36,037 INFO  client.GrpcClientProtocolClient (GrpcClientProtocolClient.java:onNext(254)) - client-C0E347E82FC5->e6065258-5a2c-4a72-9f81-ed1321f551ca: receive RaftClientReply:client-C0E347E82FC5->e6065258-5a2c-4a72-9f81-ed1321f551ca@group-13364FE26125, cid=1588, SUCCESS, logIndex=2663, commits[e6065258-5a2c-4a72-9f81-ed1321f551ca:c2664]
2019-06-14 09:09:36,043 INFO  client.GrpcClientProtocolClient (GrpcClientProtocolClient.java:onNext(254)) - client-C0E347E82FC5->e6065258-5a2c-4a72-9f81-ed1321f551ca: receive RaftClientReply:client-C0E347E82FC5->e6065258-5a2c-4a72-9f81-ed1321f551ca@group-13364FE26125, cid=1589, SUCCESS, logIndex=2665, commits[e6065258-5a2c-4a72-9f81-ed1321f551ca:c2665]
2019-06-14 09:09:36,044 INFO  client.GrpcClientProtocolClient (GrpcClientProtocolClient.java:onNext(254)) - client-C0E347E82FC5->e6065258-5a2c-4a72-9f81-ed1321f551ca: receive RaftClientReply:client-C0E347E82FC5->e6065258-5a2c-4a72-9f81-ed1321f551ca@group-13364FE26125, cid=1590, SUCCESS, logIndex=2667, commits[e6065258-5a2c-4a72-9f81-ed1321f551ca:c2667]
2019-06-14 09:09:36,058 DEBUG block.SCMBlockDeletingService (SCMBlockDeletingService.java:call(138)) - Running DeletedBlockTransactionScanner
2019-06-14 09:09:36,058 DEBUG block.SCMBlockDeletingService (SCMBlockDeletingService.java:call(155)) - Scanned deleted blocks log and got 0 delTX to process.
2019-06-14 09:09:36,156 INFO  client.GrpcClientProtocolClient (GrpcClientProtocolClient.java:onNext(254)) - client-C0E347E82FC5->e6065258-5a2c-4a72-9f81-ed1321f551ca: receive RaftClientReply:client-C0E347E82FC5->e6065258-5a2c-4a72-9f81-ed1321f551ca@group-13364FE26125, cid=1591, SUCCESS, logIndex=2669, commits[e6065258-5a2c-4a72-9f81-ed1321f551ca:c2669]
2019-06-14 09:09:36,157 INFO  client.GrpcClientProtocolClient (GrpcClientProtocolClient.java:onNext(254)) - client-C0E347E82FC5->e6065258-5a2c-4a72-9f81-ed1321f551ca: receive RaftClientReply:client-C0E347E82FC5->e6065258-5a2c-4a72-9f81-ed1321f551ca@group-13364FE26125, cid=1592, SUCCESS, logIndex=2671, commits[e6065258-5a2c-4a72-9f81-ed1321f551ca:c2671]
2019-06-14 09:09:36,158 DEBUG block.SCMBlockDeletingService (SCMBlockDeletingService.java:call(138)) - Running DeletedBlockTransactionScanner
2019-06-14 09:09:36,158 DEBUG block.SCMBlockDeletingService (SCMBlockDeletingService.java:call(155)) - Scanned deleted blocks log and got 0 delTX to process.
2019-06-14 09:09:36,166 INFO  client.GrpcClientProtocolClient (GrpcClientProtocolClient.java:onNext(254)) - client-C0E347E82FC5->e6065258-5a2c-4a72-9f81-ed1321f551ca: receive RaftClientReply:client-C0E347E82FC5->e6065258-5a2c-4a72-9f81-ed1321f551ca@group-13364FE26125, cid=1593, SUCCESS, logIndex=2673, commits[e6065258-5a2c-4a72-9f81-ed1321f551ca:c2673]
2019-06-14 09:09:36,167 INFO  client.GrpcClientProtocolClient (GrpcClientProtocolClient.java:onNext(254)) - client-C0E347E82FC5->e6065258-5a2c-4a72-9f81-ed1321f551ca: receive RaftClientReply:client-C0E347E82FC5->e6065258-5a2c-4a72-9f81-ed1321f551ca@group-13364FE26125, cid=1594, SUCCESS, logIndex=2675, commits[e6065258-5a2c-4a72-9f81-ed1321f551ca:c2675]
2019-06-14 09:09:36,168 INFO  client.GrpcClientProtocolClient (GrpcClientProtocolClient.java:onNext(254)) - client-C0E347E82FC5->e6065258-5a2c-4a72-9f81-ed1321f551ca: receive RaftClientReply:client-C0E347E82FC5->e6065258-5a2c-4a72-9f81-ed1321f551ca@group-13364FE26125, cid=1595, SUCCESS, logIndex=2676, commits[e6065258-5a2c-4a72-9f81-ed1321f551ca:c2678]
2019-06-14 09:09:36,169 INFO  client.GrpcClientProtocolClient (GrpcClientProtocolClient.java:onNext(254)) - client-C0E347E82FC5->e6065258-5a2c-4a72-9f81-ed1321f551ca: receive RaftClientReply:client-C0E347E82FC5->e6065258-5a2c-4a72-9f81-ed1321f551ca@group-13364FE26125, cid=1596, SUCCESS, logIndex=2677, commits[e6065258-5a2c-4a72-9f81-ed1321f551ca:c2678]
2019-06-14 09:09:36,175 INFO  client.GrpcClientProtocolClient (GrpcClientProtocolClient.java:onNext(254)) - client-C0E347E82FC5->e6065258-5a2c-4a72-9f81-ed1321f551ca: receive RaftClientReply:client-C0E347E82FC5->e6065258-5a2c-4a72-9f81-ed1321f551ca@group-13364FE26125, cid=1597, SUCCESS, logIndex=2679, commits[e6065258-5a2c-4a72-9f81-ed1321f551ca:c2679]
2019-06-14 09:09:36,177 INFO  client.GrpcClientProtocolClient (GrpcClientProtocolClient.java:onNext(254)) - client-C0E347E82FC5->e6065258-5a2c-4a72-9f81-ed1321f551ca: receive RaftClientReply:client-C0E347E82FC5->e6065258-5a2c-4a72-9f81-ed1321f551ca@group-13364FE26125, cid=1598, SUCCESS, logIndex=2681, commits[e6065258-5a2c-4a72-9f81-ed1321f551ca:c2681]
2019-06-14 09:09:36,178 INFO  client.GrpcClientProtocolClient (GrpcClientProtocolClient.java:onNext(254)) - client-C0E347E82FC5->e6065258-5a2c-4a72-9f81-ed1321f551ca: receive RaftClientReply:client-C0E347E82FC5->e6065258-5a2c-4a72-9f81-ed1321f551ca@group-13364FE26125, cid=1599, SUCCESS, logIndex=2682, commits[e6065258-5a2c-4a72-9f81-ed1321f551ca:c2684]
2019-06-14 09:09:36,178 INFO  client.GrpcClientProtocolClient (GrpcClientProtocolClient.java:onNext(254)) - client-C0E347E82FC5->e6065258-5a2c-4a72-9f81-ed1321f551ca: receive RaftClientReply:client-C0E347E82FC5->e6065258-5a2c-4a72-9f81-ed1321f551ca@group-13364FE26125, cid=1600, SUCCESS, logIndex=2683, commits[e6065258-5a2c-4a72-9f81-ed1321f551ca:c2684]
2019-06-14 09:09:36,187 INFO  client.GrpcClientProtocolClient (GrpcClientProtocolClient.java:onNext(254)) - client-C0E347E82FC5->e6065258-5a2c-4a72-9f81-ed1321f551ca: receive RaftClientReply:client-C0E347E82FC5->e6065258-5a2c-4a72-9f81-ed1321f551ca@group-13364FE26125, cid=1601, SUCCESS, logIndex=2685, commits[e6065258-5a2c-4a72-9f81-ed1321f551ca:c2685]
2019-06-14 09:09:36,188 INFO  client.GrpcClientProtocolClient (GrpcClientProtocolClient.java:onNext(254)) - client-C0E347E82FC5->e6065258-5a2c-4a72-9f81-ed1321f551ca: receive RaftClientReply:client-C0E347E82FC5->e6065258-5a2c-4a72-9f81-ed1321f551ca@group-13364FE26125, cid=1602, SUCCESS, logIndex=2687, commits[e6065258-5a2c-4a72-9f81-ed1321f551ca:c2687]
2019-06-14 09:09:36,189 INFO  client.GrpcClientProtocolClient (GrpcClientProtocolClient.java:onNext(254)) - client-C0E347E82FC5->e6065258-5a2c-4a72-9f81-ed1321f551ca: receive RaftClientReply:client-C0E347E82FC5->e6065258-5a2c-4a72-9f81-ed1321f551ca@group-13364FE26125, cid=1603, SUCCESS, logIndex=2688, commits[e6065258-5a2c-4a72-9f81-ed1321f551ca:c2690]
2019-06-14 09:09:36,190 INFO  client.GrpcClientProtocolClient (GrpcClientProtocolClient.java:onNext(254)) - client-C0E347E82FC5->e6065258-5a2c-4a72-9f81-ed1321f551ca: receive RaftClientReply:client-C0E347E82FC5->e6065258-5a2c-4a72-9f81-ed1321f551ca@group-13364FE26125, cid=1604, SUCCESS, logIndex=2689, commits[e6065258-5a2c-4a72-9f81-ed1321f551ca:c2690]
2019-06-14 09:09:36,194 INFO  client.GrpcClientProtocolClient (GrpcClientProtocolClient.java:onNext(254)) - client-C0E347E82FC5->e6065258-5a2c-4a72-9f81-ed1321f551ca: receive RaftClientReply:client-C0E347E82FC5->e6065258-5a2c-4a72-9f81-ed1321f551ca@group-13364FE26125, cid=1605, SUCCESS, logIndex=2691, commits[e6065258-5a2c-4a72-9f81-ed1321f551ca:c2691]
2019-06-14 09:09:36,196 INFO  client.GrpcClientProtocolClient (GrpcClientProtocolClient.java:onNext(254)) - client-C0E347E82FC5->e6065258-5a2c-4a72-9f81-ed1321f551ca: receive RaftClientReply:client-C0E347E82FC5->e6065258-5a2c-4a72-9f81-ed1321f551ca@group-13364FE26125, cid=1606, SUCCESS, logIndex=2693, commits[e6065258-5a2c-4a72-9f81-ed1321f551ca:c2693]
2019-06-14 09:09:36,197 INFO  client.GrpcClientProtocolClient (GrpcClientProtocolClient.java:onNext(254)) - client-C0E347E82FC5->e6065258-5a2c-4a72-9f81-ed1321f551ca: receive RaftClientReply:client-C0E347E82FC5->e6065258-5a2c-4a72-9f81-ed1321f551ca@group-13364FE26125, cid=1607, SUCCESS, logIndex=2694, commits[e6065258-5a2c-4a72-9f81-ed1321f551ca:c2696]
2019-06-14 09:09:36,198 INFO  client.GrpcClientProtocolClient (GrpcClientProtocolClient.java:onNext(254)) - client-C0E347E82FC5->e6065258-5a2c-4a72-9f81-ed1321f551ca: receive RaftClientReply:client-C0E347E82FC5->e6065258-5a2c-4a72-9f81-ed1321f551ca@group-13364FE26125, cid=1608, SUCCESS, logIndex=2695, commits[e6065258-5a2c-4a72-9f81-ed1321f551ca:c2696]
2019-06-14 09:09:36,207 INFO  client.GrpcClientProtocolClient (GrpcClientProtocolClient.java:onNext(254)) - client-C0E347E82FC5->e6065258-5a2c-4a72-9f81-ed1321f551ca: receive RaftClientReply:client-C0E347E82FC5->e6065258-5a2c-4a72-9f81-ed1321f551ca@group-13364FE26125, cid=1609, SUCCESS, logIndex=2697, commits[e6065258-5a2c-4a72-9f81-ed1321f551ca:c2697]
2019-06-14 09:09:36,209 INFO  client.GrpcClientProtocolClient (GrpcClientProtocolClient.java:onNext(254)) - client-C0E347E82FC5->e6065258-5a2c-4a72-9f81-ed1321f551ca: receive RaftClientReply:client-C0E347E82FC5->e6065258-5a2c-4a72-9f81-ed1321f551ca@group-13364FE26125, cid=1610, SUCCESS, logIndex=2699, commits[e6065258-5a2c-4a72-9f81-ed1321f551ca:c2699]
2019-06-14 09:09:36,210 INFO  client.GrpcClientProtocolClient (GrpcClientProtocolClient.java:onNext(254)) - client-C0E347E82FC5->e6065258-5a2c-4a72-9f81-ed1321f551ca: receive RaftClientReply:client-C0E347E82FC5->e6065258-5a2c-4a72-9f81-ed1321f551ca@group-13364FE26125, cid=1611, SUCCESS, logIndex=2700, commits[e6065258-5a2c-4a72-9f81-ed1321f551ca:c2702]
2019-06-14 09:09:36,210 INFO  client.GrpcClientProtocolClient (GrpcClientProtocolClient.java:onNext(254)) - client-C0E347E82FC5->e6065258-5a2c-4a72-9f81-ed1321f551ca: receive RaftClientReply:client-C0E347E82FC5->e6065258-5a2c-4a72-9f81-ed1321f551ca@group-13364FE26125, cid=1612, SUCCESS, logIndex=2701, commits[e6065258-5a2c-4a72-9f81-ed1321f551ca:c2702]
2019-06-14 09:09:36,216 INFO  client.GrpcClientProtocolClient (GrpcClientProtocolClient.java:onNext(254)) - client-C0E347E82FC5->e6065258-5a2c-4a72-9f81-ed1321f551ca: receive RaftClientReply:client-C0E347E82FC5->e6065258-5a2c-4a72-9f81-ed1321f551ca@group-13364FE26125, cid=1613, SUCCESS, logIndex=2703, commits[e6065258-5a2c-4a72-9f81-ed1321f551ca:c2703]
2019-06-14 09:09:36,217 INFO  client.GrpcClientProtocolClient (GrpcClientProtocolClient.java:onNext(254)) - client-C0E347E82FC5->e6065258-5a2c-4a72-9f81-ed1321f551ca: receive RaftClientReply:client-C0E347E82FC5->e6065258-5a2c-4a72-9f81-ed1321f551ca@group-13364FE26125, cid=1614, SUCCESS, logIndex=2705, commits[e6065258-5a2c-4a72-9f81-ed1321f551ca:c2705]
2019-06-14 09:09:36,218 INFO  client.GrpcClientProtocolClient (GrpcClientProtocolClient.java:onNext(254)) - client-C0E347E82FC5->e6065258-5a2c-4a72-9f81-ed1321f551ca: receive RaftClientReply:client-C0E347E82FC5->e6065258-5a2c-4a72-9f81-ed1321f551ca@group-13364FE26125, cid=1615, SUCCESS, logIndex=2706, commits[e6065258-5a2c-4a72-9f81-ed1321f551ca:c2708]
2019-06-14 09:09:36,218 INFO  client.GrpcClientProtocolClient (GrpcClientProtocolClient.java:onNext(254)) - client-C0E347E82FC5->e6065258-5a2c-4a72-9f81-ed1321f551ca: receive RaftClientReply:client-C0E347E82FC5->e6065258-5a2c-4a72-9f81-ed1321f551ca@group-13364FE26125, cid=1616, SUCCESS, logIndex=2707, commits[e6065258-5a2c-4a72-9f81-ed1321f551ca:c2708]
2019-06-14 09:09:36,228 INFO  client.GrpcClientProtocolClient (GrpcClientProtocolClient.java:onNext(254)) - client-C0E347E82FC5->e6065258-5a2c-4a72-9f81-ed1321f551ca: receive RaftClientReply:client-C0E347E82FC5->e6065258-5a2c-4a72-9f81-ed1321f551ca@group-13364FE26125, cid=1617, SUCCESS, logIndex=2709, commits[e6065258-5a2c-4a72-9f81-ed1321f551ca:c2709]
2019-06-14 09:09:36,229 INFO  client.GrpcClientProtocolClient (GrpcClientProtocolClient.java:onNext(254)) - client-C0E347E82FC5->e6065258-5a2c-4a72-9f81-ed1321f551ca: receive RaftClientReply:client-C0E347E82FC5->e6065258-5a2c-4a72-9f81-ed1321f551ca@group-13364FE26125, cid=1618, SUCCESS, logIndex=2711, commits[e6065258-5a2c-4a72-9f81-ed1321f551ca:c2711]
2019-06-14 09:09:36,231 INFO  client.GrpcClientProtocolClient (GrpcClientProtocolClient.java:onNext(254)) - client-C0E347E82FC5->e6065258-5a2c-4a72-9f81-ed1321f551ca: receive RaftClientReply:client-C0E347E82FC5->e6065258-5a2c-4a72-9f81-ed1321f551ca@group-13364FE26125, cid=1619, SUCCESS, logIndex=2712, commits[e6065258-5a2c-4a72-9f81-ed1321f551ca:c2714]
2019-06-14 09:09:36,231 INFO  client.GrpcClientProtocolClient (GrpcClientProtocolClient.java:onNext(254)) - client-C0E347E82FC5->e6065258-5a2c-4a72-9f81-ed1321f551ca: receive RaftClientReply:client-C0E347E82FC5->e6065258-5a2c-4a72-9f81-ed1321f551ca@group-13364FE26125, cid=1620, SUCCESS, logIndex=2713, commits[e6065258-5a2c-4a72-9f81-ed1321f551ca:c2714]
2019-06-14 09:09:36,237 INFO  client.GrpcClientProtocolClient (GrpcClientProtocolClient.java:onNext(254)) - client-C0E347E82FC5->e6065258-5a2c-4a72-9f81-ed1321f551ca: receive RaftClientReply:client-C0E347E82FC5->e6065258-5a2c-4a72-9f81-ed1321f551ca@group-13364FE26125, cid=1621, SUCCESS, logIndex=2715, commits[e6065258-5a2c-4a72-9f81-ed1321f551ca:c2715]
2019-06-14 09:09:36,238 INFO  client.GrpcClientProtocolClient (GrpcClientProtocolClient.java:onNext(254)) - client-C0E347E82FC5->e6065258-5a2c-4a72-9f81-ed1321f551ca: receive RaftClientReply:client-C0E347E82FC5->e6065258-5a2c-4a72-9f81-ed1321f551ca@group-13364FE26125, cid=1622, SUCCESS, logIndex=2717, commits[e6065258-5a2c-4a72-9f81-ed1321f551ca:c2717]
2019-06-14 09:09:36,239 INFO  client.GrpcClientProtocolClient (GrpcClientProtocolClient.java:onNext(254)) - client-C0E347E82FC5->e6065258-5a2c-4a72-9f81-ed1321f551ca: receive RaftClientReply:client-C0E347E82FC5->e6065258-5a2c-4a72-9f81-ed1321f551ca@group-13364FE26125, cid=1623, SUCCESS, logIndex=2718, commits[e6065258-5a2c-4a72-9f81-ed1321f551ca:c2720]
2019-06-14 09:09:36,239 INFO  client.GrpcClientProtocolClient (GrpcClientProtocolClient.java:onNext(254)) - client-C0E347E82FC5->e6065258-5a2c-4a72-9f81-ed1321f551ca: receive RaftClientReply:client-C0E347E82FC5->e6065258-5a2c-4a72-9f81-ed1321f551ca@group-13364FE26125, cid=1624, SUCCESS, logIndex=2719, commits[e6065258-5a2c-4a72-9f81-ed1321f551ca:c2720]
2019-06-14 09:09:36,248 INFO  client.GrpcClientProtocolClient (GrpcClientProtocolClient.java:onNext(254)) - client-C0E347E82FC5->e6065258-5a2c-4a72-9f81-ed1321f551ca: receive RaftClientReply:client-C0E347E82FC5->e6065258-5a2c-4a72-9f81-ed1321f551ca@group-13364FE26125, cid=1625, SUCCESS, logIndex=2721, commits[e6065258-5a2c-4a72-9f81-ed1321f551ca:c2721]
2019-06-14 09:09:36,249 INFO  client.GrpcClientProtocolClient (GrpcClientProtocolClient.java:onNext(254)) - client-C0E347E82FC5->e6065258-5a2c-4a72-9f81-ed1321f551ca: receive RaftClientReply:client-C0E347E82FC5->e6065258-5a2c-4a72-9f81-ed1321f551ca@group-13364FE26125, cid=1626, SUCCESS, logIndex=2723, commits[e6065258-5a2c-4a72-9f81-ed1321f551ca:c2723]
2019-06-14 09:09:36,251 INFO  client.GrpcClientProtocolClient (GrpcClientProtocolClient.java:onNext(254)) - client-C0E347E82FC5->e6065258-5a2c-4a72-9f81-ed1321f551ca: receive RaftClientReply:client-C0E347E82FC5->e6065258-5a2c-4a72-9f81-ed1321f551ca@group-13364FE26125, cid=1627, SUCCESS, logIndex=2724, commits[e6065258-5a2c-4a72-9f81-ed1321f551ca:c2726]
2019-06-14 09:09:36,251 INFO  client.GrpcClientProtocolClient (GrpcClientProtocolClient.java:onNext(254)) - client-C0E347E82FC5->e6065258-5a2c-4a72-9f81-ed1321f551ca: receive RaftClientReply:client-C0E347E82FC5->e6065258-5a2c-4a72-9f81-ed1321f551ca@group-13364FE26125, cid=1628, SUCCESS, logIndex=2725, commits[e6065258-5a2c-4a72-9f81-ed1321f551ca:c2726]
2019-06-14 09:09:36,256 INFO  client.GrpcClientProtocolClient (GrpcClientProtocolClient.java:onNext(254)) - client-C0E347E82FC5->e6065258-5a2c-4a72-9f81-ed1321f551ca: receive RaftClientReply:client-C0E347E82FC5->e6065258-5a2c-4a72-9f81-ed1321f551ca@group-13364FE26125, cid=1629, SUCCESS, logIndex=2727, commits[e6065258-5a2c-4a72-9f81-ed1321f551ca:c2727]
2019-06-14 09:09:36,257 INFO  storage.RaftLogWorker (RaftLogWorker.java:rollLogSegment(303)) - e6065258-5a2c-4a72-9f81-ed1321f551ca-RaftLogWorker: Rolling segment log-2661_2728 to index:2728
2019-06-14 09:09:36,257 INFO  storage.RaftLogWorker (RaftLogWorker.java:execute(433)) - e6065258-5a2c-4a72-9f81-ed1321f551ca-RaftLogWorker: Rolled log segment from /opt/src/hadoop-ozone/integration-test/target/test-dir/MiniOzoneClusterImpl-a56da109-a1cb-4168-8966-62306f2f2d23/datanode-0/data/ratis/920138aa-6f47-4d6d-b5cc-13364fe26125/current/log_inprogress_2661 to /opt/src/hadoop-ozone/integration-test/target/test-dir/MiniOzoneClusterImpl-a56da109-a1cb-4168-8966-62306f2f2d23/datanode-0/data/ratis/920138aa-6f47-4d6d-b5cc-13364fe26125/current/log_2661-2728
2019-06-14 09:09:36,259 DEBUG block.SCMBlockDeletingService (SCMBlockDeletingService.java:call(138)) - Running DeletedBlockTransactionScanner
2019-06-14 09:09:36,259 DEBUG block.SCMBlockDeletingService (SCMBlockDeletingService.java:call(155)) - Scanned deleted blocks log and got 0 delTX to process.
2019-06-14 09:09:36,292 INFO  storage.RaftLogWorker (RaftLogWorker.java:execute(469)) - e6065258-5a2c-4a72-9f81-ed1321f551ca-RaftLogWorker: created new log segment /opt/src/hadoop-ozone/integration-test/target/test-dir/MiniOzoneClusterImpl-a56da109-a1cb-4168-8966-62306f2f2d23/datanode-0/data/ratis/920138aa-6f47-4d6d-b5cc-13364fe26125/current/log_inprogress_2729
2019-06-14 09:09:36,295 INFO  client.GrpcClientProtocolClient (GrpcClientProtocolClient.java:onNext(254)) - client-C0E347E82FC5->e6065258-5a2c-4a72-9f81-ed1321f551ca: receive RaftClientReply:client-C0E347E82FC5->e6065258-5a2c-4a72-9f81-ed1321f551ca@group-13364FE26125, cid=1630, SUCCESS, logIndex=2729, commits[e6065258-5a2c-4a72-9f81-ed1321f551ca:c2731]
2019-06-14 09:09:36,295 INFO  client.GrpcClientProtocolClient (GrpcClientProtocolClient.java:onNext(254)) - client-C0E347E82FC5->e6065258-5a2c-4a72-9f81-ed1321f551ca: receive RaftClientReply:client-C0E347E82FC5->e6065258-5a2c-4a72-9f81-ed1321f551ca@group-13364FE26125, cid=1631, SUCCESS, logIndex=2730, commits[e6065258-5a2c-4a72-9f81-ed1321f551ca:c2731]
2019-06-14 09:09:36,298 INFO  client.GrpcClientProtocolClient (GrpcClientProtocolClient.java:onNext(254)) - client-C0E347E82FC5->e6065258-5a2c-4a72-9f81-ed1321f551ca: receive RaftClientReply:client-C0E347E82FC5->e6065258-5a2c-4a72-9f81-ed1321f551ca@group-13364FE26125, cid=1632, SUCCESS, logIndex=2731, commits[e6065258-5a2c-4a72-9f81-ed1321f551ca:c2732]
2019-06-14 09:09:36,309 INFO  client.GrpcClientProtocolClient (GrpcClientProtocolClient.java:onNext(254)) - client-C0E347E82FC5->e6065258-5a2c-4a72-9f81-ed1321f551ca: receive RaftClientReply:client-C0E347E82FC5->e6065258-5a2c-4a72-9f81-ed1321f551ca@group-13364FE26125, cid=1633, SUCCESS, logIndex=2733, commits[e6065258-5a2c-4a72-9f81-ed1321f551ca:c2733]
2019-06-14 09:09:36,310 INFO  client.GrpcClientProtocolClient (GrpcClientProtocolClient.java:onNext(254)) - client-C0E347E82FC5->e6065258-5a2c-4a72-9f81-ed1321f551ca: receive RaftClientReply:client-C0E347E82FC5->e6065258-5a2c-4a72-9f81-ed1321f551ca@group-13364FE26125, cid=1634, SUCCESS, logIndex=2735, commits[e6065258-5a2c-4a72-9f81-ed1321f551ca:c2735]
2019-06-14 09:09:36,359 DEBUG block.SCMBlockDeletingService (SCMBlockDeletingService.java:call(138)) - Running DeletedBlockTransactionScanner
2019-06-14 09:09:36,359 DEBUG block.SCMBlockDeletingService (SCMBlockDeletingService.java:call(155)) - Scanned deleted blocks log and got 0 delTX to process.
2019-06-14 09:09:36,375 INFO  client.GrpcClientProtocolClient (GrpcClientProtocolClient.java:onNext(254)) - client-C0E347E82FC5->e6065258-5a2c-4a72-9f81-ed1321f551ca: receive RaftClientReply:client-C0E347E82FC5->e6065258-5a2c-4a72-9f81-ed1321f551ca@group-13364FE26125, cid=1635, SUCCESS, logIndex=2737, commits[e6065258-5a2c-4a72-9f81-ed1321f551ca:c2737]
2019-06-14 09:09:36,377 INFO  client.GrpcClientProtocolClient (GrpcClientProtocolClient.java:onNext(254)) - client-C0E347E82FC5->e6065258-5a2c-4a72-9f81-ed1321f551ca: receive RaftClientReply:client-C0E347E82FC5->e6065258-5a2c-4a72-9f81-ed1321f551ca@group-13364FE26125, cid=1636, SUCCESS, logIndex=2739, commits[e6065258-5a2c-4a72-9f81-ed1321f551ca:c2739]
2019-06-14 09:09:36,382 INFO  client.GrpcClientProtocolClient (GrpcClientProtocolClient.java:onNext(254)) - client-C0E347E82FC5->e6065258-5a2c-4a72-9f81-ed1321f551ca: receive RaftClientReply:client-C0E347E82FC5->e6065258-5a2c-4a72-9f81-ed1321f551ca@group-13364FE26125, cid=1637, SUCCESS, logIndex=2741, commits[e6065258-5a2c-4a72-9f81-ed1321f551ca:c2741]
2019-06-14 09:09:36,384 INFO  client.GrpcClientProtocolClient (GrpcClientProtocolClient.java:onNext(254)) - client-C0E347E82FC5->e6065258-5a2c-4a72-9f81-ed1321f551ca: receive RaftClientReply:client-C0E347E82FC5->e6065258-5a2c-4a72-9f81-ed1321f551ca@group-13364FE26125, cid=1638, SUCCESS, logIndex=2743, commits[e6065258-5a2c-4a72-9f81-ed1321f551ca:c2743]
2019-06-14 09:09:36,384 INFO  client.GrpcClientProtocolClient (GrpcClientProtocolClient.java:onNext(254)) - client-C0E347E82FC5->e6065258-5a2c-4a72-9f81-ed1321f551ca: receive RaftClientReply:client-C0E347E82FC5->e6065258-5a2c-4a72-9f81-ed1321f551ca@group-13364FE26125, cid=1639, SUCCESS, logIndex=2744, commits[e6065258-5a2c-4a72-9f81-ed1321f551ca:c2745]
2019-06-14 09:09:36,386 INFO  client.GrpcClientProtocolClient (GrpcClientProtocolClient.java:onNext(254)) - client-C0E347E82FC5->e6065258-5a2c-4a72-9f81-ed1321f551ca: receive RaftClientReply:client-C0E347E82FC5->e6065258-5a2c-4a72-9f81-ed1321f551ca@group-13364FE26125, cid=1640, SUCCESS, logIndex=2745, commits[e6065258-5a2c-4a72-9f81-ed1321f551ca:c2746]
2019-06-14 09:09:36,394 INFO  client.GrpcClientProtocolClient (GrpcClientProtocolClient.java:onNext(254)) - client-C0E347E82FC5->e6065258-5a2c-4a72-9f81-ed1321f551ca: receive RaftClientReply:client-C0E347E82FC5->e6065258-5a2c-4a72-9f81-ed1321f551ca@group-13364FE26125, cid=1641, SUCCESS, logIndex=2748, commits[e6065258-5a2c-4a72-9f81-ed1321f551ca:c2748]
2019-06-14 09:09:36,395 INFO  client.GrpcClientProtocolClient (GrpcClientProtocolClient.java:onNext(254)) - client-C0E347E82FC5->e6065258-5a2c-4a72-9f81-ed1321f551ca: receive RaftClientReply:client-C0E347E82FC5->e6065258-5a2c-4a72-9f81-ed1321f551ca@group-13364FE26125, cid=1642, SUCCESS, logIndex=2750, commits[e6065258-5a2c-4a72-9f81-ed1321f551ca:c2750]
2019-06-14 09:09:36,397 INFO  client.GrpcClientProtocolClient (GrpcClientProtocolClient.java:onNext(254)) - client-C0E347E82FC5->e6065258-5a2c-4a72-9f81-ed1321f551ca: receive RaftClientReply:client-C0E347E82FC5->e6065258-5a2c-4a72-9f81-ed1321f551ca@group-13364FE26125, cid=1643, SUCCESS, logIndex=2751, commits[e6065258-5a2c-4a72-9f81-ed1321f551ca:c2753]
2019-06-14 09:09:36,397 INFO  client.GrpcClientProtocolClient (GrpcClientProtocolClient.java:onNext(254)) - client-C0E347E82FC5->e6065258-5a2c-4a72-9f81-ed1321f551ca: receive RaftClientReply:client-C0E347E82FC5->e6065258-5a2c-4a72-9f81-ed1321f551ca@group-13364FE26125, cid=1644, SUCCESS, logIndex=2752, commits[e6065258-5a2c-4a72-9f81-ed1321f551ca:c2753]
2019-06-14 09:09:36,402 INFO  client.GrpcClientProtocolClient (GrpcClientProtocolClient.java:onNext(254)) - client-C0E347E82FC5->e6065258-5a2c-4a72-9f81-ed1321f551ca: receive RaftClientReply:client-C0E347E82FC5->e6065258-5a2c-4a72-9f81-ed1321f551ca@group-13364FE26125, cid=1645, SUCCESS, logIndex=2754, commits[e6065258-5a2c-4a72-9f81-ed1321f551ca:c2754]
2019-06-14 09:09:36,403 INFO  client.GrpcClientProtocolClient (GrpcClientProtocolClient.java:onNext(254)) - client-C0E347E82FC5->e6065258-5a2c-4a72-9f81-ed1321f551ca: receive RaftClientReply:client-C0E347E82FC5->e6065258-5a2c-4a72-9f81-ed1321f551ca@group-13364FE26125, cid=1646, SUCCESS, logIndex=2756, commits[e6065258-5a2c-4a72-9f81-ed1321f551ca:c2756]
2019-06-14 09:09:36,404 INFO  client.GrpcClientProtocolClient (GrpcClientProtocolClient.java:onNext(254)) - client-C0E347E82FC5->e6065258-5a2c-4a72-9f81-ed1321f551ca: receive RaftClientReply:client-C0E347E82FC5->e6065258-5a2c-4a72-9f81-ed1321f551ca@group-13364FE26125, cid=1647, SUCCESS, logIndex=2757, commits[e6065258-5a2c-4a72-9f81-ed1321f551ca:c2759]
2019-06-14 09:09:36,405 INFO  client.GrpcClientProtocolClient (GrpcClientProtocolClient.java:onNext(254)) - client-C0E347E82FC5->e6065258-5a2c-4a72-9f81-ed1321f551ca: receive RaftClientReply:client-C0E347E82FC5->e6065258-5a2c-4a72-9f81-ed1321f551ca@group-13364FE26125, cid=1648, SUCCESS, logIndex=2758, commits[e6065258-5a2c-4a72-9f81-ed1321f551ca:c2759]
2019-06-14 09:09:36,413 INFO  client.GrpcClientProtocolClient (GrpcClientProtocolClient.java:onNext(254)) - client-C0E347E82FC5->e6065258-5a2c-4a72-9f81-ed1321f551ca: receive RaftClientReply:client-C0E347E82FC5->e6065258-5a2c-4a72-9f81-ed1321f551ca@group-13364FE26125, cid=1649, SUCCESS, logIndex=2760, commits[e6065258-5a2c-4a72-9f81-ed1321f551ca:c2760]
2019-06-14 09:09:36,415 INFO  client.GrpcClientProtocolClient (GrpcClientProtocolClient.java:onNext(254)) - client-C0E347E82FC5->e6065258-5a2c-4a72-9f81-ed1321f551ca: receive RaftClientReply:client-C0E347E82FC5->e6065258-5a2c-4a72-9f81-ed1321f551ca@group-13364FE26125, cid=1650, SUCCESS, logIndex=2762, commits[e6065258-5a2c-4a72-9f81-ed1321f551ca:c2762]
2019-06-14 09:09:36,416 INFO  client.GrpcClientProtocolClient (GrpcClientProtocolClient.java:onNext(254)) - client-C0E347E82FC5->e6065258-5a2c-4a72-9f81-ed1321f551ca: receive RaftClientReply:client-C0E347E82FC5->e6065258-5a2c-4a72-9f81-ed1321f551ca@group-13364FE26125, cid=1651, SUCCESS, logIndex=2763, commits[e6065258-5a2c-4a72-9f81-ed1321f551ca:c2765]
2019-06-14 09:09:36,418 INFO  client.GrpcClientProtocolClient (GrpcClientProtocolClient.java:onNext(254)) - client-C0E347E82FC5->e6065258-5a2c-4a72-9f81-ed1321f551ca: receive RaftClientReply:client-C0E347E82FC5->e6065258-5a2c-4a72-9f81-ed1321f551ca@group-13364FE26125, cid=1652, SUCCESS, logIndex=2764, commits[e6065258-5a2c-4a72-9f81-ed1321f551ca:c2765]
2019-06-14 09:09:36,422 INFO  client.GrpcClientProtocolClient (GrpcClientProtocolClient.java:onNext(254)) - client-C0E347E82FC5->e6065258-5a2c-4a72-9f81-ed1321f551ca: receive RaftClientReply:client-C0E347E82FC5->e6065258-5a2c-4a72-9f81-ed1321f551ca@group-13364FE26125, cid=1653, SUCCESS, logIndex=2766, commits[e6065258-5a2c-4a72-9f81-ed1321f551ca:c2766]
2019-06-14 09:09:36,424 INFO  client.GrpcClientProtocolClient (GrpcClientProtocolClient.java:onNext(254)) - client-C0E347E82FC5->e6065258-5a2c-4a72-9f81-ed1321f551ca: receive RaftClientReply:client-C0E347E82FC5->e6065258-5a2c-4a72-9f81-ed1321f551ca@group-13364FE26125, cid=1654, SUCCESS, logIndex=2768, commits[e6065258-5a2c-4a72-9f81-ed1321f551ca:c2768]
2019-06-14 09:09:36,425 INFO  client.GrpcClientProtocolClient (GrpcClientProtocolClient.java:onNext(254)) - client-C0E347E82FC5->e6065258-5a2c-4a72-9f81-ed1321f551ca: receive RaftClientReply:client-C0E347E82FC5->e6065258-5a2c-4a72-9f81-ed1321f551ca@group-13364FE26125, cid=1655, SUCCESS, logIndex=2769, commits[e6065258-5a2c-4a72-9f81-ed1321f551ca:c2771]
2019-06-14 09:09:36,425 INFO  client.GrpcClientProtocolClient (GrpcClientProtocolClient.java:onNext(254)) - client-C0E347E82FC5->e6065258-5a2c-4a72-9f81-ed1321f551ca: receive RaftClientReply:client-C0E347E82FC5->e6065258-5a2c-4a72-9f81-ed1321f551ca@group-13364FE26125, cid=1656, SUCCESS, logIndex=2770, commits[e6065258-5a2c-4a72-9f81-ed1321f551ca:c2771]
2019-06-14 09:09:36,434 INFO  client.GrpcClientProtocolClient (GrpcClientProtocolClient.java:onNext(254)) - client-C0E347E82FC5->e6065258-5a2c-4a72-9f81-ed1321f551ca: receive RaftClientReply:client-C0E347E82FC5->e6065258-5a2c-4a72-9f81-ed1321f551ca@group-13364FE26125, cid=1657, SUCCESS, logIndex=2772, commits[e6065258-5a2c-4a72-9f81-ed1321f551ca:c2772]
2019-06-14 09:09:36,435 INFO  client.GrpcClientProtocolClient (GrpcClientProtocolClient.java:onNext(254)) - client-C0E347E82FC5->e6065258-5a2c-4a72-9f81-ed1321f551ca: receive RaftClientReply:client-C0E347E82FC5->e6065258-5a2c-4a72-9f81-ed1321f551ca@group-13364FE26125, cid=1658, SUCCESS, logIndex=2774, commits[e6065258-5a2c-4a72-9f81-ed1321f551ca:c2774]
2019-06-14 09:09:36,436 INFO  client.GrpcClientProtocolClient (GrpcClientProtocolClient.java:onNext(254)) - client-C0E347E82FC5->e6065258-5a2c-4a72-9f81-ed1321f551ca: receive RaftClientReply:client-C0E347E82FC5->e6065258-5a2c-4a72-9f81-ed1321f551ca@group-13364FE26125, cid=1659, SUCCESS, logIndex=2775, commits[e6065258-5a2c-4a72-9f81-ed1321f551ca:c2777]
2019-06-14 09:09:36,437 INFO  client.GrpcClientProtocolClient (GrpcClientProtocolClient.java:onNext(254)) - client-C0E347E82FC5->e6065258-5a2c-4a72-9f81-ed1321f551ca: receive RaftClientReply:client-C0E347E82FC5->e6065258-5a2c-4a72-9f81-ed1321f551ca@group-13364FE26125, cid=1660, SUCCESS, logIndex=2776, commits[e6065258-5a2c-4a72-9f81-ed1321f551ca:c2777]
2019-06-14 09:09:36,442 INFO  client.GrpcClientProtocolClient (GrpcClientProtocolClient.java:onNext(254)) - client-C0E347E82FC5->e6065258-5a2c-4a72-9f81-ed1321f551ca: receive RaftClientReply:client-C0E347E82FC5->e6065258-5a2c-4a72-9f81-ed1321f551ca@group-13364FE26125, cid=1661, SUCCESS, logIndex=2778, commits[e6065258-5a2c-4a72-9f81-ed1321f551ca:c2778]
2019-06-14 09:09:36,450 INFO  client.GrpcClientProtocolClient (GrpcClientProtocolClient.java:onNext(254)) - client-C0E347E82FC5->e6065258-5a2c-4a72-9f81-ed1321f551ca: receive RaftClientReply:client-C0E347E82FC5->e6065258-5a2c-4a72-9f81-ed1321f551ca@group-13364FE26125, cid=1662, SUCCESS, logIndex=2780, commits[e6065258-5a2c-4a72-9f81-ed1321f551ca:c2780]
2019-06-14 09:09:36,451 INFO  client.GrpcClientProtocolClient (GrpcClientProtocolClient.java:onNext(254)) - client-C0E347E82FC5->e6065258-5a2c-4a72-9f81-ed1321f551ca: receive RaftClientReply:client-C0E347E82FC5->e6065258-5a2c-4a72-9f81-ed1321f551ca@group-13364FE26125, cid=1663, SUCCESS, logIndex=2781, commits[e6065258-5a2c-4a72-9f81-ed1321f551ca:c2782]
2019-06-14 09:09:36,451 INFO  client.GrpcClientProtocolClient (GrpcClientProtocolClient.java:onNext(254)) - client-C0E347E82FC5->e6065258-5a2c-4a72-9f81-ed1321f551ca: receive RaftClientReply:client-C0E347E82FC5->e6065258-5a2c-4a72-9f81-ed1321f551ca@group-13364FE26125, cid=1664, SUCCESS, logIndex=2782, commits[e6065258-5a2c-4a72-9f81-ed1321f551ca:c2782]
2019-06-14 09:09:36,459 DEBUG block.SCMBlockDeletingService (SCMBlockDeletingService.java:call(138)) - Running DeletedBlockTransactionScanner
2019-06-14 09:09:36,460 DEBUG block.SCMBlockDeletingService (SCMBlockDeletingService.java:call(155)) - Scanned deleted blocks log and got 0 delTX to process.
2019-06-14 09:09:36,466 INFO  client.GrpcClientProtocolClient (GrpcClientProtocolClient.java:onNext(254)) - client-C0E347E82FC5->e6065258-5a2c-4a72-9f81-ed1321f551ca: receive RaftClientReply:client-C0E347E82FC5->e6065258-5a2c-4a72-9f81-ed1321f551ca@group-13364FE26125, cid=1665, SUCCESS, logIndex=2785, commits[e6065258-5a2c-4a72-9f81-ed1321f551ca:c2785]
2019-06-14 09:09:36,468 INFO  client.GrpcClientProtocolClient (GrpcClientProtocolClient.java:onNext(254)) - client-C0E347E82FC5->e6065258-5a2c-4a72-9f81-ed1321f551ca: receive RaftClientReply:client-C0E347E82FC5->e6065258-5a2c-4a72-9f81-ed1321f551ca@group-13364FE26125, cid=1666, SUCCESS, logIndex=2787, commits[e6065258-5a2c-4a72-9f81-ed1321f551ca:c2787]
2019-06-14 09:09:36,469 INFO  client.GrpcClientProtocolClient (GrpcClientProtocolClient.java:onNext(254)) - client-C0E347E82FC5->e6065258-5a2c-4a72-9f81-ed1321f551ca: receive RaftClientReply:client-C0E347E82FC5->e6065258-5a2c-4a72-9f81-ed1321f551ca@group-13364FE26125, cid=1667, SUCCESS, logIndex=2788, commits[e6065258-5a2c-4a72-9f81-ed1321f551ca:c2789]
2019-06-14 09:09:36,469 INFO  client.GrpcClientProtocolClient (GrpcClientProtocolClient.java:onNext(254)) - client-C0E347E82FC5->e6065258-5a2c-4a72-9f81-ed1321f551ca: receive RaftClientReply:client-C0E347E82FC5->e6065258-5a2c-4a72-9f81-ed1321f551ca@group-13364FE26125, cid=1668, SUCCESS, logIndex=2789, commits[e6065258-5a2c-4a72-9f81-ed1321f551ca:c2790]
2019-06-14 09:09:36,474 INFO  client.GrpcClientProtocolClient (GrpcClientProtocolClient.java:onNext(254)) - client-C0E347E82FC5->e6065258-5a2c-4a72-9f81-ed1321f551ca: receive RaftClientReply:client-C0E347E82FC5->e6065258-5a2c-4a72-9f81-ed1321f551ca@group-13364FE26125, cid=1669, SUCCESS, logIndex=2792, commits[e6065258-5a2c-4a72-9f81-ed1321f551ca:c2792]
2019-06-14 09:09:36,476 INFO  client.GrpcClientProtocolClient (GrpcClientProtocolClient.java:onNext(254)) - client-C0E347E82FC5->e6065258-5a2c-4a72-9f81-ed1321f551ca: receive RaftClientReply:client-C0E347E82FC5->e6065258-5a2c-4a72-9f81-ed1321f551ca@group-13364FE26125, cid=1670, SUCCESS, logIndex=2794, commits[e6065258-5a2c-4a72-9f81-ed1321f551ca:c2794]
2019-06-14 09:09:36,477 INFO  client.GrpcClientProtocolClient (GrpcClientProtocolClient.java:onNext(254)) - client-C0E347E82FC5->e6065258-5a2c-4a72-9f81-ed1321f551ca: receive RaftClientReply:client-C0E347E82FC5->e6065258-5a2c-4a72-9f81-ed1321f551ca@group-13364FE26125, cid=1671, SUCCESS, logIndex=2795, commits[e6065258-5a2c-4a72-9f81-ed1321f551ca:c2797]
2019-06-14 09:09:36,477 INFO  client.GrpcClientProtocolClient (GrpcClientProtocolClient.java:onNext(254)) - client-C0E347E82FC5->e6065258-5a2c-4a72-9f81-ed1321f551ca: receive RaftClientReply:client-C0E347E82FC5->e6065258-5a2c-4a72-9f81-ed1321f551ca@group-13364FE26125, cid=1672, SUCCESS, logIndex=2796, commits[e6065258-5a2c-4a72-9f81-ed1321f551ca:c2797]
2019-06-14 09:09:36,483 INFO  storage.RaftLogWorker (RaftLogWorker.java:rollLogSegment(303)) - e6065258-5a2c-4a72-9f81-ed1321f551ca-RaftLogWorker: Rolling segment log-2729_2797 to index:2797
2019-06-14 09:09:36,484 INFO  storage.RaftLogWorker (RaftLogWorker.java:execute(433)) - e6065258-5a2c-4a72-9f81-ed1321f551ca-RaftLogWorker: Rolled log segment from /opt/src/hadoop-ozone/integration-test/target/test-dir/MiniOzoneClusterImpl-a56da109-a1cb-4168-8966-62306f2f2d23/datanode-0/data/ratis/920138aa-6f47-4d6d-b5cc-13364fe26125/current/log_inprogress_2729 to /opt/src/hadoop-ozone/integration-test/target/test-dir/MiniOzoneClusterImpl-a56da109-a1cb-4168-8966-62306f2f2d23/datanode-0/data/ratis/920138aa-6f47-4d6d-b5cc-13364fe26125/current/log_2729-2797
2019-06-14 09:09:36,520 INFO  storage.RaftLogWorker (RaftLogWorker.java:execute(469)) - e6065258-5a2c-4a72-9f81-ed1321f551ca-RaftLogWorker: created new log segment /opt/src/hadoop-ozone/integration-test/target/test-dir/MiniOzoneClusterImpl-a56da109-a1cb-4168-8966-62306f2f2d23/datanode-0/data/ratis/920138aa-6f47-4d6d-b5cc-13364fe26125/current/log_inprogress_2798
2019-06-14 09:09:36,521 INFO  client.GrpcClientProtocolClient (GrpcClientProtocolClient.java:onNext(254)) - client-C0E347E82FC5->e6065258-5a2c-4a72-9f81-ed1321f551ca: receive RaftClientReply:client-C0E347E82FC5->e6065258-5a2c-4a72-9f81-ed1321f551ca@group-13364FE26125, cid=1673, SUCCESS, logIndex=2798, commits[e6065258-5a2c-4a72-9f81-ed1321f551ca:c2798]
2019-06-14 09:09:36,524 INFO  client.GrpcClientProtocolClient (GrpcClientProtocolClient.java:onNext(254)) - client-C0E347E82FC5->e6065258-5a2c-4a72-9f81-ed1321f551ca: receive RaftClientReply:client-C0E347E82FC5->e6065258-5a2c-4a72-9f81-ed1321f551ca@group-13364FE26125, cid=1674, SUCCESS, logIndex=2800, commits[e6065258-5a2c-4a72-9f81-ed1321f551ca:c2800]
2019-06-14 09:09:36,525 INFO  client.GrpcClientProtocolClient (GrpcClientProtocolClient.java:onNext(254)) - client-C0E347E82FC5->e6065258-5a2c-4a72-9f81-ed1321f551ca: receive RaftClientReply:client-C0E347E82FC5->e6065258-5a2c-4a72-9f81-ed1321f551ca@group-13364FE26125, cid=1675, SUCCESS, logIndex=2802, commits[e6065258-5a2c-4a72-9f81-ed1321f551ca:c2803]
2019-06-14 09:09:36,525 INFO  client.GrpcClientProtocolClient (GrpcClientProtocolClient.java:onNext(254)) - client-C0E347E82FC5->e6065258-5a2c-4a72-9f81-ed1321f551ca: receive RaftClientReply:client-C0E347E82FC5->e6065258-5a2c-4a72-9f81-ed1321f551ca@group-13364FE26125, cid=1676, SUCCESS, logIndex=2803, commits[e6065258-5a2c-4a72-9f81-ed1321f551ca:c2803]
2019-06-14 09:09:36,562 DEBUG block.SCMBlockDeletingService (SCMBlockDeletingService.java:call(138)) - Running DeletedBlockTransactionScanner
2019-06-14 09:09:36,562 DEBUG block.SCMBlockDeletingService (SCMBlockDeletingService.java:call(155)) - Scanned deleted blocks log and got 0 delTX to process.
2019-06-14 09:09:36,570 INFO  client.GrpcClientProtocolClient (GrpcClientProtocolClient.java:onNext(254)) - client-C0E347E82FC5->e6065258-5a2c-4a72-9f81-ed1321f551ca: receive RaftClientReply:client-C0E347E82FC5->e6065258-5a2c-4a72-9f81-ed1321f551ca@group-13364FE26125, cid=1677, SUCCESS, logIndex=2805, commits[e6065258-5a2c-4a72-9f81-ed1321f551ca:c2805]
2019-06-14 09:09:36,571 INFO  client.GrpcClientProtocolClient (GrpcClientProtocolClient.java:onNext(254)) - client-C0E347E82FC5->e6065258-5a2c-4a72-9f81-ed1321f551ca: receive RaftClientReply:client-C0E347E82FC5->e6065258-5a2c-4a72-9f81-ed1321f551ca@group-13364FE26125, cid=1678, SUCCESS, logIndex=2807, commits[e6065258-5a2c-4a72-9f81-ed1321f551ca:c2807]
2019-06-14 09:09:36,639 INFO  client.GrpcClientProtocolClient (GrpcClientProtocolClient.java:onNext(254)) - client-C0E347E82FC5->e6065258-5a2c-4a72-9f81-ed1321f551ca: receive RaftClientReply:client-C0E347E82FC5->e6065258-5a2c-4a72-9f81-ed1321f551ca@group-13364FE26125, cid=1679, SUCCESS, logIndex=2809, commits[e6065258-5a2c-4a72-9f81-ed1321f551ca:c2810]
2019-06-14 09:09:36,640 INFO  client.GrpcClientProtocolClient (GrpcClientProtocolClient.java:onNext(254)) - client-C0E347E82FC5->e6065258-5a2c-4a72-9f81-ed1321f551ca: receive RaftClientReply:client-C0E347E82FC5->e6065258-5a2c-4a72-9f81-ed1321f551ca@group-13364FE26125, cid=1680, SUCCESS, logIndex=2811, commits[e6065258-5a2c-4a72-9f81-ed1321f551ca:c2811]
2019-06-14 09:09:36,649 INFO  client.GrpcClientProtocolClient (GrpcClientProtocolClient.java:onNext(254)) - client-C0E347E82FC5->e6065258-5a2c-4a72-9f81-ed1321f551ca: receive RaftClientReply:client-C0E347E82FC5->e6065258-5a2c-4a72-9f81-ed1321f551ca@group-13364FE26125, cid=1681, SUCCESS, logIndex=2813, commits[e6065258-5a2c-4a72-9f81-ed1321f551ca:c2813]
2019-06-14 09:09:36,654 INFO  client.GrpcClientProtocolClient (GrpcClientProtocolClient.java:onNext(254)) - client-C0E347E82FC5->e6065258-5a2c-4a72-9f81-ed1321f551ca: receive RaftClientReply:client-C0E347E82FC5->e6065258-5a2c-4a72-9f81-ed1321f551ca@group-13364FE26125, cid=1682, SUCCESS, logIndex=2815, commits[e6065258-5a2c-4a72-9f81-ed1321f551ca:c2817]
2019-06-14 09:09:36,657 INFO  client.GrpcClientProtocolClient (GrpcClientProtocolClient.java:onNext(254)) - client-C0E347E82FC5->e6065258-5a2c-4a72-9f81-ed1321f551ca: receive RaftClientReply:client-C0E347E82FC5->e6065258-5a2c-4a72-9f81-ed1321f551ca@group-13364FE26125, cid=1683, SUCCESS, logIndex=2816, commits[e6065258-5a2c-4a72-9f81-ed1321f551ca:c2817]
2019-06-14 09:09:36,658 INFO  client.GrpcClientProtocolClient (GrpcClientProtocolClient.java:onNext(254)) - client-C0E347E82FC5->e6065258-5a2c-4a72-9f81-ed1321f551ca: receive RaftClientReply:client-C0E347E82FC5->e6065258-5a2c-4a72-9f81-ed1321f551ca@group-13364FE26125, cid=1684, SUCCESS, logIndex=2817, commits[e6065258-5a2c-4a72-9f81-ed1321f551ca:c2817]
2019-06-14 09:09:36,662 DEBUG block.SCMBlockDeletingService (SCMBlockDeletingService.java:call(138)) - Running DeletedBlockTransactionScanner
2019-06-14 09:09:36,662 DEBUG block.SCMBlockDeletingService (SCMBlockDeletingService.java:call(155)) - Scanned deleted blocks log and got 0 delTX to process.
2019-06-14 09:09:36,663 INFO  client.GrpcClientProtocolClient (GrpcClientProtocolClient.java:onNext(254)) - client-C0E347E82FC5->e6065258-5a2c-4a72-9f81-ed1321f551ca: receive RaftClientReply:client-C0E347E82FC5->e6065258-5a2c-4a72-9f81-ed1321f551ca@group-13364FE26125, cid=1685, SUCCESS, logIndex=2819, commits[e6065258-5a2c-4a72-9f81-ed1321f551ca:c2819]
2019-06-14 09:09:36,665 INFO  client.GrpcClientProtocolClient (GrpcClientProtocolClient.java:onNext(254)) - client-C0E347E82FC5->e6065258-5a2c-4a72-9f81-ed1321f551ca: receive RaftClientReply:client-C0E347E82FC5->e6065258-5a2c-4a72-9f81-ed1321f551ca@group-13364FE26125, cid=1686, SUCCESS, logIndex=2821, commits[e6065258-5a2c-4a72-9f81-ed1321f551ca:c2821]
2019-06-14 09:09:36,665 INFO  client.GrpcClientProtocolClient (GrpcClientProtocolClient.java:onNext(254)) - client-C0E347E82FC5->e6065258-5a2c-4a72-9f81-ed1321f551ca: receive RaftClientReply:client-C0E347E82FC5->e6065258-5a2c-4a72-9f81-ed1321f551ca@group-13364FE26125, cid=1687, SUCCESS, logIndex=2822, commits[e6065258-5a2c-4a72-9f81-ed1321f551ca:c2823]
2019-06-14 09:09:36,666 INFO  client.GrpcClientProtocolClient (GrpcClientProtocolClient.java:onNext(254)) - client-C0E347E82FC5->e6065258-5a2c-4a72-9f81-ed1321f551ca: receive RaftClientReply:client-C0E347E82FC5->e6065258-5a2c-4a72-9f81-ed1321f551ca@group-13364FE26125, cid=1688, SUCCESS, logIndex=2823, commits[e6065258-5a2c-4a72-9f81-ed1321f551ca:c2823]
2019-06-14 09:09:36,674 INFO  client.GrpcClientProtocolClient (GrpcClientProtocolClient.java:onNext(254)) - client-C0E347E82FC5->e6065258-5a2c-4a72-9f81-ed1321f551ca: receive RaftClientReply:client-C0E347E82FC5->e6065258-5a2c-4a72-9f81-ed1321f551ca@group-13364FE26125, cid=1689, SUCCESS, logIndex=2826, commits[e6065258-5a2c-4a72-9f81-ed1321f551ca:c2826]
2019-06-14 09:09:36,676 INFO  client.GrpcClientProtocolClient (GrpcClientProtocolClient.java:onNext(254)) - client-C0E347E82FC5->e6065258-5a2c-4a72-9f81-ed1321f551ca: receive RaftClientReply:client-C0E347E82FC5->e6065258-5a2c-4a72-9f81-ed1321f551ca@group-13364FE26125, cid=1690, SUCCESS, logIndex=2828, commits[e6065258-5a2c-4a72-9f81-ed1321f551ca:c2828]
2019-06-14 09:09:36,677 INFO  client.GrpcClientProtocolClient (GrpcClientProtocolClient.java:onNext(254)) - client-C0E347E82FC5->e6065258-5a2c-4a72-9f81-ed1321f551ca: receive RaftClientReply:client-C0E347E82FC5->e6065258-5a2c-4a72-9f81-ed1321f551ca@group-13364FE26125, cid=1691, SUCCESS, logIndex=2829, commits[e6065258-5a2c-4a72-9f81-ed1321f551ca:c2830]
2019-06-14 09:09:36,677 INFO  client.GrpcClientProtocolClient (GrpcClientProtocolClient.java:onNext(254)) - client-C0E347E82FC5->e6065258-5a2c-4a72-9f81-ed1321f551ca: receive RaftClientReply:client-C0E347E82FC5->e6065258-5a2c-4a72-9f81-ed1321f551ca@group-13364FE26125, cid=1692, SUCCESS, logIndex=2830, commits[e6065258-5a2c-4a72-9f81-ed1321f551ca:c2830]
2019-06-14 09:09:36,682 INFO  client.GrpcClientProtocolClient (GrpcClientProtocolClient.java:onNext(254)) - client-C0E347E82FC5->e6065258-5a2c-4a72-9f81-ed1321f551ca: receive RaftClientReply:client-C0E347E82FC5->e6065258-5a2c-4a72-9f81-ed1321f551ca@group-13364FE26125, cid=1693, SUCCESS, logIndex=2833, commits[e6065258-5a2c-4a72-9f81-ed1321f551ca:c2833]
2019-06-14 09:09:36,683 INFO  client.GrpcClientProtocolClient (GrpcClientProtocolClient.java:onNext(254)) - client-C0E347E82FC5->e6065258-5a2c-4a72-9f81-ed1321f551ca: receive RaftClientReply:client-C0E347E82FC5->e6065258-5a2c-4a72-9f81-ed1321f551ca@group-13364FE26125, cid=1694, SUCCESS, logIndex=2835, commits[e6065258-5a2c-4a72-9f81-ed1321f551ca:c2835]
2019-06-14 09:09:36,685 INFO  client.GrpcClientProtocolClient (GrpcClientProtocolClient.java:onNext(254)) - client-C0E347E82FC5->e6065258-5a2c-4a72-9f81-ed1321f551ca: receive RaftClientReply:client-C0E347E82FC5->e6065258-5a2c-4a72-9f81-ed1321f551ca@group-13364FE26125, cid=1695, SUCCESS, logIndex=2836, commits[e6065258-5a2c-4a72-9f81-ed1321f551ca:c2838]
2019-06-14 09:09:36,685 INFO  client.GrpcClientProtocolClient (GrpcClientProtocolClient.java:onNext(254)) - client-C0E347E82FC5->e6065258-5a2c-4a72-9f81-ed1321f551ca: receive RaftClientReply:client-C0E347E82FC5->e6065258-5a2c-4a72-9f81-ed1321f551ca@group-13364FE26125, cid=1696, SUCCESS, logIndex=2837, commits[e6065258-5a2c-4a72-9f81-ed1321f551ca:c2838]
2019-06-14 09:09:36,693 INFO  client.GrpcClientProtocolClient (GrpcClientProtocolClient.java:onNext(254)) - client-C0E347E82FC5->e6065258-5a2c-4a72-9f81-ed1321f551ca: receive RaftClientReply:client-C0E347E82FC5->e6065258-5a2c-4a72-9f81-ed1321f551ca@group-13364FE26125, cid=1697, SUCCESS, logIndex=2839, commits[e6065258-5a2c-4a72-9f81-ed1321f551ca:c2839]
2019-06-14 09:09:36,694 INFO  client.GrpcClientProtocolClient (GrpcClientProtocolClient.java:onNext(254)) - client-C0E347E82FC5->e6065258-5a2c-4a72-9f81-ed1321f551ca: receive RaftClientReply:client-C0E347E82FC5->e6065258-5a2c-4a72-9f81-ed1321f551ca@group-13364FE26125, cid=1698, SUCCESS, logIndex=2841, commits[e6065258-5a2c-4a72-9f81-ed1321f551ca:c2841]
2019-06-14 09:09:36,696 INFO  client.GrpcClientProtocolClient (GrpcClientProtocolClient.java:onNext(254)) - client-C0E347E82FC5->e6065258-5a2c-4a72-9f81-ed1321f551ca: receive RaftClientReply:client-C0E347E82FC5->e6065258-5a2c-4a72-9f81-ed1321f551ca@group-13364FE26125, cid=1699, SUCCESS, logIndex=2842, commits[e6065258-5a2c-4a72-9f81-ed1321f551ca:c2844]
2019-06-14 09:09:36,696 INFO  client.GrpcClientProtocolClient (GrpcClientProtocolClient.java:onNext(254)) - client-C0E347E82FC5->e6065258-5a2c-4a72-9f81-ed1321f551ca: receive RaftClientReply:client-C0E347E82FC5->e6065258-5a2c-4a72-9f81-ed1321f551ca@group-13364FE26125, cid=1700, SUCCESS, logIndex=2843, commits[e6065258-5a2c-4a72-9f81-ed1321f551ca:c2844]
2019-06-14 09:09:36,701 INFO  client.GrpcClientProtocolClient (GrpcClientProtocolClient.java:onNext(254)) - client-C0E347E82FC5->e6065258-5a2c-4a72-9f81-ed1321f551ca: receive RaftClientReply:client-C0E347E82FC5->e6065258-5a2c-4a72-9f81-ed1321f551ca@group-13364FE26125, cid=1701, SUCCESS, logIndex=2845, commits[e6065258-5a2c-4a72-9f81-ed1321f551ca:c2845]
2019-06-14 09:09:36,702 INFO  client.GrpcClientProtocolClient (GrpcClientProtocolClient.java:onNext(254)) - client-C0E347E82FC5->e6065258-5a2c-4a72-9f81-ed1321f551ca: receive RaftClientReply:client-C0E347E82FC5->e6065258-5a2c-4a72-9f81-ed1321f551ca@group-13364FE26125, cid=1702, SUCCESS, logIndex=2847, commits[e6065258-5a2c-4a72-9f81-ed1321f551ca:c2847]
2019-06-14 09:09:36,703 INFO  client.GrpcClientProtocolClient (GrpcClientProtocolClient.java:onNext(254)) - client-C0E347E82FC5->e6065258-5a2c-4a72-9f81-ed1321f551ca: receive RaftClientReply:client-C0E347E82FC5->e6065258-5a2c-4a72-9f81-ed1321f551ca@group-13364FE26125, cid=1703, SUCCESS, logIndex=2848, commits[e6065258-5a2c-4a72-9f81-ed1321f551ca:c2850]
2019-06-14 09:09:36,704 INFO  client.GrpcClientProtocolClient (GrpcClientProtocolClient.java:onNext(254)) - client-C0E347E82FC5->e6065258-5a2c-4a72-9f81-ed1321f551ca: receive RaftClientReply:client-C0E347E82FC5->e6065258-5a2c-4a72-9f81-ed1321f551ca@group-13364FE26125, cid=1704, SUCCESS, logIndex=2849, commits[e6065258-5a2c-4a72-9f81-ed1321f551ca:c2850]
2019-06-14 09:09:36,714 INFO  client.GrpcClientProtocolClient (GrpcClientProtocolClient.java:onNext(254)) - client-C0E347E82FC5->e6065258-5a2c-4a72-9f81-ed1321f551ca: receive RaftClientReply:client-C0E347E82FC5->e6065258-5a2c-4a72-9f81-ed1321f551ca@group-13364FE26125, cid=1705, SUCCESS, logIndex=2851, commits[e6065258-5a2c-4a72-9f81-ed1321f551ca:c2851]
2019-06-14 09:09:36,715 INFO  client.GrpcClientProtocolClient (GrpcClientProtocolClient.java:onNext(254)) - client-C0E347E82FC5->e6065258-5a2c-4a72-9f81-ed1321f551ca: receive RaftClientReply:client-C0E347E82FC5->e6065258-5a2c-4a72-9f81-ed1321f551ca@group-13364FE26125, cid=1706, SUCCESS, logIndex=2853, commits[e6065258-5a2c-4a72-9f81-ed1321f551ca:c2853]
2019-06-14 09:09:36,716 INFO  client.GrpcClientProtocolClient (GrpcClientProtocolClient.java:onNext(254)) - client-C0E347E82FC5->e6065258-5a2c-4a72-9f81-ed1321f551ca: receive RaftClientReply:client-C0E347E82FC5->e6065258-5a2c-4a72-9f81-ed1321f551ca@group-13364FE26125, cid=1707, SUCCESS, logIndex=2854, commits[e6065258-5a2c-4a72-9f81-ed1321f551ca:c2856]
2019-06-14 09:09:36,717 INFO  client.GrpcClientProtocolClient (GrpcClientProtocolClient.java:onNext(254)) - client-C0E347E82FC5->e6065258-5a2c-4a72-9f81-ed1321f551ca: receive RaftClientReply:client-C0E347E82FC5->e6065258-5a2c-4a72-9f81-ed1321f551ca@group-13364FE26125, cid=1708, SUCCESS, logIndex=2855, commits[e6065258-5a2c-4a72-9f81-ed1321f551ca:c2856]
2019-06-14 09:09:36,723 INFO  client.GrpcClientProtocolClient (GrpcClientProtocolClient.java:onNext(254)) - client-C0E347E82FC5->e6065258-5a2c-4a72-9f81-ed1321f551ca: receive RaftClientReply:client-C0E347E82FC5->e6065258-5a2c-4a72-9f81-ed1321f551ca@group-13364FE26125, cid=1709, SUCCESS, logIndex=2857, commits[e6065258-5a2c-4a72-9f81-ed1321f551ca:c2857]
2019-06-14 09:09:36,725 INFO  client.GrpcClientProtocolClient (GrpcClientProtocolClient.java:onNext(254)) - client-C0E347E82FC5->e6065258-5a2c-4a72-9f81-ed1321f551ca: receive RaftClientReply:client-C0E347E82FC5->e6065258-5a2c-4a72-9f81-ed1321f551ca@group-13364FE26125, cid=1710, SUCCESS, logIndex=2859, commits[e6065258-5a2c-4a72-9f81-ed1321f551ca:c2859]
2019-06-14 09:09:36,725 INFO  client.GrpcClientProtocolClient (GrpcClientProtocolClient.java:onNext(254)) - client-C0E347E82FC5->e6065258-5a2c-4a72-9f81-ed1321f551ca: receive RaftClientReply:client-C0E347E82FC5->e6065258-5a2c-4a72-9f81-ed1321f551ca@group-13364FE26125, cid=1711, SUCCESS, logIndex=2860, commits[e6065258-5a2c-4a72-9f81-ed1321f551ca:c2860]
2019-06-14 09:09:36,726 INFO  client.GrpcClientProtocolClient (GrpcClientProtocolClient.java:onNext(254)) - client-C0E347E82FC5->e6065258-5a2c-4a72-9f81-ed1321f551ca: receive RaftClientReply:client-C0E347E82FC5->e6065258-5a2c-4a72-9f81-ed1321f551ca@group-13364FE26125, cid=1712, SUCCESS, logIndex=2862, commits[e6065258-5a2c-4a72-9f81-ed1321f551ca:c2862]
2019-06-14 09:09:36,737 INFO  client.GrpcClientProtocolClient (GrpcClientProtocolClient.java:onNext(254)) - client-C0E347E82FC5->e6065258-5a2c-4a72-9f81-ed1321f551ca: receive RaftClientReply:client-C0E347E82FC5->e6065258-5a2c-4a72-9f81-ed1321f551ca@group-13364FE26125, cid=1713, SUCCESS, logIndex=2865, commits[e6065258-5a2c-4a72-9f81-ed1321f551ca:c2865]
2019-06-14 09:09:36,738 INFO  client.GrpcClientProtocolClient (GrpcClientProtocolClient.java:onNext(254)) - client-C0E347E82FC5->e6065258-5a2c-4a72-9f81-ed1321f551ca: receive RaftClientReply:client-C0E347E82FC5->e6065258-5a2c-4a72-9f81-ed1321f551ca@group-13364FE26125, cid=1714, SUCCESS, logIndex=2867, commits[e6065258-5a2c-4a72-9f81-ed1321f551ca:c2867]
2019-06-14 09:09:36,738 INFO  client.GrpcClientProtocolClient (GrpcClientProtocolClient.java:onNext(254)) - client-C0E347E82FC5->e6065258-5a2c-4a72-9f81-ed1321f551ca: receive RaftClientReply:client-C0E347E82FC5->e6065258-5a2c-4a72-9f81-ed1321f551ca@group-13364FE26125, cid=1715, SUCCESS, logIndex=2868, commits[e6065258-5a2c-4a72-9f81-ed1321f551ca:c2870]
2019-06-14 09:09:36,738 INFO  client.GrpcClientProtocolClient (GrpcClientProtocolClient.java:onNext(254)) - client-C0E347E82FC5->e6065258-5a2c-4a72-9f81-ed1321f551ca: receive RaftClientReply:client-C0E347E82FC5->e6065258-5a2c-4a72-9f81-ed1321f551ca@group-13364FE26125, cid=1716, SUCCESS, logIndex=2869, commits[e6065258-5a2c-4a72-9f81-ed1321f551ca:c2870]
2019-06-14 09:09:36,741 INFO  storage.RaftLogWorker (RaftLogWorker.java:rollLogSegment(303)) - e6065258-5a2c-4a72-9f81-ed1321f551ca-RaftLogWorker: Rolling segment log-2798_2870 to index:2870
2019-06-14 09:09:36,742 INFO  storage.RaftLogWorker (RaftLogWorker.java:execute(433)) - e6065258-5a2c-4a72-9f81-ed1321f551ca-RaftLogWorker: Rolled log segment from /opt/src/hadoop-ozone/integration-test/target/test-dir/MiniOzoneClusterImpl-a56da109-a1cb-4168-8966-62306f2f2d23/datanode-0/data/ratis/920138aa-6f47-4d6d-b5cc-13364fe26125/current/log_inprogress_2798 to /opt/src/hadoop-ozone/integration-test/target/test-dir/MiniOzoneClusterImpl-a56da109-a1cb-4168-8966-62306f2f2d23/datanode-0/data/ratis/920138aa-6f47-4d6d-b5cc-13364fe26125/current/log_2798-2870
2019-06-14 09:09:36,763 DEBUG block.SCMBlockDeletingService (SCMBlockDeletingService.java:call(138)) - Running DeletedBlockTransactionScanner
2019-06-14 09:09:36,763 DEBUG block.SCMBlockDeletingService (SCMBlockDeletingService.java:call(155)) - Scanned deleted blocks log and got 0 delTX to process.
2019-06-14 09:09:36,778 INFO  storage.RaftLogWorker (RaftLogWorker.java:execute(469)) - e6065258-5a2c-4a72-9f81-ed1321f551ca-RaftLogWorker: created new log segment /opt/src/hadoop-ozone/integration-test/target/test-dir/MiniOzoneClusterImpl-a56da109-a1cb-4168-8966-62306f2f2d23/datanode-0/data/ratis/920138aa-6f47-4d6d-b5cc-13364fe26125/current/log_inprogress_2871
2019-06-14 09:09:36,780 INFO  client.GrpcClientProtocolClient (GrpcClientProtocolClient.java:onNext(254)) - client-C0E347E82FC5->e6065258-5a2c-4a72-9f81-ed1321f551ca: receive RaftClientReply:client-C0E347E82FC5->e6065258-5a2c-4a72-9f81-ed1321f551ca@group-13364FE26125, cid=1717, SUCCESS, logIndex=2871, commits[e6065258-5a2c-4a72-9f81-ed1321f551ca:c2871]
2019-06-14 09:09:36,781 INFO  client.GrpcClientProtocolClient (GrpcClientProtocolClient.java:onNext(254)) - client-C0E347E82FC5->e6065258-5a2c-4a72-9f81-ed1321f551ca: receive RaftClientReply:client-C0E347E82FC5->e6065258-5a2c-4a72-9f81-ed1321f551ca@group-13364FE26125, cid=1718, SUCCESS, logIndex=2873, commits[e6065258-5a2c-4a72-9f81-ed1321f551ca:c2873]
2019-06-14 09:09:36,782 INFO  client.GrpcClientProtocolClient (GrpcClientProtocolClient.java:onNext(254)) - client-C0E347E82FC5->e6065258-5a2c-4a72-9f81-ed1321f551ca: receive RaftClientReply:client-C0E347E82FC5->e6065258-5a2c-4a72-9f81-ed1321f551ca@group-13364FE26125, cid=1719, SUCCESS, logIndex=2874, commits[e6065258-5a2c-4a72-9f81-ed1321f551ca:c2876]
2019-06-14 09:09:36,783 INFO  client.GrpcClientProtocolClient (GrpcClientProtocolClient.java:onNext(254)) - client-C0E347E82FC5->e6065258-5a2c-4a72-9f81-ed1321f551ca: receive RaftClientReply:client-C0E347E82FC5->e6065258-5a2c-4a72-9f81-ed1321f551ca@group-13364FE26125, cid=1720, SUCCESS, logIndex=2875, commits[e6065258-5a2c-4a72-9f81-ed1321f551ca:c2876]
2019-06-14 09:09:36,791 INFO  client.GrpcClientProtocolClient (GrpcClientProtocolClient.java:onNext(254)) - client-C0E347E82FC5->e6065258-5a2c-4a72-9f81-ed1321f551ca: receive RaftClientReply:client-C0E347E82FC5->e6065258-5a2c-4a72-9f81-ed1321f551ca@group-13364FE26125, cid=1721, SUCCESS, logIndex=2877, commits[e6065258-5a2c-4a72-9f81-ed1321f551ca:c2877]
2019-06-14 09:09:36,793 INFO  client.GrpcClientProtocolClient (GrpcClientProtocolClient.java:onNext(254)) - client-C0E347E82FC5->e6065258-5a2c-4a72-9f81-ed1321f551ca: receive RaftClientReply:client-C0E347E82FC5->e6065258-5a2c-4a72-9f81-ed1321f551ca@group-13364FE26125, cid=1722, SUCCESS, logIndex=2879, commits[e6065258-5a2c-4a72-9f81-ed1321f551ca:c2879]
2019-06-14 09:09:36,858 INFO  client.GrpcClientProtocolClient (GrpcClientProtocolClient.java:onNext(254)) - client-C0E347E82FC5->e6065258-5a2c-4a72-9f81-ed1321f551ca: receive RaftClientReply:client-C0E347E82FC5->e6065258-5a2c-4a72-9f81-ed1321f551ca@group-13364FE26125, cid=1723, SUCCESS, logIndex=2881, commits[e6065258-5a2c-4a72-9f81-ed1321f551ca:c2881]
2019-06-14 09:09:36,859 INFO  client.GrpcClientProtocolClient (GrpcClientProtocolClient.java:onNext(254)) - client-C0E347E82FC5->e6065258-5a2c-4a72-9f81-ed1321f551ca: receive RaftClientReply:client-C0E347E82FC5->e6065258-5a2c-4a72-9f81-ed1321f551ca@group-13364FE26125, cid=1724, SUCCESS, logIndex=2883, commits[e6065258-5a2c-4a72-9f81-ed1321f551ca:c2883]
2019-06-14 09:09:36,863 DEBUG block.SCMBlockDeletingService (SCMBlockDeletingService.java:call(138)) - Running DeletedBlockTransactionScanner
2019-06-14 09:09:36,863 DEBUG block.SCMBlockDeletingService (SCMBlockDeletingService.java:call(155)) - Scanned deleted blocks log and got 0 delTX to process.
2019-06-14 09:09:36,864 INFO  client.GrpcClientProtocolClient (GrpcClientProtocolClient.java:onNext(254)) - client-C0E347E82FC5->e6065258-5a2c-4a72-9f81-ed1321f551ca: receive RaftClientReply:client-C0E347E82FC5->e6065258-5a2c-4a72-9f81-ed1321f551ca@group-13364FE26125, cid=1725, SUCCESS, logIndex=2885, commits[e6065258-5a2c-4a72-9f81-ed1321f551ca:c2885]
2019-06-14 09:09:36,867 INFO  client.GrpcClientProtocolClient (GrpcClientProtocolClient.java:onNext(254)) - client-C0E347E82FC5->e6065258-5a2c-4a72-9f81-ed1321f551ca: receive RaftClientReply:client-C0E347E82FC5->e6065258-5a2c-4a72-9f81-ed1321f551ca@group-13364FE26125, cid=1726, SUCCESS, logIndex=2887, commits[e6065258-5a2c-4a72-9f81-ed1321f551ca:c2889]
2019-06-14 09:09:36,867 INFO  client.GrpcClientProtocolClient (GrpcClientProtocolClient.java:onNext(254)) - client-C0E347E82FC5->e6065258-5a2c-4a72-9f81-ed1321f551ca: receive RaftClientReply:client-C0E347E82FC5->e6065258-5a2c-4a72-9f81-ed1321f551ca@group-13364FE26125, cid=1727, SUCCESS, logIndex=2888, commits[e6065258-5a2c-4a72-9f81-ed1321f551ca:c2889]
2019-06-14 09:09:36,868 INFO  client.GrpcClientProtocolClient (GrpcClientProtocolClient.java:onNext(254)) - client-C0E347E82FC5->e6065258-5a2c-4a72-9f81-ed1321f551ca: receive RaftClientReply:client-C0E347E82FC5->e6065258-5a2c-4a72-9f81-ed1321f551ca@group-13364FE26125, cid=1728, SUCCESS, logIndex=2889, commits[e6065258-5a2c-4a72-9f81-ed1321f551ca:c2889]
2019-06-14 09:09:36,877 INFO  client.GrpcClientProtocolClient (GrpcClientProtocolClient.java:onNext(254)) - client-C0E347E82FC5->e6065258-5a2c-4a72-9f81-ed1321f551ca: receive RaftClientReply:client-C0E347E82FC5->e6065258-5a2c-4a72-9f81-ed1321f551ca@group-13364FE26125, cid=1729, SUCCESS, logIndex=2891, commits[e6065258-5a2c-4a72-9f81-ed1321f551ca:c2891]
2019-06-14 09:09:36,879 INFO  client.GrpcClientProtocolClient (GrpcClientProtocolClient.java:onNext(254)) - client-C0E347E82FC5->e6065258-5a2c-4a72-9f81-ed1321f551ca: receive RaftClientReply:client-C0E347E82FC5->e6065258-5a2c-4a72-9f81-ed1321f551ca@group-13364FE26125, cid=1730, SUCCESS, logIndex=2893, commits[e6065258-5a2c-4a72-9f81-ed1321f551ca:c2895]
2019-06-14 09:09:36,879 INFO  client.GrpcClientProtocolClient (GrpcClientProtocolClient.java:onNext(254)) - client-C0E347E82FC5->e6065258-5a2c-4a72-9f81-ed1321f551ca: receive RaftClientReply:client-C0E347E82FC5->e6065258-5a2c-4a72-9f81-ed1321f551ca@group-13364FE26125, cid=1731, SUCCESS, logIndex=2894, commits[e6065258-5a2c-4a72-9f81-ed1321f551ca:c2895]
2019-06-14 09:09:36,880 INFO  client.GrpcClientProtocolClient (GrpcClientProtocolClient.java:onNext(254)) - client-C0E347E82FC5->e6065258-5a2c-4a72-9f81-ed1321f551ca: receive RaftClientReply:client-C0E347E82FC5->e6065258-5a2c-4a72-9f81-ed1321f551ca@group-13364FE26125, cid=1732, SUCCESS, logIndex=2895, commits[e6065258-5a2c-4a72-9f81-ed1321f551ca:c2895]
2019-06-14 09:09:36,884 INFO  client.GrpcClientProtocolClient (GrpcClientProtocolClient.java:onNext(254)) - client-C0E347E82FC5->e6065258-5a2c-4a72-9f81-ed1321f551ca: receive RaftClientReply:client-C0E347E82FC5->e6065258-5a2c-4a72-9f81-ed1321f551ca@group-13364FE26125, cid=1733, SUCCESS, logIndex=2897, commits[e6065258-5a2c-4a72-9f81-ed1321f551ca:c2897]
2019-06-14 09:09:36,886 INFO  client.GrpcClientProtocolClient (GrpcClientProtocolClient.java:onNext(254)) - client-C0E347E82FC5->e6065258-5a2c-4a72-9f81-ed1321f551ca: receive RaftClientReply:client-C0E347E82FC5->e6065258-5a2c-4a72-9f81-ed1321f551ca@group-13364FE26125, cid=1734, SUCCESS, logIndex=2899, commits[e6065258-5a2c-4a72-9f81-ed1321f551ca:c2899]
2019-06-14 09:09:36,887 INFO  client.GrpcClientProtocolClient (GrpcClientProtocolClient.java:onNext(254)) - client-C0E347E82FC5->e6065258-5a2c-4a72-9f81-ed1321f551ca: receive RaftClientReply:client-C0E347E82FC5->e6065258-5a2c-4a72-9f81-ed1321f551ca@group-13364FE26125, cid=1735, SUCCESS, logIndex=2900, commits[e6065258-5a2c-4a72-9f81-ed1321f551ca:c2902]
2019-06-14 09:09:36,887 INFO  client.GrpcClientProtocolClient (GrpcClientProtocolClient.java:onNext(254)) - client-C0E347E82FC5->e6065258-5a2c-4a72-9f81-ed1321f551ca: receive RaftClientReply:client-C0E347E82FC5->e6065258-5a2c-4a72-9f81-ed1321f551ca@group-13364FE26125, cid=1736, SUCCESS, logIndex=2902, commits[e6065258-5a2c-4a72-9f81-ed1321f551ca:c2902]
2019-06-14 09:09:36,896 INFO  client.GrpcClientProtocolClient (GrpcClientProtocolClient.java:onNext(254)) - client-C0E347E82FC5->e6065258-5a2c-4a72-9f81-ed1321f551ca: receive RaftClientReply:client-C0E347E82FC5->e6065258-5a2c-4a72-9f81-ed1321f551ca@group-13364FE26125, cid=1737, SUCCESS, logIndex=2904, commits[e6065258-5a2c-4a72-9f81-ed1321f551ca:c2904]
2019-06-14 09:09:36,897 INFO  client.GrpcClientProtocolClient (GrpcClientProtocolClient.java:onNext(254)) - client-C0E347E82FC5->e6065258-5a2c-4a72-9f81-ed1321f551ca: receive RaftClientReply:client-C0E347E82FC5->e6065258-5a2c-4a72-9f81-ed1321f551ca@group-13364FE26125, cid=1738, SUCCESS, logIndex=2906, commits[e6065258-5a2c-4a72-9f81-ed1321f551ca:c2906]
2019-06-14 09:09:36,898 INFO  client.GrpcClientProtocolClient (GrpcClientProtocolClient.java:onNext(254)) - client-C0E347E82FC5->e6065258-5a2c-4a72-9f81-ed1321f551ca: receive RaftClientReply:client-C0E347E82FC5->e6065258-5a2c-4a72-9f81-ed1321f551ca@group-13364FE26125, cid=1739, SUCCESS, logIndex=2907, commits[e6065258-5a2c-4a72-9f81-ed1321f551ca:c2909]
2019-06-14 09:09:36,898 INFO  client.GrpcClientProtocolClient (GrpcClientProtocolClient.java:onNext(254)) - client-C0E347E82FC5->e6065258-5a2c-4a72-9f81-ed1321f551ca: receive RaftClientReply:client-C0E347E82FC5->e6065258-5a2c-4a72-9f81-ed1321f551ca@group-13364FE26125, cid=1740, SUCCESS, logIndex=2908, commits[e6065258-5a2c-4a72-9f81-ed1321f551ca:c2909]
2019-06-14 09:09:36,904 INFO  client.GrpcClientProtocolClient (GrpcClientProtocolClient.java:onNext(254)) - client-C0E347E82FC5->e6065258-5a2c-4a72-9f81-ed1321f551ca: receive RaftClientReply:client-C0E347E82FC5->e6065258-5a2c-4a72-9f81-ed1321f551ca@group-13364FE26125, cid=1741, SUCCESS, logIndex=2910, commits[e6065258-5a2c-4a72-9f81-ed1321f551ca:c2910]
2019-06-14 09:09:36,906 INFO  client.GrpcClientProtocolClient (GrpcClientProtocolClient.java:onNext(254)) - client-C0E347E82FC5->e6065258-5a2c-4a72-9f81-ed1321f551ca: receive RaftClientReply:client-C0E347E82FC5->e6065258-5a2c-4a72-9f81-ed1321f551ca@group-13364FE26125, cid=1742, SUCCESS, logIndex=2912, commits[e6065258-5a2c-4a72-9f81-ed1321f551ca:c2912]
2019-06-14 09:09:36,906 INFO  client.GrpcClientProtocolClient (GrpcClientProtocolClient.java:onNext(254)) - client-C0E347E82FC5->e6065258-5a2c-4a72-9f81-ed1321f551ca: receive RaftClientReply:client-C0E347E82FC5->e6065258-5a2c-4a72-9f81-ed1321f551ca@group-13364FE26125, cid=1743, SUCCESS, logIndex=2913, commits[e6065258-5a2c-4a72-9f81-ed1321f551ca:c2914]
2019-06-14 09:09:36,906 INFO  client.GrpcClientProtocolClient (GrpcClientProtocolClient.java:onNext(254)) - client-C0E347E82FC5->e6065258-5a2c-4a72-9f81-ed1321f551ca: receive RaftClientReply:client-C0E347E82FC5->e6065258-5a2c-4a72-9f81-ed1321f551ca@group-13364FE26125, cid=1744, SUCCESS, logIndex=2914, commits[e6065258-5a2c-4a72-9f81-ed1321f551ca:c2914]
2019-06-14 09:09:36,915 INFO  client.GrpcClientProtocolClient (GrpcClientProtocolClient.java:onNext(254)) - client-C0E347E82FC5->e6065258-5a2c-4a72-9f81-ed1321f551ca: receive RaftClientReply:client-C0E347E82FC5->e6065258-5a2c-4a72-9f81-ed1321f551ca@group-13364FE26125, cid=1745, SUCCESS, logIndex=2917, commits[e6065258-5a2c-4a72-9f81-ed1321f551ca:c2917]
2019-06-14 09:09:36,916 INFO  client.GrpcClientProtocolClient (GrpcClientProtocolClient.java:onNext(254)) - client-C0E347E82FC5->e6065258-5a2c-4a72-9f81-ed1321f551ca: receive RaftClientReply:client-C0E347E82FC5->e6065258-5a2c-4a72-9f81-ed1321f551ca@group-13364FE26125, cid=1746, SUCCESS, logIndex=2919, commits[e6065258-5a2c-4a72-9f81-ed1321f551ca:c2919]
2019-06-14 09:09:36,917 INFO  client.GrpcClientProtocolClient (GrpcClientProtocolClient.java:onNext(254)) - client-C0E347E82FC5->e6065258-5a2c-4a72-9f81-ed1321f551ca: receive RaftClientReply:client-C0E347E82FC5->e6065258-5a2c-4a72-9f81-ed1321f551ca@group-13364FE26125, cid=1747, SUCCESS, logIndex=2920, commits[e6065258-5a2c-4a72-9f81-ed1321f551ca:c2922]
2019-06-14 09:09:36,918 INFO  client.GrpcClientProtocolClient (GrpcClientProtocolClient.java:onNext(254)) - client-C0E347E82FC5->e6065258-5a2c-4a72-9f81-ed1321f551ca: receive RaftClientReply:client-C0E347E82FC5->e6065258-5a2c-4a72-9f81-ed1321f551ca@group-13364FE26125, cid=1748, SUCCESS, logIndex=2921, commits[e6065258-5a2c-4a72-9f81-ed1321f551ca:c2922]
2019-06-14 09:09:36,922 INFO  client.GrpcClientProtocolClient (GrpcClientProtocolClient.java:onNext(254)) - client-C0E347E82FC5->e6065258-5a2c-4a72-9f81-ed1321f551ca: receive RaftClientReply:client-C0E347E82FC5->e6065258-5a2c-4a72-9f81-ed1321f551ca@group-13364FE26125, cid=1749, SUCCESS, logIndex=2923, commits[e6065258-5a2c-4a72-9f81-ed1321f551ca:c2923]
2019-06-14 09:09:36,924 INFO  client.GrpcClientProtocolClient (GrpcClientProtocolClient.java:onNext(254)) - client-C0E347E82FC5->e6065258-5a2c-4a72-9f81-ed1321f551ca: receive RaftClientReply:client-C0E347E82FC5->e6065258-5a2c-4a72-9f81-ed1321f551ca@group-13364FE26125, cid=1750, SUCCESS, logIndex=2925, commits[e6065258-5a2c-4a72-9f81-ed1321f551ca:c2925]
2019-06-14 09:09:36,925 INFO  client.GrpcClientProtocolClient (GrpcClientProtocolClient.java:onNext(254)) - client-C0E347E82FC5->e6065258-5a2c-4a72-9f81-ed1321f551ca: receive RaftClientReply:client-C0E347E82FC5->e6065258-5a2c-4a72-9f81-ed1321f551ca@group-13364FE26125, cid=1751, SUCCESS, logIndex=2926, commits[e6065258-5a2c-4a72-9f81-ed1321f551ca:c2928]
2019-06-14 09:09:36,925 INFO  client.GrpcClientProtocolClient (GrpcClientProtocolClient.java:onNext(254)) - client-C0E347E82FC5->e6065258-5a2c-4a72-9f81-ed1321f551ca: receive RaftClientReply:client-C0E347E82FC5->e6065258-5a2c-4a72-9f81-ed1321f551ca@group-13364FE26125, cid=1752, SUCCESS, logIndex=2927, commits[e6065258-5a2c-4a72-9f81-ed1321f551ca:c2928]
2019-06-14 09:09:36,967 DEBUG block.SCMBlockDeletingService (SCMBlockDeletingService.java:call(138)) - Running DeletedBlockTransactionScanner
2019-06-14 09:09:36,967 DEBUG block.SCMBlockDeletingService (SCMBlockDeletingService.java:call(155)) - Scanned deleted blocks log and got 0 delTX to process.
2019-06-14 09:09:36,975 INFO  client.GrpcClientProtocolClient (GrpcClientProtocolClient.java:onNext(254)) - client-C0E347E82FC5->e6065258-5a2c-4a72-9f81-ed1321f551ca: receive RaftClientReply:client-C0E347E82FC5->e6065258-5a2c-4a72-9f81-ed1321f551ca@group-13364FE26125, cid=1753, SUCCESS, logIndex=2929, commits[e6065258-5a2c-4a72-9f81-ed1321f551ca:c2929]
2019-06-14 09:09:36,977 INFO  client.GrpcClientProtocolClient (GrpcClientProtocolClient.java:onNext(254)) - client-C0E347E82FC5->e6065258-5a2c-4a72-9f81-ed1321f551ca: receive RaftClientReply:client-C0E347E82FC5->e6065258-5a2c-4a72-9f81-ed1321f551ca@group-13364FE26125, cid=1754, SUCCESS, logIndex=2931, commits[e6065258-5a2c-4a72-9f81-ed1321f551ca:c2931]
2019-06-14 09:09:36,978 INFO  client.GrpcClientProtocolClient (GrpcClientProtocolClient.java:onNext(254)) - client-C0E347E82FC5->e6065258-5a2c-4a72-9f81-ed1321f551ca: receive RaftClientReply:client-C0E347E82FC5->e6065258-5a2c-4a72-9f81-ed1321f551ca@group-13364FE26125, cid=1755, SUCCESS, logIndex=2932, commits[e6065258-5a2c-4a72-9f81-ed1321f551ca:c2934]
2019-06-14 09:09:36,978 INFO  client.GrpcClientProtocolClient (GrpcClientProtocolClient.java:onNext(254)) - client-C0E347E82FC5->e6065258-5a2c-4a72-9f81-ed1321f551ca: receive RaftClientReply:client-C0E347E82FC5->e6065258-5a2c-4a72-9f81-ed1321f551ca@group-13364FE26125, cid=1756, SUCCESS, logIndex=2933, commits[e6065258-5a2c-4a72-9f81-ed1321f551ca:c2934]
2019-06-14 09:09:36,984 INFO  client.GrpcClientProtocolClient (GrpcClientProtocolClient.java:onNext(254)) - client-C0E347E82FC5->e6065258-5a2c-4a72-9f81-ed1321f551ca: receive RaftClientReply:client-C0E347E82FC5->e6065258-5a2c-4a72-9f81-ed1321f551ca@group-13364FE26125, cid=1757, SUCCESS, logIndex=2935, commits[e6065258-5a2c-4a72-9f81-ed1321f551ca:c2935]
2019-06-14 09:09:36,986 INFO  client.GrpcClientProtocolClient (GrpcClientProtocolClient.java:onNext(254)) - client-C0E347E82FC5->e6065258-5a2c-4a72-9f81-ed1321f551ca: receive RaftClientReply:client-C0E347E82FC5->e6065258-5a2c-4a72-9f81-ed1321f551ca@group-13364FE26125, cid=1758, SUCCESS, logIndex=2937, commits[e6065258-5a2c-4a72-9f81-ed1321f551ca:c2937]
2019-06-14 09:09:36,986 INFO  storage.RaftLogWorker (RaftLogWorker.java:rollLogSegment(303)) - e6065258-5a2c-4a72-9f81-ed1321f551ca-RaftLogWorker: Rolling segment log-2871_2939 to index:2939
2019-06-14 09:09:36,987 INFO  storage.RaftLogWorker (RaftLogWorker.java:execute(433)) - e6065258-5a2c-4a72-9f81-ed1321f551ca-RaftLogWorker: Rolled log segment from /opt/src/hadoop-ozone/integration-test/target/test-dir/MiniOzoneClusterImpl-a56da109-a1cb-4168-8966-62306f2f2d23/datanode-0/data/ratis/920138aa-6f47-4d6d-b5cc-13364fe26125/current/log_inprogress_2871 to /opt/src/hadoop-ozone/integration-test/target/test-dir/MiniOzoneClusterImpl-a56da109-a1cb-4168-8966-62306f2f2d23/datanode-0/data/ratis/920138aa-6f47-4d6d-b5cc-13364fe26125/current/log_2871-2939
2019-06-14 09:09:36,988 INFO  client.GrpcClientProtocolClient (GrpcClientProtocolClient.java:onNext(254)) - client-C0E347E82FC5->e6065258-5a2c-4a72-9f81-ed1321f551ca: receive RaftClientReply:client-C0E347E82FC5->e6065258-5a2c-4a72-9f81-ed1321f551ca@group-13364FE26125, cid=1759, SUCCESS, logIndex=2939, commits[e6065258-5a2c-4a72-9f81-ed1321f551ca:c2939]
2019-06-14 09:09:37,023 INFO  storage.RaftLogWorker (RaftLogWorker.java:execute(469)) - e6065258-5a2c-4a72-9f81-ed1321f551ca-RaftLogWorker: created new log segment /opt/src/hadoop-ozone/integration-test/target/test-dir/MiniOzoneClusterImpl-a56da109-a1cb-4168-8966-62306f2f2d23/datanode-0/data/ratis/920138aa-6f47-4d6d-b5cc-13364fe26125/current/log_inprogress_2940
2019-06-14 09:09:37,025 INFO  client.GrpcClientProtocolClient (GrpcClientProtocolClient.java:onNext(254)) - client-C0E347E82FC5->e6065258-5a2c-4a72-9f81-ed1321f551ca: receive RaftClientReply:client-C0E347E82FC5->e6065258-5a2c-4a72-9f81-ed1321f551ca@group-13364FE26125, cid=1760, SUCCESS, logIndex=2940, commits[e6065258-5a2c-4a72-9f81-ed1321f551ca:c2941]
2019-06-14 09:09:37,035 INFO  client.GrpcClientProtocolClient (GrpcClientProtocolClient.java:onNext(254)) - client-C0E347E82FC5->e6065258-5a2c-4a72-9f81-ed1321f551ca: receive RaftClientReply:client-C0E347E82FC5->e6065258-5a2c-4a72-9f81-ed1321f551ca@group-13364FE26125, cid=1761, SUCCESS, logIndex=2942, commits[e6065258-5a2c-4a72-9f81-ed1321f551ca:c2942]
2019-06-14 09:09:37,037 INFO  client.GrpcClientProtocolClient (GrpcClientProtocolClient.java:onNext(254)) - client-C0E347E82FC5->e6065258-5a2c-4a72-9f81-ed1321f551ca: receive RaftClientReply:client-C0E347E82FC5->e6065258-5a2c-4a72-9f81-ed1321f551ca@group-13364FE26125, cid=1762, SUCCESS, logIndex=2944, commits[e6065258-5a2c-4a72-9f81-ed1321f551ca:c2946]
2019-06-14 09:09:37,038 INFO  client.GrpcClientProtocolClient (GrpcClientProtocolClient.java:onNext(254)) - client-C0E347E82FC5->e6065258-5a2c-4a72-9f81-ed1321f551ca: receive RaftClientReply:client-C0E347E82FC5->e6065258-5a2c-4a72-9f81-ed1321f551ca@group-13364FE26125, cid=1763, SUCCESS, logIndex=2945, commits[e6065258-5a2c-4a72-9f81-ed1321f551ca:c2946]
2019-06-14 09:09:37,038 INFO  client.GrpcClientProtocolClient (GrpcClientProtocolClient.java:onNext(254)) - client-C0E347E82FC5->e6065258-5a2c-4a72-9f81-ed1321f551ca: receive RaftClientReply:client-C0E347E82FC5->e6065258-5a2c-4a72-9f81-ed1321f551ca@group-13364FE26125, cid=1764, SUCCESS, logIndex=2946, commits[e6065258-5a2c-4a72-9f81-ed1321f551ca:c2946]
2019-06-14 09:09:37,043 INFO  client.GrpcClientProtocolClient (GrpcClientProtocolClient.java:onNext(254)) - client-C0E347E82FC5->e6065258-5a2c-4a72-9f81-ed1321f551ca: receive RaftClientReply:client-C0E347E82FC5->e6065258-5a2c-4a72-9f81-ed1321f551ca@group-13364FE26125, cid=1765, SUCCESS, logIndex=2948, commits[e6065258-5a2c-4a72-9f81-ed1321f551ca:c2948]
2019-06-14 09:09:37,044 INFO  client.GrpcClientProtocolClient (GrpcClientProtocolClient.java:onNext(254)) - client-C0E347E82FC5->e6065258-5a2c-4a72-9f81-ed1321f551ca: receive RaftClientReply:client-C0E347E82FC5->e6065258-5a2c-4a72-9f81-ed1321f551ca@group-13364FE26125, cid=1766, SUCCESS, logIndex=2950, commits[e6065258-5a2c-4a72-9f81-ed1321f551ca:c2950]
2019-06-14 09:09:37,046 INFO  client.GrpcClientProtocolClient (GrpcClientProtocolClient.java:onNext(254)) - client-C0E347E82FC5->e6065258-5a2c-4a72-9f81-ed1321f551ca: receive RaftClientReply:client-C0E347E82FC5->e6065258-5a2c-4a72-9f81-ed1321f551ca@group-13364FE26125, cid=1767, SUCCESS, logIndex=2951, commits[e6065258-5a2c-4a72-9f81-ed1321f551ca:c2953]
2019-06-14 09:09:37,046 INFO  client.GrpcClientProtocolClient (GrpcClientProtocolClient.java:onNext(254)) - client-C0E347E82FC5->e6065258-5a2c-4a72-9f81-ed1321f551ca: receive RaftClientReply:client-C0E347E82FC5->e6065258-5a2c-4a72-9f81-ed1321f551ca@group-13364FE26125, cid=1768, SUCCESS, logIndex=2952, commits[e6065258-5a2c-4a72-9f81-ed1321f551ca:c2953]
2019-06-14 09:09:37,067 DEBUG block.SCMBlockDeletingService (SCMBlockDeletingService.java:call(138)) - Running DeletedBlockTransactionScanner
2019-06-14 09:09:37,068 DEBUG block.SCMBlockDeletingService (SCMBlockDeletingService.java:call(155)) - Scanned deleted blocks log and got 0 delTX to process.
2019-06-14 09:09:37,120 INFO  client.GrpcClientProtocolClient (GrpcClientProtocolClient.java:onNext(254)) - client-C0E347E82FC5->e6065258-5a2c-4a72-9f81-ed1321f551ca: receive RaftClientReply:client-C0E347E82FC5->e6065258-5a2c-4a72-9f81-ed1321f551ca@group-13364FE26125, cid=1769, SUCCESS, logIndex=2954, commits[e6065258-5a2c-4a72-9f81-ed1321f551ca:c2954]
2019-06-14 09:09:37,121 INFO  client.GrpcClientProtocolClient (GrpcClientProtocolClient.java:onNext(254)) - client-C0E347E82FC5->e6065258-5a2c-4a72-9f81-ed1321f551ca: receive RaftClientReply:client-C0E347E82FC5->e6065258-5a2c-4a72-9f81-ed1321f551ca@group-13364FE26125, cid=1770, SUCCESS, logIndex=2956, commits[e6065258-5a2c-4a72-9f81-ed1321f551ca:c2956]
2019-06-14 09:09:37,123 INFO  client.GrpcClientProtocolClient (GrpcClientProtocolClient.java:onNext(254)) - client-C0E347E82FC5->e6065258-5a2c-4a72-9f81-ed1321f551ca: receive RaftClientReply:client-C0E347E82FC5->e6065258-5a2c-4a72-9f81-ed1321f551ca@group-13364FE26125, cid=1771, SUCCESS, logIndex=2957, commits[e6065258-5a2c-4a72-9f81-ed1321f551ca:c2959]
2019-06-14 09:09:37,123 INFO  client.GrpcClientProtocolClient (GrpcClientProtocolClient.java:onNext(254)) - client-C0E347E82FC5->e6065258-5a2c-4a72-9f81-ed1321f551ca: receive RaftClientReply:client-C0E347E82FC5->e6065258-5a2c-4a72-9f81-ed1321f551ca@group-13364FE26125, cid=1772, SUCCESS, logIndex=2958, commits[e6065258-5a2c-4a72-9f81-ed1321f551ca:c2959]
2019-06-14 09:09:37,128 INFO  client.GrpcClientProtocolClient (GrpcClientProtocolClient.java:onNext(254)) - client-C0E347E82FC5->e6065258-5a2c-4a72-9f81-ed1321f551ca: receive RaftClientReply:client-C0E347E82FC5->e6065258-5a2c-4a72-9f81-ed1321f551ca@group-13364FE26125, cid=1773, SUCCESS, logIndex=2960, commits[e6065258-5a2c-4a72-9f81-ed1321f551ca:c2960]
2019-06-14 09:09:37,130 INFO  client.GrpcClientProtocolClient (GrpcClientProtocolClient.java:onNext(254)) - client-C0E347E82FC5->e6065258-5a2c-4a72-9f81-ed1321f551ca: receive RaftClientReply:client-C0E347E82FC5->e6065258-5a2c-4a72-9f81-ed1321f551ca@group-13364FE26125, cid=1774, SUCCESS, logIndex=2962, commits[e6065258-5a2c-4a72-9f81-ed1321f551ca:c2962]
2019-06-14 09:09:37,130 INFO  client.GrpcClientProtocolClient (GrpcClientProtocolClient.java:onNext(254)) - client-C0E347E82FC5->e6065258-5a2c-4a72-9f81-ed1321f551ca: receive RaftClientReply:client-C0E347E82FC5->e6065258-5a2c-4a72-9f81-ed1321f551ca@group-13364FE26125, cid=1775, SUCCESS, logIndex=2963, commits[e6065258-5a2c-4a72-9f81-ed1321f551ca:c2965]
2019-06-14 09:09:37,134 INFO  client.GrpcClientProtocolClient (GrpcClientProtocolClient.java:onNext(254)) - client-C0E347E82FC5->e6065258-5a2c-4a72-9f81-ed1321f551ca: receive RaftClientReply:client-C0E347E82FC5->e6065258-5a2c-4a72-9f81-ed1321f551ca@group-13364FE26125, cid=1776, SUCCESS, logIndex=2964, commits[e6065258-5a2c-4a72-9f81-ed1321f551ca:c2965]
2019-06-14 09:09:37,142 INFO  client.GrpcClientProtocolClient (GrpcClientProtocolClient.java:onNext(254)) - client-C0E347E82FC5->e6065258-5a2c-4a72-9f81-ed1321f551ca: receive RaftClientReply:client-C0E347E82FC5->e6065258-5a2c-4a72-9f81-ed1321f551ca@group-13364FE26125, cid=1777, SUCCESS, logIndex=2966, commits[e6065258-5a2c-4a72-9f81-ed1321f551ca:c2966]
2019-06-14 09:09:37,143 INFO  client.GrpcClientProtocolClient (GrpcClientProtocolClient.java:onNext(254)) - client-C0E347E82FC5->e6065258-5a2c-4a72-9f81-ed1321f551ca: receive RaftClientReply:client-C0E347E82FC5->e6065258-5a2c-4a72-9f81-ed1321f551ca@group-13364FE26125, cid=1778, SUCCESS, logIndex=2968, commits[e6065258-5a2c-4a72-9f81-ed1321f551ca:c2968]
2019-06-14 09:09:37,144 INFO  client.GrpcClientProtocolClient (GrpcClientProtocolClient.java:onNext(254)) - client-C0E347E82FC5->e6065258-5a2c-4a72-9f81-ed1321f551ca: receive RaftClientReply:client-C0E347E82FC5->e6065258-5a2c-4a72-9f81-ed1321f551ca@group-13364FE26125, cid=1779, SUCCESS, logIndex=2969, commits[e6065258-5a2c-4a72-9f81-ed1321f551ca:c2971]
2019-06-14 09:09:37,145 INFO  client.GrpcClientProtocolClient (GrpcClientProtocolClient.java:onNext(254)) - client-C0E347E82FC5->e6065258-5a2c-4a72-9f81-ed1321f551ca: receive RaftClientReply:client-C0E347E82FC5->e6065258-5a2c-4a72-9f81-ed1321f551ca@group-13364FE26125, cid=1780, SUCCESS, logIndex=2970, commits[e6065258-5a2c-4a72-9f81-ed1321f551ca:c2971]
2019-06-14 09:09:37,151 INFO  client.GrpcClientProtocolClient (GrpcClientProtocolClient.java:onNext(254)) - client-C0E347E82FC5->e6065258-5a2c-4a72-9f81-ed1321f551ca: receive RaftClientReply:client-C0E347E82FC5->e6065258-5a2c-4a72-9f81-ed1321f551ca@group-13364FE26125, cid=1781, SUCCESS, logIndex=2972, commits[e6065258-5a2c-4a72-9f81-ed1321f551ca:c2972]
2019-06-14 09:09:37,152 INFO  client.GrpcClientProtocolClient (GrpcClientProtocolClient.java:onNext(254)) - client-C0E347E82FC5->e6065258-5a2c-4a72-9f81-ed1321f551ca: receive RaftClientReply:client-C0E347E82FC5->e6065258-5a2c-4a72-9f81-ed1321f551ca@group-13364FE26125, cid=1782, SUCCESS, logIndex=2974, commits[e6065258-5a2c-4a72-9f81-ed1321f551ca:c2974]
2019-06-14 09:09:37,153 INFO  client.GrpcClientProtocolClient (GrpcClientProtocolClient.java:onNext(254)) - client-C0E347E82FC5->e6065258-5a2c-4a72-9f81-ed1321f551ca: receive RaftClientReply:client-C0E347E82FC5->e6065258-5a2c-4a72-9f81-ed1321f551ca@group-13364FE26125, cid=1783, SUCCESS, logIndex=2975, commits[e6065258-5a2c-4a72-9f81-ed1321f551ca:c2977]
2019-06-14 09:09:37,154 INFO  client.GrpcClientProtocolClient (GrpcClientProtocolClient.java:onNext(254)) - client-C0E347E82FC5->e6065258-5a2c-4a72-9f81-ed1321f551ca: receive RaftClientReply:client-C0E347E82FC5->e6065258-5a2c-4a72-9f81-ed1321f551ca@group-13364FE26125, cid=1784, SUCCESS, logIndex=2976, commits[e6065258-5a2c-4a72-9f81-ed1321f551ca:c2977]
2019-06-14 09:09:37,163 INFO  client.GrpcClientProtocolClient (GrpcClientProtocolClient.java:onNext(254)) - client-C0E347E82FC5->e6065258-5a2c-4a72-9f81-ed1321f551ca: receive RaftClientReply:client-C0E347E82FC5->e6065258-5a2c-4a72-9f81-ed1321f551ca@group-13364FE26125, cid=1785, SUCCESS, logIndex=2978, commits[e6065258-5a2c-4a72-9f81-ed1321f551ca:c2978]
2019-06-14 09:09:37,165 INFO  client.GrpcClientProtocolClient (GrpcClientProtocolClient.java:onNext(254)) - client-C0E347E82FC5->e6065258-5a2c-4a72-9f81-ed1321f551ca: receive RaftClientReply:client-C0E347E82FC5->e6065258-5a2c-4a72-9f81-ed1321f551ca@group-13364FE26125, cid=1786, SUCCESS, logIndex=2980, commits[e6065258-5a2c-4a72-9f81-ed1321f551ca:c2980]
2019-06-14 09:09:37,166 INFO  client.GrpcClientProtocolClient (GrpcClientProtocolClient.java:onNext(254)) - client-C0E347E82FC5->e6065258-5a2c-4a72-9f81-ed1321f551ca: receive RaftClientReply:client-C0E347E82FC5->e6065258-5a2c-4a72-9f81-ed1321f551ca@group-13364FE26125, cid=1787, SUCCESS, logIndex=2981, commits[e6065258-5a2c-4a72-9f81-ed1321f551ca:c2983]
2019-06-14 09:09:37,166 INFO  client.GrpcClientProtocolClient (GrpcClientProtocolClient.java:onNext(254)) - client-C0E347E82FC5->e6065258-5a2c-4a72-9f81-ed1321f551ca: receive RaftClientReply:client-C0E347E82FC5->e6065258-5a2c-4a72-9f81-ed1321f551ca@group-13364FE26125, cid=1788, SUCCESS, logIndex=2982, commits[e6065258-5a2c-4a72-9f81-ed1321f551ca:c2983]
2019-06-14 09:09:37,170 DEBUG block.SCMBlockDeletingService (SCMBlockDeletingService.java:call(138)) - Running DeletedBlockTransactionScanner
2019-06-14 09:09:37,170 DEBUG block.SCMBlockDeletingService (SCMBlockDeletingService.java:call(155)) - Scanned deleted blocks log and got 0 delTX to process.
2019-06-14 09:09:37,175 INFO  client.GrpcClientProtocolClient (GrpcClientProtocolClient.java:onNext(254)) - client-C0E347E82FC5->e6065258-5a2c-4a72-9f81-ed1321f551ca: receive RaftClientReply:client-C0E347E82FC5->e6065258-5a2c-4a72-9f81-ed1321f551ca@group-13364FE26125, cid=1789, SUCCESS, logIndex=2984, commits[e6065258-5a2c-4a72-9f81-ed1321f551ca:c2984]
2019-06-14 09:09:37,180 INFO  client.GrpcClientProtocolClient (GrpcClientProtocolClient.java:onNext(254)) - client-C0E347E82FC5->e6065258-5a2c-4a72-9f81-ed1321f551ca: receive RaftClientReply:client-C0E347E82FC5->e6065258-5a2c-4a72-9f81-ed1321f551ca@group-13364FE26125, cid=1790, SUCCESS, logIndex=2986, commits[e6065258-5a2c-4a72-9f81-ed1321f551ca:c2986]
2019-06-14 09:09:37,181 INFO  client.GrpcClientProtocolClient (GrpcClientProtocolClient.java:onNext(254)) - client-C0E347E82FC5->e6065258-5a2c-4a72-9f81-ed1321f551ca: receive RaftClientReply:client-C0E347E82FC5->e6065258-5a2c-4a72-9f81-ed1321f551ca@group-13364FE26125, cid=1791, SUCCESS, logIndex=2987, commits[e6065258-5a2c-4a72-9f81-ed1321f551ca:c2989]
2019-06-14 09:09:37,181 INFO  client.GrpcClientProtocolClient (GrpcClientProtocolClient.java:onNext(254)) - client-C0E347E82FC5->e6065258-5a2c-4a72-9f81-ed1321f551ca: receive RaftClientReply:client-C0E347E82FC5->e6065258-5a2c-4a72-9f81-ed1321f551ca@group-13364FE26125, cid=1792, SUCCESS, logIndex=2988, commits[e6065258-5a2c-4a72-9f81-ed1321f551ca:c2989]
2019-06-14 09:09:37,196 INFO  client.GrpcClientProtocolClient (GrpcClientProtocolClient.java:onNext(254)) - client-C0E347E82FC5->e6065258-5a2c-4a72-9f81-ed1321f551ca: receive RaftClientReply:client-C0E347E82FC5->e6065258-5a2c-4a72-9f81-ed1321f551ca@group-13364FE26125, cid=1793, SUCCESS, logIndex=2990, commits[e6065258-5a2c-4a72-9f81-ed1321f551ca:c2990]
2019-06-14 09:09:37,207 INFO  client.GrpcClientProtocolClient (GrpcClientProtocolClient.java:onNext(254)) - client-C0E347E82FC5->e6065258-5a2c-4a72-9f81-ed1321f551ca: receive RaftClientReply:client-C0E347E82FC5->e6065258-5a2c-4a72-9f81-ed1321f551ca@group-13364FE26125, cid=1794, SUCCESS, logIndex=2992, commits[e6065258-5a2c-4a72-9f81-ed1321f551ca:c2992]
2019-06-14 09:09:37,207 INFO  client.GrpcClientProtocolClient (GrpcClientProtocolClient.java:onNext(254)) - client-C0E347E82FC5->e6065258-5a2c-4a72-9f81-ed1321f551ca: receive RaftClientReply:client-C0E347E82FC5->e6065258-5a2c-4a72-9f81-ed1321f551ca@group-13364FE26125, cid=1795, SUCCESS, logIndex=2994, commits[e6065258-5a2c-4a72-9f81-ed1321f551ca:c2994]
2019-06-14 09:09:37,208 INFO  client.GrpcClientProtocolClient (GrpcClientProtocolClient.java:onNext(254)) - client-C0E347E82FC5->e6065258-5a2c-4a72-9f81-ed1321f551ca: receive RaftClientReply:client-C0E347E82FC5->e6065258-5a2c-4a72-9f81-ed1321f551ca@group-13364FE26125, cid=1796, SUCCESS, logIndex=2996, commits[e6065258-5a2c-4a72-9f81-ed1321f551ca:c2996]
2019-06-14 09:09:37,213 INFO  client.GrpcClientProtocolClient (GrpcClientProtocolClient.java:onNext(254)) - client-C0E347E82FC5->e6065258-5a2c-4a72-9f81-ed1321f551ca: receive RaftClientReply:client-C0E347E82FC5->e6065258-5a2c-4a72-9f81-ed1321f551ca@group-13364FE26125, cid=1797, SUCCESS, logIndex=2998, commits[e6065258-5a2c-4a72-9f81-ed1321f551ca:c2998]
2019-06-14 09:09:37,215 INFO  client.GrpcClientProtocolClient (GrpcClientProtocolClient.java:onNext(254)) - client-C0E347E82FC5->e6065258-5a2c-4a72-9f81-ed1321f551ca: receive RaftClientReply:client-C0E347E82FC5->e6065258-5a2c-4a72-9f81-ed1321f551ca@group-13364FE26125, cid=1798, SUCCESS, logIndex=3000, commits[e6065258-5a2c-4a72-9f81-ed1321f551ca:c3000]
2019-06-14 09:09:37,216 INFO  client.GrpcClientProtocolClient (GrpcClientProtocolClient.java:onNext(254)) - client-C0E347E82FC5->e6065258-5a2c-4a72-9f81-ed1321f551ca: receive RaftClientReply:client-C0E347E82FC5->e6065258-5a2c-4a72-9f81-ed1321f551ca@group-13364FE26125, cid=1799, SUCCESS, logIndex=3001, commits[e6065258-5a2c-4a72-9f81-ed1321f551ca:c3003]
2019-06-14 09:09:37,216 INFO  client.GrpcClientProtocolClient (GrpcClientProtocolClient.java:onNext(254)) - client-C0E347E82FC5->e6065258-5a2c-4a72-9f81-ed1321f551ca: receive RaftClientReply:client-C0E347E82FC5->e6065258-5a2c-4a72-9f81-ed1321f551ca@group-13364FE26125, cid=1800, SUCCESS, logIndex=3002, commits[e6065258-5a2c-4a72-9f81-ed1321f551ca:c3003]
2019-06-14 09:09:37,224 INFO  client.GrpcClientProtocolClient (GrpcClientProtocolClient.java:onNext(254)) - client-C0E347E82FC5->e6065258-5a2c-4a72-9f81-ed1321f551ca: receive RaftClientReply:client-C0E347E82FC5->e6065258-5a2c-4a72-9f81-ed1321f551ca@group-13364FE26125, cid=1801, SUCCESS, logIndex=3004, commits[e6065258-5a2c-4a72-9f81-ed1321f551ca:c3004]
2019-06-14 09:09:37,224 INFO  storage.RaftLogWorker (RaftLogWorker.java:rollLogSegment(303)) - e6065258-5a2c-4a72-9f81-ed1321f551ca-RaftLogWorker: Rolling segment log-2940_3006 to index:3006
2019-06-14 09:09:37,225 INFO  storage.RaftLogWorker (RaftLogWorker.java:execute(433)) - e6065258-5a2c-4a72-9f81-ed1321f551ca-RaftLogWorker: Rolled log segment from /opt/src/hadoop-ozone/integration-test/target/test-dir/MiniOzoneClusterImpl-a56da109-a1cb-4168-8966-62306f2f2d23/datanode-0/data/ratis/920138aa-6f47-4d6d-b5cc-13364fe26125/current/log_inprogress_2940 to /opt/src/hadoop-ozone/integration-test/target/test-dir/MiniOzoneClusterImpl-a56da109-a1cb-4168-8966-62306f2f2d23/datanode-0/data/ratis/920138aa-6f47-4d6d-b5cc-13364fe26125/current/log_2940-3006
2019-06-14 09:09:37,226 INFO  client.GrpcClientProtocolClient (GrpcClientProtocolClient.java:onNext(254)) - client-C0E347E82FC5->e6065258-5a2c-4a72-9f81-ed1321f551ca: receive RaftClientReply:client-C0E347E82FC5->e6065258-5a2c-4a72-9f81-ed1321f551ca@group-13364FE26125, cid=1802, SUCCESS, logIndex=3006, commits[e6065258-5a2c-4a72-9f81-ed1321f551ca:c3006]
2019-06-14 09:09:37,260 INFO  storage.RaftLogWorker (RaftLogWorker.java:execute(469)) - e6065258-5a2c-4a72-9f81-ed1321f551ca-RaftLogWorker: created new log segment /opt/src/hadoop-ozone/integration-test/target/test-dir/MiniOzoneClusterImpl-a56da109-a1cb-4168-8966-62306f2f2d23/datanode-0/data/ratis/920138aa-6f47-4d6d-b5cc-13364fe26125/current/log_inprogress_3007
2019-06-14 09:09:37,261 INFO  client.GrpcClientProtocolClient (GrpcClientProtocolClient.java:onNext(254)) - client-C0E347E82FC5->e6065258-5a2c-4a72-9f81-ed1321f551ca: receive RaftClientReply:client-C0E347E82FC5->e6065258-5a2c-4a72-9f81-ed1321f551ca@group-13364FE26125, cid=1803, SUCCESS, logIndex=3007, commits[e6065258-5a2c-4a72-9f81-ed1321f551ca:c3009]
2019-06-14 09:09:37,261 INFO  client.GrpcClientProtocolClient (GrpcClientProtocolClient.java:onNext(254)) - client-C0E347E82FC5->e6065258-5a2c-4a72-9f81-ed1321f551ca: receive RaftClientReply:client-C0E347E82FC5->e6065258-5a2c-4a72-9f81-ed1321f551ca@group-13364FE26125, cid=1804, SUCCESS, logIndex=3009, commits[e6065258-5a2c-4a72-9f81-ed1321f551ca:c3009]
2019-06-14 09:09:37,266 INFO  client.GrpcClientProtocolClient (GrpcClientProtocolClient.java:onNext(254)) - client-C0E347E82FC5->e6065258-5a2c-4a72-9f81-ed1321f551ca: receive RaftClientReply:client-C0E347E82FC5->e6065258-5a2c-4a72-9f81-ed1321f551ca@group-13364FE26125, cid=1805, SUCCESS, logIndex=3011, commits[e6065258-5a2c-4a72-9f81-ed1321f551ca:c3011]
2019-06-14 09:09:37,268 INFO  client.GrpcClientProtocolClient (GrpcClientProtocolClient.java:onNext(254)) - client-C0E347E82FC5->e6065258-5a2c-4a72-9f81-ed1321f551ca: receive RaftClientReply:client-C0E347E82FC5->e6065258-5a2c-4a72-9f81-ed1321f551ca@group-13364FE26125, cid=1806, SUCCESS, logIndex=3013, commits[e6065258-5a2c-4a72-9f81-ed1321f551ca:c3013]
2019-06-14 09:09:37,269 INFO  client.GrpcClientProtocolClient (GrpcClientProtocolClient.java:onNext(254)) - client-C0E347E82FC5->e6065258-5a2c-4a72-9f81-ed1321f551ca: receive RaftClientReply:client-C0E347E82FC5->e6065258-5a2c-4a72-9f81-ed1321f551ca@group-13364FE26125, cid=1807, SUCCESS, logIndex=3014, commits[e6065258-5a2c-4a72-9f81-ed1321f551ca:c3016]
2019-06-14 09:09:37,269 INFO  client.GrpcClientProtocolClient (GrpcClientProtocolClient.java:onNext(254)) - client-C0E347E82FC5->e6065258-5a2c-4a72-9f81-ed1321f551ca: receive RaftClientReply:client-C0E347E82FC5->e6065258-5a2c-4a72-9f81-ed1321f551ca@group-13364FE26125, cid=1808, SUCCESS, logIndex=3015, commits[e6065258-5a2c-4a72-9f81-ed1321f551ca:c3016]
2019-06-14 09:09:37,273 DEBUG block.SCMBlockDeletingService (SCMBlockDeletingService.java:call(138)) - Running DeletedBlockTransactionScanner
2019-06-14 09:09:37,274 DEBUG block.SCMBlockDeletingService (SCMBlockDeletingService.java:call(155)) - Scanned deleted blocks log and got 0 delTX to process.
2019-06-14 09:09:37,281 INFO  client.GrpcClientProtocolClient (GrpcClientProtocolClient.java:onNext(254)) - client-C0E347E82FC5->e6065258-5a2c-4a72-9f81-ed1321f551ca: receive RaftClientReply:client-C0E347E82FC5->e6065258-5a2c-4a72-9f81-ed1321f551ca@group-13364FE26125, cid=1809, SUCCESS, logIndex=3017, commits[e6065258-5a2c-4a72-9f81-ed1321f551ca:c3017]
2019-06-14 09:09:37,282 INFO  client.GrpcClientProtocolClient (GrpcClientProtocolClient.java:onNext(254)) - client-C0E347E82FC5->e6065258-5a2c-4a72-9f81-ed1321f551ca: receive RaftClientReply:client-C0E347E82FC5->e6065258-5a2c-4a72-9f81-ed1321f551ca@group-13364FE26125, cid=1810, SUCCESS, logIndex=3019, commits[e6065258-5a2c-4a72-9f81-ed1321f551ca:c3019]
2019-06-14 09:09:37,283 INFO  client.GrpcClientProtocolClient (GrpcClientProtocolClient.java:onNext(254)) - client-C0E347E82FC5->e6065258-5a2c-4a72-9f81-ed1321f551ca: receive RaftClientReply:client-C0E347E82FC5->e6065258-5a2c-4a72-9f81-ed1321f551ca@group-13364FE26125, cid=1811, SUCCESS, logIndex=3020, commits[e6065258-5a2c-4a72-9f81-ed1321f551ca:c3022]
2019-06-14 09:09:37,283 INFO  client.GrpcClientProtocolClient (GrpcClientProtocolClient.java:onNext(254)) - client-C0E347E82FC5->e6065258-5a2c-4a72-9f81-ed1321f551ca: receive RaftClientReply:client-C0E347E82FC5->e6065258-5a2c-4a72-9f81-ed1321f551ca@group-13364FE26125, cid=1812, SUCCESS, logIndex=3021, commits[e6065258-5a2c-4a72-9f81-ed1321f551ca:c3022]
2019-06-14 09:09:37,355 INFO  client.GrpcClientProtocolClient (GrpcClientProtocolClient.java:onNext(254)) - client-C0E347E82FC5->e6065258-5a2c-4a72-9f81-ed1321f551ca: receive RaftClientReply:client-C0E347E82FC5->e6065258-5a2c-4a72-9f81-ed1321f551ca@group-13364FE26125, cid=1813, SUCCESS, logIndex=3023, commits[e6065258-5a2c-4a72-9f81-ed1321f551ca:c3023]
2019-06-14 09:09:37,356 INFO  client.GrpcClientProtocolClient (GrpcClientProtocolClient.java:onNext(254)) - client-C0E347E82FC5->e6065258-5a2c-4a72-9f81-ed1321f551ca: receive RaftClientReply:client-C0E347E82FC5->e6065258-5a2c-4a72-9f81-ed1321f551ca@group-13364FE26125, cid=1814, SUCCESS, logIndex=3025, commits[e6065258-5a2c-4a72-9f81-ed1321f551ca:c3025]
2019-06-14 09:09:37,357 INFO  client.GrpcClientProtocolClient (GrpcClientProtocolClient.java:onNext(254)) - client-C0E347E82FC5->e6065258-5a2c-4a72-9f81-ed1321f551ca: receive RaftClientReply:client-C0E347E82FC5->e6065258-5a2c-4a72-9f81-ed1321f551ca@group-13364FE26125, cid=1815, SUCCESS, logIndex=3026, commits[e6065258-5a2c-4a72-9f81-ed1321f551ca:c3028]
2019-06-14 09:09:37,357 INFO  client.GrpcClientProtocolClient (GrpcClientProtocolClient.java:onNext(254)) - client-C0E347E82FC5->e6065258-5a2c-4a72-9f81-ed1321f551ca: receive RaftClientReply:client-C0E347E82FC5->e6065258-5a2c-4a72-9f81-ed1321f551ca@group-13364FE26125, cid=1816, SUCCESS, logIndex=3027, commits[e6065258-5a2c-4a72-9f81-ed1321f551ca:c3028]
2019-06-14 09:09:37,365 INFO  client.GrpcClientProtocolClient (GrpcClientProtocolClient.java:onNext(254)) - client-C0E347E82FC5->e6065258-5a2c-4a72-9f81-ed1321f551ca: receive RaftClientReply:client-C0E347E82FC5->e6065258-5a2c-4a72-9f81-ed1321f551ca@group-13364FE26125, cid=1817, SUCCESS, logIndex=3029, commits[e6065258-5a2c-4a72-9f81-ed1321f551ca:c3029]
2019-06-14 09:09:37,366 INFO  client.GrpcClientProtocolClient (GrpcClientProtocolClient.java:onNext(254)) - client-C0E347E82FC5->e6065258-5a2c-4a72-9f81-ed1321f551ca: receive RaftClientReply:client-C0E347E82FC5->e6065258-5a2c-4a72-9f81-ed1321f551ca@group-13364FE26125, cid=1818, SUCCESS, logIndex=3031, commits[e6065258-5a2c-4a72-9f81-ed1321f551ca:c3031]
2019-06-14 09:09:37,368 INFO  client.GrpcClientProtocolClient (GrpcClientProtocolClient.java:onNext(254)) - client-C0E347E82FC5->e6065258-5a2c-4a72-9f81-ed1321f551ca: receive RaftClientReply:client-C0E347E82FC5->e6065258-5a2c-4a72-9f81-ed1321f551ca@group-13364FE26125, cid=1819, SUCCESS, logIndex=3032, commits[e6065258-5a2c-4a72-9f81-ed1321f551ca:c3034]
2019-06-14 09:09:37,368 INFO  client.GrpcClientProtocolClient (GrpcClientProtocolClient.java:onNext(254)) - client-C0E347E82FC5->e6065258-5a2c-4a72-9f81-ed1321f551ca: receive RaftClientReply:client-C0E347E82FC5->e6065258-5a2c-4a72-9f81-ed1321f551ca@group-13364FE26125, cid=1820, SUCCESS, logIndex=3033, commits[e6065258-5a2c-4a72-9f81-ed1321f551ca:c3034]
2019-06-14 09:09:37,373 INFO  client.GrpcClientProtocolClient (GrpcClientProtocolClient.java:onNext(254)) - client-C0E347E82FC5->e6065258-5a2c-4a72-9f81-ed1321f551ca: receive RaftClientReply:client-C0E347E82FC5->e6065258-5a2c-4a72-9f81-ed1321f551ca@group-13364FE26125, cid=1821, SUCCESS, logIndex=3035, commits[e6065258-5a2c-4a72-9f81-ed1321f551ca:c3035]
2019-06-14 09:09:37,374 DEBUG block.SCMBlockDeletingService (SCMBlockDeletingService.java:call(138)) - Running DeletedBlockTransactionScanner
2019-06-14 09:09:37,374 DEBUG block.SCMBlockDeletingService (SCMBlockDeletingService.java:call(155)) - Scanned deleted blocks log and got 0 delTX to process.
2019-06-14 09:09:37,377 INFO  client.GrpcClientProtocolClient (GrpcClientProtocolClient.java:onNext(254)) - client-C0E347E82FC5->e6065258-5a2c-4a72-9f81-ed1321f551ca: receive RaftClientReply:client-C0E347E82FC5->e6065258-5a2c-4a72-9f81-ed1321f551ca@group-13364FE26125, cid=1822, SUCCESS, logIndex=3037, commits[e6065258-5a2c-4a72-9f81-ed1321f551ca:c3037]
2019-06-14 09:09:37,378 INFO  client.GrpcClientProtocolClient (GrpcClientProtocolClient.java:onNext(254)) - client-C0E347E82FC5->e6065258-5a2c-4a72-9f81-ed1321f551ca: receive RaftClientReply:client-C0E347E82FC5->e6065258-5a2c-4a72-9f81-ed1321f551ca@group-13364FE26125, cid=1823, SUCCESS, logIndex=3038, commits[e6065258-5a2c-4a72-9f81-ed1321f551ca:c3039]
2019-06-14 09:09:37,378 INFO  client.GrpcClientProtocolClient (GrpcClientProtocolClient.java:onNext(254)) - client-C0E347E82FC5->e6065258-5a2c-4a72-9f81-ed1321f551ca: receive RaftClientReply:client-C0E347E82FC5->e6065258-5a2c-4a72-9f81-ed1321f551ca@group-13364FE26125, cid=1824, SUCCESS, logIndex=3039, commits[e6065258-5a2c-4a72-9f81-ed1321f551ca:c3039]
2019-06-14 09:09:37,651 DEBUG block.SCMBlockDeletingService (SCMBlockDeletingService.java:call(138)) - Running DeletedBlockTransactionScanner
2019-06-14 09:09:37,651 DEBUG block.SCMBlockDeletingService (SCMBlockDeletingService.java:call(155)) - Scanned deleted blocks log and got 0 delTX to process.
2019-06-14 09:09:37,659 INFO  client.GrpcClientProtocolClient (GrpcClientProtocolClient.java:onNext(254)) - client-C0E347E82FC5->e6065258-5a2c-4a72-9f81-ed1321f551ca: receive RaftClientReply:client-C0E347E82FC5->e6065258-5a2c-4a72-9f81-ed1321f551ca@group-13364FE26125, cid=1825, SUCCESS, logIndex=3042, commits[e6065258-5a2c-4a72-9f81-ed1321f551ca:c3042]
2019-06-14 09:09:37,665 INFO  client.GrpcClientProtocolClient (GrpcClientProtocolClient.java:onNext(254)) - client-C0E347E82FC5->e6065258-5a2c-4a72-9f81-ed1321f551ca: receive RaftClientReply:client-C0E347E82FC5->e6065258-5a2c-4a72-9f81-ed1321f551ca@group-13364FE26125, cid=1826, SUCCESS, logIndex=3044, commits[e6065258-5a2c-4a72-9f81-ed1321f551ca:c3044]
2019-06-14 09:09:37,665 INFO  client.GrpcClientProtocolClient (GrpcClientProtocolClient.java:onNext(254)) - client-C0E347E82FC5->e6065258-5a2c-4a72-9f81-ed1321f551ca: receive RaftClientReply:client-C0E347E82FC5->e6065258-5a2c-4a72-9f81-ed1321f551ca@group-13364FE26125, cid=1827, SUCCESS, logIndex=3045, commits[e6065258-5a2c-4a72-9f81-ed1321f551ca:c3047]
2019-06-14 09:09:37,665 INFO  client.GrpcClientProtocolClient (GrpcClientProtocolClient.java:onNext(254)) - client-C0E347E82FC5->e6065258-5a2c-4a72-9f81-ed1321f551ca: receive RaftClientReply:client-C0E347E82FC5->e6065258-5a2c-4a72-9f81-ed1321f551ca@group-13364FE26125, cid=1828, SUCCESS, logIndex=3046, commits[e6065258-5a2c-4a72-9f81-ed1321f551ca:c3047]
2019-06-14 09:09:37,672 INFO  client.GrpcClientProtocolClient (GrpcClientProtocolClient.java:onNext(254)) - client-C0E347E82FC5->e6065258-5a2c-4a72-9f81-ed1321f551ca: receive RaftClientReply:client-C0E347E82FC5->e6065258-5a2c-4a72-9f81-ed1321f551ca@group-13364FE26125, cid=1829, SUCCESS, logIndex=3048, commits[e6065258-5a2c-4a72-9f81-ed1321f551ca:c3049]
2019-06-14 09:09:37,672 INFO  client.GrpcClientProtocolClient (GrpcClientProtocolClient.java:onNext(254)) - client-C0E347E82FC5->e6065258-5a2c-4a72-9f81-ed1321f551ca: receive RaftClientReply:client-C0E347E82FC5->e6065258-5a2c-4a72-9f81-ed1321f551ca@group-13364FE26125, cid=1830, SUCCESS, logIndex=3050, commits[e6065258-5a2c-4a72-9f81-ed1321f551ca:c3050]
2019-06-14 09:09:37,674 INFO  client.GrpcClientProtocolClient (GrpcClientProtocolClient.java:onNext(254)) - client-C0E347E82FC5->e6065258-5a2c-4a72-9f81-ed1321f551ca: receive RaftClientReply:client-C0E347E82FC5->e6065258-5a2c-4a72-9f81-ed1321f551ca@group-13364FE26125, cid=1831, SUCCESS, logIndex=3051, commits[e6065258-5a2c-4a72-9f81-ed1321f551ca:c3053]
2019-06-14 09:09:37,674 INFO  client.GrpcClientProtocolClient (GrpcClientProtocolClient.java:onNext(254)) - client-C0E347E82FC5->e6065258-5a2c-4a72-9f81-ed1321f551ca: receive RaftClientReply:client-C0E347E82FC5->e6065258-5a2c-4a72-9f81-ed1321f551ca@group-13364FE26125, cid=1832, SUCCESS, logIndex=3052, commits[e6065258-5a2c-4a72-9f81-ed1321f551ca:c3053]
2019-06-14 09:09:37,683 INFO  client.GrpcClientProtocolClient (GrpcClientProtocolClient.java:onNext(254)) - client-C0E347E82FC5->e6065258-5a2c-4a72-9f81-ed1321f551ca: receive RaftClientReply:client-C0E347E82FC5->e6065258-5a2c-4a72-9f81-ed1321f551ca@group-13364FE26125, cid=1833, SUCCESS, logIndex=3054, commits[e6065258-5a2c-4a72-9f81-ed1321f551ca:c3054]
2019-06-14 09:09:37,685 INFO  client.GrpcClientProtocolClient (GrpcClientProtocolClient.java:onNext(254)) - client-C0E347E82FC5->e6065258-5a2c-4a72-9f81-ed1321f551ca: receive RaftClientReply:client-C0E347E82FC5->e6065258-5a2c-4a72-9f81-ed1321f551ca@group-13364FE26125, cid=1834, SUCCESS, logIndex=3056, commits[e6065258-5a2c-4a72-9f81-ed1321f551ca:c3056]
2019-06-14 09:09:37,685 INFO  client.GrpcClientProtocolClient (GrpcClientProtocolClient.java:onNext(254)) - client-C0E347E82FC5->e6065258-5a2c-4a72-9f81-ed1321f551ca: receive RaftClientReply:client-C0E347E82FC5->e6065258-5a2c-4a72-9f81-ed1321f551ca@group-13364FE26125, cid=1835, SUCCESS, logIndex=3057, commits[e6065258-5a2c-4a72-9f81-ed1321f551ca:c3057]
2019-06-14 09:09:37,686 INFO  client.GrpcClientProtocolClient (GrpcClientProtocolClient.java:onNext(254)) - client-C0E347E82FC5->e6065258-5a2c-4a72-9f81-ed1321f551ca: receive RaftClientReply:client-C0E347E82FC5->e6065258-5a2c-4a72-9f81-ed1321f551ca@group-13364FE26125, cid=1836, SUCCESS, logIndex=3059, commits[e6065258-5a2c-4a72-9f81-ed1321f551ca:c3059]
2019-06-14 09:09:37,691 INFO  client.GrpcClientProtocolClient (GrpcClientProtocolClient.java:onNext(254)) - client-C0E347E82FC5->e6065258-5a2c-4a72-9f81-ed1321f551ca: receive RaftClientReply:client-C0E347E82FC5->e6065258-5a2c-4a72-9f81-ed1321f551ca@group-13364FE26125, cid=1837, SUCCESS, logIndex=3062, commits[e6065258-5a2c-4a72-9f81-ed1321f551ca:c3062]
2019-06-14 09:09:37,692 INFO  client.GrpcClientProtocolClient (GrpcClientProtocolClient.java:onNext(254)) - client-C0E347E82FC5->e6065258-5a2c-4a72-9f81-ed1321f551ca: receive RaftClientReply:client-C0E347E82FC5->e6065258-5a2c-4a72-9f81-ed1321f551ca@group-13364FE26125, cid=1838, SUCCESS, logIndex=3064, commits[e6065258-5a2c-4a72-9f81-ed1321f551ca:c3064]
2019-06-14 09:09:37,693 INFO  client.GrpcClientProtocolClient (GrpcClientProtocolClient.java:onNext(254)) - client-C0E347E82FC5->e6065258-5a2c-4a72-9f81-ed1321f551ca: receive RaftClientReply:client-C0E347E82FC5->e6065258-5a2c-4a72-9f81-ed1321f551ca@group-13364FE26125, cid=1839, SUCCESS, logIndex=3065, commits[e6065258-5a2c-4a72-9f81-ed1321f551ca:c3067]
2019-06-14 09:09:37,694 INFO  client.GrpcClientProtocolClient (GrpcClientProtocolClient.java:onNext(254)) - client-C0E347E82FC5->e6065258-5a2c-4a72-9f81-ed1321f551ca: receive RaftClientReply:client-C0E347E82FC5->e6065258-5a2c-4a72-9f81-ed1321f551ca@group-13364FE26125, cid=1840, SUCCESS, logIndex=3066, commits[e6065258-5a2c-4a72-9f81-ed1321f551ca:c3067]
2019-06-14 09:09:37,703 INFO  client.GrpcClientProtocolClient (GrpcClientProtocolClient.java:onNext(254)) - client-C0E347E82FC5->e6065258-5a2c-4a72-9f81-ed1321f551ca: receive RaftClientReply:client-C0E347E82FC5->e6065258-5a2c-4a72-9f81-ed1321f551ca@group-13364FE26125, cid=1841, SUCCESS, logIndex=3068, commits[e6065258-5a2c-4a72-9f81-ed1321f551ca:c3068]
2019-06-14 09:09:37,704 INFO  client.GrpcClientProtocolClient (GrpcClientProtocolClient.java:onNext(254)) - client-C0E347E82FC5->e6065258-5a2c-4a72-9f81-ed1321f551ca: receive RaftClientReply:client-C0E347E82FC5->e6065258-5a2c-4a72-9f81-ed1321f551ca@group-13364FE26125, cid=1842, SUCCESS, logIndex=3070, commits[e6065258-5a2c-4a72-9f81-ed1321f551ca:c3070]
2019-06-14 09:09:37,705 INFO  client.GrpcClientProtocolClient (GrpcClientProtocolClient.java:onNext(254)) - client-C0E347E82FC5->e6065258-5a2c-4a72-9f81-ed1321f551ca: receive RaftClientReply:client-C0E347E82FC5->e6065258-5a2c-4a72-9f81-ed1321f551ca@group-13364FE26125, cid=1843, SUCCESS, logIndex=3071, commits[e6065258-5a2c-4a72-9f81-ed1321f551ca:c3073]
2019-06-14 09:09:37,705 INFO  client.GrpcClientProtocolClient (GrpcClientProtocolClient.java:onNext(254)) - client-C0E347E82FC5->e6065258-5a2c-4a72-9f81-ed1321f551ca: receive RaftClientReply:client-C0E347E82FC5->e6065258-5a2c-4a72-9f81-ed1321f551ca@group-13364FE26125, cid=1844, SUCCESS, logIndex=3072, commits[e6065258-5a2c-4a72-9f81-ed1321f551ca:c3073]
2019-06-14 09:09:37,710 INFO  client.GrpcClientProtocolClient (GrpcClientProtocolClient.java:onNext(254)) - client-C0E347E82FC5->e6065258-5a2c-4a72-9f81-ed1321f551ca: receive RaftClientReply:client-C0E347E82FC5->e6065258-5a2c-4a72-9f81-ed1321f551ca@group-13364FE26125, cid=1845, SUCCESS, logIndex=3074, commits[e6065258-5a2c-4a72-9f81-ed1321f551ca:c3074]
2019-06-14 09:09:37,710 INFO  storage.RaftLogWorker (RaftLogWorker.java:rollLogSegment(303)) - e6065258-5a2c-4a72-9f81-ed1321f551ca-RaftLogWorker: Rolling segment log-3007_3075 to index:3075
2019-06-14 09:09:37,710 INFO  storage.RaftLogWorker (RaftLogWorker.java:execute(433)) - e6065258-5a2c-4a72-9f81-ed1321f551ca-RaftLogWorker: Rolled log segment from /opt/src/hadoop-ozone/integration-test/target/test-dir/MiniOzoneClusterImpl-a56da109-a1cb-4168-8966-62306f2f2d23/datanode-0/data/ratis/920138aa-6f47-4d6d-b5cc-13364fe26125/current/log_inprogress_3007 to /opt/src/hadoop-ozone/integration-test/target/test-dir/MiniOzoneClusterImpl-a56da109-a1cb-4168-8966-62306f2f2d23/datanode-0/data/ratis/920138aa-6f47-4d6d-b5cc-13364fe26125/current/log_3007-3075
2019-06-14 09:09:37,746 INFO  storage.RaftLogWorker (RaftLogWorker.java:execute(469)) - e6065258-5a2c-4a72-9f81-ed1321f551ca-RaftLogWorker: created new log segment /opt/src/hadoop-ozone/integration-test/target/test-dir/MiniOzoneClusterImpl-a56da109-a1cb-4168-8966-62306f2f2d23/datanode-0/data/ratis/920138aa-6f47-4d6d-b5cc-13364fe26125/current/log_inprogress_3076
2019-06-14 09:09:37,748 INFO  client.GrpcClientProtocolClient (GrpcClientProtocolClient.java:onNext(254)) - client-C0E347E82FC5->e6065258-5a2c-4a72-9f81-ed1321f551ca: receive RaftClientReply:client-C0E347E82FC5->e6065258-5a2c-4a72-9f81-ed1321f551ca@group-13364FE26125, cid=1846, SUCCESS, logIndex=3076, commits[e6065258-5a2c-4a72-9f81-ed1321f551ca:c3078]
2019-06-14 09:09:37,748 INFO  client.GrpcClientProtocolClient (GrpcClientProtocolClient.java:onNext(254)) - client-C0E347E82FC5->e6065258-5a2c-4a72-9f81-ed1321f551ca: receive RaftClientReply:client-C0E347E82FC5->e6065258-5a2c-4a72-9f81-ed1321f551ca@group-13364FE26125, cid=1847, SUCCESS, logIndex=3077, commits[e6065258-5a2c-4a72-9f81-ed1321f551ca:c3078]
2019-06-14 09:09:37,748 INFO  client.GrpcClientProtocolClient (GrpcClientProtocolClient.java:onNext(254)) - client-C0E347E82FC5->e6065258-5a2c-4a72-9f81-ed1321f551ca: receive RaftClientReply:client-C0E347E82FC5->e6065258-5a2c-4a72-9f81-ed1321f551ca@group-13364FE26125, cid=1848, SUCCESS, logIndex=3078, commits[e6065258-5a2c-4a72-9f81-ed1321f551ca:c3078]
2019-06-14 09:09:37,752 DEBUG block.SCMBlockDeletingService (SCMBlockDeletingService.java:call(138)) - Running DeletedBlockTransactionScanner
2019-06-14 09:09:37,752 DEBUG block.SCMBlockDeletingService (SCMBlockDeletingService.java:call(155)) - Scanned deleted blocks log and got 0 delTX to process.
2019-06-14 09:09:37,758 INFO  client.GrpcClientProtocolClient (GrpcClientProtocolClient.java:onNext(254)) - client-C0E347E82FC5->e6065258-5a2c-4a72-9f81-ed1321f551ca: receive RaftClientReply:client-C0E347E82FC5->e6065258-5a2c-4a72-9f81-ed1321f551ca@group-13364FE26125, cid=1849, SUCCESS, logIndex=3080, commits[e6065258-5a2c-4a72-9f81-ed1321f551ca:c3080]
2019-06-14 09:09:37,760 INFO  client.GrpcClientProtocolClient (GrpcClientProtocolClient.java:onNext(254)) - client-C0E347E82FC5->e6065258-5a2c-4a72-9f81-ed1321f551ca: receive RaftClientReply:client-C0E347E82FC5->e6065258-5a2c-4a72-9f81-ed1321f551ca@group-13364FE26125, cid=1850, SUCCESS, logIndex=3082, commits[e6065258-5a2c-4a72-9f81-ed1321f551ca:c3084]
2019-06-14 09:09:37,761 INFO  client.GrpcClientProtocolClient (GrpcClientProtocolClient.java:onNext(254)) - client-C0E347E82FC5->e6065258-5a2c-4a72-9f81-ed1321f551ca: receive RaftClientReply:client-C0E347E82FC5->e6065258-5a2c-4a72-9f81-ed1321f551ca@group-13364FE26125, cid=1851, SUCCESS, logIndex=3083, commits[e6065258-5a2c-4a72-9f81-ed1321f551ca:c3084]
2019-06-14 09:09:37,761 INFO  client.GrpcClientProtocolClient (GrpcClientProtocolClient.java:onNext(254)) - client-C0E347E82FC5->e6065258-5a2c-4a72-9f81-ed1321f551ca: receive RaftClientReply:client-C0E347E82FC5->e6065258-5a2c-4a72-9f81-ed1321f551ca@group-13364FE26125, cid=1852, SUCCESS, logIndex=3084, commits[e6065258-5a2c-4a72-9f81-ed1321f551ca:c3084]
2019-06-14 09:09:37,767 INFO  client.GrpcClientProtocolClient (GrpcClientProtocolClient.java:onNext(254)) - client-C0E347E82FC5->e6065258-5a2c-4a72-9f81-ed1321f551ca: receive RaftClientReply:client-C0E347E82FC5->e6065258-5a2c-4a72-9f81-ed1321f551ca@group-13364FE26125, cid=1853, SUCCESS, logIndex=3086, commits[e6065258-5a2c-4a72-9f81-ed1321f551ca:c3086]
2019-06-14 09:09:37,768 INFO  client.GrpcClientProtocolClient (GrpcClientProtocolClient.java:onNext(254)) - client-C0E347E82FC5->e6065258-5a2c-4a72-9f81-ed1321f551ca: receive RaftClientReply:client-C0E347E82FC5->e6065258-5a2c-4a72-9f81-ed1321f551ca@group-13364FE26125, cid=1854, SUCCESS, logIndex=3088, commits[e6065258-5a2c-4a72-9f81-ed1321f551ca:c3088]
2019-06-14 09:09:37,769 INFO  client.GrpcClientProtocolClient (GrpcClientProtocolClient.java:onNext(254)) - client-C0E347E82FC5->e6065258-5a2c-4a72-9f81-ed1321f551ca: receive RaftClientReply:client-C0E347E82FC5->e6065258-5a2c-4a72-9f81-ed1321f551ca@group-13364FE26125, cid=1855, SUCCESS, logIndex=3089, commits[e6065258-5a2c-4a72-9f81-ed1321f551ca:c3091]
2019-06-14 09:09:37,770 INFO  client.GrpcClientProtocolClient (GrpcClientProtocolClient.java:onNext(254)) - client-C0E347E82FC5->e6065258-5a2c-4a72-9f81-ed1321f551ca: receive RaftClientReply:client-C0E347E82FC5->e6065258-5a2c-4a72-9f81-ed1321f551ca@group-13364FE26125, cid=1856, SUCCESS, logIndex=3090, commits[e6065258-5a2c-4a72-9f81-ed1321f551ca:c3091]
2019-06-14 09:09:37,843 INFO  client.GrpcClientProtocolClient (GrpcClientProtocolClient.java:onNext(254)) - client-C0E347E82FC5->e6065258-5a2c-4a72-9f81-ed1321f551ca: receive RaftClientReply:client-C0E347E82FC5->e6065258-5a2c-4a72-9f81-ed1321f551ca@group-13364FE26125, cid=1857, SUCCESS, logIndex=3092, commits[e6065258-5a2c-4a72-9f81-ed1321f551ca:c3092]
2019-06-14 09:09:37,844 INFO  client.GrpcClientProtocolClient (GrpcClientProtocolClient.java:onNext(254)) - client-C0E347E82FC5->e6065258-5a2c-4a72-9f81-ed1321f551ca: receive RaftClientReply:client-C0E347E82FC5->e6065258-5a2c-4a72-9f81-ed1321f551ca@group-13364FE26125, cid=1858, SUCCESS, logIndex=3094, commits[e6065258-5a2c-4a72-9f81-ed1321f551ca:c3094]
2019-06-14 09:09:37,845 INFO  client.GrpcClientProtocolClient (GrpcClientProtocolClient.java:onNext(254)) - client-C0E347E82FC5->e6065258-5a2c-4a72-9f81-ed1321f551ca: receive RaftClientReply:client-C0E347E82FC5->e6065258-5a2c-4a72-9f81-ed1321f551ca@group-13364FE26125, cid=1859, SUCCESS, logIndex=3095, commits[e6065258-5a2c-4a72-9f81-ed1321f551ca:c3097]
2019-06-14 09:09:37,846 INFO  client.GrpcClientProtocolClient (GrpcClientProtocolClient.java:onNext(254)) - client-C0E347E82FC5->e6065258-5a2c-4a72-9f81-ed1321f551ca: receive RaftClientReply:client-C0E347E82FC5->e6065258-5a2c-4a72-9f81-ed1321f551ca@group-13364FE26125, cid=1860, SUCCESS, logIndex=3096, commits[e6065258-5a2c-4a72-9f81-ed1321f551ca:c3097]
2019-06-14 09:09:37,853 DEBUG block.SCMBlockDeletingService (SCMBlockDeletingService.java:call(138)) - Running DeletedBlockTransactionScanner
2019-06-14 09:09:37,853 DEBUG block.SCMBlockDeletingService (SCMBlockDeletingService.java:call(155)) - Scanned deleted blocks log and got 0 delTX to process.
2019-06-14 09:09:37,854 INFO  client.GrpcClientProtocolClient (GrpcClientProtocolClient.java:onNext(254)) - client-C0E347E82FC5->e6065258-5a2c-4a72-9f81-ed1321f551ca: receive RaftClientReply:client-C0E347E82FC5->e6065258-5a2c-4a72-9f81-ed1321f551ca@group-13364FE26125, cid=1861, SUCCESS, logIndex=3098, commits[e6065258-5a2c-4a72-9f81-ed1321f551ca:c3099]
2019-06-14 09:09:37,856 INFO  client.GrpcClientProtocolClient (GrpcClientProtocolClient.java:onNext(254)) - client-C0E347E82FC5->e6065258-5a2c-4a72-9f81-ed1321f551ca: receive RaftClientReply:client-C0E347E82FC5->e6065258-5a2c-4a72-9f81-ed1321f551ca@group-13364FE26125, cid=1862, SUCCESS, logIndex=3100, commits[e6065258-5a2c-4a72-9f81-ed1321f551ca:c3100]
2019-06-14 09:09:37,856 INFO  client.GrpcClientProtocolClient (GrpcClientProtocolClient.java:onNext(254)) - client-C0E347E82FC5->e6065258-5a2c-4a72-9f81-ed1321f551ca: receive RaftClientReply:client-C0E347E82FC5->e6065258-5a2c-4a72-9f81-ed1321f551ca@group-13364FE26125, cid=1863, SUCCESS, logIndex=3101, commits[e6065258-5a2c-4a72-9f81-ed1321f551ca:c3101]
2019-06-14 09:09:37,857 INFO  client.GrpcClientProtocolClient (GrpcClientProtocolClient.java:onNext(254)) - client-C0E347E82FC5->e6065258-5a2c-4a72-9f81-ed1321f551ca: receive RaftClientReply:client-C0E347E82FC5->e6065258-5a2c-4a72-9f81-ed1321f551ca@group-13364FE26125, cid=1864, SUCCESS, logIndex=3103, commits[e6065258-5a2c-4a72-9f81-ed1321f551ca:c3103]
2019-06-14 09:09:37,866 INFO  client.GrpcClientProtocolClient (GrpcClientProtocolClient.java:onNext(254)) - client-C0E347E82FC5->e6065258-5a2c-4a72-9f81-ed1321f551ca: receive RaftClientReply:client-C0E347E82FC5->e6065258-5a2c-4a72-9f81-ed1321f551ca@group-13364FE26125, cid=1865, SUCCESS, logIndex=3106, commits[e6065258-5a2c-4a72-9f81-ed1321f551ca:c3106]
2019-06-14 09:09:37,867 INFO  client.GrpcClientProtocolClient (GrpcClientProtocolClient.java:onNext(254)) - client-C0E347E82FC5->e6065258-5a2c-4a72-9f81-ed1321f551ca: receive RaftClientReply:client-C0E347E82FC5->e6065258-5a2c-4a72-9f81-ed1321f551ca@group-13364FE26125, cid=1866, SUCCESS, logIndex=3108, commits[e6065258-5a2c-4a72-9f81-ed1321f551ca:c3108]
2019-06-14 09:09:37,869 INFO  client.GrpcClientProtocolClient (GrpcClientProtocolClient.java:onNext(254)) - client-C0E347E82FC5->e6065258-5a2c-4a72-9f81-ed1321f551ca: receive RaftClientReply:client-C0E347E82FC5->e6065258-5a2c-4a72-9f81-ed1321f551ca@group-13364FE26125, cid=1867, SUCCESS, logIndex=3109, commits[e6065258-5a2c-4a72-9f81-ed1321f551ca:c3111]
2019-06-14 09:09:37,869 INFO  client.GrpcClientProtocolClient (GrpcClientProtocolClient.java:onNext(254)) - client-C0E347E82FC5->e6065258-5a2c-4a72-9f81-ed1321f551ca: receive RaftClientReply:client-C0E347E82FC5->e6065258-5a2c-4a72-9f81-ed1321f551ca@group-13364FE26125, cid=1868, SUCCESS, logIndex=3110, commits[e6065258-5a2c-4a72-9f81-ed1321f551ca:c3111]
2019-06-14 09:09:37,876 INFO  client.GrpcClientProtocolClient (GrpcClientProtocolClient.java:onNext(254)) - client-C0E347E82FC5->e6065258-5a2c-4a72-9f81-ed1321f551ca: receive RaftClientReply:client-C0E347E82FC5->e6065258-5a2c-4a72-9f81-ed1321f551ca@group-13364FE26125, cid=1869, SUCCESS, logIndex=3112, commits[e6065258-5a2c-4a72-9f81-ed1321f551ca:c3112]
2019-06-14 09:09:37,876 INFO  client.GrpcClientProtocolClient (GrpcClientProtocolClient.java:onNext(254)) - client-C0E347E82FC5->e6065258-5a2c-4a72-9f81-ed1321f551ca: receive RaftClientReply:client-C0E347E82FC5->e6065258-5a2c-4a72-9f81-ed1321f551ca@group-13364FE26125, cid=1870, SUCCESS, logIndex=3114, commits[e6065258-5a2c-4a72-9f81-ed1321f551ca:c3114]
2019-06-14 09:09:37,879 INFO  client.GrpcClientProtocolClient (GrpcClientProtocolClient.java:onNext(254)) - client-C0E347E82FC5->e6065258-5a2c-4a72-9f81-ed1321f551ca: receive RaftClientReply:client-C0E347E82FC5->e6065258-5a2c-4a72-9f81-ed1321f551ca@group-13364FE26125, cid=1871, SUCCESS, logIndex=3116, commits[e6065258-5a2c-4a72-9f81-ed1321f551ca:c3116]
2019-06-14 09:09:37,880 INFO  client.GrpcClientProtocolClient (GrpcClientProtocolClient.java:onNext(254)) - client-C0E347E82FC5->e6065258-5a2c-4a72-9f81-ed1321f551ca: receive RaftClientReply:client-C0E347E82FC5->e6065258-5a2c-4a72-9f81-ed1321f551ca@group-13364FE26125, cid=1872, SUCCESS, logIndex=3118, commits[e6065258-5a2c-4a72-9f81-ed1321f551ca:c3118]
2019-06-14 09:09:37,888 INFO  client.GrpcClientProtocolClient (GrpcClientProtocolClient.java:onNext(254)) - client-C0E347E82FC5->e6065258-5a2c-4a72-9f81-ed1321f551ca: receive RaftClientReply:client-C0E347E82FC5->e6065258-5a2c-4a72-9f81-ed1321f551ca@group-13364FE26125, cid=1873, SUCCESS, logIndex=3120, commits[e6065258-5a2c-4a72-9f81-ed1321f551ca:c3120]
2019-06-14 09:09:37,889 INFO  client.GrpcClientProtocolClient (GrpcClientProtocolClient.java:onNext(254)) - client-C0E347E82FC5->e6065258-5a2c-4a72-9f81-ed1321f551ca: receive RaftClientReply:client-C0E347E82FC5->e6065258-5a2c-4a72-9f81-ed1321f551ca@group-13364FE26125, cid=1874, SUCCESS, logIndex=3122, commits[e6065258-5a2c-4a72-9f81-ed1321f551ca:c3122]
2019-06-14 09:09:37,890 INFO  client.GrpcClientProtocolClient (GrpcClientProtocolClient.java:onNext(254)) - client-C0E347E82FC5->e6065258-5a2c-4a72-9f81-ed1321f551ca: receive RaftClientReply:client-C0E347E82FC5->e6065258-5a2c-4a72-9f81-ed1321f551ca@group-13364FE26125, cid=1875, SUCCESS, logIndex=3123, commits[e6065258-5a2c-4a72-9f81-ed1321f551ca:c3125]
2019-06-14 09:09:37,890 INFO  client.GrpcClientProtocolClient (GrpcClientProtocolClient.java:onNext(254)) - client-C0E347E82FC5->e6065258-5a2c-4a72-9f81-ed1321f551ca: receive RaftClientReply:client-C0E347E82FC5->e6065258-5a2c-4a72-9f81-ed1321f551ca@group-13364FE26125, cid=1876, SUCCESS, logIndex=3124, commits[e6065258-5a2c-4a72-9f81-ed1321f551ca:c3125]
2019-06-14 09:09:37,895 INFO  client.GrpcClientProtocolClient (GrpcClientProtocolClient.java:onNext(254)) - client-C0E347E82FC5->e6065258-5a2c-4a72-9f81-ed1321f551ca: receive RaftClientReply:client-C0E347E82FC5->e6065258-5a2c-4a72-9f81-ed1321f551ca@group-13364FE26125, cid=1877, SUCCESS, logIndex=3126, commits[e6065258-5a2c-4a72-9f81-ed1321f551ca:c3126]
2019-06-14 09:09:37,897 INFO  client.GrpcClientProtocolClient (GrpcClientProtocolClient.java:onNext(254)) - client-C0E347E82FC5->e6065258-5a2c-4a72-9f81-ed1321f551ca: receive RaftClientReply:client-C0E347E82FC5->e6065258-5a2c-4a72-9f81-ed1321f551ca@group-13364FE26125, cid=1878, SUCCESS, logIndex=3128, commits[e6065258-5a2c-4a72-9f81-ed1321f551ca:c3128]
2019-06-14 09:09:37,898 INFO  client.GrpcClientProtocolClient (GrpcClientProtocolClient.java:onNext(254)) - client-C0E347E82FC5->e6065258-5a2c-4a72-9f81-ed1321f551ca: receive RaftClientReply:client-C0E347E82FC5->e6065258-5a2c-4a72-9f81-ed1321f551ca@group-13364FE26125, cid=1879, SUCCESS, logIndex=3129, commits[e6065258-5a2c-4a72-9f81-ed1321f551ca:c3131]
2019-06-14 09:09:37,898 INFO  client.GrpcClientProtocolClient (GrpcClientProtocolClient.java:onNext(254)) - client-C0E347E82FC5->e6065258-5a2c-4a72-9f81-ed1321f551ca: receive RaftClientReply:client-C0E347E82FC5->e6065258-5a2c-4a72-9f81-ed1321f551ca@group-13364FE26125, cid=1880, SUCCESS, logIndex=3130, commits[e6065258-5a2c-4a72-9f81-ed1321f551ca:c3131]
2019-06-14 09:09:37,908 INFO  client.GrpcClientProtocolClient (GrpcClientProtocolClient.java:onNext(254)) - client-C0E347E82FC5->e6065258-5a2c-4a72-9f81-ed1321f551ca: receive RaftClientReply:client-C0E347E82FC5->e6065258-5a2c-4a72-9f81-ed1321f551ca@group-13364FE26125, cid=1881, SUCCESS, logIndex=3132, commits[e6065258-5a2c-4a72-9f81-ed1321f551ca:c3132]
2019-06-14 09:09:37,909 INFO  client.GrpcClientProtocolClient (GrpcClientProtocolClient.java:onNext(254)) - client-C0E347E82FC5->e6065258-5a2c-4a72-9f81-ed1321f551ca: receive RaftClientReply:client-C0E347E82FC5->e6065258-5a2c-4a72-9f81-ed1321f551ca@group-13364FE26125, cid=1882, SUCCESS, logIndex=3134, commits[e6065258-5a2c-4a72-9f81-ed1321f551ca:c3134]
2019-06-14 09:09:37,910 INFO  client.GrpcClientProtocolClient (GrpcClientProtocolClient.java:onNext(254)) - client-C0E347E82FC5->e6065258-5a2c-4a72-9f81-ed1321f551ca: receive RaftClientReply:client-C0E347E82FC5->e6065258-5a2c-4a72-9f81-ed1321f551ca@group-13364FE26125, cid=1883, SUCCESS, logIndex=3135, commits[e6065258-5a2c-4a72-9f81-ed1321f551ca:c3137]
2019-06-14 09:09:37,911 INFO  client.GrpcClientProtocolClient (GrpcClientProtocolClient.java:onNext(254)) - client-C0E347E82FC5->e6065258-5a2c-4a72-9f81-ed1321f551ca: receive RaftClientReply:client-C0E347E82FC5->e6065258-5a2c-4a72-9f81-ed1321f551ca@group-13364FE26125, cid=1884, SUCCESS, logIndex=3136, commits[e6065258-5a2c-4a72-9f81-ed1321f551ca:c3137]
2019-06-14 09:09:37,916 INFO  client.GrpcClientProtocolClient (GrpcClientProtocolClient.java:onNext(254)) - client-C0E347E82FC5->e6065258-5a2c-4a72-9f81-ed1321f551ca: receive RaftClientReply:client-C0E347E82FC5->e6065258-5a2c-4a72-9f81-ed1321f551ca@group-13364FE26125, cid=1885, SUCCESS, logIndex=3138, commits[e6065258-5a2c-4a72-9f81-ed1321f551ca:c3138]
2019-06-14 09:09:37,918 INFO  client.GrpcClientProtocolClient (GrpcClientProtocolClient.java:onNext(254)) - client-C0E347E82FC5->e6065258-5a2c-4a72-9f81-ed1321f551ca: receive RaftClientReply:client-C0E347E82FC5->e6065258-5a2c-4a72-9f81-ed1321f551ca@group-13364FE26125, cid=1886, SUCCESS, logIndex=3140, commits[e6065258-5a2c-4a72-9f81-ed1321f551ca:c3140]
2019-06-14 09:09:37,918 INFO  client.GrpcClientProtocolClient (GrpcClientProtocolClient.java:onNext(254)) - client-C0E347E82FC5->e6065258-5a2c-4a72-9f81-ed1321f551ca: receive RaftClientReply:client-C0E347E82FC5->e6065258-5a2c-4a72-9f81-ed1321f551ca@group-13364FE26125, cid=1887, SUCCESS, logIndex=3142, commits[e6065258-5a2c-4a72-9f81-ed1321f551ca:c3142]
2019-06-14 09:09:37,918 INFO  storage.RaftLogWorker (RaftLogWorker.java:rollLogSegment(303)) - e6065258-5a2c-4a72-9f81-ed1321f551ca-RaftLogWorker: Rolling segment log-3076_3144 to index:3144
2019-06-14 09:09:37,919 INFO  storage.RaftLogWorker (RaftLogWorker.java:execute(433)) - e6065258-5a2c-4a72-9f81-ed1321f551ca-RaftLogWorker: Rolled log segment from /opt/src/hadoop-ozone/integration-test/target/test-dir/MiniOzoneClusterImpl-a56da109-a1cb-4168-8966-62306f2f2d23/datanode-0/data/ratis/920138aa-6f47-4d6d-b5cc-13364fe26125/current/log_inprogress_3076 to /opt/src/hadoop-ozone/integration-test/target/test-dir/MiniOzoneClusterImpl-a56da109-a1cb-4168-8966-62306f2f2d23/datanode-0/data/ratis/920138aa-6f47-4d6d-b5cc-13364fe26125/current/log_3076-3144
2019-06-14 09:09:37,922 INFO  client.GrpcClientProtocolClient (GrpcClientProtocolClient.java:onNext(254)) - client-C0E347E82FC5->e6065258-5a2c-4a72-9f81-ed1321f551ca: receive RaftClientReply:client-C0E347E82FC5->e6065258-5a2c-4a72-9f81-ed1321f551ca@group-13364FE26125, cid=1888, SUCCESS, logIndex=3143, commits[e6065258-5a2c-4a72-9f81-ed1321f551ca:c3143]
2019-06-14 09:09:37,953 DEBUG block.SCMBlockDeletingService (SCMBlockDeletingService.java:call(138)) - Running DeletedBlockTransactionScanner
2019-06-14 09:09:37,954 DEBUG block.SCMBlockDeletingService (SCMBlockDeletingService.java:call(155)) - Scanned deleted blocks log and got 0 delTX to process.
2019-06-14 09:09:37,963 INFO  storage.RaftLogWorker (RaftLogWorker.java:execute(469)) - e6065258-5a2c-4a72-9f81-ed1321f551ca-RaftLogWorker: created new log segment /opt/src/hadoop-ozone/integration-test/target/test-dir/MiniOzoneClusterImpl-a56da109-a1cb-4168-8966-62306f2f2d23/datanode-0/data/ratis/920138aa-6f47-4d6d-b5cc-13364fe26125/current/log_inprogress_3145
2019-06-14 09:09:37,965 INFO  client.GrpcClientProtocolClient (GrpcClientProtocolClient.java:onNext(254)) - client-C0E347E82FC5->e6065258-5a2c-4a72-9f81-ed1321f551ca: receive RaftClientReply:client-C0E347E82FC5->e6065258-5a2c-4a72-9f81-ed1321f551ca@group-13364FE26125, cid=1889, SUCCESS, logIndex=3146, commits[e6065258-5a2c-4a72-9f81-ed1321f551ca:c3146]
2019-06-14 09:09:37,967 INFO  client.GrpcClientProtocolClient (GrpcClientProtocolClient.java:onNext(254)) - client-C0E347E82FC5->e6065258-5a2c-4a72-9f81-ed1321f551ca: receive RaftClientReply:client-C0E347E82FC5->e6065258-5a2c-4a72-9f81-ed1321f551ca@group-13364FE26125, cid=1890, SUCCESS, logIndex=3148, commits[e6065258-5a2c-4a72-9f81-ed1321f551ca:c3148]
2019-06-14 09:09:37,968 INFO  client.GrpcClientProtocolClient (GrpcClientProtocolClient.java:onNext(254)) - client-C0E347E82FC5->e6065258-5a2c-4a72-9f81-ed1321f551ca: receive RaftClientReply:client-C0E347E82FC5->e6065258-5a2c-4a72-9f81-ed1321f551ca@group-13364FE26125, cid=1891, SUCCESS, logIndex=3149, commits[e6065258-5a2c-4a72-9f81-ed1321f551ca:c3151]
2019-06-14 09:09:37,968 INFO  client.GrpcClientProtocolClient (GrpcClientProtocolClient.java:onNext(254)) - client-C0E347E82FC5->e6065258-5a2c-4a72-9f81-ed1321f551ca: receive RaftClientReply:client-C0E347E82FC5->e6065258-5a2c-4a72-9f81-ed1321f551ca@group-13364FE26125, cid=1892, SUCCESS, logIndex=3150, commits[e6065258-5a2c-4a72-9f81-ed1321f551ca:c3151]
2019-06-14 09:09:37,973 INFO  client.GrpcClientProtocolClient (GrpcClientProtocolClient.java:onNext(254)) - client-C0E347E82FC5->e6065258-5a2c-4a72-9f81-ed1321f551ca: receive RaftClientReply:client-C0E347E82FC5->e6065258-5a2c-4a72-9f81-ed1321f551ca@group-13364FE26125, cid=1893, SUCCESS, logIndex=3152, commits[e6065258-5a2c-4a72-9f81-ed1321f551ca:c3152]
2019-06-14 09:09:37,975 INFO  client.GrpcClientProtocolClient (GrpcClientProtocolClient.java:onNext(254)) - client-C0E347E82FC5->e6065258-5a2c-4a72-9f81-ed1321f551ca: receive RaftClientReply:client-C0E347E82FC5->e6065258-5a2c-4a72-9f81-ed1321f551ca@group-13364FE26125, cid=1894, SUCCESS, logIndex=3154, commits[e6065258-5a2c-4a72-9f81-ed1321f551ca:c3154]
2019-06-14 09:09:37,978 INFO  client.GrpcClientProtocolClient (GrpcClientProtocolClient.java:onNext(254)) - client-C0E347E82FC5->e6065258-5a2c-4a72-9f81-ed1321f551ca: receive RaftClientReply:client-C0E347E82FC5->e6065258-5a2c-4a72-9f81-ed1321f551ca@group-13364FE26125, cid=1895, SUCCESS, logIndex=3155, commits[e6065258-5a2c-4a72-9f81-ed1321f551ca:c3157]
2019-06-14 09:09:37,979 INFO  client.GrpcClientProtocolClient (GrpcClientProtocolClient.java:onNext(254)) - client-C0E347E82FC5->e6065258-5a2c-4a72-9f81-ed1321f551ca: receive RaftClientReply:client-C0E347E82FC5->e6065258-5a2c-4a72-9f81-ed1321f551ca@group-13364FE26125, cid=1896, SUCCESS, logIndex=3156, commits[e6065258-5a2c-4a72-9f81-ed1321f551ca:c3157]
2019-06-14 09:09:37,993 INFO  client.GrpcClientProtocolClient (GrpcClientProtocolClient.java:onNext(254)) - client-C0E347E82FC5->e6065258-5a2c-4a72-9f81-ed1321f551ca: receive RaftClientReply:client-C0E347E82FC5->e6065258-5a2c-4a72-9f81-ed1321f551ca@group-13364FE26125, cid=1897, SUCCESS, logIndex=3158, commits[e6065258-5a2c-4a72-9f81-ed1321f551ca:c3158]
2019-06-14 09:09:37,995 INFO  client.GrpcClientProtocolClient (GrpcClientProtocolClient.java:onNext(254)) - client-C0E347E82FC5->e6065258-5a2c-4a72-9f81-ed1321f551ca: receive RaftClientReply:client-C0E347E82FC5->e6065258-5a2c-4a72-9f81-ed1321f551ca@group-13364FE26125, cid=1898, SUCCESS, logIndex=3160, commits[e6065258-5a2c-4a72-9f81-ed1321f551ca:c3160]
2019-06-14 09:09:37,996 INFO  client.GrpcClientProtocolClient (GrpcClientProtocolClient.java:onNext(254)) - client-C0E347E82FC5->e6065258-5a2c-4a72-9f81-ed1321f551ca: receive RaftClientReply:client-C0E347E82FC5->e6065258-5a2c-4a72-9f81-ed1321f551ca@group-13364FE26125, cid=1899, SUCCESS, logIndex=3161, commits[e6065258-5a2c-4a72-9f81-ed1321f551ca:c3162]
2019-06-14 09:09:37,997 INFO  client.GrpcClientProtocolClient (GrpcClientProtocolClient.java:onNext(254)) - client-C0E347E82FC5->e6065258-5a2c-4a72-9f81-ed1321f551ca: receive RaftClientReply:client-C0E347E82FC5->e6065258-5a2c-4a72-9f81-ed1321f551ca@group-13364FE26125, cid=1900, SUCCESS, logIndex=3163, commits[e6065258-5a2c-4a72-9f81-ed1321f551ca:c3163]
2019-06-14 09:09:38,055 DEBUG block.SCMBlockDeletingService (SCMBlockDeletingService.java:call(138)) - Running DeletedBlockTransactionScanner
2019-06-14 09:09:38,055 DEBUG block.SCMBlockDeletingService (SCMBlockDeletingService.java:call(155)) - Scanned deleted blocks log and got 0 delTX to process.
2019-06-14 09:09:38,081 INFO  client.GrpcClientProtocolClient (GrpcClientProtocolClient.java:onNext(254)) - client-C0E347E82FC5->e6065258-5a2c-4a72-9f81-ed1321f551ca: receive RaftClientReply:client-C0E347E82FC5->e6065258-5a2c-4a72-9f81-ed1321f551ca@group-13364FE26125, cid=1901, SUCCESS, logIndex=3165, commits[e6065258-5a2c-4a72-9f81-ed1321f551ca:c3165]
2019-06-14 09:09:38,083 INFO  client.GrpcClientProtocolClient (GrpcClientProtocolClient.java:onNext(254)) - client-C0E347E82FC5->e6065258-5a2c-4a72-9f81-ed1321f551ca: receive RaftClientReply:client-C0E347E82FC5->e6065258-5a2c-4a72-9f81-ed1321f551ca@group-13364FE26125, cid=1902, SUCCESS, logIndex=3167, commits[e6065258-5a2c-4a72-9f81-ed1321f551ca:c3167]
2019-06-14 09:09:38,083 INFO  client.GrpcClientProtocolClient (GrpcClientProtocolClient.java:onNext(254)) - client-C0E347E82FC5->e6065258-5a2c-4a72-9f81-ed1321f551ca: receive RaftClientReply:client-C0E347E82FC5->e6065258-5a2c-4a72-9f81-ed1321f551ca@group-13364FE26125, cid=1903, SUCCESS, logIndex=3168, commits[e6065258-5a2c-4a72-9f81-ed1321f551ca:c3168]
2019-06-14 09:09:38,084 INFO  client.GrpcClientProtocolClient (GrpcClientProtocolClient.java:onNext(254)) - client-C0E347E82FC5->e6065258-5a2c-4a72-9f81-ed1321f551ca: receive RaftClientReply:client-C0E347E82FC5->e6065258-5a2c-4a72-9f81-ed1321f551ca@group-13364FE26125, cid=1904, SUCCESS, logIndex=3170, commits[e6065258-5a2c-4a72-9f81-ed1321f551ca:c3170]
2019-06-14 09:09:38,093 INFO  client.GrpcClientProtocolClient (GrpcClientProtocolClient.java:onNext(254)) - client-C0E347E82FC5->e6065258-5a2c-4a72-9f81-ed1321f551ca: receive RaftClientReply:client-C0E347E82FC5->e6065258-5a2c-4a72-9f81-ed1321f551ca@group-13364FE26125, cid=1905, SUCCESS, logIndex=3173, commits[e6065258-5a2c-4a72-9f81-ed1321f551ca:c3173]
2019-06-14 09:09:38,095 INFO  client.GrpcClientProtocolClient (GrpcClientProtocolClient.java:onNext(254)) - client-C0E347E82FC5->e6065258-5a2c-4a72-9f81-ed1321f551ca: receive RaftClientReply:client-C0E347E82FC5->e6065258-5a2c-4a72-9f81-ed1321f551ca@group-13364FE26125, cid=1906, SUCCESS, logIndex=3175, commits[e6065258-5a2c-4a72-9f81-ed1321f551ca:c3175]
2019-06-14 09:09:38,096 INFO  client.GrpcClientProtocolClient (GrpcClientProtocolClient.java:onNext(254)) - client-C0E347E82FC5->e6065258-5a2c-4a72-9f81-ed1321f551ca: receive RaftClientReply:client-C0E347E82FC5->e6065258-5a2c-4a72-9f81-ed1321f551ca@group-13364FE26125, cid=1907, SUCCESS, logIndex=3176, commits[e6065258-5a2c-4a72-9f81-ed1321f551ca:c3178]
2019-06-14 09:09:38,096 INFO  client.GrpcClientProtocolClient (GrpcClientProtocolClient.java:onNext(254)) - client-C0E347E82FC5->e6065258-5a2c-4a72-9f81-ed1321f551ca: receive RaftClientReply:client-C0E347E82FC5->e6065258-5a2c-4a72-9f81-ed1321f551ca@group-13364FE26125, cid=1908, SUCCESS, logIndex=3178, commits[e6065258-5a2c-4a72-9f81-ed1321f551ca:c3178]
2019-06-14 09:09:38,156 DEBUG block.SCMBlockDeletingService (SCMBlockDeletingService.java:call(138)) - Running DeletedBlockTransactionScanner
2019-06-14 09:09:38,157 DEBUG block.SCMBlockDeletingService (SCMBlockDeletingService.java:call(155)) - Scanned deleted blocks log and got 0 delTX to process.
2019-06-14 09:09:38,157 INFO  client.GrpcClientProtocolClient (GrpcClientProtocolClient.java:onNext(254)) - client-C0E347E82FC5->e6065258-5a2c-4a72-9f81-ed1321f551ca: receive RaftClientReply:client-C0E347E82FC5->e6065258-5a2c-4a72-9f81-ed1321f551ca@group-13364FE26125, cid=1909, SUCCESS, logIndex=3180, commits[e6065258-5a2c-4a72-9f81-ed1321f551ca:c3180]
2019-06-14 09:09:38,166 INFO  client.GrpcClientProtocolClient (GrpcClientProtocolClient.java:onNext(254)) - client-C0E347E82FC5->e6065258-5a2c-4a72-9f81-ed1321f551ca: receive RaftClientReply:client-C0E347E82FC5->e6065258-5a2c-4a72-9f81-ed1321f551ca@group-13364FE26125, cid=1910, SUCCESS, logIndex=3182, commits[e6065258-5a2c-4a72-9f81-ed1321f551ca:c3182]
2019-06-14 09:09:38,169 INFO  client.GrpcClientProtocolClient (GrpcClientProtocolClient.java:onNext(254)) - client-C0E347E82FC5->e6065258-5a2c-4a72-9f81-ed1321f551ca: receive RaftClientReply:client-C0E347E82FC5->e6065258-5a2c-4a72-9f81-ed1321f551ca@group-13364FE26125, cid=1911, SUCCESS, logIndex=3183, commits[e6065258-5a2c-4a72-9f81-ed1321f551ca:c3185]
2019-06-14 09:09:38,173 INFO  client.GrpcClientProtocolClient (GrpcClientProtocolClient.java:onNext(254)) - client-C0E347E82FC5->e6065258-5a2c-4a72-9f81-ed1321f551ca: receive RaftClientReply:client-C0E347E82FC5->e6065258-5a2c-4a72-9f81-ed1321f551ca@group-13364FE26125, cid=1912, SUCCESS, logIndex=3184, commits[e6065258-5a2c-4a72-9f81-ed1321f551ca:c3185]
2019-06-14 09:09:38,187 INFO  client.GrpcClientProtocolClient (GrpcClientProtocolClient.java:onNext(254)) - client-C0E347E82FC5->e6065258-5a2c-4a72-9f81-ed1321f551ca: receive RaftClientReply:client-C0E347E82FC5->e6065258-5a2c-4a72-9f81-ed1321f551ca@group-13364FE26125, cid=1913, SUCCESS, logIndex=3186, commits[e6065258-5a2c-4a72-9f81-ed1321f551ca:c3186]
2019-06-14 09:09:38,190 INFO  client.GrpcClientProtocolClient (GrpcClientProtocolClient.java:onNext(254)) - client-C0E347E82FC5->e6065258-5a2c-4a72-9f81-ed1321f551ca: receive RaftClientReply:client-C0E347E82FC5->e6065258-5a2c-4a72-9f81-ed1321f551ca@group-13364FE26125, cid=1914, SUCCESS, logIndex=3188, commits[e6065258-5a2c-4a72-9f81-ed1321f551ca:c3190]
2019-06-14 09:09:38,190 INFO  client.GrpcClientProtocolClient (GrpcClientProtocolClient.java:onNext(254)) - client-C0E347E82FC5->e6065258-5a2c-4a72-9f81-ed1321f551ca: receive RaftClientReply:client-C0E347E82FC5->e6065258-5a2c-4a72-9f81-ed1321f551ca@group-13364FE26125, cid=1915, SUCCESS, logIndex=3189, commits[e6065258-5a2c-4a72-9f81-ed1321f551ca:c3190]
2019-06-14 09:09:38,190 INFO  client.GrpcClientProtocolClient (GrpcClientProtocolClient.java:onNext(254)) - client-C0E347E82FC5->e6065258-5a2c-4a72-9f81-ed1321f551ca: receive RaftClientReply:client-C0E347E82FC5->e6065258-5a2c-4a72-9f81-ed1321f551ca@group-13364FE26125, cid=1916, SUCCESS, logIndex=3190, commits[e6065258-5a2c-4a72-9f81-ed1321f551ca:c3190]
2019-06-14 09:09:38,202 INFO  client.GrpcClientProtocolClient (GrpcClientProtocolClient.java:onNext(254)) - client-C0E347E82FC5->e6065258-5a2c-4a72-9f81-ed1321f551ca: receive RaftClientReply:client-C0E347E82FC5->e6065258-5a2c-4a72-9f81-ed1321f551ca@group-13364FE26125, cid=1917, SUCCESS, logIndex=3192, commits[e6065258-5a2c-4a72-9f81-ed1321f551ca:c3192]
2019-06-14 09:09:38,206 INFO  client.GrpcClientProtocolClient (GrpcClientProtocolClient.java:onNext(254)) - client-C0E347E82FC5->e6065258-5a2c-4a72-9f81-ed1321f551ca: receive RaftClientReply:client-C0E347E82FC5->e6065258-5a2c-4a72-9f81-ed1321f551ca@group-13364FE26125, cid=1918, SUCCESS, logIndex=3194, commits[e6065258-5a2c-4a72-9f81-ed1321f551ca:c3194]
2019-06-14 09:09:38,210 INFO  client.GrpcClientProtocolClient (GrpcClientProtocolClient.java:onNext(254)) - client-C0E347E82FC5->e6065258-5a2c-4a72-9f81-ed1321f551ca: receive RaftClientReply:client-C0E347E82FC5->e6065258-5a2c-4a72-9f81-ed1321f551ca@group-13364FE26125, cid=1919, SUCCESS, logIndex=3195, commits[e6065258-5a2c-4a72-9f81-ed1321f551ca:c3197]
2019-06-14 09:09:38,210 INFO  client.GrpcClientProtocolClient (GrpcClientProtocolClient.java:onNext(254)) - client-C0E347E82FC5->e6065258-5a2c-4a72-9f81-ed1321f551ca: receive RaftClientReply:client-C0E347E82FC5->e6065258-5a2c-4a72-9f81-ed1321f551ca@group-13364FE26125, cid=1920, SUCCESS, logIndex=3196, commits[e6065258-5a2c-4a72-9f81-ed1321f551ca:c3197]
2019-06-14 09:09:38,223 INFO  client.GrpcClientProtocolClient (GrpcClientProtocolClient.java:onNext(254)) - client-C0E347E82FC5->e6065258-5a2c-4a72-9f81-ed1321f551ca: receive RaftClientReply:client-C0E347E82FC5->e6065258-5a2c-4a72-9f81-ed1321f551ca@group-13364FE26125, cid=1921, SUCCESS, logIndex=3198, commits[e6065258-5a2c-4a72-9f81-ed1321f551ca:c3198]
2019-06-14 09:09:38,226 INFO  client.GrpcClientProtocolClient (GrpcClientProtocolClient.java:onNext(254)) - client-C0E347E82FC5->e6065258-5a2c-4a72-9f81-ed1321f551ca: receive RaftClientReply:client-C0E347E82FC5->e6065258-5a2c-4a72-9f81-ed1321f551ca@group-13364FE26125, cid=1922, SUCCESS, logIndex=3200, commits[e6065258-5a2c-4a72-9f81-ed1321f551ca:c3202]
2019-06-14 09:09:38,226 INFO  client.GrpcClientProtocolClient (GrpcClientProtocolClient.java:onNext(254)) - client-C0E347E82FC5->e6065258-5a2c-4a72-9f81-ed1321f551ca: receive RaftClientReply:client-C0E347E82FC5->e6065258-5a2c-4a72-9f81-ed1321f551ca@group-13364FE26125, cid=1923, SUCCESS, logIndex=3201, commits[e6065258-5a2c-4a72-9f81-ed1321f551ca:c3202]
2019-06-14 09:09:38,227 INFO  client.GrpcClientProtocolClient (GrpcClientProtocolClient.java:onNext(254)) - client-C0E347E82FC5->e6065258-5a2c-4a72-9f81-ed1321f551ca: receive RaftClientReply:client-C0E347E82FC5->e6065258-5a2c-4a72-9f81-ed1321f551ca@group-13364FE26125, cid=1924, SUCCESS, logIndex=3202, commits[e6065258-5a2c-4a72-9f81-ed1321f551ca:c3202]
2019-06-14 09:09:38,238 INFO  client.GrpcClientProtocolClient (GrpcClientProtocolClient.java:onNext(254)) - client-C0E347E82FC5->e6065258-5a2c-4a72-9f81-ed1321f551ca: receive RaftClientReply:client-C0E347E82FC5->e6065258-5a2c-4a72-9f81-ed1321f551ca@group-13364FE26125, cid=1925, SUCCESS, logIndex=3204, commits[e6065258-5a2c-4a72-9f81-ed1321f551ca:c3204]
2019-06-14 09:09:38,240 INFO  client.GrpcClientProtocolClient (GrpcClientProtocolClient.java:onNext(254)) - client-C0E347E82FC5->e6065258-5a2c-4a72-9f81-ed1321f551ca: receive RaftClientReply:client-C0E347E82FC5->e6065258-5a2c-4a72-9f81-ed1321f551ca@group-13364FE26125, cid=1926, SUCCESS, logIndex=3206, commits[e6065258-5a2c-4a72-9f81-ed1321f551ca:c3208]
2019-06-14 09:09:38,242 INFO  client.GrpcClientProtocolClient (GrpcClientProtocolClient.java:onNext(254)) - client-C0E347E82FC5->e6065258-5a2c-4a72-9f81-ed1321f551ca: receive RaftClientReply:client-C0E347E82FC5->e6065258-5a2c-4a72-9f81-ed1321f551ca@group-13364FE26125, cid=1927, SUCCESS, logIndex=3207, commits[e6065258-5a2c-4a72-9f81-ed1321f551ca:c3208]
2019-06-14 09:09:38,246 INFO  client.GrpcClientProtocolClient (GrpcClientProtocolClient.java:onNext(254)) - client-C0E347E82FC5->e6065258-5a2c-4a72-9f81-ed1321f551ca: receive RaftClientReply:client-C0E347E82FC5->e6065258-5a2c-4a72-9f81-ed1321f551ca@group-13364FE26125, cid=1928, SUCCESS, logIndex=3208, commits[e6065258-5a2c-4a72-9f81-ed1321f551ca:c3209]
2019-06-14 09:09:38,255 INFO  client.GrpcClientProtocolClient (GrpcClientProtocolClient.java:onNext(254)) - client-C0E347E82FC5->e6065258-5a2c-4a72-9f81-ed1321f551ca: receive RaftClientReply:client-C0E347E82FC5->e6065258-5a2c-4a72-9f81-ed1321f551ca@group-13364FE26125, cid=1929, SUCCESS, logIndex=3210, commits[e6065258-5a2c-4a72-9f81-ed1321f551ca:c3210]
2019-06-14 09:09:38,257 DEBUG block.SCMBlockDeletingService (SCMBlockDeletingService.java:call(138)) - Running DeletedBlockTransactionScanner
2019-06-14 09:09:38,257 DEBUG block.SCMBlockDeletingService (SCMBlockDeletingService.java:call(155)) - Scanned deleted blocks log and got 0 delTX to process.
2019-06-14 09:09:38,258 INFO  client.GrpcClientProtocolClient (GrpcClientProtocolClient.java:onNext(254)) - client-C0E347E82FC5->e6065258-5a2c-4a72-9f81-ed1321f551ca: receive RaftClientReply:client-C0E347E82FC5->e6065258-5a2c-4a72-9f81-ed1321f551ca@group-13364FE26125, cid=1930, SUCCESS, logIndex=3212, commits[e6065258-5a2c-4a72-9f81-ed1321f551ca:c3214]
2019-06-14 09:09:38,258 INFO  client.GrpcClientProtocolClient (GrpcClientProtocolClient.java:onNext(254)) - client-C0E347E82FC5->e6065258-5a2c-4a72-9f81-ed1321f551ca: receive RaftClientReply:client-C0E347E82FC5->e6065258-5a2c-4a72-9f81-ed1321f551ca@group-13364FE26125, cid=1931, SUCCESS, logIndex=3213, commits[e6065258-5a2c-4a72-9f81-ed1321f551ca:c3214]
2019-06-14 09:09:38,258 INFO  client.GrpcClientProtocolClient (GrpcClientProtocolClient.java:onNext(254)) - client-C0E347E82FC5->e6065258-5a2c-4a72-9f81-ed1321f551ca: receive RaftClientReply:client-C0E347E82FC5->e6065258-5a2c-4a72-9f81-ed1321f551ca@group-13364FE26125, cid=1932, SUCCESS, logIndex=3214, commits[e6065258-5a2c-4a72-9f81-ed1321f551ca:c3215]
2019-06-14 09:09:38,262 INFO  storage.RaftLogWorker (RaftLogWorker.java:rollLogSegment(303)) - e6065258-5a2c-4a72-9f81-ed1321f551ca-RaftLogWorker: Rolling segment log-3145_3215 to index:3215
2019-06-14 09:09:38,263 INFO  storage.RaftLogWorker (RaftLogWorker.java:execute(433)) - e6065258-5a2c-4a72-9f81-ed1321f551ca-RaftLogWorker: Rolled log segment from /opt/src/hadoop-ozone/integration-test/target/test-dir/MiniOzoneClusterImpl-a56da109-a1cb-4168-8966-62306f2f2d23/datanode-0/data/ratis/920138aa-6f47-4d6d-b5cc-13364fe26125/current/log_inprogress_3145 to /opt/src/hadoop-ozone/integration-test/target/test-dir/MiniOzoneClusterImpl-a56da109-a1cb-4168-8966-62306f2f2d23/datanode-0/data/ratis/920138aa-6f47-4d6d-b5cc-13364fe26125/current/log_3145-3215
2019-06-14 09:09:38,305 INFO  storage.RaftLogWorker (RaftLogWorker.java:execute(469)) - e6065258-5a2c-4a72-9f81-ed1321f551ca-RaftLogWorker: created new log segment /opt/src/hadoop-ozone/integration-test/target/test-dir/MiniOzoneClusterImpl-a56da109-a1cb-4168-8966-62306f2f2d23/datanode-0/data/ratis/920138aa-6f47-4d6d-b5cc-13364fe26125/current/log_inprogress_3216
2019-06-14 09:09:38,307 INFO  client.GrpcClientProtocolClient (GrpcClientProtocolClient.java:onNext(254)) - client-C0E347E82FC5->e6065258-5a2c-4a72-9f81-ed1321f551ca: receive RaftClientReply:client-C0E347E82FC5->e6065258-5a2c-4a72-9f81-ed1321f551ca@group-13364FE26125, cid=1933, SUCCESS, logIndex=3216, commits[e6065258-5a2c-4a72-9f81-ed1321f551ca:c3216]
2019-06-14 09:09:38,308 INFO  client.GrpcClientProtocolClient (GrpcClientProtocolClient.java:onNext(254)) - client-C0E347E82FC5->e6065258-5a2c-4a72-9f81-ed1321f551ca: receive RaftClientReply:client-C0E347E82FC5->e6065258-5a2c-4a72-9f81-ed1321f551ca@group-13364FE26125, cid=1934, SUCCESS, logIndex=3218, commits[e6065258-5a2c-4a72-9f81-ed1321f551ca:c3218]
2019-06-14 09:09:38,311 INFO  client.GrpcClientProtocolClient (GrpcClientProtocolClient.java:onNext(254)) - client-C0E347E82FC5->e6065258-5a2c-4a72-9f81-ed1321f551ca: receive RaftClientReply:client-C0E347E82FC5->e6065258-5a2c-4a72-9f81-ed1321f551ca@group-13364FE26125, cid=1935, SUCCESS, logIndex=3219, commits[e6065258-5a2c-4a72-9f81-ed1321f551ca:c3221]
2019-06-14 09:09:38,314 INFO  client.GrpcClientProtocolClient (GrpcClientProtocolClient.java:onNext(254)) - client-C0E347E82FC5->e6065258-5a2c-4a72-9f81-ed1321f551ca: receive RaftClientReply:client-C0E347E82FC5->e6065258-5a2c-4a72-9f81-ed1321f551ca@group-13364FE26125, cid=1936, SUCCESS, logIndex=3220, commits[e6065258-5a2c-4a72-9f81-ed1321f551ca:c3221]
2019-06-14 09:09:38,326 INFO  client.GrpcClientProtocolClient (GrpcClientProtocolClient.java:onNext(254)) - client-C0E347E82FC5->e6065258-5a2c-4a72-9f81-ed1321f551ca: receive RaftClientReply:client-C0E347E82FC5->e6065258-5a2c-4a72-9f81-ed1321f551ca@group-13364FE26125, cid=1937, SUCCESS, logIndex=3222, commits[e6065258-5a2c-4a72-9f81-ed1321f551ca:c3222]
2019-06-14 09:09:38,329 INFO  client.GrpcClientProtocolClient (GrpcClientProtocolClient.java:onNext(254)) - client-C0E347E82FC5->e6065258-5a2c-4a72-9f81-ed1321f551ca: receive RaftClientReply:client-C0E347E82FC5->e6065258-5a2c-4a72-9f81-ed1321f551ca@group-13364FE26125, cid=1938, SUCCESS, logIndex=3224, commits[e6065258-5a2c-4a72-9f81-ed1321f551ca:c3224]
2019-06-14 09:09:38,337 INFO  client.GrpcClientProtocolClient (GrpcClientProtocolClient.java:onNext(254)) - client-C0E347E82FC5->e6065258-5a2c-4a72-9f81-ed1321f551ca: receive RaftClientReply:client-C0E347E82FC5->e6065258-5a2c-4a72-9f81-ed1321f551ca@group-13364FE26125, cid=1939, SUCCESS, logIndex=3225, commits[e6065258-5a2c-4a72-9f81-ed1321f551ca:c3227]
2019-06-14 09:09:38,338 INFO  client.GrpcClientProtocolClient (GrpcClientProtocolClient.java:onNext(254)) - client-C0E347E82FC5->e6065258-5a2c-4a72-9f81-ed1321f551ca: receive RaftClientReply:client-C0E347E82FC5->e6065258-5a2c-4a72-9f81-ed1321f551ca@group-13364FE26125, cid=1940, SUCCESS, logIndex=3226, commits[e6065258-5a2c-4a72-9f81-ed1321f551ca:c3227]
2019-06-14 09:09:38,343 INFO  client.GrpcClientProtocolClient (GrpcClientProtocolClient.java:onNext(254)) - client-C0E347E82FC5->e6065258-5a2c-4a72-9f81-ed1321f551ca: receive RaftClientReply:client-C0E347E82FC5->e6065258-5a2c-4a72-9f81-ed1321f551ca@group-13364FE26125, cid=1941, SUCCESS, logIndex=3228, commits[e6065258-5a2c-4a72-9f81-ed1321f551ca:c3228]
2019-06-14 09:09:38,346 INFO  client.GrpcClientProtocolClient (GrpcClientProtocolClient.java:onNext(254)) - client-C0E347E82FC5->e6065258-5a2c-4a72-9f81-ed1321f551ca: receive RaftClientReply:client-C0E347E82FC5->e6065258-5a2c-4a72-9f81-ed1321f551ca@group-13364FE26125, cid=1942, SUCCESS, logIndex=3230, commits[e6065258-5a2c-4a72-9f81-ed1321f551ca:c3230]
2019-06-14 09:09:38,348 INFO  client.GrpcClientProtocolClient (GrpcClientProtocolClient.java:onNext(254)) - client-C0E347E82FC5->e6065258-5a2c-4a72-9f81-ed1321f551ca: receive RaftClientReply:client-C0E347E82FC5->e6065258-5a2c-4a72-9f81-ed1321f551ca@group-13364FE26125, cid=1943, SUCCESS, logIndex=3232, commits[e6065258-5a2c-4a72-9f81-ed1321f551ca:c3233]
2019-06-14 09:09:38,348 INFO  client.GrpcClientProtocolClient (GrpcClientProtocolClient.java:onNext(254)) - client-C0E347E82FC5->e6065258-5a2c-4a72-9f81-ed1321f551ca: receive RaftClientReply:client-C0E347E82FC5->e6065258-5a2c-4a72-9f81-ed1321f551ca@group-13364FE26125, cid=1944, SUCCESS, logIndex=3233, commits[e6065258-5a2c-4a72-9f81-ed1321f551ca:c3233]
2019-06-14 09:09:38,358 DEBUG block.SCMBlockDeletingService (SCMBlockDeletingService.java:call(138)) - Running DeletedBlockTransactionScanner
2019-06-14 09:09:38,358 DEBUG block.SCMBlockDeletingService (SCMBlockDeletingService.java:call(155)) - Scanned deleted blocks log and got 0 delTX to process.
2019-06-14 09:09:38,432 INFO  client.GrpcClientProtocolClient (GrpcClientProtocolClient.java:onNext(254)) - client-C0E347E82FC5->e6065258-5a2c-4a72-9f81-ed1321f551ca: receive RaftClientReply:client-C0E347E82FC5->e6065258-5a2c-4a72-9f81-ed1321f551ca@group-13364FE26125, cid=1945, SUCCESS, logIndex=3235, commits[e6065258-5a2c-4a72-9f81-ed1321f551ca:c3235]
2019-06-14 09:09:38,433 INFO  client.GrpcClientProtocolClient (GrpcClientProtocolClient.java:onNext(254)) - client-C0E347E82FC5->e6065258-5a2c-4a72-9f81-ed1321f551ca: receive RaftClientReply:client-C0E347E82FC5->e6065258-5a2c-4a72-9f81-ed1321f551ca@group-13364FE26125, cid=1946, SUCCESS, logIndex=3237, commits[e6065258-5a2c-4a72-9f81-ed1321f551ca:c3237]
2019-06-14 09:09:38,434 INFO  client.GrpcClientProtocolClient (GrpcClientProtocolClient.java:onNext(254)) - client-C0E347E82FC5->e6065258-5a2c-4a72-9f81-ed1321f551ca: receive RaftClientReply:client-C0E347E82FC5->e6065258-5a2c-4a72-9f81-ed1321f551ca@group-13364FE26125, cid=1947, SUCCESS, logIndex=3238, commits[e6065258-5a2c-4a72-9f81-ed1321f551ca:c3240]
2019-06-14 09:09:38,435 INFO  client.GrpcClientProtocolClient (GrpcClientProtocolClient.java:onNext(254)) - client-C0E347E82FC5->e6065258-5a2c-4a72-9f81-ed1321f551ca: receive RaftClientReply:client-C0E347E82FC5->e6065258-5a2c-4a72-9f81-ed1321f551ca@group-13364FE26125, cid=1948, SUCCESS, logIndex=3239, commits[e6065258-5a2c-4a72-9f81-ed1321f551ca:c3240]
2019-06-14 09:09:38,439 INFO  client.GrpcClientProtocolClient (GrpcClientProtocolClient.java:onNext(254)) - client-C0E347E82FC5->e6065258-5a2c-4a72-9f81-ed1321f551ca: receive RaftClientReply:client-C0E347E82FC5->e6065258-5a2c-4a72-9f81-ed1321f551ca@group-13364FE26125, cid=1949, SUCCESS, logIndex=3241, commits[e6065258-5a2c-4a72-9f81-ed1321f551ca:c3241]
2019-06-14 09:09:38,441 INFO  client.GrpcClientProtocolClient (GrpcClientProtocolClient.java:onNext(254)) - client-C0E347E82FC5->e6065258-5a2c-4a72-9f81-ed1321f551ca: receive RaftClientReply:client-C0E347E82FC5->e6065258-5a2c-4a72-9f81-ed1321f551ca@group-13364FE26125, cid=1950, SUCCESS, logIndex=3243, commits[e6065258-5a2c-4a72-9f81-ed1321f551ca:c3243]
2019-06-14 09:09:38,442 INFO  client.GrpcClientProtocolClient (GrpcClientProtocolClient.java:onNext(254)) - client-C0E347E82FC5->e6065258-5a2c-4a72-9f81-ed1321f551ca: receive RaftClientReply:client-C0E347E82FC5->e6065258-5a2c-4a72-9f81-ed1321f551ca@group-13364FE26125, cid=1951, SUCCESS, logIndex=3244, commits[e6065258-5a2c-4a72-9f81-ed1321f551ca:c3246]
2019-06-14 09:09:38,442 INFO  client.GrpcClientProtocolClient (GrpcClientProtocolClient.java:onNext(254)) - client-C0E347E82FC5->e6065258-5a2c-4a72-9f81-ed1321f551ca: receive RaftClientReply:client-C0E347E82FC5->e6065258-5a2c-4a72-9f81-ed1321f551ca@group-13364FE26125, cid=1952, SUCCESS, logIndex=3245, commits[e6065258-5a2c-4a72-9f81-ed1321f551ca:c3246]
2019-06-14 09:09:38,451 INFO  client.GrpcClientProtocolClient (GrpcClientProtocolClient.java:onNext(254)) - client-C0E347E82FC5->e6065258-5a2c-4a72-9f81-ed1321f551ca: receive RaftClientReply:client-C0E347E82FC5->e6065258-5a2c-4a72-9f81-ed1321f551ca@group-13364FE26125, cid=1953, SUCCESS, logIndex=3247, commits[e6065258-5a2c-4a72-9f81-ed1321f551ca:c3247]
2019-06-14 09:09:38,453 INFO  client.GrpcClientProtocolClient (GrpcClientProtocolClient.java:onNext(254)) - client-C0E347E82FC5->e6065258-5a2c-4a72-9f81-ed1321f551ca: receive RaftClientReply:client-C0E347E82FC5->e6065258-5a2c-4a72-9f81-ed1321f551ca@group-13364FE26125, cid=1954, SUCCESS, logIndex=3249, commits[e6065258-5a2c-4a72-9f81-ed1321f551ca:c3249]
2019-06-14 09:09:38,454 INFO  client.GrpcClientProtocolClient (GrpcClientProtocolClient.java:onNext(254)) - client-C0E347E82FC5->e6065258-5a2c-4a72-9f81-ed1321f551ca: receive RaftClientReply:client-C0E347E82FC5->e6065258-5a2c-4a72-9f81-ed1321f551ca@group-13364FE26125, cid=1955, SUCCESS, logIndex=3250, commits[e6065258-5a2c-4a72-9f81-ed1321f551ca:c3252]
2019-06-14 09:09:38,454 INFO  client.GrpcClientProtocolClient (GrpcClientProtocolClient.java:onNext(254)) - client-C0E347E82FC5->e6065258-5a2c-4a72-9f81-ed1321f551ca: receive RaftClientReply:client-C0E347E82FC5->e6065258-5a2c-4a72-9f81-ed1321f551ca@group-13364FE26125, cid=1956, SUCCESS, logIndex=3251, commits[e6065258-5a2c-4a72-9f81-ed1321f551ca:c3252]
2019-06-14 09:09:38,458 DEBUG block.SCMBlockDeletingService (SCMBlockDeletingService.java:call(138)) - Running DeletedBlockTransactionScanner
2019-06-14 09:09:38,458 DEBUG block.SCMBlockDeletingService (SCMBlockDeletingService.java:call(155)) - Scanned deleted blocks log and got 0 delTX to process.
2019-06-14 09:09:38,459 INFO  client.GrpcClientProtocolClient (GrpcClientProtocolClient.java:onNext(254)) - client-C0E347E82FC5->e6065258-5a2c-4a72-9f81-ed1321f551ca: receive RaftClientReply:client-C0E347E82FC5->e6065258-5a2c-4a72-9f81-ed1321f551ca@group-13364FE26125, cid=1957, SUCCESS, logIndex=3253, commits[e6065258-5a2c-4a72-9f81-ed1321f551ca:c3253]
2019-06-14 09:09:38,460 INFO  client.GrpcClientProtocolClient (GrpcClientProtocolClient.java:onNext(254)) - client-C0E347E82FC5->e6065258-5a2c-4a72-9f81-ed1321f551ca: receive RaftClientReply:client-C0E347E82FC5->e6065258-5a2c-4a72-9f81-ed1321f551ca@group-13364FE26125, cid=1958, SUCCESS, logIndex=3255, commits[e6065258-5a2c-4a72-9f81-ed1321f551ca:c3255]
2019-06-14 09:09:38,461 INFO  client.GrpcClientProtocolClient (GrpcClientProtocolClient.java:onNext(254)) - client-C0E347E82FC5->e6065258-5a2c-4a72-9f81-ed1321f551ca: receive RaftClientReply:client-C0E347E82FC5->e6065258-5a2c-4a72-9f81-ed1321f551ca@group-13364FE26125, cid=1959, SUCCESS, logIndex=3256, commits[e6065258-5a2c-4a72-9f81-ed1321f551ca:c3258]
2019-06-14 09:09:38,462 INFO  client.GrpcClientProtocolClient (GrpcClientProtocolClient.java:onNext(254)) - client-C0E347E82FC5->e6065258-5a2c-4a72-9f81-ed1321f551ca: receive RaftClientReply:client-C0E347E82FC5->e6065258-5a2c-4a72-9f81-ed1321f551ca@group-13364FE26125, cid=1960, SUCCESS, logIndex=3257, commits[e6065258-5a2c-4a72-9f81-ed1321f551ca:c3258]
2019-06-14 09:09:38,470 INFO  client.GrpcClientProtocolClient (GrpcClientProtocolClient.java:onNext(254)) - client-C0E347E82FC5->e6065258-5a2c-4a72-9f81-ed1321f551ca: receive RaftClientReply:client-C0E347E82FC5->e6065258-5a2c-4a72-9f81-ed1321f551ca@group-13364FE26125, cid=1961, SUCCESS, logIndex=3259, commits[e6065258-5a2c-4a72-9f81-ed1321f551ca:c3259]
2019-06-14 09:09:38,471 INFO  client.GrpcClientProtocolClient (GrpcClientProtocolClient.java:onNext(254)) - client-C0E347E82FC5->e6065258-5a2c-4a72-9f81-ed1321f551ca: receive RaftClientReply:client-C0E347E82FC5->e6065258-5a2c-4a72-9f81-ed1321f551ca@group-13364FE26125, cid=1962, SUCCESS, logIndex=3261, commits[e6065258-5a2c-4a72-9f81-ed1321f551ca:c3261]
2019-06-14 09:09:38,472 INFO  client.GrpcClientProtocolClient (GrpcClientProtocolClient.java:onNext(254)) - client-C0E347E82FC5->e6065258-5a2c-4a72-9f81-ed1321f551ca: receive RaftClientReply:client-C0E347E82FC5->e6065258-5a2c-4a72-9f81-ed1321f551ca@group-13364FE26125, cid=1963, SUCCESS, logIndex=3262, commits[e6065258-5a2c-4a72-9f81-ed1321f551ca:c3264]
2019-06-14 09:09:38,472 INFO  client.GrpcClientProtocolClient (GrpcClientProtocolClient.java:onNext(254)) - client-C0E347E82FC5->e6065258-5a2c-4a72-9f81-ed1321f551ca: receive RaftClientReply:client-C0E347E82FC5->e6065258-5a2c-4a72-9f81-ed1321f551ca@group-13364FE26125, cid=1964, SUCCESS, logIndex=3263, commits[e6065258-5a2c-4a72-9f81-ed1321f551ca:c3264]
2019-06-14 09:09:38,478 INFO  client.GrpcClientProtocolClient (GrpcClientProtocolClient.java:onNext(254)) - client-C0E347E82FC5->e6065258-5a2c-4a72-9f81-ed1321f551ca: receive RaftClientReply:client-C0E347E82FC5->e6065258-5a2c-4a72-9f81-ed1321f551ca@group-13364FE26125, cid=1965, SUCCESS, logIndex=3265, commits[e6065258-5a2c-4a72-9f81-ed1321f551ca:c3265]
2019-06-14 09:09:38,479 INFO  client.GrpcClientProtocolClient (GrpcClientProtocolClient.java:onNext(254)) - client-C0E347E82FC5->e6065258-5a2c-4a72-9f81-ed1321f551ca: receive RaftClientReply:client-C0E347E82FC5->e6065258-5a2c-4a72-9f81-ed1321f551ca@group-13364FE26125, cid=1966, SUCCESS, logIndex=3267, commits[e6065258-5a2c-4a72-9f81-ed1321f551ca:c3267]
2019-06-14 09:09:38,480 INFO  client.GrpcClientProtocolClient (GrpcClientProtocolClient.java:onNext(254)) - client-C0E347E82FC5->e6065258-5a2c-4a72-9f81-ed1321f551ca: receive RaftClientReply:client-C0E347E82FC5->e6065258-5a2c-4a72-9f81-ed1321f551ca@group-13364FE26125, cid=1967, SUCCESS, logIndex=3268, commits[e6065258-5a2c-4a72-9f81-ed1321f551ca:c3268]
2019-06-14 09:09:38,482 INFO  client.GrpcClientProtocolClient (GrpcClientProtocolClient.java:onNext(254)) - client-C0E347E82FC5->e6065258-5a2c-4a72-9f81-ed1321f551ca: receive RaftClientReply:client-C0E347E82FC5->e6065258-5a2c-4a72-9f81-ed1321f551ca@group-13364FE26125, cid=1968, SUCCESS, logIndex=3270, commits[e6065258-5a2c-4a72-9f81-ed1321f551ca:c3270]
2019-06-14 09:09:38,491 INFO  client.GrpcClientProtocolClient (GrpcClientProtocolClient.java:onNext(254)) - client-C0E347E82FC5->e6065258-5a2c-4a72-9f81-ed1321f551ca: receive RaftClientReply:client-C0E347E82FC5->e6065258-5a2c-4a72-9f81-ed1321f551ca@group-13364FE26125, cid=1969, SUCCESS, logIndex=3273, commits[e6065258-5a2c-4a72-9f81-ed1321f551ca:c3273]
2019-06-14 09:09:38,494 INFO  client.GrpcClientProtocolClient (GrpcClientProtocolClient.java:onNext(254)) - client-C0E347E82FC5->e6065258-5a2c-4a72-9f81-ed1321f551ca: receive RaftClientReply:client-C0E347E82FC5->e6065258-5a2c-4a72-9f81-ed1321f551ca@group-13364FE26125, cid=1970, SUCCESS, logIndex=3275, commits[e6065258-5a2c-4a72-9f81-ed1321f551ca:c3275]
2019-06-14 09:09:38,494 INFO  client.GrpcClientProtocolClient (GrpcClientProtocolClient.java:onNext(254)) - client-C0E347E82FC5->e6065258-5a2c-4a72-9f81-ed1321f551ca: receive RaftClientReply:client-C0E347E82FC5->e6065258-5a2c-4a72-9f81-ed1321f551ca@group-13364FE26125, cid=1971, SUCCESS, logIndex=3276, commits[e6065258-5a2c-4a72-9f81-ed1321f551ca:c3278]
2019-06-14 09:09:38,494 INFO  client.GrpcClientProtocolClient (GrpcClientProtocolClient.java:onNext(254)) - client-C0E347E82FC5->e6065258-5a2c-4a72-9f81-ed1321f551ca: receive RaftClientReply:client-C0E347E82FC5->e6065258-5a2c-4a72-9f81-ed1321f551ca@group-13364FE26125, cid=1972, SUCCESS, logIndex=3277, commits[e6065258-5a2c-4a72-9f81-ed1321f551ca:c3278]
2019-06-14 09:09:38,499 INFO  client.GrpcClientProtocolClient (GrpcClientProtocolClient.java:onNext(254)) - client-C0E347E82FC5->e6065258-5a2c-4a72-9f81-ed1321f551ca: receive RaftClientReply:client-C0E347E82FC5->e6065258-5a2c-4a72-9f81-ed1321f551ca@group-13364FE26125, cid=1973, SUCCESS, logIndex=3279, commits[e6065258-5a2c-4a72-9f81-ed1321f551ca:c3279]
2019-06-14 09:09:38,500 INFO  storage.RaftLogWorker (RaftLogWorker.java:rollLogSegment(303)) - e6065258-5a2c-4a72-9f81-ed1321f551ca-RaftLogWorker: Rolling segment log-3216_3282 to index:3282
2019-06-14 09:09:38,501 INFO  client.GrpcClientProtocolClient (GrpcClientProtocolClient.java:onNext(254)) - client-C0E347E82FC5->e6065258-5a2c-4a72-9f81-ed1321f551ca: receive RaftClientReply:client-C0E347E82FC5->e6065258-5a2c-4a72-9f81-ed1321f551ca@group-13364FE26125, cid=1974, SUCCESS, logIndex=3281, commits[e6065258-5a2c-4a72-9f81-ed1321f551ca:c3281]
2019-06-14 09:09:38,501 INFO  storage.RaftLogWorker (RaftLogWorker.java:execute(433)) - e6065258-5a2c-4a72-9f81-ed1321f551ca-RaftLogWorker: Rolled log segment from /opt/src/hadoop-ozone/integration-test/target/test-dir/MiniOzoneClusterImpl-a56da109-a1cb-4168-8966-62306f2f2d23/datanode-0/data/ratis/920138aa-6f47-4d6d-b5cc-13364fe26125/current/log_inprogress_3216 to /opt/src/hadoop-ozone/integration-test/target/test-dir/MiniOzoneClusterImpl-a56da109-a1cb-4168-8966-62306f2f2d23/datanode-0/data/ratis/920138aa-6f47-4d6d-b5cc-13364fe26125/current/log_3216-3282
2019-06-14 09:09:38,502 INFO  client.GrpcClientProtocolClient (GrpcClientProtocolClient.java:onNext(254)) - client-C0E347E82FC5->e6065258-5a2c-4a72-9f81-ed1321f551ca: receive RaftClientReply:client-C0E347E82FC5->e6065258-5a2c-4a72-9f81-ed1321f551ca@group-13364FE26125, cid=1975, SUCCESS, logIndex=3282, commits[e6065258-5a2c-4a72-9f81-ed1321f551ca:c3282]
2019-06-14 09:09:38,536 INFO  storage.RaftLogWorker (RaftLogWorker.java:execute(469)) - e6065258-5a2c-4a72-9f81-ed1321f551ca-RaftLogWorker: created new log segment /opt/src/hadoop-ozone/integration-test/target/test-dir/MiniOzoneClusterImpl-a56da109-a1cb-4168-8966-62306f2f2d23/datanode-0/data/ratis/920138aa-6f47-4d6d-b5cc-13364fe26125/current/log_inprogress_3283
2019-06-14 09:09:38,538 INFO  client.GrpcClientProtocolClient (GrpcClientProtocolClient.java:onNext(254)) - client-C0E347E82FC5->e6065258-5a2c-4a72-9f81-ed1321f551ca: receive RaftClientReply:client-C0E347E82FC5->e6065258-5a2c-4a72-9f81-ed1321f551ca@group-13364FE26125, cid=1976, SUCCESS, logIndex=3283, commits[e6065258-5a2c-4a72-9f81-ed1321f551ca:c3285]
2019-06-14 09:09:38,548 INFO  client.GrpcClientProtocolClient (GrpcClientProtocolClient.java:onNext(254)) - client-C0E347E82FC5->e6065258-5a2c-4a72-9f81-ed1321f551ca: receive RaftClientReply:client-C0E347E82FC5->e6065258-5a2c-4a72-9f81-ed1321f551ca@group-13364FE26125, cid=1977, SUCCESS, logIndex=3286, commits[e6065258-5a2c-4a72-9f81-ed1321f551ca:c3286]
2019-06-14 09:09:38,550 INFO  client.GrpcClientProtocolClient (GrpcClientProtocolClient.java:onNext(254)) - client-C0E347E82FC5->e6065258-5a2c-4a72-9f81-ed1321f551ca: receive RaftClientReply:client-C0E347E82FC5->e6065258-5a2c-4a72-9f81-ed1321f551ca@group-13364FE26125, cid=1978, SUCCESS, logIndex=3288, commits[e6065258-5a2c-4a72-9f81-ed1321f551ca:c3288]
2019-06-14 09:09:38,550 INFO  client.GrpcClientProtocolClient (GrpcClientProtocolClient.java:onNext(254)) - client-C0E347E82FC5->e6065258-5a2c-4a72-9f81-ed1321f551ca: receive RaftClientReply:client-C0E347E82FC5->e6065258-5a2c-4a72-9f81-ed1321f551ca@group-13364FE26125, cid=1979, SUCCESS, logIndex=3289, commits[e6065258-5a2c-4a72-9f81-ed1321f551ca:c3291]
2019-06-14 09:09:38,551 INFO  client.GrpcClientProtocolClient (GrpcClientProtocolClient.java:onNext(254)) - client-C0E347E82FC5->e6065258-5a2c-4a72-9f81-ed1321f551ca: receive RaftClientReply:client-C0E347E82FC5->e6065258-5a2c-4a72-9f81-ed1321f551ca@group-13364FE26125, cid=1980, SUCCESS, logIndex=3290, commits[e6065258-5a2c-4a72-9f81-ed1321f551ca:c3291]
2019-06-14 09:09:38,555 INFO  client.GrpcClientProtocolClient (GrpcClientProtocolClient.java:onNext(254)) - client-C0E347E82FC5->e6065258-5a2c-4a72-9f81-ed1321f551ca: receive RaftClientReply:client-C0E347E82FC5->e6065258-5a2c-4a72-9f81-ed1321f551ca@group-13364FE26125, cid=1981, SUCCESS, logIndex=3292, commits[e6065258-5a2c-4a72-9f81-ed1321f551ca:c3292]
2019-06-14 09:09:38,557 INFO  client.GrpcClientProtocolClient (GrpcClientProtocolClient.java:onNext(254)) - client-C0E347E82FC5->e6065258-5a2c-4a72-9f81-ed1321f551ca: receive RaftClientReply:client-C0E347E82FC5->e6065258-5a2c-4a72-9f81-ed1321f551ca@group-13364FE26125, cid=1982, SUCCESS, logIndex=3294, commits[e6065258-5a2c-4a72-9f81-ed1321f551ca:c3294]
2019-06-14 09:09:38,558 INFO  client.GrpcClientProtocolClient (GrpcClientProtocolClient.java:onNext(254)) - client-C0E347E82FC5->e6065258-5a2c-4a72-9f81-ed1321f551ca: receive RaftClientReply:client-C0E347E82FC5->e6065258-5a2c-4a72-9f81-ed1321f551ca@group-13364FE26125, cid=1983, SUCCESS, logIndex=3295, commits[e6065258-5a2c-4a72-9f81-ed1321f551ca:c3297]
2019-06-14 09:09:38,558 INFO  client.GrpcClientProtocolClient (GrpcClientProtocolClient.java:onNext(254)) - client-C0E347E82FC5->e6065258-5a2c-4a72-9f81-ed1321f551ca: receive RaftClientReply:client-C0E347E82FC5->e6065258-5a2c-4a72-9f81-ed1321f551ca@group-13364FE26125, cid=1984, SUCCESS, logIndex=3296, commits[e6065258-5a2c-4a72-9f81-ed1321f551ca:c3297]
2019-06-14 09:09:38,558 DEBUG block.SCMBlockDeletingService (SCMBlockDeletingService.java:call(138)) - Running DeletedBlockTransactionScanner
2019-06-14 09:09:38,559 DEBUG block.SCMBlockDeletingService (SCMBlockDeletingService.java:call(155)) - Scanned deleted blocks log and got 0 delTX to process.
2019-06-14 09:09:38,567 INFO  client.GrpcClientProtocolClient (GrpcClientProtocolClient.java:onNext(254)) - client-C0E347E82FC5->e6065258-5a2c-4a72-9f81-ed1321f551ca: receive RaftClientReply:client-C0E347E82FC5->e6065258-5a2c-4a72-9f81-ed1321f551ca@group-13364FE26125, cid=1985, SUCCESS, logIndex=3298, commits[e6065258-5a2c-4a72-9f81-ed1321f551ca:c3298]
2019-06-14 09:09:38,568 INFO  client.GrpcClientProtocolClient (GrpcClientProtocolClient.java:onNext(254)) - client-C0E347E82FC5->e6065258-5a2c-4a72-9f81-ed1321f551ca: receive RaftClientReply:client-C0E347E82FC5->e6065258-5a2c-4a72-9f81-ed1321f551ca@group-13364FE26125, cid=1986, SUCCESS, logIndex=3300, commits[e6065258-5a2c-4a72-9f81-ed1321f551ca:c3300]
2019-06-14 09:09:38,570 INFO  client.GrpcClientProtocolClient (GrpcClientProtocolClient.java:onNext(254)) - client-C0E347E82FC5->e6065258-5a2c-4a72-9f81-ed1321f551ca: receive RaftClientReply:client-C0E347E82FC5->e6065258-5a2c-4a72-9f81-ed1321f551ca@group-13364FE26125, cid=1987, SUCCESS, logIndex=3301, commits[e6065258-5a2c-4a72-9f81-ed1321f551ca:c3303]
2019-06-14 09:09:38,570 INFO  client.GrpcClientProtocolClient (GrpcClientProtocolClient.java:onNext(254)) - client-C0E347E82FC5->e6065258-5a2c-4a72-9f81-ed1321f551ca: receive RaftClientReply:client-C0E347E82FC5->e6065258-5a2c-4a72-9f81-ed1321f551ca@group-13364FE26125, cid=1988, SUCCESS, logIndex=3302, commits[e6065258-5a2c-4a72-9f81-ed1321f551ca:c3303]
2019-06-14 09:09:38,640 INFO  client.GrpcClientProtocolClient (GrpcClientProtocolClient.java:onNext(254)) - client-C0E347E82FC5->e6065258-5a2c-4a72-9f81-ed1321f551ca: receive RaftClientReply:client-C0E347E82FC5->e6065258-5a2c-4a72-9f81-ed1321f551ca@group-13364FE26125, cid=1989, SUCCESS, logIndex=3304, commits[e6065258-5a2c-4a72-9f81-ed1321f551ca:c3304]
2019-06-14 09:09:38,641 INFO  client.GrpcClientProtocolClient (GrpcClientProtocolClient.java:onNext(254)) - client-C0E347E82FC5->e6065258-5a2c-4a72-9f81-ed1321f551ca: receive RaftClientReply:client-C0E347E82FC5->e6065258-5a2c-4a72-9f81-ed1321f551ca@group-13364FE26125, cid=1990, SUCCESS, logIndex=3306, commits[e6065258-5a2c-4a72-9f81-ed1321f551ca:c3306]
2019-06-14 09:09:38,642 INFO  client.GrpcClientProtocolClient (GrpcClientProtocolClient.java:onNext(254)) - client-C0E347E82FC5->e6065258-5a2c-4a72-9f81-ed1321f551ca: receive RaftClientReply:client-C0E347E82FC5->e6065258-5a2c-4a72-9f81-ed1321f551ca@group-13364FE26125, cid=1991, SUCCESS, logIndex=3307, commits[e6065258-5a2c-4a72-9f81-ed1321f551ca:c3309]
2019-06-14 09:09:38,642 INFO  client.GrpcClientProtocolClient (GrpcClientProtocolClient.java:onNext(254)) - client-C0E347E82FC5->e6065258-5a2c-4a72-9f81-ed1321f551ca: receive RaftClientReply:client-C0E347E82FC5->e6065258-5a2c-4a72-9f81-ed1321f551ca@group-13364FE26125, cid=1992, SUCCESS, logIndex=3308, commits[e6065258-5a2c-4a72-9f81-ed1321f551ca:c3309]
2019-06-14 09:09:38,686 DEBUG block.SCMBlockDeletingService (SCMBlockDeletingService.java:call(138)) - Running DeletedBlockTransactionScanner
2019-06-14 09:09:38,686 DEBUG block.SCMBlockDeletingService (SCMBlockDeletingService.java:call(155)) - Scanned deleted blocks log and got 0 delTX to process.
2019-06-14 09:09:38,694 INFO  client.GrpcClientProtocolClient (GrpcClientProtocolClient.java:onNext(254)) - client-C0E347E82FC5->e6065258-5a2c-4a72-9f81-ed1321f551ca: receive RaftClientReply:client-C0E347E82FC5->e6065258-5a2c-4a72-9f81-ed1321f551ca@group-13364FE26125, cid=1993, SUCCESS, logIndex=3310, commits[e6065258-5a2c-4a72-9f81-ed1321f551ca:c3310]
2019-06-14 09:09:38,695 INFO  client.GrpcClientProtocolClient (GrpcClientProtocolClient.java:onNext(254)) - client-C0E347E82FC5->e6065258-5a2c-4a72-9f81-ed1321f551ca: receive RaftClientReply:client-C0E347E82FC5->e6065258-5a2c-4a72-9f81-ed1321f551ca@group-13364FE26125, cid=1994, SUCCESS, logIndex=3312, commits[e6065258-5a2c-4a72-9f81-ed1321f551ca:c3312]
2019-06-14 09:09:38,696 INFO  client.GrpcClientProtocolClient (GrpcClientProtocolClient.java:onNext(254)) - client-C0E347E82FC5->e6065258-5a2c-4a72-9f81-ed1321f551ca: receive RaftClientReply:client-C0E347E82FC5->e6065258-5a2c-4a72-9f81-ed1321f551ca@group-13364FE26125, cid=1995, SUCCESS, logIndex=3313, commits[e6065258-5a2c-4a72-9f81-ed1321f551ca:c3315]
2019-06-14 09:09:38,696 INFO  client.GrpcClientProtocolClient (GrpcClientProtocolClient.java:onNext(254)) - client-C0E347E82FC5->e6065258-5a2c-4a72-9f81-ed1321f551ca: receive RaftClientReply:client-C0E347E82FC5->e6065258-5a2c-4a72-9f81-ed1321f551ca@group-13364FE26125, cid=1996, SUCCESS, logIndex=3314, commits[e6065258-5a2c-4a72-9f81-ed1321f551ca:c3315]
2019-06-14 09:09:38,701 INFO  client.GrpcClientProtocolClient (GrpcClientProtocolClient.java:onNext(254)) - client-C0E347E82FC5->e6065258-5a2c-4a72-9f81-ed1321f551ca: receive RaftClientReply:client-C0E347E82FC5->e6065258-5a2c-4a72-9f81-ed1321f551ca@group-13364FE26125, cid=1997, SUCCESS, logIndex=3316, commits[e6065258-5a2c-4a72-9f81-ed1321f551ca:c3316]
2019-06-14 09:09:38,703 INFO  client.GrpcClientProtocolClient (GrpcClientProtocolClient.java:onNext(254)) - client-C0E347E82FC5->e6065258-5a2c-4a72-9f81-ed1321f551ca: receive RaftClientReply:client-C0E347E82FC5->e6065258-5a2c-4a72-9f81-ed1321f551ca@group-13364FE26125, cid=1998, SUCCESS, logIndex=3318, commits[e6065258-5a2c-4a72-9f81-ed1321f551ca:c3318]
2019-06-14 09:09:38,704 INFO  client.GrpcClientProtocolClient (GrpcClientProtocolClient.java:onNext(254)) - client-C0E347E82FC5->e6065258-5a2c-4a72-9f81-ed1321f551ca: receive RaftClientReply:client-C0E347E82FC5->e6065258-5a2c-4a72-9f81-ed1321f551ca@group-13364FE26125, cid=1999, SUCCESS, logIndex=3319, commits[e6065258-5a2c-4a72-9f81-ed1321f551ca:c3321]
2019-06-14 09:09:38,704 INFO  client.GrpcClientProtocolClient (GrpcClientProtocolClient.java:onNext(254)) - client-C0E347E82FC5->e6065258-5a2c-4a72-9f81-ed1321f551ca: receive RaftClientReply:client-C0E347E82FC5->e6065258-5a2c-4a72-9f81-ed1321f551ca@group-13364FE26125, cid=2000, SUCCESS, logIndex=3320, commits[e6065258-5a2c-4a72-9f81-ed1321f551ca:c3321]
2019-06-14 09:09:38,713 INFO  client.GrpcClientProtocolClient (GrpcClientProtocolClient.java:onNext(254)) - client-C0E347E82FC5->e6065258-5a2c-4a72-9f81-ed1321f551ca: receive RaftClientReply:client-C0E347E82FC5->e6065258-5a2c-4a72-9f81-ed1321f551ca@group-13364FE26125, cid=2001, SUCCESS, logIndex=3322, commits[e6065258-5a2c-4a72-9f81-ed1321f551ca:c3322]
2019-06-14 09:09:38,718 INFO  client.GrpcClientProtocolClient (GrpcClientProtocolClient.java:onNext(254)) - client-C0E347E82FC5->e6065258-5a2c-4a72-9f81-ed1321f551ca: receive RaftClientReply:client-C0E347E82FC5->e6065258-5a2c-4a72-9f81-ed1321f551ca@group-13364FE26125, cid=2002, SUCCESS, logIndex=3324, commits[e6065258-5a2c-4a72-9f81-ed1321f551ca:c3324]
2019-06-14 09:09:38,721 INFO  client.GrpcClientProtocolClient (GrpcClientProtocolClient.java:onNext(254)) - client-C0E347E82FC5->e6065258-5a2c-4a72-9f81-ed1321f551ca: receive RaftClientReply:client-C0E347E82FC5->e6065258-5a2c-4a72-9f81-ed1321f551ca@group-13364FE26125, cid=2003, SUCCESS, logIndex=3325, commits[e6065258-5a2c-4a72-9f81-ed1321f551ca:c3327]
2019-06-14 09:09:38,722 INFO  client.GrpcClientProtocolClient (GrpcClientProtocolClient.java:onNext(254)) - client-C0E347E82FC5->e6065258-5a2c-4a72-9f81-ed1321f551ca: receive RaftClientReply:client-C0E347E82FC5->e6065258-5a2c-4a72-9f81-ed1321f551ca@group-13364FE26125, cid=2004, SUCCESS, logIndex=3326, commits[e6065258-5a2c-4a72-9f81-ed1321f551ca:c3327]
2019-06-14 09:09:38,727 INFO  client.GrpcClientProtocolClient (GrpcClientProtocolClient.java:onNext(254)) - client-C0E347E82FC5->e6065258-5a2c-4a72-9f81-ed1321f551ca: receive RaftClientReply:client-C0E347E82FC5->e6065258-5a2c-4a72-9f81-ed1321f551ca@group-13364FE26125, cid=2005, SUCCESS, logIndex=3328, commits[e6065258-5a2c-4a72-9f81-ed1321f551ca:c3328]
2019-06-14 09:09:38,729 INFO  client.GrpcClientProtocolClient (GrpcClientProtocolClient.java:onNext(254)) - client-C0E347E82FC5->e6065258-5a2c-4a72-9f81-ed1321f551ca: receive RaftClientReply:client-C0E347E82FC5->e6065258-5a2c-4a72-9f81-ed1321f551ca@group-13364FE26125, cid=2006, SUCCESS, logIndex=3330, commits[e6065258-5a2c-4a72-9f81-ed1321f551ca:c3330]
2019-06-14 09:09:38,730 INFO  client.GrpcClientProtocolClient (GrpcClientProtocolClient.java:onNext(254)) - client-C0E347E82FC5->e6065258-5a2c-4a72-9f81-ed1321f551ca: receive RaftClientReply:client-C0E347E82FC5->e6065258-5a2c-4a72-9f81-ed1321f551ca@group-13364FE26125, cid=2007, SUCCESS, logIndex=3331, commits[e6065258-5a2c-4a72-9f81-ed1321f551ca:c3333]
2019-06-14 09:09:38,730 INFO  client.GrpcClientProtocolClient (GrpcClientProtocolClient.java:onNext(254)) - client-C0E347E82FC5->e6065258-5a2c-4a72-9f81-ed1321f551ca: receive RaftClientReply:client-C0E347E82FC5->e6065258-5a2c-4a72-9f81-ed1321f551ca@group-13364FE26125, cid=2008, SUCCESS, logIndex=3332, commits[e6065258-5a2c-4a72-9f81-ed1321f551ca:c3333]
2019-06-14 09:09:38,739 INFO  client.GrpcClientProtocolClient (GrpcClientProtocolClient.java:onNext(254)) - client-C0E347E82FC5->e6065258-5a2c-4a72-9f81-ed1321f551ca: receive RaftClientReply:client-C0E347E82FC5->e6065258-5a2c-4a72-9f81-ed1321f551ca@group-13364FE26125, cid=2009, SUCCESS, logIndex=3334, commits[e6065258-5a2c-4a72-9f81-ed1321f551ca:c3334]
2019-06-14 09:09:38,741 INFO  client.GrpcClientProtocolClient (GrpcClientProtocolClient.java:onNext(254)) - client-C0E347E82FC5->e6065258-5a2c-4a72-9f81-ed1321f551ca: receive RaftClientReply:client-C0E347E82FC5->e6065258-5a2c-4a72-9f81-ed1321f551ca@group-13364FE26125, cid=2010, SUCCESS, logIndex=3336, commits[e6065258-5a2c-4a72-9f81-ed1321f551ca:c3336]
2019-06-14 09:09:38,742 INFO  client.GrpcClientProtocolClient (GrpcClientProtocolClient.java:onNext(254)) - client-C0E347E82FC5->e6065258-5a2c-4a72-9f81-ed1321f551ca: receive RaftClientReply:client-C0E347E82FC5->e6065258-5a2c-4a72-9f81-ed1321f551ca@group-13364FE26125, cid=2011, SUCCESS, logIndex=3337, commits[e6065258-5a2c-4a72-9f81-ed1321f551ca:c3338]
2019-06-14 09:09:38,742 INFO  client.GrpcClientProtocolClient (GrpcClientProtocolClient.java:onNext(254)) - client-C0E347E82FC5->e6065258-5a2c-4a72-9f81-ed1321f551ca: receive RaftClientReply:client-C0E347E82FC5->e6065258-5a2c-4a72-9f81-ed1321f551ca@group-13364FE26125, cid=2012, SUCCESS, logIndex=3338, commits[e6065258-5a2c-4a72-9f81-ed1321f551ca:c3338]
2019-06-14 09:09:38,747 INFO  client.GrpcClientProtocolClient (GrpcClientProtocolClient.java:onNext(254)) - client-C0E347E82FC5->e6065258-5a2c-4a72-9f81-ed1321f551ca: receive RaftClientReply:client-C0E347E82FC5->e6065258-5a2c-4a72-9f81-ed1321f551ca@group-13364FE26125, cid=2013, SUCCESS, logIndex=3341, commits[e6065258-5a2c-4a72-9f81-ed1321f551ca:c3341]
2019-06-14 09:09:38,748 INFO  client.GrpcClientProtocolClient (GrpcClientProtocolClient.java:onNext(254)) - client-C0E347E82FC5->e6065258-5a2c-4a72-9f81-ed1321f551ca: receive RaftClientReply:client-C0E347E82FC5->e6065258-5a2c-4a72-9f81-ed1321f551ca@group-13364FE26125, cid=2014, SUCCESS, logIndex=3343, commits[e6065258-5a2c-4a72-9f81-ed1321f551ca:c3343]
2019-06-14 09:09:38,749 INFO  client.GrpcClientProtocolClient (GrpcClientProtocolClient.java:onNext(254)) - client-C0E347E82FC5->e6065258-5a2c-4a72-9f81-ed1321f551ca: receive RaftClientReply:client-C0E347E82FC5->e6065258-5a2c-4a72-9f81-ed1321f551ca@group-13364FE26125, cid=2015, SUCCESS, logIndex=3344, commits[e6065258-5a2c-4a72-9f81-ed1321f551ca:c3346]
2019-06-14 09:09:38,749 INFO  client.GrpcClientProtocolClient (GrpcClientProtocolClient.java:onNext(254)) - client-C0E347E82FC5->e6065258-5a2c-4a72-9f81-ed1321f551ca: receive RaftClientReply:client-C0E347E82FC5->e6065258-5a2c-4a72-9f81-ed1321f551ca@group-13364FE26125, cid=2016, SUCCESS, logIndex=3345, commits[e6065258-5a2c-4a72-9f81-ed1321f551ca:c3346]
2019-06-14 09:09:38,759 INFO  client.GrpcClientProtocolClient (GrpcClientProtocolClient.java:onNext(254)) - client-C0E347E82FC5->e6065258-5a2c-4a72-9f81-ed1321f551ca: receive RaftClientReply:client-C0E347E82FC5->e6065258-5a2c-4a72-9f81-ed1321f551ca@group-13364FE26125, cid=2017, SUCCESS, logIndex=3347, commits[e6065258-5a2c-4a72-9f81-ed1321f551ca:c3347]
2019-06-14 09:09:38,759 INFO  storage.RaftLogWorker (RaftLogWorker.java:rollLogSegment(303)) - e6065258-5a2c-4a72-9f81-ed1321f551ca-RaftLogWorker: Rolling segment log-3283_3349 to index:3349
2019-06-14 09:09:38,759 INFO  storage.RaftLogWorker (RaftLogWorker.java:execute(433)) - e6065258-5a2c-4a72-9f81-ed1321f551ca-RaftLogWorker: Rolled log segment from /opt/src/hadoop-ozone/integration-test/target/test-dir/MiniOzoneClusterImpl-a56da109-a1cb-4168-8966-62306f2f2d23/datanode-0/data/ratis/920138aa-6f47-4d6d-b5cc-13364fe26125/current/log_inprogress_3283 to /opt/src/hadoop-ozone/integration-test/target/test-dir/MiniOzoneClusterImpl-a56da109-a1cb-4168-8966-62306f2f2d23/datanode-0/data/ratis/920138aa-6f47-4d6d-b5cc-13364fe26125/current/log_3283-3349
2019-06-14 09:09:38,762 INFO  client.GrpcClientProtocolClient (GrpcClientProtocolClient.java:onNext(254)) - client-C0E347E82FC5->e6065258-5a2c-4a72-9f81-ed1321f551ca: receive RaftClientReply:client-C0E347E82FC5->e6065258-5a2c-4a72-9f81-ed1321f551ca@group-13364FE26125, cid=2018, SUCCESS, logIndex=3349, commits[e6065258-5a2c-4a72-9f81-ed1321f551ca:c3349]
2019-06-14 09:09:38,786 DEBUG block.SCMBlockDeletingService (SCMBlockDeletingService.java:call(138)) - Running DeletedBlockTransactionScanner
2019-06-14 09:09:38,787 DEBUG block.SCMBlockDeletingService (SCMBlockDeletingService.java:call(155)) - Scanned deleted blocks log and got 0 delTX to process.
2019-06-14 09:09:38,794 INFO  storage.RaftLogWorker (RaftLogWorker.java:execute(469)) - e6065258-5a2c-4a72-9f81-ed1321f551ca-RaftLogWorker: created new log segment /opt/src/hadoop-ozone/integration-test/target/test-dir/MiniOzoneClusterImpl-a56da109-a1cb-4168-8966-62306f2f2d23/datanode-0/data/ratis/920138aa-6f47-4d6d-b5cc-13364fe26125/current/log_inprogress_3350
2019-06-14 09:09:38,795 INFO  client.GrpcClientProtocolClient (GrpcClientProtocolClient.java:onNext(254)) - client-C0E347E82FC5->e6065258-5a2c-4a72-9f81-ed1321f551ca: receive RaftClientReply:client-C0E347E82FC5->e6065258-5a2c-4a72-9f81-ed1321f551ca@group-13364FE26125, cid=2019, SUCCESS, logIndex=3350, commits[e6065258-5a2c-4a72-9f81-ed1321f551ca:c3352]
2019-06-14 09:09:38,796 INFO  client.GrpcClientProtocolClient (GrpcClientProtocolClient.java:onNext(254)) - client-C0E347E82FC5->e6065258-5a2c-4a72-9f81-ed1321f551ca: receive RaftClientReply:client-C0E347E82FC5->e6065258-5a2c-4a72-9f81-ed1321f551ca@group-13364FE26125, cid=2020, SUCCESS, logIndex=3351, commits[e6065258-5a2c-4a72-9f81-ed1321f551ca:c3352]
2019-06-14 09:09:38,801 INFO  client.GrpcClientProtocolClient (GrpcClientProtocolClient.java:onNext(254)) - client-C0E347E82FC5->e6065258-5a2c-4a72-9f81-ed1321f551ca: receive RaftClientReply:client-C0E347E82FC5->e6065258-5a2c-4a72-9f81-ed1321f551ca@group-13364FE26125, cid=2021, SUCCESS, logIndex=3353, commits[e6065258-5a2c-4a72-9f81-ed1321f551ca:c3353]
2019-06-14 09:09:38,802 INFO  client.GrpcClientProtocolClient (GrpcClientProtocolClient.java:onNext(254)) - client-C0E347E82FC5->e6065258-5a2c-4a72-9f81-ed1321f551ca: receive RaftClientReply:client-C0E347E82FC5->e6065258-5a2c-4a72-9f81-ed1321f551ca@group-13364FE26125, cid=2022, SUCCESS, logIndex=3355, commits[e6065258-5a2c-4a72-9f81-ed1321f551ca:c3355]
2019-06-14 09:09:38,803 INFO  client.GrpcClientProtocolClient (GrpcClientProtocolClient.java:onNext(254)) - client-C0E347E82FC5->e6065258-5a2c-4a72-9f81-ed1321f551ca: receive RaftClientReply:client-C0E347E82FC5->e6065258-5a2c-4a72-9f81-ed1321f551ca@group-13364FE26125, cid=2023, SUCCESS, logIndex=3356, commits[e6065258-5a2c-4a72-9f81-ed1321f551ca:c3358]
2019-06-14 09:09:38,803 INFO  client.GrpcClientProtocolClient (GrpcClientProtocolClient.java:onNext(254)) - client-C0E347E82FC5->e6065258-5a2c-4a72-9f81-ed1321f551ca: receive RaftClientReply:client-C0E347E82FC5->e6065258-5a2c-4a72-9f81-ed1321f551ca@group-13364FE26125, cid=2024, SUCCESS, logIndex=3357, commits[e6065258-5a2c-4a72-9f81-ed1321f551ca:c3358]
2019-06-14 09:09:38,812 INFO  client.GrpcClientProtocolClient (GrpcClientProtocolClient.java:onNext(254)) - client-C0E347E82FC5->e6065258-5a2c-4a72-9f81-ed1321f551ca: receive RaftClientReply:client-C0E347E82FC5->e6065258-5a2c-4a72-9f81-ed1321f551ca@group-13364FE26125, cid=2025, SUCCESS, logIndex=3359, commits[e6065258-5a2c-4a72-9f81-ed1321f551ca:c3359]
2019-06-14 09:09:38,813 INFO  client.GrpcClientProtocolClient (GrpcClientProtocolClient.java:onNext(254)) - client-C0E347E82FC5->e6065258-5a2c-4a72-9f81-ed1321f551ca: receive RaftClientReply:client-C0E347E82FC5->e6065258-5a2c-4a72-9f81-ed1321f551ca@group-13364FE26125, cid=2026, SUCCESS, logIndex=3361, commits[e6065258-5a2c-4a72-9f81-ed1321f551ca:c3361]
2019-06-14 09:09:38,814 INFO  client.GrpcClientProtocolClient (GrpcClientProtocolClient.java:onNext(254)) - client-C0E347E82FC5->e6065258-5a2c-4a72-9f81-ed1321f551ca: receive RaftClientReply:client-C0E347E82FC5->e6065258-5a2c-4a72-9f81-ed1321f551ca@group-13364FE26125, cid=2027, SUCCESS, logIndex=3362, commits[e6065258-5a2c-4a72-9f81-ed1321f551ca:c3364]
2019-06-14 09:09:38,814 INFO  client.GrpcClientProtocolClient (GrpcClientProtocolClient.java:onNext(254)) - client-C0E347E82FC5->e6065258-5a2c-4a72-9f81-ed1321f551ca: receive RaftClientReply:client-C0E347E82FC5->e6065258-5a2c-4a72-9f81-ed1321f551ca@group-13364FE26125, cid=2028, SUCCESS, logIndex=3363, commits[e6065258-5a2c-4a72-9f81-ed1321f551ca:c3364]
2019-06-14 09:09:38,819 INFO  client.GrpcClientProtocolClient (GrpcClientProtocolClient.java:onNext(254)) - client-C0E347E82FC5->e6065258-5a2c-4a72-9f81-ed1321f551ca: receive RaftClientReply:client-C0E347E82FC5->e6065258-5a2c-4a72-9f81-ed1321f551ca@group-13364FE26125, cid=2029, SUCCESS, logIndex=3365, commits[e6065258-5a2c-4a72-9f81-ed1321f551ca:c3365]
2019-06-14 09:09:38,821 INFO  client.GrpcClientProtocolClient (GrpcClientProtocolClient.java:onNext(254)) - client-C0E347E82FC5->e6065258-5a2c-4a72-9f81-ed1321f551ca: receive RaftClientReply:client-C0E347E82FC5->e6065258-5a2c-4a72-9f81-ed1321f551ca@group-13364FE26125, cid=2030, SUCCESS, logIndex=3367, commits[e6065258-5a2c-4a72-9f81-ed1321f551ca:c3367]
2019-06-14 09:09:38,822 INFO  client.GrpcClientProtocolClient (GrpcClientProtocolClient.java:onNext(254)) - client-C0E347E82FC5->e6065258-5a2c-4a72-9f81-ed1321f551ca: receive RaftClientReply:client-C0E347E82FC5->e6065258-5a2c-4a72-9f81-ed1321f551ca@group-13364FE26125, cid=2031, SUCCESS, logIndex=3368, commits[e6065258-5a2c-4a72-9f81-ed1321f551ca:c3370]
2019-06-14 09:09:38,823 INFO  client.GrpcClientProtocolClient (GrpcClientProtocolClient.java:onNext(254)) - client-C0E347E82FC5->e6065258-5a2c-4a72-9f81-ed1321f551ca: receive RaftClientReply:client-C0E347E82FC5->e6065258-5a2c-4a72-9f81-ed1321f551ca@group-13364FE26125, cid=2032, SUCCESS, logIndex=3369, commits[e6065258-5a2c-4a72-9f81-ed1321f551ca:c3370]
2019-06-14 09:09:38,887 DEBUG block.SCMBlockDeletingService (SCMBlockDeletingService.java:call(138)) - Running DeletedBlockTransactionScanner
2019-06-14 09:09:38,887 DEBUG block.SCMBlockDeletingService (SCMBlockDeletingService.java:call(155)) - Scanned deleted blocks log and got 0 delTX to process.
2019-06-14 09:09:38,897 INFO  client.GrpcClientProtocolClient (GrpcClientProtocolClient.java:onNext(254)) - client-C0E347E82FC5->e6065258-5a2c-4a72-9f81-ed1321f551ca: receive RaftClientReply:client-C0E347E82FC5->e6065258-5a2c-4a72-9f81-ed1321f551ca@group-13364FE26125, cid=2033, SUCCESS, logIndex=3371, commits[e6065258-5a2c-4a72-9f81-ed1321f551ca:c3371]
2019-06-14 09:09:38,898 INFO  client.GrpcClientProtocolClient (GrpcClientProtocolClient.java:onNext(254)) - client-C0E347E82FC5->e6065258-5a2c-4a72-9f81-ed1321f551ca: receive RaftClientReply:client-C0E347E82FC5->e6065258-5a2c-4a72-9f81-ed1321f551ca@group-13364FE26125, cid=2034, SUCCESS, logIndex=3373, commits[e6065258-5a2c-4a72-9f81-ed1321f551ca:c3373]
2019-06-14 09:09:38,899 INFO  client.GrpcClientProtocolClient (GrpcClientProtocolClient.java:onNext(254)) - client-C0E347E82FC5->e6065258-5a2c-4a72-9f81-ed1321f551ca: receive RaftClientReply:client-C0E347E82FC5->e6065258-5a2c-4a72-9f81-ed1321f551ca@group-13364FE26125, cid=2035, SUCCESS, logIndex=3374, commits[e6065258-5a2c-4a72-9f81-ed1321f551ca:c3376]
2019-06-14 09:09:38,899 INFO  client.GrpcClientProtocolClient (GrpcClientProtocolClient.java:onNext(254)) - client-C0E347E82FC5->e6065258-5a2c-4a72-9f81-ed1321f551ca: receive RaftClientReply:client-C0E347E82FC5->e6065258-5a2c-4a72-9f81-ed1321f551ca@group-13364FE26125, cid=2036, SUCCESS, logIndex=3375, commits[e6065258-5a2c-4a72-9f81-ed1321f551ca:c3376]
2019-06-14 09:09:38,905 INFO  client.GrpcClientProtocolClient (GrpcClientProtocolClient.java:onNext(254)) - client-C0E347E82FC5->e6065258-5a2c-4a72-9f81-ed1321f551ca: receive RaftClientReply:client-C0E347E82FC5->e6065258-5a2c-4a72-9f81-ed1321f551ca@group-13364FE26125, cid=2037, SUCCESS, logIndex=3377, commits[e6065258-5a2c-4a72-9f81-ed1321f551ca:c3377]
2019-06-14 09:09:38,907 INFO  client.GrpcClientProtocolClient (GrpcClientProtocolClient.java:onNext(254)) - client-C0E347E82FC5->e6065258-5a2c-4a72-9f81-ed1321f551ca: receive RaftClientReply:client-C0E347E82FC5->e6065258-5a2c-4a72-9f81-ed1321f551ca@group-13364FE26125, cid=2038, SUCCESS, logIndex=3379, commits[e6065258-5a2c-4a72-9f81-ed1321f551ca:c3379]
2019-06-14 09:09:38,908 INFO  client.GrpcClientProtocolClient (GrpcClientProtocolClient.java:onNext(254)) - client-C0E347E82FC5->e6065258-5a2c-4a72-9f81-ed1321f551ca: receive RaftClientReply:client-C0E347E82FC5->e6065258-5a2c-4a72-9f81-ed1321f551ca@group-13364FE26125, cid=2039, SUCCESS, logIndex=3380, commits[e6065258-5a2c-4a72-9f81-ed1321f551ca:c3382]
2019-06-14 09:09:38,908 INFO  client.GrpcClientProtocolClient (GrpcClientProtocolClient.java:onNext(254)) - client-C0E347E82FC5->e6065258-5a2c-4a72-9f81-ed1321f551ca: receive RaftClientReply:client-C0E347E82FC5->e6065258-5a2c-4a72-9f81-ed1321f551ca@group-13364FE26125, cid=2040, SUCCESS, logIndex=3381, commits[e6065258-5a2c-4a72-9f81-ed1321f551ca:c3382]
2019-06-14 09:09:38,921 INFO  client.GrpcClientProtocolClient (GrpcClientProtocolClient.java:onNext(254)) - client-C0E347E82FC5->e6065258-5a2c-4a72-9f81-ed1321f551ca: receive RaftClientReply:client-C0E347E82FC5->e6065258-5a2c-4a72-9f81-ed1321f551ca@group-13364FE26125, cid=2041, SUCCESS, logIndex=3383, commits[e6065258-5a2c-4a72-9f81-ed1321f551ca:c3383]
2019-06-14 09:09:38,927 INFO  client.GrpcClientProtocolClient (GrpcClientProtocolClient.java:onNext(254)) - client-C0E347E82FC5->e6065258-5a2c-4a72-9f81-ed1321f551ca: receive RaftClientReply:client-C0E347E82FC5->e6065258-5a2c-4a72-9f81-ed1321f551ca@group-13364FE26125, cid=2042, SUCCESS, logIndex=3385, commits[e6065258-5a2c-4a72-9f81-ed1321f551ca:c3385]
2019-06-14 09:09:38,928 INFO  client.GrpcClientProtocolClient (GrpcClientProtocolClient.java:onNext(254)) - client-C0E347E82FC5->e6065258-5a2c-4a72-9f81-ed1321f551ca: receive RaftClientReply:client-C0E347E82FC5->e6065258-5a2c-4a72-9f81-ed1321f551ca@group-13364FE26125, cid=2043, SUCCESS, logIndex=3386, commits[e6065258-5a2c-4a72-9f81-ed1321f551ca:c3388]
2019-06-14 09:09:38,928 INFO  client.GrpcClientProtocolClient (GrpcClientProtocolClient.java:onNext(254)) - client-C0E347E82FC5->e6065258-5a2c-4a72-9f81-ed1321f551ca: receive RaftClientReply:client-C0E347E82FC5->e6065258-5a2c-4a72-9f81-ed1321f551ca@group-13364FE26125, cid=2044, SUCCESS, logIndex=3387, commits[e6065258-5a2c-4a72-9f81-ed1321f551ca:c3388]
2019-06-14 09:09:38,933 INFO  client.GrpcClientProtocolClient (GrpcClientProtocolClient.java:onNext(254)) - client-C0E347E82FC5->e6065258-5a2c-4a72-9f81-ed1321f551ca: receive RaftClientReply:client-C0E347E82FC5->e6065258-5a2c-4a72-9f81-ed1321f551ca@group-13364FE26125, cid=2045, SUCCESS, logIndex=3389, commits[e6065258-5a2c-4a72-9f81-ed1321f551ca:c3389]
2019-06-14 09:09:38,936 INFO  client.GrpcClientProtocolClient (GrpcClientProtocolClient.java:onNext(254)) - client-C0E347E82FC5->e6065258-5a2c-4a72-9f81-ed1321f551ca: receive RaftClientReply:client-C0E347E82FC5->e6065258-5a2c-4a72-9f81-ed1321f551ca@group-13364FE26125, cid=2046, SUCCESS, logIndex=3391, commits[e6065258-5a2c-4a72-9f81-ed1321f551ca:c3393]
2019-06-14 09:09:38,938 INFO  client.GrpcClientProtocolClient (GrpcClientProtocolClient.java:onNext(254)) - client-C0E347E82FC5->e6065258-5a2c-4a72-9f81-ed1321f551ca: receive RaftClientReply:client-C0E347E82FC5->e6065258-5a2c-4a72-9f81-ed1321f551ca@group-13364FE26125, cid=2047, SUCCESS, logIndex=3392, commits[e6065258-5a2c-4a72-9f81-ed1321f551ca:c3393]
2019-06-14 09:09:38,938 INFO  client.GrpcClientProtocolClient (GrpcClientProtocolClient.java:onNext(254)) - client-C0E347E82FC5->e6065258-5a2c-4a72-9f81-ed1321f551ca: receive RaftClientReply:client-C0E347E82FC5->e6065258-5a2c-4a72-9f81-ed1321f551ca@group-13364FE26125, cid=2048, SUCCESS, logIndex=3393, commits[e6065258-5a2c-4a72-9f81-ed1321f551ca:c3393]
2019-06-14 09:09:38,948 INFO  client.GrpcClientProtocolClient (GrpcClientProtocolClient.java:onNext(254)) - client-C0E347E82FC5->e6065258-5a2c-4a72-9f81-ed1321f551ca: receive RaftClientReply:client-C0E347E82FC5->e6065258-5a2c-4a72-9f81-ed1321f551ca@group-13364FE26125, cid=2049, SUCCESS, logIndex=3395, commits[e6065258-5a2c-4a72-9f81-ed1321f551ca:c3395]
2019-06-14 09:09:38,949 INFO  client.GrpcClientProtocolClient (GrpcClientProtocolClient.java:onNext(254)) - client-C0E347E82FC5->e6065258-5a2c-4a72-9f81-ed1321f551ca: receive RaftClientReply:client-C0E347E82FC5->e6065258-5a2c-4a72-9f81-ed1321f551ca@group-13364FE26125, cid=2050, SUCCESS, logIndex=3397, commits[e6065258-5a2c-4a72-9f81-ed1321f551ca:c3397]
2019-06-14 09:09:38,950 INFO  client.GrpcClientProtocolClient (GrpcClientProtocolClient.java:onNext(254)) - client-C0E347E82FC5->e6065258-5a2c-4a72-9f81-ed1321f551ca: receive RaftClientReply:client-C0E347E82FC5->e6065258-5a2c-4a72-9f81-ed1321f551ca@group-13364FE26125, cid=2051, SUCCESS, logIndex=3398, commits[e6065258-5a2c-4a72-9f81-ed1321f551ca:c3400]
2019-06-14 09:09:38,950 INFO  client.GrpcClientProtocolClient (GrpcClientProtocolClient.java:onNext(254)) - client-C0E347E82FC5->e6065258-5a2c-4a72-9f81-ed1321f551ca: receive RaftClientReply:client-C0E347E82FC5->e6065258-5a2c-4a72-9f81-ed1321f551ca@group-13364FE26125, cid=2052, SUCCESS, logIndex=3399, commits[e6065258-5a2c-4a72-9f81-ed1321f551ca:c3400]
2019-06-14 09:09:38,955 INFO  client.GrpcClientProtocolClient (GrpcClientProtocolClient.java:onNext(254)) - client-C0E347E82FC5->e6065258-5a2c-4a72-9f81-ed1321f551ca: receive RaftClientReply:client-C0E347E82FC5->e6065258-5a2c-4a72-9f81-ed1321f551ca@group-13364FE26125, cid=2053, SUCCESS, logIndex=3401, commits[e6065258-5a2c-4a72-9f81-ed1321f551ca:c3401]
2019-06-14 09:09:38,957 INFO  client.GrpcClientProtocolClient (GrpcClientProtocolClient.java:onNext(254)) - client-C0E347E82FC5->e6065258-5a2c-4a72-9f81-ed1321f551ca: receive RaftClientReply:client-C0E347E82FC5->e6065258-5a2c-4a72-9f81-ed1321f551ca@group-13364FE26125, cid=2054, SUCCESS, logIndex=3403, commits[e6065258-5a2c-4a72-9f81-ed1321f551ca:c3403]
2019-06-14 09:09:38,958 INFO  client.GrpcClientProtocolClient (GrpcClientProtocolClient.java:onNext(254)) - client-C0E347E82FC5->e6065258-5a2c-4a72-9f81-ed1321f551ca: receive RaftClientReply:client-C0E347E82FC5->e6065258-5a2c-4a72-9f81-ed1321f551ca@group-13364FE26125, cid=2055, SUCCESS, logIndex=3404, commits[e6065258-5a2c-4a72-9f81-ed1321f551ca:c3406]
2019-06-14 09:09:38,958 INFO  client.GrpcClientProtocolClient (GrpcClientProtocolClient.java:onNext(254)) - client-C0E347E82FC5->e6065258-5a2c-4a72-9f81-ed1321f551ca: receive RaftClientReply:client-C0E347E82FC5->e6065258-5a2c-4a72-9f81-ed1321f551ca@group-13364FE26125, cid=2056, SUCCESS, logIndex=3405, commits[e6065258-5a2c-4a72-9f81-ed1321f551ca:c3406]
2019-06-14 09:09:38,967 INFO  client.GrpcClientProtocolClient (GrpcClientProtocolClient.java:onNext(254)) - client-C0E347E82FC5->e6065258-5a2c-4a72-9f81-ed1321f551ca: receive RaftClientReply:client-C0E347E82FC5->e6065258-5a2c-4a72-9f81-ed1321f551ca@group-13364FE26125, cid=2057, SUCCESS, logIndex=3407, commits[e6065258-5a2c-4a72-9f81-ed1321f551ca:c3407]
2019-06-14 09:09:38,968 INFO  client.GrpcClientProtocolClient (GrpcClientProtocolClient.java:onNext(254)) - client-C0E347E82FC5->e6065258-5a2c-4a72-9f81-ed1321f551ca: receive RaftClientReply:client-C0E347E82FC5->e6065258-5a2c-4a72-9f81-ed1321f551ca@group-13364FE26125, cid=2058, SUCCESS, logIndex=3409, commits[e6065258-5a2c-4a72-9f81-ed1321f551ca:c3409]
2019-06-14 09:09:38,970 INFO  client.GrpcClientProtocolClient (GrpcClientProtocolClient.java:onNext(254)) - client-C0E347E82FC5->e6065258-5a2c-4a72-9f81-ed1321f551ca: receive RaftClientReply:client-C0E347E82FC5->e6065258-5a2c-4a72-9f81-ed1321f551ca@group-13364FE26125, cid=2059, SUCCESS, logIndex=3410, commits[e6065258-5a2c-4a72-9f81-ed1321f551ca:c3412]
2019-06-14 09:09:38,970 INFO  client.GrpcClientProtocolClient (GrpcClientProtocolClient.java:onNext(254)) - client-C0E347E82FC5->e6065258-5a2c-4a72-9f81-ed1321f551ca: receive RaftClientReply:client-C0E347E82FC5->e6065258-5a2c-4a72-9f81-ed1321f551ca@group-13364FE26125, cid=2060, SUCCESS, logIndex=3411, commits[e6065258-5a2c-4a72-9f81-ed1321f551ca:c3412]
2019-06-14 09:09:38,975 INFO  client.GrpcClientProtocolClient (GrpcClientProtocolClient.java:onNext(254)) - client-C0E347E82FC5->e6065258-5a2c-4a72-9f81-ed1321f551ca: receive RaftClientReply:client-C0E347E82FC5->e6065258-5a2c-4a72-9f81-ed1321f551ca@group-13364FE26125, cid=2061, SUCCESS, logIndex=3413, commits[e6065258-5a2c-4a72-9f81-ed1321f551ca:c3413]
2019-06-14 09:09:38,975 INFO  storage.RaftLogWorker (RaftLogWorker.java:rollLogSegment(303)) - e6065258-5a2c-4a72-9f81-ed1321f551ca-RaftLogWorker: Rolling segment log-3350_3415 to index:3415
2019-06-14 09:09:38,976 INFO  storage.RaftLogWorker (RaftLogWorker.java:execute(433)) - e6065258-5a2c-4a72-9f81-ed1321f551ca-RaftLogWorker: Rolled log segment from /opt/src/hadoop-ozone/integration-test/target/test-dir/MiniOzoneClusterImpl-a56da109-a1cb-4168-8966-62306f2f2d23/datanode-0/data/ratis/920138aa-6f47-4d6d-b5cc-13364fe26125/current/log_inprogress_3350 to /opt/src/hadoop-ozone/integration-test/target/test-dir/MiniOzoneClusterImpl-a56da109-a1cb-4168-8966-62306f2f2d23/datanode-0/data/ratis/920138aa-6f47-4d6d-b5cc-13364fe26125/current/log_3350-3415
2019-06-14 09:09:38,976 INFO  client.GrpcClientProtocolClient (GrpcClientProtocolClient.java:onNext(254)) - client-C0E347E82FC5->e6065258-5a2c-4a72-9f81-ed1321f551ca: receive RaftClientReply:client-C0E347E82FC5->e6065258-5a2c-4a72-9f81-ed1321f551ca@group-13364FE26125, cid=2062, SUCCESS, logIndex=3415, commits[e6065258-5a2c-4a72-9f81-ed1321f551ca:c3415]
2019-06-14 09:09:38,987 DEBUG block.SCMBlockDeletingService (SCMBlockDeletingService.java:call(138)) - Running DeletedBlockTransactionScanner
2019-06-14 09:09:38,987 DEBUG block.SCMBlockDeletingService (SCMBlockDeletingService.java:call(155)) - Scanned deleted blocks log and got 0 delTX to process.
2019-06-14 09:09:39,013 INFO  storage.RaftLogWorker (RaftLogWorker.java:execute(469)) - e6065258-5a2c-4a72-9f81-ed1321f551ca-RaftLogWorker: created new log segment /opt/src/hadoop-ozone/integration-test/target/test-dir/MiniOzoneClusterImpl-a56da109-a1cb-4168-8966-62306f2f2d23/datanode-0/data/ratis/920138aa-6f47-4d6d-b5cc-13364fe26125/current/log_inprogress_3416
2019-06-14 09:09:39,014 INFO  client.GrpcClientProtocolClient (GrpcClientProtocolClient.java:onNext(254)) - client-C0E347E82FC5->e6065258-5a2c-4a72-9f81-ed1321f551ca: receive RaftClientReply:client-C0E347E82FC5->e6065258-5a2c-4a72-9f81-ed1321f551ca@group-13364FE26125, cid=2063, SUCCESS, logIndex=3416, commits[e6065258-5a2c-4a72-9f81-ed1321f551ca:c3417]
2019-06-14 09:09:39,016 INFO  client.GrpcClientProtocolClient (GrpcClientProtocolClient.java:onNext(254)) - client-C0E347E82FC5->e6065258-5a2c-4a72-9f81-ed1321f551ca: receive RaftClientReply:client-C0E347E82FC5->e6065258-5a2c-4a72-9f81-ed1321f551ca@group-13364FE26125, cid=2064, SUCCESS, logIndex=3418, commits[e6065258-5a2c-4a72-9f81-ed1321f551ca:c3418]
2019-06-14 09:09:39,025 INFO  client.GrpcClientProtocolClient (GrpcClientProtocolClient.java:onNext(254)) - client-C0E347E82FC5->e6065258-5a2c-4a72-9f81-ed1321f551ca: receive RaftClientReply:client-C0E347E82FC5->e6065258-5a2c-4a72-9f81-ed1321f551ca@group-13364FE26125, cid=2065, SUCCESS, logIndex=3420, commits[e6065258-5a2c-4a72-9f81-ed1321f551ca:c3420]
2019-06-14 09:09:39,027 INFO  client.GrpcClientProtocolClient (GrpcClientProtocolClient.java:onNext(254)) - client-C0E347E82FC5->e6065258-5a2c-4a72-9f81-ed1321f551ca: receive RaftClientReply:client-C0E347E82FC5->e6065258-5a2c-4a72-9f81-ed1321f551ca@group-13364FE26125, cid=2066, SUCCESS, logIndex=3422, commits[e6065258-5a2c-4a72-9f81-ed1321f551ca:c3422]
2019-06-14 09:09:39,028 INFO  client.GrpcClientProtocolClient (GrpcClientProtocolClient.java:onNext(254)) - client-C0E347E82FC5->e6065258-5a2c-4a72-9f81-ed1321f551ca: receive RaftClientReply:client-C0E347E82FC5->e6065258-5a2c-4a72-9f81-ed1321f551ca@group-13364FE26125, cid=2067, SUCCESS, logIndex=3423, commits[e6065258-5a2c-4a72-9f81-ed1321f551ca:c3425]
2019-06-14 09:09:39,028 INFO  client.GrpcClientProtocolClient (GrpcClientProtocolClient.java:onNext(254)) - client-C0E347E82FC5->e6065258-5a2c-4a72-9f81-ed1321f551ca: receive RaftClientReply:client-C0E347E82FC5->e6065258-5a2c-4a72-9f81-ed1321f551ca@group-13364FE26125, cid=2068, SUCCESS, logIndex=3424, commits[e6065258-5a2c-4a72-9f81-ed1321f551ca:c3425]
2019-06-14 09:09:39,033 INFO  client.GrpcClientProtocolClient (GrpcClientProtocolClient.java:onNext(254)) - client-C0E347E82FC5->e6065258-5a2c-4a72-9f81-ed1321f551ca: receive RaftClientReply:client-C0E347E82FC5->e6065258-5a2c-4a72-9f81-ed1321f551ca@group-13364FE26125, cid=2069, SUCCESS, logIndex=3426, commits[e6065258-5a2c-4a72-9f81-ed1321f551ca:c3426]
2019-06-14 09:09:39,035 INFO  client.GrpcClientProtocolClient (GrpcClientProtocolClient.java:onNext(254)) - client-C0E347E82FC5->e6065258-5a2c-4a72-9f81-ed1321f551ca: receive RaftClientReply:client-C0E347E82FC5->e6065258-5a2c-4a72-9f81-ed1321f551ca@group-13364FE26125, cid=2070, SUCCESS, logIndex=3428, commits[e6065258-5a2c-4a72-9f81-ed1321f551ca:c3430]
2019-06-14 09:09:39,037 INFO  client.GrpcClientProtocolClient (GrpcClientProtocolClient.java:onNext(254)) - client-C0E347E82FC5->e6065258-5a2c-4a72-9f81-ed1321f551ca: receive RaftClientReply:client-C0E347E82FC5->e6065258-5a2c-4a72-9f81-ed1321f551ca@group-13364FE26125, cid=2071, SUCCESS, logIndex=3429, commits[e6065258-5a2c-4a72-9f81-ed1321f551ca:c3430]
2019-06-14 09:09:39,037 INFO  client.GrpcClientProtocolClient (GrpcClientProtocolClient.java:onNext(254)) - client-C0E347E82FC5->e6065258-5a2c-4a72-9f81-ed1321f551ca: receive RaftClientReply:client-C0E347E82FC5->e6065258-5a2c-4a72-9f81-ed1321f551ca@group-13364FE26125, cid=2072, SUCCESS, logIndex=3430, commits[e6065258-5a2c-4a72-9f81-ed1321f551ca:c3430]
2019-06-14 09:09:39,046 INFO  client.GrpcClientProtocolClient (GrpcClientProtocolClient.java:onNext(254)) - client-C0E347E82FC5->e6065258-5a2c-4a72-9f81-ed1321f551ca: receive RaftClientReply:client-C0E347E82FC5->e6065258-5a2c-4a72-9f81-ed1321f551ca@group-13364FE26125, cid=2073, SUCCESS, logIndex=3432, commits[e6065258-5a2c-4a72-9f81-ed1321f551ca:c3432]
2019-06-14 09:09:39,048 INFO  client.GrpcClientProtocolClient (GrpcClientProtocolClient.java:onNext(254)) - client-C0E347E82FC5->e6065258-5a2c-4a72-9f81-ed1321f551ca: receive RaftClientReply:client-C0E347E82FC5->e6065258-5a2c-4a72-9f81-ed1321f551ca@group-13364FE26125, cid=2074, SUCCESS, logIndex=3434, commits[e6065258-5a2c-4a72-9f81-ed1321f551ca:c3434]
2019-06-14 09:09:39,049 INFO  client.GrpcClientProtocolClient (GrpcClientProtocolClient.java:onNext(254)) - client-C0E347E82FC5->e6065258-5a2c-4a72-9f81-ed1321f551ca: receive RaftClientReply:client-C0E347E82FC5->e6065258-5a2c-4a72-9f81-ed1321f551ca@group-13364FE26125, cid=2075, SUCCESS, logIndex=3435, commits[e6065258-5a2c-4a72-9f81-ed1321f551ca:c3437]
2019-06-14 09:09:39,049 INFO  client.GrpcClientProtocolClient (GrpcClientProtocolClient.java:onNext(254)) - client-C0E347E82FC5->e6065258-5a2c-4a72-9f81-ed1321f551ca: receive RaftClientReply:client-C0E347E82FC5->e6065258-5a2c-4a72-9f81-ed1321f551ca@group-13364FE26125, cid=2076, SUCCESS, logIndex=3436, commits[e6065258-5a2c-4a72-9f81-ed1321f551ca:c3437]
2019-06-14 09:09:39,087 DEBUG block.SCMBlockDeletingService (SCMBlockDeletingService.java:call(138)) - Running DeletedBlockTransactionScanner
2019-06-14 09:09:39,088 DEBUG block.SCMBlockDeletingService (SCMBlockDeletingService.java:call(155)) - Scanned deleted blocks log and got 0 delTX to process.
2019-06-14 09:09:39,161 INFO  client.GrpcClientProtocolClient (GrpcClientProtocolClient.java:onNext(254)) - client-C0E347E82FC5->e6065258-5a2c-4a72-9f81-ed1321f551ca: receive RaftClientReply:client-C0E347E82FC5->e6065258-5a2c-4a72-9f81-ed1321f551ca@group-13364FE26125, cid=2077, SUCCESS, logIndex=3438, commits[e6065258-5a2c-4a72-9f81-ed1321f551ca:c3438]
2019-06-14 09:09:39,163 INFO  client.GrpcClientProtocolClient (GrpcClientProtocolClient.java:onNext(254)) - client-C0E347E82FC5->e6065258-5a2c-4a72-9f81-ed1321f551ca: receive RaftClientReply:client-C0E347E82FC5->e6065258-5a2c-4a72-9f81-ed1321f551ca@group-13364FE26125, cid=2078, SUCCESS, logIndex=3440, commits[e6065258-5a2c-4a72-9f81-ed1321f551ca:c3440]
2019-06-14 09:09:39,164 INFO  client.GrpcClientProtocolClient (GrpcClientProtocolClient.java:onNext(254)) - client-C0E347E82FC5->e6065258-5a2c-4a72-9f81-ed1321f551ca: receive RaftClientReply:client-C0E347E82FC5->e6065258-5a2c-4a72-9f81-ed1321f551ca@group-13364FE26125, cid=2079, SUCCESS, logIndex=3441, commits[e6065258-5a2c-4a72-9f81-ed1321f551ca:c3443]
2019-06-14 09:09:39,165 INFO  client.GrpcClientProtocolClient (GrpcClientProtocolClient.java:onNext(254)) - client-C0E347E82FC5->e6065258-5a2c-4a72-9f81-ed1321f551ca: receive RaftClientReply:client-C0E347E82FC5->e6065258-5a2c-4a72-9f81-ed1321f551ca@group-13364FE26125, cid=2080, SUCCESS, logIndex=3442, commits[e6065258-5a2c-4a72-9f81-ed1321f551ca:c3443]
2019-06-14 09:09:39,176 INFO  client.GrpcClientProtocolClient (GrpcClientProtocolClient.java:onNext(254)) - client-C0E347E82FC5->e6065258-5a2c-4a72-9f81-ed1321f551ca: receive RaftClientReply:client-C0E347E82FC5->e6065258-5a2c-4a72-9f81-ed1321f551ca@group-13364FE26125, cid=2081, SUCCESS, logIndex=3444, commits[e6065258-5a2c-4a72-9f81-ed1321f551ca:c3444]
2019-06-14 09:09:39,178 INFO  client.GrpcClientProtocolClient (GrpcClientProtocolClient.java:onNext(254)) - client-C0E347E82FC5->e6065258-5a2c-4a72-9f81-ed1321f551ca: receive RaftClientReply:client-C0E347E82FC5->e6065258-5a2c-4a72-9f81-ed1321f551ca@group-13364FE26125, cid=2082, SUCCESS, logIndex=3446, commits[e6065258-5a2c-4a72-9f81-ed1321f551ca:c3446]
2019-06-14 09:09:39,179 INFO  client.GrpcClientProtocolClient (GrpcClientProtocolClient.java:onNext(254)) - client-C0E347E82FC5->e6065258-5a2c-4a72-9f81-ed1321f551ca: receive RaftClientReply:client-C0E347E82FC5->e6065258-5a2c-4a72-9f81-ed1321f551ca@group-13364FE26125, cid=2083, SUCCESS, logIndex=3447, commits[e6065258-5a2c-4a72-9f81-ed1321f551ca:c3449]
2019-06-14 09:09:39,179 INFO  client.GrpcClientProtocolClient (GrpcClientProtocolClient.java:onNext(254)) - client-C0E347E82FC5->e6065258-5a2c-4a72-9f81-ed1321f551ca: receive RaftClientReply:client-C0E347E82FC5->e6065258-5a2c-4a72-9f81-ed1321f551ca@group-13364FE26125, cid=2084, SUCCESS, logIndex=3448, commits[e6065258-5a2c-4a72-9f81-ed1321f551ca:c3449]
2019-06-14 09:09:39,186 INFO  client.GrpcClientProtocolClient (GrpcClientProtocolClient.java:onNext(254)) - client-C0E347E82FC5->e6065258-5a2c-4a72-9f81-ed1321f551ca: receive RaftClientReply:client-C0E347E82FC5->e6065258-5a2c-4a72-9f81-ed1321f551ca@group-13364FE26125, cid=2085, SUCCESS, logIndex=3450, commits[e6065258-5a2c-4a72-9f81-ed1321f551ca:c3450]
2019-06-14 09:09:39,188 DEBUG block.SCMBlockDeletingService (SCMBlockDeletingService.java:call(138)) - Running DeletedBlockTransactionScanner
2019-06-14 09:09:39,188 DEBUG block.SCMBlockDeletingService (SCMBlockDeletingService.java:call(155)) - Scanned deleted blocks log and got 0 delTX to process.
2019-06-14 09:09:39,189 INFO  client.GrpcClientProtocolClient (GrpcClientProtocolClient.java:onNext(254)) - client-C0E347E82FC5->e6065258-5a2c-4a72-9f81-ed1321f551ca: receive RaftClientReply:client-C0E347E82FC5->e6065258-5a2c-4a72-9f81-ed1321f551ca@group-13364FE26125, cid=2086, SUCCESS, logIndex=3452, commits[e6065258-5a2c-4a72-9f81-ed1321f551ca:c3454]
2019-06-14 09:09:39,189 INFO  client.GrpcClientProtocolClient (GrpcClientProtocolClient.java:onNext(254)) - client-C0E347E82FC5->e6065258-5a2c-4a72-9f81-ed1321f551ca: receive RaftClientReply:client-C0E347E82FC5->e6065258-5a2c-4a72-9f81-ed1321f551ca@group-13364FE26125, cid=2087, SUCCESS, logIndex=3453, commits[e6065258-5a2c-4a72-9f81-ed1321f551ca:c3454]
2019-06-14 09:09:39,189 INFO  client.GrpcClientProtocolClient (GrpcClientProtocolClient.java:onNext(254)) - client-C0E347E82FC5->e6065258-5a2c-4a72-9f81-ed1321f551ca: receive RaftClientReply:client-C0E347E82FC5->e6065258-5a2c-4a72-9f81-ed1321f551ca@group-13364FE26125, cid=2088, SUCCESS, logIndex=3454, commits[e6065258-5a2c-4a72-9f81-ed1321f551ca:c3454]
2019-06-14 09:09:39,198 INFO  client.GrpcClientProtocolClient (GrpcClientProtocolClient.java:onNext(254)) - client-C0E347E82FC5->e6065258-5a2c-4a72-9f81-ed1321f551ca: receive RaftClientReply:client-C0E347E82FC5->e6065258-5a2c-4a72-9f81-ed1321f551ca@group-13364FE26125, cid=2089, SUCCESS, logIndex=3456, commits[e6065258-5a2c-4a72-9f81-ed1321f551ca:c3456]
2019-06-14 09:09:39,199 INFO  client.GrpcClientProtocolClient (GrpcClientProtocolClient.java:onNext(254)) - client-C0E347E82FC5->e6065258-5a2c-4a72-9f81-ed1321f551ca: receive RaftClientReply:client-C0E347E82FC5->e6065258-5a2c-4a72-9f81-ed1321f551ca@group-13364FE26125, cid=2090, SUCCESS, logIndex=3458, commits[e6065258-5a2c-4a72-9f81-ed1321f551ca:c3458]
2019-06-14 09:09:39,200 INFO  client.GrpcClientProtocolClient (GrpcClientProtocolClient.java:onNext(254)) - client-C0E347E82FC5->e6065258-5a2c-4a72-9f81-ed1321f551ca: receive RaftClientReply:client-C0E347E82FC5->e6065258-5a2c-4a72-9f81-ed1321f551ca@group-13364FE26125, cid=2091, SUCCESS, logIndex=3459, commits[e6065258-5a2c-4a72-9f81-ed1321f551ca:c3459]
2019-06-14 09:09:39,200 INFO  client.GrpcClientProtocolClient (GrpcClientProtocolClient.java:onNext(254)) - client-C0E347E82FC5->e6065258-5a2c-4a72-9f81-ed1321f551ca: receive RaftClientReply:client-C0E347E82FC5->e6065258-5a2c-4a72-9f81-ed1321f551ca@group-13364FE26125, cid=2092, SUCCESS, logIndex=3461, commits[e6065258-5a2c-4a72-9f81-ed1321f551ca:c3461]
2019-06-14 09:09:39,205 INFO  client.GrpcClientProtocolClient (GrpcClientProtocolClient.java:onNext(254)) - client-C0E347E82FC5->e6065258-5a2c-4a72-9f81-ed1321f551ca: receive RaftClientReply:client-C0E347E82FC5->e6065258-5a2c-4a72-9f81-ed1321f551ca@group-13364FE26125, cid=2093, SUCCESS, logIndex=3464, commits[e6065258-5a2c-4a72-9f81-ed1321f551ca:c3464]
2019-06-14 09:09:39,208 INFO  client.GrpcClientProtocolClient (GrpcClientProtocolClient.java:onNext(254)) - client-C0E347E82FC5->e6065258-5a2c-4a72-9f81-ed1321f551ca: receive RaftClientReply:client-C0E347E82FC5->e6065258-5a2c-4a72-9f81-ed1321f551ca@group-13364FE26125, cid=2094, SUCCESS, logIndex=3466, commits[e6065258-5a2c-4a72-9f81-ed1321f551ca:c3466]
2019-06-14 09:09:39,209 INFO  client.GrpcClientProtocolClient (GrpcClientProtocolClient.java:onNext(254)) - client-C0E347E82FC5->e6065258-5a2c-4a72-9f81-ed1321f551ca: receive RaftClientReply:client-C0E347E82FC5->e6065258-5a2c-4a72-9f81-ed1321f551ca@group-13364FE26125, cid=2095, SUCCESS, logIndex=3467, commits[e6065258-5a2c-4a72-9f81-ed1321f551ca:c3469]
2019-06-14 09:09:39,209 INFO  client.GrpcClientProtocolClient (GrpcClientProtocolClient.java:onNext(254)) - client-C0E347E82FC5->e6065258-5a2c-4a72-9f81-ed1321f551ca: receive RaftClientReply:client-C0E347E82FC5->e6065258-5a2c-4a72-9f81-ed1321f551ca@group-13364FE26125, cid=2096, SUCCESS, logIndex=3468, commits[e6065258-5a2c-4a72-9f81-ed1321f551ca:c3469]
2019-06-14 09:09:39,217 INFO  client.GrpcClientProtocolClient (GrpcClientProtocolClient.java:onNext(254)) - client-C0E347E82FC5->e6065258-5a2c-4a72-9f81-ed1321f551ca: receive RaftClientReply:client-C0E347E82FC5->e6065258-5a2c-4a72-9f81-ed1321f551ca@group-13364FE26125, cid=2097, SUCCESS, logIndex=3470, commits[e6065258-5a2c-4a72-9f81-ed1321f551ca:c3470]
2019-06-14 09:09:39,218 INFO  client.GrpcClientProtocolClient (GrpcClientProtocolClient.java:onNext(254)) - client-C0E347E82FC5->e6065258-5a2c-4a72-9f81-ed1321f551ca: receive RaftClientReply:client-C0E347E82FC5->e6065258-5a2c-4a72-9f81-ed1321f551ca@group-13364FE26125, cid=2098, SUCCESS, logIndex=3472, commits[e6065258-5a2c-4a72-9f81-ed1321f551ca:c3472]
2019-06-14 09:09:39,220 INFO  client.GrpcClientProtocolClient (GrpcClientProtocolClient.java:onNext(254)) - client-C0E347E82FC5->e6065258-5a2c-4a72-9f81-ed1321f551ca: receive RaftClientReply:client-C0E347E82FC5->e6065258-5a2c-4a72-9f81-ed1321f551ca@group-13364FE26125, cid=2099, SUCCESS, logIndex=3473, commits[e6065258-5a2c-4a72-9f81-ed1321f551ca:c3475]
2019-06-14 09:09:39,220 INFO  client.GrpcClientProtocolClient (GrpcClientProtocolClient.java:onNext(254)) - client-C0E347E82FC5->e6065258-5a2c-4a72-9f81-ed1321f551ca: receive RaftClientReply:client-C0E347E82FC5->e6065258-5a2c-4a72-9f81-ed1321f551ca@group-13364FE26125, cid=2100, SUCCESS, logIndex=3474, commits[e6065258-5a2c-4a72-9f81-ed1321f551ca:c3475]
2019-06-14 09:09:39,225 INFO  client.GrpcClientProtocolClient (GrpcClientProtocolClient.java:onNext(254)) - client-C0E347E82FC5->e6065258-5a2c-4a72-9f81-ed1321f551ca: receive RaftClientReply:client-C0E347E82FC5->e6065258-5a2c-4a72-9f81-ed1321f551ca@group-13364FE26125, cid=2101, SUCCESS, logIndex=3476, commits[e6065258-5a2c-4a72-9f81-ed1321f551ca:c3476]
2019-06-14 09:09:39,228 INFO  client.GrpcClientProtocolClient (GrpcClientProtocolClient.java:onNext(254)) - client-C0E347E82FC5->e6065258-5a2c-4a72-9f81-ed1321f551ca: receive RaftClientReply:client-C0E347E82FC5->e6065258-5a2c-4a72-9f81-ed1321f551ca@group-13364FE26125, cid=2102, SUCCESS, logIndex=3478, commits[e6065258-5a2c-4a72-9f81-ed1321f551ca:c3478]
2019-06-14 09:09:39,228 INFO  client.GrpcClientProtocolClient (GrpcClientProtocolClient.java:onNext(254)) - client-C0E347E82FC5->e6065258-5a2c-4a72-9f81-ed1321f551ca: receive RaftClientReply:client-C0E347E82FC5->e6065258-5a2c-4a72-9f81-ed1321f551ca@group-13364FE26125, cid=2103, SUCCESS, logIndex=3479, commits[e6065258-5a2c-4a72-9f81-ed1321f551ca:c3481]
2019-06-14 09:09:39,228 INFO  client.GrpcClientProtocolClient (GrpcClientProtocolClient.java:onNext(254)) - client-C0E347E82FC5->e6065258-5a2c-4a72-9f81-ed1321f551ca: receive RaftClientReply:client-C0E347E82FC5->e6065258-5a2c-4a72-9f81-ed1321f551ca@group-13364FE26125, cid=2104, SUCCESS, logIndex=3480, commits[e6065258-5a2c-4a72-9f81-ed1321f551ca:c3481]
2019-06-14 09:09:39,238 INFO  client.GrpcClientProtocolClient (GrpcClientProtocolClient.java:onNext(254)) - client-C0E347E82FC5->e6065258-5a2c-4a72-9f81-ed1321f551ca: receive RaftClientReply:client-C0E347E82FC5->e6065258-5a2c-4a72-9f81-ed1321f551ca@group-13364FE26125, cid=2105, SUCCESS, logIndex=3482, commits[e6065258-5a2c-4a72-9f81-ed1321f551ca:c3482]
2019-06-14 09:09:39,238 INFO  storage.RaftLogWorker (RaftLogWorker.java:rollLogSegment(303)) - e6065258-5a2c-4a72-9f81-ed1321f551ca-RaftLogWorker: Rolling segment log-3416_3483 to index:3483
2019-06-14 09:09:39,238 INFO  storage.RaftLogWorker (RaftLogWorker.java:execute(433)) - e6065258-5a2c-4a72-9f81-ed1321f551ca-RaftLogWorker: Rolled log segment from /opt/src/hadoop-ozone/integration-test/target/test-dir/MiniOzoneClusterImpl-a56da109-a1cb-4168-8966-62306f2f2d23/datanode-0/data/ratis/920138aa-6f47-4d6d-b5cc-13364fe26125/current/log_inprogress_3416 to /opt/src/hadoop-ozone/integration-test/target/test-dir/MiniOzoneClusterImpl-a56da109-a1cb-4168-8966-62306f2f2d23/datanode-0/data/ratis/920138aa-6f47-4d6d-b5cc-13364fe26125/current/log_3416-3483
2019-06-14 09:09:39,274 INFO  storage.RaftLogWorker (RaftLogWorker.java:execute(469)) - e6065258-5a2c-4a72-9f81-ed1321f551ca-RaftLogWorker: created new log segment /opt/src/hadoop-ozone/integration-test/target/test-dir/MiniOzoneClusterImpl-a56da109-a1cb-4168-8966-62306f2f2d23/datanode-0/data/ratis/920138aa-6f47-4d6d-b5cc-13364fe26125/current/log_inprogress_3484
2019-06-14 09:09:39,275 INFO  client.GrpcClientProtocolClient (GrpcClientProtocolClient.java:onNext(254)) - client-C0E347E82FC5->e6065258-5a2c-4a72-9f81-ed1321f551ca: receive RaftClientReply:client-C0E347E82FC5->e6065258-5a2c-4a72-9f81-ed1321f551ca@group-13364FE26125, cid=2106, SUCCESS, logIndex=3484, commits[e6065258-5a2c-4a72-9f81-ed1321f551ca:c3486]
2019-06-14 09:09:39,275 INFO  client.GrpcClientProtocolClient (GrpcClientProtocolClient.java:onNext(254)) - client-C0E347E82FC5->e6065258-5a2c-4a72-9f81-ed1321f551ca: receive RaftClientReply:client-C0E347E82FC5->e6065258-5a2c-4a72-9f81-ed1321f551ca@group-13364FE26125, cid=2107, SUCCESS, logIndex=3485, commits[e6065258-5a2c-4a72-9f81-ed1321f551ca:c3486]
2019-06-14 09:09:39,276 INFO  client.GrpcClientProtocolClient (GrpcClientProtocolClient.java:onNext(254)) - client-C0E347E82FC5->e6065258-5a2c-4a72-9f81-ed1321f551ca: receive RaftClientReply:client-C0E347E82FC5->e6065258-5a2c-4a72-9f81-ed1321f551ca@group-13364FE26125, cid=2108, SUCCESS, logIndex=3486, commits[e6065258-5a2c-4a72-9f81-ed1321f551ca:c3487]
2019-06-14 09:09:39,281 INFO  client.GrpcClientProtocolClient (GrpcClientProtocolClient.java:onNext(254)) - client-C0E347E82FC5->e6065258-5a2c-4a72-9f81-ed1321f551ca: receive RaftClientReply:client-C0E347E82FC5->e6065258-5a2c-4a72-9f81-ed1321f551ca@group-13364FE26125, cid=2109, SUCCESS, logIndex=3488, commits[e6065258-5a2c-4a72-9f81-ed1321f551ca:c3488]
2019-06-14 09:09:39,283 INFO  client.GrpcClientProtocolClient (GrpcClientProtocolClient.java:onNext(254)) - client-C0E347E82FC5->e6065258-5a2c-4a72-9f81-ed1321f551ca: receive RaftClientReply:client-C0E347E82FC5->e6065258-5a2c-4a72-9f81-ed1321f551ca@group-13364FE26125, cid=2110, SUCCESS, logIndex=3490, commits[e6065258-5a2c-4a72-9f81-ed1321f551ca:c3490]
2019-06-14 09:09:39,284 INFO  client.GrpcClientProtocolClient (GrpcClientProtocolClient.java:onNext(254)) - client-C0E347E82FC5->e6065258-5a2c-4a72-9f81-ed1321f551ca: receive RaftClientReply:client-C0E347E82FC5->e6065258-5a2c-4a72-9f81-ed1321f551ca@group-13364FE26125, cid=2111, SUCCESS, logIndex=3491, commits[e6065258-5a2c-4a72-9f81-ed1321f551ca:c3491]
2019-06-14 09:09:39,284 INFO  client.GrpcClientProtocolClient (GrpcClientProtocolClient.java:onNext(254)) - client-C0E347E82FC5->e6065258-5a2c-4a72-9f81-ed1321f551ca: receive RaftClientReply:client-C0E347E82FC5->e6065258-5a2c-4a72-9f81-ed1321f551ca@group-13364FE26125, cid=2112, SUCCESS, logIndex=3493, commits[e6065258-5a2c-4a72-9f81-ed1321f551ca:c3493]
2019-06-14 09:09:39,288 DEBUG block.SCMBlockDeletingService (SCMBlockDeletingService.java:call(138)) - Running DeletedBlockTransactionScanner
2019-06-14 09:09:39,288 DEBUG block.SCMBlockDeletingService (SCMBlockDeletingService.java:call(155)) - Scanned deleted blocks log and got 0 delTX to process.
2019-06-14 09:09:39,293 INFO  client.GrpcClientProtocolClient (GrpcClientProtocolClient.java:onNext(254)) - client-C0E347E82FC5->e6065258-5a2c-4a72-9f81-ed1321f551ca: receive RaftClientReply:client-C0E347E82FC5->e6065258-5a2c-4a72-9f81-ed1321f551ca@group-13364FE26125, cid=2113, SUCCESS, logIndex=3496, commits[e6065258-5a2c-4a72-9f81-ed1321f551ca:c3496]
2019-06-14 09:09:39,295 INFO  client.GrpcClientProtocolClient (GrpcClientProtocolClient.java:onNext(254)) - client-C0E347E82FC5->e6065258-5a2c-4a72-9f81-ed1321f551ca: receive RaftClientReply:client-C0E347E82FC5->e6065258-5a2c-4a72-9f81-ed1321f551ca@group-13364FE26125, cid=2114, SUCCESS, logIndex=3498, commits[e6065258-5a2c-4a72-9f81-ed1321f551ca:c3500]
2019-06-14 09:09:39,295 INFO  client.GrpcClientProtocolClient (GrpcClientProtocolClient.java:onNext(254)) - client-C0E347E82FC5->e6065258-5a2c-4a72-9f81-ed1321f551ca: receive RaftClientReply:client-C0E347E82FC5->e6065258-5a2c-4a72-9f81-ed1321f551ca@group-13364FE26125, cid=2115, SUCCESS, logIndex=3499, commits[e6065258-5a2c-4a72-9f81-ed1321f551ca:c3500]
2019-06-14 09:09:39,296 INFO  client.GrpcClientProtocolClient (GrpcClientProtocolClient.java:onNext(254)) - client-C0E347E82FC5->e6065258-5a2c-4a72-9f81-ed1321f551ca: receive RaftClientReply:client-C0E347E82FC5->e6065258-5a2c-4a72-9f81-ed1321f551ca@group-13364FE26125, cid=2116, SUCCESS, logIndex=3500, commits[e6065258-5a2c-4a72-9f81-ed1321f551ca:c3500]
2019-06-14 09:09:39,300 INFO  client.GrpcClientProtocolClient (GrpcClientProtocolClient.java:onNext(254)) - client-C0E347E82FC5->e6065258-5a2c-4a72-9f81-ed1321f551ca: receive RaftClientReply:client-C0E347E82FC5->e6065258-5a2c-4a72-9f81-ed1321f551ca@group-13364FE26125, cid=2117, SUCCESS, logIndex=3502, commits[e6065258-5a2c-4a72-9f81-ed1321f551ca:c3502]
2019-06-14 09:09:39,302 INFO  client.GrpcClientProtocolClient (GrpcClientProtocolClient.java:onNext(254)) - client-C0E347E82FC5->e6065258-5a2c-4a72-9f81-ed1321f551ca: receive RaftClientReply:client-C0E347E82FC5->e6065258-5a2c-4a72-9f81-ed1321f551ca@group-13364FE26125, cid=2118, SUCCESS, logIndex=3504, commits[e6065258-5a2c-4a72-9f81-ed1321f551ca:c3504]
2019-06-14 09:09:39,303 INFO  client.GrpcClientProtocolClient (GrpcClientProtocolClient.java:onNext(254)) - client-C0E347E82FC5->e6065258-5a2c-4a72-9f81-ed1321f551ca: receive RaftClientReply:client-C0E347E82FC5->e6065258-5a2c-4a72-9f81-ed1321f551ca@group-13364FE26125, cid=2119, SUCCESS, logIndex=3505, commits[e6065258-5a2c-4a72-9f81-ed1321f551ca:c3507]
2019-06-14 09:09:39,303 INFO  client.GrpcClientProtocolClient (GrpcClientProtocolClient.java:onNext(254)) - client-C0E347E82FC5->e6065258-5a2c-4a72-9f81-ed1321f551ca: receive RaftClientReply:client-C0E347E82FC5->e6065258-5a2c-4a72-9f81-ed1321f551ca@group-13364FE26125, cid=2120, SUCCESS, logIndex=3506, commits[e6065258-5a2c-4a72-9f81-ed1321f551ca:c3507]
2019-06-14 09:09:39,377 INFO  client.GrpcClientProtocolClient (GrpcClientProtocolClient.java:onNext(254)) - client-C0E347E82FC5->e6065258-5a2c-4a72-9f81-ed1321f551ca: receive RaftClientReply:client-C0E347E82FC5->e6065258-5a2c-4a72-9f81-ed1321f551ca@group-13364FE26125, cid=2121, SUCCESS, logIndex=3508, commits[e6065258-5a2c-4a72-9f81-ed1321f551ca:c3508]
2019-06-14 09:09:39,378 INFO  client.GrpcClientProtocolClient (GrpcClientProtocolClient.java:onNext(254)) - client-C0E347E82FC5->e6065258-5a2c-4a72-9f81-ed1321f551ca: receive RaftClientReply:client-C0E347E82FC5->e6065258-5a2c-4a72-9f81-ed1321f551ca@group-13364FE26125, cid=2122, SUCCESS, logIndex=3510, commits[e6065258-5a2c-4a72-9f81-ed1321f551ca:c3510]
2019-06-14 09:09:39,380 INFO  client.GrpcClientProtocolClient (GrpcClientProtocolClient.java:onNext(254)) - client-C0E347E82FC5->e6065258-5a2c-4a72-9f81-ed1321f551ca: receive RaftClientReply:client-C0E347E82FC5->e6065258-5a2c-4a72-9f81-ed1321f551ca@group-13364FE26125, cid=2123, SUCCESS, logIndex=3511, commits[e6065258-5a2c-4a72-9f81-ed1321f551ca:c3513]
2019-06-14 09:09:39,380 INFO  client.GrpcClientProtocolClient (GrpcClientProtocolClient.java:onNext(254)) - client-C0E347E82FC5->e6065258-5a2c-4a72-9f81-ed1321f551ca: receive RaftClientReply:client-C0E347E82FC5->e6065258-5a2c-4a72-9f81-ed1321f551ca@group-13364FE26125, cid=2124, SUCCESS, logIndex=3512, commits[e6065258-5a2c-4a72-9f81-ed1321f551ca:c3513]
2019-06-14 09:09:39,384 INFO  client.GrpcClientProtocolClient (GrpcClientProtocolClient.java:onNext(254)) - client-C0E347E82FC5->e6065258-5a2c-4a72-9f81-ed1321f551ca: receive RaftClientReply:client-C0E347E82FC5->e6065258-5a2c-4a72-9f81-ed1321f551ca@group-13364FE26125, cid=2125, SUCCESS, logIndex=3514, commits[e6065258-5a2c-4a72-9f81-ed1321f551ca:c3514]
2019-06-14 09:09:39,386 INFO  client.GrpcClientProtocolClient (GrpcClientProtocolClient.java:onNext(254)) - client-C0E347E82FC5->e6065258-5a2c-4a72-9f81-ed1321f551ca: receive RaftClientReply:client-C0E347E82FC5->e6065258-5a2c-4a72-9f81-ed1321f551ca@group-13364FE26125, cid=2126, SUCCESS, logIndex=3516, commits[e6065258-5a2c-4a72-9f81-ed1321f551ca:c3516]
2019-06-14 09:09:39,387 INFO  client.GrpcClientProtocolClient (GrpcClientProtocolClient.java:onNext(254)) - client-C0E347E82FC5->e6065258-5a2c-4a72-9f81-ed1321f551ca: receive RaftClientReply:client-C0E347E82FC5->e6065258-5a2c-4a72-9f81-ed1321f551ca@group-13364FE26125, cid=2127, SUCCESS, logIndex=3517, commits[e6065258-5a2c-4a72-9f81-ed1321f551ca:c3519]
2019-06-14 09:09:39,387 INFO  client.GrpcClientProtocolClient (GrpcClientProtocolClient.java:onNext(254)) - client-C0E347E82FC5->e6065258-5a2c-4a72-9f81-ed1321f551ca: receive RaftClientReply:client-C0E347E82FC5->e6065258-5a2c-4a72-9f81-ed1321f551ca@group-13364FE26125, cid=2128, SUCCESS, logIndex=3518, commits[e6065258-5a2c-4a72-9f81-ed1321f551ca:c3519]
2019-06-14 09:09:39,389 DEBUG block.SCMBlockDeletingService (SCMBlockDeletingService.java:call(138)) - Running DeletedBlockTransactionScanner
2019-06-14 09:09:39,389 DEBUG block.SCMBlockDeletingService (SCMBlockDeletingService.java:call(155)) - Scanned deleted blocks log and got 0 delTX to process.
2019-06-14 09:09:39,395 INFO  client.GrpcClientProtocolClient (GrpcClientProtocolClient.java:onNext(254)) - client-C0E347E82FC5->e6065258-5a2c-4a72-9f81-ed1321f551ca: receive RaftClientReply:client-C0E347E82FC5->e6065258-5a2c-4a72-9f81-ed1321f551ca@group-13364FE26125, cid=2129, SUCCESS, logIndex=3520, commits[e6065258-5a2c-4a72-9f81-ed1321f551ca:c3520]
2019-06-14 09:09:39,397 INFO  client.GrpcClientProtocolClient (GrpcClientProtocolClient.java:onNext(254)) - client-C0E347E82FC5->e6065258-5a2c-4a72-9f81-ed1321f551ca: receive RaftClientReply:client-C0E347E82FC5->e6065258-5a2c-4a72-9f81-ed1321f551ca@group-13364FE26125, cid=2130, SUCCESS, logIndex=3522, commits[e6065258-5a2c-4a72-9f81-ed1321f551ca:c3522]
2019-06-14 09:09:39,397 INFO  client.GrpcClientProtocolClient (GrpcClientProtocolClient.java:onNext(254)) - client-C0E347E82FC5->e6065258-5a2c-4a72-9f81-ed1321f551ca: receive RaftClientReply:client-C0E347E82FC5->e6065258-5a2c-4a72-9f81-ed1321f551ca@group-13364FE26125, cid=2131, SUCCESS, logIndex=3523, commits[e6065258-5a2c-4a72-9f81-ed1321f551ca:c3523]
2019-06-14 09:09:39,398 INFO  client.GrpcClientProtocolClient (GrpcClientProtocolClient.java:onNext(254)) - client-C0E347E82FC5->e6065258-5a2c-4a72-9f81-ed1321f551ca: receive RaftClientReply:client-C0E347E82FC5->e6065258-5a2c-4a72-9f81-ed1321f551ca@group-13364FE26125, cid=2132, SUCCESS, logIndex=3524, commits[e6065258-5a2c-4a72-9f81-ed1321f551ca:c3525]
2019-06-14 09:09:39,403 INFO  client.GrpcClientProtocolClient (GrpcClientProtocolClient.java:onNext(254)) - client-C0E347E82FC5->e6065258-5a2c-4a72-9f81-ed1321f551ca: receive RaftClientReply:client-C0E347E82FC5->e6065258-5a2c-4a72-9f81-ed1321f551ca@group-13364FE26125, cid=2133, SUCCESS, logIndex=3527, commits[e6065258-5a2c-4a72-9f81-ed1321f551ca:c3527]
2019-06-14 09:09:39,405 INFO  client.GrpcClientProtocolClient (GrpcClientProtocolClient.java:onNext(254)) - client-C0E347E82FC5->e6065258-5a2c-4a72-9f81-ed1321f551ca: receive RaftClientReply:client-C0E347E82FC5->e6065258-5a2c-4a72-9f81-ed1321f551ca@group-13364FE26125, cid=2134, SUCCESS, logIndex=3529, commits[e6065258-5a2c-4a72-9f81-ed1321f551ca:c3531]
2019-06-14 09:09:39,405 INFO  client.GrpcClientProtocolClient (GrpcClientProtocolClient.java:onNext(254)) - client-C0E347E82FC5->e6065258-5a2c-4a72-9f81-ed1321f551ca: receive RaftClientReply:client-C0E347E82FC5->e6065258-5a2c-4a72-9f81-ed1321f551ca@group-13364FE26125, cid=2135, SUCCESS, logIndex=3530, commits[e6065258-5a2c-4a72-9f81-ed1321f551ca:c3531]
2019-06-14 09:09:39,405 INFO  client.GrpcClientProtocolClient (GrpcClientProtocolClient.java:onNext(254)) - client-C0E347E82FC5->e6065258-5a2c-4a72-9f81-ed1321f551ca: receive RaftClientReply:client-C0E347E82FC5->e6065258-5a2c-4a72-9f81-ed1321f551ca@group-13364FE26125, cid=2136, SUCCESS, logIndex=3531, commits[e6065258-5a2c-4a72-9f81-ed1321f551ca:c3531]
2019-06-14 09:09:39,413 INFO  client.GrpcClientProtocolClient (GrpcClientProtocolClient.java:onNext(254)) - client-C0E347E82FC5->e6065258-5a2c-4a72-9f81-ed1321f551ca: receive RaftClientReply:client-C0E347E82FC5->e6065258-5a2c-4a72-9f81-ed1321f551ca@group-13364FE26125, cid=2137, SUCCESS, logIndex=3533, commits[e6065258-5a2c-4a72-9f81-ed1321f551ca:c3533]
2019-06-14 09:09:39,414 INFO  client.GrpcClientProtocolClient (GrpcClientProtocolClient.java:onNext(254)) - client-C0E347E82FC5->e6065258-5a2c-4a72-9f81-ed1321f551ca: receive RaftClientReply:client-C0E347E82FC5->e6065258-5a2c-4a72-9f81-ed1321f551ca@group-13364FE26125, cid=2138, SUCCESS, logIndex=3535, commits[e6065258-5a2c-4a72-9f81-ed1321f551ca:c3535]
2019-06-14 09:09:39,416 INFO  client.GrpcClientProtocolClient (GrpcClientProtocolClient.java:onNext(254)) - client-C0E347E82FC5->e6065258-5a2c-4a72-9f81-ed1321f551ca: receive RaftClientReply:client-C0E347E82FC5->e6065258-5a2c-4a72-9f81-ed1321f551ca@group-13364FE26125, cid=2139, SUCCESS, logIndex=3536, commits[e6065258-5a2c-4a72-9f81-ed1321f551ca:c3538]
2019-06-14 09:09:39,416 INFO  client.GrpcClientProtocolClient (GrpcClientProtocolClient.java:onNext(254)) - client-C0E347E82FC5->e6065258-5a2c-4a72-9f81-ed1321f551ca: receive RaftClientReply:client-C0E347E82FC5->e6065258-5a2c-4a72-9f81-ed1321f551ca@group-13364FE26125, cid=2140, SUCCESS, logIndex=3537, commits[e6065258-5a2c-4a72-9f81-ed1321f551ca:c3538]
2019-06-14 09:09:39,420 INFO  client.GrpcClientProtocolClient (GrpcClientProtocolClient.java:onNext(254)) - client-C0E347E82FC5->e6065258-5a2c-4a72-9f81-ed1321f551ca: receive RaftClientReply:client-C0E347E82FC5->e6065258-5a2c-4a72-9f81-ed1321f551ca@group-13364FE26125, cid=2141, SUCCESS, logIndex=3539, commits[e6065258-5a2c-4a72-9f81-ed1321f551ca:c3539]
2019-06-14 09:09:39,422 INFO  client.GrpcClientProtocolClient (GrpcClientProtocolClient.java:onNext(254)) - client-C0E347E82FC5->e6065258-5a2c-4a72-9f81-ed1321f551ca: receive RaftClientReply:client-C0E347E82FC5->e6065258-5a2c-4a72-9f81-ed1321f551ca@group-13364FE26125, cid=2142, SUCCESS, logIndex=3541, commits[e6065258-5a2c-4a72-9f81-ed1321f551ca:c3541]
2019-06-14 09:09:39,423 INFO  client.GrpcClientProtocolClient (GrpcClientProtocolClient.java:onNext(254)) - client-C0E347E82FC5->e6065258-5a2c-4a72-9f81-ed1321f551ca: receive RaftClientReply:client-C0E347E82FC5->e6065258-5a2c-4a72-9f81-ed1321f551ca@group-13364FE26125, cid=2143, SUCCESS, logIndex=3542, commits[e6065258-5a2c-4a72-9f81-ed1321f551ca:c3544]
2019-06-14 09:09:39,423 INFO  client.GrpcClientProtocolClient (GrpcClientProtocolClient.java:onNext(254)) - client-C0E347E82FC5->e6065258-5a2c-4a72-9f81-ed1321f551ca: receive RaftClientReply:client-C0E347E82FC5->e6065258-5a2c-4a72-9f81-ed1321f551ca@group-13364FE26125, cid=2144, SUCCESS, logIndex=3543, commits[e6065258-5a2c-4a72-9f81-ed1321f551ca:c3544]
2019-06-14 09:09:39,431 INFO  client.GrpcClientProtocolClient (GrpcClientProtocolClient.java:onNext(254)) - client-C0E347E82FC5->e6065258-5a2c-4a72-9f81-ed1321f551ca: receive RaftClientReply:client-C0E347E82FC5->e6065258-5a2c-4a72-9f81-ed1321f551ca@group-13364FE26125, cid=2145, SUCCESS, logIndex=3545, commits[e6065258-5a2c-4a72-9f81-ed1321f551ca:c3545]
2019-06-14 09:09:39,433 INFO  client.GrpcClientProtocolClient (GrpcClientProtocolClient.java:onNext(254)) - client-C0E347E82FC5->e6065258-5a2c-4a72-9f81-ed1321f551ca: receive RaftClientReply:client-C0E347E82FC5->e6065258-5a2c-4a72-9f81-ed1321f551ca@group-13364FE26125, cid=2146, SUCCESS, logIndex=3547, commits[e6065258-5a2c-4a72-9f81-ed1321f551ca:c3547]
2019-06-14 09:09:39,434 INFO  client.GrpcClientProtocolClient (GrpcClientProtocolClient.java:onNext(254)) - client-C0E347E82FC5->e6065258-5a2c-4a72-9f81-ed1321f551ca: receive RaftClientReply:client-C0E347E82FC5->e6065258-5a2c-4a72-9f81-ed1321f551ca@group-13364FE26125, cid=2147, SUCCESS, logIndex=3548, commits[e6065258-5a2c-4a72-9f81-ed1321f551ca:c3550]
2019-06-14 09:09:39,434 INFO  client.GrpcClientProtocolClient (GrpcClientProtocolClient.java:onNext(254)) - client-C0E347E82FC5->e6065258-5a2c-4a72-9f81-ed1321f551ca: receive RaftClientReply:client-C0E347E82FC5->e6065258-5a2c-4a72-9f81-ed1321f551ca@group-13364FE26125, cid=2148, SUCCESS, logIndex=3549, commits[e6065258-5a2c-4a72-9f81-ed1321f551ca:c3550]
2019-06-14 09:09:39,440 INFO  client.GrpcClientProtocolClient (GrpcClientProtocolClient.java:onNext(254)) - client-C0E347E82FC5->e6065258-5a2c-4a72-9f81-ed1321f551ca: receive RaftClientReply:client-C0E347E82FC5->e6065258-5a2c-4a72-9f81-ed1321f551ca@group-13364FE26125, cid=2149, SUCCESS, logIndex=3551, commits[e6065258-5a2c-4a72-9f81-ed1321f551ca:c3551]
2019-06-14 09:09:39,440 INFO  storage.RaftLogWorker (RaftLogWorker.java:rollLogSegment(303)) - e6065258-5a2c-4a72-9f81-ed1321f551ca-RaftLogWorker: Rolling segment log-3484_3552 to index:3552
2019-06-14 09:09:39,440 INFO  storage.RaftLogWorker (RaftLogWorker.java:execute(433)) - e6065258-5a2c-4a72-9f81-ed1321f551ca-RaftLogWorker: Rolled log segment from /opt/src/hadoop-ozone/integration-test/target/test-dir/MiniOzoneClusterImpl-a56da109-a1cb-4168-8966-62306f2f2d23/datanode-0/data/ratis/920138aa-6f47-4d6d-b5cc-13364fe26125/current/log_inprogress_3484 to /opt/src/hadoop-ozone/integration-test/target/test-dir/MiniOzoneClusterImpl-a56da109-a1cb-4168-8966-62306f2f2d23/datanode-0/data/ratis/920138aa-6f47-4d6d-b5cc-13364fe26125/current/log_3484-3552
2019-06-14 09:09:39,475 INFO  storage.RaftLogWorker (RaftLogWorker.java:execute(469)) - e6065258-5a2c-4a72-9f81-ed1321f551ca-RaftLogWorker: created new log segment /opt/src/hadoop-ozone/integration-test/target/test-dir/MiniOzoneClusterImpl-a56da109-a1cb-4168-8966-62306f2f2d23/datanode-0/data/ratis/920138aa-6f47-4d6d-b5cc-13364fe26125/current/log_inprogress_3553
2019-06-14 09:09:39,476 INFO  client.GrpcClientProtocolClient (GrpcClientProtocolClient.java:onNext(254)) - client-C0E347E82FC5->e6065258-5a2c-4a72-9f81-ed1321f551ca: receive RaftClientReply:client-C0E347E82FC5->e6065258-5a2c-4a72-9f81-ed1321f551ca@group-13364FE26125, cid=2150, SUCCESS, logIndex=3553, commits[e6065258-5a2c-4a72-9f81-ed1321f551ca:c3555]
2019-06-14 09:09:39,477 INFO  client.GrpcClientProtocolClient (GrpcClientProtocolClient.java:onNext(254)) - client-C0E347E82FC5->e6065258-5a2c-4a72-9f81-ed1321f551ca: receive RaftClientReply:client-C0E347E82FC5->e6065258-5a2c-4a72-9f81-ed1321f551ca@group-13364FE26125, cid=2151, SUCCESS, logIndex=3554, commits[e6065258-5a2c-4a72-9f81-ed1321f551ca:c3556]
2019-06-14 09:09:39,477 INFO  client.GrpcClientProtocolClient (GrpcClientProtocolClient.java:onNext(254)) - client-C0E347E82FC5->e6065258-5a2c-4a72-9f81-ed1321f551ca: receive RaftClientReply:client-C0E347E82FC5->e6065258-5a2c-4a72-9f81-ed1321f551ca@group-13364FE26125, cid=2152, SUCCESS, logIndex=3555, commits[e6065258-5a2c-4a72-9f81-ed1321f551ca:c3556]
2019-06-14 09:09:39,486 INFO  client.GrpcClientProtocolClient (GrpcClientProtocolClient.java:onNext(254)) - client-C0E347E82FC5->e6065258-5a2c-4a72-9f81-ed1321f551ca: receive RaftClientReply:client-C0E347E82FC5->e6065258-5a2c-4a72-9f81-ed1321f551ca@group-13364FE26125, cid=2153, SUCCESS, logIndex=3557, commits[e6065258-5a2c-4a72-9f81-ed1321f551ca:c3557]
2019-06-14 09:09:39,489 DEBUG block.SCMBlockDeletingService (SCMBlockDeletingService.java:call(138)) - Running DeletedBlockTransactionScanner
2019-06-14 09:09:39,489 DEBUG block.SCMBlockDeletingService (SCMBlockDeletingService.java:call(155)) - Scanned deleted blocks log and got 0 delTX to process.
2019-06-14 09:09:39,490 INFO  client.GrpcClientProtocolClient (GrpcClientProtocolClient.java:onNext(254)) - client-C0E347E82FC5->e6065258-5a2c-4a72-9f81-ed1321f551ca: receive RaftClientReply:client-C0E347E82FC5->e6065258-5a2c-4a72-9f81-ed1321f551ca@group-13364FE26125, cid=2154, SUCCESS, logIndex=3559, commits[e6065258-5a2c-4a72-9f81-ed1321f551ca:c3559]
2019-06-14 09:09:39,490 INFO  client.GrpcClientProtocolClient (GrpcClientProtocolClient.java:onNext(254)) - client-C0E347E82FC5->e6065258-5a2c-4a72-9f81-ed1321f551ca: receive RaftClientReply:client-C0E347E82FC5->e6065258-5a2c-4a72-9f81-ed1321f551ca@group-13364FE26125, cid=2155, SUCCESS, logIndex=3560, commits[e6065258-5a2c-4a72-9f81-ed1321f551ca:c3562]
2019-06-14 09:09:39,490 INFO  client.GrpcClientProtocolClient (GrpcClientProtocolClient.java:onNext(254)) - client-C0E347E82FC5->e6065258-5a2c-4a72-9f81-ed1321f551ca: receive RaftClientReply:client-C0E347E82FC5->e6065258-5a2c-4a72-9f81-ed1321f551ca@group-13364FE26125, cid=2156, SUCCESS, logIndex=3561, commits[e6065258-5a2c-4a72-9f81-ed1321f551ca:c3562]
2019-06-14 09:09:39,496 INFO  client.GrpcClientProtocolClient (GrpcClientProtocolClient.java:onNext(254)) - client-C0E347E82FC5->e6065258-5a2c-4a72-9f81-ed1321f551ca: receive RaftClientReply:client-C0E347E82FC5->e6065258-5a2c-4a72-9f81-ed1321f551ca@group-13364FE26125, cid=2157, SUCCESS, logIndex=3563, commits[e6065258-5a2c-4a72-9f81-ed1321f551ca:c3563]
2019-06-14 09:09:39,500 INFO  client.GrpcClientProtocolClient (GrpcClientProtocolClient.java:onNext(254)) - client-C0E347E82FC5->e6065258-5a2c-4a72-9f81-ed1321f551ca: receive RaftClientReply:client-C0E347E82FC5->e6065258-5a2c-4a72-9f81-ed1321f551ca@group-13364FE26125, cid=2158, SUCCESS, logIndex=3565, commits[e6065258-5a2c-4a72-9f81-ed1321f551ca:c3565]
2019-06-14 09:09:39,501 INFO  client.GrpcClientProtocolClient (GrpcClientProtocolClient.java:onNext(254)) - client-C0E347E82FC5->e6065258-5a2c-4a72-9f81-ed1321f551ca: receive RaftClientReply:client-C0E347E82FC5->e6065258-5a2c-4a72-9f81-ed1321f551ca@group-13364FE26125, cid=2159, SUCCESS, logIndex=3566, commits[e6065258-5a2c-4a72-9f81-ed1321f551ca:c3568]
2019-06-14 09:09:39,501 INFO  client.GrpcClientProtocolClient (GrpcClientProtocolClient.java:onNext(254)) - client-C0E347E82FC5->e6065258-5a2c-4a72-9f81-ed1321f551ca: receive RaftClientReply:client-C0E347E82FC5->e6065258-5a2c-4a72-9f81-ed1321f551ca@group-13364FE26125, cid=2160, SUCCESS, logIndex=3567, commits[e6065258-5a2c-4a72-9f81-ed1321f551ca:c3568]
2019-06-14 09:09:39,509 INFO  client.GrpcClientProtocolClient (GrpcClientProtocolClient.java:onNext(254)) - client-C0E347E82FC5->e6065258-5a2c-4a72-9f81-ed1321f551ca: receive RaftClientReply:client-C0E347E82FC5->e6065258-5a2c-4a72-9f81-ed1321f551ca@group-13364FE26125, cid=2161, SUCCESS, logIndex=3569, commits[e6065258-5a2c-4a72-9f81-ed1321f551ca:c3569]
2019-06-14 09:09:39,511 INFO  client.GrpcClientProtocolClient (GrpcClientProtocolClient.java:onNext(254)) - client-C0E347E82FC5->e6065258-5a2c-4a72-9f81-ed1321f551ca: receive RaftClientReply:client-C0E347E82FC5->e6065258-5a2c-4a72-9f81-ed1321f551ca@group-13364FE26125, cid=2162, SUCCESS, logIndex=3571, commits[e6065258-5a2c-4a72-9f81-ed1321f551ca:c3571]
2019-06-14 09:09:39,512 INFO  client.GrpcClientProtocolClient (GrpcClientProtocolClient.java:onNext(254)) - client-C0E347E82FC5->e6065258-5a2c-4a72-9f81-ed1321f551ca: receive RaftClientReply:client-C0E347E82FC5->e6065258-5a2c-4a72-9f81-ed1321f551ca@group-13364FE26125, cid=2163, SUCCESS, logIndex=3572, commits[e6065258-5a2c-4a72-9f81-ed1321f551ca:c3574]
2019-06-14 09:09:39,512 INFO  client.GrpcClientProtocolClient (GrpcClientProtocolClient.java:onNext(254)) - client-C0E347E82FC5->e6065258-5a2c-4a72-9f81-ed1321f551ca: receive RaftClientReply:client-C0E347E82FC5->e6065258-5a2c-4a72-9f81-ed1321f551ca@group-13364FE26125, cid=2164, SUCCESS, logIndex=3573, commits[e6065258-5a2c-4a72-9f81-ed1321f551ca:c3574]
2019-06-14 09:09:39,771 DEBUG block.SCMBlockDeletingService (SCMBlockDeletingService.java:call(138)) - Running DeletedBlockTransactionScanner
2019-06-14 09:09:39,771 DEBUG block.SCMBlockDeletingService (SCMBlockDeletingService.java:call(155)) - Scanned deleted blocks log and got 0 delTX to process.
2019-06-14 09:09:39,834 INFO  client.GrpcClientProtocolClient (GrpcClientProtocolClient.java:onNext(254)) - client-C0E347E82FC5->e6065258-5a2c-4a72-9f81-ed1321f551ca: receive RaftClientReply:client-C0E347E82FC5->e6065258-5a2c-4a72-9f81-ed1321f551ca@group-13364FE26125, cid=2165, SUCCESS, logIndex=3575, commits[e6065258-5a2c-4a72-9f81-ed1321f551ca:c3575]
2019-06-14 09:09:39,835 INFO  client.GrpcClientProtocolClient (GrpcClientProtocolClient.java:onNext(254)) - client-C0E347E82FC5->e6065258-5a2c-4a72-9f81-ed1321f551ca: receive RaftClientReply:client-C0E347E82FC5->e6065258-5a2c-4a72-9f81-ed1321f551ca@group-13364FE26125, cid=2166, SUCCESS, logIndex=3577, commits[e6065258-5a2c-4a72-9f81-ed1321f551ca:c3577]
2019-06-14 09:09:39,836 INFO  client.GrpcClientProtocolClient (GrpcClientProtocolClient.java:onNext(254)) - client-C0E347E82FC5->e6065258-5a2c-4a72-9f81-ed1321f551ca: receive RaftClientReply:client-C0E347E82FC5->e6065258-5a2c-4a72-9f81-ed1321f551ca@group-13364FE26125, cid=2167, SUCCESS, logIndex=3578, commits[e6065258-5a2c-4a72-9f81-ed1321f551ca:c3580]
2019-06-14 09:09:39,837 INFO  client.GrpcClientProtocolClient (GrpcClientProtocolClient.java:onNext(254)) - client-C0E347E82FC5->e6065258-5a2c-4a72-9f81-ed1321f551ca: receive RaftClientReply:client-C0E347E82FC5->e6065258-5a2c-4a72-9f81-ed1321f551ca@group-13364FE26125, cid=2168, SUCCESS, logIndex=3579, commits[e6065258-5a2c-4a72-9f81-ed1321f551ca:c3580]
2019-06-14 09:09:39,845 INFO  client.GrpcClientProtocolClient (GrpcClientProtocolClient.java:onNext(254)) - client-C0E347E82FC5->e6065258-5a2c-4a72-9f81-ed1321f551ca: receive RaftClientReply:client-C0E347E82FC5->e6065258-5a2c-4a72-9f81-ed1321f551ca@group-13364FE26125, cid=2169, SUCCESS, logIndex=3581, commits[e6065258-5a2c-4a72-9f81-ed1321f551ca:c3581]
2019-06-14 09:09:39,846 INFO  client.GrpcClientProtocolClient (GrpcClientProtocolClient.java:onNext(254)) - client-C0E347E82FC5->e6065258-5a2c-4a72-9f81-ed1321f551ca: receive RaftClientReply:client-C0E347E82FC5->e6065258-5a2c-4a72-9f81-ed1321f551ca@group-13364FE26125, cid=2170, SUCCESS, logIndex=3583, commits[e6065258-5a2c-4a72-9f81-ed1321f551ca:c3583]
2019-06-14 09:09:39,847 INFO  client.GrpcClientProtocolClient (GrpcClientProtocolClient.java:onNext(254)) - client-C0E347E82FC5->e6065258-5a2c-4a72-9f81-ed1321f551ca: receive RaftClientReply:client-C0E347E82FC5->e6065258-5a2c-4a72-9f81-ed1321f551ca@group-13364FE26125, cid=2171, SUCCESS, logIndex=3584, commits[e6065258-5a2c-4a72-9f81-ed1321f551ca:c3586]
2019-06-14 09:09:39,848 INFO  client.GrpcClientProtocolClient (GrpcClientProtocolClient.java:onNext(254)) - client-C0E347E82FC5->e6065258-5a2c-4a72-9f81-ed1321f551ca: receive RaftClientReply:client-C0E347E82FC5->e6065258-5a2c-4a72-9f81-ed1321f551ca@group-13364FE26125, cid=2172, SUCCESS, logIndex=3585, commits[e6065258-5a2c-4a72-9f81-ed1321f551ca:c3586]
2019-06-14 09:09:39,853 INFO  client.GrpcClientProtocolClient (GrpcClientProtocolClient.java:onNext(254)) - client-C0E347E82FC5->e6065258-5a2c-4a72-9f81-ed1321f551ca: receive RaftClientReply:client-C0E347E82FC5->e6065258-5a2c-4a72-9f81-ed1321f551ca@group-13364FE26125, cid=2173, SUCCESS, logIndex=3587, commits[e6065258-5a2c-4a72-9f81-ed1321f551ca:c3587]
2019-06-14 09:09:39,854 INFO  client.GrpcClientProtocolClient (GrpcClientProtocolClient.java:onNext(254)) - client-C0E347E82FC5->e6065258-5a2c-4a72-9f81-ed1321f551ca: receive RaftClientReply:client-C0E347E82FC5->e6065258-5a2c-4a72-9f81-ed1321f551ca@group-13364FE26125, cid=2174, SUCCESS, logIndex=3589, commits[e6065258-5a2c-4a72-9f81-ed1321f551ca:c3589]
2019-06-14 09:09:39,856 INFO  client.GrpcClientProtocolClient (GrpcClientProtocolClient.java:onNext(254)) - client-C0E347E82FC5->e6065258-5a2c-4a72-9f81-ed1321f551ca: receive RaftClientReply:client-C0E347E82FC5->e6065258-5a2c-4a72-9f81-ed1321f551ca@group-13364FE26125, cid=2175, SUCCESS, logIndex=3591, commits[e6065258-5a2c-4a72-9f81-ed1321f551ca:c3592]
2019-06-14 09:09:39,863 INFO  client.GrpcClientProtocolClient (GrpcClientProtocolClient.java:onNext(254)) - client-C0E347E82FC5->e6065258-5a2c-4a72-9f81-ed1321f551ca: receive RaftClientReply:client-C0E347E82FC5->e6065258-5a2c-4a72-9f81-ed1321f551ca@group-13364FE26125, cid=2176, SUCCESS, logIndex=3592, commits[e6065258-5a2c-4a72-9f81-ed1321f551ca:c3592]
2019-06-14 09:09:39,871 DEBUG block.SCMBlockDeletingService (SCMBlockDeletingService.java:call(138)) - Running DeletedBlockTransactionScanner
2019-06-14 09:09:39,871 DEBUG block.SCMBlockDeletingService (SCMBlockDeletingService.java:call(155)) - Scanned deleted blocks log and got 0 delTX to process.
2019-06-14 09:09:39,874 INFO  client.GrpcClientProtocolClient (GrpcClientProtocolClient.java:onNext(254)) - client-C0E347E82FC5->e6065258-5a2c-4a72-9f81-ed1321f551ca: receive RaftClientReply:client-C0E347E82FC5->e6065258-5a2c-4a72-9f81-ed1321f551ca@group-13364FE26125, cid=2177, SUCCESS, logIndex=3594, commits[e6065258-5a2c-4a72-9f81-ed1321f551ca:c3594]
2019-06-14 09:09:39,877 INFO  client.GrpcClientProtocolClient (GrpcClientProtocolClient.java:onNext(254)) - client-C0E347E82FC5->e6065258-5a2c-4a72-9f81-ed1321f551ca: receive RaftClientReply:client-C0E347E82FC5->e6065258-5a2c-4a72-9f81-ed1321f551ca@group-13364FE26125, cid=2178, SUCCESS, logIndex=3596, commits[e6065258-5a2c-4a72-9f81-ed1321f551ca:c3596]
2019-06-14 09:09:39,877 INFO  client.GrpcClientProtocolClient (GrpcClientProtocolClient.java:onNext(254)) - client-C0E347E82FC5->e6065258-5a2c-4a72-9f81-ed1321f551ca: receive RaftClientReply:client-C0E347E82FC5->e6065258-5a2c-4a72-9f81-ed1321f551ca@group-13364FE26125, cid=2179, SUCCESS, logIndex=3597, commits[e6065258-5a2c-4a72-9f81-ed1321f551ca:c3599]
2019-06-14 09:09:39,877 INFO  client.GrpcClientProtocolClient (GrpcClientProtocolClient.java:onNext(254)) - client-C0E347E82FC5->e6065258-5a2c-4a72-9f81-ed1321f551ca: receive RaftClientReply:client-C0E347E82FC5->e6065258-5a2c-4a72-9f81-ed1321f551ca@group-13364FE26125, cid=2180, SUCCESS, logIndex=3598, commits[e6065258-5a2c-4a72-9f81-ed1321f551ca:c3599]
2019-06-14 09:09:39,883 INFO  client.GrpcClientProtocolClient (GrpcClientProtocolClient.java:onNext(254)) - client-C0E347E82FC5->e6065258-5a2c-4a72-9f81-ed1321f551ca: receive RaftClientReply:client-C0E347E82FC5->e6065258-5a2c-4a72-9f81-ed1321f551ca@group-13364FE26125, cid=2181, SUCCESS, logIndex=3600, commits[e6065258-5a2c-4a72-9f81-ed1321f551ca:c3600]
2019-06-14 09:09:39,885 INFO  client.GrpcClientProtocolClient (GrpcClientProtocolClient.java:onNext(254)) - client-C0E347E82FC5->e6065258-5a2c-4a72-9f81-ed1321f551ca: receive RaftClientReply:client-C0E347E82FC5->e6065258-5a2c-4a72-9f81-ed1321f551ca@group-13364FE26125, cid=2182, SUCCESS, logIndex=3602, commits[e6065258-5a2c-4a72-9f81-ed1321f551ca:c3602]
2019-06-14 09:09:39,886 INFO  client.GrpcClientProtocolClient (GrpcClientProtocolClient.java:onNext(254)) - client-C0E347E82FC5->e6065258-5a2c-4a72-9f81-ed1321f551ca: receive RaftClientReply:client-C0E347E82FC5->e6065258-5a2c-4a72-9f81-ed1321f551ca@group-13364FE26125, cid=2183, SUCCESS, logIndex=3603, commits[e6065258-5a2c-4a72-9f81-ed1321f551ca:c3605]
2019-06-14 09:09:39,887 INFO  client.GrpcClientProtocolClient (GrpcClientProtocolClient.java:onNext(254)) - client-C0E347E82FC5->e6065258-5a2c-4a72-9f81-ed1321f551ca: receive RaftClientReply:client-C0E347E82FC5->e6065258-5a2c-4a72-9f81-ed1321f551ca@group-13364FE26125, cid=2184, SUCCESS, logIndex=3604, commits[e6065258-5a2c-4a72-9f81-ed1321f551ca:c3605]
2019-06-14 09:09:39,895 INFO  client.GrpcClientProtocolClient (GrpcClientProtocolClient.java:onNext(254)) - client-C0E347E82FC5->e6065258-5a2c-4a72-9f81-ed1321f551ca: receive RaftClientReply:client-C0E347E82FC5->e6065258-5a2c-4a72-9f81-ed1321f551ca@group-13364FE26125, cid=2185, SUCCESS, logIndex=3606, commits[e6065258-5a2c-4a72-9f81-ed1321f551ca:c3606]
2019-06-14 09:09:39,897 INFO  client.GrpcClientProtocolClient (GrpcClientProtocolClient.java:onNext(254)) - client-C0E347E82FC5->e6065258-5a2c-4a72-9f81-ed1321f551ca: receive RaftClientReply:client-C0E347E82FC5->e6065258-5a2c-4a72-9f81-ed1321f551ca@group-13364FE26125, cid=2186, SUCCESS, logIndex=3608, commits[e6065258-5a2c-4a72-9f81-ed1321f551ca:c3608]
2019-06-14 09:09:39,897 INFO  client.GrpcClientProtocolClient (GrpcClientProtocolClient.java:onNext(254)) - client-C0E347E82FC5->e6065258-5a2c-4a72-9f81-ed1321f551ca: receive RaftClientReply:client-C0E347E82FC5->e6065258-5a2c-4a72-9f81-ed1321f551ca@group-13364FE26125, cid=2187, SUCCESS, logIndex=3609, commits[e6065258-5a2c-4a72-9f81-ed1321f551ca:c3611]
2019-06-14 09:09:39,898 INFO  client.GrpcClientProtocolClient (GrpcClientProtocolClient.java:onNext(254)) - client-C0E347E82FC5->e6065258-5a2c-4a72-9f81-ed1321f551ca: receive RaftClientReply:client-C0E347E82FC5->e6065258-5a2c-4a72-9f81-ed1321f551ca@group-13364FE26125, cid=2188, SUCCESS, logIndex=3610, commits[e6065258-5a2c-4a72-9f81-ed1321f551ca:c3611]
2019-06-14 09:09:39,906 INFO  client.GrpcClientProtocolClient (GrpcClientProtocolClient.java:onNext(254)) - client-C0E347E82FC5->e6065258-5a2c-4a72-9f81-ed1321f551ca: receive RaftClientReply:client-C0E347E82FC5->e6065258-5a2c-4a72-9f81-ed1321f551ca@group-13364FE26125, cid=2189, SUCCESS, logIndex=3612, commits[e6065258-5a2c-4a72-9f81-ed1321f551ca:c3612]
2019-06-14 09:09:39,907 INFO  client.GrpcClientProtocolClient (GrpcClientProtocolClient.java:onNext(254)) - client-C0E347E82FC5->e6065258-5a2c-4a72-9f81-ed1321f551ca: receive RaftClientReply:client-C0E347E82FC5->e6065258-5a2c-4a72-9f81-ed1321f551ca@group-13364FE26125, cid=2190, SUCCESS, logIndex=3614, commits[e6065258-5a2c-4a72-9f81-ed1321f551ca:c3614]
2019-06-14 09:09:39,909 INFO  client.GrpcClientProtocolClient (GrpcClientProtocolClient.java:onNext(254)) - client-C0E347E82FC5->e6065258-5a2c-4a72-9f81-ed1321f551ca: receive RaftClientReply:client-C0E347E82FC5->e6065258-5a2c-4a72-9f81-ed1321f551ca@group-13364FE26125, cid=2191, SUCCESS, logIndex=3615, commits[e6065258-5a2c-4a72-9f81-ed1321f551ca:c3617]
2019-06-14 09:09:39,909 INFO  client.GrpcClientProtocolClient (GrpcClientProtocolClient.java:onNext(254)) - client-C0E347E82FC5->e6065258-5a2c-4a72-9f81-ed1321f551ca: receive RaftClientReply:client-C0E347E82FC5->e6065258-5a2c-4a72-9f81-ed1321f551ca@group-13364FE26125, cid=2192, SUCCESS, logIndex=3616, commits[e6065258-5a2c-4a72-9f81-ed1321f551ca:c3617]
2019-06-14 09:09:39,915 INFO  storage.RaftLogWorker (RaftLogWorker.java:rollLogSegment(303)) - e6065258-5a2c-4a72-9f81-ed1321f551ca-RaftLogWorker: Rolling segment log-3553_3617 to index:3617
2019-06-14 09:09:39,916 INFO  storage.RaftLogWorker (RaftLogWorker.java:execute(433)) - e6065258-5a2c-4a72-9f81-ed1321f551ca-RaftLogWorker: Rolled log segment from /opt/src/hadoop-ozone/integration-test/target/test-dir/MiniOzoneClusterImpl-a56da109-a1cb-4168-8966-62306f2f2d23/datanode-0/data/ratis/920138aa-6f47-4d6d-b5cc-13364fe26125/current/log_inprogress_3553 to /opt/src/hadoop-ozone/integration-test/target/test-dir/MiniOzoneClusterImpl-a56da109-a1cb-4168-8966-62306f2f2d23/datanode-0/data/ratis/920138aa-6f47-4d6d-b5cc-13364fe26125/current/log_3553-3617
2019-06-14 09:09:39,959 INFO  storage.RaftLogWorker (RaftLogWorker.java:execute(469)) - e6065258-5a2c-4a72-9f81-ed1321f551ca-RaftLogWorker: created new log segment /opt/src/hadoop-ozone/integration-test/target/test-dir/MiniOzoneClusterImpl-a56da109-a1cb-4168-8966-62306f2f2d23/datanode-0/data/ratis/920138aa-6f47-4d6d-b5cc-13364fe26125/current/log_inprogress_3618
2019-06-14 09:09:39,960 INFO  client.GrpcClientProtocolClient (GrpcClientProtocolClient.java:onNext(254)) - client-C0E347E82FC5->e6065258-5a2c-4a72-9f81-ed1321f551ca: receive RaftClientReply:client-C0E347E82FC5->e6065258-5a2c-4a72-9f81-ed1321f551ca@group-13364FE26125, cid=2193, SUCCESS, logIndex=3618, commits[e6065258-5a2c-4a72-9f81-ed1321f551ca:c3618]
2019-06-14 09:09:39,961 INFO  client.GrpcClientProtocolClient (GrpcClientProtocolClient.java:onNext(254)) - client-C0E347E82FC5->e6065258-5a2c-4a72-9f81-ed1321f551ca: receive RaftClientReply:client-C0E347E82FC5->e6065258-5a2c-4a72-9f81-ed1321f551ca@group-13364FE26125, cid=2194, SUCCESS, logIndex=3620, commits[e6065258-5a2c-4a72-9f81-ed1321f551ca:c3620]
2019-06-14 09:09:39,962 INFO  client.GrpcClientProtocolClient (GrpcClientProtocolClient.java:onNext(254)) - client-C0E347E82FC5->e6065258-5a2c-4a72-9f81-ed1321f551ca: receive RaftClientReply:client-C0E347E82FC5->e6065258-5a2c-4a72-9f81-ed1321f551ca@group-13364FE26125, cid=2195, SUCCESS, logIndex=3621, commits[e6065258-5a2c-4a72-9f81-ed1321f551ca:c3623]
2019-06-14 09:09:39,963 INFO  client.GrpcClientProtocolClient (GrpcClientProtocolClient.java:onNext(254)) - client-C0E347E82FC5->e6065258-5a2c-4a72-9f81-ed1321f551ca: receive RaftClientReply:client-C0E347E82FC5->e6065258-5a2c-4a72-9f81-ed1321f551ca@group-13364FE26125, cid=2196, SUCCESS, logIndex=3622, commits[e6065258-5a2c-4a72-9f81-ed1321f551ca:c3623]
2019-06-14 09:09:39,967 INFO  client.GrpcClientProtocolClient (GrpcClientProtocolClient.java:onNext(254)) - client-C0E347E82FC5->e6065258-5a2c-4a72-9f81-ed1321f551ca: receive RaftClientReply:client-C0E347E82FC5->e6065258-5a2c-4a72-9f81-ed1321f551ca@group-13364FE26125, cid=2197, SUCCESS, logIndex=3624, commits[e6065258-5a2c-4a72-9f81-ed1321f551ca:c3624]
2019-06-14 09:09:39,969 INFO  client.GrpcClientProtocolClient (GrpcClientProtocolClient.java:onNext(254)) - client-C0E347E82FC5->e6065258-5a2c-4a72-9f81-ed1321f551ca: receive RaftClientReply:client-C0E347E82FC5->e6065258-5a2c-4a72-9f81-ed1321f551ca@group-13364FE26125, cid=2198, SUCCESS, logIndex=3626, commits[e6065258-5a2c-4a72-9f81-ed1321f551ca:c3626]
2019-06-14 09:09:39,970 INFO  client.GrpcClientProtocolClient (GrpcClientProtocolClient.java:onNext(254)) - client-C0E347E82FC5->e6065258-5a2c-4a72-9f81-ed1321f551ca: receive RaftClientReply:client-C0E347E82FC5->e6065258-5a2c-4a72-9f81-ed1321f551ca@group-13364FE26125, cid=2199, SUCCESS, logIndex=3627, commits[e6065258-5a2c-4a72-9f81-ed1321f551ca:c3629]
2019-06-14 09:09:39,970 INFO  client.GrpcClientProtocolClient (GrpcClientProtocolClient.java:onNext(254)) - client-C0E347E82FC5->e6065258-5a2c-4a72-9f81-ed1321f551ca: receive RaftClientReply:client-C0E347E82FC5->e6065258-5a2c-4a72-9f81-ed1321f551ca@group-13364FE26125, cid=2200, SUCCESS, logIndex=3628, commits[e6065258-5a2c-4a72-9f81-ed1321f551ca:c3629]
2019-06-14 09:09:39,973 DEBUG block.SCMBlockDeletingService (SCMBlockDeletingService.java:call(138)) - Running DeletedBlockTransactionScanner
2019-06-14 09:09:39,973 DEBUG block.SCMBlockDeletingService (SCMBlockDeletingService.java:call(155)) - Scanned deleted blocks log and got 0 delTX to process.
2019-06-14 09:09:39,980 INFO  client.GrpcClientProtocolClient (GrpcClientProtocolClient.java:onNext(254)) - client-C0E347E82FC5->e6065258-5a2c-4a72-9f81-ed1321f551ca: receive RaftClientReply:client-C0E347E82FC5->e6065258-5a2c-4a72-9f81-ed1321f551ca@group-13364FE26125, cid=2201, SUCCESS, logIndex=3630, commits[e6065258-5a2c-4a72-9f81-ed1321f551ca:c3630]
2019-06-14 09:09:39,982 INFO  client.GrpcClientProtocolClient (GrpcClientProtocolClient.java:onNext(254)) - client-C0E347E82FC5->e6065258-5a2c-4a72-9f81-ed1321f551ca: receive RaftClientReply:client-C0E347E82FC5->e6065258-5a2c-4a72-9f81-ed1321f551ca@group-13364FE26125, cid=2202, SUCCESS, logIndex=3632, commits[e6065258-5a2c-4a72-9f81-ed1321f551ca:c3632]
2019-06-14 09:09:39,982 INFO  client.GrpcClientProtocolClient (GrpcClientProtocolClient.java:onNext(254)) - client-C0E347E82FC5->e6065258-5a2c-4a72-9f81-ed1321f551ca: receive RaftClientReply:client-C0E347E82FC5->e6065258-5a2c-4a72-9f81-ed1321f551ca@group-13364FE26125, cid=2203, SUCCESS, logIndex=3633, commits[e6065258-5a2c-4a72-9f81-ed1321f551ca:c3634]
2019-06-14 09:09:39,983 INFO  client.GrpcClientProtocolClient (GrpcClientProtocolClient.java:onNext(254)) - client-C0E347E82FC5->e6065258-5a2c-4a72-9f81-ed1321f551ca: receive RaftClientReply:client-C0E347E82FC5->e6065258-5a2c-4a72-9f81-ed1321f551ca@group-13364FE26125, cid=2204, SUCCESS, logIndex=3634, commits[e6065258-5a2c-4a72-9f81-ed1321f551ca:c3634]
2019-06-14 09:09:39,988 INFO  client.GrpcClientProtocolClient (GrpcClientProtocolClient.java:onNext(254)) - client-C0E347E82FC5->e6065258-5a2c-4a72-9f81-ed1321f551ca: receive RaftClientReply:client-C0E347E82FC5->e6065258-5a2c-4a72-9f81-ed1321f551ca@group-13364FE26125, cid=2205, SUCCESS, logIndex=3637, commits[e6065258-5a2c-4a72-9f81-ed1321f551ca:c3637]
2019-06-14 09:09:39,989 INFO  client.GrpcClientProtocolClient (GrpcClientProtocolClient.java:onNext(254)) - client-C0E347E82FC5->e6065258-5a2c-4a72-9f81-ed1321f551ca: receive RaftClientReply:client-C0E347E82FC5->e6065258-5a2c-4a72-9f81-ed1321f551ca@group-13364FE26125, cid=2206, SUCCESS, logIndex=3639, commits[e6065258-5a2c-4a72-9f81-ed1321f551ca:c3639]
2019-06-14 09:09:39,990 INFO  client.GrpcClientProtocolClient (GrpcClientProtocolClient.java:onNext(254)) - client-C0E347E82FC5->e6065258-5a2c-4a72-9f81-ed1321f551ca: receive RaftClientReply:client-C0E347E82FC5->e6065258-5a2c-4a72-9f81-ed1321f551ca@group-13364FE26125, cid=2207, SUCCESS, logIndex=3640, commits[e6065258-5a2c-4a72-9f81-ed1321f551ca:c3642]
2019-06-14 09:09:39,990 INFO  client.GrpcClientProtocolClient (GrpcClientProtocolClient.java:onNext(254)) - client-C0E347E82FC5->e6065258-5a2c-4a72-9f81-ed1321f551ca: receive RaftClientReply:client-C0E347E82FC5->e6065258-5a2c-4a72-9f81-ed1321f551ca@group-13364FE26125, cid=2208, SUCCESS, logIndex=3641, commits[e6065258-5a2c-4a72-9f81-ed1321f551ca:c3642]
2019-06-14 09:09:39,999 INFO  client.GrpcClientProtocolClient (GrpcClientProtocolClient.java:onNext(254)) - client-C0E347E82FC5->e6065258-5a2c-4a72-9f81-ed1321f551ca: receive RaftClientReply:client-C0E347E82FC5->e6065258-5a2c-4a72-9f81-ed1321f551ca@group-13364FE26125, cid=2209, SUCCESS, logIndex=3643, commits[e6065258-5a2c-4a72-9f81-ed1321f551ca:c3643]
2019-06-14 09:09:40,001 INFO  client.GrpcClientProtocolClient (GrpcClientProtocolClient.java:onNext(254)) - client-C0E347E82FC5->e6065258-5a2c-4a72-9f81-ed1321f551ca: receive RaftClientReply:client-C0E347E82FC5->e6065258-5a2c-4a72-9f81-ed1321f551ca@group-13364FE26125, cid=2210, SUCCESS, logIndex=3645, commits[e6065258-5a2c-4a72-9f81-ed1321f551ca:c3645]
2019-06-14 09:09:40,066 INFO  client.GrpcClientProtocolClient (GrpcClientProtocolClient.java:onNext(254)) - client-C0E347E82FC5->e6065258-5a2c-4a72-9f81-ed1321f551ca: receive RaftClientReply:client-C0E347E82FC5->e6065258-5a2c-4a72-9f81-ed1321f551ca@group-13364FE26125, cid=2211, SUCCESS, logIndex=3647, commits[e6065258-5a2c-4a72-9f81-ed1321f551ca:c3647]
2019-06-14 09:09:40,067 INFO  client.GrpcClientProtocolClient (GrpcClientProtocolClient.java:onNext(254)) - client-C0E347E82FC5->e6065258-5a2c-4a72-9f81-ed1321f551ca: receive RaftClientReply:client-C0E347E82FC5->e6065258-5a2c-4a72-9f81-ed1321f551ca@group-13364FE26125, cid=2212, SUCCESS, logIndex=3649, commits[e6065258-5a2c-4a72-9f81-ed1321f551ca:c3649]
2019-06-14 09:09:40,072 INFO  client.GrpcClientProtocolClient (GrpcClientProtocolClient.java:onNext(254)) - client-C0E347E82FC5->e6065258-5a2c-4a72-9f81-ed1321f551ca: receive RaftClientReply:client-C0E347E82FC5->e6065258-5a2c-4a72-9f81-ed1321f551ca@group-13364FE26125, cid=2213, SUCCESS, logIndex=3651, commits[e6065258-5a2c-4a72-9f81-ed1321f551ca:c3651]
2019-06-14 09:09:40,073 INFO  client.GrpcClientProtocolClient (GrpcClientProtocolClient.java:onNext(254)) - client-C0E347E82FC5->e6065258-5a2c-4a72-9f81-ed1321f551ca: receive RaftClientReply:client-C0E347E82FC5->e6065258-5a2c-4a72-9f81-ed1321f551ca@group-13364FE26125, cid=2214, SUCCESS, logIndex=3653, commits[e6065258-5a2c-4a72-9f81-ed1321f551ca:c3653]
2019-06-14 09:09:40,074 DEBUG block.SCMBlockDeletingService (SCMBlockDeletingService.java:call(138)) - Running DeletedBlockTransactionScanner
2019-06-14 09:09:40,074 DEBUG block.SCMBlockDeletingService (SCMBlockDeletingService.java:call(155)) - Scanned deleted blocks log and got 0 delTX to process.
2019-06-14 09:09:40,074 INFO  client.GrpcClientProtocolClient (GrpcClientProtocolClient.java:onNext(254)) - client-C0E347E82FC5->e6065258-5a2c-4a72-9f81-ed1321f551ca: receive RaftClientReply:client-C0E347E82FC5->e6065258-5a2c-4a72-9f81-ed1321f551ca@group-13364FE26125, cid=2215, SUCCESS, logIndex=3654, commits[e6065258-5a2c-4a72-9f81-ed1321f551ca:c3656]
2019-06-14 09:09:40,075 INFO  client.GrpcClientProtocolClient (GrpcClientProtocolClient.java:onNext(254)) - client-C0E347E82FC5->e6065258-5a2c-4a72-9f81-ed1321f551ca: receive RaftClientReply:client-C0E347E82FC5->e6065258-5a2c-4a72-9f81-ed1321f551ca@group-13364FE26125, cid=2216, SUCCESS, logIndex=3655, commits[e6065258-5a2c-4a72-9f81-ed1321f551ca:c3656]
2019-06-14 09:09:40,086 INFO  client.GrpcClientProtocolClient (GrpcClientProtocolClient.java:onNext(254)) - client-C0E347E82FC5->e6065258-5a2c-4a72-9f81-ed1321f551ca: receive RaftClientReply:client-C0E347E82FC5->e6065258-5a2c-4a72-9f81-ed1321f551ca@group-13364FE26125, cid=2217, SUCCESS, logIndex=3657, commits[e6065258-5a2c-4a72-9f81-ed1321f551ca:c3657]
2019-06-14 09:09:40,088 INFO  client.GrpcClientProtocolClient (GrpcClientProtocolClient.java:onNext(254)) - client-C0E347E82FC5->e6065258-5a2c-4a72-9f81-ed1321f551ca: receive RaftClientReply:client-C0E347E82FC5->e6065258-5a2c-4a72-9f81-ed1321f551ca@group-13364FE26125, cid=2218, SUCCESS, logIndex=3659, commits[e6065258-5a2c-4a72-9f81-ed1321f551ca:c3659]
2019-06-14 09:09:40,090 INFO  client.GrpcClientProtocolClient (GrpcClientProtocolClient.java:onNext(254)) - client-C0E347E82FC5->e6065258-5a2c-4a72-9f81-ed1321f551ca: receive RaftClientReply:client-C0E347E82FC5->e6065258-5a2c-4a72-9f81-ed1321f551ca@group-13364FE26125, cid=2219, SUCCESS, logIndex=3661, commits[e6065258-5a2c-4a72-9f81-ed1321f551ca:c3662]
2019-06-14 09:09:40,090 INFO  client.GrpcClientProtocolClient (GrpcClientProtocolClient.java:onNext(254)) - client-C0E347E82FC5->e6065258-5a2c-4a72-9f81-ed1321f551ca: receive RaftClientReply:client-C0E347E82FC5->e6065258-5a2c-4a72-9f81-ed1321f551ca@group-13364FE26125, cid=2220, SUCCESS, logIndex=3662, commits[e6065258-5a2c-4a72-9f81-ed1321f551ca:c3662]
2019-06-14 09:09:40,095 INFO  client.GrpcClientProtocolClient (GrpcClientProtocolClient.java:onNext(254)) - client-C0E347E82FC5->e6065258-5a2c-4a72-9f81-ed1321f551ca: receive RaftClientReply:client-C0E347E82FC5->e6065258-5a2c-4a72-9f81-ed1321f551ca@group-13364FE26125, cid=2221, SUCCESS, logIndex=3664, commits[e6065258-5a2c-4a72-9f81-ed1321f551ca:c3664]
2019-06-14 09:09:40,096 INFO  client.GrpcClientProtocolClient (GrpcClientProtocolClient.java:onNext(254)) - client-C0E347E82FC5->e6065258-5a2c-4a72-9f81-ed1321f551ca: receive RaftClientReply:client-C0E347E82FC5->e6065258-5a2c-4a72-9f81-ed1321f551ca@group-13364FE26125, cid=2222, SUCCESS, logIndex=3666, commits[e6065258-5a2c-4a72-9f81-ed1321f551ca:c3666]
2019-06-14 09:09:40,098 INFO  client.GrpcClientProtocolClient (GrpcClientProtocolClient.java:onNext(254)) - client-C0E347E82FC5->e6065258-5a2c-4a72-9f81-ed1321f551ca: receive RaftClientReply:client-C0E347E82FC5->e6065258-5a2c-4a72-9f81-ed1321f551ca@group-13364FE26125, cid=2223, SUCCESS, logIndex=3667, commits[e6065258-5a2c-4a72-9f81-ed1321f551ca:c3669]
2019-06-14 09:09:40,098 INFO  client.GrpcClientProtocolClient (GrpcClientProtocolClient.java:onNext(254)) - client-C0E347E82FC5->e6065258-5a2c-4a72-9f81-ed1321f551ca: receive RaftClientReply:client-C0E347E82FC5->e6065258-5a2c-4a72-9f81-ed1321f551ca@group-13364FE26125, cid=2224, SUCCESS, logIndex=3668, commits[e6065258-5a2c-4a72-9f81-ed1321f551ca:c3669]
2019-06-14 09:09:40,108 INFO  client.GrpcClientProtocolClient (GrpcClientProtocolClient.java:onNext(254)) - client-C0E347E82FC5->e6065258-5a2c-4a72-9f81-ed1321f551ca: receive RaftClientReply:client-C0E347E82FC5->e6065258-5a2c-4a72-9f81-ed1321f551ca@group-13364FE26125, cid=2225, SUCCESS, logIndex=3670, commits[e6065258-5a2c-4a72-9f81-ed1321f551ca:c3670]
2019-06-14 09:09:40,108 INFO  client.GrpcClientProtocolClient (GrpcClientProtocolClient.java:onNext(254)) - client-C0E347E82FC5->e6065258-5a2c-4a72-9f81-ed1321f551ca: receive RaftClientReply:client-C0E347E82FC5->e6065258-5a2c-4a72-9f81-ed1321f551ca@group-13364FE26125, cid=2226, SUCCESS, logIndex=3672, commits[e6065258-5a2c-4a72-9f81-ed1321f551ca:c3672]
2019-06-14 09:09:40,108 INFO  client.GrpcClientProtocolClient (GrpcClientProtocolClient.java:onNext(254)) - client-C0E347E82FC5->e6065258-5a2c-4a72-9f81-ed1321f551ca: receive RaftClientReply:client-C0E347E82FC5->e6065258-5a2c-4a72-9f81-ed1321f551ca@group-13364FE26125, cid=2227, SUCCESS, logIndex=3673, commits[e6065258-5a2c-4a72-9f81-ed1321f551ca:c3675]
2019-06-14 09:09:40,109 INFO  client.GrpcClientProtocolClient (GrpcClientProtocolClient.java:onNext(254)) - client-C0E347E82FC5->e6065258-5a2c-4a72-9f81-ed1321f551ca: receive RaftClientReply:client-C0E347E82FC5->e6065258-5a2c-4a72-9f81-ed1321f551ca@group-13364FE26125, cid=2228, SUCCESS, logIndex=3674, commits[e6065258-5a2c-4a72-9f81-ed1321f551ca:c3675]
2019-06-14 09:09:40,113 INFO  client.GrpcClientProtocolClient (GrpcClientProtocolClient.java:onNext(254)) - client-C0E347E82FC5->e6065258-5a2c-4a72-9f81-ed1321f551ca: receive RaftClientReply:client-C0E347E82FC5->e6065258-5a2c-4a72-9f81-ed1321f551ca@group-13364FE26125, cid=2229, SUCCESS, logIndex=3676, commits[e6065258-5a2c-4a72-9f81-ed1321f551ca:c3676]
2019-06-14 09:09:40,115 INFO  client.GrpcClientProtocolClient (GrpcClientProtocolClient.java:onNext(254)) - client-C0E347E82FC5->e6065258-5a2c-4a72-9f81-ed1321f551ca: receive RaftClientReply:client-C0E347E82FC5->e6065258-5a2c-4a72-9f81-ed1321f551ca@group-13364FE26125, cid=2230, SUCCESS, logIndex=3678, commits[e6065258-5a2c-4a72-9f81-ed1321f551ca:c3678]
2019-06-14 09:09:40,116 INFO  client.GrpcClientProtocolClient (GrpcClientProtocolClient.java:onNext(254)) - client-C0E347E82FC5->e6065258-5a2c-4a72-9f81-ed1321f551ca: receive RaftClientReply:client-C0E347E82FC5->e6065258-5a2c-4a72-9f81-ed1321f551ca@group-13364FE26125, cid=2231, SUCCESS, logIndex=3679, commits[e6065258-5a2c-4a72-9f81-ed1321f551ca:c3681]
2019-06-14 09:09:40,116 INFO  client.GrpcClientProtocolClient (GrpcClientProtocolClient.java:onNext(254)) - client-C0E347E82FC5->e6065258-5a2c-4a72-9f81-ed1321f551ca: receive RaftClientReply:client-C0E347E82FC5->e6065258-5a2c-4a72-9f81-ed1321f551ca@group-13364FE26125, cid=2232, SUCCESS, logIndex=3680, commits[e6065258-5a2c-4a72-9f81-ed1321f551ca:c3681]
2019-06-14 09:09:40,127 INFO  client.GrpcClientProtocolClient (GrpcClientProtocolClient.java:onNext(254)) - client-C0E347E82FC5->e6065258-5a2c-4a72-9f81-ed1321f551ca: receive RaftClientReply:client-C0E347E82FC5->e6065258-5a2c-4a72-9f81-ed1321f551ca@group-13364FE26125, cid=2233, SUCCESS, logIndex=3682, commits[e6065258-5a2c-4a72-9f81-ed1321f551ca:c3682]
2019-06-14 09:09:40,129 INFO  client.GrpcClientProtocolClient (GrpcClientProtocolClient.java:onNext(254)) - client-C0E347E82FC5->e6065258-5a2c-4a72-9f81-ed1321f551ca: receive RaftClientReply:client-C0E347E82FC5->e6065258-5a2c-4a72-9f81-ed1321f551ca@group-13364FE26125, cid=2234, SUCCESS, logIndex=3684, commits[e6065258-5a2c-4a72-9f81-ed1321f551ca:c3684]
2019-06-14 09:09:40,129 INFO  client.GrpcClientProtocolClient (GrpcClientProtocolClient.java:onNext(254)) - client-C0E347E82FC5->e6065258-5a2c-4a72-9f81-ed1321f551ca: receive RaftClientReply:client-C0E347E82FC5->e6065258-5a2c-4a72-9f81-ed1321f551ca@group-13364FE26125, cid=2235, SUCCESS, logIndex=3685, commits[e6065258-5a2c-4a72-9f81-ed1321f551ca:c3686]
2019-06-14 09:09:40,130 INFO  client.GrpcClientProtocolClient (GrpcClientProtocolClient.java:onNext(254)) - client-C0E347E82FC5->e6065258-5a2c-4a72-9f81-ed1321f551ca: receive RaftClientReply:client-C0E347E82FC5->e6065258-5a2c-4a72-9f81-ed1321f551ca@group-13364FE26125, cid=2236, SUCCESS, logIndex=3686, commits[e6065258-5a2c-4a72-9f81-ed1321f551ca:c3686]
2019-06-14 09:09:40,136 INFO  storage.RaftLogWorker (RaftLogWorker.java:rollLogSegment(303)) - e6065258-5a2c-4a72-9f81-ed1321f551ca-RaftLogWorker: Rolling segment log-3618_3688 to index:3688
2019-06-14 09:09:40,136 INFO  storage.RaftLogWorker (RaftLogWorker.java:execute(433)) - e6065258-5a2c-4a72-9f81-ed1321f551ca-RaftLogWorker: Rolled log segment from /opt/src/hadoop-ozone/integration-test/target/test-dir/MiniOzoneClusterImpl-a56da109-a1cb-4168-8966-62306f2f2d23/datanode-0/data/ratis/920138aa-6f47-4d6d-b5cc-13364fe26125/current/log_inprogress_3618 to /opt/src/hadoop-ozone/integration-test/target/test-dir/MiniOzoneClusterImpl-a56da109-a1cb-4168-8966-62306f2f2d23/datanode-0/data/ratis/920138aa-6f47-4d6d-b5cc-13364fe26125/current/log_3618-3688
2019-06-14 09:09:40,171 INFO  storage.RaftLogWorker (RaftLogWorker.java:execute(469)) - e6065258-5a2c-4a72-9f81-ed1321f551ca-RaftLogWorker: created new log segment /opt/src/hadoop-ozone/integration-test/target/test-dir/MiniOzoneClusterImpl-a56da109-a1cb-4168-8966-62306f2f2d23/datanode-0/data/ratis/920138aa-6f47-4d6d-b5cc-13364fe26125/current/log_inprogress_3689
2019-06-14 09:09:40,172 INFO  client.GrpcClientProtocolClient (GrpcClientProtocolClient.java:onNext(254)) - client-C0E347E82FC5->e6065258-5a2c-4a72-9f81-ed1321f551ca: receive RaftClientReply:client-C0E347E82FC5->e6065258-5a2c-4a72-9f81-ed1321f551ca@group-13364FE26125, cid=2237, SUCCESS, logIndex=3689, commits[e6065258-5a2c-4a72-9f81-ed1321f551ca:c3689]
2019-06-14 09:09:40,174 INFO  client.GrpcClientProtocolClient (GrpcClientProtocolClient.java:onNext(254)) - client-C0E347E82FC5->e6065258-5a2c-4a72-9f81-ed1321f551ca: receive RaftClientReply:client-C0E347E82FC5->e6065258-5a2c-4a72-9f81-ed1321f551ca@group-13364FE26125, cid=2238, SUCCESS, logIndex=3691, commits[e6065258-5a2c-4a72-9f81-ed1321f551ca:c3691]
2019-06-14 09:09:40,174 DEBUG block.SCMBlockDeletingService (SCMBlockDeletingService.java:call(138)) - Running DeletedBlockTransactionScanner
2019-06-14 09:09:40,174 DEBUG block.SCMBlockDeletingService (SCMBlockDeletingService.java:call(155)) - Scanned deleted blocks log and got 0 delTX to process.
2019-06-14 09:09:40,175 INFO  client.GrpcClientProtocolClient (GrpcClientProtocolClient.java:onNext(254)) - client-C0E347E82FC5->e6065258-5a2c-4a72-9f81-ed1321f551ca: receive RaftClientReply:client-C0E347E82FC5->e6065258-5a2c-4a72-9f81-ed1321f551ca@group-13364FE26125, cid=2239, SUCCESS, logIndex=3692, commits[e6065258-5a2c-4a72-9f81-ed1321f551ca:c3694]
2019-06-14 09:09:40,175 INFO  client.GrpcClientProtocolClient (GrpcClientProtocolClient.java:onNext(254)) - client-C0E347E82FC5->e6065258-5a2c-4a72-9f81-ed1321f551ca: receive RaftClientReply:client-C0E347E82FC5->e6065258-5a2c-4a72-9f81-ed1321f551ca@group-13364FE26125, cid=2240, SUCCESS, logIndex=3693, commits[e6065258-5a2c-4a72-9f81-ed1321f551ca:c3694]
2019-06-14 09:09:40,184 INFO  client.GrpcClientProtocolClient (GrpcClientProtocolClient.java:onNext(254)) - client-C0E347E82FC5->e6065258-5a2c-4a72-9f81-ed1321f551ca: receive RaftClientReply:client-C0E347E82FC5->e6065258-5a2c-4a72-9f81-ed1321f551ca@group-13364FE26125, cid=2241, SUCCESS, logIndex=3695, commits[e6065258-5a2c-4a72-9f81-ed1321f551ca:c3695]
2019-06-14 09:09:40,185 INFO  client.GrpcClientProtocolClient (GrpcClientProtocolClient.java:onNext(254)) - client-C0E347E82FC5->e6065258-5a2c-4a72-9f81-ed1321f551ca: receive RaftClientReply:client-C0E347E82FC5->e6065258-5a2c-4a72-9f81-ed1321f551ca@group-13364FE26125, cid=2242, SUCCESS, logIndex=3697, commits[e6065258-5a2c-4a72-9f81-ed1321f551ca:c3697]
2019-06-14 09:09:40,186 INFO  client.GrpcClientProtocolClient (GrpcClientProtocolClient.java:onNext(254)) - client-C0E347E82FC5->e6065258-5a2c-4a72-9f81-ed1321f551ca: receive RaftClientReply:client-C0E347E82FC5->e6065258-5a2c-4a72-9f81-ed1321f551ca@group-13364FE26125, cid=2243, SUCCESS, logIndex=3698, commits[e6065258-5a2c-4a72-9f81-ed1321f551ca:c3700]
2019-06-14 09:09:40,186 INFO  client.GrpcClientProtocolClient (GrpcClientProtocolClient.java:onNext(254)) - client-C0E347E82FC5->e6065258-5a2c-4a72-9f81-ed1321f551ca: receive RaftClientReply:client-C0E347E82FC5->e6065258-5a2c-4a72-9f81-ed1321f551ca@group-13364FE26125, cid=2244, SUCCESS, logIndex=3699, commits[e6065258-5a2c-4a72-9f81-ed1321f551ca:c3700]
2019-06-14 09:09:40,234 INFO  client.GrpcClientProtocolClient (GrpcClientProtocolClient.java:onNext(254)) - client-C0E347E82FC5->e6065258-5a2c-4a72-9f81-ed1321f551ca: receive RaftClientReply:client-C0E347E82FC5->e6065258-5a2c-4a72-9f81-ed1321f551ca@group-13364FE26125, cid=2245, SUCCESS, logIndex=3701, commits[e6065258-5a2c-4a72-9f81-ed1321f551ca:c3701]
2019-06-14 09:09:40,235 INFO  client.GrpcClientProtocolClient (GrpcClientProtocolClient.java:onNext(254)) - client-C0E347E82FC5->e6065258-5a2c-4a72-9f81-ed1321f551ca: receive RaftClientReply:client-C0E347E82FC5->e6065258-5a2c-4a72-9f81-ed1321f551ca@group-13364FE26125, cid=2246, SUCCESS, logIndex=3703, commits[e6065258-5a2c-4a72-9f81-ed1321f551ca:c3703]
2019-06-14 09:09:40,237 INFO  client.GrpcClientProtocolClient (GrpcClientProtocolClient.java:onNext(254)) - client-C0E347E82FC5->e6065258-5a2c-4a72-9f81-ed1321f551ca: receive RaftClientReply:client-C0E347E82FC5->e6065258-5a2c-4a72-9f81-ed1321f551ca@group-13364FE26125, cid=2247, SUCCESS, logIndex=3704, commits[e6065258-5a2c-4a72-9f81-ed1321f551ca:c3706]
2019-06-14 09:09:40,237 INFO  client.GrpcClientProtocolClient (GrpcClientProtocolClient.java:onNext(254)) - client-C0E347E82FC5->e6065258-5a2c-4a72-9f81-ed1321f551ca: receive RaftClientReply:client-C0E347E82FC5->e6065258-5a2c-4a72-9f81-ed1321f551ca@group-13364FE26125, cid=2248, SUCCESS, logIndex=3706, commits[e6065258-5a2c-4a72-9f81-ed1321f551ca:c3706]
2019-06-14 09:09:40,245 INFO  client.GrpcClientProtocolClient (GrpcClientProtocolClient.java:onNext(254)) - client-C0E347E82FC5->e6065258-5a2c-4a72-9f81-ed1321f551ca: receive RaftClientReply:client-C0E347E82FC5->e6065258-5a2c-4a72-9f81-ed1321f551ca@group-13364FE26125, cid=2249, SUCCESS, logIndex=3708, commits[e6065258-5a2c-4a72-9f81-ed1321f551ca:c3708]
2019-06-14 09:09:40,246 INFO  client.GrpcClientProtocolClient (GrpcClientProtocolClient.java:onNext(254)) - client-C0E347E82FC5->e6065258-5a2c-4a72-9f81-ed1321f551ca: receive RaftClientReply:client-C0E347E82FC5->e6065258-5a2c-4a72-9f81-ed1321f551ca@group-13364FE26125, cid=2250, SUCCESS, logIndex=3710, commits[e6065258-5a2c-4a72-9f81-ed1321f551ca:c3710]
2019-06-14 09:09:40,248 INFO  client.GrpcClientProtocolClient (GrpcClientProtocolClient.java:onNext(254)) - client-C0E347E82FC5->e6065258-5a2c-4a72-9f81-ed1321f551ca: receive RaftClientReply:client-C0E347E82FC5->e6065258-5a2c-4a72-9f81-ed1321f551ca@group-13364FE26125, cid=2251, SUCCESS, logIndex=3711, commits[e6065258-5a2c-4a72-9f81-ed1321f551ca:c3713]
2019-06-14 09:09:40,248 INFO  client.GrpcClientProtocolClient (GrpcClientProtocolClient.java:onNext(254)) - client-C0E347E82FC5->e6065258-5a2c-4a72-9f81-ed1321f551ca: receive RaftClientReply:client-C0E347E82FC5->e6065258-5a2c-4a72-9f81-ed1321f551ca@group-13364FE26125, cid=2252, SUCCESS, logIndex=3712, commits[e6065258-5a2c-4a72-9f81-ed1321f551ca:c3713]
2019-06-14 09:09:40,253 INFO  client.GrpcClientProtocolClient (GrpcClientProtocolClient.java:onNext(254)) - client-C0E347E82FC5->e6065258-5a2c-4a72-9f81-ed1321f551ca: receive RaftClientReply:client-C0E347E82FC5->e6065258-5a2c-4a72-9f81-ed1321f551ca@group-13364FE26125, cid=2253, SUCCESS, logIndex=3714, commits[e6065258-5a2c-4a72-9f81-ed1321f551ca:c3714]
2019-06-14 09:09:40,255 INFO  client.GrpcClientProtocolClient (GrpcClientProtocolClient.java:onNext(254)) - client-C0E347E82FC5->e6065258-5a2c-4a72-9f81-ed1321f551ca: receive RaftClientReply:client-C0E347E82FC5->e6065258-5a2c-4a72-9f81-ed1321f551ca@group-13364FE26125, cid=2254, SUCCESS, logIndex=3716, commits[e6065258-5a2c-4a72-9f81-ed1321f551ca:c3716]
2019-06-14 09:09:40,274 DEBUG block.SCMBlockDeletingService (SCMBlockDeletingService.java:call(138)) - Running DeletedBlockTransactionScanner
2019-06-14 09:09:40,274 DEBUG block.SCMBlockDeletingService (SCMBlockDeletingService.java:call(155)) - Scanned deleted blocks log and got 0 delTX to process.
2019-06-14 09:09:40,321 INFO  client.GrpcClientProtocolClient (GrpcClientProtocolClient.java:onNext(254)) - client-C0E347E82FC5->e6065258-5a2c-4a72-9f81-ed1321f551ca: receive RaftClientReply:client-C0E347E82FC5->e6065258-5a2c-4a72-9f81-ed1321f551ca@group-13364FE26125, cid=2255, SUCCESS, logIndex=3718, commits[e6065258-5a2c-4a72-9f81-ed1321f551ca:c3718]
2019-06-14 09:09:40,322 INFO  client.GrpcClientProtocolClient (GrpcClientProtocolClient.java:onNext(254)) - client-C0E347E82FC5->e6065258-5a2c-4a72-9f81-ed1321f551ca: receive RaftClientReply:client-C0E347E82FC5->e6065258-5a2c-4a72-9f81-ed1321f551ca@group-13364FE26125, cid=2256, SUCCESS, logIndex=3720, commits[e6065258-5a2c-4a72-9f81-ed1321f551ca:c3720]
2019-06-14 09:09:40,332 INFO  client.GrpcClientProtocolClient (GrpcClientProtocolClient.java:onNext(254)) - client-C0E347E82FC5->e6065258-5a2c-4a72-9f81-ed1321f551ca: receive RaftClientReply:client-C0E347E82FC5->e6065258-5a2c-4a72-9f81-ed1321f551ca@group-13364FE26125, cid=2257, SUCCESS, logIndex=3722, commits[e6065258-5a2c-4a72-9f81-ed1321f551ca:c3722]
2019-06-14 09:09:40,333 INFO  client.GrpcClientProtocolClient (GrpcClientProtocolClient.java:onNext(254)) - client-C0E347E82FC5->e6065258-5a2c-4a72-9f81-ed1321f551ca: receive RaftClientReply:client-C0E347E82FC5->e6065258-5a2c-4a72-9f81-ed1321f551ca@group-13364FE26125, cid=2258, SUCCESS, logIndex=3724, commits[e6065258-5a2c-4a72-9f81-ed1321f551ca:c3724]
2019-06-14 09:09:40,334 INFO  client.GrpcClientProtocolClient (GrpcClientProtocolClient.java:onNext(254)) - client-C0E347E82FC5->e6065258-5a2c-4a72-9f81-ed1321f551ca: receive RaftClientReply:client-C0E347E82FC5->e6065258-5a2c-4a72-9f81-ed1321f551ca@group-13364FE26125, cid=2259, SUCCESS, logIndex=3725, commits[e6065258-5a2c-4a72-9f81-ed1321f551ca:c3727]
2019-06-14 09:09:40,334 INFO  client.GrpcClientProtocolClient (GrpcClientProtocolClient.java:onNext(254)) - client-C0E347E82FC5->e6065258-5a2c-4a72-9f81-ed1321f551ca: receive RaftClientReply:client-C0E347E82FC5->e6065258-5a2c-4a72-9f81-ed1321f551ca@group-13364FE26125, cid=2260, SUCCESS, logIndex=3726, commits[e6065258-5a2c-4a72-9f81-ed1321f551ca:c3727]
2019-06-14 09:09:40,343 INFO  client.GrpcClientProtocolClient (GrpcClientProtocolClient.java:onNext(254)) - client-C0E347E82FC5->e6065258-5a2c-4a72-9f81-ed1321f551ca: receive RaftClientReply:client-C0E347E82FC5->e6065258-5a2c-4a72-9f81-ed1321f551ca@group-13364FE26125, cid=2261, SUCCESS, logIndex=3728, commits[e6065258-5a2c-4a72-9f81-ed1321f551ca:c3728]
2019-06-14 09:09:40,345 INFO  client.GrpcClientProtocolClient (GrpcClientProtocolClient.java:onNext(254)) - client-C0E347E82FC5->e6065258-5a2c-4a72-9f81-ed1321f551ca: receive RaftClientReply:client-C0E347E82FC5->e6065258-5a2c-4a72-9f81-ed1321f551ca@group-13364FE26125, cid=2262, SUCCESS, logIndex=3730, commits[e6065258-5a2c-4a72-9f81-ed1321f551ca:c3730]
2019-06-14 09:09:40,346 INFO  client.GrpcClientProtocolClient (GrpcClientProtocolClient.java:onNext(254)) - client-C0E347E82FC5->e6065258-5a2c-4a72-9f81-ed1321f551ca: receive RaftClientReply:client-C0E347E82FC5->e6065258-5a2c-4a72-9f81-ed1321f551ca@group-13364FE26125, cid=2263, SUCCESS, logIndex=3731, commits[e6065258-5a2c-4a72-9f81-ed1321f551ca:c3733]
2019-06-14 09:09:40,346 INFO  client.GrpcClientProtocolClient (GrpcClientProtocolClient.java:onNext(254)) - client-C0E347E82FC5->e6065258-5a2c-4a72-9f81-ed1321f551ca: receive RaftClientReply:client-C0E347E82FC5->e6065258-5a2c-4a72-9f81-ed1321f551ca@group-13364FE26125, cid=2264, SUCCESS, logIndex=3732, commits[e6065258-5a2c-4a72-9f81-ed1321f551ca:c3733]
2019-06-14 09:09:40,370 INFO  client.GrpcClientProtocolClient (GrpcClientProtocolClient.java:onNext(254)) - client-C0E347E82FC5->e6065258-5a2c-4a72-9f81-ed1321f551ca: receive RaftClientReply:client-C0E347E82FC5->e6065258-5a2c-4a72-9f81-ed1321f551ca@group-13364FE26125, cid=2265, SUCCESS, logIndex=3734, commits[e6065258-5a2c-4a72-9f81-ed1321f551ca:c3735]
2019-06-14 09:09:40,375 DEBUG block.SCMBlockDeletingService (SCMBlockDeletingService.java:call(138)) - Running DeletedBlockTransactionScanner
2019-06-14 09:09:40,375 DEBUG block.SCMBlockDeletingService (SCMBlockDeletingService.java:call(155)) - Scanned deleted blocks log and got 0 delTX to process.
2019-06-14 09:09:40,376 INFO  client.GrpcClientProtocolClient (GrpcClientProtocolClient.java:onNext(254)) - client-C0E347E82FC5->e6065258-5a2c-4a72-9f81-ed1321f551ca: receive RaftClientReply:client-C0E347E82FC5->e6065258-5a2c-4a72-9f81-ed1321f551ca@group-13364FE26125, cid=2266, SUCCESS, logIndex=3736, commits[e6065258-5a2c-4a72-9f81-ed1321f551ca:c3736]
2019-06-14 09:09:40,376 INFO  client.GrpcClientProtocolClient (GrpcClientProtocolClient.java:onNext(254)) - client-C0E347E82FC5->e6065258-5a2c-4a72-9f81-ed1321f551ca: receive RaftClientReply:client-C0E347E82FC5->e6065258-5a2c-4a72-9f81-ed1321f551ca@group-13364FE26125, cid=2267, SUCCESS, logIndex=3737, commits[e6065258-5a2c-4a72-9f81-ed1321f551ca:c3737]
2019-06-14 09:09:40,379 INFO  client.GrpcClientProtocolClient (GrpcClientProtocolClient.java:onNext(254)) - client-C0E347E82FC5->e6065258-5a2c-4a72-9f81-ed1321f551ca: receive RaftClientReply:client-C0E347E82FC5->e6065258-5a2c-4a72-9f81-ed1321f551ca@group-13364FE26125, cid=2268, SUCCESS, logIndex=3740, commits[e6065258-5a2c-4a72-9f81-ed1321f551ca:c3740]
2019-06-14 09:09:40,385 INFO  client.GrpcClientProtocolClient (GrpcClientProtocolClient.java:onNext(254)) - client-C0E347E82FC5->e6065258-5a2c-4a72-9f81-ed1321f551ca: receive RaftClientReply:client-C0E347E82FC5->e6065258-5a2c-4a72-9f81-ed1321f551ca@group-13364FE26125, cid=2269, SUCCESS, logIndex=3742, commits[e6065258-5a2c-4a72-9f81-ed1321f551ca:c3742]
2019-06-14 09:09:40,387 INFO  client.GrpcClientProtocolClient (GrpcClientProtocolClient.java:onNext(254)) - client-C0E347E82FC5->e6065258-5a2c-4a72-9f81-ed1321f551ca: receive RaftClientReply:client-C0E347E82FC5->e6065258-5a2c-4a72-9f81-ed1321f551ca@group-13364FE26125, cid=2270, SUCCESS, logIndex=3744, commits[e6065258-5a2c-4a72-9f81-ed1321f551ca:c3744]
2019-06-14 09:09:40,388 INFO  client.GrpcClientProtocolClient (GrpcClientProtocolClient.java:onNext(254)) - client-C0E347E82FC5->e6065258-5a2c-4a72-9f81-ed1321f551ca: receive RaftClientReply:client-C0E347E82FC5->e6065258-5a2c-4a72-9f81-ed1321f551ca@group-13364FE26125, cid=2271, SUCCESS, logIndex=3745, commits[e6065258-5a2c-4a72-9f81-ed1321f551ca:c3747]
2019-06-14 09:09:40,388 INFO  client.GrpcClientProtocolClient (GrpcClientProtocolClient.java:onNext(254)) - client-C0E347E82FC5->e6065258-5a2c-4a72-9f81-ed1321f551ca: receive RaftClientReply:client-C0E347E82FC5->e6065258-5a2c-4a72-9f81-ed1321f551ca@group-13364FE26125, cid=2272, SUCCESS, logIndex=3747, commits[e6065258-5a2c-4a72-9f81-ed1321f551ca:c3747]
2019-06-14 09:09:40,397 INFO  client.GrpcClientProtocolClient (GrpcClientProtocolClient.java:onNext(254)) - client-C0E347E82FC5->e6065258-5a2c-4a72-9f81-ed1321f551ca: receive RaftClientReply:client-C0E347E82FC5->e6065258-5a2c-4a72-9f81-ed1321f551ca@group-13364FE26125, cid=2273, SUCCESS, logIndex=3749, commits[e6065258-5a2c-4a72-9f81-ed1321f551ca:c3749]
2019-06-14 09:09:40,399 INFO  client.GrpcClientProtocolClient (GrpcClientProtocolClient.java:onNext(254)) - client-C0E347E82FC5->e6065258-5a2c-4a72-9f81-ed1321f551ca: receive RaftClientReply:client-C0E347E82FC5->e6065258-5a2c-4a72-9f81-ed1321f551ca@group-13364FE26125, cid=2274, SUCCESS, logIndex=3751, commits[e6065258-5a2c-4a72-9f81-ed1321f551ca:c3753]
2019-06-14 09:09:40,400 INFO  client.GrpcClientProtocolClient (GrpcClientProtocolClient.java:onNext(254)) - client-C0E347E82FC5->e6065258-5a2c-4a72-9f81-ed1321f551ca: receive RaftClientReply:client-C0E347E82FC5->e6065258-5a2c-4a72-9f81-ed1321f551ca@group-13364FE26125, cid=2275, SUCCESS, logIndex=3752, commits[e6065258-5a2c-4a72-9f81-ed1321f551ca:c3753]
2019-06-14 09:09:40,400 INFO  client.GrpcClientProtocolClient (GrpcClientProtocolClient.java:onNext(254)) - client-C0E347E82FC5->e6065258-5a2c-4a72-9f81-ed1321f551ca: receive RaftClientReply:client-C0E347E82FC5->e6065258-5a2c-4a72-9f81-ed1321f551ca@group-13364FE26125, cid=2276, SUCCESS, logIndex=3753, commits[e6065258-5a2c-4a72-9f81-ed1321f551ca:c3753]
2019-06-14 09:09:40,405 INFO  client.GrpcClientProtocolClient (GrpcClientProtocolClient.java:onNext(254)) - client-C0E347E82FC5->e6065258-5a2c-4a72-9f81-ed1321f551ca: receive RaftClientReply:client-C0E347E82FC5->e6065258-5a2c-4a72-9f81-ed1321f551ca@group-13364FE26125, cid=2277, SUCCESS, logIndex=3755, commits[e6065258-5a2c-4a72-9f81-ed1321f551ca:c3755]
2019-06-14 09:09:40,406 INFO  storage.RaftLogWorker (RaftLogWorker.java:rollLogSegment(303)) - e6065258-5a2c-4a72-9f81-ed1321f551ca-RaftLogWorker: Rolling segment log-3689_3759 to index:3759
2019-06-14 09:09:40,407 INFO  storage.RaftLogWorker (RaftLogWorker.java:execute(433)) - e6065258-5a2c-4a72-9f81-ed1321f551ca-RaftLogWorker: Rolled log segment from /opt/src/hadoop-ozone/integration-test/target/test-dir/MiniOzoneClusterImpl-a56da109-a1cb-4168-8966-62306f2f2d23/datanode-0/data/ratis/920138aa-6f47-4d6d-b5cc-13364fe26125/current/log_inprogress_3689 to /opt/src/hadoop-ozone/integration-test/target/test-dir/MiniOzoneClusterImpl-a56da109-a1cb-4168-8966-62306f2f2d23/datanode-0/data/ratis/920138aa-6f47-4d6d-b5cc-13364fe26125/current/log_3689-3759
2019-06-14 09:09:40,407 INFO  client.GrpcClientProtocolClient (GrpcClientProtocolClient.java:onNext(254)) - client-C0E347E82FC5->e6065258-5a2c-4a72-9f81-ed1321f551ca: receive RaftClientReply:client-C0E347E82FC5->e6065258-5a2c-4a72-9f81-ed1321f551ca@group-13364FE26125, cid=2278, SUCCESS, logIndex=3757, commits[e6065258-5a2c-4a72-9f81-ed1321f551ca:c3757]
2019-06-14 09:09:40,407 INFO  client.GrpcClientProtocolClient (GrpcClientProtocolClient.java:onNext(254)) - client-C0E347E82FC5->e6065258-5a2c-4a72-9f81-ed1321f551ca: receive RaftClientReply:client-C0E347E82FC5->e6065258-5a2c-4a72-9f81-ed1321f551ca@group-13364FE26125, cid=2279, SUCCESS, logIndex=3758, commits[e6065258-5a2c-4a72-9f81-ed1321f551ca:c3758]
2019-06-14 09:09:40,442 INFO  storage.RaftLogWorker (RaftLogWorker.java:execute(469)) - e6065258-5a2c-4a72-9f81-ed1321f551ca-RaftLogWorker: created new log segment /opt/src/hadoop-ozone/integration-test/target/test-dir/MiniOzoneClusterImpl-a56da109-a1cb-4168-8966-62306f2f2d23/datanode-0/data/ratis/920138aa-6f47-4d6d-b5cc-13364fe26125/current/log_inprogress_3760
2019-06-14 09:09:40,444 INFO  client.GrpcClientProtocolClient (GrpcClientProtocolClient.java:onNext(254)) - client-C0E347E82FC5->e6065258-5a2c-4a72-9f81-ed1321f551ca: receive RaftClientReply:client-C0E347E82FC5->e6065258-5a2c-4a72-9f81-ed1321f551ca@group-13364FE26125, cid=2280, SUCCESS, logIndex=3760, commits[e6065258-5a2c-4a72-9f81-ed1321f551ca:c3761]
2019-06-14 09:09:40,453 INFO  client.GrpcClientProtocolClient (GrpcClientProtocolClient.java:onNext(254)) - client-C0E347E82FC5->e6065258-5a2c-4a72-9f81-ed1321f551ca: receive RaftClientReply:client-C0E347E82FC5->e6065258-5a2c-4a72-9f81-ed1321f551ca@group-13364FE26125, cid=2281, SUCCESS, logIndex=3762, commits[e6065258-5a2c-4a72-9f81-ed1321f551ca:c3762]
2019-06-14 09:09:40,454 INFO  client.GrpcClientProtocolClient (GrpcClientProtocolClient.java:onNext(254)) - client-C0E347E82FC5->e6065258-5a2c-4a72-9f81-ed1321f551ca: receive RaftClientReply:client-C0E347E82FC5->e6065258-5a2c-4a72-9f81-ed1321f551ca@group-13364FE26125, cid=2282, SUCCESS, logIndex=3764, commits[e6065258-5a2c-4a72-9f81-ed1321f551ca:c3764]
2019-06-14 09:09:40,455 INFO  client.GrpcClientProtocolClient (GrpcClientProtocolClient.java:onNext(254)) - client-C0E347E82FC5->e6065258-5a2c-4a72-9f81-ed1321f551ca: receive RaftClientReply:client-C0E347E82FC5->e6065258-5a2c-4a72-9f81-ed1321f551ca@group-13364FE26125, cid=2283, SUCCESS, logIndex=3765, commits[e6065258-5a2c-4a72-9f81-ed1321f551ca:c3767]
2019-06-14 09:09:40,456 INFO  client.GrpcClientProtocolClient (GrpcClientProtocolClient.java:onNext(254)) - client-C0E347E82FC5->e6065258-5a2c-4a72-9f81-ed1321f551ca: receive RaftClientReply:client-C0E347E82FC5->e6065258-5a2c-4a72-9f81-ed1321f551ca@group-13364FE26125, cid=2284, SUCCESS, logIndex=3766, commits[e6065258-5a2c-4a72-9f81-ed1321f551ca:c3767]
2019-06-14 09:09:40,461 INFO  client.GrpcClientProtocolClient (GrpcClientProtocolClient.java:onNext(254)) - client-C0E347E82FC5->e6065258-5a2c-4a72-9f81-ed1321f551ca: receive RaftClientReply:client-C0E347E82FC5->e6065258-5a2c-4a72-9f81-ed1321f551ca@group-13364FE26125, cid=2285, SUCCESS, logIndex=3768, commits[e6065258-5a2c-4a72-9f81-ed1321f551ca:c3768]
2019-06-14 09:09:40,462 INFO  client.GrpcClientProtocolClient (GrpcClientProtocolClient.java:onNext(254)) - client-C0E347E82FC5->e6065258-5a2c-4a72-9f81-ed1321f551ca: receive RaftClientReply:client-C0E347E82FC5->e6065258-5a2c-4a72-9f81-ed1321f551ca@group-13364FE26125, cid=2286, SUCCESS, logIndex=3770, commits[e6065258-5a2c-4a72-9f81-ed1321f551ca:c3770]
2019-06-14 09:09:40,463 INFO  client.GrpcClientProtocolClient (GrpcClientProtocolClient.java:onNext(254)) - client-C0E347E82FC5->e6065258-5a2c-4a72-9f81-ed1321f551ca: receive RaftClientReply:client-C0E347E82FC5->e6065258-5a2c-4a72-9f81-ed1321f551ca@group-13364FE26125, cid=2287, SUCCESS, logIndex=3771, commits[e6065258-5a2c-4a72-9f81-ed1321f551ca:c3773]
2019-06-14 09:09:40,463 INFO  client.GrpcClientProtocolClient (GrpcClientProtocolClient.java:onNext(254)) - client-C0E347E82FC5->e6065258-5a2c-4a72-9f81-ed1321f551ca: receive RaftClientReply:client-C0E347E82FC5->e6065258-5a2c-4a72-9f81-ed1321f551ca@group-13364FE26125, cid=2288, SUCCESS, logIndex=3772, commits[e6065258-5a2c-4a72-9f81-ed1321f551ca:c3773]
2019-06-14 09:09:40,472 INFO  client.GrpcClientProtocolClient (GrpcClientProtocolClient.java:onNext(254)) - client-C0E347E82FC5->e6065258-5a2c-4a72-9f81-ed1321f551ca: receive RaftClientReply:client-C0E347E82FC5->e6065258-5a2c-4a72-9f81-ed1321f551ca@group-13364FE26125, cid=2289, SUCCESS, logIndex=3774, commits[e6065258-5a2c-4a72-9f81-ed1321f551ca:c3774]
2019-06-14 09:09:40,474 INFO  client.GrpcClientProtocolClient (GrpcClientProtocolClient.java:onNext(254)) - client-C0E347E82FC5->e6065258-5a2c-4a72-9f81-ed1321f551ca: receive RaftClientReply:client-C0E347E82FC5->e6065258-5a2c-4a72-9f81-ed1321f551ca@group-13364FE26125, cid=2290, SUCCESS, logIndex=3776, commits[e6065258-5a2c-4a72-9f81-ed1321f551ca:c3778]
2019-06-14 09:09:40,474 INFO  client.GrpcClientProtocolClient (GrpcClientProtocolClient.java:onNext(254)) - client-C0E347E82FC5->e6065258-5a2c-4a72-9f81-ed1321f551ca: receive RaftClientReply:client-C0E347E82FC5->e6065258-5a2c-4a72-9f81-ed1321f551ca@group-13364FE26125, cid=2291, SUCCESS, logIndex=3777, commits[e6065258-5a2c-4a72-9f81-ed1321f551ca:c3778]
2019-06-14 09:09:40,475 INFO  client.GrpcClientProtocolClient (GrpcClientProtocolClient.java:onNext(254)) - client-C0E347E82FC5->e6065258-5a2c-4a72-9f81-ed1321f551ca: receive RaftClientReply:client-C0E347E82FC5->e6065258-5a2c-4a72-9f81-ed1321f551ca@group-13364FE26125, cid=2292, SUCCESS, logIndex=3778, commits[e6065258-5a2c-4a72-9f81-ed1321f551ca:c3779]
2019-06-14 09:09:40,475 DEBUG block.SCMBlockDeletingService (SCMBlockDeletingService.java:call(138)) - Running DeletedBlockTransactionScanner
2019-06-14 09:09:40,475 DEBUG block.SCMBlockDeletingService (SCMBlockDeletingService.java:call(155)) - Scanned deleted blocks log and got 0 delTX to process.
2019-06-14 09:09:40,482 INFO  client.GrpcClientProtocolClient (GrpcClientProtocolClient.java:onNext(254)) - client-C0E347E82FC5->e6065258-5a2c-4a72-9f81-ed1321f551ca: receive RaftClientReply:client-C0E347E82FC5->e6065258-5a2c-4a72-9f81-ed1321f551ca@group-13364FE26125, cid=2293, SUCCESS, logIndex=3780, commits[e6065258-5a2c-4a72-9f81-ed1321f551ca:c3780]
2019-06-14 09:09:40,483 INFO  client.GrpcClientProtocolClient (GrpcClientProtocolClient.java:onNext(254)) - client-C0E347E82FC5->e6065258-5a2c-4a72-9f81-ed1321f551ca: receive RaftClientReply:client-C0E347E82FC5->e6065258-5a2c-4a72-9f81-ed1321f551ca@group-13364FE26125, cid=2294, SUCCESS, logIndex=3782, commits[e6065258-5a2c-4a72-9f81-ed1321f551ca:c3782]
2019-06-14 09:09:40,484 INFO  client.GrpcClientProtocolClient (GrpcClientProtocolClient.java:onNext(254)) - client-C0E347E82FC5->e6065258-5a2c-4a72-9f81-ed1321f551ca: receive RaftClientReply:client-C0E347E82FC5->e6065258-5a2c-4a72-9f81-ed1321f551ca@group-13364FE26125, cid=2295, SUCCESS, logIndex=3783, commits[e6065258-5a2c-4a72-9f81-ed1321f551ca:c3785]
2019-06-14 09:09:40,484 INFO  client.GrpcClientProtocolClient (GrpcClientProtocolClient.java:onNext(254)) - client-C0E347E82FC5->e6065258-5a2c-4a72-9f81-ed1321f551ca: receive RaftClientReply:client-C0E347E82FC5->e6065258-5a2c-4a72-9f81-ed1321f551ca@group-13364FE26125, cid=2296, SUCCESS, logIndex=3784, commits[e6065258-5a2c-4a72-9f81-ed1321f551ca:c3785]
2019-06-14 09:09:40,492 INFO  client.GrpcClientProtocolClient (GrpcClientProtocolClient.java:onNext(254)) - client-C0E347E82FC5->e6065258-5a2c-4a72-9f81-ed1321f551ca: receive RaftClientReply:client-C0E347E82FC5->e6065258-5a2c-4a72-9f81-ed1321f551ca@group-13364FE26125, cid=2297, SUCCESS, logIndex=3786, commits[e6065258-5a2c-4a72-9f81-ed1321f551ca:c3786]
2019-06-14 09:09:40,493 INFO  client.GrpcClientProtocolClient (GrpcClientProtocolClient.java:onNext(254)) - client-C0E347E82FC5->e6065258-5a2c-4a72-9f81-ed1321f551ca: receive RaftClientReply:client-C0E347E82FC5->e6065258-5a2c-4a72-9f81-ed1321f551ca@group-13364FE26125, cid=2298, SUCCESS, logIndex=3788, commits[e6065258-5a2c-4a72-9f81-ed1321f551ca:c3788]
2019-06-14 09:09:40,559 INFO  client.GrpcClientProtocolClient (GrpcClientProtocolClient.java:onNext(254)) - client-C0E347E82FC5->e6065258-5a2c-4a72-9f81-ed1321f551ca: receive RaftClientReply:client-C0E347E82FC5->e6065258-5a2c-4a72-9f81-ed1321f551ca@group-13364FE26125, cid=2299, SUCCESS, logIndex=3790, commits[e6065258-5a2c-4a72-9f81-ed1321f551ca:c3790]
2019-06-14 09:09:40,560 INFO  client.GrpcClientProtocolClient (GrpcClientProtocolClient.java:onNext(254)) - client-C0E347E82FC5->e6065258-5a2c-4a72-9f81-ed1321f551ca: receive RaftClientReply:client-C0E347E82FC5->e6065258-5a2c-4a72-9f81-ed1321f551ca@group-13364FE26125, cid=2300, SUCCESS, logIndex=3792, commits[e6065258-5a2c-4a72-9f81-ed1321f551ca:c3792]
2019-06-14 09:09:40,565 INFO  client.GrpcClientProtocolClient (GrpcClientProtocolClient.java:onNext(254)) - client-C0E347E82FC5->e6065258-5a2c-4a72-9f81-ed1321f551ca: receive RaftClientReply:client-C0E347E82FC5->e6065258-5a2c-4a72-9f81-ed1321f551ca@group-13364FE26125, cid=2301, SUCCESS, logIndex=3794, commits[e6065258-5a2c-4a72-9f81-ed1321f551ca:c3794]
2019-06-14 09:09:40,566 INFO  client.GrpcClientProtocolClient (GrpcClientProtocolClient.java:onNext(254)) - client-C0E347E82FC5->e6065258-5a2c-4a72-9f81-ed1321f551ca: receive RaftClientReply:client-C0E347E82FC5->e6065258-5a2c-4a72-9f81-ed1321f551ca@group-13364FE26125, cid=2302, SUCCESS, logIndex=3796, commits[e6065258-5a2c-4a72-9f81-ed1321f551ca:c3796]
2019-06-14 09:09:40,567 INFO  client.GrpcClientProtocolClient (GrpcClientProtocolClient.java:onNext(254)) - client-C0E347E82FC5->e6065258-5a2c-4a72-9f81-ed1321f551ca: receive RaftClientReply:client-C0E347E82FC5->e6065258-5a2c-4a72-9f81-ed1321f551ca@group-13364FE26125, cid=2303, SUCCESS, logIndex=3797, commits[e6065258-5a2c-4a72-9f81-ed1321f551ca:c3799]
2019-06-14 09:09:40,567 INFO  client.GrpcClientProtocolClient (GrpcClientProtocolClient.java:onNext(254)) - client-C0E347E82FC5->e6065258-5a2c-4a72-9f81-ed1321f551ca: receive RaftClientReply:client-C0E347E82FC5->e6065258-5a2c-4a72-9f81-ed1321f551ca@group-13364FE26125, cid=2304, SUCCESS, logIndex=3798, commits[e6065258-5a2c-4a72-9f81-ed1321f551ca:c3799]
2019-06-14 09:09:40,575 DEBUG block.SCMBlockDeletingService (SCMBlockDeletingService.java:call(138)) - Running DeletedBlockTransactionScanner
2019-06-14 09:09:40,575 DEBUG block.SCMBlockDeletingService (SCMBlockDeletingService.java:call(155)) - Scanned deleted blocks log and got 0 delTX to process.
2019-06-14 09:09:40,577 INFO  client.GrpcClientProtocolClient (GrpcClientProtocolClient.java:onNext(254)) - client-C0E347E82FC5->e6065258-5a2c-4a72-9f81-ed1321f551ca: receive RaftClientReply:client-C0E347E82FC5->e6065258-5a2c-4a72-9f81-ed1321f551ca@group-13364FE26125, cid=2305, SUCCESS, logIndex=3800, commits[e6065258-5a2c-4a72-9f81-ed1321f551ca:c3800]
2019-06-14 09:09:40,578 INFO  client.GrpcClientProtocolClient (GrpcClientProtocolClient.java:onNext(254)) - client-C0E347E82FC5->e6065258-5a2c-4a72-9f81-ed1321f551ca: receive RaftClientReply:client-C0E347E82FC5->e6065258-5a2c-4a72-9f81-ed1321f551ca@group-13364FE26125, cid=2306, SUCCESS, logIndex=3802, commits[e6065258-5a2c-4a72-9f81-ed1321f551ca:c3802]
2019-06-14 09:09:40,579 INFO  client.GrpcClientProtocolClient (GrpcClientProtocolClient.java:onNext(254)) - client-C0E347E82FC5->e6065258-5a2c-4a72-9f81-ed1321f551ca: receive RaftClientReply:client-C0E347E82FC5->e6065258-5a2c-4a72-9f81-ed1321f551ca@group-13364FE26125, cid=2307, SUCCESS, logIndex=3803, commits[e6065258-5a2c-4a72-9f81-ed1321f551ca:c3805]
2019-06-14 09:09:40,579 INFO  client.GrpcClientProtocolClient (GrpcClientProtocolClient.java:onNext(254)) - client-C0E347E82FC5->e6065258-5a2c-4a72-9f81-ed1321f551ca: receive RaftClientReply:client-C0E347E82FC5->e6065258-5a2c-4a72-9f81-ed1321f551ca@group-13364FE26125, cid=2308, SUCCESS, logIndex=3804, commits[e6065258-5a2c-4a72-9f81-ed1321f551ca:c3805]
2019-06-14 09:09:40,584 INFO  client.GrpcClientProtocolClient (GrpcClientProtocolClient.java:onNext(254)) - client-C0E347E82FC5->e6065258-5a2c-4a72-9f81-ed1321f551ca: receive RaftClientReply:client-C0E347E82FC5->e6065258-5a2c-4a72-9f81-ed1321f551ca@group-13364FE26125, cid=2309, SUCCESS, logIndex=3806, commits[e6065258-5a2c-4a72-9f81-ed1321f551ca:c3806]
2019-06-14 09:09:40,585 INFO  client.GrpcClientProtocolClient (GrpcClientProtocolClient.java:onNext(254)) - client-C0E347E82FC5->e6065258-5a2c-4a72-9f81-ed1321f551ca: receive RaftClientReply:client-C0E347E82FC5->e6065258-5a2c-4a72-9f81-ed1321f551ca@group-13364FE26125, cid=2310, SUCCESS, logIndex=3808, commits[e6065258-5a2c-4a72-9f81-ed1321f551ca:c3808]
2019-06-14 09:09:40,586 INFO  client.GrpcClientProtocolClient (GrpcClientProtocolClient.java:onNext(254)) - client-C0E347E82FC5->e6065258-5a2c-4a72-9f81-ed1321f551ca: receive RaftClientReply:client-C0E347E82FC5->e6065258-5a2c-4a72-9f81-ed1321f551ca@group-13364FE26125, cid=2311, SUCCESS, logIndex=3809, commits[e6065258-5a2c-4a72-9f81-ed1321f551ca:c3811]
2019-06-14 09:09:40,586 INFO  client.GrpcClientProtocolClient (GrpcClientProtocolClient.java:onNext(254)) - client-C0E347E82FC5->e6065258-5a2c-4a72-9f81-ed1321f551ca: receive RaftClientReply:client-C0E347E82FC5->e6065258-5a2c-4a72-9f81-ed1321f551ca@group-13364FE26125, cid=2312, SUCCESS, logIndex=3810, commits[e6065258-5a2c-4a72-9f81-ed1321f551ca:c3811]
2019-06-14 09:09:40,596 INFO  client.GrpcClientProtocolClient (GrpcClientProtocolClient.java:onNext(254)) - client-C0E347E82FC5->e6065258-5a2c-4a72-9f81-ed1321f551ca: receive RaftClientReply:client-C0E347E82FC5->e6065258-5a2c-4a72-9f81-ed1321f551ca@group-13364FE26125, cid=2313, SUCCESS, logIndex=3812, commits[e6065258-5a2c-4a72-9f81-ed1321f551ca:c3812]
2019-06-14 09:09:40,597 INFO  client.GrpcClientProtocolClient (GrpcClientProtocolClient.java:onNext(254)) - client-C0E347E82FC5->e6065258-5a2c-4a72-9f81-ed1321f551ca: receive RaftClientReply:client-C0E347E82FC5->e6065258-5a2c-4a72-9f81-ed1321f551ca@group-13364FE26125, cid=2314, SUCCESS, logIndex=3814, commits[e6065258-5a2c-4a72-9f81-ed1321f551ca:c3814]
2019-06-14 09:09:40,598 INFO  client.GrpcClientProtocolClient (GrpcClientProtocolClient.java:onNext(254)) - client-C0E347E82FC5->e6065258-5a2c-4a72-9f81-ed1321f551ca: receive RaftClientReply:client-C0E347E82FC5->e6065258-5a2c-4a72-9f81-ed1321f551ca@group-13364FE26125, cid=2315, SUCCESS, logIndex=3815, commits[e6065258-5a2c-4a72-9f81-ed1321f551ca:c3817]
2019-06-14 09:09:40,598 INFO  client.GrpcClientProtocolClient (GrpcClientProtocolClient.java:onNext(254)) - client-C0E347E82FC5->e6065258-5a2c-4a72-9f81-ed1321f551ca: receive RaftClientReply:client-C0E347E82FC5->e6065258-5a2c-4a72-9f81-ed1321f551ca@group-13364FE26125, cid=2316, SUCCESS, logIndex=3816, commits[e6065258-5a2c-4a72-9f81-ed1321f551ca:c3817]
2019-06-14 09:09:40,603 INFO  client.GrpcClientProtocolClient (GrpcClientProtocolClient.java:onNext(254)) - client-C0E347E82FC5->e6065258-5a2c-4a72-9f81-ed1321f551ca: receive RaftClientReply:client-C0E347E82FC5->e6065258-5a2c-4a72-9f81-ed1321f551ca@group-13364FE26125, cid=2317, SUCCESS, logIndex=3818, commits[e6065258-5a2c-4a72-9f81-ed1321f551ca:c3818]
2019-06-14 09:09:40,604 INFO  client.GrpcClientProtocolClient (GrpcClientProtocolClient.java:onNext(254)) - client-C0E347E82FC5->e6065258-5a2c-4a72-9f81-ed1321f551ca: receive RaftClientReply:client-C0E347E82FC5->e6065258-5a2c-4a72-9f81-ed1321f551ca@group-13364FE26125, cid=2318, SUCCESS, logIndex=3820, commits[e6065258-5a2c-4a72-9f81-ed1321f551ca:c3820]
2019-06-14 09:09:40,605 INFO  client.GrpcClientProtocolClient (GrpcClientProtocolClient.java:onNext(254)) - client-C0E347E82FC5->e6065258-5a2c-4a72-9f81-ed1321f551ca: receive RaftClientReply:client-C0E347E82FC5->e6065258-5a2c-4a72-9f81-ed1321f551ca@group-13364FE26125, cid=2319, SUCCESS, logIndex=3821, commits[e6065258-5a2c-4a72-9f81-ed1321f551ca:c3823]
2019-06-14 09:09:40,605 INFO  client.GrpcClientProtocolClient (GrpcClientProtocolClient.java:onNext(254)) - client-C0E347E82FC5->e6065258-5a2c-4a72-9f81-ed1321f551ca: receive RaftClientReply:client-C0E347E82FC5->e6065258-5a2c-4a72-9f81-ed1321f551ca@group-13364FE26125, cid=2320, SUCCESS, logIndex=3822, commits[e6065258-5a2c-4a72-9f81-ed1321f551ca:c3823]
2019-06-14 09:09:40,613 INFO  client.GrpcClientProtocolClient (GrpcClientProtocolClient.java:onNext(254)) - client-C0E347E82FC5->e6065258-5a2c-4a72-9f81-ed1321f551ca: receive RaftClientReply:client-C0E347E82FC5->e6065258-5a2c-4a72-9f81-ed1321f551ca@group-13364FE26125, cid=2321, SUCCESS, logIndex=3824, commits[e6065258-5a2c-4a72-9f81-ed1321f551ca:c3824]
2019-06-14 09:09:40,614 INFO  storage.RaftLogWorker (RaftLogWorker.java:rollLogSegment(303)) - e6065258-5a2c-4a72-9f81-ed1321f551ca-RaftLogWorker: Rolling segment log-3760_3826 to index:3826
2019-06-14 09:09:40,614 INFO  storage.RaftLogWorker (RaftLogWorker.java:execute(433)) - e6065258-5a2c-4a72-9f81-ed1321f551ca-RaftLogWorker: Rolled log segment from /opt/src/hadoop-ozone/integration-test/target/test-dir/MiniOzoneClusterImpl-a56da109-a1cb-4168-8966-62306f2f2d23/datanode-0/data/ratis/920138aa-6f47-4d6d-b5cc-13364fe26125/current/log_inprogress_3760 to /opt/src/hadoop-ozone/integration-test/target/test-dir/MiniOzoneClusterImpl-a56da109-a1cb-4168-8966-62306f2f2d23/datanode-0/data/ratis/920138aa-6f47-4d6d-b5cc-13364fe26125/current/log_3760-3826
2019-06-14 09:09:40,615 INFO  client.GrpcClientProtocolClient (GrpcClientProtocolClient.java:onNext(254)) - client-C0E347E82FC5->e6065258-5a2c-4a72-9f81-ed1321f551ca: receive RaftClientReply:client-C0E347E82FC5->e6065258-5a2c-4a72-9f81-ed1321f551ca@group-13364FE26125, cid=2322, SUCCESS, logIndex=3826, commits[e6065258-5a2c-4a72-9f81-ed1321f551ca:c3826]
2019-06-14 09:09:40,649 INFO  storage.RaftLogWorker (RaftLogWorker.java:execute(469)) - e6065258-5a2c-4a72-9f81-ed1321f551ca-RaftLogWorker: created new log segment /opt/src/hadoop-ozone/integration-test/target/test-dir/MiniOzoneClusterImpl-a56da109-a1cb-4168-8966-62306f2f2d23/datanode-0/data/ratis/920138aa-6f47-4d6d-b5cc-13364fe26125/current/log_inprogress_3827
2019-06-14 09:09:40,651 INFO  client.GrpcClientProtocolClient (GrpcClientProtocolClient.java:onNext(254)) - client-C0E347E82FC5->e6065258-5a2c-4a72-9f81-ed1321f551ca: receive RaftClientReply:client-C0E347E82FC5->e6065258-5a2c-4a72-9f81-ed1321f551ca@group-13364FE26125, cid=2323, SUCCESS, logIndex=3827, commits[e6065258-5a2c-4a72-9f81-ed1321f551ca:c3829]
2019-06-14 09:09:40,651 INFO  client.GrpcClientProtocolClient (GrpcClientProtocolClient.java:onNext(254)) - client-C0E347E82FC5->e6065258-5a2c-4a72-9f81-ed1321f551ca: receive RaftClientReply:client-C0E347E82FC5->e6065258-5a2c-4a72-9f81-ed1321f551ca@group-13364FE26125, cid=2324, SUCCESS, logIndex=3828, commits[e6065258-5a2c-4a72-9f81-ed1321f551ca:c3829]
2019-06-14 09:09:40,692 DEBUG block.SCMBlockDeletingService (SCMBlockDeletingService.java:call(138)) - Running DeletedBlockTransactionScanner
2019-06-14 09:09:40,692 DEBUG block.SCMBlockDeletingService (SCMBlockDeletingService.java:call(155)) - Scanned deleted blocks log and got 0 delTX to process.
2019-06-14 09:09:40,697 INFO  client.GrpcClientProtocolClient (GrpcClientProtocolClient.java:onNext(254)) - client-C0E347E82FC5->e6065258-5a2c-4a72-9f81-ed1321f551ca: receive RaftClientReply:client-C0E347E82FC5->e6065258-5a2c-4a72-9f81-ed1321f551ca@group-13364FE26125, cid=2325, SUCCESS, logIndex=3830, commits[e6065258-5a2c-4a72-9f81-ed1321f551ca:c3830]
2019-06-14 09:09:40,701 INFO  client.GrpcClientProtocolClient (GrpcClientProtocolClient.java:onNext(254)) - client-C0E347E82FC5->e6065258-5a2c-4a72-9f81-ed1321f551ca: receive RaftClientReply:client-C0E347E82FC5->e6065258-5a2c-4a72-9f81-ed1321f551ca@group-13364FE26125, cid=2326, SUCCESS, logIndex=3832, commits[e6065258-5a2c-4a72-9f81-ed1321f551ca:c3832]
2019-06-14 09:09:40,701 INFO  client.GrpcClientProtocolClient (GrpcClientProtocolClient.java:onNext(254)) - client-C0E347E82FC5->e6065258-5a2c-4a72-9f81-ed1321f551ca: receive RaftClientReply:client-C0E347E82FC5->e6065258-5a2c-4a72-9f81-ed1321f551ca@group-13364FE26125, cid=2327, SUCCESS, logIndex=3833, commits[e6065258-5a2c-4a72-9f81-ed1321f551ca:c3835]
2019-06-14 09:09:40,702 INFO  client.GrpcClientProtocolClient (GrpcClientProtocolClient.java:onNext(254)) - client-C0E347E82FC5->e6065258-5a2c-4a72-9f81-ed1321f551ca: receive RaftClientReply:client-C0E347E82FC5->e6065258-5a2c-4a72-9f81-ed1321f551ca@group-13364FE26125, cid=2328, SUCCESS, logIndex=3835, commits[e6065258-5a2c-4a72-9f81-ed1321f551ca:c3835]
2019-06-14 09:09:40,712 INFO  client.GrpcClientProtocolClient (GrpcClientProtocolClient.java:onNext(254)) - client-C0E347E82FC5->e6065258-5a2c-4a72-9f81-ed1321f551ca: receive RaftClientReply:client-C0E347E82FC5->e6065258-5a2c-4a72-9f81-ed1321f551ca@group-13364FE26125, cid=2329, SUCCESS, logIndex=3837, commits[e6065258-5a2c-4a72-9f81-ed1321f551ca:c3837]
2019-06-14 09:09:40,713 INFO  client.GrpcClientProtocolClient (GrpcClientProtocolClient.java:onNext(254)) - client-C0E347E82FC5->e6065258-5a2c-4a72-9f81-ed1321f551ca: receive RaftClientReply:client-C0E347E82FC5->e6065258-5a2c-4a72-9f81-ed1321f551ca@group-13364FE26125, cid=2330, SUCCESS, logIndex=3839, commits[e6065258-5a2c-4a72-9f81-ed1321f551ca:c3839]
2019-06-14 09:09:40,714 INFO  client.GrpcClientProtocolClient (GrpcClientProtocolClient.java:onNext(254)) - client-C0E347E82FC5->e6065258-5a2c-4a72-9f81-ed1321f551ca: receive RaftClientReply:client-C0E347E82FC5->e6065258-5a2c-4a72-9f81-ed1321f551ca@group-13364FE26125, cid=2331, SUCCESS, logIndex=3840, commits[e6065258-5a2c-4a72-9f81-ed1321f551ca:c3840]
2019-06-14 09:09:40,714 INFO  client.GrpcClientProtocolClient (GrpcClientProtocolClient.java:onNext(254)) - client-C0E347E82FC5->e6065258-5a2c-4a72-9f81-ed1321f551ca: receive RaftClientReply:client-C0E347E82FC5->e6065258-5a2c-4a72-9f81-ed1321f551ca@group-13364FE26125, cid=2332, SUCCESS, logIndex=3842, commits[e6065258-5a2c-4a72-9f81-ed1321f551ca:c3842]
2019-06-14 09:09:40,719 INFO  client.GrpcClientProtocolClient (GrpcClientProtocolClient.java:onNext(254)) - client-C0E347E82FC5->e6065258-5a2c-4a72-9f81-ed1321f551ca: receive RaftClientReply:client-C0E347E82FC5->e6065258-5a2c-4a72-9f81-ed1321f551ca@group-13364FE26125, cid=2333, SUCCESS, logIndex=3845, commits[e6065258-5a2c-4a72-9f81-ed1321f551ca:c3845]
2019-06-14 09:09:40,721 INFO  client.GrpcClientProtocolClient (GrpcClientProtocolClient.java:onNext(254)) - client-C0E347E82FC5->e6065258-5a2c-4a72-9f81-ed1321f551ca: receive RaftClientReply:client-C0E347E82FC5->e6065258-5a2c-4a72-9f81-ed1321f551ca@group-13364FE26125, cid=2334, SUCCESS, logIndex=3847, commits[e6065258-5a2c-4a72-9f81-ed1321f551ca:c3847]
2019-06-14 09:09:40,722 INFO  client.GrpcClientProtocolClient (GrpcClientProtocolClient.java:onNext(254)) - client-C0E347E82FC5->e6065258-5a2c-4a72-9f81-ed1321f551ca: receive RaftClientReply:client-C0E347E82FC5->e6065258-5a2c-4a72-9f81-ed1321f551ca@group-13364FE26125, cid=2335, SUCCESS, logIndex=3848, commits[e6065258-5a2c-4a72-9f81-ed1321f551ca:c3850]
2019-06-14 09:09:40,725 INFO  client.GrpcClientProtocolClient (GrpcClientProtocolClient.java:onNext(254)) - client-C0E347E82FC5->e6065258-5a2c-4a72-9f81-ed1321f551ca: receive RaftClientReply:client-C0E347E82FC5->e6065258-5a2c-4a72-9f81-ed1321f551ca@group-13364FE26125, cid=2336, SUCCESS, logIndex=3849, commits[e6065258-5a2c-4a72-9f81-ed1321f551ca:c3850]
2019-06-14 09:09:40,734 INFO  client.GrpcClientProtocolClient (GrpcClientProtocolClient.java:onNext(254)) - client-C0E347E82FC5->e6065258-5a2c-4a72-9f81-ed1321f551ca: receive RaftClientReply:client-C0E347E82FC5->e6065258-5a2c-4a72-9f81-ed1321f551ca@group-13364FE26125, cid=2337, SUCCESS, logIndex=3851, commits[e6065258-5a2c-4a72-9f81-ed1321f551ca:c3851]
2019-06-14 09:09:40,735 INFO  client.GrpcClientProtocolClient (GrpcClientProtocolClient.java:onNext(254)) - client-C0E347E82FC5->e6065258-5a2c-4a72-9f81-ed1321f551ca: receive RaftClientReply:client-C0E347E82FC5->e6065258-5a2c-4a72-9f81-ed1321f551ca@group-13364FE26125, cid=2338, SUCCESS, logIndex=3853, commits[e6065258-5a2c-4a72-9f81-ed1321f551ca:c3853]
2019-06-14 09:09:40,736 INFO  client.GrpcClientProtocolClient (GrpcClientProtocolClient.java:onNext(254)) - client-C0E347E82FC5->e6065258-5a2c-4a72-9f81-ed1321f551ca: receive RaftClientReply:client-C0E347E82FC5->e6065258-5a2c-4a72-9f81-ed1321f551ca@group-13364FE26125, cid=2339, SUCCESS, logIndex=3854, commits[e6065258-5a2c-4a72-9f81-ed1321f551ca:c3856]
2019-06-14 09:09:40,737 INFO  client.GrpcClientProtocolClient (GrpcClientProtocolClient.java:onNext(254)) - client-C0E347E82FC5->e6065258-5a2c-4a72-9f81-ed1321f551ca: receive RaftClientReply:client-C0E347E82FC5->e6065258-5a2c-4a72-9f81-ed1321f551ca@group-13364FE26125, cid=2340, SUCCESS, logIndex=3855, commits[e6065258-5a2c-4a72-9f81-ed1321f551ca:c3856]
2019-06-14 09:09:40,742 INFO  client.GrpcClientProtocolClient (GrpcClientProtocolClient.java:onNext(254)) - client-C0E347E82FC5->e6065258-5a2c-4a72-9f81-ed1321f551ca: receive RaftClientReply:client-C0E347E82FC5->e6065258-5a2c-4a72-9f81-ed1321f551ca@group-13364FE26125, cid=2341, SUCCESS, logIndex=3857, commits[e6065258-5a2c-4a72-9f81-ed1321f551ca:c3857]
2019-06-14 09:09:40,743 INFO  client.GrpcClientProtocolClient (GrpcClientProtocolClient.java:onNext(254)) - client-C0E347E82FC5->e6065258-5a2c-4a72-9f81-ed1321f551ca: receive RaftClientReply:client-C0E347E82FC5->e6065258-5a2c-4a72-9f81-ed1321f551ca@group-13364FE26125, cid=2342, SUCCESS, logIndex=3859, commits[e6065258-5a2c-4a72-9f81-ed1321f551ca:c3859]
2019-06-14 09:09:40,792 DEBUG block.SCMBlockDeletingService (SCMBlockDeletingService.java:call(138)) - Running DeletedBlockTransactionScanner
2019-06-14 09:09:40,792 DEBUG block.SCMBlockDeletingService (SCMBlockDeletingService.java:call(155)) - Scanned deleted blocks log and got 0 delTX to process.
2019-06-14 09:09:40,809 INFO  client.GrpcClientProtocolClient (GrpcClientProtocolClient.java:onNext(254)) - client-C0E347E82FC5->e6065258-5a2c-4a72-9f81-ed1321f551ca: receive RaftClientReply:client-C0E347E82FC5->e6065258-5a2c-4a72-9f81-ed1321f551ca@group-13364FE26125, cid=2343, SUCCESS, logIndex=3861, commits[e6065258-5a2c-4a72-9f81-ed1321f551ca:c3861]
2019-06-14 09:09:40,810 INFO  client.GrpcClientProtocolClient (GrpcClientProtocolClient.java:onNext(254)) - client-C0E347E82FC5->e6065258-5a2c-4a72-9f81-ed1321f551ca: receive RaftClientReply:client-C0E347E82FC5->e6065258-5a2c-4a72-9f81-ed1321f551ca@group-13364FE26125, cid=2344, SUCCESS, logIndex=3863, commits[e6065258-5a2c-4a72-9f81-ed1321f551ca:c3863]
2019-06-14 09:09:40,820 INFO  client.GrpcClientProtocolClient (GrpcClientProtocolClient.java:onNext(254)) - client-C0E347E82FC5->e6065258-5a2c-4a72-9f81-ed1321f551ca: receive RaftClientReply:client-C0E347E82FC5->e6065258-5a2c-4a72-9f81-ed1321f551ca@group-13364FE26125, cid=2345, SUCCESS, logIndex=3865, commits[e6065258-5a2c-4a72-9f81-ed1321f551ca:c3865]
2019-06-14 09:09:40,820 INFO  client.GrpcClientProtocolClient (GrpcClientProtocolClient.java:onNext(254)) - client-C0E347E82FC5->e6065258-5a2c-4a72-9f81-ed1321f551ca: receive RaftClientReply:client-C0E347E82FC5->e6065258-5a2c-4a72-9f81-ed1321f551ca@group-13364FE26125, cid=2346, SUCCESS, logIndex=3867, commits[e6065258-5a2c-4a72-9f81-ed1321f551ca:c3867]
2019-06-14 09:09:40,821 INFO  client.GrpcClientProtocolClient (GrpcClientProtocolClient.java:onNext(254)) - client-C0E347E82FC5->e6065258-5a2c-4a72-9f81-ed1321f551ca: receive RaftClientReply:client-C0E347E82FC5->e6065258-5a2c-4a72-9f81-ed1321f551ca@group-13364FE26125, cid=2347, SUCCESS, logIndex=3868, commits[e6065258-5a2c-4a72-9f81-ed1321f551ca:c3870]
2019-06-14 09:09:40,821 INFO  client.GrpcClientProtocolClient (GrpcClientProtocolClient.java:onNext(254)) - client-C0E347E82FC5->e6065258-5a2c-4a72-9f81-ed1321f551ca: receive RaftClientReply:client-C0E347E82FC5->e6065258-5a2c-4a72-9f81-ed1321f551ca@group-13364FE26125, cid=2348, SUCCESS, logIndex=3869, commits[e6065258-5a2c-4a72-9f81-ed1321f551ca:c3870]
2019-06-14 09:09:40,826 INFO  client.GrpcClientProtocolClient (GrpcClientProtocolClient.java:onNext(254)) - client-C0E347E82FC5->e6065258-5a2c-4a72-9f81-ed1321f551ca: receive RaftClientReply:client-C0E347E82FC5->e6065258-5a2c-4a72-9f81-ed1321f551ca@group-13364FE26125, cid=2349, SUCCESS, logIndex=3871, commits[e6065258-5a2c-4a72-9f81-ed1321f551ca:c3871]
2019-06-14 09:09:40,827 INFO  client.GrpcClientProtocolClient (GrpcClientProtocolClient.java:onNext(254)) - client-C0E347E82FC5->e6065258-5a2c-4a72-9f81-ed1321f551ca: receive RaftClientReply:client-C0E347E82FC5->e6065258-5a2c-4a72-9f81-ed1321f551ca@group-13364FE26125, cid=2350, SUCCESS, logIndex=3873, commits[e6065258-5a2c-4a72-9f81-ed1321f551ca:c3873]
2019-06-14 09:09:40,828 INFO  client.GrpcClientProtocolClient (GrpcClientProtocolClient.java:onNext(254)) - client-C0E347E82FC5->e6065258-5a2c-4a72-9f81-ed1321f551ca: receive RaftClientReply:client-C0E347E82FC5->e6065258-5a2c-4a72-9f81-ed1321f551ca@group-13364FE26125, cid=2351, SUCCESS, logIndex=3874, commits[e6065258-5a2c-4a72-9f81-ed1321f551ca:c3876]
2019-06-14 09:09:40,828 INFO  client.GrpcClientProtocolClient (GrpcClientProtocolClient.java:onNext(254)) - client-C0E347E82FC5->e6065258-5a2c-4a72-9f81-ed1321f551ca: receive RaftClientReply:client-C0E347E82FC5->e6065258-5a2c-4a72-9f81-ed1321f551ca@group-13364FE26125, cid=2352, SUCCESS, logIndex=3875, commits[e6065258-5a2c-4a72-9f81-ed1321f551ca:c3876]
2019-06-14 09:09:40,837 INFO  client.GrpcClientProtocolClient (GrpcClientProtocolClient.java:onNext(254)) - client-C0E347E82FC5->e6065258-5a2c-4a72-9f81-ed1321f551ca: receive RaftClientReply:client-C0E347E82FC5->e6065258-5a2c-4a72-9f81-ed1321f551ca@group-13364FE26125, cid=2353, SUCCESS, logIndex=3877, commits[e6065258-5a2c-4a72-9f81-ed1321f551ca:c3877]
2019-06-14 09:09:40,838 INFO  client.GrpcClientProtocolClient (GrpcClientProtocolClient.java:onNext(254)) - client-C0E347E82FC5->e6065258-5a2c-4a72-9f81-ed1321f551ca: receive RaftClientReply:client-C0E347E82FC5->e6065258-5a2c-4a72-9f81-ed1321f551ca@group-13364FE26125, cid=2354, SUCCESS, logIndex=3879, commits[e6065258-5a2c-4a72-9f81-ed1321f551ca:c3879]
2019-06-14 09:09:40,839 INFO  client.GrpcClientProtocolClient (GrpcClientProtocolClient.java:onNext(254)) - client-C0E347E82FC5->e6065258-5a2c-4a72-9f81-ed1321f551ca: receive RaftClientReply:client-C0E347E82FC5->e6065258-5a2c-4a72-9f81-ed1321f551ca@group-13364FE26125, cid=2355, SUCCESS, logIndex=3880, commits[e6065258-5a2c-4a72-9f81-ed1321f551ca:c3882]
2019-06-14 09:09:40,839 INFO  client.GrpcClientProtocolClient (GrpcClientProtocolClient.java:onNext(254)) - client-C0E347E82FC5->e6065258-5a2c-4a72-9f81-ed1321f551ca: receive RaftClientReply:client-C0E347E82FC5->e6065258-5a2c-4a72-9f81-ed1321f551ca@group-13364FE26125, cid=2356, SUCCESS, logIndex=3881, commits[e6065258-5a2c-4a72-9f81-ed1321f551ca:c3882]
2019-06-14 09:09:40,844 INFO  client.GrpcClientProtocolClient (GrpcClientProtocolClient.java:onNext(254)) - client-C0E347E82FC5->e6065258-5a2c-4a72-9f81-ed1321f551ca: receive RaftClientReply:client-C0E347E82FC5->e6065258-5a2c-4a72-9f81-ed1321f551ca@group-13364FE26125, cid=2357, SUCCESS, logIndex=3883, commits[e6065258-5a2c-4a72-9f81-ed1321f551ca:c3883]
2019-06-14 09:09:40,845 INFO  client.GrpcClientProtocolClient (GrpcClientProtocolClient.java:onNext(254)) - client-C0E347E82FC5->e6065258-5a2c-4a72-9f81-ed1321f551ca: receive RaftClientReply:client-C0E347E82FC5->e6065258-5a2c-4a72-9f81-ed1321f551ca@group-13364FE26125, cid=2358, SUCCESS, logIndex=3885, commits[e6065258-5a2c-4a72-9f81-ed1321f551ca:c3885]
2019-06-14 09:09:40,846 INFO  client.GrpcClientProtocolClient (GrpcClientProtocolClient.java:onNext(254)) - client-C0E347E82FC5->e6065258-5a2c-4a72-9f81-ed1321f551ca: receive RaftClientReply:client-C0E347E82FC5->e6065258-5a2c-4a72-9f81-ed1321f551ca@group-13364FE26125, cid=2359, SUCCESS, logIndex=3886, commits[e6065258-5a2c-4a72-9f81-ed1321f551ca:c3886]
2019-06-14 09:09:40,847 INFO  client.GrpcClientProtocolClient (GrpcClientProtocolClient.java:onNext(254)) - client-C0E347E82FC5->e6065258-5a2c-4a72-9f81-ed1321f551ca: receive RaftClientReply:client-C0E347E82FC5->e6065258-5a2c-4a72-9f81-ed1321f551ca@group-13364FE26125, cid=2360, SUCCESS, logIndex=3888, commits[e6065258-5a2c-4a72-9f81-ed1321f551ca:c3888]
2019-06-14 09:09:40,858 INFO  client.GrpcClientProtocolClient (GrpcClientProtocolClient.java:onNext(254)) - client-C0E347E82FC5->e6065258-5a2c-4a72-9f81-ed1321f551ca: receive RaftClientReply:client-C0E347E82FC5->e6065258-5a2c-4a72-9f81-ed1321f551ca@group-13364FE26125, cid=2361, SUCCESS, logIndex=3891, commits[e6065258-5a2c-4a72-9f81-ed1321f551ca:c3891]
2019-06-14 09:09:40,861 INFO  client.GrpcClientProtocolClient (GrpcClientProtocolClient.java:onNext(254)) - client-C0E347E82FC5->e6065258-5a2c-4a72-9f81-ed1321f551ca: receive RaftClientReply:client-C0E347E82FC5->e6065258-5a2c-4a72-9f81-ed1321f551ca@group-13364FE26125, cid=2362, SUCCESS, logIndex=3893, commits[e6065258-5a2c-4a72-9f81-ed1321f551ca:c3893]
2019-06-14 09:09:40,862 INFO  client.GrpcClientProtocolClient (GrpcClientProtocolClient.java:onNext(254)) - client-C0E347E82FC5->e6065258-5a2c-4a72-9f81-ed1321f551ca: receive RaftClientReply:client-C0E347E82FC5->e6065258-5a2c-4a72-9f81-ed1321f551ca@group-13364FE26125, cid=2363, SUCCESS, logIndex=3894, commits[e6065258-5a2c-4a72-9f81-ed1321f551ca:c3896]
2019-06-14 09:09:40,862 INFO  client.GrpcClientProtocolClient (GrpcClientProtocolClient.java:onNext(254)) - client-C0E347E82FC5->e6065258-5a2c-4a72-9f81-ed1321f551ca: receive RaftClientReply:client-C0E347E82FC5->e6065258-5a2c-4a72-9f81-ed1321f551ca@group-13364FE26125, cid=2364, SUCCESS, logIndex=3895, commits[e6065258-5a2c-4a72-9f81-ed1321f551ca:c3896]
2019-06-14 09:09:40,866 INFO  storage.RaftLogWorker (RaftLogWorker.java:rollLogSegment(303)) - e6065258-5a2c-4a72-9f81-ed1321f551ca-RaftLogWorker: Rolling segment log-3827_3898 to index:3898
2019-06-14 09:09:40,866 INFO  client.GrpcClientProtocolClient (GrpcClientProtocolClient.java:onNext(254)) - client-C0E347E82FC5->e6065258-5a2c-4a72-9f81-ed1321f551ca: receive RaftClientReply:client-C0E347E82FC5->e6065258-5a2c-4a72-9f81-ed1321f551ca@group-13364FE26125, cid=2365, SUCCESS, logIndex=3897, commits[e6065258-5a2c-4a72-9f81-ed1321f551ca:c3897]
2019-06-14 09:09:40,867 INFO  storage.RaftLogWorker (RaftLogWorker.java:execute(433)) - e6065258-5a2c-4a72-9f81-ed1321f551ca-RaftLogWorker: Rolled log segment from /opt/src/hadoop-ozone/integration-test/target/test-dir/MiniOzoneClusterImpl-a56da109-a1cb-4168-8966-62306f2f2d23/datanode-0/data/ratis/920138aa-6f47-4d6d-b5cc-13364fe26125/current/log_inprogress_3827 to /opt/src/hadoop-ozone/integration-test/target/test-dir/MiniOzoneClusterImpl-a56da109-a1cb-4168-8966-62306f2f2d23/datanode-0/data/ratis/920138aa-6f47-4d6d-b5cc-13364fe26125/current/log_3827-3898
2019-06-14 09:09:40,893 DEBUG block.SCMBlockDeletingService (SCMBlockDeletingService.java:call(138)) - Running DeletedBlockTransactionScanner
2019-06-14 09:09:40,893 DEBUG block.SCMBlockDeletingService (SCMBlockDeletingService.java:call(155)) - Scanned deleted blocks log and got 0 delTX to process.
2019-06-14 09:09:40,906 INFO  storage.RaftLogWorker (RaftLogWorker.java:execute(469)) - e6065258-5a2c-4a72-9f81-ed1321f551ca-RaftLogWorker: created new log segment /opt/src/hadoop-ozone/integration-test/target/test-dir/MiniOzoneClusterImpl-a56da109-a1cb-4168-8966-62306f2f2d23/datanode-0/data/ratis/920138aa-6f47-4d6d-b5cc-13364fe26125/current/log_inprogress_3899
2019-06-14 09:09:40,908 INFO  client.GrpcClientProtocolClient (GrpcClientProtocolClient.java:onNext(254)) - client-C0E347E82FC5->e6065258-5a2c-4a72-9f81-ed1321f551ca: receive RaftClientReply:client-C0E347E82FC5->e6065258-5a2c-4a72-9f81-ed1321f551ca@group-13364FE26125, cid=2366, SUCCESS, logIndex=3899, commits[e6065258-5a2c-4a72-9f81-ed1321f551ca:c3901]
2019-06-14 09:09:40,908 INFO  client.GrpcClientProtocolClient (GrpcClientProtocolClient.java:onNext(254)) - client-C0E347E82FC5->e6065258-5a2c-4a72-9f81-ed1321f551ca: receive RaftClientReply:client-C0E347E82FC5->e6065258-5a2c-4a72-9f81-ed1321f551ca@group-13364FE26125, cid=2367, SUCCESS, logIndex=3900, commits[e6065258-5a2c-4a72-9f81-ed1321f551ca:c3902]
2019-06-14 09:09:40,909 INFO  client.GrpcClientProtocolClient (GrpcClientProtocolClient.java:onNext(254)) - client-C0E347E82FC5->e6065258-5a2c-4a72-9f81-ed1321f551ca: receive RaftClientReply:client-C0E347E82FC5->e6065258-5a2c-4a72-9f81-ed1321f551ca@group-13364FE26125, cid=2368, SUCCESS, logIndex=3901, commits[e6065258-5a2c-4a72-9f81-ed1321f551ca:c3902]
2019-06-14 09:09:40,920 INFO  client.GrpcClientProtocolClient (GrpcClientProtocolClient.java:onNext(254)) - client-C0E347E82FC5->e6065258-5a2c-4a72-9f81-ed1321f551ca: receive RaftClientReply:client-C0E347E82FC5->e6065258-5a2c-4a72-9f81-ed1321f551ca@group-13364FE26125, cid=2369, SUCCESS, logIndex=3903, commits[e6065258-5a2c-4a72-9f81-ed1321f551ca:c3903]
2019-06-14 09:09:40,922 INFO  client.GrpcClientProtocolClient (GrpcClientProtocolClient.java:onNext(254)) - client-C0E347E82FC5->e6065258-5a2c-4a72-9f81-ed1321f551ca: receive RaftClientReply:client-C0E347E82FC5->e6065258-5a2c-4a72-9f81-ed1321f551ca@group-13364FE26125, cid=2370, SUCCESS, logIndex=3905, commits[e6065258-5a2c-4a72-9f81-ed1321f551ca:c3907]
2019-06-14 09:09:40,923 INFO  client.GrpcClientProtocolClient (GrpcClientProtocolClient.java:onNext(254)) - client-C0E347E82FC5->e6065258-5a2c-4a72-9f81-ed1321f551ca: receive RaftClientReply:client-C0E347E82FC5->e6065258-5a2c-4a72-9f81-ed1321f551ca@group-13364FE26125, cid=2371, SUCCESS, logIndex=3906, commits[e6065258-5a2c-4a72-9f81-ed1321f551ca:c3907]
2019-06-14 09:09:40,923 INFO  client.GrpcClientProtocolClient (GrpcClientProtocolClient.java:onNext(254)) - client-C0E347E82FC5->e6065258-5a2c-4a72-9f81-ed1321f551ca: receive RaftClientReply:client-C0E347E82FC5->e6065258-5a2c-4a72-9f81-ed1321f551ca@group-13364FE26125, cid=2372, SUCCESS, logIndex=3907, commits[e6065258-5a2c-4a72-9f81-ed1321f551ca:c3907]
2019-06-14 09:09:40,929 INFO  client.GrpcClientProtocolClient (GrpcClientProtocolClient.java:onNext(254)) - client-C0E347E82FC5->e6065258-5a2c-4a72-9f81-ed1321f551ca: receive RaftClientReply:client-C0E347E82FC5->e6065258-5a2c-4a72-9f81-ed1321f551ca@group-13364FE26125, cid=2373, SUCCESS, logIndex=3909, commits[e6065258-5a2c-4a72-9f81-ed1321f551ca:c3909]
2019-06-14 09:09:40,930 INFO  client.GrpcClientProtocolClient (GrpcClientProtocolClient.java:onNext(254)) - client-C0E347E82FC5->e6065258-5a2c-4a72-9f81-ed1321f551ca: receive RaftClientReply:client-C0E347E82FC5->e6065258-5a2c-4a72-9f81-ed1321f551ca@group-13364FE26125, cid=2374, SUCCESS, logIndex=3911, commits[e6065258-5a2c-4a72-9f81-ed1321f551ca:c3911]
2019-06-14 09:09:40,932 INFO  client.GrpcClientProtocolClient (GrpcClientProtocolClient.java:onNext(254)) - client-C0E347E82FC5->e6065258-5a2c-4a72-9f81-ed1321f551ca: receive RaftClientReply:client-C0E347E82FC5->e6065258-5a2c-4a72-9f81-ed1321f551ca@group-13364FE26125, cid=2375, SUCCESS, logIndex=3913, commits[e6065258-5a2c-4a72-9f81-ed1321f551ca:c3914]
2019-06-14 09:09:40,932 INFO  client.GrpcClientProtocolClient (GrpcClientProtocolClient.java:onNext(254)) - client-C0E347E82FC5->e6065258-5a2c-4a72-9f81-ed1321f551ca: receive RaftClientReply:client-C0E347E82FC5->e6065258-5a2c-4a72-9f81-ed1321f551ca@group-13364FE26125, cid=2376, SUCCESS, logIndex=3914, commits[e6065258-5a2c-4a72-9f81-ed1321f551ca:c3914]
2019-06-14 09:09:40,941 INFO  client.GrpcClientProtocolClient (GrpcClientProtocolClient.java:onNext(254)) - client-C0E347E82FC5->e6065258-5a2c-4a72-9f81-ed1321f551ca: receive RaftClientReply:client-C0E347E82FC5->e6065258-5a2c-4a72-9f81-ed1321f551ca@group-13364FE26125, cid=2377, SUCCESS, logIndex=3916, commits[e6065258-5a2c-4a72-9f81-ed1321f551ca:c3916]
2019-06-14 09:09:40,942 INFO  client.GrpcClientProtocolClient (GrpcClientProtocolClient.java:onNext(254)) - client-C0E347E82FC5->e6065258-5a2c-4a72-9f81-ed1321f551ca: receive RaftClientReply:client-C0E347E82FC5->e6065258-5a2c-4a72-9f81-ed1321f551ca@group-13364FE26125, cid=2378, SUCCESS, logIndex=3918, commits[e6065258-5a2c-4a72-9f81-ed1321f551ca:c3918]
2019-06-14 09:09:40,943 INFO  client.GrpcClientProtocolClient (GrpcClientProtocolClient.java:onNext(254)) - client-C0E347E82FC5->e6065258-5a2c-4a72-9f81-ed1321f551ca: receive RaftClientReply:client-C0E347E82FC5->e6065258-5a2c-4a72-9f81-ed1321f551ca@group-13364FE26125, cid=2379, SUCCESS, logIndex=3919, commits[e6065258-5a2c-4a72-9f81-ed1321f551ca:c3921]
2019-06-14 09:09:40,943 INFO  client.GrpcClientProtocolClient (GrpcClientProtocolClient.java:onNext(254)) - client-C0E347E82FC5->e6065258-5a2c-4a72-9f81-ed1321f551ca: receive RaftClientReply:client-C0E347E82FC5->e6065258-5a2c-4a72-9f81-ed1321f551ca@group-13364FE26125, cid=2380, SUCCESS, logIndex=3920, commits[e6065258-5a2c-4a72-9f81-ed1321f551ca:c3921]
2019-06-14 09:09:40,948 INFO  client.GrpcClientProtocolClient (GrpcClientProtocolClient.java:onNext(254)) - client-C0E347E82FC5->e6065258-5a2c-4a72-9f81-ed1321f551ca: receive RaftClientReply:client-C0E347E82FC5->e6065258-5a2c-4a72-9f81-ed1321f551ca@group-13364FE26125, cid=2381, SUCCESS, logIndex=3922, commits[e6065258-5a2c-4a72-9f81-ed1321f551ca:c3922]
2019-06-14 09:09:40,949 INFO  client.GrpcClientProtocolClient (GrpcClientProtocolClient.java:onNext(254)) - client-C0E347E82FC5->e6065258-5a2c-4a72-9f81-ed1321f551ca: receive RaftClientReply:client-C0E347E82FC5->e6065258-5a2c-4a72-9f81-ed1321f551ca@group-13364FE26125, cid=2382, SUCCESS, logIndex=3924, commits[e6065258-5a2c-4a72-9f81-ed1321f551ca:c3924]
2019-06-14 09:09:40,950 INFO  client.GrpcClientProtocolClient (GrpcClientProtocolClient.java:onNext(254)) - client-C0E347E82FC5->e6065258-5a2c-4a72-9f81-ed1321f551ca: receive RaftClientReply:client-C0E347E82FC5->e6065258-5a2c-4a72-9f81-ed1321f551ca@group-13364FE26125, cid=2383, SUCCESS, logIndex=3925, commits[e6065258-5a2c-4a72-9f81-ed1321f551ca:c3927]
2019-06-14 09:09:40,951 INFO  client.GrpcClientProtocolClient (GrpcClientProtocolClient.java:onNext(254)) - client-C0E347E82FC5->e6065258-5a2c-4a72-9f81-ed1321f551ca: receive RaftClientReply:client-C0E347E82FC5->e6065258-5a2c-4a72-9f81-ed1321f551ca@group-13364FE26125, cid=2384, SUCCESS, logIndex=3926, commits[e6065258-5a2c-4a72-9f81-ed1321f551ca:c3927]
2019-06-14 09:09:40,959 INFO  client.GrpcClientProtocolClient (GrpcClientProtocolClient.java:onNext(254)) - client-C0E347E82FC5->e6065258-5a2c-4a72-9f81-ed1321f551ca: receive RaftClientReply:client-C0E347E82FC5->e6065258-5a2c-4a72-9f81-ed1321f551ca@group-13364FE26125, cid=2385, SUCCESS, logIndex=3928, commits[e6065258-5a2c-4a72-9f81-ed1321f551ca:c3928]
2019-06-14 09:09:40,960 INFO  client.GrpcClientProtocolClient (GrpcClientProtocolClient.java:onNext(254)) - client-C0E347E82FC5->e6065258-5a2c-4a72-9f81-ed1321f551ca: receive RaftClientReply:client-C0E347E82FC5->e6065258-5a2c-4a72-9f81-ed1321f551ca@group-13364FE26125, cid=2386, SUCCESS, logIndex=3930, commits[e6065258-5a2c-4a72-9f81-ed1321f551ca:c3930]
2019-06-14 09:09:40,993 DEBUG block.SCMBlockDeletingService (SCMBlockDeletingService.java:call(138)) - Running DeletedBlockTransactionScanner
2019-06-14 09:09:40,993 DEBUG block.SCMBlockDeletingService (SCMBlockDeletingService.java:call(155)) - Scanned deleted blocks log and got 0 delTX to process.
2019-06-14 09:09:41,027 INFO  client.GrpcClientProtocolClient (GrpcClientProtocolClient.java:onNext(254)) - client-C0E347E82FC5->e6065258-5a2c-4a72-9f81-ed1321f551ca: receive RaftClientReply:client-C0E347E82FC5->e6065258-5a2c-4a72-9f81-ed1321f551ca@group-13364FE26125, cid=2387, SUCCESS, logIndex=3932, commits[e6065258-5a2c-4a72-9f81-ed1321f551ca:c3932]
2019-06-14 09:09:41,028 INFO  client.GrpcClientProtocolClient (GrpcClientProtocolClient.java:onNext(254)) - client-C0E347E82FC5->e6065258-5a2c-4a72-9f81-ed1321f551ca: receive RaftClientReply:client-C0E347E82FC5->e6065258-5a2c-4a72-9f81-ed1321f551ca@group-13364FE26125, cid=2388, SUCCESS, logIndex=3934, commits[e6065258-5a2c-4a72-9f81-ed1321f551ca:c3934]
2019-06-14 09:09:41,033 INFO  client.GrpcClientProtocolClient (GrpcClientProtocolClient.java:onNext(254)) - client-C0E347E82FC5->e6065258-5a2c-4a72-9f81-ed1321f551ca: receive RaftClientReply:client-C0E347E82FC5->e6065258-5a2c-4a72-9f81-ed1321f551ca@group-13364FE26125, cid=2389, SUCCESS, logIndex=3936, commits[e6065258-5a2c-4a72-9f81-ed1321f551ca:c3936]
2019-06-14 09:09:41,034 INFO  client.GrpcClientProtocolClient (GrpcClientProtocolClient.java:onNext(254)) - client-C0E347E82FC5->e6065258-5a2c-4a72-9f81-ed1321f551ca: receive RaftClientReply:client-C0E347E82FC5->e6065258-5a2c-4a72-9f81-ed1321f551ca@group-13364FE26125, cid=2390, SUCCESS, logIndex=3938, commits[e6065258-5a2c-4a72-9f81-ed1321f551ca:c3938]
2019-06-14 09:09:41,035 INFO  client.GrpcClientProtocolClient (GrpcClientProtocolClient.java:onNext(254)) - client-C0E347E82FC5->e6065258-5a2c-4a72-9f81-ed1321f551ca: receive RaftClientReply:client-C0E347E82FC5->e6065258-5a2c-4a72-9f81-ed1321f551ca@group-13364FE26125, cid=2391, SUCCESS, logIndex=3939, commits[e6065258-5a2c-4a72-9f81-ed1321f551ca:c3941]
2019-06-14 09:09:41,035 INFO  client.GrpcClientProtocolClient (GrpcClientProtocolClient.java:onNext(254)) - client-C0E347E82FC5->e6065258-5a2c-4a72-9f81-ed1321f551ca: receive RaftClientReply:client-C0E347E82FC5->e6065258-5a2c-4a72-9f81-ed1321f551ca@group-13364FE26125, cid=2392, SUCCESS, logIndex=3940, commits[e6065258-5a2c-4a72-9f81-ed1321f551ca:c3941]
2019-06-14 09:09:41,045 INFO  client.GrpcClientProtocolClient (GrpcClientProtocolClient.java:onNext(254)) - client-C0E347E82FC5->e6065258-5a2c-4a72-9f81-ed1321f551ca: receive RaftClientReply:client-C0E347E82FC5->e6065258-5a2c-4a72-9f81-ed1321f551ca@group-13364FE26125, cid=2393, SUCCESS, logIndex=3942, commits[e6065258-5a2c-4a72-9f81-ed1321f551ca:c3942]
2019-06-14 09:09:41,046 INFO  client.GrpcClientProtocolClient (GrpcClientProtocolClient.java:onNext(254)) - client-C0E347E82FC5->e6065258-5a2c-4a72-9f81-ed1321f551ca: receive RaftClientReply:client-C0E347E82FC5->e6065258-5a2c-4a72-9f81-ed1321f551ca@group-13364FE26125, cid=2394, SUCCESS, logIndex=3944, commits[e6065258-5a2c-4a72-9f81-ed1321f551ca:c3944]
2019-06-14 09:09:41,047 INFO  client.GrpcClientProtocolClient (GrpcClientProtocolClient.java:onNext(254)) - client-C0E347E82FC5->e6065258-5a2c-4a72-9f81-ed1321f551ca: receive RaftClientReply:client-C0E347E82FC5->e6065258-5a2c-4a72-9f81-ed1321f551ca@group-13364FE26125, cid=2395, SUCCESS, logIndex=3945, commits[e6065258-5a2c-4a72-9f81-ed1321f551ca:c3947]
2019-06-14 09:09:41,047 INFO  client.GrpcClientProtocolClient (GrpcClientProtocolClient.java:onNext(254)) - client-C0E347E82FC5->e6065258-5a2c-4a72-9f81-ed1321f551ca: receive RaftClientReply:client-C0E347E82FC5->e6065258-5a2c-4a72-9f81-ed1321f551ca@group-13364FE26125, cid=2396, SUCCESS, logIndex=3946, commits[e6065258-5a2c-4a72-9f81-ed1321f551ca:c3947]
2019-06-14 09:09:41,052 INFO  client.GrpcClientProtocolClient (GrpcClientProtocolClient.java:onNext(254)) - client-C0E347E82FC5->e6065258-5a2c-4a72-9f81-ed1321f551ca: receive RaftClientReply:client-C0E347E82FC5->e6065258-5a2c-4a72-9f81-ed1321f551ca@group-13364FE26125, cid=2397, SUCCESS, logIndex=3948, commits[e6065258-5a2c-4a72-9f81-ed1321f551ca:c3948]
2019-06-14 09:09:41,053 INFO  client.GrpcClientProtocolClient (GrpcClientProtocolClient.java:onNext(254)) - client-C0E347E82FC5->e6065258-5a2c-4a72-9f81-ed1321f551ca: receive RaftClientReply:client-C0E347E82FC5->e6065258-5a2c-4a72-9f81-ed1321f551ca@group-13364FE26125, cid=2398, SUCCESS, logIndex=3950, commits[e6065258-5a2c-4a72-9f81-ed1321f551ca:c3950]
2019-06-14 09:09:41,054 INFO  client.GrpcClientProtocolClient (GrpcClientProtocolClient.java:onNext(254)) - client-C0E347E82FC5->e6065258-5a2c-4a72-9f81-ed1321f551ca: receive RaftClientReply:client-C0E347E82FC5->e6065258-5a2c-4a72-9f81-ed1321f551ca@group-13364FE26125, cid=2399, SUCCESS, logIndex=3951, commits[e6065258-5a2c-4a72-9f81-ed1321f551ca:c3953]
2019-06-14 09:09:41,054 INFO  client.GrpcClientProtocolClient (GrpcClientProtocolClient.java:onNext(254)) - client-C0E347E82FC5->e6065258-5a2c-4a72-9f81-ed1321f551ca: receive RaftClientReply:client-C0E347E82FC5->e6065258-5a2c-4a72-9f81-ed1321f551ca@group-13364FE26125, cid=2400, SUCCESS, logIndex=3952, commits[e6065258-5a2c-4a72-9f81-ed1321f551ca:c3953]
2019-06-14 09:09:41,063 INFO  client.GrpcClientProtocolClient (GrpcClientProtocolClient.java:onNext(254)) - client-C0E347E82FC5->e6065258-5a2c-4a72-9f81-ed1321f551ca: receive RaftClientReply:client-C0E347E82FC5->e6065258-5a2c-4a72-9f81-ed1321f551ca@group-13364FE26125, cid=2401, SUCCESS, logIndex=3954, commits[e6065258-5a2c-4a72-9f81-ed1321f551ca:c3954]
2019-06-14 09:09:41,065 INFO  client.GrpcClientProtocolClient (GrpcClientProtocolClient.java:onNext(254)) - client-C0E347E82FC5->e6065258-5a2c-4a72-9f81-ed1321f551ca: receive RaftClientReply:client-C0E347E82FC5->e6065258-5a2c-4a72-9f81-ed1321f551ca@group-13364FE26125, cid=2402, SUCCESS, logIndex=3956, commits[e6065258-5a2c-4a72-9f81-ed1321f551ca:c3956]
2019-06-14 09:09:41,066 INFO  client.GrpcClientProtocolClient (GrpcClientProtocolClient.java:onNext(254)) - client-C0E347E82FC5->e6065258-5a2c-4a72-9f81-ed1321f551ca: receive RaftClientReply:client-C0E347E82FC5->e6065258-5a2c-4a72-9f81-ed1321f551ca@group-13364FE26125, cid=2403, SUCCESS, logIndex=3957, commits[e6065258-5a2c-4a72-9f81-ed1321f551ca:c3959]
2019-06-14 09:09:41,066 INFO  client.GrpcClientProtocolClient (GrpcClientProtocolClient.java:onNext(254)) - client-C0E347E82FC5->e6065258-5a2c-4a72-9f81-ed1321f551ca: receive RaftClientReply:client-C0E347E82FC5->e6065258-5a2c-4a72-9f81-ed1321f551ca@group-13364FE26125, cid=2404, SUCCESS, logIndex=3958, commits[e6065258-5a2c-4a72-9f81-ed1321f551ca:c3959]
2019-06-14 09:09:41,107 DEBUG block.SCMBlockDeletingService (SCMBlockDeletingService.java:call(138)) - Running DeletedBlockTransactionScanner
2019-06-14 09:09:41,107 DEBUG block.SCMBlockDeletingService (SCMBlockDeletingService.java:call(155)) - Scanned deleted blocks log and got 0 delTX to process.
2019-06-14 09:09:41,110 INFO  client.GrpcClientProtocolClient (GrpcClientProtocolClient.java:onNext(254)) - client-C0E347E82FC5->e6065258-5a2c-4a72-9f81-ed1321f551ca: receive RaftClientReply:client-C0E347E82FC5->e6065258-5a2c-4a72-9f81-ed1321f551ca@group-13364FE26125, cid=2405, SUCCESS, logIndex=3960, commits[e6065258-5a2c-4a72-9f81-ed1321f551ca:c3960]
2019-06-14 09:09:41,112 INFO  client.GrpcClientProtocolClient (GrpcClientProtocolClient.java:onNext(254)) - client-C0E347E82FC5->e6065258-5a2c-4a72-9f81-ed1321f551ca: receive RaftClientReply:client-C0E347E82FC5->e6065258-5a2c-4a72-9f81-ed1321f551ca@group-13364FE26125, cid=2406, SUCCESS, logIndex=3962, commits[e6065258-5a2c-4a72-9f81-ed1321f551ca:c3962]
2019-06-14 09:09:41,114 INFO  client.GrpcClientProtocolClient (GrpcClientProtocolClient.java:onNext(254)) - client-C0E347E82FC5->e6065258-5a2c-4a72-9f81-ed1321f551ca: receive RaftClientReply:client-C0E347E82FC5->e6065258-5a2c-4a72-9f81-ed1321f551ca@group-13364FE26125, cid=2407, SUCCESS, logIndex=3964, commits[e6065258-5a2c-4a72-9f81-ed1321f551ca:c3965]
2019-06-14 09:09:41,114 INFO  client.GrpcClientProtocolClient (GrpcClientProtocolClient.java:onNext(254)) - client-C0E347E82FC5->e6065258-5a2c-4a72-9f81-ed1321f551ca: receive RaftClientReply:client-C0E347E82FC5->e6065258-5a2c-4a72-9f81-ed1321f551ca@group-13364FE26125, cid=2408, SUCCESS, logIndex=3965, commits[e6065258-5a2c-4a72-9f81-ed1321f551ca:c3965]
2019-06-14 09:09:41,121 INFO  storage.RaftLogWorker (RaftLogWorker.java:rollLogSegment(303)) - e6065258-5a2c-4a72-9f81-ed1321f551ca-RaftLogWorker: Rolling segment log-3899_3966 to index:3966
2019-06-14 09:09:41,121 INFO  storage.RaftLogWorker (RaftLogWorker.java:execute(433)) - e6065258-5a2c-4a72-9f81-ed1321f551ca-RaftLogWorker: Rolled log segment from /opt/src/hadoop-ozone/integration-test/target/test-dir/MiniOzoneClusterImpl-a56da109-a1cb-4168-8966-62306f2f2d23/datanode-0/data/ratis/920138aa-6f47-4d6d-b5cc-13364fe26125/current/log_inprogress_3899 to /opt/src/hadoop-ozone/integration-test/target/test-dir/MiniOzoneClusterImpl-a56da109-a1cb-4168-8966-62306f2f2d23/datanode-0/data/ratis/920138aa-6f47-4d6d-b5cc-13364fe26125/current/log_3899-3966
2019-06-14 09:09:41,158 INFO  storage.RaftLogWorker (RaftLogWorker.java:execute(469)) - e6065258-5a2c-4a72-9f81-ed1321f551ca-RaftLogWorker: created new log segment /opt/src/hadoop-ozone/integration-test/target/test-dir/MiniOzoneClusterImpl-a56da109-a1cb-4168-8966-62306f2f2d23/datanode-0/data/ratis/920138aa-6f47-4d6d-b5cc-13364fe26125/current/log_inprogress_3967
2019-06-14 09:09:41,160 INFO  client.GrpcClientProtocolClient (GrpcClientProtocolClient.java:onNext(254)) - client-C0E347E82FC5->e6065258-5a2c-4a72-9f81-ed1321f551ca: receive RaftClientReply:client-C0E347E82FC5->e6065258-5a2c-4a72-9f81-ed1321f551ca@group-13364FE26125, cid=2409, SUCCESS, logIndex=3967, commits[e6065258-5a2c-4a72-9f81-ed1321f551ca:c3967]
2019-06-14 09:09:41,161 INFO  client.GrpcClientProtocolClient (GrpcClientProtocolClient.java:onNext(254)) - client-C0E347E82FC5->e6065258-5a2c-4a72-9f81-ed1321f551ca: receive RaftClientReply:client-C0E347E82FC5->e6065258-5a2c-4a72-9f81-ed1321f551ca@group-13364FE26125, cid=2410, SUCCESS, logIndex=3969, commits[e6065258-5a2c-4a72-9f81-ed1321f551ca:c3969]
2019-06-14 09:09:41,162 INFO  client.GrpcClientProtocolClient (GrpcClientProtocolClient.java:onNext(254)) - client-C0E347E82FC5->e6065258-5a2c-4a72-9f81-ed1321f551ca: receive RaftClientReply:client-C0E347E82FC5->e6065258-5a2c-4a72-9f81-ed1321f551ca@group-13364FE26125, cid=2411, SUCCESS, logIndex=3970, commits[e6065258-5a2c-4a72-9f81-ed1321f551ca:c3972]
2019-06-14 09:09:41,162 INFO  client.GrpcClientProtocolClient (GrpcClientProtocolClient.java:onNext(254)) - client-C0E347E82FC5->e6065258-5a2c-4a72-9f81-ed1321f551ca: receive RaftClientReply:client-C0E347E82FC5->e6065258-5a2c-4a72-9f81-ed1321f551ca@group-13364FE26125, cid=2412, SUCCESS, logIndex=3971, commits[e6065258-5a2c-4a72-9f81-ed1321f551ca:c3972]
2019-06-14 09:09:41,167 INFO  client.GrpcClientProtocolClient (GrpcClientProtocolClient.java:onNext(254)) - client-C0E347E82FC5->e6065258-5a2c-4a72-9f81-ed1321f551ca: receive RaftClientReply:client-C0E347E82FC5->e6065258-5a2c-4a72-9f81-ed1321f551ca@group-13364FE26125, cid=2413, SUCCESS, logIndex=3973, commits[e6065258-5a2c-4a72-9f81-ed1321f551ca:c3973]
2019-06-14 09:09:41,170 INFO  client.GrpcClientProtocolClient (GrpcClientProtocolClient.java:onNext(254)) - client-C0E347E82FC5->e6065258-5a2c-4a72-9f81-ed1321f551ca: receive RaftClientReply:client-C0E347E82FC5->e6065258-5a2c-4a72-9f81-ed1321f551ca@group-13364FE26125, cid=2414, SUCCESS, logIndex=3975, commits[e6065258-5a2c-4a72-9f81-ed1321f551ca:c3975]
2019-06-14 09:09:41,170 INFO  client.GrpcClientProtocolClient (GrpcClientProtocolClient.java:onNext(254)) - client-C0E347E82FC5->e6065258-5a2c-4a72-9f81-ed1321f551ca: receive RaftClientReply:client-C0E347E82FC5->e6065258-5a2c-4a72-9f81-ed1321f551ca@group-13364FE26125, cid=2415, SUCCESS, logIndex=3976, commits[e6065258-5a2c-4a72-9f81-ed1321f551ca:c3978]
2019-06-14 09:09:41,174 INFO  client.GrpcClientProtocolClient (GrpcClientProtocolClient.java:onNext(254)) - client-C0E347E82FC5->e6065258-5a2c-4a72-9f81-ed1321f551ca: receive RaftClientReply:client-C0E347E82FC5->e6065258-5a2c-4a72-9f81-ed1321f551ca@group-13364FE26125, cid=2416, SUCCESS, logIndex=3977, commits[e6065258-5a2c-4a72-9f81-ed1321f551ca:c3978]
2019-06-14 09:09:41,192 INFO  client.GrpcClientProtocolClient (GrpcClientProtocolClient.java:onNext(254)) - client-C0E347E82FC5->e6065258-5a2c-4a72-9f81-ed1321f551ca: receive RaftClientReply:client-C0E347E82FC5->e6065258-5a2c-4a72-9f81-ed1321f551ca@group-13364FE26125, cid=2417, SUCCESS, logIndex=3979, commits[e6065258-5a2c-4a72-9f81-ed1321f551ca:c3979]
2019-06-14 09:09:41,193 INFO  client.GrpcClientProtocolClient (GrpcClientProtocolClient.java:onNext(254)) - client-C0E347E82FC5->e6065258-5a2c-4a72-9f81-ed1321f551ca: receive RaftClientReply:client-C0E347E82FC5->e6065258-5a2c-4a72-9f81-ed1321f551ca@group-13364FE26125, cid=2418, SUCCESS, logIndex=3981, commits[e6065258-5a2c-4a72-9f81-ed1321f551ca:c3981]
2019-06-14 09:09:41,194 INFO  client.GrpcClientProtocolClient (GrpcClientProtocolClient.java:onNext(254)) - client-C0E347E82FC5->e6065258-5a2c-4a72-9f81-ed1321f551ca: receive RaftClientReply:client-C0E347E82FC5->e6065258-5a2c-4a72-9f81-ed1321f551ca@group-13364FE26125, cid=2419, SUCCESS, logIndex=3982, commits[e6065258-5a2c-4a72-9f81-ed1321f551ca:c3984]
2019-06-14 09:09:41,194 INFO  client.GrpcClientProtocolClient (GrpcClientProtocolClient.java:onNext(254)) - client-C0E347E82FC5->e6065258-5a2c-4a72-9f81-ed1321f551ca: receive RaftClientReply:client-C0E347E82FC5->e6065258-5a2c-4a72-9f81-ed1321f551ca@group-13364FE26125, cid=2420, SUCCESS, logIndex=3983, commits[e6065258-5a2c-4a72-9f81-ed1321f551ca:c3984]
2019-06-14 09:09:41,200 INFO  client.GrpcClientProtocolClient (GrpcClientProtocolClient.java:onNext(254)) - client-C0E347E82FC5->e6065258-5a2c-4a72-9f81-ed1321f551ca: receive RaftClientReply:client-C0E347E82FC5->e6065258-5a2c-4a72-9f81-ed1321f551ca@group-13364FE26125, cid=2421, SUCCESS, logIndex=3985, commits[e6065258-5a2c-4a72-9f81-ed1321f551ca:c3985]
2019-06-14 09:09:41,201 INFO  client.GrpcClientProtocolClient (GrpcClientProtocolClient.java:onNext(254)) - client-C0E347E82FC5->e6065258-5a2c-4a72-9f81-ed1321f551ca: receive RaftClientReply:client-C0E347E82FC5->e6065258-5a2c-4a72-9f81-ed1321f551ca@group-13364FE26125, cid=2422, SUCCESS, logIndex=3987, commits[e6065258-5a2c-4a72-9f81-ed1321f551ca:c3987]
2019-06-14 09:09:41,202 INFO  client.GrpcClientProtocolClient (GrpcClientProtocolClient.java:onNext(254)) - client-C0E347E82FC5->e6065258-5a2c-4a72-9f81-ed1321f551ca: receive RaftClientReply:client-C0E347E82FC5->e6065258-5a2c-4a72-9f81-ed1321f551ca@group-13364FE26125, cid=2423, SUCCESS, logIndex=3988, commits[e6065258-5a2c-4a72-9f81-ed1321f551ca:c3990]
2019-06-14 09:09:41,202 INFO  client.GrpcClientProtocolClient (GrpcClientProtocolClient.java:onNext(254)) - client-C0E347E82FC5->e6065258-5a2c-4a72-9f81-ed1321f551ca: receive RaftClientReply:client-C0E347E82FC5->e6065258-5a2c-4a72-9f81-ed1321f551ca@group-13364FE26125, cid=2424, SUCCESS, logIndex=3989, commits[e6065258-5a2c-4a72-9f81-ed1321f551ca:c3990]
2019-06-14 09:09:41,208 DEBUG block.SCMBlockDeletingService (SCMBlockDeletingService.java:call(138)) - Running DeletedBlockTransactionScanner
2019-06-14 09:09:41,208 DEBUG block.SCMBlockDeletingService (SCMBlockDeletingService.java:call(155)) - Scanned deleted blocks log and got 0 delTX to process.
2019-06-14 09:09:41,211 INFO  client.GrpcClientProtocolClient (GrpcClientProtocolClient.java:onNext(254)) - client-C0E347E82FC5->e6065258-5a2c-4a72-9f81-ed1321f551ca: receive RaftClientReply:client-C0E347E82FC5->e6065258-5a2c-4a72-9f81-ed1321f551ca@group-13364FE26125, cid=2425, SUCCESS, logIndex=3991, commits[e6065258-5a2c-4a72-9f81-ed1321f551ca:c3991]
2019-06-14 09:09:41,212 INFO  client.GrpcClientProtocolClient (GrpcClientProtocolClient.java:onNext(254)) - client-C0E347E82FC5->e6065258-5a2c-4a72-9f81-ed1321f551ca: receive RaftClientReply:client-C0E347E82FC5->e6065258-5a2c-4a72-9f81-ed1321f551ca@group-13364FE26125, cid=2426, SUCCESS, logIndex=3993, commits[e6065258-5a2c-4a72-9f81-ed1321f551ca:c3993]
2019-06-14 09:09:41,213 INFO  client.GrpcClientProtocolClient (GrpcClientProtocolClient.java:onNext(254)) - client-C0E347E82FC5->e6065258-5a2c-4a72-9f81-ed1321f551ca: receive RaftClientReply:client-C0E347E82FC5->e6065258-5a2c-4a72-9f81-ed1321f551ca@group-13364FE26125, cid=2427, SUCCESS, logIndex=3994, commits[e6065258-5a2c-4a72-9f81-ed1321f551ca:c3996]
2019-06-14 09:09:41,214 INFO  client.GrpcClientProtocolClient (GrpcClientProtocolClient.java:onNext(254)) - client-C0E347E82FC5->e6065258-5a2c-4a72-9f81-ed1321f551ca: receive RaftClientReply:client-C0E347E82FC5->e6065258-5a2c-4a72-9f81-ed1321f551ca@group-13364FE26125, cid=2428, SUCCESS, logIndex=3995, commits[e6065258-5a2c-4a72-9f81-ed1321f551ca:c3996]
2019-06-14 09:09:41,218 INFO  client.GrpcClientProtocolClient (GrpcClientProtocolClient.java:onNext(254)) - client-C0E347E82FC5->e6065258-5a2c-4a72-9f81-ed1321f551ca: receive RaftClientReply:client-C0E347E82FC5->e6065258-5a2c-4a72-9f81-ed1321f551ca@group-13364FE26125, cid=2429, SUCCESS, logIndex=3997, commits[e6065258-5a2c-4a72-9f81-ed1321f551ca:c3997]
2019-06-14 09:09:41,220 INFO  client.GrpcClientProtocolClient (GrpcClientProtocolClient.java:onNext(254)) - client-C0E347E82FC5->e6065258-5a2c-4a72-9f81-ed1321f551ca: receive RaftClientReply:client-C0E347E82FC5->e6065258-5a2c-4a72-9f81-ed1321f551ca@group-13364FE26125, cid=2430, SUCCESS, logIndex=3999, commits[e6065258-5a2c-4a72-9f81-ed1321f551ca:c3999]
2019-06-14 09:09:41,287 INFO  client.GrpcClientProtocolClient (GrpcClientProtocolClient.java:onNext(254)) - client-C0E347E82FC5->e6065258-5a2c-4a72-9f81-ed1321f551ca: receive RaftClientReply:client-C0E347E82FC5->e6065258-5a2c-4a72-9f81-ed1321f551ca@group-13364FE26125, cid=2431, SUCCESS, logIndex=4001, commits[e6065258-5a2c-4a72-9f81-ed1321f551ca:c4001]
2019-06-14 09:09:41,288 INFO  client.GrpcClientProtocolClient (GrpcClientProtocolClient.java:onNext(254)) - client-C0E347E82FC5->e6065258-5a2c-4a72-9f81-ed1321f551ca: receive RaftClientReply:client-C0E347E82FC5->e6065258-5a2c-4a72-9f81-ed1321f551ca@group-13364FE26125, cid=2432, SUCCESS, logIndex=4003, commits[e6065258-5a2c-4a72-9f81-ed1321f551ca:c4003]
2019-06-14 09:09:41,297 INFO  client.GrpcClientProtocolClient (GrpcClientProtocolClient.java:onNext(254)) - client-C0E347E82FC5->e6065258-5a2c-4a72-9f81-ed1321f551ca: receive RaftClientReply:client-C0E347E82FC5->e6065258-5a2c-4a72-9f81-ed1321f551ca@group-13364FE26125, cid=2433, SUCCESS, logIndex=4005, commits[e6065258-5a2c-4a72-9f81-ed1321f551ca:c4005]
2019-06-14 09:09:41,299 INFO  client.GrpcClientProtocolClient (GrpcClientProtocolClient.java:onNext(254)) - client-C0E347E82FC5->e6065258-5a2c-4a72-9f81-ed1321f551ca: receive RaftClientReply:client-C0E347E82FC5->e6065258-5a2c-4a72-9f81-ed1321f551ca@group-13364FE26125, cid=2434, SUCCESS, logIndex=4007, commits[e6065258-5a2c-4a72-9f81-ed1321f551ca:c4007]
2019-06-14 09:09:41,300 INFO  client.GrpcClientProtocolClient (GrpcClientProtocolClient.java:onNext(254)) - client-C0E347E82FC5->e6065258-5a2c-4a72-9f81-ed1321f551ca: receive RaftClientReply:client-C0E347E82FC5->e6065258-5a2c-4a72-9f81-ed1321f551ca@group-13364FE26125, cid=2435, SUCCESS, logIndex=4008, commits[e6065258-5a2c-4a72-9f81-ed1321f551ca:c4010]
2019-06-14 09:09:41,300 INFO  client.GrpcClientProtocolClient (GrpcClientProtocolClient.java:onNext(254)) - client-C0E347E82FC5->e6065258-5a2c-4a72-9f81-ed1321f551ca: receive RaftClientReply:client-C0E347E82FC5->e6065258-5a2c-4a72-9f81-ed1321f551ca@group-13364FE26125, cid=2436, SUCCESS, logIndex=4009, commits[e6065258-5a2c-4a72-9f81-ed1321f551ca:c4010]
2019-06-14 09:09:41,305 INFO  client.GrpcClientProtocolClient (GrpcClientProtocolClient.java:onNext(254)) - client-C0E347E82FC5->e6065258-5a2c-4a72-9f81-ed1321f551ca: receive RaftClientReply:client-C0E347E82FC5->e6065258-5a2c-4a72-9f81-ed1321f551ca@group-13364FE26125, cid=2437, SUCCESS, logIndex=4011, commits[e6065258-5a2c-4a72-9f81-ed1321f551ca:c4011]
2019-06-14 09:09:41,306 INFO  client.GrpcClientProtocolClient (GrpcClientProtocolClient.java:onNext(254)) - client-C0E347E82FC5->e6065258-5a2c-4a72-9f81-ed1321f551ca: receive RaftClientReply:client-C0E347E82FC5->e6065258-5a2c-4a72-9f81-ed1321f551ca@group-13364FE26125, cid=2438, SUCCESS, logIndex=4013, commits[e6065258-5a2c-4a72-9f81-ed1321f551ca:c4013]
2019-06-14 09:09:41,307 INFO  client.GrpcClientProtocolClient (GrpcClientProtocolClient.java:onNext(254)) - client-C0E347E82FC5->e6065258-5a2c-4a72-9f81-ed1321f551ca: receive RaftClientReply:client-C0E347E82FC5->e6065258-5a2c-4a72-9f81-ed1321f551ca@group-13364FE26125, cid=2439, SUCCESS, logIndex=4014, commits[e6065258-5a2c-4a72-9f81-ed1321f551ca:c4016]
2019-06-14 09:09:41,308 DEBUG block.SCMBlockDeletingService (SCMBlockDeletingService.java:call(138)) - Running DeletedBlockTransactionScanner
2019-06-14 09:09:41,308 DEBUG block.SCMBlockDeletingService (SCMBlockDeletingService.java:call(155)) - Scanned deleted blocks log and got 0 delTX to process.
2019-06-14 09:09:41,310 INFO  client.GrpcClientProtocolClient (GrpcClientProtocolClient.java:onNext(254)) - client-C0E347E82FC5->e6065258-5a2c-4a72-9f81-ed1321f551ca: receive RaftClientReply:client-C0E347E82FC5->e6065258-5a2c-4a72-9f81-ed1321f551ca@group-13364FE26125, cid=2440, SUCCESS, logIndex=4015, commits[e6065258-5a2c-4a72-9f81-ed1321f551ca:c4016]
2019-06-14 09:09:41,322 INFO  client.GrpcClientProtocolClient (GrpcClientProtocolClient.java:onNext(254)) - client-C0E347E82FC5->e6065258-5a2c-4a72-9f81-ed1321f551ca: receive RaftClientReply:client-C0E347E82FC5->e6065258-5a2c-4a72-9f81-ed1321f551ca@group-13364FE26125, cid=2441, SUCCESS, logIndex=4017, commits[e6065258-5a2c-4a72-9f81-ed1321f551ca:c4017]
2019-06-14 09:09:41,323 INFO  client.GrpcClientProtocolClient (GrpcClientProtocolClient.java:onNext(254)) - client-C0E347E82FC5->e6065258-5a2c-4a72-9f81-ed1321f551ca: receive RaftClientReply:client-C0E347E82FC5->e6065258-5a2c-4a72-9f81-ed1321f551ca@group-13364FE26125, cid=2442, SUCCESS, logIndex=4019, commits[e6065258-5a2c-4a72-9f81-ed1321f551ca:c4019]
2019-06-14 09:09:41,324 INFO  client.GrpcClientProtocolClient (GrpcClientProtocolClient.java:onNext(254)) - client-C0E347E82FC5->e6065258-5a2c-4a72-9f81-ed1321f551ca: receive RaftClientReply:client-C0E347E82FC5->e6065258-5a2c-4a72-9f81-ed1321f551ca@group-13364FE26125, cid=2443, SUCCESS, logIndex=4020, commits[e6065258-5a2c-4a72-9f81-ed1321f551ca:c4022]
2019-06-14 09:09:41,325 INFO  client.GrpcClientProtocolClient (GrpcClientProtocolClient.java:onNext(254)) - client-C0E347E82FC5->e6065258-5a2c-4a72-9f81-ed1321f551ca: receive RaftClientReply:client-C0E347E82FC5->e6065258-5a2c-4a72-9f81-ed1321f551ca@group-13364FE26125, cid=2444, SUCCESS, logIndex=4021, commits[e6065258-5a2c-4a72-9f81-ed1321f551ca:c4022]
2019-06-14 09:09:41,330 INFO  client.GrpcClientProtocolClient (GrpcClientProtocolClient.java:onNext(254)) - client-C0E347E82FC5->e6065258-5a2c-4a72-9f81-ed1321f551ca: receive RaftClientReply:client-C0E347E82FC5->e6065258-5a2c-4a72-9f81-ed1321f551ca@group-13364FE26125, cid=2445, SUCCESS, logIndex=4023, commits[e6065258-5a2c-4a72-9f81-ed1321f551ca:c4023]
2019-06-14 09:09:41,331 INFO  client.GrpcClientProtocolClient (GrpcClientProtocolClient.java:onNext(254)) - client-C0E347E82FC5->e6065258-5a2c-4a72-9f81-ed1321f551ca: receive RaftClientReply:client-C0E347E82FC5->e6065258-5a2c-4a72-9f81-ed1321f551ca@group-13364FE26125, cid=2446, SUCCESS, logIndex=4025, commits[e6065258-5a2c-4a72-9f81-ed1321f551ca:c4025]
2019-06-14 09:09:41,332 INFO  client.GrpcClientProtocolClient (GrpcClientProtocolClient.java:onNext(254)) - client-C0E347E82FC5->e6065258-5a2c-4a72-9f81-ed1321f551ca: receive RaftClientReply:client-C0E347E82FC5->e6065258-5a2c-4a72-9f81-ed1321f551ca@group-13364FE26125, cid=2447, SUCCESS, logIndex=4026, commits[e6065258-5a2c-4a72-9f81-ed1321f551ca:c4028]
2019-06-14 09:09:41,333 INFO  client.GrpcClientProtocolClient (GrpcClientProtocolClient.java:onNext(254)) - client-C0E347E82FC5->e6065258-5a2c-4a72-9f81-ed1321f551ca: receive RaftClientReply:client-C0E347E82FC5->e6065258-5a2c-4a72-9f81-ed1321f551ca@group-13364FE26125, cid=2448, SUCCESS, logIndex=4027, commits[e6065258-5a2c-4a72-9f81-ed1321f551ca:c4028]
2019-06-14 09:09:41,343 INFO  client.GrpcClientProtocolClient (GrpcClientProtocolClient.java:onNext(254)) - client-C0E347E82FC5->e6065258-5a2c-4a72-9f81-ed1321f551ca: receive RaftClientReply:client-C0E347E82FC5->e6065258-5a2c-4a72-9f81-ed1321f551ca@group-13364FE26125, cid=2449, SUCCESS, logIndex=4029, commits[e6065258-5a2c-4a72-9f81-ed1321f551ca:c4029]
2019-06-14 09:09:41,345 INFO  client.GrpcClientProtocolClient (GrpcClientProtocolClient.java:onNext(254)) - client-C0E347E82FC5->e6065258-5a2c-4a72-9f81-ed1321f551ca: receive RaftClientReply:client-C0E347E82FC5->e6065258-5a2c-4a72-9f81-ed1321f551ca@group-13364FE26125, cid=2450, SUCCESS, logIndex=4031, commits[e6065258-5a2c-4a72-9f81-ed1321f551ca:c4031]
2019-06-14 09:09:41,346 INFO  client.GrpcClientProtocolClient (GrpcClientProtocolClient.java:onNext(254)) - client-C0E347E82FC5->e6065258-5a2c-4a72-9f81-ed1321f551ca: receive RaftClientReply:client-C0E347E82FC5->e6065258-5a2c-4a72-9f81-ed1321f551ca@group-13364FE26125, cid=2451, SUCCESS, logIndex=4032, commits[e6065258-5a2c-4a72-9f81-ed1321f551ca:c4032]
2019-06-14 09:09:41,346 INFO  client.GrpcClientProtocolClient (GrpcClientProtocolClient.java:onNext(254)) - client-C0E347E82FC5->e6065258-5a2c-4a72-9f81-ed1321f551ca: receive RaftClientReply:client-C0E347E82FC5->e6065258-5a2c-4a72-9f81-ed1321f551ca@group-13364FE26125, cid=2452, SUCCESS, logIndex=4034, commits[e6065258-5a2c-4a72-9f81-ed1321f551ca:c4034]
2019-06-14 09:09:41,349 INFO  storage.RaftLogWorker (RaftLogWorker.java:rollLogSegment(303)) - e6065258-5a2c-4a72-9f81-ed1321f551ca-RaftLogWorker: Rolling segment log-3967_4036 to index:4036
2019-06-14 09:09:41,350 INFO  storage.RaftLogWorker (RaftLogWorker.java:execute(433)) - e6065258-5a2c-4a72-9f81-ed1321f551ca-RaftLogWorker: Rolled log segment from /opt/src/hadoop-ozone/integration-test/target/test-dir/MiniOzoneClusterImpl-a56da109-a1cb-4168-8966-62306f2f2d23/datanode-0/data/ratis/920138aa-6f47-4d6d-b5cc-13364fe26125/current/log_inprogress_3967 to /opt/src/hadoop-ozone/integration-test/target/test-dir/MiniOzoneClusterImpl-a56da109-a1cb-4168-8966-62306f2f2d23/datanode-0/data/ratis/920138aa-6f47-4d6d-b5cc-13364fe26125/current/log_3967-4036
2019-06-14 09:09:41,390 INFO  storage.RaftLogWorker (RaftLogWorker.java:execute(469)) - e6065258-5a2c-4a72-9f81-ed1321f551ca-RaftLogWorker: created new log segment /opt/src/hadoop-ozone/integration-test/target/test-dir/MiniOzoneClusterImpl-a56da109-a1cb-4168-8966-62306f2f2d23/datanode-0/data/ratis/920138aa-6f47-4d6d-b5cc-13364fe26125/current/log_inprogress_4037
2019-06-14 09:09:41,391 INFO  client.GrpcClientProtocolClient (GrpcClientProtocolClient.java:onNext(254)) - client-C0E347E82FC5->e6065258-5a2c-4a72-9f81-ed1321f551ca: receive RaftClientReply:client-C0E347E82FC5->e6065258-5a2c-4a72-9f81-ed1321f551ca@group-13364FE26125, cid=2453, SUCCESS, logIndex=4037, commits[e6065258-5a2c-4a72-9f81-ed1321f551ca:c4037]
2019-06-14 09:09:41,392 INFO  client.GrpcClientProtocolClient (GrpcClientProtocolClient.java:onNext(254)) - client-C0E347E82FC5->e6065258-5a2c-4a72-9f81-ed1321f551ca: receive RaftClientReply:client-C0E347E82FC5->e6065258-5a2c-4a72-9f81-ed1321f551ca@group-13364FE26125, cid=2454, SUCCESS, logIndex=4039, commits[e6065258-5a2c-4a72-9f81-ed1321f551ca:c4039]
2019-06-14 09:09:41,394 INFO  client.GrpcClientProtocolClient (GrpcClientProtocolClient.java:onNext(254)) - client-C0E347E82FC5->e6065258-5a2c-4a72-9f81-ed1321f551ca: receive RaftClientReply:client-C0E347E82FC5->e6065258-5a2c-4a72-9f81-ed1321f551ca@group-13364FE26125, cid=2455, SUCCESS, logIndex=4040, commits[e6065258-5a2c-4a72-9f81-ed1321f551ca:c4042]
2019-06-14 09:09:41,394 INFO  client.GrpcClientProtocolClient (GrpcClientProtocolClient.java:onNext(254)) - client-C0E347E82FC5->e6065258-5a2c-4a72-9f81-ed1321f551ca: receive RaftClientReply:client-C0E347E82FC5->e6065258-5a2c-4a72-9f81-ed1321f551ca@group-13364FE26125, cid=2456, SUCCESS, logIndex=4041, commits[e6065258-5a2c-4a72-9f81-ed1321f551ca:c4042]
2019-06-14 09:09:41,403 INFO  client.GrpcClientProtocolClient (GrpcClientProtocolClient.java:onNext(254)) - client-C0E347E82FC5->e6065258-5a2c-4a72-9f81-ed1321f551ca: receive RaftClientReply:client-C0E347E82FC5->e6065258-5a2c-4a72-9f81-ed1321f551ca@group-13364FE26125, cid=2457, SUCCESS, logIndex=4043, commits[e6065258-5a2c-4a72-9f81-ed1321f551ca:c4043]
2019-06-14 09:09:41,404 INFO  client.GrpcClientProtocolClient (GrpcClientProtocolClient.java:onNext(254)) - client-C0E347E82FC5->e6065258-5a2c-4a72-9f81-ed1321f551ca: receive RaftClientReply:client-C0E347E82FC5->e6065258-5a2c-4a72-9f81-ed1321f551ca@group-13364FE26125, cid=2458, SUCCESS, logIndex=4045, commits[e6065258-5a2c-4a72-9f81-ed1321f551ca:c4045]
2019-06-14 09:09:41,405 INFO  client.GrpcClientProtocolClient (GrpcClientProtocolClient.java:onNext(254)) - client-C0E347E82FC5->e6065258-5a2c-4a72-9f81-ed1321f551ca: receive RaftClientReply:client-C0E347E82FC5->e6065258-5a2c-4a72-9f81-ed1321f551ca@group-13364FE26125, cid=2459, SUCCESS, logIndex=4046, commits[e6065258-5a2c-4a72-9f81-ed1321f551ca:c4048]
2019-06-14 09:09:41,405 INFO  client.GrpcClientProtocolClient (GrpcClientProtocolClient.java:onNext(254)) - client-C0E347E82FC5->e6065258-5a2c-4a72-9f81-ed1321f551ca: receive RaftClientReply:client-C0E347E82FC5->e6065258-5a2c-4a72-9f81-ed1321f551ca@group-13364FE26125, cid=2460, SUCCESS, logIndex=4047, commits[e6065258-5a2c-4a72-9f81-ed1321f551ca:c4048]
2019-06-14 09:09:41,409 DEBUG block.SCMBlockDeletingService (SCMBlockDeletingService.java:call(138)) - Running DeletedBlockTransactionScanner
2019-06-14 09:09:41,409 DEBUG block.SCMBlockDeletingService (SCMBlockDeletingService.java:call(155)) - Scanned deleted blocks log and got 0 delTX to process.
2019-06-14 09:09:41,410 INFO  client.GrpcClientProtocolClient (GrpcClientProtocolClient.java:onNext(254)) - client-C0E347E82FC5->e6065258-5a2c-4a72-9f81-ed1321f551ca: receive RaftClientReply:client-C0E347E82FC5->e6065258-5a2c-4a72-9f81-ed1321f551ca@group-13364FE26125, cid=2461, SUCCESS, logIndex=4049, commits[e6065258-5a2c-4a72-9f81-ed1321f551ca:c4049]
2019-06-14 09:09:41,411 INFO  client.GrpcClientProtocolClient (GrpcClientProtocolClient.java:onNext(254)) - client-C0E347E82FC5->e6065258-5a2c-4a72-9f81-ed1321f551ca: receive RaftClientReply:client-C0E347E82FC5->e6065258-5a2c-4a72-9f81-ed1321f551ca@group-13364FE26125, cid=2462, SUCCESS, logIndex=4051, commits[e6065258-5a2c-4a72-9f81-ed1321f551ca:c4051]
2019-06-14 09:09:41,412 INFO  client.GrpcClientProtocolClient (GrpcClientProtocolClient.java:onNext(254)) - client-C0E347E82FC5->e6065258-5a2c-4a72-9f81-ed1321f551ca: receive RaftClientReply:client-C0E347E82FC5->e6065258-5a2c-4a72-9f81-ed1321f551ca@group-13364FE26125, cid=2463, SUCCESS, logIndex=4052, commits[e6065258-5a2c-4a72-9f81-ed1321f551ca:c4054]
2019-06-14 09:09:41,412 INFO  client.GrpcClientProtocolClient (GrpcClientProtocolClient.java:onNext(254)) - client-C0E347E82FC5->e6065258-5a2c-4a72-9f81-ed1321f551ca: receive RaftClientReply:client-C0E347E82FC5->e6065258-5a2c-4a72-9f81-ed1321f551ca@group-13364FE26125, cid=2464, SUCCESS, logIndex=4053, commits[e6065258-5a2c-4a72-9f81-ed1321f551ca:c4054]
2019-06-14 09:09:41,421 INFO  client.GrpcClientProtocolClient (GrpcClientProtocolClient.java:onNext(254)) - client-C0E347E82FC5->e6065258-5a2c-4a72-9f81-ed1321f551ca: receive RaftClientReply:client-C0E347E82FC5->e6065258-5a2c-4a72-9f81-ed1321f551ca@group-13364FE26125, cid=2465, SUCCESS, logIndex=4055, commits[e6065258-5a2c-4a72-9f81-ed1321f551ca:c4055]
2019-06-14 09:09:41,422 INFO  client.GrpcClientProtocolClient (GrpcClientProtocolClient.java:onNext(254)) - client-C0E347E82FC5->e6065258-5a2c-4a72-9f81-ed1321f551ca: receive RaftClientReply:client-C0E347E82FC5->e6065258-5a2c-4a72-9f81-ed1321f551ca@group-13364FE26125, cid=2466, SUCCESS, logIndex=4057, commits[e6065258-5a2c-4a72-9f81-ed1321f551ca:c4057]
2019-06-14 09:09:41,423 INFO  client.GrpcClientProtocolClient (GrpcClientProtocolClient.java:onNext(254)) - client-C0E347E82FC5->e6065258-5a2c-4a72-9f81-ed1321f551ca: receive RaftClientReply:client-C0E347E82FC5->e6065258-5a2c-4a72-9f81-ed1321f551ca@group-13364FE26125, cid=2467, SUCCESS, logIndex=4058, commits[e6065258-5a2c-4a72-9f81-ed1321f551ca:c4060]
2019-06-14 09:09:41,423 INFO  client.GrpcClientProtocolClient (GrpcClientProtocolClient.java:onNext(254)) - client-C0E347E82FC5->e6065258-5a2c-4a72-9f81-ed1321f551ca: receive RaftClientReply:client-C0E347E82FC5->e6065258-5a2c-4a72-9f81-ed1321f551ca@group-13364FE26125, cid=2468, SUCCESS, logIndex=4059, commits[e6065258-5a2c-4a72-9f81-ed1321f551ca:c4060]
2019-06-14 09:09:41,428 INFO  client.GrpcClientProtocolClient (GrpcClientProtocolClient.java:onNext(254)) - client-C0E347E82FC5->e6065258-5a2c-4a72-9f81-ed1321f551ca: receive RaftClientReply:client-C0E347E82FC5->e6065258-5a2c-4a72-9f81-ed1321f551ca@group-13364FE26125, cid=2469, SUCCESS, logIndex=4061, commits[e6065258-5a2c-4a72-9f81-ed1321f551ca:c4061]
2019-06-14 09:09:41,429 INFO  client.GrpcClientProtocolClient (GrpcClientProtocolClient.java:onNext(254)) - client-C0E347E82FC5->e6065258-5a2c-4a72-9f81-ed1321f551ca: receive RaftClientReply:client-C0E347E82FC5->e6065258-5a2c-4a72-9f81-ed1321f551ca@group-13364FE26125, cid=2470, SUCCESS, logIndex=4063, commits[e6065258-5a2c-4a72-9f81-ed1321f551ca:c4063]
2019-06-14 09:09:41,430 INFO  client.GrpcClientProtocolClient (GrpcClientProtocolClient.java:onNext(254)) - client-C0E347E82FC5->e6065258-5a2c-4a72-9f81-ed1321f551ca: receive RaftClientReply:client-C0E347E82FC5->e6065258-5a2c-4a72-9f81-ed1321f551ca@group-13364FE26125, cid=2471, SUCCESS, logIndex=4064, commits[e6065258-5a2c-4a72-9f81-ed1321f551ca:c4066]
2019-06-14 09:09:41,430 INFO  client.GrpcClientProtocolClient (GrpcClientProtocolClient.java:onNext(254)) - client-C0E347E82FC5->e6065258-5a2c-4a72-9f81-ed1321f551ca: receive RaftClientReply:client-C0E347E82FC5->e6065258-5a2c-4a72-9f81-ed1321f551ca@group-13364FE26125, cid=2472, SUCCESS, logIndex=4065, commits[e6065258-5a2c-4a72-9f81-ed1321f551ca:c4066]
2019-06-14 09:09:41,439 INFO  client.GrpcClientProtocolClient (GrpcClientProtocolClient.java:onNext(254)) - client-C0E347E82FC5->e6065258-5a2c-4a72-9f81-ed1321f551ca: receive RaftClientReply:client-C0E347E82FC5->e6065258-5a2c-4a72-9f81-ed1321f551ca@group-13364FE26125, cid=2473, SUCCESS, logIndex=4067, commits[e6065258-5a2c-4a72-9f81-ed1321f551ca:c4067]
2019-06-14 09:09:41,441 INFO  client.GrpcClientProtocolClient (GrpcClientProtocolClient.java:onNext(254)) - client-C0E347E82FC5->e6065258-5a2c-4a72-9f81-ed1321f551ca: receive RaftClientReply:client-C0E347E82FC5->e6065258-5a2c-4a72-9f81-ed1321f551ca@group-13364FE26125, cid=2474, SUCCESS, logIndex=4069, commits[e6065258-5a2c-4a72-9f81-ed1321f551ca:c4069]
2019-06-14 09:09:41,506 INFO  client.GrpcClientProtocolClient (GrpcClientProtocolClient.java:onNext(254)) - client-C0E347E82FC5->e6065258-5a2c-4a72-9f81-ed1321f551ca: receive RaftClientReply:client-C0E347E82FC5->e6065258-5a2c-4a72-9f81-ed1321f551ca@group-13364FE26125, cid=2475, SUCCESS, logIndex=4071, commits[e6065258-5a2c-4a72-9f81-ed1321f551ca:c4071]
2019-06-14 09:09:41,507 INFO  client.GrpcClientProtocolClient (GrpcClientProtocolClient.java:onNext(254)) - client-C0E347E82FC5->e6065258-5a2c-4a72-9f81-ed1321f551ca: receive RaftClientReply:client-C0E347E82FC5->e6065258-5a2c-4a72-9f81-ed1321f551ca@group-13364FE26125, cid=2476, SUCCESS, logIndex=4073, commits[e6065258-5a2c-4a72-9f81-ed1321f551ca:c4073]
2019-06-14 09:09:41,509 DEBUG block.SCMBlockDeletingService (SCMBlockDeletingService.java:call(138)) - Running DeletedBlockTransactionScanner
2019-06-14 09:09:41,509 DEBUG block.SCMBlockDeletingService (SCMBlockDeletingService.java:call(155)) - Scanned deleted blocks log and got 0 delTX to process.
2019-06-14 09:09:41,511 INFO  client.GrpcClientProtocolClient (GrpcClientProtocolClient.java:onNext(254)) - client-C0E347E82FC5->e6065258-5a2c-4a72-9f81-ed1321f551ca: receive RaftClientReply:client-C0E347E82FC5->e6065258-5a2c-4a72-9f81-ed1321f551ca@group-13364FE26125, cid=2477, SUCCESS, logIndex=4075, commits[e6065258-5a2c-4a72-9f81-ed1321f551ca:c4075]
2019-06-14 09:09:41,513 INFO  client.GrpcClientProtocolClient (GrpcClientProtocolClient.java:onNext(254)) - client-C0E347E82FC5->e6065258-5a2c-4a72-9f81-ed1321f551ca: receive RaftClientReply:client-C0E347E82FC5->e6065258-5a2c-4a72-9f81-ed1321f551ca@group-13364FE26125, cid=2478, SUCCESS, logIndex=4077, commits[e6065258-5a2c-4a72-9f81-ed1321f551ca:c4077]
2019-06-14 09:09:41,514 INFO  client.GrpcClientProtocolClient (GrpcClientProtocolClient.java:onNext(254)) - client-C0E347E82FC5->e6065258-5a2c-4a72-9f81-ed1321f551ca: receive RaftClientReply:client-C0E347E82FC5->e6065258-5a2c-4a72-9f81-ed1321f551ca@group-13364FE26125, cid=2479, SUCCESS, logIndex=4078, commits[e6065258-5a2c-4a72-9f81-ed1321f551ca:c4080]
2019-06-14 09:09:41,514 INFO  client.GrpcClientProtocolClient (GrpcClientProtocolClient.java:onNext(254)) - client-C0E347E82FC5->e6065258-5a2c-4a72-9f81-ed1321f551ca: receive RaftClientReply:client-C0E347E82FC5->e6065258-5a2c-4a72-9f81-ed1321f551ca@group-13364FE26125, cid=2480, SUCCESS, logIndex=4079, commits[e6065258-5a2c-4a72-9f81-ed1321f551ca:c4080]
2019-06-14 09:09:41,522 INFO  client.GrpcClientProtocolClient (GrpcClientProtocolClient.java:onNext(254)) - client-C0E347E82FC5->e6065258-5a2c-4a72-9f81-ed1321f551ca: receive RaftClientReply:client-C0E347E82FC5->e6065258-5a2c-4a72-9f81-ed1321f551ca@group-13364FE26125, cid=2481, SUCCESS, logIndex=4081, commits[e6065258-5a2c-4a72-9f81-ed1321f551ca:c4081]
2019-06-14 09:09:41,523 INFO  client.GrpcClientProtocolClient (GrpcClientProtocolClient.java:onNext(254)) - client-C0E347E82FC5->e6065258-5a2c-4a72-9f81-ed1321f551ca: receive RaftClientReply:client-C0E347E82FC5->e6065258-5a2c-4a72-9f81-ed1321f551ca@group-13364FE26125, cid=2482, SUCCESS, logIndex=4083, commits[e6065258-5a2c-4a72-9f81-ed1321f551ca:c4083]
2019-06-14 09:09:41,525 INFO  client.GrpcClientProtocolClient (GrpcClientProtocolClient.java:onNext(254)) - client-C0E347E82FC5->e6065258-5a2c-4a72-9f81-ed1321f551ca: receive RaftClientReply:client-C0E347E82FC5->e6065258-5a2c-4a72-9f81-ed1321f551ca@group-13364FE26125, cid=2483, SUCCESS, logIndex=4084, commits[e6065258-5a2c-4a72-9f81-ed1321f551ca:c4086]
2019-06-14 09:09:41,525 INFO  client.GrpcClientProtocolClient (GrpcClientProtocolClient.java:onNext(254)) - client-C0E347E82FC5->e6065258-5a2c-4a72-9f81-ed1321f551ca: receive RaftClientReply:client-C0E347E82FC5->e6065258-5a2c-4a72-9f81-ed1321f551ca@group-13364FE26125, cid=2484, SUCCESS, logIndex=4085, commits[e6065258-5a2c-4a72-9f81-ed1321f551ca:c4086]
2019-06-14 09:09:41,753 DEBUG block.SCMBlockDeletingService (SCMBlockDeletingService.java:call(138)) - Running DeletedBlockTransactionScanner
2019-06-14 09:09:41,754 DEBUG block.SCMBlockDeletingService (SCMBlockDeletingService.java:call(155)) - Scanned deleted blocks log and got 0 delTX to process.
2019-06-14 09:09:41,765 INFO  client.GrpcClientProtocolClient (GrpcClientProtocolClient.java:onNext(254)) - client-C0E347E82FC5->e6065258-5a2c-4a72-9f81-ed1321f551ca: receive RaftClientReply:client-C0E347E82FC5->e6065258-5a2c-4a72-9f81-ed1321f551ca@group-13364FE26125, cid=2485, SUCCESS, logIndex=4087, commits[e6065258-5a2c-4a72-9f81-ed1321f551ca:c4087]
2019-06-14 09:09:41,766 INFO  client.GrpcClientProtocolClient (GrpcClientProtocolClient.java:onNext(254)) - client-C0E347E82FC5->e6065258-5a2c-4a72-9f81-ed1321f551ca: receive RaftClientReply:client-C0E347E82FC5->e6065258-5a2c-4a72-9f81-ed1321f551ca@group-13364FE26125, cid=2486, SUCCESS, logIndex=4089, commits[e6065258-5a2c-4a72-9f81-ed1321f551ca:c4089]
2019-06-14 09:09:41,767 INFO  client.GrpcClientProtocolClient (GrpcClientProtocolClient.java:onNext(254)) - client-C0E347E82FC5->e6065258-5a2c-4a72-9f81-ed1321f551ca: receive RaftClientReply:client-C0E347E82FC5->e6065258-5a2c-4a72-9f81-ed1321f551ca@group-13364FE26125, cid=2487, SUCCESS, logIndex=4090, commits[e6065258-5a2c-4a72-9f81-ed1321f551ca:c4092]
2019-06-14 09:09:41,767 INFO  client.GrpcClientProtocolClient (GrpcClientProtocolClient.java:onNext(254)) - client-C0E347E82FC5->e6065258-5a2c-4a72-9f81-ed1321f551ca: receive RaftClientReply:client-C0E347E82FC5->e6065258-5a2c-4a72-9f81-ed1321f551ca@group-13364FE26125, cid=2488, SUCCESS, logIndex=4091, commits[e6065258-5a2c-4a72-9f81-ed1321f551ca:c4092]
2019-06-14 09:09:41,776 INFO  client.GrpcClientProtocolClient (GrpcClientProtocolClient.java:onNext(254)) - client-C0E347E82FC5->e6065258-5a2c-4a72-9f81-ed1321f551ca: receive RaftClientReply:client-C0E347E82FC5->e6065258-5a2c-4a72-9f81-ed1321f551ca@group-13364FE26125, cid=2489, SUCCESS, logIndex=4093, commits[e6065258-5a2c-4a72-9f81-ed1321f551ca:c4093]
2019-06-14 09:09:41,777 INFO  client.GrpcClientProtocolClient (GrpcClientProtocolClient.java:onNext(254)) - client-C0E347E82FC5->e6065258-5a2c-4a72-9f81-ed1321f551ca: receive RaftClientReply:client-C0E347E82FC5->e6065258-5a2c-4a72-9f81-ed1321f551ca@group-13364FE26125, cid=2490, SUCCESS, logIndex=4095, commits[e6065258-5a2c-4a72-9f81-ed1321f551ca:c4095]
2019-06-14 09:09:41,778 INFO  client.GrpcClientProtocolClient (GrpcClientProtocolClient.java:onNext(254)) - client-C0E347E82FC5->e6065258-5a2c-4a72-9f81-ed1321f551ca: receive RaftClientReply:client-C0E347E82FC5->e6065258-5a2c-4a72-9f81-ed1321f551ca@group-13364FE26125, cid=2491, SUCCESS, logIndex=4096, commits[e6065258-5a2c-4a72-9f81-ed1321f551ca:c4098]
2019-06-14 09:09:41,778 INFO  client.GrpcClientProtocolClient (GrpcClientProtocolClient.java:onNext(254)) - client-C0E347E82FC5->e6065258-5a2c-4a72-9f81-ed1321f551ca: receive RaftClientReply:client-C0E347E82FC5->e6065258-5a2c-4a72-9f81-ed1321f551ca@group-13364FE26125, cid=2492, SUCCESS, logIndex=4097, commits[e6065258-5a2c-4a72-9f81-ed1321f551ca:c4098]
2019-06-14 09:09:41,783 INFO  client.GrpcClientProtocolClient (GrpcClientProtocolClient.java:onNext(254)) - client-C0E347E82FC5->e6065258-5a2c-4a72-9f81-ed1321f551ca: receive RaftClientReply:client-C0E347E82FC5->e6065258-5a2c-4a72-9f81-ed1321f551ca@group-13364FE26125, cid=2493, SUCCESS, logIndex=4099, commits[e6065258-5a2c-4a72-9f81-ed1321f551ca:c4099]
2019-06-14 09:09:41,783 INFO  storage.RaftLogWorker (RaftLogWorker.java:rollLogSegment(303)) - e6065258-5a2c-4a72-9f81-ed1321f551ca-RaftLogWorker: Rolling segment log-4037_4102 to index:4102
2019-06-14 09:09:41,784 INFO  storage.RaftLogWorker (RaftLogWorker.java:execute(433)) - e6065258-5a2c-4a72-9f81-ed1321f551ca-RaftLogWorker: Rolled log segment from /opt/src/hadoop-ozone/integration-test/target/test-dir/MiniOzoneClusterImpl-a56da109-a1cb-4168-8966-62306f2f2d23/datanode-0/data/ratis/920138aa-6f47-4d6d-b5cc-13364fe26125/current/log_inprogress_4037 to /opt/src/hadoop-ozone/integration-test/target/test-dir/MiniOzoneClusterImpl-a56da109-a1cb-4168-8966-62306f2f2d23/datanode-0/data/ratis/920138aa-6f47-4d6d-b5cc-13364fe26125/current/log_4037-4102
2019-06-14 09:09:41,785 INFO  client.GrpcClientProtocolClient (GrpcClientProtocolClient.java:onNext(254)) - client-C0E347E82FC5->e6065258-5a2c-4a72-9f81-ed1321f551ca: receive RaftClientReply:client-C0E347E82FC5->e6065258-5a2c-4a72-9f81-ed1321f551ca@group-13364FE26125, cid=2494, SUCCESS, logIndex=4101, commits[e6065258-5a2c-4a72-9f81-ed1321f551ca:c4101]
2019-06-14 09:09:41,785 INFO  client.GrpcClientProtocolClient (GrpcClientProtocolClient.java:onNext(254)) - client-C0E347E82FC5->e6065258-5a2c-4a72-9f81-ed1321f551ca: receive RaftClientReply:client-C0E347E82FC5->e6065258-5a2c-4a72-9f81-ed1321f551ca@group-13364FE26125, cid=2495, SUCCESS, logIndex=4102, commits[e6065258-5a2c-4a72-9f81-ed1321f551ca:c4102]
2019-06-14 09:09:41,820 INFO  storage.RaftLogWorker (RaftLogWorker.java:execute(469)) - e6065258-5a2c-4a72-9f81-ed1321f551ca-RaftLogWorker: created new log segment /opt/src/hadoop-ozone/integration-test/target/test-dir/MiniOzoneClusterImpl-a56da109-a1cb-4168-8966-62306f2f2d23/datanode-0/data/ratis/920138aa-6f47-4d6d-b5cc-13364fe26125/current/log_inprogress_4103
2019-06-14 09:09:41,821 INFO  client.GrpcClientProtocolClient (GrpcClientProtocolClient.java:onNext(254)) - client-C0E347E82FC5->e6065258-5a2c-4a72-9f81-ed1321f551ca: receive RaftClientReply:client-C0E347E82FC5->e6065258-5a2c-4a72-9f81-ed1321f551ca@group-13364FE26125, cid=2496, SUCCESS, logIndex=4103, commits[e6065258-5a2c-4a72-9f81-ed1321f551ca:c4105]
2019-06-14 09:09:41,830 INFO  client.GrpcClientProtocolClient (GrpcClientProtocolClient.java:onNext(254)) - client-C0E347E82FC5->e6065258-5a2c-4a72-9f81-ed1321f551ca: receive RaftClientReply:client-C0E347E82FC5->e6065258-5a2c-4a72-9f81-ed1321f551ca@group-13364FE26125, cid=2497, SUCCESS, logIndex=4106, commits[e6065258-5a2c-4a72-9f81-ed1321f551ca:c4106]
2019-06-14 09:09:41,831 INFO  client.GrpcClientProtocolClient (GrpcClientProtocolClient.java:onNext(254)) - client-C0E347E82FC5->e6065258-5a2c-4a72-9f81-ed1321f551ca: receive RaftClientReply:client-C0E347E82FC5->e6065258-5a2c-4a72-9f81-ed1321f551ca@group-13364FE26125, cid=2498, SUCCESS, logIndex=4108, commits[e6065258-5a2c-4a72-9f81-ed1321f551ca:c4108]
2019-06-14 09:09:41,832 INFO  client.GrpcClientProtocolClient (GrpcClientProtocolClient.java:onNext(254)) - client-C0E347E82FC5->e6065258-5a2c-4a72-9f81-ed1321f551ca: receive RaftClientReply:client-C0E347E82FC5->e6065258-5a2c-4a72-9f81-ed1321f551ca@group-13364FE26125, cid=2499, SUCCESS, logIndex=4109, commits[e6065258-5a2c-4a72-9f81-ed1321f551ca:c4111]
2019-06-14 09:09:41,832 INFO  client.GrpcClientProtocolClient (GrpcClientProtocolClient.java:onNext(254)) - client-C0E347E82FC5->e6065258-5a2c-4a72-9f81-ed1321f551ca: receive RaftClientReply:client-C0E347E82FC5->e6065258-5a2c-4a72-9f81-ed1321f551ca@group-13364FE26125, cid=2500, SUCCESS, logIndex=4110, commits[e6065258-5a2c-4a72-9f81-ed1321f551ca:c4111]
2019-06-14 09:09:41,837 INFO  client.GrpcClientProtocolClient (GrpcClientProtocolClient.java:onNext(254)) - client-C0E347E82FC5->e6065258-5a2c-4a72-9f81-ed1321f551ca: receive RaftClientReply:client-C0E347E82FC5->e6065258-5a2c-4a72-9f81-ed1321f551ca@group-13364FE26125, cid=2501, SUCCESS, logIndex=4112, commits[e6065258-5a2c-4a72-9f81-ed1321f551ca:c4112]
2019-06-14 09:09:41,838 INFO  client.GrpcClientProtocolClient (GrpcClientProtocolClient.java:onNext(254)) - client-C0E347E82FC5->e6065258-5a2c-4a72-9f81-ed1321f551ca: receive RaftClientReply:client-C0E347E82FC5->e6065258-5a2c-4a72-9f81-ed1321f551ca@group-13364FE26125, cid=2502, SUCCESS, logIndex=4114, commits[e6065258-5a2c-4a72-9f81-ed1321f551ca:c4114]
2019-06-14 09:09:41,839 INFO  client.GrpcClientProtocolClient (GrpcClientProtocolClient.java:onNext(254)) - client-C0E347E82FC5->e6065258-5a2c-4a72-9f81-ed1321f551ca: receive RaftClientReply:client-C0E347E82FC5->e6065258-5a2c-4a72-9f81-ed1321f551ca@group-13364FE26125, cid=2503, SUCCESS, logIndex=4115, commits[e6065258-5a2c-4a72-9f81-ed1321f551ca:c4117]
2019-06-14 09:09:41,839 INFO  client.GrpcClientProtocolClient (GrpcClientProtocolClient.java:onNext(254)) - client-C0E347E82FC5->e6065258-5a2c-4a72-9f81-ed1321f551ca: receive RaftClientReply:client-C0E347E82FC5->e6065258-5a2c-4a72-9f81-ed1321f551ca@group-13364FE26125, cid=2504, SUCCESS, logIndex=4116, commits[e6065258-5a2c-4a72-9f81-ed1321f551ca:c4117]
2019-06-14 09:09:41,848 INFO  client.GrpcClientProtocolClient (GrpcClientProtocolClient.java:onNext(254)) - client-C0E347E82FC5->e6065258-5a2c-4a72-9f81-ed1321f551ca: receive RaftClientReply:client-C0E347E82FC5->e6065258-5a2c-4a72-9f81-ed1321f551ca@group-13364FE26125, cid=2505, SUCCESS, logIndex=4118, commits[e6065258-5a2c-4a72-9f81-ed1321f551ca:c4118]
2019-06-14 09:09:41,849 INFO  client.GrpcClientProtocolClient (GrpcClientProtocolClient.java:onNext(254)) - client-C0E347E82FC5->e6065258-5a2c-4a72-9f81-ed1321f551ca: receive RaftClientReply:client-C0E347E82FC5->e6065258-5a2c-4a72-9f81-ed1321f551ca@group-13364FE26125, cid=2506, SUCCESS, logIndex=4120, commits[e6065258-5a2c-4a72-9f81-ed1321f551ca:c4120]
2019-06-14 09:09:41,850 INFO  client.GrpcClientProtocolClient (GrpcClientProtocolClient.java:onNext(254)) - client-C0E347E82FC5->e6065258-5a2c-4a72-9f81-ed1321f551ca: receive RaftClientReply:client-C0E347E82FC5->e6065258-5a2c-4a72-9f81-ed1321f551ca@group-13364FE26125, cid=2507, SUCCESS, logIndex=4121, commits[e6065258-5a2c-4a72-9f81-ed1321f551ca:c4123]
2019-06-14 09:09:41,850 INFO  client.GrpcClientProtocolClient (GrpcClientProtocolClient.java:onNext(254)) - client-C0E347E82FC5->e6065258-5a2c-4a72-9f81-ed1321f551ca: receive RaftClientReply:client-C0E347E82FC5->e6065258-5a2c-4a72-9f81-ed1321f551ca@group-13364FE26125, cid=2508, SUCCESS, logIndex=4122, commits[e6065258-5a2c-4a72-9f81-ed1321f551ca:c4123]
2019-06-14 09:09:41,854 DEBUG block.SCMBlockDeletingService (SCMBlockDeletingService.java:call(138)) - Running DeletedBlockTransactionScanner
2019-06-14 09:09:41,854 DEBUG block.SCMBlockDeletingService (SCMBlockDeletingService.java:call(155)) - Scanned deleted blocks log and got 0 delTX to process.
2019-06-14 09:09:41,855 INFO  client.GrpcClientProtocolClient (GrpcClientProtocolClient.java:onNext(254)) - client-C0E347E82FC5->e6065258-5a2c-4a72-9f81-ed1321f551ca: receive RaftClientReply:client-C0E347E82FC5->e6065258-5a2c-4a72-9f81-ed1321f551ca@group-13364FE26125, cid=2509, SUCCESS, logIndex=4124, commits[e6065258-5a2c-4a72-9f81-ed1321f551ca:c4124]
2019-06-14 09:09:41,856 INFO  client.GrpcClientProtocolClient (GrpcClientProtocolClient.java:onNext(254)) - client-C0E347E82FC5->e6065258-5a2c-4a72-9f81-ed1321f551ca: receive RaftClientReply:client-C0E347E82FC5->e6065258-5a2c-4a72-9f81-ed1321f551ca@group-13364FE26125, cid=2510, SUCCESS, logIndex=4126, commits[e6065258-5a2c-4a72-9f81-ed1321f551ca:c4126]
2019-06-14 09:09:41,857 INFO  client.GrpcClientProtocolClient (GrpcClientProtocolClient.java:onNext(254)) - client-C0E347E82FC5->e6065258-5a2c-4a72-9f81-ed1321f551ca: receive RaftClientReply:client-C0E347E82FC5->e6065258-5a2c-4a72-9f81-ed1321f551ca@group-13364FE26125, cid=2511, SUCCESS, logIndex=4127, commits[e6065258-5a2c-4a72-9f81-ed1321f551ca:c4129]
2019-06-14 09:09:41,857 INFO  client.GrpcClientProtocolClient (GrpcClientProtocolClient.java:onNext(254)) - client-C0E347E82FC5->e6065258-5a2c-4a72-9f81-ed1321f551ca: receive RaftClientReply:client-C0E347E82FC5->e6065258-5a2c-4a72-9f81-ed1321f551ca@group-13364FE26125, cid=2512, SUCCESS, logIndex=4128, commits[e6065258-5a2c-4a72-9f81-ed1321f551ca:c4129]
2019-06-14 09:09:41,866 INFO  client.GrpcClientProtocolClient (GrpcClientProtocolClient.java:onNext(254)) - client-C0E347E82FC5->e6065258-5a2c-4a72-9f81-ed1321f551ca: receive RaftClientReply:client-C0E347E82FC5->e6065258-5a2c-4a72-9f81-ed1321f551ca@group-13364FE26125, cid=2513, SUCCESS, logIndex=4130, commits[e6065258-5a2c-4a72-9f81-ed1321f551ca:c4130]
2019-06-14 09:09:41,867 INFO  client.GrpcClientProtocolClient (GrpcClientProtocolClient.java:onNext(254)) - client-C0E347E82FC5->e6065258-5a2c-4a72-9f81-ed1321f551ca: receive RaftClientReply:client-C0E347E82FC5->e6065258-5a2c-4a72-9f81-ed1321f551ca@group-13364FE26125, cid=2514, SUCCESS, logIndex=4132, commits[e6065258-5a2c-4a72-9f81-ed1321f551ca:c4132]
2019-06-14 09:09:41,868 INFO  client.GrpcClientProtocolClient (GrpcClientProtocolClient.java:onNext(254)) - client-C0E347E82FC5->e6065258-5a2c-4a72-9f81-ed1321f551ca: receive RaftClientReply:client-C0E347E82FC5->e6065258-5a2c-4a72-9f81-ed1321f551ca@group-13364FE26125, cid=2515, SUCCESS, logIndex=4133, commits[e6065258-5a2c-4a72-9f81-ed1321f551ca:c4135]
2019-06-14 09:09:41,868 INFO  client.GrpcClientProtocolClient (GrpcClientProtocolClient.java:onNext(254)) - client-C0E347E82FC5->e6065258-5a2c-4a72-9f81-ed1321f551ca: receive RaftClientReply:client-C0E347E82FC5->e6065258-5a2c-4a72-9f81-ed1321f551ca@group-13364FE26125, cid=2516, SUCCESS, logIndex=4134, commits[e6065258-5a2c-4a72-9f81-ed1321f551ca:c4135]
2019-06-14 09:09:41,873 INFO  client.GrpcClientProtocolClient (GrpcClientProtocolClient.java:onNext(254)) - client-C0E347E82FC5->e6065258-5a2c-4a72-9f81-ed1321f551ca: receive RaftClientReply:client-C0E347E82FC5->e6065258-5a2c-4a72-9f81-ed1321f551ca@group-13364FE26125, cid=2517, SUCCESS, logIndex=4136, commits[e6065258-5a2c-4a72-9f81-ed1321f551ca:c4136]
2019-06-14 09:09:41,874 INFO  client.GrpcClientProtocolClient (GrpcClientProtocolClient.java:onNext(254)) - client-C0E347E82FC5->e6065258-5a2c-4a72-9f81-ed1321f551ca: receive RaftClientReply:client-C0E347E82FC5->e6065258-5a2c-4a72-9f81-ed1321f551ca@group-13364FE26125, cid=2518, SUCCESS, logIndex=4138, commits[e6065258-5a2c-4a72-9f81-ed1321f551ca:c4138]
2019-06-14 09:09:41,941 INFO  client.GrpcClientProtocolClient (GrpcClientProtocolClient.java:onNext(254)) - client-C0E347E82FC5->e6065258-5a2c-4a72-9f81-ed1321f551ca: receive RaftClientReply:client-C0E347E82FC5->e6065258-5a2c-4a72-9f81-ed1321f551ca@group-13364FE26125, cid=2519, SUCCESS, logIndex=4140, commits[e6065258-5a2c-4a72-9f81-ed1321f551ca:c4140]
2019-06-14 09:09:41,942 INFO  client.GrpcClientProtocolClient (GrpcClientProtocolClient.java:onNext(254)) - client-C0E347E82FC5->e6065258-5a2c-4a72-9f81-ed1321f551ca: receive RaftClientReply:client-C0E347E82FC5->e6065258-5a2c-4a72-9f81-ed1321f551ca@group-13364FE26125, cid=2520, SUCCESS, logIndex=4142, commits[e6065258-5a2c-4a72-9f81-ed1321f551ca:c4142]
2019-06-14 09:09:41,952 INFO  client.GrpcClientProtocolClient (GrpcClientProtocolClient.java:onNext(254)) - client-C0E347E82FC5->e6065258-5a2c-4a72-9f81-ed1321f551ca: receive RaftClientReply:client-C0E347E82FC5->e6065258-5a2c-4a72-9f81-ed1321f551ca@group-13364FE26125, cid=2521, SUCCESS, logIndex=4144, commits[e6065258-5a2c-4a72-9f81-ed1321f551ca:c4144]
2019-06-14 09:09:41,954 INFO  client.GrpcClientProtocolClient (GrpcClientProtocolClient.java:onNext(254)) - client-C0E347E82FC5->e6065258-5a2c-4a72-9f81-ed1321f551ca: receive RaftClientReply:client-C0E347E82FC5->e6065258-5a2c-4a72-9f81-ed1321f551ca@group-13364FE26125, cid=2522, SUCCESS, logIndex=4146, commits[e6065258-5a2c-4a72-9f81-ed1321f551ca:c4146]
2019-06-14 09:09:41,954 DEBUG block.SCMBlockDeletingService (SCMBlockDeletingService.java:call(138)) - Running DeletedBlockTransactionScanner
2019-06-14 09:09:41,955 DEBUG block.SCMBlockDeletingService (SCMBlockDeletingService.java:call(155)) - Scanned deleted blocks log and got 0 delTX to process.
2019-06-14 09:09:41,955 INFO  client.GrpcClientProtocolClient (GrpcClientProtocolClient.java:onNext(254)) - client-C0E347E82FC5->e6065258-5a2c-4a72-9f81-ed1321f551ca: receive RaftClientReply:client-C0E347E82FC5->e6065258-5a2c-4a72-9f81-ed1321f551ca@group-13364FE26125, cid=2523, SUCCESS, logIndex=4147, commits[e6065258-5a2c-4a72-9f81-ed1321f551ca:c4148]
2019-06-14 09:09:41,956 INFO  client.GrpcClientProtocolClient (GrpcClientProtocolClient.java:onNext(254)) - client-C0E347E82FC5->e6065258-5a2c-4a72-9f81-ed1321f551ca: receive RaftClientReply:client-C0E347E82FC5->e6065258-5a2c-4a72-9f81-ed1321f551ca@group-13364FE26125, cid=2524, SUCCESS, logIndex=4148, commits[e6065258-5a2c-4a72-9f81-ed1321f551ca:c4148]
2019-06-14 09:09:41,962 INFO  client.GrpcClientProtocolClient (GrpcClientProtocolClient.java:onNext(254)) - client-C0E347E82FC5->e6065258-5a2c-4a72-9f81-ed1321f551ca: receive RaftClientReply:client-C0E347E82FC5->e6065258-5a2c-4a72-9f81-ed1321f551ca@group-13364FE26125, cid=2525, SUCCESS, logIndex=4151, commits[e6065258-5a2c-4a72-9f81-ed1321f551ca:c4151]
2019-06-14 09:09:41,964 INFO  client.GrpcClientProtocolClient (GrpcClientProtocolClient.java:onNext(254)) - client-C0E347E82FC5->e6065258-5a2c-4a72-9f81-ed1321f551ca: receive RaftClientReply:client-C0E347E82FC5->e6065258-5a2c-4a72-9f81-ed1321f551ca@group-13364FE26125, cid=2526, SUCCESS, logIndex=4153, commits[e6065258-5a2c-4a72-9f81-ed1321f551ca:c4153]
2019-06-14 09:09:41,965 INFO  client.GrpcClientProtocolClient (GrpcClientProtocolClient.java:onNext(254)) - client-C0E347E82FC5->e6065258-5a2c-4a72-9f81-ed1321f551ca: receive RaftClientReply:client-C0E347E82FC5->e6065258-5a2c-4a72-9f81-ed1321f551ca@group-13364FE26125, cid=2527, SUCCESS, logIndex=4154, commits[e6065258-5a2c-4a72-9f81-ed1321f551ca:c4156]
2019-06-14 09:09:41,965 INFO  client.GrpcClientProtocolClient (GrpcClientProtocolClient.java:onNext(254)) - client-C0E347E82FC5->e6065258-5a2c-4a72-9f81-ed1321f551ca: receive RaftClientReply:client-C0E347E82FC5->e6065258-5a2c-4a72-9f81-ed1321f551ca@group-13364FE26125, cid=2528, SUCCESS, logIndex=4155, commits[e6065258-5a2c-4a72-9f81-ed1321f551ca:c4156]
2019-06-14 09:09:41,974 INFO  client.GrpcClientProtocolClient (GrpcClientProtocolClient.java:onNext(254)) - client-C0E347E82FC5->e6065258-5a2c-4a72-9f81-ed1321f551ca: receive RaftClientReply:client-C0E347E82FC5->e6065258-5a2c-4a72-9f81-ed1321f551ca@group-13364FE26125, cid=2529, SUCCESS, logIndex=4157, commits[e6065258-5a2c-4a72-9f81-ed1321f551ca:c4157]
2019-06-14 09:09:41,975 INFO  client.GrpcClientProtocolClient (GrpcClientProtocolClient.java:onNext(254)) - client-C0E347E82FC5->e6065258-5a2c-4a72-9f81-ed1321f551ca: receive RaftClientReply:client-C0E347E82FC5->e6065258-5a2c-4a72-9f81-ed1321f551ca@group-13364FE26125, cid=2530, SUCCESS, logIndex=4159, commits[e6065258-5a2c-4a72-9f81-ed1321f551ca:c4159]
2019-06-14 09:09:41,977 INFO  client.GrpcClientProtocolClient (GrpcClientProtocolClient.java:onNext(254)) - client-C0E347E82FC5->e6065258-5a2c-4a72-9f81-ed1321f551ca: receive RaftClientReply:client-C0E347E82FC5->e6065258-5a2c-4a72-9f81-ed1321f551ca@group-13364FE26125, cid=2531, SUCCESS, logIndex=4160, commits[e6065258-5a2c-4a72-9f81-ed1321f551ca:c4162]
2019-06-14 09:09:41,977 INFO  client.GrpcClientProtocolClient (GrpcClientProtocolClient.java:onNext(254)) - client-C0E347E82FC5->e6065258-5a2c-4a72-9f81-ed1321f551ca: receive RaftClientReply:client-C0E347E82FC5->e6065258-5a2c-4a72-9f81-ed1321f551ca@group-13364FE26125, cid=2532, SUCCESS, logIndex=4161, commits[e6065258-5a2c-4a72-9f81-ed1321f551ca:c4162]
2019-06-14 09:09:41,982 INFO  client.GrpcClientProtocolClient (GrpcClientProtocolClient.java:onNext(254)) - client-C0E347E82FC5->e6065258-5a2c-4a72-9f81-ed1321f551ca: receive RaftClientReply:client-C0E347E82FC5->e6065258-5a2c-4a72-9f81-ed1321f551ca@group-13364FE26125, cid=2533, SUCCESS, logIndex=4163, commits[e6065258-5a2c-4a72-9f81-ed1321f551ca:c4163]
2019-06-14 09:09:41,984 INFO  client.GrpcClientProtocolClient (GrpcClientProtocolClient.java:onNext(254)) - client-C0E347E82FC5->e6065258-5a2c-4a72-9f81-ed1321f551ca: receive RaftClientReply:client-C0E347E82FC5->e6065258-5a2c-4a72-9f81-ed1321f551ca@group-13364FE26125, cid=2534, SUCCESS, logIndex=4165, commits[e6065258-5a2c-4a72-9f81-ed1321f551ca:c4165]
2019-06-14 09:09:41,984 INFO  client.GrpcClientProtocolClient (GrpcClientProtocolClient.java:onNext(254)) - client-C0E347E82FC5->e6065258-5a2c-4a72-9f81-ed1321f551ca: receive RaftClientReply:client-C0E347E82FC5->e6065258-5a2c-4a72-9f81-ed1321f551ca@group-13364FE26125, cid=2535, SUCCESS, logIndex=4166, commits[e6065258-5a2c-4a72-9f81-ed1321f551ca:c4167]
2019-06-14 09:09:41,984 INFO  client.GrpcClientProtocolClient (GrpcClientProtocolClient.java:onNext(254)) - client-C0E347E82FC5->e6065258-5a2c-4a72-9f81-ed1321f551ca: receive RaftClientReply:client-C0E347E82FC5->e6065258-5a2c-4a72-9f81-ed1321f551ca@group-13364FE26125, cid=2536, SUCCESS, logIndex=4167, commits[e6065258-5a2c-4a72-9f81-ed1321f551ca:c4167]
2019-06-14 09:09:41,996 INFO  client.GrpcClientProtocolClient (GrpcClientProtocolClient.java:onNext(254)) - client-C0E347E82FC5->e6065258-5a2c-4a72-9f81-ed1321f551ca: receive RaftClientReply:client-C0E347E82FC5->e6065258-5a2c-4a72-9f81-ed1321f551ca@group-13364FE26125, cid=2537, SUCCESS, logIndex=4170, commits[e6065258-5a2c-4a72-9f81-ed1321f551ca:c4170]
2019-06-14 09:09:41,996 INFO  storage.RaftLogWorker (RaftLogWorker.java:rollLogSegment(303)) - e6065258-5a2c-4a72-9f81-ed1321f551ca-RaftLogWorker: Rolling segment log-4103_4172 to index:4172
2019-06-14 09:09:41,997 INFO  storage.RaftLogWorker (RaftLogWorker.java:execute(433)) - e6065258-5a2c-4a72-9f81-ed1321f551ca-RaftLogWorker: Rolled log segment from /opt/src/hadoop-ozone/integration-test/target/test-dir/MiniOzoneClusterImpl-a56da109-a1cb-4168-8966-62306f2f2d23/datanode-0/data/ratis/920138aa-6f47-4d6d-b5cc-13364fe26125/current/log_inprogress_4103 to /opt/src/hadoop-ozone/integration-test/target/test-dir/MiniOzoneClusterImpl-a56da109-a1cb-4168-8966-62306f2f2d23/datanode-0/data/ratis/920138aa-6f47-4d6d-b5cc-13364fe26125/current/log_4103-4172
2019-06-14 09:09:42,002 INFO  client.GrpcClientProtocolClient (GrpcClientProtocolClient.java:onNext(254)) - client-C0E347E82FC5->e6065258-5a2c-4a72-9f81-ed1321f551ca: receive RaftClientReply:client-C0E347E82FC5->e6065258-5a2c-4a72-9f81-ed1321f551ca@group-13364FE26125, cid=2538, SUCCESS, logIndex=4172, commits[e6065258-5a2c-4a72-9f81-ed1321f551ca:c4172]
2019-06-14 09:09:42,038 INFO  storage.RaftLogWorker (RaftLogWorker.java:execute(469)) - e6065258-5a2c-4a72-9f81-ed1321f551ca-RaftLogWorker: created new log segment /opt/src/hadoop-ozone/integration-test/target/test-dir/MiniOzoneClusterImpl-a56da109-a1cb-4168-8966-62306f2f2d23/datanode-0/data/ratis/920138aa-6f47-4d6d-b5cc-13364fe26125/current/log_inprogress_4173
2019-06-14 09:09:42,040 INFO  client.GrpcClientProtocolClient (GrpcClientProtocolClient.java:onNext(254)) - client-C0E347E82FC5->e6065258-5a2c-4a72-9f81-ed1321f551ca: receive RaftClientReply:client-C0E347E82FC5->e6065258-5a2c-4a72-9f81-ed1321f551ca@group-13364FE26125, cid=2539, SUCCESS, logIndex=4173, commits[e6065258-5a2c-4a72-9f81-ed1321f551ca:c4175]
2019-06-14 09:09:42,040 INFO  client.GrpcClientProtocolClient (GrpcClientProtocolClient.java:onNext(254)) - client-C0E347E82FC5->e6065258-5a2c-4a72-9f81-ed1321f551ca: receive RaftClientReply:client-C0E347E82FC5->e6065258-5a2c-4a72-9f81-ed1321f551ca@group-13364FE26125, cid=2540, SUCCESS, logIndex=4174, commits[e6065258-5a2c-4a72-9f81-ed1321f551ca:c4175]
2019-06-14 09:09:42,046 INFO  client.GrpcClientProtocolClient (GrpcClientProtocolClient.java:onNext(254)) - client-C0E347E82FC5->e6065258-5a2c-4a72-9f81-ed1321f551ca: receive RaftClientReply:client-C0E347E82FC5->e6065258-5a2c-4a72-9f81-ed1321f551ca@group-13364FE26125, cid=2541, SUCCESS, logIndex=4176, commits[e6065258-5a2c-4a72-9f81-ed1321f551ca:c4176]
2019-06-14 09:09:42,047 INFO  client.GrpcClientProtocolClient (GrpcClientProtocolClient.java:onNext(254)) - client-C0E347E82FC5->e6065258-5a2c-4a72-9f81-ed1321f551ca: receive RaftClientReply:client-C0E347E82FC5->e6065258-5a2c-4a72-9f81-ed1321f551ca@group-13364FE26125, cid=2542, SUCCESS, logIndex=4178, commits[e6065258-5a2c-4a72-9f81-ed1321f551ca:c4178]
2019-06-14 09:09:42,048 INFO  client.GrpcClientProtocolClient (GrpcClientProtocolClient.java:onNext(254)) - client-C0E347E82FC5->e6065258-5a2c-4a72-9f81-ed1321f551ca: receive RaftClientReply:client-C0E347E82FC5->e6065258-5a2c-4a72-9f81-ed1321f551ca@group-13364FE26125, cid=2543, SUCCESS, logIndex=4179, commits[e6065258-5a2c-4a72-9f81-ed1321f551ca:c4181]
2019-06-14 09:09:42,048 INFO  client.GrpcClientProtocolClient (GrpcClientProtocolClient.java:onNext(254)) - client-C0E347E82FC5->e6065258-5a2c-4a72-9f81-ed1321f551ca: receive RaftClientReply:client-C0E347E82FC5->e6065258-5a2c-4a72-9f81-ed1321f551ca@group-13364FE26125, cid=2544, SUCCESS, logIndex=4180, commits[e6065258-5a2c-4a72-9f81-ed1321f551ca:c4181]
2019-06-14 09:09:42,055 DEBUG block.SCMBlockDeletingService (SCMBlockDeletingService.java:call(138)) - Running DeletedBlockTransactionScanner
2019-06-14 09:09:42,055 DEBUG block.SCMBlockDeletingService (SCMBlockDeletingService.java:call(155)) - Scanned deleted blocks log and got 0 delTX to process.
2019-06-14 09:09:42,060 INFO  client.GrpcClientProtocolClient (GrpcClientProtocolClient.java:onNext(254)) - client-C0E347E82FC5->e6065258-5a2c-4a72-9f81-ed1321f551ca: receive RaftClientReply:client-C0E347E82FC5->e6065258-5a2c-4a72-9f81-ed1321f551ca@group-13364FE26125, cid=2545, SUCCESS, logIndex=4182, commits[e6065258-5a2c-4a72-9f81-ed1321f551ca:c4182]
2019-06-14 09:09:42,062 INFO  client.GrpcClientProtocolClient (GrpcClientProtocolClient.java:onNext(254)) - client-C0E347E82FC5->e6065258-5a2c-4a72-9f81-ed1321f551ca: receive RaftClientReply:client-C0E347E82FC5->e6065258-5a2c-4a72-9f81-ed1321f551ca@group-13364FE26125, cid=2546, SUCCESS, logIndex=4184, commits[e6065258-5a2c-4a72-9f81-ed1321f551ca:c4184]
2019-06-14 09:09:42,062 INFO  client.GrpcClientProtocolClient (GrpcClientProtocolClient.java:onNext(254)) - client-C0E347E82FC5->e6065258-5a2c-4a72-9f81-ed1321f551ca: receive RaftClientReply:client-C0E347E82FC5->e6065258-5a2c-4a72-9f81-ed1321f551ca@group-13364FE26125, cid=2547, SUCCESS, logIndex=4185, commits[e6065258-5a2c-4a72-9f81-ed1321f551ca:c4187]
2019-06-14 09:09:42,062 INFO  client.GrpcClientProtocolClient (GrpcClientProtocolClient.java:onNext(254)) - client-C0E347E82FC5->e6065258-5a2c-4a72-9f81-ed1321f551ca: receive RaftClientReply:client-C0E347E82FC5->e6065258-5a2c-4a72-9f81-ed1321f551ca@group-13364FE26125, cid=2548, SUCCESS, logIndex=4186, commits[e6065258-5a2c-4a72-9f81-ed1321f551ca:c4187]
2019-06-14 09:09:42,068 INFO  client.GrpcClientProtocolClient (GrpcClientProtocolClient.java:onNext(254)) - client-C0E347E82FC5->e6065258-5a2c-4a72-9f81-ed1321f551ca: receive RaftClientReply:client-C0E347E82FC5->e6065258-5a2c-4a72-9f81-ed1321f551ca@group-13364FE26125, cid=2549, SUCCESS, logIndex=4188, commits[e6065258-5a2c-4a72-9f81-ed1321f551ca:c4188]
2019-06-14 09:09:42,069 INFO  client.GrpcClientProtocolClient (GrpcClientProtocolClient.java:onNext(254)) - client-C0E347E82FC5->e6065258-5a2c-4a72-9f81-ed1321f551ca: receive RaftClientReply:client-C0E347E82FC5->e6065258-5a2c-4a72-9f81-ed1321f551ca@group-13364FE26125, cid=2550, SUCCESS, logIndex=4190, commits[e6065258-5a2c-4a72-9f81-ed1321f551ca:c4190]
2019-06-14 09:09:42,070 INFO  client.GrpcClientProtocolClient (GrpcClientProtocolClient.java:onNext(254)) - client-C0E347E82FC5->e6065258-5a2c-4a72-9f81-ed1321f551ca: receive RaftClientReply:client-C0E347E82FC5->e6065258-5a2c-4a72-9f81-ed1321f551ca@group-13364FE26125, cid=2551, SUCCESS, logIndex=4191, commits[e6065258-5a2c-4a72-9f81-ed1321f551ca:c4192]
2019-06-14 09:09:42,070 INFO  client.GrpcClientProtocolClient (GrpcClientProtocolClient.java:onNext(254)) - client-C0E347E82FC5->e6065258-5a2c-4a72-9f81-ed1321f551ca: receive RaftClientReply:client-C0E347E82FC5->e6065258-5a2c-4a72-9f81-ed1321f551ca@group-13364FE26125, cid=2552, SUCCESS, logIndex=4192, commits[e6065258-5a2c-4a72-9f81-ed1321f551ca:c4192]
2019-06-14 09:09:42,080 INFO  client.GrpcClientProtocolClient (GrpcClientProtocolClient.java:onNext(254)) - client-C0E347E82FC5->e6065258-5a2c-4a72-9f81-ed1321f551ca: receive RaftClientReply:client-C0E347E82FC5->e6065258-5a2c-4a72-9f81-ed1321f551ca@group-13364FE26125, cid=2553, SUCCESS, logIndex=4195, commits[e6065258-5a2c-4a72-9f81-ed1321f551ca:c4195]
2019-06-14 09:09:42,082 INFO  client.GrpcClientProtocolClient (GrpcClientProtocolClient.java:onNext(254)) - client-C0E347E82FC5->e6065258-5a2c-4a72-9f81-ed1321f551ca: receive RaftClientReply:client-C0E347E82FC5->e6065258-5a2c-4a72-9f81-ed1321f551ca@group-13364FE26125, cid=2554, SUCCESS, logIndex=4197, commits[e6065258-5a2c-4a72-9f81-ed1321f551ca:c4197]
2019-06-14 09:09:42,082 INFO  client.GrpcClientProtocolClient (GrpcClientProtocolClient.java:onNext(254)) - client-C0E347E82FC5->e6065258-5a2c-4a72-9f81-ed1321f551ca: receive RaftClientReply:client-C0E347E82FC5->e6065258-5a2c-4a72-9f81-ed1321f551ca@group-13364FE26125, cid=2555, SUCCESS, logIndex=4198, commits[e6065258-5a2c-4a72-9f81-ed1321f551ca:c4200]
2019-06-14 09:09:42,086 INFO  client.GrpcClientProtocolClient (GrpcClientProtocolClient.java:onNext(254)) - client-C0E347E82FC5->e6065258-5a2c-4a72-9f81-ed1321f551ca: receive RaftClientReply:client-C0E347E82FC5->e6065258-5a2c-4a72-9f81-ed1321f551ca@group-13364FE26125, cid=2556, SUCCESS, logIndex=4199, commits[e6065258-5a2c-4a72-9f81-ed1321f551ca:c4200]
2019-06-14 09:09:42,091 INFO  client.GrpcClientProtocolClient (GrpcClientProtocolClient.java:onNext(254)) - client-C0E347E82FC5->e6065258-5a2c-4a72-9f81-ed1321f551ca: receive RaftClientReply:client-C0E347E82FC5->e6065258-5a2c-4a72-9f81-ed1321f551ca@group-13364FE26125, cid=2557, SUCCESS, logIndex=4201, commits[e6065258-5a2c-4a72-9f81-ed1321f551ca:c4201]
2019-06-14 09:09:42,093 INFO  client.GrpcClientProtocolClient (GrpcClientProtocolClient.java:onNext(254)) - client-C0E347E82FC5->e6065258-5a2c-4a72-9f81-ed1321f551ca: receive RaftClientReply:client-C0E347E82FC5->e6065258-5a2c-4a72-9f81-ed1321f551ca@group-13364FE26125, cid=2558, SUCCESS, logIndex=4203, commits[e6065258-5a2c-4a72-9f81-ed1321f551ca:c4203]
2019-06-14 09:09:42,093 INFO  client.GrpcClientProtocolClient (GrpcClientProtocolClient.java:onNext(254)) - client-C0E347E82FC5->e6065258-5a2c-4a72-9f81-ed1321f551ca: receive RaftClientReply:client-C0E347E82FC5->e6065258-5a2c-4a72-9f81-ed1321f551ca@group-13364FE26125, cid=2559, SUCCESS, logIndex=4204, commits[e6065258-5a2c-4a72-9f81-ed1321f551ca:c4205]
2019-06-14 09:09:42,094 INFO  client.GrpcClientProtocolClient (GrpcClientProtocolClient.java:onNext(254)) - client-C0E347E82FC5->e6065258-5a2c-4a72-9f81-ed1321f551ca: receive RaftClientReply:client-C0E347E82FC5->e6065258-5a2c-4a72-9f81-ed1321f551ca@group-13364FE26125, cid=2560, SUCCESS, logIndex=4206, commits[e6065258-5a2c-4a72-9f81-ed1321f551ca:c4206]
2019-06-14 09:09:42,106 INFO  client.GrpcClientProtocolClient (GrpcClientProtocolClient.java:onNext(254)) - client-C0E347E82FC5->e6065258-5a2c-4a72-9f81-ed1321f551ca: receive RaftClientReply:client-C0E347E82FC5->e6065258-5a2c-4a72-9f81-ed1321f551ca@group-13364FE26125, cid=2561, SUCCESS, logIndex=4208, commits[e6065258-5a2c-4a72-9f81-ed1321f551ca:c4208]
2019-06-14 09:09:42,107 INFO  client.GrpcClientProtocolClient (GrpcClientProtocolClient.java:onNext(254)) - client-C0E347E82FC5->e6065258-5a2c-4a72-9f81-ed1321f551ca: receive RaftClientReply:client-C0E347E82FC5->e6065258-5a2c-4a72-9f81-ed1321f551ca@group-13364FE26125, cid=2562, SUCCESS, logIndex=4210, commits[e6065258-5a2c-4a72-9f81-ed1321f551ca:c4210]
2019-06-14 09:09:42,155 DEBUG block.SCMBlockDeletingService (SCMBlockDeletingService.java:call(138)) - Running DeletedBlockTransactionScanner
2019-06-14 09:09:42,156 DEBUG block.SCMBlockDeletingService (SCMBlockDeletingService.java:call(155)) - Scanned deleted blocks log and got 0 delTX to process.
2019-06-14 09:09:42,218 INFO  client.GrpcClientProtocolClient (GrpcClientProtocolClient.java:onNext(254)) - client-C0E347E82FC5->e6065258-5a2c-4a72-9f81-ed1321f551ca: receive RaftClientReply:client-C0E347E82FC5->e6065258-5a2c-4a72-9f81-ed1321f551ca@group-13364FE26125, cid=2563, SUCCESS, logIndex=4212, commits[e6065258-5a2c-4a72-9f81-ed1321f551ca:c4212]
2019-06-14 09:09:42,219 INFO  client.GrpcClientProtocolClient (GrpcClientProtocolClient.java:onNext(254)) - client-C0E347E82FC5->e6065258-5a2c-4a72-9f81-ed1321f551ca: receive RaftClientReply:client-C0E347E82FC5->e6065258-5a2c-4a72-9f81-ed1321f551ca@group-13364FE26125, cid=2564, SUCCESS, logIndex=4214, commits[e6065258-5a2c-4a72-9f81-ed1321f551ca:c4214]
2019-06-14 09:09:42,224 INFO  client.GrpcClientProtocolClient (GrpcClientProtocolClient.java:onNext(254)) - client-C0E347E82FC5->e6065258-5a2c-4a72-9f81-ed1321f551ca: receive RaftClientReply:client-C0E347E82FC5->e6065258-5a2c-4a72-9f81-ed1321f551ca@group-13364FE26125, cid=2565, SUCCESS, logIndex=4216, commits[e6065258-5a2c-4a72-9f81-ed1321f551ca:c4216]
2019-06-14 09:09:42,226 INFO  client.GrpcClientProtocolClient (GrpcClientProtocolClient.java:onNext(254)) - client-C0E347E82FC5->e6065258-5a2c-4a72-9f81-ed1321f551ca: receive RaftClientReply:client-C0E347E82FC5->e6065258-5a2c-4a72-9f81-ed1321f551ca@group-13364FE26125, cid=2566, SUCCESS, logIndex=4218, commits[e6065258-5a2c-4a72-9f81-ed1321f551ca:c4218]
2019-06-14 09:09:42,227 INFO  client.GrpcClientProtocolClient (GrpcClientProtocolClient.java:onNext(254)) - client-C0E347E82FC5->e6065258-5a2c-4a72-9f81-ed1321f551ca: receive RaftClientReply:client-C0E347E82FC5->e6065258-5a2c-4a72-9f81-ed1321f551ca@group-13364FE26125, cid=2567, SUCCESS, logIndex=4219, commits[e6065258-5a2c-4a72-9f81-ed1321f551ca:c4221]
2019-06-14 09:09:42,227 INFO  client.GrpcClientProtocolClient (GrpcClientProtocolClient.java:onNext(254)) - client-C0E347E82FC5->e6065258-5a2c-4a72-9f81-ed1321f551ca: receive RaftClientReply:client-C0E347E82FC5->e6065258-5a2c-4a72-9f81-ed1321f551ca@group-13364FE26125, cid=2568, SUCCESS, logIndex=4221, commits[e6065258-5a2c-4a72-9f81-ed1321f551ca:c4221]
2019-06-14 09:09:42,236 INFO  client.GrpcClientProtocolClient (GrpcClientProtocolClient.java:onNext(254)) - client-C0E347E82FC5->e6065258-5a2c-4a72-9f81-ed1321f551ca: receive RaftClientReply:client-C0E347E82FC5->e6065258-5a2c-4a72-9f81-ed1321f551ca@group-13364FE26125, cid=2569, SUCCESS, logIndex=4223, commits[e6065258-5a2c-4a72-9f81-ed1321f551ca:c4223]
2019-06-14 09:09:42,237 INFO  client.GrpcClientProtocolClient (GrpcClientProtocolClient.java:onNext(254)) - client-C0E347E82FC5->e6065258-5a2c-4a72-9f81-ed1321f551ca: receive RaftClientReply:client-C0E347E82FC5->e6065258-5a2c-4a72-9f81-ed1321f551ca@group-13364FE26125, cid=2570, SUCCESS, logIndex=4225, commits[e6065258-5a2c-4a72-9f81-ed1321f551ca:c4225]
2019-06-14 09:09:42,239 INFO  client.GrpcClientProtocolClient (GrpcClientProtocolClient.java:onNext(254)) - client-C0E347E82FC5->e6065258-5a2c-4a72-9f81-ed1321f551ca: receive RaftClientReply:client-C0E347E82FC5->e6065258-5a2c-4a72-9f81-ed1321f551ca@group-13364FE26125, cid=2571, SUCCESS, logIndex=4226, commits[e6065258-5a2c-4a72-9f81-ed1321f551ca:c4228]
2019-06-14 09:09:42,239 INFO  client.GrpcClientProtocolClient (GrpcClientProtocolClient.java:onNext(254)) - client-C0E347E82FC5->e6065258-5a2c-4a72-9f81-ed1321f551ca: receive RaftClientReply:client-C0E347E82FC5->e6065258-5a2c-4a72-9f81-ed1321f551ca@group-13364FE26125, cid=2572, SUCCESS, logIndex=4227, commits[e6065258-5a2c-4a72-9f81-ed1321f551ca:c4228]
2019-06-14 09:09:42,245 INFO  client.GrpcClientProtocolClient (GrpcClientProtocolClient.java:onNext(254)) - client-C0E347E82FC5->e6065258-5a2c-4a72-9f81-ed1321f551ca: receive RaftClientReply:client-C0E347E82FC5->e6065258-5a2c-4a72-9f81-ed1321f551ca@group-13364FE26125, cid=2573, SUCCESS, logIndex=4229, commits[e6065258-5a2c-4a72-9f81-ed1321f551ca:c4229]
2019-06-14 09:09:42,246 INFO  client.GrpcClientProtocolClient (GrpcClientProtocolClient.java:onNext(254)) - client-C0E347E82FC5->e6065258-5a2c-4a72-9f81-ed1321f551ca: receive RaftClientReply:client-C0E347E82FC5->e6065258-5a2c-4a72-9f81-ed1321f551ca@group-13364FE26125, cid=2574, SUCCESS, logIndex=4231, commits[e6065258-5a2c-4a72-9f81-ed1321f551ca:c4231]
2019-06-14 09:09:42,248 INFO  client.GrpcClientProtocolClient (GrpcClientProtocolClient.java:onNext(254)) - client-C0E347E82FC5->e6065258-5a2c-4a72-9f81-ed1321f551ca: receive RaftClientReply:client-C0E347E82FC5->e6065258-5a2c-4a72-9f81-ed1321f551ca@group-13364FE26125, cid=2575, SUCCESS, logIndex=4232, commits[e6065258-5a2c-4a72-9f81-ed1321f551ca:c4234]
2019-06-14 09:09:42,248 INFO  client.GrpcClientProtocolClient (GrpcClientProtocolClient.java:onNext(254)) - client-C0E347E82FC5->e6065258-5a2c-4a72-9f81-ed1321f551ca: receive RaftClientReply:client-C0E347E82FC5->e6065258-5a2c-4a72-9f81-ed1321f551ca@group-13364FE26125, cid=2576, SUCCESS, logIndex=4233, commits[e6065258-5a2c-4a72-9f81-ed1321f551ca:c4234]
2019-06-14 09:09:42,256 DEBUG block.SCMBlockDeletingService (SCMBlockDeletingService.java:call(138)) - Running DeletedBlockTransactionScanner
2019-06-14 09:09:42,256 DEBUG block.SCMBlockDeletingService (SCMBlockDeletingService.java:call(155)) - Scanned deleted blocks log and got 0 delTX to process.
2019-06-14 09:09:42,257 INFO  client.GrpcClientProtocolClient (GrpcClientProtocolClient.java:onNext(254)) - client-C0E347E82FC5->e6065258-5a2c-4a72-9f81-ed1321f551ca: receive RaftClientReply:client-C0E347E82FC5->e6065258-5a2c-4a72-9f81-ed1321f551ca@group-13364FE26125, cid=2577, SUCCESS, logIndex=4235, commits[e6065258-5a2c-4a72-9f81-ed1321f551ca:c4235]
2019-06-14 09:09:42,259 INFO  client.GrpcClientProtocolClient (GrpcClientProtocolClient.java:onNext(254)) - client-C0E347E82FC5->e6065258-5a2c-4a72-9f81-ed1321f551ca: receive RaftClientReply:client-C0E347E82FC5->e6065258-5a2c-4a72-9f81-ed1321f551ca@group-13364FE26125, cid=2578, SUCCESS, logIndex=4237, commits[e6065258-5a2c-4a72-9f81-ed1321f551ca:c4237]
2019-06-14 09:09:42,259 INFO  client.GrpcClientProtocolClient (GrpcClientProtocolClient.java:onNext(254)) - client-C0E347E82FC5->e6065258-5a2c-4a72-9f81-ed1321f551ca: receive RaftClientReply:client-C0E347E82FC5->e6065258-5a2c-4a72-9f81-ed1321f551ca@group-13364FE26125, cid=2579, SUCCESS, logIndex=4238, commits[e6065258-5a2c-4a72-9f81-ed1321f551ca:c4240]
2019-06-14 09:09:42,260 INFO  client.GrpcClientProtocolClient (GrpcClientProtocolClient.java:onNext(254)) - client-C0E347E82FC5->e6065258-5a2c-4a72-9f81-ed1321f551ca: receive RaftClientReply:client-C0E347E82FC5->e6065258-5a2c-4a72-9f81-ed1321f551ca@group-13364FE26125, cid=2580, SUCCESS, logIndex=4239, commits[e6065258-5a2c-4a72-9f81-ed1321f551ca:c4240]
2019-06-14 09:09:42,265 INFO  storage.RaftLogWorker (RaftLogWorker.java:rollLogSegment(303)) - e6065258-5a2c-4a72-9f81-ed1321f551ca-RaftLogWorker: Rolling segment log-4173_4242 to index:4242
2019-06-14 09:09:42,265 INFO  client.GrpcClientProtocolClient (GrpcClientProtocolClient.java:onNext(254)) - client-C0E347E82FC5->e6065258-5a2c-4a72-9f81-ed1321f551ca: receive RaftClientReply:client-C0E347E82FC5->e6065258-5a2c-4a72-9f81-ed1321f551ca@group-13364FE26125, cid=2581, SUCCESS, logIndex=4241, commits[e6065258-5a2c-4a72-9f81-ed1321f551ca:c4241]
2019-06-14 09:09:42,266 INFO  storage.RaftLogWorker (RaftLogWorker.java:execute(433)) - e6065258-5a2c-4a72-9f81-ed1321f551ca-RaftLogWorker: Rolled log segment from /opt/src/hadoop-ozone/integration-test/target/test-dir/MiniOzoneClusterImpl-a56da109-a1cb-4168-8966-62306f2f2d23/datanode-0/data/ratis/920138aa-6f47-4d6d-b5cc-13364fe26125/current/log_inprogress_4173 to /opt/src/hadoop-ozone/integration-test/target/test-dir/MiniOzoneClusterImpl-a56da109-a1cb-4168-8966-62306f2f2d23/datanode-0/data/ratis/920138aa-6f47-4d6d-b5cc-13364fe26125/current/log_4173-4242
2019-06-14 09:09:42,303 INFO  storage.RaftLogWorker (RaftLogWorker.java:execute(469)) - e6065258-5a2c-4a72-9f81-ed1321f551ca-RaftLogWorker: created new log segment /opt/src/hadoop-ozone/integration-test/target/test-dir/MiniOzoneClusterImpl-a56da109-a1cb-4168-8966-62306f2f2d23/datanode-0/data/ratis/920138aa-6f47-4d6d-b5cc-13364fe26125/current/log_inprogress_4243
2019-06-14 09:09:42,304 INFO  client.GrpcClientProtocolClient (GrpcClientProtocolClient.java:onNext(254)) - client-C0E347E82FC5->e6065258-5a2c-4a72-9f81-ed1321f551ca: receive RaftClientReply:client-C0E347E82FC5->e6065258-5a2c-4a72-9f81-ed1321f551ca@group-13364FE26125, cid=2582, SUCCESS, logIndex=4243, commits[e6065258-5a2c-4a72-9f81-ed1321f551ca:c4243]
2019-06-14 09:09:42,307 INFO  client.GrpcClientProtocolClient (GrpcClientProtocolClient.java:onNext(254)) - client-C0E347E82FC5->e6065258-5a2c-4a72-9f81-ed1321f551ca: receive RaftClientReply:client-C0E347E82FC5->e6065258-5a2c-4a72-9f81-ed1321f551ca@group-13364FE26125, cid=2583, SUCCESS, logIndex=4245, commits[e6065258-5a2c-4a72-9f81-ed1321f551ca:c4246]
2019-06-14 09:09:42,307 INFO  client.GrpcClientProtocolClient (GrpcClientProtocolClient.java:onNext(254)) - client-C0E347E82FC5->e6065258-5a2c-4a72-9f81-ed1321f551ca: receive RaftClientReply:client-C0E347E82FC5->e6065258-5a2c-4a72-9f81-ed1321f551ca@group-13364FE26125, cid=2584, SUCCESS, logIndex=4246, commits[e6065258-5a2c-4a72-9f81-ed1321f551ca:c4246]
2019-06-14 09:09:42,316 INFO  client.GrpcClientProtocolClient (GrpcClientProtocolClient.java:onNext(254)) - client-C0E347E82FC5->e6065258-5a2c-4a72-9f81-ed1321f551ca: receive RaftClientReply:client-C0E347E82FC5->e6065258-5a2c-4a72-9f81-ed1321f551ca@group-13364FE26125, cid=2585, SUCCESS, logIndex=4248, commits[e6065258-5a2c-4a72-9f81-ed1321f551ca:c4248]
2019-06-14 09:09:42,317 INFO  client.GrpcClientProtocolClient (GrpcClientProtocolClient.java:onNext(254)) - client-C0E347E82FC5->e6065258-5a2c-4a72-9f81-ed1321f551ca: receive RaftClientReply:client-C0E347E82FC5->e6065258-5a2c-4a72-9f81-ed1321f551ca@group-13364FE26125, cid=2586, SUCCESS, logIndex=4250, commits[e6065258-5a2c-4a72-9f81-ed1321f551ca:c4250]
2019-06-14 09:09:42,318 INFO  client.GrpcClientProtocolClient (GrpcClientProtocolClient.java:onNext(254)) - client-C0E347E82FC5->e6065258-5a2c-4a72-9f81-ed1321f551ca: receive RaftClientReply:client-C0E347E82FC5->e6065258-5a2c-4a72-9f81-ed1321f551ca@group-13364FE26125, cid=2587, SUCCESS, logIndex=4251, commits[e6065258-5a2c-4a72-9f81-ed1321f551ca:c4253]
2019-06-14 09:09:42,318 INFO  client.GrpcClientProtocolClient (GrpcClientProtocolClient.java:onNext(254)) - client-C0E347E82FC5->e6065258-5a2c-4a72-9f81-ed1321f551ca: receive RaftClientReply:client-C0E347E82FC5->e6065258-5a2c-4a72-9f81-ed1321f551ca@group-13364FE26125, cid=2588, SUCCESS, logIndex=4252, commits[e6065258-5a2c-4a72-9f81-ed1321f551ca:c4253]
2019-06-14 09:09:42,323 INFO  client.GrpcClientProtocolClient (GrpcClientProtocolClient.java:onNext(254)) - client-C0E347E82FC5->e6065258-5a2c-4a72-9f81-ed1321f551ca: receive RaftClientReply:client-C0E347E82FC5->e6065258-5a2c-4a72-9f81-ed1321f551ca@group-13364FE26125, cid=2589, SUCCESS, logIndex=4254, commits[e6065258-5a2c-4a72-9f81-ed1321f551ca:c4254]
2019-06-14 09:09:42,325 INFO  client.GrpcClientProtocolClient (GrpcClientProtocolClient.java:onNext(254)) - client-C0E347E82FC5->e6065258-5a2c-4a72-9f81-ed1321f551ca: receive RaftClientReply:client-C0E347E82FC5->e6065258-5a2c-4a72-9f81-ed1321f551ca@group-13364FE26125, cid=2590, SUCCESS, logIndex=4256, commits[e6065258-5a2c-4a72-9f81-ed1321f551ca:c4256]
2019-06-14 09:09:42,325 INFO  client.GrpcClientProtocolClient (GrpcClientProtocolClient.java:onNext(254)) - client-C0E347E82FC5->e6065258-5a2c-4a72-9f81-ed1321f551ca: receive RaftClientReply:client-C0E347E82FC5->e6065258-5a2c-4a72-9f81-ed1321f551ca@group-13364FE26125, cid=2591, SUCCESS, logIndex=4257, commits[e6065258-5a2c-4a72-9f81-ed1321f551ca:c4259]
2019-06-14 09:09:42,326 INFO  client.GrpcClientProtocolClient (GrpcClientProtocolClient.java:onNext(254)) - client-C0E347E82FC5->e6065258-5a2c-4a72-9f81-ed1321f551ca: receive RaftClientReply:client-C0E347E82FC5->e6065258-5a2c-4a72-9f81-ed1321f551ca@group-13364FE26125, cid=2592, SUCCESS, logIndex=4258, commits[e6065258-5a2c-4a72-9f81-ed1321f551ca:c4259]
2019-06-14 09:09:42,334 INFO  client.GrpcClientProtocolClient (GrpcClientProtocolClient.java:onNext(254)) - client-C0E347E82FC5->e6065258-5a2c-4a72-9f81-ed1321f551ca: receive RaftClientReply:client-C0E347E82FC5->e6065258-5a2c-4a72-9f81-ed1321f551ca@group-13364FE26125, cid=2593, SUCCESS, logIndex=4260, commits[e6065258-5a2c-4a72-9f81-ed1321f551ca:c4260]
2019-06-14 09:09:42,337 INFO  client.GrpcClientProtocolClient (GrpcClientProtocolClient.java:onNext(254)) - client-C0E347E82FC5->e6065258-5a2c-4a72-9f81-ed1321f551ca: receive RaftClientReply:client-C0E347E82FC5->e6065258-5a2c-4a72-9f81-ed1321f551ca@group-13364FE26125, cid=2594, SUCCESS, logIndex=4262, commits[e6065258-5a2c-4a72-9f81-ed1321f551ca:c4265]
2019-06-14 09:09:42,337 INFO  client.GrpcClientProtocolClient (GrpcClientProtocolClient.java:onNext(254)) - client-C0E347E82FC5->e6065258-5a2c-4a72-9f81-ed1321f551ca: receive RaftClientReply:client-C0E347E82FC5->e6065258-5a2c-4a72-9f81-ed1321f551ca@group-13364FE26125, cid=2595, SUCCESS, logIndex=4263, commits[e6065258-5a2c-4a72-9f81-ed1321f551ca:c4265]
2019-06-14 09:09:42,337 INFO  client.GrpcClientProtocolClient (GrpcClientProtocolClient.java:onNext(254)) - client-C0E347E82FC5->e6065258-5a2c-4a72-9f81-ed1321f551ca: receive RaftClientReply:client-C0E347E82FC5->e6065258-5a2c-4a72-9f81-ed1321f551ca@group-13364FE26125, cid=2596, SUCCESS, logIndex=4264, commits[e6065258-5a2c-4a72-9f81-ed1321f551ca:c4265]
2019-06-14 09:09:42,342 INFO  client.GrpcClientProtocolClient (GrpcClientProtocolClient.java:onNext(254)) - client-C0E347E82FC5->e6065258-5a2c-4a72-9f81-ed1321f551ca: receive RaftClientReply:client-C0E347E82FC5->e6065258-5a2c-4a72-9f81-ed1321f551ca@group-13364FE26125, cid=2597, SUCCESS, logIndex=4266, commits[e6065258-5a2c-4a72-9f81-ed1321f551ca:c4266]
2019-06-14 09:09:42,343 INFO  client.GrpcClientProtocolClient (GrpcClientProtocolClient.java:onNext(254)) - client-C0E347E82FC5->e6065258-5a2c-4a72-9f81-ed1321f551ca: receive RaftClientReply:client-C0E347E82FC5->e6065258-5a2c-4a72-9f81-ed1321f551ca@group-13364FE26125, cid=2598, SUCCESS, logIndex=4268, commits[e6065258-5a2c-4a72-9f81-ed1321f551ca:c4268]
2019-06-14 09:09:42,344 INFO  client.GrpcClientProtocolClient (GrpcClientProtocolClient.java:onNext(254)) - client-C0E347E82FC5->e6065258-5a2c-4a72-9f81-ed1321f551ca: receive RaftClientReply:client-C0E347E82FC5->e6065258-5a2c-4a72-9f81-ed1321f551ca@group-13364FE26125, cid=2599, SUCCESS, logIndex=4269, commits[e6065258-5a2c-4a72-9f81-ed1321f551ca:c4271]
2019-06-14 09:09:42,344 INFO  client.GrpcClientProtocolClient (GrpcClientProtocolClient.java:onNext(254)) - client-C0E347E82FC5->e6065258-5a2c-4a72-9f81-ed1321f551ca: receive RaftClientReply:client-C0E347E82FC5->e6065258-5a2c-4a72-9f81-ed1321f551ca@group-13364FE26125, cid=2600, SUCCESS, logIndex=4270, commits[e6065258-5a2c-4a72-9f81-ed1321f551ca:c4271]
2019-06-14 09:09:42,353 INFO  client.GrpcClientProtocolClient (GrpcClientProtocolClient.java:onNext(254)) - client-C0E347E82FC5->e6065258-5a2c-4a72-9f81-ed1321f551ca: receive RaftClientReply:client-C0E347E82FC5->e6065258-5a2c-4a72-9f81-ed1321f551ca@group-13364FE26125, cid=2601, SUCCESS, logIndex=4272, commits[e6065258-5a2c-4a72-9f81-ed1321f551ca:c4272]
2019-06-14 09:09:42,354 INFO  client.GrpcClientProtocolClient (GrpcClientProtocolClient.java:onNext(254)) - client-C0E347E82FC5->e6065258-5a2c-4a72-9f81-ed1321f551ca: receive RaftClientReply:client-C0E347E82FC5->e6065258-5a2c-4a72-9f81-ed1321f551ca@group-13364FE26125, cid=2602, SUCCESS, logIndex=4274, commits[e6065258-5a2c-4a72-9f81-ed1321f551ca:c4274]
2019-06-14 09:09:42,355 INFO  client.GrpcClientProtocolClient (GrpcClientProtocolClient.java:onNext(254)) - client-C0E347E82FC5->e6065258-5a2c-4a72-9f81-ed1321f551ca: receive RaftClientReply:client-C0E347E82FC5->e6065258-5a2c-4a72-9f81-ed1321f551ca@group-13364FE26125, cid=2603, SUCCESS, logIndex=4275, commits[e6065258-5a2c-4a72-9f81-ed1321f551ca:c4277]
2019-06-14 09:09:42,355 INFO  client.GrpcClientProtocolClient (GrpcClientProtocolClient.java:onNext(254)) - client-C0E347E82FC5->e6065258-5a2c-4a72-9f81-ed1321f551ca: receive RaftClientReply:client-C0E347E82FC5->e6065258-5a2c-4a72-9f81-ed1321f551ca@group-13364FE26125, cid=2604, SUCCESS, logIndex=4276, commits[e6065258-5a2c-4a72-9f81-ed1321f551ca:c4277]
2019-06-14 09:09:42,356 DEBUG block.SCMBlockDeletingService (SCMBlockDeletingService.java:call(138)) - Running DeletedBlockTransactionScanner
2019-06-14 09:09:42,356 DEBUG block.SCMBlockDeletingService (SCMBlockDeletingService.java:call(155)) - Scanned deleted blocks log and got 0 delTX to process.
2019-06-14 09:09:42,365 INFO  client.GrpcClientProtocolClient (GrpcClientProtocolClient.java:onNext(254)) - client-C0E347E82FC5->e6065258-5a2c-4a72-9f81-ed1321f551ca: receive RaftClientReply:client-C0E347E82FC5->e6065258-5a2c-4a72-9f81-ed1321f551ca@group-13364FE26125, cid=2605, SUCCESS, logIndex=4278, commits[e6065258-5a2c-4a72-9f81-ed1321f551ca:c4278]
2019-06-14 09:09:42,365 INFO  client.GrpcClientProtocolClient (GrpcClientProtocolClient.java:onNext(254)) - client-C0E347E82FC5->e6065258-5a2c-4a72-9f81-ed1321f551ca: receive RaftClientReply:client-C0E347E82FC5->e6065258-5a2c-4a72-9f81-ed1321f551ca@group-13364FE26125, cid=2606, SUCCESS, logIndex=4280, commits[e6065258-5a2c-4a72-9f81-ed1321f551ca:c4280]
2019-06-14 09:09:42,457 INFO  client.GrpcClientProtocolClient (GrpcClientProtocolClient.java:onNext(254)) - client-C0E347E82FC5->e6065258-5a2c-4a72-9f81-ed1321f551ca: receive RaftClientReply:client-C0E347E82FC5->e6065258-5a2c-4a72-9f81-ed1321f551ca@group-13364FE26125, cid=2607, SUCCESS, logIndex=4282, commits[e6065258-5a2c-4a72-9f81-ed1321f551ca:c4282]
2019-06-14 09:09:42,457 DEBUG block.SCMBlockDeletingService (SCMBlockDeletingService.java:call(138)) - Running DeletedBlockTransactionScanner
2019-06-14 09:09:42,457 DEBUG block.SCMBlockDeletingService (SCMBlockDeletingService.java:call(155)) - Scanned deleted blocks log and got 0 delTX to process.
2019-06-14 09:09:42,458 INFO  client.GrpcClientProtocolClient (GrpcClientProtocolClient.java:onNext(254)) - client-C0E347E82FC5->e6065258-5a2c-4a72-9f81-ed1321f551ca: receive RaftClientReply:client-C0E347E82FC5->e6065258-5a2c-4a72-9f81-ed1321f551ca@group-13364FE26125, cid=2608, SUCCESS, logIndex=4284, commits[e6065258-5a2c-4a72-9f81-ed1321f551ca:c4284]
2019-06-14 09:09:42,468 INFO  client.GrpcClientProtocolClient (GrpcClientProtocolClient.java:onNext(254)) - client-C0E347E82FC5->e6065258-5a2c-4a72-9f81-ed1321f551ca: receive RaftClientReply:client-C0E347E82FC5->e6065258-5a2c-4a72-9f81-ed1321f551ca@group-13364FE26125, cid=2609, SUCCESS, logIndex=4286, commits[e6065258-5a2c-4a72-9f81-ed1321f551ca:c4286]
2019-06-14 09:09:42,469 INFO  client.GrpcClientProtocolClient (GrpcClientProtocolClient.java:onNext(254)) - client-C0E347E82FC5->e6065258-5a2c-4a72-9f81-ed1321f551ca: receive RaftClientReply:client-C0E347E82FC5->e6065258-5a2c-4a72-9f81-ed1321f551ca@group-13364FE26125, cid=2610, SUCCESS, logIndex=4288, commits[e6065258-5a2c-4a72-9f81-ed1321f551ca:c4288]
2019-06-14 09:09:42,470 INFO  client.GrpcClientProtocolClient (GrpcClientProtocolClient.java:onNext(254)) - client-C0E347E82FC5->e6065258-5a2c-4a72-9f81-ed1321f551ca: receive RaftClientReply:client-C0E347E82FC5->e6065258-5a2c-4a72-9f81-ed1321f551ca@group-13364FE26125, cid=2611, SUCCESS, logIndex=4289, commits[e6065258-5a2c-4a72-9f81-ed1321f551ca:c4291]
2019-06-14 09:09:42,471 INFO  client.GrpcClientProtocolClient (GrpcClientProtocolClient.java:onNext(254)) - client-C0E347E82FC5->e6065258-5a2c-4a72-9f81-ed1321f551ca: receive RaftClientReply:client-C0E347E82FC5->e6065258-5a2c-4a72-9f81-ed1321f551ca@group-13364FE26125, cid=2612, SUCCESS, logIndex=4290, commits[e6065258-5a2c-4a72-9f81-ed1321f551ca:c4291]
2019-06-14 09:09:42,476 INFO  client.GrpcClientProtocolClient (GrpcClientProtocolClient.java:onNext(254)) - client-C0E347E82FC5->e6065258-5a2c-4a72-9f81-ed1321f551ca: receive RaftClientReply:client-C0E347E82FC5->e6065258-5a2c-4a72-9f81-ed1321f551ca@group-13364FE26125, cid=2613, SUCCESS, logIndex=4292, commits[e6065258-5a2c-4a72-9f81-ed1321f551ca:c4292]
2019-06-14 09:09:42,477 INFO  client.GrpcClientProtocolClient (GrpcClientProtocolClient.java:onNext(254)) - client-C0E347E82FC5->e6065258-5a2c-4a72-9f81-ed1321f551ca: receive RaftClientReply:client-C0E347E82FC5->e6065258-5a2c-4a72-9f81-ed1321f551ca@group-13364FE26125, cid=2614, SUCCESS, logIndex=4294, commits[e6065258-5a2c-4a72-9f81-ed1321f551ca:c4294]
2019-06-14 09:09:42,478 INFO  client.GrpcClientProtocolClient (GrpcClientProtocolClient.java:onNext(254)) - client-C0E347E82FC5->e6065258-5a2c-4a72-9f81-ed1321f551ca: receive RaftClientReply:client-C0E347E82FC5->e6065258-5a2c-4a72-9f81-ed1321f551ca@group-13364FE26125, cid=2615, SUCCESS, logIndex=4295, commits[e6065258-5a2c-4a72-9f81-ed1321f551ca:c4297]
2019-06-14 09:09:42,478 INFO  client.GrpcClientProtocolClient (GrpcClientProtocolClient.java:onNext(254)) - client-C0E347E82FC5->e6065258-5a2c-4a72-9f81-ed1321f551ca: receive RaftClientReply:client-C0E347E82FC5->e6065258-5a2c-4a72-9f81-ed1321f551ca@group-13364FE26125, cid=2616, SUCCESS, logIndex=4296, commits[e6065258-5a2c-4a72-9f81-ed1321f551ca:c4297]
2019-06-14 09:09:42,488 INFO  client.GrpcClientProtocolClient (GrpcClientProtocolClient.java:onNext(254)) - client-C0E347E82FC5->e6065258-5a2c-4a72-9f81-ed1321f551ca: receive RaftClientReply:client-C0E347E82FC5->e6065258-5a2c-4a72-9f81-ed1321f551ca@group-13364FE26125, cid=2617, SUCCESS, logIndex=4298, commits[e6065258-5a2c-4a72-9f81-ed1321f551ca:c4298]
2019-06-14 09:09:42,489 INFO  client.GrpcClientProtocolClient (GrpcClientProtocolClient.java:onNext(254)) - client-C0E347E82FC5->e6065258-5a2c-4a72-9f81-ed1321f551ca: receive RaftClientReply:client-C0E347E82FC5->e6065258-5a2c-4a72-9f81-ed1321f551ca@group-13364FE26125, cid=2618, SUCCESS, logIndex=4300, commits[e6065258-5a2c-4a72-9f81-ed1321f551ca:c4300]
2019-06-14 09:09:42,492 INFO  client.GrpcClientProtocolClient (GrpcClientProtocolClient.java:onNext(254)) - client-C0E347E82FC5->e6065258-5a2c-4a72-9f81-ed1321f551ca: receive RaftClientReply:client-C0E347E82FC5->e6065258-5a2c-4a72-9f81-ed1321f551ca@group-13364FE26125, cid=2619, SUCCESS, logIndex=4302, commits[e6065258-5a2c-4a72-9f81-ed1321f551ca:c4302]
2019-06-14 09:09:42,492 INFO  client.GrpcClientProtocolClient (GrpcClientProtocolClient.java:onNext(254)) - client-C0E347E82FC5->e6065258-5a2c-4a72-9f81-ed1321f551ca: receive RaftClientReply:client-C0E347E82FC5->e6065258-5a2c-4a72-9f81-ed1321f551ca@group-13364FE26125, cid=2620, SUCCESS, logIndex=4303, commits[e6065258-5a2c-4a72-9f81-ed1321f551ca:c4303]
2019-06-14 09:09:42,498 INFO  client.GrpcClientProtocolClient (GrpcClientProtocolClient.java:onNext(254)) - client-C0E347E82FC5->e6065258-5a2c-4a72-9f81-ed1321f551ca: receive RaftClientReply:client-C0E347E82FC5->e6065258-5a2c-4a72-9f81-ed1321f551ca@group-13364FE26125, cid=2621, SUCCESS, logIndex=4306, commits[e6065258-5a2c-4a72-9f81-ed1321f551ca:c4306]
2019-06-14 09:09:42,499 INFO  client.GrpcClientProtocolClient (GrpcClientProtocolClient.java:onNext(254)) - client-C0E347E82FC5->e6065258-5a2c-4a72-9f81-ed1321f551ca: receive RaftClientReply:client-C0E347E82FC5->e6065258-5a2c-4a72-9f81-ed1321f551ca@group-13364FE26125, cid=2622, SUCCESS, logIndex=4308, commits[e6065258-5a2c-4a72-9f81-ed1321f551ca:c4308]
2019-06-14 09:09:42,501 INFO  client.GrpcClientProtocolClient (GrpcClientProtocolClient.java:onNext(254)) - client-C0E347E82FC5->e6065258-5a2c-4a72-9f81-ed1321f551ca: receive RaftClientReply:client-C0E347E82FC5->e6065258-5a2c-4a72-9f81-ed1321f551ca@group-13364FE26125, cid=2623, SUCCESS, logIndex=4309, commits[e6065258-5a2c-4a72-9f81-ed1321f551ca:c4310]
2019-06-14 09:09:42,502 INFO  storage.RaftLogWorker (RaftLogWorker.java:rollLogSegment(303)) - e6065258-5a2c-4a72-9f81-ed1321f551ca-RaftLogWorker: Rolling segment log-4243_4311 to index:4311
2019-06-14 09:09:42,502 INFO  storage.RaftLogWorker (RaftLogWorker.java:execute(433)) - e6065258-5a2c-4a72-9f81-ed1321f551ca-RaftLogWorker: Rolled log segment from /opt/src/hadoop-ozone/integration-test/target/test-dir/MiniOzoneClusterImpl-a56da109-a1cb-4168-8966-62306f2f2d23/datanode-0/data/ratis/920138aa-6f47-4d6d-b5cc-13364fe26125/current/log_inprogress_4243 to /opt/src/hadoop-ozone/integration-test/target/test-dir/MiniOzoneClusterImpl-a56da109-a1cb-4168-8966-62306f2f2d23/datanode-0/data/ratis/920138aa-6f47-4d6d-b5cc-13364fe26125/current/log_4243-4311
2019-06-14 09:09:42,519 INFO  client.GrpcClientProtocolClient (GrpcClientProtocolClient.java:onNext(254)) - client-C0E347E82FC5->e6065258-5a2c-4a72-9f81-ed1321f551ca: receive RaftClientReply:client-C0E347E82FC5->e6065258-5a2c-4a72-9f81-ed1321f551ca@group-13364FE26125, cid=2624, SUCCESS, logIndex=4311, commits[e6065258-5a2c-4a72-9f81-ed1321f551ca:c4311]
2019-06-14 09:09:42,539 INFO  storage.RaftLogWorker (RaftLogWorker.java:execute(469)) - e6065258-5a2c-4a72-9f81-ed1321f551ca-RaftLogWorker: created new log segment /opt/src/hadoop-ozone/integration-test/target/test-dir/MiniOzoneClusterImpl-a56da109-a1cb-4168-8966-62306f2f2d23/datanode-0/data/ratis/920138aa-6f47-4d6d-b5cc-13364fe26125/current/log_inprogress_4312
2019-06-14 09:09:42,541 INFO  client.GrpcClientProtocolClient (GrpcClientProtocolClient.java:onNext(254)) - client-C0E347E82FC5->e6065258-5a2c-4a72-9f81-ed1321f551ca: receive RaftClientReply:client-C0E347E82FC5->e6065258-5a2c-4a72-9f81-ed1321f551ca@group-13364FE26125, cid=2625, SUCCESS, logIndex=4313, commits[e6065258-5a2c-4a72-9f81-ed1321f551ca:c4313]
2019-06-14 09:09:42,542 INFO  client.GrpcClientProtocolClient (GrpcClientProtocolClient.java:onNext(254)) - client-C0E347E82FC5->e6065258-5a2c-4a72-9f81-ed1321f551ca: receive RaftClientReply:client-C0E347E82FC5->e6065258-5a2c-4a72-9f81-ed1321f551ca@group-13364FE26125, cid=2626, SUCCESS, logIndex=4315, commits[e6065258-5a2c-4a72-9f81-ed1321f551ca:c4315]
2019-06-14 09:09:42,543 INFO  client.GrpcClientProtocolClient (GrpcClientProtocolClient.java:onNext(254)) - client-C0E347E82FC5->e6065258-5a2c-4a72-9f81-ed1321f551ca: receive RaftClientReply:client-C0E347E82FC5->e6065258-5a2c-4a72-9f81-ed1321f551ca@group-13364FE26125, cid=2627, SUCCESS, logIndex=4316, commits[e6065258-5a2c-4a72-9f81-ed1321f551ca:c4318]
2019-06-14 09:09:42,543 INFO  client.GrpcClientProtocolClient (GrpcClientProtocolClient.java:onNext(254)) - client-C0E347E82FC5->e6065258-5a2c-4a72-9f81-ed1321f551ca: receive RaftClientReply:client-C0E347E82FC5->e6065258-5a2c-4a72-9f81-ed1321f551ca@group-13364FE26125, cid=2628, SUCCESS, logIndex=4317, commits[e6065258-5a2c-4a72-9f81-ed1321f551ca:c4318]
2019-06-14 09:09:42,548 INFO  client.GrpcClientProtocolClient (GrpcClientProtocolClient.java:onNext(254)) - client-C0E347E82FC5->e6065258-5a2c-4a72-9f81-ed1321f551ca: receive RaftClientReply:client-C0E347E82FC5->e6065258-5a2c-4a72-9f81-ed1321f551ca@group-13364FE26125, cid=2629, SUCCESS, logIndex=4319, commits[e6065258-5a2c-4a72-9f81-ed1321f551ca:c4319]
2019-06-14 09:09:42,550 INFO  client.GrpcClientProtocolClient (GrpcClientProtocolClient.java:onNext(254)) - client-C0E347E82FC5->e6065258-5a2c-4a72-9f81-ed1321f551ca: receive RaftClientReply:client-C0E347E82FC5->e6065258-5a2c-4a72-9f81-ed1321f551ca@group-13364FE26125, cid=2630, SUCCESS, logIndex=4321, commits[e6065258-5a2c-4a72-9f81-ed1321f551ca:c4321]
2019-06-14 09:09:42,551 INFO  client.GrpcClientProtocolClient (GrpcClientProtocolClient.java:onNext(254)) - client-C0E347E82FC5->e6065258-5a2c-4a72-9f81-ed1321f551ca: receive RaftClientReply:client-C0E347E82FC5->e6065258-5a2c-4a72-9f81-ed1321f551ca@group-13364FE26125, cid=2631, SUCCESS, logIndex=4322, commits[e6065258-5a2c-4a72-9f81-ed1321f551ca:c4324]
2019-06-14 09:09:42,551 INFO  client.GrpcClientProtocolClient (GrpcClientProtocolClient.java:onNext(254)) - client-C0E347E82FC5->e6065258-5a2c-4a72-9f81-ed1321f551ca: receive RaftClientReply:client-C0E347E82FC5->e6065258-5a2c-4a72-9f81-ed1321f551ca@group-13364FE26125, cid=2632, SUCCESS, logIndex=4323, commits[e6065258-5a2c-4a72-9f81-ed1321f551ca:c4324]
2019-06-14 09:09:42,557 DEBUG block.SCMBlockDeletingService (SCMBlockDeletingService.java:call(138)) - Running DeletedBlockTransactionScanner
2019-06-14 09:09:42,557 DEBUG block.SCMBlockDeletingService (SCMBlockDeletingService.java:call(155)) - Scanned deleted blocks log and got 0 delTX to process.
2019-06-14 09:09:42,562 INFO  client.GrpcClientProtocolClient (GrpcClientProtocolClient.java:onNext(254)) - client-C0E347E82FC5->e6065258-5a2c-4a72-9f81-ed1321f551ca: receive RaftClientReply:client-C0E347E82FC5->e6065258-5a2c-4a72-9f81-ed1321f551ca@group-13364FE26125, cid=2633, SUCCESS, logIndex=4325, commits[e6065258-5a2c-4a72-9f81-ed1321f551ca:c4325]
2019-06-14 09:09:42,568 INFO  client.GrpcClientProtocolClient (GrpcClientProtocolClient.java:onNext(254)) - client-C0E347E82FC5->e6065258-5a2c-4a72-9f81-ed1321f551ca: receive RaftClientReply:client-C0E347E82FC5->e6065258-5a2c-4a72-9f81-ed1321f551ca@group-13364FE26125, cid=2634, SUCCESS, logIndex=4327, commits[e6065258-5a2c-4a72-9f81-ed1321f551ca:c4329]
2019-06-14 09:09:42,568 INFO  client.GrpcClientProtocolClient (GrpcClientProtocolClient.java:onNext(254)) - client-C0E347E82FC5->e6065258-5a2c-4a72-9f81-ed1321f551ca: receive RaftClientReply:client-C0E347E82FC5->e6065258-5a2c-4a72-9f81-ed1321f551ca@group-13364FE26125, cid=2635, SUCCESS, logIndex=4328, commits[e6065258-5a2c-4a72-9f81-ed1321f551ca:c4329]
2019-06-14 09:09:42,568 INFO  client.GrpcClientProtocolClient (GrpcClientProtocolClient.java:onNext(254)) - client-C0E347E82FC5->e6065258-5a2c-4a72-9f81-ed1321f551ca: receive RaftClientReply:client-C0E347E82FC5->e6065258-5a2c-4a72-9f81-ed1321f551ca@group-13364FE26125, cid=2636, SUCCESS, logIndex=4329, commits[e6065258-5a2c-4a72-9f81-ed1321f551ca:c4329]
2019-06-14 09:09:42,581 INFO  client.GrpcClientProtocolClient (GrpcClientProtocolClient.java:onNext(254)) - client-C0E347E82FC5->e6065258-5a2c-4a72-9f81-ed1321f551ca: receive RaftClientReply:client-C0E347E82FC5->e6065258-5a2c-4a72-9f81-ed1321f551ca@group-13364FE26125, cid=2637, SUCCESS, logIndex=4331, commits[e6065258-5a2c-4a72-9f81-ed1321f551ca:c4331]
2019-06-14 09:09:42,585 INFO  client.GrpcClientProtocolClient (GrpcClientProtocolClient.java:onNext(254)) - client-C0E347E82FC5->e6065258-5a2c-4a72-9f81-ed1321f551ca: receive RaftClientReply:client-C0E347E82FC5->e6065258-5a2c-4a72-9f81-ed1321f551ca@group-13364FE26125, cid=2638, SUCCESS, logIndex=4333, commits[e6065258-5a2c-4a72-9f81-ed1321f551ca:c4337]
2019-06-14 09:09:42,585 INFO  client.GrpcClientProtocolClient (GrpcClientProtocolClient.java:onNext(254)) - client-C0E347E82FC5->e6065258-5a2c-4a72-9f81-ed1321f551ca: receive RaftClientReply:client-C0E347E82FC5->e6065258-5a2c-4a72-9f81-ed1321f551ca@group-13364FE26125, cid=2639, SUCCESS, logIndex=4334, commits[e6065258-5a2c-4a72-9f81-ed1321f551ca:c4337]
2019-06-14 09:09:42,589 INFO  client.GrpcClientProtocolClient (GrpcClientProtocolClient.java:onNext(254)) - client-C0E347E82FC5->e6065258-5a2c-4a72-9f81-ed1321f551ca: receive RaftClientReply:client-C0E347E82FC5->e6065258-5a2c-4a72-9f81-ed1321f551ca@group-13364FE26125, cid=2640, SUCCESS, logIndex=4335, commits[e6065258-5a2c-4a72-9f81-ed1321f551ca:c4337]
2019-06-14 09:09:42,599 INFO  client.GrpcClientProtocolClient (GrpcClientProtocolClient.java:onNext(254)) - client-C0E347E82FC5->e6065258-5a2c-4a72-9f81-ed1321f551ca: receive RaftClientReply:client-C0E347E82FC5->e6065258-5a2c-4a72-9f81-ed1321f551ca@group-13364FE26125, cid=2641, SUCCESS, logIndex=4338, commits[e6065258-5a2c-4a72-9f81-ed1321f551ca:c4338]
2019-06-14 09:09:42,600 INFO  client.GrpcClientProtocolClient (GrpcClientProtocolClient.java:onNext(254)) - client-C0E347E82FC5->e6065258-5a2c-4a72-9f81-ed1321f551ca: receive RaftClientReply:client-C0E347E82FC5->e6065258-5a2c-4a72-9f81-ed1321f551ca@group-13364FE26125, cid=2642, SUCCESS, logIndex=4340, commits[e6065258-5a2c-4a72-9f81-ed1321f551ca:c4340]
2019-06-14 09:09:42,601 INFO  client.GrpcClientProtocolClient (GrpcClientProtocolClient.java:onNext(254)) - client-C0E347E82FC5->e6065258-5a2c-4a72-9f81-ed1321f551ca: receive RaftClientReply:client-C0E347E82FC5->e6065258-5a2c-4a72-9f81-ed1321f551ca@group-13364FE26125, cid=2643, SUCCESS, logIndex=4341, commits[e6065258-5a2c-4a72-9f81-ed1321f551ca:c4343]
2019-06-14 09:09:42,602 INFO  client.GrpcClientProtocolClient (GrpcClientProtocolClient.java:onNext(254)) - client-C0E347E82FC5->e6065258-5a2c-4a72-9f81-ed1321f551ca: receive RaftClientReply:client-C0E347E82FC5->e6065258-5a2c-4a72-9f81-ed1321f551ca@group-13364FE26125, cid=2644, SUCCESS, logIndex=4342, commits[e6065258-5a2c-4a72-9f81-ed1321f551ca:c4343]
2019-06-14 09:09:42,606 INFO  client.GrpcClientProtocolClient (GrpcClientProtocolClient.java:onNext(254)) - client-C0E347E82FC5->e6065258-5a2c-4a72-9f81-ed1321f551ca: receive RaftClientReply:client-C0E347E82FC5->e6065258-5a2c-4a72-9f81-ed1321f551ca@group-13364FE26125, cid=2645, SUCCESS, logIndex=4344, commits[e6065258-5a2c-4a72-9f81-ed1321f551ca:c4344]
2019-06-14 09:09:42,608 INFO  client.GrpcClientProtocolClient (GrpcClientProtocolClient.java:onNext(254)) - client-C0E347E82FC5->e6065258-5a2c-4a72-9f81-ed1321f551ca: receive RaftClientReply:client-C0E347E82FC5->e6065258-5a2c-4a72-9f81-ed1321f551ca@group-13364FE26125, cid=2646, SUCCESS, logIndex=4346, commits[e6065258-5a2c-4a72-9f81-ed1321f551ca:c4346]
2019-06-14 09:09:42,609 INFO  client.GrpcClientProtocolClient (GrpcClientProtocolClient.java:onNext(254)) - client-C0E347E82FC5->e6065258-5a2c-4a72-9f81-ed1321f551ca: receive RaftClientReply:client-C0E347E82FC5->e6065258-5a2c-4a72-9f81-ed1321f551ca@group-13364FE26125, cid=2647, SUCCESS, logIndex=4347, commits[e6065258-5a2c-4a72-9f81-ed1321f551ca:c4349]
2019-06-14 09:09:42,609 INFO  client.GrpcClientProtocolClient (GrpcClientProtocolClient.java:onNext(254)) - client-C0E347E82FC5->e6065258-5a2c-4a72-9f81-ed1321f551ca: receive RaftClientReply:client-C0E347E82FC5->e6065258-5a2c-4a72-9f81-ed1321f551ca@group-13364FE26125, cid=2648, SUCCESS, logIndex=4348, commits[e6065258-5a2c-4a72-9f81-ed1321f551ca:c4349]
2019-06-14 09:09:42,620 INFO  client.GrpcClientProtocolClient (GrpcClientProtocolClient.java:onNext(254)) - client-C0E347E82FC5->e6065258-5a2c-4a72-9f81-ed1321f551ca: receive RaftClientReply:client-C0E347E82FC5->e6065258-5a2c-4a72-9f81-ed1321f551ca@group-13364FE26125, cid=2649, SUCCESS, logIndex=4350, commits[e6065258-5a2c-4a72-9f81-ed1321f551ca:c4350]
2019-06-14 09:09:42,621 INFO  client.GrpcClientProtocolClient (GrpcClientProtocolClient.java:onNext(254)) - client-C0E347E82FC5->e6065258-5a2c-4a72-9f81-ed1321f551ca: receive RaftClientReply:client-C0E347E82FC5->e6065258-5a2c-4a72-9f81-ed1321f551ca@group-13364FE26125, cid=2650, SUCCESS, logIndex=4352, commits[e6065258-5a2c-4a72-9f81-ed1321f551ca:c4352]
2019-06-14 09:09:42,622 INFO  client.GrpcClientProtocolClient (GrpcClientProtocolClient.java:onNext(254)) - client-C0E347E82FC5->e6065258-5a2c-4a72-9f81-ed1321f551ca: receive RaftClientReply:client-C0E347E82FC5->e6065258-5a2c-4a72-9f81-ed1321f551ca@group-13364FE26125, cid=2651, SUCCESS, logIndex=4353, commits[e6065258-5a2c-4a72-9f81-ed1321f551ca:c4355]
2019-06-14 09:09:42,623 INFO  client.GrpcClientProtocolClient (GrpcClientProtocolClient.java:onNext(254)) - client-C0E347E82FC5->e6065258-5a2c-4a72-9f81-ed1321f551ca: receive RaftClientReply:client-C0E347E82FC5->e6065258-5a2c-4a72-9f81-ed1321f551ca@group-13364FE26125, cid=2652, SUCCESS, logIndex=4355, commits[e6065258-5a2c-4a72-9f81-ed1321f551ca:c4355]
2019-06-14 09:09:42,657 DEBUG block.SCMBlockDeletingService (SCMBlockDeletingService.java:call(138)) - Running DeletedBlockTransactionScanner
2019-06-14 09:09:42,658 DEBUG block.SCMBlockDeletingService (SCMBlockDeletingService.java:call(155)) - Scanned deleted blocks log and got 0 delTX to process.
2019-06-14 09:09:42,737 INFO  client.GrpcClientProtocolClient (GrpcClientProtocolClient.java:onNext(254)) - client-C0E347E82FC5->e6065258-5a2c-4a72-9f81-ed1321f551ca: receive RaftClientReply:client-C0E347E82FC5->e6065258-5a2c-4a72-9f81-ed1321f551ca@group-13364FE26125, cid=2653, SUCCESS, logIndex=4357, commits[e6065258-5a2c-4a72-9f81-ed1321f551ca:c4357]
2019-06-14 09:09:42,738 INFO  client.GrpcClientProtocolClient (GrpcClientProtocolClient.java:onNext(254)) - client-C0E347E82FC5->e6065258-5a2c-4a72-9f81-ed1321f551ca: receive RaftClientReply:client-C0E347E82FC5->e6065258-5a2c-4a72-9f81-ed1321f551ca@group-13364FE26125, cid=2654, SUCCESS, logIndex=4359, commits[e6065258-5a2c-4a72-9f81-ed1321f551ca:c4359]
2019-06-14 09:09:42,739 INFO  client.GrpcClientProtocolClient (GrpcClientProtocolClient.java:onNext(254)) - client-C0E347E82FC5->e6065258-5a2c-4a72-9f81-ed1321f551ca: receive RaftClientReply:client-C0E347E82FC5->e6065258-5a2c-4a72-9f81-ed1321f551ca@group-13364FE26125, cid=2655, SUCCESS, logIndex=4360, commits[e6065258-5a2c-4a72-9f81-ed1321f551ca:c4362]
2019-06-14 09:09:42,739 INFO  client.GrpcClientProtocolClient (GrpcClientProtocolClient.java:onNext(254)) - client-C0E347E82FC5->e6065258-5a2c-4a72-9f81-ed1321f551ca: receive RaftClientReply:client-C0E347E82FC5->e6065258-5a2c-4a72-9f81-ed1321f551ca@group-13364FE26125, cid=2656, SUCCESS, logIndex=4361, commits[e6065258-5a2c-4a72-9f81-ed1321f551ca:c4362]
2019-06-14 09:09:42,751 INFO  client.GrpcClientProtocolClient (GrpcClientProtocolClient.java:onNext(254)) - client-C0E347E82FC5->e6065258-5a2c-4a72-9f81-ed1321f551ca: receive RaftClientReply:client-C0E347E82FC5->e6065258-5a2c-4a72-9f81-ed1321f551ca@group-13364FE26125, cid=2657, SUCCESS, logIndex=4363, commits[e6065258-5a2c-4a72-9f81-ed1321f551ca:c4363]
2019-06-14 09:09:42,754 INFO  client.GrpcClientProtocolClient (GrpcClientProtocolClient.java:onNext(254)) - client-C0E347E82FC5->e6065258-5a2c-4a72-9f81-ed1321f551ca: receive RaftClientReply:client-C0E347E82FC5->e6065258-5a2c-4a72-9f81-ed1321f551ca@group-13364FE26125, cid=2658, SUCCESS, logIndex=4365, commits[e6065258-5a2c-4a72-9f81-ed1321f551ca:c4365]
2019-06-14 09:09:42,754 INFO  client.GrpcClientProtocolClient (GrpcClientProtocolClient.java:onNext(254)) - client-C0E347E82FC5->e6065258-5a2c-4a72-9f81-ed1321f551ca: receive RaftClientReply:client-C0E347E82FC5->e6065258-5a2c-4a72-9f81-ed1321f551ca@group-13364FE26125, cid=2659, SUCCESS, logIndex=4366, commits[e6065258-5a2c-4a72-9f81-ed1321f551ca:c4368]
2019-06-14 09:09:42,754 INFO  client.GrpcClientProtocolClient (GrpcClientProtocolClient.java:onNext(254)) - client-C0E347E82FC5->e6065258-5a2c-4a72-9f81-ed1321f551ca: receive RaftClientReply:client-C0E347E82FC5->e6065258-5a2c-4a72-9f81-ed1321f551ca@group-13364FE26125, cid=2660, SUCCESS, logIndex=4367, commits[e6065258-5a2c-4a72-9f81-ed1321f551ca:c4368]
2019-06-14 09:09:42,758 DEBUG block.SCMBlockDeletingService (SCMBlockDeletingService.java:call(138)) - Running DeletedBlockTransactionScanner
2019-06-14 09:09:42,758 DEBUG block.SCMBlockDeletingService (SCMBlockDeletingService.java:call(155)) - Scanned deleted blocks log and got 0 delTX to process.
2019-06-14 09:09:42,760 INFO  client.GrpcClientProtocolClient (GrpcClientProtocolClient.java:onNext(254)) - client-C0E347E82FC5->e6065258-5a2c-4a72-9f81-ed1321f551ca: receive RaftClientReply:client-C0E347E82FC5->e6065258-5a2c-4a72-9f81-ed1321f551ca@group-13364FE26125, cid=2661, SUCCESS, logIndex=4369, commits[e6065258-5a2c-4a72-9f81-ed1321f551ca:c4369]
2019-06-14 09:09:42,761 INFO  client.GrpcClientProtocolClient (GrpcClientProtocolClient.java:onNext(254)) - client-C0E347E82FC5->e6065258-5a2c-4a72-9f81-ed1321f551ca: receive RaftClientReply:client-C0E347E82FC5->e6065258-5a2c-4a72-9f81-ed1321f551ca@group-13364FE26125, cid=2662, SUCCESS, logIndex=4371, commits[e6065258-5a2c-4a72-9f81-ed1321f551ca:c4371]
2019-06-14 09:09:42,762 INFO  client.GrpcClientProtocolClient (GrpcClientProtocolClient.java:onNext(254)) - client-C0E347E82FC5->e6065258-5a2c-4a72-9f81-ed1321f551ca: receive RaftClientReply:client-C0E347E82FC5->e6065258-5a2c-4a72-9f81-ed1321f551ca@group-13364FE26125, cid=2663, SUCCESS, logIndex=4372, commits[e6065258-5a2c-4a72-9f81-ed1321f551ca:c4374]
2019-06-14 09:09:42,762 INFO  client.GrpcClientProtocolClient (GrpcClientProtocolClient.java:onNext(254)) - client-C0E347E82FC5->e6065258-5a2c-4a72-9f81-ed1321f551ca: receive RaftClientReply:client-C0E347E82FC5->e6065258-5a2c-4a72-9f81-ed1321f551ca@group-13364FE26125, cid=2664, SUCCESS, logIndex=4373, commits[e6065258-5a2c-4a72-9f81-ed1321f551ca:c4374]
2019-06-14 09:09:42,772 INFO  client.GrpcClientProtocolClient (GrpcClientProtocolClient.java:onNext(254)) - client-C0E347E82FC5->e6065258-5a2c-4a72-9f81-ed1321f551ca: receive RaftClientReply:client-C0E347E82FC5->e6065258-5a2c-4a72-9f81-ed1321f551ca@group-13364FE26125, cid=2665, SUCCESS, logIndex=4375, commits[e6065258-5a2c-4a72-9f81-ed1321f551ca:c4375]
2019-06-14 09:09:42,773 INFO  client.GrpcClientProtocolClient (GrpcClientProtocolClient.java:onNext(254)) - client-C0E347E82FC5->e6065258-5a2c-4a72-9f81-ed1321f551ca: receive RaftClientReply:client-C0E347E82FC5->e6065258-5a2c-4a72-9f81-ed1321f551ca@group-13364FE26125, cid=2666, SUCCESS, logIndex=4377, commits[e6065258-5a2c-4a72-9f81-ed1321f551ca:c4377]
2019-06-14 09:09:42,775 INFO  client.GrpcClientProtocolClient (GrpcClientProtocolClient.java:onNext(254)) - client-C0E347E82FC5->e6065258-5a2c-4a72-9f81-ed1321f551ca: receive RaftClientReply:client-C0E347E82FC5->e6065258-5a2c-4a72-9f81-ed1321f551ca@group-13364FE26125, cid=2667, SUCCESS, logIndex=4379, commits[e6065258-5a2c-4a72-9f81-ed1321f551ca:c4380]
2019-06-14 09:09:42,776 INFO  client.GrpcClientProtocolClient (GrpcClientProtocolClient.java:onNext(254)) - client-C0E347E82FC5->e6065258-5a2c-4a72-9f81-ed1321f551ca: receive RaftClientReply:client-C0E347E82FC5->e6065258-5a2c-4a72-9f81-ed1321f551ca@group-13364FE26125, cid=2668, SUCCESS, logIndex=4380, commits[e6065258-5a2c-4a72-9f81-ed1321f551ca:c4380]
2019-06-14 09:09:42,778 INFO  storage.RaftLogWorker (RaftLogWorker.java:rollLogSegment(303)) - e6065258-5a2c-4a72-9f81-ed1321f551ca-RaftLogWorker: Rolling segment log-4312_4381 to index:4381
2019-06-14 09:09:42,779 INFO  storage.RaftLogWorker (RaftLogWorker.java:execute(433)) - e6065258-5a2c-4a72-9f81-ed1321f551ca-RaftLogWorker: Rolled log segment from /opt/src/hadoop-ozone/integration-test/target/test-dir/MiniOzoneClusterImpl-a56da109-a1cb-4168-8966-62306f2f2d23/datanode-0/data/ratis/920138aa-6f47-4d6d-b5cc-13364fe26125/current/log_inprogress_4312 to /opt/src/hadoop-ozone/integration-test/target/test-dir/MiniOzoneClusterImpl-a56da109-a1cb-4168-8966-62306f2f2d23/datanode-0/data/ratis/920138aa-6f47-4d6d-b5cc-13364fe26125/current/log_4312-4381
2019-06-14 09:09:42,822 INFO  storage.RaftLogWorker (RaftLogWorker.java:execute(469)) - e6065258-5a2c-4a72-9f81-ed1321f551ca-RaftLogWorker: created new log segment /opt/src/hadoop-ozone/integration-test/target/test-dir/MiniOzoneClusterImpl-a56da109-a1cb-4168-8966-62306f2f2d23/datanode-0/data/ratis/920138aa-6f47-4d6d-b5cc-13364fe26125/current/log_inprogress_4382
2019-06-14 09:09:42,823 INFO  client.GrpcClientProtocolClient (GrpcClientProtocolClient.java:onNext(254)) - client-C0E347E82FC5->e6065258-5a2c-4a72-9f81-ed1321f551ca: receive RaftClientReply:client-C0E347E82FC5->e6065258-5a2c-4a72-9f81-ed1321f551ca@group-13364FE26125, cid=2669, SUCCESS, logIndex=4382, commits[e6065258-5a2c-4a72-9f81-ed1321f551ca:c4382]
2019-06-14 09:09:42,825 INFO  client.GrpcClientProtocolClient (GrpcClientProtocolClient.java:onNext(254)) - client-C0E347E82FC5->e6065258-5a2c-4a72-9f81-ed1321f551ca: receive RaftClientReply:client-C0E347E82FC5->e6065258-5a2c-4a72-9f81-ed1321f551ca@group-13364FE26125, cid=2670, SUCCESS, logIndex=4384, commits[e6065258-5a2c-4a72-9f81-ed1321f551ca:c4384]
2019-06-14 09:09:42,826 INFO  client.GrpcClientProtocolClient (GrpcClientProtocolClient.java:onNext(254)) - client-C0E347E82FC5->e6065258-5a2c-4a72-9f81-ed1321f551ca: receive RaftClientReply:client-C0E347E82FC5->e6065258-5a2c-4a72-9f81-ed1321f551ca@group-13364FE26125, cid=2671, SUCCESS, logIndex=4385, commits[e6065258-5a2c-4a72-9f81-ed1321f551ca:c4386]
2019-06-14 09:09:42,826 INFO  client.GrpcClientProtocolClient (GrpcClientProtocolClient.java:onNext(254)) - client-C0E347E82FC5->e6065258-5a2c-4a72-9f81-ed1321f551ca: receive RaftClientReply:client-C0E347E82FC5->e6065258-5a2c-4a72-9f81-ed1321f551ca@group-13364FE26125, cid=2672, SUCCESS, logIndex=4386, commits[e6065258-5a2c-4a72-9f81-ed1321f551ca:c4386]
2019-06-14 09:09:42,837 INFO  client.GrpcClientProtocolClient (GrpcClientProtocolClient.java:onNext(254)) - client-C0E347E82FC5->e6065258-5a2c-4a72-9f81-ed1321f551ca: receive RaftClientReply:client-C0E347E82FC5->e6065258-5a2c-4a72-9f81-ed1321f551ca@group-13364FE26125, cid=2673, SUCCESS, logIndex=4389, commits[e6065258-5a2c-4a72-9f81-ed1321f551ca:c4389]
2019-06-14 09:09:42,838 INFO  client.GrpcClientProtocolClient (GrpcClientProtocolClient.java:onNext(254)) - client-C0E347E82FC5->e6065258-5a2c-4a72-9f81-ed1321f551ca: receive RaftClientReply:client-C0E347E82FC5->e6065258-5a2c-4a72-9f81-ed1321f551ca@group-13364FE26125, cid=2674, SUCCESS, logIndex=4391, commits[e6065258-5a2c-4a72-9f81-ed1321f551ca:c4391]
2019-06-14 09:09:42,839 INFO  client.GrpcClientProtocolClient (GrpcClientProtocolClient.java:onNext(254)) - client-C0E347E82FC5->e6065258-5a2c-4a72-9f81-ed1321f551ca: receive RaftClientReply:client-C0E347E82FC5->e6065258-5a2c-4a72-9f81-ed1321f551ca@group-13364FE26125, cid=2675, SUCCESS, logIndex=4392, commits[e6065258-5a2c-4a72-9f81-ed1321f551ca:c4394]
2019-06-14 09:09:42,839 INFO  client.GrpcClientProtocolClient (GrpcClientProtocolClient.java:onNext(254)) - client-C0E347E82FC5->e6065258-5a2c-4a72-9f81-ed1321f551ca: receive RaftClientReply:client-C0E347E82FC5->e6065258-5a2c-4a72-9f81-ed1321f551ca@group-13364FE26125, cid=2676, SUCCESS, logIndex=4393, commits[e6065258-5a2c-4a72-9f81-ed1321f551ca:c4394]
2019-06-14 09:09:42,844 INFO  client.GrpcClientProtocolClient (GrpcClientProtocolClient.java:onNext(254)) - client-C0E347E82FC5->e6065258-5a2c-4a72-9f81-ed1321f551ca: receive RaftClientReply:client-C0E347E82FC5->e6065258-5a2c-4a72-9f81-ed1321f551ca@group-13364FE26125, cid=2677, SUCCESS, logIndex=4395, commits[e6065258-5a2c-4a72-9f81-ed1321f551ca:c4395]
2019-06-14 09:09:42,845 INFO  client.GrpcClientProtocolClient (GrpcClientProtocolClient.java:onNext(254)) - client-C0E347E82FC5->e6065258-5a2c-4a72-9f81-ed1321f551ca: receive RaftClientReply:client-C0E347E82FC5->e6065258-5a2c-4a72-9f81-ed1321f551ca@group-13364FE26125, cid=2678, SUCCESS, logIndex=4397, commits[e6065258-5a2c-4a72-9f81-ed1321f551ca:c4397]
2019-06-14 09:09:42,846 INFO  client.GrpcClientProtocolClient (GrpcClientProtocolClient.java:onNext(254)) - client-C0E347E82FC5->e6065258-5a2c-4a72-9f81-ed1321f551ca: receive RaftClientReply:client-C0E347E82FC5->e6065258-5a2c-4a72-9f81-ed1321f551ca@group-13364FE26125, cid=2679, SUCCESS, logIndex=4398, commits[e6065258-5a2c-4a72-9f81-ed1321f551ca:c4400]
2019-06-14 09:09:42,846 INFO  client.GrpcClientProtocolClient (GrpcClientProtocolClient.java:onNext(254)) - client-C0E347E82FC5->e6065258-5a2c-4a72-9f81-ed1321f551ca: receive RaftClientReply:client-C0E347E82FC5->e6065258-5a2c-4a72-9f81-ed1321f551ca@group-13364FE26125, cid=2680, SUCCESS, logIndex=4399, commits[e6065258-5a2c-4a72-9f81-ed1321f551ca:c4400]
2019-06-14 09:09:42,856 INFO  client.GrpcClientProtocolClient (GrpcClientProtocolClient.java:onNext(254)) - client-C0E347E82FC5->e6065258-5a2c-4a72-9f81-ed1321f551ca: receive RaftClientReply:client-C0E347E82FC5->e6065258-5a2c-4a72-9f81-ed1321f551ca@group-13364FE26125, cid=2681, SUCCESS, logIndex=4401, commits[e6065258-5a2c-4a72-9f81-ed1321f551ca:c4401]
2019-06-14 09:09:42,858 INFO  client.GrpcClientProtocolClient (GrpcClientProtocolClient.java:onNext(254)) - client-C0E347E82FC5->e6065258-5a2c-4a72-9f81-ed1321f551ca: receive RaftClientReply:client-C0E347E82FC5->e6065258-5a2c-4a72-9f81-ed1321f551ca@group-13364FE26125, cid=2682, SUCCESS, logIndex=4403, commits[e6065258-5a2c-4a72-9f81-ed1321f551ca:c4405]
2019-06-14 09:09:42,858 DEBUG block.SCMBlockDeletingService (SCMBlockDeletingService.java:call(138)) - Running DeletedBlockTransactionScanner
2019-06-14 09:09:42,859 DEBUG block.SCMBlockDeletingService (SCMBlockDeletingService.java:call(155)) - Scanned deleted blocks log and got 0 delTX to process.
2019-06-14 09:09:42,859 INFO  client.GrpcClientProtocolClient (GrpcClientProtocolClient.java:onNext(254)) - client-C0E347E82FC5->e6065258-5a2c-4a72-9f81-ed1321f551ca: receive RaftClientReply:client-C0E347E82FC5->e6065258-5a2c-4a72-9f81-ed1321f551ca@group-13364FE26125, cid=2683, SUCCESS, logIndex=4404, commits[e6065258-5a2c-4a72-9f81-ed1321f551ca:c4405]
2019-06-14 09:09:42,859 INFO  client.GrpcClientProtocolClient (GrpcClientProtocolClient.java:onNext(254)) - client-C0E347E82FC5->e6065258-5a2c-4a72-9f81-ed1321f551ca: receive RaftClientReply:client-C0E347E82FC5->e6065258-5a2c-4a72-9f81-ed1321f551ca@group-13364FE26125, cid=2684, SUCCESS, logIndex=4405, commits[e6065258-5a2c-4a72-9f81-ed1321f551ca:c4406]
2019-06-14 09:09:42,864 INFO  client.GrpcClientProtocolClient (GrpcClientProtocolClient.java:onNext(254)) - client-C0E347E82FC5->e6065258-5a2c-4a72-9f81-ed1321f551ca: receive RaftClientReply:client-C0E347E82FC5->e6065258-5a2c-4a72-9f81-ed1321f551ca@group-13364FE26125, cid=2685, SUCCESS, logIndex=4407, commits[e6065258-5a2c-4a72-9f81-ed1321f551ca:c4407]
2019-06-14 09:09:42,866 INFO  client.GrpcClientProtocolClient (GrpcClientProtocolClient.java:onNext(254)) - client-C0E347E82FC5->e6065258-5a2c-4a72-9f81-ed1321f551ca: receive RaftClientReply:client-C0E347E82FC5->e6065258-5a2c-4a72-9f81-ed1321f551ca@group-13364FE26125, cid=2686, SUCCESS, logIndex=4409, commits[e6065258-5a2c-4a72-9f81-ed1321f551ca:c4409]
2019-06-14 09:09:42,866 INFO  client.GrpcClientProtocolClient (GrpcClientProtocolClient.java:onNext(254)) - client-C0E347E82FC5->e6065258-5a2c-4a72-9f81-ed1321f551ca: receive RaftClientReply:client-C0E347E82FC5->e6065258-5a2c-4a72-9f81-ed1321f551ca@group-13364FE26125, cid=2687, SUCCESS, logIndex=4410, commits[e6065258-5a2c-4a72-9f81-ed1321f551ca:c4410]
2019-06-14 09:09:42,867 INFO  client.GrpcClientProtocolClient (GrpcClientProtocolClient.java:onNext(254)) - client-C0E347E82FC5->e6065258-5a2c-4a72-9f81-ed1321f551ca: receive RaftClientReply:client-C0E347E82FC5->e6065258-5a2c-4a72-9f81-ed1321f551ca@group-13364FE26125, cid=2688, SUCCESS, logIndex=4412, commits[e6065258-5a2c-4a72-9f81-ed1321f551ca:c4412]
2019-06-14 09:09:42,882 INFO  client.GrpcClientProtocolClient (GrpcClientProtocolClient.java:onNext(254)) - client-C0E347E82FC5->e6065258-5a2c-4a72-9f81-ed1321f551ca: receive RaftClientReply:client-C0E347E82FC5->e6065258-5a2c-4a72-9f81-ed1321f551ca@group-13364FE26125, cid=2689, SUCCESS, logIndex=4415, commits[e6065258-5a2c-4a72-9f81-ed1321f551ca:c4415]
2019-06-14 09:09:42,889 INFO  client.GrpcClientProtocolClient (GrpcClientProtocolClient.java:onNext(254)) - client-C0E347E82FC5->e6065258-5a2c-4a72-9f81-ed1321f551ca: receive RaftClientReply:client-C0E347E82FC5->e6065258-5a2c-4a72-9f81-ed1321f551ca@group-13364FE26125, cid=2690, SUCCESS, logIndex=4417, commits[e6065258-5a2c-4a72-9f81-ed1321f551ca:c4417]
2019-06-14 09:09:42,890 INFO  client.GrpcClientProtocolClient (GrpcClientProtocolClient.java:onNext(254)) - client-C0E347E82FC5->e6065258-5a2c-4a72-9f81-ed1321f551ca: receive RaftClientReply:client-C0E347E82FC5->e6065258-5a2c-4a72-9f81-ed1321f551ca@group-13364FE26125, cid=2691, SUCCESS, logIndex=4418, commits[e6065258-5a2c-4a72-9f81-ed1321f551ca:c4420]
2019-06-14 09:09:42,890 INFO  client.GrpcClientProtocolClient (GrpcClientProtocolClient.java:onNext(254)) - client-C0E347E82FC5->e6065258-5a2c-4a72-9f81-ed1321f551ca: receive RaftClientReply:client-C0E347E82FC5->e6065258-5a2c-4a72-9f81-ed1321f551ca@group-13364FE26125, cid=2692, SUCCESS, logIndex=4420, commits[e6065258-5a2c-4a72-9f81-ed1321f551ca:c4421]
2019-06-14 09:09:42,895 INFO  client.GrpcClientProtocolClient (GrpcClientProtocolClient.java:onNext(254)) - client-C0E347E82FC5->e6065258-5a2c-4a72-9f81-ed1321f551ca: receive RaftClientReply:client-C0E347E82FC5->e6065258-5a2c-4a72-9f81-ed1321f551ca@group-13364FE26125, cid=2693, SUCCESS, logIndex=4422, commits[e6065258-5a2c-4a72-9f81-ed1321f551ca:c4422]
2019-06-14 09:09:42,896 INFO  client.GrpcClientProtocolClient (GrpcClientProtocolClient.java:onNext(254)) - client-C0E347E82FC5->e6065258-5a2c-4a72-9f81-ed1321f551ca: receive RaftClientReply:client-C0E347E82FC5->e6065258-5a2c-4a72-9f81-ed1321f551ca@group-13364FE26125, cid=2694, SUCCESS, logIndex=4424, commits[e6065258-5a2c-4a72-9f81-ed1321f551ca:c4424]
2019-06-14 09:09:42,898 INFO  client.GrpcClientProtocolClient (GrpcClientProtocolClient.java:onNext(254)) - client-C0E347E82FC5->e6065258-5a2c-4a72-9f81-ed1321f551ca: receive RaftClientReply:client-C0E347E82FC5->e6065258-5a2c-4a72-9f81-ed1321f551ca@group-13364FE26125, cid=2695, SUCCESS, logIndex=4425, commits[e6065258-5a2c-4a72-9f81-ed1321f551ca:c4427]
2019-06-14 09:09:42,898 INFO  client.GrpcClientProtocolClient (GrpcClientProtocolClient.java:onNext(254)) - client-C0E347E82FC5->e6065258-5a2c-4a72-9f81-ed1321f551ca: receive RaftClientReply:client-C0E347E82FC5->e6065258-5a2c-4a72-9f81-ed1321f551ca@group-13364FE26125, cid=2696, SUCCESS, logIndex=4426, commits[e6065258-5a2c-4a72-9f81-ed1321f551ca:c4427]
2019-06-14 09:09:42,959 DEBUG block.SCMBlockDeletingService (SCMBlockDeletingService.java:call(138)) - Running DeletedBlockTransactionScanner
2019-06-14 09:09:42,959 DEBUG block.SCMBlockDeletingService (SCMBlockDeletingService.java:call(155)) - Scanned deleted blocks log and got 0 delTX to process.
2019-06-14 09:09:42,973 INFO  client.GrpcClientProtocolClient (GrpcClientProtocolClient.java:onNext(254)) - client-C0E347E82FC5->e6065258-5a2c-4a72-9f81-ed1321f551ca: receive RaftClientReply:client-C0E347E82FC5->e6065258-5a2c-4a72-9f81-ed1321f551ca@group-13364FE26125, cid=2697, SUCCESS, logIndex=4428, commits[e6065258-5a2c-4a72-9f81-ed1321f551ca:c4428]
2019-06-14 09:09:42,974 INFO  client.GrpcClientProtocolClient (GrpcClientProtocolClient.java:onNext(254)) - client-C0E347E82FC5->e6065258-5a2c-4a72-9f81-ed1321f551ca: receive RaftClientReply:client-C0E347E82FC5->e6065258-5a2c-4a72-9f81-ed1321f551ca@group-13364FE26125, cid=2698, SUCCESS, logIndex=4430, commits[e6065258-5a2c-4a72-9f81-ed1321f551ca:c4430]
2019-06-14 09:09:42,975 INFO  client.GrpcClientProtocolClient (GrpcClientProtocolClient.java:onNext(254)) - client-C0E347E82FC5->e6065258-5a2c-4a72-9f81-ed1321f551ca: receive RaftClientReply:client-C0E347E82FC5->e6065258-5a2c-4a72-9f81-ed1321f551ca@group-13364FE26125, cid=2699, SUCCESS, logIndex=4431, commits[e6065258-5a2c-4a72-9f81-ed1321f551ca:c4433]
2019-06-14 09:09:42,975 INFO  client.GrpcClientProtocolClient (GrpcClientProtocolClient.java:onNext(254)) - client-C0E347E82FC5->e6065258-5a2c-4a72-9f81-ed1321f551ca: receive RaftClientReply:client-C0E347E82FC5->e6065258-5a2c-4a72-9f81-ed1321f551ca@group-13364FE26125, cid=2700, SUCCESS, logIndex=4432, commits[e6065258-5a2c-4a72-9f81-ed1321f551ca:c4433]
2019-06-14 09:09:42,980 INFO  client.GrpcClientProtocolClient (GrpcClientProtocolClient.java:onNext(254)) - client-C0E347E82FC5->e6065258-5a2c-4a72-9f81-ed1321f551ca: receive RaftClientReply:client-C0E347E82FC5->e6065258-5a2c-4a72-9f81-ed1321f551ca@group-13364FE26125, cid=2701, SUCCESS, logIndex=4434, commits[e6065258-5a2c-4a72-9f81-ed1321f551ca:c4434]
2019-06-14 09:09:42,982 INFO  client.GrpcClientProtocolClient (GrpcClientProtocolClient.java:onNext(254)) - client-C0E347E82FC5->e6065258-5a2c-4a72-9f81-ed1321f551ca: receive RaftClientReply:client-C0E347E82FC5->e6065258-5a2c-4a72-9f81-ed1321f551ca@group-13364FE26125, cid=2702, SUCCESS, logIndex=4436, commits[e6065258-5a2c-4a72-9f81-ed1321f551ca:c4436]
2019-06-14 09:09:42,984 INFO  client.GrpcClientProtocolClient (GrpcClientProtocolClient.java:onNext(254)) - client-C0E347E82FC5->e6065258-5a2c-4a72-9f81-ed1321f551ca: receive RaftClientReply:client-C0E347E82FC5->e6065258-5a2c-4a72-9f81-ed1321f551ca@group-13364FE26125, cid=2703, SUCCESS, logIndex=4438, commits[e6065258-5a2c-4a72-9f81-ed1321f551ca:c4438]
2019-06-14 09:09:42,984 INFO  client.GrpcClientProtocolClient (GrpcClientProtocolClient.java:onNext(254)) - client-C0E347E82FC5->e6065258-5a2c-4a72-9f81-ed1321f551ca: receive RaftClientReply:client-C0E347E82FC5->e6065258-5a2c-4a72-9f81-ed1321f551ca@group-13364FE26125, cid=2704, SUCCESS, logIndex=4439, commits[e6065258-5a2c-4a72-9f81-ed1321f551ca:c4439]
2019-06-14 09:09:42,993 INFO  client.GrpcClientProtocolClient (GrpcClientProtocolClient.java:onNext(254)) - client-C0E347E82FC5->e6065258-5a2c-4a72-9f81-ed1321f551ca: receive RaftClientReply:client-C0E347E82FC5->e6065258-5a2c-4a72-9f81-ed1321f551ca@group-13364FE26125, cid=2705, SUCCESS, logIndex=4442, commits[e6065258-5a2c-4a72-9f81-ed1321f551ca:c4442]
2019-06-14 09:09:42,994 INFO  client.GrpcClientProtocolClient (GrpcClientProtocolClient.java:onNext(254)) - client-C0E347E82FC5->e6065258-5a2c-4a72-9f81-ed1321f551ca: receive RaftClientReply:client-C0E347E82FC5->e6065258-5a2c-4a72-9f81-ed1321f551ca@group-13364FE26125, cid=2706, SUCCESS, logIndex=4444, commits[e6065258-5a2c-4a72-9f81-ed1321f551ca:c4444]
2019-06-14 09:09:42,996 INFO  client.GrpcClientProtocolClient (GrpcClientProtocolClient.java:onNext(254)) - client-C0E347E82FC5->e6065258-5a2c-4a72-9f81-ed1321f551ca: receive RaftClientReply:client-C0E347E82FC5->e6065258-5a2c-4a72-9f81-ed1321f551ca@group-13364FE26125, cid=2707, SUCCESS, logIndex=4445, commits[e6065258-5a2c-4a72-9f81-ed1321f551ca:c4447]
2019-06-14 09:09:42,996 INFO  client.GrpcClientProtocolClient (GrpcClientProtocolClient.java:onNext(254)) - client-C0E347E82FC5->e6065258-5a2c-4a72-9f81-ed1321f551ca: receive RaftClientReply:client-C0E347E82FC5->e6065258-5a2c-4a72-9f81-ed1321f551ca@group-13364FE26125, cid=2708, SUCCESS, logIndex=4446, commits[e6065258-5a2c-4a72-9f81-ed1321f551ca:c4447]
2019-06-14 09:09:43,001 INFO  client.GrpcClientProtocolClient (GrpcClientProtocolClient.java:onNext(254)) - client-C0E347E82FC5->e6065258-5a2c-4a72-9f81-ed1321f551ca: receive RaftClientReply:client-C0E347E82FC5->e6065258-5a2c-4a72-9f81-ed1321f551ca@group-13364FE26125, cid=2709, SUCCESS, logIndex=4448, commits[e6065258-5a2c-4a72-9f81-ed1321f551ca:c4448]
2019-06-14 09:09:43,001 INFO  storage.RaftLogWorker (RaftLogWorker.java:rollLogSegment(303)) - e6065258-5a2c-4a72-9f81-ed1321f551ca-RaftLogWorker: Rolling segment log-4382_4451 to index:4451
2019-06-14 09:09:43,002 INFO  client.GrpcClientProtocolClient (GrpcClientProtocolClient.java:onNext(254)) - client-C0E347E82FC5->e6065258-5a2c-4a72-9f81-ed1321f551ca: receive RaftClientReply:client-C0E347E82FC5->e6065258-5a2c-4a72-9f81-ed1321f551ca@group-13364FE26125, cid=2710, SUCCESS, logIndex=4450, commits[e6065258-5a2c-4a72-9f81-ed1321f551ca:c4450]
2019-06-14 09:09:43,002 INFO  storage.RaftLogWorker (RaftLogWorker.java:execute(433)) - e6065258-5a2c-4a72-9f81-ed1321f551ca-RaftLogWorker: Rolled log segment from /opt/src/hadoop-ozone/integration-test/target/test-dir/MiniOzoneClusterImpl-a56da109-a1cb-4168-8966-62306f2f2d23/datanode-0/data/ratis/920138aa-6f47-4d6d-b5cc-13364fe26125/current/log_inprogress_4382 to /opt/src/hadoop-ozone/integration-test/target/test-dir/MiniOzoneClusterImpl-a56da109-a1cb-4168-8966-62306f2f2d23/datanode-0/data/ratis/920138aa-6f47-4d6d-b5cc-13364fe26125/current/log_4382-4451
2019-06-14 09:09:43,014 INFO  client.GrpcClientProtocolClient (GrpcClientProtocolClient.java:onNext(254)) - client-C0E347E82FC5->e6065258-5a2c-4a72-9f81-ed1321f551ca: receive RaftClientReply:client-C0E347E82FC5->e6065258-5a2c-4a72-9f81-ed1321f551ca@group-13364FE26125, cid=2711, SUCCESS, logIndex=4451, commits[e6065258-5a2c-4a72-9f81-ed1321f551ca:c4451]
2019-06-14 09:09:43,038 INFO  storage.RaftLogWorker (RaftLogWorker.java:execute(469)) - e6065258-5a2c-4a72-9f81-ed1321f551ca-RaftLogWorker: created new log segment /opt/src/hadoop-ozone/integration-test/target/test-dir/MiniOzoneClusterImpl-a56da109-a1cb-4168-8966-62306f2f2d23/datanode-0/data/ratis/920138aa-6f47-4d6d-b5cc-13364fe26125/current/log_inprogress_4452
2019-06-14 09:09:43,039 INFO  client.GrpcClientProtocolClient (GrpcClientProtocolClient.java:onNext(254)) - client-C0E347E82FC5->e6065258-5a2c-4a72-9f81-ed1321f551ca: receive RaftClientReply:client-C0E347E82FC5->e6065258-5a2c-4a72-9f81-ed1321f551ca@group-13364FE26125, cid=2712, SUCCESS, logIndex=4452, commits[e6065258-5a2c-4a72-9f81-ed1321f551ca:c4454]
2019-06-14 09:09:43,049 INFO  client.GrpcClientProtocolClient (GrpcClientProtocolClient.java:onNext(254)) - client-C0E347E82FC5->e6065258-5a2c-4a72-9f81-ed1321f551ca: receive RaftClientReply:client-C0E347E82FC5->e6065258-5a2c-4a72-9f81-ed1321f551ca@group-13364FE26125, cid=2713, SUCCESS, logIndex=4455, commits[e6065258-5a2c-4a72-9f81-ed1321f551ca:c4455]
2019-06-14 09:09:43,051 INFO  client.GrpcClientProtocolClient (GrpcClientProtocolClient.java:onNext(254)) - client-C0E347E82FC5->e6065258-5a2c-4a72-9f81-ed1321f551ca: receive RaftClientReply:client-C0E347E82FC5->e6065258-5a2c-4a72-9f81-ed1321f551ca@group-13364FE26125, cid=2714, SUCCESS, logIndex=4457, commits[e6065258-5a2c-4a72-9f81-ed1321f551ca:c4457]
2019-06-14 09:09:43,052 INFO  client.GrpcClientProtocolClient (GrpcClientProtocolClient.java:onNext(254)) - client-C0E347E82FC5->e6065258-5a2c-4a72-9f81-ed1321f551ca: receive RaftClientReply:client-C0E347E82FC5->e6065258-5a2c-4a72-9f81-ed1321f551ca@group-13364FE26125, cid=2715, SUCCESS, logIndex=4458, commits[e6065258-5a2c-4a72-9f81-ed1321f551ca:c4459]
2019-06-14 09:09:43,055 INFO  client.GrpcClientProtocolClient (GrpcClientProtocolClient.java:onNext(254)) - client-C0E347E82FC5->e6065258-5a2c-4a72-9f81-ed1321f551ca: receive RaftClientReply:client-C0E347E82FC5->e6065258-5a2c-4a72-9f81-ed1321f551ca@group-13364FE26125, cid=2716, SUCCESS, logIndex=4459, commits[e6065258-5a2c-4a72-9f81-ed1321f551ca:c4460]
2019-06-14 09:09:43,059 DEBUG block.SCMBlockDeletingService (SCMBlockDeletingService.java:call(138)) - Running DeletedBlockTransactionScanner
2019-06-14 09:09:43,059 DEBUG block.SCMBlockDeletingService (SCMBlockDeletingService.java:call(155)) - Scanned deleted blocks log and got 0 delTX to process.
2019-06-14 09:09:43,061 INFO  client.GrpcClientProtocolClient (GrpcClientProtocolClient.java:onNext(254)) - client-C0E347E82FC5->e6065258-5a2c-4a72-9f81-ed1321f551ca: receive RaftClientReply:client-C0E347E82FC5->e6065258-5a2c-4a72-9f81-ed1321f551ca@group-13364FE26125, cid=2717, SUCCESS, logIndex=4462, commits[e6065258-5a2c-4a72-9f81-ed1321f551ca:c4462]
2019-06-14 09:09:43,063 INFO  client.GrpcClientProtocolClient (GrpcClientProtocolClient.java:onNext(254)) - client-C0E347E82FC5->e6065258-5a2c-4a72-9f81-ed1321f551ca: receive RaftClientReply:client-C0E347E82FC5->e6065258-5a2c-4a72-9f81-ed1321f551ca@group-13364FE26125, cid=2718, SUCCESS, logIndex=4464, commits[e6065258-5a2c-4a72-9f81-ed1321f551ca:c4464]
2019-06-14 09:09:43,065 INFO  client.GrpcClientProtocolClient (GrpcClientProtocolClient.java:onNext(254)) - client-C0E347E82FC5->e6065258-5a2c-4a72-9f81-ed1321f551ca: receive RaftClientReply:client-C0E347E82FC5->e6065258-5a2c-4a72-9f81-ed1321f551ca@group-13364FE26125, cid=2719, SUCCESS, logIndex=4465, commits[e6065258-5a2c-4a72-9f81-ed1321f551ca:c4467]
2019-06-14 09:09:43,065 INFO  client.GrpcClientProtocolClient (GrpcClientProtocolClient.java:onNext(254)) - client-C0E347E82FC5->e6065258-5a2c-4a72-9f81-ed1321f551ca: receive RaftClientReply:client-C0E347E82FC5->e6065258-5a2c-4a72-9f81-ed1321f551ca@group-13364FE26125, cid=2720, SUCCESS, logIndex=4466, commits[e6065258-5a2c-4a72-9f81-ed1321f551ca:c4467]
2019-06-14 09:09:43,076 INFO  client.GrpcClientProtocolClient (GrpcClientProtocolClient.java:onNext(254)) - client-C0E347E82FC5->e6065258-5a2c-4a72-9f81-ed1321f551ca: receive RaftClientReply:client-C0E347E82FC5->e6065258-5a2c-4a72-9f81-ed1321f551ca@group-13364FE26125, cid=2721, SUCCESS, logIndex=4468, commits[e6065258-5a2c-4a72-9f81-ed1321f551ca:c4468]
2019-06-14 09:09:43,077 INFO  client.GrpcClientProtocolClient (GrpcClientProtocolClient.java:onNext(254)) - client-C0E347E82FC5->e6065258-5a2c-4a72-9f81-ed1321f551ca: receive RaftClientReply:client-C0E347E82FC5->e6065258-5a2c-4a72-9f81-ed1321f551ca@group-13364FE26125, cid=2722, SUCCESS, logIndex=4470, commits[e6065258-5a2c-4a72-9f81-ed1321f551ca:c4470]
2019-06-14 09:09:43,079 INFO  client.GrpcClientProtocolClient (GrpcClientProtocolClient.java:onNext(254)) - client-C0E347E82FC5->e6065258-5a2c-4a72-9f81-ed1321f551ca: receive RaftClientReply:client-C0E347E82FC5->e6065258-5a2c-4a72-9f81-ed1321f551ca@group-13364FE26125, cid=2723, SUCCESS, logIndex=4471, commits[e6065258-5a2c-4a72-9f81-ed1321f551ca:c4473]
2019-06-14 09:09:43,079 INFO  client.GrpcClientProtocolClient (GrpcClientProtocolClient.java:onNext(254)) - client-C0E347E82FC5->e6065258-5a2c-4a72-9f81-ed1321f551ca: receive RaftClientReply:client-C0E347E82FC5->e6065258-5a2c-4a72-9f81-ed1321f551ca@group-13364FE26125, cid=2724, SUCCESS, logIndex=4472, commits[e6065258-5a2c-4a72-9f81-ed1321f551ca:c4473]
2019-06-14 09:09:43,084 INFO  client.GrpcClientProtocolClient (GrpcClientProtocolClient.java:onNext(254)) - client-C0E347E82FC5->e6065258-5a2c-4a72-9f81-ed1321f551ca: receive RaftClientReply:client-C0E347E82FC5->e6065258-5a2c-4a72-9f81-ed1321f551ca@group-13364FE26125, cid=2725, SUCCESS, logIndex=4474, commits[e6065258-5a2c-4a72-9f81-ed1321f551ca:c4474]
2019-06-14 09:09:43,086 INFO  client.GrpcClientProtocolClient (GrpcClientProtocolClient.java:onNext(254)) - client-C0E347E82FC5->e6065258-5a2c-4a72-9f81-ed1321f551ca: receive RaftClientReply:client-C0E347E82FC5->e6065258-5a2c-4a72-9f81-ed1321f551ca@group-13364FE26125, cid=2726, SUCCESS, logIndex=4476, commits[e6065258-5a2c-4a72-9f81-ed1321f551ca:c4476]
2019-06-14 09:09:43,086 INFO  client.GrpcClientProtocolClient (GrpcClientProtocolClient.java:onNext(254)) - client-C0E347E82FC5->e6065258-5a2c-4a72-9f81-ed1321f551ca: receive RaftClientReply:client-C0E347E82FC5->e6065258-5a2c-4a72-9f81-ed1321f551ca@group-13364FE26125, cid=2727, SUCCESS, logIndex=4477, commits[e6065258-5a2c-4a72-9f81-ed1321f551ca:c4479]
2019-06-14 09:09:43,087 INFO  client.GrpcClientProtocolClient (GrpcClientProtocolClient.java:onNext(254)) - client-C0E347E82FC5->e6065258-5a2c-4a72-9f81-ed1321f551ca: receive RaftClientReply:client-C0E347E82FC5->e6065258-5a2c-4a72-9f81-ed1321f551ca@group-13364FE26125, cid=2728, SUCCESS, logIndex=4478, commits[e6065258-5a2c-4a72-9f81-ed1321f551ca:c4479]
2019-06-14 09:09:43,096 INFO  client.GrpcClientProtocolClient (GrpcClientProtocolClient.java:onNext(254)) - client-C0E347E82FC5->e6065258-5a2c-4a72-9f81-ed1321f551ca: receive RaftClientReply:client-C0E347E82FC5->e6065258-5a2c-4a72-9f81-ed1321f551ca@group-13364FE26125, cid=2729, SUCCESS, logIndex=4480, commits[e6065258-5a2c-4a72-9f81-ed1321f551ca:c4480]
2019-06-14 09:09:43,097 INFO  client.GrpcClientProtocolClient (GrpcClientProtocolClient.java:onNext(254)) - client-C0E347E82FC5->e6065258-5a2c-4a72-9f81-ed1321f551ca: receive RaftClientReply:client-C0E347E82FC5->e6065258-5a2c-4a72-9f81-ed1321f551ca@group-13364FE26125, cid=2730, SUCCESS, logIndex=4482, commits[e6065258-5a2c-4a72-9f81-ed1321f551ca:c4482]
2019-06-14 09:09:43,098 INFO  client.GrpcClientProtocolClient (GrpcClientProtocolClient.java:onNext(254)) - client-C0E347E82FC5->e6065258-5a2c-4a72-9f81-ed1321f551ca: receive RaftClientReply:client-C0E347E82FC5->e6065258-5a2c-4a72-9f81-ed1321f551ca@group-13364FE26125, cid=2731, SUCCESS, logIndex=4483, commits[e6065258-5a2c-4a72-9f81-ed1321f551ca:c4485]
2019-06-14 09:09:43,098 INFO  client.GrpcClientProtocolClient (GrpcClientProtocolClient.java:onNext(254)) - client-C0E347E82FC5->e6065258-5a2c-4a72-9f81-ed1321f551ca: receive RaftClientReply:client-C0E347E82FC5->e6065258-5a2c-4a72-9f81-ed1321f551ca@group-13364FE26125, cid=2732, SUCCESS, logIndex=4484, commits[e6065258-5a2c-4a72-9f81-ed1321f551ca:c4485]
2019-06-14 09:09:43,103 INFO  client.GrpcClientProtocolClient (GrpcClientProtocolClient.java:onNext(254)) - client-C0E347E82FC5->e6065258-5a2c-4a72-9f81-ed1321f551ca: receive RaftClientReply:client-C0E347E82FC5->e6065258-5a2c-4a72-9f81-ed1321f551ca@group-13364FE26125, cid=2733, SUCCESS, logIndex=4486, commits[e6065258-5a2c-4a72-9f81-ed1321f551ca:c4486]
2019-06-14 09:09:43,105 INFO  client.GrpcClientProtocolClient (GrpcClientProtocolClient.java:onNext(254)) - client-C0E347E82FC5->e6065258-5a2c-4a72-9f81-ed1321f551ca: receive RaftClientReply:client-C0E347E82FC5->e6065258-5a2c-4a72-9f81-ed1321f551ca@group-13364FE26125, cid=2734, SUCCESS, logIndex=4488, commits[e6065258-5a2c-4a72-9f81-ed1321f551ca:c4488]
2019-06-14 09:09:43,106 INFO  client.GrpcClientProtocolClient (GrpcClientProtocolClient.java:onNext(254)) - client-C0E347E82FC5->e6065258-5a2c-4a72-9f81-ed1321f551ca: receive RaftClientReply:client-C0E347E82FC5->e6065258-5a2c-4a72-9f81-ed1321f551ca@group-13364FE26125, cid=2735, SUCCESS, logIndex=4489, commits[e6065258-5a2c-4a72-9f81-ed1321f551ca:c4491]
2019-06-14 09:09:43,106 INFO  client.GrpcClientProtocolClient (GrpcClientProtocolClient.java:onNext(254)) - client-C0E347E82FC5->e6065258-5a2c-4a72-9f81-ed1321f551ca: receive RaftClientReply:client-C0E347E82FC5->e6065258-5a2c-4a72-9f81-ed1321f551ca@group-13364FE26125, cid=2736, SUCCESS, logIndex=4490, commits[e6065258-5a2c-4a72-9f81-ed1321f551ca:c4491]
2019-06-14 09:09:43,114 INFO  client.GrpcClientProtocolClient (GrpcClientProtocolClient.java:onNext(254)) - client-C0E347E82FC5->e6065258-5a2c-4a72-9f81-ed1321f551ca: receive RaftClientReply:client-C0E347E82FC5->e6065258-5a2c-4a72-9f81-ed1321f551ca@group-13364FE26125, cid=2737, SUCCESS, logIndex=4492, commits[e6065258-5a2c-4a72-9f81-ed1321f551ca:c4492]
2019-06-14 09:09:43,115 INFO  client.GrpcClientProtocolClient (GrpcClientProtocolClient.java:onNext(254)) - client-C0E347E82FC5->e6065258-5a2c-4a72-9f81-ed1321f551ca: receive RaftClientReply:client-C0E347E82FC5->e6065258-5a2c-4a72-9f81-ed1321f551ca@group-13364FE26125, cid=2738, SUCCESS, logIndex=4494, commits[e6065258-5a2c-4a72-9f81-ed1321f551ca:c4494]
2019-06-14 09:09:43,117 INFO  client.GrpcClientProtocolClient (GrpcClientProtocolClient.java:onNext(254)) - client-C0E347E82FC5->e6065258-5a2c-4a72-9f81-ed1321f551ca: receive RaftClientReply:client-C0E347E82FC5->e6065258-5a2c-4a72-9f81-ed1321f551ca@group-13364FE26125, cid=2739, SUCCESS, logIndex=4495, commits[e6065258-5a2c-4a72-9f81-ed1321f551ca:c4497]
2019-06-14 09:09:43,117 INFO  client.GrpcClientProtocolClient (GrpcClientProtocolClient.java:onNext(254)) - client-C0E347E82FC5->e6065258-5a2c-4a72-9f81-ed1321f551ca: receive RaftClientReply:client-C0E347E82FC5->e6065258-5a2c-4a72-9f81-ed1321f551ca@group-13364FE26125, cid=2740, SUCCESS, logIndex=4496, commits[e6065258-5a2c-4a72-9f81-ed1321f551ca:c4497]
2019-06-14 09:09:43,160 DEBUG block.SCMBlockDeletingService (SCMBlockDeletingService.java:call(138)) - Running DeletedBlockTransactionScanner
2019-06-14 09:09:43,160 DEBUG block.SCMBlockDeletingService (SCMBlockDeletingService.java:call(155)) - Scanned deleted blocks log and got 0 delTX to process.
2019-06-14 09:09:43,231 INFO  client.GrpcClientProtocolClient (GrpcClientProtocolClient.java:onNext(254)) - client-C0E347E82FC5->e6065258-5a2c-4a72-9f81-ed1321f551ca: receive RaftClientReply:client-C0E347E82FC5->e6065258-5a2c-4a72-9f81-ed1321f551ca@group-13364FE26125, cid=2741, SUCCESS, logIndex=4498, commits[e6065258-5a2c-4a72-9f81-ed1321f551ca:c4498]
2019-06-14 09:09:43,232 INFO  client.GrpcClientProtocolClient (GrpcClientProtocolClient.java:onNext(254)) - client-C0E347E82FC5->e6065258-5a2c-4a72-9f81-ed1321f551ca: receive RaftClientReply:client-C0E347E82FC5->e6065258-5a2c-4a72-9f81-ed1321f551ca@group-13364FE26125, cid=2742, SUCCESS, logIndex=4500, commits[e6065258-5a2c-4a72-9f81-ed1321f551ca:c4500]
2019-06-14 09:09:43,233 INFO  client.GrpcClientProtocolClient (GrpcClientProtocolClient.java:onNext(254)) - client-C0E347E82FC5->e6065258-5a2c-4a72-9f81-ed1321f551ca: receive RaftClientReply:client-C0E347E82FC5->e6065258-5a2c-4a72-9f81-ed1321f551ca@group-13364FE26125, cid=2743, SUCCESS, logIndex=4501, commits[e6065258-5a2c-4a72-9f81-ed1321f551ca:c4503]
2019-06-14 09:09:43,234 INFO  client.GrpcClientProtocolClient (GrpcClientProtocolClient.java:onNext(254)) - client-C0E347E82FC5->e6065258-5a2c-4a72-9f81-ed1321f551ca: receive RaftClientReply:client-C0E347E82FC5->e6065258-5a2c-4a72-9f81-ed1321f551ca@group-13364FE26125, cid=2744, SUCCESS, logIndex=4502, commits[e6065258-5a2c-4a72-9f81-ed1321f551ca:c4503]
2019-06-14 09:09:43,243 INFO  client.GrpcClientProtocolClient (GrpcClientProtocolClient.java:onNext(254)) - client-C0E347E82FC5->e6065258-5a2c-4a72-9f81-ed1321f551ca: receive RaftClientReply:client-C0E347E82FC5->e6065258-5a2c-4a72-9f81-ed1321f551ca@group-13364FE26125, cid=2745, SUCCESS, logIndex=4504, commits[e6065258-5a2c-4a72-9f81-ed1321f551ca:c4504]
2019-06-14 09:09:43,244 INFO  client.GrpcClientProtocolClient (GrpcClientProtocolClient.java:onNext(254)) - client-C0E347E82FC5->e6065258-5a2c-4a72-9f81-ed1321f551ca: receive RaftClientReply:client-C0E347E82FC5->e6065258-5a2c-4a72-9f81-ed1321f551ca@group-13364FE26125, cid=2746, SUCCESS, logIndex=4506, commits[e6065258-5a2c-4a72-9f81-ed1321f551ca:c4506]
2019-06-14 09:09:43,245 INFO  client.GrpcClientProtocolClient (GrpcClientProtocolClient.java:onNext(254)) - client-C0E347E82FC5->e6065258-5a2c-4a72-9f81-ed1321f551ca: receive RaftClientReply:client-C0E347E82FC5->e6065258-5a2c-4a72-9f81-ed1321f551ca@group-13364FE26125, cid=2747, SUCCESS, logIndex=4507, commits[e6065258-5a2c-4a72-9f81-ed1321f551ca:c4509]
2019-06-14 09:09:43,245 INFO  client.GrpcClientProtocolClient (GrpcClientProtocolClient.java:onNext(254)) - client-C0E347E82FC5->e6065258-5a2c-4a72-9f81-ed1321f551ca: receive RaftClientReply:client-C0E347E82FC5->e6065258-5a2c-4a72-9f81-ed1321f551ca@group-13364FE26125, cid=2748, SUCCESS, logIndex=4509, commits[e6065258-5a2c-4a72-9f81-ed1321f551ca:c4509]
2019-06-14 09:09:43,250 INFO  client.GrpcClientProtocolClient (GrpcClientProtocolClient.java:onNext(254)) - client-C0E347E82FC5->e6065258-5a2c-4a72-9f81-ed1321f551ca: receive RaftClientReply:client-C0E347E82FC5->e6065258-5a2c-4a72-9f81-ed1321f551ca@group-13364FE26125, cid=2749, SUCCESS, logIndex=4511, commits[e6065258-5a2c-4a72-9f81-ed1321f551ca:c4511]
2019-06-14 09:09:43,252 INFO  client.GrpcClientProtocolClient (GrpcClientProtocolClient.java:onNext(254)) - client-C0E347E82FC5->e6065258-5a2c-4a72-9f81-ed1321f551ca: receive RaftClientReply:client-C0E347E82FC5->e6065258-5a2c-4a72-9f81-ed1321f551ca@group-13364FE26125, cid=2750, SUCCESS, logIndex=4513, commits[e6065258-5a2c-4a72-9f81-ed1321f551ca:c4513]
2019-06-14 09:09:43,253 INFO  client.GrpcClientProtocolClient (GrpcClientProtocolClient.java:onNext(254)) - client-C0E347E82FC5->e6065258-5a2c-4a72-9f81-ed1321f551ca: receive RaftClientReply:client-C0E347E82FC5->e6065258-5a2c-4a72-9f81-ed1321f551ca@group-13364FE26125, cid=2751, SUCCESS, logIndex=4514, commits[e6065258-5a2c-4a72-9f81-ed1321f551ca:c4515]
2019-06-14 09:09:43,253 INFO  client.GrpcClientProtocolClient (GrpcClientProtocolClient.java:onNext(254)) - client-C0E347E82FC5->e6065258-5a2c-4a72-9f81-ed1321f551ca: receive RaftClientReply:client-C0E347E82FC5->e6065258-5a2c-4a72-9f81-ed1321f551ca@group-13364FE26125, cid=2752, SUCCESS, logIndex=4515, commits[e6065258-5a2c-4a72-9f81-ed1321f551ca:c4515]
2019-06-14 09:09:43,260 DEBUG block.SCMBlockDeletingService (SCMBlockDeletingService.java:call(138)) - Running DeletedBlockTransactionScanner
2019-06-14 09:09:43,260 DEBUG block.SCMBlockDeletingService (SCMBlockDeletingService.java:call(155)) - Scanned deleted blocks log and got 0 delTX to process.
2019-06-14 09:09:43,268 INFO  client.GrpcClientProtocolClient (GrpcClientProtocolClient.java:onNext(254)) - client-C0E347E82FC5->e6065258-5a2c-4a72-9f81-ed1321f551ca: receive RaftClientReply:client-C0E347E82FC5->e6065258-5a2c-4a72-9f81-ed1321f551ca@group-13364FE26125, cid=2753, SUCCESS, logIndex=4518, commits[e6065258-5a2c-4a72-9f81-ed1321f551ca:c4518]
2019-06-14 09:09:43,268 INFO  storage.RaftLogWorker (RaftLogWorker.java:rollLogSegment(303)) - e6065258-5a2c-4a72-9f81-ed1321f551ca-RaftLogWorker: Rolling segment log-4452_4520 to index:4520
2019-06-14 09:09:43,268 INFO  storage.RaftLogWorker (RaftLogWorker.java:execute(433)) - e6065258-5a2c-4a72-9f81-ed1321f551ca-RaftLogWorker: Rolled log segment from /opt/src/hadoop-ozone/integration-test/target/test-dir/MiniOzoneClusterImpl-a56da109-a1cb-4168-8966-62306f2f2d23/datanode-0/data/ratis/920138aa-6f47-4d6d-b5cc-13364fe26125/current/log_inprogress_4452 to /opt/src/hadoop-ozone/integration-test/target/test-dir/MiniOzoneClusterImpl-a56da109-a1cb-4168-8966-62306f2f2d23/datanode-0/data/ratis/920138aa-6f47-4d6d-b5cc-13364fe26125/current/log_4452-4520
2019-06-14 09:09:43,270 INFO  client.GrpcClientProtocolClient (GrpcClientProtocolClient.java:onNext(254)) - client-C0E347E82FC5->e6065258-5a2c-4a72-9f81-ed1321f551ca: receive RaftClientReply:client-C0E347E82FC5->e6065258-5a2c-4a72-9f81-ed1321f551ca@group-13364FE26125, cid=2754, SUCCESS, logIndex=4520, commits[e6065258-5a2c-4a72-9f81-ed1321f551ca:c4520]
2019-06-14 09:09:43,304 INFO  storage.RaftLogWorker (RaftLogWorker.java:execute(469)) - e6065258-5a2c-4a72-9f81-ed1321f551ca-RaftLogWorker: created new log segment /opt/src/hadoop-ozone/integration-test/target/test-dir/MiniOzoneClusterImpl-a56da109-a1cb-4168-8966-62306f2f2d23/datanode-0/data/ratis/920138aa-6f47-4d6d-b5cc-13364fe26125/current/log_inprogress_4521
2019-06-14 09:09:43,305 INFO  client.GrpcClientProtocolClient (GrpcClientProtocolClient.java:onNext(254)) - client-C0E347E82FC5->e6065258-5a2c-4a72-9f81-ed1321f551ca: receive RaftClientReply:client-C0E347E82FC5->e6065258-5a2c-4a72-9f81-ed1321f551ca@group-13364FE26125, cid=2755, SUCCESS, logIndex=4521, commits[e6065258-5a2c-4a72-9f81-ed1321f551ca:c4523]
2019-06-14 09:09:43,306 INFO  client.GrpcClientProtocolClient (GrpcClientProtocolClient.java:onNext(254)) - client-C0E347E82FC5->e6065258-5a2c-4a72-9f81-ed1321f551ca: receive RaftClientReply:client-C0E347E82FC5->e6065258-5a2c-4a72-9f81-ed1321f551ca@group-13364FE26125, cid=2756, SUCCESS, logIndex=4522, commits[e6065258-5a2c-4a72-9f81-ed1321f551ca:c4523]
2019-06-14 09:09:43,311 INFO  client.GrpcClientProtocolClient (GrpcClientProtocolClient.java:onNext(254)) - client-C0E347E82FC5->e6065258-5a2c-4a72-9f81-ed1321f551ca: receive RaftClientReply:client-C0E347E82FC5->e6065258-5a2c-4a72-9f81-ed1321f551ca@group-13364FE26125, cid=2757, SUCCESS, logIndex=4524, commits[e6065258-5a2c-4a72-9f81-ed1321f551ca:c4524]
2019-06-14 09:09:43,312 INFO  client.GrpcClientProtocolClient (GrpcClientProtocolClient.java:onNext(254)) - client-C0E347E82FC5->e6065258-5a2c-4a72-9f81-ed1321f551ca: receive RaftClientReply:client-C0E347E82FC5->e6065258-5a2c-4a72-9f81-ed1321f551ca@group-13364FE26125, cid=2758, SUCCESS, logIndex=4526, commits[e6065258-5a2c-4a72-9f81-ed1321f551ca:c4526]
2019-06-14 09:09:43,314 INFO  client.GrpcClientProtocolClient (GrpcClientProtocolClient.java:onNext(254)) - client-C0E347E82FC5->e6065258-5a2c-4a72-9f81-ed1321f551ca: receive RaftClientReply:client-C0E347E82FC5->e6065258-5a2c-4a72-9f81-ed1321f551ca@group-13364FE26125, cid=2759, SUCCESS, logIndex=4527, commits[e6065258-5a2c-4a72-9f81-ed1321f551ca:c4529]
2019-06-14 09:09:43,314 INFO  client.GrpcClientProtocolClient (GrpcClientProtocolClient.java:onNext(254)) - client-C0E347E82FC5->e6065258-5a2c-4a72-9f81-ed1321f551ca: receive RaftClientReply:client-C0E347E82FC5->e6065258-5a2c-4a72-9f81-ed1321f551ca@group-13364FE26125, cid=2760, SUCCESS, logIndex=4528, commits[e6065258-5a2c-4a72-9f81-ed1321f551ca:c4529]
2019-06-14 09:09:43,324 INFO  client.GrpcClientProtocolClient (GrpcClientProtocolClient.java:onNext(254)) - client-C0E347E82FC5->e6065258-5a2c-4a72-9f81-ed1321f551ca: receive RaftClientReply:client-C0E347E82FC5->e6065258-5a2c-4a72-9f81-ed1321f551ca@group-13364FE26125, cid=2761, SUCCESS, logIndex=4530, commits[e6065258-5a2c-4a72-9f81-ed1321f551ca:c4530]
2019-06-14 09:09:43,326 INFO  client.GrpcClientProtocolClient (GrpcClientProtocolClient.java:onNext(254)) - client-C0E347E82FC5->e6065258-5a2c-4a72-9f81-ed1321f551ca: receive RaftClientReply:client-C0E347E82FC5->e6065258-5a2c-4a72-9f81-ed1321f551ca@group-13364FE26125, cid=2762, SUCCESS, logIndex=4532, commits[e6065258-5a2c-4a72-9f81-ed1321f551ca:c4532]
2019-06-14 09:09:43,327 INFO  client.GrpcClientProtocolClient (GrpcClientProtocolClient.java:onNext(254)) - client-C0E347E82FC5->e6065258-5a2c-4a72-9f81-ed1321f551ca: receive RaftClientReply:client-C0E347E82FC5->e6065258-5a2c-4a72-9f81-ed1321f551ca@group-13364FE26125, cid=2763, SUCCESS, logIndex=4533, commits[e6065258-5a2c-4a72-9f81-ed1321f551ca:c4534]
2019-06-14 09:09:43,327 INFO  client.GrpcClientProtocolClient (GrpcClientProtocolClient.java:onNext(254)) - client-C0E347E82FC5->e6065258-5a2c-4a72-9f81-ed1321f551ca: receive RaftClientReply:client-C0E347E82FC5->e6065258-5a2c-4a72-9f81-ed1321f551ca@group-13364FE26125, cid=2764, SUCCESS, logIndex=4534, commits[e6065258-5a2c-4a72-9f81-ed1321f551ca:c4534]
2019-06-14 09:09:43,333 INFO  client.GrpcClientProtocolClient (GrpcClientProtocolClient.java:onNext(254)) - client-C0E347E82FC5->e6065258-5a2c-4a72-9f81-ed1321f551ca: receive RaftClientReply:client-C0E347E82FC5->e6065258-5a2c-4a72-9f81-ed1321f551ca@group-13364FE26125, cid=2765, SUCCESS, logIndex=4537, commits[e6065258-5a2c-4a72-9f81-ed1321f551ca:c4537]
2019-06-14 09:09:43,334 INFO  client.GrpcClientProtocolClient (GrpcClientProtocolClient.java:onNext(254)) - client-C0E347E82FC5->e6065258-5a2c-4a72-9f81-ed1321f551ca: receive RaftClientReply:client-C0E347E82FC5->e6065258-5a2c-4a72-9f81-ed1321f551ca@group-13364FE26125, cid=2766, SUCCESS, logIndex=4539, commits[e6065258-5a2c-4a72-9f81-ed1321f551ca:c4539]
2019-06-14 09:09:43,335 INFO  client.GrpcClientProtocolClient (GrpcClientProtocolClient.java:onNext(254)) - client-C0E347E82FC5->e6065258-5a2c-4a72-9f81-ed1321f551ca: receive RaftClientReply:client-C0E347E82FC5->e6065258-5a2c-4a72-9f81-ed1321f551ca@group-13364FE26125, cid=2767, SUCCESS, logIndex=4540, commits[e6065258-5a2c-4a72-9f81-ed1321f551ca:c4542]
2019-06-14 09:09:43,335 INFO  client.GrpcClientProtocolClient (GrpcClientProtocolClient.java:onNext(254)) - client-C0E347E82FC5->e6065258-5a2c-4a72-9f81-ed1321f551ca: receive RaftClientReply:client-C0E347E82FC5->e6065258-5a2c-4a72-9f81-ed1321f551ca@group-13364FE26125, cid=2768, SUCCESS, logIndex=4541, commits[e6065258-5a2c-4a72-9f81-ed1321f551ca:c4542]
2019-06-14 09:09:43,344 INFO  client.GrpcClientProtocolClient (GrpcClientProtocolClient.java:onNext(254)) - client-C0E347E82FC5->e6065258-5a2c-4a72-9f81-ed1321f551ca: receive RaftClientReply:client-C0E347E82FC5->e6065258-5a2c-4a72-9f81-ed1321f551ca@group-13364FE26125, cid=2769, SUCCESS, logIndex=4543, commits[e6065258-5a2c-4a72-9f81-ed1321f551ca:c4543]
2019-06-14 09:09:43,345 INFO  client.GrpcClientProtocolClient (GrpcClientProtocolClient.java:onNext(254)) - client-C0E347E82FC5->e6065258-5a2c-4a72-9f81-ed1321f551ca: receive RaftClientReply:client-C0E347E82FC5->e6065258-5a2c-4a72-9f81-ed1321f551ca@group-13364FE26125, cid=2770, SUCCESS, logIndex=4545, commits[e6065258-5a2c-4a72-9f81-ed1321f551ca:c4545]
2019-06-14 09:09:43,346 INFO  client.GrpcClientProtocolClient (GrpcClientProtocolClient.java:onNext(254)) - client-C0E347E82FC5->e6065258-5a2c-4a72-9f81-ed1321f551ca: receive RaftClientReply:client-C0E347E82FC5->e6065258-5a2c-4a72-9f81-ed1321f551ca@group-13364FE26125, cid=2771, SUCCESS, logIndex=4546, commits[e6065258-5a2c-4a72-9f81-ed1321f551ca:c4548]
2019-06-14 09:09:43,346 INFO  client.GrpcClientProtocolClient (GrpcClientProtocolClient.java:onNext(254)) - client-C0E347E82FC5->e6065258-5a2c-4a72-9f81-ed1321f551ca: receive RaftClientReply:client-C0E347E82FC5->e6065258-5a2c-4a72-9f81-ed1321f551ca@group-13364FE26125, cid=2772, SUCCESS, logIndex=4547, commits[e6065258-5a2c-4a72-9f81-ed1321f551ca:c4548]
2019-06-14 09:09:43,351 INFO  client.GrpcClientProtocolClient (GrpcClientProtocolClient.java:onNext(254)) - client-C0E347E82FC5->e6065258-5a2c-4a72-9f81-ed1321f551ca: receive RaftClientReply:client-C0E347E82FC5->e6065258-5a2c-4a72-9f81-ed1321f551ca@group-13364FE26125, cid=2773, SUCCESS, logIndex=4549, commits[e6065258-5a2c-4a72-9f81-ed1321f551ca:c4549]
2019-06-14 09:09:43,352 INFO  client.GrpcClientProtocolClient (GrpcClientProtocolClient.java:onNext(254)) - client-C0E347E82FC5->e6065258-5a2c-4a72-9f81-ed1321f551ca: receive RaftClientReply:client-C0E347E82FC5->e6065258-5a2c-4a72-9f81-ed1321f551ca@group-13364FE26125, cid=2774, SUCCESS, logIndex=4551, commits[e6065258-5a2c-4a72-9f81-ed1321f551ca:c4551]
2019-06-14 09:09:43,353 INFO  client.GrpcClientProtocolClient (GrpcClientProtocolClient.java:onNext(254)) - client-C0E347E82FC5->e6065258-5a2c-4a72-9f81-ed1321f551ca: receive RaftClientReply:client-C0E347E82FC5->e6065258-5a2c-4a72-9f81-ed1321f551ca@group-13364FE26125, cid=2775, SUCCESS, logIndex=4552, commits[e6065258-5a2c-4a72-9f81-ed1321f551ca:c4554]
2019-06-14 09:09:43,353 INFO  client.GrpcClientProtocolClient (GrpcClientProtocolClient.java:onNext(254)) - client-C0E347E82FC5->e6065258-5a2c-4a72-9f81-ed1321f551ca: receive RaftClientReply:client-C0E347E82FC5->e6065258-5a2c-4a72-9f81-ed1321f551ca@group-13364FE26125, cid=2776, SUCCESS, logIndex=4553, commits[e6065258-5a2c-4a72-9f81-ed1321f551ca:c4554]
2019-06-14 09:09:43,360 DEBUG block.SCMBlockDeletingService (SCMBlockDeletingService.java:call(138)) - Running DeletedBlockTransactionScanner
2019-06-14 09:09:43,361 DEBUG block.SCMBlockDeletingService (SCMBlockDeletingService.java:call(155)) - Scanned deleted blocks log and got 0 delTX to process.
2019-06-14 09:09:43,362 INFO  client.GrpcClientProtocolClient (GrpcClientProtocolClient.java:onNext(254)) - client-C0E347E82FC5->e6065258-5a2c-4a72-9f81-ed1321f551ca: receive RaftClientReply:client-C0E347E82FC5->e6065258-5a2c-4a72-9f81-ed1321f551ca@group-13364FE26125, cid=2777, SUCCESS, logIndex=4555, commits[e6065258-5a2c-4a72-9f81-ed1321f551ca:c4555]
2019-06-14 09:09:43,364 INFO  client.GrpcClientProtocolClient (GrpcClientProtocolClient.java:onNext(254)) - client-C0E347E82FC5->e6065258-5a2c-4a72-9f81-ed1321f551ca: receive RaftClientReply:client-C0E347E82FC5->e6065258-5a2c-4a72-9f81-ed1321f551ca@group-13364FE26125, cid=2778, SUCCESS, logIndex=4557, commits[e6065258-5a2c-4a72-9f81-ed1321f551ca:c4557]
2019-06-14 09:09:43,364 INFO  client.GrpcClientProtocolClient (GrpcClientProtocolClient.java:onNext(254)) - client-C0E347E82FC5->e6065258-5a2c-4a72-9f81-ed1321f551ca: receive RaftClientReply:client-C0E347E82FC5->e6065258-5a2c-4a72-9f81-ed1321f551ca@group-13364FE26125, cid=2779, SUCCESS, logIndex=4558, commits[e6065258-5a2c-4a72-9f81-ed1321f551ca:c4560]
2019-06-14 09:09:43,365 INFO  client.GrpcClientProtocolClient (GrpcClientProtocolClient.java:onNext(254)) - client-C0E347E82FC5->e6065258-5a2c-4a72-9f81-ed1321f551ca: receive RaftClientReply:client-C0E347E82FC5->e6065258-5a2c-4a72-9f81-ed1321f551ca@group-13364FE26125, cid=2780, SUCCESS, logIndex=4559, commits[e6065258-5a2c-4a72-9f81-ed1321f551ca:c4560]
2019-06-14 09:09:43,369 INFO  client.GrpcClientProtocolClient (GrpcClientProtocolClient.java:onNext(254)) - client-C0E347E82FC5->e6065258-5a2c-4a72-9f81-ed1321f551ca: receive RaftClientReply:client-C0E347E82FC5->e6065258-5a2c-4a72-9f81-ed1321f551ca@group-13364FE26125, cid=2781, SUCCESS, logIndex=4561, commits[e6065258-5a2c-4a72-9f81-ed1321f551ca:c4561]
2019-06-14 09:09:43,371 INFO  client.GrpcClientProtocolClient (GrpcClientProtocolClient.java:onNext(254)) - client-C0E347E82FC5->e6065258-5a2c-4a72-9f81-ed1321f551ca: receive RaftClientReply:client-C0E347E82FC5->e6065258-5a2c-4a72-9f81-ed1321f551ca@group-13364FE26125, cid=2782, SUCCESS, logIndex=4563, commits[e6065258-5a2c-4a72-9f81-ed1321f551ca:c4563]
2019-06-14 09:09:43,372 INFO  client.GrpcClientProtocolClient (GrpcClientProtocolClient.java:onNext(254)) - client-C0E347E82FC5->e6065258-5a2c-4a72-9f81-ed1321f551ca: receive RaftClientReply:client-C0E347E82FC5->e6065258-5a2c-4a72-9f81-ed1321f551ca@group-13364FE26125, cid=2783, SUCCESS, logIndex=4564, commits[e6065258-5a2c-4a72-9f81-ed1321f551ca:c4566]
2019-06-14 09:09:43,372 INFO  client.GrpcClientProtocolClient (GrpcClientProtocolClient.java:onNext(254)) - client-C0E347E82FC5->e6065258-5a2c-4a72-9f81-ed1321f551ca: receive RaftClientReply:client-C0E347E82FC5->e6065258-5a2c-4a72-9f81-ed1321f551ca@group-13364FE26125, cid=2784, SUCCESS, logIndex=4565, commits[e6065258-5a2c-4a72-9f81-ed1321f551ca:c4566]
2019-06-14 09:09:43,448 INFO  client.GrpcClientProtocolClient (GrpcClientProtocolClient.java:onNext(254)) - client-C0E347E82FC5->e6065258-5a2c-4a72-9f81-ed1321f551ca: receive RaftClientReply:client-C0E347E82FC5->e6065258-5a2c-4a72-9f81-ed1321f551ca@group-13364FE26125, cid=2785, SUCCESS, logIndex=4567, commits[e6065258-5a2c-4a72-9f81-ed1321f551ca:c4567]
2019-06-14 09:09:43,449 INFO  client.GrpcClientProtocolClient (GrpcClientProtocolClient.java:onNext(254)) - client-C0E347E82FC5->e6065258-5a2c-4a72-9f81-ed1321f551ca: receive RaftClientReply:client-C0E347E82FC5->e6065258-5a2c-4a72-9f81-ed1321f551ca@group-13364FE26125, cid=2786, SUCCESS, logIndex=4569, commits[e6065258-5a2c-4a72-9f81-ed1321f551ca:c4569]
2019-06-14 09:09:43,450 INFO  client.GrpcClientProtocolClient (GrpcClientProtocolClient.java:onNext(254)) - client-C0E347E82FC5->e6065258-5a2c-4a72-9f81-ed1321f551ca: receive RaftClientReply:client-C0E347E82FC5->e6065258-5a2c-4a72-9f81-ed1321f551ca@group-13364FE26125, cid=2787, SUCCESS, logIndex=4570, commits[e6065258-5a2c-4a72-9f81-ed1321f551ca:c4572]
2019-06-14 09:09:43,450 INFO  client.GrpcClientProtocolClient (GrpcClientProtocolClient.java:onNext(254)) - client-C0E347E82FC5->e6065258-5a2c-4a72-9f81-ed1321f551ca: receive RaftClientReply:client-C0E347E82FC5->e6065258-5a2c-4a72-9f81-ed1321f551ca@group-13364FE26125, cid=2788, SUCCESS, logIndex=4571, commits[e6065258-5a2c-4a72-9f81-ed1321f551ca:c4572]
2019-06-14 09:09:43,455 INFO  client.GrpcClientProtocolClient (GrpcClientProtocolClient.java:onNext(254)) - client-C0E347E82FC5->e6065258-5a2c-4a72-9f81-ed1321f551ca: receive RaftClientReply:client-C0E347E82FC5->e6065258-5a2c-4a72-9f81-ed1321f551ca@group-13364FE26125, cid=2789, SUCCESS, logIndex=4573, commits[e6065258-5a2c-4a72-9f81-ed1321f551ca:c4573]
2019-06-14 09:09:43,456 INFO  client.GrpcClientProtocolClient (GrpcClientProtocolClient.java:onNext(254)) - client-C0E347E82FC5->e6065258-5a2c-4a72-9f81-ed1321f551ca: receive RaftClientReply:client-C0E347E82FC5->e6065258-5a2c-4a72-9f81-ed1321f551ca@group-13364FE26125, cid=2790, SUCCESS, logIndex=4575, commits[e6065258-5a2c-4a72-9f81-ed1321f551ca:c4575]
2019-06-14 09:09:43,457 INFO  client.GrpcClientProtocolClient (GrpcClientProtocolClient.java:onNext(254)) - client-C0E347E82FC5->e6065258-5a2c-4a72-9f81-ed1321f551ca: receive RaftClientReply:client-C0E347E82FC5->e6065258-5a2c-4a72-9f81-ed1321f551ca@group-13364FE26125, cid=2791, SUCCESS, logIndex=4576, commits[e6065258-5a2c-4a72-9f81-ed1321f551ca:c4578]
2019-06-14 09:09:43,457 INFO  client.GrpcClientProtocolClient (GrpcClientProtocolClient.java:onNext(254)) - client-C0E347E82FC5->e6065258-5a2c-4a72-9f81-ed1321f551ca: receive RaftClientReply:client-C0E347E82FC5->e6065258-5a2c-4a72-9f81-ed1321f551ca@group-13364FE26125, cid=2792, SUCCESS, logIndex=4577, commits[e6065258-5a2c-4a72-9f81-ed1321f551ca:c4578]
2019-06-14 09:09:43,461 DEBUG block.SCMBlockDeletingService (SCMBlockDeletingService.java:call(138)) - Running DeletedBlockTransactionScanner
2019-06-14 09:09:43,461 DEBUG block.SCMBlockDeletingService (SCMBlockDeletingService.java:call(155)) - Scanned deleted blocks log and got 0 delTX to process.
2019-06-14 09:09:43,466 INFO  client.GrpcClientProtocolClient (GrpcClientProtocolClient.java:onNext(254)) - client-C0E347E82FC5->e6065258-5a2c-4a72-9f81-ed1321f551ca: receive RaftClientReply:client-C0E347E82FC5->e6065258-5a2c-4a72-9f81-ed1321f551ca@group-13364FE26125, cid=2793, SUCCESS, logIndex=4579, commits[e6065258-5a2c-4a72-9f81-ed1321f551ca:c4579]
2019-06-14 09:09:43,467 INFO  client.GrpcClientProtocolClient (GrpcClientProtocolClient.java:onNext(254)) - client-C0E347E82FC5->e6065258-5a2c-4a72-9f81-ed1321f551ca: receive RaftClientReply:client-C0E347E82FC5->e6065258-5a2c-4a72-9f81-ed1321f551ca@group-13364FE26125, cid=2794, SUCCESS, logIndex=4581, commits[e6065258-5a2c-4a72-9f81-ed1321f551ca:c4581]
2019-06-14 09:09:43,468 INFO  client.GrpcClientProtocolClient (GrpcClientProtocolClient.java:onNext(254)) - client-C0E347E82FC5->e6065258-5a2c-4a72-9f81-ed1321f551ca: receive RaftClientReply:client-C0E347E82FC5->e6065258-5a2c-4a72-9f81-ed1321f551ca@group-13364FE26125, cid=2795, SUCCESS, logIndex=4582, commits[e6065258-5a2c-4a72-9f81-ed1321f551ca:c4584]
2019-06-14 09:09:43,468 INFO  client.GrpcClientProtocolClient (GrpcClientProtocolClient.java:onNext(254)) - client-C0E347E82FC5->e6065258-5a2c-4a72-9f81-ed1321f551ca: receive RaftClientReply:client-C0E347E82FC5->e6065258-5a2c-4a72-9f81-ed1321f551ca@group-13364FE26125, cid=2796, SUCCESS, logIndex=4583, commits[e6065258-5a2c-4a72-9f81-ed1321f551ca:c4584]
2019-06-14 09:09:43,473 INFO  client.GrpcClientProtocolClient (GrpcClientProtocolClient.java:onNext(254)) - client-C0E347E82FC5->e6065258-5a2c-4a72-9f81-ed1321f551ca: receive RaftClientReply:client-C0E347E82FC5->e6065258-5a2c-4a72-9f81-ed1321f551ca@group-13364FE26125, cid=2797, SUCCESS, logIndex=4585, commits[e6065258-5a2c-4a72-9f81-ed1321f551ca:c4585]
2019-06-14 09:09:43,473 INFO  storage.RaftLogWorker (RaftLogWorker.java:rollLogSegment(303)) - e6065258-5a2c-4a72-9f81-ed1321f551ca-RaftLogWorker: Rolling segment log-4521_4586 to index:4586
2019-06-14 09:09:43,473 INFO  storage.RaftLogWorker (RaftLogWorker.java:execute(433)) - e6065258-5a2c-4a72-9f81-ed1321f551ca-RaftLogWorker: Rolled log segment from /opt/src/hadoop-ozone/integration-test/target/test-dir/MiniOzoneClusterImpl-a56da109-a1cb-4168-8966-62306f2f2d23/datanode-0/data/ratis/920138aa-6f47-4d6d-b5cc-13364fe26125/current/log_inprogress_4521 to /opt/src/hadoop-ozone/integration-test/target/test-dir/MiniOzoneClusterImpl-a56da109-a1cb-4168-8966-62306f2f2d23/datanode-0/data/ratis/920138aa-6f47-4d6d-b5cc-13364fe26125/current/log_4521-4586
2019-06-14 09:09:43,508 INFO  storage.RaftLogWorker (RaftLogWorker.java:execute(469)) - e6065258-5a2c-4a72-9f81-ed1321f551ca-RaftLogWorker: created new log segment /opt/src/hadoop-ozone/integration-test/target/test-dir/MiniOzoneClusterImpl-a56da109-a1cb-4168-8966-62306f2f2d23/datanode-0/data/ratis/920138aa-6f47-4d6d-b5cc-13364fe26125/current/log_inprogress_4587
2019-06-14 09:09:43,510 INFO  client.GrpcClientProtocolClient (GrpcClientProtocolClient.java:onNext(254)) - client-C0E347E82FC5->e6065258-5a2c-4a72-9f81-ed1321f551ca: receive RaftClientReply:client-C0E347E82FC5->e6065258-5a2c-4a72-9f81-ed1321f551ca@group-13364FE26125, cid=2798, SUCCESS, logIndex=4587, commits[e6065258-5a2c-4a72-9f81-ed1321f551ca:c4589]
2019-06-14 09:09:43,510 INFO  client.GrpcClientProtocolClient (GrpcClientProtocolClient.java:onNext(254)) - client-C0E347E82FC5->e6065258-5a2c-4a72-9f81-ed1321f551ca: receive RaftClientReply:client-C0E347E82FC5->e6065258-5a2c-4a72-9f81-ed1321f551ca@group-13364FE26125, cid=2799, SUCCESS, logIndex=4588, commits[e6065258-5a2c-4a72-9f81-ed1321f551ca:c4590]
2019-06-14 09:09:43,511 INFO  client.GrpcClientProtocolClient (GrpcClientProtocolClient.java:onNext(254)) - client-C0E347E82FC5->e6065258-5a2c-4a72-9f81-ed1321f551ca: receive RaftClientReply:client-C0E347E82FC5->e6065258-5a2c-4a72-9f81-ed1321f551ca@group-13364FE26125, cid=2800, SUCCESS, logIndex=4589, commits[e6065258-5a2c-4a72-9f81-ed1321f551ca:c4590]
2019-06-14 09:09:43,520 INFO  client.GrpcClientProtocolClient (GrpcClientProtocolClient.java:onNext(254)) - client-C0E347E82FC5->e6065258-5a2c-4a72-9f81-ed1321f551ca: receive RaftClientReply:client-C0E347E82FC5->e6065258-5a2c-4a72-9f81-ed1321f551ca@group-13364FE26125, cid=2801, SUCCESS, logIndex=4591, commits[e6065258-5a2c-4a72-9f81-ed1321f551ca:c4591]
2019-06-14 09:09:43,522 INFO  client.GrpcClientProtocolClient (GrpcClientProtocolClient.java:onNext(254)) - client-C0E347E82FC5->e6065258-5a2c-4a72-9f81-ed1321f551ca: receive RaftClientReply:client-C0E347E82FC5->e6065258-5a2c-4a72-9f81-ed1321f551ca@group-13364FE26125, cid=2802, SUCCESS, logIndex=4593, commits[e6065258-5a2c-4a72-9f81-ed1321f551ca:c4593]
2019-06-14 09:09:43,525 INFO  client.GrpcClientProtocolClient (GrpcClientProtocolClient.java:onNext(254)) - client-C0E347E82FC5->e6065258-5a2c-4a72-9f81-ed1321f551ca: receive RaftClientReply:client-C0E347E82FC5->e6065258-5a2c-4a72-9f81-ed1321f551ca@group-13364FE26125, cid=2803, SUCCESS, logIndex=4595, commits[e6065258-5a2c-4a72-9f81-ed1321f551ca:c4596]
2019-06-14 09:09:43,525 INFO  client.GrpcClientProtocolClient (GrpcClientProtocolClient.java:onNext(254)) - client-C0E347E82FC5->e6065258-5a2c-4a72-9f81-ed1321f551ca: receive RaftClientReply:client-C0E347E82FC5->e6065258-5a2c-4a72-9f81-ed1321f551ca@group-13364FE26125, cid=2804, SUCCESS, logIndex=4596, commits[e6065258-5a2c-4a72-9f81-ed1321f551ca:c4596]
2019-06-14 09:09:43,530 INFO  client.GrpcClientProtocolClient (GrpcClientProtocolClient.java:onNext(254)) - client-C0E347E82FC5->e6065258-5a2c-4a72-9f81-ed1321f551ca: receive RaftClientReply:client-C0E347E82FC5->e6065258-5a2c-4a72-9f81-ed1321f551ca@group-13364FE26125, cid=2805, SUCCESS, logIndex=4598, commits[e6065258-5a2c-4a72-9f81-ed1321f551ca:c4598]
2019-06-14 09:09:43,531 INFO  client.GrpcClientProtocolClient (GrpcClientProtocolClient.java:onNext(254)) - client-C0E347E82FC5->e6065258-5a2c-4a72-9f81-ed1321f551ca: receive RaftClientReply:client-C0E347E82FC5->e6065258-5a2c-4a72-9f81-ed1321f551ca@group-13364FE26125, cid=2806, SUCCESS, logIndex=4600, commits[e6065258-5a2c-4a72-9f81-ed1321f551ca:c4600]
2019-06-14 09:09:43,532 INFO  client.GrpcClientProtocolClient (GrpcClientProtocolClient.java:onNext(254)) - client-C0E347E82FC5->e6065258-5a2c-4a72-9f81-ed1321f551ca: receive RaftClientReply:client-C0E347E82FC5->e6065258-5a2c-4a72-9f81-ed1321f551ca@group-13364FE26125, cid=2807, SUCCESS, logIndex=4601, commits[e6065258-5a2c-4a72-9f81-ed1321f551ca:c4603]
2019-06-14 09:09:43,532 INFO  client.GrpcClientProtocolClient (GrpcClientProtocolClient.java:onNext(254)) - client-C0E347E82FC5->e6065258-5a2c-4a72-9f81-ed1321f551ca: receive RaftClientReply:client-C0E347E82FC5->e6065258-5a2c-4a72-9f81-ed1321f551ca@group-13364FE26125, cid=2808, SUCCESS, logIndex=4602, commits[e6065258-5a2c-4a72-9f81-ed1321f551ca:c4603]
2019-06-14 09:09:43,541 INFO  client.GrpcClientProtocolClient (GrpcClientProtocolClient.java:onNext(254)) - client-C0E347E82FC5->e6065258-5a2c-4a72-9f81-ed1321f551ca: receive RaftClientReply:client-C0E347E82FC5->e6065258-5a2c-4a72-9f81-ed1321f551ca@group-13364FE26125, cid=2809, SUCCESS, logIndex=4604, commits[e6065258-5a2c-4a72-9f81-ed1321f551ca:c4604]
2019-06-14 09:09:43,542 INFO  client.GrpcClientProtocolClient (GrpcClientProtocolClient.java:onNext(254)) - client-C0E347E82FC5->e6065258-5a2c-4a72-9f81-ed1321f551ca: receive RaftClientReply:client-C0E347E82FC5->e6065258-5a2c-4a72-9f81-ed1321f551ca@group-13364FE26125, cid=2810, SUCCESS, logIndex=4606, commits[e6065258-5a2c-4a72-9f81-ed1321f551ca:c4606]
2019-06-14 09:09:43,543 INFO  client.GrpcClientProtocolClient (GrpcClientProtocolClient.java:onNext(254)) - client-C0E347E82FC5->e6065258-5a2c-4a72-9f81-ed1321f551ca: receive RaftClientReply:client-C0E347E82FC5->e6065258-5a2c-4a72-9f81-ed1321f551ca@group-13364FE26125, cid=2811, SUCCESS, logIndex=4607, commits[e6065258-5a2c-4a72-9f81-ed1321f551ca:c4609]
2019-06-14 09:09:43,543 INFO  client.GrpcClientProtocolClient (GrpcClientProtocolClient.java:onNext(254)) - client-C0E347E82FC5->e6065258-5a2c-4a72-9f81-ed1321f551ca: receive RaftClientReply:client-C0E347E82FC5->e6065258-5a2c-4a72-9f81-ed1321f551ca@group-13364FE26125, cid=2812, SUCCESS, logIndex=4608, commits[e6065258-5a2c-4a72-9f81-ed1321f551ca:c4609]
2019-06-14 09:09:43,549 INFO  client.GrpcClientProtocolClient (GrpcClientProtocolClient.java:onNext(254)) - client-C0E347E82FC5->e6065258-5a2c-4a72-9f81-ed1321f551ca: receive RaftClientReply:client-C0E347E82FC5->e6065258-5a2c-4a72-9f81-ed1321f551ca@group-13364FE26125, cid=2813, SUCCESS, logIndex=4610, commits[e6065258-5a2c-4a72-9f81-ed1321f551ca:c4610]
2019-06-14 09:09:43,550 INFO  client.GrpcClientProtocolClient (GrpcClientProtocolClient.java:onNext(254)) - client-C0E347E82FC5->e6065258-5a2c-4a72-9f81-ed1321f551ca: receive RaftClientReply:client-C0E347E82FC5->e6065258-5a2c-4a72-9f81-ed1321f551ca@group-13364FE26125, cid=2814, SUCCESS, logIndex=4612, commits[e6065258-5a2c-4a72-9f81-ed1321f551ca:c4612]
2019-06-14 09:09:43,551 INFO  client.GrpcClientProtocolClient (GrpcClientProtocolClient.java:onNext(254)) - client-C0E347E82FC5->e6065258-5a2c-4a72-9f81-ed1321f551ca: receive RaftClientReply:client-C0E347E82FC5->e6065258-5a2c-4a72-9f81-ed1321f551ca@group-13364FE26125, cid=2815, SUCCESS, logIndex=4613, commits[e6065258-5a2c-4a72-9f81-ed1321f551ca:c4615]
2019-06-14 09:09:43,551 INFO  client.GrpcClientProtocolClient (GrpcClientProtocolClient.java:onNext(254)) - client-C0E347E82FC5->e6065258-5a2c-4a72-9f81-ed1321f551ca: receive RaftClientReply:client-C0E347E82FC5->e6065258-5a2c-4a72-9f81-ed1321f551ca@group-13364FE26125, cid=2816, SUCCESS, logIndex=4614, commits[e6065258-5a2c-4a72-9f81-ed1321f551ca:c4615]
2019-06-14 09:09:43,811 DEBUG block.SCMBlockDeletingService (SCMBlockDeletingService.java:call(138)) - Running DeletedBlockTransactionScanner
2019-06-14 09:09:43,811 DEBUG block.SCMBlockDeletingService (SCMBlockDeletingService.java:call(155)) - Scanned deleted blocks log and got 0 delTX to process.
2019-06-14 09:09:43,821 INFO  client.GrpcClientProtocolClient (GrpcClientProtocolClient.java:onNext(254)) - client-C0E347E82FC5->e6065258-5a2c-4a72-9f81-ed1321f551ca: receive RaftClientReply:client-C0E347E82FC5->e6065258-5a2c-4a72-9f81-ed1321f551ca@group-13364FE26125, cid=2817, SUCCESS, logIndex=4616, commits[e6065258-5a2c-4a72-9f81-ed1321f551ca:c4616]
2019-06-14 09:09:43,823 INFO  client.GrpcClientProtocolClient (GrpcClientProtocolClient.java:onNext(254)) - client-C0E347E82FC5->e6065258-5a2c-4a72-9f81-ed1321f551ca: receive RaftClientReply:client-C0E347E82FC5->e6065258-5a2c-4a72-9f81-ed1321f551ca@group-13364FE26125, cid=2818, SUCCESS, logIndex=4618, commits[e6065258-5a2c-4a72-9f81-ed1321f551ca:c4618]
2019-06-14 09:09:43,824 INFO  client.GrpcClientProtocolClient (GrpcClientProtocolClient.java:onNext(254)) - client-C0E347E82FC5->e6065258-5a2c-4a72-9f81-ed1321f551ca: receive RaftClientReply:client-C0E347E82FC5->e6065258-5a2c-4a72-9f81-ed1321f551ca@group-13364FE26125, cid=2819, SUCCESS, logIndex=4619, commits[e6065258-5a2c-4a72-9f81-ed1321f551ca:c4619]
2019-06-14 09:09:43,824 INFO  client.GrpcClientProtocolClient (GrpcClientProtocolClient.java:onNext(254)) - client-C0E347E82FC5->e6065258-5a2c-4a72-9f81-ed1321f551ca: receive RaftClientReply:client-C0E347E82FC5->e6065258-5a2c-4a72-9f81-ed1321f551ca@group-13364FE26125, cid=2820, SUCCESS, logIndex=4621, commits[e6065258-5a2c-4a72-9f81-ed1321f551ca:c4621]
2019-06-14 09:09:43,830 INFO  client.GrpcClientProtocolClient (GrpcClientProtocolClient.java:onNext(254)) - client-C0E347E82FC5->e6065258-5a2c-4a72-9f81-ed1321f551ca: receive RaftClientReply:client-C0E347E82FC5->e6065258-5a2c-4a72-9f81-ed1321f551ca@group-13364FE26125, cid=2821, SUCCESS, logIndex=4624, commits[e6065258-5a2c-4a72-9f81-ed1321f551ca:c4624]
2019-06-14 09:09:43,831 INFO  client.GrpcClientProtocolClient (GrpcClientProtocolClient.java:onNext(254)) - client-C0E347E82FC5->e6065258-5a2c-4a72-9f81-ed1321f551ca: receive RaftClientReply:client-C0E347E82FC5->e6065258-5a2c-4a72-9f81-ed1321f551ca@group-13364FE26125, cid=2822, SUCCESS, logIndex=4626, commits[e6065258-5a2c-4a72-9f81-ed1321f551ca:c4626]
2019-06-14 09:09:43,833 INFO  client.GrpcClientProtocolClient (GrpcClientProtocolClient.java:onNext(254)) - client-C0E347E82FC5->e6065258-5a2c-4a72-9f81-ed1321f551ca: receive RaftClientReply:client-C0E347E82FC5->e6065258-5a2c-4a72-9f81-ed1321f551ca@group-13364FE26125, cid=2823, SUCCESS, logIndex=4627, commits[e6065258-5a2c-4a72-9f81-ed1321f551ca:c4629]
2019-06-14 09:09:43,833 INFO  client.GrpcClientProtocolClient (GrpcClientProtocolClient.java:onNext(254)) - client-C0E347E82FC5->e6065258-5a2c-4a72-9f81-ed1321f551ca: receive RaftClientReply:client-C0E347E82FC5->e6065258-5a2c-4a72-9f81-ed1321f551ca@group-13364FE26125, cid=2824, SUCCESS, logIndex=4628, commits[e6065258-5a2c-4a72-9f81-ed1321f551ca:c4629]
2019-06-14 09:09:43,842 INFO  client.GrpcClientProtocolClient (GrpcClientProtocolClient.java:onNext(254)) - client-C0E347E82FC5->e6065258-5a2c-4a72-9f81-ed1321f551ca: receive RaftClientReply:client-C0E347E82FC5->e6065258-5a2c-4a72-9f81-ed1321f551ca@group-13364FE26125, cid=2825, SUCCESS, logIndex=4630, commits[e6065258-5a2c-4a72-9f81-ed1321f551ca:c4630]
2019-06-14 09:09:43,843 INFO  client.GrpcClientProtocolClient (GrpcClientProtocolClient.java:onNext(254)) - client-C0E347E82FC5->e6065258-5a2c-4a72-9f81-ed1321f551ca: receive RaftClientReply:client-C0E347E82FC5->e6065258-5a2c-4a72-9f81-ed1321f551ca@group-13364FE26125, cid=2826, SUCCESS, logIndex=4632, commits[e6065258-5a2c-4a72-9f81-ed1321f551ca:c4632]
2019-06-14 09:09:43,844 INFO  client.GrpcClientProtocolClient (GrpcClientProtocolClient.java:onNext(254)) - client-C0E347E82FC5->e6065258-5a2c-4a72-9f81-ed1321f551ca: receive RaftClientReply:client-C0E347E82FC5->e6065258-5a2c-4a72-9f81-ed1321f551ca@group-13364FE26125, cid=2827, SUCCESS, logIndex=4633, commits[e6065258-5a2c-4a72-9f81-ed1321f551ca:c4635]
2019-06-14 09:09:43,845 INFO  client.GrpcClientProtocolClient (GrpcClientProtocolClient.java:onNext(254)) - client-C0E347E82FC5->e6065258-5a2c-4a72-9f81-ed1321f551ca: receive RaftClientReply:client-C0E347E82FC5->e6065258-5a2c-4a72-9f81-ed1321f551ca@group-13364FE26125, cid=2828, SUCCESS, logIndex=4634, commits[e6065258-5a2c-4a72-9f81-ed1321f551ca:c4635]
2019-06-14 09:09:43,912 DEBUG block.SCMBlockDeletingService (SCMBlockDeletingService.java:call(138)) - Running DeletedBlockTransactionScanner
2019-06-14 09:09:43,912 DEBUG block.SCMBlockDeletingService (SCMBlockDeletingService.java:call(155)) - Scanned deleted blocks log and got 0 delTX to process.
2019-06-14 09:09:43,916 INFO  client.GrpcClientProtocolClient (GrpcClientProtocolClient.java:onNext(254)) - client-C0E347E82FC5->e6065258-5a2c-4a72-9f81-ed1321f551ca: receive RaftClientReply:client-C0E347E82FC5->e6065258-5a2c-4a72-9f81-ed1321f551ca@group-13364FE26125, cid=2829, SUCCESS, logIndex=4636, commits[e6065258-5a2c-4a72-9f81-ed1321f551ca:c4636]
2019-06-14 09:09:43,917 INFO  client.GrpcClientProtocolClient (GrpcClientProtocolClient.java:onNext(254)) - client-C0E347E82FC5->e6065258-5a2c-4a72-9f81-ed1321f551ca: receive RaftClientReply:client-C0E347E82FC5->e6065258-5a2c-4a72-9f81-ed1321f551ca@group-13364FE26125, cid=2830, SUCCESS, logIndex=4638, commits[e6065258-5a2c-4a72-9f81-ed1321f551ca:c4638]
2019-06-14 09:09:43,918 INFO  client.GrpcClientProtocolClient (GrpcClientProtocolClient.java:onNext(254)) - client-C0E347E82FC5->e6065258-5a2c-4a72-9f81-ed1321f551ca: receive RaftClientReply:client-C0E347E82FC5->e6065258-5a2c-4a72-9f81-ed1321f551ca@group-13364FE26125, cid=2831, SUCCESS, logIndex=4639, commits[e6065258-5a2c-4a72-9f81-ed1321f551ca:c4641]
2019-06-14 09:09:43,919 INFO  client.GrpcClientProtocolClient (GrpcClientProtocolClient.java:onNext(254)) - client-C0E347E82FC5->e6065258-5a2c-4a72-9f81-ed1321f551ca: receive RaftClientReply:client-C0E347E82FC5->e6065258-5a2c-4a72-9f81-ed1321f551ca@group-13364FE26125, cid=2832, SUCCESS, logIndex=4640, commits[e6065258-5a2c-4a72-9f81-ed1321f551ca:c4641]
2019-06-14 09:09:43,928 INFO  client.GrpcClientProtocolClient (GrpcClientProtocolClient.java:onNext(254)) - client-C0E347E82FC5->e6065258-5a2c-4a72-9f81-ed1321f551ca: receive RaftClientReply:client-C0E347E82FC5->e6065258-5a2c-4a72-9f81-ed1321f551ca@group-13364FE26125, cid=2833, SUCCESS, logIndex=4642, commits[e6065258-5a2c-4a72-9f81-ed1321f551ca:c4642]
2019-06-14 09:09:43,930 INFO  client.GrpcClientProtocolClient (GrpcClientProtocolClient.java:onNext(254)) - client-C0E347E82FC5->e6065258-5a2c-4a72-9f81-ed1321f551ca: receive RaftClientReply:client-C0E347E82FC5->e6065258-5a2c-4a72-9f81-ed1321f551ca@group-13364FE26125, cid=2834, SUCCESS, logIndex=4644, commits[e6065258-5a2c-4a72-9f81-ed1321f551ca:c4644]
2019-06-14 09:09:43,930 INFO  client.GrpcClientProtocolClient (GrpcClientProtocolClient.java:onNext(254)) - client-C0E347E82FC5->e6065258-5a2c-4a72-9f81-ed1321f551ca: receive RaftClientReply:client-C0E347E82FC5->e6065258-5a2c-4a72-9f81-ed1321f551ca@group-13364FE26125, cid=2835, SUCCESS, logIndex=4645, commits[e6065258-5a2c-4a72-9f81-ed1321f551ca:c4646]
2019-06-14 09:09:43,931 INFO  client.GrpcClientProtocolClient (GrpcClientProtocolClient.java:onNext(254)) - client-C0E347E82FC5->e6065258-5a2c-4a72-9f81-ed1321f551ca: receive RaftClientReply:client-C0E347E82FC5->e6065258-5a2c-4a72-9f81-ed1321f551ca@group-13364FE26125, cid=2836, SUCCESS, logIndex=4646, commits[e6065258-5a2c-4a72-9f81-ed1321f551ca:c4646]
2019-06-14 09:09:43,936 INFO  client.GrpcClientProtocolClient (GrpcClientProtocolClient.java:onNext(254)) - client-C0E347E82FC5->e6065258-5a2c-4a72-9f81-ed1321f551ca: receive RaftClientReply:client-C0E347E82FC5->e6065258-5a2c-4a72-9f81-ed1321f551ca@group-13364FE26125, cid=2837, SUCCESS, logIndex=4649, commits[e6065258-5a2c-4a72-9f81-ed1321f551ca:c4649]
2019-06-14 09:09:43,937 INFO  client.GrpcClientProtocolClient (GrpcClientProtocolClient.java:onNext(254)) - client-C0E347E82FC5->e6065258-5a2c-4a72-9f81-ed1321f551ca: receive RaftClientReply:client-C0E347E82FC5->e6065258-5a2c-4a72-9f81-ed1321f551ca@group-13364FE26125, cid=2838, SUCCESS, logIndex=4651, commits[e6065258-5a2c-4a72-9f81-ed1321f551ca:c4651]
2019-06-14 09:09:43,939 INFO  client.GrpcClientProtocolClient (GrpcClientProtocolClient.java:onNext(254)) - client-C0E347E82FC5->e6065258-5a2c-4a72-9f81-ed1321f551ca: receive RaftClientReply:client-C0E347E82FC5->e6065258-5a2c-4a72-9f81-ed1321f551ca@group-13364FE26125, cid=2839, SUCCESS, logIndex=4653, commits[e6065258-5a2c-4a72-9f81-ed1321f551ca:c4654]
2019-06-14 09:09:43,940 INFO  client.GrpcClientProtocolClient (GrpcClientProtocolClient.java:onNext(254)) - client-C0E347E82FC5->e6065258-5a2c-4a72-9f81-ed1321f551ca: receive RaftClientReply:client-C0E347E82FC5->e6065258-5a2c-4a72-9f81-ed1321f551ca@group-13364FE26125, cid=2840, SUCCESS, logIndex=4654, commits[e6065258-5a2c-4a72-9f81-ed1321f551ca:c4654]
2019-06-14 09:09:43,949 INFO  storage.RaftLogWorker (RaftLogWorker.java:rollLogSegment(303)) - e6065258-5a2c-4a72-9f81-ed1321f551ca-RaftLogWorker: Rolling segment log-4587_4655 to index:4655
2019-06-14 09:09:43,949 INFO  storage.RaftLogWorker (RaftLogWorker.java:execute(433)) - e6065258-5a2c-4a72-9f81-ed1321f551ca-RaftLogWorker: Rolled log segment from /opt/src/hadoop-ozone/integration-test/target/test-dir/MiniOzoneClusterImpl-a56da109-a1cb-4168-8966-62306f2f2d23/datanode-0/data/ratis/920138aa-6f47-4d6d-b5cc-13364fe26125/current/log_inprogress_4587 to /opt/src/hadoop-ozone/integration-test/target/test-dir/MiniOzoneClusterImpl-a56da109-a1cb-4168-8966-62306f2f2d23/datanode-0/data/ratis/920138aa-6f47-4d6d-b5cc-13364fe26125/current/log_4587-4655
2019-06-14 09:09:43,985 INFO  storage.RaftLogWorker (RaftLogWorker.java:execute(469)) - e6065258-5a2c-4a72-9f81-ed1321f551ca-RaftLogWorker: created new log segment /opt/src/hadoop-ozone/integration-test/target/test-dir/MiniOzoneClusterImpl-a56da109-a1cb-4168-8966-62306f2f2d23/datanode-0/data/ratis/920138aa-6f47-4d6d-b5cc-13364fe26125/current/log_inprogress_4656
2019-06-14 09:09:43,987 INFO  client.GrpcClientProtocolClient (GrpcClientProtocolClient.java:onNext(254)) - client-C0E347E82FC5->e6065258-5a2c-4a72-9f81-ed1321f551ca: receive RaftClientReply:client-C0E347E82FC5->e6065258-5a2c-4a72-9f81-ed1321f551ca@group-13364FE26125, cid=2841, SUCCESS, logIndex=4656, commits[e6065258-5a2c-4a72-9f81-ed1321f551ca:c4656]
2019-06-14 09:09:43,989 INFO  client.GrpcClientProtocolClient (GrpcClientProtocolClient.java:onNext(254)) - client-C0E347E82FC5->e6065258-5a2c-4a72-9f81-ed1321f551ca: receive RaftClientReply:client-C0E347E82FC5->e6065258-5a2c-4a72-9f81-ed1321f551ca@group-13364FE26125, cid=2842, SUCCESS, logIndex=4658, commits[e6065258-5a2c-4a72-9f81-ed1321f551ca:c4658]
2019-06-14 09:09:43,989 INFO  client.GrpcClientProtocolClient (GrpcClientProtocolClient.java:onNext(254)) - client-C0E347E82FC5->e6065258-5a2c-4a72-9f81-ed1321f551ca: receive RaftClientReply:client-C0E347E82FC5->e6065258-5a2c-4a72-9f81-ed1321f551ca@group-13364FE26125, cid=2843, SUCCESS, logIndex=4659, commits[e6065258-5a2c-4a72-9f81-ed1321f551ca:c4659]
2019-06-14 09:09:43,990 INFO  client.GrpcClientProtocolClient (GrpcClientProtocolClient.java:onNext(254)) - client-C0E347E82FC5->e6065258-5a2c-4a72-9f81-ed1321f551ca: receive RaftClientReply:client-C0E347E82FC5->e6065258-5a2c-4a72-9f81-ed1321f551ca@group-13364FE26125, cid=2844, SUCCESS, logIndex=4661, commits[e6065258-5a2c-4a72-9f81-ed1321f551ca:c4661]
2019-06-14 09:09:43,995 INFO  client.GrpcClientProtocolClient (GrpcClientProtocolClient.java:onNext(254)) - client-C0E347E82FC5->e6065258-5a2c-4a72-9f81-ed1321f551ca: receive RaftClientReply:client-C0E347E82FC5->e6065258-5a2c-4a72-9f81-ed1321f551ca@group-13364FE26125, cid=2845, SUCCESS, logIndex=4664, commits[e6065258-5a2c-4a72-9f81-ed1321f551ca:c4664]
2019-06-14 09:09:43,996 INFO  client.GrpcClientProtocolClient (GrpcClientProtocolClient.java:onNext(254)) - client-C0E347E82FC5->e6065258-5a2c-4a72-9f81-ed1321f551ca: receive RaftClientReply:client-C0E347E82FC5->e6065258-5a2c-4a72-9f81-ed1321f551ca@group-13364FE26125, cid=2846, SUCCESS, logIndex=4666, commits[e6065258-5a2c-4a72-9f81-ed1321f551ca:c4666]
2019-06-14 09:09:43,999 INFO  client.GrpcClientProtocolClient (GrpcClientProtocolClient.java:onNext(254)) - client-C0E347E82FC5->e6065258-5a2c-4a72-9f81-ed1321f551ca: receive RaftClientReply:client-C0E347E82FC5->e6065258-5a2c-4a72-9f81-ed1321f551ca@group-13364FE26125, cid=2847, SUCCESS, logIndex=4668, commits[e6065258-5a2c-4a72-9f81-ed1321f551ca:c4669]
2019-06-14 09:09:43,999 INFO  client.GrpcClientProtocolClient (GrpcClientProtocolClient.java:onNext(254)) - client-C0E347E82FC5->e6065258-5a2c-4a72-9f81-ed1321f551ca: receive RaftClientReply:client-C0E347E82FC5->e6065258-5a2c-4a72-9f81-ed1321f551ca@group-13364FE26125, cid=2848, SUCCESS, logIndex=4669, commits[e6065258-5a2c-4a72-9f81-ed1321f551ca:c4669]
2019-06-14 09:09:44,009 INFO  client.GrpcClientProtocolClient (GrpcClientProtocolClient.java:onNext(254)) - client-C0E347E82FC5->e6065258-5a2c-4a72-9f81-ed1321f551ca: receive RaftClientReply:client-C0E347E82FC5->e6065258-5a2c-4a72-9f81-ed1321f551ca@group-13364FE26125, cid=2849, SUCCESS, logIndex=4671, commits[e6065258-5a2c-4a72-9f81-ed1321f551ca:c4671]
2019-06-14 09:09:44,011 INFO  client.GrpcClientProtocolClient (GrpcClientProtocolClient.java:onNext(254)) - client-C0E347E82FC5->e6065258-5a2c-4a72-9f81-ed1321f551ca: receive RaftClientReply:client-C0E347E82FC5->e6065258-5a2c-4a72-9f81-ed1321f551ca@group-13364FE26125, cid=2850, SUCCESS, logIndex=4673, commits[e6065258-5a2c-4a72-9f81-ed1321f551ca:c4675]
2019-06-14 09:09:44,012 INFO  client.GrpcClientProtocolClient (GrpcClientProtocolClient.java:onNext(254)) - client-C0E347E82FC5->e6065258-5a2c-4a72-9f81-ed1321f551ca: receive RaftClientReply:client-C0E347E82FC5->e6065258-5a2c-4a72-9f81-ed1321f551ca@group-13364FE26125, cid=2851, SUCCESS, logIndex=4674, commits[e6065258-5a2c-4a72-9f81-ed1321f551ca:c4675]
2019-06-14 09:09:44,012 INFO  client.GrpcClientProtocolClient (GrpcClientProtocolClient.java:onNext(254)) - client-C0E347E82FC5->e6065258-5a2c-4a72-9f81-ed1321f551ca: receive RaftClientReply:client-C0E347E82FC5->e6065258-5a2c-4a72-9f81-ed1321f551ca@group-13364FE26125, cid=2852, SUCCESS, logIndex=4675, commits[e6065258-5a2c-4a72-9f81-ed1321f551ca:c4676]
2019-06-14 09:09:44,012 DEBUG block.SCMBlockDeletingService (SCMBlockDeletingService.java:call(138)) - Running DeletedBlockTransactionScanner
2019-06-14 09:09:44,012 DEBUG block.SCMBlockDeletingService (SCMBlockDeletingService.java:call(155)) - Scanned deleted blocks log and got 0 delTX to process.
2019-06-14 09:09:44,017 INFO  client.GrpcClientProtocolClient (GrpcClientProtocolClient.java:onNext(254)) - client-C0E347E82FC5->e6065258-5a2c-4a72-9f81-ed1321f551ca: receive RaftClientReply:client-C0E347E82FC5->e6065258-5a2c-4a72-9f81-ed1321f551ca@group-13364FE26125, cid=2853, SUCCESS, logIndex=4677, commits[e6065258-5a2c-4a72-9f81-ed1321f551ca:c4677]
2019-06-14 09:09:44,019 INFO  client.GrpcClientProtocolClient (GrpcClientProtocolClient.java:onNext(254)) - client-C0E347E82FC5->e6065258-5a2c-4a72-9f81-ed1321f551ca: receive RaftClientReply:client-C0E347E82FC5->e6065258-5a2c-4a72-9f81-ed1321f551ca@group-13364FE26125, cid=2854, SUCCESS, logIndex=4679, commits[e6065258-5a2c-4a72-9f81-ed1321f551ca:c4679]
2019-06-14 09:09:44,019 INFO  client.GrpcClientProtocolClient (GrpcClientProtocolClient.java:onNext(254)) - client-C0E347E82FC5->e6065258-5a2c-4a72-9f81-ed1321f551ca: receive RaftClientReply:client-C0E347E82FC5->e6065258-5a2c-4a72-9f81-ed1321f551ca@group-13364FE26125, cid=2855, SUCCESS, logIndex=4680, commits[e6065258-5a2c-4a72-9f81-ed1321f551ca:c4682]
2019-06-14 09:09:44,019 INFO  client.GrpcClientProtocolClient (GrpcClientProtocolClient.java:onNext(254)) - client-C0E347E82FC5->e6065258-5a2c-4a72-9f81-ed1321f551ca: receive RaftClientReply:client-C0E347E82FC5->e6065258-5a2c-4a72-9f81-ed1321f551ca@group-13364FE26125, cid=2856, SUCCESS, logIndex=4681, commits[e6065258-5a2c-4a72-9f81-ed1321f551ca:c4682]
2019-06-14 09:09:44,030 INFO  client.GrpcClientProtocolClient (GrpcClientProtocolClient.java:onNext(254)) - client-C0E347E82FC5->e6065258-5a2c-4a72-9f81-ed1321f551ca: receive RaftClientReply:client-C0E347E82FC5->e6065258-5a2c-4a72-9f81-ed1321f551ca@group-13364FE26125, cid=2857, SUCCESS, logIndex=4683, commits[e6065258-5a2c-4a72-9f81-ed1321f551ca:c4683]
2019-06-14 09:09:44,031 INFO  client.GrpcClientProtocolClient (GrpcClientProtocolClient.java:onNext(254)) - client-C0E347E82FC5->e6065258-5a2c-4a72-9f81-ed1321f551ca: receive RaftClientReply:client-C0E347E82FC5->e6065258-5a2c-4a72-9f81-ed1321f551ca@group-13364FE26125, cid=2858, SUCCESS, logIndex=4685, commits[e6065258-5a2c-4a72-9f81-ed1321f551ca:c4685]
2019-06-14 09:09:44,032 INFO  client.GrpcClientProtocolClient (GrpcClientProtocolClient.java:onNext(254)) - client-C0E347E82FC5->e6065258-5a2c-4a72-9f81-ed1321f551ca: receive RaftClientReply:client-C0E347E82FC5->e6065258-5a2c-4a72-9f81-ed1321f551ca@group-13364FE26125, cid=2859, SUCCESS, logIndex=4686, commits[e6065258-5a2c-4a72-9f81-ed1321f551ca:c4686]
2019-06-14 09:09:44,032 INFO  client.GrpcClientProtocolClient (GrpcClientProtocolClient.java:onNext(254)) - client-C0E347E82FC5->e6065258-5a2c-4a72-9f81-ed1321f551ca: receive RaftClientReply:client-C0E347E82FC5->e6065258-5a2c-4a72-9f81-ed1321f551ca@group-13364FE26125, cid=2860, SUCCESS, logIndex=4688, commits[e6065258-5a2c-4a72-9f81-ed1321f551ca:c4688]
2019-06-14 09:09:44,038 INFO  client.GrpcClientProtocolClient (GrpcClientProtocolClient.java:onNext(254)) - client-C0E347E82FC5->e6065258-5a2c-4a72-9f81-ed1321f551ca: receive RaftClientReply:client-C0E347E82FC5->e6065258-5a2c-4a72-9f81-ed1321f551ca@group-13364FE26125, cid=2861, SUCCESS, logIndex=4691, commits[e6065258-5a2c-4a72-9f81-ed1321f551ca:c4691]
2019-06-14 09:09:44,039 INFO  client.GrpcClientProtocolClient (GrpcClientProtocolClient.java:onNext(254)) - client-C0E347E82FC5->e6065258-5a2c-4a72-9f81-ed1321f551ca: receive RaftClientReply:client-C0E347E82FC5->e6065258-5a2c-4a72-9f81-ed1321f551ca@group-13364FE26125, cid=2862, SUCCESS, logIndex=4693, commits[e6065258-5a2c-4a72-9f81-ed1321f551ca:c4693]
2019-06-14 09:09:44,040 INFO  client.GrpcClientProtocolClient (GrpcClientProtocolClient.java:onNext(254)) - client-C0E347E82FC5->e6065258-5a2c-4a72-9f81-ed1321f551ca: receive RaftClientReply:client-C0E347E82FC5->e6065258-5a2c-4a72-9f81-ed1321f551ca@group-13364FE26125, cid=2863, SUCCESS, logIndex=4694, commits[e6065258-5a2c-4a72-9f81-ed1321f551ca:c4694]
2019-06-14 09:09:44,040 INFO  client.GrpcClientProtocolClient (GrpcClientProtocolClient.java:onNext(254)) - client-C0E347E82FC5->e6065258-5a2c-4a72-9f81-ed1321f551ca: receive RaftClientReply:client-C0E347E82FC5->e6065258-5a2c-4a72-9f81-ed1321f551ca@group-13364FE26125, cid=2864, SUCCESS, logIndex=4696, commits[e6065258-5a2c-4a72-9f81-ed1321f551ca:c4696]
2019-06-14 09:09:44,049 INFO  client.GrpcClientProtocolClient (GrpcClientProtocolClient.java:onNext(254)) - client-C0E347E82FC5->e6065258-5a2c-4a72-9f81-ed1321f551ca: receive RaftClientReply:client-C0E347E82FC5->e6065258-5a2c-4a72-9f81-ed1321f551ca@group-13364FE26125, cid=2865, SUCCESS, logIndex=4699, commits[e6065258-5a2c-4a72-9f81-ed1321f551ca:c4699]
2019-06-14 09:09:44,051 INFO  client.GrpcClientProtocolClient (GrpcClientProtocolClient.java:onNext(254)) - client-C0E347E82FC5->e6065258-5a2c-4a72-9f81-ed1321f551ca: receive RaftClientReply:client-C0E347E82FC5->e6065258-5a2c-4a72-9f81-ed1321f551ca@group-13364FE26125, cid=2866, SUCCESS, logIndex=4701, commits[e6065258-5a2c-4a72-9f81-ed1321f551ca:c4701]
2019-06-14 09:09:44,051 INFO  client.GrpcClientProtocolClient (GrpcClientProtocolClient.java:onNext(254)) - client-C0E347E82FC5->e6065258-5a2c-4a72-9f81-ed1321f551ca: receive RaftClientReply:client-C0E347E82FC5->e6065258-5a2c-4a72-9f81-ed1321f551ca@group-13364FE26125, cid=2867, SUCCESS, logIndex=4702, commits[e6065258-5a2c-4a72-9f81-ed1321f551ca:c4703]
2019-06-14 09:09:44,052 INFO  client.GrpcClientProtocolClient (GrpcClientProtocolClient.java:onNext(254)) - client-C0E347E82FC5->e6065258-5a2c-4a72-9f81-ed1321f551ca: receive RaftClientReply:client-C0E347E82FC5->e6065258-5a2c-4a72-9f81-ed1321f551ca@group-13364FE26125, cid=2868, SUCCESS, logIndex=4703, commits[e6065258-5a2c-4a72-9f81-ed1321f551ca:c4703]
2019-06-14 09:09:44,056 INFO  client.GrpcClientProtocolClient (GrpcClientProtocolClient.java:onNext(254)) - client-C0E347E82FC5->e6065258-5a2c-4a72-9f81-ed1321f551ca: receive RaftClientReply:client-C0E347E82FC5->e6065258-5a2c-4a72-9f81-ed1321f551ca@group-13364FE26125, cid=2869, SUCCESS, logIndex=4706, commits[e6065258-5a2c-4a72-9f81-ed1321f551ca:c4706]
2019-06-14 09:09:44,057 INFO  client.GrpcClientProtocolClient (GrpcClientProtocolClient.java:onNext(254)) - client-C0E347E82FC5->e6065258-5a2c-4a72-9f81-ed1321f551ca: receive RaftClientReply:client-C0E347E82FC5->e6065258-5a2c-4a72-9f81-ed1321f551ca@group-13364FE26125, cid=2870, SUCCESS, logIndex=4708, commits[e6065258-5a2c-4a72-9f81-ed1321f551ca:c4708]
2019-06-14 09:09:44,058 INFO  client.GrpcClientProtocolClient (GrpcClientProtocolClient.java:onNext(254)) - client-C0E347E82FC5->e6065258-5a2c-4a72-9f81-ed1321f551ca: receive RaftClientReply:client-C0E347E82FC5->e6065258-5a2c-4a72-9f81-ed1321f551ca@group-13364FE26125, cid=2871, SUCCESS, logIndex=4709, commits[e6065258-5a2c-4a72-9f81-ed1321f551ca:c4711]
2019-06-14 09:09:44,059 INFO  client.GrpcClientProtocolClient (GrpcClientProtocolClient.java:onNext(254)) - client-C0E347E82FC5->e6065258-5a2c-4a72-9f81-ed1321f551ca: receive RaftClientReply:client-C0E347E82FC5->e6065258-5a2c-4a72-9f81-ed1321f551ca@group-13364FE26125, cid=2872, SUCCESS, logIndex=4710, commits[e6065258-5a2c-4a72-9f81-ed1321f551ca:c4711]
2019-06-14 09:09:44,113 DEBUG block.SCMBlockDeletingService (SCMBlockDeletingService.java:call(138)) - Running DeletedBlockTransactionScanner
2019-06-14 09:09:44,113 DEBUG block.SCMBlockDeletingService (SCMBlockDeletingService.java:call(155)) - Scanned deleted blocks log and got 0 delTX to process.
2019-06-14 09:09:44,134 INFO  client.GrpcClientProtocolClient (GrpcClientProtocolClient.java:onNext(254)) - client-C0E347E82FC5->e6065258-5a2c-4a72-9f81-ed1321f551ca: receive RaftClientReply:client-C0E347E82FC5->e6065258-5a2c-4a72-9f81-ed1321f551ca@group-13364FE26125, cid=2873, SUCCESS, logIndex=4712, commits[e6065258-5a2c-4a72-9f81-ed1321f551ca:c4712]
2019-06-14 09:09:44,135 INFO  client.GrpcClientProtocolClient (GrpcClientProtocolClient.java:onNext(254)) - client-C0E347E82FC5->e6065258-5a2c-4a72-9f81-ed1321f551ca: receive RaftClientReply:client-C0E347E82FC5->e6065258-5a2c-4a72-9f81-ed1321f551ca@group-13364FE26125, cid=2874, SUCCESS, logIndex=4714, commits[e6065258-5a2c-4a72-9f81-ed1321f551ca:c4714]
2019-06-14 09:09:44,136 INFO  client.GrpcClientProtocolClient (GrpcClientProtocolClient.java:onNext(254)) - client-C0E347E82FC5->e6065258-5a2c-4a72-9f81-ed1321f551ca: receive RaftClientReply:client-C0E347E82FC5->e6065258-5a2c-4a72-9f81-ed1321f551ca@group-13364FE26125, cid=2875, SUCCESS, logIndex=4715, commits[e6065258-5a2c-4a72-9f81-ed1321f551ca:c4717]
2019-06-14 09:09:44,137 INFO  client.GrpcClientProtocolClient (GrpcClientProtocolClient.java:onNext(254)) - client-C0E347E82FC5->e6065258-5a2c-4a72-9f81-ed1321f551ca: receive RaftClientReply:client-C0E347E82FC5->e6065258-5a2c-4a72-9f81-ed1321f551ca@group-13364FE26125, cid=2876, SUCCESS, logIndex=4716, commits[e6065258-5a2c-4a72-9f81-ed1321f551ca:c4717]
2019-06-14 09:09:44,142 INFO  client.GrpcClientProtocolClient (GrpcClientProtocolClient.java:onNext(254)) - client-C0E347E82FC5->e6065258-5a2c-4a72-9f81-ed1321f551ca: receive RaftClientReply:client-C0E347E82FC5->e6065258-5a2c-4a72-9f81-ed1321f551ca@group-13364FE26125, cid=2877, SUCCESS, logIndex=4718, commits[e6065258-5a2c-4a72-9f81-ed1321f551ca:c4718]
2019-06-14 09:09:44,143 INFO  client.GrpcClientProtocolClient (GrpcClientProtocolClient.java:onNext(254)) - client-C0E347E82FC5->e6065258-5a2c-4a72-9f81-ed1321f551ca: receive RaftClientReply:client-C0E347E82FC5->e6065258-5a2c-4a72-9f81-ed1321f551ca@group-13364FE26125, cid=2878, SUCCESS, logIndex=4720, commits[e6065258-5a2c-4a72-9f81-ed1321f551ca:c4720]
2019-06-14 09:09:44,144 INFO  client.GrpcClientProtocolClient (GrpcClientProtocolClient.java:onNext(254)) - client-C0E347E82FC5->e6065258-5a2c-4a72-9f81-ed1321f551ca: receive RaftClientReply:client-C0E347E82FC5->e6065258-5a2c-4a72-9f81-ed1321f551ca@group-13364FE26125, cid=2879, SUCCESS, logIndex=4721, commits[e6065258-5a2c-4a72-9f81-ed1321f551ca:c4723]
2019-06-14 09:09:44,144 INFO  client.GrpcClientProtocolClient (GrpcClientProtocolClient.java:onNext(254)) - client-C0E347E82FC5->e6065258-5a2c-4a72-9f81-ed1321f551ca: receive RaftClientReply:client-C0E347E82FC5->e6065258-5a2c-4a72-9f81-ed1321f551ca@group-13364FE26125, cid=2880, SUCCESS, logIndex=4722, commits[e6065258-5a2c-4a72-9f81-ed1321f551ca:c4723]
2019-06-14 09:09:44,153 INFO  client.GrpcClientProtocolClient (GrpcClientProtocolClient.java:onNext(254)) - client-C0E347E82FC5->e6065258-5a2c-4a72-9f81-ed1321f551ca: receive RaftClientReply:client-C0E347E82FC5->e6065258-5a2c-4a72-9f81-ed1321f551ca@group-13364FE26125, cid=2881, SUCCESS, logIndex=4724, commits[e6065258-5a2c-4a72-9f81-ed1321f551ca:c4724]
2019-06-14 09:09:44,154 INFO  client.GrpcClientProtocolClient (GrpcClientProtocolClient.java:onNext(254)) - client-C0E347E82FC5->e6065258-5a2c-4a72-9f81-ed1321f551ca: receive RaftClientReply:client-C0E347E82FC5->e6065258-5a2c-4a72-9f81-ed1321f551ca@group-13364FE26125, cid=2882, SUCCESS, logIndex=4726, commits[e6065258-5a2c-4a72-9f81-ed1321f551ca:c4726]
2019-06-14 09:09:44,155 INFO  client.GrpcClientProtocolClient (GrpcClientProtocolClient.java:onNext(254)) - client-C0E347E82FC5->e6065258-5a2c-4a72-9f81-ed1321f551ca: receive RaftClientReply:client-C0E347E82FC5->e6065258-5a2c-4a72-9f81-ed1321f551ca@group-13364FE26125, cid=2883, SUCCESS, logIndex=4727, commits[e6065258-5a2c-4a72-9f81-ed1321f551ca:c4729]
2019-06-14 09:09:44,156 INFO  client.GrpcClientProtocolClient (GrpcClientProtocolClient.java:onNext(254)) - client-C0E347E82FC5->e6065258-5a2c-4a72-9f81-ed1321f551ca: receive RaftClientReply:client-C0E347E82FC5->e6065258-5a2c-4a72-9f81-ed1321f551ca@group-13364FE26125, cid=2884, SUCCESS, logIndex=4728, commits[e6065258-5a2c-4a72-9f81-ed1321f551ca:c4729]
2019-06-14 09:09:44,158 INFO  storage.RaftLogWorker (RaftLogWorker.java:rollLogSegment(303)) - e6065258-5a2c-4a72-9f81-ed1321f551ca-RaftLogWorker: Rolling segment log-4656_4729 to index:4729
2019-06-14 09:09:44,158 INFO  storage.RaftLogWorker (RaftLogWorker.java:execute(433)) - e6065258-5a2c-4a72-9f81-ed1321f551ca-RaftLogWorker: Rolled log segment from /opt/src/hadoop-ozone/integration-test/target/test-dir/MiniOzoneClusterImpl-a56da109-a1cb-4168-8966-62306f2f2d23/datanode-0/data/ratis/920138aa-6f47-4d6d-b5cc-13364fe26125/current/log_inprogress_4656 to /opt/src/hadoop-ozone/integration-test/target/test-dir/MiniOzoneClusterImpl-a56da109-a1cb-4168-8966-62306f2f2d23/datanode-0/data/ratis/920138aa-6f47-4d6d-b5cc-13364fe26125/current/log_4656-4729
2019-06-14 09:09:44,194 INFO  storage.RaftLogWorker (RaftLogWorker.java:execute(469)) - e6065258-5a2c-4a72-9f81-ed1321f551ca-RaftLogWorker: created new log segment /opt/src/hadoop-ozone/integration-test/target/test-dir/MiniOzoneClusterImpl-a56da109-a1cb-4168-8966-62306f2f2d23/datanode-0/data/ratis/920138aa-6f47-4d6d-b5cc-13364fe26125/current/log_inprogress_4730
2019-06-14 09:09:44,195 INFO  client.GrpcClientProtocolClient (GrpcClientProtocolClient.java:onNext(254)) - client-C0E347E82FC5->e6065258-5a2c-4a72-9f81-ed1321f551ca: receive RaftClientReply:client-C0E347E82FC5->e6065258-5a2c-4a72-9f81-ed1321f551ca@group-13364FE26125, cid=2885, SUCCESS, logIndex=4730, commits[e6065258-5a2c-4a72-9f81-ed1321f551ca:c4730]
2019-06-14 09:09:44,196 INFO  client.GrpcClientProtocolClient (GrpcClientProtocolClient.java:onNext(254)) - client-C0E347E82FC5->e6065258-5a2c-4a72-9f81-ed1321f551ca: receive RaftClientReply:client-C0E347E82FC5->e6065258-5a2c-4a72-9f81-ed1321f551ca@group-13364FE26125, cid=2886, SUCCESS, logIndex=4732, commits[e6065258-5a2c-4a72-9f81-ed1321f551ca:c4732]
2019-06-14 09:09:44,198 INFO  client.GrpcClientProtocolClient (GrpcClientProtocolClient.java:onNext(254)) - client-C0E347E82FC5->e6065258-5a2c-4a72-9f81-ed1321f551ca: receive RaftClientReply:client-C0E347E82FC5->e6065258-5a2c-4a72-9f81-ed1321f551ca@group-13364FE26125, cid=2887, SUCCESS, logIndex=4733, commits[e6065258-5a2c-4a72-9f81-ed1321f551ca:c4735]
2019-06-14 09:09:44,198 INFO  client.GrpcClientProtocolClient (GrpcClientProtocolClient.java:onNext(254)) - client-C0E347E82FC5->e6065258-5a2c-4a72-9f81-ed1321f551ca: receive RaftClientReply:client-C0E347E82FC5->e6065258-5a2c-4a72-9f81-ed1321f551ca@group-13364FE26125, cid=2888, SUCCESS, logIndex=4734, commits[e6065258-5a2c-4a72-9f81-ed1321f551ca:c4735]
2019-06-14 09:09:44,207 INFO  client.GrpcClientProtocolClient (GrpcClientProtocolClient.java:onNext(254)) - client-C0E347E82FC5->e6065258-5a2c-4a72-9f81-ed1321f551ca: receive RaftClientReply:client-C0E347E82FC5->e6065258-5a2c-4a72-9f81-ed1321f551ca@group-13364FE26125, cid=2889, SUCCESS, logIndex=4736, commits[e6065258-5a2c-4a72-9f81-ed1321f551ca:c4736]
2019-06-14 09:09:44,208 INFO  client.GrpcClientProtocolClient (GrpcClientProtocolClient.java:onNext(254)) - client-C0E347E82FC5->e6065258-5a2c-4a72-9f81-ed1321f551ca: receive RaftClientReply:client-C0E347E82FC5->e6065258-5a2c-4a72-9f81-ed1321f551ca@group-13364FE26125, cid=2890, SUCCESS, logIndex=4738, commits[e6065258-5a2c-4a72-9f81-ed1321f551ca:c4738]
2019-06-14 09:09:44,209 INFO  client.GrpcClientProtocolClient (GrpcClientProtocolClient.java:onNext(254)) - client-C0E347E82FC5->e6065258-5a2c-4a72-9f81-ed1321f551ca: receive RaftClientReply:client-C0E347E82FC5->e6065258-5a2c-4a72-9f81-ed1321f551ca@group-13364FE26125, cid=2891, SUCCESS, logIndex=4739, commits[e6065258-5a2c-4a72-9f81-ed1321f551ca:c4741]
2019-06-14 09:09:44,210 INFO  client.GrpcClientProtocolClient (GrpcClientProtocolClient.java:onNext(254)) - client-C0E347E82FC5->e6065258-5a2c-4a72-9f81-ed1321f551ca: receive RaftClientReply:client-C0E347E82FC5->e6065258-5a2c-4a72-9f81-ed1321f551ca@group-13364FE26125, cid=2892, SUCCESS, logIndex=4740, commits[e6065258-5a2c-4a72-9f81-ed1321f551ca:c4741]
2019-06-14 09:09:44,213 DEBUG block.SCMBlockDeletingService (SCMBlockDeletingService.java:call(138)) - Running DeletedBlockTransactionScanner
2019-06-14 09:09:44,213 DEBUG block.SCMBlockDeletingService (SCMBlockDeletingService.java:call(155)) - Scanned deleted blocks log and got 0 delTX to process.
2019-06-14 09:09:44,215 INFO  client.GrpcClientProtocolClient (GrpcClientProtocolClient.java:onNext(254)) - client-C0E347E82FC5->e6065258-5a2c-4a72-9f81-ed1321f551ca: receive RaftClientReply:client-C0E347E82FC5->e6065258-5a2c-4a72-9f81-ed1321f551ca@group-13364FE26125, cid=2893, SUCCESS, logIndex=4742, commits[e6065258-5a2c-4a72-9f81-ed1321f551ca:c4742]
2019-06-14 09:09:44,216 INFO  client.GrpcClientProtocolClient (GrpcClientProtocolClient.java:onNext(254)) - client-C0E347E82FC5->e6065258-5a2c-4a72-9f81-ed1321f551ca: receive RaftClientReply:client-C0E347E82FC5->e6065258-5a2c-4a72-9f81-ed1321f551ca@group-13364FE26125, cid=2894, SUCCESS, logIndex=4744, commits[e6065258-5a2c-4a72-9f81-ed1321f551ca:c4744]
2019-06-14 09:09:44,217 INFO  client.GrpcClientProtocolClient (GrpcClientProtocolClient.java:onNext(254)) - client-C0E347E82FC5->e6065258-5a2c-4a72-9f81-ed1321f551ca: receive RaftClientReply:client-C0E347E82FC5->e6065258-5a2c-4a72-9f81-ed1321f551ca@group-13364FE26125, cid=2895, SUCCESS, logIndex=4745, commits[e6065258-5a2c-4a72-9f81-ed1321f551ca:c4747]
2019-06-14 09:09:44,217 INFO  client.GrpcClientProtocolClient (GrpcClientProtocolClient.java:onNext(254)) - client-C0E347E82FC5->e6065258-5a2c-4a72-9f81-ed1321f551ca: receive RaftClientReply:client-C0E347E82FC5->e6065258-5a2c-4a72-9f81-ed1321f551ca@group-13364FE26125, cid=2896, SUCCESS, logIndex=4746, commits[e6065258-5a2c-4a72-9f81-ed1321f551ca:c4747]
2019-06-14 09:09:44,264 INFO  client.GrpcClientProtocolClient (GrpcClientProtocolClient.java:onNext(254)) - client-C0E347E82FC5->e6065258-5a2c-4a72-9f81-ed1321f551ca: receive RaftClientReply:client-C0E347E82FC5->e6065258-5a2c-4a72-9f81-ed1321f551ca@group-13364FE26125, cid=2897, SUCCESS, logIndex=4748, commits[e6065258-5a2c-4a72-9f81-ed1321f551ca:c4748]
2019-06-14 09:09:44,266 INFO  client.GrpcClientProtocolClient (GrpcClientProtocolClient.java:onNext(254)) - client-C0E347E82FC5->e6065258-5a2c-4a72-9f81-ed1321f551ca: receive RaftClientReply:client-C0E347E82FC5->e6065258-5a2c-4a72-9f81-ed1321f551ca@group-13364FE26125, cid=2898, SUCCESS, logIndex=4750, commits[e6065258-5a2c-4a72-9f81-ed1321f551ca:c4751]
2019-06-14 09:09:44,268 INFO  client.GrpcClientProtocolClient (GrpcClientProtocolClient.java:onNext(254)) - client-C0E347E82FC5->e6065258-5a2c-4a72-9f81-ed1321f551ca: receive RaftClientReply:client-C0E347E82FC5->e6065258-5a2c-4a72-9f81-ed1321f551ca@group-13364FE26125, cid=2899, SUCCESS, logIndex=4752, commits[e6065258-5a2c-4a72-9f81-ed1321f551ca:c4752]
2019-06-14 09:09:44,269 INFO  client.GrpcClientProtocolClient (GrpcClientProtocolClient.java:onNext(254)) - client-C0E347E82FC5->e6065258-5a2c-4a72-9f81-ed1321f551ca: receive RaftClientReply:client-C0E347E82FC5->e6065258-5a2c-4a72-9f81-ed1321f551ca@group-13364FE26125, cid=2900, SUCCESS, logIndex=4753, commits[e6065258-5a2c-4a72-9f81-ed1321f551ca:c4753]
2019-06-14 09:09:44,274 INFO  client.GrpcClientProtocolClient (GrpcClientProtocolClient.java:onNext(254)) - client-C0E347E82FC5->e6065258-5a2c-4a72-9f81-ed1321f551ca: receive RaftClientReply:client-C0E347E82FC5->e6065258-5a2c-4a72-9f81-ed1321f551ca@group-13364FE26125, cid=2901, SUCCESS, logIndex=4756, commits[e6065258-5a2c-4a72-9f81-ed1321f551ca:c4756]
2019-06-14 09:09:44,275 INFO  client.GrpcClientProtocolClient (GrpcClientProtocolClient.java:onNext(254)) - client-C0E347E82FC5->e6065258-5a2c-4a72-9f81-ed1321f551ca: receive RaftClientReply:client-C0E347E82FC5->e6065258-5a2c-4a72-9f81-ed1321f551ca@group-13364FE26125, cid=2902, SUCCESS, logIndex=4758, commits[e6065258-5a2c-4a72-9f81-ed1321f551ca:c4758]
2019-06-14 09:09:44,276 INFO  client.GrpcClientProtocolClient (GrpcClientProtocolClient.java:onNext(254)) - client-C0E347E82FC5->e6065258-5a2c-4a72-9f81-ed1321f551ca: receive RaftClientReply:client-C0E347E82FC5->e6065258-5a2c-4a72-9f81-ed1321f551ca@group-13364FE26125, cid=2903, SUCCESS, logIndex=4759, commits[e6065258-5a2c-4a72-9f81-ed1321f551ca:c4761]
2019-06-14 09:09:44,276 INFO  client.GrpcClientProtocolClient (GrpcClientProtocolClient.java:onNext(254)) - client-C0E347E82FC5->e6065258-5a2c-4a72-9f81-ed1321f551ca: receive RaftClientReply:client-C0E347E82FC5->e6065258-5a2c-4a72-9f81-ed1321f551ca@group-13364FE26125, cid=2904, SUCCESS, logIndex=4760, commits[e6065258-5a2c-4a72-9f81-ed1321f551ca:c4761]
2019-06-14 09:09:44,286 INFO  client.GrpcClientProtocolClient (GrpcClientProtocolClient.java:onNext(254)) - client-C0E347E82FC5->e6065258-5a2c-4a72-9f81-ed1321f551ca: receive RaftClientReply:client-C0E347E82FC5->e6065258-5a2c-4a72-9f81-ed1321f551ca@group-13364FE26125, cid=2905, SUCCESS, logIndex=4762, commits[e6065258-5a2c-4a72-9f81-ed1321f551ca:c4762]
2019-06-14 09:09:44,288 INFO  client.GrpcClientProtocolClient (GrpcClientProtocolClient.java:onNext(254)) - client-C0E347E82FC5->e6065258-5a2c-4a72-9f81-ed1321f551ca: receive RaftClientReply:client-C0E347E82FC5->e6065258-5a2c-4a72-9f81-ed1321f551ca@group-13364FE26125, cid=2906, SUCCESS, logIndex=4764, commits[e6065258-5a2c-4a72-9f81-ed1321f551ca:c4764]
2019-06-14 09:09:44,289 INFO  client.GrpcClientProtocolClient (GrpcClientProtocolClient.java:onNext(254)) - client-C0E347E82FC5->e6065258-5a2c-4a72-9f81-ed1321f551ca: receive RaftClientReply:client-C0E347E82FC5->e6065258-5a2c-4a72-9f81-ed1321f551ca@group-13364FE26125, cid=2907, SUCCESS, logIndex=4765, commits[e6065258-5a2c-4a72-9f81-ed1321f551ca:c4767]
2019-06-14 09:09:44,289 INFO  client.GrpcClientProtocolClient (GrpcClientProtocolClient.java:onNext(254)) - client-C0E347E82FC5->e6065258-5a2c-4a72-9f81-ed1321f551ca: receive RaftClientReply:client-C0E347E82FC5->e6065258-5a2c-4a72-9f81-ed1321f551ca@group-13364FE26125, cid=2908, SUCCESS, logIndex=4766, commits[e6065258-5a2c-4a72-9f81-ed1321f551ca:c4767]
2019-06-14 09:09:44,294 INFO  client.GrpcClientProtocolClient (GrpcClientProtocolClient.java:onNext(254)) - client-C0E347E82FC5->e6065258-5a2c-4a72-9f81-ed1321f551ca: receive RaftClientReply:client-C0E347E82FC5->e6065258-5a2c-4a72-9f81-ed1321f551ca@group-13364FE26125, cid=2909, SUCCESS, logIndex=4768, commits[e6065258-5a2c-4a72-9f81-ed1321f551ca:c4768]
2019-06-14 09:09:44,295 INFO  client.GrpcClientProtocolClient (GrpcClientProtocolClient.java:onNext(254)) - client-C0E347E82FC5->e6065258-5a2c-4a72-9f81-ed1321f551ca: receive RaftClientReply:client-C0E347E82FC5->e6065258-5a2c-4a72-9f81-ed1321f551ca@group-13364FE26125, cid=2910, SUCCESS, logIndex=4770, commits[e6065258-5a2c-4a72-9f81-ed1321f551ca:c4770]
2019-06-14 09:09:44,296 INFO  client.GrpcClientProtocolClient (GrpcClientProtocolClient.java:onNext(254)) - client-C0E347E82FC5->e6065258-5a2c-4a72-9f81-ed1321f551ca: receive RaftClientReply:client-C0E347E82FC5->e6065258-5a2c-4a72-9f81-ed1321f551ca@group-13364FE26125, cid=2911, SUCCESS, logIndex=4771, commits[e6065258-5a2c-4a72-9f81-ed1321f551ca:c4773]
2019-06-14 09:09:44,296 INFO  client.GrpcClientProtocolClient (GrpcClientProtocolClient.java:onNext(254)) - client-C0E347E82FC5->e6065258-5a2c-4a72-9f81-ed1321f551ca: receive RaftClientReply:client-C0E347E82FC5->e6065258-5a2c-4a72-9f81-ed1321f551ca@group-13364FE26125, cid=2912, SUCCESS, logIndex=4772, commits[e6065258-5a2c-4a72-9f81-ed1321f551ca:c4773]
2019-06-14 09:09:44,306 INFO  client.GrpcClientProtocolClient (GrpcClientProtocolClient.java:onNext(254)) - client-C0E347E82FC5->e6065258-5a2c-4a72-9f81-ed1321f551ca: receive RaftClientReply:client-C0E347E82FC5->e6065258-5a2c-4a72-9f81-ed1321f551ca@group-13364FE26125, cid=2913, SUCCESS, logIndex=4774, commits[e6065258-5a2c-4a72-9f81-ed1321f551ca:c4774]
2019-06-14 09:09:44,307 INFO  client.GrpcClientProtocolClient (GrpcClientProtocolClient.java:onNext(254)) - client-C0E347E82FC5->e6065258-5a2c-4a72-9f81-ed1321f551ca: receive RaftClientReply:client-C0E347E82FC5->e6065258-5a2c-4a72-9f81-ed1321f551ca@group-13364FE26125, cid=2914, SUCCESS, logIndex=4776, commits[e6065258-5a2c-4a72-9f81-ed1321f551ca:c4776]
2019-06-14 09:09:44,309 INFO  client.GrpcClientProtocolClient (GrpcClientProtocolClient.java:onNext(254)) - client-C0E347E82FC5->e6065258-5a2c-4a72-9f81-ed1321f551ca: receive RaftClientReply:client-C0E347E82FC5->e6065258-5a2c-4a72-9f81-ed1321f551ca@group-13364FE26125, cid=2915, SUCCESS, logIndex=4778, commits[e6065258-5a2c-4a72-9f81-ed1321f551ca:c4779]
2019-06-14 09:09:44,310 INFO  client.GrpcClientProtocolClient (GrpcClientProtocolClient.java:onNext(254)) - client-C0E347E82FC5->e6065258-5a2c-4a72-9f81-ed1321f551ca: receive RaftClientReply:client-C0E347E82FC5->e6065258-5a2c-4a72-9f81-ed1321f551ca@group-13364FE26125, cid=2916, SUCCESS, logIndex=4779, commits[e6065258-5a2c-4a72-9f81-ed1321f551ca:c4779]
2019-06-14 09:09:44,313 DEBUG block.SCMBlockDeletingService (SCMBlockDeletingService.java:call(138)) - Running DeletedBlockTransactionScanner
2019-06-14 09:09:44,313 DEBUG block.SCMBlockDeletingService (SCMBlockDeletingService.java:call(155)) - Scanned deleted blocks log and got 0 delTX to process.
2019-06-14 09:09:44,381 INFO  client.GrpcClientProtocolClient (GrpcClientProtocolClient.java:onNext(254)) - client-C0E347E82FC5->e6065258-5a2c-4a72-9f81-ed1321f551ca: receive RaftClientReply:client-C0E347E82FC5->e6065258-5a2c-4a72-9f81-ed1321f551ca@group-13364FE26125, cid=2917, SUCCESS, logIndex=4781, commits[e6065258-5a2c-4a72-9f81-ed1321f551ca:c4781]
2019-06-14 09:09:44,382 INFO  client.GrpcClientProtocolClient (GrpcClientProtocolClient.java:onNext(254)) - client-C0E347E82FC5->e6065258-5a2c-4a72-9f81-ed1321f551ca: receive RaftClientReply:client-C0E347E82FC5->e6065258-5a2c-4a72-9f81-ed1321f551ca@group-13364FE26125, cid=2918, SUCCESS, logIndex=4783, commits[e6065258-5a2c-4a72-9f81-ed1321f551ca:c4783]
2019-06-14 09:09:44,383 INFO  client.GrpcClientProtocolClient (GrpcClientProtocolClient.java:onNext(254)) - client-C0E347E82FC5->e6065258-5a2c-4a72-9f81-ed1321f551ca: receive RaftClientReply:client-C0E347E82FC5->e6065258-5a2c-4a72-9f81-ed1321f551ca@group-13364FE26125, cid=2919, SUCCESS, logIndex=4784, commits[e6065258-5a2c-4a72-9f81-ed1321f551ca:c4786]
2019-06-14 09:09:44,383 INFO  client.GrpcClientProtocolClient (GrpcClientProtocolClient.java:onNext(254)) - client-C0E347E82FC5->e6065258-5a2c-4a72-9f81-ed1321f551ca: receive RaftClientReply:client-C0E347E82FC5->e6065258-5a2c-4a72-9f81-ed1321f551ca@group-13364FE26125, cid=2920, SUCCESS, logIndex=4785, commits[e6065258-5a2c-4a72-9f81-ed1321f551ca:c4786]
2019-06-14 09:09:44,393 INFO  client.GrpcClientProtocolClient (GrpcClientProtocolClient.java:onNext(254)) - client-C0E347E82FC5->e6065258-5a2c-4a72-9f81-ed1321f551ca: receive RaftClientReply:client-C0E347E82FC5->e6065258-5a2c-4a72-9f81-ed1321f551ca@group-13364FE26125, cid=2921, SUCCESS, logIndex=4787, commits[e6065258-5a2c-4a72-9f81-ed1321f551ca:c4787]
2019-06-14 09:09:44,394 INFO  client.GrpcClientProtocolClient (GrpcClientProtocolClient.java:onNext(254)) - client-C0E347E82FC5->e6065258-5a2c-4a72-9f81-ed1321f551ca: receive RaftClientReply:client-C0E347E82FC5->e6065258-5a2c-4a72-9f81-ed1321f551ca@group-13364FE26125, cid=2922, SUCCESS, logIndex=4789, commits[e6065258-5a2c-4a72-9f81-ed1321f551ca:c4789]
2019-06-14 09:09:44,395 INFO  client.GrpcClientProtocolClient (GrpcClientProtocolClient.java:onNext(254)) - client-C0E347E82FC5->e6065258-5a2c-4a72-9f81-ed1321f551ca: receive RaftClientReply:client-C0E347E82FC5->e6065258-5a2c-4a72-9f81-ed1321f551ca@group-13364FE26125, cid=2923, SUCCESS, logIndex=4790, commits[e6065258-5a2c-4a72-9f81-ed1321f551ca:c4792]
2019-06-14 09:09:44,396 INFO  client.GrpcClientProtocolClient (GrpcClientProtocolClient.java:onNext(254)) - client-C0E347E82FC5->e6065258-5a2c-4a72-9f81-ed1321f551ca: receive RaftClientReply:client-C0E347E82FC5->e6065258-5a2c-4a72-9f81-ed1321f551ca@group-13364FE26125, cid=2924, SUCCESS, logIndex=4791, commits[e6065258-5a2c-4a72-9f81-ed1321f551ca:c4792]
2019-06-14 09:09:44,400 INFO  client.GrpcClientProtocolClient (GrpcClientProtocolClient.java:onNext(254)) - client-C0E347E82FC5->e6065258-5a2c-4a72-9f81-ed1321f551ca: receive RaftClientReply:client-C0E347E82FC5->e6065258-5a2c-4a72-9f81-ed1321f551ca@group-13364FE26125, cid=2925, SUCCESS, logIndex=4793, commits[e6065258-5a2c-4a72-9f81-ed1321f551ca:c4793]
2019-06-14 09:09:44,401 INFO  storage.RaftLogWorker (RaftLogWorker.java:rollLogSegment(303)) - e6065258-5a2c-4a72-9f81-ed1321f551ca-RaftLogWorker: Rolling segment log-4730_4796 to index:4796
2019-06-14 09:09:44,402 INFO  storage.RaftLogWorker (RaftLogWorker.java:execute(433)) - e6065258-5a2c-4a72-9f81-ed1321f551ca-RaftLogWorker: Rolled log segment from /opt/src/hadoop-ozone/integration-test/target/test-dir/MiniOzoneClusterImpl-a56da109-a1cb-4168-8966-62306f2f2d23/datanode-0/data/ratis/920138aa-6f47-4d6d-b5cc-13364fe26125/current/log_inprogress_4730 to /opt/src/hadoop-ozone/integration-test/target/test-dir/MiniOzoneClusterImpl-a56da109-a1cb-4168-8966-62306f2f2d23/datanode-0/data/ratis/920138aa-6f47-4d6d-b5cc-13364fe26125/current/log_4730-4796
2019-06-14 09:09:44,403 INFO  client.GrpcClientProtocolClient (GrpcClientProtocolClient.java:onNext(254)) - client-C0E347E82FC5->e6065258-5a2c-4a72-9f81-ed1321f551ca: receive RaftClientReply:client-C0E347E82FC5->e6065258-5a2c-4a72-9f81-ed1321f551ca@group-13364FE26125, cid=2926, SUCCESS, logIndex=4795, commits[e6065258-5a2c-4a72-9f81-ed1321f551ca:c4796]
2019-06-14 09:09:44,406 INFO  client.GrpcClientProtocolClient (GrpcClientProtocolClient.java:onNext(254)) - client-C0E347E82FC5->e6065258-5a2c-4a72-9f81-ed1321f551ca: receive RaftClientReply:client-C0E347E82FC5->e6065258-5a2c-4a72-9f81-ed1321f551ca@group-13364FE26125, cid=2927, SUCCESS, logIndex=4796, commits[e6065258-5a2c-4a72-9f81-ed1321f551ca:c4796]
2019-06-14 09:09:44,414 DEBUG block.SCMBlockDeletingService (SCMBlockDeletingService.java:call(138)) - Running DeletedBlockTransactionScanner
2019-06-14 09:09:44,414 DEBUG block.SCMBlockDeletingService (SCMBlockDeletingService.java:call(155)) - Scanned deleted blocks log and got 0 delTX to process.
2019-06-14 09:09:44,438 INFO  storage.RaftLogWorker (RaftLogWorker.java:execute(469)) - e6065258-5a2c-4a72-9f81-ed1321f551ca-RaftLogWorker: created new log segment /opt/src/hadoop-ozone/integration-test/target/test-dir/MiniOzoneClusterImpl-a56da109-a1cb-4168-8966-62306f2f2d23/datanode-0/data/ratis/920138aa-6f47-4d6d-b5cc-13364fe26125/current/log_inprogress_4797
2019-06-14 09:09:44,439 INFO  client.GrpcClientProtocolClient (GrpcClientProtocolClient.java:onNext(254)) - client-C0E347E82FC5->e6065258-5a2c-4a72-9f81-ed1321f551ca: receive RaftClientReply:client-C0E347E82FC5->e6065258-5a2c-4a72-9f81-ed1321f551ca@group-13364FE26125, cid=2928, SUCCESS, logIndex=4797, commits[e6065258-5a2c-4a72-9f81-ed1321f551ca:c4799]
2019-06-14 09:09:44,449 INFO  client.GrpcClientProtocolClient (GrpcClientProtocolClient.java:onNext(254)) - client-C0E347E82FC5->e6065258-5a2c-4a72-9f81-ed1321f551ca: receive RaftClientReply:client-C0E347E82FC5->e6065258-5a2c-4a72-9f81-ed1321f551ca@group-13364FE26125, cid=2929, SUCCESS, logIndex=4800, commits[e6065258-5a2c-4a72-9f81-ed1321f551ca:c4800]
2019-06-14 09:09:44,451 INFO  client.GrpcClientProtocolClient (GrpcClientProtocolClient.java:onNext(254)) - client-C0E347E82FC5->e6065258-5a2c-4a72-9f81-ed1321f551ca: receive RaftClientReply:client-C0E347E82FC5->e6065258-5a2c-4a72-9f81-ed1321f551ca@group-13364FE26125, cid=2930, SUCCESS, logIndex=4802, commits[e6065258-5a2c-4a72-9f81-ed1321f551ca:c4802]
2019-06-14 09:09:44,451 INFO  client.GrpcClientProtocolClient (GrpcClientProtocolClient.java:onNext(254)) - client-C0E347E82FC5->e6065258-5a2c-4a72-9f81-ed1321f551ca: receive RaftClientReply:client-C0E347E82FC5->e6065258-5a2c-4a72-9f81-ed1321f551ca@group-13364FE26125, cid=2931, SUCCESS, logIndex=4803, commits[e6065258-5a2c-4a72-9f81-ed1321f551ca:c4804]
2019-06-14 09:09:44,452 INFO  client.GrpcClientProtocolClient (GrpcClientProtocolClient.java:onNext(254)) - client-C0E347E82FC5->e6065258-5a2c-4a72-9f81-ed1321f551ca: receive RaftClientReply:client-C0E347E82FC5->e6065258-5a2c-4a72-9f81-ed1321f551ca@group-13364FE26125, cid=2932, SUCCESS, logIndex=4804, commits[e6065258-5a2c-4a72-9f81-ed1321f551ca:c4804]
2019-06-14 09:09:44,457 INFO  client.GrpcClientProtocolClient (GrpcClientProtocolClient.java:onNext(254)) - client-C0E347E82FC5->e6065258-5a2c-4a72-9f81-ed1321f551ca: receive RaftClientReply:client-C0E347E82FC5->e6065258-5a2c-4a72-9f81-ed1321f551ca@group-13364FE26125, cid=2933, SUCCESS, logIndex=4807, commits[e6065258-5a2c-4a72-9f81-ed1321f551ca:c4807]
2019-06-14 09:09:44,458 INFO  client.GrpcClientProtocolClient (GrpcClientProtocolClient.java:onNext(254)) - client-C0E347E82FC5->e6065258-5a2c-4a72-9f81-ed1321f551ca: receive RaftClientReply:client-C0E347E82FC5->e6065258-5a2c-4a72-9f81-ed1321f551ca@group-13364FE26125, cid=2934, SUCCESS, logIndex=4809, commits[e6065258-5a2c-4a72-9f81-ed1321f551ca:c4809]
2019-06-14 09:09:44,459 INFO  client.GrpcClientProtocolClient (GrpcClientProtocolClient.java:onNext(254)) - client-C0E347E82FC5->e6065258-5a2c-4a72-9f81-ed1321f551ca: receive RaftClientReply:client-C0E347E82FC5->e6065258-5a2c-4a72-9f81-ed1321f551ca@group-13364FE26125, cid=2935, SUCCESS, logIndex=4810, commits[e6065258-5a2c-4a72-9f81-ed1321f551ca:c4812]
2019-06-14 09:09:44,460 INFO  client.GrpcClientProtocolClient (GrpcClientProtocolClient.java:onNext(254)) - client-C0E347E82FC5->e6065258-5a2c-4a72-9f81-ed1321f551ca: receive RaftClientReply:client-C0E347E82FC5->e6065258-5a2c-4a72-9f81-ed1321f551ca@group-13364FE26125, cid=2936, SUCCESS, logIndex=4811, commits[e6065258-5a2c-4a72-9f81-ed1321f551ca:c4812]
2019-06-14 09:09:44,471 INFO  client.GrpcClientProtocolClient (GrpcClientProtocolClient.java:onNext(254)) - client-C0E347E82FC5->e6065258-5a2c-4a72-9f81-ed1321f551ca: receive RaftClientReply:client-C0E347E82FC5->e6065258-5a2c-4a72-9f81-ed1321f551ca@group-13364FE26125, cid=2937, SUCCESS, logIndex=4813, commits[e6065258-5a2c-4a72-9f81-ed1321f551ca:c4813]
2019-06-14 09:09:44,472 INFO  client.GrpcClientProtocolClient (GrpcClientProtocolClient.java:onNext(254)) - client-C0E347E82FC5->e6065258-5a2c-4a72-9f81-ed1321f551ca: receive RaftClientReply:client-C0E347E82FC5->e6065258-5a2c-4a72-9f81-ed1321f551ca@group-13364FE26125, cid=2938, SUCCESS, logIndex=4815, commits[e6065258-5a2c-4a72-9f81-ed1321f551ca:c4815]
2019-06-14 09:09:44,473 INFO  client.GrpcClientProtocolClient (GrpcClientProtocolClient.java:onNext(254)) - client-C0E347E82FC5->e6065258-5a2c-4a72-9f81-ed1321f551ca: receive RaftClientReply:client-C0E347E82FC5->e6065258-5a2c-4a72-9f81-ed1321f551ca@group-13364FE26125, cid=2939, SUCCESS, logIndex=4816, commits[e6065258-5a2c-4a72-9f81-ed1321f551ca:c4817]
2019-06-14 09:09:44,473 INFO  client.GrpcClientProtocolClient (GrpcClientProtocolClient.java:onNext(254)) - client-C0E347E82FC5->e6065258-5a2c-4a72-9f81-ed1321f551ca: receive RaftClientReply:client-C0E347E82FC5->e6065258-5a2c-4a72-9f81-ed1321f551ca@group-13364FE26125, cid=2940, SUCCESS, logIndex=4817, commits[e6065258-5a2c-4a72-9f81-ed1321f551ca:c4819]
2019-06-14 09:09:44,479 INFO  client.GrpcClientProtocolClient (GrpcClientProtocolClient.java:onNext(254)) - client-C0E347E82FC5->e6065258-5a2c-4a72-9f81-ed1321f551ca: receive RaftClientReply:client-C0E347E82FC5->e6065258-5a2c-4a72-9f81-ed1321f551ca@group-13364FE26125, cid=2941, SUCCESS, logIndex=4820, commits[e6065258-5a2c-4a72-9f81-ed1321f551ca:c4820]
2019-06-14 09:09:44,480 INFO  client.GrpcClientProtocolClient (GrpcClientProtocolClient.java:onNext(254)) - client-C0E347E82FC5->e6065258-5a2c-4a72-9f81-ed1321f551ca: receive RaftClientReply:client-C0E347E82FC5->e6065258-5a2c-4a72-9f81-ed1321f551ca@group-13364FE26125, cid=2942, SUCCESS, logIndex=4822, commits[e6065258-5a2c-4a72-9f81-ed1321f551ca:c4822]
2019-06-14 09:09:44,481 INFO  client.GrpcClientProtocolClient (GrpcClientProtocolClient.java:onNext(254)) - client-C0E347E82FC5->e6065258-5a2c-4a72-9f81-ed1321f551ca: receive RaftClientReply:client-C0E347E82FC5->e6065258-5a2c-4a72-9f81-ed1321f551ca@group-13364FE26125, cid=2943, SUCCESS, logIndex=4823, commits[e6065258-5a2c-4a72-9f81-ed1321f551ca:c4825]
2019-06-14 09:09:44,481 INFO  client.GrpcClientProtocolClient (GrpcClientProtocolClient.java:onNext(254)) - client-C0E347E82FC5->e6065258-5a2c-4a72-9f81-ed1321f551ca: receive RaftClientReply:client-C0E347E82FC5->e6065258-5a2c-4a72-9f81-ed1321f551ca@group-13364FE26125, cid=2944, SUCCESS, logIndex=4824, commits[e6065258-5a2c-4a72-9f81-ed1321f551ca:c4825]
2019-06-14 09:09:44,492 INFO  client.GrpcClientProtocolClient (GrpcClientProtocolClient.java:onNext(254)) - client-C0E347E82FC5->e6065258-5a2c-4a72-9f81-ed1321f551ca: receive RaftClientReply:client-C0E347E82FC5->e6065258-5a2c-4a72-9f81-ed1321f551ca@group-13364FE26125, cid=2945, SUCCESS, logIndex=4826, commits[e6065258-5a2c-4a72-9f81-ed1321f551ca:c4826]
2019-06-14 09:09:44,493 INFO  client.GrpcClientProtocolClient (GrpcClientProtocolClient.java:onNext(254)) - client-C0E347E82FC5->e6065258-5a2c-4a72-9f81-ed1321f551ca: receive RaftClientReply:client-C0E347E82FC5->e6065258-5a2c-4a72-9f81-ed1321f551ca@group-13364FE26125, cid=2946, SUCCESS, logIndex=4828, commits[e6065258-5a2c-4a72-9f81-ed1321f551ca:c4828]
2019-06-14 09:09:44,494 INFO  client.GrpcClientProtocolClient (GrpcClientProtocolClient.java:onNext(254)) - client-C0E347E82FC5->e6065258-5a2c-4a72-9f81-ed1321f551ca: receive RaftClientReply:client-C0E347E82FC5->e6065258-5a2c-4a72-9f81-ed1321f551ca@group-13364FE26125, cid=2947, SUCCESS, logIndex=4829, commits[e6065258-5a2c-4a72-9f81-ed1321f551ca:c4829]
2019-06-14 09:09:44,495 INFO  client.GrpcClientProtocolClient (GrpcClientProtocolClient.java:onNext(254)) - client-C0E347E82FC5->e6065258-5a2c-4a72-9f81-ed1321f551ca: receive RaftClientReply:client-C0E347E82FC5->e6065258-5a2c-4a72-9f81-ed1321f551ca@group-13364FE26125, cid=2948, SUCCESS, logIndex=4831, commits[e6065258-5a2c-4a72-9f81-ed1321f551ca:c4831]
2019-06-14 09:09:44,500 INFO  client.GrpcClientProtocolClient (GrpcClientProtocolClient.java:onNext(254)) - client-C0E347E82FC5->e6065258-5a2c-4a72-9f81-ed1321f551ca: receive RaftClientReply:client-C0E347E82FC5->e6065258-5a2c-4a72-9f81-ed1321f551ca@group-13364FE26125, cid=2949, SUCCESS, logIndex=4834, commits[e6065258-5a2c-4a72-9f81-ed1321f551ca:c4834]
2019-06-14 09:09:44,501 INFO  client.GrpcClientProtocolClient (GrpcClientProtocolClient.java:onNext(254)) - client-C0E347E82FC5->e6065258-5a2c-4a72-9f81-ed1321f551ca: receive RaftClientReply:client-C0E347E82FC5->e6065258-5a2c-4a72-9f81-ed1321f551ca@group-13364FE26125, cid=2950, SUCCESS, logIndex=4836, commits[e6065258-5a2c-4a72-9f81-ed1321f551ca:c4836]
2019-06-14 09:09:44,502 INFO  client.GrpcClientProtocolClient (GrpcClientProtocolClient.java:onNext(254)) - client-C0E347E82FC5->e6065258-5a2c-4a72-9f81-ed1321f551ca: receive RaftClientReply:client-C0E347E82FC5->e6065258-5a2c-4a72-9f81-ed1321f551ca@group-13364FE26125, cid=2951, SUCCESS, logIndex=4837, commits[e6065258-5a2c-4a72-9f81-ed1321f551ca:c4839]
2019-06-14 09:09:44,503 INFO  client.GrpcClientProtocolClient (GrpcClientProtocolClient.java:onNext(254)) - client-C0E347E82FC5->e6065258-5a2c-4a72-9f81-ed1321f551ca: receive RaftClientReply:client-C0E347E82FC5->e6065258-5a2c-4a72-9f81-ed1321f551ca@group-13364FE26125, cid=2952, SUCCESS, logIndex=4838, commits[e6065258-5a2c-4a72-9f81-ed1321f551ca:c4839]
2019-06-14 09:09:44,512 INFO  client.GrpcClientProtocolClient (GrpcClientProtocolClient.java:onNext(254)) - client-C0E347E82FC5->e6065258-5a2c-4a72-9f81-ed1321f551ca: receive RaftClientReply:client-C0E347E82FC5->e6065258-5a2c-4a72-9f81-ed1321f551ca@group-13364FE26125, cid=2953, SUCCESS, logIndex=4840, commits[e6065258-5a2c-4a72-9f81-ed1321f551ca:c4840]
2019-06-14 09:09:44,514 DEBUG block.SCMBlockDeletingService (SCMBlockDeletingService.java:call(138)) - Running DeletedBlockTransactionScanner
2019-06-14 09:09:44,514 DEBUG block.SCMBlockDeletingService (SCMBlockDeletingService.java:call(155)) - Scanned deleted blocks log and got 0 delTX to process.
2019-06-14 09:09:44,515 INFO  client.GrpcClientProtocolClient (GrpcClientProtocolClient.java:onNext(254)) - client-C0E347E82FC5->e6065258-5a2c-4a72-9f81-ed1321f551ca: receive RaftClientReply:client-C0E347E82FC5->e6065258-5a2c-4a72-9f81-ed1321f551ca@group-13364FE26125, cid=2954, SUCCESS, logIndex=4842, commits[e6065258-5a2c-4a72-9f81-ed1321f551ca:c4844]
2019-06-14 09:09:44,515 INFO  client.GrpcClientProtocolClient (GrpcClientProtocolClient.java:onNext(254)) - client-C0E347E82FC5->e6065258-5a2c-4a72-9f81-ed1321f551ca: receive RaftClientReply:client-C0E347E82FC5->e6065258-5a2c-4a72-9f81-ed1321f551ca@group-13364FE26125, cid=2955, SUCCESS, logIndex=4843, commits[e6065258-5a2c-4a72-9f81-ed1321f551ca:c4844]
2019-06-14 09:09:44,515 INFO  client.GrpcClientProtocolClient (GrpcClientProtocolClient.java:onNext(254)) - client-C0E347E82FC5->e6065258-5a2c-4a72-9f81-ed1321f551ca: receive RaftClientReply:client-C0E347E82FC5->e6065258-5a2c-4a72-9f81-ed1321f551ca@group-13364FE26125, cid=2956, SUCCESS, logIndex=4844, commits[e6065258-5a2c-4a72-9f81-ed1321f551ca:c4844]
2019-06-14 09:09:44,520 INFO  client.GrpcClientProtocolClient (GrpcClientProtocolClient.java:onNext(254)) - client-C0E347E82FC5->e6065258-5a2c-4a72-9f81-ed1321f551ca: receive RaftClientReply:client-C0E347E82FC5->e6065258-5a2c-4a72-9f81-ed1321f551ca@group-13364FE26125, cid=2957, SUCCESS, logIndex=4846, commits[e6065258-5a2c-4a72-9f81-ed1321f551ca:c4846]
2019-06-14 09:09:44,522 INFO  client.GrpcClientProtocolClient (GrpcClientProtocolClient.java:onNext(254)) - client-C0E347E82FC5->e6065258-5a2c-4a72-9f81-ed1321f551ca: receive RaftClientReply:client-C0E347E82FC5->e6065258-5a2c-4a72-9f81-ed1321f551ca@group-13364FE26125, cid=2958, SUCCESS, logIndex=4848, commits[e6065258-5a2c-4a72-9f81-ed1321f551ca:c4848]
2019-06-14 09:09:44,523 INFO  client.GrpcClientProtocolClient (GrpcClientProtocolClient.java:onNext(254)) - client-C0E347E82FC5->e6065258-5a2c-4a72-9f81-ed1321f551ca: receive RaftClientReply:client-C0E347E82FC5->e6065258-5a2c-4a72-9f81-ed1321f551ca@group-13364FE26125, cid=2959, SUCCESS, logIndex=4849, commits[e6065258-5a2c-4a72-9f81-ed1321f551ca:c4851]
2019-06-14 09:09:44,523 INFO  client.GrpcClientProtocolClient (GrpcClientProtocolClient.java:onNext(254)) - client-C0E347E82FC5->e6065258-5a2c-4a72-9f81-ed1321f551ca: receive RaftClientReply:client-C0E347E82FC5->e6065258-5a2c-4a72-9f81-ed1321f551ca@group-13364FE26125, cid=2960, SUCCESS, logIndex=4850, commits[e6065258-5a2c-4a72-9f81-ed1321f551ca:c4851]
2019-06-14 09:09:44,598 INFO  client.GrpcClientProtocolClient (GrpcClientProtocolClient.java:onNext(254)) - client-C0E347E82FC5->e6065258-5a2c-4a72-9f81-ed1321f551ca: receive RaftClientReply:client-C0E347E82FC5->e6065258-5a2c-4a72-9f81-ed1321f551ca@group-13364FE26125, cid=2961, SUCCESS, logIndex=4852, commits[e6065258-5a2c-4a72-9f81-ed1321f551ca:c4852]
2019-06-14 09:09:44,599 INFO  client.GrpcClientProtocolClient (GrpcClientProtocolClient.java:onNext(254)) - client-C0E347E82FC5->e6065258-5a2c-4a72-9f81-ed1321f551ca: receive RaftClientReply:client-C0E347E82FC5->e6065258-5a2c-4a72-9f81-ed1321f551ca@group-13364FE26125, cid=2962, SUCCESS, logIndex=4854, commits[e6065258-5a2c-4a72-9f81-ed1321f551ca:c4854]
2019-06-14 09:09:44,601 INFO  client.GrpcClientProtocolClient (GrpcClientProtocolClient.java:onNext(254)) - client-C0E347E82FC5->e6065258-5a2c-4a72-9f81-ed1321f551ca: receive RaftClientReply:client-C0E347E82FC5->e6065258-5a2c-4a72-9f81-ed1321f551ca@group-13364FE26125, cid=2963, SUCCESS, logIndex=4855, commits[e6065258-5a2c-4a72-9f81-ed1321f551ca:c4857]
2019-06-14 09:09:44,601 INFO  client.GrpcClientProtocolClient (GrpcClientProtocolClient.java:onNext(254)) - client-C0E347E82FC5->e6065258-5a2c-4a72-9f81-ed1321f551ca: receive RaftClientReply:client-C0E347E82FC5->e6065258-5a2c-4a72-9f81-ed1321f551ca@group-13364FE26125, cid=2964, SUCCESS, logIndex=4856, commits[e6065258-5a2c-4a72-9f81-ed1321f551ca:c4857]
2019-06-14 09:09:44,607 INFO  client.GrpcClientProtocolClient (GrpcClientProtocolClient.java:onNext(254)) - client-C0E347E82FC5->e6065258-5a2c-4a72-9f81-ed1321f551ca: receive RaftClientReply:client-C0E347E82FC5->e6065258-5a2c-4a72-9f81-ed1321f551ca@group-13364FE26125, cid=2965, SUCCESS, logIndex=4858, commits[e6065258-5a2c-4a72-9f81-ed1321f551ca:c4858]
2019-06-14 09:09:44,608 INFO  client.GrpcClientProtocolClient (GrpcClientProtocolClient.java:onNext(254)) - client-C0E347E82FC5->e6065258-5a2c-4a72-9f81-ed1321f551ca: receive RaftClientReply:client-C0E347E82FC5->e6065258-5a2c-4a72-9f81-ed1321f551ca@group-13364FE26125, cid=2966, SUCCESS, logIndex=4860, commits[e6065258-5a2c-4a72-9f81-ed1321f551ca:c4860]
2019-06-14 09:09:44,609 INFO  client.GrpcClientProtocolClient (GrpcClientProtocolClient.java:onNext(254)) - client-C0E347E82FC5->e6065258-5a2c-4a72-9f81-ed1321f551ca: receive RaftClientReply:client-C0E347E82FC5->e6065258-5a2c-4a72-9f81-ed1321f551ca@group-13364FE26125, cid=2967, SUCCESS, logIndex=4861, commits[e6065258-5a2c-4a72-9f81-ed1321f551ca:c4863]
2019-06-14 09:09:44,609 INFO  client.GrpcClientProtocolClient (GrpcClientProtocolClient.java:onNext(254)) - client-C0E347E82FC5->e6065258-5a2c-4a72-9f81-ed1321f551ca: receive RaftClientReply:client-C0E347E82FC5->e6065258-5a2c-4a72-9f81-ed1321f551ca@group-13364FE26125, cid=2968, SUCCESS, logIndex=4862, commits[e6065258-5a2c-4a72-9f81-ed1321f551ca:c4863]
2019-06-14 09:09:44,615 DEBUG block.SCMBlockDeletingService (SCMBlockDeletingService.java:call(138)) - Running DeletedBlockTransactionScanner
2019-06-14 09:09:44,615 DEBUG block.SCMBlockDeletingService (SCMBlockDeletingService.java:call(155)) - Scanned deleted blocks log and got 0 delTX to process.
2019-06-14 09:09:44,658 INFO  client.GrpcClientProtocolClient (GrpcClientProtocolClient.java:onNext(254)) - client-C0E347E82FC5->e6065258-5a2c-4a72-9f81-ed1321f551ca: receive RaftClientReply:client-C0E347E82FC5->e6065258-5a2c-4a72-9f81-ed1321f551ca@group-13364FE26125, cid=2969, SUCCESS, logIndex=4864, commits[e6065258-5a2c-4a72-9f81-ed1321f551ca:c4864]
2019-06-14 09:09:44,659 INFO  storage.RaftLogWorker (RaftLogWorker.java:rollLogSegment(303)) - e6065258-5a2c-4a72-9f81-ed1321f551ca-RaftLogWorker: Rolling segment log-4797_4866 to index:4866
2019-06-14 09:09:44,659 INFO  storage.RaftLogWorker (RaftLogWorker.java:execute(433)) - e6065258-5a2c-4a72-9f81-ed1321f551ca-RaftLogWorker: Rolled log segment from /opt/src/hadoop-ozone/integration-test/target/test-dir/MiniOzoneClusterImpl-a56da109-a1cb-4168-8966-62306f2f2d23/datanode-0/data/ratis/920138aa-6f47-4d6d-b5cc-13364fe26125/current/log_inprogress_4797 to /opt/src/hadoop-ozone/integration-test/target/test-dir/MiniOzoneClusterImpl-a56da109-a1cb-4168-8966-62306f2f2d23/datanode-0/data/ratis/920138aa-6f47-4d6d-b5cc-13364fe26125/current/log_4797-4866
2019-06-14 09:09:44,664 INFO  client.GrpcClientProtocolClient (GrpcClientProtocolClient.java:onNext(254)) - client-C0E347E82FC5->e6065258-5a2c-4a72-9f81-ed1321f551ca: receive RaftClientReply:client-C0E347E82FC5->e6065258-5a2c-4a72-9f81-ed1321f551ca@group-13364FE26125, cid=2970, SUCCESS, logIndex=4866, commits[e6065258-5a2c-4a72-9f81-ed1321f551ca:c4866]
2019-06-14 09:09:44,696 INFO  storage.RaftLogWorker (RaftLogWorker.java:execute(469)) - e6065258-5a2c-4a72-9f81-ed1321f551ca-RaftLogWorker: created new log segment /opt/src/hadoop-ozone/integration-test/target/test-dir/MiniOzoneClusterImpl-a56da109-a1cb-4168-8966-62306f2f2d23/datanode-0/data/ratis/920138aa-6f47-4d6d-b5cc-13364fe26125/current/log_inprogress_4867
2019-06-14 09:09:44,697 INFO  client.GrpcClientProtocolClient (GrpcClientProtocolClient.java:onNext(254)) - client-C0E347E82FC5->e6065258-5a2c-4a72-9f81-ed1321f551ca: receive RaftClientReply:client-C0E347E82FC5->e6065258-5a2c-4a72-9f81-ed1321f551ca@group-13364FE26125, cid=2971, SUCCESS, logIndex=4867, commits[e6065258-5a2c-4a72-9f81-ed1321f551ca:c4869]
2019-06-14 09:09:44,698 INFO  client.GrpcClientProtocolClient (GrpcClientProtocolClient.java:onNext(254)) - client-C0E347E82FC5->e6065258-5a2c-4a72-9f81-ed1321f551ca: receive RaftClientReply:client-C0E347E82FC5->e6065258-5a2c-4a72-9f81-ed1321f551ca@group-13364FE26125, cid=2972, SUCCESS, logIndex=4868, commits[e6065258-5a2c-4a72-9f81-ed1321f551ca:c4869]
2019-06-14 09:09:44,703 INFO  client.GrpcClientProtocolClient (GrpcClientProtocolClient.java:onNext(254)) - client-C0E347E82FC5->e6065258-5a2c-4a72-9f81-ed1321f551ca: receive RaftClientReply:client-C0E347E82FC5->e6065258-5a2c-4a72-9f81-ed1321f551ca@group-13364FE26125, cid=2973, SUCCESS, logIndex=4870, commits[e6065258-5a2c-4a72-9f81-ed1321f551ca:c4870]
2019-06-14 09:09:44,704 INFO  client.GrpcClientProtocolClient (GrpcClientProtocolClient.java:onNext(254)) - client-C0E347E82FC5->e6065258-5a2c-4a72-9f81-ed1321f551ca: receive RaftClientReply:client-C0E347E82FC5->e6065258-5a2c-4a72-9f81-ed1321f551ca@group-13364FE26125, cid=2974, SUCCESS, logIndex=4872, commits[e6065258-5a2c-4a72-9f81-ed1321f551ca:c4872]
2019-06-14 09:09:44,706 INFO  client.GrpcClientProtocolClient (GrpcClientProtocolClient.java:onNext(254)) - client-C0E347E82FC5->e6065258-5a2c-4a72-9f81-ed1321f551ca: receive RaftClientReply:client-C0E347E82FC5->e6065258-5a2c-4a72-9f81-ed1321f551ca@group-13364FE26125, cid=2975, SUCCESS, logIndex=4873, commits[e6065258-5a2c-4a72-9f81-ed1321f551ca:c4875]
2019-06-14 09:09:44,706 INFO  client.GrpcClientProtocolClient (GrpcClientProtocolClient.java:onNext(254)) - client-C0E347E82FC5->e6065258-5a2c-4a72-9f81-ed1321f551ca: receive RaftClientReply:client-C0E347E82FC5->e6065258-5a2c-4a72-9f81-ed1321f551ca@group-13364FE26125, cid=2976, SUCCESS, logIndex=4874, commits[e6065258-5a2c-4a72-9f81-ed1321f551ca:c4875]
2019-06-14 09:09:44,715 INFO  client.GrpcClientProtocolClient (GrpcClientProtocolClient.java:onNext(254)) - client-C0E347E82FC5->e6065258-5a2c-4a72-9f81-ed1321f551ca: receive RaftClientReply:client-C0E347E82FC5->e6065258-5a2c-4a72-9f81-ed1321f551ca@group-13364FE26125, cid=2977, SUCCESS, logIndex=4876, commits[e6065258-5a2c-4a72-9f81-ed1321f551ca:c4876]
2019-06-14 09:09:44,715 DEBUG block.SCMBlockDeletingService (SCMBlockDeletingService.java:call(138)) - Running DeletedBlockTransactionScanner
2019-06-14 09:09:44,715 DEBUG block.SCMBlockDeletingService (SCMBlockDeletingService.java:call(155)) - Scanned deleted blocks log and got 0 delTX to process.
2019-06-14 09:09:44,717 INFO  client.GrpcClientProtocolClient (GrpcClientProtocolClient.java:onNext(254)) - client-C0E347E82FC5->e6065258-5a2c-4a72-9f81-ed1321f551ca: receive RaftClientReply:client-C0E347E82FC5->e6065258-5a2c-4a72-9f81-ed1321f551ca@group-13364FE26125, cid=2978, SUCCESS, logIndex=4878, commits[e6065258-5a2c-4a72-9f81-ed1321f551ca:c4880]
2019-06-14 09:09:44,717 INFO  client.GrpcClientProtocolClient (GrpcClientProtocolClient.java:onNext(254)) - client-C0E347E82FC5->e6065258-5a2c-4a72-9f81-ed1321f551ca: receive RaftClientReply:client-C0E347E82FC5->e6065258-5a2c-4a72-9f81-ed1321f551ca@group-13364FE26125, cid=2979, SUCCESS, logIndex=4879, commits[e6065258-5a2c-4a72-9f81-ed1321f551ca:c4880]
2019-06-14 09:09:44,718 INFO  client.GrpcClientProtocolClient (GrpcClientProtocolClient.java:onNext(254)) - client-C0E347E82FC5->e6065258-5a2c-4a72-9f81-ed1321f551ca: receive RaftClientReply:client-C0E347E82FC5->e6065258-5a2c-4a72-9f81-ed1321f551ca@group-13364FE26125, cid=2980, SUCCESS, logIndex=4880, commits[e6065258-5a2c-4a72-9f81-ed1321f551ca:c4881]
2019-06-14 09:09:44,722 INFO  client.GrpcClientProtocolClient (GrpcClientProtocolClient.java:onNext(254)) - client-C0E347E82FC5->e6065258-5a2c-4a72-9f81-ed1321f551ca: receive RaftClientReply:client-C0E347E82FC5->e6065258-5a2c-4a72-9f81-ed1321f551ca@group-13364FE26125, cid=2981, SUCCESS, logIndex=4882, commits[e6065258-5a2c-4a72-9f81-ed1321f551ca:c4882]
2019-06-14 09:09:44,724 INFO  client.GrpcClientProtocolClient (GrpcClientProtocolClient.java:onNext(254)) - client-C0E347E82FC5->e6065258-5a2c-4a72-9f81-ed1321f551ca: receive RaftClientReply:client-C0E347E82FC5->e6065258-5a2c-4a72-9f81-ed1321f551ca@group-13364FE26125, cid=2982, SUCCESS, logIndex=4884, commits[e6065258-5a2c-4a72-9f81-ed1321f551ca:c4884]
2019-06-14 09:09:44,725 INFO  client.GrpcClientProtocolClient (GrpcClientProtocolClient.java:onNext(254)) - client-C0E347E82FC5->e6065258-5a2c-4a72-9f81-ed1321f551ca: receive RaftClientReply:client-C0E347E82FC5->e6065258-5a2c-4a72-9f81-ed1321f551ca@group-13364FE26125, cid=2983, SUCCESS, logIndex=4885, commits[e6065258-5a2c-4a72-9f81-ed1321f551ca:c4887]
2019-06-14 09:09:44,725 INFO  client.GrpcClientProtocolClient (GrpcClientProtocolClient.java:onNext(254)) - client-C0E347E82FC5->e6065258-5a2c-4a72-9f81-ed1321f551ca: receive RaftClientReply:client-C0E347E82FC5->e6065258-5a2c-4a72-9f81-ed1321f551ca@group-13364FE26125, cid=2984, SUCCESS, logIndex=4886, commits[e6065258-5a2c-4a72-9f81-ed1321f551ca:c4887]
2019-06-14 09:09:44,734 INFO  client.GrpcClientProtocolClient (GrpcClientProtocolClient.java:onNext(254)) - client-C0E347E82FC5->e6065258-5a2c-4a72-9f81-ed1321f551ca: receive RaftClientReply:client-C0E347E82FC5->e6065258-5a2c-4a72-9f81-ed1321f551ca@group-13364FE26125, cid=2985, SUCCESS, logIndex=4888, commits[e6065258-5a2c-4a72-9f81-ed1321f551ca:c4888]
2019-06-14 09:09:44,742 INFO  client.GrpcClientProtocolClient (GrpcClientProtocolClient.java:onNext(254)) - client-C0E347E82FC5->e6065258-5a2c-4a72-9f81-ed1321f551ca: receive RaftClientReply:client-C0E347E82FC5->e6065258-5a2c-4a72-9f81-ed1321f551ca@group-13364FE26125, cid=2986, SUCCESS, logIndex=4890, commits[e6065258-5a2c-4a72-9f81-ed1321f551ca:c4890]
2019-06-14 09:09:44,742 INFO  client.GrpcClientProtocolClient (GrpcClientProtocolClient.java:onNext(254)) - client-C0E347E82FC5->e6065258-5a2c-4a72-9f81-ed1321f551ca: receive RaftClientReply:client-C0E347E82FC5->e6065258-5a2c-4a72-9f81-ed1321f551ca@group-13364FE26125, cid=2987, SUCCESS, logIndex=4891, commits[e6065258-5a2c-4a72-9f81-ed1321f551ca:c4893]
2019-06-14 09:09:44,742 INFO  client.GrpcClientProtocolClient (GrpcClientProtocolClient.java:onNext(254)) - client-C0E347E82FC5->e6065258-5a2c-4a72-9f81-ed1321f551ca: receive RaftClientReply:client-C0E347E82FC5->e6065258-5a2c-4a72-9f81-ed1321f551ca@group-13364FE26125, cid=2988, SUCCESS, logIndex=4892, commits[e6065258-5a2c-4a72-9f81-ed1321f551ca:c4893]
2019-06-14 09:09:44,747 INFO  client.GrpcClientProtocolClient (GrpcClientProtocolClient.java:onNext(254)) - client-C0E347E82FC5->e6065258-5a2c-4a72-9f81-ed1321f551ca: receive RaftClientReply:client-C0E347E82FC5->e6065258-5a2c-4a72-9f81-ed1321f551ca@group-13364FE26125, cid=2989, SUCCESS, logIndex=4894, commits[e6065258-5a2c-4a72-9f81-ed1321f551ca:c4894]
2019-06-14 09:09:44,749 INFO  client.GrpcClientProtocolClient (GrpcClientProtocolClient.java:onNext(254)) - client-C0E347E82FC5->e6065258-5a2c-4a72-9f81-ed1321f551ca: receive RaftClientReply:client-C0E347E82FC5->e6065258-5a2c-4a72-9f81-ed1321f551ca@group-13364FE26125, cid=2990, SUCCESS, logIndex=4896, commits[e6065258-5a2c-4a72-9f81-ed1321f551ca:c4896]
2019-06-14 09:09:44,750 INFO  client.GrpcClientProtocolClient (GrpcClientProtocolClient.java:onNext(254)) - client-C0E347E82FC5->e6065258-5a2c-4a72-9f81-ed1321f551ca: receive RaftClientReply:client-C0E347E82FC5->e6065258-5a2c-4a72-9f81-ed1321f551ca@group-13364FE26125, cid=2991, SUCCESS, logIndex=4897, commits[e6065258-5a2c-4a72-9f81-ed1321f551ca:c4899]
2019-06-14 09:09:44,753 INFO  client.GrpcClientProtocolClient (GrpcClientProtocolClient.java:onNext(254)) - client-C0E347E82FC5->e6065258-5a2c-4a72-9f81-ed1321f551ca: receive RaftClientReply:client-C0E347E82FC5->e6065258-5a2c-4a72-9f81-ed1321f551ca@group-13364FE26125, cid=2992, SUCCESS, logIndex=4898, commits[e6065258-5a2c-4a72-9f81-ed1321f551ca:c4899]
2019-06-14 09:09:44,763 INFO  client.GrpcClientProtocolClient (GrpcClientProtocolClient.java:onNext(254)) - client-C0E347E82FC5->e6065258-5a2c-4a72-9f81-ed1321f551ca: receive RaftClientReply:client-C0E347E82FC5->e6065258-5a2c-4a72-9f81-ed1321f551ca@group-13364FE26125, cid=2993, SUCCESS, logIndex=4900, commits[e6065258-5a2c-4a72-9f81-ed1321f551ca:c4900]
2019-06-14 09:09:44,765 INFO  client.GrpcClientProtocolClient (GrpcClientProtocolClient.java:onNext(254)) - client-C0E347E82FC5->e6065258-5a2c-4a72-9f81-ed1321f551ca: receive RaftClientReply:client-C0E347E82FC5->e6065258-5a2c-4a72-9f81-ed1321f551ca@group-13364FE26125, cid=2994, SUCCESS, logIndex=4902, commits[e6065258-5a2c-4a72-9f81-ed1321f551ca:c4902]
2019-06-14 09:09:44,766 INFO  client.GrpcClientProtocolClient (GrpcClientProtocolClient.java:onNext(254)) - client-C0E347E82FC5->e6065258-5a2c-4a72-9f81-ed1321f551ca: receive RaftClientReply:client-C0E347E82FC5->e6065258-5a2c-4a72-9f81-ed1321f551ca@group-13364FE26125, cid=2995, SUCCESS, logIndex=4903, commits[e6065258-5a2c-4a72-9f81-ed1321f551ca:c4905]
2019-06-14 09:09:44,766 INFO  client.GrpcClientProtocolClient (GrpcClientProtocolClient.java:onNext(254)) - client-C0E347E82FC5->e6065258-5a2c-4a72-9f81-ed1321f551ca: receive RaftClientReply:client-C0E347E82FC5->e6065258-5a2c-4a72-9f81-ed1321f551ca@group-13364FE26125, cid=2996, SUCCESS, logIndex=4904, commits[e6065258-5a2c-4a72-9f81-ed1321f551ca:c4905]
2019-06-14 09:09:44,771 INFO  client.GrpcClientProtocolClient (GrpcClientProtocolClient.java:onNext(254)) - client-C0E347E82FC5->e6065258-5a2c-4a72-9f81-ed1321f551ca: receive RaftClientReply:client-C0E347E82FC5->e6065258-5a2c-4a72-9f81-ed1321f551ca@group-13364FE26125, cid=2997, SUCCESS, logIndex=4906, commits[e6065258-5a2c-4a72-9f81-ed1321f551ca:c4906]
2019-06-14 09:09:44,773 INFO  client.GrpcClientProtocolClient (GrpcClientProtocolClient.java:onNext(254)) - client-C0E347E82FC5->e6065258-5a2c-4a72-9f81-ed1321f551ca: receive RaftClientReply:client-C0E347E82FC5->e6065258-5a2c-4a72-9f81-ed1321f551ca@group-13364FE26125, cid=2998, SUCCESS, logIndex=4908, commits[e6065258-5a2c-4a72-9f81-ed1321f551ca:c4908]
2019-06-14 09:09:44,773 INFO  client.GrpcClientProtocolClient (GrpcClientProtocolClient.java:onNext(254)) - client-C0E347E82FC5->e6065258-5a2c-4a72-9f81-ed1321f551ca: receive RaftClientReply:client-C0E347E82FC5->e6065258-5a2c-4a72-9f81-ed1321f551ca@group-13364FE26125, cid=2999, SUCCESS, logIndex=4909, commits[e6065258-5a2c-4a72-9f81-ed1321f551ca:c4909]
2019-06-14 09:09:44,774 INFO  client.GrpcClientProtocolClient (GrpcClientProtocolClient.java:onNext(254)) - client-C0E347E82FC5->e6065258-5a2c-4a72-9f81-ed1321f551ca: receive RaftClientReply:client-C0E347E82FC5->e6065258-5a2c-4a72-9f81-ed1321f551ca@group-13364FE26125, cid=3000, SUCCESS, logIndex=4911, commits[e6065258-5a2c-4a72-9f81-ed1321f551ca:c4911]
2019-06-14 09:09:44,784 INFO  client.GrpcClientProtocolClient (GrpcClientProtocolClient.java:onNext(254)) - client-C0E347E82FC5->e6065258-5a2c-4a72-9f81-ed1321f551ca: receive RaftClientReply:client-C0E347E82FC5->e6065258-5a2c-4a72-9f81-ed1321f551ca@group-13364FE26125, cid=3001, SUCCESS, logIndex=4914, commits[e6065258-5a2c-4a72-9f81-ed1321f551ca:c4914]
2019-06-14 09:09:44,786 INFO  client.GrpcClientProtocolClient (GrpcClientProtocolClient.java:onNext(254)) - client-C0E347E82FC5->e6065258-5a2c-4a72-9f81-ed1321f551ca: receive RaftClientReply:client-C0E347E82FC5->e6065258-5a2c-4a72-9f81-ed1321f551ca@group-13364FE26125, cid=3002, SUCCESS, logIndex=4916, commits[e6065258-5a2c-4a72-9f81-ed1321f551ca:c4916]
2019-06-14 09:09:44,786 INFO  client.GrpcClientProtocolClient (GrpcClientProtocolClient.java:onNext(254)) - client-C0E347E82FC5->e6065258-5a2c-4a72-9f81-ed1321f551ca: receive RaftClientReply:client-C0E347E82FC5->e6065258-5a2c-4a72-9f81-ed1321f551ca@group-13364FE26125, cid=3003, SUCCESS, logIndex=4917, commits[e6065258-5a2c-4a72-9f81-ed1321f551ca:c4917]
2019-06-14 09:09:44,787 INFO  client.GrpcClientProtocolClient (GrpcClientProtocolClient.java:onNext(254)) - client-C0E347E82FC5->e6065258-5a2c-4a72-9f81-ed1321f551ca: receive RaftClientReply:client-C0E347E82FC5->e6065258-5a2c-4a72-9f81-ed1321f551ca@group-13364FE26125, cid=3004, SUCCESS, logIndex=4919, commits[e6065258-5a2c-4a72-9f81-ed1321f551ca:c4919]
2019-06-14 09:09:44,816 DEBUG block.SCMBlockDeletingService (SCMBlockDeletingService.java:call(138)) - Running DeletedBlockTransactionScanner
2019-06-14 09:09:44,816 DEBUG block.SCMBlockDeletingService (SCMBlockDeletingService.java:call(155)) - Scanned deleted blocks log and got 0 delTX to process.
2019-06-14 09:09:44,861 INFO  client.GrpcClientProtocolClient (GrpcClientProtocolClient.java:onNext(254)) - client-C0E347E82FC5->e6065258-5a2c-4a72-9f81-ed1321f551ca: receive RaftClientReply:client-C0E347E82FC5->e6065258-5a2c-4a72-9f81-ed1321f551ca@group-13364FE26125, cid=3005, SUCCESS, logIndex=4922, commits[e6065258-5a2c-4a72-9f81-ed1321f551ca:c4922]
2019-06-14 09:09:44,862 INFO  client.GrpcClientProtocolClient (GrpcClientProtocolClient.java:onNext(254)) - client-C0E347E82FC5->e6065258-5a2c-4a72-9f81-ed1321f551ca: receive RaftClientReply:client-C0E347E82FC5->e6065258-5a2c-4a72-9f81-ed1321f551ca@group-13364FE26125, cid=3006, SUCCESS, logIndex=4924, commits[e6065258-5a2c-4a72-9f81-ed1321f551ca:c4924]
2019-06-14 09:09:44,863 INFO  client.GrpcClientProtocolClient (GrpcClientProtocolClient.java:onNext(254)) - client-C0E347E82FC5->e6065258-5a2c-4a72-9f81-ed1321f551ca: receive RaftClientReply:client-C0E347E82FC5->e6065258-5a2c-4a72-9f81-ed1321f551ca@group-13364FE26125, cid=3007, SUCCESS, logIndex=4925, commits[e6065258-5a2c-4a72-9f81-ed1321f551ca:c4927]
2019-06-14 09:09:44,863 INFO  client.GrpcClientProtocolClient (GrpcClientProtocolClient.java:onNext(254)) - client-C0E347E82FC5->e6065258-5a2c-4a72-9f81-ed1321f551ca: receive RaftClientReply:client-C0E347E82FC5->e6065258-5a2c-4a72-9f81-ed1321f551ca@group-13364FE26125, cid=3008, SUCCESS, logIndex=4926, commits[e6065258-5a2c-4a72-9f81-ed1321f551ca:c4927]
2019-06-14 09:09:44,872 INFO  client.GrpcClientProtocolClient (GrpcClientProtocolClient.java:onNext(254)) - client-C0E347E82FC5->e6065258-5a2c-4a72-9f81-ed1321f551ca: receive RaftClientReply:client-C0E347E82FC5->e6065258-5a2c-4a72-9f81-ed1321f551ca@group-13364FE26125, cid=3009, SUCCESS, logIndex=4928, commits[e6065258-5a2c-4a72-9f81-ed1321f551ca:c4928]
2019-06-14 09:09:44,874 INFO  client.GrpcClientProtocolClient (GrpcClientProtocolClient.java:onNext(254)) - client-C0E347E82FC5->e6065258-5a2c-4a72-9f81-ed1321f551ca: receive RaftClientReply:client-C0E347E82FC5->e6065258-5a2c-4a72-9f81-ed1321f551ca@group-13364FE26125, cid=3010, SUCCESS, logIndex=4930, commits[e6065258-5a2c-4a72-9f81-ed1321f551ca:c4930]
2019-06-14 09:09:44,875 INFO  client.GrpcClientProtocolClient (GrpcClientProtocolClient.java:onNext(254)) - client-C0E347E82FC5->e6065258-5a2c-4a72-9f81-ed1321f551ca: receive RaftClientReply:client-C0E347E82FC5->e6065258-5a2c-4a72-9f81-ed1321f551ca@group-13364FE26125, cid=3011, SUCCESS, logIndex=4931, commits[e6065258-5a2c-4a72-9f81-ed1321f551ca:c4933]
2019-06-14 09:09:44,875 INFO  client.GrpcClientProtocolClient (GrpcClientProtocolClient.java:onNext(254)) - client-C0E347E82FC5->e6065258-5a2c-4a72-9f81-ed1321f551ca: receive RaftClientReply:client-C0E347E82FC5->e6065258-5a2c-4a72-9f81-ed1321f551ca@group-13364FE26125, cid=3012, SUCCESS, logIndex=4932, commits[e6065258-5a2c-4a72-9f81-ed1321f551ca:c4933]
2019-06-14 09:09:44,879 INFO  client.GrpcClientProtocolClient (GrpcClientProtocolClient.java:onNext(254)) - client-C0E347E82FC5->e6065258-5a2c-4a72-9f81-ed1321f551ca: receive RaftClientReply:client-C0E347E82FC5->e6065258-5a2c-4a72-9f81-ed1321f551ca@group-13364FE26125, cid=3013, SUCCESS, logIndex=4934, commits[e6065258-5a2c-4a72-9f81-ed1321f551ca:c4934]
2019-06-14 09:09:44,880 INFO  storage.RaftLogWorker (RaftLogWorker.java:rollLogSegment(303)) - e6065258-5a2c-4a72-9f81-ed1321f551ca-RaftLogWorker: Rolling segment log-4867_4935 to index:4935
2019-06-14 09:09:44,880 INFO  storage.RaftLogWorker (RaftLogWorker.java:execute(433)) - e6065258-5a2c-4a72-9f81-ed1321f551ca-RaftLogWorker: Rolled log segment from /opt/src/hadoop-ozone/integration-test/target/test-dir/MiniOzoneClusterImpl-a56da109-a1cb-4168-8966-62306f2f2d23/datanode-0/data/ratis/920138aa-6f47-4d6d-b5cc-13364fe26125/current/log_inprogress_4867 to /opt/src/hadoop-ozone/integration-test/target/test-dir/MiniOzoneClusterImpl-a56da109-a1cb-4168-8966-62306f2f2d23/datanode-0/data/ratis/920138aa-6f47-4d6d-b5cc-13364fe26125/current/log_4867-4935
2019-06-14 09:09:44,915 INFO  storage.RaftLogWorker (RaftLogWorker.java:execute(469)) - e6065258-5a2c-4a72-9f81-ed1321f551ca-RaftLogWorker: created new log segment /opt/src/hadoop-ozone/integration-test/target/test-dir/MiniOzoneClusterImpl-a56da109-a1cb-4168-8966-62306f2f2d23/datanode-0/data/ratis/920138aa-6f47-4d6d-b5cc-13364fe26125/current/log_inprogress_4936
2019-06-14 09:09:44,916 DEBUG block.SCMBlockDeletingService (SCMBlockDeletingService.java:call(138)) - Running DeletedBlockTransactionScanner
2019-06-14 09:09:44,916 DEBUG block.SCMBlockDeletingService (SCMBlockDeletingService.java:call(155)) - Scanned deleted blocks log and got 0 delTX to process.
2019-06-14 09:09:44,917 INFO  client.GrpcClientProtocolClient (GrpcClientProtocolClient.java:onNext(254)) - client-C0E347E82FC5->e6065258-5a2c-4a72-9f81-ed1321f551ca: receive RaftClientReply:client-C0E347E82FC5->e6065258-5a2c-4a72-9f81-ed1321f551ca@group-13364FE26125, cid=3014, SUCCESS, logIndex=4936, commits[e6065258-5a2c-4a72-9f81-ed1321f551ca:c4938]
2019-06-14 09:09:44,917 INFO  client.GrpcClientProtocolClient (GrpcClientProtocolClient.java:onNext(254)) - client-C0E347E82FC5->e6065258-5a2c-4a72-9f81-ed1321f551ca: receive RaftClientReply:client-C0E347E82FC5->e6065258-5a2c-4a72-9f81-ed1321f551ca@group-13364FE26125, cid=3015, SUCCESS, logIndex=4937, commits[e6065258-5a2c-4a72-9f81-ed1321f551ca:c4938]
2019-06-14 09:09:44,917 INFO  client.GrpcClientProtocolClient (GrpcClientProtocolClient.java:onNext(254)) - client-C0E347E82FC5->e6065258-5a2c-4a72-9f81-ed1321f551ca: receive RaftClientReply:client-C0E347E82FC5->e6065258-5a2c-4a72-9f81-ed1321f551ca@group-13364FE26125, cid=3016, SUCCESS, logIndex=4938, commits[e6065258-5a2c-4a72-9f81-ed1321f551ca:c4938]
2019-06-14 09:09:44,926 INFO  client.GrpcClientProtocolClient (GrpcClientProtocolClient.java:onNext(254)) - client-C0E347E82FC5->e6065258-5a2c-4a72-9f81-ed1321f551ca: receive RaftClientReply:client-C0E347E82FC5->e6065258-5a2c-4a72-9f81-ed1321f551ca@group-13364FE26125, cid=3017, SUCCESS, logIndex=4940, commits[e6065258-5a2c-4a72-9f81-ed1321f551ca:c4940]
2019-06-14 09:09:44,928 INFO  client.GrpcClientProtocolClient (GrpcClientProtocolClient.java:onNext(254)) - client-C0E347E82FC5->e6065258-5a2c-4a72-9f81-ed1321f551ca: receive RaftClientReply:client-C0E347E82FC5->e6065258-5a2c-4a72-9f81-ed1321f551ca@group-13364FE26125, cid=3018, SUCCESS, logIndex=4942, commits[e6065258-5a2c-4a72-9f81-ed1321f551ca:c4942]
2019-06-14 09:09:44,929 INFO  client.GrpcClientProtocolClient (GrpcClientProtocolClient.java:onNext(254)) - client-C0E347E82FC5->e6065258-5a2c-4a72-9f81-ed1321f551ca: receive RaftClientReply:client-C0E347E82FC5->e6065258-5a2c-4a72-9f81-ed1321f551ca@group-13364FE26125, cid=3019, SUCCESS, logIndex=4943, commits[e6065258-5a2c-4a72-9f81-ed1321f551ca:c4945]
2019-06-14 09:09:44,929 INFO  client.GrpcClientProtocolClient (GrpcClientProtocolClient.java:onNext(254)) - client-C0E347E82FC5->e6065258-5a2c-4a72-9f81-ed1321f551ca: receive RaftClientReply:client-C0E347E82FC5->e6065258-5a2c-4a72-9f81-ed1321f551ca@group-13364FE26125, cid=3020, SUCCESS, logIndex=4944, commits[e6065258-5a2c-4a72-9f81-ed1321f551ca:c4945]
2019-06-14 09:09:44,933 INFO  client.GrpcClientProtocolClient (GrpcClientProtocolClient.java:onNext(254)) - client-C0E347E82FC5->e6065258-5a2c-4a72-9f81-ed1321f551ca: receive RaftClientReply:client-C0E347E82FC5->e6065258-5a2c-4a72-9f81-ed1321f551ca@group-13364FE26125, cid=3021, SUCCESS, logIndex=4946, commits[e6065258-5a2c-4a72-9f81-ed1321f551ca:c4946]
2019-06-14 09:09:44,936 INFO  client.GrpcClientProtocolClient (GrpcClientProtocolClient.java:onNext(254)) - client-C0E347E82FC5->e6065258-5a2c-4a72-9f81-ed1321f551ca: receive RaftClientReply:client-C0E347E82FC5->e6065258-5a2c-4a72-9f81-ed1321f551ca@group-13364FE26125, cid=3022, SUCCESS, logIndex=4948, commits[e6065258-5a2c-4a72-9f81-ed1321f551ca:c4950]
2019-06-14 09:09:44,936 INFO  client.GrpcClientProtocolClient (GrpcClientProtocolClient.java:onNext(254)) - client-C0E347E82FC5->e6065258-5a2c-4a72-9f81-ed1321f551ca: receive RaftClientReply:client-C0E347E82FC5->e6065258-5a2c-4a72-9f81-ed1321f551ca@group-13364FE26125, cid=3023, SUCCESS, logIndex=4949, commits[e6065258-5a2c-4a72-9f81-ed1321f551ca:c4950]
2019-06-14 09:09:44,936 INFO  client.GrpcClientProtocolClient (GrpcClientProtocolClient.java:onNext(254)) - client-C0E347E82FC5->e6065258-5a2c-4a72-9f81-ed1321f551ca: receive RaftClientReply:client-C0E347E82FC5->e6065258-5a2c-4a72-9f81-ed1321f551ca@group-13364FE26125, cid=3024, SUCCESS, logIndex=4950, commits[e6065258-5a2c-4a72-9f81-ed1321f551ca:c4951]
2019-06-14 09:09:44,945 INFO  client.GrpcClientProtocolClient (GrpcClientProtocolClient.java:onNext(254)) - client-C0E347E82FC5->e6065258-5a2c-4a72-9f81-ed1321f551ca: receive RaftClientReply:client-C0E347E82FC5->e6065258-5a2c-4a72-9f81-ed1321f551ca@group-13364FE26125, cid=3025, SUCCESS, logIndex=4952, commits[e6065258-5a2c-4a72-9f81-ed1321f551ca:c4952]
2019-06-14 09:09:44,947 INFO  client.GrpcClientProtocolClient (GrpcClientProtocolClient.java:onNext(254)) - client-C0E347E82FC5->e6065258-5a2c-4a72-9f81-ed1321f551ca: receive RaftClientReply:client-C0E347E82FC5->e6065258-5a2c-4a72-9f81-ed1321f551ca@group-13364FE26125, cid=3026, SUCCESS, logIndex=4954, commits[e6065258-5a2c-4a72-9f81-ed1321f551ca:c4956]
2019-06-14 09:09:44,947 INFO  client.GrpcClientProtocolClient (GrpcClientProtocolClient.java:onNext(254)) - client-C0E347E82FC5->e6065258-5a2c-4a72-9f81-ed1321f551ca: receive RaftClientReply:client-C0E347E82FC5->e6065258-5a2c-4a72-9f81-ed1321f551ca@group-13364FE26125, cid=3027, SUCCESS, logIndex=4955, commits[e6065258-5a2c-4a72-9f81-ed1321f551ca:c4956]
2019-06-14 09:09:44,947 INFO  client.GrpcClientProtocolClient (GrpcClientProtocolClient.java:onNext(254)) - client-C0E347E82FC5->e6065258-5a2c-4a72-9f81-ed1321f551ca: receive RaftClientReply:client-C0E347E82FC5->e6065258-5a2c-4a72-9f81-ed1321f551ca@group-13364FE26125, cid=3028, SUCCESS, logIndex=4956, commits[e6065258-5a2c-4a72-9f81-ed1321f551ca:c4956]
2019-06-14 09:09:44,956 INFO  client.GrpcClientProtocolClient (GrpcClientProtocolClient.java:onNext(254)) - client-C0E347E82FC5->e6065258-5a2c-4a72-9f81-ed1321f551ca: receive RaftClientReply:client-C0E347E82FC5->e6065258-5a2c-4a72-9f81-ed1321f551ca@group-13364FE26125, cid=3029, SUCCESS, logIndex=4958, commits[e6065258-5a2c-4a72-9f81-ed1321f551ca:c4958]
2019-06-14 09:09:44,956 INFO  client.GrpcClientProtocolClient (GrpcClientProtocolClient.java:onNext(254)) - client-C0E347E82FC5->e6065258-5a2c-4a72-9f81-ed1321f551ca: receive RaftClientReply:client-C0E347E82FC5->e6065258-5a2c-4a72-9f81-ed1321f551ca@group-13364FE26125, cid=3030, SUCCESS, logIndex=4960, commits[e6065258-5a2c-4a72-9f81-ed1321f551ca:c4962]
2019-06-14 09:09:44,957 INFO  client.GrpcClientProtocolClient (GrpcClientProtocolClient.java:onNext(254)) - client-C0E347E82FC5->e6065258-5a2c-4a72-9f81-ed1321f551ca: receive RaftClientReply:client-C0E347E82FC5->e6065258-5a2c-4a72-9f81-ed1321f551ca@group-13364FE26125, cid=3031, SUCCESS, logIndex=4961, commits[e6065258-5a2c-4a72-9f81-ed1321f551ca:c4962]
2019-06-14 09:09:44,957 INFO  client.GrpcClientProtocolClient (GrpcClientProtocolClient.java:onNext(254)) - client-C0E347E82FC5->e6065258-5a2c-4a72-9f81-ed1321f551ca: receive RaftClientReply:client-C0E347E82FC5->e6065258-5a2c-4a72-9f81-ed1321f551ca@group-13364FE26125, cid=3032, SUCCESS, logIndex=4962, commits[e6065258-5a2c-4a72-9f81-ed1321f551ca:c4962]
2019-06-14 09:09:44,966 INFO  client.GrpcClientProtocolClient (GrpcClientProtocolClient.java:onNext(254)) - client-C0E347E82FC5->e6065258-5a2c-4a72-9f81-ed1321f551ca: receive RaftClientReply:client-C0E347E82FC5->e6065258-5a2c-4a72-9f81-ed1321f551ca@group-13364FE26125, cid=3033, SUCCESS, logIndex=4964, commits[e6065258-5a2c-4a72-9f81-ed1321f551ca:c4964]
2019-06-14 09:09:44,970 INFO  client.GrpcClientProtocolClient (GrpcClientProtocolClient.java:onNext(254)) - client-C0E347E82FC5->e6065258-5a2c-4a72-9f81-ed1321f551ca: receive RaftClientReply:client-C0E347E82FC5->e6065258-5a2c-4a72-9f81-ed1321f551ca@group-13364FE26125, cid=3034, SUCCESS, logIndex=4966, commits[e6065258-5a2c-4a72-9f81-ed1321f551ca:c4966]
2019-06-14 09:09:44,970 INFO  client.GrpcClientProtocolClient (GrpcClientProtocolClient.java:onNext(254)) - client-C0E347E82FC5->e6065258-5a2c-4a72-9f81-ed1321f551ca: receive RaftClientReply:client-C0E347E82FC5->e6065258-5a2c-4a72-9f81-ed1321f551ca@group-13364FE26125, cid=3035, SUCCESS, logIndex=4967, commits[e6065258-5a2c-4a72-9f81-ed1321f551ca:c4969]
2019-06-14 09:09:44,970 INFO  client.GrpcClientProtocolClient (GrpcClientProtocolClient.java:onNext(254)) - client-C0E347E82FC5->e6065258-5a2c-4a72-9f81-ed1321f551ca: receive RaftClientReply:client-C0E347E82FC5->e6065258-5a2c-4a72-9f81-ed1321f551ca@group-13364FE26125, cid=3036, SUCCESS, logIndex=4968, commits[e6065258-5a2c-4a72-9f81-ed1321f551ca:c4969]
2019-06-14 09:09:44,975 INFO  client.GrpcClientProtocolClient (GrpcClientProtocolClient.java:onNext(254)) - client-C0E347E82FC5->e6065258-5a2c-4a72-9f81-ed1321f551ca: receive RaftClientReply:client-C0E347E82FC5->e6065258-5a2c-4a72-9f81-ed1321f551ca@group-13364FE26125, cid=3037, SUCCESS, logIndex=4970, commits[e6065258-5a2c-4a72-9f81-ed1321f551ca:c4970]
2019-06-14 09:09:44,976 INFO  client.GrpcClientProtocolClient (GrpcClientProtocolClient.java:onNext(254)) - client-C0E347E82FC5->e6065258-5a2c-4a72-9f81-ed1321f551ca: receive RaftClientReply:client-C0E347E82FC5->e6065258-5a2c-4a72-9f81-ed1321f551ca@group-13364FE26125, cid=3038, SUCCESS, logIndex=4972, commits[e6065258-5a2c-4a72-9f81-ed1321f551ca:c4972]
2019-06-14 09:09:44,977 INFO  client.GrpcClientProtocolClient (GrpcClientProtocolClient.java:onNext(254)) - client-C0E347E82FC5->e6065258-5a2c-4a72-9f81-ed1321f551ca: receive RaftClientReply:client-C0E347E82FC5->e6065258-5a2c-4a72-9f81-ed1321f551ca@group-13364FE26125, cid=3039, SUCCESS, logIndex=4973, commits[e6065258-5a2c-4a72-9f81-ed1321f551ca:c4975]
2019-06-14 09:09:44,978 INFO  client.GrpcClientProtocolClient (GrpcClientProtocolClient.java:onNext(254)) - client-C0E347E82FC5->e6065258-5a2c-4a72-9f81-ed1321f551ca: receive RaftClientReply:client-C0E347E82FC5->e6065258-5a2c-4a72-9f81-ed1321f551ca@group-13364FE26125, cid=3040, SUCCESS, logIndex=4974, commits[e6065258-5a2c-4a72-9f81-ed1321f551ca:c4975]
2019-06-14 09:09:44,987 INFO  client.GrpcClientProtocolClient (GrpcClientProtocolClient.java:onNext(254)) - client-C0E347E82FC5->e6065258-5a2c-4a72-9f81-ed1321f551ca: receive RaftClientReply:client-C0E347E82FC5->e6065258-5a2c-4a72-9f81-ed1321f551ca@group-13364FE26125, cid=3041, SUCCESS, logIndex=4976, commits[e6065258-5a2c-4a72-9f81-ed1321f551ca:c4976]
2019-06-14 09:09:44,988 INFO  client.GrpcClientProtocolClient (GrpcClientProtocolClient.java:onNext(254)) - client-C0E347E82FC5->e6065258-5a2c-4a72-9f81-ed1321f551ca: receive RaftClientReply:client-C0E347E82FC5->e6065258-5a2c-4a72-9f81-ed1321f551ca@group-13364FE26125, cid=3042, SUCCESS, logIndex=4978, commits[e6065258-5a2c-4a72-9f81-ed1321f551ca:c4978]
2019-06-14 09:09:44,989 INFO  client.GrpcClientProtocolClient (GrpcClientProtocolClient.java:onNext(254)) - client-C0E347E82FC5->e6065258-5a2c-4a72-9f81-ed1321f551ca: receive RaftClientReply:client-C0E347E82FC5->e6065258-5a2c-4a72-9f81-ed1321f551ca@group-13364FE26125, cid=3043, SUCCESS, logIndex=4979, commits[e6065258-5a2c-4a72-9f81-ed1321f551ca:c4981]
2019-06-14 09:09:44,990 INFO  client.GrpcClientProtocolClient (GrpcClientProtocolClient.java:onNext(254)) - client-C0E347E82FC5->e6065258-5a2c-4a72-9f81-ed1321f551ca: receive RaftClientReply:client-C0E347E82FC5->e6065258-5a2c-4a72-9f81-ed1321f551ca@group-13364FE26125, cid=3044, SUCCESS, logIndex=4980, commits[e6065258-5a2c-4a72-9f81-ed1321f551ca:c4981]
2019-06-14 09:09:44,994 INFO  client.GrpcClientProtocolClient (GrpcClientProtocolClient.java:onNext(254)) - client-C0E347E82FC5->e6065258-5a2c-4a72-9f81-ed1321f551ca: receive RaftClientReply:client-C0E347E82FC5->e6065258-5a2c-4a72-9f81-ed1321f551ca@group-13364FE26125, cid=3045, SUCCESS, logIndex=4982, commits[e6065258-5a2c-4a72-9f81-ed1321f551ca:c4982]
2019-06-14 09:09:44,996 INFO  client.GrpcClientProtocolClient (GrpcClientProtocolClient.java:onNext(254)) - client-C0E347E82FC5->e6065258-5a2c-4a72-9f81-ed1321f551ca: receive RaftClientReply:client-C0E347E82FC5->e6065258-5a2c-4a72-9f81-ed1321f551ca@group-13364FE26125, cid=3046, SUCCESS, logIndex=4984, commits[e6065258-5a2c-4a72-9f81-ed1321f551ca:c4984]
2019-06-14 09:09:44,997 INFO  client.GrpcClientProtocolClient (GrpcClientProtocolClient.java:onNext(254)) - client-C0E347E82FC5->e6065258-5a2c-4a72-9f81-ed1321f551ca: receive RaftClientReply:client-C0E347E82FC5->e6065258-5a2c-4a72-9f81-ed1321f551ca@group-13364FE26125, cid=3047, SUCCESS, logIndex=4985, commits[e6065258-5a2c-4a72-9f81-ed1321f551ca:c4987]
2019-06-14 09:09:44,997 INFO  client.GrpcClientProtocolClient (GrpcClientProtocolClient.java:onNext(254)) - client-C0E347E82FC5->e6065258-5a2c-4a72-9f81-ed1321f551ca: receive RaftClientReply:client-C0E347E82FC5->e6065258-5a2c-4a72-9f81-ed1321f551ca@group-13364FE26125, cid=3048, SUCCESS, logIndex=4986, commits[e6065258-5a2c-4a72-9f81-ed1321f551ca:c4987]
2019-06-14 09:09:45,016 DEBUG block.SCMBlockDeletingService (SCMBlockDeletingService.java:call(138)) - Running DeletedBlockTransactionScanner
2019-06-14 09:09:45,016 DEBUG block.SCMBlockDeletingService (SCMBlockDeletingService.java:call(155)) - Scanned deleted blocks log and got 0 delTX to process.
2019-06-14 09:09:45,116 INFO  client.GrpcClientProtocolClient (GrpcClientProtocolClient.java:onNext(254)) - client-C0E347E82FC5->e6065258-5a2c-4a72-9f81-ed1321f551ca: receive RaftClientReply:client-C0E347E82FC5->e6065258-5a2c-4a72-9f81-ed1321f551ca@group-13364FE26125, cid=3049, SUCCESS, logIndex=4988, commits[e6065258-5a2c-4a72-9f81-ed1321f551ca:c4988]
2019-06-14 09:09:45,117 DEBUG block.SCMBlockDeletingService (SCMBlockDeletingService.java:call(138)) - Running DeletedBlockTransactionScanner
2019-06-14 09:09:45,117 DEBUG block.SCMBlockDeletingService (SCMBlockDeletingService.java:call(155)) - Scanned deleted blocks log and got 0 delTX to process.
2019-06-14 09:09:45,117 INFO  client.GrpcClientProtocolClient (GrpcClientProtocolClient.java:onNext(254)) - client-C0E347E82FC5->e6065258-5a2c-4a72-9f81-ed1321f551ca: receive RaftClientReply:client-C0E347E82FC5->e6065258-5a2c-4a72-9f81-ed1321f551ca@group-13364FE26125, cid=3050, SUCCESS, logIndex=4990, commits[e6065258-5a2c-4a72-9f81-ed1321f551ca:c4990]
2019-06-14 09:09:45,118 INFO  client.GrpcClientProtocolClient (GrpcClientProtocolClient.java:onNext(254)) - client-C0E347E82FC5->e6065258-5a2c-4a72-9f81-ed1321f551ca: receive RaftClientReply:client-C0E347E82FC5->e6065258-5a2c-4a72-9f81-ed1321f551ca@group-13364FE26125, cid=3051, SUCCESS, logIndex=4991, commits[e6065258-5a2c-4a72-9f81-ed1321f551ca:c4993]
2019-06-14 09:09:45,119 INFO  client.GrpcClientProtocolClient (GrpcClientProtocolClient.java:onNext(254)) - client-C0E347E82FC5->e6065258-5a2c-4a72-9f81-ed1321f551ca: receive RaftClientReply:client-C0E347E82FC5->e6065258-5a2c-4a72-9f81-ed1321f551ca@group-13364FE26125, cid=3052, SUCCESS, logIndex=4992, commits[e6065258-5a2c-4a72-9f81-ed1321f551ca:c4993]
2019-06-14 09:09:45,124 INFO  client.GrpcClientProtocolClient (GrpcClientProtocolClient.java:onNext(254)) - client-C0E347E82FC5->e6065258-5a2c-4a72-9f81-ed1321f551ca: receive RaftClientReply:client-C0E347E82FC5->e6065258-5a2c-4a72-9f81-ed1321f551ca@group-13364FE26125, cid=3053, SUCCESS, logIndex=4994, commits[e6065258-5a2c-4a72-9f81-ed1321f551ca:c4994]
2019-06-14 09:09:45,125 INFO  client.GrpcClientProtocolClient (GrpcClientProtocolClient.java:onNext(254)) - client-C0E347E82FC5->e6065258-5a2c-4a72-9f81-ed1321f551ca: receive RaftClientReply:client-C0E347E82FC5->e6065258-5a2c-4a72-9f81-ed1321f551ca@group-13364FE26125, cid=3054, SUCCESS, logIndex=4996, commits[e6065258-5a2c-4a72-9f81-ed1321f551ca:c4996]
2019-06-14 09:09:45,127 INFO  client.GrpcClientProtocolClient (GrpcClientProtocolClient.java:onNext(254)) - client-C0E347E82FC5->e6065258-5a2c-4a72-9f81-ed1321f551ca: receive RaftClientReply:client-C0E347E82FC5->e6065258-5a2c-4a72-9f81-ed1321f551ca@group-13364FE26125, cid=3055, SUCCESS, logIndex=4997, commits[e6065258-5a2c-4a72-9f81-ed1321f551ca:c4999]
2019-06-14 09:09:45,127 INFO  client.GrpcClientProtocolClient (GrpcClientProtocolClient.java:onNext(254)) - client-C0E347E82FC5->e6065258-5a2c-4a72-9f81-ed1321f551ca: receive RaftClientReply:client-C0E347E82FC5->e6065258-5a2c-4a72-9f81-ed1321f551ca@group-13364FE26125, cid=3056, SUCCESS, logIndex=4998, commits[e6065258-5a2c-4a72-9f81-ed1321f551ca:c4999]
2019-06-14 09:09:45,138 INFO  storage.RaftLogWorker (RaftLogWorker.java:rollLogSegment(303)) - e6065258-5a2c-4a72-9f81-ed1321f551ca-RaftLogWorker: Rolling segment log-4936_4999 to index:4999
2019-06-14 09:09:45,138 INFO  storage.RaftLogWorker (RaftLogWorker.java:execute(433)) - e6065258-5a2c-4a72-9f81-ed1321f551ca-RaftLogWorker: Rolled log segment from /opt/src/hadoop-ozone/integration-test/target/test-dir/MiniOzoneClusterImpl-a56da109-a1cb-4168-8966-62306f2f2d23/datanode-0/data/ratis/920138aa-6f47-4d6d-b5cc-13364fe26125/current/log_inprogress_4936 to /opt/src/hadoop-ozone/integration-test/target/test-dir/MiniOzoneClusterImpl-a56da109-a1cb-4168-8966-62306f2f2d23/datanode-0/data/ratis/920138aa-6f47-4d6d-b5cc-13364fe26125/current/log_4936-4999
2019-06-14 09:09:45,176 INFO  storage.RaftLogWorker (RaftLogWorker.java:execute(469)) - e6065258-5a2c-4a72-9f81-ed1321f551ca-RaftLogWorker: created new log segment /opt/src/hadoop-ozone/integration-test/target/test-dir/MiniOzoneClusterImpl-a56da109-a1cb-4168-8966-62306f2f2d23/datanode-0/data/ratis/920138aa-6f47-4d6d-b5cc-13364fe26125/current/log_inprogress_5000
2019-06-14 09:09:45,178 INFO  client.GrpcClientProtocolClient (GrpcClientProtocolClient.java:onNext(254)) - client-C0E347E82FC5->e6065258-5a2c-4a72-9f81-ed1321f551ca: receive RaftClientReply:client-C0E347E82FC5->e6065258-5a2c-4a72-9f81-ed1321f551ca@group-13364FE26125, cid=3057, SUCCESS, logIndex=5000, commits[e6065258-5a2c-4a72-9f81-ed1321f551ca:c5000]
2019-06-14 09:09:45,180 INFO  client.GrpcClientProtocolClient (GrpcClientProtocolClient.java:onNext(254)) - client-C0E347E82FC5->e6065258-5a2c-4a72-9f81-ed1321f551ca: receive RaftClientReply:client-C0E347E82FC5->e6065258-5a2c-4a72-9f81-ed1321f551ca@group-13364FE26125, cid=3058, SUCCESS, logIndex=5002, commits[e6065258-5a2c-4a72-9f81-ed1321f551ca:c5002]
2019-06-14 09:09:45,183 INFO  client.GrpcClientProtocolClient (GrpcClientProtocolClient.java:onNext(254)) - client-C0E347E82FC5->e6065258-5a2c-4a72-9f81-ed1321f551ca: receive RaftClientReply:client-C0E347E82FC5->e6065258-5a2c-4a72-9f81-ed1321f551ca@group-13364FE26125, cid=3059, SUCCESS, logIndex=5003, commits[e6065258-5a2c-4a72-9f81-ed1321f551ca:c5004]
2019-06-14 09:09:45,183 INFO  client.GrpcClientProtocolClient (GrpcClientProtocolClient.java:onNext(254)) - client-C0E347E82FC5->e6065258-5a2c-4a72-9f81-ed1321f551ca: receive RaftClientReply:client-C0E347E82FC5->e6065258-5a2c-4a72-9f81-ed1321f551ca@group-13364FE26125, cid=3060, SUCCESS, logIndex=5004, commits[e6065258-5a2c-4a72-9f81-ed1321f551ca:c5004]
2019-06-14 09:09:45,190 INFO  client.GrpcClientProtocolClient (GrpcClientProtocolClient.java:onNext(254)) - client-C0E347E82FC5->e6065258-5a2c-4a72-9f81-ed1321f551ca: receive RaftClientReply:client-C0E347E82FC5->e6065258-5a2c-4a72-9f81-ed1321f551ca@group-13364FE26125, cid=3061, SUCCESS, logIndex=5007, commits[e6065258-5a2c-4a72-9f81-ed1321f551ca:c5007]
2019-06-14 09:09:45,191 INFO  client.GrpcClientProtocolClient (GrpcClientProtocolClient.java:onNext(254)) - client-C0E347E82FC5->e6065258-5a2c-4a72-9f81-ed1321f551ca: receive RaftClientReply:client-C0E347E82FC5->e6065258-5a2c-4a72-9f81-ed1321f551ca@group-13364FE26125, cid=3062, SUCCESS, logIndex=5009, commits[e6065258-5a2c-4a72-9f81-ed1321f551ca:c5009]
2019-06-14 09:09:45,192 INFO  client.GrpcClientProtocolClient (GrpcClientProtocolClient.java:onNext(254)) - client-C0E347E82FC5->e6065258-5a2c-4a72-9f81-ed1321f551ca: receive RaftClientReply:client-C0E347E82FC5->e6065258-5a2c-4a72-9f81-ed1321f551ca@group-13364FE26125, cid=3063, SUCCESS, logIndex=5010, commits[e6065258-5a2c-4a72-9f81-ed1321f551ca:c5012]
2019-06-14 09:09:45,193 INFO  client.GrpcClientProtocolClient (GrpcClientProtocolClient.java:onNext(254)) - client-C0E347E82FC5->e6065258-5a2c-4a72-9f81-ed1321f551ca: receive RaftClientReply:client-C0E347E82FC5->e6065258-5a2c-4a72-9f81-ed1321f551ca@group-13364FE26125, cid=3064, SUCCESS, logIndex=5011, commits[e6065258-5a2c-4a72-9f81-ed1321f551ca:c5012]
2019-06-14 09:09:45,204 INFO  client.GrpcClientProtocolClient (GrpcClientProtocolClient.java:onNext(254)) - client-C0E347E82FC5->e6065258-5a2c-4a72-9f81-ed1321f551ca: receive RaftClientReply:client-C0E347E82FC5->e6065258-5a2c-4a72-9f81-ed1321f551ca@group-13364FE26125, cid=3065, SUCCESS, logIndex=5013, commits[e6065258-5a2c-4a72-9f81-ed1321f551ca:c5013]
2019-06-14 09:09:45,206 INFO  client.GrpcClientProtocolClient (GrpcClientProtocolClient.java:onNext(254)) - client-C0E347E82FC5->e6065258-5a2c-4a72-9f81-ed1321f551ca: receive RaftClientReply:client-C0E347E82FC5->e6065258-5a2c-4a72-9f81-ed1321f551ca@group-13364FE26125, cid=3066, SUCCESS, logIndex=5015, commits[e6065258-5a2c-4a72-9f81-ed1321f551ca:c5015]
2019-06-14 09:09:45,206 INFO  client.GrpcClientProtocolClient (GrpcClientProtocolClient.java:onNext(254)) - client-C0E347E82FC5->e6065258-5a2c-4a72-9f81-ed1321f551ca: receive RaftClientReply:client-C0E347E82FC5->e6065258-5a2c-4a72-9f81-ed1321f551ca@group-13364FE26125, cid=3067, SUCCESS, logIndex=5016, commits[e6065258-5a2c-4a72-9f81-ed1321f551ca:c5017]
2019-06-14 09:09:45,207 INFO  client.GrpcClientProtocolClient (GrpcClientProtocolClient.java:onNext(254)) - client-C0E347E82FC5->e6065258-5a2c-4a72-9f81-ed1321f551ca: receive RaftClientReply:client-C0E347E82FC5->e6065258-5a2c-4a72-9f81-ed1321f551ca@group-13364FE26125, cid=3068, SUCCESS, logIndex=5018, commits[e6065258-5a2c-4a72-9f81-ed1321f551ca:c5018]
2019-06-14 09:09:45,212 INFO  client.GrpcClientProtocolClient (GrpcClientProtocolClient.java:onNext(254)) - client-C0E347E82FC5->e6065258-5a2c-4a72-9f81-ed1321f551ca: receive RaftClientReply:client-C0E347E82FC5->e6065258-5a2c-4a72-9f81-ed1321f551ca@group-13364FE26125, cid=3069, SUCCESS, logIndex=5020, commits[e6065258-5a2c-4a72-9f81-ed1321f551ca:c5020]
2019-06-14 09:09:45,213 INFO  client.GrpcClientProtocolClient (GrpcClientProtocolClient.java:onNext(254)) - client-C0E347E82FC5->e6065258-5a2c-4a72-9f81-ed1321f551ca: receive RaftClientReply:client-C0E347E82FC5->e6065258-5a2c-4a72-9f81-ed1321f551ca@group-13364FE26125, cid=3070, SUCCESS, logIndex=5022, commits[e6065258-5a2c-4a72-9f81-ed1321f551ca:c5022]
2019-06-14 09:09:45,214 INFO  client.GrpcClientProtocolClient (GrpcClientProtocolClient.java:onNext(254)) - client-C0E347E82FC5->e6065258-5a2c-4a72-9f81-ed1321f551ca: receive RaftClientReply:client-C0E347E82FC5->e6065258-5a2c-4a72-9f81-ed1321f551ca@group-13364FE26125, cid=3071, SUCCESS, logIndex=5023, commits[e6065258-5a2c-4a72-9f81-ed1321f551ca:c5025]
2019-06-14 09:09:45,215 INFO  client.GrpcClientProtocolClient (GrpcClientProtocolClient.java:onNext(254)) - client-C0E347E82FC5->e6065258-5a2c-4a72-9f81-ed1321f551ca: receive RaftClientReply:client-C0E347E82FC5->e6065258-5a2c-4a72-9f81-ed1321f551ca@group-13364FE26125, cid=3072, SUCCESS, logIndex=5024, commits[e6065258-5a2c-4a72-9f81-ed1321f551ca:c5025]
2019-06-14 09:09:45,217 DEBUG block.SCMBlockDeletingService (SCMBlockDeletingService.java:call(138)) - Running DeletedBlockTransactionScanner
2019-06-14 09:09:45,217 DEBUG block.SCMBlockDeletingService (SCMBlockDeletingService.java:call(155)) - Scanned deleted blocks log and got 0 delTX to process.
2019-06-14 09:09:45,227 INFO  client.GrpcClientProtocolClient (GrpcClientProtocolClient.java:onNext(254)) - client-C0E347E82FC5->e6065258-5a2c-4a72-9f81-ed1321f551ca: receive RaftClientReply:client-C0E347E82FC5->e6065258-5a2c-4a72-9f81-ed1321f551ca@group-13364FE26125, cid=3073, SUCCESS, logIndex=5026, commits[e6065258-5a2c-4a72-9f81-ed1321f551ca:c5026]
2019-06-14 09:09:45,228 INFO  client.GrpcClientProtocolClient (GrpcClientProtocolClient.java:onNext(254)) - client-C0E347E82FC5->e6065258-5a2c-4a72-9f81-ed1321f551ca: receive RaftClientReply:client-C0E347E82FC5->e6065258-5a2c-4a72-9f81-ed1321f551ca@group-13364FE26125, cid=3074, SUCCESS, logIndex=5028, commits[e6065258-5a2c-4a72-9f81-ed1321f551ca:c5028]
2019-06-14 09:09:45,229 INFO  client.GrpcClientProtocolClient (GrpcClientProtocolClient.java:onNext(254)) - client-C0E347E82FC5->e6065258-5a2c-4a72-9f81-ed1321f551ca: receive RaftClientReply:client-C0E347E82FC5->e6065258-5a2c-4a72-9f81-ed1321f551ca@group-13364FE26125, cid=3075, SUCCESS, logIndex=5029, commits[e6065258-5a2c-4a72-9f81-ed1321f551ca:c5031]
2019-06-14 09:09:45,229 INFO  client.GrpcClientProtocolClient (GrpcClientProtocolClient.java:onNext(254)) - client-C0E347E82FC5->e6065258-5a2c-4a72-9f81-ed1321f551ca: receive RaftClientReply:client-C0E347E82FC5->e6065258-5a2c-4a72-9f81-ed1321f551ca@group-13364FE26125, cid=3076, SUCCESS, logIndex=5030, commits[e6065258-5a2c-4a72-9f81-ed1321f551ca:c5031]
2019-06-14 09:09:45,235 INFO  client.GrpcClientProtocolClient (GrpcClientProtocolClient.java:onNext(254)) - client-C0E347E82FC5->e6065258-5a2c-4a72-9f81-ed1321f551ca: receive RaftClientReply:client-C0E347E82FC5->e6065258-5a2c-4a72-9f81-ed1321f551ca@group-13364FE26125, cid=3077, SUCCESS, logIndex=5032, commits[e6065258-5a2c-4a72-9f81-ed1321f551ca:c5032]
2019-06-14 09:09:45,236 INFO  client.GrpcClientProtocolClient (GrpcClientProtocolClient.java:onNext(254)) - client-C0E347E82FC5->e6065258-5a2c-4a72-9f81-ed1321f551ca: receive RaftClientReply:client-C0E347E82FC5->e6065258-5a2c-4a72-9f81-ed1321f551ca@group-13364FE26125, cid=3078, SUCCESS, logIndex=5034, commits[e6065258-5a2c-4a72-9f81-ed1321f551ca:c5034]
2019-06-14 09:09:45,238 INFO  client.GrpcClientProtocolClient (GrpcClientProtocolClient.java:onNext(254)) - client-C0E347E82FC5->e6065258-5a2c-4a72-9f81-ed1321f551ca: receive RaftClientReply:client-C0E347E82FC5->e6065258-5a2c-4a72-9f81-ed1321f551ca@group-13364FE26125, cid=3079, SUCCESS, logIndex=5036, commits[e6065258-5a2c-4a72-9f81-ed1321f551ca:c5037]
2019-06-14 09:09:45,238 INFO  client.GrpcClientProtocolClient (GrpcClientProtocolClient.java:onNext(254)) - client-C0E347E82FC5->e6065258-5a2c-4a72-9f81-ed1321f551ca: receive RaftClientReply:client-C0E347E82FC5->e6065258-5a2c-4a72-9f81-ed1321f551ca@group-13364FE26125, cid=3080, SUCCESS, logIndex=5037, commits[e6065258-5a2c-4a72-9f81-ed1321f551ca:c5037]
2019-06-14 09:09:45,248 INFO  client.GrpcClientProtocolClient (GrpcClientProtocolClient.java:onNext(254)) - client-C0E347E82FC5->e6065258-5a2c-4a72-9f81-ed1321f551ca: receive RaftClientReply:client-C0E347E82FC5->e6065258-5a2c-4a72-9f81-ed1321f551ca@group-13364FE26125, cid=3081, SUCCESS, logIndex=5039, commits[e6065258-5a2c-4a72-9f81-ed1321f551ca:c5039]
2019-06-14 09:09:45,254 INFO  client.GrpcClientProtocolClient (GrpcClientProtocolClient.java:onNext(254)) - client-C0E347E82FC5->e6065258-5a2c-4a72-9f81-ed1321f551ca: receive RaftClientReply:client-C0E347E82FC5->e6065258-5a2c-4a72-9f81-ed1321f551ca@group-13364FE26125, cid=3082, SUCCESS, logIndex=5041, commits[e6065258-5a2c-4a72-9f81-ed1321f551ca:c5041]
2019-06-14 09:09:45,254 INFO  client.GrpcClientProtocolClient (GrpcClientProtocolClient.java:onNext(254)) - client-C0E347E82FC5->e6065258-5a2c-4a72-9f81-ed1321f551ca: receive RaftClientReply:client-C0E347E82FC5->e6065258-5a2c-4a72-9f81-ed1321f551ca@group-13364FE26125, cid=3083, SUCCESS, logIndex=5042, commits[e6065258-5a2c-4a72-9f81-ed1321f551ca:c5043]
2019-06-14 09:09:45,255 INFO  client.GrpcClientProtocolClient (GrpcClientProtocolClient.java:onNext(254)) - client-C0E347E82FC5->e6065258-5a2c-4a72-9f81-ed1321f551ca: receive RaftClientReply:client-C0E347E82FC5->e6065258-5a2c-4a72-9f81-ed1321f551ca@group-13364FE26125, cid=3084, SUCCESS, logIndex=5044, commits[e6065258-5a2c-4a72-9f81-ed1321f551ca:c5044]
2019-06-14 09:09:45,260 INFO  client.GrpcClientProtocolClient (GrpcClientProtocolClient.java:onNext(254)) - client-C0E347E82FC5->e6065258-5a2c-4a72-9f81-ed1321f551ca: receive RaftClientReply:client-C0E347E82FC5->e6065258-5a2c-4a72-9f81-ed1321f551ca@group-13364FE26125, cid=3085, SUCCESS, logIndex=5046, commits[e6065258-5a2c-4a72-9f81-ed1321f551ca:c5046]
2019-06-14 09:09:45,262 INFO  client.GrpcClientProtocolClient (GrpcClientProtocolClient.java:onNext(254)) - client-C0E347E82FC5->e6065258-5a2c-4a72-9f81-ed1321f551ca: receive RaftClientReply:client-C0E347E82FC5->e6065258-5a2c-4a72-9f81-ed1321f551ca@group-13364FE26125, cid=3086, SUCCESS, logIndex=5048, commits[e6065258-5a2c-4a72-9f81-ed1321f551ca:c5048]
2019-06-14 09:09:45,263 INFO  client.GrpcClientProtocolClient (GrpcClientProtocolClient.java:onNext(254)) - client-C0E347E82FC5->e6065258-5a2c-4a72-9f81-ed1321f551ca: receive RaftClientReply:client-C0E347E82FC5->e6065258-5a2c-4a72-9f81-ed1321f551ca@group-13364FE26125, cid=3087, SUCCESS, logIndex=5049, commits[e6065258-5a2c-4a72-9f81-ed1321f551ca:c5051]
2019-06-14 09:09:45,263 INFO  client.GrpcClientProtocolClient (GrpcClientProtocolClient.java:onNext(254)) - client-C0E347E82FC5->e6065258-5a2c-4a72-9f81-ed1321f551ca: receive RaftClientReply:client-C0E347E82FC5->e6065258-5a2c-4a72-9f81-ed1321f551ca@group-13364FE26125, cid=3088, SUCCESS, logIndex=5050, commits[e6065258-5a2c-4a72-9f81-ed1321f551ca:c5051]
2019-06-14 09:09:45,274 INFO  client.GrpcClientProtocolClient (GrpcClientProtocolClient.java:onNext(254)) - client-C0E347E82FC5->e6065258-5a2c-4a72-9f81-ed1321f551ca: receive RaftClientReply:client-C0E347E82FC5->e6065258-5a2c-4a72-9f81-ed1321f551ca@group-13364FE26125, cid=3089, SUCCESS, logIndex=5052, commits[e6065258-5a2c-4a72-9f81-ed1321f551ca:c5052]
2019-06-14 09:09:45,276 INFO  client.GrpcClientProtocolClient (GrpcClientProtocolClient.java:onNext(254)) - client-C0E347E82FC5->e6065258-5a2c-4a72-9f81-ed1321f551ca: receive RaftClientReply:client-C0E347E82FC5->e6065258-5a2c-4a72-9f81-ed1321f551ca@group-13364FE26125, cid=3090, SUCCESS, logIndex=5054, commits[e6065258-5a2c-4a72-9f81-ed1321f551ca:c5054]
2019-06-14 09:09:45,277 INFO  client.GrpcClientProtocolClient (GrpcClientProtocolClient.java:onNext(254)) - client-C0E347E82FC5->e6065258-5a2c-4a72-9f81-ed1321f551ca: receive RaftClientReply:client-C0E347E82FC5->e6065258-5a2c-4a72-9f81-ed1321f551ca@group-13364FE26125, cid=3091, SUCCESS, logIndex=5055, commits[e6065258-5a2c-4a72-9f81-ed1321f551ca:c5057]
2019-06-14 09:09:45,277 INFO  client.GrpcClientProtocolClient (GrpcClientProtocolClient.java:onNext(254)) - client-C0E347E82FC5->e6065258-5a2c-4a72-9f81-ed1321f551ca: receive RaftClientReply:client-C0E347E82FC5->e6065258-5a2c-4a72-9f81-ed1321f551ca@group-13364FE26125, cid=3092, SUCCESS, logIndex=5056, commits[e6065258-5a2c-4a72-9f81-ed1321f551ca:c5057]
2019-06-14 09:09:45,282 INFO  client.GrpcClientProtocolClient (GrpcClientProtocolClient.java:onNext(254)) - client-C0E347E82FC5->e6065258-5a2c-4a72-9f81-ed1321f551ca: receive RaftClientReply:client-C0E347E82FC5->e6065258-5a2c-4a72-9f81-ed1321f551ca@group-13364FE26125, cid=3093, SUCCESS, logIndex=5058, commits[e6065258-5a2c-4a72-9f81-ed1321f551ca:c5058]
2019-06-14 09:09:45,283 INFO  client.GrpcClientProtocolClient (GrpcClientProtocolClient.java:onNext(254)) - client-C0E347E82FC5->e6065258-5a2c-4a72-9f81-ed1321f551ca: receive RaftClientReply:client-C0E347E82FC5->e6065258-5a2c-4a72-9f81-ed1321f551ca@group-13364FE26125, cid=3094, SUCCESS, logIndex=5060, commits[e6065258-5a2c-4a72-9f81-ed1321f551ca:c5060]
2019-06-14 09:09:45,317 DEBUG block.SCMBlockDeletingService (SCMBlockDeletingService.java:call(138)) - Running DeletedBlockTransactionScanner
2019-06-14 09:09:45,318 DEBUG block.SCMBlockDeletingService (SCMBlockDeletingService.java:call(155)) - Scanned deleted blocks log and got 0 delTX to process.
2019-06-14 09:09:45,365 INFO  client.GrpcClientProtocolClient (GrpcClientProtocolClient.java:onNext(254)) - client-C0E347E82FC5->e6065258-5a2c-4a72-9f81-ed1321f551ca: receive RaftClientReply:client-C0E347E82FC5->e6065258-5a2c-4a72-9f81-ed1321f551ca@group-13364FE26125, cid=3095, SUCCESS, logIndex=5062, commits[e6065258-5a2c-4a72-9f81-ed1321f551ca:c5062]
2019-06-14 09:09:45,366 INFO  client.GrpcClientProtocolClient (GrpcClientProtocolClient.java:onNext(254)) - client-C0E347E82FC5->e6065258-5a2c-4a72-9f81-ed1321f551ca: receive RaftClientReply:client-C0E347E82FC5->e6065258-5a2c-4a72-9f81-ed1321f551ca@group-13364FE26125, cid=3096, SUCCESS, logIndex=5064, commits[e6065258-5a2c-4a72-9f81-ed1321f551ca:c5064]
2019-06-14 09:09:45,378 INFO  client.GrpcClientProtocolClient (GrpcClientProtocolClient.java:onNext(254)) - client-C0E347E82FC5->e6065258-5a2c-4a72-9f81-ed1321f551ca: receive RaftClientReply:client-C0E347E82FC5->e6065258-5a2c-4a72-9f81-ed1321f551ca@group-13364FE26125, cid=3097, SUCCESS, logIndex=5066, commits[e6065258-5a2c-4a72-9f81-ed1321f551ca:c5066]
2019-06-14 09:09:45,381 INFO  client.GrpcClientProtocolClient (GrpcClientProtocolClient.java:onNext(254)) - client-C0E347E82FC5->e6065258-5a2c-4a72-9f81-ed1321f551ca: receive RaftClientReply:client-C0E347E82FC5->e6065258-5a2c-4a72-9f81-ed1321f551ca@group-13364FE26125, cid=3098, SUCCESS, logIndex=5068, commits[e6065258-5a2c-4a72-9f81-ed1321f551ca:c5068]
2019-06-14 09:09:45,381 INFO  client.GrpcClientProtocolClient (GrpcClientProtocolClient.java:onNext(254)) - client-C0E347E82FC5->e6065258-5a2c-4a72-9f81-ed1321f551ca: receive RaftClientReply:client-C0E347E82FC5->e6065258-5a2c-4a72-9f81-ed1321f551ca@group-13364FE26125, cid=3099, SUCCESS, logIndex=5069, commits[e6065258-5a2c-4a72-9f81-ed1321f551ca:c5069]
2019-06-14 09:09:45,381 INFO  client.GrpcClientProtocolClient (GrpcClientProtocolClient.java:onNext(254)) - client-C0E347E82FC5->e6065258-5a2c-4a72-9f81-ed1321f551ca: receive RaftClientReply:client-C0E347E82FC5->e6065258-5a2c-4a72-9f81-ed1321f551ca@group-13364FE26125, cid=3100, SUCCESS, logIndex=5070, commits[e6065258-5a2c-4a72-9f81-ed1321f551ca:c5071]
2019-06-14 09:09:45,384 INFO  storage.RaftLogWorker (RaftLogWorker.java:rollLogSegment(303)) - e6065258-5a2c-4a72-9f81-ed1321f551ca-RaftLogWorker: Rolling segment log-5000_5072 to index:5072
2019-06-14 09:09:45,385 INFO  storage.RaftLogWorker (RaftLogWorker.java:execute(433)) - e6065258-5a2c-4a72-9f81-ed1321f551ca-RaftLogWorker: Rolled log segment from /opt/src/hadoop-ozone/integration-test/target/test-dir/MiniOzoneClusterImpl-a56da109-a1cb-4168-8966-62306f2f2d23/datanode-0/data/ratis/920138aa-6f47-4d6d-b5cc-13364fe26125/current/log_inprogress_5000 to /opt/src/hadoop-ozone/integration-test/target/test-dir/MiniOzoneClusterImpl-a56da109-a1cb-4168-8966-62306f2f2d23/datanode-0/data/ratis/920138aa-6f47-4d6d-b5cc-13364fe26125/current/log_5000-5072
2019-06-14 09:09:45,418 DEBUG block.SCMBlockDeletingService (SCMBlockDeletingService.java:call(138)) - Running DeletedBlockTransactionScanner
2019-06-14 09:09:45,418 DEBUG block.SCMBlockDeletingService (SCMBlockDeletingService.java:call(155)) - Scanned deleted blocks log and got 0 delTX to process.
2019-06-14 09:09:45,421 INFO  storage.RaftLogWorker (RaftLogWorker.java:execute(469)) - e6065258-5a2c-4a72-9f81-ed1321f551ca-RaftLogWorker: created new log segment /opt/src/hadoop-ozone/integration-test/target/test-dir/MiniOzoneClusterImpl-a56da109-a1cb-4168-8966-62306f2f2d23/datanode-0/data/ratis/920138aa-6f47-4d6d-b5cc-13364fe26125/current/log_inprogress_5073
2019-06-14 09:09:45,431 INFO  client.GrpcClientProtocolClient (GrpcClientProtocolClient.java:onNext(254)) - client-C0E347E82FC5->e6065258-5a2c-4a72-9f81-ed1321f551ca: receive RaftClientReply:client-C0E347E82FC5->e6065258-5a2c-4a72-9f81-ed1321f551ca@group-13364FE26125, cid=3101, SUCCESS, logIndex=5073, commits[e6065258-5a2c-4a72-9f81-ed1321f551ca:c5074]
2019-06-14 09:09:45,431 INFO  client.GrpcClientProtocolClient (GrpcClientProtocolClient.java:onNext(254)) - client-C0E347E82FC5->e6065258-5a2c-4a72-9f81-ed1321f551ca: receive RaftClientReply:client-C0E347E82FC5->e6065258-5a2c-4a72-9f81-ed1321f551ca@group-13364FE26125, cid=3102, SUCCESS, logIndex=5075, commits[e6065258-5a2c-4a72-9f81-ed1321f551ca:c5075]
2019-06-14 09:09:45,431 INFO  client.GrpcClientProtocolClient (GrpcClientProtocolClient.java:onNext(254)) - client-C0E347E82FC5->e6065258-5a2c-4a72-9f81-ed1321f551ca: receive RaftClientReply:client-C0E347E82FC5->e6065258-5a2c-4a72-9f81-ed1321f551ca@group-13364FE26125, cid=3103, SUCCESS, logIndex=5076, commits[e6065258-5a2c-4a72-9f81-ed1321f551ca:c5077]
2019-06-14 09:09:45,431 INFO  client.GrpcClientProtocolClient (GrpcClientProtocolClient.java:onNext(254)) - client-C0E347E82FC5->e6065258-5a2c-4a72-9f81-ed1321f551ca: receive RaftClientReply:client-C0E347E82FC5->e6065258-5a2c-4a72-9f81-ed1321f551ca@group-13364FE26125, cid=3104, SUCCESS, logIndex=5077, commits[e6065258-5a2c-4a72-9f81-ed1321f551ca:c5077]
2019-06-14 09:09:45,444 INFO  client.GrpcClientProtocolClient (GrpcClientProtocolClient.java:onNext(254)) - client-C0E347E82FC5->e6065258-5a2c-4a72-9f81-ed1321f551ca: receive RaftClientReply:client-C0E347E82FC5->e6065258-5a2c-4a72-9f81-ed1321f551ca@group-13364FE26125, cid=3105, SUCCESS, logIndex=5080, commits[e6065258-5a2c-4a72-9f81-ed1321f551ca:c5080]
2019-06-14 09:09:45,445 INFO  client.GrpcClientProtocolClient (GrpcClientProtocolClient.java:onNext(254)) - client-C0E347E82FC5->e6065258-5a2c-4a72-9f81-ed1321f551ca: receive RaftClientReply:client-C0E347E82FC5->e6065258-5a2c-4a72-9f81-ed1321f551ca@group-13364FE26125, cid=3106, SUCCESS, logIndex=5082, commits[e6065258-5a2c-4a72-9f81-ed1321f551ca:c5082]
2019-06-14 09:09:45,446 INFO  client.GrpcClientProtocolClient (GrpcClientProtocolClient.java:onNext(254)) - client-C0E347E82FC5->e6065258-5a2c-4a72-9f81-ed1321f551ca: receive RaftClientReply:client-C0E347E82FC5->e6065258-5a2c-4a72-9f81-ed1321f551ca@group-13364FE26125, cid=3107, SUCCESS, logIndex=5083, commits[e6065258-5a2c-4a72-9f81-ed1321f551ca:c5085]
2019-06-14 09:09:45,446 INFO  client.GrpcClientProtocolClient (GrpcClientProtocolClient.java:onNext(254)) - client-C0E347E82FC5->e6065258-5a2c-4a72-9f81-ed1321f551ca: receive RaftClientReply:client-C0E347E82FC5->e6065258-5a2c-4a72-9f81-ed1321f551ca@group-13364FE26125, cid=3108, SUCCESS, logIndex=5084, commits[e6065258-5a2c-4a72-9f81-ed1321f551ca:c5085]
2019-06-14 09:09:45,452 INFO  client.GrpcClientProtocolClient (GrpcClientProtocolClient.java:onNext(254)) - client-C0E347E82FC5->e6065258-5a2c-4a72-9f81-ed1321f551ca: receive RaftClientReply:client-C0E347E82FC5->e6065258-5a2c-4a72-9f81-ed1321f551ca@group-13364FE26125, cid=3109, SUCCESS, logIndex=5086, commits[e6065258-5a2c-4a72-9f81-ed1321f551ca:c5086]
2019-06-14 09:09:45,454 INFO  client.GrpcClientProtocolClient (GrpcClientProtocolClient.java:onNext(254)) - client-C0E347E82FC5->e6065258-5a2c-4a72-9f81-ed1321f551ca: receive RaftClientReply:client-C0E347E82FC5->e6065258-5a2c-4a72-9f81-ed1321f551ca@group-13364FE26125, cid=3110, SUCCESS, logIndex=5088, commits[e6065258-5a2c-4a72-9f81-ed1321f551ca:c5088]
2019-06-14 09:09:45,455 INFO  client.GrpcClientProtocolClient (GrpcClientProtocolClient.java:onNext(254)) - client-C0E347E82FC5->e6065258-5a2c-4a72-9f81-ed1321f551ca: receive RaftClientReply:client-C0E347E82FC5->e6065258-5a2c-4a72-9f81-ed1321f551ca@group-13364FE26125, cid=3111, SUCCESS, logIndex=5089, commits[e6065258-5a2c-4a72-9f81-ed1321f551ca:c5091]
2019-06-14 09:09:45,455 INFO  client.GrpcClientProtocolClient (GrpcClientProtocolClient.java:onNext(254)) - client-C0E347E82FC5->e6065258-5a2c-4a72-9f81-ed1321f551ca: receive RaftClientReply:client-C0E347E82FC5->e6065258-5a2c-4a72-9f81-ed1321f551ca@group-13364FE26125, cid=3112, SUCCESS, logIndex=5090, commits[e6065258-5a2c-4a72-9f81-ed1321f551ca:c5091]
2019-06-14 09:09:45,466 INFO  client.GrpcClientProtocolClient (GrpcClientProtocolClient.java:onNext(254)) - client-C0E347E82FC5->e6065258-5a2c-4a72-9f81-ed1321f551ca: receive RaftClientReply:client-C0E347E82FC5->e6065258-5a2c-4a72-9f81-ed1321f551ca@group-13364FE26125, cid=3113, SUCCESS, logIndex=5092, commits[e6065258-5a2c-4a72-9f81-ed1321f551ca:c5092]
2019-06-14 09:09:45,469 INFO  client.GrpcClientProtocolClient (GrpcClientProtocolClient.java:onNext(254)) - client-C0E347E82FC5->e6065258-5a2c-4a72-9f81-ed1321f551ca: receive RaftClientReply:client-C0E347E82FC5->e6065258-5a2c-4a72-9f81-ed1321f551ca@group-13364FE26125, cid=3114, SUCCESS, logIndex=5094, commits[e6065258-5a2c-4a72-9f81-ed1321f551ca:c5096]
2019-06-14 09:09:45,469 INFO  client.GrpcClientProtocolClient (GrpcClientProtocolClient.java:onNext(254)) - client-C0E347E82FC5->e6065258-5a2c-4a72-9f81-ed1321f551ca: receive RaftClientReply:client-C0E347E82FC5->e6065258-5a2c-4a72-9f81-ed1321f551ca@group-13364FE26125, cid=3115, SUCCESS, logIndex=5095, commits[e6065258-5a2c-4a72-9f81-ed1321f551ca:c5096]
2019-06-14 09:09:45,469 INFO  client.GrpcClientProtocolClient (GrpcClientProtocolClient.java:onNext(254)) - client-C0E347E82FC5->e6065258-5a2c-4a72-9f81-ed1321f551ca: receive RaftClientReply:client-C0E347E82FC5->e6065258-5a2c-4a72-9f81-ed1321f551ca@group-13364FE26125, cid=3116, SUCCESS, logIndex=5096, commits[e6065258-5a2c-4a72-9f81-ed1321f551ca:c5096]
2019-06-14 09:09:45,474 INFO  client.GrpcClientProtocolClient (GrpcClientProtocolClient.java:onNext(254)) - client-C0E347E82FC5->e6065258-5a2c-4a72-9f81-ed1321f551ca: receive RaftClientReply:client-C0E347E82FC5->e6065258-5a2c-4a72-9f81-ed1321f551ca@group-13364FE26125, cid=3117, SUCCESS, logIndex=5098, commits[e6065258-5a2c-4a72-9f81-ed1321f551ca:c5098]
2019-06-14 09:09:45,476 INFO  client.GrpcClientProtocolClient (GrpcClientProtocolClient.java:onNext(254)) - client-C0E347E82FC5->e6065258-5a2c-4a72-9f81-ed1321f551ca: receive RaftClientReply:client-C0E347E82FC5->e6065258-5a2c-4a72-9f81-ed1321f551ca@group-13364FE26125, cid=3118, SUCCESS, logIndex=5100, commits[e6065258-5a2c-4a72-9f81-ed1321f551ca:c5100]
2019-06-14 09:09:45,476 INFO  client.GrpcClientProtocolClient (GrpcClientProtocolClient.java:onNext(254)) - client-C0E347E82FC5->e6065258-5a2c-4a72-9f81-ed1321f551ca: receive RaftClientReply:client-C0E347E82FC5->e6065258-5a2c-4a72-9f81-ed1321f551ca@group-13364FE26125, cid=3119, SUCCESS, logIndex=5101, commits[e6065258-5a2c-4a72-9f81-ed1321f551ca:c5101]
2019-06-14 09:09:45,477 INFO  client.GrpcClientProtocolClient (GrpcClientProtocolClient.java:onNext(254)) - client-C0E347E82FC5->e6065258-5a2c-4a72-9f81-ed1321f551ca: receive RaftClientReply:client-C0E347E82FC5->e6065258-5a2c-4a72-9f81-ed1321f551ca@group-13364FE26125, cid=3120, SUCCESS, logIndex=5102, commits[e6065258-5a2c-4a72-9f81-ed1321f551ca:c5103]
2019-06-14 09:09:45,486 INFO  client.GrpcClientProtocolClient (GrpcClientProtocolClient.java:onNext(254)) - client-C0E347E82FC5->e6065258-5a2c-4a72-9f81-ed1321f551ca: receive RaftClientReply:client-C0E347E82FC5->e6065258-5a2c-4a72-9f81-ed1321f551ca@group-13364FE26125, cid=3121, SUCCESS, logIndex=5105, commits[e6065258-5a2c-4a72-9f81-ed1321f551ca:c5105]
2019-06-14 09:09:45,488 INFO  client.GrpcClientProtocolClient (GrpcClientProtocolClient.java:onNext(254)) - client-C0E347E82FC5->e6065258-5a2c-4a72-9f81-ed1321f551ca: receive RaftClientReply:client-C0E347E82FC5->e6065258-5a2c-4a72-9f81-ed1321f551ca@group-13364FE26125, cid=3122, SUCCESS, logIndex=5107, commits[e6065258-5a2c-4a72-9f81-ed1321f551ca:c5107]
2019-06-14 09:09:45,489 INFO  client.GrpcClientProtocolClient (GrpcClientProtocolClient.java:onNext(254)) - client-C0E347E82FC5->e6065258-5a2c-4a72-9f81-ed1321f551ca: receive RaftClientReply:client-C0E347E82FC5->e6065258-5a2c-4a72-9f81-ed1321f551ca@group-13364FE26125, cid=3123, SUCCESS, logIndex=5108, commits[e6065258-5a2c-4a72-9f81-ed1321f551ca:c5109]
2019-06-14 09:09:45,489 INFO  client.GrpcClientProtocolClient (GrpcClientProtocolClient.java:onNext(254)) - client-C0E347E82FC5->e6065258-5a2c-4a72-9f81-ed1321f551ca: receive RaftClientReply:client-C0E347E82FC5->e6065258-5a2c-4a72-9f81-ed1321f551ca@group-13364FE26125, cid=3124, SUCCESS, logIndex=5109, commits[e6065258-5a2c-4a72-9f81-ed1321f551ca:c5109]
2019-06-14 09:09:45,494 INFO  client.GrpcClientProtocolClient (GrpcClientProtocolClient.java:onNext(254)) - client-C0E347E82FC5->e6065258-5a2c-4a72-9f81-ed1321f551ca: receive RaftClientReply:client-C0E347E82FC5->e6065258-5a2c-4a72-9f81-ed1321f551ca@group-13364FE26125, cid=3125, SUCCESS, logIndex=5112, commits[e6065258-5a2c-4a72-9f81-ed1321f551ca:c5112]
2019-06-14 09:09:45,496 INFO  client.GrpcClientProtocolClient (GrpcClientProtocolClient.java:onNext(254)) - client-C0E347E82FC5->e6065258-5a2c-4a72-9f81-ed1321f551ca: receive RaftClientReply:client-C0E347E82FC5->e6065258-5a2c-4a72-9f81-ed1321f551ca@group-13364FE26125, cid=3126, SUCCESS, logIndex=5114, commits[e6065258-5a2c-4a72-9f81-ed1321f551ca:c5114]
2019-06-14 09:09:45,496 INFO  client.GrpcClientProtocolClient (GrpcClientProtocolClient.java:onNext(254)) - client-C0E347E82FC5->e6065258-5a2c-4a72-9f81-ed1321f551ca: receive RaftClientReply:client-C0E347E82FC5->e6065258-5a2c-4a72-9f81-ed1321f551ca@group-13364FE26125, cid=3127, SUCCESS, logIndex=5115, commits[e6065258-5a2c-4a72-9f81-ed1321f551ca:c5116]
2019-06-14 09:09:45,496 INFO  client.GrpcClientProtocolClient (GrpcClientProtocolClient.java:onNext(254)) - client-C0E347E82FC5->e6065258-5a2c-4a72-9f81-ed1321f551ca: receive RaftClientReply:client-C0E347E82FC5->e6065258-5a2c-4a72-9f81-ed1321f551ca@group-13364FE26125, cid=3128, SUCCESS, logIndex=5116, commits[e6065258-5a2c-4a72-9f81-ed1321f551ca:c5116]
2019-06-14 09:09:45,506 INFO  client.GrpcClientProtocolClient (GrpcClientProtocolClient.java:onNext(254)) - client-C0E347E82FC5->e6065258-5a2c-4a72-9f81-ed1321f551ca: receive RaftClientReply:client-C0E347E82FC5->e6065258-5a2c-4a72-9f81-ed1321f551ca@group-13364FE26125, cid=3129, SUCCESS, logIndex=5119, commits[e6065258-5a2c-4a72-9f81-ed1321f551ca:c5119]
2019-06-14 09:09:45,508 INFO  client.GrpcClientProtocolClient (GrpcClientProtocolClient.java:onNext(254)) - client-C0E347E82FC5->e6065258-5a2c-4a72-9f81-ed1321f551ca: receive RaftClientReply:client-C0E347E82FC5->e6065258-5a2c-4a72-9f81-ed1321f551ca@group-13364FE26125, cid=3130, SUCCESS, logIndex=5121, commits[e6065258-5a2c-4a72-9f81-ed1321f551ca:c5121]
2019-06-14 09:09:45,509 INFO  client.GrpcClientProtocolClient (GrpcClientProtocolClient.java:onNext(254)) - client-C0E347E82FC5->e6065258-5a2c-4a72-9f81-ed1321f551ca: receive RaftClientReply:client-C0E347E82FC5->e6065258-5a2c-4a72-9f81-ed1321f551ca@group-13364FE26125, cid=3131, SUCCESS, logIndex=5122, commits[e6065258-5a2c-4a72-9f81-ed1321f551ca:c5124]
2019-06-14 09:09:45,509 INFO  client.GrpcClientProtocolClient (GrpcClientProtocolClient.java:onNext(254)) - client-C0E347E82FC5->e6065258-5a2c-4a72-9f81-ed1321f551ca: receive RaftClientReply:client-C0E347E82FC5->e6065258-5a2c-4a72-9f81-ed1321f551ca@group-13364FE26125, cid=3132, SUCCESS, logIndex=5123, commits[e6065258-5a2c-4a72-9f81-ed1321f551ca:c5124]
2019-06-14 09:09:45,514 INFO  client.GrpcClientProtocolClient (GrpcClientProtocolClient.java:onNext(254)) - client-C0E347E82FC5->e6065258-5a2c-4a72-9f81-ed1321f551ca: receive RaftClientReply:client-C0E347E82FC5->e6065258-5a2c-4a72-9f81-ed1321f551ca@group-13364FE26125, cid=3133, SUCCESS, logIndex=5125, commits[e6065258-5a2c-4a72-9f81-ed1321f551ca:c5125]
2019-06-14 09:09:45,516 INFO  client.GrpcClientProtocolClient (GrpcClientProtocolClient.java:onNext(254)) - client-C0E347E82FC5->e6065258-5a2c-4a72-9f81-ed1321f551ca: receive RaftClientReply:client-C0E347E82FC5->e6065258-5a2c-4a72-9f81-ed1321f551ca@group-13364FE26125, cid=3134, SUCCESS, logIndex=5127, commits[e6065258-5a2c-4a72-9f81-ed1321f551ca:c5127]
2019-06-14 09:09:45,517 INFO  client.GrpcClientProtocolClient (GrpcClientProtocolClient.java:onNext(254)) - client-C0E347E82FC5->e6065258-5a2c-4a72-9f81-ed1321f551ca: receive RaftClientReply:client-C0E347E82FC5->e6065258-5a2c-4a72-9f81-ed1321f551ca@group-13364FE26125, cid=3135, SUCCESS, logIndex=5128, commits[e6065258-5a2c-4a72-9f81-ed1321f551ca:c5128]
2019-06-14 09:09:45,518 INFO  client.GrpcClientProtocolClient (GrpcClientProtocolClient.java:onNext(254)) - client-C0E347E82FC5->e6065258-5a2c-4a72-9f81-ed1321f551ca: receive RaftClientReply:client-C0E347E82FC5->e6065258-5a2c-4a72-9f81-ed1321f551ca@group-13364FE26125, cid=3136, SUCCESS, logIndex=5131, commits[e6065258-5a2c-4a72-9f81-ed1321f551ca:c5131]
2019-06-14 09:09:45,518 DEBUG block.SCMBlockDeletingService (SCMBlockDeletingService.java:call(138)) - Running DeletedBlockTransactionScanner
2019-06-14 09:09:45,518 DEBUG block.SCMBlockDeletingService (SCMBlockDeletingService.java:call(155)) - Scanned deleted blocks log and got 0 delTX to process.
2019-06-14 09:09:45,784 DEBUG block.SCMBlockDeletingService (SCMBlockDeletingService.java:call(138)) - Running DeletedBlockTransactionScanner
2019-06-14 09:09:45,784 DEBUG block.SCMBlockDeletingService (SCMBlockDeletingService.java:call(155)) - Scanned deleted blocks log and got 0 delTX to process.
2019-06-14 09:09:45,798 INFO  client.GrpcClientProtocolClient (GrpcClientProtocolClient.java:onNext(254)) - client-C0E347E82FC5->e6065258-5a2c-4a72-9f81-ed1321f551ca: receive RaftClientReply:client-C0E347E82FC5->e6065258-5a2c-4a72-9f81-ed1321f551ca@group-13364FE26125, cid=3137, SUCCESS, logIndex=5133, commits[e6065258-5a2c-4a72-9f81-ed1321f551ca:c5133]
2019-06-14 09:09:45,799 INFO  client.GrpcClientProtocolClient (GrpcClientProtocolClient.java:onNext(254)) - client-C0E347E82FC5->e6065258-5a2c-4a72-9f81-ed1321f551ca: receive RaftClientReply:client-C0E347E82FC5->e6065258-5a2c-4a72-9f81-ed1321f551ca@group-13364FE26125, cid=3138, SUCCESS, logIndex=5135, commits[e6065258-5a2c-4a72-9f81-ed1321f551ca:c5135]
2019-06-14 09:09:45,862 INFO  client.GrpcClientProtocolClient (GrpcClientProtocolClient.java:onNext(254)) - client-C0E347E82FC5->e6065258-5a2c-4a72-9f81-ed1321f551ca: receive RaftClientReply:client-C0E347E82FC5->e6065258-5a2c-4a72-9f81-ed1321f551ca@group-13364FE26125, cid=3139, SUCCESS, logIndex=5137, commits[e6065258-5a2c-4a72-9f81-ed1321f551ca:c5137]
2019-06-14 09:09:45,863 INFO  client.GrpcClientProtocolClient (GrpcClientProtocolClient.java:onNext(254)) - client-C0E347E82FC5->e6065258-5a2c-4a72-9f81-ed1321f551ca: receive RaftClientReply:client-C0E347E82FC5->e6065258-5a2c-4a72-9f81-ed1321f551ca@group-13364FE26125, cid=3140, SUCCESS, logIndex=5139, commits[e6065258-5a2c-4a72-9f81-ed1321f551ca:c5139]
2019-06-14 09:09:45,868 INFO  client.GrpcClientProtocolClient (GrpcClientProtocolClient.java:onNext(254)) - client-C0E347E82FC5->e6065258-5a2c-4a72-9f81-ed1321f551ca: receive RaftClientReply:client-C0E347E82FC5->e6065258-5a2c-4a72-9f81-ed1321f551ca@group-13364FE26125, cid=3141, SUCCESS, logIndex=5141, commits[e6065258-5a2c-4a72-9f81-ed1321f551ca:c5141]
2019-06-14 09:09:45,869 INFO  storage.RaftLogWorker (RaftLogWorker.java:rollLogSegment(303)) - e6065258-5a2c-4a72-9f81-ed1321f551ca-RaftLogWorker: Rolling segment log-5073_5144 to index:5144
2019-06-14 09:09:45,870 INFO  storage.RaftLogWorker (RaftLogWorker.java:execute(433)) - e6065258-5a2c-4a72-9f81-ed1321f551ca-RaftLogWorker: Rolled log segment from /opt/src/hadoop-ozone/integration-test/target/test-dir/MiniOzoneClusterImpl-a56da109-a1cb-4168-8966-62306f2f2d23/datanode-0/data/ratis/920138aa-6f47-4d6d-b5cc-13364fe26125/current/log_inprogress_5073 to /opt/src/hadoop-ozone/integration-test/target/test-dir/MiniOzoneClusterImpl-a56da109-a1cb-4168-8966-62306f2f2d23/datanode-0/data/ratis/920138aa-6f47-4d6d-b5cc-13364fe26125/current/log_5073-5144
2019-06-14 09:09:45,875 INFO  client.GrpcClientProtocolClient (GrpcClientProtocolClient.java:onNext(254)) - client-C0E347E82FC5->e6065258-5a2c-4a72-9f81-ed1321f551ca: receive RaftClientReply:client-C0E347E82FC5->e6065258-5a2c-4a72-9f81-ed1321f551ca@group-13364FE26125, cid=3142, SUCCESS, logIndex=5143, commits[e6065258-5a2c-4a72-9f81-ed1321f551ca:c5143]
2019-06-14 09:09:45,876 INFO  client.GrpcClientProtocolClient (GrpcClientProtocolClient.java:onNext(254)) - client-C0E347E82FC5->e6065258-5a2c-4a72-9f81-ed1321f551ca: receive RaftClientReply:client-C0E347E82FC5->e6065258-5a2c-4a72-9f81-ed1321f551ca@group-13364FE26125, cid=3143, SUCCESS, logIndex=5144, commits[e6065258-5a2c-4a72-9f81-ed1321f551ca:c5144]
2019-06-14 09:09:45,885 DEBUG block.SCMBlockDeletingService (SCMBlockDeletingService.java:call(138)) - Running DeletedBlockTransactionScanner
2019-06-14 09:09:45,885 DEBUG block.SCMBlockDeletingService (SCMBlockDeletingService.java:call(155)) - Scanned deleted blocks log and got 0 delTX to process.
2019-06-14 09:09:45,912 INFO  storage.RaftLogWorker (RaftLogWorker.java:execute(469)) - e6065258-5a2c-4a72-9f81-ed1321f551ca-RaftLogWorker: created new log segment /opt/src/hadoop-ozone/integration-test/target/test-dir/MiniOzoneClusterImpl-a56da109-a1cb-4168-8966-62306f2f2d23/datanode-0/data/ratis/920138aa-6f47-4d6d-b5cc-13364fe26125/current/log_inprogress_5145
2019-06-14 09:09:45,913 INFO  client.GrpcClientProtocolClient (GrpcClientProtocolClient.java:onNext(254)) - client-C0E347E82FC5->e6065258-5a2c-4a72-9f81-ed1321f551ca: receive RaftClientReply:client-C0E347E82FC5->e6065258-5a2c-4a72-9f81-ed1321f551ca@group-13364FE26125, cid=3144, SUCCESS, logIndex=5145, commits[e6065258-5a2c-4a72-9f81-ed1321f551ca:c5147]
2019-06-14 09:09:45,928 INFO  client.GrpcClientProtocolClient (GrpcClientProtocolClient.java:onNext(254)) - client-C0E347E82FC5->e6065258-5a2c-4a72-9f81-ed1321f551ca: receive RaftClientReply:client-C0E347E82FC5->e6065258-5a2c-4a72-9f81-ed1321f551ca@group-13364FE26125, cid=3145, SUCCESS, logIndex=5148, commits[e6065258-5a2c-4a72-9f81-ed1321f551ca:c5148]
2019-06-14 09:09:45,930 INFO  client.GrpcClientProtocolClient (GrpcClientProtocolClient.java:onNext(254)) - client-C0E347E82FC5->e6065258-5a2c-4a72-9f81-ed1321f551ca: receive RaftClientReply:client-C0E347E82FC5->e6065258-5a2c-4a72-9f81-ed1321f551ca@group-13364FE26125, cid=3146, SUCCESS, logIndex=5150, commits[e6065258-5a2c-4a72-9f81-ed1321f551ca:c5150]
2019-06-14 09:09:45,930 INFO  client.GrpcClientProtocolClient (GrpcClientProtocolClient.java:onNext(254)) - client-C0E347E82FC5->e6065258-5a2c-4a72-9f81-ed1321f551ca: receive RaftClientReply:client-C0E347E82FC5->e6065258-5a2c-4a72-9f81-ed1321f551ca@group-13364FE26125, cid=3147, SUCCESS, logIndex=5151, commits[e6065258-5a2c-4a72-9f81-ed1321f551ca:c5153]
2019-06-14 09:09:45,931 INFO  client.GrpcClientProtocolClient (GrpcClientProtocolClient.java:onNext(254)) - client-C0E347E82FC5->e6065258-5a2c-4a72-9f81-ed1321f551ca: receive RaftClientReply:client-C0E347E82FC5->e6065258-5a2c-4a72-9f81-ed1321f551ca@group-13364FE26125, cid=3148, SUCCESS, logIndex=5152, commits[e6065258-5a2c-4a72-9f81-ed1321f551ca:c5153]
2019-06-14 09:09:45,936 INFO  client.GrpcClientProtocolClient (GrpcClientProtocolClient.java:onNext(254)) - client-C0E347E82FC5->e6065258-5a2c-4a72-9f81-ed1321f551ca: receive RaftClientReply:client-C0E347E82FC5->e6065258-5a2c-4a72-9f81-ed1321f551ca@group-13364FE26125, cid=3149, SUCCESS, logIndex=5154, commits[e6065258-5a2c-4a72-9f81-ed1321f551ca:c5154]
2019-06-14 09:09:45,938 INFO  client.GrpcClientProtocolClient (GrpcClientProtocolClient.java:onNext(254)) - client-C0E347E82FC5->e6065258-5a2c-4a72-9f81-ed1321f551ca: receive RaftClientReply:client-C0E347E82FC5->e6065258-5a2c-4a72-9f81-ed1321f551ca@group-13364FE26125, cid=3150, SUCCESS, logIndex=5156, commits[e6065258-5a2c-4a72-9f81-ed1321f551ca:c5156]
2019-06-14 09:09:45,938 INFO  client.GrpcClientProtocolClient (GrpcClientProtocolClient.java:onNext(254)) - client-C0E347E82FC5->e6065258-5a2c-4a72-9f81-ed1321f551ca: receive RaftClientReply:client-C0E347E82FC5->e6065258-5a2c-4a72-9f81-ed1321f551ca@group-13364FE26125, cid=3151, SUCCESS, logIndex=5157, commits[e6065258-5a2c-4a72-9f81-ed1321f551ca:c5158]
2019-06-14 09:09:45,939 INFO  client.GrpcClientProtocolClient (GrpcClientProtocolClient.java:onNext(254)) - client-C0E347E82FC5->e6065258-5a2c-4a72-9f81-ed1321f551ca: receive RaftClientReply:client-C0E347E82FC5->e6065258-5a2c-4a72-9f81-ed1321f551ca@group-13364FE26125, cid=3152, SUCCESS, logIndex=5158, commits[e6065258-5a2c-4a72-9f81-ed1321f551ca:c5158]
2019-06-14 09:09:45,948 INFO  client.GrpcClientProtocolClient (GrpcClientProtocolClient.java:onNext(254)) - client-C0E347E82FC5->e6065258-5a2c-4a72-9f81-ed1321f551ca: receive RaftClientReply:client-C0E347E82FC5->e6065258-5a2c-4a72-9f81-ed1321f551ca@group-13364FE26125, cid=3153, SUCCESS, logIndex=5161, commits[e6065258-5a2c-4a72-9f81-ed1321f551ca:c5161]
2019-06-14 09:09:45,949 INFO  client.GrpcClientProtocolClient (GrpcClientProtocolClient.java:onNext(254)) - client-C0E347E82FC5->e6065258-5a2c-4a72-9f81-ed1321f551ca: receive RaftClientReply:client-C0E347E82FC5->e6065258-5a2c-4a72-9f81-ed1321f551ca@group-13364FE26125, cid=3154, SUCCESS, logIndex=5163, commits[e6065258-5a2c-4a72-9f81-ed1321f551ca:c5163]
2019-06-14 09:09:45,950 INFO  client.GrpcClientProtocolClient (GrpcClientProtocolClient.java:onNext(254)) - client-C0E347E82FC5->e6065258-5a2c-4a72-9f81-ed1321f551ca: receive RaftClientReply:client-C0E347E82FC5->e6065258-5a2c-4a72-9f81-ed1321f551ca@group-13364FE26125, cid=3155, SUCCESS, logIndex=5164, commits[e6065258-5a2c-4a72-9f81-ed1321f551ca:c5166]
2019-06-14 09:09:45,950 INFO  client.GrpcClientProtocolClient (GrpcClientProtocolClient.java:onNext(254)) - client-C0E347E82FC5->e6065258-5a2c-4a72-9f81-ed1321f551ca: receive RaftClientReply:client-C0E347E82FC5->e6065258-5a2c-4a72-9f81-ed1321f551ca@group-13364FE26125, cid=3156, SUCCESS, logIndex=5165, commits[e6065258-5a2c-4a72-9f81-ed1321f551ca:c5166]
2019-06-14 09:09:45,955 INFO  client.GrpcClientProtocolClient (GrpcClientProtocolClient.java:onNext(254)) - client-C0E347E82FC5->e6065258-5a2c-4a72-9f81-ed1321f551ca: receive RaftClientReply:client-C0E347E82FC5->e6065258-5a2c-4a72-9f81-ed1321f551ca@group-13364FE26125, cid=3157, SUCCESS, logIndex=5167, commits[e6065258-5a2c-4a72-9f81-ed1321f551ca:c5167]
2019-06-14 09:09:45,956 INFO  client.GrpcClientProtocolClient (GrpcClientProtocolClient.java:onNext(254)) - client-C0E347E82FC5->e6065258-5a2c-4a72-9f81-ed1321f551ca: receive RaftClientReply:client-C0E347E82FC5->e6065258-5a2c-4a72-9f81-ed1321f551ca@group-13364FE26125, cid=3158, SUCCESS, logIndex=5169, commits[e6065258-5a2c-4a72-9f81-ed1321f551ca:c5169]
2019-06-14 09:09:45,957 INFO  client.GrpcClientProtocolClient (GrpcClientProtocolClient.java:onNext(254)) - client-C0E347E82FC5->e6065258-5a2c-4a72-9f81-ed1321f551ca: receive RaftClientReply:client-C0E347E82FC5->e6065258-5a2c-4a72-9f81-ed1321f551ca@group-13364FE26125, cid=3159, SUCCESS, logIndex=5170, commits[e6065258-5a2c-4a72-9f81-ed1321f551ca:c5171]
2019-06-14 09:09:45,958 INFO  client.GrpcClientProtocolClient (GrpcClientProtocolClient.java:onNext(254)) - client-C0E347E82FC5->e6065258-5a2c-4a72-9f81-ed1321f551ca: receive RaftClientReply:client-C0E347E82FC5->e6065258-5a2c-4a72-9f81-ed1321f551ca@group-13364FE26125, cid=3160, SUCCESS, logIndex=5172, commits[e6065258-5a2c-4a72-9f81-ed1321f551ca:c5172]
2019-06-14 09:09:45,966 INFO  client.GrpcClientProtocolClient (GrpcClientProtocolClient.java:onNext(254)) - client-C0E347E82FC5->e6065258-5a2c-4a72-9f81-ed1321f551ca: receive RaftClientReply:client-C0E347E82FC5->e6065258-5a2c-4a72-9f81-ed1321f551ca@group-13364FE26125, cid=3161, SUCCESS, logIndex=5174, commits[e6065258-5a2c-4a72-9f81-ed1321f551ca:c5174]
2019-06-14 09:09:45,968 INFO  client.GrpcClientProtocolClient (GrpcClientProtocolClient.java:onNext(254)) - client-C0E347E82FC5->e6065258-5a2c-4a72-9f81-ed1321f551ca: receive RaftClientReply:client-C0E347E82FC5->e6065258-5a2c-4a72-9f81-ed1321f551ca@group-13364FE26125, cid=3162, SUCCESS, logIndex=5176, commits[e6065258-5a2c-4a72-9f81-ed1321f551ca:c5176]
2019-06-14 09:09:45,969 INFO  client.GrpcClientProtocolClient (GrpcClientProtocolClient.java:onNext(254)) - client-C0E347E82FC5->e6065258-5a2c-4a72-9f81-ed1321f551ca: receive RaftClientReply:client-C0E347E82FC5->e6065258-5a2c-4a72-9f81-ed1321f551ca@group-13364FE26125, cid=3163, SUCCESS, logIndex=5177, commits[e6065258-5a2c-4a72-9f81-ed1321f551ca:c5179]
2019-06-14 09:09:45,969 INFO  client.GrpcClientProtocolClient (GrpcClientProtocolClient.java:onNext(254)) - client-C0E347E82FC5->e6065258-5a2c-4a72-9f81-ed1321f551ca: receive RaftClientReply:client-C0E347E82FC5->e6065258-5a2c-4a72-9f81-ed1321f551ca@group-13364FE26125, cid=3164, SUCCESS, logIndex=5178, commits[e6065258-5a2c-4a72-9f81-ed1321f551ca:c5179]
2019-06-14 09:09:45,973 INFO  client.GrpcClientProtocolClient (GrpcClientProtocolClient.java:onNext(254)) - client-C0E347E82FC5->e6065258-5a2c-4a72-9f81-ed1321f551ca: receive RaftClientReply:client-C0E347E82FC5->e6065258-5a2c-4a72-9f81-ed1321f551ca@group-13364FE26125, cid=3165, SUCCESS, logIndex=5180, commits[e6065258-5a2c-4a72-9f81-ed1321f551ca:c5180]
2019-06-14 09:09:45,975 INFO  client.GrpcClientProtocolClient (GrpcClientProtocolClient.java:onNext(254)) - client-C0E347E82FC5->e6065258-5a2c-4a72-9f81-ed1321f551ca: receive RaftClientReply:client-C0E347E82FC5->e6065258-5a2c-4a72-9f81-ed1321f551ca@group-13364FE26125, cid=3166, SUCCESS, logIndex=5182, commits[e6065258-5a2c-4a72-9f81-ed1321f551ca:c5182]
2019-06-14 09:09:45,976 INFO  client.GrpcClientProtocolClient (GrpcClientProtocolClient.java:onNext(254)) - client-C0E347E82FC5->e6065258-5a2c-4a72-9f81-ed1321f551ca: receive RaftClientReply:client-C0E347E82FC5->e6065258-5a2c-4a72-9f81-ed1321f551ca@group-13364FE26125, cid=3167, SUCCESS, logIndex=5183, commits[e6065258-5a2c-4a72-9f81-ed1321f551ca:c5185]
2019-06-14 09:09:45,976 INFO  client.GrpcClientProtocolClient (GrpcClientProtocolClient.java:onNext(254)) - client-C0E347E82FC5->e6065258-5a2c-4a72-9f81-ed1321f551ca: receive RaftClientReply:client-C0E347E82FC5->e6065258-5a2c-4a72-9f81-ed1321f551ca@group-13364FE26125, cid=3168, SUCCESS, logIndex=5184, commits[e6065258-5a2c-4a72-9f81-ed1321f551ca:c5185]
2019-06-14 09:09:45,985 INFO  client.GrpcClientProtocolClient (GrpcClientProtocolClient.java:onNext(254)) - client-C0E347E82FC5->e6065258-5a2c-4a72-9f81-ed1321f551ca: receive RaftClientReply:client-C0E347E82FC5->e6065258-5a2c-4a72-9f81-ed1321f551ca@group-13364FE26125, cid=3169, SUCCESS, logIndex=5186, commits[e6065258-5a2c-4a72-9f81-ed1321f551ca:c5186]
2019-06-14 09:09:45,985 DEBUG block.SCMBlockDeletingService (SCMBlockDeletingService.java:call(138)) - Running DeletedBlockTransactionScanner
2019-06-14 09:09:45,985 DEBUG block.SCMBlockDeletingService (SCMBlockDeletingService.java:call(155)) - Scanned deleted blocks log and got 0 delTX to process.
2019-06-14 09:09:45,986 INFO  client.GrpcClientProtocolClient (GrpcClientProtocolClient.java:onNext(254)) - client-C0E347E82FC5->e6065258-5a2c-4a72-9f81-ed1321f551ca: receive RaftClientReply:client-C0E347E82FC5->e6065258-5a2c-4a72-9f81-ed1321f551ca@group-13364FE26125, cid=3170, SUCCESS, logIndex=5188, commits[e6065258-5a2c-4a72-9f81-ed1321f551ca:c5188]
2019-06-14 09:09:45,987 INFO  client.GrpcClientProtocolClient (GrpcClientProtocolClient.java:onNext(254)) - client-C0E347E82FC5->e6065258-5a2c-4a72-9f81-ed1321f551ca: receive RaftClientReply:client-C0E347E82FC5->e6065258-5a2c-4a72-9f81-ed1321f551ca@group-13364FE26125, cid=3171, SUCCESS, logIndex=5189, commits[e6065258-5a2c-4a72-9f81-ed1321f551ca:c5191]
2019-06-14 09:09:45,987 INFO  client.GrpcClientProtocolClient (GrpcClientProtocolClient.java:onNext(254)) - client-C0E347E82FC5->e6065258-5a2c-4a72-9f81-ed1321f551ca: receive RaftClientReply:client-C0E347E82FC5->e6065258-5a2c-4a72-9f81-ed1321f551ca@group-13364FE26125, cid=3172, SUCCESS, logIndex=5190, commits[e6065258-5a2c-4a72-9f81-ed1321f551ca:c5191]
2019-06-14 09:09:45,991 INFO  client.GrpcClientProtocolClient (GrpcClientProtocolClient.java:onNext(254)) - client-C0E347E82FC5->e6065258-5a2c-4a72-9f81-ed1321f551ca: receive RaftClientReply:client-C0E347E82FC5->e6065258-5a2c-4a72-9f81-ed1321f551ca@group-13364FE26125, cid=3173, SUCCESS, logIndex=5192, commits[e6065258-5a2c-4a72-9f81-ed1321f551ca:c5192]
2019-06-14 09:09:45,992 INFO  client.GrpcClientProtocolClient (GrpcClientProtocolClient.java:onNext(254)) - client-C0E347E82FC5->e6065258-5a2c-4a72-9f81-ed1321f551ca: receive RaftClientReply:client-C0E347E82FC5->e6065258-5a2c-4a72-9f81-ed1321f551ca@group-13364FE26125, cid=3174, SUCCESS, logIndex=5194, commits[e6065258-5a2c-4a72-9f81-ed1321f551ca:c5194]
2019-06-14 09:09:45,994 INFO  client.GrpcClientProtocolClient (GrpcClientProtocolClient.java:onNext(254)) - client-C0E347E82FC5->e6065258-5a2c-4a72-9f81-ed1321f551ca: receive RaftClientReply:client-C0E347E82FC5->e6065258-5a2c-4a72-9f81-ed1321f551ca@group-13364FE26125, cid=3175, SUCCESS, logIndex=5195, commits[e6065258-5a2c-4a72-9f81-ed1321f551ca:c5197]
2019-06-14 09:09:45,994 INFO  client.GrpcClientProtocolClient (GrpcClientProtocolClient.java:onNext(254)) - client-C0E347E82FC5->e6065258-5a2c-4a72-9f81-ed1321f551ca: receive RaftClientReply:client-C0E347E82FC5->e6065258-5a2c-4a72-9f81-ed1321f551ca@group-13364FE26125, cid=3176, SUCCESS, logIndex=5196, commits[e6065258-5a2c-4a72-9f81-ed1321f551ca:c5197]
2019-06-14 09:09:46,004 INFO  client.GrpcClientProtocolClient (GrpcClientProtocolClient.java:onNext(254)) - client-C0E347E82FC5->e6065258-5a2c-4a72-9f81-ed1321f551ca: receive RaftClientReply:client-C0E347E82FC5->e6065258-5a2c-4a72-9f81-ed1321f551ca@group-13364FE26125, cid=3177, SUCCESS, logIndex=5198, commits[e6065258-5a2c-4a72-9f81-ed1321f551ca:c5198]
2019-06-14 09:09:46,006 INFO  client.GrpcClientProtocolClient (GrpcClientProtocolClient.java:onNext(254)) - client-C0E347E82FC5->e6065258-5a2c-4a72-9f81-ed1321f551ca: receive RaftClientReply:client-C0E347E82FC5->e6065258-5a2c-4a72-9f81-ed1321f551ca@group-13364FE26125, cid=3178, SUCCESS, logIndex=5200, commits[e6065258-5a2c-4a72-9f81-ed1321f551ca:c5202]
2019-06-14 09:09:46,006 INFO  client.GrpcClientProtocolClient (GrpcClientProtocolClient.java:onNext(254)) - client-C0E347E82FC5->e6065258-5a2c-4a72-9f81-ed1321f551ca: receive RaftClientReply:client-C0E347E82FC5->e6065258-5a2c-4a72-9f81-ed1321f551ca@group-13364FE26125, cid=3179, SUCCESS, logIndex=5201, commits[e6065258-5a2c-4a72-9f81-ed1321f551ca:c5202]
2019-06-14 09:09:46,006 INFO  client.GrpcClientProtocolClient (GrpcClientProtocolClient.java:onNext(254)) - client-C0E347E82FC5->e6065258-5a2c-4a72-9f81-ed1321f551ca: receive RaftClientReply:client-C0E347E82FC5->e6065258-5a2c-4a72-9f81-ed1321f551ca@group-13364FE26125, cid=3180, SUCCESS, logIndex=5202, commits[e6065258-5a2c-4a72-9f81-ed1321f551ca:c5203]
2019-06-14 09:09:46,011 INFO  client.GrpcClientProtocolClient (GrpcClientProtocolClient.java:onNext(254)) - client-C0E347E82FC5->e6065258-5a2c-4a72-9f81-ed1321f551ca: receive RaftClientReply:client-C0E347E82FC5->e6065258-5a2c-4a72-9f81-ed1321f551ca@group-13364FE26125, cid=3181, SUCCESS, logIndex=5204, commits[e6065258-5a2c-4a72-9f81-ed1321f551ca:c5204]
2019-06-14 09:09:46,012 INFO  client.GrpcClientProtocolClient (GrpcClientProtocolClient.java:onNext(254)) - client-C0E347E82FC5->e6065258-5a2c-4a72-9f81-ed1321f551ca: receive RaftClientReply:client-C0E347E82FC5->e6065258-5a2c-4a72-9f81-ed1321f551ca@group-13364FE26125, cid=3182, SUCCESS, logIndex=5206, commits[e6065258-5a2c-4a72-9f81-ed1321f551ca:c5206]
2019-06-14 09:09:46,078 INFO  client.GrpcClientProtocolClient (GrpcClientProtocolClient.java:onNext(254)) - client-C0E347E82FC5->e6065258-5a2c-4a72-9f81-ed1321f551ca: receive RaftClientReply:client-C0E347E82FC5->e6065258-5a2c-4a72-9f81-ed1321f551ca@group-13364FE26125, cid=3183, SUCCESS, logIndex=5208, commits[e6065258-5a2c-4a72-9f81-ed1321f551ca:c5208]
2019-06-14 09:09:46,079 INFO  client.GrpcClientProtocolClient (GrpcClientProtocolClient.java:onNext(254)) - client-C0E347E82FC5->e6065258-5a2c-4a72-9f81-ed1321f551ca: receive RaftClientReply:client-C0E347E82FC5->e6065258-5a2c-4a72-9f81-ed1321f551ca@group-13364FE26125, cid=3184, SUCCESS, logIndex=5210, commits[e6065258-5a2c-4a72-9f81-ed1321f551ca:c5210]
2019-06-14 09:09:46,085 DEBUG block.SCMBlockDeletingService (SCMBlockDeletingService.java:call(138)) - Running DeletedBlockTransactionScanner
2019-06-14 09:09:46,086 DEBUG block.SCMBlockDeletingService (SCMBlockDeletingService.java:call(155)) - Scanned deleted blocks log and got 0 delTX to process.
2019-06-14 09:09:46,088 INFO  client.GrpcClientProtocolClient (GrpcClientProtocolClient.java:onNext(254)) - client-C0E347E82FC5->e6065258-5a2c-4a72-9f81-ed1321f551ca: receive RaftClientReply:client-C0E347E82FC5->e6065258-5a2c-4a72-9f81-ed1321f551ca@group-13364FE26125, cid=3185, SUCCESS, logIndex=5212, commits[e6065258-5a2c-4a72-9f81-ed1321f551ca:c5212]
2019-06-14 09:09:46,089 INFO  storage.RaftLogWorker (RaftLogWorker.java:rollLogSegment(303)) - e6065258-5a2c-4a72-9f81-ed1321f551ca-RaftLogWorker: Rolling segment log-5145_5214 to index:5214
2019-06-14 09:09:46,089 INFO  storage.RaftLogWorker (RaftLogWorker.java:execute(433)) - e6065258-5a2c-4a72-9f81-ed1321f551ca-RaftLogWorker: Rolled log segment from /opt/src/hadoop-ozone/integration-test/target/test-dir/MiniOzoneClusterImpl-a56da109-a1cb-4168-8966-62306f2f2d23/datanode-0/data/ratis/920138aa-6f47-4d6d-b5cc-13364fe26125/current/log_inprogress_5145 to /opt/src/hadoop-ozone/integration-test/target/test-dir/MiniOzoneClusterImpl-a56da109-a1cb-4168-8966-62306f2f2d23/datanode-0/data/ratis/920138aa-6f47-4d6d-b5cc-13364fe26125/current/log_5145-5214
2019-06-14 09:09:46,093 INFO  client.GrpcClientProtocolClient (GrpcClientProtocolClient.java:onNext(254)) - client-C0E347E82FC5->e6065258-5a2c-4a72-9f81-ed1321f551ca: receive RaftClientReply:client-C0E347E82FC5->e6065258-5a2c-4a72-9f81-ed1321f551ca@group-13364FE26125, cid=3186, SUCCESS, logIndex=5214, commits[e6065258-5a2c-4a72-9f81-ed1321f551ca:c5214]
2019-06-14 09:09:46,125 INFO  storage.RaftLogWorker (RaftLogWorker.java:execute(469)) - e6065258-5a2c-4a72-9f81-ed1321f551ca-RaftLogWorker: created new log segment /opt/src/hadoop-ozone/integration-test/target/test-dir/MiniOzoneClusterImpl-a56da109-a1cb-4168-8966-62306f2f2d23/datanode-0/data/ratis/920138aa-6f47-4d6d-b5cc-13364fe26125/current/log_inprogress_5215
2019-06-14 09:09:46,127 INFO  client.GrpcClientProtocolClient (GrpcClientProtocolClient.java:onNext(254)) - client-C0E347E82FC5->e6065258-5a2c-4a72-9f81-ed1321f551ca: receive RaftClientReply:client-C0E347E82FC5->e6065258-5a2c-4a72-9f81-ed1321f551ca@group-13364FE26125, cid=3187, SUCCESS, logIndex=5215, commits[e6065258-5a2c-4a72-9f81-ed1321f551ca:c5217]
2019-06-14 09:09:46,127 INFO  client.GrpcClientProtocolClient (GrpcClientProtocolClient.java:onNext(254)) - client-C0E347E82FC5->e6065258-5a2c-4a72-9f81-ed1321f551ca: receive RaftClientReply:client-C0E347E82FC5->e6065258-5a2c-4a72-9f81-ed1321f551ca@group-13364FE26125, cid=3188, SUCCESS, logIndex=5216, commits[e6065258-5a2c-4a72-9f81-ed1321f551ca:c5217]
2019-06-14 09:09:46,132 INFO  client.GrpcClientProtocolClient (GrpcClientProtocolClient.java:onNext(254)) - client-C0E347E82FC5->e6065258-5a2c-4a72-9f81-ed1321f551ca: receive RaftClientReply:client-C0E347E82FC5->e6065258-5a2c-4a72-9f81-ed1321f551ca@group-13364FE26125, cid=3189, SUCCESS, logIndex=5218, commits[e6065258-5a2c-4a72-9f81-ed1321f551ca:c5218]
2019-06-14 09:09:46,133 INFO  client.GrpcClientProtocolClient (GrpcClientProtocolClient.java:onNext(254)) - client-C0E347E82FC5->e6065258-5a2c-4a72-9f81-ed1321f551ca: receive RaftClientReply:client-C0E347E82FC5->e6065258-5a2c-4a72-9f81-ed1321f551ca@group-13364FE26125, cid=3190, SUCCESS, logIndex=5220, commits[e6065258-5a2c-4a72-9f81-ed1321f551ca:c5220]
2019-06-14 09:09:46,134 INFO  client.GrpcClientProtocolClient (GrpcClientProtocolClient.java:onNext(254)) - client-C0E347E82FC5->e6065258-5a2c-4a72-9f81-ed1321f551ca: receive RaftClientReply:client-C0E347E82FC5->e6065258-5a2c-4a72-9f81-ed1321f551ca@group-13364FE26125, cid=3191, SUCCESS, logIndex=5221, commits[e6065258-5a2c-4a72-9f81-ed1321f551ca:c5223]
2019-06-14 09:09:46,134 INFO  client.GrpcClientProtocolClient (GrpcClientProtocolClient.java:onNext(254)) - client-C0E347E82FC5->e6065258-5a2c-4a72-9f81-ed1321f551ca: receive RaftClientReply:client-C0E347E82FC5->e6065258-5a2c-4a72-9f81-ed1321f551ca@group-13364FE26125, cid=3192, SUCCESS, logIndex=5222, commits[e6065258-5a2c-4a72-9f81-ed1321f551ca:c5223]
2019-06-14 09:09:46,146 INFO  client.GrpcClientProtocolClient (GrpcClientProtocolClient.java:onNext(254)) - client-C0E347E82FC5->e6065258-5a2c-4a72-9f81-ed1321f551ca: receive RaftClientReply:client-C0E347E82FC5->e6065258-5a2c-4a72-9f81-ed1321f551ca@group-13364FE26125, cid=3193, SUCCESS, logIndex=5224, commits[e6065258-5a2c-4a72-9f81-ed1321f551ca:c5224]
2019-06-14 09:09:46,147 INFO  client.GrpcClientProtocolClient (GrpcClientProtocolClient.java:onNext(254)) - client-C0E347E82FC5->e6065258-5a2c-4a72-9f81-ed1321f551ca: receive RaftClientReply:client-C0E347E82FC5->e6065258-5a2c-4a72-9f81-ed1321f551ca@group-13364FE26125, cid=3194, SUCCESS, logIndex=5226, commits[e6065258-5a2c-4a72-9f81-ed1321f551ca:c5226]
2019-06-14 09:09:46,149 INFO  client.GrpcClientProtocolClient (GrpcClientProtocolClient.java:onNext(254)) - client-C0E347E82FC5->e6065258-5a2c-4a72-9f81-ed1321f551ca: receive RaftClientReply:client-C0E347E82FC5->e6065258-5a2c-4a72-9f81-ed1321f551ca@group-13364FE26125, cid=3195, SUCCESS, logIndex=5227, commits[e6065258-5a2c-4a72-9f81-ed1321f551ca:c5229]
2019-06-14 09:09:46,149 INFO  client.GrpcClientProtocolClient (GrpcClientProtocolClient.java:onNext(254)) - client-C0E347E82FC5->e6065258-5a2c-4a72-9f81-ed1321f551ca: receive RaftClientReply:client-C0E347E82FC5->e6065258-5a2c-4a72-9f81-ed1321f551ca@group-13364FE26125, cid=3196, SUCCESS, logIndex=5228, commits[e6065258-5a2c-4a72-9f81-ed1321f551ca:c5229]
2019-06-14 09:09:46,154 INFO  client.GrpcClientProtocolClient (GrpcClientProtocolClient.java:onNext(254)) - client-C0E347E82FC5->e6065258-5a2c-4a72-9f81-ed1321f551ca: receive RaftClientReply:client-C0E347E82FC5->e6065258-5a2c-4a72-9f81-ed1321f551ca@group-13364FE26125, cid=3197, SUCCESS, logIndex=5230, commits[e6065258-5a2c-4a72-9f81-ed1321f551ca:c5230]
2019-06-14 09:09:46,156 INFO  client.GrpcClientProtocolClient (GrpcClientProtocolClient.java:onNext(254)) - client-C0E347E82FC5->e6065258-5a2c-4a72-9f81-ed1321f551ca: receive RaftClientReply:client-C0E347E82FC5->e6065258-5a2c-4a72-9f81-ed1321f551ca@group-13364FE26125, cid=3198, SUCCESS, logIndex=5232, commits[e6065258-5a2c-4a72-9f81-ed1321f551ca:c5232]
2019-06-14 09:09:46,159 INFO  client.GrpcClientProtocolClient (GrpcClientProtocolClient.java:onNext(254)) - client-C0E347E82FC5->e6065258-5a2c-4a72-9f81-ed1321f551ca: receive RaftClientReply:client-C0E347E82FC5->e6065258-5a2c-4a72-9f81-ed1321f551ca@group-13364FE26125, cid=3199, SUCCESS, logIndex=5234, commits[e6065258-5a2c-4a72-9f81-ed1321f551ca:c5235]
2019-06-14 09:09:46,159 INFO  client.GrpcClientProtocolClient (GrpcClientProtocolClient.java:onNext(254)) - client-C0E347E82FC5->e6065258-5a2c-4a72-9f81-ed1321f551ca: receive RaftClientReply:client-C0E347E82FC5->e6065258-5a2c-4a72-9f81-ed1321f551ca@group-13364FE26125, cid=3200, SUCCESS, logIndex=5235, commits[e6065258-5a2c-4a72-9f81-ed1321f551ca:c5235]
2019-06-14 09:09:46,168 INFO  client.GrpcClientProtocolClient (GrpcClientProtocolClient.java:onNext(254)) - client-C0E347E82FC5->e6065258-5a2c-4a72-9f81-ed1321f551ca: receive RaftClientReply:client-C0E347E82FC5->e6065258-5a2c-4a72-9f81-ed1321f551ca@group-13364FE26125, cid=3201, SUCCESS, logIndex=5237, commits[e6065258-5a2c-4a72-9f81-ed1321f551ca:c5237]
2019-06-14 09:09:46,170 INFO  client.GrpcClientProtocolClient (GrpcClientProtocolClient.java:onNext(254)) - client-C0E347E82FC5->e6065258-5a2c-4a72-9f81-ed1321f551ca: receive RaftClientReply:client-C0E347E82FC5->e6065258-5a2c-4a72-9f81-ed1321f551ca@group-13364FE26125, cid=3202, SUCCESS, logIndex=5239, commits[e6065258-5a2c-4a72-9f81-ed1321f551ca:c5239]
2019-06-14 09:09:46,171 INFO  client.GrpcClientProtocolClient (GrpcClientProtocolClient.java:onNext(254)) - client-C0E347E82FC5->e6065258-5a2c-4a72-9f81-ed1321f551ca: receive RaftClientReply:client-C0E347E82FC5->e6065258-5a2c-4a72-9f81-ed1321f551ca@group-13364FE26125, cid=3203, SUCCESS, logIndex=5240, commits[e6065258-5a2c-4a72-9f81-ed1321f551ca:c5242]
2019-06-14 09:09:46,171 INFO  client.GrpcClientProtocolClient (GrpcClientProtocolClient.java:onNext(254)) - client-C0E347E82FC5->e6065258-5a2c-4a72-9f81-ed1321f551ca: receive RaftClientReply:client-C0E347E82FC5->e6065258-5a2c-4a72-9f81-ed1321f551ca@group-13364FE26125, cid=3204, SUCCESS, logIndex=5241, commits[e6065258-5a2c-4a72-9f81-ed1321f551ca:c5242]
2019-06-14 09:09:46,176 INFO  client.GrpcClientProtocolClient (GrpcClientProtocolClient.java:onNext(254)) - client-C0E347E82FC5->e6065258-5a2c-4a72-9f81-ed1321f551ca: receive RaftClientReply:client-C0E347E82FC5->e6065258-5a2c-4a72-9f81-ed1321f551ca@group-13364FE26125, cid=3205, SUCCESS, logIndex=5243, commits[e6065258-5a2c-4a72-9f81-ed1321f551ca:c5243]
2019-06-14 09:09:46,177 INFO  client.GrpcClientProtocolClient (GrpcClientProtocolClient.java:onNext(254)) - client-C0E347E82FC5->e6065258-5a2c-4a72-9f81-ed1321f551ca: receive RaftClientReply:client-C0E347E82FC5->e6065258-5a2c-4a72-9f81-ed1321f551ca@group-13364FE26125, cid=3206, SUCCESS, logIndex=5245, commits[e6065258-5a2c-4a72-9f81-ed1321f551ca:c5245]
2019-06-14 09:09:46,178 INFO  client.GrpcClientProtocolClient (GrpcClientProtocolClient.java:onNext(254)) - client-C0E347E82FC5->e6065258-5a2c-4a72-9f81-ed1321f551ca: receive RaftClientReply:client-C0E347E82FC5->e6065258-5a2c-4a72-9f81-ed1321f551ca@group-13364FE26125, cid=3207, SUCCESS, logIndex=5246, commits[e6065258-5a2c-4a72-9f81-ed1321f551ca:c5248]
2019-06-14 09:09:46,179 INFO  client.GrpcClientProtocolClient (GrpcClientProtocolClient.java:onNext(254)) - client-C0E347E82FC5->e6065258-5a2c-4a72-9f81-ed1321f551ca: receive RaftClientReply:client-C0E347E82FC5->e6065258-5a2c-4a72-9f81-ed1321f551ca@group-13364FE26125, cid=3208, SUCCESS, logIndex=5247, commits[e6065258-5a2c-4a72-9f81-ed1321f551ca:c5248]
2019-06-14 09:09:46,186 DEBUG block.SCMBlockDeletingService (SCMBlockDeletingService.java:call(138)) - Running DeletedBlockTransactionScanner
2019-06-14 09:09:46,186 DEBUG block.SCMBlockDeletingService (SCMBlockDeletingService.java:call(155)) - Scanned deleted blocks log and got 0 delTX to process.
2019-06-14 09:09:46,188 INFO  client.GrpcClientProtocolClient (GrpcClientProtocolClient.java:onNext(254)) - client-C0E347E82FC5->e6065258-5a2c-4a72-9f81-ed1321f551ca: receive RaftClientReply:client-C0E347E82FC5->e6065258-5a2c-4a72-9f81-ed1321f551ca@group-13364FE26125, cid=3209, SUCCESS, logIndex=5249, commits[e6065258-5a2c-4a72-9f81-ed1321f551ca:c5249]
2019-06-14 09:09:46,189 INFO  client.GrpcClientProtocolClient (GrpcClientProtocolClient.java:onNext(254)) - client-C0E347E82FC5->e6065258-5a2c-4a72-9f81-ed1321f551ca: receive RaftClientReply:client-C0E347E82FC5->e6065258-5a2c-4a72-9f81-ed1321f551ca@group-13364FE26125, cid=3210, SUCCESS, logIndex=5251, commits[e6065258-5a2c-4a72-9f81-ed1321f551ca:c5251]
2019-06-14 09:09:46,190 INFO  client.GrpcClientProtocolClient (GrpcClientProtocolClient.java:onNext(254)) - client-C0E347E82FC5->e6065258-5a2c-4a72-9f81-ed1321f551ca: receive RaftClientReply:client-C0E347E82FC5->e6065258-5a2c-4a72-9f81-ed1321f551ca@group-13364FE26125, cid=3211, SUCCESS, logIndex=5252, commits[e6065258-5a2c-4a72-9f81-ed1321f551ca:c5254]
2019-06-14 09:09:46,190 INFO  client.GrpcClientProtocolClient (GrpcClientProtocolClient.java:onNext(254)) - client-C0E347E82FC5->e6065258-5a2c-4a72-9f81-ed1321f551ca: receive RaftClientReply:client-C0E347E82FC5->e6065258-5a2c-4a72-9f81-ed1321f551ca@group-13364FE26125, cid=3212, SUCCESS, logIndex=5253, commits[e6065258-5a2c-4a72-9f81-ed1321f551ca:c5254]
2019-06-14 09:09:46,235 INFO  client.GrpcClientProtocolClient (GrpcClientProtocolClient.java:onNext(254)) - client-C0E347E82FC5->e6065258-5a2c-4a72-9f81-ed1321f551ca: receive RaftClientReply:client-C0E347E82FC5->e6065258-5a2c-4a72-9f81-ed1321f551ca@group-13364FE26125, cid=3213, SUCCESS, logIndex=5255, commits[e6065258-5a2c-4a72-9f81-ed1321f551ca:c5255]
2019-06-14 09:09:46,236 INFO  client.GrpcClientProtocolClient (GrpcClientProtocolClient.java:onNext(254)) - client-C0E347E82FC5->e6065258-5a2c-4a72-9f81-ed1321f551ca: receive RaftClientReply:client-C0E347E82FC5->e6065258-5a2c-4a72-9f81-ed1321f551ca@group-13364FE26125, cid=3214, SUCCESS, logIndex=5257, commits[e6065258-5a2c-4a72-9f81-ed1321f551ca:c5257]
2019-06-14 09:09:46,238 INFO  client.GrpcClientProtocolClient (GrpcClientProtocolClient.java:onNext(254)) - client-C0E347E82FC5->e6065258-5a2c-4a72-9f81-ed1321f551ca: receive RaftClientReply:client-C0E347E82FC5->e6065258-5a2c-4a72-9f81-ed1321f551ca@group-13364FE26125, cid=3215, SUCCESS, logIndex=5258, commits[e6065258-5a2c-4a72-9f81-ed1321f551ca:c5260]
2019-06-14 09:09:46,238 INFO  client.GrpcClientProtocolClient (GrpcClientProtocolClient.java:onNext(254)) - client-C0E347E82FC5->e6065258-5a2c-4a72-9f81-ed1321f551ca: receive RaftClientReply:client-C0E347E82FC5->e6065258-5a2c-4a72-9f81-ed1321f551ca@group-13364FE26125, cid=3216, SUCCESS, logIndex=5259, commits[e6065258-5a2c-4a72-9f81-ed1321f551ca:c5260]
2019-06-14 09:09:46,247 INFO  client.GrpcClientProtocolClient (GrpcClientProtocolClient.java:onNext(254)) - client-C0E347E82FC5->e6065258-5a2c-4a72-9f81-ed1321f551ca: receive RaftClientReply:client-C0E347E82FC5->e6065258-5a2c-4a72-9f81-ed1321f551ca@group-13364FE26125, cid=3217, SUCCESS, logIndex=5261, commits[e6065258-5a2c-4a72-9f81-ed1321f551ca:c5261]
2019-06-14 09:09:46,248 INFO  client.GrpcClientProtocolClient (GrpcClientProtocolClient.java:onNext(254)) - client-C0E347E82FC5->e6065258-5a2c-4a72-9f81-ed1321f551ca: receive RaftClientReply:client-C0E347E82FC5->e6065258-5a2c-4a72-9f81-ed1321f551ca@group-13364FE26125, cid=3218, SUCCESS, logIndex=5263, commits[e6065258-5a2c-4a72-9f81-ed1321f551ca:c5263]
2019-06-14 09:09:46,249 INFO  client.GrpcClientProtocolClient (GrpcClientProtocolClient.java:onNext(254)) - client-C0E347E82FC5->e6065258-5a2c-4a72-9f81-ed1321f551ca: receive RaftClientReply:client-C0E347E82FC5->e6065258-5a2c-4a72-9f81-ed1321f551ca@group-13364FE26125, cid=3219, SUCCESS, logIndex=5264, commits[e6065258-5a2c-4a72-9f81-ed1321f551ca:c5266]
2019-06-14 09:09:46,250 INFO  client.GrpcClientProtocolClient (GrpcClientProtocolClient.java:onNext(254)) - client-C0E347E82FC5->e6065258-5a2c-4a72-9f81-ed1321f551ca: receive RaftClientReply:client-C0E347E82FC5->e6065258-5a2c-4a72-9f81-ed1321f551ca@group-13364FE26125, cid=3220, SUCCESS, logIndex=5265, commits[e6065258-5a2c-4a72-9f81-ed1321f551ca:c5266]
2019-06-14 09:09:46,255 INFO  client.GrpcClientProtocolClient (GrpcClientProtocolClient.java:onNext(254)) - client-C0E347E82FC5->e6065258-5a2c-4a72-9f81-ed1321f551ca: receive RaftClientReply:client-C0E347E82FC5->e6065258-5a2c-4a72-9f81-ed1321f551ca@group-13364FE26125, cid=3221, SUCCESS, logIndex=5267, commits[e6065258-5a2c-4a72-9f81-ed1321f551ca:c5267]
2019-06-14 09:09:46,256 INFO  client.GrpcClientProtocolClient (GrpcClientProtocolClient.java:onNext(254)) - client-C0E347E82FC5->e6065258-5a2c-4a72-9f81-ed1321f551ca: receive RaftClientReply:client-C0E347E82FC5->e6065258-5a2c-4a72-9f81-ed1321f551ca@group-13364FE26125, cid=3222, SUCCESS, logIndex=5269, commits[e6065258-5a2c-4a72-9f81-ed1321f551ca:c5269]
2019-06-14 09:09:46,258 INFO  client.GrpcClientProtocolClient (GrpcClientProtocolClient.java:onNext(254)) - client-C0E347E82FC5->e6065258-5a2c-4a72-9f81-ed1321f551ca: receive RaftClientReply:client-C0E347E82FC5->e6065258-5a2c-4a72-9f81-ed1321f551ca@group-13364FE26125, cid=3223, SUCCESS, logIndex=5271, commits[e6065258-5a2c-4a72-9f81-ed1321f551ca:c5272]
2019-06-14 09:09:46,259 INFO  client.GrpcClientProtocolClient (GrpcClientProtocolClient.java:onNext(254)) - client-C0E347E82FC5->e6065258-5a2c-4a72-9f81-ed1321f551ca: receive RaftClientReply:client-C0E347E82FC5->e6065258-5a2c-4a72-9f81-ed1321f551ca@group-13364FE26125, cid=3224, SUCCESS, logIndex=5272, commits[e6065258-5a2c-4a72-9f81-ed1321f551ca:c5272]
2019-06-14 09:09:46,278 INFO  client.GrpcClientProtocolClient (GrpcClientProtocolClient.java:onNext(254)) - client-C0E347E82FC5->e6065258-5a2c-4a72-9f81-ed1321f551ca: receive RaftClientReply:client-C0E347E82FC5->e6065258-5a2c-4a72-9f81-ed1321f551ca@group-13364FE26125, cid=3225, SUCCESS, logIndex=5274, commits[e6065258-5a2c-4a72-9f81-ed1321f551ca:c5274]
2019-06-14 09:09:46,280 INFO  client.GrpcClientProtocolClient (GrpcClientProtocolClient.java:onNext(254)) - client-C0E347E82FC5->e6065258-5a2c-4a72-9f81-ed1321f551ca: receive RaftClientReply:client-C0E347E82FC5->e6065258-5a2c-4a72-9f81-ed1321f551ca@group-13364FE26125, cid=3226, SUCCESS, logIndex=5276, commits[e6065258-5a2c-4a72-9f81-ed1321f551ca:c5276]
2019-06-14 09:09:46,286 DEBUG block.SCMBlockDeletingService (SCMBlockDeletingService.java:call(138)) - Running DeletedBlockTransactionScanner
2019-06-14 09:09:46,286 DEBUG block.SCMBlockDeletingService (SCMBlockDeletingService.java:call(155)) - Scanned deleted blocks log and got 0 delTX to process.
2019-06-14 09:09:46,341 INFO  client.GrpcClientProtocolClient (GrpcClientProtocolClient.java:onNext(254)) - client-C0E347E82FC5->e6065258-5a2c-4a72-9f81-ed1321f551ca: receive RaftClientReply:client-C0E347E82FC5->e6065258-5a2c-4a72-9f81-ed1321f551ca@group-13364FE26125, cid=3227, SUCCESS, logIndex=5278, commits[e6065258-5a2c-4a72-9f81-ed1321f551ca:c5278]
2019-06-14 09:09:46,342 INFO  client.GrpcClientProtocolClient (GrpcClientProtocolClient.java:onNext(254)) - client-C0E347E82FC5->e6065258-5a2c-4a72-9f81-ed1321f551ca: receive RaftClientReply:client-C0E347E82FC5->e6065258-5a2c-4a72-9f81-ed1321f551ca@group-13364FE26125, cid=3228, SUCCESS, logIndex=5280, commits[e6065258-5a2c-4a72-9f81-ed1321f551ca:c5280]
2019-06-14 09:09:46,346 INFO  client.GrpcClientProtocolClient (GrpcClientProtocolClient.java:onNext(254)) - client-C0E347E82FC5->e6065258-5a2c-4a72-9f81-ed1321f551ca: receive RaftClientReply:client-C0E347E82FC5->e6065258-5a2c-4a72-9f81-ed1321f551ca@group-13364FE26125, cid=3229, SUCCESS, logIndex=5282, commits[e6065258-5a2c-4a72-9f81-ed1321f551ca:c5282]
2019-06-14 09:09:46,347 INFO  storage.RaftLogWorker (RaftLogWorker.java:rollLogSegment(303)) - e6065258-5a2c-4a72-9f81-ed1321f551ca-RaftLogWorker: Rolling segment log-5215_5283 to index:5283
2019-06-14 09:09:46,347 INFO  storage.RaftLogWorker (RaftLogWorker.java:execute(433)) - e6065258-5a2c-4a72-9f81-ed1321f551ca-RaftLogWorker: Rolled log segment from /opt/src/hadoop-ozone/integration-test/target/test-dir/MiniOzoneClusterImpl-a56da109-a1cb-4168-8966-62306f2f2d23/datanode-0/data/ratis/920138aa-6f47-4d6d-b5cc-13364fe26125/current/log_inprogress_5215 to /opt/src/hadoop-ozone/integration-test/target/test-dir/MiniOzoneClusterImpl-a56da109-a1cb-4168-8966-62306f2f2d23/datanode-0/data/ratis/920138aa-6f47-4d6d-b5cc-13364fe26125/current/log_5215-5283
2019-06-14 09:09:46,381 INFO  storage.RaftLogWorker (RaftLogWorker.java:execute(469)) - e6065258-5a2c-4a72-9f81-ed1321f551ca-RaftLogWorker: created new log segment /opt/src/hadoop-ozone/integration-test/target/test-dir/MiniOzoneClusterImpl-a56da109-a1cb-4168-8966-62306f2f2d23/datanode-0/data/ratis/920138aa-6f47-4d6d-b5cc-13364fe26125/current/log_inprogress_5284
2019-06-14 09:09:46,383 INFO  client.GrpcClientProtocolClient (GrpcClientProtocolClient.java:onNext(254)) - client-C0E347E82FC5->e6065258-5a2c-4a72-9f81-ed1321f551ca: receive RaftClientReply:client-C0E347E82FC5->e6065258-5a2c-4a72-9f81-ed1321f551ca@group-13364FE26125, cid=3230, SUCCESS, logIndex=5284, commits[e6065258-5a2c-4a72-9f81-ed1321f551ca:c5286]
2019-06-14 09:09:46,385 INFO  client.GrpcClientProtocolClient (GrpcClientProtocolClient.java:onNext(254)) - client-C0E347E82FC5->e6065258-5a2c-4a72-9f81-ed1321f551ca: receive RaftClientReply:client-C0E347E82FC5->e6065258-5a2c-4a72-9f81-ed1321f551ca@group-13364FE26125, cid=3231, SUCCESS, logIndex=5285, commits[e6065258-5a2c-4a72-9f81-ed1321f551ca:c5287]
2019-06-14 09:09:46,385 INFO  client.GrpcClientProtocolClient (GrpcClientProtocolClient.java:onNext(254)) - client-C0E347E82FC5->e6065258-5a2c-4a72-9f81-ed1321f551ca: receive RaftClientReply:client-C0E347E82FC5->e6065258-5a2c-4a72-9f81-ed1321f551ca@group-13364FE26125, cid=3232, SUCCESS, logIndex=5286, commits[e6065258-5a2c-4a72-9f81-ed1321f551ca:c5287]
2019-06-14 09:09:46,387 DEBUG block.SCMBlockDeletingService (SCMBlockDeletingService.java:call(138)) - Running DeletedBlockTransactionScanner
2019-06-14 09:09:46,387 DEBUG block.SCMBlockDeletingService (SCMBlockDeletingService.java:call(155)) - Scanned deleted blocks log and got 0 delTX to process.
2019-06-14 09:09:46,395 INFO  client.GrpcClientProtocolClient (GrpcClientProtocolClient.java:onNext(254)) - client-C0E347E82FC5->e6065258-5a2c-4a72-9f81-ed1321f551ca: receive RaftClientReply:client-C0E347E82FC5->e6065258-5a2c-4a72-9f81-ed1321f551ca@group-13364FE26125, cid=3233, SUCCESS, logIndex=5288, commits[e6065258-5a2c-4a72-9f81-ed1321f551ca:c5288]
2019-06-14 09:09:46,396 INFO  client.GrpcClientProtocolClient (GrpcClientProtocolClient.java:onNext(254)) - client-C0E347E82FC5->e6065258-5a2c-4a72-9f81-ed1321f551ca: receive RaftClientReply:client-C0E347E82FC5->e6065258-5a2c-4a72-9f81-ed1321f551ca@group-13364FE26125, cid=3234, SUCCESS, logIndex=5290, commits[e6065258-5a2c-4a72-9f81-ed1321f551ca:c5290]
2019-06-14 09:09:46,397 INFO  client.GrpcClientProtocolClient (GrpcClientProtocolClient.java:onNext(254)) - client-C0E347E82FC5->e6065258-5a2c-4a72-9f81-ed1321f551ca: receive RaftClientReply:client-C0E347E82FC5->e6065258-5a2c-4a72-9f81-ed1321f551ca@group-13364FE26125, cid=3235, SUCCESS, logIndex=5291, commits[e6065258-5a2c-4a72-9f81-ed1321f551ca:c5293]
2019-06-14 09:09:46,400 INFO  client.GrpcClientProtocolClient (GrpcClientProtocolClient.java:onNext(254)) - client-C0E347E82FC5->e6065258-5a2c-4a72-9f81-ed1321f551ca: receive RaftClientReply:client-C0E347E82FC5->e6065258-5a2c-4a72-9f81-ed1321f551ca@group-13364FE26125, cid=3236, SUCCESS, logIndex=5292, commits[e6065258-5a2c-4a72-9f81-ed1321f551ca:c5293]
2019-06-14 09:09:46,405 INFO  client.GrpcClientProtocolClient (GrpcClientProtocolClient.java:onNext(254)) - client-C0E347E82FC5->e6065258-5a2c-4a72-9f81-ed1321f551ca: receive RaftClientReply:client-C0E347E82FC5->e6065258-5a2c-4a72-9f81-ed1321f551ca@group-13364FE26125, cid=3237, SUCCESS, logIndex=5294, commits[e6065258-5a2c-4a72-9f81-ed1321f551ca:c5294]
2019-06-14 09:09:46,406 INFO  client.GrpcClientProtocolClient (GrpcClientProtocolClient.java:onNext(254)) - client-C0E347E82FC5->e6065258-5a2c-4a72-9f81-ed1321f551ca: receive RaftClientReply:client-C0E347E82FC5->e6065258-5a2c-4a72-9f81-ed1321f551ca@group-13364FE26125, cid=3238, SUCCESS, logIndex=5296, commits[e6065258-5a2c-4a72-9f81-ed1321f551ca:c5296]
2019-06-14 09:09:46,407 INFO  client.GrpcClientProtocolClient (GrpcClientProtocolClient.java:onNext(254)) - client-C0E347E82FC5->e6065258-5a2c-4a72-9f81-ed1321f551ca: receive RaftClientReply:client-C0E347E82FC5->e6065258-5a2c-4a72-9f81-ed1321f551ca@group-13364FE26125, cid=3239, SUCCESS, logIndex=5297, commits[e6065258-5a2c-4a72-9f81-ed1321f551ca:c5299]
2019-06-14 09:09:46,407 INFO  client.GrpcClientProtocolClient (GrpcClientProtocolClient.java:onNext(254)) - client-C0E347E82FC5->e6065258-5a2c-4a72-9f81-ed1321f551ca: receive RaftClientReply:client-C0E347E82FC5->e6065258-5a2c-4a72-9f81-ed1321f551ca@group-13364FE26125, cid=3240, SUCCESS, logIndex=5298, commits[e6065258-5a2c-4a72-9f81-ed1321f551ca:c5299]
2019-06-14 09:09:46,416 INFO  client.GrpcClientProtocolClient (GrpcClientProtocolClient.java:onNext(254)) - client-C0E347E82FC5->e6065258-5a2c-4a72-9f81-ed1321f551ca: receive RaftClientReply:client-C0E347E82FC5->e6065258-5a2c-4a72-9f81-ed1321f551ca@group-13364FE26125, cid=3241, SUCCESS, logIndex=5300, commits[e6065258-5a2c-4a72-9f81-ed1321f551ca:c5300]
2019-06-14 09:09:46,418 INFO  client.GrpcClientProtocolClient (GrpcClientProtocolClient.java:onNext(254)) - client-C0E347E82FC5->e6065258-5a2c-4a72-9f81-ed1321f551ca: receive RaftClientReply:client-C0E347E82FC5->e6065258-5a2c-4a72-9f81-ed1321f551ca@group-13364FE26125, cid=3242, SUCCESS, logIndex=5302, commits[e6065258-5a2c-4a72-9f81-ed1321f551ca:c5302]
2019-06-14 09:09:46,419 INFO  client.GrpcClientProtocolClient (GrpcClientProtocolClient.java:onNext(254)) - client-C0E347E82FC5->e6065258-5a2c-4a72-9f81-ed1321f551ca: receive RaftClientReply:client-C0E347E82FC5->e6065258-5a2c-4a72-9f81-ed1321f551ca@group-13364FE26125, cid=3243, SUCCESS, logIndex=5303, commits[e6065258-5a2c-4a72-9f81-ed1321f551ca:c5304]
2019-06-14 09:09:46,419 INFO  client.GrpcClientProtocolClient (GrpcClientProtocolClient.java:onNext(254)) - client-C0E347E82FC5->e6065258-5a2c-4a72-9f81-ed1321f551ca: receive RaftClientReply:client-C0E347E82FC5->e6065258-5a2c-4a72-9f81-ed1321f551ca@group-13364FE26125, cid=3244, SUCCESS, logIndex=5304, commits[e6065258-5a2c-4a72-9f81-ed1321f551ca:c5305]
2019-06-14 09:09:46,424 INFO  client.GrpcClientProtocolClient (GrpcClientProtocolClient.java:onNext(254)) - client-C0E347E82FC5->e6065258-5a2c-4a72-9f81-ed1321f551ca: receive RaftClientReply:client-C0E347E82FC5->e6065258-5a2c-4a72-9f81-ed1321f551ca@group-13364FE26125, cid=3245, SUCCESS, logIndex=5307, commits[e6065258-5a2c-4a72-9f81-ed1321f551ca:c5307]
2019-06-14 09:09:46,425 INFO  client.GrpcClientProtocolClient (GrpcClientProtocolClient.java:onNext(254)) - client-C0E347E82FC5->e6065258-5a2c-4a72-9f81-ed1321f551ca: receive RaftClientReply:client-C0E347E82FC5->e6065258-5a2c-4a72-9f81-ed1321f551ca@group-13364FE26125, cid=3246, SUCCESS, logIndex=5309, commits[e6065258-5a2c-4a72-9f81-ed1321f551ca:c5309]
2019-06-14 09:09:46,426 INFO  client.GrpcClientProtocolClient (GrpcClientProtocolClient.java:onNext(254)) - client-C0E347E82FC5->e6065258-5a2c-4a72-9f81-ed1321f551ca: receive RaftClientReply:client-C0E347E82FC5->e6065258-5a2c-4a72-9f81-ed1321f551ca@group-13364FE26125, cid=3247, SUCCESS, logIndex=5310, commits[e6065258-5a2c-4a72-9f81-ed1321f551ca:c5312]
2019-06-14 09:09:46,427 INFO  client.GrpcClientProtocolClient (GrpcClientProtocolClient.java:onNext(254)) - client-C0E347E82FC5->e6065258-5a2c-4a72-9f81-ed1321f551ca: receive RaftClientReply:client-C0E347E82FC5->e6065258-5a2c-4a72-9f81-ed1321f551ca@group-13364FE26125, cid=3248, SUCCESS, logIndex=5311, commits[e6065258-5a2c-4a72-9f81-ed1321f551ca:c5312]
2019-06-14 09:09:46,452 INFO  client.GrpcClientProtocolClient (GrpcClientProtocolClient.java:onNext(254)) - client-C0E347E82FC5->e6065258-5a2c-4a72-9f81-ed1321f551ca: receive RaftClientReply:client-C0E347E82FC5->e6065258-5a2c-4a72-9f81-ed1321f551ca@group-13364FE26125, cid=3249, SUCCESS, logIndex=5313, commits[e6065258-5a2c-4a72-9f81-ed1321f551ca:c5313]
2019-06-14 09:09:46,455 INFO  client.GrpcClientProtocolClient (GrpcClientProtocolClient.java:onNext(254)) - client-C0E347E82FC5->e6065258-5a2c-4a72-9f81-ed1321f551ca: receive RaftClientReply:client-C0E347E82FC5->e6065258-5a2c-4a72-9f81-ed1321f551ca@group-13364FE26125, cid=3250, SUCCESS, logIndex=5315, commits[e6065258-5a2c-4a72-9f81-ed1321f551ca:c5315]
2019-06-14 09:09:46,455 INFO  client.GrpcClientProtocolClient (GrpcClientProtocolClient.java:onNext(254)) - client-C0E347E82FC5->e6065258-5a2c-4a72-9f81-ed1321f551ca: receive RaftClientReply:client-C0E347E82FC5->e6065258-5a2c-4a72-9f81-ed1321f551ca@group-13364FE26125, cid=3251, SUCCESS, logIndex=5316, commits[e6065258-5a2c-4a72-9f81-ed1321f551ca:c5316]
2019-06-14 09:09:46,456 INFO  client.GrpcClientProtocolClient (GrpcClientProtocolClient.java:onNext(254)) - client-C0E347E82FC5->e6065258-5a2c-4a72-9f81-ed1321f551ca: receive RaftClientReply:client-C0E347E82FC5->e6065258-5a2c-4a72-9f81-ed1321f551ca@group-13364FE26125, cid=3252, SUCCESS, logIndex=5318, commits[e6065258-5a2c-4a72-9f81-ed1321f551ca:c5318]
2019-06-14 09:09:46,464 INFO  client.GrpcClientProtocolClient (GrpcClientProtocolClient.java:onNext(254)) - client-C0E347E82FC5->e6065258-5a2c-4a72-9f81-ed1321f551ca: receive RaftClientReply:client-C0E347E82FC5->e6065258-5a2c-4a72-9f81-ed1321f551ca@group-13364FE26125, cid=3253, SUCCESS, logIndex=5321, commits[e6065258-5a2c-4a72-9f81-ed1321f551ca:c5321]
2019-06-14 09:09:46,466 INFO  client.GrpcClientProtocolClient (GrpcClientProtocolClient.java:onNext(254)) - client-C0E347E82FC5->e6065258-5a2c-4a72-9f81-ed1321f551ca: receive RaftClientReply:client-C0E347E82FC5->e6065258-5a2c-4a72-9f81-ed1321f551ca@group-13364FE26125, cid=3254, SUCCESS, logIndex=5323, commits[e6065258-5a2c-4a72-9f81-ed1321f551ca:c5323]
2019-06-14 09:09:46,466 INFO  client.GrpcClientProtocolClient (GrpcClientProtocolClient.java:onNext(254)) - client-C0E347E82FC5->e6065258-5a2c-4a72-9f81-ed1321f551ca: receive RaftClientReply:client-C0E347E82FC5->e6065258-5a2c-4a72-9f81-ed1321f551ca@group-13364FE26125, cid=3255, SUCCESS, logIndex=5324, commits[e6065258-5a2c-4a72-9f81-ed1321f551ca:c5325]
2019-06-14 09:09:46,466 INFO  client.GrpcClientProtocolClient (GrpcClientProtocolClient.java:onNext(254)) - client-C0E347E82FC5->e6065258-5a2c-4a72-9f81-ed1321f551ca: receive RaftClientReply:client-C0E347E82FC5->e6065258-5a2c-4a72-9f81-ed1321f551ca@group-13364FE26125, cid=3256, SUCCESS, logIndex=5325, commits[e6065258-5a2c-4a72-9f81-ed1321f551ca:c5325]
2019-06-14 09:09:46,480 INFO  client.GrpcClientProtocolClient (GrpcClientProtocolClient.java:onNext(254)) - client-C0E347E82FC5->e6065258-5a2c-4a72-9f81-ed1321f551ca: receive RaftClientReply:client-C0E347E82FC5->e6065258-5a2c-4a72-9f81-ed1321f551ca@group-13364FE26125, cid=3257, SUCCESS, logIndex=5328, commits[e6065258-5a2c-4a72-9f81-ed1321f551ca:c5328]
2019-06-14 09:09:46,480 INFO  client.GrpcClientProtocolClient (GrpcClientProtocolClient.java:onNext(254)) - client-C0E347E82FC5->e6065258-5a2c-4a72-9f81-ed1321f551ca: receive RaftClientReply:client-C0E347E82FC5->e6065258-5a2c-4a72-9f81-ed1321f551ca@group-13364FE26125, cid=3258, SUCCESS, logIndex=5330, commits[e6065258-5a2c-4a72-9f81-ed1321f551ca:c5330]
2019-06-14 09:09:46,481 INFO  client.GrpcClientProtocolClient (GrpcClientProtocolClient.java:onNext(254)) - client-C0E347E82FC5->e6065258-5a2c-4a72-9f81-ed1321f551ca: receive RaftClientReply:client-C0E347E82FC5->e6065258-5a2c-4a72-9f81-ed1321f551ca@group-13364FE26125, cid=3259, SUCCESS, logIndex=5331, commits[e6065258-5a2c-4a72-9f81-ed1321f551ca:c5332]
2019-06-14 09:09:46,481 INFO  client.GrpcClientProtocolClient (GrpcClientProtocolClient.java:onNext(254)) - client-C0E347E82FC5->e6065258-5a2c-4a72-9f81-ed1321f551ca: receive RaftClientReply:client-C0E347E82FC5->e6065258-5a2c-4a72-9f81-ed1321f551ca@group-13364FE26125, cid=3260, SUCCESS, logIndex=5332, commits[e6065258-5a2c-4a72-9f81-ed1321f551ca:c5332]
2019-06-14 09:09:46,487 INFO  client.GrpcClientProtocolClient (GrpcClientProtocolClient.java:onNext(254)) - client-C0E347E82FC5->e6065258-5a2c-4a72-9f81-ed1321f551ca: receive RaftClientReply:client-C0E347E82FC5->e6065258-5a2c-4a72-9f81-ed1321f551ca@group-13364FE26125, cid=3261, SUCCESS, logIndex=5335, commits[e6065258-5a2c-4a72-9f81-ed1321f551ca:c5335]
2019-06-14 09:09:46,487 DEBUG block.SCMBlockDeletingService (SCMBlockDeletingService.java:call(138)) - Running DeletedBlockTransactionScanner
2019-06-14 09:09:46,487 DEBUG block.SCMBlockDeletingService (SCMBlockDeletingService.java:call(155)) - Scanned deleted blocks log and got 0 delTX to process.
2019-06-14 09:09:46,488 INFO  client.GrpcClientProtocolClient (GrpcClientProtocolClient.java:onNext(254)) - client-C0E347E82FC5->e6065258-5a2c-4a72-9f81-ed1321f551ca: receive RaftClientReply:client-C0E347E82FC5->e6065258-5a2c-4a72-9f81-ed1321f551ca@group-13364FE26125, cid=3262, SUCCESS, logIndex=5337, commits[e6065258-5a2c-4a72-9f81-ed1321f551ca:c5337]
2019-06-14 09:09:46,489 INFO  client.GrpcClientProtocolClient (GrpcClientProtocolClient.java:onNext(254)) - client-C0E347E82FC5->e6065258-5a2c-4a72-9f81-ed1321f551ca: receive RaftClientReply:client-C0E347E82FC5->e6065258-5a2c-4a72-9f81-ed1321f551ca@group-13364FE26125, cid=3263, SUCCESS, logIndex=5338, commits[e6065258-5a2c-4a72-9f81-ed1321f551ca:c5340]
2019-06-14 09:09:46,489 INFO  client.GrpcClientProtocolClient (GrpcClientProtocolClient.java:onNext(254)) - client-C0E347E82FC5->e6065258-5a2c-4a72-9f81-ed1321f551ca: receive RaftClientReply:client-C0E347E82FC5->e6065258-5a2c-4a72-9f81-ed1321f551ca@group-13364FE26125, cid=3264, SUCCESS, logIndex=5339, commits[e6065258-5a2c-4a72-9f81-ed1321f551ca:c5340]
2019-06-14 09:09:46,500 INFO  client.GrpcClientProtocolClient (GrpcClientProtocolClient.java:onNext(254)) - client-C0E347E82FC5->e6065258-5a2c-4a72-9f81-ed1321f551ca: receive RaftClientReply:client-C0E347E82FC5->e6065258-5a2c-4a72-9f81-ed1321f551ca@group-13364FE26125, cid=3265, SUCCESS, logIndex=5341, commits[e6065258-5a2c-4a72-9f81-ed1321f551ca:c5341]
2019-06-14 09:09:46,502 INFO  client.GrpcClientProtocolClient (GrpcClientProtocolClient.java:onNext(254)) - client-C0E347E82FC5->e6065258-5a2c-4a72-9f81-ed1321f551ca: receive RaftClientReply:client-C0E347E82FC5->e6065258-5a2c-4a72-9f81-ed1321f551ca@group-13364FE26125, cid=3266, SUCCESS, logIndex=5343, commits[e6065258-5a2c-4a72-9f81-ed1321f551ca:c5343]
2019-06-14 09:09:46,502 INFO  client.GrpcClientProtocolClient (GrpcClientProtocolClient.java:onNext(254)) - client-C0E347E82FC5->e6065258-5a2c-4a72-9f81-ed1321f551ca: receive RaftClientReply:client-C0E347E82FC5->e6065258-5a2c-4a72-9f81-ed1321f551ca@group-13364FE26125, cid=3267, SUCCESS, logIndex=5344, commits[e6065258-5a2c-4a72-9f81-ed1321f551ca:c5346]
2019-06-14 09:09:46,503 INFO  client.GrpcClientProtocolClient (GrpcClientProtocolClient.java:onNext(254)) - client-C0E347E82FC5->e6065258-5a2c-4a72-9f81-ed1321f551ca: receive RaftClientReply:client-C0E347E82FC5->e6065258-5a2c-4a72-9f81-ed1321f551ca@group-13364FE26125, cid=3268, SUCCESS, logIndex=5345, commits[e6065258-5a2c-4a72-9f81-ed1321f551ca:c5346]
2019-06-14 09:09:46,510 INFO  client.GrpcClientProtocolClient (GrpcClientProtocolClient.java:onNext(254)) - client-C0E347E82FC5->e6065258-5a2c-4a72-9f81-ed1321f551ca: receive RaftClientReply:client-C0E347E82FC5->e6065258-5a2c-4a72-9f81-ed1321f551ca@group-13364FE26125, cid=3269, SUCCESS, logIndex=5347, commits[e6065258-5a2c-4a72-9f81-ed1321f551ca:c5347]
2019-06-14 09:09:46,512 INFO  client.GrpcClientProtocolClient (GrpcClientProtocolClient.java:onNext(254)) - client-C0E347E82FC5->e6065258-5a2c-4a72-9f81-ed1321f551ca: receive RaftClientReply:client-C0E347E82FC5->e6065258-5a2c-4a72-9f81-ed1321f551ca@group-13364FE26125, cid=3270, SUCCESS, logIndex=5349, commits[e6065258-5a2c-4a72-9f81-ed1321f551ca:c5349]
2019-06-14 09:09:46,575 INFO  storage.RaftLogWorker (RaftLogWorker.java:rollLogSegment(303)) - e6065258-5a2c-4a72-9f81-ed1321f551ca-RaftLogWorker: Rolling segment log-5284_5352 to index:5352
2019-06-14 09:09:46,575 INFO  client.GrpcClientProtocolClient (GrpcClientProtocolClient.java:onNext(254)) - client-C0E347E82FC5->e6065258-5a2c-4a72-9f81-ed1321f551ca: receive RaftClientReply:client-C0E347E82FC5->e6065258-5a2c-4a72-9f81-ed1321f551ca@group-13364FE26125, cid=3271, SUCCESS, logIndex=5351, commits[e6065258-5a2c-4a72-9f81-ed1321f551ca:c5351]
2019-06-14 09:09:46,576 INFO  storage.RaftLogWorker (RaftLogWorker.java:execute(433)) - e6065258-5a2c-4a72-9f81-ed1321f551ca-RaftLogWorker: Rolled log segment from /opt/src/hadoop-ozone/integration-test/target/test-dir/MiniOzoneClusterImpl-a56da109-a1cb-4168-8966-62306f2f2d23/datanode-0/data/ratis/920138aa-6f47-4d6d-b5cc-13364fe26125/current/log_inprogress_5284 to /opt/src/hadoop-ozone/integration-test/target/test-dir/MiniOzoneClusterImpl-a56da109-a1cb-4168-8966-62306f2f2d23/datanode-0/data/ratis/920138aa-6f47-4d6d-b5cc-13364fe26125/current/log_5284-5352
2019-06-14 09:09:46,588 DEBUG block.SCMBlockDeletingService (SCMBlockDeletingService.java:call(138)) - Running DeletedBlockTransactionScanner
2019-06-14 09:09:46,588 DEBUG block.SCMBlockDeletingService (SCMBlockDeletingService.java:call(155)) - Scanned deleted blocks log and got 0 delTX to process.
2019-06-14 09:09:46,611 INFO  storage.RaftLogWorker (RaftLogWorker.java:execute(469)) - e6065258-5a2c-4a72-9f81-ed1321f551ca-RaftLogWorker: created new log segment /opt/src/hadoop-ozone/integration-test/target/test-dir/MiniOzoneClusterImpl-a56da109-a1cb-4168-8966-62306f2f2d23/datanode-0/data/ratis/920138aa-6f47-4d6d-b5cc-13364fe26125/current/log_inprogress_5353
2019-06-14 09:09:46,612 INFO  client.GrpcClientProtocolClient (GrpcClientProtocolClient.java:onNext(254)) - client-C0E347E82FC5->e6065258-5a2c-4a72-9f81-ed1321f551ca: receive RaftClientReply:client-C0E347E82FC5->e6065258-5a2c-4a72-9f81-ed1321f551ca@group-13364FE26125, cid=3272, SUCCESS, logIndex=5353, commits[e6065258-5a2c-4a72-9f81-ed1321f551ca:c5353]
2019-06-14 09:09:46,622 INFO  client.GrpcClientProtocolClient (GrpcClientProtocolClient.java:onNext(254)) - client-C0E347E82FC5->e6065258-5a2c-4a72-9f81-ed1321f551ca: receive RaftClientReply:client-C0E347E82FC5->e6065258-5a2c-4a72-9f81-ed1321f551ca@group-13364FE26125, cid=3273, SUCCESS, logIndex=5355, commits[e6065258-5a2c-4a72-9f81-ed1321f551ca:c5355]
2019-06-14 09:09:46,623 INFO  client.GrpcClientProtocolClient (GrpcClientProtocolClient.java:onNext(254)) - client-C0E347E82FC5->e6065258-5a2c-4a72-9f81-ed1321f551ca: receive RaftClientReply:client-C0E347E82FC5->e6065258-5a2c-4a72-9f81-ed1321f551ca@group-13364FE26125, cid=3274, SUCCESS, logIndex=5357, commits[e6065258-5a2c-4a72-9f81-ed1321f551ca:c5357]
2019-06-14 09:09:46,624 INFO  client.GrpcClientProtocolClient (GrpcClientProtocolClient.java:onNext(254)) - client-C0E347E82FC5->e6065258-5a2c-4a72-9f81-ed1321f551ca: receive RaftClientReply:client-C0E347E82FC5->e6065258-5a2c-4a72-9f81-ed1321f551ca@group-13364FE26125, cid=3275, SUCCESS, logIndex=5358, commits[e6065258-5a2c-4a72-9f81-ed1321f551ca:c5360]
2019-06-14 09:09:46,624 INFO  client.GrpcClientProtocolClient (GrpcClientProtocolClient.java:onNext(254)) - client-C0E347E82FC5->e6065258-5a2c-4a72-9f81-ed1321f551ca: receive RaftClientReply:client-C0E347E82FC5->e6065258-5a2c-4a72-9f81-ed1321f551ca@group-13364FE26125, cid=3276, SUCCESS, logIndex=5359, commits[e6065258-5a2c-4a72-9f81-ed1321f551ca:c5360]
2019-06-14 09:09:46,629 INFO  client.GrpcClientProtocolClient (GrpcClientProtocolClient.java:onNext(254)) - client-C0E347E82FC5->e6065258-5a2c-4a72-9f81-ed1321f551ca: receive RaftClientReply:client-C0E347E82FC5->e6065258-5a2c-4a72-9f81-ed1321f551ca@group-13364FE26125, cid=3277, SUCCESS, logIndex=5361, commits[e6065258-5a2c-4a72-9f81-ed1321f551ca:c5361]
2019-06-14 09:09:46,630 INFO  client.GrpcClientProtocolClient (GrpcClientProtocolClient.java:onNext(254)) - client-C0E347E82FC5->e6065258-5a2c-4a72-9f81-ed1321f551ca: receive RaftClientReply:client-C0E347E82FC5->e6065258-5a2c-4a72-9f81-ed1321f551ca@group-13364FE26125, cid=3278, SUCCESS, logIndex=5363, commits[e6065258-5a2c-4a72-9f81-ed1321f551ca:c5363]
2019-06-14 09:09:46,631 INFO  client.GrpcClientProtocolClient (GrpcClientProtocolClient.java:onNext(254)) - client-C0E347E82FC5->e6065258-5a2c-4a72-9f81-ed1321f551ca: receive RaftClientReply:client-C0E347E82FC5->e6065258-5a2c-4a72-9f81-ed1321f551ca@group-13364FE26125, cid=3279, SUCCESS, logIndex=5364, commits[e6065258-5a2c-4a72-9f81-ed1321f551ca:c5366]
2019-06-14 09:09:46,631 INFO  client.GrpcClientProtocolClient (GrpcClientProtocolClient.java:onNext(254)) - client-C0E347E82FC5->e6065258-5a2c-4a72-9f81-ed1321f551ca: receive RaftClientReply:client-C0E347E82FC5->e6065258-5a2c-4a72-9f81-ed1321f551ca@group-13364FE26125, cid=3280, SUCCESS, logIndex=5365, commits[e6065258-5a2c-4a72-9f81-ed1321f551ca:c5366]
2019-06-14 09:09:46,640 INFO  client.GrpcClientProtocolClient (GrpcClientProtocolClient.java:onNext(254)) - client-C0E347E82FC5->e6065258-5a2c-4a72-9f81-ed1321f551ca: receive RaftClientReply:client-C0E347E82FC5->e6065258-5a2c-4a72-9f81-ed1321f551ca@group-13364FE26125, cid=3281, SUCCESS, logIndex=5367, commits[e6065258-5a2c-4a72-9f81-ed1321f551ca:c5367]
2019-06-14 09:09:46,641 INFO  client.GrpcClientProtocolClient (GrpcClientProtocolClient.java:onNext(254)) - client-C0E347E82FC5->e6065258-5a2c-4a72-9f81-ed1321f551ca: receive RaftClientReply:client-C0E347E82FC5->e6065258-5a2c-4a72-9f81-ed1321f551ca@group-13364FE26125, cid=3282, SUCCESS, logIndex=5369, commits[e6065258-5a2c-4a72-9f81-ed1321f551ca:c5369]
2019-06-14 09:09:46,642 INFO  client.GrpcClientProtocolClient (GrpcClientProtocolClient.java:onNext(254)) - client-C0E347E82FC5->e6065258-5a2c-4a72-9f81-ed1321f551ca: receive RaftClientReply:client-C0E347E82FC5->e6065258-5a2c-4a72-9f81-ed1321f551ca@group-13364FE26125, cid=3283, SUCCESS, logIndex=5370, commits[e6065258-5a2c-4a72-9f81-ed1321f551ca:c5372]
2019-06-14 09:09:46,642 INFO  client.GrpcClientProtocolClient (GrpcClientProtocolClient.java:onNext(254)) - client-C0E347E82FC5->e6065258-5a2c-4a72-9f81-ed1321f551ca: receive RaftClientReply:client-C0E347E82FC5->e6065258-5a2c-4a72-9f81-ed1321f551ca@group-13364FE26125, cid=3284, SUCCESS, logIndex=5371, commits[e6065258-5a2c-4a72-9f81-ed1321f551ca:c5372]
2019-06-14 09:09:46,647 INFO  client.GrpcClientProtocolClient (GrpcClientProtocolClient.java:onNext(254)) - client-C0E347E82FC5->e6065258-5a2c-4a72-9f81-ed1321f551ca: receive RaftClientReply:client-C0E347E82FC5->e6065258-5a2c-4a72-9f81-ed1321f551ca@group-13364FE26125, cid=3285, SUCCESS, logIndex=5373, commits[e6065258-5a2c-4a72-9f81-ed1321f551ca:c5373]
2019-06-14 09:09:46,649 INFO  client.GrpcClientProtocolClient (GrpcClientProtocolClient.java:onNext(254)) - client-C0E347E82FC5->e6065258-5a2c-4a72-9f81-ed1321f551ca: receive RaftClientReply:client-C0E347E82FC5->e6065258-5a2c-4a72-9f81-ed1321f551ca@group-13364FE26125, cid=3286, SUCCESS, logIndex=5375, commits[e6065258-5a2c-4a72-9f81-ed1321f551ca:c5376]
2019-06-14 09:09:46,649 INFO  client.GrpcClientProtocolClient (GrpcClientProtocolClient.java:onNext(254)) - client-C0E347E82FC5->e6065258-5a2c-4a72-9f81-ed1321f551ca: receive RaftClientReply:client-C0E347E82FC5->e6065258-5a2c-4a72-9f81-ed1321f551ca@group-13364FE26125, cid=3287, SUCCESS, logIndex=5376, commits[e6065258-5a2c-4a72-9f81-ed1321f551ca:c5376]
2019-06-14 09:09:46,650 INFO  client.GrpcClientProtocolClient (GrpcClientProtocolClient.java:onNext(254)) - client-C0E347E82FC5->e6065258-5a2c-4a72-9f81-ed1321f551ca: receive RaftClientReply:client-C0E347E82FC5->e6065258-5a2c-4a72-9f81-ed1321f551ca@group-13364FE26125, cid=3288, SUCCESS, logIndex=5378, commits[e6065258-5a2c-4a72-9f81-ed1321f551ca:c5378]
2019-06-14 09:09:46,694 DEBUG block.SCMBlockDeletingService (SCMBlockDeletingService.java:call(138)) - Running DeletedBlockTransactionScanner
2019-06-14 09:09:46,695 DEBUG block.SCMBlockDeletingService (SCMBlockDeletingService.java:call(155)) - Scanned deleted blocks log and got 0 delTX to process.
2019-06-14 09:09:46,700 INFO  client.GrpcClientProtocolClient (GrpcClientProtocolClient.java:onNext(254)) - client-C0E347E82FC5->e6065258-5a2c-4a72-9f81-ed1321f551ca: receive RaftClientReply:client-C0E347E82FC5->e6065258-5a2c-4a72-9f81-ed1321f551ca@group-13364FE26125, cid=3289, SUCCESS, logIndex=5380, commits[e6065258-5a2c-4a72-9f81-ed1321f551ca:c5380]
2019-06-14 09:09:46,701 INFO  client.GrpcClientProtocolClient (GrpcClientProtocolClient.java:onNext(254)) - client-C0E347E82FC5->e6065258-5a2c-4a72-9f81-ed1321f551ca: receive RaftClientReply:client-C0E347E82FC5->e6065258-5a2c-4a72-9f81-ed1321f551ca@group-13364FE26125, cid=3290, SUCCESS, logIndex=5382, commits[e6065258-5a2c-4a72-9f81-ed1321f551ca:c5382]
2019-06-14 09:09:46,702 INFO  client.GrpcClientProtocolClient (GrpcClientProtocolClient.java:onNext(254)) - client-C0E347E82FC5->e6065258-5a2c-4a72-9f81-ed1321f551ca: receive RaftClientReply:client-C0E347E82FC5->e6065258-5a2c-4a72-9f81-ed1321f551ca@group-13364FE26125, cid=3291, SUCCESS, logIndex=5383, commits[e6065258-5a2c-4a72-9f81-ed1321f551ca:c5385]
2019-06-14 09:09:46,703 INFO  client.GrpcClientProtocolClient (GrpcClientProtocolClient.java:onNext(254)) - client-C0E347E82FC5->e6065258-5a2c-4a72-9f81-ed1321f551ca: receive RaftClientReply:client-C0E347E82FC5->e6065258-5a2c-4a72-9f81-ed1321f551ca@group-13364FE26125, cid=3292, SUCCESS, logIndex=5384, commits[e6065258-5a2c-4a72-9f81-ed1321f551ca:c5385]
2019-06-14 09:09:46,708 INFO  client.GrpcClientProtocolClient (GrpcClientProtocolClient.java:onNext(254)) - client-C0E347E82FC5->e6065258-5a2c-4a72-9f81-ed1321f551ca: receive RaftClientReply:client-C0E347E82FC5->e6065258-5a2c-4a72-9f81-ed1321f551ca@group-13364FE26125, cid=3293, SUCCESS, logIndex=5386, commits[e6065258-5a2c-4a72-9f81-ed1321f551ca:c5386]
2019-06-14 09:09:46,709 INFO  client.GrpcClientProtocolClient (GrpcClientProtocolClient.java:onNext(254)) - client-C0E347E82FC5->e6065258-5a2c-4a72-9f81-ed1321f551ca: receive RaftClientReply:client-C0E347E82FC5->e6065258-5a2c-4a72-9f81-ed1321f551ca@group-13364FE26125, cid=3294, SUCCESS, logIndex=5388, commits[e6065258-5a2c-4a72-9f81-ed1321f551ca:c5388]
2019-06-14 09:09:46,710 INFO  client.GrpcClientProtocolClient (GrpcClientProtocolClient.java:onNext(254)) - client-C0E347E82FC5->e6065258-5a2c-4a72-9f81-ed1321f551ca: receive RaftClientReply:client-C0E347E82FC5->e6065258-5a2c-4a72-9f81-ed1321f551ca@group-13364FE26125, cid=3295, SUCCESS, logIndex=5389, commits[e6065258-5a2c-4a72-9f81-ed1321f551ca:c5391]
2019-06-14 09:09:46,710 INFO  client.GrpcClientProtocolClient (GrpcClientProtocolClient.java:onNext(254)) - client-C0E347E82FC5->e6065258-5a2c-4a72-9f81-ed1321f551ca: receive RaftClientReply:client-C0E347E82FC5->e6065258-5a2c-4a72-9f81-ed1321f551ca@group-13364FE26125, cid=3296, SUCCESS, logIndex=5390, commits[e6065258-5a2c-4a72-9f81-ed1321f551ca:c5391]
2019-06-14 09:09:46,719 INFO  client.GrpcClientProtocolClient (GrpcClientProtocolClient.java:onNext(254)) - client-C0E347E82FC5->e6065258-5a2c-4a72-9f81-ed1321f551ca: receive RaftClientReply:client-C0E347E82FC5->e6065258-5a2c-4a72-9f81-ed1321f551ca@group-13364FE26125, cid=3297, SUCCESS, logIndex=5392, commits[e6065258-5a2c-4a72-9f81-ed1321f551ca:c5392]
2019-06-14 09:09:46,720 INFO  client.GrpcClientProtocolClient (GrpcClientProtocolClient.java:onNext(254)) - client-C0E347E82FC5->e6065258-5a2c-4a72-9f81-ed1321f551ca: receive RaftClientReply:client-C0E347E82FC5->e6065258-5a2c-4a72-9f81-ed1321f551ca@group-13364FE26125, cid=3298, SUCCESS, logIndex=5394, commits[e6065258-5a2c-4a72-9f81-ed1321f551ca:c5394]
2019-06-14 09:09:46,721 INFO  client.GrpcClientProtocolClient (GrpcClientProtocolClient.java:onNext(254)) - client-C0E347E82FC5->e6065258-5a2c-4a72-9f81-ed1321f551ca: receive RaftClientReply:client-C0E347E82FC5->e6065258-5a2c-4a72-9f81-ed1321f551ca@group-13364FE26125, cid=3299, SUCCESS, logIndex=5395, commits[e6065258-5a2c-4a72-9f81-ed1321f551ca:c5397]
2019-06-14 09:09:46,722 INFO  client.GrpcClientProtocolClient (GrpcClientProtocolClient.java:onNext(254)) - client-C0E347E82FC5->e6065258-5a2c-4a72-9f81-ed1321f551ca: receive RaftClientReply:client-C0E347E82FC5->e6065258-5a2c-4a72-9f81-ed1321f551ca@group-13364FE26125, cid=3300, SUCCESS, logIndex=5396, commits[e6065258-5a2c-4a72-9f81-ed1321f551ca:c5397]
2019-06-14 09:09:46,727 INFO  client.GrpcClientProtocolClient (GrpcClientProtocolClient.java:onNext(254)) - client-C0E347E82FC5->e6065258-5a2c-4a72-9f81-ed1321f551ca: receive RaftClientReply:client-C0E347E82FC5->e6065258-5a2c-4a72-9f81-ed1321f551ca@group-13364FE26125, cid=3301, SUCCESS, logIndex=5398, commits[e6065258-5a2c-4a72-9f81-ed1321f551ca:c5398]
2019-06-14 09:09:46,728 INFO  client.GrpcClientProtocolClient (GrpcClientProtocolClient.java:onNext(254)) - client-C0E347E82FC5->e6065258-5a2c-4a72-9f81-ed1321f551ca: receive RaftClientReply:client-C0E347E82FC5->e6065258-5a2c-4a72-9f81-ed1321f551ca@group-13364FE26125, cid=3302, SUCCESS, logIndex=5400, commits[e6065258-5a2c-4a72-9f81-ed1321f551ca:c5400]
2019-06-14 09:09:46,729 INFO  client.GrpcClientProtocolClient (GrpcClientProtocolClient.java:onNext(254)) - client-C0E347E82FC5->e6065258-5a2c-4a72-9f81-ed1321f551ca: receive RaftClientReply:client-C0E347E82FC5->e6065258-5a2c-4a72-9f81-ed1321f551ca@group-13364FE26125, cid=3303, SUCCESS, logIndex=5401, commits[e6065258-5a2c-4a72-9f81-ed1321f551ca:c5403]
2019-06-14 09:09:46,729 INFO  client.GrpcClientProtocolClient (GrpcClientProtocolClient.java:onNext(254)) - client-C0E347E82FC5->e6065258-5a2c-4a72-9f81-ed1321f551ca: receive RaftClientReply:client-C0E347E82FC5->e6065258-5a2c-4a72-9f81-ed1321f551ca@group-13364FE26125, cid=3304, SUCCESS, logIndex=5402, commits[e6065258-5a2c-4a72-9f81-ed1321f551ca:c5403]
2019-06-14 09:09:46,739 INFO  client.GrpcClientProtocolClient (GrpcClientProtocolClient.java:onNext(254)) - client-C0E347E82FC5->e6065258-5a2c-4a72-9f81-ed1321f551ca: receive RaftClientReply:client-C0E347E82FC5->e6065258-5a2c-4a72-9f81-ed1321f551ca@group-13364FE26125, cid=3305, SUCCESS, logIndex=5404, commits[e6065258-5a2c-4a72-9f81-ed1321f551ca:c5404]
2019-06-14 09:09:46,740 INFO  client.GrpcClientProtocolClient (GrpcClientProtocolClient.java:onNext(254)) - client-C0E347E82FC5->e6065258-5a2c-4a72-9f81-ed1321f551ca: receive RaftClientReply:client-C0E347E82FC5->e6065258-5a2c-4a72-9f81-ed1321f551ca@group-13364FE26125, cid=3306, SUCCESS, logIndex=5406, commits[e6065258-5a2c-4a72-9f81-ed1321f551ca:c5406]
2019-06-14 09:09:46,741 INFO  client.GrpcClientProtocolClient (GrpcClientProtocolClient.java:onNext(254)) - client-C0E347E82FC5->e6065258-5a2c-4a72-9f81-ed1321f551ca: receive RaftClientReply:client-C0E347E82FC5->e6065258-5a2c-4a72-9f81-ed1321f551ca@group-13364FE26125, cid=3307, SUCCESS, logIndex=5407, commits[e6065258-5a2c-4a72-9f81-ed1321f551ca:c5409]
2019-06-14 09:09:46,741 INFO  client.GrpcClientProtocolClient (GrpcClientProtocolClient.java:onNext(254)) - client-C0E347E82FC5->e6065258-5a2c-4a72-9f81-ed1321f551ca: receive RaftClientReply:client-C0E347E82FC5->e6065258-5a2c-4a72-9f81-ed1321f551ca@group-13364FE26125, cid=3308, SUCCESS, logIndex=5408, commits[e6065258-5a2c-4a72-9f81-ed1321f551ca:c5409]
2019-06-14 09:09:46,746 INFO  client.GrpcClientProtocolClient (GrpcClientProtocolClient.java:onNext(254)) - client-C0E347E82FC5->e6065258-5a2c-4a72-9f81-ed1321f551ca: receive RaftClientReply:client-C0E347E82FC5->e6065258-5a2c-4a72-9f81-ed1321f551ca@group-13364FE26125, cid=3309, SUCCESS, logIndex=5410, commits[e6065258-5a2c-4a72-9f81-ed1321f551ca:c5410]
2019-06-14 09:09:46,747 INFO  client.GrpcClientProtocolClient (GrpcClientProtocolClient.java:onNext(254)) - client-C0E347E82FC5->e6065258-5a2c-4a72-9f81-ed1321f551ca: receive RaftClientReply:client-C0E347E82FC5->e6065258-5a2c-4a72-9f81-ed1321f551ca@group-13364FE26125, cid=3310, SUCCESS, logIndex=5412, commits[e6065258-5a2c-4a72-9f81-ed1321f551ca:c5412]
2019-06-14 09:09:46,748 INFO  client.GrpcClientProtocolClient (GrpcClientProtocolClient.java:onNext(254)) - client-C0E347E82FC5->e6065258-5a2c-4a72-9f81-ed1321f551ca: receive RaftClientReply:client-C0E347E82FC5->e6065258-5a2c-4a72-9f81-ed1321f551ca@group-13364FE26125, cid=3311, SUCCESS, logIndex=5413, commits[e6065258-5a2c-4a72-9f81-ed1321f551ca:c5415]
2019-06-14 09:09:46,748 INFO  client.GrpcClientProtocolClient (GrpcClientProtocolClient.java:onNext(254)) - client-C0E347E82FC5->e6065258-5a2c-4a72-9f81-ed1321f551ca: receive RaftClientReply:client-C0E347E82FC5->e6065258-5a2c-4a72-9f81-ed1321f551ca@group-13364FE26125, cid=3312, SUCCESS, logIndex=5414, commits[e6065258-5a2c-4a72-9f81-ed1321f551ca:c5415]
2019-06-14 09:09:46,758 INFO  client.GrpcClientProtocolClient (GrpcClientProtocolClient.java:onNext(254)) - client-C0E347E82FC5->e6065258-5a2c-4a72-9f81-ed1321f551ca: receive RaftClientReply:client-C0E347E82FC5->e6065258-5a2c-4a72-9f81-ed1321f551ca@group-13364FE26125, cid=3313, SUCCESS, logIndex=5416, commits[e6065258-5a2c-4a72-9f81-ed1321f551ca:c5416]
2019-06-14 09:09:46,759 INFO  client.GrpcClientProtocolClient (GrpcClientProtocolClient.java:onNext(254)) - client-C0E347E82FC5->e6065258-5a2c-4a72-9f81-ed1321f551ca: receive RaftClientReply:client-C0E347E82FC5->e6065258-5a2c-4a72-9f81-ed1321f551ca@group-13364FE26125, cid=3314, SUCCESS, logIndex=5418, commits[e6065258-5a2c-4a72-9f81-ed1321f551ca:c5418]
2019-06-14 09:09:46,795 DEBUG block.SCMBlockDeletingService (SCMBlockDeletingService.java:call(138)) - Running DeletedBlockTransactionScanner
2019-06-14 09:09:46,795 DEBUG block.SCMBlockDeletingService (SCMBlockDeletingService.java:call(155)) - Scanned deleted blocks log and got 0 delTX to process.
2019-06-14 09:09:46,830 INFO  storage.RaftLogWorker (RaftLogWorker.java:rollLogSegment(303)) - e6065258-5a2c-4a72-9f81-ed1321f551ca-RaftLogWorker: Rolling segment log-5353_5419 to index:5419
2019-06-14 09:09:46,831 INFO  storage.RaftLogWorker (RaftLogWorker.java:execute(433)) - e6065258-5a2c-4a72-9f81-ed1321f551ca-RaftLogWorker: Rolled log segment from /opt/src/hadoop-ozone/integration-test/target/test-dir/MiniOzoneClusterImpl-a56da109-a1cb-4168-8966-62306f2f2d23/datanode-0/data/ratis/920138aa-6f47-4d6d-b5cc-13364fe26125/current/log_inprogress_5353 to /opt/src/hadoop-ozone/integration-test/target/test-dir/MiniOzoneClusterImpl-a56da109-a1cb-4168-8966-62306f2f2d23/datanode-0/data/ratis/920138aa-6f47-4d6d-b5cc-13364fe26125/current/log_5353-5419
2019-06-14 09:09:46,870 INFO  storage.RaftLogWorker (RaftLogWorker.java:execute(469)) - e6065258-5a2c-4a72-9f81-ed1321f551ca-RaftLogWorker: created new log segment /opt/src/hadoop-ozone/integration-test/target/test-dir/MiniOzoneClusterImpl-a56da109-a1cb-4168-8966-62306f2f2d23/datanode-0/data/ratis/920138aa-6f47-4d6d-b5cc-13364fe26125/current/log_inprogress_5420
2019-06-14 09:09:46,871 INFO  client.GrpcClientProtocolClient (GrpcClientProtocolClient.java:onNext(254)) - client-C0E347E82FC5->e6065258-5a2c-4a72-9f81-ed1321f551ca: receive RaftClientReply:client-C0E347E82FC5->e6065258-5a2c-4a72-9f81-ed1321f551ca@group-13364FE26125, cid=3315, SUCCESS, logIndex=5420, commits[e6065258-5a2c-4a72-9f81-ed1321f551ca:c5420]
2019-06-14 09:09:46,872 INFO  client.GrpcClientProtocolClient (GrpcClientProtocolClient.java:onNext(254)) - client-C0E347E82FC5->e6065258-5a2c-4a72-9f81-ed1321f551ca: receive RaftClientReply:client-C0E347E82FC5->e6065258-5a2c-4a72-9f81-ed1321f551ca@group-13364FE26125, cid=3316, SUCCESS, logIndex=5422, commits[e6065258-5a2c-4a72-9f81-ed1321f551ca:c5422]
2019-06-14 09:09:46,877 INFO  client.GrpcClientProtocolClient (GrpcClientProtocolClient.java:onNext(254)) - client-C0E347E82FC5->e6065258-5a2c-4a72-9f81-ed1321f551ca: receive RaftClientReply:client-C0E347E82FC5->e6065258-5a2c-4a72-9f81-ed1321f551ca@group-13364FE26125, cid=3317, SUCCESS, logIndex=5424, commits[e6065258-5a2c-4a72-9f81-ed1321f551ca:c5424]
2019-06-14 09:09:46,878 INFO  client.GrpcClientProtocolClient (GrpcClientProtocolClient.java:onNext(254)) - client-C0E347E82FC5->e6065258-5a2c-4a72-9f81-ed1321f551ca: receive RaftClientReply:client-C0E347E82FC5->e6065258-5a2c-4a72-9f81-ed1321f551ca@group-13364FE26125, cid=3318, SUCCESS, logIndex=5426, commits[e6065258-5a2c-4a72-9f81-ed1321f551ca:c5426]
2019-06-14 09:09:46,880 INFO  client.GrpcClientProtocolClient (GrpcClientProtocolClient.java:onNext(254)) - client-C0E347E82FC5->e6065258-5a2c-4a72-9f81-ed1321f551ca: receive RaftClientReply:client-C0E347E82FC5->e6065258-5a2c-4a72-9f81-ed1321f551ca@group-13364FE26125, cid=3319, SUCCESS, logIndex=5427, commits[e6065258-5a2c-4a72-9f81-ed1321f551ca:c5428]
2019-06-14 09:09:46,881 INFO  client.GrpcClientProtocolClient (GrpcClientProtocolClient.java:onNext(254)) - client-C0E347E82FC5->e6065258-5a2c-4a72-9f81-ed1321f551ca: receive RaftClientReply:client-C0E347E82FC5->e6065258-5a2c-4a72-9f81-ed1321f551ca@group-13364FE26125, cid=3320, SUCCESS, logIndex=5429, commits[e6065258-5a2c-4a72-9f81-ed1321f551ca:c5429]
2019-06-14 09:09:46,890 INFO  client.GrpcClientProtocolClient (GrpcClientProtocolClient.java:onNext(254)) - client-C0E347E82FC5->e6065258-5a2c-4a72-9f81-ed1321f551ca: receive RaftClientReply:client-C0E347E82FC5->e6065258-5a2c-4a72-9f81-ed1321f551ca@group-13364FE26125, cid=3321, SUCCESS, logIndex=5431, commits[e6065258-5a2c-4a72-9f81-ed1321f551ca:c5431]
2019-06-14 09:09:46,891 INFO  client.GrpcClientProtocolClient (GrpcClientProtocolClient.java:onNext(254)) - client-C0E347E82FC5->e6065258-5a2c-4a72-9f81-ed1321f551ca: receive RaftClientReply:client-C0E347E82FC5->e6065258-5a2c-4a72-9f81-ed1321f551ca@group-13364FE26125, cid=3322, SUCCESS, logIndex=5433, commits[e6065258-5a2c-4a72-9f81-ed1321f551ca:c5433]
2019-06-14 09:09:46,892 INFO  client.GrpcClientProtocolClient (GrpcClientProtocolClient.java:onNext(254)) - client-C0E347E82FC5->e6065258-5a2c-4a72-9f81-ed1321f551ca: receive RaftClientReply:client-C0E347E82FC5->e6065258-5a2c-4a72-9f81-ed1321f551ca@group-13364FE26125, cid=3323, SUCCESS, logIndex=5434, commits[e6065258-5a2c-4a72-9f81-ed1321f551ca:c5436]
2019-06-14 09:09:46,892 INFO  client.GrpcClientProtocolClient (GrpcClientProtocolClient.java:onNext(254)) - client-C0E347E82FC5->e6065258-5a2c-4a72-9f81-ed1321f551ca: receive RaftClientReply:client-C0E347E82FC5->e6065258-5a2c-4a72-9f81-ed1321f551ca@group-13364FE26125, cid=3324, SUCCESS, logIndex=5435, commits[e6065258-5a2c-4a72-9f81-ed1321f551ca:c5436]
2019-06-14 09:09:46,896 DEBUG block.SCMBlockDeletingService (SCMBlockDeletingService.java:call(138)) - Running DeletedBlockTransactionScanner
2019-06-14 09:09:46,896 DEBUG block.SCMBlockDeletingService (SCMBlockDeletingService.java:call(155)) - Scanned deleted blocks log and got 0 delTX to process.
2019-06-14 09:09:46,898 INFO  client.GrpcClientProtocolClient (GrpcClientProtocolClient.java:onNext(254)) - client-C0E347E82FC5->e6065258-5a2c-4a72-9f81-ed1321f551ca: receive RaftClientReply:client-C0E347E82FC5->e6065258-5a2c-4a72-9f81-ed1321f551ca@group-13364FE26125, cid=3325, SUCCESS, logIndex=5437, commits[e6065258-5a2c-4a72-9f81-ed1321f551ca:c5437]
2019-06-14 09:09:46,899 INFO  client.GrpcClientProtocolClient (GrpcClientProtocolClient.java:onNext(254)) - client-C0E347E82FC5->e6065258-5a2c-4a72-9f81-ed1321f551ca: receive RaftClientReply:client-C0E347E82FC5->e6065258-5a2c-4a72-9f81-ed1321f551ca@group-13364FE26125, cid=3326, SUCCESS, logIndex=5439, commits[e6065258-5a2c-4a72-9f81-ed1321f551ca:c5439]
2019-06-14 09:09:46,900 INFO  client.GrpcClientProtocolClient (GrpcClientProtocolClient.java:onNext(254)) - client-C0E347E82FC5->e6065258-5a2c-4a72-9f81-ed1321f551ca: receive RaftClientReply:client-C0E347E82FC5->e6065258-5a2c-4a72-9f81-ed1321f551ca@group-13364FE26125, cid=3327, SUCCESS, logIndex=5440, commits[e6065258-5a2c-4a72-9f81-ed1321f551ca:c5442]
2019-06-14 09:09:46,901 INFO  client.GrpcClientProtocolClient (GrpcClientProtocolClient.java:onNext(254)) - client-C0E347E82FC5->e6065258-5a2c-4a72-9f81-ed1321f551ca: receive RaftClientReply:client-C0E347E82FC5->e6065258-5a2c-4a72-9f81-ed1321f551ca@group-13364FE26125, cid=3328, SUCCESS, logIndex=5441, commits[e6065258-5a2c-4a72-9f81-ed1321f551ca:c5442]
2019-06-14 09:09:46,911 INFO  client.GrpcClientProtocolClient (GrpcClientProtocolClient.java:onNext(254)) - client-C0E347E82FC5->e6065258-5a2c-4a72-9f81-ed1321f551ca: receive RaftClientReply:client-C0E347E82FC5->e6065258-5a2c-4a72-9f81-ed1321f551ca@group-13364FE26125, cid=3329, SUCCESS, logIndex=5443, commits[e6065258-5a2c-4a72-9f81-ed1321f551ca:c5443]
2019-06-14 09:09:46,912 INFO  client.GrpcClientProtocolClient (GrpcClientProtocolClient.java:onNext(254)) - client-C0E347E82FC5->e6065258-5a2c-4a72-9f81-ed1321f551ca: receive RaftClientReply:client-C0E347E82FC5->e6065258-5a2c-4a72-9f81-ed1321f551ca@group-13364FE26125, cid=3330, SUCCESS, logIndex=5445, commits[e6065258-5a2c-4a72-9f81-ed1321f551ca:c5445]
2019-06-14 09:09:46,913 INFO  client.GrpcClientProtocolClient (GrpcClientProtocolClient.java:onNext(254)) - client-C0E347E82FC5->e6065258-5a2c-4a72-9f81-ed1321f551ca: receive RaftClientReply:client-C0E347E82FC5->e6065258-5a2c-4a72-9f81-ed1321f551ca@group-13364FE26125, cid=3331, SUCCESS, logIndex=5446, commits[e6065258-5a2c-4a72-9f81-ed1321f551ca:c5448]
2019-06-14 09:09:46,913 INFO  client.GrpcClientProtocolClient (GrpcClientProtocolClient.java:onNext(254)) - client-C0E347E82FC5->e6065258-5a2c-4a72-9f81-ed1321f551ca: receive RaftClientReply:client-C0E347E82FC5->e6065258-5a2c-4a72-9f81-ed1321f551ca@group-13364FE26125, cid=3332, SUCCESS, logIndex=5447, commits[e6065258-5a2c-4a72-9f81-ed1321f551ca:c5448]
2019-06-14 09:09:46,918 INFO  client.GrpcClientProtocolClient (GrpcClientProtocolClient.java:onNext(254)) - client-C0E347E82FC5->e6065258-5a2c-4a72-9f81-ed1321f551ca: receive RaftClientReply:client-C0E347E82FC5->e6065258-5a2c-4a72-9f81-ed1321f551ca@group-13364FE26125, cid=3333, SUCCESS, logIndex=5449, commits[e6065258-5a2c-4a72-9f81-ed1321f551ca:c5449]
2019-06-14 09:09:46,919 INFO  client.GrpcClientProtocolClient (GrpcClientProtocolClient.java:onNext(254)) - client-C0E347E82FC5->e6065258-5a2c-4a72-9f81-ed1321f551ca: receive RaftClientReply:client-C0E347E82FC5->e6065258-5a2c-4a72-9f81-ed1321f551ca@group-13364FE26125, cid=3334, SUCCESS, logIndex=5451, commits[e6065258-5a2c-4a72-9f81-ed1321f551ca:c5451]
2019-06-14 09:09:46,920 INFO  client.GrpcClientProtocolClient (GrpcClientProtocolClient.java:onNext(254)) - client-C0E347E82FC5->e6065258-5a2c-4a72-9f81-ed1321f551ca: receive RaftClientReply:client-C0E347E82FC5->e6065258-5a2c-4a72-9f81-ed1321f551ca@group-13364FE26125, cid=3335, SUCCESS, logIndex=5452, commits[e6065258-5a2c-4a72-9f81-ed1321f551ca:c5454]
2019-06-14 09:09:46,920 INFO  client.GrpcClientProtocolClient (GrpcClientProtocolClient.java:onNext(254)) - client-C0E347E82FC5->e6065258-5a2c-4a72-9f81-ed1321f551ca: receive RaftClientReply:client-C0E347E82FC5->e6065258-5a2c-4a72-9f81-ed1321f551ca@group-13364FE26125, cid=3336, SUCCESS, logIndex=5453, commits[e6065258-5a2c-4a72-9f81-ed1321f551ca:c5454]
2019-06-14 09:09:46,929 INFO  client.GrpcClientProtocolClient (GrpcClientProtocolClient.java:onNext(254)) - client-C0E347E82FC5->e6065258-5a2c-4a72-9f81-ed1321f551ca: receive RaftClientReply:client-C0E347E82FC5->e6065258-5a2c-4a72-9f81-ed1321f551ca@group-13364FE26125, cid=3337, SUCCESS, logIndex=5455, commits[e6065258-5a2c-4a72-9f81-ed1321f551ca:c5455]
2019-06-14 09:09:46,930 INFO  client.GrpcClientProtocolClient (GrpcClientProtocolClient.java:onNext(254)) - client-C0E347E82FC5->e6065258-5a2c-4a72-9f81-ed1321f551ca: receive RaftClientReply:client-C0E347E82FC5->e6065258-5a2c-4a72-9f81-ed1321f551ca@group-13364FE26125, cid=3338, SUCCESS, logIndex=5457, commits[e6065258-5a2c-4a72-9f81-ed1321f551ca:c5457]
2019-06-14 09:09:46,931 INFO  client.GrpcClientProtocolClient (GrpcClientProtocolClient.java:onNext(254)) - client-C0E347E82FC5->e6065258-5a2c-4a72-9f81-ed1321f551ca: receive RaftClientReply:client-C0E347E82FC5->e6065258-5a2c-4a72-9f81-ed1321f551ca@group-13364FE26125, cid=3339, SUCCESS, logIndex=5458, commits[e6065258-5a2c-4a72-9f81-ed1321f551ca:c5460]
2019-06-14 09:09:46,931 INFO  client.GrpcClientProtocolClient (GrpcClientProtocolClient.java:onNext(254)) - client-C0E347E82FC5->e6065258-5a2c-4a72-9f81-ed1321f551ca: receive RaftClientReply:client-C0E347E82FC5->e6065258-5a2c-4a72-9f81-ed1321f551ca@group-13364FE26125, cid=3340, SUCCESS, logIndex=5459, commits[e6065258-5a2c-4a72-9f81-ed1321f551ca:c5460]
2019-06-14 09:09:46,936 INFO  client.GrpcClientProtocolClient (GrpcClientProtocolClient.java:onNext(254)) - client-C0E347E82FC5->e6065258-5a2c-4a72-9f81-ed1321f551ca: receive RaftClientReply:client-C0E347E82FC5->e6065258-5a2c-4a72-9f81-ed1321f551ca@group-13364FE26125, cid=3341, SUCCESS, logIndex=5461, commits[e6065258-5a2c-4a72-9f81-ed1321f551ca:c5461]
2019-06-14 09:09:46,937 INFO  client.GrpcClientProtocolClient (GrpcClientProtocolClient.java:onNext(254)) - client-C0E347E82FC5->e6065258-5a2c-4a72-9f81-ed1321f551ca: receive RaftClientReply:client-C0E347E82FC5->e6065258-5a2c-4a72-9f81-ed1321f551ca@group-13364FE26125, cid=3342, SUCCESS, logIndex=5463, commits[e6065258-5a2c-4a72-9f81-ed1321f551ca:c5463]
2019-06-14 09:09:46,938 INFO  client.GrpcClientProtocolClient (GrpcClientProtocolClient.java:onNext(254)) - client-C0E347E82FC5->e6065258-5a2c-4a72-9f81-ed1321f551ca: receive RaftClientReply:client-C0E347E82FC5->e6065258-5a2c-4a72-9f81-ed1321f551ca@group-13364FE26125, cid=3343, SUCCESS, logIndex=5464, commits[e6065258-5a2c-4a72-9f81-ed1321f551ca:c5466]
2019-06-14 09:09:46,938 INFO  client.GrpcClientProtocolClient (GrpcClientProtocolClient.java:onNext(254)) - client-C0E347E82FC5->e6065258-5a2c-4a72-9f81-ed1321f551ca: receive RaftClientReply:client-C0E347E82FC5->e6065258-5a2c-4a72-9f81-ed1321f551ca@group-13364FE26125, cid=3344, SUCCESS, logIndex=5465, commits[e6065258-5a2c-4a72-9f81-ed1321f551ca:c5466]
2019-06-14 09:09:46,947 INFO  client.GrpcClientProtocolClient (GrpcClientProtocolClient.java:onNext(254)) - client-C0E347E82FC5->e6065258-5a2c-4a72-9f81-ed1321f551ca: receive RaftClientReply:client-C0E347E82FC5->e6065258-5a2c-4a72-9f81-ed1321f551ca@group-13364FE26125, cid=3345, SUCCESS, logIndex=5467, commits[e6065258-5a2c-4a72-9f81-ed1321f551ca:c5467]
2019-06-14 09:09:46,948 INFO  client.GrpcClientProtocolClient (GrpcClientProtocolClient.java:onNext(254)) - client-C0E347E82FC5->e6065258-5a2c-4a72-9f81-ed1321f551ca: receive RaftClientReply:client-C0E347E82FC5->e6065258-5a2c-4a72-9f81-ed1321f551ca@group-13364FE26125, cid=3346, SUCCESS, logIndex=5469, commits[e6065258-5a2c-4a72-9f81-ed1321f551ca:c5469]
2019-06-14 09:09:46,949 INFO  client.GrpcClientProtocolClient (GrpcClientProtocolClient.java:onNext(254)) - client-C0E347E82FC5->e6065258-5a2c-4a72-9f81-ed1321f551ca: receive RaftClientReply:client-C0E347E82FC5->e6065258-5a2c-4a72-9f81-ed1321f551ca@group-13364FE26125, cid=3347, SUCCESS, logIndex=5470, commits[e6065258-5a2c-4a72-9f81-ed1321f551ca:c5472]
2019-06-14 09:09:46,949 INFO  client.GrpcClientProtocolClient (GrpcClientProtocolClient.java:onNext(254)) - client-C0E347E82FC5->e6065258-5a2c-4a72-9f81-ed1321f551ca: receive RaftClientReply:client-C0E347E82FC5->e6065258-5a2c-4a72-9f81-ed1321f551ca@group-13364FE26125, cid=3348, SUCCESS, logIndex=5471, commits[e6065258-5a2c-4a72-9f81-ed1321f551ca:c5472]
2019-06-14 09:09:46,953 INFO  client.GrpcClientProtocolClient (GrpcClientProtocolClient.java:onNext(254)) - client-C0E347E82FC5->e6065258-5a2c-4a72-9f81-ed1321f551ca: receive RaftClientReply:client-C0E347E82FC5->e6065258-5a2c-4a72-9f81-ed1321f551ca@group-13364FE26125, cid=3349, SUCCESS, logIndex=5473, commits[e6065258-5a2c-4a72-9f81-ed1321f551ca:c5473]
2019-06-14 09:09:46,955 INFO  client.GrpcClientProtocolClient (GrpcClientProtocolClient.java:onNext(254)) - client-C0E347E82FC5->e6065258-5a2c-4a72-9f81-ed1321f551ca: receive RaftClientReply:client-C0E347E82FC5->e6065258-5a2c-4a72-9f81-ed1321f551ca@group-13364FE26125, cid=3350, SUCCESS, logIndex=5475, commits[e6065258-5a2c-4a72-9f81-ed1321f551ca:c5475]
2019-06-14 09:09:46,956 INFO  client.GrpcClientProtocolClient (GrpcClientProtocolClient.java:onNext(254)) - client-C0E347E82FC5->e6065258-5a2c-4a72-9f81-ed1321f551ca: receive RaftClientReply:client-C0E347E82FC5->e6065258-5a2c-4a72-9f81-ed1321f551ca@group-13364FE26125, cid=3351, SUCCESS, logIndex=5476, commits[e6065258-5a2c-4a72-9f81-ed1321f551ca:c5478]
2019-06-14 09:09:46,956 INFO  client.GrpcClientProtocolClient (GrpcClientProtocolClient.java:onNext(254)) - client-C0E347E82FC5->e6065258-5a2c-4a72-9f81-ed1321f551ca: receive RaftClientReply:client-C0E347E82FC5->e6065258-5a2c-4a72-9f81-ed1321f551ca@group-13364FE26125, cid=3352, SUCCESS, logIndex=5477, commits[e6065258-5a2c-4a72-9f81-ed1321f551ca:c5478]
2019-06-14 09:09:46,967 INFO  client.GrpcClientProtocolClient (GrpcClientProtocolClient.java:onNext(254)) - client-C0E347E82FC5->e6065258-5a2c-4a72-9f81-ed1321f551ca: receive RaftClientReply:client-C0E347E82FC5->e6065258-5a2c-4a72-9f81-ed1321f551ca@group-13364FE26125, cid=3353, SUCCESS, logIndex=5479, commits[e6065258-5a2c-4a72-9f81-ed1321f551ca:c5479]
2019-06-14 09:09:46,968 INFO  client.GrpcClientProtocolClient (GrpcClientProtocolClient.java:onNext(254)) - client-C0E347E82FC5->e6065258-5a2c-4a72-9f81-ed1321f551ca: receive RaftClientReply:client-C0E347E82FC5->e6065258-5a2c-4a72-9f81-ed1321f551ca@group-13364FE26125, cid=3354, SUCCESS, logIndex=5481, commits[e6065258-5a2c-4a72-9f81-ed1321f551ca:c5481]
2019-06-14 09:09:46,969 INFO  client.GrpcClientProtocolClient (GrpcClientProtocolClient.java:onNext(254)) - client-C0E347E82FC5->e6065258-5a2c-4a72-9f81-ed1321f551ca: receive RaftClientReply:client-C0E347E82FC5->e6065258-5a2c-4a72-9f81-ed1321f551ca@group-13364FE26125, cid=3355, SUCCESS, logIndex=5482, commits[e6065258-5a2c-4a72-9f81-ed1321f551ca:c5484]
2019-06-14 09:09:46,970 INFO  client.GrpcClientProtocolClient (GrpcClientProtocolClient.java:onNext(254)) - client-C0E347E82FC5->e6065258-5a2c-4a72-9f81-ed1321f551ca: receive RaftClientReply:client-C0E347E82FC5->e6065258-5a2c-4a72-9f81-ed1321f551ca@group-13364FE26125, cid=3356, SUCCESS, logIndex=5483, commits[e6065258-5a2c-4a72-9f81-ed1321f551ca:c5484]
2019-06-14 09:09:46,975 INFO  storage.RaftLogWorker (RaftLogWorker.java:rollLogSegment(303)) - e6065258-5a2c-4a72-9f81-ed1321f551ca-RaftLogWorker: Rolling segment log-5420_5486 to index:5486
2019-06-14 09:09:46,975 INFO  client.GrpcClientProtocolClient (GrpcClientProtocolClient.java:onNext(254)) - client-C0E347E82FC5->e6065258-5a2c-4a72-9f81-ed1321f551ca: receive RaftClientReply:client-C0E347E82FC5->e6065258-5a2c-4a72-9f81-ed1321f551ca@group-13364FE26125, cid=3357, SUCCESS, logIndex=5485, commits[e6065258-5a2c-4a72-9f81-ed1321f551ca:c5485]
2019-06-14 09:09:46,975 INFO  storage.RaftLogWorker (RaftLogWorker.java:execute(433)) - e6065258-5a2c-4a72-9f81-ed1321f551ca-RaftLogWorker: Rolled log segment from /opt/src/hadoop-ozone/integration-test/target/test-dir/MiniOzoneClusterImpl-a56da109-a1cb-4168-8966-62306f2f2d23/datanode-0/data/ratis/920138aa-6f47-4d6d-b5cc-13364fe26125/current/log_inprogress_5420 to /opt/src/hadoop-ozone/integration-test/target/test-dir/MiniOzoneClusterImpl-a56da109-a1cb-4168-8966-62306f2f2d23/datanode-0/data/ratis/920138aa-6f47-4d6d-b5cc-13364fe26125/current/log_5420-5486
2019-06-14 09:09:46,996 DEBUG block.SCMBlockDeletingService (SCMBlockDeletingService.java:call(138)) - Running DeletedBlockTransactionScanner
2019-06-14 09:09:46,996 DEBUG block.SCMBlockDeletingService (SCMBlockDeletingService.java:call(155)) - Scanned deleted blocks log and got 0 delTX to process.
2019-06-14 09:09:47,017 INFO  storage.RaftLogWorker (RaftLogWorker.java:execute(469)) - e6065258-5a2c-4a72-9f81-ed1321f551ca-RaftLogWorker: created new log segment /opt/src/hadoop-ozone/integration-test/target/test-dir/MiniOzoneClusterImpl-a56da109-a1cb-4168-8966-62306f2f2d23/datanode-0/data/ratis/920138aa-6f47-4d6d-b5cc-13364fe26125/current/log_inprogress_5487
2019-06-14 09:09:47,019 INFO  client.GrpcClientProtocolClient (GrpcClientProtocolClient.java:onNext(254)) - client-C0E347E82FC5->e6065258-5a2c-4a72-9f81-ed1321f551ca: receive RaftClientReply:client-C0E347E82FC5->e6065258-5a2c-4a72-9f81-ed1321f551ca@group-13364FE26125, cid=3358, SUCCESS, logIndex=5487, commits[e6065258-5a2c-4a72-9f81-ed1321f551ca:c5487]
2019-06-14 09:09:47,044 INFO  client.GrpcClientProtocolClient (GrpcClientProtocolClient.java:onNext(254)) - client-C0E347E82FC5->e6065258-5a2c-4a72-9f81-ed1321f551ca: receive RaftClientReply:client-C0E347E82FC5->e6065258-5a2c-4a72-9f81-ed1321f551ca@group-13364FE26125, cid=3359, SUCCESS, logIndex=5489, commits[e6065258-5a2c-4a72-9f81-ed1321f551ca:c5489]
2019-06-14 09:09:47,045 INFO  client.GrpcClientProtocolClient (GrpcClientProtocolClient.java:onNext(254)) - client-C0E347E82FC5->e6065258-5a2c-4a72-9f81-ed1321f551ca: receive RaftClientReply:client-C0E347E82FC5->e6065258-5a2c-4a72-9f81-ed1321f551ca@group-13364FE26125, cid=3360, SUCCESS, logIndex=5491, commits[e6065258-5a2c-4a72-9f81-ed1321f551ca:c5491]
2019-06-14 09:09:47,056 INFO  client.GrpcClientProtocolClient (GrpcClientProtocolClient.java:onNext(254)) - client-C0E347E82FC5->e6065258-5a2c-4a72-9f81-ed1321f551ca: receive RaftClientReply:client-C0E347E82FC5->e6065258-5a2c-4a72-9f81-ed1321f551ca@group-13364FE26125, cid=3361, SUCCESS, logIndex=5493, commits[e6065258-5a2c-4a72-9f81-ed1321f551ca:c5493]
2019-06-14 09:09:47,058 INFO  client.GrpcClientProtocolClient (GrpcClientProtocolClient.java:onNext(254)) - client-C0E347E82FC5->e6065258-5a2c-4a72-9f81-ed1321f551ca: receive RaftClientReply:client-C0E347E82FC5->e6065258-5a2c-4a72-9f81-ed1321f551ca@group-13364FE26125, cid=3362, SUCCESS, logIndex=5495, commits[e6065258-5a2c-4a72-9f81-ed1321f551ca:c5495]
2019-06-14 09:09:47,058 INFO  client.GrpcClientProtocolClient (GrpcClientProtocolClient.java:onNext(254)) - client-C0E347E82FC5->e6065258-5a2c-4a72-9f81-ed1321f551ca: receive RaftClientReply:client-C0E347E82FC5->e6065258-5a2c-4a72-9f81-ed1321f551ca@group-13364FE26125, cid=3363, SUCCESS, logIndex=5496, commits[e6065258-5a2c-4a72-9f81-ed1321f551ca:c5497]
2019-06-14 09:09:47,059 INFO  client.GrpcClientProtocolClient (GrpcClientProtocolClient.java:onNext(254)) - client-C0E347E82FC5->e6065258-5a2c-4a72-9f81-ed1321f551ca: receive RaftClientReply:client-C0E347E82FC5->e6065258-5a2c-4a72-9f81-ed1321f551ca@group-13364FE26125, cid=3364, SUCCESS, logIndex=5498, commits[e6065258-5a2c-4a72-9f81-ed1321f551ca:c5498]
2019-06-14 09:09:47,100 DEBUG block.SCMBlockDeletingService (SCMBlockDeletingService.java:call(138)) - Running DeletedBlockTransactionScanner
2019-06-14 09:09:47,100 DEBUG block.SCMBlockDeletingService (SCMBlockDeletingService.java:call(155)) - Scanned deleted blocks log and got 0 delTX to process.
2019-06-14 09:09:47,106 INFO  client.GrpcClientProtocolClient (GrpcClientProtocolClient.java:onNext(254)) - client-C0E347E82FC5->e6065258-5a2c-4a72-9f81-ed1321f551ca: receive RaftClientReply:client-C0E347E82FC5->e6065258-5a2c-4a72-9f81-ed1321f551ca@group-13364FE26125, cid=3365, SUCCESS, logIndex=5500, commits[e6065258-5a2c-4a72-9f81-ed1321f551ca:c5500]
2019-06-14 09:09:47,107 INFO  client.GrpcClientProtocolClient (GrpcClientProtocolClient.java:onNext(254)) - client-C0E347E82FC5->e6065258-5a2c-4a72-9f81-ed1321f551ca: receive RaftClientReply:client-C0E347E82FC5->e6065258-5a2c-4a72-9f81-ed1321f551ca@group-13364FE26125, cid=3366, SUCCESS, logIndex=5502, commits[e6065258-5a2c-4a72-9f81-ed1321f551ca:c5502]
2019-06-14 09:09:47,108 INFO  client.GrpcClientProtocolClient (GrpcClientProtocolClient.java:onNext(254)) - client-C0E347E82FC5->e6065258-5a2c-4a72-9f81-ed1321f551ca: receive RaftClientReply:client-C0E347E82FC5->e6065258-5a2c-4a72-9f81-ed1321f551ca@group-13364FE26125, cid=3367, SUCCESS, logIndex=5503, commits[e6065258-5a2c-4a72-9f81-ed1321f551ca:c5505]
2019-06-14 09:09:47,109 INFO  client.GrpcClientProtocolClient (GrpcClientProtocolClient.java:onNext(254)) - client-C0E347E82FC5->e6065258-5a2c-4a72-9f81-ed1321f551ca: receive RaftClientReply:client-C0E347E82FC5->e6065258-5a2c-4a72-9f81-ed1321f551ca@group-13364FE26125, cid=3368, SUCCESS, logIndex=5504, commits[e6065258-5a2c-4a72-9f81-ed1321f551ca:c5505]
2019-06-14 09:09:47,120 INFO  client.GrpcClientProtocolClient (GrpcClientProtocolClient.java:onNext(254)) - client-C0E347E82FC5->e6065258-5a2c-4a72-9f81-ed1321f551ca: receive RaftClientReply:client-C0E347E82FC5->e6065258-5a2c-4a72-9f81-ed1321f551ca@group-13364FE26125, cid=3369, SUCCESS, logIndex=5506, commits[e6065258-5a2c-4a72-9f81-ed1321f551ca:c5506]
2019-06-14 09:09:47,121 INFO  client.GrpcClientProtocolClient (GrpcClientProtocolClient.java:onNext(254)) - client-C0E347E82FC5->e6065258-5a2c-4a72-9f81-ed1321f551ca: receive RaftClientReply:client-C0E347E82FC5->e6065258-5a2c-4a72-9f81-ed1321f551ca@group-13364FE26125, cid=3370, SUCCESS, logIndex=5508, commits[e6065258-5a2c-4a72-9f81-ed1321f551ca:c5508]
2019-06-14 09:09:47,122 INFO  client.GrpcClientProtocolClient (GrpcClientProtocolClient.java:onNext(254)) - client-C0E347E82FC5->e6065258-5a2c-4a72-9f81-ed1321f551ca: receive RaftClientReply:client-C0E347E82FC5->e6065258-5a2c-4a72-9f81-ed1321f551ca@group-13364FE26125, cid=3371, SUCCESS, logIndex=5509, commits[e6065258-5a2c-4a72-9f81-ed1321f551ca:c5511]
2019-06-14 09:09:47,122 INFO  client.GrpcClientProtocolClient (GrpcClientProtocolClient.java:onNext(254)) - client-C0E347E82FC5->e6065258-5a2c-4a72-9f81-ed1321f551ca: receive RaftClientReply:client-C0E347E82FC5->e6065258-5a2c-4a72-9f81-ed1321f551ca@group-13364FE26125, cid=3372, SUCCESS, logIndex=5510, commits[e6065258-5a2c-4a72-9f81-ed1321f551ca:c5511]
2019-06-14 09:09:47,127 INFO  client.GrpcClientProtocolClient (GrpcClientProtocolClient.java:onNext(254)) - client-C0E347E82FC5->e6065258-5a2c-4a72-9f81-ed1321f551ca: receive RaftClientReply:client-C0E347E82FC5->e6065258-5a2c-4a72-9f81-ed1321f551ca@group-13364FE26125, cid=3373, SUCCESS, logIndex=5512, commits[e6065258-5a2c-4a72-9f81-ed1321f551ca:c5512]
2019-06-14 09:09:47,128 INFO  client.GrpcClientProtocolClient (GrpcClientProtocolClient.java:onNext(254)) - client-C0E347E82FC5->e6065258-5a2c-4a72-9f81-ed1321f551ca: receive RaftClientReply:client-C0E347E82FC5->e6065258-5a2c-4a72-9f81-ed1321f551ca@group-13364FE26125, cid=3374, SUCCESS, logIndex=5514, commits[e6065258-5a2c-4a72-9f81-ed1321f551ca:c5514]
2019-06-14 09:09:47,129 INFO  client.GrpcClientProtocolClient (GrpcClientProtocolClient.java:onNext(254)) - client-C0E347E82FC5->e6065258-5a2c-4a72-9f81-ed1321f551ca: receive RaftClientReply:client-C0E347E82FC5->e6065258-5a2c-4a72-9f81-ed1321f551ca@group-13364FE26125, cid=3375, SUCCESS, logIndex=5515, commits[e6065258-5a2c-4a72-9f81-ed1321f551ca:c5517]
2019-06-14 09:09:47,129 INFO  client.GrpcClientProtocolClient (GrpcClientProtocolClient.java:onNext(254)) - client-C0E347E82FC5->e6065258-5a2c-4a72-9f81-ed1321f551ca: receive RaftClientReply:client-C0E347E82FC5->e6065258-5a2c-4a72-9f81-ed1321f551ca@group-13364FE26125, cid=3376, SUCCESS, logIndex=5516, commits[e6065258-5a2c-4a72-9f81-ed1321f551ca:c5517]
2019-06-14 09:09:47,139 INFO  client.GrpcClientProtocolClient (GrpcClientProtocolClient.java:onNext(254)) - client-C0E347E82FC5->e6065258-5a2c-4a72-9f81-ed1321f551ca: receive RaftClientReply:client-C0E347E82FC5->e6065258-5a2c-4a72-9f81-ed1321f551ca@group-13364FE26125, cid=3377, SUCCESS, logIndex=5518, commits[e6065258-5a2c-4a72-9f81-ed1321f551ca:c5518]
2019-06-14 09:09:47,140 INFO  client.GrpcClientProtocolClient (GrpcClientProtocolClient.java:onNext(254)) - client-C0E347E82FC5->e6065258-5a2c-4a72-9f81-ed1321f551ca: receive RaftClientReply:client-C0E347E82FC5->e6065258-5a2c-4a72-9f81-ed1321f551ca@group-13364FE26125, cid=3378, SUCCESS, logIndex=5520, commits[e6065258-5a2c-4a72-9f81-ed1321f551ca:c5520]
2019-06-14 09:09:47,141 INFO  client.GrpcClientProtocolClient (GrpcClientProtocolClient.java:onNext(254)) - client-C0E347E82FC5->e6065258-5a2c-4a72-9f81-ed1321f551ca: receive RaftClientReply:client-C0E347E82FC5->e6065258-5a2c-4a72-9f81-ed1321f551ca@group-13364FE26125, cid=3379, SUCCESS, logIndex=5521, commits[e6065258-5a2c-4a72-9f81-ed1321f551ca:c5523]
2019-06-14 09:09:47,141 INFO  client.GrpcClientProtocolClient (GrpcClientProtocolClient.java:onNext(254)) - client-C0E347E82FC5->e6065258-5a2c-4a72-9f81-ed1321f551ca: receive RaftClientReply:client-C0E347E82FC5->e6065258-5a2c-4a72-9f81-ed1321f551ca@group-13364FE26125, cid=3380, SUCCESS, logIndex=5522, commits[e6065258-5a2c-4a72-9f81-ed1321f551ca:c5523]
2019-06-14 09:09:47,146 INFO  client.GrpcClientProtocolClient (GrpcClientProtocolClient.java:onNext(254)) - client-C0E347E82FC5->e6065258-5a2c-4a72-9f81-ed1321f551ca: receive RaftClientReply:client-C0E347E82FC5->e6065258-5a2c-4a72-9f81-ed1321f551ca@group-13364FE26125, cid=3381, SUCCESS, logIndex=5524, commits[e6065258-5a2c-4a72-9f81-ed1321f551ca:c5524]
2019-06-14 09:09:47,147 INFO  client.GrpcClientProtocolClient (GrpcClientProtocolClient.java:onNext(254)) - client-C0E347E82FC5->e6065258-5a2c-4a72-9f81-ed1321f551ca: receive RaftClientReply:client-C0E347E82FC5->e6065258-5a2c-4a72-9f81-ed1321f551ca@group-13364FE26125, cid=3382, SUCCESS, logIndex=5526, commits[e6065258-5a2c-4a72-9f81-ed1321f551ca:c5526]
2019-06-14 09:09:47,148 INFO  client.GrpcClientProtocolClient (GrpcClientProtocolClient.java:onNext(254)) - client-C0E347E82FC5->e6065258-5a2c-4a72-9f81-ed1321f551ca: receive RaftClientReply:client-C0E347E82FC5->e6065258-5a2c-4a72-9f81-ed1321f551ca@group-13364FE26125, cid=3383, SUCCESS, logIndex=5527, commits[e6065258-5a2c-4a72-9f81-ed1321f551ca:c5528]
2019-06-14 09:09:47,148 INFO  client.GrpcClientProtocolClient (GrpcClientProtocolClient.java:onNext(254)) - client-C0E347E82FC5->e6065258-5a2c-4a72-9f81-ed1321f551ca: receive RaftClientReply:client-C0E347E82FC5->e6065258-5a2c-4a72-9f81-ed1321f551ca@group-13364FE26125, cid=3384, SUCCESS, logIndex=5528, commits[e6065258-5a2c-4a72-9f81-ed1321f551ca:c5528]
2019-06-14 09:09:47,157 INFO  client.GrpcClientProtocolClient (GrpcClientProtocolClient.java:onNext(254)) - client-C0E347E82FC5->e6065258-5a2c-4a72-9f81-ed1321f551ca: receive RaftClientReply:client-C0E347E82FC5->e6065258-5a2c-4a72-9f81-ed1321f551ca@group-13364FE26125, cid=3385, SUCCESS, logIndex=5531, commits[e6065258-5a2c-4a72-9f81-ed1321f551ca:c5531]
2019-06-14 09:09:47,158 INFO  client.GrpcClientProtocolClient (GrpcClientProtocolClient.java:onNext(254)) - client-C0E347E82FC5->e6065258-5a2c-4a72-9f81-ed1321f551ca: receive RaftClientReply:client-C0E347E82FC5->e6065258-5a2c-4a72-9f81-ed1321f551ca@group-13364FE26125, cid=3386, SUCCESS, logIndex=5533, commits[e6065258-5a2c-4a72-9f81-ed1321f551ca:c5533]
2019-06-14 09:09:47,160 INFO  client.GrpcClientProtocolClient (GrpcClientProtocolClient.java:onNext(254)) - client-C0E347E82FC5->e6065258-5a2c-4a72-9f81-ed1321f551ca: receive RaftClientReply:client-C0E347E82FC5->e6065258-5a2c-4a72-9f81-ed1321f551ca@group-13364FE26125, cid=3387, SUCCESS, logIndex=5534, commits[e6065258-5a2c-4a72-9f81-ed1321f551ca:c5536]
2019-06-14 09:09:47,160 INFO  client.GrpcClientProtocolClient (GrpcClientProtocolClient.java:onNext(254)) - client-C0E347E82FC5->e6065258-5a2c-4a72-9f81-ed1321f551ca: receive RaftClientReply:client-C0E347E82FC5->e6065258-5a2c-4a72-9f81-ed1321f551ca@group-13364FE26125, cid=3388, SUCCESS, logIndex=5535, commits[e6065258-5a2c-4a72-9f81-ed1321f551ca:c5536]
2019-06-14 09:09:47,165 INFO  client.GrpcClientProtocolClient (GrpcClientProtocolClient.java:onNext(254)) - client-C0E347E82FC5->e6065258-5a2c-4a72-9f81-ed1321f551ca: receive RaftClientReply:client-C0E347E82FC5->e6065258-5a2c-4a72-9f81-ed1321f551ca@group-13364FE26125, cid=3389, SUCCESS, logIndex=5537, commits[e6065258-5a2c-4a72-9f81-ed1321f551ca:c5537]
2019-06-14 09:09:47,166 INFO  client.GrpcClientProtocolClient (GrpcClientProtocolClient.java:onNext(254)) - client-C0E347E82FC5->e6065258-5a2c-4a72-9f81-ed1321f551ca: receive RaftClientReply:client-C0E347E82FC5->e6065258-5a2c-4a72-9f81-ed1321f551ca@group-13364FE26125, cid=3390, SUCCESS, logIndex=5539, commits[e6065258-5a2c-4a72-9f81-ed1321f551ca:c5539]
2019-06-14 09:09:47,168 INFO  client.GrpcClientProtocolClient (GrpcClientProtocolClient.java:onNext(254)) - client-C0E347E82FC5->e6065258-5a2c-4a72-9f81-ed1321f551ca: receive RaftClientReply:client-C0E347E82FC5->e6065258-5a2c-4a72-9f81-ed1321f551ca@group-13364FE26125, cid=3391, SUCCESS, logIndex=5541, commits[e6065258-5a2c-4a72-9f81-ed1321f551ca:c5542]
2019-06-14 09:09:47,168 INFO  client.GrpcClientProtocolClient (GrpcClientProtocolClient.java:onNext(254)) - client-C0E347E82FC5->e6065258-5a2c-4a72-9f81-ed1321f551ca: receive RaftClientReply:client-C0E347E82FC5->e6065258-5a2c-4a72-9f81-ed1321f551ca@group-13364FE26125, cid=3392, SUCCESS, logIndex=5542, commits[e6065258-5a2c-4a72-9f81-ed1321f551ca:c5542]
2019-06-14 09:09:47,188 INFO  client.GrpcClientProtocolClient (GrpcClientProtocolClient.java:onNext(254)) - client-C0E347E82FC5->e6065258-5a2c-4a72-9f81-ed1321f551ca: receive RaftClientReply:client-C0E347E82FC5->e6065258-5a2c-4a72-9f81-ed1321f551ca@group-13364FE26125, cid=3393, SUCCESS, logIndex=5544, commits[e6065258-5a2c-4a72-9f81-ed1321f551ca:c5544]
2019-06-14 09:09:47,189 INFO  client.GrpcClientProtocolClient (GrpcClientProtocolClient.java:onNext(254)) - client-C0E347E82FC5->e6065258-5a2c-4a72-9f81-ed1321f551ca: receive RaftClientReply:client-C0E347E82FC5->e6065258-5a2c-4a72-9f81-ed1321f551ca@group-13364FE26125, cid=3394, SUCCESS, logIndex=5546, commits[e6065258-5a2c-4a72-9f81-ed1321f551ca:c5546]
2019-06-14 09:09:47,190 INFO  client.GrpcClientProtocolClient (GrpcClientProtocolClient.java:onNext(254)) - client-C0E347E82FC5->e6065258-5a2c-4a72-9f81-ed1321f551ca: receive RaftClientReply:client-C0E347E82FC5->e6065258-5a2c-4a72-9f81-ed1321f551ca@group-13364FE26125, cid=3395, SUCCESS, logIndex=5547, commits[e6065258-5a2c-4a72-9f81-ed1321f551ca:c5549]
2019-06-14 09:09:47,190 INFO  client.GrpcClientProtocolClient (GrpcClientProtocolClient.java:onNext(254)) - client-C0E347E82FC5->e6065258-5a2c-4a72-9f81-ed1321f551ca: receive RaftClientReply:client-C0E347E82FC5->e6065258-5a2c-4a72-9f81-ed1321f551ca@group-13364FE26125, cid=3396, SUCCESS, logIndex=5548, commits[e6065258-5a2c-4a72-9f81-ed1321f551ca:c5549]
2019-06-14 09:09:47,195 INFO  client.GrpcClientProtocolClient (GrpcClientProtocolClient.java:onNext(254)) - client-C0E347E82FC5->e6065258-5a2c-4a72-9f81-ed1321f551ca: receive RaftClientReply:client-C0E347E82FC5->e6065258-5a2c-4a72-9f81-ed1321f551ca@group-13364FE26125, cid=3397, SUCCESS, logIndex=5550, commits[e6065258-5a2c-4a72-9f81-ed1321f551ca:c5550]
2019-06-14 09:09:47,197 INFO  client.GrpcClientProtocolClient (GrpcClientProtocolClient.java:onNext(254)) - client-C0E347E82FC5->e6065258-5a2c-4a72-9f81-ed1321f551ca: receive RaftClientReply:client-C0E347E82FC5->e6065258-5a2c-4a72-9f81-ed1321f551ca@group-13364FE26125, cid=3398, SUCCESS, logIndex=5552, commits[e6065258-5a2c-4a72-9f81-ed1321f551ca:c5552]
2019-06-14 09:09:47,197 INFO  storage.RaftLogWorker (RaftLogWorker.java:rollLogSegment(303)) - e6065258-5a2c-4a72-9f81-ed1321f551ca-RaftLogWorker: Rolling segment log-5487_5555 to index:5555
2019-06-14 09:09:47,198 INFO  storage.RaftLogWorker (RaftLogWorker.java:execute(433)) - e6065258-5a2c-4a72-9f81-ed1321f551ca-RaftLogWorker: Rolled log segment from /opt/src/hadoop-ozone/integration-test/target/test-dir/MiniOzoneClusterImpl-a56da109-a1cb-4168-8966-62306f2f2d23/datanode-0/data/ratis/920138aa-6f47-4d6d-b5cc-13364fe26125/current/log_inprogress_5487 to /opt/src/hadoop-ozone/integration-test/target/test-dir/MiniOzoneClusterImpl-a56da109-a1cb-4168-8966-62306f2f2d23/datanode-0/data/ratis/920138aa-6f47-4d6d-b5cc-13364fe26125/current/log_5487-5555
2019-06-14 09:09:47,198 INFO  client.GrpcClientProtocolClient (GrpcClientProtocolClient.java:onNext(254)) - client-C0E347E82FC5->e6065258-5a2c-4a72-9f81-ed1321f551ca: receive RaftClientReply:client-C0E347E82FC5->e6065258-5a2c-4a72-9f81-ed1321f551ca@group-13364FE26125, cid=3399, SUCCESS, logIndex=5553, commits[e6065258-5a2c-4a72-9f81-ed1321f551ca:c5554]
2019-06-14 09:09:47,198 INFO  client.GrpcClientProtocolClient (GrpcClientProtocolClient.java:onNext(254)) - client-C0E347E82FC5->e6065258-5a2c-4a72-9f81-ed1321f551ca: receive RaftClientReply:client-C0E347E82FC5->e6065258-5a2c-4a72-9f81-ed1321f551ca@group-13364FE26125, cid=3400, SUCCESS, logIndex=5554, commits[e6065258-5a2c-4a72-9f81-ed1321f551ca:c5554]
2019-06-14 09:09:47,201 DEBUG block.SCMBlockDeletingService (SCMBlockDeletingService.java:call(138)) - Running DeletedBlockTransactionScanner
2019-06-14 09:09:47,201 DEBUG block.SCMBlockDeletingService (SCMBlockDeletingService.java:call(155)) - Scanned deleted blocks log and got 0 delTX to process.
2019-06-14 09:09:47,239 INFO  storage.RaftLogWorker (RaftLogWorker.java:execute(469)) - e6065258-5a2c-4a72-9f81-ed1321f551ca-RaftLogWorker: created new log segment /opt/src/hadoop-ozone/integration-test/target/test-dir/MiniOzoneClusterImpl-a56da109-a1cb-4168-8966-62306f2f2d23/datanode-0/data/ratis/920138aa-6f47-4d6d-b5cc-13364fe26125/current/log_inprogress_5556
2019-06-14 09:09:47,240 INFO  client.GrpcClientProtocolClient (GrpcClientProtocolClient.java:onNext(254)) - client-C0E347E82FC5->e6065258-5a2c-4a72-9f81-ed1321f551ca: receive RaftClientReply:client-C0E347E82FC5->e6065258-5a2c-4a72-9f81-ed1321f551ca@group-13364FE26125, cid=3401, SUCCESS, logIndex=5557, commits[e6065258-5a2c-4a72-9f81-ed1321f551ca:c5557]
2019-06-14 09:09:47,242 INFO  client.GrpcClientProtocolClient (GrpcClientProtocolClient.java:onNext(254)) - client-C0E347E82FC5->e6065258-5a2c-4a72-9f81-ed1321f551ca: receive RaftClientReply:client-C0E347E82FC5->e6065258-5a2c-4a72-9f81-ed1321f551ca@group-13364FE26125, cid=3402, SUCCESS, logIndex=5559, commits[e6065258-5a2c-4a72-9f81-ed1321f551ca:c5559]
2019-06-14 09:09:47,288 INFO  client.GrpcClientProtocolClient (GrpcClientProtocolClient.java:onNext(254)) - client-C0E347E82FC5->e6065258-5a2c-4a72-9f81-ed1321f551ca: receive RaftClientReply:client-C0E347E82FC5->e6065258-5a2c-4a72-9f81-ed1321f551ca@group-13364FE26125, cid=3403, SUCCESS, logIndex=5561, commits[e6065258-5a2c-4a72-9f81-ed1321f551ca:c5561]
2019-06-14 09:09:47,289 INFO  client.GrpcClientProtocolClient (GrpcClientProtocolClient.java:onNext(254)) - client-C0E347E82FC5->e6065258-5a2c-4a72-9f81-ed1321f551ca: receive RaftClientReply:client-C0E347E82FC5->e6065258-5a2c-4a72-9f81-ed1321f551ca@group-13364FE26125, cid=3404, SUCCESS, logIndex=5563, commits[e6065258-5a2c-4a72-9f81-ed1321f551ca:c5563]
2019-06-14 09:09:47,294 INFO  client.GrpcClientProtocolClient (GrpcClientProtocolClient.java:onNext(254)) - client-C0E347E82FC5->e6065258-5a2c-4a72-9f81-ed1321f551ca: receive RaftClientReply:client-C0E347E82FC5->e6065258-5a2c-4a72-9f81-ed1321f551ca@group-13364FE26125, cid=3405, SUCCESS, logIndex=5565, commits[e6065258-5a2c-4a72-9f81-ed1321f551ca:c5565]
2019-06-14 09:09:47,295 INFO  client.GrpcClientProtocolClient (GrpcClientProtocolClient.java:onNext(254)) - client-C0E347E82FC5->e6065258-5a2c-4a72-9f81-ed1321f551ca: receive RaftClientReply:client-C0E347E82FC5->e6065258-5a2c-4a72-9f81-ed1321f551ca@group-13364FE26125, cid=3406, SUCCESS, logIndex=5567, commits[e6065258-5a2c-4a72-9f81-ed1321f551ca:c5567]
2019-06-14 09:09:47,296 INFO  client.GrpcClientProtocolClient (GrpcClientProtocolClient.java:onNext(254)) - client-C0E347E82FC5->e6065258-5a2c-4a72-9f81-ed1321f551ca: receive RaftClientReply:client-C0E347E82FC5->e6065258-5a2c-4a72-9f81-ed1321f551ca@group-13364FE26125, cid=3407, SUCCESS, logIndex=5568, commits[e6065258-5a2c-4a72-9f81-ed1321f551ca:c5570]
2019-06-14 09:09:47,296 INFO  client.GrpcClientProtocolClient (GrpcClientProtocolClient.java:onNext(254)) - client-C0E347E82FC5->e6065258-5a2c-4a72-9f81-ed1321f551ca: receive RaftClientReply:client-C0E347E82FC5->e6065258-5a2c-4a72-9f81-ed1321f551ca@group-13364FE26125, cid=3408, SUCCESS, logIndex=5569, commits[e6065258-5a2c-4a72-9f81-ed1321f551ca:c5570]
2019-06-14 09:09:47,301 DEBUG block.SCMBlockDeletingService (SCMBlockDeletingService.java:call(138)) - Running DeletedBlockTransactionScanner
2019-06-14 09:09:47,301 DEBUG block.SCMBlockDeletingService (SCMBlockDeletingService.java:call(155)) - Scanned deleted blocks log and got 0 delTX to process.
2019-06-14 09:09:47,306 INFO  client.GrpcClientProtocolClient (GrpcClientProtocolClient.java:onNext(254)) - client-C0E347E82FC5->e6065258-5a2c-4a72-9f81-ed1321f551ca: receive RaftClientReply:client-C0E347E82FC5->e6065258-5a2c-4a72-9f81-ed1321f551ca@group-13364FE26125, cid=3409, SUCCESS, logIndex=5571, commits[e6065258-5a2c-4a72-9f81-ed1321f551ca:c5571]
2019-06-14 09:09:47,307 INFO  client.GrpcClientProtocolClient (GrpcClientProtocolClient.java:onNext(254)) - client-C0E347E82FC5->e6065258-5a2c-4a72-9f81-ed1321f551ca: receive RaftClientReply:client-C0E347E82FC5->e6065258-5a2c-4a72-9f81-ed1321f551ca@group-13364FE26125, cid=3410, SUCCESS, logIndex=5573, commits[e6065258-5a2c-4a72-9f81-ed1321f551ca:c5573]
2019-06-14 09:09:47,308 INFO  client.GrpcClientProtocolClient (GrpcClientProtocolClient.java:onNext(254)) - client-C0E347E82FC5->e6065258-5a2c-4a72-9f81-ed1321f551ca: receive RaftClientReply:client-C0E347E82FC5->e6065258-5a2c-4a72-9f81-ed1321f551ca@group-13364FE26125, cid=3411, SUCCESS, logIndex=5574, commits[e6065258-5a2c-4a72-9f81-ed1321f551ca:c5576]
2019-06-14 09:09:47,308 INFO  client.GrpcClientProtocolClient (GrpcClientProtocolClient.java:onNext(254)) - client-C0E347E82FC5->e6065258-5a2c-4a72-9f81-ed1321f551ca: receive RaftClientReply:client-C0E347E82FC5->e6065258-5a2c-4a72-9f81-ed1321f551ca@group-13364FE26125, cid=3412, SUCCESS, logIndex=5575, commits[e6065258-5a2c-4a72-9f81-ed1321f551ca:c5576]
2019-06-14 09:09:47,313 INFO  client.GrpcClientProtocolClient (GrpcClientProtocolClient.java:onNext(254)) - client-C0E347E82FC5->e6065258-5a2c-4a72-9f81-ed1321f551ca: receive RaftClientReply:client-C0E347E82FC5->e6065258-5a2c-4a72-9f81-ed1321f551ca@group-13364FE26125, cid=3413, SUCCESS, logIndex=5577, commits[e6065258-5a2c-4a72-9f81-ed1321f551ca:c5577]
2019-06-14 09:09:47,314 INFO  client.GrpcClientProtocolClient (GrpcClientProtocolClient.java:onNext(254)) - client-C0E347E82FC5->e6065258-5a2c-4a72-9f81-ed1321f551ca: receive RaftClientReply:client-C0E347E82FC5->e6065258-5a2c-4a72-9f81-ed1321f551ca@group-13364FE26125, cid=3414, SUCCESS, logIndex=5579, commits[e6065258-5a2c-4a72-9f81-ed1321f551ca:c5579]
2019-06-14 09:09:47,315 INFO  client.GrpcClientProtocolClient (GrpcClientProtocolClient.java:onNext(254)) - client-C0E347E82FC5->e6065258-5a2c-4a72-9f81-ed1321f551ca: receive RaftClientReply:client-C0E347E82FC5->e6065258-5a2c-4a72-9f81-ed1321f551ca@group-13364FE26125, cid=3415, SUCCESS, logIndex=5580, commits[e6065258-5a2c-4a72-9f81-ed1321f551ca:c5582]
2019-06-14 09:09:47,315 INFO  client.GrpcClientProtocolClient (GrpcClientProtocolClient.java:onNext(254)) - client-C0E347E82FC5->e6065258-5a2c-4a72-9f81-ed1321f551ca: receive RaftClientReply:client-C0E347E82FC5->e6065258-5a2c-4a72-9f81-ed1321f551ca@group-13364FE26125, cid=3416, SUCCESS, logIndex=5581, commits[e6065258-5a2c-4a72-9f81-ed1321f551ca:c5582]
2019-06-14 09:09:47,324 INFO  client.GrpcClientProtocolClient (GrpcClientProtocolClient.java:onNext(254)) - client-C0E347E82FC5->e6065258-5a2c-4a72-9f81-ed1321f551ca: receive RaftClientReply:client-C0E347E82FC5->e6065258-5a2c-4a72-9f81-ed1321f551ca@group-13364FE26125, cid=3417, SUCCESS, logIndex=5583, commits[e6065258-5a2c-4a72-9f81-ed1321f551ca:c5583]
2019-06-14 09:09:47,325 INFO  client.GrpcClientProtocolClient (GrpcClientProtocolClient.java:onNext(254)) - client-C0E347E82FC5->e6065258-5a2c-4a72-9f81-ed1321f551ca: receive RaftClientReply:client-C0E347E82FC5->e6065258-5a2c-4a72-9f81-ed1321f551ca@group-13364FE26125, cid=3418, SUCCESS, logIndex=5585, commits[e6065258-5a2c-4a72-9f81-ed1321f551ca:c5585]
2019-06-14 09:09:47,327 INFO  client.GrpcClientProtocolClient (GrpcClientProtocolClient.java:onNext(254)) - client-C0E347E82FC5->e6065258-5a2c-4a72-9f81-ed1321f551ca: receive RaftClientReply:client-C0E347E82FC5->e6065258-5a2c-4a72-9f81-ed1321f551ca@group-13364FE26125, cid=3419, SUCCESS, logIndex=5586, commits[e6065258-5a2c-4a72-9f81-ed1321f551ca:c5588]
2019-06-14 09:09:47,327 INFO  client.GrpcClientProtocolClient (GrpcClientProtocolClient.java:onNext(254)) - client-C0E347E82FC5->e6065258-5a2c-4a72-9f81-ed1321f551ca: receive RaftClientReply:client-C0E347E82FC5->e6065258-5a2c-4a72-9f81-ed1321f551ca@group-13364FE26125, cid=3420, SUCCESS, logIndex=5587, commits[e6065258-5a2c-4a72-9f81-ed1321f551ca:c5588]
2019-06-14 09:09:47,331 INFO  client.GrpcClientProtocolClient (GrpcClientProtocolClient.java:onNext(254)) - client-C0E347E82FC5->e6065258-5a2c-4a72-9f81-ed1321f551ca: receive RaftClientReply:client-C0E347E82FC5->e6065258-5a2c-4a72-9f81-ed1321f551ca@group-13364FE26125, cid=3421, SUCCESS, logIndex=5589, commits[e6065258-5a2c-4a72-9f81-ed1321f551ca:c5589]
2019-06-14 09:09:47,334 INFO  client.GrpcClientProtocolClient (GrpcClientProtocolClient.java:onNext(254)) - client-C0E347E82FC5->e6065258-5a2c-4a72-9f81-ed1321f551ca: receive RaftClientReply:client-C0E347E82FC5->e6065258-5a2c-4a72-9f81-ed1321f551ca@group-13364FE26125, cid=3422, SUCCESS, logIndex=5591, commits[e6065258-5a2c-4a72-9f81-ed1321f551ca:c5593]
2019-06-14 09:09:47,334 INFO  client.GrpcClientProtocolClient (GrpcClientProtocolClient.java:onNext(254)) - client-C0E347E82FC5->e6065258-5a2c-4a72-9f81-ed1321f551ca: receive RaftClientReply:client-C0E347E82FC5->e6065258-5a2c-4a72-9f81-ed1321f551ca@group-13364FE26125, cid=3423, SUCCESS, logIndex=5592, commits[e6065258-5a2c-4a72-9f81-ed1321f551ca:c5593]
2019-06-14 09:09:47,334 INFO  client.GrpcClientProtocolClient (GrpcClientProtocolClient.java:onNext(254)) - client-C0E347E82FC5->e6065258-5a2c-4a72-9f81-ed1321f551ca: receive RaftClientReply:client-C0E347E82FC5->e6065258-5a2c-4a72-9f81-ed1321f551ca@group-13364FE26125, cid=3424, SUCCESS, logIndex=5593, commits[e6065258-5a2c-4a72-9f81-ed1321f551ca:c5594]
2019-06-14 09:09:47,343 INFO  client.GrpcClientProtocolClient (GrpcClientProtocolClient.java:onNext(254)) - client-C0E347E82FC5->e6065258-5a2c-4a72-9f81-ed1321f551ca: receive RaftClientReply:client-C0E347E82FC5->e6065258-5a2c-4a72-9f81-ed1321f551ca@group-13364FE26125, cid=3425, SUCCESS, logIndex=5595, commits[e6065258-5a2c-4a72-9f81-ed1321f551ca:c5595]
2019-06-14 09:09:47,345 INFO  client.GrpcClientProtocolClient (GrpcClientProtocolClient.java:onNext(254)) - client-C0E347E82FC5->e6065258-5a2c-4a72-9f81-ed1321f551ca: receive RaftClientReply:client-C0E347E82FC5->e6065258-5a2c-4a72-9f81-ed1321f551ca@group-13364FE26125, cid=3426, SUCCESS, logIndex=5597, commits[e6065258-5a2c-4a72-9f81-ed1321f551ca:c5597]
2019-06-14 09:09:47,346 INFO  client.GrpcClientProtocolClient (GrpcClientProtocolClient.java:onNext(254)) - client-C0E347E82FC5->e6065258-5a2c-4a72-9f81-ed1321f551ca: receive RaftClientReply:client-C0E347E82FC5->e6065258-5a2c-4a72-9f81-ed1321f551ca@group-13364FE26125, cid=3427, SUCCESS, logIndex=5598, commits[e6065258-5a2c-4a72-9f81-ed1321f551ca:c5600]
2019-06-14 09:09:47,346 INFO  client.GrpcClientProtocolClient (GrpcClientProtocolClient.java:onNext(254)) - client-C0E347E82FC5->e6065258-5a2c-4a72-9f81-ed1321f551ca: receive RaftClientReply:client-C0E347E82FC5->e6065258-5a2c-4a72-9f81-ed1321f551ca@group-13364FE26125, cid=3428, SUCCESS, logIndex=5599, commits[e6065258-5a2c-4a72-9f81-ed1321f551ca:c5600]
2019-06-14 09:09:47,351 INFO  client.GrpcClientProtocolClient (GrpcClientProtocolClient.java:onNext(254)) - client-C0E347E82FC5->e6065258-5a2c-4a72-9f81-ed1321f551ca: receive RaftClientReply:client-C0E347E82FC5->e6065258-5a2c-4a72-9f81-ed1321f551ca@group-13364FE26125, cid=3429, SUCCESS, logIndex=5601, commits[e6065258-5a2c-4a72-9f81-ed1321f551ca:c5601]
2019-06-14 09:09:47,352 INFO  client.GrpcClientProtocolClient (GrpcClientProtocolClient.java:onNext(254)) - client-C0E347E82FC5->e6065258-5a2c-4a72-9f81-ed1321f551ca: receive RaftClientReply:client-C0E347E82FC5->e6065258-5a2c-4a72-9f81-ed1321f551ca@group-13364FE26125, cid=3430, SUCCESS, logIndex=5603, commits[e6065258-5a2c-4a72-9f81-ed1321f551ca:c5603]
2019-06-14 09:09:47,353 INFO  client.GrpcClientProtocolClient (GrpcClientProtocolClient.java:onNext(254)) - client-C0E347E82FC5->e6065258-5a2c-4a72-9f81-ed1321f551ca: receive RaftClientReply:client-C0E347E82FC5->e6065258-5a2c-4a72-9f81-ed1321f551ca@group-13364FE26125, cid=3431, SUCCESS, logIndex=5604, commits[e6065258-5a2c-4a72-9f81-ed1321f551ca:c5606]
2019-06-14 09:09:47,354 INFO  client.GrpcClientProtocolClient (GrpcClientProtocolClient.java:onNext(254)) - client-C0E347E82FC5->e6065258-5a2c-4a72-9f81-ed1321f551ca: receive RaftClientReply:client-C0E347E82FC5->e6065258-5a2c-4a72-9f81-ed1321f551ca@group-13364FE26125, cid=3432, SUCCESS, logIndex=5605, commits[e6065258-5a2c-4a72-9f81-ed1321f551ca:c5606]
2019-06-14 09:09:47,363 INFO  client.GrpcClientProtocolClient (GrpcClientProtocolClient.java:onNext(254)) - client-C0E347E82FC5->e6065258-5a2c-4a72-9f81-ed1321f551ca: receive RaftClientReply:client-C0E347E82FC5->e6065258-5a2c-4a72-9f81-ed1321f551ca@group-13364FE26125, cid=3433, SUCCESS, logIndex=5607, commits[e6065258-5a2c-4a72-9f81-ed1321f551ca:c5607]
2019-06-14 09:09:47,364 INFO  client.GrpcClientProtocolClient (GrpcClientProtocolClient.java:onNext(254)) - client-C0E347E82FC5->e6065258-5a2c-4a72-9f81-ed1321f551ca: receive RaftClientReply:client-C0E347E82FC5->e6065258-5a2c-4a72-9f81-ed1321f551ca@group-13364FE26125, cid=3434, SUCCESS, logIndex=5609, commits[e6065258-5a2c-4a72-9f81-ed1321f551ca:c5609]
2019-06-14 09:09:47,365 INFO  client.GrpcClientProtocolClient (GrpcClientProtocolClient.java:onNext(254)) - client-C0E347E82FC5->e6065258-5a2c-4a72-9f81-ed1321f551ca: receive RaftClientReply:client-C0E347E82FC5->e6065258-5a2c-4a72-9f81-ed1321f551ca@group-13364FE26125, cid=3435, SUCCESS, logIndex=5610, commits[e6065258-5a2c-4a72-9f81-ed1321f551ca:c5612]
2019-06-14 09:09:47,365 INFO  client.GrpcClientProtocolClient (GrpcClientProtocolClient.java:onNext(254)) - client-C0E347E82FC5->e6065258-5a2c-4a72-9f81-ed1321f551ca: receive RaftClientReply:client-C0E347E82FC5->e6065258-5a2c-4a72-9f81-ed1321f551ca@group-13364FE26125, cid=3436, SUCCESS, logIndex=5611, commits[e6065258-5a2c-4a72-9f81-ed1321f551ca:c5612]
2019-06-14 09:09:47,369 INFO  client.GrpcClientProtocolClient (GrpcClientProtocolClient.java:onNext(254)) - client-C0E347E82FC5->e6065258-5a2c-4a72-9f81-ed1321f551ca: receive RaftClientReply:client-C0E347E82FC5->e6065258-5a2c-4a72-9f81-ed1321f551ca@group-13364FE26125, cid=3437, SUCCESS, logIndex=5613, commits[e6065258-5a2c-4a72-9f81-ed1321f551ca:c5613]
2019-06-14 09:09:47,371 INFO  client.GrpcClientProtocolClient (GrpcClientProtocolClient.java:onNext(254)) - client-C0E347E82FC5->e6065258-5a2c-4a72-9f81-ed1321f551ca: receive RaftClientReply:client-C0E347E82FC5->e6065258-5a2c-4a72-9f81-ed1321f551ca@group-13364FE26125, cid=3438, SUCCESS, logIndex=5615, commits[e6065258-5a2c-4a72-9f81-ed1321f551ca:c5615]
2019-06-14 09:09:47,372 INFO  client.GrpcClientProtocolClient (GrpcClientProtocolClient.java:onNext(254)) - client-C0E347E82FC5->e6065258-5a2c-4a72-9f81-ed1321f551ca: receive RaftClientReply:client-C0E347E82FC5->e6065258-5a2c-4a72-9f81-ed1321f551ca@group-13364FE26125, cid=3439, SUCCESS, logIndex=5616, commits[e6065258-5a2c-4a72-9f81-ed1321f551ca:c5618]
2019-06-14 09:09:47,372 INFO  client.GrpcClientProtocolClient (GrpcClientProtocolClient.java:onNext(254)) - client-C0E347E82FC5->e6065258-5a2c-4a72-9f81-ed1321f551ca: receive RaftClientReply:client-C0E347E82FC5->e6065258-5a2c-4a72-9f81-ed1321f551ca@group-13364FE26125, cid=3440, SUCCESS, logIndex=5617, commits[e6065258-5a2c-4a72-9f81-ed1321f551ca:c5618]
2019-06-14 09:09:47,381 INFO  client.GrpcClientProtocolClient (GrpcClientProtocolClient.java:onNext(254)) - client-C0E347E82FC5->e6065258-5a2c-4a72-9f81-ed1321f551ca: receive RaftClientReply:client-C0E347E82FC5->e6065258-5a2c-4a72-9f81-ed1321f551ca@group-13364FE26125, cid=3441, SUCCESS, logIndex=5619, commits[e6065258-5a2c-4a72-9f81-ed1321f551ca:c5619]
2019-06-14 09:09:47,383 INFO  client.GrpcClientProtocolClient (GrpcClientProtocolClient.java:onNext(254)) - client-C0E347E82FC5->e6065258-5a2c-4a72-9f81-ed1321f551ca: receive RaftClientReply:client-C0E347E82FC5->e6065258-5a2c-4a72-9f81-ed1321f551ca@group-13364FE26125, cid=3442, SUCCESS, logIndex=5621, commits[e6065258-5a2c-4a72-9f81-ed1321f551ca:c5621]
2019-06-14 09:09:47,384 INFO  client.GrpcClientProtocolClient (GrpcClientProtocolClient.java:onNext(254)) - client-C0E347E82FC5->e6065258-5a2c-4a72-9f81-ed1321f551ca: receive RaftClientReply:client-C0E347E82FC5->e6065258-5a2c-4a72-9f81-ed1321f551ca@group-13364FE26125, cid=3443, SUCCESS, logIndex=5622, commits[e6065258-5a2c-4a72-9f81-ed1321f551ca:c5624]
2019-06-14 09:09:47,384 INFO  client.GrpcClientProtocolClient (GrpcClientProtocolClient.java:onNext(254)) - client-C0E347E82FC5->e6065258-5a2c-4a72-9f81-ed1321f551ca: receive RaftClientReply:client-C0E347E82FC5->e6065258-5a2c-4a72-9f81-ed1321f551ca@group-13364FE26125, cid=3444, SUCCESS, logIndex=5623, commits[e6065258-5a2c-4a72-9f81-ed1321f551ca:c5624]
2019-06-14 09:09:47,387 INFO  storage.RaftLogWorker (RaftLogWorker.java:rollLogSegment(303)) - e6065258-5a2c-4a72-9f81-ed1321f551ca-RaftLogWorker: Rolling segment log-5556_5624 to index:5624
2019-06-14 09:09:47,387 INFO  storage.RaftLogWorker (RaftLogWorker.java:execute(433)) - e6065258-5a2c-4a72-9f81-ed1321f551ca-RaftLogWorker: Rolled log segment from /opt/src/hadoop-ozone/integration-test/target/test-dir/MiniOzoneClusterImpl-a56da109-a1cb-4168-8966-62306f2f2d23/datanode-0/data/ratis/920138aa-6f47-4d6d-b5cc-13364fe26125/current/log_inprogress_5556 to /opt/src/hadoop-ozone/integration-test/target/test-dir/MiniOzoneClusterImpl-a56da109-a1cb-4168-8966-62306f2f2d23/datanode-0/data/ratis/920138aa-6f47-4d6d-b5cc-13364fe26125/current/log_5556-5624
2019-06-14 09:09:47,401 DEBUG block.SCMBlockDeletingService (SCMBlockDeletingService.java:call(138)) - Running DeletedBlockTransactionScanner
2019-06-14 09:09:47,402 DEBUG block.SCMBlockDeletingService (SCMBlockDeletingService.java:call(155)) - Scanned deleted blocks log and got 0 delTX to process.
2019-06-14 09:09:47,423 INFO  storage.RaftLogWorker (RaftLogWorker.java:execute(469)) - e6065258-5a2c-4a72-9f81-ed1321f551ca-RaftLogWorker: created new log segment /opt/src/hadoop-ozone/integration-test/target/test-dir/MiniOzoneClusterImpl-a56da109-a1cb-4168-8966-62306f2f2d23/datanode-0/data/ratis/920138aa-6f47-4d6d-b5cc-13364fe26125/current/log_inprogress_5625
2019-06-14 09:09:47,424 INFO  client.GrpcClientProtocolClient (GrpcClientProtocolClient.java:onNext(254)) - client-C0E347E82FC5->e6065258-5a2c-4a72-9f81-ed1321f551ca: receive RaftClientReply:client-C0E347E82FC5->e6065258-5a2c-4a72-9f81-ed1321f551ca@group-13364FE26125, cid=3445, SUCCESS, logIndex=5625, commits[e6065258-5a2c-4a72-9f81-ed1321f551ca:c5625]
2019-06-14 09:09:47,426 INFO  client.GrpcClientProtocolClient (GrpcClientProtocolClient.java:onNext(254)) - client-C0E347E82FC5->e6065258-5a2c-4a72-9f81-ed1321f551ca: receive RaftClientReply:client-C0E347E82FC5->e6065258-5a2c-4a72-9f81-ed1321f551ca@group-13364FE26125, cid=3446, SUCCESS, logIndex=5627, commits[e6065258-5a2c-4a72-9f81-ed1321f551ca:c5627]
2019-06-14 09:09:47,721 DEBUG block.SCMBlockDeletingService (SCMBlockDeletingService.java:call(138)) - Running DeletedBlockTransactionScanner
2019-06-14 09:09:47,722 DEBUG block.SCMBlockDeletingService (SCMBlockDeletingService.java:call(155)) - Scanned deleted blocks log and got 0 delTX to process.
2019-06-14 09:09:47,734 INFO  client.GrpcClientProtocolClient (GrpcClientProtocolClient.java:onNext(254)) - client-C0E347E82FC5->e6065258-5a2c-4a72-9f81-ed1321f551ca: receive RaftClientReply:client-C0E347E82FC5->e6065258-5a2c-4a72-9f81-ed1321f551ca@group-13364FE26125, cid=3447, SUCCESS, logIndex=5629, commits[e6065258-5a2c-4a72-9f81-ed1321f551ca:c5629]
2019-06-14 09:09:47,735 INFO  client.GrpcClientProtocolClient (GrpcClientProtocolClient.java:onNext(254)) - client-C0E347E82FC5->e6065258-5a2c-4a72-9f81-ed1321f551ca: receive RaftClientReply:client-C0E347E82FC5->e6065258-5a2c-4a72-9f81-ed1321f551ca@group-13364FE26125, cid=3448, SUCCESS, logIndex=5631, commits[e6065258-5a2c-4a72-9f81-ed1321f551ca:c5631]
2019-06-14 09:09:47,749 INFO  client.GrpcClientProtocolClient (GrpcClientProtocolClient.java:onNext(254)) - client-C0E347E82FC5->e6065258-5a2c-4a72-9f81-ed1321f551ca: receive RaftClientReply:client-C0E347E82FC5->e6065258-5a2c-4a72-9f81-ed1321f551ca@group-13364FE26125, cid=3449, SUCCESS, logIndex=5633, commits[e6065258-5a2c-4a72-9f81-ed1321f551ca:c5633]
2019-06-14 09:09:47,751 INFO  client.GrpcClientProtocolClient (GrpcClientProtocolClient.java:onNext(254)) - client-C0E347E82FC5->e6065258-5a2c-4a72-9f81-ed1321f551ca: receive RaftClientReply:client-C0E347E82FC5->e6065258-5a2c-4a72-9f81-ed1321f551ca@group-13364FE26125, cid=3450, SUCCESS, logIndex=5635, commits[e6065258-5a2c-4a72-9f81-ed1321f551ca:c5635]
2019-06-14 09:09:47,752 INFO  client.GrpcClientProtocolClient (GrpcClientProtocolClient.java:onNext(254)) - client-C0E347E82FC5->e6065258-5a2c-4a72-9f81-ed1321f551ca: receive RaftClientReply:client-C0E347E82FC5->e6065258-5a2c-4a72-9f81-ed1321f551ca@group-13364FE26125, cid=3451, SUCCESS, logIndex=5636, commits[e6065258-5a2c-4a72-9f81-ed1321f551ca:c5636]
2019-06-14 09:09:47,753 INFO  client.GrpcClientProtocolClient (GrpcClientProtocolClient.java:onNext(254)) - client-C0E347E82FC5->e6065258-5a2c-4a72-9f81-ed1321f551ca: receive RaftClientReply:client-C0E347E82FC5->e6065258-5a2c-4a72-9f81-ed1321f551ca@group-13364FE26125, cid=3452, SUCCESS, logIndex=5639, commits[e6065258-5a2c-4a72-9f81-ed1321f551ca:c5639]
2019-06-14 09:09:47,758 INFO  client.GrpcClientProtocolClient (GrpcClientProtocolClient.java:onNext(254)) - client-C0E347E82FC5->e6065258-5a2c-4a72-9f81-ed1321f551ca: receive RaftClientReply:client-C0E347E82FC5->e6065258-5a2c-4a72-9f81-ed1321f551ca@group-13364FE26125, cid=3453, SUCCESS, logIndex=5641, commits[e6065258-5a2c-4a72-9f81-ed1321f551ca:c5641]
2019-06-14 09:09:47,760 INFO  client.GrpcClientProtocolClient (GrpcClientProtocolClient.java:onNext(254)) - client-C0E347E82FC5->e6065258-5a2c-4a72-9f81-ed1321f551ca: receive RaftClientReply:client-C0E347E82FC5->e6065258-5a2c-4a72-9f81-ed1321f551ca@group-13364FE26125, cid=3454, SUCCESS, logIndex=5643, commits[e6065258-5a2c-4a72-9f81-ed1321f551ca:c5645]
2019-06-14 09:09:47,761 INFO  client.GrpcClientProtocolClient (GrpcClientProtocolClient.java:onNext(254)) - client-C0E347E82FC5->e6065258-5a2c-4a72-9f81-ed1321f551ca: receive RaftClientReply:client-C0E347E82FC5->e6065258-5a2c-4a72-9f81-ed1321f551ca@group-13364FE26125, cid=3455, SUCCESS, logIndex=5644, commits[e6065258-5a2c-4a72-9f81-ed1321f551ca:c5645]
2019-06-14 09:09:47,761 INFO  client.GrpcClientProtocolClient (GrpcClientProtocolClient.java:onNext(254)) - client-C0E347E82FC5->e6065258-5a2c-4a72-9f81-ed1321f551ca: receive RaftClientReply:client-C0E347E82FC5->e6065258-5a2c-4a72-9f81-ed1321f551ca@group-13364FE26125, cid=3456, SUCCESS, logIndex=5645, commits[e6065258-5a2c-4a72-9f81-ed1321f551ca:c5646]
2019-06-14 09:09:47,772 INFO  client.GrpcClientProtocolClient (GrpcClientProtocolClient.java:onNext(254)) - client-C0E347E82FC5->e6065258-5a2c-4a72-9f81-ed1321f551ca: receive RaftClientReply:client-C0E347E82FC5->e6065258-5a2c-4a72-9f81-ed1321f551ca@group-13364FE26125, cid=3457, SUCCESS, logIndex=5647, commits[e6065258-5a2c-4a72-9f81-ed1321f551ca:c5647]
2019-06-14 09:09:47,773 INFO  client.GrpcClientProtocolClient (GrpcClientProtocolClient.java:onNext(254)) - client-C0E347E82FC5->e6065258-5a2c-4a72-9f81-ed1321f551ca: receive RaftClientReply:client-C0E347E82FC5->e6065258-5a2c-4a72-9f81-ed1321f551ca@group-13364FE26125, cid=3458, SUCCESS, logIndex=5649, commits[e6065258-5a2c-4a72-9f81-ed1321f551ca:c5649]
2019-06-14 09:09:47,774 INFO  client.GrpcClientProtocolClient (GrpcClientProtocolClient.java:onNext(254)) - client-C0E347E82FC5->e6065258-5a2c-4a72-9f81-ed1321f551ca: receive RaftClientReply:client-C0E347E82FC5->e6065258-5a2c-4a72-9f81-ed1321f551ca@group-13364FE26125, cid=3459, SUCCESS, logIndex=5650, commits[e6065258-5a2c-4a72-9f81-ed1321f551ca:c5652]
2019-06-14 09:09:47,774 INFO  client.GrpcClientProtocolClient (GrpcClientProtocolClient.java:onNext(254)) - client-C0E347E82FC5->e6065258-5a2c-4a72-9f81-ed1321f551ca: receive RaftClientReply:client-C0E347E82FC5->e6065258-5a2c-4a72-9f81-ed1321f551ca@group-13364FE26125, cid=3460, SUCCESS, logIndex=5651, commits[e6065258-5a2c-4a72-9f81-ed1321f551ca:c5652]
2019-06-14 09:09:47,779 INFO  client.GrpcClientProtocolClient (GrpcClientProtocolClient.java:onNext(254)) - client-C0E347E82FC5->e6065258-5a2c-4a72-9f81-ed1321f551ca: receive RaftClientReply:client-C0E347E82FC5->e6065258-5a2c-4a72-9f81-ed1321f551ca@group-13364FE26125, cid=3461, SUCCESS, logIndex=5653, commits[e6065258-5a2c-4a72-9f81-ed1321f551ca:c5653]
2019-06-14 09:09:47,780 INFO  client.GrpcClientProtocolClient (GrpcClientProtocolClient.java:onNext(254)) - client-C0E347E82FC5->e6065258-5a2c-4a72-9f81-ed1321f551ca: receive RaftClientReply:client-C0E347E82FC5->e6065258-5a2c-4a72-9f81-ed1321f551ca@group-13364FE26125, cid=3462, SUCCESS, logIndex=5655, commits[e6065258-5a2c-4a72-9f81-ed1321f551ca:c5655]
2019-06-14 09:09:47,781 INFO  client.GrpcClientProtocolClient (GrpcClientProtocolClient.java:onNext(254)) - client-C0E347E82FC5->e6065258-5a2c-4a72-9f81-ed1321f551ca: receive RaftClientReply:client-C0E347E82FC5->e6065258-5a2c-4a72-9f81-ed1321f551ca@group-13364FE26125, cid=3463, SUCCESS, logIndex=5656, commits[e6065258-5a2c-4a72-9f81-ed1321f551ca:c5658]
2019-06-14 09:09:47,781 INFO  client.GrpcClientProtocolClient (GrpcClientProtocolClient.java:onNext(254)) - client-C0E347E82FC5->e6065258-5a2c-4a72-9f81-ed1321f551ca: receive RaftClientReply:client-C0E347E82FC5->e6065258-5a2c-4a72-9f81-ed1321f551ca@group-13364FE26125, cid=3464, SUCCESS, logIndex=5657, commits[e6065258-5a2c-4a72-9f81-ed1321f551ca:c5658]
2019-06-14 09:09:47,793 INFO  client.GrpcClientProtocolClient (GrpcClientProtocolClient.java:onNext(254)) - client-C0E347E82FC5->e6065258-5a2c-4a72-9f81-ed1321f551ca: receive RaftClientReply:client-C0E347E82FC5->e6065258-5a2c-4a72-9f81-ed1321f551ca@group-13364FE26125, cid=3465, SUCCESS, logIndex=5659, commits[e6065258-5a2c-4a72-9f81-ed1321f551ca:c5659]
2019-06-14 09:09:47,794 INFO  client.GrpcClientProtocolClient (GrpcClientProtocolClient.java:onNext(254)) - client-C0E347E82FC5->e6065258-5a2c-4a72-9f81-ed1321f551ca: receive RaftClientReply:client-C0E347E82FC5->e6065258-5a2c-4a72-9f81-ed1321f551ca@group-13364FE26125, cid=3466, SUCCESS, logIndex=5661, commits[e6065258-5a2c-4a72-9f81-ed1321f551ca:c5661]
2019-06-14 09:09:47,795 INFO  client.GrpcClientProtocolClient (GrpcClientProtocolClient.java:onNext(254)) - client-C0E347E82FC5->e6065258-5a2c-4a72-9f81-ed1321f551ca: receive RaftClientReply:client-C0E347E82FC5->e6065258-5a2c-4a72-9f81-ed1321f551ca@group-13364FE26125, cid=3467, SUCCESS, logIndex=5662, commits[e6065258-5a2c-4a72-9f81-ed1321f551ca:c5664]
2019-06-14 09:09:47,795 INFO  client.GrpcClientProtocolClient (GrpcClientProtocolClient.java:onNext(254)) - client-C0E347E82FC5->e6065258-5a2c-4a72-9f81-ed1321f551ca: receive RaftClientReply:client-C0E347E82FC5->e6065258-5a2c-4a72-9f81-ed1321f551ca@group-13364FE26125, cid=3468, SUCCESS, logIndex=5663, commits[e6065258-5a2c-4a72-9f81-ed1321f551ca:c5664]
2019-06-14 09:09:47,801 INFO  client.GrpcClientProtocolClient (GrpcClientProtocolClient.java:onNext(254)) - client-C0E347E82FC5->e6065258-5a2c-4a72-9f81-ed1321f551ca: receive RaftClientReply:client-C0E347E82FC5->e6065258-5a2c-4a72-9f81-ed1321f551ca@group-13364FE26125, cid=3469, SUCCESS, logIndex=5665, commits[e6065258-5a2c-4a72-9f81-ed1321f551ca:c5665]
2019-06-14 09:09:47,803 INFO  client.GrpcClientProtocolClient (GrpcClientProtocolClient.java:onNext(254)) - client-C0E347E82FC5->e6065258-5a2c-4a72-9f81-ed1321f551ca: receive RaftClientReply:client-C0E347E82FC5->e6065258-5a2c-4a72-9f81-ed1321f551ca@group-13364FE26125, cid=3470, SUCCESS, logIndex=5667, commits[e6065258-5a2c-4a72-9f81-ed1321f551ca:c5667]
2019-06-14 09:09:47,803 INFO  client.GrpcClientProtocolClient (GrpcClientProtocolClient.java:onNext(254)) - client-C0E347E82FC5->e6065258-5a2c-4a72-9f81-ed1321f551ca: receive RaftClientReply:client-C0E347E82FC5->e6065258-5a2c-4a72-9f81-ed1321f551ca@group-13364FE26125, cid=3471, SUCCESS, logIndex=5668, commits[e6065258-5a2c-4a72-9f81-ed1321f551ca:c5668]
2019-06-14 09:09:47,804 INFO  client.GrpcClientProtocolClient (GrpcClientProtocolClient.java:onNext(254)) - client-C0E347E82FC5->e6065258-5a2c-4a72-9f81-ed1321f551ca: receive RaftClientReply:client-C0E347E82FC5->e6065258-5a2c-4a72-9f81-ed1321f551ca@group-13364FE26125, cid=3472, SUCCESS, logIndex=5670, commits[e6065258-5a2c-4a72-9f81-ed1321f551ca:c5670]
2019-06-14 09:09:47,815 INFO  client.GrpcClientProtocolClient (GrpcClientProtocolClient.java:onNext(254)) - client-C0E347E82FC5->e6065258-5a2c-4a72-9f81-ed1321f551ca: receive RaftClientReply:client-C0E347E82FC5->e6065258-5a2c-4a72-9f81-ed1321f551ca@group-13364FE26125, cid=3473, SUCCESS, logIndex=5673, commits[e6065258-5a2c-4a72-9f81-ed1321f551ca:c5673]
2019-06-14 09:09:47,817 INFO  client.GrpcClientProtocolClient (GrpcClientProtocolClient.java:onNext(254)) - client-C0E347E82FC5->e6065258-5a2c-4a72-9f81-ed1321f551ca: receive RaftClientReply:client-C0E347E82FC5->e6065258-5a2c-4a72-9f81-ed1321f551ca@group-13364FE26125, cid=3474, SUCCESS, logIndex=5675, commits[e6065258-5a2c-4a72-9f81-ed1321f551ca:c5675]
2019-06-14 09:09:47,817 INFO  client.GrpcClientProtocolClient (GrpcClientProtocolClient.java:onNext(254)) - client-C0E347E82FC5->e6065258-5a2c-4a72-9f81-ed1321f551ca: receive RaftClientReply:client-C0E347E82FC5->e6065258-5a2c-4a72-9f81-ed1321f551ca@group-13364FE26125, cid=3475, SUCCESS, logIndex=5676, commits[e6065258-5a2c-4a72-9f81-ed1321f551ca:c5676]
2019-06-14 09:09:47,818 INFO  client.GrpcClientProtocolClient (GrpcClientProtocolClient.java:onNext(254)) - client-C0E347E82FC5->e6065258-5a2c-4a72-9f81-ed1321f551ca: receive RaftClientReply:client-C0E347E82FC5->e6065258-5a2c-4a72-9f81-ed1321f551ca@group-13364FE26125, cid=3476, SUCCESS, logIndex=5678, commits[e6065258-5a2c-4a72-9f81-ed1321f551ca:c5678]
2019-06-14 09:09:47,822 DEBUG block.SCMBlockDeletingService (SCMBlockDeletingService.java:call(138)) - Running DeletedBlockTransactionScanner
2019-06-14 09:09:47,822 DEBUG block.SCMBlockDeletingService (SCMBlockDeletingService.java:call(155)) - Scanned deleted blocks log and got 0 delTX to process.
2019-06-14 09:09:47,823 INFO  client.GrpcClientProtocolClient (GrpcClientProtocolClient.java:onNext(254)) - client-C0E347E82FC5->e6065258-5a2c-4a72-9f81-ed1321f551ca: receive RaftClientReply:client-C0E347E82FC5->e6065258-5a2c-4a72-9f81-ed1321f551ca@group-13364FE26125, cid=3477, SUCCESS, logIndex=5681, commits[e6065258-5a2c-4a72-9f81-ed1321f551ca:c5681]
2019-06-14 09:09:47,824 INFO  client.GrpcClientProtocolClient (GrpcClientProtocolClient.java:onNext(254)) - client-C0E347E82FC5->e6065258-5a2c-4a72-9f81-ed1321f551ca: receive RaftClientReply:client-C0E347E82FC5->e6065258-5a2c-4a72-9f81-ed1321f551ca@group-13364FE26125, cid=3478, SUCCESS, logIndex=5683, commits[e6065258-5a2c-4a72-9f81-ed1321f551ca:c5683]
2019-06-14 09:09:47,825 INFO  client.GrpcClientProtocolClient (GrpcClientProtocolClient.java:onNext(254)) - client-C0E347E82FC5->e6065258-5a2c-4a72-9f81-ed1321f551ca: receive RaftClientReply:client-C0E347E82FC5->e6065258-5a2c-4a72-9f81-ed1321f551ca@group-13364FE26125, cid=3479, SUCCESS, logIndex=5684, commits[e6065258-5a2c-4a72-9f81-ed1321f551ca:c5684]
2019-06-14 09:09:47,826 INFO  client.GrpcClientProtocolClient (GrpcClientProtocolClient.java:onNext(254)) - client-C0E347E82FC5->e6065258-5a2c-4a72-9f81-ed1321f551ca: receive RaftClientReply:client-C0E347E82FC5->e6065258-5a2c-4a72-9f81-ed1321f551ca@group-13364FE26125, cid=3480, SUCCESS, logIndex=5686, commits[e6065258-5a2c-4a72-9f81-ed1321f551ca:c5686]
2019-06-14 09:09:47,835 INFO  client.GrpcClientProtocolClient (GrpcClientProtocolClient.java:onNext(254)) - client-C0E347E82FC5->e6065258-5a2c-4a72-9f81-ed1321f551ca: receive RaftClientReply:client-C0E347E82FC5->e6065258-5a2c-4a72-9f81-ed1321f551ca@group-13364FE26125, cid=3481, SUCCESS, logIndex=5689, commits[e6065258-5a2c-4a72-9f81-ed1321f551ca:c5689]
2019-06-14 09:09:47,837 INFO  client.GrpcClientProtocolClient (GrpcClientProtocolClient.java:onNext(254)) - client-C0E347E82FC5->e6065258-5a2c-4a72-9f81-ed1321f551ca: receive RaftClientReply:client-C0E347E82FC5->e6065258-5a2c-4a72-9f81-ed1321f551ca@group-13364FE26125, cid=3482, SUCCESS, logIndex=5691, commits[e6065258-5a2c-4a72-9f81-ed1321f551ca:c5691]
2019-06-14 09:09:47,838 INFO  client.GrpcClientProtocolClient (GrpcClientProtocolClient.java:onNext(254)) - client-C0E347E82FC5->e6065258-5a2c-4a72-9f81-ed1321f551ca: receive RaftClientReply:client-C0E347E82FC5->e6065258-5a2c-4a72-9f81-ed1321f551ca@group-13364FE26125, cid=3483, SUCCESS, logIndex=5692, commits[e6065258-5a2c-4a72-9f81-ed1321f551ca:c5694]
2019-06-14 09:09:47,838 INFO  client.GrpcClientProtocolClient (GrpcClientProtocolClient.java:onNext(254)) - client-C0E347E82FC5->e6065258-5a2c-4a72-9f81-ed1321f551ca: receive RaftClientReply:client-C0E347E82FC5->e6065258-5a2c-4a72-9f81-ed1321f551ca@group-13364FE26125, cid=3484, SUCCESS, logIndex=5693, commits[e6065258-5a2c-4a72-9f81-ed1321f551ca:c5694]
2019-06-14 09:09:47,843 INFO  client.GrpcClientProtocolClient (GrpcClientProtocolClient.java:onNext(254)) - client-C0E347E82FC5->e6065258-5a2c-4a72-9f81-ed1321f551ca: receive RaftClientReply:client-C0E347E82FC5->e6065258-5a2c-4a72-9f81-ed1321f551ca@group-13364FE26125, cid=3485, SUCCESS, logIndex=5695, commits[e6065258-5a2c-4a72-9f81-ed1321f551ca:c5695]
2019-06-14 09:09:47,843 INFO  storage.RaftLogWorker (RaftLogWorker.java:rollLogSegment(303)) - e6065258-5a2c-4a72-9f81-ed1321f551ca-RaftLogWorker: Rolling segment log-5625_5698 to index:5698
2019-06-14 09:09:47,844 INFO  client.GrpcClientProtocolClient (GrpcClientProtocolClient.java:onNext(254)) - client-C0E347E82FC5->e6065258-5a2c-4a72-9f81-ed1321f551ca: receive RaftClientReply:client-C0E347E82FC5->e6065258-5a2c-4a72-9f81-ed1321f551ca@group-13364FE26125, cid=3486, SUCCESS, logIndex=5697, commits[e6065258-5a2c-4a72-9f81-ed1321f551ca:c5697]
2019-06-14 09:09:47,844 INFO  storage.RaftLogWorker (RaftLogWorker.java:execute(433)) - e6065258-5a2c-4a72-9f81-ed1321f551ca-RaftLogWorker: Rolled log segment from /opt/src/hadoop-ozone/integration-test/target/test-dir/MiniOzoneClusterImpl-a56da109-a1cb-4168-8966-62306f2f2d23/datanode-0/data/ratis/920138aa-6f47-4d6d-b5cc-13364fe26125/current/log_inprogress_5625 to /opt/src/hadoop-ozone/integration-test/target/test-dir/MiniOzoneClusterImpl-a56da109-a1cb-4168-8966-62306f2f2d23/datanode-0/data/ratis/920138aa-6f47-4d6d-b5cc-13364fe26125/current/log_5625-5698
2019-06-14 09:09:47,846 INFO  client.GrpcClientProtocolClient (GrpcClientProtocolClient.java:onNext(254)) - client-C0E347E82FC5->e6065258-5a2c-4a72-9f81-ed1321f551ca: receive RaftClientReply:client-C0E347E82FC5->e6065258-5a2c-4a72-9f81-ed1321f551ca@group-13364FE26125, cid=3487, SUCCESS, logIndex=5698, commits[e6065258-5a2c-4a72-9f81-ed1321f551ca:c5698]
2019-06-14 09:09:47,887 INFO  storage.RaftLogWorker (RaftLogWorker.java:execute(469)) - e6065258-5a2c-4a72-9f81-ed1321f551ca-RaftLogWorker: created new log segment /opt/src/hadoop-ozone/integration-test/target/test-dir/MiniOzoneClusterImpl-a56da109-a1cb-4168-8966-62306f2f2d23/datanode-0/data/ratis/920138aa-6f47-4d6d-b5cc-13364fe26125/current/log_inprogress_5699
2019-06-14 09:09:47,889 INFO  client.GrpcClientProtocolClient (GrpcClientProtocolClient.java:onNext(254)) - client-C0E347E82FC5->e6065258-5a2c-4a72-9f81-ed1321f551ca: receive RaftClientReply:client-C0E347E82FC5->e6065258-5a2c-4a72-9f81-ed1321f551ca@group-13364FE26125, cid=3488, SUCCESS, logIndex=5699, commits[e6065258-5a2c-4a72-9f81-ed1321f551ca:c5701]
2019-06-14 09:09:47,901 INFO  client.GrpcClientProtocolClient (GrpcClientProtocolClient.java:onNext(254)) - client-C0E347E82FC5->e6065258-5a2c-4a72-9f81-ed1321f551ca: receive RaftClientReply:client-C0E347E82FC5->e6065258-5a2c-4a72-9f81-ed1321f551ca@group-13364FE26125, cid=3489, SUCCESS, logIndex=5702, commits[e6065258-5a2c-4a72-9f81-ed1321f551ca:c5702]
2019-06-14 09:09:47,903 INFO  client.GrpcClientProtocolClient (GrpcClientProtocolClient.java:onNext(254)) - client-C0E347E82FC5->e6065258-5a2c-4a72-9f81-ed1321f551ca: receive RaftClientReply:client-C0E347E82FC5->e6065258-5a2c-4a72-9f81-ed1321f551ca@group-13364FE26125, cid=3490, SUCCESS, logIndex=5704, commits[e6065258-5a2c-4a72-9f81-ed1321f551ca:c5704]
2019-06-14 09:09:47,922 DEBUG block.SCMBlockDeletingService (SCMBlockDeletingService.java:call(138)) - Running DeletedBlockTransactionScanner
2019-06-14 09:09:47,923 DEBUG block.SCMBlockDeletingService (SCMBlockDeletingService.java:call(155)) - Scanned deleted blocks log and got 0 delTX to process.
2019-06-14 09:09:47,987 INFO  client.GrpcClientProtocolClient (GrpcClientProtocolClient.java:onNext(254)) - client-C0E347E82FC5->e6065258-5a2c-4a72-9f81-ed1321f551ca: receive RaftClientReply:client-C0E347E82FC5->e6065258-5a2c-4a72-9f81-ed1321f551ca@group-13364FE26125, cid=3491, SUCCESS, logIndex=5706, commits[e6065258-5a2c-4a72-9f81-ed1321f551ca:c5706]
2019-06-14 09:09:47,989 INFO  client.GrpcClientProtocolClient (GrpcClientProtocolClient.java:onNext(254)) - client-C0E347E82FC5->e6065258-5a2c-4a72-9f81-ed1321f551ca: receive RaftClientReply:client-C0E347E82FC5->e6065258-5a2c-4a72-9f81-ed1321f551ca@group-13364FE26125, cid=3492, SUCCESS, logIndex=5708, commits[e6065258-5a2c-4a72-9f81-ed1321f551ca:c5708]
2019-06-14 09:09:47,995 INFO  client.GrpcClientProtocolClient (GrpcClientProtocolClient.java:onNext(254)) - client-C0E347E82FC5->e6065258-5a2c-4a72-9f81-ed1321f551ca: receive RaftClientReply:client-C0E347E82FC5->e6065258-5a2c-4a72-9f81-ed1321f551ca@group-13364FE26125, cid=3493, SUCCESS, logIndex=5710, commits[e6065258-5a2c-4a72-9f81-ed1321f551ca:c5710]
2019-06-14 09:09:47,997 INFO  client.GrpcClientProtocolClient (GrpcClientProtocolClient.java:onNext(254)) - client-C0E347E82FC5->e6065258-5a2c-4a72-9f81-ed1321f551ca: receive RaftClientReply:client-C0E347E82FC5->e6065258-5a2c-4a72-9f81-ed1321f551ca@group-13364FE26125, cid=3494, SUCCESS, logIndex=5712, commits[e6065258-5a2c-4a72-9f81-ed1321f551ca:c5712]
2019-06-14 09:09:47,998 INFO  client.GrpcClientProtocolClient (GrpcClientProtocolClient.java:onNext(254)) - client-C0E347E82FC5->e6065258-5a2c-4a72-9f81-ed1321f551ca: receive RaftClientReply:client-C0E347E82FC5->e6065258-5a2c-4a72-9f81-ed1321f551ca@group-13364FE26125, cid=3495, SUCCESS, logIndex=5713, commits[e6065258-5a2c-4a72-9f81-ed1321f551ca:c5715]
2019-06-14 09:09:47,998 INFO  client.GrpcClientProtocolClient (GrpcClientProtocolClient.java:onNext(254)) - client-C0E347E82FC5->e6065258-5a2c-4a72-9f81-ed1321f551ca: receive RaftClientReply:client-C0E347E82FC5->e6065258-5a2c-4a72-9f81-ed1321f551ca@group-13364FE26125, cid=3496, SUCCESS, logIndex=5714, commits[e6065258-5a2c-4a72-9f81-ed1321f551ca:c5715]
2019-06-14 09:09:48,022 INFO  client.GrpcClientProtocolClient (GrpcClientProtocolClient.java:onNext(254)) - client-C0E347E82FC5->e6065258-5a2c-4a72-9f81-ed1321f551ca: receive RaftClientReply:client-C0E347E82FC5->e6065258-5a2c-4a72-9f81-ed1321f551ca@group-13364FE26125, cid=3497, SUCCESS, logIndex=5716, commits[e6065258-5a2c-4a72-9f81-ed1321f551ca:c5717]
2019-06-14 09:09:48,023 DEBUG block.SCMBlockDeletingService (SCMBlockDeletingService.java:call(138)) - Running DeletedBlockTransactionScanner
2019-06-14 09:09:48,023 DEBUG block.SCMBlockDeletingService (SCMBlockDeletingService.java:call(155)) - Scanned deleted blocks log and got 0 delTX to process.
2019-06-14 09:09:48,026 INFO  client.GrpcClientProtocolClient (GrpcClientProtocolClient.java:onNext(254)) - client-C0E347E82FC5->e6065258-5a2c-4a72-9f81-ed1321f551ca: receive RaftClientReply:client-C0E347E82FC5->e6065258-5a2c-4a72-9f81-ed1321f551ca@group-13364FE26125, cid=3498, SUCCESS, logIndex=5718, commits[e6065258-5a2c-4a72-9f81-ed1321f551ca:c5718]
2019-06-14 09:09:48,032 INFO  client.GrpcClientProtocolClient (GrpcClientProtocolClient.java:onNext(254)) - client-C0E347E82FC5->e6065258-5a2c-4a72-9f81-ed1321f551ca: receive RaftClientReply:client-C0E347E82FC5->e6065258-5a2c-4a72-9f81-ed1321f551ca@group-13364FE26125, cid=3499, SUCCESS, logIndex=5719, commits[e6065258-5a2c-4a72-9f81-ed1321f551ca:c5722]
2019-06-14 09:09:48,033 INFO  client.GrpcClientProtocolClient (GrpcClientProtocolClient.java:onNext(254)) - client-C0E347E82FC5->e6065258-5a2c-4a72-9f81-ed1321f551ca: receive RaftClientReply:client-C0E347E82FC5->e6065258-5a2c-4a72-9f81-ed1321f551ca@group-13364FE26125, cid=3500, SUCCESS, logIndex=5721, commits[e6065258-5a2c-4a72-9f81-ed1321f551ca:c5722]
2019-06-14 09:09:48,042 INFO  client.GrpcClientProtocolClient (GrpcClientProtocolClient.java:onNext(254)) - client-C0E347E82FC5->e6065258-5a2c-4a72-9f81-ed1321f551ca: receive RaftClientReply:client-C0E347E82FC5->e6065258-5a2c-4a72-9f81-ed1321f551ca@group-13364FE26125, cid=3501, SUCCESS, logIndex=5723, commits[e6065258-5a2c-4a72-9f81-ed1321f551ca:c5723]
2019-06-14 09:09:48,043 INFO  client.GrpcClientProtocolClient (GrpcClientProtocolClient.java:onNext(254)) - client-C0E347E82FC5->e6065258-5a2c-4a72-9f81-ed1321f551ca: receive RaftClientReply:client-C0E347E82FC5->e6065258-5a2c-4a72-9f81-ed1321f551ca@group-13364FE26125, cid=3502, SUCCESS, logIndex=5725, commits[e6065258-5a2c-4a72-9f81-ed1321f551ca:c5725]
2019-06-14 09:09:48,044 INFO  client.GrpcClientProtocolClient (GrpcClientProtocolClient.java:onNext(254)) - client-C0E347E82FC5->e6065258-5a2c-4a72-9f81-ed1321f551ca: receive RaftClientReply:client-C0E347E82FC5->e6065258-5a2c-4a72-9f81-ed1321f551ca@group-13364FE26125, cid=3503, SUCCESS, logIndex=5726, commits[e6065258-5a2c-4a72-9f81-ed1321f551ca:c5727]
2019-06-14 09:09:48,045 INFO  client.GrpcClientProtocolClient (GrpcClientProtocolClient.java:onNext(254)) - client-C0E347E82FC5->e6065258-5a2c-4a72-9f81-ed1321f551ca: receive RaftClientReply:client-C0E347E82FC5->e6065258-5a2c-4a72-9f81-ed1321f551ca@group-13364FE26125, cid=3504, SUCCESS, logIndex=5727, commits[e6065258-5a2c-4a72-9f81-ed1321f551ca:c5727]
2019-06-14 09:09:48,061 INFO  client.GrpcClientProtocolClient (GrpcClientProtocolClient.java:onNext(254)) - client-C0E347E82FC5->e6065258-5a2c-4a72-9f81-ed1321f551ca: receive RaftClientReply:client-C0E347E82FC5->e6065258-5a2c-4a72-9f81-ed1321f551ca@group-13364FE26125, cid=3505, SUCCESS, logIndex=5730, commits[e6065258-5a2c-4a72-9f81-ed1321f551ca:c5731]
2019-06-14 09:09:48,064 INFO  client.GrpcClientProtocolClient (GrpcClientProtocolClient.java:onNext(254)) - client-C0E347E82FC5->e6065258-5a2c-4a72-9f81-ed1321f551ca: receive RaftClientReply:client-C0E347E82FC5->e6065258-5a2c-4a72-9f81-ed1321f551ca@group-13364FE26125, cid=3506, SUCCESS, logIndex=5732, commits[e6065258-5a2c-4a72-9f81-ed1321f551ca:c5732]
2019-06-14 09:09:48,071 INFO  client.GrpcClientProtocolClient (GrpcClientProtocolClient.java:onNext(254)) - client-C0E347E82FC5->e6065258-5a2c-4a72-9f81-ed1321f551ca: receive RaftClientReply:client-C0E347E82FC5->e6065258-5a2c-4a72-9f81-ed1321f551ca@group-13364FE26125, cid=3507, SUCCESS, logIndex=5733, commits[e6065258-5a2c-4a72-9f81-ed1321f551ca:c5735]
2019-06-14 09:09:48,072 INFO  client.GrpcClientProtocolClient (GrpcClientProtocolClient.java:onNext(254)) - client-C0E347E82FC5->e6065258-5a2c-4a72-9f81-ed1321f551ca: receive RaftClientReply:client-C0E347E82FC5->e6065258-5a2c-4a72-9f81-ed1321f551ca@group-13364FE26125, cid=3508, SUCCESS, logIndex=5735, commits[e6065258-5a2c-4a72-9f81-ed1321f551ca:c5737]
2019-06-14 09:09:48,080 INFO  client.GrpcClientProtocolClient (GrpcClientProtocolClient.java:onNext(254)) - client-C0E347E82FC5->e6065258-5a2c-4a72-9f81-ed1321f551ca: receive RaftClientReply:client-C0E347E82FC5->e6065258-5a2c-4a72-9f81-ed1321f551ca@group-13364FE26125, cid=3509, SUCCESS, logIndex=5738, commits[e6065258-5a2c-4a72-9f81-ed1321f551ca:c5738]
2019-06-14 09:09:48,081 INFO  client.GrpcClientProtocolClient (GrpcClientProtocolClient.java:onNext(254)) - client-C0E347E82FC5->e6065258-5a2c-4a72-9f81-ed1321f551ca: receive RaftClientReply:client-C0E347E82FC5->e6065258-5a2c-4a72-9f81-ed1321f551ca@group-13364FE26125, cid=3510, SUCCESS, logIndex=5740, commits[e6065258-5a2c-4a72-9f81-ed1321f551ca:c5740]
2019-06-14 09:09:48,084 INFO  client.GrpcClientProtocolClient (GrpcClientProtocolClient.java:onNext(254)) - client-C0E347E82FC5->e6065258-5a2c-4a72-9f81-ed1321f551ca: receive RaftClientReply:client-C0E347E82FC5->e6065258-5a2c-4a72-9f81-ed1321f551ca@group-13364FE26125, cid=3511, SUCCESS, logIndex=5742, commits[e6065258-5a2c-4a72-9f81-ed1321f551ca:c5743]
2019-06-14 09:09:48,085 INFO  client.GrpcClientProtocolClient (GrpcClientProtocolClient.java:onNext(254)) - client-C0E347E82FC5->e6065258-5a2c-4a72-9f81-ed1321f551ca: receive RaftClientReply:client-C0E347E82FC5->e6065258-5a2c-4a72-9f81-ed1321f551ca@group-13364FE26125, cid=3512, SUCCESS, logIndex=5743, commits[e6065258-5a2c-4a72-9f81-ed1321f551ca:c5743]
2019-06-14 09:09:48,102 INFO  client.GrpcClientProtocolClient (GrpcClientProtocolClient.java:onNext(254)) - client-C0E347E82FC5->e6065258-5a2c-4a72-9f81-ed1321f551ca: receive RaftClientReply:client-C0E347E82FC5->e6065258-5a2c-4a72-9f81-ed1321f551ca@group-13364FE26125, cid=3513, SUCCESS, logIndex=5745, commits[e6065258-5a2c-4a72-9f81-ed1321f551ca:c5746]
2019-06-14 09:09:48,114 INFO  client.GrpcClientProtocolClient (GrpcClientProtocolClient.java:onNext(254)) - client-C0E347E82FC5->e6065258-5a2c-4a72-9f81-ed1321f551ca: receive RaftClientReply:client-C0E347E82FC5->e6065258-5a2c-4a72-9f81-ed1321f551ca@group-13364FE26125, cid=3514, SUCCESS, logIndex=5747, commits[e6065258-5a2c-4a72-9f81-ed1321f551ca:c5747]
2019-06-14 09:09:48,114 INFO  client.GrpcClientProtocolClient (GrpcClientProtocolClient.java:onNext(254)) - client-C0E347E82FC5->e6065258-5a2c-4a72-9f81-ed1321f551ca: receive RaftClientReply:client-C0E347E82FC5->e6065258-5a2c-4a72-9f81-ed1321f551ca@group-13364FE26125, cid=3515, SUCCESS, logIndex=5748, commits[e6065258-5a2c-4a72-9f81-ed1321f551ca:c5750]
2019-06-14 09:09:48,124 DEBUG block.SCMBlockDeletingService (SCMBlockDeletingService.java:call(138)) - Running DeletedBlockTransactionScanner
2019-06-14 09:09:48,124 DEBUG block.SCMBlockDeletingService (SCMBlockDeletingService.java:call(155)) - Scanned deleted blocks log and got 0 delTX to process.
2019-06-14 09:09:48,125 INFO  client.GrpcClientProtocolClient (GrpcClientProtocolClient.java:onNext(254)) - client-C0E347E82FC5->e6065258-5a2c-4a72-9f81-ed1321f551ca: receive RaftClientReply:client-C0E347E82FC5->e6065258-5a2c-4a72-9f81-ed1321f551ca@group-13364FE26125, cid=3516, SUCCESS, logIndex=5749, commits[e6065258-5a2c-4a72-9f81-ed1321f551ca:c5750]
2019-06-14 09:09:48,138 INFO  client.GrpcClientProtocolClient (GrpcClientProtocolClient.java:onNext(254)) - client-C0E347E82FC5->e6065258-5a2c-4a72-9f81-ed1321f551ca: receive RaftClientReply:client-C0E347E82FC5->e6065258-5a2c-4a72-9f81-ed1321f551ca@group-13364FE26125, cid=3517, SUCCESS, logIndex=5751, commits[e6065258-5a2c-4a72-9f81-ed1321f551ca:c5751]
2019-06-14 09:09:48,142 INFO  client.GrpcClientProtocolClient (GrpcClientProtocolClient.java:onNext(254)) - client-C0E347E82FC5->e6065258-5a2c-4a72-9f81-ed1321f551ca: receive RaftClientReply:client-C0E347E82FC5->e6065258-5a2c-4a72-9f81-ed1321f551ca@group-13364FE26125, cid=3518, SUCCESS, logIndex=5753, commits[e6065258-5a2c-4a72-9f81-ed1321f551ca:c5753]
2019-06-14 09:09:48,145 INFO  client.GrpcClientProtocolClient (GrpcClientProtocolClient.java:onNext(254)) - client-C0E347E82FC5->e6065258-5a2c-4a72-9f81-ed1321f551ca: receive RaftClientReply:client-C0E347E82FC5->e6065258-5a2c-4a72-9f81-ed1321f551ca@group-13364FE26125, cid=3519, SUCCESS, logIndex=5754, commits[e6065258-5a2c-4a72-9f81-ed1321f551ca:c5756]
2019-06-14 09:09:48,146 INFO  client.GrpcClientProtocolClient (GrpcClientProtocolClient.java:onNext(254)) - client-C0E347E82FC5->e6065258-5a2c-4a72-9f81-ed1321f551ca: receive RaftClientReply:client-C0E347E82FC5->e6065258-5a2c-4a72-9f81-ed1321f551ca@group-13364FE26125, cid=3520, SUCCESS, logIndex=5755, commits[e6065258-5a2c-4a72-9f81-ed1321f551ca:c5756]
2019-06-14 09:09:48,156 INFO  client.GrpcClientProtocolClient (GrpcClientProtocolClient.java:onNext(254)) - client-C0E347E82FC5->e6065258-5a2c-4a72-9f81-ed1321f551ca: receive RaftClientReply:client-C0E347E82FC5->e6065258-5a2c-4a72-9f81-ed1321f551ca@group-13364FE26125, cid=3521, SUCCESS, logIndex=5757, commits[e6065258-5a2c-4a72-9f81-ed1321f551ca:c5757]
2019-06-14 09:09:48,161 INFO  client.GrpcClientProtocolClient (GrpcClientProtocolClient.java:onNext(254)) - client-C0E347E82FC5->e6065258-5a2c-4a72-9f81-ed1321f551ca: receive RaftClientReply:client-C0E347E82FC5->e6065258-5a2c-4a72-9f81-ed1321f551ca@group-13364FE26125, cid=3522, SUCCESS, logIndex=5759, commits[e6065258-5a2c-4a72-9f81-ed1321f551ca:c5759]
2019-06-14 09:09:48,161 INFO  client.GrpcClientProtocolClient (GrpcClientProtocolClient.java:onNext(254)) - client-C0E347E82FC5->e6065258-5a2c-4a72-9f81-ed1321f551ca: receive RaftClientReply:client-C0E347E82FC5->e6065258-5a2c-4a72-9f81-ed1321f551ca@group-13364FE26125, cid=3523, SUCCESS, logIndex=5760, commits[e6065258-5a2c-4a72-9f81-ed1321f551ca:c5761]
2019-06-14 09:09:48,162 INFO  client.GrpcClientProtocolClient (GrpcClientProtocolClient.java:onNext(254)) - client-C0E347E82FC5->e6065258-5a2c-4a72-9f81-ed1321f551ca: receive RaftClientReply:client-C0E347E82FC5->e6065258-5a2c-4a72-9f81-ed1321f551ca@group-13364FE26125, cid=3524, SUCCESS, logIndex=5762, commits[e6065258-5a2c-4a72-9f81-ed1321f551ca:c5762]
2019-06-14 09:09:48,169 INFO  client.GrpcClientProtocolClient (GrpcClientProtocolClient.java:onNext(254)) - client-C0E347E82FC5->e6065258-5a2c-4a72-9f81-ed1321f551ca: receive RaftClientReply:client-C0E347E82FC5->e6065258-5a2c-4a72-9f81-ed1321f551ca@group-13364FE26125, cid=3525, SUCCESS, logIndex=5764, commits[e6065258-5a2c-4a72-9f81-ed1321f551ca:c5764]
2019-06-14 09:09:48,172 INFO  client.GrpcClientProtocolClient (GrpcClientProtocolClient.java:onNext(254)) - client-C0E347E82FC5->e6065258-5a2c-4a72-9f81-ed1321f551ca: receive RaftClientReply:client-C0E347E82FC5->e6065258-5a2c-4a72-9f81-ed1321f551ca@group-13364FE26125, cid=3526, SUCCESS, logIndex=5766, commits[e6065258-5a2c-4a72-9f81-ed1321f551ca:c5766]
2019-06-14 09:09:48,173 INFO  client.GrpcClientProtocolClient (GrpcClientProtocolClient.java:onNext(254)) - client-C0E347E82FC5->e6065258-5a2c-4a72-9f81-ed1321f551ca: receive RaftClientReply:client-C0E347E82FC5->e6065258-5a2c-4a72-9f81-ed1321f551ca@group-13364FE26125, cid=3527, SUCCESS, logIndex=5767, commits[e6065258-5a2c-4a72-9f81-ed1321f551ca:c5769]
2019-06-14 09:09:48,173 INFO  client.GrpcClientProtocolClient (GrpcClientProtocolClient.java:onNext(254)) - client-C0E347E82FC5->e6065258-5a2c-4a72-9f81-ed1321f551ca: receive RaftClientReply:client-C0E347E82FC5->e6065258-5a2c-4a72-9f81-ed1321f551ca@group-13364FE26125, cid=3528, SUCCESS, logIndex=5768, commits[e6065258-5a2c-4a72-9f81-ed1321f551ca:c5769]
2019-06-14 09:09:48,188 INFO  client.GrpcClientProtocolClient (GrpcClientProtocolClient.java:onNext(254)) - client-C0E347E82FC5->e6065258-5a2c-4a72-9f81-ed1321f551ca: receive RaftClientReply:client-C0E347E82FC5->e6065258-5a2c-4a72-9f81-ed1321f551ca@group-13364FE26125, cid=3529, SUCCESS, logIndex=5771, commits[e6065258-5a2c-4a72-9f81-ed1321f551ca:c5771]
2019-06-14 09:09:48,188 INFO  storage.RaftLogWorker (RaftLogWorker.java:rollLogSegment(303)) - e6065258-5a2c-4a72-9f81-ed1321f551ca-RaftLogWorker: Rolling segment log-5699_5773 to index:5773
2019-06-14 09:09:48,188 INFO  storage.RaftLogWorker (RaftLogWorker.java:execute(433)) - e6065258-5a2c-4a72-9f81-ed1321f551ca-RaftLogWorker: Rolled log segment from /opt/src/hadoop-ozone/integration-test/target/test-dir/MiniOzoneClusterImpl-a56da109-a1cb-4168-8966-62306f2f2d23/datanode-0/data/ratis/920138aa-6f47-4d6d-b5cc-13364fe26125/current/log_inprogress_5699 to /opt/src/hadoop-ozone/integration-test/target/test-dir/MiniOzoneClusterImpl-a56da109-a1cb-4168-8966-62306f2f2d23/datanode-0/data/ratis/920138aa-6f47-4d6d-b5cc-13364fe26125/current/log_5699-5773
2019-06-14 09:09:48,193 INFO  client.GrpcClientProtocolClient (GrpcClientProtocolClient.java:onNext(254)) - client-C0E347E82FC5->e6065258-5a2c-4a72-9f81-ed1321f551ca: receive RaftClientReply:client-C0E347E82FC5->e6065258-5a2c-4a72-9f81-ed1321f551ca@group-13364FE26125, cid=3530, SUCCESS, logIndex=5773, commits[e6065258-5a2c-4a72-9f81-ed1321f551ca:c5773]
2019-06-14 09:09:48,224 DEBUG block.SCMBlockDeletingService (SCMBlockDeletingService.java:call(138)) - Running DeletedBlockTransactionScanner
2019-06-14 09:09:48,224 DEBUG block.SCMBlockDeletingService (SCMBlockDeletingService.java:call(155)) - Scanned deleted blocks log and got 0 delTX to process.
2019-06-14 09:09:48,234 INFO  storage.RaftLogWorker (RaftLogWorker.java:execute(469)) - e6065258-5a2c-4a72-9f81-ed1321f551ca-RaftLogWorker: created new log segment /opt/src/hadoop-ozone/integration-test/target/test-dir/MiniOzoneClusterImpl-a56da109-a1cb-4168-8966-62306f2f2d23/datanode-0/data/ratis/920138aa-6f47-4d6d-b5cc-13364fe26125/current/log_inprogress_5774
2019-06-14 09:09:48,236 INFO  client.GrpcClientProtocolClient (GrpcClientProtocolClient.java:onNext(254)) - client-C0E347E82FC5->e6065258-5a2c-4a72-9f81-ed1321f551ca: receive RaftClientReply:client-C0E347E82FC5->e6065258-5a2c-4a72-9f81-ed1321f551ca@group-13364FE26125, cid=3531, SUCCESS, logIndex=5774, commits[e6065258-5a2c-4a72-9f81-ed1321f551ca:c5776]
2019-06-14 09:09:48,237 INFO  client.GrpcClientProtocolClient (GrpcClientProtocolClient.java:onNext(254)) - client-C0E347E82FC5->e6065258-5a2c-4a72-9f81-ed1321f551ca: receive RaftClientReply:client-C0E347E82FC5->e6065258-5a2c-4a72-9f81-ed1321f551ca@group-13364FE26125, cid=3532, SUCCESS, logIndex=5775, commits[e6065258-5a2c-4a72-9f81-ed1321f551ca:c5776]
2019-06-14 09:09:48,307 INFO  client.GrpcClientProtocolClient (GrpcClientProtocolClient.java:onNext(254)) - client-C0E347E82FC5->e6065258-5a2c-4a72-9f81-ed1321f551ca: receive RaftClientReply:client-C0E347E82FC5->e6065258-5a2c-4a72-9f81-ed1321f551ca@group-13364FE26125, cid=3533, SUCCESS, logIndex=5777, commits[e6065258-5a2c-4a72-9f81-ed1321f551ca:c5777]
2019-06-14 09:09:48,309 INFO  client.GrpcClientProtocolClient (GrpcClientProtocolClient.java:onNext(254)) - client-C0E347E82FC5->e6065258-5a2c-4a72-9f81-ed1321f551ca: receive RaftClientReply:client-C0E347E82FC5->e6065258-5a2c-4a72-9f81-ed1321f551ca@group-13364FE26125, cid=3534, SUCCESS, logIndex=5779, commits[e6065258-5a2c-4a72-9f81-ed1321f551ca:c5779]
2019-06-14 09:09:48,310 INFO  client.GrpcClientProtocolClient (GrpcClientProtocolClient.java:onNext(254)) - client-C0E347E82FC5->e6065258-5a2c-4a72-9f81-ed1321f551ca: receive RaftClientReply:client-C0E347E82FC5->e6065258-5a2c-4a72-9f81-ed1321f551ca@group-13364FE26125, cid=3535, SUCCESS, logIndex=5780, commits[e6065258-5a2c-4a72-9f81-ed1321f551ca:c5782]
2019-06-14 09:09:48,310 INFO  client.GrpcClientProtocolClient (GrpcClientProtocolClient.java:onNext(254)) - client-C0E347E82FC5->e6065258-5a2c-4a72-9f81-ed1321f551ca: receive RaftClientReply:client-C0E347E82FC5->e6065258-5a2c-4a72-9f81-ed1321f551ca@group-13364FE26125, cid=3536, SUCCESS, logIndex=5781, commits[e6065258-5a2c-4a72-9f81-ed1321f551ca:c5782]
2019-06-14 09:09:48,325 DEBUG block.SCMBlockDeletingService (SCMBlockDeletingService.java:call(138)) - Running DeletedBlockTransactionScanner
2019-06-14 09:09:48,325 DEBUG block.SCMBlockDeletingService (SCMBlockDeletingService.java:call(155)) - Scanned deleted blocks log and got 0 delTX to process.
2019-06-14 09:09:48,402 INFO  client.GrpcClientProtocolClient (GrpcClientProtocolClient.java:onNext(254)) - client-C0E347E82FC5->e6065258-5a2c-4a72-9f81-ed1321f551ca: receive RaftClientReply:client-C0E347E82FC5->e6065258-5a2c-4a72-9f81-ed1321f551ca@group-13364FE26125, cid=3537, SUCCESS, logIndex=5783, commits[e6065258-5a2c-4a72-9f81-ed1321f551ca:c5783]
2019-06-14 09:09:48,404 INFO  client.GrpcClientProtocolClient (GrpcClientProtocolClient.java:onNext(254)) - client-C0E347E82FC5->e6065258-5a2c-4a72-9f81-ed1321f551ca: receive RaftClientReply:client-C0E347E82FC5->e6065258-5a2c-4a72-9f81-ed1321f551ca@group-13364FE26125, cid=3538, SUCCESS, logIndex=5785, commits[e6065258-5a2c-4a72-9f81-ed1321f551ca:c5785]
2019-06-14 09:09:48,411 INFO  client.GrpcClientProtocolClient (GrpcClientProtocolClient.java:onNext(254)) - client-C0E347E82FC5->e6065258-5a2c-4a72-9f81-ed1321f551ca: receive RaftClientReply:client-C0E347E82FC5->e6065258-5a2c-4a72-9f81-ed1321f551ca@group-13364FE26125, cid=3539, SUCCESS, logIndex=5786, commits[e6065258-5a2c-4a72-9f81-ed1321f551ca:c5788]
2019-06-14 09:09:48,412 INFO  client.GrpcClientProtocolClient (GrpcClientProtocolClient.java:onNext(254)) - client-C0E347E82FC5->e6065258-5a2c-4a72-9f81-ed1321f551ca: receive RaftClientReply:client-C0E347E82FC5->e6065258-5a2c-4a72-9f81-ed1321f551ca@group-13364FE26125, cid=3540, SUCCESS, logIndex=5787, commits[e6065258-5a2c-4a72-9f81-ed1321f551ca:c5788]
2019-06-14 09:09:48,420 INFO  client.GrpcClientProtocolClient (GrpcClientProtocolClient.java:onNext(254)) - client-C0E347E82FC5->e6065258-5a2c-4a72-9f81-ed1321f551ca: receive RaftClientReply:client-C0E347E82FC5->e6065258-5a2c-4a72-9f81-ed1321f551ca@group-13364FE26125, cid=3541, SUCCESS, logIndex=5789, commits[e6065258-5a2c-4a72-9f81-ed1321f551ca:c5789]
2019-06-14 09:09:48,421 INFO  client.GrpcClientProtocolClient (GrpcClientProtocolClient.java:onNext(254)) - client-C0E347E82FC5->e6065258-5a2c-4a72-9f81-ed1321f551ca: receive RaftClientReply:client-C0E347E82FC5->e6065258-5a2c-4a72-9f81-ed1321f551ca@group-13364FE26125, cid=3542, SUCCESS, logIndex=5791, commits[e6065258-5a2c-4a72-9f81-ed1321f551ca:c5791]
2019-06-14 09:09:48,422 INFO  client.GrpcClientProtocolClient (GrpcClientProtocolClient.java:onNext(254)) - client-C0E347E82FC5->e6065258-5a2c-4a72-9f81-ed1321f551ca: receive RaftClientReply:client-C0E347E82FC5->e6065258-5a2c-4a72-9f81-ed1321f551ca@group-13364FE26125, cid=3543, SUCCESS, logIndex=5792, commits[e6065258-5a2c-4a72-9f81-ed1321f551ca:c5794]
2019-06-14 09:09:48,422 INFO  client.GrpcClientProtocolClient (GrpcClientProtocolClient.java:onNext(254)) - client-C0E347E82FC5->e6065258-5a2c-4a72-9f81-ed1321f551ca: receive RaftClientReply:client-C0E347E82FC5->e6065258-5a2c-4a72-9f81-ed1321f551ca@group-13364FE26125, cid=3544, SUCCESS, logIndex=5793, commits[e6065258-5a2c-4a72-9f81-ed1321f551ca:c5794]
2019-06-14 09:09:48,425 DEBUG block.SCMBlockDeletingService (SCMBlockDeletingService.java:call(138)) - Running DeletedBlockTransactionScanner
2019-06-14 09:09:48,425 DEBUG block.SCMBlockDeletingService (SCMBlockDeletingService.java:call(155)) - Scanned deleted blocks log and got 0 delTX to process.
2019-06-14 09:09:48,436 INFO  client.GrpcClientProtocolClient (GrpcClientProtocolClient.java:onNext(254)) - client-C0E347E82FC5->e6065258-5a2c-4a72-9f81-ed1321f551ca: receive RaftClientReply:client-C0E347E82FC5->e6065258-5a2c-4a72-9f81-ed1321f551ca@group-13364FE26125, cid=3545, SUCCESS, logIndex=5795, commits[e6065258-5a2c-4a72-9f81-ed1321f551ca:c5795]
2019-06-14 09:09:48,438 INFO  client.GrpcClientProtocolClient (GrpcClientProtocolClient.java:onNext(254)) - client-C0E347E82FC5->e6065258-5a2c-4a72-9f81-ed1321f551ca: receive RaftClientReply:client-C0E347E82FC5->e6065258-5a2c-4a72-9f81-ed1321f551ca@group-13364FE26125, cid=3546, SUCCESS, logIndex=5797, commits[e6065258-5a2c-4a72-9f81-ed1321f551ca:c5797]
2019-06-14 09:09:48,440 INFO  client.GrpcClientProtocolClient (GrpcClientProtocolClient.java:onNext(254)) - client-C0E347E82FC5->e6065258-5a2c-4a72-9f81-ed1321f551ca: receive RaftClientReply:client-C0E347E82FC5->e6065258-5a2c-4a72-9f81-ed1321f551ca@group-13364FE26125, cid=3547, SUCCESS, logIndex=5798, commits[e6065258-5a2c-4a72-9f81-ed1321f551ca:c5800]
2019-06-14 09:09:48,441 INFO  client.GrpcClientProtocolClient (GrpcClientProtocolClient.java:onNext(254)) - client-C0E347E82FC5->e6065258-5a2c-4a72-9f81-ed1321f551ca: receive RaftClientReply:client-C0E347E82FC5->e6065258-5a2c-4a72-9f81-ed1321f551ca@group-13364FE26125, cid=3548, SUCCESS, logIndex=5799, commits[e6065258-5a2c-4a72-9f81-ed1321f551ca:c5800]
2019-06-14 09:09:48,449 INFO  client.GrpcClientProtocolClient (GrpcClientProtocolClient.java:onNext(254)) - client-C0E347E82FC5->e6065258-5a2c-4a72-9f81-ed1321f551ca: receive RaftClientReply:client-C0E347E82FC5->e6065258-5a2c-4a72-9f81-ed1321f551ca@group-13364FE26125, cid=3549, SUCCESS, logIndex=5801, commits[e6065258-5a2c-4a72-9f81-ed1321f551ca:c5801]
2019-06-14 09:09:48,450 INFO  client.GrpcClientProtocolClient (GrpcClientProtocolClient.java:onNext(254)) - client-C0E347E82FC5->e6065258-5a2c-4a72-9f81-ed1321f551ca: receive RaftClientReply:client-C0E347E82FC5->e6065258-5a2c-4a72-9f81-ed1321f551ca@group-13364FE26125, cid=3550, SUCCESS, logIndex=5803, commits[e6065258-5a2c-4a72-9f81-ed1321f551ca:c5803]
2019-06-14 09:09:48,452 INFO  client.GrpcClientProtocolClient (GrpcClientProtocolClient.java:onNext(254)) - client-C0E347E82FC5->e6065258-5a2c-4a72-9f81-ed1321f551ca: receive RaftClientReply:client-C0E347E82FC5->e6065258-5a2c-4a72-9f81-ed1321f551ca@group-13364FE26125, cid=3551, SUCCESS, logIndex=5804, commits[e6065258-5a2c-4a72-9f81-ed1321f551ca:c5806]
2019-06-14 09:09:48,452 INFO  client.GrpcClientProtocolClient (GrpcClientProtocolClient.java:onNext(254)) - client-C0E347E82FC5->e6065258-5a2c-4a72-9f81-ed1321f551ca: receive RaftClientReply:client-C0E347E82FC5->e6065258-5a2c-4a72-9f81-ed1321f551ca@group-13364FE26125, cid=3552, SUCCESS, logIndex=5805, commits[e6065258-5a2c-4a72-9f81-ed1321f551ca:c5806]
2019-06-14 09:09:48,464 INFO  client.GrpcClientProtocolClient (GrpcClientProtocolClient.java:onNext(254)) - client-C0E347E82FC5->e6065258-5a2c-4a72-9f81-ed1321f551ca: receive RaftClientReply:client-C0E347E82FC5->e6065258-5a2c-4a72-9f81-ed1321f551ca@group-13364FE26125, cid=3553, SUCCESS, logIndex=5807, commits[e6065258-5a2c-4a72-9f81-ed1321f551ca:c5807]
2019-06-14 09:09:48,466 INFO  client.GrpcClientProtocolClient (GrpcClientProtocolClient.java:onNext(254)) - client-C0E347E82FC5->e6065258-5a2c-4a72-9f81-ed1321f551ca: receive RaftClientReply:client-C0E347E82FC5->e6065258-5a2c-4a72-9f81-ed1321f551ca@group-13364FE26125, cid=3554, SUCCESS, logIndex=5809, commits[e6065258-5a2c-4a72-9f81-ed1321f551ca:c5809]
2019-06-14 09:09:48,467 INFO  client.GrpcClientProtocolClient (GrpcClientProtocolClient.java:onNext(254)) - client-C0E347E82FC5->e6065258-5a2c-4a72-9f81-ed1321f551ca: receive RaftClientReply:client-C0E347E82FC5->e6065258-5a2c-4a72-9f81-ed1321f551ca@group-13364FE26125, cid=3555, SUCCESS, logIndex=5810, commits[e6065258-5a2c-4a72-9f81-ed1321f551ca:c5812]
2019-06-14 09:09:48,467 INFO  client.GrpcClientProtocolClient (GrpcClientProtocolClient.java:onNext(254)) - client-C0E347E82FC5->e6065258-5a2c-4a72-9f81-ed1321f551ca: receive RaftClientReply:client-C0E347E82FC5->e6065258-5a2c-4a72-9f81-ed1321f551ca@group-13364FE26125, cid=3556, SUCCESS, logIndex=5811, commits[e6065258-5a2c-4a72-9f81-ed1321f551ca:c5812]
2019-06-14 09:09:48,474 INFO  client.GrpcClientProtocolClient (GrpcClientProtocolClient.java:onNext(254)) - client-C0E347E82FC5->e6065258-5a2c-4a72-9f81-ed1321f551ca: receive RaftClientReply:client-C0E347E82FC5->e6065258-5a2c-4a72-9f81-ed1321f551ca@group-13364FE26125, cid=3557, SUCCESS, logIndex=5813, commits[e6065258-5a2c-4a72-9f81-ed1321f551ca:c5813]
2019-06-14 09:09:48,476 INFO  client.GrpcClientProtocolClient (GrpcClientProtocolClient.java:onNext(254)) - client-C0E347E82FC5->e6065258-5a2c-4a72-9f81-ed1321f551ca: receive RaftClientReply:client-C0E347E82FC5->e6065258-5a2c-4a72-9f81-ed1321f551ca@group-13364FE26125, cid=3558, SUCCESS, logIndex=5815, commits[e6065258-5a2c-4a72-9f81-ed1321f551ca:c5815]
2019-06-14 09:09:48,477 INFO  client.GrpcClientProtocolClient (GrpcClientProtocolClient.java:onNext(254)) - client-C0E347E82FC5->e6065258-5a2c-4a72-9f81-ed1321f551ca: receive RaftClientReply:client-C0E347E82FC5->e6065258-5a2c-4a72-9f81-ed1321f551ca@group-13364FE26125, cid=3559, SUCCESS, logIndex=5816, commits[e6065258-5a2c-4a72-9f81-ed1321f551ca:c5818]
2019-06-14 09:09:48,478 INFO  client.GrpcClientProtocolClient (GrpcClientProtocolClient.java:onNext(254)) - client-C0E347E82FC5->e6065258-5a2c-4a72-9f81-ed1321f551ca: receive RaftClientReply:client-C0E347E82FC5->e6065258-5a2c-4a72-9f81-ed1321f551ca@group-13364FE26125, cid=3560, SUCCESS, logIndex=5817, commits[e6065258-5a2c-4a72-9f81-ed1321f551ca:c5818]
2019-06-14 09:09:48,489 INFO  client.GrpcClientProtocolClient (GrpcClientProtocolClient.java:onNext(254)) - client-C0E347E82FC5->e6065258-5a2c-4a72-9f81-ed1321f551ca: receive RaftClientReply:client-C0E347E82FC5->e6065258-5a2c-4a72-9f81-ed1321f551ca@group-13364FE26125, cid=3561, SUCCESS, logIndex=5819, commits[e6065258-5a2c-4a72-9f81-ed1321f551ca:c5819]
2019-06-14 09:09:48,491 INFO  client.GrpcClientProtocolClient (GrpcClientProtocolClient.java:onNext(254)) - client-C0E347E82FC5->e6065258-5a2c-4a72-9f81-ed1321f551ca: receive RaftClientReply:client-C0E347E82FC5->e6065258-5a2c-4a72-9f81-ed1321f551ca@group-13364FE26125, cid=3562, SUCCESS, logIndex=5821, commits[e6065258-5a2c-4a72-9f81-ed1321f551ca:c5821]
2019-06-14 09:09:48,492 INFO  client.GrpcClientProtocolClient (GrpcClientProtocolClient.java:onNext(254)) - client-C0E347E82FC5->e6065258-5a2c-4a72-9f81-ed1321f551ca: receive RaftClientReply:client-C0E347E82FC5->e6065258-5a2c-4a72-9f81-ed1321f551ca@group-13364FE26125, cid=3563, SUCCESS, logIndex=5822, commits[e6065258-5a2c-4a72-9f81-ed1321f551ca:c5824]
2019-06-14 09:09:48,492 INFO  client.GrpcClientProtocolClient (GrpcClientProtocolClient.java:onNext(254)) - client-C0E347E82FC5->e6065258-5a2c-4a72-9f81-ed1321f551ca: receive RaftClientReply:client-C0E347E82FC5->e6065258-5a2c-4a72-9f81-ed1321f551ca@group-13364FE26125, cid=3564, SUCCESS, logIndex=5823, commits[e6065258-5a2c-4a72-9f81-ed1321f551ca:c5824]
2019-06-14 09:09:48,498 INFO  client.GrpcClientProtocolClient (GrpcClientProtocolClient.java:onNext(254)) - client-C0E347E82FC5->e6065258-5a2c-4a72-9f81-ed1321f551ca: receive RaftClientReply:client-C0E347E82FC5->e6065258-5a2c-4a72-9f81-ed1321f551ca@group-13364FE26125, cid=3565, SUCCESS, logIndex=5825, commits[e6065258-5a2c-4a72-9f81-ed1321f551ca:c5825]
2019-06-14 09:09:48,499 INFO  client.GrpcClientProtocolClient (GrpcClientProtocolClient.java:onNext(254)) - client-C0E347E82FC5->e6065258-5a2c-4a72-9f81-ed1321f551ca: receive RaftClientReply:client-C0E347E82FC5->e6065258-5a2c-4a72-9f81-ed1321f551ca@group-13364FE26125, cid=3566, SUCCESS, logIndex=5827, commits[e6065258-5a2c-4a72-9f81-ed1321f551ca:c5827]
2019-06-14 09:09:48,500 INFO  client.GrpcClientProtocolClient (GrpcClientProtocolClient.java:onNext(254)) - client-C0E347E82FC5->e6065258-5a2c-4a72-9f81-ed1321f551ca: receive RaftClientReply:client-C0E347E82FC5->e6065258-5a2c-4a72-9f81-ed1321f551ca@group-13364FE26125, cid=3567, SUCCESS, logIndex=5828, commits[e6065258-5a2c-4a72-9f81-ed1321f551ca:c5830]
2019-06-14 09:09:48,500 INFO  client.GrpcClientProtocolClient (GrpcClientProtocolClient.java:onNext(254)) - client-C0E347E82FC5->e6065258-5a2c-4a72-9f81-ed1321f551ca: receive RaftClientReply:client-C0E347E82FC5->e6065258-5a2c-4a72-9f81-ed1321f551ca@group-13364FE26125, cid=3568, SUCCESS, logIndex=5829, commits[e6065258-5a2c-4a72-9f81-ed1321f551ca:c5830]
2019-06-14 09:09:48,513 INFO  client.GrpcClientProtocolClient (GrpcClientProtocolClient.java:onNext(254)) - client-C0E347E82FC5->e6065258-5a2c-4a72-9f81-ed1321f551ca: receive RaftClientReply:client-C0E347E82FC5->e6065258-5a2c-4a72-9f81-ed1321f551ca@group-13364FE26125, cid=3569, SUCCESS, logIndex=5831, commits[e6065258-5a2c-4a72-9f81-ed1321f551ca:c5831]
2019-06-14 09:09:48,515 INFO  client.GrpcClientProtocolClient (GrpcClientProtocolClient.java:onNext(254)) - client-C0E347E82FC5->e6065258-5a2c-4a72-9f81-ed1321f551ca: receive RaftClientReply:client-C0E347E82FC5->e6065258-5a2c-4a72-9f81-ed1321f551ca@group-13364FE26125, cid=3570, SUCCESS, logIndex=5833, commits[e6065258-5a2c-4a72-9f81-ed1321f551ca:c5833]
2019-06-14 09:09:48,515 INFO  client.GrpcClientProtocolClient (GrpcClientProtocolClient.java:onNext(254)) - client-C0E347E82FC5->e6065258-5a2c-4a72-9f81-ed1321f551ca: receive RaftClientReply:client-C0E347E82FC5->e6065258-5a2c-4a72-9f81-ed1321f551ca@group-13364FE26125, cid=3571, SUCCESS, logIndex=5834, commits[e6065258-5a2c-4a72-9f81-ed1321f551ca:c5835]
2019-06-14 09:09:48,515 INFO  client.GrpcClientProtocolClient (GrpcClientProtocolClient.java:onNext(254)) - client-C0E347E82FC5->e6065258-5a2c-4a72-9f81-ed1321f551ca: receive RaftClientReply:client-C0E347E82FC5->e6065258-5a2c-4a72-9f81-ed1321f551ca@group-13364FE26125, cid=3572, SUCCESS, logIndex=5835, commits[e6065258-5a2c-4a72-9f81-ed1321f551ca:c5835]
2019-06-14 09:09:48,520 INFO  client.GrpcClientProtocolClient (GrpcClientProtocolClient.java:onNext(254)) - client-C0E347E82FC5->e6065258-5a2c-4a72-9f81-ed1321f551ca: receive RaftClientReply:client-C0E347E82FC5->e6065258-5a2c-4a72-9f81-ed1321f551ca@group-13364FE26125, cid=3573, SUCCESS, logIndex=5838, commits[e6065258-5a2c-4a72-9f81-ed1321f551ca:c5838]
2019-06-14 09:09:48,520 INFO  storage.RaftLogWorker (RaftLogWorker.java:rollLogSegment(303)) - e6065258-5a2c-4a72-9f81-ed1321f551ca-RaftLogWorker: Rolling segment log-5774_5839 to index:5839
2019-06-14 09:09:48,520 INFO  storage.RaftLogWorker (RaftLogWorker.java:execute(433)) - e6065258-5a2c-4a72-9f81-ed1321f551ca-RaftLogWorker: Rolled log segment from /opt/src/hadoop-ozone/integration-test/target/test-dir/MiniOzoneClusterImpl-a56da109-a1cb-4168-8966-62306f2f2d23/datanode-0/data/ratis/920138aa-6f47-4d6d-b5cc-13364fe26125/current/log_inprogress_5774 to /opt/src/hadoop-ozone/integration-test/target/test-dir/MiniOzoneClusterImpl-a56da109-a1cb-4168-8966-62306f2f2d23/datanode-0/data/ratis/920138aa-6f47-4d6d-b5cc-13364fe26125/current/log_5774-5839
2019-06-14 09:09:48,529 DEBUG block.SCMBlockDeletingService (SCMBlockDeletingService.java:call(138)) - Running DeletedBlockTransactionScanner
2019-06-14 09:09:48,529 DEBUG block.SCMBlockDeletingService (SCMBlockDeletingService.java:call(155)) - Scanned deleted blocks log and got 0 delTX to process.
2019-06-14 09:09:48,557 INFO  storage.RaftLogWorker (RaftLogWorker.java:execute(469)) - e6065258-5a2c-4a72-9f81-ed1321f551ca-RaftLogWorker: created new log segment /opt/src/hadoop-ozone/integration-test/target/test-dir/MiniOzoneClusterImpl-a56da109-a1cb-4168-8966-62306f2f2d23/datanode-0/data/ratis/920138aa-6f47-4d6d-b5cc-13364fe26125/current/log_inprogress_5840
2019-06-14 09:09:48,558 INFO  client.GrpcClientProtocolClient (GrpcClientProtocolClient.java:onNext(254)) - client-C0E347E82FC5->e6065258-5a2c-4a72-9f81-ed1321f551ca: receive RaftClientReply:client-C0E347E82FC5->e6065258-5a2c-4a72-9f81-ed1321f551ca@group-13364FE26125, cid=3574, SUCCESS, logIndex=5840, commits[e6065258-5a2c-4a72-9f81-ed1321f551ca:c5842]
2019-06-14 09:09:48,558 INFO  client.GrpcClientProtocolClient (GrpcClientProtocolClient.java:onNext(254)) - client-C0E347E82FC5->e6065258-5a2c-4a72-9f81-ed1321f551ca: receive RaftClientReply:client-C0E347E82FC5->e6065258-5a2c-4a72-9f81-ed1321f551ca@group-13364FE26125, cid=3575, SUCCESS, logIndex=5841, commits[e6065258-5a2c-4a72-9f81-ed1321f551ca:c5843]
2019-06-14 09:09:48,559 INFO  client.GrpcClientProtocolClient (GrpcClientProtocolClient.java:onNext(254)) - client-C0E347E82FC5->e6065258-5a2c-4a72-9f81-ed1321f551ca: receive RaftClientReply:client-C0E347E82FC5->e6065258-5a2c-4a72-9f81-ed1321f551ca@group-13364FE26125, cid=3576, SUCCESS, logIndex=5842, commits[e6065258-5a2c-4a72-9f81-ed1321f551ca:c5843]
2019-06-14 09:09:48,568 INFO  client.GrpcClientProtocolClient (GrpcClientProtocolClient.java:onNext(254)) - client-C0E347E82FC5->e6065258-5a2c-4a72-9f81-ed1321f551ca: receive RaftClientReply:client-C0E347E82FC5->e6065258-5a2c-4a72-9f81-ed1321f551ca@group-13364FE26125, cid=3577, SUCCESS, logIndex=5844, commits[e6065258-5a2c-4a72-9f81-ed1321f551ca:c5844]
2019-06-14 09:09:48,570 INFO  client.GrpcClientProtocolClient (GrpcClientProtocolClient.java:onNext(254)) - client-C0E347E82FC5->e6065258-5a2c-4a72-9f81-ed1321f551ca: receive RaftClientReply:client-C0E347E82FC5->e6065258-5a2c-4a72-9f81-ed1321f551ca@group-13364FE26125, cid=3578, SUCCESS, logIndex=5846, commits[e6065258-5a2c-4a72-9f81-ed1321f551ca:c5846]
2019-06-14 09:09:48,571 INFO  client.GrpcClientProtocolClient (GrpcClientProtocolClient.java:onNext(254)) - client-C0E347E82FC5->e6065258-5a2c-4a72-9f81-ed1321f551ca: receive RaftClientReply:client-C0E347E82FC5->e6065258-5a2c-4a72-9f81-ed1321f551ca@group-13364FE26125, cid=3579, SUCCESS, logIndex=5847, commits[e6065258-5a2c-4a72-9f81-ed1321f551ca:c5849]
2019-06-14 09:09:48,571 INFO  client.GrpcClientProtocolClient (GrpcClientProtocolClient.java:onNext(254)) - client-C0E347E82FC5->e6065258-5a2c-4a72-9f81-ed1321f551ca: receive RaftClientReply:client-C0E347E82FC5->e6065258-5a2c-4a72-9f81-ed1321f551ca@group-13364FE26125, cid=3580, SUCCESS, logIndex=5848, commits[e6065258-5a2c-4a72-9f81-ed1321f551ca:c5849]
2019-06-14 09:09:48,629 DEBUG block.SCMBlockDeletingService (SCMBlockDeletingService.java:call(138)) - Running DeletedBlockTransactionScanner
2019-06-14 09:09:48,629 DEBUG block.SCMBlockDeletingService (SCMBlockDeletingService.java:call(155)) - Scanned deleted blocks log and got 0 delTX to process.
2019-06-14 09:09:48,646 INFO  client.GrpcClientProtocolClient (GrpcClientProtocolClient.java:onNext(254)) - client-C0E347E82FC5->e6065258-5a2c-4a72-9f81-ed1321f551ca: receive RaftClientReply:client-C0E347E82FC5->e6065258-5a2c-4a72-9f81-ed1321f551ca@group-13364FE26125, cid=3581, SUCCESS, logIndex=5850, commits[e6065258-5a2c-4a72-9f81-ed1321f551ca:c5850]
2019-06-14 09:09:48,647 INFO  client.GrpcClientProtocolClient (GrpcClientProtocolClient.java:onNext(254)) - client-C0E347E82FC5->e6065258-5a2c-4a72-9f81-ed1321f551ca: receive RaftClientReply:client-C0E347E82FC5->e6065258-5a2c-4a72-9f81-ed1321f551ca@group-13364FE26125, cid=3582, SUCCESS, logIndex=5852, commits[e6065258-5a2c-4a72-9f81-ed1321f551ca:c5852]
2019-06-14 09:09:48,648 INFO  client.GrpcClientProtocolClient (GrpcClientProtocolClient.java:onNext(254)) - client-C0E347E82FC5->e6065258-5a2c-4a72-9f81-ed1321f551ca: receive RaftClientReply:client-C0E347E82FC5->e6065258-5a2c-4a72-9f81-ed1321f551ca@group-13364FE26125, cid=3583, SUCCESS, logIndex=5853, commits[e6065258-5a2c-4a72-9f81-ed1321f551ca:c5855]
2019-06-14 09:09:48,648 INFO  client.GrpcClientProtocolClient (GrpcClientProtocolClient.java:onNext(254)) - client-C0E347E82FC5->e6065258-5a2c-4a72-9f81-ed1321f551ca: receive RaftClientReply:client-C0E347E82FC5->e6065258-5a2c-4a72-9f81-ed1321f551ca@group-13364FE26125, cid=3584, SUCCESS, logIndex=5854, commits[e6065258-5a2c-4a72-9f81-ed1321f551ca:c5855]
2019-06-14 09:09:48,658 INFO  client.GrpcClientProtocolClient (GrpcClientProtocolClient.java:onNext(254)) - client-C0E347E82FC5->e6065258-5a2c-4a72-9f81-ed1321f551ca: receive RaftClientReply:client-C0E347E82FC5->e6065258-5a2c-4a72-9f81-ed1321f551ca@group-13364FE26125, cid=3585, SUCCESS, logIndex=5856, commits[e6065258-5a2c-4a72-9f81-ed1321f551ca:c5856]
2019-06-14 09:09:48,659 INFO  client.GrpcClientProtocolClient (GrpcClientProtocolClient.java:onNext(254)) - client-C0E347E82FC5->e6065258-5a2c-4a72-9f81-ed1321f551ca: receive RaftClientReply:client-C0E347E82FC5->e6065258-5a2c-4a72-9f81-ed1321f551ca@group-13364FE26125, cid=3586, SUCCESS, logIndex=5858, commits[e6065258-5a2c-4a72-9f81-ed1321f551ca:c5858]
2019-06-14 09:09:48,660 INFO  client.GrpcClientProtocolClient (GrpcClientProtocolClient.java:onNext(254)) - client-C0E347E82FC5->e6065258-5a2c-4a72-9f81-ed1321f551ca: receive RaftClientReply:client-C0E347E82FC5->e6065258-5a2c-4a72-9f81-ed1321f551ca@group-13364FE26125, cid=3587, SUCCESS, logIndex=5859, commits[e6065258-5a2c-4a72-9f81-ed1321f551ca:c5861]
2019-06-14 09:09:48,660 INFO  client.GrpcClientProtocolClient (GrpcClientProtocolClient.java:onNext(254)) - client-C0E347E82FC5->e6065258-5a2c-4a72-9f81-ed1321f551ca: receive RaftClientReply:client-C0E347E82FC5->e6065258-5a2c-4a72-9f81-ed1321f551ca@group-13364FE26125, cid=3588, SUCCESS, logIndex=5860, commits[e6065258-5a2c-4a72-9f81-ed1321f551ca:c5861]
2019-06-14 09:09:48,665 INFO  client.GrpcClientProtocolClient (GrpcClientProtocolClient.java:onNext(254)) - client-C0E347E82FC5->e6065258-5a2c-4a72-9f81-ed1321f551ca: receive RaftClientReply:client-C0E347E82FC5->e6065258-5a2c-4a72-9f81-ed1321f551ca@group-13364FE26125, cid=3589, SUCCESS, logIndex=5862, commits[e6065258-5a2c-4a72-9f81-ed1321f551ca:c5862]
2019-06-14 09:09:48,666 INFO  client.GrpcClientProtocolClient (GrpcClientProtocolClient.java:onNext(254)) - client-C0E347E82FC5->e6065258-5a2c-4a72-9f81-ed1321f551ca: receive RaftClientReply:client-C0E347E82FC5->e6065258-5a2c-4a72-9f81-ed1321f551ca@group-13364FE26125, cid=3590, SUCCESS, logIndex=5864, commits[e6065258-5a2c-4a72-9f81-ed1321f551ca:c5864]
2019-06-14 09:09:48,667 INFO  client.GrpcClientProtocolClient (GrpcClientProtocolClient.java:onNext(254)) - client-C0E347E82FC5->e6065258-5a2c-4a72-9f81-ed1321f551ca: receive RaftClientReply:client-C0E347E82FC5->e6065258-5a2c-4a72-9f81-ed1321f551ca@group-13364FE26125, cid=3591, SUCCESS, logIndex=5865, commits[e6065258-5a2c-4a72-9f81-ed1321f551ca:c5867]
2019-06-14 09:09:48,667 INFO  client.GrpcClientProtocolClient (GrpcClientProtocolClient.java:onNext(254)) - client-C0E347E82FC5->e6065258-5a2c-4a72-9f81-ed1321f551ca: receive RaftClientReply:client-C0E347E82FC5->e6065258-5a2c-4a72-9f81-ed1321f551ca@group-13364FE26125, cid=3592, SUCCESS, logIndex=5866, commits[e6065258-5a2c-4a72-9f81-ed1321f551ca:c5867]
2019-06-14 09:09:48,678 INFO  client.GrpcClientProtocolClient (GrpcClientProtocolClient.java:onNext(254)) - client-C0E347E82FC5->e6065258-5a2c-4a72-9f81-ed1321f551ca: receive RaftClientReply:client-C0E347E82FC5->e6065258-5a2c-4a72-9f81-ed1321f551ca@group-13364FE26125, cid=3593, SUCCESS, logIndex=5868, commits[e6065258-5a2c-4a72-9f81-ed1321f551ca:c5868]
2019-06-14 09:09:48,680 INFO  client.GrpcClientProtocolClient (GrpcClientProtocolClient.java:onNext(254)) - client-C0E347E82FC5->e6065258-5a2c-4a72-9f81-ed1321f551ca: receive RaftClientReply:client-C0E347E82FC5->e6065258-5a2c-4a72-9f81-ed1321f551ca@group-13364FE26125, cid=3594, SUCCESS, logIndex=5870, commits[e6065258-5a2c-4a72-9f81-ed1321f551ca:c5870]
2019-06-14 09:09:48,680 INFO  client.GrpcClientProtocolClient (GrpcClientProtocolClient.java:onNext(254)) - client-C0E347E82FC5->e6065258-5a2c-4a72-9f81-ed1321f551ca: receive RaftClientReply:client-C0E347E82FC5->e6065258-5a2c-4a72-9f81-ed1321f551ca@group-13364FE26125, cid=3595, SUCCESS, logIndex=5871, commits[e6065258-5a2c-4a72-9f81-ed1321f551ca:c5873]
2019-06-14 09:09:48,680 INFO  client.GrpcClientProtocolClient (GrpcClientProtocolClient.java:onNext(254)) - client-C0E347E82FC5->e6065258-5a2c-4a72-9f81-ed1321f551ca: receive RaftClientReply:client-C0E347E82FC5->e6065258-5a2c-4a72-9f81-ed1321f551ca@group-13364FE26125, cid=3596, SUCCESS, logIndex=5872, commits[e6065258-5a2c-4a72-9f81-ed1321f551ca:c5873]
2019-06-14 09:09:48,686 INFO  client.GrpcClientProtocolClient (GrpcClientProtocolClient.java:onNext(254)) - client-C0E347E82FC5->e6065258-5a2c-4a72-9f81-ed1321f551ca: receive RaftClientReply:client-C0E347E82FC5->e6065258-5a2c-4a72-9f81-ed1321f551ca@group-13364FE26125, cid=3597, SUCCESS, logIndex=5874, commits[e6065258-5a2c-4a72-9f81-ed1321f551ca:c5874]
2019-06-14 09:09:48,687 INFO  client.GrpcClientProtocolClient (GrpcClientProtocolClient.java:onNext(254)) - client-C0E347E82FC5->e6065258-5a2c-4a72-9f81-ed1321f551ca: receive RaftClientReply:client-C0E347E82FC5->e6065258-5a2c-4a72-9f81-ed1321f551ca@group-13364FE26125, cid=3598, SUCCESS, logIndex=5876, commits[e6065258-5a2c-4a72-9f81-ed1321f551ca:c5876]
2019-06-14 09:09:48,688 INFO  client.GrpcClientProtocolClient (GrpcClientProtocolClient.java:onNext(254)) - client-C0E347E82FC5->e6065258-5a2c-4a72-9f81-ed1321f551ca: receive RaftClientReply:client-C0E347E82FC5->e6065258-5a2c-4a72-9f81-ed1321f551ca@group-13364FE26125, cid=3599, SUCCESS, logIndex=5877, commits[e6065258-5a2c-4a72-9f81-ed1321f551ca:c5879]
2019-06-14 09:09:48,688 INFO  client.GrpcClientProtocolClient (GrpcClientProtocolClient.java:onNext(254)) - client-C0E347E82FC5->e6065258-5a2c-4a72-9f81-ed1321f551ca: receive RaftClientReply:client-C0E347E82FC5->e6065258-5a2c-4a72-9f81-ed1321f551ca@group-13364FE26125, cid=3600, SUCCESS, logIndex=5878, commits[e6065258-5a2c-4a72-9f81-ed1321f551ca:c5879]
2019-06-14 09:09:48,699 INFO  client.GrpcClientProtocolClient (GrpcClientProtocolClient.java:onNext(254)) - client-C0E347E82FC5->e6065258-5a2c-4a72-9f81-ed1321f551ca: receive RaftClientReply:client-C0E347E82FC5->e6065258-5a2c-4a72-9f81-ed1321f551ca@group-13364FE26125, cid=3601, SUCCESS, logIndex=5880, commits[e6065258-5a2c-4a72-9f81-ed1321f551ca:c5880]
2019-06-14 09:09:48,700 INFO  client.GrpcClientProtocolClient (GrpcClientProtocolClient.java:onNext(254)) - client-C0E347E82FC5->e6065258-5a2c-4a72-9f81-ed1321f551ca: receive RaftClientReply:client-C0E347E82FC5->e6065258-5a2c-4a72-9f81-ed1321f551ca@group-13364FE26125, cid=3602, SUCCESS, logIndex=5882, commits[e6065258-5a2c-4a72-9f81-ed1321f551ca:c5882]
2019-06-14 09:09:48,701 INFO  client.GrpcClientProtocolClient (GrpcClientProtocolClient.java:onNext(254)) - client-C0E347E82FC5->e6065258-5a2c-4a72-9f81-ed1321f551ca: receive RaftClientReply:client-C0E347E82FC5->e6065258-5a2c-4a72-9f81-ed1321f551ca@group-13364FE26125, cid=3603, SUCCESS, logIndex=5883, commits[e6065258-5a2c-4a72-9f81-ed1321f551ca:c5885]
2019-06-14 09:09:48,702 INFO  client.GrpcClientProtocolClient (GrpcClientProtocolClient.java:onNext(254)) - client-C0E347E82FC5->e6065258-5a2c-4a72-9f81-ed1321f551ca: receive RaftClientReply:client-C0E347E82FC5->e6065258-5a2c-4a72-9f81-ed1321f551ca@group-13364FE26125, cid=3604, SUCCESS, logIndex=5884, commits[e6065258-5a2c-4a72-9f81-ed1321f551ca:c5885]
2019-06-14 09:09:48,706 INFO  client.GrpcClientProtocolClient (GrpcClientProtocolClient.java:onNext(254)) - client-C0E347E82FC5->e6065258-5a2c-4a72-9f81-ed1321f551ca: receive RaftClientReply:client-C0E347E82FC5->e6065258-5a2c-4a72-9f81-ed1321f551ca@group-13364FE26125, cid=3605, SUCCESS, logIndex=5886, commits[e6065258-5a2c-4a72-9f81-ed1321f551ca:c5886]
2019-06-14 09:09:48,708 INFO  client.GrpcClientProtocolClient (GrpcClientProtocolClient.java:onNext(254)) - client-C0E347E82FC5->e6065258-5a2c-4a72-9f81-ed1321f551ca: receive RaftClientReply:client-C0E347E82FC5->e6065258-5a2c-4a72-9f81-ed1321f551ca@group-13364FE26125, cid=3606, SUCCESS, logIndex=5888, commits[e6065258-5a2c-4a72-9f81-ed1321f551ca:c5888]
2019-06-14 09:09:48,709 INFO  client.GrpcClientProtocolClient (GrpcClientProtocolClient.java:onNext(254)) - client-C0E347E82FC5->e6065258-5a2c-4a72-9f81-ed1321f551ca: receive RaftClientReply:client-C0E347E82FC5->e6065258-5a2c-4a72-9f81-ed1321f551ca@group-13364FE26125, cid=3607, SUCCESS, logIndex=5889, commits[e6065258-5a2c-4a72-9f81-ed1321f551ca:c5891]
2019-06-14 09:09:48,709 INFO  client.GrpcClientProtocolClient (GrpcClientProtocolClient.java:onNext(254)) - client-C0E347E82FC5->e6065258-5a2c-4a72-9f81-ed1321f551ca: receive RaftClientReply:client-C0E347E82FC5->e6065258-5a2c-4a72-9f81-ed1321f551ca@group-13364FE26125, cid=3608, SUCCESS, logIndex=5890, commits[e6065258-5a2c-4a72-9f81-ed1321f551ca:c5891]
2019-06-14 09:09:48,753 DEBUG block.SCMBlockDeletingService (SCMBlockDeletingService.java:call(138)) - Running DeletedBlockTransactionScanner
2019-06-14 09:09:48,754 DEBUG block.SCMBlockDeletingService (SCMBlockDeletingService.java:call(155)) - Scanned deleted blocks log and got 0 delTX to process.
2019-06-14 09:09:48,764 INFO  client.GrpcClientProtocolClient (GrpcClientProtocolClient.java:onNext(254)) - client-C0E347E82FC5->e6065258-5a2c-4a72-9f81-ed1321f551ca: receive RaftClientReply:client-C0E347E82FC5->e6065258-5a2c-4a72-9f81-ed1321f551ca@group-13364FE26125, cid=3609, SUCCESS, logIndex=5892, commits[e6065258-5a2c-4a72-9f81-ed1321f551ca:c5892]
2019-06-14 09:09:48,766 INFO  client.GrpcClientProtocolClient (GrpcClientProtocolClient.java:onNext(254)) - client-C0E347E82FC5->e6065258-5a2c-4a72-9f81-ed1321f551ca: receive RaftClientReply:client-C0E347E82FC5->e6065258-5a2c-4a72-9f81-ed1321f551ca@group-13364FE26125, cid=3610, SUCCESS, logIndex=5894, commits[e6065258-5a2c-4a72-9f81-ed1321f551ca:c5894]
2019-06-14 09:09:48,767 INFO  client.GrpcClientProtocolClient (GrpcClientProtocolClient.java:onNext(254)) - client-C0E347E82FC5->e6065258-5a2c-4a72-9f81-ed1321f551ca: receive RaftClientReply:client-C0E347E82FC5->e6065258-5a2c-4a72-9f81-ed1321f551ca@group-13364FE26125, cid=3611, SUCCESS, logIndex=5895, commits[e6065258-5a2c-4a72-9f81-ed1321f551ca:c5896]
2019-06-14 09:09:48,767 INFO  client.GrpcClientProtocolClient (GrpcClientProtocolClient.java:onNext(254)) - client-C0E347E82FC5->e6065258-5a2c-4a72-9f81-ed1321f551ca: receive RaftClientReply:client-C0E347E82FC5->e6065258-5a2c-4a72-9f81-ed1321f551ca@group-13364FE26125, cid=3612, SUCCESS, logIndex=5896, commits[e6065258-5a2c-4a72-9f81-ed1321f551ca:c5896]
2019-06-14 09:09:48,773 INFO  client.GrpcClientProtocolClient (GrpcClientProtocolClient.java:onNext(254)) - client-C0E347E82FC5->e6065258-5a2c-4a72-9f81-ed1321f551ca: receive RaftClientReply:client-C0E347E82FC5->e6065258-5a2c-4a72-9f81-ed1321f551ca@group-13364FE26125, cid=3613, SUCCESS, logIndex=5899, commits[e6065258-5a2c-4a72-9f81-ed1321f551ca:c5899]
2019-06-14 09:09:48,774 INFO  client.GrpcClientProtocolClient (GrpcClientProtocolClient.java:onNext(254)) - client-C0E347E82FC5->e6065258-5a2c-4a72-9f81-ed1321f551ca: receive RaftClientReply:client-C0E347E82FC5->e6065258-5a2c-4a72-9f81-ed1321f551ca@group-13364FE26125, cid=3614, SUCCESS, logIndex=5901, commits[e6065258-5a2c-4a72-9f81-ed1321f551ca:c5901]
2019-06-14 09:09:48,775 INFO  client.GrpcClientProtocolClient (GrpcClientProtocolClient.java:onNext(254)) - client-C0E347E82FC5->e6065258-5a2c-4a72-9f81-ed1321f551ca: receive RaftClientReply:client-C0E347E82FC5->e6065258-5a2c-4a72-9f81-ed1321f551ca@group-13364FE26125, cid=3615, SUCCESS, logIndex=5902, commits[e6065258-5a2c-4a72-9f81-ed1321f551ca:c5904]
2019-06-14 09:09:48,775 INFO  client.GrpcClientProtocolClient (GrpcClientProtocolClient.java:onNext(254)) - client-C0E347E82FC5->e6065258-5a2c-4a72-9f81-ed1321f551ca: receive RaftClientReply:client-C0E347E82FC5->e6065258-5a2c-4a72-9f81-ed1321f551ca@group-13364FE26125, cid=3616, SUCCESS, logIndex=5903, commits[e6065258-5a2c-4a72-9f81-ed1321f551ca:c5904]
2019-06-14 09:09:48,783 INFO  storage.RaftLogWorker (RaftLogWorker.java:rollLogSegment(303)) - e6065258-5a2c-4a72-9f81-ed1321f551ca-RaftLogWorker: Rolling segment log-5840_5904 to index:5904
2019-06-14 09:09:48,783 INFO  storage.RaftLogWorker (RaftLogWorker.java:execute(433)) - e6065258-5a2c-4a72-9f81-ed1321f551ca-RaftLogWorker: Rolled log segment from /opt/src/hadoop-ozone/integration-test/target/test-dir/MiniOzoneClusterImpl-a56da109-a1cb-4168-8966-62306f2f2d23/datanode-0/data/ratis/920138aa-6f47-4d6d-b5cc-13364fe26125/current/log_inprogress_5840 to /opt/src/hadoop-ozone/integration-test/target/test-dir/MiniOzoneClusterImpl-a56da109-a1cb-4168-8966-62306f2f2d23/datanode-0/data/ratis/920138aa-6f47-4d6d-b5cc-13364fe26125/current/log_5840-5904
2019-06-14 09:09:48,819 INFO  storage.RaftLogWorker (RaftLogWorker.java:execute(469)) - e6065258-5a2c-4a72-9f81-ed1321f551ca-RaftLogWorker: created new log segment /opt/src/hadoop-ozone/integration-test/target/test-dir/MiniOzoneClusterImpl-a56da109-a1cb-4168-8966-62306f2f2d23/datanode-0/data/ratis/920138aa-6f47-4d6d-b5cc-13364fe26125/current/log_inprogress_5905
2019-06-14 09:09:48,821 INFO  client.GrpcClientProtocolClient (GrpcClientProtocolClient.java:onNext(254)) - client-C0E347E82FC5->e6065258-5a2c-4a72-9f81-ed1321f551ca: receive RaftClientReply:client-C0E347E82FC5->e6065258-5a2c-4a72-9f81-ed1321f551ca@group-13364FE26125, cid=3617, SUCCESS, logIndex=5905, commits[e6065258-5a2c-4a72-9f81-ed1321f551ca:c5905]
2019-06-14 09:09:48,823 INFO  client.GrpcClientProtocolClient (GrpcClientProtocolClient.java:onNext(254)) - client-C0E347E82FC5->e6065258-5a2c-4a72-9f81-ed1321f551ca: receive RaftClientReply:client-C0E347E82FC5->e6065258-5a2c-4a72-9f81-ed1321f551ca@group-13364FE26125, cid=3618, SUCCESS, logIndex=5907, commits[e6065258-5a2c-4a72-9f81-ed1321f551ca:c5907]
2019-06-14 09:09:48,823 INFO  client.GrpcClientProtocolClient (GrpcClientProtocolClient.java:onNext(254)) - client-C0E347E82FC5->e6065258-5a2c-4a72-9f81-ed1321f551ca: receive RaftClientReply:client-C0E347E82FC5->e6065258-5a2c-4a72-9f81-ed1321f551ca@group-13364FE26125, cid=3619, SUCCESS, logIndex=5908, commits[e6065258-5a2c-4a72-9f81-ed1321f551ca:c5909]
2019-06-14 09:09:48,824 INFO  client.GrpcClientProtocolClient (GrpcClientProtocolClient.java:onNext(254)) - client-C0E347E82FC5->e6065258-5a2c-4a72-9f81-ed1321f551ca: receive RaftClientReply:client-C0E347E82FC5->e6065258-5a2c-4a72-9f81-ed1321f551ca@group-13364FE26125, cid=3620, SUCCESS, logIndex=5909, commits[e6065258-5a2c-4a72-9f81-ed1321f551ca:c5909]
2019-06-14 09:09:48,829 INFO  client.GrpcClientProtocolClient (GrpcClientProtocolClient.java:onNext(254)) - client-C0E347E82FC5->e6065258-5a2c-4a72-9f81-ed1321f551ca: receive RaftClientReply:client-C0E347E82FC5->e6065258-5a2c-4a72-9f81-ed1321f551ca@group-13364FE26125, cid=3621, SUCCESS, logIndex=5912, commits[e6065258-5a2c-4a72-9f81-ed1321f551ca:c5912]
2019-06-14 09:09:48,830 INFO  client.GrpcClientProtocolClient (GrpcClientProtocolClient.java:onNext(254)) - client-C0E347E82FC5->e6065258-5a2c-4a72-9f81-ed1321f551ca: receive RaftClientReply:client-C0E347E82FC5->e6065258-5a2c-4a72-9f81-ed1321f551ca@group-13364FE26125, cid=3622, SUCCESS, logIndex=5914, commits[e6065258-5a2c-4a72-9f81-ed1321f551ca:c5914]
2019-06-14 09:09:48,831 INFO  client.GrpcClientProtocolClient (GrpcClientProtocolClient.java:onNext(254)) - client-C0E347E82FC5->e6065258-5a2c-4a72-9f81-ed1321f551ca: receive RaftClientReply:client-C0E347E82FC5->e6065258-5a2c-4a72-9f81-ed1321f551ca@group-13364FE26125, cid=3623, SUCCESS, logIndex=5915, commits[e6065258-5a2c-4a72-9f81-ed1321f551ca:c5916]
2019-06-14 09:09:48,831 INFO  client.GrpcClientProtocolClient (GrpcClientProtocolClient.java:onNext(254)) - client-C0E347E82FC5->e6065258-5a2c-4a72-9f81-ed1321f551ca: receive RaftClientReply:client-C0E347E82FC5->e6065258-5a2c-4a72-9f81-ed1321f551ca@group-13364FE26125, cid=3624, SUCCESS, logIndex=5916, commits[e6065258-5a2c-4a72-9f81-ed1321f551ca:c5916]
2019-06-14 09:09:48,854 DEBUG block.SCMBlockDeletingService (SCMBlockDeletingService.java:call(138)) - Running DeletedBlockTransactionScanner
2019-06-14 09:09:48,854 DEBUG block.SCMBlockDeletingService (SCMBlockDeletingService.java:call(155)) - Scanned deleted blocks log and got 0 delTX to process.
2019-06-14 09:09:48,907 INFO  client.GrpcClientProtocolClient (GrpcClientProtocolClient.java:onNext(254)) - client-C0E347E82FC5->e6065258-5a2c-4a72-9f81-ed1321f551ca: receive RaftClientReply:client-C0E347E82FC5->e6065258-5a2c-4a72-9f81-ed1321f551ca@group-13364FE26125, cid=3625, SUCCESS, logIndex=5919, commits[e6065258-5a2c-4a72-9f81-ed1321f551ca:c5919]
2019-06-14 09:09:48,908 INFO  client.GrpcClientProtocolClient (GrpcClientProtocolClient.java:onNext(254)) - client-C0E347E82FC5->e6065258-5a2c-4a72-9f81-ed1321f551ca: receive RaftClientReply:client-C0E347E82FC5->e6065258-5a2c-4a72-9f81-ed1321f551ca@group-13364FE26125, cid=3626, SUCCESS, logIndex=5921, commits[e6065258-5a2c-4a72-9f81-ed1321f551ca:c5921]
2019-06-14 09:09:48,909 INFO  client.GrpcClientProtocolClient (GrpcClientProtocolClient.java:onNext(254)) - client-C0E347E82FC5->e6065258-5a2c-4a72-9f81-ed1321f551ca: receive RaftClientReply:client-C0E347E82FC5->e6065258-5a2c-4a72-9f81-ed1321f551ca@group-13364FE26125, cid=3627, SUCCESS, logIndex=5922, commits[e6065258-5a2c-4a72-9f81-ed1321f551ca:c5924]
2019-06-14 09:09:48,910 INFO  client.GrpcClientProtocolClient (GrpcClientProtocolClient.java:onNext(254)) - client-C0E347E82FC5->e6065258-5a2c-4a72-9f81-ed1321f551ca: receive RaftClientReply:client-C0E347E82FC5->e6065258-5a2c-4a72-9f81-ed1321f551ca@group-13364FE26125, cid=3628, SUCCESS, logIndex=5923, commits[e6065258-5a2c-4a72-9f81-ed1321f551ca:c5924]
2019-06-14 09:09:48,914 INFO  client.GrpcClientProtocolClient (GrpcClientProtocolClient.java:onNext(254)) - client-C0E347E82FC5->e6065258-5a2c-4a72-9f81-ed1321f551ca: receive RaftClientReply:client-C0E347E82FC5->e6065258-5a2c-4a72-9f81-ed1321f551ca@group-13364FE26125, cid=3629, SUCCESS, logIndex=5925, commits[e6065258-5a2c-4a72-9f81-ed1321f551ca:c5925]
2019-06-14 09:09:48,915 INFO  client.GrpcClientProtocolClient (GrpcClientProtocolClient.java:onNext(254)) - client-C0E347E82FC5->e6065258-5a2c-4a72-9f81-ed1321f551ca: receive RaftClientReply:client-C0E347E82FC5->e6065258-5a2c-4a72-9f81-ed1321f551ca@group-13364FE26125, cid=3630, SUCCESS, logIndex=5927, commits[e6065258-5a2c-4a72-9f81-ed1321f551ca:c5927]
2019-06-14 09:09:48,916 INFO  client.GrpcClientProtocolClient (GrpcClientProtocolClient.java:onNext(254)) - client-C0E347E82FC5->e6065258-5a2c-4a72-9f81-ed1321f551ca: receive RaftClientReply:client-C0E347E82FC5->e6065258-5a2c-4a72-9f81-ed1321f551ca@group-13364FE26125, cid=3631, SUCCESS, logIndex=5928, commits[e6065258-5a2c-4a72-9f81-ed1321f551ca:c5930]
2019-06-14 09:09:48,916 INFO  client.GrpcClientProtocolClient (GrpcClientProtocolClient.java:onNext(254)) - client-C0E347E82FC5->e6065258-5a2c-4a72-9f81-ed1321f551ca: receive RaftClientReply:client-C0E347E82FC5->e6065258-5a2c-4a72-9f81-ed1321f551ca@group-13364FE26125, cid=3632, SUCCESS, logIndex=5929, commits[e6065258-5a2c-4a72-9f81-ed1321f551ca:c5930]
2019-06-14 09:09:48,926 INFO  client.GrpcClientProtocolClient (GrpcClientProtocolClient.java:onNext(254)) - client-C0E347E82FC5->e6065258-5a2c-4a72-9f81-ed1321f551ca: receive RaftClientReply:client-C0E347E82FC5->e6065258-5a2c-4a72-9f81-ed1321f551ca@group-13364FE26125, cid=3633, SUCCESS, logIndex=5931, commits[e6065258-5a2c-4a72-9f81-ed1321f551ca:c5931]
2019-06-14 09:09:48,927 INFO  client.GrpcClientProtocolClient (GrpcClientProtocolClient.java:onNext(254)) - client-C0E347E82FC5->e6065258-5a2c-4a72-9f81-ed1321f551ca: receive RaftClientReply:client-C0E347E82FC5->e6065258-5a2c-4a72-9f81-ed1321f551ca@group-13364FE26125, cid=3634, SUCCESS, logIndex=5933, commits[e6065258-5a2c-4a72-9f81-ed1321f551ca:c5933]
2019-06-14 09:09:48,928 INFO  client.GrpcClientProtocolClient (GrpcClientProtocolClient.java:onNext(254)) - client-C0E347E82FC5->e6065258-5a2c-4a72-9f81-ed1321f551ca: receive RaftClientReply:client-C0E347E82FC5->e6065258-5a2c-4a72-9f81-ed1321f551ca@group-13364FE26125, cid=3635, SUCCESS, logIndex=5934, commits[e6065258-5a2c-4a72-9f81-ed1321f551ca:c5936]
2019-06-14 09:09:48,928 INFO  client.GrpcClientProtocolClient (GrpcClientProtocolClient.java:onNext(254)) - client-C0E347E82FC5->e6065258-5a2c-4a72-9f81-ed1321f551ca: receive RaftClientReply:client-C0E347E82FC5->e6065258-5a2c-4a72-9f81-ed1321f551ca@group-13364FE26125, cid=3636, SUCCESS, logIndex=5935, commits[e6065258-5a2c-4a72-9f81-ed1321f551ca:c5936]
2019-06-14 09:09:48,934 INFO  client.GrpcClientProtocolClient (GrpcClientProtocolClient.java:onNext(254)) - client-C0E347E82FC5->e6065258-5a2c-4a72-9f81-ed1321f551ca: receive RaftClientReply:client-C0E347E82FC5->e6065258-5a2c-4a72-9f81-ed1321f551ca@group-13364FE26125, cid=3637, SUCCESS, logIndex=5937, commits[e6065258-5a2c-4a72-9f81-ed1321f551ca:c5937]
2019-06-14 09:09:48,936 INFO  client.GrpcClientProtocolClient (GrpcClientProtocolClient.java:onNext(254)) - client-C0E347E82FC5->e6065258-5a2c-4a72-9f81-ed1321f551ca: receive RaftClientReply:client-C0E347E82FC5->e6065258-5a2c-4a72-9f81-ed1321f551ca@group-13364FE26125, cid=3638, SUCCESS, logIndex=5939, commits[e6065258-5a2c-4a72-9f81-ed1321f551ca:c5939]
2019-06-14 09:09:48,936 INFO  client.GrpcClientProtocolClient (GrpcClientProtocolClient.java:onNext(254)) - client-C0E347E82FC5->e6065258-5a2c-4a72-9f81-ed1321f551ca: receive RaftClientReply:client-C0E347E82FC5->e6065258-5a2c-4a72-9f81-ed1321f551ca@group-13364FE26125, cid=3639, SUCCESS, logIndex=5940, commits[e6065258-5a2c-4a72-9f81-ed1321f551ca:c5941]
2019-06-14 09:09:48,937 INFO  client.GrpcClientProtocolClient (GrpcClientProtocolClient.java:onNext(254)) - client-C0E347E82FC5->e6065258-5a2c-4a72-9f81-ed1321f551ca: receive RaftClientReply:client-C0E347E82FC5->e6065258-5a2c-4a72-9f81-ed1321f551ca@group-13364FE26125, cid=3640, SUCCESS, logIndex=5941, commits[e6065258-5a2c-4a72-9f81-ed1321f551ca:c5941]
2019-06-14 09:09:48,947 INFO  client.GrpcClientProtocolClient (GrpcClientProtocolClient.java:onNext(254)) - client-C0E347E82FC5->e6065258-5a2c-4a72-9f81-ed1321f551ca: receive RaftClientReply:client-C0E347E82FC5->e6065258-5a2c-4a72-9f81-ed1321f551ca@group-13364FE26125, cid=3641, SUCCESS, logIndex=5944, commits[e6065258-5a2c-4a72-9f81-ed1321f551ca:c5944]
2019-06-14 09:09:48,949 INFO  client.GrpcClientProtocolClient (GrpcClientProtocolClient.java:onNext(254)) - client-C0E347E82FC5->e6065258-5a2c-4a72-9f81-ed1321f551ca: receive RaftClientReply:client-C0E347E82FC5->e6065258-5a2c-4a72-9f81-ed1321f551ca@group-13364FE26125, cid=3642, SUCCESS, logIndex=5946, commits[e6065258-5a2c-4a72-9f81-ed1321f551ca:c5946]
2019-06-14 09:09:48,950 INFO  client.GrpcClientProtocolClient (GrpcClientProtocolClient.java:onNext(254)) - client-C0E347E82FC5->e6065258-5a2c-4a72-9f81-ed1321f551ca: receive RaftClientReply:client-C0E347E82FC5->e6065258-5a2c-4a72-9f81-ed1321f551ca@group-13364FE26125, cid=3643, SUCCESS, logIndex=5947, commits[e6065258-5a2c-4a72-9f81-ed1321f551ca:c5949]
2019-06-14 09:09:48,950 INFO  client.GrpcClientProtocolClient (GrpcClientProtocolClient.java:onNext(254)) - client-C0E347E82FC5->e6065258-5a2c-4a72-9f81-ed1321f551ca: receive RaftClientReply:client-C0E347E82FC5->e6065258-5a2c-4a72-9f81-ed1321f551ca@group-13364FE26125, cid=3644, SUCCESS, logIndex=5948, commits[e6065258-5a2c-4a72-9f81-ed1321f551ca:c5949]
2019-06-14 09:09:48,954 DEBUG block.SCMBlockDeletingService (SCMBlockDeletingService.java:call(138)) - Running DeletedBlockTransactionScanner
2019-06-14 09:09:48,954 DEBUG block.SCMBlockDeletingService (SCMBlockDeletingService.java:call(155)) - Scanned deleted blocks log and got 0 delTX to process.
2019-06-14 09:09:48,955 INFO  client.GrpcClientProtocolClient (GrpcClientProtocolClient.java:onNext(254)) - client-C0E347E82FC5->e6065258-5a2c-4a72-9f81-ed1321f551ca: receive RaftClientReply:client-C0E347E82FC5->e6065258-5a2c-4a72-9f81-ed1321f551ca@group-13364FE26125, cid=3645, SUCCESS, logIndex=5950, commits[e6065258-5a2c-4a72-9f81-ed1321f551ca:c5950]
2019-06-14 09:09:48,958 INFO  client.GrpcClientProtocolClient (GrpcClientProtocolClient.java:onNext(254)) - client-C0E347E82FC5->e6065258-5a2c-4a72-9f81-ed1321f551ca: receive RaftClientReply:client-C0E347E82FC5->e6065258-5a2c-4a72-9f81-ed1321f551ca@group-13364FE26125, cid=3646, SUCCESS, logIndex=5952, commits[e6065258-5a2c-4a72-9f81-ed1321f551ca:c5955]
2019-06-14 09:09:48,958 INFO  client.GrpcClientProtocolClient (GrpcClientProtocolClient.java:onNext(254)) - client-C0E347E82FC5->e6065258-5a2c-4a72-9f81-ed1321f551ca: receive RaftClientReply:client-C0E347E82FC5->e6065258-5a2c-4a72-9f81-ed1321f551ca@group-13364FE26125, cid=3647, SUCCESS, logIndex=5953, commits[e6065258-5a2c-4a72-9f81-ed1321f551ca:c5955]
2019-06-14 09:09:48,958 INFO  client.GrpcClientProtocolClient (GrpcClientProtocolClient.java:onNext(254)) - client-C0E347E82FC5->e6065258-5a2c-4a72-9f81-ed1321f551ca: receive RaftClientReply:client-C0E347E82FC5->e6065258-5a2c-4a72-9f81-ed1321f551ca@group-13364FE26125, cid=3648, SUCCESS, logIndex=5954, commits[e6065258-5a2c-4a72-9f81-ed1321f551ca:c5955]
2019-06-14 09:09:48,973 INFO  client.GrpcClientProtocolClient (GrpcClientProtocolClient.java:onNext(254)) - client-C0E347E82FC5->e6065258-5a2c-4a72-9f81-ed1321f551ca: receive RaftClientReply:client-C0E347E82FC5->e6065258-5a2c-4a72-9f81-ed1321f551ca@group-13364FE26125, cid=3649, SUCCESS, logIndex=5956, commits[e6065258-5a2c-4a72-9f81-ed1321f551ca:c5956]
2019-06-14 09:09:48,974 INFO  client.GrpcClientProtocolClient (GrpcClientProtocolClient.java:onNext(254)) - client-C0E347E82FC5->e6065258-5a2c-4a72-9f81-ed1321f551ca: receive RaftClientReply:client-C0E347E82FC5->e6065258-5a2c-4a72-9f81-ed1321f551ca@group-13364FE26125, cid=3650, SUCCESS, logIndex=5958, commits[e6065258-5a2c-4a72-9f81-ed1321f551ca:c5958]
2019-06-14 09:09:48,976 INFO  client.GrpcClientProtocolClient (GrpcClientProtocolClient.java:onNext(254)) - client-C0E347E82FC5->e6065258-5a2c-4a72-9f81-ed1321f551ca: receive RaftClientReply:client-C0E347E82FC5->e6065258-5a2c-4a72-9f81-ed1321f551ca@group-13364FE26125, cid=3651, SUCCESS, logIndex=5960, commits[e6065258-5a2c-4a72-9f81-ed1321f551ca:c5961]
2019-06-14 09:09:48,976 INFO  client.GrpcClientProtocolClient (GrpcClientProtocolClient.java:onNext(254)) - client-C0E347E82FC5->e6065258-5a2c-4a72-9f81-ed1321f551ca: receive RaftClientReply:client-C0E347E82FC5->e6065258-5a2c-4a72-9f81-ed1321f551ca@group-13364FE26125, cid=3652, SUCCESS, logIndex=5961, commits[e6065258-5a2c-4a72-9f81-ed1321f551ca:c5961]
2019-06-14 09:09:48,982 INFO  client.GrpcClientProtocolClient (GrpcClientProtocolClient.java:onNext(254)) - client-C0E347E82FC5->e6065258-5a2c-4a72-9f81-ed1321f551ca: receive RaftClientReply:client-C0E347E82FC5->e6065258-5a2c-4a72-9f81-ed1321f551ca@group-13364FE26125, cid=3653, SUCCESS, logIndex=5963, commits[e6065258-5a2c-4a72-9f81-ed1321f551ca:c5963]
2019-06-14 09:09:48,983 INFO  client.GrpcClientProtocolClient (GrpcClientProtocolClient.java:onNext(254)) - client-C0E347E82FC5->e6065258-5a2c-4a72-9f81-ed1321f551ca: receive RaftClientReply:client-C0E347E82FC5->e6065258-5a2c-4a72-9f81-ed1321f551ca@group-13364FE26125, cid=3654, SUCCESS, logIndex=5965, commits[e6065258-5a2c-4a72-9f81-ed1321f551ca:c5965]
2019-06-14 09:09:48,984 INFO  client.GrpcClientProtocolClient (GrpcClientProtocolClient.java:onNext(254)) - client-C0E347E82FC5->e6065258-5a2c-4a72-9f81-ed1321f551ca: receive RaftClientReply:client-C0E347E82FC5->e6065258-5a2c-4a72-9f81-ed1321f551ca@group-13364FE26125, cid=3655, SUCCESS, logIndex=5966, commits[e6065258-5a2c-4a72-9f81-ed1321f551ca:c5967]
2019-06-14 09:09:48,984 INFO  client.GrpcClientProtocolClient (GrpcClientProtocolClient.java:onNext(254)) - client-C0E347E82FC5->e6065258-5a2c-4a72-9f81-ed1321f551ca: receive RaftClientReply:client-C0E347E82FC5->e6065258-5a2c-4a72-9f81-ed1321f551ca@group-13364FE26125, cid=3656, SUCCESS, logIndex=5967, commits[e6065258-5a2c-4a72-9f81-ed1321f551ca:c5967]
2019-06-14 09:09:48,994 INFO  client.GrpcClientProtocolClient (GrpcClientProtocolClient.java:onNext(254)) - client-C0E347E82FC5->e6065258-5a2c-4a72-9f81-ed1321f551ca: receive RaftClientReply:client-C0E347E82FC5->e6065258-5a2c-4a72-9f81-ed1321f551ca@group-13364FE26125, cid=3657, SUCCESS, logIndex=5970, commits[e6065258-5a2c-4a72-9f81-ed1321f551ca:c5970]
2019-06-14 09:09:48,996 INFO  client.GrpcClientProtocolClient (GrpcClientProtocolClient.java:onNext(254)) - client-C0E347E82FC5->e6065258-5a2c-4a72-9f81-ed1321f551ca: receive RaftClientReply:client-C0E347E82FC5->e6065258-5a2c-4a72-9f81-ed1321f551ca@group-13364FE26125, cid=3658, SUCCESS, logIndex=5972, commits[e6065258-5a2c-4a72-9f81-ed1321f551ca:c5972]
2019-06-14 09:09:48,996 INFO  client.GrpcClientProtocolClient (GrpcClientProtocolClient.java:onNext(254)) - client-C0E347E82FC5->e6065258-5a2c-4a72-9f81-ed1321f551ca: receive RaftClientReply:client-C0E347E82FC5->e6065258-5a2c-4a72-9f81-ed1321f551ca@group-13364FE26125, cid=3659, SUCCESS, logIndex=5973, commits[e6065258-5a2c-4a72-9f81-ed1321f551ca:c5975]
2019-06-14 09:09:48,997 INFO  client.GrpcClientProtocolClient (GrpcClientProtocolClient.java:onNext(254)) - client-C0E347E82FC5->e6065258-5a2c-4a72-9f81-ed1321f551ca: receive RaftClientReply:client-C0E347E82FC5->e6065258-5a2c-4a72-9f81-ed1321f551ca@group-13364FE26125, cid=3660, SUCCESS, logIndex=5974, commits[e6065258-5a2c-4a72-9f81-ed1321f551ca:c5975]
2019-06-14 09:09:48,999 INFO  storage.RaftLogWorker (RaftLogWorker.java:rollLogSegment(303)) - e6065258-5a2c-4a72-9f81-ed1321f551ca-RaftLogWorker: Rolling segment log-5905_5975 to index:5975
2019-06-14 09:09:49,000 INFO  storage.RaftLogWorker (RaftLogWorker.java:execute(433)) - e6065258-5a2c-4a72-9f81-ed1321f551ca-RaftLogWorker: Rolled log segment from /opt/src/hadoop-ozone/integration-test/target/test-dir/MiniOzoneClusterImpl-a56da109-a1cb-4168-8966-62306f2f2d23/datanode-0/data/ratis/920138aa-6f47-4d6d-b5cc-13364fe26125/current/log_inprogress_5905 to /opt/src/hadoop-ozone/integration-test/target/test-dir/MiniOzoneClusterImpl-a56da109-a1cb-4168-8966-62306f2f2d23/datanode-0/data/ratis/920138aa-6f47-4d6d-b5cc-13364fe26125/current/log_5905-5975
2019-06-14 09:09:49,036 INFO  storage.RaftLogWorker (RaftLogWorker.java:execute(469)) - e6065258-5a2c-4a72-9f81-ed1321f551ca-RaftLogWorker: created new log segment /opt/src/hadoop-ozone/integration-test/target/test-dir/MiniOzoneClusterImpl-a56da109-a1cb-4168-8966-62306f2f2d23/datanode-0/data/ratis/920138aa-6f47-4d6d-b5cc-13364fe26125/current/log_inprogress_5976
2019-06-14 09:09:49,037 INFO  client.GrpcClientProtocolClient (GrpcClientProtocolClient.java:onNext(254)) - client-C0E347E82FC5->e6065258-5a2c-4a72-9f81-ed1321f551ca: receive RaftClientReply:client-C0E347E82FC5->e6065258-5a2c-4a72-9f81-ed1321f551ca@group-13364FE26125, cid=3661, SUCCESS, logIndex=5976, commits[e6065258-5a2c-4a72-9f81-ed1321f551ca:c5976]
2019-06-14 09:09:49,040 INFO  client.GrpcClientProtocolClient (GrpcClientProtocolClient.java:onNext(254)) - client-C0E347E82FC5->e6065258-5a2c-4a72-9f81-ed1321f551ca: receive RaftClientReply:client-C0E347E82FC5->e6065258-5a2c-4a72-9f81-ed1321f551ca@group-13364FE26125, cid=3662, SUCCESS, logIndex=5978, commits[e6065258-5a2c-4a72-9f81-ed1321f551ca:c5978]
2019-06-14 09:09:49,040 INFO  client.GrpcClientProtocolClient (GrpcClientProtocolClient.java:onNext(254)) - client-C0E347E82FC5->e6065258-5a2c-4a72-9f81-ed1321f551ca: receive RaftClientReply:client-C0E347E82FC5->e6065258-5a2c-4a72-9f81-ed1321f551ca@group-13364FE26125, cid=3663, SUCCESS, logIndex=5979, commits[e6065258-5a2c-4a72-9f81-ed1321f551ca:c5980]
2019-06-14 09:09:49,040 INFO  client.GrpcClientProtocolClient (GrpcClientProtocolClient.java:onNext(254)) - client-C0E347E82FC5->e6065258-5a2c-4a72-9f81-ed1321f551ca: receive RaftClientReply:client-C0E347E82FC5->e6065258-5a2c-4a72-9f81-ed1321f551ca@group-13364FE26125, cid=3664, SUCCESS, logIndex=5980, commits[e6065258-5a2c-4a72-9f81-ed1321f551ca:c5980]
2019-06-14 09:09:49,050 INFO  client.GrpcClientProtocolClient (GrpcClientProtocolClient.java:onNext(254)) - client-C0E347E82FC5->e6065258-5a2c-4a72-9f81-ed1321f551ca: receive RaftClientReply:client-C0E347E82FC5->e6065258-5a2c-4a72-9f81-ed1321f551ca@group-13364FE26125, cid=3665, SUCCESS, logIndex=5983, commits[e6065258-5a2c-4a72-9f81-ed1321f551ca:c5983]
2019-06-14 09:09:49,051 INFO  client.GrpcClientProtocolClient (GrpcClientProtocolClient.java:onNext(254)) - client-C0E347E82FC5->e6065258-5a2c-4a72-9f81-ed1321f551ca: receive RaftClientReply:client-C0E347E82FC5->e6065258-5a2c-4a72-9f81-ed1321f551ca@group-13364FE26125, cid=3666, SUCCESS, logIndex=5985, commits[e6065258-5a2c-4a72-9f81-ed1321f551ca:c5985]
2019-06-14 09:09:49,052 INFO  client.GrpcClientProtocolClient (GrpcClientProtocolClient.java:onNext(254)) - client-C0E347E82FC5->e6065258-5a2c-4a72-9f81-ed1321f551ca: receive RaftClientReply:client-C0E347E82FC5->e6065258-5a2c-4a72-9f81-ed1321f551ca@group-13364FE26125, cid=3667, SUCCESS, logIndex=5986, commits[e6065258-5a2c-4a72-9f81-ed1321f551ca:c5988]
2019-06-14 09:09:49,053 INFO  client.GrpcClientProtocolClient (GrpcClientProtocolClient.java:onNext(254)) - client-C0E347E82FC5->e6065258-5a2c-4a72-9f81-ed1321f551ca: receive RaftClientReply:client-C0E347E82FC5->e6065258-5a2c-4a72-9f81-ed1321f551ca@group-13364FE26125, cid=3668, SUCCESS, logIndex=5987, commits[e6065258-5a2c-4a72-9f81-ed1321f551ca:c5988]
2019-06-14 09:09:49,055 DEBUG block.SCMBlockDeletingService (SCMBlockDeletingService.java:call(138)) - Running DeletedBlockTransactionScanner
2019-06-14 09:09:49,055 DEBUG block.SCMBlockDeletingService (SCMBlockDeletingService.java:call(155)) - Scanned deleted blocks log and got 0 delTX to process.
2019-06-14 09:09:49,123 INFO  client.GrpcClientProtocolClient (GrpcClientProtocolClient.java:onNext(254)) - client-C0E347E82FC5->e6065258-5a2c-4a72-9f81-ed1321f551ca: receive RaftClientReply:client-C0E347E82FC5->e6065258-5a2c-4a72-9f81-ed1321f551ca@group-13364FE26125, cid=3669, SUCCESS, logIndex=5989, commits[e6065258-5a2c-4a72-9f81-ed1321f551ca:c5989]
2019-06-14 09:09:49,124 INFO  client.GrpcClientProtocolClient (GrpcClientProtocolClient.java:onNext(254)) - client-C0E347E82FC5->e6065258-5a2c-4a72-9f81-ed1321f551ca: receive RaftClientReply:client-C0E347E82FC5->e6065258-5a2c-4a72-9f81-ed1321f551ca@group-13364FE26125, cid=3670, SUCCESS, logIndex=5991, commits[e6065258-5a2c-4a72-9f81-ed1321f551ca:c5991]
2019-06-14 09:09:49,125 INFO  client.GrpcClientProtocolClient (GrpcClientProtocolClient.java:onNext(254)) - client-C0E347E82FC5->e6065258-5a2c-4a72-9f81-ed1321f551ca: receive RaftClientReply:client-C0E347E82FC5->e6065258-5a2c-4a72-9f81-ed1321f551ca@group-13364FE26125, cid=3671, SUCCESS, logIndex=5992, commits[e6065258-5a2c-4a72-9f81-ed1321f551ca:c5994]
2019-06-14 09:09:49,125 INFO  client.GrpcClientProtocolClient (GrpcClientProtocolClient.java:onNext(254)) - client-C0E347E82FC5->e6065258-5a2c-4a72-9f81-ed1321f551ca: receive RaftClientReply:client-C0E347E82FC5->e6065258-5a2c-4a72-9f81-ed1321f551ca@group-13364FE26125, cid=3672, SUCCESS, logIndex=5993, commits[e6065258-5a2c-4a72-9f81-ed1321f551ca:c5994]
2019-06-14 09:09:49,135 INFO  client.GrpcClientProtocolClient (GrpcClientProtocolClient.java:onNext(254)) - client-C0E347E82FC5->e6065258-5a2c-4a72-9f81-ed1321f551ca: receive RaftClientReply:client-C0E347E82FC5->e6065258-5a2c-4a72-9f81-ed1321f551ca@group-13364FE26125, cid=3673, SUCCESS, logIndex=5995, commits[e6065258-5a2c-4a72-9f81-ed1321f551ca:c5995]
2019-06-14 09:09:49,137 INFO  client.GrpcClientProtocolClient (GrpcClientProtocolClient.java:onNext(254)) - client-C0E347E82FC5->e6065258-5a2c-4a72-9f81-ed1321f551ca: receive RaftClientReply:client-C0E347E82FC5->e6065258-5a2c-4a72-9f81-ed1321f551ca@group-13364FE26125, cid=3674, SUCCESS, logIndex=5997, commits[e6065258-5a2c-4a72-9f81-ed1321f551ca:c5997]
2019-06-14 09:09:49,138 INFO  client.GrpcClientProtocolClient (GrpcClientProtocolClient.java:onNext(254)) - client-C0E347E82FC5->e6065258-5a2c-4a72-9f81-ed1321f551ca: receive RaftClientReply:client-C0E347E82FC5->e6065258-5a2c-4a72-9f81-ed1321f551ca@group-13364FE26125, cid=3675, SUCCESS, logIndex=5998, commits[e6065258-5a2c-4a72-9f81-ed1321f551ca:c6000]
2019-06-14 09:09:49,138 INFO  client.GrpcClientProtocolClient (GrpcClientProtocolClient.java:onNext(254)) - client-C0E347E82FC5->e6065258-5a2c-4a72-9f81-ed1321f551ca: receive RaftClientReply:client-C0E347E82FC5->e6065258-5a2c-4a72-9f81-ed1321f551ca@group-13364FE26125, cid=3676, SUCCESS, logIndex=5999, commits[e6065258-5a2c-4a72-9f81-ed1321f551ca:c6000]
2019-06-14 09:09:49,143 INFO  client.GrpcClientProtocolClient (GrpcClientProtocolClient.java:onNext(254)) - client-C0E347E82FC5->e6065258-5a2c-4a72-9f81-ed1321f551ca: receive RaftClientReply:client-C0E347E82FC5->e6065258-5a2c-4a72-9f81-ed1321f551ca@group-13364FE26125, cid=3677, SUCCESS, logIndex=6001, commits[e6065258-5a2c-4a72-9f81-ed1321f551ca:c6001]
2019-06-14 09:09:49,145 INFO  client.GrpcClientProtocolClient (GrpcClientProtocolClient.java:onNext(254)) - client-C0E347E82FC5->e6065258-5a2c-4a72-9f81-ed1321f551ca: receive RaftClientReply:client-C0E347E82FC5->e6065258-5a2c-4a72-9f81-ed1321f551ca@group-13364FE26125, cid=3678, SUCCESS, logIndex=6003, commits[e6065258-5a2c-4a72-9f81-ed1321f551ca:c6005]
2019-06-14 09:09:49,145 INFO  client.GrpcClientProtocolClient (GrpcClientProtocolClient.java:onNext(254)) - client-C0E347E82FC5->e6065258-5a2c-4a72-9f81-ed1321f551ca: receive RaftClientReply:client-C0E347E82FC5->e6065258-5a2c-4a72-9f81-ed1321f551ca@group-13364FE26125, cid=3679, SUCCESS, logIndex=6004, commits[e6065258-5a2c-4a72-9f81-ed1321f551ca:c6005]
2019-06-14 09:09:49,146 INFO  client.GrpcClientProtocolClient (GrpcClientProtocolClient.java:onNext(254)) - client-C0E347E82FC5->e6065258-5a2c-4a72-9f81-ed1321f551ca: receive RaftClientReply:client-C0E347E82FC5->e6065258-5a2c-4a72-9f81-ed1321f551ca@group-13364FE26125, cid=3680, SUCCESS, logIndex=6005, commits[e6065258-5a2c-4a72-9f81-ed1321f551ca:c6005]
2019-06-14 09:09:49,155 DEBUG block.SCMBlockDeletingService (SCMBlockDeletingService.java:call(138)) - Running DeletedBlockTransactionScanner
2019-06-14 09:09:49,155 DEBUG block.SCMBlockDeletingService (SCMBlockDeletingService.java:call(155)) - Scanned deleted blocks log and got 0 delTX to process.
2019-06-14 09:09:49,196 INFO  client.GrpcClientProtocolClient (GrpcClientProtocolClient.java:onNext(254)) - client-C0E347E82FC5->e6065258-5a2c-4a72-9f81-ed1321f551ca: receive RaftClientReply:client-C0E347E82FC5->e6065258-5a2c-4a72-9f81-ed1321f551ca@group-13364FE26125, cid=3681, SUCCESS, logIndex=6007, commits[e6065258-5a2c-4a72-9f81-ed1321f551ca:c6007]
2019-06-14 09:09:49,200 INFO  client.GrpcClientProtocolClient (GrpcClientProtocolClient.java:onNext(254)) - client-C0E347E82FC5->e6065258-5a2c-4a72-9f81-ed1321f551ca: receive RaftClientReply:client-C0E347E82FC5->e6065258-5a2c-4a72-9f81-ed1321f551ca@group-13364FE26125, cid=3682, SUCCESS, logIndex=6009, commits[e6065258-5a2c-4a72-9f81-ed1321f551ca:c6009]
2019-06-14 09:09:49,203 INFO  client.GrpcClientProtocolClient (GrpcClientProtocolClient.java:onNext(254)) - client-C0E347E82FC5->e6065258-5a2c-4a72-9f81-ed1321f551ca: receive RaftClientReply:client-C0E347E82FC5->e6065258-5a2c-4a72-9f81-ed1321f551ca@group-13364FE26125, cid=3683, SUCCESS, logIndex=6011, commits[e6065258-5a2c-4a72-9f81-ed1321f551ca:c6012]
2019-06-14 09:09:49,203 INFO  client.GrpcClientProtocolClient (GrpcClientProtocolClient.java:onNext(254)) - client-C0E347E82FC5->e6065258-5a2c-4a72-9f81-ed1321f551ca: receive RaftClientReply:client-C0E347E82FC5->e6065258-5a2c-4a72-9f81-ed1321f551ca@group-13364FE26125, cid=3684, SUCCESS, logIndex=6012, commits[e6065258-5a2c-4a72-9f81-ed1321f551ca:c6012]
2019-06-14 09:09:49,208 INFO  client.GrpcClientProtocolClient (GrpcClientProtocolClient.java:onNext(254)) - client-C0E347E82FC5->e6065258-5a2c-4a72-9f81-ed1321f551ca: receive RaftClientReply:client-C0E347E82FC5->e6065258-5a2c-4a72-9f81-ed1321f551ca@group-13364FE26125, cid=3685, SUCCESS, logIndex=6014, commits[e6065258-5a2c-4a72-9f81-ed1321f551ca:c6014]
2019-06-14 09:09:49,209 INFO  client.GrpcClientProtocolClient (GrpcClientProtocolClient.java:onNext(254)) - client-C0E347E82FC5->e6065258-5a2c-4a72-9f81-ed1321f551ca: receive RaftClientReply:client-C0E347E82FC5->e6065258-5a2c-4a72-9f81-ed1321f551ca@group-13364FE26125, cid=3686, SUCCESS, logIndex=6016, commits[e6065258-5a2c-4a72-9f81-ed1321f551ca:c6016]
2019-06-14 09:09:49,211 INFO  client.GrpcClientProtocolClient (GrpcClientProtocolClient.java:onNext(254)) - client-C0E347E82FC5->e6065258-5a2c-4a72-9f81-ed1321f551ca: receive RaftClientReply:client-C0E347E82FC5->e6065258-5a2c-4a72-9f81-ed1321f551ca@group-13364FE26125, cid=3687, SUCCESS, logIndex=6017, commits[e6065258-5a2c-4a72-9f81-ed1321f551ca:c6019]
2019-06-14 09:09:49,214 INFO  client.GrpcClientProtocolClient (GrpcClientProtocolClient.java:onNext(254)) - client-C0E347E82FC5->e6065258-5a2c-4a72-9f81-ed1321f551ca: receive RaftClientReply:client-C0E347E82FC5->e6065258-5a2c-4a72-9f81-ed1321f551ca@group-13364FE26125, cid=3688, SUCCESS, logIndex=6018, commits[e6065258-5a2c-4a72-9f81-ed1321f551ca:c6019]
2019-06-14 09:09:49,224 INFO  client.GrpcClientProtocolClient (GrpcClientProtocolClient.java:onNext(254)) - client-C0E347E82FC5->e6065258-5a2c-4a72-9f81-ed1321f551ca: receive RaftClientReply:client-C0E347E82FC5->e6065258-5a2c-4a72-9f81-ed1321f551ca@group-13364FE26125, cid=3689, SUCCESS, logIndex=6020, commits[e6065258-5a2c-4a72-9f81-ed1321f551ca:c6020]
2019-06-14 09:09:49,225 INFO  client.GrpcClientProtocolClient (GrpcClientProtocolClient.java:onNext(254)) - client-C0E347E82FC5->e6065258-5a2c-4a72-9f81-ed1321f551ca: receive RaftClientReply:client-C0E347E82FC5->e6065258-5a2c-4a72-9f81-ed1321f551ca@group-13364FE26125, cid=3690, SUCCESS, logIndex=6022, commits[e6065258-5a2c-4a72-9f81-ed1321f551ca:c6022]
2019-06-14 09:09:49,226 INFO  client.GrpcClientProtocolClient (GrpcClientProtocolClient.java:onNext(254)) - client-C0E347E82FC5->e6065258-5a2c-4a72-9f81-ed1321f551ca: receive RaftClientReply:client-C0E347E82FC5->e6065258-5a2c-4a72-9f81-ed1321f551ca@group-13364FE26125, cid=3691, SUCCESS, logIndex=6023, commits[e6065258-5a2c-4a72-9f81-ed1321f551ca:c6025]
2019-06-14 09:09:49,227 INFO  client.GrpcClientProtocolClient (GrpcClientProtocolClient.java:onNext(254)) - client-C0E347E82FC5->e6065258-5a2c-4a72-9f81-ed1321f551ca: receive RaftClientReply:client-C0E347E82FC5->e6065258-5a2c-4a72-9f81-ed1321f551ca@group-13364FE26125, cid=3692, SUCCESS, logIndex=6024, commits[e6065258-5a2c-4a72-9f81-ed1321f551ca:c6025]
2019-06-14 09:09:49,233 INFO  client.GrpcClientProtocolClient (GrpcClientProtocolClient.java:onNext(254)) - client-C0E347E82FC5->e6065258-5a2c-4a72-9f81-ed1321f551ca: receive RaftClientReply:client-C0E347E82FC5->e6065258-5a2c-4a72-9f81-ed1321f551ca@group-13364FE26125, cid=3693, SUCCESS, logIndex=6026, commits[e6065258-5a2c-4a72-9f81-ed1321f551ca:c6026]
2019-06-14 09:09:49,234 INFO  client.GrpcClientProtocolClient (GrpcClientProtocolClient.java:onNext(254)) - client-C0E347E82FC5->e6065258-5a2c-4a72-9f81-ed1321f551ca: receive RaftClientReply:client-C0E347E82FC5->e6065258-5a2c-4a72-9f81-ed1321f551ca@group-13364FE26125, cid=3694, SUCCESS, logIndex=6028, commits[e6065258-5a2c-4a72-9f81-ed1321f551ca:c6028]
2019-06-14 09:09:49,235 INFO  client.GrpcClientProtocolClient (GrpcClientProtocolClient.java:onNext(254)) - client-C0E347E82FC5->e6065258-5a2c-4a72-9f81-ed1321f551ca: receive RaftClientReply:client-C0E347E82FC5->e6065258-5a2c-4a72-9f81-ed1321f551ca@group-13364FE26125, cid=3695, SUCCESS, logIndex=6029, commits[e6065258-5a2c-4a72-9f81-ed1321f551ca:c6031]
2019-06-14 09:09:49,235 INFO  client.GrpcClientProtocolClient (GrpcClientProtocolClient.java:onNext(254)) - client-C0E347E82FC5->e6065258-5a2c-4a72-9f81-ed1321f551ca: receive RaftClientReply:client-C0E347E82FC5->e6065258-5a2c-4a72-9f81-ed1321f551ca@group-13364FE26125, cid=3696, SUCCESS, logIndex=6030, commits[e6065258-5a2c-4a72-9f81-ed1321f551ca:c6031]
2019-06-14 09:09:49,247 INFO  client.GrpcClientProtocolClient (GrpcClientProtocolClient.java:onNext(254)) - client-C0E347E82FC5->e6065258-5a2c-4a72-9f81-ed1321f551ca: receive RaftClientReply:client-C0E347E82FC5->e6065258-5a2c-4a72-9f81-ed1321f551ca@group-13364FE26125, cid=3697, SUCCESS, logIndex=6032, commits[e6065258-5a2c-4a72-9f81-ed1321f551ca:c6032]
2019-06-14 09:09:49,248 INFO  client.GrpcClientProtocolClient (GrpcClientProtocolClient.java:onNext(254)) - client-C0E347E82FC5->e6065258-5a2c-4a72-9f81-ed1321f551ca: receive RaftClientReply:client-C0E347E82FC5->e6065258-5a2c-4a72-9f81-ed1321f551ca@group-13364FE26125, cid=3698, SUCCESS, logIndex=6034, commits[e6065258-5a2c-4a72-9f81-ed1321f551ca:c6034]
2019-06-14 09:09:49,249 INFO  client.GrpcClientProtocolClient (GrpcClientProtocolClient.java:onNext(254)) - client-C0E347E82FC5->e6065258-5a2c-4a72-9f81-ed1321f551ca: receive RaftClientReply:client-C0E347E82FC5->e6065258-5a2c-4a72-9f81-ed1321f551ca@group-13364FE26125, cid=3699, SUCCESS, logIndex=6035, commits[e6065258-5a2c-4a72-9f81-ed1321f551ca:c6037]
2019-06-14 09:09:49,250 INFO  client.GrpcClientProtocolClient (GrpcClientProtocolClient.java:onNext(254)) - client-C0E347E82FC5->e6065258-5a2c-4a72-9f81-ed1321f551ca: receive RaftClientReply:client-C0E347E82FC5->e6065258-5a2c-4a72-9f81-ed1321f551ca@group-13364FE26125, cid=3700, SUCCESS, logIndex=6036, commits[e6065258-5a2c-4a72-9f81-ed1321f551ca:c6037]
2019-06-14 09:09:49,254 INFO  client.GrpcClientProtocolClient (GrpcClientProtocolClient.java:onNext(254)) - client-C0E347E82FC5->e6065258-5a2c-4a72-9f81-ed1321f551ca: receive RaftClientReply:client-C0E347E82FC5->e6065258-5a2c-4a72-9f81-ed1321f551ca@group-13364FE26125, cid=3701, SUCCESS, logIndex=6038, commits[e6065258-5a2c-4a72-9f81-ed1321f551ca:c6038]
2019-06-14 09:09:49,255 INFO  storage.RaftLogWorker (RaftLogWorker.java:rollLogSegment(303)) - e6065258-5a2c-4a72-9f81-ed1321f551ca-RaftLogWorker: Rolling segment log-5976_6041 to index:6041
2019-06-14 09:09:49,256 INFO  storage.RaftLogWorker (RaftLogWorker.java:execute(433)) - e6065258-5a2c-4a72-9f81-ed1321f551ca-RaftLogWorker: Rolled log segment from /opt/src/hadoop-ozone/integration-test/target/test-dir/MiniOzoneClusterImpl-a56da109-a1cb-4168-8966-62306f2f2d23/datanode-0/data/ratis/920138aa-6f47-4d6d-b5cc-13364fe26125/current/log_inprogress_5976 to /opt/src/hadoop-ozone/integration-test/target/test-dir/MiniOzoneClusterImpl-a56da109-a1cb-4168-8966-62306f2f2d23/datanode-0/data/ratis/920138aa-6f47-4d6d-b5cc-13364fe26125/current/log_5976-6041
2019-06-14 09:09:49,256 DEBUG block.SCMBlockDeletingService (SCMBlockDeletingService.java:call(138)) - Running DeletedBlockTransactionScanner
2019-06-14 09:09:49,256 DEBUG block.SCMBlockDeletingService (SCMBlockDeletingService.java:call(155)) - Scanned deleted blocks log and got 0 delTX to process.
2019-06-14 09:09:49,258 INFO  client.GrpcClientProtocolClient (GrpcClientProtocolClient.java:onNext(254)) - client-C0E347E82FC5->e6065258-5a2c-4a72-9f81-ed1321f551ca: receive RaftClientReply:client-C0E347E82FC5->e6065258-5a2c-4a72-9f81-ed1321f551ca@group-13364FE26125, cid=3702, SUCCESS, logIndex=6040, commits[e6065258-5a2c-4a72-9f81-ed1321f551ca:c6040]
2019-06-14 09:09:49,258 INFO  client.GrpcClientProtocolClient (GrpcClientProtocolClient.java:onNext(254)) - client-C0E347E82FC5->e6065258-5a2c-4a72-9f81-ed1321f551ca: receive RaftClientReply:client-C0E347E82FC5->e6065258-5a2c-4a72-9f81-ed1321f551ca@group-13364FE26125, cid=3703, SUCCESS, logIndex=6041, commits[e6065258-5a2c-4a72-9f81-ed1321f551ca:c6041]
2019-06-14 09:09:49,292 INFO  storage.RaftLogWorker (RaftLogWorker.java:execute(469)) - e6065258-5a2c-4a72-9f81-ed1321f551ca-RaftLogWorker: created new log segment /opt/src/hadoop-ozone/integration-test/target/test-dir/MiniOzoneClusterImpl-a56da109-a1cb-4168-8966-62306f2f2d23/datanode-0/data/ratis/920138aa-6f47-4d6d-b5cc-13364fe26125/current/log_inprogress_6042
2019-06-14 09:09:49,294 INFO  client.GrpcClientProtocolClient (GrpcClientProtocolClient.java:onNext(254)) - client-C0E347E82FC5->e6065258-5a2c-4a72-9f81-ed1321f551ca: receive RaftClientReply:client-C0E347E82FC5->e6065258-5a2c-4a72-9f81-ed1321f551ca@group-13364FE26125, cid=3704, SUCCESS, logIndex=6042, commits[e6065258-5a2c-4a72-9f81-ed1321f551ca:c6044]
2019-06-14 09:09:49,308 INFO  client.GrpcClientProtocolClient (GrpcClientProtocolClient.java:onNext(254)) - client-C0E347E82FC5->e6065258-5a2c-4a72-9f81-ed1321f551ca: receive RaftClientReply:client-C0E347E82FC5->e6065258-5a2c-4a72-9f81-ed1321f551ca@group-13364FE26125, cid=3705, SUCCESS, logIndex=6045, commits[e6065258-5a2c-4a72-9f81-ed1321f551ca:c6045]
2019-06-14 09:09:49,309 INFO  client.GrpcClientProtocolClient (GrpcClientProtocolClient.java:onNext(254)) - client-C0E347E82FC5->e6065258-5a2c-4a72-9f81-ed1321f551ca: receive RaftClientReply:client-C0E347E82FC5->e6065258-5a2c-4a72-9f81-ed1321f551ca@group-13364FE26125, cid=3706, SUCCESS, logIndex=6047, commits[e6065258-5a2c-4a72-9f81-ed1321f551ca:c6047]
2019-06-14 09:09:49,310 INFO  client.GrpcClientProtocolClient (GrpcClientProtocolClient.java:onNext(254)) - client-C0E347E82FC5->e6065258-5a2c-4a72-9f81-ed1321f551ca: receive RaftClientReply:client-C0E347E82FC5->e6065258-5a2c-4a72-9f81-ed1321f551ca@group-13364FE26125, cid=3707, SUCCESS, logIndex=6048, commits[e6065258-5a2c-4a72-9f81-ed1321f551ca:c6050]
2019-06-14 09:09:49,311 INFO  client.GrpcClientProtocolClient (GrpcClientProtocolClient.java:onNext(254)) - client-C0E347E82FC5->e6065258-5a2c-4a72-9f81-ed1321f551ca: receive RaftClientReply:client-C0E347E82FC5->e6065258-5a2c-4a72-9f81-ed1321f551ca@group-13364FE26125, cid=3708, SUCCESS, logIndex=6049, commits[e6065258-5a2c-4a72-9f81-ed1321f551ca:c6050]
2019-06-14 09:09:49,316 INFO  client.GrpcClientProtocolClient (GrpcClientProtocolClient.java:onNext(254)) - client-C0E347E82FC5->e6065258-5a2c-4a72-9f81-ed1321f551ca: receive RaftClientReply:client-C0E347E82FC5->e6065258-5a2c-4a72-9f81-ed1321f551ca@group-13364FE26125, cid=3709, SUCCESS, logIndex=6051, commits[e6065258-5a2c-4a72-9f81-ed1321f551ca:c6051]
2019-06-14 09:09:49,318 INFO  client.GrpcClientProtocolClient (GrpcClientProtocolClient.java:onNext(254)) - client-C0E347E82FC5->e6065258-5a2c-4a72-9f81-ed1321f551ca: receive RaftClientReply:client-C0E347E82FC5->e6065258-5a2c-4a72-9f81-ed1321f551ca@group-13364FE26125, cid=3710, SUCCESS, logIndex=6053, commits[e6065258-5a2c-4a72-9f81-ed1321f551ca:c6053]
2019-06-14 09:09:49,319 INFO  client.GrpcClientProtocolClient (GrpcClientProtocolClient.java:onNext(254)) - client-C0E347E82FC5->e6065258-5a2c-4a72-9f81-ed1321f551ca: receive RaftClientReply:client-C0E347E82FC5->e6065258-5a2c-4a72-9f81-ed1321f551ca@group-13364FE26125, cid=3711, SUCCESS, logIndex=6054, commits[e6065258-5a2c-4a72-9f81-ed1321f551ca:c6054]
2019-06-14 09:09:49,319 INFO  client.GrpcClientProtocolClient (GrpcClientProtocolClient.java:onNext(254)) - client-C0E347E82FC5->e6065258-5a2c-4a72-9f81-ed1321f551ca: receive RaftClientReply:client-C0E347E82FC5->e6065258-5a2c-4a72-9f81-ed1321f551ca@group-13364FE26125, cid=3712, SUCCESS, logIndex=6056, commits[e6065258-5a2c-4a72-9f81-ed1321f551ca:c6056]
2019-06-14 09:09:49,356 DEBUG block.SCMBlockDeletingService (SCMBlockDeletingService.java:call(138)) - Running DeletedBlockTransactionScanner
2019-06-14 09:09:49,356 DEBUG block.SCMBlockDeletingService (SCMBlockDeletingService.java:call(155)) - Scanned deleted blocks log and got 0 delTX to process.
2019-06-14 09:09:49,404 INFO  client.GrpcClientProtocolClient (GrpcClientProtocolClient.java:onNext(254)) - client-C0E347E82FC5->e6065258-5a2c-4a72-9f81-ed1321f551ca: receive RaftClientReply:client-C0E347E82FC5->e6065258-5a2c-4a72-9f81-ed1321f551ca@group-13364FE26125, cid=3713, SUCCESS, logIndex=6059, commits[e6065258-5a2c-4a72-9f81-ed1321f551ca:c6059]
2019-06-14 09:09:49,405 INFO  client.GrpcClientProtocolClient (GrpcClientProtocolClient.java:onNext(254)) - client-C0E347E82FC5->e6065258-5a2c-4a72-9f81-ed1321f551ca: receive RaftClientReply:client-C0E347E82FC5->e6065258-5a2c-4a72-9f81-ed1321f551ca@group-13364FE26125, cid=3714, SUCCESS, logIndex=6061, commits[e6065258-5a2c-4a72-9f81-ed1321f551ca:c6061]
2019-06-14 09:09:49,406 INFO  client.GrpcClientProtocolClient (GrpcClientProtocolClient.java:onNext(254)) - client-C0E347E82FC5->e6065258-5a2c-4a72-9f81-ed1321f551ca: receive RaftClientReply:client-C0E347E82FC5->e6065258-5a2c-4a72-9f81-ed1321f551ca@group-13364FE26125, cid=3715, SUCCESS, logIndex=6062, commits[e6065258-5a2c-4a72-9f81-ed1321f551ca:c6064]
2019-06-14 09:09:49,407 INFO  client.GrpcClientProtocolClient (GrpcClientProtocolClient.java:onNext(254)) - client-C0E347E82FC5->e6065258-5a2c-4a72-9f81-ed1321f551ca: receive RaftClientReply:client-C0E347E82FC5->e6065258-5a2c-4a72-9f81-ed1321f551ca@group-13364FE26125, cid=3716, SUCCESS, logIndex=6063, commits[e6065258-5a2c-4a72-9f81-ed1321f551ca:c6064]
2019-06-14 09:09:49,411 INFO  client.GrpcClientProtocolClient (GrpcClientProtocolClient.java:onNext(254)) - client-C0E347E82FC5->e6065258-5a2c-4a72-9f81-ed1321f551ca: receive RaftClientReply:client-C0E347E82FC5->e6065258-5a2c-4a72-9f81-ed1321f551ca@group-13364FE26125, cid=3717, SUCCESS, logIndex=6065, commits[e6065258-5a2c-4a72-9f81-ed1321f551ca:c6065]
2019-06-14 09:09:49,412 INFO  client.GrpcClientProtocolClient (GrpcClientProtocolClient.java:onNext(254)) - client-C0E347E82FC5->e6065258-5a2c-4a72-9f81-ed1321f551ca: receive RaftClientReply:client-C0E347E82FC5->e6065258-5a2c-4a72-9f81-ed1321f551ca@group-13364FE26125, cid=3718, SUCCESS, logIndex=6067, commits[e6065258-5a2c-4a72-9f81-ed1321f551ca:c6067]
2019-06-14 09:09:49,413 INFO  client.GrpcClientProtocolClient (GrpcClientProtocolClient.java:onNext(254)) - client-C0E347E82FC5->e6065258-5a2c-4a72-9f81-ed1321f551ca: receive RaftClientReply:client-C0E347E82FC5->e6065258-5a2c-4a72-9f81-ed1321f551ca@group-13364FE26125, cid=3719, SUCCESS, logIndex=6068, commits[e6065258-5a2c-4a72-9f81-ed1321f551ca:c6070]
2019-06-14 09:09:49,414 INFO  client.GrpcClientProtocolClient (GrpcClientProtocolClient.java:onNext(254)) - client-C0E347E82FC5->e6065258-5a2c-4a72-9f81-ed1321f551ca: receive RaftClientReply:client-C0E347E82FC5->e6065258-5a2c-4a72-9f81-ed1321f551ca@group-13364FE26125, cid=3720, SUCCESS, logIndex=6069, commits[e6065258-5a2c-4a72-9f81-ed1321f551ca:c6070]
2019-06-14 09:09:49,423 INFO  client.GrpcClientProtocolClient (GrpcClientProtocolClient.java:onNext(254)) - client-C0E347E82FC5->e6065258-5a2c-4a72-9f81-ed1321f551ca: receive RaftClientReply:client-C0E347E82FC5->e6065258-5a2c-4a72-9f81-ed1321f551ca@group-13364FE26125, cid=3721, SUCCESS, logIndex=6071, commits[e6065258-5a2c-4a72-9f81-ed1321f551ca:c6071]
2019-06-14 09:09:49,424 INFO  client.GrpcClientProtocolClient (GrpcClientProtocolClient.java:onNext(254)) - client-C0E347E82FC5->e6065258-5a2c-4a72-9f81-ed1321f551ca: receive RaftClientReply:client-C0E347E82FC5->e6065258-5a2c-4a72-9f81-ed1321f551ca@group-13364FE26125, cid=3722, SUCCESS, logIndex=6073, commits[e6065258-5a2c-4a72-9f81-ed1321f551ca:c6073]
2019-06-14 09:09:49,425 INFO  client.GrpcClientProtocolClient (GrpcClientProtocolClient.java:onNext(254)) - client-C0E347E82FC5->e6065258-5a2c-4a72-9f81-ed1321f551ca: receive RaftClientReply:client-C0E347E82FC5->e6065258-5a2c-4a72-9f81-ed1321f551ca@group-13364FE26125, cid=3723, SUCCESS, logIndex=6074, commits[e6065258-5a2c-4a72-9f81-ed1321f551ca:c6076]
2019-06-14 09:09:49,426 INFO  client.GrpcClientProtocolClient (GrpcClientProtocolClient.java:onNext(254)) - client-C0E347E82FC5->e6065258-5a2c-4a72-9f81-ed1321f551ca: receive RaftClientReply:client-C0E347E82FC5->e6065258-5a2c-4a72-9f81-ed1321f551ca@group-13364FE26125, cid=3724, SUCCESS, logIndex=6075, commits[e6065258-5a2c-4a72-9f81-ed1321f551ca:c6076]
2019-06-14 09:09:49,430 INFO  client.GrpcClientProtocolClient (GrpcClientProtocolClient.java:onNext(254)) - client-C0E347E82FC5->e6065258-5a2c-4a72-9f81-ed1321f551ca: receive RaftClientReply:client-C0E347E82FC5->e6065258-5a2c-4a72-9f81-ed1321f551ca@group-13364FE26125, cid=3725, SUCCESS, logIndex=6077, commits[e6065258-5a2c-4a72-9f81-ed1321f551ca:c6077]
2019-06-14 09:09:49,431 INFO  client.GrpcClientProtocolClient (GrpcClientProtocolClient.java:onNext(254)) - client-C0E347E82FC5->e6065258-5a2c-4a72-9f81-ed1321f551ca: receive RaftClientReply:client-C0E347E82FC5->e6065258-5a2c-4a72-9f81-ed1321f551ca@group-13364FE26125, cid=3726, SUCCESS, logIndex=6079, commits[e6065258-5a2c-4a72-9f81-ed1321f551ca:c6079]
2019-06-14 09:09:49,432 INFO  client.GrpcClientProtocolClient (GrpcClientProtocolClient.java:onNext(254)) - client-C0E347E82FC5->e6065258-5a2c-4a72-9f81-ed1321f551ca: receive RaftClientReply:client-C0E347E82FC5->e6065258-5a2c-4a72-9f81-ed1321f551ca@group-13364FE26125, cid=3727, SUCCESS, logIndex=6080, commits[e6065258-5a2c-4a72-9f81-ed1321f551ca:c6082]
2019-06-14 09:09:49,432 INFO  client.GrpcClientProtocolClient (GrpcClientProtocolClient.java:onNext(254)) - client-C0E347E82FC5->e6065258-5a2c-4a72-9f81-ed1321f551ca: receive RaftClientReply:client-C0E347E82FC5->e6065258-5a2c-4a72-9f81-ed1321f551ca@group-13364FE26125, cid=3728, SUCCESS, logIndex=6081, commits[e6065258-5a2c-4a72-9f81-ed1321f551ca:c6082]
2019-06-14 09:09:49,442 INFO  client.GrpcClientProtocolClient (GrpcClientProtocolClient.java:onNext(254)) - client-C0E347E82FC5->e6065258-5a2c-4a72-9f81-ed1321f551ca: receive RaftClientReply:client-C0E347E82FC5->e6065258-5a2c-4a72-9f81-ed1321f551ca@group-13364FE26125, cid=3729, SUCCESS, logIndex=6083, commits[e6065258-5a2c-4a72-9f81-ed1321f551ca:c6083]
2019-06-14 09:09:49,446 INFO  client.GrpcClientProtocolClient (GrpcClientProtocolClient.java:onNext(254)) - client-C0E347E82FC5->e6065258-5a2c-4a72-9f81-ed1321f551ca: receive RaftClientReply:client-C0E347E82FC5->e6065258-5a2c-4a72-9f81-ed1321f551ca@group-13364FE26125, cid=3730, SUCCESS, logIndex=6085, commits[e6065258-5a2c-4a72-9f81-ed1321f551ca:c6085]
2019-06-14 09:09:49,446 INFO  client.GrpcClientProtocolClient (GrpcClientProtocolClient.java:onNext(254)) - client-C0E347E82FC5->e6065258-5a2c-4a72-9f81-ed1321f551ca: receive RaftClientReply:client-C0E347E82FC5->e6065258-5a2c-4a72-9f81-ed1321f551ca@group-13364FE26125, cid=3731, SUCCESS, logIndex=6086, commits[e6065258-5a2c-4a72-9f81-ed1321f551ca:c6088]
2019-06-14 09:09:49,446 INFO  client.GrpcClientProtocolClient (GrpcClientProtocolClient.java:onNext(254)) - client-C0E347E82FC5->e6065258-5a2c-4a72-9f81-ed1321f551ca: receive RaftClientReply:client-C0E347E82FC5->e6065258-5a2c-4a72-9f81-ed1321f551ca@group-13364FE26125, cid=3732, SUCCESS, logIndex=6087, commits[e6065258-5a2c-4a72-9f81-ed1321f551ca:c6088]
2019-06-14 09:09:49,451 INFO  client.GrpcClientProtocolClient (GrpcClientProtocolClient.java:onNext(254)) - client-C0E347E82FC5->e6065258-5a2c-4a72-9f81-ed1321f551ca: receive RaftClientReply:client-C0E347E82FC5->e6065258-5a2c-4a72-9f81-ed1321f551ca@group-13364FE26125, cid=3733, SUCCESS, logIndex=6089, commits[e6065258-5a2c-4a72-9f81-ed1321f551ca:c6089]
2019-06-14 09:09:49,452 INFO  client.GrpcClientProtocolClient (GrpcClientProtocolClient.java:onNext(254)) - client-C0E347E82FC5->e6065258-5a2c-4a72-9f81-ed1321f551ca: receive RaftClientReply:client-C0E347E82FC5->e6065258-5a2c-4a72-9f81-ed1321f551ca@group-13364FE26125, cid=3734, SUCCESS, logIndex=6091, commits[e6065258-5a2c-4a72-9f81-ed1321f551ca:c6091]
2019-06-14 09:09:49,453 INFO  client.GrpcClientProtocolClient (GrpcClientProtocolClient.java:onNext(254)) - client-C0E347E82FC5->e6065258-5a2c-4a72-9f81-ed1321f551ca: receive RaftClientReply:client-C0E347E82FC5->e6065258-5a2c-4a72-9f81-ed1321f551ca@group-13364FE26125, cid=3735, SUCCESS, logIndex=6092, commits[e6065258-5a2c-4a72-9f81-ed1321f551ca:c6094]
2019-06-14 09:09:49,454 INFO  client.GrpcClientProtocolClient (GrpcClientProtocolClient.java:onNext(254)) - client-C0E347E82FC5->e6065258-5a2c-4a72-9f81-ed1321f551ca: receive RaftClientReply:client-C0E347E82FC5->e6065258-5a2c-4a72-9f81-ed1321f551ca@group-13364FE26125, cid=3736, SUCCESS, logIndex=6093, commits[e6065258-5a2c-4a72-9f81-ed1321f551ca:c6094]
2019-06-14 09:09:49,458 DEBUG block.SCMBlockDeletingService (SCMBlockDeletingService.java:call(138)) - Running DeletedBlockTransactionScanner
2019-06-14 09:09:49,459 DEBUG block.SCMBlockDeletingService (SCMBlockDeletingService.java:call(155)) - Scanned deleted blocks log and got 0 delTX to process.
2019-06-14 09:09:49,463 INFO  client.GrpcClientProtocolClient (GrpcClientProtocolClient.java:onNext(254)) - client-C0E347E82FC5->e6065258-5a2c-4a72-9f81-ed1321f551ca: receive RaftClientReply:client-C0E347E82FC5->e6065258-5a2c-4a72-9f81-ed1321f551ca@group-13364FE26125, cid=3737, SUCCESS, logIndex=6095, commits[e6065258-5a2c-4a72-9f81-ed1321f551ca:c6095]
2019-06-14 09:09:49,465 INFO  client.GrpcClientProtocolClient (GrpcClientProtocolClient.java:onNext(254)) - client-C0E347E82FC5->e6065258-5a2c-4a72-9f81-ed1321f551ca: receive RaftClientReply:client-C0E347E82FC5->e6065258-5a2c-4a72-9f81-ed1321f551ca@group-13364FE26125, cid=3738, SUCCESS, logIndex=6097, commits[e6065258-5a2c-4a72-9f81-ed1321f551ca:c6097]
2019-06-14 09:09:49,466 INFO  client.GrpcClientProtocolClient (GrpcClientProtocolClient.java:onNext(254)) - client-C0E347E82FC5->e6065258-5a2c-4a72-9f81-ed1321f551ca: receive RaftClientReply:client-C0E347E82FC5->e6065258-5a2c-4a72-9f81-ed1321f551ca@group-13364FE26125, cid=3739, SUCCESS, logIndex=6098, commits[e6065258-5a2c-4a72-9f81-ed1321f551ca:c6098]
2019-06-14 09:09:49,466 INFO  client.GrpcClientProtocolClient (GrpcClientProtocolClient.java:onNext(254)) - client-C0E347E82FC5->e6065258-5a2c-4a72-9f81-ed1321f551ca: receive RaftClientReply:client-C0E347E82FC5->e6065258-5a2c-4a72-9f81-ed1321f551ca@group-13364FE26125, cid=3740, SUCCESS, logIndex=6100, commits[e6065258-5a2c-4a72-9f81-ed1321f551ca:c6100]
2019-06-14 09:09:49,473 INFO  client.GrpcClientProtocolClient (GrpcClientProtocolClient.java:onNext(254)) - client-C0E347E82FC5->e6065258-5a2c-4a72-9f81-ed1321f551ca: receive RaftClientReply:client-C0E347E82FC5->e6065258-5a2c-4a72-9f81-ed1321f551ca@group-13364FE26125, cid=3741, SUCCESS, logIndex=6103, commits[e6065258-5a2c-4a72-9f81-ed1321f551ca:c6103]
2019-06-14 09:09:49,474 INFO  client.GrpcClientProtocolClient (GrpcClientProtocolClient.java:onNext(254)) - client-C0E347E82FC5->e6065258-5a2c-4a72-9f81-ed1321f551ca: receive RaftClientReply:client-C0E347E82FC5->e6065258-5a2c-4a72-9f81-ed1321f551ca@group-13364FE26125, cid=3742, SUCCESS, logIndex=6105, commits[e6065258-5a2c-4a72-9f81-ed1321f551ca:c6105]
2019-06-14 09:09:49,475 INFO  client.GrpcClientProtocolClient (GrpcClientProtocolClient.java:onNext(254)) - client-C0E347E82FC5->e6065258-5a2c-4a72-9f81-ed1321f551ca: receive RaftClientReply:client-C0E347E82FC5->e6065258-5a2c-4a72-9f81-ed1321f551ca@group-13364FE26125, cid=3743, SUCCESS, logIndex=6106, commits[e6065258-5a2c-4a72-9f81-ed1321f551ca:c6108]
2019-06-14 09:09:49,475 INFO  client.GrpcClientProtocolClient (GrpcClientProtocolClient.java:onNext(254)) - client-C0E347E82FC5->e6065258-5a2c-4a72-9f81-ed1321f551ca: receive RaftClientReply:client-C0E347E82FC5->e6065258-5a2c-4a72-9f81-ed1321f551ca@group-13364FE26125, cid=3744, SUCCESS, logIndex=6107, commits[e6065258-5a2c-4a72-9f81-ed1321f551ca:c6108]
2019-06-14 09:09:49,485 INFO  client.GrpcClientProtocolClient (GrpcClientProtocolClient.java:onNext(254)) - client-C0E347E82FC5->e6065258-5a2c-4a72-9f81-ed1321f551ca: receive RaftClientReply:client-C0E347E82FC5->e6065258-5a2c-4a72-9f81-ed1321f551ca@group-13364FE26125, cid=3745, SUCCESS, logIndex=6109, commits[e6065258-5a2c-4a72-9f81-ed1321f551ca:c6109]
2019-06-14 09:09:49,485 INFO  storage.RaftLogWorker (RaftLogWorker.java:rollLogSegment(303)) - e6065258-5a2c-4a72-9f81-ed1321f551ca-RaftLogWorker: Rolling segment log-6042_6111 to index:6111
2019-06-14 09:09:49,486 INFO  storage.RaftLogWorker (RaftLogWorker.java:execute(433)) - e6065258-5a2c-4a72-9f81-ed1321f551ca-RaftLogWorker: Rolled log segment from /opt/src/hadoop-ozone/integration-test/target/test-dir/MiniOzoneClusterImpl-a56da109-a1cb-4168-8966-62306f2f2d23/datanode-0/data/ratis/920138aa-6f47-4d6d-b5cc-13364fe26125/current/log_inprogress_6042 to /opt/src/hadoop-ozone/integration-test/target/test-dir/MiniOzoneClusterImpl-a56da109-a1cb-4168-8966-62306f2f2d23/datanode-0/data/ratis/920138aa-6f47-4d6d-b5cc-13364fe26125/current/log_6042-6111
2019-06-14 09:09:49,494 INFO  client.GrpcClientProtocolClient (GrpcClientProtocolClient.java:onNext(254)) - client-C0E347E82FC5->e6065258-5a2c-4a72-9f81-ed1321f551ca: receive RaftClientReply:client-C0E347E82FC5->e6065258-5a2c-4a72-9f81-ed1321f551ca@group-13364FE26125, cid=3746, SUCCESS, logIndex=6111, commits[e6065258-5a2c-4a72-9f81-ed1321f551ca:c6111]
2019-06-14 09:09:49,524 INFO  storage.RaftLogWorker (RaftLogWorker.java:execute(469)) - e6065258-5a2c-4a72-9f81-ed1321f551ca-RaftLogWorker: created new log segment /opt/src/hadoop-ozone/integration-test/target/test-dir/MiniOzoneClusterImpl-a56da109-a1cb-4168-8966-62306f2f2d23/datanode-0/data/ratis/920138aa-6f47-4d6d-b5cc-13364fe26125/current/log_inprogress_6112
2019-06-14 09:09:49,525 INFO  client.GrpcClientProtocolClient (GrpcClientProtocolClient.java:onNext(254)) - client-C0E347E82FC5->e6065258-5a2c-4a72-9f81-ed1321f551ca: receive RaftClientReply:client-C0E347E82FC5->e6065258-5a2c-4a72-9f81-ed1321f551ca@group-13364FE26125, cid=3747, SUCCESS, logIndex=6112, commits[e6065258-5a2c-4a72-9f81-ed1321f551ca:c6114]
2019-06-14 09:09:49,526 INFO  client.GrpcClientProtocolClient (GrpcClientProtocolClient.java:onNext(254)) - client-C0E347E82FC5->e6065258-5a2c-4a72-9f81-ed1321f551ca: receive RaftClientReply:client-C0E347E82FC5->e6065258-5a2c-4a72-9f81-ed1321f551ca@group-13364FE26125, cid=3748, SUCCESS, logIndex=6113, commits[e6065258-5a2c-4a72-9f81-ed1321f551ca:c6114]
2019-06-14 09:09:49,531 INFO  client.GrpcClientProtocolClient (GrpcClientProtocolClient.java:onNext(254)) - client-C0E347E82FC5->e6065258-5a2c-4a72-9f81-ed1321f551ca: receive RaftClientReply:client-C0E347E82FC5->e6065258-5a2c-4a72-9f81-ed1321f551ca@group-13364FE26125, cid=3749, SUCCESS, logIndex=6115, commits[e6065258-5a2c-4a72-9f81-ed1321f551ca:c6115]
2019-06-14 09:09:49,533 INFO  client.GrpcClientProtocolClient (GrpcClientProtocolClient.java:onNext(254)) - client-C0E347E82FC5->e6065258-5a2c-4a72-9f81-ed1321f551ca: receive RaftClientReply:client-C0E347E82FC5->e6065258-5a2c-4a72-9f81-ed1321f551ca@group-13364FE26125, cid=3750, SUCCESS, logIndex=6117, commits[e6065258-5a2c-4a72-9f81-ed1321f551ca:c6119]
2019-06-14 09:09:49,534 INFO  client.GrpcClientProtocolClient (GrpcClientProtocolClient.java:onNext(254)) - client-C0E347E82FC5->e6065258-5a2c-4a72-9f81-ed1321f551ca: receive RaftClientReply:client-C0E347E82FC5->e6065258-5a2c-4a72-9f81-ed1321f551ca@group-13364FE26125, cid=3751, SUCCESS, logIndex=6118, commits[e6065258-5a2c-4a72-9f81-ed1321f551ca:c6119]
2019-06-14 09:09:49,534 INFO  client.GrpcClientProtocolClient (GrpcClientProtocolClient.java:onNext(254)) - client-C0E347E82FC5->e6065258-5a2c-4a72-9f81-ed1321f551ca: receive RaftClientReply:client-C0E347E82FC5->e6065258-5a2c-4a72-9f81-ed1321f551ca@group-13364FE26125, cid=3752, SUCCESS, logIndex=6119, commits[e6065258-5a2c-4a72-9f81-ed1321f551ca:c6119]
2019-06-14 09:09:49,544 INFO  client.GrpcClientProtocolClient (GrpcClientProtocolClient.java:onNext(254)) - client-C0E347E82FC5->e6065258-5a2c-4a72-9f81-ed1321f551ca: receive RaftClientReply:client-C0E347E82FC5->e6065258-5a2c-4a72-9f81-ed1321f551ca@group-13364FE26125, cid=3753, SUCCESS, logIndex=6121, commits[e6065258-5a2c-4a72-9f81-ed1321f551ca:c6121]
2019-06-14 09:09:49,546 INFO  client.GrpcClientProtocolClient (GrpcClientProtocolClient.java:onNext(254)) - client-C0E347E82FC5->e6065258-5a2c-4a72-9f81-ed1321f551ca: receive RaftClientReply:client-C0E347E82FC5->e6065258-5a2c-4a72-9f81-ed1321f551ca@group-13364FE26125, cid=3754, SUCCESS, logIndex=6123, commits[e6065258-5a2c-4a72-9f81-ed1321f551ca:c6123]
2019-06-14 09:09:49,547 INFO  client.GrpcClientProtocolClient (GrpcClientProtocolClient.java:onNext(254)) - client-C0E347E82FC5->e6065258-5a2c-4a72-9f81-ed1321f551ca: receive RaftClientReply:client-C0E347E82FC5->e6065258-5a2c-4a72-9f81-ed1321f551ca@group-13364FE26125, cid=3755, SUCCESS, logIndex=6124, commits[e6065258-5a2c-4a72-9f81-ed1321f551ca:c6126]
2019-06-14 09:09:49,547 INFO  client.GrpcClientProtocolClient (GrpcClientProtocolClient.java:onNext(254)) - client-C0E347E82FC5->e6065258-5a2c-4a72-9f81-ed1321f551ca: receive RaftClientReply:client-C0E347E82FC5->e6065258-5a2c-4a72-9f81-ed1321f551ca@group-13364FE26125, cid=3756, SUCCESS, logIndex=6125, commits[e6065258-5a2c-4a72-9f81-ed1321f551ca:c6126]
2019-06-14 09:09:49,559 DEBUG block.SCMBlockDeletingService (SCMBlockDeletingService.java:call(138)) - Running DeletedBlockTransactionScanner
2019-06-14 09:09:49,559 DEBUG block.SCMBlockDeletingService (SCMBlockDeletingService.java:call(155)) - Scanned deleted blocks log and got 0 delTX to process.
2019-06-14 09:09:49,888 DEBUG block.SCMBlockDeletingService (SCMBlockDeletingService.java:call(138)) - Running DeletedBlockTransactionScanner
2019-06-14 09:09:49,888 DEBUG block.SCMBlockDeletingService (SCMBlockDeletingService.java:call(155)) - Scanned deleted blocks log and got 0 delTX to process.
2019-06-14 09:09:49,898 INFO  client.GrpcClientProtocolClient (GrpcClientProtocolClient.java:onNext(254)) - client-C0E347E82FC5->e6065258-5a2c-4a72-9f81-ed1321f551ca: receive RaftClientReply:client-C0E347E82FC5->e6065258-5a2c-4a72-9f81-ed1321f551ca@group-13364FE26125, cid=3757, SUCCESS, logIndex=6127, commits[e6065258-5a2c-4a72-9f81-ed1321f551ca:c6127]
2019-06-14 09:09:49,899 INFO  client.GrpcClientProtocolClient (GrpcClientProtocolClient.java:onNext(254)) - client-C0E347E82FC5->e6065258-5a2c-4a72-9f81-ed1321f551ca: receive RaftClientReply:client-C0E347E82FC5->e6065258-5a2c-4a72-9f81-ed1321f551ca@group-13364FE26125, cid=3758, SUCCESS, logIndex=6129, commits[e6065258-5a2c-4a72-9f81-ed1321f551ca:c6129]
2019-06-14 09:09:49,900 INFO  client.GrpcClientProtocolClient (GrpcClientProtocolClient.java:onNext(254)) - client-C0E347E82FC5->e6065258-5a2c-4a72-9f81-ed1321f551ca: receive RaftClientReply:client-C0E347E82FC5->e6065258-5a2c-4a72-9f81-ed1321f551ca@group-13364FE26125, cid=3759, SUCCESS, logIndex=6130, commits[e6065258-5a2c-4a72-9f81-ed1321f551ca:c6132]
2019-06-14 09:09:49,901 INFO  client.GrpcClientProtocolClient (GrpcClientProtocolClient.java:onNext(254)) - client-C0E347E82FC5->e6065258-5a2c-4a72-9f81-ed1321f551ca: receive RaftClientReply:client-C0E347E82FC5->e6065258-5a2c-4a72-9f81-ed1321f551ca@group-13364FE26125, cid=3760, SUCCESS, logIndex=6131, commits[e6065258-5a2c-4a72-9f81-ed1321f551ca:c6132]
2019-06-14 09:09:49,912 INFO  client.GrpcClientProtocolClient (GrpcClientProtocolClient.java:onNext(254)) - client-C0E347E82FC5->e6065258-5a2c-4a72-9f81-ed1321f551ca: receive RaftClientReply:client-C0E347E82FC5->e6065258-5a2c-4a72-9f81-ed1321f551ca@group-13364FE26125, cid=3761, SUCCESS, logIndex=6133, commits[e6065258-5a2c-4a72-9f81-ed1321f551ca:c6133]
2019-06-14 09:09:49,917 INFO  client.GrpcClientProtocolClient (GrpcClientProtocolClient.java:onNext(254)) - client-C0E347E82FC5->e6065258-5a2c-4a72-9f81-ed1321f551ca: receive RaftClientReply:client-C0E347E82FC5->e6065258-5a2c-4a72-9f81-ed1321f551ca@group-13364FE26125, cid=3762, SUCCESS, logIndex=6135, commits[e6065258-5a2c-4a72-9f81-ed1321f551ca:c6135]
2019-06-14 09:09:49,917 INFO  client.GrpcClientProtocolClient (GrpcClientProtocolClient.java:onNext(254)) - client-C0E347E82FC5->e6065258-5a2c-4a72-9f81-ed1321f551ca: receive RaftClientReply:client-C0E347E82FC5->e6065258-5a2c-4a72-9f81-ed1321f551ca@group-13364FE26125, cid=3763, SUCCESS, logIndex=6136, commits[e6065258-5a2c-4a72-9f81-ed1321f551ca:c6138]
2019-06-14 09:09:49,917 INFO  client.GrpcClientProtocolClient (GrpcClientProtocolClient.java:onNext(254)) - client-C0E347E82FC5->e6065258-5a2c-4a72-9f81-ed1321f551ca: receive RaftClientReply:client-C0E347E82FC5->e6065258-5a2c-4a72-9f81-ed1321f551ca@group-13364FE26125, cid=3764, SUCCESS, logIndex=6137, commits[e6065258-5a2c-4a72-9f81-ed1321f551ca:c6138]
2019-06-14 09:09:49,922 INFO  client.GrpcClientProtocolClient (GrpcClientProtocolClient.java:onNext(254)) - client-C0E347E82FC5->e6065258-5a2c-4a72-9f81-ed1321f551ca: receive RaftClientReply:client-C0E347E82FC5->e6065258-5a2c-4a72-9f81-ed1321f551ca@group-13364FE26125, cid=3765, SUCCESS, logIndex=6139, commits[e6065258-5a2c-4a72-9f81-ed1321f551ca:c6139]
2019-06-14 09:09:49,924 INFO  client.GrpcClientProtocolClient (GrpcClientProtocolClient.java:onNext(254)) - client-C0E347E82FC5->e6065258-5a2c-4a72-9f81-ed1321f551ca: receive RaftClientReply:client-C0E347E82FC5->e6065258-5a2c-4a72-9f81-ed1321f551ca@group-13364FE26125, cid=3766, SUCCESS, logIndex=6141, commits[e6065258-5a2c-4a72-9f81-ed1321f551ca:c6141]
2019-06-14 09:09:49,925 INFO  client.GrpcClientProtocolClient (GrpcClientProtocolClient.java:onNext(254)) - client-C0E347E82FC5->e6065258-5a2c-4a72-9f81-ed1321f551ca: receive RaftClientReply:client-C0E347E82FC5->e6065258-5a2c-4a72-9f81-ed1321f551ca@group-13364FE26125, cid=3767, SUCCESS, logIndex=6142, commits[e6065258-5a2c-4a72-9f81-ed1321f551ca:c6144]
2019-06-14 09:09:49,925 INFO  client.GrpcClientProtocolClient (GrpcClientProtocolClient.java:onNext(254)) - client-C0E347E82FC5->e6065258-5a2c-4a72-9f81-ed1321f551ca: receive RaftClientReply:client-C0E347E82FC5->e6065258-5a2c-4a72-9f81-ed1321f551ca@group-13364FE26125, cid=3768, SUCCESS, logIndex=6143, commits[e6065258-5a2c-4a72-9f81-ed1321f551ca:c6144]
2019-06-14 09:09:49,935 INFO  client.GrpcClientProtocolClient (GrpcClientProtocolClient.java:onNext(254)) - client-C0E347E82FC5->e6065258-5a2c-4a72-9f81-ed1321f551ca: receive RaftClientReply:client-C0E347E82FC5->e6065258-5a2c-4a72-9f81-ed1321f551ca@group-13364FE26125, cid=3769, SUCCESS, logIndex=6145, commits[e6065258-5a2c-4a72-9f81-ed1321f551ca:c6145]
2019-06-14 09:09:49,937 INFO  client.GrpcClientProtocolClient (GrpcClientProtocolClient.java:onNext(254)) - client-C0E347E82FC5->e6065258-5a2c-4a72-9f81-ed1321f551ca: receive RaftClientReply:client-C0E347E82FC5->e6065258-5a2c-4a72-9f81-ed1321f551ca@group-13364FE26125, cid=3770, SUCCESS, logIndex=6147, commits[e6065258-5a2c-4a72-9f81-ed1321f551ca:c6147]
2019-06-14 09:09:49,938 INFO  client.GrpcClientProtocolClient (GrpcClientProtocolClient.java:onNext(254)) - client-C0E347E82FC5->e6065258-5a2c-4a72-9f81-ed1321f551ca: receive RaftClientReply:client-C0E347E82FC5->e6065258-5a2c-4a72-9f81-ed1321f551ca@group-13364FE26125, cid=3771, SUCCESS, logIndex=6148, commits[e6065258-5a2c-4a72-9f81-ed1321f551ca:c6148]
2019-06-14 09:09:49,938 INFO  client.GrpcClientProtocolClient (GrpcClientProtocolClient.java:onNext(254)) - client-C0E347E82FC5->e6065258-5a2c-4a72-9f81-ed1321f551ca: receive RaftClientReply:client-C0E347E82FC5->e6065258-5a2c-4a72-9f81-ed1321f551ca@group-13364FE26125, cid=3772, SUCCESS, logIndex=6150, commits[e6065258-5a2c-4a72-9f81-ed1321f551ca:c6150]
2019-06-14 09:09:49,944 INFO  client.GrpcClientProtocolClient (GrpcClientProtocolClient.java:onNext(254)) - client-C0E347E82FC5->e6065258-5a2c-4a72-9f81-ed1321f551ca: receive RaftClientReply:client-C0E347E82FC5->e6065258-5a2c-4a72-9f81-ed1321f551ca@group-13364FE26125, cid=3773, SUCCESS, logIndex=6153, commits[e6065258-5a2c-4a72-9f81-ed1321f551ca:c6153]
2019-06-14 09:09:49,946 INFO  client.GrpcClientProtocolClient (GrpcClientProtocolClient.java:onNext(254)) - client-C0E347E82FC5->e6065258-5a2c-4a72-9f81-ed1321f551ca: receive RaftClientReply:client-C0E347E82FC5->e6065258-5a2c-4a72-9f81-ed1321f551ca@group-13364FE26125, cid=3774, SUCCESS, logIndex=6155, commits[e6065258-5a2c-4a72-9f81-ed1321f551ca:c6155]
2019-06-14 09:09:49,946 INFO  client.GrpcClientProtocolClient (GrpcClientProtocolClient.java:onNext(254)) - client-C0E347E82FC5->e6065258-5a2c-4a72-9f81-ed1321f551ca: receive RaftClientReply:client-C0E347E82FC5->e6065258-5a2c-4a72-9f81-ed1321f551ca@group-13364FE26125, cid=3775, SUCCESS, logIndex=6156, commits[e6065258-5a2c-4a72-9f81-ed1321f551ca:c6157]
2019-06-14 09:09:49,946 INFO  client.GrpcClientProtocolClient (GrpcClientProtocolClient.java:onNext(254)) - client-C0E347E82FC5->e6065258-5a2c-4a72-9f81-ed1321f551ca: receive RaftClientReply:client-C0E347E82FC5->e6065258-5a2c-4a72-9f81-ed1321f551ca@group-13364FE26125, cid=3776, SUCCESS, logIndex=6157, commits[e6065258-5a2c-4a72-9f81-ed1321f551ca:c6157]
2019-06-14 09:09:49,956 INFO  client.GrpcClientProtocolClient (GrpcClientProtocolClient.java:onNext(254)) - client-C0E347E82FC5->e6065258-5a2c-4a72-9f81-ed1321f551ca: receive RaftClientReply:client-C0E347E82FC5->e6065258-5a2c-4a72-9f81-ed1321f551ca@group-13364FE26125, cid=3777, SUCCESS, logIndex=6160, commits[e6065258-5a2c-4a72-9f81-ed1321f551ca:c6160]
2019-06-14 09:09:49,958 INFO  client.GrpcClientProtocolClient (GrpcClientProtocolClient.java:onNext(254)) - client-C0E347E82FC5->e6065258-5a2c-4a72-9f81-ed1321f551ca: receive RaftClientReply:client-C0E347E82FC5->e6065258-5a2c-4a72-9f81-ed1321f551ca@group-13364FE26125, cid=3778, SUCCESS, logIndex=6162, commits[e6065258-5a2c-4a72-9f81-ed1321f551ca:c6162]
2019-06-14 09:09:49,958 INFO  client.GrpcClientProtocolClient (GrpcClientProtocolClient.java:onNext(254)) - client-C0E347E82FC5->e6065258-5a2c-4a72-9f81-ed1321f551ca: receive RaftClientReply:client-C0E347E82FC5->e6065258-5a2c-4a72-9f81-ed1321f551ca@group-13364FE26125, cid=3779, SUCCESS, logIndex=6163, commits[e6065258-5a2c-4a72-9f81-ed1321f551ca:c6164]
2019-06-14 09:09:49,959 INFO  client.GrpcClientProtocolClient (GrpcClientProtocolClient.java:onNext(254)) - client-C0E347E82FC5->e6065258-5a2c-4a72-9f81-ed1321f551ca: receive RaftClientReply:client-C0E347E82FC5->e6065258-5a2c-4a72-9f81-ed1321f551ca@group-13364FE26125, cid=3780, SUCCESS, logIndex=6164, commits[e6065258-5a2c-4a72-9f81-ed1321f551ca:c6164]
2019-06-14 09:09:49,963 INFO  client.GrpcClientProtocolClient (GrpcClientProtocolClient.java:onNext(254)) - client-C0E347E82FC5->e6065258-5a2c-4a72-9f81-ed1321f551ca: receive RaftClientReply:client-C0E347E82FC5->e6065258-5a2c-4a72-9f81-ed1321f551ca@group-13364FE26125, cid=3781, SUCCESS, logIndex=6167, commits[e6065258-5a2c-4a72-9f81-ed1321f551ca:c6167]
2019-06-14 09:09:49,964 INFO  client.GrpcClientProtocolClient (GrpcClientProtocolClient.java:onNext(254)) - client-C0E347E82FC5->e6065258-5a2c-4a72-9f81-ed1321f551ca: receive RaftClientReply:client-C0E347E82FC5->e6065258-5a2c-4a72-9f81-ed1321f551ca@group-13364FE26125, cid=3782, SUCCESS, logIndex=6169, commits[e6065258-5a2c-4a72-9f81-ed1321f551ca:c6169]
2019-06-14 09:09:49,965 INFO  client.GrpcClientProtocolClient (GrpcClientProtocolClient.java:onNext(254)) - client-C0E347E82FC5->e6065258-5a2c-4a72-9f81-ed1321f551ca: receive RaftClientReply:client-C0E347E82FC5->e6065258-5a2c-4a72-9f81-ed1321f551ca@group-13364FE26125, cid=3783, SUCCESS, logIndex=6170, commits[e6065258-5a2c-4a72-9f81-ed1321f551ca:c6172]
2019-06-14 09:09:49,966 INFO  client.GrpcClientProtocolClient (GrpcClientProtocolClient.java:onNext(254)) - client-C0E347E82FC5->e6065258-5a2c-4a72-9f81-ed1321f551ca: receive RaftClientReply:client-C0E347E82FC5->e6065258-5a2c-4a72-9f81-ed1321f551ca@group-13364FE26125, cid=3784, SUCCESS, logIndex=6171, commits[e6065258-5a2c-4a72-9f81-ed1321f551ca:c6172]
2019-06-14 09:09:49,977 INFO  client.GrpcClientProtocolClient (GrpcClientProtocolClient.java:onNext(254)) - client-C0E347E82FC5->e6065258-5a2c-4a72-9f81-ed1321f551ca: receive RaftClientReply:client-C0E347E82FC5->e6065258-5a2c-4a72-9f81-ed1321f551ca@group-13364FE26125, cid=3785, SUCCESS, logIndex=6173, commits[e6065258-5a2c-4a72-9f81-ed1321f551ca:c6173]
2019-06-14 09:09:49,978 INFO  client.GrpcClientProtocolClient (GrpcClientProtocolClient.java:onNext(254)) - client-C0E347E82FC5->e6065258-5a2c-4a72-9f81-ed1321f551ca: receive RaftClientReply:client-C0E347E82FC5->e6065258-5a2c-4a72-9f81-ed1321f551ca@group-13364FE26125, cid=3786, SUCCESS, logIndex=6175, commits[e6065258-5a2c-4a72-9f81-ed1321f551ca:c6175]
2019-06-14 09:09:49,980 INFO  client.GrpcClientProtocolClient (GrpcClientProtocolClient.java:onNext(254)) - client-C0E347E82FC5->e6065258-5a2c-4a72-9f81-ed1321f551ca: receive RaftClientReply:client-C0E347E82FC5->e6065258-5a2c-4a72-9f81-ed1321f551ca@group-13364FE26125, cid=3787, SUCCESS, logIndex=6177, commits[e6065258-5a2c-4a72-9f81-ed1321f551ca:c6178]
2019-06-14 09:09:49,980 INFO  client.GrpcClientProtocolClient (GrpcClientProtocolClient.java:onNext(254)) - client-C0E347E82FC5->e6065258-5a2c-4a72-9f81-ed1321f551ca: receive RaftClientReply:client-C0E347E82FC5->e6065258-5a2c-4a72-9f81-ed1321f551ca@group-13364FE26125, cid=3788, SUCCESS, logIndex=6178, commits[e6065258-5a2c-4a72-9f81-ed1321f551ca:c6178]
2019-06-14 09:09:49,985 INFO  client.GrpcClientProtocolClient (GrpcClientProtocolClient.java:onNext(254)) - client-C0E347E82FC5->e6065258-5a2c-4a72-9f81-ed1321f551ca: receive RaftClientReply:client-C0E347E82FC5->e6065258-5a2c-4a72-9f81-ed1321f551ca@group-13364FE26125, cid=3789, SUCCESS, logIndex=6180, commits[e6065258-5a2c-4a72-9f81-ed1321f551ca:c6180]
2019-06-14 09:09:49,985 INFO  storage.RaftLogWorker (RaftLogWorker.java:rollLogSegment(303)) - e6065258-5a2c-4a72-9f81-ed1321f551ca-RaftLogWorker: Rolling segment log-6112_6181 to index:6181
2019-06-14 09:09:49,985 INFO  storage.RaftLogWorker (RaftLogWorker.java:execute(433)) - e6065258-5a2c-4a72-9f81-ed1321f551ca-RaftLogWorker: Rolled log segment from /opt/src/hadoop-ozone/integration-test/target/test-dir/MiniOzoneClusterImpl-a56da109-a1cb-4168-8966-62306f2f2d23/datanode-0/data/ratis/920138aa-6f47-4d6d-b5cc-13364fe26125/current/log_inprogress_6112 to /opt/src/hadoop-ozone/integration-test/target/test-dir/MiniOzoneClusterImpl-a56da109-a1cb-4168-8966-62306f2f2d23/datanode-0/data/ratis/920138aa-6f47-4d6d-b5cc-13364fe26125/current/log_6112-6181
2019-06-14 09:09:49,989 DEBUG block.SCMBlockDeletingService (SCMBlockDeletingService.java:call(138)) - Running DeletedBlockTransactionScanner
2019-06-14 09:09:49,989 DEBUG block.SCMBlockDeletingService (SCMBlockDeletingService.java:call(155)) - Scanned deleted blocks log and got 0 delTX to process.
2019-06-14 09:09:50,022 INFO  storage.RaftLogWorker (RaftLogWorker.java:execute(469)) - e6065258-5a2c-4a72-9f81-ed1321f551ca-RaftLogWorker: created new log segment /opt/src/hadoop-ozone/integration-test/target/test-dir/MiniOzoneClusterImpl-a56da109-a1cb-4168-8966-62306f2f2d23/datanode-0/data/ratis/920138aa-6f47-4d6d-b5cc-13364fe26125/current/log_inprogress_6182
2019-06-14 09:09:50,023 INFO  client.GrpcClientProtocolClient (GrpcClientProtocolClient.java:onNext(254)) - client-C0E347E82FC5->e6065258-5a2c-4a72-9f81-ed1321f551ca: receive RaftClientReply:client-C0E347E82FC5->e6065258-5a2c-4a72-9f81-ed1321f551ca@group-13364FE26125, cid=3790, SUCCESS, logIndex=6182, commits[e6065258-5a2c-4a72-9f81-ed1321f551ca:c6184]
2019-06-14 09:09:50,024 INFO  client.GrpcClientProtocolClient (GrpcClientProtocolClient.java:onNext(254)) - client-C0E347E82FC5->e6065258-5a2c-4a72-9f81-ed1321f551ca: receive RaftClientReply:client-C0E347E82FC5->e6065258-5a2c-4a72-9f81-ed1321f551ca@group-13364FE26125, cid=3791, SUCCESS, logIndex=6183, commits[e6065258-5a2c-4a72-9f81-ed1321f551ca:c6185]
2019-06-14 09:09:50,024 INFO  client.GrpcClientProtocolClient (GrpcClientProtocolClient.java:onNext(254)) - client-C0E347E82FC5->e6065258-5a2c-4a72-9f81-ed1321f551ca: receive RaftClientReply:client-C0E347E82FC5->e6065258-5a2c-4a72-9f81-ed1321f551ca@group-13364FE26125, cid=3792, SUCCESS, logIndex=6184, commits[e6065258-5a2c-4a72-9f81-ed1321f551ca:c6185]
2019-06-14 09:09:50,035 INFO  client.GrpcClientProtocolClient (GrpcClientProtocolClient.java:onNext(254)) - client-C0E347E82FC5->e6065258-5a2c-4a72-9f81-ed1321f551ca: receive RaftClientReply:client-C0E347E82FC5->e6065258-5a2c-4a72-9f81-ed1321f551ca@group-13364FE26125, cid=3793, SUCCESS, logIndex=6186, commits[e6065258-5a2c-4a72-9f81-ed1321f551ca:c6186]
2019-06-14 09:09:50,037 INFO  client.GrpcClientProtocolClient (GrpcClientProtocolClient.java:onNext(254)) - client-C0E347E82FC5->e6065258-5a2c-4a72-9f81-ed1321f551ca: receive RaftClientReply:client-C0E347E82FC5->e6065258-5a2c-4a72-9f81-ed1321f551ca@group-13364FE26125, cid=3794, SUCCESS, logIndex=6188, commits[e6065258-5a2c-4a72-9f81-ed1321f551ca:c6188]
2019-06-14 09:09:50,038 INFO  client.GrpcClientProtocolClient (GrpcClientProtocolClient.java:onNext(254)) - client-C0E347E82FC5->e6065258-5a2c-4a72-9f81-ed1321f551ca: receive RaftClientReply:client-C0E347E82FC5->e6065258-5a2c-4a72-9f81-ed1321f551ca@group-13364FE26125, cid=3795, SUCCESS, logIndex=6189, commits[e6065258-5a2c-4a72-9f81-ed1321f551ca:c6190]
2019-06-14 09:09:50,038 INFO  client.GrpcClientProtocolClient (GrpcClientProtocolClient.java:onNext(254)) - client-C0E347E82FC5->e6065258-5a2c-4a72-9f81-ed1321f551ca: receive RaftClientReply:client-C0E347E82FC5->e6065258-5a2c-4a72-9f81-ed1321f551ca@group-13364FE26125, cid=3796, SUCCESS, logIndex=6190, commits[e6065258-5a2c-4a72-9f81-ed1321f551ca:c6190]
2019-06-14 09:09:50,043 INFO  client.GrpcClientProtocolClient (GrpcClientProtocolClient.java:onNext(254)) - client-C0E347E82FC5->e6065258-5a2c-4a72-9f81-ed1321f551ca: receive RaftClientReply:client-C0E347E82FC5->e6065258-5a2c-4a72-9f81-ed1321f551ca@group-13364FE26125, cid=3797, SUCCESS, logIndex=6193, commits[e6065258-5a2c-4a72-9f81-ed1321f551ca:c6193]
2019-06-14 09:09:50,046 INFO  client.GrpcClientProtocolClient (GrpcClientProtocolClient.java:onNext(254)) - client-C0E347E82FC5->e6065258-5a2c-4a72-9f81-ed1321f551ca: receive RaftClientReply:client-C0E347E82FC5->e6065258-5a2c-4a72-9f81-ed1321f551ca@group-13364FE26125, cid=3798, SUCCESS, logIndex=6195, commits[e6065258-5a2c-4a72-9f81-ed1321f551ca:c6197]
2019-06-14 09:09:50,046 INFO  client.GrpcClientProtocolClient (GrpcClientProtocolClient.java:onNext(254)) - client-C0E347E82FC5->e6065258-5a2c-4a72-9f81-ed1321f551ca: receive RaftClientReply:client-C0E347E82FC5->e6065258-5a2c-4a72-9f81-ed1321f551ca@group-13364FE26125, cid=3799, SUCCESS, logIndex=6196, commits[e6065258-5a2c-4a72-9f81-ed1321f551ca:c6197]
2019-06-14 09:09:50,046 INFO  client.GrpcClientProtocolClient (GrpcClientProtocolClient.java:onNext(254)) - client-C0E347E82FC5->e6065258-5a2c-4a72-9f81-ed1321f551ca: receive RaftClientReply:client-C0E347E82FC5->e6065258-5a2c-4a72-9f81-ed1321f551ca@group-13364FE26125, cid=3800, SUCCESS, logIndex=6197, commits[e6065258-5a2c-4a72-9f81-ed1321f551ca:c6197]
2019-06-14 09:09:50,089 DEBUG block.SCMBlockDeletingService (SCMBlockDeletingService.java:call(138)) - Running DeletedBlockTransactionScanner
2019-06-14 09:09:50,089 DEBUG block.SCMBlockDeletingService (SCMBlockDeletingService.java:call(155)) - Scanned deleted blocks log and got 0 delTX to process.
2019-06-14 09:09:50,151 INFO  client.GrpcClientProtocolClient (GrpcClientProtocolClient.java:onNext(254)) - client-C0E347E82FC5->e6065258-5a2c-4a72-9f81-ed1321f551ca: receive RaftClientReply:client-C0E347E82FC5->e6065258-5a2c-4a72-9f81-ed1321f551ca@group-13364FE26125, cid=3801, SUCCESS, logIndex=6199, commits[e6065258-5a2c-4a72-9f81-ed1321f551ca:c6199]
2019-06-14 09:09:50,153 INFO  client.GrpcClientProtocolClient (GrpcClientProtocolClient.java:onNext(254)) - client-C0E347E82FC5->e6065258-5a2c-4a72-9f81-ed1321f551ca: receive RaftClientReply:client-C0E347E82FC5->e6065258-5a2c-4a72-9f81-ed1321f551ca@group-13364FE26125, cid=3802, SUCCESS, logIndex=6201, commits[e6065258-5a2c-4a72-9f81-ed1321f551ca:c6201]
2019-06-14 09:09:50,154 INFO  client.GrpcClientProtocolClient (GrpcClientProtocolClient.java:onNext(254)) - client-C0E347E82FC5->e6065258-5a2c-4a72-9f81-ed1321f551ca: receive RaftClientReply:client-C0E347E82FC5->e6065258-5a2c-4a72-9f81-ed1321f551ca@group-13364FE26125, cid=3803, SUCCESS, logIndex=6202, commits[e6065258-5a2c-4a72-9f81-ed1321f551ca:c6204]
2019-06-14 09:09:50,154 INFO  client.GrpcClientProtocolClient (GrpcClientProtocolClient.java:onNext(254)) - client-C0E347E82FC5->e6065258-5a2c-4a72-9f81-ed1321f551ca: receive RaftClientReply:client-C0E347E82FC5->e6065258-5a2c-4a72-9f81-ed1321f551ca@group-13364FE26125, cid=3804, SUCCESS, logIndex=6203, commits[e6065258-5a2c-4a72-9f81-ed1321f551ca:c6204]
2019-06-14 09:09:50,160 INFO  client.GrpcClientProtocolClient (GrpcClientProtocolClient.java:onNext(254)) - client-C0E347E82FC5->e6065258-5a2c-4a72-9f81-ed1321f551ca: receive RaftClientReply:client-C0E347E82FC5->e6065258-5a2c-4a72-9f81-ed1321f551ca@group-13364FE26125, cid=3805, SUCCESS, logIndex=6205, commits[e6065258-5a2c-4a72-9f81-ed1321f551ca:c6205]
2019-06-14 09:09:50,162 INFO  client.GrpcClientProtocolClient (GrpcClientProtocolClient.java:onNext(254)) - client-C0E347E82FC5->e6065258-5a2c-4a72-9f81-ed1321f551ca: receive RaftClientReply:client-C0E347E82FC5->e6065258-5a2c-4a72-9f81-ed1321f551ca@group-13364FE26125, cid=3806, SUCCESS, logIndex=6207, commits[e6065258-5a2c-4a72-9f81-ed1321f551ca:c6207]
2019-06-14 09:09:50,162 INFO  client.GrpcClientProtocolClient (GrpcClientProtocolClient.java:onNext(254)) - client-C0E347E82FC5->e6065258-5a2c-4a72-9f81-ed1321f551ca: receive RaftClientReply:client-C0E347E82FC5->e6065258-5a2c-4a72-9f81-ed1321f551ca@group-13364FE26125, cid=3807, SUCCESS, logIndex=6208, commits[e6065258-5a2c-4a72-9f81-ed1321f551ca:c6210]
2019-06-14 09:09:50,162 INFO  client.GrpcClientProtocolClient (GrpcClientProtocolClient.java:onNext(254)) - client-C0E347E82FC5->e6065258-5a2c-4a72-9f81-ed1321f551ca: receive RaftClientReply:client-C0E347E82FC5->e6065258-5a2c-4a72-9f81-ed1321f551ca@group-13364FE26125, cid=3808, SUCCESS, logIndex=6209, commits[e6065258-5a2c-4a72-9f81-ed1321f551ca:c6210]
2019-06-14 09:09:50,172 INFO  client.GrpcClientProtocolClient (GrpcClientProtocolClient.java:onNext(254)) - client-C0E347E82FC5->e6065258-5a2c-4a72-9f81-ed1321f551ca: receive RaftClientReply:client-C0E347E82FC5->e6065258-5a2c-4a72-9f81-ed1321f551ca@group-13364FE26125, cid=3809, SUCCESS, logIndex=6211, commits[e6065258-5a2c-4a72-9f81-ed1321f551ca:c6211]
2019-06-14 09:09:50,173 INFO  client.GrpcClientProtocolClient (GrpcClientProtocolClient.java:onNext(254)) - client-C0E347E82FC5->e6065258-5a2c-4a72-9f81-ed1321f551ca: receive RaftClientReply:client-C0E347E82FC5->e6065258-5a2c-4a72-9f81-ed1321f551ca@group-13364FE26125, cid=3810, SUCCESS, logIndex=6213, commits[e6065258-5a2c-4a72-9f81-ed1321f551ca:c6213]
2019-06-14 09:09:50,175 INFO  client.GrpcClientProtocolClient (GrpcClientProtocolClient.java:onNext(254)) - client-C0E347E82FC5->e6065258-5a2c-4a72-9f81-ed1321f551ca: receive RaftClientReply:client-C0E347E82FC5->e6065258-5a2c-4a72-9f81-ed1321f551ca@group-13364FE26125, cid=3811, SUCCESS, logIndex=6215, commits[e6065258-5a2c-4a72-9f81-ed1321f551ca:c6216]
2019-06-14 09:09:50,176 INFO  client.GrpcClientProtocolClient (GrpcClientProtocolClient.java:onNext(254)) - client-C0E347E82FC5->e6065258-5a2c-4a72-9f81-ed1321f551ca: receive RaftClientReply:client-C0E347E82FC5->e6065258-5a2c-4a72-9f81-ed1321f551ca@group-13364FE26125, cid=3812, SUCCESS, logIndex=6216, commits[e6065258-5a2c-4a72-9f81-ed1321f551ca:c6216]
2019-06-14 09:09:50,180 INFO  client.GrpcClientProtocolClient (GrpcClientProtocolClient.java:onNext(254)) - client-C0E347E82FC5->e6065258-5a2c-4a72-9f81-ed1321f551ca: receive RaftClientReply:client-C0E347E82FC5->e6065258-5a2c-4a72-9f81-ed1321f551ca@group-13364FE26125, cid=3813, SUCCESS, logIndex=6218, commits[e6065258-5a2c-4a72-9f81-ed1321f551ca:c6218]
2019-06-14 09:09:50,181 INFO  client.GrpcClientProtocolClient (GrpcClientProtocolClient.java:onNext(254)) - client-C0E347E82FC5->e6065258-5a2c-4a72-9f81-ed1321f551ca: receive RaftClientReply:client-C0E347E82FC5->e6065258-5a2c-4a72-9f81-ed1321f551ca@group-13364FE26125, cid=3814, SUCCESS, logIndex=6220, commits[e6065258-5a2c-4a72-9f81-ed1321f551ca:c6220]
2019-06-14 09:09:50,182 INFO  client.GrpcClientProtocolClient (GrpcClientProtocolClient.java:onNext(254)) - client-C0E347E82FC5->e6065258-5a2c-4a72-9f81-ed1321f551ca: receive RaftClientReply:client-C0E347E82FC5->e6065258-5a2c-4a72-9f81-ed1321f551ca@group-13364FE26125, cid=3815, SUCCESS, logIndex=6221, commits[e6065258-5a2c-4a72-9f81-ed1321f551ca:c6223]
2019-06-14 09:09:50,182 INFO  client.GrpcClientProtocolClient (GrpcClientProtocolClient.java:onNext(254)) - client-C0E347E82FC5->e6065258-5a2c-4a72-9f81-ed1321f551ca: receive RaftClientReply:client-C0E347E82FC5->e6065258-5a2c-4a72-9f81-ed1321f551ca@group-13364FE26125, cid=3816, SUCCESS, logIndex=6222, commits[e6065258-5a2c-4a72-9f81-ed1321f551ca:c6223]
2019-06-14 09:09:50,189 DEBUG block.SCMBlockDeletingService (SCMBlockDeletingService.java:call(138)) - Running DeletedBlockTransactionScanner
2019-06-14 09:09:50,190 DEBUG block.SCMBlockDeletingService (SCMBlockDeletingService.java:call(155)) - Scanned deleted blocks log and got 0 delTX to process.
2019-06-14 09:09:50,192 INFO  client.GrpcClientProtocolClient (GrpcClientProtocolClient.java:onNext(254)) - client-C0E347E82FC5->e6065258-5a2c-4a72-9f81-ed1321f551ca: receive RaftClientReply:client-C0E347E82FC5->e6065258-5a2c-4a72-9f81-ed1321f551ca@group-13364FE26125, cid=3817, SUCCESS, logIndex=6224, commits[e6065258-5a2c-4a72-9f81-ed1321f551ca:c6224]
2019-06-14 09:09:50,193 INFO  client.GrpcClientProtocolClient (GrpcClientProtocolClient.java:onNext(254)) - client-C0E347E82FC5->e6065258-5a2c-4a72-9f81-ed1321f551ca: receive RaftClientReply:client-C0E347E82FC5->e6065258-5a2c-4a72-9f81-ed1321f551ca@group-13364FE26125, cid=3818, SUCCESS, logIndex=6226, commits[e6065258-5a2c-4a72-9f81-ed1321f551ca:c6226]
2019-06-14 09:09:50,194 INFO  client.GrpcClientProtocolClient (GrpcClientProtocolClient.java:onNext(254)) - client-C0E347E82FC5->e6065258-5a2c-4a72-9f81-ed1321f551ca: receive RaftClientReply:client-C0E347E82FC5->e6065258-5a2c-4a72-9f81-ed1321f551ca@group-13364FE26125, cid=3819, SUCCESS, logIndex=6227, commits[e6065258-5a2c-4a72-9f81-ed1321f551ca:c6229]
2019-06-14 09:09:50,195 INFO  client.GrpcClientProtocolClient (GrpcClientProtocolClient.java:onNext(254)) - client-C0E347E82FC5->e6065258-5a2c-4a72-9f81-ed1321f551ca: receive RaftClientReply:client-C0E347E82FC5->e6065258-5a2c-4a72-9f81-ed1321f551ca@group-13364FE26125, cid=3820, SUCCESS, logIndex=6228, commits[e6065258-5a2c-4a72-9f81-ed1321f551ca:c6229]
2019-06-14 09:09:50,199 INFO  client.GrpcClientProtocolClient (GrpcClientProtocolClient.java:onNext(254)) - client-C0E347E82FC5->e6065258-5a2c-4a72-9f81-ed1321f551ca: receive RaftClientReply:client-C0E347E82FC5->e6065258-5a2c-4a72-9f81-ed1321f551ca@group-13364FE26125, cid=3821, SUCCESS, logIndex=6230, commits[e6065258-5a2c-4a72-9f81-ed1321f551ca:c6230]
2019-06-14 09:09:50,200 INFO  client.GrpcClientProtocolClient (GrpcClientProtocolClient.java:onNext(254)) - client-C0E347E82FC5->e6065258-5a2c-4a72-9f81-ed1321f551ca: receive RaftClientReply:client-C0E347E82FC5->e6065258-5a2c-4a72-9f81-ed1321f551ca@group-13364FE26125, cid=3822, SUCCESS, logIndex=6232, commits[e6065258-5a2c-4a72-9f81-ed1321f551ca:c6232]
2019-06-14 09:09:50,201 INFO  client.GrpcClientProtocolClient (GrpcClientProtocolClient.java:onNext(254)) - client-C0E347E82FC5->e6065258-5a2c-4a72-9f81-ed1321f551ca: receive RaftClientReply:client-C0E347E82FC5->e6065258-5a2c-4a72-9f81-ed1321f551ca@group-13364FE26125, cid=3823, SUCCESS, logIndex=6233, commits[e6065258-5a2c-4a72-9f81-ed1321f551ca:c6235]
2019-06-14 09:09:50,202 INFO  client.GrpcClientProtocolClient (GrpcClientProtocolClient.java:onNext(254)) - client-C0E347E82FC5->e6065258-5a2c-4a72-9f81-ed1321f551ca: receive RaftClientReply:client-C0E347E82FC5->e6065258-5a2c-4a72-9f81-ed1321f551ca@group-13364FE26125, cid=3824, SUCCESS, logIndex=6234, commits[e6065258-5a2c-4a72-9f81-ed1321f551ca:c6235]
2019-06-14 09:09:50,211 INFO  client.GrpcClientProtocolClient (GrpcClientProtocolClient.java:onNext(254)) - client-C0E347E82FC5->e6065258-5a2c-4a72-9f81-ed1321f551ca: receive RaftClientReply:client-C0E347E82FC5->e6065258-5a2c-4a72-9f81-ed1321f551ca@group-13364FE26125, cid=3825, SUCCESS, logIndex=6236, commits[e6065258-5a2c-4a72-9f81-ed1321f551ca:c6236]
2019-06-14 09:09:50,212 INFO  client.GrpcClientProtocolClient (GrpcClientProtocolClient.java:onNext(254)) - client-C0E347E82FC5->e6065258-5a2c-4a72-9f81-ed1321f551ca: receive RaftClientReply:client-C0E347E82FC5->e6065258-5a2c-4a72-9f81-ed1321f551ca@group-13364FE26125, cid=3826, SUCCESS, logIndex=6238, commits[e6065258-5a2c-4a72-9f81-ed1321f551ca:c6238]
2019-06-14 09:09:50,213 INFO  client.GrpcClientProtocolClient (GrpcClientProtocolClient.java:onNext(254)) - client-C0E347E82FC5->e6065258-5a2c-4a72-9f81-ed1321f551ca: receive RaftClientReply:client-C0E347E82FC5->e6065258-5a2c-4a72-9f81-ed1321f551ca@group-13364FE26125, cid=3827, SUCCESS, logIndex=6239, commits[e6065258-5a2c-4a72-9f81-ed1321f551ca:c6241]
2019-06-14 09:09:50,213 INFO  client.GrpcClientProtocolClient (GrpcClientProtocolClient.java:onNext(254)) - client-C0E347E82FC5->e6065258-5a2c-4a72-9f81-ed1321f551ca: receive RaftClientReply:client-C0E347E82FC5->e6065258-5a2c-4a72-9f81-ed1321f551ca@group-13364FE26125, cid=3828, SUCCESS, logIndex=6240, commits[e6065258-5a2c-4a72-9f81-ed1321f551ca:c6241]
2019-06-14 09:09:50,218 INFO  client.GrpcClientProtocolClient (GrpcClientProtocolClient.java:onNext(254)) - client-C0E347E82FC5->e6065258-5a2c-4a72-9f81-ed1321f551ca: receive RaftClientReply:client-C0E347E82FC5->e6065258-5a2c-4a72-9f81-ed1321f551ca@group-13364FE26125, cid=3829, SUCCESS, logIndex=6242, commits[e6065258-5a2c-4a72-9f81-ed1321f551ca:c6242]
2019-06-14 09:09:50,219 INFO  client.GrpcClientProtocolClient (GrpcClientProtocolClient.java:onNext(254)) - client-C0E347E82FC5->e6065258-5a2c-4a72-9f81-ed1321f551ca: receive RaftClientReply:client-C0E347E82FC5->e6065258-5a2c-4a72-9f81-ed1321f551ca@group-13364FE26125, cid=3830, SUCCESS, logIndex=6244, commits[e6065258-5a2c-4a72-9f81-ed1321f551ca:c6244]
2019-06-14 09:09:50,220 INFO  client.GrpcClientProtocolClient (GrpcClientProtocolClient.java:onNext(254)) - client-C0E347E82FC5->e6065258-5a2c-4a72-9f81-ed1321f551ca: receive RaftClientReply:client-C0E347E82FC5->e6065258-5a2c-4a72-9f81-ed1321f551ca@group-13364FE26125, cid=3831, SUCCESS, logIndex=6245, commits[e6065258-5a2c-4a72-9f81-ed1321f551ca:c6247]
2019-06-14 09:09:50,221 INFO  client.GrpcClientProtocolClient (GrpcClientProtocolClient.java:onNext(254)) - client-C0E347E82FC5->e6065258-5a2c-4a72-9f81-ed1321f551ca: receive RaftClientReply:client-C0E347E82FC5->e6065258-5a2c-4a72-9f81-ed1321f551ca@group-13364FE26125, cid=3832, SUCCESS, logIndex=6246, commits[e6065258-5a2c-4a72-9f81-ed1321f551ca:c6247]
2019-06-14 09:09:50,228 INFO  storage.RaftLogWorker (RaftLogWorker.java:rollLogSegment(303)) - e6065258-5a2c-4a72-9f81-ed1321f551ca-RaftLogWorker: Rolling segment log-6182_6247 to index:6247
2019-06-14 09:09:50,228 INFO  storage.RaftLogWorker (RaftLogWorker.java:execute(433)) - e6065258-5a2c-4a72-9f81-ed1321f551ca-RaftLogWorker: Rolled log segment from /opt/src/hadoop-ozone/integration-test/target/test-dir/MiniOzoneClusterImpl-a56da109-a1cb-4168-8966-62306f2f2d23/datanode-0/data/ratis/920138aa-6f47-4d6d-b5cc-13364fe26125/current/log_inprogress_6182 to /opt/src/hadoop-ozone/integration-test/target/test-dir/MiniOzoneClusterImpl-a56da109-a1cb-4168-8966-62306f2f2d23/datanode-0/data/ratis/920138aa-6f47-4d6d-b5cc-13364fe26125/current/log_6182-6247
2019-06-14 09:09:50,263 INFO  storage.RaftLogWorker (RaftLogWorker.java:execute(469)) - e6065258-5a2c-4a72-9f81-ed1321f551ca-RaftLogWorker: created new log segment /opt/src/hadoop-ozone/integration-test/target/test-dir/MiniOzoneClusterImpl-a56da109-a1cb-4168-8966-62306f2f2d23/datanode-0/data/ratis/920138aa-6f47-4d6d-b5cc-13364fe26125/current/log_inprogress_6248
2019-06-14 09:09:50,265 INFO  client.GrpcClientProtocolClient (GrpcClientProtocolClient.java:onNext(254)) - client-C0E347E82FC5->e6065258-5a2c-4a72-9f81-ed1321f551ca: receive RaftClientReply:client-C0E347E82FC5->e6065258-5a2c-4a72-9f81-ed1321f551ca@group-13364FE26125, cid=3833, SUCCESS, logIndex=6248, commits[e6065258-5a2c-4a72-9f81-ed1321f551ca:c6248]
2019-06-14 09:09:50,266 INFO  client.GrpcClientProtocolClient (GrpcClientProtocolClient.java:onNext(254)) - client-C0E347E82FC5->e6065258-5a2c-4a72-9f81-ed1321f551ca: receive RaftClientReply:client-C0E347E82FC5->e6065258-5a2c-4a72-9f81-ed1321f551ca@group-13364FE26125, cid=3834, SUCCESS, logIndex=6250, commits[e6065258-5a2c-4a72-9f81-ed1321f551ca:c6250]
2019-06-14 09:09:50,267 INFO  client.GrpcClientProtocolClient (GrpcClientProtocolClient.java:onNext(254)) - client-C0E347E82FC5->e6065258-5a2c-4a72-9f81-ed1321f551ca: receive RaftClientReply:client-C0E347E82FC5->e6065258-5a2c-4a72-9f81-ed1321f551ca@group-13364FE26125, cid=3835, SUCCESS, logIndex=6251, commits[e6065258-5a2c-4a72-9f81-ed1321f551ca:c6253]
2019-06-14 09:09:50,267 INFO  client.GrpcClientProtocolClient (GrpcClientProtocolClient.java:onNext(254)) - client-C0E347E82FC5->e6065258-5a2c-4a72-9f81-ed1321f551ca: receive RaftClientReply:client-C0E347E82FC5->e6065258-5a2c-4a72-9f81-ed1321f551ca@group-13364FE26125, cid=3836, SUCCESS, logIndex=6252, commits[e6065258-5a2c-4a72-9f81-ed1321f551ca:c6253]
2019-06-14 09:09:50,272 INFO  client.GrpcClientProtocolClient (GrpcClientProtocolClient.java:onNext(254)) - client-C0E347E82FC5->e6065258-5a2c-4a72-9f81-ed1321f551ca: receive RaftClientReply:client-C0E347E82FC5->e6065258-5a2c-4a72-9f81-ed1321f551ca@group-13364FE26125, cid=3837, SUCCESS, logIndex=6254, commits[e6065258-5a2c-4a72-9f81-ed1321f551ca:c6254]
2019-06-14 09:09:50,277 INFO  client.GrpcClientProtocolClient (GrpcClientProtocolClient.java:onNext(254)) - client-C0E347E82FC5->e6065258-5a2c-4a72-9f81-ed1321f551ca: receive RaftClientReply:client-C0E347E82FC5->e6065258-5a2c-4a72-9f81-ed1321f551ca@group-13364FE26125, cid=3838, SUCCESS, logIndex=6256, commits[e6065258-5a2c-4a72-9f81-ed1321f551ca:c6258]
2019-06-14 09:09:50,278 INFO  client.GrpcClientProtocolClient (GrpcClientProtocolClient.java:onNext(254)) - client-C0E347E82FC5->e6065258-5a2c-4a72-9f81-ed1321f551ca: receive RaftClientReply:client-C0E347E82FC5->e6065258-5a2c-4a72-9f81-ed1321f551ca@group-13364FE26125, cid=3839, SUCCESS, logIndex=6257, commits[e6065258-5a2c-4a72-9f81-ed1321f551ca:c6258]
2019-06-14 09:09:50,278 INFO  client.GrpcClientProtocolClient (GrpcClientProtocolClient.java:onNext(254)) - client-C0E347E82FC5->e6065258-5a2c-4a72-9f81-ed1321f551ca: receive RaftClientReply:client-C0E347E82FC5->e6065258-5a2c-4a72-9f81-ed1321f551ca@group-13364FE26125, cid=3840, SUCCESS, logIndex=6258, commits[e6065258-5a2c-4a72-9f81-ed1321f551ca:c6258]
2019-06-14 09:09:50,289 INFO  client.GrpcClientProtocolClient (GrpcClientProtocolClient.java:onNext(254)) - client-C0E347E82FC5->e6065258-5a2c-4a72-9f81-ed1321f551ca: receive RaftClientReply:client-C0E347E82FC5->e6065258-5a2c-4a72-9f81-ed1321f551ca@group-13364FE26125, cid=3841, SUCCESS, logIndex=6260, commits[e6065258-5a2c-4a72-9f81-ed1321f551ca:c6260]
2019-06-14 09:09:50,290 DEBUG block.SCMBlockDeletingService (SCMBlockDeletingService.java:call(138)) - Running DeletedBlockTransactionScanner
2019-06-14 09:09:50,290 DEBUG block.SCMBlockDeletingService (SCMBlockDeletingService.java:call(155)) - Scanned deleted blocks log and got 0 delTX to process.
2019-06-14 09:09:50,291 INFO  client.GrpcClientProtocolClient (GrpcClientProtocolClient.java:onNext(254)) - client-C0E347E82FC5->e6065258-5a2c-4a72-9f81-ed1321f551ca: receive RaftClientReply:client-C0E347E82FC5->e6065258-5a2c-4a72-9f81-ed1321f551ca@group-13364FE26125, cid=3842, SUCCESS, logIndex=6262, commits[e6065258-5a2c-4a72-9f81-ed1321f551ca:c6262]
2019-06-14 09:09:50,291 INFO  client.GrpcClientProtocolClient (GrpcClientProtocolClient.java:onNext(254)) - client-C0E347E82FC5->e6065258-5a2c-4a72-9f81-ed1321f551ca: receive RaftClientReply:client-C0E347E82FC5->e6065258-5a2c-4a72-9f81-ed1321f551ca@group-13364FE26125, cid=3843, SUCCESS, logIndex=6263, commits[e6065258-5a2c-4a72-9f81-ed1321f551ca:c6265]
2019-06-14 09:09:50,292 INFO  client.GrpcClientProtocolClient (GrpcClientProtocolClient.java:onNext(254)) - client-C0E347E82FC5->e6065258-5a2c-4a72-9f81-ed1321f551ca: receive RaftClientReply:client-C0E347E82FC5->e6065258-5a2c-4a72-9f81-ed1321f551ca@group-13364FE26125, cid=3844, SUCCESS, logIndex=6264, commits[e6065258-5a2c-4a72-9f81-ed1321f551ca:c6265]
2019-06-14 09:09:50,390 DEBUG block.SCMBlockDeletingService (SCMBlockDeletingService.java:call(138)) - Running DeletedBlockTransactionScanner
2019-06-14 09:09:50,390 DEBUG block.SCMBlockDeletingService (SCMBlockDeletingService.java:call(155)) - Scanned deleted blocks log and got 0 delTX to process.
2019-06-14 09:09:50,407 INFO  client.GrpcClientProtocolClient (GrpcClientProtocolClient.java:onNext(254)) - client-C0E347E82FC5->e6065258-5a2c-4a72-9f81-ed1321f551ca: receive RaftClientReply:client-C0E347E82FC5->e6065258-5a2c-4a72-9f81-ed1321f551ca@group-13364FE26125, cid=3845, SUCCESS, logIndex=6266, commits[e6065258-5a2c-4a72-9f81-ed1321f551ca:c6266]
2019-06-14 09:09:50,408 INFO  client.GrpcClientProtocolClient (GrpcClientProtocolClient.java:onNext(254)) - client-C0E347E82FC5->e6065258-5a2c-4a72-9f81-ed1321f551ca: receive RaftClientReply:client-C0E347E82FC5->e6065258-5a2c-4a72-9f81-ed1321f551ca@group-13364FE26125, cid=3846, SUCCESS, logIndex=6268, commits[e6065258-5a2c-4a72-9f81-ed1321f551ca:c6268]
2019-06-14 09:09:50,409 INFO  client.GrpcClientProtocolClient (GrpcClientProtocolClient.java:onNext(254)) - client-C0E347E82FC5->e6065258-5a2c-4a72-9f81-ed1321f551ca: receive RaftClientReply:client-C0E347E82FC5->e6065258-5a2c-4a72-9f81-ed1321f551ca@group-13364FE26125, cid=3847, SUCCESS, logIndex=6269, commits[e6065258-5a2c-4a72-9f81-ed1321f551ca:c6271]
2019-06-14 09:09:50,409 INFO  client.GrpcClientProtocolClient (GrpcClientProtocolClient.java:onNext(254)) - client-C0E347E82FC5->e6065258-5a2c-4a72-9f81-ed1321f551ca: receive RaftClientReply:client-C0E347E82FC5->e6065258-5a2c-4a72-9f81-ed1321f551ca@group-13364FE26125, cid=3848, SUCCESS, logIndex=6270, commits[e6065258-5a2c-4a72-9f81-ed1321f551ca:c6271]
2019-06-14 09:09:50,419 INFO  client.GrpcClientProtocolClient (GrpcClientProtocolClient.java:onNext(254)) - client-C0E347E82FC5->e6065258-5a2c-4a72-9f81-ed1321f551ca: receive RaftClientReply:client-C0E347E82FC5->e6065258-5a2c-4a72-9f81-ed1321f551ca@group-13364FE26125, cid=3849, SUCCESS, logIndex=6272, commits[e6065258-5a2c-4a72-9f81-ed1321f551ca:c6272]
2019-06-14 09:09:50,420 INFO  client.GrpcClientProtocolClient (GrpcClientProtocolClient.java:onNext(254)) - client-C0E347E82FC5->e6065258-5a2c-4a72-9f81-ed1321f551ca: receive RaftClientReply:client-C0E347E82FC5->e6065258-5a2c-4a72-9f81-ed1321f551ca@group-13364FE26125, cid=3850, SUCCESS, logIndex=6274, commits[e6065258-5a2c-4a72-9f81-ed1321f551ca:c6274]
2019-06-14 09:09:50,421 INFO  client.GrpcClientProtocolClient (GrpcClientProtocolClient.java:onNext(254)) - client-C0E347E82FC5->e6065258-5a2c-4a72-9f81-ed1321f551ca: receive RaftClientReply:client-C0E347E82FC5->e6065258-5a2c-4a72-9f81-ed1321f551ca@group-13364FE26125, cid=3851, SUCCESS, logIndex=6275, commits[e6065258-5a2c-4a72-9f81-ed1321f551ca:c6277]
2019-06-14 09:09:50,421 INFO  client.GrpcClientProtocolClient (GrpcClientProtocolClient.java:onNext(254)) - client-C0E347E82FC5->e6065258-5a2c-4a72-9f81-ed1321f551ca: receive RaftClientReply:client-C0E347E82FC5->e6065258-5a2c-4a72-9f81-ed1321f551ca@group-13364FE26125, cid=3852, SUCCESS, logIndex=6276, commits[e6065258-5a2c-4a72-9f81-ed1321f551ca:c6277]
2019-06-14 09:09:50,426 INFO  client.GrpcClientProtocolClient (GrpcClientProtocolClient.java:onNext(254)) - client-C0E347E82FC5->e6065258-5a2c-4a72-9f81-ed1321f551ca: receive RaftClientReply:client-C0E347E82FC5->e6065258-5a2c-4a72-9f81-ed1321f551ca@group-13364FE26125, cid=3853, SUCCESS, logIndex=6278, commits[e6065258-5a2c-4a72-9f81-ed1321f551ca:c6278]
2019-06-14 09:09:50,427 INFO  client.GrpcClientProtocolClient (GrpcClientProtocolClient.java:onNext(254)) - client-C0E347E82FC5->e6065258-5a2c-4a72-9f81-ed1321f551ca: receive RaftClientReply:client-C0E347E82FC5->e6065258-5a2c-4a72-9f81-ed1321f551ca@group-13364FE26125, cid=3854, SUCCESS, logIndex=6280, commits[e6065258-5a2c-4a72-9f81-ed1321f551ca:c6280]
2019-06-14 09:09:50,428 INFO  client.GrpcClientProtocolClient (GrpcClientProtocolClient.java:onNext(254)) - client-C0E347E82FC5->e6065258-5a2c-4a72-9f81-ed1321f551ca: receive RaftClientReply:client-C0E347E82FC5->e6065258-5a2c-4a72-9f81-ed1321f551ca@group-13364FE26125, cid=3855, SUCCESS, logIndex=6281, commits[e6065258-5a2c-4a72-9f81-ed1321f551ca:c6283]
2019-06-14 09:09:50,429 INFO  client.GrpcClientProtocolClient (GrpcClientProtocolClient.java:onNext(254)) - client-C0E347E82FC5->e6065258-5a2c-4a72-9f81-ed1321f551ca: receive RaftClientReply:client-C0E347E82FC5->e6065258-5a2c-4a72-9f81-ed1321f551ca@group-13364FE26125, cid=3856, SUCCESS, logIndex=6282, commits[e6065258-5a2c-4a72-9f81-ed1321f551ca:c6283]
2019-06-14 09:09:50,438 INFO  client.GrpcClientProtocolClient (GrpcClientProtocolClient.java:onNext(254)) - client-C0E347E82FC5->e6065258-5a2c-4a72-9f81-ed1321f551ca: receive RaftClientReply:client-C0E347E82FC5->e6065258-5a2c-4a72-9f81-ed1321f551ca@group-13364FE26125, cid=3857, SUCCESS, logIndex=6284, commits[e6065258-5a2c-4a72-9f81-ed1321f551ca:c6284]
2019-06-14 09:09:50,440 INFO  client.GrpcClientProtocolClient (GrpcClientProtocolClient.java:onNext(254)) - client-C0E347E82FC5->e6065258-5a2c-4a72-9f81-ed1321f551ca: receive RaftClientReply:client-C0E347E82FC5->e6065258-5a2c-4a72-9f81-ed1321f551ca@group-13364FE26125, cid=3858, SUCCESS, logIndex=6286, commits[e6065258-5a2c-4a72-9f81-ed1321f551ca:c6286]
2019-06-14 09:09:50,441 INFO  client.GrpcClientProtocolClient (GrpcClientProtocolClient.java:onNext(254)) - client-C0E347E82FC5->e6065258-5a2c-4a72-9f81-ed1321f551ca: receive RaftClientReply:client-C0E347E82FC5->e6065258-5a2c-4a72-9f81-ed1321f551ca@group-13364FE26125, cid=3859, SUCCESS, logIndex=6287, commits[e6065258-5a2c-4a72-9f81-ed1321f551ca:c6289]
2019-06-14 09:09:50,441 INFO  client.GrpcClientProtocolClient (GrpcClientProtocolClient.java:onNext(254)) - client-C0E347E82FC5->e6065258-5a2c-4a72-9f81-ed1321f551ca: receive RaftClientReply:client-C0E347E82FC5->e6065258-5a2c-4a72-9f81-ed1321f551ca@group-13364FE26125, cid=3860, SUCCESS, logIndex=6288, commits[e6065258-5a2c-4a72-9f81-ed1321f551ca:c6289]
2019-06-14 09:09:50,446 INFO  client.GrpcClientProtocolClient (GrpcClientProtocolClient.java:onNext(254)) - client-C0E347E82FC5->e6065258-5a2c-4a72-9f81-ed1321f551ca: receive RaftClientReply:client-C0E347E82FC5->e6065258-5a2c-4a72-9f81-ed1321f551ca@group-13364FE26125, cid=3861, SUCCESS, logIndex=6290, commits[e6065258-5a2c-4a72-9f81-ed1321f551ca:c6290]
2019-06-14 09:09:50,448 INFO  client.GrpcClientProtocolClient (GrpcClientProtocolClient.java:onNext(254)) - client-C0E347E82FC5->e6065258-5a2c-4a72-9f81-ed1321f551ca: receive RaftClientReply:client-C0E347E82FC5->e6065258-5a2c-4a72-9f81-ed1321f551ca@group-13364FE26125, cid=3862, SUCCESS, logIndex=6292, commits[e6065258-5a2c-4a72-9f81-ed1321f551ca:c6292]
2019-06-14 09:09:50,448 INFO  client.GrpcClientProtocolClient (GrpcClientProtocolClient.java:onNext(254)) - client-C0E347E82FC5->e6065258-5a2c-4a72-9f81-ed1321f551ca: receive RaftClientReply:client-C0E347E82FC5->e6065258-5a2c-4a72-9f81-ed1321f551ca@group-13364FE26125, cid=3863, SUCCESS, logIndex=6293, commits[e6065258-5a2c-4a72-9f81-ed1321f551ca:c6293]
2019-06-14 09:09:50,449 INFO  client.GrpcClientProtocolClient (GrpcClientProtocolClient.java:onNext(254)) - client-C0E347E82FC5->e6065258-5a2c-4a72-9f81-ed1321f551ca: receive RaftClientReply:client-C0E347E82FC5->e6065258-5a2c-4a72-9f81-ed1321f551ca@group-13364FE26125, cid=3864, SUCCESS, logIndex=6295, commits[e6065258-5a2c-4a72-9f81-ed1321f551ca:c6295]
2019-06-14 09:09:50,458 INFO  client.GrpcClientProtocolClient (GrpcClientProtocolClient.java:onNext(254)) - client-C0E347E82FC5->e6065258-5a2c-4a72-9f81-ed1321f551ca: receive RaftClientReply:client-C0E347E82FC5->e6065258-5a2c-4a72-9f81-ed1321f551ca@group-13364FE26125, cid=3865, SUCCESS, logIndex=6298, commits[e6065258-5a2c-4a72-9f81-ed1321f551ca:c6298]
2019-06-14 09:09:50,459 INFO  client.GrpcClientProtocolClient (GrpcClientProtocolClient.java:onNext(254)) - client-C0E347E82FC5->e6065258-5a2c-4a72-9f81-ed1321f551ca: receive RaftClientReply:client-C0E347E82FC5->e6065258-5a2c-4a72-9f81-ed1321f551ca@group-13364FE26125, cid=3866, SUCCESS, logIndex=6300, commits[e6065258-5a2c-4a72-9f81-ed1321f551ca:c6300]
2019-06-14 09:09:50,460 INFO  client.GrpcClientProtocolClient (GrpcClientProtocolClient.java:onNext(254)) - client-C0E347E82FC5->e6065258-5a2c-4a72-9f81-ed1321f551ca: receive RaftClientReply:client-C0E347E82FC5->e6065258-5a2c-4a72-9f81-ed1321f551ca@group-13364FE26125, cid=3867, SUCCESS, logIndex=6301, commits[e6065258-5a2c-4a72-9f81-ed1321f551ca:c6303]
2019-06-14 09:09:50,460 INFO  client.GrpcClientProtocolClient (GrpcClientProtocolClient.java:onNext(254)) - client-C0E347E82FC5->e6065258-5a2c-4a72-9f81-ed1321f551ca: receive RaftClientReply:client-C0E347E82FC5->e6065258-5a2c-4a72-9f81-ed1321f551ca@group-13364FE26125, cid=3868, SUCCESS, logIndex=6302, commits[e6065258-5a2c-4a72-9f81-ed1321f551ca:c6303]
2019-06-14 09:09:50,465 INFO  client.GrpcClientProtocolClient (GrpcClientProtocolClient.java:onNext(254)) - client-C0E347E82FC5->e6065258-5a2c-4a72-9f81-ed1321f551ca: receive RaftClientReply:client-C0E347E82FC5->e6065258-5a2c-4a72-9f81-ed1321f551ca@group-13364FE26125, cid=3869, SUCCESS, logIndex=6304, commits[e6065258-5a2c-4a72-9f81-ed1321f551ca:c6304]
2019-06-14 09:09:50,467 INFO  client.GrpcClientProtocolClient (GrpcClientProtocolClient.java:onNext(254)) - client-C0E347E82FC5->e6065258-5a2c-4a72-9f81-ed1321f551ca: receive RaftClientReply:client-C0E347E82FC5->e6065258-5a2c-4a72-9f81-ed1321f551ca@group-13364FE26125, cid=3870, SUCCESS, logIndex=6306, commits[e6065258-5a2c-4a72-9f81-ed1321f551ca:c6308]
2019-06-14 09:09:50,467 INFO  client.GrpcClientProtocolClient (GrpcClientProtocolClient.java:onNext(254)) - client-C0E347E82FC5->e6065258-5a2c-4a72-9f81-ed1321f551ca: receive RaftClientReply:client-C0E347E82FC5->e6065258-5a2c-4a72-9f81-ed1321f551ca@group-13364FE26125, cid=3871, SUCCESS, logIndex=6307, commits[e6065258-5a2c-4a72-9f81-ed1321f551ca:c6308]
2019-06-14 09:09:50,467 INFO  client.GrpcClientProtocolClient (GrpcClientProtocolClient.java:onNext(254)) - client-C0E347E82FC5->e6065258-5a2c-4a72-9f81-ed1321f551ca: receive RaftClientReply:client-C0E347E82FC5->e6065258-5a2c-4a72-9f81-ed1321f551ca@group-13364FE26125, cid=3872, SUCCESS, logIndex=6308, commits[e6065258-5a2c-4a72-9f81-ed1321f551ca:c6308]
2019-06-14 09:09:50,477 INFO  client.GrpcClientProtocolClient (GrpcClientProtocolClient.java:onNext(254)) - client-C0E347E82FC5->e6065258-5a2c-4a72-9f81-ed1321f551ca: receive RaftClientReply:client-C0E347E82FC5->e6065258-5a2c-4a72-9f81-ed1321f551ca@group-13364FE26125, cid=3873, SUCCESS, logIndex=6310, commits[e6065258-5a2c-4a72-9f81-ed1321f551ca:c6310]
2019-06-14 09:09:50,478 INFO  client.GrpcClientProtocolClient (GrpcClientProtocolClient.java:onNext(254)) - client-C0E347E82FC5->e6065258-5a2c-4a72-9f81-ed1321f551ca: receive RaftClientReply:client-C0E347E82FC5->e6065258-5a2c-4a72-9f81-ed1321f551ca@group-13364FE26125, cid=3874, SUCCESS, logIndex=6312, commits[e6065258-5a2c-4a72-9f81-ed1321f551ca:c6312]
2019-06-14 09:09:50,479 INFO  client.GrpcClientProtocolClient (GrpcClientProtocolClient.java:onNext(254)) - client-C0E347E82FC5->e6065258-5a2c-4a72-9f81-ed1321f551ca: receive RaftClientReply:client-C0E347E82FC5->e6065258-5a2c-4a72-9f81-ed1321f551ca@group-13364FE26125, cid=3875, SUCCESS, logIndex=6313, commits[e6065258-5a2c-4a72-9f81-ed1321f551ca:c6315]
2019-06-14 09:09:50,479 INFO  client.GrpcClientProtocolClient (GrpcClientProtocolClient.java:onNext(254)) - client-C0E347E82FC5->e6065258-5a2c-4a72-9f81-ed1321f551ca: receive RaftClientReply:client-C0E347E82FC5->e6065258-5a2c-4a72-9f81-ed1321f551ca@group-13364FE26125, cid=3876, SUCCESS, logIndex=6314, commits[e6065258-5a2c-4a72-9f81-ed1321f551ca:c6315]
2019-06-14 09:09:50,482 INFO  storage.RaftLogWorker (RaftLogWorker.java:rollLogSegment(303)) - e6065258-5a2c-4a72-9f81-ed1321f551ca-RaftLogWorker: Rolling segment log-6248_6315 to index:6315
2019-06-14 09:09:50,482 INFO  storage.RaftLogWorker (RaftLogWorker.java:execute(433)) - e6065258-5a2c-4a72-9f81-ed1321f551ca-RaftLogWorker: Rolled log segment from /opt/src/hadoop-ozone/integration-test/target/test-dir/MiniOzoneClusterImpl-a56da109-a1cb-4168-8966-62306f2f2d23/datanode-0/data/ratis/920138aa-6f47-4d6d-b5cc-13364fe26125/current/log_inprogress_6248 to /opt/src/hadoop-ozone/integration-test/target/test-dir/MiniOzoneClusterImpl-a56da109-a1cb-4168-8966-62306f2f2d23/datanode-0/data/ratis/920138aa-6f47-4d6d-b5cc-13364fe26125/current/log_6248-6315
2019-06-14 09:09:50,491 DEBUG block.SCMBlockDeletingService (SCMBlockDeletingService.java:call(138)) - Running DeletedBlockTransactionScanner
2019-06-14 09:09:50,491 DEBUG block.SCMBlockDeletingService (SCMBlockDeletingService.java:call(155)) - Scanned deleted blocks log and got 0 delTX to process.
2019-06-14 09:09:50,518 INFO  storage.RaftLogWorker (RaftLogWorker.java:execute(469)) - e6065258-5a2c-4a72-9f81-ed1321f551ca-RaftLogWorker: created new log segment /opt/src/hadoop-ozone/integration-test/target/test-dir/MiniOzoneClusterImpl-a56da109-a1cb-4168-8966-62306f2f2d23/datanode-0/data/ratis/920138aa-6f47-4d6d-b5cc-13364fe26125/current/log_inprogress_6316
2019-06-14 09:09:50,519 INFO  client.GrpcClientProtocolClient (GrpcClientProtocolClient.java:onNext(254)) - client-C0E347E82FC5->e6065258-5a2c-4a72-9f81-ed1321f551ca: receive RaftClientReply:client-C0E347E82FC5->e6065258-5a2c-4a72-9f81-ed1321f551ca@group-13364FE26125, cid=3877, SUCCESS, logIndex=6316, commits[e6065258-5a2c-4a72-9f81-ed1321f551ca:c6316]
2019-06-14 09:09:50,520 INFO  client.GrpcClientProtocolClient (GrpcClientProtocolClient.java:onNext(254)) - client-C0E347E82FC5->e6065258-5a2c-4a72-9f81-ed1321f551ca: receive RaftClientReply:client-C0E347E82FC5->e6065258-5a2c-4a72-9f81-ed1321f551ca@group-13364FE26125, cid=3878, SUCCESS, logIndex=6318, commits[e6065258-5a2c-4a72-9f81-ed1321f551ca:c6318]
2019-06-14 09:09:50,522 INFO  client.GrpcClientProtocolClient (GrpcClientProtocolClient.java:onNext(254)) - client-C0E347E82FC5->e6065258-5a2c-4a72-9f81-ed1321f551ca: receive RaftClientReply:client-C0E347E82FC5->e6065258-5a2c-4a72-9f81-ed1321f551ca@group-13364FE26125, cid=3879, SUCCESS, logIndex=6319, commits[e6065258-5a2c-4a72-9f81-ed1321f551ca:c6321]
2019-06-14 09:09:50,522 INFO  client.GrpcClientProtocolClient (GrpcClientProtocolClient.java:onNext(254)) - client-C0E347E82FC5->e6065258-5a2c-4a72-9f81-ed1321f551ca: receive RaftClientReply:client-C0E347E82FC5->e6065258-5a2c-4a72-9f81-ed1321f551ca@group-13364FE26125, cid=3880, SUCCESS, logIndex=6320, commits[e6065258-5a2c-4a72-9f81-ed1321f551ca:c6321]
2019-06-14 09:09:50,532 INFO  client.GrpcClientProtocolClient (GrpcClientProtocolClient.java:onNext(254)) - client-C0E347E82FC5->e6065258-5a2c-4a72-9f81-ed1321f551ca: receive RaftClientReply:client-C0E347E82FC5->e6065258-5a2c-4a72-9f81-ed1321f551ca@group-13364FE26125, cid=3881, SUCCESS, logIndex=6322, commits[e6065258-5a2c-4a72-9f81-ed1321f551ca:c6322]
2019-06-14 09:09:50,533 INFO  client.GrpcClientProtocolClient (GrpcClientProtocolClient.java:onNext(254)) - client-C0E347E82FC5->e6065258-5a2c-4a72-9f81-ed1321f551ca: receive RaftClientReply:client-C0E347E82FC5->e6065258-5a2c-4a72-9f81-ed1321f551ca@group-13364FE26125, cid=3882, SUCCESS, logIndex=6324, commits[e6065258-5a2c-4a72-9f81-ed1321f551ca:c6324]
2019-06-14 09:09:50,536 INFO  client.GrpcClientProtocolClient (GrpcClientProtocolClient.java:onNext(254)) - client-C0E347E82FC5->e6065258-5a2c-4a72-9f81-ed1321f551ca: receive RaftClientReply:client-C0E347E82FC5->e6065258-5a2c-4a72-9f81-ed1321f551ca@group-13364FE26125, cid=3883, SUCCESS, logIndex=6325, commits[e6065258-5a2c-4a72-9f81-ed1321f551ca:c6327]
2019-06-14 09:09:50,536 INFO  client.GrpcClientProtocolClient (GrpcClientProtocolClient.java:onNext(254)) - client-C0E347E82FC5->e6065258-5a2c-4a72-9f81-ed1321f551ca: receive RaftClientReply:client-C0E347E82FC5->e6065258-5a2c-4a72-9f81-ed1321f551ca@group-13364FE26125, cid=3884, SUCCESS, logIndex=6326, commits[e6065258-5a2c-4a72-9f81-ed1321f551ca:c6327]
2019-06-14 09:09:50,540 INFO  client.GrpcClientProtocolClient (GrpcClientProtocolClient.java:onNext(254)) - client-C0E347E82FC5->e6065258-5a2c-4a72-9f81-ed1321f551ca: receive RaftClientReply:client-C0E347E82FC5->e6065258-5a2c-4a72-9f81-ed1321f551ca@group-13364FE26125, cid=3885, SUCCESS, logIndex=6328, commits[e6065258-5a2c-4a72-9f81-ed1321f551ca:c6328]
2019-06-14 09:09:50,541 INFO  client.GrpcClientProtocolClient (GrpcClientProtocolClient.java:onNext(254)) - client-C0E347E82FC5->e6065258-5a2c-4a72-9f81-ed1321f551ca: receive RaftClientReply:client-C0E347E82FC5->e6065258-5a2c-4a72-9f81-ed1321f551ca@group-13364FE26125, cid=3886, SUCCESS, logIndex=6330, commits[e6065258-5a2c-4a72-9f81-ed1321f551ca:c6330]
2019-06-14 09:09:50,543 INFO  client.GrpcClientProtocolClient (GrpcClientProtocolClient.java:onNext(254)) - client-C0E347E82FC5->e6065258-5a2c-4a72-9f81-ed1321f551ca: receive RaftClientReply:client-C0E347E82FC5->e6065258-5a2c-4a72-9f81-ed1321f551ca@group-13364FE26125, cid=3887, SUCCESS, logIndex=6331, commits[e6065258-5a2c-4a72-9f81-ed1321f551ca:c6333]
2019-06-14 09:09:50,543 INFO  client.GrpcClientProtocolClient (GrpcClientProtocolClient.java:onNext(254)) - client-C0E347E82FC5->e6065258-5a2c-4a72-9f81-ed1321f551ca: receive RaftClientReply:client-C0E347E82FC5->e6065258-5a2c-4a72-9f81-ed1321f551ca@group-13364FE26125, cid=3888, SUCCESS, logIndex=6332, commits[e6065258-5a2c-4a72-9f81-ed1321f551ca:c6333]
2019-06-14 09:09:50,591 DEBUG block.SCMBlockDeletingService (SCMBlockDeletingService.java:call(138)) - Running DeletedBlockTransactionScanner
2019-06-14 09:09:50,591 DEBUG block.SCMBlockDeletingService (SCMBlockDeletingService.java:call(155)) - Scanned deleted blocks log and got 0 delTX to process.
2019-06-14 09:09:50,617 INFO  client.GrpcClientProtocolClient (GrpcClientProtocolClient.java:onNext(254)) - client-C0E347E82FC5->e6065258-5a2c-4a72-9f81-ed1321f551ca: receive RaftClientReply:client-C0E347E82FC5->e6065258-5a2c-4a72-9f81-ed1321f551ca@group-13364FE26125, cid=3889, SUCCESS, logIndex=6334, commits[e6065258-5a2c-4a72-9f81-ed1321f551ca:c6334]
2019-06-14 09:09:50,619 INFO  client.GrpcClientProtocolClient (GrpcClientProtocolClient.java:onNext(254)) - client-C0E347E82FC5->e6065258-5a2c-4a72-9f81-ed1321f551ca: receive RaftClientReply:client-C0E347E82FC5->e6065258-5a2c-4a72-9f81-ed1321f551ca@group-13364FE26125, cid=3890, SUCCESS, logIndex=6336, commits[e6065258-5a2c-4a72-9f81-ed1321f551ca:c6336]
2019-06-14 09:09:50,619 INFO  client.GrpcClientProtocolClient (GrpcClientProtocolClient.java:onNext(254)) - client-C0E347E82FC5->e6065258-5a2c-4a72-9f81-ed1321f551ca: receive RaftClientReply:client-C0E347E82FC5->e6065258-5a2c-4a72-9f81-ed1321f551ca@group-13364FE26125, cid=3891, SUCCESS, logIndex=6337, commits[e6065258-5a2c-4a72-9f81-ed1321f551ca:c6339]
2019-06-14 09:09:50,619 INFO  client.GrpcClientProtocolClient (GrpcClientProtocolClient.java:onNext(254)) - client-C0E347E82FC5->e6065258-5a2c-4a72-9f81-ed1321f551ca: receive RaftClientReply:client-C0E347E82FC5->e6065258-5a2c-4a72-9f81-ed1321f551ca@group-13364FE26125, cid=3892, SUCCESS, logIndex=6338, commits[e6065258-5a2c-4a72-9f81-ed1321f551ca:c6339]
2019-06-14 09:09:50,624 INFO  client.GrpcClientProtocolClient (GrpcClientProtocolClient.java:onNext(254)) - client-C0E347E82FC5->e6065258-5a2c-4a72-9f81-ed1321f551ca: receive RaftClientReply:client-C0E347E82FC5->e6065258-5a2c-4a72-9f81-ed1321f551ca@group-13364FE26125, cid=3893, SUCCESS, logIndex=6340, commits[e6065258-5a2c-4a72-9f81-ed1321f551ca:c6340]
2019-06-14 09:09:50,625 INFO  client.GrpcClientProtocolClient (GrpcClientProtocolClient.java:onNext(254)) - client-C0E347E82FC5->e6065258-5a2c-4a72-9f81-ed1321f551ca: receive RaftClientReply:client-C0E347E82FC5->e6065258-5a2c-4a72-9f81-ed1321f551ca@group-13364FE26125, cid=3894, SUCCESS, logIndex=6342, commits[e6065258-5a2c-4a72-9f81-ed1321f551ca:c6342]
2019-06-14 09:09:50,627 INFO  client.GrpcClientProtocolClient (GrpcClientProtocolClient.java:onNext(254)) - client-C0E347E82FC5->e6065258-5a2c-4a72-9f81-ed1321f551ca: receive RaftClientReply:client-C0E347E82FC5->e6065258-5a2c-4a72-9f81-ed1321f551ca@group-13364FE26125, cid=3895, SUCCESS, logIndex=6343, commits[e6065258-5a2c-4a72-9f81-ed1321f551ca:c6345]
2019-06-14 09:09:50,627 INFO  client.GrpcClientProtocolClient (GrpcClientProtocolClient.java:onNext(254)) - client-C0E347E82FC5->e6065258-5a2c-4a72-9f81-ed1321f551ca: receive RaftClientReply:client-C0E347E82FC5->e6065258-5a2c-4a72-9f81-ed1321f551ca@group-13364FE26125, cid=3896, SUCCESS, logIndex=6344, commits[e6065258-5a2c-4a72-9f81-ed1321f551ca:c6345]
2019-06-14 09:09:50,637 INFO  client.GrpcClientProtocolClient (GrpcClientProtocolClient.java:onNext(254)) - client-C0E347E82FC5->e6065258-5a2c-4a72-9f81-ed1321f551ca: receive RaftClientReply:client-C0E347E82FC5->e6065258-5a2c-4a72-9f81-ed1321f551ca@group-13364FE26125, cid=3897, SUCCESS, logIndex=6346, commits[e6065258-5a2c-4a72-9f81-ed1321f551ca:c6346]
2019-06-14 09:09:50,638 INFO  client.GrpcClientProtocolClient (GrpcClientProtocolClient.java:onNext(254)) - client-C0E347E82FC5->e6065258-5a2c-4a72-9f81-ed1321f551ca: receive RaftClientReply:client-C0E347E82FC5->e6065258-5a2c-4a72-9f81-ed1321f551ca@group-13364FE26125, cid=3898, SUCCESS, logIndex=6348, commits[e6065258-5a2c-4a72-9f81-ed1321f551ca:c6348]
2019-06-14 09:09:50,640 INFO  client.GrpcClientProtocolClient (GrpcClientProtocolClient.java:onNext(254)) - client-C0E347E82FC5->e6065258-5a2c-4a72-9f81-ed1321f551ca: receive RaftClientReply:client-C0E347E82FC5->e6065258-5a2c-4a72-9f81-ed1321f551ca@group-13364FE26125, cid=3899, SUCCESS, logIndex=6350, commits[e6065258-5a2c-4a72-9f81-ed1321f551ca:c6351]
2019-06-14 09:09:50,640 INFO  client.GrpcClientProtocolClient (GrpcClientProtocolClient.java:onNext(254)) - client-C0E347E82FC5->e6065258-5a2c-4a72-9f81-ed1321f551ca: receive RaftClientReply:client-C0E347E82FC5->e6065258-5a2c-4a72-9f81-ed1321f551ca@group-13364FE26125, cid=3900, SUCCESS, logIndex=6351, commits[e6065258-5a2c-4a72-9f81-ed1321f551ca:c6351]
2019-06-14 09:09:50,646 INFO  client.GrpcClientProtocolClient (GrpcClientProtocolClient.java:onNext(254)) - client-C0E347E82FC5->e6065258-5a2c-4a72-9f81-ed1321f551ca: receive RaftClientReply:client-C0E347E82FC5->e6065258-5a2c-4a72-9f81-ed1321f551ca@group-13364FE26125, cid=3901, SUCCESS, logIndex=6353, commits[e6065258-5a2c-4a72-9f81-ed1321f551ca:c6353]
2019-06-14 09:09:50,647 INFO  client.GrpcClientProtocolClient (GrpcClientProtocolClient.java:onNext(254)) - client-C0E347E82FC5->e6065258-5a2c-4a72-9f81-ed1321f551ca: receive RaftClientReply:client-C0E347E82FC5->e6065258-5a2c-4a72-9f81-ed1321f551ca@group-13364FE26125, cid=3902, SUCCESS, logIndex=6355, commits[e6065258-5a2c-4a72-9f81-ed1321f551ca:c6355]
2019-06-14 09:09:50,648 INFO  client.GrpcClientProtocolClient (GrpcClientProtocolClient.java:onNext(254)) - client-C0E347E82FC5->e6065258-5a2c-4a72-9f81-ed1321f551ca: receive RaftClientReply:client-C0E347E82FC5->e6065258-5a2c-4a72-9f81-ed1321f551ca@group-13364FE26125, cid=3903, SUCCESS, logIndex=6356, commits[e6065258-5a2c-4a72-9f81-ed1321f551ca:c6358]
2019-06-14 09:09:50,648 INFO  client.GrpcClientProtocolClient (GrpcClientProtocolClient.java:onNext(254)) - client-C0E347E82FC5->e6065258-5a2c-4a72-9f81-ed1321f551ca: receive RaftClientReply:client-C0E347E82FC5->e6065258-5a2c-4a72-9f81-ed1321f551ca@group-13364FE26125, cid=3904, SUCCESS, logIndex=6357, commits[e6065258-5a2c-4a72-9f81-ed1321f551ca:c6358]
2019-06-14 09:09:50,657 INFO  client.GrpcClientProtocolClient (GrpcClientProtocolClient.java:onNext(254)) - client-C0E347E82FC5->e6065258-5a2c-4a72-9f81-ed1321f551ca: receive RaftClientReply:client-C0E347E82FC5->e6065258-5a2c-4a72-9f81-ed1321f551ca@group-13364FE26125, cid=3905, SUCCESS, logIndex=6359, commits[e6065258-5a2c-4a72-9f81-ed1321f551ca:c6359]
2019-06-14 09:09:50,658 INFO  client.GrpcClientProtocolClient (GrpcClientProtocolClient.java:onNext(254)) - client-C0E347E82FC5->e6065258-5a2c-4a72-9f81-ed1321f551ca: receive RaftClientReply:client-C0E347E82FC5->e6065258-5a2c-4a72-9f81-ed1321f551ca@group-13364FE26125, cid=3906, SUCCESS, logIndex=6361, commits[e6065258-5a2c-4a72-9f81-ed1321f551ca:c6361]
2019-06-14 09:09:50,659 INFO  client.GrpcClientProtocolClient (GrpcClientProtocolClient.java:onNext(254)) - client-C0E347E82FC5->e6065258-5a2c-4a72-9f81-ed1321f551ca: receive RaftClientReply:client-C0E347E82FC5->e6065258-5a2c-4a72-9f81-ed1321f551ca@group-13364FE26125, cid=3907, SUCCESS, logIndex=6362, commits[e6065258-5a2c-4a72-9f81-ed1321f551ca:c6364]
2019-06-14 09:09:50,660 INFO  client.GrpcClientProtocolClient (GrpcClientProtocolClient.java:onNext(254)) - client-C0E347E82FC5->e6065258-5a2c-4a72-9f81-ed1321f551ca: receive RaftClientReply:client-C0E347E82FC5->e6065258-5a2c-4a72-9f81-ed1321f551ca@group-13364FE26125, cid=3908, SUCCESS, logIndex=6363, commits[e6065258-5a2c-4a72-9f81-ed1321f551ca:c6364]
2019-06-14 09:09:50,664 INFO  client.GrpcClientProtocolClient (GrpcClientProtocolClient.java:onNext(254)) - client-C0E347E82FC5->e6065258-5a2c-4a72-9f81-ed1321f551ca: receive RaftClientReply:client-C0E347E82FC5->e6065258-5a2c-4a72-9f81-ed1321f551ca@group-13364FE26125, cid=3909, SUCCESS, logIndex=6365, commits[e6065258-5a2c-4a72-9f81-ed1321f551ca:c6365]
2019-06-14 09:09:50,665 INFO  client.GrpcClientProtocolClient (GrpcClientProtocolClient.java:onNext(254)) - client-C0E347E82FC5->e6065258-5a2c-4a72-9f81-ed1321f551ca: receive RaftClientReply:client-C0E347E82FC5->e6065258-5a2c-4a72-9f81-ed1321f551ca@group-13364FE26125, cid=3910, SUCCESS, logIndex=6367, commits[e6065258-5a2c-4a72-9f81-ed1321f551ca:c6367]
2019-06-14 09:09:50,666 INFO  client.GrpcClientProtocolClient (GrpcClientProtocolClient.java:onNext(254)) - client-C0E347E82FC5->e6065258-5a2c-4a72-9f81-ed1321f551ca: receive RaftClientReply:client-C0E347E82FC5->e6065258-5a2c-4a72-9f81-ed1321f551ca@group-13364FE26125, cid=3911, SUCCESS, logIndex=6368, commits[e6065258-5a2c-4a72-9f81-ed1321f551ca:c6370]
2019-06-14 09:09:50,666 INFO  client.GrpcClientProtocolClient (GrpcClientProtocolClient.java:onNext(254)) - client-C0E347E82FC5->e6065258-5a2c-4a72-9f81-ed1321f551ca: receive RaftClientReply:client-C0E347E82FC5->e6065258-5a2c-4a72-9f81-ed1321f551ca@group-13364FE26125, cid=3912, SUCCESS, logIndex=6369, commits[e6065258-5a2c-4a72-9f81-ed1321f551ca:c6370]
2019-06-14 09:09:50,676 INFO  client.GrpcClientProtocolClient (GrpcClientProtocolClient.java:onNext(254)) - client-C0E347E82FC5->e6065258-5a2c-4a72-9f81-ed1321f551ca: receive RaftClientReply:client-C0E347E82FC5->e6065258-5a2c-4a72-9f81-ed1321f551ca@group-13364FE26125, cid=3913, SUCCESS, logIndex=6371, commits[e6065258-5a2c-4a72-9f81-ed1321f551ca:c6371]
2019-06-14 09:09:50,677 INFO  client.GrpcClientProtocolClient (GrpcClientProtocolClient.java:onNext(254)) - client-C0E347E82FC5->e6065258-5a2c-4a72-9f81-ed1321f551ca: receive RaftClientReply:client-C0E347E82FC5->e6065258-5a2c-4a72-9f81-ed1321f551ca@group-13364FE26125, cid=3914, SUCCESS, logIndex=6373, commits[e6065258-5a2c-4a72-9f81-ed1321f551ca:c6373]
2019-06-14 09:09:50,678 INFO  client.GrpcClientProtocolClient (GrpcClientProtocolClient.java:onNext(254)) - client-C0E347E82FC5->e6065258-5a2c-4a72-9f81-ed1321f551ca: receive RaftClientReply:client-C0E347E82FC5->e6065258-5a2c-4a72-9f81-ed1321f551ca@group-13364FE26125, cid=3915, SUCCESS, logIndex=6374, commits[e6065258-5a2c-4a72-9f81-ed1321f551ca:c6376]
2019-06-14 09:09:50,678 INFO  client.GrpcClientProtocolClient (GrpcClientProtocolClient.java:onNext(254)) - client-C0E347E82FC5->e6065258-5a2c-4a72-9f81-ed1321f551ca: receive RaftClientReply:client-C0E347E82FC5->e6065258-5a2c-4a72-9f81-ed1321f551ca@group-13364FE26125, cid=3916, SUCCESS, logIndex=6375, commits[e6065258-5a2c-4a72-9f81-ed1321f551ca:c6376]
2019-06-14 09:09:50,683 INFO  client.GrpcClientProtocolClient (GrpcClientProtocolClient.java:onNext(254)) - client-C0E347E82FC5->e6065258-5a2c-4a72-9f81-ed1321f551ca: receive RaftClientReply:client-C0E347E82FC5->e6065258-5a2c-4a72-9f81-ed1321f551ca@group-13364FE26125, cid=3917, SUCCESS, logIndex=6377, commits[e6065258-5a2c-4a72-9f81-ed1321f551ca:c6377]
2019-06-14 09:09:50,683 INFO  storage.RaftLogWorker (RaftLogWorker.java:rollLogSegment(303)) - e6065258-5a2c-4a72-9f81-ed1321f551ca-RaftLogWorker: Rolling segment log-6316_6380 to index:6380
2019-06-14 09:09:50,684 INFO  storage.RaftLogWorker (RaftLogWorker.java:execute(433)) - e6065258-5a2c-4a72-9f81-ed1321f551ca-RaftLogWorker: Rolled log segment from /opt/src/hadoop-ozone/integration-test/target/test-dir/MiniOzoneClusterImpl-a56da109-a1cb-4168-8966-62306f2f2d23/datanode-0/data/ratis/920138aa-6f47-4d6d-b5cc-13364fe26125/current/log_inprogress_6316 to /opt/src/hadoop-ozone/integration-test/target/test-dir/MiniOzoneClusterImpl-a56da109-a1cb-4168-8966-62306f2f2d23/datanode-0/data/ratis/920138aa-6f47-4d6d-b5cc-13364fe26125/current/log_6316-6380
2019-06-14 09:09:50,685 INFO  client.GrpcClientProtocolClient (GrpcClientProtocolClient.java:onNext(254)) - client-C0E347E82FC5->e6065258-5a2c-4a72-9f81-ed1321f551ca: receive RaftClientReply:client-C0E347E82FC5->e6065258-5a2c-4a72-9f81-ed1321f551ca@group-13364FE26125, cid=3918, SUCCESS, logIndex=6379, commits[e6065258-5a2c-4a72-9f81-ed1321f551ca:c6379]
2019-06-14 09:09:50,685 INFO  client.GrpcClientProtocolClient (GrpcClientProtocolClient.java:onNext(254)) - client-C0E347E82FC5->e6065258-5a2c-4a72-9f81-ed1321f551ca: receive RaftClientReply:client-C0E347E82FC5->e6065258-5a2c-4a72-9f81-ed1321f551ca@group-13364FE26125, cid=3919, SUCCESS, logIndex=6380, commits[e6065258-5a2c-4a72-9f81-ed1321f551ca:c6380]
2019-06-14 09:09:50,691 DEBUG block.SCMBlockDeletingService (SCMBlockDeletingService.java:call(138)) - Running DeletedBlockTransactionScanner
2019-06-14 09:09:50,691 DEBUG block.SCMBlockDeletingService (SCMBlockDeletingService.java:call(155)) - Scanned deleted blocks log and got 0 delTX to process.
2019-06-14 09:09:50,719 INFO  storage.RaftLogWorker (RaftLogWorker.java:execute(469)) - e6065258-5a2c-4a72-9f81-ed1321f551ca-RaftLogWorker: created new log segment /opt/src/hadoop-ozone/integration-test/target/test-dir/MiniOzoneClusterImpl-a56da109-a1cb-4168-8966-62306f2f2d23/datanode-0/data/ratis/920138aa-6f47-4d6d-b5cc-13364fe26125/current/log_inprogress_6381
2019-06-14 09:09:50,720 INFO  client.GrpcClientProtocolClient (GrpcClientProtocolClient.java:onNext(254)) - client-C0E347E82FC5->e6065258-5a2c-4a72-9f81-ed1321f551ca: receive RaftClientReply:client-C0E347E82FC5->e6065258-5a2c-4a72-9f81-ed1321f551ca@group-13364FE26125, cid=3920, SUCCESS, logIndex=6381, commits[e6065258-5a2c-4a72-9f81-ed1321f551ca:c6383]
2019-06-14 09:09:50,777 INFO  client.GrpcClientProtocolClient (GrpcClientProtocolClient.java:onNext(254)) - client-C0E347E82FC5->e6065258-5a2c-4a72-9f81-ed1321f551ca: receive RaftClientReply:client-C0E347E82FC5->e6065258-5a2c-4a72-9f81-ed1321f551ca@group-13364FE26125, cid=3921, SUCCESS, logIndex=6384, commits[e6065258-5a2c-4a72-9f81-ed1321f551ca:c6384]
2019-06-14 09:09:50,778 INFO  client.GrpcClientProtocolClient (GrpcClientProtocolClient.java:onNext(254)) - client-C0E347E82FC5->e6065258-5a2c-4a72-9f81-ed1321f551ca: receive RaftClientReply:client-C0E347E82FC5->e6065258-5a2c-4a72-9f81-ed1321f551ca@group-13364FE26125, cid=3922, SUCCESS, logIndex=6386, commits[e6065258-5a2c-4a72-9f81-ed1321f551ca:c6386]
2019-06-14 09:09:50,780 INFO  client.GrpcClientProtocolClient (GrpcClientProtocolClient.java:onNext(254)) - client-C0E347E82FC5->e6065258-5a2c-4a72-9f81-ed1321f551ca: receive RaftClientReply:client-C0E347E82FC5->e6065258-5a2c-4a72-9f81-ed1321f551ca@group-13364FE26125, cid=3923, SUCCESS, logIndex=6387, commits[e6065258-5a2c-4a72-9f81-ed1321f551ca:c6389]
2019-06-14 09:09:50,780 INFO  client.GrpcClientProtocolClient (GrpcClientProtocolClient.java:onNext(254)) - client-C0E347E82FC5->e6065258-5a2c-4a72-9f81-ed1321f551ca: receive RaftClientReply:client-C0E347E82FC5->e6065258-5a2c-4a72-9f81-ed1321f551ca@group-13364FE26125, cid=3924, SUCCESS, logIndex=6388, commits[e6065258-5a2c-4a72-9f81-ed1321f551ca:c6389]
2019-06-14 09:09:50,785 INFO  client.GrpcClientProtocolClient (GrpcClientProtocolClient.java:onNext(254)) - client-C0E347E82FC5->e6065258-5a2c-4a72-9f81-ed1321f551ca: receive RaftClientReply:client-C0E347E82FC5->e6065258-5a2c-4a72-9f81-ed1321f551ca@group-13364FE26125, cid=3925, SUCCESS, logIndex=6390, commits[e6065258-5a2c-4a72-9f81-ed1321f551ca:c6390]
2019-06-14 09:09:50,786 INFO  client.GrpcClientProtocolClient (GrpcClientProtocolClient.java:onNext(254)) - client-C0E347E82FC5->e6065258-5a2c-4a72-9f81-ed1321f551ca: receive RaftClientReply:client-C0E347E82FC5->e6065258-5a2c-4a72-9f81-ed1321f551ca@group-13364FE26125, cid=3926, SUCCESS, logIndex=6392, commits[e6065258-5a2c-4a72-9f81-ed1321f551ca:c6392]
2019-06-14 09:09:50,787 INFO  client.GrpcClientProtocolClient (GrpcClientProtocolClient.java:onNext(254)) - client-C0E347E82FC5->e6065258-5a2c-4a72-9f81-ed1321f551ca: receive RaftClientReply:client-C0E347E82FC5->e6065258-5a2c-4a72-9f81-ed1321f551ca@group-13364FE26125, cid=3927, SUCCESS, logIndex=6393, commits[e6065258-5a2c-4a72-9f81-ed1321f551ca:c6395]
2019-06-14 09:09:50,787 INFO  client.GrpcClientProtocolClient (GrpcClientProtocolClient.java:onNext(254)) - client-C0E347E82FC5->e6065258-5a2c-4a72-9f81-ed1321f551ca: receive RaftClientReply:client-C0E347E82FC5->e6065258-5a2c-4a72-9f81-ed1321f551ca@group-13364FE26125, cid=3928, SUCCESS, logIndex=6394, commits[e6065258-5a2c-4a72-9f81-ed1321f551ca:c6395]
2019-06-14 09:09:50,792 DEBUG block.SCMBlockDeletingService (SCMBlockDeletingService.java:call(138)) - Running DeletedBlockTransactionScanner
2019-06-14 09:09:50,792 DEBUG block.SCMBlockDeletingService (SCMBlockDeletingService.java:call(155)) - Scanned deleted blocks log and got 0 delTX to process.
2019-06-14 09:09:50,797 INFO  client.GrpcClientProtocolClient (GrpcClientProtocolClient.java:onNext(254)) - client-C0E347E82FC5->e6065258-5a2c-4a72-9f81-ed1321f551ca: receive RaftClientReply:client-C0E347E82FC5->e6065258-5a2c-4a72-9f81-ed1321f551ca@group-13364FE26125, cid=3929, SUCCESS, logIndex=6396, commits[e6065258-5a2c-4a72-9f81-ed1321f551ca:c6396]
2019-06-14 09:09:50,802 INFO  client.GrpcClientProtocolClient (GrpcClientProtocolClient.java:onNext(254)) - client-C0E347E82FC5->e6065258-5a2c-4a72-9f81-ed1321f551ca: receive RaftClientReply:client-C0E347E82FC5->e6065258-5a2c-4a72-9f81-ed1321f551ca@group-13364FE26125, cid=3930, SUCCESS, logIndex=6398, commits[e6065258-5a2c-4a72-9f81-ed1321f551ca:c6398]
2019-06-14 09:09:50,802 INFO  client.GrpcClientProtocolClient (GrpcClientProtocolClient.java:onNext(254)) - client-C0E347E82FC5->e6065258-5a2c-4a72-9f81-ed1321f551ca: receive RaftClientReply:client-C0E347E82FC5->e6065258-5a2c-4a72-9f81-ed1321f551ca@group-13364FE26125, cid=3931, SUCCESS, logIndex=6399, commits[e6065258-5a2c-4a72-9f81-ed1321f551ca:c6401]
2019-06-14 09:09:50,802 INFO  client.GrpcClientProtocolClient (GrpcClientProtocolClient.java:onNext(254)) - client-C0E347E82FC5->e6065258-5a2c-4a72-9f81-ed1321f551ca: receive RaftClientReply:client-C0E347E82FC5->e6065258-5a2c-4a72-9f81-ed1321f551ca@group-13364FE26125, cid=3932, SUCCESS, logIndex=6400, commits[e6065258-5a2c-4a72-9f81-ed1321f551ca:c6401]
2019-06-14 09:09:50,872 INFO  client.GrpcClientProtocolClient (GrpcClientProtocolClient.java:onNext(254)) - client-C0E347E82FC5->e6065258-5a2c-4a72-9f81-ed1321f551ca: receive RaftClientReply:client-C0E347E82FC5->e6065258-5a2c-4a72-9f81-ed1321f551ca@group-13364FE26125, cid=3933, SUCCESS, logIndex=6402, commits[e6065258-5a2c-4a72-9f81-ed1321f551ca:c6402]
2019-06-14 09:09:50,873 INFO  client.GrpcClientProtocolClient (GrpcClientProtocolClient.java:onNext(254)) - client-C0E347E82FC5->e6065258-5a2c-4a72-9f81-ed1321f551ca: receive RaftClientReply:client-C0E347E82FC5->e6065258-5a2c-4a72-9f81-ed1321f551ca@group-13364FE26125, cid=3934, SUCCESS, logIndex=6404, commits[e6065258-5a2c-4a72-9f81-ed1321f551ca:c6404]
2019-06-14 09:09:50,874 INFO  client.GrpcClientProtocolClient (GrpcClientProtocolClient.java:onNext(254)) - client-C0E347E82FC5->e6065258-5a2c-4a72-9f81-ed1321f551ca: receive RaftClientReply:client-C0E347E82FC5->e6065258-5a2c-4a72-9f81-ed1321f551ca@group-13364FE26125, cid=3935, SUCCESS, logIndex=6405, commits[e6065258-5a2c-4a72-9f81-ed1321f551ca:c6407]
2019-06-14 09:09:50,875 INFO  client.GrpcClientProtocolClient (GrpcClientProtocolClient.java:onNext(254)) - client-C0E347E82FC5->e6065258-5a2c-4a72-9f81-ed1321f551ca: receive RaftClientReply:client-C0E347E82FC5->e6065258-5a2c-4a72-9f81-ed1321f551ca@group-13364FE26125, cid=3936, SUCCESS, logIndex=6406, commits[e6065258-5a2c-4a72-9f81-ed1321f551ca:c6407]
2019-06-14 09:09:50,888 INFO  client.GrpcClientProtocolClient (GrpcClientProtocolClient.java:onNext(254)) - client-C0E347E82FC5->e6065258-5a2c-4a72-9f81-ed1321f551ca: receive RaftClientReply:client-C0E347E82FC5->e6065258-5a2c-4a72-9f81-ed1321f551ca@group-13364FE26125, cid=3937, SUCCESS, logIndex=6408, commits[e6065258-5a2c-4a72-9f81-ed1321f551ca:c6408]
2019-06-14 09:09:50,889 INFO  client.GrpcClientProtocolClient (GrpcClientProtocolClient.java:onNext(254)) - client-C0E347E82FC5->e6065258-5a2c-4a72-9f81-ed1321f551ca: receive RaftClientReply:client-C0E347E82FC5->e6065258-5a2c-4a72-9f81-ed1321f551ca@group-13364FE26125, cid=3938, SUCCESS, logIndex=6410, commits[e6065258-5a2c-4a72-9f81-ed1321f551ca:c6410]
2019-06-14 09:09:50,892 DEBUG block.SCMBlockDeletingService (SCMBlockDeletingService.java:call(138)) - Running DeletedBlockTransactionScanner
2019-06-14 09:09:50,892 DEBUG block.SCMBlockDeletingService (SCMBlockDeletingService.java:call(155)) - Scanned deleted blocks log and got 0 delTX to process.
2019-06-14 09:09:50,893 INFO  client.GrpcClientProtocolClient (GrpcClientProtocolClient.java:onNext(254)) - client-C0E347E82FC5->e6065258-5a2c-4a72-9f81-ed1321f551ca: receive RaftClientReply:client-C0E347E82FC5->e6065258-5a2c-4a72-9f81-ed1321f551ca@group-13364FE26125, cid=3939, SUCCESS, logIndex=6411, commits[e6065258-5a2c-4a72-9f81-ed1321f551ca:c6413]
2019-06-14 09:09:50,893 INFO  client.GrpcClientProtocolClient (GrpcClientProtocolClient.java:onNext(254)) - client-C0E347E82FC5->e6065258-5a2c-4a72-9f81-ed1321f551ca: receive RaftClientReply:client-C0E347E82FC5->e6065258-5a2c-4a72-9f81-ed1321f551ca@group-13364FE26125, cid=3940, SUCCESS, logIndex=6412, commits[e6065258-5a2c-4a72-9f81-ed1321f551ca:c6413]
2019-06-14 09:09:50,900 INFO  client.GrpcClientProtocolClient (GrpcClientProtocolClient.java:onNext(254)) - client-C0E347E82FC5->e6065258-5a2c-4a72-9f81-ed1321f551ca: receive RaftClientReply:client-C0E347E82FC5->e6065258-5a2c-4a72-9f81-ed1321f551ca@group-13364FE26125, cid=3941, SUCCESS, logIndex=6414, commits[e6065258-5a2c-4a72-9f81-ed1321f551ca:c6415]
2019-06-14 09:09:50,901 INFO  client.GrpcClientProtocolClient (GrpcClientProtocolClient.java:onNext(254)) - client-C0E347E82FC5->e6065258-5a2c-4a72-9f81-ed1321f551ca: receive RaftClientReply:client-C0E347E82FC5->e6065258-5a2c-4a72-9f81-ed1321f551ca@group-13364FE26125, cid=3942, SUCCESS, logIndex=6416, commits[e6065258-5a2c-4a72-9f81-ed1321f551ca:c6416]
2019-06-14 09:09:50,903 INFO  client.GrpcClientProtocolClient (GrpcClientProtocolClient.java:onNext(254)) - client-C0E347E82FC5->e6065258-5a2c-4a72-9f81-ed1321f551ca: receive RaftClientReply:client-C0E347E82FC5->e6065258-5a2c-4a72-9f81-ed1321f551ca@group-13364FE26125, cid=3943, SUCCESS, logIndex=6417, commits[e6065258-5a2c-4a72-9f81-ed1321f551ca:c6419]
2019-06-14 09:09:50,906 INFO  client.GrpcClientProtocolClient (GrpcClientProtocolClient.java:onNext(254)) - client-C0E347E82FC5->e6065258-5a2c-4a72-9f81-ed1321f551ca: receive RaftClientReply:client-C0E347E82FC5->e6065258-5a2c-4a72-9f81-ed1321f551ca@group-13364FE26125, cid=3944, SUCCESS, logIndex=6418, commits[e6065258-5a2c-4a72-9f81-ed1321f551ca:c6419]
2019-06-14 09:09:50,918 INFO  client.GrpcClientProtocolClient (GrpcClientProtocolClient.java:onNext(254)) - client-C0E347E82FC5->e6065258-5a2c-4a72-9f81-ed1321f551ca: receive RaftClientReply:client-C0E347E82FC5->e6065258-5a2c-4a72-9f81-ed1321f551ca@group-13364FE26125, cid=3945, SUCCESS, logIndex=6420, commits[e6065258-5a2c-4a72-9f81-ed1321f551ca:c6420]
2019-06-14 09:09:50,921 INFO  client.GrpcClientProtocolClient (GrpcClientProtocolClient.java:onNext(254)) - client-C0E347E82FC5->e6065258-5a2c-4a72-9f81-ed1321f551ca: receive RaftClientReply:client-C0E347E82FC5->e6065258-5a2c-4a72-9f81-ed1321f551ca@group-13364FE26125, cid=3946, SUCCESS, logIndex=6422, commits[e6065258-5a2c-4a72-9f81-ed1321f551ca:c6424]
2019-06-14 09:09:50,921 INFO  client.GrpcClientProtocolClient (GrpcClientProtocolClient.java:onNext(254)) - client-C0E347E82FC5->e6065258-5a2c-4a72-9f81-ed1321f551ca: receive RaftClientReply:client-C0E347E82FC5->e6065258-5a2c-4a72-9f81-ed1321f551ca@group-13364FE26125, cid=3947, SUCCESS, logIndex=6423, commits[e6065258-5a2c-4a72-9f81-ed1321f551ca:c6424]
2019-06-14 09:09:50,922 INFO  client.GrpcClientProtocolClient (GrpcClientProtocolClient.java:onNext(254)) - client-C0E347E82FC5->e6065258-5a2c-4a72-9f81-ed1321f551ca: receive RaftClientReply:client-C0E347E82FC5->e6065258-5a2c-4a72-9f81-ed1321f551ca@group-13364FE26125, cid=3948, SUCCESS, logIndex=6424, commits[e6065258-5a2c-4a72-9f81-ed1321f551ca:c6425]
2019-06-14 09:09:50,927 INFO  client.GrpcClientProtocolClient (GrpcClientProtocolClient.java:onNext(254)) - client-C0E347E82FC5->e6065258-5a2c-4a72-9f81-ed1321f551ca: receive RaftClientReply:client-C0E347E82FC5->e6065258-5a2c-4a72-9f81-ed1321f551ca@group-13364FE26125, cid=3949, SUCCESS, logIndex=6426, commits[e6065258-5a2c-4a72-9f81-ed1321f551ca:c6426]
2019-06-14 09:09:50,928 INFO  client.GrpcClientProtocolClient (GrpcClientProtocolClient.java:onNext(254)) - client-C0E347E82FC5->e6065258-5a2c-4a72-9f81-ed1321f551ca: receive RaftClientReply:client-C0E347E82FC5->e6065258-5a2c-4a72-9f81-ed1321f551ca@group-13364FE26125, cid=3950, SUCCESS, logIndex=6428, commits[e6065258-5a2c-4a72-9f81-ed1321f551ca:c6428]
2019-06-14 09:09:50,929 INFO  client.GrpcClientProtocolClient (GrpcClientProtocolClient.java:onNext(254)) - client-C0E347E82FC5->e6065258-5a2c-4a72-9f81-ed1321f551ca: receive RaftClientReply:client-C0E347E82FC5->e6065258-5a2c-4a72-9f81-ed1321f551ca@group-13364FE26125, cid=3951, SUCCESS, logIndex=6429, commits[e6065258-5a2c-4a72-9f81-ed1321f551ca:c6431]
2019-06-14 09:09:50,930 INFO  client.GrpcClientProtocolClient (GrpcClientProtocolClient.java:onNext(254)) - client-C0E347E82FC5->e6065258-5a2c-4a72-9f81-ed1321f551ca: receive RaftClientReply:client-C0E347E82FC5->e6065258-5a2c-4a72-9f81-ed1321f551ca@group-13364FE26125, cid=3952, SUCCESS, logIndex=6430, commits[e6065258-5a2c-4a72-9f81-ed1321f551ca:c6431]
2019-06-14 09:09:50,939 INFO  client.GrpcClientProtocolClient (GrpcClientProtocolClient.java:onNext(254)) - client-C0E347E82FC5->e6065258-5a2c-4a72-9f81-ed1321f551ca: receive RaftClientReply:client-C0E347E82FC5->e6065258-5a2c-4a72-9f81-ed1321f551ca@group-13364FE26125, cid=3953, SUCCESS, logIndex=6432, commits[e6065258-5a2c-4a72-9f81-ed1321f551ca:c6432]
2019-06-14 09:09:50,940 INFO  client.GrpcClientProtocolClient (GrpcClientProtocolClient.java:onNext(254)) - client-C0E347E82FC5->e6065258-5a2c-4a72-9f81-ed1321f551ca: receive RaftClientReply:client-C0E347E82FC5->e6065258-5a2c-4a72-9f81-ed1321f551ca@group-13364FE26125, cid=3954, SUCCESS, logIndex=6434, commits[e6065258-5a2c-4a72-9f81-ed1321f551ca:c6434]
2019-06-14 09:09:50,941 INFO  client.GrpcClientProtocolClient (GrpcClientProtocolClient.java:onNext(254)) - client-C0E347E82FC5->e6065258-5a2c-4a72-9f81-ed1321f551ca: receive RaftClientReply:client-C0E347E82FC5->e6065258-5a2c-4a72-9f81-ed1321f551ca@group-13364FE26125, cid=3955, SUCCESS, logIndex=6435, commits[e6065258-5a2c-4a72-9f81-ed1321f551ca:c6437]
2019-06-14 09:09:50,942 INFO  client.GrpcClientProtocolClient (GrpcClientProtocolClient.java:onNext(254)) - client-C0E347E82FC5->e6065258-5a2c-4a72-9f81-ed1321f551ca: receive RaftClientReply:client-C0E347E82FC5->e6065258-5a2c-4a72-9f81-ed1321f551ca@group-13364FE26125, cid=3956, SUCCESS, logIndex=6436, commits[e6065258-5a2c-4a72-9f81-ed1321f551ca:c6437]
2019-06-14 09:09:50,946 INFO  client.GrpcClientProtocolClient (GrpcClientProtocolClient.java:onNext(254)) - client-C0E347E82FC5->e6065258-5a2c-4a72-9f81-ed1321f551ca: receive RaftClientReply:client-C0E347E82FC5->e6065258-5a2c-4a72-9f81-ed1321f551ca@group-13364FE26125, cid=3957, SUCCESS, logIndex=6438, commits[e6065258-5a2c-4a72-9f81-ed1321f551ca:c6438]
2019-06-14 09:09:50,947 INFO  client.GrpcClientProtocolClient (GrpcClientProtocolClient.java:onNext(254)) - client-C0E347E82FC5->e6065258-5a2c-4a72-9f81-ed1321f551ca: receive RaftClientReply:client-C0E347E82FC5->e6065258-5a2c-4a72-9f81-ed1321f551ca@group-13364FE26125, cid=3958, SUCCESS, logIndex=6440, commits[e6065258-5a2c-4a72-9f81-ed1321f551ca:c6440]
2019-06-14 09:09:50,948 INFO  client.GrpcClientProtocolClient (GrpcClientProtocolClient.java:onNext(254)) - client-C0E347E82FC5->e6065258-5a2c-4a72-9f81-ed1321f551ca: receive RaftClientReply:client-C0E347E82FC5->e6065258-5a2c-4a72-9f81-ed1321f551ca@group-13364FE26125, cid=3959, SUCCESS, logIndex=6441, commits[e6065258-5a2c-4a72-9f81-ed1321f551ca:c6443]
2019-06-14 09:09:50,949 INFO  client.GrpcClientProtocolClient (GrpcClientProtocolClient.java:onNext(254)) - client-C0E347E82FC5->e6065258-5a2c-4a72-9f81-ed1321f551ca: receive RaftClientReply:client-C0E347E82FC5->e6065258-5a2c-4a72-9f81-ed1321f551ca@group-13364FE26125, cid=3960, SUCCESS, logIndex=6442, commits[e6065258-5a2c-4a72-9f81-ed1321f551ca:c6443]
2019-06-14 09:09:50,958 INFO  client.GrpcClientProtocolClient (GrpcClientProtocolClient.java:onNext(254)) - client-C0E347E82FC5->e6065258-5a2c-4a72-9f81-ed1321f551ca: receive RaftClientReply:client-C0E347E82FC5->e6065258-5a2c-4a72-9f81-ed1321f551ca@group-13364FE26125, cid=3961, SUCCESS, logIndex=6444, commits[e6065258-5a2c-4a72-9f81-ed1321f551ca:c6444]
2019-06-14 09:09:50,959 INFO  storage.RaftLogWorker (RaftLogWorker.java:rollLogSegment(303)) - e6065258-5a2c-4a72-9f81-ed1321f551ca-RaftLogWorker: Rolling segment log-6381_6446 to index:6446
2019-06-14 09:09:50,959 INFO  storage.RaftLogWorker (RaftLogWorker.java:execute(433)) - e6065258-5a2c-4a72-9f81-ed1321f551ca-RaftLogWorker: Rolled log segment from /opt/src/hadoop-ozone/integration-test/target/test-dir/MiniOzoneClusterImpl-a56da109-a1cb-4168-8966-62306f2f2d23/datanode-0/data/ratis/920138aa-6f47-4d6d-b5cc-13364fe26125/current/log_inprogress_6381 to /opt/src/hadoop-ozone/integration-test/target/test-dir/MiniOzoneClusterImpl-a56da109-a1cb-4168-8966-62306f2f2d23/datanode-0/data/ratis/920138aa-6f47-4d6d-b5cc-13364fe26125/current/log_6381-6446
2019-06-14 09:09:50,960 INFO  client.GrpcClientProtocolClient (GrpcClientProtocolClient.java:onNext(254)) - client-C0E347E82FC5->e6065258-5a2c-4a72-9f81-ed1321f551ca: receive RaftClientReply:client-C0E347E82FC5->e6065258-5a2c-4a72-9f81-ed1321f551ca@group-13364FE26125, cid=3962, SUCCESS, logIndex=6446, commits[e6065258-5a2c-4a72-9f81-ed1321f551ca:c6446]
2019-06-14 09:09:50,993 DEBUG block.SCMBlockDeletingService (SCMBlockDeletingService.java:call(138)) - Running DeletedBlockTransactionScanner
2019-06-14 09:09:50,993 DEBUG block.SCMBlockDeletingService (SCMBlockDeletingService.java:call(155)) - Scanned deleted blocks log and got 0 delTX to process.
2019-06-14 09:09:50,996 INFO  storage.RaftLogWorker (RaftLogWorker.java:execute(469)) - e6065258-5a2c-4a72-9f81-ed1321f551ca-RaftLogWorker: created new log segment /opt/src/hadoop-ozone/integration-test/target/test-dir/MiniOzoneClusterImpl-a56da109-a1cb-4168-8966-62306f2f2d23/datanode-0/data/ratis/920138aa-6f47-4d6d-b5cc-13364fe26125/current/log_inprogress_6447
2019-06-14 09:09:50,997 INFO  client.GrpcClientProtocolClient (GrpcClientProtocolClient.java:onNext(254)) - client-C0E347E82FC5->e6065258-5a2c-4a72-9f81-ed1321f551ca: receive RaftClientReply:client-C0E347E82FC5->e6065258-5a2c-4a72-9f81-ed1321f551ca@group-13364FE26125, cid=3963, SUCCESS, logIndex=6447, commits[e6065258-5a2c-4a72-9f81-ed1321f551ca:c6449]
2019-06-14 09:09:51,000 INFO  client.GrpcClientProtocolClient (GrpcClientProtocolClient.java:onNext(254)) - client-C0E347E82FC5->e6065258-5a2c-4a72-9f81-ed1321f551ca: receive RaftClientReply:client-C0E347E82FC5->e6065258-5a2c-4a72-9f81-ed1321f551ca@group-13364FE26125, cid=3964, SUCCESS, logIndex=6448, commits[e6065258-5a2c-4a72-9f81-ed1321f551ca:c6449]
2019-06-14 09:09:51,005 INFO  client.GrpcClientProtocolClient (GrpcClientProtocolClient.java:onNext(254)) - client-C0E347E82FC5->e6065258-5a2c-4a72-9f81-ed1321f551ca: receive RaftClientReply:client-C0E347E82FC5->e6065258-5a2c-4a72-9f81-ed1321f551ca@group-13364FE26125, cid=3965, SUCCESS, logIndex=6450, commits[e6065258-5a2c-4a72-9f81-ed1321f551ca:c6450]
2019-06-14 09:09:51,006 INFO  client.GrpcClientProtocolClient (GrpcClientProtocolClient.java:onNext(254)) - client-C0E347E82FC5->e6065258-5a2c-4a72-9f81-ed1321f551ca: receive RaftClientReply:client-C0E347E82FC5->e6065258-5a2c-4a72-9f81-ed1321f551ca@group-13364FE26125, cid=3966, SUCCESS, logIndex=6452, commits[e6065258-5a2c-4a72-9f81-ed1321f551ca:c6452]
2019-06-14 09:09:51,007 INFO  client.GrpcClientProtocolClient (GrpcClientProtocolClient.java:onNext(254)) - client-C0E347E82FC5->e6065258-5a2c-4a72-9f81-ed1321f551ca: receive RaftClientReply:client-C0E347E82FC5->e6065258-5a2c-4a72-9f81-ed1321f551ca@group-13364FE26125, cid=3967, SUCCESS, logIndex=6453, commits[e6065258-5a2c-4a72-9f81-ed1321f551ca:c6455]
2019-06-14 09:09:51,008 INFO  client.GrpcClientProtocolClient (GrpcClientProtocolClient.java:onNext(254)) - client-C0E347E82FC5->e6065258-5a2c-4a72-9f81-ed1321f551ca: receive RaftClientReply:client-C0E347E82FC5->e6065258-5a2c-4a72-9f81-ed1321f551ca@group-13364FE26125, cid=3968, SUCCESS, logIndex=6454, commits[e6065258-5a2c-4a72-9f81-ed1321f551ca:c6455]
2019-06-14 09:09:51,017 INFO  client.GrpcClientProtocolClient (GrpcClientProtocolClient.java:onNext(254)) - client-C0E347E82FC5->e6065258-5a2c-4a72-9f81-ed1321f551ca: receive RaftClientReply:client-C0E347E82FC5->e6065258-5a2c-4a72-9f81-ed1321f551ca@group-13364FE26125, cid=3969, SUCCESS, logIndex=6456, commits[e6065258-5a2c-4a72-9f81-ed1321f551ca:c6456]
2019-06-14 09:09:51,018 INFO  client.GrpcClientProtocolClient (GrpcClientProtocolClient.java:onNext(254)) - client-C0E347E82FC5->e6065258-5a2c-4a72-9f81-ed1321f551ca: receive RaftClientReply:client-C0E347E82FC5->e6065258-5a2c-4a72-9f81-ed1321f551ca@group-13364FE26125, cid=3970, SUCCESS, logIndex=6458, commits[e6065258-5a2c-4a72-9f81-ed1321f551ca:c6458]
2019-06-14 09:09:51,019 INFO  client.GrpcClientProtocolClient (GrpcClientProtocolClient.java:onNext(254)) - client-C0E347E82FC5->e6065258-5a2c-4a72-9f81-ed1321f551ca: receive RaftClientReply:client-C0E347E82FC5->e6065258-5a2c-4a72-9f81-ed1321f551ca@group-13364FE26125, cid=3971, SUCCESS, logIndex=6459, commits[e6065258-5a2c-4a72-9f81-ed1321f551ca:c6461]
2019-06-14 09:09:51,020 INFO  client.GrpcClientProtocolClient (GrpcClientProtocolClient.java:onNext(254)) - client-C0E347E82FC5->e6065258-5a2c-4a72-9f81-ed1321f551ca: receive RaftClientReply:client-C0E347E82FC5->e6065258-5a2c-4a72-9f81-ed1321f551ca@group-13364FE26125, cid=3972, SUCCESS, logIndex=6460, commits[e6065258-5a2c-4a72-9f81-ed1321f551ca:c6461]
2019-06-14 09:09:51,024 INFO  client.GrpcClientProtocolClient (GrpcClientProtocolClient.java:onNext(254)) - client-C0E347E82FC5->e6065258-5a2c-4a72-9f81-ed1321f551ca: receive RaftClientReply:client-C0E347E82FC5->e6065258-5a2c-4a72-9f81-ed1321f551ca@group-13364FE26125, cid=3973, SUCCESS, logIndex=6462, commits[e6065258-5a2c-4a72-9f81-ed1321f551ca:c6462]
2019-06-14 09:09:51,026 INFO  client.GrpcClientProtocolClient (GrpcClientProtocolClient.java:onNext(254)) - client-C0E347E82FC5->e6065258-5a2c-4a72-9f81-ed1321f551ca: receive RaftClientReply:client-C0E347E82FC5->e6065258-5a2c-4a72-9f81-ed1321f551ca@group-13364FE26125, cid=3974, SUCCESS, logIndex=6464, commits[e6065258-5a2c-4a72-9f81-ed1321f551ca:c6464]
2019-06-14 09:09:51,027 INFO  client.GrpcClientProtocolClient (GrpcClientProtocolClient.java:onNext(254)) - client-C0E347E82FC5->e6065258-5a2c-4a72-9f81-ed1321f551ca: receive RaftClientReply:client-C0E347E82FC5->e6065258-5a2c-4a72-9f81-ed1321f551ca@group-13364FE26125, cid=3975, SUCCESS, logIndex=6465, commits[e6065258-5a2c-4a72-9f81-ed1321f551ca:c6467]
2019-06-14 09:09:51,027 INFO  client.GrpcClientProtocolClient (GrpcClientProtocolClient.java:onNext(254)) - client-C0E347E82FC5->e6065258-5a2c-4a72-9f81-ed1321f551ca: receive RaftClientReply:client-C0E347E82FC5->e6065258-5a2c-4a72-9f81-ed1321f551ca@group-13364FE26125, cid=3976, SUCCESS, logIndex=6466, commits[e6065258-5a2c-4a72-9f81-ed1321f551ca:c6467]
2019-06-14 09:09:51,040 INFO  client.GrpcClientProtocolClient (GrpcClientProtocolClient.java:onNext(254)) - client-C0E347E82FC5->e6065258-5a2c-4a72-9f81-ed1321f551ca: receive RaftClientReply:client-C0E347E82FC5->e6065258-5a2c-4a72-9f81-ed1321f551ca@group-13364FE26125, cid=3977, SUCCESS, logIndex=6468, commits[e6065258-5a2c-4a72-9f81-ed1321f551ca:c6468]
2019-06-14 09:09:51,042 INFO  client.GrpcClientProtocolClient (GrpcClientProtocolClient.java:onNext(254)) - client-C0E347E82FC5->e6065258-5a2c-4a72-9f81-ed1321f551ca: receive RaftClientReply:client-C0E347E82FC5->e6065258-5a2c-4a72-9f81-ed1321f551ca@group-13364FE26125, cid=3978, SUCCESS, logIndex=6470, commits[e6065258-5a2c-4a72-9f81-ed1321f551ca:c6471]
2019-06-14 09:09:51,093 DEBUG block.SCMBlockDeletingService (SCMBlockDeletingService.java:call(138)) - Running DeletedBlockTransactionScanner
2019-06-14 09:09:51,093 DEBUG block.SCMBlockDeletingService (SCMBlockDeletingService.java:call(155)) - Scanned deleted blocks log and got 0 delTX to process.
2019-06-14 09:09:51,103 INFO  client.GrpcClientProtocolClient (GrpcClientProtocolClient.java:onNext(254)) - client-C0E347E82FC5->e6065258-5a2c-4a72-9f81-ed1321f551ca: receive RaftClientReply:client-C0E347E82FC5->e6065258-5a2c-4a72-9f81-ed1321f551ca@group-13364FE26125, cid=3979, SUCCESS, logIndex=6472, commits[e6065258-5a2c-4a72-9f81-ed1321f551ca:c6472]
2019-06-14 09:09:51,105 INFO  client.GrpcClientProtocolClient (GrpcClientProtocolClient.java:onNext(254)) - client-C0E347E82FC5->e6065258-5a2c-4a72-9f81-ed1321f551ca: receive RaftClientReply:client-C0E347E82FC5->e6065258-5a2c-4a72-9f81-ed1321f551ca@group-13364FE26125, cid=3980, SUCCESS, logIndex=6474, commits[e6065258-5a2c-4a72-9f81-ed1321f551ca:c6474]
2019-06-14 09:09:51,109 INFO  client.GrpcClientProtocolClient (GrpcClientProtocolClient.java:onNext(254)) - client-C0E347E82FC5->e6065258-5a2c-4a72-9f81-ed1321f551ca: receive RaftClientReply:client-C0E347E82FC5->e6065258-5a2c-4a72-9f81-ed1321f551ca@group-13364FE26125, cid=3981, SUCCESS, logIndex=6476, commits[e6065258-5a2c-4a72-9f81-ed1321f551ca:c6476]
2019-06-14 09:09:51,111 INFO  client.GrpcClientProtocolClient (GrpcClientProtocolClient.java:onNext(254)) - client-C0E347E82FC5->e6065258-5a2c-4a72-9f81-ed1321f551ca: receive RaftClientReply:client-C0E347E82FC5->e6065258-5a2c-4a72-9f81-ed1321f551ca@group-13364FE26125, cid=3982, SUCCESS, logIndex=6478, commits[e6065258-5a2c-4a72-9f81-ed1321f551ca:c6478]
2019-06-14 09:09:51,112 INFO  client.GrpcClientProtocolClient (GrpcClientProtocolClient.java:onNext(254)) - client-C0E347E82FC5->e6065258-5a2c-4a72-9f81-ed1321f551ca: receive RaftClientReply:client-C0E347E82FC5->e6065258-5a2c-4a72-9f81-ed1321f551ca@group-13364FE26125, cid=3983, SUCCESS, logIndex=6479, commits[e6065258-5a2c-4a72-9f81-ed1321f551ca:c6481]
2019-06-14 09:09:51,112 INFO  client.GrpcClientProtocolClient (GrpcClientProtocolClient.java:onNext(254)) - client-C0E347E82FC5->e6065258-5a2c-4a72-9f81-ed1321f551ca: receive RaftClientReply:client-C0E347E82FC5->e6065258-5a2c-4a72-9f81-ed1321f551ca@group-13364FE26125, cid=3984, SUCCESS, logIndex=6480, commits[e6065258-5a2c-4a72-9f81-ed1321f551ca:c6481]
2019-06-14 09:09:51,121 INFO  client.GrpcClientProtocolClient (GrpcClientProtocolClient.java:onNext(254)) - client-C0E347E82FC5->e6065258-5a2c-4a72-9f81-ed1321f551ca: receive RaftClientReply:client-C0E347E82FC5->e6065258-5a2c-4a72-9f81-ed1321f551ca@group-13364FE26125, cid=3985, SUCCESS, logIndex=6482, commits[e6065258-5a2c-4a72-9f81-ed1321f551ca:c6482]
2019-06-14 09:09:51,122 INFO  client.GrpcClientProtocolClient (GrpcClientProtocolClient.java:onNext(254)) - client-C0E347E82FC5->e6065258-5a2c-4a72-9f81-ed1321f551ca: receive RaftClientReply:client-C0E347E82FC5->e6065258-5a2c-4a72-9f81-ed1321f551ca@group-13364FE26125, cid=3986, SUCCESS, logIndex=6484, commits[e6065258-5a2c-4a72-9f81-ed1321f551ca:c6484]
2019-06-14 09:09:51,123 INFO  client.GrpcClientProtocolClient (GrpcClientProtocolClient.java:onNext(254)) - client-C0E347E82FC5->e6065258-5a2c-4a72-9f81-ed1321f551ca: receive RaftClientReply:client-C0E347E82FC5->e6065258-5a2c-4a72-9f81-ed1321f551ca@group-13364FE26125, cid=3987, SUCCESS, logIndex=6485, commits[e6065258-5a2c-4a72-9f81-ed1321f551ca:c6487]
2019-06-14 09:09:51,124 INFO  client.GrpcClientProtocolClient (GrpcClientProtocolClient.java:onNext(254)) - client-C0E347E82FC5->e6065258-5a2c-4a72-9f81-ed1321f551ca: receive RaftClientReply:client-C0E347E82FC5->e6065258-5a2c-4a72-9f81-ed1321f551ca@group-13364FE26125, cid=3988, SUCCESS, logIndex=6486, commits[e6065258-5a2c-4a72-9f81-ed1321f551ca:c6487]
2019-06-14 09:09:51,128 INFO  client.GrpcClientProtocolClient (GrpcClientProtocolClient.java:onNext(254)) - client-C0E347E82FC5->e6065258-5a2c-4a72-9f81-ed1321f551ca: receive RaftClientReply:client-C0E347E82FC5->e6065258-5a2c-4a72-9f81-ed1321f551ca@group-13364FE26125, cid=3989, SUCCESS, logIndex=6488, commits[e6065258-5a2c-4a72-9f81-ed1321f551ca:c6488]
2019-06-14 09:09:51,130 INFO  client.GrpcClientProtocolClient (GrpcClientProtocolClient.java:onNext(254)) - client-C0E347E82FC5->e6065258-5a2c-4a72-9f81-ed1321f551ca: receive RaftClientReply:client-C0E347E82FC5->e6065258-5a2c-4a72-9f81-ed1321f551ca@group-13364FE26125, cid=3990, SUCCESS, logIndex=6490, commits[e6065258-5a2c-4a72-9f81-ed1321f551ca:c6492]
2019-06-14 09:09:51,131 INFO  client.GrpcClientProtocolClient (GrpcClientProtocolClient.java:onNext(254)) - client-C0E347E82FC5->e6065258-5a2c-4a72-9f81-ed1321f551ca: receive RaftClientReply:client-C0E347E82FC5->e6065258-5a2c-4a72-9f81-ed1321f551ca@group-13364FE26125, cid=3991, SUCCESS, logIndex=6491, commits[e6065258-5a2c-4a72-9f81-ed1321f551ca:c6492]
2019-06-14 09:09:51,131 INFO  client.GrpcClientProtocolClient (GrpcClientProtocolClient.java:onNext(254)) - client-C0E347E82FC5->e6065258-5a2c-4a72-9f81-ed1321f551ca: receive RaftClientReply:client-C0E347E82FC5->e6065258-5a2c-4a72-9f81-ed1321f551ca@group-13364FE26125, cid=3992, SUCCESS, logIndex=6492, commits[e6065258-5a2c-4a72-9f81-ed1321f551ca:c6492]
2019-06-14 09:09:51,140 INFO  client.GrpcClientProtocolClient (GrpcClientProtocolClient.java:onNext(254)) - client-C0E347E82FC5->e6065258-5a2c-4a72-9f81-ed1321f551ca: receive RaftClientReply:client-C0E347E82FC5->e6065258-5a2c-4a72-9f81-ed1321f551ca@group-13364FE26125, cid=3993, SUCCESS, logIndex=6494, commits[e6065258-5a2c-4a72-9f81-ed1321f551ca:c6494]
2019-06-14 09:09:51,141 INFO  client.GrpcClientProtocolClient (GrpcClientProtocolClient.java:onNext(254)) - client-C0E347E82FC5->e6065258-5a2c-4a72-9f81-ed1321f551ca: receive RaftClientReply:client-C0E347E82FC5->e6065258-5a2c-4a72-9f81-ed1321f551ca@group-13364FE26125, cid=3994, SUCCESS, logIndex=6496, commits[e6065258-5a2c-4a72-9f81-ed1321f551ca:c6496]
2019-06-14 09:09:51,142 INFO  client.GrpcClientProtocolClient (GrpcClientProtocolClient.java:onNext(254)) - client-C0E347E82FC5->e6065258-5a2c-4a72-9f81-ed1321f551ca: receive RaftClientReply:client-C0E347E82FC5->e6065258-5a2c-4a72-9f81-ed1321f551ca@group-13364FE26125, cid=3995, SUCCESS, logIndex=6497, commits[e6065258-5a2c-4a72-9f81-ed1321f551ca:c6499]
2019-06-14 09:09:51,143 INFO  client.GrpcClientProtocolClient (GrpcClientProtocolClient.java:onNext(254)) - client-C0E347E82FC5->e6065258-5a2c-4a72-9f81-ed1321f551ca: receive RaftClientReply:client-C0E347E82FC5->e6065258-5a2c-4a72-9f81-ed1321f551ca@group-13364FE26125, cid=3996, SUCCESS, logIndex=6498, commits[e6065258-5a2c-4a72-9f81-ed1321f551ca:c6499]
2019-06-14 09:09:51,189 INFO  client.GrpcClientProtocolClient (GrpcClientProtocolClient.java:onNext(254)) - client-C0E347E82FC5->e6065258-5a2c-4a72-9f81-ed1321f551ca: receive RaftClientReply:client-C0E347E82FC5->e6065258-5a2c-4a72-9f81-ed1321f551ca@group-13364FE26125, cid=3997, SUCCESS, logIndex=6500, commits[e6065258-5a2c-4a72-9f81-ed1321f551ca:c6501]
2019-06-14 09:09:51,190 INFO  client.GrpcClientProtocolClient (GrpcClientProtocolClient.java:onNext(254)) - client-C0E347E82FC5->e6065258-5a2c-4a72-9f81-ed1321f551ca: receive RaftClientReply:client-C0E347E82FC5->e6065258-5a2c-4a72-9f81-ed1321f551ca@group-13364FE26125, cid=3998, SUCCESS, logIndex=6502, commits[e6065258-5a2c-4a72-9f81-ed1321f551ca:c6502]
2019-06-14 09:09:51,191 INFO  client.GrpcClientProtocolClient (GrpcClientProtocolClient.java:onNext(254)) - client-C0E347E82FC5->e6065258-5a2c-4a72-9f81-ed1321f551ca: receive RaftClientReply:client-C0E347E82FC5->e6065258-5a2c-4a72-9f81-ed1321f551ca@group-13364FE26125, cid=3999, SUCCESS, logIndex=6503, commits[e6065258-5a2c-4a72-9f81-ed1321f551ca:c6505]
2019-06-14 09:09:51,191 INFO  client.GrpcClientProtocolClient (GrpcClientProtocolClient.java:onNext(254)) - client-C0E347E82FC5->e6065258-5a2c-4a72-9f81-ed1321f551ca: receive RaftClientReply:client-C0E347E82FC5->e6065258-5a2c-4a72-9f81-ed1321f551ca@group-13364FE26125, cid=4000, SUCCESS, logIndex=6504, commits[e6065258-5a2c-4a72-9f81-ed1321f551ca:c6505]
2019-06-14 09:09:51,193 DEBUG block.SCMBlockDeletingService (SCMBlockDeletingService.java:call(138)) - Running DeletedBlockTransactionScanner
2019-06-14 09:09:51,193 DEBUG block.SCMBlockDeletingService (SCMBlockDeletingService.java:call(155)) - Scanned deleted blocks log and got 0 delTX to process.
2019-06-14 09:09:51,201 INFO  client.GrpcClientProtocolClient (GrpcClientProtocolClient.java:onNext(254)) - client-C0E347E82FC5->e6065258-5a2c-4a72-9f81-ed1321f551ca: receive RaftClientReply:client-C0E347E82FC5->e6065258-5a2c-4a72-9f81-ed1321f551ca@group-13364FE26125, cid=4001, SUCCESS, logIndex=6506, commits[e6065258-5a2c-4a72-9f81-ed1321f551ca:c6506]
2019-06-14 09:09:51,202 INFO  client.GrpcClientProtocolClient (GrpcClientProtocolClient.java:onNext(254)) - client-C0E347E82FC5->e6065258-5a2c-4a72-9f81-ed1321f551ca: receive RaftClientReply:client-C0E347E82FC5->e6065258-5a2c-4a72-9f81-ed1321f551ca@group-13364FE26125, cid=4002, SUCCESS, logIndex=6508, commits[e6065258-5a2c-4a72-9f81-ed1321f551ca:c6508]
2019-06-14 09:09:51,204 INFO  client.GrpcClientProtocolClient (GrpcClientProtocolClient.java:onNext(254)) - client-C0E347E82FC5->e6065258-5a2c-4a72-9f81-ed1321f551ca: receive RaftClientReply:client-C0E347E82FC5->e6065258-5a2c-4a72-9f81-ed1321f551ca@group-13364FE26125, cid=4003, SUCCESS, logIndex=6509, commits[e6065258-5a2c-4a72-9f81-ed1321f551ca:c6511]
2019-06-14 09:09:51,204 INFO  client.GrpcClientProtocolClient (GrpcClientProtocolClient.java:onNext(254)) - client-C0E347E82FC5->e6065258-5a2c-4a72-9f81-ed1321f551ca: receive RaftClientReply:client-C0E347E82FC5->e6065258-5a2c-4a72-9f81-ed1321f551ca@group-13364FE26125, cid=4004, SUCCESS, logIndex=6510, commits[e6065258-5a2c-4a72-9f81-ed1321f551ca:c6511]
2019-06-14 09:09:51,209 INFO  client.GrpcClientProtocolClient (GrpcClientProtocolClient.java:onNext(254)) - client-C0E347E82FC5->e6065258-5a2c-4a72-9f81-ed1321f551ca: receive RaftClientReply:client-C0E347E82FC5->e6065258-5a2c-4a72-9f81-ed1321f551ca@group-13364FE26125, cid=4005, SUCCESS, logIndex=6512, commits[e6065258-5a2c-4a72-9f81-ed1321f551ca:c6512]
2019-06-14 09:09:51,209 INFO  storage.RaftLogWorker (RaftLogWorker.java:rollLogSegment(303)) - e6065258-5a2c-4a72-9f81-ed1321f551ca-RaftLogWorker: Rolling segment log-6447_6513 to index:6513
2019-06-14 09:09:51,209 INFO  storage.RaftLogWorker (RaftLogWorker.java:execute(433)) - e6065258-5a2c-4a72-9f81-ed1321f551ca-RaftLogWorker: Rolled log segment from /opt/src/hadoop-ozone/integration-test/target/test-dir/MiniOzoneClusterImpl-a56da109-a1cb-4168-8966-62306f2f2d23/datanode-0/data/ratis/920138aa-6f47-4d6d-b5cc-13364fe26125/current/log_inprogress_6447 to /opt/src/hadoop-ozone/integration-test/target/test-dir/MiniOzoneClusterImpl-a56da109-a1cb-4168-8966-62306f2f2d23/datanode-0/data/ratis/920138aa-6f47-4d6d-b5cc-13364fe26125/current/log_6447-6513
2019-06-14 09:09:51,244 INFO  storage.RaftLogWorker (RaftLogWorker.java:execute(469)) - e6065258-5a2c-4a72-9f81-ed1321f551ca-RaftLogWorker: created new log segment /opt/src/hadoop-ozone/integration-test/target/test-dir/MiniOzoneClusterImpl-a56da109-a1cb-4168-8966-62306f2f2d23/datanode-0/data/ratis/920138aa-6f47-4d6d-b5cc-13364fe26125/current/log_inprogress_6514
2019-06-14 09:09:51,246 INFO  client.GrpcClientProtocolClient (GrpcClientProtocolClient.java:onNext(254)) - client-C0E347E82FC5->e6065258-5a2c-4a72-9f81-ed1321f551ca: receive RaftClientReply:client-C0E347E82FC5->e6065258-5a2c-4a72-9f81-ed1321f551ca@group-13364FE26125, cid=4006, SUCCESS, logIndex=6514, commits[e6065258-5a2c-4a72-9f81-ed1321f551ca:c6516]
2019-06-14 09:09:51,246 INFO  client.GrpcClientProtocolClient (GrpcClientProtocolClient.java:onNext(254)) - client-C0E347E82FC5->e6065258-5a2c-4a72-9f81-ed1321f551ca: receive RaftClientReply:client-C0E347E82FC5->e6065258-5a2c-4a72-9f81-ed1321f551ca@group-13364FE26125, cid=4007, SUCCESS, logIndex=6515, commits[e6065258-5a2c-4a72-9f81-ed1321f551ca:c6517]
2019-06-14 09:09:51,246 INFO  client.GrpcClientProtocolClient (GrpcClientProtocolClient.java:onNext(254)) - client-C0E347E82FC5->e6065258-5a2c-4a72-9f81-ed1321f551ca: receive RaftClientReply:client-C0E347E82FC5->e6065258-5a2c-4a72-9f81-ed1321f551ca@group-13364FE26125, cid=4008, SUCCESS, logIndex=6516, commits[e6065258-5a2c-4a72-9f81-ed1321f551ca:c6517]
2019-06-14 09:09:51,256 INFO  client.GrpcClientProtocolClient (GrpcClientProtocolClient.java:onNext(254)) - client-C0E347E82FC5->e6065258-5a2c-4a72-9f81-ed1321f551ca: receive RaftClientReply:client-C0E347E82FC5->e6065258-5a2c-4a72-9f81-ed1321f551ca@group-13364FE26125, cid=4009, SUCCESS, logIndex=6518, commits[e6065258-5a2c-4a72-9f81-ed1321f551ca:c6518]
2019-06-14 09:09:51,257 INFO  client.GrpcClientProtocolClient (GrpcClientProtocolClient.java:onNext(254)) - client-C0E347E82FC5->e6065258-5a2c-4a72-9f81-ed1321f551ca: receive RaftClientReply:client-C0E347E82FC5->e6065258-5a2c-4a72-9f81-ed1321f551ca@group-13364FE26125, cid=4010, SUCCESS, logIndex=6520, commits[e6065258-5a2c-4a72-9f81-ed1321f551ca:c6520]
2019-06-14 09:09:51,259 INFO  client.GrpcClientProtocolClient (GrpcClientProtocolClient.java:onNext(254)) - client-C0E347E82FC5->e6065258-5a2c-4a72-9f81-ed1321f551ca: receive RaftClientReply:client-C0E347E82FC5->e6065258-5a2c-4a72-9f81-ed1321f551ca@group-13364FE26125, cid=4011, SUCCESS, logIndex=6521, commits[e6065258-5a2c-4a72-9f81-ed1321f551ca:c6523]
2019-06-14 09:09:51,260 INFO  client.GrpcClientProtocolClient (GrpcClientProtocolClient.java:onNext(254)) - client-C0E347E82FC5->e6065258-5a2c-4a72-9f81-ed1321f551ca: receive RaftClientReply:client-C0E347E82FC5->e6065258-5a2c-4a72-9f81-ed1321f551ca@group-13364FE26125, cid=4012, SUCCESS, logIndex=6522, commits[e6065258-5a2c-4a72-9f81-ed1321f551ca:c6523]
2019-06-14 09:09:51,268 INFO  client.GrpcClientProtocolClient (GrpcClientProtocolClient.java:onNext(254)) - client-C0E347E82FC5->e6065258-5a2c-4a72-9f81-ed1321f551ca: receive RaftClientReply:client-C0E347E82FC5->e6065258-5a2c-4a72-9f81-ed1321f551ca@group-13364FE26125, cid=4013, SUCCESS, logIndex=6524, commits[e6065258-5a2c-4a72-9f81-ed1321f551ca:c6524]
2019-06-14 09:09:51,273 INFO  client.GrpcClientProtocolClient (GrpcClientProtocolClient.java:onNext(254)) - client-C0E347E82FC5->e6065258-5a2c-4a72-9f81-ed1321f551ca: receive RaftClientReply:client-C0E347E82FC5->e6065258-5a2c-4a72-9f81-ed1321f551ca@group-13364FE26125, cid=4014, SUCCESS, logIndex=6526, commits[e6065258-5a2c-4a72-9f81-ed1321f551ca:c6526]
2019-06-14 09:09:51,274 INFO  client.GrpcClientProtocolClient (GrpcClientProtocolClient.java:onNext(254)) - client-C0E347E82FC5->e6065258-5a2c-4a72-9f81-ed1321f551ca: receive RaftClientReply:client-C0E347E82FC5->e6065258-5a2c-4a72-9f81-ed1321f551ca@group-13364FE26125, cid=4015, SUCCESS, logIndex=6527, commits[e6065258-5a2c-4a72-9f81-ed1321f551ca:c6529]
2019-06-14 09:09:51,274 INFO  client.GrpcClientProtocolClient (GrpcClientProtocolClient.java:onNext(254)) - client-C0E347E82FC5->e6065258-5a2c-4a72-9f81-ed1321f551ca: receive RaftClientReply:client-C0E347E82FC5->e6065258-5a2c-4a72-9f81-ed1321f551ca@group-13364FE26125, cid=4016, SUCCESS, logIndex=6528, commits[e6065258-5a2c-4a72-9f81-ed1321f551ca:c6529]
2019-06-14 09:09:51,287 INFO  client.GrpcClientProtocolClient (GrpcClientProtocolClient.java:onNext(254)) - client-C0E347E82FC5->e6065258-5a2c-4a72-9f81-ed1321f551ca: receive RaftClientReply:client-C0E347E82FC5->e6065258-5a2c-4a72-9f81-ed1321f551ca@group-13364FE26125, cid=4017, SUCCESS, logIndex=6530, commits[e6065258-5a2c-4a72-9f81-ed1321f551ca:c6530]
2019-06-14 09:09:51,288 INFO  client.GrpcClientProtocolClient (GrpcClientProtocolClient.java:onNext(254)) - client-C0E347E82FC5->e6065258-5a2c-4a72-9f81-ed1321f551ca: receive RaftClientReply:client-C0E347E82FC5->e6065258-5a2c-4a72-9f81-ed1321f551ca@group-13364FE26125, cid=4018, SUCCESS, logIndex=6532, commits[e6065258-5a2c-4a72-9f81-ed1321f551ca:c6532]
2019-06-14 09:09:51,289 INFO  client.GrpcClientProtocolClient (GrpcClientProtocolClient.java:onNext(254)) - client-C0E347E82FC5->e6065258-5a2c-4a72-9f81-ed1321f551ca: receive RaftClientReply:client-C0E347E82FC5->e6065258-5a2c-4a72-9f81-ed1321f551ca@group-13364FE26125, cid=4019, SUCCESS, logIndex=6533, commits[e6065258-5a2c-4a72-9f81-ed1321f551ca:c6535]
2019-06-14 09:09:51,290 INFO  client.GrpcClientProtocolClient (GrpcClientProtocolClient.java:onNext(254)) - client-C0E347E82FC5->e6065258-5a2c-4a72-9f81-ed1321f551ca: receive RaftClientReply:client-C0E347E82FC5->e6065258-5a2c-4a72-9f81-ed1321f551ca@group-13364FE26125, cid=4020, SUCCESS, logIndex=6534, commits[e6065258-5a2c-4a72-9f81-ed1321f551ca:c6535]
2019-06-14 09:09:51,294 DEBUG block.SCMBlockDeletingService (SCMBlockDeletingService.java:call(138)) - Running DeletedBlockTransactionScanner
2019-06-14 09:09:51,294 DEBUG block.SCMBlockDeletingService (SCMBlockDeletingService.java:call(155)) - Scanned deleted blocks log and got 0 delTX to process.
2019-06-14 09:09:51,299 INFO  client.GrpcClientProtocolClient (GrpcClientProtocolClient.java:onNext(254)) - client-C0E347E82FC5->e6065258-5a2c-4a72-9f81-ed1321f551ca: receive RaftClientReply:client-C0E347E82FC5->e6065258-5a2c-4a72-9f81-ed1321f551ca@group-13364FE26125, cid=4021, SUCCESS, logIndex=6536, commits[e6065258-5a2c-4a72-9f81-ed1321f551ca:c6536]
2019-06-14 09:09:51,299 INFO  client.GrpcClientProtocolClient (GrpcClientProtocolClient.java:onNext(254)) - client-C0E347E82FC5->e6065258-5a2c-4a72-9f81-ed1321f551ca: receive RaftClientReply:client-C0E347E82FC5->e6065258-5a2c-4a72-9f81-ed1321f551ca@group-13364FE26125, cid=4022, SUCCESS, logIndex=6538, commits[e6065258-5a2c-4a72-9f81-ed1321f551ca:c6538]
2019-06-14 09:09:51,373 INFO  client.GrpcClientProtocolClient (GrpcClientProtocolClient.java:onNext(254)) - client-C0E347E82FC5->e6065258-5a2c-4a72-9f81-ed1321f551ca: receive RaftClientReply:client-C0E347E82FC5->e6065258-5a2c-4a72-9f81-ed1321f551ca@group-13364FE26125, cid=4023, SUCCESS, logIndex=6540, commits[e6065258-5a2c-4a72-9f81-ed1321f551ca:c6540]
2019-06-14 09:09:51,374 INFO  client.GrpcClientProtocolClient (GrpcClientProtocolClient.java:onNext(254)) - client-C0E347E82FC5->e6065258-5a2c-4a72-9f81-ed1321f551ca: receive RaftClientReply:client-C0E347E82FC5->e6065258-5a2c-4a72-9f81-ed1321f551ca@group-13364FE26125, cid=4024, SUCCESS, logIndex=6542, commits[e6065258-5a2c-4a72-9f81-ed1321f551ca:c6542]
2019-06-14 09:09:51,384 INFO  client.GrpcClientProtocolClient (GrpcClientProtocolClient.java:onNext(254)) - client-C0E347E82FC5->e6065258-5a2c-4a72-9f81-ed1321f551ca: receive RaftClientReply:client-C0E347E82FC5->e6065258-5a2c-4a72-9f81-ed1321f551ca@group-13364FE26125, cid=4025, SUCCESS, logIndex=6544, commits[e6065258-5a2c-4a72-9f81-ed1321f551ca:c6544]
2019-06-14 09:09:51,385 INFO  client.GrpcClientProtocolClient (GrpcClientProtocolClient.java:onNext(254)) - client-C0E347E82FC5->e6065258-5a2c-4a72-9f81-ed1321f551ca: receive RaftClientReply:client-C0E347E82FC5->e6065258-5a2c-4a72-9f81-ed1321f551ca@group-13364FE26125, cid=4026, SUCCESS, logIndex=6546, commits[e6065258-5a2c-4a72-9f81-ed1321f551ca:c6546]
2019-06-14 09:09:51,386 INFO  client.GrpcClientProtocolClient (GrpcClientProtocolClient.java:onNext(254)) - client-C0E347E82FC5->e6065258-5a2c-4a72-9f81-ed1321f551ca: receive RaftClientReply:client-C0E347E82FC5->e6065258-5a2c-4a72-9f81-ed1321f551ca@group-13364FE26125, cid=4027, SUCCESS, logIndex=6547, commits[e6065258-5a2c-4a72-9f81-ed1321f551ca:c6549]
2019-06-14 09:09:51,386 INFO  client.GrpcClientProtocolClient (GrpcClientProtocolClient.java:onNext(254)) - client-C0E347E82FC5->e6065258-5a2c-4a72-9f81-ed1321f551ca: receive RaftClientReply:client-C0E347E82FC5->e6065258-5a2c-4a72-9f81-ed1321f551ca@group-13364FE26125, cid=4028, SUCCESS, logIndex=6548, commits[e6065258-5a2c-4a72-9f81-ed1321f551ca:c6549]
2019-06-14 09:09:51,391 INFO  client.GrpcClientProtocolClient (GrpcClientProtocolClient.java:onNext(254)) - client-C0E347E82FC5->e6065258-5a2c-4a72-9f81-ed1321f551ca: receive RaftClientReply:client-C0E347E82FC5->e6065258-5a2c-4a72-9f81-ed1321f551ca@group-13364FE26125, cid=4029, SUCCESS, logIndex=6550, commits[e6065258-5a2c-4a72-9f81-ed1321f551ca:c6550]
2019-06-14 09:09:51,392 INFO  client.GrpcClientProtocolClient (GrpcClientProtocolClient.java:onNext(254)) - client-C0E347E82FC5->e6065258-5a2c-4a72-9f81-ed1321f551ca: receive RaftClientReply:client-C0E347E82FC5->e6065258-5a2c-4a72-9f81-ed1321f551ca@group-13364FE26125, cid=4030, SUCCESS, logIndex=6552, commits[e6065258-5a2c-4a72-9f81-ed1321f551ca:c6552]
2019-06-14 09:09:51,393 INFO  client.GrpcClientProtocolClient (GrpcClientProtocolClient.java:onNext(254)) - client-C0E347E82FC5->e6065258-5a2c-4a72-9f81-ed1321f551ca: receive RaftClientReply:client-C0E347E82FC5->e6065258-5a2c-4a72-9f81-ed1321f551ca@group-13364FE26125, cid=4031, SUCCESS, logIndex=6553, commits[e6065258-5a2c-4a72-9f81-ed1321f551ca:c6555]
2019-06-14 09:09:51,393 INFO  client.GrpcClientProtocolClient (GrpcClientProtocolClient.java:onNext(254)) - client-C0E347E82FC5->e6065258-5a2c-4a72-9f81-ed1321f551ca: receive RaftClientReply:client-C0E347E82FC5->e6065258-5a2c-4a72-9f81-ed1321f551ca@group-13364FE26125, cid=4032, SUCCESS, logIndex=6554, commits[e6065258-5a2c-4a72-9f81-ed1321f551ca:c6555]
2019-06-14 09:09:51,394 DEBUG block.SCMBlockDeletingService (SCMBlockDeletingService.java:call(138)) - Running DeletedBlockTransactionScanner
2019-06-14 09:09:51,394 DEBUG block.SCMBlockDeletingService (SCMBlockDeletingService.java:call(155)) - Scanned deleted blocks log and got 0 delTX to process.
2019-06-14 09:09:51,403 INFO  client.GrpcClientProtocolClient (GrpcClientProtocolClient.java:onNext(254)) - client-C0E347E82FC5->e6065258-5a2c-4a72-9f81-ed1321f551ca: receive RaftClientReply:client-C0E347E82FC5->e6065258-5a2c-4a72-9f81-ed1321f551ca@group-13364FE26125, cid=4033, SUCCESS, logIndex=6556, commits[e6065258-5a2c-4a72-9f81-ed1321f551ca:c6556]
2019-06-14 09:09:51,404 INFO  client.GrpcClientProtocolClient (GrpcClientProtocolClient.java:onNext(254)) - client-C0E347E82FC5->e6065258-5a2c-4a72-9f81-ed1321f551ca: receive RaftClientReply:client-C0E347E82FC5->e6065258-5a2c-4a72-9f81-ed1321f551ca@group-13364FE26125, cid=4034, SUCCESS, logIndex=6558, commits[e6065258-5a2c-4a72-9f81-ed1321f551ca:c6558]
2019-06-14 09:09:51,405 INFO  client.GrpcClientProtocolClient (GrpcClientProtocolClient.java:onNext(254)) - client-C0E347E82FC5->e6065258-5a2c-4a72-9f81-ed1321f551ca: receive RaftClientReply:client-C0E347E82FC5->e6065258-5a2c-4a72-9f81-ed1321f551ca@group-13364FE26125, cid=4035, SUCCESS, logIndex=6559, commits[e6065258-5a2c-4a72-9f81-ed1321f551ca:c6561]
2019-06-14 09:09:51,405 INFO  client.GrpcClientProtocolClient (GrpcClientProtocolClient.java:onNext(254)) - client-C0E347E82FC5->e6065258-5a2c-4a72-9f81-ed1321f551ca: receive RaftClientReply:client-C0E347E82FC5->e6065258-5a2c-4a72-9f81-ed1321f551ca@group-13364FE26125, cid=4036, SUCCESS, logIndex=6560, commits[e6065258-5a2c-4a72-9f81-ed1321f551ca:c6561]
2019-06-14 09:09:51,410 INFO  client.GrpcClientProtocolClient (GrpcClientProtocolClient.java:onNext(254)) - client-C0E347E82FC5->e6065258-5a2c-4a72-9f81-ed1321f551ca: receive RaftClientReply:client-C0E347E82FC5->e6065258-5a2c-4a72-9f81-ed1321f551ca@group-13364FE26125, cid=4037, SUCCESS, logIndex=6562, commits[e6065258-5a2c-4a72-9f81-ed1321f551ca:c6562]
2019-06-14 09:09:51,411 INFO  client.GrpcClientProtocolClient (GrpcClientProtocolClient.java:onNext(254)) - client-C0E347E82FC5->e6065258-5a2c-4a72-9f81-ed1321f551ca: receive RaftClientReply:client-C0E347E82FC5->e6065258-5a2c-4a72-9f81-ed1321f551ca@group-13364FE26125, cid=4038, SUCCESS, logIndex=6564, commits[e6065258-5a2c-4a72-9f81-ed1321f551ca:c6564]
2019-06-14 09:09:51,412 INFO  client.GrpcClientProtocolClient (GrpcClientProtocolClient.java:onNext(254)) - client-C0E347E82FC5->e6065258-5a2c-4a72-9f81-ed1321f551ca: receive RaftClientReply:client-C0E347E82FC5->e6065258-5a2c-4a72-9f81-ed1321f551ca@group-13364FE26125, cid=4039, SUCCESS, logIndex=6565, commits[e6065258-5a2c-4a72-9f81-ed1321f551ca:c6567]
2019-06-14 09:09:51,412 INFO  client.GrpcClientProtocolClient (GrpcClientProtocolClient.java:onNext(254)) - client-C0E347E82FC5->e6065258-5a2c-4a72-9f81-ed1321f551ca: receive RaftClientReply:client-C0E347E82FC5->e6065258-5a2c-4a72-9f81-ed1321f551ca@group-13364FE26125, cid=4040, SUCCESS, logIndex=6566, commits[e6065258-5a2c-4a72-9f81-ed1321f551ca:c6567]
2019-06-14 09:09:51,422 INFO  client.GrpcClientProtocolClient (GrpcClientProtocolClient.java:onNext(254)) - client-C0E347E82FC5->e6065258-5a2c-4a72-9f81-ed1321f551ca: receive RaftClientReply:client-C0E347E82FC5->e6065258-5a2c-4a72-9f81-ed1321f551ca@group-13364FE26125, cid=4041, SUCCESS, logIndex=6568, commits[e6065258-5a2c-4a72-9f81-ed1321f551ca:c6568]
2019-06-14 09:09:51,425 INFO  client.GrpcClientProtocolClient (GrpcClientProtocolClient.java:onNext(254)) - client-C0E347E82FC5->e6065258-5a2c-4a72-9f81-ed1321f551ca: receive RaftClientReply:client-C0E347E82FC5->e6065258-5a2c-4a72-9f81-ed1321f551ca@group-13364FE26125, cid=4042, SUCCESS, logIndex=6570, commits[e6065258-5a2c-4a72-9f81-ed1321f551ca:c6574]
2019-06-14 09:09:51,425 INFO  client.GrpcClientProtocolClient (GrpcClientProtocolClient.java:onNext(254)) - client-C0E347E82FC5->e6065258-5a2c-4a72-9f81-ed1321f551ca: receive RaftClientReply:client-C0E347E82FC5->e6065258-5a2c-4a72-9f81-ed1321f551ca@group-13364FE26125, cid=4043, SUCCESS, logIndex=6571, commits[e6065258-5a2c-4a72-9f81-ed1321f551ca:c6574]
2019-06-14 09:09:51,425 INFO  client.GrpcClientProtocolClient (GrpcClientProtocolClient.java:onNext(254)) - client-C0E347E82FC5->e6065258-5a2c-4a72-9f81-ed1321f551ca: receive RaftClientReply:client-C0E347E82FC5->e6065258-5a2c-4a72-9f81-ed1321f551ca@group-13364FE26125, cid=4044, SUCCESS, logIndex=6573, commits[e6065258-5a2c-4a72-9f81-ed1321f551ca:c6575]
2019-06-14 09:09:51,430 INFO  client.GrpcClientProtocolClient (GrpcClientProtocolClient.java:onNext(254)) - client-C0E347E82FC5->e6065258-5a2c-4a72-9f81-ed1321f551ca: receive RaftClientReply:client-C0E347E82FC5->e6065258-5a2c-4a72-9f81-ed1321f551ca@group-13364FE26125, cid=4045, SUCCESS, logIndex=6576, commits[e6065258-5a2c-4a72-9f81-ed1321f551ca:c6576]
2019-06-14 09:09:51,431 INFO  client.GrpcClientProtocolClient (GrpcClientProtocolClient.java:onNext(254)) - client-C0E347E82FC5->e6065258-5a2c-4a72-9f81-ed1321f551ca: receive RaftClientReply:client-C0E347E82FC5->e6065258-5a2c-4a72-9f81-ed1321f551ca@group-13364FE26125, cid=4046, SUCCESS, logIndex=6578, commits[e6065258-5a2c-4a72-9f81-ed1321f551ca:c6578]
2019-06-14 09:09:51,432 INFO  client.GrpcClientProtocolClient (GrpcClientProtocolClient.java:onNext(254)) - client-C0E347E82FC5->e6065258-5a2c-4a72-9f81-ed1321f551ca: receive RaftClientReply:client-C0E347E82FC5->e6065258-5a2c-4a72-9f81-ed1321f551ca@group-13364FE26125, cid=4047, SUCCESS, logIndex=6579, commits[e6065258-5a2c-4a72-9f81-ed1321f551ca:c6581]
2019-06-14 09:09:51,432 INFO  client.GrpcClientProtocolClient (GrpcClientProtocolClient.java:onNext(254)) - client-C0E347E82FC5->e6065258-5a2c-4a72-9f81-ed1321f551ca: receive RaftClientReply:client-C0E347E82FC5->e6065258-5a2c-4a72-9f81-ed1321f551ca@group-13364FE26125, cid=4048, SUCCESS, logIndex=6580, commits[e6065258-5a2c-4a72-9f81-ed1321f551ca:c6581]
2019-06-14 09:09:51,440 INFO  storage.RaftLogWorker (RaftLogWorker.java:rollLogSegment(303)) - e6065258-5a2c-4a72-9f81-ed1321f551ca-RaftLogWorker: Rolling segment log-6514_6581 to index:6581
2019-06-14 09:09:51,440 INFO  storage.RaftLogWorker (RaftLogWorker.java:execute(433)) - e6065258-5a2c-4a72-9f81-ed1321f551ca-RaftLogWorker: Rolled log segment from /opt/src/hadoop-ozone/integration-test/target/test-dir/MiniOzoneClusterImpl-a56da109-a1cb-4168-8966-62306f2f2d23/datanode-0/data/ratis/920138aa-6f47-4d6d-b5cc-13364fe26125/current/log_inprogress_6514 to /opt/src/hadoop-ozone/integration-test/target/test-dir/MiniOzoneClusterImpl-a56da109-a1cb-4168-8966-62306f2f2d23/datanode-0/data/ratis/920138aa-6f47-4d6d-b5cc-13364fe26125/current/log_6514-6581
2019-06-14 09:09:51,476 INFO  storage.RaftLogWorker (RaftLogWorker.java:execute(469)) - e6065258-5a2c-4a72-9f81-ed1321f551ca-RaftLogWorker: created new log segment /opt/src/hadoop-ozone/integration-test/target/test-dir/MiniOzoneClusterImpl-a56da109-a1cb-4168-8966-62306f2f2d23/datanode-0/data/ratis/920138aa-6f47-4d6d-b5cc-13364fe26125/current/log_inprogress_6582
2019-06-14 09:09:51,477 INFO  client.GrpcClientProtocolClient (GrpcClientProtocolClient.java:onNext(254)) - client-C0E347E82FC5->e6065258-5a2c-4a72-9f81-ed1321f551ca: receive RaftClientReply:client-C0E347E82FC5->e6065258-5a2c-4a72-9f81-ed1321f551ca@group-13364FE26125, cid=4049, SUCCESS, logIndex=6582, commits[e6065258-5a2c-4a72-9f81-ed1321f551ca:c6582]
2019-06-14 09:09:51,478 INFO  client.GrpcClientProtocolClient (GrpcClientProtocolClient.java:onNext(254)) - client-C0E347E82FC5->e6065258-5a2c-4a72-9f81-ed1321f551ca: receive RaftClientReply:client-C0E347E82FC5->e6065258-5a2c-4a72-9f81-ed1321f551ca@group-13364FE26125, cid=4050, SUCCESS, logIndex=6584, commits[e6065258-5a2c-4a72-9f81-ed1321f551ca:c6584]
2019-06-14 09:09:51,479 INFO  client.GrpcClientProtocolClient (GrpcClientProtocolClient.java:onNext(254)) - client-C0E347E82FC5->e6065258-5a2c-4a72-9f81-ed1321f551ca: receive RaftClientReply:client-C0E347E82FC5->e6065258-5a2c-4a72-9f81-ed1321f551ca@group-13364FE26125, cid=4051, SUCCESS, logIndex=6585, commits[e6065258-5a2c-4a72-9f81-ed1321f551ca:c6587]
2019-06-14 09:09:51,479 INFO  client.GrpcClientProtocolClient (GrpcClientProtocolClient.java:onNext(254)) - client-C0E347E82FC5->e6065258-5a2c-4a72-9f81-ed1321f551ca: receive RaftClientReply:client-C0E347E82FC5->e6065258-5a2c-4a72-9f81-ed1321f551ca@group-13364FE26125, cid=4052, SUCCESS, logIndex=6586, commits[e6065258-5a2c-4a72-9f81-ed1321f551ca:c6587]
2019-06-14 09:09:51,484 INFO  client.GrpcClientProtocolClient (GrpcClientProtocolClient.java:onNext(254)) - client-C0E347E82FC5->e6065258-5a2c-4a72-9f81-ed1321f551ca: receive RaftClientReply:client-C0E347E82FC5->e6065258-5a2c-4a72-9f81-ed1321f551ca@group-13364FE26125, cid=4053, SUCCESS, logIndex=6588, commits[e6065258-5a2c-4a72-9f81-ed1321f551ca:c6588]
2019-06-14 09:09:51,485 INFO  client.GrpcClientProtocolClient (GrpcClientProtocolClient.java:onNext(254)) - client-C0E347E82FC5->e6065258-5a2c-4a72-9f81-ed1321f551ca: receive RaftClientReply:client-C0E347E82FC5->e6065258-5a2c-4a72-9f81-ed1321f551ca@group-13364FE26125, cid=4054, SUCCESS, logIndex=6590, commits[e6065258-5a2c-4a72-9f81-ed1321f551ca:c6590]
2019-06-14 09:09:51,486 INFO  client.GrpcClientProtocolClient (GrpcClientProtocolClient.java:onNext(254)) - client-C0E347E82FC5->e6065258-5a2c-4a72-9f81-ed1321f551ca: receive RaftClientReply:client-C0E347E82FC5->e6065258-5a2c-4a72-9f81-ed1321f551ca@group-13364FE26125, cid=4055, SUCCESS, logIndex=6591, commits[e6065258-5a2c-4a72-9f81-ed1321f551ca:c6593]
2019-06-14 09:09:51,487 INFO  client.GrpcClientProtocolClient (GrpcClientProtocolClient.java:onNext(254)) - client-C0E347E82FC5->e6065258-5a2c-4a72-9f81-ed1321f551ca: receive RaftClientReply:client-C0E347E82FC5->e6065258-5a2c-4a72-9f81-ed1321f551ca@group-13364FE26125, cid=4056, SUCCESS, logIndex=6592, commits[e6065258-5a2c-4a72-9f81-ed1321f551ca:c6593]
2019-06-14 09:09:51,494 DEBUG block.SCMBlockDeletingService (SCMBlockDeletingService.java:call(138)) - Running DeletedBlockTransactionScanner
2019-06-14 09:09:51,494 DEBUG block.SCMBlockDeletingService (SCMBlockDeletingService.java:call(155)) - Scanned deleted blocks log and got 0 delTX to process.
2019-06-14 09:09:51,497 INFO  client.GrpcClientProtocolClient (GrpcClientProtocolClient.java:onNext(254)) - client-C0E347E82FC5->e6065258-5a2c-4a72-9f81-ed1321f551ca: receive RaftClientReply:client-C0E347E82FC5->e6065258-5a2c-4a72-9f81-ed1321f551ca@group-13364FE26125, cid=4057, SUCCESS, logIndex=6594, commits[e6065258-5a2c-4a72-9f81-ed1321f551ca:c6594]
2019-06-14 09:09:51,499 INFO  client.GrpcClientProtocolClient (GrpcClientProtocolClient.java:onNext(254)) - client-C0E347E82FC5->e6065258-5a2c-4a72-9f81-ed1321f551ca: receive RaftClientReply:client-C0E347E82FC5->e6065258-5a2c-4a72-9f81-ed1321f551ca@group-13364FE26125, cid=4058, SUCCESS, logIndex=6596, commits[e6065258-5a2c-4a72-9f81-ed1321f551ca:c6596]
2019-06-14 09:09:51,499 INFO  client.GrpcClientProtocolClient (GrpcClientProtocolClient.java:onNext(254)) - client-C0E347E82FC5->e6065258-5a2c-4a72-9f81-ed1321f551ca: receive RaftClientReply:client-C0E347E82FC5->e6065258-5a2c-4a72-9f81-ed1321f551ca@group-13364FE26125, cid=4059, SUCCESS, logIndex=6597, commits[e6065258-5a2c-4a72-9f81-ed1321f551ca:c6599]
2019-06-14 09:09:51,500 INFO  client.GrpcClientProtocolClient (GrpcClientProtocolClient.java:onNext(254)) - client-C0E347E82FC5->e6065258-5a2c-4a72-9f81-ed1321f551ca: receive RaftClientReply:client-C0E347E82FC5->e6065258-5a2c-4a72-9f81-ed1321f551ca@group-13364FE26125, cid=4060, SUCCESS, logIndex=6598, commits[e6065258-5a2c-4a72-9f81-ed1321f551ca:c6599]
2019-06-14 09:09:51,505 INFO  client.GrpcClientProtocolClient (GrpcClientProtocolClient.java:onNext(254)) - client-C0E347E82FC5->e6065258-5a2c-4a72-9f81-ed1321f551ca: receive RaftClientReply:client-C0E347E82FC5->e6065258-5a2c-4a72-9f81-ed1321f551ca@group-13364FE26125, cid=4061, SUCCESS, logIndex=6600, commits[e6065258-5a2c-4a72-9f81-ed1321f551ca:c6600]
2019-06-14 09:09:51,507 INFO  client.GrpcClientProtocolClient (GrpcClientProtocolClient.java:onNext(254)) - client-C0E347E82FC5->e6065258-5a2c-4a72-9f81-ed1321f551ca: receive RaftClientReply:client-C0E347E82FC5->e6065258-5a2c-4a72-9f81-ed1321f551ca@group-13364FE26125, cid=4062, SUCCESS, logIndex=6602, commits[e6065258-5a2c-4a72-9f81-ed1321f551ca:c6602]
2019-06-14 09:09:51,507 INFO  client.GrpcClientProtocolClient (GrpcClientProtocolClient.java:onNext(254)) - client-C0E347E82FC5->e6065258-5a2c-4a72-9f81-ed1321f551ca: receive RaftClientReply:client-C0E347E82FC5->e6065258-5a2c-4a72-9f81-ed1321f551ca@group-13364FE26125, cid=4063, SUCCESS, logIndex=6603, commits[e6065258-5a2c-4a72-9f81-ed1321f551ca:c6605]
2019-06-14 09:09:51,508 INFO  client.GrpcClientProtocolClient (GrpcClientProtocolClient.java:onNext(254)) - client-C0E347E82FC5->e6065258-5a2c-4a72-9f81-ed1321f551ca: receive RaftClientReply:client-C0E347E82FC5->e6065258-5a2c-4a72-9f81-ed1321f551ca@group-13364FE26125, cid=4064, SUCCESS, logIndex=6604, commits[e6065258-5a2c-4a72-9f81-ed1321f551ca:c6605]
2019-06-14 09:09:51,520 INFO  client.GrpcClientProtocolClient (GrpcClientProtocolClient.java:onNext(254)) - client-C0E347E82FC5->e6065258-5a2c-4a72-9f81-ed1321f551ca: receive RaftClientReply:client-C0E347E82FC5->e6065258-5a2c-4a72-9f81-ed1321f551ca@group-13364FE26125, cid=4065, SUCCESS, logIndex=6606, commits[e6065258-5a2c-4a72-9f81-ed1321f551ca:c6607]
2019-06-14 09:09:51,530 INFO  client.GrpcClientProtocolClient (GrpcClientProtocolClient.java:onNext(254)) - client-C0E347E82FC5->e6065258-5a2c-4a72-9f81-ed1321f551ca: receive RaftClientReply:client-C0E347E82FC5->e6065258-5a2c-4a72-9f81-ed1321f551ca@group-13364FE26125, cid=4066, SUCCESS, logIndex=6608, commits[e6065258-5a2c-4a72-9f81-ed1321f551ca:c6609]
2019-06-14 09:09:51,587 INFO  client.GrpcClientProtocolClient (GrpcClientProtocolClient.java:onNext(254)) - client-C0E347E82FC5->e6065258-5a2c-4a72-9f81-ed1321f551ca: receive RaftClientReply:client-C0E347E82FC5->e6065258-5a2c-4a72-9f81-ed1321f551ca@group-13364FE26125, cid=4067, SUCCESS, logIndex=6610, commits[e6065258-5a2c-4a72-9f81-ed1321f551ca:c6610]
2019-06-14 09:09:51,588 INFO  client.GrpcClientProtocolClient (GrpcClientProtocolClient.java:onNext(254)) - client-C0E347E82FC5->e6065258-5a2c-4a72-9f81-ed1321f551ca: receive RaftClientReply:client-C0E347E82FC5->e6065258-5a2c-4a72-9f81-ed1321f551ca@group-13364FE26125, cid=4068, SUCCESS, logIndex=6612, commits[e6065258-5a2c-4a72-9f81-ed1321f551ca:c6612]
2019-06-14 09:09:51,592 INFO  client.GrpcClientProtocolClient (GrpcClientProtocolClient.java:onNext(254)) - client-C0E347E82FC5->e6065258-5a2c-4a72-9f81-ed1321f551ca: receive RaftClientReply:client-C0E347E82FC5->e6065258-5a2c-4a72-9f81-ed1321f551ca@group-13364FE26125, cid=4069, SUCCESS, logIndex=6614, commits[e6065258-5a2c-4a72-9f81-ed1321f551ca:c6614]
2019-06-14 09:09:51,594 INFO  client.GrpcClientProtocolClient (GrpcClientProtocolClient.java:onNext(254)) - client-C0E347E82FC5->e6065258-5a2c-4a72-9f81-ed1321f551ca: receive RaftClientReply:client-C0E347E82FC5->e6065258-5a2c-4a72-9f81-ed1321f551ca@group-13364FE26125, cid=4070, SUCCESS, logIndex=6616, commits[e6065258-5a2c-4a72-9f81-ed1321f551ca:c6616]
2019-06-14 09:09:51,595 DEBUG block.SCMBlockDeletingService (SCMBlockDeletingService.java:call(138)) - Running DeletedBlockTransactionScanner
2019-06-14 09:09:51,595 INFO  client.GrpcClientProtocolClient (GrpcClientProtocolClient.java:onNext(254)) - client-C0E347E82FC5->e6065258-5a2c-4a72-9f81-ed1321f551ca: receive RaftClientReply:client-C0E347E82FC5->e6065258-5a2c-4a72-9f81-ed1321f551ca@group-13364FE26125, cid=4071, SUCCESS, logIndex=6617, commits[e6065258-5a2c-4a72-9f81-ed1321f551ca:c6619]
2019-06-14 09:09:51,595 DEBUG block.SCMBlockDeletingService (SCMBlockDeletingService.java:call(155)) - Scanned deleted blocks log and got 0 delTX to process.
2019-06-14 09:09:51,595 INFO  client.GrpcClientProtocolClient (GrpcClientProtocolClient.java:onNext(254)) - client-C0E347E82FC5->e6065258-5a2c-4a72-9f81-ed1321f551ca: receive RaftClientReply:client-C0E347E82FC5->e6065258-5a2c-4a72-9f81-ed1321f551ca@group-13364FE26125, cid=4072, SUCCESS, logIndex=6618, commits[e6065258-5a2c-4a72-9f81-ed1321f551ca:c6619]
2019-06-14 09:09:51,859 DEBUG block.SCMBlockDeletingService (SCMBlockDeletingService.java:call(138)) - Running DeletedBlockTransactionScanner
2019-06-14 09:09:51,859 DEBUG block.SCMBlockDeletingService (SCMBlockDeletingService.java:call(155)) - Scanned deleted blocks log and got 0 delTX to process.
2019-06-14 09:09:51,865 INFO  client.GrpcClientProtocolClient (GrpcClientProtocolClient.java:onNext(254)) - client-C0E347E82FC5->e6065258-5a2c-4a72-9f81-ed1321f551ca: receive RaftClientReply:client-C0E347E82FC5->e6065258-5a2c-4a72-9f81-ed1321f551ca@group-13364FE26125, cid=4073, SUCCESS, logIndex=6620, commits[e6065258-5a2c-4a72-9f81-ed1321f551ca:c6620]
2019-06-14 09:09:51,869 INFO  client.GrpcClientProtocolClient (GrpcClientProtocolClient.java:onNext(254)) - client-C0E347E82FC5->e6065258-5a2c-4a72-9f81-ed1321f551ca: receive RaftClientReply:client-C0E347E82FC5->e6065258-5a2c-4a72-9f81-ed1321f551ca@group-13364FE26125, cid=4074, SUCCESS, logIndex=6622, commits[e6065258-5a2c-4a72-9f81-ed1321f551ca:c6622]
2019-06-14 09:09:51,871 INFO  client.GrpcClientProtocolClient (GrpcClientProtocolClient.java:onNext(254)) - client-C0E347E82FC5->e6065258-5a2c-4a72-9f81-ed1321f551ca: receive RaftClientReply:client-C0E347E82FC5->e6065258-5a2c-4a72-9f81-ed1321f551ca@group-13364FE26125, cid=4075, SUCCESS, logIndex=6624, commits[e6065258-5a2c-4a72-9f81-ed1321f551ca:c6625]
2019-06-14 09:09:51,871 INFO  client.GrpcClientProtocolClient (GrpcClientProtocolClient.java:onNext(254)) - client-C0E347E82FC5->e6065258-5a2c-4a72-9f81-ed1321f551ca: receive RaftClientReply:client-C0E347E82FC5->e6065258-5a2c-4a72-9f81-ed1321f551ca@group-13364FE26125, cid=4076, SUCCESS, logIndex=6625, commits[e6065258-5a2c-4a72-9f81-ed1321f551ca:c6625]
2019-06-14 09:09:51,878 INFO  client.GrpcClientProtocolClient (GrpcClientProtocolClient.java:onNext(254)) - client-C0E347E82FC5->e6065258-5a2c-4a72-9f81-ed1321f551ca: receive RaftClientReply:client-C0E347E82FC5->e6065258-5a2c-4a72-9f81-ed1321f551ca@group-13364FE26125, cid=4077, SUCCESS, logIndex=6627, commits[e6065258-5a2c-4a72-9f81-ed1321f551ca:c6627]
2019-06-14 09:09:51,879 INFO  client.GrpcClientProtocolClient (GrpcClientProtocolClient.java:onNext(254)) - client-C0E347E82FC5->e6065258-5a2c-4a72-9f81-ed1321f551ca: receive RaftClientReply:client-C0E347E82FC5->e6065258-5a2c-4a72-9f81-ed1321f551ca@group-13364FE26125, cid=4078, SUCCESS, logIndex=6629, commits[e6065258-5a2c-4a72-9f81-ed1321f551ca:c6629]
2019-06-14 09:09:51,880 INFO  client.GrpcClientProtocolClient (GrpcClientProtocolClient.java:onNext(254)) - client-C0E347E82FC5->e6065258-5a2c-4a72-9f81-ed1321f551ca: receive RaftClientReply:client-C0E347E82FC5->e6065258-5a2c-4a72-9f81-ed1321f551ca@group-13364FE26125, cid=4079, SUCCESS, logIndex=6630, commits[e6065258-5a2c-4a72-9f81-ed1321f551ca:c6632]
2019-06-14 09:09:51,880 INFO  client.GrpcClientProtocolClient (GrpcClientProtocolClient.java:onNext(254)) - client-C0E347E82FC5->e6065258-5a2c-4a72-9f81-ed1321f551ca: receive RaftClientReply:client-C0E347E82FC5->e6065258-5a2c-4a72-9f81-ed1321f551ca@group-13364FE26125, cid=4080, SUCCESS, logIndex=6631, commits[e6065258-5a2c-4a72-9f81-ed1321f551ca:c6632]
2019-06-14 09:09:51,890 INFO  client.GrpcClientProtocolClient (GrpcClientProtocolClient.java:onNext(254)) - client-C0E347E82FC5->e6065258-5a2c-4a72-9f81-ed1321f551ca: receive RaftClientReply:client-C0E347E82FC5->e6065258-5a2c-4a72-9f81-ed1321f551ca@group-13364FE26125, cid=4081, SUCCESS, logIndex=6633, commits[e6065258-5a2c-4a72-9f81-ed1321f551ca:c6633]
2019-06-14 09:09:51,892 INFO  client.GrpcClientProtocolClient (GrpcClientProtocolClient.java:onNext(254)) - client-C0E347E82FC5->e6065258-5a2c-4a72-9f81-ed1321f551ca: receive RaftClientReply:client-C0E347E82FC5->e6065258-5a2c-4a72-9f81-ed1321f551ca@group-13364FE26125, cid=4082, SUCCESS, logIndex=6635, commits[e6065258-5a2c-4a72-9f81-ed1321f551ca:c6635]
2019-06-14 09:09:51,893 INFO  client.GrpcClientProtocolClient (GrpcClientProtocolClient.java:onNext(254)) - client-C0E347E82FC5->e6065258-5a2c-4a72-9f81-ed1321f551ca: receive RaftClientReply:client-C0E347E82FC5->e6065258-5a2c-4a72-9f81-ed1321f551ca@group-13364FE26125, cid=4083, SUCCESS, logIndex=6636, commits[e6065258-5a2c-4a72-9f81-ed1321f551ca:c6638]
2019-06-14 09:09:51,893 INFO  client.GrpcClientProtocolClient (GrpcClientProtocolClient.java:onNext(254)) - client-C0E347E82FC5->e6065258-5a2c-4a72-9f81-ed1321f551ca: receive RaftClientReply:client-C0E347E82FC5->e6065258-5a2c-4a72-9f81-ed1321f551ca@group-13364FE26125, cid=4084, SUCCESS, logIndex=6637, commits[e6065258-5a2c-4a72-9f81-ed1321f551ca:c6638]
2019-06-14 09:09:51,898 INFO  client.GrpcClientProtocolClient (GrpcClientProtocolClient.java:onNext(254)) - client-C0E347E82FC5->e6065258-5a2c-4a72-9f81-ed1321f551ca: receive RaftClientReply:client-C0E347E82FC5->e6065258-5a2c-4a72-9f81-ed1321f551ca@group-13364FE26125, cid=4085, SUCCESS, logIndex=6639, commits[e6065258-5a2c-4a72-9f81-ed1321f551ca:c6639]
2019-06-14 09:09:51,899 INFO  client.GrpcClientProtocolClient (GrpcClientProtocolClient.java:onNext(254)) - client-C0E347E82FC5->e6065258-5a2c-4a72-9f81-ed1321f551ca: receive RaftClientReply:client-C0E347E82FC5->e6065258-5a2c-4a72-9f81-ed1321f551ca@group-13364FE26125, cid=4086, SUCCESS, logIndex=6641, commits[e6065258-5a2c-4a72-9f81-ed1321f551ca:c6641]
2019-06-14 09:09:51,900 INFO  client.GrpcClientProtocolClient (GrpcClientProtocolClient.java:onNext(254)) - client-C0E347E82FC5->e6065258-5a2c-4a72-9f81-ed1321f551ca: receive RaftClientReply:client-C0E347E82FC5->e6065258-5a2c-4a72-9f81-ed1321f551ca@group-13364FE26125, cid=4087, SUCCESS, logIndex=6642, commits[e6065258-5a2c-4a72-9f81-ed1321f551ca:c6644]
2019-06-14 09:09:51,900 INFO  client.GrpcClientProtocolClient (GrpcClientProtocolClient.java:onNext(254)) - client-C0E347E82FC5->e6065258-5a2c-4a72-9f81-ed1321f551ca: receive RaftClientReply:client-C0E347E82FC5->e6065258-5a2c-4a72-9f81-ed1321f551ca@group-13364FE26125, cid=4088, SUCCESS, logIndex=6643, commits[e6065258-5a2c-4a72-9f81-ed1321f551ca:c6644]
2019-06-14 09:09:51,914 INFO  client.GrpcClientProtocolClient (GrpcClientProtocolClient.java:onNext(254)) - client-C0E347E82FC5->e6065258-5a2c-4a72-9f81-ed1321f551ca: receive RaftClientReply:client-C0E347E82FC5->e6065258-5a2c-4a72-9f81-ed1321f551ca@group-13364FE26125, cid=4089, SUCCESS, logIndex=6645, commits[e6065258-5a2c-4a72-9f81-ed1321f551ca:c6645]
2019-06-14 09:09:51,916 INFO  client.GrpcClientProtocolClient (GrpcClientProtocolClient.java:onNext(254)) - client-C0E347E82FC5->e6065258-5a2c-4a72-9f81-ed1321f551ca: receive RaftClientReply:client-C0E347E82FC5->e6065258-5a2c-4a72-9f81-ed1321f551ca@group-13364FE26125, cid=4090, SUCCESS, logIndex=6647, commits[e6065258-5a2c-4a72-9f81-ed1321f551ca:c6647]
2019-06-14 09:09:51,916 INFO  client.GrpcClientProtocolClient (GrpcClientProtocolClient.java:onNext(254)) - client-C0E347E82FC5->e6065258-5a2c-4a72-9f81-ed1321f551ca: receive RaftClientReply:client-C0E347E82FC5->e6065258-5a2c-4a72-9f81-ed1321f551ca@group-13364FE26125, cid=4091, SUCCESS, logIndex=6648, commits[e6065258-5a2c-4a72-9f81-ed1321f551ca:c6649]
2019-06-14 09:09:51,917 INFO  client.GrpcClientProtocolClient (GrpcClientProtocolClient.java:onNext(254)) - client-C0E347E82FC5->e6065258-5a2c-4a72-9f81-ed1321f551ca: receive RaftClientReply:client-C0E347E82FC5->e6065258-5a2c-4a72-9f81-ed1321f551ca@group-13364FE26125, cid=4092, SUCCESS, logIndex=6649, commits[e6065258-5a2c-4a72-9f81-ed1321f551ca:c6649]
2019-06-14 09:09:51,920 INFO  storage.RaftLogWorker (RaftLogWorker.java:rollLogSegment(303)) - e6065258-5a2c-4a72-9f81-ed1321f551ca-RaftLogWorker: Rolling segment log-6582_6651 to index:6651
2019-06-14 09:09:51,920 INFO  storage.RaftLogWorker (RaftLogWorker.java:execute(433)) - e6065258-5a2c-4a72-9f81-ed1321f551ca-RaftLogWorker: Rolled log segment from /opt/src/hadoop-ozone/integration-test/target/test-dir/MiniOzoneClusterImpl-a56da109-a1cb-4168-8966-62306f2f2d23/datanode-0/data/ratis/920138aa-6f47-4d6d-b5cc-13364fe26125/current/log_inprogress_6582 to /opt/src/hadoop-ozone/integration-test/target/test-dir/MiniOzoneClusterImpl-a56da109-a1cb-4168-8966-62306f2f2d23/datanode-0/data/ratis/920138aa-6f47-4d6d-b5cc-13364fe26125/current/log_6582-6651
2019-06-14 09:09:51,955 INFO  storage.RaftLogWorker (RaftLogWorker.java:execute(469)) - e6065258-5a2c-4a72-9f81-ed1321f551ca-RaftLogWorker: created new log segment /opt/src/hadoop-ozone/integration-test/target/test-dir/MiniOzoneClusterImpl-a56da109-a1cb-4168-8966-62306f2f2d23/datanode-0/data/ratis/920138aa-6f47-4d6d-b5cc-13364fe26125/current/log_inprogress_6652
2019-06-14 09:09:51,957 INFO  client.GrpcClientProtocolClient (GrpcClientProtocolClient.java:onNext(254)) - client-C0E347E82FC5->e6065258-5a2c-4a72-9f81-ed1321f551ca: receive RaftClientReply:client-C0E347E82FC5->e6065258-5a2c-4a72-9f81-ed1321f551ca@group-13364FE26125, cid=4093, SUCCESS, logIndex=6652, commits[e6065258-5a2c-4a72-9f81-ed1321f551ca:c6652]
2019-06-14 09:09:51,959 INFO  client.GrpcClientProtocolClient (GrpcClientProtocolClient.java:onNext(254)) - client-C0E347E82FC5->e6065258-5a2c-4a72-9f81-ed1321f551ca: receive RaftClientReply:client-C0E347E82FC5->e6065258-5a2c-4a72-9f81-ed1321f551ca@group-13364FE26125, cid=4094, SUCCESS, logIndex=6654, commits[e6065258-5a2c-4a72-9f81-ed1321f551ca:c6654]
2019-06-14 09:09:51,959 DEBUG block.SCMBlockDeletingService (SCMBlockDeletingService.java:call(138)) - Running DeletedBlockTransactionScanner
2019-06-14 09:09:51,959 DEBUG block.SCMBlockDeletingService (SCMBlockDeletingService.java:call(155)) - Scanned deleted blocks log and got 0 delTX to process.
2019-06-14 09:09:51,961 INFO  client.GrpcClientProtocolClient (GrpcClientProtocolClient.java:onNext(254)) - client-C0E347E82FC5->e6065258-5a2c-4a72-9f81-ed1321f551ca: receive RaftClientReply:client-C0E347E82FC5->e6065258-5a2c-4a72-9f81-ed1321f551ca@group-13364FE26125, cid=4095, SUCCESS, logIndex=6655, commits[e6065258-5a2c-4a72-9f81-ed1321f551ca:c6657]
2019-06-14 09:09:51,962 INFO  client.GrpcClientProtocolClient (GrpcClientProtocolClient.java:onNext(254)) - client-C0E347E82FC5->e6065258-5a2c-4a72-9f81-ed1321f551ca: receive RaftClientReply:client-C0E347E82FC5->e6065258-5a2c-4a72-9f81-ed1321f551ca@group-13364FE26125, cid=4096, SUCCESS, logIndex=6656, commits[e6065258-5a2c-4a72-9f81-ed1321f551ca:c6657]
2019-06-14 09:09:51,974 INFO  client.GrpcClientProtocolClient (GrpcClientProtocolClient.java:onNext(254)) - client-C0E347E82FC5->e6065258-5a2c-4a72-9f81-ed1321f551ca: receive RaftClientReply:client-C0E347E82FC5->e6065258-5a2c-4a72-9f81-ed1321f551ca@group-13364FE26125, cid=4097, SUCCESS, logIndex=6658, commits[e6065258-5a2c-4a72-9f81-ed1321f551ca:c6658]
2019-06-14 09:09:51,976 INFO  client.GrpcClientProtocolClient (GrpcClientProtocolClient.java:onNext(254)) - client-C0E347E82FC5->e6065258-5a2c-4a72-9f81-ed1321f551ca: receive RaftClientReply:client-C0E347E82FC5->e6065258-5a2c-4a72-9f81-ed1321f551ca@group-13364FE26125, cid=4098, SUCCESS, logIndex=6660, commits[e6065258-5a2c-4a72-9f81-ed1321f551ca:c6660]
2019-06-14 09:09:51,977 INFO  client.GrpcClientProtocolClient (GrpcClientProtocolClient.java:onNext(254)) - client-C0E347E82FC5->e6065258-5a2c-4a72-9f81-ed1321f551ca: receive RaftClientReply:client-C0E347E82FC5->e6065258-5a2c-4a72-9f81-ed1321f551ca@group-13364FE26125, cid=4099, SUCCESS, logIndex=6661, commits[e6065258-5a2c-4a72-9f81-ed1321f551ca:c6661]
2019-06-14 09:09:51,977 INFO  client.GrpcClientProtocolClient (GrpcClientProtocolClient.java:onNext(254)) - client-C0E347E82FC5->e6065258-5a2c-4a72-9f81-ed1321f551ca: receive RaftClientReply:client-C0E347E82FC5->e6065258-5a2c-4a72-9f81-ed1321f551ca@group-13364FE26125, cid=4100, SUCCESS, logIndex=6663, commits[e6065258-5a2c-4a72-9f81-ed1321f551ca:c6663]
2019-06-14 09:09:51,983 INFO  client.GrpcClientProtocolClient (GrpcClientProtocolClient.java:onNext(254)) - client-C0E347E82FC5->e6065258-5a2c-4a72-9f81-ed1321f551ca: receive RaftClientReply:client-C0E347E82FC5->e6065258-5a2c-4a72-9f81-ed1321f551ca@group-13364FE26125, cid=4101, SUCCESS, logIndex=6666, commits[e6065258-5a2c-4a72-9f81-ed1321f551ca:c6666]
2019-06-14 09:09:51,985 INFO  client.GrpcClientProtocolClient (GrpcClientProtocolClient.java:onNext(254)) - client-C0E347E82FC5->e6065258-5a2c-4a72-9f81-ed1321f551ca: receive RaftClientReply:client-C0E347E82FC5->e6065258-5a2c-4a72-9f81-ed1321f551ca@group-13364FE26125, cid=4102, SUCCESS, logIndex=6668, commits[e6065258-5a2c-4a72-9f81-ed1321f551ca:c6668]
2019-06-14 09:09:51,986 INFO  client.GrpcClientProtocolClient (GrpcClientProtocolClient.java:onNext(254)) - client-C0E347E82FC5->e6065258-5a2c-4a72-9f81-ed1321f551ca: receive RaftClientReply:client-C0E347E82FC5->e6065258-5a2c-4a72-9f81-ed1321f551ca@group-13364FE26125, cid=4103, SUCCESS, logIndex=6669, commits[e6065258-5a2c-4a72-9f81-ed1321f551ca:c6670]
2019-06-14 09:09:51,986 INFO  client.GrpcClientProtocolClient (GrpcClientProtocolClient.java:onNext(254)) - client-C0E347E82FC5->e6065258-5a2c-4a72-9f81-ed1321f551ca: receive RaftClientReply:client-C0E347E82FC5->e6065258-5a2c-4a72-9f81-ed1321f551ca@group-13364FE26125, cid=4104, SUCCESS, logIndex=6670, commits[e6065258-5a2c-4a72-9f81-ed1321f551ca:c6671]
2019-06-14 09:09:52,000 INFO  client.GrpcClientProtocolClient (GrpcClientProtocolClient.java:onNext(254)) - client-C0E347E82FC5->e6065258-5a2c-4a72-9f81-ed1321f551ca: receive RaftClientReply:client-C0E347E82FC5->e6065258-5a2c-4a72-9f81-ed1321f551ca@group-13364FE26125, cid=4105, SUCCESS, logIndex=6673, commits[e6065258-5a2c-4a72-9f81-ed1321f551ca:c6673]
2019-06-14 09:09:52,001 INFO  client.GrpcClientProtocolClient (GrpcClientProtocolClient.java:onNext(254)) - client-C0E347E82FC5->e6065258-5a2c-4a72-9f81-ed1321f551ca: receive RaftClientReply:client-C0E347E82FC5->e6065258-5a2c-4a72-9f81-ed1321f551ca@group-13364FE26125, cid=4106, SUCCESS, logIndex=6675, commits[e6065258-5a2c-4a72-9f81-ed1321f551ca:c6675]
2019-06-14 09:09:52,001 INFO  client.GrpcClientProtocolClient (GrpcClientProtocolClient.java:onNext(254)) - client-C0E347E82FC5->e6065258-5a2c-4a72-9f81-ed1321f551ca: receive RaftClientReply:client-C0E347E82FC5->e6065258-5a2c-4a72-9f81-ed1321f551ca@group-13364FE26125, cid=4107, SUCCESS, logIndex=6676, commits[e6065258-5a2c-4a72-9f81-ed1321f551ca:c6678]
2019-06-14 09:09:52,001 INFO  client.GrpcClientProtocolClient (GrpcClientProtocolClient.java:onNext(254)) - client-C0E347E82FC5->e6065258-5a2c-4a72-9f81-ed1321f551ca: receive RaftClientReply:client-C0E347E82FC5->e6065258-5a2c-4a72-9f81-ed1321f551ca@group-13364FE26125, cid=4108, SUCCESS, logIndex=6677, commits[e6065258-5a2c-4a72-9f81-ed1321f551ca:c6678]
2019-06-14 09:09:52,006 INFO  client.GrpcClientProtocolClient (GrpcClientProtocolClient.java:onNext(254)) - client-C0E347E82FC5->e6065258-5a2c-4a72-9f81-ed1321f551ca: receive RaftClientReply:client-C0E347E82FC5->e6065258-5a2c-4a72-9f81-ed1321f551ca@group-13364FE26125, cid=4109, SUCCESS, logIndex=6679, commits[e6065258-5a2c-4a72-9f81-ed1321f551ca:c6679]
2019-06-14 09:09:52,007 INFO  client.GrpcClientProtocolClient (GrpcClientProtocolClient.java:onNext(254)) - client-C0E347E82FC5->e6065258-5a2c-4a72-9f81-ed1321f551ca: receive RaftClientReply:client-C0E347E82FC5->e6065258-5a2c-4a72-9f81-ed1321f551ca@group-13364FE26125, cid=4110, SUCCESS, logIndex=6681, commits[e6065258-5a2c-4a72-9f81-ed1321f551ca:c6681]
2019-06-14 09:09:52,059 DEBUG block.SCMBlockDeletingService (SCMBlockDeletingService.java:call(138)) - Running DeletedBlockTransactionScanner
2019-06-14 09:09:52,060 DEBUG block.SCMBlockDeletingService (SCMBlockDeletingService.java:call(155)) - Scanned deleted blocks log and got 0 delTX to process.
2019-06-14 09:09:52,072 INFO  client.GrpcClientProtocolClient (GrpcClientProtocolClient.java:onNext(254)) - client-C0E347E82FC5->e6065258-5a2c-4a72-9f81-ed1321f551ca: receive RaftClientReply:client-C0E347E82FC5->e6065258-5a2c-4a72-9f81-ed1321f551ca@group-13364FE26125, cid=4111, SUCCESS, logIndex=6683, commits[e6065258-5a2c-4a72-9f81-ed1321f551ca:c6683]
2019-06-14 09:09:52,073 INFO  client.GrpcClientProtocolClient (GrpcClientProtocolClient.java:onNext(254)) - client-C0E347E82FC5->e6065258-5a2c-4a72-9f81-ed1321f551ca: receive RaftClientReply:client-C0E347E82FC5->e6065258-5a2c-4a72-9f81-ed1321f551ca@group-13364FE26125, cid=4112, SUCCESS, logIndex=6685, commits[e6065258-5a2c-4a72-9f81-ed1321f551ca:c6685]
2019-06-14 09:09:52,085 INFO  client.GrpcClientProtocolClient (GrpcClientProtocolClient.java:onNext(254)) - client-C0E347E82FC5->e6065258-5a2c-4a72-9f81-ed1321f551ca: receive RaftClientReply:client-C0E347E82FC5->e6065258-5a2c-4a72-9f81-ed1321f551ca@group-13364FE26125, cid=4113, SUCCESS, logIndex=6687, commits[e6065258-5a2c-4a72-9f81-ed1321f551ca:c6687]
2019-06-14 09:09:52,086 INFO  client.GrpcClientProtocolClient (GrpcClientProtocolClient.java:onNext(254)) - client-C0E347E82FC5->e6065258-5a2c-4a72-9f81-ed1321f551ca: receive RaftClientReply:client-C0E347E82FC5->e6065258-5a2c-4a72-9f81-ed1321f551ca@group-13364FE26125, cid=4114, SUCCESS, logIndex=6689, commits[e6065258-5a2c-4a72-9f81-ed1321f551ca:c6689]
2019-06-14 09:09:52,087 INFO  client.GrpcClientProtocolClient (GrpcClientProtocolClient.java:onNext(254)) - client-C0E347E82FC5->e6065258-5a2c-4a72-9f81-ed1321f551ca: receive RaftClientReply:client-C0E347E82FC5->e6065258-5a2c-4a72-9f81-ed1321f551ca@group-13364FE26125, cid=4115, SUCCESS, logIndex=6690, commits[e6065258-5a2c-4a72-9f81-ed1321f551ca:c6692]
2019-06-14 09:09:52,087 INFO  client.GrpcClientProtocolClient (GrpcClientProtocolClient.java:onNext(254)) - client-C0E347E82FC5->e6065258-5a2c-4a72-9f81-ed1321f551ca: receive RaftClientReply:client-C0E347E82FC5->e6065258-5a2c-4a72-9f81-ed1321f551ca@group-13364FE26125, cid=4116, SUCCESS, logIndex=6691, commits[e6065258-5a2c-4a72-9f81-ed1321f551ca:c6692]
2019-06-14 09:09:52,091 INFO  client.GrpcClientProtocolClient (GrpcClientProtocolClient.java:onNext(254)) - client-C0E347E82FC5->e6065258-5a2c-4a72-9f81-ed1321f551ca: receive RaftClientReply:client-C0E347E82FC5->e6065258-5a2c-4a72-9f81-ed1321f551ca@group-13364FE26125, cid=4117, SUCCESS, logIndex=6693, commits[e6065258-5a2c-4a72-9f81-ed1321f551ca:c6693]
2019-06-14 09:09:52,092 INFO  client.GrpcClientProtocolClient (GrpcClientProtocolClient.java:onNext(254)) - client-C0E347E82FC5->e6065258-5a2c-4a72-9f81-ed1321f551ca: receive RaftClientReply:client-C0E347E82FC5->e6065258-5a2c-4a72-9f81-ed1321f551ca@group-13364FE26125, cid=4118, SUCCESS, logIndex=6695, commits[e6065258-5a2c-4a72-9f81-ed1321f551ca:c6695]
2019-06-14 09:09:52,093 INFO  client.GrpcClientProtocolClient (GrpcClientProtocolClient.java:onNext(254)) - client-C0E347E82FC5->e6065258-5a2c-4a72-9f81-ed1321f551ca: receive RaftClientReply:client-C0E347E82FC5->e6065258-5a2c-4a72-9f81-ed1321f551ca@group-13364FE26125, cid=4119, SUCCESS, logIndex=6696, commits[e6065258-5a2c-4a72-9f81-ed1321f551ca:c6698]
2019-06-14 09:09:52,094 INFO  client.GrpcClientProtocolClient (GrpcClientProtocolClient.java:onNext(254)) - client-C0E347E82FC5->e6065258-5a2c-4a72-9f81-ed1321f551ca: receive RaftClientReply:client-C0E347E82FC5->e6065258-5a2c-4a72-9f81-ed1321f551ca@group-13364FE26125, cid=4120, SUCCESS, logIndex=6697, commits[e6065258-5a2c-4a72-9f81-ed1321f551ca:c6698]
2019-06-14 09:09:52,104 INFO  client.GrpcClientProtocolClient (GrpcClientProtocolClient.java:onNext(254)) - client-C0E347E82FC5->e6065258-5a2c-4a72-9f81-ed1321f551ca: receive RaftClientReply:client-C0E347E82FC5->e6065258-5a2c-4a72-9f81-ed1321f551ca@group-13364FE26125, cid=4121, SUCCESS, logIndex=6699, commits[e6065258-5a2c-4a72-9f81-ed1321f551ca:c6699]
2019-06-14 09:09:52,106 INFO  client.GrpcClientProtocolClient (GrpcClientProtocolClient.java:onNext(254)) - client-C0E347E82FC5->e6065258-5a2c-4a72-9f81-ed1321f551ca: receive RaftClientReply:client-C0E347E82FC5->e6065258-5a2c-4a72-9f81-ed1321f551ca@group-13364FE26125, cid=4122, SUCCESS, logIndex=6701, commits[e6065258-5a2c-4a72-9f81-ed1321f551ca:c6701]
2019-06-14 09:09:52,107 INFO  client.GrpcClientProtocolClient (GrpcClientProtocolClient.java:onNext(254)) - client-C0E347E82FC5->e6065258-5a2c-4a72-9f81-ed1321f551ca: receive RaftClientReply:client-C0E347E82FC5->e6065258-5a2c-4a72-9f81-ed1321f551ca@group-13364FE26125, cid=4123, SUCCESS, logIndex=6702, commits[e6065258-5a2c-4a72-9f81-ed1321f551ca:c6704]
2019-06-14 09:09:52,110 INFO  client.GrpcClientProtocolClient (GrpcClientProtocolClient.java:onNext(254)) - client-C0E347E82FC5->e6065258-5a2c-4a72-9f81-ed1321f551ca: receive RaftClientReply:client-C0E347E82FC5->e6065258-5a2c-4a72-9f81-ed1321f551ca@group-13364FE26125, cid=4124, SUCCESS, logIndex=6703, commits[e6065258-5a2c-4a72-9f81-ed1321f551ca:c6704]
2019-06-14 09:09:52,114 INFO  client.GrpcClientProtocolClient (GrpcClientProtocolClient.java:onNext(254)) - client-C0E347E82FC5->e6065258-5a2c-4a72-9f81-ed1321f551ca: receive RaftClientReply:client-C0E347E82FC5->e6065258-5a2c-4a72-9f81-ed1321f551ca@group-13364FE26125, cid=4125, SUCCESS, logIndex=6705, commits[e6065258-5a2c-4a72-9f81-ed1321f551ca:c6705]
2019-06-14 09:09:52,115 INFO  client.GrpcClientProtocolClient (GrpcClientProtocolClient.java:onNext(254)) - client-C0E347E82FC5->e6065258-5a2c-4a72-9f81-ed1321f551ca: receive RaftClientReply:client-C0E347E82FC5->e6065258-5a2c-4a72-9f81-ed1321f551ca@group-13364FE26125, cid=4126, SUCCESS, logIndex=6707, commits[e6065258-5a2c-4a72-9f81-ed1321f551ca:c6707]
2019-06-14 09:09:52,116 INFO  client.GrpcClientProtocolClient (GrpcClientProtocolClient.java:onNext(254)) - client-C0E347E82FC5->e6065258-5a2c-4a72-9f81-ed1321f551ca: receive RaftClientReply:client-C0E347E82FC5->e6065258-5a2c-4a72-9f81-ed1321f551ca@group-13364FE26125, cid=4127, SUCCESS, logIndex=6708, commits[e6065258-5a2c-4a72-9f81-ed1321f551ca:c6710]
2019-06-14 09:09:52,117 INFO  client.GrpcClientProtocolClient (GrpcClientProtocolClient.java:onNext(254)) - client-C0E347E82FC5->e6065258-5a2c-4a72-9f81-ed1321f551ca: receive RaftClientReply:client-C0E347E82FC5->e6065258-5a2c-4a72-9f81-ed1321f551ca@group-13364FE26125, cid=4128, SUCCESS, logIndex=6709, commits[e6065258-5a2c-4a72-9f81-ed1321f551ca:c6710]
2019-06-14 09:09:52,130 INFO  client.GrpcClientProtocolClient (GrpcClientProtocolClient.java:onNext(254)) - client-C0E347E82FC5->e6065258-5a2c-4a72-9f81-ed1321f551ca: receive RaftClientReply:client-C0E347E82FC5->e6065258-5a2c-4a72-9f81-ed1321f551ca@group-13364FE26125, cid=4129, SUCCESS, logIndex=6711, commits[e6065258-5a2c-4a72-9f81-ed1321f551ca:c6711]
2019-06-14 09:09:52,131 INFO  client.GrpcClientProtocolClient (GrpcClientProtocolClient.java:onNext(254)) - client-C0E347E82FC5->e6065258-5a2c-4a72-9f81-ed1321f551ca: receive RaftClientReply:client-C0E347E82FC5->e6065258-5a2c-4a72-9f81-ed1321f551ca@group-13364FE26125, cid=4130, SUCCESS, logIndex=6713, commits[e6065258-5a2c-4a72-9f81-ed1321f551ca:c6713]
2019-06-14 09:09:52,132 INFO  client.GrpcClientProtocolClient (GrpcClientProtocolClient.java:onNext(254)) - client-C0E347E82FC5->e6065258-5a2c-4a72-9f81-ed1321f551ca: receive RaftClientReply:client-C0E347E82FC5->e6065258-5a2c-4a72-9f81-ed1321f551ca@group-13364FE26125, cid=4131, SUCCESS, logIndex=6714, commits[e6065258-5a2c-4a72-9f81-ed1321f551ca:c6716]
2019-06-14 09:09:52,132 INFO  client.GrpcClientProtocolClient (GrpcClientProtocolClient.java:onNext(254)) - client-C0E347E82FC5->e6065258-5a2c-4a72-9f81-ed1321f551ca: receive RaftClientReply:client-C0E347E82FC5->e6065258-5a2c-4a72-9f81-ed1321f551ca@group-13364FE26125, cid=4132, SUCCESS, logIndex=6715, commits[e6065258-5a2c-4a72-9f81-ed1321f551ca:c6716]
2019-06-14 09:09:52,137 INFO  client.GrpcClientProtocolClient (GrpcClientProtocolClient.java:onNext(254)) - client-C0E347E82FC5->e6065258-5a2c-4a72-9f81-ed1321f551ca: receive RaftClientReply:client-C0E347E82FC5->e6065258-5a2c-4a72-9f81-ed1321f551ca@group-13364FE26125, cid=4133, SUCCESS, logIndex=6717, commits[e6065258-5a2c-4a72-9f81-ed1321f551ca:c6717]
2019-06-14 09:09:52,138 INFO  storage.RaftLogWorker (RaftLogWorker.java:rollLogSegment(303)) - e6065258-5a2c-4a72-9f81-ed1321f551ca-RaftLogWorker: Rolling segment log-6652_6720 to index:6720
2019-06-14 09:09:52,139 INFO  storage.RaftLogWorker (RaftLogWorker.java:execute(433)) - e6065258-5a2c-4a72-9f81-ed1321f551ca-RaftLogWorker: Rolled log segment from /opt/src/hadoop-ozone/integration-test/target/test-dir/MiniOzoneClusterImpl-a56da109-a1cb-4168-8966-62306f2f2d23/datanode-0/data/ratis/920138aa-6f47-4d6d-b5cc-13364fe26125/current/log_inprogress_6652 to /opt/src/hadoop-ozone/integration-test/target/test-dir/MiniOzoneClusterImpl-a56da109-a1cb-4168-8966-62306f2f2d23/datanode-0/data/ratis/920138aa-6f47-4d6d-b5cc-13364fe26125/current/log_6652-6720
2019-06-14 09:09:52,140 INFO  client.GrpcClientProtocolClient (GrpcClientProtocolClient.java:onNext(254)) - client-C0E347E82FC5->e6065258-5a2c-4a72-9f81-ed1321f551ca: receive RaftClientReply:client-C0E347E82FC5->e6065258-5a2c-4a72-9f81-ed1321f551ca@group-13364FE26125, cid=4134, SUCCESS, logIndex=6719, commits[e6065258-5a2c-4a72-9f81-ed1321f551ca:c6719]
2019-06-14 09:09:52,141 INFO  client.GrpcClientProtocolClient (GrpcClientProtocolClient.java:onNext(254)) - client-C0E347E82FC5->e6065258-5a2c-4a72-9f81-ed1321f551ca: receive RaftClientReply:client-C0E347E82FC5->e6065258-5a2c-4a72-9f81-ed1321f551ca@group-13364FE26125, cid=4135, SUCCESS, logIndex=6720, commits[e6065258-5a2c-4a72-9f81-ed1321f551ca:c6720]
2019-06-14 09:09:52,160 DEBUG block.SCMBlockDeletingService (SCMBlockDeletingService.java:call(138)) - Running DeletedBlockTransactionScanner
2019-06-14 09:09:52,160 DEBUG block.SCMBlockDeletingService (SCMBlockDeletingService.java:call(155)) - Scanned deleted blocks log and got 0 delTX to process.
2019-06-14 09:09:52,174 INFO  storage.RaftLogWorker (RaftLogWorker.java:execute(469)) - e6065258-5a2c-4a72-9f81-ed1321f551ca-RaftLogWorker: created new log segment /opt/src/hadoop-ozone/integration-test/target/test-dir/MiniOzoneClusterImpl-a56da109-a1cb-4168-8966-62306f2f2d23/datanode-0/data/ratis/920138aa-6f47-4d6d-b5cc-13364fe26125/current/log_inprogress_6721
2019-06-14 09:09:52,176 INFO  client.GrpcClientProtocolClient (GrpcClientProtocolClient.java:onNext(254)) - client-C0E347E82FC5->e6065258-5a2c-4a72-9f81-ed1321f551ca: receive RaftClientReply:client-C0E347E82FC5->e6065258-5a2c-4a72-9f81-ed1321f551ca@group-13364FE26125, cid=4136, SUCCESS, logIndex=6721, commits[e6065258-5a2c-4a72-9f81-ed1321f551ca:c6723]
2019-06-14 09:09:52,186 INFO  client.GrpcClientProtocolClient (GrpcClientProtocolClient.java:onNext(254)) - client-C0E347E82FC5->e6065258-5a2c-4a72-9f81-ed1321f551ca: receive RaftClientReply:client-C0E347E82FC5->e6065258-5a2c-4a72-9f81-ed1321f551ca@group-13364FE26125, cid=4137, SUCCESS, logIndex=6724, commits[e6065258-5a2c-4a72-9f81-ed1321f551ca:c6724]
2019-06-14 09:09:52,187 INFO  client.GrpcClientProtocolClient (GrpcClientProtocolClient.java:onNext(254)) - client-C0E347E82FC5->e6065258-5a2c-4a72-9f81-ed1321f551ca: receive RaftClientReply:client-C0E347E82FC5->e6065258-5a2c-4a72-9f81-ed1321f551ca@group-13364FE26125, cid=4138, SUCCESS, logIndex=6726, commits[e6065258-5a2c-4a72-9f81-ed1321f551ca:c6726]
2019-06-14 09:09:52,188 INFO  client.GrpcClientProtocolClient (GrpcClientProtocolClient.java:onNext(254)) - client-C0E347E82FC5->e6065258-5a2c-4a72-9f81-ed1321f551ca: receive RaftClientReply:client-C0E347E82FC5->e6065258-5a2c-4a72-9f81-ed1321f551ca@group-13364FE26125, cid=4139, SUCCESS, logIndex=6727, commits[e6065258-5a2c-4a72-9f81-ed1321f551ca:c6729]
2019-06-14 09:09:52,189 INFO  client.GrpcClientProtocolClient (GrpcClientProtocolClient.java:onNext(254)) - client-C0E347E82FC5->e6065258-5a2c-4a72-9f81-ed1321f551ca: receive RaftClientReply:client-C0E347E82FC5->e6065258-5a2c-4a72-9f81-ed1321f551ca@group-13364FE26125, cid=4140, SUCCESS, logIndex=6728, commits[e6065258-5a2c-4a72-9f81-ed1321f551ca:c6729]
2019-06-14 09:09:52,193 INFO  client.GrpcClientProtocolClient (GrpcClientProtocolClient.java:onNext(254)) - client-C0E347E82FC5->e6065258-5a2c-4a72-9f81-ed1321f551ca: receive RaftClientReply:client-C0E347E82FC5->e6065258-5a2c-4a72-9f81-ed1321f551ca@group-13364FE26125, cid=4141, SUCCESS, logIndex=6730, commits[e6065258-5a2c-4a72-9f81-ed1321f551ca:c6730]
2019-06-14 09:09:52,194 INFO  client.GrpcClientProtocolClient (GrpcClientProtocolClient.java:onNext(254)) - client-C0E347E82FC5->e6065258-5a2c-4a72-9f81-ed1321f551ca: receive RaftClientReply:client-C0E347E82FC5->e6065258-5a2c-4a72-9f81-ed1321f551ca@group-13364FE26125, cid=4142, SUCCESS, logIndex=6732, commits[e6065258-5a2c-4a72-9f81-ed1321f551ca:c6732]
2019-06-14 09:09:52,195 INFO  client.GrpcClientProtocolClient (GrpcClientProtocolClient.java:onNext(254)) - client-C0E347E82FC5->e6065258-5a2c-4a72-9f81-ed1321f551ca: receive RaftClientReply:client-C0E347E82FC5->e6065258-5a2c-4a72-9f81-ed1321f551ca@group-13364FE26125, cid=4143, SUCCESS, logIndex=6733, commits[e6065258-5a2c-4a72-9f81-ed1321f551ca:c6735]
2019-06-14 09:09:52,196 INFO  client.GrpcClientProtocolClient (GrpcClientProtocolClient.java:onNext(254)) - client-C0E347E82FC5->e6065258-5a2c-4a72-9f81-ed1321f551ca: receive RaftClientReply:client-C0E347E82FC5->e6065258-5a2c-4a72-9f81-ed1321f551ca@group-13364FE26125, cid=4144, SUCCESS, logIndex=6734, commits[e6065258-5a2c-4a72-9f81-ed1321f551ca:c6735]
2019-06-14 09:09:52,205 INFO  client.GrpcClientProtocolClient (GrpcClientProtocolClient.java:onNext(254)) - client-C0E347E82FC5->e6065258-5a2c-4a72-9f81-ed1321f551ca: receive RaftClientReply:client-C0E347E82FC5->e6065258-5a2c-4a72-9f81-ed1321f551ca@group-13364FE26125, cid=4145, SUCCESS, logIndex=6736, commits[e6065258-5a2c-4a72-9f81-ed1321f551ca:c6736]
2019-06-14 09:09:52,206 INFO  client.GrpcClientProtocolClient (GrpcClientProtocolClient.java:onNext(254)) - client-C0E347E82FC5->e6065258-5a2c-4a72-9f81-ed1321f551ca: receive RaftClientReply:client-C0E347E82FC5->e6065258-5a2c-4a72-9f81-ed1321f551ca@group-13364FE26125, cid=4146, SUCCESS, logIndex=6738, commits[e6065258-5a2c-4a72-9f81-ed1321f551ca:c6738]
2019-06-14 09:09:52,207 INFO  client.GrpcClientProtocolClient (GrpcClientProtocolClient.java:onNext(254)) - client-C0E347E82FC5->e6065258-5a2c-4a72-9f81-ed1321f551ca: receive RaftClientReply:client-C0E347E82FC5->e6065258-5a2c-4a72-9f81-ed1321f551ca@group-13364FE26125, cid=4147, SUCCESS, logIndex=6739, commits[e6065258-5a2c-4a72-9f81-ed1321f551ca:c6741]
2019-06-14 09:09:52,207 INFO  client.GrpcClientProtocolClient (GrpcClientProtocolClient.java:onNext(254)) - client-C0E347E82FC5->e6065258-5a2c-4a72-9f81-ed1321f551ca: receive RaftClientReply:client-C0E347E82FC5->e6065258-5a2c-4a72-9f81-ed1321f551ca@group-13364FE26125, cid=4148, SUCCESS, logIndex=6740, commits[e6065258-5a2c-4a72-9f81-ed1321f551ca:c6741]
2019-06-14 09:09:52,214 INFO  client.GrpcClientProtocolClient (GrpcClientProtocolClient.java:onNext(254)) - client-C0E347E82FC5->e6065258-5a2c-4a72-9f81-ed1321f551ca: receive RaftClientReply:client-C0E347E82FC5->e6065258-5a2c-4a72-9f81-ed1321f551ca@group-13364FE26125, cid=4149, SUCCESS, logIndex=6742, commits[e6065258-5a2c-4a72-9f81-ed1321f551ca:c6742]
2019-06-14 09:09:52,215 INFO  client.GrpcClientProtocolClient (GrpcClientProtocolClient.java:onNext(254)) - client-C0E347E82FC5->e6065258-5a2c-4a72-9f81-ed1321f551ca: receive RaftClientReply:client-C0E347E82FC5->e6065258-5a2c-4a72-9f81-ed1321f551ca@group-13364FE26125, cid=4150, SUCCESS, logIndex=6744, commits[e6065258-5a2c-4a72-9f81-ed1321f551ca:c6744]
2019-06-14 09:09:52,216 INFO  client.GrpcClientProtocolClient (GrpcClientProtocolClient.java:onNext(254)) - client-C0E347E82FC5->e6065258-5a2c-4a72-9f81-ed1321f551ca: receive RaftClientReply:client-C0E347E82FC5->e6065258-5a2c-4a72-9f81-ed1321f551ca@group-13364FE26125, cid=4151, SUCCESS, logIndex=6745, commits[e6065258-5a2c-4a72-9f81-ed1321f551ca:c6747]
2019-06-14 09:09:52,216 INFO  client.GrpcClientProtocolClient (GrpcClientProtocolClient.java:onNext(254)) - client-C0E347E82FC5->e6065258-5a2c-4a72-9f81-ed1321f551ca: receive RaftClientReply:client-C0E347E82FC5->e6065258-5a2c-4a72-9f81-ed1321f551ca@group-13364FE26125, cid=4152, SUCCESS, logIndex=6746, commits[e6065258-5a2c-4a72-9f81-ed1321f551ca:c6747]
2019-06-14 09:09:52,227 INFO  client.GrpcClientProtocolClient (GrpcClientProtocolClient.java:onNext(254)) - client-C0E347E82FC5->e6065258-5a2c-4a72-9f81-ed1321f551ca: receive RaftClientReply:client-C0E347E82FC5->e6065258-5a2c-4a72-9f81-ed1321f551ca@group-13364FE26125, cid=4153, SUCCESS, logIndex=6748, commits[e6065258-5a2c-4a72-9f81-ed1321f551ca:c6748]
2019-06-14 09:09:52,228 INFO  client.GrpcClientProtocolClient (GrpcClientProtocolClient.java:onNext(254)) - client-C0E347E82FC5->e6065258-5a2c-4a72-9f81-ed1321f551ca: receive RaftClientReply:client-C0E347E82FC5->e6065258-5a2c-4a72-9f81-ed1321f551ca@group-13364FE26125, cid=4154, SUCCESS, logIndex=6750, commits[e6065258-5a2c-4a72-9f81-ed1321f551ca:c6750]
2019-06-14 09:09:52,260 DEBUG block.SCMBlockDeletingService (SCMBlockDeletingService.java:call(138)) - Running DeletedBlockTransactionScanner
2019-06-14 09:09:52,260 DEBUG block.SCMBlockDeletingService (SCMBlockDeletingService.java:call(155)) - Scanned deleted blocks log and got 0 delTX to process.
2019-06-14 09:09:52,335 INFO  client.GrpcClientProtocolClient (GrpcClientProtocolClient.java:onNext(254)) - client-C0E347E82FC5->e6065258-5a2c-4a72-9f81-ed1321f551ca: receive RaftClientReply:client-C0E347E82FC5->e6065258-5a2c-4a72-9f81-ed1321f551ca@group-13364FE26125, cid=4155, SUCCESS, logIndex=6752, commits[e6065258-5a2c-4a72-9f81-ed1321f551ca:c6752]
2019-06-14 09:09:52,336 INFO  client.GrpcClientProtocolClient (GrpcClientProtocolClient.java:onNext(254)) - client-C0E347E82FC5->e6065258-5a2c-4a72-9f81-ed1321f551ca: receive RaftClientReply:client-C0E347E82FC5->e6065258-5a2c-4a72-9f81-ed1321f551ca@group-13364FE26125, cid=4156, SUCCESS, logIndex=6754, commits[e6065258-5a2c-4a72-9f81-ed1321f551ca:c6754]
2019-06-14 09:09:52,341 INFO  client.GrpcClientProtocolClient (GrpcClientProtocolClient.java:onNext(254)) - client-C0E347E82FC5->e6065258-5a2c-4a72-9f81-ed1321f551ca: receive RaftClientReply:client-C0E347E82FC5->e6065258-5a2c-4a72-9f81-ed1321f551ca@group-13364FE26125, cid=4157, SUCCESS, logIndex=6756, commits[e6065258-5a2c-4a72-9f81-ed1321f551ca:c6756]
2019-06-14 09:09:52,342 INFO  client.GrpcClientProtocolClient (GrpcClientProtocolClient.java:onNext(254)) - client-C0E347E82FC5->e6065258-5a2c-4a72-9f81-ed1321f551ca: receive RaftClientReply:client-C0E347E82FC5->e6065258-5a2c-4a72-9f81-ed1321f551ca@group-13364FE26125, cid=4158, SUCCESS, logIndex=6758, commits[e6065258-5a2c-4a72-9f81-ed1321f551ca:c6758]
2019-06-14 09:09:52,343 INFO  client.GrpcClientProtocolClient (GrpcClientProtocolClient.java:onNext(254)) - client-C0E347E82FC5->e6065258-5a2c-4a72-9f81-ed1321f551ca: receive RaftClientReply:client-C0E347E82FC5->e6065258-5a2c-4a72-9f81-ed1321f551ca@group-13364FE26125, cid=4159, SUCCESS, logIndex=6759, commits[e6065258-5a2c-4a72-9f81-ed1321f551ca:c6761]
2019-06-14 09:09:52,343 INFO  client.GrpcClientProtocolClient (GrpcClientProtocolClient.java:onNext(254)) - client-C0E347E82FC5->e6065258-5a2c-4a72-9f81-ed1321f551ca: receive RaftClientReply:client-C0E347E82FC5->e6065258-5a2c-4a72-9f81-ed1321f551ca@group-13364FE26125, cid=4160, SUCCESS, logIndex=6760, commits[e6065258-5a2c-4a72-9f81-ed1321f551ca:c6761]
2019-06-14 09:09:52,355 INFO  client.GrpcClientProtocolClient (GrpcClientProtocolClient.java:onNext(254)) - client-C0E347E82FC5->e6065258-5a2c-4a72-9f81-ed1321f551ca: receive RaftClientReply:client-C0E347E82FC5->e6065258-5a2c-4a72-9f81-ed1321f551ca@group-13364FE26125, cid=4161, SUCCESS, logIndex=6762, commits[e6065258-5a2c-4a72-9f81-ed1321f551ca:c6762]
2019-06-14 09:09:52,356 INFO  client.GrpcClientProtocolClient (GrpcClientProtocolClient.java:onNext(254)) - client-C0E347E82FC5->e6065258-5a2c-4a72-9f81-ed1321f551ca: receive RaftClientReply:client-C0E347E82FC5->e6065258-5a2c-4a72-9f81-ed1321f551ca@group-13364FE26125, cid=4162, SUCCESS, logIndex=6764, commits[e6065258-5a2c-4a72-9f81-ed1321f551ca:c6764]
2019-06-14 09:09:52,357 INFO  client.GrpcClientProtocolClient (GrpcClientProtocolClient.java:onNext(254)) - client-C0E347E82FC5->e6065258-5a2c-4a72-9f81-ed1321f551ca: receive RaftClientReply:client-C0E347E82FC5->e6065258-5a2c-4a72-9f81-ed1321f551ca@group-13364FE26125, cid=4163, SUCCESS, logIndex=6765, commits[e6065258-5a2c-4a72-9f81-ed1321f551ca:c6767]
2019-06-14 09:09:52,357 INFO  client.GrpcClientProtocolClient (GrpcClientProtocolClient.java:onNext(254)) - client-C0E347E82FC5->e6065258-5a2c-4a72-9f81-ed1321f551ca: receive RaftClientReply:client-C0E347E82FC5->e6065258-5a2c-4a72-9f81-ed1321f551ca@group-13364FE26125, cid=4164, SUCCESS, logIndex=6766, commits[e6065258-5a2c-4a72-9f81-ed1321f551ca:c6767]
2019-06-14 09:09:52,360 DEBUG block.SCMBlockDeletingService (SCMBlockDeletingService.java:call(138)) - Running DeletedBlockTransactionScanner
2019-06-14 09:09:52,361 DEBUG block.SCMBlockDeletingService (SCMBlockDeletingService.java:call(155)) - Scanned deleted blocks log and got 0 delTX to process.
2019-06-14 09:09:52,362 INFO  client.GrpcClientProtocolClient (GrpcClientProtocolClient.java:onNext(254)) - client-C0E347E82FC5->e6065258-5a2c-4a72-9f81-ed1321f551ca: receive RaftClientReply:client-C0E347E82FC5->e6065258-5a2c-4a72-9f81-ed1321f551ca@group-13364FE26125, cid=4165, SUCCESS, logIndex=6768, commits[e6065258-5a2c-4a72-9f81-ed1321f551ca:c6768]
2019-06-14 09:09:52,363 INFO  client.GrpcClientProtocolClient (GrpcClientProtocolClient.java:onNext(254)) - client-C0E347E82FC5->e6065258-5a2c-4a72-9f81-ed1321f551ca: receive RaftClientReply:client-C0E347E82FC5->e6065258-5a2c-4a72-9f81-ed1321f551ca@group-13364FE26125, cid=4166, SUCCESS, logIndex=6770, commits[e6065258-5a2c-4a72-9f81-ed1321f551ca:c6770]
2019-06-14 09:09:52,364 INFO  client.GrpcClientProtocolClient (GrpcClientProtocolClient.java:onNext(254)) - client-C0E347E82FC5->e6065258-5a2c-4a72-9f81-ed1321f551ca: receive RaftClientReply:client-C0E347E82FC5->e6065258-5a2c-4a72-9f81-ed1321f551ca@group-13364FE26125, cid=4167, SUCCESS, logIndex=6771, commits[e6065258-5a2c-4a72-9f81-ed1321f551ca:c6773]
2019-06-14 09:09:52,364 INFO  client.GrpcClientProtocolClient (GrpcClientProtocolClient.java:onNext(254)) - client-C0E347E82FC5->e6065258-5a2c-4a72-9f81-ed1321f551ca: receive RaftClientReply:client-C0E347E82FC5->e6065258-5a2c-4a72-9f81-ed1321f551ca@group-13364FE26125, cid=4168, SUCCESS, logIndex=6772, commits[e6065258-5a2c-4a72-9f81-ed1321f551ca:c6773]
2019-06-14 09:09:52,374 INFO  client.GrpcClientProtocolClient (GrpcClientProtocolClient.java:onNext(254)) - client-C0E347E82FC5->e6065258-5a2c-4a72-9f81-ed1321f551ca: receive RaftClientReply:client-C0E347E82FC5->e6065258-5a2c-4a72-9f81-ed1321f551ca@group-13364FE26125, cid=4169, SUCCESS, logIndex=6774, commits[e6065258-5a2c-4a72-9f81-ed1321f551ca:c6774]
2019-06-14 09:09:52,375 INFO  client.GrpcClientProtocolClient (GrpcClientProtocolClient.java:onNext(254)) - client-C0E347E82FC5->e6065258-5a2c-4a72-9f81-ed1321f551ca: receive RaftClientReply:client-C0E347E82FC5->e6065258-5a2c-4a72-9f81-ed1321f551ca@group-13364FE26125, cid=4170, SUCCESS, logIndex=6776, commits[e6065258-5a2c-4a72-9f81-ed1321f551ca:c6776]
2019-06-14 09:09:52,376 INFO  client.GrpcClientProtocolClient (GrpcClientProtocolClient.java:onNext(254)) - client-C0E347E82FC5->e6065258-5a2c-4a72-9f81-ed1321f551ca: receive RaftClientReply:client-C0E347E82FC5->e6065258-5a2c-4a72-9f81-ed1321f551ca@group-13364FE26125, cid=4171, SUCCESS, logIndex=6777, commits[e6065258-5a2c-4a72-9f81-ed1321f551ca:c6779]
2019-06-14 09:09:52,376 INFO  client.GrpcClientProtocolClient (GrpcClientProtocolClient.java:onNext(254)) - client-C0E347E82FC5->e6065258-5a2c-4a72-9f81-ed1321f551ca: receive RaftClientReply:client-C0E347E82FC5->e6065258-5a2c-4a72-9f81-ed1321f551ca@group-13364FE26125, cid=4172, SUCCESS, logIndex=6778, commits[e6065258-5a2c-4a72-9f81-ed1321f551ca:c6779]
2019-06-14 09:09:52,382 INFO  client.GrpcClientProtocolClient (GrpcClientProtocolClient.java:onNext(254)) - client-C0E347E82FC5->e6065258-5a2c-4a72-9f81-ed1321f551ca: receive RaftClientReply:client-C0E347E82FC5->e6065258-5a2c-4a72-9f81-ed1321f551ca@group-13364FE26125, cid=4173, SUCCESS, logIndex=6780, commits[e6065258-5a2c-4a72-9f81-ed1321f551ca:c6780]
2019-06-14 09:09:52,383 INFO  client.GrpcClientProtocolClient (GrpcClientProtocolClient.java:onNext(254)) - client-C0E347E82FC5->e6065258-5a2c-4a72-9f81-ed1321f551ca: receive RaftClientReply:client-C0E347E82FC5->e6065258-5a2c-4a72-9f81-ed1321f551ca@group-13364FE26125, cid=4174, SUCCESS, logIndex=6782, commits[e6065258-5a2c-4a72-9f81-ed1321f551ca:c6782]
2019-06-14 09:09:52,385 INFO  client.GrpcClientProtocolClient (GrpcClientProtocolClient.java:onNext(254)) - client-C0E347E82FC5->e6065258-5a2c-4a72-9f81-ed1321f551ca: receive RaftClientReply:client-C0E347E82FC5->e6065258-5a2c-4a72-9f81-ed1321f551ca@group-13364FE26125, cid=4175, SUCCESS, logIndex=6784, commits[e6065258-5a2c-4a72-9f81-ed1321f551ca:c6785]
2019-06-14 09:09:52,385 INFO  client.GrpcClientProtocolClient (GrpcClientProtocolClient.java:onNext(254)) - client-C0E347E82FC5->e6065258-5a2c-4a72-9f81-ed1321f551ca: receive RaftClientReply:client-C0E347E82FC5->e6065258-5a2c-4a72-9f81-ed1321f551ca@group-13364FE26125, cid=4176, SUCCESS, logIndex=6785, commits[e6065258-5a2c-4a72-9f81-ed1321f551ca:c6785]
2019-06-14 09:09:52,395 INFO  client.GrpcClientProtocolClient (GrpcClientProtocolClient.java:onNext(254)) - client-C0E347E82FC5->e6065258-5a2c-4a72-9f81-ed1321f551ca: receive RaftClientReply:client-C0E347E82FC5->e6065258-5a2c-4a72-9f81-ed1321f551ca@group-13364FE26125, cid=4177, SUCCESS, logIndex=6787, commits[e6065258-5a2c-4a72-9f81-ed1321f551ca:c6787]
2019-06-14 09:09:52,395 INFO  storage.RaftLogWorker (RaftLogWorker.java:rollLogSegment(303)) - e6065258-5a2c-4a72-9f81-ed1321f551ca-RaftLogWorker: Rolling segment log-6721_6789 to index:6789
2019-06-14 09:09:52,396 INFO  storage.RaftLogWorker (RaftLogWorker.java:execute(433)) - e6065258-5a2c-4a72-9f81-ed1321f551ca-RaftLogWorker: Rolled log segment from /opt/src/hadoop-ozone/integration-test/target/test-dir/MiniOzoneClusterImpl-a56da109-a1cb-4168-8966-62306f2f2d23/datanode-0/data/ratis/920138aa-6f47-4d6d-b5cc-13364fe26125/current/log_inprogress_6721 to /opt/src/hadoop-ozone/integration-test/target/test-dir/MiniOzoneClusterImpl-a56da109-a1cb-4168-8966-62306f2f2d23/datanode-0/data/ratis/920138aa-6f47-4d6d-b5cc-13364fe26125/current/log_6721-6789
2019-06-14 09:09:52,397 INFO  client.GrpcClientProtocolClient (GrpcClientProtocolClient.java:onNext(254)) - client-C0E347E82FC5->e6065258-5a2c-4a72-9f81-ed1321f551ca: receive RaftClientReply:client-C0E347E82FC5->e6065258-5a2c-4a72-9f81-ed1321f551ca@group-13364FE26125, cid=4178, SUCCESS, logIndex=6789, commits[e6065258-5a2c-4a72-9f81-ed1321f551ca:c6789]
2019-06-14 09:09:52,431 INFO  storage.RaftLogWorker (RaftLogWorker.java:execute(469)) - e6065258-5a2c-4a72-9f81-ed1321f551ca-RaftLogWorker: created new log segment /opt/src/hadoop-ozone/integration-test/target/test-dir/MiniOzoneClusterImpl-a56da109-a1cb-4168-8966-62306f2f2d23/datanode-0/data/ratis/920138aa-6f47-4d6d-b5cc-13364fe26125/current/log_inprogress_6790
2019-06-14 09:09:52,433 INFO  client.GrpcClientProtocolClient (GrpcClientProtocolClient.java:onNext(254)) - client-C0E347E82FC5->e6065258-5a2c-4a72-9f81-ed1321f551ca: receive RaftClientReply:client-C0E347E82FC5->e6065258-5a2c-4a72-9f81-ed1321f551ca@group-13364FE26125, cid=4179, SUCCESS, logIndex=6790, commits[e6065258-5a2c-4a72-9f81-ed1321f551ca:c6792]
2019-06-14 09:09:52,433 INFO  client.GrpcClientProtocolClient (GrpcClientProtocolClient.java:onNext(254)) - client-C0E347E82FC5->e6065258-5a2c-4a72-9f81-ed1321f551ca: receive RaftClientReply:client-C0E347E82FC5->e6065258-5a2c-4a72-9f81-ed1321f551ca@group-13364FE26125, cid=4180, SUCCESS, logIndex=6791, commits[e6065258-5a2c-4a72-9f81-ed1321f551ca:c6792]
2019-06-14 09:09:52,438 INFO  client.GrpcClientProtocolClient (GrpcClientProtocolClient.java:onNext(254)) - client-C0E347E82FC5->e6065258-5a2c-4a72-9f81-ed1321f551ca: receive RaftClientReply:client-C0E347E82FC5->e6065258-5a2c-4a72-9f81-ed1321f551ca@group-13364FE26125, cid=4181, SUCCESS, logIndex=6793, commits[e6065258-5a2c-4a72-9f81-ed1321f551ca:c6793]
2019-06-14 09:09:52,439 INFO  client.GrpcClientProtocolClient (GrpcClientProtocolClient.java:onNext(254)) - client-C0E347E82FC5->e6065258-5a2c-4a72-9f81-ed1321f551ca: receive RaftClientReply:client-C0E347E82FC5->e6065258-5a2c-4a72-9f81-ed1321f551ca@group-13364FE26125, cid=4182, SUCCESS, logIndex=6795, commits[e6065258-5a2c-4a72-9f81-ed1321f551ca:c6795]
2019-06-14 09:09:52,440 INFO  client.GrpcClientProtocolClient (GrpcClientProtocolClient.java:onNext(254)) - client-C0E347E82FC5->e6065258-5a2c-4a72-9f81-ed1321f551ca: receive RaftClientReply:client-C0E347E82FC5->e6065258-5a2c-4a72-9f81-ed1321f551ca@group-13364FE26125, cid=4183, SUCCESS, logIndex=6796, commits[e6065258-5a2c-4a72-9f81-ed1321f551ca:c6798]
2019-06-14 09:09:52,440 INFO  client.GrpcClientProtocolClient (GrpcClientProtocolClient.java:onNext(254)) - client-C0E347E82FC5->e6065258-5a2c-4a72-9f81-ed1321f551ca: receive RaftClientReply:client-C0E347E82FC5->e6065258-5a2c-4a72-9f81-ed1321f551ca@group-13364FE26125, cid=4184, SUCCESS, logIndex=6797, commits[e6065258-5a2c-4a72-9f81-ed1321f551ca:c6798]
2019-06-14 09:09:52,450 INFO  client.GrpcClientProtocolClient (GrpcClientProtocolClient.java:onNext(254)) - client-C0E347E82FC5->e6065258-5a2c-4a72-9f81-ed1321f551ca: receive RaftClientReply:client-C0E347E82FC5->e6065258-5a2c-4a72-9f81-ed1321f551ca@group-13364FE26125, cid=4185, SUCCESS, logIndex=6799, commits[e6065258-5a2c-4a72-9f81-ed1321f551ca:c6799]
2019-06-14 09:09:52,451 INFO  client.GrpcClientProtocolClient (GrpcClientProtocolClient.java:onNext(254)) - client-C0E347E82FC5->e6065258-5a2c-4a72-9f81-ed1321f551ca: receive RaftClientReply:client-C0E347E82FC5->e6065258-5a2c-4a72-9f81-ed1321f551ca@group-13364FE26125, cid=4186, SUCCESS, logIndex=6801, commits[e6065258-5a2c-4a72-9f81-ed1321f551ca:c6801]
2019-06-14 09:09:52,452 INFO  client.GrpcClientProtocolClient (GrpcClientProtocolClient.java:onNext(254)) - client-C0E347E82FC5->e6065258-5a2c-4a72-9f81-ed1321f551ca: receive RaftClientReply:client-C0E347E82FC5->e6065258-5a2c-4a72-9f81-ed1321f551ca@group-13364FE26125, cid=4187, SUCCESS, logIndex=6802, commits[e6065258-5a2c-4a72-9f81-ed1321f551ca:c6804]
2019-06-14 09:09:52,452 INFO  client.GrpcClientProtocolClient (GrpcClientProtocolClient.java:onNext(254)) - client-C0E347E82FC5->e6065258-5a2c-4a72-9f81-ed1321f551ca: receive RaftClientReply:client-C0E347E82FC5->e6065258-5a2c-4a72-9f81-ed1321f551ca@group-13364FE26125, cid=4188, SUCCESS, logIndex=6803, commits[e6065258-5a2c-4a72-9f81-ed1321f551ca:c6804]
2019-06-14 09:09:52,457 INFO  client.GrpcClientProtocolClient (GrpcClientProtocolClient.java:onNext(254)) - client-C0E347E82FC5->e6065258-5a2c-4a72-9f81-ed1321f551ca: receive RaftClientReply:client-C0E347E82FC5->e6065258-5a2c-4a72-9f81-ed1321f551ca@group-13364FE26125, cid=4189, SUCCESS, logIndex=6805, commits[e6065258-5a2c-4a72-9f81-ed1321f551ca:c6805]
2019-06-14 09:09:52,458 INFO  client.GrpcClientProtocolClient (GrpcClientProtocolClient.java:onNext(254)) - client-C0E347E82FC5->e6065258-5a2c-4a72-9f81-ed1321f551ca: receive RaftClientReply:client-C0E347E82FC5->e6065258-5a2c-4a72-9f81-ed1321f551ca@group-13364FE26125, cid=4190, SUCCESS, logIndex=6807, commits[e6065258-5a2c-4a72-9f81-ed1321f551ca:c6807]
2019-06-14 09:09:52,459 INFO  client.GrpcClientProtocolClient (GrpcClientProtocolClient.java:onNext(254)) - client-C0E347E82FC5->e6065258-5a2c-4a72-9f81-ed1321f551ca: receive RaftClientReply:client-C0E347E82FC5->e6065258-5a2c-4a72-9f81-ed1321f551ca@group-13364FE26125, cid=4191, SUCCESS, logIndex=6808, commits[e6065258-5a2c-4a72-9f81-ed1321f551ca:c6810]
2019-06-14 09:09:52,460 INFO  client.GrpcClientProtocolClient (GrpcClientProtocolClient.java:onNext(254)) - client-C0E347E82FC5->e6065258-5a2c-4a72-9f81-ed1321f551ca: receive RaftClientReply:client-C0E347E82FC5->e6065258-5a2c-4a72-9f81-ed1321f551ca@group-13364FE26125, cid=4192, SUCCESS, logIndex=6809, commits[e6065258-5a2c-4a72-9f81-ed1321f551ca:c6810]
2019-06-14 09:09:52,461 DEBUG block.SCMBlockDeletingService (SCMBlockDeletingService.java:call(138)) - Running DeletedBlockTransactionScanner
2019-06-14 09:09:52,461 DEBUG block.SCMBlockDeletingService (SCMBlockDeletingService.java:call(155)) - Scanned deleted blocks log and got 0 delTX to process.
2019-06-14 09:09:52,469 INFO  client.GrpcClientProtocolClient (GrpcClientProtocolClient.java:onNext(254)) - client-C0E347E82FC5->e6065258-5a2c-4a72-9f81-ed1321f551ca: receive RaftClientReply:client-C0E347E82FC5->e6065258-5a2c-4a72-9f81-ed1321f551ca@group-13364FE26125, cid=4193, SUCCESS, logIndex=6811, commits[e6065258-5a2c-4a72-9f81-ed1321f551ca:c6811]
2019-06-14 09:09:52,474 INFO  client.GrpcClientProtocolClient (GrpcClientProtocolClient.java:onNext(254)) - client-C0E347E82FC5->e6065258-5a2c-4a72-9f81-ed1321f551ca: receive RaftClientReply:client-C0E347E82FC5->e6065258-5a2c-4a72-9f81-ed1321f551ca@group-13364FE26125, cid=4194, SUCCESS, logIndex=6813, commits[e6065258-5a2c-4a72-9f81-ed1321f551ca:c6813]
2019-06-14 09:09:52,474 INFO  client.GrpcClientProtocolClient (GrpcClientProtocolClient.java:onNext(254)) - client-C0E347E82FC5->e6065258-5a2c-4a72-9f81-ed1321f551ca: receive RaftClientReply:client-C0E347E82FC5->e6065258-5a2c-4a72-9f81-ed1321f551ca@group-13364FE26125, cid=4195, SUCCESS, logIndex=6814, commits[e6065258-5a2c-4a72-9f81-ed1321f551ca:c6816]
2019-06-14 09:09:52,474 INFO  client.GrpcClientProtocolClient (GrpcClientProtocolClient.java:onNext(254)) - client-C0E347E82FC5->e6065258-5a2c-4a72-9f81-ed1321f551ca: receive RaftClientReply:client-C0E347E82FC5->e6065258-5a2c-4a72-9f81-ed1321f551ca@group-13364FE26125, cid=4196, SUCCESS, logIndex=6815, commits[e6065258-5a2c-4a72-9f81-ed1321f551ca:c6816]
2019-06-14 09:09:52,486 INFO  client.GrpcClientProtocolClient (GrpcClientProtocolClient.java:onNext(254)) - client-C0E347E82FC5->e6065258-5a2c-4a72-9f81-ed1321f551ca: receive RaftClientReply:client-C0E347E82FC5->e6065258-5a2c-4a72-9f81-ed1321f551ca@group-13364FE26125, cid=4197, SUCCESS, logIndex=6817, commits[e6065258-5a2c-4a72-9f81-ed1321f551ca:c6817]
2019-06-14 09:09:52,487 INFO  client.GrpcClientProtocolClient (GrpcClientProtocolClient.java:onNext(254)) - client-C0E347E82FC5->e6065258-5a2c-4a72-9f81-ed1321f551ca: receive RaftClientReply:client-C0E347E82FC5->e6065258-5a2c-4a72-9f81-ed1321f551ca@group-13364FE26125, cid=4198, SUCCESS, logIndex=6819, commits[e6065258-5a2c-4a72-9f81-ed1321f551ca:c6819]
2019-06-14 09:09:52,547 INFO  client.GrpcClientProtocolClient (GrpcClientProtocolClient.java:onNext(254)) - client-C0E347E82FC5->e6065258-5a2c-4a72-9f81-ed1321f551ca: receive RaftClientReply:client-C0E347E82FC5->e6065258-5a2c-4a72-9f81-ed1321f551ca@group-13364FE26125, cid=4199, SUCCESS, logIndex=6821, commits[e6065258-5a2c-4a72-9f81-ed1321f551ca:c6821]
2019-06-14 09:09:52,548 INFO  client.GrpcClientProtocolClient (GrpcClientProtocolClient.java:onNext(254)) - client-C0E347E82FC5->e6065258-5a2c-4a72-9f81-ed1321f551ca: receive RaftClientReply:client-C0E347E82FC5->e6065258-5a2c-4a72-9f81-ed1321f551ca@group-13364FE26125, cid=4200, SUCCESS, logIndex=6823, commits[e6065258-5a2c-4a72-9f81-ed1321f551ca:c6823]
2019-06-14 09:09:52,558 INFO  client.GrpcClientProtocolClient (GrpcClientProtocolClient.java:onNext(254)) - client-C0E347E82FC5->e6065258-5a2c-4a72-9f81-ed1321f551ca: receive RaftClientReply:client-C0E347E82FC5->e6065258-5a2c-4a72-9f81-ed1321f551ca@group-13364FE26125, cid=4201, SUCCESS, logIndex=6825, commits[e6065258-5a2c-4a72-9f81-ed1321f551ca:c6825]
2019-06-14 09:09:52,559 INFO  client.GrpcClientProtocolClient (GrpcClientProtocolClient.java:onNext(254)) - client-C0E347E82FC5->e6065258-5a2c-4a72-9f81-ed1321f551ca: receive RaftClientReply:client-C0E347E82FC5->e6065258-5a2c-4a72-9f81-ed1321f551ca@group-13364FE26125, cid=4202, SUCCESS, logIndex=6827, commits[e6065258-5a2c-4a72-9f81-ed1321f551ca:c6827]
2019-06-14 09:09:52,561 INFO  client.GrpcClientProtocolClient (GrpcClientProtocolClient.java:onNext(254)) - client-C0E347E82FC5->e6065258-5a2c-4a72-9f81-ed1321f551ca: receive RaftClientReply:client-C0E347E82FC5->e6065258-5a2c-4a72-9f81-ed1321f551ca@group-13364FE26125, cid=4203, SUCCESS, logIndex=6828, commits[e6065258-5a2c-4a72-9f81-ed1321f551ca:c6830]
2019-06-14 09:09:52,561 INFO  client.GrpcClientProtocolClient (GrpcClientProtocolClient.java:onNext(254)) - client-C0E347E82FC5->e6065258-5a2c-4a72-9f81-ed1321f551ca: receive RaftClientReply:client-C0E347E82FC5->e6065258-5a2c-4a72-9f81-ed1321f551ca@group-13364FE26125, cid=4204, SUCCESS, logIndex=6829, commits[e6065258-5a2c-4a72-9f81-ed1321f551ca:c6830]
2019-06-14 09:09:52,561 DEBUG block.SCMBlockDeletingService (SCMBlockDeletingService.java:call(138)) - Running DeletedBlockTransactionScanner
2019-06-14 09:09:52,561 DEBUG block.SCMBlockDeletingService (SCMBlockDeletingService.java:call(155)) - Scanned deleted blocks log and got 0 delTX to process.
2019-06-14 09:09:52,565 INFO  client.GrpcClientProtocolClient (GrpcClientProtocolClient.java:onNext(254)) - client-C0E347E82FC5->e6065258-5a2c-4a72-9f81-ed1321f551ca: receive RaftClientReply:client-C0E347E82FC5->e6065258-5a2c-4a72-9f81-ed1321f551ca@group-13364FE26125, cid=4205, SUCCESS, logIndex=6831, commits[e6065258-5a2c-4a72-9f81-ed1321f551ca:c6831]
2019-06-14 09:09:52,567 INFO  client.GrpcClientProtocolClient (GrpcClientProtocolClient.java:onNext(254)) - client-C0E347E82FC5->e6065258-5a2c-4a72-9f81-ed1321f551ca: receive RaftClientReply:client-C0E347E82FC5->e6065258-5a2c-4a72-9f81-ed1321f551ca@group-13364FE26125, cid=4206, SUCCESS, logIndex=6833, commits[e6065258-5a2c-4a72-9f81-ed1321f551ca:c6833]
2019-06-14 09:09:52,567 INFO  client.GrpcClientProtocolClient (GrpcClientProtocolClient.java:onNext(254)) - client-C0E347E82FC5->e6065258-5a2c-4a72-9f81-ed1321f551ca: receive RaftClientReply:client-C0E347E82FC5->e6065258-5a2c-4a72-9f81-ed1321f551ca@group-13364FE26125, cid=4207, SUCCESS, logIndex=6834, commits[e6065258-5a2c-4a72-9f81-ed1321f551ca:c6836]
2019-06-14 09:09:52,568 INFO  client.GrpcClientProtocolClient (GrpcClientProtocolClient.java:onNext(254)) - client-C0E347E82FC5->e6065258-5a2c-4a72-9f81-ed1321f551ca: receive RaftClientReply:client-C0E347E82FC5->e6065258-5a2c-4a72-9f81-ed1321f551ca@group-13364FE26125, cid=4208, SUCCESS, logIndex=6835, commits[e6065258-5a2c-4a72-9f81-ed1321f551ca:c6836]
2019-06-14 09:09:52,577 INFO  client.GrpcClientProtocolClient (GrpcClientProtocolClient.java:onNext(254)) - client-C0E347E82FC5->e6065258-5a2c-4a72-9f81-ed1321f551ca: receive RaftClientReply:client-C0E347E82FC5->e6065258-5a2c-4a72-9f81-ed1321f551ca@group-13364FE26125, cid=4209, SUCCESS, logIndex=6837, commits[e6065258-5a2c-4a72-9f81-ed1321f551ca:c6837]
2019-06-14 09:09:52,578 INFO  client.GrpcClientProtocolClient (GrpcClientProtocolClient.java:onNext(254)) - client-C0E347E82FC5->e6065258-5a2c-4a72-9f81-ed1321f551ca: receive RaftClientReply:client-C0E347E82FC5->e6065258-5a2c-4a72-9f81-ed1321f551ca@group-13364FE26125, cid=4210, SUCCESS, logIndex=6839, commits[e6065258-5a2c-4a72-9f81-ed1321f551ca:c6839]
2019-06-14 09:09:52,579 INFO  client.GrpcClientProtocolClient (GrpcClientProtocolClient.java:onNext(254)) - client-C0E347E82FC5->e6065258-5a2c-4a72-9f81-ed1321f551ca: receive RaftClientReply:client-C0E347E82FC5->e6065258-5a2c-4a72-9f81-ed1321f551ca@group-13364FE26125, cid=4211, SUCCESS, logIndex=6840, commits[e6065258-5a2c-4a72-9f81-ed1321f551ca:c6842]
2019-06-14 09:09:52,580 INFO  client.GrpcClientProtocolClient (GrpcClientProtocolClient.java:onNext(254)) - client-C0E347E82FC5->e6065258-5a2c-4a72-9f81-ed1321f551ca: receive RaftClientReply:client-C0E347E82FC5->e6065258-5a2c-4a72-9f81-ed1321f551ca@group-13364FE26125, cid=4212, SUCCESS, logIndex=6841, commits[e6065258-5a2c-4a72-9f81-ed1321f551ca:c6842]
2019-06-14 09:09:52,584 INFO  client.GrpcClientProtocolClient (GrpcClientProtocolClient.java:onNext(254)) - client-C0E347E82FC5->e6065258-5a2c-4a72-9f81-ed1321f551ca: receive RaftClientReply:client-C0E347E82FC5->e6065258-5a2c-4a72-9f81-ed1321f551ca@group-13364FE26125, cid=4213, SUCCESS, logIndex=6843, commits[e6065258-5a2c-4a72-9f81-ed1321f551ca:c6843]
2019-06-14 09:09:52,585 INFO  client.GrpcClientProtocolClient (GrpcClientProtocolClient.java:onNext(254)) - client-C0E347E82FC5->e6065258-5a2c-4a72-9f81-ed1321f551ca: receive RaftClientReply:client-C0E347E82FC5->e6065258-5a2c-4a72-9f81-ed1321f551ca@group-13364FE26125, cid=4214, SUCCESS, logIndex=6845, commits[e6065258-5a2c-4a72-9f81-ed1321f551ca:c6845]
2019-06-14 09:09:52,590 INFO  client.GrpcClientProtocolClient (GrpcClientProtocolClient.java:onNext(254)) - client-C0E347E82FC5->e6065258-5a2c-4a72-9f81-ed1321f551ca: receive RaftClientReply:client-C0E347E82FC5->e6065258-5a2c-4a72-9f81-ed1321f551ca@group-13364FE26125, cid=4215, SUCCESS, logIndex=6846, commits[e6065258-5a2c-4a72-9f81-ed1321f551ca:c6848]
2019-06-14 09:09:52,593 INFO  client.GrpcClientProtocolClient (GrpcClientProtocolClient.java:onNext(254)) - client-C0E347E82FC5->e6065258-5a2c-4a72-9f81-ed1321f551ca: receive RaftClientReply:client-C0E347E82FC5->e6065258-5a2c-4a72-9f81-ed1321f551ca@group-13364FE26125, cid=4216, SUCCESS, logIndex=6847, commits[e6065258-5a2c-4a72-9f81-ed1321f551ca:c6848]
2019-06-14 09:09:52,621 INFO  client.GrpcClientProtocolClient (GrpcClientProtocolClient.java:onNext(254)) - client-C0E347E82FC5->e6065258-5a2c-4a72-9f81-ed1321f551ca: receive RaftClientReply:client-C0E347E82FC5->e6065258-5a2c-4a72-9f81-ed1321f551ca@group-13364FE26125, cid=4217, SUCCESS, logIndex=6849, commits[e6065258-5a2c-4a72-9f81-ed1321f551ca:c6849]
2019-06-14 09:09:52,626 INFO  client.GrpcClientProtocolClient (GrpcClientProtocolClient.java:onNext(254)) - client-C0E347E82FC5->e6065258-5a2c-4a72-9f81-ed1321f551ca: receive RaftClientReply:client-C0E347E82FC5->e6065258-5a2c-4a72-9f81-ed1321f551ca@group-13364FE26125, cid=4218, SUCCESS, logIndex=6851, commits[e6065258-5a2c-4a72-9f81-ed1321f551ca:c6853]
2019-06-14 09:09:52,626 INFO  client.GrpcClientProtocolClient (GrpcClientProtocolClient.java:onNext(254)) - client-C0E347E82FC5->e6065258-5a2c-4a72-9f81-ed1321f551ca: receive RaftClientReply:client-C0E347E82FC5->e6065258-5a2c-4a72-9f81-ed1321f551ca@group-13364FE26125, cid=4219, SUCCESS, logIndex=6852, commits[e6065258-5a2c-4a72-9f81-ed1321f551ca:c6853]
2019-06-14 09:09:52,626 INFO  client.GrpcClientProtocolClient (GrpcClientProtocolClient.java:onNext(254)) - client-C0E347E82FC5->e6065258-5a2c-4a72-9f81-ed1321f551ca: receive RaftClientReply:client-C0E347E82FC5->e6065258-5a2c-4a72-9f81-ed1321f551ca@group-13364FE26125, cid=4220, SUCCESS, logIndex=6853, commits[e6065258-5a2c-4a72-9f81-ed1321f551ca:c6853]
2019-06-14 09:09:52,631 INFO  client.GrpcClientProtocolClient (GrpcClientProtocolClient.java:onNext(254)) - client-C0E347E82FC5->e6065258-5a2c-4a72-9f81-ed1321f551ca: receive RaftClientReply:client-C0E347E82FC5->e6065258-5a2c-4a72-9f81-ed1321f551ca@group-13364FE26125, cid=4221, SUCCESS, logIndex=6855, commits[e6065258-5a2c-4a72-9f81-ed1321f551ca:c6855]
2019-06-14 09:09:52,631 INFO  storage.RaftLogWorker (RaftLogWorker.java:rollLogSegment(303)) - e6065258-5a2c-4a72-9f81-ed1321f551ca-RaftLogWorker: Rolling segment log-6790_6856 to index:6856
2019-06-14 09:09:52,631 INFO  storage.RaftLogWorker (RaftLogWorker.java:execute(433)) - e6065258-5a2c-4a72-9f81-ed1321f551ca-RaftLogWorker: Rolled log segment from /opt/src/hadoop-ozone/integration-test/target/test-dir/MiniOzoneClusterImpl-a56da109-a1cb-4168-8966-62306f2f2d23/datanode-0/data/ratis/920138aa-6f47-4d6d-b5cc-13364fe26125/current/log_inprogress_6790 to /opt/src/hadoop-ozone/integration-test/target/test-dir/MiniOzoneClusterImpl-a56da109-a1cb-4168-8966-62306f2f2d23/datanode-0/data/ratis/920138aa-6f47-4d6d-b5cc-13364fe26125/current/log_6790-6856
2019-06-14 09:09:52,662 DEBUG block.SCMBlockDeletingService (SCMBlockDeletingService.java:call(138)) - Running DeletedBlockTransactionScanner
2019-06-14 09:09:52,662 DEBUG block.SCMBlockDeletingService (SCMBlockDeletingService.java:call(155)) - Scanned deleted blocks log and got 0 delTX to process.
2019-06-14 09:09:52,667 INFO  storage.RaftLogWorker (RaftLogWorker.java:execute(469)) - e6065258-5a2c-4a72-9f81-ed1321f551ca-RaftLogWorker: created new log segment /opt/src/hadoop-ozone/integration-test/target/test-dir/MiniOzoneClusterImpl-a56da109-a1cb-4168-8966-62306f2f2d23/datanode-0/data/ratis/920138aa-6f47-4d6d-b5cc-13364fe26125/current/log_inprogress_6857
2019-06-14 09:09:52,669 INFO  client.GrpcClientProtocolClient (GrpcClientProtocolClient.java:onNext(254)) - client-C0E347E82FC5->e6065258-5a2c-4a72-9f81-ed1321f551ca: receive RaftClientReply:client-C0E347E82FC5->e6065258-5a2c-4a72-9f81-ed1321f551ca@group-13364FE26125, cid=4222, SUCCESS, logIndex=6857, commits[e6065258-5a2c-4a72-9f81-ed1321f551ca:c6859]
2019-06-14 09:09:52,669 INFO  client.GrpcClientProtocolClient (GrpcClientProtocolClient.java:onNext(254)) - client-C0E347E82FC5->e6065258-5a2c-4a72-9f81-ed1321f551ca: receive RaftClientReply:client-C0E347E82FC5->e6065258-5a2c-4a72-9f81-ed1321f551ca@group-13364FE26125, cid=4223, SUCCESS, logIndex=6858, commits[e6065258-5a2c-4a72-9f81-ed1321f551ca:c6859]
2019-06-14 09:09:52,669 INFO  client.GrpcClientProtocolClient (GrpcClientProtocolClient.java:onNext(254)) - client-C0E347E82FC5->e6065258-5a2c-4a72-9f81-ed1321f551ca: receive RaftClientReply:client-C0E347E82FC5->e6065258-5a2c-4a72-9f81-ed1321f551ca@group-13364FE26125, cid=4224, SUCCESS, logIndex=6859, commits[e6065258-5a2c-4a72-9f81-ed1321f551ca:c6859]
2019-06-14 09:09:52,679 INFO  client.GrpcClientProtocolClient (GrpcClientProtocolClient.java:onNext(254)) - client-C0E347E82FC5->e6065258-5a2c-4a72-9f81-ed1321f551ca: receive RaftClientReply:client-C0E347E82FC5->e6065258-5a2c-4a72-9f81-ed1321f551ca@group-13364FE26125, cid=4225, SUCCESS, logIndex=6861, commits[e6065258-5a2c-4a72-9f81-ed1321f551ca:c6861]
2019-06-14 09:09:52,680 INFO  client.GrpcClientProtocolClient (GrpcClientProtocolClient.java:onNext(254)) - client-C0E347E82FC5->e6065258-5a2c-4a72-9f81-ed1321f551ca: receive RaftClientReply:client-C0E347E82FC5->e6065258-5a2c-4a72-9f81-ed1321f551ca@group-13364FE26125, cid=4226, SUCCESS, logIndex=6863, commits[e6065258-5a2c-4a72-9f81-ed1321f551ca:c6863]
2019-06-14 09:09:52,681 INFO  client.GrpcClientProtocolClient (GrpcClientProtocolClient.java:onNext(254)) - client-C0E347E82FC5->e6065258-5a2c-4a72-9f81-ed1321f551ca: receive RaftClientReply:client-C0E347E82FC5->e6065258-5a2c-4a72-9f81-ed1321f551ca@group-13364FE26125, cid=4227, SUCCESS, logIndex=6864, commits[e6065258-5a2c-4a72-9f81-ed1321f551ca:c6866]
2019-06-14 09:09:52,682 INFO  client.GrpcClientProtocolClient (GrpcClientProtocolClient.java:onNext(254)) - client-C0E347E82FC5->e6065258-5a2c-4a72-9f81-ed1321f551ca: receive RaftClientReply:client-C0E347E82FC5->e6065258-5a2c-4a72-9f81-ed1321f551ca@group-13364FE26125, cid=4228, SUCCESS, logIndex=6865, commits[e6065258-5a2c-4a72-9f81-ed1321f551ca:c6866]
2019-06-14 09:09:52,686 INFO  client.GrpcClientProtocolClient (GrpcClientProtocolClient.java:onNext(254)) - client-C0E347E82FC5->e6065258-5a2c-4a72-9f81-ed1321f551ca: receive RaftClientReply:client-C0E347E82FC5->e6065258-5a2c-4a72-9f81-ed1321f551ca@group-13364FE26125, cid=4229, SUCCESS, logIndex=6867, commits[e6065258-5a2c-4a72-9f81-ed1321f551ca:c6867]
2019-06-14 09:09:52,688 INFO  client.GrpcClientProtocolClient (GrpcClientProtocolClient.java:onNext(254)) - client-C0E347E82FC5->e6065258-5a2c-4a72-9f81-ed1321f551ca: receive RaftClientReply:client-C0E347E82FC5->e6065258-5a2c-4a72-9f81-ed1321f551ca@group-13364FE26125, cid=4230, SUCCESS, logIndex=6869, commits[e6065258-5a2c-4a72-9f81-ed1321f551ca:c6871]
2019-06-14 09:09:52,689 INFO  client.GrpcClientProtocolClient (GrpcClientProtocolClient.java:onNext(254)) - client-C0E347E82FC5->e6065258-5a2c-4a72-9f81-ed1321f551ca: receive RaftClientReply:client-C0E347E82FC5->e6065258-5a2c-4a72-9f81-ed1321f551ca@group-13364FE26125, cid=4231, SUCCESS, logIndex=6870, commits[e6065258-5a2c-4a72-9f81-ed1321f551ca:c6871]
2019-06-14 09:09:52,689 INFO  client.GrpcClientProtocolClient (GrpcClientProtocolClient.java:onNext(254)) - client-C0E347E82FC5->e6065258-5a2c-4a72-9f81-ed1321f551ca: receive RaftClientReply:client-C0E347E82FC5->e6065258-5a2c-4a72-9f81-ed1321f551ca@group-13364FE26125, cid=4232, SUCCESS, logIndex=6871, commits[e6065258-5a2c-4a72-9f81-ed1321f551ca:c6871]
2019-06-14 09:09:52,698 INFO  client.GrpcClientProtocolClient (GrpcClientProtocolClient.java:onNext(254)) - client-C0E347E82FC5->e6065258-5a2c-4a72-9f81-ed1321f551ca: receive RaftClientReply:client-C0E347E82FC5->e6065258-5a2c-4a72-9f81-ed1321f551ca@group-13364FE26125, cid=4233, SUCCESS, logIndex=6873, commits[e6065258-5a2c-4a72-9f81-ed1321f551ca:c6873]
2019-06-14 09:09:52,699 INFO  client.GrpcClientProtocolClient (GrpcClientProtocolClient.java:onNext(254)) - client-C0E347E82FC5->e6065258-5a2c-4a72-9f81-ed1321f551ca: receive RaftClientReply:client-C0E347E82FC5->e6065258-5a2c-4a72-9f81-ed1321f551ca@group-13364FE26125, cid=4234, SUCCESS, logIndex=6875, commits[e6065258-5a2c-4a72-9f81-ed1321f551ca:c6875]
2019-06-14 09:09:52,700 INFO  client.GrpcClientProtocolClient (GrpcClientProtocolClient.java:onNext(254)) - client-C0E347E82FC5->e6065258-5a2c-4a72-9f81-ed1321f551ca: receive RaftClientReply:client-C0E347E82FC5->e6065258-5a2c-4a72-9f81-ed1321f551ca@group-13364FE26125, cid=4235, SUCCESS, logIndex=6876, commits[e6065258-5a2c-4a72-9f81-ed1321f551ca:c6878]
2019-06-14 09:09:52,701 INFO  client.GrpcClientProtocolClient (GrpcClientProtocolClient.java:onNext(254)) - client-C0E347E82FC5->e6065258-5a2c-4a72-9f81-ed1321f551ca: receive RaftClientReply:client-C0E347E82FC5->e6065258-5a2c-4a72-9f81-ed1321f551ca@group-13364FE26125, cid=4236, SUCCESS, logIndex=6877, commits[e6065258-5a2c-4a72-9f81-ed1321f551ca:c6878]
2019-06-14 09:09:52,706 INFO  client.GrpcClientProtocolClient (GrpcClientProtocolClient.java:onNext(254)) - client-C0E347E82FC5->e6065258-5a2c-4a72-9f81-ed1321f551ca: receive RaftClientReply:client-C0E347E82FC5->e6065258-5a2c-4a72-9f81-ed1321f551ca@group-13364FE26125, cid=4237, SUCCESS, logIndex=6879, commits[e6065258-5a2c-4a72-9f81-ed1321f551ca:c6879]
2019-06-14 09:09:52,707 INFO  client.GrpcClientProtocolClient (GrpcClientProtocolClient.java:onNext(254)) - client-C0E347E82FC5->e6065258-5a2c-4a72-9f81-ed1321f551ca: receive RaftClientReply:client-C0E347E82FC5->e6065258-5a2c-4a72-9f81-ed1321f551ca@group-13364FE26125, cid=4238, SUCCESS, logIndex=6881, commits[e6065258-5a2c-4a72-9f81-ed1321f551ca:c6881]
2019-06-14 09:09:52,708 INFO  client.GrpcClientProtocolClient (GrpcClientProtocolClient.java:onNext(254)) - client-C0E347E82FC5->e6065258-5a2c-4a72-9f81-ed1321f551ca: receive RaftClientReply:client-C0E347E82FC5->e6065258-5a2c-4a72-9f81-ed1321f551ca@group-13364FE26125, cid=4239, SUCCESS, logIndex=6882, commits[e6065258-5a2c-4a72-9f81-ed1321f551ca:c6884]
2019-06-14 09:09:52,708 INFO  client.GrpcClientProtocolClient (GrpcClientProtocolClient.java:onNext(254)) - client-C0E347E82FC5->e6065258-5a2c-4a72-9f81-ed1321f551ca: receive RaftClientReply:client-C0E347E82FC5->e6065258-5a2c-4a72-9f81-ed1321f551ca@group-13364FE26125, cid=4240, SUCCESS, logIndex=6883, commits[e6065258-5a2c-4a72-9f81-ed1321f551ca:c6884]
2019-06-14 09:09:52,758 INFO  client.GrpcClientProtocolClient (GrpcClientProtocolClient.java:onNext(254)) - client-C0E347E82FC5->e6065258-5a2c-4a72-9f81-ed1321f551ca: receive RaftClientReply:client-C0E347E82FC5->e6065258-5a2c-4a72-9f81-ed1321f551ca@group-13364FE26125, cid=4241, SUCCESS, logIndex=6885, commits[e6065258-5a2c-4a72-9f81-ed1321f551ca:c6885]
2019-06-14 09:09:52,759 INFO  client.GrpcClientProtocolClient (GrpcClientProtocolClient.java:onNext(254)) - client-C0E347E82FC5->e6065258-5a2c-4a72-9f81-ed1321f551ca: receive RaftClientReply:client-C0E347E82FC5->e6065258-5a2c-4a72-9f81-ed1321f551ca@group-13364FE26125, cid=4242, SUCCESS, logIndex=6887, commits[e6065258-5a2c-4a72-9f81-ed1321f551ca:c6887]
2019-06-14 09:09:52,762 DEBUG block.SCMBlockDeletingService (SCMBlockDeletingService.java:call(138)) - Running DeletedBlockTransactionScanner
2019-06-14 09:09:52,762 DEBUG block.SCMBlockDeletingService (SCMBlockDeletingService.java:call(155)) - Scanned deleted blocks log and got 0 delTX to process.
2019-06-14 09:09:52,825 INFO  client.GrpcClientProtocolClient (GrpcClientProtocolClient.java:onNext(254)) - client-C0E347E82FC5->e6065258-5a2c-4a72-9f81-ed1321f551ca: receive RaftClientReply:client-C0E347E82FC5->e6065258-5a2c-4a72-9f81-ed1321f551ca@group-13364FE26125, cid=4243, SUCCESS, logIndex=6889, commits[e6065258-5a2c-4a72-9f81-ed1321f551ca:c6889]
2019-06-14 09:09:52,826 INFO  client.GrpcClientProtocolClient (GrpcClientProtocolClient.java:onNext(254)) - client-C0E347E82FC5->e6065258-5a2c-4a72-9f81-ed1321f551ca: receive RaftClientReply:client-C0E347E82FC5->e6065258-5a2c-4a72-9f81-ed1321f551ca@group-13364FE26125, cid=4244, SUCCESS, logIndex=6891, commits[e6065258-5a2c-4a72-9f81-ed1321f551ca:c6891]
2019-06-14 09:09:52,831 INFO  client.GrpcClientProtocolClient (GrpcClientProtocolClient.java:onNext(254)) - client-C0E347E82FC5->e6065258-5a2c-4a72-9f81-ed1321f551ca: receive RaftClientReply:client-C0E347E82FC5->e6065258-5a2c-4a72-9f81-ed1321f551ca@group-13364FE26125, cid=4245, SUCCESS, logIndex=6893, commits[e6065258-5a2c-4a72-9f81-ed1321f551ca:c6893]
2019-06-14 09:09:52,832 INFO  client.GrpcClientProtocolClient (GrpcClientProtocolClient.java:onNext(254)) - client-C0E347E82FC5->e6065258-5a2c-4a72-9f81-ed1321f551ca: receive RaftClientReply:client-C0E347E82FC5->e6065258-5a2c-4a72-9f81-ed1321f551ca@group-13364FE26125, cid=4246, SUCCESS, logIndex=6895, commits[e6065258-5a2c-4a72-9f81-ed1321f551ca:c6895]
2019-06-14 09:09:52,834 INFO  client.GrpcClientProtocolClient (GrpcClientProtocolClient.java:onNext(254)) - client-C0E347E82FC5->e6065258-5a2c-4a72-9f81-ed1321f551ca: receive RaftClientReply:client-C0E347E82FC5->e6065258-5a2c-4a72-9f81-ed1321f551ca@group-13364FE26125, cid=4247, SUCCESS, logIndex=6896, commits[e6065258-5a2c-4a72-9f81-ed1321f551ca:c6898]
2019-06-14 09:09:52,836 INFO  client.GrpcClientProtocolClient (GrpcClientProtocolClient.java:onNext(254)) - client-C0E347E82FC5->e6065258-5a2c-4a72-9f81-ed1321f551ca: receive RaftClientReply:client-C0E347E82FC5->e6065258-5a2c-4a72-9f81-ed1321f551ca@group-13364FE26125, cid=4248, SUCCESS, logIndex=6897, commits[e6065258-5a2c-4a72-9f81-ed1321f551ca:c6898]
2019-06-14 09:09:52,846 INFO  client.GrpcClientProtocolClient (GrpcClientProtocolClient.java:onNext(254)) - client-C0E347E82FC5->e6065258-5a2c-4a72-9f81-ed1321f551ca: receive RaftClientReply:client-C0E347E82FC5->e6065258-5a2c-4a72-9f81-ed1321f551ca@group-13364FE26125, cid=4249, SUCCESS, logIndex=6899, commits[e6065258-5a2c-4a72-9f81-ed1321f551ca:c6899]
2019-06-14 09:09:52,848 INFO  client.GrpcClientProtocolClient (GrpcClientProtocolClient.java:onNext(254)) - client-C0E347E82FC5->e6065258-5a2c-4a72-9f81-ed1321f551ca: receive RaftClientReply:client-C0E347E82FC5->e6065258-5a2c-4a72-9f81-ed1321f551ca@group-13364FE26125, cid=4250, SUCCESS, logIndex=6901, commits[e6065258-5a2c-4a72-9f81-ed1321f551ca:c6901]
2019-06-14 09:09:52,849 INFO  client.GrpcClientProtocolClient (GrpcClientProtocolClient.java:onNext(254)) - client-C0E347E82FC5->e6065258-5a2c-4a72-9f81-ed1321f551ca: receive RaftClientReply:client-C0E347E82FC5->e6065258-5a2c-4a72-9f81-ed1321f551ca@group-13364FE26125, cid=4251, SUCCESS, logIndex=6902, commits[e6065258-5a2c-4a72-9f81-ed1321f551ca:c6904]
2019-06-14 09:09:52,849 INFO  client.GrpcClientProtocolClient (GrpcClientProtocolClient.java:onNext(254)) - client-C0E347E82FC5->e6065258-5a2c-4a72-9f81-ed1321f551ca: receive RaftClientReply:client-C0E347E82FC5->e6065258-5a2c-4a72-9f81-ed1321f551ca@group-13364FE26125, cid=4252, SUCCESS, logIndex=6903, commits[e6065258-5a2c-4a72-9f81-ed1321f551ca:c6904]
2019-06-14 09:09:52,853 INFO  client.GrpcClientProtocolClient (GrpcClientProtocolClient.java:onNext(254)) - client-C0E347E82FC5->e6065258-5a2c-4a72-9f81-ed1321f551ca: receive RaftClientReply:client-C0E347E82FC5->e6065258-5a2c-4a72-9f81-ed1321f551ca@group-13364FE26125, cid=4253, SUCCESS, logIndex=6905, commits[e6065258-5a2c-4a72-9f81-ed1321f551ca:c6905]
2019-06-14 09:09:52,855 INFO  client.GrpcClientProtocolClient (GrpcClientProtocolClient.java:onNext(254)) - client-C0E347E82FC5->e6065258-5a2c-4a72-9f81-ed1321f551ca: receive RaftClientReply:client-C0E347E82FC5->e6065258-5a2c-4a72-9f81-ed1321f551ca@group-13364FE26125, cid=4254, SUCCESS, logIndex=6907, commits[e6065258-5a2c-4a72-9f81-ed1321f551ca:c6907]
2019-06-14 09:09:52,856 INFO  client.GrpcClientProtocolClient (GrpcClientProtocolClient.java:onNext(254)) - client-C0E347E82FC5->e6065258-5a2c-4a72-9f81-ed1321f551ca: receive RaftClientReply:client-C0E347E82FC5->e6065258-5a2c-4a72-9f81-ed1321f551ca@group-13364FE26125, cid=4255, SUCCESS, logIndex=6908, commits[e6065258-5a2c-4a72-9f81-ed1321f551ca:c6910]
2019-06-14 09:09:52,856 INFO  client.GrpcClientProtocolClient (GrpcClientProtocolClient.java:onNext(254)) - client-C0E347E82FC5->e6065258-5a2c-4a72-9f81-ed1321f551ca: receive RaftClientReply:client-C0E347E82FC5->e6065258-5a2c-4a72-9f81-ed1321f551ca@group-13364FE26125, cid=4256, SUCCESS, logIndex=6909, commits[e6065258-5a2c-4a72-9f81-ed1321f551ca:c6910]
2019-06-14 09:09:52,862 DEBUG block.SCMBlockDeletingService (SCMBlockDeletingService.java:call(138)) - Running DeletedBlockTransactionScanner
2019-06-14 09:09:52,863 DEBUG block.SCMBlockDeletingService (SCMBlockDeletingService.java:call(155)) - Scanned deleted blocks log and got 0 delTX to process.
2019-06-14 09:09:52,866 INFO  client.GrpcClientProtocolClient (GrpcClientProtocolClient.java:onNext(254)) - client-C0E347E82FC5->e6065258-5a2c-4a72-9f81-ed1321f551ca: receive RaftClientReply:client-C0E347E82FC5->e6065258-5a2c-4a72-9f81-ed1321f551ca@group-13364FE26125, cid=4257, SUCCESS, logIndex=6911, commits[e6065258-5a2c-4a72-9f81-ed1321f551ca:c6911]
2019-06-14 09:09:52,867 INFO  client.GrpcClientProtocolClient (GrpcClientProtocolClient.java:onNext(254)) - client-C0E347E82FC5->e6065258-5a2c-4a72-9f81-ed1321f551ca: receive RaftClientReply:client-C0E347E82FC5->e6065258-5a2c-4a72-9f81-ed1321f551ca@group-13364FE26125, cid=4258, SUCCESS, logIndex=6913, commits[e6065258-5a2c-4a72-9f81-ed1321f551ca:c6913]
2019-06-14 09:09:52,868 INFO  client.GrpcClientProtocolClient (GrpcClientProtocolClient.java:onNext(254)) - client-C0E347E82FC5->e6065258-5a2c-4a72-9f81-ed1321f551ca: receive RaftClientReply:client-C0E347E82FC5->e6065258-5a2c-4a72-9f81-ed1321f551ca@group-13364FE26125, cid=4259, SUCCESS, logIndex=6914, commits[e6065258-5a2c-4a72-9f81-ed1321f551ca:c6916]
2019-06-14 09:09:52,868 INFO  client.GrpcClientProtocolClient (GrpcClientProtocolClient.java:onNext(254)) - client-C0E347E82FC5->e6065258-5a2c-4a72-9f81-ed1321f551ca: receive RaftClientReply:client-C0E347E82FC5->e6065258-5a2c-4a72-9f81-ed1321f551ca@group-13364FE26125, cid=4260, SUCCESS, logIndex=6915, commits[e6065258-5a2c-4a72-9f81-ed1321f551ca:c6916]
2019-06-14 09:09:52,875 INFO  client.GrpcClientProtocolClient (GrpcClientProtocolClient.java:onNext(254)) - client-C0E347E82FC5->e6065258-5a2c-4a72-9f81-ed1321f551ca: receive RaftClientReply:client-C0E347E82FC5->e6065258-5a2c-4a72-9f81-ed1321f551ca@group-13364FE26125, cid=4261, SUCCESS, logIndex=6917, commits[e6065258-5a2c-4a72-9f81-ed1321f551ca:c6917]
2019-06-14 09:09:52,875 INFO  client.GrpcClientProtocolClient (GrpcClientProtocolClient.java:onNext(254)) - client-C0E347E82FC5->e6065258-5a2c-4a72-9f81-ed1321f551ca: receive RaftClientReply:client-C0E347E82FC5->e6065258-5a2c-4a72-9f81-ed1321f551ca@group-13364FE26125, cid=4262, SUCCESS, logIndex=6919, commits[e6065258-5a2c-4a72-9f81-ed1321f551ca:c6919]
2019-06-14 09:09:52,877 INFO  client.GrpcClientProtocolClient (GrpcClientProtocolClient.java:onNext(254)) - client-C0E347E82FC5->e6065258-5a2c-4a72-9f81-ed1321f551ca: receive RaftClientReply:client-C0E347E82FC5->e6065258-5a2c-4a72-9f81-ed1321f551ca@group-13364FE26125, cid=4263, SUCCESS, logIndex=6921, commits[e6065258-5a2c-4a72-9f81-ed1321f551ca:c6921]
2019-06-14 09:09:52,878 INFO  client.GrpcClientProtocolClient (GrpcClientProtocolClient.java:onNext(254)) - client-C0E347E82FC5->e6065258-5a2c-4a72-9f81-ed1321f551ca: receive RaftClientReply:client-C0E347E82FC5->e6065258-5a2c-4a72-9f81-ed1321f551ca@group-13364FE26125, cid=4264, SUCCESS, logIndex=6923, commits[e6065258-5a2c-4a72-9f81-ed1321f551ca:c6923]
2019-06-14 09:09:52,887 INFO  storage.RaftLogWorker (RaftLogWorker.java:rollLogSegment(303)) - e6065258-5a2c-4a72-9f81-ed1321f551ca-RaftLogWorker: Rolling segment log-6857_6924 to index:6924
2019-06-14 09:09:52,887 INFO  storage.RaftLogWorker (RaftLogWorker.java:execute(433)) - e6065258-5a2c-4a72-9f81-ed1321f551ca-RaftLogWorker: Rolled log segment from /opt/src/hadoop-ozone/integration-test/target/test-dir/MiniOzoneClusterImpl-a56da109-a1cb-4168-8966-62306f2f2d23/datanode-0/data/ratis/920138aa-6f47-4d6d-b5cc-13364fe26125/current/log_inprogress_6857 to /opt/src/hadoop-ozone/integration-test/target/test-dir/MiniOzoneClusterImpl-a56da109-a1cb-4168-8966-62306f2f2d23/datanode-0/data/ratis/920138aa-6f47-4d6d-b5cc-13364fe26125/current/log_6857-6924
2019-06-14 09:09:52,923 INFO  storage.RaftLogWorker (RaftLogWorker.java:execute(469)) - e6065258-5a2c-4a72-9f81-ed1321f551ca-RaftLogWorker: created new log segment /opt/src/hadoop-ozone/integration-test/target/test-dir/MiniOzoneClusterImpl-a56da109-a1cb-4168-8966-62306f2f2d23/datanode-0/data/ratis/920138aa-6f47-4d6d-b5cc-13364fe26125/current/log_inprogress_6925
2019-06-14 09:09:52,925 INFO  client.GrpcClientProtocolClient (GrpcClientProtocolClient.java:onNext(254)) - client-C0E347E82FC5->e6065258-5a2c-4a72-9f81-ed1321f551ca: receive RaftClientReply:client-C0E347E82FC5->e6065258-5a2c-4a72-9f81-ed1321f551ca@group-13364FE26125, cid=4265, SUCCESS, logIndex=6925, commits[e6065258-5a2c-4a72-9f81-ed1321f551ca:c6925]
2019-06-14 09:09:52,927 INFO  client.GrpcClientProtocolClient (GrpcClientProtocolClient.java:onNext(254)) - client-C0E347E82FC5->e6065258-5a2c-4a72-9f81-ed1321f551ca: receive RaftClientReply:client-C0E347E82FC5->e6065258-5a2c-4a72-9f81-ed1321f551ca@group-13364FE26125, cid=4266, SUCCESS, logIndex=6927, commits[e6065258-5a2c-4a72-9f81-ed1321f551ca:c6927]
2019-06-14 09:09:52,927 INFO  client.GrpcClientProtocolClient (GrpcClientProtocolClient.java:onNext(254)) - client-C0E347E82FC5->e6065258-5a2c-4a72-9f81-ed1321f551ca: receive RaftClientReply:client-C0E347E82FC5->e6065258-5a2c-4a72-9f81-ed1321f551ca@group-13364FE26125, cid=4267, SUCCESS, logIndex=6928, commits[e6065258-5a2c-4a72-9f81-ed1321f551ca:c6929]
2019-06-14 09:09:52,928 INFO  client.GrpcClientProtocolClient (GrpcClientProtocolClient.java:onNext(254)) - client-C0E347E82FC5->e6065258-5a2c-4a72-9f81-ed1321f551ca: receive RaftClientReply:client-C0E347E82FC5->e6065258-5a2c-4a72-9f81-ed1321f551ca@group-13364FE26125, cid=4268, SUCCESS, logIndex=6929, commits[e6065258-5a2c-4a72-9f81-ed1321f551ca:c6929]
2019-06-14 09:09:52,933 INFO  client.GrpcClientProtocolClient (GrpcClientProtocolClient.java:onNext(254)) - client-C0E347E82FC5->e6065258-5a2c-4a72-9f81-ed1321f551ca: receive RaftClientReply:client-C0E347E82FC5->e6065258-5a2c-4a72-9f81-ed1321f551ca@group-13364FE26125, cid=4269, SUCCESS, logIndex=6932, commits[e6065258-5a2c-4a72-9f81-ed1321f551ca:c6932]
2019-06-14 09:09:52,934 INFO  client.GrpcClientProtocolClient (GrpcClientProtocolClient.java:onNext(254)) - client-C0E347E82FC5->e6065258-5a2c-4a72-9f81-ed1321f551ca: receive RaftClientReply:client-C0E347E82FC5->e6065258-5a2c-4a72-9f81-ed1321f551ca@group-13364FE26125, cid=4270, SUCCESS, logIndex=6934, commits[e6065258-5a2c-4a72-9f81-ed1321f551ca:c6934]
2019-06-14 09:09:52,935 INFO  client.GrpcClientProtocolClient (GrpcClientProtocolClient.java:onNext(254)) - client-C0E347E82FC5->e6065258-5a2c-4a72-9f81-ed1321f551ca: receive RaftClientReply:client-C0E347E82FC5->e6065258-5a2c-4a72-9f81-ed1321f551ca@group-13364FE26125, cid=4271, SUCCESS, logIndex=6935, commits[e6065258-5a2c-4a72-9f81-ed1321f551ca:c6935]
2019-06-14 09:09:52,936 INFO  client.GrpcClientProtocolClient (GrpcClientProtocolClient.java:onNext(254)) - client-C0E347E82FC5->e6065258-5a2c-4a72-9f81-ed1321f551ca: receive RaftClientReply:client-C0E347E82FC5->e6065258-5a2c-4a72-9f81-ed1321f551ca@group-13364FE26125, cid=4272, SUCCESS, logIndex=6938, commits[e6065258-5a2c-4a72-9f81-ed1321f551ca:c6938]
2019-06-14 09:09:52,946 INFO  client.GrpcClientProtocolClient (GrpcClientProtocolClient.java:onNext(254)) - client-C0E347E82FC5->e6065258-5a2c-4a72-9f81-ed1321f551ca: receive RaftClientReply:client-C0E347E82FC5->e6065258-5a2c-4a72-9f81-ed1321f551ca@group-13364FE26125, cid=4273, SUCCESS, logIndex=6940, commits[e6065258-5a2c-4a72-9f81-ed1321f551ca:c6940]
2019-06-14 09:09:52,947 INFO  client.GrpcClientProtocolClient (GrpcClientProtocolClient.java:onNext(254)) - client-C0E347E82FC5->e6065258-5a2c-4a72-9f81-ed1321f551ca: receive RaftClientReply:client-C0E347E82FC5->e6065258-5a2c-4a72-9f81-ed1321f551ca@group-13364FE26125, cid=4274, SUCCESS, logIndex=6942, commits[e6065258-5a2c-4a72-9f81-ed1321f551ca:c6942]
2019-06-14 09:09:52,948 INFO  client.GrpcClientProtocolClient (GrpcClientProtocolClient.java:onNext(254)) - client-C0E347E82FC5->e6065258-5a2c-4a72-9f81-ed1321f551ca: receive RaftClientReply:client-C0E347E82FC5->e6065258-5a2c-4a72-9f81-ed1321f551ca@group-13364FE26125, cid=4275, SUCCESS, logIndex=6943, commits[e6065258-5a2c-4a72-9f81-ed1321f551ca:c6945]
2019-06-14 09:09:52,948 INFO  client.GrpcClientProtocolClient (GrpcClientProtocolClient.java:onNext(254)) - client-C0E347E82FC5->e6065258-5a2c-4a72-9f81-ed1321f551ca: receive RaftClientReply:client-C0E347E82FC5->e6065258-5a2c-4a72-9f81-ed1321f551ca@group-13364FE26125, cid=4276, SUCCESS, logIndex=6944, commits[e6065258-5a2c-4a72-9f81-ed1321f551ca:c6945]
2019-06-14 09:09:52,953 INFO  client.GrpcClientProtocolClient (GrpcClientProtocolClient.java:onNext(254)) - client-C0E347E82FC5->e6065258-5a2c-4a72-9f81-ed1321f551ca: receive RaftClientReply:client-C0E347E82FC5->e6065258-5a2c-4a72-9f81-ed1321f551ca@group-13364FE26125, cid=4277, SUCCESS, logIndex=6946, commits[e6065258-5a2c-4a72-9f81-ed1321f551ca:c6946]
2019-06-14 09:09:52,954 INFO  client.GrpcClientProtocolClient (GrpcClientProtocolClient.java:onNext(254)) - client-C0E347E82FC5->e6065258-5a2c-4a72-9f81-ed1321f551ca: receive RaftClientReply:client-C0E347E82FC5->e6065258-5a2c-4a72-9f81-ed1321f551ca@group-13364FE26125, cid=4278, SUCCESS, logIndex=6948, commits[e6065258-5a2c-4a72-9f81-ed1321f551ca:c6948]
2019-06-14 09:09:52,956 INFO  client.GrpcClientProtocolClient (GrpcClientProtocolClient.java:onNext(254)) - client-C0E347E82FC5->e6065258-5a2c-4a72-9f81-ed1321f551ca: receive RaftClientReply:client-C0E347E82FC5->e6065258-5a2c-4a72-9f81-ed1321f551ca@group-13364FE26125, cid=4279, SUCCESS, logIndex=6949, commits[e6065258-5a2c-4a72-9f81-ed1321f551ca:c6951]
2019-06-14 09:09:52,956 INFO  client.GrpcClientProtocolClient (GrpcClientProtocolClient.java:onNext(254)) - client-C0E347E82FC5->e6065258-5a2c-4a72-9f81-ed1321f551ca: receive RaftClientReply:client-C0E347E82FC5->e6065258-5a2c-4a72-9f81-ed1321f551ca@group-13364FE26125, cid=4280, SUCCESS, logIndex=6950, commits[e6065258-5a2c-4a72-9f81-ed1321f551ca:c6951]
2019-06-14 09:09:52,963 DEBUG block.SCMBlockDeletingService (SCMBlockDeletingService.java:call(138)) - Running DeletedBlockTransactionScanner
2019-06-14 09:09:52,963 DEBUG block.SCMBlockDeletingService (SCMBlockDeletingService.java:call(155)) - Scanned deleted blocks log and got 0 delTX to process.
2019-06-14 09:09:52,966 INFO  client.GrpcClientProtocolClient (GrpcClientProtocolClient.java:onNext(254)) - client-C0E347E82FC5->e6065258-5a2c-4a72-9f81-ed1321f551ca: receive RaftClientReply:client-C0E347E82FC5->e6065258-5a2c-4a72-9f81-ed1321f551ca@group-13364FE26125, cid=4281, SUCCESS, logIndex=6952, commits[e6065258-5a2c-4a72-9f81-ed1321f551ca:c6952]
2019-06-14 09:09:52,967 INFO  client.GrpcClientProtocolClient (GrpcClientProtocolClient.java:onNext(254)) - client-C0E347E82FC5->e6065258-5a2c-4a72-9f81-ed1321f551ca: receive RaftClientReply:client-C0E347E82FC5->e6065258-5a2c-4a72-9f81-ed1321f551ca@group-13364FE26125, cid=4282, SUCCESS, logIndex=6954, commits[e6065258-5a2c-4a72-9f81-ed1321f551ca:c6954]
2019-06-14 09:09:52,968 INFO  client.GrpcClientProtocolClient (GrpcClientProtocolClient.java:onNext(254)) - client-C0E347E82FC5->e6065258-5a2c-4a72-9f81-ed1321f551ca: receive RaftClientReply:client-C0E347E82FC5->e6065258-5a2c-4a72-9f81-ed1321f551ca@group-13364FE26125, cid=4283, SUCCESS, logIndex=6955, commits[e6065258-5a2c-4a72-9f81-ed1321f551ca:c6957]
2019-06-14 09:09:52,969 INFO  client.GrpcClientProtocolClient (GrpcClientProtocolClient.java:onNext(254)) - client-C0E347E82FC5->e6065258-5a2c-4a72-9f81-ed1321f551ca: receive RaftClientReply:client-C0E347E82FC5->e6065258-5a2c-4a72-9f81-ed1321f551ca@group-13364FE26125, cid=4284, SUCCESS, logIndex=6956, commits[e6065258-5a2c-4a72-9f81-ed1321f551ca:c6957]
2019-06-14 09:09:52,973 INFO  client.GrpcClientProtocolClient (GrpcClientProtocolClient.java:onNext(254)) - client-C0E347E82FC5->e6065258-5a2c-4a72-9f81-ed1321f551ca: receive RaftClientReply:client-C0E347E82FC5->e6065258-5a2c-4a72-9f81-ed1321f551ca@group-13364FE26125, cid=4285, SUCCESS, logIndex=6958, commits[e6065258-5a2c-4a72-9f81-ed1321f551ca:c6958]
2019-06-14 09:09:52,978 INFO  client.GrpcClientProtocolClient (GrpcClientProtocolClient.java:onNext(254)) - client-C0E347E82FC5->e6065258-5a2c-4a72-9f81-ed1321f551ca: receive RaftClientReply:client-C0E347E82FC5->e6065258-5a2c-4a72-9f81-ed1321f551ca@group-13364FE26125, cid=4286, SUCCESS, logIndex=6960, commits[e6065258-5a2c-4a72-9f81-ed1321f551ca:c6960]
2019-06-14 09:09:53,049 INFO  client.GrpcClientProtocolClient (GrpcClientProtocolClient.java:onNext(254)) - client-C0E347E82FC5->e6065258-5a2c-4a72-9f81-ed1321f551ca: receive RaftClientReply:client-C0E347E82FC5->e6065258-5a2c-4a72-9f81-ed1321f551ca@group-13364FE26125, cid=4287, SUCCESS, logIndex=6962, commits[e6065258-5a2c-4a72-9f81-ed1321f551ca:c6962]
2019-06-14 09:09:53,057 INFO  client.GrpcClientProtocolClient (GrpcClientProtocolClient.java:onNext(254)) - client-C0E347E82FC5->e6065258-5a2c-4a72-9f81-ed1321f551ca: receive RaftClientReply:client-C0E347E82FC5->e6065258-5a2c-4a72-9f81-ed1321f551ca@group-13364FE26125, cid=4288, SUCCESS, logIndex=6964, commits[e6065258-5a2c-4a72-9f81-ed1321f551ca:c6964]
2019-06-14 09:09:53,063 DEBUG block.SCMBlockDeletingService (SCMBlockDeletingService.java:call(138)) - Running DeletedBlockTransactionScanner
2019-06-14 09:09:53,063 DEBUG block.SCMBlockDeletingService (SCMBlockDeletingService.java:call(155)) - Scanned deleted blocks log and got 0 delTX to process.
2019-06-14 09:09:53,070 INFO  client.GrpcClientProtocolClient (GrpcClientProtocolClient.java:onNext(254)) - client-C0E347E82FC5->e6065258-5a2c-4a72-9f81-ed1321f551ca: receive RaftClientReply:client-C0E347E82FC5->e6065258-5a2c-4a72-9f81-ed1321f551ca@group-13364FE26125, cid=4289, SUCCESS, logIndex=6966, commits[e6065258-5a2c-4a72-9f81-ed1321f551ca:c6966]
2019-06-14 09:09:53,075 INFO  client.GrpcClientProtocolClient (GrpcClientProtocolClient.java:onNext(254)) - client-C0E347E82FC5->e6065258-5a2c-4a72-9f81-ed1321f551ca: receive RaftClientReply:client-C0E347E82FC5->e6065258-5a2c-4a72-9f81-ed1321f551ca@group-13364FE26125, cid=4290, SUCCESS, logIndex=6968, commits[e6065258-5a2c-4a72-9f81-ed1321f551ca:c6968]
2019-06-14 09:09:53,076 INFO  client.GrpcClientProtocolClient (GrpcClientProtocolClient.java:onNext(254)) - client-C0E347E82FC5->e6065258-5a2c-4a72-9f81-ed1321f551ca: receive RaftClientReply:client-C0E347E82FC5->e6065258-5a2c-4a72-9f81-ed1321f551ca@group-13364FE26125, cid=4291, SUCCESS, logIndex=6970, commits[e6065258-5a2c-4a72-9f81-ed1321f551ca:c6971]
2019-06-14 09:09:53,076 INFO  client.GrpcClientProtocolClient (GrpcClientProtocolClient.java:onNext(254)) - client-C0E347E82FC5->e6065258-5a2c-4a72-9f81-ed1321f551ca: receive RaftClientReply:client-C0E347E82FC5->e6065258-5a2c-4a72-9f81-ed1321f551ca@group-13364FE26125, cid=4292, SUCCESS, logIndex=6971, commits[e6065258-5a2c-4a72-9f81-ed1321f551ca:c6971]
2019-06-14 09:09:53,087 INFO  client.GrpcClientProtocolClient (GrpcClientProtocolClient.java:onNext(254)) - client-C0E347E82FC5->e6065258-5a2c-4a72-9f81-ed1321f551ca: receive RaftClientReply:client-C0E347E82FC5->e6065258-5a2c-4a72-9f81-ed1321f551ca@group-13364FE26125, cid=4293, SUCCESS, logIndex=6973, commits[e6065258-5a2c-4a72-9f81-ed1321f551ca:c6973]
2019-06-14 09:09:53,089 INFO  client.GrpcClientProtocolClient (GrpcClientProtocolClient.java:onNext(254)) - client-C0E347E82FC5->e6065258-5a2c-4a72-9f81-ed1321f551ca: receive RaftClientReply:client-C0E347E82FC5->e6065258-5a2c-4a72-9f81-ed1321f551ca@group-13364FE26125, cid=4294, SUCCESS, logIndex=6975, commits[e6065258-5a2c-4a72-9f81-ed1321f551ca:c6975]
2019-06-14 09:09:53,093 INFO  client.GrpcClientProtocolClient (GrpcClientProtocolClient.java:onNext(254)) - client-C0E347E82FC5->e6065258-5a2c-4a72-9f81-ed1321f551ca: receive RaftClientReply:client-C0E347E82FC5->e6065258-5a2c-4a72-9f81-ed1321f551ca@group-13364FE26125, cid=4295, SUCCESS, logIndex=6976, commits[e6065258-5a2c-4a72-9f81-ed1321f551ca:c6978]
2019-06-14 09:09:53,093 INFO  client.GrpcClientProtocolClient (GrpcClientProtocolClient.java:onNext(254)) - client-C0E347E82FC5->e6065258-5a2c-4a72-9f81-ed1321f551ca: receive RaftClientReply:client-C0E347E82FC5->e6065258-5a2c-4a72-9f81-ed1321f551ca@group-13364FE26125, cid=4296, SUCCESS, logIndex=6977, commits[e6065258-5a2c-4a72-9f81-ed1321f551ca:c6978]
2019-06-14 09:09:53,110 INFO  client.GrpcClientProtocolClient (GrpcClientProtocolClient.java:onNext(254)) - client-C0E347E82FC5->e6065258-5a2c-4a72-9f81-ed1321f551ca: receive RaftClientReply:client-C0E347E82FC5->e6065258-5a2c-4a72-9f81-ed1321f551ca@group-13364FE26125, cid=4297, SUCCESS, logIndex=6979, commits[e6065258-5a2c-4a72-9f81-ed1321f551ca:c6979]
2019-06-14 09:09:53,113 INFO  client.GrpcClientProtocolClient (GrpcClientProtocolClient.java:onNext(254)) - client-C0E347E82FC5->e6065258-5a2c-4a72-9f81-ed1321f551ca: receive RaftClientReply:client-C0E347E82FC5->e6065258-5a2c-4a72-9f81-ed1321f551ca@group-13364FE26125, cid=4298, SUCCESS, logIndex=6981, commits[e6065258-5a2c-4a72-9f81-ed1321f551ca:c6981]
2019-06-14 09:09:53,114 INFO  client.GrpcClientProtocolClient (GrpcClientProtocolClient.java:onNext(254)) - client-C0E347E82FC5->e6065258-5a2c-4a72-9f81-ed1321f551ca: receive RaftClientReply:client-C0E347E82FC5->e6065258-5a2c-4a72-9f81-ed1321f551ca@group-13364FE26125, cid=4299, SUCCESS, logIndex=6982, commits[e6065258-5a2c-4a72-9f81-ed1321f551ca:c6983]
2019-06-14 09:09:53,115 INFO  client.GrpcClientProtocolClient (GrpcClientProtocolClient.java:onNext(254)) - client-C0E347E82FC5->e6065258-5a2c-4a72-9f81-ed1321f551ca: receive RaftClientReply:client-C0E347E82FC5->e6065258-5a2c-4a72-9f81-ed1321f551ca@group-13364FE26125, cid=4300, SUCCESS, logIndex=6983, commits[e6065258-5a2c-4a72-9f81-ed1321f551ca:c6983]
2019-06-14 09:09:53,128 INFO  client.GrpcClientProtocolClient (GrpcClientProtocolClient.java:onNext(254)) - client-C0E347E82FC5->e6065258-5a2c-4a72-9f81-ed1321f551ca: receive RaftClientReply:client-C0E347E82FC5->e6065258-5a2c-4a72-9f81-ed1321f551ca@group-13364FE26125, cid=4301, SUCCESS, logIndex=6986, commits[e6065258-5a2c-4a72-9f81-ed1321f551ca:c6986]
2019-06-14 09:09:53,131 INFO  client.GrpcClientProtocolClient (GrpcClientProtocolClient.java:onNext(254)) - client-C0E347E82FC5->e6065258-5a2c-4a72-9f81-ed1321f551ca: receive RaftClientReply:client-C0E347E82FC5->e6065258-5a2c-4a72-9f81-ed1321f551ca@group-13364FE26125, cid=4302, SUCCESS, logIndex=6988, commits[e6065258-5a2c-4a72-9f81-ed1321f551ca:c6990]
2019-06-14 09:09:53,132 INFO  client.GrpcClientProtocolClient (GrpcClientProtocolClient.java:onNext(254)) - client-C0E347E82FC5->e6065258-5a2c-4a72-9f81-ed1321f551ca: receive RaftClientReply:client-C0E347E82FC5->e6065258-5a2c-4a72-9f81-ed1321f551ca@group-13364FE26125, cid=4303, SUCCESS, logIndex=6989, commits[e6065258-5a2c-4a72-9f81-ed1321f551ca:c6991]
2019-06-14 09:09:53,132 INFO  client.GrpcClientProtocolClient (GrpcClientProtocolClient.java:onNext(254)) - client-C0E347E82FC5->e6065258-5a2c-4a72-9f81-ed1321f551ca: receive RaftClientReply:client-C0E347E82FC5->e6065258-5a2c-4a72-9f81-ed1321f551ca@group-13364FE26125, cid=4304, SUCCESS, logIndex=6990, commits[e6065258-5a2c-4a72-9f81-ed1321f551ca:c6991]
2019-06-14 09:09:53,145 INFO  client.GrpcClientProtocolClient (GrpcClientProtocolClient.java:onNext(254)) - client-C0E347E82FC5->e6065258-5a2c-4a72-9f81-ed1321f551ca: receive RaftClientReply:client-C0E347E82FC5->e6065258-5a2c-4a72-9f81-ed1321f551ca@group-13364FE26125, cid=4305, SUCCESS, logIndex=6993, commits[e6065258-5a2c-4a72-9f81-ed1321f551ca:c6993]
2019-06-14 09:09:53,146 INFO  client.GrpcClientProtocolClient (GrpcClientProtocolClient.java:onNext(254)) - client-C0E347E82FC5->e6065258-5a2c-4a72-9f81-ed1321f551ca: receive RaftClientReply:client-C0E347E82FC5->e6065258-5a2c-4a72-9f81-ed1321f551ca@group-13364FE26125, cid=4306, SUCCESS, logIndex=6995, commits[e6065258-5a2c-4a72-9f81-ed1321f551ca:c6995]
2019-06-14 09:09:53,147 INFO  client.GrpcClientProtocolClient (GrpcClientProtocolClient.java:onNext(254)) - client-C0E347E82FC5->e6065258-5a2c-4a72-9f81-ed1321f551ca: receive RaftClientReply:client-C0E347E82FC5->e6065258-5a2c-4a72-9f81-ed1321f551ca@group-13364FE26125, cid=4307, SUCCESS, logIndex=6996, commits[e6065258-5a2c-4a72-9f81-ed1321f551ca:c6998]
2019-06-14 09:09:53,149 INFO  client.GrpcClientProtocolClient (GrpcClientProtocolClient.java:onNext(254)) - client-C0E347E82FC5->e6065258-5a2c-4a72-9f81-ed1321f551ca: receive RaftClientReply:client-C0E347E82FC5->e6065258-5a2c-4a72-9f81-ed1321f551ca@group-13364FE26125, cid=4308, SUCCESS, logIndex=6997, commits[e6065258-5a2c-4a72-9f81-ed1321f551ca:c6998]
2019-06-14 09:09:53,152 INFO  storage.RaftLogWorker (RaftLogWorker.java:rollLogSegment(303)) - e6065258-5a2c-4a72-9f81-ed1321f551ca-RaftLogWorker: Rolling segment log-6925_6998 to index:6998
2019-06-14 09:09:53,153 INFO  storage.RaftLogWorker (RaftLogWorker.java:execute(433)) - e6065258-5a2c-4a72-9f81-ed1321f551ca-RaftLogWorker: Rolled log segment from /opt/src/hadoop-ozone/integration-test/target/test-dir/MiniOzoneClusterImpl-a56da109-a1cb-4168-8966-62306f2f2d23/datanode-0/data/ratis/920138aa-6f47-4d6d-b5cc-13364fe26125/current/log_inprogress_6925 to /opt/src/hadoop-ozone/integration-test/target/test-dir/MiniOzoneClusterImpl-a56da109-a1cb-4168-8966-62306f2f2d23/datanode-0/data/ratis/920138aa-6f47-4d6d-b5cc-13364fe26125/current/log_6925-6998
2019-06-14 09:09:53,164 DEBUG block.SCMBlockDeletingService (SCMBlockDeletingService.java:call(138)) - Running DeletedBlockTransactionScanner
2019-06-14 09:09:53,164 DEBUG block.SCMBlockDeletingService (SCMBlockDeletingService.java:call(155)) - Scanned deleted blocks log and got 0 delTX to process.
2019-06-14 09:09:53,192 INFO  storage.RaftLogWorker (RaftLogWorker.java:execute(469)) - e6065258-5a2c-4a72-9f81-ed1321f551ca-RaftLogWorker: created new log segment /opt/src/hadoop-ozone/integration-test/target/test-dir/MiniOzoneClusterImpl-a56da109-a1cb-4168-8966-62306f2f2d23/datanode-0/data/ratis/920138aa-6f47-4d6d-b5cc-13364fe26125/current/log_inprogress_6999
2019-06-14 09:09:53,194 INFO  client.GrpcClientProtocolClient (GrpcClientProtocolClient.java:onNext(254)) - client-C0E347E82FC5->e6065258-5a2c-4a72-9f81-ed1321f551ca: receive RaftClientReply:client-C0E347E82FC5->e6065258-5a2c-4a72-9f81-ed1321f551ca@group-13364FE26125, cid=4309, SUCCESS, logIndex=6999, commits[e6065258-5a2c-4a72-9f81-ed1321f551ca:c6999]
2019-06-14 09:09:53,197 INFO  client.GrpcClientProtocolClient (GrpcClientProtocolClient.java:onNext(254)) - client-C0E347E82FC5->e6065258-5a2c-4a72-9f81-ed1321f551ca: receive RaftClientReply:client-C0E347E82FC5->e6065258-5a2c-4a72-9f81-ed1321f551ca@group-13364FE26125, cid=4310, SUCCESS, logIndex=7001, commits[e6065258-5a2c-4a72-9f81-ed1321f551ca:c7003]
2019-06-14 09:09:53,197 INFO  client.GrpcClientProtocolClient (GrpcClientProtocolClient.java:onNext(254)) - client-C0E347E82FC5->e6065258-5a2c-4a72-9f81-ed1321f551ca: receive RaftClientReply:client-C0E347E82FC5->e6065258-5a2c-4a72-9f81-ed1321f551ca@group-13364FE26125, cid=4311, SUCCESS, logIndex=7002, commits[e6065258-5a2c-4a72-9f81-ed1321f551ca:c7003]
2019-06-14 09:09:53,197 INFO  client.GrpcClientProtocolClient (GrpcClientProtocolClient.java:onNext(254)) - client-C0E347E82FC5->e6065258-5a2c-4a72-9f81-ed1321f551ca: receive RaftClientReply:client-C0E347E82FC5->e6065258-5a2c-4a72-9f81-ed1321f551ca@group-13364FE26125, cid=4312, SUCCESS, logIndex=7003, commits[e6065258-5a2c-4a72-9f81-ed1321f551ca:c7003]
2019-06-14 09:09:53,212 INFO  client.GrpcClientProtocolClient (GrpcClientProtocolClient.java:onNext(254)) - client-C0E347E82FC5->e6065258-5a2c-4a72-9f81-ed1321f551ca: receive RaftClientReply:client-C0E347E82FC5->e6065258-5a2c-4a72-9f81-ed1321f551ca@group-13364FE26125, cid=4313, SUCCESS, logIndex=7005, commits[e6065258-5a2c-4a72-9f81-ed1321f551ca:c7005]
2019-06-14 09:09:53,262 INFO  client.GrpcClientProtocolClient (GrpcClientProtocolClient.java:onNext(254)) - client-C0E347E82FC5->e6065258-5a2c-4a72-9f81-ed1321f551ca: receive RaftClientReply:client-C0E347E82FC5->e6065258-5a2c-4a72-9f81-ed1321f551ca@group-13364FE26125, cid=4314, SUCCESS, logIndex=7007, commits[e6065258-5a2c-4a72-9f81-ed1321f551ca:c7007]
2019-06-14 09:09:53,265 DEBUG block.SCMBlockDeletingService (SCMBlockDeletingService.java:call(138)) - Running DeletedBlockTransactionScanner
2019-06-14 09:09:53,265 DEBUG block.SCMBlockDeletingService (SCMBlockDeletingService.java:call(155)) - Scanned deleted blocks log and got 0 delTX to process.
2019-06-14 09:09:53,268 INFO  client.GrpcClientProtocolClient (GrpcClientProtocolClient.java:onNext(254)) - client-C0E347E82FC5->e6065258-5a2c-4a72-9f81-ed1321f551ca: receive RaftClientReply:client-C0E347E82FC5->e6065258-5a2c-4a72-9f81-ed1321f551ca@group-13364FE26125, cid=4315, SUCCESS, logIndex=7009, commits[e6065258-5a2c-4a72-9f81-ed1321f551ca:c7010]
2019-06-14 09:09:53,269 INFO  client.GrpcClientProtocolClient (GrpcClientProtocolClient.java:onNext(254)) - client-C0E347E82FC5->e6065258-5a2c-4a72-9f81-ed1321f551ca: receive RaftClientReply:client-C0E347E82FC5->e6065258-5a2c-4a72-9f81-ed1321f551ca@group-13364FE26125, cid=4316, SUCCESS, logIndex=7010, commits[e6065258-5a2c-4a72-9f81-ed1321f551ca:c7010]
2019-06-14 09:09:53,278 INFO  client.GrpcClientProtocolClient (GrpcClientProtocolClient.java:onNext(254)) - client-C0E347E82FC5->e6065258-5a2c-4a72-9f81-ed1321f551ca: receive RaftClientReply:client-C0E347E82FC5->e6065258-5a2c-4a72-9f81-ed1321f551ca@group-13364FE26125, cid=4317, SUCCESS, logIndex=7012, commits[e6065258-5a2c-4a72-9f81-ed1321f551ca:c7013]
2019-06-14 09:09:53,286 INFO  client.GrpcClientProtocolClient (GrpcClientProtocolClient.java:onNext(254)) - client-C0E347E82FC5->e6065258-5a2c-4a72-9f81-ed1321f551ca: receive RaftClientReply:client-C0E347E82FC5->e6065258-5a2c-4a72-9f81-ed1321f551ca@group-13364FE26125, cid=4318, SUCCESS, logIndex=7014, commits[e6065258-5a2c-4a72-9f81-ed1321f551ca:c7017]
2019-06-14 09:09:53,289 INFO  client.GrpcClientProtocolClient (GrpcClientProtocolClient.java:onNext(254)) - client-C0E347E82FC5->e6065258-5a2c-4a72-9f81-ed1321f551ca: receive RaftClientReply:client-C0E347E82FC5->e6065258-5a2c-4a72-9f81-ed1321f551ca@group-13364FE26125, cid=4319, SUCCESS, logIndex=7015, commits[e6065258-5a2c-4a72-9f81-ed1321f551ca:c7017]
2019-06-14 09:09:53,293 INFO  client.GrpcClientProtocolClient (GrpcClientProtocolClient.java:onNext(254)) - client-C0E347E82FC5->e6065258-5a2c-4a72-9f81-ed1321f551ca: receive RaftClientReply:client-C0E347E82FC5->e6065258-5a2c-4a72-9f81-ed1321f551ca@group-13364FE26125, cid=4320, SUCCESS, logIndex=7016, commits[e6065258-5a2c-4a72-9f81-ed1321f551ca:c7017]
2019-06-14 09:09:53,317 INFO  client.GrpcClientProtocolClient (GrpcClientProtocolClient.java:onNext(254)) - client-C0E347E82FC5->e6065258-5a2c-4a72-9f81-ed1321f551ca: receive RaftClientReply:client-C0E347E82FC5->e6065258-5a2c-4a72-9f81-ed1321f551ca@group-13364FE26125, cid=4321, SUCCESS, logIndex=7018, commits[e6065258-5a2c-4a72-9f81-ed1321f551ca:c7018]
2019-06-14 09:09:53,353 INFO  client.GrpcClientProtocolClient (GrpcClientProtocolClient.java:onNext(254)) - client-C0E347E82FC5->e6065258-5a2c-4a72-9f81-ed1321f551ca: receive RaftClientReply:client-C0E347E82FC5->e6065258-5a2c-4a72-9f81-ed1321f551ca@group-13364FE26125, cid=4322, SUCCESS, logIndex=7020, commits[e6065258-5a2c-4a72-9f81-ed1321f551ca:c7022]
2019-06-14 09:09:53,353 INFO  client.GrpcClientProtocolClient (GrpcClientProtocolClient.java:onNext(254)) - client-C0E347E82FC5->e6065258-5a2c-4a72-9f81-ed1321f551ca: receive RaftClientReply:client-C0E347E82FC5->e6065258-5a2c-4a72-9f81-ed1321f551ca@group-13364FE26125, cid=4323, SUCCESS, logIndex=7021, commits[e6065258-5a2c-4a72-9f81-ed1321f551ca:c7022]
2019-06-14 09:09:53,353 INFO  client.GrpcClientProtocolClient (GrpcClientProtocolClient.java:onNext(254)) - client-C0E347E82FC5->e6065258-5a2c-4a72-9f81-ed1321f551ca: receive RaftClientReply:client-C0E347E82FC5->e6065258-5a2c-4a72-9f81-ed1321f551ca@group-13364FE26125, cid=4324, SUCCESS, logIndex=7022, commits[e6065258-5a2c-4a72-9f81-ed1321f551ca:c7022]
2019-06-14 09:09:53,366 DEBUG block.SCMBlockDeletingService (SCMBlockDeletingService.java:call(138)) - Running DeletedBlockTransactionScanner
2019-06-14 09:09:53,367 DEBUG block.SCMBlockDeletingService (SCMBlockDeletingService.java:call(155)) - Scanned deleted blocks log and got 0 delTX to process.
2019-06-14 09:09:53,367 INFO  client.GrpcClientProtocolClient (GrpcClientProtocolClient.java:onNext(254)) - client-C0E347E82FC5->e6065258-5a2c-4a72-9f81-ed1321f551ca: receive RaftClientReply:client-C0E347E82FC5->e6065258-5a2c-4a72-9f81-ed1321f551ca@group-13364FE26125, cid=4325, SUCCESS, logIndex=7024, commits[e6065258-5a2c-4a72-9f81-ed1321f551ca:c7024]
2019-06-14 09:09:53,380 INFO  client.GrpcClientProtocolClient (GrpcClientProtocolClient.java:onNext(254)) - client-C0E347E82FC5->e6065258-5a2c-4a72-9f81-ed1321f551ca: receive RaftClientReply:client-C0E347E82FC5->e6065258-5a2c-4a72-9f81-ed1321f551ca@group-13364FE26125, cid=4326, SUCCESS, logIndex=7026, commits[e6065258-5a2c-4a72-9f81-ed1321f551ca:c7028]
2019-06-14 09:09:53,381 INFO  client.GrpcClientProtocolClient (GrpcClientProtocolClient.java:onNext(254)) - client-C0E347E82FC5->e6065258-5a2c-4a72-9f81-ed1321f551ca: receive RaftClientReply:client-C0E347E82FC5->e6065258-5a2c-4a72-9f81-ed1321f551ca@group-13364FE26125, cid=4327, SUCCESS, logIndex=7027, commits[e6065258-5a2c-4a72-9f81-ed1321f551ca:c7028]
2019-06-14 09:09:53,381 INFO  client.GrpcClientProtocolClient (GrpcClientProtocolClient.java:onNext(254)) - client-C0E347E82FC5->e6065258-5a2c-4a72-9f81-ed1321f551ca: receive RaftClientReply:client-C0E347E82FC5->e6065258-5a2c-4a72-9f81-ed1321f551ca@group-13364FE26125, cid=4328, SUCCESS, logIndex=7028, commits[e6065258-5a2c-4a72-9f81-ed1321f551ca:c7028]
2019-06-14 09:09:53,413 INFO  client.GrpcClientProtocolClient (GrpcClientProtocolClient.java:onNext(254)) - client-C0E347E82FC5->e6065258-5a2c-4a72-9f81-ed1321f551ca: receive RaftClientReply:client-C0E347E82FC5->e6065258-5a2c-4a72-9f81-ed1321f551ca@group-13364FE26125, cid=4329, SUCCESS, logIndex=7030, commits[e6065258-5a2c-4a72-9f81-ed1321f551ca:c7030]
2019-06-14 09:09:53,414 INFO  client.GrpcClientProtocolClient (GrpcClientProtocolClient.java:onNext(254)) - client-C0E347E82FC5->e6065258-5a2c-4a72-9f81-ed1321f551ca: receive RaftClientReply:client-C0E347E82FC5->e6065258-5a2c-4a72-9f81-ed1321f551ca@group-13364FE26125, cid=4330, SUCCESS, logIndex=7032, commits[e6065258-5a2c-4a72-9f81-ed1321f551ca:c7032]
2019-06-14 09:09:53,466 INFO  client.GrpcClientProtocolClient (GrpcClientProtocolClient.java:onNext(254)) - client-C0E347E82FC5->e6065258-5a2c-4a72-9f81-ed1321f551ca: receive RaftClientReply:client-C0E347E82FC5->e6065258-5a2c-4a72-9f81-ed1321f551ca@group-13364FE26125, cid=4331, SUCCESS, logIndex=7034, commits[e6065258-5a2c-4a72-9f81-ed1321f551ca:c7034]
2019-06-14 09:09:53,467 DEBUG block.SCMBlockDeletingService (SCMBlockDeletingService.java:call(138)) - Running DeletedBlockTransactionScanner
2019-06-14 09:09:53,467 DEBUG block.SCMBlockDeletingService (SCMBlockDeletingService.java:call(155)) - Scanned deleted blocks log and got 0 delTX to process.
2019-06-14 09:09:53,467 INFO  client.GrpcClientProtocolClient (GrpcClientProtocolClient.java:onNext(254)) - client-C0E347E82FC5->e6065258-5a2c-4a72-9f81-ed1321f551ca: receive RaftClientReply:client-C0E347E82FC5->e6065258-5a2c-4a72-9f81-ed1321f551ca@group-13364FE26125, cid=4332, SUCCESS, logIndex=7036, commits[e6065258-5a2c-4a72-9f81-ed1321f551ca:c7036]
2019-06-14 09:09:53,472 INFO  client.GrpcClientProtocolClient (GrpcClientProtocolClient.java:onNext(254)) - client-C0E347E82FC5->e6065258-5a2c-4a72-9f81-ed1321f551ca: receive RaftClientReply:client-C0E347E82FC5->e6065258-5a2c-4a72-9f81-ed1321f551ca@group-13364FE26125, cid=4333, SUCCESS, logIndex=7038, commits[e6065258-5a2c-4a72-9f81-ed1321f551ca:c7038]
2019-06-14 09:09:53,474 INFO  client.GrpcClientProtocolClient (GrpcClientProtocolClient.java:onNext(254)) - client-C0E347E82FC5->e6065258-5a2c-4a72-9f81-ed1321f551ca: receive RaftClientReply:client-C0E347E82FC5->e6065258-5a2c-4a72-9f81-ed1321f551ca@group-13364FE26125, cid=4334, SUCCESS, logIndex=7040, commits[e6065258-5a2c-4a72-9f81-ed1321f551ca:c7040]
2019-06-14 09:09:53,474 INFO  client.GrpcClientProtocolClient (GrpcClientProtocolClient.java:onNext(254)) - client-C0E347E82FC5->e6065258-5a2c-4a72-9f81-ed1321f551ca: receive RaftClientReply:client-C0E347E82FC5->e6065258-5a2c-4a72-9f81-ed1321f551ca@group-13364FE26125, cid=4335, SUCCESS, logIndex=7041, commits[e6065258-5a2c-4a72-9f81-ed1321f551ca:c7043]
2019-06-14 09:09:53,477 INFO  client.GrpcClientProtocolClient (GrpcClientProtocolClient.java:onNext(254)) - client-C0E347E82FC5->e6065258-5a2c-4a72-9f81-ed1321f551ca: receive RaftClientReply:client-C0E347E82FC5->e6065258-5a2c-4a72-9f81-ed1321f551ca@group-13364FE26125, cid=4336, SUCCESS, logIndex=7042, commits[e6065258-5a2c-4a72-9f81-ed1321f551ca:c7043]
2019-06-14 09:09:53,488 INFO  client.GrpcClientProtocolClient (GrpcClientProtocolClient.java:onNext(254)) - client-C0E347E82FC5->e6065258-5a2c-4a72-9f81-ed1321f551ca: receive RaftClientReply:client-C0E347E82FC5->e6065258-5a2c-4a72-9f81-ed1321f551ca@group-13364FE26125, cid=4337, SUCCESS, logIndex=7044, commits[e6065258-5a2c-4a72-9f81-ed1321f551ca:c7044]
2019-06-14 09:09:53,489 INFO  client.GrpcClientProtocolClient (GrpcClientProtocolClient.java:onNext(254)) - client-C0E347E82FC5->e6065258-5a2c-4a72-9f81-ed1321f551ca: receive RaftClientReply:client-C0E347E82FC5->e6065258-5a2c-4a72-9f81-ed1321f551ca@group-13364FE26125, cid=4338, SUCCESS, logIndex=7046, commits[e6065258-5a2c-4a72-9f81-ed1321f551ca:c7046]
2019-06-14 09:09:53,490 INFO  client.GrpcClientProtocolClient (GrpcClientProtocolClient.java:onNext(254)) - client-C0E347E82FC5->e6065258-5a2c-4a72-9f81-ed1321f551ca: receive RaftClientReply:client-C0E347E82FC5->e6065258-5a2c-4a72-9f81-ed1321f551ca@group-13364FE26125, cid=4339, SUCCESS, logIndex=7047, commits[e6065258-5a2c-4a72-9f81-ed1321f551ca:c7049]
2019-06-14 09:09:53,490 INFO  client.GrpcClientProtocolClient (GrpcClientProtocolClient.java:onNext(254)) - client-C0E347E82FC5->e6065258-5a2c-4a72-9f81-ed1321f551ca: receive RaftClientReply:client-C0E347E82FC5->e6065258-5a2c-4a72-9f81-ed1321f551ca@group-13364FE26125, cid=4340, SUCCESS, logIndex=7048, commits[e6065258-5a2c-4a72-9f81-ed1321f551ca:c7049]
2019-06-14 09:09:53,495 INFO  client.GrpcClientProtocolClient (GrpcClientProtocolClient.java:onNext(254)) - client-C0E347E82FC5->e6065258-5a2c-4a72-9f81-ed1321f551ca: receive RaftClientReply:client-C0E347E82FC5->e6065258-5a2c-4a72-9f81-ed1321f551ca@group-13364FE26125, cid=4341, SUCCESS, logIndex=7050, commits[e6065258-5a2c-4a72-9f81-ed1321f551ca:c7050]
2019-06-14 09:09:53,497 INFO  client.GrpcClientProtocolClient (GrpcClientProtocolClient.java:onNext(254)) - client-C0E347E82FC5->e6065258-5a2c-4a72-9f81-ed1321f551ca: receive RaftClientReply:client-C0E347E82FC5->e6065258-5a2c-4a72-9f81-ed1321f551ca@group-13364FE26125, cid=4342, SUCCESS, logIndex=7052, commits[e6065258-5a2c-4a72-9f81-ed1321f551ca:c7053]
2019-06-14 09:09:53,498 INFO  client.GrpcClientProtocolClient (GrpcClientProtocolClient.java:onNext(254)) - client-C0E347E82FC5->e6065258-5a2c-4a72-9f81-ed1321f551ca: receive RaftClientReply:client-C0E347E82FC5->e6065258-5a2c-4a72-9f81-ed1321f551ca@group-13364FE26125, cid=4343, SUCCESS, logIndex=7053, commits[e6065258-5a2c-4a72-9f81-ed1321f551ca:c7053]
2019-06-14 09:09:53,499 INFO  client.GrpcClientProtocolClient (GrpcClientProtocolClient.java:onNext(254)) - client-C0E347E82FC5->e6065258-5a2c-4a72-9f81-ed1321f551ca: receive RaftClientReply:client-C0E347E82FC5->e6065258-5a2c-4a72-9f81-ed1321f551ca@group-13364FE26125, cid=4344, SUCCESS, logIndex=7055, commits[e6065258-5a2c-4a72-9f81-ed1321f551ca:c7055]
2019-06-14 09:09:53,510 INFO  client.GrpcClientProtocolClient (GrpcClientProtocolClient.java:onNext(254)) - client-C0E347E82FC5->e6065258-5a2c-4a72-9f81-ed1321f551ca: receive RaftClientReply:client-C0E347E82FC5->e6065258-5a2c-4a72-9f81-ed1321f551ca@group-13364FE26125, cid=4345, SUCCESS, logIndex=7057, commits[e6065258-5a2c-4a72-9f81-ed1321f551ca:c7057]
2019-06-14 09:09:53,511 INFO  client.GrpcClientProtocolClient (GrpcClientProtocolClient.java:onNext(254)) - client-C0E347E82FC5->e6065258-5a2c-4a72-9f81-ed1321f551ca: receive RaftClientReply:client-C0E347E82FC5->e6065258-5a2c-4a72-9f81-ed1321f551ca@group-13364FE26125, cid=4346, SUCCESS, logIndex=7059, commits[e6065258-5a2c-4a72-9f81-ed1321f551ca:c7059]
2019-06-14 09:09:53,512 INFO  client.GrpcClientProtocolClient (GrpcClientProtocolClient.java:onNext(254)) - client-C0E347E82FC5->e6065258-5a2c-4a72-9f81-ed1321f551ca: receive RaftClientReply:client-C0E347E82FC5->e6065258-5a2c-4a72-9f81-ed1321f551ca@group-13364FE26125, cid=4347, SUCCESS, logIndex=7060, commits[e6065258-5a2c-4a72-9f81-ed1321f551ca:c7062]
2019-06-14 09:09:53,512 INFO  client.GrpcClientProtocolClient (GrpcClientProtocolClient.java:onNext(254)) - client-C0E347E82FC5->e6065258-5a2c-4a72-9f81-ed1321f551ca: receive RaftClientReply:client-C0E347E82FC5->e6065258-5a2c-4a72-9f81-ed1321f551ca@group-13364FE26125, cid=4348, SUCCESS, logIndex=7061, commits[e6065258-5a2c-4a72-9f81-ed1321f551ca:c7062]
2019-06-14 09:09:53,516 INFO  client.GrpcClientProtocolClient (GrpcClientProtocolClient.java:onNext(254)) - client-C0E347E82FC5->e6065258-5a2c-4a72-9f81-ed1321f551ca: receive RaftClientReply:client-C0E347E82FC5->e6065258-5a2c-4a72-9f81-ed1321f551ca@group-13364FE26125, cid=4349, SUCCESS, logIndex=7063, commits[e6065258-5a2c-4a72-9f81-ed1321f551ca:c7063]
2019-06-14 09:09:53,517 INFO  storage.RaftLogWorker (RaftLogWorker.java:rollLogSegment(303)) - e6065258-5a2c-4a72-9f81-ed1321f551ca-RaftLogWorker: Rolling segment log-6999_7066 to index:7066
2019-06-14 09:09:53,518 INFO  storage.RaftLogWorker (RaftLogWorker.java:execute(433)) - e6065258-5a2c-4a72-9f81-ed1321f551ca-RaftLogWorker: Rolled log segment from /opt/src/hadoop-ozone/integration-test/target/test-dir/MiniOzoneClusterImpl-a56da109-a1cb-4168-8966-62306f2f2d23/datanode-0/data/ratis/920138aa-6f47-4d6d-b5cc-13364fe26125/current/log_inprogress_6999 to /opt/src/hadoop-ozone/integration-test/target/test-dir/MiniOzoneClusterImpl-a56da109-a1cb-4168-8966-62306f2f2d23/datanode-0/data/ratis/920138aa-6f47-4d6d-b5cc-13364fe26125/current/log_6999-7066
2019-06-14 09:09:53,519 INFO  client.GrpcClientProtocolClient (GrpcClientProtocolClient.java:onNext(254)) - client-C0E347E82FC5->e6065258-5a2c-4a72-9f81-ed1321f551ca: receive RaftClientReply:client-C0E347E82FC5->e6065258-5a2c-4a72-9f81-ed1321f551ca@group-13364FE26125, cid=4350, SUCCESS, logIndex=7065, commits[e6065258-5a2c-4a72-9f81-ed1321f551ca:c7066]
2019-06-14 09:09:53,523 INFO  client.GrpcClientProtocolClient (GrpcClientProtocolClient.java:onNext(254)) - client-C0E347E82FC5->e6065258-5a2c-4a72-9f81-ed1321f551ca: receive RaftClientReply:client-C0E347E82FC5->e6065258-5a2c-4a72-9f81-ed1321f551ca@group-13364FE26125, cid=4351, SUCCESS, logIndex=7066, commits[e6065258-5a2c-4a72-9f81-ed1321f551ca:c7066]
2019-06-14 09:09:53,562 INFO  storage.RaftLogWorker (RaftLogWorker.java:execute(469)) - e6065258-5a2c-4a72-9f81-ed1321f551ca-RaftLogWorker: created new log segment /opt/src/hadoop-ozone/integration-test/target/test-dir/MiniOzoneClusterImpl-a56da109-a1cb-4168-8966-62306f2f2d23/datanode-0/data/ratis/920138aa-6f47-4d6d-b5cc-13364fe26125/current/log_inprogress_7067
2019-06-14 09:09:53,563 INFO  client.GrpcClientProtocolClient (GrpcClientProtocolClient.java:onNext(254)) - client-C0E347E82FC5->e6065258-5a2c-4a72-9f81-ed1321f551ca: receive RaftClientReply:client-C0E347E82FC5->e6065258-5a2c-4a72-9f81-ed1321f551ca@group-13364FE26125, cid=4352, SUCCESS, logIndex=7067, commits[e6065258-5a2c-4a72-9f81-ed1321f551ca:c7068]
2019-06-14 09:09:53,567 DEBUG block.SCMBlockDeletingService (SCMBlockDeletingService.java:call(138)) - Running DeletedBlockTransactionScanner
2019-06-14 09:09:53,567 DEBUG block.SCMBlockDeletingService (SCMBlockDeletingService.java:call(155)) - Scanned deleted blocks log and got 0 delTX to process.
2019-06-14 09:09:53,574 INFO  client.GrpcClientProtocolClient (GrpcClientProtocolClient.java:onNext(254)) - client-C0E347E82FC5->e6065258-5a2c-4a72-9f81-ed1321f551ca: receive RaftClientReply:client-C0E347E82FC5->e6065258-5a2c-4a72-9f81-ed1321f551ca@group-13364FE26125, cid=4353, SUCCESS, logIndex=7069, commits[e6065258-5a2c-4a72-9f81-ed1321f551ca:c7069]
2019-06-14 09:09:53,575 INFO  client.GrpcClientProtocolClient (GrpcClientProtocolClient.java:onNext(254)) - client-C0E347E82FC5->e6065258-5a2c-4a72-9f81-ed1321f551ca: receive RaftClientReply:client-C0E347E82FC5->e6065258-5a2c-4a72-9f81-ed1321f551ca@group-13364FE26125, cid=4354, SUCCESS, logIndex=7071, commits[e6065258-5a2c-4a72-9f81-ed1321f551ca:c7071]
2019-06-14 09:09:53,576 INFO  client.GrpcClientProtocolClient (GrpcClientProtocolClient.java:onNext(254)) - client-C0E347E82FC5->e6065258-5a2c-4a72-9f81-ed1321f551ca: receive RaftClientReply:client-C0E347E82FC5->e6065258-5a2c-4a72-9f81-ed1321f551ca@group-13364FE26125, cid=4355, SUCCESS, logIndex=7072, commits[e6065258-5a2c-4a72-9f81-ed1321f551ca:c7074]
2019-06-14 09:09:53,576 INFO  client.GrpcClientProtocolClient (GrpcClientProtocolClient.java:onNext(254)) - client-C0E347E82FC5->e6065258-5a2c-4a72-9f81-ed1321f551ca: receive RaftClientReply:client-C0E347E82FC5->e6065258-5a2c-4a72-9f81-ed1321f551ca@group-13364FE26125, cid=4356, SUCCESS, logIndex=7073, commits[e6065258-5a2c-4a72-9f81-ed1321f551ca:c7074]
2019-06-14 09:09:53,581 INFO  client.GrpcClientProtocolClient (GrpcClientProtocolClient.java:onNext(254)) - client-C0E347E82FC5->e6065258-5a2c-4a72-9f81-ed1321f551ca: receive RaftClientReply:client-C0E347E82FC5->e6065258-5a2c-4a72-9f81-ed1321f551ca@group-13364FE26125, cid=4357, SUCCESS, logIndex=7075, commits[e6065258-5a2c-4a72-9f81-ed1321f551ca:c7075]
2019-06-14 09:09:53,582 INFO  client.GrpcClientProtocolClient (GrpcClientProtocolClient.java:onNext(254)) - client-C0E347E82FC5->e6065258-5a2c-4a72-9f81-ed1321f551ca: receive RaftClientReply:client-C0E347E82FC5->e6065258-5a2c-4a72-9f81-ed1321f551ca@group-13364FE26125, cid=4358, SUCCESS, logIndex=7077, commits[e6065258-5a2c-4a72-9f81-ed1321f551ca:c7077]
2019-06-14 09:09:53,583 INFO  client.GrpcClientProtocolClient (GrpcClientProtocolClient.java:onNext(254)) - client-C0E347E82FC5->e6065258-5a2c-4a72-9f81-ed1321f551ca: receive RaftClientReply:client-C0E347E82FC5->e6065258-5a2c-4a72-9f81-ed1321f551ca@group-13364FE26125, cid=4359, SUCCESS, logIndex=7078, commits[e6065258-5a2c-4a72-9f81-ed1321f551ca:c7080]
2019-06-14 09:09:53,583 INFO  client.GrpcClientProtocolClient (GrpcClientProtocolClient.java:onNext(254)) - client-C0E347E82FC5->e6065258-5a2c-4a72-9f81-ed1321f551ca: receive RaftClientReply:client-C0E347E82FC5->e6065258-5a2c-4a72-9f81-ed1321f551ca@group-13364FE26125, cid=4360, SUCCESS, logIndex=7079, commits[e6065258-5a2c-4a72-9f81-ed1321f551ca:c7080]
2019-06-14 09:09:53,595 INFO  client.GrpcClientProtocolClient (GrpcClientProtocolClient.java:onNext(254)) - client-C0E347E82FC5->e6065258-5a2c-4a72-9f81-ed1321f551ca: receive RaftClientReply:client-C0E347E82FC5->e6065258-5a2c-4a72-9f81-ed1321f551ca@group-13364FE26125, cid=4361, SUCCESS, logIndex=7081, commits[e6065258-5a2c-4a72-9f81-ed1321f551ca:c7081]
2019-06-14 09:09:53,597 INFO  client.GrpcClientProtocolClient (GrpcClientProtocolClient.java:onNext(254)) - client-C0E347E82FC5->e6065258-5a2c-4a72-9f81-ed1321f551ca: receive RaftClientReply:client-C0E347E82FC5->e6065258-5a2c-4a72-9f81-ed1321f551ca@group-13364FE26125, cid=4362, SUCCESS, logIndex=7083, commits[e6065258-5a2c-4a72-9f81-ed1321f551ca:c7083]
2019-06-14 09:09:53,597 INFO  client.GrpcClientProtocolClient (GrpcClientProtocolClient.java:onNext(254)) - client-C0E347E82FC5->e6065258-5a2c-4a72-9f81-ed1321f551ca: receive RaftClientReply:client-C0E347E82FC5->e6065258-5a2c-4a72-9f81-ed1321f551ca@group-13364FE26125, cid=4363, SUCCESS, logIndex=7084, commits[e6065258-5a2c-4a72-9f81-ed1321f551ca:c7084]
2019-06-14 09:09:53,598 INFO  client.GrpcClientProtocolClient (GrpcClientProtocolClient.java:onNext(254)) - client-C0E347E82FC5->e6065258-5a2c-4a72-9f81-ed1321f551ca: receive RaftClientReply:client-C0E347E82FC5->e6065258-5a2c-4a72-9f81-ed1321f551ca@group-13364FE26125, cid=4364, SUCCESS, logIndex=7087, commits[e6065258-5a2c-4a72-9f81-ed1321f551ca:c7087]
2019-06-14 09:09:53,603 INFO  client.GrpcClientProtocolClient (GrpcClientProtocolClient.java:onNext(254)) - client-C0E347E82FC5->e6065258-5a2c-4a72-9f81-ed1321f551ca: receive RaftClientReply:client-C0E347E82FC5->e6065258-5a2c-4a72-9f81-ed1321f551ca@group-13364FE26125, cid=4365, SUCCESS, logIndex=7089, commits[e6065258-5a2c-4a72-9f81-ed1321f551ca:c7089]
2019-06-14 09:09:53,605 INFO  client.GrpcClientProtocolClient (GrpcClientProtocolClient.java:onNext(254)) - client-C0E347E82FC5->e6065258-5a2c-4a72-9f81-ed1321f551ca: receive RaftClientReply:client-C0E347E82FC5->e6065258-5a2c-4a72-9f81-ed1321f551ca@group-13364FE26125, cid=4366, SUCCESS, logIndex=7091, commits[e6065258-5a2c-4a72-9f81-ed1321f551ca:c7091]
2019-06-14 09:09:53,606 INFO  client.GrpcClientProtocolClient (GrpcClientProtocolClient.java:onNext(254)) - client-C0E347E82FC5->e6065258-5a2c-4a72-9f81-ed1321f551ca: receive RaftClientReply:client-C0E347E82FC5->e6065258-5a2c-4a72-9f81-ed1321f551ca@group-13364FE26125, cid=4367, SUCCESS, logIndex=7092, commits[e6065258-5a2c-4a72-9f81-ed1321f551ca:c7092]
2019-06-14 09:09:53,606 INFO  client.GrpcClientProtocolClient (GrpcClientProtocolClient.java:onNext(254)) - client-C0E347E82FC5->e6065258-5a2c-4a72-9f81-ed1321f551ca: receive RaftClientReply:client-C0E347E82FC5->e6065258-5a2c-4a72-9f81-ed1321f551ca@group-13364FE26125, cid=4368, SUCCESS, logIndex=7094, commits[e6065258-5a2c-4a72-9f81-ed1321f551ca:c7094]
2019-06-14 09:09:53,617 INFO  client.GrpcClientProtocolClient (GrpcClientProtocolClient.java:onNext(254)) - client-C0E347E82FC5->e6065258-5a2c-4a72-9f81-ed1321f551ca: receive RaftClientReply:client-C0E347E82FC5->e6065258-5a2c-4a72-9f81-ed1321f551ca@group-13364FE26125, cid=4369, SUCCESS, logIndex=7097, commits[e6065258-5a2c-4a72-9f81-ed1321f551ca:c7097]
2019-06-14 09:09:53,619 INFO  client.GrpcClientProtocolClient (GrpcClientProtocolClient.java:onNext(254)) - client-C0E347E82FC5->e6065258-5a2c-4a72-9f81-ed1321f551ca: receive RaftClientReply:client-C0E347E82FC5->e6065258-5a2c-4a72-9f81-ed1321f551ca@group-13364FE26125, cid=4370, SUCCESS, logIndex=7099, commits[e6065258-5a2c-4a72-9f81-ed1321f551ca:c7099]
2019-06-14 09:09:53,620 INFO  client.GrpcClientProtocolClient (GrpcClientProtocolClient.java:onNext(254)) - client-C0E347E82FC5->e6065258-5a2c-4a72-9f81-ed1321f551ca: receive RaftClientReply:client-C0E347E82FC5->e6065258-5a2c-4a72-9f81-ed1321f551ca@group-13364FE26125, cid=4371, SUCCESS, logIndex=7100, commits[e6065258-5a2c-4a72-9f81-ed1321f551ca:c7100]
2019-06-14 09:09:53,620 INFO  client.GrpcClientProtocolClient (GrpcClientProtocolClient.java:onNext(254)) - client-C0E347E82FC5->e6065258-5a2c-4a72-9f81-ed1321f551ca: receive RaftClientReply:client-C0E347E82FC5->e6065258-5a2c-4a72-9f81-ed1321f551ca@group-13364FE26125, cid=4372, SUCCESS, logIndex=7102, commits[e6065258-5a2c-4a72-9f81-ed1321f551ca:c7102]
2019-06-14 09:09:53,625 INFO  client.GrpcClientProtocolClient (GrpcClientProtocolClient.java:onNext(254)) - client-C0E347E82FC5->e6065258-5a2c-4a72-9f81-ed1321f551ca: receive RaftClientReply:client-C0E347E82FC5->e6065258-5a2c-4a72-9f81-ed1321f551ca@group-13364FE26125, cid=4373, SUCCESS, logIndex=7105, commits[e6065258-5a2c-4a72-9f81-ed1321f551ca:c7105]
2019-06-14 09:09:53,627 INFO  client.GrpcClientProtocolClient (GrpcClientProtocolClient.java:onNext(254)) - client-C0E347E82FC5->e6065258-5a2c-4a72-9f81-ed1321f551ca: receive RaftClientReply:client-C0E347E82FC5->e6065258-5a2c-4a72-9f81-ed1321f551ca@group-13364FE26125, cid=4374, SUCCESS, logIndex=7107, commits[e6065258-5a2c-4a72-9f81-ed1321f551ca:c7107]
2019-06-14 09:09:53,667 DEBUG block.SCMBlockDeletingService (SCMBlockDeletingService.java:call(138)) - Running DeletedBlockTransactionScanner
2019-06-14 09:09:53,668 DEBUG block.SCMBlockDeletingService (SCMBlockDeletingService.java:call(155)) - Scanned deleted blocks log and got 0 delTX to process.
2019-06-14 09:09:53,692 INFO  client.GrpcClientProtocolClient (GrpcClientProtocolClient.java:onNext(254)) - client-C0E347E82FC5->e6065258-5a2c-4a72-9f81-ed1321f551ca: receive RaftClientReply:client-C0E347E82FC5->e6065258-5a2c-4a72-9f81-ed1321f551ca@group-13364FE26125, cid=4375, SUCCESS, logIndex=7109, commits[e6065258-5a2c-4a72-9f81-ed1321f551ca:c7109]
2019-06-14 09:09:53,694 INFO  client.GrpcClientProtocolClient (GrpcClientProtocolClient.java:onNext(254)) - client-C0E347E82FC5->e6065258-5a2c-4a72-9f81-ed1321f551ca: receive RaftClientReply:client-C0E347E82FC5->e6065258-5a2c-4a72-9f81-ed1321f551ca@group-13364FE26125, cid=4376, SUCCESS, logIndex=7111, commits[e6065258-5a2c-4a72-9f81-ed1321f551ca:c7111]
2019-06-14 09:09:53,706 INFO  client.GrpcClientProtocolClient (GrpcClientProtocolClient.java:onNext(254)) - client-C0E347E82FC5->e6065258-5a2c-4a72-9f81-ed1321f551ca: receive RaftClientReply:client-C0E347E82FC5->e6065258-5a2c-4a72-9f81-ed1321f551ca@group-13364FE26125, cid=4377, SUCCESS, logIndex=7113, commits[e6065258-5a2c-4a72-9f81-ed1321f551ca:c7113]
2019-06-14 09:09:53,707 INFO  client.GrpcClientProtocolClient (GrpcClientProtocolClient.java:onNext(254)) - client-C0E347E82FC5->e6065258-5a2c-4a72-9f81-ed1321f551ca: receive RaftClientReply:client-C0E347E82FC5->e6065258-5a2c-4a72-9f81-ed1321f551ca@group-13364FE26125, cid=4378, SUCCESS, logIndex=7115, commits[e6065258-5a2c-4a72-9f81-ed1321f551ca:c7115]
2019-06-14 09:09:53,708 INFO  client.GrpcClientProtocolClient (GrpcClientProtocolClient.java:onNext(254)) - client-C0E347E82FC5->e6065258-5a2c-4a72-9f81-ed1321f551ca: receive RaftClientReply:client-C0E347E82FC5->e6065258-5a2c-4a72-9f81-ed1321f551ca@group-13364FE26125, cid=4379, SUCCESS, logIndex=7116, commits[e6065258-5a2c-4a72-9f81-ed1321f551ca:c7118]
2019-06-14 09:09:53,708 INFO  client.GrpcClientProtocolClient (GrpcClientProtocolClient.java:onNext(254)) - client-C0E347E82FC5->e6065258-5a2c-4a72-9f81-ed1321f551ca: receive RaftClientReply:client-C0E347E82FC5->e6065258-5a2c-4a72-9f81-ed1321f551ca@group-13364FE26125, cid=4380, SUCCESS, logIndex=7117, commits[e6065258-5a2c-4a72-9f81-ed1321f551ca:c7118]
2019-06-14 09:09:53,713 INFO  client.GrpcClientProtocolClient (GrpcClientProtocolClient.java:onNext(254)) - client-C0E347E82FC5->e6065258-5a2c-4a72-9f81-ed1321f551ca: receive RaftClientReply:client-C0E347E82FC5->e6065258-5a2c-4a72-9f81-ed1321f551ca@group-13364FE26125, cid=4381, SUCCESS, logIndex=7119, commits[e6065258-5a2c-4a72-9f81-ed1321f551ca:c7119]
2019-06-14 09:09:53,728 INFO  client.GrpcClientProtocolClient (GrpcClientProtocolClient.java:onNext(254)) - client-C0E347E82FC5->e6065258-5a2c-4a72-9f81-ed1321f551ca: receive RaftClientReply:client-C0E347E82FC5->e6065258-5a2c-4a72-9f81-ed1321f551ca@group-13364FE26125, cid=4382, SUCCESS, logIndex=7121, commits[e6065258-5a2c-4a72-9f81-ed1321f551ca:c7123]
2019-06-14 09:09:53,728 INFO  client.GrpcClientProtocolClient (GrpcClientProtocolClient.java:onNext(254)) - client-C0E347E82FC5->e6065258-5a2c-4a72-9f81-ed1321f551ca: receive RaftClientReply:client-C0E347E82FC5->e6065258-5a2c-4a72-9f81-ed1321f551ca@group-13364FE26125, cid=4383, SUCCESS, logIndex=7122, commits[e6065258-5a2c-4a72-9f81-ed1321f551ca:c7123]
2019-06-14 09:09:53,728 INFO  client.GrpcClientProtocolClient (GrpcClientProtocolClient.java:onNext(254)) - client-C0E347E82FC5->e6065258-5a2c-4a72-9f81-ed1321f551ca: receive RaftClientReply:client-C0E347E82FC5->e6065258-5a2c-4a72-9f81-ed1321f551ca@group-13364FE26125, cid=4384, SUCCESS, logIndex=7123, commits[e6065258-5a2c-4a72-9f81-ed1321f551ca:c7123]
2019-06-14 09:09:53,748 INFO  client.GrpcClientProtocolClient (GrpcClientProtocolClient.java:onNext(254)) - client-C0E347E82FC5->e6065258-5a2c-4a72-9f81-ed1321f551ca: receive RaftClientReply:client-C0E347E82FC5->e6065258-5a2c-4a72-9f81-ed1321f551ca@group-13364FE26125, cid=4385, SUCCESS, logIndex=7125, commits[e6065258-5a2c-4a72-9f81-ed1321f551ca:c7125]
2019-06-14 09:09:53,761 INFO  client.GrpcClientProtocolClient (GrpcClientProtocolClient.java:onNext(254)) - client-C0E347E82FC5->e6065258-5a2c-4a72-9f81-ed1321f551ca: receive RaftClientReply:client-C0E347E82FC5->e6065258-5a2c-4a72-9f81-ed1321f551ca@group-13364FE26125, cid=4386, SUCCESS, logIndex=7127, commits[e6065258-5a2c-4a72-9f81-ed1321f551ca:c7129]
2019-06-14 09:09:53,761 INFO  client.GrpcClientProtocolClient (GrpcClientProtocolClient.java:onNext(254)) - client-C0E347E82FC5->e6065258-5a2c-4a72-9f81-ed1321f551ca: receive RaftClientReply:client-C0E347E82FC5->e6065258-5a2c-4a72-9f81-ed1321f551ca@group-13364FE26125, cid=4387, SUCCESS, logIndex=7128, commits[e6065258-5a2c-4a72-9f81-ed1321f551ca:c7129]
2019-06-14 09:09:53,761 INFO  client.GrpcClientProtocolClient (GrpcClientProtocolClient.java:onNext(254)) - client-C0E347E82FC5->e6065258-5a2c-4a72-9f81-ed1321f551ca: receive RaftClientReply:client-C0E347E82FC5->e6065258-5a2c-4a72-9f81-ed1321f551ca@group-13364FE26125, cid=4388, SUCCESS, logIndex=7129, commits[e6065258-5a2c-4a72-9f81-ed1321f551ca:c7129]
2019-06-14 09:09:53,768 DEBUG block.SCMBlockDeletingService (SCMBlockDeletingService.java:call(138)) - Running DeletedBlockTransactionScanner
2019-06-14 09:09:53,768 DEBUG block.SCMBlockDeletingService (SCMBlockDeletingService.java:call(155)) - Scanned deleted blocks log and got 0 delTX to process.
2019-06-14 09:09:53,776 INFO  client.GrpcClientProtocolClient (GrpcClientProtocolClient.java:onNext(254)) - client-C0E347E82FC5->e6065258-5a2c-4a72-9f81-ed1321f551ca: receive RaftClientReply:client-C0E347E82FC5->e6065258-5a2c-4a72-9f81-ed1321f551ca@group-13364FE26125, cid=4389, SUCCESS, logIndex=7131, commits[e6065258-5a2c-4a72-9f81-ed1321f551ca:c7131]
2019-06-14 09:09:54,035 DEBUG block.SCMBlockDeletingService (SCMBlockDeletingService.java:call(138)) - Running DeletedBlockTransactionScanner
2019-06-14 09:09:54,035 DEBUG block.SCMBlockDeletingService (SCMBlockDeletingService.java:call(155)) - Scanned deleted blocks log and got 0 delTX to process.
2019-06-14 09:09:54,041 INFO  client.GrpcClientProtocolClient (GrpcClientProtocolClient.java:onNext(254)) - client-C0E347E82FC5->e6065258-5a2c-4a72-9f81-ed1321f551ca: receive RaftClientReply:client-C0E347E82FC5->e6065258-5a2c-4a72-9f81-ed1321f551ca@group-13364FE26125, cid=4390, SUCCESS, logIndex=7133, commits[e6065258-5a2c-4a72-9f81-ed1321f551ca:c7134]
2019-06-14 09:09:54,042 INFO  client.GrpcClientProtocolClient (GrpcClientProtocolClient.java:onNext(254)) - client-C0E347E82FC5->e6065258-5a2c-4a72-9f81-ed1321f551ca: receive RaftClientReply:client-C0E347E82FC5->e6065258-5a2c-4a72-9f81-ed1321f551ca@group-13364FE26125, cid=4391, SUCCESS, logIndex=7135, commits[e6065258-5a2c-4a72-9f81-ed1321f551ca:c7136]
2019-06-14 09:09:54,043 INFO  client.GrpcClientProtocolClient (GrpcClientProtocolClient.java:onNext(254)) - client-C0E347E82FC5->e6065258-5a2c-4a72-9f81-ed1321f551ca: receive RaftClientReply:client-C0E347E82FC5->e6065258-5a2c-4a72-9f81-ed1321f551ca@group-13364FE26125, cid=4392, SUCCESS, logIndex=7136, commits[e6065258-5a2c-4a72-9f81-ed1321f551ca:c7136]
2019-06-14 09:09:54,053 INFO  client.GrpcClientProtocolClient (GrpcClientProtocolClient.java:onNext(254)) - client-C0E347E82FC5->e6065258-5a2c-4a72-9f81-ed1321f551ca: receive RaftClientReply:client-C0E347E82FC5->e6065258-5a2c-4a72-9f81-ed1321f551ca@group-13364FE26125, cid=4393, SUCCESS, logIndex=7138, commits[e6065258-5a2c-4a72-9f81-ed1321f551ca:c7138]
2019-06-14 09:09:54,053 INFO  storage.RaftLogWorker (RaftLogWorker.java:rollLogSegment(303)) - e6065258-5a2c-4a72-9f81-ed1321f551ca-RaftLogWorker: Rolling segment log-7067_7140 to index:7140
2019-06-14 09:09:54,054 INFO  storage.RaftLogWorker (RaftLogWorker.java:execute(433)) - e6065258-5a2c-4a72-9f81-ed1321f551ca-RaftLogWorker: Rolled log segment from /opt/src/hadoop-ozone/integration-test/target/test-dir/MiniOzoneClusterImpl-a56da109-a1cb-4168-8966-62306f2f2d23/datanode-0/data/ratis/920138aa-6f47-4d6d-b5cc-13364fe26125/current/log_inprogress_7067 to /opt/src/hadoop-ozone/integration-test/target/test-dir/MiniOzoneClusterImpl-a56da109-a1cb-4168-8966-62306f2f2d23/datanode-0/data/ratis/920138aa-6f47-4d6d-b5cc-13364fe26125/current/log_7067-7140
2019-06-14 09:09:54,058 INFO  client.GrpcClientProtocolClient (GrpcClientProtocolClient.java:onNext(254)) - client-C0E347E82FC5->e6065258-5a2c-4a72-9f81-ed1321f551ca: receive RaftClientReply:client-C0E347E82FC5->e6065258-5a2c-4a72-9f81-ed1321f551ca@group-13364FE26125, cid=4394, SUCCESS, logIndex=7140, commits[e6065258-5a2c-4a72-9f81-ed1321f551ca:c7140]
2019-06-14 09:09:54,089 INFO  storage.RaftLogWorker (RaftLogWorker.java:execute(469)) - e6065258-5a2c-4a72-9f81-ed1321f551ca-RaftLogWorker: created new log segment /opt/src/hadoop-ozone/integration-test/target/test-dir/MiniOzoneClusterImpl-a56da109-a1cb-4168-8966-62306f2f2d23/datanode-0/data/ratis/920138aa-6f47-4d6d-b5cc-13364fe26125/current/log_inprogress_7141
2019-06-14 09:09:54,091 INFO  client.GrpcClientProtocolClient (GrpcClientProtocolClient.java:onNext(254)) - client-C0E347E82FC5->e6065258-5a2c-4a72-9f81-ed1321f551ca: receive RaftClientReply:client-C0E347E82FC5->e6065258-5a2c-4a72-9f81-ed1321f551ca@group-13364FE26125, cid=4395, SUCCESS, logIndex=7141, commits[e6065258-5a2c-4a72-9f81-ed1321f551ca:c7143]
2019-06-14 09:09:54,091 INFO  client.GrpcClientProtocolClient (GrpcClientProtocolClient.java:onNext(254)) - client-C0E347E82FC5->e6065258-5a2c-4a72-9f81-ed1321f551ca: receive RaftClientReply:client-C0E347E82FC5->e6065258-5a2c-4a72-9f81-ed1321f551ca@group-13364FE26125, cid=4396, SUCCESS, logIndex=7142, commits[e6065258-5a2c-4a72-9f81-ed1321f551ca:c7143]
2019-06-14 09:09:54,096 INFO  client.GrpcClientProtocolClient (GrpcClientProtocolClient.java:onNext(254)) - client-C0E347E82FC5->e6065258-5a2c-4a72-9f81-ed1321f551ca: receive RaftClientReply:client-C0E347E82FC5->e6065258-5a2c-4a72-9f81-ed1321f551ca@group-13364FE26125, cid=4397, SUCCESS, logIndex=7144, commits[e6065258-5a2c-4a72-9f81-ed1321f551ca:c7144]
2019-06-14 09:09:54,098 INFO  client.GrpcClientProtocolClient (GrpcClientProtocolClient.java:onNext(254)) - client-C0E347E82FC5->e6065258-5a2c-4a72-9f81-ed1321f551ca: receive RaftClientReply:client-C0E347E82FC5->e6065258-5a2c-4a72-9f81-ed1321f551ca@group-13364FE26125, cid=4398, SUCCESS, logIndex=7146, commits[e6065258-5a2c-4a72-9f81-ed1321f551ca:c7146]
2019-06-14 09:09:54,100 INFO  client.GrpcClientProtocolClient (GrpcClientProtocolClient.java:onNext(254)) - client-C0E347E82FC5->e6065258-5a2c-4a72-9f81-ed1321f551ca: receive RaftClientReply:client-C0E347E82FC5->e6065258-5a2c-4a72-9f81-ed1321f551ca@group-13364FE26125, cid=4399, SUCCESS, logIndex=7148, commits[e6065258-5a2c-4a72-9f81-ed1321f551ca:c7148]
2019-06-14 09:09:54,100 INFO  client.GrpcClientProtocolClient (GrpcClientProtocolClient.java:onNext(254)) - client-C0E347E82FC5->e6065258-5a2c-4a72-9f81-ed1321f551ca: receive RaftClientReply:client-C0E347E82FC5->e6065258-5a2c-4a72-9f81-ed1321f551ca@group-13364FE26125, cid=4400, SUCCESS, logIndex=7149, commits[e6065258-5a2c-4a72-9f81-ed1321f551ca:c7149]
2019-06-14 09:09:54,113 INFO  client.GrpcClientProtocolClient (GrpcClientProtocolClient.java:onNext(254)) - client-C0E347E82FC5->e6065258-5a2c-4a72-9f81-ed1321f551ca: receive RaftClientReply:client-C0E347E82FC5->e6065258-5a2c-4a72-9f81-ed1321f551ca@group-13364FE26125, cid=4401, SUCCESS, logIndex=7152, commits[e6065258-5a2c-4a72-9f81-ed1321f551ca:c7152]
2019-06-14 09:09:54,114 INFO  client.GrpcClientProtocolClient (GrpcClientProtocolClient.java:onNext(254)) - client-C0E347E82FC5->e6065258-5a2c-4a72-9f81-ed1321f551ca: receive RaftClientReply:client-C0E347E82FC5->e6065258-5a2c-4a72-9f81-ed1321f551ca@group-13364FE26125, cid=4402, SUCCESS, logIndex=7154, commits[e6065258-5a2c-4a72-9f81-ed1321f551ca:c7154]
2019-06-14 09:09:54,115 INFO  client.GrpcClientProtocolClient (GrpcClientProtocolClient.java:onNext(254)) - client-C0E347E82FC5->e6065258-5a2c-4a72-9f81-ed1321f551ca: receive RaftClientReply:client-C0E347E82FC5->e6065258-5a2c-4a72-9f81-ed1321f551ca@group-13364FE26125, cid=4403, SUCCESS, logIndex=7155, commits[e6065258-5a2c-4a72-9f81-ed1321f551ca:c7155]
2019-06-14 09:09:54,116 INFO  client.GrpcClientProtocolClient (GrpcClientProtocolClient.java:onNext(254)) - client-C0E347E82FC5->e6065258-5a2c-4a72-9f81-ed1321f551ca: receive RaftClientReply:client-C0E347E82FC5->e6065258-5a2c-4a72-9f81-ed1321f551ca@group-13364FE26125, cid=4404, SUCCESS, logIndex=7157, commits[e6065258-5a2c-4a72-9f81-ed1321f551ca:c7157]
2019-06-14 09:09:54,121 INFO  client.GrpcClientProtocolClient (GrpcClientProtocolClient.java:onNext(254)) - client-C0E347E82FC5->e6065258-5a2c-4a72-9f81-ed1321f551ca: receive RaftClientReply:client-C0E347E82FC5->e6065258-5a2c-4a72-9f81-ed1321f551ca@group-13364FE26125, cid=4405, SUCCESS, logIndex=7160, commits[e6065258-5a2c-4a72-9f81-ed1321f551ca:c7160]
2019-06-14 09:09:54,122 INFO  client.GrpcClientProtocolClient (GrpcClientProtocolClient.java:onNext(254)) - client-C0E347E82FC5->e6065258-5a2c-4a72-9f81-ed1321f551ca: receive RaftClientReply:client-C0E347E82FC5->e6065258-5a2c-4a72-9f81-ed1321f551ca@group-13364FE26125, cid=4406, SUCCESS, logIndex=7162, commits[e6065258-5a2c-4a72-9f81-ed1321f551ca:c7162]
2019-06-14 09:09:54,124 INFO  client.GrpcClientProtocolClient (GrpcClientProtocolClient.java:onNext(254)) - client-C0E347E82FC5->e6065258-5a2c-4a72-9f81-ed1321f551ca: receive RaftClientReply:client-C0E347E82FC5->e6065258-5a2c-4a72-9f81-ed1321f551ca@group-13364FE26125, cid=4407, SUCCESS, logIndex=7164, commits[e6065258-5a2c-4a72-9f81-ed1321f551ca:c7165]
2019-06-14 09:09:54,124 INFO  client.GrpcClientProtocolClient (GrpcClientProtocolClient.java:onNext(254)) - client-C0E347E82FC5->e6065258-5a2c-4a72-9f81-ed1321f551ca: receive RaftClientReply:client-C0E347E82FC5->e6065258-5a2c-4a72-9f81-ed1321f551ca@group-13364FE26125, cid=4408, SUCCESS, logIndex=7165, commits[e6065258-5a2c-4a72-9f81-ed1321f551ca:c7165]
2019-06-14 09:09:54,135 DEBUG block.SCMBlockDeletingService (SCMBlockDeletingService.java:call(138)) - Running DeletedBlockTransactionScanner
2019-06-14 09:09:54,135 DEBUG block.SCMBlockDeletingService (SCMBlockDeletingService.java:call(155)) - Scanned deleted blocks log and got 0 delTX to process.
2019-06-14 09:09:54,136 INFO  client.GrpcClientProtocolClient (GrpcClientProtocolClient.java:onNext(254)) - client-C0E347E82FC5->e6065258-5a2c-4a72-9f81-ed1321f551ca: receive RaftClientReply:client-C0E347E82FC5->e6065258-5a2c-4a72-9f81-ed1321f551ca@group-13364FE26125, cid=4409, SUCCESS, logIndex=7167, commits[e6065258-5a2c-4a72-9f81-ed1321f551ca:c7167]
2019-06-14 09:09:54,138 INFO  client.GrpcClientProtocolClient (GrpcClientProtocolClient.java:onNext(254)) - client-C0E347E82FC5->e6065258-5a2c-4a72-9f81-ed1321f551ca: receive RaftClientReply:client-C0E347E82FC5->e6065258-5a2c-4a72-9f81-ed1321f551ca@group-13364FE26125, cid=4410, SUCCESS, logIndex=7169, commits[e6065258-5a2c-4a72-9f81-ed1321f551ca:c7169]
2019-06-14 09:09:54,139 INFO  client.GrpcClientProtocolClient (GrpcClientProtocolClient.java:onNext(254)) - client-C0E347E82FC5->e6065258-5a2c-4a72-9f81-ed1321f551ca: receive RaftClientReply:client-C0E347E82FC5->e6065258-5a2c-4a72-9f81-ed1321f551ca@group-13364FE26125, cid=4411, SUCCESS, logIndex=7170, commits[e6065258-5a2c-4a72-9f81-ed1321f551ca:c7172]
2019-06-14 09:09:54,139 INFO  client.GrpcClientProtocolClient (GrpcClientProtocolClient.java:onNext(254)) - client-C0E347E82FC5->e6065258-5a2c-4a72-9f81-ed1321f551ca: receive RaftClientReply:client-C0E347E82FC5->e6065258-5a2c-4a72-9f81-ed1321f551ca@group-13364FE26125, cid=4412, SUCCESS, logIndex=7172, commits[e6065258-5a2c-4a72-9f81-ed1321f551ca:c7172]
2019-06-14 09:09:54,144 INFO  client.GrpcClientProtocolClient (GrpcClientProtocolClient.java:onNext(254)) - client-C0E347E82FC5->e6065258-5a2c-4a72-9f81-ed1321f551ca: receive RaftClientReply:client-C0E347E82FC5->e6065258-5a2c-4a72-9f81-ed1321f551ca@group-13364FE26125, cid=4413, SUCCESS, logIndex=7174, commits[e6065258-5a2c-4a72-9f81-ed1321f551ca:c7174]
2019-06-14 09:09:54,146 INFO  client.GrpcClientProtocolClient (GrpcClientProtocolClient.java:onNext(254)) - client-C0E347E82FC5->e6065258-5a2c-4a72-9f81-ed1321f551ca: receive RaftClientReply:client-C0E347E82FC5->e6065258-5a2c-4a72-9f81-ed1321f551ca@group-13364FE26125, cid=4414, SUCCESS, logIndex=7176, commits[e6065258-5a2c-4a72-9f81-ed1321f551ca:c7176]
2019-06-14 09:09:54,146 INFO  client.GrpcClientProtocolClient (GrpcClientProtocolClient.java:onNext(254)) - client-C0E347E82FC5->e6065258-5a2c-4a72-9f81-ed1321f551ca: receive RaftClientReply:client-C0E347E82FC5->e6065258-5a2c-4a72-9f81-ed1321f551ca@group-13364FE26125, cid=4415, SUCCESS, logIndex=7177, commits[e6065258-5a2c-4a72-9f81-ed1321f551ca:c7179]
2019-06-14 09:09:54,147 INFO  client.GrpcClientProtocolClient (GrpcClientProtocolClient.java:onNext(254)) - client-C0E347E82FC5->e6065258-5a2c-4a72-9f81-ed1321f551ca: receive RaftClientReply:client-C0E347E82FC5->e6065258-5a2c-4a72-9f81-ed1321f551ca@group-13364FE26125, cid=4416, SUCCESS, logIndex=7178, commits[e6065258-5a2c-4a72-9f81-ed1321f551ca:c7179]
2019-06-14 09:09:54,159 INFO  client.GrpcClientProtocolClient (GrpcClientProtocolClient.java:onNext(254)) - client-C0E347E82FC5->e6065258-5a2c-4a72-9f81-ed1321f551ca: receive RaftClientReply:client-C0E347E82FC5->e6065258-5a2c-4a72-9f81-ed1321f551ca@group-13364FE26125, cid=4417, SUCCESS, logIndex=7180, commits[e6065258-5a2c-4a72-9f81-ed1321f551ca:c7180]
2019-06-14 09:09:54,161 INFO  client.GrpcClientProtocolClient (GrpcClientProtocolClient.java:onNext(254)) - client-C0E347E82FC5->e6065258-5a2c-4a72-9f81-ed1321f551ca: receive RaftClientReply:client-C0E347E82FC5->e6065258-5a2c-4a72-9f81-ed1321f551ca@group-13364FE26125, cid=4418, SUCCESS, logIndex=7182, commits[e6065258-5a2c-4a72-9f81-ed1321f551ca:c7182]
2019-06-14 09:09:54,162 INFO  client.GrpcClientProtocolClient (GrpcClientProtocolClient.java:onNext(254)) - client-C0E347E82FC5->e6065258-5a2c-4a72-9f81-ed1321f551ca: receive RaftClientReply:client-C0E347E82FC5->e6065258-5a2c-4a72-9f81-ed1321f551ca@group-13364FE26125, cid=4419, SUCCESS, logIndex=7183, commits[e6065258-5a2c-4a72-9f81-ed1321f551ca:c7185]
2019-06-14 09:09:54,162 INFO  client.GrpcClientProtocolClient (GrpcClientProtocolClient.java:onNext(254)) - client-C0E347E82FC5->e6065258-5a2c-4a72-9f81-ed1321f551ca: receive RaftClientReply:client-C0E347E82FC5->e6065258-5a2c-4a72-9f81-ed1321f551ca@group-13364FE26125, cid=4420, SUCCESS, logIndex=7184, commits[e6065258-5a2c-4a72-9f81-ed1321f551ca:c7185]
2019-06-14 09:09:54,164 INFO  client.GrpcClientProtocolClient (GrpcClientProtocolClient.java:onNext(254)) - client-C0E347E82FC5->e6065258-5a2c-4a72-9f81-ed1321f551ca: receive RaftClientReply:client-C0E347E82FC5->e6065258-5a2c-4a72-9f81-ed1321f551ca@group-13364FE26125, cid=4421, SUCCESS, logIndex=7186, commits[e6065258-5a2c-4a72-9f81-ed1321f551ca:c7186]
2019-06-14 09:09:54,165 INFO  client.GrpcClientProtocolClient (GrpcClientProtocolClient.java:onNext(254)) - client-C0E347E82FC5->e6065258-5a2c-4a72-9f81-ed1321f551ca: receive RaftClientReply:client-C0E347E82FC5->e6065258-5a2c-4a72-9f81-ed1321f551ca@group-13364FE26125, cid=4422, SUCCESS, logIndex=7188, commits[e6065258-5a2c-4a72-9f81-ed1321f551ca:c7188]
2019-06-14 09:09:54,236 DEBUG block.SCMBlockDeletingService (SCMBlockDeletingService.java:call(138)) - Running DeletedBlockTransactionScanner
2019-06-14 09:09:54,236 DEBUG block.SCMBlockDeletingService (SCMBlockDeletingService.java:call(155)) - Scanned deleted blocks log and got 0 delTX to process.
2019-06-14 09:09:54,336 DEBUG block.SCMBlockDeletingService (SCMBlockDeletingService.java:call(138)) - Running DeletedBlockTransactionScanner
2019-06-14 09:09:54,336 DEBUG block.SCMBlockDeletingService (SCMBlockDeletingService.java:call(155)) - Scanned deleted blocks log and got 0 delTX to process.
2019-06-14 09:09:54,436 DEBUG block.SCMBlockDeletingService (SCMBlockDeletingService.java:call(138)) - Running DeletedBlockTransactionScanner
2019-06-14 09:09:54,437 DEBUG block.SCMBlockDeletingService (SCMBlockDeletingService.java:call(155)) - Scanned deleted blocks log and got 0 delTX to process.
2019-06-14 09:09:54,448 INFO  server.SCMBlockProtocolServer (SCMBlockProtocolServer.java:deleteKeyBlocks(202)) - SCM is informed by OM to delete 1 blocks
2019-06-14 09:09:54,449 INFO  block.BlockManagerImpl (BlockManagerImpl.java:deleteBlocks(268)) - Deleting blocks conID: 1 locID: 102269148451373057 bcsId: 0,conID: 2 locID: 102269148451504130 bcsId: 0,conID: 3 locID: 102269148451569667 bcsId: 0,conID: 1 locID: 102269148451635204 bcsId: 0,conID: 2 locID: 102269148451700741 bcsId: 0,conID: 3 locID: 102269148451700742 bcsId: 0,conID: 1 locID: 102269148506030087 bcsId: 0,conID: 2 locID: 102269148508848136 bcsId: 0,conID: 3 locID: 102269148511797257 bcsId: 0,conID: 1 locID: 102269148518678538 bcsId: 0,conID: 2 locID: 102269148521365515 bcsId: 0,conID: 3 locID: 102269148526149644 bcsId: 0,conID: 1 locID: 102269148533096461 bcsId: 0,conID: 2 locID: 102269148540502030 bcsId: 0,conID: 3 locID: 102269148542992399 bcsId: 0,conID: 1 locID: 102269148545613840 bcsId: 0,conID: 2 locID: 102269148547973137 bcsId: 0,conID: 3 locID: 102269148557475858 bcsId: 0,conID: 1 locID: 102269148563243027 bcsId: 0,conID: 2 locID: 102269148565536788 bcsId: 0,conID: 3 locID: 102269148568944661 bcsId: 0,conID: 1 locID: 102269148571172886 bcsId: 0,conID: 2 locID: 102269148575825943 bcsId: 0,conID: 3 locID: 102269148595748888 bcsId: 0,conID: 1 locID: 102269148598501401 bcsId: 0,conID: 2 locID: 102269148600533018 bcsId: 0,conID: 3 locID: 102269148603088923 bcsId: 0,conID: 1 locID: 102269148607938588 bcsId: 0,conID: 2 locID: 102269148614426653 bcsId: 0,conID: 3 locID: 102269148616589342 bcsId: 0,conID: 1 locID: 102269148621242399 bcsId: 0,conID: 2 locID: 102269148623274016 bcsId: 0,conID: 3 locID: 102269148626026529 bcsId: 0,conID: 1 locID: 102269148630286370 bcsId: 0,conID: 2 locID: 102269148636708899 bcsId: 0,conID: 3 locID: 102269148638871588 bcsId: 0,conID: 1 locID: 102269148643590181 bcsId: 0,conID: 2 locID: 102269148645556262 bcsId: 0,conID: 3 locID: 102269148650405927 bcsId: 0,conID: 1 locID: 102269148656828456 bcsId: 0,conID: 2 locID: 102269148658729001 bcsId: 0,conID: 3 locID: 102269148660498474 bcsId: 0,conID: 1 locID: 102269148662464555 bcsId: 0,conID: 2 locID: 102269148680945708 bcsId: 0,conID: 3 locID: 102269148682846253 bcsId: 0,conID: 1 locID: 102269148689465390 bcsId: 0,conID: 2 locID: 102269148691169327 bcsId: 0,conID: 3 locID: 102269148693069872 bcsId: 0,conID: 1 locID: 102269148695101489 bcsId: 0,conID: 2 locID: 102269148699361330 bcsId: 0,conID: 3 locID: 102269148708798515 bcsId: 0,conID: 1 locID: 102269148710502452 bcsId: 0,conID: 2 locID: 102269148712206389 bcsId: 0,conID: 3 locID: 102269148713844790 bcsId: 0,conID: 1 locID: 102269148718301239 bcsId: 0,conID: 2 locID: 102269148719874104 bcsId: 0,conID: 3 locID: 102269148726820921 bcsId: 0,conID: 1 locID: 102269148730097722 bcsId: 0,conID: 2 locID: 102269148732915771 bcsId: 0,conID: 3 locID: 102269148743467068 bcsId: 0,conID: 1 locID: 102269148747268157 bcsId: 0,conID: 2 locID: 102269148754739262 bcsId: 0,conID: 3 locID: 102269148758278207 bcsId: 0,conID: 1 locID: 102269148760637504 bcsId: 0,conID: 2 locID: 102269148762734657 bcsId: 0,conID: 3 locID: 102269148767584322 bcsId: 0,conID: 1 locID: 102269148769353795 bcsId: 0,conID: 2 locID: 102269148792160324 bcsId: 0,conID: 3 locID: 102269148793864261 bcsId: 0,conID: 1 locID: 102269148795371590 bcsId: 0,conID: 2 locID: 102269148799238215 bcsId: 0,conID: 3 locID: 102269148800942152 bcsId: 0,conID: 1 locID: 102269148807495753 bcsId: 0,conID: 2 locID: 102269148809134154 bcsId: 0,conID: 3 locID: 102269148810772555 bcsId: 0,conID: 1 locID: 102269148815294540 bcsId: 0,conID: 2 locID: 102269148817129549 bcsId: 0,conID: 3 locID: 102269148822372430 bcsId: 0,conID: 1 locID: 102269148828270671 bcsId: 0,conID: 2 locID: 102269148829778000 bcsId: 0,conID: 3 locID: 102269148831744081 bcsId: 0,conID: 1 locID: 102269148836266066 bcsId: 0,conID: 2 locID: 102269148837642323 bcsId: 0,conID: 3 locID: 102269148843475028 bcsId: 0,conID: 1 locID: 102269148845113429 bcsId: 0,conID: 2 locID: 102269148846686294 bcsId: 0,conID: 3 locID: 102269148853305431 bcsId: 0,conID: 1 locID: 102269148855009368 bcsId: 0,conID: 2 locID: 102269148856516697 bcsId: 0,conID: 3 locID: 102269148864315482 bcsId: 0,conID: 1 locID: 102269148866019419 bcsId: 0,conID: 2 locID: 102269148869951580 bcsId: 0,conID: 3 locID: 102269148871983197 bcsId: 0,conID: 1 locID: 102269148873556062 bcsId: 0,conID: 2 locID: 102269148893413471 bcsId: 0,conID: 3 locID: 102269148894855264 bcsId: 0,conID: 1 locID: 102269148896886881 bcsId: 0,conID: 2 locID: 102269148901212258 bcsId: 0,conID: 3 locID: 102269148902654051 bcsId: 0,conID: 1 locID: 102269148904161380 bcsId: 0,conID: 2 locID: 102269148909994085 bcsId: 0,conID: 3 locID: 102269148911632486 bcsId: 0,conID: 1 locID: 102269148916285543 bcsId: 0,conID: 2 locID: 102269148918644840 bcsId: 0,conID: 3 locID: 102269148920283241 bcsId: 0,conID: 1 locID: 102269148929327210 bcsId: 0,conID: 2 locID: 102269148930965611 bcsId: 0,conID: 3 locID: 102269148935225452 bcsId: 0,conID: 1 locID: 102269148936863853 bcsId: 0,conID: 2 locID: 102269148938829934 bcsId: 0,conID: 3 locID: 102269148940271727 bcsId: 0,conID: 1 locID: 102269148946169968 bcsId: 0,conID: 2 locID: 102269148948856945 bcsId: 0,conID: 3 locID: 102269148952723570 bcsId: 0,conID: 1 locID: 102269148956917875 bcsId: 0,conID: 2 locID: 102269148958621812 bcsId: 0,conID: 3 locID: 102269148960194677 bcsId: 0,conID: 1 locID: 102269148966027382 bcsId: 0,conID: 2 locID: 102269148969697399 bcsId: 0,conID: 3 locID: 102269148971270264 bcsId: 0,conID: 1 locID: 102269148972843129 bcsId: 0,conID: 2 locID: 102269148974219386 bcsId: 0,conID: 3 locID: 102269148980052091 bcsId: 0,conID: 1 locID: 102269148996567164 bcsId: 0,conID: 2 locID: 102269149000499325 bcsId: 0,conID: 3 locID: 102269149001875582 bcsId: 0,conID: 1 locID: 102269149003841663 bcsId: 0,conID: 2 locID: 102269149005348992 bcsId: 0,conID: 3 locID: 102269149012230273 bcsId: 0,conID: 1 locID: 102269149016359042 bcsId: 0,conID: 2 locID: 102269149017800835 bcsId: 0,conID: 3 locID: 102269149019373700 bcsId: 0,conID: 1 locID: 102269149020946565 bcsId: 0,conID: 2 locID: 102269149029728390 bcsId: 0,conID: 3 locID: 102269149033529479 bcsId: 0,conID: 1 locID: 102269149034971272 bcsId: 0,conID: 2 locID: 102269149036347529 bcsId: 0,conID: 3 locID: 102269149038248074 bcsId: 0,conID: 1 locID: 102269149039689867 bcsId: 0,conID: 2 locID: 102269149046309004 bcsId: 0,conID: 3 locID: 102269149050044557 bcsId: 0,conID: 1 locID: 102269149051551886 bcsId: 0,conID: 2 locID: 102269149052993679 bcsId: 0,conID: 3 locID: 102269149054697616 bcsId: 0,conID: 1 locID: 102269149063938193 bcsId: 0,conID: 2 locID: 102269149069050002 bcsId: 0,conID: 3 locID: 102269149070819475 bcsId: 0,conID: 1 locID: 102269149072261268 bcsId: 0,conID: 2 locID: 102269149073834133 bcsId: 0,conID: 3 locID: 102269149075341462 bcsId: 0,conID: 1 locID: 102269149081108631 bcsId: 0,conID: 2 locID: 102269149085368472 bcsId: 0,conID: 3 locID: 102269149099983001 bcsId: 0,conID: 1 locID: 102269149102211226 bcsId: 0,conID: 2 locID: 102269149103653019 bcsId: 0,conID: 3 locID: 102269149110141084 bcsId: 0,conID: 1 locID: 102269149113811101 bcsId: 0,conID: 2 locID: 102269149115318430 bcsId: 0,conID: 3 locID: 102269149116694687 bcsId: 0,conID: 1 locID: 102269149118136480 bcsId: 0,conID: 2 locID: 102269149120037025 bcsId: 0,conID: 3 locID: 102269149131243682 bcsId: 0,conID: 1 locID: 102269149132816547 bcsId: 0,conID: 2 locID: 102269149134258340 bcsId: 0,conID: 3 locID: 102269149135896741 bcsId: 0,conID: 1 locID: 102269149137797286 bcsId: 0,conID: 2 locID: 102269149143761063 bcsId: 0,conID: 3 locID: 102269149147562152 bcsId: 0,conID: 1 locID: 102269149148938409 bcsId: 0,conID: 2 locID: 102269149150511274 bcsId: 0,conID: 3 locID: 102269149151953067 bcsId: 0,conID: 1 locID: 102269149153329324 bcsId: 0,conID: 2 locID: 102269149163815085 bcsId: 0,conID: 3 locID: 102269149165387950 bcsId: 0,conID: 1 locID: 102269149166960815 bcsId: 0,conID: 2 locID: 102269149168402608 bcsId: 0,conID: 3 locID: 102269149170106545 bcsId: 0,conID: 1 locID: 102269149178167474 bcsId: 0,conID: 2 locID: 102269149179740339 bcsId: 0,conID: 3 locID: 102269149181116596 bcsId: 0,conID: 1 locID: 102269149186621621 bcsId: 0,conID: 2 locID: 102269149187997878 bcsId: 0,conID: 3 locID: 102269149189243063 bcsId: 0,conID: 1 locID: 102269149197893816 bcsId: 0,conID: 2 locID: 102269149199401145 bcsId: 0,conID: 3 locID: 102269149200777402 bcsId: 0,conID: 1 locID: 102269149202088123 bcsId: 0,conID: 2 locID: 102269149203923132 bcsId: 0,conID: 3 locID: 102269149209886909 bcsId: 0,conID: 1 locID: 102269149228171454 bcsId: 0,conID: 2 locID: 102269149229547711 bcsId: 0,conID: 3 locID: 102269149230792896 bcsId: 0,conID: 1 locID: 102269149232824513 bcsId: 0,conID: 2 locID: 102269149237412034 bcsId: 0,conID: 3 locID: 102269149243244739 bcsId: 0,conID: 1 locID: 102269149244620996 bcsId: 0,conID: 2 locID: 102269149246128325 bcsId: 0,conID: 3 locID: 102269149247701190 bcsId: 0,conID: 1 locID: 102269149249077447 bcsId: 0,conID: 2 locID: 102269149259956424 bcsId: 0,conID: 3 locID: 102269149261332681 bcsId: 0,conID: 1 locID: 102269149262708938 bcsId: 0,conID: 2 locID: 102269149263954123 bcsId: 0,conID: 3 locID: 102269149265395916 bcsId: 0,conID: 1 locID: 102269149269262541 bcsId: 0,conID: 2 locID: 102269149274964174 bcsId: 0,conID: 3 locID: 102269149276209359 bcsId: 0,conID: 1 locID: 102269149277585616 bcsId: 0,conID: 2 locID: 102269149279486161 bcsId: 0,conID: 3 locID: 102269149280927954 bcsId: 0,conID: 1 locID: 102269149291610323 bcsId: 0,conID: 2 locID: 102269149293314260 bcsId: 0,conID: 3 locID: 102269149294559445 bcsId: 0,conID: 1 locID: 102269149295804630 bcsId: 0,conID: 2 locID: 102269149297311959 bcsId: 0,conID: 3 locID: 102269149300981976 bcsId: 0,conID: 1 locID: 102269149306552537 bcsId: 0,conID: 2 locID: 102269149307797722 bcsId: 0,conID: 3 locID: 102269149309042907 bcsId: 0,conID: 1 locID: 102269149310288092 bcsId: 0,conID: 2 locID: 102269149316841693 bcsId: 0,conID: 3 locID: 102269149318217950 bcsId: 0,conID: 1 locID: 102269149323985119 bcsId: 0,conID: 2 locID: 102269149325295840 bcsId: 0,conID: 3 locID: 102269149327130849 bcsId: 0,conID: 1 locID: 102269149329359074 bcsId: 0,conID: 2 locID: 102269149332832483 bcsId: 0,conID: 3 locID: 102269149338599652 bcsId: 0,conID: 1 locID: 102269149339975909 bcsId: 0,conID: 2 locID: 102269149359374566 bcsId: 0,conID: 3 locID: 102269149360685287 bcsId: 0,conID: 1 locID: 102269149364224232 bcsId: 0,conID: 2 locID: 102269149365666025 bcsId: 0,conID: 3 locID: 102269149371367658 bcsId: 0,conID: 1 locID: 102269149372874987 bcsId: 0,conID: 2 locID: 102269149374120172 bcsId: 0,conID: 3 locID: 102269149375627501 bcsId: 0,conID: 1 locID: 102269149379363054 bcsId: 0,conID: 2 locID: 102269149386244335 bcsId: 0,conID: 3 locID: 102269149392273648 bcsId: 0,conID: 1 locID: 102269149394567409 bcsId: 0,conID: 2 locID: 102269149396861170 bcsId: 0,conID: 3 locID: 102269149401317619 bcsId: 0,conID: 1 locID: 102269149403545844 bcsId: 0,conID: 2 locID: 102269149409706229 bcsId: 0,conID: 3 locID: 102269149411016950 bcsId: 0,conID: 1 locID: 102269149412327671 bcsId: 0,conID: 2 locID: 102269149416063224 bcsId: 0,conID: 3 locID: 102269149417373945 bcsId: 0,conID: 1 locID: 102269149422813434 bcsId: 0,conID: 2 locID: 102269149426876667 bcsId: 0,conID: 3 locID: 102269149428580604 bcsId: 0,conID: 1 locID: 102269149429825789 bcsId: 0,conID: 2 locID: 102269149433364734 bcsId: 0,conID: 3 locID: 102269149434675455 bcsId: 0,conID: 1 locID: 102269149440311552 bcsId: 0,conID: 2 locID: 102269149442277633 bcsId: 0,conID: 3 locID: 102269149443588354 bcsId: 0,conID: 1 locID: 102269149447389443 bcsId: 0,conID: 2 locID: 102269149448765700 bcsId: 0,conID: 3 locID: 102269149457154309 bcsId: 0,conID: 1 locID: 102269149458727174 bcsId: 0,conID: 2 locID: 102269149459972359 bcsId: 0,conID: 3 locID: 102269149461217544 bcsId: 0,conID: 1 locID: 102269149464953097 bcsId: 0,conID: 2 locID: 102269149466132746 bcsId: 0,conID: 3 locID: 102269149471637771 bcsId: 0,conID: 1 locID: 102269149472817420 bcsId: 0,conID: 2 locID: 102269149473997069 bcsId: 0,conID: 3 locID: 102269149477536014 bcsId: 0,conID: 1 locID: 102269149479108879 bcsId: 0,conID: 2 locID: 102269149501128976 bcsId: 0,conID: 3 locID: 102269149502832913 bcsId: 0,conID: 1 locID: 102269149504405778 bcsId: 0,conID: 2 locID: 102269149505847571 bcsId: 0,conID: 3 locID: 102269149509910804 bcsId: 0,conID: 1 locID: 102269149511221525 bcsId: 0,conID: 2 locID: 102269149516726550 bcsId: 0,conID: 3 locID: 102269149518233879 bcsId: 0,conID: 1 locID: 102269149519413528 bcsId: 0,conID: 2 locID: 102269149523280153 bcsId: 0,conID: 3 locID: 102269149527343386 bcsId: 0,conID: 1 locID: 102269149532979483 bcsId: 0,conID: 2 locID: 102269149534486812 bcsId: 0,conID: 3 locID: 102269149537304861 bcsId: 0,conID: 1 locID: 102269149540909342 bcsId: 0,conID: 2 locID: 102269149542154527 bcsId: 0,conID: 3 locID: 102269149543530784 bcsId: 0,conID: 1 locID: 102269149549035809 bcsId: 0,conID: 2 locID: 102269149550215458 bcsId: 0,conID: 3 locID: 102269149551460643 bcsId: 0,conID: 1 locID: 102269149557817636 bcsId: 0,conID: 2 locID: 102269149559390501 bcsId: 0,conID: 3 locID: 102269149564895526 bcsId: 0,conID: 1 locID: 102269149566140711 bcsId: 0,conID: 2 locID: 102269149567320360 bcsId: 0,conID: 3 locID: 102269149571449129 bcsId: 0,conID: 1 locID: 102269149572956458 bcsId: 0,conID: 2 locID: 102269149574136107 bcsId: 0,conID: 3 locID: 102269149579706668 bcsId: 0,conID: 1 locID: 102269149580951853 bcsId: 0,conID: 2 locID: 102269149584884014 bcsId: 0,conID: 3 locID: 102269149589274927 bcsId: 0,conID: 1 locID: 102269149590585648 bcsId: 0,conID: 2 locID: 102269149596287281 bcsId: 0,conID: 3 locID: 102269149597860146 bcsId: 0,conID: 1 locID: 102269149599236403 bcsId: 0,conID: 2 locID: 102269149603168564 bcsId: 0,conID: 3 locID: 102269149604348213 bcsId: 0,conID: 1 locID: 102269149605527862 bcsId: 0,conID: 2 locID: 102269149611032887 bcsId: 0,conID: 3 locID: 102269149627613496 bcsId: 0,conID: 1 locID: 102269149631152441 bcsId: 0,conID: 2 locID: 102269149632397626 bcsId: 0,conID: 3 locID: 102269149633511739 bcsId: 0,conID: 1 locID: 102269149639082300 bcsId: 0,conID: 2 locID: 102269149640589629 bcsId: 0,conID: 3 locID: 102269149641900350 bcsId: 0,conID: 1 locID: 102269149646094655 bcsId: 0,conID: 2 locID: 102269149647470912 bcsId: 0,conID: 3 locID: 102269149649174849 bcsId: 0,conID: 1 locID: 102269149657760066 bcsId: 0,conID: 2 locID: 102269149659136323 bcsId: 0,conID: 3 locID: 102269149663002948 bcsId: 0,conID: 1 locID: 102269149664248133 bcsId: 0,conID: 2 locID: 102269149665427782 bcsId: 0,conID: 3 locID: 102269149672898887 bcsId: 0,conID: 1 locID: 102269149674209608 bcsId: 0,conID: 2 locID: 102269149676962121 bcsId: 0,conID: 3 locID: 102269149679059274 bcsId: 0,conID: 1 locID: 102269149681549643 bcsId: 0,conID: 2 locID: 102269149682860364 bcsId: 0,conID: 3 locID: 102269149691445581 bcsId: 0,conID: 1 locID: 102269149692887374 bcsId: 0,conID: 2 locID: 102269149697147215 bcsId: 0,conID: 3 locID: 102269149698326864 bcsId: 0,conID: 1 locID: 102269149699768657 bcsId: 0,conID: 2 locID: 102269149701734738 bcsId: 0,conID: 3 locID: 102269149707370835 bcsId: 0,conID: 1 locID: 102269149711040852 bcsId: 0,conID: 2 locID: 102269149712810325 bcsId: 0,conID: 3 locID: 102269149714121046 bcsId: 0,conID: 1 locID: 102269149715366231 bcsId: 0,conID: 2 locID: 102269149723754840 bcsId: 0,conID: 3 locID: 102269149725065561 bcsId: 0,conID: 1 locID: 102269149728997722 bcsId: 0,conID: 2 locID: 102269149730373979 bcsId: 0,conID: 3 locID: 102269149731553628 bcsId: 0,conID: 1 locID: 102269149732798813 bcsId: 0,conID: 2 locID: 102269149738369374 bcsId: 0,conID: 3 locID: 102269149741908319 bcsId: 0,conID: 1 locID: 102269149743284576 bcsId: 0,conID: 2 locID: 102269149744595297 bcsId: 0,conID: 3 locID: 102269149763010914 bcsId: 0,conID: 1 locID: 102269149768647011 bcsId: 0,conID: 2 locID: 102269149770088804 bcsId: 0,conID: 3 locID: 102269149773889893 bcsId: 0,conID: 1 locID: 102269149775266150 bcsId: 0,conID: 2 locID: 102269149776642407 bcsId: 0,conID: 3 locID: 102269149777822056 bcsId: 0,conID: 1 locID: 102269149783458153 bcsId: 0,conID: 2 locID: 102269149786931562 bcsId: 0,conID: 3 locID: 102269149790601579 bcsId: 0,conID: 1 locID: 102269149792108908 bcsId: 0,conID: 2 locID: 102269149793419629 bcsId: 0,conID: 3 locID: 102269149799121262 bcsId: 0,conID: 1 locID: 102269149802791279 bcsId: 0,conID: 2 locID: 102269149804167536 bcsId: 0,conID: 3 locID: 102269149805478257 bcsId: 0,conID: 1 locID: 102269149806920050 bcsId: 0,conID: 2 locID: 102269149808230771 bcsId: 0,conID: 3 locID: 102269149813932404 bcsId: 0,conID: 1 locID: 102269149820223861 bcsId: 0,conID: 2 locID: 102269149821469046 bcsId: 0,conID: 3 locID: 102269149823369591 bcsId: 0,conID: 1 locID: 102269149824745848 bcsId: 0,conID: 2 locID: 102269149830578553 bcsId: 0,conID: 3 locID: 102269149834117498 bcsId: 0,conID: 1 locID: 102269149835297147 bcsId: 0,conID: 2 locID: 102269149836673404 bcsId: 0,conID: 3 locID: 102269149838049661 bcsId: 0,conID: 1 locID: 102269149839425918 bcsId: 0,conID: 2 locID: 102269149848076671 bcsId: 0,conID: 3 locID: 102269149852205440 bcsId: 0,conID: 1 locID: 102269149853712769 bcsId: 0,conID: 2 locID: 102269149855154562 bcsId: 0,conID: 3 locID: 102269149856792963 bcsId: 0,conID: 1 locID: 102269149863608708 bcsId: 0,conID: 2 locID: 102269149867868549 bcsId: 0,conID: 3 locID: 102269149869375878 bcsId: 0,conID: 1 locID: 102269149870752135 bcsId: 0,conID: 2 locID: 102269149872062856 bcsId: 0,conID: 3 locID: 102269149873439113 bcsId: 0,conID: 1 locID: 102269149899456906 bcsId: 0,conID: 2 locID: 102269149901029771 bcsId: 0,conID: 3 locID: 102269149902274956 bcsId: 0,conID: 1 locID: 102269149903454605 bcsId: 0,conID: 2 locID: 102269149904699790 bcsId: 0,conID: 3 locID: 102269149910270351 bcsId: 0,conID: 1 locID: 102269149913874832 bcsId: 0,conID: 2 locID: 102269149915513233 bcsId: 0,conID: 3 locID: 102269149916758418 bcsId: 0,conID: 1 locID: 102269149920625043 bcsId: 0,conID: 2 locID: 102269149922001300 bcsId: 0,conID: 3 locID: 102269149930324373 bcsId: 0,conID: 1 locID: 102269149931700630 bcsId: 0,conID: 2 locID: 102269149933076887 bcsId: 0,conID: 3 locID: 102269149935698328 bcsId: 0,conID: 1 locID: 102269149937205657 bcsId: 0,conID: 2 locID: 102269149945201050 bcsId: 0,conID: 3 locID: 102269149946380699 bcsId: 0,conID: 1 locID: 102269149947625884 bcsId: 0,conID: 2 locID: 102269149951558045 bcsId: 0,conID: 3 locID: 102269149952868766 bcsId: 0,conID: 1 locID: 102269149954113951 bcsId: 0,conID: 2 locID: 102269149962764704 bcsId: 0,conID: 3 locID: 102269149964140961 bcsId: 0,conID: 1 locID: 102269149965320610 bcsId: 0,conID: 2 locID: 102269149966500259 bcsId: 0,conID: 3 locID: 102269149967745444 bcsId: 0,conID: 1 locID: 102269149973578149 bcsId: 0,conID: 2 locID: 102269149977772454 bcsId: 0,conID: 3 locID: 102269149979083175 bcsId: 0,conID: 1 locID: 102269149980328360 bcsId: 0,conID: 2 locID: 102269149981966761 bcsId: 0,conID: 3 locID: 102269149983867306 bcsId: 0,conID: 1 locID: 102269149990027691 bcsId: 0,conID: 2 locID: 102269149991272876 bcsId: 0,conID: 3 locID: 102269149992518061 bcsId: 0,conID: 1 locID: 102269149993763246 bcsId: 0,conID: 2 locID: 102269149994942895 bcsId: 0,conID: 3 locID: 102269150019060144 bcsId: 0,conID: 1 locID: 102269150020436401 bcsId: 0,conID: 2 locID: 102269150021878194 bcsId: 0,conID: 3 locID: 102269150023319987 bcsId: 0,conID: 1 locID: 102269150024696244 bcsId: 0,conID: 2 locID: 102269150028890549 bcsId: 0,conID: 3 locID: 102269150036296118 bcsId: 0,conID: 1 locID: 102269150039179703 bcsId: 0,conID: 2 locID: 102269150041801144 bcsId: 0,conID: 3 locID: 102269150045667769 bcsId: 0,conID: 1 locID: 102269150047502778 bcsId: 0,conID: 2 locID: 102269150056546747 bcsId: 0,conID: 3 locID: 102269150063821244 bcsId: 0,conID: 1 locID: 102269150065852861 bcsId: 0,conID: 2 locID: 102269150067491262 bcsId: 0,conID: 3 locID: 102269150069064127 bcsId: 0,conID: 1 locID: 102269150072734144 bcsId: 0,conID: 2 locID: 102269150078632385 bcsId: 0,conID: 3 locID: 102269150079943106 bcsId: 0,conID: 1 locID: 102269150081319363 bcsId: 0,conID: 2 locID: 102269150085382596 bcsId: 0,conID: 3 locID: 102269150086955461 bcsId: 0,conID: 1 locID: 102269150090625478 bcsId: 0,conID: 2 locID: 102269150096196039 bcsId: 0,conID: 3 locID: 102269150097572296 bcsId: 0,conID: 1 locID: 102269150099210697 bcsId: 0,conID: 2 locID: 102269150100652490 bcsId: 0,conID: 3 locID: 102269150104322507 bcsId: 0,conID: 1 locID: 102269150109893068 bcsId: 0,conID: 2 locID: 102269150111269325 bcsId: 0,conID: 3 locID: 102269150115660238 bcsId: 0,conID: 1 locID: 102269150117167567 bcsId: 0,conID: 2 locID: 102269150120968656 bcsId: 0,conID: 3 locID: 102269150122672593 bcsId: 0,conID: 1 locID: 102269150128767442 bcsId: 0,conID: 2 locID: 102269150130012627 bcsId: 0,conID: 3 locID: 102269150131388884 bcsId: 0,conID: 1 locID: 102269150132830677 bcsId: 0,conID: 2 locID: 102269150136631766 bcsId: 0,conID: 3 locID: 102269150160749015 bcsId: 0,conID: 1 locID: 102269150162321880 bcsId: 0,conID: 2 locID: 102269150163698137 bcsId: 0,conID: 3 locID: 102269150164943322 bcsId: 0,conID: 1 locID: 102269150168809947 bcsId: 0,conID: 2 locID: 102269150170251740 bcsId: 0,conID: 3 locID: 102269150177853917 bcsId: 0,conID: 1 locID: 102269150179164638 bcsId: 0,conID: 2 locID: 102269150180409823 bcsId: 0,conID: 3 locID: 102269150181655008 bcsId: 0,conID: 1 locID: 102269150185390561 bcsId: 0,conID: 2 locID: 102269150194041314 bcsId: 0,conID: 3 locID: 102269150195286499 bcsId: 0,conID: 1 locID: 102269150196597220 bcsId: 0,conID: 2 locID: 102269150197842405 bcsId: 0,conID: 3 locID: 102269150201381350 bcsId: 0,conID: 1 locID: 102269150202757607 bcsId: 0,conID: 2 locID: 102269150208262632 bcsId: 0,conID: 3 locID: 102269150209638889 bcsId: 0,conID: 1 locID: 102269150210884074 bcsId: 0,conID: 2 locID: 102269150217372139 bcsId: 0,conID: 3 locID: 102269150218813932 bcsId: 0,conID: 1 locID: 102269150224646637 bcsId: 0,conID: 2 locID: 102269150226547182 bcsId: 0,conID: 3 locID: 102269150228120047 bcsId: 0,conID: 1 locID: 102269150229365232 bcsId: 0,conID: 2 locID: 102269150233231857 bcsId: 0,conID: 3 locID: 102269150234477042 bcsId: 0,conID: 1 locID: 102269150240047603 bcsId: 0,conID: 2 locID: 102269150241292788 bcsId: 0,conID: 3 locID: 102269150245290485 bcsId: 0,conID: 1 locID: 102269150248894966 bcsId: 0,conID: 2 locID: 102269150250795511 bcsId: 0,conID: 3 locID: 102269150257218040 bcsId: 0,conID: 1 locID: 102269150258528761 bcsId: 0,conID: 2 locID: 102269150259773946 bcsId: 0,conID: 3 locID: 102269150261084667 bcsId: 0,conID: 1 locID: 102269150264623612 bcsId: 0,conID: 2 locID: 102269150265999869 bcsId: 0,conID: 3 locID: 102269150271767038 bcsId: 0,conID: 1 locID: 102269150290444799 bcsId: 0,conID: 2 locID: 102269150291886592 bcsId: 0,conID: 3 locID: 102269150295949825 bcsId: 0,conID: 1 locID: 102269150297391618 bcsId: 0,conID: 2 locID: 102269150303158787 bcsId: 0,conID: 3 locID: 102269150304403972 bcsId: 0,conID: 1 locID: 102269150306042373 bcsId: 0,conID: 2 locID: 102269150309843462 bcsId: 0,conID: 3 locID: 102269150311088647 bcsId: 0,conID: 1 locID: 102269150312530440 bcsId: 0,conID: 2 locID: 102269150320853513 bcsId: 0,conID: 3 locID: 102269150322164234 bcsId: 0,conID: 1 locID: 102269150323540491 bcsId: 0,conID: 2 locID: 102269150327144972 bcsId: 0,conID: 3 locID: 102269150328390157 bcsId: 0,conID: 1 locID: 102269150334222862 bcsId: 0,conID: 2 locID: 102269150335468047 bcsId: 0,conID: 3 locID: 102269150337761808 bcsId: 0,conID: 1 locID: 102269150342152721 bcsId: 0,conID: 2 locID: 102269150343397906 bcsId: 0,conID: 3 locID: 102269150344708627 bcsId: 0,conID: 1 locID: 102269150353097236 bcsId: 0,conID: 2 locID: 102269150354407957 bcsId: 0,conID: 3 locID: 102269150355849750 bcsId: 0,conID: 1 locID: 102269150359650839 bcsId: 0,conID: 2 locID: 102269150360961560 bcsId: 0,conID: 3 locID: 102269150367580697 bcsId: 0,conID: 1 locID: 102269150370071066 bcsId: 0,conID: 2 locID: 102269150372561435 bcsId: 0,conID: 3 locID: 102269150376886812 bcsId: 0,conID: 1 locID: 102269150383047197 bcsId: 0,conID: 2 locID: 102269150388879902 bcsId: 0,conID: 3 locID: 102269150395105823 bcsId: 0,conID: 1 locID: 102269150396482080 bcsId: 0,conID: 2 locID: 102269150400741921 bcsId: 0,conID: 3 locID: 102269150402052642 bcsId: 0,conID: 1 locID: 102269150403559971 bcsId: 0,conID: 2 locID: 102269150409261604 bcsId: 0,conID: 3 locID: 102269150411555365 bcsId: 0,conID: 1 locID: 102269150432133670 bcsId: 0,conID: 2 locID: 102269150436000295 bcsId: 0,conID: 3 locID: 102269150437573160 bcsId: 0,conID: 1 locID: 102269150439080489 bcsId: 0
2019-06-14 09:09:54,537 DEBUG block.SCMBlockDeletingService (SCMBlockDeletingService.java:call(138)) - Running DeletedBlockTransactionScanner
2019-06-14 09:09:54,537 DEBUG block.SCMBlockDeletingService (SCMBlockDeletingService.java:call(155)) - Scanned deleted blocks log and got 0 delTX to process.
2019-06-14 09:09:54,637 DEBUG block.SCMBlockDeletingService (SCMBlockDeletingService.java:call(138)) - Running DeletedBlockTransactionScanner
2019-06-14 09:09:54,637 DEBUG block.SCMBlockDeletingService (SCMBlockDeletingService.java:call(155)) - Scanned deleted blocks log and got 0 delTX to process.
2019-06-14 09:09:54,738 DEBUG block.SCMBlockDeletingService (SCMBlockDeletingService.java:call(138)) - Running DeletedBlockTransactionScanner
2019-06-14 09:09:54,738 DEBUG block.SCMBlockDeletingService (SCMBlockDeletingService.java:call(155)) - Scanned deleted blocks log and got 0 delTX to process.
2019-06-14 09:09:54,838 DEBUG block.SCMBlockDeletingService (SCMBlockDeletingService.java:call(138)) - Running DeletedBlockTransactionScanner
2019-06-14 09:09:54,838 DEBUG block.SCMBlockDeletingService (SCMBlockDeletingService.java:call(155)) - Scanned deleted blocks log and got 0 delTX to process.
2019-06-14 09:09:54,938 DEBUG block.SCMBlockDeletingService (SCMBlockDeletingService.java:call(138)) - Running DeletedBlockTransactionScanner
2019-06-14 09:09:54,939 DEBUG block.SCMBlockDeletingService (SCMBlockDeletingService.java:call(155)) - Scanned deleted blocks log and got 0 delTX to process.
2019-06-14 09:09:55,039 DEBUG block.SCMBlockDeletingService (SCMBlockDeletingService.java:call(138)) - Running DeletedBlockTransactionScanner
2019-06-14 09:09:55,039 DEBUG block.SCMBlockDeletingService (SCMBlockDeletingService.java:call(155)) - Scanned deleted blocks log and got 0 delTX to process.
2019-06-14 09:09:55,139 DEBUG block.SCMBlockDeletingService (SCMBlockDeletingService.java:call(138)) - Running DeletedBlockTransactionScanner
2019-06-14 09:09:55,139 DEBUG block.SCMBlockDeletingService (SCMBlockDeletingService.java:call(155)) - Scanned deleted blocks log and got 0 delTX to process.
2019-06-14 09:09:55,240 DEBUG block.SCMBlockDeletingService (SCMBlockDeletingService.java:call(138)) - Running DeletedBlockTransactionScanner
2019-06-14 09:09:55,240 DEBUG block.SCMBlockDeletingService (SCMBlockDeletingService.java:call(155)) - Scanned deleted blocks log and got 0 delTX to process.
2019-06-14 09:09:55,340 DEBUG block.SCMBlockDeletingService (SCMBlockDeletingService.java:call(138)) - Running DeletedBlockTransactionScanner
2019-06-14 09:09:55,340 DEBUG block.SCMBlockDeletingService (SCMBlockDeletingService.java:call(155)) - Scanned deleted blocks log and got 0 delTX to process.
2019-06-14 09:09:55,440 DEBUG block.SCMBlockDeletingService (SCMBlockDeletingService.java:call(138)) - Running DeletedBlockTransactionScanner
2019-06-14 09:09:55,441 DEBUG block.SCMBlockDeletingService (SCMBlockDeletingService.java:call(155)) - Scanned deleted blocks log and got 0 delTX to process.
2019-06-14 09:09:55,541 DEBUG block.SCMBlockDeletingService (SCMBlockDeletingService.java:call(138)) - Running DeletedBlockTransactionScanner
2019-06-14 09:09:55,541 DEBUG block.SCMBlockDeletingService (SCMBlockDeletingService.java:call(155)) - Scanned deleted blocks log and got 0 delTX to process.
2019-06-14 09:09:55,641 DEBUG block.SCMBlockDeletingService (SCMBlockDeletingService.java:call(138)) - Running DeletedBlockTransactionScanner
2019-06-14 09:09:55,641 DEBUG block.SCMBlockDeletingService (SCMBlockDeletingService.java:call(155)) - Scanned deleted blocks log and got 0 delTX to process.
2019-06-14 09:09:55,741 DEBUG block.SCMBlockDeletingService (SCMBlockDeletingService.java:call(138)) - Running DeletedBlockTransactionScanner
2019-06-14 09:09:55,742 DEBUG block.SCMBlockDeletingService (SCMBlockDeletingService.java:call(155)) - Scanned deleted blocks log and got 0 delTX to process.
2019-06-14 09:09:55,842 DEBUG block.SCMBlockDeletingService (SCMBlockDeletingService.java:call(138)) - Running DeletedBlockTransactionScanner
2019-06-14 09:09:55,842 DEBUG block.SCMBlockDeletingService (SCMBlockDeletingService.java:call(155)) - Scanned deleted blocks log and got 0 delTX to process.
2019-06-14 09:09:55,942 DEBUG block.SCMBlockDeletingService (SCMBlockDeletingService.java:call(138)) - Running DeletedBlockTransactionScanner
2019-06-14 09:09:55,942 DEBUG block.SCMBlockDeletingService (SCMBlockDeletingService.java:call(155)) - Scanned deleted blocks log and got 0 delTX to process.
2019-06-14 09:09:56,043 DEBUG block.SCMBlockDeletingService (SCMBlockDeletingService.java:call(138)) - Running DeletedBlockTransactionScanner
2019-06-14 09:09:56,043 DEBUG block.SCMBlockDeletingService (SCMBlockDeletingService.java:call(155)) - Scanned deleted blocks log and got 0 delTX to process.
2019-06-14 09:09:56,143 DEBUG block.SCMBlockDeletingService (SCMBlockDeletingService.java:call(138)) - Running DeletedBlockTransactionScanner
2019-06-14 09:09:56,143 DEBUG block.SCMBlockDeletingService (SCMBlockDeletingService.java:call(155)) - Scanned deleted blocks log and got 0 delTX to process.
2019-06-14 09:09:56,243 DEBUG block.SCMBlockDeletingService (SCMBlockDeletingService.java:call(138)) - Running DeletedBlockTransactionScanner
2019-06-14 09:09:56,244 DEBUG block.SCMBlockDeletingService (SCMBlockDeletingService.java:call(155)) - Scanned deleted blocks log and got 0 delTX to process.
2019-06-14 09:09:56,344 DEBUG block.SCMBlockDeletingService (SCMBlockDeletingService.java:call(138)) - Running DeletedBlockTransactionScanner
2019-06-14 09:09:56,344 DEBUG block.SCMBlockDeletingService (SCMBlockDeletingService.java:call(155)) - Scanned deleted blocks log and got 0 delTX to process.
2019-06-14 09:09:56,444 DEBUG block.SCMBlockDeletingService (SCMBlockDeletingService.java:call(138)) - Running DeletedBlockTransactionScanner
2019-06-14 09:09:56,444 DEBUG block.SCMBlockDeletingService (SCMBlockDeletingService.java:call(155)) - Scanned deleted blocks log and got 0 delTX to process.
2019-06-14 09:09:56,545 DEBUG block.SCMBlockDeletingService (SCMBlockDeletingService.java:call(138)) - Running DeletedBlockTransactionScanner
2019-06-14 09:09:56,545 DEBUG block.SCMBlockDeletingService (SCMBlockDeletingService.java:call(155)) - Scanned deleted blocks log and got 0 delTX to process.
2019-06-14 09:09:56,645 DEBUG block.SCMBlockDeletingService (SCMBlockDeletingService.java:call(138)) - Running DeletedBlockTransactionScanner
2019-06-14 09:09:56,646 DEBUG block.SCMBlockDeletingService (SCMBlockDeletingService.java:call(155)) - Scanned deleted blocks log and got 0 delTX to process.
2019-06-14 09:09:56,746 DEBUG block.SCMBlockDeletingService (SCMBlockDeletingService.java:call(138)) - Running DeletedBlockTransactionScanner
2019-06-14 09:09:56,746 DEBUG block.SCMBlockDeletingService (SCMBlockDeletingService.java:call(155)) - Scanned deleted blocks log and got 0 delTX to process.
2019-06-14 09:09:56,846 DEBUG block.SCMBlockDeletingService (SCMBlockDeletingService.java:call(138)) - Running DeletedBlockTransactionScanner
2019-06-14 09:09:56,847 DEBUG block.SCMBlockDeletingService (SCMBlockDeletingService.java:call(155)) - Scanned deleted blocks log and got 0 delTX to process.
2019-06-14 09:09:56,947 DEBUG block.SCMBlockDeletingService (SCMBlockDeletingService.java:call(138)) - Running DeletedBlockTransactionScanner
2019-06-14 09:09:56,947 DEBUG block.SCMBlockDeletingService (SCMBlockDeletingService.java:call(155)) - Scanned deleted blocks log and got 0 delTX to process.
2019-06-14 09:09:57,047 DEBUG block.SCMBlockDeletingService (SCMBlockDeletingService.java:call(138)) - Running DeletedBlockTransactionScanner
2019-06-14 09:09:57,047 DEBUG block.SCMBlockDeletingService (SCMBlockDeletingService.java:call(155)) - Scanned deleted blocks log and got 0 delTX to process.
2019-06-14 09:09:57,148 DEBUG block.SCMBlockDeletingService (SCMBlockDeletingService.java:call(138)) - Running DeletedBlockTransactionScanner
2019-06-14 09:09:57,148 DEBUG block.SCMBlockDeletingService (SCMBlockDeletingService.java:call(155)) - Scanned deleted blocks log and got 0 delTX to process.
2019-06-14 09:09:57,248 DEBUG block.SCMBlockDeletingService (SCMBlockDeletingService.java:call(138)) - Running DeletedBlockTransactionScanner
2019-06-14 09:09:57,248 DEBUG block.SCMBlockDeletingService (SCMBlockDeletingService.java:call(155)) - Scanned deleted blocks log and got 0 delTX to process.
2019-06-14 09:09:57,348 DEBUG block.SCMBlockDeletingService (SCMBlockDeletingService.java:call(138)) - Running DeletedBlockTransactionScanner
2019-06-14 09:09:57,349 DEBUG block.SCMBlockDeletingService (SCMBlockDeletingService.java:call(155)) - Scanned deleted blocks log and got 0 delTX to process.
2019-06-14 09:09:57,449 DEBUG block.SCMBlockDeletingService (SCMBlockDeletingService.java:call(138)) - Running DeletedBlockTransactionScanner
2019-06-14 09:09:57,449 DEBUG block.SCMBlockDeletingService (SCMBlockDeletingService.java:call(155)) - Scanned deleted blocks log and got 0 delTX to process.
2019-06-14 09:09:57,549 DEBUG block.SCMBlockDeletingService (SCMBlockDeletingService.java:call(138)) - Running DeletedBlockTransactionScanner
2019-06-14 09:09:57,549 DEBUG block.SCMBlockDeletingService (SCMBlockDeletingService.java:call(155)) - Scanned deleted blocks log and got 0 delTX to process.
2019-06-14 09:09:57,650 DEBUG block.SCMBlockDeletingService (SCMBlockDeletingService.java:call(138)) - Running DeletedBlockTransactionScanner
2019-06-14 09:09:57,650 DEBUG block.SCMBlockDeletingService (SCMBlockDeletingService.java:call(155)) - Scanned deleted blocks log and got 0 delTX to process.
2019-06-14 09:09:57,750 DEBUG block.SCMBlockDeletingService (SCMBlockDeletingService.java:call(138)) - Running DeletedBlockTransactionScanner
2019-06-14 09:09:57,750 DEBUG block.SCMBlockDeletingService (SCMBlockDeletingService.java:call(155)) - Scanned deleted blocks log and got 0 delTX to process.
2019-06-14 09:09:57,850 DEBUG block.SCMBlockDeletingService (SCMBlockDeletingService.java:call(138)) - Running DeletedBlockTransactionScanner
2019-06-14 09:09:57,851 DEBUG block.SCMBlockDeletingService (SCMBlockDeletingService.java:call(155)) - Scanned deleted blocks log and got 0 delTX to process.
2019-06-14 09:09:57,951 DEBUG block.SCMBlockDeletingService (SCMBlockDeletingService.java:call(138)) - Running DeletedBlockTransactionScanner
2019-06-14 09:09:57,951 DEBUG block.SCMBlockDeletingService (SCMBlockDeletingService.java:call(155)) - Scanned deleted blocks log and got 0 delTX to process.
2019-06-14 09:09:58,051 DEBUG block.SCMBlockDeletingService (SCMBlockDeletingService.java:call(138)) - Running DeletedBlockTransactionScanner
2019-06-14 09:09:58,051 DEBUG block.SCMBlockDeletingService (SCMBlockDeletingService.java:call(155)) - Scanned deleted blocks log and got 0 delTX to process.
2019-06-14 09:09:58,151 DEBUG block.SCMBlockDeletingService (SCMBlockDeletingService.java:call(138)) - Running DeletedBlockTransactionScanner
2019-06-14 09:09:58,152 DEBUG block.SCMBlockDeletingService (SCMBlockDeletingService.java:call(155)) - Scanned deleted blocks log and got 0 delTX to process.
2019-06-14 09:09:58,252 DEBUG block.SCMBlockDeletingService (SCMBlockDeletingService.java:call(138)) - Running DeletedBlockTransactionScanner
2019-06-14 09:09:58,252 DEBUG block.SCMBlockDeletingService (SCMBlockDeletingService.java:call(155)) - Scanned deleted blocks log and got 0 delTX to process.
2019-06-14 09:09:58,352 DEBUG block.SCMBlockDeletingService (SCMBlockDeletingService.java:call(138)) - Running DeletedBlockTransactionScanner
2019-06-14 09:09:58,352 DEBUG block.SCMBlockDeletingService (SCMBlockDeletingService.java:call(155)) - Scanned deleted blocks log and got 0 delTX to process.
2019-06-14 09:09:58,453 DEBUG block.SCMBlockDeletingService (SCMBlockDeletingService.java:call(138)) - Running DeletedBlockTransactionScanner
2019-06-14 09:09:58,453 DEBUG block.SCMBlockDeletingService (SCMBlockDeletingService.java:call(155)) - Scanned deleted blocks log and got 0 delTX to process.
2019-06-14 09:09:58,553 DEBUG block.SCMBlockDeletingService (SCMBlockDeletingService.java:call(138)) - Running DeletedBlockTransactionScanner
2019-06-14 09:09:58,553 DEBUG block.SCMBlockDeletingService (SCMBlockDeletingService.java:call(155)) - Scanned deleted blocks log and got 0 delTX to process.
2019-06-14 09:09:58,653 DEBUG block.SCMBlockDeletingService (SCMBlockDeletingService.java:call(138)) - Running DeletedBlockTransactionScanner
2019-06-14 09:09:58,653 DEBUG block.SCMBlockDeletingService (SCMBlockDeletingService.java:call(155)) - Scanned deleted blocks log and got 0 delTX to process.
2019-06-14 09:09:58,754 DEBUG block.SCMBlockDeletingService (SCMBlockDeletingService.java:call(138)) - Running DeletedBlockTransactionScanner
2019-06-14 09:09:58,754 DEBUG block.SCMBlockDeletingService (SCMBlockDeletingService.java:call(155)) - Scanned deleted blocks log and got 0 delTX to process.
2019-06-14 09:09:58,854 DEBUG block.SCMBlockDeletingService (SCMBlockDeletingService.java:call(138)) - Running DeletedBlockTransactionScanner
2019-06-14 09:09:58,854 DEBUG block.SCMBlockDeletingService (SCMBlockDeletingService.java:call(155)) - Scanned deleted blocks log and got 0 delTX to process.
2019-06-14 09:09:58,954 DEBUG block.SCMBlockDeletingService (SCMBlockDeletingService.java:call(138)) - Running DeletedBlockTransactionScanner
2019-06-14 09:09:58,955 DEBUG block.SCMBlockDeletingService (SCMBlockDeletingService.java:call(155)) - Scanned deleted blocks log and got 0 delTX to process.
2019-06-14 09:09:59,055 DEBUG block.SCMBlockDeletingService (SCMBlockDeletingService.java:call(138)) - Running DeletedBlockTransactionScanner
2019-06-14 09:09:59,055 DEBUG block.SCMBlockDeletingService (SCMBlockDeletingService.java:call(155)) - Scanned deleted blocks log and got 0 delTX to process.
2019-06-14 09:09:59,155 DEBUG block.SCMBlockDeletingService (SCMBlockDeletingService.java:call(138)) - Running DeletedBlockTransactionScanner
2019-06-14 09:09:59,156 DEBUG block.SCMBlockDeletingService (SCMBlockDeletingService.java:call(155)) - Scanned deleted blocks log and got 0 delTX to process.
2019-06-14 09:09:59,256 DEBUG block.SCMBlockDeletingService (SCMBlockDeletingService.java:call(138)) - Running DeletedBlockTransactionScanner
2019-06-14 09:09:59,256 DEBUG block.SCMBlockDeletingService (SCMBlockDeletingService.java:call(155)) - Scanned deleted blocks log and got 0 delTX to process.
2019-06-14 09:09:59,356 DEBUG block.SCMBlockDeletingService (SCMBlockDeletingService.java:call(138)) - Running DeletedBlockTransactionScanner
2019-06-14 09:09:59,357 DEBUG block.SCMBlockDeletingService (SCMBlockDeletingService.java:call(155)) - Scanned deleted blocks log and got 0 delTX to process.
2019-06-14 09:09:59,396 INFO  datanode.ObjectStoreHandler (ObjectStoreHandler.java:close(155)) - Closing ObjectStoreHandler.
2019-06-14 09:09:59,397 INFO  ozone.HddsDatanodeService (HddsDatanodeService.java:stop(452)) - Stopped plug-in org.apache.hadoop.ozone.web.OzoneHddsDatanodeService@575cabf0
2019-06-14 09:09:59,397 INFO  statemachine.DatanodeStateMachine (DatanodeStateMachine.java:lambda$startDaemon$0(350)) - Ozone container server started.
2019-06-14 09:09:59,398 INFO  ozoneimpl.OzoneContainer (OzoneContainer.java:stop(199)) - Attempting to stop container services.
2019-06-14 09:09:59,399 INFO  impl.RaftServerProxy (RaftServerProxy.java:lambda$close$4(314)) - e6065258-5a2c-4a72-9f81-ed1321f551ca: close
2019-06-14 09:09:59,400 INFO  impl.RaftServerImpl (RaftServerImpl.java:lambda$shutdown$3(238)) - e6065258-5a2c-4a72-9f81-ed1321f551ca: shutdown group-13364FE26125
2019-06-14 09:09:59,400 INFO  util.JmxRegister (JmxRegister.java:unregister(73)) - Successfully un-registered JMX Bean with object name Ratis:service=RaftServer,group=group-13364FE26125,id=e6065258-5a2c-4a72-9f81-ed1321f551ca
2019-06-14 09:09:59,401 INFO  impl.RoleInfo (RoleInfo.java:shutdownLeaderState(104)) - e6065258-5a2c-4a72-9f81-ed1321f551ca: shutdown LeaderState
2019-06-14 09:09:59,401 INFO  impl.PendingRequests (PendingRequests.java:sendNotLeaderResponses(140)) - e6065258-5a2c-4a72-9f81-ed1321f551ca-PendingRequests: sendNotLeaderResponses
2019-06-14 09:09:59,404 INFO  impl.StateMachineUpdater (StateMachineUpdater.java:stopAndJoin(109)) - StateMachineUpdater-e6065258-5a2c-4a72-9f81-ed1321f551ca-group-13364FE26125: set stopIndex = 7189
2019-06-14 09:09:59,404 INFO  ratis.ContainerStateMachine (ContainerStateMachine.java:takeSnapshot(245)) - Taking snapshot at termIndex:(t:1, i:7188)
2019-06-14 09:09:59,405 INFO  ratis.ContainerStateMachine (ContainerStateMachine.java:takeSnapshot(249)) - Taking a snapshot to file /opt/src/hadoop-ozone/integration-test/target/test-dir/MiniOzoneClusterImpl-a56da109-a1cb-4168-8966-62306f2f2d23/datanode-0/data/ratis/920138aa-6f47-4d6d-b5cc-13364fe26125/sm/snapshot.1_7188
2019-06-14 09:09:59,413 INFO  impl.RaftServerImpl (ServerState.java:close(394)) - e6065258-5a2c-4a72-9f81-ed1321f551ca:group-13364FE26125 closes. The last applied log index is 7189
2019-06-14 09:09:59,418 INFO  storage.RaftLogWorker (RaftLogWorker.java:close(168)) - e6065258-5a2c-4a72-9f81-ed1321f551ca-RaftLogWorker close()
2019-06-14 09:09:59,419 INFO  server.GrpcService (GrpcService.java:closeImpl(154)) - e6065258-5a2c-4a72-9f81-ed1321f551ca: shutdown server with port 44531 now
2019-06-14 09:09:59,422 INFO  server.GrpcService (GrpcService.java:closeImpl(162)) - e6065258-5a2c-4a72-9f81-ed1321f551ca: shutdown server with port 44531 successfully
2019-06-14 09:09:59,425 WARN  fs.CachingGetSpaceUsed (CachingGetSpaceUsed.java:run(183)) - Thread Interrupted waiting to refresh disk information: sleep interrupted
2019-06-14 09:09:59,436 INFO  statemachine.DatanodeStateMachine (DatanodeStateMachine.java:stopDaemon(395)) - Ozone container server stopped.
2019-06-14 09:09:59,440 INFO  handler.ContextHandler (ContextHandler.java:doStop(910)) - Stopped o.e.j.w.WebAppContext@36c0d0bd{/,null,UNAVAILABLE}{/hddsDatanode}
2019-06-14 09:09:59,443 INFO  server.AbstractConnector (AbstractConnector.java:doStop(318)) - Stopped ServerConnector@404423be{HTTP/1.1,[http/1.1]}{0.0.0.0:0}
2019-06-14 09:09:59,443 INFO  handler.ContextHandler (ContextHandler.java:doStop(910)) - Stopped o.e.j.s.ServletContextHandler@4f5f6e45{/static,jar:file:/root/.m2/repository/org/apache/hadoop/hadoop-hdds-container-service/0.5.0-SNAPSHOT/hadoop-hdds-container-service-0.5.0-SNAPSHOT.jar!/webapps/static,UNAVAILABLE}
2019-06-14 09:09:59,444 INFO  handler.ContextHandler (ContextHandler.java:doStop(910)) - Stopped o.e.j.s.ServletContextHandler@6438a7fe{/logs,file:///opt/src/hadoop-ozone/integration-test/target/log,UNAVAILABLE}
2019-06-14 09:09:59,457 DEBUG block.SCMBlockDeletingService (SCMBlockDeletingService.java:call(138)) - Running DeletedBlockTransactionScanner
2019-06-14 09:09:59,459 DEBUG block.SCMBlockDeletingService (SCMBlockDeletingService.java:call(155)) - Scanned deleted blocks log and got 3 delTX to process.
2019-06-14 09:09:59,462 DEBUG block.SCMBlockDeletingService (SCMBlockDeletingService.java:call(171)) - Added delete block command for datanode e6065258-5a2c-4a72-9f81-ed1321f551ca in the queue, number of delete block transactions: 3, TxID list: 1,2,3
2019-06-14 09:09:59,463 INFO  block.SCMBlockDeletingService (SCMBlockDeletingService.java:call(182)) - Totally added 3 delete blocks command for 1 datanodes, task elapsed time: 6ms
2019-06-14 09:09:59,563 DEBUG block.SCMBlockDeletingService (SCMBlockDeletingService.java:call(138)) - Running DeletedBlockTransactionScanner
2019-06-14 09:09:59,564 DEBUG block.SCMBlockDeletingService (SCMBlockDeletingService.java:call(155)) - Scanned deleted blocks log and got 3 delTX to process.
2019-06-14 09:09:59,564 DEBUG block.SCMBlockDeletingService (SCMBlockDeletingService.java:call(171)) - Added delete block command for datanode e6065258-5a2c-4a72-9f81-ed1321f551ca in the queue, number of delete block transactions: 3, TxID list: 1,2,3
2019-06-14 09:09:59,564 INFO  block.SCMBlockDeletingService (SCMBlockDeletingService.java:call(182)) - Totally added 3 delete blocks command for 1 datanodes, task elapsed time: 0ms
2019-06-14 09:09:59,664 DEBUG block.SCMBlockDeletingService (SCMBlockDeletingService.java:call(138)) - Running DeletedBlockTransactionScanner
2019-06-14 09:09:59,664 DEBUG block.SCMBlockDeletingService (SCMBlockDeletingService.java:call(155)) - Scanned deleted blocks log and got 3 delTX to process.
2019-06-14 09:09:59,665 DEBUG block.SCMBlockDeletingService (SCMBlockDeletingService.java:call(171)) - Added delete block command for datanode e6065258-5a2c-4a72-9f81-ed1321f551ca in the queue, number of delete block transactions: 3, TxID list: 1,2,3
2019-06-14 09:09:59,665 INFO  block.SCMBlockDeletingService (SCMBlockDeletingService.java:call(182)) - Totally added 3 delete blocks command for 1 datanodes, task elapsed time: 0ms
2019-06-14 09:09:59,765 DEBUG block.SCMBlockDeletingService (SCMBlockDeletingService.java:call(138)) - Running DeletedBlockTransactionScanner
2019-06-14 09:09:59,765 DEBUG block.SCMBlockDeletingService (SCMBlockDeletingService.java:call(155)) - Scanned deleted blocks log and got 3 delTX to process.
2019-06-14 09:09:59,766 DEBUG block.SCMBlockDeletingService (SCMBlockDeletingService.java:call(171)) - Added delete block command for datanode e6065258-5a2c-4a72-9f81-ed1321f551ca in the queue, number of delete block transactions: 3, TxID list: 1,2,3
2019-06-14 09:09:59,766 INFO  block.SCMBlockDeletingService (SCMBlockDeletingService.java:call(182)) - Totally added 3 delete blocks command for 1 datanodes, task elapsed time: 1ms
2019-06-14 09:09:59,866 DEBUG block.SCMBlockDeletingService (SCMBlockDeletingService.java:call(138)) - Running DeletedBlockTransactionScanner
2019-06-14 09:09:59,866 DEBUG block.SCMBlockDeletingService (SCMBlockDeletingService.java:call(155)) - Scanned deleted blocks log and got 3 delTX to process.
2019-06-14 09:09:59,866 DEBUG block.SCMBlockDeletingService (SCMBlockDeletingService.java:call(171)) - Added delete block command for datanode e6065258-5a2c-4a72-9f81-ed1321f551ca in the queue, number of delete block transactions: 3, TxID list: 1,2,3
2019-06-14 09:09:59,866 INFO  block.SCMBlockDeletingService (SCMBlockDeletingService.java:call(182)) - Totally added 3 delete blocks command for 1 datanodes, task elapsed time: 1ms
2019-06-14 09:09:59,967 DEBUG block.SCMBlockDeletingService (SCMBlockDeletingService.java:call(138)) - Running DeletedBlockTransactionScanner
2019-06-14 09:09:59,967 DEBUG block.SCMBlockDeletingService (SCMBlockDeletingService.java:call(155)) - Scanned deleted blocks log and got 3 delTX to process.
2019-06-14 09:09:59,967 DEBUG block.SCMBlockDeletingService (SCMBlockDeletingService.java:call(171)) - Added delete block command for datanode e6065258-5a2c-4a72-9f81-ed1321f551ca in the queue, number of delete block transactions: 3, TxID list: 1,2,3
2019-06-14 09:09:59,967 INFO  block.SCMBlockDeletingService (SCMBlockDeletingService.java:call(182)) - Totally added 3 delete blocks command for 1 datanodes, task elapsed time: 0ms
2019-06-14 09:10:00,067 DEBUG block.SCMBlockDeletingService (SCMBlockDeletingService.java:call(138)) - Running DeletedBlockTransactionScanner
2019-06-14 09:10:00,068 DEBUG block.SCMBlockDeletingService (SCMBlockDeletingService.java:call(155)) - Scanned deleted blocks log and got 3 delTX to process.
2019-06-14 09:10:00,068 DEBUG block.SCMBlockDeletingService (SCMBlockDeletingService.java:call(171)) - Added delete block command for datanode e6065258-5a2c-4a72-9f81-ed1321f551ca in the queue, number of delete block transactions: 3, TxID list: 1,2,3
2019-06-14 09:10:00,068 INFO  block.SCMBlockDeletingService (SCMBlockDeletingService.java:call(182)) - Totally added 3 delete blocks command for 1 datanodes, task elapsed time: 0ms
2019-06-14 09:10:00,168 DEBUG block.SCMBlockDeletingService (SCMBlockDeletingService.java:call(138)) - Running DeletedBlockTransactionScanner
2019-06-14 09:10:00,168 DEBUG block.SCMBlockDeletingService (SCMBlockDeletingService.java:call(155)) - Scanned deleted blocks log and got 3 delTX to process.
2019-06-14 09:10:00,168 DEBUG block.SCMBlockDeletingService (SCMBlockDeletingService.java:call(171)) - Added delete block command for datanode e6065258-5a2c-4a72-9f81-ed1321f551ca in the queue, number of delete block transactions: 3, TxID list: 1,2,3
2019-06-14 09:10:00,168 INFO  block.SCMBlockDeletingService (SCMBlockDeletingService.java:call(182)) - Totally added 3 delete blocks command for 1 datanodes, task elapsed time: 1ms
2019-06-14 09:10:00,269 DEBUG block.SCMBlockDeletingService (SCMBlockDeletingService.java:call(138)) - Running DeletedBlockTransactionScanner
2019-06-14 09:10:00,269 DEBUG block.SCMBlockDeletingService (SCMBlockDeletingService.java:call(155)) - Scanned deleted blocks log and got 3 delTX to process.
2019-06-14 09:10:00,269 DEBUG block.SCMBlockDeletingService (SCMBlockDeletingService.java:call(171)) - Added delete block command for datanode e6065258-5a2c-4a72-9f81-ed1321f551ca in the queue, number of delete block transactions: 3, TxID list: 1,2,3
2019-06-14 09:10:00,269 INFO  block.SCMBlockDeletingService (SCMBlockDeletingService.java:call(182)) - Totally added 3 delete blocks command for 1 datanodes, task elapsed time: 0ms
2019-06-14 09:10:00,369 DEBUG block.SCMBlockDeletingService (SCMBlockDeletingService.java:call(138)) - Running DeletedBlockTransactionScanner
2019-06-14 09:10:00,370 DEBUG block.SCMBlockDeletingService (SCMBlockDeletingService.java:call(155)) - Scanned deleted blocks log and got 3 delTX to process.
2019-06-14 09:10:00,370 DEBUG block.SCMBlockDeletingService (SCMBlockDeletingService.java:call(171)) - Added delete block command for datanode e6065258-5a2c-4a72-9f81-ed1321f551ca in the queue, number of delete block transactions: 3, TxID list: 1,2,3
2019-06-14 09:10:00,370 INFO  block.SCMBlockDeletingService (SCMBlockDeletingService.java:call(182)) - Totally added 3 delete blocks command for 1 datanodes, task elapsed time: 0ms
2019-06-14 09:10:00,463 INFO  commands.RetriableDatanodeEventWatcher (RetriableDatanodeEventWatcher.java:onTimeout(47)) - RetriableDatanodeCommand type=deleteBlocksCommand with id=1560503399462 timed out. Retrying.
2019-06-14 09:10:00,470 DEBUG block.SCMBlockDeletingService (SCMBlockDeletingService.java:call(138)) - Running DeletedBlockTransactionScanner
2019-06-14 09:10:00,470 DEBUG block.SCMBlockDeletingService (SCMBlockDeletingService.java:call(155)) - Scanned deleted blocks log and got 3 delTX to process.
2019-06-14 09:10:00,470 DEBUG block.SCMBlockDeletingService (SCMBlockDeletingService.java:call(171)) - Added delete block command for datanode e6065258-5a2c-4a72-9f81-ed1321f551ca in the queue, number of delete block transactions: 3, TxID list: 1,2,3
2019-06-14 09:10:00,471 INFO  block.SCMBlockDeletingService (SCMBlockDeletingService.java:call(182)) - Totally added 3 delete blocks command for 1 datanodes, task elapsed time: 1ms
2019-06-14 09:10:00,564 INFO  commands.RetriableDatanodeEventWatcher (RetriableDatanodeEventWatcher.java:onTimeout(47)) - RetriableDatanodeCommand type=deleteBlocksCommand with id=1560503399463 timed out. Retrying.
2019-06-14 09:10:00,571 DEBUG block.SCMBlockDeletingService (SCMBlockDeletingService.java:call(138)) - Running DeletedBlockTransactionScanner
2019-06-14 09:10:00,571 DEBUG block.SCMBlockDeletingService (SCMBlockDeletingService.java:call(155)) - Scanned deleted blocks log and got 3 delTX to process.
2019-06-14 09:10:00,571 DEBUG block.SCMBlockDeletingService (SCMBlockDeletingService.java:call(171)) - Added delete block command for datanode e6065258-5a2c-4a72-9f81-ed1321f551ca in the queue, number of delete block transactions: 3, TxID list: 1,2,3
2019-06-14 09:10:00,571 INFO  block.SCMBlockDeletingService (SCMBlockDeletingService.java:call(182)) - Totally added 3 delete blocks command for 1 datanodes, task elapsed time: 1ms
2019-06-14 09:10:00,665 INFO  commands.RetriableDatanodeEventWatcher (RetriableDatanodeEventWatcher.java:onTimeout(47)) - RetriableDatanodeCommand type=deleteBlocksCommand with id=1560503399464 timed out. Retrying.
2019-06-14 09:10:00,671 DEBUG block.SCMBlockDeletingService (SCMBlockDeletingService.java:call(138)) - Running DeletedBlockTransactionScanner
2019-06-14 09:10:00,672 DEBUG block.SCMBlockDeletingService (SCMBlockDeletingService.java:call(155)) - Scanned deleted blocks log and got 3 delTX to process.
2019-06-14 09:10:00,672 DEBUG block.SCMBlockDeletingService (SCMBlockDeletingService.java:call(171)) - Added delete block command for datanode e6065258-5a2c-4a72-9f81-ed1321f551ca in the queue, number of delete block transactions: 3, TxID list: 1,2,3
2019-06-14 09:10:00,672 INFO  block.SCMBlockDeletingService (SCMBlockDeletingService.java:call(182)) - Totally added 3 delete blocks command for 1 datanodes, task elapsed time: 0ms
2019-06-14 09:10:00,766 INFO  commands.RetriableDatanodeEventWatcher (RetriableDatanodeEventWatcher.java:onTimeout(47)) - RetriableDatanodeCommand type=deleteBlocksCommand with id=1560503399465 timed out. Retrying.
2019-06-14 09:10:00,772 DEBUG block.SCMBlockDeletingService (SCMBlockDeletingService.java:call(138)) - Running DeletedBlockTransactionScanner
2019-06-14 09:10:00,772 DEBUG block.SCMBlockDeletingService (SCMBlockDeletingService.java:call(155)) - Scanned deleted blocks log and got 3 delTX to process.
2019-06-14 09:10:00,772 DEBUG block.SCMBlockDeletingService (SCMBlockDeletingService.java:call(171)) - Added delete block command for datanode e6065258-5a2c-4a72-9f81-ed1321f551ca in the queue, number of delete block transactions: 3, TxID list: 1,2,3
2019-06-14 09:10:00,773 INFO  block.SCMBlockDeletingService (SCMBlockDeletingService.java:call(182)) - Totally added 3 delete blocks command for 1 datanodes, task elapsed time: 1ms
2019-06-14 09:10:00,866 INFO  commands.RetriableDatanodeEventWatcher (RetriableDatanodeEventWatcher.java:onTimeout(47)) - RetriableDatanodeCommand type=deleteBlocksCommand with id=1560503399466 timed out. Retrying.
2019-06-14 09:10:00,873 DEBUG block.SCMBlockDeletingService (SCMBlockDeletingService.java:call(138)) - Running DeletedBlockTransactionScanner
2019-06-14 09:10:00,873 DEBUG block.SCMBlockDeletingService (SCMBlockDeletingService.java:call(155)) - Scanned deleted blocks log and got 3 delTX to process.
2019-06-14 09:10:00,873 DEBUG block.SCMBlockDeletingService (SCMBlockDeletingService.java:call(171)) - Added delete block command for datanode e6065258-5a2c-4a72-9f81-ed1321f551ca in the queue, number of delete block transactions: 3, TxID list: 1,2,3
2019-06-14 09:10:00,873 INFO  block.SCMBlockDeletingService (SCMBlockDeletingService.java:call(182)) - Totally added 3 delete blocks command for 1 datanodes, task elapsed time: 1ms
2019-06-14 09:10:00,945 INFO  ozone.MiniOzoneClusterImpl (MiniOzoneClusterImpl.java:lambda$waitForClusterToBeReady$0(142)) - Waiting for cluster to be ready. Got 1 of 0 DN Heartbeats.
2019-06-14 09:10:00,967 INFO  commands.RetriableDatanodeEventWatcher (RetriableDatanodeEventWatcher.java:onTimeout(47)) - RetriableDatanodeCommand type=deleteBlocksCommand with id=1560503399467 timed out. Retrying.
2019-06-14 09:10:00,973 DEBUG block.SCMBlockDeletingService (SCMBlockDeletingService.java:call(138)) - Running DeletedBlockTransactionScanner
2019-06-14 09:10:00,974 DEBUG block.SCMBlockDeletingService (SCMBlockDeletingService.java:call(155)) - Scanned deleted blocks log and got 3 delTX to process.
2019-06-14 09:10:00,974 DEBUG block.SCMBlockDeletingService (SCMBlockDeletingService.java:call(171)) - Added delete block command for datanode e6065258-5a2c-4a72-9f81-ed1321f551ca in the queue, number of delete block transactions: 3, TxID list: 1,2,3
2019-06-14 09:10:00,974 INFO  block.SCMBlockDeletingService (SCMBlockDeletingService.java:call(182)) - Totally added 3 delete blocks command for 1 datanodes, task elapsed time: 0ms
2019-06-14 09:10:01,068 INFO  commands.RetriableDatanodeEventWatcher (RetriableDatanodeEventWatcher.java:onTimeout(47)) - RetriableDatanodeCommand type=deleteBlocksCommand with id=1560503399468 timed out. Retrying.
2019-06-14 09:10:01,074 DEBUG block.SCMBlockDeletingService (SCMBlockDeletingService.java:call(138)) - Running DeletedBlockTransactionScanner
2019-06-14 09:10:01,074 DEBUG block.SCMBlockDeletingService (SCMBlockDeletingService.java:call(155)) - Scanned deleted blocks log and got 3 delTX to process.
2019-06-14 09:10:01,075 DEBUG block.SCMBlockDeletingService (SCMBlockDeletingService.java:call(171)) - Added delete block command for datanode e6065258-5a2c-4a72-9f81-ed1321f551ca in the queue, number of delete block transactions: 3, TxID list: 1,2,3
2019-06-14 09:10:01,075 INFO  block.SCMBlockDeletingService (SCMBlockDeletingService.java:call(182)) - Totally added 3 delete blocks command for 1 datanodes, task elapsed time: 0ms
2019-06-14 09:10:01,169 INFO  commands.RetriableDatanodeEventWatcher (RetriableDatanodeEventWatcher.java:onTimeout(47)) - RetriableDatanodeCommand type=deleteBlocksCommand with id=1560503399469 timed out. Retrying.
2019-06-14 09:10:01,175 DEBUG block.SCMBlockDeletingService (SCMBlockDeletingService.java:call(138)) - Running DeletedBlockTransactionScanner
2019-06-14 09:10:01,175 DEBUG block.SCMBlockDeletingService (SCMBlockDeletingService.java:call(155)) - Scanned deleted blocks log and got 3 delTX to process.
2019-06-14 09:10:01,175 DEBUG block.SCMBlockDeletingService (SCMBlockDeletingService.java:call(171)) - Added delete block command for datanode e6065258-5a2c-4a72-9f81-ed1321f551ca in the queue, number of delete block transactions: 3, TxID list: 1,2,3
2019-06-14 09:10:01,176 INFO  block.SCMBlockDeletingService (SCMBlockDeletingService.java:call(182)) - Totally added 3 delete blocks command for 1 datanodes, task elapsed time: 1ms
2019-06-14 09:10:01,269 INFO  commands.RetriableDatanodeEventWatcher (RetriableDatanodeEventWatcher.java:onTimeout(47)) - RetriableDatanodeCommand type=deleteBlocksCommand with id=1560503399470 timed out. Retrying.
2019-06-14 09:10:01,276 DEBUG block.SCMBlockDeletingService (SCMBlockDeletingService.java:call(138)) - Running DeletedBlockTransactionScanner
2019-06-14 09:10:01,276 DEBUG block.SCMBlockDeletingService (SCMBlockDeletingService.java:call(155)) - Scanned deleted blocks log and got 3 delTX to process.
2019-06-14 09:10:01,276 DEBUG block.SCMBlockDeletingService (SCMBlockDeletingService.java:call(171)) - Added delete block command for datanode e6065258-5a2c-4a72-9f81-ed1321f551ca in the queue, number of delete block transactions: 3, TxID list: 1,2,3
2019-06-14 09:10:01,276 INFO  block.SCMBlockDeletingService (SCMBlockDeletingService.java:call(182)) - Totally added 3 delete blocks command for 1 datanodes, task elapsed time: 1ms
2019-06-14 09:10:01,369 INFO  commands.RetriableDatanodeEventWatcher (RetriableDatanodeEventWatcher.java:onTimeout(47)) - RetriableDatanodeCommand type=deleteBlocksCommand with id=1560503399471 timed out. Retrying.
2019-06-14 09:10:01,377 DEBUG block.SCMBlockDeletingService (SCMBlockDeletingService.java:call(138)) - Running DeletedBlockTransactionScanner
2019-06-14 09:10:01,377 DEBUG block.SCMBlockDeletingService (SCMBlockDeletingService.java:call(155)) - Scanned deleted blocks log and got 3 delTX to process.
2019-06-14 09:10:01,377 DEBUG block.SCMBlockDeletingService (SCMBlockDeletingService.java:call(171)) - Added delete block command for datanode e6065258-5a2c-4a72-9f81-ed1321f551ca in the queue, number of delete block transactions: 3, TxID list: 1,2,3
2019-06-14 09:10:01,377 INFO  block.SCMBlockDeletingService (SCMBlockDeletingService.java:call(182)) - Totally added 3 delete blocks command for 1 datanodes, task elapsed time: 1ms
2019-06-14 09:10:01,464 INFO  commands.RetriableDatanodeEventWatcher (RetriableDatanodeEventWatcher.java:onTimeout(47)) - RetriableDatanodeCommand type=deleteBlocksCommand with id=1560503399462 timed out. Retrying.
2019-06-14 09:10:01,471 INFO  commands.RetriableDatanodeEventWatcher (RetriableDatanodeEventWatcher.java:onTimeout(47)) - RetriableDatanodeCommand type=deleteBlocksCommand with id=1560503399472 timed out. Retrying.
2019-06-14 09:10:01,477 DEBUG block.SCMBlockDeletingService (SCMBlockDeletingService.java:call(138)) - Running DeletedBlockTransactionScanner
2019-06-14 09:10:01,478 DEBUG block.SCMBlockDeletingService (SCMBlockDeletingService.java:call(155)) - Scanned deleted blocks log and got 3 delTX to process.
2019-06-14 09:10:01,478 DEBUG block.SCMBlockDeletingService (SCMBlockDeletingService.java:call(171)) - Added delete block command for datanode e6065258-5a2c-4a72-9f81-ed1321f551ca in the queue, number of delete block transactions: 3, TxID list: 1,2,3
2019-06-14 09:10:01,478 INFO  block.SCMBlockDeletingService (SCMBlockDeletingService.java:call(182)) - Totally added 3 delete blocks command for 1 datanodes, task elapsed time: 0ms
2019-06-14 09:10:01,564 INFO  commands.RetriableDatanodeEventWatcher (RetriableDatanodeEventWatcher.java:onTimeout(47)) - RetriableDatanodeCommand type=deleteBlocksCommand with id=1560503399463 timed out. Retrying.
2019-06-14 09:10:01,570 INFO  commands.RetriableDatanodeEventWatcher (RetriableDatanodeEventWatcher.java:onTimeout(47)) - RetriableDatanodeCommand type=deleteBlocksCommand with id=1560503399473 timed out. Retrying.
2019-06-14 09:10:01,578 DEBUG block.SCMBlockDeletingService (SCMBlockDeletingService.java:call(138)) - Running DeletedBlockTransactionScanner
2019-06-14 09:10:01,579 DEBUG block.SCMBlockDeletingService (SCMBlockDeletingService.java:call(155)) - Scanned deleted blocks log and got 3 delTX to process.
2019-06-14 09:10:01,579 DEBUG block.SCMBlockDeletingService (SCMBlockDeletingService.java:call(171)) - Added delete block command for datanode e6065258-5a2c-4a72-9f81-ed1321f551ca in the queue, number of delete block transactions: 3, TxID list: 1,2,3
2019-06-14 09:10:01,579 INFO  block.SCMBlockDeletingService (SCMBlockDeletingService.java:call(182)) - Totally added 3 delete blocks command for 1 datanodes, task elapsed time: 0ms
2019-06-14 09:10:01,666 INFO  commands.RetriableDatanodeEventWatcher (RetriableDatanodeEventWatcher.java:onTimeout(47)) - RetriableDatanodeCommand type=deleteBlocksCommand with id=1560503399464 timed out. Retrying.
2019-06-14 09:10:01,672 INFO  commands.RetriableDatanodeEventWatcher (RetriableDatanodeEventWatcher.java:onTimeout(47)) - RetriableDatanodeCommand type=deleteBlocksCommand with id=1560503399474 timed out. Retrying.
2019-06-14 09:10:01,679 DEBUG block.SCMBlockDeletingService (SCMBlockDeletingService.java:call(138)) - Running DeletedBlockTransactionScanner
2019-06-14 09:10:01,679 DEBUG block.SCMBlockDeletingService (SCMBlockDeletingService.java:call(155)) - Scanned deleted blocks log and got 3 delTX to process.
2019-06-14 09:10:01,679 DEBUG block.SCMBlockDeletingService (SCMBlockDeletingService.java:call(171)) - Added delete block command for datanode e6065258-5a2c-4a72-9f81-ed1321f551ca in the queue, number of delete block transactions: 3, TxID list: 1,2,3
2019-06-14 09:10:01,680 INFO  block.SCMBlockDeletingService (SCMBlockDeletingService.java:call(182)) - Totally added 3 delete blocks command for 1 datanodes, task elapsed time: 1ms
2019-06-14 09:10:01,766 INFO  commands.RetriableDatanodeEventWatcher (RetriableDatanodeEventWatcher.java:onTimeout(47)) - RetriableDatanodeCommand type=deleteBlocksCommand with id=1560503399465 timed out. Retrying.
2019-06-14 09:10:01,773 INFO  commands.RetriableDatanodeEventWatcher (RetriableDatanodeEventWatcher.java:onTimeout(47)) - RetriableDatanodeCommand type=deleteBlocksCommand with id=1560503399475 timed out. Retrying.
2019-06-14 09:10:01,780 DEBUG block.SCMBlockDeletingService (SCMBlockDeletingService.java:call(138)) - Running DeletedBlockTransactionScanner
2019-06-14 09:10:01,780 DEBUG block.SCMBlockDeletingService (SCMBlockDeletingService.java:call(155)) - Scanned deleted blocks log and got 3 delTX to process.
2019-06-14 09:10:01,780 DEBUG block.SCMBlockDeletingService (SCMBlockDeletingService.java:call(171)) - Added delete block command for datanode e6065258-5a2c-4a72-9f81-ed1321f551ca in the queue, number of delete block transactions: 3, TxID list: 1,2,3
2019-06-14 09:10:01,780 INFO  block.SCMBlockDeletingService (SCMBlockDeletingService.java:call(182)) - Totally added 3 delete blocks command for 1 datanodes, task elapsed time: 1ms
2019-06-14 09:10:01,865 INFO  commands.RetriableDatanodeEventWatcher (RetriableDatanodeEventWatcher.java:onTimeout(47)) - RetriableDatanodeCommand type=deleteBlocksCommand with id=1560503399466 timed out. Retrying.
2019-06-14 09:10:01,873 INFO  commands.RetriableDatanodeEventWatcher (RetriableDatanodeEventWatcher.java:onTimeout(47)) - RetriableDatanodeCommand type=deleteBlocksCommand with id=1560503399476 timed out. Retrying.
2019-06-14 09:10:01,881 DEBUG block.SCMBlockDeletingService (SCMBlockDeletingService.java:call(138)) - Running DeletedBlockTransactionScanner
2019-06-14 09:10:01,881 DEBUG block.SCMBlockDeletingService (SCMBlockDeletingService.java:call(155)) - Scanned deleted blocks log and got 3 delTX to process.
2019-06-14 09:10:01,881 DEBUG block.SCMBlockDeletingService (SCMBlockDeletingService.java:call(171)) - Added delete block command for datanode e6065258-5a2c-4a72-9f81-ed1321f551ca in the queue, number of delete block transactions: 3, TxID list: 1,2,3
2019-06-14 09:10:01,881 INFO  block.SCMBlockDeletingService (SCMBlockDeletingService.java:call(182)) - Totally added 3 delete blocks command for 1 datanodes, task elapsed time: 0ms
2019-06-14 09:10:01,945 INFO  ozone.MiniOzoneClusterImpl (MiniOzoneClusterImpl.java:lambda$waitForClusterToBeReady$0(142)) - Waiting for cluster to be ready. Got 1 of 0 DN Heartbeats.
2019-06-14 09:10:01,968 INFO  commands.RetriableDatanodeEventWatcher (RetriableDatanodeEventWatcher.java:onTimeout(47)) - RetriableDatanodeCommand type=deleteBlocksCommand with id=1560503399467 timed out. Retrying.
2019-06-14 09:10:01,973 INFO  commands.RetriableDatanodeEventWatcher (RetriableDatanodeEventWatcher.java:onTimeout(47)) - RetriableDatanodeCommand type=deleteBlocksCommand with id=1560503399477 timed out. Retrying.
2019-06-14 09:10:01,981 DEBUG block.SCMBlockDeletingService (SCMBlockDeletingService.java:call(138)) - Running DeletedBlockTransactionScanner
2019-06-14 09:10:01,982 DEBUG block.SCMBlockDeletingService (SCMBlockDeletingService.java:call(155)) - Scanned deleted blocks log and got 3 delTX to process.
2019-06-14 09:10:01,982 DEBUG block.SCMBlockDeletingService (SCMBlockDeletingService.java:call(171)) - Added delete block command for datanode e6065258-5a2c-4a72-9f81-ed1321f551ca in the queue, number of delete block transactions: 3, TxID list: 1,2,3
2019-06-14 09:10:01,982 INFO  block.SCMBlockDeletingService (SCMBlockDeletingService.java:call(182)) - Totally added 3 delete blocks command for 1 datanodes, task elapsed time: 0ms
2019-06-14 09:10:02,068 INFO  commands.RetriableDatanodeEventWatcher (RetriableDatanodeEventWatcher.java:onTimeout(47)) - RetriableDatanodeCommand type=deleteBlocksCommand with id=1560503399468 timed out. Retrying.
2019-06-14 09:10:02,075 INFO  commands.RetriableDatanodeEventWatcher (RetriableDatanodeEventWatcher.java:onTimeout(47)) - RetriableDatanodeCommand type=deleteBlocksCommand with id=1560503399478 timed out. Retrying.
2019-06-14 09:10:02,082 DEBUG block.SCMBlockDeletingService (SCMBlockDeletingService.java:call(138)) - Running DeletedBlockTransactionScanner
2019-06-14 09:10:02,082 DEBUG block.SCMBlockDeletingService (SCMBlockDeletingService.java:call(155)) - Scanned deleted blocks log and got 3 delTX to process.
2019-06-14 09:10:02,082 DEBUG block.SCMBlockDeletingService (SCMBlockDeletingService.java:call(171)) - Added delete block command for datanode e6065258-5a2c-4a72-9f81-ed1321f551ca in the queue, number of delete block transactions: 3, TxID list: 1,2,3
2019-06-14 09:10:02,083 INFO  block.SCMBlockDeletingService (SCMBlockDeletingService.java:call(182)) - Totally added 3 delete blocks command for 1 datanodes, task elapsed time: 1ms
2019-06-14 09:10:02,169 INFO  commands.RetriableDatanodeEventWatcher (RetriableDatanodeEventWatcher.java:onTimeout(47)) - RetriableDatanodeCommand type=deleteBlocksCommand with id=1560503399469 timed out. Retrying.
2019-06-14 09:10:02,176 INFO  commands.RetriableDatanodeEventWatcher (RetriableDatanodeEventWatcher.java:onTimeout(47)) - RetriableDatanodeCommand type=deleteBlocksCommand with id=1560503399479 timed out. Retrying.
2019-06-14 09:10:02,183 DEBUG block.SCMBlockDeletingService (SCMBlockDeletingService.java:call(138)) - Running DeletedBlockTransactionScanner
2019-06-14 09:10:02,183 DEBUG block.SCMBlockDeletingService (SCMBlockDeletingService.java:call(155)) - Scanned deleted blocks log and got 3 delTX to process.
2019-06-14 09:10:02,183 DEBUG block.SCMBlockDeletingService (SCMBlockDeletingService.java:call(171)) - Added delete block command for datanode e6065258-5a2c-4a72-9f81-ed1321f551ca in the queue, number of delete block transactions: 3, TxID list: 1,2,3
2019-06-14 09:10:02,183 INFO  block.SCMBlockDeletingService (SCMBlockDeletingService.java:call(182)) - Totally added 3 delete blocks command for 1 datanodes, task elapsed time: 1ms
2019-06-14 09:10:02,242 INFO  node.StaleNodeHandler (StaleNodeHandler.java:onMessage(58)) - Datanode e6065258-5a2c-4a72-9f81-ed1321f551ca{ip: 192.168.105.147, host: ozone-xrdtn-3896089437, networkLocation: /default-rack, certSerialId: null} moved to stale state. Finalizing its pipelines [PipelineID=920138aa-6f47-4d6d-b5cc-13364fe26125]
2019-06-14 09:10:02,242 INFO  pipeline.SCMPipelineManager (SCMPipelineManager.java:finalizeAndDestroyPipeline(307)) - destroying pipeline:Pipeline[ Id: 920138aa-6f47-4d6d-b5cc-13364fe26125, Nodes: e6065258-5a2c-4a72-9f81-ed1321f551ca{ip: 192.168.105.147, host: ozone-xrdtn-3896089437, networkLocation: /default-rack, certSerialId: null}, Type:RATIS, Factor:ONE, State:OPEN]
2019-06-14 09:10:02,242 INFO  pipeline.PipelineStateManager (PipelineStateManager.java:finalizePipeline(123)) - Pipeline Pipeline[ Id: 920138aa-6f47-4d6d-b5cc-13364fe26125, Nodes: e6065258-5a2c-4a72-9f81-ed1321f551ca{ip: 192.168.105.147, host: ozone-xrdtn-3896089437, networkLocation: /default-rack, certSerialId: null}, Type:RATIS, Factor:ONE, State:CLOSED] moved to CLOSED state
2019-06-14 09:10:02,269 INFO  commands.RetriableDatanodeEventWatcher (RetriableDatanodeEventWatcher.java:onTimeout(47)) - RetriableDatanodeCommand type=deleteBlocksCommand with id=1560503399470 timed out. Retrying.
2019-06-14 09:10:02,277 INFO  commands.RetriableDatanodeEventWatcher (RetriableDatanodeEventWatcher.java:onTimeout(47)) - RetriableDatanodeCommand type=deleteBlocksCommand with id=1560503399480 timed out. Retrying.
2019-06-14 09:10:02,283 DEBUG block.SCMBlockDeletingService (SCMBlockDeletingService.java:call(138)) - Running DeletedBlockTransactionScanner
2019-06-14 09:10:02,284 DEBUG block.SCMBlockDeletingService (SCMBlockDeletingService.java:call(155)) - Scanned deleted blocks log and got 3 delTX to process.
2019-06-14 09:10:02,284 DEBUG block.SCMBlockDeletingService (SCMBlockDeletingService.java:call(171)) - Added delete block command for datanode e6065258-5a2c-4a72-9f81-ed1321f551ca in the queue, number of delete block transactions: 3, TxID list: 1,2,3
2019-06-14 09:10:02,284 INFO  block.SCMBlockDeletingService (SCMBlockDeletingService.java:call(182)) - Totally added 3 delete blocks command for 1 datanodes, task elapsed time: 0ms
2019-06-14 09:10:02,370 INFO  commands.RetriableDatanodeEventWatcher (RetriableDatanodeEventWatcher.java:onTimeout(47)) - RetriableDatanodeCommand type=deleteBlocksCommand with id=1560503399471 timed out. Retrying.
2019-06-14 09:10:02,377 INFO  commands.RetriableDatanodeEventWatcher (RetriableDatanodeEventWatcher.java:onTimeout(47)) - RetriableDatanodeCommand type=deleteBlocksCommand with id=1560503399481 timed out. Retrying.
2019-06-14 09:10:02,384 DEBUG block.SCMBlockDeletingService (SCMBlockDeletingService.java:call(138)) - Running DeletedBlockTransactionScanner
2019-06-14 09:10:02,385 DEBUG block.SCMBlockDeletingService (SCMBlockDeletingService.java:call(155)) - Scanned deleted blocks log and got 3 delTX to process.
2019-06-14 09:10:02,386 DEBUG block.SCMBlockDeletingService (SCMBlockDeletingService.java:call(171)) - Added delete block command for datanode e6065258-5a2c-4a72-9f81-ed1321f551ca in the queue, number of delete block transactions: 3, TxID list: 1,2,3
2019-06-14 09:10:02,386 INFO  block.SCMBlockDeletingService (SCMBlockDeletingService.java:call(182)) - Totally added 3 delete blocks command for 1 datanodes, task elapsed time: 1ms
2019-06-14 09:10:02,465 INFO  commands.RetriableDatanodeEventWatcher (RetriableDatanodeEventWatcher.java:onTimeout(47)) - RetriableDatanodeCommand type=deleteBlocksCommand with id=1560503399462 timed out. Retrying.
2019-06-14 09:10:02,471 INFO  commands.RetriableDatanodeEventWatcher (RetriableDatanodeEventWatcher.java:onTimeout(47)) - RetriableDatanodeCommand type=deleteBlocksCommand with id=1560503399472 timed out. Retrying.
2019-06-14 09:10:02,478 INFO  commands.RetriableDatanodeEventWatcher (RetriableDatanodeEventWatcher.java:onTimeout(47)) - RetriableDatanodeCommand type=deleteBlocksCommand with id=1560503399482 timed out. Retrying.
2019-06-14 09:10:02,486 DEBUG block.SCMBlockDeletingService (SCMBlockDeletingService.java:call(138)) - Running DeletedBlockTransactionScanner
2019-06-14 09:10:02,486 DEBUG block.SCMBlockDeletingService (SCMBlockDeletingService.java:call(155)) - Scanned deleted blocks log and got 3 delTX to process.
2019-06-14 09:10:02,486 DEBUG block.SCMBlockDeletingService (SCMBlockDeletingService.java:call(171)) - Added delete block command for datanode e6065258-5a2c-4a72-9f81-ed1321f551ca in the queue, number of delete block transactions: 3, TxID list: 1,2,3
2019-06-14 09:10:02,486 INFO  block.SCMBlockDeletingService (SCMBlockDeletingService.java:call(182)) - Totally added 3 delete blocks command for 1 datanodes, task elapsed time: 1ms
2019-06-14 09:10:02,563 INFO  commands.RetriableDatanodeEventWatcher (RetriableDatanodeEventWatcher.java:onTimeout(47)) - RetriableDatanodeCommand type=deleteBlocksCommand with id=1560503399463 timed out. Retrying.
2019-06-14 09:10:02,571 INFO  commands.RetriableDatanodeEventWatcher (RetriableDatanodeEventWatcher.java:onTimeout(47)) - RetriableDatanodeCommand type=deleteBlocksCommand with id=1560503399473 timed out. Retrying.
2019-06-14 09:10:02,579 INFO  commands.RetriableDatanodeEventWatcher (RetriableDatanodeEventWatcher.java:onTimeout(47)) - RetriableDatanodeCommand type=deleteBlocksCommand with id=1560503399483 timed out. Retrying.
2019-06-14 09:10:02,587 DEBUG block.SCMBlockDeletingService (SCMBlockDeletingService.java:call(138)) - Running DeletedBlockTransactionScanner
2019-06-14 09:10:02,587 DEBUG block.SCMBlockDeletingService (SCMBlockDeletingService.java:call(155)) - Scanned deleted blocks log and got 3 delTX to process.
2019-06-14 09:10:02,587 DEBUG block.SCMBlockDeletingService (SCMBlockDeletingService.java:call(171)) - Added delete block command for datanode e6065258-5a2c-4a72-9f81-ed1321f551ca in the queue, number of delete block transactions: 3, TxID list: 1,2,3
2019-06-14 09:10:02,587 INFO  block.SCMBlockDeletingService (SCMBlockDeletingService.java:call(182)) - Totally added 3 delete blocks command for 1 datanodes, task elapsed time: 0ms
2019-06-14 09:10:02,666 INFO  commands.RetriableDatanodeEventWatcher (RetriableDatanodeEventWatcher.java:onTimeout(47)) - RetriableDatanodeCommand type=deleteBlocksCommand with id=1560503399464 timed out. Retrying.
2019-06-14 09:10:02,673 INFO  commands.RetriableDatanodeEventWatcher (RetriableDatanodeEventWatcher.java:onTimeout(47)) - RetriableDatanodeCommand type=deleteBlocksCommand with id=1560503399474 timed out. Retrying.
2019-06-14 09:10:02,679 INFO  commands.RetriableDatanodeEventWatcher (RetriableDatanodeEventWatcher.java:onTimeout(47)) - RetriableDatanodeCommand type=deleteBlocksCommand with id=1560503399484 timed out. Retrying.
2019-06-14 09:10:02,687 DEBUG block.SCMBlockDeletingService (SCMBlockDeletingService.java:call(138)) - Running DeletedBlockTransactionScanner
2019-06-14 09:10:02,687 DEBUG block.SCMBlockDeletingService (SCMBlockDeletingService.java:call(155)) - Scanned deleted blocks log and got 3 delTX to process.
2019-06-14 09:10:02,687 DEBUG block.SCMBlockDeletingService (SCMBlockDeletingService.java:call(171)) - Added delete block command for datanode e6065258-5a2c-4a72-9f81-ed1321f551ca in the queue, number of delete block transactions: 3, TxID list: 1,2,3
2019-06-14 09:10:02,688 INFO  block.SCMBlockDeletingService (SCMBlockDeletingService.java:call(182)) - Totally added 3 delete blocks command for 1 datanodes, task elapsed time: 0ms
2019-06-14 09:10:02,766 INFO  commands.RetriableDatanodeEventWatcher (RetriableDatanodeEventWatcher.java:onTimeout(47)) - RetriableDatanodeCommand type=deleteBlocksCommand with id=1560503399465 timed out. Retrying.
2019-06-14 09:10:02,773 INFO  commands.RetriableDatanodeEventWatcher (RetriableDatanodeEventWatcher.java:onTimeout(47)) - RetriableDatanodeCommand type=deleteBlocksCommand with id=1560503399475 timed out. Retrying.
2019-06-14 09:10:02,780 INFO  commands.RetriableDatanodeEventWatcher (RetriableDatanodeEventWatcher.java:onTimeout(47)) - RetriableDatanodeCommand type=deleteBlocksCommand with id=1560503399485 timed out. Retrying.
2019-06-14 09:10:02,788 DEBUG block.SCMBlockDeletingService (SCMBlockDeletingService.java:call(138)) - Running DeletedBlockTransactionScanner
2019-06-14 09:10:02,788 DEBUG block.SCMBlockDeletingService (SCMBlockDeletingService.java:call(155)) - Scanned deleted blocks log and got 3 delTX to process.
2019-06-14 09:10:02,788 DEBUG block.SCMBlockDeletingService (SCMBlockDeletingService.java:call(171)) - Added delete block command for datanode e6065258-5a2c-4a72-9f81-ed1321f551ca in the queue, number of delete block transactions: 3, TxID list: 1,2,3
2019-06-14 09:10:02,788 INFO  block.SCMBlockDeletingService (SCMBlockDeletingService.java:call(182)) - Totally added 3 delete blocks command for 1 datanodes, task elapsed time: 1ms
2019-06-14 09:10:02,866 INFO  commands.RetriableDatanodeEventWatcher (RetriableDatanodeEventWatcher.java:onTimeout(47)) - RetriableDatanodeCommand type=deleteBlocksCommand with id=1560503399466 timed out. Retrying.
2019-06-14 09:10:02,873 INFO  commands.RetriableDatanodeEventWatcher (RetriableDatanodeEventWatcher.java:onTimeout(47)) - RetriableDatanodeCommand type=deleteBlocksCommand with id=1560503399476 timed out. Retrying.
2019-06-14 09:10:02,881 INFO  commands.RetriableDatanodeEventWatcher (RetriableDatanodeEventWatcher.java:onTimeout(47)) - RetriableDatanodeCommand type=deleteBlocksCommand with id=1560503399486 timed out. Retrying.
2019-06-14 09:10:02,888 DEBUG block.SCMBlockDeletingService (SCMBlockDeletingService.java:call(138)) - Running DeletedBlockTransactionScanner
2019-06-14 09:10:02,889 DEBUG block.SCMBlockDeletingService (SCMBlockDeletingService.java:call(155)) - Scanned deleted blocks log and got 3 delTX to process.
2019-06-14 09:10:02,889 DEBUG block.SCMBlockDeletingService (SCMBlockDeletingService.java:call(171)) - Added delete block command for datanode e6065258-5a2c-4a72-9f81-ed1321f551ca in the queue, number of delete block transactions: 3, TxID list: 1,2,3
2019-06-14 09:10:02,889 INFO  block.SCMBlockDeletingService (SCMBlockDeletingService.java:call(182)) - Totally added 3 delete blocks command for 1 datanodes, task elapsed time: 0ms
2019-06-14 09:10:02,946 INFO  ozone.MiniOzoneClusterImpl (MiniOzoneClusterImpl.java:lambda$waitForClusterToBeReady$0(142)) - Cluster is ready. Got 0 of 0 DN Heartbeats.
2019-06-14 09:10:02,947 INFO  impl.MetricsSystemImpl (MetricsSystemImpl.java:init(158)) - HddsDatanode metrics system started (again)
2019-06-14 09:10:02,968 INFO  commands.RetriableDatanodeEventWatcher (RetriableDatanodeEventWatcher.java:onTimeout(47)) - RetriableDatanodeCommand type=deleteBlocksCommand with id=1560503399467 timed out. Retrying.
2019-06-14 09:10:02,972 INFO  ozone.HddsDatanodeService (HddsDatanodeService.java:start(185)) - HddsDatanodeService host:ozone-xrdtn-3896089437 ip:192.168.105.147
2019-06-14 09:10:02,974 INFO  commands.RetriableDatanodeEventWatcher (RetriableDatanodeEventWatcher.java:onTimeout(47)) - RetriableDatanodeCommand type=deleteBlocksCommand with id=1560503399477 timed out. Retrying.
2019-06-14 09:10:02,975 INFO  volume.VolumeUsage (VolumeUsage.java:loadScmUsed(144)) - Cached ScmUsed found for /opt/src/hadoop-ozone/integration-test/target/test-dir/MiniOzoneClusterImpl-a56da109-a1cb-4168-8966-62306f2f2d23/datanode-0/data/containers : 4096 
2019-06-14 09:10:02,975 INFO  volume.HddsVolume (HddsVolume.java:<init>(176)) - Creating Volume: /opt/src/hadoop-ozone/integration-test/target/test-dir/MiniOzoneClusterImpl-a56da109-a1cb-4168-8966-62306f2f2d23/datanode-0/data/containers/hdds of  storage type : DISK and capacity : 104021790720
2019-06-14 09:10:02,976 INFO  volume.VolumeSet (VolumeSet.java:initializeVolumeSet(170)) - Added Volume : /opt/src/hadoop-ozone/integration-test/target/test-dir/MiniOzoneClusterImpl-a56da109-a1cb-4168-8966-62306f2f2d23/datanode-0/data/containers/hdds to VolumeSet
2019-06-14 09:10:02,976 INFO  volume.ThrottledAsyncChecker (ThrottledAsyncChecker.java:schedule(140)) - Scheduling a check for org.apache.hadoop.ozone.container.common.volume.HddsVolume@622d7e4
2019-06-14 09:10:02,977 INFO  volume.HddsVolumeChecker (HddsVolumeChecker.java:checkAllVolumes(203)) - Scheduled health check for volume org.apache.hadoop.ozone.container.common.volume.HddsVolume@622d7e4
2019-06-14 09:10:02,982 INFO  commands.RetriableDatanodeEventWatcher (RetriableDatanodeEventWatcher.java:onTimeout(47)) - RetriableDatanodeCommand type=deleteBlocksCommand with id=1560503399487 timed out. Retrying.
2019-06-14 09:10:02,993 DEBUG block.SCMBlockDeletingService (SCMBlockDeletingService.java:call(138)) - Running DeletedBlockTransactionScanner
2019-06-14 09:10:02,993 DEBUG block.SCMBlockDeletingService (SCMBlockDeletingService.java:call(155)) - Scanned deleted blocks log and got 3 delTX to process.
2019-06-14 09:10:02,994 DEBUG block.SCMBlockDeletingService (SCMBlockDeletingService.java:call(171)) - Added delete block command for datanode e6065258-5a2c-4a72-9f81-ed1321f551ca in the queue, number of delete block transactions: 3, TxID list: 1,2,3
2019-06-14 09:10:02,994 INFO  block.SCMBlockDeletingService (SCMBlockDeletingService.java:call(182)) - Totally added 3 delete blocks command for 1 datanodes, task elapsed time: 0ms
2019-06-14 09:10:03,062 INFO  impl.RaftServerProxy (ConfUtils.java:logGet(43)) - raft.rpc.type = GRPC (default)
2019-06-14 09:10:03,062 INFO  grpc.GrpcConfigKeys$Server (ConfUtils.java:logGet(43)) - raft.grpc.server.port = 44531 (custom)
2019-06-14 09:10:03,062 INFO  server.GrpcService (ConfUtils.java:logGet(43)) - raft.grpc.message.size.max = 33570816 (custom)
2019-06-14 09:10:03,063 INFO  server.RaftServerConfigKeys (ConfUtils.java:logGet(43)) - raft.server.log.appender.buffer.byte-limit = 33554432 (custom)
2019-06-14 09:10:03,063 INFO  server.GrpcService (ConfUtils.java:logGet(43)) - raft.grpc.flow.control.window = 1MB (=1048576) (default)
2019-06-14 09:10:03,063 INFO  server.RaftServerConfigKeys (ConfUtils.java:logGet(43)) - raft.server.rpc.request.timeout = 3000ms (default)
2019-06-14 09:10:03,064 INFO  server.RaftServerConfigKeys (ConfUtils.java:logGet(43)) - raft.server.storage.dir = [/opt/src/hadoop-ozone/integration-test/target/test-dir/MiniOzoneClusterImpl-a56da109-a1cb-4168-8966-62306f2f2d23/datanode-0/data/ratis] (custom)
2019-06-14 09:10:03,064 INFO  impl.RaftServerProxy (RaftServerProxy.java:lambda$null$0(191)) - e6065258-5a2c-4a72-9f81-ed1321f551ca: found a subdirectory /opt/src/hadoop-ozone/integration-test/target/test-dir/MiniOzoneClusterImpl-a56da109-a1cb-4168-8966-62306f2f2d23/datanode-0/data/ratis/920138aa-6f47-4d6d-b5cc-13364fe26125
2019-06-14 09:10:03,069 INFO  commands.RetriableDatanodeEventWatcher (RetriableDatanodeEventWatcher.java:onTimeout(47)) - RetriableDatanodeCommand type=deleteBlocksCommand with id=1560503399468 timed out. Retrying.
2019-06-14 09:10:03,069 INFO  impl.RaftServerProxy (RaftServerProxy.java:addNew(89)) - e6065258-5a2c-4a72-9f81-ed1321f551ca: addNew group-13364FE26125:[] returns group-13364FE26125:java.util.concurrent.CompletableFuture@42679fc2[Not completed]
2019-06-14 09:10:03,070 INFO  replication.SimpleContainerDownloader (SimpleContainerDownloader.java:<init>(72)) - Starting container downloader service to copy containers to replicate.
2019-06-14 09:10:03,074 INFO  impl.RaftServerImpl (RaftServerImpl.java:<init>(91)) - e6065258-5a2c-4a72-9f81-ed1321f551ca: new RaftServerImpl for group-13364FE26125:[] with ContainerStateMachine:uninitialized
2019-06-14 09:10:03,075 INFO  server.RaftServerConfigKeys (ConfUtils.java:logGet(43)) - raft.server.rpc.timeout.min = 1s (custom)
2019-06-14 09:10:03,075 INFO  server.RaftServerConfigKeys (ConfUtils.java:logGet(43)) - raft.server.rpc.timeout.max = 1200ms (custom)
2019-06-14 09:10:03,075 INFO  server.RaftServerConfigKeys (ConfUtils.java:logGet(43)) - raft.server.rpcslowness.timeout = 120s (custom)
2019-06-14 09:10:03,075 INFO  server.RaftServerConfigKeys (ConfUtils.java:logGet(43)) - raft.server.log.appender.install.snapshot.enabled = true (default)
2019-06-14 09:10:03,075 INFO  impl.RaftServerImpl (ServerState.java:<init>(101)) - e6065258-5a2c-4a72-9f81-ed1321f551ca:group-13364FE26125 ConfigurationManager, init=-1: [], old=null, confs=<EMPTY_MAP>
2019-06-14 09:10:03,075 INFO  server.RaftServerConfigKeys (ConfUtils.java:logGet(43)) - raft.server.storage.dir = [/opt/src/hadoop-ozone/integration-test/target/test-dir/MiniOzoneClusterImpl-a56da109-a1cb-4168-8966-62306f2f2d23/datanode-0/data/ratis] (custom)
2019-06-14 09:10:03,077 INFO  commands.RetriableDatanodeEventWatcher (RetriableDatanodeEventWatcher.java:onTimeout(47)) - RetriableDatanodeCommand type=deleteBlocksCommand with id=1560503399478 timed out. Retrying.
2019-06-14 09:10:03,085 INFO  commands.RetriableDatanodeEventWatcher (RetriableDatanodeEventWatcher.java:onTimeout(47)) - RetriableDatanodeCommand type=deleteBlocksCommand with id=1560503399488 timed out. Retrying.
2019-06-14 09:10:03,094 DEBUG block.SCMBlockDeletingService (SCMBlockDeletingService.java:call(138)) - Running DeletedBlockTransactionScanner
2019-06-14 09:10:03,094 DEBUG block.SCMBlockDeletingService (SCMBlockDeletingService.java:call(155)) - Scanned deleted blocks log and got 3 delTX to process.
2019-06-14 09:10:03,095 DEBUG block.SCMBlockDeletingService (SCMBlockDeletingService.java:call(171)) - Added delete block command for datanode e6065258-5a2c-4a72-9f81-ed1321f551ca in the queue, number of delete block transactions: 3, TxID list: 1,2,3
2019-06-14 09:10:03,095 INFO  block.SCMBlockDeletingService (SCMBlockDeletingService.java:call(182)) - Totally added 3 delete blocks command for 1 datanodes, task elapsed time: 1ms
2019-06-14 09:10:03,100 INFO  hdfs.DFSUtil (DFSUtil.java:httpServerTemplateForNNAndJN(1641)) - Starting Web-server for hddsDatanode at: http://0.0.0.0:33203
2019-06-14 09:10:03,101 INFO  server.AuthenticationFilter (AuthenticationFilter.java:constructSecretProvider(240)) - Unable to initialize FileSignerSecretProvider, falling back to use random secrets.
2019-06-14 09:10:03,102 WARN  http.HttpRequestLog (HttpRequestLog.java:getRequestLog(97)) - Jetty request log can only be enabled using Log4j
2019-06-14 09:10:03,103 INFO  http.HttpServer2 (HttpServer2.java:addGlobalFilter(975)) - Added global filter 'safety' (class=org.apache.hadoop.http.HttpServer2$QuotingInputFilter)
2019-06-14 09:10:03,104 INFO  http.HttpServer2 (HttpServer2.java:addFilter(948)) - Added filter static_user_filter (class=org.apache.hadoop.http.lib.StaticUserWebFilter$StaticUserFilter) to context hddsDatanode
2019-06-14 09:10:03,104 INFO  http.HttpServer2 (HttpServer2.java:addFilter(958)) - Added filter static_user_filter (class=org.apache.hadoop.http.lib.StaticUserWebFilter$StaticUserFilter) to context static
2019-06-14 09:10:03,104 INFO  http.HttpServer2 (HttpServer2.java:addFilter(958)) - Added filter static_user_filter (class=org.apache.hadoop.http.lib.StaticUserWebFilter$StaticUserFilter) to context logs
2019-06-14 09:10:03,105 INFO  http.HttpServer2 (HttpServer2.java:bindListener(1191)) - Jetty bound to port 33203
2019-06-14 09:10:03,105 INFO  server.Server (Server.java:doStart(351)) - jetty-9.3.24.v20180605, build timestamp: 2018-06-05T17:11:56Z, git hash: 84205aa28f11a4f31f2a3b86d1bba2cc8ab69827
2019-06-14 09:10:03,122 INFO  handler.ContextHandler (ContextHandler.java:doStart(781)) - Started o.e.j.s.ServletContextHandler@40717ed{/logs,file:///opt/src/hadoop-ozone/integration-test/target/log,AVAILABLE}
2019-06-14 09:10:03,123 INFO  handler.ContextHandler (ContextHandler.java:doStart(781)) - Started o.e.j.s.ServletContextHandler@5460edd3{/static,jar:file:/root/.m2/repository/org/apache/hadoop/hadoop-hdds-container-service/0.5.0-SNAPSHOT/hadoop-hdds-container-service-0.5.0-SNAPSHOT.jar!/webapps/static,AVAILABLE}
2019-06-14 09:10:03,161 INFO  storage.RaftStorageDirectory (RaftStorageDirectory.java:tryLock(328)) - Lock on /opt/src/hadoop-ozone/integration-test/target/test-dir/MiniOzoneClusterImpl-a56da109-a1cb-4168-8966-62306f2f2d23/datanode-0/data/ratis/920138aa-6f47-4d6d-b5cc-13364fe26125/in_use.lock acquired by nodename 8838@ozone-xrdtn-3896089437
2019-06-14 09:10:03,166 INFO  handler.ContextHandler (ContextHandler.java:doStart(781)) - Started o.e.j.w.WebAppContext@4bf03fee{/,file:///tmp/jetty-0.0.0.0-33203-hddsDatanode-_-any-9005075972455875412.dir/webapp/,AVAILABLE}{/hddsDatanode}
2019-06-14 09:10:03,166 INFO  server.AbstractConnector (AbstractConnector.java:doStart(278)) - Started ServerConnector@31834a2b{HTTP/1.1,[http/1.1]}{0.0.0.0:33203}
2019-06-14 09:10:03,167 INFO  server.Server (Server.java:doStart(419)) - Started @50543ms
2019-06-14 09:10:03,168 INFO  server.BaseHttpServer (BaseHttpServer.java:updateConnectorAddress(207)) - HTTP server of HDDSDATANODE is listening at http://0.0.0.0:33203
2019-06-14 09:10:03,164 INFO  ratis.ContainerStateMachine (ContainerStateMachine.java:loadSnapshot(209)) - Setting the last applied index to (t:1, i:7188)
2019-06-14 09:10:03,169 INFO  commands.RetriableDatanodeEventWatcher (RetriableDatanodeEventWatcher.java:onTimeout(47)) - RetriableDatanodeCommand type=deleteBlocksCommand with id=1560503399469 timed out. Retrying.
2019-06-14 09:10:03,171 INFO  impl.RaftServerImpl (ServerState.java:setRaftConf(361)) - e6065258-5a2c-4a72-9f81-ed1321f551ca:group-13364FE26125 set configuration 0: [e6065258-5a2c-4a72-9f81-ed1321f551ca:192.168.105.147:44531], old=null at 0
2019-06-14 09:10:03,171 INFO  server.RaftServerConfigKeys (ConfUtils.java:logGet(43)) - raft.server.leader.election.timeout = 120s (custom)
2019-06-14 09:10:03,171 INFO  server.RaftServerConfigKeys (ConfUtils.java:logGet(43)) - raft.server.log.use.memory = false (default)
2019-06-14 09:10:03,171 INFO  server.RaftServerConfigKeys (ConfUtils.java:logGet(43)) - raft.server.log.appender.buffer.byte-limit = 33554432 (custom)
2019-06-14 09:10:03,171 INFO  server.RaftServerConfigKeys (ConfUtils.java:logGet(43)) - raft.server.log.segment.size.max = 16384 (custom)
2019-06-14 09:10:03,171 INFO  server.RaftServerConfigKeys (ConfUtils.java:logGet(43)) - raft.server.log.segment.cache.num.max = 2 (custom)
2019-06-14 09:10:03,171 INFO  storage.RaftLogWorker (RaftLogWorker.java:<init>(123)) - new e6065258-5a2c-4a72-9f81-ed1321f551ca-RaftLogWorker for Storage Directory /opt/src/hadoop-ozone/integration-test/target/test-dir/MiniOzoneClusterImpl-a56da109-a1cb-4168-8966-62306f2f2d23/datanode-0/data/ratis/920138aa-6f47-4d6d-b5cc-13364fe26125
2019-06-14 09:10:03,171 INFO  server.RaftServerConfigKeys (ConfUtils.java:logGet(43)) - raft.server.log.queue.byte-limit = 2147483647 (custom)
2019-06-14 09:10:03,171 INFO  server.RaftServerConfigKeys (ConfUtils.java:logGet(43)) - raft.server.log.queue.element-limit = 1024 (custom)
2019-06-14 09:10:03,172 INFO  server.RaftServerConfigKeys (ConfUtils.java:logGet(43)) - raft.server.log.segment.size.max = 16384 (custom)
2019-06-14 09:10:03,172 INFO  server.RaftServerConfigKeys (ConfUtils.java:logGet(43)) - raft.server.log.preallocated.size = 16384 (custom)
2019-06-14 09:10:03,172 INFO  server.RaftServerConfigKeys (ConfUtils.java:logGet(43)) - raft.server.log.write.buffer.size = 33554432 (custom)
2019-06-14 09:10:03,172 INFO  server.RaftServerConfigKeys (ConfUtils.java:logGet(43)) - raft.server.log.force.sync.num = 128 (default)
2019-06-14 09:10:03,172 INFO  server.RaftServerConfigKeys (ConfUtils.java:logGet(43)) - raft.server.log.statemachine.data.sync = true (default)
2019-06-14 09:10:03,172 INFO  server.RaftServerConfigKeys (ConfUtils.java:logGet(43)) - raft.server.log.statemachine.data.sync.timeout = 10s (default)
2019-06-14 09:10:03,172 INFO  server.RaftServerConfigKeys (ConfUtils.java:logGet(43)) - raft.server.log.statemachine.data.sync.timeout.retry = -1 (default)
2019-06-14 09:10:03,172 INFO  server.RaftServerConfigKeys (ConfUtils.java:logGet(43)) - raft.server.log.statemachine.data.caching.enabled = true (custom)
2019-06-14 09:10:03,176 INFO  commands.RetriableDatanodeEventWatcher (RetriableDatanodeEventWatcher.java:onTimeout(47)) - RetriableDatanodeCommand type=deleteBlocksCommand with id=1560503399479 timed out. Retrying.
2019-06-14 09:10:03,193 INFO  commands.RetriableDatanodeEventWatcher (RetriableDatanodeEventWatcher.java:onTimeout(47)) - RetriableDatanodeCommand type=deleteBlocksCommand with id=1560503399489 timed out. Retrying.
2019-06-14 09:10:03,194 INFO  storage.LogSegment (LogSegment.java:loadSegment(143)) - Successfully read 49 entries from segment file /opt/src/hadoop-ozone/integration-test/target/test-dir/MiniOzoneClusterImpl-a56da109-a1cb-4168-8966-62306f2f2d23/datanode-0/data/ratis/920138aa-6f47-4d6d-b5cc-13364fe26125/current/log_inprogress_7141
2019-06-14 09:10:03,195 DEBUG block.SCMBlockDeletingService (SCMBlockDeletingService.java:call(138)) - Running DeletedBlockTransactionScanner
2019-06-14 09:10:03,196 DEBUG block.SCMBlockDeletingService (SCMBlockDeletingService.java:call(155)) - Scanned deleted blocks log and got 3 delTX to process.
2019-06-14 09:10:03,196 DEBUG block.SCMBlockDeletingService (SCMBlockDeletingService.java:call(171)) - Added delete block command for datanode e6065258-5a2c-4a72-9f81-ed1321f551ca in the queue, number of delete block transactions: 3, TxID list: 1,2,3
2019-06-14 09:10:03,196 INFO  block.SCMBlockDeletingService (SCMBlockDeletingService.java:call(182)) - Totally added 3 delete blocks command for 1 datanodes, task elapsed time: 1ms
2019-06-14 09:10:03,247 INFO  storage.RaftLog (RaftLog.java:lambda$new$0(59)) - e6065258-5a2c-4a72-9f81-ed1321f551ca: commitIndex: updateToMax old=7188, new=7188, updated? false
2019-06-14 09:10:03,247 INFO  server.RaftServerConfigKeys (ConfUtils.java:logGet(43)) - raft.server.snapshot.auto.trigger.enabled = true (custom)
2019-06-14 09:10:03,247 INFO  server.RaftServerConfigKeys (ConfUtils.java:logGet(43)) - raft.server.snapshot.auto.trigger.threshold = 10000 (custom)
2019-06-14 09:10:03,248 INFO  server.RaftServerConfigKeys (ConfUtils.java:logGet(43)) - raft.server.retrycache.expirytime = 600000ms (custom)
2019-06-14 09:10:03,270 INFO  commands.RetriableDatanodeEventWatcher (RetriableDatanodeEventWatcher.java:onTimeout(47)) - RetriableDatanodeCommand type=deleteBlocksCommand with id=1560503399470 timed out. Retrying.
2019-06-14 09:10:03,277 INFO  commands.RetriableDatanodeEventWatcher (RetriableDatanodeEventWatcher.java:onTimeout(47)) - RetriableDatanodeCommand type=deleteBlocksCommand with id=1560503399480 timed out. Retrying.
2019-06-14 09:10:03,284 INFO  commands.RetriableDatanodeEventWatcher (RetriableDatanodeEventWatcher.java:onTimeout(47)) - RetriableDatanodeCommand type=deleteBlocksCommand with id=1560503399490 timed out. Retrying.
2019-06-14 09:10:03,296 DEBUG block.SCMBlockDeletingService (SCMBlockDeletingService.java:call(138)) - Running DeletedBlockTransactionScanner
2019-06-14 09:10:03,297 DEBUG block.SCMBlockDeletingService (SCMBlockDeletingService.java:call(155)) - Scanned deleted blocks log and got 3 delTX to process.
2019-06-14 09:10:03,297 DEBUG block.SCMBlockDeletingService (SCMBlockDeletingService.java:call(171)) - Added delete block command for datanode e6065258-5a2c-4a72-9f81-ed1321f551ca in the queue, number of delete block transactions: 3, TxID list: 1,2,3
2019-06-14 09:10:03,297 INFO  block.SCMBlockDeletingService (SCMBlockDeletingService.java:call(182)) - Totally added 3 delete blocks command for 1 datanodes, task elapsed time: 0ms
2019-06-14 09:10:03,354 INFO  ozone.HddsDatanodeService (HddsDatanodeService.java:startPlugins(396)) - Started plug-in org.apache.hadoop.ozone.web.OzoneHddsDatanodeService@349c4d1c
2019-06-14 09:10:03,357 INFO  ozone.MiniOzoneClusterImpl (MiniOzoneClusterImpl.java:lambda$waitForClusterToBeReady$0(142)) - Waiting for cluster to be ready. Got 0 of 1 DN Heartbeats.
2019-06-14 09:10:03,373 INFO  commands.RetriableDatanodeEventWatcher (RetriableDatanodeEventWatcher.java:onTimeout(47)) - RetriableDatanodeCommand type=deleteBlocksCommand with id=1560503399471 timed out. Retrying.
2019-06-14 09:10:03,381 INFO  commands.RetriableDatanodeEventWatcher (RetriableDatanodeEventWatcher.java:onTimeout(47)) - RetriableDatanodeCommand type=deleteBlocksCommand with id=1560503399481 timed out. Retrying.
2019-06-14 09:10:03,384 INFO  util.JvmPauseMonitor (JvmPauseMonitor.java:run(188)) - Starting JVM pause monitor
2019-06-14 09:10:03,385 INFO  commands.RetriableDatanodeEventWatcher (RetriableDatanodeEventWatcher.java:onTimeout(47)) - RetriableDatanodeCommand type=deleteBlocksCommand with id=1560503399491 timed out. Retrying.
2019-06-14 09:10:03,398 DEBUG block.SCMBlockDeletingService (SCMBlockDeletingService.java:call(138)) - Running DeletedBlockTransactionScanner
2019-06-14 09:10:03,398 DEBUG block.SCMBlockDeletingService (SCMBlockDeletingService.java:call(155)) - Scanned deleted blocks log and got 3 delTX to process.
2019-06-14 09:10:03,398 DEBUG block.SCMBlockDeletingService (SCMBlockDeletingService.java:call(171)) - Added delete block command for datanode e6065258-5a2c-4a72-9f81-ed1321f551ca in the queue, number of delete block transactions: 3, TxID list: 1,2,3
2019-06-14 09:10:03,398 INFO  block.SCMBlockDeletingService (SCMBlockDeletingService.java:call(182)) - Totally added 3 delete blocks command for 1 datanodes, task elapsed time: 1ms
2019-06-14 09:10:03,464 INFO  commands.RetriableDatanodeEventWatcher (RetriableDatanodeEventWatcher.java:onTimeout(47)) - RetriableDatanodeCommand type=deleteBlocksCommand with id=1560503399462 timed out. Retrying.
2019-06-14 09:10:03,473 INFO  commands.RetriableDatanodeEventWatcher (RetriableDatanodeEventWatcher.java:onTimeout(47)) - RetriableDatanodeCommand type=deleteBlocksCommand with id=1560503399472 timed out. Retrying.
2019-06-14 09:10:03,479 INFO  commands.RetriableDatanodeEventWatcher (RetriableDatanodeEventWatcher.java:onTimeout(47)) - RetriableDatanodeCommand type=deleteBlocksCommand with id=1560503399482 timed out. Retrying.
2019-06-14 09:10:03,486 INFO  commands.RetriableDatanodeEventWatcher (RetriableDatanodeEventWatcher.java:onTimeout(47)) - RetriableDatanodeCommand type=deleteBlocksCommand with id=1560503399492 timed out. Retrying.
2019-06-14 09:10:03,499 DEBUG block.SCMBlockDeletingService (SCMBlockDeletingService.java:call(138)) - Running DeletedBlockTransactionScanner
2019-06-14 09:10:03,499 DEBUG block.SCMBlockDeletingService (SCMBlockDeletingService.java:call(155)) - Scanned deleted blocks log and got 3 delTX to process.
2019-06-14 09:10:03,499 DEBUG block.SCMBlockDeletingService (SCMBlockDeletingService.java:call(171)) - Added delete block command for datanode e6065258-5a2c-4a72-9f81-ed1321f551ca in the queue, number of delete block transactions: 3, TxID list: 1,2,3
2019-06-14 09:10:03,500 INFO  block.SCMBlockDeletingService (SCMBlockDeletingService.java:call(182)) - Totally added 3 delete blocks command for 1 datanodes, task elapsed time: 1ms
2019-06-14 09:10:03,564 INFO  commands.RetriableDatanodeEventWatcher (RetriableDatanodeEventWatcher.java:onTimeout(47)) - RetriableDatanodeCommand type=deleteBlocksCommand with id=1560503399463 timed out. Retrying.
2019-06-14 09:10:03,571 INFO  commands.RetriableDatanodeEventWatcher (RetriableDatanodeEventWatcher.java:onTimeout(47)) - RetriableDatanodeCommand type=deleteBlocksCommand with id=1560503399473 timed out. Retrying.
2019-06-14 09:10:03,579 INFO  commands.RetriableDatanodeEventWatcher (RetriableDatanodeEventWatcher.java:onTimeout(47)) - RetriableDatanodeCommand type=deleteBlocksCommand with id=1560503399483 timed out. Retrying.
2019-06-14 09:10:03,586 INFO  commands.RetriableDatanodeEventWatcher (RetriableDatanodeEventWatcher.java:onTimeout(47)) - RetriableDatanodeCommand type=deleteBlocksCommand with id=1560503399493 timed out. Retrying.
2019-06-14 09:10:03,600 DEBUG block.SCMBlockDeletingService (SCMBlockDeletingService.java:call(138)) - Running DeletedBlockTransactionScanner
2019-06-14 09:10:03,600 DEBUG block.SCMBlockDeletingService (SCMBlockDeletingService.java:call(155)) - Scanned deleted blocks log and got 3 delTX to process.
2019-06-14 09:10:03,600 DEBUG block.SCMBlockDeletingService (SCMBlockDeletingService.java:call(171)) - Added delete block command for datanode e6065258-5a2c-4a72-9f81-ed1321f551ca in the queue, number of delete block transactions: 3, TxID list: 1,2,3
2019-06-14 09:10:03,601 INFO  block.SCMBlockDeletingService (SCMBlockDeletingService.java:call(182)) - Totally added 3 delete blocks command for 1 datanodes, task elapsed time: 1ms
2019-06-14 09:10:03,665 INFO  commands.RetriableDatanodeEventWatcher (RetriableDatanodeEventWatcher.java:onTimeout(47)) - RetriableDatanodeCommand type=deleteBlocksCommand with id=1560503399464 timed out. Retrying.
2019-06-14 09:10:03,674 INFO  commands.RetriableDatanodeEventWatcher (RetriableDatanodeEventWatcher.java:onTimeout(47)) - RetriableDatanodeCommand type=deleteBlocksCommand with id=1560503399474 timed out. Retrying.
2019-06-14 09:10:03,680 INFO  commands.RetriableDatanodeEventWatcher (RetriableDatanodeEventWatcher.java:onTimeout(47)) - RetriableDatanodeCommand type=deleteBlocksCommand with id=1560503399484 timed out. Retrying.
2019-06-14 09:10:03,687 INFO  commands.RetriableDatanodeEventWatcher (RetriableDatanodeEventWatcher.java:onTimeout(47)) - RetriableDatanodeCommand type=deleteBlocksCommand with id=1560503399494 timed out. Retrying.
2019-06-14 09:10:03,701 DEBUG block.SCMBlockDeletingService (SCMBlockDeletingService.java:call(138)) - Running DeletedBlockTransactionScanner
2019-06-14 09:10:03,701 DEBUG block.SCMBlockDeletingService (SCMBlockDeletingService.java:call(155)) - Scanned deleted blocks log and got 3 delTX to process.
2019-06-14 09:10:03,701 DEBUG block.SCMBlockDeletingService (SCMBlockDeletingService.java:call(171)) - Added delete block command for datanode e6065258-5a2c-4a72-9f81-ed1321f551ca in the queue, number of delete block transactions: 3, TxID list: 1,2,3
2019-06-14 09:10:03,702 INFO  block.SCMBlockDeletingService (SCMBlockDeletingService.java:call(182)) - Totally added 3 delete blocks command for 1 datanodes, task elapsed time: 1ms
2019-06-14 09:10:03,765 INFO  commands.RetriableDatanodeEventWatcher (RetriableDatanodeEventWatcher.java:onTimeout(47)) - RetriableDatanodeCommand type=deleteBlocksCommand with id=1560503399465 timed out. Retrying.
2019-06-14 09:10:03,773 INFO  commands.RetriableDatanodeEventWatcher (RetriableDatanodeEventWatcher.java:onTimeout(47)) - RetriableDatanodeCommand type=deleteBlocksCommand with id=1560503399475 timed out. Retrying.
2019-06-14 09:10:03,781 INFO  commands.RetriableDatanodeEventWatcher (RetriableDatanodeEventWatcher.java:onTimeout(47)) - RetriableDatanodeCommand type=deleteBlocksCommand with id=1560503399485 timed out. Retrying.
2019-06-14 09:10:03,788 INFO  commands.RetriableDatanodeEventWatcher (RetriableDatanodeEventWatcher.java:onTimeout(47)) - RetriableDatanodeCommand type=deleteBlocksCommand with id=1560503399495 timed out. Retrying.
2019-06-14 09:10:03,802 DEBUG block.SCMBlockDeletingService (SCMBlockDeletingService.java:call(138)) - Running DeletedBlockTransactionScanner
2019-06-14 09:10:03,802 DEBUG block.SCMBlockDeletingService (SCMBlockDeletingService.java:call(155)) - Scanned deleted blocks log and got 3 delTX to process.
2019-06-14 09:10:03,802 DEBUG block.SCMBlockDeletingService (SCMBlockDeletingService.java:call(171)) - Added delete block command for datanode e6065258-5a2c-4a72-9f81-ed1321f551ca in the queue, number of delete block transactions: 3, TxID list: 1,2,3
2019-06-14 09:10:03,802 INFO  block.SCMBlockDeletingService (SCMBlockDeletingService.java:call(182)) - Totally added 3 delete blocks command for 1 datanodes, task elapsed time: 1ms
2019-06-14 09:10:03,866 INFO  commands.RetriableDatanodeEventWatcher (RetriableDatanodeEventWatcher.java:onTimeout(47)) - RetriableDatanodeCommand type=deleteBlocksCommand with id=1560503399466 timed out. Retrying.
2019-06-14 09:10:03,873 INFO  commands.RetriableDatanodeEventWatcher (RetriableDatanodeEventWatcher.java:onTimeout(47)) - RetriableDatanodeCommand type=deleteBlocksCommand with id=1560503399476 timed out. Retrying.
2019-06-14 09:10:03,881 INFO  commands.RetriableDatanodeEventWatcher (RetriableDatanodeEventWatcher.java:onTimeout(47)) - RetriableDatanodeCommand type=deleteBlocksCommand with id=1560503399486 timed out. Retrying.
2019-06-14 09:10:03,889 INFO  commands.RetriableDatanodeEventWatcher (RetriableDatanodeEventWatcher.java:onTimeout(47)) - RetriableDatanodeCommand type=deleteBlocksCommand with id=1560503399496 timed out. Retrying.
2019-06-14 09:10:03,903 DEBUG block.SCMBlockDeletingService (SCMBlockDeletingService.java:call(138)) - Running DeletedBlockTransactionScanner
2019-06-14 09:10:03,903 DEBUG block.SCMBlockDeletingService (SCMBlockDeletingService.java:call(155)) - Scanned deleted blocks log and got 3 delTX to process.
2019-06-14 09:10:03,903 DEBUG block.SCMBlockDeletingService (SCMBlockDeletingService.java:call(171)) - Added delete block command for datanode e6065258-5a2c-4a72-9f81-ed1321f551ca in the queue, number of delete block transactions: 3, TxID list: 1,2,3
2019-06-14 09:10:03,903 INFO  block.SCMBlockDeletingService (SCMBlockDeletingService.java:call(182)) - Totally added 3 delete blocks command for 1 datanodes, task elapsed time: 0ms
2019-06-14 09:10:03,968 INFO  commands.RetriableDatanodeEventWatcher (RetriableDatanodeEventWatcher.java:onTimeout(47)) - RetriableDatanodeCommand type=deleteBlocksCommand with id=1560503399467 timed out. Retrying.
2019-06-14 09:10:03,975 INFO  commands.RetriableDatanodeEventWatcher (RetriableDatanodeEventWatcher.java:onTimeout(47)) - RetriableDatanodeCommand type=deleteBlocksCommand with id=1560503399477 timed out. Retrying.
2019-06-14 09:10:03,982 INFO  commands.RetriableDatanodeEventWatcher (RetriableDatanodeEventWatcher.java:onTimeout(47)) - RetriableDatanodeCommand type=deleteBlocksCommand with id=1560503399487 timed out. Retrying.
2019-06-14 09:10:03,994 INFO  commands.RetriableDatanodeEventWatcher (RetriableDatanodeEventWatcher.java:onTimeout(47)) - RetriableDatanodeCommand type=deleteBlocksCommand with id=1560503399497 timed out. Retrying.
2019-06-14 09:10:04,003 DEBUG block.SCMBlockDeletingService (SCMBlockDeletingService.java:call(138)) - Running DeletedBlockTransactionScanner
2019-06-14 09:10:04,003 DEBUG block.SCMBlockDeletingService (SCMBlockDeletingService.java:call(155)) - Scanned deleted blocks log and got 3 delTX to process.
2019-06-14 09:10:04,004 DEBUG block.SCMBlockDeletingService (SCMBlockDeletingService.java:call(171)) - Added delete block command for datanode e6065258-5a2c-4a72-9f81-ed1321f551ca in the queue, number of delete block transactions: 3, TxID list: 1,2,3
2019-06-14 09:10:04,004 INFO  block.SCMBlockDeletingService (SCMBlockDeletingService.java:call(182)) - Totally added 3 delete blocks command for 1 datanodes, task elapsed time: 0ms
2019-06-14 09:10:04,070 INFO  commands.RetriableDatanodeEventWatcher (RetriableDatanodeEventWatcher.java:onTimeout(47)) - RetriableDatanodeCommand type=deleteBlocksCommand with id=1560503399468 timed out. Retrying.
2019-06-14 09:10:04,078 INFO  commands.RetriableDatanodeEventWatcher (RetriableDatanodeEventWatcher.java:onTimeout(47)) - RetriableDatanodeCommand type=deleteBlocksCommand with id=1560503399478 timed out. Retrying.
2019-06-14 09:10:04,085 INFO  commands.RetriableDatanodeEventWatcher (RetriableDatanodeEventWatcher.java:onTimeout(47)) - RetriableDatanodeCommand type=deleteBlocksCommand with id=1560503399488 timed out. Retrying.
2019-06-14 09:10:04,095 INFO  commands.RetriableDatanodeEventWatcher (RetriableDatanodeEventWatcher.java:onTimeout(47)) - RetriableDatanodeCommand type=deleteBlocksCommand with id=1560503399498 timed out. Retrying.
2019-06-14 09:10:04,104 DEBUG block.SCMBlockDeletingService (SCMBlockDeletingService.java:call(138)) - Running DeletedBlockTransactionScanner
2019-06-14 09:10:04,104 DEBUG block.SCMBlockDeletingService (SCMBlockDeletingService.java:call(155)) - Scanned deleted blocks log and got 3 delTX to process.
2019-06-14 09:10:04,104 DEBUG block.SCMBlockDeletingService (SCMBlockDeletingService.java:call(171)) - Added delete block command for datanode e6065258-5a2c-4a72-9f81-ed1321f551ca in the queue, number of delete block transactions: 3, TxID list: 1,2,3
2019-06-14 09:10:04,105 INFO  block.SCMBlockDeletingService (SCMBlockDeletingService.java:call(182)) - Totally added 3 delete blocks command for 1 datanodes, task elapsed time: 1ms
2019-06-14 09:10:04,174 INFO  commands.RetriableDatanodeEventWatcher (RetriableDatanodeEventWatcher.java:onTimeout(47)) - RetriableDatanodeCommand type=deleteBlocksCommand with id=1560503399469 timed out. Retrying.
2019-06-14 09:10:04,176 INFO  commands.RetriableDatanodeEventWatcher (RetriableDatanodeEventWatcher.java:onTimeout(47)) - RetriableDatanodeCommand type=deleteBlocksCommand with id=1560503399479 timed out. Retrying.
2019-06-14 09:10:04,194 INFO  commands.RetriableDatanodeEventWatcher (RetriableDatanodeEventWatcher.java:onTimeout(47)) - RetriableDatanodeCommand type=deleteBlocksCommand with id=1560503399489 timed out. Retrying.
2019-06-14 09:10:04,195 INFO  commands.RetriableDatanodeEventWatcher (RetriableDatanodeEventWatcher.java:onTimeout(47)) - RetriableDatanodeCommand type=deleteBlocksCommand with id=1560503399499 timed out. Retrying.
2019-06-14 09:10:04,205 DEBUG block.SCMBlockDeletingService (SCMBlockDeletingService.java:call(138)) - Running DeletedBlockTransactionScanner
2019-06-14 09:10:04,205 DEBUG block.SCMBlockDeletingService (SCMBlockDeletingService.java:call(155)) - Scanned deleted blocks log and got 3 delTX to process.
2019-06-14 09:10:04,205 DEBUG block.SCMBlockDeletingService (SCMBlockDeletingService.java:call(171)) - Added delete block command for datanode e6065258-5a2c-4a72-9f81-ed1321f551ca in the queue, number of delete block transactions: 3, TxID list: 1,2,3
2019-06-14 09:10:04,205 INFO  block.SCMBlockDeletingService (SCMBlockDeletingService.java:call(182)) - Totally added 3 delete blocks command for 1 datanodes, task elapsed time: 1ms
2019-06-14 09:10:04,271 INFO  commands.RetriableDatanodeEventWatcher (RetriableDatanodeEventWatcher.java:onTimeout(47)) - RetriableDatanodeCommand type=deleteBlocksCommand with id=1560503399470 timed out. Retrying.
2019-06-14 09:10:04,276 INFO  commands.RetriableDatanodeEventWatcher (RetriableDatanodeEventWatcher.java:onTimeout(47)) - RetriableDatanodeCommand type=deleteBlocksCommand with id=1560503399480 timed out. Retrying.
2019-06-14 09:10:04,284 INFO  commands.RetriableDatanodeEventWatcher (RetriableDatanodeEventWatcher.java:onTimeout(47)) - RetriableDatanodeCommand type=deleteBlocksCommand with id=1560503399490 timed out. Retrying.
2019-06-14 09:10:04,297 INFO  commands.RetriableDatanodeEventWatcher (RetriableDatanodeEventWatcher.java:onTimeout(47)) - RetriableDatanodeCommand type=deleteBlocksCommand with id=1560503399500 timed out. Retrying.
2019-06-14 09:10:04,305 DEBUG block.SCMBlockDeletingService (SCMBlockDeletingService.java:call(138)) - Running DeletedBlockTransactionScanner
2019-06-14 09:10:04,306 DEBUG block.SCMBlockDeletingService (SCMBlockDeletingService.java:call(155)) - Scanned deleted blocks log and got 3 delTX to process.
2019-06-14 09:10:04,306 DEBUG block.SCMBlockDeletingService (SCMBlockDeletingService.java:call(171)) - Added delete block command for datanode e6065258-5a2c-4a72-9f81-ed1321f551ca in the queue, number of delete block transactions: 3, TxID list: 1,2,3
2019-06-14 09:10:04,306 INFO  block.SCMBlockDeletingService (SCMBlockDeletingService.java:call(182)) - Totally added 3 delete blocks command for 1 datanodes, task elapsed time: 0ms
2019-06-14 09:10:04,357 INFO  ozone.MiniOzoneClusterImpl (MiniOzoneClusterImpl.java:lambda$waitForClusterToBeReady$0(142)) - Waiting for cluster to be ready. Got 0 of 1 DN Heartbeats.
2019-06-14 09:10:04,373 INFO  commands.RetriableDatanodeEventWatcher (RetriableDatanodeEventWatcher.java:onTimeout(47)) - RetriableDatanodeCommand type=deleteBlocksCommand with id=1560503399471 timed out. Retrying.
2019-06-14 09:10:04,382 INFO  commands.RetriableDatanodeEventWatcher (RetriableDatanodeEventWatcher.java:onTimeout(47)) - RetriableDatanodeCommand type=deleteBlocksCommand with id=1560503399481 timed out. Retrying.
2019-06-14 09:10:04,385 INFO  commands.RetriableDatanodeEventWatcher (RetriableDatanodeEventWatcher.java:onTimeout(47)) - RetriableDatanodeCommand type=deleteBlocksCommand with id=1560503399491 timed out. Retrying.
2019-06-14 09:10:04,398 INFO  commands.RetriableDatanodeEventWatcher (RetriableDatanodeEventWatcher.java:onTimeout(47)) - RetriableDatanodeCommand type=deleteBlocksCommand with id=1560503399501 timed out. Retrying.
2019-06-14 09:10:04,406 DEBUG block.SCMBlockDeletingService (SCMBlockDeletingService.java:call(138)) - Running DeletedBlockTransactionScanner
2019-06-14 09:10:04,406 DEBUG block.SCMBlockDeletingService (SCMBlockDeletingService.java:call(155)) - Scanned deleted blocks log and got 3 delTX to process.
2019-06-14 09:10:04,406 DEBUG block.SCMBlockDeletingService (SCMBlockDeletingService.java:call(171)) - Added delete block command for datanode e6065258-5a2c-4a72-9f81-ed1321f551ca in the queue, number of delete block transactions: 3, TxID list: 1,2,3
2019-06-14 09:10:04,407 INFO  block.SCMBlockDeletingService (SCMBlockDeletingService.java:call(182)) - Totally added 3 delete blocks command for 1 datanodes, task elapsed time: 1ms
2019-06-14 09:10:04,465 INFO  commands.RetriableDatanodeEventWatcher (RetriableDatanodeEventWatcher.java:onTimeout(47)) - RetriableDatanodeCommand type=deleteBlocksCommand with id=1560503399462 timed out. Retrying.
2019-06-14 09:10:04,474 INFO  commands.RetriableDatanodeEventWatcher (RetriableDatanodeEventWatcher.java:onTimeout(47)) - RetriableDatanodeCommand type=deleteBlocksCommand with id=1560503399472 timed out. Retrying.
2019-06-14 09:10:04,480 INFO  commands.RetriableDatanodeEventWatcher (RetriableDatanodeEventWatcher.java:onTimeout(47)) - RetriableDatanodeCommand type=deleteBlocksCommand with id=1560503399482 timed out. Retrying.
2019-06-14 09:10:04,486 INFO  commands.RetriableDatanodeEventWatcher (RetriableDatanodeEventWatcher.java:onTimeout(47)) - RetriableDatanodeCommand type=deleteBlocksCommand with id=1560503399492 timed out. Retrying.
2019-06-14 09:10:04,499 INFO  commands.RetriableDatanodeEventWatcher (RetriableDatanodeEventWatcher.java:onTimeout(47)) - RetriableDatanodeCommand type=deleteBlocksCommand with id=1560503399502 timed out. Retrying.
2019-06-14 09:10:04,507 DEBUG block.SCMBlockDeletingService (SCMBlockDeletingService.java:call(138)) - Running DeletedBlockTransactionScanner
2019-06-14 09:10:04,507 DEBUG block.SCMBlockDeletingService (SCMBlockDeletingService.java:call(155)) - Scanned deleted blocks log and got 3 delTX to process.
2019-06-14 09:10:04,507 DEBUG block.SCMBlockDeletingService (SCMBlockDeletingService.java:call(171)) - Added delete block command for datanode e6065258-5a2c-4a72-9f81-ed1321f551ca in the queue, number of delete block transactions: 3, TxID list: 1,2,3
2019-06-14 09:10:04,507 INFO  block.SCMBlockDeletingService (SCMBlockDeletingService.java:call(182)) - Totally added 3 delete blocks command for 1 datanodes, task elapsed time: 1ms
2019-06-14 09:10:04,564 INFO  commands.RetriableDatanodeEventWatcher (RetriableDatanodeEventWatcher.java:onTimeout(47)) - RetriableDatanodeCommand type=deleteBlocksCommand with id=1560503399463 timed out. Retrying.
2019-06-14 09:10:04,570 INFO  commands.RetriableDatanodeEventWatcher (RetriableDatanodeEventWatcher.java:onTimeout(47)) - RetriableDatanodeCommand type=deleteBlocksCommand with id=1560503399473 timed out. Retrying.
2019-06-14 09:10:04,580 INFO  commands.RetriableDatanodeEventWatcher (RetriableDatanodeEventWatcher.java:onTimeout(47)) - RetriableDatanodeCommand type=deleteBlocksCommand with id=1560503399483 timed out. Retrying.
2019-06-14 09:10:04,587 INFO  commands.RetriableDatanodeEventWatcher (RetriableDatanodeEventWatcher.java:onTimeout(47)) - RetriableDatanodeCommand type=deleteBlocksCommand with id=1560503399493 timed out. Retrying.
2019-06-14 09:10:04,601 INFO  commands.RetriableDatanodeEventWatcher (RetriableDatanodeEventWatcher.java:onTimeout(47)) - RetriableDatanodeCommand type=deleteBlocksCommand with id=1560503399503 timed out. Retrying.
2019-06-14 09:10:04,607 DEBUG block.SCMBlockDeletingService (SCMBlockDeletingService.java:call(138)) - Running DeletedBlockTransactionScanner
2019-06-14 09:10:04,608 DEBUG block.SCMBlockDeletingService (SCMBlockDeletingService.java:call(155)) - Scanned deleted blocks log and got 3 delTX to process.
2019-06-14 09:10:04,608 DEBUG block.SCMBlockDeletingService (SCMBlockDeletingService.java:call(171)) - Added delete block command for datanode e6065258-5a2c-4a72-9f81-ed1321f551ca in the queue, number of delete block transactions: 3, TxID list: 1,2,3
2019-06-14 09:10:04,608 INFO  block.SCMBlockDeletingService (SCMBlockDeletingService.java:call(182)) - Totally added 3 delete blocks command for 1 datanodes, task elapsed time: 0ms
2019-06-14 09:10:04,666 INFO  commands.RetriableDatanodeEventWatcher (RetriableDatanodeEventWatcher.java:onTimeout(47)) - RetriableDatanodeCommand type=deleteBlocksCommand with id=1560503399464 timed out. Retrying.
2019-06-14 09:10:04,674 INFO  commands.RetriableDatanodeEventWatcher (RetriableDatanodeEventWatcher.java:onTimeout(47)) - RetriableDatanodeCommand type=deleteBlocksCommand with id=1560503399474 timed out. Retrying.
2019-06-14 09:10:04,679 INFO  commands.RetriableDatanodeEventWatcher (RetriableDatanodeEventWatcher.java:onTimeout(47)) - RetriableDatanodeCommand type=deleteBlocksCommand with id=1560503399484 timed out. Retrying.
2019-06-14 09:10:04,688 INFO  commands.RetriableDatanodeEventWatcher (RetriableDatanodeEventWatcher.java:onTimeout(47)) - RetriableDatanodeCommand type=deleteBlocksCommand with id=1560503399494 timed out. Retrying.
2019-06-14 09:10:04,702 INFO  commands.RetriableDatanodeEventWatcher (RetriableDatanodeEventWatcher.java:onTimeout(47)) - RetriableDatanodeCommand type=deleteBlocksCommand with id=1560503399504 timed out. Retrying.
2019-06-14 09:10:04,708 DEBUG block.SCMBlockDeletingService (SCMBlockDeletingService.java:call(138)) - Running DeletedBlockTransactionScanner
2019-06-14 09:10:04,708 DEBUG block.SCMBlockDeletingService (SCMBlockDeletingService.java:call(155)) - Scanned deleted blocks log and got 3 delTX to process.
2019-06-14 09:10:04,709 DEBUG block.SCMBlockDeletingService (SCMBlockDeletingService.java:call(171)) - Added delete block command for datanode e6065258-5a2c-4a72-9f81-ed1321f551ca in the queue, number of delete block transactions: 3, TxID list: 1,2,3
2019-06-14 09:10:04,709 INFO  block.SCMBlockDeletingService (SCMBlockDeletingService.java:call(182)) - Totally added 3 delete blocks command for 1 datanodes, task elapsed time: 0ms
2019-06-14 09:10:04,766 INFO  commands.RetriableDatanodeEventWatcher (RetriableDatanodeEventWatcher.java:onTimeout(47)) - RetriableDatanodeCommand type=deleteBlocksCommand with id=1560503399465 timed out. Retrying.
2019-06-14 09:10:04,773 INFO  commands.RetriableDatanodeEventWatcher (RetriableDatanodeEventWatcher.java:onTimeout(47)) - RetriableDatanodeCommand type=deleteBlocksCommand with id=1560503399475 timed out. Retrying.
2019-06-14 09:10:04,781 INFO  commands.RetriableDatanodeEventWatcher (RetriableDatanodeEventWatcher.java:onTimeout(47)) - RetriableDatanodeCommand type=deleteBlocksCommand with id=1560503399485 timed out. Retrying.
2019-06-14 09:10:04,788 INFO  commands.RetriableDatanodeEventWatcher (RetriableDatanodeEventWatcher.java:onTimeout(47)) - RetriableDatanodeCommand type=deleteBlocksCommand with id=1560503399495 timed out. Retrying.
2019-06-14 09:10:04,802 INFO  commands.RetriableDatanodeEventWatcher (RetriableDatanodeEventWatcher.java:onTimeout(47)) - RetriableDatanodeCommand type=deleteBlocksCommand with id=1560503399505 timed out. Retrying.
2019-06-14 09:10:04,809 DEBUG block.SCMBlockDeletingService (SCMBlockDeletingService.java:call(138)) - Running DeletedBlockTransactionScanner
2019-06-14 09:10:04,809 DEBUG block.SCMBlockDeletingService (SCMBlockDeletingService.java:call(155)) - Scanned deleted blocks log and got 3 delTX to process.
2019-06-14 09:10:04,809 DEBUG block.SCMBlockDeletingService (SCMBlockDeletingService.java:call(171)) - Added delete block command for datanode e6065258-5a2c-4a72-9f81-ed1321f551ca in the queue, number of delete block transactions: 3, TxID list: 1,2,3
2019-06-14 09:10:04,809 INFO  block.SCMBlockDeletingService (SCMBlockDeletingService.java:call(182)) - Totally added 3 delete blocks command for 1 datanodes, task elapsed time: 1ms
2019-06-14 09:10:04,866 INFO  commands.RetriableDatanodeEventWatcher (RetriableDatanodeEventWatcher.java:onTimeout(47)) - RetriableDatanodeCommand type=deleteBlocksCommand with id=1560503399466 timed out. Retrying.
2019-06-14 09:10:04,873 INFO  commands.RetriableDatanodeEventWatcher (RetriableDatanodeEventWatcher.java:onTimeout(47)) - RetriableDatanodeCommand type=deleteBlocksCommand with id=1560503399476 timed out. Retrying.
2019-06-14 09:10:04,881 INFO  commands.RetriableDatanodeEventWatcher (RetriableDatanodeEventWatcher.java:onTimeout(47)) - RetriableDatanodeCommand type=deleteBlocksCommand with id=1560503399486 timed out. Retrying.
2019-06-14 09:10:04,890 INFO  commands.RetriableDatanodeEventWatcher (RetriableDatanodeEventWatcher.java:onTimeout(47)) - RetriableDatanodeCommand type=deleteBlocksCommand with id=1560503399496 timed out. Retrying.
2019-06-14 09:10:04,903 INFO  commands.RetriableDatanodeEventWatcher (RetriableDatanodeEventWatcher.java:onTimeout(47)) - RetriableDatanodeCommand type=deleteBlocksCommand with id=1560503399506 timed out. Retrying.
2019-06-14 09:10:04,910 DEBUG block.SCMBlockDeletingService (SCMBlockDeletingService.java:call(138)) - Running DeletedBlockTransactionScanner
2019-06-14 09:10:04,910 DEBUG block.SCMBlockDeletingService (SCMBlockDeletingService.java:call(155)) - Scanned deleted blocks log and got 3 delTX to process.
2019-06-14 09:10:04,910 DEBUG block.SCMBlockDeletingService (SCMBlockDeletingService.java:call(171)) - Added delete block command for datanode e6065258-5a2c-4a72-9f81-ed1321f551ca in the queue, number of delete block transactions: 3, TxID list: 1,2,3
2019-06-14 09:10:04,910 INFO  block.SCMBlockDeletingService (SCMBlockDeletingService.java:call(182)) - Totally added 3 delete blocks command for 1 datanodes, task elapsed time: 0ms
2019-06-14 09:10:04,968 INFO  commands.RetriableDatanodeEventWatcher (RetriableDatanodeEventWatcher.java:onTimeout(47)) - RetriableDatanodeCommand type=deleteBlocksCommand with id=1560503399467 timed out. Retrying.
2019-06-14 09:10:04,976 INFO  commands.RetriableDatanodeEventWatcher (RetriableDatanodeEventWatcher.java:onTimeout(47)) - RetriableDatanodeCommand type=deleteBlocksCommand with id=1560503399477 timed out. Retrying.
2019-06-14 09:10:04,981 INFO  commands.RetriableDatanodeEventWatcher (RetriableDatanodeEventWatcher.java:onTimeout(47)) - RetriableDatanodeCommand type=deleteBlocksCommand with id=1560503399487 timed out. Retrying.
2019-06-14 09:10:04,994 INFO  commands.RetriableDatanodeEventWatcher (RetriableDatanodeEventWatcher.java:onTimeout(47)) - RetriableDatanodeCommand type=deleteBlocksCommand with id=1560503399497 timed out. Retrying.
2019-06-14 09:10:05,004 INFO  commands.RetriableDatanodeEventWatcher (RetriableDatanodeEventWatcher.java:onTimeout(47)) - RetriableDatanodeCommand type=deleteBlocksCommand with id=1560503399507 timed out. Retrying.
2019-06-14 09:10:05,010 DEBUG block.SCMBlockDeletingService (SCMBlockDeletingService.java:call(138)) - Running DeletedBlockTransactionScanner
2019-06-14 09:10:05,010 DEBUG block.SCMBlockDeletingService (SCMBlockDeletingService.java:call(155)) - Scanned deleted blocks log and got 3 delTX to process.
2019-06-14 09:10:05,011 DEBUG block.SCMBlockDeletingService (SCMBlockDeletingService.java:call(171)) - Added delete block command for datanode e6065258-5a2c-4a72-9f81-ed1321f551ca in the queue, number of delete block transactions: 3, TxID list: 1,2,3
2019-06-14 09:10:05,011 INFO  block.SCMBlockDeletingService (SCMBlockDeletingService.java:call(182)) - Totally added 3 delete blocks command for 1 datanodes, task elapsed time: 1ms
2019-06-14 09:10:05,070 INFO  commands.RetriableDatanodeEventWatcher (RetriableDatanodeEventWatcher.java:onTimeout(47)) - RetriableDatanodeCommand type=deleteBlocksCommand with id=1560503399468 timed out. Retrying.
2019-06-14 09:10:05,079 INFO  commands.RetriableDatanodeEventWatcher (RetriableDatanodeEventWatcher.java:onTimeout(47)) - RetriableDatanodeCommand type=deleteBlocksCommand with id=1560503399478 timed out. Retrying.
2019-06-14 09:10:05,086 INFO  commands.RetriableDatanodeEventWatcher (RetriableDatanodeEventWatcher.java:onTimeout(47)) - RetriableDatanodeCommand type=deleteBlocksCommand with id=1560503399488 timed out. Retrying.
2019-06-14 09:10:05,095 INFO  commands.RetriableDatanodeEventWatcher (RetriableDatanodeEventWatcher.java:onTimeout(47)) - RetriableDatanodeCommand type=deleteBlocksCommand with id=1560503399498 timed out. Retrying.
2019-06-14 09:10:05,105 INFO  commands.RetriableDatanodeEventWatcher (RetriableDatanodeEventWatcher.java:onTimeout(47)) - RetriableDatanodeCommand type=deleteBlocksCommand with id=1560503399508 timed out. Retrying.
2019-06-14 09:10:05,111 DEBUG block.SCMBlockDeletingService (SCMBlockDeletingService.java:call(138)) - Running DeletedBlockTransactionScanner
2019-06-14 09:10:05,111 DEBUG block.SCMBlockDeletingService (SCMBlockDeletingService.java:call(155)) - Scanned deleted blocks log and got 3 delTX to process.
2019-06-14 09:10:05,111 DEBUG block.SCMBlockDeletingService (SCMBlockDeletingService.java:call(171)) - Added delete block command for datanode e6065258-5a2c-4a72-9f81-ed1321f551ca in the queue, number of delete block transactions: 3, TxID list: 1,2,3
2019-06-14 09:10:05,130 INFO  block.SCMBlockDeletingService (SCMBlockDeletingService.java:call(182)) - Totally added 3 delete blocks command for 1 datanodes, task elapsed time: 19ms
2019-06-14 09:10:05,173 INFO  commands.RetriableDatanodeEventWatcher (RetriableDatanodeEventWatcher.java:onTimeout(47)) - RetriableDatanodeCommand type=deleteBlocksCommand with id=1560503399469 timed out. Retrying.
2019-06-14 09:10:05,176 INFO  commands.RetriableDatanodeEventWatcher (RetriableDatanodeEventWatcher.java:onTimeout(47)) - RetriableDatanodeCommand type=deleteBlocksCommand with id=1560503399479 timed out. Retrying.
2019-06-14 09:10:05,195 INFO  commands.RetriableDatanodeEventWatcher (RetriableDatanodeEventWatcher.java:onTimeout(47)) - RetriableDatanodeCommand type=deleteBlocksCommand with id=1560503399489 timed out. Retrying.
2019-06-14 09:10:05,196 INFO  commands.RetriableDatanodeEventWatcher (RetriableDatanodeEventWatcher.java:onTimeout(47)) - RetriableDatanodeCommand type=deleteBlocksCommand with id=1560503399499 timed out. Retrying.
2019-06-14 09:10:05,204 INFO  commands.RetriableDatanodeEventWatcher (RetriableDatanodeEventWatcher.java:onTimeout(47)) - RetriableDatanodeCommand type=deleteBlocksCommand with id=1560503399509 timed out. Retrying.
2019-06-14 09:10:05,230 DEBUG block.SCMBlockDeletingService (SCMBlockDeletingService.java:call(138)) - Running DeletedBlockTransactionScanner
2019-06-14 09:10:05,230 DEBUG block.SCMBlockDeletingService (SCMBlockDeletingService.java:call(155)) - Scanned deleted blocks log and got 3 delTX to process.
2019-06-14 09:10:05,230 DEBUG block.SCMBlockDeletingService (SCMBlockDeletingService.java:call(171)) - Added delete block command for datanode e6065258-5a2c-4a72-9f81-ed1321f551ca in the queue, number of delete block transactions: 3, TxID list: 1,2,3
2019-06-14 09:10:05,231 INFO  block.SCMBlockDeletingService (SCMBlockDeletingService.java:call(182)) - Totally added 3 delete blocks command for 1 datanodes, task elapsed time: 1ms
2019-06-14 09:10:05,272 INFO  commands.RetriableDatanodeEventWatcher (RetriableDatanodeEventWatcher.java:onTimeout(47)) - RetriableDatanodeCommand type=deleteBlocksCommand with id=1560503399470 timed out. Retrying.
2019-06-14 09:10:05,277 INFO  commands.RetriableDatanodeEventWatcher (RetriableDatanodeEventWatcher.java:onTimeout(47)) - RetriableDatanodeCommand type=deleteBlocksCommand with id=1560503399480 timed out. Retrying.
2019-06-14 09:10:05,284 INFO  commands.RetriableDatanodeEventWatcher (RetriableDatanodeEventWatcher.java:onTimeout(47)) - RetriableDatanodeCommand type=deleteBlocksCommand with id=1560503399490 timed out. Retrying.
2019-06-14 09:10:05,296 INFO  commands.RetriableDatanodeEventWatcher (RetriableDatanodeEventWatcher.java:onTimeout(47)) - RetriableDatanodeCommand type=deleteBlocksCommand with id=1560503399500 timed out. Retrying.
2019-06-14 09:10:05,306 INFO  commands.RetriableDatanodeEventWatcher (RetriableDatanodeEventWatcher.java:onTimeout(47)) - RetriableDatanodeCommand type=deleteBlocksCommand with id=1560503399510 timed out. Retrying.
2019-06-14 09:10:05,331 DEBUG block.SCMBlockDeletingService (SCMBlockDeletingService.java:call(138)) - Running DeletedBlockTransactionScanner
2019-06-14 09:10:05,331 DEBUG block.SCMBlockDeletingService (SCMBlockDeletingService.java:call(155)) - Scanned deleted blocks log and got 3 delTX to process.
2019-06-14 09:10:05,331 DEBUG block.SCMBlockDeletingService (SCMBlockDeletingService.java:call(171)) - Added delete block command for datanode e6065258-5a2c-4a72-9f81-ed1321f551ca in the queue, number of delete block transactions: 3, TxID list: 1,2,3
2019-06-14 09:10:05,331 INFO  block.SCMBlockDeletingService (SCMBlockDeletingService.java:call(182)) - Totally added 3 delete blocks command for 1 datanodes, task elapsed time: 1ms
2019-06-14 09:10:05,358 INFO  ozone.MiniOzoneClusterImpl (MiniOzoneClusterImpl.java:lambda$waitForClusterToBeReady$0(142)) - Waiting for cluster to be ready. Got 0 of 1 DN Heartbeats.
2019-06-14 09:10:05,372 INFO  commands.RetriableDatanodeEventWatcher (RetriableDatanodeEventWatcher.java:onTimeout(47)) - RetriableDatanodeCommand type=deleteBlocksCommand with id=1560503399471 timed out. Retrying.
2019-06-14 09:10:05,383 INFO  commands.RetriableDatanodeEventWatcher (RetriableDatanodeEventWatcher.java:onTimeout(47)) - RetriableDatanodeCommand type=deleteBlocksCommand with id=1560503399481 timed out. Retrying.
2019-06-14 09:10:05,384 INFO  ozoneimpl.OzoneContainer (OzoneContainer.java:start(186)) - Attempting to start container services.
2019-06-14 09:10:05,385 INFO  ozoneimpl.OzoneContainer (OzoneContainer.java:startContainerScrub(160)) - Background container scrubber has been disabled by hdds.containerscrub.enabled
2019-06-14 09:10:05,385 INFO  ratis.XceiverServerRatis (XceiverServerRatis.java:start(418)) - Starting XceiverServerRatis e6065258-5a2c-4a72-9f81-ed1321f551ca at port 44531
2019-06-14 09:10:05,386 INFO  commands.RetriableDatanodeEventWatcher (RetriableDatanodeEventWatcher.java:onTimeout(47)) - RetriableDatanodeCommand type=deleteBlocksCommand with id=1560503399491 timed out. Retrying.
2019-06-14 09:10:05,391 INFO  impl.RaftServerImpl (RaftServerImpl.java:start(173)) - e6065258-5a2c-4a72-9f81-ed1321f551ca: start group-13364FE26125
2019-06-14 09:10:05,391 INFO  impl.RaftServerImpl (RaftServerImpl.java:setRole(164)) - e6065258-5a2c-4a72-9f81-ed1321f551ca:group-13364FE26125 changes role from null to FOLLOWER at term 1 for startAsFollower
2019-06-14 09:10:05,391 INFO  impl.RoleInfo (RoleInfo.java:updateAndGet(143)) - e6065258-5a2c-4a72-9f81-ed1321f551ca: start FollowerState
2019-06-14 09:10:05,392 INFO  util.JmxRegister (JmxRegister.java:tryRegister(44)) - Successfully registered JMX Bean with object name Ratis:service=RaftServer,group=group-13364FE26125,id=e6065258-5a2c-4a72-9f81-ed1321f551ca
2019-06-14 09:10:05,393 INFO  impl.RaftServerProxy (RaftServerProxy.java:lambda$start$3(299)) - e6065258-5a2c-4a72-9f81-ed1321f551ca: start RPC server
2019-06-14 09:10:05,395 INFO  server.GrpcService (GrpcService.java:startImpl(148)) - e6065258-5a2c-4a72-9f81-ed1321f551ca: GrpcService started, listening on 0.0.0.0/0.0.0.0:44531
2019-06-14 09:10:05,398 INFO  commands.RetriableDatanodeEventWatcher (RetriableDatanodeEventWatcher.java:onTimeout(47)) - RetriableDatanodeCommand type=deleteBlocksCommand with id=1560503399501 timed out. Retrying.
2019-06-14 09:10:05,406 INFO  commands.RetriableDatanodeEventWatcher (RetriableDatanodeEventWatcher.java:onTimeout(47)) - RetriableDatanodeCommand type=deleteBlocksCommand with id=1560503399511 timed out. Retrying.
2019-06-14 09:10:05,432 DEBUG block.SCMBlockDeletingService (SCMBlockDeletingService.java:call(138)) - Running DeletedBlockTransactionScanner
2019-06-14 09:10:05,432 DEBUG block.SCMBlockDeletingService (SCMBlockDeletingService.java:call(155)) - Scanned deleted blocks log and got 3 delTX to process.
2019-06-14 09:10:05,432 DEBUG block.SCMBlockDeletingService (SCMBlockDeletingService.java:call(171)) - Added delete block command for datanode e6065258-5a2c-4a72-9f81-ed1321f551ca in the queue, number of delete block transactions: 3, TxID list: 1,2,3
2019-06-14 09:10:05,432 INFO  block.SCMBlockDeletingService (SCMBlockDeletingService.java:call(182)) - Totally added 3 delete blocks command for 1 datanodes, task elapsed time: 0ms
2019-06-14 09:10:05,465 INFO  commands.RetriableDatanodeEventWatcher (RetriableDatanodeEventWatcher.java:onTimeout(47)) - RetriableDatanodeCommand type=deleteBlocksCommand with id=1560503399462 timed out. Retrying.
2019-06-14 09:10:05,474 INFO  commands.RetriableDatanodeEventWatcher (RetriableDatanodeEventWatcher.java:onTimeout(47)) - RetriableDatanodeCommand type=deleteBlocksCommand with id=1560503399472 timed out. Retrying.
2019-06-14 09:10:05,480 INFO  commands.RetriableDatanodeEventWatcher (RetriableDatanodeEventWatcher.java:onTimeout(47)) - RetriableDatanodeCommand type=deleteBlocksCommand with id=1560503399482 timed out. Retrying.
2019-06-14 09:10:05,487 INFO  commands.RetriableDatanodeEventWatcher (RetriableDatanodeEventWatcher.java:onTimeout(47)) - RetriableDatanodeCommand type=deleteBlocksCommand with id=1560503399492 timed out. Retrying.
2019-06-14 09:10:05,500 INFO  commands.RetriableDatanodeEventWatcher (RetriableDatanodeEventWatcher.java:onTimeout(47)) - RetriableDatanodeCommand type=deleteBlocksCommand with id=1560503399502 timed out. Retrying.
2019-06-14 09:10:05,507 INFO  commands.RetriableDatanodeEventWatcher (RetriableDatanodeEventWatcher.java:onTimeout(47)) - RetriableDatanodeCommand type=deleteBlocksCommand with id=1560503399512 timed out. Retrying.
2019-06-14 09:10:05,532 DEBUG block.SCMBlockDeletingService (SCMBlockDeletingService.java:call(138)) - Running DeletedBlockTransactionScanner
2019-06-14 09:10:05,532 DEBUG block.SCMBlockDeletingService (SCMBlockDeletingService.java:call(155)) - Scanned deleted blocks log and got 3 delTX to process.
2019-06-14 09:10:05,533 DEBUG block.SCMBlockDeletingService (SCMBlockDeletingService.java:call(171)) - Added delete block command for datanode e6065258-5a2c-4a72-9f81-ed1321f551ca in the queue, number of delete block transactions: 3, TxID list: 1,2,3
2019-06-14 09:10:05,533 INFO  block.SCMBlockDeletingService (SCMBlockDeletingService.java:call(182)) - Totally added 3 delete blocks command for 1 datanodes, task elapsed time: 0ms
2019-06-14 09:10:05,565 INFO  commands.RetriableDatanodeEventWatcher (RetriableDatanodeEventWatcher.java:onTimeout(47)) - RetriableDatanodeCommand type=deleteBlocksCommand with id=1560503399463 timed out. Retrying.
2019-06-14 09:10:05,571 INFO  commands.RetriableDatanodeEventWatcher (RetriableDatanodeEventWatcher.java:onTimeout(47)) - RetriableDatanodeCommand type=deleteBlocksCommand with id=1560503399473 timed out. Retrying.
2019-06-14 09:10:05,580 INFO  commands.RetriableDatanodeEventWatcher (RetriableDatanodeEventWatcher.java:onTimeout(47)) - RetriableDatanodeCommand type=deleteBlocksCommand with id=1560503399483 timed out. Retrying.
2019-06-14 09:10:05,586 INFO  commands.RetriableDatanodeEventWatcher (RetriableDatanodeEventWatcher.java:onTimeout(47)) - RetriableDatanodeCommand type=deleteBlocksCommand with id=1560503399493 timed out. Retrying.
2019-06-14 09:10:05,602 INFO  commands.RetriableDatanodeEventWatcher (RetriableDatanodeEventWatcher.java:onTimeout(47)) - RetriableDatanodeCommand type=deleteBlocksCommand with id=1560503399503 timed out. Retrying.
2019-06-14 09:10:05,608 INFO  commands.RetriableDatanodeEventWatcher (RetriableDatanodeEventWatcher.java:onTimeout(47)) - RetriableDatanodeCommand type=deleteBlocksCommand with id=1560503399513 timed out. Retrying.
2019-06-14 09:10:05,633 DEBUG block.SCMBlockDeletingService (SCMBlockDeletingService.java:call(138)) - Running DeletedBlockTransactionScanner
2019-06-14 09:10:05,633 DEBUG block.SCMBlockDeletingService (SCMBlockDeletingService.java:call(155)) - Scanned deleted blocks log and got 3 delTX to process.
2019-06-14 09:10:05,633 DEBUG block.SCMBlockDeletingService (SCMBlockDeletingService.java:call(171)) - Added delete block command for datanode e6065258-5a2c-4a72-9f81-ed1321f551ca in the queue, number of delete block transactions: 3, TxID list: 1,2,3
2019-06-14 09:10:05,633 INFO  block.SCMBlockDeletingService (SCMBlockDeletingService.java:call(182)) - Totally added 3 delete blocks command for 1 datanodes, task elapsed time: 1ms
2019-06-14 09:10:05,665 INFO  commands.RetriableDatanodeEventWatcher (RetriableDatanodeEventWatcher.java:onTimeout(47)) - RetriableDatanodeCommand type=deleteBlocksCommand with id=1560503399464 timed out. Retrying.
2019-06-14 09:10:05,675 INFO  commands.RetriableDatanodeEventWatcher (RetriableDatanodeEventWatcher.java:onTimeout(47)) - RetriableDatanodeCommand type=deleteBlocksCommand with id=1560503399474 timed out. Retrying.
2019-06-14 09:10:05,680 INFO  commands.RetriableDatanodeEventWatcher (RetriableDatanodeEventWatcher.java:onTimeout(47)) - RetriableDatanodeCommand type=deleteBlocksCommand with id=1560503399484 timed out. Retrying.
2019-06-14 09:10:05,688 INFO  commands.RetriableDatanodeEventWatcher (RetriableDatanodeEventWatcher.java:onTimeout(47)) - RetriableDatanodeCommand type=deleteBlocksCommand with id=1560503399494 timed out. Retrying.
2019-06-14 09:10:05,701 INFO  commands.RetriableDatanodeEventWatcher (RetriableDatanodeEventWatcher.java:onTimeout(47)) - RetriableDatanodeCommand type=deleteBlocksCommand with id=1560503399504 timed out. Retrying.
2019-06-14 09:10:05,709 INFO  commands.RetriableDatanodeEventWatcher (RetriableDatanodeEventWatcher.java:onTimeout(47)) - RetriableDatanodeCommand type=deleteBlocksCommand with id=1560503399514 timed out. Retrying.
2019-06-14 09:10:05,734 DEBUG block.SCMBlockDeletingService (SCMBlockDeletingService.java:call(138)) - Running DeletedBlockTransactionScanner
2019-06-14 09:10:05,734 DEBUG block.SCMBlockDeletingService (SCMBlockDeletingService.java:call(155)) - Scanned deleted blocks log and got 3 delTX to process.
2019-06-14 09:10:05,734 DEBUG block.SCMBlockDeletingService (SCMBlockDeletingService.java:call(171)) - Added delete block command for datanode e6065258-5a2c-4a72-9f81-ed1321f551ca in the queue, number of delete block transactions: 3, TxID list: 1,2,3
2019-06-14 09:10:05,734 INFO  block.SCMBlockDeletingService (SCMBlockDeletingService.java:call(182)) - Totally added 3 delete blocks command for 1 datanodes, task elapsed time: 1ms
2019-06-14 09:10:05,766 INFO  commands.RetriableDatanodeEventWatcher (RetriableDatanodeEventWatcher.java:onTimeout(47)) - RetriableDatanodeCommand type=deleteBlocksCommand with id=1560503399465 timed out. Retrying.
2019-06-14 09:10:05,772 INFO  commands.RetriableDatanodeEventWatcher (RetriableDatanodeEventWatcher.java:onTimeout(47)) - RetriableDatanodeCommand type=deleteBlocksCommand with id=1560503399475 timed out. Retrying.
2019-06-14 09:10:05,782 INFO  commands.RetriableDatanodeEventWatcher (RetriableDatanodeEventWatcher.java:onTimeout(47)) - RetriableDatanodeCommand type=deleteBlocksCommand with id=1560503399485 timed out. Retrying.
2019-06-14 09:10:05,789 INFO  commands.RetriableDatanodeEventWatcher (RetriableDatanodeEventWatcher.java:onTimeout(47)) - RetriableDatanodeCommand type=deleteBlocksCommand with id=1560503399495 timed out. Retrying.
2019-06-14 09:10:05,802 INFO  commands.RetriableDatanodeEventWatcher (RetriableDatanodeEventWatcher.java:onTimeout(47)) - RetriableDatanodeCommand type=deleteBlocksCommand with id=1560503399505 timed out. Retrying.
2019-06-14 09:10:05,808 INFO  commands.RetriableDatanodeEventWatcher (RetriableDatanodeEventWatcher.java:onTimeout(47)) - RetriableDatanodeCommand type=deleteBlocksCommand with id=1560503399515 timed out. Retrying.
2019-06-14 09:10:05,834 DEBUG block.SCMBlockDeletingService (SCMBlockDeletingService.java:call(138)) - Running DeletedBlockTransactionScanner
2019-06-14 09:10:05,835 DEBUG block.SCMBlockDeletingService (SCMBlockDeletingService.java:call(155)) - Scanned deleted blocks log and got 3 delTX to process.
2019-06-14 09:10:05,835 DEBUG block.SCMBlockDeletingService (SCMBlockDeletingService.java:call(171)) - Added delete block command for datanode e6065258-5a2c-4a72-9f81-ed1321f551ca in the queue, number of delete block transactions: 3, TxID list: 1,2,3
2019-06-14 09:10:05,835 INFO  block.SCMBlockDeletingService (SCMBlockDeletingService.java:call(182)) - Totally added 3 delete blocks command for 1 datanodes, task elapsed time: 0ms
2019-06-14 09:10:05,867 INFO  commands.RetriableDatanodeEventWatcher (RetriableDatanodeEventWatcher.java:onTimeout(47)) - RetriableDatanodeCommand type=deleteBlocksCommand with id=1560503399466 timed out. Retrying.
2019-06-14 09:10:05,873 INFO  commands.RetriableDatanodeEventWatcher (RetriableDatanodeEventWatcher.java:onTimeout(47)) - RetriableDatanodeCommand type=deleteBlocksCommand with id=1560503399476 timed out. Retrying.
2019-06-14 09:10:05,880 INFO  commands.RetriableDatanodeEventWatcher (RetriableDatanodeEventWatcher.java:onTimeout(47)) - RetriableDatanodeCommand type=deleteBlocksCommand with id=1560503399486 timed out. Retrying.
2019-06-14 09:10:05,890 INFO  commands.RetriableDatanodeEventWatcher (RetriableDatanodeEventWatcher.java:onTimeout(47)) - RetriableDatanodeCommand type=deleteBlocksCommand with id=1560503399496 timed out. Retrying.
2019-06-14 09:10:05,904 INFO  commands.RetriableDatanodeEventWatcher (RetriableDatanodeEventWatcher.java:onTimeout(47)) - RetriableDatanodeCommand type=deleteBlocksCommand with id=1560503399506 timed out. Retrying.
2019-06-14 09:10:05,909 INFO  commands.RetriableDatanodeEventWatcher (RetriableDatanodeEventWatcher.java:onTimeout(47)) - RetriableDatanodeCommand type=deleteBlocksCommand with id=1560503399516 timed out. Retrying.
2019-06-14 09:10:05,935 DEBUG block.SCMBlockDeletingService (SCMBlockDeletingService.java:call(138)) - Running DeletedBlockTransactionScanner
2019-06-14 09:10:05,935 DEBUG block.SCMBlockDeletingService (SCMBlockDeletingService.java:call(155)) - Scanned deleted blocks log and got 3 delTX to process.
2019-06-14 09:10:05,936 DEBUG block.SCMBlockDeletingService (SCMBlockDeletingService.java:call(171)) - Added delete block command for datanode e6065258-5a2c-4a72-9f81-ed1321f551ca in the queue, number of delete block transactions: 3, TxID list: 1,2,3
2019-06-14 09:10:05,936 INFO  block.SCMBlockDeletingService (SCMBlockDeletingService.java:call(182)) - Totally added 3 delete blocks command for 1 datanodes, task elapsed time: 1ms
2019-06-14 09:10:05,968 INFO  commands.RetriableDatanodeEventWatcher (RetriableDatanodeEventWatcher.java:onTimeout(47)) - RetriableDatanodeCommand type=deleteBlocksCommand with id=1560503399467 timed out. Retrying.
2019-06-14 09:10:05,977 INFO  commands.RetriableDatanodeEventWatcher (RetriableDatanodeEventWatcher.java:onTimeout(47)) - RetriableDatanodeCommand type=deleteBlocksCommand with id=1560503399477 timed out. Retrying.
2019-06-14 09:10:05,982 INFO  commands.RetriableDatanodeEventWatcher (RetriableDatanodeEventWatcher.java:onTimeout(47)) - RetriableDatanodeCommand type=deleteBlocksCommand with id=1560503399487 timed out. Retrying.
2019-06-14 09:10:05,993 INFO  commands.RetriableDatanodeEventWatcher (RetriableDatanodeEventWatcher.java:onTimeout(47)) - RetriableDatanodeCommand type=deleteBlocksCommand with id=1560503399497 timed out. Retrying.
2019-06-14 09:10:06,004 INFO  commands.RetriableDatanodeEventWatcher (RetriableDatanodeEventWatcher.java:onTimeout(47)) - RetriableDatanodeCommand type=deleteBlocksCommand with id=1560503399507 timed out. Retrying.
2019-06-14 09:10:06,011 INFO  commands.RetriableDatanodeEventWatcher (RetriableDatanodeEventWatcher.java:onTimeout(47)) - RetriableDatanodeCommand type=deleteBlocksCommand with id=1560503399517 timed out. Retrying.
2019-06-14 09:10:06,036 DEBUG block.SCMBlockDeletingService (SCMBlockDeletingService.java:call(138)) - Running DeletedBlockTransactionScanner
2019-06-14 09:10:06,036 DEBUG block.SCMBlockDeletingService (SCMBlockDeletingService.java:call(155)) - Scanned deleted blocks log and got 3 delTX to process.
2019-06-14 09:10:06,036 DEBUG block.SCMBlockDeletingService (SCMBlockDeletingService.java:call(171)) - Added delete block command for datanode e6065258-5a2c-4a72-9f81-ed1321f551ca in the queue, number of delete block transactions: 3, TxID list: 1,2,3
2019-06-14 09:10:06,037 INFO  block.SCMBlockDeletingService (SCMBlockDeletingService.java:call(182)) - Totally added 3 delete blocks command for 1 datanodes, task elapsed time: 1ms
2019-06-14 09:10:06,069 INFO  commands.RetriableDatanodeEventWatcher (RetriableDatanodeEventWatcher.java:onTimeout(47)) - RetriableDatanodeCommand type=deleteBlocksCommand with id=1560503399468 timed out. Retrying.
2019-06-14 09:10:06,080 INFO  commands.RetriableDatanodeEventWatcher (RetriableDatanodeEventWatcher.java:onTimeout(47)) - RetriableDatanodeCommand type=deleteBlocksCommand with id=1560503399478 timed out. Retrying.
2019-06-14 09:10:06,086 INFO  commands.RetriableDatanodeEventWatcher (RetriableDatanodeEventWatcher.java:onTimeout(47)) - RetriableDatanodeCommand type=deleteBlocksCommand with id=1560503399488 timed out. Retrying.
2019-06-14 09:10:06,095 INFO  commands.RetriableDatanodeEventWatcher (RetriableDatanodeEventWatcher.java:onTimeout(47)) - RetriableDatanodeCommand type=deleteBlocksCommand with id=1560503399498 timed out. Retrying.
2019-06-14 09:10:06,105 INFO  commands.RetriableDatanodeEventWatcher (RetriableDatanodeEventWatcher.java:onTimeout(47)) - RetriableDatanodeCommand type=deleteBlocksCommand with id=1560503399508 timed out. Retrying.
2019-06-14 09:10:06,112 INFO  commands.RetriableDatanodeEventWatcher (RetriableDatanodeEventWatcher.java:onTimeout(47)) - RetriableDatanodeCommand type=deleteBlocksCommand with id=1560503399518 timed out. Retrying.
2019-06-14 09:10:06,137 DEBUG block.SCMBlockDeletingService (SCMBlockDeletingService.java:call(138)) - Running DeletedBlockTransactionScanner
2019-06-14 09:10:06,137 DEBUG block.SCMBlockDeletingService (SCMBlockDeletingService.java:call(155)) - Scanned deleted blocks log and got 3 delTX to process.
2019-06-14 09:10:06,137 DEBUG block.SCMBlockDeletingService (SCMBlockDeletingService.java:call(171)) - Added delete block command for datanode e6065258-5a2c-4a72-9f81-ed1321f551ca in the queue, number of delete block transactions: 3, TxID list: 1,2,3
2019-06-14 09:10:06,137 INFO  block.SCMBlockDeletingService (SCMBlockDeletingService.java:call(182)) - Totally added 3 delete blocks command for 1 datanodes, task elapsed time: 1ms
2019-06-14 09:10:06,174 INFO  commands.RetriableDatanodeEventWatcher (RetriableDatanodeEventWatcher.java:onTimeout(47)) - RetriableDatanodeCommand type=deleteBlocksCommand with id=1560503399469 timed out. Retrying.
2019-06-14 09:10:06,175 INFO  commands.RetriableDatanodeEventWatcher (RetriableDatanodeEventWatcher.java:onTimeout(47)) - RetriableDatanodeCommand type=deleteBlocksCommand with id=1560503399479 timed out. Retrying.
2019-06-14 09:10:06,195 INFO  commands.RetriableDatanodeEventWatcher (RetriableDatanodeEventWatcher.java:onTimeout(47)) - RetriableDatanodeCommand type=deleteBlocksCommand with id=1560503399489 timed out. Retrying.
2019-06-14 09:10:06,196 INFO  commands.RetriableDatanodeEventWatcher (RetriableDatanodeEventWatcher.java:onTimeout(47)) - RetriableDatanodeCommand type=deleteBlocksCommand with id=1560503399499 timed out. Retrying.
2019-06-14 09:10:06,205 INFO  commands.RetriableDatanodeEventWatcher (RetriableDatanodeEventWatcher.java:onTimeout(47)) - RetriableDatanodeCommand type=deleteBlocksCommand with id=1560503399509 timed out. Retrying.
2019-06-14 09:10:06,230 INFO  commands.RetriableDatanodeEventWatcher (RetriableDatanodeEventWatcher.java:onTimeout(47)) - RetriableDatanodeCommand type=deleteBlocksCommand with id=1560503399519 timed out. Retrying.
2019-06-14 09:10:06,237 DEBUG block.SCMBlockDeletingService (SCMBlockDeletingService.java:call(138)) - Running DeletedBlockTransactionScanner
2019-06-14 09:10:06,238 DEBUG block.SCMBlockDeletingService (SCMBlockDeletingService.java:call(155)) - Scanned deleted blocks log and got 3 delTX to process.
2019-06-14 09:10:06,238 DEBUG block.SCMBlockDeletingService (SCMBlockDeletingService.java:call(171)) - Added delete block command for datanode e6065258-5a2c-4a72-9f81-ed1321f551ca in the queue, number of delete block transactions: 3, TxID list: 1,2,3
2019-06-14 09:10:06,238 INFO  block.SCMBlockDeletingService (SCMBlockDeletingService.java:call(182)) - Totally added 3 delete blocks command for 1 datanodes, task elapsed time: 0ms
2019-06-14 09:10:06,272 INFO  commands.RetriableDatanodeEventWatcher (RetriableDatanodeEventWatcher.java:onTimeout(47)) - RetriableDatanodeCommand type=deleteBlocksCommand with id=1560503399470 timed out. Retrying.
2019-06-14 09:10:06,277 INFO  commands.RetriableDatanodeEventWatcher (RetriableDatanodeEventWatcher.java:onTimeout(47)) - RetriableDatanodeCommand type=deleteBlocksCommand with id=1560503399480 timed out. Retrying.
2019-06-14 09:10:06,284 INFO  commands.RetriableDatanodeEventWatcher (RetriableDatanodeEventWatcher.java:onTimeout(47)) - RetriableDatanodeCommand type=deleteBlocksCommand with id=1560503399490 timed out. Retrying.
2019-06-14 09:10:06,297 INFO  commands.RetriableDatanodeEventWatcher (RetriableDatanodeEventWatcher.java:onTimeout(47)) - RetriableDatanodeCommand type=deleteBlocksCommand with id=1560503399500 timed out. Retrying.
2019-06-14 09:10:06,306 INFO  commands.RetriableDatanodeEventWatcher (RetriableDatanodeEventWatcher.java:onTimeout(47)) - RetriableDatanodeCommand type=deleteBlocksCommand with id=1560503399510 timed out. Retrying.
2019-06-14 09:10:06,331 INFO  commands.RetriableDatanodeEventWatcher (RetriableDatanodeEventWatcher.java:onTimeout(47)) - RetriableDatanodeCommand type=deleteBlocksCommand with id=1560503399520 timed out. Retrying.
2019-06-14 09:10:06,338 DEBUG block.SCMBlockDeletingService (SCMBlockDeletingService.java:call(138)) - Running DeletedBlockTransactionScanner
2019-06-14 09:10:06,338 DEBUG block.SCMBlockDeletingService (SCMBlockDeletingService.java:call(155)) - Scanned deleted blocks log and got 3 delTX to process.
2019-06-14 09:10:06,338 DEBUG block.SCMBlockDeletingService (SCMBlockDeletingService.java:call(171)) - Added delete block command for datanode e6065258-5a2c-4a72-9f81-ed1321f551ca in the queue, number of delete block transactions: 3, TxID list: 1,2,3
2019-06-14 09:10:06,339 INFO  block.SCMBlockDeletingService (SCMBlockDeletingService.java:call(182)) - Totally added 3 delete blocks command for 1 datanodes, task elapsed time: 1ms
2019-06-14 09:10:06,358 INFO  ozone.MiniOzoneClusterImpl (MiniOzoneClusterImpl.java:lambda$waitForClusterToBeReady$0(142)) - Waiting for cluster to be ready. Got 0 of 1 DN Heartbeats.
2019-06-14 09:10:06,372 INFO  commands.RetriableDatanodeEventWatcher (RetriableDatanodeEventWatcher.java:onTimeout(47)) - RetriableDatanodeCommand type=deleteBlocksCommand with id=1560503399471 timed out. Retrying.
2019-06-14 09:10:06,383 INFO  commands.RetriableDatanodeEventWatcher (RetriableDatanodeEventWatcher.java:onTimeout(47)) - RetriableDatanodeCommand type=deleteBlocksCommand with id=1560503399481 timed out. Retrying.
2019-06-14 09:10:06,386 INFO  commands.RetriableDatanodeEventWatcher (RetriableDatanodeEventWatcher.java:onTimeout(47)) - RetriableDatanodeCommand type=deleteBlocksCommand with id=1560503399491 timed out. Retrying.
2019-06-14 09:10:06,398 INFO  commands.RetriableDatanodeEventWatcher (RetriableDatanodeEventWatcher.java:onTimeout(47)) - RetriableDatanodeCommand type=deleteBlocksCommand with id=1560503399501 timed out. Retrying.
2019-06-14 09:10:06,406 INFO  commands.RetriableDatanodeEventWatcher (RetriableDatanodeEventWatcher.java:onTimeout(47)) - RetriableDatanodeCommand type=deleteBlocksCommand with id=1560503399511 timed out. Retrying.
2019-06-14 09:10:06,416 INFO  impl.FollowerState (FollowerState.java:run(101)) - e6065258-5a2c-4a72-9f81-ed1321f551ca:group-13364FE26125 changes to CANDIDATE, lastRpcTime:1024, electionTimeout:1024ms
2019-06-14 09:10:06,416 INFO  impl.RoleInfo (RoleInfo.java:shutdownFollowerState(121)) - e6065258-5a2c-4a72-9f81-ed1321f551ca: shutdown FollowerState
2019-06-14 09:10:06,416 INFO  impl.RaftServerImpl (RaftServerImpl.java:setRole(164)) - e6065258-5a2c-4a72-9f81-ed1321f551ca:group-13364FE26125 changes role from FOLLOWER to CANDIDATE at term 1 for changeToCandidate
2019-06-14 09:10:06,416 INFO  impl.RoleInfo (RoleInfo.java:updateAndGet(143)) - e6065258-5a2c-4a72-9f81-ed1321f551ca: start LeaderElection
2019-06-14 09:10:06,432 INFO  commands.RetriableDatanodeEventWatcher (RetriableDatanodeEventWatcher.java:onTimeout(47)) - RetriableDatanodeCommand type=deleteBlocksCommand with id=1560503399521 timed out. Retrying.
2019-06-14 09:10:06,439 DEBUG block.SCMBlockDeletingService (SCMBlockDeletingService.java:call(138)) - Running DeletedBlockTransactionScanner
2019-06-14 09:10:06,439 DEBUG block.SCMBlockDeletingService (SCMBlockDeletingService.java:call(155)) - Scanned deleted blocks log and got 3 delTX to process.
2019-06-14 09:10:06,439 DEBUG block.SCMBlockDeletingService (SCMBlockDeletingService.java:call(171)) - Added delete block command for datanode e6065258-5a2c-4a72-9f81-ed1321f551ca in the queue, number of delete block transactions: 3, TxID list: 1,2,3
2019-06-14 09:10:06,445 INFO  block.SCMBlockDeletingService (SCMBlockDeletingService.java:call(182)) - Totally added 3 delete blocks command for 1 datanodes, task elapsed time: 6ms
2019-06-14 09:10:06,465 INFO  commands.RetriableDatanodeEventWatcher (RetriableDatanodeEventWatcher.java:onTimeout(47)) - RetriableDatanodeCommand type=deleteBlocksCommand with id=1560503399462 timed out. Retrying.
2019-06-14 09:10:06,469 INFO  impl.LeaderElection (LeaderElection.java:askForVotes(181)) - e6065258-5a2c-4a72-9f81-ed1321f551ca:group-13364FE26125:LeaderElection2: begin an election at term 2 for 0: [e6065258-5a2c-4a72-9f81-ed1321f551ca:192.168.105.147:44531], old=null
2019-06-14 09:10:06,469 INFO  impl.RoleInfo (RoleInfo.java:shutdownLeaderElection(134)) - e6065258-5a2c-4a72-9f81-ed1321f551ca: shutdown LeaderElection
2019-06-14 09:10:06,469 INFO  impl.RaftServerImpl (RaftServerImpl.java:setRole(164)) - e6065258-5a2c-4a72-9f81-ed1321f551ca:group-13364FE26125 changes role from CANDIDATE to LEADER at term 2 for changeToLeader
2019-06-14 09:10:06,469 INFO  impl.RaftServerImpl (ServerState.java:setLeader(263)) - e6065258-5a2c-4a72-9f81-ed1321f551ca:group-13364FE26125 change Leader from null to e6065258-5a2c-4a72-9f81-ed1321f551ca at term 2 for becomeLeader, leader elected after 3298ms
2019-06-14 09:10:06,469 INFO  server.RaftServerConfigKeys (ConfUtils.java:logGet(43)) - raft.server.staging.catchup.gap = 1000 (default)
2019-06-14 09:10:06,469 INFO  server.RaftServerConfigKeys (ConfUtils.java:logGet(43)) - raft.server.rpc.sleep.time = 25ms (default)
2019-06-14 09:10:06,470 INFO  server.RaftServerConfigKeys (ConfUtils.java:logGet(43)) - raft.server.watch.timeout = 10s (default)
2019-06-14 09:10:06,470 INFO  server.RaftServerConfigKeys (ConfUtils.java:logGet(43)) - raft.server.watch.timeout.denomination = 1s (default)
2019-06-14 09:10:06,470 INFO  impl.RoleInfo (RoleInfo.java:updateAndGet(143)) - e6065258-5a2c-4a72-9f81-ed1321f551ca: start LeaderState
2019-06-14 09:10:06,470 INFO  storage.RaftLogWorker (RaftLogWorker.java:rollLogSegment(303)) - e6065258-5a2c-4a72-9f81-ed1321f551ca-RaftLogWorker: Rolling segment log-7141_7189 to index:7189
2019-06-14 09:10:06,471 INFO  impl.RaftServerImpl (ServerState.java:setRaftConf(361)) - e6065258-5a2c-4a72-9f81-ed1321f551ca:group-13364FE26125 set configuration 7190: [e6065258-5a2c-4a72-9f81-ed1321f551ca:192.168.105.147:44531], old=null at 7190
2019-06-14 09:10:06,471 INFO  storage.RaftLogWorker (RaftLogWorker.java:execute(433)) - e6065258-5a2c-4a72-9f81-ed1321f551ca-RaftLogWorker: Rolled log segment from /opt/src/hadoop-ozone/integration-test/target/test-dir/MiniOzoneClusterImpl-a56da109-a1cb-4168-8966-62306f2f2d23/datanode-0/data/ratis/920138aa-6f47-4d6d-b5cc-13364fe26125/current/log_inprogress_7141 to /opt/src/hadoop-ozone/integration-test/target/test-dir/MiniOzoneClusterImpl-a56da109-a1cb-4168-8966-62306f2f2d23/datanode-0/data/ratis/920138aa-6f47-4d6d-b5cc-13364fe26125/current/log_7141-7189
2019-06-14 09:10:06,474 INFO  commands.RetriableDatanodeEventWatcher (RetriableDatanodeEventWatcher.java:onTimeout(47)) - RetriableDatanodeCommand type=deleteBlocksCommand with id=1560503399472 timed out. Retrying.
2019-06-14 09:10:06,480 INFO  commands.RetriableDatanodeEventWatcher (RetriableDatanodeEventWatcher.java:onTimeout(47)) - RetriableDatanodeCommand type=deleteBlocksCommand with id=1560503399482 timed out. Retrying.
2019-06-14 09:10:06,487 INFO  commands.RetriableDatanodeEventWatcher (RetriableDatanodeEventWatcher.java:onTimeout(47)) - RetriableDatanodeCommand type=deleteBlocksCommand with id=1560503399492 timed out. Retrying.
2019-06-14 09:10:06,500 INFO  commands.RetriableDatanodeEventWatcher (RetriableDatanodeEventWatcher.java:onTimeout(47)) - RetriableDatanodeCommand type=deleteBlocksCommand with id=1560503399502 timed out. Retrying.
2019-06-14 09:10:06,508 INFO  commands.RetriableDatanodeEventWatcher (RetriableDatanodeEventWatcher.java:onTimeout(47)) - RetriableDatanodeCommand type=deleteBlocksCommand with id=1560503399512 timed out. Retrying.
2019-06-14 09:10:06,533 INFO  commands.RetriableDatanodeEventWatcher (RetriableDatanodeEventWatcher.java:onTimeout(47)) - RetriableDatanodeCommand type=deleteBlocksCommand with id=1560503399522 timed out. Retrying.
2019-06-14 09:10:06,545 DEBUG block.SCMBlockDeletingService (SCMBlockDeletingService.java:call(138)) - Running DeletedBlockTransactionScanner
2019-06-14 09:10:06,546 DEBUG block.SCMBlockDeletingService (SCMBlockDeletingService.java:call(155)) - Scanned deleted blocks log and got 3 delTX to process.
2019-06-14 09:10:06,546 DEBUG block.SCMBlockDeletingService (SCMBlockDeletingService.java:call(171)) - Added delete block command for datanode e6065258-5a2c-4a72-9f81-ed1321f551ca in the queue, number of delete block transactions: 3, TxID list: 1,2,3
2019-06-14 09:10:06,546 INFO  block.SCMBlockDeletingService (SCMBlockDeletingService.java:call(182)) - Totally added 3 delete blocks command for 1 datanodes, task elapsed time: 0ms
2019-06-14 09:10:06,563 INFO  storage.RaftLogWorker (RaftLogWorker.java:execute(469)) - e6065258-5a2c-4a72-9f81-ed1321f551ca-RaftLogWorker: created new log segment /opt/src/hadoop-ozone/integration-test/target/test-dir/MiniOzoneClusterImpl-a56da109-a1cb-4168-8966-62306f2f2d23/datanode-0/data/ratis/920138aa-6f47-4d6d-b5cc-13364fe26125/current/log_inprogress_7190
2019-06-14 09:10:06,565 INFO  commands.RetriableDatanodeEventWatcher (RetriableDatanodeEventWatcher.java:onTimeout(47)) - RetriableDatanodeCommand type=deleteBlocksCommand with id=1560503399463 timed out. Retrying.
2019-06-14 09:10:06,571 INFO  commands.RetriableDatanodeEventWatcher (RetriableDatanodeEventWatcher.java:onTimeout(47)) - RetriableDatanodeCommand type=deleteBlocksCommand with id=1560503399473 timed out. Retrying.
2019-06-14 09:10:06,580 INFO  commands.RetriableDatanodeEventWatcher (RetriableDatanodeEventWatcher.java:onTimeout(47)) - RetriableDatanodeCommand type=deleteBlocksCommand with id=1560503399483 timed out. Retrying.
2019-06-14 09:10:06,587 INFO  commands.RetriableDatanodeEventWatcher (RetriableDatanodeEventWatcher.java:onTimeout(47)) - RetriableDatanodeCommand type=deleteBlocksCommand with id=1560503399493 timed out. Retrying.
2019-06-14 09:10:06,602 INFO  commands.RetriableDatanodeEventWatcher (RetriableDatanodeEventWatcher.java:onTimeout(47)) - RetriableDatanodeCommand type=deleteBlocksCommand with id=1560503399503 timed out. Retrying.
2019-06-14 09:10:06,608 INFO  commands.RetriableDatanodeEventWatcher (RetriableDatanodeEventWatcher.java:onTimeout(47)) - RetriableDatanodeCommand type=deleteBlocksCommand with id=1560503399513 timed out. Retrying.
2019-06-14 09:10:06,634 INFO  commands.RetriableDatanodeEventWatcher (RetriableDatanodeEventWatcher.java:onTimeout(47)) - RetriableDatanodeCommand type=deleteBlocksCommand with id=1560503399523 timed out. Retrying.
2019-06-14 09:10:06,646 DEBUG block.SCMBlockDeletingService (SCMBlockDeletingService.java:call(138)) - Running DeletedBlockTransactionScanner
2019-06-14 09:10:06,646 DEBUG block.SCMBlockDeletingService (SCMBlockDeletingService.java:call(155)) - Scanned deleted blocks log and got 3 delTX to process.
2019-06-14 09:10:06,646 DEBUG block.SCMBlockDeletingService (SCMBlockDeletingService.java:call(171)) - Added delete block command for datanode e6065258-5a2c-4a72-9f81-ed1321f551ca in the queue, number of delete block transactions: 3, TxID list: 1,2,3
2019-06-14 09:10:06,647 INFO  block.SCMBlockDeletingService (SCMBlockDeletingService.java:call(182)) - Totally added 3 delete blocks command for 1 datanodes, task elapsed time: 1ms
2019-06-14 09:10:06,666 INFO  commands.RetriableDatanodeEventWatcher (RetriableDatanodeEventWatcher.java:onTimeout(47)) - RetriableDatanodeCommand type=deleteBlocksCommand with id=1560503399464 timed out. Retrying.
2019-06-14 09:10:06,675 INFO  commands.RetriableDatanodeEventWatcher (RetriableDatanodeEventWatcher.java:onTimeout(47)) - RetriableDatanodeCommand type=deleteBlocksCommand with id=1560503399474 timed out. Retrying.
2019-06-14 09:10:06,680 INFO  commands.RetriableDatanodeEventWatcher (RetriableDatanodeEventWatcher.java:onTimeout(47)) - RetriableDatanodeCommand type=deleteBlocksCommand with id=1560503399484 timed out. Retrying.
2019-06-14 09:10:06,689 INFO  commands.RetriableDatanodeEventWatcher (RetriableDatanodeEventWatcher.java:onTimeout(47)) - RetriableDatanodeCommand type=deleteBlocksCommand with id=1560503399494 timed out. Retrying.
2019-06-14 09:10:06,702 INFO  commands.RetriableDatanodeEventWatcher (RetriableDatanodeEventWatcher.java:onTimeout(47)) - RetriableDatanodeCommand type=deleteBlocksCommand with id=1560503399504 timed out. Retrying.
2019-06-14 09:10:06,709 INFO  commands.RetriableDatanodeEventWatcher (RetriableDatanodeEventWatcher.java:onTimeout(47)) - RetriableDatanodeCommand type=deleteBlocksCommand with id=1560503399514 timed out. Retrying.
2019-06-14 09:10:06,734 INFO  commands.RetriableDatanodeEventWatcher (RetriableDatanodeEventWatcher.java:onTimeout(47)) - RetriableDatanodeCommand type=deleteBlocksCommand with id=1560503399524 timed out. Retrying.
2019-06-14 09:10:06,747 DEBUG block.SCMBlockDeletingService (SCMBlockDeletingService.java:call(138)) - Running DeletedBlockTransactionScanner
2019-06-14 09:10:06,747 DEBUG block.SCMBlockDeletingService (SCMBlockDeletingService.java:call(155)) - Scanned deleted blocks log and got 3 delTX to process.
2019-06-14 09:10:06,747 DEBUG block.SCMBlockDeletingService (SCMBlockDeletingService.java:call(171)) - Added delete block command for datanode e6065258-5a2c-4a72-9f81-ed1321f551ca in the queue, number of delete block transactions: 3, TxID list: 1,2,3
2019-06-14 09:10:06,747 INFO  block.SCMBlockDeletingService (SCMBlockDeletingService.java:call(182)) - Totally added 3 delete blocks command for 1 datanodes, task elapsed time: 1ms
2019-06-14 09:10:06,767 INFO  commands.RetriableDatanodeEventWatcher (RetriableDatanodeEventWatcher.java:onTimeout(47)) - RetriableDatanodeCommand type=deleteBlocksCommand with id=1560503399465 timed out. Retrying.
2019-06-14 09:10:06,772 INFO  commands.RetriableDatanodeEventWatcher (RetriableDatanodeEventWatcher.java:onTimeout(47)) - RetriableDatanodeCommand type=deleteBlocksCommand with id=1560503399475 timed out. Retrying.
2019-06-14 09:10:06,782 INFO  commands.RetriableDatanodeEventWatcher (RetriableDatanodeEventWatcher.java:onTimeout(47)) - RetriableDatanodeCommand type=deleteBlocksCommand with id=1560503399485 timed out. Retrying.
2019-06-14 09:10:06,789 INFO  commands.RetriableDatanodeEventWatcher (RetriableDatanodeEventWatcher.java:onTimeout(47)) - RetriableDatanodeCommand type=deleteBlocksCommand with id=1560503399495 timed out. Retrying.
2019-06-14 09:10:06,802 INFO  commands.RetriableDatanodeEventWatcher (RetriableDatanodeEventWatcher.java:onTimeout(47)) - RetriableDatanodeCommand type=deleteBlocksCommand with id=1560503399505 timed out. Retrying.
2019-06-14 09:10:06,808 INFO  commands.RetriableDatanodeEventWatcher (RetriableDatanodeEventWatcher.java:onTimeout(47)) - RetriableDatanodeCommand type=deleteBlocksCommand with id=1560503399515 timed out. Retrying.
2019-06-14 09:10:06,835 INFO  commands.RetriableDatanodeEventWatcher (RetriableDatanodeEventWatcher.java:onTimeout(47)) - RetriableDatanodeCommand type=deleteBlocksCommand with id=1560503399525 timed out. Retrying.
2019-06-14 09:10:06,848 DEBUG block.SCMBlockDeletingService (SCMBlockDeletingService.java:call(138)) - Running DeletedBlockTransactionScanner
2019-06-14 09:10:06,848 DEBUG block.SCMBlockDeletingService (SCMBlockDeletingService.java:call(155)) - Scanned deleted blocks log and got 3 delTX to process.
2019-06-14 09:10:06,848 DEBUG block.SCMBlockDeletingService (SCMBlockDeletingService.java:call(171)) - Added delete block command for datanode e6065258-5a2c-4a72-9f81-ed1321f551ca in the queue, number of delete block transactions: 3, TxID list: 1,2,3
2019-06-14 09:10:06,848 INFO  block.SCMBlockDeletingService (SCMBlockDeletingService.java:call(182)) - Totally added 3 delete blocks command for 1 datanodes, task elapsed time: 0ms
2019-06-14 09:10:06,867 INFO  commands.RetriableDatanodeEventWatcher (RetriableDatanodeEventWatcher.java:onTimeout(47)) - RetriableDatanodeCommand type=deleteBlocksCommand with id=1560503399466 timed out. Retrying.
2019-06-14 09:10:06,874 INFO  commands.RetriableDatanodeEventWatcher (RetriableDatanodeEventWatcher.java:onTimeout(47)) - RetriableDatanodeCommand type=deleteBlocksCommand with id=1560503399476 timed out. Retrying.
2019-06-14 09:10:06,880 INFO  commands.RetriableDatanodeEventWatcher (RetriableDatanodeEventWatcher.java:onTimeout(47)) - RetriableDatanodeCommand type=deleteBlocksCommand with id=1560503399486 timed out. Retrying.
2019-06-14 09:10:06,890 INFO  commands.RetriableDatanodeEventWatcher (RetriableDatanodeEventWatcher.java:onTimeout(47)) - RetriableDatanodeCommand type=deleteBlocksCommand with id=1560503399496 timed out. Retrying.
2019-06-14 09:10:06,904 INFO  commands.RetriableDatanodeEventWatcher (RetriableDatanodeEventWatcher.java:onTimeout(47)) - RetriableDatanodeCommand type=deleteBlocksCommand with id=1560503399506 timed out. Retrying.
2019-06-14 09:10:06,910 INFO  commands.RetriableDatanodeEventWatcher (RetriableDatanodeEventWatcher.java:onTimeout(47)) - RetriableDatanodeCommand type=deleteBlocksCommand with id=1560503399516 timed out. Retrying.
2019-06-14 09:10:06,935 INFO  commands.RetriableDatanodeEventWatcher (RetriableDatanodeEventWatcher.java:onTimeout(47)) - RetriableDatanodeCommand type=deleteBlocksCommand with id=1560503399526 timed out. Retrying.
2019-06-14 09:10:06,948 DEBUG block.SCMBlockDeletingService (SCMBlockDeletingService.java:call(138)) - Running DeletedBlockTransactionScanner
2019-06-14 09:10:06,948 DEBUG block.SCMBlockDeletingService (SCMBlockDeletingService.java:call(155)) - Scanned deleted blocks log and got 3 delTX to process.
2019-06-14 09:10:06,949 DEBUG block.SCMBlockDeletingService (SCMBlockDeletingService.java:call(171)) - Added delete block command for datanode e6065258-5a2c-4a72-9f81-ed1321f551ca in the queue, number of delete block transactions: 3, TxID list: 1,2,3
2019-06-14 09:10:06,949 INFO  block.SCMBlockDeletingService (SCMBlockDeletingService.java:call(182)) - Totally added 3 delete blocks command for 1 datanodes, task elapsed time: 0ms
2019-06-14 09:10:06,968 INFO  commands.RetriableDatanodeEventWatcher (RetriableDatanodeEventWatcher.java:onTimeout(47)) - RetriableDatanodeCommand type=deleteBlocksCommand with id=1560503399467 timed out. Retrying.
2019-06-14 09:10:06,977 INFO  commands.RetriableDatanodeEventWatcher (RetriableDatanodeEventWatcher.java:onTimeout(47)) - RetriableDatanodeCommand type=deleteBlocksCommand with id=1560503399477 timed out. Retrying.
2019-06-14 09:10:06,983 INFO  commands.RetriableDatanodeEventWatcher (RetriableDatanodeEventWatcher.java:onTimeout(47)) - RetriableDatanodeCommand type=deleteBlocksCommand with id=1560503399487 timed out. Retrying.
2019-06-14 09:10:06,993 INFO  commands.RetriableDatanodeEventWatcher (RetriableDatanodeEventWatcher.java:onTimeout(47)) - RetriableDatanodeCommand type=deleteBlocksCommand with id=1560503399497 timed out. Retrying.
2019-06-14 09:10:07,004 INFO  commands.RetriableDatanodeEventWatcher (RetriableDatanodeEventWatcher.java:onTimeout(47)) - RetriableDatanodeCommand type=deleteBlocksCommand with id=1560503399507 timed out. Retrying.
2019-06-14 09:10:07,011 INFO  commands.RetriableDatanodeEventWatcher (RetriableDatanodeEventWatcher.java:onTimeout(47)) - RetriableDatanodeCommand type=deleteBlocksCommand with id=1560503399517 timed out. Retrying.
2019-06-14 09:10:07,037 INFO  commands.RetriableDatanodeEventWatcher (RetriableDatanodeEventWatcher.java:onTimeout(47)) - RetriableDatanodeCommand type=deleteBlocksCommand with id=1560503399527 timed out. Retrying.
2019-06-14 09:10:07,049 DEBUG block.SCMBlockDeletingService (SCMBlockDeletingService.java:call(138)) - Running DeletedBlockTransactionScanner
2019-06-14 09:10:07,049 DEBUG block.SCMBlockDeletingService (SCMBlockDeletingService.java:call(155)) - Scanned deleted blocks log and got 3 delTX to process.
2019-06-14 09:10:07,049 DEBUG block.SCMBlockDeletingService (SCMBlockDeletingService.java:call(171)) - Added delete block command for datanode e6065258-5a2c-4a72-9f81-ed1321f551ca in the queue, number of delete block transactions: 3, TxID list: 1,2,3
2019-06-14 09:10:07,049 INFO  block.SCMBlockDeletingService (SCMBlockDeletingService.java:call(182)) - Totally added 3 delete blocks command for 1 datanodes, task elapsed time: 1ms
2019-06-14 09:10:07,070 INFO  commands.RetriableDatanodeEventWatcher (RetriableDatanodeEventWatcher.java:onTimeout(47)) - RetriableDatanodeCommand type=deleteBlocksCommand with id=1560503399468 timed out. Retrying.
2019-06-14 09:10:07,079 INFO  commands.RetriableDatanodeEventWatcher (RetriableDatanodeEventWatcher.java:onTimeout(47)) - RetriableDatanodeCommand type=deleteBlocksCommand with id=1560503399478 timed out. Retrying.
2019-06-14 09:10:07,086 INFO  commands.RetriableDatanodeEventWatcher (RetriableDatanodeEventWatcher.java:onTimeout(47)) - RetriableDatanodeCommand type=deleteBlocksCommand with id=1560503399488 timed out. Retrying.
2019-06-14 09:10:07,096 INFO  commands.RetriableDatanodeEventWatcher (RetriableDatanodeEventWatcher.java:onTimeout(47)) - RetriableDatanodeCommand type=deleteBlocksCommand with id=1560503399498 timed out. Retrying.
2019-06-14 09:10:07,106 INFO  commands.RetriableDatanodeEventWatcher (RetriableDatanodeEventWatcher.java:onTimeout(47)) - RetriableDatanodeCommand type=deleteBlocksCommand with id=1560503399508 timed out. Retrying.
2019-06-14 09:10:07,112 INFO  commands.RetriableDatanodeEventWatcher (RetriableDatanodeEventWatcher.java:onTimeout(47)) - RetriableDatanodeCommand type=deleteBlocksCommand with id=1560503399518 timed out. Retrying.
2019-06-14 09:10:07,137 INFO  commands.RetriableDatanodeEventWatcher (RetriableDatanodeEventWatcher.java:onTimeout(47)) - RetriableDatanodeCommand type=deleteBlocksCommand with id=1560503399528 timed out. Retrying.
2019-06-14 09:10:07,149 DEBUG block.SCMBlockDeletingService (SCMBlockDeletingService.java:call(138)) - Running DeletedBlockTransactionScanner
2019-06-14 09:10:07,150 DEBUG block.SCMBlockDeletingService (SCMBlockDeletingService.java:call(155)) - Scanned deleted blocks log and got 3 delTX to process.
2019-06-14 09:10:07,150 DEBUG block.SCMBlockDeletingService (SCMBlockDeletingService.java:call(171)) - Added delete block command for datanode e6065258-5a2c-4a72-9f81-ed1321f551ca in the queue, number of delete block transactions: 3, TxID list: 1,2,3
2019-06-14 09:10:07,150 INFO  block.SCMBlockDeletingService (SCMBlockDeletingService.java:call(182)) - Totally added 3 delete blocks command for 1 datanodes, task elapsed time: 0ms
2019-06-14 09:10:07,175 INFO  commands.RetriableDatanodeEventWatcher (RetriableDatanodeEventWatcher.java:onTimeout(47)) - RetriableDatanodeCommand type=deleteBlocksCommand with id=1560503399469 timed out. Retrying.
2019-06-14 09:10:07,176 INFO  commands.RetriableDatanodeEventWatcher (RetriableDatanodeEventWatcher.java:onTimeout(47)) - RetriableDatanodeCommand type=deleteBlocksCommand with id=1560503399479 timed out. Retrying.
2019-06-14 09:10:07,194 INFO  commands.RetriableDatanodeEventWatcher (RetriableDatanodeEventWatcher.java:onTimeout(47)) - RetriableDatanodeCommand type=deleteBlocksCommand with id=1560503399489 timed out. Retrying.
2019-06-14 09:10:07,196 INFO  commands.RetriableDatanodeEventWatcher (RetriableDatanodeEventWatcher.java:onTimeout(47)) - RetriableDatanodeCommand type=deleteBlocksCommand with id=1560503399499 timed out. Retrying.
2019-06-14 09:10:07,205 INFO  commands.RetriableDatanodeEventWatcher (RetriableDatanodeEventWatcher.java:onTimeout(47)) - RetriableDatanodeCommand type=deleteBlocksCommand with id=1560503399509 timed out. Retrying.
2019-06-14 09:10:07,231 INFO  commands.RetriableDatanodeEventWatcher (RetriableDatanodeEventWatcher.java:onTimeout(47)) - RetriableDatanodeCommand type=deleteBlocksCommand with id=1560503399519 timed out. Retrying.
2019-06-14 09:10:07,237 INFO  commands.RetriableDatanodeEventWatcher (RetriableDatanodeEventWatcher.java:onTimeout(47)) - RetriableDatanodeCommand type=deleteBlocksCommand with id=1560503399529 timed out. Retrying.
2019-06-14 09:10:07,250 DEBUG block.SCMBlockDeletingService (SCMBlockDeletingService.java:call(138)) - Running DeletedBlockTransactionScanner
2019-06-14 09:10:07,250 DEBUG block.SCMBlockDeletingService (SCMBlockDeletingService.java:call(155)) - Scanned deleted blocks log and got 3 delTX to process.
2019-06-14 09:10:07,250 DEBUG block.SCMBlockDeletingService (SCMBlockDeletingService.java:call(171)) - Added delete block command for datanode e6065258-5a2c-4a72-9f81-ed1321f551ca in the queue, number of delete block transactions: 3, TxID list: 1,2,3
2019-06-14 09:10:07,251 INFO  block.SCMBlockDeletingService (SCMBlockDeletingService.java:call(182)) - Totally added 3 delete blocks command for 1 datanodes, task elapsed time: 1ms
2019-06-14 09:10:07,272 INFO  commands.RetriableDatanodeEventWatcher (RetriableDatanodeEventWatcher.java:onTimeout(47)) - RetriableDatanodeCommand type=deleteBlocksCommand with id=1560503399470 timed out. Retrying.
2019-06-14 09:10:07,277 INFO  commands.RetriableDatanodeEventWatcher (RetriableDatanodeEventWatcher.java:onTimeout(47)) - RetriableDatanodeCommand type=deleteBlocksCommand with id=1560503399480 timed out. Retrying.
2019-06-14 09:10:07,285 INFO  commands.RetriableDatanodeEventWatcher (RetriableDatanodeEventWatcher.java:onTimeout(47)) - RetriableDatanodeCommand type=deleteBlocksCommand with id=1560503399490 timed out. Retrying.
2019-06-14 09:10:07,297 INFO  commands.RetriableDatanodeEventWatcher (RetriableDatanodeEventWatcher.java:onTimeout(47)) - RetriableDatanodeCommand type=deleteBlocksCommand with id=1560503399500 timed out. Retrying.
2019-06-14 09:10:07,305 INFO  commands.RetriableDatanodeEventWatcher (RetriableDatanodeEventWatcher.java:onTimeout(47)) - RetriableDatanodeCommand type=deleteBlocksCommand with id=1560503399510 timed out. Retrying.
2019-06-14 09:10:07,331 INFO  commands.RetriableDatanodeEventWatcher (RetriableDatanodeEventWatcher.java:onTimeout(47)) - RetriableDatanodeCommand type=deleteBlocksCommand with id=1560503399520 timed out. Retrying.
2019-06-14 09:10:07,339 INFO  commands.RetriableDatanodeEventWatcher (RetriableDatanodeEventWatcher.java:onTimeout(47)) - RetriableDatanodeCommand type=deleteBlocksCommand with id=1560503399530 timed out. Retrying.
2019-06-14 09:10:07,351 DEBUG block.SCMBlockDeletingService (SCMBlockDeletingService.java:call(138)) - Running DeletedBlockTransactionScanner
2019-06-14 09:10:07,351 DEBUG block.SCMBlockDeletingService (SCMBlockDeletingService.java:call(155)) - Scanned deleted blocks log and got 3 delTX to process.
2019-06-14 09:10:07,351 DEBUG block.SCMBlockDeletingService (SCMBlockDeletingService.java:call(171)) - Added delete block command for datanode e6065258-5a2c-4a72-9f81-ed1321f551ca in the queue, number of delete block transactions: 3, TxID list: 1,2,3
2019-06-14 09:10:07,351 INFO  block.SCMBlockDeletingService (SCMBlockDeletingService.java:call(182)) - Totally added 3 delete blocks command for 1 datanodes, task elapsed time: 1ms
2019-06-14 09:10:07,358 INFO  ozone.MiniOzoneClusterImpl (MiniOzoneClusterImpl.java:lambda$waitForClusterToBeReady$0(142)) - Waiting for cluster to be ready. Got 0 of 1 DN Heartbeats.
2019-06-14 09:10:07,373 INFO  commands.RetriableDatanodeEventWatcher (RetriableDatanodeEventWatcher.java:onTimeout(47)) - RetriableDatanodeCommand type=deleteBlocksCommand with id=1560503399471 timed out. Retrying.
2019-06-14 09:10:07,383 INFO  commands.RetriableDatanodeEventWatcher (RetriableDatanodeEventWatcher.java:onTimeout(47)) - RetriableDatanodeCommand type=deleteBlocksCommand with id=1560503399481 timed out. Retrying.
2019-06-14 09:10:07,386 INFO  commands.RetriableDatanodeEventWatcher (RetriableDatanodeEventWatcher.java:onTimeout(47)) - RetriableDatanodeCommand type=deleteBlocksCommand with id=1560503399491 timed out. Retrying.
2019-06-14 09:10:07,387 INFO  block.SCMBlockDeletingService (SCMBlockDeletingService.java:handlePendingDeletes(115)) - Block deletion txnID mismatch in datanode e6065258-5a2c-4a72-9f81-ed1321f551ca for containerID 1. Datanode delete txnID: 0, SCM txnID: 1
2019-06-14 09:10:07,387 INFO  block.SCMBlockDeletingService (SCMBlockDeletingService.java:handlePendingDeletes(115)) - Block deletion txnID mismatch in datanode e6065258-5a2c-4a72-9f81-ed1321f551ca for containerID 2. Datanode delete txnID: 0, SCM txnID: 2
2019-06-14 09:10:07,387 INFO  block.SCMBlockDeletingService (SCMBlockDeletingService.java:handlePendingDeletes(115)) - Block deletion txnID mismatch in datanode e6065258-5a2c-4a72-9f81-ed1321f551ca for containerID 3. Datanode delete txnID: 0, SCM txnID: 3
2019-06-14 09:10:07,399 INFO  commands.RetriableDatanodeEventWatcher (RetriableDatanodeEventWatcher.java:onTimeout(47)) - RetriableDatanodeCommand type=deleteBlocksCommand with id=1560503399501 timed out. Retrying.
2019-06-14 09:10:07,406 INFO  commands.RetriableDatanodeEventWatcher (RetriableDatanodeEventWatcher.java:onTimeout(47)) - RetriableDatanodeCommand type=deleteBlocksCommand with id=1560503399511 timed out. Retrying.
2019-06-14 09:10:07,432 INFO  commands.RetriableDatanodeEventWatcher (RetriableDatanodeEventWatcher.java:onTimeout(47)) - RetriableDatanodeCommand type=deleteBlocksCommand with id=1560503399521 timed out. Retrying.
2019-06-14 09:10:07,439 INFO  commands.RetriableDatanodeEventWatcher (RetriableDatanodeEventWatcher.java:onTimeout(47)) - RetriableDatanodeCommand type=deleteBlocksCommand with id=1560503399531 timed out. Retrying.
2019-06-14 09:10:07,451 DEBUG block.SCMBlockDeletingService (SCMBlockDeletingService.java:call(138)) - Running DeletedBlockTransactionScanner
2019-06-14 09:10:07,452 DEBUG block.SCMBlockDeletingService (SCMBlockDeletingService.java:call(155)) - Scanned deleted blocks log and got 3 delTX to process.
2019-06-14 09:10:07,452 DEBUG block.SCMBlockDeletingService (SCMBlockDeletingService.java:call(171)) - Added delete block command for datanode e6065258-5a2c-4a72-9f81-ed1321f551ca in the queue, number of delete block transactions: 3, TxID list: 1,2,3
2019-06-14 09:10:07,452 INFO  block.SCMBlockDeletingService (SCMBlockDeletingService.java:call(182)) - Totally added 3 delete blocks command for 1 datanodes, task elapsed time: 0ms
2019-06-14 09:10:07,466 INFO  commands.RetriableDatanodeEventWatcher (RetriableDatanodeEventWatcher.java:onTimeout(47)) - RetriableDatanodeCommand type=deleteBlocksCommand with id=1560503399462 timed out. Retrying.
2019-06-14 09:10:07,475 INFO  commands.RetriableDatanodeEventWatcher (RetriableDatanodeEventWatcher.java:onTimeout(47)) - RetriableDatanodeCommand type=deleteBlocksCommand with id=1560503399472 timed out. Retrying.
2019-06-14 09:10:07,479 INFO  commands.RetriableDatanodeEventWatcher (RetriableDatanodeEventWatcher.java:onTimeout(47)) - RetriableDatanodeCommand type=deleteBlocksCommand with id=1560503399482 timed out. Retrying.
2019-06-14 09:10:07,487 INFO  commands.RetriableDatanodeEventWatcher (RetriableDatanodeEventWatcher.java:onTimeout(47)) - RetriableDatanodeCommand type=deleteBlocksCommand with id=1560503399492 timed out. Retrying.
2019-06-14 09:10:07,501 INFO  commands.RetriableDatanodeEventWatcher (RetriableDatanodeEventWatcher.java:onTimeout(47)) - RetriableDatanodeCommand type=deleteBlocksCommand with id=1560503399502 timed out. Retrying.
2019-06-14 09:10:07,508 INFO  commands.RetriableDatanodeEventWatcher (RetriableDatanodeEventWatcher.java:onTimeout(47)) - RetriableDatanodeCommand type=deleteBlocksCommand with id=1560503399512 timed out. Retrying.
2019-06-14 09:10:07,533 INFO  commands.RetriableDatanodeEventWatcher (RetriableDatanodeEventWatcher.java:onTimeout(47)) - RetriableDatanodeCommand type=deleteBlocksCommand with id=1560503399522 timed out. Retrying.
2019-06-14 09:10:07,546 INFO  commands.RetriableDatanodeEventWatcher (RetriableDatanodeEventWatcher.java:onTimeout(47)) - RetriableDatanodeCommand type=deleteBlocksCommand with id=1560503399532 timed out. Retrying.
2019-06-14 09:10:07,552 DEBUG block.SCMBlockDeletingService (SCMBlockDeletingService.java:call(138)) - Running DeletedBlockTransactionScanner
2019-06-14 09:10:07,552 DEBUG block.SCMBlockDeletingService (SCMBlockDeletingService.java:call(155)) - Scanned deleted blocks log and got 3 delTX to process.
2019-06-14 09:10:07,552 DEBUG block.SCMBlockDeletingService (SCMBlockDeletingService.java:call(171)) - Added delete block command for datanode e6065258-5a2c-4a72-9f81-ed1321f551ca in the queue, number of delete block transactions: 3, TxID list: 1,2,3
2019-06-14 09:10:07,562 INFO  block.SCMBlockDeletingService (SCMBlockDeletingService.java:call(182)) - Totally added 3 delete blocks command for 1 datanodes, task elapsed time: 10ms
2019-06-14 09:10:07,564 INFO  commands.RetriableDatanodeEventWatcher (RetriableDatanodeEventWatcher.java:onTimeout(47)) - RetriableDatanodeCommand type=deleteBlocksCommand with id=1560503399463 timed out. Retrying.
2019-06-14 09:10:07,572 INFO  commands.RetriableDatanodeEventWatcher (RetriableDatanodeEventWatcher.java:onTimeout(47)) - RetriableDatanodeCommand type=deleteBlocksCommand with id=1560503399473 timed out. Retrying.
2019-06-14 09:10:07,581 INFO  commands.RetriableDatanodeEventWatcher (RetriableDatanodeEventWatcher.java:onTimeout(47)) - RetriableDatanodeCommand type=deleteBlocksCommand with id=1560503399483 timed out. Retrying.
2019-06-14 09:10:07,587 INFO  commands.RetriableDatanodeEventWatcher (RetriableDatanodeEventWatcher.java:onTimeout(47)) - RetriableDatanodeCommand type=deleteBlocksCommand with id=1560503399493 timed out. Retrying.
2019-06-14 09:10:07,601 INFO  commands.RetriableDatanodeEventWatcher (RetriableDatanodeEventWatcher.java:onTimeout(47)) - RetriableDatanodeCommand type=deleteBlocksCommand with id=1560503399503 timed out. Retrying.
2019-06-14 09:10:07,608 INFO  commands.RetriableDatanodeEventWatcher (RetriableDatanodeEventWatcher.java:onTimeout(47)) - RetriableDatanodeCommand type=deleteBlocksCommand with id=1560503399513 timed out. Retrying.
2019-06-14 09:10:07,635 INFO  commands.RetriableDatanodeEventWatcher (RetriableDatanodeEventWatcher.java:onTimeout(47)) - RetriableDatanodeCommand type=deleteBlocksCommand with id=1560503399523 timed out. Retrying.
2019-06-14 09:10:07,647 INFO  commands.RetriableDatanodeEventWatcher (RetriableDatanodeEventWatcher.java:onTimeout(47)) - RetriableDatanodeCommand type=deleteBlocksCommand with id=1560503399533 timed out. Retrying.
2019-06-14 09:10:07,662 DEBUG block.SCMBlockDeletingService (SCMBlockDeletingService.java:call(138)) - Running DeletedBlockTransactionScanner
2019-06-14 09:10:07,663 DEBUG block.SCMBlockDeletingService (SCMBlockDeletingService.java:call(155)) - Scanned deleted blocks log and got 3 delTX to process.
2019-06-14 09:10:07,663 DEBUG block.SCMBlockDeletingService (SCMBlockDeletingService.java:call(171)) - Added delete block command for datanode e6065258-5a2c-4a72-9f81-ed1321f551ca in the queue, number of delete block transactions: 3, TxID list: 1,2,3
2019-06-14 09:10:07,663 INFO  block.SCMBlockDeletingService (SCMBlockDeletingService.java:call(182)) - Totally added 3 delete blocks command for 1 datanodes, task elapsed time: 0ms
2019-06-14 09:10:07,666 INFO  commands.RetriableDatanodeEventWatcher (RetriableDatanodeEventWatcher.java:onTimeout(47)) - RetriableDatanodeCommand type=deleteBlocksCommand with id=1560503399464 timed out. Retrying.
2019-06-14 09:10:07,675 INFO  commands.RetriableDatanodeEventWatcher (RetriableDatanodeEventWatcher.java:onTimeout(47)) - RetriableDatanodeCommand type=deleteBlocksCommand with id=1560503399474 timed out. Retrying.
2019-06-14 09:10:07,680 INFO  commands.RetriableDatanodeEventWatcher (RetriableDatanodeEventWatcher.java:onTimeout(47)) - RetriableDatanodeCommand type=deleteBlocksCommand with id=1560503399484 timed out. Retrying.
2019-06-14 09:10:07,689 INFO  commands.RetriableDatanodeEventWatcher (RetriableDatanodeEventWatcher.java:onTimeout(47)) - RetriableDatanodeCommand type=deleteBlocksCommand with id=1560503399494 timed out. Retrying.
2019-06-14 09:10:07,702 INFO  commands.RetriableDatanodeEventWatcher (RetriableDatanodeEventWatcher.java:onTimeout(47)) - RetriableDatanodeCommand type=deleteBlocksCommand with id=1560503399504 timed out. Retrying.
2019-06-14 09:10:07,709 INFO  commands.RetriableDatanodeEventWatcher (RetriableDatanodeEventWatcher.java:onTimeout(47)) - RetriableDatanodeCommand type=deleteBlocksCommand with id=1560503399514 timed out. Retrying.
2019-06-14 09:10:07,734 INFO  commands.RetriableDatanodeEventWatcher (RetriableDatanodeEventWatcher.java:onTimeout(47)) - RetriableDatanodeCommand type=deleteBlocksCommand with id=1560503399524 timed out. Retrying.
2019-06-14 09:10:07,746 INFO  commands.RetriableDatanodeEventWatcher (RetriableDatanodeEventWatcher.java:onTimeout(47)) - RetriableDatanodeCommand type=deleteBlocksCommand with id=1560503399534 timed out. Retrying.
2019-06-14 09:10:07,763 DEBUG block.SCMBlockDeletingService (SCMBlockDeletingService.java:call(138)) - Running DeletedBlockTransactionScanner
2019-06-14 09:10:07,763 DEBUG block.SCMBlockDeletingService (SCMBlockDeletingService.java:call(155)) - Scanned deleted blocks log and got 3 delTX to process.
2019-06-14 09:10:07,763 DEBUG block.SCMBlockDeletingService (SCMBlockDeletingService.java:call(171)) - Added delete block command for datanode e6065258-5a2c-4a72-9f81-ed1321f551ca in the queue, number of delete block transactions: 3, TxID list: 1,2,3
2019-06-14 09:10:07,763 INFO  block.SCMBlockDeletingService (SCMBlockDeletingService.java:call(182)) - Totally added 3 delete blocks command for 1 datanodes, task elapsed time: 1ms
2019-06-14 09:10:07,767 INFO  commands.RetriableDatanodeEventWatcher (RetriableDatanodeEventWatcher.java:onTimeout(47)) - RetriableDatanodeCommand type=deleteBlocksCommand with id=1560503399465 timed out. Retrying.
2019-06-14 09:10:07,773 INFO  commands.RetriableDatanodeEventWatcher (RetriableDatanodeEventWatcher.java:onTimeout(47)) - RetriableDatanodeCommand type=deleteBlocksCommand with id=1560503399475 timed out. Retrying.
2019-06-14 09:10:07,782 INFO  commands.RetriableDatanodeEventWatcher (RetriableDatanodeEventWatcher.java:onTimeout(47)) - RetriableDatanodeCommand type=deleteBlocksCommand with id=1560503399485 timed out. Retrying.
2019-06-14 09:10:07,789 INFO  commands.RetriableDatanodeEventWatcher (RetriableDatanodeEventWatcher.java:onTimeout(47)) - RetriableDatanodeCommand type=deleteBlocksCommand with id=1560503399495 timed out. Retrying.
2019-06-14 09:10:07,803 INFO  commands.RetriableDatanodeEventWatcher (RetriableDatanodeEventWatcher.java:onTimeout(47)) - RetriableDatanodeCommand type=deleteBlocksCommand with id=1560503399505 timed out. Retrying.
2019-06-14 09:10:07,808 INFO  commands.RetriableDatanodeEventWatcher (RetriableDatanodeEventWatcher.java:onTimeout(47)) - RetriableDatanodeCommand type=deleteBlocksCommand with id=1560503399515 timed out. Retrying.
2019-06-14 09:10:07,835 INFO  commands.RetriableDatanodeEventWatcher (RetriableDatanodeEventWatcher.java:onTimeout(47)) - RetriableDatanodeCommand type=deleteBlocksCommand with id=1560503399525 timed out. Retrying.
2019-06-14 09:10:07,848 INFO  commands.RetriableDatanodeEventWatcher (RetriableDatanodeEventWatcher.java:onTimeout(47)) - RetriableDatanodeCommand type=deleteBlocksCommand with id=1560503399535 timed out. Retrying.
2019-06-14 09:10:07,864 DEBUG block.SCMBlockDeletingService (SCMBlockDeletingService.java:call(138)) - Running DeletedBlockTransactionScanner
2019-06-14 09:10:07,864 DEBUG block.SCMBlockDeletingService (SCMBlockDeletingService.java:call(155)) - Scanned deleted blocks log and got 3 delTX to process.
2019-06-14 09:10:07,864 DEBUG block.SCMBlockDeletingService (SCMBlockDeletingService.java:call(171)) - Added delete block command for datanode e6065258-5a2c-4a72-9f81-ed1321f551ca in the queue, number of delete block transactions: 3, TxID list: 1,2,3
2019-06-14 09:10:07,864 INFO  block.SCMBlockDeletingService (SCMBlockDeletingService.java:call(182)) - Totally added 3 delete blocks command for 1 datanodes, task elapsed time: 0ms
2019-06-14 09:10:07,867 INFO  commands.RetriableDatanodeEventWatcher (RetriableDatanodeEventWatcher.java:onTimeout(47)) - RetriableDatanodeCommand type=deleteBlocksCommand with id=1560503399466 timed out. Retrying.
2019-06-14 09:10:07,875 INFO  commands.RetriableDatanodeEventWatcher (RetriableDatanodeEventWatcher.java:onTimeout(47)) - RetriableDatanodeCommand type=deleteBlocksCommand with id=1560503399476 timed out. Retrying.
2019-06-14 09:10:07,880 INFO  commands.RetriableDatanodeEventWatcher (RetriableDatanodeEventWatcher.java:onTimeout(47)) - RetriableDatanodeCommand type=deleteBlocksCommand with id=1560503399486 timed out. Retrying.
2019-06-14 09:10:07,890 INFO  commands.RetriableDatanodeEventWatcher (RetriableDatanodeEventWatcher.java:onTimeout(47)) - RetriableDatanodeCommand type=deleteBlocksCommand with id=1560503399496 timed out. Retrying.
2019-06-14 09:10:07,904 INFO  commands.RetriableDatanodeEventWatcher (RetriableDatanodeEventWatcher.java:onTimeout(47)) - RetriableDatanodeCommand type=deleteBlocksCommand with id=1560503399506 timed out. Retrying.
2019-06-14 09:10:07,911 INFO  commands.RetriableDatanodeEventWatcher (RetriableDatanodeEventWatcher.java:onTimeout(47)) - RetriableDatanodeCommand type=deleteBlocksCommand with id=1560503399516 timed out. Retrying.
2019-06-14 09:10:07,935 INFO  commands.RetriableDatanodeEventWatcher (RetriableDatanodeEventWatcher.java:onTimeout(47)) - RetriableDatanodeCommand type=deleteBlocksCommand with id=1560503399526 timed out. Retrying.
2019-06-14 09:10:07,949 INFO  commands.RetriableDatanodeEventWatcher (RetriableDatanodeEventWatcher.java:onTimeout(47)) - RetriableDatanodeCommand type=deleteBlocksCommand with id=1560503399536 timed out. Retrying.
2019-06-14 09:10:07,964 DEBUG block.SCMBlockDeletingService (SCMBlockDeletingService.java:call(138)) - Running DeletedBlockTransactionScanner
2019-06-14 09:10:07,965 DEBUG block.SCMBlockDeletingService (SCMBlockDeletingService.java:call(155)) - Scanned deleted blocks log and got 3 delTX to process.
2019-06-14 09:10:07,965 DEBUG block.SCMBlockDeletingService (SCMBlockDeletingService.java:call(171)) - Added delete block command for datanode e6065258-5a2c-4a72-9f81-ed1321f551ca in the queue, number of delete block transactions: 3, TxID list: 1,2,3
2019-06-14 09:10:07,965 INFO  block.SCMBlockDeletingService (SCMBlockDeletingService.java:call(182)) - Totally added 3 delete blocks command for 1 datanodes, task elapsed time: 0ms
2019-06-14 09:10:07,968 INFO  commands.RetriableDatanodeEventWatcher (RetriableDatanodeEventWatcher.java:onTimeout(47)) - RetriableDatanodeCommand type=deleteBlocksCommand with id=1560503399467 timed out. Retrying.
2019-06-14 09:10:07,977 INFO  commands.RetriableDatanodeEventWatcher (RetriableDatanodeEventWatcher.java:onTimeout(47)) - RetriableDatanodeCommand type=deleteBlocksCommand with id=1560503399477 timed out. Retrying.
2019-06-14 09:10:07,984 INFO  commands.RetriableDatanodeEventWatcher (RetriableDatanodeEventWatcher.java:onTimeout(47)) - RetriableDatanodeCommand type=deleteBlocksCommand with id=1560503399487 timed out. Retrying.
2019-06-14 09:10:07,993 INFO  commands.RetriableDatanodeEventWatcher (RetriableDatanodeEventWatcher.java:onTimeout(47)) - RetriableDatanodeCommand type=deleteBlocksCommand with id=1560503399497 timed out. Retrying.
2019-06-14 09:10:08,004 INFO  commands.RetriableDatanodeEventWatcher (RetriableDatanodeEventWatcher.java:onTimeout(47)) - RetriableDatanodeCommand type=deleteBlocksCommand with id=1560503399507 timed out. Retrying.
2019-06-14 09:10:08,011 INFO  commands.RetriableDatanodeEventWatcher (RetriableDatanodeEventWatcher.java:onTimeout(47)) - RetriableDatanodeCommand type=deleteBlocksCommand with id=1560503399517 timed out. Retrying.
2019-06-14 09:10:08,037 INFO  commands.RetriableDatanodeEventWatcher (RetriableDatanodeEventWatcher.java:onTimeout(47)) - RetriableDatanodeCommand type=deleteBlocksCommand with id=1560503399527 timed out. Retrying.
2019-06-14 09:10:08,049 INFO  commands.RetriableDatanodeEventWatcher (RetriableDatanodeEventWatcher.java:onTimeout(47)) - RetriableDatanodeCommand type=deleteBlocksCommand with id=1560503399537 timed out. Retrying.
2019-06-14 09:10:08,065 DEBUG block.SCMBlockDeletingService (SCMBlockDeletingService.java:call(138)) - Running DeletedBlockTransactionScanner
2019-06-14 09:10:08,065 DEBUG block.SCMBlockDeletingService (SCMBlockDeletingService.java:call(155)) - Scanned deleted blocks log and got 3 delTX to process.
2019-06-14 09:10:08,065 DEBUG block.SCMBlockDeletingService (SCMBlockDeletingService.java:call(171)) - Added delete block command for datanode e6065258-5a2c-4a72-9f81-ed1321f551ca in the queue, number of delete block transactions: 3, TxID list: 1,2,3
2019-06-14 09:10:08,066 INFO  block.SCMBlockDeletingService (SCMBlockDeletingService.java:call(182)) - Totally added 3 delete blocks command for 1 datanodes, task elapsed time: 1ms
2019-06-14 09:10:08,071 INFO  commands.RetriableDatanodeEventWatcher (RetriableDatanodeEventWatcher.java:onTimeout(47)) - RetriableDatanodeCommand type=deleteBlocksCommand with id=1560503399468 timed out. Retrying.
2019-06-14 09:10:08,080 INFO  commands.RetriableDatanodeEventWatcher (RetriableDatanodeEventWatcher.java:onTimeout(47)) - RetriableDatanodeCommand type=deleteBlocksCommand with id=1560503399478 timed out. Retrying.
2019-06-14 09:10:08,086 INFO  commands.RetriableDatanodeEventWatcher (RetriableDatanodeEventWatcher.java:onTimeout(47)) - RetriableDatanodeCommand type=deleteBlocksCommand with id=1560503399488 timed out. Retrying.
2019-06-14 09:10:08,095 INFO  commands.RetriableDatanodeEventWatcher (RetriableDatanodeEventWatcher.java:onTimeout(47)) - RetriableDatanodeCommand type=deleteBlocksCommand with id=1560503399498 timed out. Retrying.
2019-06-14 09:10:08,107 INFO  commands.RetriableDatanodeEventWatcher (RetriableDatanodeEventWatcher.java:onTimeout(47)) - RetriableDatanodeCommand type=deleteBlocksCommand with id=1560503399508 timed out. Retrying.
2019-06-14 09:10:08,112 INFO  commands.RetriableDatanodeEventWatcher (RetriableDatanodeEventWatcher.java:onTimeout(47)) - RetriableDatanodeCommand type=deleteBlocksCommand with id=1560503399518 timed out. Retrying.
2019-06-14 09:10:08,137 INFO  commands.RetriableDatanodeEventWatcher (RetriableDatanodeEventWatcher.java:onTimeout(47)) - RetriableDatanodeCommand type=deleteBlocksCommand with id=1560503399528 timed out. Retrying.
2019-06-14 09:10:08,150 INFO  commands.RetriableDatanodeEventWatcher (RetriableDatanodeEventWatcher.java:onTimeout(47)) - RetriableDatanodeCommand type=deleteBlocksCommand with id=1560503399538 timed out. Retrying.
2019-06-14 09:10:08,166 DEBUG block.SCMBlockDeletingService (SCMBlockDeletingService.java:call(138)) - Running DeletedBlockTransactionScanner
2019-06-14 09:10:08,166 DEBUG block.SCMBlockDeletingService (SCMBlockDeletingService.java:call(155)) - Scanned deleted blocks log and got 3 delTX to process.
2019-06-14 09:10:08,166 DEBUG block.SCMBlockDeletingService (SCMBlockDeletingService.java:call(171)) - Added delete block command for datanode e6065258-5a2c-4a72-9f81-ed1321f551ca in the queue, number of delete block transactions: 3, TxID list: 1,2,3
2019-06-14 09:10:08,167 INFO  block.SCMBlockDeletingService (SCMBlockDeletingService.java:call(182)) - Totally added 3 delete blocks command for 1 datanodes, task elapsed time: 1ms
2019-06-14 09:10:08,175 INFO  commands.RetriableDatanodeEventWatcher (RetriableDatanodeEventWatcher.java:onTimeout(47)) - RetriableDatanodeCommand type=deleteBlocksCommand with id=1560503399469 timed out. Retrying.
2019-06-14 09:10:08,177 INFO  commands.RetriableDatanodeEventWatcher (RetriableDatanodeEventWatcher.java:onTimeout(47)) - RetriableDatanodeCommand type=deleteBlocksCommand with id=1560503399479 timed out. Retrying.
2019-06-14 09:10:08,195 INFO  commands.RetriableDatanodeEventWatcher (RetriableDatanodeEventWatcher.java:onTimeout(47)) - RetriableDatanodeCommand type=deleteBlocksCommand with id=1560503399489 timed out. Retrying.
2019-06-14 09:10:08,195 INFO  commands.RetriableDatanodeEventWatcher (RetriableDatanodeEventWatcher.java:onTimeout(47)) - RetriableDatanodeCommand type=deleteBlocksCommand with id=1560503399499 timed out. Retrying.
2019-06-14 09:10:08,204 INFO  commands.RetriableDatanodeEventWatcher (RetriableDatanodeEventWatcher.java:onTimeout(47)) - RetriableDatanodeCommand type=deleteBlocksCommand with id=1560503399509 timed out. Retrying.
2019-06-14 09:10:08,232 INFO  commands.RetriableDatanodeEventWatcher (RetriableDatanodeEventWatcher.java:onTimeout(47)) - RetriableDatanodeCommand type=deleteBlocksCommand with id=1560503399519 timed out. Retrying.
2019-06-14 09:10:08,238 INFO  commands.RetriableDatanodeEventWatcher (RetriableDatanodeEventWatcher.java:onTimeout(47)) - RetriableDatanodeCommand type=deleteBlocksCommand with id=1560503399529 timed out. Retrying.
2019-06-14 09:10:08,250 INFO  commands.RetriableDatanodeEventWatcher (RetriableDatanodeEventWatcher.java:onTimeout(47)) - RetriableDatanodeCommand type=deleteBlocksCommand with id=1560503399539 timed out. Retrying.
2019-06-14 09:10:08,267 DEBUG block.SCMBlockDeletingService (SCMBlockDeletingService.java:call(138)) - Running DeletedBlockTransactionScanner
2019-06-14 09:10:08,267 DEBUG block.SCMBlockDeletingService (SCMBlockDeletingService.java:call(155)) - Scanned deleted blocks log and got 3 delTX to process.
2019-06-14 09:10:08,267 DEBUG block.SCMBlockDeletingService (SCMBlockDeletingService.java:call(171)) - Added delete block command for datanode e6065258-5a2c-4a72-9f81-ed1321f551ca in the queue, number of delete block transactions: 3, TxID list: 1,2,3
2019-06-14 09:10:08,267 INFO  block.SCMBlockDeletingService (SCMBlockDeletingService.java:call(182)) - Totally added 3 delete blocks command for 1 datanodes, task elapsed time: 1ms
2019-06-14 09:10:08,271 INFO  commands.RetriableDatanodeEventWatcher (RetriableDatanodeEventWatcher.java:onTimeout(47)) - RetriableDatanodeCommand type=deleteBlocksCommand with id=1560503399470 timed out. Retrying.
2019-06-14 09:10:08,277 INFO  commands.RetriableDatanodeEventWatcher (RetriableDatanodeEventWatcher.java:onTimeout(47)) - RetriableDatanodeCommand type=deleteBlocksCommand with id=1560503399480 timed out. Retrying.
2019-06-14 09:10:08,285 INFO  commands.RetriableDatanodeEventWatcher (RetriableDatanodeEventWatcher.java:onTimeout(47)) - RetriableDatanodeCommand type=deleteBlocksCommand with id=1560503399490 timed out. Retrying.
2019-06-14 09:10:08,298 INFO  commands.RetriableDatanodeEventWatcher (RetriableDatanodeEventWatcher.java:onTimeout(47)) - RetriableDatanodeCommand type=deleteBlocksCommand with id=1560503399500 timed out. Retrying.
2019-06-14 09:10:08,306 INFO  commands.RetriableDatanodeEventWatcher (RetriableDatanodeEventWatcher.java:onTimeout(47)) - RetriableDatanodeCommand type=deleteBlocksCommand with id=1560503399510 timed out. Retrying.
2019-06-14 09:10:08,331 INFO  commands.RetriableDatanodeEventWatcher (RetriableDatanodeEventWatcher.java:onTimeout(47)) - RetriableDatanodeCommand type=deleteBlocksCommand with id=1560503399520 timed out. Retrying.
2019-06-14 09:10:08,339 INFO  commands.RetriableDatanodeEventWatcher (RetriableDatanodeEventWatcher.java:onTimeout(47)) - RetriableDatanodeCommand type=deleteBlocksCommand with id=1560503399530 timed out. Retrying.
2019-06-14 09:10:08,350 INFO  commands.RetriableDatanodeEventWatcher (RetriableDatanodeEventWatcher.java:onTimeout(47)) - RetriableDatanodeCommand type=deleteBlocksCommand with id=1560503399540 timed out. Retrying.
2019-06-14 09:10:08,358 INFO  ozone.MiniOzoneClusterImpl (MiniOzoneClusterImpl.java:lambda$waitForClusterToBeReady$0(142)) - Waiting for cluster to be ready. Got 0 of 1 DN Heartbeats.
2019-06-14 09:10:08,368 DEBUG block.SCMBlockDeletingService (SCMBlockDeletingService.java:call(138)) - Running DeletedBlockTransactionScanner
2019-06-14 09:10:08,368 DEBUG block.SCMBlockDeletingService (SCMBlockDeletingService.java:call(155)) - Scanned deleted blocks log and got 3 delTX to process.
2019-06-14 09:10:08,368 DEBUG block.SCMBlockDeletingService (SCMBlockDeletingService.java:call(171)) - Added delete block command for datanode e6065258-5a2c-4a72-9f81-ed1321f551ca in the queue, number of delete block transactions: 3, TxID list: 1,2,3
2019-06-14 09:10:08,368 INFO  block.SCMBlockDeletingService (SCMBlockDeletingService.java:call(182)) - Totally added 3 delete blocks command for 1 datanodes, task elapsed time: 0ms
2019-06-14 09:10:08,374 INFO  commands.RetriableDatanodeEventWatcher (RetriableDatanodeEventWatcher.java:onTimeout(47)) - RetriableDatanodeCommand type=deleteBlocksCommand with id=1560503399471 timed out. Retrying.
2019-06-14 09:10:08,382 INFO  commands.RetriableDatanodeEventWatcher (RetriableDatanodeEventWatcher.java:onTimeout(47)) - RetriableDatanodeCommand type=deleteBlocksCommand with id=1560503399481 timed out. Retrying.
2019-06-14 09:10:08,386 INFO  commands.RetriableDatanodeEventWatcher (RetriableDatanodeEventWatcher.java:onTimeout(47)) - RetriableDatanodeCommand type=deleteBlocksCommand with id=1560503399491 timed out. Retrying.
2019-06-14 09:10:08,399 INFO  commands.RetriableDatanodeEventWatcher (RetriableDatanodeEventWatcher.java:onTimeout(47)) - RetriableDatanodeCommand type=deleteBlocksCommand with id=1560503399501 timed out. Retrying.
2019-06-14 09:10:08,407 INFO  commands.RetriableDatanodeEventWatcher (RetriableDatanodeEventWatcher.java:onTimeout(47)) - RetriableDatanodeCommand type=deleteBlocksCommand with id=1560503399511 timed out. Retrying.
2019-06-14 09:10:08,432 INFO  commands.RetriableDatanodeEventWatcher (RetriableDatanodeEventWatcher.java:onTimeout(47)) - RetriableDatanodeCommand type=deleteBlocksCommand with id=1560503399521 timed out. Retrying.
2019-06-14 09:10:08,439 INFO  commands.RetriableDatanodeEventWatcher (RetriableDatanodeEventWatcher.java:onTimeout(47)) - RetriableDatanodeCommand type=deleteBlocksCommand with id=1560503399531 timed out. Retrying.
2019-06-14 09:10:08,452 INFO  commands.RetriableDatanodeEventWatcher (RetriableDatanodeEventWatcher.java:onTimeout(47)) - RetriableDatanodeCommand type=deleteBlocksCommand with id=1560503399541 timed out. Retrying.
2019-06-14 09:10:08,466 INFO  commands.RetriableDatanodeEventWatcher (RetriableDatanodeEventWatcher.java:onTimeout(47)) - RetriableDatanodeCommand type=deleteBlocksCommand with id=1560503399462 timed out. Retrying.
2019-06-14 09:10:08,468 DEBUG block.SCMBlockDeletingService (SCMBlockDeletingService.java:call(138)) - Running DeletedBlockTransactionScanner
2019-06-14 09:10:08,469 DEBUG block.SCMBlockDeletingService (SCMBlockDeletingService.java:call(155)) - Scanned deleted blocks log and got 3 delTX to process.
2019-06-14 09:10:08,469 DEBUG block.SCMBlockDeletingService (SCMBlockDeletingService.java:call(171)) - Added delete block command for datanode e6065258-5a2c-4a72-9f81-ed1321f551ca in the queue, number of delete block transactions: 3, TxID list: 1,2,3
2019-06-14 09:10:08,469 INFO  block.SCMBlockDeletingService (SCMBlockDeletingService.java:call(182)) - Totally added 3 delete blocks command for 1 datanodes, task elapsed time: 0ms
2019-06-14 09:10:08,476 INFO  commands.RetriableDatanodeEventWatcher (RetriableDatanodeEventWatcher.java:onTimeout(47)) - RetriableDatanodeCommand type=deleteBlocksCommand with id=1560503399472 timed out. Retrying.
2019-06-14 09:10:08,480 INFO  commands.RetriableDatanodeEventWatcher (RetriableDatanodeEventWatcher.java:onTimeout(47)) - RetriableDatanodeCommand type=deleteBlocksCommand with id=1560503399482 timed out. Retrying.
2019-06-14 09:10:08,487 INFO  commands.RetriableDatanodeEventWatcher (RetriableDatanodeEventWatcher.java:onTimeout(47)) - RetriableDatanodeCommand type=deleteBlocksCommand with id=1560503399492 timed out. Retrying.
2019-06-14 09:10:08,500 INFO  commands.RetriableDatanodeEventWatcher (RetriableDatanodeEventWatcher.java:onTimeout(47)) - RetriableDatanodeCommand type=deleteBlocksCommand with id=1560503399502 timed out. Retrying.
2019-06-14 09:10:08,508 INFO  commands.RetriableDatanodeEventWatcher (RetriableDatanodeEventWatcher.java:onTimeout(47)) - RetriableDatanodeCommand type=deleteBlocksCommand with id=1560503399512 timed out. Retrying.
2019-06-14 09:10:08,534 INFO  commands.RetriableDatanodeEventWatcher (RetriableDatanodeEventWatcher.java:onTimeout(47)) - RetriableDatanodeCommand type=deleteBlocksCommand with id=1560503399522 timed out. Retrying.
2019-06-14 09:10:08,546 INFO  commands.RetriableDatanodeEventWatcher (RetriableDatanodeEventWatcher.java:onTimeout(47)) - RetriableDatanodeCommand type=deleteBlocksCommand with id=1560503399532 timed out. Retrying.
2019-06-14 09:10:08,552 INFO  commands.RetriableDatanodeEventWatcher (RetriableDatanodeEventWatcher.java:onTimeout(47)) - RetriableDatanodeCommand type=deleteBlocksCommand with id=1560503399542 timed out. Retrying.
2019-06-14 09:10:08,565 INFO  commands.RetriableDatanodeEventWatcher (RetriableDatanodeEventWatcher.java:onTimeout(47)) - RetriableDatanodeCommand type=deleteBlocksCommand with id=1560503399463 timed out. Retrying.
2019-06-14 09:10:08,569 DEBUG block.SCMBlockDeletingService (SCMBlockDeletingService.java:call(138)) - Running DeletedBlockTransactionScanner
2019-06-14 09:10:08,569 DEBUG block.SCMBlockDeletingService (SCMBlockDeletingService.java:call(155)) - Scanned deleted blocks log and got 3 delTX to process.
2019-06-14 09:10:08,569 DEBUG block.SCMBlockDeletingService (SCMBlockDeletingService.java:call(171)) - Added delete block command for datanode e6065258-5a2c-4a72-9f81-ed1321f551ca in the queue, number of delete block transactions: 3, TxID list: 1,2,3
2019-06-14 09:10:08,569 INFO  block.SCMBlockDeletingService (SCMBlockDeletingService.java:call(182)) - Totally added 3 delete blocks command for 1 datanodes, task elapsed time: 1ms
2019-06-14 09:10:08,571 INFO  commands.RetriableDatanodeEventWatcher (RetriableDatanodeEventWatcher.java:onTimeout(47)) - RetriableDatanodeCommand type=deleteBlocksCommand with id=1560503399473 timed out. Retrying.
2019-06-14 09:10:08,581 INFO  commands.RetriableDatanodeEventWatcher (RetriableDatanodeEventWatcher.java:onTimeout(47)) - RetriableDatanodeCommand type=deleteBlocksCommand with id=1560503399483 timed out. Retrying.
2019-06-14 09:10:08,588 INFO  commands.RetriableDatanodeEventWatcher (RetriableDatanodeEventWatcher.java:onTimeout(47)) - RetriableDatanodeCommand type=deleteBlocksCommand with id=1560503399493 timed out. Retrying.
2019-06-14 09:10:08,602 INFO  commands.RetriableDatanodeEventWatcher (RetriableDatanodeEventWatcher.java:onTimeout(47)) - RetriableDatanodeCommand type=deleteBlocksCommand with id=1560503399503 timed out. Retrying.
2019-06-14 09:10:08,607 INFO  commands.RetriableDatanodeEventWatcher (RetriableDatanodeEventWatcher.java:onTimeout(47)) - RetriableDatanodeCommand type=deleteBlocksCommand with id=1560503399513 timed out. Retrying.
2019-06-14 09:10:08,635 INFO  commands.RetriableDatanodeEventWatcher (RetriableDatanodeEventWatcher.java:onTimeout(47)) - RetriableDatanodeCommand type=deleteBlocksCommand with id=1560503399523 timed out. Retrying.
2019-06-14 09:10:08,648 INFO  commands.RetriableDatanodeEventWatcher (RetriableDatanodeEventWatcher.java:onTimeout(47)) - RetriableDatanodeCommand type=deleteBlocksCommand with id=1560503399533 timed out. Retrying.
2019-06-14 09:10:08,663 INFO  commands.RetriableDatanodeEventWatcher (RetriableDatanodeEventWatcher.java:onTimeout(47)) - RetriableDatanodeCommand type=deleteBlocksCommand with id=1560503399543 timed out. Retrying.
2019-06-14 09:10:08,666 INFO  commands.RetriableDatanodeEventWatcher (RetriableDatanodeEventWatcher.java:onTimeout(47)) - RetriableDatanodeCommand type=deleteBlocksCommand with id=1560503399464 timed out. Retrying.
2019-06-14 09:10:08,670 DEBUG block.SCMBlockDeletingService (SCMBlockDeletingService.java:call(138)) - Running DeletedBlockTransactionScanner
2019-06-14 09:10:08,670 DEBUG block.SCMBlockDeletingService (SCMBlockDeletingService.java:call(155)) - Scanned deleted blocks log and got 3 delTX to process.
2019-06-14 09:10:08,670 DEBUG block.SCMBlockDeletingService (SCMBlockDeletingService.java:call(171)) - Added delete block command for datanode e6065258-5a2c-4a72-9f81-ed1321f551ca in the queue, number of delete block transactions: 3, TxID list: 1,2,3
2019-06-14 09:10:08,670 INFO  block.SCMBlockDeletingService (SCMBlockDeletingService.java:call(182)) - Totally added 3 delete blocks command for 1 datanodes, task elapsed time: 0ms
2019-06-14 09:10:08,675 INFO  commands.RetriableDatanodeEventWatcher (RetriableDatanodeEventWatcher.java:onTimeout(47)) - RetriableDatanodeCommand type=deleteBlocksCommand with id=1560503399474 timed out. Retrying.
2019-06-14 09:10:08,680 INFO  commands.RetriableDatanodeEventWatcher (RetriableDatanodeEventWatcher.java:onTimeout(47)) - RetriableDatanodeCommand type=deleteBlocksCommand with id=1560503399484 timed out. Retrying.
2019-06-14 09:10:08,690 INFO  commands.RetriableDatanodeEventWatcher (RetriableDatanodeEventWatcher.java:onTimeout(47)) - RetriableDatanodeCommand type=deleteBlocksCommand with id=1560503399494 timed out. Retrying.
2019-06-14 09:10:08,702 INFO  commands.RetriableDatanodeEventWatcher (RetriableDatanodeEventWatcher.java:onTimeout(47)) - RetriableDatanodeCommand type=deleteBlocksCommand with id=1560503399504 timed out. Retrying.
2019-06-14 09:10:08,709 INFO  commands.RetriableDatanodeEventWatcher (RetriableDatanodeEventWatcher.java:onTimeout(47)) - RetriableDatanodeCommand type=deleteBlocksCommand with id=1560503399514 timed out. Retrying.
2019-06-14 09:10:08,734 INFO  commands.RetriableDatanodeEventWatcher (RetriableDatanodeEventWatcher.java:onTimeout(47)) - RetriableDatanodeCommand type=deleteBlocksCommand with id=1560503399524 timed out. Retrying.
2019-06-14 09:10:08,747 INFO  commands.RetriableDatanodeEventWatcher (RetriableDatanodeEventWatcher.java:onTimeout(47)) - RetriableDatanodeCommand type=deleteBlocksCommand with id=1560503399534 timed out. Retrying.
2019-06-14 09:10:08,764 INFO  commands.RetriableDatanodeEventWatcher (RetriableDatanodeEventWatcher.java:onTimeout(47)) - RetriableDatanodeCommand type=deleteBlocksCommand with id=1560503399544 timed out. Retrying.
2019-06-14 09:10:08,768 INFO  commands.RetriableDatanodeEventWatcher (RetriableDatanodeEventWatcher.java:onTimeout(47)) - RetriableDatanodeCommand type=deleteBlocksCommand with id=1560503399465 timed out. Retrying.
2019-06-14 09:10:08,770 DEBUG block.SCMBlockDeletingService (SCMBlockDeletingService.java:call(138)) - Running DeletedBlockTransactionScanner
2019-06-14 09:10:08,770 DEBUG block.SCMBlockDeletingService (SCMBlockDeletingService.java:call(155)) - Scanned deleted blocks log and got 3 delTX to process.
2019-06-14 09:10:08,771 DEBUG block.SCMBlockDeletingService (SCMBlockDeletingService.java:call(171)) - Added delete block command for datanode e6065258-5a2c-4a72-9f81-ed1321f551ca in the queue, number of delete block transactions: 3, TxID list: 1,2,3
2019-06-14 09:10:08,773 INFO  commands.RetriableDatanodeEventWatcher (RetriableDatanodeEventWatcher.java:onTimeout(47)) - RetriableDatanodeCommand type=deleteBlocksCommand with id=1560503399475 timed out. Retrying.
2019-06-14 09:10:08,780 INFO  block.SCMBlockDeletingService (SCMBlockDeletingService.java:call(182)) - Totally added 3 delete blocks command for 1 datanodes, task elapsed time: 10ms
2019-06-14 09:10:08,782 INFO  commands.RetriableDatanodeEventWatcher (RetriableDatanodeEventWatcher.java:onTimeout(47)) - RetriableDatanodeCommand type=deleteBlocksCommand with id=1560503399485 timed out. Retrying.
2019-06-14 09:10:08,789 INFO  commands.RetriableDatanodeEventWatcher (RetriableDatanodeEventWatcher.java:onTimeout(47)) - RetriableDatanodeCommand type=deleteBlocksCommand with id=1560503399495 timed out. Retrying.
2019-06-14 09:10:08,803 INFO  commands.RetriableDatanodeEventWatcher (RetriableDatanodeEventWatcher.java:onTimeout(47)) - RetriableDatanodeCommand type=deleteBlocksCommand with id=1560503399505 timed out. Retrying.
2019-06-14 09:10:08,809 INFO  commands.RetriableDatanodeEventWatcher (RetriableDatanodeEventWatcher.java:onTimeout(47)) - RetriableDatanodeCommand type=deleteBlocksCommand with id=1560503399515 timed out. Retrying.
2019-06-14 09:10:08,835 INFO  commands.RetriableDatanodeEventWatcher (RetriableDatanodeEventWatcher.java:onTimeout(47)) - RetriableDatanodeCommand type=deleteBlocksCommand with id=1560503399525 timed out. Retrying.
2019-06-14 09:10:08,848 INFO  commands.RetriableDatanodeEventWatcher (RetriableDatanodeEventWatcher.java:onTimeout(47)) - RetriableDatanodeCommand type=deleteBlocksCommand with id=1560503399535 timed out. Retrying.
2019-06-14 09:10:08,868 INFO  commands.RetriableDatanodeEventWatcher (RetriableDatanodeEventWatcher.java:onTimeout(47)) - RetriableDatanodeCommand type=deleteBlocksCommand with id=1560503399466 timed out. Retrying.
2019-06-14 09:10:08,868 INFO  commands.RetriableDatanodeEventWatcher (RetriableDatanodeEventWatcher.java:onTimeout(47)) - RetriableDatanodeCommand type=deleteBlocksCommand with id=1560503399545 timed out. Retrying.
2019-06-14 09:10:08,878 INFO  commands.RetriableDatanodeEventWatcher (RetriableDatanodeEventWatcher.java:onTimeout(47)) - RetriableDatanodeCommand type=deleteBlocksCommand with id=1560503399476 timed out. Retrying.
2019-06-14 09:10:08,880 DEBUG block.SCMBlockDeletingService (SCMBlockDeletingService.java:call(138)) - Running DeletedBlockTransactionScanner
2019-06-14 09:10:08,881 DEBUG block.SCMBlockDeletingService (SCMBlockDeletingService.java:call(155)) - Scanned deleted blocks log and got 3 delTX to process.
2019-06-14 09:10:08,881 INFO  commands.RetriableDatanodeEventWatcher (SCMBlockDeletingService.java:call(171)) - Added delete block command for datanode e6065258-5a2c-4a72-9f81-ed1321f551ca in the queue, number of delete block transactions: 3, TxID list: 1,2,3
2019-06-14 09:10:08,881 INFO  commands.RetriableDatanodeEventWatcher (RetriableDatanodeEventWatcher.java:onTimeout(47)) - RetriableDatanodeCommand type=deleteBlocksCommand with id=1560503399486 timed out. Retrying.
2019-06-14 09:10:08,881 INFO  block.SCMBlockDeletingService (SCMBlockDeletingService.java:call(182)) - Totally added 3 delete blocks command for 1 datanodes, task elapsed time: 0ms
2019-06-14 09:10:08,890 INFO  commands.RetriableDatanodeEventWatcher (RetriableDatanodeEventWatcher.java:onTimeout(47)) - RetriableDatanodeCommand type=deleteBlocksCommand with id=1560503399496 timed out. Retrying.
2019-06-14 09:10:08,904 INFO  commands.RetriableDatanodeEventWatcher (RetriableDatanodeEventWatcher.java:onTimeout(47)) - RetriableDatanodeCommand type=deleteBlocksCommand with id=1560503399506 timed out. Retrying.
2019-06-14 09:10:08,911 INFO  commands.RetriableDatanodeEventWatcher (RetriableDatanodeEventWatcher.java:onTimeout(47)) - RetriableDatanodeCommand type=deleteBlocksCommand with id=1560503399516 timed out. Retrying.
2019-06-14 09:10:08,936 INFO  commands.RetriableDatanodeEventWatcher (RetriableDatanodeEventWatcher.java:onTimeout(47)) - RetriableDatanodeCommand type=deleteBlocksCommand with id=1560503399526 timed out. Retrying.
2019-06-14 09:10:08,949 INFO  commands.RetriableDatanodeEventWatcher (RetriableDatanodeEventWatcher.java:onTimeout(47)) - RetriableDatanodeCommand type=deleteBlocksCommand with id=1560503399536 timed out. Retrying.
2019-06-14 09:10:08,965 INFO  commands.RetriableDatanodeEventWatcher (RetriableDatanodeEventWatcher.java:onTimeout(47)) - RetriableDatanodeCommand type=deleteBlocksCommand with id=1560503399546 timed out. Retrying.
2019-06-14 09:10:08,967 INFO  commands.RetriableDatanodeEventWatcher (RetriableDatanodeEventWatcher.java:onTimeout(47)) - RetriableDatanodeCommand type=deleteBlocksCommand with id=1560503399467 timed out. Retrying.
2019-06-14 09:10:08,977 INFO  commands.RetriableDatanodeEventWatcher (RetriableDatanodeEventWatcher.java:onTimeout(47)) - RetriableDatanodeCommand type=deleteBlocksCommand with id=1560503399477 timed out. Retrying.
2019-06-14 09:10:08,981 DEBUG block.SCMBlockDeletingService (SCMBlockDeletingService.java:call(138)) - Running DeletedBlockTransactionScanner
2019-06-14 09:10:08,981 DEBUG block.SCMBlockDeletingService (SCMBlockDeletingService.java:call(155)) - Scanned deleted blocks log and got 3 delTX to process.
2019-06-14 09:10:08,981 DEBUG block.SCMBlockDeletingService (SCMBlockDeletingService.java:call(171)) - Added delete block command for datanode e6065258-5a2c-4a72-9f81-ed1321f551ca in the queue, number of delete block transactions: 3, TxID list: 1,2,3
2019-06-14 09:10:08,981 INFO  block.SCMBlockDeletingService (SCMBlockDeletingService.java:call(182)) - Totally added 3 delete blocks command for 1 datanodes, task elapsed time: 1ms
2019-06-14 09:10:08,984 INFO  commands.RetriableDatanodeEventWatcher (RetriableDatanodeEventWatcher.java:onTimeout(47)) - RetriableDatanodeCommand type=deleteBlocksCommand with id=1560503399487 timed out. Retrying.
2019-06-14 09:10:08,994 INFO  commands.RetriableDatanodeEventWatcher (RetriableDatanodeEventWatcher.java:onTimeout(47)) - RetriableDatanodeCommand type=deleteBlocksCommand with id=1560503399497 timed out. Retrying.
2019-06-14 09:10:09,004 INFO  commands.RetriableDatanodeEventWatcher (RetriableDatanodeEventWatcher.java:onTimeout(47)) - RetriableDatanodeCommand type=deleteBlocksCommand with id=1560503399507 timed out. Retrying.
2019-06-14 09:10:09,011 INFO  commands.RetriableDatanodeEventWatcher (RetriableDatanodeEventWatcher.java:onTimeout(47)) - RetriableDatanodeCommand type=deleteBlocksCommand with id=1560503399517 timed out. Retrying.
2019-06-14 09:10:09,037 INFO  commands.RetriableDatanodeEventWatcher (RetriableDatanodeEventWatcher.java:onTimeout(47)) - RetriableDatanodeCommand type=deleteBlocksCommand with id=1560503399527 timed out. Retrying.
2019-06-14 09:10:09,049 INFO  commands.RetriableDatanodeEventWatcher (RetriableDatanodeEventWatcher.java:onTimeout(47)) - RetriableDatanodeCommand type=deleteBlocksCommand with id=1560503399537 timed out. Retrying.
2019-06-14 09:10:09,066 INFO  commands.RetriableDatanodeEventWatcher (RetriableDatanodeEventWatcher.java:onTimeout(47)) - RetriableDatanodeCommand type=deleteBlocksCommand with id=1560503399547 timed out. Retrying.
2019-06-14 09:10:09,071 INFO  commands.RetriableDatanodeEventWatcher (RetriableDatanodeEventWatcher.java:onTimeout(47)) - RetriableDatanodeCommand type=deleteBlocksCommand with id=1560503399468 timed out. Retrying.
2019-06-14 09:10:09,079 INFO  commands.RetriableDatanodeEventWatcher (RetriableDatanodeEventWatcher.java:onTimeout(47)) - RetriableDatanodeCommand type=deleteBlocksCommand with id=1560503399478 timed out. Retrying.
2019-06-14 09:10:09,082 DEBUG block.SCMBlockDeletingService (SCMBlockDeletingService.java:call(138)) - Running DeletedBlockTransactionScanner
2019-06-14 09:10:09,082 DEBUG block.SCMBlockDeletingService (SCMBlockDeletingService.java:call(155)) - Scanned deleted blocks log and got 3 delTX to process.
2019-06-14 09:10:09,082 DEBUG block.SCMBlockDeletingService (SCMBlockDeletingService.java:call(171)) - Added delete block command for datanode e6065258-5a2c-4a72-9f81-ed1321f551ca in the queue, number of delete block transactions: 3, TxID list: 1,2,3
2019-06-14 09:10:09,082 INFO  block.SCMBlockDeletingService (SCMBlockDeletingService.java:call(182)) - Totally added 3 delete blocks command for 1 datanodes, task elapsed time: 0ms
2019-06-14 09:10:09,087 INFO  commands.RetriableDatanodeEventWatcher (RetriableDatanodeEventWatcher.java:onTimeout(47)) - RetriableDatanodeCommand type=deleteBlocksCommand with id=1560503399488 timed out. Retrying.
2019-06-14 09:10:09,095 INFO  commands.RetriableDatanodeEventWatcher (RetriableDatanodeEventWatcher.java:onTimeout(47)) - RetriableDatanodeCommand type=deleteBlocksCommand with id=1560503399498 timed out. Retrying.
2019-06-14 09:10:09,107 INFO  commands.RetriableDatanodeEventWatcher (RetriableDatanodeEventWatcher.java:onTimeout(47)) - RetriableDatanodeCommand type=deleteBlocksCommand with id=1560503399508 timed out. Retrying.
2019-06-14 09:10:09,112 INFO  commands.RetriableDatanodeEventWatcher (RetriableDatanodeEventWatcher.java:onTimeout(47)) - RetriableDatanodeCommand type=deleteBlocksCommand with id=1560503399518 timed out. Retrying.
2019-06-14 09:10:09,138 INFO  commands.RetriableDatanodeEventWatcher (RetriableDatanodeEventWatcher.java:onTimeout(47)) - RetriableDatanodeCommand type=deleteBlocksCommand with id=1560503399528 timed out. Retrying.
2019-06-14 09:10:09,149 INFO  commands.RetriableDatanodeEventWatcher (RetriableDatanodeEventWatcher.java:onTimeout(47)) - RetriableDatanodeCommand type=deleteBlocksCommand with id=1560503399538 timed out. Retrying.
2019-06-14 09:10:09,167 INFO  commands.RetriableDatanodeEventWatcher (RetriableDatanodeEventWatcher.java:onTimeout(47)) - RetriableDatanodeCommand type=deleteBlocksCommand with id=1560503399548 timed out. Retrying.
2019-06-14 09:10:09,175 INFO  commands.RetriableDatanodeEventWatcher (RetriableDatanodeEventWatcher.java:onTimeout(47)) - RetriableDatanodeCommand type=deleteBlocksCommand with id=1560503399469 timed out. Retrying.
2019-06-14 09:10:09,177 INFO  commands.RetriableDatanodeEventWatcher (RetriableDatanodeEventWatcher.java:onTimeout(47)) - RetriableDatanodeCommand type=deleteBlocksCommand with id=1560503399479 timed out. Retrying.
2019-06-14 09:10:09,182 DEBUG block.SCMBlockDeletingService (SCMBlockDeletingService.java:call(138)) - Running DeletedBlockTransactionScanner
2019-06-14 09:10:09,183 DEBUG block.SCMBlockDeletingService (SCMBlockDeletingService.java:call(155)) - Scanned deleted blocks log and got 3 delTX to process.
2019-06-14 09:10:09,183 DEBUG block.SCMBlockDeletingService (SCMBlockDeletingService.java:call(171)) - Added delete block command for datanode e6065258-5a2c-4a72-9f81-ed1321f551ca in the queue, number of delete block transactions: 3, TxID list: 1,2,3
2019-06-14 09:10:09,183 INFO  block.SCMBlockDeletingService (SCMBlockDeletingService.java:call(182)) - Totally added 3 delete blocks command for 1 datanodes, task elapsed time: 0ms
2019-06-14 09:10:09,194 INFO  commands.RetriableDatanodeEventWatcher (RetriableDatanodeEventWatcher.java:onTimeout(47)) - RetriableDatanodeCommand type=deleteBlocksCommand with id=1560503399489 timed out. Retrying.
2019-06-14 09:10:09,196 INFO  commands.RetriableDatanodeEventWatcher (RetriableDatanodeEventWatcher.java:onTimeout(47)) - RetriableDatanodeCommand type=deleteBlocksCommand with id=1560503399499 timed out. Retrying.
2019-06-14 09:10:09,205 INFO  commands.RetriableDatanodeEventWatcher (RetriableDatanodeEventWatcher.java:onTimeout(47)) - RetriableDatanodeCommand type=deleteBlocksCommand with id=1560503399509 timed out. Retrying.
2019-06-14 09:10:09,232 INFO  commands.RetriableDatanodeEventWatcher (RetriableDatanodeEventWatcher.java:onTimeout(47)) - RetriableDatanodeCommand type=deleteBlocksCommand with id=1560503399519 timed out. Retrying.
2019-06-14 09:10:09,237 INFO  commands.RetriableDatanodeEventWatcher (RetriableDatanodeEventWatcher.java:onTimeout(47)) - RetriableDatanodeCommand type=deleteBlocksCommand with id=1560503399529 timed out. Retrying.
2019-06-14 09:10:09,251 INFO  commands.RetriableDatanodeEventWatcher (RetriableDatanodeEventWatcher.java:onTimeout(47)) - RetriableDatanodeCommand type=deleteBlocksCommand with id=1560503399539 timed out. Retrying.
2019-06-14 09:10:09,268 INFO  commands.RetriableDatanodeEventWatcher (RetriableDatanodeEventWatcher.java:onTimeout(47)) - RetriableDatanodeCommand type=deleteBlocksCommand with id=1560503399549 timed out. Retrying.
2019-06-14 09:10:09,272 INFO  commands.RetriableDatanodeEventWatcher (RetriableDatanodeEventWatcher.java:onTimeout(47)) - RetriableDatanodeCommand type=deleteBlocksCommand with id=1560503399470 timed out. Retrying.
2019-06-14 09:10:09,277 INFO  commands.RetriableDatanodeEventWatcher (RetriableDatanodeEventWatcher.java:onTimeout(47)) - RetriableDatanodeCommand type=deleteBlocksCommand with id=1560503399480 timed out. Retrying.
2019-06-14 09:10:09,283 DEBUG block.SCMBlockDeletingService (SCMBlockDeletingService.java:call(138)) - Running DeletedBlockTransactionScanner
2019-06-14 09:10:09,283 DEBUG block.SCMBlockDeletingService (SCMBlockDeletingService.java:call(155)) - Scanned deleted blocks log and got 3 delTX to process.
2019-06-14 09:10:09,283 DEBUG block.SCMBlockDeletingService (SCMBlockDeletingService.java:call(171)) - Added delete block command for datanode e6065258-5a2c-4a72-9f81-ed1321f551ca in the queue, number of delete block transactions: 3, TxID list: 1,2,3
2019-06-14 09:10:09,283 INFO  block.SCMBlockDeletingService (SCMBlockDeletingService.java:call(182)) - Totally added 3 delete blocks command for 1 datanodes, task elapsed time: 1ms
2019-06-14 09:10:09,284 INFO  commands.RetriableDatanodeEventWatcher (RetriableDatanodeEventWatcher.java:onTimeout(47)) - RetriableDatanodeCommand type=deleteBlocksCommand with id=1560503399490 timed out. Retrying.
2019-06-14 09:10:09,299 INFO  commands.RetriableDatanodeEventWatcher (RetriableDatanodeEventWatcher.java:onTimeout(47)) - RetriableDatanodeCommand type=deleteBlocksCommand with id=1560503399500 timed out. Retrying.
2019-06-14 09:10:09,306 INFO  commands.RetriableDatanodeEventWatcher (RetriableDatanodeEventWatcher.java:onTimeout(47)) - RetriableDatanodeCommand type=deleteBlocksCommand with id=1560503399510 timed out. Retrying.
2019-06-14 09:10:09,331 INFO  commands.RetriableDatanodeEventWatcher (RetriableDatanodeEventWatcher.java:onTimeout(47)) - RetriableDatanodeCommand type=deleteBlocksCommand with id=1560503399520 timed out. Retrying.
2019-06-14 09:10:09,338 INFO  commands.RetriableDatanodeEventWatcher (RetriableDatanodeEventWatcher.java:onTimeout(47)) - RetriableDatanodeCommand type=deleteBlocksCommand with id=1560503399530 timed out. Retrying.
2019-06-14 09:10:09,350 INFO  commands.RetriableDatanodeEventWatcher (RetriableDatanodeEventWatcher.java:onTimeout(47)) - RetriableDatanodeCommand type=deleteBlocksCommand with id=1560503399540 timed out. Retrying.
2019-06-14 09:10:09,359 INFO  ozone.MiniOzoneClusterImpl (MiniOzoneClusterImpl.java:lambda$waitForClusterToBeReady$0(142)) - Waiting for cluster to be ready. Got 0 of 1 DN Heartbeats.
2019-06-14 09:10:09,368 INFO  commands.RetriableDatanodeEventWatcher (RetriableDatanodeEventWatcher.java:onTimeout(47)) - RetriableDatanodeCommand type=deleteBlocksCommand with id=1560503399550 timed out. Retrying.
2019-06-14 09:10:09,374 INFO  commands.RetriableDatanodeEventWatcher (RetriableDatanodeEventWatcher.java:onTimeout(47)) - RetriableDatanodeCommand type=deleteBlocksCommand with id=1560503399471 timed out. Retrying.
2019-06-14 09:10:09,383 INFO  commands.RetriableDatanodeEventWatcher (RetriableDatanodeEventWatcher.java:onTimeout(47)) - RetriableDatanodeCommand type=deleteBlocksCommand with id=1560503399481 timed out. Retrying.
2019-06-14 09:10:09,384 DEBUG block.SCMBlockDeletingService (SCMBlockDeletingService.java:call(138)) - Running DeletedBlockTransactionScanner
2019-06-14 09:10:09,384 DEBUG block.SCMBlockDeletingService (SCMBlockDeletingService.java:call(155)) - Scanned deleted blocks log and got 3 delTX to process.
2019-06-14 09:10:09,384 DEBUG block.SCMBlockDeletingService (SCMBlockDeletingService.java:call(171)) - Added delete block command for datanode e6065258-5a2c-4a72-9f81-ed1321f551ca in the queue, number of delete block transactions: 3, TxID list: 1,2,3
2019-06-14 09:10:09,384 INFO  block.SCMBlockDeletingService (SCMBlockDeletingService.java:call(182)) - Totally added 3 delete blocks command for 1 datanodes, task elapsed time: 0ms
2019-06-14 09:10:09,385 INFO  block.SCMBlockDeletingService (SCMBlockDeletingService.java:handlePendingDeletes(115)) - Block deletion txnID mismatch in datanode e6065258-5a2c-4a72-9f81-ed1321f551ca for containerID 1. Datanode delete txnID: 0, SCM txnID: 1
2019-06-14 09:10:09,385 INFO  block.SCMBlockDeletingService (SCMBlockDeletingService.java:handlePendingDeletes(115)) - Block deletion txnID mismatch in datanode e6065258-5a2c-4a72-9f81-ed1321f551ca for containerID 2. Datanode delete txnID: 0, SCM txnID: 2
2019-06-14 09:10:09,385 INFO  block.SCMBlockDeletingService (SCMBlockDeletingService.java:handlePendingDeletes(115)) - Block deletion txnID mismatch in datanode e6065258-5a2c-4a72-9f81-ed1321f551ca for containerID 3. Datanode delete txnID: 0, SCM txnID: 3
2019-06-14 09:10:09,386 INFO  commands.RetriableDatanodeEventWatcher (RetriableDatanodeEventWatcher.java:onTimeout(47)) - RetriableDatanodeCommand type=deleteBlocksCommand with id=1560503399491 timed out. Retrying.
2019-06-14 09:10:09,398 INFO  commands.RetriableDatanodeEventWatcher (RetriableDatanodeEventWatcher.java:onTimeout(47)) - RetriableDatanodeCommand type=deleteBlocksCommand with id=1560503399501 timed out. Retrying.
2019-06-14 09:10:09,407 INFO  commands.RetriableDatanodeEventWatcher (RetriableDatanodeEventWatcher.java:onTimeout(47)) - RetriableDatanodeCommand type=deleteBlocksCommand with id=1560503399511 timed out. Retrying.
2019-06-14 09:10:09,433 INFO  commands.RetriableDatanodeEventWatcher (RetriableDatanodeEventWatcher.java:onTimeout(47)) - RetriableDatanodeCommand type=deleteBlocksCommand with id=1560503399521 timed out. Retrying.
2019-06-14 09:10:09,439 INFO  commands.RetriableDatanodeEventWatcher (RetriableDatanodeEventWatcher.java:onTimeout(47)) - RetriableDatanodeCommand type=deleteBlocksCommand with id=1560503399531 timed out. Retrying.
2019-06-14 09:10:09,452 INFO  commands.RetriableDatanodeEventWatcher (RetriableDatanodeEventWatcher.java:onTimeout(47)) - RetriableDatanodeCommand type=deleteBlocksCommand with id=1560503399541 timed out. Retrying.
2019-06-14 09:10:09,460 INFO  impl.RaftServerImpl (RaftServerImpl.java:<init>(91)) - e6065258-5a2c-4a72-9f81-ed1321f551ca: new RaftServerImpl for group-AEF50F0B1871:[e6065258-5a2c-4a72-9f81-ed1321f551ca:192.168.105.147:44531] with ContainerStateMachine:uninitialized
2019-06-14 09:10:09,461 INFO  impl.RaftServerProxy (RaftServerProxy.java:addNew(89)) - e6065258-5a2c-4a72-9f81-ed1321f551ca: addNew group-AEF50F0B1871:[e6065258-5a2c-4a72-9f81-ed1321f551ca:192.168.105.147:44531] returns group-AEF50F0B1871:java.util.concurrent.CompletableFuture@2b0fc51f[Not completed]
2019-06-14 09:10:09,461 INFO  server.RaftServerConfigKeys (ConfUtils.java:logGet(43)) - raft.server.rpc.timeout.min = 1s (custom)
2019-06-14 09:10:09,461 INFO  server.RaftServerConfigKeys (ConfUtils.java:logGet(43)) - raft.server.rpc.timeout.max = 1200ms (custom)
2019-06-14 09:10:09,461 INFO  server.RaftServerConfigKeys (ConfUtils.java:logGet(43)) - raft.server.rpcslowness.timeout = 120s (custom)
2019-06-14 09:10:09,461 INFO  server.RaftServerConfigKeys (ConfUtils.java:logGet(43)) - raft.server.log.appender.install.snapshot.enabled = true (default)
2019-06-14 09:10:09,461 INFO  impl.RaftServerImpl (ServerState.java:<init>(101)) - e6065258-5a2c-4a72-9f81-ed1321f551ca:group-AEF50F0B1871 ConfigurationManager, init=-1: [e6065258-5a2c-4a72-9f81-ed1321f551ca:192.168.105.147:44531], old=null, confs=<EMPTY_MAP>
2019-06-14 09:10:09,462 INFO  server.RaftServerConfigKeys (ConfUtils.java:logGet(43)) - raft.server.storage.dir = [/opt/src/hadoop-ozone/integration-test/target/test-dir/MiniOzoneClusterImpl-a56da109-a1cb-4168-8966-62306f2f2d23/datanode-0/data/ratis] (custom)
2019-06-14 09:10:09,462 INFO  storage.RaftStorageDirectory (RaftStorageDirectory.java:analyzeStorage(246)) - The storage directory /opt/src/hadoop-ozone/integration-test/target/test-dir/MiniOzoneClusterImpl-a56da109-a1cb-4168-8966-62306f2f2d23/datanode-0/data/ratis/bb1f9ca9-31b8-425e-b0da-aef50f0b1871 does not exist. Creating ...
2019-06-14 09:10:09,466 INFO  commands.RetriableDatanodeEventWatcher (RetriableDatanodeEventWatcher.java:onTimeout(47)) - RetriableDatanodeCommand type=deleteBlocksCommand with id=1560503399462 timed out. Retrying.
2019-06-14 09:10:09,469 INFO  commands.RetriableDatanodeEventWatcher (RetriableDatanodeEventWatcher.java:onTimeout(47)) - RetriableDatanodeCommand type=deleteBlocksCommand with id=1560503399551 timed out. Retrying.
2019-06-14 09:10:09,475 INFO  commands.RetriableDatanodeEventWatcher (RetriableDatanodeEventWatcher.java:onTimeout(47)) - RetriableDatanodeCommand type=deleteBlocksCommand with id=1560503399472 timed out. Retrying.
2019-06-14 09:10:09,480 INFO  commands.RetriableDatanodeEventWatcher (RetriableDatanodeEventWatcher.java:onTimeout(47)) - RetriableDatanodeCommand type=deleteBlocksCommand with id=1560503399482 timed out. Retrying.
2019-06-14 09:10:09,484 DEBUG block.SCMBlockDeletingService (SCMBlockDeletingService.java:call(138)) - Running DeletedBlockTransactionScanner
2019-06-14 09:10:09,485 DEBUG block.SCMBlockDeletingService (SCMBlockDeletingService.java:call(155)) - Scanned deleted blocks log and got 3 delTX to process.
2019-06-14 09:10:09,485 DEBUG block.SCMBlockDeletingService (SCMBlockDeletingService.java:call(171)) - Added delete block command for datanode e6065258-5a2c-4a72-9f81-ed1321f551ca in the queue, number of delete block transactions: 3, TxID list: 1,2,3
2019-06-14 09:10:09,485 INFO  block.SCMBlockDeletingService (SCMBlockDeletingService.java:call(182)) - Totally added 3 delete blocks command for 1 datanodes, task elapsed time: 0ms
2019-06-14 09:10:09,487 INFO  commands.RetriableDatanodeEventWatcher (RetriableDatanodeEventWatcher.java:onTimeout(47)) - RetriableDatanodeCommand type=deleteBlocksCommand with id=1560503399492 timed out. Retrying.
2019-06-14 09:10:09,501 INFO  commands.RetriableDatanodeEventWatcher (RetriableDatanodeEventWatcher.java:onTimeout(47)) - RetriableDatanodeCommand type=deleteBlocksCommand with id=1560503399502 timed out. Retrying.
2019-06-14 09:10:09,508 INFO  commands.RetriableDatanodeEventWatcher (RetriableDatanodeEventWatcher.java:onTimeout(47)) - RetriableDatanodeCommand type=deleteBlocksCommand with id=1560503399512 timed out. Retrying.
2019-06-14 09:10:09,545 INFO  commands.RetriableDatanodeEventWatcher (RetriableDatanodeEventWatcher.java:onTimeout(47)) - RetriableDatanodeCommand type=deleteBlocksCommand with id=1560503399522 timed out. Retrying.
2019-06-14 09:10:09,547 INFO  commands.RetriableDatanodeEventWatcher (RetriableDatanodeEventWatcher.java:onTimeout(47)) - RetriableDatanodeCommand type=deleteBlocksCommand with id=1560503399532 timed out. Retrying.
2019-06-14 09:10:09,553 INFO  commands.RetriableDatanodeEventWatcher (RetriableDatanodeEventWatcher.java:onTimeout(47)) - RetriableDatanodeCommand type=deleteBlocksCommand with id=1560503399542 timed out. Retrying.
2019-06-14 09:10:09,555 INFO  storage.RaftStorageDirectory (RaftStorageDirectory.java:tryLock(328)) - Lock on /opt/src/hadoop-ozone/integration-test/target/test-dir/MiniOzoneClusterImpl-a56da109-a1cb-4168-8966-62306f2f2d23/datanode-0/data/ratis/bb1f9ca9-31b8-425e-b0da-aef50f0b1871/in_use.lock acquired by nodename 8838@ozone-xrdtn-3896089437
2019-06-14 09:10:09,565 INFO  commands.RetriableDatanodeEventWatcher (RetriableDatanodeEventWatcher.java:onTimeout(47)) - RetriableDatanodeCommand type=deleteBlocksCommand with id=1560503399463 timed out. Retrying.
2019-06-14 09:10:09,570 INFO  commands.RetriableDatanodeEventWatcher (RetriableDatanodeEventWatcher.java:onTimeout(47)) - RetriableDatanodeCommand type=deleteBlocksCommand with id=1560503399552 timed out. Retrying.
2019-06-14 09:10:09,571 INFO  commands.RetriableDatanodeEventWatcher (RetriableDatanodeEventWatcher.java:onTimeout(47)) - RetriableDatanodeCommand type=deleteBlocksCommand with id=1560503399473 timed out. Retrying.
2019-06-14 09:10:09,581 INFO  commands.RetriableDatanodeEventWatcher (RetriableDatanodeEventWatcher.java:onTimeout(47)) - RetriableDatanodeCommand type=deleteBlocksCommand with id=1560503399483 timed out. Retrying.
2019-06-14 09:10:09,585 DEBUG block.SCMBlockDeletingService (SCMBlockDeletingService.java:call(138)) - Running DeletedBlockTransactionScanner
2019-06-14 09:10:09,586 DEBUG block.SCMBlockDeletingService (SCMBlockDeletingService.java:call(155)) - Scanned deleted blocks log and got 3 delTX to process.
2019-06-14 09:10:09,586 DEBUG block.SCMBlockDeletingService (SCMBlockDeletingService.java:call(171)) - Added delete block command for datanode e6065258-5a2c-4a72-9f81-ed1321f551ca in the queue, number of delete block transactions: 3, TxID list: 1,2,3
2019-06-14 09:10:09,586 INFO  block.SCMBlockDeletingService (SCMBlockDeletingService.java:call(182)) - Totally added 3 delete blocks command for 1 datanodes, task elapsed time: 0ms
2019-06-14 09:10:09,588 INFO  commands.RetriableDatanodeEventWatcher (RetriableDatanodeEventWatcher.java:onTimeout(47)) - RetriableDatanodeCommand type=deleteBlocksCommand with id=1560503399493 timed out. Retrying.
2019-06-14 09:10:09,603 INFO  commands.RetriableDatanodeEventWatcher (RetriableDatanodeEventWatcher.java:onTimeout(47)) - RetriableDatanodeCommand type=deleteBlocksCommand with id=1560503399503 timed out. Retrying.
2019-06-14 09:10:09,604 INFO  storage.RaftStorage (RaftStorage.java:format(75)) - Storage directory /opt/src/hadoop-ozone/integration-test/target/test-dir/MiniOzoneClusterImpl-a56da109-a1cb-4168-8966-62306f2f2d23/datanode-0/data/ratis/bb1f9ca9-31b8-425e-b0da-aef50f0b1871 has been successfully formatted.
2019-06-14 09:10:09,604 INFO  ratis.ContainerStateMachine (ContainerStateMachine.java:loadSnapshot(199)) - The snapshot info is null.Setting the last applied index to:(t:0, i:~)
2019-06-14 09:10:09,604 INFO  server.RaftServerConfigKeys (ConfUtils.java:logGet(43)) - raft.server.leader.election.timeout = 120s (custom)
2019-06-14 09:10:09,604 INFO  server.RaftServerConfigKeys (ConfUtils.java:logGet(43)) - raft.server.log.use.memory = false (default)
2019-06-14 09:10:09,604 INFO  server.RaftServerConfigKeys (ConfUtils.java:logGet(43)) - raft.server.log.appender.buffer.byte-limit = 33554432 (custom)
2019-06-14 09:10:09,604 INFO  server.RaftServerConfigKeys (ConfUtils.java:logGet(43)) - raft.server.log.segment.size.max = 16384 (custom)
2019-06-14 09:10:09,605 INFO  server.RaftServerConfigKeys (ConfUtils.java:logGet(43)) - raft.server.log.segment.cache.num.max = 2 (custom)
2019-06-14 09:10:09,605 INFO  storage.RaftLogWorker (RaftLogWorker.java:<init>(123)) - new e6065258-5a2c-4a72-9f81-ed1321f551ca-RaftLogWorker for Storage Directory /opt/src/hadoop-ozone/integration-test/target/test-dir/MiniOzoneClusterImpl-a56da109-a1cb-4168-8966-62306f2f2d23/datanode-0/data/ratis/bb1f9ca9-31b8-425e-b0da-aef50f0b1871
2019-06-14 09:10:09,605 INFO  server.RaftServerConfigKeys (ConfUtils.java:logGet(43)) - raft.server.log.queue.byte-limit = 2147483647 (custom)
2019-06-14 09:10:09,605 INFO  server.RaftServerConfigKeys (ConfUtils.java:logGet(43)) - raft.server.log.queue.element-limit = 1024 (custom)
2019-06-14 09:10:09,605 INFO  server.RaftServerConfigKeys (ConfUtils.java:logGet(43)) - raft.server.log.segment.size.max = 16384 (custom)
2019-06-14 09:10:09,605 INFO  server.RaftServerConfigKeys (ConfUtils.java:logGet(43)) - raft.server.log.preallocated.size = 16384 (custom)
2019-06-14 09:10:09,605 INFO  server.RaftServerConfigKeys (ConfUtils.java:logGet(43)) - raft.server.log.write.buffer.size = 33554432 (custom)
2019-06-14 09:10:09,605 INFO  server.RaftServerConfigKeys (ConfUtils.java:logGet(43)) - raft.server.log.force.sync.num = 128 (default)
2019-06-14 09:10:09,605 INFO  server.RaftServerConfigKeys (ConfUtils.java:logGet(43)) - raft.server.log.statemachine.data.sync = true (default)
2019-06-14 09:10:09,606 INFO  server.RaftServerConfigKeys (ConfUtils.java:logGet(43)) - raft.server.log.statemachine.data.sync.timeout = 10s (default)
2019-06-14 09:10:09,606 INFO  server.RaftServerConfigKeys (ConfUtils.java:logGet(43)) - raft.server.log.statemachine.data.sync.timeout.retry = -1 (default)
2019-06-14 09:10:09,606 INFO  server.RaftServerConfigKeys (ConfUtils.java:logGet(43)) - raft.server.log.statemachine.data.caching.enabled = true (custom)
2019-06-14 09:10:09,606 INFO  server.RaftServerConfigKeys (ConfUtils.java:logGet(43)) - raft.server.snapshot.auto.trigger.enabled = true (custom)
2019-06-14 09:10:09,606 INFO  server.RaftServerConfigKeys (ConfUtils.java:logGet(43)) - raft.server.snapshot.auto.trigger.threshold = 10000 (custom)
2019-06-14 09:10:09,606 INFO  server.RaftServerConfigKeys (ConfUtils.java:logGet(43)) - raft.server.retrycache.expirytime = 600000ms (custom)
2019-06-14 09:10:09,606 INFO  impl.RaftServerImpl (RaftServerImpl.java:start(173)) - e6065258-5a2c-4a72-9f81-ed1321f551ca: start group-AEF50F0B1871
2019-06-14 09:10:09,606 INFO  impl.RaftServerImpl (RaftServerImpl.java:setRole(164)) - e6065258-5a2c-4a72-9f81-ed1321f551ca:group-AEF50F0B1871 changes role from null to FOLLOWER at term 0 for startAsFollower
2019-06-14 09:10:09,606 INFO  impl.RoleInfo (RoleInfo.java:updateAndGet(143)) - e6065258-5a2c-4a72-9f81-ed1321f551ca: start FollowerState
2019-06-14 09:10:09,607 INFO  util.JmxRegister (JmxRegister.java:tryRegister(44)) - Successfully registered JMX Bean with object name Ratis:service=RaftServer,group=group-AEF50F0B1871,id=e6065258-5a2c-4a72-9f81-ed1321f551ca
2019-06-14 09:10:09,610 INFO  commands.RetriableDatanodeEventWatcher (RetriableDatanodeEventWatcher.java:onTimeout(47)) - RetriableDatanodeCommand type=deleteBlocksCommand with id=1560503399513 timed out. Retrying.
2019-06-14 09:10:09,612 INFO  pipeline.PipelineStateManager (PipelineStateManager.java:addPipeline(56)) - Created pipeline Pipeline[ Id: bb1f9ca9-31b8-425e-b0da-aef50f0b1871, Nodes: e6065258-5a2c-4a72-9f81-ed1321f551ca{ip: 192.168.105.147, host: ozone-xrdtn-3896089437, networkLocation: /default-rack, certSerialId: null}, Type:RATIS, Factor:ONE, State:OPEN]
2019-06-14 09:10:09,635 INFO  commands.RetriableDatanodeEventWatcher (RetriableDatanodeEventWatcher.java:onTimeout(47)) - RetriableDatanodeCommand type=deleteBlocksCommand with id=1560503399523 timed out. Retrying.
2019-06-14 09:10:09,647 INFO  commands.RetriableDatanodeEventWatcher (RetriableDatanodeEventWatcher.java:onTimeout(47)) - RetriableDatanodeCommand type=deleteBlocksCommand with id=1560503399533 timed out. Retrying.
2019-06-14 09:10:09,663 INFO  commands.RetriableDatanodeEventWatcher (RetriableDatanodeEventWatcher.java:onTimeout(47)) - RetriableDatanodeCommand type=deleteBlocksCommand with id=1560503399543 timed out. Retrying.
2019-06-14 09:10:09,667 INFO  commands.RetriableDatanodeEventWatcher (RetriableDatanodeEventWatcher.java:onTimeout(47)) - RetriableDatanodeCommand type=deleteBlocksCommand with id=1560503399464 timed out. Retrying.
2019-06-14 09:10:09,670 INFO  commands.RetriableDatanodeEventWatcher (RetriableDatanodeEventWatcher.java:onTimeout(47)) - RetriableDatanodeCommand type=deleteBlocksCommand with id=1560503399553 timed out. Retrying.
2019-06-14 09:10:09,675 INFO  commands.RetriableDatanodeEventWatcher (RetriableDatanodeEventWatcher.java:onTimeout(47)) - RetriableDatanodeCommand type=deleteBlocksCommand with id=1560503399474 timed out. Retrying.
2019-06-14 09:10:09,681 INFO  commands.RetriableDatanodeEventWatcher (RetriableDatanodeEventWatcher.java:onTimeout(47)) - RetriableDatanodeCommand type=deleteBlocksCommand with id=1560503399484 timed out. Retrying.
2019-06-14 09:10:09,686 DEBUG block.SCMBlockDeletingService (SCMBlockDeletingService.java:call(138)) - Running DeletedBlockTransactionScanner
2019-06-14 09:10:09,687 DEBUG block.SCMBlockDeletingService (SCMBlockDeletingService.java:call(155)) - Scanned deleted blocks log and got 3 delTX to process.
2019-06-14 09:10:09,687 DEBUG block.SCMBlockDeletingService (SCMBlockDeletingService.java:call(171)) - Added delete block command for datanode e6065258-5a2c-4a72-9f81-ed1321f551ca in the queue, number of delete block transactions: 3, TxID list: 1,2,3
2019-06-14 09:10:09,687 INFO  block.SCMBlockDeletingService (SCMBlockDeletingService.java:call(182)) - Totally added 3 delete blocks command for 1 datanodes, task elapsed time: 0ms
2019-06-14 09:10:09,690 INFO  commands.RetriableDatanodeEventWatcher (RetriableDatanodeEventWatcher.java:onTimeout(47)) - RetriableDatanodeCommand type=deleteBlocksCommand with id=1560503399494 timed out. Retrying.
2019-06-14 09:10:09,702 INFO  commands.RetriableDatanodeEventWatcher (RetriableDatanodeEventWatcher.java:onTimeout(47)) - RetriableDatanodeCommand type=deleteBlocksCommand with id=1560503399504 timed out. Retrying.
2019-06-14 09:10:09,709 INFO  commands.RetriableDatanodeEventWatcher (RetriableDatanodeEventWatcher.java:onTimeout(47)) - RetriableDatanodeCommand type=deleteBlocksCommand with id=1560503399514 timed out. Retrying.
2019-06-14 09:10:09,735 INFO  commands.RetriableDatanodeEventWatcher (RetriableDatanodeEventWatcher.java:onTimeout(47)) - RetriableDatanodeCommand type=deleteBlocksCommand with id=1560503399524 timed out. Retrying.
2019-06-14 09:10:09,747 INFO  commands.RetriableDatanodeEventWatcher (RetriableDatanodeEventWatcher.java:onTimeout(47)) - RetriableDatanodeCommand type=deleteBlocksCommand with id=1560503399534 timed out. Retrying.
2019-06-14 09:10:09,763 INFO  commands.RetriableDatanodeEventWatcher (RetriableDatanodeEventWatcher.java:onTimeout(47)) - RetriableDatanodeCommand type=deleteBlocksCommand with id=1560503399544 timed out. Retrying.
2019-06-14 09:10:09,769 INFO  commands.RetriableDatanodeEventWatcher (RetriableDatanodeEventWatcher.java:onTimeout(47)) - RetriableDatanodeCommand type=deleteBlocksCommand with id=1560503399465 timed out. Retrying.
2019-06-14 09:10:09,771 INFO  commands.RetriableDatanodeEventWatcher (RetriableDatanodeEventWatcher.java:onTimeout(47)) - RetriableDatanodeCommand type=deleteBlocksCommand with id=1560503399554 timed out. Retrying.
2019-06-14 09:10:09,772 INFO  commands.RetriableDatanodeEventWatcher (RetriableDatanodeEventWatcher.java:onTimeout(47)) - RetriableDatanodeCommand type=deleteBlocksCommand with id=1560503399475 timed out. Retrying.
2019-06-14 09:10:09,782 INFO  commands.RetriableDatanodeEventWatcher (RetriableDatanodeEventWatcher.java:onTimeout(47)) - RetriableDatanodeCommand type=deleteBlocksCommand with id=1560503399485 timed out. Retrying.
2019-06-14 09:10:09,787 DEBUG block.SCMBlockDeletingService (SCMBlockDeletingService.java:call(138)) - Running DeletedBlockTransactionScanner
2019-06-14 09:10:09,787 DEBUG block.SCMBlockDeletingService (SCMBlockDeletingService.java:call(155)) - Scanned deleted blocks log and got 3 delTX to process.
2019-06-14 09:10:09,788 DEBUG block.SCMBlockDeletingService (SCMBlockDeletingService.java:call(171)) - Added delete block command for datanode e6065258-5a2c-4a72-9f81-ed1321f551ca in the queue, number of delete block transactions: 3, TxID list: 1,2,3
2019-06-14 09:10:09,788 INFO  block.SCMBlockDeletingService (SCMBlockDeletingService.java:call(182)) - Totally added 3 delete blocks command for 1 datanodes, task elapsed time: 0ms
2019-06-14 09:10:09,789 INFO  commands.RetriableDatanodeEventWatcher (RetriableDatanodeEventWatcher.java:onTimeout(47)) - RetriableDatanodeCommand type=deleteBlocksCommand with id=1560503399495 timed out. Retrying.
2019-06-14 09:10:09,804 INFO  commands.RetriableDatanodeEventWatcher (RetriableDatanodeEventWatcher.java:onTimeout(47)) - RetriableDatanodeCommand type=deleteBlocksCommand with id=1560503399505 timed out. Retrying.
2019-06-14 09:10:09,808 INFO  commands.RetriableDatanodeEventWatcher (RetriableDatanodeEventWatcher.java:onTimeout(47)) - RetriableDatanodeCommand type=deleteBlocksCommand with id=1560503399515 timed out. Retrying.
2019-06-14 09:10:09,835 INFO  commands.RetriableDatanodeEventWatcher (RetriableDatanodeEventWatcher.java:onTimeout(47)) - RetriableDatanodeCommand type=deleteBlocksCommand with id=1560503399525 timed out. Retrying.
2019-06-14 09:10:09,848 INFO  commands.RetriableDatanodeEventWatcher (RetriableDatanodeEventWatcher.java:onTimeout(47)) - RetriableDatanodeCommand type=deleteBlocksCommand with id=1560503399535 timed out. Retrying.
2019-06-14 09:10:09,869 INFO  commands.RetriableDatanodeEventWatcher (RetriableDatanodeEventWatcher.java:onTimeout(47)) - RetriableDatanodeCommand type=deleteBlocksCommand with id=1560503399466 timed out. Retrying.
2019-06-14 09:10:09,869 INFO  commands.RetriableDatanodeEventWatcher (RetriableDatanodeEventWatcher.java:onTimeout(47)) - RetriableDatanodeCommand type=deleteBlocksCommand with id=1560503399545 timed out. Retrying.
2019-06-14 09:10:09,878 INFO  commands.RetriableDatanodeEventWatcher (RetriableDatanodeEventWatcher.java:onTimeout(47)) - RetriableDatanodeCommand type=deleteBlocksCommand with id=1560503399476 timed out. Retrying.
2019-06-14 09:10:09,881 INFO  commands.RetriableDatanodeEventWatcher (RetriableDatanodeEventWatcher.java:onTimeout(47)) - RetriableDatanodeCommand type=deleteBlocksCommand with id=1560503399486 timed out. Retrying.
2019-06-14 09:10:09,881 INFO  commands.RetriableDatanodeEventWatcher (RetriableDatanodeEventWatcher.java:onTimeout(47)) - RetriableDatanodeCommand type=deleteBlocksCommand with id=1560503399555 timed out. Retrying.
2019-06-14 09:10:09,888 DEBUG block.SCMBlockDeletingService (SCMBlockDeletingService.java:call(138)) - Running DeletedBlockTransactionScanner
2019-06-14 09:10:09,910 DEBUG block.SCMBlockDeletingService (SCMBlockDeletingService.java:call(155)) - Scanned deleted blocks log and got 3 delTX to process.
2019-06-14 09:10:09,911 DEBUG block.SCMBlockDeletingService (SCMBlockDeletingService.java:call(171)) - Added delete block command for datanode e6065258-5a2c-4a72-9f81-ed1321f551ca in the queue, number of delete block transactions: 3, TxID list: 1,2,3
2019-06-14 09:10:09,911 INFO  block.SCMBlockDeletingService (SCMBlockDeletingService.java:call(182)) - Totally added 3 delete blocks command for 1 datanodes, task elapsed time: 23ms
2019-06-14 09:10:09,911 INFO  commands.RetriableDatanodeEventWatcher (RetriableDatanodeEventWatcher.java:onTimeout(47)) - RetriableDatanodeCommand type=deleteBlocksCommand with id=1560503399506 timed out. Retrying.
2019-06-14 09:10:09,911 INFO  commands.RetriableDatanodeEventWatcher (RetriableDatanodeEventWatcher.java:onTimeout(47)) - RetriableDatanodeCommand type=deleteBlocksCommand with id=1560503399496 timed out. Retrying.
2019-06-14 09:10:09,911 INFO  commands.RetriableDatanodeEventWatcher (RetriableDatanodeEventWatcher.java:onTimeout(47)) - RetriableDatanodeCommand type=deleteBlocksCommand with id=1560503399516 timed out. Retrying.
2019-06-14 09:10:09,936 INFO  commands.RetriableDatanodeEventWatcher (RetriableDatanodeEventWatcher.java:onTimeout(47)) - RetriableDatanodeCommand type=deleteBlocksCommand with id=1560503399526 timed out. Retrying.
2019-06-14 09:10:09,949 INFO  commands.RetriableDatanodeEventWatcher (RetriableDatanodeEventWatcher.java:onTimeout(47)) - RetriableDatanodeCommand type=deleteBlocksCommand with id=1560503399536 timed out. Retrying.
2019-06-14 09:10:09,965 INFO  commands.RetriableDatanodeEventWatcher (RetriableDatanodeEventWatcher.java:onTimeout(47)) - RetriableDatanodeCommand type=deleteBlocksCommand with id=1560503399546 timed out. Retrying.
2019-06-14 09:10:09,968 INFO  commands.RetriableDatanodeEventWatcher (RetriableDatanodeEventWatcher.java:onTimeout(47)) - RetriableDatanodeCommand type=deleteBlocksCommand with id=1560503399467 timed out. Retrying.
2019-06-14 09:10:09,977 INFO  commands.RetriableDatanodeEventWatcher (RetriableDatanodeEventWatcher.java:onTimeout(47)) - RetriableDatanodeCommand type=deleteBlocksCommand with id=1560503399477 timed out. Retrying.
2019-06-14 09:10:09,982 INFO  commands.RetriableDatanodeEventWatcher (RetriableDatanodeEventWatcher.java:onTimeout(47)) - RetriableDatanodeCommand type=deleteBlocksCommand with id=1560503399556 timed out. Retrying.
2019-06-14 09:10:09,985 INFO  commands.RetriableDatanodeEventWatcher (RetriableDatanodeEventWatcher.java:onTimeout(47)) - RetriableDatanodeCommand type=deleteBlocksCommand with id=1560503399487 timed out. Retrying.
2019-06-14 09:10:09,994 INFO  commands.RetriableDatanodeEventWatcher (RetriableDatanodeEventWatcher.java:onTimeout(47)) - RetriableDatanodeCommand type=deleteBlocksCommand with id=1560503399497 timed out. Retrying.
2019-06-14 09:10:10,004 INFO  commands.RetriableDatanodeEventWatcher (RetriableDatanodeEventWatcher.java:onTimeout(47)) - RetriableDatanodeCommand type=deleteBlocksCommand with id=1560503399507 timed out. Retrying.
2019-06-14 09:10:10,011 DEBUG block.SCMBlockDeletingService (SCMBlockDeletingService.java:call(138)) - Running DeletedBlockTransactionScanner
2019-06-14 09:10:10,012 INFO  commands.RetriableDatanodeEventWatcher (SCMBlockDeletingService.java:call(155)) - Scanned deleted blocks log and got 3 delTX to process.
2019-06-14 09:10:10,012 INFO  commands.RetriableDatanodeEventWatcher (RetriableDatanodeEventWatcher.java:onTimeout(47)) - RetriableDatanodeCommand type=deleteBlocksCommand with id=1560503399517 timed out. Retrying.
2019-06-14 09:10:10,012 DEBUG block.SCMBlockDeletingService (SCMBlockDeletingService.java:call(171)) - Added delete block command for datanode e6065258-5a2c-4a72-9f81-ed1321f551ca in the queue, number of delete block transactions: 3, TxID list: 1,2,3
2019-06-14 09:10:10,012 INFO  block.SCMBlockDeletingService (SCMBlockDeletingService.java:call(182)) - Totally added 3 delete blocks command for 1 datanodes, task elapsed time: 2ms
2019-06-14 09:10:10,038 INFO  commands.RetriableDatanodeEventWatcher (RetriableDatanodeEventWatcher.java:onTimeout(47)) - RetriableDatanodeCommand type=deleteBlocksCommand with id=1560503399527 timed out. Retrying.
2019-06-14 09:10:10,040 WARN  ipc.Server (Server.java:setupResponse(2950)) - Large response size 3020098 for call Call#1835 Retry#0 org.apache.hadoop.ozone.protocol.StorageContainerDatanodeProtocol.sendHeartbeat from 192.168.105.147:50474
2019-06-14 09:10:10,049 INFO  commands.RetriableDatanodeEventWatcher (RetriableDatanodeEventWatcher.java:onTimeout(47)) - RetriableDatanodeCommand type=deleteBlocksCommand with id=1560503399537 timed out. Retrying.
2019-06-14 09:10:10,060 INFO  block.SCMBlockDeletingService (SCMBlockDeletingService.java:handlePendingDeletes(115)) - Block deletion txnID mismatch in datanode e6065258-5a2c-4a72-9f81-ed1321f551ca for containerID 1. Datanode delete txnID: 0, SCM txnID: 1
2019-06-14 09:10:10,061 INFO  block.SCMBlockDeletingService (SCMBlockDeletingService.java:handlePendingDeletes(115)) - Block deletion txnID mismatch in datanode e6065258-5a2c-4a72-9f81-ed1321f551ca for containerID 2. Datanode delete txnID: 0, SCM txnID: 2
2019-06-14 09:10:10,061 INFO  block.SCMBlockDeletingService (SCMBlockDeletingService.java:handlePendingDeletes(115)) - Block deletion txnID mismatch in datanode e6065258-5a2c-4a72-9f81-ed1321f551ca for containerID 3. Datanode delete txnID: 0, SCM txnID: 3
2019-06-14 09:10:10,066 INFO  commands.RetriableDatanodeEventWatcher (RetriableDatanodeEventWatcher.java:onTimeout(47)) - RetriableDatanodeCommand type=deleteBlocksCommand with id=1560503399547 timed out. Retrying.
2019-06-14 09:10:10,071 INFO  commands.RetriableDatanodeEventWatcher (RetriableDatanodeEventWatcher.java:onTimeout(47)) - RetriableDatanodeCommand type=deleteBlocksCommand with id=1560503399468 timed out. Retrying.
2019-06-14 09:10:10,080 INFO  commands.RetriableDatanodeEventWatcher (RetriableDatanodeEventWatcher.java:onTimeout(47)) - RetriableDatanodeCommand type=deleteBlocksCommand with id=1560503399478 timed out. Retrying.
2019-06-14 09:10:10,081 INFO  commands.RetriableDatanodeEventWatcher (RetriableDatanodeEventWatcher.java:onTimeout(47)) - RetriableDatanodeCommand type=deleteBlocksCommand with id=1560503399557 timed out. Retrying.
2019-06-14 09:10:10,088 INFO  commands.RetriableDatanodeEventWatcher (RetriableDatanodeEventWatcher.java:onTimeout(47)) - RetriableDatanodeCommand type=deleteBlocksCommand with id=1560503399488 timed out. Retrying.
2019-06-14 09:10:10,096 INFO  commands.RetriableDatanodeEventWatcher (RetriableDatanodeEventWatcher.java:onTimeout(47)) - RetriableDatanodeCommand type=deleteBlocksCommand with id=1560503399498 timed out. Retrying.
2019-06-14 09:10:10,107 INFO  commands.RetriableDatanodeEventWatcher (RetriableDatanodeEventWatcher.java:onTimeout(47)) - RetriableDatanodeCommand type=deleteBlocksCommand with id=1560503399508 timed out. Retrying.
2019-06-14 09:10:10,111 INFO  commands.RetriableDatanodeEventWatcher (RetriableDatanodeEventWatcher.java:onTimeout(47)) - RetriableDatanodeCommand type=deleteBlocksCommand with id=1560503399518 timed out. Retrying.
2019-06-14 09:10:10,113 DEBUG block.SCMBlockDeletingService (SCMBlockDeletingService.java:call(138)) - Running DeletedBlockTransactionScanner
2019-06-14 09:10:10,113 DEBUG block.SCMBlockDeletingService (SCMBlockDeletingService.java:call(155)) - Scanned deleted blocks log and got 3 delTX to process.
2019-06-14 09:10:10,113 DEBUG block.SCMBlockDeletingService (SCMBlockDeletingService.java:call(171)) - Added delete block command for datanode e6065258-5a2c-4a72-9f81-ed1321f551ca in the queue, number of delete block transactions: 3, TxID list: 1,2,3
2019-06-14 09:10:10,114 INFO  block.SCMBlockDeletingService (SCMBlockDeletingService.java:call(182)) - Totally added 3 delete blocks command for 1 datanodes, task elapsed time: 1ms
2019-06-14 09:10:10,138 INFO  commands.RetriableDatanodeEventWatcher (RetriableDatanodeEventWatcher.java:onTimeout(47)) - RetriableDatanodeCommand type=deleteBlocksCommand with id=1560503399528 timed out. Retrying.
2019-06-14 09:10:10,150 INFO  commands.RetriableDatanodeEventWatcher (RetriableDatanodeEventWatcher.java:onTimeout(47)) - RetriableDatanodeCommand type=deleteBlocksCommand with id=1560503399538 timed out. Retrying.
2019-06-14 09:10:10,167 INFO  commands.RetriableDatanodeEventWatcher (RetriableDatanodeEventWatcher.java:onTimeout(47)) - RetriableDatanodeCommand type=deleteBlocksCommand with id=1560503399548 timed out. Retrying.
2019-06-14 09:10:10,175 INFO  commands.RetriableDatanodeEventWatcher (RetriableDatanodeEventWatcher.java:onTimeout(47)) - RetriableDatanodeCommand type=deleteBlocksCommand with id=1560503399469 timed out. Retrying.
2019-06-14 09:10:10,177 INFO  commands.RetriableDatanodeEventWatcher (RetriableDatanodeEventWatcher.java:onTimeout(47)) - RetriableDatanodeCommand type=deleteBlocksCommand with id=1560503399479 timed out. Retrying.
2019-06-14 09:10:10,183 INFO  commands.RetriableDatanodeEventWatcher (RetriableDatanodeEventWatcher.java:onTimeout(47)) - RetriableDatanodeCommand type=deleteBlocksCommand with id=1560503399558 timed out. Retrying.
2019-06-14 09:10:10,209 INFO  commands.RetriableDatanodeEventWatcher (RetriableDatanodeEventWatcher.java:onTimeout(47)) - RetriableDatanodeCommand type=deleteBlocksCommand with id=1560503399499 timed out. Retrying.
2019-06-14 09:10:10,209 INFO  commands.RetriableDatanodeEventWatcher (RetriableDatanodeEventWatcher.java:onTimeout(47)) - RetriableDatanodeCommand type=deleteBlocksCommand with id=1560503399489 timed out. Retrying.
2019-06-14 09:10:10,209 INFO  commands.RetriableDatanodeEventWatcher (RetriableDatanodeEventWatcher.java:onTimeout(47)) - RetriableDatanodeCommand type=deleteBlocksCommand with id=1560503399509 timed out. Retrying.
2019-06-14 09:10:10,214 DEBUG block.SCMBlockDeletingService (SCMBlockDeletingService.java:call(138)) - Running DeletedBlockTransactionScanner
2019-06-14 09:10:10,214 DEBUG block.SCMBlockDeletingService (SCMBlockDeletingService.java:call(155)) - Scanned deleted blocks log and got 3 delTX to process.
2019-06-14 09:10:10,214 DEBUG block.SCMBlockDeletingService (SCMBlockDeletingService.java:call(171)) - Added delete block command for datanode e6065258-5a2c-4a72-9f81-ed1321f551ca in the queue, number of delete block transactions: 3, TxID list: 1,2,3
2019-06-14 09:10:10,214 INFO  block.SCMBlockDeletingService (SCMBlockDeletingService.java:call(182)) - Totally added 3 delete blocks command for 1 datanodes, task elapsed time: 1ms
2019-06-14 09:10:10,233 INFO  commands.RetriableDatanodeEventWatcher (RetriableDatanodeEventWatcher.java:onTimeout(47)) - RetriableDatanodeCommand type=deleteBlocksCommand with id=1560503399519 timed out. Retrying.
2019-06-14 09:10:10,237 INFO  commands.RetriableDatanodeEventWatcher (RetriableDatanodeEventWatcher.java:onTimeout(47)) - RetriableDatanodeCommand type=deleteBlocksCommand with id=1560503399529 timed out. Retrying.
2019-06-14 09:10:10,251 INFO  commands.RetriableDatanodeEventWatcher (RetriableDatanodeEventWatcher.java:onTimeout(47)) - RetriableDatanodeCommand type=deleteBlocksCommand with id=1560503399539 timed out. Retrying.
2019-06-14 09:10:10,268 INFO  commands.RetriableDatanodeEventWatcher (RetriableDatanodeEventWatcher.java:onTimeout(47)) - RetriableDatanodeCommand type=deleteBlocksCommand with id=1560503399549 timed out. Retrying.
2019-06-14 09:10:10,272 INFO  commands.RetriableDatanodeEventWatcher (RetriableDatanodeEventWatcher.java:onTimeout(47)) - RetriableDatanodeCommand type=deleteBlocksCommand with id=1560503399470 timed out. Retrying.
2019-06-14 09:10:10,278 INFO  commands.RetriableDatanodeEventWatcher (RetriableDatanodeEventWatcher.java:onTimeout(47)) - RetriableDatanodeCommand type=deleteBlocksCommand with id=1560503399480 timed out. Retrying.
2019-06-14 09:10:10,283 INFO  commands.RetriableDatanodeEventWatcher (RetriableDatanodeEventWatcher.java:onTimeout(47)) - RetriableDatanodeCommand type=deleteBlocksCommand with id=1560503399559 timed out. Retrying.
2019-06-14 09:10:10,285 INFO  commands.RetriableDatanodeEventWatcher (RetriableDatanodeEventWatcher.java:onTimeout(47)) - RetriableDatanodeCommand type=deleteBlocksCommand with id=1560503399490 timed out. Retrying.
2019-06-14 09:10:10,299 INFO  commands.RetriableDatanodeEventWatcher (RetriableDatanodeEventWatcher.java:onTimeout(47)) - RetriableDatanodeCommand type=deleteBlocksCommand with id=1560503399500 timed out. Retrying.
2019-06-14 09:10:10,306 INFO  commands.RetriableDatanodeEventWatcher (RetriableDatanodeEventWatcher.java:onTimeout(47)) - RetriableDatanodeCommand type=deleteBlocksCommand with id=1560503399510 timed out. Retrying.
2019-06-14 09:10:10,314 DEBUG block.SCMBlockDeletingService (SCMBlockDeletingService.java:call(138)) - Running DeletedBlockTransactionScanner
2019-06-14 09:10:10,315 DEBUG block.SCMBlockDeletingService (SCMBlockDeletingService.java:call(155)) - Scanned deleted blocks log and got 3 delTX to process.
2019-06-14 09:10:10,315 DEBUG block.SCMBlockDeletingService (SCMBlockDeletingService.java:call(171)) - Added delete block command for datanode e6065258-5a2c-4a72-9f81-ed1321f551ca in the queue, number of delete block transactions: 3, TxID list: 1,2,3
2019-06-14 09:10:10,315 INFO  block.SCMBlockDeletingService (SCMBlockDeletingService.java:call(182)) - Totally added 3 delete blocks command for 1 datanodes, task elapsed time: 0ms
2019-06-14 09:10:10,331 INFO  commands.RetriableDatanodeEventWatcher (RetriableDatanodeEventWatcher.java:onTimeout(47)) - RetriableDatanodeCommand type=deleteBlocksCommand with id=1560503399520 timed out. Retrying.
2019-06-14 09:10:10,339 INFO  commands.RetriableDatanodeEventWatcher (RetriableDatanodeEventWatcher.java:onTimeout(47)) - RetriableDatanodeCommand type=deleteBlocksCommand with id=1560503399530 timed out. Retrying.
2019-06-14 09:10:10,350 INFO  commands.RetriableDatanodeEventWatcher (RetriableDatanodeEventWatcher.java:onTimeout(47)) - RetriableDatanodeCommand type=deleteBlocksCommand with id=1560503399540 timed out. Retrying.
2019-06-14 09:10:10,359 INFO  ozone.MiniOzoneClusterImpl (MiniOzoneClusterImpl.java:lambda$waitForClusterToBeReady$0(142)) - Cluster is ready. Got 1 of 1 DN Heartbeats.
2019-06-14 09:10:10,368 INFO  commands.RetriableDatanodeEventWatcher (RetriableDatanodeEventWatcher.java:onTimeout(47)) - RetriableDatanodeCommand type=deleteBlocksCommand with id=1560503399550 timed out. Retrying.
2019-06-14 09:10:10,374 INFO  commands.RetriableDatanodeEventWatcher (RetriableDatanodeEventWatcher.java:onTimeout(47)) - RetriableDatanodeCommand type=deleteBlocksCommand with id=1560503399471 timed out. Retrying.
2019-06-14 09:10:10,384 INFO  commands.RetriableDatanodeEventWatcher (RetriableDatanodeEventWatcher.java:onTimeout(47)) - RetriableDatanodeCommand type=deleteBlocksCommand with id=1560503399481 timed out. Retrying.
2019-06-14 09:10:10,384 INFO  commands.RetriableDatanodeEventWatcher (RetriableDatanodeEventWatcher.java:onTimeout(47)) - RetriableDatanodeCommand type=deleteBlocksCommand with id=1560503399560 timed out. Retrying.
2019-06-14 09:10:10,385 INFO  block.SCMBlockDeletingService (SCMBlockDeletingService.java:handlePendingDeletes(115)) - Block deletion txnID mismatch in datanode e6065258-5a2c-4a72-9f81-ed1321f551ca for containerID 1. Datanode delete txnID: 0, SCM txnID: 1
2019-06-14 09:10:10,385 INFO  block.SCMBlockDeletingService (SCMBlockDeletingService.java:handlePendingDeletes(115)) - Block deletion txnID mismatch in datanode e6065258-5a2c-4a72-9f81-ed1321f551ca for containerID 2. Datanode delete txnID: 0, SCM txnID: 2
2019-06-14 09:10:10,385 INFO  block.SCMBlockDeletingService (SCMBlockDeletingService.java:handlePendingDeletes(115)) - Block deletion txnID mismatch in datanode e6065258-5a2c-4a72-9f81-ed1321f551ca for containerID 3. Datanode delete txnID: 0, SCM txnID: 3
2019-06-14 09:10:10,387 INFO  commands.RetriableDatanodeEventWatcher (RetriableDatanodeEventWatcher.java:onTimeout(47)) - RetriableDatanodeCommand type=deleteBlocksCommand with id=1560503399491 timed out. Retrying.
2019-06-14 09:10:10,386 INFO  commandhandler.DeleteBlocksCommandHandler (DeleteBlocksCommandHandler.java:handle(106)) - Start to delete container blocks, TXIDs=[1(0),2(0),3(0)], numOfContainers=3, numOfBlocks=553
2019-06-14 09:10:10,399 INFO  commands.RetriableDatanodeEventWatcher (RetriableDatanodeEventWatcher.java:onTimeout(47)) - RetriableDatanodeCommand type=deleteBlocksCommand with id=1560503399501 timed out. Retrying.
2019-06-14 09:10:10,407 INFO  commands.RetriableDatanodeEventWatcher (RetriableDatanodeEventWatcher.java:onTimeout(47)) - RetriableDatanodeCommand type=deleteBlocksCommand with id=1560503399511 timed out. Retrying.
2019-06-14 09:10:10,412 INFO  commandhandler.DeleteBlocksCommandHandler (DeleteBlocksCommandHandler.java:handle(106)) - Start to delete container blocks, TXIDs=[1(0),2(0),3(0)], numOfContainers=3, numOfBlocks=553
2019-06-14 09:10:10,414 INFO  commandhandler.DeleteBlocksCommandHandler (DeleteBlocksCommandHandler.java:handle(106)) - Start to delete container blocks, TXIDs=[1(0),2(0),3(0)], numOfContainers=3, numOfBlocks=553
2019-06-14 09:10:10,415 INFO  commandhandler.DeleteBlocksCommandHandler (DeleteBlocksCommandHandler.java:handle(106)) - Start to delete container blocks, TXIDs=[1(0),2(0),3(0)], numOfContainers=3, numOfBlocks=553
2019-06-14 09:10:10,415 DEBUG block.SCMBlockDeletingService (SCMBlockDeletingService.java:call(138)) - Running DeletedBlockTransactionScanner
2019-06-14 09:10:10,415 DEBUG block.SCMBlockDeletingService (DeleteBlocksCommandHandler.java:handle(106)) - Start to delete container blocks, TXIDs=[1(0),2(0),3(0)], numOfContainers=3, numOfBlocks=553
SCMBlockDeletingService.java:call(155)) - Scanned deleted blocks log and got 3 delTX to process.
2019-06-14 09:10:10,415 INFO  commandhandler.DeleteBlocksCommandHandler (DeleteBlocksCommandHandler.java:handle(106)) - Start to delete container blocks, TXIDs=[1(0),2(0),3(0)], numOfContainers=3, numOfBlocks=553
2019-06-14 09:10:10,415 DEBUG block.SCMBlockDeletingService (SCMBlockDeletingService.java:call(171)) - Added delete block command for datanode e6065258-5a2c-4a72-9f81-ed1321f551ca in the queue, number of delete block transactions: 3, TxID list: 1,2,3
2019-06-14 09:10:10,416 INFO  block.SCMBlockDeletingService (SCMBlockDeletingService.java:call(182)) - Totally added 3 delete blocks command for 1 datanodes, task elapsed time: 1ms
2019-06-14 09:10:10,416 INFO  commandhandler.DeleteBlocksCommandHandler (DeleteBlocksCommandHandler.java:handle(106)) - Start to delete container blocks, TXIDs=[1(0),2(0),3(0)], numOfContainers=3, numOfBlocks=553
2019-06-14 09:10:10,417 INFO  commandhandler.DeleteBlocksCommandHandler (DeleteBlocksCommandHandler.java:handle(106)) - Start to delete container blocks, TXIDs=[1(0),2(0),3(0)], numOfContainers=3, numOfBlocks=553
2019-06-14 09:10:10,418 INFO  commandhandler.DeleteBlocksCommandHandler (DeleteBlocksCommandHandler.java:handle(106)) - Start to delete container blocks, TXIDs=[1(0),2(0),3(0)], numOfContainers=3, numOfBlocks=553
2019-06-14 09:10:10,418 INFO  commandhandler.DeleteBlocksCommandHandler (DeleteBlocksCommandHandler.java:handle(106)) - Start to delete container blocks, TXIDs=[1(0),2(0),3(0)], numOfContainers=3, numOfBlocks=553
2019-06-14 09:10:10,419 INFO  commandhandler.DeleteBlocksCommandHandler (DeleteBlocksCommandHandler.java:handle(106)) - Start to delete container blocks, TXIDs=[1(0),2(0),3(0)], numOfContainers=3, numOfBlocks=553
2019-06-14 09:10:10,420 INFO  commandhandler.DeleteBlocksCommandHandler (DeleteBlocksCommandHandler.java:handle(106)) - Start to delete container blocks, TXIDs=[1(0),2(0),3(0)], numOfContainers=3, numOfBlocks=553
2019-06-14 09:10:10,421 INFO  commandhandler.DeleteBlocksCommandHandler (DeleteBlocksCommandHandler.java:handle(106)) - Start to delete container blocks, TXIDs=[1(0),2(0),3(0)], numOfContainers=3, numOfBlocks=553
2019-06-14 09:10:10,421 INFO  commandhandler.DeleteBlocksCommandHandler (DeleteBlocksCommandHandler.java:handle(106)) - Start to delete container blocks, TXIDs=[1(0),2(0),3(0)], numOfContainers=3, numOfBlocks=553
2019-06-14 09:10:10,422 INFO  commandhandler.DeleteBlocksCommandHandler (DeleteBlocksCommandHandler.java:handle(106)) - Start to delete container blocks, TXIDs=[1(0),2(0),3(0)], numOfContainers=3, numOfBlocks=553
2019-06-14 09:10:10,423 INFO  commandhandler.DeleteBlocksCommandHandler (DeleteBlocksCommandHandler.java:handle(106)) - Start to delete container blocks, TXIDs=[1(0),2(0),3(0)], numOfContainers=3, numOfBlocks=553
2019-06-14 09:10:10,423 INFO  commandhandler.DeleteBlocksCommandHandler (DeleteBlocksCommandHandler.java:handle(106)) - Start to delete container blocks, TXIDs=[1(0),2(0),3(0)], numOfContainers=3, numOfBlocks=553
2019-06-14 09:10:10,424 INFO  commandhandler.DeleteBlocksCommandHandler (DeleteBlocksCommandHandler.java:handle(106)) - Start to delete container blocks, TXIDs=[1(0),2(0),3(0)], numOfContainers=3, numOfBlocks=553
2019-06-14 09:10:10,425 INFO  commandhandler.DeleteBlocksCommandHandler (DeleteBlocksCommandHandler.java:handle(106)) - Start to delete container blocks, TXIDs=[1(0),2(0),3(0)], numOfContainers=3, numOfBlocks=553
2019-06-14 09:10:10,426 INFO  commandhandler.DeleteBlocksCommandHandler (DeleteBlocksCommandHandler.java:handle(106)) - Start to delete container blocks, TXIDs=[1(0),2(0),3(0)], numOfContainers=3, numOfBlocks=553
2019-06-14 09:10:10,426 INFO  commandhandler.DeleteBlocksCommandHandler (DeleteBlocksCommandHandler.java:handle(106)) - Start to delete container blocks, TXIDs=[1(0),2(0),3(0)], numOfContainers=3, numOfBlocks=553
2019-06-14 09:10:10,427 INFO  commandhandler.DeleteBlocksCommandHandler (DeleteBlocksCommandHandler.java:handle(106)) - Start to delete container blocks, TXIDs=[1(0),2(0),3(0)], numOfContainers=3, numOfBlocks=553
2019-06-14 09:10:10,428 INFO  commandhandler.DeleteBlocksCommandHandler (DeleteBlocksCommandHandler.java:handle(106)) - Start to delete container blocks, TXIDs=[1(0),2(0),3(0)], numOfContainers=3, numOfBlocks=553
2019-06-14 09:10:10,428 INFO  commandhandler.DeleteBlocksCommandHandler (DeleteBlocksCommandHandler.java:handle(106)) - Start to delete container blocks, TXIDs=[1(0),2(0),3(0)], numOfContainers=3, numOfBlocks=553
2019-06-14 09:10:10,429 INFO  commandhandler.DeleteBlocksCommandHandler (DeleteBlocksCommandHandler.java:handle(106)) - Start to delete container blocks, TXIDs=[1(0),2(0),3(0)], numOfContainers=3, numOfBlocks=553
2019-06-14 09:10:10,430 INFO  commandhandler.DeleteBlocksCommandHandler (DeleteBlocksCommandHandler.java:handle(106)) - Start to delete container blocks, TXIDs=[1(0),2(0),3(0)], numOfContainers=3, numOfBlocks=553
2019-06-14 09:10:10,430 INFO  commandhandler.DeleteBlocksCommandHandler (DeleteBlocksCommandHandler.java:handle(106)) - Start to delete container blocks, TXIDs=[1(0),2(0),3(0)], numOfContainers=3, numOfBlocks=553
2019-06-14 09:10:10,431 INFO  commandhandler.DeleteBlocksCommandHandler (DeleteBlocksCommandHandler.java:handle(106)) - Start to delete container blocks, TXIDs=[1(0),2(0),3(0)], numOfContainers=3, numOfBlocks=553
2019-06-14 09:10:10,432 INFO  commandhandler.DeleteBlocksCommandHandler (DeleteBlocksCommandHandler.java:handle(106)) - Start to delete container blocks, TXIDs=[1(0),2(0),3(0)], numOfContainers=3, numOfBlocks=553
2019-06-14 09:10:10,432 INFO  commandhandler.DeleteBlocksCommandHandler (DeleteBlocksCommandHandler.java:handle(106)) - Start to delete container blocks, TXIDs=[1(0),2(0),3(0)], numOfContainers=3, numOfBlocks=553
2019-06-14 09:10:10,433 INFO  commandhandler.DeleteBlocksCommandHandler (DeleteBlocksCommandHandler.java:handle(106)) - Start to delete container blocks, TXIDs=[1(0),2(0),3(0)], numOfContainers=3, numOfBlocks=553
2019-06-14 09:10:10,434 INFO  commands.RetriableDatanodeEventWatcher (RetriableDatanodeEventWatcher.java:onTimeout(47)) - RetriableDatanodeCommand type=deleteBlocksCommand with id=1560503399521 timed out. Retrying.
2019-06-14 09:10:10,434 INFO  commandhandler.DeleteBlocksCommandHandler (DeleteBlocksCommandHandler.java:handle(106)) - Start to delete container blocks, TXIDs=[1(0),2(0),3(0)], numOfContainers=3, numOfBlocks=553
2019-06-14 09:10:10,435 INFO  commandhandler.DeleteBlocksCommandHandler (DeleteBlocksCommandHandler.java:handle(106)) - Start to delete container blocks, TXIDs=[1(0),2(0),3(0)], numOfContainers=3, numOfBlocks=553
2019-06-14 09:10:10,435 INFO  commandhandler.DeleteBlocksCommandHandler (DeleteBlocksCommandHandler.java:handle(106)) - Start to delete container blocks, TXIDs=[1(0),2(0),3(0)], numOfContainers=3, numOfBlocks=553
2019-06-14 09:10:10,436 INFO  commandhandler.DeleteBlocksCommandHandler (DeleteBlocksCommandHandler.java:handle(106)) - Start to delete container blocks, TXIDs=[1(0),2(0),3(0)], numOfContainers=3, numOfBlocks=553
2019-06-14 09:10:10,437 INFO  commandhandler.DeleteBlocksCommandHandler (DeleteBlocksCommandHandler.java:handle(106)) - Start to delete container blocks, TXIDs=[1(0),2(0),3(0)], numOfContainers=3, numOfBlocks=553
2019-06-14 09:10:10,438 INFO  commandhandler.DeleteBlocksCommandHandler (DeleteBlocksCommandHandler.java:handle(106)) - Start to delete container blocks, TXIDs=[1(0),2(0),3(0)], numOfContainers=3, numOfBlocks=553
2019-06-14 09:10:10,439 INFO  commandhandler.DeleteBlocksCommandHandler (DeleteBlocksCommandHandler.java:handle(106)) - Start to delete container blocks, TXIDs=[1(0),2(0),3(0)], numOfContainers=3, numOfBlocks=553
2019-06-14 09:10:10,439 INFO  commands.RetriableDatanodeEventWatcher (RetriableDatanodeEventWatcher.java:onTimeout(47)) - RetriableDatanodeCommand type=deleteBlocksCommand with id=1560503399531 timed out. Retrying.
2019-06-14 09:10:10,440 INFO  commandhandler.DeleteBlocksCommandHandler (DeleteBlocksCommandHandler.java:handle(106)) - Start to delete container blocks, TXIDs=[1(0),2(0),3(0)], numOfContainers=3, numOfBlocks=553
2019-06-14 09:10:10,441 INFO  commandhandler.DeleteBlocksCommandHandler (DeleteBlocksCommandHandler.java:handle(106)) - Start to delete container blocks, TXIDs=[1(0),2(0),3(0)], numOfContainers=3, numOfBlocks=553
2019-06-14 09:10:10,442 INFO  commandhandler.DeleteBlocksCommandHandler (DeleteBlocksCommandHandler.java:handle(106)) - Start to delete container blocks, TXIDs=[1(0),2(0),3(0)], numOfContainers=3, numOfBlocks=553
2019-06-14 09:10:10,443 INFO  commandhandler.DeleteBlocksCommandHandler (DeleteBlocksCommandHandler.java:handle(106)) - Start to delete container blocks, TXIDs=[1(0),2(0),3(0)], numOfContainers=3, numOfBlocks=553
2019-06-14 09:10:10,445 INFO  commandhandler.DeleteBlocksCommandHandler (DeleteBlocksCommandHandler.java:handle(106)) - Start to delete container blocks, TXIDs=[1(0),2(0),3(0)], numOfContainers=3, numOfBlocks=553
2019-06-14 09:10:10,446 INFO  commandhandler.DeleteBlocksCommandHandler (DeleteBlocksCommandHandler.java:handle(106)) - Start to delete container blocks, TXIDs=[1(0),2(0),3(0)], numOfContainers=3, numOfBlocks=553
2019-06-14 09:10:10,447 INFO  commandhandler.DeleteBlocksCommandHandler (DeleteBlocksCommandHandler.java:handle(106)) - Start to delete container blocks, TXIDs=[1(0),2(0),3(0)], numOfContainers=3, numOfBlocks=553
2019-06-14 09:10:10,448 INFO  commandhandler.DeleteBlocksCommandHandler (DeleteBlocksCommandHandler.java:handle(106)) - Start to delete container blocks, TXIDs=[1(0),2(0),3(0)], numOfContainers=3, numOfBlocks=553
2019-06-14 09:10:10,448 INFO  commandhandler.DeleteBlocksCommandHandler (DeleteBlocksCommandHandler.java:handle(106)) - Start to delete container blocks, TXIDs=[1(0),2(0),3(0)], numOfContainers=3, numOfBlocks=553
2019-06-14 09:10:10,449 INFO  commandhandler.DeleteBlocksCommandHandler (DeleteBlocksCommandHandler.java:handle(106)) - Start to delete container blocks, TXIDs=[1(0),2(0),3(0)], numOfContainers=3, numOfBlocks=553
2019-06-14 09:10:10,449 INFO  commandhandler.DeleteBlocksCommandHandler (DeleteBlocksCommandHandler.java:handle(106)) - Start to delete container blocks, TXIDs=[1(0),2(0),3(0)], numOfContainers=3, numOfBlocks=553
2019-06-14 09:10:10,450 INFO  commandhandler.DeleteBlocksCommandHandler (DeleteBlocksCommandHandler.java:handle(106)) - Start to delete container blocks, TXIDs=[1(0),2(0),3(0)], numOfContainers=3, numOfBlocks=553
2019-06-14 09:10:10,450 INFO  commandhandler.DeleteBlocksCommandHandler (DeleteBlocksCommandHandler.java:handle(106)) - Start to delete container blocks, TXIDs=[1(0),2(0),3(0)], numOfContainers=3, numOfBlocks=553
2019-06-14 09:10:10,451 INFO  commandhandler.DeleteBlocksCommandHandler (DeleteBlocksCommandHandler.java:handle(106)) - Start to delete container blocks, TXIDs=[1(0),2(0),3(0)], numOfContainers=3, numOfBlocks=553
2019-06-14 09:10:10,452 INFO  commandhandler.DeleteBlocksCommandHandler (DeleteBlocksCommandHandler.java:handle(106)) - Start to delete container blocks, TXIDs=[1(0),2(0),3(0)], numOfContainers=3, numOfBlocks=553
2019-06-14 09:10:10,452 INFO  commandhandler.DeleteBlocksCommandHandler (DeleteBlocksCommandHandler.java:handle(106)) - Start to delete container blocks, TXIDs=[1(0),2(0),3(0)], numOfContainers=3, numOfBlocks=553
2019-06-14 09:10:10,453 INFO  commandhandler.DeleteBlocksCommandHandler (DeleteBlocksCommandHandler.java:handle(106)) - Start to delete container blocks, TXIDs=[1(0),2(0),3(0)], numOfContainers=3, numOfBlocks=553
2019-06-14 09:10:10,453 INFO  commands.RetriableDatanodeEventWatcher (RetriableDatanodeEventWatcher.java:onTimeout(47)) - RetriableDatanodeCommand type=deleteBlocksCommand with id=1560503399541 timed out. Retrying.
2019-06-14 09:10:10,453 INFO  commandhandler.DeleteBlocksCommandHandler (DeleteBlocksCommandHandler.java:handle(106)) - Start to delete container blocks, TXIDs=[1(0),2(0),3(0)], numOfContainers=3, numOfBlocks=553
2019-06-14 09:10:10,454 INFO  commandhandler.DeleteBlocksCommandHandler (DeleteBlocksCommandHandler.java:handle(106)) - Start to delete container blocks, TXIDs=[1(0),2(0),3(0)], numOfContainers=3, numOfBlocks=553
2019-06-14 09:10:10,455 INFO  commandhandler.DeleteBlocksCommandHandler (DeleteBlocksCommandHandler.java:handle(106)) - Start to delete container blocks, TXIDs=[1(0),2(0),3(0)], numOfContainers=3, numOfBlocks=553
2019-06-14 09:10:10,455 INFO  commandhandler.DeleteBlocksCommandHandler (DeleteBlocksCommandHandler.java:handle(106)) - Start to delete container blocks, TXIDs=[1(0),2(0),3(0)], numOfContainers=3, numOfBlocks=553
2019-06-14 09:10:10,456 INFO  commandhandler.DeleteBlocksCommandHandler (DeleteBlocksCommandHandler.java:handle(106)) - Start to delete container blocks, TXIDs=[1(0),2(0),3(0)], numOfContainers=3, numOfBlocks=553
2019-06-14 09:10:10,457 INFO  commandhandler.DeleteBlocksCommandHandler (DeleteBlocksCommandHandler.java:handle(106)) - Start to delete container blocks, TXIDs=[1(0),2(0),3(0)], numOfContainers=3, numOfBlocks=553
2019-06-14 09:10:10,457 INFO  commandhandler.DeleteBlocksCommandHandler (DeleteBlocksCommandHandler.java:handle(106)) - Start to delete container blocks, TXIDs=[1(0),2(0),3(0)], numOfContainers=3, numOfBlocks=553
2019-06-14 09:10:10,458 INFO  commandhandler.DeleteBlocksCommandHandler (DeleteBlocksCommandHandler.java:handle(106)) - Start to delete container blocks, TXIDs=[1(0),2(0),3(0)], numOfContainers=3, numOfBlocks=553
2019-06-14 09:10:10,458 INFO  commandhandler.DeleteBlocksCommandHandler (DeleteBlocksCommandHandler.java:handle(106)) - Start to delete container blocks, TXIDs=[1(0),2(0),3(0)], numOfContainers=3, numOfBlocks=553
2019-06-14 09:10:10,459 INFO  commandhandler.DeleteBlocksCommandHandler (DeleteBlocksCommandHandler.java:handle(106)) - Start to delete container blocks, TXIDs=[1(0),2(0),3(0)], numOfContainers=3, numOfBlocks=553
2019-06-14 09:10:10,460 INFO  commandhandler.DeleteBlocksCommandHandler (DeleteBlocksCommandHandler.java:handle(106)) - Start to delete container blocks, TXIDs=[1(0),2(0),3(0)], numOfContainers=3, numOfBlocks=553
2019-06-14 09:10:10,461 INFO  commandhandler.DeleteBlocksCommandHandler (DeleteBlocksCommandHandler.java:handle(106)) - Start to delete container blocks, TXIDs=[1(0),2(0),3(0)], numOfContainers=3, numOfBlocks=553
2019-06-14 09:10:10,461 INFO  commandhandler.DeleteBlocksCommandHandler (DeleteBlocksCommandHandler.java:handle(106)) - Start to delete container blocks, TXIDs=[1(0),2(0),3(0)], numOfContainers=3, numOfBlocks=553
2019-06-14 09:10:10,462 INFO  commandhandler.DeleteBlocksCommandHandler (DeleteBlocksCommandHandler.java:handle(106)) - Start to delete container blocks, TXIDs=[1(0),2(0),3(0)], numOfContainers=3, numOfBlocks=553
2019-06-14 09:10:10,463 INFO  commandhandler.DeleteBlocksCommandHandler (DeleteBlocksCommandHandler.java:handle(106)) - Start to delete container blocks, TXIDs=[1(0),2(0),3(0)], numOfContainers=3, numOfBlocks=553
2019-06-14 09:10:10,463 INFO  commandhandler.DeleteBlocksCommandHandler (DeleteBlocksCommandHandler.java:handle(106)) - Start to delete container blocks, TXIDs=[1(0),2(0),3(0)], numOfContainers=3, numOfBlocks=553
2019-06-14 09:10:10,464 INFO  commandhandler.DeleteBlocksCommandHandler (DeleteBlocksCommandHandler.java:handle(106)) - Start to delete container blocks, TXIDs=[1(0),2(0),3(0)], numOfContainers=3, numOfBlocks=553
2019-06-14 09:10:10,465 INFO  commandhandler.DeleteBlocksCommandHandler (DeleteBlocksCommandHandler.java:handle(106)) - Start to delete container blocks, TXIDs=[1(0),2(0),3(0)], numOfContainers=3, numOfBlocks=553
2019-06-14 09:10:10,465 INFO  commandhandler.DeleteBlocksCommandHandler (DeleteBlocksCommandHandler.java:handle(106)) - Start to delete container blocks, TXIDs=[1(0),2(0),3(0)], numOfContainers=3, numOfBlocks=553
2019-06-14 09:10:10,466 INFO  commandhandler.DeleteBlocksCommandHandler (DeleteBlocksCommandHandler.java:handle(106)) - Start to delete container blocks, TXIDs=[1(0),2(0),3(0)], numOfContainers=3, numOfBlocks=553
2019-06-14 09:10:10,466 INFO  commands.RetriableDatanodeEventWatcher (RetriableDatanodeEventWatcher.java:onTimeout(47)) - RetriableDatanodeCommand type=deleteBlocksCommand with id=1560503399462 timed out. Retrying.
2019-06-14 09:10:10,466 INFO  commandhandler.DeleteBlocksCommandHandler (DeleteBlocksCommandHandler.java:handle(106)) - Start to delete container blocks, TXIDs=[1(0),2(0),3(0)], numOfContainers=3, numOfBlocks=553
2019-06-14 09:10:10,467 INFO  commandhandler.DeleteBlocksCommandHandler (DeleteBlocksCommandHandler.java:handle(106)) - Start to delete container blocks, TXIDs=[1(0),2(0),3(0)], numOfContainers=3, numOfBlocks=553
2019-06-14 09:10:10,468 INFO  commandhandler.DeleteBlocksCommandHandler (DeleteBlocksCommandHandler.java:handle(106)) - Start to delete container blocks, TXIDs=[1(0),2(0),3(0)], numOfContainers=3, numOfBlocks=553
2019-06-14 09:10:10,468 INFO  commandhandler.DeleteBlocksCommandHandler (DeleteBlocksCommandHandler.java:handle(106)) - Start to delete container blocks, TXIDs=[1(0),2(0),3(0)], numOfContainers=3, numOfBlocks=553
2019-06-14 09:10:10,468 INFO  commands.RetriableDatanodeEventWatcher (RetriableDatanodeEventWatcher.java:onTimeout(47)) - RetriableDatanodeCommand type=deleteBlocksCommand with id=1560503399551 timed out. Retrying.
2019-06-14 09:10:10,469 INFO  commandhandler.DeleteBlocksCommandHandler (DeleteBlocksCommandHandler.java:handle(106)) - Start to delete container blocks, TXIDs=[1(0),2(0),3(0)], numOfContainers=3, numOfBlocks=553
2019-06-14 09:10:10,469 INFO  commandhandler.DeleteBlocksCommandHandler (DeleteBlocksCommandHandler.java:handle(106)) - Start to delete container blocks, TXIDs=[1(0),2(0),3(0)], numOfContainers=3, numOfBlocks=553
2019-06-14 09:10:10,470 INFO  commandhandler.DeleteBlocksCommandHandler (DeleteBlocksCommandHandler.java:handle(106)) - Start to delete container blocks, TXIDs=[1(0),2(0),3(0)], numOfContainers=3, numOfBlocks=553
2019-06-14 09:10:10,471 INFO  commandhandler.DeleteBlocksCommandHandler (DeleteBlocksCommandHandler.java:handle(106)) - Start to delete container blocks, TXIDs=[1(0),2(0),3(0)], numOfContainers=3, numOfBlocks=553
2019-06-14 09:10:10,471 INFO  commandhandler.DeleteBlocksCommandHandler (DeleteBlocksCommandHandler.java:handle(106)) - Start to delete container blocks, TXIDs=[1(0),2(0),3(0)], numOfContainers=3, numOfBlocks=553
2019-06-14 09:10:10,472 INFO  commandhandler.DeleteBlocksCommandHandler (DeleteBlocksCommandHandler.java:handle(106)) - Start to delete container blocks, TXIDs=[1(0),2(0),3(0)], numOfContainers=3, numOfBlocks=553
2019-06-14 09:10:10,472 INFO  commandhandler.DeleteBlocksCommandHandler (DeleteBlocksCommandHandler.java:handle(106)) - Start to delete container blocks, TXIDs=[1(0),2(0),3(0)], numOfContainers=3, numOfBlocks=553
2019-06-14 09:10:10,473 INFO  commandhandler.DeleteBlocksCommandHandler (DeleteBlocksCommandHandler.java:handle(106)) - Start to delete container blocks, TXIDs=[1(0),2(0),3(0)], numOfContainers=3, numOfBlocks=553
2019-06-14 09:10:10,474 INFO  commandhandler.DeleteBlocksCommandHandler (DeleteBlocksCommandHandler.java:handle(106)) - Start to delete container blocks, TXIDs=[1(0),2(0),3(0)], numOfContainers=3, numOfBlocks=553
2019-06-14 09:10:10,475 INFO  commandhandler.DeleteBlocksCommandHandler (DeleteBlocksCommandHandler.java:handle(106)) - Start to delete container blocks, TXIDs=[1(0),2(0),3(0)], numOfContainers=3, numOfBlocks=553
2019-06-14 09:10:10,476 INFO  commands.RetriableDatanodeEventWatcher (RetriableDatanodeEventWatcher.java:onTimeout(47)) - RetriableDatanodeCommand type=deleteBlocksCommand with id=1560503399472 timed out. Retrying.
2019-06-14 09:10:10,476 INFO  commandhandler.DeleteBlocksCommandHandler (DeleteBlocksCommandHandler.java:handle(106)) - Start to delete container blocks, TXIDs=[1(0),2(0),3(0)], numOfContainers=3, numOfBlocks=553
2019-06-14 09:10:10,476 INFO  commandhandler.DeleteBlocksCommandHandler (DeleteBlocksCommandHandler.java:handle(106)) - Start to delete container blocks, TXIDs=[1(0),2(0),3(0)], numOfContainers=3, numOfBlocks=553
2019-06-14 09:10:10,477 INFO  commandhandler.DeleteBlocksCommandHandler (DeleteBlocksCommandHandler.java:handle(106)) - Start to delete container blocks, TXIDs=[1(0),2(0),3(0)], numOfContainers=3, numOfBlocks=553
2019-06-14 09:10:10,478 INFO  commandhandler.DeleteBlocksCommandHandler (DeleteBlocksCommandHandler.java:handle(106)) - Start to delete container blocks, TXIDs=[1(0),2(0),3(0)], numOfContainers=3, numOfBlocks=553
2019-06-14 09:10:10,478 INFO  commandhandler.DeleteBlocksCommandHandler (DeleteBlocksCommandHandler.java:handle(106)) - Start to delete container blocks, TXIDs=[1(0),2(0),3(0)], numOfContainers=3, numOfBlocks=553
2019-06-14 09:10:10,479 INFO  commandhandler.DeleteBlocksCommandHandler (DeleteBlocksCommandHandler.java:handle(106)) - Start to delete container blocks, TXIDs=[1(0),2(0),3(0)], numOfContainers=3, numOfBlocks=553
2019-06-14 09:10:10,479 INFO  commandhandler.DeleteBlocksCommandHandler (DeleteBlocksCommandHandler.java:handle(106)) - Start to delete container blocks, TXIDs=[1(0),2(0),3(0)], numOfContainers=3, numOfBlocks=553
2019-06-14 09:10:10,480 INFO  commands.RetriableDatanodeEventWatcher (RetriableDatanodeEventWatcher.java:onTimeout(47)) - RetriableDatanodeCommand type=deleteBlocksCommand with id=1560503399482 timed out. Retrying.
2019-06-14 09:10:10,480 INFO  commandhandler.DeleteBlocksCommandHandler (DeleteBlocksCommandHandler.java:handle(106)) - Start to delete container blocks, TXIDs=[1(0),2(0),3(0)], numOfContainers=3, numOfBlocks=553
2019-06-14 09:10:10,480 INFO  commandhandler.DeleteBlocksCommandHandler (DeleteBlocksCommandHandler.java:handle(106)) - Start to delete container blocks, TXIDs=[1(0),2(0),3(0)], numOfContainers=3, numOfBlocks=553
2019-06-14 09:10:10,481 INFO  commandhandler.DeleteBlocksCommandHandler (DeleteBlocksCommandHandler.java:handle(106)) - Start to delete container blocks, TXIDs=[1(0),2(0),3(0)], numOfContainers=3, numOfBlocks=553
2019-06-14 09:10:10,482 INFO  commandhandler.DeleteBlocksCommandHandler (DeleteBlocksCommandHandler.java:handle(106)) - Start to delete container blocks, TXIDs=[1(0),2(0),3(0)], numOfContainers=3, numOfBlocks=553
2019-06-14 09:10:10,482 INFO  commandhandler.DeleteBlocksCommandHandler (DeleteBlocksCommandHandler.java:handle(106)) - Start to delete container blocks, TXIDs=[1(0),2(0),3(0)], numOfContainers=3, numOfBlocks=553
2019-06-14 09:10:10,483 INFO  commandhandler.DeleteBlocksCommandHandler (DeleteBlocksCommandHandler.java:handle(106)) - Start to delete container blocks, TXIDs=[1(0),2(0),3(0)], numOfContainers=3, numOfBlocks=553
2019-06-14 09:10:10,483 INFO  commandhandler.DeleteBlocksCommandHandler (DeleteBlocksCommandHandler.java:handle(106)) - Start to delete container blocks, TXIDs=[1(0),2(0),3(0)], numOfContainers=3, numOfBlocks=553
2019-06-14 09:10:10,484 INFO  background.BlockDeletingService (BlockDeletingService.java:getTasks(123)) - Plan to choose 10 containers for block deletion, actually returns 3 valid containers.
2019-06-14 09:10:10,484 INFO  commandhandler.DeleteBlocksCommandHandler (DeleteBlocksCommandHandler.java:handle(106)) - Start to delete container blocks, TXIDs=[1(0),2(0),3(0)], numOfContainers=3, numOfBlocks=553
2019-06-14 09:10:10,485 INFO  commands.RetriableDatanodeEventWatcher (RetriableDatanodeEventWatcher.java:onTimeout(47)) - RetriableDatanodeCommand type=deleteBlocksCommand with id=1560503399561 timed out. Retrying.
2019-06-14 09:10:10,485 INFO  commandhandler.DeleteBlocksCommandHandler (DeleteBlocksCommandHandler.java:handle(106)) - Start to delete container blocks, TXIDs=[1(0),2(0),3(0)], numOfContainers=3, numOfBlocks=553
2019-06-14 09:10:10,488 INFO  commandhandler.DeleteBlocksCommandHandler (DeleteBlocksCommandHandler.java:handle(106)) - Start to delete container blocks, TXIDs=[1(0),2(0),3(0)], numOfContainers=3, numOfBlocks=553
2019-06-14 09:10:10,489 INFO  commandhandler.DeleteBlocksCommandHandler (DeleteBlocksCommandHandler.java:handle(106)) - Start to delete container blocks, TXIDs=[1(0),2(0),3(0)], numOfContainers=3, numOfBlocks=553
2019-06-14 09:10:10,490 INFO  commandhandler.DeleteBlocksCommandHandler (DeleteBlocksCommandHandler.java:handle(106)) - Start to delete container blocks, TXIDs=[1(0),2(0),3(0)], numOfContainers=3, numOfBlocks=553
2019-06-14 09:10:10,490 INFO  commands.RetriableDatanodeEventWatcher (RetriableDatanodeEventWatcher.java:onTimeout(47)) - RetriableDatanodeCommand type=deleteBlocksCommand with id=1560503399492 timed out. Retrying.
2019-06-14 09:10:10,491 INFO  commandhandler.DeleteBlocksCommandHandler (DeleteBlocksCommandHandler.java:handle(106)) - Start to delete container blocks, TXIDs=[1(0),2(0),3(0)], numOfContainers=3, numOfBlocks=553
2019-06-14 09:10:10,491 INFO  commandhandler.DeleteBlocksCommandHandler (DeleteBlocksCommandHandler.java:handle(106)) - Start to delete container blocks, TXIDs=[1(0),2(0),3(0)], numOfContainers=3, numOfBlocks=553
2019-06-14 09:10:10,492 INFO  commandhandler.DeleteBlocksCommandHandler (DeleteBlocksCommandHandler.java:handle(106)) - Start to delete container blocks, TXIDs=[1(0),2(0),3(0)], numOfContainers=3, numOfBlocks=553
2019-06-14 09:10:10,493 INFO  commandhandler.DeleteBlocksCommandHandler (DeleteBlocksCommandHandler.java:handle(106)) - Start to delete container blocks, TXIDs=[1(0),2(0),3(0)], numOfContainers=3, numOfBlocks=553
2019-06-14 09:10:10,493 INFO  commandhandler.DeleteBlocksCommandHandler (DeleteBlocksCommandHandler.java:handle(106)) - Start to delete container blocks, TXIDs=[1(0),2(0),3(0)], numOfContainers=3, numOfBlocks=553
2019-06-14 09:10:10,495 INFO  commandhandler.DeleteBlocksCommandHandler (DeleteBlocksCommandHandler.java:handle(106)) - Start to delete container blocks, TXIDs=[1(0),2(0),3(0)], numOfContainers=3, numOfBlocks=553
2019-06-14 09:10:10,496 INFO  commandhandler.DeleteBlocksCommandHandler (DeleteBlocksCommandHandler.java:handle(106)) - Start to delete container blocks, TXIDs=[1(0),2(0),3(0)], numOfContainers=3, numOfBlocks=553
2019-06-14 09:10:10,497 INFO  commandhandler.DeleteBlocksCommandHandler (DeleteBlocksCommandHandler.java:handle(106)) - Start to delete container blocks, TXIDs=[1(0),2(0),3(0)], numOfContainers=3, numOfBlocks=553
2019-06-14 09:10:10,498 INFO  commandhandler.DeleteBlocksCommandHandler (DeleteBlocksCommandHandler.java:handle(106)) - Start to delete container blocks, TXIDs=[1(0),2(0),3(0)], numOfContainers=3, numOfBlocks=553
2019-06-14 09:10:10,498 INFO  commandhandler.DeleteBlocksCommandHandler (DeleteBlocksCommandHandler.java:handle(106)) - Start to delete container blocks, TXIDs=[1(0),2(0),3(0)], numOfContainers=3, numOfBlocks=553
2019-06-14 09:10:10,499 INFO  commandhandler.DeleteBlocksCommandHandler (DeleteBlocksCommandHandler.java:handle(106)) - Start to delete container blocks, TXIDs=[1(0),2(0),3(0)], numOfContainers=3, numOfBlocks=553
2019-06-14 09:10:10,499 INFO  commandhandler.DeleteBlocksCommandHandler (DeleteBlocksCommandHandler.java:handle(106)) - Start to delete container blocks, TXIDs=[1(0),2(0),3(0)], numOfContainers=3, numOfBlocks=553
2019-06-14 09:10:10,500 INFO  commandhandler.DeleteBlocksCommandHandler (DeleteBlocksCommandHandler.java:handle(106)) - Start to delete container blocks, TXIDs=[1(0),2(0),3(0)], numOfContainers=3, numOfBlocks=553
2019-06-14 09:10:10,501 INFO  commandhandler.DeleteBlocksCommandHandler (DeleteBlocksCommandHandler.java:handle(106)) - Start to delete container blocks, TXIDs=[1(0),2(0),3(0)], numOfContainers=3, numOfBlocks=553
2019-06-14 09:10:10,501 INFO  commands.RetriableDatanodeEventWatcher (RetriableDatanodeEventWatcher.java:onTimeout(47)) - RetriableDatanodeCommand type=deleteBlocksCommand with id=1560503399502 timed out. Retrying.
2019-06-14 09:10:10,502 INFO  commandhandler.DeleteBlocksCommandHandler (DeleteBlocksCommandHandler.java:handle(106)) - Start to delete container blocks, TXIDs=[1(0),2(0),3(0)], numOfContainers=3, numOfBlocks=553
2019-06-14 09:10:10,502 INFO  commandhandler.DeleteBlocksCommandHandler (DeleteBlocksCommandHandler.java:handle(106)) - Start to delete container blocks, TXIDs=[1(0),2(0),3(0)], numOfContainers=3, numOfBlocks=553
2019-06-14 09:10:10,503 INFO  commandhandler.DeleteBlocksCommandHandler (DeleteBlocksCommandHandler.java:handle(106)) - Start to delete container blocks, TXIDs=[1(0),2(0),3(0)], numOfContainers=3, numOfBlocks=553
2019-06-14 09:10:10,504 INFO  commandhandler.DeleteBlocksCommandHandler (DeleteBlocksCommandHandler.java:handle(106)) - Start to delete container blocks, TXIDs=[1(0),2(0),3(0)], numOfContainers=3, numOfBlocks=553
2019-06-14 09:10:10,505 INFO  commandhandler.DeleteBlocksCommandHandler (DeleteBlocksCommandHandler.java:handle(106)) - Start to delete container blocks, TXIDs=[1(0),2(0),3(0)], numOfContainers=3, numOfBlocks=553
2019-06-14 09:10:10,506 INFO  commandhandler.DeleteBlocksCommandHandler (DeleteBlocksCommandHandler.java:handle(106)) - Start to delete container blocks, TXIDs=[1(0),2(0),3(0)], numOfContainers=3, numOfBlocks=553
2019-06-14 09:10:10,507 INFO  commandhandler.DeleteBlocksCommandHandler (DeleteBlocksCommandHandler.java:handle(106)) - Start to delete container blocks, TXIDs=[1(0),2(0),3(0)], numOfContainers=3, numOfBlocks=553
2019-06-14 09:10:10,508 INFO  commandhandler.DeleteBlocksCommandHandler (DeleteBlocksCommandHandler.java:handle(106)) - Start to delete container blocks, TXIDs=[1(0),2(0),3(0)], numOfContainers=3, numOfBlocks=553
2019-06-14 09:10:10,508 INFO  commands.RetriableDatanodeEventWatcher (RetriableDatanodeEventWatcher.java:onTimeout(47)) - RetriableDatanodeCommand type=deleteBlocksCommand with id=1560503399512 timed out. Retrying.
2019-06-14 09:10:10,509 INFO  commandhandler.DeleteBlocksCommandHandler (DeleteBlocksCommandHandler.java:handle(106)) - Start to delete container blocks, TXIDs=[1(0),2(0),3(0)], numOfContainers=3, numOfBlocks=553
2019-06-14 09:10:10,510 INFO  commandhandler.DeleteBlocksCommandHandler (DeleteBlocksCommandHandler.java:handle(106)) - Start to delete container blocks, TXIDs=[1(0),2(0),3(0)], numOfContainers=3, numOfBlocks=553
2019-06-14 09:10:10,511 INFO  commandhandler.DeleteBlocksCommandHandler (DeleteBlocksCommandHandler.java:handle(106)) - Start to delete container blocks, TXIDs=[1(0),2(0),3(0)], numOfContainers=3, numOfBlocks=553
2019-06-14 09:10:10,512 INFO  commandhandler.DeleteBlocksCommandHandler (DeleteBlocksCommandHandler.java:handle(106)) - Start to delete container blocks, TXIDs=[1(0),2(0),3(0)], numOfContainers=3, numOfBlocks=553
2019-06-14 09:10:10,513 INFO  commandhandler.DeleteBlocksCommandHandler (DeleteBlocksCommandHandler.java:handle(106)) - Start to delete container blocks, TXIDs=[1(0),2(0),3(0)], numOfContainers=3, numOfBlocks=553
2019-06-14 09:10:10,514 INFO  commandhandler.DeleteBlocksCommandHandler (DeleteBlocksCommandHandler.java:handle(106)) - Start to delete container blocks, TXIDs=[1(0),2(0),3(0)], numOfContainers=3, numOfBlocks=553
2019-06-14 09:10:10,515 INFO  commandhandler.DeleteBlocksCommandHandler (DeleteBlocksCommandHandler.java:handle(106)) - Start to delete container blocks, TXIDs=[1(0),2(0),3(0)], numOfContainers=3, numOfBlocks=553
2019-06-14 09:10:10,516 INFO  commandhandler.DeleteBlocksCommandHandler (DeleteBlocksCommandHandler.java:handle(106)) - Start to delete container blocks, TXIDs=[1(0),2(0),3(0)], numOfContainers=3, numOfBlocks=553
2019-06-14 09:10:10,516 DEBUG block.SCMBlockDeletingService (SCMBlockDeletingService.java:call(138)) - Running DeletedBlockTransactionScanner
2019-06-14 09:10:10,516 DEBUG block.SCMBlockDeletingService (SCMBlockDeletingService.java:call(155)) - Scanned deleted blocks log and got 3 delTX to process.
2019-06-14 09:10:10,516 DEBUG block.SCMBlockDeletingService (SCMBlockDeletingService.java:call(171)) - Added delete block command for datanode e6065258-5a2c-4a72-9f81-ed1321f551ca in the queue, number of delete block transactions: 3, TxID list: 1,2,3
2019-06-14 09:10:10,516 INFO  block.SCMBlockDeletingService (SCMBlockDeletingService.java:call(182)) - Totally added 3 delete blocks command for 1 datanodes, task elapsed time: 1ms
2019-06-14 09:10:10,517 INFO  commandhandler.DeleteBlocksCommandHandler (DeleteBlocksCommandHandler.java:handle(106)) - Start to delete container blocks, TXIDs=[1(0),2(0),3(0)], numOfContainers=3, numOfBlocks=553
2019-06-14 09:10:10,518 INFO  commandhandler.DeleteBlocksCommandHandler (DeleteBlocksCommandHandler.java:handle(106)) - Start to delete container blocks, TXIDs=[1(0),2(0),3(0)], numOfContainers=3, numOfBlocks=553
2019-06-14 09:10:10,519 INFO  commandhandler.DeleteBlocksCommandHandler (DeleteBlocksCommandHandler.java:handle(106)) - Start to delete container blocks, TXIDs=[1(0),2(0),3(0)], numOfContainers=3, numOfBlocks=553
2019-06-14 09:10:10,519 INFO  commandhandler.DeleteBlocksCommandHandler (DeleteBlocksCommandHandler.java:handle(106)) - Start to delete container blocks, TXIDs=[1(0),2(0),3(0)], numOfContainers=3, numOfBlocks=553
2019-06-14 09:10:10,520 INFO  commandhandler.DeleteBlocksCommandHandler (DeleteBlocksCommandHandler.java:handle(106)) - Start to delete container blocks, TXIDs=[1(0),2(0),3(0)], numOfContainers=3, numOfBlocks=553
2019-06-14 09:10:10,521 INFO  commandhandler.DeleteBlocksCommandHandler (DeleteBlocksCommandHandler.java:handle(106)) - Start to delete container blocks, TXIDs=[1(0),2(0),3(0)], numOfContainers=3, numOfBlocks=553
2019-06-14 09:10:10,522 INFO  commandhandler.DeleteBlocksCommandHandler (DeleteBlocksCommandHandler.java:handle(106)) - Start to delete container blocks, TXIDs=[1(0),2(0),3(0)], numOfContainers=3, numOfBlocks=553
2019-06-14 09:10:10,523 INFO  commandhandler.DeleteBlocksCommandHandler (DeleteBlocksCommandHandler.java:handle(106)) - Start to delete container blocks, TXIDs=[1(0),2(0),3(0)], numOfContainers=3, numOfBlocks=553
2019-06-14 09:10:10,524 INFO  commandhandler.DeleteBlocksCommandHandler (DeleteBlocksCommandHandler.java:handle(106)) - Start to delete container blocks, TXIDs=[1(0),2(0),3(0)], numOfContainers=3, numOfBlocks=553
2019-06-14 09:10:10,525 INFO  commandhandler.DeleteBlocksCommandHandler (DeleteBlocksCommandHandler.java:handle(106)) - Start to delete container blocks, TXIDs=[1(0),2(0),3(0)], numOfContainers=3, numOfBlocks=553
2019-06-14 09:10:10,526 INFO  commandhandler.DeleteBlocksCommandHandler (DeleteBlocksCommandHandler.java:handle(106)) - Start to delete container blocks, TXIDs=[1(0),2(0),3(0)], numOfContainers=3, numOfBlocks=553
2019-06-14 09:10:10,527 INFO  commandhandler.DeleteBlocksCommandHandler (DeleteBlocksCommandHandler.java:handle(106)) - Start to delete container blocks, TXIDs=[1(0),2(0),3(0)], numOfContainers=3, numOfBlocks=553
2019-06-14 09:10:10,528 INFO  commandhandler.DeleteBlocksCommandHandler (DeleteBlocksCommandHandler.java:handle(106)) - Start to delete container blocks, TXIDs=[1(0),2(0),3(0)], numOfContainers=3, numOfBlocks=553
2019-06-14 09:10:10,529 INFO  commandhandler.DeleteBlocksCommandHandler (DeleteBlocksCommandHandler.java:handle(106)) - Start to delete container blocks, TXIDs=[1(0),2(0),3(0)], numOfContainers=3, numOfBlocks=553
2019-06-14 09:10:10,530 INFO  commandhandler.DeleteBlocksCommandHandler (DeleteBlocksCommandHandler.java:handle(106)) - Start to delete container blocks, TXIDs=[1(0),2(0),3(0)], numOfContainers=3, numOfBlocks=553
2019-06-14 09:10:10,531 INFO  commandhandler.DeleteBlocksCommandHandler (DeleteBlocksCommandHandler.java:handle(106)) - Start to delete container blocks, TXIDs=[1(0),2(0),3(0)], numOfContainers=3, numOfBlocks=553
2019-06-14 09:10:10,532 INFO  commandhandler.DeleteBlocksCommandHandler (DeleteBlocksCommandHandler.java:handle(106)) - Start to delete container blocks, TXIDs=[1(0),2(0),3(0)], numOfContainers=3, numOfBlocks=553
2019-06-14 09:10:10,533 INFO  commandhandler.DeleteBlocksCommandHandler (DeleteBlocksCommandHandler.java:handle(106)) - Start to delete container blocks, TXIDs=[1(0),2(0),3(0)], numOfContainers=3, numOfBlocks=553
2019-06-14 09:10:10,534 INFO  commandhandler.DeleteBlocksCommandHandler (DeleteBlocksCommandHandler.java:handle(106)) - Start to delete container blocks, TXIDs=[1(0),2(0),3(0)], numOfContainers=3, numOfBlocks=553
2019-06-14 09:10:10,535 INFO  commandhandler.DeleteBlocksCommandHandler (DeleteBlocksCommandHandler.java:handle(106)) - Start to delete container blocks, TXIDs=[1(0),2(0),3(0)], numOfContainers=3, numOfBlocks=553
2019-06-14 09:10:10,536 INFO  commandhandler.DeleteBlocksCommandHandler (DeleteBlocksCommandHandler.java:handle(106)) - Start to delete container blocks, TXIDs=[1(0),2(0),3(0)], numOfContainers=3, numOfBlocks=553
2019-06-14 09:10:10,537 INFO  commandhandler.DeleteBlocksCommandHandler (DeleteBlocksCommandHandler.java:handle(106)) - Start to delete container blocks, TXIDs=[1(0),2(0),3(0)], numOfContainers=3, numOfBlocks=553
2019-06-14 09:10:10,538 INFO  commandhandler.DeleteBlocksCommandHandler (DeleteBlocksCommandHandler.java:handle(106)) - Start to delete container blocks, TXIDs=[1(0),2(0),3(0)], numOfContainers=3, numOfBlocks=553
2019-06-14 09:10:10,538 INFO  commandhandler.DeleteBlocksCommandHandler (DeleteBlocksCommandHandler.java:handle(106)) - Start to delete container blocks, TXIDs=[1(0),2(0),3(0)], numOfContainers=3, numOfBlocks=553
2019-06-14 09:10:10,539 INFO  commandhandler.DeleteBlocksCommandHandler (DeleteBlocksCommandHandler.java:handle(106)) - Start to delete container blocks, TXIDs=[1(0),2(0),3(0)], numOfContainers=3, numOfBlocks=553
2019-06-14 09:10:10,540 INFO  commandhandler.DeleteBlocksCommandHandler (DeleteBlocksCommandHandler.java:handle(106)) - Start to delete container blocks, TXIDs=[1(0),2(0),3(0)], numOfContainers=3, numOfBlocks=553
2019-06-14 09:10:10,541 INFO  commandhandler.DeleteBlocksCommandHandler (DeleteBlocksCommandHandler.java:handle(106)) - Start to delete container blocks, TXIDs=[1(0),2(0),3(0)], numOfContainers=3, numOfBlocks=553
2019-06-14 09:10:10,542 INFO  commandhandler.DeleteBlocksCommandHandler (DeleteBlocksCommandHandler.java:handle(106)) - Start to delete container blocks, TXIDs=[1(0),2(0),3(0)], numOfContainers=3, numOfBlocks=553
2019-06-14 09:10:10,543 INFO  commandhandler.DeleteBlocksCommandHandler (DeleteBlocksCommandHandler.java:handle(106)) - Start to delete container blocks, TXIDs=[1(0),2(0),3(0)], numOfContainers=3, numOfBlocks=553
2019-06-14 09:10:10,544 INFO  commandhandler.DeleteBlocksCommandHandler (DeleteBlocksCommandHandler.java:handle(106)) - Start to delete container blocks, TXIDs=[1(0),2(0),3(0)], numOfContainers=3, numOfBlocks=553
2019-06-14 09:10:10,545 INFO  commandhandler.DeleteBlocksCommandHandler (DeleteBlocksCommandHandler.java:handle(106)) - Start to delete container blocks, TXIDs=[1(0),2(0),3(0)], numOfContainers=3, numOfBlocks=553
2019-06-14 09:10:10,546 INFO  commandhandler.DeleteBlocksCommandHandler (DeleteBlocksCommandHandler.java:handle(106)) - Start to delete container blocks, TXIDs=[1(0),2(0),3(0)], numOfContainers=3, numOfBlocks=553
2019-06-14 09:10:10,546 INFO  commands.RetriableDatanodeEventWatcher (RetriableDatanodeEventWatcher.java:onTimeout(47)) - RetriableDatanodeCommand type=deleteBlocksCommand with id=1560503399532 timed out. Retrying.
2019-06-14 09:10:10,546 INFO  commands.RetriableDatanodeEventWatcher (RetriableDatanodeEventWatcher.java:onTimeout(47)) - RetriableDatanodeCommand type=deleteBlocksCommand with id=1560503399522 timed out. Retrying.
2019-06-14 09:10:10,546 INFO  commandhandler.DeleteBlocksCommandHandler (DeleteBlocksCommandHandler.java:handle(106)) - Start to delete container blocks, TXIDs=[1(0),2(0),3(0)], numOfContainers=3, numOfBlocks=553
2019-06-14 09:10:10,547 INFO  commandhandler.DeleteBlocksCommandHandler (DeleteBlocksCommandHandler.java:handle(106)) - Start to delete container blocks, TXIDs=[1(0),2(0),3(0)], numOfContainers=3, numOfBlocks=553
2019-06-14 09:10:10,548 INFO  commandhandler.DeleteBlocksCommandHandler (DeleteBlocksCommandHandler.java:handle(106)) - Start to delete container blocks, TXIDs=[1(0),2(0),3(0)], numOfContainers=3, numOfBlocks=553
2019-06-14 09:10:10,549 INFO  commandhandler.DeleteBlocksCommandHandler (DeleteBlocksCommandHandler.java:handle(106)) - Start to delete container blocks, TXIDs=[1(0),2(0),3(0)], numOfContainers=3, numOfBlocks=553
2019-06-14 09:10:10,550 INFO  commandhandler.DeleteBlocksCommandHandler (DeleteBlocksCommandHandler.java:handle(106)) - Start to delete container blocks, TXIDs=[1(0),2(0),3(0)], numOfContainers=3, numOfBlocks=553
2019-06-14 09:10:10,551 INFO  commandhandler.DeleteBlocksCommandHandler (DeleteBlocksCommandHandler.java:handle(106)) - Start to delete container blocks, TXIDs=[1(0),2(0),3(0)], numOfContainers=3, numOfBlocks=553
2019-06-14 09:10:10,552 INFO  commandhandler.DeleteBlocksCommandHandler (DeleteBlocksCommandHandler.java:handle(106)) - Start to delete container blocks, TXIDs=[1(0),2(0),3(0)], numOfContainers=3, numOfBlocks=553
2019-06-14 09:10:10,553 INFO  commands.RetriableDatanodeEventWatcher (RetriableDatanodeEventWatcher.java:onTimeout(47)) - RetriableDatanodeCommand type=deleteBlocksCommand with id=1560503399542 timed out. Retrying.
2019-06-14 09:10:10,553 INFO  commandhandler.DeleteBlocksCommandHandler (DeleteBlocksCommandHandler.java:handle(106)) - Start to delete container blocks, TXIDs=[1(0),2(0),3(0)], numOfContainers=3, numOfBlocks=553
2019-06-14 09:10:10,554 INFO  commandhandler.DeleteBlocksCommandHandler (DeleteBlocksCommandHandler.java:handle(106)) - Start to delete container blocks, TXIDs=[1(0),2(0),3(0)], numOfContainers=3, numOfBlocks=553
2019-06-14 09:10:10,555 INFO  commandhandler.DeleteBlocksCommandHandler (DeleteBlocksCommandHandler.java:handle(106)) - Start to delete container blocks, TXIDs=[1(0),2(0),3(0)], numOfContainers=3, numOfBlocks=553
2019-06-14 09:10:10,556 INFO  commandhandler.DeleteBlocksCommandHandler (DeleteBlocksCommandHandler.java:handle(106)) - Start to delete container blocks, TXIDs=[1(0),2(0),3(0)], numOfContainers=3, numOfBlocks=553
2019-06-14 09:10:10,557 INFO  commandhandler.DeleteBlocksCommandHandler (DeleteBlocksCommandHandler.java:handle(106)) - Start to delete container blocks, TXIDs=[1(0),2(0),3(0)], numOfContainers=3, numOfBlocks=553
2019-06-14 09:10:10,558 INFO  commandhandler.DeleteBlocksCommandHandler (DeleteBlocksCommandHandler.java:handle(106)) - Start to delete container blocks, TXIDs=[1(0),2(0),3(0)], numOfContainers=3, numOfBlocks=553
2019-06-14 09:10:10,559 INFO  commandhandler.DeleteBlocksCommandHandler (DeleteBlocksCommandHandler.java:handle(106)) - Start to delete container blocks, TXIDs=[1(0),2(0),3(0)], numOfContainers=3, numOfBlocks=553
2019-06-14 09:10:10,560 INFO  commandhandler.DeleteBlocksCommandHandler (DeleteBlocksCommandHandler.java:handle(106)) - Start to delete container blocks, TXIDs=[1(0),2(0),3(0)], numOfContainers=3, numOfBlocks=553
2019-06-14 09:10:10,561 INFO  commandhandler.DeleteBlocksCommandHandler (DeleteBlocksCommandHandler.java:handle(106)) - Start to delete container blocks, TXIDs=[1(0),2(0),3(0)], numOfContainers=3, numOfBlocks=553
2019-06-14 09:10:10,562 INFO  commandhandler.DeleteBlocksCommandHandler (DeleteBlocksCommandHandler.java:handle(106)) - Start to delete container blocks, TXIDs=[1(0),2(0),3(0)], numOfContainers=3, numOfBlocks=553
2019-06-14 09:10:10,563 INFO  commandhandler.DeleteBlocksCommandHandler (DeleteBlocksCommandHandler.java:handle(106)) - Start to delete container blocks, TXIDs=[1(0),2(0),3(0)], numOfContainers=3, numOfBlocks=553
2019-06-14 09:10:10,564 INFO  commandhandler.DeleteBlocksCommandHandler (DeleteBlocksCommandHandler.java:handle(106)) - Start to delete container blocks, TXIDs=[1(0),2(0),3(0)], numOfContainers=3, numOfBlocks=553
2019-06-14 09:10:10,565 INFO  commandhandler.DeleteBlocksCommandHandler (DeleteBlocksCommandHandler.java:handle(106)) - Start to delete container blocks, TXIDs=[1(0),2(0),3(0)], numOfContainers=3, numOfBlocks=553
2019-06-14 09:10:10,566 INFO  commandhandler.DeleteBlocksCommandHandler (DeleteBlocksCommandHandler.java:handle(106)) - Start to delete container blocks, TXIDs=[1(0),2(0),3(0)], numOfContainers=3, numOfBlocks=553
2019-06-14 09:10:10,567 INFO  commandhandler.DeleteBlocksCommandHandler (DeleteBlocksCommandHandler.java:handle(106)) - Start to delete container blocks, TXIDs=[1(0),2(0),3(0)], numOfContainers=3, numOfBlocks=553
2019-06-14 09:10:10,567 INFO  commands.RetriableDatanodeEventWatcher (RetriableDatanodeEventWatcher.java:onTimeout(47)) - RetriableDatanodeCommand type=deleteBlocksCommand with id=1560503399463 timed out. Retrying.
2019-06-14 09:10:10,568 INFO  commandhandler.DeleteBlocksCommandHandler (DeleteBlocksCommandHandler.java:handle(106)) - Start to delete container blocks, TXIDs=[1(0),2(0),3(0)], numOfContainers=3, numOfBlocks=553
2019-06-14 09:10:10,569 INFO  commandhandler.DeleteBlocksCommandHandler (DeleteBlocksCommandHandler.java:handle(106)) - Start to delete container blocks, TXIDs=[1(0),2(0),3(0)], numOfContainers=3, numOfBlocks=553
2019-06-14 09:10:10,570 INFO  commandhandler.DeleteBlocksCommandHandler (DeleteBlocksCommandHandler.java:handle(106)) - Start to delete container blocks, TXIDs=[1(0),2(0),3(0)], numOfContainers=3, numOfBlocks=553
2019-06-14 09:10:10,571 INFO  commandhandler.DeleteBlocksCommandHandler (DeleteBlocksCommandHandler.java:handle(106)) - Start to delete container blocks, TXIDs=[1(0),2(0),3(0)], numOfContainers=3, numOfBlocks=553
2019-06-14 09:10:10,571 INFO  commands.RetriableDatanodeEventWatcher (RetriableDatanodeEventWatcher.java:onTimeout(47)) - RetriableDatanodeCommand type=deleteBlocksCommand with id=1560503399473 timed out. Retrying.
2019-06-14 09:10:10,571 INFO  commands.RetriableDatanodeEventWatcher (RetriableDatanodeEventWatcher.java:onTimeout(47)) - RetriableDatanodeCommand type=deleteBlocksCommand with id=1560503399552 timed out. Retrying.
2019-06-14 09:10:10,572 INFO  commandhandler.DeleteBlocksCommandHandler (DeleteBlocksCommandHandler.java:handle(106)) - Start to delete container blocks, TXIDs=[1(0),2(0),3(0)], numOfContainers=3, numOfBlocks=553
2019-06-14 09:10:10,573 INFO  commandhandler.DeleteBlocksCommandHandler (DeleteBlocksCommandHandler.java:handle(106)) - Start to delete container blocks, TXIDs=[1(0),2(0),3(0)], numOfContainers=3, numOfBlocks=553
2019-06-14 09:10:10,573 INFO  commandhandler.DeleteBlocksCommandHandler (DeleteBlocksCommandHandler.java:handle(106)) - Start to delete container blocks, TXIDs=[1(0),2(0),3(0)], numOfContainers=3, numOfBlocks=553
2019-06-14 09:10:10,574 INFO  commandhandler.DeleteBlocksCommandHandler (DeleteBlocksCommandHandler.java:handle(106)) - Start to delete container blocks, TXIDs=[1(0),2(0),3(0)], numOfContainers=3, numOfBlocks=553
2019-06-14 09:10:10,575 INFO  commandhandler.DeleteBlocksCommandHandler (DeleteBlocksCommandHandler.java:handle(106)) - Start to delete container blocks, TXIDs=[1(0),2(0),3(0)], numOfContainers=3, numOfBlocks=553
2019-06-14 09:10:10,576 INFO  commandhandler.DeleteBlocksCommandHandler (DeleteBlocksCommandHandler.java:handle(106)) - Start to delete container blocks, TXIDs=[1(0),2(0),3(0)], numOfContainers=3, numOfBlocks=553
2019-06-14 09:10:10,577 INFO  commandhandler.DeleteBlocksCommandHandler (DeleteBlocksCommandHandler.java:handle(106)) - Start to delete container blocks, TXIDs=[1(0),2(0),3(0)], numOfContainers=3, numOfBlocks=553
2019-06-14 09:10:10,578 INFO  commandhandler.DeleteBlocksCommandHandler (DeleteBlocksCommandHandler.java:handle(106)) - Start to delete container blocks, TXIDs=[1(0),2(0),3(0)], numOfContainers=3, numOfBlocks=553
2019-06-14 09:10:10,579 INFO  commandhandler.DeleteBlocksCommandHandler (DeleteBlocksCommandHandler.java:handle(106)) - Start to delete container blocks, TXIDs=[1(0),2(0),3(0)], numOfContainers=3, numOfBlocks=553
2019-06-14 09:10:10,580 INFO  commandhandler.DeleteBlocksCommandHandler (DeleteBlocksCommandHandler.java:handle(106)) - Start to delete container blocks, TXIDs=[1(0),2(0),3(0)], numOfContainers=3, numOfBlocks=553
2019-06-14 09:10:10,581 INFO  commands.RetriableDatanodeEventWatcher (RetriableDatanodeEventWatcher.java:onTimeout(47)) - RetriableDatanodeCommand type=deleteBlocksCommand with id=1560503399483 timed out. Retrying.
2019-06-14 09:10:10,581 INFO  commandhandler.DeleteBlocksCommandHandler (DeleteBlocksCommandHandler.java:handle(106)) - Start to delete container blocks, TXIDs=[1(0),2(0),3(0)], numOfContainers=3, numOfBlocks=553
2019-06-14 09:10:10,582 INFO  commandhandler.DeleteBlocksCommandHandler (DeleteBlocksCommandHandler.java:handle(106)) - Start to delete container blocks, TXIDs=[1(0),2(0),3(0)], numOfContainers=3, numOfBlocks=553
2019-06-14 09:10:10,583 INFO  commandhandler.DeleteBlocksCommandHandler (DeleteBlocksCommandHandler.java:handle(106)) - Start to delete container blocks, TXIDs=[1(0),2(0),3(0)], numOfContainers=3, numOfBlocks=553
2019-06-14 09:10:10,584 INFO  commandhandler.DeleteBlocksCommandHandler (DeleteBlocksCommandHandler.java:handle(106)) - Start to delete container blocks, TXIDs=[1(0),2(0),3(0)], numOfContainers=3, numOfBlocks=553
2019-06-14 09:10:10,585 INFO  commandhandler.DeleteBlocksCommandHandler (DeleteBlocksCommandHandler.java:handle(106)) - Start to delete container blocks, TXIDs=[1(0),2(0),3(0)], numOfContainers=3, numOfBlocks=553
2019-06-14 09:10:10,586 INFO  commandhandler.DeleteBlocksCommandHandler (DeleteBlocksCommandHandler.java:handle(106)) - Start to delete container blocks, TXIDs=[1(0),2(0),3(0)], numOfContainers=3, numOfBlocks=553
2019-06-14 09:10:10,587 INFO  commandhandler.DeleteBlocksCommandHandler (DeleteBlocksCommandHandler.java:handle(106)) - Start to delete container blocks, TXIDs=[1(0),2(0),3(0)], numOfContainers=3, numOfBlocks=553
2019-06-14 09:10:10,587 INFO  commands.RetriableDatanodeEventWatcher (RetriableDatanodeEventWatcher.java:onTimeout(47)) - RetriableDatanodeCommand type=deleteBlocksCommand with id=1560503399562 timed out. Retrying.
2019-06-14 09:10:10,588 INFO  commandhandler.DeleteBlocksCommandHandler (DeleteBlocksCommandHandler.java:handle(106)) - Start to delete container blocks, TXIDs=[1(0),2(0),3(0)], numOfContainers=3, numOfBlocks=553
2019-06-14 09:10:10,589 INFO  commandhandler.DeleteBlocksCommandHandler (DeleteBlocksCommandHandler.java:handle(106)) - Start to delete container blocks, TXIDs=[1(0),2(0),3(0)], numOfContainers=3, numOfBlocks=553
2019-06-14 09:10:10,590 INFO  commandhandler.DeleteBlocksCommandHandler (DeleteBlocksCommandHandler.java:handle(106)) - Start to delete container blocks, TXIDs=[1(0),2(0),3(0)], numOfContainers=3, numOfBlocks=553
2019-06-14 09:10:10,590 INFO  commandhandler.DeleteBlocksCommandHandler (DeleteBlocksCommandHandler.java:handle(106)) - Start to delete container blocks, TXIDs=[1(0),2(0),3(0)], numOfContainers=3, numOfBlocks=553
2019-06-14 09:10:10,591 INFO  commandhandler.DeleteBlocksCommandHandler (DeleteBlocksCommandHandler.java:handle(106)) - Start to delete container blocks, TXIDs=[1(0),2(0),3(0)], numOfContainers=3, numOfBlocks=553
2019-06-14 09:10:10,592 INFO  commandhandler.DeleteBlocksCommandHandler (DeleteBlocksCommandHandler.java:handle(106)) - Start to delete container blocks, TXIDs=[1(0),2(0),3(0)], numOfContainers=3, numOfBlocks=553
2019-06-14 09:10:10,593 INFO  commands.RetriableDatanodeEventWatcher (RetriableDatanodeEventWatcher.java:onTimeout(47)) - RetriableDatanodeCommand type=deleteBlocksCommand with id=1560503399493 timed out. Retrying.
2019-06-14 09:10:10,594 INFO  commandhandler.DeleteBlocksCommandHandler (DeleteBlocksCommandHandler.java:handle(106)) - Start to delete container blocks, TXIDs=[1(0),2(0),3(0)], numOfContainers=3, numOfBlocks=553
2019-06-14 09:10:10,597 INFO  commandhandler.DeleteBlocksCommandHandler (DeleteBlocksCommandHandler.java:handle(106)) - Start to delete container blocks, TXIDs=[1(0),2(0),3(0)], numOfContainers=3, numOfBlocks=553
2019-06-14 09:10:10,598 INFO  commandhandler.DeleteBlocksCommandHandler (DeleteBlocksCommandHandler.java:handle(106)) - Start to delete container blocks, TXIDs=[1(0),2(0),3(0)], numOfContainers=3, numOfBlocks=553
2019-06-14 09:10:10,599 INFO  commandhandler.DeleteBlocksCommandHandler (DeleteBlocksCommandHandler.java:handle(106)) - Start to delete container blocks, TXIDs=[1(0),2(0),3(0)], numOfContainers=3, numOfBlocks=553
2019-06-14 09:10:10,599 INFO  commandhandler.DeleteBlocksCommandHandler (DeleteBlocksCommandHandler.java:handle(106)) - Start to delete container blocks, TXIDs=[1(0),2(0),3(0)], numOfContainers=3, numOfBlocks=553
2019-06-14 09:10:10,600 INFO  commandhandler.DeleteBlocksCommandHandler (DeleteBlocksCommandHandler.java:handle(106)) - Start to delete container blocks, TXIDs=[1(0),2(0),3(0)], numOfContainers=3, numOfBlocks=553
2019-06-14 09:10:10,602 INFO  commandhandler.DeleteBlocksCommandHandler (DeleteBlocksCommandHandler.java:handle(106)) - Start to delete container blocks, TXIDs=[1(0),2(0),3(0)], numOfContainers=3, numOfBlocks=553
2019-06-14 09:10:10,602 INFO  commandhandler.DeleteBlocksCommandHandler (DeleteBlocksCommandHandler.java:handle(106)) - Start to delete container blocks, TXIDs=[1(0),2(0),3(0)], numOfContainers=3, numOfBlocks=553
2019-06-14 09:10:10,603 INFO  commandhandler.DeleteBlocksCommandHandler (DeleteBlocksCommandHandler.java:handle(106)) - Start to delete container blocks, TXIDs=[1(0),2(0),3(0)], numOfContainers=3, numOfBlocks=553
2019-06-14 09:10:10,604 INFO  commandhandler.DeleteBlocksCommandHandler (DeleteBlocksCommandHandler.java:handle(106)) - Start to delete container blocks, TXIDs=[1(0),2(0),3(0)], numOfContainers=3, numOfBlocks=553
2019-06-14 09:10:10,606 INFO  commandhandler.DeleteBlocksCommandHandler (DeleteBlocksCommandHandler.java:handle(106)) - Start to delete container blocks, TXIDs=[1(0),2(0),3(0)], numOfContainers=3, numOfBlocks=553
2019-06-14 09:10:10,607 INFO  commandhandler.DeleteBlocksCommandHandler (DeleteBlocksCommandHandler.java:handle(106)) - Start to delete container blocks, TXIDs=[1(0),2(0),3(0)], numOfContainers=3, numOfBlocks=553
2019-06-14 09:10:10,607 DEBUG block.DeletedBlockLogImpl (DeletedBlockLogImpl.java:isTransactionFailed(245)) - Got block deletion ACK from datanode, TXIDs=1, success=true
2019-06-14 09:10:10,608 INFO  commandhandler.DeleteBlocksCommandHandler (DeleteBlocksCommandHandler.java:handle(106)) - Start to delete container blocks, TXIDs=[1(0),2(0),3(0)], numOfContainers=3, numOfBlocks=553
2019-06-14 09:10:10,608 DEBUG block.DeletedBlockLogImpl (DeletedBlockLogImpl.java:commitTransactions(227)) - Purging txId=1 from block deletion log
2019-06-14 09:10:10,608 DEBUG block.DeletedBlockLogImpl (DeletedBlockLogImpl.java:commitTransactions(231)) - Datanode txId=1 containerId=#1 committed by dnId=e6065258-5a2c-4a72-9f81-ed1321f551ca
2019-06-14 09:10:10,608 DEBUG block.DeletedBlockLogImpl (DeletedBlockLogImpl.java:isTransactionFailed(245)) - Got block deletion ACK from datanode, TXIDs=2, success=true
2019-06-14 09:10:10,608 DEBUG block.DeletedBlockLogImpl (DeletedBlockLogImpl.java:commitTransactions(227)) - Purging txId=2 from block deletion log
2019-06-14 09:10:10,608 DEBUG block.DeletedBlockLogImpl (DeletedBlockLogImpl.java:commitTransactions(231)) - Datanode txId=2 containerId=#2 committed by dnId=e6065258-5a2c-4a72-9f81-ed1321f551ca
2019-06-14 09:10:10,608 DEBUG block.DeletedBlockLogImpl (DeletedBlockLogImpl.java:isTransactionFailed(245)) - Got block deletion ACK from datanode, TXIDs=3, success=true
2019-06-14 09:10:10,608 DEBUG block.DeletedBlockLogImpl (DeletedBlockLogImpl.java:commitTransactions(227)) - Purging txId=3 from block deletion log
2019-06-14 09:10:10,608 DEBUG block.DeletedBlockLogImpl (DeletedBlockLogImpl.java:commitTransactions(231)) - Datanode txId=3 containerId=#3 committed by dnId=e6065258-5a2c-4a72-9f81-ed1321f551ca
2019-06-14 09:10:10,609 DEBUG block.DeletedBlockLogImpl (DeletedBlockLogImpl.java:isTransactionFailed(245)) - Got block deletion ACK from datanode, TXIDs=1, success=true
DeletedBlockLogImpl.java:commitTransactions(205)) - 2019-06-14 09:10:10,609 Transaction txId=1 commit by dnId=e6065258-5a2c-4a72-9f81-ed1321f551ca for containerID=#1 failed. Corresponding entry not found.INFO  commandhandler.DeleteBlocksCommandHandler (
2019-06-14 09:10:10,609 DEBUG block.DeletedBlockLogImpl (DeleteBlocksCommandHandler.java:handle(106)) - Start to delete container blocks, TXIDs=[1(0),2(0),3(0)], numOfContainers=3, numOfBlocks=553
DeletedBlockLogImpl.java:isTransactionFailed(245)) - Got block deletion ACK from datanode, TXIDs=1, success=true
2019-06-14 09:10:10,609 INFO  commandhandler.DeleteBlocksCommandHandler (DeleteBlocksCommandHandler.java:handle(106)) - Start to delete container blocks, TXIDs=[1(0),2(0),3(0)], numOfContainers=3, numOfBlocks=553
2019-06-14 09:10:10,609 WARN  block.DeletedBlockLogImpl (DeletedBlockLogImpl.java:commitTransactions(205)) - Transaction txId=1 commit by dnId=e6065258-5a2c-4a72-9f81-ed1321f551ca for containerID=#1 failed. Corresponding entry not found.
2019-06-14 09:10:10,609 DEBUG block.DeletedBlockLogImpl (DeletedBlockLogImpl.java:isTransactionFailed(245)) - Got block deletion ACK from datanode, TXIDs=1, success=true
2019-06-14 09:10:10,609 WARN  block.DeletedBlockLogImpl (DeletedBlockLogImpl.java:commitTransactions(205)) - Transaction txId=1 commit by dnId=e6065258-5a2c-4a72-9f81-ed1321f551ca for containerID=#1 failed. Corresponding entry not found.
2019-06-14 09:10:10,609 DEBUG block.DeletedBlockLogImpl (DeletedBlockLogImpl.java:isTransactionFailed(245)) - Got block deletion ACK from datanode, TXIDs=1, success=true
2019-06-14 09:10:10,610 WARN  block.DeletedBlockLogImpl (DeletedBlockLogImpl.java:commitTransactions(205)) - Transaction txId=1 commit by dnId=e6065258-5a2c-4a72-9f81-ed1321f551ca for containerID=#1 failed. Corresponding entry not found.
2019-06-14 09:10:10,610 DEBUG block.DeletedBlockLogImpl (DeletedBlockLogImpl.java:isTransactionFailed(245)) - Got block deletion ACK from datanode, TXIDs=1, success=true
2019-06-14 09:10:10,610 WARN  block.DeletedBlockLogImpl (DeletedBlockLogImpl.java:commitTransactions(205)) - Transaction txId=1 commit by dnId=e6065258-5a2c-4a72-9f81-ed1321f551ca for containerID=#1 failed. Corresponding entry not found.
2019-06-14 09:10:10,610 DEBUG block.DeletedBlockLogImpl (DeletedBlockLogImpl.java:isTransactionFailed(245)) - Got block deletion ACK from datanode, TXIDs=1, success=true
2019-06-14 09:10:10,610 WARN  block.DeletedBlockLogImpl (DeletedBlockLogImpl.java:commitTransactions(205)) - Transaction txId=1 commit by dnId=e6065258-5a2c-4a72-9f81-ed1321f551ca for containerID=#1 failed. Corresponding entry not found.
2019-06-14 09:10:10,610 DEBUG block.DeletedBlockLogImpl (DeleteBlocksCommandHandler.java:handle(106)) - Start to delete container blocks, TXIDs=[1(0),2(0),3(0)], numOfContainers=3, numOfBlocks=553
DeletedBlockLogImpl.java:isTransactionFailed(245)) - Got block deletion ACK from datanode, TXIDs=1, success=true
2019-06-14 09:10:10,610 WARN  block.DeletedBlockLogImpl (DeletedBlockLogImpl.java:commitTransactions(205)) - Transaction txId=1 commit by dnId=e6065258-5a2c-4a72-9f81-ed1321f551ca for containerID=#1 failed. Corresponding entry not found.
2019-06-14 09:10:10,610 DEBUG block.DeletedBlockLogImpl (DeletedBlockLogImpl.java:isTransactionFailed(245)) - Got block deletion ACK from datanode, TXIDs=1, success=true
2019-06-14 09:10:10,610 WARN  block.DeletedBlockLogImpl (DeletedBlockLogImpl.java:commitTransactions(205)) - Transaction txId=1 commit by dnId=e6065258-5a2c-4a72-9f81-ed1321f551ca for containerID=#1 failed. Corresponding entry not found.
2019-06-14 09:10:10,610 DEBUG block.DeletedBlockLogImpl (DeletedBlockLogImpl.java:isTransactionFailed(245)) - Got block deletion ACK from datanode, TXIDs=1, success=true
2019-06-14 09:10:10,610 WARN  block.DeletedBlockLogImpl (DeletedBlockLogImpl.java:commitTransactions(205)) - Transaction txId=1 commit by dnId=e6065258-5a2c-4a72-9f81-ed1321f551ca for containerID=#1 failed. Corresponding entry not found.
2019-06-14 09:10:10,610 DEBUG block.DeletedBlockLogImpl (DeletedBlockLogImpl.java:isTransactionFailed(245)) - Got block deletion ACK from datanode, TXIDs=1, success=true
2019-06-14 09:10:10,611 WARN  block.DeletedBlockLogImpl (DeletedBlockLogImpl.java:commitTransactions(205)) - Transaction txId=1 commit by dnId=e6065258-5a2c-4a72-9f81-ed1321f551ca for containerID=#1 failed. Corresponding entry not found.
2019-06-14 09:10:10,611 DEBUG block.DeletedBlockLogImpl (DeletedBlockLogImpl.java:isTransactionFailed(245)) - Got block deletion ACK from datanode, TXIDs=1, success=true
2019-06-14 09:10:10,611 WARN  block.DeletedBlockLogImpl (DeletedBlockLogImpl.java:commitTransactions(205)) - Transaction txId=1 commit by dnId=e6065258-5a2c-4a72-9f81-ed1321f551ca for containerID=#1 failed. Corresponding entry not found.
2019-06-14 09:10:10,611 DEBUG block.DeletedBlockLogImpl (DeletedBlockLogImpl.java:isTransactionFailed(245)) - Got block deletion ACK from datanode, TXIDs=1, success=true
2019-06-14 09:10:10,611 WARN  block.DeletedBlockLogImpl (DeletedBlockLogImpl.java:commitTransactions(205)) - Transaction txId=1 commit by dnId=e6065258-5a2c-4a72-9f81-ed1321f551ca for containerID=#1 failed. Corresponding entry not found.
2019-06-14 09:10:10,611 DEBUG block.DeletedBlockLogImpl (DeletedBlockLogImpl.java:isTransactionFailed(245)) - Got block deletion ACK from datanode, TXIDs=1, success=true
2019-06-14 09:10:10,611 WARN  block.DeletedBlockLogImpl (DeletedBlockLogImpl.java:commitTransactions(205)) - Transaction txId=1 commit by dnId=e6065258-5a2c-4a72-9f81-ed1321f551ca for containerID=#1 failed. Corresponding entry not found.
2019-06-14 09:10:10,611 DEBUG block.DeletedBlockLogImpl (DeletedBlockLogImpl.java:isTransactionFailed(245)) - Got block deletion ACK from datanode, TXIDs=1, success=true
2019-06-14 09:10:10,611 WARN  block.DeletedBlockLogImpl (DeletedBlockLogImpl.java:commitTransactions(205)) - Transaction txId=1 commit by dnId=e6065258-5a2c-4a72-9f81-ed1321f551ca for containerID=#1 failed. Corresponding entry not found.
2019-06-14 09:10:10,611 DEBUG block.DeletedBlockLogImpl (DeletedBlockLogImpl.java:isTransactionFailed(245)) - Got block deletion ACK from datanode, TXIDs=1, success=true
2019-06-14 09:10:10,611 WARN  block.DeletedBlockLogImpl (DeletedBlockLogImpl.java:commitTransactions(205)) - Transaction txId=1 commit by dnId=e6065258-5a2c-4a72-9f81-ed1321f551ca for containerID=#1 failed. Corresponding entry not found.
2019-06-14 09:10:10,611 DEBUG block.DeletedBlockLogImpl (DeletedBlockLogImpl.java:isTransactionFailed(245)) - Got block deletion ACK from datanode, TXIDs=1, success=true
2019-06-14 09:10:10,611 WARN  block.DeletedBlockLogImpl (DeletedBlockLogImpl.java:commitTransactions(205)) - Transaction txId=1 commit by dnId=e6065258-5a2c-4a72-9f81-ed1321f551ca for containerID=#1 failed. Corresponding entry not found.
2019-06-14 09:10:10,611 DEBUG block.DeletedBlockLogImpl (DeletedBlockLogImpl.java:isTransactionFailed(245)) - Got block deletion ACK from datanode, TXIDs=1, success=true
2019-06-14 09:10:10,611 WARN  block.DeletedBlockLogImpl (DeletedBlockLogImpl.java:commitTransactions(205)) - Transaction txId=1 commit by dnId=e6065258-5a2c-4a72-9f81-ed1321f551ca for containerID=#1 failed. Corresponding entry not found.
2019-06-14 09:10:10,612 DEBUG block.DeletedBlockLogImpl (DeletedBlockLogImpl.java:isTransactionFailed(245)) - Got block deletion ACK from datanode, TXIDs=1, success=true
2019-06-14 09:10:10,612 WARN  block.DeletedBlockLogImpl (DeletedBlockLogImpl.java:commitTransactions(205)) - Transaction txId=1 commit by dnId=e6065258-5a2c-4a72-9f81-ed1321f551ca for containerID=#1 failed. Corresponding entry not found.
2019-06-14 09:10:10,612 DEBUG block.DeletedBlockLogImpl (DeletedBlockLogImpl.java:isTransactionFailed(245)) - Got block deletion ACK from datanode, TXIDs=1, success=true
2019-06-14 09:10:10,612 WARN  block.DeletedBlockLogImpl (DeletedBlockLogImpl.java:commitTransactions(205)) - Transaction txId=1 commit by dnId=e6065258-5a2c-4a72-9f81-ed1321f551ca for containerID=#1 failed. Corresponding entry not found.
2019-06-14 09:10:10,612 DEBUG block.DeletedBlockLogImpl (DeletedBlockLogImpl.java:isTransactionFailed(245)) - Got block deletion ACK from datanode, TXIDs=1, success=true
2019-06-14 09:10:10,612 WARN  block.DeletedBlockLogImpl (DeletedBlockLogImpl.java:commitTransactions(205)) - Transaction txId=1 commit by dnId=e6065258-5a2c-4a72-9f81-ed1321f551ca for containerID=#1 failed. Corresponding entry not found.
2019-06-14 09:10:10,612 DEBUG block.DeletedBlockLogImpl (DeletedBlockLogImpl.java:isTransactionFailed(245)) - Got block deletion ACK from datanode, TXIDs=1, success=true
2019-06-14 09:10:10,612 WARN  block.DeletedBlockLogImpl (DeletedBlockLogImpl.java:commitTransactions(205)) - Transaction txId=1 commit by dnId=e6065258-5a2c-4a72-9f81-ed1321f551ca for containerID=#1 failed. Corresponding entry not found.
2019-06-14 09:10:10,612 DEBUG block.DeletedBlockLogImpl (DeletedBlockLogImpl.java:isTransactionFailed(245)) - Got block deletion ACK from datanode, TXIDs=1, success=true
2019-06-14 09:10:10,612 WARN  block.DeletedBlockLogImpl (DeletedBlockLogImpl.java:commitTransactions(205)) - Transaction txId=1 commit by dnId=e6065258-5a2c-4a72-9f81-ed1321f551ca for containerID=#1 failed. Corresponding entry not found.
2019-06-14 09:10:10,612 DEBUG block.DeletedBlockLogImpl (DeletedBlockLogImpl.java:isTransactionFailed(245)) - Got block deletion ACK from datanode, TXIDs=1, success=true
2019-06-14 09:10:10,612 WARN  block.DeletedBlockLogImpl (DeletedBlockLogImpl.java:commitTransactions(205)) - Transaction txId=1 commit by dnId=e6065258-5a2c-4a72-9f81-ed1321f551ca for containerID=#1 failed. Corresponding entry not found.
2019-06-14 09:10:10,612 DEBUG block.DeletedBlockLogImpl (DeletedBlockLogImpl.java:isTransactionFailed(245)) - Got block deletion ACK from datanode, TXIDs=1, success=true
2019-06-14 09:10:10,612 WARN  block.DeletedBlockLogImpl (DeletedBlockLogImpl.java:commitTransactions(205)) - Transaction txId=1 commit by dnId=e6065258-5a2c-4a72-9f81-ed1321f551ca for containerID=#1 failed. Corresponding entry not found.
2019-06-14 09:10:10,612 DEBUG block.DeletedBlockLogImpl (DeletedBlockLogImpl.java:isTransactionFailed(245)) - Got block deletion ACK from datanode, TXIDs=1, success=true
2019-06-14 09:10:10,612 WARN  block.DeletedBlockLogImpl (DeletedBlockLogImpl.java:commitTransactions(205)) - Transaction txId=1 commit by dnId=e6065258-5a2c-4a72-9f81-ed1321f551ca for containerID=#1 failed. Corresponding entry not found.
2019-06-14 09:10:10,612 DEBUG block.DeletedBlockLogImpl (DeletedBlockLogImpl.java:isTransactionFailed(245)) - Got block deletion ACK from datanode, TXIDs=1, success=true
2019-06-14 09:10:10,613 WARN  block.DeletedBlockLogImpl (DeletedBlockLogImpl.java:commitTransactions(205)) - Transaction txId=1 commit by dnId=e6065258-5a2c-4a72-9f81-ed1321f551ca for containerID=#1 failed. Corresponding entry not found.
2019-06-14 09:10:10,613 DEBUG block.DeletedBlockLogImpl (DeletedBlockLogImpl.java:isTransactionFailed(245)) - Got block deletion ACK from datanode, TXIDs=1, success=true
2019-06-14 09:10:10,613 WARN  block.DeletedBlockLogImpl (DeletedBlockLogImpl.java:commitTransactions(205)) - Transaction txId=1 commit by dnId=e6065258-5a2c-4a72-9f81-ed1321f551ca for containerID=#1 failed. Corresponding entry not found.
2019-06-14 09:10:10,613 DEBUG block.DeletedBlockLogImpl (DeletedBlockLogImpl.java:isTransactionFailed(245)) - Got block deletion ACK from datanode, TXIDs=1, success=true
2019-06-14 09:10:10,613 WARN  block.DeletedBlockLogImpl (DeletedBlockLogImpl.java:commitTransactions(205)) - Transaction txId=1 commit by dnId=e6065258-5a2c-4a72-9f81-ed1321f551ca for containerID=#1 failed. Corresponding entry not found.
2019-06-14 09:10:10,613 DEBUG block.DeletedBlockLogImpl (DeletedBlockLogImpl.java:isTransactionFailed(245)) - Got block deletion ACK from datanode, TXIDs=1, success=true
2019-06-14 09:10:10,613 WARN  block.DeletedBlockLogImpl (DeletedBlockLogImpl.java:commitTransactions(205)) - Transaction txId=1 commit by dnId=e6065258-5a2c-4a72-9f81-ed1321f551ca for containerID=#1 failed. Corresponding entry not found.
2019-06-14 09:10:10,613 DEBUG block.DeletedBlockLogImpl (DeletedBlockLogImpl.java:isTransactionFailed(245)) - Got block deletion ACK from datanode, TXIDs=1, success=true
2019-06-14 09:10:10,613 WARN  block.DeletedBlockLogImpl (DeletedBlockLogImpl.java:commitTransactions(205)) - Transaction txId=1 commit by dnId=e6065258-5a2c-4a72-9f81-ed1321f551ca for containerID=#1 failed. Corresponding entry not found.
2019-06-14 09:10:10,613 DEBUG block.DeletedBlockLogImpl (DeletedBlockLogImpl.java:isTransactionFailed(245)) - Got block deletion ACK from datanode, TXIDs=1, success=true
2019-06-14 09:10:10,613 WARN  block.DeletedBlockLogImpl (DeletedBlockLogImpl.java:commitTransactions(205)) - Transaction txId=1 commit by dnId=e6065258-5a2c-4a72-9f81-ed1321f551ca for containerID=#1 failed. Corresponding entry not found.
2019-06-14 09:10:10,613 DEBUG block.DeletedBlockLogImpl (DeletedBlockLogImpl.java:isTransactionFailed(245)) - Got block deletion ACK from datanode, TXIDs=1, success=true
2019-06-14 09:10:10,610 INFO  commandhandler.DeleteBlocksCommandHandler (DeleteBlocksCommandHandler.java:handle(106)) - Start to delete container blocks, TXIDs=[1(0),2(0),3(0)], numOfContainers=3, numOfBlocks=553
2019-06-14 09:10:10,617 DEBUG block.SCMBlockDeletingService (SCMBlockDeletingService.java:call(138)) - Running DeletedBlockTransactionScanner
2019-06-14 09:10:10,625 WARN  block.DeletedBlockLogImpl (DeletedBlockLogImpl.java:commitTransactions(205)) - Transaction txId=1 commit by dnId=e6065258-5a2c-4a72-9f81-ed1321f551ca for containerID=#1 failed. Corresponding entry not found.
2019-06-14 09:10:10,626 DEBUG block.DeletedBlockLogImpl (DeletedBlockLogImpl.java:isTransactionFailed(245)) - Got block deletion ACK from datanode, TXIDs=1, success=true
2019-06-14 09:10:10,626 WARN  block.DeletedBlockLogImpl (DeletedBlockLogImpl.java:commitTransactions(205)) - Transaction txId=1 commit by dnId=e6065258-5a2c-4a72-9f81-ed1321f551ca for containerID=#1 failed. Corresponding entry not found.
2019-06-14 09:10:10,626 DEBUG block.DeletedBlockLogImpl (DeletedBlockLogImpl.java:isTransactionFailed(245)) - Got block deletion ACK from datanode, TXIDs=1, success=true
2019-06-14 09:10:10,626 WARN  block.DeletedBlockLogImpl (DeletedBlockLogImpl.java:commitTransactions(205)) - Transaction txId=1 commit by dnId=e6065258-5a2c-4a72-9f81-ed1321f551ca for containerID=#1 failed. Corresponding entry not found.
2019-06-14 09:10:10,626 DEBUG block.DeletedBlockLogImpl (DeletedBlockLogImpl.java:isTransactionFailed(245)) - Got block deletion ACK from datanode, TXIDs=1, success=true
2019-06-14 09:10:10,626 WARN  block.DeletedBlockLogImpl (DeletedBlockLogImpl.java:commitTransactions(205)) - Transaction txId=1 commit by dnId=e6065258-5a2c-4a72-9f81-ed1321f551ca for containerID=#1 failed. Corresponding entry not found.
2019-06-14 09:10:10,626 DEBUG block.DeletedBlockLogImpl (DeletedBlockLogImpl.java:isTransactionFailed(245)) - Got block deletion ACK from datanode, TXIDs=1, success=true
2019-06-14 09:10:10,626 WARN  block.DeletedBlockLogImpl (DeletedBlockLogImpl.java:commitTransactions(205)) - Transaction txId=1 commit by dnId=e6065258-5a2c-4a72-9f81-ed1321f551ca for containerID=#1 failed. Corresponding entry not found.
2019-06-14 09:10:10,626 DEBUG block.DeletedBlockLogImpl (DeletedBlockLogImpl.java:isTransactionFailed(245)) - Got block deletion ACK from datanode, TXIDs=1, success=true
2019-06-14 09:10:10,626 WARN  block.DeletedBlockLogImpl (DeletedBlockLogImpl.java:commitTransactions(205)) - Transaction txId=1 commit by dnId=e6065258-5a2c-4a72-9f81-ed1321f551ca for containerID=#1 failed. Corresponding entry not found.
2019-06-14 09:10:10,626 DEBUG block.DeletedBlockLogImpl (DeletedBlockLogImpl.java:isTransactionFailed(245)) - Got block deletion ACK from datanode, TXIDs=1, success=true
2019-06-14 09:10:10,626 WARN  block.DeletedBlockLogImpl (DeletedBlockLogImpl.java:commitTransactions(205)) - Transaction txId=1 commit by dnId=e6065258-5a2c-4a72-9f81-ed1321f551ca for containerID=#1 failed. Corresponding entry not found.
2019-06-14 09:10:10,626 DEBUG block.DeletedBlockLogImpl (DeletedBlockLogImpl.java:isTransactionFailed(245)) - Got block deletion ACK from datanode, TXIDs=1, success=true
2019-06-14 09:10:10,626 WARN  block.DeletedBlockLogImpl (DeletedBlockLogImpl.java:commitTransactions(205)) - Transaction txId=1 commit by dnId=e6065258-5a2c-4a72-9f81-ed1321f551ca for containerID=#1 failed. Corresponding entry not found.
2019-06-14 09:10:10,626 DEBUG block.DeletedBlockLogImpl (DeletedBlockLogImpl.java:isTransactionFailed(245)) - Got block deletion ACK from datanode, TXIDs=1, success=true
2019-06-14 09:10:10,627 INFO  commandhandler.DeleteBlocksCommandHandler (DeletedBlockLogImpl.java:commitTransactions(205)) - Transaction txId=1 commit by dnId=e6065258-5a2c-4a72-9f81-ed1321f551ca for containerID=#1 failed. Corresponding entry not found.
2019-06-14 09:10:10,627 DEBUG block.DeletedBlockLogImpl (DeleteBlocksCommandHandler.java:handle(106)) - Start to delete container blocks, TXIDs=[1(0),2(0),3(0)], numOfContainers=3, numOfBlocks=553
DeletedBlockLogImpl.java:isTransactionFailed(245)) - Got block deletion ACK from datanode, TXIDs=1, success=true
2019-06-14 09:10:10,627 WARN  block.DeletedBlockLogImpl (DeletedBlockLogImpl.java:commitTransactions(205)) - Transaction txId=1 commit by dnId=e6065258-5a2c-4a72-9f81-ed1321f551ca for containerID=#1 failed. Corresponding entry not found.
2019-06-14 09:10:10,627 INFO  commandhandler.DeleteBlocksCommandHandler (DeleteBlocksCommandHandler.java:handle(106)) - Start to delete container blocks, TXIDs=[1(0),2(0),3(0)], numOfContainers=3, numOfBlocks=553
2019-06-14 09:10:10,627 DEBUG block.DeletedBlockLogImpl (DeletedBlockLogImpl.java:isTransactionFailed(245)) - Got block deletion ACK from datanode, TXIDs=1, success=true
2019-06-14 09:10:10,627 WARN  block.DeletedBlockLogImpl (DeletedBlockLogImpl.java:commitTransactions(205)) - Transaction txId=1 commit by dnId=e6065258-5a2c-4a72-9f81-ed1321f551ca for containerID=#1 failed. Corresponding entry not found.
2019-06-14 09:10:10,627 DEBUG block.DeletedBlockLogImpl (DeletedBlockLogImpl.java:isTransactionFailed(245)) - Got block deletion ACK from datanode, TXIDs=1, success=true
2019-06-14 09:10:10,627 WARN  block.DeletedBlockLogImpl (DeletedBlockLogImpl.java:commitTransactions(205)) - Transaction txId=1 commit by dnId=e6065258-5a2c-4a72-9f81-ed1321f551ca for containerID=#1 failed. Corresponding entry not found.
2019-06-14 09:10:10,627 DEBUG block.DeletedBlockLogImpl (DeletedBlockLogImpl.java:isTransactionFailed(245)) - Got block deletion ACK from datanode, TXIDs=1, success=true
2019-06-14 09:10:10,627 WARN  block.DeletedBlockLogImpl (DeletedBlockLogImpl.java:commitTransactions(205)) - Transaction txId=1 commit by dnId=e6065258-5a2c-4a72-9f81-ed1321f551ca for containerID=#1 failed. Corresponding entry not found.
2019-06-14 09:10:10,627 DEBUG block.DeletedBlockLogImpl (DeletedBlockLogImpl.java:isTransactionFailed(245)) - Got block deletion ACK from datanode, TXIDs=1, success=true
2019-06-14 09:10:10,627 WARN  block.DeletedBlockLogImpl (DeletedBlockLogImpl.java:commitTransactions(205)) - Transaction txId=1 commit by dnId=e6065258-5a2c-4a72-9f81-ed1321f551ca for containerID=#1 failed. Corresponding entry not found.
2019-06-14 09:10:10,627 DEBUG block.DeletedBlockLogImpl (DeletedBlockLogImpl.java:isTransactionFailed(245)) - Got block deletion ACK from datanode, TXIDs=1, success=true
2019-06-14 09:10:10,627 WARN  block.DeletedBlockLogImpl (DeletedBlockLogImpl.java:commitTransactions(205)) - Transaction txId=1 commit by dnId=e6065258-5a2c-4a72-9f81-ed1321f551ca for containerID=#1 failed. Corresponding entry not found.
2019-06-14 09:10:10,627 DEBUG block.DeletedBlockLogImpl (DeletedBlockLogImpl.java:isTransactionFailed(245)) - Got block deletion ACK from datanode, TXIDs=1, success=true
2019-06-14 09:10:10,627 WARN  block.DeletedBlockLogImpl (DeletedBlockLogImpl.java:commitTransactions(205)) - Transaction txId=1 commit by dnId=e6065258-5a2c-4a72-9f81-ed1321f551ca for containerID=#1 failed. Corresponding entry not found.
2019-06-14 09:10:10,627 DEBUG block.DeletedBlockLogImpl (DeletedBlockLogImpl.java:isTransactionFailed(245)) - Got block deletion ACK from datanode, TXIDs=1, success=true
2019-06-14 09:10:10,627 WARN  block.DeletedBlockLogImpl (DeletedBlockLogImpl.java:commitTransactions(205)) - Transaction txId=1 commit by dnId=e6065258-5a2c-4a72-9f81-ed1321f551ca for containerID=#1 failed. Corresponding entry not found.
2019-06-14 09:10:10,627 DEBUG block.DeletedBlockLogImpl (DeletedBlockLogImpl.java:isTransactionFailed(245)) - Got block deletion ACK from datanode, TXIDs=1, success=true
2019-06-14 09:10:10,628 WARN  block.DeletedBlockLogImpl (DeletedBlockLogImpl.java:commitTransactions(205)) - Transaction txId=1 commit by dnId=e6065258-5a2c-4a72-9f81-ed1321f551ca for containerID=#1 failed. Corresponding entry not found.
2019-06-14 09:10:10,628 DEBUG block.DeletedBlockLogImpl (DeletedBlockLogImpl.java:isTransactionFailed(245)) - Got block deletion ACK from datanode, TXIDs=1, success=true
2019-06-14 09:10:10,628 INFO  commandhandler.DeleteBlocksCommandHandler (DeletedBlockLogImpl.java:commitTransactions(205)) - Transaction txId=1 commit by dnId=e6065258-5a2c-4a72-9f81-ed1321f551ca for containerID=#1 failed. Corresponding entry not found.
2019-06-14 09:10:10,628 DEBUG block.DeletedBlockLogImpl (DeleteBlocksCommandHandler.java:handle(106)) - Start to delete container blocks, TXIDs=[1(0),2(0),3(0)], numOfContainers=3, numOfBlocks=553
DeletedBlockLogImpl.java:isTransactionFailed(245)) - Got block deletion ACK from datanode, TXIDs=1, success=true
2019-06-14 09:10:10,628 WARN  block.DeletedBlockLogImpl (DeletedBlockLogImpl.java:commitTransactions(205)) - Transaction txId=1 commit by dnId=e6065258-5a2c-4a72-9f81-ed1321f551ca for containerID=#1 failed. Corresponding entry not found.
2019-06-14 09:10:10,628 DEBUG block.DeletedBlockLogImpl (DeletedBlockLogImpl.java:isTransactionFailed(245)) - Got block deletion ACK from datanode, TXIDs=1, success=true
2019-06-14 09:10:10,628 WARN  block.DeletedBlockLogImpl (DeletedBlockLogImpl.java:commitTransactions(205)) - Transaction txId=1 commit by dnId=e6065258-5a2c-4a72-9f81-ed1321f551ca for containerID=#1 failed. Corresponding entry not found.
2019-06-14 09:10:10,628 DEBUG block.DeletedBlockLogImpl (DeletedBlockLogImpl.java:isTransactionFailed(245)) - Got block deletion ACK from datanode, TXIDs=1, success=true
2019-06-14 09:10:10,628 WARN  block.DeletedBlockLogImpl (DeletedBlockLogImpl.java:commitTransactions(205)) - Transaction txId=1 commit by dnId=e6065258-5a2c-4a72-9f81-ed1321f551ca for containerID=#1 failed. Corresponding entry not found.
2019-06-14 09:10:10,628 DEBUG block.DeletedBlockLogImpl (DeletedBlockLogImpl.java:isTransactionFailed(245)) - Got block deletion ACK from datanode, TXIDs=1, success=true
2019-06-14 09:10:10,628 WARN  block.DeletedBlockLogImpl (DeletedBlockLogImpl.java:commitTransactions(205)) - Transaction txId=1 commit by dnId=e6065258-5a2c-4a72-9f81-ed1321f551ca for containerID=#1 failed. Corresponding entry not found.
2019-06-14 09:10:10,628 DEBUG block.DeletedBlockLogImpl (DeletedBlockLogImpl.java:isTransactionFailed(245)) - Got block deletion ACK from datanode, TXIDs=1, success=true
2019-06-14 09:10:10,628 WARN  block.DeletedBlockLogImpl (DeletedBlockLogImpl.java:commitTransactions(205)) - Transaction txId=1 commit by dnId=e6065258-5a2c-4a72-9f81-ed1321f551ca for containerID=#1 failed. Corresponding entry not found.
2019-06-14 09:10:10,628 DEBUG block.DeletedBlockLogImpl (DeletedBlockLogImpl.java:isTransactionFailed(245)) - Got block deletion ACK from datanode, TXIDs=1, success=true
2019-06-14 09:10:10,628 WARN  block.DeletedBlockLogImpl (DeletedBlockLogImpl.java:commitTransactions(205)) - Transaction txId=1 commit by dnId=e6065258-5a2c-4a72-9f81-ed1321f551ca for containerID=#1 failed. Corresponding entry not found.
2019-06-14 09:10:10,628 DEBUG block.DeletedBlockLogImpl (DeletedBlockLogImpl.java:isTransactionFailed(245)) - Got block deletion ACK from datanode, TXIDs=1, success=true
2019-06-14 09:10:10,628 WARN  block.DeletedBlockLogImpl (DeletedBlockLogImpl.java:commitTransactions(205)) - Transaction txId=1 commit by dnId=e6065258-5a2c-4a72-9f81-ed1321f551ca for containerID=#1 failed. Corresponding entry not found.
2019-06-14 09:10:10,629 DEBUG block.SCMBlockDeletingService (SCMBlockDeletingService.java:call(155)) - Scanned deleted blocks log and got 0 delTX to process.
2019-06-14 09:10:10,628 INFO  commandhandler.DeleteBlocksCommandHandler (DeleteBlocksCommandHandler.java:handle(106)) - Start to delete container blocks, TXIDs=[1(0),2(0),3(0)], numOfContainers=3, numOfBlocks=553
2019-06-14 09:10:10,634 INFO  commandhandler.DeleteBlocksCommandHandler (DeleteBlocksCommandHandler.java:handle(106)) - Start to delete container blocks, TXIDs=[1(0),2(0),3(0)], numOfContainers=3, numOfBlocks=553
2019-06-14 09:10:10,635 INFO  commandhandler.DeleteBlocksCommandHandler (DeleteBlocksCommandHandler.java:handle(106)) - Start to delete container blocks, TXIDs=[1(0),2(0),3(0)], numOfContainers=3, numOfBlocks=553
2019-06-14 09:10:10,636 INFO  commands.RetriableDatanodeEventWatcher (RetriableDatanodeEventWatcher.java:onTimeout(47)) - RetriableDatanodeCommand type=deleteBlocksCommand with id=1560503399523 timed out. Retrying.
2019-06-14 09:10:10,636 INFO  commandhandler.DeleteBlocksCommandHandler (DeleteBlocksCommandHandler.java:handle(106)) - Start to delete container blocks, TXIDs=[1(0),2(0),3(0)], numOfContainers=3, numOfBlocks=553
2019-06-14 09:10:10,637 INFO  commandhandler.DeleteBlocksCommandHandler (DeleteBlocksCommandHandler.java:handle(106)) - Start to delete container blocks, TXIDs=[1(0),2(0),3(0)], numOfContainers=3, numOfBlocks=553
2019-06-14 09:10:10,638 INFO  commandhandler.DeleteBlocksCommandHandler (DeleteBlocksCommandHandler.java:handle(106)) - Start to delete container blocks, TXIDs=[1(0),2(0),3(0)], numOfContainers=3, numOfBlocks=553
2019-06-14 09:10:10,639 INFO  commandhandler.DeleteBlocksCommandHandler (DeleteBlocksCommandHandler.java:handle(106)) - Start to delete container blocks, TXIDs=[1(0),2(0),3(0)], numOfContainers=3, numOfBlocks=553
2019-06-14 09:10:10,640 INFO  commandhandler.DeleteBlocksCommandHandler (DeleteBlocksCommandHandler.java:handle(106)) - Start to delete container blocks, TXIDs=[1(0),2(0),3(0)], numOfContainers=3, numOfBlocks=553
2019-06-14 09:10:10,641 INFO  commandhandler.DeleteBlocksCommandHandler (DeleteBlocksCommandHandler.java:handle(106)) - Start to delete container blocks, TXIDs=[1(0),2(0),3(0)], numOfContainers=3, numOfBlocks=553
2019-06-14 09:10:10,646 INFO  commandhandler.DeleteBlocksCommandHandler (DeleteBlocksCommandHandler.java:handle(106)) - Start to delete container blocks, TXIDs=[1(0),2(0),3(0)], numOfContainers=3, numOfBlocks=553
2019-06-14 09:10:10,647 INFO  commandhandler.DeleteBlocksCommandHandler (DeleteBlocksCommandHandler.java:handle(106)) - Start to delete container blocks, TXIDs=[1(0),2(0),3(0)], numOfContainers=3, numOfBlocks=553
2019-06-14 09:10:10,647 INFO  commandhandler.DeleteBlocksCommandHandler (DeleteBlocksCommandHandler.java:handle(106)) - Start to delete container blocks, TXIDs=[1(0),2(0),3(0)], numOfContainers=3, numOfBlocks=553
2019-06-14 09:10:10,648 INFO  commands.RetriableDatanodeEventWatcher (RetriableDatanodeEventWatcher.java:onTimeout(47)) - RetriableDatanodeCommand type=deleteBlocksCommand with id=1560503399533 timed out. Retrying.
2019-06-14 09:10:10,654 INFO  commandhandler.DeleteBlocksCommandHandler (DeleteBlocksCommandHandler.java:handle(106)) - Start to delete container blocks, TXIDs=[1(0),2(0),3(0)], numOfContainers=3, numOfBlocks=553
2019-06-14 09:10:10,655 INFO  commandhandler.DeleteBlocksCommandHandler (DeleteBlocksCommandHandler.java:handle(106)) - Start to delete container blocks, TXIDs=[1(0),2(0),3(0)], numOfContainers=3, numOfBlocks=553
2019-06-14 09:10:10,656 INFO  commandhandler.DeleteBlocksCommandHandler (DeleteBlocksCommandHandler.java:handle(106)) - Start to delete container blocks, TXIDs=[1(0),2(0),3(0)], numOfContainers=3, numOfBlocks=553
2019-06-14 09:10:10,657 INFO  commandhandler.DeleteBlocksCommandHandler (DeleteBlocksCommandHandler.java:handle(106)) - Start to delete container blocks, TXIDs=[1(0),2(0),3(0)], numOfContainers=3, numOfBlocks=553
2019-06-14 09:10:10,660 INFO  commandhandler.DeleteBlocksCommandHandler (DeleteBlocksCommandHandler.java:handle(106)) - Start to delete container blocks, TXIDs=[1(0),2(0),3(0)], numOfContainers=3, numOfBlocks=553
2019-06-14 09:10:10,661 INFO  commandhandler.DeleteBlocksCommandHandler (DeleteBlocksCommandHandler.java:handle(106)) - Start to delete container blocks, TXIDs=[1(0),2(0),3(0)], numOfContainers=3, numOfBlocks=553
2019-06-14 09:10:10,662 INFO  commandhandler.DeleteBlocksCommandHandler (DeleteBlocksCommandHandler.java:handle(106)) - Start to delete container blocks, TXIDs=[1(0),2(0),3(0)], numOfContainers=3, numOfBlocks=553
2019-06-14 09:10:10,663 INFO  commands.RetriableDatanodeEventWatcher (RetriableDatanodeEventWatcher.java:onTimeout(47)) - RetriableDatanodeCommand type=deleteBlocksCommand with id=1560503399543 timed out. Retrying.
2019-06-14 09:10:10,663 INFO  commandhandler.DeleteBlocksCommandHandler (DeleteBlocksCommandHandler.java:handle(106)) - Start to delete container blocks, TXIDs=[1(0),2(0),3(0)], numOfContainers=3, numOfBlocks=553
2019-06-14 09:10:10,666 INFO  commandhandler.DeleteBlocksCommandHandler (DeleteBlocksCommandHandler.java:handle(106)) - Start to delete container blocks, TXIDs=[1(0),2(0),3(0)], numOfContainers=3, numOfBlocks=553
2019-06-14 09:10:10,667 INFO  commandhandler.DeleteBlocksCommandHandler (DeleteBlocksCommandHandler.java:handle(106)) - Start to delete container blocks, TXIDs=[1(0),2(0),3(0)], numOfContainers=3, numOfBlocks=553
2019-06-14 09:10:10,668 INFO  commandhandler.DeleteBlocksCommandHandler (DeleteBlocksCommandHandler.java:handle(106)) - Start to delete container blocks, TXIDs=[1(0),2(0),3(0)], numOfContainers=3, numOfBlocks=553
2019-06-14 09:10:10,669 INFO  commandhandler.DeleteBlocksCommandHandler (DeleteBlocksCommandHandler.java:handle(106)) - Start to delete container blocks, TXIDs=[1(0),2(0),3(0)], numOfContainers=3, numOfBlocks=553
2019-06-14 09:10:10,669 INFO  commands.RetriableDatanodeEventWatcher (RetriableDatanodeEventWatcher.java:onTimeout(47)) - RetriableDatanodeCommand type=deleteBlocksCommand with id=1560503399553 timed out. Retrying.
2019-06-14 09:10:10,670 INFO  commandhandler.DeleteBlocksCommandHandler (DeleteBlocksCommandHandler.java:handle(106)) - Start to delete container blocks, TXIDs=[1(0),2(0),3(0)], numOfContainers=3, numOfBlocks=553
2019-06-14 09:10:10,671 INFO  commandhandler.DeleteBlocksCommandHandler (DeleteBlocksCommandHandler.java:handle(106)) - Start to delete container blocks, TXIDs=[1(0),2(0),3(0)], numOfContainers=3, numOfBlocks=553
2019-06-14 09:10:10,672 INFO  commandhandler.DeleteBlocksCommandHandler (DeleteBlocksCommandHandler.java:handle(106)) - Start to delete container blocks, TXIDs=[1(0),2(0),3(0)], numOfContainers=3, numOfBlocks=553
2019-06-14 09:10:10,672 INFO  commandhandler.DeleteBlocksCommandHandler (DeleteBlocksCommandHandler.java:handle(106)) - Start to delete container blocks, TXIDs=[1(0),2(0),3(0)], numOfContainers=3, numOfBlocks=553
2019-06-14 09:10:10,673 INFO  commandhandler.DeleteBlocksCommandHandler (DeleteBlocksCommandHandler.java:handle(106)) - Start to delete container blocks, TXIDs=[1(0),2(0),3(0)], numOfContainers=3, numOfBlocks=553
2019-06-14 09:10:10,674 INFO  commandhandler.DeleteBlocksCommandHandler (DeleteBlocksCommandHandler.java:handle(106)) - Start to delete container blocks, TXIDs=[1(0),2(0),3(0)], numOfContainers=3, numOfBlocks=553
2019-06-14 09:10:10,675 INFO  commandhandler.DeleteBlocksCommandHandler (DeleteBlocksCommandHandler.java:handle(106)) - Start to delete container blocks, TXIDs=[1(0),2(0),3(0)], numOfContainers=3, numOfBlocks=553
2019-06-14 09:10:10,676 INFO  commandhandler.DeleteBlocksCommandHandler (DeleteBlocksCommandHandler.java:handle(106)) - Start to delete container blocks, TXIDs=[1(0),2(0),3(0)], numOfContainers=3, numOfBlocks=553
2019-06-14 09:10:10,677 INFO  commandhandler.DeleteBlocksCommandHandler (DeleteBlocksCommandHandler.java:handle(106)) - Start to delete container blocks, TXIDs=[1(0),2(0),3(0)], numOfContainers=3, numOfBlocks=553
2019-06-14 09:10:10,678 INFO  commandhandler.DeleteBlocksCommandHandler (DeleteBlocksCommandHandler.java:handle(106)) - Start to delete container blocks, TXIDs=[1(0),2(0),3(0)], numOfContainers=3, numOfBlocks=553
2019-06-14 09:10:10,679 INFO  commandhandler.DeleteBlocksCommandHandler (DeleteBlocksCommandHandler.java:handle(106)) - Start to delete container blocks, TXIDs=[1(0),2(0),3(0)], numOfContainers=3, numOfBlocks=553
2019-06-14 09:10:10,680 INFO  commandhandler.DeleteBlocksCommandHandler (DeleteBlocksCommandHandler.java:handle(106)) - Start to delete container blocks, TXIDs=[1(0),2(0),3(0)], numOfContainers=3, numOfBlocks=553
2019-06-14 09:10:10,681 INFO  commandhandler.DeleteBlocksCommandHandler (DeleteBlocksCommandHandler.java:handle(106)) - Start to delete container blocks, TXIDs=[1(0),2(0),3(0)], numOfContainers=3, numOfBlocks=553
2019-06-14 09:10:10,681 INFO  commandhandler.DeleteBlocksCommandHandler (DeleteBlocksCommandHandler.java:handle(106)) - Start to delete container blocks, TXIDs=[1(0),2(0),3(0)], numOfContainers=3, numOfBlocks=553
2019-06-14 09:10:10,682 INFO  commandhandler.DeleteBlocksCommandHandler (DeleteBlocksCommandHandler.java:handle(106)) - Start to delete container blocks, TXIDs=[1(0),2(0),3(0)], numOfContainers=3, numOfBlocks=553
2019-06-14 09:10:10,683 INFO  commandhandler.DeleteBlocksCommandHandler (DeleteBlocksCommandHandler.java:handle(106)) - Start to delete container blocks, TXIDs=[1(0),2(0),3(0)], numOfContainers=3, numOfBlocks=553
2019-06-14 09:10:10,684 INFO  commandhandler.DeleteBlocksCommandHandler (DeleteBlocksCommandHandler.java:handle(106)) - Start to delete container blocks, TXIDs=[1(0),2(0),3(0)], numOfContainers=3, numOfBlocks=553
2019-06-14 09:10:10,685 INFO  commandhandler.DeleteBlocksCommandHandler (DeleteBlocksCommandHandler.java:handle(106)) - Start to delete container blocks, TXIDs=[1(0),2(0),3(0)], numOfContainers=3, numOfBlocks=553
2019-06-14 09:10:10,686 INFO  commandhandler.DeleteBlocksCommandHandler (DeleteBlocksCommandHandler.java:handle(106)) - Start to delete container blocks, TXIDs=[1(0),2(0),3(0)], numOfContainers=3, numOfBlocks=553
2019-06-14 09:10:10,687 INFO  commands.RetriableDatanodeEventWatcher (RetriableDatanodeEventWatcher.java:onTimeout(47)) - RetriableDatanodeCommand type=deleteBlocksCommand with id=1560503399563 timed out. Retrying.
2019-06-14 09:10:10,687 INFO  commandhandler.DeleteBlocksCommandHandler (DeleteBlocksCommandHandler.java:handle(106)) - Start to delete container blocks, TXIDs=[1(0),2(0),3(0)], numOfContainers=3, numOfBlocks=553
2019-06-14 09:10:10,688 INFO  commandhandler.DeleteBlocksCommandHandler (DeleteBlocksCommandHandler.java:handle(106)) - Start to delete container blocks, TXIDs=[1(0),2(0),3(0)], numOfContainers=3, numOfBlocks=553
2019-06-14 09:10:10,689 INFO  commandhandler.DeleteBlocksCommandHandler (DeleteBlocksCommandHandler.java:handle(106)) - Start to delete container blocks, TXIDs=[1(0),2(0),3(0)], numOfContainers=3, numOfBlocks=553
2019-06-14 09:10:10,690 INFO  commandhandler.DeleteBlocksCommandHandler (DeleteBlocksCommandHandler.java:handle(106)) - Start to delete container blocks, TXIDs=[1(0),2(0),3(0)], numOfContainers=3, numOfBlocks=553
2019-06-14 09:10:10,690 INFO  commandhandler.DeleteBlocksCommandHandler (DeleteBlocksCommandHandler.java:handle(106)) - Start to delete container blocks, TXIDs=[1(0),2(0),3(0)], numOfContainers=3, numOfBlocks=553
2019-06-14 09:10:10,691 INFO  commandhandler.DeleteBlocksCommandHandler (DeleteBlocksCommandHandler.java:handle(106)) - Start to delete container blocks, TXIDs=[1(0),2(0),3(0)], numOfContainers=3, numOfBlocks=553
2019-06-14 09:10:10,692 INFO  background.BlockDeletingService (BlockDeletingService.java:call(246)) - Container: 2, deleted blocks: 184, task elapsed time: 205ms
2019-06-14 09:10:10,693 INFO  commandhandler.DeleteBlocksCommandHandler (DeleteBlocksCommandHandler.java:handle(106)) - Start to delete container blocks, TXIDs=[1(0),2(0),3(0)], numOfContainers=3, numOfBlocks=553
2019-06-14 09:10:10,693 INFO  commandhandler.DeleteBlocksCommandHandler (DeleteBlocksCommandHandler.java:handle(106)) - Start to delete container blocks, TXIDs=[1(0),2(0),3(0)], numOfContainers=3, numOfBlocks=553
2019-06-14 09:10:10,694 INFO  commandhandler.DeleteBlocksCommandHandler (DeleteBlocksCommandHandler.java:handle(106)) - Start to delete container blocks, TXIDs=[1(0),2(0),3(0)], numOfContainers=3, numOfBlocks=553
2019-06-14 09:10:10,695 INFO  commandhandler.DeleteBlocksCommandHandler (DeleteBlocksCommandHandler.java:handle(106)) - Start to delete container blocks, TXIDs=[1(0),2(0),3(0)], numOfContainers=3, numOfBlocks=553
2019-06-14 09:10:10,696 INFO  commandhandler.DeleteBlocksCommandHandler (DeleteBlocksCommandHandler.java:handle(106)) - Start to delete container blocks, TXIDs=[1(0),2(0),3(0)], numOfContainers=3, numOfBlocks=553
2019-06-14 09:10:10,697 INFO  commandhandler.DeleteBlocksCommandHandler (DeleteBlocksCommandHandler.java:handle(106)) - Start to delete container blocks, TXIDs=[1(0),2(0),3(0)], numOfContainers=3, numOfBlocks=553
2019-06-14 09:10:10,698 INFO  commandhandler.DeleteBlocksCommandHandler (DeleteBlocksCommandHandler.java:handle(106)) - Start to delete container blocks, TXIDs=[1(0),2(0),3(0)], numOfContainers=3, numOfBlocks=553
2019-06-14 09:10:10,699 INFO  commandhandler.DeleteBlocksCommandHandler (DeleteBlocksCommandHandler.java:handle(106)) - Start to delete container blocks, TXIDs=[1(0),2(0),3(0)], numOfContainers=3, numOfBlocks=553
2019-06-14 09:10:10,700 INFO  commandhandler.DeleteBlocksCommandHandler (DeleteBlocksCommandHandler.java:handle(106)) - Start to delete container blocks, TXIDs=[1(0),2(0),3(0)], numOfContainers=3, numOfBlocks=553
2019-06-14 09:10:10,702 INFO  commandhandler.DeleteBlocksCommandHandler (DeleteBlocksCommandHandler.java:handle(106)) - Start to delete container blocks, TXIDs=[1(0),2(0),3(0)], numOfContainers=3, numOfBlocks=553
2019-06-14 09:10:10,703 INFO  commandhandler.DeleteBlocksCommandHandler (DeleteBlocksCommandHandler.java:handle(106)) - Start to delete container blocks, TXIDs=[1(0),2(0),3(0)], numOfContainers=3, numOfBlocks=553
2019-06-14 09:10:10,704 INFO  commandhandler.DeleteBlocksCommandHandler (DeleteBlocksCommandHandler.java:handle(106)) - Start to delete container blocks, TXIDs=[1(0),2(0),3(0)], numOfContainers=3, numOfBlocks=553
2019-06-14 09:10:10,705 INFO  commandhandler.DeleteBlocksCommandHandler (DeleteBlocksCommandHandler.java:handle(106)) - Start to delete container blocks, TXIDs=[1(0),2(0),3(0)], numOfContainers=3, numOfBlocks=553
2019-06-14 09:10:10,706 INFO  commandhandler.DeleteBlocksCommandHandler (DeleteBlocksCommandHandler.java:handle(106)) - Start to delete container blocks, TXIDs=[1(0),2(0),3(0)], numOfContainers=3, numOfBlocks=553
2019-06-14 09:10:10,707 INFO  commandhandler.DeleteBlocksCommandHandler (DeleteBlocksCommandHandler.java:handle(106)) - Start to delete container blocks, TXIDs=[1(0),2(0),3(0)], numOfContainers=3, numOfBlocks=553
2019-06-14 09:10:10,708 INFO  commandhandler.DeleteBlocksCommandHandler (DeleteBlocksCommandHandler.java:handle(106)) - Start to delete container blocks, TXIDs=[1(0),2(0),3(0)], numOfContainers=3, numOfBlocks=553
2019-06-14 09:10:10,708 INFO  commandhandler.DeleteBlocksCommandHandler (DeleteBlocksCommandHandler.java:handle(106)) - Start to delete container blocks, TXIDs=[1(0),2(0),3(0)], numOfContainers=3, numOfBlocks=553
2019-06-14 09:10:10,709 INFO  commandhandler.DeleteBlocksCommandHandler (DeleteBlocksCommandHandler.java:handle(106)) - Start to delete container blocks, TXIDs=[1(0),2(0),3(0)], numOfContainers=3, numOfBlocks=553
2019-06-14 09:10:10,710 INFO  commandhandler.DeleteBlocksCommandHandler (DeleteBlocksCommandHandler.java:handle(106)) - Start to delete container blocks, TXIDs=[1(0),2(0),3(0)], numOfContainers=3, numOfBlocks=553
2019-06-14 09:10:10,711 INFO  commandhandler.DeleteBlocksCommandHandler (DeleteBlocksCommandHandler.java:handle(106)) - Start to delete container blocks, TXIDs=[1(0),2(0),3(0)], numOfContainers=3, numOfBlocks=553
2019-06-14 09:10:10,712 INFO  commandhandler.DeleteBlocksCommandHandler (DeleteBlocksCommandHandler.java:handle(106)) - Start to delete container blocks, TXIDs=[1(0),2(0),3(0)], numOfContainers=3, numOfBlocks=553
2019-06-14 09:10:10,713 INFO  commandhandler.DeleteBlocksCommandHandler (DeleteBlocksCommandHandler.java:handle(106)) - Start to delete container blocks, TXIDs=[1(0),2(0),3(0)], numOfContainers=3, numOfBlocks=553
2019-06-14 09:10:10,714 INFO  commandhandler.DeleteBlocksCommandHandler (DeleteBlocksCommandHandler.java:handle(106)) - Start to delete container blocks, TXIDs=[1(0),2(0),3(0)], numOfContainers=3, numOfBlocks=553
2019-06-14 09:10:10,715 INFO  commandhandler.DeleteBlocksCommandHandler (DeleteBlocksCommandHandler.java:handle(106)) - Start to delete container blocks, TXIDs=[1(0),2(0),3(0)], numOfContainers=3, numOfBlocks=553
2019-06-14 09:10:10,715 INFO  commandhandler.DeleteBlocksCommandHandler (DeleteBlocksCommandHandler.java:handle(106)) - Start to delete container blocks, TXIDs=[1(0),2(0),3(0)], numOfContainers=3, numOfBlocks=553
2019-06-14 09:10:10,716 INFO  commandhandler.DeleteBlocksCommandHandler (DeleteBlocksCommandHandler.java:handle(106)) - Start to delete container blocks, TXIDs=[1(0),2(0),3(0)], numOfContainers=3, numOfBlocks=553
2019-06-14 09:10:10,717 INFO  commandhandler.DeleteBlocksCommandHandler (DeleteBlocksCommandHandler.java:handle(106)) - Start to delete container blocks, TXIDs=[1(0),2(0),3(0)], numOfContainers=3, numOfBlocks=553
2019-06-14 09:10:10,718 INFO  commandhandler.DeleteBlocksCommandHandler (DeleteBlocksCommandHandler.java:handle(106)) - Start to delete container blocks, TXIDs=[1(0),2(0),3(0)], numOfContainers=3, numOfBlocks=553
2019-06-14 09:10:10,719 INFO  commandhandler.DeleteBlocksCommandHandler (DeleteBlocksCommandHandler.java:handle(106)) - Start to delete container blocks, TXIDs=[1(0),2(0),3(0)], numOfContainers=3, numOfBlocks=553
2019-06-14 09:10:10,720 INFO  commandhandler.DeleteBlocksCommandHandler (DeleteBlocksCommandHandler.java:handle(106)) - Start to delete container blocks, TXIDs=[1(0),2(0),3(0)], numOfContainers=3, numOfBlocks=553
2019-06-14 09:10:10,720 INFO  commandhandler.DeleteBlocksCommandHandler (DeleteBlocksCommandHandler.java:handle(106)) - Start to delete container blocks, TXIDs=[1(0),2(0),3(0)], numOfContainers=3, numOfBlocks=553
2019-06-14 09:10:10,721 INFO  commandhandler.DeleteBlocksCommandHandler (DeleteBlocksCommandHandler.java:handle(106)) - Start to delete container blocks, TXIDs=[1(0),2(0),3(0)], numOfContainers=3, numOfBlocks=553
2019-06-14 09:10:10,722 INFO  commandhandler.DeleteBlocksCommandHandler (DeleteBlocksCommandHandler.java:handle(106)) - Start to delete container blocks, TXIDs=[1(0),2(0),3(0)], numOfContainers=3, numOfBlocks=553
2019-06-14 09:10:10,722 INFO  commandhandler.DeleteBlocksCommandHandler (DeleteBlocksCommandHandler.java:handle(106)) - Start to delete container blocks, TXIDs=[1(0),2(0),3(0)], numOfContainers=3, numOfBlocks=553
2019-06-14 09:10:10,723 INFO  commandhandler.DeleteBlocksCommandHandler (DeleteBlocksCommandHandler.java:handle(106)) - Start to delete container blocks, TXIDs=[1(0),2(0),3(0)], numOfContainers=3, numOfBlocks=553
2019-06-14 09:10:10,723 INFO  commandhandler.DeleteBlocksCommandHandler (DeleteBlocksCommandHandler.java:handle(106)) - Start to delete container blocks, TXIDs=[1(0),2(0),3(0)], numOfContainers=3, numOfBlocks=553
2019-06-14 09:10:10,724 INFO  commandhandler.DeleteBlocksCommandHandler (DeleteBlocksCommandHandler.java:handle(106)) - Start to delete container blocks, TXIDs=[1(0),2(0),3(0)], numOfContainers=3, numOfBlocks=553
2019-06-14 09:10:10,725 INFO  commandhandler.DeleteBlocksCommandHandler (DeleteBlocksCommandHandler.java:handle(106)) - Start to delete container blocks, TXIDs=[1(0),2(0),3(0)], numOfContainers=3, numOfBlocks=553
2019-06-14 09:10:10,725 INFO  commandhandler.DeleteBlocksCommandHandler (DeleteBlocksCommandHandler.java:handle(106)) - Start to delete container blocks, TXIDs=[1(0),2(0),3(0)], numOfContainers=3, numOfBlocks=553
2019-06-14 09:10:10,726 INFO  commandhandler.DeleteBlocksCommandHandler (DeleteBlocksCommandHandler.java:handle(106)) - Start to delete container blocks, TXIDs=[1(0),2(0),3(0)], numOfContainers=3, numOfBlocks=553
2019-06-14 09:10:10,726 INFO  commandhandler.DeleteBlocksCommandHandler (DeleteBlocksCommandHandler.java:handle(106)) - Start to delete container blocks, TXIDs=[1(0),2(0),3(0)], numOfContainers=3, numOfBlocks=553
2019-06-14 09:10:10,727 INFO  commandhandler.DeleteBlocksCommandHandler (DeleteBlocksCommandHandler.java:handle(106)) - Start to delete container blocks, TXIDs=[1(0),2(0),3(0)], numOfContainers=3, numOfBlocks=553
2019-06-14 09:10:10,728 INFO  commandhandler.DeleteBlocksCommandHandler (DeleteBlocksCommandHandler.java:handle(106)) - Start to delete container blocks, TXIDs=[1(0),2(0),3(0)], numOfContainers=3, numOfBlocks=553
2019-06-14 09:10:10,728 INFO  commandhandler.DeleteBlocksCommandHandler (DeleteBlocksCommandHandler.java:handle(106)) - Start to delete container blocks, TXIDs=[1(0),2(0),3(0)], numOfContainers=3, numOfBlocks=553
2019-06-14 09:10:10,729 INFO  commandhandler.DeleteBlocksCommandHandler (DeleteBlocksCommandHandler.java:handle(106)) - Start to delete container blocks, TXIDs=[1(0),2(0),3(0)], numOfContainers=3, numOfBlocks=553
2019-06-14 09:10:10,729 DEBUG block.SCMBlockDeletingService (SCMBlockDeletingService.java:call(138)) - Running DeletedBlockTransactionScanner
2019-06-14 09:10:10,729 DEBUG block.SCMBlockDeletingService (SCMBlockDeletingService.java:call(155)) - Scanned deleted blocks log and got 0 delTX to process.
2019-06-14 09:10:10,729 INFO  commandhandler.DeleteBlocksCommandHandler (DeleteBlocksCommandHandler.java:handle(106)) - Start to delete container blocks, TXIDs=[1(0),2(0),3(0)], numOfContainers=3, numOfBlocks=553
2019-06-14 09:10:10,730 INFO  commandhandler.DeleteBlocksCommandHandler (DeleteBlocksCommandHandler.java:handle(106)) - Start to delete container blocks, TXIDs=[1(0),2(0),3(0)], numOfContainers=3, numOfBlocks=553
2019-06-14 09:10:10,731 INFO  commandhandler.DeleteBlocksCommandHandler (DeleteBlocksCommandHandler.java:handle(106)) - Start to delete container blocks, TXIDs=[1(0),2(0),3(0)], numOfContainers=3, numOfBlocks=553
2019-06-14 09:10:10,731 INFO  commandhandler.DeleteBlocksCommandHandler (DeleteBlocksCommandHandler.java:handle(106)) - Start to delete container blocks, TXIDs=[1(0),2(0),3(0)], numOfContainers=3, numOfBlocks=553
2019-06-14 09:10:10,732 INFO  background.BlockDeletingService (BlockDeletingService.java:call(246)) - Container: 1, deleted blocks: 185, task elapsed time: 244ms
2019-06-14 09:10:10,732 INFO  commandhandler.DeleteBlocksCommandHandler (DeleteBlocksCommandHandler.java:handle(106)) - Start to delete container blocks, TXIDs=[1(0),2(0),3(0)], numOfContainers=3, numOfBlocks=553
2019-06-14 09:10:10,733 INFO  commandhandler.DeleteBlocksCommandHandler (DeleteBlocksCommandHandler.java:handle(106)) - Start to delete container blocks, TXIDs=[1(0),2(0),3(0)], numOfContainers=3, numOfBlocks=553
2019-06-14 09:10:10,734 INFO  commandhandler.DeleteBlocksCommandHandler (DeleteBlocksCommandHandler.java:handle(106)) - Start to delete container blocks, TXIDs=[1(0),2(0),3(0)], numOfContainers=3, numOfBlocks=553
2019-06-14 09:10:10,734 INFO  commandhandler.DeleteBlocksCommandHandler (DeleteBlocksCommandHandler.java:handle(106)) - Start to delete container blocks, TXIDs=[1(0),2(0),3(0)], numOfContainers=3, numOfBlocks=553
2019-06-14 09:10:10,735 INFO  commands.RetriableDatanodeEventWatcher (RetriableDatanodeEventWatcher.java:onTimeout(47)) - RetriableDatanodeCommand type=deleteBlocksCommand with id=1560503399524 timed out. Retrying.
2019-06-14 09:10:10,735 INFO  commandhandler.DeleteBlocksCommandHandler (DeleteBlocksCommandHandler.java:handle(106)) - Start to delete container blocks, TXIDs=[1(0),2(0),3(0)], numOfContainers=3, numOfBlocks=553
2019-06-14 09:10:10,736 INFO  commandhandler.DeleteBlocksCommandHandler (DeleteBlocksCommandHandler.java:handle(106)) - Start to delete container blocks, TXIDs=[1(0),2(0),3(0)], numOfContainers=3, numOfBlocks=553
2019-06-14 09:10:10,736 INFO  commandhandler.DeleteBlocksCommandHandler (DeleteBlocksCommandHandler.java:handle(106)) - Start to delete container blocks, TXIDs=[1(0),2(0),3(0)], numOfContainers=3, numOfBlocks=553
2019-06-14 09:10:10,737 INFO  commandhandler.DeleteBlocksCommandHandler (DeleteBlocksCommandHandler.java:handle(106)) - Start to delete container blocks, TXIDs=[1(0),2(0),3(0)], numOfContainers=3, numOfBlocks=553
2019-06-14 09:10:10,738 INFO  commandhandler.DeleteBlocksCommandHandler (DeleteBlocksCommandHandler.java:handle(106)) - Start to delete container blocks, TXIDs=[1(0),2(0),3(0)], numOfContainers=3, numOfBlocks=553
2019-06-14 09:10:10,738 INFO  commandhandler.DeleteBlocksCommandHandler (DeleteBlocksCommandHandler.java:handle(106)) - Start to delete container blocks, TXIDs=[1(0),2(0),3(0)], numOfContainers=3, numOfBlocks=553
2019-06-14 09:10:10,739 INFO  commandhandler.DeleteBlocksCommandHandler (DeleteBlocksCommandHandler.java:handle(106)) - Start to delete container blocks, TXIDs=[1(0),2(0),3(0)], numOfContainers=3, numOfBlocks=553
2019-06-14 09:10:10,739 INFO  commandhandler.DeleteBlocksCommandHandler (DeleteBlocksCommandHandler.java:handle(106)) - Start to delete container blocks, TXIDs=[1(0),2(0),3(0)], numOfContainers=3, numOfBlocks=553
2019-06-14 09:10:10,740 INFO  commandhandler.DeleteBlocksCommandHandler (DeleteBlocksCommandHandler.java:handle(106)) - Start to delete container blocks, TXIDs=[1(0),2(0),3(0)], numOfContainers=3, numOfBlocks=553
2019-06-14 09:10:10,740 INFO  commandhandler.DeleteBlocksCommandHandler (DeleteBlocksCommandHandler.java:handle(106)) - Start to delete container blocks, TXIDs=[1(0),2(0),3(0)], numOfContainers=3, numOfBlocks=553
2019-06-14 09:10:10,741 INFO  commandhandler.DeleteBlocksCommandHandler (DeleteBlocksCommandHandler.java:handle(106)) - Start to delete container blocks, TXIDs=[1(0),2(0),3(0)], numOfContainers=3, numOfBlocks=553
2019-06-14 09:10:10,742 INFO  commandhandler.DeleteBlocksCommandHandler (DeleteBlocksCommandHandler.java:handle(106)) - Start to delete container blocks, TXIDs=[1(0),2(0),3(0)], numOfContainers=3, numOfBlocks=553
2019-06-14 09:10:10,742 INFO  commandhandler.DeleteBlocksCommandHandler (DeleteBlocksCommandHandler.java:handle(106)) - Start to delete container blocks, TXIDs=[1(0),2(0),3(0)], numOfContainers=3, numOfBlocks=553
2019-06-14 09:10:10,743 INFO  commandhandler.DeleteBlocksCommandHandler (DeleteBlocksCommandHandler.java:handle(106)) - Start to delete container blocks, TXIDs=[1(0),2(0),3(0)], numOfContainers=3, numOfBlocks=553
2019-06-14 09:10:10,744 INFO  commandhandler.DeleteBlocksCommandHandler (DeleteBlocksCommandHandler.java:handle(106)) - Start to delete container blocks, TXIDs=[1(0),2(0),3(0)], numOfContainers=3, numOfBlocks=553
2019-06-14 09:10:10,744 INFO  commandhandler.DeleteBlocksCommandHandler (DeleteBlocksCommandHandler.java:handle(106)) - Start to delete container blocks, TXIDs=[1(0),2(0),3(0)], numOfContainers=3, numOfBlocks=553
2019-06-14 09:10:10,745 INFO  commandhandler.DeleteBlocksCommandHandler (DeleteBlocksCommandHandler.java:handle(106)) - Start to delete container blocks, TXIDs=[1(0),2(0),3(0)], numOfContainers=3, numOfBlocks=553
2019-06-14 09:10:10,746 INFO  commandhandler.DeleteBlocksCommandHandler (DeleteBlocksCommandHandler.java:handle(106)) - Start to delete container blocks, TXIDs=[1(0),2(0),3(0)], numOfContainers=3, numOfBlocks=553
2019-06-14 09:10:10,746 INFO  commandhandler.DeleteBlocksCommandHandler (DeleteBlocksCommandHandler.java:handle(106)) - Start to delete container blocks, TXIDs=[1(0),2(0),3(0)], numOfContainers=3, numOfBlocks=553
2019-06-14 09:10:10,747 INFO  commandhandler.DeleteBlocksCommandHandler (DeleteBlocksCommandHandler.java:handle(106)) - Start to delete container blocks, TXIDs=[1(0),2(0),3(0)], numOfContainers=3, numOfBlocks=553
2019-06-14 09:10:10,748 INFO  commandhandler.DeleteBlocksCommandHandler (DeleteBlocksCommandHandler.java:handle(106)) - Start to delete container blocks, TXIDs=[1(0),2(0),3(0)], numOfContainers=3, numOfBlocks=553
2019-06-14 09:10:10,749 INFO  commandhandler.DeleteBlocksCommandHandler (DeleteBlocksCommandHandler.java:handle(106)) - Start to delete container blocks, TXIDs=[1(0),2(0),3(0)], numOfContainers=3, numOfBlocks=553
2019-06-14 09:10:10,749 INFO  commands.RetriableDatanodeEventWatcher (RetriableDatanodeEventWatcher.java:onTimeout(47)) - RetriableDatanodeCommand type=deleteBlocksCommand with id=1560503399534 timed out. Retrying.
2019-06-14 09:10:10,749 INFO  commandhandler.DeleteBlocksCommandHandler (DeleteBlocksCommandHandler.java:handle(106)) - Start to delete container blocks, TXIDs=[1(0),2(0),3(0)], numOfContainers=3, numOfBlocks=553
2019-06-14 09:10:10,750 INFO  commandhandler.DeleteBlocksCommandHandler (DeleteBlocksCommandHandler.java:handle(106)) - Start to delete container blocks, TXIDs=[1(0),2(0),3(0)], numOfContainers=3, numOfBlocks=553
2019-06-14 09:10:10,751 INFO  commandhandler.DeleteBlocksCommandHandler (DeleteBlocksCommandHandler.java:handle(106)) - Start to delete container blocks, TXIDs=[1(0),2(0),3(0)], numOfContainers=3, numOfBlocks=553
2019-06-14 09:10:10,752 INFO  commandhandler.DeleteBlocksCommandHandler (DeleteBlocksCommandHandler.java:handle(106)) - Start to delete container blocks, TXIDs=[1(0),2(0),3(0)], numOfContainers=3, numOfBlocks=553
2019-06-14 09:10:10,753 INFO  commandhandler.DeleteBlocksCommandHandler (DeleteBlocksCommandHandler.java:handle(106)) - Start to delete container blocks, TXIDs=[1(0),2(0),3(0)], numOfContainers=3, numOfBlocks=553
2019-06-14 09:10:10,754 INFO  commandhandler.DeleteBlocksCommandHandler (DeleteBlocksCommandHandler.java:handle(106)) - Start to delete container blocks, TXIDs=[1(0),2(0),3(0)], numOfContainers=3, numOfBlocks=553
2019-06-14 09:10:10,755 INFO  commandhandler.DeleteBlocksCommandHandler (DeleteBlocksCommandHandler.java:handle(106)) - Start to delete container blocks, TXIDs=[1(0),2(0),3(0)], numOfContainers=3, numOfBlocks=553
2019-06-14 09:10:10,756 INFO  commandhandler.DeleteBlocksCommandHandler (DeleteBlocksCommandHandler.java:handle(106)) - Start to delete container blocks, TXIDs=[1(0),2(0),3(0)], numOfContainers=3, numOfBlocks=553
2019-06-14 09:10:10,757 INFO  commandhandler.DeleteBlocksCommandHandler (DeleteBlocksCommandHandler.java:handle(106)) - Start to delete container blocks, TXIDs=[1(0),2(0),3(0)], numOfContainers=3, numOfBlocks=553
2019-06-14 09:10:10,758 INFO  commandhandler.DeleteBlocksCommandHandler (DeleteBlocksCommandHandler.java:handle(106)) - Start to delete container blocks, TXIDs=[1(0),2(0),3(0)], numOfContainers=3, numOfBlocks=553
2019-06-14 09:10:10,759 INFO  commandhandler.DeleteBlocksCommandHandler (DeleteBlocksCommandHandler.java:handle(106)) - Start to delete container blocks, TXIDs=[1(0),2(0),3(0)], numOfContainers=3, numOfBlocks=553
2019-06-14 09:10:10,759 INFO  commandhandler.DeleteBlocksCommandHandler (DeleteBlocksCommandHandler.java:handle(106)) - Start to delete container blocks, TXIDs=[1(0),2(0),3(0)], numOfContainers=3, numOfBlocks=553
2019-06-14 09:10:10,760 INFO  commandhandler.DeleteBlocksCommandHandler (DeleteBlocksCommandHandler.java:handle(106)) - Start to delete container blocks, TXIDs=[1(0),2(0),3(0)], numOfContainers=3, numOfBlocks=553
2019-06-14 09:10:10,761 INFO  commandhandler.DeleteBlocksCommandHandler (DeleteBlocksCommandHandler.java:handle(106)) - Start to delete container blocks, TXIDs=[1(0),2(0),3(0)], numOfContainers=3, numOfBlocks=553
2019-06-14 09:10:10,761 INFO  commandhandler.DeleteBlocksCommandHandler (DeleteBlocksCommandHandler.java:handle(106)) - Start to delete container blocks, TXIDs=[1(0),2(0),3(0)], numOfContainers=3, numOfBlocks=553
2019-06-14 09:10:10,762 INFO  commandhandler.DeleteBlocksCommandHandler (DeleteBlocksCommandHandler.java:handle(106)) - Start to delete container blocks, TXIDs=[1(0),2(0),3(0)], numOfContainers=3, numOfBlocks=553
2019-06-14 09:10:10,762 INFO  impl.FollowerState (FollowerState.java:run(101)) - e6065258-5a2c-4a72-9f81-ed1321f551ca:group-AEF50F0B1871 changes to CANDIDATE, lastRpcTime:1155, electionTimeout:1155ms
2019-06-14 09:10:10,763 INFO  impl.RoleInfo (RoleInfo.java:shutdownFollowerState(121)) - e6065258-5a2c-4a72-9f81-ed1321f551ca: shutdown FollowerState
2019-06-14 09:10:10,763 INFO  impl.RaftServerImpl (RaftServerImpl.java:setRole(164)) - e6065258-5a2c-4a72-9f81-ed1321f551ca:group-AEF50F0B1871 changes role from FOLLOWER to CANDIDATE at term 0 for changeToCandidate
2019-06-14 09:10:10,763 INFO  impl.RoleInfo (RoleInfo.java:updateAndGet(143)) - e6065258-5a2c-4a72-9f81-ed1321f551ca: start LeaderElection
2019-06-14 09:10:10,763 INFO  commandhandler.DeleteBlocksCommandHandler (DeleteBlocksCommandHandler.java:handle(106)) - Start to delete container blocks, TXIDs=[1(0),2(0),3(0)], numOfContainers=3, numOfBlocks=553
2019-06-14 09:10:10,767 INFO  commands.RetriableDatanodeEventWatcher (RetriableDatanodeEventWatcher.java:onTimeout(47)) - RetriableDatanodeCommand type=deleteBlocksCommand with id=1560503399544 timed out. Retrying.
2019-06-14 09:10:10,768 INFO  commandhandler.DeleteBlocksCommandHandler (DeleteBlocksCommandHandler.java:handle(106)) - Start to delete container blocks, TXIDs=[1(0),2(0),3(0)], numOfContainers=3, numOfBlocks=553
2019-06-14 09:10:10,769 INFO  commandhandler.DeleteBlocksCommandHandler (DeleteBlocksCommandHandler.java:handle(106)) - Start to delete container blocks, TXIDs=[1(0),2(0),3(0)], numOfContainers=3, numOfBlocks=553
2019-06-14 09:10:10,770 INFO  commandhandler.DeleteBlocksCommandHandler (DeleteBlocksCommandHandler.java:handle(106)) - Start to delete container blocks, TXIDs=[1(0),2(0),3(0)], numOfContainers=3, numOfBlocks=553
2019-06-14 09:10:10,772 INFO  commands.RetriableDatanodeEventWatcher (RetriableDatanodeEventWatcher.java:onTimeout(47)) - RetriableDatanodeCommand type=deleteBlocksCommand with id=1560503399554 timed out. Retrying.
2019-06-14 09:10:10,785 WARN  block.DeletedBlockLogImpl (DeletedBlockLogImpl.java:incrementCount(141)) - Deleted TXID not found.
2019-06-14 09:10:10,786 WARN  block.DeletedBlockLogImpl (DeletedBlockLogImpl.java:incrementCount(141)) - Deleted TXID not found.
2019-06-14 09:10:10,786 WARN  events.EventWatcher (EventWatcher.java:lambda$start$0(110)) - Completion event without active lease. Id=1560503399463
2019-06-14 09:10:10,786 WARN  events.EventWatcher (EventWatcher.java:lambda$start$0(110)) - Completion event without active lease. Id=1560503399462
2019-06-14 09:10:10,786 WARN  events.EventWatcher (EventWatcher.java:lambda$start$0(110)) - Completion event without active lease. Id=1560503399483
2019-06-14 09:10:10,786 WARN  events.EventWatcher (EventWatcher.java:lambda$start$0(110)) - Completion event without active lease. Id=1560503399482
2019-06-14 09:10:10,786 WARN  events.EventWatcher (EventWatcher.java:lambda$start$0(110)) - Completion event without active lease. Id=1560503399473
2019-06-14 09:10:10,786 WARN  events.EventWatcher (EventWatcher.java:lambda$start$0(110)) - Completion event without active lease. Id=1560503399472
2019-06-14 09:10:10,786 WARN  events.EventWatcher (EventWatcher.java:lambda$start$0(110)) - Completion event without active lease. Id=1560503399502
2019-06-14 09:10:10,786 WARN  events.EventWatcher (EventWatcher.java:lambda$start$0(110)) - Completion event without active lease. Id=1560503399501
2019-06-14 09:10:10,786 WARN  events.EventWatcher (EventWatcher.java:lambda$start$0(110)) - Completion event without active lease. Id=1560503399491
2019-06-14 09:10:10,786 WARN  events.EventWatcher (EventWatcher.java:lambda$start$0(110)) - Completion event without active lease. Id=1560503399492
2019-06-14 09:10:10,786 WARN  events.EventWatcher (EventWatcher.java:lambda$start$0(110)) - Completion event without active lease. Id=1560503399512
2019-06-14 09:10:10,786 WARN  events.EventWatcher (EventWatcher.java:lambda$start$0(110)) - Completion event without active lease. Id=1560503399511
2019-06-14 09:10:10,786 WARN  block.DeletedBlockLogImpl (DeletedBlockLogImpl.java:incrementCount(141)) - Deleted TXID not found.
2019-06-14 09:10:10,786 WARN  block.DeletedBlockLogImpl (DeletedBlockLogImpl.java:incrementCount(141)) - Deleted TXID not found.
2019-06-14 09:10:10,786 WARN  block.DeletedBlockLogImpl (DeletedBlockLogImpl.java:incrementCount(141)) - Deleted TXID not found.
2019-06-14 09:10:10,786 WARN  block.DeletedBlockLogImpl (DeletedBlockLogImpl.java:incrementCount(141)) - Deleted TXID not found.
2019-06-14 09:10:10,787 WARN  block.DeletedBlockLogImpl (DeletedBlockLogImpl.java:incrementCount(141)) - Deleted TXID not found.
2019-06-14 09:10:10,787 WARN  block.DeletedBlockLogImpl (DeletedBlockLogImpl.java:incrementCount(141)) - Deleted TXID not found.
2019-06-14 09:10:10,787 WARN  block.DeletedBlockLogImpl (DeletedBlockLogImpl.java:incrementCount(141)) - Deleted TXID not found.
2019-06-14 09:10:10,787 WARN  block.DeletedBlockLogImpl (DeletedBlockLogImpl.java:incrementCount(141)) - Deleted TXID not found.
2019-06-14 09:10:10,787 WARN  block.DeletedBlockLogImpl (DeletedBlockLogImpl.java:incrementCount(141)) - Deleted TXID not found.
2019-06-14 09:10:10,787 WARN  block.DeletedBlockLogImpl (DeletedBlockLogImpl.java:incrementCount(141)) - Deleted TXID not found.
2019-06-14 09:10:10,787 WARN  block.DeletedBlockLogImpl (DeletedBlockLogImpl.java:incrementCount(141)) - Deleted TXID not found.
2019-06-14 09:10:10,787 WARN  block.DeletedBlockLogImpl (DeletedBlockLogImpl.java:incrementCount(141)) - Deleted TXID not found.
2019-06-14 09:10:10,787 WARN  block.DeletedBlockLogImpl (DeletedBlockLogImpl.java:incrementCount(141)) - Deleted TXID not found.
2019-06-14 09:10:10,787 WARN  block.DeletedBlockLogImpl (DeletedBlockLogImpl.java:incrementCount(141)) - Deleted TXID not found.
2019-06-14 09:10:10,787 WARN  block.DeletedBlockLogImpl (DeletedBlockLogImpl.java:incrementCount(141)) - Deleted TXID not found.
2019-06-14 09:10:10,787 WARN  block.DeletedBlockLogImpl (DeletedBlockLogImpl.java:incrementCount(141)) - Deleted TXID not found.
2019-06-14 09:10:10,787 WARN  block.DeletedBlockLogImpl (DeletedBlockLogImpl.java:incrementCount(141)) - Deleted TXID not found.
2019-06-14 09:10:10,787 WARN  block.DeletedBlockLogImpl (DeletedBlockLogImpl.java:incrementCount(141)) - Deleted TXID not found.
2019-06-14 09:10:10,787 WARN  block.DeletedBlockLogImpl (DeletedBlockLogImpl.java:incrementCount(141)) - Deleted TXID not found.
2019-06-14 09:10:10,787 WARN  block.DeletedBlockLogImpl (DeletedBlockLogImpl.java:incrementCount(141)) - Deleted TXID not found.
2019-06-14 09:10:10,787 WARN  block.DeletedBlockLogImpl (DeletedBlockLogImpl.java:incrementCount(141)) - Deleted TXID not found.
2019-06-14 09:10:10,787 WARN  block.DeletedBlockLogImpl (DeletedBlockLogImpl.java:incrementCount(141)) - Deleted TXID not found.
2019-06-14 09:10:10,787 WARN  block.DeletedBlockLogImpl (DeletedBlockLogImpl.java:incrementCount(141)) - Deleted TXID not found.
2019-06-14 09:10:10,787 WARN  block.DeletedBlockLogImpl (DeletedBlockLogImpl.java:incrementCount(141)) - Deleted TXID not found.
2019-06-14 09:10:10,788 WARN  block.DeletedBlockLogImpl (DeletedBlockLogImpl.java:incrementCount(141)) - Deleted TXID not found.
2019-06-14 09:10:10,788 WARN  block.DeletedBlockLogImpl (DeletedBlockLogImpl.java:incrementCount(141)) - Deleted TXID not found.
2019-06-14 09:10:10,788 WARN  block.DeletedBlockLogImpl (DeletedBlockLogImpl.java:incrementCount(141)) - Deleted TXID not found.
2019-06-14 09:10:10,788 WARN  block.DeletedBlockLogImpl (DeletedBlockLogImpl.java:incrementCount(141)) - Deleted TXID not found.
2019-06-14 09:10:10,788 WARN  block.DeletedBlockLogImpl (DeletedBlockLogImpl.java:incrementCount(141)) - Deleted TXID not found.
2019-06-14 09:10:10,788 WARN  block.DeletedBlockLogImpl (DeletedBlockLogImpl.java:incrementCount(141)) - Deleted TXID not found.
2019-06-14 09:10:10,788 WARN  block.DeletedBlockLogImpl (DeletedBlockLogImpl.java:incrementCount(141)) - Deleted TXID not found.
2019-06-14 09:10:10,788 DEBUG block.DeletedBlockLogImpl (DeletedBlockLogImpl.java:isTransactionFailed(245)) - Got block deletion ACK from datanode, TXIDs=1, success=true
2019-06-14 09:10:10,788 INFO  commands.RetriableDatanodeEventWatcher (DeletedBlockLogImpl.java:commitTransactions(205)) - Transaction txId=1 commit by dnId=e6065258-5a2c-4a72-9f81-ed1321f551ca for containerID=#1 failed. Corresponding entry not found.
2019-06-14 09:10:10,788 DEBUG block.DeletedBlockLogImpl (RetriableDatanodeEventWatcher.java:onTimeout(47)) - RetriableDatanodeCommand type=deleteBlocksCommand with id=1560503399564 timed out. Retrying.
DeletedBlockLogImpl.java:isTransactionFailed(245)) - Got block deletion ACK from datanode, TXIDs=1, success=true
2019-06-14 09:10:10,788 INFO  commands.RetriableDatanodeEventWatcher (RetriableDatanodeEventWatcher.java:onTimeout(47)) - RetriableDatanodeCommand type=deleteBlocksCommand with id=1560503399564 timed out. Retrying.
2019-06-14 09:10:10,788 WARN  block.DeletedBlockLogImpl (DeletedBlockLogImpl.java:commitTransactions(205)) - Transaction txId=1 commit by dnId=e6065258-5a2c-4a72-9f81-ed1321f551ca for containerID=#1 failed. Corresponding entry not found.
2019-06-14 09:10:10,788 DEBUG block.DeletedBlockLogImpl (DeletedBlockLogImpl.java:isTransactionFailed(245)) - Got block deletion ACK from datanode, TXIDs=1, success=true
2019-06-14 09:10:10,788 WARN  block.DeletedBlockLogImpl (DeletedBlockLogImpl.java:commitTransactions(205)) - Transaction txId=1 commit by dnId=e6065258-5a2c-4a72-9f81-ed1321f551ca for containerID=#1 failed. Corresponding entry not found.
2019-06-14 09:10:10,788 DEBUG block.DeletedBlockLogImpl (DeletedBlockLogImpl.java:isTransactionFailed(245)) - Got block deletion ACK from datanode, TXIDs=1, success=true
2019-06-14 09:10:10,789 WARN  block.DeletedBlockLogImpl (DeletedBlockLogImpl.java:commitTransactions(205)) - Transaction txId=1 commit by dnId=e6065258-5a2c-4a72-9f81-ed1321f551ca for containerID=#1 failed. Corresponding entry not found.
2019-06-14 09:10:10,789 DEBUG block.DeletedBlockLogImpl (DeletedBlockLogImpl.java:isTransactionFailed(245)) - Got block deletion ACK from datanode, TXIDs=1, success=true
2019-06-14 09:10:10,789 WARN  block.DeletedBlockLogImpl (DeletedBlockLogImpl.java:commitTransactions(205)) - Transaction txId=1 commit by dnId=e6065258-5a2c-4a72-9f81-ed1321f551ca for containerID=#1 failed. Corresponding entry not found.
2019-06-14 09:10:10,789 DEBUG block.DeletedBlockLogImpl (DeletedBlockLogImpl.java:isTransactionFailed(245)) - Got block deletion ACK from datanode, TXIDs=1, success=true
2019-06-14 09:10:10,789 WARN  block.DeletedBlockLogImpl (DeletedBlockLogImpl.java:commitTransactions(205)) - Transaction txId=1 commit by dnId=e6065258-5a2c-4a72-9f81-ed1321f551ca for containerID=#1 failed. Corresponding entry not found.
2019-06-14 09:10:10,789 DEBUG block.DeletedBlockLogImpl (DeletedBlockLogImpl.java:isTransactionFailed(245)) - Got block deletion ACK from datanode, TXIDs=1, success=true
2019-06-14 09:10:10,789 WARN  block.DeletedBlockLogImpl (DeletedBlockLogImpl.java:commitTransactions(205)) - Transaction txId=1 commit by dnId=e6065258-5a2c-4a72-9f81-ed1321f551ca for containerID=#1 failed. Corresponding entry not found.
2019-06-14 09:10:10,789 DEBUG block.DeletedBlockLogImpl (DeletedBlockLogImpl.java:isTransactionFailed(245)) - Got block deletion ACK from datanode, TXIDs=1, success=true
2019-06-14 09:10:10,789 WARN  block.DeletedBlockLogImpl (DeletedBlockLogImpl.java:commitTransactions(205)) - Transaction txId=1 commit by dnId=e6065258-5a2c-4a72-9f81-ed1321f551ca for containerID=#1 failed. Corresponding entry not found.
2019-06-14 09:10:10,789 DEBUG block.DeletedBlockLogImpl (DeletedBlockLogImpl.java:isTransactionFailed(245)) - Got block deletion ACK from datanode, TXIDs=1, success=true
2019-06-14 09:10:10,789 WARN  block.DeletedBlockLogImpl (DeletedBlockLogImpl.java:commitTransactions(205)) - Transaction txId=1 commit by dnId=e6065258-5a2c-4a72-9f81-ed1321f551ca for containerID=#1 failed. Corresponding entry not found.
2019-06-14 09:10:10,789 DEBUG block.DeletedBlockLogImpl (DeletedBlockLogImpl.java:isTransactionFailed(245)) - Got block deletion ACK from datanode, TXIDs=1, success=true
2019-06-14 09:10:10,789 WARN  block.DeletedBlockLogImpl (DeletedBlockLogImpl.java:commitTransactions(205)) - Transaction txId=1 commit by dnId=e6065258-5a2c-4a72-9f81-ed1321f551ca for containerID=#1 failed. Corresponding entry not found.
2019-06-14 09:10:10,789 DEBUG block.DeletedBlockLogImpl (DeletedBlockLogImpl.java:isTransactionFailed(245)) - Got block deletion ACK from datanode, TXIDs=1, success=true
2019-06-14 09:10:10,789 WARN  block.DeletedBlockLogImpl (DeletedBlockLogImpl.java:commitTransactions(205)) - Transaction txId=1 commit by dnId=e6065258-5a2c-4a72-9f81-ed1321f551ca for containerID=#1 failed. Corresponding entry not found.
2019-06-14 09:10:10,789 DEBUG block.DeletedBlockLogImpl (DeletedBlockLogImpl.java:isTransactionFailed(245)) - Got block deletion ACK from datanode, TXIDs=1, success=true
2019-06-14 09:10:10,790 WARN  block.DeletedBlockLogImpl (DeletedBlockLogImpl.java:commitTransactions(205)) - Transaction txId=1 commit by dnId=e6065258-5a2c-4a72-9f81-ed1321f551ca for containerID=#1 failed. Corresponding entry not found.
2019-06-14 09:10:10,790 DEBUG block.DeletedBlockLogImpl (DeletedBlockLogImpl.java:isTransactionFailed(245)) - Got block deletion ACK from datanode, TXIDs=1, success=true
2019-06-14 09:10:10,790 WARN  block.DeletedBlockLogImpl (DeletedBlockLogImpl.java:commitTransactions(205)) - Transaction txId=1 commit by dnId=e6065258-5a2c-4a72-9f81-ed1321f551ca for containerID=#1 failed. Corresponding entry not found.
2019-06-14 09:10:10,790 DEBUG block.DeletedBlockLogImpl (DeletedBlockLogImpl.java:isTransactionFailed(245)) - Got block deletion ACK from datanode, TXIDs=1, success=true
2019-06-14 09:10:10,790 WARN  block.DeletedBlockLogImpl (DeletedBlockLogImpl.java:commitTransactions(205)) - Transaction txId=1 commit by dnId=e6065258-5a2c-4a72-9f81-ed1321f551ca for containerID=#1 failed. Corresponding entry not found.
2019-06-14 09:10:10,790 DEBUG block.DeletedBlockLogImpl (DeletedBlockLogImpl.java:isTransactionFailed(245)) - Got block deletion ACK from datanode, TXIDs=1, success=true
2019-06-14 09:10:10,790 WARN  block.DeletedBlockLogImpl (DeletedBlockLogImpl.java:commitTransactions(205)) - Transaction txId=1 commit by dnId=e6065258-5a2c-4a72-9f81-ed1321f551ca for containerID=#1 failed. Corresponding entry not found.
2019-06-14 09:10:10,790 DEBUG block.DeletedBlockLogImpl (DeletedBlockLogImpl.java:isTransactionFailed(245)) - Got block deletion ACK from datanode, TXIDs=1, success=true
2019-06-14 09:10:10,790 WARN  block.DeletedBlockLogImpl (DeletedBlockLogImpl.java:commitTransactions(205)) - Transaction txId=1 commit by dnId=e6065258-5a2c-4a72-9f81-ed1321f551ca for containerID=#1 failed. Corresponding entry not found.
2019-06-14 09:10:10,790 DEBUG block.DeletedBlockLogImpl (DeletedBlockLogImpl.java:isTransactionFailed(245)) - Got block deletion ACK from datanode, TXIDs=1, success=true
2019-06-14 09:10:10,790 WARN  block.DeletedBlockLogImpl (DeletedBlockLogImpl.java:commitTransactions(205)) - Transaction txId=1 commit by dnId=e6065258-5a2c-4a72-9f81-ed1321f551ca for containerID=#1 failed. Corresponding entry not found.
2019-06-14 09:10:10,790 DEBUG block.DeletedBlockLogImpl (DeletedBlockLogImpl.java:isTransactionFailed(245)) - Got block deletion ACK from datanode, TXIDs=1, success=true
2019-06-14 09:10:10,790 WARN  block.DeletedBlockLogImpl (DeletedBlockLogImpl.java:commitTransactions(205)) - Transaction txId=1 commit by dnId=e6065258-5a2c-4a72-9f81-ed1321f551ca for containerID=#1 failed. Corresponding entry not found.
2019-06-14 09:10:10,790 DEBUG block.DeletedBlockLogImpl (DeletedBlockLogImpl.java:isTransactionFailed(245)) - Got block deletion ACK from datanode, TXIDs=1, success=true
2019-06-14 09:10:10,790 WARN  block.DeletedBlockLogImpl (DeletedBlockLogImpl.java:commitTransactions(205)) - Transaction txId=1 commit by dnId=e6065258-5a2c-4a72-9f81-ed1321f551ca for containerID=#1 failed. Corresponding entry not found.
2019-06-14 09:10:10,790 DEBUG block.DeletedBlockLogImpl (DeletedBlockLogImpl.java:isTransactionFailed(245)) - Got block deletion ACK from datanode, TXIDs=1, success=true
2019-06-14 09:10:10,790 WARN  block.DeletedBlockLogImpl (DeletedBlockLogImpl.java:commitTransactions(205)) - Transaction txId=1 commit by dnId=e6065258-5a2c-4a72-9f81-ed1321f551ca for containerID=#1 failed. Corresponding entry not found.
2019-06-14 09:10:10,790 DEBUG block.DeletedBlockLogImpl (DeletedBlockLogImpl.java:isTransactionFailed(245)) - Got block deletion ACK from datanode, TXIDs=1, success=true
2019-06-14 09:10:10,790 WARN  block.DeletedBlockLogImpl (DeletedBlockLogImpl.java:commitTransactions(205)) - Transaction txId=1 commit by dnId=e6065258-5a2c-4a72-9f81-ed1321f551ca for containerID=#1 failed. Corresponding entry not found.
2019-06-14 09:10:10,790 DEBUG block.DeletedBlockLogImpl (DeletedBlockLogImpl.java:isTransactionFailed(245)) - Got block deletion ACK from datanode, TXIDs=1, success=true
2019-06-14 09:10:10,790 WARN  block.DeletedBlockLogImpl (DeletedBlockLogImpl.java:commitTransactions(205)) - Transaction txId=1 commit by dnId=e6065258-5a2c-4a72-9f81-ed1321f551ca for containerID=#1 failed. Corresponding entry not found.
2019-06-14 09:10:10,790 DEBUG block.DeletedBlockLogImpl (DeletedBlockLogImpl.java:isTransactionFailed(245)) - Got block deletion ACK from datanode, TXIDs=1, success=true
2019-06-14 09:10:10,791 WARN  block.DeletedBlockLogImpl (DeletedBlockLogImpl.java:commitTransactions(205)) - Transaction txId=1 commit by dnId=e6065258-5a2c-4a72-9f81-ed1321f551ca for containerID=#1 failed. Corresponding entry not found.
2019-06-14 09:10:10,791 DEBUG block.DeletedBlockLogImpl (DeletedBlockLogImpl.java:isTransactionFailed(245)) - Got block deletion ACK from datanode, TXIDs=1, success=true
2019-06-14 09:10:10,791 WARN  block.DeletedBlockLogImpl (DeletedBlockLogImpl.java:commitTransactions(205)) - Transaction txId=1 commit by dnId=e6065258-5a2c-4a72-9f81-ed1321f551ca for containerID=#1 failed. Corresponding entry not found.
2019-06-14 09:10:10,791 DEBUG block.DeletedBlockLogImpl (DeletedBlockLogImpl.java:isTransactionFailed(245)) - Got block deletion ACK from datanode, TXIDs=1, success=true
2019-06-14 09:10:10,791 WARN  block.DeletedBlockLogImpl (DeletedBlockLogImpl.java:commitTransactions(205)) - Transaction txId=1 commit by dnId=e6065258-5a2c-4a72-9f81-ed1321f551ca for containerID=#1 failed. Corresponding entry not found.
2019-06-14 09:10:10,791 DEBUG block.DeletedBlockLogImpl (DeletedBlockLogImpl.java:isTransactionFailed(245)) - Got block deletion ACK from datanode, TXIDs=1, success=true
2019-06-14 09:10:10,791 WARN  block.DeletedBlockLogImpl (DeletedBlockLogImpl.java:commitTransactions(205)) - Transaction txId=1 commit by dnId=e6065258-5a2c-4a72-9f81-ed1321f551ca for containerID=#1 failed. Corresponding entry not found.
2019-06-14 09:10:10,791 DEBUG block.DeletedBlockLogImpl (DeletedBlockLogImpl.java:isTransactionFailed(245)) - Got block deletion ACK from datanode, TXIDs=1, success=true
2019-06-14 09:10:10,791 WARN  block.DeletedBlockLogImpl (DeletedBlockLogImpl.java:commitTransactions(205)) - Transaction txId=1 commit by dnId=e6065258-5a2c-4a72-9f81-ed1321f551ca for containerID=#1 failed. Corresponding entry not found.
2019-06-14 09:10:10,791 DEBUG block.DeletedBlockLogImpl (DeletedBlockLogImpl.java:isTransactionFailed(245)) - Got block deletion ACK from datanode, TXIDs=1, success=true
2019-06-14 09:10:10,791 WARN  block.DeletedBlockLogImpl (DeletedBlockLogImpl.java:commitTransactions(205)) - Transaction txId=1 commit by dnId=e6065258-5a2c-4a72-9f81-ed1321f551ca for containerID=#1 failed. Corresponding entry not found.
2019-06-14 09:10:10,791 DEBUG block.DeletedBlockLogImpl (DeletedBlockLogImpl.java:isTransactionFailed(245)) - Got block deletion ACK from datanode, TXIDs=1, success=true
2019-06-14 09:10:10,791 WARN  block.DeletedBlockLogImpl (DeletedBlockLogImpl.java:commitTransactions(205)) - Transaction txId=1 commit by dnId=e6065258-5a2c-4a72-9f81-ed1321f551ca for containerID=#1 failed. Corresponding entry not found.
2019-06-14 09:10:10,791 DEBUG block.DeletedBlockLogImpl (DeletedBlockLogImpl.java:isTransactionFailed(245)) - Got block deletion ACK from datanode, TXIDs=1, success=true
2019-06-14 09:10:10,791 WARN  block.DeletedBlockLogImpl (DeletedBlockLogImpl.java:commitTransactions(205)) - Transaction txId=1 commit by dnId=e6065258-5a2c-4a72-9f81-ed1321f551ca for containerID=#1 failed. Corresponding entry not found.
2019-06-14 09:10:10,791 DEBUG block.DeletedBlockLogImpl (DeletedBlockLogImpl.java:isTransactionFailed(245)) - Got block deletion ACK from datanode, TXIDs=1, success=true
2019-06-14 09:10:10,791 WARN  block.DeletedBlockLogImpl (DeletedBlockLogImpl.java:commitTransactions(205)) - Transaction txId=1 commit by dnId=e6065258-5a2c-4a72-9f81-ed1321f551ca for containerID=#1 failed. Corresponding entry not found.
2019-06-14 09:10:10,791 DEBUG block.DeletedBlockLogImpl (DeletedBlockLogImpl.java:isTransactionFailed(245)) - Got block deletion ACK from datanode, TXIDs=1, success=true
2019-06-14 09:10:10,791 WARN  block.DeletedBlockLogImpl (DeletedBlockLogImpl.java:commitTransactions(205)) - Transaction txId=1 commit by dnId=e6065258-5a2c-4a72-9f81-ed1321f551ca for containerID=#1 failed. Corresponding entry not found.
2019-06-14 09:10:10,791 DEBUG block.DeletedBlockLogImpl (DeletedBlockLogImpl.java:isTransactionFailed(245)) - Got block deletion ACK from datanode, TXIDs=1, success=true
2019-06-14 09:10:10,791 WARN  block.DeletedBlockLogImpl (DeletedBlockLogImpl.java:commitTransactions(205)) - Transaction txId=1 commit by dnId=e6065258-5a2c-4a72-9f81-ed1321f551ca for containerID=#1 failed. Corresponding entry not found.
2019-06-14 09:10:10,791 DEBUG block.DeletedBlockLogImpl (DeletedBlockLogImpl.java:isTransactionFailed(245)) - Got block deletion ACK from datanode, TXIDs=1, success=true
2019-06-14 09:10:10,791 WARN  block.DeletedBlockLogImpl (DeletedBlockLogImpl.java:commitTransactions(205)) - Transaction txId=1 commit by dnId=e6065258-5a2c-4a72-9f81-ed1321f551ca for containerID=#1 failed. Corresponding entry not found.
2019-06-14 09:10:10,792 DEBUG block.DeletedBlockLogImpl (DeletedBlockLogImpl.java:isTransactionFailed(245)) - Got block deletion ACK from datanode, TXIDs=1, success=true
2019-06-14 09:10:10,792 WARN  block.DeletedBlockLogImpl (DeletedBlockLogImpl.java:commitTransactions(205)) - Transaction txId=1 commit by dnId=e6065258-5a2c-4a72-9f81-ed1321f551ca for containerID=#1 failed. Corresponding entry not found.
2019-06-14 09:10:10,798 INFO  commandhandler.DeleteBlocksCommandHandler (DeleteBlocksCommandHandler.java:handle(106)) - Start to delete container blocks, TXIDs=[1(0),2(0),3(0)], numOfContainers=3, numOfBlocks=553
2019-06-14 09:10:10,799 INFO  commandhandler.DeleteBlocksCommandHandler (DeleteBlocksCommandHandler.java:handle(106)) - Start to delete container blocks, TXIDs=[1(0),2(0),3(0)], numOfContainers=3, numOfBlocks=553
2019-06-14 09:10:10,800 INFO  commandhandler.DeleteBlocksCommandHandler (DeleteBlocksCommandHandler.java:handle(106)) - Start to delete container blocks, TXIDs=[1(0),2(0),3(0)], numOfContainers=3, numOfBlocks=553
2019-06-14 09:10:10,800 INFO  commandhandler.DeleteBlocksCommandHandler (DeleteBlocksCommandHandler.java:handle(106)) - Start to delete container blocks, TXIDs=[1(0),2(0),3(0)], numOfContainers=3, numOfBlocks=553
2019-06-14 09:10:10,801 INFO  commandhandler.DeleteBlocksCommandHandler (DeleteBlocksCommandHandler.java:handle(106)) - Start to delete container blocks, TXIDs=[1(0),2(0),3(0)], numOfContainers=3, numOfBlocks=553
2019-06-14 09:10:10,801 INFO  commandhandler.DeleteBlocksCommandHandler (DeleteBlocksCommandHandler.java:handle(106)) - Start to delete container blocks, TXIDs=[1(0),2(0),3(0)], numOfContainers=3, numOfBlocks=553
2019-06-14 09:10:10,802 INFO  commandhandler.DeleteBlocksCommandHandler (DeleteBlocksCommandHandler.java:handle(106)) - Start to delete container blocks, TXIDs=[1(0),2(0),3(0)], numOfContainers=3, numOfBlocks=553
2019-06-14 09:10:10,803 INFO  commandhandler.DeleteBlocksCommandHandler (DeleteBlocksCommandHandler.java:handle(106)) - Start to delete container blocks, TXIDs=[1(0),2(0),3(0)], numOfContainers=3, numOfBlocks=553
2019-06-14 09:10:10,803 INFO  commandhandler.DeleteBlocksCommandHandler (DeleteBlocksCommandHandler.java:handle(106)) - Start to delete container blocks, TXIDs=[1(0),2(0),3(0)], numOfContainers=3, numOfBlocks=553
2019-06-14 09:10:10,804 INFO  commandhandler.DeleteBlocksCommandHandler (DeleteBlocksCommandHandler.java:handle(106)) - Start to delete container blocks, TXIDs=[1(0),2(0),3(0)], numOfContainers=3, numOfBlocks=553
2019-06-14 09:10:10,804 INFO  commandhandler.DeleteBlocksCommandHandler (DeleteBlocksCommandHandler.java:handle(106)) - Start to delete container blocks, TXIDs=[1(0),2(0),3(0)], numOfContainers=3, numOfBlocks=553
2019-06-14 09:10:10,805 INFO  commandhandler.DeleteBlocksCommandHandler (DeleteBlocksCommandHandler.java:handle(106)) - Start to delete container blocks, TXIDs=[1(0),2(0),3(0)], numOfContainers=3, numOfBlocks=553
2019-06-14 09:10:10,806 INFO  commandhandler.DeleteBlocksCommandHandler (DeleteBlocksCommandHandler.java:handle(106)) - Start to delete container blocks, TXIDs=[1(0),2(0),3(0)], numOfContainers=3, numOfBlocks=553
2019-06-14 09:10:10,806 INFO  commandhandler.DeleteBlocksCommandHandler (DeleteBlocksCommandHandler.java:handle(106)) - Start to delete container blocks, TXIDs=[1(0),2(0),3(0)], numOfContainers=3, numOfBlocks=553
2019-06-14 09:10:10,807 INFO  commandhandler.DeleteBlocksCommandHandler (DeleteBlocksCommandHandler.java:handle(106)) - Start to delete container blocks, TXIDs=[1(0),2(0),3(0)], numOfContainers=3, numOfBlocks=553
2019-06-14 09:10:10,807 INFO  commandhandler.DeleteBlocksCommandHandler (DeleteBlocksCommandHandler.java:handle(106)) - Start to delete container blocks, TXIDs=[1(0),2(0),3(0)], numOfContainers=3, numOfBlocks=553
2019-06-14 09:10:10,808 INFO  commandhandler.DeleteBlocksCommandHandler (DeleteBlocksCommandHandler.java:handle(106)) - Start to delete container blocks, TXIDs=[1(0),2(0),3(0)], numOfContainers=3, numOfBlocks=553
2019-06-14 09:10:10,808 INFO  commandhandler.DeleteBlocksCommandHandler (DeleteBlocksCommandHandler.java:handle(106)) - Start to delete container blocks, TXIDs=[1(0),2(0),3(0)], numOfContainers=3, numOfBlocks=553
2019-06-14 09:10:10,809 INFO  commandhandler.DeleteBlocksCommandHandler (DeleteBlocksCommandHandler.java:handle(106)) - Start to delete container blocks, TXIDs=[1(0),2(0),3(0)], numOfContainers=3, numOfBlocks=553
2019-06-14 09:10:10,809 INFO  commandhandler.DeleteBlocksCommandHandler (DeleteBlocksCommandHandler.java:handle(106)) - Start to delete container blocks, TXIDs=[1(0),2(0),3(0)], numOfContainers=3, numOfBlocks=553
2019-06-14 09:10:10,810 INFO  commandhandler.DeleteBlocksCommandHandler (DeleteBlocksCommandHandler.java:handle(106)) - Start to delete container blocks, TXIDs=[1(0),2(0),3(0)], numOfContainers=3, numOfBlocks=553
2019-06-14 09:10:10,811 INFO  commandhandler.DeleteBlocksCommandHandler (DeleteBlocksCommandHandler.java:handle(106)) - Start to delete container blocks, TXIDs=[1(0),2(0),3(0)], numOfContainers=3, numOfBlocks=553
2019-06-14 09:10:10,811 INFO  commandhandler.DeleteBlocksCommandHandler (DeleteBlocksCommandHandler.java:handle(106)) - Start to delete container blocks, TXIDs=[1(0),2(0),3(0)], numOfContainers=3, numOfBlocks=553
2019-06-14 09:10:10,812 INFO  commandhandler.DeleteBlocksCommandHandler (DeleteBlocksCommandHandler.java:handle(106)) - Start to delete container blocks, TXIDs=[1(0),2(0),3(0)], numOfContainers=3, numOfBlocks=553
2019-06-14 09:10:10,812 INFO  commandhandler.DeleteBlocksCommandHandler (DeleteBlocksCommandHandler.java:handle(106)) - Start to delete container blocks, TXIDs=[1(0),2(0),3(0)], numOfContainers=3, numOfBlocks=553
2019-06-14 09:10:10,813 INFO  commandhandler.DeleteBlocksCommandHandler (DeleteBlocksCommandHandler.java:handle(106)) - Start to delete container blocks, TXIDs=[1(0),2(0),3(0)], numOfContainers=3, numOfBlocks=553
2019-06-14 09:10:10,813 INFO  commandhandler.DeleteBlocksCommandHandler (DeleteBlocksCommandHandler.java:handle(106)) - Start to delete container blocks, TXIDs=[1(0),2(0),3(0)], numOfContainers=3, numOfBlocks=553
2019-06-14 09:10:10,814 INFO  impl.LeaderElection (DeleteBlocksCommandHandler.java:handle(106)) - Start to delete container blocks, TXIDs=[1(0),2(0),3(0)], numOfContainers=3, numOfBlocks=553
LeaderElection.java:askForVotes(181)) - e6065258-5a2c-4a72-9f81-ed1321f551ca:group-AEF50F0B1871:LeaderElection3: begin an election at term 1 for -1: [e6065258-5a2c-4a72-9f81-ed1321f551ca:192.168.105.147:44531], old=null
2019-06-14 09:10:10,814 INFO  commandhandler.DeleteBlocksCommandHandler (DeleteBlocksCommandHandler.java:handle(106)) - Start to delete container blocks, TXIDs=[1(0),2(0),3(0)], numOfContainers=3, numOfBlocks=553
2019-06-14 09:10:10,815 INFO  impl.RoleInfo (RoleInfo.java:shutdownLeaderElection(134)) - e6065258-5a2c-4a72-9f81-ed1321f551ca: shutdown LeaderElection
2019-06-14 09:10:10,815 INFO  impl.RaftServerImpl (RaftServerImpl.java:setRole(164)) - e6065258-5a2c-4a72-9f81-ed1321f551ca:group-AEF50F0B1871 changes role from CANDIDATE to LEADER at term 1 for changeToLeader
2019-06-14 09:10:10,815 INFO  impl.RaftServerImpl (ServerState.java:setLeader(263)) - e6065258-5a2c-4a72-9f81-ed1321f551ca:group-AEF50F0B1871 change Leader from null to e6065258-5a2c-4a72-9f81-ed1321f551ca at term 1 for becomeLeader, leader elected after 1210ms
2019-06-14 09:10:10,815 INFO  server.RaftServerConfigKeys (ConfUtils.java:logGet(43)) - raft.server.staging.catchup.gap = 1000 (default)
2019-06-14 09:10:10,815 INFO  server.RaftServerConfigKeys (ConfUtils.java:logGet(43)) - raft.server.rpc.sleep.time = 25ms (default)
2019-06-14 09:10:10,815 INFO  server.RaftServerConfigKeys (ConfUtils.java:logGet(43)) - raft.server.watch.timeout = 10s (default)
2019-06-14 09:10:10,815 INFO  server.RaftServerConfigKeys (ConfUtils.java:logGet(43)) - raft.server.watch.timeout.denomination = 1s (default)
2019-06-14 09:10:10,815 INFO  commandhandler.DeleteBlocksCommandHandler (DeleteBlocksCommandHandler.java:handle(106)) - Start to delete container blocks, TXIDs=[1(0),2(0),3(0)], numOfContainers=3, numOfBlocks=553
2019-06-14 09:10:10,815 INFO  impl.RoleInfo (RoleInfo.java:updateAndGet(143)) - e6065258-5a2c-4a72-9f81-ed1321f551ca: start LeaderState
2019-06-14 09:10:10,815 INFO  storage.RaftLogWorker (RaftLogWorker.java:startLogSegment(298)) - e6065258-5a2c-4a72-9f81-ed1321f551ca-RaftLogWorker: Starting segment from index:0
2019-06-14 09:10:10,816 INFO  impl.RaftServerImpl (ServerState.java:setRaftConf(361)) - e6065258-5a2c-4a72-9f81-ed1321f551ca:group-AEF50F0B1871 set configuration 0: [e6065258-5a2c-4a72-9f81-ed1321f551ca:192.168.105.147:44531], old=null at 0
2019-06-14 09:10:10,833 DEBUG block.SCMBlockDeletingService (SCMBlockDeletingService.java:call(138)) - Running DeletedBlockTransactionScanner
2019-06-14 09:10:10,816 INFO  commandhandler.DeleteBlocksCommandHandler (DeleteBlocksCommandHandler.java:handle(106)) - Start to delete container blocks, TXIDs=[1(0),2(0),3(0)], numOfContainers=3, numOfBlocks=553
2019-06-14 09:10:10,833 DEBUG block.SCMBlockDeletingService (SCMBlockDeletingService.java:call(155)) - Scanned deleted blocks log and got 0 delTX to process.
2019-06-14 09:10:10,834 INFO  commandhandler.DeleteBlocksCommandHandler (DeleteBlocksCommandHandler.java:handle(106)) - Start to delete container blocks, TXIDs=[1(0),2(0),3(0)], numOfContainers=3, numOfBlocks=553
2019-06-14 09:10:10,834 INFO  commandhandler.DeleteBlocksCommandHandler (DeleteBlocksCommandHandler.java:handle(106)) - Start to delete container blocks, TXIDs=[1(0),2(0),3(0)], numOfContainers=3, numOfBlocks=553
2019-06-14 09:10:10,835 INFO  commandhandler.DeleteBlocksCommandHandler (DeleteBlocksCommandHandler.java:handle(106)) - Start to delete container blocks, TXIDs=[1(0),2(0),3(0)], numOfContainers=3, numOfBlocks=553
2019-06-14 09:10:10,835 INFO  commandhandler.DeleteBlocksCommandHandler (DeleteBlocksCommandHandler.java:handle(106)) - Start to delete container blocks, TXIDs=[1(0),2(0),3(0)], numOfContainers=3, numOfBlocks=553
2019-06-14 09:10:10,836 INFO  commandhandler.DeleteBlocksCommandHandler (DeleteBlocksCommandHandler.java:handle(106)) - Start to delete container blocks, TXIDs=[1(0),2(0),3(0)], numOfContainers=3, numOfBlocks=553
2019-06-14 09:10:10,836 INFO  commandhandler.DeleteBlocksCommandHandler (DeleteBlocksCommandHandler.java:handle(106)) - Start to delete container blocks, TXIDs=[1(0),2(0),3(0)], numOfContainers=3, numOfBlocks=553
2019-06-14 09:10:10,837 INFO  commandhandler.DeleteBlocksCommandHandler (DeleteBlocksCommandHandler.java:handle(106)) - Start to delete container blocks, TXIDs=[1(0),2(0),3(0)], numOfContainers=3, numOfBlocks=553
2019-06-14 09:10:10,838 INFO  commandhandler.DeleteBlocksCommandHandler (DeleteBlocksCommandHandler.java:handle(106)) - Start to delete container blocks, TXIDs=[1(0),2(0),3(0)], numOfContainers=3, numOfBlocks=553
2019-06-14 09:10:10,838 INFO  commandhandler.DeleteBlocksCommandHandler (DeleteBlocksCommandHandler.java:handle(106)) - Start to delete container blocks, TXIDs=[1(0),2(0),3(0)], numOfContainers=3, numOfBlocks=553
2019-06-14 09:10:10,839 INFO  commandhandler.DeleteBlocksCommandHandler (DeleteBlocksCommandHandler.java:handle(106)) - Start to delete container blocks, TXIDs=[1(0),2(0),3(0)], numOfContainers=3, numOfBlocks=553
2019-06-14 09:10:10,839 INFO  commandhandler.DeleteBlocksCommandHandler (DeleteBlocksCommandHandler.java:handle(106)) - Start to delete container blocks, TXIDs=[1(0),2(0),3(0)], numOfContainers=3, numOfBlocks=553
2019-06-14 09:10:10,840 INFO  commandhandler.DeleteBlocksCommandHandler (DeleteBlocksCommandHandler.java:handle(106)) - Start to delete container blocks, TXIDs=[1(0),2(0),3(0)], numOfContainers=3, numOfBlocks=553
2019-06-14 09:10:10,840 INFO  commandhandler.DeleteBlocksCommandHandler (DeleteBlocksCommandHandler.java:handle(106)) - Start to delete container blocks, TXIDs=[1(0),2(0),3(0)], numOfContainers=3, numOfBlocks=553
2019-06-14 09:10:10,841 INFO  commandhandler.DeleteBlocksCommandHandler (DeleteBlocksCommandHandler.java:handle(106)) - Start to delete container blocks, TXIDs=[1(0),2(0),3(0)], numOfContainers=3, numOfBlocks=553
2019-06-14 09:10:10,842 INFO  commandhandler.DeleteBlocksCommandHandler (DeleteBlocksCommandHandler.java:handle(106)) - Start to delete container blocks, TXIDs=[1(0),2(0),3(0)], numOfContainers=3, numOfBlocks=553
2019-06-14 09:10:10,842 INFO  commandhandler.DeleteBlocksCommandHandler (DeleteBlocksCommandHandler.java:handle(106)) - Start to delete container blocks, TXIDs=[1(0),2(0),3(0)], numOfContainers=3, numOfBlocks=553
2019-06-14 09:10:10,843 INFO  commandhandler.DeleteBlocksCommandHandler (DeleteBlocksCommandHandler.java:handle(106)) - Start to delete container blocks, TXIDs=[1(0),2(0),3(0)], numOfContainers=3, numOfBlocks=553
2019-06-14 09:10:10,843 INFO  commandhandler.DeleteBlocksCommandHandler (DeleteBlocksCommandHandler.java:handle(106)) - Start to delete container blocks, TXIDs=[1(0),2(0),3(0)], numOfContainers=3, numOfBlocks=553
2019-06-14 09:10:10,844 INFO  commandhandler.DeleteBlocksCommandHandler (DeleteBlocksCommandHandler.java:handle(106)) - Start to delete container blocks, TXIDs=[1(0),2(0),3(0)], numOfContainers=3, numOfBlocks=553
2019-06-14 09:10:10,844 INFO  commandhandler.DeleteBlocksCommandHandler (DeleteBlocksCommandHandler.java:handle(106)) - Start to delete container blocks, TXIDs=[1(0),2(0),3(0)], numOfContainers=3, numOfBlocks=553
2019-06-14 09:10:10,845 INFO  commandhandler.DeleteBlocksCommandHandler (DeleteBlocksCommandHandler.java:handle(106)) - Start to delete container blocks, TXIDs=[1(0),2(0),3(0)], numOfContainers=3, numOfBlocks=553
2019-06-14 09:10:10,846 INFO  commandhandler.DeleteBlocksCommandHandler (DeleteBlocksCommandHandler.java:handle(106)) - Start to delete container blocks, TXIDs=[1(0),2(0),3(0)], numOfContainers=3, numOfBlocks=553
2019-06-14 09:10:10,846 INFO  commandhandler.DeleteBlocksCommandHandler (DeleteBlocksCommandHandler.java:handle(106)) - Start to delete container blocks, TXIDs=[1(0),2(0),3(0)], numOfContainers=3, numOfBlocks=553
2019-06-14 09:10:10,847 INFO  commandhandler.DeleteBlocksCommandHandler (DeleteBlocksCommandHandler.java:handle(106)) - Start to delete container blocks, TXIDs=[1(0),2(0),3(0)], numOfContainers=3, numOfBlocks=553
2019-06-14 09:10:10,848 INFO  commandhandler.DeleteBlocksCommandHandler (DeleteBlocksCommandHandler.java:handle(106)) - Start to delete container blocks, TXIDs=[1(0),2(0),3(0)], numOfContainers=3, numOfBlocks=553
2019-06-14 09:10:10,848 INFO  commandhandler.DeleteBlocksCommandHandler (DeleteBlocksCommandHandler.java:handle(106)) - Start to delete container blocks, TXIDs=[1(0),2(0),3(0)], numOfContainers=3, numOfBlocks=553
2019-06-14 09:10:10,849 INFO  commandhandler.DeleteBlocksCommandHandler (DeleteBlocksCommandHandler.java:handle(106)) - Start to delete container blocks, TXIDs=[1(0),2(0),3(0)], numOfContainers=3, numOfBlocks=553
2019-06-14 09:10:10,849 INFO  commandhandler.DeleteBlocksCommandHandler (DeleteBlocksCommandHandler.java:handle(106)) - Start to delete container blocks, TXIDs=[1(0),2(0),3(0)], numOfContainers=3, numOfBlocks=553
2019-06-14 09:10:10,850 INFO  commandhandler.DeleteBlocksCommandHandler (DeleteBlocksCommandHandler.java:handle(106)) - Start to delete container blocks, TXIDs=[1(0),2(0),3(0)], numOfContainers=3, numOfBlocks=553
2019-06-14 09:10:10,850 INFO  commandhandler.DeleteBlocksCommandHandler (DeleteBlocksCommandHandler.java:handle(106)) - Start to delete container blocks, TXIDs=[1(0),2(0),3(0)], numOfContainers=3, numOfBlocks=553
2019-06-14 09:10:10,870 INFO  commands.RetriableDatanodeEventWatcher (RetriableDatanodeEventWatcher.java:onTimeout(47)) - RetriableDatanodeCommand type=deleteBlocksCommand with id=1560503399545 timed out. Retrying.
2019-06-14 09:10:10,876 INFO  commandhandler.DeleteBlocksCommandHandler (DeleteBlocksCommandHandler.java:handle(106)) - Start to delete container blocks, TXIDs=[1(0),2(0),3(0)], numOfContainers=3, numOfBlocks=553
2019-06-14 09:10:10,879 INFO  commandhandler.DeleteBlocksCommandHandler (DeleteBlocksCommandHandler.java:handle(106)) - Start to delete container blocks, TXIDs=[1(0),2(0),3(0)], numOfContainers=3, numOfBlocks=553
2019-06-14 09:10:10,879 INFO  commandhandler.DeleteBlocksCommandHandler (DeleteBlocksCommandHandler.java:handle(106)) - Start to delete container blocks, TXIDs=[1(0),2(0),3(0)], numOfContainers=3, numOfBlocks=553
2019-06-14 09:10:10,880 INFO  commandhandler.DeleteBlocksCommandHandler (DeleteBlocksCommandHandler.java:handle(106)) - Start to delete container blocks, TXIDs=[1(0),2(0),3(0)], numOfContainers=3, numOfBlocks=553
2019-06-14 09:10:10,881 INFO  commandhandler.DeleteBlocksCommandHandler (DeleteBlocksCommandHandler.java:handle(106)) - Start to delete container blocks, TXIDs=[1(0),2(0),3(0)], numOfContainers=3, numOfBlocks=553
2019-06-14 09:10:10,881 INFO  commandhandler.DeleteBlocksCommandHandler (DeleteBlocksCommandHandler.java:handle(106)) - Start to delete container blocks, TXIDs=[1(0),2(0),3(0)], numOfContainers=3, numOfBlocks=553
2019-06-14 09:10:10,882 INFO  commandhandler.DeleteBlocksCommandHandler (DeleteBlocksCommandHandler.java:handle(106)) - Start to delete container blocks, TXIDs=[1(0),2(0),3(0)], numOfContainers=3, numOfBlocks=553
2019-06-14 09:10:10,882 INFO  commands.RetriableDatanodeEventWatcher (RetriableDatanodeEventWatcher.java:onTimeout(47)) - RetriableDatanodeCommand type=deleteBlocksCommand with id=1560503399555 timed out. Retrying.
2019-06-14 09:10:10,883 INFO  commandhandler.DeleteBlocksCommandHandler (DeleteBlocksCommandHandler.java:handle(106)) - Start to delete container blocks, TXIDs=[1(0),2(0),3(0)], numOfContainers=3, numOfBlocks=553
2019-06-14 09:10:10,883 INFO  commandhandler.DeleteBlocksCommandHandler (DeleteBlocksCommandHandler.java:handle(106)) - Start to delete container blocks, TXIDs=[1(0),2(0),3(0)], numOfContainers=3, numOfBlocks=553
2019-06-14 09:10:10,884 INFO  commandhandler.DeleteBlocksCommandHandler (DeleteBlocksCommandHandler.java:handle(106)) - Start to delete container blocks, TXIDs=[1(0),2(0),3(0)], numOfContainers=3, numOfBlocks=553
2019-06-14 09:10:10,884 INFO  commandhandler.DeleteBlocksCommandHandler (DeleteBlocksCommandHandler.java:handle(106)) - Start to delete container blocks, TXIDs=[1(0),2(0),3(0)], numOfContainers=3, numOfBlocks=553
2019-06-14 09:10:10,886 INFO  commandhandler.DeleteBlocksCommandHandler (DeleteBlocksCommandHandler.java:handle(106)) - Start to delete container blocks, TXIDs=[1(0),2(0),3(0)], numOfContainers=3, numOfBlocks=553
2019-06-14 09:10:10,887 INFO  commandhandler.DeleteBlocksCommandHandler (DeleteBlocksCommandHandler.java:handle(106)) - Start to delete container blocks, TXIDs=[1(0),2(0),3(0)], numOfContainers=3, numOfBlocks=553
2019-06-14 09:10:10,888 INFO  commandhandler.DeleteBlocksCommandHandler (DeleteBlocksCommandHandler.java:handle(106)) - Start to delete container blocks, TXIDs=[1(0),2(0),3(0)], numOfContainers=3, numOfBlocks=553
2019-06-14 09:10:10,889 INFO  commandhandler.DeleteBlocksCommandHandler (DeleteBlocksCommandHandler.java:handle(106)) - Start to delete container blocks, TXIDs=[1(0),2(0),3(0)], numOfContainers=3, numOfBlocks=553
2019-06-14 09:10:10,890 INFO  commandhandler.DeleteBlocksCommandHandler (DeleteBlocksCommandHandler.java:handle(106)) - Start to delete container blocks, TXIDs=[1(0),2(0),3(0)], numOfContainers=3, numOfBlocks=553
2019-06-14 09:10:10,890 INFO  commandhandler.DeleteBlocksCommandHandler (DeleteBlocksCommandHandler.java:handle(106)) - Start to delete container blocks, TXIDs=[1(0),2(0),3(0)], numOfContainers=3, numOfBlocks=553
2019-06-14 09:10:10,891 INFO  commandhandler.DeleteBlocksCommandHandler (DeleteBlocksCommandHandler.java:handle(106)) - Start to delete container blocks, TXIDs=[1(0),2(0),3(0)], numOfContainers=3, numOfBlocks=553
2019-06-14 09:10:10,892 INFO  commandhandler.DeleteBlocksCommandHandler (DeleteBlocksCommandHandler.java:handle(106)) - Start to delete container blocks, TXIDs=[1(0),2(0),3(0)], numOfContainers=3, numOfBlocks=553
2019-06-14 09:10:10,893 INFO  commandhandler.DeleteBlocksCommandHandler (DeleteBlocksCommandHandler.java:handle(106)) - Start to delete container blocks, TXIDs=[1(0),2(0),3(0)], numOfContainers=3, numOfBlocks=553
2019-06-14 09:10:10,893 INFO  commandhandler.DeleteBlocksCommandHandler (DeleteBlocksCommandHandler.java:handle(106)) - Start to delete container blocks, TXIDs=[1(0),2(0),3(0)], numOfContainers=3, numOfBlocks=553
2019-06-14 09:10:10,894 INFO  commandhandler.DeleteBlocksCommandHandler (DeleteBlocksCommandHandler.java:handle(106)) - Start to delete container blocks, TXIDs=[1(0),2(0),3(0)], numOfContainers=3, numOfBlocks=553
2019-06-14 09:10:10,895 INFO  commandhandler.DeleteBlocksCommandHandler (DeleteBlocksCommandHandler.java:handle(106)) - Start to delete container blocks, TXIDs=[1(0),2(0),3(0)], numOfContainers=3, numOfBlocks=553
2019-06-14 09:10:10,896 INFO  commandhandler.DeleteBlocksCommandHandler (DeleteBlocksCommandHandler.java:handle(106)) - Start to delete container blocks, TXIDs=[1(0),2(0),3(0)], numOfContainers=3, numOfBlocks=553
2019-06-14 09:10:10,896 INFO  commandhandler.DeleteBlocksCommandHandler (DeleteBlocksCommandHandler.java:handle(106)) - Start to delete container blocks, TXIDs=[1(0),2(0),3(0)], numOfContainers=3, numOfBlocks=553
2019-06-14 09:10:10,897 INFO  commandhandler.DeleteBlocksCommandHandler (DeleteBlocksCommandHandler.java:handle(106)) - Start to delete container blocks, TXIDs=[1(0),2(0),3(0)], numOfContainers=3, numOfBlocks=553
2019-06-14 09:10:10,897 INFO  commandhandler.DeleteBlocksCommandHandler (DeleteBlocksCommandHandler.java:handle(106)) - Start to delete container blocks, TXIDs=[1(0),2(0),3(0)], numOfContainers=3, numOfBlocks=553
2019-06-14 09:10:10,898 INFO  commandhandler.DeleteBlocksCommandHandler (DeleteBlocksCommandHandler.java:handle(106)) - Start to delete container blocks, TXIDs=[1(0),2(0),3(0)], numOfContainers=3, numOfBlocks=553
2019-06-14 09:10:10,899 INFO  commandhandler.DeleteBlocksCommandHandler (DeleteBlocksCommandHandler.java:handle(106)) - Start to delete container blocks, TXIDs=[1(0),2(0),3(0)], numOfContainers=3, numOfBlocks=553
2019-06-14 09:10:10,899 INFO  commandhandler.DeleteBlocksCommandHandler (DeleteBlocksCommandHandler.java:handle(106)) - Start to delete container blocks, TXIDs=[1(0),2(0),3(0)], numOfContainers=3, numOfBlocks=553
2019-06-14 09:10:10,900 INFO  commandhandler.DeleteBlocksCommandHandler (DeleteBlocksCommandHandler.java:handle(106)) - Start to delete container blocks, TXIDs=[1(0),2(0),3(0)], numOfContainers=3, numOfBlocks=553
2019-06-14 09:10:10,901 INFO  commandhandler.DeleteBlocksCommandHandler (DeleteBlocksCommandHandler.java:handle(106)) - Start to delete container blocks, TXIDs=[1(0),2(0),3(0)], numOfContainers=3, numOfBlocks=553
2019-06-14 09:10:10,902 INFO  commandhandler.DeleteBlocksCommandHandler (DeleteBlocksCommandHandler.java:handle(106)) - Start to delete container blocks, TXIDs=[1(0),2(0),3(0)], numOfContainers=3, numOfBlocks=553
2019-06-14 09:10:10,903 INFO  commandhandler.DeleteBlocksCommandHandler (DeleteBlocksCommandHandler.java:handle(106)) - Start to delete container blocks, TXIDs=[1(0),2(0),3(0)], numOfContainers=3, numOfBlocks=553
2019-06-14 09:10:10,904 INFO  commandhandler.DeleteBlocksCommandHandler (DeleteBlocksCommandHandler.java:handle(106)) - Start to delete container blocks, TXIDs=[1(0),2(0),3(0)], numOfContainers=3, numOfBlocks=553
2019-06-14 09:10:10,904 INFO  storage.RaftLogWorker (RaftLogWorker.java:execute(469)) - e6065258-5a2c-4a72-9f81-ed1321f551ca-RaftLogWorker: created new log segment /opt/src/hadoop-ozone/integration-test/target/test-dir/MiniOzoneClusterImpl-a56da109-a1cb-4168-8966-62306f2f2d23/datanode-0/data/ratis/bb1f9ca9-31b8-425e-b0da-aef50f0b1871/current/log_inprogress_0
2019-06-14 09:10:10,905 INFO  commandhandler.DeleteBlocksCommandHandler (DeleteBlocksCommandHandler.java:handle(106)) - Start to delete container blocks, TXIDs=[1(0),2(0),3(0)], numOfContainers=3, numOfBlocks=553
2019-06-14 09:10:10,905 INFO  commandhandler.DeleteBlocksCommandHandler (DeleteBlocksCommandHandler.java:handle(106)) - Start to delete container blocks, TXIDs=[1(0),2(0),3(0)], numOfContainers=3, numOfBlocks=553
2019-06-14 09:10:10,906 INFO  commandhandler.DeleteBlocksCommandHandler (DeleteBlocksCommandHandler.java:handle(106)) - Start to delete container blocks, TXIDs=[1(0),2(0),3(0)], numOfContainers=3, numOfBlocks=553
2019-06-14 09:10:10,907 INFO  commandhandler.DeleteBlocksCommandHandler (DeleteBlocksCommandHandler.java:handle(106)) - Start to delete container blocks, TXIDs=[1(0),2(0),3(0)], numOfContainers=3, numOfBlocks=553
2019-06-14 09:10:10,908 INFO  commandhandler.DeleteBlocksCommandHandler (DeleteBlocksCommandHandler.java:handle(106)) - Start to delete container blocks, TXIDs=[1(0),2(0),3(0)], numOfContainers=3, numOfBlocks=553
2019-06-14 09:10:10,909 INFO  commandhandler.DeleteBlocksCommandHandler (DeleteBlocksCommandHandler.java:handle(106)) - Start to delete container blocks, TXIDs=[1(0),2(0),3(0)], numOfContainers=3, numOfBlocks=553
2019-06-14 09:10:10,909 INFO  commandhandler.DeleteBlocksCommandHandler (DeleteBlocksCommandHandler.java:handle(106)) - Start to delete container blocks, TXIDs=[1(0),2(0),3(0)], numOfContainers=3, numOfBlocks=553
2019-06-14 09:10:10,910 INFO  commandhandler.DeleteBlocksCommandHandler (DeleteBlocksCommandHandler.java:handle(106)) - Start to delete container blocks, TXIDs=[1(0),2(0),3(0)], numOfContainers=3, numOfBlocks=553
2019-06-14 09:10:10,910 INFO  commands.RetriableDatanodeEventWatcher (RetriableDatanodeEventWatcher.java:onTimeout(47)) - RetriableDatanodeCommand type=deleteBlocksCommand with id=1560503399565 timed out. Retrying.
2019-06-14 09:10:10,911 INFO  commandhandler.DeleteBlocksCommandHandler (DeleteBlocksCommandHandler.java:handle(106)) - Start to delete container blocks, TXIDs=[1(0),2(0),3(0)], numOfContainers=3, numOfBlocks=553
2019-06-14 09:10:10,912 INFO  commandhandler.DeleteBlocksCommandHandler (DeleteBlocksCommandHandler.java:handle(106)) - Start to delete container blocks, TXIDs=[1(0),2(0),3(0)], numOfContainers=3, numOfBlocks=553
2019-06-14 09:10:10,913 INFO  commandhandler.DeleteBlocksCommandHandler (DeleteBlocksCommandHandler.java:handle(106)) - Start to delete container blocks, TXIDs=[1(0),2(0),3(0)], numOfContainers=3, numOfBlocks=553
2019-06-14 09:10:10,914 INFO  commandhandler.DeleteBlocksCommandHandler (DeleteBlocksCommandHandler.java:handle(106)) - Start to delete container blocks, TXIDs=[1(0),2(0),3(0)], numOfContainers=3, numOfBlocks=553
2019-06-14 09:10:10,914 INFO  commandhandler.DeleteBlocksCommandHandler (DeleteBlocksCommandHandler.java:handle(106)) - Start to delete container blocks, TXIDs=[1(0),2(0),3(0)], numOfContainers=3, numOfBlocks=553
2019-06-14 09:10:10,915 INFO  commandhandler.DeleteBlocksCommandHandler (DeleteBlocksCommandHandler.java:handle(106)) - Start to delete container blocks, TXIDs=[1(0),2(0),3(0)], numOfContainers=3, numOfBlocks=553
2019-06-14 09:10:10,916 INFO  commandhandler.DeleteBlocksCommandHandler (DeleteBlocksCommandHandler.java:handle(106)) - Start to delete container blocks, TXIDs=[1(0),2(0),3(0)], numOfContainers=3, numOfBlocks=553
2019-06-14 09:10:10,917 INFO  commandhandler.DeleteBlocksCommandHandler (DeleteBlocksCommandHandler.java:handle(106)) - Start to delete container blocks, TXIDs=[1(0),2(0),3(0)], numOfContainers=3, numOfBlocks=553
2019-06-14 09:10:10,918 INFO  commandhandler.DeleteBlocksCommandHandler (DeleteBlocksCommandHandler.java:handle(106)) - Start to delete container blocks, TXIDs=[1(0),2(0),3(0)], numOfContainers=3, numOfBlocks=553
2019-06-14 09:10:10,919 INFO  commandhandler.DeleteBlocksCommandHandler (DeleteBlocksCommandHandler.java:handle(106)) - Start to delete container blocks, TXIDs=[1(0),2(0),3(0)], numOfContainers=3, numOfBlocks=553
2019-06-14 09:10:10,920 INFO  commandhandler.DeleteBlocksCommandHandler (DeleteBlocksCommandHandler.java:handle(106)) - Start to delete container blocks, TXIDs=[1(0),2(0),3(0)], numOfContainers=3, numOfBlocks=553
2019-06-14 09:10:10,921 INFO  commandhandler.DeleteBlocksCommandHandler (DeleteBlocksCommandHandler.java:handle(106)) - Start to delete container blocks, TXIDs=[1(0),2(0),3(0)], numOfContainers=3, numOfBlocks=553
2019-06-14 09:10:10,921 INFO  commandhandler.DeleteBlocksCommandHandler (DeleteBlocksCommandHandler.java:handle(106)) - Start to delete container blocks, TXIDs=[1(0),2(0),3(0)], numOfContainers=3, numOfBlocks=553
2019-06-14 09:10:10,922 INFO  commandhandler.DeleteBlocksCommandHandler (DeleteBlocksCommandHandler.java:handle(106)) - Start to delete container blocks, TXIDs=[1(0),2(0),3(0)], numOfContainers=3, numOfBlocks=553
2019-06-14 09:10:10,923 INFO  commandhandler.DeleteBlocksCommandHandler (DeleteBlocksCommandHandler.java:handle(106)) - Start to delete container blocks, TXIDs=[1(0),2(0),3(0)], numOfContainers=3, numOfBlocks=553
2019-06-14 09:10:10,924 INFO  commandhandler.DeleteBlocksCommandHandler (DeleteBlocksCommandHandler.java:handle(106)) - Start to delete container blocks, TXIDs=[1(0),2(0),3(0)], numOfContainers=3, numOfBlocks=553
2019-06-14 09:10:10,925 INFO  commandhandler.DeleteBlocksCommandHandler (DeleteBlocksCommandHandler.java:handle(106)) - Start to delete container blocks, TXIDs=[1(0),2(0),3(0)], numOfContainers=3, numOfBlocks=553
2019-06-14 09:10:10,926 INFO  commandhandler.DeleteBlocksCommandHandler (DeleteBlocksCommandHandler.java:handle(106)) - Start to delete container blocks, TXIDs=[1(0),2(0),3(0)], numOfContainers=3, numOfBlocks=553
2019-06-14 09:10:10,926 INFO  commandhandler.DeleteBlocksCommandHandler (DeleteBlocksCommandHandler.java:handle(106)) - Start to delete container blocks, TXIDs=[1(0),2(0),3(0)], numOfContainers=3, numOfBlocks=553
2019-06-14 09:10:10,927 INFO  commandhandler.DeleteBlocksCommandHandler (DeleteBlocksCommandHandler.java:handle(106)) - Start to delete container blocks, TXIDs=[1(0),2(0),3(0)], numOfContainers=3, numOfBlocks=553
2019-06-14 09:10:10,928 INFO  commandhandler.DeleteBlocksCommandHandler (DeleteBlocksCommandHandler.java:handle(106)) - Start to delete container blocks, TXIDs=[1(0),2(0),3(0)], numOfContainers=3, numOfBlocks=553
2019-06-14 09:10:10,928 INFO  commandhandler.DeleteBlocksCommandHandler (DeleteBlocksCommandHandler.java:handle(106)) - Start to delete container blocks, TXIDs=[1(0),2(0),3(0)], numOfContainers=3, numOfBlocks=553
2019-06-14 09:10:10,929 INFO  commandhandler.DeleteBlocksCommandHandler (DeleteBlocksCommandHandler.java:handle(106)) - Start to delete container blocks, TXIDs=[1(0),2(0),3(0)], numOfContainers=3, numOfBlocks=553
2019-06-14 09:10:10,929 INFO  commandhandler.DeleteBlocksCommandHandler (DeleteBlocksCommandHandler.java:handle(106)) - Start to delete container blocks, TXIDs=[1(0),2(0),3(0)], numOfContainers=3, numOfBlocks=553
2019-06-14 09:10:10,930 INFO  commandhandler.DeleteBlocksCommandHandler (DeleteBlocksCommandHandler.java:handle(106)) - Start to delete container blocks, TXIDs=[1(0),2(0),3(0)], numOfContainers=3, numOfBlocks=553
2019-06-14 09:10:10,930 INFO  commandhandler.DeleteBlocksCommandHandler (DeleteBlocksCommandHandler.java:handle(106)) - Start to delete container blocks, TXIDs=[1(0),2(0),3(0)], numOfContainers=3, numOfBlocks=553
2019-06-14 09:10:10,931 INFO  commandhandler.DeleteBlocksCommandHandler (DeleteBlocksCommandHandler.java:handle(106)) - Start to delete container blocks, TXIDs=[1(0),2(0),3(0)], numOfContainers=3, numOfBlocks=553
2019-06-14 09:10:10,931 INFO  commandhandler.DeleteBlocksCommandHandler (DeleteBlocksCommandHandler.java:handle(106)) - Start to delete container blocks, TXIDs=[1(0),2(0),3(0)], numOfContainers=3, numOfBlocks=553
2019-06-14 09:10:10,932 INFO  commandhandler.DeleteBlocksCommandHandler (DeleteBlocksCommandHandler.java:handle(106)) - Start to delete container blocks, TXIDs=[1(0),2(0),3(0)], numOfContainers=3, numOfBlocks=553
2019-06-14 09:10:10,933 INFO  commandhandler.DeleteBlocksCommandHandler (DeleteBlocksCommandHandler.java:handle(106)) - Start to delete container blocks, TXIDs=[1(0),2(0),3(0)], numOfContainers=3, numOfBlocks=553
2019-06-14 09:10:10,933 DEBUG block.SCMBlockDeletingService (DeleteBlocksCommandHandler.java:handle(106)) - Start to delete container blocks, TXIDs=[1(0),2(0),3(0)], numOfContainers=3, numOfBlocks=553
SCMBlockDeletingService.java:call(138)) - Running DeletedBlockTransactionScanner
2019-06-14 09:10:10,933 INFO  commandhandler.DeleteBlocksCommandHandler (DeleteBlocksCommandHandler.java:handle(106)) - Start to delete container blocks, TXIDs=[1(0),2(0),3(0)], numOfContainers=3, numOfBlocks=553
2019-06-14 09:10:10,933 DEBUG block.SCMBlockDeletingService (SCMBlockDeletingService.java:call(155)) - Scanned deleted blocks log and got 0 delTX to process.
2019-06-14 09:10:10,934 INFO  commandhandler.DeleteBlocksCommandHandler (DeleteBlocksCommandHandler.java:handle(106)) - Start to delete container blocks, TXIDs=[1(0),2(0),3(0)], numOfContainers=3, numOfBlocks=553
2019-06-14 09:10:10,935 INFO  commandhandler.DeleteBlocksCommandHandler (DeleteBlocksCommandHandler.java:handle(106)) - Start to delete container blocks, TXIDs=[1(0),2(0),3(0)], numOfContainers=3, numOfBlocks=553
2019-06-14 09:10:10,936 INFO  commandhandler.DeleteBlocksCommandHandler (DeleteBlocksCommandHandler.java:handle(106)) - Start to delete container blocks, TXIDs=[1(0),2(0),3(0)], numOfContainers=3, numOfBlocks=553
2019-06-14 09:10:10,936 INFO  commandhandler.DeleteBlocksCommandHandler (DeleteBlocksCommandHandler.java:handle(106)) - Start to delete container blocks, TXIDs=[1(0),2(0),3(0)], numOfContainers=3, numOfBlocks=553
2019-06-14 09:10:10,937 INFO  commandhandler.DeleteBlocksCommandHandler (DeleteBlocksCommandHandler.java:handle(106)) - Start to delete container blocks, TXIDs=[1(0),2(0),3(0)], numOfContainers=3, numOfBlocks=553
2019-06-14 09:10:10,938 INFO  commandhandler.DeleteBlocksCommandHandler (DeleteBlocksCommandHandler.java:handle(106)) - Start to delete container blocks, TXIDs=[1(0),2(0),3(0)], numOfContainers=3, numOfBlocks=553
2019-06-14 09:10:10,938 INFO  commandhandler.DeleteBlocksCommandHandler (DeleteBlocksCommandHandler.java:handle(106)) - Start to delete container blocks, TXIDs=[1(0),2(0),3(0)], numOfContainers=3, numOfBlocks=553
2019-06-14 09:10:10,939 INFO  commandhandler.DeleteBlocksCommandHandler (DeleteBlocksCommandHandler.java:handle(106)) - Start to delete container blocks, TXIDs=[1(0),2(0),3(0)], numOfContainers=3, numOfBlocks=553
2019-06-14 09:10:10,940 INFO  commandhandler.DeleteBlocksCommandHandler (DeleteBlocksCommandHandler.java:handle(106)) - Start to delete container blocks, TXIDs=[1(0),2(0),3(0)], numOfContainers=3, numOfBlocks=553
2019-06-14 09:10:10,940 INFO  commandhandler.DeleteBlocksCommandHandler (DeleteBlocksCommandHandler.java:handle(106)) - Start to delete container blocks, TXIDs=[1(0),2(0),3(0)], numOfContainers=3, numOfBlocks=553
2019-06-14 09:10:10,941 INFO  commandhandler.DeleteBlocksCommandHandler (DeleteBlocksCommandHandler.java:handle(106)) - Start to delete container blocks, TXIDs=[1(0),2(0),3(0)], numOfContainers=3, numOfBlocks=553
2019-06-14 09:10:10,941 INFO  commandhandler.DeleteBlocksCommandHandler (DeleteBlocksCommandHandler.java:handle(106)) - Start to delete container blocks, TXIDs=[1(0),2(0),3(0)], numOfContainers=3, numOfBlocks=553
2019-06-14 09:10:10,942 INFO  commandhandler.DeleteBlocksCommandHandler (DeleteBlocksCommandHandler.java:handle(106)) - Start to delete container blocks, TXIDs=[1(0),2(0),3(0)], numOfContainers=3, numOfBlocks=553
2019-06-14 09:10:10,942 INFO  commandhandler.DeleteBlocksCommandHandler (DeleteBlocksCommandHandler.java:handle(106)) - Start to delete container blocks, TXIDs=[1(0),2(0),3(0)], numOfContainers=3, numOfBlocks=553
2019-06-14 09:10:10,943 INFO  commandhandler.DeleteBlocksCommandHandler (DeleteBlocksCommandHandler.java:handle(106)) - Start to delete container blocks, TXIDs=[1(0),2(0),3(0)], numOfContainers=3, numOfBlocks=553
2019-06-14 09:10:10,943 INFO  commandhandler.DeleteBlocksCommandHandler (DeleteBlocksCommandHandler.java:handle(106)) - Start to delete container blocks, TXIDs=[1(0),2(0),3(0)], numOfContainers=3, numOfBlocks=553
2019-06-14 09:10:10,965 INFO  commands.RetriableDatanodeEventWatcher (RetriableDatanodeEventWatcher.java:onTimeout(47)) - RetriableDatanodeCommand type=deleteBlocksCommand with id=1560503399546 timed out. Retrying.
2019-06-14 09:10:10,971 INFO  commandhandler.DeleteBlocksCommandHandler (DeleteBlocksCommandHandler.java:handle(106)) - Start to delete container blocks, TXIDs=[1(0),2(0),3(0)], numOfContainers=3, numOfBlocks=553
2019-06-14 09:10:10,971 INFO  commandhandler.DeleteBlocksCommandHandler (DeleteBlocksCommandHandler.java:handle(106)) - Start to delete container blocks, TXIDs=[1(0),2(0),3(0)], numOfContainers=3, numOfBlocks=553
2019-06-14 09:10:10,972 INFO  commandhandler.DeleteBlocksCommandHandler (DeleteBlocksCommandHandler.java:handle(106)) - Start to delete container blocks, TXIDs=[1(0),2(0),3(0)], numOfContainers=3, numOfBlocks=553
2019-06-14 09:10:10,973 INFO  commandhandler.DeleteBlocksCommandHandler (DeleteBlocksCommandHandler.java:handle(106)) - Start to delete container blocks, TXIDs=[1(0),2(0),3(0)], numOfContainers=3, numOfBlocks=553
2019-06-14 09:10:10,973 INFO  commandhandler.DeleteBlocksCommandHandler (DeleteBlocksCommandHandler.java:handle(106)) - Start to delete container blocks, TXIDs=[1(0),2(0),3(0)], numOfContainers=3, numOfBlocks=553
2019-06-14 09:10:10,974 INFO  commandhandler.DeleteBlocksCommandHandler (DeleteBlocksCommandHandler.java:handle(106)) - Start to delete container blocks, TXIDs=[1(0),2(0),3(0)], numOfContainers=3, numOfBlocks=553
2019-06-14 09:10:10,974 INFO  commandhandler.DeleteBlocksCommandHandler (DeleteBlocksCommandHandler.java:handle(106)) - Start to delete container blocks, TXIDs=[1(0),2(0),3(0)], numOfContainers=3, numOfBlocks=553
2019-06-14 09:10:10,975 INFO  commandhandler.DeleteBlocksCommandHandler (DeleteBlocksCommandHandler.java:handle(106)) - Start to delete container blocks, TXIDs=[1(0),2(0),3(0)], numOfContainers=3, numOfBlocks=553
2019-06-14 09:10:10,975 INFO  commandhandler.DeleteBlocksCommandHandler (DeleteBlocksCommandHandler.java:handle(106)) - Start to delete container blocks, TXIDs=[1(0),2(0),3(0)], numOfContainers=3, numOfBlocks=553
2019-06-14 09:10:10,976 INFO  commandhandler.DeleteBlocksCommandHandler (DeleteBlocksCommandHandler.java:handle(106)) - Start to delete container blocks, TXIDs=[1(0),2(0),3(0)], numOfContainers=3, numOfBlocks=553
2019-06-14 09:10:10,977 INFO  commandhandler.DeleteBlocksCommandHandler (DeleteBlocksCommandHandler.java:handle(106)) - Start to delete container blocks, TXIDs=[1(0),2(0),3(0)], numOfContainers=3, numOfBlocks=553
2019-06-14 09:10:10,977 INFO  commandhandler.DeleteBlocksCommandHandler (DeleteBlocksCommandHandler.java:handle(106)) - Start to delete container blocks, TXIDs=[1(0),2(0),3(0)], numOfContainers=3, numOfBlocks=553
2019-06-14 09:10:10,978 INFO  commandhandler.DeleteBlocksCommandHandler (DeleteBlocksCommandHandler.java:handle(106)) - Start to delete container blocks, TXIDs=[1(0),2(0),3(0)], numOfContainers=3, numOfBlocks=553
2019-06-14 09:10:10,979 INFO  commandhandler.DeleteBlocksCommandHandler (DeleteBlocksCommandHandler.java:handle(106)) - Start to delete container blocks, TXIDs=[1(0),2(0),3(0)], numOfContainers=3, numOfBlocks=553
2019-06-14 09:10:10,979 INFO  commandhandler.DeleteBlocksCommandHandler (DeleteBlocksCommandHandler.java:handle(106)) - Start to delete container blocks, TXIDs=[1(0),2(0),3(0)], numOfContainers=3, numOfBlocks=553
2019-06-14 09:10:10,980 INFO  commandhandler.DeleteBlocksCommandHandler (DeleteBlocksCommandHandler.java:handle(106)) - Start to delete container blocks, TXIDs=[1(0),2(0),3(0)], numOfContainers=3, numOfBlocks=553
2019-06-14 09:10:10,980 INFO  commandhandler.DeleteBlocksCommandHandler (DeleteBlocksCommandHandler.java:handle(106)) - Start to delete container blocks, TXIDs=[1(0),2(0),3(0)], numOfContainers=3, numOfBlocks=553
2019-06-14 09:10:10,981 INFO  commandhandler.DeleteBlocksCommandHandler (DeleteBlocksCommandHandler.java:handle(106)) - Start to delete container blocks, TXIDs=[1(0),2(0),3(0)], numOfContainers=3, numOfBlocks=553
2019-06-14 09:10:10,981 INFO  commandhandler.DeleteBlocksCommandHandler (DeleteBlocksCommandHandler.java:handle(106)) - Start to delete container blocks, TXIDs=[1(0),2(0),3(0)], numOfContainers=3, numOfBlocks=553
2019-06-14 09:10:10,982 INFO  commandhandler.DeleteBlocksCommandHandler (DeleteBlocksCommandHandler.java:handle(106)) - Start to delete container blocks, TXIDs=[1(0),2(0),3(0)], numOfContainers=3, numOfBlocks=553
2019-06-14 09:10:10,982 INFO  commandhandler.DeleteBlocksCommandHandler (DeleteBlocksCommandHandler.java:handle(106)) - Start to delete container blocks, TXIDs=[1(0),2(0),3(0)], numOfContainers=3, numOfBlocks=553
2019-06-14 09:10:10,983 INFO  commands.RetriableDatanodeEventWatcher (RetriableDatanodeEventWatcher.java:onTimeout(47)) - RetriableDatanodeCommand type=deleteBlocksCommand with id=1560503399556 timed out. Retrying.
2019-06-14 09:10:10,983 INFO  commandhandler.DeleteBlocksCommandHandler (DeleteBlocksCommandHandler.java:handle(106)) - Start to delete container blocks, TXIDs=[1(0),2(0),3(0)], numOfContainers=3, numOfBlocks=553
2019-06-14 09:10:10,984 INFO  commandhandler.DeleteBlocksCommandHandler (DeleteBlocksCommandHandler.java:handle(106)) - Start to delete container blocks, TXIDs=[1(0),2(0),3(0)], numOfContainers=3, numOfBlocks=553
2019-06-14 09:10:10,985 INFO  commandhandler.DeleteBlocksCommandHandler (DeleteBlocksCommandHandler.java:handle(106)) - Start to delete container blocks, TXIDs=[1(0),2(0),3(0)], numOfContainers=3, numOfBlocks=553
2019-06-14 09:10:10,985 WARN  block.DeletedBlockLogImpl (DeletedBlockLogImpl.java:incrementCount(141)) - Deleted TXID not found.
2019-06-14 09:10:10,985 WARN  block.DeletedBlockLogImpl (DeletedBlockLogImpl.java:incrementCount(141)) - Deleted TXID not found.
2019-06-14 09:10:10,986 WARN  block.DeletedBlockLogImpl (DeletedBlockLogImpl.java:incrementCount(141)) - Deleted TXID not found.
2019-06-14 09:10:10,986 WARN  block.DeletedBlockLogImpl (DeletedBlockLogImpl.java:incrementCount(141)) - Deleted TXID not found.
2019-06-14 09:10:10,986 WARN  block.DeletedBlockLogImpl (DeletedBlockLogImpl.java:incrementCount(141)) - Deleted TXID not found.
2019-06-14 09:10:10,986 WARN  block.DeletedBlockLogImpl (DeletedBlockLogImpl.java:incrementCount(141)) - Deleted TXID not found.
2019-06-14 09:10:10,986 INFO  commandhandler.DeleteBlocksCommandHandler (DeletedBlockLogImpl.java:incrementCount(141)) - Deleted TXID not found.
2019-06-14 09:10:10,986 WARN  block.DeletedBlockLogImpl (DeleteBlocksCommandHandler.java:handle(106)) - Start to delete container blocks, TXIDs=[1(542),2(542),3(542)], numOfContainers=3, numOfBlocks=553
DeletedBlockLogImpl.java:incrementCount(141)) - Deleted TXID not found.
2019-06-14 09:10:10,986 WARN  block.DeletedBlockLogImpl (DeletedBlockLogImpl.java:incrementCount(141)) - Deleted TXID not found.
2019-06-14 09:10:10,986 WARN  block.DeletedBlockLogImpl (DeletedBlockLogImpl.java:incrementCount(141)) - Deleted TXID not found.
2019-06-14 09:10:10,986 WARN  block.DeletedBlockLogImpl (DeletedBlockLogImpl.java:incrementCount(141)) - Deleted TXID not found.
2019-06-14 09:10:10,985 WARN  events.EventWatcher (EventWatcher.java:lambda$start$0(110)) - Completion event without active lease. Id=1560503399534
2019-06-14 09:10:10,986 WARN  block.DeletedBlockLogImpl (DeletedBlockLogImpl.java:incrementCount(141)) - Deleted TXID not found.
2019-06-14 09:10:10,986 INFO  commandhandler.DeleteBlocksCommandHandler (DeleteBlocksCommandHandler.java:handle(106)) - Start to delete container blocks, TXIDs=[1(542),2(542),3(542)], numOfContainers=3, numOfBlocks=553
2019-06-14 09:10:10,986 DEBUG block.DeletedBlockLogImpl (DeletedBlockLogImpl.java:isTransactionFailed(245)) - Got block deletion ACK from datanode, TXIDs=1, success=true
2019-06-14 09:10:10,986 WARN  events.EventWatcher (EventWatcher.java:lambda$start$0(110)) - Completion event without active lease. Id=1560503399533
2019-06-14 09:10:10,986 WARN  block.DeletedBlockLogImpl (DeletedBlockLogImpl.java:commitTransactions(205)) - Transaction txId=1 commit by dnId=e6065258-5a2c-4a72-9f81-ed1321f551ca for containerID=#1 failed. Corresponding entry not found.
2019-06-14 09:10:10,986 WARN  events.EventWatcher (EventWatcher.java:lambda$start$0(110)) - Completion event without active lease. Id=1560503399523
2019-06-14 09:10:10,987 DEBUG block.DeletedBlockLogImpl (DeletedBlockLogImpl.java:isTransactionFailed(245)) - Got block deletion ACK from datanode, TXIDs=1, success=true
2019-06-14 09:10:10,987 WARN  events.EventWatcher (EventWatcher.java:lambda$start$0(110)) - Completion event without active lease. Id=1560503399524
2019-06-14 09:10:10,987 WARN  block.DeletedBlockLogImpl (DeletedBlockLogImpl.java:commitTransactions(205)) - Transaction txId=1 commit by dnId=e6065258-5a2c-4a72-9f81-ed1321f551ca for containerID=#1 failed. Corresponding entry not found.
2019-06-14 09:10:10,987 WARN  events.EventWatcher (EventWatcher.java:lambda$start$0(110)) - Completion event without active lease. Id=1560503399493
2019-06-14 09:10:10,987 DEBUG block.DeletedBlockLogImpl (DeletedBlockLogImpl.java:isTransactionFailed(245)) - Got block deletion ACK from datanode, TXIDs=1, success=true
2019-06-14 09:10:10,987 WARN  block.DeletedBlockLogImpl (DeletedBlockLogImpl.java:commitTransactions(205)) - Transaction txId=1 commit by dnId=e6065258-5a2c-4a72-9f81-ed1321f551ca for containerID=#1 failed. Corresponding entry not found.
2019-06-14 09:10:10,987 INFO  commandhandler.DeleteBlocksCommandHandler (DeletedBlockLogImpl.java:incrementCount(141)) - Deleted TXID not found.
2019-06-14 09:10:10,987 INFO  commandhandler.DeleteBlocksCommandHandler (DeleteBlocksCommandHandler.java:handle(106)) - Start to delete container blocks, TXIDs=[1(0),2(0),3(0)], numOfContainers=3, numOfBlocks=553
2019-06-14 09:10:10,987 WARN  block.DeletedBlockLogImpl (DeletedBlockLogImpl.java:incrementCount(141)) - Deleted TXID not found.
2019-06-14 09:10:10,987 WARN  block.DeletedBlockLogImpl (DeletedBlockLogImpl.java:incrementCount(141)) - Deleted TXID not found.
2019-06-14 09:10:10,987 DEBUG block.DeletedBlockLogImpl (DeletedBlockLogImpl.java:isTransactionFailed(245)) - Got block deletion ACK from datanode, TXIDs=1, success=true
2019-06-14 09:10:10,987 WARN  block.DeletedBlockLogImpl (DeletedBlockLogImpl.java:commitTransactions(205)) - Transaction txId=1 commit by dnId=e6065258-5a2c-4a72-9f81-ed1321f551ca for containerID=#1 failed. Corresponding entry not found.
2019-06-14 09:10:10,988 WARN  block.DeletedBlockLogImpl (DeletedBlockLogImpl.java:incrementCount(141)) - Deleted TXID not found.
2019-06-14 09:10:10,988 WARN  block.DeletedBlockLogImpl (DeletedBlockLogImpl.java:incrementCount(141)) - Deleted TXID not found.
2019-06-14 09:10:10,988 INFO  commandhandler.DeleteBlocksCommandHandler (DeleteBlocksCommandHandler.java:handle(106)) - Start to delete container blocks, TXIDs=[1(0),2(0),3(0)], numOfContainers=3, numOfBlocks=553
DeletedBlockLogImpl.java:incrementCount(141)) - Deleted TXID not found.
2019-06-14 09:10:10,988 INFO  commandhandler.DeleteBlocksCommandHandler (DeleteBlocksCommandHandler.java:handle(106)) - Start to delete container blocks, TXIDs=[1(0),2(0),3(0)], numOfContainers=3, numOfBlocks=553
2019-06-14 09:10:10,988 DEBUG block.DeletedBlockLogImpl (DeletedBlockLogImpl.java:isTransactionFailed(245)) - Got block deletion ACK from datanode, TXIDs=1, success=true
2019-06-14 09:10:10,988 WARN  block.DeletedBlockLogImpl (DeletedBlockLogImpl.java:commitTransactions(205)) - Transaction txId=1 commit by dnId=e6065258-5a2c-4a72-9f81-ed1321f551ca for containerID=#1 failed. Corresponding entry not found.
2019-06-14 09:10:10,988 DEBUG block.DeletedBlockLogImpl (DeletedBlockLogImpl.java:isTransactionFailed(245)) - Got block deletion ACK from datanode, TXIDs=1, success=true
2019-06-14 09:10:10,988 WARN  block.DeletedBlockLogImpl (DeletedBlockLogImpl.java:commitTransactions(205)) - Transaction txId=1 commit by dnId=e6065258-5a2c-4a72-9f81-ed1321f551ca for containerID=#1 failed. Corresponding entry not found.
2019-06-14 09:10:10,988 DEBUG block.DeletedBlockLogImpl (DeletedBlockLogImpl.java:isTransactionFailed(245)) - Got block deletion ACK from datanode, TXIDs=1, success=true
2019-06-14 09:10:10,988 WARN  block.DeletedBlockLogImpl (DeletedBlockLogImpl.java:commitTransactions(205)) - Transaction txId=1 commit by dnId=e6065258-5a2c-4a72-9f81-ed1321f551ca for containerID=#1 failed. Corresponding entry not found.
2019-06-14 09:10:10,988 DEBUG block.DeletedBlockLogImpl (DeletedBlockLogImpl.java:isTransactionFailed(245)) - Got block deletion ACK from datanode, TXIDs=1, success=true
2019-06-14 09:10:10,988 WARN  block.DeletedBlockLogImpl (DeletedBlockLogImpl.java:commitTransactions(205)) - Transaction txId=1 commit by dnId=e6065258-5a2c-4a72-9f81-ed1321f551ca for containerID=#1 failed. Corresponding entry not found.
2019-06-14 09:10:10,988 DEBUG block.DeletedBlockLogImpl (DeletedBlockLogImpl.java:isTransactionFailed(245)) - Got block deletion ACK from datanode, TXIDs=1, success=true
2019-06-14 09:10:10,988 WARN  block.DeletedBlockLogImpl (DeletedBlockLogImpl.java:commitTransactions(205)) - Transaction txId=1 commit by dnId=e6065258-5a2c-4a72-9f81-ed1321f551ca for containerID=#1 failed. Corresponding entry not found.
2019-06-14 09:10:10,988 DEBUG block.DeletedBlockLogImpl (DeletedBlockLogImpl.java:isTransactionFailed(245)) - Got block deletion ACK from datanode, TXIDs=1, success=true
2019-06-14 09:10:10,988 WARN  block.DeletedBlockLogImpl (DeletedBlockLogImpl.java:commitTransactions(205)) - Transaction txId=1 commit by dnId=e6065258-5a2c-4a72-9f81-ed1321f551ca for containerID=#1 failed. Corresponding entry not found.
2019-06-14 09:10:10,988 DEBUG block.DeletedBlockLogImpl (DeletedBlockLogImpl.java:isTransactionFailed(245)) - Got block deletion ACK from datanode, TXIDs=1, success=true
2019-06-14 09:10:10,988 WARN  block.DeletedBlockLogImpl (DeletedBlockLogImpl.java:commitTransactions(205)) - Transaction txId=1 commit by dnId=e6065258-5a2c-4a72-9f81-ed1321f551ca for containerID=#1 failed. Corresponding entry not found.
2019-06-14 09:10:10,988 DEBUG block.DeletedBlockLogImpl (DeletedBlockLogImpl.java:isTransactionFailed(245)) - Got block deletion ACK from datanode, TXIDs=1, success=true
2019-06-14 09:10:10,988 WARN  block.DeletedBlockLogImpl (DeletedBlockLogImpl.java:commitTransactions(205)) - Transaction txId=1 commit by dnId=e6065258-5a2c-4a72-9f81-ed1321f551ca for containerID=#1 failed. Corresponding entry not found.
2019-06-14 09:10:10,989 DEBUG block.DeletedBlockLogImpl (DeletedBlockLogImpl.java:isTransactionFailed(245)) - Got block deletion ACK from datanode, TXIDs=1, success=true
2019-06-14 09:10:10,989 WARN  block.DeletedBlockLogImpl (DeletedBlockLogImpl.java:commitTransactions(205)) - Transaction txId=1 commit by dnId=e6065258-5a2c-4a72-9f81-ed1321f551ca for containerID=#1 failed. Corresponding entry not found.
2019-06-14 09:10:10,989 DEBUG block.DeletedBlockLogImpl (DeletedBlockLogImpl.java:isTransactionFailed(245)) - Got block deletion ACK from datanode, TXIDs=1, success=true
2019-06-14 09:10:10,989 WARN  block.DeletedBlockLogImpl (DeletedBlockLogImpl.java:commitTransactions(205)) - Transaction txId=1 commit by dnId=e6065258-5a2c-4a72-9f81-ed1321f551ca for containerID=#1 failed. Corresponding entry not found.
2019-06-14 09:10:10,989 DEBUG block.DeletedBlockLogImpl (DeletedBlockLogImpl.java:isTransactionFailed(245)) - Got block deletion ACK from datanode, TXIDs=1, success=true
2019-06-14 09:10:10,989 WARN  block.DeletedBlockLogImpl (DeleteBlocksCommandHandler.java:handle(106)) - Start to delete container blocks, TXIDs=[1(0),2(0),3(0)], numOfContainers=3, numOfBlocks=553
DeletedBlockLogImpl.java:commitTransactions(205)) - Transaction txId=1 commit by dnId=e6065258-5a2c-4a72-9f81-ed1321f551ca for containerID=#1 failed. Corresponding entry not found.
2019-06-14 09:10:10,989 DEBUG block.DeletedBlockLogImpl (DeletedBlockLogImpl.java:isTransactionFailed(245)) - Got block deletion ACK from datanode, TXIDs=1, success=true
2019-06-14 09:10:10,989 INFO  commandhandler.DeleteBlocksCommandHandler (DeleteBlocksCommandHandler.java:handle(106)) - Start to delete container blocks, TXIDs=[1(0),2(0),3(0)], numOfContainers=3, numOfBlocks=553
2019-06-14 09:10:10,989 WARN  block.DeletedBlockLogImpl (DeletedBlockLogImpl.java:commitTransactions(205)) - Transaction txId=1 commit by dnId=e6065258-5a2c-4a72-9f81-ed1321f551ca for containerID=#1 failed. Corresponding entry not found.
2019-06-14 09:10:10,989 DEBUG block.DeletedBlockLogImpl (DeletedBlockLogImpl.java:isTransactionFailed(245)) - Got block deletion ACK from datanode, TXIDs=1, success=true
2019-06-14 09:10:10,989 WARN  block.DeletedBlockLogImpl (DeletedBlockLogImpl.java:commitTransactions(205)) - Transaction txId=1 commit by dnId=e6065258-5a2c-4a72-9f81-ed1321f551ca for containerID=#1 failed. Corresponding entry not found.
2019-06-14 09:10:10,989 DEBUG block.DeletedBlockLogImpl (DeletedBlockLogImpl.java:isTransactionFailed(245)) - Got block deletion ACK from datanode, TXIDs=1, success=true
2019-06-14 09:10:10,989 WARN  block.DeletedBlockLogImpl (DeletedBlockLogImpl.java:commitTransactions(205)) - Transaction txId=1 commit by dnId=e6065258-5a2c-4a72-9f81-ed1321f551ca for containerID=#1 failed. Corresponding entry not found.
2019-06-14 09:10:10,989 DEBUG block.DeletedBlockLogImpl (DeletedBlockLogImpl.java:isTransactionFailed(245)) - Got block deletion ACK from datanode, TXIDs=1, success=true
2019-06-14 09:10:10,989 WARN  block.DeletedBlockLogImpl (DeletedBlockLogImpl.java:commitTransactions(205)) - Transaction txId=1 commit by dnId=e6065258-5a2c-4a72-9f81-ed1321f551ca for containerID=#1 failed. Corresponding entry not found.
2019-06-14 09:10:10,989 DEBUG block.DeletedBlockLogImpl (DeletedBlockLogImpl.java:isTransactionFailed(245)) - Got block deletion ACK from datanode, TXIDs=1, success=true
2019-06-14 09:10:10,989 WARN  block.DeletedBlockLogImpl (DeletedBlockLogImpl.java:commitTransactions(205)) - Transaction txId=1 commit by dnId=e6065258-5a2c-4a72-9f81-ed1321f551ca for containerID=#1 failed. Corresponding entry not found.
2019-06-14 09:10:10,989 DEBUG block.DeletedBlockLogImpl (DeletedBlockLogImpl.java:isTransactionFailed(245)) - Got block deletion ACK from datanode, TXIDs=1, success=true
2019-06-14 09:10:10,989 WARN  block.DeletedBlockLogImpl (DeletedBlockLogImpl.java:commitTransactions(205)) - Transaction txId=1 commit by dnId=e6065258-5a2c-4a72-9f81-ed1321f551ca for containerID=#1 failed. Corresponding entry not found.
2019-06-14 09:10:10,989 DEBUG block.DeletedBlockLogImpl (DeletedBlockLogImpl.java:isTransactionFailed(245)) - Got block deletion ACK from datanode, TXIDs=1, success=true
2019-06-14 09:10:10,989 WARN  block.DeletedBlockLogImpl (DeletedBlockLogImpl.java:commitTransactions(205)) - Transaction txId=1 commit by dnId=e6065258-5a2c-4a72-9f81-ed1321f551ca for containerID=#1 failed. Corresponding entry not found.
2019-06-14 09:10:10,990 INFO  commandhandler.DeleteBlocksCommandHandler (DeleteBlocksCommandHandler.java:handle(106)) - Start to delete container blocks, TXIDs=[1(0),2(0),3(0)], numOfContainers=3, numOfBlocks=553
2019-06-14 09:10:10,990 INFO  commandhandler.DeleteBlocksCommandHandler (DeleteBlocksCommandHandler.java:handle(106)) - Start to delete container blocks, TXIDs=[1(0),2(0),3(0)], numOfContainers=3, numOfBlocks=553
2019-06-14 09:10:10,991 INFO  commandhandler.DeleteBlocksCommandHandler (DeleteBlocksCommandHandler.java:handle(106)) - Start to delete container blocks, TXIDs=[1(0),2(0),3(0)], numOfContainers=3, numOfBlocks=553
2019-06-14 09:10:10,992 INFO  commandhandler.DeleteBlocksCommandHandler (DeleteBlocksCommandHandler.java:handle(106)) - Start to delete container blocks, TXIDs=[1(0),2(0),3(0)], numOfContainers=3, numOfBlocks=553
2019-06-14 09:10:10,993 INFO  commandhandler.DeleteBlocksCommandHandler (DeleteBlocksCommandHandler.java:handle(106)) - Start to delete container blocks, TXIDs=[1(0),2(0),3(0)], numOfContainers=3, numOfBlocks=553
2019-06-14 09:10:10,994 INFO  commandhandler.DeleteBlocksCommandHandler (DeleteBlocksCommandHandler.java:handle(106)) - Start to delete container blocks, TXIDs=[1(0),2(0),3(0)], numOfContainers=3, numOfBlocks=553
2019-06-14 09:10:10,995 INFO  commandhandler.DeleteBlocksCommandHandler (DeleteBlocksCommandHandler.java:handle(106)) - Start to delete container blocks, TXIDs=[1(0),2(0),3(0)], numOfContainers=3, numOfBlocks=553
2019-06-14 09:10:10,996 INFO  commandhandler.DeleteBlocksCommandHandler (DeleteBlocksCommandHandler.java:handle(106)) - Start to delete container blocks, TXIDs=[1(542),2(542),3(542)], numOfContainers=3, numOfBlocks=553
2019-06-14 09:10:10,996 INFO  commandhandler.DeleteBlocksCommandHandler (DeleteBlocksCommandHandler.java:handle(106)) - Start to delete container blocks, TXIDs=[1(0),2(0),3(0)], numOfContainers=3, numOfBlocks=553
2019-06-14 09:10:10,997 INFO  commandhandler.DeleteBlocksCommandHandler (DeleteBlocksCommandHandler.java:handle(106)) - Start to delete container blocks, TXIDs=[1(0),2(0),3(0)], numOfContainers=3, numOfBlocks=553
2019-06-14 09:10:10,997 INFO  commandhandler.DeleteBlocksCommandHandler (DeleteBlocksCommandHandler.java:handle(106)) - Start to delete container blocks, TXIDs=[1(0),2(0),3(0)], numOfContainers=3, numOfBlocks=553
2019-06-14 09:10:10,998 INFO  commandhandler.DeleteBlocksCommandHandler (DeleteBlocksCommandHandler.java:handle(106)) - Start to delete container blocks, TXIDs=[1(0),2(0),3(0)], numOfContainers=3, numOfBlocks=553
2019-06-14 09:10:10,998 INFO  commandhandler.DeleteBlocksCommandHandler (DeleteBlocksCommandHandler.java:handle(106)) - Start to delete container blocks, TXIDs=[1(0),2(0),3(0)], numOfContainers=3, numOfBlocks=553
2019-06-14 09:10:10,999 INFO  commandhandler.DeleteBlocksCommandHandler (DeleteBlocksCommandHandler.java:handle(106)) - Start to delete container blocks, TXIDs=[1(0),2(0),3(0)], numOfContainers=3, numOfBlocks=553
2019-06-14 09:10:10,999 INFO  commandhandler.DeleteBlocksCommandHandler (DeleteBlocksCommandHandler.java:handle(106)) - Start to delete container blocks, TXIDs=[1(0),2(0),3(0)], numOfContainers=3, numOfBlocks=553
2019-06-14 09:10:11,000 INFO  commandhandler.DeleteBlocksCommandHandler (DeleteBlocksCommandHandler.java:handle(106)) - Start to delete container blocks, TXIDs=[1(0),2(0),3(0)], numOfContainers=3, numOfBlocks=553
2019-06-14 09:10:11,000 INFO  commandhandler.DeleteBlocksCommandHandler (DeleteBlocksCommandHandler.java:handle(106)) - Start to delete container blocks, TXIDs=[1(0),2(0),3(0)], numOfContainers=3, numOfBlocks=553
2019-06-14 09:10:11,001 INFO  commandhandler.DeleteBlocksCommandHandler (DeleteBlocksCommandHandler.java:handle(106)) - Start to delete container blocks, TXIDs=[1(0),2(0),3(0)], numOfContainers=3, numOfBlocks=553
2019-06-14 09:10:11,002 INFO  commandhandler.DeleteBlocksCommandHandler (DeleteBlocksCommandHandler.java:handle(106)) - Start to delete container blocks, TXIDs=[1(542),2(542),3(542)], numOfContainers=3, numOfBlocks=553
2019-06-14 09:10:11,002 INFO  commandhandler.DeleteBlocksCommandHandler (DeleteBlocksCommandHandler.java:handle(106)) - Start to delete container blocks, TXIDs=[1(0),2(0),3(0)], numOfContainers=3, numOfBlocks=553
2019-06-14 09:10:11,003 INFO  commandhandler.DeleteBlocksCommandHandler (DeleteBlocksCommandHandler.java:handle(106)) - Start to delete container blocks, TXIDs=[1(0),2(0),3(0)], numOfContainers=3, numOfBlocks=553
2019-06-14 09:10:11,003 INFO  commandhandler.DeleteBlocksCommandHandler (DeleteBlocksCommandHandler.java:handle(106)) - Start to delete container blocks, TXIDs=[1(0),2(0),3(0)], numOfContainers=3, numOfBlocks=553
2019-06-14 09:10:11,004 INFO  commandhandler.DeleteBlocksCommandHandler (DeleteBlocksCommandHandler.java:handle(106)) - Start to delete container blocks, TXIDs=[1(0),2(0),3(0)], numOfContainers=3, numOfBlocks=553
2019-06-14 09:10:11,005 INFO  commandhandler.DeleteBlocksCommandHandler (DeleteBlocksCommandHandler.java:handle(106)) - Start to delete container blocks, TXIDs=[1(0),2(0),3(0)], numOfContainers=3, numOfBlocks=553
2019-06-14 09:10:11,005 INFO  commandhandler.DeleteBlocksCommandHandler (DeleteBlocksCommandHandler.java:handle(106)) - Start to delete container blocks, TXIDs=[1(0),2(0),3(0)], numOfContainers=3, numOfBlocks=553
2019-06-14 09:10:11,006 INFO  commandhandler.DeleteBlocksCommandHandler (DeleteBlocksCommandHandler.java:handle(106)) - Start to delete container blocks, TXIDs=[1(0),2(0),3(0)], numOfContainers=3, numOfBlocks=553
2019-06-14 09:10:11,006 INFO  commandhandler.DeleteBlocksCommandHandler (DeleteBlocksCommandHandler.java:handle(106)) - Start to delete container blocks, TXIDs=[1(0),2(0),3(0)], numOfContainers=3, numOfBlocks=553
2019-06-14 09:10:11,007 INFO  commandhandler.DeleteBlocksCommandHandler (DeleteBlocksCommandHandler.java:handle(106)) - Start to delete container blocks, TXIDs=[1(0),2(0),3(0)], numOfContainers=3, numOfBlocks=553
2019-06-14 09:10:11,007 INFO  commandhandler.DeleteBlocksCommandHandler (DeleteBlocksCommandHandler.java:handle(106)) - Start to delete container blocks, TXIDs=[1(0),2(0),3(0)], numOfContainers=3, numOfBlocks=553
2019-06-14 09:10:11,008 INFO  commandhandler.DeleteBlocksCommandHandler (DeleteBlocksCommandHandler.java:handle(106)) - Start to delete container blocks, TXIDs=[1(542),2(542),3(542)], numOfContainers=3, numOfBlocks=553
2019-06-14 09:10:11,008 INFO  commandhandler.DeleteBlocksCommandHandler (DeleteBlocksCommandHandler.java:handle(106)) - Start to delete container blocks, TXIDs=[1(0),2(0),3(0)], numOfContainers=3, numOfBlocks=553
2019-06-14 09:10:11,009 INFO  commandhandler.DeleteBlocksCommandHandler (DeleteBlocksCommandHandler.java:handle(106)) - Start to delete container blocks, TXIDs=[1(0),2(0),3(0)], numOfContainers=3, numOfBlocks=553
2019-06-14 09:10:11,010 INFO  commandhandler.DeleteBlocksCommandHandler (DeleteBlocksCommandHandler.java:handle(106)) - Start to delete container blocks, TXIDs=[1(0),2(0),3(0)], numOfContainers=3, numOfBlocks=553
2019-06-14 09:10:11,010 INFO  commandhandler.DeleteBlocksCommandHandler (DeleteBlocksCommandHandler.java:handle(106)) - Start to delete container blocks, TXIDs=[1(0),2(0),3(0)], numOfContainers=3, numOfBlocks=553
2019-06-14 09:10:11,011 INFO  commandhandler.DeleteBlocksCommandHandler (DeleteBlocksCommandHandler.java:handle(106)) - Start to delete container blocks, TXIDs=[1(0),2(0),3(0)], numOfContainers=3, numOfBlocks=553
2019-06-14 09:10:11,011 INFO  commandhandler.DeleteBlocksCommandHandler (DeleteBlocksCommandHandler.java:handle(106)) - Start to delete container blocks, TXIDs=[1(0),2(0),3(0)], numOfContainers=3, numOfBlocks=553
2019-06-14 09:10:11,012 INFO  commandhandler.DeleteBlocksCommandHandler (DeleteBlocksCommandHandler.java:handle(106)) - Start to delete container blocks, TXIDs=[1(0),2(0),3(0)], numOfContainers=3, numOfBlocks=553
2019-06-14 09:10:11,012 INFO  commands.RetriableDatanodeEventWatcher (RetriableDatanodeEventWatcher.java:onTimeout(47)) - RetriableDatanodeCommand type=deleteBlocksCommand with id=1560503399566 timed out. Retrying.
2019-06-14 09:10:11,012 INFO  commandhandler.DeleteBlocksCommandHandler (DeleteBlocksCommandHandler.java:handle(106)) - Start to delete container blocks, TXIDs=[1(0),2(0),3(0)], numOfContainers=3, numOfBlocks=553
2019-06-14 09:10:11,013 INFO  commandhandler.DeleteBlocksCommandHandler (DeleteBlocksCommandHandler.java:handle(106)) - Start to delete container blocks, TXIDs=[1(0),2(0),3(0)], numOfContainers=3, numOfBlocks=553
2019-06-14 09:10:11,013 INFO  commandhandler.DeleteBlocksCommandHandler (DeleteBlocksCommandHandler.java:handle(106)) - Start to delete container blocks, TXIDs=[1(0),2(0),3(0)], numOfContainers=3, numOfBlocks=553
2019-06-14 09:10:11,014 INFO  commandhandler.DeleteBlocksCommandHandler (DeleteBlocksCommandHandler.java:handle(106)) - Start to delete container blocks, TXIDs=[1(542),2(542),3(542)], numOfContainers=3, numOfBlocks=553
2019-06-14 09:10:11,015 INFO  commandhandler.DeleteBlocksCommandHandler (DeleteBlocksCommandHandler.java:handle(106)) - Start to delete container blocks, TXIDs=[1(0),2(0),3(0)], numOfContainers=3, numOfBlocks=553
2019-06-14 09:10:11,015 INFO  commandhandler.DeleteBlocksCommandHandler (DeleteBlocksCommandHandler.java:handle(106)) - Start to delete container blocks, TXIDs=[1(0),2(0),3(0)], numOfContainers=3, numOfBlocks=553
2019-06-14 09:10:11,016 INFO  commandhandler.DeleteBlocksCommandHandler (DeleteBlocksCommandHandler.java:handle(106)) - Start to delete container blocks, TXIDs=[1(0),2(0),3(0)], numOfContainers=3, numOfBlocks=553
2019-06-14 09:10:11,016 INFO  commandhandler.DeleteBlocksCommandHandler (DeleteBlocksCommandHandler.java:handle(106)) - Start to delete container blocks, TXIDs=[1(0),2(0),3(0)], numOfContainers=3, numOfBlocks=553
2019-06-14 09:10:11,017 INFO  commandhandler.DeleteBlocksCommandHandler (DeleteBlocksCommandHandler.java:handle(106)) - Start to delete container blocks, TXIDs=[1(0),2(0),3(0)], numOfContainers=3, numOfBlocks=553
2019-06-14 09:10:11,017 INFO  commandhandler.DeleteBlocksCommandHandler (DeleteBlocksCommandHandler.java:handle(106)) - Start to delete container blocks, TXIDs=[1(0),2(0),3(0)], numOfContainers=3, numOfBlocks=553
2019-06-14 09:10:11,018 INFO  commandhandler.DeleteBlocksCommandHandler (DeleteBlocksCommandHandler.java:handle(106)) - Start to delete container blocks, TXIDs=[1(0),2(0),3(0)], numOfContainers=3, numOfBlocks=553
2019-06-14 09:10:11,019 INFO  commandhandler.DeleteBlocksCommandHandler (DeleteBlocksCommandHandler.java:handle(106)) - Start to delete container blocks, TXIDs=[1(0),2(0),3(0)], numOfContainers=3, numOfBlocks=553
2019-06-14 09:10:11,019 INFO  commandhandler.DeleteBlocksCommandHandler (DeleteBlocksCommandHandler.java:handle(106)) - Start to delete container blocks, TXIDs=[1(0),2(0),3(0)], numOfContainers=3, numOfBlocks=553
2019-06-14 09:10:11,020 INFO  commandhandler.DeleteBlocksCommandHandler (DeleteBlocksCommandHandler.java:handle(106)) - Start to delete container blocks, TXIDs=[1(0),2(0),3(0)], numOfContainers=3, numOfBlocks=553
2019-06-14 09:10:11,020 INFO  commandhandler.DeleteBlocksCommandHandler (DeleteBlocksCommandHandler.java:handle(106)) - Start to delete container blocks, TXIDs=[1(0),2(0),3(0)], numOfContainers=3, numOfBlocks=553
2019-06-14 09:10:11,021 INFO  commandhandler.DeleteBlocksCommandHandler (DeleteBlocksCommandHandler.java:handle(106)) - Start to delete container blocks, TXIDs=[1(0),2(0),3(0)], numOfContainers=3, numOfBlocks=553
2019-06-14 09:10:11,021 INFO  commandhandler.DeleteBlocksCommandHandler (DeleteBlocksCommandHandler.java:handle(106)) - Start to delete container blocks, TXIDs=[1(542),2(542),3(542)], numOfContainers=3, numOfBlocks=553
2019-06-14 09:10:11,022 INFO  commandhandler.DeleteBlocksCommandHandler (DeleteBlocksCommandHandler.java:handle(106)) - Start to delete container blocks, TXIDs=[1(0),2(0),3(0)], numOfContainers=3, numOfBlocks=553
2019-06-14 09:10:11,023 INFO  commandhandler.DeleteBlocksCommandHandler (DeleteBlocksCommandHandler.java:handle(106)) - Start to delete container blocks, TXIDs=[1(0),2(0),3(0)], numOfContainers=3, numOfBlocks=553
2019-06-14 09:10:11,023 INFO  commandhandler.DeleteBlocksCommandHandler (DeleteBlocksCommandHandler.java:handle(106)) - Start to delete container blocks, TXIDs=[1(0),2(0),3(0)], numOfContainers=3, numOfBlocks=553
2019-06-14 09:10:11,024 INFO  commandhandler.DeleteBlocksCommandHandler (DeleteBlocksCommandHandler.java:handle(106)) - Start to delete container blocks, TXIDs=[1(0),2(0),3(0)], numOfContainers=3, numOfBlocks=553
2019-06-14 09:10:11,024 INFO  commandhandler.DeleteBlocksCommandHandler (DeleteBlocksCommandHandler.java:handle(106)) - Start to delete container blocks, TXIDs=[1(0),2(0),3(0)], numOfContainers=3, numOfBlocks=553
2019-06-14 09:10:11,025 INFO  commandhandler.DeleteBlocksCommandHandler (DeleteBlocksCommandHandler.java:handle(106)) - Start to delete container blocks, TXIDs=[1(0),2(0),3(0)], numOfContainers=3, numOfBlocks=553
2019-06-14 09:10:11,025 INFO  commandhandler.DeleteBlocksCommandHandler (DeleteBlocksCommandHandler.java:handle(106)) - Start to delete container blocks, TXIDs=[1(0),2(0),3(0)], numOfContainers=3, numOfBlocks=553
2019-06-14 09:10:11,026 INFO  commandhandler.DeleteBlocksCommandHandler (DeleteBlocksCommandHandler.java:handle(106)) - Start to delete container blocks, TXIDs=[1(0),2(0),3(0)], numOfContainers=3, numOfBlocks=553
2019-06-14 09:10:11,026 INFO  commandhandler.DeleteBlocksCommandHandler (DeleteBlocksCommandHandler.java:handle(106)) - Start to delete container blocks, TXIDs=[1(0),2(0),3(0)], numOfContainers=3, numOfBlocks=553
2019-06-14 09:10:11,027 INFO  commandhandler.DeleteBlocksCommandHandler (DeleteBlocksCommandHandler.java:handle(106)) - Start to delete container blocks, TXIDs=[1(0),2(0),3(0)], numOfContainers=3, numOfBlocks=553
2019-06-14 09:10:11,027 INFO  commandhandler.DeleteBlocksCommandHandler (DeleteBlocksCommandHandler.java:handle(106)) - Start to delete container blocks, TXIDs=[1(0),2(0),3(0)], numOfContainers=3, numOfBlocks=553
2019-06-14 09:10:11,028 INFO  commandhandler.DeleteBlocksCommandHandler (DeleteBlocksCommandHandler.java:handle(106)) - Start to delete container blocks, TXIDs=[1(613),2(613),3(613)], numOfContainers=3, numOfBlocks=553
2019-06-14 09:10:11,029 INFO  commandhandler.DeleteBlocksCommandHandler (DeleteBlocksCommandHandler.java:handle(106)) - Start to delete container blocks, TXIDs=[1(0),2(0),3(0)], numOfContainers=3, numOfBlocks=553
2019-06-14 09:10:11,029 INFO  commandhandler.DeleteBlocksCommandHandler (DeleteBlocksCommandHandler.java:handle(106)) - Start to delete container blocks, TXIDs=[1(0),2(0),3(0)], numOfContainers=3, numOfBlocks=553
2019-06-14 09:10:11,030 INFO  commandhandler.DeleteBlocksCommandHandler (DeleteBlocksCommandHandler.java:handle(106)) - Start to delete container blocks, TXIDs=[1(0),2(0),3(0)], numOfContainers=3, numOfBlocks=553
2019-06-14 09:10:11,030 INFO  commandhandler.DeleteBlocksCommandHandler (DeleteBlocksCommandHandler.java:handle(106)) - Start to delete container blocks, TXIDs=[1(0),2(0),3(0)], numOfContainers=3, numOfBlocks=553
2019-06-14 09:10:11,031 INFO  commandhandler.DeleteBlocksCommandHandler (DeleteBlocksCommandHandler.java:handle(106)) - Start to delete container blocks, TXIDs=[1(0),2(0),3(0)], numOfContainers=3, numOfBlocks=553
2019-06-14 09:10:11,031 INFO  commandhandler.DeleteBlocksCommandHandler (DeleteBlocksCommandHandler.java:handle(106)) - Start to delete container blocks, TXIDs=[1(0),2(0),3(0)], numOfContainers=3, numOfBlocks=553
2019-06-14 09:10:11,032 INFO  commandhandler.DeleteBlocksCommandHandler (DeleteBlocksCommandHandler.java:handle(106)) - Start to delete container blocks, TXIDs=[1(0),2(0),3(0)], numOfContainers=3, numOfBlocks=553
2019-06-14 09:10:11,032 INFO  commandhandler.DeleteBlocksCommandHandler (DeleteBlocksCommandHandler.java:handle(106)) - Start to delete container blocks, TXIDs=[1(0),2(0),3(0)], numOfContainers=3, numOfBlocks=553
2019-06-14 09:10:11,033 INFO  commandhandler.DeleteBlocksCommandHandler (DeleteBlocksCommandHandler.java:handle(106)) - Start to delete container blocks, TXIDs=[1(0),2(0),3(0)], numOfContainers=3, numOfBlocks=553
2019-06-14 09:10:11,033 INFO  commandhandler.DeleteBlocksCommandHandler (DeleteBlocksCommandHandler.java:handle(106)) - Start to delete container blocks, TXIDs=[1(628),2(628),3(628)], numOfContainers=3, numOfBlocks=553
2019-06-14 09:10:11,033 DEBUG block.SCMBlockDeletingService (SCMBlockDeletingService.java:call(138)) - Running DeletedBlockTransactionScanner
2019-06-14 09:10:11,034 DEBUG block.SCMBlockDeletingService (SCMBlockDeletingService.java:call(155)) - Scanned deleted blocks log and got 0 delTX to process.
2019-06-14 09:10:11,034 INFO  commandhandler.DeleteBlocksCommandHandler (DeleteBlocksCommandHandler.java:handle(106)) - Start to delete container blocks, TXIDs=[1(0),2(0),3(0)], numOfContainers=3, numOfBlocks=553
2019-06-14 09:10:11,035 INFO  commandhandler.DeleteBlocksCommandHandler (DeleteBlocksCommandHandler.java:handle(106)) - Start to delete container blocks, TXIDs=[1(0),2(0),3(0)], numOfContainers=3, numOfBlocks=553
2019-06-14 09:10:11,035 INFO  commandhandler.DeleteBlocksCommandHandler (DeleteBlocksCommandHandler.java:handle(106)) - Start to delete container blocks, TXIDs=[1(0),2(0),3(0)], numOfContainers=3, numOfBlocks=553
2019-06-14 09:10:11,036 INFO  commandhandler.DeleteBlocksCommandHandler (DeleteBlocksCommandHandler.java:handle(106)) - Start to delete container blocks, TXIDs=[1(0),2(0),3(0)], numOfContainers=3, numOfBlocks=553
2019-06-14 09:10:11,037 INFO  commandhandler.DeleteBlocksCommandHandler (DeleteBlocksCommandHandler.java:handle(106)) - Start to delete container blocks, TXIDs=[1(0),2(0),3(0)], numOfContainers=3, numOfBlocks=553
2019-06-14 09:10:11,038 INFO  commandhandler.DeleteBlocksCommandHandler (DeleteBlocksCommandHandler.java:handle(106)) - Start to delete container blocks, TXIDs=[1(0),2(0),3(0)], numOfContainers=3, numOfBlocks=553
2019-06-14 09:10:11,039 INFO  commandhandler.DeleteBlocksCommandHandler (DeleteBlocksCommandHandler.java:handle(106)) - Start to delete container blocks, TXIDs=[1(0),2(0),3(0)], numOfContainers=3, numOfBlocks=553
2019-06-14 09:10:11,039 INFO  commandhandler.DeleteBlocksCommandHandler (DeleteBlocksCommandHandler.java:handle(106)) - Start to delete container blocks, TXIDs=[1(0),2(0),3(0)], numOfContainers=3, numOfBlocks=553
2019-06-14 09:10:11,040 INFO  commandhandler.DeleteBlocksCommandHandler (DeleteBlocksCommandHandler.java:handle(106)) - Start to delete container blocks, TXIDs=[1(0),2(0),3(0)], numOfContainers=3, numOfBlocks=553
2019-06-14 09:10:11,041 INFO  commandhandler.DeleteBlocksCommandHandler (DeleteBlocksCommandHandler.java:handle(106)) - Start to delete container blocks, TXIDs=[1(0),2(0),3(0)], numOfContainers=3, numOfBlocks=553
2019-06-14 09:10:11,042 INFO  commandhandler.DeleteBlocksCommandHandler (DeleteBlocksCommandHandler.java:handle(106)) - Start to delete container blocks, TXIDs=[1(628),2(628),3(628)], numOfContainers=3, numOfBlocks=553
2019-06-14 09:10:11,043 INFO  commandhandler.DeleteBlocksCommandHandler (DeleteBlocksCommandHandler.java:handle(106)) - Start to delete container blocks, TXIDs=[1(0),2(0),3(0)], numOfContainers=3, numOfBlocks=553
2019-06-14 09:10:11,044 INFO  commandhandler.DeleteBlocksCommandHandler (DeleteBlocksCommandHandler.java:handle(106)) - Start to delete container blocks, TXIDs=[1(0),2(0),3(0)], numOfContainers=3, numOfBlocks=553
2019-06-14 09:10:11,045 INFO  commandhandler.DeleteBlocksCommandHandler (DeleteBlocksCommandHandler.java:handle(106)) - Start to delete container blocks, TXIDs=[1(0),2(0),3(0)], numOfContainers=3, numOfBlocks=553
2019-06-14 09:10:11,045 INFO  commandhandler.DeleteBlocksCommandHandler (DeleteBlocksCommandHandler.java:handle(106)) - Start to delete container blocks, TXIDs=[1(0),2(0),3(0)], numOfContainers=3, numOfBlocks=553
2019-06-14 09:10:11,046 INFO  commandhandler.DeleteBlocksCommandHandler (DeleteBlocksCommandHandler.java:handle(106)) - Start to delete container blocks, TXIDs=[1(0),2(0),3(0)], numOfContainers=3, numOfBlocks=553
2019-06-14 09:10:11,047 INFO  commandhandler.DeleteBlocksCommandHandler (DeleteBlocksCommandHandler.java:handle(106)) - Start to delete container blocks, TXIDs=[1(0),2(0),3(0)], numOfContainers=3, numOfBlocks=553
2019-06-14 09:10:11,048 INFO  commandhandler.DeleteBlocksCommandHandler (DeleteBlocksCommandHandler.java:handle(106)) - Start to delete container blocks, TXIDs=[1(0),2(0),3(0)], numOfContainers=3, numOfBlocks=553
2019-06-14 09:10:11,049 INFO  commandhandler.DeleteBlocksCommandHandler (DeleteBlocksCommandHandler.java:handle(106)) - Start to delete container blocks, TXIDs=[1(0),2(0),3(0)], numOfContainers=3, numOfBlocks=553
2019-06-14 09:10:11,050 INFO  commandhandler.DeleteBlocksCommandHandler (DeleteBlocksCommandHandler.java:handle(106)) - Start to delete container blocks, TXIDs=[1(0),2(0),3(0)], numOfContainers=3, numOfBlocks=553
2019-06-14 09:10:11,050 INFO  commandhandler.DeleteBlocksCommandHandler (DeleteBlocksCommandHandler.java:handle(106)) - Start to delete container blocks, TXIDs=[1(0),2(0),3(0)], numOfContainers=3, numOfBlocks=553
2019-06-14 09:10:11,051 INFO  commandhandler.DeleteBlocksCommandHandler (DeleteBlocksCommandHandler.java:handle(106)) - Start to delete container blocks, TXIDs=[1(650),2(650),3(650)], numOfContainers=3, numOfBlocks=553
2019-06-14 09:10:11,052 INFO  commandhandler.DeleteBlocksCommandHandler (DeleteBlocksCommandHandler.java:handle(106)) - Start to delete container blocks, TXIDs=[1(0),2(0),3(0)], numOfContainers=3, numOfBlocks=553
2019-06-14 09:10:11,053 INFO  commandhandler.DeleteBlocksCommandHandler (DeleteBlocksCommandHandler.java:handle(106)) - Start to delete container blocks, TXIDs=[1(0),2(0),3(0)], numOfContainers=3, numOfBlocks=553
2019-06-14 09:10:11,054 INFO  commandhandler.DeleteBlocksCommandHandler (DeleteBlocksCommandHandler.java:handle(106)) - Start to delete container blocks, TXIDs=[1(0),2(0),3(0)], numOfContainers=3, numOfBlocks=553
2019-06-14 09:10:11,055 INFO  commandhandler.DeleteBlocksCommandHandler (DeleteBlocksCommandHandler.java:handle(106)) - Start to delete container blocks, TXIDs=[1(0),2(0),3(0)], numOfContainers=3, numOfBlocks=553
2019-06-14 09:10:11,056 INFO  commandhandler.DeleteBlocksCommandHandler (DeleteBlocksCommandHandler.java:handle(106)) - Start to delete container blocks, TXIDs=[1(0),2(0),3(0)], numOfContainers=3, numOfBlocks=553
2019-06-14 09:10:11,056 INFO  commandhandler.DeleteBlocksCommandHandler (DeleteBlocksCommandHandler.java:handle(106)) - Start to delete container blocks, TXIDs=[1(0),2(0),3(0)], numOfContainers=3, numOfBlocks=553
2019-06-14 09:10:11,057 INFO  commandhandler.DeleteBlocksCommandHandler (DeleteBlocksCommandHandler.java:handle(106)) - Start to delete container blocks, TXIDs=[1(0),2(0),3(0)], numOfContainers=3, numOfBlocks=553
2019-06-14 09:10:11,058 INFO  commandhandler.DeleteBlocksCommandHandler (DeleteBlocksCommandHandler.java:handle(106)) - Start to delete container blocks, TXIDs=[1(542),2(542),3(542)], numOfContainers=3, numOfBlocks=553
2019-06-14 09:10:11,059 INFO  commandhandler.DeleteBlocksCommandHandler (DeleteBlocksCommandHandler.java:handle(106)) - Start to delete container blocks, TXIDs=[1(0),2(0),3(0)], numOfContainers=3, numOfBlocks=553
2019-06-14 09:10:11,060 INFO  commandhandler.DeleteBlocksCommandHandler (DeleteBlocksCommandHandler.java:handle(106)) - Start to delete container blocks, TXIDs=[1(0),2(0),3(0)], numOfContainers=3, numOfBlocks=553
2019-06-14 09:10:11,061 INFO  commandhandler.DeleteBlocksCommandHandler (DeleteBlocksCommandHandler.java:handle(106)) - Start to delete container blocks, TXIDs=[1(0),2(0),3(0)], numOfContainers=3, numOfBlocks=553
2019-06-14 09:10:11,062 INFO  commandhandler.DeleteBlocksCommandHandler (DeleteBlocksCommandHandler.java:handle(106)) - Start to delete container blocks, TXIDs=[1(650),2(650),3(650)], numOfContainers=3, numOfBlocks=553
2019-06-14 09:10:11,062 INFO  commandhandler.DeleteBlocksCommandHandler (DeleteBlocksCommandHandler.java:handle(106)) - Start to delete container blocks, TXIDs=[1(0),2(0),3(0)], numOfContainers=3, numOfBlocks=553
2019-06-14 09:10:11,063 INFO  commandhandler.DeleteBlocksCommandHandler (DeleteBlocksCommandHandler.java:handle(106)) - Start to delete container blocks, TXIDs=[1(0),2(0),3(0)], numOfContainers=3, numOfBlocks=553
2019-06-14 09:10:11,064 INFO  commandhandler.DeleteBlocksCommandHandler (DeleteBlocksCommandHandler.java:handle(106)) - Start to delete container blocks, TXIDs=[1(0),2(0),3(0)], numOfContainers=3, numOfBlocks=553
2019-06-14 09:10:11,065 INFO  commandhandler.DeleteBlocksCommandHandler (DeleteBlocksCommandHandler.java:handle(106)) - Start to delete container blocks, TXIDs=[1(0),2(0),3(0)], numOfContainers=3, numOfBlocks=553
2019-06-14 09:10:11,066 INFO  commandhandler.DeleteBlocksCommandHandler (DeleteBlocksCommandHandler.java:handle(106)) - Start to delete container blocks, TXIDs=[1(0),2(0),3(0)], numOfContainers=3, numOfBlocks=553
2019-06-14 09:10:11,067 INFO  commandhandler.DeleteBlocksCommandHandler (DeleteBlocksCommandHandler.java:handle(106)) - Start to delete container blocks, TXIDs=[1(0),2(0),3(0)], numOfContainers=3, numOfBlocks=553
2019-06-14 09:10:11,067 INFO  commandhandler.DeleteBlocksCommandHandler (DeleteBlocksCommandHandler.java:handle(106)) - Start to delete container blocks, TXIDs=[1(0),2(0),3(0)], numOfContainers=3, numOfBlocks=553
2019-06-14 09:10:11,068 INFO  commandhandler.DeleteBlocksCommandHandler (DeleteBlocksCommandHandler.java:handle(106)) - Start to delete container blocks, TXIDs=[1(542),2(542),3(542)], numOfContainers=3, numOfBlocks=553
2019-06-14 09:10:11,069 INFO  commandhandler.DeleteBlocksCommandHandler (DeleteBlocksCommandHandler.java:handle(106)) - Start to delete container blocks, TXIDs=[1(0),2(0),3(0)], numOfContainers=3, numOfBlocks=553
2019-06-14 09:10:11,070 INFO  commandhandler.DeleteBlocksCommandHandler (DeleteBlocksCommandHandler.java:handle(106)) - Start to delete container blocks, TXIDs=[1(0),2(0),3(0)], numOfContainers=3, numOfBlocks=553
2019-06-14 09:10:11,071 INFO  commandhandler.DeleteBlocksCommandHandler (DeleteBlocksCommandHandler.java:handle(106)) - Start to delete container blocks, TXIDs=[1(0),2(0),3(0)], numOfContainers=3, numOfBlocks=553
2019-06-14 09:10:11,072 INFO  commandhandler.DeleteBlocksCommandHandler (DeleteBlocksCommandHandler.java:handle(106)) - Start to delete container blocks, TXIDs=[1(0),2(0),3(0)], numOfContainers=3, numOfBlocks=553
2019-06-14 09:10:11,072 INFO  commandhandler.DeleteBlocksCommandHandler (DeleteBlocksCommandHandler.java:handle(106)) - Start to delete container blocks, TXIDs=[1(0),2(0),3(0)], numOfContainers=3, numOfBlocks=553
2019-06-14 09:10:11,073 INFO  commandhandler.DeleteBlocksCommandHandler (DeleteBlocksCommandHandler.java:handle(106)) - Start to delete container blocks, TXIDs=[1(542),2(542),3(542)], numOfContainers=3, numOfBlocks=553
2019-06-14 09:10:11,074 INFO  commandhandler.DeleteBlocksCommandHandler (DeleteBlocksCommandHandler.java:handle(106)) - Start to delete container blocks, TXIDs=[1(0),2(0),3(0)], numOfContainers=3, numOfBlocks=553
2019-06-14 09:10:11,075 INFO  commandhandler.DeleteBlocksCommandHandler (DeleteBlocksCommandHandler.java:handle(106)) - Start to delete container blocks, TXIDs=[1(0),2(0),3(0)], numOfContainers=3, numOfBlocks=553
2019-06-14 09:10:11,076 INFO  commandhandler.DeleteBlocksCommandHandler (DeleteBlocksCommandHandler.java:handle(106)) - Start to delete container blocks, TXIDs=[1(0),2(0),3(0)], numOfContainers=3, numOfBlocks=553
2019-06-14 09:10:11,077 INFO  commandhandler.DeleteBlocksCommandHandler (DeleteBlocksCommandHandler.java:handle(106)) - Start to delete container blocks, TXIDs=[1(0),2(0),3(0)], numOfContainers=3, numOfBlocks=553
2019-06-14 09:10:11,077 INFO  commandhandler.DeleteBlocksCommandHandler (DeleteBlocksCommandHandler.java:handle(106)) - Start to delete container blocks, TXIDs=[1(542),2(542),3(542)], numOfContainers=3, numOfBlocks=553
2019-06-14 09:10:11,078 INFO  commandhandler.DeleteBlocksCommandHandler (DeleteBlocksCommandHandler.java:handle(106)) - Start to delete container blocks, TXIDs=[1(0),2(0),3(0)], numOfContainers=3, numOfBlocks=553
2019-06-14 09:10:11,079 INFO  commandhandler.DeleteBlocksCommandHandler (DeleteBlocksCommandHandler.java:handle(106)) - Start to delete container blocks, TXIDs=[1(0),2(0),3(0)], numOfContainers=3, numOfBlocks=553
2019-06-14 09:10:11,079 INFO  commandhandler.DeleteBlocksCommandHandler (DeleteBlocksCommandHandler.java:handle(106)) - Start to delete container blocks, TXIDs=[1(542),2(542),3(542)], numOfContainers=3, numOfBlocks=553
2019-06-14 09:10:11,080 INFO  commandhandler.DeleteBlocksCommandHandler (DeleteBlocksCommandHandler.java:handle(106)) - Start to delete container blocks, TXIDs=[1(0),2(0),3(0)], numOfContainers=3, numOfBlocks=553
2019-06-14 09:10:11,080 INFO  commandhandler.DeleteBlocksCommandHandler (DeleteBlocksCommandHandler.java:handle(106)) - Start to delete container blocks, TXIDs=[1(0),2(0),3(0)], numOfContainers=3, numOfBlocks=553
2019-06-14 09:10:11,112 INFO  commands.RetriableDatanodeEventWatcher (RetriableDatanodeEventWatcher.java:onTimeout(47)) - RetriableDatanodeCommand type=deleteBlocksCommand with id=1560503399567 timed out. Retrying.
2019-06-14 09:10:11,134 DEBUG block.SCMBlockDeletingService (SCMBlockDeletingService.java:call(138)) - Running DeletedBlockTransactionScanner
2019-06-14 09:10:11,134 DEBUG block.SCMBlockDeletingService (SCMBlockDeletingService.java:call(155)) - Scanned deleted blocks log and got 0 delTX to process.
2019-06-14 09:10:11,186 WARN  block.DeletedBlockLogImpl (DeletedBlockLogImpl.java:incrementCount(141)) - Deleted TXID not found.
2019-06-14 09:10:11,186 WARN  events.EventWatcher (EventWatcher.java:lambda$start$0(110)) - Completion event without active lease. Id=1560503399546
2019-06-14 09:10:11,186 WARN  block.DeletedBlockLogImpl (DeletedBlockLogImpl.java:incrementCount(141)) - Deleted TXID not found.
2019-06-14 09:10:11,186 WARN  events.EventWatcher (EventWatcher.java:lambda$start$0(110)) - Completion event without active lease. Id=1560503399545
2019-06-14 09:10:11,186 WARN  block.DeletedBlockLogImpl (DeletedBlockLogImpl.java:incrementCount(141)) - Deleted TXID not found.
2019-06-14 09:10:11,186 WARN  events.EventWatcher (EventWatcher.java:lambda$start$0(110)) - Completion event without active lease. Id=1560503399555
2019-06-14 09:10:11,186 DEBUG block.DeletedBlockLogImpl (DeletedBlockLogImpl.java:isTransactionFailed(245)) - Got block deletion ACK from datanode, TXIDs=1, success=true
2019-06-14 09:10:11,186 WARN  events.EventWatcher (EventWatcher.java:lambda$start$0(110)) - Completion event without active lease. Id=1560503399556
2019-06-14 09:10:11,186 WARN  block.DeletedBlockLogImpl (DeletedBlockLogImpl.java:commitTransactions(205)) - Transaction txId=1 commit by dnId=e6065258-5a2c-4a72-9f81-ed1321f551ca for containerID=#1 failed. Corresponding entry not found.
2019-06-14 09:10:11,186 WARN  block.DeletedBlockLogImpl (DeletedBlockLogImpl.java:incrementCount(141)) - Deleted TXID not found.
2019-06-14 09:10:11,186 WARN  block.DeletedBlockLogImpl (DeletedBlockLogImpl.java:incrementCount(141)) - Deleted TXID not found.
2019-06-14 09:10:11,186 WARN  block.DeletedBlockLogImpl (DeletedBlockLogImpl.java:incrementCount(141)) - Deleted TXID not found.
2019-06-14 09:10:11,186 DEBUG block.DeletedBlockLogImpl (DeletedBlockLogImpl.java:isTransactionFailed(245)) - Got block deletion ACK from datanode, TXIDs=1, success=true
2019-06-14 09:10:11,186 WARN  block.DeletedBlockLogImpl (DeletedBlockLogImpl.java:commitTransactions(205)) - Transaction txId=1 commit by dnId=e6065258-5a2c-4a72-9f81-ed1321f551ca for containerID=#1 failed. Corresponding entry not found.
2019-06-14 09:10:11,186 DEBUG block.DeletedBlockLogImpl (DeletedBlockLogImpl.java:isTransactionFailed(245)) - Got block deletion ACK from datanode, TXIDs=1, success=true
2019-06-14 09:10:11,186 WARN  block.DeletedBlockLogImpl (DeletedBlockLogImpl.java:commitTransactions(205)) - Transaction txId=1 commit by dnId=e6065258-5a2c-4a72-9f81-ed1321f551ca for containerID=#1 failed. Corresponding entry not found.
2019-06-14 09:10:11,187 DEBUG block.DeletedBlockLogImpl (DeletedBlockLogImpl.java:isTransactionFailed(245)) - Got block deletion ACK from datanode, TXIDs=1, success=true
2019-06-14 09:10:11,187 WARN  block.DeletedBlockLogImpl (DeletedBlockLogImpl.java:commitTransactions(205)) - Transaction txId=1 commit by dnId=e6065258-5a2c-4a72-9f81-ed1321f551ca for containerID=#1 failed. Corresponding entry not found.
2019-06-14 09:10:11,187 DEBUG block.DeletedBlockLogImpl (DeletedBlockLogImpl.java:isTransactionFailed(245)) - Got block deletion ACK from datanode, TXIDs=1, success=true
2019-06-14 09:10:11,187 WARN  block.DeletedBlockLogImpl (DeletedBlockLogImpl.java:commitTransactions(205)) - Transaction txId=1 commit by dnId=e6065258-5a2c-4a72-9f81-ed1321f551ca for containerID=#1 failed. Corresponding entry not found.
2019-06-14 09:10:11,187 DEBUG block.DeletedBlockLogImpl (DeletedBlockLogImpl.java:isTransactionFailed(245)) - Got block deletion ACK from datanode, TXIDs=1, success=true
2019-06-14 09:10:11,187 WARN  block.DeletedBlockLogImpl (DeletedBlockLogImpl.java:commitTransactions(205)) - Transaction txId=1 commit by dnId=e6065258-5a2c-4a72-9f81-ed1321f551ca for containerID=#1 failed. Corresponding entry not found.
2019-06-14 09:10:11,187 DEBUG block.DeletedBlockLogImpl (DeletedBlockLogImpl.java:isTransactionFailed(245)) - Got block deletion ACK from datanode, TXIDs=1, success=true
2019-06-14 09:10:11,187 WARN  block.DeletedBlockLogImpl (DeletedBlockLogImpl.java:commitTransactions(205)) - Transaction txId=1 commit by dnId=e6065258-5a2c-4a72-9f81-ed1321f551ca for containerID=#1 failed. Corresponding entry not found.
2019-06-14 09:10:11,187 DEBUG block.DeletedBlockLogImpl (DeletedBlockLogImpl.java:isTransactionFailed(245)) - Got block deletion ACK from datanode, TXIDs=1, success=true
2019-06-14 09:10:11,187 WARN  block.DeletedBlockLogImpl (DeletedBlockLogImpl.java:commitTransactions(205)) - Transaction txId=1 commit by dnId=e6065258-5a2c-4a72-9f81-ed1321f551ca for containerID=#1 failed. Corresponding entry not found.
2019-06-14 09:10:11,187 DEBUG block.DeletedBlockLogImpl (DeletedBlockLogImpl.java:isTransactionFailed(245)) - Got block deletion ACK from datanode, TXIDs=1, success=true
2019-06-14 09:10:11,187 WARN  block.DeletedBlockLogImpl (DeletedBlockLogImpl.java:commitTransactions(205)) - Transaction txId=1 commit by dnId=e6065258-5a2c-4a72-9f81-ed1321f551ca for containerID=#1 failed. Corresponding entry not found.
2019-06-14 09:10:11,187 DEBUG block.DeletedBlockLogImpl (DeletedBlockLogImpl.java:isTransactionFailed(245)) - Got block deletion ACK from datanode, TXIDs=1, success=true
2019-06-14 09:10:11,187 WARN  block.DeletedBlockLogImpl (DeletedBlockLogImpl.java:commitTransactions(205)) - Transaction txId=1 commit by dnId=e6065258-5a2c-4a72-9f81-ed1321f551ca for containerID=#1 failed. Corresponding entry not found.
2019-06-14 09:10:11,187 DEBUG block.DeletedBlockLogImpl (DeletedBlockLogImpl.java:isTransactionFailed(245)) - Got block deletion ACK from datanode, TXIDs=1, success=true
2019-06-14 09:10:11,187 WARN  block.DeletedBlockLogImpl (DeletedBlockLogImpl.java:commitTransactions(205)) - Transaction txId=1 commit by dnId=e6065258-5a2c-4a72-9f81-ed1321f551ca for containerID=#1 failed. Corresponding entry not found.
2019-06-14 09:10:11,187 DEBUG block.DeletedBlockLogImpl (DeletedBlockLogImpl.java:isTransactionFailed(245)) - Got block deletion ACK from datanode, TXIDs=1, success=true
2019-06-14 09:10:11,187 WARN  block.DeletedBlockLogImpl (DeletedBlockLogImpl.java:commitTransactions(205)) - Transaction txId=1 commit by dnId=e6065258-5a2c-4a72-9f81-ed1321f551ca for containerID=#1 failed. Corresponding entry not found.
2019-06-14 09:10:11,188 DEBUG block.DeletedBlockLogImpl (DeletedBlockLogImpl.java:isTransactionFailed(245)) - Got block deletion ACK from datanode, TXIDs=1, success=true
2019-06-14 09:10:11,188 WARN  block.DeletedBlockLogImpl (DeletedBlockLogImpl.java:commitTransactions(205)) - Transaction txId=1 commit by dnId=e6065258-5a2c-4a72-9f81-ed1321f551ca for containerID=#1 failed. Corresponding entry not found.
2019-06-14 09:10:11,188 DEBUG block.DeletedBlockLogImpl (DeletedBlockLogImpl.java:isTransactionFailed(245)) - Got block deletion ACK from datanode, TXIDs=1, success=true
2019-06-14 09:10:11,188 WARN  block.DeletedBlockLogImpl (DeletedBlockLogImpl.java:commitTransactions(205)) - Transaction txId=1 commit by dnId=e6065258-5a2c-4a72-9f81-ed1321f551ca for containerID=#1 failed. Corresponding entry not found.
2019-06-14 09:10:11,188 DEBUG block.DeletedBlockLogImpl (DeletedBlockLogImpl.java:isTransactionFailed(245)) - Got block deletion ACK from datanode, TXIDs=1, success=true
2019-06-14 09:10:11,188 WARN  block.DeletedBlockLogImpl (DeletedBlockLogImpl.java:commitTransactions(205)) - Transaction txId=1 commit by dnId=e6065258-5a2c-4a72-9f81-ed1321f551ca for containerID=#1 failed. Corresponding entry not found.
2019-06-14 09:10:11,188 DEBUG block.DeletedBlockLogImpl (DeletedBlockLogImpl.java:isTransactionFailed(245)) - Got block deletion ACK from datanode, TXIDs=1, success=true
2019-06-14 09:10:11,188 WARN  block.DeletedBlockLogImpl (DeletedBlockLogImpl.java:commitTransactions(205)) - Transaction txId=1 commit by dnId=e6065258-5a2c-4a72-9f81-ed1321f551ca for containerID=#1 failed. Corresponding entry not found.
2019-06-14 09:10:11,234 DEBUG block.SCMBlockDeletingService (SCMBlockDeletingService.java:call(138)) - Running DeletedBlockTransactionScanner
2019-06-14 09:10:11,234 DEBUG block.SCMBlockDeletingService (SCMBlockDeletingService.java:call(155)) - Scanned deleted blocks log and got 0 delTX to process.
2019-06-14 09:10:11,334 DEBUG block.SCMBlockDeletingService (SCMBlockDeletingService.java:call(138)) - Running DeletedBlockTransactionScanner
2019-06-14 09:10:11,334 DEBUG block.SCMBlockDeletingService (SCMBlockDeletingService.java:call(155)) - Scanned deleted blocks log and got 0 delTX to process.
2019-06-14 09:10:11,435 DEBUG block.SCMBlockDeletingService (SCMBlockDeletingService.java:call(138)) - Running DeletedBlockTransactionScanner
2019-06-14 09:10:11,435 DEBUG block.SCMBlockDeletingService (SCMBlockDeletingService.java:call(155)) - Scanned deleted blocks log and got 0 delTX to process.
2019-06-14 09:10:11,535 DEBUG block.SCMBlockDeletingService (SCMBlockDeletingService.java:call(138)) - Running DeletedBlockTransactionScanner
2019-06-14 09:10:11,535 DEBUG block.SCMBlockDeletingService (SCMBlockDeletingService.java:call(155)) - Scanned deleted blocks log and got 0 delTX to process.
2019-06-14 09:10:11,635 DEBUG block.SCMBlockDeletingService (SCMBlockDeletingService.java:call(138)) - Running DeletedBlockTransactionScanner
2019-06-14 09:10:11,635 DEBUG block.SCMBlockDeletingService (SCMBlockDeletingService.java:call(155)) - Scanned deleted blocks log and got 0 delTX to process.
2019-06-14 09:10:11,735 DEBUG block.SCMBlockDeletingService (SCMBlockDeletingService.java:call(138)) - Running DeletedBlockTransactionScanner
2019-06-14 09:10:11,735 DEBUG block.SCMBlockDeletingService (SCMBlockDeletingService.java:call(155)) - Scanned deleted blocks log and got 0 delTX to process.
2019-06-14 09:10:11,836 DEBUG block.SCMBlockDeletingService (SCMBlockDeletingService.java:call(138)) - Running DeletedBlockTransactionScanner
2019-06-14 09:10:11,836 DEBUG block.SCMBlockDeletingService (SCMBlockDeletingService.java:call(155)) - Scanned deleted blocks log and got 0 delTX to process.
]]></system-out>
    <system-err><![CDATA[ERROR StatusLogger No Log4j 2 configuration file found. Using default configuration (logging only errors to the console), or user programmatically provided configurations. Set system property 'log4j2.debug' to show Log4j 2 internal initialization logging. See https://logging.apache.org/log4j/2.x/manual/configuration.html for instructions on how to configure Log4j 2
Jun 14, 2019 9:09:16 AM com.sun.jersey.server.impl.application.WebApplicationImpl _initiate
INFO: Initiating Jersey application, version 'Jersey: 1.19 02/11/2015 03:25 AM'
Jun 14, 2019 9:10:03 AM com.sun.jersey.server.impl.application.WebApplicationImpl _initiate
INFO: Initiating Jersey application, version 'Jersey: 1.19 02/11/2015 03:25 AM'
]]></system-err>
  </testcase>
</testsuite>