<?xml version="1.0" encoding="UTF-8"?>
<testsuite xmlns:xsi="http://www.w3.org/2001/XMLSchema-instance" xsi:noNamespaceSchemaLocation="https://maven.apache.org/surefire/maven-surefire-plugin/xsd/surefire-test-report.xsd" name="org.apache.hadoop.hdds.scm.pipeline.TestNodeFailure" time="10.801" tests="1" errors="0" skipped="1" failures="0">
  <properties>
    <property name="awt.toolkit" value="sun.awt.X11.XToolkit"/>
    <property name="file.encoding.pkg" value="sun.io"/>
    <property name="java.specification.version" value="1.8"/>
    <property name="sun.cpu.isalist" value=""/>
    <property name="sun.jnu.encoding" value="UTF-8"/>
    <property name="java.class.path" value="/opt/src/hadoop-ozone/integration-test/target/test-classes:/opt/src/hadoop-ozone/integration-test/target/classes:/root/.m2/repository/org/apache/hadoop/hadoop-ozone-common/0.5.0-SNAPSHOT/hadoop-ozone-common-0.5.0-SNAPSHOT.jar:/root/.m2/repository/org/apache/commons/commons-compress/1.4.1/commons-compress-1.4.1.jar:/root/.m2/repository/org/tukaani/xz/1.0/xz-1.0.jar:/root/.m2/repository/org/apache/hadoop/hadoop-common/3.2.0/hadoop-common-3.2.0.jar:/root/.m2/repository/org/apache/hadoop/hadoop-hdfs/3.2.0/hadoop-hdfs-3.2.0.jar:/root/.m2/repository/org/apache/hadoop/hadoop-hdfs-client/3.2.0/hadoop-hdfs-client-3.2.0.jar:/root/.m2/repository/com/fasterxml/jackson/core/jackson-annotations/2.9.5/jackson-annotations-2.9.5.jar:/root/.m2/repository/org/apache/hadoop/hadoop-hdds-common/0.5.0-SNAPSHOT/hadoop-hdds-common-0.5.0-SNAPSHOT.jar:/root/.m2/repository/javax/annotation/javax.annotation-api/1.2/javax.annotation-api-1.2.jar:/root/.m2/repository/org/apache/ratis/ratis-server/0.4.0-fe2b15d-SNAPSHOT/ratis-server-0.4.0-fe2b15d-SNAPSHOT.jar:/root/.m2/repository/org/apache/ratis/ratis-thirdparty-misc/0.2.0/ratis-thirdparty-misc-0.2.0.jar:/root/.m2/repository/org/apache/ratis/ratis-proto/0.4.0-fe2b15d-SNAPSHOT/ratis-proto-0.4.0-fe2b15d-SNAPSHOT.jar:/root/.m2/repository/org/apache/ratis/ratis-common/0.4.0-fe2b15d-SNAPSHOT/ratis-common-0.4.0-fe2b15d-SNAPSHOT.jar:/root/.m2/repository/org/apache/ratis/ratis-client/0.4.0-fe2b15d-SNAPSHOT/ratis-client-0.4.0-fe2b15d-SNAPSHOT.jar:/root/.m2/repository/org/apache/ratis/ratis-netty/0.4.0-fe2b15d-SNAPSHOT/ratis-netty-0.4.0-fe2b15d-SNAPSHOT.jar:/root/.m2/repository/org/apache/ratis/ratis-grpc/0.4.0-fe2b15d-SNAPSHOT/ratis-grpc-0.4.0-fe2b15d-SNAPSHOT.jar:/root/.m2/repository/org/rocksdb/rocksdbjni/5.14.2/rocksdbjni-5.14.2.jar:/root/.m2/repository/org/apache/logging/log4j/log4j-api/2.11.0/log4j-api-2.11.0.jar:/root/.m2/repository/org/apache/logging/log4j/log4j-core/2.11.0/log4j-core-2.11.0.jar:/root/.m2/repository/com/lmax/disruptor/3.4.2/disruptor-3.4.2.jar:/root/.m2/repository/org/apache/commons/commons-pool2/2.6.0/commons-pool2-2.6.0.jar:/root/.m2/repository/org/bouncycastle/bcpkix-jdk15on/1.60/bcpkix-jdk15on-1.60.jar:/root/.m2/repository/commons-validator/commons-validator/1.6/commons-validator-1.6.jar:/root/.m2/repository/commons-digester/commons-digester/1.8.1/commons-digester-1.8.1.jar:/root/.m2/repository/io/jaegertracing/jaeger-client/0.33.1/jaeger-client-0.33.1.jar:/root/.m2/repository/io/jaegertracing/jaeger-thrift/0.33.1/jaeger-thrift-0.33.1.jar:/root/.m2/repository/org/apache/thrift/libthrift/0.11.0/libthrift-0.11.0.jar:/root/.m2/repository/com/squareup/okhttp3/okhttp/3.9.0/okhttp-3.9.0.jar:/root/.m2/repository/com/squareup/okio/okio/1.13.0/okio-1.13.0.jar:/root/.m2/repository/io/jaegertracing/jaeger-core/0.33.1/jaeger-core-0.33.1.jar:/root/.m2/repository/io/jaegertracing/jaeger-tracerresolver/0.33.1/jaeger-tracerresolver-0.33.1.jar:/root/.m2/repository/io/opentracing/contrib/opentracing-tracerresolver/0.1.5/opentracing-tracerresolver-0.1.5.jar:/root/.m2/repository/io/opentracing/opentracing-util/0.31.0/opentracing-util-0.31.0.jar:/root/.m2/repository/io/opentracing/opentracing-api/0.31.0/opentracing-api-0.31.0.jar:/root/.m2/repository/io/opentracing/opentracing-noop/0.31.0/opentracing-noop-0.31.0.jar:/root/.m2/repository/org/apache/hadoop/hadoop-hdds-server-framework/0.5.0-SNAPSHOT/hadoop-hdds-server-framework-0.5.0-SNAPSHOT.jar:/root/.m2/repository/org/apache/hadoop/hadoop-hdds-server-scm/0.5.0-SNAPSHOT/hadoop-hdds-server-scm-0.5.0-SNAPSHOT.jar:/root/.m2/repository/org/apache/hadoop/hadoop-hdds-container-service/0.5.0-SNAPSHOT/hadoop-hdds-container-service-0.5.0-SNAPSHOT.jar:/root/.m2/repository/org/apache/hadoop/hadoop-hdds-client/0.5.0-SNAPSHOT/hadoop-hdds-client-0.5.0-SNAPSHOT.jar:/root/.m2/repository/org/apache/hadoop/hadoop-hdds-tools/0.5.0-SNAPSHOT/hadoop-hdds-tools-0.5.0-SNAPSHOT.jar:/root/.m2/repository/org/apache/hadoop/hadoop-ozone-ozone-manager/0.5.0-SNAPSHOT/hadoop-ozone-ozone-manager-0.5.0-SNAPSHOT.jar:/root/.m2/repository/org/apache/hadoop/hadoop-hdds-docs/0.5.0-SNAPSHOT/hadoop-hdds-docs-0.5.0-SNAPSHOT.jar:/root/.m2/repository/org/bouncycastle/bcprov-jdk15on/1.60/bcprov-jdk15on-1.60.jar:/root/.m2/repository/org/apache/hadoop/hadoop-minikdc/3.2.0/hadoop-minikdc-3.2.0.jar:/root/.m2/repository/commons-io/commons-io/2.5/commons-io-2.5.jar:/root/.m2/repository/org/apache/kerby/kerb-simplekdc/1.0.1/kerb-simplekdc-1.0.1.jar:/root/.m2/repository/org/apache/kerby/kerb-client/1.0.1/kerb-client-1.0.1.jar:/root/.m2/repository/org/apache/kerby/kerby-config/1.0.1/kerby-config-1.0.1.jar:/root/.m2/repository/org/apache/kerby/kerb-core/1.0.1/kerb-core-1.0.1.jar:/root/.m2/repository/org/apache/kerby/kerby-pkix/1.0.1/kerby-pkix-1.0.1.jar:/root/.m2/repository/org/apache/kerby/kerby-asn1/1.0.1/kerby-asn1-1.0.1.jar:/root/.m2/repository/org/apache/kerby/kerby-util/1.0.1/kerby-util-1.0.1.jar:/root/.m2/repository/org/apache/kerby/kerb-common/1.0.1/kerb-common-1.0.1.jar:/root/.m2/repository/org/apache/kerby/kerb-crypto/1.0.1/kerb-crypto-1.0.1.jar:/root/.m2/repository/org/apache/kerby/kerb-util/1.0.1/kerb-util-1.0.1.jar:/root/.m2/repository/org/apache/kerby/token-provider/1.0.1/token-provider-1.0.1.jar:/root/.m2/repository/org/apache/kerby/kerb-admin/1.0.1/kerb-admin-1.0.1.jar:/root/.m2/repository/org/apache/kerby/kerb-server/1.0.1/kerb-server-1.0.1.jar:/root/.m2/repository/org/apache/kerby/kerb-identity/1.0.1/kerb-identity-1.0.1.jar:/root/.m2/repository/org/apache/kerby/kerby-xdr/1.0.1/kerby-xdr-1.0.1.jar:/root/.m2/repository/org/slf4j/slf4j-log4j12/1.7.25/slf4j-log4j12-1.7.25.jar:/root/.m2/repository/org/apache/hadoop/hadoop-ozone-objectstore-service/0.5.0-SNAPSHOT/hadoop-ozone-objectstore-service-0.5.0-SNAPSHOT.jar:/root/.m2/repository/org/apache/hadoop/hadoop-ozone-s3gateway/0.5.0-SNAPSHOT/hadoop-ozone-s3gateway-0.5.0-SNAPSHOT.jar:/root/.m2/repository/org/jboss/weld/servlet/weld-servlet/2.4.7.Final/weld-servlet-2.4.7.Final.jar:/root/.m2/repository/org/glassfish/jersey/containers/jersey-container-servlet-core/2.27/jersey-container-servlet-core-2.27.jar:/root/.m2/repository/org/glassfish/hk2/external/javax.inject/2.5.0-b42/javax.inject-2.5.0-b42.jar:/root/.m2/repository/org/glassfish/jersey/core/jersey-common/2.27/jersey-common-2.27.jar:/root/.m2/repository/org/glassfish/hk2/osgi-resource-locator/1.0.1/osgi-resource-locator-1.0.1.jar:/root/.m2/repository/javax/ws/rs/javax.ws.rs-api/2.1/javax.ws.rs-api-2.1.jar:/root/.m2/repository/org/glassfish/jersey/ext/cdi/jersey-cdi1x/2.27/jersey-cdi1x-2.27.jar:/root/.m2/repository/org/glassfish/jersey/inject/jersey-hk2/2.27/jersey-hk2-2.27.jar:/root/.m2/repository/org/glassfish/hk2/hk2-locator/2.5.0-b42/hk2-locator-2.5.0-b42.jar:/root/.m2/repository/org/javassist/javassist/3.22.0-CR2/javassist-3.22.0-CR2.jar:/root/.m2/repository/org/glassfish/hk2/hk2-api/2.5.0/hk2-api-2.5.0.jar:/root/.m2/repository/org/glassfish/hk2/external/jakarta.inject/2.5.0/jakarta.inject-2.5.0.jar:/root/.m2/repository/org/glassfish/hk2/hk2-utils/2.5.0/hk2-utils-2.5.0.jar:/root/.m2/repository/jakarta/annotation/jakarta.annotation-api/1.3.4/jakarta.annotation-api-1.3.4.jar:/root/.m2/repository/org/glassfish/hk2/external/aopalliance-repackaged/2.5.0/aopalliance-repackaged-2.5.0.jar:/root/.m2/repository/com/fasterxml/jackson/dataformat/jackson-dataformat-xml/2.9.0/jackson-dataformat-xml-2.9.0.jar:/root/.m2/repository/com/fasterxml/jackson/core/jackson-core/2.9.5/jackson-core-2.9.5.jar:/root/.m2/repository/com/fasterxml/jackson/module/jackson-module-jaxb-annotations/2.9.5/jackson-module-jaxb-annotations-2.9.5.jar:/root/.m2/repository/javax/enterprise/cdi-api/1.2/cdi-api-1.2.jar:/root/.m2/repository/javax/el/javax.el-api/3.0.0/javax.el-api-3.0.0.jar:/root/.m2/repository/javax/interceptor/javax.interceptor-api/1.2/javax.interceptor-api-1.2.jar:/root/.m2/repository/javax/inject/javax.inject/1/javax.inject-1.jar:/root/.m2/repository/com/sun/xml/bind/jaxb-impl/2.3.0.1/jaxb-impl-2.3.0.1.jar:/root/.m2/repository/com/sun/xml/bind/jaxb-core/2.3.0.1/jaxb-core-2.3.0.1.jar:/root/.m2/repository/javax/xml/bind/jaxb-api/2.3.0/jaxb-api-2.3.0.jar:/root/.m2/repository/javax/activation/activation/1.1.1/activation-1.1.1.jar:/root/.m2/repository/org/apache/hadoop/hadoop-ozone-csi/0.5.0-SNAPSHOT/hadoop-ozone-csi-0.5.0-SNAPSHOT.jar:/root/.m2/repository/com/google/protobuf/protobuf-java-util/3.5.1/protobuf-java-util-3.5.1.jar:/root/.m2/repository/org/apache/hadoop/hadoop-hdds-config/0.5.0-SNAPSHOT/hadoop-hdds-config-0.5.0-SNAPSHOT.jar:/root/.m2/repository/com/google/guava/guava/11.0.2/guava-11.0.2.jar:/root/.m2/repository/com/google/protobuf/protobuf-java/2.5.0/protobuf-java-2.5.0.jar:/root/.m2/repository/io/grpc/grpc-netty/1.17.1/grpc-netty-1.17.1.jar:/root/.m2/repository/io/grpc/grpc-core/1.17.1/grpc-core-1.17.1.jar:/root/.m2/repository/io/grpc/grpc-context/1.17.1/grpc-context-1.17.1.jar:/root/.m2/repository/com/google/errorprone/error_prone_annotations/2.2.0/error_prone_annotations-2.2.0.jar:/root/.m2/repository/org/codehaus/mojo/animal-sniffer-annotations/1.17/animal-sniffer-annotations-1.17.jar:/root/.m2/repository/io/opencensus/opencensus-api/0.17.0/opencensus-api-0.17.0.jar:/root/.m2/repository/io/opencensus/opencensus-contrib-grpc-metrics/0.17.0/opencensus-contrib-grpc-metrics-0.17.0.jar:/root/.m2/repository/io/netty/netty-codec-http2/4.1.30.Final/netty-codec-http2-4.1.30.Final.jar:/root/.m2/repository/io/netty/netty-codec-http/4.1.30.Final/netty-codec-http-4.1.30.Final.jar:/root/.m2/repository/io/netty/netty-codec/4.1.30.Final/netty-codec-4.1.30.Final.jar:/root/.m2/repository/io/netty/netty-handler/4.1.30.Final/netty-handler-4.1.30.Final.jar:/root/.m2/repository/io/netty/netty-handler-proxy/4.1.30.Final/netty-handler-proxy-4.1.30.Final.jar:/root/.m2/repository/io/netty/netty-codec-socks/4.1.30.Final/netty-codec-socks-4.1.30.Final.jar:/root/.m2/repository/io/netty/netty-transport-native-epoll/4.1.30.Final/netty-transport-native-epoll-4.1.30.Final.jar:/root/.m2/repository/io/netty/netty-common/4.1.30.Final/netty-common-4.1.30.Final.jar:/root/.m2/repository/io/netty/netty-buffer/4.1.30.Final/netty-buffer-4.1.30.Final.jar:/root/.m2/repository/io/netty/netty-transport/4.1.30.Final/netty-transport-4.1.30.Final.jar:/root/.m2/repository/io/netty/netty-resolver/4.1.30.Final/netty-resolver-4.1.30.Final.jar:/root/.m2/repository/io/netty/netty-transport-native-unix-common/4.1.30.Final/netty-transport-native-unix-common-4.1.30.Final.jar:/root/.m2/repository/io/grpc/grpc-protobuf/1.17.1/grpc-protobuf-1.17.1.jar:/root/.m2/repository/com/google/api/grpc/proto-google-common-protos/1.0.0/proto-google-common-protos-1.0.0.jar:/root/.m2/repository/io/grpc/grpc-protobuf-lite/1.17.1/grpc-protobuf-lite-1.17.1.jar:/root/.m2/repository/io/grpc/grpc-stub/1.17.1/grpc-stub-1.17.1.jar:/root/.m2/repository/org/apache/hadoop/hadoop-ozone-recon/0.5.0-SNAPSHOT/hadoop-ozone-recon-0.5.0-SNAPSHOT.jar:/root/.m2/repository/org/apache/hadoop/hadoop-ozone-reconcodegen/0.5.0-SNAPSHOT/hadoop-ozone-reconcodegen-0.5.0-SNAPSHOT.jar:/root/.m2/repository/com/google/inject/extensions/guice-multibindings/4.0/guice-multibindings-4.0.jar:/root/.m2/repository/com/google/inject/guice/4.0/guice-4.0.jar:/root/.m2/repository/aopalliance/aopalliance/1.0/aopalliance-1.0.jar:/root/.m2/repository/com/google/inject/extensions/guice-servlet/4.0/guice-servlet-4.0.jar:/root/.m2/repository/org/glassfish/jersey/containers/jersey-container-servlet/2.27/jersey-container-servlet-2.27.jar:/root/.m2/repository/org/glassfish/hk2/guice-bridge/2.5.0/guice-bridge-2.5.0.jar:/root/.m2/repository/org/glassfish/jersey/core/jersey-server/2.27/jersey-server-2.27.jar:/root/.m2/repository/org/glassfish/jersey/core/jersey-client/2.27/jersey-client-2.27.jar:/root/.m2/repository/org/glassfish/jersey/media/jersey-media-jaxb/2.27/jersey-media-jaxb-2.27.jar:/root/.m2/repository/javax/validation/validation-api/1.1.0.Final/validation-api-1.1.0.Final.jar:/root/.m2/repository/org/glassfish/jersey/media/jersey-media-json-jackson/2.27/jersey-media-json-jackson-2.27.jar:/root/.m2/repository/org/glassfish/jersey/ext/jersey-entity-filtering/2.27/jersey-entity-filtering-2.27.jar:/root/.m2/repository/com/google/inject/extensions/guice-assistedinject/4.0/guice-assistedinject-4.0.jar:/root/.m2/repository/org/jooq/jooq/3.11.10/jooq-3.11.10.jar:/root/.m2/repository/org/jooq/jooq-meta/3.11.10/jooq-meta-3.11.10.jar:/root/.m2/repository/org/jooq/jooq-codegen/3.11.10/jooq-codegen-3.11.10.jar:/root/.m2/repository/com/jolbox/bonecp/0.8.0.RELEASE/bonecp-0.8.0.RELEASE.jar:/root/.m2/repository/org/xerial/sqlite-jdbc/3.25.2/sqlite-jdbc-3.25.2.jar:/root/.m2/repository/org/springframework/spring-jdbc/5.1.3.RELEASE/spring-jdbc-5.1.3.RELEASE.jar:/root/.m2/repository/org/springframework/spring-beans/5.1.3.RELEASE/spring-beans-5.1.3.RELEASE.jar:/root/.m2/repository/org/springframework/spring-core/5.1.3.RELEASE/spring-core-5.1.3.RELEASE.jar:/root/.m2/repository/org/springframework/spring-jcl/5.1.3.RELEASE/spring-jcl-5.1.3.RELEASE.jar:/root/.m2/repository/org/springframework/spring-tx/5.1.3.RELEASE/spring-tx-5.1.3.RELEASE.jar:/root/.m2/repository/org/apache/hadoop/hadoop-ozone-client/0.5.0-SNAPSHOT/hadoop-ozone-client-0.5.0-SNAPSHOT.jar:/root/.m2/repository/org/apache/hadoop/hadoop-ozone-ozone-manager/0.5.0-SNAPSHOT/hadoop-ozone-ozone-manager-0.5.0-SNAPSHOT-tests.jar:/root/.m2/repository/junit/junit/4.11/junit-4.11.jar:/root/.m2/repository/org/hamcrest/hamcrest-core/1.3/hamcrest-core-1.3.jar:/root/.m2/repository/org/openjdk/jmh/jmh-core/1.19/jmh-core-1.19.jar:/root/.m2/repository/net/sf/jopt-simple/jopt-simple/4.6/jopt-simple-4.6.jar:/root/.m2/repository/org/apache/commons/commons-math3/3.1.1/commons-math3-3.1.1.jar:/root/.m2/repository/org/openjdk/jmh/jmh-generator-annprocess/1.19/jmh-generator-annprocess-1.19.jar:/root/.m2/repository/org/mockito/mockito-all/1.8.5/mockito-all-1.8.5.jar:/root/.m2/repository/org/apache/hadoop/hadoop-kms/3.2.0/hadoop-kms-3.2.0.jar:/root/.m2/repository/org/apache/hadoop/hadoop-auth/3.2.0/hadoop-auth-3.2.0.jar:/root/.m2/repository/com/nimbusds/nimbus-jose-jwt/4.41.1/nimbus-jose-jwt-4.41.1.jar:/root/.m2/repository/com/github/stephenc/jcip/jcip-annotations/1.0-1/jcip-annotations-1.0-1.jar:/root/.m2/repository/net/minidev/json-smart/2.3/json-smart-2.3.jar:/root/.m2/repository/net/minidev/accessors-smart/1.2/accessors-smart-1.2.jar:/root/.m2/repository/org/ow2/asm/asm/5.0.4/asm-5.0.4.jar:/root/.m2/repository/org/apache/curator/curator-framework/2.12.0/curator-framework-2.12.0.jar:/root/.m2/repository/com/sun/jersey/jersey-core/1.19/jersey-core-1.19.jar:/root/.m2/repository/javax/ws/rs/jsr311-api/1.1.1/jsr311-api-1.1.1.jar:/root/.m2/repository/com/sun/jersey/jersey-server/1.19/jersey-server-1.19.jar:/root/.m2/repository/javax/servlet/javax.servlet-api/3.1.0/javax.servlet-api-3.1.0.jar:/root/.m2/repository/org/eclipse/jetty/jetty-server/9.3.24.v20180605/jetty-server-9.3.24.v20180605.jar:/root/.m2/repository/org/eclipse/jetty/jetty-http/9.3.24.v20180605/jetty-http-9.3.24.v20180605.jar:/root/.m2/repository/org/eclipse/jetty/jetty-io/9.3.24.v20180605/jetty-io-9.3.24.v20180605.jar:/root/.m2/repository/org/eclipse/jetty/jetty-webapp/9.3.24.v20180605/jetty-webapp-9.3.24.v20180605.jar:/root/.m2/repository/org/eclipse/jetty/jetty-xml/9.3.24.v20180605/jetty-xml-9.3.24.v20180605.jar:/root/.m2/repository/log4j/log4j/1.2.17/log4j-1.2.17.jar:/root/.m2/repository/org/slf4j/slf4j-api/1.7.25/slf4j-api-1.7.25.jar:/root/.m2/repository/org/slf4j/jul-to-slf4j/1.7.25/jul-to-slf4j-1.7.25.jar:/root/.m2/repository/org/eclipse/jetty/jetty-util/9.3.24.v20180605/jetty-util-9.3.24.v20180605.jar:/root/.m2/repository/io/dropwizard/metrics/metrics-core/3.2.4/metrics-core-3.2.4.jar:/root/.m2/repository/com/fasterxml/jackson/core/jackson-databind/2.9.5/jackson-databind-2.9.5.jar:/root/.m2/repository/org/apache/hadoop/hadoop-kms/3.2.0/hadoop-kms-3.2.0-tests.jar:/root/.m2/repository/org/apache/hadoop/hadoop-hdds-server-scm/0.5.0-SNAPSHOT/hadoop-hdds-server-scm-0.5.0-SNAPSHOT-tests.jar:/root/.m2/repository/org/hamcrest/hamcrest-all/1.3/hamcrest-all-1.3.jar:/root/.m2/repository/info/picocli/picocli/3.9.6/picocli-3.9.6.jar:/root/.m2/repository/org/apache/hadoop/hadoop-hdds-container-service/0.5.0-SNAPSHOT/hadoop-hdds-container-service-0.5.0-SNAPSHOT-tests.jar:/root/.m2/repository/org/yaml/snakeyaml/1.16/snakeyaml-1.16.jar:/root/.m2/repository/org/apache/hadoop/hadoop-common/3.2.0/hadoop-common-3.2.0-tests.jar:/root/.m2/repository/org/apache/hadoop/hadoop-annotations/3.2.0/hadoop-annotations-3.2.0.jar:/usr/lib/jvm/java-1.8-openjdk/jre/../lib/tools.jar:/root/.m2/repository/commons-cli/commons-cli/1.2/commons-cli-1.2.jar:/root/.m2/repository/org/apache/httpcomponents/httpclient/4.5.2/httpclient-4.5.2.jar:/root/.m2/repository/org/apache/httpcomponents/httpcore/4.4.4/httpcore-4.4.4.jar:/root/.m2/repository/commons-codec/commons-codec/1.11/commons-codec-1.11.jar:/root/.m2/repository/commons-net/commons-net/3.6/commons-net-3.6.jar:/root/.m2/repository/commons-collections/commons-collections/3.2.2/commons-collections-3.2.2.jar:/root/.m2/repository/org/eclipse/jetty/jetty-servlet/9.3.24.v20180605/jetty-servlet-9.3.24.v20180605.jar:/root/.m2/repository/org/eclipse/jetty/jetty-security/9.3.24.v20180605/jetty-security-9.3.24.v20180605.jar:/root/.m2/repository/javax/servlet/jsp/jsp-api/2.1/jsp-api-2.1.jar:/root/.m2/repository/com/sun/jersey/jersey-servlet/1.19/jersey-servlet-1.19.jar:/root/.m2/repository/com/sun/jersey/jersey-json/1.19/jersey-json-1.19.jar:/root/.m2/repository/org/codehaus/jettison/jettison/1.1/jettison-1.1.jar:/root/.m2/repository/org/codehaus/jackson/jackson-core-asl/1.9.13/jackson-core-asl-1.9.13.jar:/root/.m2/repository/org/codehaus/jackson/jackson-mapper-asl/1.9.13/jackson-mapper-asl-1.9.13.jar:/root/.m2/repository/org/codehaus/jackson/jackson-jaxrs/1.9.13/jackson-jaxrs-1.9.13.jar:/root/.m2/repository/org/codehaus/jackson/jackson-xc/1.9.13/jackson-xc-1.9.13.jar:/root/.m2/repository/commons-logging/commons-logging/1.1.3/commons-logging-1.1.3.jar:/root/.m2/repository/commons-beanutils/commons-beanutils/1.9.3/commons-beanutils-1.9.3.jar:/root/.m2/repository/org/apache/commons/commons-configuration2/2.1.1/commons-configuration2-2.1.1.jar:/root/.m2/repository/org/apache/commons/commons-lang3/3.7/commons-lang3-3.7.jar:/root/.m2/repository/org/apache/commons/commons-text/1.4/commons-text-1.4.jar:/root/.m2/repository/org/apache/avro/avro/1.7.7/avro-1.7.7.jar:/root/.m2/repository/com/thoughtworks/paranamer/paranamer/2.3/paranamer-2.3.jar:/root/.m2/repository/org/xerial/snappy/snappy-java/1.0.5/snappy-java-1.0.5.jar:/root/.m2/repository/com/google/re2j/re2j/1.1/re2j-1.1.jar:/root/.m2/repository/com/google/code/gson/gson/2.2.4/gson-2.2.4.jar:/root/.m2/repository/com/jcraft/jsch/0.1.54/jsch-0.1.54.jar:/root/.m2/repository/org/apache/curator/curator-client/2.12.0/curator-client-2.12.0.jar:/root/.m2/repository/org/apache/curator/curator-recipes/2.12.0/curator-recipes-2.12.0.jar:/root/.m2/repository/com/google/code/findbugs/jsr305/3.0.0/jsr305-3.0.0.jar:/root/.m2/repository/org/apache/htrace/htrace-core4/4.1.0-incubating/htrace-core4-4.1.0-incubating.jar:/root/.m2/repository/org/apache/zookeeper/zookeeper/3.4.13/zookeeper-3.4.13.jar:/root/.m2/repository/org/apache/yetus/audience-annotations/0.5.0/audience-annotations-0.5.0.jar:/root/.m2/repository/org/codehaus/woodstox/stax2-api/3.1.4/stax2-api-3.1.4.jar:/root/.m2/repository/com/fasterxml/woodstox/woodstox-core/5.0.3/woodstox-core-5.0.3.jar:/root/.m2/repository/dnsjava/dnsjava/2.1.7/dnsjava-2.1.7.jar:/root/.m2/repository/org/apache/hadoop/hadoop-hdfs/3.2.0/hadoop-hdfs-3.2.0-tests.jar:/root/.m2/repository/org/eclipse/jetty/jetty-util-ajax/9.3.24.v20180605/jetty-util-ajax-9.3.24.v20180605.jar:/root/.m2/repository/commons-daemon/commons-daemon/1.0.13/commons-daemon-1.0.13.jar:/root/.m2/repository/io/netty/netty/3.10.5.Final/netty-3.10.5.Final.jar:/root/.m2/repository/io/netty/netty-all/4.0.52.Final/netty-all-4.0.52.Final.jar:/root/.m2/repository/org/fusesource/leveldbjni/leveldbjni-all/1.8/leveldbjni-all-1.8.jar:"/>
    <property name="java.vm.vendor" value="IcedTea"/>
    <property name="sun.arch.data.model" value="64"/>
    <property name="test.build.dir" value="/opt/src/hadoop-ozone/integration-test/target/test-dir"/>
    <property name="test.cache.data" value=""/>
    <property name="java.vendor.url" value="https://icedtea.classpath.org"/>
    <property name="user.timezone" value=""/>
    <property name="java.vm.specification.version" value="1.8"/>
    <property name="os.name" value="Linux"/>
    <property name="test.build.data" value="/opt/src/hadoop-ozone/integration-test/target/test-dir"/>
    <property name="user.country" value="US"/>
    <property name="sun.java.launcher" value="SUN_STANDARD"/>
    <property name="sun.boot.library.path" value="/usr/lib/jvm/java-1.8-openjdk/jre/lib/amd64"/>
    <property name="sun.java.command" value="/opt/src/hadoop-ozone/integration-test/target/surefire/surefirebooter3292776964950236229.jar /opt/src/hadoop-ozone/integration-test/target/surefire 2019-06-14T05-02-57_640-jvmRun1 surefire3308921271418873261tmp surefire_84802624115238955157tmp"/>
    <property name="surefire.test.class.path" value="/opt/src/hadoop-ozone/integration-test/target/test-classes:/opt/src/hadoop-ozone/integration-test/target/classes:/root/.m2/repository/org/apache/hadoop/hadoop-ozone-common/0.5.0-SNAPSHOT/hadoop-ozone-common-0.5.0-SNAPSHOT.jar:/root/.m2/repository/org/apache/commons/commons-compress/1.4.1/commons-compress-1.4.1.jar:/root/.m2/repository/org/tukaani/xz/1.0/xz-1.0.jar:/root/.m2/repository/org/apache/hadoop/hadoop-common/3.2.0/hadoop-common-3.2.0.jar:/root/.m2/repository/org/apache/hadoop/hadoop-hdfs/3.2.0/hadoop-hdfs-3.2.0.jar:/root/.m2/repository/org/apache/hadoop/hadoop-hdfs-client/3.2.0/hadoop-hdfs-client-3.2.0.jar:/root/.m2/repository/com/fasterxml/jackson/core/jackson-annotations/2.9.5/jackson-annotations-2.9.5.jar:/root/.m2/repository/org/apache/hadoop/hadoop-hdds-common/0.5.0-SNAPSHOT/hadoop-hdds-common-0.5.0-SNAPSHOT.jar:/root/.m2/repository/javax/annotation/javax.annotation-api/1.2/javax.annotation-api-1.2.jar:/root/.m2/repository/org/apache/ratis/ratis-server/0.4.0-fe2b15d-SNAPSHOT/ratis-server-0.4.0-fe2b15d-SNAPSHOT.jar:/root/.m2/repository/org/apache/ratis/ratis-thirdparty-misc/0.2.0/ratis-thirdparty-misc-0.2.0.jar:/root/.m2/repository/org/apache/ratis/ratis-proto/0.4.0-fe2b15d-SNAPSHOT/ratis-proto-0.4.0-fe2b15d-SNAPSHOT.jar:/root/.m2/repository/org/apache/ratis/ratis-common/0.4.0-fe2b15d-SNAPSHOT/ratis-common-0.4.0-fe2b15d-SNAPSHOT.jar:/root/.m2/repository/org/apache/ratis/ratis-client/0.4.0-fe2b15d-SNAPSHOT/ratis-client-0.4.0-fe2b15d-SNAPSHOT.jar:/root/.m2/repository/org/apache/ratis/ratis-netty/0.4.0-fe2b15d-SNAPSHOT/ratis-netty-0.4.0-fe2b15d-SNAPSHOT.jar:/root/.m2/repository/org/apache/ratis/ratis-grpc/0.4.0-fe2b15d-SNAPSHOT/ratis-grpc-0.4.0-fe2b15d-SNAPSHOT.jar:/root/.m2/repository/org/rocksdb/rocksdbjni/5.14.2/rocksdbjni-5.14.2.jar:/root/.m2/repository/org/apache/logging/log4j/log4j-api/2.11.0/log4j-api-2.11.0.jar:/root/.m2/repository/org/apache/logging/log4j/log4j-core/2.11.0/log4j-core-2.11.0.jar:/root/.m2/repository/com/lmax/disruptor/3.4.2/disruptor-3.4.2.jar:/root/.m2/repository/org/apache/commons/commons-pool2/2.6.0/commons-pool2-2.6.0.jar:/root/.m2/repository/org/bouncycastle/bcpkix-jdk15on/1.60/bcpkix-jdk15on-1.60.jar:/root/.m2/repository/commons-validator/commons-validator/1.6/commons-validator-1.6.jar:/root/.m2/repository/commons-digester/commons-digester/1.8.1/commons-digester-1.8.1.jar:/root/.m2/repository/io/jaegertracing/jaeger-client/0.33.1/jaeger-client-0.33.1.jar:/root/.m2/repository/io/jaegertracing/jaeger-thrift/0.33.1/jaeger-thrift-0.33.1.jar:/root/.m2/repository/org/apache/thrift/libthrift/0.11.0/libthrift-0.11.0.jar:/root/.m2/repository/com/squareup/okhttp3/okhttp/3.9.0/okhttp-3.9.0.jar:/root/.m2/repository/com/squareup/okio/okio/1.13.0/okio-1.13.0.jar:/root/.m2/repository/io/jaegertracing/jaeger-core/0.33.1/jaeger-core-0.33.1.jar:/root/.m2/repository/io/jaegertracing/jaeger-tracerresolver/0.33.1/jaeger-tracerresolver-0.33.1.jar:/root/.m2/repository/io/opentracing/contrib/opentracing-tracerresolver/0.1.5/opentracing-tracerresolver-0.1.5.jar:/root/.m2/repository/io/opentracing/opentracing-util/0.31.0/opentracing-util-0.31.0.jar:/root/.m2/repository/io/opentracing/opentracing-api/0.31.0/opentracing-api-0.31.0.jar:/root/.m2/repository/io/opentracing/opentracing-noop/0.31.0/opentracing-noop-0.31.0.jar:/root/.m2/repository/org/apache/hadoop/hadoop-hdds-server-framework/0.5.0-SNAPSHOT/hadoop-hdds-server-framework-0.5.0-SNAPSHOT.jar:/root/.m2/repository/org/apache/hadoop/hadoop-hdds-server-scm/0.5.0-SNAPSHOT/hadoop-hdds-server-scm-0.5.0-SNAPSHOT.jar:/root/.m2/repository/org/apache/hadoop/hadoop-hdds-container-service/0.5.0-SNAPSHOT/hadoop-hdds-container-service-0.5.0-SNAPSHOT.jar:/root/.m2/repository/org/apache/hadoop/hadoop-hdds-client/0.5.0-SNAPSHOT/hadoop-hdds-client-0.5.0-SNAPSHOT.jar:/root/.m2/repository/org/apache/hadoop/hadoop-hdds-tools/0.5.0-SNAPSHOT/hadoop-hdds-tools-0.5.0-SNAPSHOT.jar:/root/.m2/repository/org/apache/hadoop/hadoop-ozone-ozone-manager/0.5.0-SNAPSHOT/hadoop-ozone-ozone-manager-0.5.0-SNAPSHOT.jar:/root/.m2/repository/org/apache/hadoop/hadoop-hdds-docs/0.5.0-SNAPSHOT/hadoop-hdds-docs-0.5.0-SNAPSHOT.jar:/root/.m2/repository/org/bouncycastle/bcprov-jdk15on/1.60/bcprov-jdk15on-1.60.jar:/root/.m2/repository/org/apache/hadoop/hadoop-minikdc/3.2.0/hadoop-minikdc-3.2.0.jar:/root/.m2/repository/commons-io/commons-io/2.5/commons-io-2.5.jar:/root/.m2/repository/org/apache/kerby/kerb-simplekdc/1.0.1/kerb-simplekdc-1.0.1.jar:/root/.m2/repository/org/apache/kerby/kerb-client/1.0.1/kerb-client-1.0.1.jar:/root/.m2/repository/org/apache/kerby/kerby-config/1.0.1/kerby-config-1.0.1.jar:/root/.m2/repository/org/apache/kerby/kerb-core/1.0.1/kerb-core-1.0.1.jar:/root/.m2/repository/org/apache/kerby/kerby-pkix/1.0.1/kerby-pkix-1.0.1.jar:/root/.m2/repository/org/apache/kerby/kerby-asn1/1.0.1/kerby-asn1-1.0.1.jar:/root/.m2/repository/org/apache/kerby/kerby-util/1.0.1/kerby-util-1.0.1.jar:/root/.m2/repository/org/apache/kerby/kerb-common/1.0.1/kerb-common-1.0.1.jar:/root/.m2/repository/org/apache/kerby/kerb-crypto/1.0.1/kerb-crypto-1.0.1.jar:/root/.m2/repository/org/apache/kerby/kerb-util/1.0.1/kerb-util-1.0.1.jar:/root/.m2/repository/org/apache/kerby/token-provider/1.0.1/token-provider-1.0.1.jar:/root/.m2/repository/org/apache/kerby/kerb-admin/1.0.1/kerb-admin-1.0.1.jar:/root/.m2/repository/org/apache/kerby/kerb-server/1.0.1/kerb-server-1.0.1.jar:/root/.m2/repository/org/apache/kerby/kerb-identity/1.0.1/kerb-identity-1.0.1.jar:/root/.m2/repository/org/apache/kerby/kerby-xdr/1.0.1/kerby-xdr-1.0.1.jar:/root/.m2/repository/org/slf4j/slf4j-log4j12/1.7.25/slf4j-log4j12-1.7.25.jar:/root/.m2/repository/org/apache/hadoop/hadoop-ozone-objectstore-service/0.5.0-SNAPSHOT/hadoop-ozone-objectstore-service-0.5.0-SNAPSHOT.jar:/root/.m2/repository/org/apache/hadoop/hadoop-ozone-s3gateway/0.5.0-SNAPSHOT/hadoop-ozone-s3gateway-0.5.0-SNAPSHOT.jar:/root/.m2/repository/org/jboss/weld/servlet/weld-servlet/2.4.7.Final/weld-servlet-2.4.7.Final.jar:/root/.m2/repository/org/glassfish/jersey/containers/jersey-container-servlet-core/2.27/jersey-container-servlet-core-2.27.jar:/root/.m2/repository/org/glassfish/hk2/external/javax.inject/2.5.0-b42/javax.inject-2.5.0-b42.jar:/root/.m2/repository/org/glassfish/jersey/core/jersey-common/2.27/jersey-common-2.27.jar:/root/.m2/repository/org/glassfish/hk2/osgi-resource-locator/1.0.1/osgi-resource-locator-1.0.1.jar:/root/.m2/repository/javax/ws/rs/javax.ws.rs-api/2.1/javax.ws.rs-api-2.1.jar:/root/.m2/repository/org/glassfish/jersey/ext/cdi/jersey-cdi1x/2.27/jersey-cdi1x-2.27.jar:/root/.m2/repository/org/glassfish/jersey/inject/jersey-hk2/2.27/jersey-hk2-2.27.jar:/root/.m2/repository/org/glassfish/hk2/hk2-locator/2.5.0-b42/hk2-locator-2.5.0-b42.jar:/root/.m2/repository/org/javassist/javassist/3.22.0-CR2/javassist-3.22.0-CR2.jar:/root/.m2/repository/org/glassfish/hk2/hk2-api/2.5.0/hk2-api-2.5.0.jar:/root/.m2/repository/org/glassfish/hk2/external/jakarta.inject/2.5.0/jakarta.inject-2.5.0.jar:/root/.m2/repository/org/glassfish/hk2/hk2-utils/2.5.0/hk2-utils-2.5.0.jar:/root/.m2/repository/jakarta/annotation/jakarta.annotation-api/1.3.4/jakarta.annotation-api-1.3.4.jar:/root/.m2/repository/org/glassfish/hk2/external/aopalliance-repackaged/2.5.0/aopalliance-repackaged-2.5.0.jar:/root/.m2/repository/com/fasterxml/jackson/dataformat/jackson-dataformat-xml/2.9.0/jackson-dataformat-xml-2.9.0.jar:/root/.m2/repository/com/fasterxml/jackson/core/jackson-core/2.9.5/jackson-core-2.9.5.jar:/root/.m2/repository/com/fasterxml/jackson/module/jackson-module-jaxb-annotations/2.9.5/jackson-module-jaxb-annotations-2.9.5.jar:/root/.m2/repository/javax/enterprise/cdi-api/1.2/cdi-api-1.2.jar:/root/.m2/repository/javax/el/javax.el-api/3.0.0/javax.el-api-3.0.0.jar:/root/.m2/repository/javax/interceptor/javax.interceptor-api/1.2/javax.interceptor-api-1.2.jar:/root/.m2/repository/javax/inject/javax.inject/1/javax.inject-1.jar:/root/.m2/repository/com/sun/xml/bind/jaxb-impl/2.3.0.1/jaxb-impl-2.3.0.1.jar:/root/.m2/repository/com/sun/xml/bind/jaxb-core/2.3.0.1/jaxb-core-2.3.0.1.jar:/root/.m2/repository/javax/xml/bind/jaxb-api/2.3.0/jaxb-api-2.3.0.jar:/root/.m2/repository/javax/activation/activation/1.1.1/activation-1.1.1.jar:/root/.m2/repository/org/apache/hadoop/hadoop-ozone-csi/0.5.0-SNAPSHOT/hadoop-ozone-csi-0.5.0-SNAPSHOT.jar:/root/.m2/repository/com/google/protobuf/protobuf-java-util/3.5.1/protobuf-java-util-3.5.1.jar:/root/.m2/repository/org/apache/hadoop/hadoop-hdds-config/0.5.0-SNAPSHOT/hadoop-hdds-config-0.5.0-SNAPSHOT.jar:/root/.m2/repository/com/google/guava/guava/11.0.2/guava-11.0.2.jar:/root/.m2/repository/com/google/protobuf/protobuf-java/2.5.0/protobuf-java-2.5.0.jar:/root/.m2/repository/io/grpc/grpc-netty/1.17.1/grpc-netty-1.17.1.jar:/root/.m2/repository/io/grpc/grpc-core/1.17.1/grpc-core-1.17.1.jar:/root/.m2/repository/io/grpc/grpc-context/1.17.1/grpc-context-1.17.1.jar:/root/.m2/repository/com/google/errorprone/error_prone_annotations/2.2.0/error_prone_annotations-2.2.0.jar:/root/.m2/repository/org/codehaus/mojo/animal-sniffer-annotations/1.17/animal-sniffer-annotations-1.17.jar:/root/.m2/repository/io/opencensus/opencensus-api/0.17.0/opencensus-api-0.17.0.jar:/root/.m2/repository/io/opencensus/opencensus-contrib-grpc-metrics/0.17.0/opencensus-contrib-grpc-metrics-0.17.0.jar:/root/.m2/repository/io/netty/netty-codec-http2/4.1.30.Final/netty-codec-http2-4.1.30.Final.jar:/root/.m2/repository/io/netty/netty-codec-http/4.1.30.Final/netty-codec-http-4.1.30.Final.jar:/root/.m2/repository/io/netty/netty-codec/4.1.30.Final/netty-codec-4.1.30.Final.jar:/root/.m2/repository/io/netty/netty-handler/4.1.30.Final/netty-handler-4.1.30.Final.jar:/root/.m2/repository/io/netty/netty-handler-proxy/4.1.30.Final/netty-handler-proxy-4.1.30.Final.jar:/root/.m2/repository/io/netty/netty-codec-socks/4.1.30.Final/netty-codec-socks-4.1.30.Final.jar:/root/.m2/repository/io/netty/netty-transport-native-epoll/4.1.30.Final/netty-transport-native-epoll-4.1.30.Final.jar:/root/.m2/repository/io/netty/netty-common/4.1.30.Final/netty-common-4.1.30.Final.jar:/root/.m2/repository/io/netty/netty-buffer/4.1.30.Final/netty-buffer-4.1.30.Final.jar:/root/.m2/repository/io/netty/netty-transport/4.1.30.Final/netty-transport-4.1.30.Final.jar:/root/.m2/repository/io/netty/netty-resolver/4.1.30.Final/netty-resolver-4.1.30.Final.jar:/root/.m2/repository/io/netty/netty-transport-native-unix-common/4.1.30.Final/netty-transport-native-unix-common-4.1.30.Final.jar:/root/.m2/repository/io/grpc/grpc-protobuf/1.17.1/grpc-protobuf-1.17.1.jar:/root/.m2/repository/com/google/api/grpc/proto-google-common-protos/1.0.0/proto-google-common-protos-1.0.0.jar:/root/.m2/repository/io/grpc/grpc-protobuf-lite/1.17.1/grpc-protobuf-lite-1.17.1.jar:/root/.m2/repository/io/grpc/grpc-stub/1.17.1/grpc-stub-1.17.1.jar:/root/.m2/repository/org/apache/hadoop/hadoop-ozone-recon/0.5.0-SNAPSHOT/hadoop-ozone-recon-0.5.0-SNAPSHOT.jar:/root/.m2/repository/org/apache/hadoop/hadoop-ozone-reconcodegen/0.5.0-SNAPSHOT/hadoop-ozone-reconcodegen-0.5.0-SNAPSHOT.jar:/root/.m2/repository/com/google/inject/extensions/guice-multibindings/4.0/guice-multibindings-4.0.jar:/root/.m2/repository/com/google/inject/guice/4.0/guice-4.0.jar:/root/.m2/repository/aopalliance/aopalliance/1.0/aopalliance-1.0.jar:/root/.m2/repository/com/google/inject/extensions/guice-servlet/4.0/guice-servlet-4.0.jar:/root/.m2/repository/org/glassfish/jersey/containers/jersey-container-servlet/2.27/jersey-container-servlet-2.27.jar:/root/.m2/repository/org/glassfish/hk2/guice-bridge/2.5.0/guice-bridge-2.5.0.jar:/root/.m2/repository/org/glassfish/jersey/core/jersey-server/2.27/jersey-server-2.27.jar:/root/.m2/repository/org/glassfish/jersey/core/jersey-client/2.27/jersey-client-2.27.jar:/root/.m2/repository/org/glassfish/jersey/media/jersey-media-jaxb/2.27/jersey-media-jaxb-2.27.jar:/root/.m2/repository/javax/validation/validation-api/1.1.0.Final/validation-api-1.1.0.Final.jar:/root/.m2/repository/org/glassfish/jersey/media/jersey-media-json-jackson/2.27/jersey-media-json-jackson-2.27.jar:/root/.m2/repository/org/glassfish/jersey/ext/jersey-entity-filtering/2.27/jersey-entity-filtering-2.27.jar:/root/.m2/repository/com/google/inject/extensions/guice-assistedinject/4.0/guice-assistedinject-4.0.jar:/root/.m2/repository/org/jooq/jooq/3.11.10/jooq-3.11.10.jar:/root/.m2/repository/org/jooq/jooq-meta/3.11.10/jooq-meta-3.11.10.jar:/root/.m2/repository/org/jooq/jooq-codegen/3.11.10/jooq-codegen-3.11.10.jar:/root/.m2/repository/com/jolbox/bonecp/0.8.0.RELEASE/bonecp-0.8.0.RELEASE.jar:/root/.m2/repository/org/xerial/sqlite-jdbc/3.25.2/sqlite-jdbc-3.25.2.jar:/root/.m2/repository/org/springframework/spring-jdbc/5.1.3.RELEASE/spring-jdbc-5.1.3.RELEASE.jar:/root/.m2/repository/org/springframework/spring-beans/5.1.3.RELEASE/spring-beans-5.1.3.RELEASE.jar:/root/.m2/repository/org/springframework/spring-core/5.1.3.RELEASE/spring-core-5.1.3.RELEASE.jar:/root/.m2/repository/org/springframework/spring-jcl/5.1.3.RELEASE/spring-jcl-5.1.3.RELEASE.jar:/root/.m2/repository/org/springframework/spring-tx/5.1.3.RELEASE/spring-tx-5.1.3.RELEASE.jar:/root/.m2/repository/org/apache/hadoop/hadoop-ozone-client/0.5.0-SNAPSHOT/hadoop-ozone-client-0.5.0-SNAPSHOT.jar:/root/.m2/repository/org/apache/hadoop/hadoop-ozone-ozone-manager/0.5.0-SNAPSHOT/hadoop-ozone-ozone-manager-0.5.0-SNAPSHOT-tests.jar:/root/.m2/repository/junit/junit/4.11/junit-4.11.jar:/root/.m2/repository/org/hamcrest/hamcrest-core/1.3/hamcrest-core-1.3.jar:/root/.m2/repository/org/openjdk/jmh/jmh-core/1.19/jmh-core-1.19.jar:/root/.m2/repository/net/sf/jopt-simple/jopt-simple/4.6/jopt-simple-4.6.jar:/root/.m2/repository/org/apache/commons/commons-math3/3.1.1/commons-math3-3.1.1.jar:/root/.m2/repository/org/openjdk/jmh/jmh-generator-annprocess/1.19/jmh-generator-annprocess-1.19.jar:/root/.m2/repository/org/mockito/mockito-all/1.8.5/mockito-all-1.8.5.jar:/root/.m2/repository/org/apache/hadoop/hadoop-kms/3.2.0/hadoop-kms-3.2.0.jar:/root/.m2/repository/org/apache/hadoop/hadoop-auth/3.2.0/hadoop-auth-3.2.0.jar:/root/.m2/repository/com/nimbusds/nimbus-jose-jwt/4.41.1/nimbus-jose-jwt-4.41.1.jar:/root/.m2/repository/com/github/stephenc/jcip/jcip-annotations/1.0-1/jcip-annotations-1.0-1.jar:/root/.m2/repository/net/minidev/json-smart/2.3/json-smart-2.3.jar:/root/.m2/repository/net/minidev/accessors-smart/1.2/accessors-smart-1.2.jar:/root/.m2/repository/org/ow2/asm/asm/5.0.4/asm-5.0.4.jar:/root/.m2/repository/org/apache/curator/curator-framework/2.12.0/curator-framework-2.12.0.jar:/root/.m2/repository/com/sun/jersey/jersey-core/1.19/jersey-core-1.19.jar:/root/.m2/repository/javax/ws/rs/jsr311-api/1.1.1/jsr311-api-1.1.1.jar:/root/.m2/repository/com/sun/jersey/jersey-server/1.19/jersey-server-1.19.jar:/root/.m2/repository/javax/servlet/javax.servlet-api/3.1.0/javax.servlet-api-3.1.0.jar:/root/.m2/repository/org/eclipse/jetty/jetty-server/9.3.24.v20180605/jetty-server-9.3.24.v20180605.jar:/root/.m2/repository/org/eclipse/jetty/jetty-http/9.3.24.v20180605/jetty-http-9.3.24.v20180605.jar:/root/.m2/repository/org/eclipse/jetty/jetty-io/9.3.24.v20180605/jetty-io-9.3.24.v20180605.jar:/root/.m2/repository/org/eclipse/jetty/jetty-webapp/9.3.24.v20180605/jetty-webapp-9.3.24.v20180605.jar:/root/.m2/repository/org/eclipse/jetty/jetty-xml/9.3.24.v20180605/jetty-xml-9.3.24.v20180605.jar:/root/.m2/repository/log4j/log4j/1.2.17/log4j-1.2.17.jar:/root/.m2/repository/org/slf4j/slf4j-api/1.7.25/slf4j-api-1.7.25.jar:/root/.m2/repository/org/slf4j/jul-to-slf4j/1.7.25/jul-to-slf4j-1.7.25.jar:/root/.m2/repository/org/eclipse/jetty/jetty-util/9.3.24.v20180605/jetty-util-9.3.24.v20180605.jar:/root/.m2/repository/io/dropwizard/metrics/metrics-core/3.2.4/metrics-core-3.2.4.jar:/root/.m2/repository/com/fasterxml/jackson/core/jackson-databind/2.9.5/jackson-databind-2.9.5.jar:/root/.m2/repository/org/apache/hadoop/hadoop-kms/3.2.0/hadoop-kms-3.2.0-tests.jar:/root/.m2/repository/org/apache/hadoop/hadoop-hdds-server-scm/0.5.0-SNAPSHOT/hadoop-hdds-server-scm-0.5.0-SNAPSHOT-tests.jar:/root/.m2/repository/org/hamcrest/hamcrest-all/1.3/hamcrest-all-1.3.jar:/root/.m2/repository/info/picocli/picocli/3.9.6/picocli-3.9.6.jar:/root/.m2/repository/org/apache/hadoop/hadoop-hdds-container-service/0.5.0-SNAPSHOT/hadoop-hdds-container-service-0.5.0-SNAPSHOT-tests.jar:/root/.m2/repository/org/yaml/snakeyaml/1.16/snakeyaml-1.16.jar:/root/.m2/repository/org/apache/hadoop/hadoop-common/3.2.0/hadoop-common-3.2.0-tests.jar:/root/.m2/repository/org/apache/hadoop/hadoop-annotations/3.2.0/hadoop-annotations-3.2.0.jar:/usr/lib/jvm/java-1.8-openjdk/jre/../lib/tools.jar:/root/.m2/repository/commons-cli/commons-cli/1.2/commons-cli-1.2.jar:/root/.m2/repository/org/apache/httpcomponents/httpclient/4.5.2/httpclient-4.5.2.jar:/root/.m2/repository/org/apache/httpcomponents/httpcore/4.4.4/httpcore-4.4.4.jar:/root/.m2/repository/commons-codec/commons-codec/1.11/commons-codec-1.11.jar:/root/.m2/repository/commons-net/commons-net/3.6/commons-net-3.6.jar:/root/.m2/repository/commons-collections/commons-collections/3.2.2/commons-collections-3.2.2.jar:/root/.m2/repository/org/eclipse/jetty/jetty-servlet/9.3.24.v20180605/jetty-servlet-9.3.24.v20180605.jar:/root/.m2/repository/org/eclipse/jetty/jetty-security/9.3.24.v20180605/jetty-security-9.3.24.v20180605.jar:/root/.m2/repository/javax/servlet/jsp/jsp-api/2.1/jsp-api-2.1.jar:/root/.m2/repository/com/sun/jersey/jersey-servlet/1.19/jersey-servlet-1.19.jar:/root/.m2/repository/com/sun/jersey/jersey-json/1.19/jersey-json-1.19.jar:/root/.m2/repository/org/codehaus/jettison/jettison/1.1/jettison-1.1.jar:/root/.m2/repository/org/codehaus/jackson/jackson-core-asl/1.9.13/jackson-core-asl-1.9.13.jar:/root/.m2/repository/org/codehaus/jackson/jackson-mapper-asl/1.9.13/jackson-mapper-asl-1.9.13.jar:/root/.m2/repository/org/codehaus/jackson/jackson-jaxrs/1.9.13/jackson-jaxrs-1.9.13.jar:/root/.m2/repository/org/codehaus/jackson/jackson-xc/1.9.13/jackson-xc-1.9.13.jar:/root/.m2/repository/commons-logging/commons-logging/1.1.3/commons-logging-1.1.3.jar:/root/.m2/repository/commons-beanutils/commons-beanutils/1.9.3/commons-beanutils-1.9.3.jar:/root/.m2/repository/org/apache/commons/commons-configuration2/2.1.1/commons-configuration2-2.1.1.jar:/root/.m2/repository/org/apache/commons/commons-lang3/3.7/commons-lang3-3.7.jar:/root/.m2/repository/org/apache/commons/commons-text/1.4/commons-text-1.4.jar:/root/.m2/repository/org/apache/avro/avro/1.7.7/avro-1.7.7.jar:/root/.m2/repository/com/thoughtworks/paranamer/paranamer/2.3/paranamer-2.3.jar:/root/.m2/repository/org/xerial/snappy/snappy-java/1.0.5/snappy-java-1.0.5.jar:/root/.m2/repository/com/google/re2j/re2j/1.1/re2j-1.1.jar:/root/.m2/repository/com/google/code/gson/gson/2.2.4/gson-2.2.4.jar:/root/.m2/repository/com/jcraft/jsch/0.1.54/jsch-0.1.54.jar:/root/.m2/repository/org/apache/curator/curator-client/2.12.0/curator-client-2.12.0.jar:/root/.m2/repository/org/apache/curator/curator-recipes/2.12.0/curator-recipes-2.12.0.jar:/root/.m2/repository/com/google/code/findbugs/jsr305/3.0.0/jsr305-3.0.0.jar:/root/.m2/repository/org/apache/htrace/htrace-core4/4.1.0-incubating/htrace-core4-4.1.0-incubating.jar:/root/.m2/repository/org/apache/zookeeper/zookeeper/3.4.13/zookeeper-3.4.13.jar:/root/.m2/repository/org/apache/yetus/audience-annotations/0.5.0/audience-annotations-0.5.0.jar:/root/.m2/repository/org/codehaus/woodstox/stax2-api/3.1.4/stax2-api-3.1.4.jar:/root/.m2/repository/com/fasterxml/woodstox/woodstox-core/5.0.3/woodstox-core-5.0.3.jar:/root/.m2/repository/dnsjava/dnsjava/2.1.7/dnsjava-2.1.7.jar:/root/.m2/repository/org/apache/hadoop/hadoop-hdfs/3.2.0/hadoop-hdfs-3.2.0-tests.jar:/root/.m2/repository/org/eclipse/jetty/jetty-util-ajax/9.3.24.v20180605/jetty-util-ajax-9.3.24.v20180605.jar:/root/.m2/repository/commons-daemon/commons-daemon/1.0.13/commons-daemon-1.0.13.jar:/root/.m2/repository/io/netty/netty/3.10.5.Final/netty-3.10.5.Final.jar:/root/.m2/repository/io/netty/netty-all/4.0.52.Final/netty-all-4.0.52.Final.jar:/root/.m2/repository/org/fusesource/leveldbjni/leveldbjni-all/1.8/leveldbjni-all-1.8.jar:"/>
    <property name="sun.cpu.endian" value="little"/>
    <property name="user.home" value="/root"/>
    <property name="user.language" value="en"/>
    <property name="java.specification.vendor" value="Oracle Corporation"/>
    <property name="java.home" value="/usr/lib/jvm/java-1.8-openjdk/jre"/>
    <property name="java.security.krb5.conf" value="/opt/src/hadoop-ozone/integration-test/target/test-classes/krb5.conf"/>
    <property name="basedir" value="/opt/src/hadoop-ozone/integration-test"/>
    <property name="file.separator" value="/"/>
    <property name="line.separator" value="&#10;"/>
    <property name="java.vm.specification.vendor" value="Oracle Corporation"/>
    <property name="java.specification.name" value="Java Platform API Specification"/>
    <property name="java.awt.graphicsenv" value="sun.awt.X11GraphicsEnvironment"/>
    <property name="surefire.real.class.path" value="/opt/src/hadoop-ozone/integration-test/target/surefire/surefirebooter3292776964950236229.jar"/>
    <property name="hadoop.log.dir" value="/opt/src/hadoop-ozone/integration-test/target/log"/>
    <property name="sun.boot.class.path" value="/usr/lib/jvm/java-1.8-openjdk/jre/lib/resources.jar:/usr/lib/jvm/java-1.8-openjdk/jre/lib/rt.jar:/usr/lib/jvm/java-1.8-openjdk/jre/lib/sunrsasign.jar:/usr/lib/jvm/java-1.8-openjdk/jre/lib/jsse.jar:/usr/lib/jvm/java-1.8-openjdk/jre/lib/jce.jar:/usr/lib/jvm/java-1.8-openjdk/jre/lib/charsets.jar:/usr/lib/jvm/java-1.8-openjdk/jre/lib/jfr.jar:/usr/lib/jvm/java-1.8-openjdk/jre/classes"/>
    <property name="sun.management.compiler" value="HotSpot 64-Bit Tiered Compilers"/>
    <property name="java.runtime.version" value="1.8.0_212-b04"/>
    <property name="java.net.preferIPv4Stack" value="true"/>
    <property name="user.name" value="root"/>
    <property name="path.separator" value=":"/>
    <property name="java.security.egd" value="file:///dev/urandom"/>
    <property name="os.version" value="4.15.0-1021-aws"/>
    <property name="java.endorsed.dirs" value="/usr/lib/jvm/java-1.8-openjdk/jre/lib/endorsed"/>
    <property name="java.runtime.name" value="OpenJDK Runtime Environment"/>
    <property name="file.encoding" value="UTF-8"/>
    <property name="java.vm.name" value="OpenJDK 64-Bit Server VM"/>
    <property name="test.build.webapps" value=""/>
    <property name="localRepository" value="/root/.m2/repository"/>
    <property name="java.vendor.url.bug" value="https://icedtea.classpath.org/bugzilla"/>
    <property name="java.io.tmpdir" value="/tmp"/>
    <property name="require.test.libhadoop" value=""/>
    <property name="java.version" value="1.8.0_212"/>
    <property name="user.dir" value="/opt/src/hadoop-ozone/integration-test"/>
    <property name="os.arch" value="amd64"/>
    <property name="java.vm.specification.name" value="Java Virtual Machine Specification"/>
    <property name="test.build.classes" value="/opt/src/hadoop-ozone/integration-test/target/test-classes"/>
    <property name="java.awt.printerjob" value="sun.print.PSPrinterJob"/>
    <property name="sun.os.patch.level" value="unknown"/>
    <property name="hadoop.tmp.dir" value="/opt/src/hadoop-ozone/integration-test/target/tmp"/>
    <property name="java.library.path" value="/usr/lib/jvm/java-1.8-openjdk/jre/lib/amd64/server:/usr/lib/jvm/java-1.8-openjdk/jre/lib/amd64:/usr/lib/jvm/java-1.8-openjdk/jre/../lib/amd64:/opt/src/hadoop-ozone/integration-test/target/native/target/usr/local/lib:/opt/src/hadoop-ozone/integration-test/../../hadoop-common-project/hadoop-common/target/native/target/usr/local/lib:/usr/java/packages/lib/amd64:/usr/lib64:/lib64:/lib:/usr/lib"/>
    <property name="java.vm.info" value="mixed mode"/>
    <property name="java.vendor" value="IcedTea"/>
    <property name="java.vm.version" value="25.212-b04"/>
    <property name="java.ext.dirs" value="/usr/lib/jvm/java-1.8-openjdk/jre/lib/ext:/usr/java/packages/lib/ext"/>
    <property name="sun.io.unicode.encoding" value="UnicodeLittle"/>
    <property name="java.class.version" value="52.0"/>
  </properties>
  <testcase name="testPipelineFail" classname="org.apache.hadoop.hdds.scm.pipeline.TestNodeFailure" time="0">
    <skipped/>
    <system-out><![CDATA[2019-06-14 05:06:50,684 WARN  server.ServerUtils (ServerUtils.java:getScmDbDir(145)) - ozone.scm.db.dirs is not configured. We recommend adding this setting. Falling back to ozone.metadata.dirs instead.
2019-06-14 05:06:50,756 WARN  server.ServerUtils (ServerUtils.java:getScmDbDir(145)) - ozone.scm.db.dirs is not configured. We recommend adding this setting. Falling back to ozone.metadata.dirs instead.
2019-06-14 05:06:50,758 WARN  server.ServerUtils (ServerUtils.java:getScmDbDir(145)) - ozone.scm.db.dirs is not configured. We recommend adding this setting. Falling back to ozone.metadata.dirs instead.
2019-06-14 05:06:50,773 INFO  util.log (Log.java:initialized(192)) - Logging initialized @679ms
2019-06-14 05:06:50,856 INFO  db.DBStoreBuilder (DBStoreBuilder.java:addTable(110)) - using custom profile for table: deletedBlocks
2019-06-14 05:06:50,857 INFO  db.DBStoreBuilder (DBStoreBuilder.java:processTables(161)) - Using default column profile:DBProfile.DISK for Table:deletedBlocks
2019-06-14 05:06:50,857 INFO  db.DBStoreBuilder (DBStoreBuilder.java:addTable(110)) - using custom profile for table: validCerts
2019-06-14 05:06:50,857 INFO  db.DBStoreBuilder (DBStoreBuilder.java:processTables(161)) - Using default column profile:DBProfile.DISK for Table:validCerts
2019-06-14 05:06:50,858 INFO  db.DBStoreBuilder (DBStoreBuilder.java:addTable(110)) - using custom profile for table: revokedCerts
2019-06-14 05:06:50,858 INFO  db.DBStoreBuilder (DBStoreBuilder.java:processTables(161)) - Using default column profile:DBProfile.DISK for Table:revokedCerts
2019-06-14 05:06:50,868 INFO  db.DBStoreBuilder (DBStoreBuilder.java:addTable(110)) - using custom profile for table: default
2019-06-14 05:06:50,869 INFO  db.DBStoreBuilder (DBStoreBuilder.java:processTables(167)) - Using default column profile:DBProfile.DISK for Table:default
2019-06-14 05:06:50,870 INFO  db.DBStoreBuilder (DBStoreBuilder.java:getDbProfile(198)) - Using default options. DBProfile.DISK
2019-06-14 05:06:50,940 INFO  node.SCMNodeManager (SCMNodeManager.java:<init>(108)) - Entering startup safe mode.
2019-06-14 05:06:50,999 INFO  net.NodeSchemaLoader (NodeSchemaLoader.java:loadSchemaFromFile(125)) - Loading file from sun.misc.CompoundEnumeration@443118b0
2019-06-14 05:06:51,000 INFO  net.NodeSchemaLoader (NodeSchemaLoader.java:loadSchema(171)) - Loading network topology layer schema file
2019-06-14 05:06:51,052 WARN  server.ServerUtils (ServerUtils.java:getScmDbDir(145)) - ozone.scm.db.dirs is not configured. We recommend adding this setting. Falling back to ozone.metadata.dirs instead.
2019-06-14 05:06:51,073 INFO  pipeline.SCMPipelineManager (SCMPipelineManager.java:initializePipelineState(126)) - No pipeline exists in current db
2019-06-14 05:06:51,075 WARN  server.ServerUtils (ServerUtils.java:getScmDbDir(145)) - ozone.scm.db.dirs is not configured. We recommend adding this setting. Falling back to ozone.metadata.dirs instead.
2019-06-14 05:06:51,127 WARN  events.EventQueue (EventQueue.java:fireEvent(175)) - No event handler registered for event TypedEvent{payloadType=SafeModeStatus, name='SafeModeStatus'}
2019-06-14 05:06:51,461 INFO  ipc.CallQueueManager (CallQueueManager.java:<init>(84)) - Using callQueue: class java.util.concurrent.LinkedBlockingQueue, queueCapacity: 2000, scheduler: class org.apache.hadoop.ipc.DefaultRpcScheduler, ipcBackoff: false.
2019-06-14 05:06:51,486 INFO  ipc.Server (Server.java:run(1074)) - Starting Socket Reader #1 for port 36825
2019-06-14 05:06:51,510 INFO  ipc.CallQueueManager (CallQueueManager.java:<init>(84)) - Using callQueue: class java.util.concurrent.LinkedBlockingQueue, queueCapacity: 2000, scheduler: class org.apache.hadoop.ipc.DefaultRpcScheduler, ipcBackoff: false.
2019-06-14 05:06:51,510 INFO  ipc.Server (Server.java:run(1074)) - Starting Socket Reader #1 for port 45913
2019-06-14 05:06:51,518 INFO  ipc.CallQueueManager (CallQueueManager.java:<init>(84)) - Using callQueue: class java.util.concurrent.LinkedBlockingQueue, queueCapacity: 2000, scheduler: class org.apache.hadoop.ipc.DefaultRpcScheduler, ipcBackoff: false.
2019-06-14 05:06:51,545 INFO  ipc.Server (Server.java:run(1074)) - Starting Socket Reader #1 for port 46805
2019-06-14 05:06:51,572 INFO  hdfs.DFSUtil (DFSUtil.java:httpServerTemplateForNNAndJN(1641)) - Starting Web-server for scm at: http://0.0.0.0:0
2019-06-14 05:06:51,710 INFO  server.AuthenticationFilter (AuthenticationFilter.java:constructSecretProvider(240)) - Unable to initialize FileSignerSecretProvider, falling back to use random secrets.
2019-06-14 05:06:51,717 WARN  http.HttpRequestLog (HttpRequestLog.java:getRequestLog(97)) - Jetty request log can only be enabled using Log4j
2019-06-14 05:06:51,724 INFO  http.HttpServer2 (HttpServer2.java:addGlobalFilter(975)) - Added global filter 'safety' (class=org.apache.hadoop.http.HttpServer2$QuotingInputFilter)
2019-06-14 05:06:51,727 INFO  http.HttpServer2 (HttpServer2.java:addFilter(948)) - Added filter static_user_filter (class=org.apache.hadoop.http.lib.StaticUserWebFilter$StaticUserFilter) to context scm
2019-06-14 05:06:51,727 INFO  http.HttpServer2 (HttpServer2.java:addFilter(958)) - Added filter static_user_filter (class=org.apache.hadoop.http.lib.StaticUserWebFilter$StaticUserFilter) to context logs
2019-06-14 05:06:51,727 INFO  http.HttpServer2 (HttpServer2.java:addFilter(958)) - Added filter static_user_filter (class=org.apache.hadoop.http.lib.StaticUserWebFilter$StaticUserFilter) to context static
2019-06-14 05:06:51,750 INFO  server.StorageContainerManager (StorageContainerManager.java:start(752)) - StorageContainerLocationProtocol RPC server is listening at /0.0.0.0:46805
2019-06-14 05:06:51,812 WARN  impl.MetricsConfig (MetricsConfig.java:loadFirst(134)) - Cannot locate configuration: tried hadoop-metrics2-storagecontainermanager.properties,hadoop-metrics2.properties
2019-06-14 05:06:51,824 INFO  impl.MetricsSystemImpl (MetricsSystemImpl.java:startTimer(374)) - Scheduled Metric snapshot period at 10 second(s).
2019-06-14 05:06:51,824 INFO  impl.MetricsSystemImpl (MetricsSystemImpl.java:start(191)) - StorageContainerManager metrics system started
2019-06-14 05:06:52,042 INFO  server.SCMClientProtocolServer (SCMClientProtocolServer.java:start(149)) - RPC server for Client  is listening at /0.0.0.0:46805
2019-06-14 05:06:52,043 INFO  ipc.Server (Server.java:run(1314)) - IPC Server Responder: starting
2019-06-14 05:06:52,044 INFO  ipc.Server (Server.java:run(1153)) - IPC Server listener on 46805: starting
2019-06-14 05:06:52,051 INFO  server.StorageContainerManager (StorageContainerManager.java:start(761)) - ScmBlockLocationProtocol RPC server is listening at /0.0.0.0:45913
2019-06-14 05:06:52,051 INFO  server.SCMBlockProtocolServer (SCMBlockProtocolServer.java:start(137)) - RPC server for Block Protocol is listening at /0.0.0.0:45913
2019-06-14 05:06:52,051 INFO  ipc.Server (Server.java:run(1314)) - IPC Server Responder: starting
2019-06-14 05:06:52,051 INFO  ipc.Server (Server.java:run(1153)) - IPC Server listener on 45913: starting
2019-06-14 05:06:52,053 INFO  server.StorageContainerManager (StorageContainerManager.java:start(765)) - ScmDatanodeProtocl RPC server is listening at /0.0.0.0:36825
2019-06-14 05:06:52,054 INFO  server.SCMDatanodeProtocolServer (SCMDatanodeProtocolServer.java:start(191)) - RPC server for DataNodes is listening at /0.0.0.0:36825
2019-06-14 05:06:52,054 INFO  ipc.Server (Server.java:run(1314)) - IPC Server Responder: starting
2019-06-14 05:06:52,054 INFO  ipc.Server (Server.java:run(1153)) - IPC Server listener on 36825: starting
2019-06-14 05:06:52,057 INFO  http.HttpServer2 (HttpServer2.java:bindListener(1191)) - Jetty bound to port 33767
2019-06-14 05:06:52,058 INFO  server.Server (Server.java:doStart(351)) - jetty-9.3.24.v20180605, build timestamp: 2018-06-05T17:11:56Z, git hash: 84205aa28f11a4f31f2a3b86d1bba2cc8ab69827
2019-06-14 05:06:52,093 INFO  handler.ContextHandler (ContextHandler.java:doStart(781)) - Started o.e.j.s.ServletContextHandler@2df6226d{/logs,file:///opt/src/hadoop-ozone/integration-test/target/log,AVAILABLE}
2019-06-14 05:06:52,094 INFO  handler.ContextHandler (ContextHandler.java:doStart(781)) - Started o.e.j.s.ServletContextHandler@4ff4357f{/static,file:///opt/src/hadoop-ozone/integration-test/target/test-classes/webapps/static,AVAILABLE}
2019-06-14 05:06:52,126 INFO  handler.ContextHandler (ContextHandler.java:doStart(781)) - Started o.e.j.w.WebAppContext@2484f433{/,file:///opt/src/hadoop-ozone/integration-test/target/test-classes/webapps/scm/,AVAILABLE}{/scm}
2019-06-14 05:06:52,132 INFO  server.AbstractConnector (AbstractConnector.java:doStart(278)) - Started ServerConnector@841e575{HTTP/1.1,[http/1.1]}{0.0.0.0:33767}
2019-06-14 05:06:52,132 INFO  server.Server (Server.java:doStart(419)) - Started @2039ms
2019-06-14 05:06:52,133 INFO  server.BaseHttpServer (BaseHttpServer.java:updateConnectorAddress(207)) - HTTP server of SCM is listening at http://0.0.0.0:33767
2019-06-14 05:06:52,142 INFO  util.JvmPauseMonitor (JvmPauseMonitor.java:run(188)) - Starting JVM pause monitor
2019-06-14 05:06:52,145 WARN  scm.ScmUtils (ScmUtils.java:getDBPath(63)) - ozone.om.db.dirs is not configured. We recommend adding this setting. Falling back to ozone.metadata.dirs instead.
2019-06-14 05:06:52,224 WARN  scm.ScmUtils (ScmUtils.java:getDBPath(63)) - ozone.om.db.dirs is not configured. We recommend adding this setting. Falling back to ozone.metadata.dirs instead.
2019-06-14 05:06:52,224 INFO  om.OzoneManager (OzoneManager.java:setOMNodeDetails(519)) - OM Service ID is not set. Setting it to the default ID: omServiceIdDefault
2019-06-14 05:06:52,225 INFO  om.OzoneManager (OzoneManager.java:setOMNodeDetails(525)) - OM Node ID is not set. Setting it to the OmStorage's OmID: dfdd0c45-492f-4e6e-9465-327124dea964
2019-06-14 05:06:52,226 WARN  scm.HddsServerUtil (HddsServerUtil.java:getDefaultRatisDirectory(354)) - Storage directory for Ratis is not configured. It is a good idea to map this to an SSD disk. Falling back to ozone.metadata.dirs
2019-06-14 05:06:52,226 WARN  scm.HddsServerUtil (HddsServerUtil.java:getDefaultRatisDirectory(354)) - Storage directory for Ratis is not configured. It is a good idea to map this to an SSD disk. Falling back to ozone.metadata.dirs
2019-06-14 05:06:52,227 INFO  om.OzoneManager (OzoneManager.java:loadOMHAConfigs(476)) - Found matching OM address with OMServiceId: null, OMNodeId: null, RPC Address: localhost:0 and Ratis port: 9872
2019-06-14 05:06:52,397 WARN  scm.ScmUtils (ScmUtils.java:getDBPath(63)) - ozone.om.db.dirs is not configured. We recommend adding this setting. Falling back to ozone.metadata.dirs instead.
2019-06-14 05:06:52,404 INFO  db.DBStoreBuilder (DBStoreBuilder.java:addTable(110)) - using custom profile for table: userTable
2019-06-14 05:06:52,404 INFO  db.DBStoreBuilder (DBStoreBuilder.java:processTables(161)) - Using default column profile:DBProfile.DISK for Table:userTable
2019-06-14 05:06:52,404 INFO  db.DBStoreBuilder (DBStoreBuilder.java:addTable(110)) - using custom profile for table: volumeTable
2019-06-14 05:06:52,404 INFO  db.DBStoreBuilder (DBStoreBuilder.java:processTables(161)) - Using default column profile:DBProfile.DISK for Table:volumeTable
2019-06-14 05:06:52,405 INFO  db.DBStoreBuilder (DBStoreBuilder.java:addTable(110)) - using custom profile for table: bucketTable
2019-06-14 05:06:52,405 INFO  db.DBStoreBuilder (DBStoreBuilder.java:processTables(161)) - Using default column profile:DBProfile.DISK for Table:bucketTable
2019-06-14 05:06:52,405 INFO  db.DBStoreBuilder (DBStoreBuilder.java:addTable(110)) - using custom profile for table: keyTable
2019-06-14 05:06:52,405 INFO  db.DBStoreBuilder (DBStoreBuilder.java:processTables(161)) - Using default column profile:DBProfile.DISK for Table:keyTable
2019-06-14 05:06:52,405 INFO  db.DBStoreBuilder (DBStoreBuilder.java:addTable(110)) - using custom profile for table: deletedTable
2019-06-14 05:06:52,406 INFO  db.DBStoreBuilder (DBStoreBuilder.java:processTables(161)) - Using default column profile:DBProfile.DISK for Table:deletedTable
2019-06-14 05:06:52,406 INFO  db.DBStoreBuilder (DBStoreBuilder.java:addTable(110)) - using custom profile for table: openKeyTable
2019-06-14 05:06:52,406 INFO  db.DBStoreBuilder (DBStoreBuilder.java:processTables(161)) - Using default column profile:DBProfile.DISK for Table:openKeyTable
2019-06-14 05:06:52,406 INFO  db.DBStoreBuilder (DBStoreBuilder.java:addTable(110)) - using custom profile for table: s3Table
2019-06-14 05:06:52,407 INFO  db.DBStoreBuilder (DBStoreBuilder.java:processTables(161)) - Using default column profile:DBProfile.DISK for Table:s3Table
2019-06-14 05:06:52,407 INFO  db.DBStoreBuilder (DBStoreBuilder.java:addTable(110)) - using custom profile for table: multipartInfoTable
2019-06-14 05:06:52,407 INFO  db.DBStoreBuilder (DBStoreBuilder.java:processTables(161)) - Using default column profile:DBProfile.DISK for Table:multipartInfoTable
2019-06-14 05:06:52,407 INFO  db.DBStoreBuilder (DBStoreBuilder.java:addTable(110)) - using custom profile for table: dTokenTable
2019-06-14 05:06:52,407 INFO  db.DBStoreBuilder (DBStoreBuilder.java:processTables(161)) - Using default column profile:DBProfile.DISK for Table:dTokenTable
2019-06-14 05:06:52,408 INFO  db.DBStoreBuilder (DBStoreBuilder.java:addTable(110)) - using custom profile for table: s3SecretTable
2019-06-14 05:06:52,408 INFO  db.DBStoreBuilder (DBStoreBuilder.java:processTables(161)) - Using default column profile:DBProfile.DISK for Table:s3SecretTable
2019-06-14 05:06:52,408 INFO  db.DBStoreBuilder (DBStoreBuilder.java:addTable(110)) - using custom profile for table: prefixTable
2019-06-14 05:06:52,408 INFO  db.DBStoreBuilder (DBStoreBuilder.java:processTables(161)) - Using default column profile:DBProfile.DISK for Table:prefixTable
2019-06-14 05:06:52,409 INFO  db.DBStoreBuilder (DBStoreBuilder.java:addTable(110)) - using custom profile for table: default
2019-06-14 05:06:52,409 INFO  db.DBStoreBuilder (DBStoreBuilder.java:processTables(167)) - Using default column profile:DBProfile.DISK for Table:default
2019-06-14 05:06:52,409 INFO  db.DBStoreBuilder (DBStoreBuilder.java:getDbProfile(198)) - Using default options. DBProfile.DISK
2019-06-14 05:06:52,883 INFO  ipc.CallQueueManager (CallQueueManager.java:<init>(84)) - Using callQueue: class java.util.concurrent.LinkedBlockingQueue, queueCapacity: 2000, scheduler: class org.apache.hadoop.ipc.DefaultRpcScheduler, ipcBackoff: false.
2019-06-14 05:06:52,883 INFO  ipc.Server (Server.java:run(1074)) - Starting Socket Reader #1 for port 40475
2019-06-14 05:06:52,911 WARN  scm.ScmUtils (ScmUtils.java:getDBPath(63)) - ozone.om.db.dirs is not configured. We recommend adding this setting. Falling back to ozone.metadata.dirs instead.
2019-06-14 05:06:52,911 INFO  om.OzoneManager (OzoneManager.java:start(1217)) - OzoneManager RPC server is listening at localhost/127.0.0.1:40475
2019-06-14 05:06:52,911 INFO  impl.MetricsSystemImpl (MetricsSystemImpl.java:init(158)) - OzoneManager metrics system started (again)
2019-06-14 05:06:52,912 INFO  ipc.Server (Server.java:run(1314)) - IPC Server Responder: starting
2019-06-14 05:06:52,912 INFO  ipc.Server (Server.java:run(1153)) - IPC Server listener on 40475: starting
2019-06-14 05:06:52,944 INFO  hdfs.DFSUtil (DFSUtil.java:httpServerTemplateForNNAndJN(1641)) - Starting Web-server for ozoneManager at: http://0.0.0.0:0
2019-06-14 05:06:52,946 INFO  server.AuthenticationFilter (AuthenticationFilter.java:constructSecretProvider(240)) - Unable to initialize FileSignerSecretProvider, falling back to use random secrets.
2019-06-14 05:06:52,946 WARN  http.HttpRequestLog (HttpRequestLog.java:getRequestLog(97)) - Jetty request log can only be enabled using Log4j
2019-06-14 05:06:52,948 INFO  http.HttpServer2 (HttpServer2.java:addGlobalFilter(975)) - Added global filter 'safety' (class=org.apache.hadoop.http.HttpServer2$QuotingInputFilter)
2019-06-14 05:06:52,949 INFO  http.HttpServer2 (HttpServer2.java:addFilter(948)) - Added filter static_user_filter (class=org.apache.hadoop.http.lib.StaticUserWebFilter$StaticUserFilter) to context ozoneManager
2019-06-14 05:06:52,949 INFO  http.HttpServer2 (HttpServer2.java:addFilter(958)) - Added filter static_user_filter (class=org.apache.hadoop.http.lib.StaticUserWebFilter$StaticUserFilter) to context logs
2019-06-14 05:06:52,949 INFO  http.HttpServer2 (HttpServer2.java:addFilter(958)) - Added filter static_user_filter (class=org.apache.hadoop.http.lib.StaticUserWebFilter$StaticUserFilter) to context static
2019-06-14 05:06:52,951 INFO  http.HttpServer2 (HttpServer2.java:bindListener(1191)) - Jetty bound to port 35967
2019-06-14 05:06:52,951 INFO  server.Server (Server.java:doStart(351)) - jetty-9.3.24.v20180605, build timestamp: 2018-06-05T17:11:56Z, git hash: 84205aa28f11a4f31f2a3b86d1bba2cc8ab69827
2019-06-14 05:06:52,952 INFO  handler.ContextHandler (ContextHandler.java:doStart(781)) - Started o.e.j.s.ServletContextHandler@7c2a69b4{/logs,file:///opt/src/hadoop-ozone/integration-test/target/log,AVAILABLE}
2019-06-14 05:06:52,953 INFO  handler.ContextHandler (ContextHandler.java:doStart(781)) - Started o.e.j.s.ServletContextHandler@648ee871{/static,file:///opt/src/hadoop-ozone/integration-test/target/test-classes/webapps/static,AVAILABLE}
2019-06-14 05:06:52,957 INFO  handler.ContextHandler (ContextHandler.java:doStart(781)) - Started o.e.j.w.WebAppContext@6f012914{/,file:///opt/src/hadoop-ozone/integration-test/target/test-classes/webapps/ozoneManager/,AVAILABLE}{/ozoneManager}
2019-06-14 05:06:52,957 INFO  server.AbstractConnector (AbstractConnector.java:doStart(278)) - Started ServerConnector@18fdb6cf{HTTP/1.1,[http/1.1]}{0.0.0.0:35967}
2019-06-14 05:06:52,958 INFO  server.Server (Server.java:doStart(419)) - Started @2864ms
2019-06-14 05:06:52,965 INFO  server.BaseHttpServer (BaseHttpServer.java:updateConnectorAddress(207)) - HTTP server of OZONEMANAGER is listening at http://0.0.0.0:35967
2019-06-14 05:06:53,095 INFO  impl.MetricsSystemImpl (MetricsSystemImpl.java:init(158)) - HddsDatanode metrics system started (again)
2019-06-14 05:06:53,243 INFO  ozone.HddsDatanodeService (HddsDatanodeService.java:start(185)) - HddsDatanodeService host:ozone-9f9b8-993936649 ip:192.168.46.6
2019-06-14 05:06:53,270 INFO  volume.HddsVolume (HddsVolume.java:<init>(176)) - Creating Volume: /opt/src/hadoop-ozone/integration-test/target/test-dir/MiniOzoneClusterImpl-643d7c15-9dbf-483e-b833-385308e7c027/datanode-0/data/containers/hdds of  storage type : DISK and capacity : 104021790720
2019-06-14 05:06:53,272 INFO  volume.VolumeSet (VolumeSet.java:initializeVolumeSet(170)) - Added Volume : /opt/src/hadoop-ozone/integration-test/target/test-dir/MiniOzoneClusterImpl-643d7c15-9dbf-483e-b833-385308e7c027/datanode-0/data/containers/hdds to VolumeSet
2019-06-14 05:06:53,275 INFO  volume.ThrottledAsyncChecker (ThrottledAsyncChecker.java:schedule(140)) - Scheduling a check for org.apache.hadoop.ozone.container.common.volume.HddsVolume@4a6c18ad
2019-06-14 05:06:53,294 INFO  volume.HddsVolumeChecker (HddsVolumeChecker.java:checkAllVolumes(203)) - Scheduled health check for volume org.apache.hadoop.ozone.container.common.volume.HddsVolume@4a6c18ad
2019-06-14 05:06:53,339 INFO  ratis.XceiverServerRatis (XceiverServerRatis.java:newXceiverServerRatis(401)) - Found a free port for the server : 39903
2019-06-14 05:06:53,403 INFO  impl.RaftServerProxy (ConfUtils.java:logGet(43)) - raft.rpc.type = GRPC (default)
2019-06-14 05:06:53,411 INFO  grpc.GrpcConfigKeys$Server (ConfUtils.java:logGet(43)) - raft.grpc.server.port = 39903 (custom)
2019-06-14 05:06:53,412 INFO  server.GrpcService (ConfUtils.java:logGet(43)) - raft.grpc.message.size.max = 33570816 (custom)
2019-06-14 05:06:53,413 INFO  server.RaftServerConfigKeys (ConfUtils.java:logGet(43)) - raft.server.log.appender.buffer.byte-limit = 33554432 (custom)
2019-06-14 05:06:53,414 INFO  server.GrpcService (ConfUtils.java:logGet(43)) - raft.grpc.flow.control.window = 1MB (=1048576) (default)
2019-06-14 05:06:53,415 INFO  server.RaftServerConfigKeys (ConfUtils.java:logGet(43)) - raft.server.rpc.request.timeout = 3000ms (default)
2019-06-14 05:06:53,540 INFO  server.RaftServerConfigKeys (ConfUtils.java:logGet(43)) - raft.server.storage.dir = [/opt/src/hadoop-ozone/integration-test/target/test-dir/MiniOzoneClusterImpl-643d7c15-9dbf-483e-b833-385308e7c027/datanode-0/data/ratis] (custom)
2019-06-14 05:06:53,545 INFO  server.XceiverServerGrpc (XceiverServerGrpc.java:<init>(97)) - Found a free port for the server : 34141
2019-06-14 05:06:53,569 INFO  replication.SimpleContainerDownloader (SimpleContainerDownloader.java:<init>(72)) - Starting container downloader service to copy containers to replicate.
2019-06-14 05:06:53,579 INFO  hdfs.DFSUtil (DFSUtil.java:httpServerTemplateForNNAndJN(1641)) - Starting Web-server for hddsDatanode at: http://0.0.0.0:0
2019-06-14 05:06:53,580 INFO  server.AuthenticationFilter (AuthenticationFilter.java:constructSecretProvider(240)) - Unable to initialize FileSignerSecretProvider, falling back to use random secrets.
2019-06-14 05:06:53,581 WARN  http.HttpRequestLog (HttpRequestLog.java:getRequestLog(97)) - Jetty request log can only be enabled using Log4j
2019-06-14 05:06:53,582 INFO  http.HttpServer2 (HttpServer2.java:addGlobalFilter(975)) - Added global filter 'safety' (class=org.apache.hadoop.http.HttpServer2$QuotingInputFilter)
2019-06-14 05:06:53,583 INFO  http.HttpServer2 (HttpServer2.java:addFilter(948)) - Added filter static_user_filter (class=org.apache.hadoop.http.lib.StaticUserWebFilter$StaticUserFilter) to context hddsDatanode
2019-06-14 05:06:53,583 INFO  http.HttpServer2 (HttpServer2.java:addFilter(958)) - Added filter static_user_filter (class=org.apache.hadoop.http.lib.StaticUserWebFilter$StaticUserFilter) to context logs
2019-06-14 05:06:53,583 INFO  http.HttpServer2 (HttpServer2.java:addFilter(958)) - Added filter static_user_filter (class=org.apache.hadoop.http.lib.StaticUserWebFilter$StaticUserFilter) to context static
2019-06-14 05:06:53,584 INFO  http.HttpServer2 (HttpServer2.java:bindListener(1191)) - Jetty bound to port 41309
2019-06-14 05:06:53,584 INFO  server.Server (Server.java:doStart(351)) - jetty-9.3.24.v20180605, build timestamp: 2018-06-05T17:11:56Z, git hash: 84205aa28f11a4f31f2a3b86d1bba2cc8ab69827
2019-06-14 05:06:53,586 INFO  handler.ContextHandler (ContextHandler.java:doStart(781)) - Started o.e.j.s.ServletContextHandler@2e51d054{/logs,file:///opt/src/hadoop-ozone/integration-test/target/log,AVAILABLE}
2019-06-14 05:06:53,587 INFO  handler.ContextHandler (ContextHandler.java:doStart(781)) - Started o.e.j.s.ServletContextHandler@615e3f51{/static,jar:file:/root/.m2/repository/org/apache/hadoop/hadoop-hdds-container-service/0.5.0-SNAPSHOT/hadoop-hdds-container-service-0.5.0-SNAPSHOT.jar!/webapps/static,AVAILABLE}
2019-06-14 05:06:53,614 INFO  handler.ContextHandler (ContextHandler.java:doStart(781)) - Started o.e.j.w.WebAppContext@5e1fc2aa{/,file:///tmp/jetty-0.0.0.0-41309-hddsDatanode-_-any-5886331519090868194.dir/webapp/,AVAILABLE}{/hddsDatanode}
2019-06-14 05:06:53,614 INFO  server.AbstractConnector (AbstractConnector.java:doStart(278)) - Started ServerConnector@688d411b{HTTP/1.1,[http/1.1]}{0.0.0.0:41309}
2019-06-14 05:06:53,615 INFO  server.Server (Server.java:doStart(419)) - Started @3521ms
2019-06-14 05:06:53,615 INFO  server.BaseHttpServer (BaseHttpServer.java:updateConnectorAddress(207)) - HTTP server of HDDSDATANODE is listening at http://0.0.0.0:41309
2019-06-14 05:06:54,575 INFO  ozone.HddsDatanodeService (HddsDatanodeService.java:startPlugins(396)) - Started plug-in org.apache.hadoop.ozone.web.OzoneHddsDatanodeService@30bf26df
2019-06-14 05:06:54,576 INFO  impl.MetricsSystemImpl (MetricsSystemImpl.java:init(158)) - HddsDatanode metrics system started (again)
2019-06-14 05:06:54,577 INFO  ozone.HddsDatanodeService (HddsDatanodeService.java:start(185)) - HddsDatanodeService host:ozone-9f9b8-993936649 ip:192.168.46.6
2019-06-14 05:06:54,600 INFO  util.JvmPauseMonitor (JvmPauseMonitor.java:run(188)) - Starting JVM pause monitor
2019-06-14 05:06:54,601 INFO  volume.HddsVolume (HddsVolume.java:<init>(176)) - Creating Volume: /opt/src/hadoop-ozone/integration-test/target/test-dir/MiniOzoneClusterImpl-643d7c15-9dbf-483e-b833-385308e7c027/datanode-1/data/containers/hdds of  storage type : DISK and capacity : 104021790720
2019-06-14 05:06:54,602 INFO  volume.VolumeSet (VolumeSet.java:initializeVolumeSet(170)) - Added Volume : /opt/src/hadoop-ozone/integration-test/target/test-dir/MiniOzoneClusterImpl-643d7c15-9dbf-483e-b833-385308e7c027/datanode-1/data/containers/hdds to VolumeSet
2019-06-14 05:06:54,602 INFO  volume.ThrottledAsyncChecker (ThrottledAsyncChecker.java:schedule(140)) - Scheduling a check for org.apache.hadoop.ozone.container.common.volume.HddsVolume@f171912
2019-06-14 05:06:54,603 INFO  volume.HddsVolumeChecker (HddsVolumeChecker.java:checkAllVolumes(203)) - Scheduled health check for volume org.apache.hadoop.ozone.container.common.volume.HddsVolume@f171912
2019-06-14 05:06:54,619 INFO  ratis.XceiverServerRatis (XceiverServerRatis.java:newXceiverServerRatis(401)) - Found a free port for the server : 45533
2019-06-14 05:06:54,626 INFO  impl.RaftServerProxy (ConfUtils.java:logGet(43)) - raft.rpc.type = GRPC (default)
2019-06-14 05:06:54,626 INFO  grpc.GrpcConfigKeys$Server (ConfUtils.java:logGet(43)) - raft.grpc.server.port = 45533 (custom)
2019-06-14 05:06:54,627 INFO  server.GrpcService (ConfUtils.java:logGet(43)) - raft.grpc.message.size.max = 33570816 (custom)
2019-06-14 05:06:54,627 INFO  server.RaftServerConfigKeys (ConfUtils.java:logGet(43)) - raft.server.log.appender.buffer.byte-limit = 33554432 (custom)
2019-06-14 05:06:54,627 INFO  server.GrpcService (ConfUtils.java:logGet(43)) - raft.grpc.flow.control.window = 1MB (=1048576) (default)
2019-06-14 05:06:54,628 INFO  server.RaftServerConfigKeys (ConfUtils.java:logGet(43)) - raft.server.rpc.request.timeout = 3000ms (default)
2019-06-14 05:06:54,628 INFO  server.RaftServerConfigKeys (ConfUtils.java:logGet(43)) - raft.server.storage.dir = [/opt/src/hadoop-ozone/integration-test/target/test-dir/MiniOzoneClusterImpl-643d7c15-9dbf-483e-b833-385308e7c027/datanode-1/data/ratis] (custom)
2019-06-14 05:06:54,629 INFO  server.XceiverServerGrpc (XceiverServerGrpc.java:<init>(97)) - Found a free port for the server : 44853
2019-06-14 05:06:54,629 INFO  replication.SimpleContainerDownloader (SimpleContainerDownloader.java:<init>(72)) - Starting container downloader service to copy containers to replicate.
2019-06-14 05:06:54,630 INFO  hdfs.DFSUtil (DFSUtil.java:httpServerTemplateForNNAndJN(1641)) - Starting Web-server for hddsDatanode at: http://0.0.0.0:0
2019-06-14 05:06:54,632 INFO  server.AuthenticationFilter (AuthenticationFilter.java:constructSecretProvider(240)) - Unable to initialize FileSignerSecretProvider, falling back to use random secrets.
2019-06-14 05:06:54,634 WARN  http.HttpRequestLog (HttpRequestLog.java:getRequestLog(97)) - Jetty request log can only be enabled using Log4j
2019-06-14 05:06:54,635 INFO  http.HttpServer2 (HttpServer2.java:addGlobalFilter(975)) - Added global filter 'safety' (class=org.apache.hadoop.http.HttpServer2$QuotingInputFilter)
2019-06-14 05:06:54,636 INFO  http.HttpServer2 (HttpServer2.java:addFilter(948)) - Added filter static_user_filter (class=org.apache.hadoop.http.lib.StaticUserWebFilter$StaticUserFilter) to context hddsDatanode
2019-06-14 05:06:54,636 INFO  http.HttpServer2 (HttpServer2.java:addFilter(958)) - Added filter static_user_filter (class=org.apache.hadoop.http.lib.StaticUserWebFilter$StaticUserFilter) to context logs
2019-06-14 05:06:54,636 INFO  http.HttpServer2 (HttpServer2.java:addFilter(958)) - Added filter static_user_filter (class=org.apache.hadoop.http.lib.StaticUserWebFilter$StaticUserFilter) to context static
2019-06-14 05:06:54,637 INFO  http.HttpServer2 (HttpServer2.java:bindListener(1191)) - Jetty bound to port 36693
2019-06-14 05:06:54,637 INFO  server.Server (Server.java:doStart(351)) - jetty-9.3.24.v20180605, build timestamp: 2018-06-05T17:11:56Z, git hash: 84205aa28f11a4f31f2a3b86d1bba2cc8ab69827
2019-06-14 05:06:54,659 INFO  handler.ContextHandler (ContextHandler.java:doStart(781)) - Started o.e.j.s.ServletContextHandler@18b6d3c1{/logs,file:///opt/src/hadoop-ozone/integration-test/target/log,AVAILABLE}
2019-06-14 05:06:54,660 INFO  handler.ContextHandler (ContextHandler.java:doStart(781)) - Started o.e.j.s.ServletContextHandler@3fe512d2{/static,jar:file:/root/.m2/repository/org/apache/hadoop/hadoop-hdds-container-service/0.5.0-SNAPSHOT/hadoop-hdds-container-service-0.5.0-SNAPSHOT.jar!/webapps/static,AVAILABLE}
2019-06-14 05:06:54,691 INFO  datanode.InitDatanodeState (InitDatanodeState.java:persistContainerDatanodeDetails(140)) - DatanodeDetails is persisted to /opt/src/hadoop-ozone/integration-test/target/test-dir/MiniOzoneClusterImpl-643d7c15-9dbf-483e-b833-385308e7c027/datanode-0/meta/datanode.id
2019-06-14 05:06:54,692 INFO  handler.ContextHandler (ContextHandler.java:doStart(781)) - Started o.e.j.w.WebAppContext@e7b265e{/,file:///tmp/jetty-0.0.0.0-36693-hddsDatanode-_-any-3341500036483148624.dir/webapp/,AVAILABLE}{/hddsDatanode}
2019-06-14 05:06:54,692 INFO  server.AbstractConnector (AbstractConnector.java:doStart(278)) - Started ServerConnector@51da32e5{HTTP/1.1,[http/1.1]}{0.0.0.0:36693}
2019-06-14 05:06:54,693 INFO  server.Server (Server.java:doStart(419)) - Started @4599ms
2019-06-14 05:06:54,694 INFO  server.BaseHttpServer (BaseHttpServer.java:updateConnectorAddress(207)) - HTTP server of HDDSDATANODE is listening at http://0.0.0.0:36693
2019-06-14 05:06:54,798 INFO  ozone.HddsDatanodeService (HddsDatanodeService.java:startPlugins(396)) - Started plug-in org.apache.hadoop.ozone.web.OzoneHddsDatanodeService@1d6751e3
2019-06-14 05:06:54,798 INFO  impl.MetricsSystemImpl (MetricsSystemImpl.java:init(158)) - HddsDatanode metrics system started (again)
2019-06-14 05:06:54,798 INFO  ozone.HddsDatanodeService (HddsDatanodeService.java:start(185)) - HddsDatanodeService host:ozone-9f9b8-993936649 ip:192.168.46.6
2019-06-14 05:06:54,802 INFO  util.JvmPauseMonitor (JvmPauseMonitor.java:run(188)) - Starting JVM pause monitor
2019-06-14 05:06:54,810 INFO  volume.HddsVolume (HddsVolume.java:<init>(176)) - Creating Volume: /opt/src/hadoop-ozone/integration-test/target/test-dir/MiniOzoneClusterImpl-643d7c15-9dbf-483e-b833-385308e7c027/datanode-2/data/containers/hdds of  storage type : DISK and capacity : 104021790720
2019-06-14 05:06:54,810 INFO  volume.VolumeSet (VolumeSet.java:initializeVolumeSet(170)) - Added Volume : /opt/src/hadoop-ozone/integration-test/target/test-dir/MiniOzoneClusterImpl-643d7c15-9dbf-483e-b833-385308e7c027/datanode-2/data/containers/hdds to VolumeSet
2019-06-14 05:06:54,811 INFO  volume.ThrottledAsyncChecker (ThrottledAsyncChecker.java:schedule(140)) - Scheduling a check for org.apache.hadoop.ozone.container.common.volume.HddsVolume@2e7af36e
2019-06-14 05:06:54,813 INFO  datanode.InitDatanodeState (InitDatanodeState.java:persistContainerDatanodeDetails(140)) - DatanodeDetails is persisted to /opt/src/hadoop-ozone/integration-test/target/test-dir/MiniOzoneClusterImpl-643d7c15-9dbf-483e-b833-385308e7c027/datanode-1/meta/datanode.id
2019-06-14 05:06:54,818 INFO  volume.HddsVolumeChecker (HddsVolumeChecker.java:checkAllVolumes(203)) - Scheduled health check for volume org.apache.hadoop.ozone.container.common.volume.HddsVolume@2e7af36e
2019-06-14 05:06:54,830 INFO  ratis.XceiverServerRatis (XceiverServerRatis.java:newXceiverServerRatis(401)) - Found a free port for the server : 36657
2019-06-14 05:06:54,831 INFO  impl.RaftServerProxy (ConfUtils.java:logGet(43)) - raft.rpc.type = GRPC (default)
2019-06-14 05:06:54,832 INFO  grpc.GrpcConfigKeys$Server (ConfUtils.java:logGet(43)) - raft.grpc.server.port = 36657 (custom)
2019-06-14 05:06:54,832 INFO  server.GrpcService (ConfUtils.java:logGet(43)) - raft.grpc.message.size.max = 33570816 (custom)
2019-06-14 05:06:54,832 INFO  server.RaftServerConfigKeys (ConfUtils.java:logGet(43)) - raft.server.log.appender.buffer.byte-limit = 33554432 (custom)
2019-06-14 05:06:54,832 INFO  server.GrpcService (ConfUtils.java:logGet(43)) - raft.grpc.flow.control.window = 1MB (=1048576) (default)
2019-06-14 05:06:54,833 INFO  server.RaftServerConfigKeys (ConfUtils.java:logGet(43)) - raft.server.rpc.request.timeout = 3000ms (default)
2019-06-14 05:06:54,833 INFO  server.RaftServerConfigKeys (ConfUtils.java:logGet(43)) - raft.server.storage.dir = [/opt/src/hadoop-ozone/integration-test/target/test-dir/MiniOzoneClusterImpl-643d7c15-9dbf-483e-b833-385308e7c027/datanode-2/data/ratis] (custom)
2019-06-14 05:06:54,834 INFO  server.XceiverServerGrpc (XceiverServerGrpc.java:<init>(97)) - Found a free port for the server : 42931
2019-06-14 05:06:54,834 INFO  replication.SimpleContainerDownloader (SimpleContainerDownloader.java:<init>(72)) - Starting container downloader service to copy containers to replicate.
2019-06-14 05:06:54,835 INFO  hdfs.DFSUtil (DFSUtil.java:httpServerTemplateForNNAndJN(1641)) - Starting Web-server for hddsDatanode at: http://0.0.0.0:0
2019-06-14 05:06:54,836 INFO  server.AuthenticationFilter (AuthenticationFilter.java:constructSecretProvider(240)) - Unable to initialize FileSignerSecretProvider, falling back to use random secrets.
2019-06-14 05:06:54,837 WARN  http.HttpRequestLog (HttpRequestLog.java:getRequestLog(97)) - Jetty request log can only be enabled using Log4j
2019-06-14 05:06:54,838 INFO  http.HttpServer2 (HttpServer2.java:addGlobalFilter(975)) - Added global filter 'safety' (class=org.apache.hadoop.http.HttpServer2$QuotingInputFilter)
2019-06-14 05:06:54,838 INFO  http.HttpServer2 (HttpServer2.java:addFilter(948)) - Added filter static_user_filter (class=org.apache.hadoop.http.lib.StaticUserWebFilter$StaticUserFilter) to context hddsDatanode
2019-06-14 05:06:54,838 INFO  http.HttpServer2 (HttpServer2.java:addFilter(958)) - Added filter static_user_filter (class=org.apache.hadoop.http.lib.StaticUserWebFilter$StaticUserFilter) to context static
2019-06-14 05:06:54,839 INFO  http.HttpServer2 (HttpServer2.java:addFilter(958)) - Added filter static_user_filter (class=org.apache.hadoop.http.lib.StaticUserWebFilter$StaticUserFilter) to context logs
2019-06-14 05:06:54,839 INFO  http.HttpServer2 (HttpServer2.java:bindListener(1191)) - Jetty bound to port 37797
2019-06-14 05:06:54,839 INFO  server.Server (Server.java:doStart(351)) - jetty-9.3.24.v20180605, build timestamp: 2018-06-05T17:11:56Z, git hash: 84205aa28f11a4f31f2a3b86d1bba2cc8ab69827
2019-06-14 05:06:54,841 INFO  handler.ContextHandler (ContextHandler.java:doStart(781)) - Started o.e.j.s.ServletContextHandler@674da77b{/logs,file:///opt/src/hadoop-ozone/integration-test/target/log,AVAILABLE}
2019-06-14 05:06:54,841 INFO  handler.ContextHandler (ContextHandler.java:doStart(781)) - Started o.e.j.s.ServletContextHandler@6010d0d1{/static,jar:file:/root/.m2/repository/org/apache/hadoop/hadoop-hdds-container-service/0.5.0-SNAPSHOT/hadoop-hdds-container-service-0.5.0-SNAPSHOT.jar!/webapps/static,AVAILABLE}
2019-06-14 05:06:54,863 INFO  handler.ContextHandler (ContextHandler.java:doStart(781)) - Started o.e.j.w.WebAppContext@624b523{/,file:///tmp/jetty-0.0.0.0-37797-hddsDatanode-_-any-3105004576312049236.dir/webapp/,AVAILABLE}{/hddsDatanode}
2019-06-14 05:06:54,864 INFO  server.AbstractConnector (AbstractConnector.java:doStart(278)) - Started ServerConnector@7741e1e9{HTTP/1.1,[http/1.1]}{0.0.0.0:37797}
2019-06-14 05:06:54,865 INFO  server.Server (Server.java:doStart(419)) - Started @4771ms
2019-06-14 05:06:54,866 INFO  server.BaseHttpServer (BaseHttpServer.java:updateConnectorAddress(207)) - HTTP server of HDDSDATANODE is listening at http://0.0.0.0:37797
2019-06-14 05:06:55,046 INFO  ozone.HddsDatanodeService (HddsDatanodeService.java:startPlugins(396)) - Started plug-in org.apache.hadoop.ozone.web.OzoneHddsDatanodeService@11c78080
2019-06-14 05:06:55,046 INFO  impl.MetricsSystemImpl (MetricsSystemImpl.java:init(158)) - HddsDatanode metrics system started (again)
2019-06-14 05:06:55,047 INFO  ozone.HddsDatanodeService (HddsDatanodeService.java:start(185)) - HddsDatanodeService host:ozone-9f9b8-993936649 ip:192.168.46.6
2019-06-14 05:06:55,057 INFO  util.JvmPauseMonitor (JvmPauseMonitor.java:run(188)) - Starting JVM pause monitor
2019-06-14 05:06:55,059 INFO  datanode.InitDatanodeState (InitDatanodeState.java:persistContainerDatanodeDetails(140)) - DatanodeDetails is persisted to /opt/src/hadoop-ozone/integration-test/target/test-dir/MiniOzoneClusterImpl-643d7c15-9dbf-483e-b833-385308e7c027/datanode-2/meta/datanode.id
2019-06-14 05:06:55,069 INFO  volume.HddsVolume (HddsVolume.java:<init>(176)) - Creating Volume: /opt/src/hadoop-ozone/integration-test/target/test-dir/MiniOzoneClusterImpl-643d7c15-9dbf-483e-b833-385308e7c027/datanode-3/data/containers/hdds of  storage type : DISK and capacity : 104021790720
2019-06-14 05:06:55,070 INFO  volume.VolumeSet (VolumeSet.java:initializeVolumeSet(170)) - Added Volume : /opt/src/hadoop-ozone/integration-test/target/test-dir/MiniOzoneClusterImpl-643d7c15-9dbf-483e-b833-385308e7c027/datanode-3/data/containers/hdds to VolumeSet
2019-06-14 05:06:55,070 INFO  volume.ThrottledAsyncChecker (ThrottledAsyncChecker.java:schedule(140)) - Scheduling a check for org.apache.hadoop.ozone.container.common.volume.HddsVolume@7c11d32
2019-06-14 05:06:55,071 INFO  volume.HddsVolumeChecker (HddsVolumeChecker.java:checkAllVolumes(203)) - Scheduled health check for volume org.apache.hadoop.ozone.container.common.volume.HddsVolume@7c11d32
2019-06-14 05:06:55,083 INFO  ratis.XceiverServerRatis (XceiverServerRatis.java:newXceiverServerRatis(401)) - Found a free port for the server : 37077
2019-06-14 05:06:55,084 INFO  impl.RaftServerProxy (ConfUtils.java:logGet(43)) - raft.rpc.type = GRPC (default)
2019-06-14 05:06:55,085 INFO  grpc.GrpcConfigKeys$Server (ConfUtils.java:logGet(43)) - raft.grpc.server.port = 37077 (custom)
2019-06-14 05:06:55,085 INFO  server.GrpcService (ConfUtils.java:logGet(43)) - raft.grpc.message.size.max = 33570816 (custom)
2019-06-14 05:06:55,085 INFO  server.RaftServerConfigKeys (ConfUtils.java:logGet(43)) - raft.server.log.appender.buffer.byte-limit = 33554432 (custom)
2019-06-14 05:06:55,085 INFO  server.GrpcService (ConfUtils.java:logGet(43)) - raft.grpc.flow.control.window = 1MB (=1048576) (default)
2019-06-14 05:06:55,086 INFO  server.RaftServerConfigKeys (ConfUtils.java:logGet(43)) - raft.server.rpc.request.timeout = 3000ms (default)
2019-06-14 05:06:55,086 INFO  server.RaftServerConfigKeys (ConfUtils.java:logGet(43)) - raft.server.storage.dir = [/opt/src/hadoop-ozone/integration-test/target/test-dir/MiniOzoneClusterImpl-643d7c15-9dbf-483e-b833-385308e7c027/datanode-3/data/ratis] (custom)
2019-06-14 05:06:55,087 INFO  server.XceiverServerGrpc (XceiverServerGrpc.java:<init>(97)) - Found a free port for the server : 41479
2019-06-14 05:06:55,087 INFO  replication.SimpleContainerDownloader (SimpleContainerDownloader.java:<init>(72)) - Starting container downloader service to copy containers to replicate.
2019-06-14 05:06:55,088 INFO  hdfs.DFSUtil (DFSUtil.java:httpServerTemplateForNNAndJN(1641)) - Starting Web-server for hddsDatanode at: http://0.0.0.0:0
2019-06-14 05:06:55,089 INFO  server.AuthenticationFilter (AuthenticationFilter.java:constructSecretProvider(240)) - Unable to initialize FileSignerSecretProvider, falling back to use random secrets.
2019-06-14 05:06:55,090 WARN  http.HttpRequestLog (HttpRequestLog.java:getRequestLog(97)) - Jetty request log can only be enabled using Log4j
2019-06-14 05:06:55,091 INFO  http.HttpServer2 (HttpServer2.java:addGlobalFilter(975)) - Added global filter 'safety' (class=org.apache.hadoop.http.HttpServer2$QuotingInputFilter)
2019-06-14 05:06:55,092 INFO  http.HttpServer2 (HttpServer2.java:addFilter(948)) - Added filter static_user_filter (class=org.apache.hadoop.http.lib.StaticUserWebFilter$StaticUserFilter) to context hddsDatanode
2019-06-14 05:06:55,092 INFO  http.HttpServer2 (HttpServer2.java:addFilter(958)) - Added filter static_user_filter (class=org.apache.hadoop.http.lib.StaticUserWebFilter$StaticUserFilter) to context logs
2019-06-14 05:06:55,093 INFO  http.HttpServer2 (HttpServer2.java:addFilter(958)) - Added filter static_user_filter (class=org.apache.hadoop.http.lib.StaticUserWebFilter$StaticUserFilter) to context static
2019-06-14 05:06:55,093 INFO  http.HttpServer2 (HttpServer2.java:bindListener(1191)) - Jetty bound to port 34885
2019-06-14 05:06:55,093 INFO  server.Server (Server.java:doStart(351)) - jetty-9.3.24.v20180605, build timestamp: 2018-06-05T17:11:56Z, git hash: 84205aa28f11a4f31f2a3b86d1bba2cc8ab69827
2019-06-14 05:06:55,098 INFO  handler.ContextHandler (ContextHandler.java:doStart(781)) - Started o.e.j.s.ServletContextHandler@25974207{/logs,file:///opt/src/hadoop-ozone/integration-test/target/log,AVAILABLE}
2019-06-14 05:06:55,099 INFO  handler.ContextHandler (ContextHandler.java:doStart(781)) - Started o.e.j.s.ServletContextHandler@195113de{/static,jar:file:/root/.m2/repository/org/apache/hadoop/hadoop-hdds-container-service/0.5.0-SNAPSHOT/hadoop-hdds-container-service-0.5.0-SNAPSHOT.jar!/webapps/static,AVAILABLE}
2019-06-14 05:06:55,120 INFO  handler.ContextHandler (ContextHandler.java:doStart(781)) - Started o.e.j.w.WebAppContext@74c9e11{/,file:///tmp/jetty-0.0.0.0-34885-hddsDatanode-_-any-5369293581835240128.dir/webapp/,AVAILABLE}{/hddsDatanode}
2019-06-14 05:06:55,122 INFO  server.AbstractConnector (AbstractConnector.java:doStart(278)) - Started ServerConnector@9fe720a{HTTP/1.1,[http/1.1]}{0.0.0.0:34885}
2019-06-14 05:06:55,122 INFO  server.Server (Server.java:doStart(419)) - Started @5028ms
2019-06-14 05:06:55,123 INFO  server.BaseHttpServer (BaseHttpServer.java:updateConnectorAddress(207)) - HTTP server of HDDSDATANODE is listening at http://0.0.0.0:34885
2019-06-14 05:06:55,270 INFO  ozone.HddsDatanodeService (HddsDatanodeService.java:startPlugins(396)) - Started plug-in org.apache.hadoop.ozone.web.OzoneHddsDatanodeService@76216830
2019-06-14 05:06:55,270 INFO  impl.MetricsSystemImpl (MetricsSystemImpl.java:init(158)) - HddsDatanode metrics system started (again)
2019-06-14 05:06:55,271 INFO  ozone.HddsDatanodeService (HddsDatanodeService.java:start(185)) - HddsDatanodeService host:ozone-9f9b8-993936649 ip:192.168.46.6
2019-06-14 05:06:55,273 INFO  util.JvmPauseMonitor (JvmPauseMonitor.java:run(188)) - Starting JVM pause monitor
2019-06-14 05:06:55,277 INFO  volume.HddsVolume (HddsVolume.java:<init>(176)) - Creating Volume: /opt/src/hadoop-ozone/integration-test/target/test-dir/MiniOzoneClusterImpl-643d7c15-9dbf-483e-b833-385308e7c027/datanode-4/data/containers/hdds of  storage type : DISK and capacity : 104021790720
2019-06-14 05:06:55,278 INFO  volume.VolumeSet (VolumeSet.java:initializeVolumeSet(170)) - Added Volume : /opt/src/hadoop-ozone/integration-test/target/test-dir/MiniOzoneClusterImpl-643d7c15-9dbf-483e-b833-385308e7c027/datanode-4/data/containers/hdds to VolumeSet
2019-06-14 05:06:55,278 INFO  volume.ThrottledAsyncChecker (ThrottledAsyncChecker.java:schedule(140)) - Scheduling a check for org.apache.hadoop.ozone.container.common.volume.HddsVolume@391d1e33
2019-06-14 05:06:55,278 INFO  datanode.InitDatanodeState (InitDatanodeState.java:persistContainerDatanodeDetails(140)) - DatanodeDetails is persisted to /opt/src/hadoop-ozone/integration-test/target/test-dir/MiniOzoneClusterImpl-643d7c15-9dbf-483e-b833-385308e7c027/datanode-3/meta/datanode.id
2019-06-14 05:06:55,279 INFO  volume.HddsVolumeChecker (HddsVolumeChecker.java:checkAllVolumes(203)) - Scheduled health check for volume org.apache.hadoop.ozone.container.common.volume.HddsVolume@391d1e33
2019-06-14 05:06:55,293 INFO  ratis.XceiverServerRatis (XceiverServerRatis.java:newXceiverServerRatis(401)) - Found a free port for the server : 39475
2019-06-14 05:06:55,294 INFO  impl.RaftServerProxy (ConfUtils.java:logGet(43)) - raft.rpc.type = GRPC (default)
2019-06-14 05:06:55,294 INFO  grpc.GrpcConfigKeys$Server (ConfUtils.java:logGet(43)) - raft.grpc.server.port = 39475 (custom)
2019-06-14 05:06:55,294 INFO  server.GrpcService (ConfUtils.java:logGet(43)) - raft.grpc.message.size.max = 33570816 (custom)
2019-06-14 05:06:55,295 INFO  server.RaftServerConfigKeys (ConfUtils.java:logGet(43)) - raft.server.log.appender.buffer.byte-limit = 33554432 (custom)
2019-06-14 05:06:55,295 INFO  server.GrpcService (ConfUtils.java:logGet(43)) - raft.grpc.flow.control.window = 1MB (=1048576) (default)
2019-06-14 05:06:55,295 INFO  server.RaftServerConfigKeys (ConfUtils.java:logGet(43)) - raft.server.rpc.request.timeout = 3000ms (default)
2019-06-14 05:06:55,295 INFO  server.RaftServerConfigKeys (ConfUtils.java:logGet(43)) - raft.server.storage.dir = [/opt/src/hadoop-ozone/integration-test/target/test-dir/MiniOzoneClusterImpl-643d7c15-9dbf-483e-b833-385308e7c027/datanode-4/data/ratis] (custom)
2019-06-14 05:06:55,296 INFO  server.XceiverServerGrpc (XceiverServerGrpc.java:<init>(97)) - Found a free port for the server : 40551
2019-06-14 05:06:55,296 INFO  replication.SimpleContainerDownloader (SimpleContainerDownloader.java:<init>(72)) - Starting container downloader service to copy containers to replicate.
2019-06-14 05:06:55,297 INFO  hdfs.DFSUtil (DFSUtil.java:httpServerTemplateForNNAndJN(1641)) - Starting Web-server for hddsDatanode at: http://0.0.0.0:0
2019-06-14 05:06:55,299 INFO  server.AuthenticationFilter (AuthenticationFilter.java:constructSecretProvider(240)) - Unable to initialize FileSignerSecretProvider, falling back to use random secrets.
2019-06-14 05:06:55,299 WARN  http.HttpRequestLog (HttpRequestLog.java:getRequestLog(97)) - Jetty request log can only be enabled using Log4j
2019-06-14 05:06:55,300 INFO  http.HttpServer2 (HttpServer2.java:addGlobalFilter(975)) - Added global filter 'safety' (class=org.apache.hadoop.http.HttpServer2$QuotingInputFilter)
2019-06-14 05:06:55,301 INFO  http.HttpServer2 (HttpServer2.java:addFilter(948)) - Added filter static_user_filter (class=org.apache.hadoop.http.lib.StaticUserWebFilter$StaticUserFilter) to context hddsDatanode
2019-06-14 05:06:55,301 INFO  http.HttpServer2 (HttpServer2.java:addFilter(958)) - Added filter static_user_filter (class=org.apache.hadoop.http.lib.StaticUserWebFilter$StaticUserFilter) to context static
2019-06-14 05:06:55,301 INFO  http.HttpServer2 (HttpServer2.java:addFilter(958)) - Added filter static_user_filter (class=org.apache.hadoop.http.lib.StaticUserWebFilter$StaticUserFilter) to context logs
2019-06-14 05:06:55,301 INFO  http.HttpServer2 (HttpServer2.java:bindListener(1191)) - Jetty bound to port 36007
2019-06-14 05:06:55,302 INFO  server.Server (Server.java:doStart(351)) - jetty-9.3.24.v20180605, build timestamp: 2018-06-05T17:11:56Z, git hash: 84205aa28f11a4f31f2a3b86d1bba2cc8ab69827
2019-06-14 05:06:55,318 INFO  handler.ContextHandler (ContextHandler.java:doStart(781)) - Started o.e.j.s.ServletContextHandler@6f38f084{/logs,file:///opt/src/hadoop-ozone/integration-test/target/log,AVAILABLE}
2019-06-14 05:06:55,321 INFO  handler.ContextHandler (ContextHandler.java:doStart(781)) - Started o.e.j.s.ServletContextHandler@372f0a99{/static,jar:file:/root/.m2/repository/org/apache/hadoop/hadoop-hdds-container-service/0.5.0-SNAPSHOT/hadoop-hdds-container-service-0.5.0-SNAPSHOT.jar!/webapps/static,AVAILABLE}
2019-06-14 05:06:55,344 INFO  handler.ContextHandler (ContextHandler.java:doStart(781)) - Started o.e.j.w.WebAppContext@6b2fdffc{/,file:///tmp/jetty-0.0.0.0-36007-hddsDatanode-_-any-3446061639427124202.dir/webapp/,AVAILABLE}{/hddsDatanode}
2019-06-14 05:06:55,346 INFO  server.AbstractConnector (AbstractConnector.java:doStart(278)) - Started ServerConnector@2ca3d826{HTTP/1.1,[http/1.1]}{0.0.0.0:36007}
2019-06-14 05:06:55,346 INFO  server.Server (Server.java:doStart(419)) - Started @5253ms
2019-06-14 05:06:55,352 INFO  server.BaseHttpServer (BaseHttpServer.java:updateConnectorAddress(207)) - HTTP server of HDDSDATANODE is listening at http://0.0.0.0:36007
2019-06-14 05:06:55,465 INFO  ozone.HddsDatanodeService (HddsDatanodeService.java:startPlugins(396)) - Started plug-in org.apache.hadoop.ozone.web.OzoneHddsDatanodeService@624b3544
2019-06-14 05:06:55,465 INFO  impl.MetricsSystemImpl (MetricsSystemImpl.java:init(158)) - HddsDatanode metrics system started (again)
2019-06-14 05:06:55,466 INFO  ozone.HddsDatanodeService (HddsDatanodeService.java:start(185)) - HddsDatanodeService host:ozone-9f9b8-993936649 ip:192.168.46.6
2019-06-14 05:06:55,469 INFO  util.JvmPauseMonitor (JvmPauseMonitor.java:run(188)) - Starting JVM pause monitor
2019-06-14 05:06:55,473 INFO  datanode.InitDatanodeState (InitDatanodeState.java:persistContainerDatanodeDetails(140)) - DatanodeDetails is persisted to /opt/src/hadoop-ozone/integration-test/target/test-dir/MiniOzoneClusterImpl-643d7c15-9dbf-483e-b833-385308e7c027/datanode-4/meta/datanode.id
2019-06-14 05:06:55,476 INFO  volume.HddsVolume (HddsVolume.java:<init>(176)) - Creating Volume: /opt/src/hadoop-ozone/integration-test/target/test-dir/MiniOzoneClusterImpl-643d7c15-9dbf-483e-b833-385308e7c027/datanode-5/data/containers/hdds of  storage type : DISK and capacity : 104021790720
2019-06-14 05:06:55,476 INFO  volume.VolumeSet (VolumeSet.java:initializeVolumeSet(170)) - Added Volume : /opt/src/hadoop-ozone/integration-test/target/test-dir/MiniOzoneClusterImpl-643d7c15-9dbf-483e-b833-385308e7c027/datanode-5/data/containers/hdds to VolumeSet
2019-06-14 05:06:55,477 INFO  volume.ThrottledAsyncChecker (ThrottledAsyncChecker.java:schedule(140)) - Scheduling a check for org.apache.hadoop.ozone.container.common.volume.HddsVolume@55a0f011
2019-06-14 05:06:55,477 INFO  volume.HddsVolumeChecker (HddsVolumeChecker.java:checkAllVolumes(203)) - Scheduled health check for volume org.apache.hadoop.ozone.container.common.volume.HddsVolume@55a0f011
2019-06-14 05:06:55,494 INFO  ratis.XceiverServerRatis (XceiverServerRatis.java:newXceiverServerRatis(401)) - Found a free port for the server : 45251
2019-06-14 05:06:55,495 INFO  impl.RaftServerProxy (ConfUtils.java:logGet(43)) - raft.rpc.type = GRPC (default)
2019-06-14 05:06:55,496 INFO  grpc.GrpcConfigKeys$Server (ConfUtils.java:logGet(43)) - raft.grpc.server.port = 45251 (custom)
2019-06-14 05:06:55,496 INFO  server.GrpcService (ConfUtils.java:logGet(43)) - raft.grpc.message.size.max = 33570816 (custom)
2019-06-14 05:06:55,496 INFO  server.RaftServerConfigKeys (ConfUtils.java:logGet(43)) - raft.server.log.appender.buffer.byte-limit = 33554432 (custom)
2019-06-14 05:06:55,496 INFO  server.GrpcService (ConfUtils.java:logGet(43)) - raft.grpc.flow.control.window = 1MB (=1048576) (default)
2019-06-14 05:06:55,496 INFO  server.RaftServerConfigKeys (ConfUtils.java:logGet(43)) - raft.server.rpc.request.timeout = 3000ms (default)
2019-06-14 05:06:55,497 INFO  server.RaftServerConfigKeys (ConfUtils.java:logGet(43)) - raft.server.storage.dir = [/opt/src/hadoop-ozone/integration-test/target/test-dir/MiniOzoneClusterImpl-643d7c15-9dbf-483e-b833-385308e7c027/datanode-5/data/ratis] (custom)
2019-06-14 05:06:55,497 INFO  server.XceiverServerGrpc (XceiverServerGrpc.java:<init>(97)) - Found a free port for the server : 33343
2019-06-14 05:06:55,498 INFO  replication.SimpleContainerDownloader (SimpleContainerDownloader.java:<init>(72)) - Starting container downloader service to copy containers to replicate.
2019-06-14 05:06:55,500 INFO  hdfs.DFSUtil (DFSUtil.java:httpServerTemplateForNNAndJN(1641)) - Starting Web-server for hddsDatanode at: http://0.0.0.0:0
2019-06-14 05:06:55,502 INFO  server.AuthenticationFilter (AuthenticationFilter.java:constructSecretProvider(240)) - Unable to initialize FileSignerSecretProvider, falling back to use random secrets.
2019-06-14 05:06:55,502 WARN  http.HttpRequestLog (HttpRequestLog.java:getRequestLog(97)) - Jetty request log can only be enabled using Log4j
2019-06-14 05:06:55,503 INFO  http.HttpServer2 (HttpServer2.java:addGlobalFilter(975)) - Added global filter 'safety' (class=org.apache.hadoop.http.HttpServer2$QuotingInputFilter)
2019-06-14 05:06:55,504 INFO  http.HttpServer2 (HttpServer2.java:addFilter(948)) - Added filter static_user_filter (class=org.apache.hadoop.http.lib.StaticUserWebFilter$StaticUserFilter) to context hddsDatanode
2019-06-14 05:06:55,504 INFO  http.HttpServer2 (HttpServer2.java:addFilter(958)) - Added filter static_user_filter (class=org.apache.hadoop.http.lib.StaticUserWebFilter$StaticUserFilter) to context logs
2019-06-14 05:06:55,504 INFO  http.HttpServer2 (HttpServer2.java:addFilter(958)) - Added filter static_user_filter (class=org.apache.hadoop.http.lib.StaticUserWebFilter$StaticUserFilter) to context static
2019-06-14 05:06:55,505 INFO  http.HttpServer2 (HttpServer2.java:bindListener(1191)) - Jetty bound to port 45421
2019-06-14 05:06:55,505 INFO  server.Server (Server.java:doStart(351)) - jetty-9.3.24.v20180605, build timestamp: 2018-06-05T17:11:56Z, git hash: 84205aa28f11a4f31f2a3b86d1bba2cc8ab69827
2019-06-14 05:06:55,508 INFO  handler.ContextHandler (ContextHandler.java:doStart(781)) - Started o.e.j.s.ServletContextHandler@23e61112{/logs,file:///opt/src/hadoop-ozone/integration-test/target/log,AVAILABLE}
2019-06-14 05:06:55,509 INFO  handler.ContextHandler (ContextHandler.java:doStart(781)) - Started o.e.j.s.ServletContextHandler@61b60600{/static,jar:file:/root/.m2/repository/org/apache/hadoop/hadoop-hdds-container-service/0.5.0-SNAPSHOT/hadoop-hdds-container-service-0.5.0-SNAPSHOT.jar!/webapps/static,AVAILABLE}
2019-06-14 05:06:55,538 INFO  handler.ContextHandler (ContextHandler.java:doStart(781)) - Started o.e.j.w.WebAppContext@245cb8df{/,file:///tmp/jetty-0.0.0.0-45421-hddsDatanode-_-any-2614003287881725751.dir/webapp/,AVAILABLE}{/hddsDatanode}
2019-06-14 05:06:55,540 INFO  server.AbstractConnector (AbstractConnector.java:doStart(278)) - Started ServerConnector@26b3c9a2{HTTP/1.1,[http/1.1]}{0.0.0.0:45421}
2019-06-14 05:06:55,540 INFO  server.Server (Server.java:doStart(419)) - Started @5446ms
2019-06-14 05:06:55,544 INFO  server.BaseHttpServer (BaseHttpServer.java:updateConnectorAddress(207)) - HTTP server of HDDSDATANODE is listening at http://0.0.0.0:45421
2019-06-14 05:06:55,706 INFO  ozone.HddsDatanodeService (HddsDatanodeService.java:startPlugins(396)) - Started plug-in org.apache.hadoop.ozone.web.OzoneHddsDatanodeService@4662752a
2019-06-14 05:06:55,707 INFO  ozone.MiniOzoneClusterImpl (MiniOzoneClusterImpl.java:lambda$waitForClusterToBeReady$0(142)) - Waiting for cluster to be ready. Got 0 of 6 DN Heartbeats.
2019-06-14 05:06:55,708 INFO  util.JvmPauseMonitor (JvmPauseMonitor.java:run(188)) - Starting JVM pause monitor
2019-06-14 05:06:55,709 INFO  datanode.InitDatanodeState (InitDatanodeState.java:persistContainerDatanodeDetails(140)) - DatanodeDetails is persisted to /opt/src/hadoop-ozone/integration-test/target/test-dir/MiniOzoneClusterImpl-643d7c15-9dbf-483e-b833-385308e7c027/datanode-5/meta/datanode.id
2019-06-14 05:06:56,616 INFO  ozoneimpl.OzoneContainer (OzoneContainer.java:start(186)) - Attempting to start container services.
2019-06-14 05:06:56,616 INFO  ozoneimpl.OzoneContainer (OzoneContainer.java:startContainerScrub(160)) - Background container scrubber has been disabled by hdds.containerscrub.enabled
2019-06-14 05:06:56,616 INFO  ratis.XceiverServerRatis (XceiverServerRatis.java:start(418)) - Starting XceiverServerRatis 532cf6f0-e5e2-4660-bc4e-829bdeb1f6bb at port 39903
2019-06-14 05:06:56,632 INFO  impl.RaftServerProxy (RaftServerProxy.java:lambda$start$3(299)) - 532cf6f0-e5e2-4660-bc4e-829bdeb1f6bb: start RPC server
2019-06-14 05:06:56,707 INFO  ozone.MiniOzoneClusterImpl (MiniOzoneClusterImpl.java:lambda$waitForClusterToBeReady$0(142)) - Waiting for cluster to be ready. Got 0 of 6 DN Heartbeats.
2019-06-14 05:06:56,758 INFO  server.GrpcService (GrpcService.java:startImpl(148)) - 532cf6f0-e5e2-4660-bc4e-829bdeb1f6bb: GrpcService started, listening on 0.0.0.0/0.0.0.0:39903
2019-06-14 05:06:56,806 INFO  ozoneimpl.OzoneContainer (OzoneContainer.java:start(186)) - Attempting to start container services.
2019-06-14 05:06:56,807 INFO  ozoneimpl.OzoneContainer (OzoneContainer.java:startContainerScrub(160)) - Background container scrubber has been disabled by hdds.containerscrub.enabled
2019-06-14 05:06:56,807 INFO  ratis.XceiverServerRatis (XceiverServerRatis.java:start(418)) - Starting XceiverServerRatis 32426236-ab1c-4eba-9437-53ee72db6f46 at port 45533
2019-06-14 05:06:56,812 INFO  impl.RaftServerProxy (RaftServerProxy.java:lambda$start$3(299)) - 32426236-ab1c-4eba-9437-53ee72db6f46: start RPC server
2019-06-14 05:06:56,814 INFO  server.GrpcService (GrpcService.java:startImpl(148)) - 32426236-ab1c-4eba-9437-53ee72db6f46: GrpcService started, listening on 0.0.0.0/0.0.0.0:45533
2019-06-14 05:06:57,061 INFO  ozoneimpl.OzoneContainer (OzoneContainer.java:start(186)) - Attempting to start container services.
2019-06-14 05:06:57,062 INFO  ozoneimpl.OzoneContainer (OzoneContainer.java:startContainerScrub(160)) - Background container scrubber has been disabled by hdds.containerscrub.enabled
2019-06-14 05:06:57,062 INFO  ratis.XceiverServerRatis (XceiverServerRatis.java:start(418)) - Starting XceiverServerRatis 316d61b1-efd9-4d2e-bbfd-0970b9850c18 at port 36657
2019-06-14 05:06:57,069 INFO  impl.RaftServerProxy (RaftServerProxy.java:lambda$start$3(299)) - 316d61b1-efd9-4d2e-bbfd-0970b9850c18: start RPC server
2019-06-14 05:06:57,070 INFO  server.GrpcService (GrpcService.java:startImpl(148)) - 316d61b1-efd9-4d2e-bbfd-0970b9850c18: GrpcService started, listening on 0.0.0.0/0.0.0.0:36657
2019-06-14 05:06:57,278 INFO  ozoneimpl.OzoneContainer (OzoneContainer.java:start(186)) - Attempting to start container services.
2019-06-14 05:06:57,279 INFO  ozoneimpl.OzoneContainer (OzoneContainer.java:startContainerScrub(160)) - Background container scrubber has been disabled by hdds.containerscrub.enabled
2019-06-14 05:06:57,279 INFO  ratis.XceiverServerRatis (XceiverServerRatis.java:start(418)) - Starting XceiverServerRatis a3f8bf27-021f-4250-8f40-e4d714061ed4 at port 37077
2019-06-14 05:06:57,285 INFO  impl.RaftServerProxy (RaftServerProxy.java:lambda$start$3(299)) - a3f8bf27-021f-4250-8f40-e4d714061ed4: start RPC server
2019-06-14 05:06:57,286 INFO  server.GrpcService (GrpcService.java:startImpl(148)) - a3f8bf27-021f-4250-8f40-e4d714061ed4: GrpcService started, listening on 0.0.0.0/0.0.0.0:37077
2019-06-14 05:06:57,474 INFO  ozoneimpl.OzoneContainer (OzoneContainer.java:start(186)) - Attempting to start container services.
2019-06-14 05:06:57,475 INFO  ozoneimpl.OzoneContainer (OzoneContainer.java:startContainerScrub(160)) - Background container scrubber has been disabled by hdds.containerscrub.enabled
2019-06-14 05:06:57,475 INFO  ratis.XceiverServerRatis (XceiverServerRatis.java:start(418)) - Starting XceiverServerRatis 7e519f35-6d11-48a7-b735-68ab06f49b41 at port 39475
2019-06-14 05:06:57,479 INFO  impl.RaftServerProxy (RaftServerProxy.java:lambda$start$3(299)) - 7e519f35-6d11-48a7-b735-68ab06f49b41: start RPC server
2019-06-14 05:06:57,481 INFO  server.GrpcService (GrpcService.java:startImpl(148)) - 7e519f35-6d11-48a7-b735-68ab06f49b41: GrpcService started, listening on 0.0.0.0/0.0.0.0:39475
2019-06-14 05:06:57,707 INFO  ozone.MiniOzoneClusterImpl (MiniOzoneClusterImpl.java:lambda$waitForClusterToBeReady$0(142)) - Waiting for cluster to be ready. Got 0 of 6 DN Heartbeats.
2019-06-14 05:06:57,713 INFO  ozoneimpl.OzoneContainer (OzoneContainer.java:start(186)) - Attempting to start container services.
2019-06-14 05:06:57,715 INFO  ozoneimpl.OzoneContainer (OzoneContainer.java:startContainerScrub(160)) - Background container scrubber has been disabled by hdds.containerscrub.enabled
2019-06-14 05:06:57,715 INFO  ratis.XceiverServerRatis (XceiverServerRatis.java:start(418)) - Starting XceiverServerRatis 0b53140d-8206-4059-9a14-96933aaf3cfd at port 45251
2019-06-14 05:06:57,719 INFO  impl.RaftServerProxy (RaftServerProxy.java:lambda$start$3(299)) - 0b53140d-8206-4059-9a14-96933aaf3cfd: start RPC server
2019-06-14 05:06:57,721 INFO  server.GrpcService (GrpcService.java:startImpl(148)) - 0b53140d-8206-4059-9a14-96933aaf3cfd: GrpcService started, listening on 0.0.0.0/0.0.0.0:45251
2019-06-14 05:06:58,621 INFO  node.SCMNodeManager (SCMNodeManager.java:register(234)) - Registered Data node : 532cf6f0-e5e2-4660-bc4e-829bdeb1f6bb{ip: 192.168.46.6, host: ozone-9f9b8-993936649, networkLocation: /default-rack, certSerialId: null}
2019-06-14 05:06:58,630 INFO  safemode.SCMSafeModeManager (DataNodeSafeModeRule.java:process(71)) - SCM in safe mode. 1 DataNodes registered, 1 required.
2019-06-14 05:06:58,630 INFO  safemode.SCMSafeModeManager (SCMSafeModeManager.java:validateSafeModeExitRules(177)) - ScmSafeModeManager, all rules are successfully validated
2019-06-14 05:06:58,630 INFO  safemode.SCMSafeModeManager (SCMSafeModeManager.java:exitSafeMode(193)) - SCM exiting safe mode.
2019-06-14 05:06:58,708 INFO  ozone.MiniOzoneClusterImpl (MiniOzoneClusterImpl.java:lambda$waitForClusterToBeReady$0(142)) - Waiting for cluster to be ready. Got 1 of 6 DN Heartbeats.
2019-06-14 05:06:58,810 INFO  node.SCMNodeManager (SCMNodeManager.java:register(234)) - Registered Data node : 32426236-ab1c-4eba-9437-53ee72db6f46{ip: 192.168.46.6, host: ozone-9f9b8-993936649, networkLocation: /default-rack, certSerialId: null}
2019-06-14 05:06:59,067 INFO  node.SCMNodeManager (SCMNodeManager.java:register(234)) - Registered Data node : 316d61b1-efd9-4d2e-bbfd-0970b9850c18{ip: 192.168.46.6, host: ozone-9f9b8-993936649, networkLocation: /default-rack, certSerialId: null}
2019-06-14 05:06:59,067 INFO  impl.RaftServerProxy (RaftServerProxy.java:addNew(89)) - 532cf6f0-e5e2-4660-bc4e-829bdeb1f6bb: addNew group-EBD2E819D838:[532cf6f0-e5e2-4660-bc4e-829bdeb1f6bb:192.168.46.6:39903] returns group-EBD2E819D838:java.util.concurrent.CompletableFuture@6a3deebd[Not completed]
2019-06-14 05:06:59,073 INFO  impl.RaftServerImpl (RaftServerImpl.java:<init>(91)) - 532cf6f0-e5e2-4660-bc4e-829bdeb1f6bb: new RaftServerImpl for group-EBD2E819D838:[532cf6f0-e5e2-4660-bc4e-829bdeb1f6bb:192.168.46.6:39903] with ContainerStateMachine:uninitialized
2019-06-14 05:06:59,074 INFO  server.RaftServerConfigKeys (ConfUtils.java:logGet(43)) - raft.server.rpc.timeout.min = 1s (custom)
2019-06-14 05:06:59,074 INFO  server.RaftServerConfigKeys (ConfUtils.java:logGet(43)) - raft.server.rpc.timeout.max = 1200ms (custom)
2019-06-14 05:06:59,074 INFO  server.RaftServerConfigKeys (ConfUtils.java:logGet(43)) - raft.server.rpcslowness.timeout = 10s (custom)
2019-06-14 05:06:59,075 INFO  server.RaftServerConfigKeys (ConfUtils.java:logGet(43)) - raft.server.log.appender.install.snapshot.enabled = true (default)
2019-06-14 05:06:59,081 INFO  impl.RaftServerImpl (ServerState.java:<init>(101)) - 532cf6f0-e5e2-4660-bc4e-829bdeb1f6bb:group-EBD2E819D838 ConfigurationManager, init=-1: [532cf6f0-e5e2-4660-bc4e-829bdeb1f6bb:192.168.46.6:39903], old=null, confs=<EMPTY_MAP>
2019-06-14 05:06:59,081 INFO  server.RaftServerConfigKeys (ConfUtils.java:logGet(43)) - raft.server.storage.dir = [/opt/src/hadoop-ozone/integration-test/target/test-dir/MiniOzoneClusterImpl-643d7c15-9dbf-483e-b833-385308e7c027/datanode-0/data/ratis] (custom)
2019-06-14 05:06:59,086 INFO  storage.RaftStorageDirectory (RaftStorageDirectory.java:analyzeStorage(246)) - The storage directory /opt/src/hadoop-ozone/integration-test/target/test-dir/MiniOzoneClusterImpl-643d7c15-9dbf-483e-b833-385308e7c027/datanode-0/data/ratis/f6dc01ea-d4e8-4d89-94a9-ebd2e819d838 does not exist. Creating ...
2019-06-14 05:06:59,091 INFO  storage.RaftStorageDirectory (RaftStorageDirectory.java:tryLock(328)) - Lock on /opt/src/hadoop-ozone/integration-test/target/test-dir/MiniOzoneClusterImpl-643d7c15-9dbf-483e-b833-385308e7c027/datanode-0/data/ratis/f6dc01ea-d4e8-4d89-94a9-ebd2e819d838/in_use.lock acquired by nodename 9878@ozone-9f9b8-993936649
2019-06-14 05:06:59,094 INFO  storage.RaftStorage (RaftStorage.java:format(75)) - Storage directory /opt/src/hadoop-ozone/integration-test/target/test-dir/MiniOzoneClusterImpl-643d7c15-9dbf-483e-b833-385308e7c027/datanode-0/data/ratis/f6dc01ea-d4e8-4d89-94a9-ebd2e819d838 has been successfully formatted.
2019-06-14 05:06:59,096 INFO  ratis.ContainerStateMachine (ContainerStateMachine.java:loadSnapshot(199)) - The snapshot info is null.Setting the last applied index to:(t:0, i:~)
2019-06-14 05:06:59,096 INFO  server.RaftServerConfigKeys (ConfUtils.java:logGet(43)) - raft.server.leader.election.timeout = 10s (custom)
2019-06-14 05:06:59,098 INFO  server.RaftServerConfigKeys (ConfUtils.java:logGet(43)) - raft.server.log.use.memory = false (default)
2019-06-14 05:06:59,099 INFO  server.RaftServerConfigKeys (ConfUtils.java:logGet(43)) - raft.server.log.appender.buffer.byte-limit = 33554432 (custom)
2019-06-14 05:06:59,102 INFO  server.RaftServerConfigKeys (ConfUtils.java:logGet(43)) - raft.server.log.segment.size.max = 16384 (custom)
2019-06-14 05:06:59,105 INFO  server.RaftServerConfigKeys (ConfUtils.java:logGet(43)) - raft.server.log.segment.cache.num.max = 2 (custom)
2019-06-14 05:06:59,236 INFO  storage.RaftLogWorker (RaftLogWorker.java:<init>(123)) - new 532cf6f0-e5e2-4660-bc4e-829bdeb1f6bb-RaftLogWorker for Storage Directory /opt/src/hadoop-ozone/integration-test/target/test-dir/MiniOzoneClusterImpl-643d7c15-9dbf-483e-b833-385308e7c027/datanode-0/data/ratis/f6dc01ea-d4e8-4d89-94a9-ebd2e819d838
2019-06-14 05:06:59,238 INFO  server.RaftServerConfigKeys (ConfUtils.java:logGet(43)) - raft.server.log.queue.byte-limit = 2147483647 (custom)
2019-06-14 05:06:59,238 INFO  server.RaftServerConfigKeys (ConfUtils.java:logGet(43)) - raft.server.log.queue.element-limit = 1024 (custom)
2019-06-14 05:06:59,240 INFO  server.RaftServerConfigKeys (ConfUtils.java:logGet(43)) - raft.server.log.segment.size.max = 16384 (custom)
2019-06-14 05:06:59,240 INFO  server.RaftServerConfigKeys (ConfUtils.java:logGet(43)) - raft.server.log.preallocated.size = 16384 (custom)
2019-06-14 05:06:59,241 INFO  server.RaftServerConfigKeys (ConfUtils.java:logGet(43)) - raft.server.log.write.buffer.size = 33554432 (custom)
2019-06-14 05:06:59,241 INFO  server.RaftServerConfigKeys (ConfUtils.java:logGet(43)) - raft.server.log.force.sync.num = 128 (default)
2019-06-14 05:06:59,242 INFO  server.RaftServerConfigKeys (ConfUtils.java:logGet(43)) - raft.server.log.statemachine.data.sync = true (default)
2019-06-14 05:06:59,242 INFO  server.RaftServerConfigKeys (ConfUtils.java:logGet(43)) - raft.server.log.statemachine.data.sync.timeout = 10s (default)
2019-06-14 05:06:59,242 INFO  server.RaftServerConfigKeys (ConfUtils.java:logGet(43)) - raft.server.log.statemachine.data.sync.timeout.retry = -1 (default)
2019-06-14 05:06:59,245 INFO  server.RaftServerConfigKeys (ConfUtils.java:logGet(43)) - raft.server.log.statemachine.data.caching.enabled = true (custom)
2019-06-14 05:06:59,251 INFO  server.RaftServerConfigKeys (ConfUtils.java:logGet(43)) - raft.server.snapshot.auto.trigger.enabled = true (custom)
2019-06-14 05:06:59,251 INFO  server.RaftServerConfigKeys (ConfUtils.java:logGet(43)) - raft.server.snapshot.auto.trigger.threshold = 10000 (custom)
2019-06-14 05:06:59,252 INFO  server.RaftServerConfigKeys (ConfUtils.java:logGet(43)) - raft.server.retrycache.expirytime = 600000ms (custom)
2019-06-14 05:06:59,266 INFO  impl.RaftServerImpl (RaftServerImpl.java:start(173)) - 532cf6f0-e5e2-4660-bc4e-829bdeb1f6bb: start group-EBD2E819D838
2019-06-14 05:06:59,267 INFO  impl.RaftServerImpl (RaftServerImpl.java:setRole(164)) - 532cf6f0-e5e2-4660-bc4e-829bdeb1f6bb:group-EBD2E819D838 changes role from null to FOLLOWER at term 0 for startAsFollower
2019-06-14 05:06:59,268 INFO  impl.RoleInfo (RoleInfo.java:updateAndGet(143)) - 532cf6f0-e5e2-4660-bc4e-829bdeb1f6bb: start FollowerState
2019-06-14 05:06:59,270 INFO  util.JmxRegister (JmxRegister.java:tryRegister(44)) - Successfully registered JMX Bean with object name Ratis:service=RaftServer,group=group-EBD2E819D838,id=532cf6f0-e5e2-4660-bc4e-829bdeb1f6bb
2019-06-14 05:06:59,277 INFO  node.SCMNodeManager (SCMNodeManager.java:register(234)) - Registered Data node : a3f8bf27-021f-4250-8f40-e4d714061ed4{ip: 192.168.46.6, host: ozone-9f9b8-993936649, networkLocation: /default-rack, certSerialId: null}
2019-06-14 05:06:59,307 INFO  pipeline.PipelineStateManager (PipelineStateManager.java:addPipeline(56)) - Created pipeline Pipeline[ Id: f6dc01ea-d4e8-4d89-94a9-ebd2e819d838, Nodes: 532cf6f0-e5e2-4660-bc4e-829bdeb1f6bb{ip: 192.168.46.6, host: ozone-9f9b8-993936649, networkLocation: /default-rack, certSerialId: null}, Type:RATIS, Factor:ONE, State:OPEN]
2019-06-14 05:06:59,326 INFO  impl.RaftServerProxy (RaftServerProxy.java:addNew(89)) - a3f8bf27-021f-4250-8f40-e4d714061ed4: addNew group-C701C0E51811:[a3f8bf27-021f-4250-8f40-e4d714061ed4:192.168.46.6:37077] returns group-C701C0E51811:java.util.concurrent.CompletableFuture@6fcd5718[Not completed]
2019-06-14 05:06:59,327 INFO  impl.RaftServerImpl (RaftServerImpl.java:<init>(91)) - a3f8bf27-021f-4250-8f40-e4d714061ed4: new RaftServerImpl for group-C701C0E51811:[a3f8bf27-021f-4250-8f40-e4d714061ed4:192.168.46.6:37077] with ContainerStateMachine:uninitialized
2019-06-14 05:06:59,328 INFO  server.RaftServerConfigKeys (ConfUtils.java:logGet(43)) - raft.server.rpc.timeout.min = 1s (custom)
2019-06-14 05:06:59,328 INFO  server.RaftServerConfigKeys (ConfUtils.java:logGet(43)) - raft.server.rpc.timeout.max = 1200ms (custom)
2019-06-14 05:06:59,328 INFO  server.RaftServerConfigKeys (ConfUtils.java:logGet(43)) - raft.server.rpcslowness.timeout = 10s (custom)
2019-06-14 05:06:59,328 INFO  server.RaftServerConfigKeys (ConfUtils.java:logGet(43)) - raft.server.log.appender.install.snapshot.enabled = true (default)
2019-06-14 05:06:59,328 INFO  impl.RaftServerImpl (ServerState.java:<init>(101)) - a3f8bf27-021f-4250-8f40-e4d714061ed4:group-C701C0E51811 ConfigurationManager, init=-1: [a3f8bf27-021f-4250-8f40-e4d714061ed4:192.168.46.6:37077], old=null, confs=<EMPTY_MAP>
2019-06-14 05:06:59,329 INFO  server.RaftServerConfigKeys (ConfUtils.java:logGet(43)) - raft.server.storage.dir = [/opt/src/hadoop-ozone/integration-test/target/test-dir/MiniOzoneClusterImpl-643d7c15-9dbf-483e-b833-385308e7c027/datanode-3/data/ratis] (custom)
2019-06-14 05:06:59,329 INFO  storage.RaftStorageDirectory (RaftStorageDirectory.java:analyzeStorage(246)) - The storage directory /opt/src/hadoop-ozone/integration-test/target/test-dir/MiniOzoneClusterImpl-643d7c15-9dbf-483e-b833-385308e7c027/datanode-3/data/ratis/ea664956-beae-440e-9d0e-c701c0e51811 does not exist. Creating ...
2019-06-14 05:06:59,331 INFO  storage.RaftStorageDirectory (RaftStorageDirectory.java:tryLock(328)) - Lock on /opt/src/hadoop-ozone/integration-test/target/test-dir/MiniOzoneClusterImpl-643d7c15-9dbf-483e-b833-385308e7c027/datanode-3/data/ratis/ea664956-beae-440e-9d0e-c701c0e51811/in_use.lock acquired by nodename 9878@ozone-9f9b8-993936649
2019-06-14 05:06:59,333 INFO  storage.RaftStorage (RaftStorage.java:format(75)) - Storage directory /opt/src/hadoop-ozone/integration-test/target/test-dir/MiniOzoneClusterImpl-643d7c15-9dbf-483e-b833-385308e7c027/datanode-3/data/ratis/ea664956-beae-440e-9d0e-c701c0e51811 has been successfully formatted.
2019-06-14 05:06:59,333 INFO  ratis.ContainerStateMachine (ContainerStateMachine.java:loadSnapshot(199)) - The snapshot info is null.Setting the last applied index to:(t:0, i:~)
2019-06-14 05:06:59,334 INFO  server.RaftServerConfigKeys (ConfUtils.java:logGet(43)) - raft.server.leader.election.timeout = 10s (custom)
2019-06-14 05:06:59,334 INFO  server.RaftServerConfigKeys (ConfUtils.java:logGet(43)) - raft.server.log.use.memory = false (default)
2019-06-14 05:06:59,334 INFO  server.RaftServerConfigKeys (ConfUtils.java:logGet(43)) - raft.server.log.appender.buffer.byte-limit = 33554432 (custom)
2019-06-14 05:06:59,334 INFO  server.RaftServerConfigKeys (ConfUtils.java:logGet(43)) - raft.server.log.segment.size.max = 16384 (custom)
2019-06-14 05:06:59,334 INFO  server.RaftServerConfigKeys (ConfUtils.java:logGet(43)) - raft.server.log.segment.cache.num.max = 2 (custom)
2019-06-14 05:06:59,334 INFO  storage.RaftLogWorker (RaftLogWorker.java:<init>(123)) - new a3f8bf27-021f-4250-8f40-e4d714061ed4-RaftLogWorker for Storage Directory /opt/src/hadoop-ozone/integration-test/target/test-dir/MiniOzoneClusterImpl-643d7c15-9dbf-483e-b833-385308e7c027/datanode-3/data/ratis/ea664956-beae-440e-9d0e-c701c0e51811
2019-06-14 05:06:59,335 INFO  server.RaftServerConfigKeys (ConfUtils.java:logGet(43)) - raft.server.log.queue.byte-limit = 2147483647 (custom)
2019-06-14 05:06:59,335 INFO  server.RaftServerConfigKeys (ConfUtils.java:logGet(43)) - raft.server.log.queue.element-limit = 1024 (custom)
2019-06-14 05:06:59,335 INFO  server.RaftServerConfigKeys (ConfUtils.java:logGet(43)) - raft.server.log.segment.size.max = 16384 (custom)
2019-06-14 05:06:59,335 INFO  server.RaftServerConfigKeys (ConfUtils.java:logGet(43)) - raft.server.log.preallocated.size = 16384 (custom)
2019-06-14 05:06:59,335 INFO  server.RaftServerConfigKeys (ConfUtils.java:logGet(43)) - raft.server.log.write.buffer.size = 33554432 (custom)
2019-06-14 05:06:59,335 INFO  server.RaftServerConfigKeys (ConfUtils.java:logGet(43)) - raft.server.log.force.sync.num = 128 (default)
2019-06-14 05:06:59,336 INFO  server.RaftServerConfigKeys (ConfUtils.java:logGet(43)) - raft.server.log.statemachine.data.sync = true (default)
2019-06-14 05:06:59,336 INFO  server.RaftServerConfigKeys (ConfUtils.java:logGet(43)) - raft.server.log.statemachine.data.sync.timeout = 10s (default)
2019-06-14 05:06:59,336 INFO  server.RaftServerConfigKeys (ConfUtils.java:logGet(43)) - raft.server.log.statemachine.data.sync.timeout.retry = -1 (default)
2019-06-14 05:06:59,336 INFO  server.RaftServerConfigKeys (ConfUtils.java:logGet(43)) - raft.server.log.statemachine.data.caching.enabled = true (custom)
2019-06-14 05:06:59,336 INFO  server.RaftServerConfigKeys (ConfUtils.java:logGet(43)) - raft.server.snapshot.auto.trigger.enabled = true (custom)
2019-06-14 05:06:59,337 INFO  server.RaftServerConfigKeys (ConfUtils.java:logGet(43)) - raft.server.snapshot.auto.trigger.threshold = 10000 (custom)
2019-06-14 05:06:59,337 INFO  server.RaftServerConfigKeys (ConfUtils.java:logGet(43)) - raft.server.retrycache.expirytime = 600000ms (custom)
2019-06-14 05:06:59,337 INFO  impl.RaftServerImpl (RaftServerImpl.java:start(173)) - a3f8bf27-021f-4250-8f40-e4d714061ed4: start group-C701C0E51811
2019-06-14 05:06:59,337 INFO  impl.RaftServerImpl (RaftServerImpl.java:setRole(164)) - a3f8bf27-021f-4250-8f40-e4d714061ed4:group-C701C0E51811 changes role from null to FOLLOWER at term 0 for startAsFollower
2019-06-14 05:06:59,337 INFO  impl.RoleInfo (RoleInfo.java:updateAndGet(143)) - a3f8bf27-021f-4250-8f40-e4d714061ed4: start FollowerState
2019-06-14 05:06:59,338 INFO  util.JmxRegister (JmxRegister.java:tryRegister(44)) - Successfully registered JMX Bean with object name Ratis:service=RaftServer,group=group-C701C0E51811,id=a3f8bf27-021f-4250-8f40-e4d714061ed4
2019-06-14 05:06:59,346 INFO  pipeline.PipelineStateManager (PipelineStateManager.java:addPipeline(56)) - Created pipeline Pipeline[ Id: ea664956-beae-440e-9d0e-c701c0e51811, Nodes: a3f8bf27-021f-4250-8f40-e4d714061ed4{ip: 192.168.46.6, host: ozone-9f9b8-993936649, networkLocation: /default-rack, certSerialId: null}, Type:RATIS, Factor:ONE, State:OPEN]
2019-06-14 05:06:59,359 INFO  impl.RaftServerProxy (RaftServerProxy.java:addNew(89)) - 32426236-ab1c-4eba-9437-53ee72db6f46: addNew group-C10A806952DC:[32426236-ab1c-4eba-9437-53ee72db6f46:192.168.46.6:45533] returns group-C10A806952DC:java.util.concurrent.CompletableFuture@2b49327f[Not completed]
2019-06-14 05:06:59,391 INFO  impl.RaftServerImpl (RaftServerImpl.java:<init>(91)) - 32426236-ab1c-4eba-9437-53ee72db6f46: new RaftServerImpl for group-C10A806952DC:[32426236-ab1c-4eba-9437-53ee72db6f46:192.168.46.6:45533] with ContainerStateMachine:uninitialized
2019-06-14 05:06:59,391 INFO  server.RaftServerConfigKeys (ConfUtils.java:logGet(43)) - raft.server.rpc.timeout.min = 1s (custom)
2019-06-14 05:06:59,391 INFO  server.RaftServerConfigKeys (ConfUtils.java:logGet(43)) - raft.server.rpc.timeout.max = 1200ms (custom)
2019-06-14 05:06:59,391 INFO  server.RaftServerConfigKeys (ConfUtils.java:logGet(43)) - raft.server.rpcslowness.timeout = 10s (custom)
2019-06-14 05:06:59,391 INFO  server.RaftServerConfigKeys (ConfUtils.java:logGet(43)) - raft.server.log.appender.install.snapshot.enabled = true (default)
2019-06-14 05:06:59,391 INFO  impl.RaftServerImpl (ServerState.java:<init>(101)) - 32426236-ab1c-4eba-9437-53ee72db6f46:group-C10A806952DC ConfigurationManager, init=-1: [32426236-ab1c-4eba-9437-53ee72db6f46:192.168.46.6:45533], old=null, confs=<EMPTY_MAP>
2019-06-14 05:06:59,391 INFO  server.RaftServerConfigKeys (ConfUtils.java:logGet(43)) - raft.server.storage.dir = [/opt/src/hadoop-ozone/integration-test/target/test-dir/MiniOzoneClusterImpl-643d7c15-9dbf-483e-b833-385308e7c027/datanode-1/data/ratis] (custom)
2019-06-14 05:06:59,391 INFO  storage.RaftStorageDirectory (RaftStorageDirectory.java:analyzeStorage(246)) - The storage directory /opt/src/hadoop-ozone/integration-test/target/test-dir/MiniOzoneClusterImpl-643d7c15-9dbf-483e-b833-385308e7c027/datanode-1/data/ratis/eeaceec1-7bb7-4437-99ca-c10a806952dc does not exist. Creating ...
2019-06-14 05:06:59,394 INFO  storage.RaftStorageDirectory (RaftStorageDirectory.java:tryLock(328)) - Lock on /opt/src/hadoop-ozone/integration-test/target/test-dir/MiniOzoneClusterImpl-643d7c15-9dbf-483e-b833-385308e7c027/datanode-1/data/ratis/eeaceec1-7bb7-4437-99ca-c10a806952dc/in_use.lock acquired by nodename 9878@ozone-9f9b8-993936649
2019-06-14 05:06:59,396 INFO  storage.RaftStorage (RaftStorage.java:format(75)) - Storage directory /opt/src/hadoop-ozone/integration-test/target/test-dir/MiniOzoneClusterImpl-643d7c15-9dbf-483e-b833-385308e7c027/datanode-1/data/ratis/eeaceec1-7bb7-4437-99ca-c10a806952dc has been successfully formatted.
2019-06-14 05:06:59,397 INFO  ratis.ContainerStateMachine (ContainerStateMachine.java:loadSnapshot(199)) - The snapshot info is null.Setting the last applied index to:(t:0, i:~)
2019-06-14 05:06:59,398 INFO  server.RaftServerConfigKeys (ConfUtils.java:logGet(43)) - raft.server.leader.election.timeout = 10s (custom)
2019-06-14 05:06:59,398 INFO  server.RaftServerConfigKeys (ConfUtils.java:logGet(43)) - raft.server.log.use.memory = false (default)
2019-06-14 05:06:59,398 INFO  server.RaftServerConfigKeys (ConfUtils.java:logGet(43)) - raft.server.log.appender.buffer.byte-limit = 33554432 (custom)
2019-06-14 05:06:59,398 INFO  server.RaftServerConfigKeys (ConfUtils.java:logGet(43)) - raft.server.log.segment.size.max = 16384 (custom)
2019-06-14 05:06:59,399 INFO  server.RaftServerConfigKeys (ConfUtils.java:logGet(43)) - raft.server.log.segment.cache.num.max = 2 (custom)
2019-06-14 05:06:59,399 INFO  storage.RaftLogWorker (RaftLogWorker.java:<init>(123)) - new 32426236-ab1c-4eba-9437-53ee72db6f46-RaftLogWorker for Storage Directory /opt/src/hadoop-ozone/integration-test/target/test-dir/MiniOzoneClusterImpl-643d7c15-9dbf-483e-b833-385308e7c027/datanode-1/data/ratis/eeaceec1-7bb7-4437-99ca-c10a806952dc
2019-06-14 05:06:59,399 INFO  server.RaftServerConfigKeys (ConfUtils.java:logGet(43)) - raft.server.log.queue.byte-limit = 2147483647 (custom)
2019-06-14 05:06:59,399 INFO  server.RaftServerConfigKeys (ConfUtils.java:logGet(43)) - raft.server.log.queue.element-limit = 1024 (custom)
2019-06-14 05:06:59,399 INFO  server.RaftServerConfigKeys (ConfUtils.java:logGet(43)) - raft.server.log.segment.size.max = 16384 (custom)
2019-06-14 05:06:59,399 INFO  server.RaftServerConfigKeys (ConfUtils.java:logGet(43)) - raft.server.log.preallocated.size = 16384 (custom)
2019-06-14 05:06:59,399 INFO  server.RaftServerConfigKeys (ConfUtils.java:logGet(43)) - raft.server.log.write.buffer.size = 33554432 (custom)
2019-06-14 05:06:59,399 INFO  server.RaftServerConfigKeys (ConfUtils.java:logGet(43)) - raft.server.log.force.sync.num = 128 (default)
2019-06-14 05:06:59,399 INFO  server.RaftServerConfigKeys (ConfUtils.java:logGet(43)) - raft.server.log.statemachine.data.sync = true (default)
2019-06-14 05:06:59,399 INFO  server.RaftServerConfigKeys (ConfUtils.java:logGet(43)) - raft.server.log.statemachine.data.sync.timeout = 10s (default)
2019-06-14 05:06:59,399 INFO  server.RaftServerConfigKeys (ConfUtils.java:logGet(43)) - raft.server.log.statemachine.data.sync.timeout.retry = -1 (default)
2019-06-14 05:06:59,400 INFO  server.RaftServerConfigKeys (ConfUtils.java:logGet(43)) - raft.server.log.statemachine.data.caching.enabled = true (custom)
2019-06-14 05:06:59,400 INFO  server.RaftServerConfigKeys (ConfUtils.java:logGet(43)) - raft.server.snapshot.auto.trigger.enabled = true (custom)
2019-06-14 05:06:59,400 INFO  server.RaftServerConfigKeys (ConfUtils.java:logGet(43)) - raft.server.snapshot.auto.trigger.threshold = 10000 (custom)
2019-06-14 05:06:59,400 INFO  server.RaftServerConfigKeys (ConfUtils.java:logGet(43)) - raft.server.retrycache.expirytime = 600000ms (custom)
2019-06-14 05:06:59,400 INFO  impl.RaftServerImpl (RaftServerImpl.java:start(173)) - 32426236-ab1c-4eba-9437-53ee72db6f46: start group-C10A806952DC
2019-06-14 05:06:59,400 INFO  impl.RaftServerImpl (RaftServerImpl.java:setRole(164)) - 32426236-ab1c-4eba-9437-53ee72db6f46:group-C10A806952DC changes role from null to FOLLOWER at term 0 for startAsFollower
2019-06-14 05:06:59,400 INFO  impl.RoleInfo (RoleInfo.java:updateAndGet(143)) - 32426236-ab1c-4eba-9437-53ee72db6f46: start FollowerState
2019-06-14 05:06:59,401 INFO  util.JmxRegister (JmxRegister.java:tryRegister(44)) - Successfully registered JMX Bean with object name Ratis:service=RaftServer,group=group-C10A806952DC,id=32426236-ab1c-4eba-9437-53ee72db6f46
2019-06-14 05:06:59,408 INFO  pipeline.PipelineStateManager (PipelineStateManager.java:addPipeline(56)) - Created pipeline Pipeline[ Id: eeaceec1-7bb7-4437-99ca-c10a806952dc, Nodes: 32426236-ab1c-4eba-9437-53ee72db6f46{ip: 192.168.46.6, host: ozone-9f9b8-993936649, networkLocation: /default-rack, certSerialId: null}, Type:RATIS, Factor:ONE, State:OPEN]
2019-06-14 05:06:59,426 INFO  impl.RaftServerProxy (RaftServerProxy.java:addNew(89)) - 316d61b1-efd9-4d2e-bbfd-0970b9850c18: addNew group-C425DE8D1565:[316d61b1-efd9-4d2e-bbfd-0970b9850c18:192.168.46.6:36657] returns group-C425DE8D1565:java.util.concurrent.CompletableFuture@38b1c56e[Not completed]
2019-06-14 05:06:59,435 INFO  impl.RaftServerImpl (RaftServerImpl.java:<init>(91)) - 316d61b1-efd9-4d2e-bbfd-0970b9850c18: new RaftServerImpl for group-C425DE8D1565:[316d61b1-efd9-4d2e-bbfd-0970b9850c18:192.168.46.6:36657] with ContainerStateMachine:uninitialized
2019-06-14 05:06:59,435 INFO  server.RaftServerConfigKeys (ConfUtils.java:logGet(43)) - raft.server.rpc.timeout.min = 1s (custom)
2019-06-14 05:06:59,435 INFO  server.RaftServerConfigKeys (ConfUtils.java:logGet(43)) - raft.server.rpc.timeout.max = 1200ms (custom)
2019-06-14 05:06:59,435 INFO  server.RaftServerConfigKeys (ConfUtils.java:logGet(43)) - raft.server.rpcslowness.timeout = 10s (custom)
2019-06-14 05:06:59,435 INFO  server.RaftServerConfigKeys (ConfUtils.java:logGet(43)) - raft.server.log.appender.install.snapshot.enabled = true (default)
2019-06-14 05:06:59,435 INFO  impl.RaftServerImpl (ServerState.java:<init>(101)) - 316d61b1-efd9-4d2e-bbfd-0970b9850c18:group-C425DE8D1565 ConfigurationManager, init=-1: [316d61b1-efd9-4d2e-bbfd-0970b9850c18:192.168.46.6:36657], old=null, confs=<EMPTY_MAP>
2019-06-14 05:06:59,435 INFO  server.RaftServerConfigKeys (ConfUtils.java:logGet(43)) - raft.server.storage.dir = [/opt/src/hadoop-ozone/integration-test/target/test-dir/MiniOzoneClusterImpl-643d7c15-9dbf-483e-b833-385308e7c027/datanode-2/data/ratis] (custom)
2019-06-14 05:06:59,435 INFO  storage.RaftStorageDirectory (RaftStorageDirectory.java:analyzeStorage(246)) - The storage directory /opt/src/hadoop-ozone/integration-test/target/test-dir/MiniOzoneClusterImpl-643d7c15-9dbf-483e-b833-385308e7c027/datanode-2/data/ratis/7c888584-9893-41df-8c8a-c425de8d1565 does not exist. Creating ...
2019-06-14 05:06:59,437 INFO  storage.RaftStorageDirectory (RaftStorageDirectory.java:tryLock(328)) - Lock on /opt/src/hadoop-ozone/integration-test/target/test-dir/MiniOzoneClusterImpl-643d7c15-9dbf-483e-b833-385308e7c027/datanode-2/data/ratis/7c888584-9893-41df-8c8a-c425de8d1565/in_use.lock acquired by nodename 9878@ozone-9f9b8-993936649
2019-06-14 05:06:59,439 INFO  storage.RaftStorage (RaftStorage.java:format(75)) - Storage directory /opt/src/hadoop-ozone/integration-test/target/test-dir/MiniOzoneClusterImpl-643d7c15-9dbf-483e-b833-385308e7c027/datanode-2/data/ratis/7c888584-9893-41df-8c8a-c425de8d1565 has been successfully formatted.
2019-06-14 05:06:59,439 INFO  ratis.ContainerStateMachine (ContainerStateMachine.java:loadSnapshot(199)) - The snapshot info is null.Setting the last applied index to:(t:0, i:~)
2019-06-14 05:06:59,439 INFO  server.RaftServerConfigKeys (ConfUtils.java:logGet(43)) - raft.server.leader.election.timeout = 10s (custom)
2019-06-14 05:06:59,439 INFO  server.RaftServerConfigKeys (ConfUtils.java:logGet(43)) - raft.server.log.use.memory = false (default)
2019-06-14 05:06:59,440 INFO  server.RaftServerConfigKeys (ConfUtils.java:logGet(43)) - raft.server.log.appender.buffer.byte-limit = 33554432 (custom)
2019-06-14 05:06:59,440 INFO  server.RaftServerConfigKeys (ConfUtils.java:logGet(43)) - raft.server.log.segment.size.max = 16384 (custom)
2019-06-14 05:06:59,440 INFO  server.RaftServerConfigKeys (ConfUtils.java:logGet(43)) - raft.server.log.segment.cache.num.max = 2 (custom)
2019-06-14 05:06:59,440 INFO  storage.RaftLogWorker (RaftLogWorker.java:<init>(123)) - new 316d61b1-efd9-4d2e-bbfd-0970b9850c18-RaftLogWorker for Storage Directory /opt/src/hadoop-ozone/integration-test/target/test-dir/MiniOzoneClusterImpl-643d7c15-9dbf-483e-b833-385308e7c027/datanode-2/data/ratis/7c888584-9893-41df-8c8a-c425de8d1565
2019-06-14 05:06:59,440 INFO  server.RaftServerConfigKeys (ConfUtils.java:logGet(43)) - raft.server.log.queue.byte-limit = 2147483647 (custom)
2019-06-14 05:06:59,440 INFO  server.RaftServerConfigKeys (ConfUtils.java:logGet(43)) - raft.server.log.queue.element-limit = 1024 (custom)
2019-06-14 05:06:59,440 INFO  server.RaftServerConfigKeys (ConfUtils.java:logGet(43)) - raft.server.log.segment.size.max = 16384 (custom)
2019-06-14 05:06:59,440 INFO  server.RaftServerConfigKeys (ConfUtils.java:logGet(43)) - raft.server.log.preallocated.size = 16384 (custom)
2019-06-14 05:06:59,440 INFO  server.RaftServerConfigKeys (ConfUtils.java:logGet(43)) - raft.server.log.write.buffer.size = 33554432 (custom)
2019-06-14 05:06:59,440 INFO  server.RaftServerConfigKeys (ConfUtils.java:logGet(43)) - raft.server.log.force.sync.num = 128 (default)
2019-06-14 05:06:59,440 INFO  server.RaftServerConfigKeys (ConfUtils.java:logGet(43)) - raft.server.log.statemachine.data.sync = true (default)
2019-06-14 05:06:59,440 INFO  server.RaftServerConfigKeys (ConfUtils.java:logGet(43)) - raft.server.log.statemachine.data.sync.timeout = 10s (default)
2019-06-14 05:06:59,440 INFO  server.RaftServerConfigKeys (ConfUtils.java:logGet(43)) - raft.server.log.statemachine.data.sync.timeout.retry = -1 (default)
2019-06-14 05:06:59,441 INFO  server.RaftServerConfigKeys (ConfUtils.java:logGet(43)) - raft.server.log.statemachine.data.caching.enabled = true (custom)
2019-06-14 05:06:59,441 INFO  server.RaftServerConfigKeys (ConfUtils.java:logGet(43)) - raft.server.snapshot.auto.trigger.enabled = true (custom)
2019-06-14 05:06:59,441 INFO  server.RaftServerConfigKeys (ConfUtils.java:logGet(43)) - raft.server.snapshot.auto.trigger.threshold = 10000 (custom)
2019-06-14 05:06:59,441 INFO  server.RaftServerConfigKeys (ConfUtils.java:logGet(43)) - raft.server.retrycache.expirytime = 600000ms (custom)
2019-06-14 05:06:59,441 INFO  impl.RaftServerImpl (RaftServerImpl.java:start(173)) - 316d61b1-efd9-4d2e-bbfd-0970b9850c18: start group-C425DE8D1565
2019-06-14 05:06:59,441 INFO  impl.RaftServerImpl (RaftServerImpl.java:setRole(164)) - 316d61b1-efd9-4d2e-bbfd-0970b9850c18:group-C425DE8D1565 changes role from null to FOLLOWER at term 0 for startAsFollower
2019-06-14 05:06:59,441 INFO  impl.RoleInfo (RoleInfo.java:updateAndGet(143)) - 316d61b1-efd9-4d2e-bbfd-0970b9850c18: start FollowerState
2019-06-14 05:06:59,442 INFO  util.JmxRegister (JmxRegister.java:tryRegister(44)) - Successfully registered JMX Bean with object name Ratis:service=RaftServer,group=group-C425DE8D1565,id=316d61b1-efd9-4d2e-bbfd-0970b9850c18
2019-06-14 05:06:59,450 INFO  pipeline.PipelineStateManager (PipelineStateManager.java:addPipeline(56)) - Created pipeline Pipeline[ Id: 7c888584-9893-41df-8c8a-c425de8d1565, Nodes: 316d61b1-efd9-4d2e-bbfd-0970b9850c18{ip: 192.168.46.6, host: ozone-9f9b8-993936649, networkLocation: /default-rack, certSerialId: null}, Type:RATIS, Factor:ONE, State:OPEN]
2019-06-14 05:06:59,474 INFO  node.SCMNodeManager (SCMNodeManager.java:register(234)) - Registered Data node : 7e519f35-6d11-48a7-b735-68ab06f49b41{ip: 192.168.46.6, host: ozone-9f9b8-993936649, networkLocation: /default-rack, certSerialId: null}
2019-06-14 05:06:59,483 INFO  impl.RaftServerProxy (RaftServerProxy.java:addNew(89)) - 532cf6f0-e5e2-4660-bc4e-829bdeb1f6bb: addNew group-2881430DBD46:[532cf6f0-e5e2-4660-bc4e-829bdeb1f6bb:192.168.46.6:39903, 32426236-ab1c-4eba-9437-53ee72db6f46:192.168.46.6:45533, a3f8bf27-021f-4250-8f40-e4d714061ed4:192.168.46.6:37077] returns group-2881430DBD46:java.util.concurrent.CompletableFuture@274f2e10[Not completed]
2019-06-14 05:06:59,483 INFO  impl.RaftServerImpl (RaftServerImpl.java:<init>(91)) - 532cf6f0-e5e2-4660-bc4e-829bdeb1f6bb: new RaftServerImpl for group-2881430DBD46:[532cf6f0-e5e2-4660-bc4e-829bdeb1f6bb:192.168.46.6:39903, 32426236-ab1c-4eba-9437-53ee72db6f46:192.168.46.6:45533, a3f8bf27-021f-4250-8f40-e4d714061ed4:192.168.46.6:37077] with ContainerStateMachine:uninitialized
2019-06-14 05:06:59,484 INFO  server.RaftServerConfigKeys (ConfUtils.java:logGet(43)) - raft.server.rpc.timeout.min = 1s (custom)
2019-06-14 05:06:59,484 INFO  server.RaftServerConfigKeys (ConfUtils.java:logGet(43)) - raft.server.rpc.timeout.max = 1200ms (custom)
2019-06-14 05:06:59,484 INFO  server.RaftServerConfigKeys (ConfUtils.java:logGet(43)) - raft.server.rpcslowness.timeout = 10s (custom)
2019-06-14 05:06:59,484 INFO  server.RaftServerConfigKeys (ConfUtils.java:logGet(43)) - raft.server.log.appender.install.snapshot.enabled = true (default)
2019-06-14 05:06:59,484 INFO  impl.RaftServerImpl (ServerState.java:<init>(101)) - 532cf6f0-e5e2-4660-bc4e-829bdeb1f6bb:group-2881430DBD46 ConfigurationManager, init=-1: [532cf6f0-e5e2-4660-bc4e-829bdeb1f6bb:192.168.46.6:39903, 32426236-ab1c-4eba-9437-53ee72db6f46:192.168.46.6:45533, a3f8bf27-021f-4250-8f40-e4d714061ed4:192.168.46.6:37077], old=null, confs=<EMPTY_MAP>
2019-06-14 05:06:59,484 INFO  server.RaftServerConfigKeys (ConfUtils.java:logGet(43)) - raft.server.storage.dir = [/opt/src/hadoop-ozone/integration-test/target/test-dir/MiniOzoneClusterImpl-643d7c15-9dbf-483e-b833-385308e7c027/datanode-0/data/ratis] (custom)
2019-06-14 05:06:59,484 INFO  storage.RaftStorageDirectory (RaftStorageDirectory.java:analyzeStorage(246)) - The storage directory /opt/src/hadoop-ozone/integration-test/target/test-dir/MiniOzoneClusterImpl-643d7c15-9dbf-483e-b833-385308e7c027/datanode-0/data/ratis/2ec811a9-6d87-41ee-bcd4-2881430dbd46 does not exist. Creating ...
2019-06-14 05:06:59,487 INFO  impl.RaftServerProxy (RaftServerProxy.java:addNew(89)) - a3f8bf27-021f-4250-8f40-e4d714061ed4: addNew group-2881430DBD46:[532cf6f0-e5e2-4660-bc4e-829bdeb1f6bb:192.168.46.6:39903, 32426236-ab1c-4eba-9437-53ee72db6f46:192.168.46.6:45533, a3f8bf27-021f-4250-8f40-e4d714061ed4:192.168.46.6:37077] returns group-2881430DBD46:java.util.concurrent.CompletableFuture@704363fd[Not completed]
2019-06-14 05:06:59,487 INFO  impl.RaftServerProxy (RaftServerProxy.java:addNew(89)) - 32426236-ab1c-4eba-9437-53ee72db6f46: addNew group-2881430DBD46:[532cf6f0-e5e2-4660-bc4e-829bdeb1f6bb:192.168.46.6:39903, 32426236-ab1c-4eba-9437-53ee72db6f46:192.168.46.6:45533, a3f8bf27-021f-4250-8f40-e4d714061ed4:192.168.46.6:37077] returns group-2881430DBD46:java.util.concurrent.CompletableFuture@2370ae21[Not completed]
2019-06-14 05:06:59,487 INFO  storage.RaftStorageDirectory (RaftStorageDirectory.java:tryLock(328)) - Lock on /opt/src/hadoop-ozone/integration-test/target/test-dir/MiniOzoneClusterImpl-643d7c15-9dbf-483e-b833-385308e7c027/datanode-0/data/ratis/2ec811a9-6d87-41ee-bcd4-2881430dbd46/in_use.lock acquired by nodename 9878@ozone-9f9b8-993936649
2019-06-14 05:06:59,487 INFO  impl.RaftServerImpl (RaftServerImpl.java:<init>(91)) - a3f8bf27-021f-4250-8f40-e4d714061ed4: new RaftServerImpl for group-2881430DBD46:[532cf6f0-e5e2-4660-bc4e-829bdeb1f6bb:192.168.46.6:39903, 32426236-ab1c-4eba-9437-53ee72db6f46:192.168.46.6:45533, a3f8bf27-021f-4250-8f40-e4d714061ed4:192.168.46.6:37077] with ContainerStateMachine:uninitialized
2019-06-14 05:06:59,487 INFO  server.RaftServerConfigKeys (ConfUtils.java:logGet(43)) - raft.server.rpc.timeout.min = 1s (custom)
2019-06-14 05:06:59,487 INFO  server.RaftServerConfigKeys (ConfUtils.java:logGet(43)) - raft.server.rpc.timeout.max = 1200ms (custom)
2019-06-14 05:06:59,488 INFO  server.RaftServerConfigKeys (ConfUtils.java:logGet(43)) - raft.server.rpcslowness.timeout = 10s (custom)
2019-06-14 05:06:59,488 INFO  impl.RaftServerImpl (RaftServerImpl.java:<init>(91)) - 32426236-ab1c-4eba-9437-53ee72db6f46: new RaftServerImpl for group-2881430DBD46:[532cf6f0-e5e2-4660-bc4e-829bdeb1f6bb:192.168.46.6:39903, 32426236-ab1c-4eba-9437-53ee72db6f46:192.168.46.6:45533, a3f8bf27-021f-4250-8f40-e4d714061ed4:192.168.46.6:37077] with ContainerStateMachine:uninitialized
2019-06-14 05:06:59,488 INFO  server.RaftServerConfigKeys (ConfUtils.java:logGet(43)) - raft.server.log.appender.install.snapshot.enabled = true (default)
2019-06-14 05:06:59,488 INFO  impl.RaftServerImpl (ServerState.java:<init>(101)) - a3f8bf27-021f-4250-8f40-e4d714061ed4:group-2881430DBD46 ConfigurationManager, init=-1: [532cf6f0-e5e2-4660-bc4e-829bdeb1f6bb:192.168.46.6:39903, 32426236-ab1c-4eba-9437-53ee72db6f46:192.168.46.6:45533, a3f8bf27-021f-4250-8f40-e4d714061ed4:192.168.46.6:37077], old=null, confs=<EMPTY_MAP>
2019-06-14 05:06:59,488 INFO  server.RaftServerConfigKeys (ConfUtils.java:logGet(43)) - raft.server.storage.dir = [/opt/src/hadoop-ozone/integration-test/target/test-dir/MiniOzoneClusterImpl-643d7c15-9dbf-483e-b833-385308e7c027/datanode-3/data/ratis] (custom)
2019-06-14 05:06:59,488 INFO  storage.RaftStorageDirectory (RaftStorageDirectory.java:analyzeStorage(246)) - The storage directory /opt/src/hadoop-ozone/integration-test/target/test-dir/MiniOzoneClusterImpl-643d7c15-9dbf-483e-b833-385308e7c027/datanode-3/data/ratis/2ec811a9-6d87-41ee-bcd4-2881430dbd46 does not exist. Creating ...
2019-06-14 05:06:59,488 INFO  server.RaftServerConfigKeys (ConfUtils.java:logGet(43)) - raft.server.rpc.timeout.min = 1s (custom)
2019-06-14 05:06:59,489 INFO  server.RaftServerConfigKeys (ConfUtils.java:logGet(43)) - raft.server.rpc.timeout.max = 1200ms (custom)
2019-06-14 05:06:59,489 INFO  server.RaftServerConfigKeys (ConfUtils.java:logGet(43)) - raft.server.rpcslowness.timeout = 10s (custom)
2019-06-14 05:06:59,489 INFO  server.RaftServerConfigKeys (ConfUtils.java:logGet(43)) - raft.server.log.appender.install.snapshot.enabled = true (default)
2019-06-14 05:06:59,489 INFO  impl.RaftServerImpl (ServerState.java:<init>(101)) - 32426236-ab1c-4eba-9437-53ee72db6f46:group-2881430DBD46 ConfigurationManager, init=-1: [532cf6f0-e5e2-4660-bc4e-829bdeb1f6bb:192.168.46.6:39903, 32426236-ab1c-4eba-9437-53ee72db6f46:192.168.46.6:45533, a3f8bf27-021f-4250-8f40-e4d714061ed4:192.168.46.6:37077], old=null, confs=<EMPTY_MAP>
2019-06-14 05:06:59,489 INFO  server.RaftServerConfigKeys (ConfUtils.java:logGet(43)) - raft.server.storage.dir = [/opt/src/hadoop-ozone/integration-test/target/test-dir/MiniOzoneClusterImpl-643d7c15-9dbf-483e-b833-385308e7c027/datanode-1/data/ratis] (custom)
2019-06-14 05:06:59,489 INFO  storage.RaftStorageDirectory (RaftStorageDirectory.java:analyzeStorage(246)) - The storage directory /opt/src/hadoop-ozone/integration-test/target/test-dir/MiniOzoneClusterImpl-643d7c15-9dbf-483e-b833-385308e7c027/datanode-1/data/ratis/2ec811a9-6d87-41ee-bcd4-2881430dbd46 does not exist. Creating ...
2019-06-14 05:06:59,491 INFO  storage.RaftStorageDirectory (RaftStorageDirectory.java:tryLock(328)) - Lock on /opt/src/hadoop-ozone/integration-test/target/test-dir/MiniOzoneClusterImpl-643d7c15-9dbf-483e-b833-385308e7c027/datanode-1/data/ratis/2ec811a9-6d87-41ee-bcd4-2881430dbd46/in_use.lock acquired by nodename 9878@ozone-9f9b8-993936649
2019-06-14 05:06:59,491 INFO  storage.RaftStorageDirectory (RaftStorageDirectory.java:tryLock(328)) - Lock on /opt/src/hadoop-ozone/integration-test/target/test-dir/MiniOzoneClusterImpl-643d7c15-9dbf-483e-b833-385308e7c027/datanode-3/data/ratis/2ec811a9-6d87-41ee-bcd4-2881430dbd46/in_use.lock acquired by nodename 9878@ozone-9f9b8-993936649
2019-06-14 05:06:59,493 INFO  storage.RaftStorage (RaftStorage.java:format(75)) - Storage directory /opt/src/hadoop-ozone/integration-test/target/test-dir/MiniOzoneClusterImpl-643d7c15-9dbf-483e-b833-385308e7c027/datanode-0/data/ratis/2ec811a9-6d87-41ee-bcd4-2881430dbd46 has been successfully formatted.
2019-06-14 05:06:59,493 INFO  ratis.ContainerStateMachine (ContainerStateMachine.java:loadSnapshot(199)) - The snapshot info is null.Setting the last applied index to:(t:0, i:~)
2019-06-14 05:06:59,493 INFO  server.RaftServerConfigKeys (ConfUtils.java:logGet(43)) - raft.server.leader.election.timeout = 10s (custom)
2019-06-14 05:06:59,493 INFO  server.RaftServerConfigKeys (ConfUtils.java:logGet(43)) - raft.server.log.use.memory = false (default)
2019-06-14 05:06:59,493 INFO  server.RaftServerConfigKeys (ConfUtils.java:logGet(43)) - raft.server.log.appender.buffer.byte-limit = 33554432 (custom)
2019-06-14 05:06:59,493 INFO  storage.RaftStorage (RaftStorage.java:format(75)) - Storage directory /opt/src/hadoop-ozone/integration-test/target/test-dir/MiniOzoneClusterImpl-643d7c15-9dbf-483e-b833-385308e7c027/datanode-1/data/ratis/2ec811a9-6d87-41ee-bcd4-2881430dbd46 has been successfully formatted.
2019-06-14 05:06:59,493 INFO  server.RaftServerConfigKeys (ConfUtils.java:logGet(43)) - raft.server.log.segment.size.max = 16384 (custom)
2019-06-14 05:06:59,494 INFO  server.RaftServerConfigKeys (ConfUtils.java:logGet(43)) - raft.server.log.segment.cache.num.max = 2 (custom)
2019-06-14 05:06:59,494 INFO  storage.RaftLogWorker (RaftLogWorker.java:<init>(123)) - new 532cf6f0-e5e2-4660-bc4e-829bdeb1f6bb-RaftLogWorker for Storage Directory /opt/src/hadoop-ozone/integration-test/target/test-dir/MiniOzoneClusterImpl-643d7c15-9dbf-483e-b833-385308e7c027/datanode-0/data/ratis/2ec811a9-6d87-41ee-bcd4-2881430dbd46
2019-06-14 05:06:59,494 INFO  server.RaftServerConfigKeys (ConfUtils.java:logGet(43)) - raft.server.log.queue.byte-limit = 2147483647 (custom)
2019-06-14 05:06:59,494 INFO  server.RaftServerConfigKeys (ConfUtils.java:logGet(43)) - raft.server.log.queue.element-limit = 1024 (custom)
2019-06-14 05:06:59,494 INFO  server.RaftServerConfigKeys (ConfUtils.java:logGet(43)) - raft.server.log.segment.size.max = 16384 (custom)
2019-06-14 05:06:59,494 INFO  server.RaftServerConfigKeys (ConfUtils.java:logGet(43)) - raft.server.log.preallocated.size = 16384 (custom)
2019-06-14 05:06:59,494 INFO  server.RaftServerConfigKeys (ConfUtils.java:logGet(43)) - raft.server.log.write.buffer.size = 33554432 (custom)
2019-06-14 05:06:59,494 INFO  server.RaftServerConfigKeys (ConfUtils.java:logGet(43)) - raft.server.log.force.sync.num = 128 (default)
2019-06-14 05:06:59,494 INFO  server.RaftServerConfigKeys (ConfUtils.java:logGet(43)) - raft.server.log.statemachine.data.sync = true (default)
2019-06-14 05:06:59,495 INFO  server.RaftServerConfigKeys (ConfUtils.java:logGet(43)) - raft.server.log.statemachine.data.sync.timeout = 10s (default)
2019-06-14 05:06:59,495 INFO  server.RaftServerConfigKeys (ConfUtils.java:logGet(43)) - raft.server.log.statemachine.data.sync.timeout.retry = -1 (default)
2019-06-14 05:06:59,495 INFO  server.RaftServerConfigKeys (ConfUtils.java:logGet(43)) - raft.server.log.statemachine.data.caching.enabled = true (custom)
2019-06-14 05:06:59,495 INFO  storage.RaftStorage (RaftStorage.java:format(75)) - Storage directory /opt/src/hadoop-ozone/integration-test/target/test-dir/MiniOzoneClusterImpl-643d7c15-9dbf-483e-b833-385308e7c027/datanode-3/data/ratis/2ec811a9-6d87-41ee-bcd4-2881430dbd46 has been successfully formatted.
2019-06-14 05:06:59,495 INFO  ratis.ContainerStateMachine (ContainerStateMachine.java:loadSnapshot(199)) - The snapshot info is null.Setting the last applied index to:(t:0, i:~)
2019-06-14 05:06:59,495 INFO  server.RaftServerConfigKeys (ConfUtils.java:logGet(43)) - raft.server.leader.election.timeout = 10s (custom)
2019-06-14 05:06:59,496 INFO  server.RaftServerConfigKeys (ConfUtils.java:logGet(43)) - raft.server.log.use.memory = false (default)
2019-06-14 05:06:59,496 INFO  server.RaftServerConfigKeys (ConfUtils.java:logGet(43)) - raft.server.log.appender.buffer.byte-limit = 33554432 (custom)
2019-06-14 05:06:59,496 INFO  server.RaftServerConfigKeys (ConfUtils.java:logGet(43)) - raft.server.log.segment.size.max = 16384 (custom)
2019-06-14 05:06:59,496 INFO  server.RaftServerConfigKeys (ConfUtils.java:logGet(43)) - raft.server.log.segment.cache.num.max = 2 (custom)
2019-06-14 05:06:59,496 INFO  storage.RaftLogWorker (RaftLogWorker.java:<init>(123)) - new a3f8bf27-021f-4250-8f40-e4d714061ed4-RaftLogWorker for Storage Directory /opt/src/hadoop-ozone/integration-test/target/test-dir/MiniOzoneClusterImpl-643d7c15-9dbf-483e-b833-385308e7c027/datanode-3/data/ratis/2ec811a9-6d87-41ee-bcd4-2881430dbd46
2019-06-14 05:06:59,496 INFO  server.RaftServerConfigKeys (ConfUtils.java:logGet(43)) - raft.server.log.queue.byte-limit = 2147483647 (custom)
2019-06-14 05:06:59,496 INFO  server.RaftServerConfigKeys (ConfUtils.java:logGet(43)) - raft.server.log.queue.element-limit = 1024 (custom)
2019-06-14 05:06:59,496 INFO  server.RaftServerConfigKeys (ConfUtils.java:logGet(43)) - raft.server.log.segment.size.max = 16384 (custom)
2019-06-14 05:06:59,496 INFO  server.RaftServerConfigKeys (ConfUtils.java:logGet(43)) - raft.server.log.preallocated.size = 16384 (custom)
2019-06-14 05:06:59,496 INFO  server.RaftServerConfigKeys (ConfUtils.java:logGet(43)) - raft.server.log.write.buffer.size = 33554432 (custom)
2019-06-14 05:06:59,497 INFO  server.RaftServerConfigKeys (ConfUtils.java:logGet(43)) - raft.server.log.force.sync.num = 128 (default)
2019-06-14 05:06:59,497 INFO  server.RaftServerConfigKeys (ConfUtils.java:logGet(43)) - raft.server.log.statemachine.data.sync = true (default)
2019-06-14 05:06:59,497 INFO  server.RaftServerConfigKeys (ConfUtils.java:logGet(43)) - raft.server.log.statemachine.data.sync.timeout = 10s (default)
2019-06-14 05:06:59,497 INFO  server.RaftServerConfigKeys (ConfUtils.java:logGet(43)) - raft.server.log.statemachine.data.sync.timeout.retry = -1 (default)
2019-06-14 05:06:59,497 INFO  server.RaftServerConfigKeys (ConfUtils.java:logGet(43)) - raft.server.log.statemachine.data.caching.enabled = true (custom)
2019-06-14 05:06:59,494 INFO  ratis.ContainerStateMachine (ContainerStateMachine.java:loadSnapshot(199)) - The snapshot info is null.Setting the last applied index to:(t:0, i:~)
2019-06-14 05:06:59,495 INFO  server.RaftServerConfigKeys (ConfUtils.java:logGet(43)) - raft.server.snapshot.auto.trigger.enabled = true (custom)
2019-06-14 05:06:59,498 INFO  server.RaftServerConfigKeys (ConfUtils.java:logGet(43)) - raft.server.snapshot.auto.trigger.enabled = true (custom)
2019-06-14 05:06:59,498 INFO  server.RaftServerConfigKeys (ConfUtils.java:logGet(43)) - raft.server.snapshot.auto.trigger.threshold = 10000 (custom)
2019-06-14 05:06:59,498 INFO  server.RaftServerConfigKeys (ConfUtils.java:logGet(43)) - raft.server.retrycache.expirytime = 600000ms (custom)
2019-06-14 05:06:59,499 INFO  impl.RaftServerImpl (RaftServerImpl.java:start(173)) - a3f8bf27-021f-4250-8f40-e4d714061ed4: start group-2881430DBD46
2019-06-14 05:06:59,499 INFO  impl.RaftServerImpl (RaftServerImpl.java:setRole(164)) - a3f8bf27-021f-4250-8f40-e4d714061ed4:group-2881430DBD46 changes role from null to FOLLOWER at term 0 for startAsFollower
2019-06-14 05:06:59,499 INFO  impl.RoleInfo (RoleInfo.java:updateAndGet(143)) - a3f8bf27-021f-4250-8f40-e4d714061ed4: start FollowerState
2019-06-14 05:06:59,497 INFO  server.RaftServerConfigKeys (ConfUtils.java:logGet(43)) - raft.server.leader.election.timeout = 10s (custom)
2019-06-14 05:06:59,498 INFO  server.RaftServerConfigKeys (ConfUtils.java:logGet(43)) - raft.server.snapshot.auto.trigger.threshold = 10000 (custom)
2019-06-14 05:06:59,499 INFO  util.JmxRegister (JmxRegister.java:tryRegister(44)) - Successfully registered JMX Bean with object name Ratis:service=RaftServer,group=group-2881430DBD46,id=a3f8bf27-021f-4250-8f40-e4d714061ed4
2019-06-14 05:06:59,499 INFO  server.RaftServerConfigKeys (ConfUtils.java:logGet(43)) - raft.server.retrycache.expirytime = 600000ms (custom)
2019-06-14 05:06:59,499 INFO  impl.RaftServerImpl (RaftServerImpl.java:start(173)) - 532cf6f0-e5e2-4660-bc4e-829bdeb1f6bb: start group-2881430DBD46
2019-06-14 05:06:59,500 INFO  impl.RaftServerImpl (RaftServerImpl.java:setRole(164)) - 532cf6f0-e5e2-4660-bc4e-829bdeb1f6bb:group-2881430DBD46 changes role from null to FOLLOWER at term 0 for startAsFollower
2019-06-14 05:06:59,500 INFO  impl.RoleInfo (RoleInfo.java:updateAndGet(143)) - 532cf6f0-e5e2-4660-bc4e-829bdeb1f6bb: start FollowerState
2019-06-14 05:06:59,499 INFO  server.RaftServerConfigKeys (ConfUtils.java:logGet(43)) - raft.server.log.use.memory = false (default)
2019-06-14 05:06:59,500 INFO  server.RaftServerConfigKeys (ConfUtils.java:logGet(43)) - raft.server.log.appender.buffer.byte-limit = 33554432 (custom)
2019-06-14 05:06:59,500 INFO  util.JmxRegister (JmxRegister.java:tryRegister(44)) - Successfully registered JMX Bean with object name Ratis:service=RaftServer,group=group-2881430DBD46,id=532cf6f0-e5e2-4660-bc4e-829bdeb1f6bb
2019-06-14 05:06:59,500 INFO  server.RaftServerConfigKeys (ConfUtils.java:logGet(43)) - raft.server.log.segment.size.max = 16384 (custom)
2019-06-14 05:06:59,500 INFO  server.RaftServerConfigKeys (ConfUtils.java:logGet(43)) - raft.server.log.segment.cache.num.max = 2 (custom)
2019-06-14 05:06:59,500 INFO  storage.RaftLogWorker (RaftLogWorker.java:<init>(123)) - new 32426236-ab1c-4eba-9437-53ee72db6f46-RaftLogWorker for Storage Directory /opt/src/hadoop-ozone/integration-test/target/test-dir/MiniOzoneClusterImpl-643d7c15-9dbf-483e-b833-385308e7c027/datanode-1/data/ratis/2ec811a9-6d87-41ee-bcd4-2881430dbd46
2019-06-14 05:06:59,500 INFO  server.RaftServerConfigKeys (ConfUtils.java:logGet(43)) - raft.server.log.queue.byte-limit = 2147483647 (custom)
2019-06-14 05:06:59,501 INFO  server.RaftServerConfigKeys (ConfUtils.java:logGet(43)) - raft.server.log.queue.element-limit = 1024 (custom)
2019-06-14 05:06:59,501 INFO  server.RaftServerConfigKeys (ConfUtils.java:logGet(43)) - raft.server.log.segment.size.max = 16384 (custom)
2019-06-14 05:06:59,501 INFO  server.RaftServerConfigKeys (ConfUtils.java:logGet(43)) - raft.server.log.preallocated.size = 16384 (custom)
2019-06-14 05:06:59,501 INFO  server.RaftServerConfigKeys (ConfUtils.java:logGet(43)) - raft.server.log.write.buffer.size = 33554432 (custom)
2019-06-14 05:06:59,501 INFO  server.RaftServerConfigKeys (ConfUtils.java:logGet(43)) - raft.server.log.force.sync.num = 128 (default)
2019-06-14 05:06:59,501 INFO  server.RaftServerConfigKeys (ConfUtils.java:logGet(43)) - raft.server.log.statemachine.data.sync = true (default)
2019-06-14 05:06:59,501 INFO  server.RaftServerConfigKeys (ConfUtils.java:logGet(43)) - raft.server.log.statemachine.data.sync.timeout = 10s (default)
2019-06-14 05:06:59,501 INFO  server.RaftServerConfigKeys (ConfUtils.java:logGet(43)) - raft.server.log.statemachine.data.sync.timeout.retry = -1 (default)
2019-06-14 05:06:59,505 INFO  server.RaftServerConfigKeys (ConfUtils.java:logGet(43)) - raft.server.log.statemachine.data.caching.enabled = true (custom)
2019-06-14 05:06:59,505 INFO  server.RaftServerConfigKeys (ConfUtils.java:logGet(43)) - raft.server.snapshot.auto.trigger.enabled = true (custom)
2019-06-14 05:06:59,505 INFO  server.RaftServerConfigKeys (ConfUtils.java:logGet(43)) - raft.server.snapshot.auto.trigger.threshold = 10000 (custom)
2019-06-14 05:06:59,505 INFO  server.RaftServerConfigKeys (ConfUtils.java:logGet(43)) - raft.server.retrycache.expirytime = 600000ms (custom)
2019-06-14 05:06:59,506 INFO  impl.RaftServerImpl (RaftServerImpl.java:start(173)) - 32426236-ab1c-4eba-9437-53ee72db6f46: start group-2881430DBD46
2019-06-14 05:06:59,506 INFO  impl.RaftServerImpl (RaftServerImpl.java:setRole(164)) - 32426236-ab1c-4eba-9437-53ee72db6f46:group-2881430DBD46 changes role from null to FOLLOWER at term 0 for startAsFollower
2019-06-14 05:06:59,506 INFO  impl.RoleInfo (RoleInfo.java:updateAndGet(143)) - 32426236-ab1c-4eba-9437-53ee72db6f46: start FollowerState
2019-06-14 05:06:59,506 INFO  util.JmxRegister (JmxRegister.java:tryRegister(44)) - Successfully registered JMX Bean with object name Ratis:service=RaftServer,group=group-2881430DBD46,id=32426236-ab1c-4eba-9437-53ee72db6f46
2019-06-14 05:06:59,516 INFO  pipeline.PipelineStateManager (PipelineStateManager.java:addPipeline(56)) - Created pipeline Pipeline[ Id: 2ec811a9-6d87-41ee-bcd4-2881430dbd46, Nodes: 532cf6f0-e5e2-4660-bc4e-829bdeb1f6bb{ip: 192.168.46.6, host: ozone-9f9b8-993936649, networkLocation: /default-rack, certSerialId: null}a3f8bf27-021f-4250-8f40-e4d714061ed4{ip: 192.168.46.6, host: ozone-9f9b8-993936649, networkLocation: /default-rack, certSerialId: null}32426236-ab1c-4eba-9437-53ee72db6f46{ip: 192.168.46.6, host: ozone-9f9b8-993936649, networkLocation: /default-rack, certSerialId: null}, Type:RATIS, Factor:THREE, State:OPEN]
2019-06-14 05:06:59,530 INFO  impl.RaftServerProxy (RaftServerProxy.java:addNew(89)) - 7e519f35-6d11-48a7-b735-68ab06f49b41: addNew group-67285E70C29D:[7e519f35-6d11-48a7-b735-68ab06f49b41:192.168.46.6:39475] returns group-67285E70C29D:java.util.concurrent.CompletableFuture@575e4760[Not completed]
2019-06-14 05:06:59,531 INFO  impl.RaftServerImpl (RaftServerImpl.java:<init>(91)) - 7e519f35-6d11-48a7-b735-68ab06f49b41: new RaftServerImpl for group-67285E70C29D:[7e519f35-6d11-48a7-b735-68ab06f49b41:192.168.46.6:39475] with ContainerStateMachine:uninitialized
2019-06-14 05:06:59,532 INFO  server.RaftServerConfigKeys (ConfUtils.java:logGet(43)) - raft.server.rpc.timeout.min = 1s (custom)
2019-06-14 05:06:59,532 INFO  server.RaftServerConfigKeys (ConfUtils.java:logGet(43)) - raft.server.rpc.timeout.max = 1200ms (custom)
2019-06-14 05:06:59,532 INFO  server.RaftServerConfigKeys (ConfUtils.java:logGet(43)) - raft.server.rpcslowness.timeout = 10s (custom)
2019-06-14 05:06:59,532 INFO  server.RaftServerConfigKeys (ConfUtils.java:logGet(43)) - raft.server.log.appender.install.snapshot.enabled = true (default)
2019-06-14 05:06:59,532 INFO  impl.RaftServerImpl (ServerState.java:<init>(101)) - 7e519f35-6d11-48a7-b735-68ab06f49b41:group-67285E70C29D ConfigurationManager, init=-1: [7e519f35-6d11-48a7-b735-68ab06f49b41:192.168.46.6:39475], old=null, confs=<EMPTY_MAP>
2019-06-14 05:06:59,532 INFO  server.RaftServerConfigKeys (ConfUtils.java:logGet(43)) - raft.server.storage.dir = [/opt/src/hadoop-ozone/integration-test/target/test-dir/MiniOzoneClusterImpl-643d7c15-9dbf-483e-b833-385308e7c027/datanode-4/data/ratis] (custom)
2019-06-14 05:06:59,532 INFO  storage.RaftStorageDirectory (RaftStorageDirectory.java:analyzeStorage(246)) - The storage directory /opt/src/hadoop-ozone/integration-test/target/test-dir/MiniOzoneClusterImpl-643d7c15-9dbf-483e-b833-385308e7c027/datanode-4/data/ratis/29ac7184-c102-4bb9-8839-67285e70c29d does not exist. Creating ...
2019-06-14 05:06:59,534 INFO  storage.RaftStorageDirectory (RaftStorageDirectory.java:tryLock(328)) - Lock on /opt/src/hadoop-ozone/integration-test/target/test-dir/MiniOzoneClusterImpl-643d7c15-9dbf-483e-b833-385308e7c027/datanode-4/data/ratis/29ac7184-c102-4bb9-8839-67285e70c29d/in_use.lock acquired by nodename 9878@ozone-9f9b8-993936649
2019-06-14 05:06:59,537 INFO  storage.RaftStorage (RaftStorage.java:format(75)) - Storage directory /opt/src/hadoop-ozone/integration-test/target/test-dir/MiniOzoneClusterImpl-643d7c15-9dbf-483e-b833-385308e7c027/datanode-4/data/ratis/29ac7184-c102-4bb9-8839-67285e70c29d has been successfully formatted.
2019-06-14 05:06:59,537 INFO  ratis.ContainerStateMachine (ContainerStateMachine.java:loadSnapshot(199)) - The snapshot info is null.Setting the last applied index to:(t:0, i:~)
2019-06-14 05:06:59,537 INFO  server.RaftServerConfigKeys (ConfUtils.java:logGet(43)) - raft.server.leader.election.timeout = 10s (custom)
2019-06-14 05:06:59,537 INFO  server.RaftServerConfigKeys (ConfUtils.java:logGet(43)) - raft.server.log.use.memory = false (default)
2019-06-14 05:06:59,537 INFO  server.RaftServerConfigKeys (ConfUtils.java:logGet(43)) - raft.server.log.appender.buffer.byte-limit = 33554432 (custom)
2019-06-14 05:06:59,537 INFO  server.RaftServerConfigKeys (ConfUtils.java:logGet(43)) - raft.server.log.segment.size.max = 16384 (custom)
2019-06-14 05:06:59,538 INFO  server.RaftServerConfigKeys (ConfUtils.java:logGet(43)) - raft.server.log.segment.cache.num.max = 2 (custom)
2019-06-14 05:06:59,538 INFO  storage.RaftLogWorker (RaftLogWorker.java:<init>(123)) - new 7e519f35-6d11-48a7-b735-68ab06f49b41-RaftLogWorker for Storage Directory /opt/src/hadoop-ozone/integration-test/target/test-dir/MiniOzoneClusterImpl-643d7c15-9dbf-483e-b833-385308e7c027/datanode-4/data/ratis/29ac7184-c102-4bb9-8839-67285e70c29d
2019-06-14 05:06:59,538 INFO  server.RaftServerConfigKeys (ConfUtils.java:logGet(43)) - raft.server.log.queue.byte-limit = 2147483647 (custom)
2019-06-14 05:06:59,538 INFO  server.RaftServerConfigKeys (ConfUtils.java:logGet(43)) - raft.server.log.queue.element-limit = 1024 (custom)
2019-06-14 05:06:59,538 INFO  server.RaftServerConfigKeys (ConfUtils.java:logGet(43)) - raft.server.log.segment.size.max = 16384 (custom)
2019-06-14 05:06:59,538 INFO  server.RaftServerConfigKeys (ConfUtils.java:logGet(43)) - raft.server.log.preallocated.size = 16384 (custom)
2019-06-14 05:06:59,538 INFO  server.RaftServerConfigKeys (ConfUtils.java:logGet(43)) - raft.server.log.write.buffer.size = 33554432 (custom)
2019-06-14 05:06:59,538 INFO  server.RaftServerConfigKeys (ConfUtils.java:logGet(43)) - raft.server.log.force.sync.num = 128 (default)
2019-06-14 05:06:59,538 INFO  server.RaftServerConfigKeys (ConfUtils.java:logGet(43)) - raft.server.log.statemachine.data.sync = true (default)
2019-06-14 05:06:59,538 INFO  server.RaftServerConfigKeys (ConfUtils.java:logGet(43)) - raft.server.log.statemachine.data.sync.timeout = 10s (default)
2019-06-14 05:06:59,538 INFO  server.RaftServerConfigKeys (ConfUtils.java:logGet(43)) - raft.server.log.statemachine.data.sync.timeout.retry = -1 (default)
2019-06-14 05:06:59,538 INFO  server.RaftServerConfigKeys (ConfUtils.java:logGet(43)) - raft.server.log.statemachine.data.caching.enabled = true (custom)
2019-06-14 05:06:59,539 INFO  server.RaftServerConfigKeys (ConfUtils.java:logGet(43)) - raft.server.snapshot.auto.trigger.enabled = true (custom)
2019-06-14 05:06:59,539 INFO  server.RaftServerConfigKeys (ConfUtils.java:logGet(43)) - raft.server.snapshot.auto.trigger.threshold = 10000 (custom)
2019-06-14 05:06:59,539 INFO  server.RaftServerConfigKeys (ConfUtils.java:logGet(43)) - raft.server.retrycache.expirytime = 600000ms (custom)
2019-06-14 05:06:59,539 INFO  impl.RaftServerImpl (RaftServerImpl.java:start(173)) - 7e519f35-6d11-48a7-b735-68ab06f49b41: start group-67285E70C29D
2019-06-14 05:06:59,539 INFO  impl.RaftServerImpl (RaftServerImpl.java:setRole(164)) - 7e519f35-6d11-48a7-b735-68ab06f49b41:group-67285E70C29D changes role from null to FOLLOWER at term 0 for startAsFollower
2019-06-14 05:06:59,539 INFO  impl.RoleInfo (RoleInfo.java:updateAndGet(143)) - 7e519f35-6d11-48a7-b735-68ab06f49b41: start FollowerState
2019-06-14 05:06:59,540 INFO  util.JmxRegister (JmxRegister.java:tryRegister(44)) - Successfully registered JMX Bean with object name Ratis:service=RaftServer,group=group-67285E70C29D,id=7e519f35-6d11-48a7-b735-68ab06f49b41
2019-06-14 05:06:59,545 INFO  pipeline.PipelineStateManager (PipelineStateManager.java:addPipeline(56)) - Created pipeline Pipeline[ Id: 29ac7184-c102-4bb9-8839-67285e70c29d, Nodes: 7e519f35-6d11-48a7-b735-68ab06f49b41{ip: 192.168.46.6, host: ozone-9f9b8-993936649, networkLocation: /default-rack, certSerialId: null}, Type:RATIS, Factor:ONE, State:OPEN]
2019-06-14 05:06:59,708 INFO  ozone.MiniOzoneClusterImpl (MiniOzoneClusterImpl.java:lambda$waitForClusterToBeReady$0(142)) - Waiting for cluster to be ready. Got 5 of 6 DN Heartbeats.
2019-06-14 05:06:59,711 INFO  node.SCMNodeManager (SCMNodeManager.java:register(234)) - Registered Data node : 0b53140d-8206-4059-9a14-96933aaf3cfd{ip: 192.168.46.6, host: ozone-9f9b8-993936649, networkLocation: /default-rack, certSerialId: null}
2019-06-14 05:06:59,722 INFO  impl.RaftServerProxy (RaftServerProxy.java:addNew(89)) - 0b53140d-8206-4059-9a14-96933aaf3cfd: addNew group-1D6D2339051E:[0b53140d-8206-4059-9a14-96933aaf3cfd:192.168.46.6:45251] returns group-1D6D2339051E:java.util.concurrent.CompletableFuture@712ac459[Not completed]
2019-06-14 05:06:59,722 INFO  impl.RaftServerImpl (RaftServerImpl.java:<init>(91)) - 0b53140d-8206-4059-9a14-96933aaf3cfd: new RaftServerImpl for group-1D6D2339051E:[0b53140d-8206-4059-9a14-96933aaf3cfd:192.168.46.6:45251] with ContainerStateMachine:uninitialized
2019-06-14 05:06:59,723 INFO  server.RaftServerConfigKeys (ConfUtils.java:logGet(43)) - raft.server.rpc.timeout.min = 1s (custom)
2019-06-14 05:06:59,723 INFO  server.RaftServerConfigKeys (ConfUtils.java:logGet(43)) - raft.server.rpc.timeout.max = 1200ms (custom)
2019-06-14 05:06:59,723 INFO  server.RaftServerConfigKeys (ConfUtils.java:logGet(43)) - raft.server.rpcslowness.timeout = 10s (custom)
2019-06-14 05:06:59,723 INFO  server.RaftServerConfigKeys (ConfUtils.java:logGet(43)) - raft.server.log.appender.install.snapshot.enabled = true (default)
2019-06-14 05:06:59,723 INFO  impl.RaftServerImpl (ServerState.java:<init>(101)) - 0b53140d-8206-4059-9a14-96933aaf3cfd:group-1D6D2339051E ConfigurationManager, init=-1: [0b53140d-8206-4059-9a14-96933aaf3cfd:192.168.46.6:45251], old=null, confs=<EMPTY_MAP>
2019-06-14 05:06:59,723 INFO  server.RaftServerConfigKeys (ConfUtils.java:logGet(43)) - raft.server.storage.dir = [/opt/src/hadoop-ozone/integration-test/target/test-dir/MiniOzoneClusterImpl-643d7c15-9dbf-483e-b833-385308e7c027/datanode-5/data/ratis] (custom)
2019-06-14 05:06:59,723 INFO  storage.RaftStorageDirectory (RaftStorageDirectory.java:analyzeStorage(246)) - The storage directory /opt/src/hadoop-ozone/integration-test/target/test-dir/MiniOzoneClusterImpl-643d7c15-9dbf-483e-b833-385308e7c027/datanode-5/data/ratis/67897e34-0368-4f6f-93f1-1d6d2339051e does not exist. Creating ...
2019-06-14 05:06:59,725 INFO  storage.RaftStorageDirectory (RaftStorageDirectory.java:tryLock(328)) - Lock on /opt/src/hadoop-ozone/integration-test/target/test-dir/MiniOzoneClusterImpl-643d7c15-9dbf-483e-b833-385308e7c027/datanode-5/data/ratis/67897e34-0368-4f6f-93f1-1d6d2339051e/in_use.lock acquired by nodename 9878@ozone-9f9b8-993936649
2019-06-14 05:06:59,727 INFO  storage.RaftStorage (RaftStorage.java:format(75)) - Storage directory /opt/src/hadoop-ozone/integration-test/target/test-dir/MiniOzoneClusterImpl-643d7c15-9dbf-483e-b833-385308e7c027/datanode-5/data/ratis/67897e34-0368-4f6f-93f1-1d6d2339051e has been successfully formatted.
2019-06-14 05:06:59,728 INFO  ratis.ContainerStateMachine (ContainerStateMachine.java:loadSnapshot(199)) - The snapshot info is null.Setting the last applied index to:(t:0, i:~)
2019-06-14 05:06:59,728 INFO  server.RaftServerConfigKeys (ConfUtils.java:logGet(43)) - raft.server.leader.election.timeout = 10s (custom)
2019-06-14 05:06:59,728 INFO  server.RaftServerConfigKeys (ConfUtils.java:logGet(43)) - raft.server.log.use.memory = false (default)
2019-06-14 05:06:59,728 INFO  server.RaftServerConfigKeys (ConfUtils.java:logGet(43)) - raft.server.log.appender.buffer.byte-limit = 33554432 (custom)
2019-06-14 05:06:59,728 INFO  server.RaftServerConfigKeys (ConfUtils.java:logGet(43)) - raft.server.log.segment.size.max = 16384 (custom)
2019-06-14 05:06:59,728 INFO  server.RaftServerConfigKeys (ConfUtils.java:logGet(43)) - raft.server.log.segment.cache.num.max = 2 (custom)
2019-06-14 05:06:59,728 INFO  storage.RaftLogWorker (RaftLogWorker.java:<init>(123)) - new 0b53140d-8206-4059-9a14-96933aaf3cfd-RaftLogWorker for Storage Directory /opt/src/hadoop-ozone/integration-test/target/test-dir/MiniOzoneClusterImpl-643d7c15-9dbf-483e-b833-385308e7c027/datanode-5/data/ratis/67897e34-0368-4f6f-93f1-1d6d2339051e
2019-06-14 05:06:59,728 INFO  server.RaftServerConfigKeys (ConfUtils.java:logGet(43)) - raft.server.log.queue.byte-limit = 2147483647 (custom)
2019-06-14 05:06:59,728 INFO  server.RaftServerConfigKeys (ConfUtils.java:logGet(43)) - raft.server.log.queue.element-limit = 1024 (custom)
2019-06-14 05:06:59,728 INFO  server.RaftServerConfigKeys (ConfUtils.java:logGet(43)) - raft.server.log.segment.size.max = 16384 (custom)
2019-06-14 05:06:59,728 INFO  server.RaftServerConfigKeys (ConfUtils.java:logGet(43)) - raft.server.log.preallocated.size = 16384 (custom)
2019-06-14 05:06:59,728 INFO  server.RaftServerConfigKeys (ConfUtils.java:logGet(43)) - raft.server.log.write.buffer.size = 33554432 (custom)
2019-06-14 05:06:59,729 INFO  server.RaftServerConfigKeys (ConfUtils.java:logGet(43)) - raft.server.log.force.sync.num = 128 (default)
2019-06-14 05:06:59,729 INFO  server.RaftServerConfigKeys (ConfUtils.java:logGet(43)) - raft.server.log.statemachine.data.sync = true (default)
2019-06-14 05:06:59,729 INFO  server.RaftServerConfigKeys (ConfUtils.java:logGet(43)) - raft.server.log.statemachine.data.sync.timeout = 10s (default)
2019-06-14 05:06:59,729 INFO  server.RaftServerConfigKeys (ConfUtils.java:logGet(43)) - raft.server.log.statemachine.data.sync.timeout.retry = -1 (default)
2019-06-14 05:06:59,729 INFO  server.RaftServerConfigKeys (ConfUtils.java:logGet(43)) - raft.server.log.statemachine.data.caching.enabled = true (custom)
2019-06-14 05:06:59,729 INFO  server.RaftServerConfigKeys (ConfUtils.java:logGet(43)) - raft.server.snapshot.auto.trigger.enabled = true (custom)
2019-06-14 05:06:59,729 INFO  server.RaftServerConfigKeys (ConfUtils.java:logGet(43)) - raft.server.snapshot.auto.trigger.threshold = 10000 (custom)
2019-06-14 05:06:59,729 INFO  server.RaftServerConfigKeys (ConfUtils.java:logGet(43)) - raft.server.retrycache.expirytime = 600000ms (custom)
2019-06-14 05:06:59,730 INFO  impl.RaftServerImpl (RaftServerImpl.java:start(173)) - 0b53140d-8206-4059-9a14-96933aaf3cfd: start group-1D6D2339051E
2019-06-14 05:06:59,730 INFO  impl.RaftServerImpl (RaftServerImpl.java:setRole(164)) - 0b53140d-8206-4059-9a14-96933aaf3cfd:group-1D6D2339051E changes role from null to FOLLOWER at term 0 for startAsFollower
2019-06-14 05:06:59,730 INFO  impl.RoleInfo (RoleInfo.java:updateAndGet(143)) - 0b53140d-8206-4059-9a14-96933aaf3cfd: start FollowerState
2019-06-14 05:06:59,730 INFO  util.JmxRegister (JmxRegister.java:tryRegister(44)) - Successfully registered JMX Bean with object name Ratis:service=RaftServer,group=group-1D6D2339051E,id=0b53140d-8206-4059-9a14-96933aaf3cfd
2019-06-14 05:06:59,736 INFO  pipeline.PipelineStateManager (PipelineStateManager.java:addPipeline(56)) - Created pipeline Pipeline[ Id: 67897e34-0368-4f6f-93f1-1d6d2339051e, Nodes: 0b53140d-8206-4059-9a14-96933aaf3cfd{ip: 192.168.46.6, host: ozone-9f9b8-993936649, networkLocation: /default-rack, certSerialId: null}, Type:RATIS, Factor:ONE, State:OPEN]
2019-06-14 05:06:59,759 INFO  impl.RaftServerProxy (RaftServerProxy.java:addNew(89)) - 7e519f35-6d11-48a7-b735-68ab06f49b41: addNew group-61F2F789B92D:[316d61b1-efd9-4d2e-bbfd-0970b9850c18:192.168.46.6:36657, 7e519f35-6d11-48a7-b735-68ab06f49b41:192.168.46.6:39475, 0b53140d-8206-4059-9a14-96933aaf3cfd:192.168.46.6:45251] returns group-61F2F789B92D:java.util.concurrent.CompletableFuture@6b3213ce[Not completed]
2019-06-14 05:06:59,763 INFO  impl.RaftServerImpl (RaftServerImpl.java:<init>(91)) - 7e519f35-6d11-48a7-b735-68ab06f49b41: new RaftServerImpl for group-61F2F789B92D:[316d61b1-efd9-4d2e-bbfd-0970b9850c18:192.168.46.6:36657, 7e519f35-6d11-48a7-b735-68ab06f49b41:192.168.46.6:39475, 0b53140d-8206-4059-9a14-96933aaf3cfd:192.168.46.6:45251] with ContainerStateMachine:uninitialized
2019-06-14 05:06:59,763 INFO  server.RaftServerConfigKeys (ConfUtils.java:logGet(43)) - raft.server.rpc.timeout.min = 1s (custom)
2019-06-14 05:06:59,763 INFO  server.RaftServerConfigKeys (ConfUtils.java:logGet(43)) - raft.server.rpc.timeout.max = 1200ms (custom)
2019-06-14 05:06:59,763 INFO  server.RaftServerConfigKeys (ConfUtils.java:logGet(43)) - raft.server.rpcslowness.timeout = 10s (custom)
2019-06-14 05:06:59,763 INFO  server.RaftServerConfigKeys (ConfUtils.java:logGet(43)) - raft.server.log.appender.install.snapshot.enabled = true (default)
2019-06-14 05:06:59,763 INFO  impl.RaftServerImpl (ServerState.java:<init>(101)) - 7e519f35-6d11-48a7-b735-68ab06f49b41:group-61F2F789B92D ConfigurationManager, init=-1: [316d61b1-efd9-4d2e-bbfd-0970b9850c18:192.168.46.6:36657, 7e519f35-6d11-48a7-b735-68ab06f49b41:192.168.46.6:39475, 0b53140d-8206-4059-9a14-96933aaf3cfd:192.168.46.6:45251], old=null, confs=<EMPTY_MAP>
2019-06-14 05:06:59,763 INFO  server.RaftServerConfigKeys (ConfUtils.java:logGet(43)) - raft.server.storage.dir = [/opt/src/hadoop-ozone/integration-test/target/test-dir/MiniOzoneClusterImpl-643d7c15-9dbf-483e-b833-385308e7c027/datanode-4/data/ratis] (custom)
2019-06-14 05:06:59,764 INFO  storage.RaftStorageDirectory (RaftStorageDirectory.java:analyzeStorage(246)) - The storage directory /opt/src/hadoop-ozone/integration-test/target/test-dir/MiniOzoneClusterImpl-643d7c15-9dbf-483e-b833-385308e7c027/datanode-4/data/ratis/0143408e-409e-4922-8f96-61f2f789b92d does not exist. Creating ...
2019-06-14 05:06:59,766 INFO  impl.RaftServerProxy (RaftServerProxy.java:addNew(89)) - 0b53140d-8206-4059-9a14-96933aaf3cfd: addNew group-61F2F789B92D:[316d61b1-efd9-4d2e-bbfd-0970b9850c18:192.168.46.6:36657, 7e519f35-6d11-48a7-b735-68ab06f49b41:192.168.46.6:39475, 0b53140d-8206-4059-9a14-96933aaf3cfd:192.168.46.6:45251] returns group-61F2F789B92D:java.util.concurrent.CompletableFuture@85d9de[Not completed]
2019-06-14 05:06:59,767 INFO  storage.RaftStorageDirectory (RaftStorageDirectory.java:tryLock(328)) - Lock on /opt/src/hadoop-ozone/integration-test/target/test-dir/MiniOzoneClusterImpl-643d7c15-9dbf-483e-b833-385308e7c027/datanode-4/data/ratis/0143408e-409e-4922-8f96-61f2f789b92d/in_use.lock acquired by nodename 9878@ozone-9f9b8-993936649
2019-06-14 05:06:59,770 INFO  impl.RaftServerProxy (RaftServerProxy.java:addNew(89)) - 316d61b1-efd9-4d2e-bbfd-0970b9850c18: addNew group-61F2F789B92D:[316d61b1-efd9-4d2e-bbfd-0970b9850c18:192.168.46.6:36657, 7e519f35-6d11-48a7-b735-68ab06f49b41:192.168.46.6:39475, 0b53140d-8206-4059-9a14-96933aaf3cfd:192.168.46.6:45251] returns group-61F2F789B92D:java.util.concurrent.CompletableFuture@6afd5140[Not completed]
2019-06-14 05:06:59,770 INFO  storage.RaftStorage (RaftStorage.java:format(75)) - Storage directory /opt/src/hadoop-ozone/integration-test/target/test-dir/MiniOzoneClusterImpl-643d7c15-9dbf-483e-b833-385308e7c027/datanode-4/data/ratis/0143408e-409e-4922-8f96-61f2f789b92d has been successfully formatted.
2019-06-14 05:06:59,770 INFO  ratis.ContainerStateMachine (ContainerStateMachine.java:loadSnapshot(199)) - The snapshot info is null.Setting the last applied index to:(t:0, i:~)
2019-06-14 05:06:59,770 INFO  server.RaftServerConfigKeys (ConfUtils.java:logGet(43)) - raft.server.leader.election.timeout = 10s (custom)
2019-06-14 05:06:59,770 INFO  server.RaftServerConfigKeys (ConfUtils.java:logGet(43)) - raft.server.log.use.memory = false (default)
2019-06-14 05:06:59,771 INFO  server.RaftServerConfigKeys (ConfUtils.java:logGet(43)) - raft.server.log.appender.buffer.byte-limit = 33554432 (custom)
2019-06-14 05:06:59,771 INFO  server.RaftServerConfigKeys (ConfUtils.java:logGet(43)) - raft.server.log.segment.size.max = 16384 (custom)
2019-06-14 05:06:59,771 INFO  server.RaftServerConfigKeys (ConfUtils.java:logGet(43)) - raft.server.log.segment.cache.num.max = 2 (custom)
2019-06-14 05:06:59,771 INFO  storage.RaftLogWorker (RaftLogWorker.java:<init>(123)) - new 7e519f35-6d11-48a7-b735-68ab06f49b41-RaftLogWorker for Storage Directory /opt/src/hadoop-ozone/integration-test/target/test-dir/MiniOzoneClusterImpl-643d7c15-9dbf-483e-b833-385308e7c027/datanode-4/data/ratis/0143408e-409e-4922-8f96-61f2f789b92d
2019-06-14 05:06:59,771 INFO  server.RaftServerConfigKeys (ConfUtils.java:logGet(43)) - raft.server.log.queue.byte-limit = 2147483647 (custom)
2019-06-14 05:06:59,771 INFO  server.RaftServerConfigKeys (ConfUtils.java:logGet(43)) - raft.server.log.queue.element-limit = 1024 (custom)
2019-06-14 05:06:59,771 INFO  impl.RaftServerImpl (RaftServerImpl.java:<init>(91)) - 316d61b1-efd9-4d2e-bbfd-0970b9850c18: new RaftServerImpl for group-61F2F789B92D:[316d61b1-efd9-4d2e-bbfd-0970b9850c18:192.168.46.6:36657, 7e519f35-6d11-48a7-b735-68ab06f49b41:192.168.46.6:39475, 0b53140d-8206-4059-9a14-96933aaf3cfd:192.168.46.6:45251] with ContainerStateMachine:uninitialized
2019-06-14 05:06:59,771 INFO  server.RaftServerConfigKeys (ConfUtils.java:logGet(43)) - raft.server.log.segment.size.max = 16384 (custom)
2019-06-14 05:06:59,771 INFO  server.RaftServerConfigKeys (ConfUtils.java:logGet(43)) - raft.server.log.preallocated.size = 16384 (custom)
2019-06-14 05:06:59,772 INFO  server.RaftServerConfigKeys (ConfUtils.java:logGet(43)) - raft.server.log.write.buffer.size = 33554432 (custom)
2019-06-14 05:06:59,772 INFO  server.RaftServerConfigKeys (ConfUtils.java:logGet(43)) - raft.server.log.force.sync.num = 128 (default)
2019-06-14 05:06:59,772 INFO  server.RaftServerConfigKeys (ConfUtils.java:logGet(43)) - raft.server.log.statemachine.data.sync = true (default)
2019-06-14 05:06:59,772 INFO  server.RaftServerConfigKeys (ConfUtils.java:logGet(43)) - raft.server.log.statemachine.data.sync.timeout = 10s (default)
2019-06-14 05:06:59,772 INFO  server.RaftServerConfigKeys (ConfUtils.java:logGet(43)) - raft.server.log.statemachine.data.sync.timeout.retry = -1 (default)
2019-06-14 05:06:59,772 INFO  server.RaftServerConfigKeys (ConfUtils.java:logGet(43)) - raft.server.log.statemachine.data.caching.enabled = true (custom)
2019-06-14 05:06:59,771 INFO  server.RaftServerConfigKeys (ConfUtils.java:logGet(43)) - raft.server.rpc.timeout.min = 1s (custom)
2019-06-14 05:06:59,772 INFO  server.RaftServerConfigKeys (ConfUtils.java:logGet(43)) - raft.server.rpc.timeout.max = 1200ms (custom)
2019-06-14 05:06:59,772 INFO  server.RaftServerConfigKeys (ConfUtils.java:logGet(43)) - raft.server.rpcslowness.timeout = 10s (custom)
2019-06-14 05:06:59,772 INFO  server.RaftServerConfigKeys (ConfUtils.java:logGet(43)) - raft.server.log.appender.install.snapshot.enabled = true (default)
2019-06-14 05:06:59,772 INFO  impl.RaftServerImpl (ServerState.java:<init>(101)) - 316d61b1-efd9-4d2e-bbfd-0970b9850c18:group-61F2F789B92D ConfigurationManager, init=-1: [316d61b1-efd9-4d2e-bbfd-0970b9850c18:192.168.46.6:36657, 7e519f35-6d11-48a7-b735-68ab06f49b41:192.168.46.6:39475, 0b53140d-8206-4059-9a14-96933aaf3cfd:192.168.46.6:45251], old=null, confs=<EMPTY_MAP>
2019-06-14 05:06:59,773 INFO  server.RaftServerConfigKeys (ConfUtils.java:logGet(43)) - raft.server.storage.dir = [/opt/src/hadoop-ozone/integration-test/target/test-dir/MiniOzoneClusterImpl-643d7c15-9dbf-483e-b833-385308e7c027/datanode-2/data/ratis] (custom)
2019-06-14 05:06:59,773 INFO  storage.RaftStorageDirectory (RaftStorageDirectory.java:analyzeStorage(246)) - The storage directory /opt/src/hadoop-ozone/integration-test/target/test-dir/MiniOzoneClusterImpl-643d7c15-9dbf-483e-b833-385308e7c027/datanode-2/data/ratis/0143408e-409e-4922-8f96-61f2f789b92d does not exist. Creating ...
2019-06-14 05:06:59,773 INFO  server.RaftServerConfigKeys (ConfUtils.java:logGet(43)) - raft.server.snapshot.auto.trigger.enabled = true (custom)
2019-06-14 05:06:59,773 INFO  server.RaftServerConfigKeys (ConfUtils.java:logGet(43)) - raft.server.snapshot.auto.trigger.threshold = 10000 (custom)
2019-06-14 05:06:59,773 INFO  server.RaftServerConfigKeys (ConfUtils.java:logGet(43)) - raft.server.retrycache.expirytime = 600000ms (custom)
2019-06-14 05:06:59,773 INFO  impl.RaftServerImpl (RaftServerImpl.java:start(173)) - 7e519f35-6d11-48a7-b735-68ab06f49b41: start group-61F2F789B92D
2019-06-14 05:06:59,774 INFO  impl.RaftServerImpl (RaftServerImpl.java:setRole(164)) - 7e519f35-6d11-48a7-b735-68ab06f49b41:group-61F2F789B92D changes role from null to FOLLOWER at term 0 for startAsFollower
2019-06-14 05:06:59,774 INFO  impl.RoleInfo (RoleInfo.java:updateAndGet(143)) - 7e519f35-6d11-48a7-b735-68ab06f49b41: start FollowerState
2019-06-14 05:06:59,774 INFO  impl.RaftServerImpl (RaftServerImpl.java:<init>(91)) - 0b53140d-8206-4059-9a14-96933aaf3cfd: new RaftServerImpl for group-61F2F789B92D:[316d61b1-efd9-4d2e-bbfd-0970b9850c18:192.168.46.6:36657, 7e519f35-6d11-48a7-b735-68ab06f49b41:192.168.46.6:39475, 0b53140d-8206-4059-9a14-96933aaf3cfd:192.168.46.6:45251] with ContainerStateMachine:uninitialized
2019-06-14 05:06:59,774 INFO  server.RaftServerConfigKeys (ConfUtils.java:logGet(43)) - raft.server.rpc.timeout.min = 1s (custom)
2019-06-14 05:06:59,774 INFO  server.RaftServerConfigKeys (ConfUtils.java:logGet(43)) - raft.server.rpc.timeout.max = 1200ms (custom)
2019-06-14 05:06:59,774 INFO  server.RaftServerConfigKeys (ConfUtils.java:logGet(43)) - raft.server.rpcslowness.timeout = 10s (custom)
2019-06-14 05:06:59,774 INFO  server.RaftServerConfigKeys (ConfUtils.java:logGet(43)) - raft.server.log.appender.install.snapshot.enabled = true (default)
2019-06-14 05:06:59,774 INFO  impl.RaftServerImpl (ServerState.java:<init>(101)) - 0b53140d-8206-4059-9a14-96933aaf3cfd:group-61F2F789B92D ConfigurationManager, init=-1: [316d61b1-efd9-4d2e-bbfd-0970b9850c18:192.168.46.6:36657, 7e519f35-6d11-48a7-b735-68ab06f49b41:192.168.46.6:39475, 0b53140d-8206-4059-9a14-96933aaf3cfd:192.168.46.6:45251], old=null, confs=<EMPTY_MAP>
2019-06-14 05:06:59,774 INFO  server.RaftServerConfigKeys (ConfUtils.java:logGet(43)) - raft.server.storage.dir = [/opt/src/hadoop-ozone/integration-test/target/test-dir/MiniOzoneClusterImpl-643d7c15-9dbf-483e-b833-385308e7c027/datanode-5/data/ratis] (custom)
2019-06-14 05:06:59,775 INFO  storage.RaftStorageDirectory (RaftStorageDirectory.java:analyzeStorage(246)) - The storage directory /opt/src/hadoop-ozone/integration-test/target/test-dir/MiniOzoneClusterImpl-643d7c15-9dbf-483e-b833-385308e7c027/datanode-5/data/ratis/0143408e-409e-4922-8f96-61f2f789b92d does not exist. Creating ...
2019-06-14 05:06:59,775 INFO  storage.RaftStorageDirectory (RaftStorageDirectory.java:tryLock(328)) - Lock on /opt/src/hadoop-ozone/integration-test/target/test-dir/MiniOzoneClusterImpl-643d7c15-9dbf-483e-b833-385308e7c027/datanode-2/data/ratis/0143408e-409e-4922-8f96-61f2f789b92d/in_use.lock acquired by nodename 9878@ozone-9f9b8-993936649
2019-06-14 05:06:59,777 INFO  storage.RaftStorage (RaftStorage.java:format(75)) - Storage directory /opt/src/hadoop-ozone/integration-test/target/test-dir/MiniOzoneClusterImpl-643d7c15-9dbf-483e-b833-385308e7c027/datanode-2/data/ratis/0143408e-409e-4922-8f96-61f2f789b92d has been successfully formatted.
2019-06-14 05:06:59,777 INFO  storage.RaftStorageDirectory (RaftStorageDirectory.java:tryLock(328)) - Lock on /opt/src/hadoop-ozone/integration-test/target/test-dir/MiniOzoneClusterImpl-643d7c15-9dbf-483e-b833-385308e7c027/datanode-5/data/ratis/0143408e-409e-4922-8f96-61f2f789b92d/in_use.lock acquired by nodename 9878@ozone-9f9b8-993936649
2019-06-14 05:06:59,777 INFO  ratis.ContainerStateMachine (ContainerStateMachine.java:loadSnapshot(199)) - The snapshot info is null.Setting the last applied index to:(t:0, i:~)
2019-06-14 05:06:59,777 INFO  server.RaftServerConfigKeys (ConfUtils.java:logGet(43)) - raft.server.leader.election.timeout = 10s (custom)
2019-06-14 05:06:59,777 INFO  server.RaftServerConfigKeys (ConfUtils.java:logGet(43)) - raft.server.log.use.memory = false (default)
2019-06-14 05:06:59,778 INFO  server.RaftServerConfigKeys (ConfUtils.java:logGet(43)) - raft.server.log.appender.buffer.byte-limit = 33554432 (custom)
2019-06-14 05:06:59,778 INFO  server.RaftServerConfigKeys (ConfUtils.java:logGet(43)) - raft.server.log.segment.size.max = 16384 (custom)
2019-06-14 05:06:59,778 INFO  server.RaftServerConfigKeys (ConfUtils.java:logGet(43)) - raft.server.log.segment.cache.num.max = 2 (custom)
2019-06-14 05:06:59,778 INFO  storage.RaftLogWorker (RaftLogWorker.java:<init>(123)) - new 316d61b1-efd9-4d2e-bbfd-0970b9850c18-RaftLogWorker for Storage Directory /opt/src/hadoop-ozone/integration-test/target/test-dir/MiniOzoneClusterImpl-643d7c15-9dbf-483e-b833-385308e7c027/datanode-2/data/ratis/0143408e-409e-4922-8f96-61f2f789b92d
2019-06-14 05:06:59,778 INFO  server.RaftServerConfigKeys (ConfUtils.java:logGet(43)) - raft.server.log.queue.byte-limit = 2147483647 (custom)
2019-06-14 05:06:59,778 INFO  server.RaftServerConfigKeys (ConfUtils.java:logGet(43)) - raft.server.log.queue.element-limit = 1024 (custom)
2019-06-14 05:06:59,778 INFO  server.RaftServerConfigKeys (ConfUtils.java:logGet(43)) - raft.server.log.segment.size.max = 16384 (custom)
2019-06-14 05:06:59,778 INFO  server.RaftServerConfigKeys (ConfUtils.java:logGet(43)) - raft.server.log.preallocated.size = 16384 (custom)
2019-06-14 05:06:59,778 INFO  server.RaftServerConfigKeys (ConfUtils.java:logGet(43)) - raft.server.log.write.buffer.size = 33554432 (custom)
2019-06-14 05:06:59,778 INFO  server.RaftServerConfigKeys (ConfUtils.java:logGet(43)) - raft.server.log.force.sync.num = 128 (default)
2019-06-14 05:06:59,778 INFO  server.RaftServerConfigKeys (ConfUtils.java:logGet(43)) - raft.server.log.statemachine.data.sync = true (default)
2019-06-14 05:06:59,779 INFO  server.RaftServerConfigKeys (ConfUtils.java:logGet(43)) - raft.server.log.statemachine.data.sync.timeout = 10s (default)
2019-06-14 05:06:59,779 INFO  server.RaftServerConfigKeys (ConfUtils.java:logGet(43)) - raft.server.log.statemachine.data.sync.timeout.retry = -1 (default)
2019-06-14 05:06:59,779 INFO  storage.RaftStorage (RaftStorage.java:format(75)) - Storage directory /opt/src/hadoop-ozone/integration-test/target/test-dir/MiniOzoneClusterImpl-643d7c15-9dbf-483e-b833-385308e7c027/datanode-5/data/ratis/0143408e-409e-4922-8f96-61f2f789b92d has been successfully formatted.
2019-06-14 05:06:59,779 INFO  ratis.ContainerStateMachine (ContainerStateMachine.java:loadSnapshot(199)) - The snapshot info is null.Setting the last applied index to:(t:0, i:~)
2019-06-14 05:06:59,779 INFO  server.RaftServerConfigKeys (ConfUtils.java:logGet(43)) - raft.server.leader.election.timeout = 10s (custom)
2019-06-14 05:06:59,779 INFO  server.RaftServerConfigKeys (ConfUtils.java:logGet(43)) - raft.server.log.use.memory = false (default)
2019-06-14 05:06:59,780 INFO  server.RaftServerConfigKeys (ConfUtils.java:logGet(43)) - raft.server.log.appender.buffer.byte-limit = 33554432 (custom)
2019-06-14 05:06:59,780 INFO  server.RaftServerConfigKeys (ConfUtils.java:logGet(43)) - raft.server.log.segment.size.max = 16384 (custom)
2019-06-14 05:06:59,780 INFO  server.RaftServerConfigKeys (ConfUtils.java:logGet(43)) - raft.server.log.segment.cache.num.max = 2 (custom)
2019-06-14 05:06:59,780 INFO  storage.RaftLogWorker (RaftLogWorker.java:<init>(123)) - new 0b53140d-8206-4059-9a14-96933aaf3cfd-RaftLogWorker for Storage Directory /opt/src/hadoop-ozone/integration-test/target/test-dir/MiniOzoneClusterImpl-643d7c15-9dbf-483e-b833-385308e7c027/datanode-5/data/ratis/0143408e-409e-4922-8f96-61f2f789b92d
2019-06-14 05:06:59,780 INFO  server.RaftServerConfigKeys (ConfUtils.java:logGet(43)) - raft.server.log.queue.byte-limit = 2147483647 (custom)
2019-06-14 05:06:59,780 INFO  server.RaftServerConfigKeys (ConfUtils.java:logGet(43)) - raft.server.log.queue.element-limit = 1024 (custom)
2019-06-14 05:06:59,780 INFO  server.RaftServerConfigKeys (ConfUtils.java:logGet(43)) - raft.server.log.segment.size.max = 16384 (custom)
2019-06-14 05:06:59,780 INFO  server.RaftServerConfigKeys (ConfUtils.java:logGet(43)) - raft.server.log.preallocated.size = 16384 (custom)
2019-06-14 05:06:59,780 INFO  server.RaftServerConfigKeys (ConfUtils.java:logGet(43)) - raft.server.log.write.buffer.size = 33554432 (custom)
2019-06-14 05:06:59,780 INFO  server.RaftServerConfigKeys (ConfUtils.java:logGet(43)) - raft.server.log.force.sync.num = 128 (default)
2019-06-14 05:06:59,780 INFO  server.RaftServerConfigKeys (ConfUtils.java:logGet(43)) - raft.server.log.statemachine.data.sync = true (default)
2019-06-14 05:06:59,780 INFO  server.RaftServerConfigKeys (ConfUtils.java:logGet(43)) - raft.server.log.statemachine.data.sync.timeout = 10s (default)
2019-06-14 05:06:59,781 INFO  server.RaftServerConfigKeys (ConfUtils.java:logGet(43)) - raft.server.log.statemachine.data.sync.timeout.retry = -1 (default)
2019-06-14 05:06:59,781 INFO  server.RaftServerConfigKeys (ConfUtils.java:logGet(43)) - raft.server.log.statemachine.data.caching.enabled = true (custom)
2019-06-14 05:06:59,782 INFO  util.JmxRegister (JmxRegister.java:tryRegister(44)) - Successfully registered JMX Bean with object name Ratis:service=RaftServer,group=group-61F2F789B92D,id=7e519f35-6d11-48a7-b735-68ab06f49b41
2019-06-14 05:06:59,782 INFO  server.RaftServerConfigKeys (ConfUtils.java:logGet(43)) - raft.server.log.statemachine.data.caching.enabled = true (custom)
2019-06-14 05:06:59,783 INFO  server.RaftServerConfigKeys (ConfUtils.java:logGet(43)) - raft.server.snapshot.auto.trigger.enabled = true (custom)
2019-06-14 05:06:59,784 INFO  server.RaftServerConfigKeys (ConfUtils.java:logGet(43)) - raft.server.snapshot.auto.trigger.threshold = 10000 (custom)
2019-06-14 05:06:59,784 INFO  server.RaftServerConfigKeys (ConfUtils.java:logGet(43)) - raft.server.retrycache.expirytime = 600000ms (custom)
2019-06-14 05:06:59,784 INFO  impl.RaftServerImpl (RaftServerImpl.java:start(173)) - 316d61b1-efd9-4d2e-bbfd-0970b9850c18: start group-61F2F789B92D
2019-06-14 05:06:59,784 INFO  impl.RaftServerImpl (RaftServerImpl.java:setRole(164)) - 316d61b1-efd9-4d2e-bbfd-0970b9850c18:group-61F2F789B92D changes role from null to FOLLOWER at term 0 for startAsFollower
2019-06-14 05:06:59,785 INFO  server.RaftServerConfigKeys (ConfUtils.java:logGet(43)) - raft.server.snapshot.auto.trigger.enabled = true (custom)
2019-06-14 05:06:59,785 INFO  server.RaftServerConfigKeys (ConfUtils.java:logGet(43)) - raft.server.snapshot.auto.trigger.threshold = 10000 (custom)
2019-06-14 05:06:59,785 INFO  server.RaftServerConfigKeys (ConfUtils.java:logGet(43)) - raft.server.retrycache.expirytime = 600000ms (custom)
2019-06-14 05:06:59,785 INFO  impl.RoleInfo (RoleInfo.java:updateAndGet(143)) - 316d61b1-efd9-4d2e-bbfd-0970b9850c18: start FollowerState
2019-06-14 05:06:59,785 INFO  impl.RaftServerImpl (RaftServerImpl.java:start(173)) - 0b53140d-8206-4059-9a14-96933aaf3cfd: start group-61F2F789B92D
2019-06-14 05:06:59,785 INFO  impl.RaftServerImpl (RaftServerImpl.java:setRole(164)) - 0b53140d-8206-4059-9a14-96933aaf3cfd:group-61F2F789B92D changes role from null to FOLLOWER at term 0 for startAsFollower
2019-06-14 05:06:59,785 INFO  util.JmxRegister (JmxRegister.java:tryRegister(44)) - Successfully registered JMX Bean with object name Ratis:service=RaftServer,group=group-61F2F789B92D,id=316d61b1-efd9-4d2e-bbfd-0970b9850c18
2019-06-14 05:06:59,786 INFO  impl.RoleInfo (RoleInfo.java:updateAndGet(143)) - 0b53140d-8206-4059-9a14-96933aaf3cfd: start FollowerState
2019-06-14 05:06:59,799 INFO  util.JmxRegister (JmxRegister.java:tryRegister(44)) - Successfully registered JMX Bean with object name Ratis:service=RaftServer,group=group-61F2F789B92D,id=0b53140d-8206-4059-9a14-96933aaf3cfd
2019-06-14 05:06:59,806 INFO  pipeline.PipelineStateManager (PipelineStateManager.java:addPipeline(56)) - Created pipeline Pipeline[ Id: 0143408e-409e-4922-8f96-61f2f789b92d, Nodes: 0b53140d-8206-4059-9a14-96933aaf3cfd{ip: 192.168.46.6, host: ozone-9f9b8-993936649, networkLocation: /default-rack, certSerialId: null}7e519f35-6d11-48a7-b735-68ab06f49b41{ip: 192.168.46.6, host: ozone-9f9b8-993936649, networkLocation: /default-rack, certSerialId: null}316d61b1-efd9-4d2e-bbfd-0970b9850c18{ip: 192.168.46.6, host: ozone-9f9b8-993936649, networkLocation: /default-rack, certSerialId: null}, Type:RATIS, Factor:THREE, State:OPEN]
2019-06-14 05:07:00,338 INFO  impl.FollowerState (FollowerState.java:run(101)) - 532cf6f0-e5e2-4660-bc4e-829bdeb1f6bb:group-EBD2E819D838 changes to CANDIDATE, lastRpcTime:1070, electionTimeout:1070ms
2019-06-14 05:07:00,339 INFO  impl.RoleInfo (RoleInfo.java:shutdownFollowerState(121)) - 532cf6f0-e5e2-4660-bc4e-829bdeb1f6bb: shutdown FollowerState
2019-06-14 05:07:00,339 INFO  impl.RaftServerImpl (RaftServerImpl.java:setRole(164)) - 532cf6f0-e5e2-4660-bc4e-829bdeb1f6bb:group-EBD2E819D838 changes role from FOLLOWER to CANDIDATE at term 0 for changeToCandidate
2019-06-14 05:07:00,341 INFO  impl.RoleInfo (RoleInfo.java:updateAndGet(143)) - 532cf6f0-e5e2-4660-bc4e-829bdeb1f6bb: start LeaderElection
2019-06-14 05:07:00,367 INFO  impl.LeaderElection (LeaderElection.java:askForVotes(181)) - 532cf6f0-e5e2-4660-bc4e-829bdeb1f6bb:group-EBD2E819D838:LeaderElection1: begin an election at term 1 for -1: [532cf6f0-e5e2-4660-bc4e-829bdeb1f6bb:192.168.46.6:39903], old=null
2019-06-14 05:07:00,369 INFO  impl.RoleInfo (RoleInfo.java:shutdownLeaderElection(134)) - 532cf6f0-e5e2-4660-bc4e-829bdeb1f6bb: shutdown LeaderElection
2019-06-14 05:07:00,370 INFO  impl.RaftServerImpl (RaftServerImpl.java:setRole(164)) - 532cf6f0-e5e2-4660-bc4e-829bdeb1f6bb:group-EBD2E819D838 changes role from CANDIDATE to LEADER at term 1 for changeToLeader
2019-06-14 05:07:00,370 INFO  impl.RaftServerImpl (ServerState.java:setLeader(263)) - 532cf6f0-e5e2-4660-bc4e-829bdeb1f6bb:group-EBD2E819D838 change Leader from null to 532cf6f0-e5e2-4660-bc4e-829bdeb1f6bb at term 1 for becomeLeader, leader elected after 1273ms
2019-06-14 05:07:00,374 INFO  server.RaftServerConfigKeys (ConfUtils.java:logGet(43)) - raft.server.staging.catchup.gap = 1000 (default)
2019-06-14 05:07:00,374 INFO  server.RaftServerConfigKeys (ConfUtils.java:logGet(43)) - raft.server.rpc.sleep.time = 25ms (default)
2019-06-14 05:07:00,376 INFO  server.RaftServerConfigKeys (ConfUtils.java:logGet(43)) - raft.server.watch.timeout = 10s (default)
2019-06-14 05:07:00,376 INFO  server.RaftServerConfigKeys (ConfUtils.java:logGet(43)) - raft.server.watch.timeout.denomination = 1s (default)
2019-06-14 05:07:00,382 INFO  impl.RoleInfo (RoleInfo.java:updateAndGet(143)) - 532cf6f0-e5e2-4660-bc4e-829bdeb1f6bb: start LeaderState
2019-06-14 05:07:00,396 INFO  storage.RaftLogWorker (RaftLogWorker.java:startLogSegment(298)) - 532cf6f0-e5e2-4660-bc4e-829bdeb1f6bb-RaftLogWorker: Starting segment from index:0
2019-06-14 05:07:00,404 INFO  impl.RaftServerImpl (ServerState.java:setRaftConf(361)) - 532cf6f0-e5e2-4660-bc4e-829bdeb1f6bb:group-EBD2E819D838 set configuration 0: [532cf6f0-e5e2-4660-bc4e-829bdeb1f6bb:192.168.46.6:39903], old=null at 0
2019-06-14 05:07:00,484 INFO  impl.FollowerState (FollowerState.java:run(101)) - a3f8bf27-021f-4250-8f40-e4d714061ed4:group-C701C0E51811 changes to CANDIDATE, lastRpcTime:1147, electionTimeout:1146ms
2019-06-14 05:07:00,485 INFO  impl.FollowerState (FollowerState.java:run(101)) - 316d61b1-efd9-4d2e-bbfd-0970b9850c18:group-C425DE8D1565 changes to CANDIDATE, lastRpcTime:1044, electionTimeout:1043ms
2019-06-14 05:07:00,485 INFO  impl.RoleInfo (RoleInfo.java:shutdownFollowerState(121)) - a3f8bf27-021f-4250-8f40-e4d714061ed4: shutdown FollowerState
2019-06-14 05:07:00,486 INFO  impl.RoleInfo (RoleInfo.java:shutdownFollowerState(121)) - 316d61b1-efd9-4d2e-bbfd-0970b9850c18: shutdown FollowerState
2019-06-14 05:07:00,486 INFO  impl.RaftServerImpl (RaftServerImpl.java:setRole(164)) - a3f8bf27-021f-4250-8f40-e4d714061ed4:group-C701C0E51811 changes role from FOLLOWER to CANDIDATE at term 0 for changeToCandidate
2019-06-14 05:07:00,486 INFO  impl.RaftServerImpl (RaftServerImpl.java:setRole(164)) - 316d61b1-efd9-4d2e-bbfd-0970b9850c18:group-C425DE8D1565 changes role from FOLLOWER to CANDIDATE at term 0 for changeToCandidate
2019-06-14 05:07:00,486 INFO  impl.RoleInfo (RoleInfo.java:updateAndGet(143)) - a3f8bf27-021f-4250-8f40-e4d714061ed4: start LeaderElection
2019-06-14 05:07:00,486 INFO  impl.RoleInfo (RoleInfo.java:updateAndGet(143)) - 316d61b1-efd9-4d2e-bbfd-0970b9850c18: start LeaderElection
2019-06-14 05:07:00,494 INFO  impl.LeaderElection (LeaderElection.java:askForVotes(181)) - a3f8bf27-021f-4250-8f40-e4d714061ed4:group-C701C0E51811:LeaderElection2: begin an election at term 1 for -1: [a3f8bf27-021f-4250-8f40-e4d714061ed4:192.168.46.6:37077], old=null
2019-06-14 05:07:00,495 INFO  impl.RoleInfo (RoleInfo.java:shutdownLeaderElection(134)) - a3f8bf27-021f-4250-8f40-e4d714061ed4: shutdown LeaderElection
2019-06-14 05:07:00,495 INFO  impl.RaftServerImpl (RaftServerImpl.java:setRole(164)) - a3f8bf27-021f-4250-8f40-e4d714061ed4:group-C701C0E51811 changes role from CANDIDATE to LEADER at term 1 for changeToLeader
2019-06-14 05:07:00,495 INFO  impl.RaftServerImpl (ServerState.java:setLeader(263)) - a3f8bf27-021f-4250-8f40-e4d714061ed4:group-C701C0E51811 change Leader from null to a3f8bf27-021f-4250-8f40-e4d714061ed4 at term 1 for becomeLeader, leader elected after 1161ms
2019-06-14 05:07:00,496 INFO  server.RaftServerConfigKeys (ConfUtils.java:logGet(43)) - raft.server.staging.catchup.gap = 1000 (default)
2019-06-14 05:07:00,496 INFO  impl.LeaderElection (LeaderElection.java:askForVotes(181)) - 316d61b1-efd9-4d2e-bbfd-0970b9850c18:group-C425DE8D1565:LeaderElection3: begin an election at term 1 for -1: [316d61b1-efd9-4d2e-bbfd-0970b9850c18:192.168.46.6:36657], old=null
2019-06-14 05:07:00,496 INFO  server.RaftServerConfigKeys (ConfUtils.java:logGet(43)) - raft.server.rpc.sleep.time = 25ms (default)
2019-06-14 05:07:00,497 INFO  server.RaftServerConfigKeys (ConfUtils.java:logGet(43)) - raft.server.watch.timeout = 10s (default)
2019-06-14 05:07:00,497 INFO  server.RaftServerConfigKeys (ConfUtils.java:logGet(43)) - raft.server.watch.timeout.denomination = 1s (default)
2019-06-14 05:07:00,497 INFO  impl.RoleInfo (RoleInfo.java:updateAndGet(143)) - a3f8bf27-021f-4250-8f40-e4d714061ed4: start LeaderState
2019-06-14 05:07:00,497 INFO  storage.RaftLogWorker (RaftLogWorker.java:startLogSegment(298)) - a3f8bf27-021f-4250-8f40-e4d714061ed4-RaftLogWorker: Starting segment from index:0
2019-06-14 05:07:00,497 INFO  impl.RoleInfo (RoleInfo.java:shutdownLeaderElection(134)) - 316d61b1-efd9-4d2e-bbfd-0970b9850c18: shutdown LeaderElection
2019-06-14 05:07:00,499 INFO  impl.RaftServerImpl (RaftServerImpl.java:setRole(164)) - 316d61b1-efd9-4d2e-bbfd-0970b9850c18:group-C425DE8D1565 changes role from CANDIDATE to LEADER at term 1 for changeToLeader
2019-06-14 05:07:00,499 INFO  impl.RaftServerImpl (ServerState.java:setLeader(263)) - 316d61b1-efd9-4d2e-bbfd-0970b9850c18:group-C425DE8D1565 change Leader from null to 316d61b1-efd9-4d2e-bbfd-0970b9850c18 at term 1 for becomeLeader, leader elected after 1059ms
2019-06-14 05:07:00,506 INFO  server.RaftServerConfigKeys (ConfUtils.java:logGet(43)) - raft.server.staging.catchup.gap = 1000 (default)
2019-06-14 05:07:00,506 INFO  impl.RaftServerImpl (ServerState.java:setRaftConf(361)) - a3f8bf27-021f-4250-8f40-e4d714061ed4:group-C701C0E51811 set configuration 0: [a3f8bf27-021f-4250-8f40-e4d714061ed4:192.168.46.6:37077], old=null at 0
2019-06-14 05:07:00,506 INFO  server.RaftServerConfigKeys (ConfUtils.java:logGet(43)) - raft.server.rpc.sleep.time = 25ms (default)
2019-06-14 05:07:00,507 INFO  server.RaftServerConfigKeys (ConfUtils.java:logGet(43)) - raft.server.watch.timeout = 10s (default)
2019-06-14 05:07:00,507 INFO  server.RaftServerConfigKeys (ConfUtils.java:logGet(43)) - raft.server.watch.timeout.denomination = 1s (default)
2019-06-14 05:07:00,508 INFO  impl.RoleInfo (RoleInfo.java:updateAndGet(143)) - 316d61b1-efd9-4d2e-bbfd-0970b9850c18: start LeaderState
2019-06-14 05:07:00,508 INFO  storage.RaftLogWorker (RaftLogWorker.java:startLogSegment(298)) - 316d61b1-efd9-4d2e-bbfd-0970b9850c18-RaftLogWorker: Starting segment from index:0
2019-06-14 05:07:00,508 INFO  impl.RaftServerImpl (ServerState.java:setRaftConf(361)) - 316d61b1-efd9-4d2e-bbfd-0970b9850c18:group-C425DE8D1565 set configuration 0: [316d61b1-efd9-4d2e-bbfd-0970b9850c18:192.168.46.6:36657], old=null at 0
2019-06-14 05:07:00,549 INFO  impl.FollowerState (FollowerState.java:run(101)) - a3f8bf27-021f-4250-8f40-e4d714061ed4:group-2881430DBD46 changes to CANDIDATE, lastRpcTime:1049, electionTimeout:1047ms
2019-06-14 05:07:00,549 INFO  impl.RoleInfo (RoleInfo.java:shutdownFollowerState(121)) - a3f8bf27-021f-4250-8f40-e4d714061ed4: shutdown FollowerState
2019-06-14 05:07:00,549 INFO  impl.RaftServerImpl (RaftServerImpl.java:setRole(164)) - a3f8bf27-021f-4250-8f40-e4d714061ed4:group-2881430DBD46 changes role from FOLLOWER to CANDIDATE at term 0 for changeToCandidate
2019-06-14 05:07:00,549 INFO  impl.RoleInfo (RoleInfo.java:updateAndGet(143)) - a3f8bf27-021f-4250-8f40-e4d714061ed4: start LeaderElection
2019-06-14 05:07:00,588 INFO  impl.FollowerState (FollowerState.java:run(101)) - 32426236-ab1c-4eba-9437-53ee72db6f46:group-C10A806952DC changes to CANDIDATE, lastRpcTime:1187, electionTimeout:1167ms
2019-06-14 05:07:00,588 INFO  impl.RoleInfo (RoleInfo.java:shutdownFollowerState(121)) - 32426236-ab1c-4eba-9437-53ee72db6f46: shutdown FollowerState
2019-06-14 05:07:00,588 INFO  impl.RaftServerImpl (RaftServerImpl.java:setRole(164)) - 32426236-ab1c-4eba-9437-53ee72db6f46:group-C10A806952DC changes role from FOLLOWER to CANDIDATE at term 0 for changeToCandidate
2019-06-14 05:07:00,589 INFO  impl.RoleInfo (RoleInfo.java:updateAndGet(143)) - 32426236-ab1c-4eba-9437-53ee72db6f46: start LeaderElection
2019-06-14 05:07:00,598 INFO  impl.FollowerState (FollowerState.java:run(101)) - 532cf6f0-e5e2-4660-bc4e-829bdeb1f6bb:group-2881430DBD46 changes to CANDIDATE, lastRpcTime:1098, electionTimeout:1096ms
2019-06-14 05:07:00,598 INFO  impl.RoleInfo (RoleInfo.java:shutdownFollowerState(121)) - 532cf6f0-e5e2-4660-bc4e-829bdeb1f6bb: shutdown FollowerState
2019-06-14 05:07:00,600 INFO  impl.RaftServerImpl (RaftServerImpl.java:setRole(164)) - 532cf6f0-e5e2-4660-bc4e-829bdeb1f6bb:group-2881430DBD46 changes role from FOLLOWER to CANDIDATE at term 0 for changeToCandidate
2019-06-14 05:07:00,600 INFO  impl.RoleInfo (RoleInfo.java:updateAndGet(143)) - 532cf6f0-e5e2-4660-bc4e-829bdeb1f6bb: start LeaderElection
2019-06-14 05:07:00,603 INFO  impl.LeaderElection (LeaderElection.java:askForVotes(181)) - 32426236-ab1c-4eba-9437-53ee72db6f46:group-C10A806952DC:LeaderElection5: begin an election at term 1 for -1: [32426236-ab1c-4eba-9437-53ee72db6f46:192.168.46.6:45533], old=null
2019-06-14 05:07:00,603 INFO  impl.RoleInfo (RoleInfo.java:shutdownLeaderElection(134)) - 32426236-ab1c-4eba-9437-53ee72db6f46: shutdown LeaderElection
2019-06-14 05:07:00,603 INFO  impl.RaftServerImpl (RaftServerImpl.java:setRole(164)) - 32426236-ab1c-4eba-9437-53ee72db6f46:group-C10A806952DC changes role from CANDIDATE to LEADER at term 1 for changeToLeader
2019-06-14 05:07:00,603 INFO  impl.RaftServerImpl (ServerState.java:setLeader(263)) - 32426236-ab1c-4eba-9437-53ee72db6f46:group-C10A806952DC change Leader from null to 32426236-ab1c-4eba-9437-53ee72db6f46 at term 1 for becomeLeader, leader elected after 1205ms
2019-06-14 05:07:00,604 INFO  impl.LeaderElection (LeaderElection.java:askForVotes(181)) - a3f8bf27-021f-4250-8f40-e4d714061ed4:group-2881430DBD46:LeaderElection4: begin an election at term 1 for -1: [532cf6f0-e5e2-4660-bc4e-829bdeb1f6bb:192.168.46.6:39903, 32426236-ab1c-4eba-9437-53ee72db6f46:192.168.46.6:45533, a3f8bf27-021f-4250-8f40-e4d714061ed4:192.168.46.6:37077], old=null
2019-06-14 05:07:00,606 INFO  server.RaftServerConfigKeys (ConfUtils.java:logGet(43)) - raft.server.staging.catchup.gap = 1000 (default)
2019-06-14 05:07:00,606 INFO  server.RaftServerConfigKeys (ConfUtils.java:logGet(43)) - raft.server.rpc.sleep.time = 25ms (default)
2019-06-14 05:07:00,606 INFO  server.RaftServerConfigKeys (ConfUtils.java:logGet(43)) - raft.server.watch.timeout = 10s (default)
2019-06-14 05:07:00,606 INFO  server.RaftServerConfigKeys (ConfUtils.java:logGet(43)) - raft.server.watch.timeout.denomination = 1s (default)
2019-06-14 05:07:00,607 INFO  impl.RoleInfo (RoleInfo.java:updateAndGet(143)) - 32426236-ab1c-4eba-9437-53ee72db6f46: start LeaderState
2019-06-14 05:07:00,607 INFO  storage.RaftLogWorker (RaftLogWorker.java:startLogSegment(298)) - 32426236-ab1c-4eba-9437-53ee72db6f46-RaftLogWorker: Starting segment from index:0
2019-06-14 05:07:00,607 INFO  impl.RaftServerImpl (ServerState.java:setRaftConf(361)) - 32426236-ab1c-4eba-9437-53ee72db6f46:group-C10A806952DC set configuration 0: [32426236-ab1c-4eba-9437-53ee72db6f46:192.168.46.6:45533], old=null at 0
2019-06-14 05:07:00,625 INFO  storage.RaftLogWorker (RaftLogWorker.java:execute(469)) - a3f8bf27-021f-4250-8f40-e4d714061ed4-RaftLogWorker: created new log segment /opt/src/hadoop-ozone/integration-test/target/test-dir/MiniOzoneClusterImpl-643d7c15-9dbf-483e-b833-385308e7c027/datanode-3/data/ratis/ea664956-beae-440e-9d0e-c701c0e51811/current/log_inprogress_0
2019-06-14 05:07:00,647 INFO  impl.FollowerState (FollowerState.java:run(101)) - 32426236-ab1c-4eba-9437-53ee72db6f46:group-2881430DBD46 changes to CANDIDATE, lastRpcTime:1141, electionTimeout:1141ms
2019-06-14 05:07:00,647 INFO  impl.RoleInfo (RoleInfo.java:shutdownFollowerState(121)) - 32426236-ab1c-4eba-9437-53ee72db6f46: shutdown FollowerState
2019-06-14 05:07:00,649 INFO  storage.RaftLogWorker (RaftLogWorker.java:execute(469)) - 316d61b1-efd9-4d2e-bbfd-0970b9850c18-RaftLogWorker: created new log segment /opt/src/hadoop-ozone/integration-test/target/test-dir/MiniOzoneClusterImpl-643d7c15-9dbf-483e-b833-385308e7c027/datanode-2/data/ratis/7c888584-9893-41df-8c8a-c425de8d1565/current/log_inprogress_0
2019-06-14 05:07:00,650 INFO  storage.RaftLogWorker (RaftLogWorker.java:execute(469)) - 532cf6f0-e5e2-4660-bc4e-829bdeb1f6bb-RaftLogWorker: created new log segment /opt/src/hadoop-ozone/integration-test/target/test-dir/MiniOzoneClusterImpl-643d7c15-9dbf-483e-b833-385308e7c027/datanode-0/data/ratis/f6dc01ea-d4e8-4d89-94a9-ebd2e819d838/current/log_inprogress_0
2019-06-14 05:07:00,650 INFO  impl.LeaderElection (LeaderElection.java:askForVotes(181)) - 532cf6f0-e5e2-4660-bc4e-829bdeb1f6bb:group-2881430DBD46:LeaderElection6: begin an election at term 1 for -1: [532cf6f0-e5e2-4660-bc4e-829bdeb1f6bb:192.168.46.6:39903, 32426236-ab1c-4eba-9437-53ee72db6f46:192.168.46.6:45533, a3f8bf27-021f-4250-8f40-e4d714061ed4:192.168.46.6:37077], old=null
2019-06-14 05:07:00,653 INFO  impl.RaftServerImpl (RaftServerImpl.java:setRole(164)) - 32426236-ab1c-4eba-9437-53ee72db6f46:group-2881430DBD46 changes role from FOLLOWER to CANDIDATE at term 0 for changeToCandidate
2019-06-14 05:07:00,653 INFO  impl.RoleInfo (RoleInfo.java:updateAndGet(143)) - 32426236-ab1c-4eba-9437-53ee72db6f46: start LeaderElection
2019-06-14 05:07:00,653 INFO  storage.RaftLogWorker (RaftLogWorker.java:execute(469)) - 32426236-ab1c-4eba-9437-53ee72db6f46-RaftLogWorker: created new log segment /opt/src/hadoop-ozone/integration-test/target/test-dir/MiniOzoneClusterImpl-643d7c15-9dbf-483e-b833-385308e7c027/datanode-1/data/ratis/eeaceec1-7bb7-4437-99ca-c10a806952dc/current/log_inprogress_0
2019-06-14 05:07:00,667 INFO  impl.FollowerState (FollowerState.java:run(101)) - 7e519f35-6d11-48a7-b735-68ab06f49b41:group-67285E70C29D changes to CANDIDATE, lastRpcTime:1127, electionTimeout:1127ms
2019-06-14 05:07:00,667 INFO  impl.RoleInfo (RoleInfo.java:shutdownFollowerState(121)) - 7e519f35-6d11-48a7-b735-68ab06f49b41: shutdown FollowerState
2019-06-14 05:07:00,667 INFO  impl.RaftServerImpl (RaftServerImpl.java:setRole(164)) - 7e519f35-6d11-48a7-b735-68ab06f49b41:group-67285E70C29D changes role from FOLLOWER to CANDIDATE at term 0 for changeToCandidate
2019-06-14 05:07:00,667 INFO  impl.RoleInfo (RoleInfo.java:updateAndGet(143)) - 7e519f35-6d11-48a7-b735-68ab06f49b41: start LeaderElection
2019-06-14 05:07:00,674 INFO  impl.LeaderElection (LeaderElection.java:askForVotes(181)) - 32426236-ab1c-4eba-9437-53ee72db6f46:group-2881430DBD46:LeaderElection7: begin an election at term 1 for -1: [532cf6f0-e5e2-4660-bc4e-829bdeb1f6bb:192.168.46.6:39903, 32426236-ab1c-4eba-9437-53ee72db6f46:192.168.46.6:45533, a3f8bf27-021f-4250-8f40-e4d714061ed4:192.168.46.6:37077], old=null
2019-06-14 05:07:00,676 INFO  impl.LeaderElection (LeaderElection.java:askForVotes(181)) - 7e519f35-6d11-48a7-b735-68ab06f49b41:group-67285E70C29D:LeaderElection8: begin an election at term 1 for -1: [7e519f35-6d11-48a7-b735-68ab06f49b41:192.168.46.6:39475], old=null
2019-06-14 05:07:00,677 INFO  impl.RoleInfo (RoleInfo.java:shutdownLeaderElection(134)) - 7e519f35-6d11-48a7-b735-68ab06f49b41: shutdown LeaderElection
2019-06-14 05:07:00,677 INFO  impl.RaftServerImpl (RaftServerImpl.java:setRole(164)) - 7e519f35-6d11-48a7-b735-68ab06f49b41:group-67285E70C29D changes role from CANDIDATE to LEADER at term 1 for changeToLeader
2019-06-14 05:07:00,677 INFO  impl.RaftServerImpl (ServerState.java:setLeader(263)) - 7e519f35-6d11-48a7-b735-68ab06f49b41:group-67285E70C29D change Leader from null to 7e519f35-6d11-48a7-b735-68ab06f49b41 at term 1 for becomeLeader, leader elected after 1139ms
2019-06-14 05:07:00,695 INFO  server.RaftServerConfigKeys (ConfUtils.java:logGet(43)) - raft.server.staging.catchup.gap = 1000 (default)
2019-06-14 05:07:00,695 INFO  server.RaftServerConfigKeys (ConfUtils.java:logGet(43)) - raft.server.rpc.sleep.time = 25ms (default)
2019-06-14 05:07:00,695 INFO  server.RaftServerConfigKeys (ConfUtils.java:logGet(43)) - raft.server.watch.timeout = 10s (default)
2019-06-14 05:07:00,695 INFO  server.RaftServerConfigKeys (ConfUtils.java:logGet(43)) - raft.server.watch.timeout.denomination = 1s (default)
2019-06-14 05:07:00,695 INFO  impl.RoleInfo (RoleInfo.java:updateAndGet(143)) - 7e519f35-6d11-48a7-b735-68ab06f49b41: start LeaderState
2019-06-14 05:07:00,696 INFO  storage.RaftLogWorker (RaftLogWorker.java:startLogSegment(298)) - 7e519f35-6d11-48a7-b735-68ab06f49b41-RaftLogWorker: Starting segment from index:0
2019-06-14 05:07:00,698 INFO  impl.RaftServerImpl (ServerState.java:setRaftConf(361)) - 7e519f35-6d11-48a7-b735-68ab06f49b41:group-67285E70C29D set configuration 0: [7e519f35-6d11-48a7-b735-68ab06f49b41:192.168.46.6:39475], old=null at 0
2019-06-14 05:07:00,715 INFO  ozone.MiniOzoneClusterImpl (MiniOzoneClusterImpl.java:lambda$waitForClusterToBeReady$0(142)) - Cluster is ready. Got 6 of 6 DN Heartbeats.
2019-06-14 05:07:00,741 INFO  storage.RaftLogWorker (RaftLogWorker.java:execute(469)) - 7e519f35-6d11-48a7-b735-68ab06f49b41-RaftLogWorker: created new log segment /opt/src/hadoop-ozone/integration-test/target/test-dir/MiniOzoneClusterImpl-643d7c15-9dbf-483e-b833-385308e7c027/datanode-4/data/ratis/29ac7184-c102-4bb9-8839-67285e70c29d/current/log_inprogress_0
2019-06-14 05:07:00,743 INFO  impl.FollowerState (FollowerState.java:run(101)) - 0b53140d-8206-4059-9a14-96933aaf3cfd:group-1D6D2339051E changes to CANDIDATE, lastRpcTime:1013, electionTimeout:1013ms
2019-06-14 05:07:00,743 INFO  impl.RoleInfo (RoleInfo.java:shutdownFollowerState(121)) - 0b53140d-8206-4059-9a14-96933aaf3cfd: shutdown FollowerState
2019-06-14 05:07:00,744 INFO  impl.RaftServerImpl (RaftServerImpl.java:setRole(164)) - 0b53140d-8206-4059-9a14-96933aaf3cfd:group-1D6D2339051E changes role from FOLLOWER to CANDIDATE at term 0 for changeToCandidate
2019-06-14 05:07:00,748 INFO  impl.LeaderElection (LeaderElection.java:logAndReturn(56)) - a3f8bf27-021f-4250-8f40-e4d714061ed4:group-2881430DBD46:LeaderElection4: Election REJECTED; received 2 response(s) [a3f8bf27-021f-4250-8f40-e4d714061ed4->532cf6f0-e5e2-4660-bc4e-829bdeb1f6bb,false-t1, a3f8bf27-021f-4250-8f40-e4d714061ed4->32426236-ab1c-4eba-9437-53ee72db6f46,false-t1] and 0 exception(s); a3f8bf27-021f-4250-8f40-e4d714061ed4:t1, leader=null, voted=a3f8bf27-021f-4250-8f40-e4d714061ed4, raftlog=a3f8bf27-021f-4250-8f40-e4d714061ed4-SegmentedRaftLog:OPENED:c-1,f-1,i0, conf=-1: [532cf6f0-e5e2-4660-bc4e-829bdeb1f6bb:192.168.46.6:39903, 32426236-ab1c-4eba-9437-53ee72db6f46:192.168.46.6:45533, a3f8bf27-021f-4250-8f40-e4d714061ed4:192.168.46.6:37077], old=null
2019-06-14 05:07:00,749 INFO  impl.RoleInfo (RoleInfo.java:updateAndGet(143)) - 0b53140d-8206-4059-9a14-96933aaf3cfd: start LeaderElection
2019-06-14 05:07:00,749 INFO  impl.RaftServerImpl (RaftServerImpl.java:setRole(164)) - a3f8bf27-021f-4250-8f40-e4d714061ed4:group-2881430DBD46 changes role from CANDIDATE to FOLLOWER at term 1 for DISCOVERED_A_NEW_TERM
2019-06-14 05:07:00,754 INFO  impl.RoleInfo (RoleInfo.java:shutdownLeaderElection(134)) - a3f8bf27-021f-4250-8f40-e4d714061ed4: shutdown LeaderElection
2019-06-14 05:07:00,754 INFO  impl.RoleInfo (RoleInfo.java:updateAndGet(143)) - a3f8bf27-021f-4250-8f40-e4d714061ed4: start FollowerState
2019-06-14 05:07:00,755 INFO  impl.LeaderElection (LeaderElection.java:logAndReturn(56)) - 532cf6f0-e5e2-4660-bc4e-829bdeb1f6bb:group-2881430DBD46:LeaderElection6: Election REJECTED; received 2 response(s) [532cf6f0-e5e2-4660-bc4e-829bdeb1f6bb->32426236-ab1c-4eba-9437-53ee72db6f46,false-t1, 532cf6f0-e5e2-4660-bc4e-829bdeb1f6bb->a3f8bf27-021f-4250-8f40-e4d714061ed4,false-t1] and 0 exception(s); 532cf6f0-e5e2-4660-bc4e-829bdeb1f6bb:t1, leader=null, voted=532cf6f0-e5e2-4660-bc4e-829bdeb1f6bb, raftlog=532cf6f0-e5e2-4660-bc4e-829bdeb1f6bb-SegmentedRaftLog:OPENED:c-1,f-1,i0, conf=-1: [532cf6f0-e5e2-4660-bc4e-829bdeb1f6bb:192.168.46.6:39903, 32426236-ab1c-4eba-9437-53ee72db6f46:192.168.46.6:45533, a3f8bf27-021f-4250-8f40-e4d714061ed4:192.168.46.6:37077], old=null
2019-06-14 05:07:00,756 INFO  impl.RaftServerImpl (RaftServerImpl.java:setRole(164)) - 532cf6f0-e5e2-4660-bc4e-829bdeb1f6bb:group-2881430DBD46 changes role from CANDIDATE to FOLLOWER at term 1 for DISCOVERED_A_NEW_TERM
2019-06-14 05:07:00,756 INFO  impl.RoleInfo (RoleInfo.java:shutdownLeaderElection(134)) - 532cf6f0-e5e2-4660-bc4e-829bdeb1f6bb: shutdown LeaderElection
2019-06-14 05:07:00,757 INFO  impl.RoleInfo (RoleInfo.java:updateAndGet(143)) - 532cf6f0-e5e2-4660-bc4e-829bdeb1f6bb: start FollowerState
]]></system-out>
    <system-err><![CDATA[ERROR StatusLogger No Log4j 2 configuration file found. Using default configuration (logging only errors to the console), or user programmatically provided configurations. Set system property 'log4j2.debug' to show Log4j 2 internal initialization logging. See https://logging.apache.org/log4j/2.x/manual/configuration.html for instructions on how to configure Log4j 2
Jun 14, 2019 5:06:53 AM com.sun.jersey.server.impl.application.WebApplicationImpl _initiate
INFO: Initiating Jersey application, version 'Jersey: 1.19 02/11/2015 03:25 AM'
Jun 14, 2019 5:06:54 AM com.sun.jersey.server.impl.application.WebApplicationImpl _initiate
INFO: Initiating Jersey application, version 'Jersey: 1.19 02/11/2015 03:25 AM'
Jun 14, 2019 5:06:54 AM com.sun.jersey.server.impl.application.WebApplicationImpl _initiate
INFO: Initiating Jersey application, version 'Jersey: 1.19 02/11/2015 03:25 AM'
Jun 14, 2019 5:06:55 AM com.sun.jersey.server.impl.application.WebApplicationImpl _initiate
INFO: Initiating Jersey application, version 'Jersey: 1.19 02/11/2015 03:25 AM'
Jun 14, 2019 5:06:55 AM com.sun.jersey.server.impl.application.WebApplicationImpl _initiate
INFO: Initiating Jersey application, version 'Jersey: 1.19 02/11/2015 03:25 AM'
Jun 14, 2019 5:06:55 AM com.sun.jersey.server.impl.application.WebApplicationImpl _initiate
INFO: Initiating Jersey application, version 'Jersey: 1.19 02/11/2015 03:25 AM'
]]></system-err>
  </testcase>
</testsuite>