<?xml version="1.0" encoding="UTF-8"?>
<testsuite xmlns:xsi="http://www.w3.org/2001/XMLSchema-instance" xsi:noNamespaceSchemaLocation="https://maven.apache.org/surefire/maven-surefire-plugin/xsd/surefire-test-report.xsd" name="org.apache.hadoop.ozone.client.rpc.TestWatchForCommit" time="111.876" tests="6" errors="1" skipped="0" failures="0">
  <properties>
    <property name="awt.toolkit" value="sun.awt.X11.XToolkit"/>
    <property name="file.encoding.pkg" value="sun.io"/>
    <property name="java.specification.version" value="1.8"/>
    <property name="sun.cpu.isalist" value=""/>
    <property name="sun.jnu.encoding" value="UTF-8"/>
    <property name="java.class.path" value="/opt/src/hadoop-ozone/integration-test/target/test-classes:/opt/src/hadoop-ozone/integration-test/target/classes:/home/user/.m2/repository/org/apache/hadoop/hadoop-ozone-common/0.5.0-SNAPSHOT/hadoop-ozone-common-0.5.0-SNAPSHOT.jar:/home/user/.m2/repository/org/apache/commons/commons-compress/1.4.1/commons-compress-1.4.1.jar:/home/user/.m2/repository/org/tukaani/xz/1.0/xz-1.0.jar:/home/user/.m2/repository/org/apache/hadoop/hadoop-common/3.2.0/hadoop-common-3.2.0.jar:/home/user/.m2/repository/org/apache/hadoop/hadoop-hdfs/3.2.0/hadoop-hdfs-3.2.0.jar:/home/user/.m2/repository/org/apache/hadoop/hadoop-hdfs-client/3.2.0/hadoop-hdfs-client-3.2.0.jar:/home/user/.m2/repository/com/fasterxml/jackson/core/jackson-annotations/2.9.5/jackson-annotations-2.9.5.jar:/home/user/.m2/repository/org/apache/hadoop/hadoop-hdds-common/0.5.0-SNAPSHOT/hadoop-hdds-common-0.5.0-SNAPSHOT.jar:/home/user/.m2/repository/javax/annotation/javax.annotation-api/1.2/javax.annotation-api-1.2.jar:/home/user/.m2/repository/org/apache/ratis/ratis-server/0.4.0-fe2b15d-SNAPSHOT/ratis-server-0.4.0-fe2b15d-SNAPSHOT.jar:/home/user/.m2/repository/org/apache/ratis/ratis-thirdparty-misc/0.2.0/ratis-thirdparty-misc-0.2.0.jar:/home/user/.m2/repository/org/apache/ratis/ratis-proto/0.4.0-fe2b15d-SNAPSHOT/ratis-proto-0.4.0-fe2b15d-SNAPSHOT.jar:/home/user/.m2/repository/org/apache/ratis/ratis-common/0.4.0-fe2b15d-SNAPSHOT/ratis-common-0.4.0-fe2b15d-SNAPSHOT.jar:/home/user/.m2/repository/org/apache/ratis/ratis-client/0.4.0-fe2b15d-SNAPSHOT/ratis-client-0.4.0-fe2b15d-SNAPSHOT.jar:/home/user/.m2/repository/org/apache/ratis/ratis-netty/0.4.0-fe2b15d-SNAPSHOT/ratis-netty-0.4.0-fe2b15d-SNAPSHOT.jar:/home/user/.m2/repository/org/apache/ratis/ratis-grpc/0.4.0-fe2b15d-SNAPSHOT/ratis-grpc-0.4.0-fe2b15d-SNAPSHOT.jar:/home/user/.m2/repository/org/rocksdb/rocksdbjni/5.14.2/rocksdbjni-5.14.2.jar:/home/user/.m2/repository/org/apache/logging/log4j/log4j-api/2.11.0/log4j-api-2.11.0.jar:/home/user/.m2/repository/org/apache/logging/log4j/log4j-core/2.11.0/log4j-core-2.11.0.jar:/home/user/.m2/repository/com/lmax/disruptor/3.4.2/disruptor-3.4.2.jar:/home/user/.m2/repository/org/apache/commons/commons-pool2/2.6.0/commons-pool2-2.6.0.jar:/home/user/.m2/repository/org/bouncycastle/bcpkix-jdk15on/1.60/bcpkix-jdk15on-1.60.jar:/home/user/.m2/repository/commons-validator/commons-validator/1.6/commons-validator-1.6.jar:/home/user/.m2/repository/commons-digester/commons-digester/1.8.1/commons-digester-1.8.1.jar:/home/user/.m2/repository/io/jaegertracing/jaeger-client/0.33.1/jaeger-client-0.33.1.jar:/home/user/.m2/repository/io/jaegertracing/jaeger-thrift/0.33.1/jaeger-thrift-0.33.1.jar:/home/user/.m2/repository/org/apache/thrift/libthrift/0.11.0/libthrift-0.11.0.jar:/home/user/.m2/repository/com/squareup/okhttp3/okhttp/3.9.0/okhttp-3.9.0.jar:/home/user/.m2/repository/com/squareup/okio/okio/1.13.0/okio-1.13.0.jar:/home/user/.m2/repository/io/jaegertracing/jaeger-core/0.33.1/jaeger-core-0.33.1.jar:/home/user/.m2/repository/io/jaegertracing/jaeger-tracerresolver/0.33.1/jaeger-tracerresolver-0.33.1.jar:/home/user/.m2/repository/io/opentracing/contrib/opentracing-tracerresolver/0.1.5/opentracing-tracerresolver-0.1.5.jar:/home/user/.m2/repository/io/opentracing/opentracing-util/0.31.0/opentracing-util-0.31.0.jar:/home/user/.m2/repository/io/opentracing/opentracing-api/0.31.0/opentracing-api-0.31.0.jar:/home/user/.m2/repository/io/opentracing/opentracing-noop/0.31.0/opentracing-noop-0.31.0.jar:/home/user/.m2/repository/org/apache/hadoop/hadoop-hdds-server-framework/0.5.0-SNAPSHOT/hadoop-hdds-server-framework-0.5.0-SNAPSHOT.jar:/home/user/.m2/repository/org/apache/hadoop/hadoop-hdds-server-scm/0.5.0-SNAPSHOT/hadoop-hdds-server-scm-0.5.0-SNAPSHOT.jar:/home/user/.m2/repository/org/apache/hadoop/hadoop-hdds-container-service/0.5.0-SNAPSHOT/hadoop-hdds-container-service-0.5.0-SNAPSHOT.jar:/home/user/.m2/repository/org/apache/hadoop/hadoop-hdds-client/0.5.0-SNAPSHOT/hadoop-hdds-client-0.5.0-SNAPSHOT.jar:/home/user/.m2/repository/org/apache/hadoop/hadoop-hdds-tools/0.5.0-SNAPSHOT/hadoop-hdds-tools-0.5.0-SNAPSHOT.jar:/home/user/.m2/repository/org/apache/hadoop/hadoop-ozone-ozone-manager/0.5.0-SNAPSHOT/hadoop-ozone-ozone-manager-0.5.0-SNAPSHOT.jar:/home/user/.m2/repository/org/apache/hadoop/hadoop-hdds-docs/0.5.0-SNAPSHOT/hadoop-hdds-docs-0.5.0-SNAPSHOT.jar:/home/user/.m2/repository/org/bouncycastle/bcprov-jdk15on/1.60/bcprov-jdk15on-1.60.jar:/home/user/.m2/repository/org/apache/hadoop/hadoop-minikdc/3.2.0/hadoop-minikdc-3.2.0.jar:/home/user/.m2/repository/commons-io/commons-io/2.5/commons-io-2.5.jar:/home/user/.m2/repository/org/apache/kerby/kerb-simplekdc/1.0.1/kerb-simplekdc-1.0.1.jar:/home/user/.m2/repository/org/apache/kerby/kerb-client/1.0.1/kerb-client-1.0.1.jar:/home/user/.m2/repository/org/apache/kerby/kerby-config/1.0.1/kerby-config-1.0.1.jar:/home/user/.m2/repository/org/apache/kerby/kerb-core/1.0.1/kerb-core-1.0.1.jar:/home/user/.m2/repository/org/apache/kerby/kerby-pkix/1.0.1/kerby-pkix-1.0.1.jar:/home/user/.m2/repository/org/apache/kerby/kerby-asn1/1.0.1/kerby-asn1-1.0.1.jar:/home/user/.m2/repository/org/apache/kerby/kerby-util/1.0.1/kerby-util-1.0.1.jar:/home/user/.m2/repository/org/apache/kerby/kerb-common/1.0.1/kerb-common-1.0.1.jar:/home/user/.m2/repository/org/apache/kerby/kerb-crypto/1.0.1/kerb-crypto-1.0.1.jar:/home/user/.m2/repository/org/apache/kerby/kerb-util/1.0.1/kerb-util-1.0.1.jar:/home/user/.m2/repository/org/apache/kerby/token-provider/1.0.1/token-provider-1.0.1.jar:/home/user/.m2/repository/org/apache/kerby/kerb-admin/1.0.1/kerb-admin-1.0.1.jar:/home/user/.m2/repository/org/apache/kerby/kerb-server/1.0.1/kerb-server-1.0.1.jar:/home/user/.m2/repository/org/apache/kerby/kerb-identity/1.0.1/kerb-identity-1.0.1.jar:/home/user/.m2/repository/org/apache/kerby/kerby-xdr/1.0.1/kerby-xdr-1.0.1.jar:/home/user/.m2/repository/org/slf4j/slf4j-log4j12/1.7.25/slf4j-log4j12-1.7.25.jar:/home/user/.m2/repository/org/apache/hadoop/hadoop-ozone-objectstore-service/0.5.0-SNAPSHOT/hadoop-ozone-objectstore-service-0.5.0-SNAPSHOT.jar:/home/user/.m2/repository/org/apache/hadoop/hadoop-ozone-s3gateway/0.5.0-SNAPSHOT/hadoop-ozone-s3gateway-0.5.0-SNAPSHOT.jar:/home/user/.m2/repository/org/jboss/weld/servlet/weld-servlet/2.4.7.Final/weld-servlet-2.4.7.Final.jar:/home/user/.m2/repository/org/glassfish/jersey/containers/jersey-container-servlet-core/2.27/jersey-container-servlet-core-2.27.jar:/home/user/.m2/repository/org/glassfish/hk2/external/javax.inject/2.5.0-b42/javax.inject-2.5.0-b42.jar:/home/user/.m2/repository/org/glassfish/jersey/core/jersey-common/2.27/jersey-common-2.27.jar:/home/user/.m2/repository/org/glassfish/hk2/osgi-resource-locator/1.0.1/osgi-resource-locator-1.0.1.jar:/home/user/.m2/repository/javax/ws/rs/javax.ws.rs-api/2.1/javax.ws.rs-api-2.1.jar:/home/user/.m2/repository/org/glassfish/jersey/ext/cdi/jersey-cdi1x/2.27/jersey-cdi1x-2.27.jar:/home/user/.m2/repository/org/glassfish/jersey/inject/jersey-hk2/2.27/jersey-hk2-2.27.jar:/home/user/.m2/repository/org/glassfish/hk2/hk2-locator/2.5.0-b42/hk2-locator-2.5.0-b42.jar:/home/user/.m2/repository/org/javassist/javassist/3.22.0-CR2/javassist-3.22.0-CR2.jar:/home/user/.m2/repository/org/glassfish/hk2/hk2-api/2.5.0/hk2-api-2.5.0.jar:/home/user/.m2/repository/org/glassfish/hk2/external/jakarta.inject/2.5.0/jakarta.inject-2.5.0.jar:/home/user/.m2/repository/org/glassfish/hk2/hk2-utils/2.5.0/hk2-utils-2.5.0.jar:/home/user/.m2/repository/jakarta/annotation/jakarta.annotation-api/1.3.4/jakarta.annotation-api-1.3.4.jar:/home/user/.m2/repository/org/glassfish/hk2/external/aopalliance-repackaged/2.5.0/aopalliance-repackaged-2.5.0.jar:/home/user/.m2/repository/com/fasterxml/jackson/dataformat/jackson-dataformat-xml/2.9.0/jackson-dataformat-xml-2.9.0.jar:/home/user/.m2/repository/com/fasterxml/jackson/core/jackson-core/2.9.5/jackson-core-2.9.5.jar:/home/user/.m2/repository/com/fasterxml/jackson/module/jackson-module-jaxb-annotations/2.9.5/jackson-module-jaxb-annotations-2.9.5.jar:/home/user/.m2/repository/javax/enterprise/cdi-api/1.2/cdi-api-1.2.jar:/home/user/.m2/repository/javax/el/javax.el-api/3.0.0/javax.el-api-3.0.0.jar:/home/user/.m2/repository/javax/interceptor/javax.interceptor-api/1.2/javax.interceptor-api-1.2.jar:/home/user/.m2/repository/javax/inject/javax.inject/1/javax.inject-1.jar:/home/user/.m2/repository/com/sun/xml/bind/jaxb-impl/2.3.0.1/jaxb-impl-2.3.0.1.jar:/home/user/.m2/repository/com/sun/xml/bind/jaxb-core/2.3.0.1/jaxb-core-2.3.0.1.jar:/home/user/.m2/repository/javax/xml/bind/jaxb-api/2.3.0/jaxb-api-2.3.0.jar:/home/user/.m2/repository/javax/activation/activation/1.1.1/activation-1.1.1.jar:/home/user/.m2/repository/org/apache/hadoop/hadoop-ozone-csi/0.5.0-SNAPSHOT/hadoop-ozone-csi-0.5.0-SNAPSHOT.jar:/home/user/.m2/repository/com/google/protobuf/protobuf-java-util/3.5.1/protobuf-java-util-3.5.1.jar:/home/user/.m2/repository/org/apache/hadoop/hadoop-hdds-config/0.5.0-SNAPSHOT/hadoop-hdds-config-0.5.0-SNAPSHOT.jar:/home/user/.m2/repository/com/google/guava/guava/11.0.2/guava-11.0.2.jar:/home/user/.m2/repository/com/google/protobuf/protobuf-java/2.5.0/protobuf-java-2.5.0.jar:/home/user/.m2/repository/io/grpc/grpc-netty/1.17.1/grpc-netty-1.17.1.jar:/home/user/.m2/repository/io/grpc/grpc-core/1.17.1/grpc-core-1.17.1.jar:/home/user/.m2/repository/io/grpc/grpc-context/1.17.1/grpc-context-1.17.1.jar:/home/user/.m2/repository/com/google/errorprone/error_prone_annotations/2.2.0/error_prone_annotations-2.2.0.jar:/home/user/.m2/repository/org/codehaus/mojo/animal-sniffer-annotations/1.17/animal-sniffer-annotations-1.17.jar:/home/user/.m2/repository/io/opencensus/opencensus-api/0.17.0/opencensus-api-0.17.0.jar:/home/user/.m2/repository/io/opencensus/opencensus-contrib-grpc-metrics/0.17.0/opencensus-contrib-grpc-metrics-0.17.0.jar:/home/user/.m2/repository/io/netty/netty-codec-http2/4.1.30.Final/netty-codec-http2-4.1.30.Final.jar:/home/user/.m2/repository/io/netty/netty-codec-http/4.1.30.Final/netty-codec-http-4.1.30.Final.jar:/home/user/.m2/repository/io/netty/netty-codec/4.1.30.Final/netty-codec-4.1.30.Final.jar:/home/user/.m2/repository/io/netty/netty-handler/4.1.30.Final/netty-handler-4.1.30.Final.jar:/home/user/.m2/repository/io/netty/netty-handler-proxy/4.1.30.Final/netty-handler-proxy-4.1.30.Final.jar:/home/user/.m2/repository/io/netty/netty-codec-socks/4.1.30.Final/netty-codec-socks-4.1.30.Final.jar:/home/user/.m2/repository/io/netty/netty-transport-native-epoll/4.1.30.Final/netty-transport-native-epoll-4.1.30.Final.jar:/home/user/.m2/repository/io/netty/netty-common/4.1.30.Final/netty-common-4.1.30.Final.jar:/home/user/.m2/repository/io/netty/netty-buffer/4.1.30.Final/netty-buffer-4.1.30.Final.jar:/home/user/.m2/repository/io/netty/netty-transport/4.1.30.Final/netty-transport-4.1.30.Final.jar:/home/user/.m2/repository/io/netty/netty-resolver/4.1.30.Final/netty-resolver-4.1.30.Final.jar:/home/user/.m2/repository/io/netty/netty-transport-native-unix-common/4.1.30.Final/netty-transport-native-unix-common-4.1.30.Final.jar:/home/user/.m2/repository/io/grpc/grpc-protobuf/1.17.1/grpc-protobuf-1.17.1.jar:/home/user/.m2/repository/com/google/api/grpc/proto-google-common-protos/1.0.0/proto-google-common-protos-1.0.0.jar:/home/user/.m2/repository/io/grpc/grpc-protobuf-lite/1.17.1/grpc-protobuf-lite-1.17.1.jar:/home/user/.m2/repository/io/grpc/grpc-stub/1.17.1/grpc-stub-1.17.1.jar:/home/user/.m2/repository/org/apache/hadoop/hadoop-ozone-recon/0.5.0-SNAPSHOT/hadoop-ozone-recon-0.5.0-SNAPSHOT.jar:/home/user/.m2/repository/org/apache/hadoop/hadoop-ozone-reconcodegen/0.5.0-SNAPSHOT/hadoop-ozone-reconcodegen-0.5.0-SNAPSHOT.jar:/home/user/.m2/repository/com/google/inject/extensions/guice-multibindings/4.0/guice-multibindings-4.0.jar:/home/user/.m2/repository/com/google/inject/guice/4.0/guice-4.0.jar:/home/user/.m2/repository/aopalliance/aopalliance/1.0/aopalliance-1.0.jar:/home/user/.m2/repository/com/google/inject/extensions/guice-servlet/4.0/guice-servlet-4.0.jar:/home/user/.m2/repository/org/glassfish/jersey/containers/jersey-container-servlet/2.27/jersey-container-servlet-2.27.jar:/home/user/.m2/repository/org/glassfish/hk2/guice-bridge/2.5.0/guice-bridge-2.5.0.jar:/home/user/.m2/repository/org/glassfish/jersey/core/jersey-server/2.27/jersey-server-2.27.jar:/home/user/.m2/repository/org/glassfish/jersey/core/jersey-client/2.27/jersey-client-2.27.jar:/home/user/.m2/repository/org/glassfish/jersey/media/jersey-media-jaxb/2.27/jersey-media-jaxb-2.27.jar:/home/user/.m2/repository/javax/validation/validation-api/1.1.0.Final/validation-api-1.1.0.Final.jar:/home/user/.m2/repository/org/glassfish/jersey/media/jersey-media-json-jackson/2.27/jersey-media-json-jackson-2.27.jar:/home/user/.m2/repository/org/glassfish/jersey/ext/jersey-entity-filtering/2.27/jersey-entity-filtering-2.27.jar:/home/user/.m2/repository/com/google/inject/extensions/guice-assistedinject/4.0/guice-assistedinject-4.0.jar:/home/user/.m2/repository/org/jooq/jooq/3.11.10/jooq-3.11.10.jar:/home/user/.m2/repository/org/jooq/jooq-meta/3.11.10/jooq-meta-3.11.10.jar:/home/user/.m2/repository/org/jooq/jooq-codegen/3.11.10/jooq-codegen-3.11.10.jar:/home/user/.m2/repository/com/jolbox/bonecp/0.8.0.RELEASE/bonecp-0.8.0.RELEASE.jar:/home/user/.m2/repository/org/xerial/sqlite-jdbc/3.25.2/sqlite-jdbc-3.25.2.jar:/home/user/.m2/repository/org/springframework/spring-jdbc/5.1.3.RELEASE/spring-jdbc-5.1.3.RELEASE.jar:/home/user/.m2/repository/org/springframework/spring-beans/5.1.3.RELEASE/spring-beans-5.1.3.RELEASE.jar:/home/user/.m2/repository/org/springframework/spring-core/5.1.3.RELEASE/spring-core-5.1.3.RELEASE.jar:/home/user/.m2/repository/org/springframework/spring-jcl/5.1.3.RELEASE/spring-jcl-5.1.3.RELEASE.jar:/home/user/.m2/repository/org/springframework/spring-tx/5.1.3.RELEASE/spring-tx-5.1.3.RELEASE.jar:/home/user/.m2/repository/org/apache/hadoop/hadoop-ozone-client/0.5.0-SNAPSHOT/hadoop-ozone-client-0.5.0-SNAPSHOT.jar:/home/user/.m2/repository/org/apache/hadoop/hadoop-ozone-ozone-manager/0.5.0-SNAPSHOT/hadoop-ozone-ozone-manager-0.5.0-SNAPSHOT-tests.jar:/home/user/.m2/repository/junit/junit/4.11/junit-4.11.jar:/home/user/.m2/repository/org/hamcrest/hamcrest-core/1.3/hamcrest-core-1.3.jar:/home/user/.m2/repository/org/openjdk/jmh/jmh-core/1.19/jmh-core-1.19.jar:/home/user/.m2/repository/net/sf/jopt-simple/jopt-simple/4.6/jopt-simple-4.6.jar:/home/user/.m2/repository/org/apache/commons/commons-math3/3.1.1/commons-math3-3.1.1.jar:/home/user/.m2/repository/org/openjdk/jmh/jmh-generator-annprocess/1.19/jmh-generator-annprocess-1.19.jar:/home/user/.m2/repository/org/mockito/mockito-all/1.8.5/mockito-all-1.8.5.jar:/home/user/.m2/repository/org/apache/hadoop/hadoop-kms/3.2.0/hadoop-kms-3.2.0.jar:/home/user/.m2/repository/org/apache/hadoop/hadoop-auth/3.2.0/hadoop-auth-3.2.0.jar:/home/user/.m2/repository/com/nimbusds/nimbus-jose-jwt/4.41.1/nimbus-jose-jwt-4.41.1.jar:/home/user/.m2/repository/com/github/stephenc/jcip/jcip-annotations/1.0-1/jcip-annotations-1.0-1.jar:/home/user/.m2/repository/net/minidev/json-smart/2.3/json-smart-2.3.jar:/home/user/.m2/repository/net/minidev/accessors-smart/1.2/accessors-smart-1.2.jar:/home/user/.m2/repository/org/ow2/asm/asm/5.0.4/asm-5.0.4.jar:/home/user/.m2/repository/org/apache/curator/curator-framework/2.12.0/curator-framework-2.12.0.jar:/home/user/.m2/repository/com/sun/jersey/jersey-core/1.19/jersey-core-1.19.jar:/home/user/.m2/repository/javax/ws/rs/jsr311-api/1.1.1/jsr311-api-1.1.1.jar:/home/user/.m2/repository/com/sun/jersey/jersey-server/1.19/jersey-server-1.19.jar:/home/user/.m2/repository/javax/servlet/javax.servlet-api/3.1.0/javax.servlet-api-3.1.0.jar:/home/user/.m2/repository/org/eclipse/jetty/jetty-server/9.3.24.v20180605/jetty-server-9.3.24.v20180605.jar:/home/user/.m2/repository/org/eclipse/jetty/jetty-http/9.3.24.v20180605/jetty-http-9.3.24.v20180605.jar:/home/user/.m2/repository/org/eclipse/jetty/jetty-io/9.3.24.v20180605/jetty-io-9.3.24.v20180605.jar:/home/user/.m2/repository/org/eclipse/jetty/jetty-webapp/9.3.24.v20180605/jetty-webapp-9.3.24.v20180605.jar:/home/user/.m2/repository/org/eclipse/jetty/jetty-xml/9.3.24.v20180605/jetty-xml-9.3.24.v20180605.jar:/home/user/.m2/repository/log4j/log4j/1.2.17/log4j-1.2.17.jar:/home/user/.m2/repository/org/slf4j/slf4j-api/1.7.25/slf4j-api-1.7.25.jar:/home/user/.m2/repository/org/slf4j/jul-to-slf4j/1.7.25/jul-to-slf4j-1.7.25.jar:/home/user/.m2/repository/org/eclipse/jetty/jetty-util/9.3.24.v20180605/jetty-util-9.3.24.v20180605.jar:/home/user/.m2/repository/io/dropwizard/metrics/metrics-core/3.2.4/metrics-core-3.2.4.jar:/home/user/.m2/repository/com/fasterxml/jackson/core/jackson-databind/2.9.5/jackson-databind-2.9.5.jar:/home/user/.m2/repository/org/apache/hadoop/hadoop-kms/3.2.0/hadoop-kms-3.2.0-tests.jar:/home/user/.m2/repository/org/apache/hadoop/hadoop-hdds-server-scm/0.5.0-SNAPSHOT/hadoop-hdds-server-scm-0.5.0-SNAPSHOT-tests.jar:/home/user/.m2/repository/org/hamcrest/hamcrest-all/1.3/hamcrest-all-1.3.jar:/home/user/.m2/repository/info/picocli/picocli/3.9.6/picocli-3.9.6.jar:/home/user/.m2/repository/org/apache/hadoop/hadoop-hdds-container-service/0.5.0-SNAPSHOT/hadoop-hdds-container-service-0.5.0-SNAPSHOT-tests.jar:/home/user/.m2/repository/org/yaml/snakeyaml/1.16/snakeyaml-1.16.jar:/home/user/.m2/repository/org/apache/hadoop/hadoop-common/3.2.0/hadoop-common-3.2.0-tests.jar:/home/user/.m2/repository/org/apache/hadoop/hadoop-annotations/3.2.0/hadoop-annotations-3.2.0.jar:/usr/lib/jvm/java-1.8-openjdk/jre/../lib/tools.jar:/home/user/.m2/repository/commons-cli/commons-cli/1.2/commons-cli-1.2.jar:/home/user/.m2/repository/org/apache/httpcomponents/httpclient/4.5.2/httpclient-4.5.2.jar:/home/user/.m2/repository/org/apache/httpcomponents/httpcore/4.4.4/httpcore-4.4.4.jar:/home/user/.m2/repository/commons-codec/commons-codec/1.11/commons-codec-1.11.jar:/home/user/.m2/repository/commons-net/commons-net/3.6/commons-net-3.6.jar:/home/user/.m2/repository/commons-collections/commons-collections/3.2.2/commons-collections-3.2.2.jar:/home/user/.m2/repository/org/eclipse/jetty/jetty-servlet/9.3.24.v20180605/jetty-servlet-9.3.24.v20180605.jar:/home/user/.m2/repository/org/eclipse/jetty/jetty-security/9.3.24.v20180605/jetty-security-9.3.24.v20180605.jar:/home/user/.m2/repository/javax/servlet/jsp/jsp-api/2.1/jsp-api-2.1.jar:/home/user/.m2/repository/com/sun/jersey/jersey-servlet/1.19/jersey-servlet-1.19.jar:/home/user/.m2/repository/com/sun/jersey/jersey-json/1.19/jersey-json-1.19.jar:/home/user/.m2/repository/org/codehaus/jettison/jettison/1.1/jettison-1.1.jar:/home/user/.m2/repository/org/codehaus/jackson/jackson-core-asl/1.9.13/jackson-core-asl-1.9.13.jar:/home/user/.m2/repository/org/codehaus/jackson/jackson-mapper-asl/1.9.13/jackson-mapper-asl-1.9.13.jar:/home/user/.m2/repository/org/codehaus/jackson/jackson-jaxrs/1.9.13/jackson-jaxrs-1.9.13.jar:/home/user/.m2/repository/org/codehaus/jackson/jackson-xc/1.9.13/jackson-xc-1.9.13.jar:/home/user/.m2/repository/commons-logging/commons-logging/1.1.3/commons-logging-1.1.3.jar:/home/user/.m2/repository/commons-beanutils/commons-beanutils/1.9.3/commons-beanutils-1.9.3.jar:/home/user/.m2/repository/org/apache/commons/commons-configuration2/2.1.1/commons-configuration2-2.1.1.jar:/home/user/.m2/repository/org/apache/commons/commons-lang3/3.7/commons-lang3-3.7.jar:/home/user/.m2/repository/org/apache/commons/commons-text/1.4/commons-text-1.4.jar:/home/user/.m2/repository/org/apache/avro/avro/1.7.7/avro-1.7.7.jar:/home/user/.m2/repository/com/thoughtworks/paranamer/paranamer/2.3/paranamer-2.3.jar:/home/user/.m2/repository/org/xerial/snappy/snappy-java/1.0.5/snappy-java-1.0.5.jar:/home/user/.m2/repository/com/google/re2j/re2j/1.1/re2j-1.1.jar:/home/user/.m2/repository/com/google/code/gson/gson/2.2.4/gson-2.2.4.jar:/home/user/.m2/repository/com/jcraft/jsch/0.1.54/jsch-0.1.54.jar:/home/user/.m2/repository/org/apache/curator/curator-client/2.12.0/curator-client-2.12.0.jar:/home/user/.m2/repository/org/apache/curator/curator-recipes/2.12.0/curator-recipes-2.12.0.jar:/home/user/.m2/repository/com/google/code/findbugs/jsr305/3.0.0/jsr305-3.0.0.jar:/home/user/.m2/repository/org/apache/htrace/htrace-core4/4.1.0-incubating/htrace-core4-4.1.0-incubating.jar:/home/user/.m2/repository/org/apache/zookeeper/zookeeper/3.4.13/zookeeper-3.4.13.jar:/home/user/.m2/repository/org/apache/yetus/audience-annotations/0.5.0/audience-annotations-0.5.0.jar:/home/user/.m2/repository/org/codehaus/woodstox/stax2-api/3.1.4/stax2-api-3.1.4.jar:/home/user/.m2/repository/com/fasterxml/woodstox/woodstox-core/5.0.3/woodstox-core-5.0.3.jar:/home/user/.m2/repository/dnsjava/dnsjava/2.1.7/dnsjava-2.1.7.jar:/home/user/.m2/repository/org/apache/hadoop/hadoop-hdfs/3.2.0/hadoop-hdfs-3.2.0-tests.jar:/home/user/.m2/repository/org/eclipse/jetty/jetty-util-ajax/9.3.24.v20180605/jetty-util-ajax-9.3.24.v20180605.jar:/home/user/.m2/repository/commons-daemon/commons-daemon/1.0.13/commons-daemon-1.0.13.jar:/home/user/.m2/repository/io/netty/netty/3.10.5.Final/netty-3.10.5.Final.jar:/home/user/.m2/repository/io/netty/netty-all/4.0.52.Final/netty-all-4.0.52.Final.jar:/home/user/.m2/repository/org/fusesource/leveldbjni/leveldbjni-all/1.8/leveldbjni-all-1.8.jar:"/>
    <property name="java.vm.vendor" value="IcedTea"/>
    <property name="sun.arch.data.model" value="64"/>
    <property name="test.build.dir" value="/opt/src/hadoop-ozone/integration-test/target/test-dir"/>
    <property name="test.cache.data" value=""/>
    <property name="java.vendor.url" value="https://icedtea.classpath.org"/>
    <property name="user.timezone" value=""/>
    <property name="java.vm.specification.version" value="1.8"/>
    <property name="os.name" value="Linux"/>
    <property name="test.build.data" value="/opt/src/hadoop-ozone/integration-test/target/test-dir"/>
    <property name="user.country" value="US"/>
    <property name="sun.java.launcher" value="SUN_STANDARD"/>
    <property name="sun.boot.library.path" value="/usr/lib/jvm/java-1.8-openjdk/jre/lib/amd64"/>
    <property name="sun.java.command" value="/opt/src/hadoop-ozone/integration-test/target/surefire/surefirebooter1985128085457636411.jar /opt/src/hadoop-ozone/integration-test/target/surefire 2019-06-15T13-51-47_832-jvmRun1 surefire431078163992646933tmp surefire_215865675989119530990tmp"/>
    <property name="surefire.test.class.path" value="/opt/src/hadoop-ozone/integration-test/target/test-classes:/opt/src/hadoop-ozone/integration-test/target/classes:/home/user/.m2/repository/org/apache/hadoop/hadoop-ozone-common/0.5.0-SNAPSHOT/hadoop-ozone-common-0.5.0-SNAPSHOT.jar:/home/user/.m2/repository/org/apache/commons/commons-compress/1.4.1/commons-compress-1.4.1.jar:/home/user/.m2/repository/org/tukaani/xz/1.0/xz-1.0.jar:/home/user/.m2/repository/org/apache/hadoop/hadoop-common/3.2.0/hadoop-common-3.2.0.jar:/home/user/.m2/repository/org/apache/hadoop/hadoop-hdfs/3.2.0/hadoop-hdfs-3.2.0.jar:/home/user/.m2/repository/org/apache/hadoop/hadoop-hdfs-client/3.2.0/hadoop-hdfs-client-3.2.0.jar:/home/user/.m2/repository/com/fasterxml/jackson/core/jackson-annotations/2.9.5/jackson-annotations-2.9.5.jar:/home/user/.m2/repository/org/apache/hadoop/hadoop-hdds-common/0.5.0-SNAPSHOT/hadoop-hdds-common-0.5.0-SNAPSHOT.jar:/home/user/.m2/repository/javax/annotation/javax.annotation-api/1.2/javax.annotation-api-1.2.jar:/home/user/.m2/repository/org/apache/ratis/ratis-server/0.4.0-fe2b15d-SNAPSHOT/ratis-server-0.4.0-fe2b15d-SNAPSHOT.jar:/home/user/.m2/repository/org/apache/ratis/ratis-thirdparty-misc/0.2.0/ratis-thirdparty-misc-0.2.0.jar:/home/user/.m2/repository/org/apache/ratis/ratis-proto/0.4.0-fe2b15d-SNAPSHOT/ratis-proto-0.4.0-fe2b15d-SNAPSHOT.jar:/home/user/.m2/repository/org/apache/ratis/ratis-common/0.4.0-fe2b15d-SNAPSHOT/ratis-common-0.4.0-fe2b15d-SNAPSHOT.jar:/home/user/.m2/repository/org/apache/ratis/ratis-client/0.4.0-fe2b15d-SNAPSHOT/ratis-client-0.4.0-fe2b15d-SNAPSHOT.jar:/home/user/.m2/repository/org/apache/ratis/ratis-netty/0.4.0-fe2b15d-SNAPSHOT/ratis-netty-0.4.0-fe2b15d-SNAPSHOT.jar:/home/user/.m2/repository/org/apache/ratis/ratis-grpc/0.4.0-fe2b15d-SNAPSHOT/ratis-grpc-0.4.0-fe2b15d-SNAPSHOT.jar:/home/user/.m2/repository/org/rocksdb/rocksdbjni/5.14.2/rocksdbjni-5.14.2.jar:/home/user/.m2/repository/org/apache/logging/log4j/log4j-api/2.11.0/log4j-api-2.11.0.jar:/home/user/.m2/repository/org/apache/logging/log4j/log4j-core/2.11.0/log4j-core-2.11.0.jar:/home/user/.m2/repository/com/lmax/disruptor/3.4.2/disruptor-3.4.2.jar:/home/user/.m2/repository/org/apache/commons/commons-pool2/2.6.0/commons-pool2-2.6.0.jar:/home/user/.m2/repository/org/bouncycastle/bcpkix-jdk15on/1.60/bcpkix-jdk15on-1.60.jar:/home/user/.m2/repository/commons-validator/commons-validator/1.6/commons-validator-1.6.jar:/home/user/.m2/repository/commons-digester/commons-digester/1.8.1/commons-digester-1.8.1.jar:/home/user/.m2/repository/io/jaegertracing/jaeger-client/0.33.1/jaeger-client-0.33.1.jar:/home/user/.m2/repository/io/jaegertracing/jaeger-thrift/0.33.1/jaeger-thrift-0.33.1.jar:/home/user/.m2/repository/org/apache/thrift/libthrift/0.11.0/libthrift-0.11.0.jar:/home/user/.m2/repository/com/squareup/okhttp3/okhttp/3.9.0/okhttp-3.9.0.jar:/home/user/.m2/repository/com/squareup/okio/okio/1.13.0/okio-1.13.0.jar:/home/user/.m2/repository/io/jaegertracing/jaeger-core/0.33.1/jaeger-core-0.33.1.jar:/home/user/.m2/repository/io/jaegertracing/jaeger-tracerresolver/0.33.1/jaeger-tracerresolver-0.33.1.jar:/home/user/.m2/repository/io/opentracing/contrib/opentracing-tracerresolver/0.1.5/opentracing-tracerresolver-0.1.5.jar:/home/user/.m2/repository/io/opentracing/opentracing-util/0.31.0/opentracing-util-0.31.0.jar:/home/user/.m2/repository/io/opentracing/opentracing-api/0.31.0/opentracing-api-0.31.0.jar:/home/user/.m2/repository/io/opentracing/opentracing-noop/0.31.0/opentracing-noop-0.31.0.jar:/home/user/.m2/repository/org/apache/hadoop/hadoop-hdds-server-framework/0.5.0-SNAPSHOT/hadoop-hdds-server-framework-0.5.0-SNAPSHOT.jar:/home/user/.m2/repository/org/apache/hadoop/hadoop-hdds-server-scm/0.5.0-SNAPSHOT/hadoop-hdds-server-scm-0.5.0-SNAPSHOT.jar:/home/user/.m2/repository/org/apache/hadoop/hadoop-hdds-container-service/0.5.0-SNAPSHOT/hadoop-hdds-container-service-0.5.0-SNAPSHOT.jar:/home/user/.m2/repository/org/apache/hadoop/hadoop-hdds-client/0.5.0-SNAPSHOT/hadoop-hdds-client-0.5.0-SNAPSHOT.jar:/home/user/.m2/repository/org/apache/hadoop/hadoop-hdds-tools/0.5.0-SNAPSHOT/hadoop-hdds-tools-0.5.0-SNAPSHOT.jar:/home/user/.m2/repository/org/apache/hadoop/hadoop-ozone-ozone-manager/0.5.0-SNAPSHOT/hadoop-ozone-ozone-manager-0.5.0-SNAPSHOT.jar:/home/user/.m2/repository/org/apache/hadoop/hadoop-hdds-docs/0.5.0-SNAPSHOT/hadoop-hdds-docs-0.5.0-SNAPSHOT.jar:/home/user/.m2/repository/org/bouncycastle/bcprov-jdk15on/1.60/bcprov-jdk15on-1.60.jar:/home/user/.m2/repository/org/apache/hadoop/hadoop-minikdc/3.2.0/hadoop-minikdc-3.2.0.jar:/home/user/.m2/repository/commons-io/commons-io/2.5/commons-io-2.5.jar:/home/user/.m2/repository/org/apache/kerby/kerb-simplekdc/1.0.1/kerb-simplekdc-1.0.1.jar:/home/user/.m2/repository/org/apache/kerby/kerb-client/1.0.1/kerb-client-1.0.1.jar:/home/user/.m2/repository/org/apache/kerby/kerby-config/1.0.1/kerby-config-1.0.1.jar:/home/user/.m2/repository/org/apache/kerby/kerb-core/1.0.1/kerb-core-1.0.1.jar:/home/user/.m2/repository/org/apache/kerby/kerby-pkix/1.0.1/kerby-pkix-1.0.1.jar:/home/user/.m2/repository/org/apache/kerby/kerby-asn1/1.0.1/kerby-asn1-1.0.1.jar:/home/user/.m2/repository/org/apache/kerby/kerby-util/1.0.1/kerby-util-1.0.1.jar:/home/user/.m2/repository/org/apache/kerby/kerb-common/1.0.1/kerb-common-1.0.1.jar:/home/user/.m2/repository/org/apache/kerby/kerb-crypto/1.0.1/kerb-crypto-1.0.1.jar:/home/user/.m2/repository/org/apache/kerby/kerb-util/1.0.1/kerb-util-1.0.1.jar:/home/user/.m2/repository/org/apache/kerby/token-provider/1.0.1/token-provider-1.0.1.jar:/home/user/.m2/repository/org/apache/kerby/kerb-admin/1.0.1/kerb-admin-1.0.1.jar:/home/user/.m2/repository/org/apache/kerby/kerb-server/1.0.1/kerb-server-1.0.1.jar:/home/user/.m2/repository/org/apache/kerby/kerb-identity/1.0.1/kerb-identity-1.0.1.jar:/home/user/.m2/repository/org/apache/kerby/kerby-xdr/1.0.1/kerby-xdr-1.0.1.jar:/home/user/.m2/repository/org/slf4j/slf4j-log4j12/1.7.25/slf4j-log4j12-1.7.25.jar:/home/user/.m2/repository/org/apache/hadoop/hadoop-ozone-objectstore-service/0.5.0-SNAPSHOT/hadoop-ozone-objectstore-service-0.5.0-SNAPSHOT.jar:/home/user/.m2/repository/org/apache/hadoop/hadoop-ozone-s3gateway/0.5.0-SNAPSHOT/hadoop-ozone-s3gateway-0.5.0-SNAPSHOT.jar:/home/user/.m2/repository/org/jboss/weld/servlet/weld-servlet/2.4.7.Final/weld-servlet-2.4.7.Final.jar:/home/user/.m2/repository/org/glassfish/jersey/containers/jersey-container-servlet-core/2.27/jersey-container-servlet-core-2.27.jar:/home/user/.m2/repository/org/glassfish/hk2/external/javax.inject/2.5.0-b42/javax.inject-2.5.0-b42.jar:/home/user/.m2/repository/org/glassfish/jersey/core/jersey-common/2.27/jersey-common-2.27.jar:/home/user/.m2/repository/org/glassfish/hk2/osgi-resource-locator/1.0.1/osgi-resource-locator-1.0.1.jar:/home/user/.m2/repository/javax/ws/rs/javax.ws.rs-api/2.1/javax.ws.rs-api-2.1.jar:/home/user/.m2/repository/org/glassfish/jersey/ext/cdi/jersey-cdi1x/2.27/jersey-cdi1x-2.27.jar:/home/user/.m2/repository/org/glassfish/jersey/inject/jersey-hk2/2.27/jersey-hk2-2.27.jar:/home/user/.m2/repository/org/glassfish/hk2/hk2-locator/2.5.0-b42/hk2-locator-2.5.0-b42.jar:/home/user/.m2/repository/org/javassist/javassist/3.22.0-CR2/javassist-3.22.0-CR2.jar:/home/user/.m2/repository/org/glassfish/hk2/hk2-api/2.5.0/hk2-api-2.5.0.jar:/home/user/.m2/repository/org/glassfish/hk2/external/jakarta.inject/2.5.0/jakarta.inject-2.5.0.jar:/home/user/.m2/repository/org/glassfish/hk2/hk2-utils/2.5.0/hk2-utils-2.5.0.jar:/home/user/.m2/repository/jakarta/annotation/jakarta.annotation-api/1.3.4/jakarta.annotation-api-1.3.4.jar:/home/user/.m2/repository/org/glassfish/hk2/external/aopalliance-repackaged/2.5.0/aopalliance-repackaged-2.5.0.jar:/home/user/.m2/repository/com/fasterxml/jackson/dataformat/jackson-dataformat-xml/2.9.0/jackson-dataformat-xml-2.9.0.jar:/home/user/.m2/repository/com/fasterxml/jackson/core/jackson-core/2.9.5/jackson-core-2.9.5.jar:/home/user/.m2/repository/com/fasterxml/jackson/module/jackson-module-jaxb-annotations/2.9.5/jackson-module-jaxb-annotations-2.9.5.jar:/home/user/.m2/repository/javax/enterprise/cdi-api/1.2/cdi-api-1.2.jar:/home/user/.m2/repository/javax/el/javax.el-api/3.0.0/javax.el-api-3.0.0.jar:/home/user/.m2/repository/javax/interceptor/javax.interceptor-api/1.2/javax.interceptor-api-1.2.jar:/home/user/.m2/repository/javax/inject/javax.inject/1/javax.inject-1.jar:/home/user/.m2/repository/com/sun/xml/bind/jaxb-impl/2.3.0.1/jaxb-impl-2.3.0.1.jar:/home/user/.m2/repository/com/sun/xml/bind/jaxb-core/2.3.0.1/jaxb-core-2.3.0.1.jar:/home/user/.m2/repository/javax/xml/bind/jaxb-api/2.3.0/jaxb-api-2.3.0.jar:/home/user/.m2/repository/javax/activation/activation/1.1.1/activation-1.1.1.jar:/home/user/.m2/repository/org/apache/hadoop/hadoop-ozone-csi/0.5.0-SNAPSHOT/hadoop-ozone-csi-0.5.0-SNAPSHOT.jar:/home/user/.m2/repository/com/google/protobuf/protobuf-java-util/3.5.1/protobuf-java-util-3.5.1.jar:/home/user/.m2/repository/org/apache/hadoop/hadoop-hdds-config/0.5.0-SNAPSHOT/hadoop-hdds-config-0.5.0-SNAPSHOT.jar:/home/user/.m2/repository/com/google/guava/guava/11.0.2/guava-11.0.2.jar:/home/user/.m2/repository/com/google/protobuf/protobuf-java/2.5.0/protobuf-java-2.5.0.jar:/home/user/.m2/repository/io/grpc/grpc-netty/1.17.1/grpc-netty-1.17.1.jar:/home/user/.m2/repository/io/grpc/grpc-core/1.17.1/grpc-core-1.17.1.jar:/home/user/.m2/repository/io/grpc/grpc-context/1.17.1/grpc-context-1.17.1.jar:/home/user/.m2/repository/com/google/errorprone/error_prone_annotations/2.2.0/error_prone_annotations-2.2.0.jar:/home/user/.m2/repository/org/codehaus/mojo/animal-sniffer-annotations/1.17/animal-sniffer-annotations-1.17.jar:/home/user/.m2/repository/io/opencensus/opencensus-api/0.17.0/opencensus-api-0.17.0.jar:/home/user/.m2/repository/io/opencensus/opencensus-contrib-grpc-metrics/0.17.0/opencensus-contrib-grpc-metrics-0.17.0.jar:/home/user/.m2/repository/io/netty/netty-codec-http2/4.1.30.Final/netty-codec-http2-4.1.30.Final.jar:/home/user/.m2/repository/io/netty/netty-codec-http/4.1.30.Final/netty-codec-http-4.1.30.Final.jar:/home/user/.m2/repository/io/netty/netty-codec/4.1.30.Final/netty-codec-4.1.30.Final.jar:/home/user/.m2/repository/io/netty/netty-handler/4.1.30.Final/netty-handler-4.1.30.Final.jar:/home/user/.m2/repository/io/netty/netty-handler-proxy/4.1.30.Final/netty-handler-proxy-4.1.30.Final.jar:/home/user/.m2/repository/io/netty/netty-codec-socks/4.1.30.Final/netty-codec-socks-4.1.30.Final.jar:/home/user/.m2/repository/io/netty/netty-transport-native-epoll/4.1.30.Final/netty-transport-native-epoll-4.1.30.Final.jar:/home/user/.m2/repository/io/netty/netty-common/4.1.30.Final/netty-common-4.1.30.Final.jar:/home/user/.m2/repository/io/netty/netty-buffer/4.1.30.Final/netty-buffer-4.1.30.Final.jar:/home/user/.m2/repository/io/netty/netty-transport/4.1.30.Final/netty-transport-4.1.30.Final.jar:/home/user/.m2/repository/io/netty/netty-resolver/4.1.30.Final/netty-resolver-4.1.30.Final.jar:/home/user/.m2/repository/io/netty/netty-transport-native-unix-common/4.1.30.Final/netty-transport-native-unix-common-4.1.30.Final.jar:/home/user/.m2/repository/io/grpc/grpc-protobuf/1.17.1/grpc-protobuf-1.17.1.jar:/home/user/.m2/repository/com/google/api/grpc/proto-google-common-protos/1.0.0/proto-google-common-protos-1.0.0.jar:/home/user/.m2/repository/io/grpc/grpc-protobuf-lite/1.17.1/grpc-protobuf-lite-1.17.1.jar:/home/user/.m2/repository/io/grpc/grpc-stub/1.17.1/grpc-stub-1.17.1.jar:/home/user/.m2/repository/org/apache/hadoop/hadoop-ozone-recon/0.5.0-SNAPSHOT/hadoop-ozone-recon-0.5.0-SNAPSHOT.jar:/home/user/.m2/repository/org/apache/hadoop/hadoop-ozone-reconcodegen/0.5.0-SNAPSHOT/hadoop-ozone-reconcodegen-0.5.0-SNAPSHOT.jar:/home/user/.m2/repository/com/google/inject/extensions/guice-multibindings/4.0/guice-multibindings-4.0.jar:/home/user/.m2/repository/com/google/inject/guice/4.0/guice-4.0.jar:/home/user/.m2/repository/aopalliance/aopalliance/1.0/aopalliance-1.0.jar:/home/user/.m2/repository/com/google/inject/extensions/guice-servlet/4.0/guice-servlet-4.0.jar:/home/user/.m2/repository/org/glassfish/jersey/containers/jersey-container-servlet/2.27/jersey-container-servlet-2.27.jar:/home/user/.m2/repository/org/glassfish/hk2/guice-bridge/2.5.0/guice-bridge-2.5.0.jar:/home/user/.m2/repository/org/glassfish/jersey/core/jersey-server/2.27/jersey-server-2.27.jar:/home/user/.m2/repository/org/glassfish/jersey/core/jersey-client/2.27/jersey-client-2.27.jar:/home/user/.m2/repository/org/glassfish/jersey/media/jersey-media-jaxb/2.27/jersey-media-jaxb-2.27.jar:/home/user/.m2/repository/javax/validation/validation-api/1.1.0.Final/validation-api-1.1.0.Final.jar:/home/user/.m2/repository/org/glassfish/jersey/media/jersey-media-json-jackson/2.27/jersey-media-json-jackson-2.27.jar:/home/user/.m2/repository/org/glassfish/jersey/ext/jersey-entity-filtering/2.27/jersey-entity-filtering-2.27.jar:/home/user/.m2/repository/com/google/inject/extensions/guice-assistedinject/4.0/guice-assistedinject-4.0.jar:/home/user/.m2/repository/org/jooq/jooq/3.11.10/jooq-3.11.10.jar:/home/user/.m2/repository/org/jooq/jooq-meta/3.11.10/jooq-meta-3.11.10.jar:/home/user/.m2/repository/org/jooq/jooq-codegen/3.11.10/jooq-codegen-3.11.10.jar:/home/user/.m2/repository/com/jolbox/bonecp/0.8.0.RELEASE/bonecp-0.8.0.RELEASE.jar:/home/user/.m2/repository/org/xerial/sqlite-jdbc/3.25.2/sqlite-jdbc-3.25.2.jar:/home/user/.m2/repository/org/springframework/spring-jdbc/5.1.3.RELEASE/spring-jdbc-5.1.3.RELEASE.jar:/home/user/.m2/repository/org/springframework/spring-beans/5.1.3.RELEASE/spring-beans-5.1.3.RELEASE.jar:/home/user/.m2/repository/org/springframework/spring-core/5.1.3.RELEASE/spring-core-5.1.3.RELEASE.jar:/home/user/.m2/repository/org/springframework/spring-jcl/5.1.3.RELEASE/spring-jcl-5.1.3.RELEASE.jar:/home/user/.m2/repository/org/springframework/spring-tx/5.1.3.RELEASE/spring-tx-5.1.3.RELEASE.jar:/home/user/.m2/repository/org/apache/hadoop/hadoop-ozone-client/0.5.0-SNAPSHOT/hadoop-ozone-client-0.5.0-SNAPSHOT.jar:/home/user/.m2/repository/org/apache/hadoop/hadoop-ozone-ozone-manager/0.5.0-SNAPSHOT/hadoop-ozone-ozone-manager-0.5.0-SNAPSHOT-tests.jar:/home/user/.m2/repository/junit/junit/4.11/junit-4.11.jar:/home/user/.m2/repository/org/hamcrest/hamcrest-core/1.3/hamcrest-core-1.3.jar:/home/user/.m2/repository/org/openjdk/jmh/jmh-core/1.19/jmh-core-1.19.jar:/home/user/.m2/repository/net/sf/jopt-simple/jopt-simple/4.6/jopt-simple-4.6.jar:/home/user/.m2/repository/org/apache/commons/commons-math3/3.1.1/commons-math3-3.1.1.jar:/home/user/.m2/repository/org/openjdk/jmh/jmh-generator-annprocess/1.19/jmh-generator-annprocess-1.19.jar:/home/user/.m2/repository/org/mockito/mockito-all/1.8.5/mockito-all-1.8.5.jar:/home/user/.m2/repository/org/apache/hadoop/hadoop-kms/3.2.0/hadoop-kms-3.2.0.jar:/home/user/.m2/repository/org/apache/hadoop/hadoop-auth/3.2.0/hadoop-auth-3.2.0.jar:/home/user/.m2/repository/com/nimbusds/nimbus-jose-jwt/4.41.1/nimbus-jose-jwt-4.41.1.jar:/home/user/.m2/repository/com/github/stephenc/jcip/jcip-annotations/1.0-1/jcip-annotations-1.0-1.jar:/home/user/.m2/repository/net/minidev/json-smart/2.3/json-smart-2.3.jar:/home/user/.m2/repository/net/minidev/accessors-smart/1.2/accessors-smart-1.2.jar:/home/user/.m2/repository/org/ow2/asm/asm/5.0.4/asm-5.0.4.jar:/home/user/.m2/repository/org/apache/curator/curator-framework/2.12.0/curator-framework-2.12.0.jar:/home/user/.m2/repository/com/sun/jersey/jersey-core/1.19/jersey-core-1.19.jar:/home/user/.m2/repository/javax/ws/rs/jsr311-api/1.1.1/jsr311-api-1.1.1.jar:/home/user/.m2/repository/com/sun/jersey/jersey-server/1.19/jersey-server-1.19.jar:/home/user/.m2/repository/javax/servlet/javax.servlet-api/3.1.0/javax.servlet-api-3.1.0.jar:/home/user/.m2/repository/org/eclipse/jetty/jetty-server/9.3.24.v20180605/jetty-server-9.3.24.v20180605.jar:/home/user/.m2/repository/org/eclipse/jetty/jetty-http/9.3.24.v20180605/jetty-http-9.3.24.v20180605.jar:/home/user/.m2/repository/org/eclipse/jetty/jetty-io/9.3.24.v20180605/jetty-io-9.3.24.v20180605.jar:/home/user/.m2/repository/org/eclipse/jetty/jetty-webapp/9.3.24.v20180605/jetty-webapp-9.3.24.v20180605.jar:/home/user/.m2/repository/org/eclipse/jetty/jetty-xml/9.3.24.v20180605/jetty-xml-9.3.24.v20180605.jar:/home/user/.m2/repository/log4j/log4j/1.2.17/log4j-1.2.17.jar:/home/user/.m2/repository/org/slf4j/slf4j-api/1.7.25/slf4j-api-1.7.25.jar:/home/user/.m2/repository/org/slf4j/jul-to-slf4j/1.7.25/jul-to-slf4j-1.7.25.jar:/home/user/.m2/repository/org/eclipse/jetty/jetty-util/9.3.24.v20180605/jetty-util-9.3.24.v20180605.jar:/home/user/.m2/repository/io/dropwizard/metrics/metrics-core/3.2.4/metrics-core-3.2.4.jar:/home/user/.m2/repository/com/fasterxml/jackson/core/jackson-databind/2.9.5/jackson-databind-2.9.5.jar:/home/user/.m2/repository/org/apache/hadoop/hadoop-kms/3.2.0/hadoop-kms-3.2.0-tests.jar:/home/user/.m2/repository/org/apache/hadoop/hadoop-hdds-server-scm/0.5.0-SNAPSHOT/hadoop-hdds-server-scm-0.5.0-SNAPSHOT-tests.jar:/home/user/.m2/repository/org/hamcrest/hamcrest-all/1.3/hamcrest-all-1.3.jar:/home/user/.m2/repository/info/picocli/picocli/3.9.6/picocli-3.9.6.jar:/home/user/.m2/repository/org/apache/hadoop/hadoop-hdds-container-service/0.5.0-SNAPSHOT/hadoop-hdds-container-service-0.5.0-SNAPSHOT-tests.jar:/home/user/.m2/repository/org/yaml/snakeyaml/1.16/snakeyaml-1.16.jar:/home/user/.m2/repository/org/apache/hadoop/hadoop-common/3.2.0/hadoop-common-3.2.0-tests.jar:/home/user/.m2/repository/org/apache/hadoop/hadoop-annotations/3.2.0/hadoop-annotations-3.2.0.jar:/usr/lib/jvm/java-1.8-openjdk/jre/../lib/tools.jar:/home/user/.m2/repository/commons-cli/commons-cli/1.2/commons-cli-1.2.jar:/home/user/.m2/repository/org/apache/httpcomponents/httpclient/4.5.2/httpclient-4.5.2.jar:/home/user/.m2/repository/org/apache/httpcomponents/httpcore/4.4.4/httpcore-4.4.4.jar:/home/user/.m2/repository/commons-codec/commons-codec/1.11/commons-codec-1.11.jar:/home/user/.m2/repository/commons-net/commons-net/3.6/commons-net-3.6.jar:/home/user/.m2/repository/commons-collections/commons-collections/3.2.2/commons-collections-3.2.2.jar:/home/user/.m2/repository/org/eclipse/jetty/jetty-servlet/9.3.24.v20180605/jetty-servlet-9.3.24.v20180605.jar:/home/user/.m2/repository/org/eclipse/jetty/jetty-security/9.3.24.v20180605/jetty-security-9.3.24.v20180605.jar:/home/user/.m2/repository/javax/servlet/jsp/jsp-api/2.1/jsp-api-2.1.jar:/home/user/.m2/repository/com/sun/jersey/jersey-servlet/1.19/jersey-servlet-1.19.jar:/home/user/.m2/repository/com/sun/jersey/jersey-json/1.19/jersey-json-1.19.jar:/home/user/.m2/repository/org/codehaus/jettison/jettison/1.1/jettison-1.1.jar:/home/user/.m2/repository/org/codehaus/jackson/jackson-core-asl/1.9.13/jackson-core-asl-1.9.13.jar:/home/user/.m2/repository/org/codehaus/jackson/jackson-mapper-asl/1.9.13/jackson-mapper-asl-1.9.13.jar:/home/user/.m2/repository/org/codehaus/jackson/jackson-jaxrs/1.9.13/jackson-jaxrs-1.9.13.jar:/home/user/.m2/repository/org/codehaus/jackson/jackson-xc/1.9.13/jackson-xc-1.9.13.jar:/home/user/.m2/repository/commons-logging/commons-logging/1.1.3/commons-logging-1.1.3.jar:/home/user/.m2/repository/commons-beanutils/commons-beanutils/1.9.3/commons-beanutils-1.9.3.jar:/home/user/.m2/repository/org/apache/commons/commons-configuration2/2.1.1/commons-configuration2-2.1.1.jar:/home/user/.m2/repository/org/apache/commons/commons-lang3/3.7/commons-lang3-3.7.jar:/home/user/.m2/repository/org/apache/commons/commons-text/1.4/commons-text-1.4.jar:/home/user/.m2/repository/org/apache/avro/avro/1.7.7/avro-1.7.7.jar:/home/user/.m2/repository/com/thoughtworks/paranamer/paranamer/2.3/paranamer-2.3.jar:/home/user/.m2/repository/org/xerial/snappy/snappy-java/1.0.5/snappy-java-1.0.5.jar:/home/user/.m2/repository/com/google/re2j/re2j/1.1/re2j-1.1.jar:/home/user/.m2/repository/com/google/code/gson/gson/2.2.4/gson-2.2.4.jar:/home/user/.m2/repository/com/jcraft/jsch/0.1.54/jsch-0.1.54.jar:/home/user/.m2/repository/org/apache/curator/curator-client/2.12.0/curator-client-2.12.0.jar:/home/user/.m2/repository/org/apache/curator/curator-recipes/2.12.0/curator-recipes-2.12.0.jar:/home/user/.m2/repository/com/google/code/findbugs/jsr305/3.0.0/jsr305-3.0.0.jar:/home/user/.m2/repository/org/apache/htrace/htrace-core4/4.1.0-incubating/htrace-core4-4.1.0-incubating.jar:/home/user/.m2/repository/org/apache/zookeeper/zookeeper/3.4.13/zookeeper-3.4.13.jar:/home/user/.m2/repository/org/apache/yetus/audience-annotations/0.5.0/audience-annotations-0.5.0.jar:/home/user/.m2/repository/org/codehaus/woodstox/stax2-api/3.1.4/stax2-api-3.1.4.jar:/home/user/.m2/repository/com/fasterxml/woodstox/woodstox-core/5.0.3/woodstox-core-5.0.3.jar:/home/user/.m2/repository/dnsjava/dnsjava/2.1.7/dnsjava-2.1.7.jar:/home/user/.m2/repository/org/apache/hadoop/hadoop-hdfs/3.2.0/hadoop-hdfs-3.2.0-tests.jar:/home/user/.m2/repository/org/eclipse/jetty/jetty-util-ajax/9.3.24.v20180605/jetty-util-ajax-9.3.24.v20180605.jar:/home/user/.m2/repository/commons-daemon/commons-daemon/1.0.13/commons-daemon-1.0.13.jar:/home/user/.m2/repository/io/netty/netty/3.10.5.Final/netty-3.10.5.Final.jar:/home/user/.m2/repository/io/netty/netty-all/4.0.52.Final/netty-all-4.0.52.Final.jar:/home/user/.m2/repository/org/fusesource/leveldbjni/leveldbjni-all/1.8/leveldbjni-all-1.8.jar:"/>
    <property name="sun.cpu.endian" value="little"/>
    <property name="user.home" value="/home/user"/>
    <property name="user.language" value="en"/>
    <property name="java.specification.vendor" value="Oracle Corporation"/>
    <property name="java.home" value="/usr/lib/jvm/java-1.8-openjdk/jre"/>
    <property name="java.security.krb5.conf" value="/opt/src/hadoop-ozone/integration-test/target/test-classes/krb5.conf"/>
    <property name="basedir" value="/opt/src/hadoop-ozone/integration-test"/>
    <property name="file.separator" value="/"/>
    <property name="line.separator" value="&#10;"/>
    <property name="java.vm.specification.vendor" value="Oracle Corporation"/>
    <property name="java.specification.name" value="Java Platform API Specification"/>
    <property name="java.awt.graphicsenv" value="sun.awt.X11GraphicsEnvironment"/>
    <property name="surefire.real.class.path" value="/opt/src/hadoop-ozone/integration-test/target/surefire/surefirebooter1985128085457636411.jar"/>
    <property name="hadoop.log.dir" value="/opt/src/hadoop-ozone/integration-test/target/log"/>
    <property name="sun.boot.class.path" value="/usr/lib/jvm/java-1.8-openjdk/jre/lib/resources.jar:/usr/lib/jvm/java-1.8-openjdk/jre/lib/rt.jar:/usr/lib/jvm/java-1.8-openjdk/jre/lib/sunrsasign.jar:/usr/lib/jvm/java-1.8-openjdk/jre/lib/jsse.jar:/usr/lib/jvm/java-1.8-openjdk/jre/lib/jce.jar:/usr/lib/jvm/java-1.8-openjdk/jre/lib/charsets.jar:/usr/lib/jvm/java-1.8-openjdk/jre/lib/jfr.jar:/usr/lib/jvm/java-1.8-openjdk/jre/classes"/>
    <property name="sun.management.compiler" value="HotSpot 64-Bit Tiered Compilers"/>
    <property name="java.runtime.version" value="1.8.0_212-b04"/>
    <property name="java.net.preferIPv4Stack" value="true"/>
    <property name="user.name" value="jenkins1000"/>
    <property name="path.separator" value=":"/>
    <property name="java.security.egd" value="file:///dev/urandom"/>
    <property name="os.version" value="4.15.0-1021-aws"/>
    <property name="java.endorsed.dirs" value="/usr/lib/jvm/java-1.8-openjdk/jre/lib/endorsed"/>
    <property name="java.runtime.name" value="OpenJDK Runtime Environment"/>
    <property name="file.encoding" value="UTF-8"/>
    <property name="java.vm.name" value="OpenJDK 64-Bit Server VM"/>
    <property name="test.build.webapps" value=""/>
    <property name="localRepository" value="/home/user/.m2/repository"/>
    <property name="java.vendor.url.bug" value="https://icedtea.classpath.org/bugzilla"/>
    <property name="java.io.tmpdir" value="/tmp"/>
    <property name="require.test.libhadoop" value=""/>
    <property name="java.version" value="1.8.0_212"/>
    <property name="user.dir" value="/opt/src/hadoop-ozone/integration-test"/>
    <property name="os.arch" value="amd64"/>
    <property name="java.vm.specification.name" value="Java Virtual Machine Specification"/>
    <property name="test.build.classes" value="/opt/src/hadoop-ozone/integration-test/target/test-classes"/>
    <property name="java.awt.printerjob" value="sun.print.PSPrinterJob"/>
    <property name="sun.os.patch.level" value="unknown"/>
    <property name="hadoop.tmp.dir" value="/opt/src/hadoop-ozone/integration-test/target/tmp"/>
    <property name="java.library.path" value="/usr/lib/jvm/java-1.8-openjdk/jre/lib/amd64/server:/usr/lib/jvm/java-1.8-openjdk/jre/lib/amd64:/usr/lib/jvm/java-1.8-openjdk/jre/../lib/amd64:/opt/src/hadoop-ozone/integration-test/target/native/target/usr/local/lib:/opt/src/hadoop-ozone/integration-test/../../hadoop-common-project/hadoop-common/target/native/target/usr/local/lib:/usr/java/packages/lib/amd64:/usr/lib64:/lib64:/lib:/usr/lib"/>
    <property name="java.vm.info" value="mixed mode"/>
    <property name="java.vendor" value="IcedTea"/>
    <property name="java.vm.version" value="25.212-b04"/>
    <property name="java.ext.dirs" value="/usr/lib/jvm/java-1.8-openjdk/jre/lib/ext:/usr/java/packages/lib/ext"/>
    <property name="sun.io.unicode.encoding" value="UnicodeLittle"/>
    <property name="java.class.version" value="52.0"/>
  </properties>
  <testcase name="testWatchForCommitWithKeyWrite" classname="org.apache.hadoop.ozone.client.rpc.TestWatchForCommit" time="21.417">
    <error message="Allocate block failed." type="INTERNAL_ERROR org.apache.hadoop.ozone.om.exceptions.OMException">INTERNAL_ERROR org.apache.hadoop.ozone.om.exceptions.OMException: Allocate block failed.
	at org.apache.hadoop.ozone.om.protocolPB.OzoneManagerProtocolClientSideTranslatorPB.handleError(OzoneManagerProtocolClientSideTranslatorPB.java:720)
	at org.apache.hadoop.ozone.om.protocolPB.OzoneManagerProtocolClientSideTranslatorPB.allocateBlock(OzoneManagerProtocolClientSideTranslatorPB.java:743)
	at org.apache.hadoop.ozone.client.io.BlockOutputStreamEntryPool.allocateNewBlock(BlockOutputStreamEntryPool.java:248)
	at org.apache.hadoop.ozone.client.io.BlockOutputStreamEntryPool.allocateBlockIfNeeded(BlockOutputStreamEntryPool.java:296)
	at org.apache.hadoop.ozone.client.io.KeyOutputStream.handleWrite(KeyOutputStream.java:201)
	at org.apache.hadoop.ozone.client.io.KeyOutputStream.handleRetry(KeyOutputStream.java:376)
	at org.apache.hadoop.ozone.client.io.KeyOutputStream.handleException(KeyOutputStream.java:325)
	at org.apache.hadoop.ozone.client.io.KeyOutputStream.handleWrite(KeyOutputStream.java:231)
	at org.apache.hadoop.ozone.client.io.KeyOutputStream.write(KeyOutputStream.java:193)
	at org.apache.hadoop.ozone.client.io.OzoneOutputStream.write(OzoneOutputStream.java:49)
	at java.io.OutputStream.write(OutputStream.java:75)
	at org.apache.hadoop.ozone.client.rpc.TestWatchForCommit.testWatchForCommitWithKeyWrite(TestWatchForCommit.java:241)
	at sun.reflect.NativeMethodAccessorImpl.invoke0(Native Method)
	at sun.reflect.NativeMethodAccessorImpl.invoke(NativeMethodAccessorImpl.java:62)
	at sun.reflect.DelegatingMethodAccessorImpl.invoke(DelegatingMethodAccessorImpl.java:43)
	at java.lang.reflect.Method.invoke(Method.java:498)
	at org.junit.runners.model.FrameworkMethod$1.runReflectiveCall(FrameworkMethod.java:47)
	at org.junit.internal.runners.model.ReflectiveCallable.run(ReflectiveCallable.java:12)
	at org.junit.runners.model.FrameworkMethod.invokeExplosively(FrameworkMethod.java:44)
	at org.junit.internal.runners.statements.InvokeMethod.evaluate(InvokeMethod.java:17)
	at org.junit.runners.ParentRunner.runLeaf(ParentRunner.java:271)
	at org.junit.runners.BlockJUnit4ClassRunner.runChild(BlockJUnit4ClassRunner.java:70)
	at org.junit.runners.BlockJUnit4ClassRunner.runChild(BlockJUnit4ClassRunner.java:50)
	at org.junit.runners.ParentRunner$3.run(ParentRunner.java:238)
	at org.junit.runners.ParentRunner$1.schedule(ParentRunner.java:63)
	at org.junit.runners.ParentRunner.runChildren(ParentRunner.java:236)
	at org.junit.runners.ParentRunner.access$000(ParentRunner.java:53)
	at org.junit.runners.ParentRunner$2.evaluate(ParentRunner.java:229)
	at org.junit.runners.ParentRunner.run(ParentRunner.java:309)
	at org.apache.maven.surefire.junit4.JUnit4Provider.execute(JUnit4Provider.java:365)
	at org.apache.maven.surefire.junit4.JUnit4Provider.executeWithRerun(JUnit4Provider.java:273)
	at org.apache.maven.surefire.junit4.JUnit4Provider.executeTestSet(JUnit4Provider.java:238)
	at org.apache.maven.surefire.junit4.JUnit4Provider.invoke(JUnit4Provider.java:159)
	at org.apache.maven.surefire.booter.ForkedBooter.invokeProviderInSameClassLoader(ForkedBooter.java:384)
	at org.apache.maven.surefire.booter.ForkedBooter.runSuitesInProcess(ForkedBooter.java:345)
	at org.apache.maven.surefire.booter.ForkedBooter.execute(ForkedBooter.java:126)
	at org.apache.maven.surefire.booter.ForkedBooter.main(ForkedBooter.java:418)
</error>
    <system-out><![CDATA[2019-06-15 14:10:44,498 WARN  server.ServerUtils (ServerUtils.java:getScmDbDir(145)) - ozone.scm.db.dirs is not configured. We recommend adding this setting. Falling back to ozone.metadata.dirs instead.
2019-06-15 14:10:44,564 WARN  server.ServerUtils (ServerUtils.java:getScmDbDir(145)) - ozone.scm.db.dirs is not configured. We recommend adding this setting. Falling back to ozone.metadata.dirs instead.
2019-06-15 14:10:44,567 WARN  server.ServerUtils (ServerUtils.java:getScmDbDir(145)) - ozone.scm.db.dirs is not configured. We recommend adding this setting. Falling back to ozone.metadata.dirs instead.
2019-06-15 14:10:44,581 INFO  util.log (Log.java:initialized(192)) - Logging initialized @670ms
2019-06-15 14:10:44,661 INFO  db.DBStoreBuilder (DBStoreBuilder.java:addTable(110)) - using custom profile for table: deletedBlocks
2019-06-15 14:10:44,661 INFO  db.DBStoreBuilder (DBStoreBuilder.java:processTables(161)) - Using default column profile:DBProfile.DISK for Table:deletedBlocks
2019-06-15 14:10:44,662 INFO  db.DBStoreBuilder (DBStoreBuilder.java:addTable(110)) - using custom profile for table: validCerts
2019-06-15 14:10:44,662 INFO  db.DBStoreBuilder (DBStoreBuilder.java:processTables(161)) - Using default column profile:DBProfile.DISK for Table:validCerts
2019-06-15 14:10:44,662 INFO  db.DBStoreBuilder (DBStoreBuilder.java:addTable(110)) - using custom profile for table: revokedCerts
2019-06-15 14:10:44,662 INFO  db.DBStoreBuilder (DBStoreBuilder.java:processTables(161)) - Using default column profile:DBProfile.DISK for Table:revokedCerts
2019-06-15 14:10:44,672 INFO  db.DBStoreBuilder (DBStoreBuilder.java:addTable(110)) - using custom profile for table: default
2019-06-15 14:10:44,672 INFO  db.DBStoreBuilder (DBStoreBuilder.java:processTables(167)) - Using default column profile:DBProfile.DISK for Table:default
2019-06-15 14:10:44,673 INFO  db.DBStoreBuilder (DBStoreBuilder.java:getDbProfile(198)) - Using default options. DBProfile.DISK
2019-06-15 14:10:44,727 INFO  net.NodeSchemaLoader (NodeSchemaLoader.java:loadSchemaFromFile(125)) - Loading file from sun.misc.CompoundEnumeration@16ec5519
2019-06-15 14:10:44,729 INFO  net.NodeSchemaLoader (NodeSchemaLoader.java:loadSchema(171)) - Loading network topology layer schema file
2019-06-15 14:10:44,779 WARN  server.ServerUtils (ServerUtils.java:sanitizeUserArgs(70)) - ozone.scm.stale.node.interval value = 300000 is larger than max = 100000 based on the key value of ozone.scm.heartbeat.thread.interval, reset to the max value 100000.
2019-06-15 14:10:44,781 WARN  server.ServerUtils (ServerUtils.java:sanitizeUserArgs(70)) - ozone.scm.stale.node.interval value = 300000 is larger than max = 100000 based on the key value of ozone.scm.heartbeat.thread.interval, reset to the max value 100000.
2019-06-15 14:10:44,782 INFO  node.SCMNodeManager (SCMNodeManager.java:<init>(119)) - Entering startup safe mode.
2019-06-15 14:10:44,846 WARN  server.ServerUtils (ServerUtils.java:getScmDbDir(145)) - ozone.scm.db.dirs is not configured. We recommend adding this setting. Falling back to ozone.metadata.dirs instead.
2019-06-15 14:10:44,866 INFO  pipeline.SCMPipelineManager (SCMPipelineManager.java:initializePipelineState(126)) - No pipeline exists in current db
2019-06-15 14:10:44,868 WARN  server.ServerUtils (ServerUtils.java:getScmDbDir(145)) - ozone.scm.db.dirs is not configured. We recommend adding this setting. Falling back to ozone.metadata.dirs instead.
2019-06-15 14:10:44,922 WARN  events.EventQueue (EventQueue.java:fireEvent(175)) - No event handler registered for event TypedEvent{payloadType=SafeModeStatus, name='SafeModeStatus'}
2019-06-15 14:10:45,217 INFO  ipc.CallQueueManager (CallQueueManager.java:<init>(84)) - Using callQueue: class java.util.concurrent.LinkedBlockingQueue, queueCapacity: 2000, scheduler: class org.apache.hadoop.ipc.DefaultRpcScheduler, ipcBackoff: false.
2019-06-15 14:10:45,238 INFO  ipc.Server (Server.java:run(1074)) - Starting Socket Reader #1 for port 37303
2019-06-15 14:10:45,256 INFO  ipc.CallQueueManager (CallQueueManager.java:<init>(84)) - Using callQueue: class java.util.concurrent.LinkedBlockingQueue, queueCapacity: 2000, scheduler: class org.apache.hadoop.ipc.DefaultRpcScheduler, ipcBackoff: false.
2019-06-15 14:10:45,256 INFO  ipc.Server (Server.java:run(1074)) - Starting Socket Reader #1 for port 35121
2019-06-15 14:10:45,262 INFO  ipc.CallQueueManager (CallQueueManager.java:<init>(84)) - Using callQueue: class java.util.concurrent.LinkedBlockingQueue, queueCapacity: 2000, scheduler: class org.apache.hadoop.ipc.DefaultRpcScheduler, ipcBackoff: false.
2019-06-15 14:10:45,262 INFO  ipc.Server (Server.java:run(1074)) - Starting Socket Reader #1 for port 36455
2019-06-15 14:10:45,278 INFO  hdfs.DFSUtil (DFSUtil.java:httpServerTemplateForNNAndJN(1641)) - Starting Web-server for scm at: http://0.0.0.0:0
2019-06-15 14:10:45,450 INFO  server.AuthenticationFilter (AuthenticationFilter.java:constructSecretProvider(240)) - Unable to initialize FileSignerSecretProvider, falling back to use random secrets.
2019-06-15 14:10:45,456 WARN  http.HttpRequestLog (HttpRequestLog.java:getRequestLog(97)) - Jetty request log can only be enabled using Log4j
2019-06-15 14:10:45,462 INFO  http.HttpServer2 (HttpServer2.java:addGlobalFilter(975)) - Added global filter 'safety' (class=org.apache.hadoop.http.HttpServer2$QuotingInputFilter)
2019-06-15 14:10:45,464 INFO  http.HttpServer2 (HttpServer2.java:addFilter(948)) - Added filter static_user_filter (class=org.apache.hadoop.http.lib.StaticUserWebFilter$StaticUserFilter) to context scm
2019-06-15 14:10:45,464 INFO  http.HttpServer2 (HttpServer2.java:addFilter(958)) - Added filter static_user_filter (class=org.apache.hadoop.http.lib.StaticUserWebFilter$StaticUserFilter) to context static
2019-06-15 14:10:45,464 INFO  http.HttpServer2 (HttpServer2.java:addFilter(958)) - Added filter static_user_filter (class=org.apache.hadoop.http.lib.StaticUserWebFilter$StaticUserFilter) to context logs
2019-06-15 14:10:45,487 INFO  server.StorageContainerManager (StorageContainerManager.java:start(753)) - StorageContainerLocationProtocol RPC server is listening at /0.0.0.0:36455
2019-06-15 14:10:45,537 WARN  impl.MetricsConfig (MetricsConfig.java:loadFirst(134)) - Cannot locate configuration: tried hadoop-metrics2-storagecontainermanager.properties,hadoop-metrics2.properties
2019-06-15 14:10:45,548 INFO  impl.MetricsSystemImpl (MetricsSystemImpl.java:startTimer(374)) - Scheduled Metric snapshot period at 10 second(s).
2019-06-15 14:10:45,548 INFO  impl.MetricsSystemImpl (MetricsSystemImpl.java:start(191)) - StorageContainerManager metrics system started
2019-06-15 14:10:45,718 INFO  server.SCMClientProtocolServer (SCMClientProtocolServer.java:start(149)) - RPC server for Client  is listening at /0.0.0.0:36455
2019-06-15 14:10:45,718 INFO  ipc.Server (Server.java:run(1314)) - IPC Server Responder: starting
2019-06-15 14:10:45,719 INFO  ipc.Server (Server.java:run(1153)) - IPC Server listener on 36455: starting
2019-06-15 14:10:45,721 INFO  server.StorageContainerManager (StorageContainerManager.java:start(762)) - ScmBlockLocationProtocol RPC server is listening at /0.0.0.0:35121
2019-06-15 14:10:45,722 INFO  server.SCMBlockProtocolServer (SCMBlockProtocolServer.java:start(137)) - RPC server for Block Protocol is listening at /0.0.0.0:35121
2019-06-15 14:10:45,722 INFO  ipc.Server (Server.java:run(1314)) - IPC Server Responder: starting
2019-06-15 14:10:45,722 INFO  ipc.Server (Server.java:run(1153)) - IPC Server listener on 35121: starting
2019-06-15 14:10:45,728 INFO  server.StorageContainerManager (StorageContainerManager.java:start(766)) - ScmDatanodeProtocl RPC server is listening at /0.0.0.0:37303
2019-06-15 14:10:45,729 INFO  server.SCMDatanodeProtocolServer (SCMDatanodeProtocolServer.java:start(191)) - RPC server for DataNodes is listening at /0.0.0.0:37303
2019-06-15 14:10:45,729 INFO  ipc.Server (Server.java:run(1314)) - IPC Server Responder: starting
2019-06-15 14:10:45,729 INFO  ipc.Server (Server.java:run(1153)) - IPC Server listener on 37303: starting
2019-06-15 14:10:45,732 INFO  http.HttpServer2 (HttpServer2.java:bindListener(1191)) - Jetty bound to port 37701
2019-06-15 14:10:45,733 INFO  server.Server (Server.java:doStart(351)) - jetty-9.3.24.v20180605, build timestamp: 2018-06-05T17:11:56Z, git hash: 84205aa28f11a4f31f2a3b86d1bba2cc8ab69827
2019-06-15 14:10:45,768 INFO  handler.ContextHandler (ContextHandler.java:doStart(781)) - Started o.e.j.s.ServletContextHandler@130dca52{/logs,file:///opt/src/hadoop-ozone/integration-test/target/log,AVAILABLE}
2019-06-15 14:10:45,769 INFO  handler.ContextHandler (ContextHandler.java:doStart(781)) - Started o.e.j.s.ServletContextHandler@737a135b{/static,file:///opt/src/hadoop-ozone/integration-test/target/test-classes/webapps/static,AVAILABLE}
2019-06-15 14:10:45,798 INFO  handler.ContextHandler (ContextHandler.java:doStart(781)) - Started o.e.j.w.WebAppContext@303e3593{/,file:///opt/src/hadoop-ozone/integration-test/target/test-classes/webapps/scm/,AVAILABLE}{/scm}
2019-06-15 14:10:45,803 INFO  server.AbstractConnector (AbstractConnector.java:doStart(278)) - Started ServerConnector@32cb636e{HTTP/1.1,[http/1.1]}{0.0.0.0:37701}
2019-06-15 14:10:45,803 INFO  server.Server (Server.java:doStart(419)) - Started @1893ms
2019-06-15 14:10:45,804 INFO  server.BaseHttpServer (BaseHttpServer.java:updateConnectorAddress(207)) - HTTP server of SCM is listening at http://0.0.0.0:37701
2019-06-15 14:10:45,809 INFO  util.JvmPauseMonitor (JvmPauseMonitor.java:run(188)) - Starting JVM pause monitor
2019-06-15 14:10:45,812 WARN  scm.ScmUtils (ScmUtils.java:getDBPath(63)) - ozone.om.db.dirs is not configured. We recommend adding this setting. Falling back to ozone.metadata.dirs instead.
2019-06-15 14:10:45,886 WARN  scm.ScmUtils (ScmUtils.java:getDBPath(63)) - ozone.om.db.dirs is not configured. We recommend adding this setting. Falling back to ozone.metadata.dirs instead.
2019-06-15 14:10:45,887 INFO  om.OzoneManager (OzoneManager.java:setOMNodeDetails(532)) - OM Service ID is not set. Setting it to the default ID: omServiceIdDefault
2019-06-15 14:10:45,887 INFO  om.OzoneManager (OzoneManager.java:setOMNodeDetails(538)) - OM Node ID is not set. Setting it to the OmStorage's OmID: 855b21ad-c57e-4d06-8943-3f8fb3fcf37e
2019-06-15 14:10:45,889 WARN  scm.HddsServerUtil (HddsServerUtil.java:getDefaultRatisDirectory(354)) - Storage directory for Ratis is not configured. It is a good idea to map this to an SSD disk. Falling back to ozone.metadata.dirs
2019-06-15 14:10:45,889 WARN  scm.HddsServerUtil (HddsServerUtil.java:getDefaultRatisDirectory(354)) - Storage directory for Ratis is not configured. It is a good idea to map this to an SSD disk. Falling back to ozone.metadata.dirs
2019-06-15 14:10:45,889 INFO  om.OzoneManager (OzoneManager.java:loadOMHAConfigs(489)) - Found matching OM address with OMServiceId: null, OMNodeId: null, RPC Address: localhost:0 and Ratis port: 9872
2019-06-15 14:10:46,067 WARN  scm.ScmUtils (ScmUtils.java:getDBPath(63)) - ozone.om.db.dirs is not configured. We recommend adding this setting. Falling back to ozone.metadata.dirs instead.
2019-06-15 14:10:46,073 INFO  db.DBStoreBuilder (DBStoreBuilder.java:addTable(110)) - using custom profile for table: userTable
2019-06-15 14:10:46,073 INFO  db.DBStoreBuilder (DBStoreBuilder.java:processTables(161)) - Using default column profile:DBProfile.DISK for Table:userTable
2019-06-15 14:10:46,073 INFO  db.DBStoreBuilder (DBStoreBuilder.java:addTable(110)) - using custom profile for table: volumeTable
2019-06-15 14:10:46,073 INFO  db.DBStoreBuilder (DBStoreBuilder.java:processTables(161)) - Using default column profile:DBProfile.DISK for Table:volumeTable
2019-06-15 14:10:46,073 INFO  db.DBStoreBuilder (DBStoreBuilder.java:addTable(110)) - using custom profile for table: bucketTable
2019-06-15 14:10:46,074 INFO  db.DBStoreBuilder (DBStoreBuilder.java:processTables(161)) - Using default column profile:DBProfile.DISK for Table:bucketTable
2019-06-15 14:10:46,074 INFO  db.DBStoreBuilder (DBStoreBuilder.java:addTable(110)) - using custom profile for table: keyTable
2019-06-15 14:10:46,074 INFO  db.DBStoreBuilder (DBStoreBuilder.java:processTables(161)) - Using default column profile:DBProfile.DISK for Table:keyTable
2019-06-15 14:10:46,074 INFO  db.DBStoreBuilder (DBStoreBuilder.java:addTable(110)) - using custom profile for table: deletedTable
2019-06-15 14:10:46,075 INFO  db.DBStoreBuilder (DBStoreBuilder.java:processTables(161)) - Using default column profile:DBProfile.DISK for Table:deletedTable
2019-06-15 14:10:46,075 INFO  db.DBStoreBuilder (DBStoreBuilder.java:addTable(110)) - using custom profile for table: openKeyTable
2019-06-15 14:10:46,075 INFO  db.DBStoreBuilder (DBStoreBuilder.java:processTables(161)) - Using default column profile:DBProfile.DISK for Table:openKeyTable
2019-06-15 14:10:46,075 INFO  db.DBStoreBuilder (DBStoreBuilder.java:addTable(110)) - using custom profile for table: s3Table
2019-06-15 14:10:46,076 INFO  db.DBStoreBuilder (DBStoreBuilder.java:processTables(161)) - Using default column profile:DBProfile.DISK for Table:s3Table
2019-06-15 14:10:46,076 INFO  db.DBStoreBuilder (DBStoreBuilder.java:addTable(110)) - using custom profile for table: multipartInfoTable
2019-06-15 14:10:46,076 INFO  db.DBStoreBuilder (DBStoreBuilder.java:processTables(161)) - Using default column profile:DBProfile.DISK for Table:multipartInfoTable
2019-06-15 14:10:46,076 INFO  db.DBStoreBuilder (DBStoreBuilder.java:addTable(110)) - using custom profile for table: dTokenTable
2019-06-15 14:10:46,076 INFO  db.DBStoreBuilder (DBStoreBuilder.java:processTables(161)) - Using default column profile:DBProfile.DISK for Table:dTokenTable
2019-06-15 14:10:46,077 INFO  db.DBStoreBuilder (DBStoreBuilder.java:addTable(110)) - using custom profile for table: s3SecretTable
2019-06-15 14:10:46,077 INFO  db.DBStoreBuilder (DBStoreBuilder.java:processTables(161)) - Using default column profile:DBProfile.DISK for Table:s3SecretTable
2019-06-15 14:10:46,077 INFO  db.DBStoreBuilder (DBStoreBuilder.java:addTable(110)) - using custom profile for table: prefixTable
2019-06-15 14:10:46,077 INFO  db.DBStoreBuilder (DBStoreBuilder.java:processTables(161)) - Using default column profile:DBProfile.DISK for Table:prefixTable
2019-06-15 14:10:46,078 INFO  db.DBStoreBuilder (DBStoreBuilder.java:addTable(110)) - using custom profile for table: default
2019-06-15 14:10:46,078 INFO  db.DBStoreBuilder (DBStoreBuilder.java:processTables(167)) - Using default column profile:DBProfile.DISK for Table:default
2019-06-15 14:10:46,078 INFO  db.DBStoreBuilder (DBStoreBuilder.java:getDbProfile(198)) - Using default options. DBProfile.DISK
2019-06-15 14:10:46,553 INFO  ipc.CallQueueManager (CallQueueManager.java:<init>(84)) - Using callQueue: class java.util.concurrent.LinkedBlockingQueue, queueCapacity: 2000, scheduler: class org.apache.hadoop.ipc.DefaultRpcScheduler, ipcBackoff: false.
2019-06-15 14:10:46,553 INFO  ipc.Server (Server.java:run(1074)) - Starting Socket Reader #1 for port 43105
2019-06-15 14:10:46,579 WARN  scm.ScmUtils (ScmUtils.java:getDBPath(63)) - ozone.om.db.dirs is not configured. We recommend adding this setting. Falling back to ozone.metadata.dirs instead.
2019-06-15 14:10:46,579 INFO  om.OzoneManager (OzoneManager.java:start(1230)) - OzoneManager RPC server is listening at localhost/127.0.0.1:43105
2019-06-15 14:10:46,579 INFO  impl.MetricsSystemImpl (MetricsSystemImpl.java:init(158)) - OzoneManager metrics system started (again)
2019-06-15 14:10:46,580 INFO  ipc.Server (Server.java:run(1314)) - IPC Server Responder: starting
2019-06-15 14:10:46,580 INFO  ipc.Server (Server.java:run(1153)) - IPC Server listener on 43105: starting
2019-06-15 14:10:46,620 INFO  hdfs.DFSUtil (DFSUtil.java:httpServerTemplateForNNAndJN(1641)) - Starting Web-server for ozoneManager at: http://0.0.0.0:0
2019-06-15 14:10:46,621 INFO  server.AuthenticationFilter (AuthenticationFilter.java:constructSecretProvider(240)) - Unable to initialize FileSignerSecretProvider, falling back to use random secrets.
2019-06-15 14:10:46,622 WARN  http.HttpRequestLog (HttpRequestLog.java:getRequestLog(97)) - Jetty request log can only be enabled using Log4j
2019-06-15 14:10:46,624 INFO  http.HttpServer2 (HttpServer2.java:addGlobalFilter(975)) - Added global filter 'safety' (class=org.apache.hadoop.http.HttpServer2$QuotingInputFilter)
2019-06-15 14:10:46,625 INFO  http.HttpServer2 (HttpServer2.java:addFilter(948)) - Added filter static_user_filter (class=org.apache.hadoop.http.lib.StaticUserWebFilter$StaticUserFilter) to context ozoneManager
2019-06-15 14:10:46,625 INFO  http.HttpServer2 (HttpServer2.java:addFilter(958)) - Added filter static_user_filter (class=org.apache.hadoop.http.lib.StaticUserWebFilter$StaticUserFilter) to context logs
2019-06-15 14:10:46,625 INFO  http.HttpServer2 (HttpServer2.java:addFilter(958)) - Added filter static_user_filter (class=org.apache.hadoop.http.lib.StaticUserWebFilter$StaticUserFilter) to context static
2019-06-15 14:10:46,627 INFO  http.HttpServer2 (HttpServer2.java:bindListener(1191)) - Jetty bound to port 34807
2019-06-15 14:10:46,627 INFO  server.Server (Server.java:doStart(351)) - jetty-9.3.24.v20180605, build timestamp: 2018-06-05T17:11:56Z, git hash: 84205aa28f11a4f31f2a3b86d1bba2cc8ab69827
2019-06-15 14:10:46,628 INFO  handler.ContextHandler (ContextHandler.java:doStart(781)) - Started o.e.j.s.ServletContextHandler@18fdb6cf{/logs,file:///opt/src/hadoop-ozone/integration-test/target/log,AVAILABLE}
2019-06-15 14:10:46,629 INFO  handler.ContextHandler (ContextHandler.java:doStart(781)) - Started o.e.j.s.ServletContextHandler@60baef24{/static,file:///opt/src/hadoop-ozone/integration-test/target/test-classes/webapps/static,AVAILABLE}
2019-06-15 14:10:46,633 INFO  handler.ContextHandler (ContextHandler.java:doStart(781)) - Started o.e.j.w.WebAppContext@72ba28ee{/,file:///opt/src/hadoop-ozone/integration-test/target/test-classes/webapps/ozoneManager/,AVAILABLE}{/ozoneManager}
2019-06-15 14:10:46,634 INFO  server.AbstractConnector (AbstractConnector.java:doStart(278)) - Started ServerConnector@2e3a5237{HTTP/1.1,[http/1.1]}{0.0.0.0:34807}
2019-06-15 14:10:46,634 INFO  server.Server (Server.java:doStart(419)) - Started @2724ms
2019-06-15 14:10:46,635 INFO  server.BaseHttpServer (BaseHttpServer.java:updateConnectorAddress(207)) - HTTP server of OZONEMANAGER is listening at http://0.0.0.0:34807
2019-06-15 14:10:46,778 INFO  impl.MetricsSystemImpl (MetricsSystemImpl.java:init(158)) - HddsDatanode metrics system started (again)
2019-06-15 14:10:46,922 INFO  ozone.HddsDatanodeService (HddsDatanodeService.java:start(185)) - HddsDatanodeService host:ozone-unit-076618677d3-hs227-2779846674 ip:192.168.19.23
2019-06-15 14:10:46,948 INFO  volume.HddsVolume (HddsVolume.java:<init>(176)) - Creating Volume: /opt/src/hadoop-ozone/integration-test/target/test-dir/MiniOzoneClusterImpl-149107bc-51df-4001-9ad5-938ee105cacd/datanode-0/data/containers/hdds of  storage type : DISK and capacity : 104021790720
2019-06-15 14:10:46,950 INFO  volume.VolumeSet (VolumeSet.java:initializeVolumeSet(170)) - Added Volume : /opt/src/hadoop-ozone/integration-test/target/test-dir/MiniOzoneClusterImpl-149107bc-51df-4001-9ad5-938ee105cacd/datanode-0/data/containers/hdds to VolumeSet
2019-06-15 14:10:46,952 INFO  volume.ThrottledAsyncChecker (ThrottledAsyncChecker.java:schedule(140)) - Scheduling a check for org.apache.hadoop.ozone.container.common.volume.HddsVolume@7e75bf2d
2019-06-15 14:10:46,970 INFO  volume.HddsVolumeChecker (HddsVolumeChecker.java:checkAllVolumes(203)) - Scheduled health check for volume org.apache.hadoop.ozone.container.common.volume.HddsVolume@7e75bf2d
2019-06-15 14:10:47,005 INFO  ratis.XceiverServerRatis (XceiverServerRatis.java:newXceiverServerRatis(401)) - Found a free port for the server : 33803
2019-06-15 14:10:47,061 INFO  impl.RaftServerProxy (ConfUtils.java:logGet(43)) - raft.rpc.type = GRPC (default)
2019-06-15 14:10:47,070 INFO  grpc.GrpcConfigKeys$Server (ConfUtils.java:logGet(43)) - raft.grpc.server.port = 33803 (custom)
2019-06-15 14:10:47,071 INFO  server.GrpcService (ConfUtils.java:logGet(43)) - raft.grpc.message.size.max = 33570816 (custom)
2019-06-15 14:10:47,072 INFO  server.RaftServerConfigKeys (ConfUtils.java:logGet(43)) - raft.server.log.appender.buffer.byte-limit = 33554432 (custom)
2019-06-15 14:10:47,073 INFO  server.GrpcService (ConfUtils.java:logGet(43)) - raft.grpc.flow.control.window = 1MB (=1048576) (default)
2019-06-15 14:10:47,074 INFO  server.RaftServerConfigKeys (ConfUtils.java:logGet(43)) - raft.server.rpc.request.timeout = 3000ms (default)
2019-06-15 14:10:47,191 INFO  server.RaftServerConfigKeys (ConfUtils.java:logGet(43)) - raft.server.storage.dir = [/opt/src/hadoop-ozone/integration-test/target/test-dir/MiniOzoneClusterImpl-149107bc-51df-4001-9ad5-938ee105cacd/datanode-0/data/ratis] (custom)
2019-06-15 14:10:47,198 INFO  server.XceiverServerGrpc (XceiverServerGrpc.java:<init>(97)) - Found a free port for the server : 37789
2019-06-15 14:10:47,220 INFO  replication.SimpleContainerDownloader (SimpleContainerDownloader.java:<init>(72)) - Starting container downloader service to copy containers to replicate.
2019-06-15 14:10:47,230 INFO  hdfs.DFSUtil (DFSUtil.java:httpServerTemplateForNNAndJN(1641)) - Starting Web-server for hddsDatanode at: http://0.0.0.0:0
2019-06-15 14:10:47,232 INFO  server.AuthenticationFilter (AuthenticationFilter.java:constructSecretProvider(240)) - Unable to initialize FileSignerSecretProvider, falling back to use random secrets.
2019-06-15 14:10:47,232 WARN  http.HttpRequestLog (HttpRequestLog.java:getRequestLog(97)) - Jetty request log can only be enabled using Log4j
2019-06-15 14:10:47,235 INFO  http.HttpServer2 (HttpServer2.java:addGlobalFilter(975)) - Added global filter 'safety' (class=org.apache.hadoop.http.HttpServer2$QuotingInputFilter)
2019-06-15 14:10:47,235 INFO  http.HttpServer2 (HttpServer2.java:addFilter(948)) - Added filter static_user_filter (class=org.apache.hadoop.http.lib.StaticUserWebFilter$StaticUserFilter) to context hddsDatanode
2019-06-15 14:10:47,236 INFO  http.HttpServer2 (HttpServer2.java:addFilter(958)) - Added filter static_user_filter (class=org.apache.hadoop.http.lib.StaticUserWebFilter$StaticUserFilter) to context static
2019-06-15 14:10:47,236 INFO  http.HttpServer2 (HttpServer2.java:addFilter(958)) - Added filter static_user_filter (class=org.apache.hadoop.http.lib.StaticUserWebFilter$StaticUserFilter) to context logs
2019-06-15 14:10:47,237 INFO  http.HttpServer2 (HttpServer2.java:bindListener(1191)) - Jetty bound to port 35991
2019-06-15 14:10:47,237 INFO  server.Server (Server.java:doStart(351)) - jetty-9.3.24.v20180605, build timestamp: 2018-06-05T17:11:56Z, git hash: 84205aa28f11a4f31f2a3b86d1bba2cc8ab69827
2019-06-15 14:10:47,238 INFO  handler.ContextHandler (ContextHandler.java:doStart(781)) - Started o.e.j.s.ServletContextHandler@2af46afd{/logs,file:///opt/src/hadoop-ozone/integration-test/target/log,AVAILABLE}
2019-06-15 14:10:47,239 INFO  handler.ContextHandler (ContextHandler.java:doStart(781)) - Started o.e.j.s.ServletContextHandler@31ceba99{/static,jar:file:/home/user/.m2/repository/org/apache/hadoop/hadoop-hdds-container-service/0.5.0-SNAPSHOT/hadoop-hdds-container-service-0.5.0-SNAPSHOT.jar!/webapps/static,AVAILABLE}
2019-06-15 14:10:47,273 INFO  handler.ContextHandler (ContextHandler.java:doStart(781)) - Started o.e.j.w.WebAppContext@622fdb81{/,file:///tmp/jetty-0.0.0.0-35991-hddsDatanode-_-any-5987451405036169530.dir/webapp/,AVAILABLE}{/hddsDatanode}
2019-06-15 14:10:47,274 INFO  server.AbstractConnector (AbstractConnector.java:doStart(278)) - Started ServerConnector@1f3165e7{HTTP/1.1,[http/1.1]}{0.0.0.0:35991}
2019-06-15 14:10:47,274 INFO  server.Server (Server.java:doStart(419)) - Started @3364ms
2019-06-15 14:10:47,275 INFO  server.BaseHttpServer (BaseHttpServer.java:updateConnectorAddress(207)) - HTTP server of HDDSDATANODE is listening at http://0.0.0.0:35991
2019-06-15 14:10:48,255 INFO  ozone.HddsDatanodeService (HddsDatanodeService.java:startPlugins(396)) - Started plug-in org.apache.hadoop.ozone.web.OzoneHddsDatanodeService@3fde8f7c
2019-06-15 14:10:48,256 INFO  impl.MetricsSystemImpl (MetricsSystemImpl.java:init(158)) - HddsDatanode metrics system started (again)
2019-06-15 14:10:48,258 INFO  ozone.HddsDatanodeService (HddsDatanodeService.java:start(185)) - HddsDatanodeService host:ozone-unit-076618677d3-hs227-2779846674 ip:192.168.19.23
2019-06-15 14:10:48,279 INFO  util.JvmPauseMonitor (JvmPauseMonitor.java:run(188)) - Starting JVM pause monitor
2019-06-15 14:10:48,282 INFO  volume.HddsVolume (HddsVolume.java:<init>(176)) - Creating Volume: /opt/src/hadoop-ozone/integration-test/target/test-dir/MiniOzoneClusterImpl-149107bc-51df-4001-9ad5-938ee105cacd/datanode-1/data/containers/hdds of  storage type : DISK and capacity : 104021790720
2019-06-15 14:10:48,282 INFO  volume.VolumeSet (VolumeSet.java:initializeVolumeSet(170)) - Added Volume : /opt/src/hadoop-ozone/integration-test/target/test-dir/MiniOzoneClusterImpl-149107bc-51df-4001-9ad5-938ee105cacd/datanode-1/data/containers/hdds to VolumeSet
2019-06-15 14:10:48,282 INFO  volume.ThrottledAsyncChecker (ThrottledAsyncChecker.java:schedule(140)) - Scheduling a check for org.apache.hadoop.ozone.container.common.volume.HddsVolume@3ad8717d
2019-06-15 14:10:48,302 INFO  volume.HddsVolumeChecker (HddsVolumeChecker.java:checkAllVolumes(203)) - Scheduled health check for volume org.apache.hadoop.ozone.container.common.volume.HddsVolume@3ad8717d
2019-06-15 14:10:48,318 INFO  ratis.XceiverServerRatis (XceiverServerRatis.java:newXceiverServerRatis(401)) - Found a free port for the server : 46679
2019-06-15 14:10:48,330 INFO  impl.RaftServerProxy (ConfUtils.java:logGet(43)) - raft.rpc.type = GRPC (default)
2019-06-15 14:10:48,330 INFO  grpc.GrpcConfigKeys$Server (ConfUtils.java:logGet(43)) - raft.grpc.server.port = 46679 (custom)
2019-06-15 14:10:48,330 INFO  server.GrpcService (ConfUtils.java:logGet(43)) - raft.grpc.message.size.max = 33570816 (custom)
2019-06-15 14:10:48,331 INFO  server.RaftServerConfigKeys (ConfUtils.java:logGet(43)) - raft.server.log.appender.buffer.byte-limit = 33554432 (custom)
2019-06-15 14:10:48,331 INFO  server.GrpcService (ConfUtils.java:logGet(43)) - raft.grpc.flow.control.window = 1MB (=1048576) (default)
2019-06-15 14:10:48,331 INFO  server.RaftServerConfigKeys (ConfUtils.java:logGet(43)) - raft.server.rpc.request.timeout = 3000ms (default)
2019-06-15 14:10:48,332 INFO  server.RaftServerConfigKeys (ConfUtils.java:logGet(43)) - raft.server.storage.dir = [/opt/src/hadoop-ozone/integration-test/target/test-dir/MiniOzoneClusterImpl-149107bc-51df-4001-9ad5-938ee105cacd/datanode-1/data/ratis] (custom)
2019-06-15 14:10:48,332 INFO  server.XceiverServerGrpc (XceiverServerGrpc.java:<init>(97)) - Found a free port for the server : 34229
2019-06-15 14:10:48,333 INFO  replication.SimpleContainerDownloader (SimpleContainerDownloader.java:<init>(72)) - Starting container downloader service to copy containers to replicate.
2019-06-15 14:10:48,336 INFO  hdfs.DFSUtil (DFSUtil.java:httpServerTemplateForNNAndJN(1641)) - Starting Web-server for hddsDatanode at: http://0.0.0.0:0
2019-06-15 14:10:48,338 INFO  server.AuthenticationFilter (AuthenticationFilter.java:constructSecretProvider(240)) - Unable to initialize FileSignerSecretProvider, falling back to use random secrets.
2019-06-15 14:10:48,339 WARN  http.HttpRequestLog (HttpRequestLog.java:getRequestLog(97)) - Jetty request log can only be enabled using Log4j
2019-06-15 14:10:48,341 INFO  http.HttpServer2 (HttpServer2.java:addGlobalFilter(975)) - Added global filter 'safety' (class=org.apache.hadoop.http.HttpServer2$QuotingInputFilter)
2019-06-15 14:10:48,342 INFO  http.HttpServer2 (HttpServer2.java:addFilter(948)) - Added filter static_user_filter (class=org.apache.hadoop.http.lib.StaticUserWebFilter$StaticUserFilter) to context hddsDatanode
2019-06-15 14:10:48,342 INFO  http.HttpServer2 (HttpServer2.java:addFilter(958)) - Added filter static_user_filter (class=org.apache.hadoop.http.lib.StaticUserWebFilter$StaticUserFilter) to context logs
2019-06-15 14:10:48,342 INFO  http.HttpServer2 (HttpServer2.java:addFilter(958)) - Added filter static_user_filter (class=org.apache.hadoop.http.lib.StaticUserWebFilter$StaticUserFilter) to context static
2019-06-15 14:10:48,343 INFO  http.HttpServer2 (HttpServer2.java:bindListener(1191)) - Jetty bound to port 41185
2019-06-15 14:10:48,343 INFO  server.Server (Server.java:doStart(351)) - jetty-9.3.24.v20180605, build timestamp: 2018-06-05T17:11:56Z, git hash: 84205aa28f11a4f31f2a3b86d1bba2cc8ab69827
2019-06-15 14:10:48,346 INFO  handler.ContextHandler (ContextHandler.java:doStart(781)) - Started o.e.j.s.ServletContextHandler@483f286e{/logs,file:///opt/src/hadoop-ozone/integration-test/target/log,AVAILABLE}
2019-06-15 14:10:48,347 INFO  handler.ContextHandler (ContextHandler.java:doStart(781)) - Started o.e.j.s.ServletContextHandler@33f2cfda{/static,jar:file:/home/user/.m2/repository/org/apache/hadoop/hadoop-hdds-container-service/0.5.0-SNAPSHOT/hadoop-hdds-container-service-0.5.0-SNAPSHOT.jar!/webapps/static,AVAILABLE}
2019-06-15 14:10:48,377 INFO  handler.ContextHandler (ContextHandler.java:doStart(781)) - Started o.e.j.w.WebAppContext@581b1c08{/,file:///tmp/jetty-0.0.0.0-41185-hddsDatanode-_-any-5319093384161874635.dir/webapp/,AVAILABLE}{/hddsDatanode}
2019-06-15 14:10:48,377 INFO  server.AbstractConnector (AbstractConnector.java:doStart(278)) - Started ServerConnector@33b9ec18{HTTP/1.1,[http/1.1]}{0.0.0.0:41185}
2019-06-15 14:10:48,379 INFO  server.Server (Server.java:doStart(419)) - Started @4469ms
2019-06-15 14:10:48,380 INFO  server.BaseHttpServer (BaseHttpServer.java:updateConnectorAddress(207)) - HTTP server of HDDSDATANODE is listening at http://0.0.0.0:41185
2019-06-15 14:10:48,380 INFO  datanode.InitDatanodeState (InitDatanodeState.java:persistContainerDatanodeDetails(140)) - DatanodeDetails is persisted to /opt/src/hadoop-ozone/integration-test/target/test-dir/MiniOzoneClusterImpl-149107bc-51df-4001-9ad5-938ee105cacd/datanode-0/meta/datanode.id
2019-06-15 14:10:48,511 INFO  ozone.HddsDatanodeService (HddsDatanodeService.java:startPlugins(396)) - Started plug-in org.apache.hadoop.ozone.web.OzoneHddsDatanodeService@2ba42204
2019-06-15 14:10:48,511 INFO  impl.MetricsSystemImpl (MetricsSystemImpl.java:init(158)) - HddsDatanode metrics system started (again)
2019-06-15 14:10:48,511 INFO  ozone.HddsDatanodeService (HddsDatanodeService.java:start(185)) - HddsDatanodeService host:ozone-unit-076618677d3-hs227-2779846674 ip:192.168.19.23
2019-06-15 14:10:48,526 INFO  util.JvmPauseMonitor (JvmPauseMonitor.java:run(188)) - Starting JVM pause monitor
2019-06-15 14:10:48,527 INFO  volume.HddsVolume (HddsVolume.java:<init>(176)) - Creating Volume: /opt/src/hadoop-ozone/integration-test/target/test-dir/MiniOzoneClusterImpl-149107bc-51df-4001-9ad5-938ee105cacd/datanode-2/data/containers/hdds of  storage type : DISK and capacity : 104021790720
2019-06-15 14:10:48,528 INFO  volume.VolumeSet (VolumeSet.java:initializeVolumeSet(170)) - Added Volume : /opt/src/hadoop-ozone/integration-test/target/test-dir/MiniOzoneClusterImpl-149107bc-51df-4001-9ad5-938ee105cacd/datanode-2/data/containers/hdds to VolumeSet
2019-06-15 14:10:48,528 INFO  volume.ThrottledAsyncChecker (ThrottledAsyncChecker.java:schedule(140)) - Scheduling a check for org.apache.hadoop.ozone.container.common.volume.HddsVolume@29d405e6
2019-06-15 14:10:48,534 INFO  volume.HddsVolumeChecker (HddsVolumeChecker.java:checkAllVolumes(203)) - Scheduled health check for volume org.apache.hadoop.ozone.container.common.volume.HddsVolume@29d405e6
2019-06-15 14:10:48,539 INFO  datanode.InitDatanodeState (InitDatanodeState.java:persistContainerDatanodeDetails(140)) - DatanodeDetails is persisted to /opt/src/hadoop-ozone/integration-test/target/test-dir/MiniOzoneClusterImpl-149107bc-51df-4001-9ad5-938ee105cacd/datanode-1/meta/datanode.id
2019-06-15 14:10:48,545 INFO  ratis.XceiverServerRatis (XceiverServerRatis.java:newXceiverServerRatis(401)) - Found a free port for the server : 38341
2019-06-15 14:10:48,547 INFO  impl.RaftServerProxy (ConfUtils.java:logGet(43)) - raft.rpc.type = GRPC (default)
2019-06-15 14:10:48,547 INFO  grpc.GrpcConfigKeys$Server (ConfUtils.java:logGet(43)) - raft.grpc.server.port = 38341 (custom)
2019-06-15 14:10:48,547 INFO  server.GrpcService (ConfUtils.java:logGet(43)) - raft.grpc.message.size.max = 33570816 (custom)
2019-06-15 14:10:48,547 INFO  server.RaftServerConfigKeys (ConfUtils.java:logGet(43)) - raft.server.log.appender.buffer.byte-limit = 33554432 (custom)
2019-06-15 14:10:48,547 INFO  server.GrpcService (ConfUtils.java:logGet(43)) - raft.grpc.flow.control.window = 1MB (=1048576) (default)
2019-06-15 14:10:48,548 INFO  server.RaftServerConfigKeys (ConfUtils.java:logGet(43)) - raft.server.rpc.request.timeout = 3000ms (default)
2019-06-15 14:10:48,548 INFO  server.RaftServerConfigKeys (ConfUtils.java:logGet(43)) - raft.server.storage.dir = [/opt/src/hadoop-ozone/integration-test/target/test-dir/MiniOzoneClusterImpl-149107bc-51df-4001-9ad5-938ee105cacd/datanode-2/data/ratis] (custom)
2019-06-15 14:10:48,548 INFO  server.XceiverServerGrpc (XceiverServerGrpc.java:<init>(97)) - Found a free port for the server : 36027
2019-06-15 14:10:48,549 INFO  replication.SimpleContainerDownloader (SimpleContainerDownloader.java:<init>(72)) - Starting container downloader service to copy containers to replicate.
2019-06-15 14:10:48,550 INFO  hdfs.DFSUtil (DFSUtil.java:httpServerTemplateForNNAndJN(1641)) - Starting Web-server for hddsDatanode at: http://0.0.0.0:0
2019-06-15 14:10:48,551 INFO  server.AuthenticationFilter (AuthenticationFilter.java:constructSecretProvider(240)) - Unable to initialize FileSignerSecretProvider, falling back to use random secrets.
2019-06-15 14:10:48,551 WARN  http.HttpRequestLog (HttpRequestLog.java:getRequestLog(97)) - Jetty request log can only be enabled using Log4j
2019-06-15 14:10:48,553 INFO  http.HttpServer2 (HttpServer2.java:addGlobalFilter(975)) - Added global filter 'safety' (class=org.apache.hadoop.http.HttpServer2$QuotingInputFilter)
2019-06-15 14:10:48,553 INFO  http.HttpServer2 (HttpServer2.java:addFilter(948)) - Added filter static_user_filter (class=org.apache.hadoop.http.lib.StaticUserWebFilter$StaticUserFilter) to context hddsDatanode
2019-06-15 14:10:48,553 INFO  http.HttpServer2 (HttpServer2.java:addFilter(958)) - Added filter static_user_filter (class=org.apache.hadoop.http.lib.StaticUserWebFilter$StaticUserFilter) to context logs
2019-06-15 14:10:48,553 INFO  http.HttpServer2 (HttpServer2.java:addFilter(958)) - Added filter static_user_filter (class=org.apache.hadoop.http.lib.StaticUserWebFilter$StaticUserFilter) to context static
2019-06-15 14:10:48,554 INFO  http.HttpServer2 (HttpServer2.java:bindListener(1191)) - Jetty bound to port 40387
2019-06-15 14:10:48,554 INFO  server.Server (Server.java:doStart(351)) - jetty-9.3.24.v20180605, build timestamp: 2018-06-05T17:11:56Z, git hash: 84205aa28f11a4f31f2a3b86d1bba2cc8ab69827
2019-06-15 14:10:48,561 INFO  handler.ContextHandler (ContextHandler.java:doStart(781)) - Started o.e.j.s.ServletContextHandler@4fba8eec{/logs,file:///opt/src/hadoop-ozone/integration-test/target/log,AVAILABLE}
2019-06-15 14:10:48,561 INFO  handler.ContextHandler (ContextHandler.java:doStart(781)) - Started o.e.j.s.ServletContextHandler@611e5819{/static,jar:file:/home/user/.m2/repository/org/apache/hadoop/hadoop-hdds-container-service/0.5.0-SNAPSHOT/hadoop-hdds-container-service-0.5.0-SNAPSHOT.jar!/webapps/static,AVAILABLE}
2019-06-15 14:10:48,592 INFO  handler.ContextHandler (ContextHandler.java:doStart(781)) - Started o.e.j.w.WebAppContext@188a5fc2{/,file:///tmp/jetty-0.0.0.0-40387-hddsDatanode-_-any-1063142568601529355.dir/webapp/,AVAILABLE}{/hddsDatanode}
2019-06-15 14:10:48,594 INFO  server.AbstractConnector (AbstractConnector.java:doStart(278)) - Started ServerConnector@799c1a7b{HTTP/1.1,[http/1.1]}{0.0.0.0:40387}
2019-06-15 14:10:48,594 INFO  server.Server (Server.java:doStart(419)) - Started @4684ms
2019-06-15 14:10:48,595 INFO  server.BaseHttpServer (BaseHttpServer.java:updateConnectorAddress(207)) - HTTP server of HDDSDATANODE is listening at http://0.0.0.0:40387
2019-06-15 14:10:48,733 INFO  ozone.HddsDatanodeService (HddsDatanodeService.java:startPlugins(396)) - Started plug-in org.apache.hadoop.ozone.web.OzoneHddsDatanodeService@110b7837
2019-06-15 14:10:48,733 INFO  impl.MetricsSystemImpl (MetricsSystemImpl.java:init(158)) - HddsDatanode metrics system started (again)
2019-06-15 14:10:48,734 INFO  ozone.HddsDatanodeService (HddsDatanodeService.java:start(185)) - HddsDatanodeService host:ozone-unit-076618677d3-hs227-2779846674 ip:192.168.19.23
2019-06-15 14:10:48,737 INFO  util.JvmPauseMonitor (JvmPauseMonitor.java:run(188)) - Starting JVM pause monitor
2019-06-15 14:10:48,740 INFO  datanode.InitDatanodeState (InitDatanodeState.java:persistContainerDatanodeDetails(140)) - DatanodeDetails is persisted to /opt/src/hadoop-ozone/integration-test/target/test-dir/MiniOzoneClusterImpl-149107bc-51df-4001-9ad5-938ee105cacd/datanode-2/meta/datanode.id
2019-06-15 14:10:48,742 INFO  volume.HddsVolume (HddsVolume.java:<init>(176)) - Creating Volume: /opt/src/hadoop-ozone/integration-test/target/test-dir/MiniOzoneClusterImpl-149107bc-51df-4001-9ad5-938ee105cacd/datanode-3/data/containers/hdds of  storage type : DISK and capacity : 104021790720
2019-06-15 14:10:48,742 INFO  volume.VolumeSet (VolumeSet.java:initializeVolumeSet(170)) - Added Volume : /opt/src/hadoop-ozone/integration-test/target/test-dir/MiniOzoneClusterImpl-149107bc-51df-4001-9ad5-938ee105cacd/datanode-3/data/containers/hdds to VolumeSet
2019-06-15 14:10:48,742 INFO  volume.ThrottledAsyncChecker (ThrottledAsyncChecker.java:schedule(140)) - Scheduling a check for org.apache.hadoop.ozone.container.common.volume.HddsVolume@6b8d54da
2019-06-15 14:10:48,745 INFO  volume.HddsVolumeChecker (HddsVolumeChecker.java:checkAllVolumes(203)) - Scheduled health check for volume org.apache.hadoop.ozone.container.common.volume.HddsVolume@6b8d54da
2019-06-15 14:10:48,757 INFO  ratis.XceiverServerRatis (XceiverServerRatis.java:newXceiverServerRatis(401)) - Found a free port for the server : 37579
2019-06-15 14:10:48,759 INFO  impl.RaftServerProxy (ConfUtils.java:logGet(43)) - raft.rpc.type = GRPC (default)
2019-06-15 14:10:48,759 INFO  grpc.GrpcConfigKeys$Server (ConfUtils.java:logGet(43)) - raft.grpc.server.port = 37579 (custom)
2019-06-15 14:10:48,759 INFO  server.GrpcService (ConfUtils.java:logGet(43)) - raft.grpc.message.size.max = 33570816 (custom)
2019-06-15 14:10:48,759 INFO  server.RaftServerConfigKeys (ConfUtils.java:logGet(43)) - raft.server.log.appender.buffer.byte-limit = 33554432 (custom)
2019-06-15 14:10:48,760 INFO  server.GrpcService (ConfUtils.java:logGet(43)) - raft.grpc.flow.control.window = 1MB (=1048576) (default)
2019-06-15 14:10:48,760 INFO  server.RaftServerConfigKeys (ConfUtils.java:logGet(43)) - raft.server.rpc.request.timeout = 3000ms (default)
2019-06-15 14:10:48,760 INFO  server.RaftServerConfigKeys (ConfUtils.java:logGet(43)) - raft.server.storage.dir = [/opt/src/hadoop-ozone/integration-test/target/test-dir/MiniOzoneClusterImpl-149107bc-51df-4001-9ad5-938ee105cacd/datanode-3/data/ratis] (custom)
2019-06-15 14:10:48,760 INFO  server.XceiverServerGrpc (XceiverServerGrpc.java:<init>(97)) - Found a free port for the server : 34227
2019-06-15 14:10:48,761 INFO  replication.SimpleContainerDownloader (SimpleContainerDownloader.java:<init>(72)) - Starting container downloader service to copy containers to replicate.
2019-06-15 14:10:48,766 INFO  hdfs.DFSUtil (DFSUtil.java:httpServerTemplateForNNAndJN(1641)) - Starting Web-server for hddsDatanode at: http://0.0.0.0:0
2019-06-15 14:10:48,767 INFO  server.AuthenticationFilter (AuthenticationFilter.java:constructSecretProvider(240)) - Unable to initialize FileSignerSecretProvider, falling back to use random secrets.
2019-06-15 14:10:48,768 WARN  http.HttpRequestLog (HttpRequestLog.java:getRequestLog(97)) - Jetty request log can only be enabled using Log4j
2019-06-15 14:10:48,769 INFO  http.HttpServer2 (HttpServer2.java:addGlobalFilter(975)) - Added global filter 'safety' (class=org.apache.hadoop.http.HttpServer2$QuotingInputFilter)
2019-06-15 14:10:48,770 INFO  http.HttpServer2 (HttpServer2.java:addFilter(948)) - Added filter static_user_filter (class=org.apache.hadoop.http.lib.StaticUserWebFilter$StaticUserFilter) to context hddsDatanode
2019-06-15 14:10:48,770 INFO  http.HttpServer2 (HttpServer2.java:addFilter(958)) - Added filter static_user_filter (class=org.apache.hadoop.http.lib.StaticUserWebFilter$StaticUserFilter) to context static
2019-06-15 14:10:48,771 INFO  http.HttpServer2 (HttpServer2.java:addFilter(958)) - Added filter static_user_filter (class=org.apache.hadoop.http.lib.StaticUserWebFilter$StaticUserFilter) to context logs
2019-06-15 14:10:48,771 INFO  http.HttpServer2 (HttpServer2.java:bindListener(1191)) - Jetty bound to port 38345
2019-06-15 14:10:48,772 INFO  server.Server (Server.java:doStart(351)) - jetty-9.3.24.v20180605, build timestamp: 2018-06-05T17:11:56Z, git hash: 84205aa28f11a4f31f2a3b86d1bba2cc8ab69827
2019-06-15 14:10:48,778 INFO  handler.ContextHandler (ContextHandler.java:doStart(781)) - Started o.e.j.s.ServletContextHandler@1a7cb3a4{/logs,file:///opt/src/hadoop-ozone/integration-test/target/log,AVAILABLE}
2019-06-15 14:10:48,779 INFO  handler.ContextHandler (ContextHandler.java:doStart(781)) - Started o.e.j.s.ServletContextHandler@33e0c716{/static,jar:file:/home/user/.m2/repository/org/apache/hadoop/hadoop-hdds-container-service/0.5.0-SNAPSHOT/hadoop-hdds-container-service-0.5.0-SNAPSHOT.jar!/webapps/static,AVAILABLE}
2019-06-15 14:10:48,805 INFO  handler.ContextHandler (ContextHandler.java:doStart(781)) - Started o.e.j.w.WebAppContext@76973a6{/,file:///tmp/jetty-0.0.0.0-38345-hddsDatanode-_-any-4434115561415368258.dir/webapp/,AVAILABLE}{/hddsDatanode}
2019-06-15 14:10:48,806 INFO  server.AbstractConnector (AbstractConnector.java:doStart(278)) - Started ServerConnector@71a4f441{HTTP/1.1,[http/1.1]}{0.0.0.0:38345}
2019-06-15 14:10:48,807 INFO  server.Server (Server.java:doStart(419)) - Started @4897ms
2019-06-15 14:10:48,808 INFO  server.BaseHttpServer (BaseHttpServer.java:updateConnectorAddress(207)) - HTTP server of HDDSDATANODE is listening at http://0.0.0.0:38345
2019-06-15 14:10:48,926 INFO  ozone.HddsDatanodeService (HddsDatanodeService.java:startPlugins(396)) - Started plug-in org.apache.hadoop.ozone.web.OzoneHddsDatanodeService@38e83838
2019-06-15 14:10:48,927 INFO  impl.MetricsSystemImpl (MetricsSystemImpl.java:init(158)) - HddsDatanode metrics system started (again)
2019-06-15 14:10:48,927 INFO  ozone.HddsDatanodeService (HddsDatanodeService.java:start(185)) - HddsDatanodeService host:ozone-unit-076618677d3-hs227-2779846674 ip:192.168.19.23
2019-06-15 14:10:48,938 INFO  util.JvmPauseMonitor (JvmPauseMonitor.java:run(188)) - Starting JVM pause monitor
2019-06-15 14:10:48,941 INFO  datanode.InitDatanodeState (InitDatanodeState.java:persistContainerDatanodeDetails(140)) - DatanodeDetails is persisted to /opt/src/hadoop-ozone/integration-test/target/test-dir/MiniOzoneClusterImpl-149107bc-51df-4001-9ad5-938ee105cacd/datanode-3/meta/datanode.id
2019-06-15 14:10:48,943 INFO  volume.HddsVolume (HddsVolume.java:<init>(176)) - Creating Volume: /opt/src/hadoop-ozone/integration-test/target/test-dir/MiniOzoneClusterImpl-149107bc-51df-4001-9ad5-938ee105cacd/datanode-4/data/containers/hdds of  storage type : DISK and capacity : 104021790720
2019-06-15 14:10:48,943 INFO  volume.VolumeSet (VolumeSet.java:initializeVolumeSet(170)) - Added Volume : /opt/src/hadoop-ozone/integration-test/target/test-dir/MiniOzoneClusterImpl-149107bc-51df-4001-9ad5-938ee105cacd/datanode-4/data/containers/hdds to VolumeSet
2019-06-15 14:10:48,944 INFO  volume.ThrottledAsyncChecker (ThrottledAsyncChecker.java:schedule(140)) - Scheduling a check for org.apache.hadoop.ozone.container.common.volume.HddsVolume@5aa76ad2
2019-06-15 14:10:48,944 INFO  volume.HddsVolumeChecker (HddsVolumeChecker.java:checkAllVolumes(203)) - Scheduled health check for volume org.apache.hadoop.ozone.container.common.volume.HddsVolume@5aa76ad2
2019-06-15 14:10:48,958 INFO  ratis.XceiverServerRatis (XceiverServerRatis.java:newXceiverServerRatis(401)) - Found a free port for the server : 40839
2019-06-15 14:10:48,959 INFO  impl.RaftServerProxy (ConfUtils.java:logGet(43)) - raft.rpc.type = GRPC (default)
2019-06-15 14:10:48,959 INFO  grpc.GrpcConfigKeys$Server (ConfUtils.java:logGet(43)) - raft.grpc.server.port = 40839 (custom)
2019-06-15 14:10:48,959 INFO  server.GrpcService (ConfUtils.java:logGet(43)) - raft.grpc.message.size.max = 33570816 (custom)
2019-06-15 14:10:48,960 INFO  server.RaftServerConfigKeys (ConfUtils.java:logGet(43)) - raft.server.log.appender.buffer.byte-limit = 33554432 (custom)
2019-06-15 14:10:48,960 INFO  server.GrpcService (ConfUtils.java:logGet(43)) - raft.grpc.flow.control.window = 1MB (=1048576) (default)
2019-06-15 14:10:48,960 INFO  server.RaftServerConfigKeys (ConfUtils.java:logGet(43)) - raft.server.rpc.request.timeout = 3000ms (default)
2019-06-15 14:10:48,961 INFO  server.RaftServerConfigKeys (ConfUtils.java:logGet(43)) - raft.server.storage.dir = [/opt/src/hadoop-ozone/integration-test/target/test-dir/MiniOzoneClusterImpl-149107bc-51df-4001-9ad5-938ee105cacd/datanode-4/data/ratis] (custom)
2019-06-15 14:10:48,961 INFO  server.XceiverServerGrpc (XceiverServerGrpc.java:<init>(97)) - Found a free port for the server : 32917
2019-06-15 14:10:48,961 INFO  replication.SimpleContainerDownloader (SimpleContainerDownloader.java:<init>(72)) - Starting container downloader service to copy containers to replicate.
2019-06-15 14:10:48,962 INFO  hdfs.DFSUtil (DFSUtil.java:httpServerTemplateForNNAndJN(1641)) - Starting Web-server for hddsDatanode at: http://0.0.0.0:0
2019-06-15 14:10:48,964 INFO  server.AuthenticationFilter (AuthenticationFilter.java:constructSecretProvider(240)) - Unable to initialize FileSignerSecretProvider, falling back to use random secrets.
2019-06-15 14:10:48,964 WARN  http.HttpRequestLog (HttpRequestLog.java:getRequestLog(97)) - Jetty request log can only be enabled using Log4j
2019-06-15 14:10:48,966 INFO  http.HttpServer2 (HttpServer2.java:addGlobalFilter(975)) - Added global filter 'safety' (class=org.apache.hadoop.http.HttpServer2$QuotingInputFilter)
2019-06-15 14:10:48,967 INFO  http.HttpServer2 (HttpServer2.java:addFilter(948)) - Added filter static_user_filter (class=org.apache.hadoop.http.lib.StaticUserWebFilter$StaticUserFilter) to context hddsDatanode
2019-06-15 14:10:48,967 INFO  http.HttpServer2 (HttpServer2.java:addFilter(958)) - Added filter static_user_filter (class=org.apache.hadoop.http.lib.StaticUserWebFilter$StaticUserFilter) to context logs
2019-06-15 14:10:48,967 INFO  http.HttpServer2 (HttpServer2.java:addFilter(958)) - Added filter static_user_filter (class=org.apache.hadoop.http.lib.StaticUserWebFilter$StaticUserFilter) to context static
2019-06-15 14:10:48,968 INFO  http.HttpServer2 (HttpServer2.java:bindListener(1191)) - Jetty bound to port 43059
2019-06-15 14:10:48,968 INFO  server.Server (Server.java:doStart(351)) - jetty-9.3.24.v20180605, build timestamp: 2018-06-05T17:11:56Z, git hash: 84205aa28f11a4f31f2a3b86d1bba2cc8ab69827
2019-06-15 14:10:48,970 INFO  handler.ContextHandler (ContextHandler.java:doStart(781)) - Started o.e.j.s.ServletContextHandler@69796bd0{/logs,file:///opt/src/hadoop-ozone/integration-test/target/log,AVAILABLE}
2019-06-15 14:10:48,971 INFO  handler.ContextHandler (ContextHandler.java:doStart(781)) - Started o.e.j.s.ServletContextHandler@8c0a23f{/static,jar:file:/home/user/.m2/repository/org/apache/hadoop/hadoop-hdds-container-service/0.5.0-SNAPSHOT/hadoop-hdds-container-service-0.5.0-SNAPSHOT.jar!/webapps/static,AVAILABLE}
2019-06-15 14:10:49,002 INFO  handler.ContextHandler (ContextHandler.java:doStart(781)) - Started o.e.j.w.WebAppContext@de579ff{/,file:///tmp/jetty-0.0.0.0-43059-hddsDatanode-_-any-3565835141678410190.dir/webapp/,AVAILABLE}{/hddsDatanode}
2019-06-15 14:10:49,003 INFO  server.AbstractConnector (AbstractConnector.java:doStart(278)) - Started ServerConnector@7971c2a9{HTTP/1.1,[http/1.1]}{0.0.0.0:43059}
2019-06-15 14:10:49,004 INFO  server.Server (Server.java:doStart(419)) - Started @5093ms
2019-06-15 14:10:49,005 INFO  server.BaseHttpServer (BaseHttpServer.java:updateConnectorAddress(207)) - HTTP server of HDDSDATANODE is listening at http://0.0.0.0:43059
2019-06-15 14:10:49,180 INFO  ozone.HddsDatanodeService (HddsDatanodeService.java:startPlugins(396)) - Started plug-in org.apache.hadoop.ozone.web.OzoneHddsDatanodeService@4a2bf50f
2019-06-15 14:10:49,187 INFO  impl.MetricsSystemImpl (MetricsSystemImpl.java:init(158)) - HddsDatanode metrics system started (again)
2019-06-15 14:10:49,190 INFO  ozone.HddsDatanodeService (HddsDatanodeService.java:start(185)) - HddsDatanodeService host:ozone-unit-076618677d3-hs227-2779846674 ip:192.168.19.23
2019-06-15 14:10:49,205 INFO  util.JvmPauseMonitor (JvmPauseMonitor.java:run(188)) - Starting JVM pause monitor
2019-06-15 14:10:49,210 INFO  datanode.InitDatanodeState (InitDatanodeState.java:persistContainerDatanodeDetails(140)) - DatanodeDetails is persisted to /opt/src/hadoop-ozone/integration-test/target/test-dir/MiniOzoneClusterImpl-149107bc-51df-4001-9ad5-938ee105cacd/datanode-4/meta/datanode.id
2019-06-15 14:10:49,210 INFO  volume.HddsVolume (HddsVolume.java:<init>(176)) - Creating Volume: /opt/src/hadoop-ozone/integration-test/target/test-dir/MiniOzoneClusterImpl-149107bc-51df-4001-9ad5-938ee105cacd/datanode-5/data/containers/hdds of  storage type : DISK and capacity : 104021790720
2019-06-15 14:10:49,211 INFO  volume.VolumeSet (VolumeSet.java:initializeVolumeSet(170)) - Added Volume : /opt/src/hadoop-ozone/integration-test/target/test-dir/MiniOzoneClusterImpl-149107bc-51df-4001-9ad5-938ee105cacd/datanode-5/data/containers/hdds to VolumeSet
2019-06-15 14:10:49,211 INFO  volume.ThrottledAsyncChecker (ThrottledAsyncChecker.java:schedule(140)) - Scheduling a check for org.apache.hadoop.ozone.container.common.volume.HddsVolume@740b9a50
2019-06-15 14:10:49,219 INFO  volume.HddsVolumeChecker (HddsVolumeChecker.java:checkAllVolumes(203)) - Scheduled health check for volume org.apache.hadoop.ozone.container.common.volume.HddsVolume@740b9a50
2019-06-15 14:10:49,231 INFO  ratis.XceiverServerRatis (XceiverServerRatis.java:newXceiverServerRatis(401)) - Found a free port for the server : 43803
2019-06-15 14:10:49,232 INFO  impl.RaftServerProxy (ConfUtils.java:logGet(43)) - raft.rpc.type = GRPC (default)
2019-06-15 14:10:49,233 INFO  grpc.GrpcConfigKeys$Server (ConfUtils.java:logGet(43)) - raft.grpc.server.port = 43803 (custom)
2019-06-15 14:10:49,233 INFO  server.GrpcService (ConfUtils.java:logGet(43)) - raft.grpc.message.size.max = 33570816 (custom)
2019-06-15 14:10:49,233 INFO  server.RaftServerConfigKeys (ConfUtils.java:logGet(43)) - raft.server.log.appender.buffer.byte-limit = 33554432 (custom)
2019-06-15 14:10:49,233 INFO  server.GrpcService (ConfUtils.java:logGet(43)) - raft.grpc.flow.control.window = 1MB (=1048576) (default)
2019-06-15 14:10:49,234 INFO  server.RaftServerConfigKeys (ConfUtils.java:logGet(43)) - raft.server.rpc.request.timeout = 3000ms (default)
2019-06-15 14:10:49,234 INFO  server.RaftServerConfigKeys (ConfUtils.java:logGet(43)) - raft.server.storage.dir = [/opt/src/hadoop-ozone/integration-test/target/test-dir/MiniOzoneClusterImpl-149107bc-51df-4001-9ad5-938ee105cacd/datanode-5/data/ratis] (custom)
2019-06-15 14:10:49,235 INFO  server.XceiverServerGrpc (XceiverServerGrpc.java:<init>(97)) - Found a free port for the server : 43203
2019-06-15 14:10:49,235 INFO  replication.SimpleContainerDownloader (SimpleContainerDownloader.java:<init>(72)) - Starting container downloader service to copy containers to replicate.
2019-06-15 14:10:49,236 INFO  hdfs.DFSUtil (DFSUtil.java:httpServerTemplateForNNAndJN(1641)) - Starting Web-server for hddsDatanode at: http://0.0.0.0:0
2019-06-15 14:10:49,238 INFO  server.AuthenticationFilter (AuthenticationFilter.java:constructSecretProvider(240)) - Unable to initialize FileSignerSecretProvider, falling back to use random secrets.
2019-06-15 14:10:49,238 WARN  http.HttpRequestLog (HttpRequestLog.java:getRequestLog(97)) - Jetty request log can only be enabled using Log4j
2019-06-15 14:10:49,239 INFO  http.HttpServer2 (HttpServer2.java:addGlobalFilter(975)) - Added global filter 'safety' (class=org.apache.hadoop.http.HttpServer2$QuotingInputFilter)
2019-06-15 14:10:49,240 INFO  http.HttpServer2 (HttpServer2.java:addFilter(948)) - Added filter static_user_filter (class=org.apache.hadoop.http.lib.StaticUserWebFilter$StaticUserFilter) to context hddsDatanode
2019-06-15 14:10:49,241 INFO  http.HttpServer2 (HttpServer2.java:addFilter(958)) - Added filter static_user_filter (class=org.apache.hadoop.http.lib.StaticUserWebFilter$StaticUserFilter) to context static
2019-06-15 14:10:49,241 INFO  http.HttpServer2 (HttpServer2.java:addFilter(958)) - Added filter static_user_filter (class=org.apache.hadoop.http.lib.StaticUserWebFilter$StaticUserFilter) to context logs
2019-06-15 14:10:49,242 INFO  http.HttpServer2 (HttpServer2.java:bindListener(1191)) - Jetty bound to port 38843
2019-06-15 14:10:49,242 INFO  server.Server (Server.java:doStart(351)) - jetty-9.3.24.v20180605, build timestamp: 2018-06-05T17:11:56Z, git hash: 84205aa28f11a4f31f2a3b86d1bba2cc8ab69827
2019-06-15 14:10:49,250 INFO  handler.ContextHandler (ContextHandler.java:doStart(781)) - Started o.e.j.s.ServletContextHandler@130cfc47{/logs,file:///opt/src/hadoop-ozone/integration-test/target/log,AVAILABLE}
2019-06-15 14:10:49,250 INFO  handler.ContextHandler (ContextHandler.java:doStart(781)) - Started o.e.j.s.ServletContextHandler@2b6fb197{/static,jar:file:/home/user/.m2/repository/org/apache/hadoop/hadoop-hdds-container-service/0.5.0-SNAPSHOT/hadoop-hdds-container-service-0.5.0-SNAPSHOT.jar!/webapps/static,AVAILABLE}
2019-06-15 14:10:49,272 INFO  handler.ContextHandler (ContextHandler.java:doStart(781)) - Started o.e.j.w.WebAppContext@544e3679{/,file:///tmp/jetty-0.0.0.0-38843-hddsDatanode-_-any-3996664629190164949.dir/webapp/,AVAILABLE}{/hddsDatanode}
2019-06-15 14:10:49,274 INFO  server.AbstractConnector (AbstractConnector.java:doStart(278)) - Started ServerConnector@6889f56f{HTTP/1.1,[http/1.1]}{0.0.0.0:38843}
2019-06-15 14:10:49,274 INFO  server.Server (Server.java:doStart(419)) - Started @5364ms
2019-06-15 14:10:49,275 INFO  server.BaseHttpServer (BaseHttpServer.java:updateConnectorAddress(207)) - HTTP server of HDDSDATANODE is listening at http://0.0.0.0:38843
2019-06-15 14:10:49,416 INFO  ozone.HddsDatanodeService (HddsDatanodeService.java:startPlugins(396)) - Started plug-in org.apache.hadoop.ozone.web.OzoneHddsDatanodeService@62ea8931
2019-06-15 14:10:49,416 INFO  impl.MetricsSystemImpl (MetricsSystemImpl.java:init(158)) - HddsDatanode metrics system started (again)
2019-06-15 14:10:49,417 INFO  ozone.HddsDatanodeService (HddsDatanodeService.java:start(185)) - HddsDatanodeService host:ozone-unit-076618677d3-hs227-2779846674 ip:192.168.19.23
2019-06-15 14:10:49,417 INFO  util.JvmPauseMonitor (JvmPauseMonitor.java:run(188)) - Starting JVM pause monitor
2019-06-15 14:10:49,423 INFO  datanode.InitDatanodeState (InitDatanodeState.java:persistContainerDatanodeDetails(140)) - DatanodeDetails is persisted to /opt/src/hadoop-ozone/integration-test/target/test-dir/MiniOzoneClusterImpl-149107bc-51df-4001-9ad5-938ee105cacd/datanode-5/meta/datanode.id
2019-06-15 14:10:49,431 INFO  volume.HddsVolume (HddsVolume.java:<init>(176)) - Creating Volume: /opt/src/hadoop-ozone/integration-test/target/test-dir/MiniOzoneClusterImpl-149107bc-51df-4001-9ad5-938ee105cacd/datanode-6/data/containers/hdds of  storage type : DISK and capacity : 104021790720
2019-06-15 14:10:49,431 INFO  volume.VolumeSet (VolumeSet.java:initializeVolumeSet(170)) - Added Volume : /opt/src/hadoop-ozone/integration-test/target/test-dir/MiniOzoneClusterImpl-149107bc-51df-4001-9ad5-938ee105cacd/datanode-6/data/containers/hdds to VolumeSet
2019-06-15 14:10:49,431 INFO  volume.ThrottledAsyncChecker (ThrottledAsyncChecker.java:schedule(140)) - Scheduling a check for org.apache.hadoop.ozone.container.common.volume.HddsVolume@20bb85b4
2019-06-15 14:10:49,438 INFO  volume.HddsVolumeChecker (HddsVolumeChecker.java:checkAllVolumes(203)) - Scheduled health check for volume org.apache.hadoop.ozone.container.common.volume.HddsVolume@20bb85b4
2019-06-15 14:10:49,447 INFO  ratis.XceiverServerRatis (XceiverServerRatis.java:newXceiverServerRatis(401)) - Found a free port for the server : 38437
2019-06-15 14:10:49,448 INFO  impl.RaftServerProxy (ConfUtils.java:logGet(43)) - raft.rpc.type = GRPC (default)
2019-06-15 14:10:49,448 INFO  grpc.GrpcConfigKeys$Server (ConfUtils.java:logGet(43)) - raft.grpc.server.port = 38437 (custom)
2019-06-15 14:10:49,449 INFO  server.GrpcService (ConfUtils.java:logGet(43)) - raft.grpc.message.size.max = 33570816 (custom)
2019-06-15 14:10:49,449 INFO  server.RaftServerConfigKeys (ConfUtils.java:logGet(43)) - raft.server.log.appender.buffer.byte-limit = 33554432 (custom)
2019-06-15 14:10:49,449 INFO  server.GrpcService (ConfUtils.java:logGet(43)) - raft.grpc.flow.control.window = 1MB (=1048576) (default)
2019-06-15 14:10:49,449 INFO  server.RaftServerConfigKeys (ConfUtils.java:logGet(43)) - raft.server.rpc.request.timeout = 3000ms (default)
2019-06-15 14:10:49,450 INFO  server.RaftServerConfigKeys (ConfUtils.java:logGet(43)) - raft.server.storage.dir = [/opt/src/hadoop-ozone/integration-test/target/test-dir/MiniOzoneClusterImpl-149107bc-51df-4001-9ad5-938ee105cacd/datanode-6/data/ratis] (custom)
2019-06-15 14:10:49,450 INFO  server.XceiverServerGrpc (XceiverServerGrpc.java:<init>(97)) - Found a free port for the server : 38733
2019-06-15 14:10:49,450 INFO  replication.SimpleContainerDownloader (SimpleContainerDownloader.java:<init>(72)) - Starting container downloader service to copy containers to replicate.
2019-06-15 14:10:49,451 INFO  hdfs.DFSUtil (DFSUtil.java:httpServerTemplateForNNAndJN(1641)) - Starting Web-server for hddsDatanode at: http://0.0.0.0:0
2019-06-15 14:10:49,452 INFO  server.AuthenticationFilter (AuthenticationFilter.java:constructSecretProvider(240)) - Unable to initialize FileSignerSecretProvider, falling back to use random secrets.
2019-06-15 14:10:49,453 WARN  http.HttpRequestLog (HttpRequestLog.java:getRequestLog(97)) - Jetty request log can only be enabled using Log4j
2019-06-15 14:10:49,454 INFO  http.HttpServer2 (HttpServer2.java:addGlobalFilter(975)) - Added global filter 'safety' (class=org.apache.hadoop.http.HttpServer2$QuotingInputFilter)
2019-06-15 14:10:49,454 INFO  http.HttpServer2 (HttpServer2.java:addFilter(948)) - Added filter static_user_filter (class=org.apache.hadoop.http.lib.StaticUserWebFilter$StaticUserFilter) to context hddsDatanode
2019-06-15 14:10:49,454 INFO  http.HttpServer2 (HttpServer2.java:addFilter(958)) - Added filter static_user_filter (class=org.apache.hadoop.http.lib.StaticUserWebFilter$StaticUserFilter) to context static
2019-06-15 14:10:49,454 INFO  http.HttpServer2 (HttpServer2.java:addFilter(958)) - Added filter static_user_filter (class=org.apache.hadoop.http.lib.StaticUserWebFilter$StaticUserFilter) to context logs
2019-06-15 14:10:49,455 INFO  http.HttpServer2 (HttpServer2.java:bindListener(1191)) - Jetty bound to port 45943
2019-06-15 14:10:49,455 INFO  server.Server (Server.java:doStart(351)) - jetty-9.3.24.v20180605, build timestamp: 2018-06-05T17:11:56Z, git hash: 84205aa28f11a4f31f2a3b86d1bba2cc8ab69827
2019-06-15 14:10:49,456 INFO  handler.ContextHandler (ContextHandler.java:doStart(781)) - Started o.e.j.s.ServletContextHandler@798cf6d2{/logs,file:///opt/src/hadoop-ozone/integration-test/target/log,AVAILABLE}
2019-06-15 14:10:49,457 INFO  handler.ContextHandler (ContextHandler.java:doStart(781)) - Started o.e.j.s.ServletContextHandler@77c66a4f{/static,jar:file:/home/user/.m2/repository/org/apache/hadoop/hadoop-hdds-container-service/0.5.0-SNAPSHOT/hadoop-hdds-container-service-0.5.0-SNAPSHOT.jar!/webapps/static,AVAILABLE}
2019-06-15 14:10:49,478 INFO  handler.ContextHandler (ContextHandler.java:doStart(781)) - Started o.e.j.w.WebAppContext@4b93dd6a{/,file:///tmp/jetty-0.0.0.0-45943-hddsDatanode-_-any-311464925265421869.dir/webapp/,AVAILABLE}{/hddsDatanode}
2019-06-15 14:10:49,479 INFO  server.AbstractConnector (AbstractConnector.java:doStart(278)) - Started ServerConnector@582a3b19{HTTP/1.1,[http/1.1]}{0.0.0.0:45943}
2019-06-15 14:10:49,479 INFO  server.Server (Server.java:doStart(419)) - Started @5569ms
2019-06-15 14:10:49,480 INFO  server.BaseHttpServer (BaseHttpServer.java:updateConnectorAddress(207)) - HTTP server of HDDSDATANODE is listening at http://0.0.0.0:45943
2019-06-15 14:10:49,583 INFO  ozone.HddsDatanodeService (HddsDatanodeService.java:startPlugins(396)) - Started plug-in org.apache.hadoop.ozone.web.OzoneHddsDatanodeService@5abf6a99
2019-06-15 14:10:49,584 INFO  ozone.MiniOzoneClusterImpl (MiniOzoneClusterImpl.java:lambda$waitForClusterToBeReady$0(142)) - Waiting for cluster to be ready. Got 0 of 7 DN Heartbeats.
2019-06-15 14:10:49,589 INFO  util.JvmPauseMonitor (JvmPauseMonitor.java:run(188)) - Starting JVM pause monitor
2019-06-15 14:10:49,591 INFO  datanode.InitDatanodeState (InitDatanodeState.java:persistContainerDatanodeDetails(140)) - DatanodeDetails is persisted to /opt/src/hadoop-ozone/integration-test/target/test-dir/MiniOzoneClusterImpl-149107bc-51df-4001-9ad5-938ee105cacd/datanode-6/meta/datanode.id
2019-06-15 14:10:50,304 INFO  ozoneimpl.OzoneContainer (OzoneContainer.java:start(186)) - Attempting to start container services.
2019-06-15 14:10:50,304 INFO  ozoneimpl.OzoneContainer (OzoneContainer.java:startContainerScrub(160)) - Background container scrubber has been disabled by hdds.containerscrub.enabled
2019-06-15 14:10:50,304 INFO  ratis.XceiverServerRatis (XceiverServerRatis.java:start(418)) - Starting XceiverServerRatis 03fce918-d0a7-4cd9-a665-be2ded7ac46f at port 33803
2019-06-15 14:10:50,317 INFO  impl.RaftServerProxy (RaftServerProxy.java:lambda$start$3(299)) - 03fce918-d0a7-4cd9-a665-be2ded7ac46f: start RPC server
2019-06-15 14:10:50,446 INFO  server.GrpcService (GrpcService.java:startImpl(148)) - 03fce918-d0a7-4cd9-a665-be2ded7ac46f: GrpcService started, listening on 0.0.0.0/0.0.0.0:33803
2019-06-15 14:10:50,527 INFO  ozoneimpl.OzoneContainer (OzoneContainer.java:start(186)) - Attempting to start container services.
2019-06-15 14:10:50,528 INFO  ozoneimpl.OzoneContainer (OzoneContainer.java:startContainerScrub(160)) - Background container scrubber has been disabled by hdds.containerscrub.enabled
2019-06-15 14:10:50,528 INFO  ratis.XceiverServerRatis (XceiverServerRatis.java:start(418)) - Starting XceiverServerRatis 231847dc-e78a-4b48-8e03-44872a69ae9d at port 46679
2019-06-15 14:10:50,533 INFO  impl.RaftServerProxy (RaftServerProxy.java:lambda$start$3(299)) - 231847dc-e78a-4b48-8e03-44872a69ae9d: start RPC server
2019-06-15 14:10:50,535 INFO  server.GrpcService (GrpcService.java:startImpl(148)) - 231847dc-e78a-4b48-8e03-44872a69ae9d: GrpcService started, listening on 0.0.0.0/0.0.0.0:46679
2019-06-15 14:10:50,585 INFO  ozone.MiniOzoneClusterImpl (MiniOzoneClusterImpl.java:lambda$waitForClusterToBeReady$0(142)) - Waiting for cluster to be ready. Got 0 of 7 DN Heartbeats.
2019-06-15 14:10:50,741 INFO  ozoneimpl.OzoneContainer (OzoneContainer.java:start(186)) - Attempting to start container services.
2019-06-15 14:10:50,743 INFO  ozoneimpl.OzoneContainer (OzoneContainer.java:startContainerScrub(160)) - Background container scrubber has been disabled by hdds.containerscrub.enabled
2019-06-15 14:10:50,743 INFO  ratis.XceiverServerRatis (XceiverServerRatis.java:start(418)) - Starting XceiverServerRatis 1e149e73-53e7-4319-9e27-12160a26c83e at port 38341
2019-06-15 14:10:50,753 INFO  impl.RaftServerProxy (RaftServerProxy.java:lambda$start$3(299)) - 1e149e73-53e7-4319-9e27-12160a26c83e: start RPC server
2019-06-15 14:10:50,755 INFO  server.GrpcService (GrpcService.java:startImpl(148)) - 1e149e73-53e7-4319-9e27-12160a26c83e: GrpcService started, listening on 0.0.0.0/0.0.0.0:38341
2019-06-15 14:10:50,943 INFO  ozoneimpl.OzoneContainer (OzoneContainer.java:start(186)) - Attempting to start container services.
2019-06-15 14:10:50,945 INFO  ozoneimpl.OzoneContainer (OzoneContainer.java:startContainerScrub(160)) - Background container scrubber has been disabled by hdds.containerscrub.enabled
2019-06-15 14:10:50,945 INFO  ratis.XceiverServerRatis (XceiverServerRatis.java:start(418)) - Starting XceiverServerRatis e068667e-1dce-444c-b1a2-fffed6f13eef at port 37579
2019-06-15 14:10:50,953 INFO  impl.RaftServerProxy (RaftServerProxy.java:lambda$start$3(299)) - e068667e-1dce-444c-b1a2-fffed6f13eef: start RPC server
2019-06-15 14:10:50,955 INFO  server.GrpcService (GrpcService.java:startImpl(148)) - e068667e-1dce-444c-b1a2-fffed6f13eef: GrpcService started, listening on 0.0.0.0/0.0.0.0:37579
2019-06-15 14:10:51,194 INFO  ozoneimpl.OzoneContainer (OzoneContainer.java:start(186)) - Attempting to start container services.
2019-06-15 14:10:51,196 INFO  ozoneimpl.OzoneContainer (OzoneContainer.java:startContainerScrub(160)) - Background container scrubber has been disabled by hdds.containerscrub.enabled
2019-06-15 14:10:51,196 INFO  ratis.XceiverServerRatis (XceiverServerRatis.java:start(418)) - Starting XceiverServerRatis 763e4a11-08e2-4549-a8dc-173862531bf4 at port 40839
2019-06-15 14:10:51,203 INFO  impl.RaftServerProxy (RaftServerProxy.java:lambda$start$3(299)) - 763e4a11-08e2-4549-a8dc-173862531bf4: start RPC server
2019-06-15 14:10:51,205 INFO  server.GrpcService (GrpcService.java:startImpl(148)) - 763e4a11-08e2-4549-a8dc-173862531bf4: GrpcService started, listening on 0.0.0.0/0.0.0.0:40839
2019-06-15 14:10:51,423 INFO  ozoneimpl.OzoneContainer (OzoneContainer.java:start(186)) - Attempting to start container services.
2019-06-15 14:10:51,425 INFO  ozoneimpl.OzoneContainer (OzoneContainer.java:startContainerScrub(160)) - Background container scrubber has been disabled by hdds.containerscrub.enabled
2019-06-15 14:10:51,425 INFO  ratis.XceiverServerRatis (XceiverServerRatis.java:start(418)) - Starting XceiverServerRatis 31c47902-e24f-46cb-8adb-60efff8d69eb at port 43803
2019-06-15 14:10:51,429 INFO  impl.RaftServerProxy (RaftServerProxy.java:lambda$start$3(299)) - 31c47902-e24f-46cb-8adb-60efff8d69eb: start RPC server
2019-06-15 14:10:51,431 INFO  server.GrpcService (GrpcService.java:startImpl(148)) - 31c47902-e24f-46cb-8adb-60efff8d69eb: GrpcService started, listening on 0.0.0.0/0.0.0.0:43803
2019-06-15 14:10:51,585 INFO  ozone.MiniOzoneClusterImpl (MiniOzoneClusterImpl.java:lambda$waitForClusterToBeReady$0(142)) - Waiting for cluster to be ready. Got 0 of 7 DN Heartbeats.
2019-06-15 14:10:51,595 INFO  ozoneimpl.OzoneContainer (OzoneContainer.java:start(186)) - Attempting to start container services.
2019-06-15 14:10:51,597 INFO  ozoneimpl.OzoneContainer (OzoneContainer.java:startContainerScrub(160)) - Background container scrubber has been disabled by hdds.containerscrub.enabled
2019-06-15 14:10:51,597 INFO  ratis.XceiverServerRatis (XceiverServerRatis.java:start(418)) - Starting XceiverServerRatis 04671fb4-04ef-42b5-96db-f33e0b1ccb39 at port 38437
2019-06-15 14:10:51,600 INFO  impl.RaftServerProxy (RaftServerProxy.java:lambda$start$3(299)) - 04671fb4-04ef-42b5-96db-f33e0b1ccb39: start RPC server
2019-06-15 14:10:51,604 INFO  server.GrpcService (GrpcService.java:startImpl(148)) - 04671fb4-04ef-42b5-96db-f33e0b1ccb39: GrpcService started, listening on 0.0.0.0/0.0.0.0:38437
2019-06-15 14:10:52,302 INFO  net.NetworkTopology (NetworkTopologyImpl.java:add(109)) - Added a new node: /default-rack/192.168.19.23
2019-06-15 14:10:52,302 INFO  node.SCMNodeManager (SCMNodeManager.java:register(269)) - Registered Data node : 03fce918-d0a7-4cd9-a665-be2ded7ac46f{ip: 192.168.19.23, host: ozone-unit-076618677d3-hs227-2779846674, networkLocation: /default-rack, certSerialId: null}
2019-06-15 14:10:52,309 INFO  safemode.SCMSafeModeManager (DataNodeSafeModeRule.java:process(71)) - SCM in safe mode. 1 DataNodes registered, 1 required.
2019-06-15 14:10:52,310 INFO  safemode.SCMSafeModeManager (SCMSafeModeManager.java:validateSafeModeExitRules(177)) - ScmSafeModeManager, all rules are successfully validated
2019-06-15 14:10:52,310 INFO  safemode.SCMSafeModeManager (SCMSafeModeManager.java:exitSafeMode(193)) - SCM exiting safe mode.
2019-06-15 14:10:52,525 INFO  node.SCMNodeManager (SCMNodeManager.java:register(269)) - Registered Data node : 231847dc-e78a-4b48-8e03-44872a69ae9d{ip: 192.168.19.23, host: ozone-unit-076618677d3-hs227-2779846674, networkLocation: /default-rack, certSerialId: null}
2019-06-15 14:10:52,586 INFO  ozone.MiniOzoneClusterImpl (MiniOzoneClusterImpl.java:lambda$waitForClusterToBeReady$0(142)) - Waiting for cluster to be ready. Got 2 of 7 DN Heartbeats.
2019-06-15 14:10:52,701 INFO  impl.RaftServerProxy (RaftServerProxy.java:addNew(89)) - 03fce918-d0a7-4cd9-a665-be2ded7ac46f: addNew group-F87C25D69A51:[03fce918-d0a7-4cd9-a665-be2ded7ac46f:192.168.19.23:33803] returns group-F87C25D69A51:java.util.concurrent.CompletableFuture@4e3137a[Not completed]
2019-06-15 14:10:52,706 INFO  impl.RaftServerImpl (RaftServerImpl.java:<init>(91)) - 03fce918-d0a7-4cd9-a665-be2ded7ac46f: new RaftServerImpl for group-F87C25D69A51:[03fce918-d0a7-4cd9-a665-be2ded7ac46f:192.168.19.23:33803] with ContainerStateMachine:uninitialized
2019-06-15 14:10:52,707 INFO  server.RaftServerConfigKeys (ConfUtils.java:logGet(43)) - raft.server.rpc.timeout.min = 1s (custom)
2019-06-15 14:10:52,707 INFO  server.RaftServerConfigKeys (ConfUtils.java:logGet(43)) - raft.server.rpc.timeout.max = 1200ms (custom)
2019-06-15 14:10:52,707 INFO  server.RaftServerConfigKeys (ConfUtils.java:logGet(43)) - raft.server.rpcslowness.timeout = 120s (custom)
2019-06-15 14:10:52,708 INFO  server.RaftServerConfigKeys (ConfUtils.java:logGet(43)) - raft.server.log.appender.install.snapshot.enabled = true (default)
2019-06-15 14:10:52,713 INFO  impl.RaftServerImpl (ServerState.java:<init>(101)) - 03fce918-d0a7-4cd9-a665-be2ded7ac46f:group-F87C25D69A51 ConfigurationManager, init=-1: [03fce918-d0a7-4cd9-a665-be2ded7ac46f:192.168.19.23:33803], old=null, confs=<EMPTY_MAP>
2019-06-15 14:10:52,713 INFO  server.RaftServerConfigKeys (ConfUtils.java:logGet(43)) - raft.server.storage.dir = [/opt/src/hadoop-ozone/integration-test/target/test-dir/MiniOzoneClusterImpl-149107bc-51df-4001-9ad5-938ee105cacd/datanode-0/data/ratis] (custom)
2019-06-15 14:10:52,907 INFO  node.SCMNodeManager (SCMNodeManager.java:register(269)) - Registered Data node : 1e149e73-53e7-4319-9e27-12160a26c83e{ip: 192.168.19.23, host: ozone-unit-076618677d3-hs227-2779846674, networkLocation: /default-rack, certSerialId: null}
2019-06-15 14:10:52,947 INFO  node.SCMNodeManager (SCMNodeManager.java:register(269)) - Registered Data node : e068667e-1dce-444c-b1a2-fffed6f13eef{ip: 192.168.19.23, host: ozone-unit-076618677d3-hs227-2779846674, networkLocation: /default-rack, certSerialId: null}
2019-06-15 14:10:52,947 INFO  storage.RaftStorageDirectory (RaftStorageDirectory.java:analyzeStorage(246)) - The storage directory /opt/src/hadoop-ozone/integration-test/target/test-dir/MiniOzoneClusterImpl-149107bc-51df-4001-9ad5-938ee105cacd/datanode-0/data/ratis/4000acfd-07e6-46d2-a33a-f87c25d69a51 does not exist. Creating ...
2019-06-15 14:10:52,956 INFO  storage.RaftStorageDirectory (RaftStorageDirectory.java:tryLock(328)) - Lock on /opt/src/hadoop-ozone/integration-test/target/test-dir/MiniOzoneClusterImpl-149107bc-51df-4001-9ad5-938ee105cacd/datanode-0/data/ratis/4000acfd-07e6-46d2-a33a-f87c25d69a51/in_use.lock acquired by nodename 19235@ozone-unit-076618677d3-hs227-2779846674
2019-06-15 14:10:52,960 INFO  storage.RaftStorage (RaftStorage.java:format(75)) - Storage directory /opt/src/hadoop-ozone/integration-test/target/test-dir/MiniOzoneClusterImpl-149107bc-51df-4001-9ad5-938ee105cacd/datanode-0/data/ratis/4000acfd-07e6-46d2-a33a-f87c25d69a51 has been successfully formatted.
2019-06-15 14:10:52,962 INFO  ratis.ContainerStateMachine (ContainerStateMachine.java:loadSnapshot(199)) - The snapshot info is null.Setting the last applied index to:(t:0, i:~)
2019-06-15 14:10:52,962 INFO  server.RaftServerConfigKeys (ConfUtils.java:logGet(43)) - raft.server.leader.election.timeout = 120s (custom)
2019-06-15 14:10:52,964 INFO  server.RaftServerConfigKeys (ConfUtils.java:logGet(43)) - raft.server.log.use.memory = false (default)
2019-06-15 14:10:52,967 INFO  server.RaftServerConfigKeys (ConfUtils.java:logGet(43)) - raft.server.log.appender.buffer.byte-limit = 33554432 (custom)
2019-06-15 14:10:52,970 INFO  server.RaftServerConfigKeys (ConfUtils.java:logGet(43)) - raft.server.log.segment.size.max = 16384 (custom)
2019-06-15 14:10:52,974 INFO  server.RaftServerConfigKeys (ConfUtils.java:logGet(43)) - raft.server.log.segment.cache.num.max = 2 (custom)
2019-06-15 14:10:52,977 INFO  storage.RaftLogWorker (RaftLogWorker.java:<init>(123)) - new 03fce918-d0a7-4cd9-a665-be2ded7ac46f-RaftLogWorker for Storage Directory /opt/src/hadoop-ozone/integration-test/target/test-dir/MiniOzoneClusterImpl-149107bc-51df-4001-9ad5-938ee105cacd/datanode-0/data/ratis/4000acfd-07e6-46d2-a33a-f87c25d69a51
2019-06-15 14:10:52,977 INFO  server.RaftServerConfigKeys (ConfUtils.java:logGet(43)) - raft.server.log.queue.byte-limit = 2147483647 (custom)
2019-06-15 14:10:52,978 INFO  server.RaftServerConfigKeys (ConfUtils.java:logGet(43)) - raft.server.log.queue.element-limit = 1024 (custom)
2019-06-15 14:10:52,980 INFO  server.RaftServerConfigKeys (ConfUtils.java:logGet(43)) - raft.server.log.segment.size.max = 16384 (custom)
2019-06-15 14:10:52,980 INFO  server.RaftServerConfigKeys (ConfUtils.java:logGet(43)) - raft.server.log.preallocated.size = 16384 (custom)
2019-06-15 14:10:52,980 INFO  server.RaftServerConfigKeys (ConfUtils.java:logGet(43)) - raft.server.log.write.buffer.size = 33554432 (custom)
2019-06-15 14:10:52,981 INFO  server.RaftServerConfigKeys (ConfUtils.java:logGet(43)) - raft.server.log.force.sync.num = 128 (default)
2019-06-15 14:10:52,982 INFO  server.RaftServerConfigKeys (ConfUtils.java:logGet(43)) - raft.server.log.statemachine.data.sync = true (default)
2019-06-15 14:10:52,982 INFO  server.RaftServerConfigKeys (ConfUtils.java:logGet(43)) - raft.server.log.statemachine.data.sync.timeout = 10s (default)
2019-06-15 14:10:52,982 INFO  server.RaftServerConfigKeys (ConfUtils.java:logGet(43)) - raft.server.log.statemachine.data.sync.timeout.retry = -1 (default)
2019-06-15 14:10:52,985 INFO  server.RaftServerConfigKeys (ConfUtils.java:logGet(43)) - raft.server.log.statemachine.data.caching.enabled = true (custom)
2019-06-15 14:10:52,990 INFO  server.RaftServerConfigKeys (ConfUtils.java:logGet(43)) - raft.server.snapshot.auto.trigger.enabled = true (custom)
2019-06-15 14:10:52,991 INFO  server.RaftServerConfigKeys (ConfUtils.java:logGet(43)) - raft.server.snapshot.auto.trigger.threshold = 10000 (custom)
2019-06-15 14:10:52,991 INFO  server.RaftServerConfigKeys (ConfUtils.java:logGet(43)) - raft.server.retrycache.expirytime = 600000ms (custom)
2019-06-15 14:10:53,011 INFO  impl.RaftServerImpl (RaftServerImpl.java:start(173)) - 03fce918-d0a7-4cd9-a665-be2ded7ac46f: start group-F87C25D69A51
2019-06-15 14:10:53,012 INFO  impl.RaftServerImpl (RaftServerImpl.java:setRole(164)) - 03fce918-d0a7-4cd9-a665-be2ded7ac46f:group-F87C25D69A51 changes role from null to FOLLOWER at term 0 for startAsFollower
2019-06-15 14:10:53,013 INFO  impl.RoleInfo (RoleInfo.java:updateAndGet(143)) - 03fce918-d0a7-4cd9-a665-be2ded7ac46f: start FollowerState
2019-06-15 14:10:53,014 INFO  util.JmxRegister (JmxRegister.java:tryRegister(44)) - Successfully registered JMX Bean with object name Ratis:service=RaftServer,group=group-F87C25D69A51,id=03fce918-d0a7-4cd9-a665-be2ded7ac46f
2019-06-15 14:10:53,055 INFO  pipeline.PipelineStateManager (PipelineStateManager.java:addPipeline(56)) - Created pipeline Pipeline[ Id: 4000acfd-07e6-46d2-a33a-f87c25d69a51, Nodes: 03fce918-d0a7-4cd9-a665-be2ded7ac46f{ip: 192.168.19.23, host: ozone-unit-076618677d3-hs227-2779846674, networkLocation: /default-rack, certSerialId: null}, Type:RATIS, Factor:ONE, State:OPEN]
2019-06-15 14:10:53,082 INFO  impl.RaftServerProxy (RaftServerProxy.java:addNew(89)) - 1e149e73-53e7-4319-9e27-12160a26c83e: addNew group-C084D7E581A8:[1e149e73-53e7-4319-9e27-12160a26c83e:192.168.19.23:38341] returns group-C084D7E581A8:java.util.concurrent.CompletableFuture@3091028e[Not completed]
2019-06-15 14:10:53,130 INFO  impl.RaftServerImpl (RaftServerImpl.java:<init>(91)) - 1e149e73-53e7-4319-9e27-12160a26c83e: new RaftServerImpl for group-C084D7E581A8:[1e149e73-53e7-4319-9e27-12160a26c83e:192.168.19.23:38341] with ContainerStateMachine:uninitialized
2019-06-15 14:10:53,132 INFO  server.RaftServerConfigKeys (ConfUtils.java:logGet(43)) - raft.server.rpc.timeout.min = 1s (custom)
2019-06-15 14:10:53,132 INFO  server.RaftServerConfigKeys (ConfUtils.java:logGet(43)) - raft.server.rpc.timeout.max = 1200ms (custom)
2019-06-15 14:10:53,132 INFO  server.RaftServerConfigKeys (ConfUtils.java:logGet(43)) - raft.server.rpcslowness.timeout = 120s (custom)
2019-06-15 14:10:53,133 INFO  server.RaftServerConfigKeys (ConfUtils.java:logGet(43)) - raft.server.log.appender.install.snapshot.enabled = true (default)
2019-06-15 14:10:53,133 INFO  impl.RaftServerImpl (ServerState.java:<init>(101)) - 1e149e73-53e7-4319-9e27-12160a26c83e:group-C084D7E581A8 ConfigurationManager, init=-1: [1e149e73-53e7-4319-9e27-12160a26c83e:192.168.19.23:38341], old=null, confs=<EMPTY_MAP>
2019-06-15 14:10:53,135 INFO  server.RaftServerConfigKeys (ConfUtils.java:logGet(43)) - raft.server.storage.dir = [/opt/src/hadoop-ozone/integration-test/target/test-dir/MiniOzoneClusterImpl-149107bc-51df-4001-9ad5-938ee105cacd/datanode-2/data/ratis] (custom)
2019-06-15 14:10:53,135 INFO  storage.RaftStorageDirectory (RaftStorageDirectory.java:analyzeStorage(246)) - The storage directory /opt/src/hadoop-ozone/integration-test/target/test-dir/MiniOzoneClusterImpl-149107bc-51df-4001-9ad5-938ee105cacd/datanode-2/data/ratis/47037a34-fb64-42a6-ad1b-c084d7e581a8 does not exist. Creating ...
2019-06-15 14:10:53,138 INFO  storage.RaftStorageDirectory (RaftStorageDirectory.java:tryLock(328)) - Lock on /opt/src/hadoop-ozone/integration-test/target/test-dir/MiniOzoneClusterImpl-149107bc-51df-4001-9ad5-938ee105cacd/datanode-2/data/ratis/47037a34-fb64-42a6-ad1b-c084d7e581a8/in_use.lock acquired by nodename 19235@ozone-unit-076618677d3-hs227-2779846674
2019-06-15 14:10:53,141 INFO  storage.RaftStorage (RaftStorage.java:format(75)) - Storage directory /opt/src/hadoop-ozone/integration-test/target/test-dir/MiniOzoneClusterImpl-149107bc-51df-4001-9ad5-938ee105cacd/datanode-2/data/ratis/47037a34-fb64-42a6-ad1b-c084d7e581a8 has been successfully formatted.
2019-06-15 14:10:53,142 INFO  ratis.ContainerStateMachine (ContainerStateMachine.java:loadSnapshot(199)) - The snapshot info is null.Setting the last applied index to:(t:0, i:~)
2019-06-15 14:10:53,143 INFO  server.RaftServerConfigKeys (ConfUtils.java:logGet(43)) - raft.server.leader.election.timeout = 120s (custom)
2019-06-15 14:10:53,143 INFO  server.RaftServerConfigKeys (ConfUtils.java:logGet(43)) - raft.server.log.use.memory = false (default)
2019-06-15 14:10:53,144 INFO  server.RaftServerConfigKeys (ConfUtils.java:logGet(43)) - raft.server.log.appender.buffer.byte-limit = 33554432 (custom)
2019-06-15 14:10:53,144 INFO  server.RaftServerConfigKeys (ConfUtils.java:logGet(43)) - raft.server.log.segment.size.max = 16384 (custom)
2019-06-15 14:10:53,144 INFO  server.RaftServerConfigKeys (ConfUtils.java:logGet(43)) - raft.server.log.segment.cache.num.max = 2 (custom)
2019-06-15 14:10:53,144 INFO  storage.RaftLogWorker (RaftLogWorker.java:<init>(123)) - new 1e149e73-53e7-4319-9e27-12160a26c83e-RaftLogWorker for Storage Directory /opt/src/hadoop-ozone/integration-test/target/test-dir/MiniOzoneClusterImpl-149107bc-51df-4001-9ad5-938ee105cacd/datanode-2/data/ratis/47037a34-fb64-42a6-ad1b-c084d7e581a8
2019-06-15 14:10:53,145 INFO  server.RaftServerConfigKeys (ConfUtils.java:logGet(43)) - raft.server.log.queue.byte-limit = 2147483647 (custom)
2019-06-15 14:10:53,146 INFO  server.RaftServerConfigKeys (ConfUtils.java:logGet(43)) - raft.server.log.queue.element-limit = 1024 (custom)
2019-06-15 14:10:53,146 INFO  server.RaftServerConfigKeys (ConfUtils.java:logGet(43)) - raft.server.log.segment.size.max = 16384 (custom)
2019-06-15 14:10:53,146 INFO  server.RaftServerConfigKeys (ConfUtils.java:logGet(43)) - raft.server.log.preallocated.size = 16384 (custom)
2019-06-15 14:10:53,146 INFO  server.RaftServerConfigKeys (ConfUtils.java:logGet(43)) - raft.server.log.write.buffer.size = 33554432 (custom)
2019-06-15 14:10:53,146 INFO  server.RaftServerConfigKeys (ConfUtils.java:logGet(43)) - raft.server.log.force.sync.num = 128 (default)
2019-06-15 14:10:53,146 INFO  server.RaftServerConfigKeys (ConfUtils.java:logGet(43)) - raft.server.log.statemachine.data.sync = true (default)
2019-06-15 14:10:53,146 INFO  server.RaftServerConfigKeys (ConfUtils.java:logGet(43)) - raft.server.log.statemachine.data.sync.timeout = 10s (default)
2019-06-15 14:10:53,146 INFO  server.RaftServerConfigKeys (ConfUtils.java:logGet(43)) - raft.server.log.statemachine.data.sync.timeout.retry = -1 (default)
2019-06-15 14:10:53,147 INFO  server.RaftServerConfigKeys (ConfUtils.java:logGet(43)) - raft.server.log.statemachine.data.caching.enabled = true (custom)
2019-06-15 14:10:53,147 INFO  server.RaftServerConfigKeys (ConfUtils.java:logGet(43)) - raft.server.snapshot.auto.trigger.enabled = true (custom)
2019-06-15 14:10:53,147 INFO  server.RaftServerConfigKeys (ConfUtils.java:logGet(43)) - raft.server.snapshot.auto.trigger.threshold = 10000 (custom)
2019-06-15 14:10:53,148 INFO  server.RaftServerConfigKeys (ConfUtils.java:logGet(43)) - raft.server.retrycache.expirytime = 600000ms (custom)
2019-06-15 14:10:53,148 INFO  impl.RaftServerImpl (RaftServerImpl.java:start(173)) - 1e149e73-53e7-4319-9e27-12160a26c83e: start group-C084D7E581A8
2019-06-15 14:10:53,148 INFO  impl.RaftServerImpl (RaftServerImpl.java:setRole(164)) - 1e149e73-53e7-4319-9e27-12160a26c83e:group-C084D7E581A8 changes role from null to FOLLOWER at term 0 for startAsFollower
2019-06-15 14:10:53,148 INFO  impl.RoleInfo (RoleInfo.java:updateAndGet(143)) - 1e149e73-53e7-4319-9e27-12160a26c83e: start FollowerState
2019-06-15 14:10:53,150 INFO  util.JmxRegister (JmxRegister.java:tryRegister(44)) - Successfully registered JMX Bean with object name Ratis:service=RaftServer,group=group-C084D7E581A8,id=1e149e73-53e7-4319-9e27-12160a26c83e
2019-06-15 14:10:53,162 INFO  pipeline.PipelineStateManager (PipelineStateManager.java:addPipeline(56)) - Created pipeline Pipeline[ Id: 47037a34-fb64-42a6-ad1b-c084d7e581a8, Nodes: 1e149e73-53e7-4319-9e27-12160a26c83e{ip: 192.168.19.23, host: ozone-unit-076618677d3-hs227-2779846674, networkLocation: /default-rack, certSerialId: null}, Type:RATIS, Factor:ONE, State:OPEN]
2019-06-15 14:10:53,182 INFO  impl.RaftServerProxy (RaftServerProxy.java:addNew(89)) - 231847dc-e78a-4b48-8e03-44872a69ae9d: addNew group-1752B92DA6F4:[231847dc-e78a-4b48-8e03-44872a69ae9d:192.168.19.23:46679] returns group-1752B92DA6F4:java.util.concurrent.CompletableFuture@541f0e09[Not completed]
2019-06-15 14:10:53,186 INFO  impl.RaftServerImpl (RaftServerImpl.java:<init>(91)) - 231847dc-e78a-4b48-8e03-44872a69ae9d: new RaftServerImpl for group-1752B92DA6F4:[231847dc-e78a-4b48-8e03-44872a69ae9d:192.168.19.23:46679] with ContainerStateMachine:uninitialized
2019-06-15 14:10:53,187 INFO  server.RaftServerConfigKeys (ConfUtils.java:logGet(43)) - raft.server.rpc.timeout.min = 1s (custom)
2019-06-15 14:10:53,187 INFO  server.RaftServerConfigKeys (ConfUtils.java:logGet(43)) - raft.server.rpc.timeout.max = 1200ms (custom)
2019-06-15 14:10:53,187 INFO  server.RaftServerConfigKeys (ConfUtils.java:logGet(43)) - raft.server.rpcslowness.timeout = 120s (custom)
2019-06-15 14:10:53,187 INFO  server.RaftServerConfigKeys (ConfUtils.java:logGet(43)) - raft.server.log.appender.install.snapshot.enabled = true (default)
2019-06-15 14:10:53,187 INFO  impl.RaftServerImpl (ServerState.java:<init>(101)) - 231847dc-e78a-4b48-8e03-44872a69ae9d:group-1752B92DA6F4 ConfigurationManager, init=-1: [231847dc-e78a-4b48-8e03-44872a69ae9d:192.168.19.23:46679], old=null, confs=<EMPTY_MAP>
2019-06-15 14:10:53,188 INFO  server.RaftServerConfigKeys (ConfUtils.java:logGet(43)) - raft.server.storage.dir = [/opt/src/hadoop-ozone/integration-test/target/test-dir/MiniOzoneClusterImpl-149107bc-51df-4001-9ad5-938ee105cacd/datanode-1/data/ratis] (custom)
2019-06-15 14:10:53,188 INFO  storage.RaftStorageDirectory (RaftStorageDirectory.java:analyzeStorage(246)) - The storage directory /opt/src/hadoop-ozone/integration-test/target/test-dir/MiniOzoneClusterImpl-149107bc-51df-4001-9ad5-938ee105cacd/datanode-1/data/ratis/d44e56d1-017f-46cf-bac4-1752b92da6f4 does not exist. Creating ...
2019-06-15 14:10:53,190 INFO  storage.RaftStorageDirectory (RaftStorageDirectory.java:tryLock(328)) - Lock on /opt/src/hadoop-ozone/integration-test/target/test-dir/MiniOzoneClusterImpl-149107bc-51df-4001-9ad5-938ee105cacd/datanode-1/data/ratis/d44e56d1-017f-46cf-bac4-1752b92da6f4/in_use.lock acquired by nodename 19235@ozone-unit-076618677d3-hs227-2779846674
2019-06-15 14:10:53,192 INFO  node.SCMNodeManager (SCMNodeManager.java:register(269)) - Registered Data node : 763e4a11-08e2-4549-a8dc-173862531bf4{ip: 192.168.19.23, host: ozone-unit-076618677d3-hs227-2779846674, networkLocation: /default-rack, certSerialId: null}
2019-06-15 14:10:53,194 INFO  storage.RaftStorage (RaftStorage.java:format(75)) - Storage directory /opt/src/hadoop-ozone/integration-test/target/test-dir/MiniOzoneClusterImpl-149107bc-51df-4001-9ad5-938ee105cacd/datanode-1/data/ratis/d44e56d1-017f-46cf-bac4-1752b92da6f4 has been successfully formatted.
2019-06-15 14:10:53,194 INFO  ratis.ContainerStateMachine (ContainerStateMachine.java:loadSnapshot(199)) - The snapshot info is null.Setting the last applied index to:(t:0, i:~)
2019-06-15 14:10:53,195 INFO  server.RaftServerConfigKeys (ConfUtils.java:logGet(43)) - raft.server.leader.election.timeout = 120s (custom)
2019-06-15 14:10:53,195 INFO  server.RaftServerConfigKeys (ConfUtils.java:logGet(43)) - raft.server.log.use.memory = false (default)
2019-06-15 14:10:53,195 INFO  server.RaftServerConfigKeys (ConfUtils.java:logGet(43)) - raft.server.log.appender.buffer.byte-limit = 33554432 (custom)
2019-06-15 14:10:53,195 INFO  server.RaftServerConfigKeys (ConfUtils.java:logGet(43)) - raft.server.log.segment.size.max = 16384 (custom)
2019-06-15 14:10:53,195 INFO  server.RaftServerConfigKeys (ConfUtils.java:logGet(43)) - raft.server.log.segment.cache.num.max = 2 (custom)
2019-06-15 14:10:53,195 INFO  storage.RaftLogWorker (RaftLogWorker.java:<init>(123)) - new 231847dc-e78a-4b48-8e03-44872a69ae9d-RaftLogWorker for Storage Directory /opt/src/hadoop-ozone/integration-test/target/test-dir/MiniOzoneClusterImpl-149107bc-51df-4001-9ad5-938ee105cacd/datanode-1/data/ratis/d44e56d1-017f-46cf-bac4-1752b92da6f4
2019-06-15 14:10:53,195 INFO  server.RaftServerConfigKeys (ConfUtils.java:logGet(43)) - raft.server.log.queue.byte-limit = 2147483647 (custom)
2019-06-15 14:10:53,195 INFO  server.RaftServerConfigKeys (ConfUtils.java:logGet(43)) - raft.server.log.queue.element-limit = 1024 (custom)
2019-06-15 14:10:53,195 INFO  server.RaftServerConfigKeys (ConfUtils.java:logGet(43)) - raft.server.log.segment.size.max = 16384 (custom)
2019-06-15 14:10:53,196 INFO  server.RaftServerConfigKeys (ConfUtils.java:logGet(43)) - raft.server.log.preallocated.size = 16384 (custom)
2019-06-15 14:10:53,196 INFO  server.RaftServerConfigKeys (ConfUtils.java:logGet(43)) - raft.server.log.write.buffer.size = 33554432 (custom)
2019-06-15 14:10:53,196 INFO  server.RaftServerConfigKeys (ConfUtils.java:logGet(43)) - raft.server.log.force.sync.num = 128 (default)
2019-06-15 14:10:53,196 INFO  server.RaftServerConfigKeys (ConfUtils.java:logGet(43)) - raft.server.log.statemachine.data.sync = true (default)
2019-06-15 14:10:53,196 INFO  server.RaftServerConfigKeys (ConfUtils.java:logGet(43)) - raft.server.log.statemachine.data.sync.timeout = 10s (default)
2019-06-15 14:10:53,196 INFO  server.RaftServerConfigKeys (ConfUtils.java:logGet(43)) - raft.server.log.statemachine.data.sync.timeout.retry = -1 (default)
2019-06-15 14:10:53,196 INFO  server.RaftServerConfigKeys (ConfUtils.java:logGet(43)) - raft.server.log.statemachine.data.caching.enabled = true (custom)
2019-06-15 14:10:53,197 INFO  server.RaftServerConfigKeys (ConfUtils.java:logGet(43)) - raft.server.snapshot.auto.trigger.enabled = true (custom)
2019-06-15 14:10:53,197 INFO  server.RaftServerConfigKeys (ConfUtils.java:logGet(43)) - raft.server.snapshot.auto.trigger.threshold = 10000 (custom)
2019-06-15 14:10:53,197 INFO  server.RaftServerConfigKeys (ConfUtils.java:logGet(43)) - raft.server.retrycache.expirytime = 600000ms (custom)
2019-06-15 14:10:53,197 INFO  impl.RaftServerImpl (RaftServerImpl.java:start(173)) - 231847dc-e78a-4b48-8e03-44872a69ae9d: start group-1752B92DA6F4
2019-06-15 14:10:53,197 INFO  impl.RaftServerImpl (RaftServerImpl.java:setRole(164)) - 231847dc-e78a-4b48-8e03-44872a69ae9d:group-1752B92DA6F4 changes role from null to FOLLOWER at term 0 for startAsFollower
2019-06-15 14:10:53,198 INFO  impl.RoleInfo (RoleInfo.java:updateAndGet(143)) - 231847dc-e78a-4b48-8e03-44872a69ae9d: start FollowerState
2019-06-15 14:10:53,198 INFO  util.JmxRegister (JmxRegister.java:tryRegister(44)) - Successfully registered JMX Bean with object name Ratis:service=RaftServer,group=group-1752B92DA6F4,id=231847dc-e78a-4b48-8e03-44872a69ae9d
2019-06-15 14:10:53,207 INFO  pipeline.PipelineStateManager (PipelineStateManager.java:addPipeline(56)) - Created pipeline Pipeline[ Id: d44e56d1-017f-46cf-bac4-1752b92da6f4, Nodes: 231847dc-e78a-4b48-8e03-44872a69ae9d{ip: 192.168.19.23, host: ozone-unit-076618677d3-hs227-2779846674, networkLocation: /default-rack, certSerialId: null}, Type:RATIS, Factor:ONE, State:OPEN]
2019-06-15 14:10:53,229 INFO  impl.RaftServerProxy (RaftServerProxy.java:addNew(89)) - e068667e-1dce-444c-b1a2-fffed6f13eef: addNew group-07CEA23F4C4B:[e068667e-1dce-444c-b1a2-fffed6f13eef:192.168.19.23:37579] returns group-07CEA23F4C4B:java.util.concurrent.CompletableFuture@187f22e6[Not completed]
2019-06-15 14:10:53,230 INFO  impl.RaftServerImpl (RaftServerImpl.java:<init>(91)) - e068667e-1dce-444c-b1a2-fffed6f13eef: new RaftServerImpl for group-07CEA23F4C4B:[e068667e-1dce-444c-b1a2-fffed6f13eef:192.168.19.23:37579] with ContainerStateMachine:uninitialized
2019-06-15 14:10:53,231 INFO  server.RaftServerConfigKeys (ConfUtils.java:logGet(43)) - raft.server.rpc.timeout.min = 1s (custom)
2019-06-15 14:10:53,231 INFO  server.RaftServerConfigKeys (ConfUtils.java:logGet(43)) - raft.server.rpc.timeout.max = 1200ms (custom)
2019-06-15 14:10:53,231 INFO  server.RaftServerConfigKeys (ConfUtils.java:logGet(43)) - raft.server.rpcslowness.timeout = 120s (custom)
2019-06-15 14:10:53,232 INFO  server.RaftServerConfigKeys (ConfUtils.java:logGet(43)) - raft.server.log.appender.install.snapshot.enabled = true (default)
2019-06-15 14:10:53,232 INFO  impl.RaftServerImpl (ServerState.java:<init>(101)) - e068667e-1dce-444c-b1a2-fffed6f13eef:group-07CEA23F4C4B ConfigurationManager, init=-1: [e068667e-1dce-444c-b1a2-fffed6f13eef:192.168.19.23:37579], old=null, confs=<EMPTY_MAP>
2019-06-15 14:10:53,232 INFO  server.RaftServerConfigKeys (ConfUtils.java:logGet(43)) - raft.server.storage.dir = [/opt/src/hadoop-ozone/integration-test/target/test-dir/MiniOzoneClusterImpl-149107bc-51df-4001-9ad5-938ee105cacd/datanode-3/data/ratis] (custom)
2019-06-15 14:10:53,232 INFO  storage.RaftStorageDirectory (RaftStorageDirectory.java:analyzeStorage(246)) - The storage directory /opt/src/hadoop-ozone/integration-test/target/test-dir/MiniOzoneClusterImpl-149107bc-51df-4001-9ad5-938ee105cacd/datanode-3/data/ratis/3488bc55-04e7-4435-8ffd-07cea23f4c4b does not exist. Creating ...
2019-06-15 14:10:53,234 INFO  storage.RaftStorageDirectory (RaftStorageDirectory.java:tryLock(328)) - Lock on /opt/src/hadoop-ozone/integration-test/target/test-dir/MiniOzoneClusterImpl-149107bc-51df-4001-9ad5-938ee105cacd/datanode-3/data/ratis/3488bc55-04e7-4435-8ffd-07cea23f4c4b/in_use.lock acquired by nodename 19235@ozone-unit-076618677d3-hs227-2779846674
2019-06-15 14:10:53,236 INFO  storage.RaftStorage (RaftStorage.java:format(75)) - Storage directory /opt/src/hadoop-ozone/integration-test/target/test-dir/MiniOzoneClusterImpl-149107bc-51df-4001-9ad5-938ee105cacd/datanode-3/data/ratis/3488bc55-04e7-4435-8ffd-07cea23f4c4b has been successfully formatted.
2019-06-15 14:10:53,237 INFO  ratis.ContainerStateMachine (ContainerStateMachine.java:loadSnapshot(199)) - The snapshot info is null.Setting the last applied index to:(t:0, i:~)
2019-06-15 14:10:53,237 INFO  server.RaftServerConfigKeys (ConfUtils.java:logGet(43)) - raft.server.leader.election.timeout = 120s (custom)
2019-06-15 14:10:53,237 INFO  server.RaftServerConfigKeys (ConfUtils.java:logGet(43)) - raft.server.log.use.memory = false (default)
2019-06-15 14:10:53,237 INFO  server.RaftServerConfigKeys (ConfUtils.java:logGet(43)) - raft.server.log.appender.buffer.byte-limit = 33554432 (custom)
2019-06-15 14:10:53,237 INFO  server.RaftServerConfigKeys (ConfUtils.java:logGet(43)) - raft.server.log.segment.size.max = 16384 (custom)
2019-06-15 14:10:53,237 INFO  server.RaftServerConfigKeys (ConfUtils.java:logGet(43)) - raft.server.log.segment.cache.num.max = 2 (custom)
2019-06-15 14:10:53,237 INFO  storage.RaftLogWorker (RaftLogWorker.java:<init>(123)) - new e068667e-1dce-444c-b1a2-fffed6f13eef-RaftLogWorker for Storage Directory /opt/src/hadoop-ozone/integration-test/target/test-dir/MiniOzoneClusterImpl-149107bc-51df-4001-9ad5-938ee105cacd/datanode-3/data/ratis/3488bc55-04e7-4435-8ffd-07cea23f4c4b
2019-06-15 14:10:53,237 INFO  server.RaftServerConfigKeys (ConfUtils.java:logGet(43)) - raft.server.log.queue.byte-limit = 2147483647 (custom)
2019-06-15 14:10:53,237 INFO  server.RaftServerConfigKeys (ConfUtils.java:logGet(43)) - raft.server.log.queue.element-limit = 1024 (custom)
2019-06-15 14:10:53,237 INFO  server.RaftServerConfigKeys (ConfUtils.java:logGet(43)) - raft.server.log.segment.size.max = 16384 (custom)
2019-06-15 14:10:53,238 INFO  server.RaftServerConfigKeys (ConfUtils.java:logGet(43)) - raft.server.log.preallocated.size = 16384 (custom)
2019-06-15 14:10:53,238 INFO  server.RaftServerConfigKeys (ConfUtils.java:logGet(43)) - raft.server.log.write.buffer.size = 33554432 (custom)
2019-06-15 14:10:53,238 INFO  server.RaftServerConfigKeys (ConfUtils.java:logGet(43)) - raft.server.log.force.sync.num = 128 (default)
2019-06-15 14:10:53,238 INFO  server.RaftServerConfigKeys (ConfUtils.java:logGet(43)) - raft.server.log.statemachine.data.sync = true (default)
2019-06-15 14:10:53,238 INFO  server.RaftServerConfigKeys (ConfUtils.java:logGet(43)) - raft.server.log.statemachine.data.sync.timeout = 10s (default)
2019-06-15 14:10:53,238 INFO  server.RaftServerConfigKeys (ConfUtils.java:logGet(43)) - raft.server.log.statemachine.data.sync.timeout.retry = -1 (default)
2019-06-15 14:10:53,238 INFO  server.RaftServerConfigKeys (ConfUtils.java:logGet(43)) - raft.server.log.statemachine.data.caching.enabled = true (custom)
2019-06-15 14:10:53,239 INFO  server.RaftServerConfigKeys (ConfUtils.java:logGet(43)) - raft.server.snapshot.auto.trigger.enabled = true (custom)
2019-06-15 14:10:53,239 INFO  server.RaftServerConfigKeys (ConfUtils.java:logGet(43)) - raft.server.snapshot.auto.trigger.threshold = 10000 (custom)
2019-06-15 14:10:53,239 INFO  server.RaftServerConfigKeys (ConfUtils.java:logGet(43)) - raft.server.retrycache.expirytime = 600000ms (custom)
2019-06-15 14:10:53,239 INFO  impl.RaftServerImpl (RaftServerImpl.java:start(173)) - e068667e-1dce-444c-b1a2-fffed6f13eef: start group-07CEA23F4C4B
2019-06-15 14:10:53,239 INFO  impl.RaftServerImpl (RaftServerImpl.java:setRole(164)) - e068667e-1dce-444c-b1a2-fffed6f13eef:group-07CEA23F4C4B changes role from null to FOLLOWER at term 0 for startAsFollower
2019-06-15 14:10:53,239 INFO  impl.RoleInfo (RoleInfo.java:updateAndGet(143)) - e068667e-1dce-444c-b1a2-fffed6f13eef: start FollowerState
2019-06-15 14:10:53,239 INFO  util.JmxRegister (JmxRegister.java:tryRegister(44)) - Successfully registered JMX Bean with object name Ratis:service=RaftServer,group=group-07CEA23F4C4B,id=e068667e-1dce-444c-b1a2-fffed6f13eef
2019-06-15 14:10:53,249 INFO  pipeline.PipelineStateManager (PipelineStateManager.java:addPipeline(56)) - Created pipeline Pipeline[ Id: 3488bc55-04e7-4435-8ffd-07cea23f4c4b, Nodes: e068667e-1dce-444c-b1a2-fffed6f13eef{ip: 192.168.19.23, host: ozone-unit-076618677d3-hs227-2779846674, networkLocation: /default-rack, certSerialId: null}, Type:RATIS, Factor:ONE, State:OPEN]
2019-06-15 14:10:53,265 INFO  impl.RaftServerProxy (RaftServerProxy.java:addNew(89)) - 763e4a11-08e2-4549-a8dc-173862531bf4: addNew group-662419183112:[763e4a11-08e2-4549-a8dc-173862531bf4:192.168.19.23:40839] returns group-662419183112:java.util.concurrent.CompletableFuture@245c4eac[Not completed]
2019-06-15 14:10:53,265 INFO  impl.RaftServerImpl (RaftServerImpl.java:<init>(91)) - 763e4a11-08e2-4549-a8dc-173862531bf4: new RaftServerImpl for group-662419183112:[763e4a11-08e2-4549-a8dc-173862531bf4:192.168.19.23:40839] with ContainerStateMachine:uninitialized
2019-06-15 14:10:53,267 INFO  server.RaftServerConfigKeys (ConfUtils.java:logGet(43)) - raft.server.rpc.timeout.min = 1s (custom)
2019-06-15 14:10:53,267 INFO  server.RaftServerConfigKeys (ConfUtils.java:logGet(43)) - raft.server.rpc.timeout.max = 1200ms (custom)
2019-06-15 14:10:53,267 INFO  server.RaftServerConfigKeys (ConfUtils.java:logGet(43)) - raft.server.rpcslowness.timeout = 120s (custom)
2019-06-15 14:10:53,267 INFO  server.RaftServerConfigKeys (ConfUtils.java:logGet(43)) - raft.server.log.appender.install.snapshot.enabled = true (default)
2019-06-15 14:10:53,267 INFO  impl.RaftServerImpl (ServerState.java:<init>(101)) - 763e4a11-08e2-4549-a8dc-173862531bf4:group-662419183112 ConfigurationManager, init=-1: [763e4a11-08e2-4549-a8dc-173862531bf4:192.168.19.23:40839], old=null, confs=<EMPTY_MAP>
2019-06-15 14:10:53,268 INFO  server.RaftServerConfigKeys (ConfUtils.java:logGet(43)) - raft.server.storage.dir = [/opt/src/hadoop-ozone/integration-test/target/test-dir/MiniOzoneClusterImpl-149107bc-51df-4001-9ad5-938ee105cacd/datanode-4/data/ratis] (custom)
2019-06-15 14:10:53,268 INFO  storage.RaftStorageDirectory (RaftStorageDirectory.java:analyzeStorage(246)) - The storage directory /opt/src/hadoop-ozone/integration-test/target/test-dir/MiniOzoneClusterImpl-149107bc-51df-4001-9ad5-938ee105cacd/datanode-4/data/ratis/b76e3c25-20b5-444e-b9ab-662419183112 does not exist. Creating ...
2019-06-15 14:10:53,270 INFO  storage.RaftStorageDirectory (RaftStorageDirectory.java:tryLock(328)) - Lock on /opt/src/hadoop-ozone/integration-test/target/test-dir/MiniOzoneClusterImpl-149107bc-51df-4001-9ad5-938ee105cacd/datanode-4/data/ratis/b76e3c25-20b5-444e-b9ab-662419183112/in_use.lock acquired by nodename 19235@ozone-unit-076618677d3-hs227-2779846674
2019-06-15 14:10:53,272 INFO  storage.RaftStorage (RaftStorage.java:format(75)) - Storage directory /opt/src/hadoop-ozone/integration-test/target/test-dir/MiniOzoneClusterImpl-149107bc-51df-4001-9ad5-938ee105cacd/datanode-4/data/ratis/b76e3c25-20b5-444e-b9ab-662419183112 has been successfully formatted.
2019-06-15 14:10:53,273 INFO  ratis.ContainerStateMachine (ContainerStateMachine.java:loadSnapshot(199)) - The snapshot info is null.Setting the last applied index to:(t:0, i:~)
2019-06-15 14:10:53,273 INFO  server.RaftServerConfigKeys (ConfUtils.java:logGet(43)) - raft.server.leader.election.timeout = 120s (custom)
2019-06-15 14:10:53,273 INFO  server.RaftServerConfigKeys (ConfUtils.java:logGet(43)) - raft.server.log.use.memory = false (default)
2019-06-15 14:10:53,273 INFO  server.RaftServerConfigKeys (ConfUtils.java:logGet(43)) - raft.server.log.appender.buffer.byte-limit = 33554432 (custom)
2019-06-15 14:10:53,273 INFO  server.RaftServerConfigKeys (ConfUtils.java:logGet(43)) - raft.server.log.segment.size.max = 16384 (custom)
2019-06-15 14:10:53,273 INFO  server.RaftServerConfigKeys (ConfUtils.java:logGet(43)) - raft.server.log.segment.cache.num.max = 2 (custom)
2019-06-15 14:10:53,273 INFO  storage.RaftLogWorker (RaftLogWorker.java:<init>(123)) - new 763e4a11-08e2-4549-a8dc-173862531bf4-RaftLogWorker for Storage Directory /opt/src/hadoop-ozone/integration-test/target/test-dir/MiniOzoneClusterImpl-149107bc-51df-4001-9ad5-938ee105cacd/datanode-4/data/ratis/b76e3c25-20b5-444e-b9ab-662419183112
2019-06-15 14:10:53,273 INFO  server.RaftServerConfigKeys (ConfUtils.java:logGet(43)) - raft.server.log.queue.byte-limit = 2147483647 (custom)
2019-06-15 14:10:53,274 INFO  server.RaftServerConfigKeys (ConfUtils.java:logGet(43)) - raft.server.log.queue.element-limit = 1024 (custom)
2019-06-15 14:10:53,274 INFO  server.RaftServerConfigKeys (ConfUtils.java:logGet(43)) - raft.server.log.segment.size.max = 16384 (custom)
2019-06-15 14:10:53,274 INFO  server.RaftServerConfigKeys (ConfUtils.java:logGet(43)) - raft.server.log.preallocated.size = 16384 (custom)
2019-06-15 14:10:53,274 INFO  server.RaftServerConfigKeys (ConfUtils.java:logGet(43)) - raft.server.log.write.buffer.size = 33554432 (custom)
2019-06-15 14:10:53,274 INFO  server.RaftServerConfigKeys (ConfUtils.java:logGet(43)) - raft.server.log.force.sync.num = 128 (default)
2019-06-15 14:10:53,274 INFO  server.RaftServerConfigKeys (ConfUtils.java:logGet(43)) - raft.server.log.statemachine.data.sync = true (default)
2019-06-15 14:10:53,274 INFO  server.RaftServerConfigKeys (ConfUtils.java:logGet(43)) - raft.server.log.statemachine.data.sync.timeout = 10s (default)
2019-06-15 14:10:53,274 INFO  server.RaftServerConfigKeys (ConfUtils.java:logGet(43)) - raft.server.log.statemachine.data.sync.timeout.retry = -1 (default)
2019-06-15 14:10:53,274 INFO  server.RaftServerConfigKeys (ConfUtils.java:logGet(43)) - raft.server.log.statemachine.data.caching.enabled = true (custom)
2019-06-15 14:10:53,275 INFO  server.RaftServerConfigKeys (ConfUtils.java:logGet(43)) - raft.server.snapshot.auto.trigger.enabled = true (custom)
2019-06-15 14:10:53,275 INFO  server.RaftServerConfigKeys (ConfUtils.java:logGet(43)) - raft.server.snapshot.auto.trigger.threshold = 10000 (custom)
2019-06-15 14:10:53,275 INFO  server.RaftServerConfigKeys (ConfUtils.java:logGet(43)) - raft.server.retrycache.expirytime = 600000ms (custom)
2019-06-15 14:10:53,275 INFO  impl.RaftServerImpl (RaftServerImpl.java:start(173)) - 763e4a11-08e2-4549-a8dc-173862531bf4: start group-662419183112
2019-06-15 14:10:53,275 INFO  impl.RaftServerImpl (RaftServerImpl.java:setRole(164)) - 763e4a11-08e2-4549-a8dc-173862531bf4:group-662419183112 changes role from null to FOLLOWER at term 0 for startAsFollower
2019-06-15 14:10:53,276 INFO  impl.RoleInfo (RoleInfo.java:updateAndGet(143)) - 763e4a11-08e2-4549-a8dc-173862531bf4: start FollowerState
2019-06-15 14:10:53,276 INFO  util.JmxRegister (JmxRegister.java:tryRegister(44)) - Successfully registered JMX Bean with object name Ratis:service=RaftServer,group=group-662419183112,id=763e4a11-08e2-4549-a8dc-173862531bf4
2019-06-15 14:10:53,286 INFO  pipeline.PipelineStateManager (PipelineStateManager.java:addPipeline(56)) - Created pipeline Pipeline[ Id: b76e3c25-20b5-444e-b9ab-662419183112, Nodes: 763e4a11-08e2-4549-a8dc-173862531bf4{ip: 192.168.19.23, host: ozone-unit-076618677d3-hs227-2779846674, networkLocation: /default-rack, certSerialId: null}, Type:RATIS, Factor:ONE, State:OPEN]
2019-06-15 14:10:53,315 INFO  impl.RaftServerProxy (RaftServerProxy.java:addNew(89)) - 231847dc-e78a-4b48-8e03-44872a69ae9d: addNew group-E25B0DDAACA5:[e068667e-1dce-444c-b1a2-fffed6f13eef:192.168.19.23:37579, 1e149e73-53e7-4319-9e27-12160a26c83e:192.168.19.23:38341, 231847dc-e78a-4b48-8e03-44872a69ae9d:192.168.19.23:46679] returns group-E25B0DDAACA5:java.util.concurrent.CompletableFuture@46d6c688[Not completed]
2019-06-15 14:10:53,316 INFO  impl.RaftServerImpl (RaftServerImpl.java:<init>(91)) - 231847dc-e78a-4b48-8e03-44872a69ae9d: new RaftServerImpl for group-E25B0DDAACA5:[e068667e-1dce-444c-b1a2-fffed6f13eef:192.168.19.23:37579, 1e149e73-53e7-4319-9e27-12160a26c83e:192.168.19.23:38341, 231847dc-e78a-4b48-8e03-44872a69ae9d:192.168.19.23:46679] with ContainerStateMachine:uninitialized
2019-06-15 14:10:53,316 INFO  server.RaftServerConfigKeys (ConfUtils.java:logGet(43)) - raft.server.rpc.timeout.min = 1s (custom)
2019-06-15 14:10:53,316 INFO  server.RaftServerConfigKeys (ConfUtils.java:logGet(43)) - raft.server.rpc.timeout.max = 1200ms (custom)
2019-06-15 14:10:53,317 INFO  server.RaftServerConfigKeys (ConfUtils.java:logGet(43)) - raft.server.rpcslowness.timeout = 120s (custom)
2019-06-15 14:10:53,317 INFO  server.RaftServerConfigKeys (ConfUtils.java:logGet(43)) - raft.server.log.appender.install.snapshot.enabled = true (default)
2019-06-15 14:10:53,318 INFO  impl.RaftServerImpl (ServerState.java:<init>(101)) - 231847dc-e78a-4b48-8e03-44872a69ae9d:group-E25B0DDAACA5 ConfigurationManager, init=-1: [e068667e-1dce-444c-b1a2-fffed6f13eef:192.168.19.23:37579, 1e149e73-53e7-4319-9e27-12160a26c83e:192.168.19.23:38341, 231847dc-e78a-4b48-8e03-44872a69ae9d:192.168.19.23:46679], old=null, confs=<EMPTY_MAP>
2019-06-15 14:10:53,318 INFO  server.RaftServerConfigKeys (ConfUtils.java:logGet(43)) - raft.server.storage.dir = [/opt/src/hadoop-ozone/integration-test/target/test-dir/MiniOzoneClusterImpl-149107bc-51df-4001-9ad5-938ee105cacd/datanode-1/data/ratis] (custom)
2019-06-15 14:10:53,318 INFO  storage.RaftStorageDirectory (RaftStorageDirectory.java:analyzeStorage(246)) - The storage directory /opt/src/hadoop-ozone/integration-test/target/test-dir/MiniOzoneClusterImpl-149107bc-51df-4001-9ad5-938ee105cacd/datanode-1/data/ratis/17730288-1631-46b9-a403-e25b0ddaaca5 does not exist. Creating ...
2019-06-15 14:10:53,320 INFO  storage.RaftStorageDirectory (RaftStorageDirectory.java:tryLock(328)) - Lock on /opt/src/hadoop-ozone/integration-test/target/test-dir/MiniOzoneClusterImpl-149107bc-51df-4001-9ad5-938ee105cacd/datanode-1/data/ratis/17730288-1631-46b9-a403-e25b0ddaaca5/in_use.lock acquired by nodename 19235@ozone-unit-076618677d3-hs227-2779846674
2019-06-15 14:10:53,321 INFO  impl.RaftServerProxy (RaftServerProxy.java:addNew(89)) - 1e149e73-53e7-4319-9e27-12160a26c83e: addNew group-E25B0DDAACA5:[e068667e-1dce-444c-b1a2-fffed6f13eef:192.168.19.23:37579, 1e149e73-53e7-4319-9e27-12160a26c83e:192.168.19.23:38341, 231847dc-e78a-4b48-8e03-44872a69ae9d:192.168.19.23:46679] returns group-E25B0DDAACA5:java.util.concurrent.CompletableFuture@2d9af188[Not completed]
2019-06-15 14:10:53,321 INFO  impl.RaftServerProxy (RaftServerProxy.java:addNew(89)) - e068667e-1dce-444c-b1a2-fffed6f13eef: addNew group-E25B0DDAACA5:[e068667e-1dce-444c-b1a2-fffed6f13eef:192.168.19.23:37579, 1e149e73-53e7-4319-9e27-12160a26c83e:192.168.19.23:38341, 231847dc-e78a-4b48-8e03-44872a69ae9d:192.168.19.23:46679] returns group-E25B0DDAACA5:java.util.concurrent.CompletableFuture@7ebccb3[Not completed]
2019-06-15 14:10:53,321 INFO  impl.RaftServerImpl (RaftServerImpl.java:<init>(91)) - 1e149e73-53e7-4319-9e27-12160a26c83e: new RaftServerImpl for group-E25B0DDAACA5:[e068667e-1dce-444c-b1a2-fffed6f13eef:192.168.19.23:37579, 1e149e73-53e7-4319-9e27-12160a26c83e:192.168.19.23:38341, 231847dc-e78a-4b48-8e03-44872a69ae9d:192.168.19.23:46679] with ContainerStateMachine:uninitialized
2019-06-15 14:10:53,321 INFO  server.RaftServerConfigKeys (ConfUtils.java:logGet(43)) - raft.server.rpc.timeout.min = 1s (custom)
2019-06-15 14:10:53,322 INFO  server.RaftServerConfigKeys (ConfUtils.java:logGet(43)) - raft.server.rpc.timeout.max = 1200ms (custom)
2019-06-15 14:10:53,322 INFO  impl.RaftServerImpl (RaftServerImpl.java:<init>(91)) - e068667e-1dce-444c-b1a2-fffed6f13eef: new RaftServerImpl for group-E25B0DDAACA5:[e068667e-1dce-444c-b1a2-fffed6f13eef:192.168.19.23:37579, 1e149e73-53e7-4319-9e27-12160a26c83e:192.168.19.23:38341, 231847dc-e78a-4b48-8e03-44872a69ae9d:192.168.19.23:46679] with ContainerStateMachine:uninitialized
2019-06-15 14:10:53,322 INFO  server.RaftServerConfigKeys (ConfUtils.java:logGet(43)) - raft.server.rpcslowness.timeout = 120s (custom)
2019-06-15 14:10:53,322 INFO  server.RaftServerConfigKeys (ConfUtils.java:logGet(43)) - raft.server.log.appender.install.snapshot.enabled = true (default)
2019-06-15 14:10:53,322 INFO  impl.RaftServerImpl (ServerState.java:<init>(101)) - 1e149e73-53e7-4319-9e27-12160a26c83e:group-E25B0DDAACA5 ConfigurationManager, init=-1: [e068667e-1dce-444c-b1a2-fffed6f13eef:192.168.19.23:37579, 1e149e73-53e7-4319-9e27-12160a26c83e:192.168.19.23:38341, 231847dc-e78a-4b48-8e03-44872a69ae9d:192.168.19.23:46679], old=null, confs=<EMPTY_MAP>
2019-06-15 14:10:53,322 INFO  server.RaftServerConfigKeys (ConfUtils.java:logGet(43)) - raft.server.storage.dir = [/opt/src/hadoop-ozone/integration-test/target/test-dir/MiniOzoneClusterImpl-149107bc-51df-4001-9ad5-938ee105cacd/datanode-2/data/ratis] (custom)
2019-06-15 14:10:53,322 INFO  storage.RaftStorageDirectory (RaftStorageDirectory.java:analyzeStorage(246)) - The storage directory /opt/src/hadoop-ozone/integration-test/target/test-dir/MiniOzoneClusterImpl-149107bc-51df-4001-9ad5-938ee105cacd/datanode-2/data/ratis/17730288-1631-46b9-a403-e25b0ddaaca5 does not exist. Creating ...
2019-06-15 14:10:53,322 INFO  server.RaftServerConfigKeys (ConfUtils.java:logGet(43)) - raft.server.rpc.timeout.min = 1s (custom)
2019-06-15 14:10:53,323 INFO  server.RaftServerConfigKeys (ConfUtils.java:logGet(43)) - raft.server.rpc.timeout.max = 1200ms (custom)
2019-06-15 14:10:53,323 INFO  storage.RaftStorage (RaftStorage.java:format(75)) - Storage directory /opt/src/hadoop-ozone/integration-test/target/test-dir/MiniOzoneClusterImpl-149107bc-51df-4001-9ad5-938ee105cacd/datanode-1/data/ratis/17730288-1631-46b9-a403-e25b0ddaaca5 has been successfully formatted.
2019-06-15 14:10:53,323 INFO  server.RaftServerConfigKeys (ConfUtils.java:logGet(43)) - raft.server.rpcslowness.timeout = 120s (custom)
2019-06-15 14:10:53,323 INFO  server.RaftServerConfigKeys (ConfUtils.java:logGet(43)) - raft.server.log.appender.install.snapshot.enabled = true (default)
2019-06-15 14:10:53,323 INFO  impl.RaftServerImpl (ServerState.java:<init>(101)) - e068667e-1dce-444c-b1a2-fffed6f13eef:group-E25B0DDAACA5 ConfigurationManager, init=-1: [e068667e-1dce-444c-b1a2-fffed6f13eef:192.168.19.23:37579, 1e149e73-53e7-4319-9e27-12160a26c83e:192.168.19.23:38341, 231847dc-e78a-4b48-8e03-44872a69ae9d:192.168.19.23:46679], old=null, confs=<EMPTY_MAP>
2019-06-15 14:10:53,323 INFO  server.RaftServerConfigKeys (ConfUtils.java:logGet(43)) - raft.server.storage.dir = [/opt/src/hadoop-ozone/integration-test/target/test-dir/MiniOzoneClusterImpl-149107bc-51df-4001-9ad5-938ee105cacd/datanode-3/data/ratis] (custom)
2019-06-15 14:10:53,323 INFO  ratis.ContainerStateMachine (ContainerStateMachine.java:loadSnapshot(199)) - The snapshot info is null.Setting the last applied index to:(t:0, i:~)
2019-06-15 14:10:53,324 INFO  server.RaftServerConfigKeys (ConfUtils.java:logGet(43)) - raft.server.leader.election.timeout = 120s (custom)
2019-06-15 14:10:53,324 INFO  server.RaftServerConfigKeys (ConfUtils.java:logGet(43)) - raft.server.log.use.memory = false (default)
2019-06-15 14:10:53,324 INFO  server.RaftServerConfigKeys (ConfUtils.java:logGet(43)) - raft.server.log.appender.buffer.byte-limit = 33554432 (custom)
2019-06-15 14:10:53,324 INFO  storage.RaftStorageDirectory (RaftStorageDirectory.java:analyzeStorage(246)) - The storage directory /opt/src/hadoop-ozone/integration-test/target/test-dir/MiniOzoneClusterImpl-149107bc-51df-4001-9ad5-938ee105cacd/datanode-3/data/ratis/17730288-1631-46b9-a403-e25b0ddaaca5 does not exist. Creating ...
2019-06-15 14:10:53,324 INFO  server.RaftServerConfigKeys (ConfUtils.java:logGet(43)) - raft.server.log.segment.size.max = 16384 (custom)
2019-06-15 14:10:53,324 INFO  server.RaftServerConfigKeys (ConfUtils.java:logGet(43)) - raft.server.log.segment.cache.num.max = 2 (custom)
2019-06-15 14:10:53,324 INFO  storage.RaftStorageDirectory (RaftStorageDirectory.java:tryLock(328)) - Lock on /opt/src/hadoop-ozone/integration-test/target/test-dir/MiniOzoneClusterImpl-149107bc-51df-4001-9ad5-938ee105cacd/datanode-2/data/ratis/17730288-1631-46b9-a403-e25b0ddaaca5/in_use.lock acquired by nodename 19235@ozone-unit-076618677d3-hs227-2779846674
2019-06-15 14:10:53,324 INFO  storage.RaftLogWorker (RaftLogWorker.java:<init>(123)) - new 231847dc-e78a-4b48-8e03-44872a69ae9d-RaftLogWorker for Storage Directory /opt/src/hadoop-ozone/integration-test/target/test-dir/MiniOzoneClusterImpl-149107bc-51df-4001-9ad5-938ee105cacd/datanode-1/data/ratis/17730288-1631-46b9-a403-e25b0ddaaca5
2019-06-15 14:10:53,324 INFO  server.RaftServerConfigKeys (ConfUtils.java:logGet(43)) - raft.server.log.queue.byte-limit = 2147483647 (custom)
2019-06-15 14:10:53,325 INFO  server.RaftServerConfigKeys (ConfUtils.java:logGet(43)) - raft.server.log.queue.element-limit = 1024 (custom)
2019-06-15 14:10:53,325 INFO  server.RaftServerConfigKeys (ConfUtils.java:logGet(43)) - raft.server.log.segment.size.max = 16384 (custom)
2019-06-15 14:10:53,325 INFO  server.RaftServerConfigKeys (ConfUtils.java:logGet(43)) - raft.server.log.preallocated.size = 16384 (custom)
2019-06-15 14:10:53,325 INFO  server.RaftServerConfigKeys (ConfUtils.java:logGet(43)) - raft.server.log.write.buffer.size = 33554432 (custom)
2019-06-15 14:10:53,325 INFO  server.RaftServerConfigKeys (ConfUtils.java:logGet(43)) - raft.server.log.force.sync.num = 128 (default)
2019-06-15 14:10:53,325 INFO  server.RaftServerConfigKeys (ConfUtils.java:logGet(43)) - raft.server.log.statemachine.data.sync = true (default)
2019-06-15 14:10:53,325 INFO  server.RaftServerConfigKeys (ConfUtils.java:logGet(43)) - raft.server.log.statemachine.data.sync.timeout = 10s (default)
2019-06-15 14:10:53,325 INFO  server.RaftServerConfigKeys (ConfUtils.java:logGet(43)) - raft.server.log.statemachine.data.sync.timeout.retry = -1 (default)
2019-06-15 14:10:53,325 INFO  server.RaftServerConfigKeys (ConfUtils.java:logGet(43)) - raft.server.log.statemachine.data.caching.enabled = true (custom)
2019-06-15 14:10:53,326 INFO  server.RaftServerConfigKeys (ConfUtils.java:logGet(43)) - raft.server.snapshot.auto.trigger.enabled = true (custom)
2019-06-15 14:10:53,326 INFO  server.RaftServerConfigKeys (ConfUtils.java:logGet(43)) - raft.server.snapshot.auto.trigger.threshold = 10000 (custom)
2019-06-15 14:10:53,326 INFO  server.RaftServerConfigKeys (ConfUtils.java:logGet(43)) - raft.server.retrycache.expirytime = 600000ms (custom)
2019-06-15 14:10:53,326 INFO  impl.RaftServerImpl (RaftServerImpl.java:start(173)) - 231847dc-e78a-4b48-8e03-44872a69ae9d: start group-E25B0DDAACA5
2019-06-15 14:10:53,326 INFO  storage.RaftStorageDirectory (RaftStorageDirectory.java:tryLock(328)) - Lock on /opt/src/hadoop-ozone/integration-test/target/test-dir/MiniOzoneClusterImpl-149107bc-51df-4001-9ad5-938ee105cacd/datanode-3/data/ratis/17730288-1631-46b9-a403-e25b0ddaaca5/in_use.lock acquired by nodename 19235@ozone-unit-076618677d3-hs227-2779846674
2019-06-15 14:10:53,326 INFO  impl.RaftServerImpl (RaftServerImpl.java:setRole(164)) - 231847dc-e78a-4b48-8e03-44872a69ae9d:group-E25B0DDAACA5 changes role from null to FOLLOWER at term 0 for startAsFollower
2019-06-15 14:10:53,326 INFO  impl.RoleInfo (RoleInfo.java:updateAndGet(143)) - 231847dc-e78a-4b48-8e03-44872a69ae9d: start FollowerState
2019-06-15 14:10:53,326 INFO  util.JmxRegister (JmxRegister.java:tryRegister(44)) - Successfully registered JMX Bean with object name Ratis:service=RaftServer,group=group-E25B0DDAACA5,id=231847dc-e78a-4b48-8e03-44872a69ae9d
2019-06-15 14:10:53,327 INFO  storage.RaftStorage (RaftStorage.java:format(75)) - Storage directory /opt/src/hadoop-ozone/integration-test/target/test-dir/MiniOzoneClusterImpl-149107bc-51df-4001-9ad5-938ee105cacd/datanode-2/data/ratis/17730288-1631-46b9-a403-e25b0ddaaca5 has been successfully formatted.
2019-06-15 14:10:53,327 INFO  ratis.ContainerStateMachine (ContainerStateMachine.java:loadSnapshot(199)) - The snapshot info is null.Setting the last applied index to:(t:0, i:~)
2019-06-15 14:10:53,327 INFO  server.RaftServerConfigKeys (ConfUtils.java:logGet(43)) - raft.server.leader.election.timeout = 120s (custom)
2019-06-15 14:10:53,328 INFO  server.RaftServerConfigKeys (ConfUtils.java:logGet(43)) - raft.server.log.use.memory = false (default)
2019-06-15 14:10:53,328 INFO  server.RaftServerConfigKeys (ConfUtils.java:logGet(43)) - raft.server.log.appender.buffer.byte-limit = 33554432 (custom)
2019-06-15 14:10:53,328 INFO  server.RaftServerConfigKeys (ConfUtils.java:logGet(43)) - raft.server.log.segment.size.max = 16384 (custom)
2019-06-15 14:10:53,328 INFO  server.RaftServerConfigKeys (ConfUtils.java:logGet(43)) - raft.server.log.segment.cache.num.max = 2 (custom)
2019-06-15 14:10:53,329 INFO  storage.RaftStorage (RaftStorage.java:format(75)) - Storage directory /opt/src/hadoop-ozone/integration-test/target/test-dir/MiniOzoneClusterImpl-149107bc-51df-4001-9ad5-938ee105cacd/datanode-3/data/ratis/17730288-1631-46b9-a403-e25b0ddaaca5 has been successfully formatted.
2019-06-15 14:10:53,329 INFO  storage.RaftLogWorker (RaftLogWorker.java:<init>(123)) - new 1e149e73-53e7-4319-9e27-12160a26c83e-RaftLogWorker for Storage Directory /opt/src/hadoop-ozone/integration-test/target/test-dir/MiniOzoneClusterImpl-149107bc-51df-4001-9ad5-938ee105cacd/datanode-2/data/ratis/17730288-1631-46b9-a403-e25b0ddaaca5
2019-06-15 14:10:53,330 INFO  server.RaftServerConfigKeys (ConfUtils.java:logGet(43)) - raft.server.log.queue.byte-limit = 2147483647 (custom)
2019-06-15 14:10:53,330 INFO  server.RaftServerConfigKeys (ConfUtils.java:logGet(43)) - raft.server.log.queue.element-limit = 1024 (custom)
2019-06-15 14:10:53,331 INFO  server.RaftServerConfigKeys (ConfUtils.java:logGet(43)) - raft.server.log.segment.size.max = 16384 (custom)
2019-06-15 14:10:53,331 INFO  server.RaftServerConfigKeys (ConfUtils.java:logGet(43)) - raft.server.log.preallocated.size = 16384 (custom)
2019-06-15 14:10:53,331 INFO  server.RaftServerConfigKeys (ConfUtils.java:logGet(43)) - raft.server.log.write.buffer.size = 33554432 (custom)
2019-06-15 14:10:53,331 INFO  server.RaftServerConfigKeys (ConfUtils.java:logGet(43)) - raft.server.log.force.sync.num = 128 (default)
2019-06-15 14:10:53,331 INFO  server.RaftServerConfigKeys (ConfUtils.java:logGet(43)) - raft.server.log.statemachine.data.sync = true (default)
2019-06-15 14:10:53,331 INFO  server.RaftServerConfigKeys (ConfUtils.java:logGet(43)) - raft.server.log.statemachine.data.sync.timeout = 10s (default)
2019-06-15 14:10:53,331 INFO  server.RaftServerConfigKeys (ConfUtils.java:logGet(43)) - raft.server.log.statemachine.data.sync.timeout.retry = -1 (default)
2019-06-15 14:10:53,331 INFO  server.RaftServerConfigKeys (ConfUtils.java:logGet(43)) - raft.server.log.statemachine.data.caching.enabled = true (custom)
2019-06-15 14:10:53,333 INFO  ratis.ContainerStateMachine (ContainerStateMachine.java:loadSnapshot(199)) - The snapshot info is null.Setting the last applied index to:(t:0, i:~)
2019-06-15 14:10:53,335 INFO  server.RaftServerConfigKeys (ConfUtils.java:logGet(43)) - raft.server.leader.election.timeout = 120s (custom)
2019-06-15 14:10:53,335 INFO  server.RaftServerConfigKeys (ConfUtils.java:logGet(43)) - raft.server.log.use.memory = false (default)
2019-06-15 14:10:53,335 INFO  server.RaftServerConfigKeys (ConfUtils.java:logGet(43)) - raft.server.log.appender.buffer.byte-limit = 33554432 (custom)
2019-06-15 14:10:53,335 INFO  server.RaftServerConfigKeys (ConfUtils.java:logGet(43)) - raft.server.log.segment.size.max = 16384 (custom)
2019-06-15 14:10:53,333 INFO  server.RaftServerConfigKeys (ConfUtils.java:logGet(43)) - raft.server.snapshot.auto.trigger.enabled = true (custom)
2019-06-15 14:10:53,335 INFO  server.RaftServerConfigKeys (ConfUtils.java:logGet(43)) - raft.server.log.segment.cache.num.max = 2 (custom)
2019-06-15 14:10:53,336 INFO  storage.RaftLogWorker (RaftLogWorker.java:<init>(123)) - new e068667e-1dce-444c-b1a2-fffed6f13eef-RaftLogWorker for Storage Directory /opt/src/hadoop-ozone/integration-test/target/test-dir/MiniOzoneClusterImpl-149107bc-51df-4001-9ad5-938ee105cacd/datanode-3/data/ratis/17730288-1631-46b9-a403-e25b0ddaaca5
2019-06-15 14:10:53,336 INFO  server.RaftServerConfigKeys (ConfUtils.java:logGet(43)) - raft.server.log.queue.byte-limit = 2147483647 (custom)
2019-06-15 14:10:53,336 INFO  server.RaftServerConfigKeys (ConfUtils.java:logGet(43)) - raft.server.log.queue.element-limit = 1024 (custom)
2019-06-15 14:10:53,336 INFO  server.RaftServerConfigKeys (ConfUtils.java:logGet(43)) - raft.server.log.segment.size.max = 16384 (custom)
2019-06-15 14:10:53,336 INFO  server.RaftServerConfigKeys (ConfUtils.java:logGet(43)) - raft.server.log.preallocated.size = 16384 (custom)
2019-06-15 14:10:53,336 INFO  server.RaftServerConfigKeys (ConfUtils.java:logGet(43)) - raft.server.log.write.buffer.size = 33554432 (custom)
2019-06-15 14:10:53,336 INFO  server.RaftServerConfigKeys (ConfUtils.java:logGet(43)) - raft.server.log.force.sync.num = 128 (default)
2019-06-15 14:10:53,337 INFO  server.RaftServerConfigKeys (ConfUtils.java:logGet(43)) - raft.server.log.statemachine.data.sync = true (default)
2019-06-15 14:10:53,337 INFO  server.RaftServerConfigKeys (ConfUtils.java:logGet(43)) - raft.server.log.statemachine.data.sync.timeout = 10s (default)
2019-06-15 14:10:53,337 INFO  server.RaftServerConfigKeys (ConfUtils.java:logGet(43)) - raft.server.log.statemachine.data.sync.timeout.retry = -1 (default)
2019-06-15 14:10:53,337 INFO  server.RaftServerConfigKeys (ConfUtils.java:logGet(43)) - raft.server.log.statemachine.data.caching.enabled = true (custom)
2019-06-15 14:10:53,336 INFO  server.RaftServerConfigKeys (ConfUtils.java:logGet(43)) - raft.server.snapshot.auto.trigger.threshold = 10000 (custom)
2019-06-15 14:10:53,341 INFO  server.RaftServerConfigKeys (ConfUtils.java:logGet(43)) - raft.server.snapshot.auto.trigger.enabled = true (custom)
2019-06-15 14:10:53,341 INFO  server.RaftServerConfigKeys (ConfUtils.java:logGet(43)) - raft.server.retrycache.expirytime = 600000ms (custom)
2019-06-15 14:10:53,343 INFO  impl.RaftServerImpl (RaftServerImpl.java:start(173)) - 1e149e73-53e7-4319-9e27-12160a26c83e: start group-E25B0DDAACA5
2019-06-15 14:10:53,343 INFO  impl.RaftServerImpl (RaftServerImpl.java:setRole(164)) - 1e149e73-53e7-4319-9e27-12160a26c83e:group-E25B0DDAACA5 changes role from null to FOLLOWER at term 0 for startAsFollower
2019-06-15 14:10:53,341 INFO  server.RaftServerConfigKeys (ConfUtils.java:logGet(43)) - raft.server.snapshot.auto.trigger.threshold = 10000 (custom)
2019-06-15 14:10:53,344 INFO  server.RaftServerConfigKeys (ConfUtils.java:logGet(43)) - raft.server.retrycache.expirytime = 600000ms (custom)
2019-06-15 14:10:53,344 INFO  impl.RaftServerImpl (RaftServerImpl.java:start(173)) - e068667e-1dce-444c-b1a2-fffed6f13eef: start group-E25B0DDAACA5
2019-06-15 14:10:53,344 INFO  impl.RoleInfo (RoleInfo.java:updateAndGet(143)) - 1e149e73-53e7-4319-9e27-12160a26c83e: start FollowerState
2019-06-15 14:10:53,344 INFO  impl.RaftServerImpl (RaftServerImpl.java:setRole(164)) - e068667e-1dce-444c-b1a2-fffed6f13eef:group-E25B0DDAACA5 changes role from null to FOLLOWER at term 0 for startAsFollower
2019-06-15 14:10:53,344 INFO  impl.RoleInfo (RoleInfo.java:updateAndGet(143)) - e068667e-1dce-444c-b1a2-fffed6f13eef: start FollowerState
2019-06-15 14:10:53,345 INFO  util.JmxRegister (JmxRegister.java:tryRegister(44)) - Successfully registered JMX Bean with object name Ratis:service=RaftServer,group=group-E25B0DDAACA5,id=1e149e73-53e7-4319-9e27-12160a26c83e
2019-06-15 14:10:53,345 INFO  util.JmxRegister (JmxRegister.java:tryRegister(44)) - Successfully registered JMX Bean with object name Ratis:service=RaftServer,group=group-E25B0DDAACA5,id=e068667e-1dce-444c-b1a2-fffed6f13eef
2019-06-15 14:10:53,358 INFO  pipeline.PipelineStateManager (PipelineStateManager.java:addPipeline(56)) - Created pipeline Pipeline[ Id: 17730288-1631-46b9-a403-e25b0ddaaca5, Nodes: 1e149e73-53e7-4319-9e27-12160a26c83e{ip: 192.168.19.23, host: ozone-unit-076618677d3-hs227-2779846674, networkLocation: /default-rack, certSerialId: null}231847dc-e78a-4b48-8e03-44872a69ae9d{ip: 192.168.19.23, host: ozone-unit-076618677d3-hs227-2779846674, networkLocation: /default-rack, certSerialId: null}e068667e-1dce-444c-b1a2-fffed6f13eef{ip: 192.168.19.23, host: ozone-unit-076618677d3-hs227-2779846674, networkLocation: /default-rack, certSerialId: null}, Type:RATIS, Factor:THREE, State:OPEN]
2019-06-15 14:10:53,421 INFO  node.SCMNodeManager (SCMNodeManager.java:register(269)) - Registered Data node : 31c47902-e24f-46cb-8adb-60efff8d69eb{ip: 192.168.19.23, host: ozone-unit-076618677d3-hs227-2779846674, networkLocation: /default-rack, certSerialId: null}
2019-06-15 14:10:53,434 INFO  impl.RaftServerProxy (RaftServerProxy.java:addNew(89)) - 31c47902-e24f-46cb-8adb-60efff8d69eb: addNew group-49E1A5FAB014:[31c47902-e24f-46cb-8adb-60efff8d69eb:192.168.19.23:43803] returns group-49E1A5FAB014:java.util.concurrent.CompletableFuture@3e93fec9[Not completed]
2019-06-15 14:10:53,435 INFO  impl.RaftServerImpl (RaftServerImpl.java:<init>(91)) - 31c47902-e24f-46cb-8adb-60efff8d69eb: new RaftServerImpl for group-49E1A5FAB014:[31c47902-e24f-46cb-8adb-60efff8d69eb:192.168.19.23:43803] with ContainerStateMachine:uninitialized
2019-06-15 14:10:53,438 INFO  server.RaftServerConfigKeys (ConfUtils.java:logGet(43)) - raft.server.rpc.timeout.min = 1s (custom)
2019-06-15 14:10:53,439 INFO  server.RaftServerConfigKeys (ConfUtils.java:logGet(43)) - raft.server.rpc.timeout.max = 1200ms (custom)
2019-06-15 14:10:53,439 INFO  server.RaftServerConfigKeys (ConfUtils.java:logGet(43)) - raft.server.rpcslowness.timeout = 120s (custom)
2019-06-15 14:10:53,439 INFO  server.RaftServerConfigKeys (ConfUtils.java:logGet(43)) - raft.server.log.appender.install.snapshot.enabled = true (default)
2019-06-15 14:10:53,439 INFO  impl.RaftServerImpl (ServerState.java:<init>(101)) - 31c47902-e24f-46cb-8adb-60efff8d69eb:group-49E1A5FAB014 ConfigurationManager, init=-1: [31c47902-e24f-46cb-8adb-60efff8d69eb:192.168.19.23:43803], old=null, confs=<EMPTY_MAP>
2019-06-15 14:10:53,439 INFO  server.RaftServerConfigKeys (ConfUtils.java:logGet(43)) - raft.server.storage.dir = [/opt/src/hadoop-ozone/integration-test/target/test-dir/MiniOzoneClusterImpl-149107bc-51df-4001-9ad5-938ee105cacd/datanode-5/data/ratis] (custom)
2019-06-15 14:10:53,439 INFO  storage.RaftStorageDirectory (RaftStorageDirectory.java:analyzeStorage(246)) - The storage directory /opt/src/hadoop-ozone/integration-test/target/test-dir/MiniOzoneClusterImpl-149107bc-51df-4001-9ad5-938ee105cacd/datanode-5/data/ratis/1c8596fe-d4f5-4930-8e9a-49e1a5fab014 does not exist. Creating ...
2019-06-15 14:10:53,441 INFO  storage.RaftStorageDirectory (RaftStorageDirectory.java:tryLock(328)) - Lock on /opt/src/hadoop-ozone/integration-test/target/test-dir/MiniOzoneClusterImpl-149107bc-51df-4001-9ad5-938ee105cacd/datanode-5/data/ratis/1c8596fe-d4f5-4930-8e9a-49e1a5fab014/in_use.lock acquired by nodename 19235@ozone-unit-076618677d3-hs227-2779846674
2019-06-15 14:10:53,443 INFO  storage.RaftStorage (RaftStorage.java:format(75)) - Storage directory /opt/src/hadoop-ozone/integration-test/target/test-dir/MiniOzoneClusterImpl-149107bc-51df-4001-9ad5-938ee105cacd/datanode-5/data/ratis/1c8596fe-d4f5-4930-8e9a-49e1a5fab014 has been successfully formatted.
2019-06-15 14:10:53,444 INFO  ratis.ContainerStateMachine (ContainerStateMachine.java:loadSnapshot(199)) - The snapshot info is null.Setting the last applied index to:(t:0, i:~)
2019-06-15 14:10:53,444 INFO  server.RaftServerConfigKeys (ConfUtils.java:logGet(43)) - raft.server.leader.election.timeout = 120s (custom)
2019-06-15 14:10:53,444 INFO  server.RaftServerConfigKeys (ConfUtils.java:logGet(43)) - raft.server.log.use.memory = false (default)
2019-06-15 14:10:53,444 INFO  server.RaftServerConfigKeys (ConfUtils.java:logGet(43)) - raft.server.log.appender.buffer.byte-limit = 33554432 (custom)
2019-06-15 14:10:53,444 INFO  server.RaftServerConfigKeys (ConfUtils.java:logGet(43)) - raft.server.log.segment.size.max = 16384 (custom)
2019-06-15 14:10:53,444 INFO  server.RaftServerConfigKeys (ConfUtils.java:logGet(43)) - raft.server.log.segment.cache.num.max = 2 (custom)
2019-06-15 14:10:53,444 INFO  storage.RaftLogWorker (RaftLogWorker.java:<init>(123)) - new 31c47902-e24f-46cb-8adb-60efff8d69eb-RaftLogWorker for Storage Directory /opt/src/hadoop-ozone/integration-test/target/test-dir/MiniOzoneClusterImpl-149107bc-51df-4001-9ad5-938ee105cacd/datanode-5/data/ratis/1c8596fe-d4f5-4930-8e9a-49e1a5fab014
2019-06-15 14:10:53,444 INFO  server.RaftServerConfigKeys (ConfUtils.java:logGet(43)) - raft.server.log.queue.byte-limit = 2147483647 (custom)
2019-06-15 14:10:53,444 INFO  server.RaftServerConfigKeys (ConfUtils.java:logGet(43)) - raft.server.log.queue.element-limit = 1024 (custom)
2019-06-15 14:10:53,444 INFO  server.RaftServerConfigKeys (ConfUtils.java:logGet(43)) - raft.server.log.segment.size.max = 16384 (custom)
2019-06-15 14:10:53,444 INFO  server.RaftServerConfigKeys (ConfUtils.java:logGet(43)) - raft.server.log.preallocated.size = 16384 (custom)
2019-06-15 14:10:53,444 INFO  server.RaftServerConfigKeys (ConfUtils.java:logGet(43)) - raft.server.log.write.buffer.size = 33554432 (custom)
2019-06-15 14:10:53,444 INFO  server.RaftServerConfigKeys (ConfUtils.java:logGet(43)) - raft.server.log.force.sync.num = 128 (default)
2019-06-15 14:10:53,445 INFO  server.RaftServerConfigKeys (ConfUtils.java:logGet(43)) - raft.server.log.statemachine.data.sync = true (default)
2019-06-15 14:10:53,445 INFO  server.RaftServerConfigKeys (ConfUtils.java:logGet(43)) - raft.server.log.statemachine.data.sync.timeout = 10s (default)
2019-06-15 14:10:53,445 INFO  server.RaftServerConfigKeys (ConfUtils.java:logGet(43)) - raft.server.log.statemachine.data.sync.timeout.retry = -1 (default)
2019-06-15 14:10:53,445 INFO  server.RaftServerConfigKeys (ConfUtils.java:logGet(43)) - raft.server.log.statemachine.data.caching.enabled = true (custom)
2019-06-15 14:10:53,445 INFO  server.RaftServerConfigKeys (ConfUtils.java:logGet(43)) - raft.server.snapshot.auto.trigger.enabled = true (custom)
2019-06-15 14:10:53,445 INFO  server.RaftServerConfigKeys (ConfUtils.java:logGet(43)) - raft.server.snapshot.auto.trigger.threshold = 10000 (custom)
2019-06-15 14:10:53,445 INFO  server.RaftServerConfigKeys (ConfUtils.java:logGet(43)) - raft.server.retrycache.expirytime = 600000ms (custom)
2019-06-15 14:10:53,446 INFO  impl.RaftServerImpl (RaftServerImpl.java:start(173)) - 31c47902-e24f-46cb-8adb-60efff8d69eb: start group-49E1A5FAB014
2019-06-15 14:10:53,446 INFO  impl.RaftServerImpl (RaftServerImpl.java:setRole(164)) - 31c47902-e24f-46cb-8adb-60efff8d69eb:group-49E1A5FAB014 changes role from null to FOLLOWER at term 0 for startAsFollower
2019-06-15 14:10:53,446 INFO  impl.RoleInfo (RoleInfo.java:updateAndGet(143)) - 31c47902-e24f-46cb-8adb-60efff8d69eb: start FollowerState
2019-06-15 14:10:53,446 INFO  util.JmxRegister (JmxRegister.java:tryRegister(44)) - Successfully registered JMX Bean with object name Ratis:service=RaftServer,group=group-49E1A5FAB014,id=31c47902-e24f-46cb-8adb-60efff8d69eb
2019-06-15 14:10:53,453 INFO  pipeline.PipelineStateManager (PipelineStateManager.java:addPipeline(56)) - Created pipeline Pipeline[ Id: 1c8596fe-d4f5-4930-8e9a-49e1a5fab014, Nodes: 31c47902-e24f-46cb-8adb-60efff8d69eb{ip: 192.168.19.23, host: ozone-unit-076618677d3-hs227-2779846674, networkLocation: /default-rack, certSerialId: null}, Type:RATIS, Factor:ONE, State:OPEN]
2019-06-15 14:10:53,468 INFO  impl.RaftServerProxy (RaftServerProxy.java:addNew(89)) - 31c47902-e24f-46cb-8adb-60efff8d69eb: addNew group-7C51BB60225E:[31c47902-e24f-46cb-8adb-60efff8d69eb:192.168.19.23:43803, 03fce918-d0a7-4cd9-a665-be2ded7ac46f:192.168.19.23:33803, 763e4a11-08e2-4549-a8dc-173862531bf4:192.168.19.23:40839] returns group-7C51BB60225E:java.util.concurrent.CompletableFuture@4899a5a[Not completed]
2019-06-15 14:10:53,468 INFO  impl.RaftServerProxy (RaftServerProxy.java:addNew(89)) - 763e4a11-08e2-4549-a8dc-173862531bf4: addNew group-7C51BB60225E:[31c47902-e24f-46cb-8adb-60efff8d69eb:192.168.19.23:43803, 03fce918-d0a7-4cd9-a665-be2ded7ac46f:192.168.19.23:33803, 763e4a11-08e2-4549-a8dc-173862531bf4:192.168.19.23:40839] returns group-7C51BB60225E:java.util.concurrent.CompletableFuture@7ca15ac[Not completed]
2019-06-15 14:10:53,469 INFO  impl.RaftServerProxy (RaftServerProxy.java:addNew(89)) - 03fce918-d0a7-4cd9-a665-be2ded7ac46f: addNew group-7C51BB60225E:[31c47902-e24f-46cb-8adb-60efff8d69eb:192.168.19.23:43803, 03fce918-d0a7-4cd9-a665-be2ded7ac46f:192.168.19.23:33803, 763e4a11-08e2-4549-a8dc-173862531bf4:192.168.19.23:40839] returns group-7C51BB60225E:java.util.concurrent.CompletableFuture@34454d40[Not completed]
2019-06-15 14:10:53,469 INFO  impl.RaftServerImpl (RaftServerImpl.java:<init>(91)) - 763e4a11-08e2-4549-a8dc-173862531bf4: new RaftServerImpl for group-7C51BB60225E:[31c47902-e24f-46cb-8adb-60efff8d69eb:192.168.19.23:43803, 03fce918-d0a7-4cd9-a665-be2ded7ac46f:192.168.19.23:33803, 763e4a11-08e2-4549-a8dc-173862531bf4:192.168.19.23:40839] with ContainerStateMachine:uninitialized
2019-06-15 14:10:53,469 INFO  server.RaftServerConfigKeys (ConfUtils.java:logGet(43)) - raft.server.rpc.timeout.min = 1s (custom)
2019-06-15 14:10:53,469 INFO  server.RaftServerConfigKeys (ConfUtils.java:logGet(43)) - raft.server.rpc.timeout.max = 1200ms (custom)
2019-06-15 14:10:53,469 INFO  server.RaftServerConfigKeys (ConfUtils.java:logGet(43)) - raft.server.rpcslowness.timeout = 120s (custom)
2019-06-15 14:10:53,469 INFO  impl.RaftServerImpl (RaftServerImpl.java:<init>(91)) - 03fce918-d0a7-4cd9-a665-be2ded7ac46f: new RaftServerImpl for group-7C51BB60225E:[31c47902-e24f-46cb-8adb-60efff8d69eb:192.168.19.23:43803, 03fce918-d0a7-4cd9-a665-be2ded7ac46f:192.168.19.23:33803, 763e4a11-08e2-4549-a8dc-173862531bf4:192.168.19.23:40839] with ContainerStateMachine:uninitialized
2019-06-15 14:10:53,469 INFO  server.RaftServerConfigKeys (ConfUtils.java:logGet(43)) - raft.server.rpc.timeout.min = 1s (custom)
2019-06-15 14:10:53,470 INFO  server.RaftServerConfigKeys (ConfUtils.java:logGet(43)) - raft.server.rpc.timeout.max = 1200ms (custom)
2019-06-15 14:10:53,470 INFO  server.RaftServerConfigKeys (ConfUtils.java:logGet(43)) - raft.server.rpcslowness.timeout = 120s (custom)
2019-06-15 14:10:53,470 INFO  server.RaftServerConfigKeys (ConfUtils.java:logGet(43)) - raft.server.log.appender.install.snapshot.enabled = true (default)
2019-06-15 14:10:53,470 INFO  impl.RaftServerImpl (ServerState.java:<init>(101)) - 03fce918-d0a7-4cd9-a665-be2ded7ac46f:group-7C51BB60225E ConfigurationManager, init=-1: [31c47902-e24f-46cb-8adb-60efff8d69eb:192.168.19.23:43803, 03fce918-d0a7-4cd9-a665-be2ded7ac46f:192.168.19.23:33803, 763e4a11-08e2-4549-a8dc-173862531bf4:192.168.19.23:40839], old=null, confs=<EMPTY_MAP>
2019-06-15 14:10:53,470 INFO  impl.RaftServerImpl (RaftServerImpl.java:<init>(91)) - 31c47902-e24f-46cb-8adb-60efff8d69eb: new RaftServerImpl for group-7C51BB60225E:[31c47902-e24f-46cb-8adb-60efff8d69eb:192.168.19.23:43803, 03fce918-d0a7-4cd9-a665-be2ded7ac46f:192.168.19.23:33803, 763e4a11-08e2-4549-a8dc-173862531bf4:192.168.19.23:40839] with ContainerStateMachine:uninitialized
2019-06-15 14:10:53,470 INFO  server.RaftServerConfigKeys (ConfUtils.java:logGet(43)) - raft.server.storage.dir = [/opt/src/hadoop-ozone/integration-test/target/test-dir/MiniOzoneClusterImpl-149107bc-51df-4001-9ad5-938ee105cacd/datanode-0/data/ratis] (custom)
2019-06-15 14:10:53,470 INFO  storage.RaftStorageDirectory (RaftStorageDirectory.java:analyzeStorage(246)) - The storage directory /opt/src/hadoop-ozone/integration-test/target/test-dir/MiniOzoneClusterImpl-149107bc-51df-4001-9ad5-938ee105cacd/datanode-0/data/ratis/6a346ab4-14ba-49fb-b733-7c51bb60225e does not exist. Creating ...
2019-06-15 14:10:53,469 INFO  server.RaftServerConfigKeys (ConfUtils.java:logGet(43)) - raft.server.log.appender.install.snapshot.enabled = true (default)
2019-06-15 14:10:53,470 INFO  server.RaftServerConfigKeys (ConfUtils.java:logGet(43)) - raft.server.rpc.timeout.min = 1s (custom)
2019-06-15 14:10:53,471 INFO  impl.RaftServerImpl (ServerState.java:<init>(101)) - 763e4a11-08e2-4549-a8dc-173862531bf4:group-7C51BB60225E ConfigurationManager, init=-1: [31c47902-e24f-46cb-8adb-60efff8d69eb:192.168.19.23:43803, 03fce918-d0a7-4cd9-a665-be2ded7ac46f:192.168.19.23:33803, 763e4a11-08e2-4549-a8dc-173862531bf4:192.168.19.23:40839], old=null, confs=<EMPTY_MAP>
2019-06-15 14:10:53,471 INFO  server.RaftServerConfigKeys (ConfUtils.java:logGet(43)) - raft.server.rpc.timeout.max = 1200ms (custom)
2019-06-15 14:10:53,471 INFO  server.RaftServerConfigKeys (ConfUtils.java:logGet(43)) - raft.server.storage.dir = [/opt/src/hadoop-ozone/integration-test/target/test-dir/MiniOzoneClusterImpl-149107bc-51df-4001-9ad5-938ee105cacd/datanode-4/data/ratis] (custom)
2019-06-15 14:10:53,471 INFO  server.RaftServerConfigKeys (ConfUtils.java:logGet(43)) - raft.server.rpcslowness.timeout = 120s (custom)
2019-06-15 14:10:53,471 INFO  server.RaftServerConfigKeys (ConfUtils.java:logGet(43)) - raft.server.log.appender.install.snapshot.enabled = true (default)
2019-06-15 14:10:53,471 INFO  storage.RaftStorageDirectory (RaftStorageDirectory.java:analyzeStorage(246)) - The storage directory /opt/src/hadoop-ozone/integration-test/target/test-dir/MiniOzoneClusterImpl-149107bc-51df-4001-9ad5-938ee105cacd/datanode-4/data/ratis/6a346ab4-14ba-49fb-b733-7c51bb60225e does not exist. Creating ...
2019-06-15 14:10:53,471 INFO  impl.RaftServerImpl (ServerState.java:<init>(101)) - 31c47902-e24f-46cb-8adb-60efff8d69eb:group-7C51BB60225E ConfigurationManager, init=-1: [31c47902-e24f-46cb-8adb-60efff8d69eb:192.168.19.23:43803, 03fce918-d0a7-4cd9-a665-be2ded7ac46f:192.168.19.23:33803, 763e4a11-08e2-4549-a8dc-173862531bf4:192.168.19.23:40839], old=null, confs=<EMPTY_MAP>
2019-06-15 14:10:53,471 INFO  server.RaftServerConfigKeys (ConfUtils.java:logGet(43)) - raft.server.storage.dir = [/opt/src/hadoop-ozone/integration-test/target/test-dir/MiniOzoneClusterImpl-149107bc-51df-4001-9ad5-938ee105cacd/datanode-5/data/ratis] (custom)
2019-06-15 14:10:53,472 INFO  storage.RaftStorageDirectory (RaftStorageDirectory.java:analyzeStorage(246)) - The storage directory /opt/src/hadoop-ozone/integration-test/target/test-dir/MiniOzoneClusterImpl-149107bc-51df-4001-9ad5-938ee105cacd/datanode-5/data/ratis/6a346ab4-14ba-49fb-b733-7c51bb60225e does not exist. Creating ...
2019-06-15 14:10:53,473 INFO  storage.RaftStorageDirectory (RaftStorageDirectory.java:tryLock(328)) - Lock on /opt/src/hadoop-ozone/integration-test/target/test-dir/MiniOzoneClusterImpl-149107bc-51df-4001-9ad5-938ee105cacd/datanode-0/data/ratis/6a346ab4-14ba-49fb-b733-7c51bb60225e/in_use.lock acquired by nodename 19235@ozone-unit-076618677d3-hs227-2779846674
2019-06-15 14:10:53,475 INFO  storage.RaftStorageDirectory (RaftStorageDirectory.java:tryLock(328)) - Lock on /opt/src/hadoop-ozone/integration-test/target/test-dir/MiniOzoneClusterImpl-149107bc-51df-4001-9ad5-938ee105cacd/datanode-5/data/ratis/6a346ab4-14ba-49fb-b733-7c51bb60225e/in_use.lock acquired by nodename 19235@ozone-unit-076618677d3-hs227-2779846674
2019-06-15 14:10:53,475 INFO  storage.RaftStorage (RaftStorage.java:format(75)) - Storage directory /opt/src/hadoop-ozone/integration-test/target/test-dir/MiniOzoneClusterImpl-149107bc-51df-4001-9ad5-938ee105cacd/datanode-0/data/ratis/6a346ab4-14ba-49fb-b733-7c51bb60225e has been successfully formatted.
2019-06-15 14:10:53,475 INFO  storage.RaftStorageDirectory (RaftStorageDirectory.java:tryLock(328)) - Lock on /opt/src/hadoop-ozone/integration-test/target/test-dir/MiniOzoneClusterImpl-149107bc-51df-4001-9ad5-938ee105cacd/datanode-4/data/ratis/6a346ab4-14ba-49fb-b733-7c51bb60225e/in_use.lock acquired by nodename 19235@ozone-unit-076618677d3-hs227-2779846674
2019-06-15 14:10:53,475 INFO  ratis.ContainerStateMachine (ContainerStateMachine.java:loadSnapshot(199)) - The snapshot info is null.Setting the last applied index to:(t:0, i:~)
2019-06-15 14:10:53,475 INFO  server.RaftServerConfigKeys (ConfUtils.java:logGet(43)) - raft.server.leader.election.timeout = 120s (custom)
2019-06-15 14:10:53,475 INFO  server.RaftServerConfigKeys (ConfUtils.java:logGet(43)) - raft.server.log.use.memory = false (default)
2019-06-15 14:10:53,475 INFO  server.RaftServerConfigKeys (ConfUtils.java:logGet(43)) - raft.server.log.appender.buffer.byte-limit = 33554432 (custom)
2019-06-15 14:10:53,475 INFO  server.RaftServerConfigKeys (ConfUtils.java:logGet(43)) - raft.server.log.segment.size.max = 16384 (custom)
2019-06-15 14:10:53,475 INFO  server.RaftServerConfigKeys (ConfUtils.java:logGet(43)) - raft.server.log.segment.cache.num.max = 2 (custom)
2019-06-15 14:10:53,475 INFO  storage.RaftLogWorker (RaftLogWorker.java:<init>(123)) - new 03fce918-d0a7-4cd9-a665-be2ded7ac46f-RaftLogWorker for Storage Directory /opt/src/hadoop-ozone/integration-test/target/test-dir/MiniOzoneClusterImpl-149107bc-51df-4001-9ad5-938ee105cacd/datanode-0/data/ratis/6a346ab4-14ba-49fb-b733-7c51bb60225e
2019-06-15 14:10:53,475 INFO  server.RaftServerConfigKeys (ConfUtils.java:logGet(43)) - raft.server.log.queue.byte-limit = 2147483647 (custom)
2019-06-15 14:10:53,476 INFO  server.RaftServerConfigKeys (ConfUtils.java:logGet(43)) - raft.server.log.queue.element-limit = 1024 (custom)
2019-06-15 14:10:53,476 INFO  server.RaftServerConfigKeys (ConfUtils.java:logGet(43)) - raft.server.log.segment.size.max = 16384 (custom)
2019-06-15 14:10:53,476 INFO  server.RaftServerConfigKeys (ConfUtils.java:logGet(43)) - raft.server.log.preallocated.size = 16384 (custom)
2019-06-15 14:10:53,476 INFO  server.RaftServerConfigKeys (ConfUtils.java:logGet(43)) - raft.server.log.write.buffer.size = 33554432 (custom)
2019-06-15 14:10:53,476 INFO  server.RaftServerConfigKeys (ConfUtils.java:logGet(43)) - raft.server.log.force.sync.num = 128 (default)
2019-06-15 14:10:53,476 INFO  server.RaftServerConfigKeys (ConfUtils.java:logGet(43)) - raft.server.log.statemachine.data.sync = true (default)
2019-06-15 14:10:53,476 INFO  server.RaftServerConfigKeys (ConfUtils.java:logGet(43)) - raft.server.log.statemachine.data.sync.timeout = 10s (default)
2019-06-15 14:10:53,476 INFO  server.RaftServerConfigKeys (ConfUtils.java:logGet(43)) - raft.server.log.statemachine.data.sync.timeout.retry = -1 (default)
2019-06-15 14:10:53,476 INFO  server.RaftServerConfigKeys (ConfUtils.java:logGet(43)) - raft.server.log.statemachine.data.caching.enabled = true (custom)
2019-06-15 14:10:53,477 INFO  server.RaftServerConfigKeys (ConfUtils.java:logGet(43)) - raft.server.snapshot.auto.trigger.enabled = true (custom)
2019-06-15 14:10:53,477 INFO  server.RaftServerConfigKeys (ConfUtils.java:logGet(43)) - raft.server.snapshot.auto.trigger.threshold = 10000 (custom)
2019-06-15 14:10:53,477 INFO  server.RaftServerConfigKeys (ConfUtils.java:logGet(43)) - raft.server.retrycache.expirytime = 600000ms (custom)
2019-06-15 14:10:53,477 INFO  impl.RaftServerImpl (RaftServerImpl.java:start(173)) - 03fce918-d0a7-4cd9-a665-be2ded7ac46f: start group-7C51BB60225E
2019-06-15 14:10:53,477 INFO  impl.RaftServerImpl (RaftServerImpl.java:setRole(164)) - 03fce918-d0a7-4cd9-a665-be2ded7ac46f:group-7C51BB60225E changes role from null to FOLLOWER at term 0 for startAsFollower
2019-06-15 14:10:53,477 INFO  impl.RoleInfo (RoleInfo.java:updateAndGet(143)) - 03fce918-d0a7-4cd9-a665-be2ded7ac46f: start FollowerState
2019-06-15 14:10:53,477 INFO  storage.RaftStorage (RaftStorage.java:format(75)) - Storage directory /opt/src/hadoop-ozone/integration-test/target/test-dir/MiniOzoneClusterImpl-149107bc-51df-4001-9ad5-938ee105cacd/datanode-5/data/ratis/6a346ab4-14ba-49fb-b733-7c51bb60225e has been successfully formatted.
2019-06-15 14:10:53,478 INFO  ratis.ContainerStateMachine (ContainerStateMachine.java:loadSnapshot(199)) - The snapshot info is null.Setting the last applied index to:(t:0, i:~)
2019-06-15 14:10:53,478 INFO  util.JmxRegister (JmxRegister.java:tryRegister(44)) - Successfully registered JMX Bean with object name Ratis:service=RaftServer,group=group-7C51BB60225E,id=03fce918-d0a7-4cd9-a665-be2ded7ac46f
2019-06-15 14:10:53,478 INFO  server.RaftServerConfigKeys (ConfUtils.java:logGet(43)) - raft.server.leader.election.timeout = 120s (custom)
2019-06-15 14:10:53,478 INFO  server.RaftServerConfigKeys (ConfUtils.java:logGet(43)) - raft.server.log.use.memory = false (default)
2019-06-15 14:10:53,478 INFO  server.RaftServerConfigKeys (ConfUtils.java:logGet(43)) - raft.server.log.appender.buffer.byte-limit = 33554432 (custom)
2019-06-15 14:10:53,478 INFO  server.RaftServerConfigKeys (ConfUtils.java:logGet(43)) - raft.server.log.segment.size.max = 16384 (custom)
2019-06-15 14:10:53,478 INFO  server.RaftServerConfigKeys (ConfUtils.java:logGet(43)) - raft.server.log.segment.cache.num.max = 2 (custom)
2019-06-15 14:10:53,479 INFO  storage.RaftLogWorker (RaftLogWorker.java:<init>(123)) - new 31c47902-e24f-46cb-8adb-60efff8d69eb-RaftLogWorker for Storage Directory /opt/src/hadoop-ozone/integration-test/target/test-dir/MiniOzoneClusterImpl-149107bc-51df-4001-9ad5-938ee105cacd/datanode-5/data/ratis/6a346ab4-14ba-49fb-b733-7c51bb60225e
2019-06-15 14:10:53,479 INFO  server.RaftServerConfigKeys (ConfUtils.java:logGet(43)) - raft.server.log.queue.byte-limit = 2147483647 (custom)
2019-06-15 14:10:53,479 INFO  server.RaftServerConfigKeys (ConfUtils.java:logGet(43)) - raft.server.log.queue.element-limit = 1024 (custom)
2019-06-15 14:10:53,479 INFO  server.RaftServerConfigKeys (ConfUtils.java:logGet(43)) - raft.server.log.segment.size.max = 16384 (custom)
2019-06-15 14:10:53,479 INFO  server.RaftServerConfigKeys (ConfUtils.java:logGet(43)) - raft.server.log.preallocated.size = 16384 (custom)
2019-06-15 14:10:53,479 INFO  server.RaftServerConfigKeys (ConfUtils.java:logGet(43)) - raft.server.log.write.buffer.size = 33554432 (custom)
2019-06-15 14:10:53,479 INFO  server.RaftServerConfigKeys (ConfUtils.java:logGet(43)) - raft.server.log.force.sync.num = 128 (default)
2019-06-15 14:10:53,479 INFO  server.RaftServerConfigKeys (ConfUtils.java:logGet(43)) - raft.server.log.statemachine.data.sync = true (default)
2019-06-15 14:10:53,479 INFO  server.RaftServerConfigKeys (ConfUtils.java:logGet(43)) - raft.server.log.statemachine.data.sync.timeout = 10s (default)
2019-06-15 14:10:53,479 INFO  server.RaftServerConfigKeys (ConfUtils.java:logGet(43)) - raft.server.log.statemachine.data.sync.timeout.retry = -1 (default)
2019-06-15 14:10:53,480 INFO  server.RaftServerConfigKeys (ConfUtils.java:logGet(43)) - raft.server.log.statemachine.data.caching.enabled = true (custom)
2019-06-15 14:10:53,480 INFO  server.RaftServerConfigKeys (ConfUtils.java:logGet(43)) - raft.server.snapshot.auto.trigger.enabled = true (custom)
2019-06-15 14:10:53,480 INFO  server.RaftServerConfigKeys (ConfUtils.java:logGet(43)) - raft.server.snapshot.auto.trigger.threshold = 10000 (custom)
2019-06-15 14:10:53,480 INFO  server.RaftServerConfigKeys (ConfUtils.java:logGet(43)) - raft.server.retrycache.expirytime = 600000ms (custom)
2019-06-15 14:10:53,480 INFO  impl.RaftServerImpl (RaftServerImpl.java:start(173)) - 31c47902-e24f-46cb-8adb-60efff8d69eb: start group-7C51BB60225E
2019-06-15 14:10:53,481 INFO  impl.RaftServerImpl (RaftServerImpl.java:setRole(164)) - 31c47902-e24f-46cb-8adb-60efff8d69eb:group-7C51BB60225E changes role from null to FOLLOWER at term 0 for startAsFollower
2019-06-15 14:10:53,481 INFO  impl.RoleInfo (RoleInfo.java:updateAndGet(143)) - 31c47902-e24f-46cb-8adb-60efff8d69eb: start FollowerState
2019-06-15 14:10:53,481 INFO  util.JmxRegister (JmxRegister.java:tryRegister(44)) - Successfully registered JMX Bean with object name Ratis:service=RaftServer,group=group-7C51BB60225E,id=31c47902-e24f-46cb-8adb-60efff8d69eb
2019-06-15 14:10:53,481 INFO  storage.RaftStorage (RaftStorage.java:format(75)) - Storage directory /opt/src/hadoop-ozone/integration-test/target/test-dir/MiniOzoneClusterImpl-149107bc-51df-4001-9ad5-938ee105cacd/datanode-4/data/ratis/6a346ab4-14ba-49fb-b733-7c51bb60225e has been successfully formatted.
2019-06-15 14:10:53,481 INFO  ratis.ContainerStateMachine (ContainerStateMachine.java:loadSnapshot(199)) - The snapshot info is null.Setting the last applied index to:(t:0, i:~)
2019-06-15 14:10:53,482 INFO  server.RaftServerConfigKeys (ConfUtils.java:logGet(43)) - raft.server.leader.election.timeout = 120s (custom)
2019-06-15 14:10:53,482 INFO  server.RaftServerConfigKeys (ConfUtils.java:logGet(43)) - raft.server.log.use.memory = false (default)
2019-06-15 14:10:53,482 INFO  server.RaftServerConfigKeys (ConfUtils.java:logGet(43)) - raft.server.log.appender.buffer.byte-limit = 33554432 (custom)
2019-06-15 14:10:53,482 INFO  server.RaftServerConfigKeys (ConfUtils.java:logGet(43)) - raft.server.log.segment.size.max = 16384 (custom)
2019-06-15 14:10:53,482 INFO  server.RaftServerConfigKeys (ConfUtils.java:logGet(43)) - raft.server.log.segment.cache.num.max = 2 (custom)
2019-06-15 14:10:53,482 INFO  storage.RaftLogWorker (RaftLogWorker.java:<init>(123)) - new 763e4a11-08e2-4549-a8dc-173862531bf4-RaftLogWorker for Storage Directory /opt/src/hadoop-ozone/integration-test/target/test-dir/MiniOzoneClusterImpl-149107bc-51df-4001-9ad5-938ee105cacd/datanode-4/data/ratis/6a346ab4-14ba-49fb-b733-7c51bb60225e
2019-06-15 14:10:53,482 INFO  server.RaftServerConfigKeys (ConfUtils.java:logGet(43)) - raft.server.log.queue.byte-limit = 2147483647 (custom)
2019-06-15 14:10:53,482 INFO  server.RaftServerConfigKeys (ConfUtils.java:logGet(43)) - raft.server.log.queue.element-limit = 1024 (custom)
2019-06-15 14:10:53,482 INFO  server.RaftServerConfigKeys (ConfUtils.java:logGet(43)) - raft.server.log.segment.size.max = 16384 (custom)
2019-06-15 14:10:53,483 INFO  server.RaftServerConfigKeys (ConfUtils.java:logGet(43)) - raft.server.log.preallocated.size = 16384 (custom)
2019-06-15 14:10:53,483 INFO  server.RaftServerConfigKeys (ConfUtils.java:logGet(43)) - raft.server.log.write.buffer.size = 33554432 (custom)
2019-06-15 14:10:53,483 INFO  server.RaftServerConfigKeys (ConfUtils.java:logGet(43)) - raft.server.log.force.sync.num = 128 (default)
2019-06-15 14:10:53,483 INFO  server.RaftServerConfigKeys (ConfUtils.java:logGet(43)) - raft.server.log.statemachine.data.sync = true (default)
2019-06-15 14:10:53,483 INFO  server.RaftServerConfigKeys (ConfUtils.java:logGet(43)) - raft.server.log.statemachine.data.sync.timeout = 10s (default)
2019-06-15 14:10:53,483 INFO  server.RaftServerConfigKeys (ConfUtils.java:logGet(43)) - raft.server.log.statemachine.data.sync.timeout.retry = -1 (default)
2019-06-15 14:10:53,483 INFO  server.RaftServerConfigKeys (ConfUtils.java:logGet(43)) - raft.server.log.statemachine.data.caching.enabled = true (custom)
2019-06-15 14:10:53,483 INFO  server.RaftServerConfigKeys (ConfUtils.java:logGet(43)) - raft.server.snapshot.auto.trigger.enabled = true (custom)
2019-06-15 14:10:53,483 INFO  server.RaftServerConfigKeys (ConfUtils.java:logGet(43)) - raft.server.snapshot.auto.trigger.threshold = 10000 (custom)
2019-06-15 14:10:53,485 INFO  server.RaftServerConfigKeys (ConfUtils.java:logGet(43)) - raft.server.retrycache.expirytime = 600000ms (custom)
2019-06-15 14:10:53,485 INFO  impl.RaftServerImpl (RaftServerImpl.java:start(173)) - 763e4a11-08e2-4549-a8dc-173862531bf4: start group-7C51BB60225E
2019-06-15 14:10:53,485 INFO  impl.RaftServerImpl (RaftServerImpl.java:setRole(164)) - 763e4a11-08e2-4549-a8dc-173862531bf4:group-7C51BB60225E changes role from null to FOLLOWER at term 0 for startAsFollower
2019-06-15 14:10:53,486 INFO  impl.RoleInfo (RoleInfo.java:updateAndGet(143)) - 763e4a11-08e2-4549-a8dc-173862531bf4: start FollowerState
2019-06-15 14:10:53,492 INFO  util.JmxRegister (JmxRegister.java:tryRegister(44)) - Successfully registered JMX Bean with object name Ratis:service=RaftServer,group=group-7C51BB60225E,id=763e4a11-08e2-4549-a8dc-173862531bf4
2019-06-15 14:10:53,499 INFO  pipeline.PipelineStateManager (PipelineStateManager.java:addPipeline(56)) - Created pipeline Pipeline[ Id: 6a346ab4-14ba-49fb-b733-7c51bb60225e, Nodes: 31c47902-e24f-46cb-8adb-60efff8d69eb{ip: 192.168.19.23, host: ozone-unit-076618677d3-hs227-2779846674, networkLocation: /default-rack, certSerialId: null}03fce918-d0a7-4cd9-a665-be2ded7ac46f{ip: 192.168.19.23, host: ozone-unit-076618677d3-hs227-2779846674, networkLocation: /default-rack, certSerialId: null}763e4a11-08e2-4549-a8dc-173862531bf4{ip: 192.168.19.23, host: ozone-unit-076618677d3-hs227-2779846674, networkLocation: /default-rack, certSerialId: null}, Type:RATIS, Factor:THREE, State:OPEN]
2019-06-15 14:10:53,586 INFO  ozone.MiniOzoneClusterImpl (MiniOzoneClusterImpl.java:lambda$waitForClusterToBeReady$0(142)) - Waiting for cluster to be ready. Got 6 of 7 DN Heartbeats.
2019-06-15 14:10:53,592 INFO  node.SCMNodeManager (SCMNodeManager.java:register(269)) - Registered Data node : 04671fb4-04ef-42b5-96db-f33e0b1ccb39{ip: 192.168.19.23, host: ozone-unit-076618677d3-hs227-2779846674, networkLocation: /default-rack, certSerialId: null}
2019-06-15 14:10:53,614 INFO  impl.RaftServerProxy (RaftServerProxy.java:addNew(89)) - 04671fb4-04ef-42b5-96db-f33e0b1ccb39: addNew group-3ABDB0AF7105:[04671fb4-04ef-42b5-96db-f33e0b1ccb39:192.168.19.23:38437] returns group-3ABDB0AF7105:java.util.concurrent.CompletableFuture@407c9421[Not completed]
2019-06-15 14:10:53,615 INFO  impl.RaftServerImpl (RaftServerImpl.java:<init>(91)) - 04671fb4-04ef-42b5-96db-f33e0b1ccb39: new RaftServerImpl for group-3ABDB0AF7105:[04671fb4-04ef-42b5-96db-f33e0b1ccb39:192.168.19.23:38437] with ContainerStateMachine:uninitialized
2019-06-15 14:10:53,616 INFO  server.RaftServerConfigKeys (ConfUtils.java:logGet(43)) - raft.server.rpc.timeout.min = 1s (custom)
2019-06-15 14:10:53,616 INFO  server.RaftServerConfigKeys (ConfUtils.java:logGet(43)) - raft.server.rpc.timeout.max = 1200ms (custom)
2019-06-15 14:10:53,616 INFO  server.RaftServerConfigKeys (ConfUtils.java:logGet(43)) - raft.server.rpcslowness.timeout = 120s (custom)
2019-06-15 14:10:53,616 INFO  server.RaftServerConfigKeys (ConfUtils.java:logGet(43)) - raft.server.log.appender.install.snapshot.enabled = true (default)
2019-06-15 14:10:53,616 INFO  impl.RaftServerImpl (ServerState.java:<init>(101)) - 04671fb4-04ef-42b5-96db-f33e0b1ccb39:group-3ABDB0AF7105 ConfigurationManager, init=-1: [04671fb4-04ef-42b5-96db-f33e0b1ccb39:192.168.19.23:38437], old=null, confs=<EMPTY_MAP>
2019-06-15 14:10:53,616 INFO  server.RaftServerConfigKeys (ConfUtils.java:logGet(43)) - raft.server.storage.dir = [/opt/src/hadoop-ozone/integration-test/target/test-dir/MiniOzoneClusterImpl-149107bc-51df-4001-9ad5-938ee105cacd/datanode-6/data/ratis] (custom)
2019-06-15 14:10:53,616 INFO  storage.RaftStorageDirectory (RaftStorageDirectory.java:analyzeStorage(246)) - The storage directory /opt/src/hadoop-ozone/integration-test/target/test-dir/MiniOzoneClusterImpl-149107bc-51df-4001-9ad5-938ee105cacd/datanode-6/data/ratis/25b8f3c7-fe8c-43f2-be40-3abdb0af7105 does not exist. Creating ...
2019-06-15 14:10:53,618 INFO  storage.RaftStorageDirectory (RaftStorageDirectory.java:tryLock(328)) - Lock on /opt/src/hadoop-ozone/integration-test/target/test-dir/MiniOzoneClusterImpl-149107bc-51df-4001-9ad5-938ee105cacd/datanode-6/data/ratis/25b8f3c7-fe8c-43f2-be40-3abdb0af7105/in_use.lock acquired by nodename 19235@ozone-unit-076618677d3-hs227-2779846674
2019-06-15 14:10:53,620 INFO  storage.RaftStorage (RaftStorage.java:format(75)) - Storage directory /opt/src/hadoop-ozone/integration-test/target/test-dir/MiniOzoneClusterImpl-149107bc-51df-4001-9ad5-938ee105cacd/datanode-6/data/ratis/25b8f3c7-fe8c-43f2-be40-3abdb0af7105 has been successfully formatted.
2019-06-15 14:10:53,621 INFO  ratis.ContainerStateMachine (ContainerStateMachine.java:loadSnapshot(199)) - The snapshot info is null.Setting the last applied index to:(t:0, i:~)
2019-06-15 14:10:53,621 INFO  server.RaftServerConfigKeys (ConfUtils.java:logGet(43)) - raft.server.leader.election.timeout = 120s (custom)
2019-06-15 14:10:53,621 INFO  server.RaftServerConfigKeys (ConfUtils.java:logGet(43)) - raft.server.log.use.memory = false (default)
2019-06-15 14:10:53,621 INFO  server.RaftServerConfigKeys (ConfUtils.java:logGet(43)) - raft.server.log.appender.buffer.byte-limit = 33554432 (custom)
2019-06-15 14:10:53,621 INFO  server.RaftServerConfigKeys (ConfUtils.java:logGet(43)) - raft.server.log.segment.size.max = 16384 (custom)
2019-06-15 14:10:53,621 INFO  server.RaftServerConfigKeys (ConfUtils.java:logGet(43)) - raft.server.log.segment.cache.num.max = 2 (custom)
2019-06-15 14:10:53,621 INFO  storage.RaftLogWorker (RaftLogWorker.java:<init>(123)) - new 04671fb4-04ef-42b5-96db-f33e0b1ccb39-RaftLogWorker for Storage Directory /opt/src/hadoop-ozone/integration-test/target/test-dir/MiniOzoneClusterImpl-149107bc-51df-4001-9ad5-938ee105cacd/datanode-6/data/ratis/25b8f3c7-fe8c-43f2-be40-3abdb0af7105
2019-06-15 14:10:53,621 INFO  server.RaftServerConfigKeys (ConfUtils.java:logGet(43)) - raft.server.log.queue.byte-limit = 2147483647 (custom)
2019-06-15 14:10:53,621 INFO  server.RaftServerConfigKeys (ConfUtils.java:logGet(43)) - raft.server.log.queue.element-limit = 1024 (custom)
2019-06-15 14:10:53,621 INFO  server.RaftServerConfigKeys (ConfUtils.java:logGet(43)) - raft.server.log.segment.size.max = 16384 (custom)
2019-06-15 14:10:53,621 INFO  server.RaftServerConfigKeys (ConfUtils.java:logGet(43)) - raft.server.log.preallocated.size = 16384 (custom)
2019-06-15 14:10:53,621 INFO  server.RaftServerConfigKeys (ConfUtils.java:logGet(43)) - raft.server.log.write.buffer.size = 33554432 (custom)
2019-06-15 14:10:53,622 INFO  server.RaftServerConfigKeys (ConfUtils.java:logGet(43)) - raft.server.log.force.sync.num = 128 (default)
2019-06-15 14:10:53,622 INFO  server.RaftServerConfigKeys (ConfUtils.java:logGet(43)) - raft.server.log.statemachine.data.sync = true (default)
2019-06-15 14:10:53,622 INFO  server.RaftServerConfigKeys (ConfUtils.java:logGet(43)) - raft.server.log.statemachine.data.sync.timeout = 10s (default)
2019-06-15 14:10:53,622 INFO  server.RaftServerConfigKeys (ConfUtils.java:logGet(43)) - raft.server.log.statemachine.data.sync.timeout.retry = -1 (default)
2019-06-15 14:10:53,622 INFO  server.RaftServerConfigKeys (ConfUtils.java:logGet(43)) - raft.server.log.statemachine.data.caching.enabled = true (custom)
2019-06-15 14:10:53,622 INFO  server.RaftServerConfigKeys (ConfUtils.java:logGet(43)) - raft.server.snapshot.auto.trigger.enabled = true (custom)
2019-06-15 14:10:53,622 INFO  server.RaftServerConfigKeys (ConfUtils.java:logGet(43)) - raft.server.snapshot.auto.trigger.threshold = 10000 (custom)
2019-06-15 14:10:53,623 INFO  server.RaftServerConfigKeys (ConfUtils.java:logGet(43)) - raft.server.retrycache.expirytime = 600000ms (custom)
2019-06-15 14:10:53,623 INFO  impl.RaftServerImpl (RaftServerImpl.java:start(173)) - 04671fb4-04ef-42b5-96db-f33e0b1ccb39: start group-3ABDB0AF7105
2019-06-15 14:10:53,623 INFO  impl.RaftServerImpl (RaftServerImpl.java:setRole(164)) - 04671fb4-04ef-42b5-96db-f33e0b1ccb39:group-3ABDB0AF7105 changes role from null to FOLLOWER at term 0 for startAsFollower
2019-06-15 14:10:53,623 INFO  impl.RoleInfo (RoleInfo.java:updateAndGet(143)) - 04671fb4-04ef-42b5-96db-f33e0b1ccb39: start FollowerState
2019-06-15 14:10:53,623 INFO  util.JmxRegister (JmxRegister.java:tryRegister(44)) - Successfully registered JMX Bean with object name Ratis:service=RaftServer,group=group-3ABDB0AF7105,id=04671fb4-04ef-42b5-96db-f33e0b1ccb39
2019-06-15 14:10:53,631 INFO  pipeline.PipelineStateManager (PipelineStateManager.java:addPipeline(56)) - Created pipeline Pipeline[ Id: 25b8f3c7-fe8c-43f2-be40-3abdb0af7105, Nodes: 04671fb4-04ef-42b5-96db-f33e0b1ccb39{ip: 192.168.19.23, host: ozone-unit-076618677d3-hs227-2779846674, networkLocation: /default-rack, certSerialId: null}, Type:RATIS, Factor:ONE, State:OPEN]
2019-06-15 14:10:54,045 INFO  impl.FollowerState (FollowerState.java:run(101)) - 03fce918-d0a7-4cd9-a665-be2ded7ac46f:group-F87C25D69A51 changes to CANDIDATE, lastRpcTime:1032, electionTimeout:1032ms
2019-06-15 14:10:54,046 INFO  impl.RoleInfo (RoleInfo.java:shutdownFollowerState(121)) - 03fce918-d0a7-4cd9-a665-be2ded7ac46f: shutdown FollowerState
2019-06-15 14:10:54,046 INFO  impl.RaftServerImpl (RaftServerImpl.java:setRole(164)) - 03fce918-d0a7-4cd9-a665-be2ded7ac46f:group-F87C25D69A51 changes role from FOLLOWER to CANDIDATE at term 0 for changeToCandidate
2019-06-15 14:10:54,047 INFO  impl.RoleInfo (RoleInfo.java:updateAndGet(143)) - 03fce918-d0a7-4cd9-a665-be2ded7ac46f: start LeaderElection
2019-06-15 14:10:54,054 INFO  impl.LeaderElection (LeaderElection.java:askForVotes(181)) - 03fce918-d0a7-4cd9-a665-be2ded7ac46f:group-F87C25D69A51:LeaderElection1: begin an election at term 1 for -1: [03fce918-d0a7-4cd9-a665-be2ded7ac46f:192.168.19.23:33803], old=null
2019-06-15 14:10:54,055 INFO  impl.RoleInfo (RoleInfo.java:shutdownLeaderElection(134)) - 03fce918-d0a7-4cd9-a665-be2ded7ac46f: shutdown LeaderElection
2019-06-15 14:10:54,055 INFO  impl.RaftServerImpl (RaftServerImpl.java:setRole(164)) - 03fce918-d0a7-4cd9-a665-be2ded7ac46f:group-F87C25D69A51 changes role from CANDIDATE to LEADER at term 1 for changeToLeader
2019-06-15 14:10:54,055 INFO  impl.RaftServerImpl (ServerState.java:setLeader(263)) - 03fce918-d0a7-4cd9-a665-be2ded7ac46f:group-F87C25D69A51 change Leader from null to 03fce918-d0a7-4cd9-a665-be2ded7ac46f at term 1 for becomeLeader, leader elected after 1093ms
2019-06-15 14:10:54,059 INFO  server.RaftServerConfigKeys (ConfUtils.java:logGet(43)) - raft.server.staging.catchup.gap = 1000 (default)
2019-06-15 14:10:54,059 INFO  server.RaftServerConfigKeys (ConfUtils.java:logGet(43)) - raft.server.rpc.sleep.time = 25ms (default)
2019-06-15 14:10:54,061 INFO  server.RaftServerConfigKeys (ConfUtils.java:logGet(43)) - raft.server.watch.timeout = 10s (default)
2019-06-15 14:10:54,061 INFO  server.RaftServerConfigKeys (ConfUtils.java:logGet(43)) - raft.server.watch.timeout.denomination = 1s (default)
2019-06-15 14:10:54,066 INFO  impl.RoleInfo (RoleInfo.java:updateAndGet(143)) - 03fce918-d0a7-4cd9-a665-be2ded7ac46f: start LeaderState
2019-06-15 14:10:54,081 INFO  storage.RaftLogWorker (RaftLogWorker.java:startLogSegment(298)) - 03fce918-d0a7-4cd9-a665-be2ded7ac46f-RaftLogWorker: Starting segment from index:0
2019-06-15 14:10:54,091 INFO  impl.RaftServerImpl (ServerState.java:setRaftConf(361)) - 03fce918-d0a7-4cd9-a665-be2ded7ac46f:group-F87C25D69A51 set configuration 0: [03fce918-d0a7-4cd9-a665-be2ded7ac46f:192.168.19.23:33803], old=null at 0
2019-06-15 14:10:54,204 INFO  impl.FollowerState (FollowerState.java:run(101)) - 231847dc-e78a-4b48-8e03-44872a69ae9d:group-1752B92DA6F4 changes to CANDIDATE, lastRpcTime:1006, electionTimeout:1006ms
2019-06-15 14:10:54,206 INFO  impl.RoleInfo (RoleInfo.java:shutdownFollowerState(121)) - 231847dc-e78a-4b48-8e03-44872a69ae9d: shutdown FollowerState
2019-06-15 14:10:54,206 INFO  impl.RaftServerImpl (RaftServerImpl.java:setRole(164)) - 231847dc-e78a-4b48-8e03-44872a69ae9d:group-1752B92DA6F4 changes role from FOLLOWER to CANDIDATE at term 0 for changeToCandidate
2019-06-15 14:10:54,206 INFO  impl.RoleInfo (RoleInfo.java:updateAndGet(143)) - 231847dc-e78a-4b48-8e03-44872a69ae9d: start LeaderElection
2019-06-15 14:10:54,215 INFO  impl.LeaderElection (LeaderElection.java:askForVotes(181)) - 231847dc-e78a-4b48-8e03-44872a69ae9d:group-1752B92DA6F4:LeaderElection2: begin an election at term 1 for -1: [231847dc-e78a-4b48-8e03-44872a69ae9d:192.168.19.23:46679], old=null
2019-06-15 14:10:54,216 INFO  impl.RoleInfo (RoleInfo.java:shutdownLeaderElection(134)) - 231847dc-e78a-4b48-8e03-44872a69ae9d: shutdown LeaderElection
2019-06-15 14:10:54,217 INFO  impl.RaftServerImpl (RaftServerImpl.java:setRole(164)) - 231847dc-e78a-4b48-8e03-44872a69ae9d:group-1752B92DA6F4 changes role from CANDIDATE to LEADER at term 1 for changeToLeader
2019-06-15 14:10:54,217 INFO  impl.RaftServerImpl (ServerState.java:setLeader(263)) - 231847dc-e78a-4b48-8e03-44872a69ae9d:group-1752B92DA6F4 change Leader from null to 231847dc-e78a-4b48-8e03-44872a69ae9d at term 1 for becomeLeader, leader elected after 1022ms
2019-06-15 14:10:54,217 INFO  server.RaftServerConfigKeys (ConfUtils.java:logGet(43)) - raft.server.staging.catchup.gap = 1000 (default)
2019-06-15 14:10:54,217 INFO  server.RaftServerConfigKeys (ConfUtils.java:logGet(43)) - raft.server.rpc.sleep.time = 25ms (default)
2019-06-15 14:10:54,217 INFO  server.RaftServerConfigKeys (ConfUtils.java:logGet(43)) - raft.server.watch.timeout = 10s (default)
2019-06-15 14:10:54,217 INFO  server.RaftServerConfigKeys (ConfUtils.java:logGet(43)) - raft.server.watch.timeout.denomination = 1s (default)
2019-06-15 14:10:54,217 INFO  impl.RoleInfo (RoleInfo.java:updateAndGet(143)) - 231847dc-e78a-4b48-8e03-44872a69ae9d: start LeaderState
2019-06-15 14:10:54,218 INFO  storage.RaftLogWorker (RaftLogWorker.java:startLogSegment(298)) - 231847dc-e78a-4b48-8e03-44872a69ae9d-RaftLogWorker: Starting segment from index:0
2019-06-15 14:10:54,220 INFO  impl.RaftServerImpl (ServerState.java:setRaftConf(361)) - 231847dc-e78a-4b48-8e03-44872a69ae9d:group-1752B92DA6F4 set configuration 0: [231847dc-e78a-4b48-8e03-44872a69ae9d:192.168.19.23:46679], old=null at 0
2019-06-15 14:10:54,264 INFO  impl.FollowerState (FollowerState.java:run(101)) - 1e149e73-53e7-4319-9e27-12160a26c83e:group-C084D7E581A8 changes to CANDIDATE, lastRpcTime:1116, electionTimeout:1114ms
2019-06-15 14:10:54,264 INFO  impl.RoleInfo (RoleInfo.java:shutdownFollowerState(121)) - 1e149e73-53e7-4319-9e27-12160a26c83e: shutdown FollowerState
2019-06-15 14:10:54,264 INFO  impl.RaftServerImpl (RaftServerImpl.java:setRole(164)) - 1e149e73-53e7-4319-9e27-12160a26c83e:group-C084D7E581A8 changes role from FOLLOWER to CANDIDATE at term 0 for changeToCandidate
2019-06-15 14:10:54,264 INFO  impl.RoleInfo (RoleInfo.java:updateAndGet(143)) - 1e149e73-53e7-4319-9e27-12160a26c83e: start LeaderElection
2019-06-15 14:10:54,270 INFO  storage.RaftLogWorker (RaftLogWorker.java:execute(469)) - 03fce918-d0a7-4cd9-a665-be2ded7ac46f-RaftLogWorker: created new log segment /opt/src/hadoop-ozone/integration-test/target/test-dir/MiniOzoneClusterImpl-149107bc-51df-4001-9ad5-938ee105cacd/datanode-0/data/ratis/4000acfd-07e6-46d2-a33a-f87c25d69a51/current/log_inprogress_0
2019-06-15 14:10:54,276 INFO  storage.RaftLogWorker (RaftLogWorker.java:execute(469)) - 231847dc-e78a-4b48-8e03-44872a69ae9d-RaftLogWorker: created new log segment /opt/src/hadoop-ozone/integration-test/target/test-dir/MiniOzoneClusterImpl-149107bc-51df-4001-9ad5-938ee105cacd/datanode-1/data/ratis/d44e56d1-017f-46cf-bac4-1752b92da6f4/current/log_inprogress_0
2019-06-15 14:10:54,279 INFO  impl.LeaderElection (LeaderElection.java:askForVotes(181)) - 1e149e73-53e7-4319-9e27-12160a26c83e:group-C084D7E581A8:LeaderElection3: begin an election at term 1 for -1: [1e149e73-53e7-4319-9e27-12160a26c83e:192.168.19.23:38341], old=null
2019-06-15 14:10:54,279 INFO  impl.RoleInfo (RoleInfo.java:shutdownLeaderElection(134)) - 1e149e73-53e7-4319-9e27-12160a26c83e: shutdown LeaderElection
2019-06-15 14:10:54,279 INFO  impl.RaftServerImpl (RaftServerImpl.java:setRole(164)) - 1e149e73-53e7-4319-9e27-12160a26c83e:group-C084D7E581A8 changes role from CANDIDATE to LEADER at term 1 for changeToLeader
2019-06-15 14:10:54,279 INFO  impl.RaftServerImpl (ServerState.java:setLeader(263)) - 1e149e73-53e7-4319-9e27-12160a26c83e:group-C084D7E581A8 change Leader from null to 1e149e73-53e7-4319-9e27-12160a26c83e at term 1 for becomeLeader, leader elected after 1135ms
2019-06-15 14:10:54,279 INFO  server.RaftServerConfigKeys (ConfUtils.java:logGet(43)) - raft.server.staging.catchup.gap = 1000 (default)
2019-06-15 14:10:54,279 INFO  server.RaftServerConfigKeys (ConfUtils.java:logGet(43)) - raft.server.rpc.sleep.time = 25ms (default)
2019-06-15 14:10:54,279 INFO  server.RaftServerConfigKeys (ConfUtils.java:logGet(43)) - raft.server.watch.timeout = 10s (default)
2019-06-15 14:10:54,279 INFO  server.RaftServerConfigKeys (ConfUtils.java:logGet(43)) - raft.server.watch.timeout.denomination = 1s (default)
2019-06-15 14:10:54,290 INFO  impl.RoleInfo (RoleInfo.java:updateAndGet(143)) - 1e149e73-53e7-4319-9e27-12160a26c83e: start LeaderState
2019-06-15 14:10:54,290 INFO  storage.RaftLogWorker (RaftLogWorker.java:startLogSegment(298)) - 1e149e73-53e7-4319-9e27-12160a26c83e-RaftLogWorker: Starting segment from index:0
2019-06-15 14:10:54,305 INFO  impl.RaftServerImpl (ServerState.java:setRaftConf(361)) - 1e149e73-53e7-4319-9e27-12160a26c83e:group-C084D7E581A8 set configuration 0: [1e149e73-53e7-4319-9e27-12160a26c83e:192.168.19.23:38341], old=null at 0
2019-06-15 14:10:54,315 INFO  impl.FollowerState (FollowerState.java:run(101)) - e068667e-1dce-444c-b1a2-fffed6f13eef:group-07CEA23F4C4B changes to CANDIDATE, lastRpcTime:1075, electionTimeout:1073ms
2019-06-15 14:10:54,315 INFO  impl.RoleInfo (RoleInfo.java:shutdownFollowerState(121)) - e068667e-1dce-444c-b1a2-fffed6f13eef: shutdown FollowerState
2019-06-15 14:10:54,315 INFO  impl.RaftServerImpl (RaftServerImpl.java:setRole(164)) - e068667e-1dce-444c-b1a2-fffed6f13eef:group-07CEA23F4C4B changes role from FOLLOWER to CANDIDATE at term 0 for changeToCandidate
2019-06-15 14:10:54,315 INFO  impl.RoleInfo (RoleInfo.java:updateAndGet(143)) - e068667e-1dce-444c-b1a2-fffed6f13eef: start LeaderElection
2019-06-15 14:10:54,334 INFO  impl.FollowerState (FollowerState.java:run(101)) - 763e4a11-08e2-4549-a8dc-173862531bf4:group-662419183112 changes to CANDIDATE, lastRpcTime:1058, electionTimeout:1046ms
2019-06-15 14:10:54,337 INFO  storage.RaftLogWorker (RaftLogWorker.java:execute(469)) - 1e149e73-53e7-4319-9e27-12160a26c83e-RaftLogWorker: created new log segment /opt/src/hadoop-ozone/integration-test/target/test-dir/MiniOzoneClusterImpl-149107bc-51df-4001-9ad5-938ee105cacd/datanode-2/data/ratis/47037a34-fb64-42a6-ad1b-c084d7e581a8/current/log_inprogress_0
2019-06-15 14:10:54,337 INFO  impl.RoleInfo (RoleInfo.java:shutdownFollowerState(121)) - 763e4a11-08e2-4549-a8dc-173862531bf4: shutdown FollowerState
2019-06-15 14:10:54,337 INFO  impl.RaftServerImpl (RaftServerImpl.java:setRole(164)) - 763e4a11-08e2-4549-a8dc-173862531bf4:group-662419183112 changes role from FOLLOWER to CANDIDATE at term 0 for changeToCandidate
2019-06-15 14:10:54,337 INFO  impl.RoleInfo (RoleInfo.java:updateAndGet(143)) - 763e4a11-08e2-4549-a8dc-173862531bf4: start LeaderElection
2019-06-15 14:10:54,340 INFO  impl.LeaderElection (LeaderElection.java:askForVotes(181)) - e068667e-1dce-444c-b1a2-fffed6f13eef:group-07CEA23F4C4B:LeaderElection4: begin an election at term 1 for -1: [e068667e-1dce-444c-b1a2-fffed6f13eef:192.168.19.23:37579], old=null
2019-06-15 14:10:54,342 INFO  impl.RoleInfo (RoleInfo.java:shutdownLeaderElection(134)) - e068667e-1dce-444c-b1a2-fffed6f13eef: shutdown LeaderElection
2019-06-15 14:10:54,342 INFO  impl.RaftServerImpl (RaftServerImpl.java:setRole(164)) - e068667e-1dce-444c-b1a2-fffed6f13eef:group-07CEA23F4C4B changes role from CANDIDATE to LEADER at term 1 for changeToLeader
2019-06-15 14:10:54,342 INFO  impl.RaftServerImpl (ServerState.java:setLeader(263)) - e068667e-1dce-444c-b1a2-fffed6f13eef:group-07CEA23F4C4B change Leader from null to e068667e-1dce-444c-b1a2-fffed6f13eef at term 1 for becomeLeader, leader elected after 1105ms
2019-06-15 14:10:54,342 INFO  server.RaftServerConfigKeys (ConfUtils.java:logGet(43)) - raft.server.staging.catchup.gap = 1000 (default)
2019-06-15 14:10:54,342 INFO  server.RaftServerConfigKeys (ConfUtils.java:logGet(43)) - raft.server.rpc.sleep.time = 25ms (default)
2019-06-15 14:10:54,342 INFO  server.RaftServerConfigKeys (ConfUtils.java:logGet(43)) - raft.server.watch.timeout = 10s (default)
2019-06-15 14:10:54,342 INFO  server.RaftServerConfigKeys (ConfUtils.java:logGet(43)) - raft.server.watch.timeout.denomination = 1s (default)
2019-06-15 14:10:54,343 INFO  impl.RoleInfo (RoleInfo.java:updateAndGet(143)) - e068667e-1dce-444c-b1a2-fffed6f13eef: start LeaderState
2019-06-15 14:10:54,343 INFO  storage.RaftLogWorker (RaftLogWorker.java:startLogSegment(298)) - e068667e-1dce-444c-b1a2-fffed6f13eef-RaftLogWorker: Starting segment from index:0
2019-06-15 14:10:54,344 INFO  impl.RaftServerImpl (ServerState.java:setRaftConf(361)) - e068667e-1dce-444c-b1a2-fffed6f13eef:group-07CEA23F4C4B set configuration 0: [e068667e-1dce-444c-b1a2-fffed6f13eef:192.168.19.23:37579], old=null at 0
2019-06-15 14:10:54,361 INFO  impl.LeaderElection (LeaderElection.java:askForVotes(181)) - 763e4a11-08e2-4549-a8dc-173862531bf4:group-662419183112:LeaderElection5: begin an election at term 1 for -1: [763e4a11-08e2-4549-a8dc-173862531bf4:192.168.19.23:40839], old=null
2019-06-15 14:10:54,361 INFO  impl.RoleInfo (RoleInfo.java:shutdownLeaderElection(134)) - 763e4a11-08e2-4549-a8dc-173862531bf4: shutdown LeaderElection
2019-06-15 14:10:54,362 INFO  impl.RaftServerImpl (RaftServerImpl.java:setRole(164)) - 763e4a11-08e2-4549-a8dc-173862531bf4:group-662419183112 changes role from CANDIDATE to LEADER at term 1 for changeToLeader
2019-06-15 14:10:54,362 INFO  impl.RaftServerImpl (ServerState.java:setLeader(263)) - 763e4a11-08e2-4549-a8dc-173862531bf4:group-662419183112 change Leader from null to 763e4a11-08e2-4549-a8dc-173862531bf4 at term 1 for becomeLeader, leader elected after 1088ms
2019-06-15 14:10:54,362 INFO  server.RaftServerConfigKeys (ConfUtils.java:logGet(43)) - raft.server.staging.catchup.gap = 1000 (default)
2019-06-15 14:10:54,362 INFO  server.RaftServerConfigKeys (ConfUtils.java:logGet(43)) - raft.server.rpc.sleep.time = 25ms (default)
2019-06-15 14:10:54,362 INFO  server.RaftServerConfigKeys (ConfUtils.java:logGet(43)) - raft.server.watch.timeout = 10s (default)
2019-06-15 14:10:54,362 INFO  server.RaftServerConfigKeys (ConfUtils.java:logGet(43)) - raft.server.watch.timeout.denomination = 1s (default)
2019-06-15 14:10:54,362 INFO  impl.RoleInfo (RoleInfo.java:updateAndGet(143)) - 763e4a11-08e2-4549-a8dc-173862531bf4: start LeaderState
2019-06-15 14:10:54,363 INFO  storage.RaftLogWorker (RaftLogWorker.java:startLogSegment(298)) - 763e4a11-08e2-4549-a8dc-173862531bf4-RaftLogWorker: Starting segment from index:0
2019-06-15 14:10:54,369 INFO  impl.RaftServerImpl (ServerState.java:setRaftConf(361)) - 763e4a11-08e2-4549-a8dc-173862531bf4:group-662419183112 set configuration 0: [763e4a11-08e2-4549-a8dc-173862531bf4:192.168.19.23:40839], old=null at 0
2019-06-15 14:10:54,387 INFO  storage.RaftLogWorker (RaftLogWorker.java:execute(469)) - e068667e-1dce-444c-b1a2-fffed6f13eef-RaftLogWorker: created new log segment /opt/src/hadoop-ozone/integration-test/target/test-dir/MiniOzoneClusterImpl-149107bc-51df-4001-9ad5-938ee105cacd/datanode-3/data/ratis/3488bc55-04e7-4435-8ffd-07cea23f4c4b/current/log_inprogress_0
2019-06-15 14:10:54,402 INFO  impl.FollowerState (FollowerState.java:run(101)) - 1e149e73-53e7-4319-9e27-12160a26c83e:group-E25B0DDAACA5 changes to CANDIDATE, lastRpcTime:1057, electionTimeout:1057ms
2019-06-15 14:10:54,402 INFO  impl.RoleInfo (RoleInfo.java:shutdownFollowerState(121)) - 1e149e73-53e7-4319-9e27-12160a26c83e: shutdown FollowerState
2019-06-15 14:10:54,402 INFO  impl.RaftServerImpl (RaftServerImpl.java:setRole(164)) - 1e149e73-53e7-4319-9e27-12160a26c83e:group-E25B0DDAACA5 changes role from FOLLOWER to CANDIDATE at term 0 for changeToCandidate
2019-06-15 14:10:54,402 INFO  impl.RoleInfo (RoleInfo.java:updateAndGet(143)) - 1e149e73-53e7-4319-9e27-12160a26c83e: start LeaderElection
2019-06-15 14:10:54,404 INFO  storage.RaftLogWorker (RaftLogWorker.java:execute(469)) - 763e4a11-08e2-4549-a8dc-173862531bf4-RaftLogWorker: created new log segment /opt/src/hadoop-ozone/integration-test/target/test-dir/MiniOzoneClusterImpl-149107bc-51df-4001-9ad5-938ee105cacd/datanode-4/data/ratis/b76e3c25-20b5-444e-b9ab-662419183112/current/log_inprogress_0
2019-06-15 14:10:54,409 INFO  impl.LeaderElection (LeaderElection.java:askForVotes(181)) - 1e149e73-53e7-4319-9e27-12160a26c83e:group-E25B0DDAACA5:LeaderElection6: begin an election at term 1 for -1: [e068667e-1dce-444c-b1a2-fffed6f13eef:192.168.19.23:37579, 1e149e73-53e7-4319-9e27-12160a26c83e:192.168.19.23:38341, 231847dc-e78a-4b48-8e03-44872a69ae9d:192.168.19.23:46679], old=null
2019-06-15 14:10:54,441 INFO  impl.RaftServerImpl (RaftServerImpl.java:setRole(164)) - e068667e-1dce-444c-b1a2-fffed6f13eef:group-E25B0DDAACA5 changes role from FOLLOWER to FOLLOWER at term 1 for recognizeCandidate:1e149e73-53e7-4319-9e27-12160a26c83e
2019-06-15 14:10:54,442 INFO  impl.RoleInfo (RoleInfo.java:shutdownFollowerState(121)) - e068667e-1dce-444c-b1a2-fffed6f13eef: shutdown FollowerState
2019-06-15 14:10:54,442 INFO  impl.RoleInfo (RoleInfo.java:updateAndGet(143)) - e068667e-1dce-444c-b1a2-fffed6f13eef: start FollowerState
2019-06-15 14:10:54,442 INFO  impl.FollowerState (FollowerState.java:run(109)) - e068667e-1dce-444c-b1a2-fffed6f13eef: FollowerState was interrupted: java.lang.InterruptedException: sleep interrupted
2019-06-15 14:10:54,445 INFO  impl.RaftServerImpl (RaftServerImpl.java:setRole(164)) - 231847dc-e78a-4b48-8e03-44872a69ae9d:group-E25B0DDAACA5 changes role from FOLLOWER to FOLLOWER at term 1 for recognizeCandidate:1e149e73-53e7-4319-9e27-12160a26c83e
2019-06-15 14:10:54,445 INFO  impl.RoleInfo (RoleInfo.java:shutdownFollowerState(121)) - 231847dc-e78a-4b48-8e03-44872a69ae9d: shutdown FollowerState
2019-06-15 14:10:54,445 INFO  impl.FollowerState (FollowerState.java:run(109)) - 231847dc-e78a-4b48-8e03-44872a69ae9d: FollowerState was interrupted: java.lang.InterruptedException: sleep interrupted
2019-06-15 14:10:54,447 INFO  impl.RoleInfo (RoleInfo.java:updateAndGet(143)) - 231847dc-e78a-4b48-8e03-44872a69ae9d: start FollowerState
2019-06-15 14:10:54,460 INFO  impl.LeaderElection (LeaderElection.java:logAndReturn(56)) - 1e149e73-53e7-4319-9e27-12160a26c83e:group-E25B0DDAACA5:LeaderElection6: Election PASSED; received 1 response(s) [1e149e73-53e7-4319-9e27-12160a26c83e->e068667e-1dce-444c-b1a2-fffed6f13eef,true-t1] and 0 exception(s); 1e149e73-53e7-4319-9e27-12160a26c83e:t1, leader=null, voted=1e149e73-53e7-4319-9e27-12160a26c83e, raftlog=1e149e73-53e7-4319-9e27-12160a26c83e-SegmentedRaftLog:OPENED:c-1,f-1,i0, conf=-1: [e068667e-1dce-444c-b1a2-fffed6f13eef:192.168.19.23:37579, 1e149e73-53e7-4319-9e27-12160a26c83e:192.168.19.23:38341, 231847dc-e78a-4b48-8e03-44872a69ae9d:192.168.19.23:46679], old=null
2019-06-15 14:10:54,460 INFO  impl.RoleInfo (RoleInfo.java:shutdownLeaderElection(134)) - 1e149e73-53e7-4319-9e27-12160a26c83e: shutdown LeaderElection
2019-06-15 14:10:54,461 INFO  impl.RaftServerImpl (RaftServerImpl.java:setRole(164)) - 1e149e73-53e7-4319-9e27-12160a26c83e:group-E25B0DDAACA5 changes role from CANDIDATE to LEADER at term 1 for changeToLeader
2019-06-15 14:10:54,462 INFO  impl.RaftServerImpl (ServerState.java:setLeader(263)) - 1e149e73-53e7-4319-9e27-12160a26c83e:group-E25B0DDAACA5 change Leader from null to 1e149e73-53e7-4319-9e27-12160a26c83e at term 1 for becomeLeader, leader elected after 1134ms
2019-06-15 14:10:54,462 INFO  server.RaftServerConfigKeys (ConfUtils.java:logGet(43)) - raft.server.staging.catchup.gap = 1000 (default)
2019-06-15 14:10:54,462 INFO  server.RaftServerConfigKeys (ConfUtils.java:logGet(43)) - raft.server.rpc.sleep.time = 25ms (default)
2019-06-15 14:10:54,462 INFO  server.RaftServerConfigKeys (ConfUtils.java:logGet(43)) - raft.server.watch.timeout = 10s (default)
2019-06-15 14:10:54,462 INFO  server.RaftServerConfigKeys (ConfUtils.java:logGet(43)) - raft.server.watch.timeout.denomination = 1s (default)
2019-06-15 14:10:54,464 INFO  server.RaftServerConfigKeys (ConfUtils.java:logGet(43)) - raft.server.log.appender.snapshot.chunk.size.max = 16MB (=16777216) (default)
2019-06-15 14:10:54,464 INFO  server.RaftServerConfigKeys (ConfUtils.java:logGet(43)) - raft.server.log.appender.buffer.byte-limit = 33554432 (custom)
2019-06-15 14:10:54,464 INFO  server.RaftServerConfigKeys (ConfUtils.java:logGet(43)) - raft.server.log.appender.buffer.element-limit = 1 (custom)
2019-06-15 14:10:54,465 INFO  grpc.GrpcConfigKeys$Server (ConfUtils.java:logGet(43)) - raft.grpc.server.leader.outstanding.appends.max = 128 (default)
2019-06-15 14:10:54,465 INFO  server.RaftServerConfigKeys (ConfUtils.java:logGet(43)) - raft.server.rpc.request.timeout = 3000ms (default)
2019-06-15 14:10:54,465 INFO  server.RaftServerConfigKeys (ConfUtils.java:logGet(43)) - raft.server.log.appender.install.snapshot.enabled = true (default)
2019-06-15 14:10:54,466 INFO  server.RaftServerConfigKeys (ConfUtils.java:logGet(43)) - raft.server.log.appender.snapshot.chunk.size.max = 16MB (=16777216) (default)
2019-06-15 14:10:54,466 INFO  server.RaftServerConfigKeys (ConfUtils.java:logGet(43)) - raft.server.log.appender.buffer.byte-limit = 33554432 (custom)
2019-06-15 14:10:54,466 INFO  server.RaftServerConfigKeys (ConfUtils.java:logGet(43)) - raft.server.log.appender.buffer.element-limit = 1 (custom)
2019-06-15 14:10:54,466 INFO  grpc.GrpcConfigKeys$Server (ConfUtils.java:logGet(43)) - raft.grpc.server.leader.outstanding.appends.max = 128 (default)
2019-06-15 14:10:54,466 INFO  server.RaftServerConfigKeys (ConfUtils.java:logGet(43)) - raft.server.rpc.request.timeout = 3000ms (default)
2019-06-15 14:10:54,466 INFO  server.RaftServerConfigKeys (ConfUtils.java:logGet(43)) - raft.server.log.appender.install.snapshot.enabled = true (default)
2019-06-15 14:10:54,466 INFO  impl.RoleInfo (RoleInfo.java:updateAndGet(143)) - 1e149e73-53e7-4319-9e27-12160a26c83e: start LeaderState
2019-06-15 14:10:54,466 INFO  storage.RaftLogWorker (RaftLogWorker.java:startLogSegment(298)) - 1e149e73-53e7-4319-9e27-12160a26c83e-RaftLogWorker: Starting segment from index:0
2019-06-15 14:10:54,493 INFO  impl.RaftServerImpl (ServerState.java:setLeader(263)) - e068667e-1dce-444c-b1a2-fffed6f13eef:group-E25B0DDAACA5 change Leader from null to 1e149e73-53e7-4319-9e27-12160a26c83e at term 1 for appendEntries, leader elected after 1158ms
2019-06-15 14:10:54,512 INFO  impl.FollowerState (FollowerState.java:run(101)) - 31c47902-e24f-46cb-8adb-60efff8d69eb:group-49E1A5FAB014 changes to CANDIDATE, lastRpcTime:1066, electionTimeout:1056ms
2019-06-15 14:10:54,512 INFO  impl.RoleInfo (RoleInfo.java:shutdownFollowerState(121)) - 31c47902-e24f-46cb-8adb-60efff8d69eb: shutdown FollowerState
2019-06-15 14:10:54,512 INFO  impl.RaftServerImpl (RaftServerImpl.java:setRole(164)) - 31c47902-e24f-46cb-8adb-60efff8d69eb:group-49E1A5FAB014 changes role from FOLLOWER to CANDIDATE at term 0 for changeToCandidate
2019-06-15 14:10:54,512 INFO  impl.RoleInfo (RoleInfo.java:updateAndGet(143)) - 31c47902-e24f-46cb-8adb-60efff8d69eb: start LeaderElection
2019-06-15 14:10:54,512 INFO  impl.RaftServerImpl (ServerState.java:setRaftConf(361)) - 1e149e73-53e7-4319-9e27-12160a26c83e:group-E25B0DDAACA5 set configuration 0: [e068667e-1dce-444c-b1a2-fffed6f13eef:192.168.19.23:37579, 1e149e73-53e7-4319-9e27-12160a26c83e:192.168.19.23:38341, 231847dc-e78a-4b48-8e03-44872a69ae9d:192.168.19.23:46679], old=null at 0
2019-06-15 14:10:54,516 INFO  storage.RaftLogWorker (RaftLogWorker.java:execute(469)) - 1e149e73-53e7-4319-9e27-12160a26c83e-RaftLogWorker: created new log segment /opt/src/hadoop-ozone/integration-test/target/test-dir/MiniOzoneClusterImpl-149107bc-51df-4001-9ad5-938ee105cacd/datanode-2/data/ratis/17730288-1631-46b9-a403-e25b0ddaaca5/current/log_inprogress_0
2019-06-15 14:10:54,526 INFO  impl.RaftServerImpl (ServerState.java:setLeader(263)) - 231847dc-e78a-4b48-8e03-44872a69ae9d:group-E25B0DDAACA5 change Leader from null to 1e149e73-53e7-4319-9e27-12160a26c83e at term 1 for appendEntries, leader elected after 1201ms
2019-06-15 14:10:54,526 INFO  impl.LeaderElection (LeaderElection.java:askForVotes(181)) - 31c47902-e24f-46cb-8adb-60efff8d69eb:group-49E1A5FAB014:LeaderElection7: begin an election at term 1 for -1: [31c47902-e24f-46cb-8adb-60efff8d69eb:192.168.19.23:43803], old=null
2019-06-15 14:10:54,526 INFO  impl.RoleInfo (RoleInfo.java:shutdownLeaderElection(134)) - 31c47902-e24f-46cb-8adb-60efff8d69eb: shutdown LeaderElection
2019-06-15 14:10:54,526 INFO  impl.RaftServerImpl (RaftServerImpl.java:setRole(164)) - 31c47902-e24f-46cb-8adb-60efff8d69eb:group-49E1A5FAB014 changes role from CANDIDATE to LEADER at term 1 for changeToLeader
2019-06-15 14:10:54,526 INFO  impl.RaftServerImpl (ServerState.java:setLeader(263)) - 31c47902-e24f-46cb-8adb-60efff8d69eb:group-49E1A5FAB014 change Leader from null to 31c47902-e24f-46cb-8adb-60efff8d69eb at term 1 for becomeLeader, leader elected after 1082ms
2019-06-15 14:10:54,526 INFO  server.RaftServerConfigKeys (ConfUtils.java:logGet(43)) - raft.server.staging.catchup.gap = 1000 (default)
2019-06-15 14:10:54,526 INFO  server.RaftServerConfigKeys (ConfUtils.java:logGet(43)) - raft.server.rpc.sleep.time = 25ms (default)
2019-06-15 14:10:54,526 INFO  server.RaftServerConfigKeys (ConfUtils.java:logGet(43)) - raft.server.watch.timeout = 10s (default)
2019-06-15 14:10:54,526 INFO  server.RaftServerConfigKeys (ConfUtils.java:logGet(43)) - raft.server.watch.timeout.denomination = 1s (default)
2019-06-15 14:10:54,527 INFO  impl.RoleInfo (RoleInfo.java:updateAndGet(143)) - 31c47902-e24f-46cb-8adb-60efff8d69eb: start LeaderState
2019-06-15 14:10:54,527 INFO  storage.RaftLogWorker (RaftLogWorker.java:startLogSegment(298)) - 31c47902-e24f-46cb-8adb-60efff8d69eb-RaftLogWorker: Starting segment from index:0
2019-06-15 14:10:54,538 INFO  impl.FollowerState (FollowerState.java:run(101)) - 763e4a11-08e2-4549-a8dc-173862531bf4:group-7C51BB60225E changes to CANDIDATE, lastRpcTime:1051, electionTimeout:1045ms
2019-06-15 14:10:54,538 INFO  impl.RoleInfo (RoleInfo.java:shutdownFollowerState(121)) - 763e4a11-08e2-4549-a8dc-173862531bf4: shutdown FollowerState
2019-06-15 14:10:54,538 INFO  impl.RaftServerImpl (RaftServerImpl.java:setRole(164)) - 763e4a11-08e2-4549-a8dc-173862531bf4:group-7C51BB60225E changes role from FOLLOWER to CANDIDATE at term 0 for changeToCandidate
2019-06-15 14:10:54,540 INFO  impl.RaftServerImpl (ServerState.java:setRaftConf(361)) - e068667e-1dce-444c-b1a2-fffed6f13eef:group-E25B0DDAACA5 set configuration 0: [e068667e-1dce-444c-b1a2-fffed6f13eef:192.168.19.23:37579, 1e149e73-53e7-4319-9e27-12160a26c83e:192.168.19.23:38341, 231847dc-e78a-4b48-8e03-44872a69ae9d:192.168.19.23:46679], old=null at 0
2019-06-15 14:10:54,540 INFO  storage.RaftLogWorker (RaftLogWorker.java:startLogSegment(298)) - e068667e-1dce-444c-b1a2-fffed6f13eef-RaftLogWorker: Starting segment from index:0
2019-06-15 14:10:54,540 INFO  impl.RaftServerImpl (ServerState.java:setRaftConf(361)) - 231847dc-e78a-4b48-8e03-44872a69ae9d:group-E25B0DDAACA5 set configuration 0: [e068667e-1dce-444c-b1a2-fffed6f13eef:192.168.19.23:37579, 1e149e73-53e7-4319-9e27-12160a26c83e:192.168.19.23:38341, 231847dc-e78a-4b48-8e03-44872a69ae9d:192.168.19.23:46679], old=null at 0
2019-06-15 14:10:54,541 INFO  storage.RaftLogWorker (RaftLogWorker.java:startLogSegment(298)) - 231847dc-e78a-4b48-8e03-44872a69ae9d-RaftLogWorker: Starting segment from index:0
2019-06-15 14:10:54,545 INFO  impl.RaftServerImpl (ServerState.java:setRaftConf(361)) - 31c47902-e24f-46cb-8adb-60efff8d69eb:group-49E1A5FAB014 set configuration 0: [31c47902-e24f-46cb-8adb-60efff8d69eb:192.168.19.23:43803], old=null at 0
2019-06-15 14:10:54,546 INFO  impl.RoleInfo (RoleInfo.java:updateAndGet(143)) - 763e4a11-08e2-4549-a8dc-173862531bf4: start LeaderElection
2019-06-15 14:10:54,588 INFO  ozone.MiniOzoneClusterImpl (MiniOzoneClusterImpl.java:lambda$waitForClusterToBeReady$0(142)) - Cluster is ready. Got 7 of 7 DN Heartbeats.
2019-06-15 14:10:54,589 INFO  impl.FollowerState (FollowerState.java:run(101)) - 03fce918-d0a7-4cd9-a665-be2ded7ac46f:group-7C51BB60225E changes to CANDIDATE, lastRpcTime:1111, electionTimeout:1095ms
2019-06-15 14:10:54,590 INFO  impl.RoleInfo (RoleInfo.java:shutdownFollowerState(121)) - 03fce918-d0a7-4cd9-a665-be2ded7ac46f: shutdown FollowerState
2019-06-15 14:10:54,590 INFO  impl.RaftServerImpl (RaftServerImpl.java:setRole(164)) - 03fce918-d0a7-4cd9-a665-be2ded7ac46f:group-7C51BB60225E changes role from FOLLOWER to CANDIDATE at term 0 for changeToCandidate
2019-06-15 14:10:54,590 INFO  impl.RoleInfo (RoleInfo.java:updateAndGet(143)) - 03fce918-d0a7-4cd9-a665-be2ded7ac46f: start LeaderElection
2019-06-15 14:10:54,590 INFO  storage.RaftLogWorker (RaftLogWorker.java:execute(469)) - 231847dc-e78a-4b48-8e03-44872a69ae9d-RaftLogWorker: created new log segment /opt/src/hadoop-ozone/integration-test/target/test-dir/MiniOzoneClusterImpl-149107bc-51df-4001-9ad5-938ee105cacd/datanode-1/data/ratis/17730288-1631-46b9-a403-e25b0ddaaca5/current/log_inprogress_0
2019-06-15 14:10:54,591 INFO  storage.RaftLogWorker (RaftLogWorker.java:execute(469)) - e068667e-1dce-444c-b1a2-fffed6f13eef-RaftLogWorker: created new log segment /opt/src/hadoop-ozone/integration-test/target/test-dir/MiniOzoneClusterImpl-149107bc-51df-4001-9ad5-938ee105cacd/datanode-3/data/ratis/17730288-1631-46b9-a403-e25b0ddaaca5/current/log_inprogress_0
2019-06-15 14:10:54,607 INFO  impl.LeaderElection (LeaderElection.java:askForVotes(181)) - 763e4a11-08e2-4549-a8dc-173862531bf4:group-7C51BB60225E:LeaderElection8: begin an election at term 1 for -1: [31c47902-e24f-46cb-8adb-60efff8d69eb:192.168.19.23:43803, 03fce918-d0a7-4cd9-a665-be2ded7ac46f:192.168.19.23:33803, 763e4a11-08e2-4549-a8dc-173862531bf4:192.168.19.23:40839], old=null
2019-06-15 14:10:54,611 INFO  storage.RaftLogWorker (RaftLogWorker.java:execute(469)) - 31c47902-e24f-46cb-8adb-60efff8d69eb-RaftLogWorker: created new log segment /opt/src/hadoop-ozone/integration-test/target/test-dir/MiniOzoneClusterImpl-149107bc-51df-4001-9ad5-938ee105cacd/datanode-5/data/ratis/1c8596fe-d4f5-4930-8e9a-49e1a5fab014/current/log_inprogress_0
2019-06-15 14:10:54,616 INFO  impl.LeaderElection (LeaderElection.java:askForVotes(181)) - 03fce918-d0a7-4cd9-a665-be2ded7ac46f:group-7C51BB60225E:LeaderElection9: begin an election at term 1 for -1: [31c47902-e24f-46cb-8adb-60efff8d69eb:192.168.19.23:43803, 03fce918-d0a7-4cd9-a665-be2ded7ac46f:192.168.19.23:33803, 763e4a11-08e2-4549-a8dc-173862531bf4:192.168.19.23:40839], old=null
2019-06-15 14:10:54,639 INFO  impl.FollowerState (FollowerState.java:run(101)) - 31c47902-e24f-46cb-8adb-60efff8d69eb:group-7C51BB60225E changes to CANDIDATE, lastRpcTime:1157, electionTimeout:1157ms
2019-06-15 14:10:54,639 INFO  impl.RoleInfo (RoleInfo.java:shutdownFollowerState(121)) - 31c47902-e24f-46cb-8adb-60efff8d69eb: shutdown FollowerState
2019-06-15 14:10:54,639 INFO  impl.RaftServerImpl (RaftServerImpl.java:setRole(164)) - 31c47902-e24f-46cb-8adb-60efff8d69eb:group-7C51BB60225E changes role from FOLLOWER to CANDIDATE at term 0 for changeToCandidate
2019-06-15 14:10:54,639 INFO  impl.RoleInfo (RoleInfo.java:updateAndGet(143)) - 31c47902-e24f-46cb-8adb-60efff8d69eb: start LeaderElection
2019-06-15 14:10:54,656 INFO  impl.LeaderElection (LeaderElection.java:askForVotes(181)) - 31c47902-e24f-46cb-8adb-60efff8d69eb:group-7C51BB60225E:LeaderElection10: begin an election at term 1 for -1: [31c47902-e24f-46cb-8adb-60efff8d69eb:192.168.19.23:43803, 03fce918-d0a7-4cd9-a665-be2ded7ac46f:192.168.19.23:33803, 763e4a11-08e2-4549-a8dc-173862531bf4:192.168.19.23:40839], old=null
2019-06-15 14:10:54,664 INFO  impl.LeaderElection (LeaderElection.java:logAndReturn(56)) - 763e4a11-08e2-4549-a8dc-173862531bf4:group-7C51BB60225E:LeaderElection8: Election REJECTED; received 2 response(s) [763e4a11-08e2-4549-a8dc-173862531bf4->31c47902-e24f-46cb-8adb-60efff8d69eb,false-t1, 763e4a11-08e2-4549-a8dc-173862531bf4->03fce918-d0a7-4cd9-a665-be2ded7ac46f,false-t1] and 0 exception(s); 763e4a11-08e2-4549-a8dc-173862531bf4:t1, leader=null, voted=763e4a11-08e2-4549-a8dc-173862531bf4, raftlog=763e4a11-08e2-4549-a8dc-173862531bf4-SegmentedRaftLog:OPENED:c-1,f-1,i0, conf=-1: [31c47902-e24f-46cb-8adb-60efff8d69eb:192.168.19.23:43803, 03fce918-d0a7-4cd9-a665-be2ded7ac46f:192.168.19.23:33803, 763e4a11-08e2-4549-a8dc-173862531bf4:192.168.19.23:40839], old=null
2019-06-15 14:10:54,664 INFO  impl.RaftServerImpl (RaftServerImpl.java:setRole(164)) - 763e4a11-08e2-4549-a8dc-173862531bf4:group-7C51BB60225E changes role from CANDIDATE to FOLLOWER at term 1 for DISCOVERED_A_NEW_TERM
2019-06-15 14:10:54,664 INFO  impl.RoleInfo (RoleInfo.java:shutdownLeaderElection(134)) - 763e4a11-08e2-4549-a8dc-173862531bf4: shutdown LeaderElection
2019-06-15 14:10:54,664 INFO  impl.LeaderElection (LeaderElection.java:logAndReturn(56)) - 03fce918-d0a7-4cd9-a665-be2ded7ac46f:group-7C51BB60225E:LeaderElection9: Election REJECTED; received 2 response(s) [03fce918-d0a7-4cd9-a665-be2ded7ac46f->31c47902-e24f-46cb-8adb-60efff8d69eb,false-t1, 03fce918-d0a7-4cd9-a665-be2ded7ac46f->763e4a11-08e2-4549-a8dc-173862531bf4,false-t1] and 0 exception(s); 03fce918-d0a7-4cd9-a665-be2ded7ac46f:t1, leader=null, voted=03fce918-d0a7-4cd9-a665-be2ded7ac46f, raftlog=03fce918-d0a7-4cd9-a665-be2ded7ac46f-SegmentedRaftLog:OPENED:c-1,f-1,i0, conf=-1: [31c47902-e24f-46cb-8adb-60efff8d69eb:192.168.19.23:43803, 03fce918-d0a7-4cd9-a665-be2ded7ac46f:192.168.19.23:33803, 763e4a11-08e2-4549-a8dc-173862531bf4:192.168.19.23:40839], old=null
2019-06-15 14:10:54,664 INFO  impl.RoleInfo (RoleInfo.java:updateAndGet(143)) - 763e4a11-08e2-4549-a8dc-173862531bf4: start FollowerState
2019-06-15 14:10:54,668 INFO  impl.RaftServerImpl (RaftServerImpl.java:setRole(164)) - 03fce918-d0a7-4cd9-a665-be2ded7ac46f:group-7C51BB60225E changes role from CANDIDATE to FOLLOWER at term 1 for DISCOVERED_A_NEW_TERM
2019-06-15 14:10:54,670 INFO  impl.RoleInfo (RoleInfo.java:shutdownLeaderElection(134)) - 03fce918-d0a7-4cd9-a665-be2ded7ac46f: shutdown LeaderElection
2019-06-15 14:10:54,670 INFO  impl.RoleInfo (RoleInfo.java:updateAndGet(143)) - 03fce918-d0a7-4cd9-a665-be2ded7ac46f: start FollowerState
2019-06-15 14:10:54,675 INFO  impl.FollowerState (FollowerState.java:run(101)) - 04671fb4-04ef-42b5-96db-f33e0b1ccb39:group-3ABDB0AF7105 changes to CANDIDATE, lastRpcTime:1052, electionTimeout:1052ms
2019-06-15 14:10:54,675 INFO  impl.RoleInfo (RoleInfo.java:shutdownFollowerState(121)) - 04671fb4-04ef-42b5-96db-f33e0b1ccb39: shutdown FollowerState
2019-06-15 14:10:54,675 INFO  impl.RaftServerImpl (RaftServerImpl.java:setRole(164)) - 04671fb4-04ef-42b5-96db-f33e0b1ccb39:group-3ABDB0AF7105 changes role from FOLLOWER to CANDIDATE at term 0 for changeToCandidate
2019-06-15 14:10:54,676 INFO  impl.RoleInfo (RoleInfo.java:updateAndGet(143)) - 04671fb4-04ef-42b5-96db-f33e0b1ccb39: start LeaderElection
2019-06-15 14:10:54,683 INFO  impl.LeaderElection (LeaderElection.java:askForVotes(181)) - 04671fb4-04ef-42b5-96db-f33e0b1ccb39:group-3ABDB0AF7105:LeaderElection11: begin an election at term 1 for -1: [04671fb4-04ef-42b5-96db-f33e0b1ccb39:192.168.19.23:38437], old=null
2019-06-15 14:10:54,684 INFO  impl.RoleInfo (RoleInfo.java:shutdownLeaderElection(134)) - 04671fb4-04ef-42b5-96db-f33e0b1ccb39: shutdown LeaderElection
2019-06-15 14:10:54,684 INFO  impl.RaftServerImpl (RaftServerImpl.java:setRole(164)) - 04671fb4-04ef-42b5-96db-f33e0b1ccb39:group-3ABDB0AF7105 changes role from CANDIDATE to LEADER at term 1 for changeToLeader
2019-06-15 14:10:54,684 INFO  impl.RaftServerImpl (ServerState.java:setLeader(263)) - 04671fb4-04ef-42b5-96db-f33e0b1ccb39:group-3ABDB0AF7105 change Leader from null to 04671fb4-04ef-42b5-96db-f33e0b1ccb39 at term 1 for becomeLeader, leader elected after 1063ms
2019-06-15 14:10:54,684 INFO  server.RaftServerConfigKeys (ConfUtils.java:logGet(43)) - raft.server.staging.catchup.gap = 1000 (default)
2019-06-15 14:10:54,684 INFO  server.RaftServerConfigKeys (ConfUtils.java:logGet(43)) - raft.server.rpc.sleep.time = 25ms (default)
2019-06-15 14:10:54,684 INFO  server.RaftServerConfigKeys (ConfUtils.java:logGet(43)) - raft.server.watch.timeout = 10s (default)
2019-06-15 14:10:54,684 INFO  server.RaftServerConfigKeys (ConfUtils.java:logGet(43)) - raft.server.watch.timeout.denomination = 1s (default)
2019-06-15 14:10:54,684 INFO  impl.RoleInfo (RoleInfo.java:updateAndGet(143)) - 04671fb4-04ef-42b5-96db-f33e0b1ccb39: start LeaderState
2019-06-15 14:10:54,684 INFO  storage.RaftLogWorker (RaftLogWorker.java:startLogSegment(298)) - 04671fb4-04ef-42b5-96db-f33e0b1ccb39-RaftLogWorker: Starting segment from index:0
2019-06-15 14:10:54,708 INFO  impl.RaftServerImpl (ServerState.java:setRaftConf(361)) - 04671fb4-04ef-42b5-96db-f33e0b1ccb39:group-3ABDB0AF7105 set configuration 0: [04671fb4-04ef-42b5-96db-f33e0b1ccb39:192.168.19.23:38437], old=null at 0
2019-06-15 14:10:54,729 INFO  storage.RaftLogWorker (RaftLogWorker.java:execute(469)) - 04671fb4-04ef-42b5-96db-f33e0b1ccb39-RaftLogWorker: created new log segment /opt/src/hadoop-ozone/integration-test/target/test-dir/MiniOzoneClusterImpl-149107bc-51df-4001-9ad5-938ee105cacd/datanode-6/data/ratis/25b8f3c7-fe8c-43f2-be40-3abdb0af7105/current/log_inprogress_0
2019-06-15 14:10:54,737 INFO  impl.LeaderElection (LeaderElection.java:logAndReturn(56)) - 31c47902-e24f-46cb-8adb-60efff8d69eb:group-7C51BB60225E:LeaderElection10: Election REJECTED; received 2 response(s) [31c47902-e24f-46cb-8adb-60efff8d69eb->03fce918-d0a7-4cd9-a665-be2ded7ac46f,false-t1, 31c47902-e24f-46cb-8adb-60efff8d69eb->763e4a11-08e2-4549-a8dc-173862531bf4,false-t1] and 0 exception(s); 31c47902-e24f-46cb-8adb-60efff8d69eb:t1, leader=null, voted=31c47902-e24f-46cb-8adb-60efff8d69eb, raftlog=31c47902-e24f-46cb-8adb-60efff8d69eb-SegmentedRaftLog:OPENED:c-1,f-1,i0, conf=-1: [31c47902-e24f-46cb-8adb-60efff8d69eb:192.168.19.23:43803, 03fce918-d0a7-4cd9-a665-be2ded7ac46f:192.168.19.23:33803, 763e4a11-08e2-4549-a8dc-173862531bf4:192.168.19.23:40839], old=null
2019-06-15 14:10:54,737 INFO  impl.RaftServerImpl (RaftServerImpl.java:setRole(164)) - 31c47902-e24f-46cb-8adb-60efff8d69eb:group-7C51BB60225E changes role from CANDIDATE to FOLLOWER at term 1 for DISCOVERED_A_NEW_TERM
2019-06-15 14:10:54,737 INFO  impl.RoleInfo (RoleInfo.java:shutdownLeaderElection(134)) - 31c47902-e24f-46cb-8adb-60efff8d69eb: shutdown LeaderElection
2019-06-15 14:10:54,738 INFO  impl.RoleInfo (RoleInfo.java:updateAndGet(143)) - 31c47902-e24f-46cb-8adb-60efff8d69eb: start FollowerState
2019-06-15 14:10:54,893 INFO  rpc.RpcClient (RpcClient.java:createVolume(289)) - Creating Volume: watchforcommithandlingtest, with jenkins1000 as owner.
2019-06-15 14:10:54,934 INFO  rpc.RpcClient (RpcClient.java:createBucket(426)) - Creating Bucket: watchforcommithandlingtest/watchforcommithandlingtest, with Versioning false and Storage Type set to DISK and Encryption set to false 
2019-06-15 14:10:54,947 INFO  ozone.MiniOzoneClusterImpl (MiniOzoneClusterImpl.java:getStorageContainerLocationClient(241)) - Creating StorageContainerLocationProtocol RPC client with address /0.0.0.0:36455
2019-06-15 14:10:55,225 INFO  client.GrpcClientProtocolClient (GrpcClientProtocolClient.java:onNext(254)) - client-A54AF212FCF3->1e149e73-53e7-4319-9e27-12160a26c83e: receive RaftClientReply:client-A54AF212FCF3->1e149e73-53e7-4319-9e27-12160a26c83e@group-E25B0DDAACA5, cid=13, SUCCESS, logIndex=1, commits[1e149e73-53e7-4319-9e27-12160a26c83e:c1, e068667e-1dce-444c-b1a2-fffed6f13eef:c0, 231847dc-e78a-4b48-8e03-44872a69ae9d:c1]
2019-06-15 14:10:55,243 INFO  client.GrpcClientProtocolClient (GrpcClientProtocolClient.java:onNext(254)) - client-A54AF212FCF3->1e149e73-53e7-4319-9e27-12160a26c83e: receive RaftClientReply:client-A54AF212FCF3->1e149e73-53e7-4319-9e27-12160a26c83e@group-E25B0DDAACA5, cid=14, SUCCESS, logIndex=3, commits[1e149e73-53e7-4319-9e27-12160a26c83e:c3, e068667e-1dce-444c-b1a2-fffed6f13eef:c1, 231847dc-e78a-4b48-8e03-44872a69ae9d:c2]
2019-06-15 14:10:55,302 INFO  client.GrpcClientProtocolClient (GrpcClientProtocolClient.java:onNext(254)) - client-A54AF212FCF3->1e149e73-53e7-4319-9e27-12160a26c83e: receive RaftClientReply:client-A54AF212FCF3->1e149e73-53e7-4319-9e27-12160a26c83e@group-E25B0DDAACA5, cid=15, SUCCESS, logIndex=5, commits[1e149e73-53e7-4319-9e27-12160a26c83e:c10, e068667e-1dce-444c-b1a2-fffed6f13eef:c6, 231847dc-e78a-4b48-8e03-44872a69ae9d:c5]
2019-06-15 14:10:55,310 INFO  client.GrpcClientProtocolClient (GrpcClientProtocolClient.java:onNext(254)) - client-A54AF212FCF3->1e149e73-53e7-4319-9e27-12160a26c83e: receive RaftClientReply:client-A54AF212FCF3->1e149e73-53e7-4319-9e27-12160a26c83e@group-E25B0DDAACA5, cid=16, SUCCESS, logIndex=6, commits[1e149e73-53e7-4319-9e27-12160a26c83e:c12, e068667e-1dce-444c-b1a2-fffed6f13eef:c8, 231847dc-e78a-4b48-8e03-44872a69ae9d:c9]
2019-06-15 14:10:55,310 INFO  client.GrpcClientProtocolClient (GrpcClientProtocolClient.java:onNext(254)) - client-A54AF212FCF3->1e149e73-53e7-4319-9e27-12160a26c83e: receive RaftClientReply:client-A54AF212FCF3->1e149e73-53e7-4319-9e27-12160a26c83e@group-E25B0DDAACA5, cid=17, SUCCESS, logIndex=7, commits[1e149e73-53e7-4319-9e27-12160a26c83e:c12, e068667e-1dce-444c-b1a2-fffed6f13eef:c9, 231847dc-e78a-4b48-8e03-44872a69ae9d:c9]
2019-06-15 14:10:55,320 INFO  client.GrpcClientProtocolClient (GrpcClientProtocolClient.java:onNext(254)) - client-A54AF212FCF3->1e149e73-53e7-4319-9e27-12160a26c83e: receive RaftClientReply:client-A54AF212FCF3->1e149e73-53e7-4319-9e27-12160a26c83e@group-E25B0DDAACA5, cid=18, SUCCESS, logIndex=8, commits[1e149e73-53e7-4319-9e27-12160a26c83e:c12, e068667e-1dce-444c-b1a2-fffed6f13eef:c9, 231847dc-e78a-4b48-8e03-44872a69ae9d:c9]
2019-06-15 14:10:55,337 INFO  client.GrpcClientProtocolClient (GrpcClientProtocolClient.java:onNext(254)) - client-A54AF212FCF3->1e149e73-53e7-4319-9e27-12160a26c83e: receive RaftClientReply:client-A54AF212FCF3->1e149e73-53e7-4319-9e27-12160a26c83e@group-E25B0DDAACA5, cid=19, SUCCESS, logIndex=13, commits[1e149e73-53e7-4319-9e27-12160a26c83e:c13, e068667e-1dce-444c-b1a2-fffed6f13eef:c12, 231847dc-e78a-4b48-8e03-44872a69ae9d:c12]
2019-06-15 14:10:55,346 INFO  client.GrpcClientProtocolClient (GrpcClientProtocolClient.java:onNext(254)) - client-A54AF212FCF3->1e149e73-53e7-4319-9e27-12160a26c83e: receive RaftClientReply:client-A54AF212FCF3->1e149e73-53e7-4319-9e27-12160a26c83e@group-E25B0DDAACA5, cid=20, SUCCESS, logIndex=15, commits[1e149e73-53e7-4319-9e27-12160a26c83e:c15, e068667e-1dce-444c-b1a2-fffed6f13eef:c14, 231847dc-e78a-4b48-8e03-44872a69ae9d:c14]
2019-06-15 14:10:55,362 INFO  client.GrpcClientProtocolClient (GrpcClientProtocolClient.java:onNext(254)) - client-A54AF212FCF3->1e149e73-53e7-4319-9e27-12160a26c83e: receive RaftClientReply:client-A54AF212FCF3->1e149e73-53e7-4319-9e27-12160a26c83e@group-E25B0DDAACA5, cid=21, SUCCESS, logIndex=0, commits[1e149e73-53e7-4319-9e27-12160a26c83e:c16, e068667e-1dce-444c-b1a2-fffed6f13eef:c15, 231847dc-e78a-4b48-8e03-44872a69ae9d:c15]
2019-06-15 14:10:55,363 INFO  datanode.ObjectStoreHandler (ObjectStoreHandler.java:close(155)) - Closing ObjectStoreHandler.
2019-06-15 14:10:55,363 INFO  ozone.HddsDatanodeService (HddsDatanodeService.java:stop(452)) - Stopped plug-in org.apache.hadoop.ozone.web.OzoneHddsDatanodeService@110b7837
2019-06-15 14:10:55,364 INFO  statemachine.DatanodeStateMachine (DatanodeStateMachine.java:lambda$startDaemon$0(350)) - Ozone container server started.
2019-06-15 14:10:55,364 INFO  ozoneimpl.OzoneContainer (OzoneContainer.java:stop(199)) - Attempting to stop container services.
2019-06-15 14:10:55,365 INFO  impl.RaftServerProxy (RaftServerProxy.java:lambda$close$4(314)) - 1e149e73-53e7-4319-9e27-12160a26c83e: close
2019-06-15 14:10:55,366 INFO  impl.RaftServerImpl (RaftServerImpl.java:lambda$shutdown$3(238)) - 1e149e73-53e7-4319-9e27-12160a26c83e: shutdown group-E25B0DDAACA5
2019-06-15 14:10:55,366 INFO  util.JmxRegister (JmxRegister.java:unregister(73)) - Successfully un-registered JMX Bean with object name Ratis:service=RaftServer,group=group-E25B0DDAACA5,id=1e149e73-53e7-4319-9e27-12160a26c83e
2019-06-15 14:10:55,366 INFO  impl.RoleInfo (RoleInfo.java:shutdownLeaderState(104)) - 1e149e73-53e7-4319-9e27-12160a26c83e: shutdown LeaderState
2019-06-15 14:10:55,367 WARN  server.GrpcLogAppender (GrpcLogAppender.java:mayWait(142)) - GrpcLogAppender(1e149e73-53e7-4319-9e27-12160a26c83e -> 231847dc-e78a-4b48-8e03-44872a69ae9d): Wait interrupted by java.lang.InterruptedException
2019-06-15 14:10:55,367 WARN  server.GrpcLogAppender (GrpcLogAppender.java:mayWait(142)) - GrpcLogAppender(1e149e73-53e7-4319-9e27-12160a26c83e -> e068667e-1dce-444c-b1a2-fffed6f13eef): Wait interrupted by java.lang.InterruptedException
2019-06-15 14:10:55,368 INFO  impl.PendingRequests (PendingRequests.java:sendNotLeaderResponses(140)) - 1e149e73-53e7-4319-9e27-12160a26c83e-PendingRequests: sendNotLeaderResponses
2019-06-15 14:10:55,369 INFO  server.GrpcServerProtocolService (GrpcServerProtocolService.java:onCompleted(104)) - 231847dc-e78a-4b48-8e03-44872a69ae9d: appendEntries completed
2019-06-15 14:10:55,369 INFO  server.GrpcServerProtocolService (GrpcServerProtocolService.java:onCompleted(104)) - e068667e-1dce-444c-b1a2-fffed6f13eef: appendEntries completed
2019-06-15 14:10:55,375 INFO  server.GrpcLogAppender (GrpcLogAppender.java:onCompleted(277)) - 1e149e73-53e7-4319-9e27-12160a26c83e: follower 1e149e73-53e7-4319-9e27-12160a26c83e->231847dc-e78a-4b48-8e03-44872a69ae9d(c15,m16,n17, attendVote=true, lastRpcSendTime=32, lastRpcResponseTime=25) response Completed
2019-06-15 14:10:55,378 INFO  impl.FollowerInfo (FollowerInfo.java:lambda$new$0(50)) - 1e149e73-53e7-4319-9e27-12160a26c83e->231847dc-e78a-4b48-8e03-44872a69ae9d: nextIndex: updateUnconditionally 17 -> 0
2019-06-15 14:10:55,378 INFO  server.GrpcLogAppender (GrpcLogAppender.java:onCompleted(277)) - 1e149e73-53e7-4319-9e27-12160a26c83e: follower 1e149e73-53e7-4319-9e27-12160a26c83e->e068667e-1dce-444c-b1a2-fffed6f13eef(c15,m16,n17, attendVote=true, lastRpcSendTime=35, lastRpcResponseTime=26) response Completed
2019-06-15 14:10:55,379 INFO  impl.FollowerInfo (FollowerInfo.java:lambda$new$0(50)) - 1e149e73-53e7-4319-9e27-12160a26c83e->e068667e-1dce-444c-b1a2-fffed6f13eef: nextIndex: updateUnconditionally 17 -> 0
2019-06-15 14:10:55,387 INFO  ratis.ContainerStateMachine (ContainerStateMachine.java:takeSnapshot(245)) - Taking snapshot at termIndex:(t:1, i:15)
2019-06-15 14:10:55,387 INFO  ratis.ContainerStateMachine (ContainerStateMachine.java:takeSnapshot(249)) - Taking a snapshot to file /opt/src/hadoop-ozone/integration-test/target/test-dir/MiniOzoneClusterImpl-149107bc-51df-4001-9ad5-938ee105cacd/datanode-2/data/ratis/17730288-1631-46b9-a403-e25b0ddaaca5/sm/snapshot.1_15
2019-06-15 14:10:55,392 INFO  impl.StateMachineUpdater (StateMachineUpdater.java:stopAndJoin(109)) - StateMachineUpdater-1e149e73-53e7-4319-9e27-12160a26c83e-group-E25B0DDAACA5: set stopIndex = 16
2019-06-15 14:10:55,395 INFO  impl.RaftServerImpl (ServerState.java:close(394)) - 1e149e73-53e7-4319-9e27-12160a26c83e:group-E25B0DDAACA5 closes. The last applied log index is 16
2019-06-15 14:10:55,395 INFO  storage.RaftLogWorker (RaftLogWorker.java:run(236)) - 1e149e73-53e7-4319-9e27-12160a26c83e-RaftLogWorker was interrupted, exiting. There are 0 tasks remaining in the queue.
2019-06-15 14:10:55,398 INFO  storage.RaftLogWorker (RaftLogWorker.java:close(168)) - 1e149e73-53e7-4319-9e27-12160a26c83e-RaftLogWorker close()
2019-06-15 14:10:55,402 INFO  impl.RaftServerImpl (RaftServerImpl.java:lambda$shutdown$3(238)) - 1e149e73-53e7-4319-9e27-12160a26c83e: shutdown group-C084D7E581A8
2019-06-15 14:10:55,403 INFO  util.JmxRegister (JmxRegister.java:unregister(73)) - Successfully un-registered JMX Bean with object name Ratis:service=RaftServer,group=group-C084D7E581A8,id=1e149e73-53e7-4319-9e27-12160a26c83e
2019-06-15 14:10:55,403 INFO  impl.RoleInfo (RoleInfo.java:shutdownLeaderState(104)) - 1e149e73-53e7-4319-9e27-12160a26c83e: shutdown LeaderState
2019-06-15 14:10:55,403 INFO  impl.PendingRequests (PendingRequests.java:sendNotLeaderResponses(140)) - 1e149e73-53e7-4319-9e27-12160a26c83e-PendingRequests: sendNotLeaderResponses
2019-06-15 14:10:55,403 INFO  impl.StateMachineUpdater (StateMachineUpdater.java:stopAndJoin(109)) - StateMachineUpdater-1e149e73-53e7-4319-9e27-12160a26c83e-group-C084D7E581A8: set stopIndex = 0
2019-06-15 14:10:55,403 INFO  ratis.ContainerStateMachine (ContainerStateMachine.java:takeSnapshot(245)) - Taking snapshot at termIndex:(t:0, i:~)
2019-06-15 14:10:55,404 INFO  impl.RaftServerImpl (ServerState.java:close(394)) - 1e149e73-53e7-4319-9e27-12160a26c83e:group-C084D7E581A8 closes. The last applied log index is 0
2019-06-15 14:10:55,404 INFO  storage.RaftLogWorker (RaftLogWorker.java:run(236)) - 1e149e73-53e7-4319-9e27-12160a26c83e-RaftLogWorker was interrupted, exiting. There are 0 tasks remaining in the queue.
2019-06-15 14:10:55,407 INFO  storage.RaftLogWorker (RaftLogWorker.java:close(168)) - 1e149e73-53e7-4319-9e27-12160a26c83e-RaftLogWorker close()
2019-06-15 14:10:55,410 INFO  server.GrpcService (GrpcService.java:closeImpl(154)) - 1e149e73-53e7-4319-9e27-12160a26c83e: shutdown server with port 38341 now
2019-06-15 14:10:55,416 WARN  client.GrpcClientProtocolService (LogUtils.java:warn(134)) - 1-UnorderedRequestStreamObserver1: onError: org.apache.ratis.thirdparty.io.grpc.StatusRuntimeException: CANCELLED: cancelled before receiving half close
2019-06-15 14:10:55,417 INFO  server.GrpcService (GrpcService.java:closeImpl(162)) - 1e149e73-53e7-4319-9e27-12160a26c83e: shutdown server with port 38341 successfully
2019-06-15 14:10:55,421 WARN  fs.CachingGetSpaceUsed (CachingGetSpaceUsed.java:run(183)) - Thread Interrupted waiting to refresh disk information: sleep interrupted
2019-06-15 14:10:55,433 INFO  statemachine.DatanodeStateMachine (DatanodeStateMachine.java:stopDaemon(395)) - Ozone container server stopped.
2019-06-15 14:10:55,435 INFO  handler.ContextHandler (ContextHandler.java:doStop(910)) - Stopped o.e.j.w.WebAppContext@188a5fc2{/,null,UNAVAILABLE}{/hddsDatanode}
2019-06-15 14:10:55,439 INFO  server.AbstractConnector (AbstractConnector.java:doStop(318)) - Stopped ServerConnector@799c1a7b{HTTP/1.1,[http/1.1]}{0.0.0.0:0}
2019-06-15 14:10:55,439 INFO  handler.ContextHandler (ContextHandler.java:doStop(910)) - Stopped o.e.j.s.ServletContextHandler@611e5819{/static,jar:file:/home/user/.m2/repository/org/apache/hadoop/hadoop-hdds-container-service/0.5.0-SNAPSHOT/hadoop-hdds-container-service-0.5.0-SNAPSHOT.jar!/webapps/static,UNAVAILABLE}
2019-06-15 14:10:55,439 INFO  handler.ContextHandler (ContextHandler.java:doStop(910)) - Stopped o.e.j.s.ServletContextHandler@4fba8eec{/logs,file:///opt/src/hadoop-ozone/integration-test/target/log,UNAVAILABLE}
2019-06-15 14:10:55,440 INFO  datanode.ObjectStoreHandler (ObjectStoreHandler.java:close(155)) - Closing ObjectStoreHandler.
2019-06-15 14:10:55,441 INFO  ozone.HddsDatanodeService (HddsDatanodeService.java:stop(452)) - Stopped plug-in org.apache.hadoop.ozone.web.OzoneHddsDatanodeService@2ba42204
2019-06-15 14:10:55,441 INFO  statemachine.DatanodeStateMachine (DatanodeStateMachine.java:lambda$startDaemon$0(350)) - Ozone container server started.
2019-06-15 14:10:55,441 INFO  ozoneimpl.OzoneContainer (OzoneContainer.java:stop(199)) - Attempting to stop container services.
2019-06-15 14:10:55,441 INFO  impl.RaftServerProxy (RaftServerProxy.java:lambda$close$4(314)) - 231847dc-e78a-4b48-8e03-44872a69ae9d: close
2019-06-15 14:10:55,441 INFO  impl.RaftServerImpl (RaftServerImpl.java:lambda$shutdown$3(238)) - 231847dc-e78a-4b48-8e03-44872a69ae9d: shutdown group-1752B92DA6F4
2019-06-15 14:10:55,442 INFO  util.JmxRegister (JmxRegister.java:unregister(73)) - Successfully un-registered JMX Bean with object name Ratis:service=RaftServer,group=group-1752B92DA6F4,id=231847dc-e78a-4b48-8e03-44872a69ae9d
2019-06-15 14:10:55,442 INFO  impl.RoleInfo (RoleInfo.java:shutdownLeaderState(104)) - 231847dc-e78a-4b48-8e03-44872a69ae9d: shutdown LeaderState
2019-06-15 14:10:55,442 INFO  impl.PendingRequests (PendingRequests.java:sendNotLeaderResponses(140)) - 231847dc-e78a-4b48-8e03-44872a69ae9d-PendingRequests: sendNotLeaderResponses
2019-06-15 14:10:55,442 INFO  impl.StateMachineUpdater (StateMachineUpdater.java:stopAndJoin(109)) - StateMachineUpdater-231847dc-e78a-4b48-8e03-44872a69ae9d-group-1752B92DA6F4: set stopIndex = 0
2019-06-15 14:10:55,442 INFO  ratis.ContainerStateMachine (ContainerStateMachine.java:takeSnapshot(245)) - Taking snapshot at termIndex:(t:0, i:~)
2019-06-15 14:10:55,443 INFO  impl.RaftServerImpl (ServerState.java:close(394)) - 231847dc-e78a-4b48-8e03-44872a69ae9d:group-1752B92DA6F4 closes. The last applied log index is 0
2019-06-15 14:10:55,443 INFO  storage.RaftLogWorker (RaftLogWorker.java:run(236)) - 231847dc-e78a-4b48-8e03-44872a69ae9d-RaftLogWorker was interrupted, exiting. There are 0 tasks remaining in the queue.
2019-06-15 14:10:55,446 INFO  storage.RaftLogWorker (RaftLogWorker.java:close(168)) - 231847dc-e78a-4b48-8e03-44872a69ae9d-RaftLogWorker close()
2019-06-15 14:10:55,449 INFO  impl.RaftServerImpl (RaftServerImpl.java:lambda$shutdown$3(238)) - 231847dc-e78a-4b48-8e03-44872a69ae9d: shutdown group-E25B0DDAACA5
2019-06-15 14:10:55,449 INFO  util.JmxRegister (JmxRegister.java:unregister(73)) - Successfully un-registered JMX Bean with object name Ratis:service=RaftServer,group=group-E25B0DDAACA5,id=231847dc-e78a-4b48-8e03-44872a69ae9d
2019-06-15 14:10:55,449 INFO  impl.RoleInfo (RoleInfo.java:shutdownFollowerState(121)) - 231847dc-e78a-4b48-8e03-44872a69ae9d: shutdown FollowerState
2019-06-15 14:10:55,450 INFO  impl.StateMachineUpdater (StateMachineUpdater.java:stopAndJoin(109)) - StateMachineUpdater-231847dc-e78a-4b48-8e03-44872a69ae9d-group-E25B0DDAACA5: set stopIndex = 15
2019-06-15 14:10:55,450 INFO  impl.FollowerState (FollowerState.java:run(109)) - 231847dc-e78a-4b48-8e03-44872a69ae9d: FollowerState was interrupted: java.lang.InterruptedException: sleep interrupted
2019-06-15 14:10:55,450 INFO  ratis.ContainerStateMachine (ContainerStateMachine.java:takeSnapshot(245)) - Taking snapshot at termIndex:(t:1, i:15)
2019-06-15 14:10:55,451 INFO  ratis.ContainerStateMachine (ContainerStateMachine.java:takeSnapshot(249)) - Taking a snapshot to file /opt/src/hadoop-ozone/integration-test/target/test-dir/MiniOzoneClusterImpl-149107bc-51df-4001-9ad5-938ee105cacd/datanode-1/data/ratis/17730288-1631-46b9-a403-e25b0ddaaca5/sm/snapshot.1_15
2019-06-15 14:10:55,451 INFO  impl.RaftServerImpl (ServerState.java:close(394)) - 231847dc-e78a-4b48-8e03-44872a69ae9d:group-E25B0DDAACA5 closes. The last applied log index is 15
2019-06-15 14:10:55,451 INFO  storage.RaftLogWorker (RaftLogWorker.java:run(236)) - 231847dc-e78a-4b48-8e03-44872a69ae9d-RaftLogWorker was interrupted, exiting. There are 0 tasks remaining in the queue.
2019-06-15 14:10:55,456 INFO  storage.RaftLogWorker (RaftLogWorker.java:close(168)) - 231847dc-e78a-4b48-8e03-44872a69ae9d-RaftLogWorker close()
2019-06-15 14:10:55,458 INFO  server.GrpcService (GrpcService.java:closeImpl(154)) - 231847dc-e78a-4b48-8e03-44872a69ae9d: shutdown server with port 46679 now
2019-06-15 14:10:55,460 INFO  server.GrpcService (GrpcService.java:closeImpl(162)) - 231847dc-e78a-4b48-8e03-44872a69ae9d: shutdown server with port 46679 successfully
2019-06-15 14:10:55,466 WARN  fs.CachingGetSpaceUsed (CachingGetSpaceUsed.java:run(183)) - Thread Interrupted waiting to refresh disk information: sleep interrupted
2019-06-15 14:10:55,476 INFO  statemachine.DatanodeStateMachine (DatanodeStateMachine.java:stopDaemon(395)) - Ozone container server stopped.
2019-06-15 14:10:55,477 INFO  handler.ContextHandler (ContextHandler.java:doStop(910)) - Stopped o.e.j.w.WebAppContext@581b1c08{/,null,UNAVAILABLE}{/hddsDatanode}
2019-06-15 14:10:55,477 INFO  server.AbstractConnector (AbstractConnector.java:doStop(318)) - Stopped ServerConnector@33b9ec18{HTTP/1.1,[http/1.1]}{0.0.0.0:0}
2019-06-15 14:10:55,478 INFO  handler.ContextHandler (ContextHandler.java:doStop(910)) - Stopped o.e.j.s.ServletContextHandler@33f2cfda{/static,jar:file:/home/user/.m2/repository/org/apache/hadoop/hadoop-hdds-container-service/0.5.0-SNAPSHOT/hadoop-hdds-container-service-0.5.0-SNAPSHOT.jar!/webapps/static,UNAVAILABLE}
2019-06-15 14:10:55,478 INFO  handler.ContextHandler (ContextHandler.java:doStop(910)) - Stopped o.e.j.s.ServletContextHandler@483f286e{/logs,file:///opt/src/hadoop-ozone/integration-test/target/log,UNAVAILABLE}
2019-06-15 14:10:55,710 INFO  impl.FollowerState (FollowerState.java:run(101)) - 763e4a11-08e2-4549-a8dc-173862531bf4:group-7C51BB60225E changes to CANDIDATE, lastRpcTime:1046, electionTimeout:1042ms
2019-06-15 14:10:55,710 INFO  impl.RoleInfo (RoleInfo.java:shutdownFollowerState(121)) - 763e4a11-08e2-4549-a8dc-173862531bf4: shutdown FollowerState
2019-06-15 14:10:55,710 INFO  impl.RaftServerImpl (RaftServerImpl.java:setRole(164)) - 763e4a11-08e2-4549-a8dc-173862531bf4:group-7C51BB60225E changes role from FOLLOWER to CANDIDATE at term 1 for changeToCandidate
2019-06-15 14:10:55,711 INFO  impl.RoleInfo (RoleInfo.java:updateAndGet(143)) - 763e4a11-08e2-4549-a8dc-173862531bf4: start LeaderElection
2019-06-15 14:10:55,715 INFO  impl.LeaderElection (LeaderElection.java:askForVotes(181)) - 763e4a11-08e2-4549-a8dc-173862531bf4:group-7C51BB60225E:LeaderElection12: begin an election at term 2 for -1: [31c47902-e24f-46cb-8adb-60efff8d69eb:192.168.19.23:43803, 03fce918-d0a7-4cd9-a665-be2ded7ac46f:192.168.19.23:33803, 763e4a11-08e2-4549-a8dc-173862531bf4:192.168.19.23:40839], old=null
2019-06-15 14:10:55,719 INFO  impl.RaftServerImpl (RaftServerImpl.java:setRole(164)) - 03fce918-d0a7-4cd9-a665-be2ded7ac46f:group-7C51BB60225E changes role from FOLLOWER to FOLLOWER at term 2 for recognizeCandidate:763e4a11-08e2-4549-a8dc-173862531bf4
2019-06-15 14:10:55,719 INFO  impl.RoleInfo (RoleInfo.java:shutdownFollowerState(121)) - 03fce918-d0a7-4cd9-a665-be2ded7ac46f: shutdown FollowerState
2019-06-15 14:10:55,719 INFO  impl.FollowerState (FollowerState.java:run(109)) - 03fce918-d0a7-4cd9-a665-be2ded7ac46f: FollowerState was interrupted: java.lang.InterruptedException: sleep interrupted
2019-06-15 14:10:55,719 INFO  impl.RoleInfo (RoleInfo.java:updateAndGet(143)) - 03fce918-d0a7-4cd9-a665-be2ded7ac46f: start FollowerState
2019-06-15 14:10:55,722 INFO  impl.RaftServerImpl (RaftServerImpl.java:setRole(164)) - 31c47902-e24f-46cb-8adb-60efff8d69eb:group-7C51BB60225E changes role from FOLLOWER to FOLLOWER at term 2 for recognizeCandidate:763e4a11-08e2-4549-a8dc-173862531bf4
2019-06-15 14:10:55,722 INFO  impl.RoleInfo (RoleInfo.java:shutdownFollowerState(121)) - 31c47902-e24f-46cb-8adb-60efff8d69eb: shutdown FollowerState
2019-06-15 14:10:55,722 INFO  impl.FollowerState (FollowerState.java:run(109)) - 31c47902-e24f-46cb-8adb-60efff8d69eb: FollowerState was interrupted: java.lang.InterruptedException: sleep interrupted
2019-06-15 14:10:55,722 INFO  impl.RoleInfo (RoleInfo.java:updateAndGet(143)) - 31c47902-e24f-46cb-8adb-60efff8d69eb: start FollowerState
2019-06-15 14:10:55,725 INFO  impl.LeaderElection (LeaderElection.java:logAndReturn(56)) - 763e4a11-08e2-4549-a8dc-173862531bf4:group-7C51BB60225E:LeaderElection12: Election PASSED; received 1 response(s) [763e4a11-08e2-4549-a8dc-173862531bf4->03fce918-d0a7-4cd9-a665-be2ded7ac46f,true-t2] and 0 exception(s); 763e4a11-08e2-4549-a8dc-173862531bf4:t2, leader=null, voted=763e4a11-08e2-4549-a8dc-173862531bf4, raftlog=763e4a11-08e2-4549-a8dc-173862531bf4-SegmentedRaftLog:OPENED:c-1,f-1,i0, conf=-1: [31c47902-e24f-46cb-8adb-60efff8d69eb:192.168.19.23:43803, 03fce918-d0a7-4cd9-a665-be2ded7ac46f:192.168.19.23:33803, 763e4a11-08e2-4549-a8dc-173862531bf4:192.168.19.23:40839], old=null
2019-06-15 14:10:55,725 INFO  impl.RoleInfo (RoleInfo.java:shutdownLeaderElection(134)) - 763e4a11-08e2-4549-a8dc-173862531bf4: shutdown LeaderElection
2019-06-15 14:10:55,725 INFO  impl.RaftServerImpl (RaftServerImpl.java:setRole(164)) - 763e4a11-08e2-4549-a8dc-173862531bf4:group-7C51BB60225E changes role from CANDIDATE to LEADER at term 2 for changeToLeader
2019-06-15 14:10:55,725 INFO  impl.RaftServerImpl (ServerState.java:setLeader(263)) - 763e4a11-08e2-4549-a8dc-173862531bf4:group-7C51BB60225E change Leader from null to 763e4a11-08e2-4549-a8dc-173862531bf4 at term 2 for becomeLeader, leader elected after 2243ms
2019-06-15 14:10:55,725 INFO  server.RaftServerConfigKeys (ConfUtils.java:logGet(43)) - raft.server.staging.catchup.gap = 1000 (default)
2019-06-15 14:10:55,725 INFO  server.RaftServerConfigKeys (ConfUtils.java:logGet(43)) - raft.server.rpc.sleep.time = 25ms (default)
2019-06-15 14:10:55,726 INFO  server.RaftServerConfigKeys (ConfUtils.java:logGet(43)) - raft.server.watch.timeout = 10s (default)
2019-06-15 14:10:55,726 INFO  server.RaftServerConfigKeys (ConfUtils.java:logGet(43)) - raft.server.watch.timeout.denomination = 1s (default)
2019-06-15 14:10:55,726 INFO  server.RaftServerConfigKeys (ConfUtils.java:logGet(43)) - raft.server.log.appender.snapshot.chunk.size.max = 16MB (=16777216) (default)
2019-06-15 14:10:55,726 INFO  server.RaftServerConfigKeys (ConfUtils.java:logGet(43)) - raft.server.log.appender.buffer.byte-limit = 33554432 (custom)
2019-06-15 14:10:55,726 INFO  server.RaftServerConfigKeys (ConfUtils.java:logGet(43)) - raft.server.log.appender.buffer.element-limit = 1 (custom)
2019-06-15 14:10:55,727 INFO  grpc.GrpcConfigKeys$Server (ConfUtils.java:logGet(43)) - raft.grpc.server.leader.outstanding.appends.max = 128 (default)
2019-06-15 14:10:55,727 INFO  server.RaftServerConfigKeys (ConfUtils.java:logGet(43)) - raft.server.rpc.request.timeout = 3000ms (default)
2019-06-15 14:10:55,727 INFO  server.RaftServerConfigKeys (ConfUtils.java:logGet(43)) - raft.server.log.appender.install.snapshot.enabled = true (default)
2019-06-15 14:10:55,727 INFO  server.RaftServerConfigKeys (ConfUtils.java:logGet(43)) - raft.server.log.appender.snapshot.chunk.size.max = 16MB (=16777216) (default)
2019-06-15 14:10:55,727 INFO  server.RaftServerConfigKeys (ConfUtils.java:logGet(43)) - raft.server.log.appender.buffer.byte-limit = 33554432 (custom)
2019-06-15 14:10:55,727 INFO  server.RaftServerConfigKeys (ConfUtils.java:logGet(43)) - raft.server.log.appender.buffer.element-limit = 1 (custom)
2019-06-15 14:10:55,727 INFO  grpc.GrpcConfigKeys$Server (ConfUtils.java:logGet(43)) - raft.grpc.server.leader.outstanding.appends.max = 128 (default)
2019-06-15 14:10:55,727 INFO  server.RaftServerConfigKeys (ConfUtils.java:logGet(43)) - raft.server.rpc.request.timeout = 3000ms (default)
2019-06-15 14:10:55,728 INFO  server.RaftServerConfigKeys (ConfUtils.java:logGet(43)) - raft.server.log.appender.install.snapshot.enabled = true (default)
2019-06-15 14:10:55,728 INFO  impl.RoleInfo (RoleInfo.java:updateAndGet(143)) - 763e4a11-08e2-4549-a8dc-173862531bf4: start LeaderState
2019-06-15 14:10:55,728 INFO  storage.RaftLogWorker (RaftLogWorker.java:startLogSegment(298)) - 763e4a11-08e2-4549-a8dc-173862531bf4-RaftLogWorker: Starting segment from index:0
2019-06-15 14:10:55,734 INFO  impl.RaftServerImpl (ServerState.java:setLeader(263)) - 31c47902-e24f-46cb-8adb-60efff8d69eb:group-7C51BB60225E change Leader from null to 763e4a11-08e2-4549-a8dc-173862531bf4 at term 2 for appendEntries, leader elected after 2256ms
2019-06-15 14:10:55,747 INFO  impl.RaftServerImpl (ServerState.java:setRaftConf(361)) - 763e4a11-08e2-4549-a8dc-173862531bf4:group-7C51BB60225E set configuration 0: [31c47902-e24f-46cb-8adb-60efff8d69eb:192.168.19.23:43803, 03fce918-d0a7-4cd9-a665-be2ded7ac46f:192.168.19.23:33803, 763e4a11-08e2-4549-a8dc-173862531bf4:192.168.19.23:40839], old=null at 0
2019-06-15 14:10:55,749 INFO  impl.RaftServerImpl (ServerState.java:setLeader(263)) - 03fce918-d0a7-4cd9-a665-be2ded7ac46f:group-7C51BB60225E change Leader from null to 763e4a11-08e2-4549-a8dc-173862531bf4 at term 2 for appendEntries, leader elected after 2274ms
2019-06-15 14:10:55,769 INFO  storage.RaftLogWorker (RaftLogWorker.java:execute(469)) - 763e4a11-08e2-4549-a8dc-173862531bf4-RaftLogWorker: created new log segment /opt/src/hadoop-ozone/integration-test/target/test-dir/MiniOzoneClusterImpl-149107bc-51df-4001-9ad5-938ee105cacd/datanode-4/data/ratis/6a346ab4-14ba-49fb-b733-7c51bb60225e/current/log_inprogress_0
2019-06-15 14:10:55,770 INFO  impl.RaftServerImpl (ServerState.java:setRaftConf(361)) - 03fce918-d0a7-4cd9-a665-be2ded7ac46f:group-7C51BB60225E set configuration 0: [31c47902-e24f-46cb-8adb-60efff8d69eb:192.168.19.23:43803, 03fce918-d0a7-4cd9-a665-be2ded7ac46f:192.168.19.23:33803, 763e4a11-08e2-4549-a8dc-173862531bf4:192.168.19.23:40839], old=null at 0
2019-06-15 14:10:55,770 INFO  storage.RaftLogWorker (RaftLogWorker.java:startLogSegment(298)) - 03fce918-d0a7-4cd9-a665-be2ded7ac46f-RaftLogWorker: Starting segment from index:0
2019-06-15 14:10:55,771 INFO  impl.RaftServerImpl (ServerState.java:setRaftConf(361)) - 31c47902-e24f-46cb-8adb-60efff8d69eb:group-7C51BB60225E set configuration 0: [31c47902-e24f-46cb-8adb-60efff8d69eb:192.168.19.23:43803, 03fce918-d0a7-4cd9-a665-be2ded7ac46f:192.168.19.23:33803, 763e4a11-08e2-4549-a8dc-173862531bf4:192.168.19.23:40839], old=null at 0
2019-06-15 14:10:55,771 INFO  storage.RaftLogWorker (RaftLogWorker.java:startLogSegment(298)) - 31c47902-e24f-46cb-8adb-60efff8d69eb-RaftLogWorker: Starting segment from index:0
2019-06-15 14:10:55,815 INFO  storage.RaftLogWorker (RaftLogWorker.java:execute(469)) - 31c47902-e24f-46cb-8adb-60efff8d69eb-RaftLogWorker: created new log segment /opt/src/hadoop-ozone/integration-test/target/test-dir/MiniOzoneClusterImpl-149107bc-51df-4001-9ad5-938ee105cacd/datanode-5/data/ratis/6a346ab4-14ba-49fb-b733-7c51bb60225e/current/log_inprogress_0
2019-06-15 14:10:55,815 INFO  storage.RaftLogWorker (RaftLogWorker.java:execute(469)) - 03fce918-d0a7-4cd9-a665-be2ded7ac46f-RaftLogWorker: created new log segment /opt/src/hadoop-ozone/integration-test/target/test-dir/MiniOzoneClusterImpl-149107bc-51df-4001-9ad5-938ee105cacd/datanode-0/data/ratis/6a346ab4-14ba-49fb-b733-7c51bb60225e/current/log_inprogress_0
2019-06-15 14:10:56,505 INFO  client.GrpcClientProtocolClient (GrpcClientProtocolClient.java:onNext(254)) - client-A54AF212FCF3->e068667e-1dce-444c-b1a2-fffed6f13eef: receive RaftClientReply:client-A54AF212FCF3->e068667e-1dce-444c-b1a2-fffed6f13eef@group-E25B0DDAACA5, cid=22, FAILED org.apache.ratis.protocol.NotLeaderException: Server e068667e-1dce-444c-b1a2-fffed6f13eef is not the leader (1e149e73-53e7-4319-9e27-12160a26c83e:192.168.19.23:38341). Request must be sent to leader., logIndex=0, commits[e068667e-1dce-444c-b1a2-fffed6f13eef:c15, 1e149e73-53e7-4319-9e27-12160a26c83e:c15, 231847dc-e78a-4b48-8e03-44872a69ae9d:c14]
2019-06-15 14:10:56,508 WARN  client.GrpcClientProtocolService (LogUtils.java:warn(134)) - 0-OrderedRequestStreamObserver0: onError: org.apache.ratis.thirdparty.io.grpc.StatusRuntimeException: CANCELLED: cancelled before receiving half close
2019-06-15 14:10:56,722 INFO  impl.FollowerState (FollowerState.java:run(101)) - e068667e-1dce-444c-b1a2-fffed6f13eef:group-E25B0DDAACA5 changes to CANDIDATE, lastRpcTime:1375, electionTimeout:1109ms
2019-06-15 14:10:56,723 INFO  impl.RoleInfo (RoleInfo.java:shutdownFollowerState(121)) - e068667e-1dce-444c-b1a2-fffed6f13eef: shutdown FollowerState
2019-06-15 14:10:56,723 INFO  impl.RaftServerImpl (RaftServerImpl.java:setRole(164)) - e068667e-1dce-444c-b1a2-fffed6f13eef:group-E25B0DDAACA5 changes role from FOLLOWER to CANDIDATE at term 1 for changeToCandidate
2019-06-15 14:10:56,723 INFO  impl.RoleInfo (RoleInfo.java:updateAndGet(143)) - e068667e-1dce-444c-b1a2-fffed6f13eef: start LeaderElection
2019-06-15 14:10:56,724 INFO  impl.RaftServerImpl (ServerState.java:setLeader(263)) - e068667e-1dce-444c-b1a2-fffed6f13eef:group-E25B0DDAACA5 change Leader from 1e149e73-53e7-4319-9e27-12160a26c83e to null at term 1 for initElection
2019-06-15 14:10:56,727 INFO  impl.LeaderElection (LeaderElection.java:askForVotes(181)) - e068667e-1dce-444c-b1a2-fffed6f13eef:group-E25B0DDAACA5:LeaderElection13: begin an election at term 2 for 0: [e068667e-1dce-444c-b1a2-fffed6f13eef:192.168.19.23:37579, 1e149e73-53e7-4319-9e27-12160a26c83e:192.168.19.23:38341, 231847dc-e78a-4b48-8e03-44872a69ae9d:192.168.19.23:46679], old=null
2019-06-15 14:10:56,736 INFO  impl.LeaderElection (LogUtils.java:infoOrTrace(149)) - e068667e-1dce-444c-b1a2-fffed6f13eef:group-E25B0DDAACA5:LeaderElection13 got exception when requesting votes: {}
java.util.concurrent.ExecutionException: org.apache.ratis.thirdparty.io.grpc.StatusRuntimeException: UNAVAILABLE: io exception
	at java.util.concurrent.FutureTask.report(FutureTask.java:122)
	at java.util.concurrent.FutureTask.get(FutureTask.java:192)
	at org.apache.ratis.server.impl.LeaderElection.waitForResults(LeaderElection.java:262)
	at org.apache.ratis.server.impl.LeaderElection.askForVotes(LeaderElection.java:200)
	at org.apache.ratis.server.impl.LeaderElection.run(LeaderElection.java:130)
	at java.lang.Thread.run(Thread.java:748)
Caused by: org.apache.ratis.thirdparty.io.grpc.StatusRuntimeException: UNAVAILABLE: io exception
	at org.apache.ratis.thirdparty.io.grpc.stub.ClientCalls.toStatusRuntimeException(ClientCalls.java:233)
	at org.apache.ratis.thirdparty.io.grpc.stub.ClientCalls.getUnchecked(ClientCalls.java:214)
	at org.apache.ratis.thirdparty.io.grpc.stub.ClientCalls.blockingUnaryCall(ClientCalls.java:139)
	at org.apache.ratis.proto.grpc.RaftServerProtocolServiceGrpc$RaftServerProtocolServiceBlockingStub.requestVote(RaftServerProtocolServiceGrpc.java:265)
	at org.apache.ratis.grpc.server.GrpcServerProtocolClient.requestVote(GrpcServerProtocolClient.java:83)
	at org.apache.ratis.grpc.server.GrpcService.requestVote(GrpcService.java:194)
	at org.apache.ratis.server.impl.LeaderElection.lambda$submitRequests$1(LeaderElection.java:237)
	at java.util.concurrent.FutureTask.run(FutureTask.java:266)
	at java.util.concurrent.Executors$RunnableAdapter.call(Executors.java:511)
	at java.util.concurrent.FutureTask.run(FutureTask.java:266)
	at java.util.concurrent.ThreadPoolExecutor.runWorker(ThreadPoolExecutor.java:1149)
	at java.util.concurrent.ThreadPoolExecutor$Worker.run(ThreadPoolExecutor.java:624)
	... 1 more
Caused by: org.apache.ratis.thirdparty.io.netty.channel.AbstractChannel$AnnotatedConnectException: Connection refused: /192.168.19.23:46679
	at sun.nio.ch.SocketChannelImpl.checkConnect(Native Method)
	at sun.nio.ch.SocketChannelImpl.finishConnect(SocketChannelImpl.java:717)
	at org.apache.ratis.thirdparty.io.netty.channel.socket.nio.NioSocketChannel.doFinishConnect(NioSocketChannel.java:327)
	at org.apache.ratis.thirdparty.io.netty.channel.nio.AbstractNioChannel$AbstractNioUnsafe.finishConnect(AbstractNioChannel.java:340)
	at org.apache.ratis.thirdparty.io.netty.channel.nio.NioEventLoop.processSelectedKey(NioEventLoop.java:632)
	at org.apache.ratis.thirdparty.io.netty.channel.nio.NioEventLoop.processSelectedKeysOptimized(NioEventLoop.java:579)
	at org.apache.ratis.thirdparty.io.netty.channel.nio.NioEventLoop.processSelectedKeys(NioEventLoop.java:496)
	at org.apache.ratis.thirdparty.io.netty.channel.nio.NioEventLoop.run(NioEventLoop.java:458)
	at org.apache.ratis.thirdparty.io.netty.util.concurrent.SingleThreadEventExecutor$5.run(SingleThreadEventExecutor.java:897)
	at org.apache.ratis.thirdparty.io.netty.util.concurrent.FastThreadLocalRunnable.run(FastThreadLocalRunnable.java:30)
	... 1 more
Caused by: java.net.ConnectException: Connection refused
	... 11 more
2019-06-15 14:10:56,741 INFO  impl.LeaderElection (LogUtils.java:infoOrTrace(149)) - e068667e-1dce-444c-b1a2-fffed6f13eef:group-E25B0DDAACA5:LeaderElection13 got exception when requesting votes: {}
java.util.concurrent.ExecutionException: org.apache.ratis.thirdparty.io.grpc.StatusRuntimeException: UNAVAILABLE: io exception
	at java.util.concurrent.FutureTask.report(FutureTask.java:122)
	at java.util.concurrent.FutureTask.get(FutureTask.java:192)
	at org.apache.ratis.server.impl.LeaderElection.waitForResults(LeaderElection.java:262)
	at org.apache.ratis.server.impl.LeaderElection.askForVotes(LeaderElection.java:200)
	at org.apache.ratis.server.impl.LeaderElection.run(LeaderElection.java:130)
	at java.lang.Thread.run(Thread.java:748)
Caused by: org.apache.ratis.thirdparty.io.grpc.StatusRuntimeException: UNAVAILABLE: io exception
	at org.apache.ratis.thirdparty.io.grpc.stub.ClientCalls.toStatusRuntimeException(ClientCalls.java:233)
	at org.apache.ratis.thirdparty.io.grpc.stub.ClientCalls.getUnchecked(ClientCalls.java:214)
	at org.apache.ratis.thirdparty.io.grpc.stub.ClientCalls.blockingUnaryCall(ClientCalls.java:139)
	at org.apache.ratis.proto.grpc.RaftServerProtocolServiceGrpc$RaftServerProtocolServiceBlockingStub.requestVote(RaftServerProtocolServiceGrpc.java:265)
	at org.apache.ratis.grpc.server.GrpcServerProtocolClient.requestVote(GrpcServerProtocolClient.java:83)
	at org.apache.ratis.grpc.server.GrpcService.requestVote(GrpcService.java:194)
	at org.apache.ratis.server.impl.LeaderElection.lambda$submitRequests$1(LeaderElection.java:237)
	at java.util.concurrent.FutureTask.run(FutureTask.java:266)
	at java.util.concurrent.Executors$RunnableAdapter.call(Executors.java:511)
	at java.util.concurrent.FutureTask.run(FutureTask.java:266)
	at java.util.concurrent.ThreadPoolExecutor.runWorker(ThreadPoolExecutor.java:1149)
	at java.util.concurrent.ThreadPoolExecutor$Worker.run(ThreadPoolExecutor.java:624)
	... 1 more
Caused by: org.apache.ratis.thirdparty.io.netty.channel.AbstractChannel$AnnotatedConnectException: Connection refused: /192.168.19.23:38341
	at sun.nio.ch.SocketChannelImpl.checkConnect(Native Method)
	at sun.nio.ch.SocketChannelImpl.finishConnect(SocketChannelImpl.java:717)
	at org.apache.ratis.thirdparty.io.netty.channel.socket.nio.NioSocketChannel.doFinishConnect(NioSocketChannel.java:327)
	at org.apache.ratis.thirdparty.io.netty.channel.nio.AbstractNioChannel$AbstractNioUnsafe.finishConnect(AbstractNioChannel.java:340)
	at org.apache.ratis.thirdparty.io.netty.channel.nio.NioEventLoop.processSelectedKey(NioEventLoop.java:632)
	at org.apache.ratis.thirdparty.io.netty.channel.nio.NioEventLoop.processSelectedKeysOptimized(NioEventLoop.java:579)
	at org.apache.ratis.thirdparty.io.netty.channel.nio.NioEventLoop.processSelectedKeys(NioEventLoop.java:496)
	at org.apache.ratis.thirdparty.io.netty.channel.nio.NioEventLoop.run(NioEventLoop.java:458)
	at org.apache.ratis.thirdparty.io.netty.util.concurrent.SingleThreadEventExecutor$5.run(SingleThreadEventExecutor.java:897)
	at org.apache.ratis.thirdparty.io.netty.util.concurrent.FastThreadLocalRunnable.run(FastThreadLocalRunnable.java:30)
	... 1 more
Caused by: java.net.ConnectException: Connection refused
	... 11 more
2019-06-15 14:10:56,742 INFO  impl.LeaderElection (LeaderElection.java:logAndReturn(56)) - e068667e-1dce-444c-b1a2-fffed6f13eef:group-E25B0DDAACA5:LeaderElection13: Election REJECTED; received 0 response(s) [] and 2 exception(s); e068667e-1dce-444c-b1a2-fffed6f13eef:t2, leader=null, voted=e068667e-1dce-444c-b1a2-fffed6f13eef, raftlog=e068667e-1dce-444c-b1a2-fffed6f13eef-SegmentedRaftLog:OPENED:c15,f16,i16, conf=0: [e068667e-1dce-444c-b1a2-fffed6f13eef:192.168.19.23:37579, 1e149e73-53e7-4319-9e27-12160a26c83e:192.168.19.23:38341, 231847dc-e78a-4b48-8e03-44872a69ae9d:192.168.19.23:46679], old=null
2019-06-15 14:10:56,742 INFO  impl.LeaderElection (LogUtils.java:infoOrTrace(149)) -   Exception 0: {}
java.util.concurrent.ExecutionException: org.apache.ratis.thirdparty.io.grpc.StatusRuntimeException: UNAVAILABLE: io exception
	at java.util.concurrent.FutureTask.report(FutureTask.java:122)
	at java.util.concurrent.FutureTask.get(FutureTask.java:192)
	at org.apache.ratis.server.impl.LeaderElection.waitForResults(LeaderElection.java:262)
	at org.apache.ratis.server.impl.LeaderElection.askForVotes(LeaderElection.java:200)
	at org.apache.ratis.server.impl.LeaderElection.run(LeaderElection.java:130)
	at java.lang.Thread.run(Thread.java:748)
Caused by: org.apache.ratis.thirdparty.io.grpc.StatusRuntimeException: UNAVAILABLE: io exception
	at org.apache.ratis.thirdparty.io.grpc.stub.ClientCalls.toStatusRuntimeException(ClientCalls.java:233)
	at org.apache.ratis.thirdparty.io.grpc.stub.ClientCalls.getUnchecked(ClientCalls.java:214)
	at org.apache.ratis.thirdparty.io.grpc.stub.ClientCalls.blockingUnaryCall(ClientCalls.java:139)
	at org.apache.ratis.proto.grpc.RaftServerProtocolServiceGrpc$RaftServerProtocolServiceBlockingStub.requestVote(RaftServerProtocolServiceGrpc.java:265)
	at org.apache.ratis.grpc.server.GrpcServerProtocolClient.requestVote(GrpcServerProtocolClient.java:83)
	at org.apache.ratis.grpc.server.GrpcService.requestVote(GrpcService.java:194)
	at org.apache.ratis.server.impl.LeaderElection.lambda$submitRequests$1(LeaderElection.java:237)
	at java.util.concurrent.FutureTask.run(FutureTask.java:266)
	at java.util.concurrent.Executors$RunnableAdapter.call(Executors.java:511)
	at java.util.concurrent.FutureTask.run(FutureTask.java:266)
	at java.util.concurrent.ThreadPoolExecutor.runWorker(ThreadPoolExecutor.java:1149)
	at java.util.concurrent.ThreadPoolExecutor$Worker.run(ThreadPoolExecutor.java:624)
	... 1 more
Caused by: org.apache.ratis.thirdparty.io.netty.channel.AbstractChannel$AnnotatedConnectException: Connection refused: /192.168.19.23:46679
	at sun.nio.ch.SocketChannelImpl.checkConnect(Native Method)
	at sun.nio.ch.SocketChannelImpl.finishConnect(SocketChannelImpl.java:717)
	at org.apache.ratis.thirdparty.io.netty.channel.socket.nio.NioSocketChannel.doFinishConnect(NioSocketChannel.java:327)
	at org.apache.ratis.thirdparty.io.netty.channel.nio.AbstractNioChannel$AbstractNioUnsafe.finishConnect(AbstractNioChannel.java:340)
	at org.apache.ratis.thirdparty.io.netty.channel.nio.NioEventLoop.processSelectedKey(NioEventLoop.java:632)
	at org.apache.ratis.thirdparty.io.netty.channel.nio.NioEventLoop.processSelectedKeysOptimized(NioEventLoop.java:579)
	at org.apache.ratis.thirdparty.io.netty.channel.nio.NioEventLoop.processSelectedKeys(NioEventLoop.java:496)
	at org.apache.ratis.thirdparty.io.netty.channel.nio.NioEventLoop.run(NioEventLoop.java:458)
	at org.apache.ratis.thirdparty.io.netty.util.concurrent.SingleThreadEventExecutor$5.run(SingleThreadEventExecutor.java:897)
	at org.apache.ratis.thirdparty.io.netty.util.concurrent.FastThreadLocalRunnable.run(FastThreadLocalRunnable.java:30)
	... 1 more
Caused by: java.net.ConnectException: Connection refused
	... 11 more
2019-06-15 14:10:56,743 INFO  impl.LeaderElection (LogUtils.java:infoOrTrace(149)) -   Exception 1: {}
java.util.concurrent.ExecutionException: org.apache.ratis.thirdparty.io.grpc.StatusRuntimeException: UNAVAILABLE: io exception
	at java.util.concurrent.FutureTask.report(FutureTask.java:122)
	at java.util.concurrent.FutureTask.get(FutureTask.java:192)
	at org.apache.ratis.server.impl.LeaderElection.waitForResults(LeaderElection.java:262)
	at org.apache.ratis.server.impl.LeaderElection.askForVotes(LeaderElection.java:200)
	at org.apache.ratis.server.impl.LeaderElection.run(LeaderElection.java:130)
	at java.lang.Thread.run(Thread.java:748)
Caused by: org.apache.ratis.thirdparty.io.grpc.StatusRuntimeException: UNAVAILABLE: io exception
	at org.apache.ratis.thirdparty.io.grpc.stub.ClientCalls.toStatusRuntimeException(ClientCalls.java:233)
	at org.apache.ratis.thirdparty.io.grpc.stub.ClientCalls.getUnchecked(ClientCalls.java:214)
	at org.apache.ratis.thirdparty.io.grpc.stub.ClientCalls.blockingUnaryCall(ClientCalls.java:139)
	at org.apache.ratis.proto.grpc.RaftServerProtocolServiceGrpc$RaftServerProtocolServiceBlockingStub.requestVote(RaftServerProtocolServiceGrpc.java:265)
	at org.apache.ratis.grpc.server.GrpcServerProtocolClient.requestVote(GrpcServerProtocolClient.java:83)
	at org.apache.ratis.grpc.server.GrpcService.requestVote(GrpcService.java:194)
	at org.apache.ratis.server.impl.LeaderElection.lambda$submitRequests$1(LeaderElection.java:237)
	at java.util.concurrent.FutureTask.run(FutureTask.java:266)
	at java.util.concurrent.Executors$RunnableAdapter.call(Executors.java:511)
	at java.util.concurrent.FutureTask.run(FutureTask.java:266)
	at java.util.concurrent.ThreadPoolExecutor.runWorker(ThreadPoolExecutor.java:1149)
	at java.util.concurrent.ThreadPoolExecutor$Worker.run(ThreadPoolExecutor.java:624)
	... 1 more
Caused by: org.apache.ratis.thirdparty.io.netty.channel.AbstractChannel$AnnotatedConnectException: Connection refused: /192.168.19.23:38341
	at sun.nio.ch.SocketChannelImpl.checkConnect(Native Method)
	at sun.nio.ch.SocketChannelImpl.finishConnect(SocketChannelImpl.java:717)
	at org.apache.ratis.thirdparty.io.netty.channel.socket.nio.NioSocketChannel.doFinishConnect(NioSocketChannel.java:327)
	at org.apache.ratis.thirdparty.io.netty.channel.nio.AbstractNioChannel$AbstractNioUnsafe.finishConnect(AbstractNioChannel.java:340)
	at org.apache.ratis.thirdparty.io.netty.channel.nio.NioEventLoop.processSelectedKey(NioEventLoop.java:632)
	at org.apache.ratis.thirdparty.io.netty.channel.nio.NioEventLoop.processSelectedKeysOptimized(NioEventLoop.java:579)
	at org.apache.ratis.thirdparty.io.netty.channel.nio.NioEventLoop.processSelectedKeys(NioEventLoop.java:496)
	at org.apache.ratis.thirdparty.io.netty.channel.nio.NioEventLoop.run(NioEventLoop.java:458)
	at org.apache.ratis.thirdparty.io.netty.util.concurrent.SingleThreadEventExecutor$5.run(SingleThreadEventExecutor.java:897)
	at org.apache.ratis.thirdparty.io.netty.util.concurrent.FastThreadLocalRunnable.run(FastThreadLocalRunnable.java:30)
	... 1 more
Caused by: java.net.ConnectException: Connection refused
	... 11 more
2019-06-15 14:10:56,743 INFO  impl.RaftServerImpl (RaftServerImpl.java:setRole(164)) - e068667e-1dce-444c-b1a2-fffed6f13eef:group-E25B0DDAACA5 changes role from CANDIDATE to FOLLOWER at term 2 for DISCOVERED_A_NEW_TERM
2019-06-15 14:10:56,744 INFO  impl.RoleInfo (RoleInfo.java:shutdownLeaderElection(134)) - e068667e-1dce-444c-b1a2-fffed6f13eef: shutdown LeaderElection
2019-06-15 14:10:56,745 INFO  impl.RoleInfo (RoleInfo.java:updateAndGet(143)) - e068667e-1dce-444c-b1a2-fffed6f13eef: start FollowerState
2019-06-15 14:10:57,864 INFO  impl.FollowerState (FollowerState.java:run(101)) - e068667e-1dce-444c-b1a2-fffed6f13eef:group-E25B0DDAACA5 changes to CANDIDATE, lastRpcTime:1119, electionTimeout:1118ms
2019-06-15 14:10:57,866 INFO  impl.RoleInfo (RoleInfo.java:shutdownFollowerState(121)) - e068667e-1dce-444c-b1a2-fffed6f13eef: shutdown FollowerState
2019-06-15 14:10:57,866 INFO  impl.RaftServerImpl (RaftServerImpl.java:setRole(164)) - e068667e-1dce-444c-b1a2-fffed6f13eef:group-E25B0DDAACA5 changes role from FOLLOWER to CANDIDATE at term 2 for changeToCandidate
2019-06-15 14:10:57,866 INFO  impl.RoleInfo (RoleInfo.java:updateAndGet(143)) - e068667e-1dce-444c-b1a2-fffed6f13eef: start LeaderElection
2019-06-15 14:10:57,870 INFO  impl.LeaderElection (LeaderElection.java:askForVotes(181)) - e068667e-1dce-444c-b1a2-fffed6f13eef:group-E25B0DDAACA5:LeaderElection14: begin an election at term 3 for 0: [e068667e-1dce-444c-b1a2-fffed6f13eef:192.168.19.23:37579, 1e149e73-53e7-4319-9e27-12160a26c83e:192.168.19.23:38341, 231847dc-e78a-4b48-8e03-44872a69ae9d:192.168.19.23:46679], old=null
2019-06-15 14:10:57,871 INFO  impl.LeaderElection (LogUtils.java:infoOrTrace(149)) - e068667e-1dce-444c-b1a2-fffed6f13eef:group-E25B0DDAACA5:LeaderElection14 got exception when requesting votes: {}
java.util.concurrent.ExecutionException: org.apache.ratis.thirdparty.io.grpc.StatusRuntimeException: UNAVAILABLE: io exception
	at java.util.concurrent.FutureTask.report(FutureTask.java:122)
	at java.util.concurrent.FutureTask.get(FutureTask.java:192)
	at org.apache.ratis.server.impl.LeaderElection.waitForResults(LeaderElection.java:262)
	at org.apache.ratis.server.impl.LeaderElection.askForVotes(LeaderElection.java:200)
	at org.apache.ratis.server.impl.LeaderElection.run(LeaderElection.java:130)
	at java.lang.Thread.run(Thread.java:748)
Caused by: org.apache.ratis.thirdparty.io.grpc.StatusRuntimeException: UNAVAILABLE: io exception
	at org.apache.ratis.thirdparty.io.grpc.stub.ClientCalls.toStatusRuntimeException(ClientCalls.java:233)
	at org.apache.ratis.thirdparty.io.grpc.stub.ClientCalls.getUnchecked(ClientCalls.java:214)
	at org.apache.ratis.thirdparty.io.grpc.stub.ClientCalls.blockingUnaryCall(ClientCalls.java:139)
	at org.apache.ratis.proto.grpc.RaftServerProtocolServiceGrpc$RaftServerProtocolServiceBlockingStub.requestVote(RaftServerProtocolServiceGrpc.java:265)
	at org.apache.ratis.grpc.server.GrpcServerProtocolClient.requestVote(GrpcServerProtocolClient.java:83)
	at org.apache.ratis.grpc.server.GrpcService.requestVote(GrpcService.java:194)
	at org.apache.ratis.server.impl.LeaderElection.lambda$submitRequests$1(LeaderElection.java:237)
	at java.util.concurrent.FutureTask.run(FutureTask.java:266)
	at java.util.concurrent.Executors$RunnableAdapter.call(Executors.java:511)
	at java.util.concurrent.FutureTask.run(FutureTask.java:266)
	at java.util.concurrent.ThreadPoolExecutor.runWorker(ThreadPoolExecutor.java:1149)
	at java.util.concurrent.ThreadPoolExecutor$Worker.run(ThreadPoolExecutor.java:624)
	... 1 more
Caused by: org.apache.ratis.thirdparty.io.netty.channel.AbstractChannel$AnnotatedConnectException: Connection refused: /192.168.19.23:38341
	at sun.nio.ch.SocketChannelImpl.checkConnect(Native Method)
	at sun.nio.ch.SocketChannelImpl.finishConnect(SocketChannelImpl.java:717)
	at org.apache.ratis.thirdparty.io.netty.channel.socket.nio.NioSocketChannel.doFinishConnect(NioSocketChannel.java:327)
	at org.apache.ratis.thirdparty.io.netty.channel.nio.AbstractNioChannel$AbstractNioUnsafe.finishConnect(AbstractNioChannel.java:340)
	at org.apache.ratis.thirdparty.io.netty.channel.nio.NioEventLoop.processSelectedKey(NioEventLoop.java:632)
	at org.apache.ratis.thirdparty.io.netty.channel.nio.NioEventLoop.processSelectedKeysOptimized(NioEventLoop.java:579)
	at org.apache.ratis.thirdparty.io.netty.channel.nio.NioEventLoop.processSelectedKeys(NioEventLoop.java:496)
	at org.apache.ratis.thirdparty.io.netty.channel.nio.NioEventLoop.run(NioEventLoop.java:458)
	at org.apache.ratis.thirdparty.io.netty.util.concurrent.SingleThreadEventExecutor$5.run(SingleThreadEventExecutor.java:897)
	at org.apache.ratis.thirdparty.io.netty.util.concurrent.FastThreadLocalRunnable.run(FastThreadLocalRunnable.java:30)
	... 1 more
Caused by: java.net.ConnectException: Connection refused
	... 11 more
2019-06-15 14:10:57,873 INFO  impl.LeaderElection (LogUtils.java:infoOrTrace(149)) - e068667e-1dce-444c-b1a2-fffed6f13eef:group-E25B0DDAACA5:LeaderElection14 got exception when requesting votes: {}
java.util.concurrent.ExecutionException: org.apache.ratis.thirdparty.io.grpc.StatusRuntimeException: UNAVAILABLE: io exception
	at java.util.concurrent.FutureTask.report(FutureTask.java:122)
	at java.util.concurrent.FutureTask.get(FutureTask.java:192)
	at org.apache.ratis.server.impl.LeaderElection.waitForResults(LeaderElection.java:262)
	at org.apache.ratis.server.impl.LeaderElection.askForVotes(LeaderElection.java:200)
	at org.apache.ratis.server.impl.LeaderElection.run(LeaderElection.java:130)
	at java.lang.Thread.run(Thread.java:748)
Caused by: org.apache.ratis.thirdparty.io.grpc.StatusRuntimeException: UNAVAILABLE: io exception
	at org.apache.ratis.thirdparty.io.grpc.stub.ClientCalls.toStatusRuntimeException(ClientCalls.java:233)
	at org.apache.ratis.thirdparty.io.grpc.stub.ClientCalls.getUnchecked(ClientCalls.java:214)
	at org.apache.ratis.thirdparty.io.grpc.stub.ClientCalls.blockingUnaryCall(ClientCalls.java:139)
	at org.apache.ratis.proto.grpc.RaftServerProtocolServiceGrpc$RaftServerProtocolServiceBlockingStub.requestVote(RaftServerProtocolServiceGrpc.java:265)
	at org.apache.ratis.grpc.server.GrpcServerProtocolClient.requestVote(GrpcServerProtocolClient.java:83)
	at org.apache.ratis.grpc.server.GrpcService.requestVote(GrpcService.java:194)
	at org.apache.ratis.server.impl.LeaderElection.lambda$submitRequests$1(LeaderElection.java:237)
	at java.util.concurrent.FutureTask.run(FutureTask.java:266)
	at java.util.concurrent.Executors$RunnableAdapter.call(Executors.java:511)
	at java.util.concurrent.FutureTask.run(FutureTask.java:266)
	at java.util.concurrent.ThreadPoolExecutor.runWorker(ThreadPoolExecutor.java:1149)
	at java.util.concurrent.ThreadPoolExecutor$Worker.run(ThreadPoolExecutor.java:624)
	... 1 more
Caused by: org.apache.ratis.thirdparty.io.netty.channel.AbstractChannel$AnnotatedConnectException: Connection refused: /192.168.19.23:46679
	at sun.nio.ch.SocketChannelImpl.checkConnect(Native Method)
	at sun.nio.ch.SocketChannelImpl.finishConnect(SocketChannelImpl.java:717)
	at org.apache.ratis.thirdparty.io.netty.channel.socket.nio.NioSocketChannel.doFinishConnect(NioSocketChannel.java:327)
	at org.apache.ratis.thirdparty.io.netty.channel.nio.AbstractNioChannel$AbstractNioUnsafe.finishConnect(AbstractNioChannel.java:340)
	at org.apache.ratis.thirdparty.io.netty.channel.nio.NioEventLoop.processSelectedKey(NioEventLoop.java:632)
	at org.apache.ratis.thirdparty.io.netty.channel.nio.NioEventLoop.processSelectedKeysOptimized(NioEventLoop.java:579)
	at org.apache.ratis.thirdparty.io.netty.channel.nio.NioEventLoop.processSelectedKeys(NioEventLoop.java:496)
	at org.apache.ratis.thirdparty.io.netty.channel.nio.NioEventLoop.run(NioEventLoop.java:458)
	at org.apache.ratis.thirdparty.io.netty.util.concurrent.SingleThreadEventExecutor$5.run(SingleThreadEventExecutor.java:897)
	at org.apache.ratis.thirdparty.io.netty.util.concurrent.FastThreadLocalRunnable.run(FastThreadLocalRunnable.java:30)
	... 1 more
Caused by: java.net.ConnectException: Connection refused
	... 11 more
2019-06-15 14:10:57,874 INFO  impl.LeaderElection (LeaderElection.java:logAndReturn(56)) - e068667e-1dce-444c-b1a2-fffed6f13eef:group-E25B0DDAACA5:LeaderElection14: Election REJECTED; received 0 response(s) [] and 2 exception(s); e068667e-1dce-444c-b1a2-fffed6f13eef:t3, leader=null, voted=e068667e-1dce-444c-b1a2-fffed6f13eef, raftlog=e068667e-1dce-444c-b1a2-fffed6f13eef-SegmentedRaftLog:OPENED:c15,f16,i16, conf=0: [e068667e-1dce-444c-b1a2-fffed6f13eef:192.168.19.23:37579, 1e149e73-53e7-4319-9e27-12160a26c83e:192.168.19.23:38341, 231847dc-e78a-4b48-8e03-44872a69ae9d:192.168.19.23:46679], old=null
2019-06-15 14:10:57,875 INFO  impl.LeaderElection (LogUtils.java:infoOrTrace(149)) -   Exception 0: {}
java.util.concurrent.ExecutionException: org.apache.ratis.thirdparty.io.grpc.StatusRuntimeException: UNAVAILABLE: io exception
	at java.util.concurrent.FutureTask.report(FutureTask.java:122)
	at java.util.concurrent.FutureTask.get(FutureTask.java:192)
	at org.apache.ratis.server.impl.LeaderElection.waitForResults(LeaderElection.java:262)
	at org.apache.ratis.server.impl.LeaderElection.askForVotes(LeaderElection.java:200)
	at org.apache.ratis.server.impl.LeaderElection.run(LeaderElection.java:130)
	at java.lang.Thread.run(Thread.java:748)
Caused by: org.apache.ratis.thirdparty.io.grpc.StatusRuntimeException: UNAVAILABLE: io exception
	at org.apache.ratis.thirdparty.io.grpc.stub.ClientCalls.toStatusRuntimeException(ClientCalls.java:233)
	at org.apache.ratis.thirdparty.io.grpc.stub.ClientCalls.getUnchecked(ClientCalls.java:214)
	at org.apache.ratis.thirdparty.io.grpc.stub.ClientCalls.blockingUnaryCall(ClientCalls.java:139)
	at org.apache.ratis.proto.grpc.RaftServerProtocolServiceGrpc$RaftServerProtocolServiceBlockingStub.requestVote(RaftServerProtocolServiceGrpc.java:265)
	at org.apache.ratis.grpc.server.GrpcServerProtocolClient.requestVote(GrpcServerProtocolClient.java:83)
	at org.apache.ratis.grpc.server.GrpcService.requestVote(GrpcService.java:194)
	at org.apache.ratis.server.impl.LeaderElection.lambda$submitRequests$1(LeaderElection.java:237)
	at java.util.concurrent.FutureTask.run(FutureTask.java:266)
	at java.util.concurrent.Executors$RunnableAdapter.call(Executors.java:511)
	at java.util.concurrent.FutureTask.run(FutureTask.java:266)
	at java.util.concurrent.ThreadPoolExecutor.runWorker(ThreadPoolExecutor.java:1149)
	at java.util.concurrent.ThreadPoolExecutor$Worker.run(ThreadPoolExecutor.java:624)
	... 1 more
Caused by: org.apache.ratis.thirdparty.io.netty.channel.AbstractChannel$AnnotatedConnectException: Connection refused: /192.168.19.23:38341
	at sun.nio.ch.SocketChannelImpl.checkConnect(Native Method)
	at sun.nio.ch.SocketChannelImpl.finishConnect(SocketChannelImpl.java:717)
	at org.apache.ratis.thirdparty.io.netty.channel.socket.nio.NioSocketChannel.doFinishConnect(NioSocketChannel.java:327)
	at org.apache.ratis.thirdparty.io.netty.channel.nio.AbstractNioChannel$AbstractNioUnsafe.finishConnect(AbstractNioChannel.java:340)
	at org.apache.ratis.thirdparty.io.netty.channel.nio.NioEventLoop.processSelectedKey(NioEventLoop.java:632)
	at org.apache.ratis.thirdparty.io.netty.channel.nio.NioEventLoop.processSelectedKeysOptimized(NioEventLoop.java:579)
	at org.apache.ratis.thirdparty.io.netty.channel.nio.NioEventLoop.processSelectedKeys(NioEventLoop.java:496)
	at org.apache.ratis.thirdparty.io.netty.channel.nio.NioEventLoop.run(NioEventLoop.java:458)
	at org.apache.ratis.thirdparty.io.netty.util.concurrent.SingleThreadEventExecutor$5.run(SingleThreadEventExecutor.java:897)
	at org.apache.ratis.thirdparty.io.netty.util.concurrent.FastThreadLocalRunnable.run(FastThreadLocalRunnable.java:30)
	... 1 more
Caused by: java.net.ConnectException: Connection refused
	... 11 more
2019-06-15 14:10:57,875 INFO  impl.LeaderElection (LogUtils.java:infoOrTrace(149)) -   Exception 1: {}
java.util.concurrent.ExecutionException: org.apache.ratis.thirdparty.io.grpc.StatusRuntimeException: UNAVAILABLE: io exception
	at java.util.concurrent.FutureTask.report(FutureTask.java:122)
	at java.util.concurrent.FutureTask.get(FutureTask.java:192)
	at org.apache.ratis.server.impl.LeaderElection.waitForResults(LeaderElection.java:262)
	at org.apache.ratis.server.impl.LeaderElection.askForVotes(LeaderElection.java:200)
	at org.apache.ratis.server.impl.LeaderElection.run(LeaderElection.java:130)
	at java.lang.Thread.run(Thread.java:748)
Caused by: org.apache.ratis.thirdparty.io.grpc.StatusRuntimeException: UNAVAILABLE: io exception
	at org.apache.ratis.thirdparty.io.grpc.stub.ClientCalls.toStatusRuntimeException(ClientCalls.java:233)
	at org.apache.ratis.thirdparty.io.grpc.stub.ClientCalls.getUnchecked(ClientCalls.java:214)
	at org.apache.ratis.thirdparty.io.grpc.stub.ClientCalls.blockingUnaryCall(ClientCalls.java:139)
	at org.apache.ratis.proto.grpc.RaftServerProtocolServiceGrpc$RaftServerProtocolServiceBlockingStub.requestVote(RaftServerProtocolServiceGrpc.java:265)
	at org.apache.ratis.grpc.server.GrpcServerProtocolClient.requestVote(GrpcServerProtocolClient.java:83)
	at org.apache.ratis.grpc.server.GrpcService.requestVote(GrpcService.java:194)
	at org.apache.ratis.server.impl.LeaderElection.lambda$submitRequests$1(LeaderElection.java:237)
	at java.util.concurrent.FutureTask.run(FutureTask.java:266)
	at java.util.concurrent.Executors$RunnableAdapter.call(Executors.java:511)
	at java.util.concurrent.FutureTask.run(FutureTask.java:266)
	at java.util.concurrent.ThreadPoolExecutor.runWorker(ThreadPoolExecutor.java:1149)
	at java.util.concurrent.ThreadPoolExecutor$Worker.run(ThreadPoolExecutor.java:624)
	... 1 more
Caused by: org.apache.ratis.thirdparty.io.netty.channel.AbstractChannel$AnnotatedConnectException: Connection refused: /192.168.19.23:46679
	at sun.nio.ch.SocketChannelImpl.checkConnect(Native Method)
	at sun.nio.ch.SocketChannelImpl.finishConnect(SocketChannelImpl.java:717)
	at org.apache.ratis.thirdparty.io.netty.channel.socket.nio.NioSocketChannel.doFinishConnect(NioSocketChannel.java:327)
	at org.apache.ratis.thirdparty.io.netty.channel.nio.AbstractNioChannel$AbstractNioUnsafe.finishConnect(AbstractNioChannel.java:340)
	at org.apache.ratis.thirdparty.io.netty.channel.nio.NioEventLoop.processSelectedKey(NioEventLoop.java:632)
	at org.apache.ratis.thirdparty.io.netty.channel.nio.NioEventLoop.processSelectedKeysOptimized(NioEventLoop.java:579)
	at org.apache.ratis.thirdparty.io.netty.channel.nio.NioEventLoop.processSelectedKeys(NioEventLoop.java:496)
	at org.apache.ratis.thirdparty.io.netty.channel.nio.NioEventLoop.run(NioEventLoop.java:458)
	at org.apache.ratis.thirdparty.io.netty.util.concurrent.SingleThreadEventExecutor$5.run(SingleThreadEventExecutor.java:897)
	at org.apache.ratis.thirdparty.io.netty.util.concurrent.FastThreadLocalRunnable.run(FastThreadLocalRunnable.java:30)
	... 1 more
Caused by: java.net.ConnectException: Connection refused
	... 11 more
2019-06-15 14:10:57,876 INFO  impl.RaftServerImpl (RaftServerImpl.java:setRole(164)) - e068667e-1dce-444c-b1a2-fffed6f13eef:group-E25B0DDAACA5 changes role from CANDIDATE to FOLLOWER at term 3 for DISCOVERED_A_NEW_TERM
2019-06-15 14:10:57,877 INFO  impl.RoleInfo (RoleInfo.java:shutdownLeaderElection(134)) - e068667e-1dce-444c-b1a2-fffed6f13eef: shutdown LeaderElection
2019-06-15 14:10:57,877 INFO  impl.RoleInfo (RoleInfo.java:updateAndGet(143)) - e068667e-1dce-444c-b1a2-fffed6f13eef: start FollowerState
2019-06-15 14:10:59,073 INFO  impl.FollowerState (FollowerState.java:run(101)) - e068667e-1dce-444c-b1a2-fffed6f13eef:group-E25B0DDAACA5 changes to CANDIDATE, lastRpcTime:1196, electionTimeout:1196ms
2019-06-15 14:10:59,075 INFO  impl.RoleInfo (RoleInfo.java:shutdownFollowerState(121)) - e068667e-1dce-444c-b1a2-fffed6f13eef: shutdown FollowerState
2019-06-15 14:10:59,075 INFO  impl.RaftServerImpl (RaftServerImpl.java:setRole(164)) - e068667e-1dce-444c-b1a2-fffed6f13eef:group-E25B0DDAACA5 changes role from FOLLOWER to CANDIDATE at term 3 for changeToCandidate
2019-06-15 14:10:59,075 INFO  impl.RoleInfo (RoleInfo.java:updateAndGet(143)) - e068667e-1dce-444c-b1a2-fffed6f13eef: start LeaderElection
2019-06-15 14:10:59,081 INFO  impl.LeaderElection (LeaderElection.java:askForVotes(181)) - e068667e-1dce-444c-b1a2-fffed6f13eef:group-E25B0DDAACA5:LeaderElection15: begin an election at term 4 for 0: [e068667e-1dce-444c-b1a2-fffed6f13eef:192.168.19.23:37579, 1e149e73-53e7-4319-9e27-12160a26c83e:192.168.19.23:38341, 231847dc-e78a-4b48-8e03-44872a69ae9d:192.168.19.23:46679], old=null
2019-06-15 14:10:59,082 INFO  impl.LeaderElection (LogUtils.java:infoOrTrace(149)) - e068667e-1dce-444c-b1a2-fffed6f13eef:group-E25B0DDAACA5:LeaderElection15 got exception when requesting votes: {}
java.util.concurrent.ExecutionException: org.apache.ratis.thirdparty.io.grpc.StatusRuntimeException: UNAVAILABLE: io exception
	at java.util.concurrent.FutureTask.report(FutureTask.java:122)
	at java.util.concurrent.FutureTask.get(FutureTask.java:192)
	at org.apache.ratis.server.impl.LeaderElection.waitForResults(LeaderElection.java:262)
	at org.apache.ratis.server.impl.LeaderElection.askForVotes(LeaderElection.java:200)
	at org.apache.ratis.server.impl.LeaderElection.run(LeaderElection.java:130)
	at java.lang.Thread.run(Thread.java:748)
Caused by: org.apache.ratis.thirdparty.io.grpc.StatusRuntimeException: UNAVAILABLE: io exception
	at org.apache.ratis.thirdparty.io.grpc.stub.ClientCalls.toStatusRuntimeException(ClientCalls.java:233)
	at org.apache.ratis.thirdparty.io.grpc.stub.ClientCalls.getUnchecked(ClientCalls.java:214)
	at org.apache.ratis.thirdparty.io.grpc.stub.ClientCalls.blockingUnaryCall(ClientCalls.java:139)
	at org.apache.ratis.proto.grpc.RaftServerProtocolServiceGrpc$RaftServerProtocolServiceBlockingStub.requestVote(RaftServerProtocolServiceGrpc.java:265)
	at org.apache.ratis.grpc.server.GrpcServerProtocolClient.requestVote(GrpcServerProtocolClient.java:83)
	at org.apache.ratis.grpc.server.GrpcService.requestVote(GrpcService.java:194)
	at org.apache.ratis.server.impl.LeaderElection.lambda$submitRequests$1(LeaderElection.java:237)
	at java.util.concurrent.FutureTask.run(FutureTask.java:266)
	at java.util.concurrent.Executors$RunnableAdapter.call(Executors.java:511)
	at java.util.concurrent.FutureTask.run(FutureTask.java:266)
	at java.util.concurrent.ThreadPoolExecutor.runWorker(ThreadPoolExecutor.java:1149)
	at java.util.concurrent.ThreadPoolExecutor$Worker.run(ThreadPoolExecutor.java:624)
	... 1 more
Caused by: org.apache.ratis.thirdparty.io.netty.channel.AbstractChannel$AnnotatedConnectException: Connection refused: /192.168.19.23:38341
	at sun.nio.ch.SocketChannelImpl.checkConnect(Native Method)
	at sun.nio.ch.SocketChannelImpl.finishConnect(SocketChannelImpl.java:717)
	at org.apache.ratis.thirdparty.io.netty.channel.socket.nio.NioSocketChannel.doFinishConnect(NioSocketChannel.java:327)
	at org.apache.ratis.thirdparty.io.netty.channel.nio.AbstractNioChannel$AbstractNioUnsafe.finishConnect(AbstractNioChannel.java:340)
	at org.apache.ratis.thirdparty.io.netty.channel.nio.NioEventLoop.processSelectedKey(NioEventLoop.java:632)
	at org.apache.ratis.thirdparty.io.netty.channel.nio.NioEventLoop.processSelectedKeysOptimized(NioEventLoop.java:579)
	at org.apache.ratis.thirdparty.io.netty.channel.nio.NioEventLoop.processSelectedKeys(NioEventLoop.java:496)
	at org.apache.ratis.thirdparty.io.netty.channel.nio.NioEventLoop.run(NioEventLoop.java:458)
	at org.apache.ratis.thirdparty.io.netty.util.concurrent.SingleThreadEventExecutor$5.run(SingleThreadEventExecutor.java:897)
	at org.apache.ratis.thirdparty.io.netty.util.concurrent.FastThreadLocalRunnable.run(FastThreadLocalRunnable.java:30)
	... 1 more
Caused by: java.net.ConnectException: Connection refused
	... 11 more
2019-06-15 14:10:59,083 INFO  impl.LeaderElection (LogUtils.java:infoOrTrace(149)) - e068667e-1dce-444c-b1a2-fffed6f13eef:group-E25B0DDAACA5:LeaderElection15 got exception when requesting votes: {}
java.util.concurrent.ExecutionException: org.apache.ratis.thirdparty.io.grpc.StatusRuntimeException: UNAVAILABLE: io exception
	at java.util.concurrent.FutureTask.report(FutureTask.java:122)
	at java.util.concurrent.FutureTask.get(FutureTask.java:192)
	at org.apache.ratis.server.impl.LeaderElection.waitForResults(LeaderElection.java:262)
	at org.apache.ratis.server.impl.LeaderElection.askForVotes(LeaderElection.java:200)
	at org.apache.ratis.server.impl.LeaderElection.run(LeaderElection.java:130)
	at java.lang.Thread.run(Thread.java:748)
Caused by: org.apache.ratis.thirdparty.io.grpc.StatusRuntimeException: UNAVAILABLE: io exception
	at org.apache.ratis.thirdparty.io.grpc.stub.ClientCalls.toStatusRuntimeException(ClientCalls.java:233)
	at org.apache.ratis.thirdparty.io.grpc.stub.ClientCalls.getUnchecked(ClientCalls.java:214)
	at org.apache.ratis.thirdparty.io.grpc.stub.ClientCalls.blockingUnaryCall(ClientCalls.java:139)
	at org.apache.ratis.proto.grpc.RaftServerProtocolServiceGrpc$RaftServerProtocolServiceBlockingStub.requestVote(RaftServerProtocolServiceGrpc.java:265)
	at org.apache.ratis.grpc.server.GrpcServerProtocolClient.requestVote(GrpcServerProtocolClient.java:83)
	at org.apache.ratis.grpc.server.GrpcService.requestVote(GrpcService.java:194)
	at org.apache.ratis.server.impl.LeaderElection.lambda$submitRequests$1(LeaderElection.java:237)
	at java.util.concurrent.FutureTask.run(FutureTask.java:266)
	at java.util.concurrent.Executors$RunnableAdapter.call(Executors.java:511)
	at java.util.concurrent.FutureTask.run(FutureTask.java:266)
	at java.util.concurrent.ThreadPoolExecutor.runWorker(ThreadPoolExecutor.java:1149)
	at java.util.concurrent.ThreadPoolExecutor$Worker.run(ThreadPoolExecutor.java:624)
	... 1 more
Caused by: org.apache.ratis.thirdparty.io.netty.channel.AbstractChannel$AnnotatedConnectException: Connection refused: /192.168.19.23:46679
	at sun.nio.ch.SocketChannelImpl.checkConnect(Native Method)
	at sun.nio.ch.SocketChannelImpl.finishConnect(SocketChannelImpl.java:717)
	at org.apache.ratis.thirdparty.io.netty.channel.socket.nio.NioSocketChannel.doFinishConnect(NioSocketChannel.java:327)
	at org.apache.ratis.thirdparty.io.netty.channel.nio.AbstractNioChannel$AbstractNioUnsafe.finishConnect(AbstractNioChannel.java:340)
	at org.apache.ratis.thirdparty.io.netty.channel.nio.NioEventLoop.processSelectedKey(NioEventLoop.java:632)
	at org.apache.ratis.thirdparty.io.netty.channel.nio.NioEventLoop.processSelectedKeysOptimized(NioEventLoop.java:579)
	at org.apache.ratis.thirdparty.io.netty.channel.nio.NioEventLoop.processSelectedKeys(NioEventLoop.java:496)
	at org.apache.ratis.thirdparty.io.netty.channel.nio.NioEventLoop.run(NioEventLoop.java:458)
	at org.apache.ratis.thirdparty.io.netty.util.concurrent.SingleThreadEventExecutor$5.run(SingleThreadEventExecutor.java:897)
	at org.apache.ratis.thirdparty.io.netty.util.concurrent.FastThreadLocalRunnable.run(FastThreadLocalRunnable.java:30)
	... 1 more
Caused by: java.net.ConnectException: Connection refused
	... 11 more
2019-06-15 14:10:59,084 INFO  impl.LeaderElection (LeaderElection.java:logAndReturn(56)) - e068667e-1dce-444c-b1a2-fffed6f13eef:group-E25B0DDAACA5:LeaderElection15: Election REJECTED; received 0 response(s) [] and 2 exception(s); e068667e-1dce-444c-b1a2-fffed6f13eef:t4, leader=null, voted=e068667e-1dce-444c-b1a2-fffed6f13eef, raftlog=e068667e-1dce-444c-b1a2-fffed6f13eef-SegmentedRaftLog:OPENED:c15,f16,i16, conf=0: [e068667e-1dce-444c-b1a2-fffed6f13eef:192.168.19.23:37579, 1e149e73-53e7-4319-9e27-12160a26c83e:192.168.19.23:38341, 231847dc-e78a-4b48-8e03-44872a69ae9d:192.168.19.23:46679], old=null
2019-06-15 14:10:59,084 INFO  impl.LeaderElection (LogUtils.java:infoOrTrace(149)) -   Exception 0: {}
java.util.concurrent.ExecutionException: org.apache.ratis.thirdparty.io.grpc.StatusRuntimeException: UNAVAILABLE: io exception
	at java.util.concurrent.FutureTask.report(FutureTask.java:122)
	at java.util.concurrent.FutureTask.get(FutureTask.java:192)
	at org.apache.ratis.server.impl.LeaderElection.waitForResults(LeaderElection.java:262)
	at org.apache.ratis.server.impl.LeaderElection.askForVotes(LeaderElection.java:200)
	at org.apache.ratis.server.impl.LeaderElection.run(LeaderElection.java:130)
	at java.lang.Thread.run(Thread.java:748)
Caused by: org.apache.ratis.thirdparty.io.grpc.StatusRuntimeException: UNAVAILABLE: io exception
	at org.apache.ratis.thirdparty.io.grpc.stub.ClientCalls.toStatusRuntimeException(ClientCalls.java:233)
	at org.apache.ratis.thirdparty.io.grpc.stub.ClientCalls.getUnchecked(ClientCalls.java:214)
	at org.apache.ratis.thirdparty.io.grpc.stub.ClientCalls.blockingUnaryCall(ClientCalls.java:139)
	at org.apache.ratis.proto.grpc.RaftServerProtocolServiceGrpc$RaftServerProtocolServiceBlockingStub.requestVote(RaftServerProtocolServiceGrpc.java:265)
	at org.apache.ratis.grpc.server.GrpcServerProtocolClient.requestVote(GrpcServerProtocolClient.java:83)
	at org.apache.ratis.grpc.server.GrpcService.requestVote(GrpcService.java:194)
	at org.apache.ratis.server.impl.LeaderElection.lambda$submitRequests$1(LeaderElection.java:237)
	at java.util.concurrent.FutureTask.run(FutureTask.java:266)
	at java.util.concurrent.Executors$RunnableAdapter.call(Executors.java:511)
	at java.util.concurrent.FutureTask.run(FutureTask.java:266)
	at java.util.concurrent.ThreadPoolExecutor.runWorker(ThreadPoolExecutor.java:1149)
	at java.util.concurrent.ThreadPoolExecutor$Worker.run(ThreadPoolExecutor.java:624)
	... 1 more
Caused by: org.apache.ratis.thirdparty.io.netty.channel.AbstractChannel$AnnotatedConnectException: Connection refused: /192.168.19.23:38341
	at sun.nio.ch.SocketChannelImpl.checkConnect(Native Method)
	at sun.nio.ch.SocketChannelImpl.finishConnect(SocketChannelImpl.java:717)
	at org.apache.ratis.thirdparty.io.netty.channel.socket.nio.NioSocketChannel.doFinishConnect(NioSocketChannel.java:327)
	at org.apache.ratis.thirdparty.io.netty.channel.nio.AbstractNioChannel$AbstractNioUnsafe.finishConnect(AbstractNioChannel.java:340)
	at org.apache.ratis.thirdparty.io.netty.channel.nio.NioEventLoop.processSelectedKey(NioEventLoop.java:632)
	at org.apache.ratis.thirdparty.io.netty.channel.nio.NioEventLoop.processSelectedKeysOptimized(NioEventLoop.java:579)
	at org.apache.ratis.thirdparty.io.netty.channel.nio.NioEventLoop.processSelectedKeys(NioEventLoop.java:496)
	at org.apache.ratis.thirdparty.io.netty.channel.nio.NioEventLoop.run(NioEventLoop.java:458)
	at org.apache.ratis.thirdparty.io.netty.util.concurrent.SingleThreadEventExecutor$5.run(SingleThreadEventExecutor.java:897)
	at org.apache.ratis.thirdparty.io.netty.util.concurrent.FastThreadLocalRunnable.run(FastThreadLocalRunnable.java:30)
	... 1 more
Caused by: java.net.ConnectException: Connection refused
	... 11 more
2019-06-15 14:10:59,085 INFO  impl.LeaderElection (LogUtils.java:infoOrTrace(149)) -   Exception 1: {}
java.util.concurrent.ExecutionException: org.apache.ratis.thirdparty.io.grpc.StatusRuntimeException: UNAVAILABLE: io exception
	at java.util.concurrent.FutureTask.report(FutureTask.java:122)
	at java.util.concurrent.FutureTask.get(FutureTask.java:192)
	at org.apache.ratis.server.impl.LeaderElection.waitForResults(LeaderElection.java:262)
	at org.apache.ratis.server.impl.LeaderElection.askForVotes(LeaderElection.java:200)
	at org.apache.ratis.server.impl.LeaderElection.run(LeaderElection.java:130)
	at java.lang.Thread.run(Thread.java:748)
Caused by: org.apache.ratis.thirdparty.io.grpc.StatusRuntimeException: UNAVAILABLE: io exception
	at org.apache.ratis.thirdparty.io.grpc.stub.ClientCalls.toStatusRuntimeException(ClientCalls.java:233)
	at org.apache.ratis.thirdparty.io.grpc.stub.ClientCalls.getUnchecked(ClientCalls.java:214)
	at org.apache.ratis.thirdparty.io.grpc.stub.ClientCalls.blockingUnaryCall(ClientCalls.java:139)
	at org.apache.ratis.proto.grpc.RaftServerProtocolServiceGrpc$RaftServerProtocolServiceBlockingStub.requestVote(RaftServerProtocolServiceGrpc.java:265)
	at org.apache.ratis.grpc.server.GrpcServerProtocolClient.requestVote(GrpcServerProtocolClient.java:83)
	at org.apache.ratis.grpc.server.GrpcService.requestVote(GrpcService.java:194)
	at org.apache.ratis.server.impl.LeaderElection.lambda$submitRequests$1(LeaderElection.java:237)
	at java.util.concurrent.FutureTask.run(FutureTask.java:266)
	at java.util.concurrent.Executors$RunnableAdapter.call(Executors.java:511)
	at java.util.concurrent.FutureTask.run(FutureTask.java:266)
	at java.util.concurrent.ThreadPoolExecutor.runWorker(ThreadPoolExecutor.java:1149)
	at java.util.concurrent.ThreadPoolExecutor$Worker.run(ThreadPoolExecutor.java:624)
	... 1 more
Caused by: org.apache.ratis.thirdparty.io.netty.channel.AbstractChannel$AnnotatedConnectException: Connection refused: /192.168.19.23:46679
	at sun.nio.ch.SocketChannelImpl.checkConnect(Native Method)
	at sun.nio.ch.SocketChannelImpl.finishConnect(SocketChannelImpl.java:717)
	at org.apache.ratis.thirdparty.io.netty.channel.socket.nio.NioSocketChannel.doFinishConnect(NioSocketChannel.java:327)
	at org.apache.ratis.thirdparty.io.netty.channel.nio.AbstractNioChannel$AbstractNioUnsafe.finishConnect(AbstractNioChannel.java:340)
	at org.apache.ratis.thirdparty.io.netty.channel.nio.NioEventLoop.processSelectedKey(NioEventLoop.java:632)
	at org.apache.ratis.thirdparty.io.netty.channel.nio.NioEventLoop.processSelectedKeysOptimized(NioEventLoop.java:579)
	at org.apache.ratis.thirdparty.io.netty.channel.nio.NioEventLoop.processSelectedKeys(NioEventLoop.java:496)
	at org.apache.ratis.thirdparty.io.netty.channel.nio.NioEventLoop.run(NioEventLoop.java:458)
	at org.apache.ratis.thirdparty.io.netty.util.concurrent.SingleThreadEventExecutor$5.run(SingleThreadEventExecutor.java:897)
	at org.apache.ratis.thirdparty.io.netty.util.concurrent.FastThreadLocalRunnable.run(FastThreadLocalRunnable.java:30)
	... 1 more
Caused by: java.net.ConnectException: Connection refused
	... 11 more
2019-06-15 14:10:59,085 INFO  impl.RaftServerImpl (RaftServerImpl.java:setRole(164)) - e068667e-1dce-444c-b1a2-fffed6f13eef:group-E25B0DDAACA5 changes role from CANDIDATE to FOLLOWER at term 4 for DISCOVERED_A_NEW_TERM
2019-06-15 14:10:59,086 INFO  impl.RoleInfo (RoleInfo.java:shutdownLeaderElection(134)) - e068667e-1dce-444c-b1a2-fffed6f13eef: shutdown LeaderElection
2019-06-15 14:10:59,086 INFO  impl.RoleInfo (RoleInfo.java:updateAndGet(143)) - e068667e-1dce-444c-b1a2-fffed6f13eef: start FollowerState
2019-06-15 14:11:00,270 INFO  impl.FollowerState (FollowerState.java:run(101)) - e068667e-1dce-444c-b1a2-fffed6f13eef:group-E25B0DDAACA5 changes to CANDIDATE, lastRpcTime:1183, electionTimeout:1183ms
2019-06-15 14:11:00,271 INFO  impl.RoleInfo (RoleInfo.java:shutdownFollowerState(121)) - e068667e-1dce-444c-b1a2-fffed6f13eef: shutdown FollowerState
2019-06-15 14:11:00,271 INFO  impl.RaftServerImpl (RaftServerImpl.java:setRole(164)) - e068667e-1dce-444c-b1a2-fffed6f13eef:group-E25B0DDAACA5 changes role from FOLLOWER to CANDIDATE at term 4 for changeToCandidate
2019-06-15 14:11:00,272 INFO  impl.RoleInfo (RoleInfo.java:updateAndGet(143)) - e068667e-1dce-444c-b1a2-fffed6f13eef: start LeaderElection
2019-06-15 14:11:00,276 INFO  impl.LeaderElection (LeaderElection.java:askForVotes(181)) - e068667e-1dce-444c-b1a2-fffed6f13eef:group-E25B0DDAACA5:LeaderElection16: begin an election at term 5 for 0: [e068667e-1dce-444c-b1a2-fffed6f13eef:192.168.19.23:37579, 1e149e73-53e7-4319-9e27-12160a26c83e:192.168.19.23:38341, 231847dc-e78a-4b48-8e03-44872a69ae9d:192.168.19.23:46679], old=null
2019-06-15 14:11:00,277 INFO  impl.LeaderElection (LogUtils.java:infoOrTrace(149)) - e068667e-1dce-444c-b1a2-fffed6f13eef:group-E25B0DDAACA5:LeaderElection16 got exception when requesting votes: {}
java.util.concurrent.ExecutionException: org.apache.ratis.thirdparty.io.grpc.StatusRuntimeException: UNAVAILABLE: io exception
	at java.util.concurrent.FutureTask.report(FutureTask.java:122)
	at java.util.concurrent.FutureTask.get(FutureTask.java:192)
	at org.apache.ratis.server.impl.LeaderElection.waitForResults(LeaderElection.java:262)
	at org.apache.ratis.server.impl.LeaderElection.askForVotes(LeaderElection.java:200)
	at org.apache.ratis.server.impl.LeaderElection.run(LeaderElection.java:130)
	at java.lang.Thread.run(Thread.java:748)
Caused by: org.apache.ratis.thirdparty.io.grpc.StatusRuntimeException: UNAVAILABLE: io exception
	at org.apache.ratis.thirdparty.io.grpc.stub.ClientCalls.toStatusRuntimeException(ClientCalls.java:233)
	at org.apache.ratis.thirdparty.io.grpc.stub.ClientCalls.getUnchecked(ClientCalls.java:214)
	at org.apache.ratis.thirdparty.io.grpc.stub.ClientCalls.blockingUnaryCall(ClientCalls.java:139)
	at org.apache.ratis.proto.grpc.RaftServerProtocolServiceGrpc$RaftServerProtocolServiceBlockingStub.requestVote(RaftServerProtocolServiceGrpc.java:265)
	at org.apache.ratis.grpc.server.GrpcServerProtocolClient.requestVote(GrpcServerProtocolClient.java:83)
	at org.apache.ratis.grpc.server.GrpcService.requestVote(GrpcService.java:194)
	at org.apache.ratis.server.impl.LeaderElection.lambda$submitRequests$1(LeaderElection.java:237)
	at java.util.concurrent.FutureTask.run(FutureTask.java:266)
	at java.util.concurrent.Executors$RunnableAdapter.call(Executors.java:511)
	at java.util.concurrent.FutureTask.run(FutureTask.java:266)
	at java.util.concurrent.ThreadPoolExecutor.runWorker(ThreadPoolExecutor.java:1149)
	at java.util.concurrent.ThreadPoolExecutor$Worker.run(ThreadPoolExecutor.java:624)
	... 1 more
Caused by: org.apache.ratis.thirdparty.io.netty.channel.AbstractChannel$AnnotatedConnectException: Connection refused: /192.168.19.23:38341
	at sun.nio.ch.SocketChannelImpl.checkConnect(Native Method)
	at sun.nio.ch.SocketChannelImpl.finishConnect(SocketChannelImpl.java:717)
	at org.apache.ratis.thirdparty.io.netty.channel.socket.nio.NioSocketChannel.doFinishConnect(NioSocketChannel.java:327)
	at org.apache.ratis.thirdparty.io.netty.channel.nio.AbstractNioChannel$AbstractNioUnsafe.finishConnect(AbstractNioChannel.java:340)
	at org.apache.ratis.thirdparty.io.netty.channel.nio.NioEventLoop.processSelectedKey(NioEventLoop.java:632)
	at org.apache.ratis.thirdparty.io.netty.channel.nio.NioEventLoop.processSelectedKeysOptimized(NioEventLoop.java:579)
	at org.apache.ratis.thirdparty.io.netty.channel.nio.NioEventLoop.processSelectedKeys(NioEventLoop.java:496)
	at org.apache.ratis.thirdparty.io.netty.channel.nio.NioEventLoop.run(NioEventLoop.java:458)
	at org.apache.ratis.thirdparty.io.netty.util.concurrent.SingleThreadEventExecutor$5.run(SingleThreadEventExecutor.java:897)
	at org.apache.ratis.thirdparty.io.netty.util.concurrent.FastThreadLocalRunnable.run(FastThreadLocalRunnable.java:30)
	... 1 more
Caused by: java.net.ConnectException: Connection refused
	... 11 more
2019-06-15 14:11:00,279 INFO  impl.LeaderElection (LogUtils.java:infoOrTrace(149)) - e068667e-1dce-444c-b1a2-fffed6f13eef:group-E25B0DDAACA5:LeaderElection16 got exception when requesting votes: {}
java.util.concurrent.ExecutionException: org.apache.ratis.thirdparty.io.grpc.StatusRuntimeException: UNAVAILABLE: io exception
	at java.util.concurrent.FutureTask.report(FutureTask.java:122)
	at java.util.concurrent.FutureTask.get(FutureTask.java:192)
	at org.apache.ratis.server.impl.LeaderElection.waitForResults(LeaderElection.java:262)
	at org.apache.ratis.server.impl.LeaderElection.askForVotes(LeaderElection.java:200)
	at org.apache.ratis.server.impl.LeaderElection.run(LeaderElection.java:130)
	at java.lang.Thread.run(Thread.java:748)
Caused by: org.apache.ratis.thirdparty.io.grpc.StatusRuntimeException: UNAVAILABLE: io exception
	at org.apache.ratis.thirdparty.io.grpc.stub.ClientCalls.toStatusRuntimeException(ClientCalls.java:233)
	at org.apache.ratis.thirdparty.io.grpc.stub.ClientCalls.getUnchecked(ClientCalls.java:214)
	at org.apache.ratis.thirdparty.io.grpc.stub.ClientCalls.blockingUnaryCall(ClientCalls.java:139)
	at org.apache.ratis.proto.grpc.RaftServerProtocolServiceGrpc$RaftServerProtocolServiceBlockingStub.requestVote(RaftServerProtocolServiceGrpc.java:265)
	at org.apache.ratis.grpc.server.GrpcServerProtocolClient.requestVote(GrpcServerProtocolClient.java:83)
	at org.apache.ratis.grpc.server.GrpcService.requestVote(GrpcService.java:194)
	at org.apache.ratis.server.impl.LeaderElection.lambda$submitRequests$1(LeaderElection.java:237)
	at java.util.concurrent.FutureTask.run(FutureTask.java:266)
	at java.util.concurrent.Executors$RunnableAdapter.call(Executors.java:511)
	at java.util.concurrent.FutureTask.run(FutureTask.java:266)
	at java.util.concurrent.ThreadPoolExecutor.runWorker(ThreadPoolExecutor.java:1149)
	at java.util.concurrent.ThreadPoolExecutor$Worker.run(ThreadPoolExecutor.java:624)
	... 1 more
Caused by: org.apache.ratis.thirdparty.io.netty.channel.AbstractChannel$AnnotatedConnectException: Connection refused: /192.168.19.23:46679
	at sun.nio.ch.SocketChannelImpl.checkConnect(Native Method)
	at sun.nio.ch.SocketChannelImpl.finishConnect(SocketChannelImpl.java:717)
	at org.apache.ratis.thirdparty.io.netty.channel.socket.nio.NioSocketChannel.doFinishConnect(NioSocketChannel.java:327)
	at org.apache.ratis.thirdparty.io.netty.channel.nio.AbstractNioChannel$AbstractNioUnsafe.finishConnect(AbstractNioChannel.java:340)
	at org.apache.ratis.thirdparty.io.netty.channel.nio.NioEventLoop.processSelectedKey(NioEventLoop.java:632)
	at org.apache.ratis.thirdparty.io.netty.channel.nio.NioEventLoop.processSelectedKeysOptimized(NioEventLoop.java:579)
	at org.apache.ratis.thirdparty.io.netty.channel.nio.NioEventLoop.processSelectedKeys(NioEventLoop.java:496)
	at org.apache.ratis.thirdparty.io.netty.channel.nio.NioEventLoop.run(NioEventLoop.java:458)
	at org.apache.ratis.thirdparty.io.netty.util.concurrent.SingleThreadEventExecutor$5.run(SingleThreadEventExecutor.java:897)
	at org.apache.ratis.thirdparty.io.netty.util.concurrent.FastThreadLocalRunnable.run(FastThreadLocalRunnable.java:30)
	... 1 more
Caused by: java.net.ConnectException: Connection refused
	... 11 more
2019-06-15 14:11:00,281 INFO  impl.LeaderElection (LeaderElection.java:logAndReturn(56)) - e068667e-1dce-444c-b1a2-fffed6f13eef:group-E25B0DDAACA5:LeaderElection16: Election REJECTED; received 0 response(s) [] and 2 exception(s); e068667e-1dce-444c-b1a2-fffed6f13eef:t5, leader=null, voted=e068667e-1dce-444c-b1a2-fffed6f13eef, raftlog=e068667e-1dce-444c-b1a2-fffed6f13eef-SegmentedRaftLog:OPENED:c15,f16,i16, conf=0: [e068667e-1dce-444c-b1a2-fffed6f13eef:192.168.19.23:37579, 1e149e73-53e7-4319-9e27-12160a26c83e:192.168.19.23:38341, 231847dc-e78a-4b48-8e03-44872a69ae9d:192.168.19.23:46679], old=null
2019-06-15 14:11:00,281 INFO  impl.LeaderElection (LogUtils.java:infoOrTrace(149)) -   Exception 0: {}
java.util.concurrent.ExecutionException: org.apache.ratis.thirdparty.io.grpc.StatusRuntimeException: UNAVAILABLE: io exception
	at java.util.concurrent.FutureTask.report(FutureTask.java:122)
	at java.util.concurrent.FutureTask.get(FutureTask.java:192)
	at org.apache.ratis.server.impl.LeaderElection.waitForResults(LeaderElection.java:262)
	at org.apache.ratis.server.impl.LeaderElection.askForVotes(LeaderElection.java:200)
	at org.apache.ratis.server.impl.LeaderElection.run(LeaderElection.java:130)
	at java.lang.Thread.run(Thread.java:748)
Caused by: org.apache.ratis.thirdparty.io.grpc.StatusRuntimeException: UNAVAILABLE: io exception
	at org.apache.ratis.thirdparty.io.grpc.stub.ClientCalls.toStatusRuntimeException(ClientCalls.java:233)
	at org.apache.ratis.thirdparty.io.grpc.stub.ClientCalls.getUnchecked(ClientCalls.java:214)
	at org.apache.ratis.thirdparty.io.grpc.stub.ClientCalls.blockingUnaryCall(ClientCalls.java:139)
	at org.apache.ratis.proto.grpc.RaftServerProtocolServiceGrpc$RaftServerProtocolServiceBlockingStub.requestVote(RaftServerProtocolServiceGrpc.java:265)
	at org.apache.ratis.grpc.server.GrpcServerProtocolClient.requestVote(GrpcServerProtocolClient.java:83)
	at org.apache.ratis.grpc.server.GrpcService.requestVote(GrpcService.java:194)
	at org.apache.ratis.server.impl.LeaderElection.lambda$submitRequests$1(LeaderElection.java:237)
	at java.util.concurrent.FutureTask.run(FutureTask.java:266)
	at java.util.concurrent.Executors$RunnableAdapter.call(Executors.java:511)
	at java.util.concurrent.FutureTask.run(FutureTask.java:266)
	at java.util.concurrent.ThreadPoolExecutor.runWorker(ThreadPoolExecutor.java:1149)
	at java.util.concurrent.ThreadPoolExecutor$Worker.run(ThreadPoolExecutor.java:624)
	... 1 more
Caused by: org.apache.ratis.thirdparty.io.netty.channel.AbstractChannel$AnnotatedConnectException: Connection refused: /192.168.19.23:38341
	at sun.nio.ch.SocketChannelImpl.checkConnect(Native Method)
	at sun.nio.ch.SocketChannelImpl.finishConnect(SocketChannelImpl.java:717)
	at org.apache.ratis.thirdparty.io.netty.channel.socket.nio.NioSocketChannel.doFinishConnect(NioSocketChannel.java:327)
	at org.apache.ratis.thirdparty.io.netty.channel.nio.AbstractNioChannel$AbstractNioUnsafe.finishConnect(AbstractNioChannel.java:340)
	at org.apache.ratis.thirdparty.io.netty.channel.nio.NioEventLoop.processSelectedKey(NioEventLoop.java:632)
	at org.apache.ratis.thirdparty.io.netty.channel.nio.NioEventLoop.processSelectedKeysOptimized(NioEventLoop.java:579)
	at org.apache.ratis.thirdparty.io.netty.channel.nio.NioEventLoop.processSelectedKeys(NioEventLoop.java:496)
	at org.apache.ratis.thirdparty.io.netty.channel.nio.NioEventLoop.run(NioEventLoop.java:458)
	at org.apache.ratis.thirdparty.io.netty.util.concurrent.SingleThreadEventExecutor$5.run(SingleThreadEventExecutor.java:897)
	at org.apache.ratis.thirdparty.io.netty.util.concurrent.FastThreadLocalRunnable.run(FastThreadLocalRunnable.java:30)
	... 1 more
Caused by: java.net.ConnectException: Connection refused
	... 11 more
2019-06-15 14:11:00,281 INFO  impl.LeaderElection (LogUtils.java:infoOrTrace(149)) -   Exception 1: {}
java.util.concurrent.ExecutionException: org.apache.ratis.thirdparty.io.grpc.StatusRuntimeException: UNAVAILABLE: io exception
	at java.util.concurrent.FutureTask.report(FutureTask.java:122)
	at java.util.concurrent.FutureTask.get(FutureTask.java:192)
	at org.apache.ratis.server.impl.LeaderElection.waitForResults(LeaderElection.java:262)
	at org.apache.ratis.server.impl.LeaderElection.askForVotes(LeaderElection.java:200)
	at org.apache.ratis.server.impl.LeaderElection.run(LeaderElection.java:130)
	at java.lang.Thread.run(Thread.java:748)
Caused by: org.apache.ratis.thirdparty.io.grpc.StatusRuntimeException: UNAVAILABLE: io exception
	at org.apache.ratis.thirdparty.io.grpc.stub.ClientCalls.toStatusRuntimeException(ClientCalls.java:233)
	at org.apache.ratis.thirdparty.io.grpc.stub.ClientCalls.getUnchecked(ClientCalls.java:214)
	at org.apache.ratis.thirdparty.io.grpc.stub.ClientCalls.blockingUnaryCall(ClientCalls.java:139)
	at org.apache.ratis.proto.grpc.RaftServerProtocolServiceGrpc$RaftServerProtocolServiceBlockingStub.requestVote(RaftServerProtocolServiceGrpc.java:265)
	at org.apache.ratis.grpc.server.GrpcServerProtocolClient.requestVote(GrpcServerProtocolClient.java:83)
	at org.apache.ratis.grpc.server.GrpcService.requestVote(GrpcService.java:194)
	at org.apache.ratis.server.impl.LeaderElection.lambda$submitRequests$1(LeaderElection.java:237)
	at java.util.concurrent.FutureTask.run(FutureTask.java:266)
	at java.util.concurrent.Executors$RunnableAdapter.call(Executors.java:511)
	at java.util.concurrent.FutureTask.run(FutureTask.java:266)
	at java.util.concurrent.ThreadPoolExecutor.runWorker(ThreadPoolExecutor.java:1149)
	at java.util.concurrent.ThreadPoolExecutor$Worker.run(ThreadPoolExecutor.java:624)
	... 1 more
Caused by: org.apache.ratis.thirdparty.io.netty.channel.AbstractChannel$AnnotatedConnectException: Connection refused: /192.168.19.23:46679
	at sun.nio.ch.SocketChannelImpl.checkConnect(Native Method)
	at sun.nio.ch.SocketChannelImpl.finishConnect(SocketChannelImpl.java:717)
	at org.apache.ratis.thirdparty.io.netty.channel.socket.nio.NioSocketChannel.doFinishConnect(NioSocketChannel.java:327)
	at org.apache.ratis.thirdparty.io.netty.channel.nio.AbstractNioChannel$AbstractNioUnsafe.finishConnect(AbstractNioChannel.java:340)
	at org.apache.ratis.thirdparty.io.netty.channel.nio.NioEventLoop.processSelectedKey(NioEventLoop.java:632)
	at org.apache.ratis.thirdparty.io.netty.channel.nio.NioEventLoop.processSelectedKeysOptimized(NioEventLoop.java:579)
	at org.apache.ratis.thirdparty.io.netty.channel.nio.NioEventLoop.processSelectedKeys(NioEventLoop.java:496)
	at org.apache.ratis.thirdparty.io.netty.channel.nio.NioEventLoop.run(NioEventLoop.java:458)
	at org.apache.ratis.thirdparty.io.netty.util.concurrent.SingleThreadEventExecutor$5.run(SingleThreadEventExecutor.java:897)
	at org.apache.ratis.thirdparty.io.netty.util.concurrent.FastThreadLocalRunnable.run(FastThreadLocalRunnable.java:30)
	... 1 more
Caused by: java.net.ConnectException: Connection refused
	... 11 more
2019-06-15 14:11:00,281 INFO  impl.RaftServerImpl (RaftServerImpl.java:setRole(164)) - e068667e-1dce-444c-b1a2-fffed6f13eef:group-E25B0DDAACA5 changes role from CANDIDATE to FOLLOWER at term 5 for DISCOVERED_A_NEW_TERM
2019-06-15 14:11:00,282 INFO  impl.RoleInfo (RoleInfo.java:shutdownLeaderElection(134)) - e068667e-1dce-444c-b1a2-fffed6f13eef: shutdown LeaderElection
2019-06-15 14:11:00,283 INFO  impl.RoleInfo (RoleInfo.java:updateAndGet(143)) - e068667e-1dce-444c-b1a2-fffed6f13eef: start FollowerState
2019-06-15 14:11:00,534 WARN  io.KeyOutputStream (KeyOutputStream.java:handleException(276)) - Encountered exception java.io.IOException: Unexpected Storage Container Exception: java.util.concurrent.CompletionException: java.util.concurrent.CompletionException: org.apache.ratis.protocol.RaftRetryFailureException: Failed RaftClientRequest:client-A54AF212FCF3->1e149e73-53e7-4319-9e27-12160a26c83e@group-E25B0DDAACA5, cid=22, seq=9*, RW, org.apache.hadoop.hdds.scm.XceiverClientRatis$$Lambda$406/787205767@2dc9c6a8 for 5 attempts with RetryLimited(maxAttempts=5, sleepTime=1000ms) on the pipeline Pipeline[ Id: 17730288-1631-46b9-a403-e25b0ddaaca5, Nodes: 1e149e73-53e7-4319-9e27-12160a26c83e{ip: 192.168.19.23, host: ozone-unit-076618677d3-hs227-2779846674, networkLocation: /default-rack, certSerialId: null}231847dc-e78a-4b48-8e03-44872a69ae9d{ip: 192.168.19.23, host: ozone-unit-076618677d3-hs227-2779846674, networkLocation: /default-rack, certSerialId: null}e068667e-1dce-444c-b1a2-fffed6f13eef{ip: 192.168.19.23, host: ozone-unit-076618677d3-hs227-2779846674, networkLocation: /default-rack, certSerialId: null}, Type:RATIS, Factor:THREE, State:OPEN]. The last committed block length is 450, uncommitted data length is 350 retry count 0
2019-06-15 14:11:00,551 INFO  client.GrpcClientProtocolClient (GrpcClientProtocolClient.java:onNext(254)) - client-57E1B75B6E0F->31c47902-e24f-46cb-8adb-60efff8d69eb: receive RaftClientReply:client-57E1B75B6E0F->31c47902-e24f-46cb-8adb-60efff8d69eb@group-7C51BB60225E, cid=28, FAILED org.apache.ratis.protocol.NotLeaderException: Server 31c47902-e24f-46cb-8adb-60efff8d69eb is not the leader (763e4a11-08e2-4549-a8dc-173862531bf4:192.168.19.23:40839). Request must be sent to leader., logIndex=0, commits[31c47902-e24f-46cb-8adb-60efff8d69eb:c0, 03fce918-d0a7-4cd9-a665-be2ded7ac46f:c0, 763e4a11-08e2-4549-a8dc-173862531bf4:c0]
2019-06-15 14:11:00,557 WARN  client.GrpcClientProtocolService (LogUtils.java:warn(134)) - 0-OrderedRequestStreamObserver0: onError: org.apache.ratis.thirdparty.io.grpc.StatusRuntimeException: CANCELLED: cancelled before receiving half close
2019-06-15 14:11:01,482 INFO  impl.FollowerState (FollowerState.java:run(101)) - e068667e-1dce-444c-b1a2-fffed6f13eef:group-E25B0DDAACA5 changes to CANDIDATE, lastRpcTime:1199, electionTimeout:1198ms
2019-06-15 14:11:01,483 INFO  impl.RoleInfo (RoleInfo.java:shutdownFollowerState(121)) - e068667e-1dce-444c-b1a2-fffed6f13eef: shutdown FollowerState
2019-06-15 14:11:01,483 INFO  impl.RaftServerImpl (RaftServerImpl.java:setRole(164)) - e068667e-1dce-444c-b1a2-fffed6f13eef:group-E25B0DDAACA5 changes role from FOLLOWER to CANDIDATE at term 5 for changeToCandidate
2019-06-15 14:11:01,484 INFO  impl.RoleInfo (RoleInfo.java:updateAndGet(143)) - e068667e-1dce-444c-b1a2-fffed6f13eef: start LeaderElection
2019-06-15 14:11:01,487 INFO  impl.LeaderElection (LeaderElection.java:askForVotes(181)) - e068667e-1dce-444c-b1a2-fffed6f13eef:group-E25B0DDAACA5:LeaderElection17: begin an election at term 6 for 0: [e068667e-1dce-444c-b1a2-fffed6f13eef:192.168.19.23:37579, 1e149e73-53e7-4319-9e27-12160a26c83e:192.168.19.23:38341, 231847dc-e78a-4b48-8e03-44872a69ae9d:192.168.19.23:46679], old=null
2019-06-15 14:11:01,488 INFO  impl.LeaderElection (LogUtils.java:infoOrTrace(149)) - e068667e-1dce-444c-b1a2-fffed6f13eef:group-E25B0DDAACA5:LeaderElection17 got exception when requesting votes: {}
java.util.concurrent.ExecutionException: org.apache.ratis.thirdparty.io.grpc.StatusRuntimeException: UNAVAILABLE: io exception
	at java.util.concurrent.FutureTask.report(FutureTask.java:122)
	at java.util.concurrent.FutureTask.get(FutureTask.java:192)
	at org.apache.ratis.server.impl.LeaderElection.waitForResults(LeaderElection.java:262)
	at org.apache.ratis.server.impl.LeaderElection.askForVotes(LeaderElection.java:200)
	at org.apache.ratis.server.impl.LeaderElection.run(LeaderElection.java:130)
	at java.lang.Thread.run(Thread.java:748)
Caused by: org.apache.ratis.thirdparty.io.grpc.StatusRuntimeException: UNAVAILABLE: io exception
	at org.apache.ratis.thirdparty.io.grpc.stub.ClientCalls.toStatusRuntimeException(ClientCalls.java:233)
	at org.apache.ratis.thirdparty.io.grpc.stub.ClientCalls.getUnchecked(ClientCalls.java:214)
	at org.apache.ratis.thirdparty.io.grpc.stub.ClientCalls.blockingUnaryCall(ClientCalls.java:139)
	at org.apache.ratis.proto.grpc.RaftServerProtocolServiceGrpc$RaftServerProtocolServiceBlockingStub.requestVote(RaftServerProtocolServiceGrpc.java:265)
	at org.apache.ratis.grpc.server.GrpcServerProtocolClient.requestVote(GrpcServerProtocolClient.java:83)
	at org.apache.ratis.grpc.server.GrpcService.requestVote(GrpcService.java:194)
	at org.apache.ratis.server.impl.LeaderElection.lambda$submitRequests$1(LeaderElection.java:237)
	at java.util.concurrent.FutureTask.run(FutureTask.java:266)
	at java.util.concurrent.Executors$RunnableAdapter.call(Executors.java:511)
	at java.util.concurrent.FutureTask.run(FutureTask.java:266)
	at java.util.concurrent.ThreadPoolExecutor.runWorker(ThreadPoolExecutor.java:1149)
	at java.util.concurrent.ThreadPoolExecutor$Worker.run(ThreadPoolExecutor.java:624)
	... 1 more
Caused by: org.apache.ratis.thirdparty.io.netty.channel.AbstractChannel$AnnotatedConnectException: Connection refused: /192.168.19.23:46679
	at sun.nio.ch.SocketChannelImpl.checkConnect(Native Method)
	at sun.nio.ch.SocketChannelImpl.finishConnect(SocketChannelImpl.java:717)
	at org.apache.ratis.thirdparty.io.netty.channel.socket.nio.NioSocketChannel.doFinishConnect(NioSocketChannel.java:327)
	at org.apache.ratis.thirdparty.io.netty.channel.nio.AbstractNioChannel$AbstractNioUnsafe.finishConnect(AbstractNioChannel.java:340)
	at org.apache.ratis.thirdparty.io.netty.channel.nio.NioEventLoop.processSelectedKey(NioEventLoop.java:632)
	at org.apache.ratis.thirdparty.io.netty.channel.nio.NioEventLoop.processSelectedKeysOptimized(NioEventLoop.java:579)
	at org.apache.ratis.thirdparty.io.netty.channel.nio.NioEventLoop.processSelectedKeys(NioEventLoop.java:496)
	at org.apache.ratis.thirdparty.io.netty.channel.nio.NioEventLoop.run(NioEventLoop.java:458)
	at org.apache.ratis.thirdparty.io.netty.util.concurrent.SingleThreadEventExecutor$5.run(SingleThreadEventExecutor.java:897)
	at org.apache.ratis.thirdparty.io.netty.util.concurrent.FastThreadLocalRunnable.run(FastThreadLocalRunnable.java:30)
	... 1 more
Caused by: java.net.ConnectException: Connection refused
	... 11 more
2019-06-15 14:11:01,489 INFO  impl.LeaderElection (LogUtils.java:infoOrTrace(149)) - e068667e-1dce-444c-b1a2-fffed6f13eef:group-E25B0DDAACA5:LeaderElection17 got exception when requesting votes: {}
java.util.concurrent.ExecutionException: org.apache.ratis.thirdparty.io.grpc.StatusRuntimeException: UNAVAILABLE: io exception
	at java.util.concurrent.FutureTask.report(FutureTask.java:122)
	at java.util.concurrent.FutureTask.get(FutureTask.java:192)
	at org.apache.ratis.server.impl.LeaderElection.waitForResults(LeaderElection.java:262)
	at org.apache.ratis.server.impl.LeaderElection.askForVotes(LeaderElection.java:200)
	at org.apache.ratis.server.impl.LeaderElection.run(LeaderElection.java:130)
	at java.lang.Thread.run(Thread.java:748)
Caused by: org.apache.ratis.thirdparty.io.grpc.StatusRuntimeException: UNAVAILABLE: io exception
	at org.apache.ratis.thirdparty.io.grpc.stub.ClientCalls.toStatusRuntimeException(ClientCalls.java:233)
	at org.apache.ratis.thirdparty.io.grpc.stub.ClientCalls.getUnchecked(ClientCalls.java:214)
	at org.apache.ratis.thirdparty.io.grpc.stub.ClientCalls.blockingUnaryCall(ClientCalls.java:139)
	at org.apache.ratis.proto.grpc.RaftServerProtocolServiceGrpc$RaftServerProtocolServiceBlockingStub.requestVote(RaftServerProtocolServiceGrpc.java:265)
	at org.apache.ratis.grpc.server.GrpcServerProtocolClient.requestVote(GrpcServerProtocolClient.java:83)
	at org.apache.ratis.grpc.server.GrpcService.requestVote(GrpcService.java:194)
	at org.apache.ratis.server.impl.LeaderElection.lambda$submitRequests$1(LeaderElection.java:237)
	at java.util.concurrent.FutureTask.run(FutureTask.java:266)
	at java.util.concurrent.Executors$RunnableAdapter.call(Executors.java:511)
	at java.util.concurrent.FutureTask.run(FutureTask.java:266)
	at java.util.concurrent.ThreadPoolExecutor.runWorker(ThreadPoolExecutor.java:1149)
	at java.util.concurrent.ThreadPoolExecutor$Worker.run(ThreadPoolExecutor.java:624)
	... 1 more
Caused by: org.apache.ratis.thirdparty.io.netty.channel.AbstractChannel$AnnotatedConnectException: Connection refused: /192.168.19.23:38341
	at sun.nio.ch.SocketChannelImpl.checkConnect(Native Method)
	at sun.nio.ch.SocketChannelImpl.finishConnect(SocketChannelImpl.java:717)
	at org.apache.ratis.thirdparty.io.netty.channel.socket.nio.NioSocketChannel.doFinishConnect(NioSocketChannel.java:327)
	at org.apache.ratis.thirdparty.io.netty.channel.nio.AbstractNioChannel$AbstractNioUnsafe.finishConnect(AbstractNioChannel.java:340)
	at org.apache.ratis.thirdparty.io.netty.channel.nio.NioEventLoop.processSelectedKey(NioEventLoop.java:632)
	at org.apache.ratis.thirdparty.io.netty.channel.nio.NioEventLoop.processSelectedKeysOptimized(NioEventLoop.java:579)
	at org.apache.ratis.thirdparty.io.netty.channel.nio.NioEventLoop.processSelectedKeys(NioEventLoop.java:496)
	at org.apache.ratis.thirdparty.io.netty.channel.nio.NioEventLoop.run(NioEventLoop.java:458)
	at org.apache.ratis.thirdparty.io.netty.util.concurrent.SingleThreadEventExecutor$5.run(SingleThreadEventExecutor.java:897)
	at org.apache.ratis.thirdparty.io.netty.util.concurrent.FastThreadLocalRunnable.run(FastThreadLocalRunnable.java:30)
	... 1 more
Caused by: java.net.ConnectException: Connection refused
	... 11 more
2019-06-15 14:11:01,491 INFO  impl.LeaderElection (LeaderElection.java:logAndReturn(56)) - e068667e-1dce-444c-b1a2-fffed6f13eef:group-E25B0DDAACA5:LeaderElection17: Election REJECTED; received 0 response(s) [] and 2 exception(s); e068667e-1dce-444c-b1a2-fffed6f13eef:t6, leader=null, voted=e068667e-1dce-444c-b1a2-fffed6f13eef, raftlog=e068667e-1dce-444c-b1a2-fffed6f13eef-SegmentedRaftLog:OPENED:c15,f16,i16, conf=0: [e068667e-1dce-444c-b1a2-fffed6f13eef:192.168.19.23:37579, 1e149e73-53e7-4319-9e27-12160a26c83e:192.168.19.23:38341, 231847dc-e78a-4b48-8e03-44872a69ae9d:192.168.19.23:46679], old=null
2019-06-15 14:11:01,491 INFO  impl.LeaderElection (LogUtils.java:infoOrTrace(149)) -   Exception 0: {}
java.util.concurrent.ExecutionException: org.apache.ratis.thirdparty.io.grpc.StatusRuntimeException: UNAVAILABLE: io exception
	at java.util.concurrent.FutureTask.report(FutureTask.java:122)
	at java.util.concurrent.FutureTask.get(FutureTask.java:192)
	at org.apache.ratis.server.impl.LeaderElection.waitForResults(LeaderElection.java:262)
	at org.apache.ratis.server.impl.LeaderElection.askForVotes(LeaderElection.java:200)
	at org.apache.ratis.server.impl.LeaderElection.run(LeaderElection.java:130)
	at java.lang.Thread.run(Thread.java:748)
Caused by: org.apache.ratis.thirdparty.io.grpc.StatusRuntimeException: UNAVAILABLE: io exception
	at org.apache.ratis.thirdparty.io.grpc.stub.ClientCalls.toStatusRuntimeException(ClientCalls.java:233)
	at org.apache.ratis.thirdparty.io.grpc.stub.ClientCalls.getUnchecked(ClientCalls.java:214)
	at org.apache.ratis.thirdparty.io.grpc.stub.ClientCalls.blockingUnaryCall(ClientCalls.java:139)
	at org.apache.ratis.proto.grpc.RaftServerProtocolServiceGrpc$RaftServerProtocolServiceBlockingStub.requestVote(RaftServerProtocolServiceGrpc.java:265)
	at org.apache.ratis.grpc.server.GrpcServerProtocolClient.requestVote(GrpcServerProtocolClient.java:83)
	at org.apache.ratis.grpc.server.GrpcService.requestVote(GrpcService.java:194)
	at org.apache.ratis.server.impl.LeaderElection.lambda$submitRequests$1(LeaderElection.java:237)
	at java.util.concurrent.FutureTask.run(FutureTask.java:266)
	at java.util.concurrent.Executors$RunnableAdapter.call(Executors.java:511)
	at java.util.concurrent.FutureTask.run(FutureTask.java:266)
	at java.util.concurrent.ThreadPoolExecutor.runWorker(ThreadPoolExecutor.java:1149)
	at java.util.concurrent.ThreadPoolExecutor$Worker.run(ThreadPoolExecutor.java:624)
	... 1 more
Caused by: org.apache.ratis.thirdparty.io.netty.channel.AbstractChannel$AnnotatedConnectException: Connection refused: /192.168.19.23:46679
	at sun.nio.ch.SocketChannelImpl.checkConnect(Native Method)
	at sun.nio.ch.SocketChannelImpl.finishConnect(SocketChannelImpl.java:717)
	at org.apache.ratis.thirdparty.io.netty.channel.socket.nio.NioSocketChannel.doFinishConnect(NioSocketChannel.java:327)
	at org.apache.ratis.thirdparty.io.netty.channel.nio.AbstractNioChannel$AbstractNioUnsafe.finishConnect(AbstractNioChannel.java:340)
	at org.apache.ratis.thirdparty.io.netty.channel.nio.NioEventLoop.processSelectedKey(NioEventLoop.java:632)
	at org.apache.ratis.thirdparty.io.netty.channel.nio.NioEventLoop.processSelectedKeysOptimized(NioEventLoop.java:579)
	at org.apache.ratis.thirdparty.io.netty.channel.nio.NioEventLoop.processSelectedKeys(NioEventLoop.java:496)
	at org.apache.ratis.thirdparty.io.netty.channel.nio.NioEventLoop.run(NioEventLoop.java:458)
	at org.apache.ratis.thirdparty.io.netty.util.concurrent.SingleThreadEventExecutor$5.run(SingleThreadEventExecutor.java:897)
	at org.apache.ratis.thirdparty.io.netty.util.concurrent.FastThreadLocalRunnable.run(FastThreadLocalRunnable.java:30)
	... 1 more
Caused by: java.net.ConnectException: Connection refused
	... 11 more
2019-06-15 14:11:01,491 INFO  impl.LeaderElection (LogUtils.java:infoOrTrace(149)) -   Exception 1: {}
java.util.concurrent.ExecutionException: org.apache.ratis.thirdparty.io.grpc.StatusRuntimeException: UNAVAILABLE: io exception
	at java.util.concurrent.FutureTask.report(FutureTask.java:122)
	at java.util.concurrent.FutureTask.get(FutureTask.java:192)
	at org.apache.ratis.server.impl.LeaderElection.waitForResults(LeaderElection.java:262)
	at org.apache.ratis.server.impl.LeaderElection.askForVotes(LeaderElection.java:200)
	at org.apache.ratis.server.impl.LeaderElection.run(LeaderElection.java:130)
	at java.lang.Thread.run(Thread.java:748)
Caused by: org.apache.ratis.thirdparty.io.grpc.StatusRuntimeException: UNAVAILABLE: io exception
	at org.apache.ratis.thirdparty.io.grpc.stub.ClientCalls.toStatusRuntimeException(ClientCalls.java:233)
	at org.apache.ratis.thirdparty.io.grpc.stub.ClientCalls.getUnchecked(ClientCalls.java:214)
	at org.apache.ratis.thirdparty.io.grpc.stub.ClientCalls.blockingUnaryCall(ClientCalls.java:139)
	at org.apache.ratis.proto.grpc.RaftServerProtocolServiceGrpc$RaftServerProtocolServiceBlockingStub.requestVote(RaftServerProtocolServiceGrpc.java:265)
	at org.apache.ratis.grpc.server.GrpcServerProtocolClient.requestVote(GrpcServerProtocolClient.java:83)
	at org.apache.ratis.grpc.server.GrpcService.requestVote(GrpcService.java:194)
	at org.apache.ratis.server.impl.LeaderElection.lambda$submitRequests$1(LeaderElection.java:237)
	at java.util.concurrent.FutureTask.run(FutureTask.java:266)
	at java.util.concurrent.Executors$RunnableAdapter.call(Executors.java:511)
	at java.util.concurrent.FutureTask.run(FutureTask.java:266)
	at java.util.concurrent.ThreadPoolExecutor.runWorker(ThreadPoolExecutor.java:1149)
	at java.util.concurrent.ThreadPoolExecutor$Worker.run(ThreadPoolExecutor.java:624)
	... 1 more
Caused by: org.apache.ratis.thirdparty.io.netty.channel.AbstractChannel$AnnotatedConnectException: Connection refused: /192.168.19.23:38341
	at sun.nio.ch.SocketChannelImpl.checkConnect(Native Method)
	at sun.nio.ch.SocketChannelImpl.finishConnect(SocketChannelImpl.java:717)
	at org.apache.ratis.thirdparty.io.netty.channel.socket.nio.NioSocketChannel.doFinishConnect(NioSocketChannel.java:327)
	at org.apache.ratis.thirdparty.io.netty.channel.nio.AbstractNioChannel$AbstractNioUnsafe.finishConnect(AbstractNioChannel.java:340)
	at org.apache.ratis.thirdparty.io.netty.channel.nio.NioEventLoop.processSelectedKey(NioEventLoop.java:632)
	at org.apache.ratis.thirdparty.io.netty.channel.nio.NioEventLoop.processSelectedKeysOptimized(NioEventLoop.java:579)
	at org.apache.ratis.thirdparty.io.netty.channel.nio.NioEventLoop.processSelectedKeys(NioEventLoop.java:496)
	at org.apache.ratis.thirdparty.io.netty.channel.nio.NioEventLoop.run(NioEventLoop.java:458)
	at org.apache.ratis.thirdparty.io.netty.util.concurrent.SingleThreadEventExecutor$5.run(SingleThreadEventExecutor.java:897)
	at org.apache.ratis.thirdparty.io.netty.util.concurrent.FastThreadLocalRunnable.run(FastThreadLocalRunnable.java:30)
	... 1 more
Caused by: java.net.ConnectException: Connection refused
	... 11 more
2019-06-15 14:11:01,491 INFO  impl.RaftServerImpl (RaftServerImpl.java:setRole(164)) - e068667e-1dce-444c-b1a2-fffed6f13eef:group-E25B0DDAACA5 changes role from CANDIDATE to FOLLOWER at term 6 for DISCOVERED_A_NEW_TERM
2019-06-15 14:11:01,494 INFO  impl.RoleInfo (RoleInfo.java:shutdownLeaderElection(134)) - e068667e-1dce-444c-b1a2-fffed6f13eef: shutdown LeaderElection
2019-06-15 14:11:01,494 INFO  impl.RoleInfo (RoleInfo.java:updateAndGet(143)) - e068667e-1dce-444c-b1a2-fffed6f13eef: start FollowerState
2019-06-15 14:11:01,567 INFO  client.GrpcClientProtocolClient (GrpcClientProtocolClient.java:onNext(254)) - client-57E1B75B6E0F->03fce918-d0a7-4cd9-a665-be2ded7ac46f: receive RaftClientReply:client-57E1B75B6E0F->03fce918-d0a7-4cd9-a665-be2ded7ac46f@group-7C51BB60225E, cid=28, FAILED org.apache.ratis.protocol.NotLeaderException: Server 03fce918-d0a7-4cd9-a665-be2ded7ac46f is not the leader (763e4a11-08e2-4549-a8dc-173862531bf4:192.168.19.23:40839). Request must be sent to leader., logIndex=0, commits[03fce918-d0a7-4cd9-a665-be2ded7ac46f:c0, 31c47902-e24f-46cb-8adb-60efff8d69eb:c0, 763e4a11-08e2-4549-a8dc-173862531bf4:c0]
2019-06-15 14:11:01,570 WARN  client.GrpcClientProtocolService (LogUtils.java:warn(134)) - 0-OrderedRequestStreamObserver0: onError: org.apache.ratis.thirdparty.io.grpc.StatusRuntimeException: CANCELLED: cancelled before receiving half close
2019-06-15 14:11:02,536 INFO  impl.FollowerState (FollowerState.java:run(101)) - e068667e-1dce-444c-b1a2-fffed6f13eef:group-E25B0DDAACA5 changes to CANDIDATE, lastRpcTime:1041, electionTimeout:1041ms
2019-06-15 14:11:02,537 INFO  impl.RoleInfo (RoleInfo.java:shutdownFollowerState(121)) - e068667e-1dce-444c-b1a2-fffed6f13eef: shutdown FollowerState
2019-06-15 14:11:02,537 INFO  impl.RaftServerImpl (RaftServerImpl.java:setRole(164)) - e068667e-1dce-444c-b1a2-fffed6f13eef:group-E25B0DDAACA5 changes role from FOLLOWER to CANDIDATE at term 6 for changeToCandidate
2019-06-15 14:11:02,537 INFO  impl.RoleInfo (RoleInfo.java:updateAndGet(143)) - e068667e-1dce-444c-b1a2-fffed6f13eef: start LeaderElection
2019-06-15 14:11:02,542 INFO  impl.LeaderElection (LeaderElection.java:askForVotes(181)) - e068667e-1dce-444c-b1a2-fffed6f13eef:group-E25B0DDAACA5:LeaderElection18: begin an election at term 7 for 0: [e068667e-1dce-444c-b1a2-fffed6f13eef:192.168.19.23:37579, 1e149e73-53e7-4319-9e27-12160a26c83e:192.168.19.23:38341, 231847dc-e78a-4b48-8e03-44872a69ae9d:192.168.19.23:46679], old=null
2019-06-15 14:11:02,542 INFO  impl.LeaderElection (LogUtils.java:infoOrTrace(149)) - e068667e-1dce-444c-b1a2-fffed6f13eef:group-E25B0DDAACA5:LeaderElection18 got exception when requesting votes: {}
java.util.concurrent.ExecutionException: org.apache.ratis.thirdparty.io.grpc.StatusRuntimeException: UNAVAILABLE: io exception
	at java.util.concurrent.FutureTask.report(FutureTask.java:122)
	at java.util.concurrent.FutureTask.get(FutureTask.java:192)
	at org.apache.ratis.server.impl.LeaderElection.waitForResults(LeaderElection.java:262)
	at org.apache.ratis.server.impl.LeaderElection.askForVotes(LeaderElection.java:200)
	at org.apache.ratis.server.impl.LeaderElection.run(LeaderElection.java:130)
	at java.lang.Thread.run(Thread.java:748)
Caused by: org.apache.ratis.thirdparty.io.grpc.StatusRuntimeException: UNAVAILABLE: io exception
	at org.apache.ratis.thirdparty.io.grpc.stub.ClientCalls.toStatusRuntimeException(ClientCalls.java:233)
	at org.apache.ratis.thirdparty.io.grpc.stub.ClientCalls.getUnchecked(ClientCalls.java:214)
	at org.apache.ratis.thirdparty.io.grpc.stub.ClientCalls.blockingUnaryCall(ClientCalls.java:139)
	at org.apache.ratis.proto.grpc.RaftServerProtocolServiceGrpc$RaftServerProtocolServiceBlockingStub.requestVote(RaftServerProtocolServiceGrpc.java:265)
	at org.apache.ratis.grpc.server.GrpcServerProtocolClient.requestVote(GrpcServerProtocolClient.java:83)
	at org.apache.ratis.grpc.server.GrpcService.requestVote(GrpcService.java:194)
	at org.apache.ratis.server.impl.LeaderElection.lambda$submitRequests$1(LeaderElection.java:237)
	at java.util.concurrent.FutureTask.run(FutureTask.java:266)
	at java.util.concurrent.Executors$RunnableAdapter.call(Executors.java:511)
	at java.util.concurrent.FutureTask.run(FutureTask.java:266)
	at java.util.concurrent.ThreadPoolExecutor.runWorker(ThreadPoolExecutor.java:1149)
	at java.util.concurrent.ThreadPoolExecutor$Worker.run(ThreadPoolExecutor.java:624)
	... 1 more
Caused by: org.apache.ratis.thirdparty.io.netty.channel.AbstractChannel$AnnotatedConnectException: Connection refused: /192.168.19.23:38341
	at sun.nio.ch.SocketChannelImpl.checkConnect(Native Method)
	at sun.nio.ch.SocketChannelImpl.finishConnect(SocketChannelImpl.java:717)
	at org.apache.ratis.thirdparty.io.netty.channel.socket.nio.NioSocketChannel.doFinishConnect(NioSocketChannel.java:327)
	at org.apache.ratis.thirdparty.io.netty.channel.nio.AbstractNioChannel$AbstractNioUnsafe.finishConnect(AbstractNioChannel.java:340)
	at org.apache.ratis.thirdparty.io.netty.channel.nio.NioEventLoop.processSelectedKey(NioEventLoop.java:632)
	at org.apache.ratis.thirdparty.io.netty.channel.nio.NioEventLoop.processSelectedKeysOptimized(NioEventLoop.java:579)
	at org.apache.ratis.thirdparty.io.netty.channel.nio.NioEventLoop.processSelectedKeys(NioEventLoop.java:496)
	at org.apache.ratis.thirdparty.io.netty.channel.nio.NioEventLoop.run(NioEventLoop.java:458)
	at org.apache.ratis.thirdparty.io.netty.util.concurrent.SingleThreadEventExecutor$5.run(SingleThreadEventExecutor.java:897)
	at org.apache.ratis.thirdparty.io.netty.util.concurrent.FastThreadLocalRunnable.run(FastThreadLocalRunnable.java:30)
	... 1 more
Caused by: java.net.ConnectException: Connection refused
	... 11 more
2019-06-15 14:11:02,544 INFO  impl.LeaderElection (LogUtils.java:infoOrTrace(149)) - e068667e-1dce-444c-b1a2-fffed6f13eef:group-E25B0DDAACA5:LeaderElection18 got exception when requesting votes: {}
java.util.concurrent.ExecutionException: org.apache.ratis.thirdparty.io.grpc.StatusRuntimeException: UNAVAILABLE: io exception
	at java.util.concurrent.FutureTask.report(FutureTask.java:122)
	at java.util.concurrent.FutureTask.get(FutureTask.java:192)
	at org.apache.ratis.server.impl.LeaderElection.waitForResults(LeaderElection.java:262)
	at org.apache.ratis.server.impl.LeaderElection.askForVotes(LeaderElection.java:200)
	at org.apache.ratis.server.impl.LeaderElection.run(LeaderElection.java:130)
	at java.lang.Thread.run(Thread.java:748)
Caused by: org.apache.ratis.thirdparty.io.grpc.StatusRuntimeException: UNAVAILABLE: io exception
	at org.apache.ratis.thirdparty.io.grpc.stub.ClientCalls.toStatusRuntimeException(ClientCalls.java:233)
	at org.apache.ratis.thirdparty.io.grpc.stub.ClientCalls.getUnchecked(ClientCalls.java:214)
	at org.apache.ratis.thirdparty.io.grpc.stub.ClientCalls.blockingUnaryCall(ClientCalls.java:139)
	at org.apache.ratis.proto.grpc.RaftServerProtocolServiceGrpc$RaftServerProtocolServiceBlockingStub.requestVote(RaftServerProtocolServiceGrpc.java:265)
	at org.apache.ratis.grpc.server.GrpcServerProtocolClient.requestVote(GrpcServerProtocolClient.java:83)
	at org.apache.ratis.grpc.server.GrpcService.requestVote(GrpcService.java:194)
	at org.apache.ratis.server.impl.LeaderElection.lambda$submitRequests$1(LeaderElection.java:237)
	at java.util.concurrent.FutureTask.run(FutureTask.java:266)
	at java.util.concurrent.Executors$RunnableAdapter.call(Executors.java:511)
	at java.util.concurrent.FutureTask.run(FutureTask.java:266)
	at java.util.concurrent.ThreadPoolExecutor.runWorker(ThreadPoolExecutor.java:1149)
	at java.util.concurrent.ThreadPoolExecutor$Worker.run(ThreadPoolExecutor.java:624)
	... 1 more
Caused by: org.apache.ratis.thirdparty.io.netty.channel.AbstractChannel$AnnotatedConnectException: Connection refused: /192.168.19.23:46679
	at sun.nio.ch.SocketChannelImpl.checkConnect(Native Method)
	at sun.nio.ch.SocketChannelImpl.finishConnect(SocketChannelImpl.java:717)
	at org.apache.ratis.thirdparty.io.netty.channel.socket.nio.NioSocketChannel.doFinishConnect(NioSocketChannel.java:327)
	at org.apache.ratis.thirdparty.io.netty.channel.nio.AbstractNioChannel$AbstractNioUnsafe.finishConnect(AbstractNioChannel.java:340)
	at org.apache.ratis.thirdparty.io.netty.channel.nio.NioEventLoop.processSelectedKey(NioEventLoop.java:632)
	at org.apache.ratis.thirdparty.io.netty.channel.nio.NioEventLoop.processSelectedKeysOptimized(NioEventLoop.java:579)
	at org.apache.ratis.thirdparty.io.netty.channel.nio.NioEventLoop.processSelectedKeys(NioEventLoop.java:496)
	at org.apache.ratis.thirdparty.io.netty.channel.nio.NioEventLoop.run(NioEventLoop.java:458)
	at org.apache.ratis.thirdparty.io.netty.util.concurrent.SingleThreadEventExecutor$5.run(SingleThreadEventExecutor.java:897)
	at org.apache.ratis.thirdparty.io.netty.util.concurrent.FastThreadLocalRunnable.run(FastThreadLocalRunnable.java:30)
	... 1 more
Caused by: java.net.ConnectException: Connection refused
	... 11 more
2019-06-15 14:11:02,545 INFO  impl.LeaderElection (LeaderElection.java:logAndReturn(56)) - e068667e-1dce-444c-b1a2-fffed6f13eef:group-E25B0DDAACA5:LeaderElection18: Election REJECTED; received 0 response(s) [] and 2 exception(s); e068667e-1dce-444c-b1a2-fffed6f13eef:t7, leader=null, voted=e068667e-1dce-444c-b1a2-fffed6f13eef, raftlog=e068667e-1dce-444c-b1a2-fffed6f13eef-SegmentedRaftLog:OPENED:c15,f16,i16, conf=0: [e068667e-1dce-444c-b1a2-fffed6f13eef:192.168.19.23:37579, 1e149e73-53e7-4319-9e27-12160a26c83e:192.168.19.23:38341, 231847dc-e78a-4b48-8e03-44872a69ae9d:192.168.19.23:46679], old=null
2019-06-15 14:11:02,545 INFO  impl.LeaderElection (LogUtils.java:infoOrTrace(149)) -   Exception 0: {}
java.util.concurrent.ExecutionException: org.apache.ratis.thirdparty.io.grpc.StatusRuntimeException: UNAVAILABLE: io exception
	at java.util.concurrent.FutureTask.report(FutureTask.java:122)
	at java.util.concurrent.FutureTask.get(FutureTask.java:192)
	at org.apache.ratis.server.impl.LeaderElection.waitForResults(LeaderElection.java:262)
	at org.apache.ratis.server.impl.LeaderElection.askForVotes(LeaderElection.java:200)
	at org.apache.ratis.server.impl.LeaderElection.run(LeaderElection.java:130)
	at java.lang.Thread.run(Thread.java:748)
Caused by: org.apache.ratis.thirdparty.io.grpc.StatusRuntimeException: UNAVAILABLE: io exception
	at org.apache.ratis.thirdparty.io.grpc.stub.ClientCalls.toStatusRuntimeException(ClientCalls.java:233)
	at org.apache.ratis.thirdparty.io.grpc.stub.ClientCalls.getUnchecked(ClientCalls.java:214)
	at org.apache.ratis.thirdparty.io.grpc.stub.ClientCalls.blockingUnaryCall(ClientCalls.java:139)
	at org.apache.ratis.proto.grpc.RaftServerProtocolServiceGrpc$RaftServerProtocolServiceBlockingStub.requestVote(RaftServerProtocolServiceGrpc.java:265)
	at org.apache.ratis.grpc.server.GrpcServerProtocolClient.requestVote(GrpcServerProtocolClient.java:83)
	at org.apache.ratis.grpc.server.GrpcService.requestVote(GrpcService.java:194)
	at org.apache.ratis.server.impl.LeaderElection.lambda$submitRequests$1(LeaderElection.java:237)
	at java.util.concurrent.FutureTask.run(FutureTask.java:266)
	at java.util.concurrent.Executors$RunnableAdapter.call(Executors.java:511)
	at java.util.concurrent.FutureTask.run(FutureTask.java:266)
	at java.util.concurrent.ThreadPoolExecutor.runWorker(ThreadPoolExecutor.java:1149)
	at java.util.concurrent.ThreadPoolExecutor$Worker.run(ThreadPoolExecutor.java:624)
	... 1 more
Caused by: org.apache.ratis.thirdparty.io.netty.channel.AbstractChannel$AnnotatedConnectException: Connection refused: /192.168.19.23:38341
	at sun.nio.ch.SocketChannelImpl.checkConnect(Native Method)
	at sun.nio.ch.SocketChannelImpl.finishConnect(SocketChannelImpl.java:717)
	at org.apache.ratis.thirdparty.io.netty.channel.socket.nio.NioSocketChannel.doFinishConnect(NioSocketChannel.java:327)
	at org.apache.ratis.thirdparty.io.netty.channel.nio.AbstractNioChannel$AbstractNioUnsafe.finishConnect(AbstractNioChannel.java:340)
	at org.apache.ratis.thirdparty.io.netty.channel.nio.NioEventLoop.processSelectedKey(NioEventLoop.java:632)
	at org.apache.ratis.thirdparty.io.netty.channel.nio.NioEventLoop.processSelectedKeysOptimized(NioEventLoop.java:579)
	at org.apache.ratis.thirdparty.io.netty.channel.nio.NioEventLoop.processSelectedKeys(NioEventLoop.java:496)
	at org.apache.ratis.thirdparty.io.netty.channel.nio.NioEventLoop.run(NioEventLoop.java:458)
	at org.apache.ratis.thirdparty.io.netty.util.concurrent.SingleThreadEventExecutor$5.run(SingleThreadEventExecutor.java:897)
	at org.apache.ratis.thirdparty.io.netty.util.concurrent.FastThreadLocalRunnable.run(FastThreadLocalRunnable.java:30)
	... 1 more
Caused by: java.net.ConnectException: Connection refused
	... 11 more
2019-06-15 14:11:02,545 INFO  impl.LeaderElection (LogUtils.java:infoOrTrace(149)) -   Exception 1: {}
java.util.concurrent.ExecutionException: org.apache.ratis.thirdparty.io.grpc.StatusRuntimeException: UNAVAILABLE: io exception
	at java.util.concurrent.FutureTask.report(FutureTask.java:122)
	at java.util.concurrent.FutureTask.get(FutureTask.java:192)
	at org.apache.ratis.server.impl.LeaderElection.waitForResults(LeaderElection.java:262)
	at org.apache.ratis.server.impl.LeaderElection.askForVotes(LeaderElection.java:200)
	at org.apache.ratis.server.impl.LeaderElection.run(LeaderElection.java:130)
	at java.lang.Thread.run(Thread.java:748)
Caused by: org.apache.ratis.thirdparty.io.grpc.StatusRuntimeException: UNAVAILABLE: io exception
	at org.apache.ratis.thirdparty.io.grpc.stub.ClientCalls.toStatusRuntimeException(ClientCalls.java:233)
	at org.apache.ratis.thirdparty.io.grpc.stub.ClientCalls.getUnchecked(ClientCalls.java:214)
	at org.apache.ratis.thirdparty.io.grpc.stub.ClientCalls.blockingUnaryCall(ClientCalls.java:139)
	at org.apache.ratis.proto.grpc.RaftServerProtocolServiceGrpc$RaftServerProtocolServiceBlockingStub.requestVote(RaftServerProtocolServiceGrpc.java:265)
	at org.apache.ratis.grpc.server.GrpcServerProtocolClient.requestVote(GrpcServerProtocolClient.java:83)
	at org.apache.ratis.grpc.server.GrpcService.requestVote(GrpcService.java:194)
	at org.apache.ratis.server.impl.LeaderElection.lambda$submitRequests$1(LeaderElection.java:237)
	at java.util.concurrent.FutureTask.run(FutureTask.java:266)
	at java.util.concurrent.Executors$RunnableAdapter.call(Executors.java:511)
	at java.util.concurrent.FutureTask.run(FutureTask.java:266)
	at java.util.concurrent.ThreadPoolExecutor.runWorker(ThreadPoolExecutor.java:1149)
	at java.util.concurrent.ThreadPoolExecutor$Worker.run(ThreadPoolExecutor.java:624)
	... 1 more
Caused by: org.apache.ratis.thirdparty.io.netty.channel.AbstractChannel$AnnotatedConnectException: Connection refused: /192.168.19.23:46679
	at sun.nio.ch.SocketChannelImpl.checkConnect(Native Method)
	at sun.nio.ch.SocketChannelImpl.finishConnect(SocketChannelImpl.java:717)
	at org.apache.ratis.thirdparty.io.netty.channel.socket.nio.NioSocketChannel.doFinishConnect(NioSocketChannel.java:327)
	at org.apache.ratis.thirdparty.io.netty.channel.nio.AbstractNioChannel$AbstractNioUnsafe.finishConnect(AbstractNioChannel.java:340)
	at org.apache.ratis.thirdparty.io.netty.channel.nio.NioEventLoop.processSelectedKey(NioEventLoop.java:632)
	at org.apache.ratis.thirdparty.io.netty.channel.nio.NioEventLoop.processSelectedKeysOptimized(NioEventLoop.java:579)
	at org.apache.ratis.thirdparty.io.netty.channel.nio.NioEventLoop.processSelectedKeys(NioEventLoop.java:496)
	at org.apache.ratis.thirdparty.io.netty.channel.nio.NioEventLoop.run(NioEventLoop.java:458)
	at org.apache.ratis.thirdparty.io.netty.util.concurrent.SingleThreadEventExecutor$5.run(SingleThreadEventExecutor.java:897)
	at org.apache.ratis.thirdparty.io.netty.util.concurrent.FastThreadLocalRunnable.run(FastThreadLocalRunnable.java:30)
	... 1 more
Caused by: java.net.ConnectException: Connection refused
	... 11 more
2019-06-15 14:11:02,545 INFO  impl.RaftServerImpl (RaftServerImpl.java:setRole(164)) - e068667e-1dce-444c-b1a2-fffed6f13eef:group-E25B0DDAACA5 changes role from CANDIDATE to FOLLOWER at term 7 for DISCOVERED_A_NEW_TERM
2019-06-15 14:11:02,545 INFO  impl.RoleInfo (RoleInfo.java:shutdownLeaderElection(134)) - e068667e-1dce-444c-b1a2-fffed6f13eef: shutdown LeaderElection
2019-06-15 14:11:02,545 INFO  impl.RoleInfo (RoleInfo.java:updateAndGet(143)) - e068667e-1dce-444c-b1a2-fffed6f13eef: start FollowerState
2019-06-15 14:11:02,579 INFO  client.GrpcClientProtocolClient (GrpcClientProtocolClient.java:onNext(254)) - client-57E1B75B6E0F->31c47902-e24f-46cb-8adb-60efff8d69eb: receive RaftClientReply:client-57E1B75B6E0F->31c47902-e24f-46cb-8adb-60efff8d69eb@group-7C51BB60225E, cid=28, FAILED org.apache.ratis.protocol.NotLeaderException: Server 31c47902-e24f-46cb-8adb-60efff8d69eb is not the leader (763e4a11-08e2-4549-a8dc-173862531bf4:192.168.19.23:40839). Request must be sent to leader., logIndex=0, commits[31c47902-e24f-46cb-8adb-60efff8d69eb:c0, 03fce918-d0a7-4cd9-a665-be2ded7ac46f:c0, 763e4a11-08e2-4549-a8dc-173862531bf4:c0]
2019-06-15 14:11:02,585 WARN  client.GrpcClientProtocolService (LogUtils.java:warn(134)) - 1-OrderedRequestStreamObserver1: onError: org.apache.ratis.thirdparty.io.grpc.StatusRuntimeException: CANCELLED: cancelled before receiving half close
2019-06-15 14:11:03,595 INFO  client.GrpcClientProtocolClient (GrpcClientProtocolClient.java:onNext(254)) - client-57E1B75B6E0F->03fce918-d0a7-4cd9-a665-be2ded7ac46f: receive RaftClientReply:client-57E1B75B6E0F->03fce918-d0a7-4cd9-a665-be2ded7ac46f@group-7C51BB60225E, cid=28, FAILED org.apache.ratis.protocol.NotLeaderException: Server 03fce918-d0a7-4cd9-a665-be2ded7ac46f is not the leader (763e4a11-08e2-4549-a8dc-173862531bf4:192.168.19.23:40839). Request must be sent to leader., logIndex=0, commits[03fce918-d0a7-4cd9-a665-be2ded7ac46f:c0, 31c47902-e24f-46cb-8adb-60efff8d69eb:c0, 763e4a11-08e2-4549-a8dc-173862531bf4:c0]
2019-06-15 14:11:03,598 WARN  client.GrpcClientProtocolService (LogUtils.java:warn(134)) - 1-OrderedRequestStreamObserver1: onError: org.apache.ratis.thirdparty.io.grpc.StatusRuntimeException: CANCELLED: cancelled before receiving half close
2019-06-15 14:11:03,676 INFO  impl.FollowerState (FollowerState.java:run(101)) - e068667e-1dce-444c-b1a2-fffed6f13eef:group-E25B0DDAACA5 changes to CANDIDATE, lastRpcTime:1130, electionTimeout:1130ms
2019-06-15 14:11:03,678 INFO  impl.RoleInfo (RoleInfo.java:shutdownFollowerState(121)) - e068667e-1dce-444c-b1a2-fffed6f13eef: shutdown FollowerState
2019-06-15 14:11:03,678 INFO  impl.RaftServerImpl (RaftServerImpl.java:setRole(164)) - e068667e-1dce-444c-b1a2-fffed6f13eef:group-E25B0DDAACA5 changes role from FOLLOWER to CANDIDATE at term 7 for changeToCandidate
2019-06-15 14:11:03,678 INFO  impl.RoleInfo (RoleInfo.java:updateAndGet(143)) - e068667e-1dce-444c-b1a2-fffed6f13eef: start LeaderElection
2019-06-15 14:11:03,682 INFO  impl.LeaderElection (LeaderElection.java:askForVotes(181)) - e068667e-1dce-444c-b1a2-fffed6f13eef:group-E25B0DDAACA5:LeaderElection19: begin an election at term 8 for 0: [e068667e-1dce-444c-b1a2-fffed6f13eef:192.168.19.23:37579, 1e149e73-53e7-4319-9e27-12160a26c83e:192.168.19.23:38341, 231847dc-e78a-4b48-8e03-44872a69ae9d:192.168.19.23:46679], old=null
2019-06-15 14:11:03,683 INFO  impl.LeaderElection (LogUtils.java:infoOrTrace(149)) - e068667e-1dce-444c-b1a2-fffed6f13eef:group-E25B0DDAACA5:LeaderElection19 got exception when requesting votes: {}
java.util.concurrent.ExecutionException: org.apache.ratis.thirdparty.io.grpc.StatusRuntimeException: UNAVAILABLE: io exception
	at java.util.concurrent.FutureTask.report(FutureTask.java:122)
	at java.util.concurrent.FutureTask.get(FutureTask.java:192)
	at org.apache.ratis.server.impl.LeaderElection.waitForResults(LeaderElection.java:262)
	at org.apache.ratis.server.impl.LeaderElection.askForVotes(LeaderElection.java:200)
	at org.apache.ratis.server.impl.LeaderElection.run(LeaderElection.java:130)
	at java.lang.Thread.run(Thread.java:748)
Caused by: org.apache.ratis.thirdparty.io.grpc.StatusRuntimeException: UNAVAILABLE: io exception
	at org.apache.ratis.thirdparty.io.grpc.stub.ClientCalls.toStatusRuntimeException(ClientCalls.java:233)
	at org.apache.ratis.thirdparty.io.grpc.stub.ClientCalls.getUnchecked(ClientCalls.java:214)
	at org.apache.ratis.thirdparty.io.grpc.stub.ClientCalls.blockingUnaryCall(ClientCalls.java:139)
	at org.apache.ratis.proto.grpc.RaftServerProtocolServiceGrpc$RaftServerProtocolServiceBlockingStub.requestVote(RaftServerProtocolServiceGrpc.java:265)
	at org.apache.ratis.grpc.server.GrpcServerProtocolClient.requestVote(GrpcServerProtocolClient.java:83)
	at org.apache.ratis.grpc.server.GrpcService.requestVote(GrpcService.java:194)
	at org.apache.ratis.server.impl.LeaderElection.lambda$submitRequests$1(LeaderElection.java:237)
	at java.util.concurrent.FutureTask.run(FutureTask.java:266)
	at java.util.concurrent.Executors$RunnableAdapter.call(Executors.java:511)
	at java.util.concurrent.FutureTask.run(FutureTask.java:266)
	at java.util.concurrent.ThreadPoolExecutor.runWorker(ThreadPoolExecutor.java:1149)
	at java.util.concurrent.ThreadPoolExecutor$Worker.run(ThreadPoolExecutor.java:624)
	... 1 more
Caused by: org.apache.ratis.thirdparty.io.netty.channel.AbstractChannel$AnnotatedConnectException: Connection refused: /192.168.19.23:38341
	at sun.nio.ch.SocketChannelImpl.checkConnect(Native Method)
	at sun.nio.ch.SocketChannelImpl.finishConnect(SocketChannelImpl.java:717)
	at org.apache.ratis.thirdparty.io.netty.channel.socket.nio.NioSocketChannel.doFinishConnect(NioSocketChannel.java:327)
	at org.apache.ratis.thirdparty.io.netty.channel.nio.AbstractNioChannel$AbstractNioUnsafe.finishConnect(AbstractNioChannel.java:340)
	at org.apache.ratis.thirdparty.io.netty.channel.nio.NioEventLoop.processSelectedKey(NioEventLoop.java:632)
	at org.apache.ratis.thirdparty.io.netty.channel.nio.NioEventLoop.processSelectedKeysOptimized(NioEventLoop.java:579)
	at org.apache.ratis.thirdparty.io.netty.channel.nio.NioEventLoop.processSelectedKeys(NioEventLoop.java:496)
	at org.apache.ratis.thirdparty.io.netty.channel.nio.NioEventLoop.run(NioEventLoop.java:458)
	at org.apache.ratis.thirdparty.io.netty.util.concurrent.SingleThreadEventExecutor$5.run(SingleThreadEventExecutor.java:897)
	at org.apache.ratis.thirdparty.io.netty.util.concurrent.FastThreadLocalRunnable.run(FastThreadLocalRunnable.java:30)
	... 1 more
Caused by: java.net.ConnectException: Connection refused
	... 11 more
2019-06-15 14:11:03,684 INFO  impl.LeaderElection (LogUtils.java:infoOrTrace(149)) - e068667e-1dce-444c-b1a2-fffed6f13eef:group-E25B0DDAACA5:LeaderElection19 got exception when requesting votes: {}
java.util.concurrent.ExecutionException: org.apache.ratis.thirdparty.io.grpc.StatusRuntimeException: UNAVAILABLE: io exception
	at java.util.concurrent.FutureTask.report(FutureTask.java:122)
	at java.util.concurrent.FutureTask.get(FutureTask.java:192)
	at org.apache.ratis.server.impl.LeaderElection.waitForResults(LeaderElection.java:262)
	at org.apache.ratis.server.impl.LeaderElection.askForVotes(LeaderElection.java:200)
	at org.apache.ratis.server.impl.LeaderElection.run(LeaderElection.java:130)
	at java.lang.Thread.run(Thread.java:748)
Caused by: org.apache.ratis.thirdparty.io.grpc.StatusRuntimeException: UNAVAILABLE: io exception
	at org.apache.ratis.thirdparty.io.grpc.stub.ClientCalls.toStatusRuntimeException(ClientCalls.java:233)
	at org.apache.ratis.thirdparty.io.grpc.stub.ClientCalls.getUnchecked(ClientCalls.java:214)
	at org.apache.ratis.thirdparty.io.grpc.stub.ClientCalls.blockingUnaryCall(ClientCalls.java:139)
	at org.apache.ratis.proto.grpc.RaftServerProtocolServiceGrpc$RaftServerProtocolServiceBlockingStub.requestVote(RaftServerProtocolServiceGrpc.java:265)
	at org.apache.ratis.grpc.server.GrpcServerProtocolClient.requestVote(GrpcServerProtocolClient.java:83)
	at org.apache.ratis.grpc.server.GrpcService.requestVote(GrpcService.java:194)
	at org.apache.ratis.server.impl.LeaderElection.lambda$submitRequests$1(LeaderElection.java:237)
	at java.util.concurrent.FutureTask.run(FutureTask.java:266)
	at java.util.concurrent.Executors$RunnableAdapter.call(Executors.java:511)
	at java.util.concurrent.FutureTask.run(FutureTask.java:266)
	at java.util.concurrent.ThreadPoolExecutor.runWorker(ThreadPoolExecutor.java:1149)
	at java.util.concurrent.ThreadPoolExecutor$Worker.run(ThreadPoolExecutor.java:624)
	... 1 more
Caused by: org.apache.ratis.thirdparty.io.netty.channel.AbstractChannel$AnnotatedConnectException: Connection refused: /192.168.19.23:46679
	at sun.nio.ch.SocketChannelImpl.checkConnect(Native Method)
	at sun.nio.ch.SocketChannelImpl.finishConnect(SocketChannelImpl.java:717)
	at org.apache.ratis.thirdparty.io.netty.channel.socket.nio.NioSocketChannel.doFinishConnect(NioSocketChannel.java:327)
	at org.apache.ratis.thirdparty.io.netty.channel.nio.AbstractNioChannel$AbstractNioUnsafe.finishConnect(AbstractNioChannel.java:340)
	at org.apache.ratis.thirdparty.io.netty.channel.nio.NioEventLoop.processSelectedKey(NioEventLoop.java:632)
	at org.apache.ratis.thirdparty.io.netty.channel.nio.NioEventLoop.processSelectedKeysOptimized(NioEventLoop.java:579)
	at org.apache.ratis.thirdparty.io.netty.channel.nio.NioEventLoop.processSelectedKeys(NioEventLoop.java:496)
	at org.apache.ratis.thirdparty.io.netty.channel.nio.NioEventLoop.run(NioEventLoop.java:458)
	at org.apache.ratis.thirdparty.io.netty.util.concurrent.SingleThreadEventExecutor$5.run(SingleThreadEventExecutor.java:897)
	at org.apache.ratis.thirdparty.io.netty.util.concurrent.FastThreadLocalRunnable.run(FastThreadLocalRunnable.java:30)
	... 1 more
Caused by: java.net.ConnectException: Connection refused
	... 11 more
2019-06-15 14:11:03,685 INFO  impl.LeaderElection (LeaderElection.java:logAndReturn(56)) - e068667e-1dce-444c-b1a2-fffed6f13eef:group-E25B0DDAACA5:LeaderElection19: Election REJECTED; received 0 response(s) [] and 2 exception(s); e068667e-1dce-444c-b1a2-fffed6f13eef:t8, leader=null, voted=e068667e-1dce-444c-b1a2-fffed6f13eef, raftlog=e068667e-1dce-444c-b1a2-fffed6f13eef-SegmentedRaftLog:OPENED:c15,f16,i16, conf=0: [e068667e-1dce-444c-b1a2-fffed6f13eef:192.168.19.23:37579, 1e149e73-53e7-4319-9e27-12160a26c83e:192.168.19.23:38341, 231847dc-e78a-4b48-8e03-44872a69ae9d:192.168.19.23:46679], old=null
2019-06-15 14:11:03,685 INFO  impl.LeaderElection (LogUtils.java:infoOrTrace(149)) -   Exception 0: {}
java.util.concurrent.ExecutionException: org.apache.ratis.thirdparty.io.grpc.StatusRuntimeException: UNAVAILABLE: io exception
	at java.util.concurrent.FutureTask.report(FutureTask.java:122)
	at java.util.concurrent.FutureTask.get(FutureTask.java:192)
	at org.apache.ratis.server.impl.LeaderElection.waitForResults(LeaderElection.java:262)
	at org.apache.ratis.server.impl.LeaderElection.askForVotes(LeaderElection.java:200)
	at org.apache.ratis.server.impl.LeaderElection.run(LeaderElection.java:130)
	at java.lang.Thread.run(Thread.java:748)
Caused by: org.apache.ratis.thirdparty.io.grpc.StatusRuntimeException: UNAVAILABLE: io exception
	at org.apache.ratis.thirdparty.io.grpc.stub.ClientCalls.toStatusRuntimeException(ClientCalls.java:233)
	at org.apache.ratis.thirdparty.io.grpc.stub.ClientCalls.getUnchecked(ClientCalls.java:214)
	at org.apache.ratis.thirdparty.io.grpc.stub.ClientCalls.blockingUnaryCall(ClientCalls.java:139)
	at org.apache.ratis.proto.grpc.RaftServerProtocolServiceGrpc$RaftServerProtocolServiceBlockingStub.requestVote(RaftServerProtocolServiceGrpc.java:265)
	at org.apache.ratis.grpc.server.GrpcServerProtocolClient.requestVote(GrpcServerProtocolClient.java:83)
	at org.apache.ratis.grpc.server.GrpcService.requestVote(GrpcService.java:194)
	at org.apache.ratis.server.impl.LeaderElection.lambda$submitRequests$1(LeaderElection.java:237)
	at java.util.concurrent.FutureTask.run(FutureTask.java:266)
	at java.util.concurrent.Executors$RunnableAdapter.call(Executors.java:511)
	at java.util.concurrent.FutureTask.run(FutureTask.java:266)
	at java.util.concurrent.ThreadPoolExecutor.runWorker(ThreadPoolExecutor.java:1149)
	at java.util.concurrent.ThreadPoolExecutor$Worker.run(ThreadPoolExecutor.java:624)
	... 1 more
Caused by: org.apache.ratis.thirdparty.io.netty.channel.AbstractChannel$AnnotatedConnectException: Connection refused: /192.168.19.23:38341
	at sun.nio.ch.SocketChannelImpl.checkConnect(Native Method)
	at sun.nio.ch.SocketChannelImpl.finishConnect(SocketChannelImpl.java:717)
	at org.apache.ratis.thirdparty.io.netty.channel.socket.nio.NioSocketChannel.doFinishConnect(NioSocketChannel.java:327)
	at org.apache.ratis.thirdparty.io.netty.channel.nio.AbstractNioChannel$AbstractNioUnsafe.finishConnect(AbstractNioChannel.java:340)
	at org.apache.ratis.thirdparty.io.netty.channel.nio.NioEventLoop.processSelectedKey(NioEventLoop.java:632)
	at org.apache.ratis.thirdparty.io.netty.channel.nio.NioEventLoop.processSelectedKeysOptimized(NioEventLoop.java:579)
	at org.apache.ratis.thirdparty.io.netty.channel.nio.NioEventLoop.processSelectedKeys(NioEventLoop.java:496)
	at org.apache.ratis.thirdparty.io.netty.channel.nio.NioEventLoop.run(NioEventLoop.java:458)
	at org.apache.ratis.thirdparty.io.netty.util.concurrent.SingleThreadEventExecutor$5.run(SingleThreadEventExecutor.java:897)
	at org.apache.ratis.thirdparty.io.netty.util.concurrent.FastThreadLocalRunnable.run(FastThreadLocalRunnable.java:30)
	... 1 more
Caused by: java.net.ConnectException: Connection refused
	... 11 more
2019-06-15 14:11:03,686 INFO  impl.LeaderElection (LogUtils.java:infoOrTrace(149)) -   Exception 1: {}
java.util.concurrent.ExecutionException: org.apache.ratis.thirdparty.io.grpc.StatusRuntimeException: UNAVAILABLE: io exception
	at java.util.concurrent.FutureTask.report(FutureTask.java:122)
	at java.util.concurrent.FutureTask.get(FutureTask.java:192)
	at org.apache.ratis.server.impl.LeaderElection.waitForResults(LeaderElection.java:262)
	at org.apache.ratis.server.impl.LeaderElection.askForVotes(LeaderElection.java:200)
	at org.apache.ratis.server.impl.LeaderElection.run(LeaderElection.java:130)
	at java.lang.Thread.run(Thread.java:748)
Caused by: org.apache.ratis.thirdparty.io.grpc.StatusRuntimeException: UNAVAILABLE: io exception
	at org.apache.ratis.thirdparty.io.grpc.stub.ClientCalls.toStatusRuntimeException(ClientCalls.java:233)
	at org.apache.ratis.thirdparty.io.grpc.stub.ClientCalls.getUnchecked(ClientCalls.java:214)
	at org.apache.ratis.thirdparty.io.grpc.stub.ClientCalls.blockingUnaryCall(ClientCalls.java:139)
	at org.apache.ratis.proto.grpc.RaftServerProtocolServiceGrpc$RaftServerProtocolServiceBlockingStub.requestVote(RaftServerProtocolServiceGrpc.java:265)
	at org.apache.ratis.grpc.server.GrpcServerProtocolClient.requestVote(GrpcServerProtocolClient.java:83)
	at org.apache.ratis.grpc.server.GrpcService.requestVote(GrpcService.java:194)
	at org.apache.ratis.server.impl.LeaderElection.lambda$submitRequests$1(LeaderElection.java:237)
	at java.util.concurrent.FutureTask.run(FutureTask.java:266)
	at java.util.concurrent.Executors$RunnableAdapter.call(Executors.java:511)
	at java.util.concurrent.FutureTask.run(FutureTask.java:266)
	at java.util.concurrent.ThreadPoolExecutor.runWorker(ThreadPoolExecutor.java:1149)
	at java.util.concurrent.ThreadPoolExecutor$Worker.run(ThreadPoolExecutor.java:624)
	... 1 more
Caused by: org.apache.ratis.thirdparty.io.netty.channel.AbstractChannel$AnnotatedConnectException: Connection refused: /192.168.19.23:46679
	at sun.nio.ch.SocketChannelImpl.checkConnect(Native Method)
	at sun.nio.ch.SocketChannelImpl.finishConnect(SocketChannelImpl.java:717)
	at org.apache.ratis.thirdparty.io.netty.channel.socket.nio.NioSocketChannel.doFinishConnect(NioSocketChannel.java:327)
	at org.apache.ratis.thirdparty.io.netty.channel.nio.AbstractNioChannel$AbstractNioUnsafe.finishConnect(AbstractNioChannel.java:340)
	at org.apache.ratis.thirdparty.io.netty.channel.nio.NioEventLoop.processSelectedKey(NioEventLoop.java:632)
	at org.apache.ratis.thirdparty.io.netty.channel.nio.NioEventLoop.processSelectedKeysOptimized(NioEventLoop.java:579)
	at org.apache.ratis.thirdparty.io.netty.channel.nio.NioEventLoop.processSelectedKeys(NioEventLoop.java:496)
	at org.apache.ratis.thirdparty.io.netty.channel.nio.NioEventLoop.run(NioEventLoop.java:458)
	at org.apache.ratis.thirdparty.io.netty.util.concurrent.SingleThreadEventExecutor$5.run(SingleThreadEventExecutor.java:897)
	at org.apache.ratis.thirdparty.io.netty.util.concurrent.FastThreadLocalRunnable.run(FastThreadLocalRunnable.java:30)
	... 1 more
Caused by: java.net.ConnectException: Connection refused
	... 11 more
2019-06-15 14:11:03,686 INFO  impl.RaftServerImpl (RaftServerImpl.java:setRole(164)) - e068667e-1dce-444c-b1a2-fffed6f13eef:group-E25B0DDAACA5 changes role from CANDIDATE to FOLLOWER at term 8 for DISCOVERED_A_NEW_TERM
2019-06-15 14:11:03,686 INFO  impl.RoleInfo (RoleInfo.java:shutdownLeaderElection(134)) - e068667e-1dce-444c-b1a2-fffed6f13eef: shutdown LeaderElection
2019-06-15 14:11:03,686 INFO  impl.RoleInfo (RoleInfo.java:updateAndGet(143)) - e068667e-1dce-444c-b1a2-fffed6f13eef: start FollowerState
2019-06-15 14:11:04,607 INFO  client.GrpcClientProtocolClient (GrpcClientProtocolClient.java:onNext(254)) - client-57E1B75B6E0F->31c47902-e24f-46cb-8adb-60efff8d69eb: receive RaftClientReply:client-57E1B75B6E0F->31c47902-e24f-46cb-8adb-60efff8d69eb@group-7C51BB60225E, cid=28, FAILED org.apache.ratis.protocol.NotLeaderException: Server 31c47902-e24f-46cb-8adb-60efff8d69eb is not the leader (763e4a11-08e2-4549-a8dc-173862531bf4:192.168.19.23:40839). Request must be sent to leader., logIndex=0, commits[31c47902-e24f-46cb-8adb-60efff8d69eb:c0, 03fce918-d0a7-4cd9-a665-be2ded7ac46f:c0, 763e4a11-08e2-4549-a8dc-173862531bf4:c0]
2019-06-15 14:11:04,614 WARN  client.GrpcClientProtocolService (LogUtils.java:warn(134)) - 2-OrderedRequestStreamObserver2: onError: org.apache.ratis.thirdparty.io.grpc.StatusRuntimeException: CANCELLED: cancelled before receiving half close
2019-06-15 14:11:04,769 INFO  impl.FollowerState (FollowerState.java:run(101)) - e068667e-1dce-444c-b1a2-fffed6f13eef:group-E25B0DDAACA5 changes to CANDIDATE, lastRpcTime:1082, electionTimeout:1082ms
2019-06-15 14:11:04,770 INFO  impl.RoleInfo (RoleInfo.java:shutdownFollowerState(121)) - e068667e-1dce-444c-b1a2-fffed6f13eef: shutdown FollowerState
2019-06-15 14:11:04,771 INFO  impl.RaftServerImpl (RaftServerImpl.java:setRole(164)) - e068667e-1dce-444c-b1a2-fffed6f13eef:group-E25B0DDAACA5 changes role from FOLLOWER to CANDIDATE at term 8 for changeToCandidate
2019-06-15 14:11:04,771 INFO  impl.RoleInfo (RoleInfo.java:updateAndGet(143)) - e068667e-1dce-444c-b1a2-fffed6f13eef: start LeaderElection
2019-06-15 14:11:04,775 INFO  impl.LeaderElection (LeaderElection.java:askForVotes(181)) - e068667e-1dce-444c-b1a2-fffed6f13eef:group-E25B0DDAACA5:LeaderElection20: begin an election at term 9 for 0: [e068667e-1dce-444c-b1a2-fffed6f13eef:192.168.19.23:37579, 1e149e73-53e7-4319-9e27-12160a26c83e:192.168.19.23:38341, 231847dc-e78a-4b48-8e03-44872a69ae9d:192.168.19.23:46679], old=null
2019-06-15 14:11:04,776 INFO  impl.LeaderElection (LogUtils.java:infoOrTrace(149)) - e068667e-1dce-444c-b1a2-fffed6f13eef:group-E25B0DDAACA5:LeaderElection20 got exception when requesting votes: {}
java.util.concurrent.ExecutionException: org.apache.ratis.thirdparty.io.grpc.StatusRuntimeException: UNAVAILABLE: io exception
	at java.util.concurrent.FutureTask.report(FutureTask.java:122)
	at java.util.concurrent.FutureTask.get(FutureTask.java:192)
	at org.apache.ratis.server.impl.LeaderElection.waitForResults(LeaderElection.java:262)
	at org.apache.ratis.server.impl.LeaderElection.askForVotes(LeaderElection.java:200)
	at org.apache.ratis.server.impl.LeaderElection.run(LeaderElection.java:130)
	at java.lang.Thread.run(Thread.java:748)
Caused by: org.apache.ratis.thirdparty.io.grpc.StatusRuntimeException: UNAVAILABLE: io exception
	at org.apache.ratis.thirdparty.io.grpc.stub.ClientCalls.toStatusRuntimeException(ClientCalls.java:233)
	at org.apache.ratis.thirdparty.io.grpc.stub.ClientCalls.getUnchecked(ClientCalls.java:214)
	at org.apache.ratis.thirdparty.io.grpc.stub.ClientCalls.blockingUnaryCall(ClientCalls.java:139)
	at org.apache.ratis.proto.grpc.RaftServerProtocolServiceGrpc$RaftServerProtocolServiceBlockingStub.requestVote(RaftServerProtocolServiceGrpc.java:265)
	at org.apache.ratis.grpc.server.GrpcServerProtocolClient.requestVote(GrpcServerProtocolClient.java:83)
	at org.apache.ratis.grpc.server.GrpcService.requestVote(GrpcService.java:194)
	at org.apache.ratis.server.impl.LeaderElection.lambda$submitRequests$1(LeaderElection.java:237)
	at java.util.concurrent.FutureTask.run(FutureTask.java:266)
	at java.util.concurrent.Executors$RunnableAdapter.call(Executors.java:511)
	at java.util.concurrent.FutureTask.run(FutureTask.java:266)
	at java.util.concurrent.ThreadPoolExecutor.runWorker(ThreadPoolExecutor.java:1149)
	at java.util.concurrent.ThreadPoolExecutor$Worker.run(ThreadPoolExecutor.java:624)
	... 1 more
Caused by: org.apache.ratis.thirdparty.io.netty.channel.AbstractChannel$AnnotatedConnectException: Connection refused: /192.168.19.23:46679
	at sun.nio.ch.SocketChannelImpl.checkConnect(Native Method)
	at sun.nio.ch.SocketChannelImpl.finishConnect(SocketChannelImpl.java:717)
	at org.apache.ratis.thirdparty.io.netty.channel.socket.nio.NioSocketChannel.doFinishConnect(NioSocketChannel.java:327)
	at org.apache.ratis.thirdparty.io.netty.channel.nio.AbstractNioChannel$AbstractNioUnsafe.finishConnect(AbstractNioChannel.java:340)
	at org.apache.ratis.thirdparty.io.netty.channel.nio.NioEventLoop.processSelectedKey(NioEventLoop.java:632)
	at org.apache.ratis.thirdparty.io.netty.channel.nio.NioEventLoop.processSelectedKeysOptimized(NioEventLoop.java:579)
	at org.apache.ratis.thirdparty.io.netty.channel.nio.NioEventLoop.processSelectedKeys(NioEventLoop.java:496)
	at org.apache.ratis.thirdparty.io.netty.channel.nio.NioEventLoop.run(NioEventLoop.java:458)
	at org.apache.ratis.thirdparty.io.netty.util.concurrent.SingleThreadEventExecutor$5.run(SingleThreadEventExecutor.java:897)
	at org.apache.ratis.thirdparty.io.netty.util.concurrent.FastThreadLocalRunnable.run(FastThreadLocalRunnable.java:30)
	... 1 more
Caused by: java.net.ConnectException: Connection refused
	... 11 more
2019-06-15 14:11:04,777 INFO  impl.LeaderElection (LogUtils.java:infoOrTrace(149)) - e068667e-1dce-444c-b1a2-fffed6f13eef:group-E25B0DDAACA5:LeaderElection20 got exception when requesting votes: {}
java.util.concurrent.ExecutionException: org.apache.ratis.thirdparty.io.grpc.StatusRuntimeException: UNAVAILABLE: io exception
	at java.util.concurrent.FutureTask.report(FutureTask.java:122)
	at java.util.concurrent.FutureTask.get(FutureTask.java:192)
	at org.apache.ratis.server.impl.LeaderElection.waitForResults(LeaderElection.java:262)
	at org.apache.ratis.server.impl.LeaderElection.askForVotes(LeaderElection.java:200)
	at org.apache.ratis.server.impl.LeaderElection.run(LeaderElection.java:130)
	at java.lang.Thread.run(Thread.java:748)
Caused by: org.apache.ratis.thirdparty.io.grpc.StatusRuntimeException: UNAVAILABLE: io exception
	at org.apache.ratis.thirdparty.io.grpc.stub.ClientCalls.toStatusRuntimeException(ClientCalls.java:233)
	at org.apache.ratis.thirdparty.io.grpc.stub.ClientCalls.getUnchecked(ClientCalls.java:214)
	at org.apache.ratis.thirdparty.io.grpc.stub.ClientCalls.blockingUnaryCall(ClientCalls.java:139)
	at org.apache.ratis.proto.grpc.RaftServerProtocolServiceGrpc$RaftServerProtocolServiceBlockingStub.requestVote(RaftServerProtocolServiceGrpc.java:265)
	at org.apache.ratis.grpc.server.GrpcServerProtocolClient.requestVote(GrpcServerProtocolClient.java:83)
	at org.apache.ratis.grpc.server.GrpcService.requestVote(GrpcService.java:194)
	at org.apache.ratis.server.impl.LeaderElection.lambda$submitRequests$1(LeaderElection.java:237)
	at java.util.concurrent.FutureTask.run(FutureTask.java:266)
	at java.util.concurrent.Executors$RunnableAdapter.call(Executors.java:511)
	at java.util.concurrent.FutureTask.run(FutureTask.java:266)
	at java.util.concurrent.ThreadPoolExecutor.runWorker(ThreadPoolExecutor.java:1149)
	at java.util.concurrent.ThreadPoolExecutor$Worker.run(ThreadPoolExecutor.java:624)
	... 1 more
Caused by: org.apache.ratis.thirdparty.io.netty.channel.AbstractChannel$AnnotatedConnectException: Connection refused: /192.168.19.23:38341
	at sun.nio.ch.SocketChannelImpl.checkConnect(Native Method)
	at sun.nio.ch.SocketChannelImpl.finishConnect(SocketChannelImpl.java:717)
	at org.apache.ratis.thirdparty.io.netty.channel.socket.nio.NioSocketChannel.doFinishConnect(NioSocketChannel.java:327)
	at org.apache.ratis.thirdparty.io.netty.channel.nio.AbstractNioChannel$AbstractNioUnsafe.finishConnect(AbstractNioChannel.java:340)
	at org.apache.ratis.thirdparty.io.netty.channel.nio.NioEventLoop.processSelectedKey(NioEventLoop.java:632)
	at org.apache.ratis.thirdparty.io.netty.channel.nio.NioEventLoop.processSelectedKeysOptimized(NioEventLoop.java:579)
	at org.apache.ratis.thirdparty.io.netty.channel.nio.NioEventLoop.processSelectedKeys(NioEventLoop.java:496)
	at org.apache.ratis.thirdparty.io.netty.channel.nio.NioEventLoop.run(NioEventLoop.java:458)
	at org.apache.ratis.thirdparty.io.netty.util.concurrent.SingleThreadEventExecutor$5.run(SingleThreadEventExecutor.java:897)
	at org.apache.ratis.thirdparty.io.netty.util.concurrent.FastThreadLocalRunnable.run(FastThreadLocalRunnable.java:30)
	... 1 more
Caused by: java.net.ConnectException: Connection refused
	... 11 more
2019-06-15 14:11:04,778 INFO  impl.LeaderElection (LeaderElection.java:logAndReturn(56)) - e068667e-1dce-444c-b1a2-fffed6f13eef:group-E25B0DDAACA5:LeaderElection20: Election REJECTED; received 0 response(s) [] and 2 exception(s); e068667e-1dce-444c-b1a2-fffed6f13eef:t9, leader=null, voted=e068667e-1dce-444c-b1a2-fffed6f13eef, raftlog=e068667e-1dce-444c-b1a2-fffed6f13eef-SegmentedRaftLog:OPENED:c15,f16,i16, conf=0: [e068667e-1dce-444c-b1a2-fffed6f13eef:192.168.19.23:37579, 1e149e73-53e7-4319-9e27-12160a26c83e:192.168.19.23:38341, 231847dc-e78a-4b48-8e03-44872a69ae9d:192.168.19.23:46679], old=null
2019-06-15 14:11:04,778 INFO  impl.LeaderElection (LogUtils.java:infoOrTrace(149)) -   Exception 0: {}
java.util.concurrent.ExecutionException: org.apache.ratis.thirdparty.io.grpc.StatusRuntimeException: UNAVAILABLE: io exception
	at java.util.concurrent.FutureTask.report(FutureTask.java:122)
	at java.util.concurrent.FutureTask.get(FutureTask.java:192)
	at org.apache.ratis.server.impl.LeaderElection.waitForResults(LeaderElection.java:262)
	at org.apache.ratis.server.impl.LeaderElection.askForVotes(LeaderElection.java:200)
	at org.apache.ratis.server.impl.LeaderElection.run(LeaderElection.java:130)
	at java.lang.Thread.run(Thread.java:748)
Caused by: org.apache.ratis.thirdparty.io.grpc.StatusRuntimeException: UNAVAILABLE: io exception
	at org.apache.ratis.thirdparty.io.grpc.stub.ClientCalls.toStatusRuntimeException(ClientCalls.java:233)
	at org.apache.ratis.thirdparty.io.grpc.stub.ClientCalls.getUnchecked(ClientCalls.java:214)
	at org.apache.ratis.thirdparty.io.grpc.stub.ClientCalls.blockingUnaryCall(ClientCalls.java:139)
	at org.apache.ratis.proto.grpc.RaftServerProtocolServiceGrpc$RaftServerProtocolServiceBlockingStub.requestVote(RaftServerProtocolServiceGrpc.java:265)
	at org.apache.ratis.grpc.server.GrpcServerProtocolClient.requestVote(GrpcServerProtocolClient.java:83)
	at org.apache.ratis.grpc.server.GrpcService.requestVote(GrpcService.java:194)
	at org.apache.ratis.server.impl.LeaderElection.lambda$submitRequests$1(LeaderElection.java:237)
	at java.util.concurrent.FutureTask.run(FutureTask.java:266)
	at java.util.concurrent.Executors$RunnableAdapter.call(Executors.java:511)
	at java.util.concurrent.FutureTask.run(FutureTask.java:266)
	at java.util.concurrent.ThreadPoolExecutor.runWorker(ThreadPoolExecutor.java:1149)
	at java.util.concurrent.ThreadPoolExecutor$Worker.run(ThreadPoolExecutor.java:624)
	... 1 more
Caused by: org.apache.ratis.thirdparty.io.netty.channel.AbstractChannel$AnnotatedConnectException: Connection refused: /192.168.19.23:46679
	at sun.nio.ch.SocketChannelImpl.checkConnect(Native Method)
	at sun.nio.ch.SocketChannelImpl.finishConnect(SocketChannelImpl.java:717)
	at org.apache.ratis.thirdparty.io.netty.channel.socket.nio.NioSocketChannel.doFinishConnect(NioSocketChannel.java:327)
	at org.apache.ratis.thirdparty.io.netty.channel.nio.AbstractNioChannel$AbstractNioUnsafe.finishConnect(AbstractNioChannel.java:340)
	at org.apache.ratis.thirdparty.io.netty.channel.nio.NioEventLoop.processSelectedKey(NioEventLoop.java:632)
	at org.apache.ratis.thirdparty.io.netty.channel.nio.NioEventLoop.processSelectedKeysOptimized(NioEventLoop.java:579)
	at org.apache.ratis.thirdparty.io.netty.channel.nio.NioEventLoop.processSelectedKeys(NioEventLoop.java:496)
	at org.apache.ratis.thirdparty.io.netty.channel.nio.NioEventLoop.run(NioEventLoop.java:458)
	at org.apache.ratis.thirdparty.io.netty.util.concurrent.SingleThreadEventExecutor$5.run(SingleThreadEventExecutor.java:897)
	at org.apache.ratis.thirdparty.io.netty.util.concurrent.FastThreadLocalRunnable.run(FastThreadLocalRunnable.java:30)
	... 1 more
Caused by: java.net.ConnectException: Connection refused
	... 11 more
2019-06-15 14:11:04,778 INFO  impl.LeaderElection (LogUtils.java:infoOrTrace(149)) -   Exception 1: {}
java.util.concurrent.ExecutionException: org.apache.ratis.thirdparty.io.grpc.StatusRuntimeException: UNAVAILABLE: io exception
	at java.util.concurrent.FutureTask.report(FutureTask.java:122)
	at java.util.concurrent.FutureTask.get(FutureTask.java:192)
	at org.apache.ratis.server.impl.LeaderElection.waitForResults(LeaderElection.java:262)
	at org.apache.ratis.server.impl.LeaderElection.askForVotes(LeaderElection.java:200)
	at org.apache.ratis.server.impl.LeaderElection.run(LeaderElection.java:130)
	at java.lang.Thread.run(Thread.java:748)
Caused by: org.apache.ratis.thirdparty.io.grpc.StatusRuntimeException: UNAVAILABLE: io exception
	at org.apache.ratis.thirdparty.io.grpc.stub.ClientCalls.toStatusRuntimeException(ClientCalls.java:233)
	at org.apache.ratis.thirdparty.io.grpc.stub.ClientCalls.getUnchecked(ClientCalls.java:214)
	at org.apache.ratis.thirdparty.io.grpc.stub.ClientCalls.blockingUnaryCall(ClientCalls.java:139)
	at org.apache.ratis.proto.grpc.RaftServerProtocolServiceGrpc$RaftServerProtocolServiceBlockingStub.requestVote(RaftServerProtocolServiceGrpc.java:265)
	at org.apache.ratis.grpc.server.GrpcServerProtocolClient.requestVote(GrpcServerProtocolClient.java:83)
	at org.apache.ratis.grpc.server.GrpcService.requestVote(GrpcService.java:194)
	at org.apache.ratis.server.impl.LeaderElection.lambda$submitRequests$1(LeaderElection.java:237)
	at java.util.concurrent.FutureTask.run(FutureTask.java:266)
	at java.util.concurrent.Executors$RunnableAdapter.call(Executors.java:511)
	at java.util.concurrent.FutureTask.run(FutureTask.java:266)
	at java.util.concurrent.ThreadPoolExecutor.runWorker(ThreadPoolExecutor.java:1149)
	at java.util.concurrent.ThreadPoolExecutor$Worker.run(ThreadPoolExecutor.java:624)
	... 1 more
Caused by: org.apache.ratis.thirdparty.io.netty.channel.AbstractChannel$AnnotatedConnectException: Connection refused: /192.168.19.23:38341
	at sun.nio.ch.SocketChannelImpl.checkConnect(Native Method)
	at sun.nio.ch.SocketChannelImpl.finishConnect(SocketChannelImpl.java:717)
	at org.apache.ratis.thirdparty.io.netty.channel.socket.nio.NioSocketChannel.doFinishConnect(NioSocketChannel.java:327)
	at org.apache.ratis.thirdparty.io.netty.channel.nio.AbstractNioChannel$AbstractNioUnsafe.finishConnect(AbstractNioChannel.java:340)
	at org.apache.ratis.thirdparty.io.netty.channel.nio.NioEventLoop.processSelectedKey(NioEventLoop.java:632)
	at org.apache.ratis.thirdparty.io.netty.channel.nio.NioEventLoop.processSelectedKeysOptimized(NioEventLoop.java:579)
	at org.apache.ratis.thirdparty.io.netty.channel.nio.NioEventLoop.processSelectedKeys(NioEventLoop.java:496)
	at org.apache.ratis.thirdparty.io.netty.channel.nio.NioEventLoop.run(NioEventLoop.java:458)
	at org.apache.ratis.thirdparty.io.netty.util.concurrent.SingleThreadEventExecutor$5.run(SingleThreadEventExecutor.java:897)
	at org.apache.ratis.thirdparty.io.netty.util.concurrent.FastThreadLocalRunnable.run(FastThreadLocalRunnable.java:30)
	... 1 more
Caused by: java.net.ConnectException: Connection refused
	... 11 more
2019-06-15 14:11:04,778 INFO  impl.RaftServerImpl (RaftServerImpl.java:setRole(164)) - e068667e-1dce-444c-b1a2-fffed6f13eef:group-E25B0DDAACA5 changes role from CANDIDATE to FOLLOWER at term 9 for DISCOVERED_A_NEW_TERM
2019-06-15 14:11:04,779 INFO  impl.RoleInfo (RoleInfo.java:shutdownLeaderElection(134)) - e068667e-1dce-444c-b1a2-fffed6f13eef: shutdown LeaderElection
2019-06-15 14:11:04,779 INFO  impl.RoleInfo (RoleInfo.java:updateAndGet(143)) - e068667e-1dce-444c-b1a2-fffed6f13eef: start FollowerState
2019-06-15 14:11:05,621 INFO  client.GrpcClientProtocolClient (GrpcClientProtocolClient.java:onNext(254)) - client-57E1B75B6E0F->03fce918-d0a7-4cd9-a665-be2ded7ac46f: receive RaftClientReply:client-57E1B75B6E0F->03fce918-d0a7-4cd9-a665-be2ded7ac46f@group-7C51BB60225E, cid=28, FAILED org.apache.ratis.protocol.NotLeaderException: Server 03fce918-d0a7-4cd9-a665-be2ded7ac46f is not the leader (763e4a11-08e2-4549-a8dc-173862531bf4:192.168.19.23:40839). Request must be sent to leader., logIndex=0, commits[03fce918-d0a7-4cd9-a665-be2ded7ac46f:c0, 31c47902-e24f-46cb-8adb-60efff8d69eb:c0, 763e4a11-08e2-4549-a8dc-173862531bf4:c0]
2019-06-15 14:11:05,627 WARN  io.KeyOutputStream (KeyOutputStream.java:handleException(276)) - Encountered exception java.io.IOException: Unexpected Storage Container Exception: java.util.concurrent.CompletionException: java.util.concurrent.CompletionException: org.apache.ratis.protocol.RaftRetryFailureException: Failed RaftClientRequest:client-57E1B75B6E0F->03fce918-d0a7-4cd9-a665-be2ded7ac46f@group-7C51BB60225E, cid=28, seq=1*, RW, org.apache.hadoop.hdds.scm.XceiverClientRatis$$Lambda$406/787205767@53e602b8 for 5 attempts with RetryLimited(maxAttempts=5, sleepTime=1000ms) on the pipeline Pipeline[ Id: 6a346ab4-14ba-49fb-b733-7c51bb60225e, Nodes: 31c47902-e24f-46cb-8adb-60efff8d69eb{ip: 192.168.19.23, host: ozone-unit-076618677d3-hs227-2779846674, networkLocation: /default-rack, certSerialId: null}03fce918-d0a7-4cd9-a665-be2ded7ac46f{ip: 192.168.19.23, host: ozone-unit-076618677d3-hs227-2779846674, networkLocation: /default-rack, certSerialId: null}763e4a11-08e2-4549-a8dc-173862531bf4{ip: 192.168.19.23, host: ozone-unit-076618677d3-hs227-2779846674, networkLocation: /default-rack, certSerialId: null}, Type:RATIS, Factor:THREE, State:OPEN]. The last committed block length is 0, uncommitted data length is 400 retry count 0
2019-06-15 14:11:05,630 WARN  client.GrpcClientProtocolService (LogUtils.java:warn(134)) - 2-OrderedRequestStreamObserver2: onError: org.apache.ratis.thirdparty.io.grpc.StatusRuntimeException: CANCELLED: cancelled before receiving half close
2019-06-15 14:11:05,634 WARN  block.BlockManagerImpl (BlockManagerImpl.java:allocateBlock(192)) - Pipeline creation failed for type:RATIS factor:THREE. Retrying get pipelines call once.
org.apache.hadoop.hdds.scm.pipeline.InsufficientDatanodesException: Cannot create pipeline of factor 3 using 1 nodes.
	at org.apache.hadoop.hdds.scm.pipeline.RatisPipelineProvider.create(RatisPipelineProvider.java:151)
	at org.apache.hadoop.hdds.scm.pipeline.PipelineFactory.create(PipelineFactory.java:57)
	at org.apache.hadoop.hdds.scm.pipeline.SCMPipelineManager.createPipeline(SCMPipelineManager.java:149)
	at org.apache.hadoop.hdds.scm.block.BlockManagerImpl.allocateBlock(BlockManagerImpl.java:190)
	at org.apache.hadoop.hdds.scm.server.SCMBlockProtocolServer.allocateBlock(SCMBlockProtocolServer.java:172)
	at org.apache.hadoop.ozone.protocolPB.ScmBlockLocationProtocolServerSideTranslatorPB.allocateScmBlock(ScmBlockLocationProtocolServerSideTranslatorPB.java:82)
	at org.apache.hadoop.hdds.protocol.proto.ScmBlockLocationProtocolProtos$ScmBlockLocationProtocolService$2.callBlockingMethod(ScmBlockLocationProtocolProtos.java:7533)
	at org.apache.hadoop.ipc.ProtobufRpcEngine$Server$ProtoBufRpcInvoker.call(ProtobufRpcEngine.java:524)
	at org.apache.hadoop.ipc.RPC$Server.call(RPC.java:1025)
	at org.apache.hadoop.ipc.Server$RpcCall.run(Server.java:876)
	at org.apache.hadoop.ipc.Server$RpcCall.run(Server.java:822)
	at java.security.AccessController.doPrivileged(Native Method)
	at javax.security.auth.Subject.doAs(Subject.java:422)
	at org.apache.hadoop.security.UserGroupInformation.doAs(UserGroupInformation.java:1730)
	at org.apache.hadoop.ipc.Server$Handler.run(Server.java:2682)
2019-06-15 14:11:05,636 INFO  block.BlockManagerImpl (BlockManagerImpl.java:allocateBlock(198)) - Could not find available pipeline of type:RATIS and factor:THREE even after retrying
2019-06-15 14:11:05,636 ERROR block.BlockManagerImpl (BlockManagerImpl.java:allocateBlock(222)) - Unable to allocate a block for the size: 800, type: RATIS, factor: THREE
14:11:05.638 [IPC Server handler 17 on 43105] ERROR OMAudit - user=jenkins1000 | ip=127.0.0.1 | op=ALLOCATE_BLOCK {volume=watchforcommithandlingtest, bucket=watchforcommithandlingtest, key=e688607b-4607-4372-ae9d-0b880e33b798, dataSize=0, replicationType=null, replicationFactor=null, keyLocationInfo=null, clientID=102275996383117312} | ret=FAILURE
java.io.IOException: Allocate block failed.
	at org.apache.hadoop.hdds.scm.protocolPB.ScmBlockLocationProtocolClientSideTranslatorPB.allocateBlock(ScmBlockLocationProtocolClientSideTranslatorPB.java:111) ~[hadoop-hdds-common-0.5.0-SNAPSHOT.jar:?]
	at sun.reflect.NativeMethodAccessorImpl.invoke0(Native Method) ~[?:1.8.0_212]
	at sun.reflect.NativeMethodAccessorImpl.invoke(NativeMethodAccessorImpl.java:62) ~[?:1.8.0_212]
	at sun.reflect.DelegatingMethodAccessorImpl.invoke(DelegatingMethodAccessorImpl.java:43) ~[?:1.8.0_212]
	at java.lang.reflect.Method.invoke(Method.java:498) ~[?:1.8.0_212]
	at org.apache.hadoop.hdds.tracing.TraceAllMethod.invoke(TraceAllMethod.java:66) ~[hadoop-hdds-common-0.5.0-SNAPSHOT.jar:?]
	at com.sun.proxy.$Proxy25.allocateBlock(Unknown Source) ~[?:?]
	at org.apache.hadoop.ozone.om.KeyManagerImpl.allocateBlock(KeyManagerImpl.java:347) ~[hadoop-ozone-ozone-manager-0.5.0-SNAPSHOT.jar:?]
	at org.apache.hadoop.ozone.om.KeyManagerImpl.allocateBlock(KeyManagerImpl.java:315) ~[hadoop-ozone-ozone-manager-0.5.0-SNAPSHOT.jar:?]
	at org.apache.hadoop.ozone.om.OzoneManager.allocateBlock(OzoneManager.java:2314) [hadoop-ozone-ozone-manager-0.5.0-SNAPSHOT.jar:?]
	at org.apache.hadoop.ozone.protocolPB.OzoneManagerRequestHandler.allocateBlock(OzoneManagerRequestHandler.java:756) [hadoop-ozone-ozone-manager-0.5.0-SNAPSHOT.jar:?]
	at org.apache.hadoop.ozone.protocolPB.OzoneManagerRequestHandler.handle(OzoneManagerRequestHandler.java:249) [hadoop-ozone-ozone-manager-0.5.0-SNAPSHOT.jar:?]
	at org.apache.hadoop.ozone.protocolPB.OzoneManagerProtocolServerSideTranslatorPB.submitRequestDirectlyToOM(OzoneManagerProtocolServerSideTranslatorPB.java:180) [hadoop-ozone-ozone-manager-0.5.0-SNAPSHOT.jar:?]
	at org.apache.hadoop.ozone.protocolPB.OzoneManagerProtocolServerSideTranslatorPB.submitRequest(OzoneManagerProtocolServerSideTranslatorPB.java:102) [hadoop-ozone-ozone-manager-0.5.0-SNAPSHOT.jar:?]
	at org.apache.hadoop.ozone.protocol.proto.OzoneManagerProtocolProtos$OzoneManagerService$2.callBlockingMethod(OzoneManagerProtocolProtos.java) [hadoop-ozone-common-0.5.0-SNAPSHOT.jar:?]
	at org.apache.hadoop.ipc.ProtobufRpcEngine$Server$ProtoBufRpcInvoker.call(ProtobufRpcEngine.java:524) [hadoop-common-3.2.0.jar:?]
	at org.apache.hadoop.ipc.RPC$Server.call(RPC.java:1025) [hadoop-common-3.2.0.jar:?]
	at org.apache.hadoop.ipc.Server$RpcCall.run(Server.java:876) [hadoop-common-3.2.0.jar:?]
	at org.apache.hadoop.ipc.Server$RpcCall.run(Server.java:822) [hadoop-common-3.2.0.jar:?]
	at java.security.AccessController.doPrivileged(Native Method) [?:1.8.0_212]
	at javax.security.auth.Subject.doAs(Subject.java:422) [?:1.8.0_212]
	at org.apache.hadoop.security.UserGroupInformation.doAs(UserGroupInformation.java:1730) [hadoop-common-3.2.0.jar:?]
	at org.apache.hadoop.ipc.Server$Handler.run(Server.java:2682) [hadoop-common-3.2.0.jar:?]
2019-06-15 14:11:05,646 ERROR io.BlockOutputStreamEntryPool (BlockOutputStreamEntryPool.java:allocateBlockIfNeeded(299)) - Try to allocate more blocks for write failed, already allocated 0 blocks for this write.
INTERNAL_ERROR org.apache.hadoop.ozone.om.exceptions.OMException: Allocate block failed.
	at org.apache.hadoop.ozone.om.protocolPB.OzoneManagerProtocolClientSideTranslatorPB.handleError(OzoneManagerProtocolClientSideTranslatorPB.java:720)
	at org.apache.hadoop.ozone.om.protocolPB.OzoneManagerProtocolClientSideTranslatorPB.allocateBlock(OzoneManagerProtocolClientSideTranslatorPB.java:743)
	at org.apache.hadoop.ozone.client.io.BlockOutputStreamEntryPool.allocateNewBlock(BlockOutputStreamEntryPool.java:248)
	at org.apache.hadoop.ozone.client.io.BlockOutputStreamEntryPool.allocateBlockIfNeeded(BlockOutputStreamEntryPool.java:296)
	at org.apache.hadoop.ozone.client.io.KeyOutputStream.handleWrite(KeyOutputStream.java:201)
	at org.apache.hadoop.ozone.client.io.KeyOutputStream.handleRetry(KeyOutputStream.java:376)
	at org.apache.hadoop.ozone.client.io.KeyOutputStream.handleException(KeyOutputStream.java:325)
	at org.apache.hadoop.ozone.client.io.KeyOutputStream.handleWrite(KeyOutputStream.java:231)
	at org.apache.hadoop.ozone.client.io.KeyOutputStream.write(KeyOutputStream.java:193)
	at org.apache.hadoop.ozone.client.io.OzoneOutputStream.write(OzoneOutputStream.java:49)
	at java.io.OutputStream.write(OutputStream.java:75)
	at org.apache.hadoop.ozone.client.rpc.TestWatchForCommit.testWatchForCommitWithKeyWrite(TestWatchForCommit.java:241)
	at sun.reflect.NativeMethodAccessorImpl.invoke0(Native Method)
	at sun.reflect.NativeMethodAccessorImpl.invoke(NativeMethodAccessorImpl.java:62)
	at sun.reflect.DelegatingMethodAccessorImpl.invoke(DelegatingMethodAccessorImpl.java:43)
	at java.lang.reflect.Method.invoke(Method.java:498)
	at org.junit.runners.model.FrameworkMethod$1.runReflectiveCall(FrameworkMethod.java:47)
	at org.junit.internal.runners.model.ReflectiveCallable.run(ReflectiveCallable.java:12)
	at org.junit.runners.model.FrameworkMethod.invokeExplosively(FrameworkMethod.java:44)
	at org.junit.internal.runners.statements.InvokeMethod.evaluate(InvokeMethod.java:17)
	at org.junit.runners.ParentRunner.runLeaf(ParentRunner.java:271)
	at org.junit.runners.BlockJUnit4ClassRunner.runChild(BlockJUnit4ClassRunner.java:70)
	at org.junit.runners.BlockJUnit4ClassRunner.runChild(BlockJUnit4ClassRunner.java:50)
	at org.junit.runners.ParentRunner$3.run(ParentRunner.java:238)
	at org.junit.runners.ParentRunner$1.schedule(ParentRunner.java:63)
	at org.junit.runners.ParentRunner.runChildren(ParentRunner.java:236)
	at org.junit.runners.ParentRunner.access$000(ParentRunner.java:53)
	at org.junit.runners.ParentRunner$2.evaluate(ParentRunner.java:229)
	at org.junit.runners.ParentRunner.run(ParentRunner.java:309)
	at org.apache.maven.surefire.junit4.JUnit4Provider.execute(JUnit4Provider.java:365)
	at org.apache.maven.surefire.junit4.JUnit4Provider.executeWithRerun(JUnit4Provider.java:273)
	at org.apache.maven.surefire.junit4.JUnit4Provider.executeTestSet(JUnit4Provider.java:238)
	at org.apache.maven.surefire.junit4.JUnit4Provider.invoke(JUnit4Provider.java:159)
	at org.apache.maven.surefire.booter.ForkedBooter.invokeProviderInSameClassLoader(ForkedBooter.java:384)
	at org.apache.maven.surefire.booter.ForkedBooter.runSuitesInProcess(ForkedBooter.java:345)
	at org.apache.maven.surefire.booter.ForkedBooter.execute(ForkedBooter.java:126)
	at org.apache.maven.surefire.booter.ForkedBooter.main(ForkedBooter.java:418)
]]></system-out>
    <system-err><![CDATA[ERROR StatusLogger No Log4j 2 configuration file found. Using default configuration (logging only errors to the console), or user programmatically provided configurations. Set system property 'log4j2.debug' to show Log4j 2 internal initialization logging. See https://logging.apache.org/log4j/2.x/manual/configuration.html for instructions on how to configure Log4j 2
Jun 15, 2019 2:10:47 PM com.sun.jersey.server.impl.application.WebApplicationImpl _initiate
INFO: Initiating Jersey application, version 'Jersey: 1.19 02/11/2015 03:25 AM'
Jun 15, 2019 2:10:48 PM com.sun.jersey.server.impl.application.WebApplicationImpl _initiate
INFO: Initiating Jersey application, version 'Jersey: 1.19 02/11/2015 03:25 AM'
Jun 15, 2019 2:10:48 PM com.sun.jersey.server.impl.application.WebApplicationImpl _initiate
INFO: Initiating Jersey application, version 'Jersey: 1.19 02/11/2015 03:25 AM'
Jun 15, 2019 2:10:48 PM com.sun.jersey.server.impl.application.WebApplicationImpl _initiate
INFO: Initiating Jersey application, version 'Jersey: 1.19 02/11/2015 03:25 AM'
Jun 15, 2019 2:10:49 PM com.sun.jersey.server.impl.application.WebApplicationImpl _initiate
INFO: Initiating Jersey application, version 'Jersey: 1.19 02/11/2015 03:25 AM'
Jun 15, 2019 2:10:49 PM com.sun.jersey.server.impl.application.WebApplicationImpl _initiate
INFO: Initiating Jersey application, version 'Jersey: 1.19 02/11/2015 03:25 AM'
Jun 15, 2019 2:10:49 PM com.sun.jersey.server.impl.application.WebApplicationImpl _initiate
INFO: Initiating Jersey application, version 'Jersey: 1.19 02/11/2015 03:25 AM'
]]></system-err>
  </testcase>
  <testcase name="testWatchForCommitWithSmallerTimeoutValue" classname="org.apache.hadoop.ozone.client.rpc.TestWatchForCommit" time="14.567"/>
  <testcase name="testWatchForCommitForRetryfailure" classname="org.apache.hadoop.ozone.client.rpc.TestWatchForCommit" time="28.579"/>
  <testcase name="testWatchForCommitForGroupMismatchException" classname="org.apache.hadoop.ozone.client.rpc.TestWatchForCommit" time="7.224"/>
  <testcase name="test2WayCommitForTimeoutException" classname="org.apache.hadoop.ozone.client.rpc.TestWatchForCommit" time="12.011"/>
  <testcase name="test2WayCommitForRetryfailure" classname="org.apache.hadoop.ozone.client.rpc.TestWatchForCommit" time="28.013"/>
</testsuite>