<?xml version="1.0" encoding="UTF-8"?>
<testsuite xmlns:xsi="http://www.w3.org/2001/XMLSchema-instance" xsi:noNamespaceSchemaLocation="https://maven.apache.org/surefire/maven-surefire-plugin/xsd/surefire-test-report.xsd" name="org.apache.hadoop.ozone.client.rpc.TestOzoneClientRetriesOnException" time="24.283" tests="2" errors="1" skipped="0" failures="0">
  <properties>
    <property name="awt.toolkit" value="sun.awt.X11.XToolkit"/>
    <property name="file.encoding.pkg" value="sun.io"/>
    <property name="java.specification.version" value="1.8"/>
    <property name="sun.cpu.isalist" value=""/>
    <property name="sun.jnu.encoding" value="UTF-8"/>
    <property name="java.class.path" value="/opt/src/hadoop-ozone/integration-test/target/test-classes:/opt/src/hadoop-ozone/integration-test/target/classes:/home/user/.m2/repository/org/apache/hadoop/hadoop-ozone-common/0.5.0-SNAPSHOT/hadoop-ozone-common-0.5.0-SNAPSHOT.jar:/home/user/.m2/repository/org/apache/commons/commons-compress/1.4.1/commons-compress-1.4.1.jar:/home/user/.m2/repository/org/tukaani/xz/1.0/xz-1.0.jar:/home/user/.m2/repository/org/apache/hadoop/hadoop-common/3.2.0/hadoop-common-3.2.0.jar:/home/user/.m2/repository/org/apache/hadoop/hadoop-hdfs/3.2.0/hadoop-hdfs-3.2.0.jar:/home/user/.m2/repository/org/apache/hadoop/hadoop-hdfs-client/3.2.0/hadoop-hdfs-client-3.2.0.jar:/home/user/.m2/repository/com/fasterxml/jackson/core/jackson-annotations/2.9.5/jackson-annotations-2.9.5.jar:/home/user/.m2/repository/org/apache/hadoop/hadoop-hdds-common/0.5.0-SNAPSHOT/hadoop-hdds-common-0.5.0-SNAPSHOT.jar:/home/user/.m2/repository/javax/annotation/javax.annotation-api/1.2/javax.annotation-api-1.2.jar:/home/user/.m2/repository/org/apache/ratis/ratis-server/0.4.0-fe2b15d-SNAPSHOT/ratis-server-0.4.0-fe2b15d-SNAPSHOT.jar:/home/user/.m2/repository/org/apache/ratis/ratis-thirdparty-misc/0.2.0/ratis-thirdparty-misc-0.2.0.jar:/home/user/.m2/repository/org/apache/ratis/ratis-proto/0.4.0-fe2b15d-SNAPSHOT/ratis-proto-0.4.0-fe2b15d-SNAPSHOT.jar:/home/user/.m2/repository/org/apache/ratis/ratis-common/0.4.0-fe2b15d-SNAPSHOT/ratis-common-0.4.0-fe2b15d-SNAPSHOT.jar:/home/user/.m2/repository/org/apache/ratis/ratis-client/0.4.0-fe2b15d-SNAPSHOT/ratis-client-0.4.0-fe2b15d-SNAPSHOT.jar:/home/user/.m2/repository/org/apache/ratis/ratis-netty/0.4.0-fe2b15d-SNAPSHOT/ratis-netty-0.4.0-fe2b15d-SNAPSHOT.jar:/home/user/.m2/repository/org/apache/ratis/ratis-grpc/0.4.0-fe2b15d-SNAPSHOT/ratis-grpc-0.4.0-fe2b15d-SNAPSHOT.jar:/home/user/.m2/repository/org/rocksdb/rocksdbjni/5.14.2/rocksdbjni-5.14.2.jar:/home/user/.m2/repository/org/apache/logging/log4j/log4j-api/2.11.0/log4j-api-2.11.0.jar:/home/user/.m2/repository/org/apache/logging/log4j/log4j-core/2.11.0/log4j-core-2.11.0.jar:/home/user/.m2/repository/com/lmax/disruptor/3.4.2/disruptor-3.4.2.jar:/home/user/.m2/repository/org/apache/commons/commons-pool2/2.6.0/commons-pool2-2.6.0.jar:/home/user/.m2/repository/org/bouncycastle/bcpkix-jdk15on/1.60/bcpkix-jdk15on-1.60.jar:/home/user/.m2/repository/commons-validator/commons-validator/1.6/commons-validator-1.6.jar:/home/user/.m2/repository/commons-digester/commons-digester/1.8.1/commons-digester-1.8.1.jar:/home/user/.m2/repository/io/jaegertracing/jaeger-client/0.33.1/jaeger-client-0.33.1.jar:/home/user/.m2/repository/io/jaegertracing/jaeger-thrift/0.33.1/jaeger-thrift-0.33.1.jar:/home/user/.m2/repository/org/apache/thrift/libthrift/0.11.0/libthrift-0.11.0.jar:/home/user/.m2/repository/com/squareup/okhttp3/okhttp/3.9.0/okhttp-3.9.0.jar:/home/user/.m2/repository/com/squareup/okio/okio/1.13.0/okio-1.13.0.jar:/home/user/.m2/repository/io/jaegertracing/jaeger-core/0.33.1/jaeger-core-0.33.1.jar:/home/user/.m2/repository/io/jaegertracing/jaeger-tracerresolver/0.33.1/jaeger-tracerresolver-0.33.1.jar:/home/user/.m2/repository/io/opentracing/contrib/opentracing-tracerresolver/0.1.5/opentracing-tracerresolver-0.1.5.jar:/home/user/.m2/repository/io/opentracing/opentracing-util/0.31.0/opentracing-util-0.31.0.jar:/home/user/.m2/repository/io/opentracing/opentracing-api/0.31.0/opentracing-api-0.31.0.jar:/home/user/.m2/repository/io/opentracing/opentracing-noop/0.31.0/opentracing-noop-0.31.0.jar:/home/user/.m2/repository/org/apache/hadoop/hadoop-hdds-server-framework/0.5.0-SNAPSHOT/hadoop-hdds-server-framework-0.5.0-SNAPSHOT.jar:/home/user/.m2/repository/org/apache/hadoop/hadoop-hdds-server-scm/0.5.0-SNAPSHOT/hadoop-hdds-server-scm-0.5.0-SNAPSHOT.jar:/home/user/.m2/repository/org/apache/hadoop/hadoop-hdds-container-service/0.5.0-SNAPSHOT/hadoop-hdds-container-service-0.5.0-SNAPSHOT.jar:/home/user/.m2/repository/org/apache/hadoop/hadoop-hdds-client/0.5.0-SNAPSHOT/hadoop-hdds-client-0.5.0-SNAPSHOT.jar:/home/user/.m2/repository/org/apache/hadoop/hadoop-hdds-tools/0.5.0-SNAPSHOT/hadoop-hdds-tools-0.5.0-SNAPSHOT.jar:/home/user/.m2/repository/org/apache/hadoop/hadoop-ozone-ozone-manager/0.5.0-SNAPSHOT/hadoop-ozone-ozone-manager-0.5.0-SNAPSHOT.jar:/home/user/.m2/repository/org/apache/hadoop/hadoop-hdds-docs/0.5.0-SNAPSHOT/hadoop-hdds-docs-0.5.0-SNAPSHOT.jar:/home/user/.m2/repository/org/bouncycastle/bcprov-jdk15on/1.60/bcprov-jdk15on-1.60.jar:/home/user/.m2/repository/org/apache/hadoop/hadoop-minikdc/3.2.0/hadoop-minikdc-3.2.0.jar:/home/user/.m2/repository/commons-io/commons-io/2.5/commons-io-2.5.jar:/home/user/.m2/repository/org/apache/kerby/kerb-simplekdc/1.0.1/kerb-simplekdc-1.0.1.jar:/home/user/.m2/repository/org/apache/kerby/kerb-client/1.0.1/kerb-client-1.0.1.jar:/home/user/.m2/repository/org/apache/kerby/kerby-config/1.0.1/kerby-config-1.0.1.jar:/home/user/.m2/repository/org/apache/kerby/kerb-core/1.0.1/kerb-core-1.0.1.jar:/home/user/.m2/repository/org/apache/kerby/kerby-pkix/1.0.1/kerby-pkix-1.0.1.jar:/home/user/.m2/repository/org/apache/kerby/kerby-asn1/1.0.1/kerby-asn1-1.0.1.jar:/home/user/.m2/repository/org/apache/kerby/kerby-util/1.0.1/kerby-util-1.0.1.jar:/home/user/.m2/repository/org/apache/kerby/kerb-common/1.0.1/kerb-common-1.0.1.jar:/home/user/.m2/repository/org/apache/kerby/kerb-crypto/1.0.1/kerb-crypto-1.0.1.jar:/home/user/.m2/repository/org/apache/kerby/kerb-util/1.0.1/kerb-util-1.0.1.jar:/home/user/.m2/repository/org/apache/kerby/token-provider/1.0.1/token-provider-1.0.1.jar:/home/user/.m2/repository/org/apache/kerby/kerb-admin/1.0.1/kerb-admin-1.0.1.jar:/home/user/.m2/repository/org/apache/kerby/kerb-server/1.0.1/kerb-server-1.0.1.jar:/home/user/.m2/repository/org/apache/kerby/kerb-identity/1.0.1/kerb-identity-1.0.1.jar:/home/user/.m2/repository/org/apache/kerby/kerby-xdr/1.0.1/kerby-xdr-1.0.1.jar:/home/user/.m2/repository/org/slf4j/slf4j-log4j12/1.7.25/slf4j-log4j12-1.7.25.jar:/home/user/.m2/repository/org/apache/hadoop/hadoop-ozone-objectstore-service/0.5.0-SNAPSHOT/hadoop-ozone-objectstore-service-0.5.0-SNAPSHOT.jar:/home/user/.m2/repository/org/apache/hadoop/hadoop-ozone-s3gateway/0.5.0-SNAPSHOT/hadoop-ozone-s3gateway-0.5.0-SNAPSHOT.jar:/home/user/.m2/repository/org/jboss/weld/servlet/weld-servlet/2.4.7.Final/weld-servlet-2.4.7.Final.jar:/home/user/.m2/repository/org/glassfish/jersey/containers/jersey-container-servlet-core/2.27/jersey-container-servlet-core-2.27.jar:/home/user/.m2/repository/org/glassfish/hk2/external/javax.inject/2.5.0-b42/javax.inject-2.5.0-b42.jar:/home/user/.m2/repository/org/glassfish/jersey/core/jersey-common/2.27/jersey-common-2.27.jar:/home/user/.m2/repository/org/glassfish/hk2/osgi-resource-locator/1.0.1/osgi-resource-locator-1.0.1.jar:/home/user/.m2/repository/javax/ws/rs/javax.ws.rs-api/2.1/javax.ws.rs-api-2.1.jar:/home/user/.m2/repository/org/glassfish/jersey/ext/cdi/jersey-cdi1x/2.27/jersey-cdi1x-2.27.jar:/home/user/.m2/repository/org/glassfish/jersey/inject/jersey-hk2/2.27/jersey-hk2-2.27.jar:/home/user/.m2/repository/org/glassfish/hk2/hk2-locator/2.5.0-b42/hk2-locator-2.5.0-b42.jar:/home/user/.m2/repository/org/javassist/javassist/3.22.0-CR2/javassist-3.22.0-CR2.jar:/home/user/.m2/repository/org/glassfish/hk2/hk2-api/2.5.0/hk2-api-2.5.0.jar:/home/user/.m2/repository/org/glassfish/hk2/external/jakarta.inject/2.5.0/jakarta.inject-2.5.0.jar:/home/user/.m2/repository/org/glassfish/hk2/hk2-utils/2.5.0/hk2-utils-2.5.0.jar:/home/user/.m2/repository/jakarta/annotation/jakarta.annotation-api/1.3.4/jakarta.annotation-api-1.3.4.jar:/home/user/.m2/repository/org/glassfish/hk2/external/aopalliance-repackaged/2.5.0/aopalliance-repackaged-2.5.0.jar:/home/user/.m2/repository/com/fasterxml/jackson/dataformat/jackson-dataformat-xml/2.9.0/jackson-dataformat-xml-2.9.0.jar:/home/user/.m2/repository/com/fasterxml/jackson/core/jackson-core/2.9.5/jackson-core-2.9.5.jar:/home/user/.m2/repository/com/fasterxml/jackson/module/jackson-module-jaxb-annotations/2.9.5/jackson-module-jaxb-annotations-2.9.5.jar:/home/user/.m2/repository/javax/enterprise/cdi-api/1.2/cdi-api-1.2.jar:/home/user/.m2/repository/javax/el/javax.el-api/3.0.0/javax.el-api-3.0.0.jar:/home/user/.m2/repository/javax/interceptor/javax.interceptor-api/1.2/javax.interceptor-api-1.2.jar:/home/user/.m2/repository/javax/inject/javax.inject/1/javax.inject-1.jar:/home/user/.m2/repository/com/sun/xml/bind/jaxb-impl/2.3.0.1/jaxb-impl-2.3.0.1.jar:/home/user/.m2/repository/com/sun/xml/bind/jaxb-core/2.3.0.1/jaxb-core-2.3.0.1.jar:/home/user/.m2/repository/javax/xml/bind/jaxb-api/2.3.0/jaxb-api-2.3.0.jar:/home/user/.m2/repository/javax/activation/activation/1.1.1/activation-1.1.1.jar:/home/user/.m2/repository/org/apache/hadoop/hadoop-ozone-csi/0.5.0-SNAPSHOT/hadoop-ozone-csi-0.5.0-SNAPSHOT.jar:/home/user/.m2/repository/com/google/protobuf/protobuf-java-util/3.5.1/protobuf-java-util-3.5.1.jar:/home/user/.m2/repository/org/apache/hadoop/hadoop-hdds-config/0.5.0-SNAPSHOT/hadoop-hdds-config-0.5.0-SNAPSHOT.jar:/home/user/.m2/repository/com/google/guava/guava/11.0.2/guava-11.0.2.jar:/home/user/.m2/repository/com/google/protobuf/protobuf-java/2.5.0/protobuf-java-2.5.0.jar:/home/user/.m2/repository/io/grpc/grpc-netty/1.17.1/grpc-netty-1.17.1.jar:/home/user/.m2/repository/io/grpc/grpc-core/1.17.1/grpc-core-1.17.1.jar:/home/user/.m2/repository/io/grpc/grpc-context/1.17.1/grpc-context-1.17.1.jar:/home/user/.m2/repository/com/google/errorprone/error_prone_annotations/2.2.0/error_prone_annotations-2.2.0.jar:/home/user/.m2/repository/org/codehaus/mojo/animal-sniffer-annotations/1.17/animal-sniffer-annotations-1.17.jar:/home/user/.m2/repository/io/opencensus/opencensus-api/0.17.0/opencensus-api-0.17.0.jar:/home/user/.m2/repository/io/opencensus/opencensus-contrib-grpc-metrics/0.17.0/opencensus-contrib-grpc-metrics-0.17.0.jar:/home/user/.m2/repository/io/netty/netty-codec-http2/4.1.30.Final/netty-codec-http2-4.1.30.Final.jar:/home/user/.m2/repository/io/netty/netty-codec-http/4.1.30.Final/netty-codec-http-4.1.30.Final.jar:/home/user/.m2/repository/io/netty/netty-codec/4.1.30.Final/netty-codec-4.1.30.Final.jar:/home/user/.m2/repository/io/netty/netty-handler/4.1.30.Final/netty-handler-4.1.30.Final.jar:/home/user/.m2/repository/io/netty/netty-handler-proxy/4.1.30.Final/netty-handler-proxy-4.1.30.Final.jar:/home/user/.m2/repository/io/netty/netty-codec-socks/4.1.30.Final/netty-codec-socks-4.1.30.Final.jar:/home/user/.m2/repository/io/netty/netty-transport-native-epoll/4.1.30.Final/netty-transport-native-epoll-4.1.30.Final.jar:/home/user/.m2/repository/io/netty/netty-common/4.1.30.Final/netty-common-4.1.30.Final.jar:/home/user/.m2/repository/io/netty/netty-buffer/4.1.30.Final/netty-buffer-4.1.30.Final.jar:/home/user/.m2/repository/io/netty/netty-transport/4.1.30.Final/netty-transport-4.1.30.Final.jar:/home/user/.m2/repository/io/netty/netty-resolver/4.1.30.Final/netty-resolver-4.1.30.Final.jar:/home/user/.m2/repository/io/netty/netty-transport-native-unix-common/4.1.30.Final/netty-transport-native-unix-common-4.1.30.Final.jar:/home/user/.m2/repository/io/grpc/grpc-protobuf/1.17.1/grpc-protobuf-1.17.1.jar:/home/user/.m2/repository/com/google/api/grpc/proto-google-common-protos/1.0.0/proto-google-common-protos-1.0.0.jar:/home/user/.m2/repository/io/grpc/grpc-protobuf-lite/1.17.1/grpc-protobuf-lite-1.17.1.jar:/home/user/.m2/repository/io/grpc/grpc-stub/1.17.1/grpc-stub-1.17.1.jar:/home/user/.m2/repository/org/apache/hadoop/hadoop-ozone-recon/0.5.0-SNAPSHOT/hadoop-ozone-recon-0.5.0-SNAPSHOT.jar:/home/user/.m2/repository/org/apache/hadoop/hadoop-ozone-reconcodegen/0.5.0-SNAPSHOT/hadoop-ozone-reconcodegen-0.5.0-SNAPSHOT.jar:/home/user/.m2/repository/com/google/inject/extensions/guice-multibindings/4.0/guice-multibindings-4.0.jar:/home/user/.m2/repository/com/google/inject/guice/4.0/guice-4.0.jar:/home/user/.m2/repository/aopalliance/aopalliance/1.0/aopalliance-1.0.jar:/home/user/.m2/repository/com/google/inject/extensions/guice-servlet/4.0/guice-servlet-4.0.jar:/home/user/.m2/repository/org/glassfish/jersey/containers/jersey-container-servlet/2.27/jersey-container-servlet-2.27.jar:/home/user/.m2/repository/org/glassfish/hk2/guice-bridge/2.5.0/guice-bridge-2.5.0.jar:/home/user/.m2/repository/org/glassfish/jersey/core/jersey-server/2.27/jersey-server-2.27.jar:/home/user/.m2/repository/org/glassfish/jersey/core/jersey-client/2.27/jersey-client-2.27.jar:/home/user/.m2/repository/org/glassfish/jersey/media/jersey-media-jaxb/2.27/jersey-media-jaxb-2.27.jar:/home/user/.m2/repository/javax/validation/validation-api/1.1.0.Final/validation-api-1.1.0.Final.jar:/home/user/.m2/repository/org/glassfish/jersey/media/jersey-media-json-jackson/2.27/jersey-media-json-jackson-2.27.jar:/home/user/.m2/repository/org/glassfish/jersey/ext/jersey-entity-filtering/2.27/jersey-entity-filtering-2.27.jar:/home/user/.m2/repository/com/google/inject/extensions/guice-assistedinject/4.0/guice-assistedinject-4.0.jar:/home/user/.m2/repository/org/jooq/jooq/3.11.10/jooq-3.11.10.jar:/home/user/.m2/repository/org/jooq/jooq-meta/3.11.10/jooq-meta-3.11.10.jar:/home/user/.m2/repository/org/jooq/jooq-codegen/3.11.10/jooq-codegen-3.11.10.jar:/home/user/.m2/repository/com/jolbox/bonecp/0.8.0.RELEASE/bonecp-0.8.0.RELEASE.jar:/home/user/.m2/repository/org/xerial/sqlite-jdbc/3.25.2/sqlite-jdbc-3.25.2.jar:/home/user/.m2/repository/org/springframework/spring-jdbc/5.1.3.RELEASE/spring-jdbc-5.1.3.RELEASE.jar:/home/user/.m2/repository/org/springframework/spring-beans/5.1.3.RELEASE/spring-beans-5.1.3.RELEASE.jar:/home/user/.m2/repository/org/springframework/spring-core/5.1.3.RELEASE/spring-core-5.1.3.RELEASE.jar:/home/user/.m2/repository/org/springframework/spring-jcl/5.1.3.RELEASE/spring-jcl-5.1.3.RELEASE.jar:/home/user/.m2/repository/org/springframework/spring-tx/5.1.3.RELEASE/spring-tx-5.1.3.RELEASE.jar:/home/user/.m2/repository/org/apache/hadoop/hadoop-ozone-client/0.5.0-SNAPSHOT/hadoop-ozone-client-0.5.0-SNAPSHOT.jar:/home/user/.m2/repository/org/apache/hadoop/hadoop-ozone-ozone-manager/0.5.0-SNAPSHOT/hadoop-ozone-ozone-manager-0.5.0-SNAPSHOT-tests.jar:/home/user/.m2/repository/junit/junit/4.11/junit-4.11.jar:/home/user/.m2/repository/org/hamcrest/hamcrest-core/1.3/hamcrest-core-1.3.jar:/home/user/.m2/repository/org/openjdk/jmh/jmh-core/1.19/jmh-core-1.19.jar:/home/user/.m2/repository/net/sf/jopt-simple/jopt-simple/4.6/jopt-simple-4.6.jar:/home/user/.m2/repository/org/apache/commons/commons-math3/3.1.1/commons-math3-3.1.1.jar:/home/user/.m2/repository/org/openjdk/jmh/jmh-generator-annprocess/1.19/jmh-generator-annprocess-1.19.jar:/home/user/.m2/repository/org/mockito/mockito-all/1.8.5/mockito-all-1.8.5.jar:/home/user/.m2/repository/org/apache/hadoop/hadoop-kms/3.2.0/hadoop-kms-3.2.0.jar:/home/user/.m2/repository/org/apache/hadoop/hadoop-auth/3.2.0/hadoop-auth-3.2.0.jar:/home/user/.m2/repository/com/nimbusds/nimbus-jose-jwt/4.41.1/nimbus-jose-jwt-4.41.1.jar:/home/user/.m2/repository/com/github/stephenc/jcip/jcip-annotations/1.0-1/jcip-annotations-1.0-1.jar:/home/user/.m2/repository/net/minidev/json-smart/2.3/json-smart-2.3.jar:/home/user/.m2/repository/net/minidev/accessors-smart/1.2/accessors-smart-1.2.jar:/home/user/.m2/repository/org/ow2/asm/asm/5.0.4/asm-5.0.4.jar:/home/user/.m2/repository/org/apache/curator/curator-framework/2.12.0/curator-framework-2.12.0.jar:/home/user/.m2/repository/com/sun/jersey/jersey-core/1.19/jersey-core-1.19.jar:/home/user/.m2/repository/javax/ws/rs/jsr311-api/1.1.1/jsr311-api-1.1.1.jar:/home/user/.m2/repository/com/sun/jersey/jersey-server/1.19/jersey-server-1.19.jar:/home/user/.m2/repository/javax/servlet/javax.servlet-api/3.1.0/javax.servlet-api-3.1.0.jar:/home/user/.m2/repository/org/eclipse/jetty/jetty-server/9.3.24.v20180605/jetty-server-9.3.24.v20180605.jar:/home/user/.m2/repository/org/eclipse/jetty/jetty-http/9.3.24.v20180605/jetty-http-9.3.24.v20180605.jar:/home/user/.m2/repository/org/eclipse/jetty/jetty-io/9.3.24.v20180605/jetty-io-9.3.24.v20180605.jar:/home/user/.m2/repository/org/eclipse/jetty/jetty-webapp/9.3.24.v20180605/jetty-webapp-9.3.24.v20180605.jar:/home/user/.m2/repository/org/eclipse/jetty/jetty-xml/9.3.24.v20180605/jetty-xml-9.3.24.v20180605.jar:/home/user/.m2/repository/log4j/log4j/1.2.17/log4j-1.2.17.jar:/home/user/.m2/repository/org/slf4j/slf4j-api/1.7.25/slf4j-api-1.7.25.jar:/home/user/.m2/repository/org/slf4j/jul-to-slf4j/1.7.25/jul-to-slf4j-1.7.25.jar:/home/user/.m2/repository/org/eclipse/jetty/jetty-util/9.3.24.v20180605/jetty-util-9.3.24.v20180605.jar:/home/user/.m2/repository/io/dropwizard/metrics/metrics-core/3.2.4/metrics-core-3.2.4.jar:/home/user/.m2/repository/com/fasterxml/jackson/core/jackson-databind/2.9.5/jackson-databind-2.9.5.jar:/home/user/.m2/repository/org/apache/hadoop/hadoop-kms/3.2.0/hadoop-kms-3.2.0-tests.jar:/home/user/.m2/repository/org/apache/hadoop/hadoop-hdds-server-scm/0.5.0-SNAPSHOT/hadoop-hdds-server-scm-0.5.0-SNAPSHOT-tests.jar:/home/user/.m2/repository/org/hamcrest/hamcrest-all/1.3/hamcrest-all-1.3.jar:/home/user/.m2/repository/info/picocli/picocli/3.9.6/picocli-3.9.6.jar:/home/user/.m2/repository/org/apache/hadoop/hadoop-hdds-container-service/0.5.0-SNAPSHOT/hadoop-hdds-container-service-0.5.0-SNAPSHOT-tests.jar:/home/user/.m2/repository/org/yaml/snakeyaml/1.16/snakeyaml-1.16.jar:/home/user/.m2/repository/org/apache/hadoop/hadoop-common/3.2.0/hadoop-common-3.2.0-tests.jar:/home/user/.m2/repository/org/apache/hadoop/hadoop-annotations/3.2.0/hadoop-annotations-3.2.0.jar:/usr/lib/jvm/java-1.8-openjdk/jre/../lib/tools.jar:/home/user/.m2/repository/commons-cli/commons-cli/1.2/commons-cli-1.2.jar:/home/user/.m2/repository/org/apache/httpcomponents/httpclient/4.5.2/httpclient-4.5.2.jar:/home/user/.m2/repository/org/apache/httpcomponents/httpcore/4.4.4/httpcore-4.4.4.jar:/home/user/.m2/repository/commons-codec/commons-codec/1.11/commons-codec-1.11.jar:/home/user/.m2/repository/commons-net/commons-net/3.6/commons-net-3.6.jar:/home/user/.m2/repository/commons-collections/commons-collections/3.2.2/commons-collections-3.2.2.jar:/home/user/.m2/repository/org/eclipse/jetty/jetty-servlet/9.3.24.v20180605/jetty-servlet-9.3.24.v20180605.jar:/home/user/.m2/repository/org/eclipse/jetty/jetty-security/9.3.24.v20180605/jetty-security-9.3.24.v20180605.jar:/home/user/.m2/repository/javax/servlet/jsp/jsp-api/2.1/jsp-api-2.1.jar:/home/user/.m2/repository/com/sun/jersey/jersey-servlet/1.19/jersey-servlet-1.19.jar:/home/user/.m2/repository/com/sun/jersey/jersey-json/1.19/jersey-json-1.19.jar:/home/user/.m2/repository/org/codehaus/jettison/jettison/1.1/jettison-1.1.jar:/home/user/.m2/repository/org/codehaus/jackson/jackson-core-asl/1.9.13/jackson-core-asl-1.9.13.jar:/home/user/.m2/repository/org/codehaus/jackson/jackson-mapper-asl/1.9.13/jackson-mapper-asl-1.9.13.jar:/home/user/.m2/repository/org/codehaus/jackson/jackson-jaxrs/1.9.13/jackson-jaxrs-1.9.13.jar:/home/user/.m2/repository/org/codehaus/jackson/jackson-xc/1.9.13/jackson-xc-1.9.13.jar:/home/user/.m2/repository/commons-logging/commons-logging/1.1.3/commons-logging-1.1.3.jar:/home/user/.m2/repository/commons-beanutils/commons-beanutils/1.9.3/commons-beanutils-1.9.3.jar:/home/user/.m2/repository/org/apache/commons/commons-configuration2/2.1.1/commons-configuration2-2.1.1.jar:/home/user/.m2/repository/org/apache/commons/commons-lang3/3.7/commons-lang3-3.7.jar:/home/user/.m2/repository/org/apache/commons/commons-text/1.4/commons-text-1.4.jar:/home/user/.m2/repository/org/apache/avro/avro/1.7.7/avro-1.7.7.jar:/home/user/.m2/repository/com/thoughtworks/paranamer/paranamer/2.3/paranamer-2.3.jar:/home/user/.m2/repository/org/xerial/snappy/snappy-java/1.0.5/snappy-java-1.0.5.jar:/home/user/.m2/repository/com/google/re2j/re2j/1.1/re2j-1.1.jar:/home/user/.m2/repository/com/google/code/gson/gson/2.2.4/gson-2.2.4.jar:/home/user/.m2/repository/com/jcraft/jsch/0.1.54/jsch-0.1.54.jar:/home/user/.m2/repository/org/apache/curator/curator-client/2.12.0/curator-client-2.12.0.jar:/home/user/.m2/repository/org/apache/curator/curator-recipes/2.12.0/curator-recipes-2.12.0.jar:/home/user/.m2/repository/com/google/code/findbugs/jsr305/3.0.0/jsr305-3.0.0.jar:/home/user/.m2/repository/org/apache/htrace/htrace-core4/4.1.0-incubating/htrace-core4-4.1.0-incubating.jar:/home/user/.m2/repository/org/apache/zookeeper/zookeeper/3.4.13/zookeeper-3.4.13.jar:/home/user/.m2/repository/org/apache/yetus/audience-annotations/0.5.0/audience-annotations-0.5.0.jar:/home/user/.m2/repository/org/codehaus/woodstox/stax2-api/3.1.4/stax2-api-3.1.4.jar:/home/user/.m2/repository/com/fasterxml/woodstox/woodstox-core/5.0.3/woodstox-core-5.0.3.jar:/home/user/.m2/repository/dnsjava/dnsjava/2.1.7/dnsjava-2.1.7.jar:/home/user/.m2/repository/org/apache/hadoop/hadoop-hdfs/3.2.0/hadoop-hdfs-3.2.0-tests.jar:/home/user/.m2/repository/org/eclipse/jetty/jetty-util-ajax/9.3.24.v20180605/jetty-util-ajax-9.3.24.v20180605.jar:/home/user/.m2/repository/commons-daemon/commons-daemon/1.0.13/commons-daemon-1.0.13.jar:/home/user/.m2/repository/io/netty/netty/3.10.5.Final/netty-3.10.5.Final.jar:/home/user/.m2/repository/io/netty/netty-all/4.0.52.Final/netty-all-4.0.52.Final.jar:/home/user/.m2/repository/org/fusesource/leveldbjni/leveldbjni-all/1.8/leveldbjni-all-1.8.jar:"/>
    <property name="java.vm.vendor" value="IcedTea"/>
    <property name="sun.arch.data.model" value="64"/>
    <property name="test.build.dir" value="/opt/src/hadoop-ozone/integration-test/target/test-dir"/>
    <property name="test.cache.data" value=""/>
    <property name="java.vendor.url" value="https://icedtea.classpath.org"/>
    <property name="user.timezone" value=""/>
    <property name="java.vm.specification.version" value="1.8"/>
    <property name="os.name" value="Linux"/>
    <property name="test.build.data" value="/opt/src/hadoop-ozone/integration-test/target/test-dir"/>
    <property name="user.country" value="US"/>
    <property name="sun.java.launcher" value="SUN_STANDARD"/>
    <property name="sun.boot.library.path" value="/usr/lib/jvm/java-1.8-openjdk/jre/lib/amd64"/>
    <property name="sun.java.command" value="/opt/src/hadoop-ozone/integration-test/target/surefire/surefirebooter7464897844250837406.jar /opt/src/hadoop-ozone/integration-test/target/surefire 2019-06-15T13-51-47_832-jvmRun1 surefire528900465533700477tmp surefire_256563877836202917879tmp"/>
    <property name="surefire.test.class.path" value="/opt/src/hadoop-ozone/integration-test/target/test-classes:/opt/src/hadoop-ozone/integration-test/target/classes:/home/user/.m2/repository/org/apache/hadoop/hadoop-ozone-common/0.5.0-SNAPSHOT/hadoop-ozone-common-0.5.0-SNAPSHOT.jar:/home/user/.m2/repository/org/apache/commons/commons-compress/1.4.1/commons-compress-1.4.1.jar:/home/user/.m2/repository/org/tukaani/xz/1.0/xz-1.0.jar:/home/user/.m2/repository/org/apache/hadoop/hadoop-common/3.2.0/hadoop-common-3.2.0.jar:/home/user/.m2/repository/org/apache/hadoop/hadoop-hdfs/3.2.0/hadoop-hdfs-3.2.0.jar:/home/user/.m2/repository/org/apache/hadoop/hadoop-hdfs-client/3.2.0/hadoop-hdfs-client-3.2.0.jar:/home/user/.m2/repository/com/fasterxml/jackson/core/jackson-annotations/2.9.5/jackson-annotations-2.9.5.jar:/home/user/.m2/repository/org/apache/hadoop/hadoop-hdds-common/0.5.0-SNAPSHOT/hadoop-hdds-common-0.5.0-SNAPSHOT.jar:/home/user/.m2/repository/javax/annotation/javax.annotation-api/1.2/javax.annotation-api-1.2.jar:/home/user/.m2/repository/org/apache/ratis/ratis-server/0.4.0-fe2b15d-SNAPSHOT/ratis-server-0.4.0-fe2b15d-SNAPSHOT.jar:/home/user/.m2/repository/org/apache/ratis/ratis-thirdparty-misc/0.2.0/ratis-thirdparty-misc-0.2.0.jar:/home/user/.m2/repository/org/apache/ratis/ratis-proto/0.4.0-fe2b15d-SNAPSHOT/ratis-proto-0.4.0-fe2b15d-SNAPSHOT.jar:/home/user/.m2/repository/org/apache/ratis/ratis-common/0.4.0-fe2b15d-SNAPSHOT/ratis-common-0.4.0-fe2b15d-SNAPSHOT.jar:/home/user/.m2/repository/org/apache/ratis/ratis-client/0.4.0-fe2b15d-SNAPSHOT/ratis-client-0.4.0-fe2b15d-SNAPSHOT.jar:/home/user/.m2/repository/org/apache/ratis/ratis-netty/0.4.0-fe2b15d-SNAPSHOT/ratis-netty-0.4.0-fe2b15d-SNAPSHOT.jar:/home/user/.m2/repository/org/apache/ratis/ratis-grpc/0.4.0-fe2b15d-SNAPSHOT/ratis-grpc-0.4.0-fe2b15d-SNAPSHOT.jar:/home/user/.m2/repository/org/rocksdb/rocksdbjni/5.14.2/rocksdbjni-5.14.2.jar:/home/user/.m2/repository/org/apache/logging/log4j/log4j-api/2.11.0/log4j-api-2.11.0.jar:/home/user/.m2/repository/org/apache/logging/log4j/log4j-core/2.11.0/log4j-core-2.11.0.jar:/home/user/.m2/repository/com/lmax/disruptor/3.4.2/disruptor-3.4.2.jar:/home/user/.m2/repository/org/apache/commons/commons-pool2/2.6.0/commons-pool2-2.6.0.jar:/home/user/.m2/repository/org/bouncycastle/bcpkix-jdk15on/1.60/bcpkix-jdk15on-1.60.jar:/home/user/.m2/repository/commons-validator/commons-validator/1.6/commons-validator-1.6.jar:/home/user/.m2/repository/commons-digester/commons-digester/1.8.1/commons-digester-1.8.1.jar:/home/user/.m2/repository/io/jaegertracing/jaeger-client/0.33.1/jaeger-client-0.33.1.jar:/home/user/.m2/repository/io/jaegertracing/jaeger-thrift/0.33.1/jaeger-thrift-0.33.1.jar:/home/user/.m2/repository/org/apache/thrift/libthrift/0.11.0/libthrift-0.11.0.jar:/home/user/.m2/repository/com/squareup/okhttp3/okhttp/3.9.0/okhttp-3.9.0.jar:/home/user/.m2/repository/com/squareup/okio/okio/1.13.0/okio-1.13.0.jar:/home/user/.m2/repository/io/jaegertracing/jaeger-core/0.33.1/jaeger-core-0.33.1.jar:/home/user/.m2/repository/io/jaegertracing/jaeger-tracerresolver/0.33.1/jaeger-tracerresolver-0.33.1.jar:/home/user/.m2/repository/io/opentracing/contrib/opentracing-tracerresolver/0.1.5/opentracing-tracerresolver-0.1.5.jar:/home/user/.m2/repository/io/opentracing/opentracing-util/0.31.0/opentracing-util-0.31.0.jar:/home/user/.m2/repository/io/opentracing/opentracing-api/0.31.0/opentracing-api-0.31.0.jar:/home/user/.m2/repository/io/opentracing/opentracing-noop/0.31.0/opentracing-noop-0.31.0.jar:/home/user/.m2/repository/org/apache/hadoop/hadoop-hdds-server-framework/0.5.0-SNAPSHOT/hadoop-hdds-server-framework-0.5.0-SNAPSHOT.jar:/home/user/.m2/repository/org/apache/hadoop/hadoop-hdds-server-scm/0.5.0-SNAPSHOT/hadoop-hdds-server-scm-0.5.0-SNAPSHOT.jar:/home/user/.m2/repository/org/apache/hadoop/hadoop-hdds-container-service/0.5.0-SNAPSHOT/hadoop-hdds-container-service-0.5.0-SNAPSHOT.jar:/home/user/.m2/repository/org/apache/hadoop/hadoop-hdds-client/0.5.0-SNAPSHOT/hadoop-hdds-client-0.5.0-SNAPSHOT.jar:/home/user/.m2/repository/org/apache/hadoop/hadoop-hdds-tools/0.5.0-SNAPSHOT/hadoop-hdds-tools-0.5.0-SNAPSHOT.jar:/home/user/.m2/repository/org/apache/hadoop/hadoop-ozone-ozone-manager/0.5.0-SNAPSHOT/hadoop-ozone-ozone-manager-0.5.0-SNAPSHOT.jar:/home/user/.m2/repository/org/apache/hadoop/hadoop-hdds-docs/0.5.0-SNAPSHOT/hadoop-hdds-docs-0.5.0-SNAPSHOT.jar:/home/user/.m2/repository/org/bouncycastle/bcprov-jdk15on/1.60/bcprov-jdk15on-1.60.jar:/home/user/.m2/repository/org/apache/hadoop/hadoop-minikdc/3.2.0/hadoop-minikdc-3.2.0.jar:/home/user/.m2/repository/commons-io/commons-io/2.5/commons-io-2.5.jar:/home/user/.m2/repository/org/apache/kerby/kerb-simplekdc/1.0.1/kerb-simplekdc-1.0.1.jar:/home/user/.m2/repository/org/apache/kerby/kerb-client/1.0.1/kerb-client-1.0.1.jar:/home/user/.m2/repository/org/apache/kerby/kerby-config/1.0.1/kerby-config-1.0.1.jar:/home/user/.m2/repository/org/apache/kerby/kerb-core/1.0.1/kerb-core-1.0.1.jar:/home/user/.m2/repository/org/apache/kerby/kerby-pkix/1.0.1/kerby-pkix-1.0.1.jar:/home/user/.m2/repository/org/apache/kerby/kerby-asn1/1.0.1/kerby-asn1-1.0.1.jar:/home/user/.m2/repository/org/apache/kerby/kerby-util/1.0.1/kerby-util-1.0.1.jar:/home/user/.m2/repository/org/apache/kerby/kerb-common/1.0.1/kerb-common-1.0.1.jar:/home/user/.m2/repository/org/apache/kerby/kerb-crypto/1.0.1/kerb-crypto-1.0.1.jar:/home/user/.m2/repository/org/apache/kerby/kerb-util/1.0.1/kerb-util-1.0.1.jar:/home/user/.m2/repository/org/apache/kerby/token-provider/1.0.1/token-provider-1.0.1.jar:/home/user/.m2/repository/org/apache/kerby/kerb-admin/1.0.1/kerb-admin-1.0.1.jar:/home/user/.m2/repository/org/apache/kerby/kerb-server/1.0.1/kerb-server-1.0.1.jar:/home/user/.m2/repository/org/apache/kerby/kerb-identity/1.0.1/kerb-identity-1.0.1.jar:/home/user/.m2/repository/org/apache/kerby/kerby-xdr/1.0.1/kerby-xdr-1.0.1.jar:/home/user/.m2/repository/org/slf4j/slf4j-log4j12/1.7.25/slf4j-log4j12-1.7.25.jar:/home/user/.m2/repository/org/apache/hadoop/hadoop-ozone-objectstore-service/0.5.0-SNAPSHOT/hadoop-ozone-objectstore-service-0.5.0-SNAPSHOT.jar:/home/user/.m2/repository/org/apache/hadoop/hadoop-ozone-s3gateway/0.5.0-SNAPSHOT/hadoop-ozone-s3gateway-0.5.0-SNAPSHOT.jar:/home/user/.m2/repository/org/jboss/weld/servlet/weld-servlet/2.4.7.Final/weld-servlet-2.4.7.Final.jar:/home/user/.m2/repository/org/glassfish/jersey/containers/jersey-container-servlet-core/2.27/jersey-container-servlet-core-2.27.jar:/home/user/.m2/repository/org/glassfish/hk2/external/javax.inject/2.5.0-b42/javax.inject-2.5.0-b42.jar:/home/user/.m2/repository/org/glassfish/jersey/core/jersey-common/2.27/jersey-common-2.27.jar:/home/user/.m2/repository/org/glassfish/hk2/osgi-resource-locator/1.0.1/osgi-resource-locator-1.0.1.jar:/home/user/.m2/repository/javax/ws/rs/javax.ws.rs-api/2.1/javax.ws.rs-api-2.1.jar:/home/user/.m2/repository/org/glassfish/jersey/ext/cdi/jersey-cdi1x/2.27/jersey-cdi1x-2.27.jar:/home/user/.m2/repository/org/glassfish/jersey/inject/jersey-hk2/2.27/jersey-hk2-2.27.jar:/home/user/.m2/repository/org/glassfish/hk2/hk2-locator/2.5.0-b42/hk2-locator-2.5.0-b42.jar:/home/user/.m2/repository/org/javassist/javassist/3.22.0-CR2/javassist-3.22.0-CR2.jar:/home/user/.m2/repository/org/glassfish/hk2/hk2-api/2.5.0/hk2-api-2.5.0.jar:/home/user/.m2/repository/org/glassfish/hk2/external/jakarta.inject/2.5.0/jakarta.inject-2.5.0.jar:/home/user/.m2/repository/org/glassfish/hk2/hk2-utils/2.5.0/hk2-utils-2.5.0.jar:/home/user/.m2/repository/jakarta/annotation/jakarta.annotation-api/1.3.4/jakarta.annotation-api-1.3.4.jar:/home/user/.m2/repository/org/glassfish/hk2/external/aopalliance-repackaged/2.5.0/aopalliance-repackaged-2.5.0.jar:/home/user/.m2/repository/com/fasterxml/jackson/dataformat/jackson-dataformat-xml/2.9.0/jackson-dataformat-xml-2.9.0.jar:/home/user/.m2/repository/com/fasterxml/jackson/core/jackson-core/2.9.5/jackson-core-2.9.5.jar:/home/user/.m2/repository/com/fasterxml/jackson/module/jackson-module-jaxb-annotations/2.9.5/jackson-module-jaxb-annotations-2.9.5.jar:/home/user/.m2/repository/javax/enterprise/cdi-api/1.2/cdi-api-1.2.jar:/home/user/.m2/repository/javax/el/javax.el-api/3.0.0/javax.el-api-3.0.0.jar:/home/user/.m2/repository/javax/interceptor/javax.interceptor-api/1.2/javax.interceptor-api-1.2.jar:/home/user/.m2/repository/javax/inject/javax.inject/1/javax.inject-1.jar:/home/user/.m2/repository/com/sun/xml/bind/jaxb-impl/2.3.0.1/jaxb-impl-2.3.0.1.jar:/home/user/.m2/repository/com/sun/xml/bind/jaxb-core/2.3.0.1/jaxb-core-2.3.0.1.jar:/home/user/.m2/repository/javax/xml/bind/jaxb-api/2.3.0/jaxb-api-2.3.0.jar:/home/user/.m2/repository/javax/activation/activation/1.1.1/activation-1.1.1.jar:/home/user/.m2/repository/org/apache/hadoop/hadoop-ozone-csi/0.5.0-SNAPSHOT/hadoop-ozone-csi-0.5.0-SNAPSHOT.jar:/home/user/.m2/repository/com/google/protobuf/protobuf-java-util/3.5.1/protobuf-java-util-3.5.1.jar:/home/user/.m2/repository/org/apache/hadoop/hadoop-hdds-config/0.5.0-SNAPSHOT/hadoop-hdds-config-0.5.0-SNAPSHOT.jar:/home/user/.m2/repository/com/google/guava/guava/11.0.2/guava-11.0.2.jar:/home/user/.m2/repository/com/google/protobuf/protobuf-java/2.5.0/protobuf-java-2.5.0.jar:/home/user/.m2/repository/io/grpc/grpc-netty/1.17.1/grpc-netty-1.17.1.jar:/home/user/.m2/repository/io/grpc/grpc-core/1.17.1/grpc-core-1.17.1.jar:/home/user/.m2/repository/io/grpc/grpc-context/1.17.1/grpc-context-1.17.1.jar:/home/user/.m2/repository/com/google/errorprone/error_prone_annotations/2.2.0/error_prone_annotations-2.2.0.jar:/home/user/.m2/repository/org/codehaus/mojo/animal-sniffer-annotations/1.17/animal-sniffer-annotations-1.17.jar:/home/user/.m2/repository/io/opencensus/opencensus-api/0.17.0/opencensus-api-0.17.0.jar:/home/user/.m2/repository/io/opencensus/opencensus-contrib-grpc-metrics/0.17.0/opencensus-contrib-grpc-metrics-0.17.0.jar:/home/user/.m2/repository/io/netty/netty-codec-http2/4.1.30.Final/netty-codec-http2-4.1.30.Final.jar:/home/user/.m2/repository/io/netty/netty-codec-http/4.1.30.Final/netty-codec-http-4.1.30.Final.jar:/home/user/.m2/repository/io/netty/netty-codec/4.1.30.Final/netty-codec-4.1.30.Final.jar:/home/user/.m2/repository/io/netty/netty-handler/4.1.30.Final/netty-handler-4.1.30.Final.jar:/home/user/.m2/repository/io/netty/netty-handler-proxy/4.1.30.Final/netty-handler-proxy-4.1.30.Final.jar:/home/user/.m2/repository/io/netty/netty-codec-socks/4.1.30.Final/netty-codec-socks-4.1.30.Final.jar:/home/user/.m2/repository/io/netty/netty-transport-native-epoll/4.1.30.Final/netty-transport-native-epoll-4.1.30.Final.jar:/home/user/.m2/repository/io/netty/netty-common/4.1.30.Final/netty-common-4.1.30.Final.jar:/home/user/.m2/repository/io/netty/netty-buffer/4.1.30.Final/netty-buffer-4.1.30.Final.jar:/home/user/.m2/repository/io/netty/netty-transport/4.1.30.Final/netty-transport-4.1.30.Final.jar:/home/user/.m2/repository/io/netty/netty-resolver/4.1.30.Final/netty-resolver-4.1.30.Final.jar:/home/user/.m2/repository/io/netty/netty-transport-native-unix-common/4.1.30.Final/netty-transport-native-unix-common-4.1.30.Final.jar:/home/user/.m2/repository/io/grpc/grpc-protobuf/1.17.1/grpc-protobuf-1.17.1.jar:/home/user/.m2/repository/com/google/api/grpc/proto-google-common-protos/1.0.0/proto-google-common-protos-1.0.0.jar:/home/user/.m2/repository/io/grpc/grpc-protobuf-lite/1.17.1/grpc-protobuf-lite-1.17.1.jar:/home/user/.m2/repository/io/grpc/grpc-stub/1.17.1/grpc-stub-1.17.1.jar:/home/user/.m2/repository/org/apache/hadoop/hadoop-ozone-recon/0.5.0-SNAPSHOT/hadoop-ozone-recon-0.5.0-SNAPSHOT.jar:/home/user/.m2/repository/org/apache/hadoop/hadoop-ozone-reconcodegen/0.5.0-SNAPSHOT/hadoop-ozone-reconcodegen-0.5.0-SNAPSHOT.jar:/home/user/.m2/repository/com/google/inject/extensions/guice-multibindings/4.0/guice-multibindings-4.0.jar:/home/user/.m2/repository/com/google/inject/guice/4.0/guice-4.0.jar:/home/user/.m2/repository/aopalliance/aopalliance/1.0/aopalliance-1.0.jar:/home/user/.m2/repository/com/google/inject/extensions/guice-servlet/4.0/guice-servlet-4.0.jar:/home/user/.m2/repository/org/glassfish/jersey/containers/jersey-container-servlet/2.27/jersey-container-servlet-2.27.jar:/home/user/.m2/repository/org/glassfish/hk2/guice-bridge/2.5.0/guice-bridge-2.5.0.jar:/home/user/.m2/repository/org/glassfish/jersey/core/jersey-server/2.27/jersey-server-2.27.jar:/home/user/.m2/repository/org/glassfish/jersey/core/jersey-client/2.27/jersey-client-2.27.jar:/home/user/.m2/repository/org/glassfish/jersey/media/jersey-media-jaxb/2.27/jersey-media-jaxb-2.27.jar:/home/user/.m2/repository/javax/validation/validation-api/1.1.0.Final/validation-api-1.1.0.Final.jar:/home/user/.m2/repository/org/glassfish/jersey/media/jersey-media-json-jackson/2.27/jersey-media-json-jackson-2.27.jar:/home/user/.m2/repository/org/glassfish/jersey/ext/jersey-entity-filtering/2.27/jersey-entity-filtering-2.27.jar:/home/user/.m2/repository/com/google/inject/extensions/guice-assistedinject/4.0/guice-assistedinject-4.0.jar:/home/user/.m2/repository/org/jooq/jooq/3.11.10/jooq-3.11.10.jar:/home/user/.m2/repository/org/jooq/jooq-meta/3.11.10/jooq-meta-3.11.10.jar:/home/user/.m2/repository/org/jooq/jooq-codegen/3.11.10/jooq-codegen-3.11.10.jar:/home/user/.m2/repository/com/jolbox/bonecp/0.8.0.RELEASE/bonecp-0.8.0.RELEASE.jar:/home/user/.m2/repository/org/xerial/sqlite-jdbc/3.25.2/sqlite-jdbc-3.25.2.jar:/home/user/.m2/repository/org/springframework/spring-jdbc/5.1.3.RELEASE/spring-jdbc-5.1.3.RELEASE.jar:/home/user/.m2/repository/org/springframework/spring-beans/5.1.3.RELEASE/spring-beans-5.1.3.RELEASE.jar:/home/user/.m2/repository/org/springframework/spring-core/5.1.3.RELEASE/spring-core-5.1.3.RELEASE.jar:/home/user/.m2/repository/org/springframework/spring-jcl/5.1.3.RELEASE/spring-jcl-5.1.3.RELEASE.jar:/home/user/.m2/repository/org/springframework/spring-tx/5.1.3.RELEASE/spring-tx-5.1.3.RELEASE.jar:/home/user/.m2/repository/org/apache/hadoop/hadoop-ozone-client/0.5.0-SNAPSHOT/hadoop-ozone-client-0.5.0-SNAPSHOT.jar:/home/user/.m2/repository/org/apache/hadoop/hadoop-ozone-ozone-manager/0.5.0-SNAPSHOT/hadoop-ozone-ozone-manager-0.5.0-SNAPSHOT-tests.jar:/home/user/.m2/repository/junit/junit/4.11/junit-4.11.jar:/home/user/.m2/repository/org/hamcrest/hamcrest-core/1.3/hamcrest-core-1.3.jar:/home/user/.m2/repository/org/openjdk/jmh/jmh-core/1.19/jmh-core-1.19.jar:/home/user/.m2/repository/net/sf/jopt-simple/jopt-simple/4.6/jopt-simple-4.6.jar:/home/user/.m2/repository/org/apache/commons/commons-math3/3.1.1/commons-math3-3.1.1.jar:/home/user/.m2/repository/org/openjdk/jmh/jmh-generator-annprocess/1.19/jmh-generator-annprocess-1.19.jar:/home/user/.m2/repository/org/mockito/mockito-all/1.8.5/mockito-all-1.8.5.jar:/home/user/.m2/repository/org/apache/hadoop/hadoop-kms/3.2.0/hadoop-kms-3.2.0.jar:/home/user/.m2/repository/org/apache/hadoop/hadoop-auth/3.2.0/hadoop-auth-3.2.0.jar:/home/user/.m2/repository/com/nimbusds/nimbus-jose-jwt/4.41.1/nimbus-jose-jwt-4.41.1.jar:/home/user/.m2/repository/com/github/stephenc/jcip/jcip-annotations/1.0-1/jcip-annotations-1.0-1.jar:/home/user/.m2/repository/net/minidev/json-smart/2.3/json-smart-2.3.jar:/home/user/.m2/repository/net/minidev/accessors-smart/1.2/accessors-smart-1.2.jar:/home/user/.m2/repository/org/ow2/asm/asm/5.0.4/asm-5.0.4.jar:/home/user/.m2/repository/org/apache/curator/curator-framework/2.12.0/curator-framework-2.12.0.jar:/home/user/.m2/repository/com/sun/jersey/jersey-core/1.19/jersey-core-1.19.jar:/home/user/.m2/repository/javax/ws/rs/jsr311-api/1.1.1/jsr311-api-1.1.1.jar:/home/user/.m2/repository/com/sun/jersey/jersey-server/1.19/jersey-server-1.19.jar:/home/user/.m2/repository/javax/servlet/javax.servlet-api/3.1.0/javax.servlet-api-3.1.0.jar:/home/user/.m2/repository/org/eclipse/jetty/jetty-server/9.3.24.v20180605/jetty-server-9.3.24.v20180605.jar:/home/user/.m2/repository/org/eclipse/jetty/jetty-http/9.3.24.v20180605/jetty-http-9.3.24.v20180605.jar:/home/user/.m2/repository/org/eclipse/jetty/jetty-io/9.3.24.v20180605/jetty-io-9.3.24.v20180605.jar:/home/user/.m2/repository/org/eclipse/jetty/jetty-webapp/9.3.24.v20180605/jetty-webapp-9.3.24.v20180605.jar:/home/user/.m2/repository/org/eclipse/jetty/jetty-xml/9.3.24.v20180605/jetty-xml-9.3.24.v20180605.jar:/home/user/.m2/repository/log4j/log4j/1.2.17/log4j-1.2.17.jar:/home/user/.m2/repository/org/slf4j/slf4j-api/1.7.25/slf4j-api-1.7.25.jar:/home/user/.m2/repository/org/slf4j/jul-to-slf4j/1.7.25/jul-to-slf4j-1.7.25.jar:/home/user/.m2/repository/org/eclipse/jetty/jetty-util/9.3.24.v20180605/jetty-util-9.3.24.v20180605.jar:/home/user/.m2/repository/io/dropwizard/metrics/metrics-core/3.2.4/metrics-core-3.2.4.jar:/home/user/.m2/repository/com/fasterxml/jackson/core/jackson-databind/2.9.5/jackson-databind-2.9.5.jar:/home/user/.m2/repository/org/apache/hadoop/hadoop-kms/3.2.0/hadoop-kms-3.2.0-tests.jar:/home/user/.m2/repository/org/apache/hadoop/hadoop-hdds-server-scm/0.5.0-SNAPSHOT/hadoop-hdds-server-scm-0.5.0-SNAPSHOT-tests.jar:/home/user/.m2/repository/org/hamcrest/hamcrest-all/1.3/hamcrest-all-1.3.jar:/home/user/.m2/repository/info/picocli/picocli/3.9.6/picocli-3.9.6.jar:/home/user/.m2/repository/org/apache/hadoop/hadoop-hdds-container-service/0.5.0-SNAPSHOT/hadoop-hdds-container-service-0.5.0-SNAPSHOT-tests.jar:/home/user/.m2/repository/org/yaml/snakeyaml/1.16/snakeyaml-1.16.jar:/home/user/.m2/repository/org/apache/hadoop/hadoop-common/3.2.0/hadoop-common-3.2.0-tests.jar:/home/user/.m2/repository/org/apache/hadoop/hadoop-annotations/3.2.0/hadoop-annotations-3.2.0.jar:/usr/lib/jvm/java-1.8-openjdk/jre/../lib/tools.jar:/home/user/.m2/repository/commons-cli/commons-cli/1.2/commons-cli-1.2.jar:/home/user/.m2/repository/org/apache/httpcomponents/httpclient/4.5.2/httpclient-4.5.2.jar:/home/user/.m2/repository/org/apache/httpcomponents/httpcore/4.4.4/httpcore-4.4.4.jar:/home/user/.m2/repository/commons-codec/commons-codec/1.11/commons-codec-1.11.jar:/home/user/.m2/repository/commons-net/commons-net/3.6/commons-net-3.6.jar:/home/user/.m2/repository/commons-collections/commons-collections/3.2.2/commons-collections-3.2.2.jar:/home/user/.m2/repository/org/eclipse/jetty/jetty-servlet/9.3.24.v20180605/jetty-servlet-9.3.24.v20180605.jar:/home/user/.m2/repository/org/eclipse/jetty/jetty-security/9.3.24.v20180605/jetty-security-9.3.24.v20180605.jar:/home/user/.m2/repository/javax/servlet/jsp/jsp-api/2.1/jsp-api-2.1.jar:/home/user/.m2/repository/com/sun/jersey/jersey-servlet/1.19/jersey-servlet-1.19.jar:/home/user/.m2/repository/com/sun/jersey/jersey-json/1.19/jersey-json-1.19.jar:/home/user/.m2/repository/org/codehaus/jettison/jettison/1.1/jettison-1.1.jar:/home/user/.m2/repository/org/codehaus/jackson/jackson-core-asl/1.9.13/jackson-core-asl-1.9.13.jar:/home/user/.m2/repository/org/codehaus/jackson/jackson-mapper-asl/1.9.13/jackson-mapper-asl-1.9.13.jar:/home/user/.m2/repository/org/codehaus/jackson/jackson-jaxrs/1.9.13/jackson-jaxrs-1.9.13.jar:/home/user/.m2/repository/org/codehaus/jackson/jackson-xc/1.9.13/jackson-xc-1.9.13.jar:/home/user/.m2/repository/commons-logging/commons-logging/1.1.3/commons-logging-1.1.3.jar:/home/user/.m2/repository/commons-beanutils/commons-beanutils/1.9.3/commons-beanutils-1.9.3.jar:/home/user/.m2/repository/org/apache/commons/commons-configuration2/2.1.1/commons-configuration2-2.1.1.jar:/home/user/.m2/repository/org/apache/commons/commons-lang3/3.7/commons-lang3-3.7.jar:/home/user/.m2/repository/org/apache/commons/commons-text/1.4/commons-text-1.4.jar:/home/user/.m2/repository/org/apache/avro/avro/1.7.7/avro-1.7.7.jar:/home/user/.m2/repository/com/thoughtworks/paranamer/paranamer/2.3/paranamer-2.3.jar:/home/user/.m2/repository/org/xerial/snappy/snappy-java/1.0.5/snappy-java-1.0.5.jar:/home/user/.m2/repository/com/google/re2j/re2j/1.1/re2j-1.1.jar:/home/user/.m2/repository/com/google/code/gson/gson/2.2.4/gson-2.2.4.jar:/home/user/.m2/repository/com/jcraft/jsch/0.1.54/jsch-0.1.54.jar:/home/user/.m2/repository/org/apache/curator/curator-client/2.12.0/curator-client-2.12.0.jar:/home/user/.m2/repository/org/apache/curator/curator-recipes/2.12.0/curator-recipes-2.12.0.jar:/home/user/.m2/repository/com/google/code/findbugs/jsr305/3.0.0/jsr305-3.0.0.jar:/home/user/.m2/repository/org/apache/htrace/htrace-core4/4.1.0-incubating/htrace-core4-4.1.0-incubating.jar:/home/user/.m2/repository/org/apache/zookeeper/zookeeper/3.4.13/zookeeper-3.4.13.jar:/home/user/.m2/repository/org/apache/yetus/audience-annotations/0.5.0/audience-annotations-0.5.0.jar:/home/user/.m2/repository/org/codehaus/woodstox/stax2-api/3.1.4/stax2-api-3.1.4.jar:/home/user/.m2/repository/com/fasterxml/woodstox/woodstox-core/5.0.3/woodstox-core-5.0.3.jar:/home/user/.m2/repository/dnsjava/dnsjava/2.1.7/dnsjava-2.1.7.jar:/home/user/.m2/repository/org/apache/hadoop/hadoop-hdfs/3.2.0/hadoop-hdfs-3.2.0-tests.jar:/home/user/.m2/repository/org/eclipse/jetty/jetty-util-ajax/9.3.24.v20180605/jetty-util-ajax-9.3.24.v20180605.jar:/home/user/.m2/repository/commons-daemon/commons-daemon/1.0.13/commons-daemon-1.0.13.jar:/home/user/.m2/repository/io/netty/netty/3.10.5.Final/netty-3.10.5.Final.jar:/home/user/.m2/repository/io/netty/netty-all/4.0.52.Final/netty-all-4.0.52.Final.jar:/home/user/.m2/repository/org/fusesource/leveldbjni/leveldbjni-all/1.8/leveldbjni-all-1.8.jar:"/>
    <property name="sun.cpu.endian" value="little"/>
    <property name="user.home" value="/home/user"/>
    <property name="user.language" value="en"/>
    <property name="java.specification.vendor" value="Oracle Corporation"/>
    <property name="java.home" value="/usr/lib/jvm/java-1.8-openjdk/jre"/>
    <property name="java.security.krb5.conf" value="/opt/src/hadoop-ozone/integration-test/target/test-classes/krb5.conf"/>
    <property name="basedir" value="/opt/src/hadoop-ozone/integration-test"/>
    <property name="file.separator" value="/"/>
    <property name="line.separator" value="&#10;"/>
    <property name="java.vm.specification.vendor" value="Oracle Corporation"/>
    <property name="java.specification.name" value="Java Platform API Specification"/>
    <property name="java.awt.graphicsenv" value="sun.awt.X11GraphicsEnvironment"/>
    <property name="surefire.real.class.path" value="/opt/src/hadoop-ozone/integration-test/target/surefire/surefirebooter7464897844250837406.jar"/>
    <property name="hadoop.log.dir" value="/opt/src/hadoop-ozone/integration-test/target/log"/>
    <property name="sun.boot.class.path" value="/usr/lib/jvm/java-1.8-openjdk/jre/lib/resources.jar:/usr/lib/jvm/java-1.8-openjdk/jre/lib/rt.jar:/usr/lib/jvm/java-1.8-openjdk/jre/lib/sunrsasign.jar:/usr/lib/jvm/java-1.8-openjdk/jre/lib/jsse.jar:/usr/lib/jvm/java-1.8-openjdk/jre/lib/jce.jar:/usr/lib/jvm/java-1.8-openjdk/jre/lib/charsets.jar:/usr/lib/jvm/java-1.8-openjdk/jre/lib/jfr.jar:/usr/lib/jvm/java-1.8-openjdk/jre/classes"/>
    <property name="sun.management.compiler" value="HotSpot 64-Bit Tiered Compilers"/>
    <property name="java.runtime.version" value="1.8.0_212-b04"/>
    <property name="java.net.preferIPv4Stack" value="true"/>
    <property name="user.name" value="jenkins1000"/>
    <property name="path.separator" value=":"/>
    <property name="java.security.egd" value="file:///dev/urandom"/>
    <property name="os.version" value="4.15.0-1021-aws"/>
    <property name="java.endorsed.dirs" value="/usr/lib/jvm/java-1.8-openjdk/jre/lib/endorsed"/>
    <property name="java.runtime.name" value="OpenJDK Runtime Environment"/>
    <property name="file.encoding" value="UTF-8"/>
    <property name="java.vm.name" value="OpenJDK 64-Bit Server VM"/>
    <property name="test.build.webapps" value=""/>
    <property name="localRepository" value="/home/user/.m2/repository"/>
    <property name="java.vendor.url.bug" value="https://icedtea.classpath.org/bugzilla"/>
    <property name="java.io.tmpdir" value="/tmp"/>
    <property name="require.test.libhadoop" value=""/>
    <property name="java.version" value="1.8.0_212"/>
    <property name="user.dir" value="/opt/src/hadoop-ozone/integration-test"/>
    <property name="os.arch" value="amd64"/>
    <property name="java.vm.specification.name" value="Java Virtual Machine Specification"/>
    <property name="test.build.classes" value="/opt/src/hadoop-ozone/integration-test/target/test-classes"/>
    <property name="java.awt.printerjob" value="sun.print.PSPrinterJob"/>
    <property name="sun.os.patch.level" value="unknown"/>
    <property name="hadoop.tmp.dir" value="/opt/src/hadoop-ozone/integration-test/target/tmp"/>
    <property name="java.library.path" value="/usr/lib/jvm/java-1.8-openjdk/jre/lib/amd64/server:/usr/lib/jvm/java-1.8-openjdk/jre/lib/amd64:/usr/lib/jvm/java-1.8-openjdk/jre/../lib/amd64:/opt/src/hadoop-ozone/integration-test/target/native/target/usr/local/lib:/opt/src/hadoop-ozone/integration-test/../../hadoop-common-project/hadoop-common/target/native/target/usr/local/lib:/usr/java/packages/lib/amd64:/usr/lib64:/lib64:/lib:/usr/lib"/>
    <property name="java.vm.info" value="mixed mode"/>
    <property name="java.vendor" value="IcedTea"/>
    <property name="java.vm.version" value="25.212-b04"/>
    <property name="java.ext.dirs" value="/usr/lib/jvm/java-1.8-openjdk/jre/lib/ext:/usr/java/packages/lib/ext"/>
    <property name="sun.io.unicode.encoding" value="UnicodeLittle"/>
    <property name="java.class.version" value="52.0"/>
  </properties>
  <testcase name="testGroupMismatchExceptionHandling" classname="org.apache.hadoop.ozone.client.rpc.TestOzoneClientRetriesOnException" time="16.828"/>
  <testcase name="testMaxRetriesByOzoneClient" classname="org.apache.hadoop.ozone.client.rpc.TestOzoneClientRetriesOnException" time="7.25">
    <error message="Failed to command cmdType: CreateContainer&#10;containerID: 1&#10;datanodeUuid: &quot;f8bb8dd7-d519-4feb-b424-f28ab6c7dc02&quot;&#10;createContainer {&#10;}&#10;" type="java.io.IOException">java.io.IOException: 
Failed to command cmdType: CreateContainer
containerID: 1
datanodeUuid: "f8bb8dd7-d519-4feb-b424-f28ab6c7dc02"
createContainer {
}

	at org.apache.hadoop.hdds.scm.XceiverClientSpi.sendCommand(XceiverClientSpi.java:113)
	at org.apache.hadoop.ozone.client.rpc.TestOzoneClientRetriesOnException.testMaxRetriesByOzoneClient(TestOzoneClientRetriesOnException.java:190)
	at sun.reflect.NativeMethodAccessorImpl.invoke0(Native Method)
	at sun.reflect.NativeMethodAccessorImpl.invoke(NativeMethodAccessorImpl.java:62)
	at sun.reflect.DelegatingMethodAccessorImpl.invoke(DelegatingMethodAccessorImpl.java:43)
	at java.lang.reflect.Method.invoke(Method.java:498)
	at org.junit.runners.model.FrameworkMethod$1.runReflectiveCall(FrameworkMethod.java:47)
	at org.junit.internal.runners.model.ReflectiveCallable.run(ReflectiveCallable.java:12)
	at org.junit.runners.model.FrameworkMethod.invokeExplosively(FrameworkMethod.java:44)
	at org.junit.internal.runners.statements.InvokeMethod.evaluate(InvokeMethod.java:17)
	at org.junit.internal.runners.statements.RunBefores.evaluate(RunBefores.java:26)
	at org.junit.internal.runners.statements.RunAfters.evaluate(RunAfters.java:27)
	at org.junit.runners.ParentRunner.runLeaf(ParentRunner.java:271)
	at org.junit.runners.BlockJUnit4ClassRunner.runChild(BlockJUnit4ClassRunner.java:70)
	at org.junit.runners.BlockJUnit4ClassRunner.runChild(BlockJUnit4ClassRunner.java:50)
	at org.junit.runners.ParentRunner$3.run(ParentRunner.java:238)
	at org.junit.runners.ParentRunner$1.schedule(ParentRunner.java:63)
	at org.junit.runners.ParentRunner.runChildren(ParentRunner.java:236)
	at org.junit.runners.ParentRunner.access$000(ParentRunner.java:53)
	at org.junit.runners.ParentRunner$2.evaluate(ParentRunner.java:229)
	at org.junit.runners.ParentRunner.run(ParentRunner.java:309)
	at org.apache.maven.surefire.junit4.JUnit4Provider.execute(JUnit4Provider.java:365)
	at org.apache.maven.surefire.junit4.JUnit4Provider.executeWithRerun(JUnit4Provider.java:273)
	at org.apache.maven.surefire.junit4.JUnit4Provider.executeTestSet(JUnit4Provider.java:238)
	at org.apache.maven.surefire.junit4.JUnit4Provider.invoke(JUnit4Provider.java:159)
	at org.apache.maven.surefire.booter.ForkedBooter.invokeProviderInSameClassLoader(ForkedBooter.java:384)
	at org.apache.maven.surefire.booter.ForkedBooter.runSuitesInProcess(ForkedBooter.java:345)
	at org.apache.maven.surefire.booter.ForkedBooter.execute(ForkedBooter.java:126)
	at org.apache.maven.surefire.booter.ForkedBooter.main(ForkedBooter.java:418)
Caused by: java.util.concurrent.ExecutionException: org.apache.ratis.protocol.StateMachineException: java.util.concurrent.CompletionException: java.lang.IllegalArgumentException
	at java.util.concurrent.CompletableFuture.reportGet(CompletableFuture.java:357)
	at java.util.concurrent.CompletableFuture.get(CompletableFuture.java:1895)
	at org.apache.hadoop.hdds.scm.XceiverClientSpi.sendCommand(XceiverClientSpi.java:110)
	... 28 more
Caused by: org.apache.ratis.protocol.StateMachineException: java.util.concurrent.CompletionException: java.lang.IllegalArgumentException
	at java.util.concurrent.CompletableFuture.encodeThrowable(CompletableFuture.java:273)
	at java.util.concurrent.CompletableFuture.completeThrowable(CompletableFuture.java:280)
	at java.util.concurrent.CompletableFuture$AsyncSupply.run(CompletableFuture.java:1592)
	at java.util.concurrent.ThreadPoolExecutor.runWorker(ThreadPoolExecutor.java:1149)
	at java.util.concurrent.ThreadPoolExecutor$Worker.run(ThreadPoolExecutor.java:624)
	at java.lang.Thread.run(Thread.java:748)
</error>
    <system-out><![CDATA[2019-06-15 14:14:02,851 WARN  server.ServerUtils (ServerUtils.java:getScmDbDir(145)) - ozone.scm.db.dirs is not configured. We recommend adding this setting. Falling back to ozone.metadata.dirs instead.
2019-06-15 14:14:02,855 WARN  server.ServerUtils (ServerUtils.java:getScmDbDir(145)) - ozone.scm.db.dirs is not configured. We recommend adding this setting. Falling back to ozone.metadata.dirs instead.
2019-06-15 14:14:02,856 WARN  server.ServerUtils (ServerUtils.java:getScmDbDir(145)) - ozone.scm.db.dirs is not configured. We recommend adding this setting. Falling back to ozone.metadata.dirs instead.
2019-06-15 14:14:02,856 INFO  db.DBStoreBuilder (DBStoreBuilder.java:addTable(110)) - using custom profile for table: deletedBlocks
2019-06-15 14:14:02,856 INFO  db.DBStoreBuilder (DBStoreBuilder.java:processTables(161)) - Using default column profile:DBProfile.DISK for Table:deletedBlocks
2019-06-15 14:14:02,857 INFO  db.DBStoreBuilder (DBStoreBuilder.java:addTable(110)) - using custom profile for table: validCerts
2019-06-15 14:14:02,857 INFO  db.DBStoreBuilder (DBStoreBuilder.java:processTables(161)) - Using default column profile:DBProfile.DISK for Table:validCerts
2019-06-15 14:14:02,857 INFO  db.DBStoreBuilder (DBStoreBuilder.java:addTable(110)) - using custom profile for table: revokedCerts
2019-06-15 14:14:02,857 INFO  db.DBStoreBuilder (DBStoreBuilder.java:processTables(161)) - Using default column profile:DBProfile.DISK for Table:revokedCerts
2019-06-15 14:14:02,858 INFO  db.DBStoreBuilder (DBStoreBuilder.java:addTable(110)) - using custom profile for table: default
2019-06-15 14:14:02,858 INFO  db.DBStoreBuilder (DBStoreBuilder.java:processTables(167)) - Using default column profile:DBProfile.DISK for Table:default
2019-06-15 14:14:02,858 INFO  db.DBStoreBuilder (DBStoreBuilder.java:getDbProfile(198)) - Using default options. DBProfile.DISK
2019-06-15 14:14:02,900 INFO  net.NodeSchemaLoader (NodeSchemaLoader.java:loadSchemaFromFile(125)) - Loading file from sun.misc.CompoundEnumeration@3b8507df
2019-06-15 14:14:02,900 INFO  net.NodeSchemaLoader (NodeSchemaLoader.java:loadSchema(171)) - Loading network topology layer schema file
2019-06-15 14:14:02,902 WARN  server.ServerUtils (ServerUtils.java:sanitizeUserArgs(70)) - ozone.scm.stale.node.interval value = 300000 is larger than max = 100000 based on the key value of ozone.scm.heartbeat.thread.interval, reset to the max value 100000.
2019-06-15 14:14:02,903 WARN  server.ServerUtils (ServerUtils.java:sanitizeUserArgs(70)) - ozone.scm.stale.node.interval value = 300000 is larger than max = 100000 based on the key value of ozone.scm.heartbeat.thread.interval, reset to the max value 100000.
2019-06-15 14:14:02,903 INFO  node.SCMNodeManager (SCMNodeManager.java:<init>(119)) - Entering startup safe mode.
2019-06-15 14:14:02,904 WARN  server.ServerUtils (ServerUtils.java:getScmDbDir(145)) - ozone.scm.db.dirs is not configured. We recommend adding this setting. Falling back to ozone.metadata.dirs instead.
2019-06-15 14:14:02,917 INFO  pipeline.SCMPipelineManager (SCMPipelineManager.java:initializePipelineState(126)) - No pipeline exists in current db
2019-06-15 14:14:02,917 WARN  server.ServerUtils (ServerUtils.java:getScmDbDir(145)) - ozone.scm.db.dirs is not configured. We recommend adding this setting. Falling back to ozone.metadata.dirs instead.
2019-06-15 14:14:02,942 WARN  events.EventQueue (EventQueue.java:fireEvent(175)) - No event handler registered for event TypedEvent{payloadType=SafeModeStatus, name='SafeModeStatus'}
2019-06-15 14:14:02,944 INFO  ipc.CallQueueManager (CallQueueManager.java:<init>(84)) - Using callQueue: class java.util.concurrent.LinkedBlockingQueue, queueCapacity: 2000, scheduler: class org.apache.hadoop.ipc.DefaultRpcScheduler, ipcBackoff: false.
2019-06-15 14:14:02,944 INFO  ipc.Server (Server.java:run(1074)) - Starting Socket Reader #1 for port 35457
2019-06-15 14:14:02,949 INFO  ipc.CallQueueManager (CallQueueManager.java:<init>(84)) - Using callQueue: class java.util.concurrent.LinkedBlockingQueue, queueCapacity: 2000, scheduler: class org.apache.hadoop.ipc.DefaultRpcScheduler, ipcBackoff: false.
2019-06-15 14:14:02,950 INFO  ipc.Server (Server.java:run(1074)) - Starting Socket Reader #1 for port 34193
2019-06-15 14:14:02,952 INFO  ipc.CallQueueManager (CallQueueManager.java:<init>(84)) - Using callQueue: class java.util.concurrent.LinkedBlockingQueue, queueCapacity: 2000, scheduler: class org.apache.hadoop.ipc.DefaultRpcScheduler, ipcBackoff: false.
2019-06-15 14:14:02,952 INFO  ipc.Server (Server.java:run(1074)) - Starting Socket Reader #1 for port 34341
2019-06-15 14:14:02,955 INFO  hdfs.DFSUtil (DFSUtil.java:httpServerTemplateForNNAndJN(1641)) - Starting Web-server for scm at: http://0.0.0.0:0
2019-06-15 14:14:02,956 INFO  server.AuthenticationFilter (AuthenticationFilter.java:constructSecretProvider(240)) - Unable to initialize FileSignerSecretProvider, falling back to use random secrets.
2019-06-15 14:14:02,956 WARN  http.HttpRequestLog (HttpRequestLog.java:getRequestLog(97)) - Jetty request log can only be enabled using Log4j
2019-06-15 14:14:02,958 INFO  http.HttpServer2 (HttpServer2.java:addGlobalFilter(975)) - Added global filter 'safety' (class=org.apache.hadoop.http.HttpServer2$QuotingInputFilter)
2019-06-15 14:14:02,958 INFO  http.HttpServer2 (HttpServer2.java:addFilter(948)) - Added filter static_user_filter (class=org.apache.hadoop.http.lib.StaticUserWebFilter$StaticUserFilter) to context scm
2019-06-15 14:14:02,959 INFO  http.HttpServer2 (HttpServer2.java:addFilter(958)) - Added filter static_user_filter (class=org.apache.hadoop.http.lib.StaticUserWebFilter$StaticUserFilter) to context logs
2019-06-15 14:14:02,959 INFO  http.HttpServer2 (HttpServer2.java:addFilter(958)) - Added filter static_user_filter (class=org.apache.hadoop.http.lib.StaticUserWebFilter$StaticUserFilter) to context static
2019-06-15 14:14:02,962 INFO  server.StorageContainerManager (StorageContainerManager.java:start(753)) - StorageContainerLocationProtocol RPC server is listening at /0.0.0.0:34341
2019-06-15 14:14:02,962 INFO  impl.MetricsSystemImpl (MetricsSystemImpl.java:init(158)) - StorageContainerManager metrics system started (again)
2019-06-15 14:14:02,963 INFO  server.SCMClientProtocolServer (SCMClientProtocolServer.java:start(149)) - RPC server for Client  is listening at /0.0.0.0:34341
2019-06-15 14:14:02,963 INFO  ipc.Server (Server.java:run(1314)) - IPC Server Responder: starting
2019-06-15 14:14:02,963 INFO  ipc.Server (Server.java:run(1153)) - IPC Server listener on 34341: starting
2019-06-15 14:14:02,965 INFO  server.StorageContainerManager (StorageContainerManager.java:start(762)) - ScmBlockLocationProtocol RPC server is listening at /0.0.0.0:34193
2019-06-15 14:14:02,965 INFO  server.SCMBlockProtocolServer (SCMBlockProtocolServer.java:start(137)) - RPC server for Block Protocol is listening at /0.0.0.0:34193
2019-06-15 14:14:02,966 INFO  ipc.Server (Server.java:run(1314)) - IPC Server Responder: starting
2019-06-15 14:14:02,966 INFO  ipc.Server (Server.java:run(1153)) - IPC Server listener on 34193: starting
2019-06-15 14:14:02,970 INFO  server.StorageContainerManager (StorageContainerManager.java:start(766)) - ScmDatanodeProtocl RPC server is listening at /0.0.0.0:35457
2019-06-15 14:14:02,970 INFO  server.SCMDatanodeProtocolServer (SCMDatanodeProtocolServer.java:start(191)) - RPC server for DataNodes is listening at /0.0.0.0:35457
2019-06-15 14:14:02,970 INFO  ipc.Server (Server.java:run(1314)) - IPC Server Responder: starting
2019-06-15 14:14:02,970 INFO  ipc.Server (Server.java:run(1153)) - IPC Server listener on 35457: starting
2019-06-15 14:14:02,975 INFO  http.HttpServer2 (HttpServer2.java:bindListener(1191)) - Jetty bound to port 34603
2019-06-15 14:14:02,975 INFO  server.Server (Server.java:doStart(351)) - jetty-9.3.24.v20180605, build timestamp: 2018-06-05T17:11:56Z, git hash: 84205aa28f11a4f31f2a3b86d1bba2cc8ab69827
2019-06-15 14:14:02,977 INFO  handler.ContextHandler (ContextHandler.java:doStart(781)) - Started o.e.j.s.ServletContextHandler@507049f2{/logs,file:///opt/src/hadoop-ozone/integration-test/target/log,AVAILABLE}
2019-06-15 14:14:02,977 INFO  handler.ContextHandler (ContextHandler.java:doStart(781)) - Started o.e.j.s.ServletContextHandler@41bb1f09{/static,file:///opt/src/hadoop-ozone/integration-test/target/test-classes/webapps/static,AVAILABLE}
2019-06-15 14:14:02,981 INFO  handler.ContextHandler (ContextHandler.java:doStart(781)) - Started o.e.j.w.WebAppContext@49cb5030{/,file:///opt/src/hadoop-ozone/integration-test/target/test-classes/webapps/scm/,AVAILABLE}{/scm}
2019-06-15 14:14:02,982 INFO  server.AbstractConnector (AbstractConnector.java:doStart(278)) - Started ServerConnector@23c7cb18{HTTP/1.1,[http/1.1]}{0.0.0.0:34603}
2019-06-15 14:14:02,982 INFO  server.Server (Server.java:doStart(419)) - Started @17434ms
2019-06-15 14:14:02,982 INFO  server.BaseHttpServer (BaseHttpServer.java:updateConnectorAddress(207)) - HTTP server of SCM is listening at http://0.0.0.0:34603
2019-06-15 14:14:02,985 WARN  scm.ScmUtils (ScmUtils.java:getDBPath(63)) - ozone.om.db.dirs is not configured. We recommend adding this setting. Falling back to ozone.metadata.dirs instead.
2019-06-15 14:14:02,985 INFO  util.JvmPauseMonitor (JvmPauseMonitor.java:run(188)) - Starting JVM pause monitor
2019-06-15 14:14:02,988 WARN  scm.ScmUtils (ScmUtils.java:getDBPath(63)) - ozone.om.db.dirs is not configured. We recommend adding this setting. Falling back to ozone.metadata.dirs instead.
2019-06-15 14:14:02,988 INFO  om.OzoneManager (OzoneManager.java:setOMNodeDetails(532)) - OM Service ID is not set. Setting it to the default ID: omServiceIdDefault
2019-06-15 14:14:02,988 INFO  om.OzoneManager (OzoneManager.java:setOMNodeDetails(538)) - OM Node ID is not set. Setting it to the OmStorage's OmID: 00d87751-aee0-4f64-99d0-3fe60ea37558
2019-06-15 14:14:02,989 WARN  scm.HddsServerUtil (HddsServerUtil.java:getDefaultRatisDirectory(354)) - Storage directory for Ratis is not configured. It is a good idea to map this to an SSD disk. Falling back to ozone.metadata.dirs
2019-06-15 14:14:02,989 WARN  scm.HddsServerUtil (HddsServerUtil.java:getDefaultRatisDirectory(354)) - Storage directory for Ratis is not configured. It is a good idea to map this to an SSD disk. Falling back to ozone.metadata.dirs
2019-06-15 14:14:02,989 INFO  om.OzoneManager (OzoneManager.java:loadOMHAConfigs(489)) - Found matching OM address with OMServiceId: null, OMNodeId: null, RPC Address: localhost:0 and Ratis port: 9872
2019-06-15 14:14:02,994 WARN  scm.ScmUtils (ScmUtils.java:getDBPath(63)) - ozone.om.db.dirs is not configured. We recommend adding this setting. Falling back to ozone.metadata.dirs instead.
2019-06-15 14:14:02,994 INFO  db.DBStoreBuilder (DBStoreBuilder.java:addTable(110)) - using custom profile for table: userTable
2019-06-15 14:14:02,995 INFO  db.DBStoreBuilder (DBStoreBuilder.java:processTables(161)) - Using default column profile:DBProfile.DISK for Table:userTable
2019-06-15 14:14:02,995 INFO  db.DBStoreBuilder (DBStoreBuilder.java:addTable(110)) - using custom profile for table: volumeTable
2019-06-15 14:14:02,995 INFO  db.DBStoreBuilder (DBStoreBuilder.java:processTables(161)) - Using default column profile:DBProfile.DISK for Table:volumeTable
2019-06-15 14:14:02,995 INFO  db.DBStoreBuilder (DBStoreBuilder.java:addTable(110)) - using custom profile for table: bucketTable
2019-06-15 14:14:02,995 INFO  db.DBStoreBuilder (DBStoreBuilder.java:processTables(161)) - Using default column profile:DBProfile.DISK for Table:bucketTable
2019-06-15 14:14:02,995 INFO  db.DBStoreBuilder (DBStoreBuilder.java:addTable(110)) - using custom profile for table: keyTable
2019-06-15 14:14:02,995 INFO  db.DBStoreBuilder (DBStoreBuilder.java:processTables(161)) - Using default column profile:DBProfile.DISK for Table:keyTable
2019-06-15 14:14:02,995 INFO  db.DBStoreBuilder (DBStoreBuilder.java:addTable(110)) - using custom profile for table: deletedTable
2019-06-15 14:14:02,996 INFO  db.DBStoreBuilder (DBStoreBuilder.java:processTables(161)) - Using default column profile:DBProfile.DISK for Table:deletedTable
2019-06-15 14:14:02,996 INFO  db.DBStoreBuilder (DBStoreBuilder.java:addTable(110)) - using custom profile for table: openKeyTable
2019-06-15 14:14:02,996 INFO  db.DBStoreBuilder (DBStoreBuilder.java:processTables(161)) - Using default column profile:DBProfile.DISK for Table:openKeyTable
2019-06-15 14:14:02,996 INFO  db.DBStoreBuilder (DBStoreBuilder.java:addTable(110)) - using custom profile for table: s3Table
2019-06-15 14:14:02,996 INFO  db.DBStoreBuilder (DBStoreBuilder.java:processTables(161)) - Using default column profile:DBProfile.DISK for Table:s3Table
2019-06-15 14:14:02,997 INFO  db.DBStoreBuilder (DBStoreBuilder.java:addTable(110)) - using custom profile for table: multipartInfoTable
2019-06-15 14:14:02,997 INFO  db.DBStoreBuilder (DBStoreBuilder.java:processTables(161)) - Using default column profile:DBProfile.DISK for Table:multipartInfoTable
2019-06-15 14:14:02,997 INFO  db.DBStoreBuilder (DBStoreBuilder.java:addTable(110)) - using custom profile for table: dTokenTable
2019-06-15 14:14:02,997 INFO  db.DBStoreBuilder (DBStoreBuilder.java:processTables(161)) - Using default column profile:DBProfile.DISK for Table:dTokenTable
2019-06-15 14:14:02,997 INFO  db.DBStoreBuilder (DBStoreBuilder.java:addTable(110)) - using custom profile for table: s3SecretTable
2019-06-15 14:14:02,997 INFO  db.DBStoreBuilder (DBStoreBuilder.java:processTables(161)) - Using default column profile:DBProfile.DISK for Table:s3SecretTable
2019-06-15 14:14:02,997 INFO  db.DBStoreBuilder (DBStoreBuilder.java:addTable(110)) - using custom profile for table: prefixTable
2019-06-15 14:14:02,997 INFO  db.DBStoreBuilder (DBStoreBuilder.java:processTables(161)) - Using default column profile:DBProfile.DISK for Table:prefixTable
2019-06-15 14:14:02,998 INFO  db.DBStoreBuilder (DBStoreBuilder.java:addTable(110)) - using custom profile for table: default
2019-06-15 14:14:02,998 INFO  db.DBStoreBuilder (DBStoreBuilder.java:processTables(167)) - Using default column profile:DBProfile.DISK for Table:default
2019-06-15 14:14:02,998 INFO  db.DBStoreBuilder (DBStoreBuilder.java:getDbProfile(198)) - Using default options. DBProfile.DISK
2019-06-15 14:14:03,128 INFO  ipc.CallQueueManager (CallQueueManager.java:<init>(84)) - Using callQueue: class java.util.concurrent.LinkedBlockingQueue, queueCapacity: 2000, scheduler: class org.apache.hadoop.ipc.DefaultRpcScheduler, ipcBackoff: false.
2019-06-15 14:14:03,129 INFO  ipc.Server (Server.java:run(1074)) - Starting Socket Reader #1 for port 38553
2019-06-15 14:14:03,142 WARN  scm.ScmUtils (ScmUtils.java:getDBPath(63)) - ozone.om.db.dirs is not configured. We recommend adding this setting. Falling back to ozone.metadata.dirs instead.
2019-06-15 14:14:03,142 INFO  om.OzoneManager (OzoneManager.java:start(1230)) - OzoneManager RPC server is listening at localhost/127.0.0.1:38553
2019-06-15 14:14:03,142 INFO  impl.MetricsSystemImpl (MetricsSystemImpl.java:init(158)) - OzoneManager metrics system started (again)
2019-06-15 14:14:03,142 INFO  ipc.Server (Server.java:run(1314)) - IPC Server Responder: starting
2019-06-15 14:14:03,143 INFO  ipc.Server (Server.java:run(1153)) - IPC Server listener on 38553: starting
2019-06-15 14:14:03,150 INFO  hdfs.DFSUtil (DFSUtil.java:httpServerTemplateForNNAndJN(1641)) - Starting Web-server for ozoneManager at: http://0.0.0.0:0
2019-06-15 14:14:03,151 INFO  server.AuthenticationFilter (AuthenticationFilter.java:constructSecretProvider(240)) - Unable to initialize FileSignerSecretProvider, falling back to use random secrets.
2019-06-15 14:14:03,151 WARN  http.HttpRequestLog (HttpRequestLog.java:getRequestLog(97)) - Jetty request log can only be enabled using Log4j
2019-06-15 14:14:03,152 INFO  http.HttpServer2 (HttpServer2.java:addGlobalFilter(975)) - Added global filter 'safety' (class=org.apache.hadoop.http.HttpServer2$QuotingInputFilter)
2019-06-15 14:14:03,153 INFO  http.HttpServer2 (HttpServer2.java:addFilter(948)) - Added filter static_user_filter (class=org.apache.hadoop.http.lib.StaticUserWebFilter$StaticUserFilter) to context ozoneManager
2019-06-15 14:14:03,153 INFO  http.HttpServer2 (HttpServer2.java:addFilter(958)) - Added filter static_user_filter (class=org.apache.hadoop.http.lib.StaticUserWebFilter$StaticUserFilter) to context logs
2019-06-15 14:14:03,153 INFO  http.HttpServer2 (HttpServer2.java:addFilter(958)) - Added filter static_user_filter (class=org.apache.hadoop.http.lib.StaticUserWebFilter$StaticUserFilter) to context static
2019-06-15 14:14:03,154 INFO  http.HttpServer2 (HttpServer2.java:bindListener(1191)) - Jetty bound to port 34737
2019-06-15 14:14:03,154 INFO  server.Server (Server.java:doStart(351)) - jetty-9.3.24.v20180605, build timestamp: 2018-06-05T17:11:56Z, git hash: 84205aa28f11a4f31f2a3b86d1bba2cc8ab69827
2019-06-15 14:14:03,155 INFO  handler.ContextHandler (ContextHandler.java:doStart(781)) - Started o.e.j.s.ServletContextHandler@1736c1e4{/logs,file:///opt/src/hadoop-ozone/integration-test/target/log,AVAILABLE}
2019-06-15 14:14:03,156 INFO  handler.ContextHandler (ContextHandler.java:doStart(781)) - Started o.e.j.s.ServletContextHandler@738a815c{/static,file:///opt/src/hadoop-ozone/integration-test/target/test-classes/webapps/static,AVAILABLE}
2019-06-15 14:14:03,159 INFO  handler.ContextHandler (ContextHandler.java:doStart(781)) - Started o.e.j.w.WebAppContext@2cd3fc29{/,file:///opt/src/hadoop-ozone/integration-test/target/test-classes/webapps/ozoneManager/,AVAILABLE}{/ozoneManager}
2019-06-15 14:14:03,160 INFO  server.AbstractConnector (AbstractConnector.java:doStart(278)) - Started ServerConnector@55951fcd{HTTP/1.1,[http/1.1]}{0.0.0.0:34737}
2019-06-15 14:14:03,160 INFO  server.Server (Server.java:doStart(419)) - Started @17613ms
2019-06-15 14:14:03,161 INFO  server.BaseHttpServer (BaseHttpServer.java:updateConnectorAddress(207)) - HTTP server of OZONEMANAGER is listening at http://0.0.0.0:34737
2019-06-15 14:14:03,170 INFO  impl.MetricsSystemImpl (MetricsSystemImpl.java:init(158)) - HddsDatanode metrics system started (again)
2019-06-15 14:14:03,170 INFO  ozone.HddsDatanodeService (HddsDatanodeService.java:start(185)) - HddsDatanodeService host:ozone-unit-076618677d3-hs227-2779846674 ip:192.168.19.23
2019-06-15 14:14:03,178 INFO  volume.HddsVolume (HddsVolume.java:<init>(176)) - Creating Volume: /opt/src/hadoop-ozone/integration-test/target/test-dir/MiniOzoneClusterImpl-da264f4b-86ab-41e7-9dc3-3b38e302178a/datanode-0/data/containers/hdds of  storage type : DISK and capacity : 104021790720
2019-06-15 14:14:03,178 INFO  volume.VolumeSet (VolumeSet.java:initializeVolumeSet(170)) - Added Volume : /opt/src/hadoop-ozone/integration-test/target/test-dir/MiniOzoneClusterImpl-da264f4b-86ab-41e7-9dc3-3b38e302178a/datanode-0/data/containers/hdds to VolumeSet
2019-06-15 14:14:03,179 INFO  volume.ThrottledAsyncChecker (ThrottledAsyncChecker.java:schedule(140)) - Scheduling a check for org.apache.hadoop.ozone.container.common.volume.HddsVolume@5822ecda
2019-06-15 14:14:03,182 INFO  volume.HddsVolumeChecker (HddsVolumeChecker.java:checkAllVolumes(203)) - Scheduled health check for volume org.apache.hadoop.ozone.container.common.volume.HddsVolume@5822ecda
2019-06-15 14:14:03,192 INFO  ratis.XceiverServerRatis (XceiverServerRatis.java:newXceiverServerRatis(401)) - Found a free port for the server : 45015
2019-06-15 14:14:03,193 INFO  impl.RaftServerProxy (ConfUtils.java:logGet(43)) - raft.rpc.type = GRPC (default)
2019-06-15 14:14:03,194 INFO  grpc.GrpcConfigKeys$Server (ConfUtils.java:logGet(43)) - raft.grpc.server.port = 45015 (custom)
2019-06-15 14:14:03,194 INFO  server.GrpcService (ConfUtils.java:logGet(43)) - raft.grpc.message.size.max = 33570816 (custom)
2019-06-15 14:14:03,194 INFO  server.RaftServerConfigKeys (ConfUtils.java:logGet(43)) - raft.server.log.appender.buffer.byte-limit = 33554432 (custom)
2019-06-15 14:14:03,194 INFO  server.GrpcService (ConfUtils.java:logGet(43)) - raft.grpc.flow.control.window = 1MB (=1048576) (default)
2019-06-15 14:14:03,195 INFO  server.RaftServerConfigKeys (ConfUtils.java:logGet(43)) - raft.server.rpc.request.timeout = 3000ms (default)
2019-06-15 14:14:03,195 INFO  server.RaftServerConfigKeys (ConfUtils.java:logGet(43)) - raft.server.storage.dir = [/opt/src/hadoop-ozone/integration-test/target/test-dir/MiniOzoneClusterImpl-da264f4b-86ab-41e7-9dc3-3b38e302178a/datanode-0/data/ratis] (custom)
2019-06-15 14:14:03,195 INFO  server.XceiverServerGrpc (XceiverServerGrpc.java:<init>(97)) - Found a free port for the server : 36391
2019-06-15 14:14:03,196 INFO  replication.SimpleContainerDownloader (SimpleContainerDownloader.java:<init>(72)) - Starting container downloader service to copy containers to replicate.
2019-06-15 14:14:03,197 INFO  hdfs.DFSUtil (DFSUtil.java:httpServerTemplateForNNAndJN(1641)) - Starting Web-server for hddsDatanode at: http://0.0.0.0:0
2019-06-15 14:14:03,198 INFO  server.AuthenticationFilter (AuthenticationFilter.java:constructSecretProvider(240)) - Unable to initialize FileSignerSecretProvider, falling back to use random secrets.
2019-06-15 14:14:03,200 WARN  http.HttpRequestLog (HttpRequestLog.java:getRequestLog(97)) - Jetty request log can only be enabled using Log4j
2019-06-15 14:14:03,202 INFO  http.HttpServer2 (HttpServer2.java:addGlobalFilter(975)) - Added global filter 'safety' (class=org.apache.hadoop.http.HttpServer2$QuotingInputFilter)
2019-06-15 14:14:03,202 INFO  http.HttpServer2 (HttpServer2.java:addFilter(948)) - Added filter static_user_filter (class=org.apache.hadoop.http.lib.StaticUserWebFilter$StaticUserFilter) to context hddsDatanode
2019-06-15 14:14:03,202 INFO  http.HttpServer2 (HttpServer2.java:addFilter(958)) - Added filter static_user_filter (class=org.apache.hadoop.http.lib.StaticUserWebFilter$StaticUserFilter) to context static
2019-06-15 14:14:03,202 INFO  http.HttpServer2 (HttpServer2.java:addFilter(958)) - Added filter static_user_filter (class=org.apache.hadoop.http.lib.StaticUserWebFilter$StaticUserFilter) to context logs
2019-06-15 14:14:03,203 INFO  http.HttpServer2 (HttpServer2.java:bindListener(1191)) - Jetty bound to port 46601
2019-06-15 14:14:03,203 INFO  server.Server (Server.java:doStart(351)) - jetty-9.3.24.v20180605, build timestamp: 2018-06-05T17:11:56Z, git hash: 84205aa28f11a4f31f2a3b86d1bba2cc8ab69827
2019-06-15 14:14:03,205 INFO  handler.ContextHandler (ContextHandler.java:doStart(781)) - Started o.e.j.s.ServletContextHandler@45e7bb79{/logs,file:///opt/src/hadoop-ozone/integration-test/target/log,AVAILABLE}
2019-06-15 14:14:03,209 INFO  handler.ContextHandler (ContextHandler.java:doStart(781)) - Started o.e.j.s.ServletContextHandler@21c75084{/static,jar:file:/home/user/.m2/repository/org/apache/hadoop/hadoop-hdds-container-service/0.5.0-SNAPSHOT/hadoop-hdds-container-service-0.5.0-SNAPSHOT.jar!/webapps/static,AVAILABLE}
2019-06-15 14:14:03,232 INFO  handler.ContextHandler (ContextHandler.java:doStart(781)) - Started o.e.j.w.WebAppContext@e4ca109{/,file:///tmp/jetty-0.0.0.0-46601-hddsDatanode-_-any-1052036571341504209.dir/webapp/,AVAILABLE}{/hddsDatanode}
2019-06-15 14:14:03,233 INFO  server.AbstractConnector (AbstractConnector.java:doStart(278)) - Started ServerConnector@15c16f19{HTTP/1.1,[http/1.1]}{0.0.0.0:46601}
2019-06-15 14:14:03,233 INFO  server.Server (Server.java:doStart(419)) - Started @17686ms
2019-06-15 14:14:03,234 INFO  server.BaseHttpServer (BaseHttpServer.java:updateConnectorAddress(207)) - HTTP server of HDDSDATANODE is listening at http://0.0.0.0:46601
2019-06-15 14:14:03,334 INFO  ozone.HddsDatanodeService (HddsDatanodeService.java:startPlugins(396)) - Started plug-in org.apache.hadoop.ozone.web.OzoneHddsDatanodeService@34549979
2019-06-15 14:14:03,334 INFO  impl.MetricsSystemImpl (MetricsSystemImpl.java:init(158)) - HddsDatanode metrics system started (again)
2019-06-15 14:14:03,335 INFO  ozone.HddsDatanodeService (HddsDatanodeService.java:start(185)) - HddsDatanodeService host:ozone-unit-076618677d3-hs227-2779846674 ip:192.168.19.23
2019-06-15 14:14:03,347 INFO  volume.HddsVolume (HddsVolume.java:<init>(176)) - Creating Volume: /opt/src/hadoop-ozone/integration-test/target/test-dir/MiniOzoneClusterImpl-da264f4b-86ab-41e7-9dc3-3b38e302178a/datanode-1/data/containers/hdds of  storage type : DISK and capacity : 104021790720
2019-06-15 14:14:03,348 INFO  util.JvmPauseMonitor (JvmPauseMonitor.java:run(188)) - Starting JVM pause monitor
2019-06-15 14:14:03,348 INFO  volume.VolumeSet (VolumeSet.java:initializeVolumeSet(170)) - Added Volume : /opt/src/hadoop-ozone/integration-test/target/test-dir/MiniOzoneClusterImpl-da264f4b-86ab-41e7-9dc3-3b38e302178a/datanode-1/data/containers/hdds to VolumeSet
2019-06-15 14:14:03,348 INFO  volume.ThrottledAsyncChecker (ThrottledAsyncChecker.java:schedule(140)) - Scheduling a check for org.apache.hadoop.ozone.container.common.volume.HddsVolume@32b112a1
2019-06-15 14:14:03,349 INFO  datanode.InitDatanodeState (InitDatanodeState.java:persistContainerDatanodeDetails(140)) - DatanodeDetails is persisted to /opt/src/hadoop-ozone/integration-test/target/test-dir/MiniOzoneClusterImpl-da264f4b-86ab-41e7-9dc3-3b38e302178a/datanode-0/meta/datanode.id
2019-06-15 14:14:03,350 INFO  volume.HddsVolumeChecker (HddsVolumeChecker.java:checkAllVolumes(203)) - Scheduled health check for volume org.apache.hadoop.ozone.container.common.volume.HddsVolume@32b112a1
2019-06-15 14:14:03,358 INFO  ratis.XceiverServerRatis (XceiverServerRatis.java:newXceiverServerRatis(401)) - Found a free port for the server : 36587
2019-06-15 14:14:03,359 INFO  impl.RaftServerProxy (ConfUtils.java:logGet(43)) - raft.rpc.type = GRPC (default)
2019-06-15 14:14:03,360 INFO  grpc.GrpcConfigKeys$Server (ConfUtils.java:logGet(43)) - raft.grpc.server.port = 36587 (custom)
2019-06-15 14:14:03,360 INFO  server.GrpcService (ConfUtils.java:logGet(43)) - raft.grpc.message.size.max = 33570816 (custom)
2019-06-15 14:14:03,360 INFO  server.RaftServerConfigKeys (ConfUtils.java:logGet(43)) - raft.server.log.appender.buffer.byte-limit = 33554432 (custom)
2019-06-15 14:14:03,360 INFO  server.GrpcService (ConfUtils.java:logGet(43)) - raft.grpc.flow.control.window = 1MB (=1048576) (default)
2019-06-15 14:14:03,360 INFO  server.RaftServerConfigKeys (ConfUtils.java:logGet(43)) - raft.server.rpc.request.timeout = 3000ms (default)
2019-06-15 14:14:03,361 INFO  server.RaftServerConfigKeys (ConfUtils.java:logGet(43)) - raft.server.storage.dir = [/opt/src/hadoop-ozone/integration-test/target/test-dir/MiniOzoneClusterImpl-da264f4b-86ab-41e7-9dc3-3b38e302178a/datanode-1/data/ratis] (custom)
2019-06-15 14:14:03,361 INFO  server.XceiverServerGrpc (XceiverServerGrpc.java:<init>(97)) - Found a free port for the server : 44463
2019-06-15 14:14:03,361 INFO  replication.SimpleContainerDownloader (SimpleContainerDownloader.java:<init>(72)) - Starting container downloader service to copy containers to replicate.
2019-06-15 14:14:03,362 INFO  hdfs.DFSUtil (DFSUtil.java:httpServerTemplateForNNAndJN(1641)) - Starting Web-server for hddsDatanode at: http://0.0.0.0:0
2019-06-15 14:14:03,363 INFO  server.AuthenticationFilter (AuthenticationFilter.java:constructSecretProvider(240)) - Unable to initialize FileSignerSecretProvider, falling back to use random secrets.
2019-06-15 14:14:03,364 WARN  http.HttpRequestLog (HttpRequestLog.java:getRequestLog(97)) - Jetty request log can only be enabled using Log4j
2019-06-15 14:14:03,365 INFO  http.HttpServer2 (HttpServer2.java:addGlobalFilter(975)) - Added global filter 'safety' (class=org.apache.hadoop.http.HttpServer2$QuotingInputFilter)
2019-06-15 14:14:03,366 INFO  http.HttpServer2 (HttpServer2.java:addFilter(948)) - Added filter static_user_filter (class=org.apache.hadoop.http.lib.StaticUserWebFilter$StaticUserFilter) to context hddsDatanode
2019-06-15 14:14:03,366 INFO  http.HttpServer2 (HttpServer2.java:addFilter(958)) - Added filter static_user_filter (class=org.apache.hadoop.http.lib.StaticUserWebFilter$StaticUserFilter) to context static
2019-06-15 14:14:03,366 INFO  http.HttpServer2 (HttpServer2.java:addFilter(958)) - Added filter static_user_filter (class=org.apache.hadoop.http.lib.StaticUserWebFilter$StaticUserFilter) to context logs
2019-06-15 14:14:03,367 INFO  http.HttpServer2 (HttpServer2.java:bindListener(1191)) - Jetty bound to port 40809
2019-06-15 14:14:03,367 INFO  server.Server (Server.java:doStart(351)) - jetty-9.3.24.v20180605, build timestamp: 2018-06-05T17:11:56Z, git hash: 84205aa28f11a4f31f2a3b86d1bba2cc8ab69827
2019-06-15 14:14:03,368 INFO  handler.ContextHandler (ContextHandler.java:doStart(781)) - Started o.e.j.s.ServletContextHandler@714f1a44{/logs,file:///opt/src/hadoop-ozone/integration-test/target/log,AVAILABLE}
2019-06-15 14:14:03,368 INFO  handler.ContextHandler (ContextHandler.java:doStart(781)) - Started o.e.j.s.ServletContextHandler@592a1882{/static,jar:file:/home/user/.m2/repository/org/apache/hadoop/hadoop-hdds-container-service/0.5.0-SNAPSHOT/hadoop-hdds-container-service-0.5.0-SNAPSHOT.jar!/webapps/static,AVAILABLE}
2019-06-15 14:14:03,392 INFO  handler.ContextHandler (ContextHandler.java:doStart(781)) - Started o.e.j.w.WebAppContext@12c76d6e{/,file:///tmp/jetty-0.0.0.0-40809-hddsDatanode-_-any-5410762732222694978.dir/webapp/,AVAILABLE}{/hddsDatanode}
2019-06-15 14:14:03,392 INFO  server.AbstractConnector (AbstractConnector.java:doStart(278)) - Started ServerConnector@46702c26{HTTP/1.1,[http/1.1]}{0.0.0.0:40809}
2019-06-15 14:14:03,393 INFO  server.Server (Server.java:doStart(419)) - Started @17845ms
2019-06-15 14:14:03,394 INFO  server.BaseHttpServer (BaseHttpServer.java:updateConnectorAddress(207)) - HTTP server of HDDSDATANODE is listening at http://0.0.0.0:40809
2019-06-15 14:14:03,517 INFO  ozone.HddsDatanodeService (HddsDatanodeService.java:startPlugins(396)) - Started plug-in org.apache.hadoop.ozone.web.OzoneHddsDatanodeService@1bfa3893
2019-06-15 14:14:03,518 INFO  impl.MetricsSystemImpl (MetricsSystemImpl.java:init(158)) - HddsDatanode metrics system started (again)
2019-06-15 14:14:03,519 INFO  ozone.HddsDatanodeService (HddsDatanodeService.java:start(185)) - HddsDatanodeService host:ozone-unit-076618677d3-hs227-2779846674 ip:192.168.19.23
2019-06-15 14:14:03,528 INFO  util.JvmPauseMonitor (JvmPauseMonitor.java:run(188)) - Starting JVM pause monitor
2019-06-15 14:14:03,530 INFO  datanode.InitDatanodeState (InitDatanodeState.java:persistContainerDatanodeDetails(140)) - DatanodeDetails is persisted to /opt/src/hadoop-ozone/integration-test/target/test-dir/MiniOzoneClusterImpl-da264f4b-86ab-41e7-9dc3-3b38e302178a/datanode-1/meta/datanode.id
2019-06-15 14:14:03,533 INFO  volume.HddsVolume (HddsVolume.java:<init>(176)) - Creating Volume: /opt/src/hadoop-ozone/integration-test/target/test-dir/MiniOzoneClusterImpl-da264f4b-86ab-41e7-9dc3-3b38e302178a/datanode-2/data/containers/hdds of  storage type : DISK and capacity : 104021790720
2019-06-15 14:14:03,533 INFO  volume.VolumeSet (VolumeSet.java:initializeVolumeSet(170)) - Added Volume : /opt/src/hadoop-ozone/integration-test/target/test-dir/MiniOzoneClusterImpl-da264f4b-86ab-41e7-9dc3-3b38e302178a/datanode-2/data/containers/hdds to VolumeSet
2019-06-15 14:14:03,533 INFO  volume.ThrottledAsyncChecker (ThrottledAsyncChecker.java:schedule(140)) - Scheduling a check for org.apache.hadoop.ozone.container.common.volume.HddsVolume@740c4868
2019-06-15 14:14:03,535 INFO  volume.HddsVolumeChecker (HddsVolumeChecker.java:checkAllVolumes(203)) - Scheduled health check for volume org.apache.hadoop.ozone.container.common.volume.HddsVolume@740c4868
2019-06-15 14:14:03,544 INFO  ratis.XceiverServerRatis (XceiverServerRatis.java:newXceiverServerRatis(401)) - Found a free port for the server : 42057
2019-06-15 14:14:03,545 INFO  impl.RaftServerProxy (ConfUtils.java:logGet(43)) - raft.rpc.type = GRPC (default)
2019-06-15 14:14:03,545 INFO  grpc.GrpcConfigKeys$Server (ConfUtils.java:logGet(43)) - raft.grpc.server.port = 42057 (custom)
2019-06-15 14:14:03,546 INFO  server.GrpcService (ConfUtils.java:logGet(43)) - raft.grpc.message.size.max = 33570816 (custom)
2019-06-15 14:14:03,546 INFO  server.RaftServerConfigKeys (ConfUtils.java:logGet(43)) - raft.server.log.appender.buffer.byte-limit = 33554432 (custom)
2019-06-15 14:14:03,546 INFO  server.GrpcService (ConfUtils.java:logGet(43)) - raft.grpc.flow.control.window = 1MB (=1048576) (default)
2019-06-15 14:14:03,546 INFO  server.RaftServerConfigKeys (ConfUtils.java:logGet(43)) - raft.server.rpc.request.timeout = 3000ms (default)
2019-06-15 14:14:03,547 INFO  server.RaftServerConfigKeys (ConfUtils.java:logGet(43)) - raft.server.storage.dir = [/opt/src/hadoop-ozone/integration-test/target/test-dir/MiniOzoneClusterImpl-da264f4b-86ab-41e7-9dc3-3b38e302178a/datanode-2/data/ratis] (custom)
2019-06-15 14:14:03,547 INFO  server.XceiverServerGrpc (XceiverServerGrpc.java:<init>(97)) - Found a free port for the server : 37171
2019-06-15 14:14:03,547 INFO  replication.SimpleContainerDownloader (SimpleContainerDownloader.java:<init>(72)) - Starting container downloader service to copy containers to replicate.
2019-06-15 14:14:03,548 INFO  hdfs.DFSUtil (DFSUtil.java:httpServerTemplateForNNAndJN(1641)) - Starting Web-server for hddsDatanode at: http://0.0.0.0:0
2019-06-15 14:14:03,550 INFO  server.AuthenticationFilter (AuthenticationFilter.java:constructSecretProvider(240)) - Unable to initialize FileSignerSecretProvider, falling back to use random secrets.
2019-06-15 14:14:03,550 WARN  http.HttpRequestLog (HttpRequestLog.java:getRequestLog(97)) - Jetty request log can only be enabled using Log4j
2019-06-15 14:14:03,551 INFO  http.HttpServer2 (HttpServer2.java:addGlobalFilter(975)) - Added global filter 'safety' (class=org.apache.hadoop.http.HttpServer2$QuotingInputFilter)
2019-06-15 14:14:03,552 INFO  http.HttpServer2 (HttpServer2.java:addFilter(948)) - Added filter static_user_filter (class=org.apache.hadoop.http.lib.StaticUserWebFilter$StaticUserFilter) to context hddsDatanode
2019-06-15 14:14:03,552 INFO  http.HttpServer2 (HttpServer2.java:addFilter(958)) - Added filter static_user_filter (class=org.apache.hadoop.http.lib.StaticUserWebFilter$StaticUserFilter) to context logs
2019-06-15 14:14:03,552 INFO  http.HttpServer2 (HttpServer2.java:addFilter(958)) - Added filter static_user_filter (class=org.apache.hadoop.http.lib.StaticUserWebFilter$StaticUserFilter) to context static
2019-06-15 14:14:03,553 INFO  http.HttpServer2 (HttpServer2.java:bindListener(1191)) - Jetty bound to port 32907
2019-06-15 14:14:03,553 INFO  server.Server (Server.java:doStart(351)) - jetty-9.3.24.v20180605, build timestamp: 2018-06-05T17:11:56Z, git hash: 84205aa28f11a4f31f2a3b86d1bba2cc8ab69827
2019-06-15 14:14:03,566 INFO  handler.ContextHandler (ContextHandler.java:doStart(781)) - Started o.e.j.s.ServletContextHandler@55638165{/logs,file:///opt/src/hadoop-ozone/integration-test/target/log,AVAILABLE}
2019-06-15 14:14:03,566 INFO  handler.ContextHandler (ContextHandler.java:doStart(781)) - Started o.e.j.s.ServletContextHandler@7ce30c0b{/static,jar:file:/home/user/.m2/repository/org/apache/hadoop/hadoop-hdds-container-service/0.5.0-SNAPSHOT/hadoop-hdds-container-service-0.5.0-SNAPSHOT.jar!/webapps/static,AVAILABLE}
2019-06-15 14:14:03,590 INFO  handler.ContextHandler (ContextHandler.java:doStart(781)) - Started o.e.j.w.WebAppContext@1b94c789{/,file:///tmp/jetty-0.0.0.0-32907-hddsDatanode-_-any-7451988966330991469.dir/webapp/,AVAILABLE}{/hddsDatanode}
2019-06-15 14:14:03,593 INFO  server.AbstractConnector (AbstractConnector.java:doStart(278)) - Started ServerConnector@299fc582{HTTP/1.1,[http/1.1]}{0.0.0.0:32907}
2019-06-15 14:14:03,593 INFO  server.Server (Server.java:doStart(419)) - Started @18046ms
2019-06-15 14:14:03,594 INFO  server.BaseHttpServer (BaseHttpServer.java:updateConnectorAddress(207)) - HTTP server of HDDSDATANODE is listening at http://0.0.0.0:32907
2019-06-15 14:14:03,729 INFO  ozone.HddsDatanodeService (HddsDatanodeService.java:startPlugins(396)) - Started plug-in org.apache.hadoop.ozone.web.OzoneHddsDatanodeService@95cecc5
2019-06-15 14:14:03,729 INFO  impl.MetricsSystemImpl (MetricsSystemImpl.java:init(158)) - HddsDatanode metrics system started (again)
2019-06-15 14:14:03,730 INFO  ozone.HddsDatanodeService (HddsDatanodeService.java:start(185)) - HddsDatanodeService host:ozone-unit-076618677d3-hs227-2779846674 ip:192.168.19.23
2019-06-15 14:14:03,730 INFO  util.JvmPauseMonitor (JvmPauseMonitor.java:run(188)) - Starting JVM pause monitor
2019-06-15 14:14:03,732 INFO  datanode.InitDatanodeState (InitDatanodeState.java:persistContainerDatanodeDetails(140)) - DatanodeDetails is persisted to /opt/src/hadoop-ozone/integration-test/target/test-dir/MiniOzoneClusterImpl-da264f4b-86ab-41e7-9dc3-3b38e302178a/datanode-2/meta/datanode.id
2019-06-15 14:14:03,735 INFO  volume.HddsVolume (HddsVolume.java:<init>(176)) - Creating Volume: /opt/src/hadoop-ozone/integration-test/target/test-dir/MiniOzoneClusterImpl-da264f4b-86ab-41e7-9dc3-3b38e302178a/datanode-3/data/containers/hdds of  storage type : DISK and capacity : 104021790720
2019-06-15 14:14:03,735 INFO  volume.VolumeSet (VolumeSet.java:initializeVolumeSet(170)) - Added Volume : /opt/src/hadoop-ozone/integration-test/target/test-dir/MiniOzoneClusterImpl-da264f4b-86ab-41e7-9dc3-3b38e302178a/datanode-3/data/containers/hdds to VolumeSet
2019-06-15 14:14:03,735 INFO  volume.ThrottledAsyncChecker (ThrottledAsyncChecker.java:schedule(140)) - Scheduling a check for org.apache.hadoop.ozone.container.common.volume.HddsVolume@4404a6b
2019-06-15 14:14:03,736 INFO  volume.HddsVolumeChecker (HddsVolumeChecker.java:checkAllVolumes(203)) - Scheduled health check for volume org.apache.hadoop.ozone.container.common.volume.HddsVolume@4404a6b
2019-06-15 14:14:03,745 INFO  ratis.XceiverServerRatis (XceiverServerRatis.java:newXceiverServerRatis(401)) - Found a free port for the server : 41345
2019-06-15 14:14:03,746 INFO  impl.RaftServerProxy (ConfUtils.java:logGet(43)) - raft.rpc.type = GRPC (default)
2019-06-15 14:14:03,747 INFO  grpc.GrpcConfigKeys$Server (ConfUtils.java:logGet(43)) - raft.grpc.server.port = 41345 (custom)
2019-06-15 14:14:03,747 INFO  server.GrpcService (ConfUtils.java:logGet(43)) - raft.grpc.message.size.max = 33570816 (custom)
2019-06-15 14:14:03,747 INFO  server.RaftServerConfigKeys (ConfUtils.java:logGet(43)) - raft.server.log.appender.buffer.byte-limit = 33554432 (custom)
2019-06-15 14:14:03,747 INFO  server.GrpcService (ConfUtils.java:logGet(43)) - raft.grpc.flow.control.window = 1MB (=1048576) (default)
2019-06-15 14:14:03,748 INFO  server.RaftServerConfigKeys (ConfUtils.java:logGet(43)) - raft.server.rpc.request.timeout = 3000ms (default)
2019-06-15 14:14:03,748 INFO  server.RaftServerConfigKeys (ConfUtils.java:logGet(43)) - raft.server.storage.dir = [/opt/src/hadoop-ozone/integration-test/target/test-dir/MiniOzoneClusterImpl-da264f4b-86ab-41e7-9dc3-3b38e302178a/datanode-3/data/ratis] (custom)
2019-06-15 14:14:03,748 INFO  server.XceiverServerGrpc (XceiverServerGrpc.java:<init>(97)) - Found a free port for the server : 42671
2019-06-15 14:14:03,749 INFO  replication.SimpleContainerDownloader (SimpleContainerDownloader.java:<init>(72)) - Starting container downloader service to copy containers to replicate.
2019-06-15 14:14:03,750 INFO  hdfs.DFSUtil (DFSUtil.java:httpServerTemplateForNNAndJN(1641)) - Starting Web-server for hddsDatanode at: http://0.0.0.0:0
2019-06-15 14:14:03,751 INFO  server.AuthenticationFilter (AuthenticationFilter.java:constructSecretProvider(240)) - Unable to initialize FileSignerSecretProvider, falling back to use random secrets.
2019-06-15 14:14:03,752 WARN  http.HttpRequestLog (HttpRequestLog.java:getRequestLog(97)) - Jetty request log can only be enabled using Log4j
2019-06-15 14:14:03,753 INFO  http.HttpServer2 (HttpServer2.java:addGlobalFilter(975)) - Added global filter 'safety' (class=org.apache.hadoop.http.HttpServer2$QuotingInputFilter)
2019-06-15 14:14:03,754 INFO  http.HttpServer2 (HttpServer2.java:addFilter(948)) - Added filter static_user_filter (class=org.apache.hadoop.http.lib.StaticUserWebFilter$StaticUserFilter) to context hddsDatanode
2019-06-15 14:14:03,754 INFO  http.HttpServer2 (HttpServer2.java:addFilter(958)) - Added filter static_user_filter (class=org.apache.hadoop.http.lib.StaticUserWebFilter$StaticUserFilter) to context static
2019-06-15 14:14:03,754 INFO  http.HttpServer2 (HttpServer2.java:addFilter(958)) - Added filter static_user_filter (class=org.apache.hadoop.http.lib.StaticUserWebFilter$StaticUserFilter) to context logs
2019-06-15 14:14:03,754 INFO  http.HttpServer2 (HttpServer2.java:bindListener(1191)) - Jetty bound to port 36675
2019-06-15 14:14:03,755 INFO  server.Server (Server.java:doStart(351)) - jetty-9.3.24.v20180605, build timestamp: 2018-06-05T17:11:56Z, git hash: 84205aa28f11a4f31f2a3b86d1bba2cc8ab69827
2019-06-15 14:14:03,756 INFO  handler.ContextHandler (ContextHandler.java:doStart(781)) - Started o.e.j.s.ServletContextHandler@17d816b3{/logs,file:///opt/src/hadoop-ozone/integration-test/target/log,AVAILABLE}
2019-06-15 14:14:03,756 INFO  handler.ContextHandler (ContextHandler.java:doStart(781)) - Started o.e.j.s.ServletContextHandler@2c0dca15{/static,jar:file:/home/user/.m2/repository/org/apache/hadoop/hadoop-hdds-container-service/0.5.0-SNAPSHOT/hadoop-hdds-container-service-0.5.0-SNAPSHOT.jar!/webapps/static,AVAILABLE}
2019-06-15 14:14:03,781 INFO  handler.ContextHandler (ContextHandler.java:doStart(781)) - Started o.e.j.w.WebAppContext@3cdfbbef{/,file:///tmp/jetty-0.0.0.0-36675-hddsDatanode-_-any-9134448466255684681.dir/webapp/,AVAILABLE}{/hddsDatanode}
2019-06-15 14:14:03,781 INFO  server.AbstractConnector (AbstractConnector.java:doStart(278)) - Started ServerConnector@7a1ddbf1{HTTP/1.1,[http/1.1]}{0.0.0.0:36675}
2019-06-15 14:14:03,782 INFO  server.Server (Server.java:doStart(419)) - Started @18234ms
2019-06-15 14:14:03,783 INFO  server.BaseHttpServer (BaseHttpServer.java:updateConnectorAddress(207)) - HTTP server of HDDSDATANODE is listening at http://0.0.0.0:36675
2019-06-15 14:14:03,912 INFO  ozone.HddsDatanodeService (HddsDatanodeService.java:startPlugins(396)) - Started plug-in org.apache.hadoop.ozone.web.OzoneHddsDatanodeService@7bdb4f17
2019-06-15 14:14:03,912 INFO  impl.MetricsSystemImpl (MetricsSystemImpl.java:init(158)) - HddsDatanode metrics system started (again)
2019-06-15 14:14:03,913 INFO  ozone.HddsDatanodeService (HddsDatanodeService.java:start(185)) - HddsDatanodeService host:ozone-unit-076618677d3-hs227-2779846674 ip:192.168.19.23
2019-06-15 14:14:03,916 INFO  util.JvmPauseMonitor (JvmPauseMonitor.java:run(188)) - Starting JVM pause monitor
2019-06-15 14:14:03,918 INFO  datanode.InitDatanodeState (InitDatanodeState.java:persistContainerDatanodeDetails(140)) - DatanodeDetails is persisted to /opt/src/hadoop-ozone/integration-test/target/test-dir/MiniOzoneClusterImpl-da264f4b-86ab-41e7-9dc3-3b38e302178a/datanode-3/meta/datanode.id
2019-06-15 14:14:03,922 INFO  volume.HddsVolume (HddsVolume.java:<init>(176)) - Creating Volume: /opt/src/hadoop-ozone/integration-test/target/test-dir/MiniOzoneClusterImpl-da264f4b-86ab-41e7-9dc3-3b38e302178a/datanode-4/data/containers/hdds of  storage type : DISK and capacity : 104021790720
2019-06-15 14:14:03,922 INFO  volume.VolumeSet (VolumeSet.java:initializeVolumeSet(170)) - Added Volume : /opt/src/hadoop-ozone/integration-test/target/test-dir/MiniOzoneClusterImpl-da264f4b-86ab-41e7-9dc3-3b38e302178a/datanode-4/data/containers/hdds to VolumeSet
2019-06-15 14:14:03,922 INFO  volume.ThrottledAsyncChecker (ThrottledAsyncChecker.java:schedule(140)) - Scheduling a check for org.apache.hadoop.ozone.container.common.volume.HddsVolume@106459d9
2019-06-15 14:14:03,924 INFO  volume.HddsVolumeChecker (HddsVolumeChecker.java:checkAllVolumes(203)) - Scheduled health check for volume org.apache.hadoop.ozone.container.common.volume.HddsVolume@106459d9
2019-06-15 14:14:03,951 INFO  ratis.XceiverServerRatis (XceiverServerRatis.java:newXceiverServerRatis(401)) - Found a free port for the server : 34187
2019-06-15 14:14:03,952 INFO  impl.RaftServerProxy (ConfUtils.java:logGet(43)) - raft.rpc.type = GRPC (default)
2019-06-15 14:14:03,953 INFO  grpc.GrpcConfigKeys$Server (ConfUtils.java:logGet(43)) - raft.grpc.server.port = 34187 (custom)
2019-06-15 14:14:03,953 INFO  server.GrpcService (ConfUtils.java:logGet(43)) - raft.grpc.message.size.max = 33570816 (custom)
2019-06-15 14:14:03,953 INFO  server.RaftServerConfigKeys (ConfUtils.java:logGet(43)) - raft.server.log.appender.buffer.byte-limit = 33554432 (custom)
2019-06-15 14:14:03,953 INFO  server.GrpcService (ConfUtils.java:logGet(43)) - raft.grpc.flow.control.window = 1MB (=1048576) (default)
2019-06-15 14:14:03,954 INFO  server.RaftServerConfigKeys (ConfUtils.java:logGet(43)) - raft.server.rpc.request.timeout = 3000ms (default)
2019-06-15 14:14:03,954 INFO  server.RaftServerConfigKeys (ConfUtils.java:logGet(43)) - raft.server.storage.dir = [/opt/src/hadoop-ozone/integration-test/target/test-dir/MiniOzoneClusterImpl-da264f4b-86ab-41e7-9dc3-3b38e302178a/datanode-4/data/ratis] (custom)
2019-06-15 14:14:03,954 INFO  server.XceiverServerGrpc (XceiverServerGrpc.java:<init>(97)) - Found a free port for the server : 35761
2019-06-15 14:14:03,955 INFO  replication.SimpleContainerDownloader (SimpleContainerDownloader.java:<init>(72)) - Starting container downloader service to copy containers to replicate.
2019-06-15 14:14:03,959 INFO  hdfs.DFSUtil (DFSUtil.java:httpServerTemplateForNNAndJN(1641)) - Starting Web-server for hddsDatanode at: http://0.0.0.0:0
2019-06-15 14:14:03,960 INFO  server.AuthenticationFilter (AuthenticationFilter.java:constructSecretProvider(240)) - Unable to initialize FileSignerSecretProvider, falling back to use random secrets.
2019-06-15 14:14:03,964 WARN  http.HttpRequestLog (HttpRequestLog.java:getRequestLog(97)) - Jetty request log can only be enabled using Log4j
2019-06-15 14:14:03,966 INFO  http.HttpServer2 (HttpServer2.java:addGlobalFilter(975)) - Added global filter 'safety' (class=org.apache.hadoop.http.HttpServer2$QuotingInputFilter)
2019-06-15 14:14:03,967 INFO  http.HttpServer2 (HttpServer2.java:addFilter(948)) - Added filter static_user_filter (class=org.apache.hadoop.http.lib.StaticUserWebFilter$StaticUserFilter) to context hddsDatanode
2019-06-15 14:14:03,967 INFO  http.HttpServer2 (HttpServer2.java:addFilter(958)) - Added filter static_user_filter (class=org.apache.hadoop.http.lib.StaticUserWebFilter$StaticUserFilter) to context logs
2019-06-15 14:14:03,967 INFO  http.HttpServer2 (HttpServer2.java:addFilter(958)) - Added filter static_user_filter (class=org.apache.hadoop.http.lib.StaticUserWebFilter$StaticUserFilter) to context static
2019-06-15 14:14:03,968 INFO  http.HttpServer2 (HttpServer2.java:bindListener(1191)) - Jetty bound to port 37315
2019-06-15 14:14:03,968 INFO  server.Server (Server.java:doStart(351)) - jetty-9.3.24.v20180605, build timestamp: 2018-06-05T17:11:56Z, git hash: 84205aa28f11a4f31f2a3b86d1bba2cc8ab69827
2019-06-15 14:14:03,979 INFO  handler.ContextHandler (ContextHandler.java:doStart(781)) - Started o.e.j.s.ServletContextHandler@60a4e619{/logs,file:///opt/src/hadoop-ozone/integration-test/target/log,AVAILABLE}
2019-06-15 14:14:03,980 INFO  handler.ContextHandler (ContextHandler.java:doStart(781)) - Started o.e.j.s.ServletContextHandler@11f3400c{/static,jar:file:/home/user/.m2/repository/org/apache/hadoop/hadoop-hdds-container-service/0.5.0-SNAPSHOT/hadoop-hdds-container-service-0.5.0-SNAPSHOT.jar!/webapps/static,AVAILABLE}
2019-06-15 14:14:04,006 INFO  handler.ContextHandler (ContextHandler.java:doStart(781)) - Started o.e.j.w.WebAppContext@2c1ea7be{/,file:///tmp/jetty-0.0.0.0-37315-hddsDatanode-_-any-5616542837905053958.dir/webapp/,AVAILABLE}{/hddsDatanode}
2019-06-15 14:14:04,010 INFO  server.AbstractConnector (AbstractConnector.java:doStart(278)) - Started ServerConnector@2493eec6{HTTP/1.1,[http/1.1]}{0.0.0.0:37315}
2019-06-15 14:14:04,010 INFO  server.Server (Server.java:doStart(419)) - Started @18463ms
2019-06-15 14:14:04,011 INFO  server.BaseHttpServer (BaseHttpServer.java:updateConnectorAddress(207)) - HTTP server of HDDSDATANODE is listening at http://0.0.0.0:37315
2019-06-15 14:14:04,134 INFO  ozone.HddsDatanodeService (HddsDatanodeService.java:startPlugins(396)) - Started plug-in org.apache.hadoop.ozone.web.OzoneHddsDatanodeService@57fce8b
2019-06-15 14:14:04,135 INFO  impl.MetricsSystemImpl (MetricsSystemImpl.java:init(158)) - HddsDatanode metrics system started (again)
2019-06-15 14:14:04,137 INFO  ozone.HddsDatanodeService (HddsDatanodeService.java:start(185)) - HddsDatanodeService host:ozone-unit-076618677d3-hs227-2779846674 ip:192.168.19.23
2019-06-15 14:14:04,137 INFO  util.JvmPauseMonitor (JvmPauseMonitor.java:run(188)) - Starting JVM pause monitor
2019-06-15 14:14:04,139 INFO  datanode.InitDatanodeState (InitDatanodeState.java:persistContainerDatanodeDetails(140)) - DatanodeDetails is persisted to /opt/src/hadoop-ozone/integration-test/target/test-dir/MiniOzoneClusterImpl-da264f4b-86ab-41e7-9dc3-3b38e302178a/datanode-4/meta/datanode.id
2019-06-15 14:14:04,151 INFO  volume.HddsVolume (HddsVolume.java:<init>(176)) - Creating Volume: /opt/src/hadoop-ozone/integration-test/target/test-dir/MiniOzoneClusterImpl-da264f4b-86ab-41e7-9dc3-3b38e302178a/datanode-5/data/containers/hdds of  storage type : DISK and capacity : 104021790720
2019-06-15 14:14:04,152 INFO  volume.VolumeSet (VolumeSet.java:initializeVolumeSet(170)) - Added Volume : /opt/src/hadoop-ozone/integration-test/target/test-dir/MiniOzoneClusterImpl-da264f4b-86ab-41e7-9dc3-3b38e302178a/datanode-5/data/containers/hdds to VolumeSet
2019-06-15 14:14:04,152 INFO  volume.ThrottledAsyncChecker (ThrottledAsyncChecker.java:schedule(140)) - Scheduling a check for org.apache.hadoop.ozone.container.common.volume.HddsVolume@e994ca
2019-06-15 14:14:04,153 INFO  volume.HddsVolumeChecker (HddsVolumeChecker.java:checkAllVolumes(203)) - Scheduled health check for volume org.apache.hadoop.ozone.container.common.volume.HddsVolume@e994ca
2019-06-15 14:14:04,167 INFO  ratis.XceiverServerRatis (XceiverServerRatis.java:newXceiverServerRatis(401)) - Found a free port for the server : 46113
2019-06-15 14:14:04,169 INFO  impl.RaftServerProxy (ConfUtils.java:logGet(43)) - raft.rpc.type = GRPC (default)
2019-06-15 14:14:04,169 INFO  grpc.GrpcConfigKeys$Server (ConfUtils.java:logGet(43)) - raft.grpc.server.port = 46113 (custom)
2019-06-15 14:14:04,169 INFO  server.GrpcService (ConfUtils.java:logGet(43)) - raft.grpc.message.size.max = 33570816 (custom)
2019-06-15 14:14:04,169 INFO  server.RaftServerConfigKeys (ConfUtils.java:logGet(43)) - raft.server.log.appender.buffer.byte-limit = 33554432 (custom)
2019-06-15 14:14:04,169 INFO  server.GrpcService (ConfUtils.java:logGet(43)) - raft.grpc.flow.control.window = 1MB (=1048576) (default)
2019-06-15 14:14:04,170 INFO  server.RaftServerConfigKeys (ConfUtils.java:logGet(43)) - raft.server.rpc.request.timeout = 3000ms (default)
2019-06-15 14:14:04,170 INFO  server.RaftServerConfigKeys (ConfUtils.java:logGet(43)) - raft.server.storage.dir = [/opt/src/hadoop-ozone/integration-test/target/test-dir/MiniOzoneClusterImpl-da264f4b-86ab-41e7-9dc3-3b38e302178a/datanode-5/data/ratis] (custom)
2019-06-15 14:14:04,170 INFO  server.XceiverServerGrpc (XceiverServerGrpc.java:<init>(97)) - Found a free port for the server : 35055
2019-06-15 14:14:04,171 INFO  replication.SimpleContainerDownloader (SimpleContainerDownloader.java:<init>(72)) - Starting container downloader service to copy containers to replicate.
2019-06-15 14:14:04,172 INFO  hdfs.DFSUtil (DFSUtil.java:httpServerTemplateForNNAndJN(1641)) - Starting Web-server for hddsDatanode at: http://0.0.0.0:0
2019-06-15 14:14:04,173 INFO  server.AuthenticationFilter (AuthenticationFilter.java:constructSecretProvider(240)) - Unable to initialize FileSignerSecretProvider, falling back to use random secrets.
2019-06-15 14:14:04,177 WARN  http.HttpRequestLog (HttpRequestLog.java:getRequestLog(97)) - Jetty request log can only be enabled using Log4j
2019-06-15 14:14:04,178 INFO  http.HttpServer2 (HttpServer2.java:addGlobalFilter(975)) - Added global filter 'safety' (class=org.apache.hadoop.http.HttpServer2$QuotingInputFilter)
2019-06-15 14:14:04,179 INFO  http.HttpServer2 (HttpServer2.java:addFilter(948)) - Added filter static_user_filter (class=org.apache.hadoop.http.lib.StaticUserWebFilter$StaticUserFilter) to context hddsDatanode
2019-06-15 14:14:04,179 INFO  http.HttpServer2 (HttpServer2.java:addFilter(958)) - Added filter static_user_filter (class=org.apache.hadoop.http.lib.StaticUserWebFilter$StaticUserFilter) to context logs
2019-06-15 14:14:04,179 INFO  http.HttpServer2 (HttpServer2.java:addFilter(958)) - Added filter static_user_filter (class=org.apache.hadoop.http.lib.StaticUserWebFilter$StaticUserFilter) to context static
2019-06-15 14:14:04,180 INFO  http.HttpServer2 (HttpServer2.java:bindListener(1191)) - Jetty bound to port 42877
2019-06-15 14:14:04,180 INFO  server.Server (Server.java:doStart(351)) - jetty-9.3.24.v20180605, build timestamp: 2018-06-05T17:11:56Z, git hash: 84205aa28f11a4f31f2a3b86d1bba2cc8ab69827
2019-06-15 14:14:04,181 INFO  handler.ContextHandler (ContextHandler.java:doStart(781)) - Started o.e.j.s.ServletContextHandler@15130002{/logs,file:///opt/src/hadoop-ozone/integration-test/target/log,AVAILABLE}
2019-06-15 14:14:04,185 INFO  handler.ContextHandler (ContextHandler.java:doStart(781)) - Started o.e.j.s.ServletContextHandler@900649e{/static,jar:file:/home/user/.m2/repository/org/apache/hadoop/hadoop-hdds-container-service/0.5.0-SNAPSHOT/hadoop-hdds-container-service-0.5.0-SNAPSHOT.jar!/webapps/static,AVAILABLE}
2019-06-15 14:14:04,219 INFO  handler.ContextHandler (ContextHandler.java:doStart(781)) - Started o.e.j.w.WebAppContext@474ce6b8{/,file:///tmp/jetty-0.0.0.0-42877-hddsDatanode-_-any-4908942313570642772.dir/webapp/,AVAILABLE}{/hddsDatanode}
2019-06-15 14:14:04,219 INFO  server.AbstractConnector (AbstractConnector.java:doStart(278)) - Started ServerConnector@248b2b61{HTTP/1.1,[http/1.1]}{0.0.0.0:42877}
2019-06-15 14:14:04,220 INFO  server.Server (Server.java:doStart(419)) - Started @18672ms
2019-06-15 14:14:04,221 INFO  server.BaseHttpServer (BaseHttpServer.java:updateConnectorAddress(207)) - HTTP server of HDDSDATANODE is listening at http://0.0.0.0:42877
2019-06-15 14:14:04,359 INFO  ozone.HddsDatanodeService (HddsDatanodeService.java:startPlugins(396)) - Started plug-in org.apache.hadoop.ozone.web.OzoneHddsDatanodeService@57927bc9
2019-06-15 14:14:04,359 INFO  impl.MetricsSystemImpl (MetricsSystemImpl.java:init(158)) - HddsDatanode metrics system started (again)
2019-06-15 14:14:04,360 INFO  ozone.HddsDatanodeService (HddsDatanodeService.java:start(185)) - HddsDatanodeService host:ozone-unit-076618677d3-hs227-2779846674 ip:192.168.19.23
2019-06-15 14:14:04,361 INFO  util.JvmPauseMonitor (JvmPauseMonitor.java:run(188)) - Starting JVM pause monitor
2019-06-15 14:14:04,362 INFO  datanode.InitDatanodeState (InitDatanodeState.java:persistContainerDatanodeDetails(140)) - DatanodeDetails is persisted to /opt/src/hadoop-ozone/integration-test/target/test-dir/MiniOzoneClusterImpl-da264f4b-86ab-41e7-9dc3-3b38e302178a/datanode-5/meta/datanode.id
2019-06-15 14:14:04,369 INFO  volume.HddsVolume (HddsVolume.java:<init>(176)) - Creating Volume: /opt/src/hadoop-ozone/integration-test/target/test-dir/MiniOzoneClusterImpl-da264f4b-86ab-41e7-9dc3-3b38e302178a/datanode-6/data/containers/hdds of  storage type : DISK and capacity : 104021790720
2019-06-15 14:14:04,369 INFO  volume.VolumeSet (VolumeSet.java:initializeVolumeSet(170)) - Added Volume : /opt/src/hadoop-ozone/integration-test/target/test-dir/MiniOzoneClusterImpl-da264f4b-86ab-41e7-9dc3-3b38e302178a/datanode-6/data/containers/hdds to VolumeSet
2019-06-15 14:14:04,369 INFO  volume.ThrottledAsyncChecker (ThrottledAsyncChecker.java:schedule(140)) - Scheduling a check for org.apache.hadoop.ozone.container.common.volume.HddsVolume@4182a651
2019-06-15 14:14:04,370 INFO  volume.HddsVolumeChecker (HddsVolumeChecker.java:checkAllVolumes(203)) - Scheduled health check for volume org.apache.hadoop.ozone.container.common.volume.HddsVolume@4182a651
2019-06-15 14:14:04,381 INFO  ratis.XceiverServerRatis (XceiverServerRatis.java:newXceiverServerRatis(401)) - Found a free port for the server : 43299
2019-06-15 14:14:04,383 INFO  impl.RaftServerProxy (ConfUtils.java:logGet(43)) - raft.rpc.type = GRPC (default)
2019-06-15 14:14:04,383 INFO  grpc.GrpcConfigKeys$Server (ConfUtils.java:logGet(43)) - raft.grpc.server.port = 43299 (custom)
2019-06-15 14:14:04,383 INFO  server.GrpcService (ConfUtils.java:logGet(43)) - raft.grpc.message.size.max = 33570816 (custom)
2019-06-15 14:14:04,383 INFO  server.RaftServerConfigKeys (ConfUtils.java:logGet(43)) - raft.server.log.appender.buffer.byte-limit = 33554432 (custom)
2019-06-15 14:14:04,384 INFO  server.GrpcService (ConfUtils.java:logGet(43)) - raft.grpc.flow.control.window = 1MB (=1048576) (default)
2019-06-15 14:14:04,384 INFO  server.RaftServerConfigKeys (ConfUtils.java:logGet(43)) - raft.server.rpc.request.timeout = 3000ms (default)
2019-06-15 14:14:04,384 INFO  server.RaftServerConfigKeys (ConfUtils.java:logGet(43)) - raft.server.storage.dir = [/opt/src/hadoop-ozone/integration-test/target/test-dir/MiniOzoneClusterImpl-da264f4b-86ab-41e7-9dc3-3b38e302178a/datanode-6/data/ratis] (custom)
2019-06-15 14:14:04,385 INFO  server.XceiverServerGrpc (XceiverServerGrpc.java:<init>(97)) - Found a free port for the server : 34715
2019-06-15 14:14:04,385 INFO  replication.SimpleContainerDownloader (SimpleContainerDownloader.java:<init>(72)) - Starting container downloader service to copy containers to replicate.
2019-06-15 14:14:04,386 INFO  hdfs.DFSUtil (DFSUtil.java:httpServerTemplateForNNAndJN(1641)) - Starting Web-server for hddsDatanode at: http://0.0.0.0:0
2019-06-15 14:14:04,387 INFO  server.AuthenticationFilter (AuthenticationFilter.java:constructSecretProvider(240)) - Unable to initialize FileSignerSecretProvider, falling back to use random secrets.
2019-06-15 14:14:04,393 WARN  http.HttpRequestLog (HttpRequestLog.java:getRequestLog(97)) - Jetty request log can only be enabled using Log4j
2019-06-15 14:14:04,395 INFO  http.HttpServer2 (HttpServer2.java:addGlobalFilter(975)) - Added global filter 'safety' (class=org.apache.hadoop.http.HttpServer2$QuotingInputFilter)
2019-06-15 14:14:04,395 INFO  http.HttpServer2 (HttpServer2.java:addFilter(948)) - Added filter static_user_filter (class=org.apache.hadoop.http.lib.StaticUserWebFilter$StaticUserFilter) to context hddsDatanode
2019-06-15 14:14:04,396 INFO  http.HttpServer2 (HttpServer2.java:addFilter(958)) - Added filter static_user_filter (class=org.apache.hadoop.http.lib.StaticUserWebFilter$StaticUserFilter) to context logs
2019-06-15 14:14:04,396 INFO  http.HttpServer2 (HttpServer2.java:addFilter(958)) - Added filter static_user_filter (class=org.apache.hadoop.http.lib.StaticUserWebFilter$StaticUserFilter) to context static
2019-06-15 14:14:04,396 INFO  http.HttpServer2 (HttpServer2.java:bindListener(1191)) - Jetty bound to port 40851
2019-06-15 14:14:04,397 INFO  server.Server (Server.java:doStart(351)) - jetty-9.3.24.v20180605, build timestamp: 2018-06-05T17:11:56Z, git hash: 84205aa28f11a4f31f2a3b86d1bba2cc8ab69827
2019-06-15 14:14:04,398 INFO  handler.ContextHandler (ContextHandler.java:doStart(781)) - Started o.e.j.s.ServletContextHandler@3516b881{/logs,file:///opt/src/hadoop-ozone/integration-test/target/log,AVAILABLE}
2019-06-15 14:14:04,399 INFO  handler.ContextHandler (ContextHandler.java:doStart(781)) - Started o.e.j.s.ServletContextHandler@e3c36d{/static,jar:file:/home/user/.m2/repository/org/apache/hadoop/hadoop-hdds-container-service/0.5.0-SNAPSHOT/hadoop-hdds-container-service-0.5.0-SNAPSHOT.jar!/webapps/static,AVAILABLE}
2019-06-15 14:14:04,423 INFO  handler.ContextHandler (ContextHandler.java:doStart(781)) - Started o.e.j.w.WebAppContext@1c815814{/,file:///tmp/jetty-0.0.0.0-40851-hddsDatanode-_-any-7010093351686516744.dir/webapp/,AVAILABLE}{/hddsDatanode}
2019-06-15 14:14:04,425 INFO  server.AbstractConnector (AbstractConnector.java:doStart(278)) - Started ServerConnector@14af73e1{HTTP/1.1,[http/1.1]}{0.0.0.0:40851}
2019-06-15 14:14:04,425 INFO  server.Server (Server.java:doStart(419)) - Started @18878ms
2019-06-15 14:14:04,426 INFO  server.BaseHttpServer (BaseHttpServer.java:updateConnectorAddress(207)) - HTTP server of HDDSDATANODE is listening at http://0.0.0.0:40851
2019-06-15 14:14:04,546 INFO  ozone.HddsDatanodeService (HddsDatanodeService.java:startPlugins(396)) - Started plug-in org.apache.hadoop.ozone.web.OzoneHddsDatanodeService@6d7e2795
2019-06-15 14:14:04,547 INFO  ozone.MiniOzoneClusterImpl (MiniOzoneClusterImpl.java:lambda$waitForClusterToBeReady$0(142)) - Waiting for cluster to be ready. Got 0 of 7 DN Heartbeats.
2019-06-15 14:14:04,558 INFO  util.JvmPauseMonitor (JvmPauseMonitor.java:run(188)) - Starting JVM pause monitor
2019-06-15 14:14:04,637 INFO  datanode.InitDatanodeState (InitDatanodeState.java:persistContainerDatanodeDetails(140)) - DatanodeDetails is persisted to /opt/src/hadoop-ozone/integration-test/target/test-dir/MiniOzoneClusterImpl-da264f4b-86ab-41e7-9dc3-3b38e302178a/datanode-6/meta/datanode.id
2019-06-15 14:14:05,353 INFO  ozoneimpl.OzoneContainer (OzoneContainer.java:start(186)) - Attempting to start container services.
2019-06-15 14:14:05,355 INFO  ozoneimpl.OzoneContainer (OzoneContainer.java:startContainerScrub(160)) - Background container scrubber has been disabled by hdds.containerscrub.enabled
2019-06-15 14:14:05,355 INFO  ratis.XceiverServerRatis (XceiverServerRatis.java:start(418)) - Starting XceiverServerRatis f8bb8dd7-d519-4feb-b424-f28ab6c7dc02 at port 45015
2019-06-15 14:14:05,358 INFO  impl.RaftServerProxy (RaftServerProxy.java:lambda$start$3(299)) - f8bb8dd7-d519-4feb-b424-f28ab6c7dc02: start RPC server
2019-06-15 14:14:05,359 INFO  server.GrpcService (GrpcService.java:startImpl(148)) - f8bb8dd7-d519-4feb-b424-f28ab6c7dc02: GrpcService started, listening on 0.0.0.0/0.0.0.0:45015
2019-06-15 14:14:05,533 INFO  ozoneimpl.OzoneContainer (OzoneContainer.java:start(186)) - Attempting to start container services.
2019-06-15 14:14:05,536 INFO  ozoneimpl.OzoneContainer (OzoneContainer.java:startContainerScrub(160)) - Background container scrubber has been disabled by hdds.containerscrub.enabled
2019-06-15 14:14:05,536 INFO  ratis.XceiverServerRatis (XceiverServerRatis.java:start(418)) - Starting XceiverServerRatis d640b49d-75fd-47e0-91a5-ddc3235196e9 at port 36587
2019-06-15 14:14:05,539 INFO  impl.RaftServerProxy (RaftServerProxy.java:lambda$start$3(299)) - d640b49d-75fd-47e0-91a5-ddc3235196e9: start RPC server
2019-06-15 14:14:05,540 INFO  server.GrpcService (GrpcService.java:startImpl(148)) - d640b49d-75fd-47e0-91a5-ddc3235196e9: GrpcService started, listening on 0.0.0.0/0.0.0.0:36587
2019-06-15 14:14:05,548 INFO  ozone.MiniOzoneClusterImpl (MiniOzoneClusterImpl.java:lambda$waitForClusterToBeReady$0(142)) - Waiting for cluster to be ready. Got 0 of 7 DN Heartbeats.
2019-06-15 14:14:05,734 INFO  ozoneimpl.OzoneContainer (OzoneContainer.java:start(186)) - Attempting to start container services.
2019-06-15 14:14:05,734 INFO  ozoneimpl.OzoneContainer (OzoneContainer.java:startContainerScrub(160)) - Background container scrubber has been disabled by hdds.containerscrub.enabled
2019-06-15 14:14:05,734 INFO  ratis.XceiverServerRatis (XceiverServerRatis.java:start(418)) - Starting XceiverServerRatis a147d26a-44f2-4d0e-ac1e-0f18000d7a21 at port 42057
2019-06-15 14:14:05,738 INFO  impl.RaftServerProxy (RaftServerProxy.java:lambda$start$3(299)) - a147d26a-44f2-4d0e-ac1e-0f18000d7a21: start RPC server
2019-06-15 14:14:05,738 INFO  server.GrpcService (GrpcService.java:startImpl(148)) - a147d26a-44f2-4d0e-ac1e-0f18000d7a21: GrpcService started, listening on 0.0.0.0/0.0.0.0:42057
2019-06-15 14:14:05,919 INFO  ozoneimpl.OzoneContainer (OzoneContainer.java:start(186)) - Attempting to start container services.
2019-06-15 14:14:05,919 INFO  ozoneimpl.OzoneContainer (OzoneContainer.java:startContainerScrub(160)) - Background container scrubber has been disabled by hdds.containerscrub.enabled
2019-06-15 14:14:05,919 INFO  ratis.XceiverServerRatis (XceiverServerRatis.java:start(418)) - Starting XceiverServerRatis ea4d1c43-0f6d-421d-8c14-440a538667e3 at port 41345
2019-06-15 14:14:05,923 INFO  impl.RaftServerProxy (RaftServerProxy.java:lambda$start$3(299)) - ea4d1c43-0f6d-421d-8c14-440a538667e3: start RPC server
2019-06-15 14:14:05,925 INFO  server.GrpcService (GrpcService.java:startImpl(148)) - ea4d1c43-0f6d-421d-8c14-440a538667e3: GrpcService started, listening on 0.0.0.0/0.0.0.0:41345
2019-06-15 14:14:06,141 INFO  ozoneimpl.OzoneContainer (OzoneContainer.java:start(186)) - Attempting to start container services.
2019-06-15 14:14:06,141 INFO  ozoneimpl.OzoneContainer (OzoneContainer.java:startContainerScrub(160)) - Background container scrubber has been disabled by hdds.containerscrub.enabled
2019-06-15 14:14:06,141 INFO  ratis.XceiverServerRatis (XceiverServerRatis.java:start(418)) - Starting XceiverServerRatis 3fded229-c612-486b-924b-2bdfef1e93ec at port 34187
2019-06-15 14:14:06,144 INFO  impl.RaftServerProxy (RaftServerProxy.java:lambda$start$3(299)) - 3fded229-c612-486b-924b-2bdfef1e93ec: start RPC server
2019-06-15 14:14:06,145 INFO  server.GrpcService (GrpcService.java:startImpl(148)) - 3fded229-c612-486b-924b-2bdfef1e93ec: GrpcService started, listening on 0.0.0.0/0.0.0.0:34187
2019-06-15 14:14:06,364 INFO  ozoneimpl.OzoneContainer (OzoneContainer.java:start(186)) - Attempting to start container services.
2019-06-15 14:14:06,364 INFO  ozoneimpl.OzoneContainer (OzoneContainer.java:startContainerScrub(160)) - Background container scrubber has been disabled by hdds.containerscrub.enabled
2019-06-15 14:14:06,364 INFO  ratis.XceiverServerRatis (XceiverServerRatis.java:start(418)) - Starting XceiverServerRatis 92357d0a-3796-43b0-8533-2fae59331ae4 at port 46113
2019-06-15 14:14:06,367 INFO  impl.RaftServerProxy (RaftServerProxy.java:lambda$start$3(299)) - 92357d0a-3796-43b0-8533-2fae59331ae4: start RPC server
2019-06-15 14:14:06,368 INFO  server.GrpcService (GrpcService.java:startImpl(148)) - 92357d0a-3796-43b0-8533-2fae59331ae4: GrpcService started, listening on 0.0.0.0/0.0.0.0:46113
2019-06-15 14:14:06,549 INFO  ozone.MiniOzoneClusterImpl (MiniOzoneClusterImpl.java:lambda$waitForClusterToBeReady$0(142)) - Waiting for cluster to be ready. Got 0 of 7 DN Heartbeats.
2019-06-15 14:14:06,562 INFO  ozoneimpl.OzoneContainer (OzoneContainer.java:start(186)) - Attempting to start container services.
2019-06-15 14:14:06,562 INFO  ozoneimpl.OzoneContainer (OzoneContainer.java:startContainerScrub(160)) - Background container scrubber has been disabled by hdds.containerscrub.enabled
2019-06-15 14:14:06,562 INFO  ratis.XceiverServerRatis (XceiverServerRatis.java:start(418)) - Starting XceiverServerRatis 2385b319-ba7b-4a78-b350-7902e88869ee at port 43299
2019-06-15 14:14:06,565 INFO  impl.RaftServerProxy (RaftServerProxy.java:lambda$start$3(299)) - 2385b319-ba7b-4a78-b350-7902e88869ee: start RPC server
2019-06-15 14:14:06,566 INFO  server.GrpcService (GrpcService.java:startImpl(148)) - 2385b319-ba7b-4a78-b350-7902e88869ee: GrpcService started, listening on 0.0.0.0/0.0.0.0:43299
2019-06-15 14:14:07,351 INFO  net.NetworkTopology (NetworkTopologyImpl.java:add(109)) - Added a new node: /default-rack/192.168.19.23
2019-06-15 14:14:07,352 INFO  node.SCMNodeManager (SCMNodeManager.java:register(269)) - Registered Data node : f8bb8dd7-d519-4feb-b424-f28ab6c7dc02{ip: 192.168.19.23, host: ozone-unit-076618677d3-hs227-2779846674, networkLocation: /default-rack, certSerialId: null}
2019-06-15 14:14:07,353 INFO  safemode.SCMSafeModeManager (DataNodeSafeModeRule.java:process(71)) - SCM in safe mode. 1 DataNodes registered, 1 required.
2019-06-15 14:14:07,354 INFO  safemode.SCMSafeModeManager (SCMSafeModeManager.java:validateSafeModeExitRules(177)) - ScmSafeModeManager, all rules are successfully validated
2019-06-15 14:14:07,355 INFO  safemode.SCMSafeModeManager (SCMSafeModeManager.java:exitSafeMode(193)) - SCM exiting safe mode.
2019-06-15 14:14:07,368 INFO  impl.RaftServerProxy (RaftServerProxy.java:addNew(89)) - f8bb8dd7-d519-4feb-b424-f28ab6c7dc02: addNew group-330FD0EAAC48:[f8bb8dd7-d519-4feb-b424-f28ab6c7dc02:192.168.19.23:45015] returns group-330FD0EAAC48:java.util.concurrent.CompletableFuture@5e230956[Not completed]
2019-06-15 14:14:07,368 INFO  impl.RaftServerImpl (RaftServerImpl.java:<init>(91)) - f8bb8dd7-d519-4feb-b424-f28ab6c7dc02: new RaftServerImpl for group-330FD0EAAC48:[f8bb8dd7-d519-4feb-b424-f28ab6c7dc02:192.168.19.23:45015] with ContainerStateMachine:uninitialized
2019-06-15 14:14:07,368 INFO  server.RaftServerConfigKeys (ConfUtils.java:logGet(43)) - raft.server.rpc.timeout.min = 1s (custom)
2019-06-15 14:14:07,368 INFO  server.RaftServerConfigKeys (ConfUtils.java:logGet(43)) - raft.server.rpc.timeout.max = 1200ms (custom)
2019-06-15 14:14:07,368 INFO  server.RaftServerConfigKeys (ConfUtils.java:logGet(43)) - raft.server.rpcslowness.timeout = 120s (custom)
2019-06-15 14:14:07,369 INFO  server.RaftServerConfigKeys (ConfUtils.java:logGet(43)) - raft.server.log.appender.install.snapshot.enabled = true (default)
2019-06-15 14:14:07,369 INFO  impl.RaftServerImpl (ServerState.java:<init>(101)) - f8bb8dd7-d519-4feb-b424-f28ab6c7dc02:group-330FD0EAAC48 ConfigurationManager, init=-1: [f8bb8dd7-d519-4feb-b424-f28ab6c7dc02:192.168.19.23:45015], old=null, confs=<EMPTY_MAP>
2019-06-15 14:14:07,369 INFO  server.RaftServerConfigKeys (ConfUtils.java:logGet(43)) - raft.server.storage.dir = [/opt/src/hadoop-ozone/integration-test/target/test-dir/MiniOzoneClusterImpl-da264f4b-86ab-41e7-9dc3-3b38e302178a/datanode-0/data/ratis] (custom)
2019-06-15 14:14:07,369 INFO  storage.RaftStorageDirectory (RaftStorageDirectory.java:analyzeStorage(246)) - The storage directory /opt/src/hadoop-ozone/integration-test/target/test-dir/MiniOzoneClusterImpl-da264f4b-86ab-41e7-9dc3-3b38e302178a/datanode-0/data/ratis/f16102ee-8ca4-4128-8bc3-330fd0eaac48 does not exist. Creating ...
2019-06-15 14:14:07,372 INFO  storage.RaftStorageDirectory (RaftStorageDirectory.java:tryLock(328)) - Lock on /opt/src/hadoop-ozone/integration-test/target/test-dir/MiniOzoneClusterImpl-da264f4b-86ab-41e7-9dc3-3b38e302178a/datanode-0/data/ratis/f16102ee-8ca4-4128-8bc3-330fd0eaac48/in_use.lock acquired by nodename 29898@ozone-unit-076618677d3-hs227-2779846674
2019-06-15 14:14:07,374 INFO  storage.RaftStorage (RaftStorage.java:format(75)) - Storage directory /opt/src/hadoop-ozone/integration-test/target/test-dir/MiniOzoneClusterImpl-da264f4b-86ab-41e7-9dc3-3b38e302178a/datanode-0/data/ratis/f16102ee-8ca4-4128-8bc3-330fd0eaac48 has been successfully formatted.
2019-06-15 14:14:07,374 INFO  ratis.ContainerStateMachine (ContainerStateMachine.java:loadSnapshot(199)) - The snapshot info is null.Setting the last applied index to:(t:0, i:~)
2019-06-15 14:14:07,374 INFO  server.RaftServerConfigKeys (ConfUtils.java:logGet(43)) - raft.server.leader.election.timeout = 120s (custom)
2019-06-15 14:14:07,374 INFO  server.RaftServerConfigKeys (ConfUtils.java:logGet(43)) - raft.server.log.use.memory = false (default)
2019-06-15 14:14:07,375 INFO  server.RaftServerConfigKeys (ConfUtils.java:logGet(43)) - raft.server.log.appender.buffer.byte-limit = 33554432 (custom)
2019-06-15 14:14:07,375 INFO  server.RaftServerConfigKeys (ConfUtils.java:logGet(43)) - raft.server.log.segment.size.max = 16384 (custom)
2019-06-15 14:14:07,375 INFO  server.RaftServerConfigKeys (ConfUtils.java:logGet(43)) - raft.server.log.segment.cache.num.max = 2 (custom)
2019-06-15 14:14:07,375 INFO  storage.RaftLogWorker (RaftLogWorker.java:<init>(123)) - new f8bb8dd7-d519-4feb-b424-f28ab6c7dc02-RaftLogWorker for Storage Directory /opt/src/hadoop-ozone/integration-test/target/test-dir/MiniOzoneClusterImpl-da264f4b-86ab-41e7-9dc3-3b38e302178a/datanode-0/data/ratis/f16102ee-8ca4-4128-8bc3-330fd0eaac48
2019-06-15 14:14:07,375 INFO  server.RaftServerConfigKeys (ConfUtils.java:logGet(43)) - raft.server.log.queue.byte-limit = 2147483647 (custom)
2019-06-15 14:14:07,375 INFO  server.RaftServerConfigKeys (ConfUtils.java:logGet(43)) - raft.server.log.queue.element-limit = 1024 (custom)
2019-06-15 14:14:07,375 INFO  server.RaftServerConfigKeys (ConfUtils.java:logGet(43)) - raft.server.log.segment.size.max = 16384 (custom)
2019-06-15 14:14:07,375 INFO  server.RaftServerConfigKeys (ConfUtils.java:logGet(43)) - raft.server.log.preallocated.size = 16384 (custom)
2019-06-15 14:14:07,375 INFO  server.RaftServerConfigKeys (ConfUtils.java:logGet(43)) - raft.server.log.write.buffer.size = 33554432 (custom)
2019-06-15 14:14:07,375 INFO  server.RaftServerConfigKeys (ConfUtils.java:logGet(43)) - raft.server.log.force.sync.num = 128 (default)
2019-06-15 14:14:07,375 INFO  server.RaftServerConfigKeys (ConfUtils.java:logGet(43)) - raft.server.log.statemachine.data.sync = true (default)
2019-06-15 14:14:07,375 INFO  server.RaftServerConfigKeys (ConfUtils.java:logGet(43)) - raft.server.log.statemachine.data.sync.timeout = 10s (default)
2019-06-15 14:14:07,375 INFO  server.RaftServerConfigKeys (ConfUtils.java:logGet(43)) - raft.server.log.statemachine.data.sync.timeout.retry = -1 (default)
2019-06-15 14:14:07,375 INFO  server.RaftServerConfigKeys (ConfUtils.java:logGet(43)) - raft.server.log.statemachine.data.caching.enabled = true (custom)
2019-06-15 14:14:07,376 INFO  server.RaftServerConfigKeys (ConfUtils.java:logGet(43)) - raft.server.snapshot.auto.trigger.enabled = true (custom)
2019-06-15 14:14:07,376 INFO  server.RaftServerConfigKeys (ConfUtils.java:logGet(43)) - raft.server.snapshot.auto.trigger.threshold = 10000 (custom)
2019-06-15 14:14:07,376 INFO  server.RaftServerConfigKeys (ConfUtils.java:logGet(43)) - raft.server.retrycache.expirytime = 600000ms (custom)
2019-06-15 14:14:07,376 INFO  impl.RaftServerImpl (RaftServerImpl.java:start(173)) - f8bb8dd7-d519-4feb-b424-f28ab6c7dc02: start group-330FD0EAAC48
2019-06-15 14:14:07,376 INFO  impl.RaftServerImpl (RaftServerImpl.java:setRole(164)) - f8bb8dd7-d519-4feb-b424-f28ab6c7dc02:group-330FD0EAAC48 changes role from null to FOLLOWER at term 0 for startAsFollower
2019-06-15 14:14:07,376 INFO  impl.RoleInfo (RoleInfo.java:updateAndGet(143)) - f8bb8dd7-d519-4feb-b424-f28ab6c7dc02: start FollowerState
2019-06-15 14:14:07,377 INFO  util.JmxRegister (JmxRegister.java:tryRegister(44)) - Successfully registered JMX Bean with object name Ratis:service=RaftServer,group=group-330FD0EAAC48,id=f8bb8dd7-d519-4feb-b424-f28ab6c7dc02
2019-06-15 14:14:07,382 INFO  pipeline.PipelineStateManager (PipelineStateManager.java:addPipeline(56)) - Created pipeline Pipeline[ Id: f16102ee-8ca4-4128-8bc3-330fd0eaac48, Nodes: f8bb8dd7-d519-4feb-b424-f28ab6c7dc02{ip: 192.168.19.23, host: ozone-unit-076618677d3-hs227-2779846674, networkLocation: /default-rack, certSerialId: null}, Type:RATIS, Factor:ONE, State:OPEN]
2019-06-15 14:14:07,528 INFO  node.SCMNodeManager (SCMNodeManager.java:register(269)) - Registered Data node : d640b49d-75fd-47e0-91a5-ddc3235196e9{ip: 192.168.19.23, host: ozone-unit-076618677d3-hs227-2779846674, networkLocation: /default-rack, certSerialId: null}
2019-06-15 14:14:07,537 INFO  impl.RaftServerProxy (RaftServerProxy.java:addNew(89)) - d640b49d-75fd-47e0-91a5-ddc3235196e9: addNew group-E30BC45FC591:[d640b49d-75fd-47e0-91a5-ddc3235196e9:192.168.19.23:36587] returns group-E30BC45FC591:java.util.concurrent.CompletableFuture@72f81cdd[Not completed]
2019-06-15 14:14:07,538 INFO  impl.RaftServerImpl (RaftServerImpl.java:<init>(91)) - d640b49d-75fd-47e0-91a5-ddc3235196e9: new RaftServerImpl for group-E30BC45FC591:[d640b49d-75fd-47e0-91a5-ddc3235196e9:192.168.19.23:36587] with ContainerStateMachine:uninitialized
2019-06-15 14:14:07,538 INFO  server.RaftServerConfigKeys (ConfUtils.java:logGet(43)) - raft.server.rpc.timeout.min = 1s (custom)
2019-06-15 14:14:07,538 INFO  server.RaftServerConfigKeys (ConfUtils.java:logGet(43)) - raft.server.rpc.timeout.max = 1200ms (custom)
2019-06-15 14:14:07,538 INFO  server.RaftServerConfigKeys (ConfUtils.java:logGet(43)) - raft.server.rpcslowness.timeout = 120s (custom)
2019-06-15 14:14:07,538 INFO  server.RaftServerConfigKeys (ConfUtils.java:logGet(43)) - raft.server.log.appender.install.snapshot.enabled = true (default)
2019-06-15 14:14:07,538 INFO  impl.RaftServerImpl (ServerState.java:<init>(101)) - d640b49d-75fd-47e0-91a5-ddc3235196e9:group-E30BC45FC591 ConfigurationManager, init=-1: [d640b49d-75fd-47e0-91a5-ddc3235196e9:192.168.19.23:36587], old=null, confs=<EMPTY_MAP>
2019-06-15 14:14:07,538 INFO  server.RaftServerConfigKeys (ConfUtils.java:logGet(43)) - raft.server.storage.dir = [/opt/src/hadoop-ozone/integration-test/target/test-dir/MiniOzoneClusterImpl-da264f4b-86ab-41e7-9dc3-3b38e302178a/datanode-1/data/ratis] (custom)
2019-06-15 14:14:07,539 INFO  storage.RaftStorageDirectory (RaftStorageDirectory.java:analyzeStorage(246)) - The storage directory /opt/src/hadoop-ozone/integration-test/target/test-dir/MiniOzoneClusterImpl-da264f4b-86ab-41e7-9dc3-3b38e302178a/datanode-1/data/ratis/5d497c12-9ca3-4e98-955e-e30bc45fc591 does not exist. Creating ...
2019-06-15 14:14:07,541 INFO  storage.RaftStorageDirectory (RaftStorageDirectory.java:tryLock(328)) - Lock on /opt/src/hadoop-ozone/integration-test/target/test-dir/MiniOzoneClusterImpl-da264f4b-86ab-41e7-9dc3-3b38e302178a/datanode-1/data/ratis/5d497c12-9ca3-4e98-955e-e30bc45fc591/in_use.lock acquired by nodename 29898@ozone-unit-076618677d3-hs227-2779846674
2019-06-15 14:14:07,543 INFO  storage.RaftStorage (RaftStorage.java:format(75)) - Storage directory /opt/src/hadoop-ozone/integration-test/target/test-dir/MiniOzoneClusterImpl-da264f4b-86ab-41e7-9dc3-3b38e302178a/datanode-1/data/ratis/5d497c12-9ca3-4e98-955e-e30bc45fc591 has been successfully formatted.
2019-06-15 14:14:07,543 INFO  ratis.ContainerStateMachine (ContainerStateMachine.java:loadSnapshot(199)) - The snapshot info is null.Setting the last applied index to:(t:0, i:~)
2019-06-15 14:14:07,544 INFO  server.RaftServerConfigKeys (ConfUtils.java:logGet(43)) - raft.server.leader.election.timeout = 120s (custom)
2019-06-15 14:14:07,544 INFO  server.RaftServerConfigKeys (ConfUtils.java:logGet(43)) - raft.server.log.use.memory = false (default)
2019-06-15 14:14:07,544 INFO  server.RaftServerConfigKeys (ConfUtils.java:logGet(43)) - raft.server.log.appender.buffer.byte-limit = 33554432 (custom)
2019-06-15 14:14:07,544 INFO  server.RaftServerConfigKeys (ConfUtils.java:logGet(43)) - raft.server.log.segment.size.max = 16384 (custom)
2019-06-15 14:14:07,544 INFO  server.RaftServerConfigKeys (ConfUtils.java:logGet(43)) - raft.server.log.segment.cache.num.max = 2 (custom)
2019-06-15 14:14:07,544 INFO  storage.RaftLogWorker (RaftLogWorker.java:<init>(123)) - new d640b49d-75fd-47e0-91a5-ddc3235196e9-RaftLogWorker for Storage Directory /opt/src/hadoop-ozone/integration-test/target/test-dir/MiniOzoneClusterImpl-da264f4b-86ab-41e7-9dc3-3b38e302178a/datanode-1/data/ratis/5d497c12-9ca3-4e98-955e-e30bc45fc591
2019-06-15 14:14:07,544 INFO  server.RaftServerConfigKeys (ConfUtils.java:logGet(43)) - raft.server.log.queue.byte-limit = 2147483647 (custom)
2019-06-15 14:14:07,544 INFO  server.RaftServerConfigKeys (ConfUtils.java:logGet(43)) - raft.server.log.queue.element-limit = 1024 (custom)
2019-06-15 14:14:07,544 INFO  server.RaftServerConfigKeys (ConfUtils.java:logGet(43)) - raft.server.log.segment.size.max = 16384 (custom)
2019-06-15 14:14:07,544 INFO  server.RaftServerConfigKeys (ConfUtils.java:logGet(43)) - raft.server.log.preallocated.size = 16384 (custom)
2019-06-15 14:14:07,544 INFO  server.RaftServerConfigKeys (ConfUtils.java:logGet(43)) - raft.server.log.write.buffer.size = 33554432 (custom)
2019-06-15 14:14:07,544 INFO  server.RaftServerConfigKeys (ConfUtils.java:logGet(43)) - raft.server.log.force.sync.num = 128 (default)
2019-06-15 14:14:07,544 INFO  server.RaftServerConfigKeys (ConfUtils.java:logGet(43)) - raft.server.log.statemachine.data.sync = true (default)
2019-06-15 14:14:07,545 INFO  server.RaftServerConfigKeys (ConfUtils.java:logGet(43)) - raft.server.log.statemachine.data.sync.timeout = 10s (default)
2019-06-15 14:14:07,545 INFO  server.RaftServerConfigKeys (ConfUtils.java:logGet(43)) - raft.server.log.statemachine.data.sync.timeout.retry = -1 (default)
2019-06-15 14:14:07,545 INFO  server.RaftServerConfigKeys (ConfUtils.java:logGet(43)) - raft.server.log.statemachine.data.caching.enabled = true (custom)
2019-06-15 14:14:07,545 INFO  server.RaftServerConfigKeys (ConfUtils.java:logGet(43)) - raft.server.snapshot.auto.trigger.enabled = true (custom)
2019-06-15 14:14:07,545 INFO  server.RaftServerConfigKeys (ConfUtils.java:logGet(43)) - raft.server.snapshot.auto.trigger.threshold = 10000 (custom)
2019-06-15 14:14:07,545 INFO  server.RaftServerConfigKeys (ConfUtils.java:logGet(43)) - raft.server.retrycache.expirytime = 600000ms (custom)
2019-06-15 14:14:07,545 INFO  impl.RaftServerImpl (RaftServerImpl.java:start(173)) - d640b49d-75fd-47e0-91a5-ddc3235196e9: start group-E30BC45FC591
2019-06-15 14:14:07,546 INFO  impl.RaftServerImpl (RaftServerImpl.java:setRole(164)) - d640b49d-75fd-47e0-91a5-ddc3235196e9:group-E30BC45FC591 changes role from null to FOLLOWER at term 0 for startAsFollower
2019-06-15 14:14:07,546 INFO  impl.RoleInfo (RoleInfo.java:updateAndGet(143)) - d640b49d-75fd-47e0-91a5-ddc3235196e9: start FollowerState
2019-06-15 14:14:07,546 INFO  util.JmxRegister (JmxRegister.java:tryRegister(44)) - Successfully registered JMX Bean with object name Ratis:service=RaftServer,group=group-E30BC45FC591,id=d640b49d-75fd-47e0-91a5-ddc3235196e9
2019-06-15 14:14:07,549 INFO  pipeline.PipelineStateManager (PipelineStateManager.java:addPipeline(56)) - Created pipeline Pipeline[ Id: 5d497c12-9ca3-4e98-955e-e30bc45fc591, Nodes: d640b49d-75fd-47e0-91a5-ddc3235196e9{ip: 192.168.19.23, host: ozone-unit-076618677d3-hs227-2779846674, networkLocation: /default-rack, certSerialId: null}, Type:RATIS, Factor:ONE, State:OPEN]
2019-06-15 14:14:07,549 INFO  ozone.MiniOzoneClusterImpl (MiniOzoneClusterImpl.java:lambda$waitForClusterToBeReady$0(142)) - Waiting for cluster to be ready. Got 2 of 7 DN Heartbeats.
2019-06-15 14:14:07,732 INFO  node.SCMNodeManager (SCMNodeManager.java:register(269)) - Registered Data node : a147d26a-44f2-4d0e-ac1e-0f18000d7a21{ip: 192.168.19.23, host: ozone-unit-076618677d3-hs227-2779846674, networkLocation: /default-rack, certSerialId: null}
2019-06-15 14:14:07,741 INFO  impl.RaftServerProxy (RaftServerProxy.java:addNew(89)) - a147d26a-44f2-4d0e-ac1e-0f18000d7a21: addNew group-DD0619CBCBE5:[a147d26a-44f2-4d0e-ac1e-0f18000d7a21:192.168.19.23:42057] returns group-DD0619CBCBE5:java.util.concurrent.CompletableFuture@12c1275b[Not completed]
2019-06-15 14:14:07,742 INFO  impl.RaftServerImpl (RaftServerImpl.java:<init>(91)) - a147d26a-44f2-4d0e-ac1e-0f18000d7a21: new RaftServerImpl for group-DD0619CBCBE5:[a147d26a-44f2-4d0e-ac1e-0f18000d7a21:192.168.19.23:42057] with ContainerStateMachine:uninitialized
2019-06-15 14:14:07,742 INFO  server.RaftServerConfigKeys (ConfUtils.java:logGet(43)) - raft.server.rpc.timeout.min = 1s (custom)
2019-06-15 14:14:07,742 INFO  server.RaftServerConfigKeys (ConfUtils.java:logGet(43)) - raft.server.rpc.timeout.max = 1200ms (custom)
2019-06-15 14:14:07,742 INFO  server.RaftServerConfigKeys (ConfUtils.java:logGet(43)) - raft.server.rpcslowness.timeout = 120s (custom)
2019-06-15 14:14:07,742 INFO  server.RaftServerConfigKeys (ConfUtils.java:logGet(43)) - raft.server.log.appender.install.snapshot.enabled = true (default)
2019-06-15 14:14:07,742 INFO  impl.RaftServerImpl (ServerState.java:<init>(101)) - a147d26a-44f2-4d0e-ac1e-0f18000d7a21:group-DD0619CBCBE5 ConfigurationManager, init=-1: [a147d26a-44f2-4d0e-ac1e-0f18000d7a21:192.168.19.23:42057], old=null, confs=<EMPTY_MAP>
2019-06-15 14:14:07,743 INFO  server.RaftServerConfigKeys (ConfUtils.java:logGet(43)) - raft.server.storage.dir = [/opt/src/hadoop-ozone/integration-test/target/test-dir/MiniOzoneClusterImpl-da264f4b-86ab-41e7-9dc3-3b38e302178a/datanode-2/data/ratis] (custom)
2019-06-15 14:14:07,743 INFO  storage.RaftStorageDirectory (RaftStorageDirectory.java:analyzeStorage(246)) - The storage directory /opt/src/hadoop-ozone/integration-test/target/test-dir/MiniOzoneClusterImpl-da264f4b-86ab-41e7-9dc3-3b38e302178a/datanode-2/data/ratis/9dcab00c-a9bd-43e0-93ff-dd0619cbcbe5 does not exist. Creating ...
2019-06-15 14:14:07,745 INFO  storage.RaftStorageDirectory (RaftStorageDirectory.java:tryLock(328)) - Lock on /opt/src/hadoop-ozone/integration-test/target/test-dir/MiniOzoneClusterImpl-da264f4b-86ab-41e7-9dc3-3b38e302178a/datanode-2/data/ratis/9dcab00c-a9bd-43e0-93ff-dd0619cbcbe5/in_use.lock acquired by nodename 29898@ozone-unit-076618677d3-hs227-2779846674
2019-06-15 14:14:07,747 INFO  storage.RaftStorage (RaftStorage.java:format(75)) - Storage directory /opt/src/hadoop-ozone/integration-test/target/test-dir/MiniOzoneClusterImpl-da264f4b-86ab-41e7-9dc3-3b38e302178a/datanode-2/data/ratis/9dcab00c-a9bd-43e0-93ff-dd0619cbcbe5 has been successfully formatted.
2019-06-15 14:14:07,747 INFO  ratis.ContainerStateMachine (ContainerStateMachine.java:loadSnapshot(199)) - The snapshot info is null.Setting the last applied index to:(t:0, i:~)
2019-06-15 14:14:07,748 INFO  server.RaftServerConfigKeys (ConfUtils.java:logGet(43)) - raft.server.leader.election.timeout = 120s (custom)
2019-06-15 14:14:07,748 INFO  server.RaftServerConfigKeys (ConfUtils.java:logGet(43)) - raft.server.log.use.memory = false (default)
2019-06-15 14:14:07,748 INFO  server.RaftServerConfigKeys (ConfUtils.java:logGet(43)) - raft.server.log.appender.buffer.byte-limit = 33554432 (custom)
2019-06-15 14:14:07,748 INFO  server.RaftServerConfigKeys (ConfUtils.java:logGet(43)) - raft.server.log.segment.size.max = 16384 (custom)
2019-06-15 14:14:07,748 INFO  server.RaftServerConfigKeys (ConfUtils.java:logGet(43)) - raft.server.log.segment.cache.num.max = 2 (custom)
2019-06-15 14:14:07,748 INFO  storage.RaftLogWorker (RaftLogWorker.java:<init>(123)) - new a147d26a-44f2-4d0e-ac1e-0f18000d7a21-RaftLogWorker for Storage Directory /opt/src/hadoop-ozone/integration-test/target/test-dir/MiniOzoneClusterImpl-da264f4b-86ab-41e7-9dc3-3b38e302178a/datanode-2/data/ratis/9dcab00c-a9bd-43e0-93ff-dd0619cbcbe5
2019-06-15 14:14:07,748 INFO  server.RaftServerConfigKeys (ConfUtils.java:logGet(43)) - raft.server.log.queue.byte-limit = 2147483647 (custom)
2019-06-15 14:14:07,748 INFO  server.RaftServerConfigKeys (ConfUtils.java:logGet(43)) - raft.server.log.queue.element-limit = 1024 (custom)
2019-06-15 14:14:07,748 INFO  server.RaftServerConfigKeys (ConfUtils.java:logGet(43)) - raft.server.log.segment.size.max = 16384 (custom)
2019-06-15 14:14:07,748 INFO  server.RaftServerConfigKeys (ConfUtils.java:logGet(43)) - raft.server.log.preallocated.size = 16384 (custom)
2019-06-15 14:14:07,748 INFO  server.RaftServerConfigKeys (ConfUtils.java:logGet(43)) - raft.server.log.write.buffer.size = 33554432 (custom)
2019-06-15 14:14:07,748 INFO  server.RaftServerConfigKeys (ConfUtils.java:logGet(43)) - raft.server.log.force.sync.num = 128 (default)
2019-06-15 14:14:07,748 INFO  server.RaftServerConfigKeys (ConfUtils.java:logGet(43)) - raft.server.log.statemachine.data.sync = true (default)
2019-06-15 14:14:07,748 INFO  server.RaftServerConfigKeys (ConfUtils.java:logGet(43)) - raft.server.log.statemachine.data.sync.timeout = 10s (default)
2019-06-15 14:14:07,749 INFO  server.RaftServerConfigKeys (ConfUtils.java:logGet(43)) - raft.server.log.statemachine.data.sync.timeout.retry = -1 (default)
2019-06-15 14:14:07,749 INFO  server.RaftServerConfigKeys (ConfUtils.java:logGet(43)) - raft.server.log.statemachine.data.caching.enabled = true (custom)
2019-06-15 14:14:07,749 INFO  server.RaftServerConfigKeys (ConfUtils.java:logGet(43)) - raft.server.snapshot.auto.trigger.enabled = true (custom)
2019-06-15 14:14:07,749 INFO  server.RaftServerConfigKeys (ConfUtils.java:logGet(43)) - raft.server.snapshot.auto.trigger.threshold = 10000 (custom)
2019-06-15 14:14:07,749 INFO  server.RaftServerConfigKeys (ConfUtils.java:logGet(43)) - raft.server.retrycache.expirytime = 600000ms (custom)
2019-06-15 14:14:07,749 INFO  impl.RaftServerImpl (RaftServerImpl.java:start(173)) - a147d26a-44f2-4d0e-ac1e-0f18000d7a21: start group-DD0619CBCBE5
2019-06-15 14:14:07,749 INFO  impl.RaftServerImpl (RaftServerImpl.java:setRole(164)) - a147d26a-44f2-4d0e-ac1e-0f18000d7a21:group-DD0619CBCBE5 changes role from null to FOLLOWER at term 0 for startAsFollower
2019-06-15 14:14:07,749 INFO  impl.RoleInfo (RoleInfo.java:updateAndGet(143)) - a147d26a-44f2-4d0e-ac1e-0f18000d7a21: start FollowerState
2019-06-15 14:14:07,750 INFO  util.JmxRegister (JmxRegister.java:tryRegister(44)) - Successfully registered JMX Bean with object name Ratis:service=RaftServer,group=group-DD0619CBCBE5,id=a147d26a-44f2-4d0e-ac1e-0f18000d7a21
2019-06-15 14:14:07,753 INFO  pipeline.PipelineStateManager (PipelineStateManager.java:addPipeline(56)) - Created pipeline Pipeline[ Id: 9dcab00c-a9bd-43e0-93ff-dd0619cbcbe5, Nodes: a147d26a-44f2-4d0e-ac1e-0f18000d7a21{ip: 192.168.19.23, host: ozone-unit-076618677d3-hs227-2779846674, networkLocation: /default-rack, certSerialId: null}, Type:RATIS, Factor:ONE, State:OPEN]
2019-06-15 14:14:07,782 INFO  impl.RaftServerProxy (RaftServerProxy.java:addNew(89)) - a147d26a-44f2-4d0e-ac1e-0f18000d7a21: addNew group-431FBC8113DD:[a147d26a-44f2-4d0e-ac1e-0f18000d7a21:192.168.19.23:42057, d640b49d-75fd-47e0-91a5-ddc3235196e9:192.168.19.23:36587, f8bb8dd7-d519-4feb-b424-f28ab6c7dc02:192.168.19.23:45015] returns group-431FBC8113DD:java.util.concurrent.CompletableFuture@1966c7cf[Not completed]
2019-06-15 14:14:07,782 INFO  impl.RaftServerProxy (RaftServerProxy.java:addNew(89)) - d640b49d-75fd-47e0-91a5-ddc3235196e9: addNew group-431FBC8113DD:[a147d26a-44f2-4d0e-ac1e-0f18000d7a21:192.168.19.23:42057, d640b49d-75fd-47e0-91a5-ddc3235196e9:192.168.19.23:36587, f8bb8dd7-d519-4feb-b424-f28ab6c7dc02:192.168.19.23:45015] returns group-431FBC8113DD:java.util.concurrent.CompletableFuture@2a23b5e0[Not completed]
2019-06-15 14:14:07,783 INFO  impl.RaftServerImpl (RaftServerImpl.java:<init>(91)) - f8bb8dd7-d519-4feb-b424-f28ab6c7dc02: new RaftServerImpl for group-431FBC8113DD:[a147d26a-44f2-4d0e-ac1e-0f18000d7a21:192.168.19.23:42057, d640b49d-75fd-47e0-91a5-ddc3235196e9:192.168.19.23:36587, f8bb8dd7-d519-4feb-b424-f28ab6c7dc02:192.168.19.23:45015] with ContainerStateMachine:uninitialized
2019-06-15 14:14:07,782 INFO  impl.RaftServerProxy (RaftServerProxy.java:addNew(89)) - f8bb8dd7-d519-4feb-b424-f28ab6c7dc02: addNew group-431FBC8113DD:[a147d26a-44f2-4d0e-ac1e-0f18000d7a21:192.168.19.23:42057, d640b49d-75fd-47e0-91a5-ddc3235196e9:192.168.19.23:36587, f8bb8dd7-d519-4feb-b424-f28ab6c7dc02:192.168.19.23:45015] returns group-431FBC8113DD:java.util.concurrent.CompletableFuture@2ca017a4[Not completed]
2019-06-15 14:14:07,783 INFO  server.RaftServerConfigKeys (ConfUtils.java:logGet(43)) - raft.server.rpc.timeout.min = 1s (custom)
2019-06-15 14:14:07,783 INFO  server.RaftServerConfigKeys (ConfUtils.java:logGet(43)) - raft.server.rpc.timeout.max = 1200ms (custom)
2019-06-15 14:14:07,783 INFO  server.RaftServerConfigKeys (ConfUtils.java:logGet(43)) - raft.server.rpcslowness.timeout = 120s (custom)
2019-06-15 14:14:07,783 INFO  server.RaftServerConfigKeys (ConfUtils.java:logGet(43)) - raft.server.log.appender.install.snapshot.enabled = true (default)
2019-06-15 14:14:07,783 INFO  impl.RaftServerImpl (ServerState.java:<init>(101)) - f8bb8dd7-d519-4feb-b424-f28ab6c7dc02:group-431FBC8113DD ConfigurationManager, init=-1: [a147d26a-44f2-4d0e-ac1e-0f18000d7a21:192.168.19.23:42057, d640b49d-75fd-47e0-91a5-ddc3235196e9:192.168.19.23:36587, f8bb8dd7-d519-4feb-b424-f28ab6c7dc02:192.168.19.23:45015], old=null, confs=<EMPTY_MAP>
2019-06-15 14:14:07,783 INFO  server.RaftServerConfigKeys (ConfUtils.java:logGet(43)) - raft.server.storage.dir = [/opt/src/hadoop-ozone/integration-test/target/test-dir/MiniOzoneClusterImpl-da264f4b-86ab-41e7-9dc3-3b38e302178a/datanode-0/data/ratis] (custom)
2019-06-15 14:14:07,784 INFO  storage.RaftStorageDirectory (RaftStorageDirectory.java:analyzeStorage(246)) - The storage directory /opt/src/hadoop-ozone/integration-test/target/test-dir/MiniOzoneClusterImpl-da264f4b-86ab-41e7-9dc3-3b38e302178a/datanode-0/data/ratis/b090a023-e87f-43d7-92c3-431fbc8113dd does not exist. Creating ...
2019-06-15 14:14:07,783 INFO  impl.RaftServerImpl (RaftServerImpl.java:<init>(91)) - d640b49d-75fd-47e0-91a5-ddc3235196e9: new RaftServerImpl for group-431FBC8113DD:[a147d26a-44f2-4d0e-ac1e-0f18000d7a21:192.168.19.23:42057, d640b49d-75fd-47e0-91a5-ddc3235196e9:192.168.19.23:36587, f8bb8dd7-d519-4feb-b424-f28ab6c7dc02:192.168.19.23:45015] with ContainerStateMachine:uninitialized
2019-06-15 14:14:07,783 INFO  impl.RaftServerImpl (RaftServerImpl.java:<init>(91)) - a147d26a-44f2-4d0e-ac1e-0f18000d7a21: new RaftServerImpl for group-431FBC8113DD:[a147d26a-44f2-4d0e-ac1e-0f18000d7a21:192.168.19.23:42057, d640b49d-75fd-47e0-91a5-ddc3235196e9:192.168.19.23:36587, f8bb8dd7-d519-4feb-b424-f28ab6c7dc02:192.168.19.23:45015] with ContainerStateMachine:uninitialized
2019-06-15 14:14:07,784 INFO  server.RaftServerConfigKeys (ConfUtils.java:logGet(43)) - raft.server.rpc.timeout.min = 1s (custom)
2019-06-15 14:14:07,784 INFO  server.RaftServerConfigKeys (ConfUtils.java:logGet(43)) - raft.server.rpc.timeout.min = 1s (custom)
2019-06-15 14:14:07,784 INFO  server.RaftServerConfigKeys (ConfUtils.java:logGet(43)) - raft.server.rpc.timeout.max = 1200ms (custom)
2019-06-15 14:14:07,785 INFO  server.RaftServerConfigKeys (ConfUtils.java:logGet(43)) - raft.server.rpc.timeout.max = 1200ms (custom)
2019-06-15 14:14:07,785 INFO  server.RaftServerConfigKeys (ConfUtils.java:logGet(43)) - raft.server.rpcslowness.timeout = 120s (custom)
2019-06-15 14:14:07,785 INFO  server.RaftServerConfigKeys (ConfUtils.java:logGet(43)) - raft.server.rpcslowness.timeout = 120s (custom)
2019-06-15 14:14:07,785 INFO  server.RaftServerConfigKeys (ConfUtils.java:logGet(43)) - raft.server.log.appender.install.snapshot.enabled = true (default)
2019-06-15 14:14:07,785 INFO  server.RaftServerConfigKeys (ConfUtils.java:logGet(43)) - raft.server.log.appender.install.snapshot.enabled = true (default)
2019-06-15 14:14:07,785 INFO  impl.RaftServerImpl (ServerState.java:<init>(101)) - d640b49d-75fd-47e0-91a5-ddc3235196e9:group-431FBC8113DD ConfigurationManager, init=-1: [a147d26a-44f2-4d0e-ac1e-0f18000d7a21:192.168.19.23:42057, d640b49d-75fd-47e0-91a5-ddc3235196e9:192.168.19.23:36587, f8bb8dd7-d519-4feb-b424-f28ab6c7dc02:192.168.19.23:45015], old=null, confs=<EMPTY_MAP>
2019-06-15 14:14:07,785 INFO  impl.RaftServerImpl (ServerState.java:<init>(101)) - a147d26a-44f2-4d0e-ac1e-0f18000d7a21:group-431FBC8113DD ConfigurationManager, init=-1: [a147d26a-44f2-4d0e-ac1e-0f18000d7a21:192.168.19.23:42057, d640b49d-75fd-47e0-91a5-ddc3235196e9:192.168.19.23:36587, f8bb8dd7-d519-4feb-b424-f28ab6c7dc02:192.168.19.23:45015], old=null, confs=<EMPTY_MAP>
2019-06-15 14:14:07,786 INFO  server.RaftServerConfigKeys (ConfUtils.java:logGet(43)) - raft.server.storage.dir = [/opt/src/hadoop-ozone/integration-test/target/test-dir/MiniOzoneClusterImpl-da264f4b-86ab-41e7-9dc3-3b38e302178a/datanode-1/data/ratis] (custom)
2019-06-15 14:14:07,786 INFO  server.RaftServerConfigKeys (ConfUtils.java:logGet(43)) - raft.server.storage.dir = [/opt/src/hadoop-ozone/integration-test/target/test-dir/MiniOzoneClusterImpl-da264f4b-86ab-41e7-9dc3-3b38e302178a/datanode-2/data/ratis] (custom)
2019-06-15 14:14:07,786 INFO  storage.RaftStorageDirectory (RaftStorageDirectory.java:analyzeStorage(246)) - The storage directory /opt/src/hadoop-ozone/integration-test/target/test-dir/MiniOzoneClusterImpl-da264f4b-86ab-41e7-9dc3-3b38e302178a/datanode-1/data/ratis/b090a023-e87f-43d7-92c3-431fbc8113dd does not exist. Creating ...
2019-06-15 14:14:07,786 INFO  storage.RaftStorageDirectory (RaftStorageDirectory.java:analyzeStorage(246)) - The storage directory /opt/src/hadoop-ozone/integration-test/target/test-dir/MiniOzoneClusterImpl-da264f4b-86ab-41e7-9dc3-3b38e302178a/datanode-2/data/ratis/b090a023-e87f-43d7-92c3-431fbc8113dd does not exist. Creating ...
2019-06-15 14:14:07,786 INFO  storage.RaftStorageDirectory (RaftStorageDirectory.java:tryLock(328)) - Lock on /opt/src/hadoop-ozone/integration-test/target/test-dir/MiniOzoneClusterImpl-da264f4b-86ab-41e7-9dc3-3b38e302178a/datanode-0/data/ratis/b090a023-e87f-43d7-92c3-431fbc8113dd/in_use.lock acquired by nodename 29898@ozone-unit-076618677d3-hs227-2779846674
2019-06-15 14:14:07,788 INFO  storage.RaftStorageDirectory (RaftStorageDirectory.java:tryLock(328)) - Lock on /opt/src/hadoop-ozone/integration-test/target/test-dir/MiniOzoneClusterImpl-da264f4b-86ab-41e7-9dc3-3b38e302178a/datanode-2/data/ratis/b090a023-e87f-43d7-92c3-431fbc8113dd/in_use.lock acquired by nodename 29898@ozone-unit-076618677d3-hs227-2779846674
2019-06-15 14:14:07,788 INFO  storage.RaftStorageDirectory (RaftStorageDirectory.java:tryLock(328)) - Lock on /opt/src/hadoop-ozone/integration-test/target/test-dir/MiniOzoneClusterImpl-da264f4b-86ab-41e7-9dc3-3b38e302178a/datanode-1/data/ratis/b090a023-e87f-43d7-92c3-431fbc8113dd/in_use.lock acquired by nodename 29898@ozone-unit-076618677d3-hs227-2779846674
2019-06-15 14:14:07,789 INFO  storage.RaftStorage (RaftStorage.java:format(75)) - Storage directory /opt/src/hadoop-ozone/integration-test/target/test-dir/MiniOzoneClusterImpl-da264f4b-86ab-41e7-9dc3-3b38e302178a/datanode-0/data/ratis/b090a023-e87f-43d7-92c3-431fbc8113dd has been successfully formatted.
2019-06-15 14:14:07,789 INFO  ratis.ContainerStateMachine (ContainerStateMachine.java:loadSnapshot(199)) - The snapshot info is null.Setting the last applied index to:(t:0, i:~)
2019-06-15 14:14:07,790 INFO  server.RaftServerConfigKeys (ConfUtils.java:logGet(43)) - raft.server.leader.election.timeout = 120s (custom)
2019-06-15 14:14:07,790 INFO  server.RaftServerConfigKeys (ConfUtils.java:logGet(43)) - raft.server.log.use.memory = false (default)
2019-06-15 14:14:07,790 INFO  server.RaftServerConfigKeys (ConfUtils.java:logGet(43)) - raft.server.log.appender.buffer.byte-limit = 33554432 (custom)
2019-06-15 14:14:07,790 INFO  server.RaftServerConfigKeys (ConfUtils.java:logGet(43)) - raft.server.log.segment.size.max = 16384 (custom)
2019-06-15 14:14:07,790 INFO  server.RaftServerConfigKeys (ConfUtils.java:logGet(43)) - raft.server.log.segment.cache.num.max = 2 (custom)
2019-06-15 14:14:07,790 INFO  storage.RaftLogWorker (RaftLogWorker.java:<init>(123)) - new f8bb8dd7-d519-4feb-b424-f28ab6c7dc02-RaftLogWorker for Storage Directory /opt/src/hadoop-ozone/integration-test/target/test-dir/MiniOzoneClusterImpl-da264f4b-86ab-41e7-9dc3-3b38e302178a/datanode-0/data/ratis/b090a023-e87f-43d7-92c3-431fbc8113dd
2019-06-15 14:14:07,790 INFO  server.RaftServerConfigKeys (ConfUtils.java:logGet(43)) - raft.server.log.queue.byte-limit = 2147483647 (custom)
2019-06-15 14:14:07,790 INFO  server.RaftServerConfigKeys (ConfUtils.java:logGet(43)) - raft.server.log.queue.element-limit = 1024 (custom)
2019-06-15 14:14:07,790 INFO  server.RaftServerConfigKeys (ConfUtils.java:logGet(43)) - raft.server.log.segment.size.max = 16384 (custom)
2019-06-15 14:14:07,790 INFO  server.RaftServerConfigKeys (ConfUtils.java:logGet(43)) - raft.server.log.preallocated.size = 16384 (custom)
2019-06-15 14:14:07,790 INFO  server.RaftServerConfigKeys (ConfUtils.java:logGet(43)) - raft.server.log.write.buffer.size = 33554432 (custom)
2019-06-15 14:14:07,791 INFO  server.RaftServerConfigKeys (ConfUtils.java:logGet(43)) - raft.server.log.force.sync.num = 128 (default)
2019-06-15 14:14:07,791 INFO  server.RaftServerConfigKeys (ConfUtils.java:logGet(43)) - raft.server.log.statemachine.data.sync = true (default)
2019-06-15 14:14:07,791 INFO  server.RaftServerConfigKeys (ConfUtils.java:logGet(43)) - raft.server.log.statemachine.data.sync.timeout = 10s (default)
2019-06-15 14:14:07,791 INFO  server.RaftServerConfigKeys (ConfUtils.java:logGet(43)) - raft.server.log.statemachine.data.sync.timeout.retry = -1 (default)
2019-06-15 14:14:07,791 INFO  server.RaftServerConfigKeys (ConfUtils.java:logGet(43)) - raft.server.log.statemachine.data.caching.enabled = true (custom)
2019-06-15 14:14:07,791 INFO  storage.RaftStorage (RaftStorage.java:format(75)) - Storage directory /opt/src/hadoop-ozone/integration-test/target/test-dir/MiniOzoneClusterImpl-da264f4b-86ab-41e7-9dc3-3b38e302178a/datanode-2/data/ratis/b090a023-e87f-43d7-92c3-431fbc8113dd has been successfully formatted.
2019-06-15 14:14:07,791 INFO  server.RaftServerConfigKeys (ConfUtils.java:logGet(43)) - raft.server.snapshot.auto.trigger.enabled = true (custom)
2019-06-15 14:14:07,791 INFO  ratis.ContainerStateMachine (ContainerStateMachine.java:loadSnapshot(199)) - The snapshot info is null.Setting the last applied index to:(t:0, i:~)
2019-06-15 14:14:07,791 INFO  server.RaftServerConfigKeys (ConfUtils.java:logGet(43)) - raft.server.snapshot.auto.trigger.threshold = 10000 (custom)
2019-06-15 14:14:07,791 INFO  storage.RaftStorage (RaftStorage.java:format(75)) - Storage directory /opt/src/hadoop-ozone/integration-test/target/test-dir/MiniOzoneClusterImpl-da264f4b-86ab-41e7-9dc3-3b38e302178a/datanode-1/data/ratis/b090a023-e87f-43d7-92c3-431fbc8113dd has been successfully formatted.
2019-06-15 14:14:07,791 INFO  server.RaftServerConfigKeys (ConfUtils.java:logGet(43)) - raft.server.leader.election.timeout = 120s (custom)
2019-06-15 14:14:07,792 INFO  ratis.ContainerStateMachine (ContainerStateMachine.java:loadSnapshot(199)) - The snapshot info is null.Setting the last applied index to:(t:0, i:~)
2019-06-15 14:14:07,791 INFO  server.RaftServerConfigKeys (ConfUtils.java:logGet(43)) - raft.server.retrycache.expirytime = 600000ms (custom)
2019-06-15 14:14:07,792 INFO  impl.RaftServerImpl (RaftServerImpl.java:start(173)) - f8bb8dd7-d519-4feb-b424-f28ab6c7dc02: start group-431FBC8113DD
2019-06-15 14:14:07,792 INFO  impl.RaftServerImpl (RaftServerImpl.java:setRole(164)) - f8bb8dd7-d519-4feb-b424-f28ab6c7dc02:group-431FBC8113DD changes role from null to FOLLOWER at term 0 for startAsFollower
2019-06-15 14:14:07,792 INFO  impl.RoleInfo (RoleInfo.java:updateAndGet(143)) - f8bb8dd7-d519-4feb-b424-f28ab6c7dc02: start FollowerState
2019-06-15 14:14:07,792 INFO  server.RaftServerConfigKeys (ConfUtils.java:logGet(43)) - raft.server.leader.election.timeout = 120s (custom)
2019-06-15 14:14:07,792 INFO  server.RaftServerConfigKeys (ConfUtils.java:logGet(43)) - raft.server.log.use.memory = false (default)
2019-06-15 14:14:07,792 INFO  server.RaftServerConfigKeys (ConfUtils.java:logGet(43)) - raft.server.log.appender.buffer.byte-limit = 33554432 (custom)
2019-06-15 14:14:07,792 INFO  server.RaftServerConfigKeys (ConfUtils.java:logGet(43)) - raft.server.log.segment.size.max = 16384 (custom)
2019-06-15 14:14:07,792 INFO  server.RaftServerConfigKeys (ConfUtils.java:logGet(43)) - raft.server.log.segment.cache.num.max = 2 (custom)
2019-06-15 14:14:07,793 INFO  storage.RaftLogWorker (RaftLogWorker.java:<init>(123)) - new d640b49d-75fd-47e0-91a5-ddc3235196e9-RaftLogWorker for Storage Directory /opt/src/hadoop-ozone/integration-test/target/test-dir/MiniOzoneClusterImpl-da264f4b-86ab-41e7-9dc3-3b38e302178a/datanode-1/data/ratis/b090a023-e87f-43d7-92c3-431fbc8113dd
2019-06-15 14:14:07,793 INFO  server.RaftServerConfigKeys (ConfUtils.java:logGet(43)) - raft.server.log.queue.byte-limit = 2147483647 (custom)
2019-06-15 14:14:07,793 INFO  server.RaftServerConfigKeys (ConfUtils.java:logGet(43)) - raft.server.log.queue.element-limit = 1024 (custom)
2019-06-15 14:14:07,793 INFO  server.RaftServerConfigKeys (ConfUtils.java:logGet(43)) - raft.server.log.segment.size.max = 16384 (custom)
2019-06-15 14:14:07,793 INFO  server.RaftServerConfigKeys (ConfUtils.java:logGet(43)) - raft.server.log.preallocated.size = 16384 (custom)
2019-06-15 14:14:07,793 INFO  server.RaftServerConfigKeys (ConfUtils.java:logGet(43)) - raft.server.log.write.buffer.size = 33554432 (custom)
2019-06-15 14:14:07,793 INFO  server.RaftServerConfigKeys (ConfUtils.java:logGet(43)) - raft.server.log.force.sync.num = 128 (default)
2019-06-15 14:14:07,793 INFO  server.RaftServerConfigKeys (ConfUtils.java:logGet(43)) - raft.server.log.statemachine.data.sync = true (default)
2019-06-15 14:14:07,793 INFO  server.RaftServerConfigKeys (ConfUtils.java:logGet(43)) - raft.server.log.statemachine.data.sync.timeout = 10s (default)
2019-06-15 14:14:07,793 INFO  server.RaftServerConfigKeys (ConfUtils.java:logGet(43)) - raft.server.log.statemachine.data.sync.timeout.retry = -1 (default)
2019-06-15 14:14:07,792 INFO  server.RaftServerConfigKeys (ConfUtils.java:logGet(43)) - raft.server.log.use.memory = false (default)
2019-06-15 14:14:07,793 INFO  server.RaftServerConfigKeys (ConfUtils.java:logGet(43)) - raft.server.log.statemachine.data.caching.enabled = true (custom)
2019-06-15 14:14:07,798 INFO  util.JmxRegister (JmxRegister.java:tryRegister(44)) - Successfully registered JMX Bean with object name Ratis:service=RaftServer,group=group-431FBC8113DD,id=f8bb8dd7-d519-4feb-b424-f28ab6c7dc02
2019-06-15 14:14:07,793 INFO  server.RaftServerConfigKeys (ConfUtils.java:logGet(43)) - raft.server.log.appender.buffer.byte-limit = 33554432 (custom)
2019-06-15 14:14:07,798 INFO  server.RaftServerConfigKeys (ConfUtils.java:logGet(43)) - raft.server.snapshot.auto.trigger.enabled = true (custom)
2019-06-15 14:14:07,798 INFO  server.RaftServerConfigKeys (ConfUtils.java:logGet(43)) - raft.server.log.segment.size.max = 16384 (custom)
2019-06-15 14:14:07,798 INFO  server.RaftServerConfigKeys (ConfUtils.java:logGet(43)) - raft.server.snapshot.auto.trigger.threshold = 10000 (custom)
2019-06-15 14:14:07,798 INFO  server.RaftServerConfigKeys (ConfUtils.java:logGet(43)) - raft.server.log.segment.cache.num.max = 2 (custom)
2019-06-15 14:14:07,799 INFO  storage.RaftLogWorker (RaftLogWorker.java:<init>(123)) - new a147d26a-44f2-4d0e-ac1e-0f18000d7a21-RaftLogWorker for Storage Directory /opt/src/hadoop-ozone/integration-test/target/test-dir/MiniOzoneClusterImpl-da264f4b-86ab-41e7-9dc3-3b38e302178a/datanode-2/data/ratis/b090a023-e87f-43d7-92c3-431fbc8113dd
2019-06-15 14:14:07,799 INFO  server.RaftServerConfigKeys (ConfUtils.java:logGet(43)) - raft.server.log.queue.byte-limit = 2147483647 (custom)
2019-06-15 14:14:07,799 INFO  server.RaftServerConfigKeys (ConfUtils.java:logGet(43)) - raft.server.log.queue.element-limit = 1024 (custom)
2019-06-15 14:14:07,799 INFO  server.RaftServerConfigKeys (ConfUtils.java:logGet(43)) - raft.server.log.segment.size.max = 16384 (custom)
2019-06-15 14:14:07,799 INFO  server.RaftServerConfigKeys (ConfUtils.java:logGet(43)) - raft.server.log.preallocated.size = 16384 (custom)
2019-06-15 14:14:07,799 INFO  server.RaftServerConfigKeys (ConfUtils.java:logGet(43)) - raft.server.log.write.buffer.size = 33554432 (custom)
2019-06-15 14:14:07,799 INFO  server.RaftServerConfigKeys (ConfUtils.java:logGet(43)) - raft.server.log.force.sync.num = 128 (default)
2019-06-15 14:14:07,799 INFO  server.RaftServerConfigKeys (ConfUtils.java:logGet(43)) - raft.server.log.statemachine.data.sync = true (default)
2019-06-15 14:14:07,799 INFO  server.RaftServerConfigKeys (ConfUtils.java:logGet(43)) - raft.server.log.statemachine.data.sync.timeout = 10s (default)
2019-06-15 14:14:07,799 INFO  server.RaftServerConfigKeys (ConfUtils.java:logGet(43)) - raft.server.log.statemachine.data.sync.timeout.retry = -1 (default)
2019-06-15 14:14:07,801 INFO  server.RaftServerConfigKeys (ConfUtils.java:logGet(43)) - raft.server.log.statemachine.data.caching.enabled = true (custom)
2019-06-15 14:14:07,801 INFO  server.RaftServerConfigKeys (ConfUtils.java:logGet(43)) - raft.server.retrycache.expirytime = 600000ms (custom)
2019-06-15 14:14:07,805 INFO  impl.RaftServerImpl (RaftServerImpl.java:start(173)) - d640b49d-75fd-47e0-91a5-ddc3235196e9: start group-431FBC8113DD
2019-06-15 14:14:07,805 INFO  impl.RaftServerImpl (RaftServerImpl.java:setRole(164)) - d640b49d-75fd-47e0-91a5-ddc3235196e9:group-431FBC8113DD changes role from null to FOLLOWER at term 0 for startAsFollower
2019-06-15 14:14:07,805 INFO  impl.RoleInfo (RoleInfo.java:updateAndGet(143)) - d640b49d-75fd-47e0-91a5-ddc3235196e9: start FollowerState
2019-06-15 14:14:07,807 INFO  util.JmxRegister (JmxRegister.java:tryRegister(44)) - Successfully registered JMX Bean with object name Ratis:service=RaftServer,group=group-431FBC8113DD,id=d640b49d-75fd-47e0-91a5-ddc3235196e9
2019-06-15 14:14:07,808 INFO  server.RaftServerConfigKeys (ConfUtils.java:logGet(43)) - raft.server.snapshot.auto.trigger.enabled = true (custom)
2019-06-15 14:14:07,808 INFO  server.RaftServerConfigKeys (ConfUtils.java:logGet(43)) - raft.server.snapshot.auto.trigger.threshold = 10000 (custom)
2019-06-15 14:14:07,808 INFO  server.RaftServerConfigKeys (ConfUtils.java:logGet(43)) - raft.server.retrycache.expirytime = 600000ms (custom)
2019-06-15 14:14:07,809 INFO  impl.RaftServerImpl (RaftServerImpl.java:start(173)) - a147d26a-44f2-4d0e-ac1e-0f18000d7a21: start group-431FBC8113DD
2019-06-15 14:14:07,809 INFO  impl.RaftServerImpl (RaftServerImpl.java:setRole(164)) - a147d26a-44f2-4d0e-ac1e-0f18000d7a21:group-431FBC8113DD changes role from null to FOLLOWER at term 0 for startAsFollower
2019-06-15 14:14:07,809 INFO  impl.RoleInfo (RoleInfo.java:updateAndGet(143)) - a147d26a-44f2-4d0e-ac1e-0f18000d7a21: start FollowerState
2019-06-15 14:14:07,811 INFO  util.JmxRegister (JmxRegister.java:tryRegister(44)) - Successfully registered JMX Bean with object name Ratis:service=RaftServer,group=group-431FBC8113DD,id=a147d26a-44f2-4d0e-ac1e-0f18000d7a21
2019-06-15 14:14:07,814 INFO  pipeline.PipelineStateManager (PipelineStateManager.java:addPipeline(56)) - Created pipeline Pipeline[ Id: b090a023-e87f-43d7-92c3-431fbc8113dd, Nodes: f8bb8dd7-d519-4feb-b424-f28ab6c7dc02{ip: 192.168.19.23, host: ozone-unit-076618677d3-hs227-2779846674, networkLocation: /default-rack, certSerialId: null}a147d26a-44f2-4d0e-ac1e-0f18000d7a21{ip: 192.168.19.23, host: ozone-unit-076618677d3-hs227-2779846674, networkLocation: /default-rack, certSerialId: null}d640b49d-75fd-47e0-91a5-ddc3235196e9{ip: 192.168.19.23, host: ozone-unit-076618677d3-hs227-2779846674, networkLocation: /default-rack, certSerialId: null}, Type:RATIS, Factor:THREE, State:OPEN]
2019-06-15 14:14:07,917 INFO  node.SCMNodeManager (SCMNodeManager.java:register(269)) - Registered Data node : ea4d1c43-0f6d-421d-8c14-440a538667e3{ip: 192.168.19.23, host: ozone-unit-076618677d3-hs227-2779846674, networkLocation: /default-rack, certSerialId: null}
2019-06-15 14:14:07,923 INFO  impl.RaftServerProxy (RaftServerProxy.java:addNew(89)) - ea4d1c43-0f6d-421d-8c14-440a538667e3: addNew group-B1AB1FACD459:[ea4d1c43-0f6d-421d-8c14-440a538667e3:192.168.19.23:41345] returns group-B1AB1FACD459:java.util.concurrent.CompletableFuture@7a073bb4[Not completed]
2019-06-15 14:14:07,925 INFO  impl.RaftServerImpl (RaftServerImpl.java:<init>(91)) - ea4d1c43-0f6d-421d-8c14-440a538667e3: new RaftServerImpl for group-B1AB1FACD459:[ea4d1c43-0f6d-421d-8c14-440a538667e3:192.168.19.23:41345] with ContainerStateMachine:uninitialized
2019-06-15 14:14:07,925 INFO  server.RaftServerConfigKeys (ConfUtils.java:logGet(43)) - raft.server.rpc.timeout.min = 1s (custom)
2019-06-15 14:14:07,925 INFO  server.RaftServerConfigKeys (ConfUtils.java:logGet(43)) - raft.server.rpc.timeout.max = 1200ms (custom)
2019-06-15 14:14:07,925 INFO  server.RaftServerConfigKeys (ConfUtils.java:logGet(43)) - raft.server.rpcslowness.timeout = 120s (custom)
2019-06-15 14:14:07,925 INFO  server.RaftServerConfigKeys (ConfUtils.java:logGet(43)) - raft.server.log.appender.install.snapshot.enabled = true (default)
2019-06-15 14:14:07,925 INFO  impl.RaftServerImpl (ServerState.java:<init>(101)) - ea4d1c43-0f6d-421d-8c14-440a538667e3:group-B1AB1FACD459 ConfigurationManager, init=-1: [ea4d1c43-0f6d-421d-8c14-440a538667e3:192.168.19.23:41345], old=null, confs=<EMPTY_MAP>
2019-06-15 14:14:07,925 INFO  server.RaftServerConfigKeys (ConfUtils.java:logGet(43)) - raft.server.storage.dir = [/opt/src/hadoop-ozone/integration-test/target/test-dir/MiniOzoneClusterImpl-da264f4b-86ab-41e7-9dc3-3b38e302178a/datanode-3/data/ratis] (custom)
2019-06-15 14:14:07,926 INFO  storage.RaftStorageDirectory (RaftStorageDirectory.java:analyzeStorage(246)) - The storage directory /opt/src/hadoop-ozone/integration-test/target/test-dir/MiniOzoneClusterImpl-da264f4b-86ab-41e7-9dc3-3b38e302178a/datanode-3/data/ratis/922c6fb3-5b1f-45af-92ee-b1ab1facd459 does not exist. Creating ...
2019-06-15 14:14:07,928 INFO  storage.RaftStorageDirectory (RaftStorageDirectory.java:tryLock(328)) - Lock on /opt/src/hadoop-ozone/integration-test/target/test-dir/MiniOzoneClusterImpl-da264f4b-86ab-41e7-9dc3-3b38e302178a/datanode-3/data/ratis/922c6fb3-5b1f-45af-92ee-b1ab1facd459/in_use.lock acquired by nodename 29898@ozone-unit-076618677d3-hs227-2779846674
2019-06-15 14:14:07,930 INFO  storage.RaftStorage (RaftStorage.java:format(75)) - Storage directory /opt/src/hadoop-ozone/integration-test/target/test-dir/MiniOzoneClusterImpl-da264f4b-86ab-41e7-9dc3-3b38e302178a/datanode-3/data/ratis/922c6fb3-5b1f-45af-92ee-b1ab1facd459 has been successfully formatted.
2019-06-15 14:14:07,930 INFO  ratis.ContainerStateMachine (ContainerStateMachine.java:loadSnapshot(199)) - The snapshot info is null.Setting the last applied index to:(t:0, i:~)
2019-06-15 14:14:07,930 INFO  server.RaftServerConfigKeys (ConfUtils.java:logGet(43)) - raft.server.leader.election.timeout = 120s (custom)
2019-06-15 14:14:07,930 INFO  server.RaftServerConfigKeys (ConfUtils.java:logGet(43)) - raft.server.log.use.memory = false (default)
2019-06-15 14:14:07,930 INFO  server.RaftServerConfigKeys (ConfUtils.java:logGet(43)) - raft.server.log.appender.buffer.byte-limit = 33554432 (custom)
2019-06-15 14:14:07,930 INFO  server.RaftServerConfigKeys (ConfUtils.java:logGet(43)) - raft.server.log.segment.size.max = 16384 (custom)
2019-06-15 14:14:07,930 INFO  server.RaftServerConfigKeys (ConfUtils.java:logGet(43)) - raft.server.log.segment.cache.num.max = 2 (custom)
2019-06-15 14:14:07,930 INFO  storage.RaftLogWorker (RaftLogWorker.java:<init>(123)) - new ea4d1c43-0f6d-421d-8c14-440a538667e3-RaftLogWorker for Storage Directory /opt/src/hadoop-ozone/integration-test/target/test-dir/MiniOzoneClusterImpl-da264f4b-86ab-41e7-9dc3-3b38e302178a/datanode-3/data/ratis/922c6fb3-5b1f-45af-92ee-b1ab1facd459
2019-06-15 14:14:07,931 INFO  server.RaftServerConfigKeys (ConfUtils.java:logGet(43)) - raft.server.log.queue.byte-limit = 2147483647 (custom)
2019-06-15 14:14:07,931 INFO  server.RaftServerConfigKeys (ConfUtils.java:logGet(43)) - raft.server.log.queue.element-limit = 1024 (custom)
2019-06-15 14:14:07,931 INFO  server.RaftServerConfigKeys (ConfUtils.java:logGet(43)) - raft.server.log.segment.size.max = 16384 (custom)
2019-06-15 14:14:07,931 INFO  server.RaftServerConfigKeys (ConfUtils.java:logGet(43)) - raft.server.log.preallocated.size = 16384 (custom)
2019-06-15 14:14:07,931 INFO  server.RaftServerConfigKeys (ConfUtils.java:logGet(43)) - raft.server.log.write.buffer.size = 33554432 (custom)
2019-06-15 14:14:07,931 INFO  server.RaftServerConfigKeys (ConfUtils.java:logGet(43)) - raft.server.log.force.sync.num = 128 (default)
2019-06-15 14:14:07,931 INFO  server.RaftServerConfigKeys (ConfUtils.java:logGet(43)) - raft.server.log.statemachine.data.sync = true (default)
2019-06-15 14:14:07,931 INFO  server.RaftServerConfigKeys (ConfUtils.java:logGet(43)) - raft.server.log.statemachine.data.sync.timeout = 10s (default)
2019-06-15 14:14:07,931 INFO  server.RaftServerConfigKeys (ConfUtils.java:logGet(43)) - raft.server.log.statemachine.data.sync.timeout.retry = -1 (default)
2019-06-15 14:14:07,931 INFO  server.RaftServerConfigKeys (ConfUtils.java:logGet(43)) - raft.server.log.statemachine.data.caching.enabled = true (custom)
2019-06-15 14:14:07,931 INFO  server.RaftServerConfigKeys (ConfUtils.java:logGet(43)) - raft.server.snapshot.auto.trigger.enabled = true (custom)
2019-06-15 14:14:07,932 INFO  server.RaftServerConfigKeys (ConfUtils.java:logGet(43)) - raft.server.snapshot.auto.trigger.threshold = 10000 (custom)
2019-06-15 14:14:07,932 INFO  server.RaftServerConfigKeys (ConfUtils.java:logGet(43)) - raft.server.retrycache.expirytime = 600000ms (custom)
2019-06-15 14:14:07,932 INFO  impl.RaftServerImpl (RaftServerImpl.java:start(173)) - ea4d1c43-0f6d-421d-8c14-440a538667e3: start group-B1AB1FACD459
2019-06-15 14:14:07,932 INFO  impl.RaftServerImpl (RaftServerImpl.java:setRole(164)) - ea4d1c43-0f6d-421d-8c14-440a538667e3:group-B1AB1FACD459 changes role from null to FOLLOWER at term 0 for startAsFollower
2019-06-15 14:14:07,932 INFO  impl.RoleInfo (RoleInfo.java:updateAndGet(143)) - ea4d1c43-0f6d-421d-8c14-440a538667e3: start FollowerState
2019-06-15 14:14:07,932 INFO  util.JmxRegister (JmxRegister.java:tryRegister(44)) - Successfully registered JMX Bean with object name Ratis:service=RaftServer,group=group-B1AB1FACD459,id=ea4d1c43-0f6d-421d-8c14-440a538667e3
2019-06-15 14:14:07,939 INFO  pipeline.PipelineStateManager (PipelineStateManager.java:addPipeline(56)) - Created pipeline Pipeline[ Id: 922c6fb3-5b1f-45af-92ee-b1ab1facd459, Nodes: ea4d1c43-0f6d-421d-8c14-440a538667e3{ip: 192.168.19.23, host: ozone-unit-076618677d3-hs227-2779846674, networkLocation: /default-rack, certSerialId: null}, Type:RATIS, Factor:ONE, State:OPEN]
2019-06-15 14:14:08,139 INFO  node.SCMNodeManager (SCMNodeManager.java:register(269)) - Registered Data node : 3fded229-c612-486b-924b-2bdfef1e93ec{ip: 192.168.19.23, host: ozone-unit-076618677d3-hs227-2779846674, networkLocation: /default-rack, certSerialId: null}
2019-06-15 14:14:08,146 INFO  impl.RaftServerProxy (RaftServerProxy.java:addNew(89)) - 3fded229-c612-486b-924b-2bdfef1e93ec: addNew group-C27349D32537:[3fded229-c612-486b-924b-2bdfef1e93ec:192.168.19.23:34187] returns group-C27349D32537:java.util.concurrent.CompletableFuture@6ce97d17[Not completed]
2019-06-15 14:14:08,147 INFO  impl.RaftServerImpl (RaftServerImpl.java:<init>(91)) - 3fded229-c612-486b-924b-2bdfef1e93ec: new RaftServerImpl for group-C27349D32537:[3fded229-c612-486b-924b-2bdfef1e93ec:192.168.19.23:34187] with ContainerStateMachine:uninitialized
2019-06-15 14:14:08,147 INFO  server.RaftServerConfigKeys (ConfUtils.java:logGet(43)) - raft.server.rpc.timeout.min = 1s (custom)
2019-06-15 14:14:08,147 INFO  server.RaftServerConfigKeys (ConfUtils.java:logGet(43)) - raft.server.rpc.timeout.max = 1200ms (custom)
2019-06-15 14:14:08,147 INFO  server.RaftServerConfigKeys (ConfUtils.java:logGet(43)) - raft.server.rpcslowness.timeout = 120s (custom)
2019-06-15 14:14:08,147 INFO  server.RaftServerConfigKeys (ConfUtils.java:logGet(43)) - raft.server.log.appender.install.snapshot.enabled = true (default)
2019-06-15 14:14:08,147 INFO  impl.RaftServerImpl (ServerState.java:<init>(101)) - 3fded229-c612-486b-924b-2bdfef1e93ec:group-C27349D32537 ConfigurationManager, init=-1: [3fded229-c612-486b-924b-2bdfef1e93ec:192.168.19.23:34187], old=null, confs=<EMPTY_MAP>
2019-06-15 14:14:08,147 INFO  server.RaftServerConfigKeys (ConfUtils.java:logGet(43)) - raft.server.storage.dir = [/opt/src/hadoop-ozone/integration-test/target/test-dir/MiniOzoneClusterImpl-da264f4b-86ab-41e7-9dc3-3b38e302178a/datanode-4/data/ratis] (custom)
2019-06-15 14:14:08,148 INFO  storage.RaftStorageDirectory (RaftStorageDirectory.java:analyzeStorage(246)) - The storage directory /opt/src/hadoop-ozone/integration-test/target/test-dir/MiniOzoneClusterImpl-da264f4b-86ab-41e7-9dc3-3b38e302178a/datanode-4/data/ratis/ba300c6b-c6b1-472d-a946-c27349d32537 does not exist. Creating ...
2019-06-15 14:14:08,150 INFO  storage.RaftStorageDirectory (RaftStorageDirectory.java:tryLock(328)) - Lock on /opt/src/hadoop-ozone/integration-test/target/test-dir/MiniOzoneClusterImpl-da264f4b-86ab-41e7-9dc3-3b38e302178a/datanode-4/data/ratis/ba300c6b-c6b1-472d-a946-c27349d32537/in_use.lock acquired by nodename 29898@ozone-unit-076618677d3-hs227-2779846674
2019-06-15 14:14:08,152 INFO  storage.RaftStorage (RaftStorage.java:format(75)) - Storage directory /opt/src/hadoop-ozone/integration-test/target/test-dir/MiniOzoneClusterImpl-da264f4b-86ab-41e7-9dc3-3b38e302178a/datanode-4/data/ratis/ba300c6b-c6b1-472d-a946-c27349d32537 has been successfully formatted.
2019-06-15 14:14:08,152 INFO  ratis.ContainerStateMachine (ContainerStateMachine.java:loadSnapshot(199)) - The snapshot info is null.Setting the last applied index to:(t:0, i:~)
2019-06-15 14:14:08,153 INFO  server.RaftServerConfigKeys (ConfUtils.java:logGet(43)) - raft.server.leader.election.timeout = 120s (custom)
2019-06-15 14:14:08,153 INFO  server.RaftServerConfigKeys (ConfUtils.java:logGet(43)) - raft.server.log.use.memory = false (default)
2019-06-15 14:14:08,153 INFO  server.RaftServerConfigKeys (ConfUtils.java:logGet(43)) - raft.server.log.appender.buffer.byte-limit = 33554432 (custom)
2019-06-15 14:14:08,153 INFO  server.RaftServerConfigKeys (ConfUtils.java:logGet(43)) - raft.server.log.segment.size.max = 16384 (custom)
2019-06-15 14:14:08,153 INFO  server.RaftServerConfigKeys (ConfUtils.java:logGet(43)) - raft.server.log.segment.cache.num.max = 2 (custom)
2019-06-15 14:14:08,153 INFO  storage.RaftLogWorker (RaftLogWorker.java:<init>(123)) - new 3fded229-c612-486b-924b-2bdfef1e93ec-RaftLogWorker for Storage Directory /opt/src/hadoop-ozone/integration-test/target/test-dir/MiniOzoneClusterImpl-da264f4b-86ab-41e7-9dc3-3b38e302178a/datanode-4/data/ratis/ba300c6b-c6b1-472d-a946-c27349d32537
2019-06-15 14:14:08,153 INFO  server.RaftServerConfigKeys (ConfUtils.java:logGet(43)) - raft.server.log.queue.byte-limit = 2147483647 (custom)
2019-06-15 14:14:08,153 INFO  server.RaftServerConfigKeys (ConfUtils.java:logGet(43)) - raft.server.log.queue.element-limit = 1024 (custom)
2019-06-15 14:14:08,153 INFO  server.RaftServerConfigKeys (ConfUtils.java:logGet(43)) - raft.server.log.segment.size.max = 16384 (custom)
2019-06-15 14:14:08,154 INFO  server.RaftServerConfigKeys (ConfUtils.java:logGet(43)) - raft.server.log.preallocated.size = 16384 (custom)
2019-06-15 14:14:08,154 INFO  server.RaftServerConfigKeys (ConfUtils.java:logGet(43)) - raft.server.log.write.buffer.size = 33554432 (custom)
2019-06-15 14:14:08,154 INFO  server.RaftServerConfigKeys (ConfUtils.java:logGet(43)) - raft.server.log.force.sync.num = 128 (default)
2019-06-15 14:14:08,154 INFO  server.RaftServerConfigKeys (ConfUtils.java:logGet(43)) - raft.server.log.statemachine.data.sync = true (default)
2019-06-15 14:14:08,154 INFO  server.RaftServerConfigKeys (ConfUtils.java:logGet(43)) - raft.server.log.statemachine.data.sync.timeout = 10s (default)
2019-06-15 14:14:08,154 INFO  server.RaftServerConfigKeys (ConfUtils.java:logGet(43)) - raft.server.log.statemachine.data.sync.timeout.retry = -1 (default)
2019-06-15 14:14:08,154 INFO  server.RaftServerConfigKeys (ConfUtils.java:logGet(43)) - raft.server.log.statemachine.data.caching.enabled = true (custom)
2019-06-15 14:14:08,154 INFO  server.RaftServerConfigKeys (ConfUtils.java:logGet(43)) - raft.server.snapshot.auto.trigger.enabled = true (custom)
2019-06-15 14:14:08,155 INFO  server.RaftServerConfigKeys (ConfUtils.java:logGet(43)) - raft.server.snapshot.auto.trigger.threshold = 10000 (custom)
2019-06-15 14:14:08,155 INFO  server.RaftServerConfigKeys (ConfUtils.java:logGet(43)) - raft.server.retrycache.expirytime = 600000ms (custom)
2019-06-15 14:14:08,155 INFO  impl.RaftServerImpl (RaftServerImpl.java:start(173)) - 3fded229-c612-486b-924b-2bdfef1e93ec: start group-C27349D32537
2019-06-15 14:14:08,155 INFO  impl.RaftServerImpl (RaftServerImpl.java:setRole(164)) - 3fded229-c612-486b-924b-2bdfef1e93ec:group-C27349D32537 changes role from null to FOLLOWER at term 0 for startAsFollower
2019-06-15 14:14:08,155 INFO  impl.RoleInfo (RoleInfo.java:updateAndGet(143)) - 3fded229-c612-486b-924b-2bdfef1e93ec: start FollowerState
2019-06-15 14:14:08,155 INFO  util.JmxRegister (JmxRegister.java:tryRegister(44)) - Successfully registered JMX Bean with object name Ratis:service=RaftServer,group=group-C27349D32537,id=3fded229-c612-486b-924b-2bdfef1e93ec
2019-06-15 14:14:08,158 INFO  pipeline.PipelineStateManager (PipelineStateManager.java:addPipeline(56)) - Created pipeline Pipeline[ Id: ba300c6b-c6b1-472d-a946-c27349d32537, Nodes: 3fded229-c612-486b-924b-2bdfef1e93ec{ip: 192.168.19.23, host: ozone-unit-076618677d3-hs227-2779846674, networkLocation: /default-rack, certSerialId: null}, Type:RATIS, Factor:ONE, State:OPEN]
2019-06-15 14:14:08,362 INFO  node.SCMNodeManager (SCMNodeManager.java:register(269)) - Registered Data node : 92357d0a-3796-43b0-8533-2fae59331ae4{ip: 192.168.19.23, host: ozone-unit-076618677d3-hs227-2779846674, networkLocation: /default-rack, certSerialId: null}
2019-06-15 14:14:08,368 INFO  impl.RaftServerProxy (RaftServerProxy.java:addNew(89)) - 92357d0a-3796-43b0-8533-2fae59331ae4: addNew group-982A8659D1DC:[92357d0a-3796-43b0-8533-2fae59331ae4:192.168.19.23:46113] returns group-982A8659D1DC:java.util.concurrent.CompletableFuture@41180057[Not completed]
2019-06-15 14:14:08,369 INFO  impl.RaftServerImpl (RaftServerImpl.java:<init>(91)) - 92357d0a-3796-43b0-8533-2fae59331ae4: new RaftServerImpl for group-982A8659D1DC:[92357d0a-3796-43b0-8533-2fae59331ae4:192.168.19.23:46113] with ContainerStateMachine:uninitialized
2019-06-15 14:14:08,369 INFO  server.RaftServerConfigKeys (ConfUtils.java:logGet(43)) - raft.server.rpc.timeout.min = 1s (custom)
2019-06-15 14:14:08,369 INFO  server.RaftServerConfigKeys (ConfUtils.java:logGet(43)) - raft.server.rpc.timeout.max = 1200ms (custom)
2019-06-15 14:14:08,369 INFO  server.RaftServerConfigKeys (ConfUtils.java:logGet(43)) - raft.server.rpcslowness.timeout = 120s (custom)
2019-06-15 14:14:08,369 INFO  server.RaftServerConfigKeys (ConfUtils.java:logGet(43)) - raft.server.log.appender.install.snapshot.enabled = true (default)
2019-06-15 14:14:08,369 INFO  impl.RaftServerImpl (ServerState.java:<init>(101)) - 92357d0a-3796-43b0-8533-2fae59331ae4:group-982A8659D1DC ConfigurationManager, init=-1: [92357d0a-3796-43b0-8533-2fae59331ae4:192.168.19.23:46113], old=null, confs=<EMPTY_MAP>
2019-06-15 14:14:08,369 INFO  server.RaftServerConfigKeys (ConfUtils.java:logGet(43)) - raft.server.storage.dir = [/opt/src/hadoop-ozone/integration-test/target/test-dir/MiniOzoneClusterImpl-da264f4b-86ab-41e7-9dc3-3b38e302178a/datanode-5/data/ratis] (custom)
2019-06-15 14:14:08,369 INFO  storage.RaftStorageDirectory (RaftStorageDirectory.java:analyzeStorage(246)) - The storage directory /opt/src/hadoop-ozone/integration-test/target/test-dir/MiniOzoneClusterImpl-da264f4b-86ab-41e7-9dc3-3b38e302178a/datanode-5/data/ratis/6aa4267e-a25a-4be5-a3c3-982a8659d1dc does not exist. Creating ...
2019-06-15 14:14:08,371 INFO  storage.RaftStorageDirectory (RaftStorageDirectory.java:tryLock(328)) - Lock on /opt/src/hadoop-ozone/integration-test/target/test-dir/MiniOzoneClusterImpl-da264f4b-86ab-41e7-9dc3-3b38e302178a/datanode-5/data/ratis/6aa4267e-a25a-4be5-a3c3-982a8659d1dc/in_use.lock acquired by nodename 29898@ozone-unit-076618677d3-hs227-2779846674
2019-06-15 14:14:08,373 INFO  storage.RaftStorage (RaftStorage.java:format(75)) - Storage directory /opt/src/hadoop-ozone/integration-test/target/test-dir/MiniOzoneClusterImpl-da264f4b-86ab-41e7-9dc3-3b38e302178a/datanode-5/data/ratis/6aa4267e-a25a-4be5-a3c3-982a8659d1dc has been successfully formatted.
2019-06-15 14:14:08,374 INFO  ratis.ContainerStateMachine (ContainerStateMachine.java:loadSnapshot(199)) - The snapshot info is null.Setting the last applied index to:(t:0, i:~)
2019-06-15 14:14:08,374 INFO  server.RaftServerConfigKeys (ConfUtils.java:logGet(43)) - raft.server.leader.election.timeout = 120s (custom)
2019-06-15 14:14:08,374 INFO  server.RaftServerConfigKeys (ConfUtils.java:logGet(43)) - raft.server.log.use.memory = false (default)
2019-06-15 14:14:08,374 INFO  server.RaftServerConfigKeys (ConfUtils.java:logGet(43)) - raft.server.log.appender.buffer.byte-limit = 33554432 (custom)
2019-06-15 14:14:08,374 INFO  server.RaftServerConfigKeys (ConfUtils.java:logGet(43)) - raft.server.log.segment.size.max = 16384 (custom)
2019-06-15 14:14:08,374 INFO  server.RaftServerConfigKeys (ConfUtils.java:logGet(43)) - raft.server.log.segment.cache.num.max = 2 (custom)
2019-06-15 14:14:08,374 INFO  storage.RaftLogWorker (RaftLogWorker.java:<init>(123)) - new 92357d0a-3796-43b0-8533-2fae59331ae4-RaftLogWorker for Storage Directory /opt/src/hadoop-ozone/integration-test/target/test-dir/MiniOzoneClusterImpl-da264f4b-86ab-41e7-9dc3-3b38e302178a/datanode-5/data/ratis/6aa4267e-a25a-4be5-a3c3-982a8659d1dc
2019-06-15 14:14:08,374 INFO  server.RaftServerConfigKeys (ConfUtils.java:logGet(43)) - raft.server.log.queue.byte-limit = 2147483647 (custom)
2019-06-15 14:14:08,374 INFO  server.RaftServerConfigKeys (ConfUtils.java:logGet(43)) - raft.server.log.queue.element-limit = 1024 (custom)
2019-06-15 14:14:08,374 INFO  server.RaftServerConfigKeys (ConfUtils.java:logGet(43)) - raft.server.log.segment.size.max = 16384 (custom)
2019-06-15 14:14:08,374 INFO  server.RaftServerConfigKeys (ConfUtils.java:logGet(43)) - raft.server.log.preallocated.size = 16384 (custom)
2019-06-15 14:14:08,374 INFO  server.RaftServerConfigKeys (ConfUtils.java:logGet(43)) - raft.server.log.write.buffer.size = 33554432 (custom)
2019-06-15 14:14:08,375 INFO  server.RaftServerConfigKeys (ConfUtils.java:logGet(43)) - raft.server.log.force.sync.num = 128 (default)
2019-06-15 14:14:08,375 INFO  server.RaftServerConfigKeys (ConfUtils.java:logGet(43)) - raft.server.log.statemachine.data.sync = true (default)
2019-06-15 14:14:08,375 INFO  server.RaftServerConfigKeys (ConfUtils.java:logGet(43)) - raft.server.log.statemachine.data.sync.timeout = 10s (default)
2019-06-15 14:14:08,375 INFO  server.RaftServerConfigKeys (ConfUtils.java:logGet(43)) - raft.server.log.statemachine.data.sync.timeout.retry = -1 (default)
2019-06-15 14:14:08,375 INFO  server.RaftServerConfigKeys (ConfUtils.java:logGet(43)) - raft.server.log.statemachine.data.caching.enabled = true (custom)
2019-06-15 14:14:08,375 INFO  server.RaftServerConfigKeys (ConfUtils.java:logGet(43)) - raft.server.snapshot.auto.trigger.enabled = true (custom)
2019-06-15 14:14:08,375 INFO  server.RaftServerConfigKeys (ConfUtils.java:logGet(43)) - raft.server.snapshot.auto.trigger.threshold = 10000 (custom)
2019-06-15 14:14:08,376 INFO  server.RaftServerConfigKeys (ConfUtils.java:logGet(43)) - raft.server.retrycache.expirytime = 600000ms (custom)
2019-06-15 14:14:08,376 INFO  impl.RaftServerImpl (RaftServerImpl.java:start(173)) - 92357d0a-3796-43b0-8533-2fae59331ae4: start group-982A8659D1DC
2019-06-15 14:14:08,376 INFO  impl.RaftServerImpl (RaftServerImpl.java:setRole(164)) - 92357d0a-3796-43b0-8533-2fae59331ae4:group-982A8659D1DC changes role from null to FOLLOWER at term 0 for startAsFollower
2019-06-15 14:14:08,376 INFO  impl.RoleInfo (RoleInfo.java:updateAndGet(143)) - 92357d0a-3796-43b0-8533-2fae59331ae4: start FollowerState
2019-06-15 14:14:08,376 INFO  util.JmxRegister (JmxRegister.java:tryRegister(44)) - Successfully registered JMX Bean with object name Ratis:service=RaftServer,group=group-982A8659D1DC,id=92357d0a-3796-43b0-8533-2fae59331ae4
2019-06-15 14:14:08,382 INFO  pipeline.PipelineStateManager (PipelineStateManager.java:addPipeline(56)) - Created pipeline Pipeline[ Id: 6aa4267e-a25a-4be5-a3c3-982a8659d1dc, Nodes: 92357d0a-3796-43b0-8533-2fae59331ae4{ip: 192.168.19.23, host: ozone-unit-076618677d3-hs227-2779846674, networkLocation: /default-rack, certSerialId: null}, Type:RATIS, Factor:ONE, State:OPEN]
2019-06-15 14:14:08,393 INFO  impl.RaftServerProxy (RaftServerProxy.java:addNew(89)) - 92357d0a-3796-43b0-8533-2fae59331ae4: addNew group-4A15A8C2359C:[92357d0a-3796-43b0-8533-2fae59331ae4:192.168.19.23:46113, ea4d1c43-0f6d-421d-8c14-440a538667e3:192.168.19.23:41345, 3fded229-c612-486b-924b-2bdfef1e93ec:192.168.19.23:34187] returns group-4A15A8C2359C:java.util.concurrent.CompletableFuture@c33e348[Not completed]
2019-06-15 14:14:08,394 INFO  impl.RaftServerImpl (RaftServerImpl.java:<init>(91)) - 92357d0a-3796-43b0-8533-2fae59331ae4: new RaftServerImpl for group-4A15A8C2359C:[92357d0a-3796-43b0-8533-2fae59331ae4:192.168.19.23:46113, ea4d1c43-0f6d-421d-8c14-440a538667e3:192.168.19.23:41345, 3fded229-c612-486b-924b-2bdfef1e93ec:192.168.19.23:34187] with ContainerStateMachine:uninitialized
2019-06-15 14:14:08,394 INFO  server.RaftServerConfigKeys (ConfUtils.java:logGet(43)) - raft.server.rpc.timeout.min = 1s (custom)
2019-06-15 14:14:08,394 INFO  server.RaftServerConfigKeys (ConfUtils.java:logGet(43)) - raft.server.rpc.timeout.max = 1200ms (custom)
2019-06-15 14:14:08,394 INFO  server.RaftServerConfigKeys (ConfUtils.java:logGet(43)) - raft.server.rpcslowness.timeout = 120s (custom)
2019-06-15 14:14:08,394 INFO  server.RaftServerConfigKeys (ConfUtils.java:logGet(43)) - raft.server.log.appender.install.snapshot.enabled = true (default)
2019-06-15 14:14:08,394 INFO  impl.RaftServerImpl (ServerState.java:<init>(101)) - 92357d0a-3796-43b0-8533-2fae59331ae4:group-4A15A8C2359C ConfigurationManager, init=-1: [92357d0a-3796-43b0-8533-2fae59331ae4:192.168.19.23:46113, ea4d1c43-0f6d-421d-8c14-440a538667e3:192.168.19.23:41345, 3fded229-c612-486b-924b-2bdfef1e93ec:192.168.19.23:34187], old=null, confs=<EMPTY_MAP>
2019-06-15 14:14:08,394 INFO  server.RaftServerConfigKeys (ConfUtils.java:logGet(43)) - raft.server.storage.dir = [/opt/src/hadoop-ozone/integration-test/target/test-dir/MiniOzoneClusterImpl-da264f4b-86ab-41e7-9dc3-3b38e302178a/datanode-5/data/ratis] (custom)
2019-06-15 14:14:08,395 INFO  storage.RaftStorageDirectory (RaftStorageDirectory.java:analyzeStorage(246)) - The storage directory /opt/src/hadoop-ozone/integration-test/target/test-dir/MiniOzoneClusterImpl-da264f4b-86ab-41e7-9dc3-3b38e302178a/datanode-5/data/ratis/09608236-cdb1-4611-a1f9-4a15a8c2359c does not exist. Creating ...
2019-06-15 14:14:08,396 INFO  impl.RaftServerProxy (RaftServerProxy.java:addNew(89)) - ea4d1c43-0f6d-421d-8c14-440a538667e3: addNew group-4A15A8C2359C:[92357d0a-3796-43b0-8533-2fae59331ae4:192.168.19.23:46113, ea4d1c43-0f6d-421d-8c14-440a538667e3:192.168.19.23:41345, 3fded229-c612-486b-924b-2bdfef1e93ec:192.168.19.23:34187] returns group-4A15A8C2359C:java.util.concurrent.CompletableFuture@28205006[Not completed]
2019-06-15 14:14:08,397 INFO  impl.RaftServerProxy (RaftServerProxy.java:addNew(89)) - 3fded229-c612-486b-924b-2bdfef1e93ec: addNew group-4A15A8C2359C:[92357d0a-3796-43b0-8533-2fae59331ae4:192.168.19.23:46113, ea4d1c43-0f6d-421d-8c14-440a538667e3:192.168.19.23:41345, 3fded229-c612-486b-924b-2bdfef1e93ec:192.168.19.23:34187] returns group-4A15A8C2359C:java.util.concurrent.CompletableFuture@486d24dd[Not completed]
2019-06-15 14:14:08,397 INFO  impl.RaftServerImpl (RaftServerImpl.java:<init>(91)) - ea4d1c43-0f6d-421d-8c14-440a538667e3: new RaftServerImpl for group-4A15A8C2359C:[92357d0a-3796-43b0-8533-2fae59331ae4:192.168.19.23:46113, ea4d1c43-0f6d-421d-8c14-440a538667e3:192.168.19.23:41345, 3fded229-c612-486b-924b-2bdfef1e93ec:192.168.19.23:34187] with ContainerStateMachine:uninitialized
2019-06-15 14:14:08,397 INFO  server.RaftServerConfigKeys (ConfUtils.java:logGet(43)) - raft.server.rpc.timeout.min = 1s (custom)
2019-06-15 14:14:08,397 INFO  server.RaftServerConfigKeys (ConfUtils.java:logGet(43)) - raft.server.rpc.timeout.max = 1200ms (custom)
2019-06-15 14:14:08,397 INFO  storage.RaftStorageDirectory (RaftStorageDirectory.java:tryLock(328)) - Lock on /opt/src/hadoop-ozone/integration-test/target/test-dir/MiniOzoneClusterImpl-da264f4b-86ab-41e7-9dc3-3b38e302178a/datanode-5/data/ratis/09608236-cdb1-4611-a1f9-4a15a8c2359c/in_use.lock acquired by nodename 29898@ozone-unit-076618677d3-hs227-2779846674
2019-06-15 14:14:08,397 INFO  impl.RaftServerImpl (RaftServerImpl.java:<init>(91)) - 3fded229-c612-486b-924b-2bdfef1e93ec: new RaftServerImpl for group-4A15A8C2359C:[92357d0a-3796-43b0-8533-2fae59331ae4:192.168.19.23:46113, ea4d1c43-0f6d-421d-8c14-440a538667e3:192.168.19.23:41345, 3fded229-c612-486b-924b-2bdfef1e93ec:192.168.19.23:34187] with ContainerStateMachine:uninitialized
2019-06-15 14:14:08,397 INFO  server.RaftServerConfigKeys (ConfUtils.java:logGet(43)) - raft.server.rpc.timeout.min = 1s (custom)
2019-06-15 14:14:08,398 INFO  server.RaftServerConfigKeys (ConfUtils.java:logGet(43)) - raft.server.rpc.timeout.max = 1200ms (custom)
2019-06-15 14:14:08,398 INFO  server.RaftServerConfigKeys (ConfUtils.java:logGet(43)) - raft.server.rpcslowness.timeout = 120s (custom)
2019-06-15 14:14:08,398 INFO  server.RaftServerConfigKeys (ConfUtils.java:logGet(43)) - raft.server.log.appender.install.snapshot.enabled = true (default)
2019-06-15 14:14:08,398 INFO  impl.RaftServerImpl (ServerState.java:<init>(101)) - 3fded229-c612-486b-924b-2bdfef1e93ec:group-4A15A8C2359C ConfigurationManager, init=-1: [92357d0a-3796-43b0-8533-2fae59331ae4:192.168.19.23:46113, ea4d1c43-0f6d-421d-8c14-440a538667e3:192.168.19.23:41345, 3fded229-c612-486b-924b-2bdfef1e93ec:192.168.19.23:34187], old=null, confs=<EMPTY_MAP>
2019-06-15 14:14:08,397 INFO  server.RaftServerConfigKeys (ConfUtils.java:logGet(43)) - raft.server.rpcslowness.timeout = 120s (custom)
2019-06-15 14:14:08,398 INFO  server.RaftServerConfigKeys (ConfUtils.java:logGet(43)) - raft.server.log.appender.install.snapshot.enabled = true (default)
2019-06-15 14:14:08,398 INFO  impl.RaftServerImpl (ServerState.java:<init>(101)) - ea4d1c43-0f6d-421d-8c14-440a538667e3:group-4A15A8C2359C ConfigurationManager, init=-1: [92357d0a-3796-43b0-8533-2fae59331ae4:192.168.19.23:46113, ea4d1c43-0f6d-421d-8c14-440a538667e3:192.168.19.23:41345, 3fded229-c612-486b-924b-2bdfef1e93ec:192.168.19.23:34187], old=null, confs=<EMPTY_MAP>
2019-06-15 14:14:08,398 INFO  server.RaftServerConfigKeys (ConfUtils.java:logGet(43)) - raft.server.storage.dir = [/opt/src/hadoop-ozone/integration-test/target/test-dir/MiniOzoneClusterImpl-da264f4b-86ab-41e7-9dc3-3b38e302178a/datanode-3/data/ratis] (custom)
2019-06-15 14:14:08,398 INFO  storage.RaftStorageDirectory (RaftStorageDirectory.java:analyzeStorage(246)) - The storage directory /opt/src/hadoop-ozone/integration-test/target/test-dir/MiniOzoneClusterImpl-da264f4b-86ab-41e7-9dc3-3b38e302178a/datanode-3/data/ratis/09608236-cdb1-4611-a1f9-4a15a8c2359c does not exist. Creating ...
2019-06-15 14:14:08,398 INFO  server.RaftServerConfigKeys (ConfUtils.java:logGet(43)) - raft.server.storage.dir = [/opt/src/hadoop-ozone/integration-test/target/test-dir/MiniOzoneClusterImpl-da264f4b-86ab-41e7-9dc3-3b38e302178a/datanode-4/data/ratis] (custom)
2019-06-15 14:14:08,399 INFO  storage.RaftStorageDirectory (RaftStorageDirectory.java:analyzeStorage(246)) - The storage directory /opt/src/hadoop-ozone/integration-test/target/test-dir/MiniOzoneClusterImpl-da264f4b-86ab-41e7-9dc3-3b38e302178a/datanode-4/data/ratis/09608236-cdb1-4611-a1f9-4a15a8c2359c does not exist. Creating ...
2019-06-15 14:14:08,399 INFO  storage.RaftStorage (RaftStorage.java:format(75)) - Storage directory /opt/src/hadoop-ozone/integration-test/target/test-dir/MiniOzoneClusterImpl-da264f4b-86ab-41e7-9dc3-3b38e302178a/datanode-5/data/ratis/09608236-cdb1-4611-a1f9-4a15a8c2359c has been successfully formatted.
2019-06-15 14:14:08,400 INFO  ratis.ContainerStateMachine (ContainerStateMachine.java:loadSnapshot(199)) - The snapshot info is null.Setting the last applied index to:(t:0, i:~)
2019-06-15 14:14:08,400 INFO  server.RaftServerConfigKeys (ConfUtils.java:logGet(43)) - raft.server.leader.election.timeout = 120s (custom)
2019-06-15 14:14:08,400 INFO  server.RaftServerConfigKeys (ConfUtils.java:logGet(43)) - raft.server.log.use.memory = false (default)
2019-06-15 14:14:08,400 INFO  server.RaftServerConfigKeys (ConfUtils.java:logGet(43)) - raft.server.log.appender.buffer.byte-limit = 33554432 (custom)
2019-06-15 14:14:08,400 INFO  server.RaftServerConfigKeys (ConfUtils.java:logGet(43)) - raft.server.log.segment.size.max = 16384 (custom)
2019-06-15 14:14:08,400 INFO  server.RaftServerConfigKeys (ConfUtils.java:logGet(43)) - raft.server.log.segment.cache.num.max = 2 (custom)
2019-06-15 14:14:08,400 INFO  storage.RaftLogWorker (RaftLogWorker.java:<init>(123)) - new 92357d0a-3796-43b0-8533-2fae59331ae4-RaftLogWorker for Storage Directory /opt/src/hadoop-ozone/integration-test/target/test-dir/MiniOzoneClusterImpl-da264f4b-86ab-41e7-9dc3-3b38e302178a/datanode-5/data/ratis/09608236-cdb1-4611-a1f9-4a15a8c2359c
2019-06-15 14:14:08,401 INFO  server.RaftServerConfigKeys (ConfUtils.java:logGet(43)) - raft.server.log.queue.byte-limit = 2147483647 (custom)
2019-06-15 14:14:08,401 INFO  server.RaftServerConfigKeys (ConfUtils.java:logGet(43)) - raft.server.log.queue.element-limit = 1024 (custom)
2019-06-15 14:14:08,401 INFO  server.RaftServerConfigKeys (ConfUtils.java:logGet(43)) - raft.server.log.segment.size.max = 16384 (custom)
2019-06-15 14:14:08,401 INFO  storage.RaftStorageDirectory (RaftStorageDirectory.java:tryLock(328)) - Lock on /opt/src/hadoop-ozone/integration-test/target/test-dir/MiniOzoneClusterImpl-da264f4b-86ab-41e7-9dc3-3b38e302178a/datanode-3/data/ratis/09608236-cdb1-4611-a1f9-4a15a8c2359c/in_use.lock acquired by nodename 29898@ozone-unit-076618677d3-hs227-2779846674
2019-06-15 14:14:08,401 INFO  storage.RaftStorageDirectory (RaftStorageDirectory.java:tryLock(328)) - Lock on /opt/src/hadoop-ozone/integration-test/target/test-dir/MiniOzoneClusterImpl-da264f4b-86ab-41e7-9dc3-3b38e302178a/datanode-4/data/ratis/09608236-cdb1-4611-a1f9-4a15a8c2359c/in_use.lock acquired by nodename 29898@ozone-unit-076618677d3-hs227-2779846674
2019-06-15 14:14:08,401 INFO  server.RaftServerConfigKeys (ConfUtils.java:logGet(43)) - raft.server.log.preallocated.size = 16384 (custom)
2019-06-15 14:14:08,401 INFO  server.RaftServerConfigKeys (ConfUtils.java:logGet(43)) - raft.server.log.write.buffer.size = 33554432 (custom)
2019-06-15 14:14:08,402 INFO  server.RaftServerConfigKeys (ConfUtils.java:logGet(43)) - raft.server.log.force.sync.num = 128 (default)
2019-06-15 14:14:08,402 INFO  server.RaftServerConfigKeys (ConfUtils.java:logGet(43)) - raft.server.log.statemachine.data.sync = true (default)
2019-06-15 14:14:08,402 INFO  server.RaftServerConfigKeys (ConfUtils.java:logGet(43)) - raft.server.log.statemachine.data.sync.timeout = 10s (default)
2019-06-15 14:14:08,402 INFO  server.RaftServerConfigKeys (ConfUtils.java:logGet(43)) - raft.server.log.statemachine.data.sync.timeout.retry = -1 (default)
2019-06-15 14:14:08,402 INFO  server.RaftServerConfigKeys (ConfUtils.java:logGet(43)) - raft.server.log.statemachine.data.caching.enabled = true (custom)
2019-06-15 14:14:08,403 INFO  storage.RaftStorage (RaftStorage.java:format(75)) - Storage directory /opt/src/hadoop-ozone/integration-test/target/test-dir/MiniOzoneClusterImpl-da264f4b-86ab-41e7-9dc3-3b38e302178a/datanode-3/data/ratis/09608236-cdb1-4611-a1f9-4a15a8c2359c has been successfully formatted.
2019-06-15 14:14:08,403 INFO  ratis.ContainerStateMachine (ContainerStateMachine.java:loadSnapshot(199)) - The snapshot info is null.Setting the last applied index to:(t:0, i:~)
2019-06-15 14:14:08,403 INFO  server.RaftServerConfigKeys (ConfUtils.java:logGet(43)) - raft.server.leader.election.timeout = 120s (custom)
2019-06-15 14:14:08,403 INFO  server.RaftServerConfigKeys (ConfUtils.java:logGet(43)) - raft.server.log.use.memory = false (default)
2019-06-15 14:14:08,403 INFO  server.RaftServerConfigKeys (ConfUtils.java:logGet(43)) - raft.server.log.appender.buffer.byte-limit = 33554432 (custom)
2019-06-15 14:14:08,403 INFO  server.RaftServerConfigKeys (ConfUtils.java:logGet(43)) - raft.server.log.segment.size.max = 16384 (custom)
2019-06-15 14:14:08,404 INFO  server.RaftServerConfigKeys (ConfUtils.java:logGet(43)) - raft.server.log.segment.cache.num.max = 2 (custom)
2019-06-15 14:14:08,404 INFO  storage.RaftLogWorker (RaftLogWorker.java:<init>(123)) - new ea4d1c43-0f6d-421d-8c14-440a538667e3-RaftLogWorker for Storage Directory /opt/src/hadoop-ozone/integration-test/target/test-dir/MiniOzoneClusterImpl-da264f4b-86ab-41e7-9dc3-3b38e302178a/datanode-3/data/ratis/09608236-cdb1-4611-a1f9-4a15a8c2359c
2019-06-15 14:14:08,404 INFO  server.RaftServerConfigKeys (ConfUtils.java:logGet(43)) - raft.server.log.queue.byte-limit = 2147483647 (custom)
2019-06-15 14:14:08,404 INFO  server.RaftServerConfigKeys (ConfUtils.java:logGet(43)) - raft.server.log.queue.element-limit = 1024 (custom)
2019-06-15 14:14:08,404 INFO  server.RaftServerConfigKeys (ConfUtils.java:logGet(43)) - raft.server.log.segment.size.max = 16384 (custom)
2019-06-15 14:14:08,404 INFO  server.RaftServerConfigKeys (ConfUtils.java:logGet(43)) - raft.server.log.preallocated.size = 16384 (custom)
2019-06-15 14:14:08,404 INFO  server.RaftServerConfigKeys (ConfUtils.java:logGet(43)) - raft.server.log.write.buffer.size = 33554432 (custom)
2019-06-15 14:14:08,404 INFO  server.RaftServerConfigKeys (ConfUtils.java:logGet(43)) - raft.server.log.force.sync.num = 128 (default)
2019-06-15 14:14:08,404 INFO  server.RaftServerConfigKeys (ConfUtils.java:logGet(43)) - raft.server.log.statemachine.data.sync = true (default)
2019-06-15 14:14:08,404 INFO  server.RaftServerConfigKeys (ConfUtils.java:logGet(43)) - raft.server.log.statemachine.data.sync.timeout = 10s (default)
2019-06-15 14:14:08,404 INFO  server.RaftServerConfigKeys (ConfUtils.java:logGet(43)) - raft.server.log.statemachine.data.sync.timeout.retry = -1 (default)
2019-06-15 14:14:08,403 INFO  storage.RaftStorage (RaftStorage.java:format(75)) - Storage directory /opt/src/hadoop-ozone/integration-test/target/test-dir/MiniOzoneClusterImpl-da264f4b-86ab-41e7-9dc3-3b38e302178a/datanode-4/data/ratis/09608236-cdb1-4611-a1f9-4a15a8c2359c has been successfully formatted.
2019-06-15 14:14:08,405 INFO  ratis.ContainerStateMachine (ContainerStateMachine.java:loadSnapshot(199)) - The snapshot info is null.Setting the last applied index to:(t:0, i:~)
2019-06-15 14:14:08,405 INFO  server.RaftServerConfigKeys (ConfUtils.java:logGet(43)) - raft.server.leader.election.timeout = 120s (custom)
2019-06-15 14:14:08,405 INFO  server.RaftServerConfigKeys (ConfUtils.java:logGet(43)) - raft.server.log.use.memory = false (default)
2019-06-15 14:14:08,405 INFO  server.RaftServerConfigKeys (ConfUtils.java:logGet(43)) - raft.server.log.appender.buffer.byte-limit = 33554432 (custom)
2019-06-15 14:14:08,405 INFO  server.RaftServerConfigKeys (ConfUtils.java:logGet(43)) - raft.server.log.segment.size.max = 16384 (custom)
2019-06-15 14:14:08,405 INFO  server.RaftServerConfigKeys (ConfUtils.java:logGet(43)) - raft.server.log.segment.cache.num.max = 2 (custom)
2019-06-15 14:14:08,405 INFO  storage.RaftLogWorker (RaftLogWorker.java:<init>(123)) - new 3fded229-c612-486b-924b-2bdfef1e93ec-RaftLogWorker for Storage Directory /opt/src/hadoop-ozone/integration-test/target/test-dir/MiniOzoneClusterImpl-da264f4b-86ab-41e7-9dc3-3b38e302178a/datanode-4/data/ratis/09608236-cdb1-4611-a1f9-4a15a8c2359c
2019-06-15 14:14:08,405 INFO  server.RaftServerConfigKeys (ConfUtils.java:logGet(43)) - raft.server.log.queue.byte-limit = 2147483647 (custom)
2019-06-15 14:14:08,405 INFO  server.RaftServerConfigKeys (ConfUtils.java:logGet(43)) - raft.server.log.queue.element-limit = 1024 (custom)
2019-06-15 14:14:08,405 INFO  server.RaftServerConfigKeys (ConfUtils.java:logGet(43)) - raft.server.log.segment.size.max = 16384 (custom)
2019-06-15 14:14:08,405 INFO  server.RaftServerConfigKeys (ConfUtils.java:logGet(43)) - raft.server.log.preallocated.size = 16384 (custom)
2019-06-15 14:14:08,406 INFO  server.RaftServerConfigKeys (ConfUtils.java:logGet(43)) - raft.server.log.write.buffer.size = 33554432 (custom)
2019-06-15 14:14:08,406 INFO  server.RaftServerConfigKeys (ConfUtils.java:logGet(43)) - raft.server.log.force.sync.num = 128 (default)
2019-06-15 14:14:08,406 INFO  server.RaftServerConfigKeys (ConfUtils.java:logGet(43)) - raft.server.snapshot.auto.trigger.enabled = true (custom)
2019-06-15 14:14:08,406 INFO  server.RaftServerConfigKeys (ConfUtils.java:logGet(43)) - raft.server.snapshot.auto.trigger.threshold = 10000 (custom)
2019-06-15 14:14:08,406 INFO  server.RaftServerConfigKeys (ConfUtils.java:logGet(43)) - raft.server.log.statemachine.data.caching.enabled = true (custom)
2019-06-15 14:14:08,406 INFO  server.RaftServerConfigKeys (ConfUtils.java:logGet(43)) - raft.server.retrycache.expirytime = 600000ms (custom)
2019-06-15 14:14:08,406 INFO  server.RaftServerConfigKeys (ConfUtils.java:logGet(43)) - raft.server.log.statemachine.data.sync = true (default)
2019-06-15 14:14:08,408 INFO  server.RaftServerConfigKeys (ConfUtils.java:logGet(43)) - raft.server.log.statemachine.data.sync.timeout = 10s (default)
2019-06-15 14:14:08,408 INFO  impl.RaftServerImpl (RaftServerImpl.java:start(173)) - 92357d0a-3796-43b0-8533-2fae59331ae4: start group-4A15A8C2359C
2019-06-15 14:14:08,407 INFO  server.RaftServerConfigKeys (ConfUtils.java:logGet(43)) - raft.server.snapshot.auto.trigger.enabled = true (custom)
2019-06-15 14:14:08,408 INFO  impl.RaftServerImpl (RaftServerImpl.java:setRole(164)) - 92357d0a-3796-43b0-8533-2fae59331ae4:group-4A15A8C2359C changes role from null to FOLLOWER at term 0 for startAsFollower
2019-06-15 14:14:08,408 INFO  server.RaftServerConfigKeys (ConfUtils.java:logGet(43)) - raft.server.log.statemachine.data.sync.timeout.retry = -1 (default)
2019-06-15 14:14:08,409 INFO  server.RaftServerConfigKeys (ConfUtils.java:logGet(43)) - raft.server.log.statemachine.data.caching.enabled = true (custom)
2019-06-15 14:14:08,408 INFO  impl.RoleInfo (RoleInfo.java:updateAndGet(143)) - 92357d0a-3796-43b0-8533-2fae59331ae4: start FollowerState
2019-06-15 14:14:08,408 INFO  server.RaftServerConfigKeys (ConfUtils.java:logGet(43)) - raft.server.snapshot.auto.trigger.threshold = 10000 (custom)
2019-06-15 14:14:08,409 INFO  server.RaftServerConfigKeys (ConfUtils.java:logGet(43)) - raft.server.snapshot.auto.trigger.enabled = true (custom)
2019-06-15 14:14:08,409 INFO  server.RaftServerConfigKeys (ConfUtils.java:logGet(43)) - raft.server.snapshot.auto.trigger.threshold = 10000 (custom)
2019-06-15 14:14:08,409 INFO  server.RaftServerConfigKeys (ConfUtils.java:logGet(43)) - raft.server.retrycache.expirytime = 600000ms (custom)
2019-06-15 14:14:08,409 INFO  impl.RaftServerImpl (RaftServerImpl.java:start(173)) - 3fded229-c612-486b-924b-2bdfef1e93ec: start group-4A15A8C2359C
2019-06-15 14:14:08,409 INFO  impl.RaftServerImpl (RaftServerImpl.java:setRole(164)) - 3fded229-c612-486b-924b-2bdfef1e93ec:group-4A15A8C2359C changes role from null to FOLLOWER at term 0 for startAsFollower
2019-06-15 14:14:08,410 INFO  util.JmxRegister (JmxRegister.java:tryRegister(44)) - Successfully registered JMX Bean with object name Ratis:service=RaftServer,group=group-4A15A8C2359C,id=92357d0a-3796-43b0-8533-2fae59331ae4
2019-06-15 14:14:08,409 INFO  server.RaftServerConfigKeys (ConfUtils.java:logGet(43)) - raft.server.retrycache.expirytime = 600000ms (custom)
2019-06-15 14:14:08,410 INFO  impl.RaftServerImpl (RaftServerImpl.java:start(173)) - ea4d1c43-0f6d-421d-8c14-440a538667e3: start group-4A15A8C2359C
2019-06-15 14:14:08,410 INFO  impl.RaftServerImpl (RaftServerImpl.java:setRole(164)) - ea4d1c43-0f6d-421d-8c14-440a538667e3:group-4A15A8C2359C changes role from null to FOLLOWER at term 0 for startAsFollower
2019-06-15 14:14:08,410 INFO  impl.RoleInfo (RoleInfo.java:updateAndGet(143)) - 3fded229-c612-486b-924b-2bdfef1e93ec: start FollowerState
2019-06-15 14:14:08,410 INFO  util.JmxRegister (JmxRegister.java:tryRegister(44)) - Successfully registered JMX Bean with object name Ratis:service=RaftServer,group=group-4A15A8C2359C,id=3fded229-c612-486b-924b-2bdfef1e93ec
2019-06-15 14:14:08,411 INFO  impl.RoleInfo (RoleInfo.java:updateAndGet(143)) - ea4d1c43-0f6d-421d-8c14-440a538667e3: start FollowerState
2019-06-15 14:14:08,411 INFO  util.JmxRegister (JmxRegister.java:tryRegister(44)) - Successfully registered JMX Bean with object name Ratis:service=RaftServer,group=group-4A15A8C2359C,id=ea4d1c43-0f6d-421d-8c14-440a538667e3
2019-06-15 14:14:08,419 INFO  pipeline.PipelineStateManager (PipelineStateManager.java:addPipeline(56)) - Created pipeline Pipeline[ Id: 09608236-cdb1-4611-a1f9-4a15a8c2359c, Nodes: 92357d0a-3796-43b0-8533-2fae59331ae4{ip: 192.168.19.23, host: ozone-unit-076618677d3-hs227-2779846674, networkLocation: /default-rack, certSerialId: null}ea4d1c43-0f6d-421d-8c14-440a538667e3{ip: 192.168.19.23, host: ozone-unit-076618677d3-hs227-2779846674, networkLocation: /default-rack, certSerialId: null}3fded229-c612-486b-924b-2bdfef1e93ec{ip: 192.168.19.23, host: ozone-unit-076618677d3-hs227-2779846674, networkLocation: /default-rack, certSerialId: null}, Type:RATIS, Factor:THREE, State:OPEN]
2019-06-15 14:14:08,521 INFO  impl.FollowerState (FollowerState.java:run(101)) - f8bb8dd7-d519-4feb-b424-f28ab6c7dc02:group-330FD0EAAC48 changes to CANDIDATE, lastRpcTime:1145, electionTimeout:1145ms
2019-06-15 14:14:08,522 INFO  impl.RoleInfo (RoleInfo.java:shutdownFollowerState(121)) - f8bb8dd7-d519-4feb-b424-f28ab6c7dc02: shutdown FollowerState
2019-06-15 14:14:08,522 INFO  impl.RaftServerImpl (RaftServerImpl.java:setRole(164)) - f8bb8dd7-d519-4feb-b424-f28ab6c7dc02:group-330FD0EAAC48 changes role from FOLLOWER to CANDIDATE at term 0 for changeToCandidate
2019-06-15 14:14:08,522 INFO  impl.RoleInfo (RoleInfo.java:updateAndGet(143)) - f8bb8dd7-d519-4feb-b424-f28ab6c7dc02: start LeaderElection
2019-06-15 14:14:08,529 INFO  impl.LeaderElection (LeaderElection.java:askForVotes(181)) - f8bb8dd7-d519-4feb-b424-f28ab6c7dc02:group-330FD0EAAC48:LeaderElection13: begin an election at term 1 for -1: [f8bb8dd7-d519-4feb-b424-f28ab6c7dc02:192.168.19.23:45015], old=null
2019-06-15 14:14:08,530 INFO  impl.RoleInfo (RoleInfo.java:shutdownLeaderElection(134)) - f8bb8dd7-d519-4feb-b424-f28ab6c7dc02: shutdown LeaderElection
2019-06-15 14:14:08,530 INFO  impl.RaftServerImpl (RaftServerImpl.java:setRole(164)) - f8bb8dd7-d519-4feb-b424-f28ab6c7dc02:group-330FD0EAAC48 changes role from CANDIDATE to LEADER at term 1 for changeToLeader
2019-06-15 14:14:08,530 INFO  impl.RaftServerImpl (ServerState.java:setLeader(263)) - f8bb8dd7-d519-4feb-b424-f28ab6c7dc02:group-330FD0EAAC48 change Leader from null to f8bb8dd7-d519-4feb-b424-f28ab6c7dc02 at term 1 for becomeLeader, leader elected after 1155ms
2019-06-15 14:14:08,530 INFO  server.RaftServerConfigKeys (ConfUtils.java:logGet(43)) - raft.server.staging.catchup.gap = 1000 (default)
2019-06-15 14:14:08,530 INFO  server.RaftServerConfigKeys (ConfUtils.java:logGet(43)) - raft.server.rpc.sleep.time = 25ms (default)
2019-06-15 14:14:08,530 INFO  server.RaftServerConfigKeys (ConfUtils.java:logGet(43)) - raft.server.watch.timeout = 10s (default)
2019-06-15 14:14:08,530 INFO  server.RaftServerConfigKeys (ConfUtils.java:logGet(43)) - raft.server.watch.timeout.denomination = 1s (default)
2019-06-15 14:14:08,530 INFO  impl.RoleInfo (RoleInfo.java:updateAndGet(143)) - f8bb8dd7-d519-4feb-b424-f28ab6c7dc02: start LeaderState
2019-06-15 14:14:08,531 INFO  storage.RaftLogWorker (RaftLogWorker.java:startLogSegment(298)) - f8bb8dd7-d519-4feb-b424-f28ab6c7dc02-RaftLogWorker: Starting segment from index:0
2019-06-15 14:14:08,531 INFO  impl.RaftServerImpl (ServerState.java:setRaftConf(361)) - f8bb8dd7-d519-4feb-b424-f28ab6c7dc02:group-330FD0EAAC48 set configuration 0: [f8bb8dd7-d519-4feb-b424-f28ab6c7dc02:192.168.19.23:45015], old=null at 0
2019-06-15 14:14:08,549 INFO  ozone.MiniOzoneClusterImpl (MiniOzoneClusterImpl.java:lambda$waitForClusterToBeReady$0(142)) - Waiting for cluster to be ready. Got 6 of 7 DN Heartbeats.
2019-06-15 14:14:08,560 INFO  node.SCMNodeManager (SCMNodeManager.java:register(269)) - Registered Data node : 2385b319-ba7b-4a78-b350-7902e88869ee{ip: 192.168.19.23, host: ozone-unit-076618677d3-hs227-2779846674, networkLocation: /default-rack, certSerialId: null}
2019-06-15 14:14:08,568 INFO  storage.RaftLogWorker (RaftLogWorker.java:execute(469)) - f8bb8dd7-d519-4feb-b424-f28ab6c7dc02-RaftLogWorker: created new log segment /opt/src/hadoop-ozone/integration-test/target/test-dir/MiniOzoneClusterImpl-da264f4b-86ab-41e7-9dc3-3b38e302178a/datanode-0/data/ratis/f16102ee-8ca4-4128-8bc3-330fd0eaac48/current/log_inprogress_0
2019-06-15 14:14:08,571 INFO  impl.RaftServerProxy (RaftServerProxy.java:addNew(89)) - 2385b319-ba7b-4a78-b350-7902e88869ee: addNew group-8C385BFCD1BB:[2385b319-ba7b-4a78-b350-7902e88869ee:192.168.19.23:43299] returns group-8C385BFCD1BB:java.util.concurrent.CompletableFuture@e8144db[Not completed]
2019-06-15 14:14:08,572 INFO  impl.RaftServerImpl (RaftServerImpl.java:<init>(91)) - 2385b319-ba7b-4a78-b350-7902e88869ee: new RaftServerImpl for group-8C385BFCD1BB:[2385b319-ba7b-4a78-b350-7902e88869ee:192.168.19.23:43299] with ContainerStateMachine:uninitialized
2019-06-15 14:14:08,572 INFO  server.RaftServerConfigKeys (ConfUtils.java:logGet(43)) - raft.server.rpc.timeout.min = 1s (custom)
2019-06-15 14:14:08,572 INFO  server.RaftServerConfigKeys (ConfUtils.java:logGet(43)) - raft.server.rpc.timeout.max = 1200ms (custom)
2019-06-15 14:14:08,572 INFO  server.RaftServerConfigKeys (ConfUtils.java:logGet(43)) - raft.server.rpcslowness.timeout = 120s (custom)
2019-06-15 14:14:08,572 INFO  server.RaftServerConfigKeys (ConfUtils.java:logGet(43)) - raft.server.log.appender.install.snapshot.enabled = true (default)
2019-06-15 14:14:08,572 INFO  impl.RaftServerImpl (ServerState.java:<init>(101)) - 2385b319-ba7b-4a78-b350-7902e88869ee:group-8C385BFCD1BB ConfigurationManager, init=-1: [2385b319-ba7b-4a78-b350-7902e88869ee:192.168.19.23:43299], old=null, confs=<EMPTY_MAP>
2019-06-15 14:14:08,572 INFO  server.RaftServerConfigKeys (ConfUtils.java:logGet(43)) - raft.server.storage.dir = [/opt/src/hadoop-ozone/integration-test/target/test-dir/MiniOzoneClusterImpl-da264f4b-86ab-41e7-9dc3-3b38e302178a/datanode-6/data/ratis] (custom)
2019-06-15 14:14:08,573 INFO  storage.RaftStorageDirectory (RaftStorageDirectory.java:analyzeStorage(246)) - The storage directory /opt/src/hadoop-ozone/integration-test/target/test-dir/MiniOzoneClusterImpl-da264f4b-86ab-41e7-9dc3-3b38e302178a/datanode-6/data/ratis/87e9ba61-c08d-4eda-8372-8c385bfcd1bb does not exist. Creating ...
2019-06-15 14:14:08,575 INFO  storage.RaftStorageDirectory (RaftStorageDirectory.java:tryLock(328)) - Lock on /opt/src/hadoop-ozone/integration-test/target/test-dir/MiniOzoneClusterImpl-da264f4b-86ab-41e7-9dc3-3b38e302178a/datanode-6/data/ratis/87e9ba61-c08d-4eda-8372-8c385bfcd1bb/in_use.lock acquired by nodename 29898@ozone-unit-076618677d3-hs227-2779846674
2019-06-15 14:14:08,577 INFO  storage.RaftStorage (RaftStorage.java:format(75)) - Storage directory /opt/src/hadoop-ozone/integration-test/target/test-dir/MiniOzoneClusterImpl-da264f4b-86ab-41e7-9dc3-3b38e302178a/datanode-6/data/ratis/87e9ba61-c08d-4eda-8372-8c385bfcd1bb has been successfully formatted.
2019-06-15 14:14:08,577 INFO  ratis.ContainerStateMachine (ContainerStateMachine.java:loadSnapshot(199)) - The snapshot info is null.Setting the last applied index to:(t:0, i:~)
2019-06-15 14:14:08,577 INFO  server.RaftServerConfigKeys (ConfUtils.java:logGet(43)) - raft.server.leader.election.timeout = 120s (custom)
2019-06-15 14:14:08,577 INFO  server.RaftServerConfigKeys (ConfUtils.java:logGet(43)) - raft.server.log.use.memory = false (default)
2019-06-15 14:14:08,578 INFO  server.RaftServerConfigKeys (ConfUtils.java:logGet(43)) - raft.server.log.appender.buffer.byte-limit = 33554432 (custom)
2019-06-15 14:14:08,578 INFO  server.RaftServerConfigKeys (ConfUtils.java:logGet(43)) - raft.server.log.segment.size.max = 16384 (custom)
2019-06-15 14:14:08,578 INFO  server.RaftServerConfigKeys (ConfUtils.java:logGet(43)) - raft.server.log.segment.cache.num.max = 2 (custom)
2019-06-15 14:14:08,578 INFO  storage.RaftLogWorker (RaftLogWorker.java:<init>(123)) - new 2385b319-ba7b-4a78-b350-7902e88869ee-RaftLogWorker for Storage Directory /opt/src/hadoop-ozone/integration-test/target/test-dir/MiniOzoneClusterImpl-da264f4b-86ab-41e7-9dc3-3b38e302178a/datanode-6/data/ratis/87e9ba61-c08d-4eda-8372-8c385bfcd1bb
2019-06-15 14:14:08,578 INFO  server.RaftServerConfigKeys (ConfUtils.java:logGet(43)) - raft.server.log.queue.byte-limit = 2147483647 (custom)
2019-06-15 14:14:08,578 INFO  server.RaftServerConfigKeys (ConfUtils.java:logGet(43)) - raft.server.log.queue.element-limit = 1024 (custom)
2019-06-15 14:14:08,578 INFO  server.RaftServerConfigKeys (ConfUtils.java:logGet(43)) - raft.server.log.segment.size.max = 16384 (custom)
2019-06-15 14:14:08,578 INFO  server.RaftServerConfigKeys (ConfUtils.java:logGet(43)) - raft.server.log.preallocated.size = 16384 (custom)
2019-06-15 14:14:08,578 INFO  server.RaftServerConfigKeys (ConfUtils.java:logGet(43)) - raft.server.log.write.buffer.size = 33554432 (custom)
2019-06-15 14:14:08,578 INFO  server.RaftServerConfigKeys (ConfUtils.java:logGet(43)) - raft.server.log.force.sync.num = 128 (default)
2019-06-15 14:14:08,578 INFO  server.RaftServerConfigKeys (ConfUtils.java:logGet(43)) - raft.server.log.statemachine.data.sync = true (default)
2019-06-15 14:14:08,578 INFO  server.RaftServerConfigKeys (ConfUtils.java:logGet(43)) - raft.server.log.statemachine.data.sync.timeout = 10s (default)
2019-06-15 14:14:08,578 INFO  server.RaftServerConfigKeys (ConfUtils.java:logGet(43)) - raft.server.log.statemachine.data.sync.timeout.retry = -1 (default)
2019-06-15 14:14:08,579 INFO  server.RaftServerConfigKeys (ConfUtils.java:logGet(43)) - raft.server.log.statemachine.data.caching.enabled = true (custom)
2019-06-15 14:14:08,579 INFO  server.RaftServerConfigKeys (ConfUtils.java:logGet(43)) - raft.server.snapshot.auto.trigger.enabled = true (custom)
2019-06-15 14:14:08,579 INFO  server.RaftServerConfigKeys (ConfUtils.java:logGet(43)) - raft.server.snapshot.auto.trigger.threshold = 10000 (custom)
2019-06-15 14:14:08,579 INFO  server.RaftServerConfigKeys (ConfUtils.java:logGet(43)) - raft.server.retrycache.expirytime = 600000ms (custom)
2019-06-15 14:14:08,579 INFO  impl.RaftServerImpl (RaftServerImpl.java:start(173)) - 2385b319-ba7b-4a78-b350-7902e88869ee: start group-8C385BFCD1BB
2019-06-15 14:14:08,579 INFO  impl.RaftServerImpl (RaftServerImpl.java:setRole(164)) - 2385b319-ba7b-4a78-b350-7902e88869ee:group-8C385BFCD1BB changes role from null to FOLLOWER at term 0 for startAsFollower
2019-06-15 14:14:08,579 INFO  impl.RoleInfo (RoleInfo.java:updateAndGet(143)) - 2385b319-ba7b-4a78-b350-7902e88869ee: start FollowerState
2019-06-15 14:14:08,580 INFO  util.JmxRegister (JmxRegister.java:tryRegister(44)) - Successfully registered JMX Bean with object name Ratis:service=RaftServer,group=group-8C385BFCD1BB,id=2385b319-ba7b-4a78-b350-7902e88869ee
2019-06-15 14:14:08,581 INFO  pipeline.PipelineStateManager (PipelineStateManager.java:addPipeline(56)) - Created pipeline Pipeline[ Id: 87e9ba61-c08d-4eda-8372-8c385bfcd1bb, Nodes: 2385b319-ba7b-4a78-b350-7902e88869ee{ip: 192.168.19.23, host: ozone-unit-076618677d3-hs227-2779846674, networkLocation: /default-rack, certSerialId: null}, Type:RATIS, Factor:ONE, State:OPEN]
2019-06-15 14:14:08,710 INFO  impl.FollowerState (FollowerState.java:run(101)) - d640b49d-75fd-47e0-91a5-ddc3235196e9:group-E30BC45FC591 changes to CANDIDATE, lastRpcTime:1164, electionTimeout:1164ms
2019-06-15 14:14:08,710 INFO  impl.RoleInfo (RoleInfo.java:shutdownFollowerState(121)) - d640b49d-75fd-47e0-91a5-ddc3235196e9: shutdown FollowerState
2019-06-15 14:14:08,710 INFO  impl.RaftServerImpl (RaftServerImpl.java:setRole(164)) - d640b49d-75fd-47e0-91a5-ddc3235196e9:group-E30BC45FC591 changes role from FOLLOWER to CANDIDATE at term 0 for changeToCandidate
2019-06-15 14:14:08,710 INFO  impl.RoleInfo (RoleInfo.java:updateAndGet(143)) - d640b49d-75fd-47e0-91a5-ddc3235196e9: start LeaderElection
2019-06-15 14:14:08,718 INFO  impl.LeaderElection (LeaderElection.java:askForVotes(181)) - d640b49d-75fd-47e0-91a5-ddc3235196e9:group-E30BC45FC591:LeaderElection14: begin an election at term 1 for -1: [d640b49d-75fd-47e0-91a5-ddc3235196e9:192.168.19.23:36587], old=null
2019-06-15 14:14:08,718 INFO  impl.RoleInfo (RoleInfo.java:shutdownLeaderElection(134)) - d640b49d-75fd-47e0-91a5-ddc3235196e9: shutdown LeaderElection
2019-06-15 14:14:08,718 INFO  impl.RaftServerImpl (RaftServerImpl.java:setRole(164)) - d640b49d-75fd-47e0-91a5-ddc3235196e9:group-E30BC45FC591 changes role from CANDIDATE to LEADER at term 1 for changeToLeader
2019-06-15 14:14:08,718 INFO  impl.RaftServerImpl (ServerState.java:setLeader(263)) - d640b49d-75fd-47e0-91a5-ddc3235196e9:group-E30BC45FC591 change Leader from null to d640b49d-75fd-47e0-91a5-ddc3235196e9 at term 1 for becomeLeader, leader elected after 1174ms
2019-06-15 14:14:08,718 INFO  server.RaftServerConfigKeys (ConfUtils.java:logGet(43)) - raft.server.staging.catchup.gap = 1000 (default)
2019-06-15 14:14:08,718 INFO  server.RaftServerConfigKeys (ConfUtils.java:logGet(43)) - raft.server.rpc.sleep.time = 25ms (default)
2019-06-15 14:14:08,718 INFO  server.RaftServerConfigKeys (ConfUtils.java:logGet(43)) - raft.server.watch.timeout = 10s (default)
2019-06-15 14:14:08,718 INFO  server.RaftServerConfigKeys (ConfUtils.java:logGet(43)) - raft.server.watch.timeout.denomination = 1s (default)
2019-06-15 14:14:08,718 INFO  impl.RoleInfo (RoleInfo.java:updateAndGet(143)) - d640b49d-75fd-47e0-91a5-ddc3235196e9: start LeaderState
2019-06-15 14:14:08,719 INFO  storage.RaftLogWorker (RaftLogWorker.java:startLogSegment(298)) - d640b49d-75fd-47e0-91a5-ddc3235196e9-RaftLogWorker: Starting segment from index:0
2019-06-15 14:14:08,720 INFO  impl.RaftServerImpl (ServerState.java:setRaftConf(361)) - d640b49d-75fd-47e0-91a5-ddc3235196e9:group-E30BC45FC591 set configuration 0: [d640b49d-75fd-47e0-91a5-ddc3235196e9:192.168.19.23:36587], old=null at 0
2019-06-15 14:14:08,753 INFO  storage.RaftLogWorker (RaftLogWorker.java:execute(469)) - d640b49d-75fd-47e0-91a5-ddc3235196e9-RaftLogWorker: created new log segment /opt/src/hadoop-ozone/integration-test/target/test-dir/MiniOzoneClusterImpl-da264f4b-86ab-41e7-9dc3-3b38e302178a/datanode-1/data/ratis/5d497c12-9ca3-4e98-955e-e30bc45fc591/current/log_inprogress_0
2019-06-15 14:14:08,801 INFO  impl.FollowerState (FollowerState.java:run(101)) - f8bb8dd7-d519-4feb-b424-f28ab6c7dc02:group-431FBC8113DD changes to CANDIDATE, lastRpcTime:1009, electionTimeout:1003ms
2019-06-15 14:14:08,801 INFO  impl.RoleInfo (RoleInfo.java:shutdownFollowerState(121)) - f8bb8dd7-d519-4feb-b424-f28ab6c7dc02: shutdown FollowerState
2019-06-15 14:14:08,801 INFO  impl.RaftServerImpl (RaftServerImpl.java:setRole(164)) - f8bb8dd7-d519-4feb-b424-f28ab6c7dc02:group-431FBC8113DD changes role from FOLLOWER to CANDIDATE at term 0 for changeToCandidate
2019-06-15 14:14:08,801 INFO  impl.RoleInfo (RoleInfo.java:updateAndGet(143)) - f8bb8dd7-d519-4feb-b424-f28ab6c7dc02: start LeaderElection
2019-06-15 14:14:08,808 INFO  impl.LeaderElection (LeaderElection.java:askForVotes(181)) - f8bb8dd7-d519-4feb-b424-f28ab6c7dc02:group-431FBC8113DD:LeaderElection15: begin an election at term 1 for -1: [a147d26a-44f2-4d0e-ac1e-0f18000d7a21:192.168.19.23:42057, d640b49d-75fd-47e0-91a5-ddc3235196e9:192.168.19.23:36587, f8bb8dd7-d519-4feb-b424-f28ab6c7dc02:192.168.19.23:45015], old=null
2019-06-15 14:14:08,813 INFO  impl.FollowerState (FollowerState.java:run(101)) - a147d26a-44f2-4d0e-ac1e-0f18000d7a21:group-431FBC8113DD changes to CANDIDATE, lastRpcTime:1003, electionTimeout:1002ms
2019-06-15 14:14:08,813 INFO  impl.RoleInfo (RoleInfo.java:shutdownFollowerState(121)) - a147d26a-44f2-4d0e-ac1e-0f18000d7a21: shutdown FollowerState
2019-06-15 14:14:08,813 INFO  impl.RaftServerImpl (RaftServerImpl.java:setRole(164)) - a147d26a-44f2-4d0e-ac1e-0f18000d7a21:group-431FBC8113DD changes role from FOLLOWER to CANDIDATE at term 0 for changeToCandidate
2019-06-15 14:14:08,813 INFO  impl.RoleInfo (RoleInfo.java:updateAndGet(143)) - a147d26a-44f2-4d0e-ac1e-0f18000d7a21: start LeaderElection
2019-06-15 14:14:08,823 INFO  impl.RaftServerImpl (RaftServerImpl.java:setRole(164)) - d640b49d-75fd-47e0-91a5-ddc3235196e9:group-431FBC8113DD changes role from FOLLOWER to FOLLOWER at term 1 for recognizeCandidate:f8bb8dd7-d519-4feb-b424-f28ab6c7dc02
2019-06-15 14:14:08,823 INFO  impl.RoleInfo (RoleInfo.java:shutdownFollowerState(121)) - d640b49d-75fd-47e0-91a5-ddc3235196e9: shutdown FollowerState
2019-06-15 14:14:08,823 INFO  impl.RoleInfo (RoleInfo.java:updateAndGet(143)) - d640b49d-75fd-47e0-91a5-ddc3235196e9: start FollowerState
2019-06-15 14:14:08,823 INFO  impl.FollowerState (FollowerState.java:run(109)) - d640b49d-75fd-47e0-91a5-ddc3235196e9: FollowerState was interrupted: java.lang.InterruptedException: sleep interrupted
2019-06-15 14:14:08,825 INFO  impl.LeaderElection (LeaderElection.java:askForVotes(181)) - a147d26a-44f2-4d0e-ac1e-0f18000d7a21:group-431FBC8113DD:LeaderElection16: begin an election at term 1 for -1: [a147d26a-44f2-4d0e-ac1e-0f18000d7a21:192.168.19.23:42057, d640b49d-75fd-47e0-91a5-ddc3235196e9:192.168.19.23:36587, f8bb8dd7-d519-4feb-b424-f28ab6c7dc02:192.168.19.23:45015], old=null
2019-06-15 14:14:08,833 INFO  impl.LeaderElection (LeaderElection.java:logAndReturn(56)) - f8bb8dd7-d519-4feb-b424-f28ab6c7dc02:group-431FBC8113DD:LeaderElection15: Election PASSED; received 2 response(s) [f8bb8dd7-d519-4feb-b424-f28ab6c7dc02->a147d26a-44f2-4d0e-ac1e-0f18000d7a21,false-t1, f8bb8dd7-d519-4feb-b424-f28ab6c7dc02->d640b49d-75fd-47e0-91a5-ddc3235196e9,true-t1] and 0 exception(s); f8bb8dd7-d519-4feb-b424-f28ab6c7dc02:t1, leader=null, voted=f8bb8dd7-d519-4feb-b424-f28ab6c7dc02, raftlog=f8bb8dd7-d519-4feb-b424-f28ab6c7dc02-SegmentedRaftLog:OPENED:c-1,f-1,i0, conf=-1: [a147d26a-44f2-4d0e-ac1e-0f18000d7a21:192.168.19.23:42057, d640b49d-75fd-47e0-91a5-ddc3235196e9:192.168.19.23:36587, f8bb8dd7-d519-4feb-b424-f28ab6c7dc02:192.168.19.23:45015], old=null
2019-06-15 14:14:08,833 INFO  impl.RoleInfo (RoleInfo.java:shutdownLeaderElection(134)) - f8bb8dd7-d519-4feb-b424-f28ab6c7dc02: shutdown LeaderElection
2019-06-15 14:14:08,833 INFO  impl.RaftServerImpl (RaftServerImpl.java:setRole(164)) - f8bb8dd7-d519-4feb-b424-f28ab6c7dc02:group-431FBC8113DD changes role from CANDIDATE to LEADER at term 1 for changeToLeader
2019-06-15 14:14:08,833 INFO  impl.RaftServerImpl (ServerState.java:setLeader(263)) - f8bb8dd7-d519-4feb-b424-f28ab6c7dc02:group-431FBC8113DD change Leader from null to f8bb8dd7-d519-4feb-b424-f28ab6c7dc02 at term 1 for becomeLeader, leader elected after 1043ms
2019-06-15 14:14:08,833 INFO  server.RaftServerConfigKeys (ConfUtils.java:logGet(43)) - raft.server.staging.catchup.gap = 1000 (default)
2019-06-15 14:14:08,833 INFO  server.RaftServerConfigKeys (ConfUtils.java:logGet(43)) - raft.server.rpc.sleep.time = 25ms (default)
2019-06-15 14:14:08,834 INFO  server.RaftServerConfigKeys (ConfUtils.java:logGet(43)) - raft.server.watch.timeout = 10s (default)
2019-06-15 14:14:08,834 INFO  server.RaftServerConfigKeys (ConfUtils.java:logGet(43)) - raft.server.watch.timeout.denomination = 1s (default)
2019-06-15 14:14:08,834 INFO  server.RaftServerConfigKeys (ConfUtils.java:logGet(43)) - raft.server.log.appender.snapshot.chunk.size.max = 16MB (=16777216) (default)
2019-06-15 14:14:08,834 INFO  server.RaftServerConfigKeys (ConfUtils.java:logGet(43)) - raft.server.log.appender.buffer.byte-limit = 33554432 (custom)
2019-06-15 14:14:08,834 INFO  server.RaftServerConfigKeys (ConfUtils.java:logGet(43)) - raft.server.log.appender.buffer.element-limit = 1 (custom)
2019-06-15 14:14:08,835 INFO  grpc.GrpcConfigKeys$Server (ConfUtils.java:logGet(43)) - raft.grpc.server.leader.outstanding.appends.max = 128 (default)
2019-06-15 14:14:08,835 INFO  server.RaftServerConfigKeys (ConfUtils.java:logGet(43)) - raft.server.rpc.request.timeout = 3000ms (default)
2019-06-15 14:14:08,835 INFO  server.RaftServerConfigKeys (ConfUtils.java:logGet(43)) - raft.server.log.appender.install.snapshot.enabled = true (default)
2019-06-15 14:14:08,835 INFO  server.RaftServerConfigKeys (ConfUtils.java:logGet(43)) - raft.server.log.appender.snapshot.chunk.size.max = 16MB (=16777216) (default)
2019-06-15 14:14:08,835 INFO  server.RaftServerConfigKeys (ConfUtils.java:logGet(43)) - raft.server.log.appender.buffer.byte-limit = 33554432 (custom)
2019-06-15 14:14:08,835 INFO  server.RaftServerConfigKeys (ConfUtils.java:logGet(43)) - raft.server.log.appender.buffer.element-limit = 1 (custom)
2019-06-15 14:14:08,835 INFO  grpc.GrpcConfigKeys$Server (ConfUtils.java:logGet(43)) - raft.grpc.server.leader.outstanding.appends.max = 128 (default)
2019-06-15 14:14:08,835 INFO  server.RaftServerConfigKeys (ConfUtils.java:logGet(43)) - raft.server.rpc.request.timeout = 3000ms (default)
2019-06-15 14:14:08,836 INFO  server.RaftServerConfigKeys (ConfUtils.java:logGet(43)) - raft.server.log.appender.install.snapshot.enabled = true (default)
2019-06-15 14:14:08,836 INFO  impl.RoleInfo (RoleInfo.java:updateAndGet(143)) - f8bb8dd7-d519-4feb-b424-f28ab6c7dc02: start LeaderState
2019-06-15 14:14:08,836 INFO  storage.RaftLogWorker (RaftLogWorker.java:startLogSegment(298)) - f8bb8dd7-d519-4feb-b424-f28ab6c7dc02-RaftLogWorker: Starting segment from index:0
2019-06-15 14:14:08,842 INFO  impl.RaftServerImpl (RaftServerImpl.java:setRole(164)) - a147d26a-44f2-4d0e-ac1e-0f18000d7a21:group-431FBC8113DD changes role from CANDIDATE to FOLLOWER at term 1 for appendEntries
2019-06-15 14:14:08,855 INFO  impl.FollowerState (FollowerState.java:run(101)) - a147d26a-44f2-4d0e-ac1e-0f18000d7a21:group-DD0619CBCBE5 changes to CANDIDATE, lastRpcTime:1105, electionTimeout:1104ms
2019-06-15 14:14:08,855 INFO  impl.RoleInfo (RoleInfo.java:shutdownFollowerState(121)) - a147d26a-44f2-4d0e-ac1e-0f18000d7a21: shutdown FollowerState
2019-06-15 14:14:08,856 INFO  impl.RaftServerImpl (RaftServerImpl.java:setRole(164)) - a147d26a-44f2-4d0e-ac1e-0f18000d7a21:group-DD0619CBCBE5 changes role from FOLLOWER to CANDIDATE at term 0 for changeToCandidate
2019-06-15 14:14:08,856 INFO  impl.RoleInfo (RoleInfo.java:updateAndGet(143)) - a147d26a-44f2-4d0e-ac1e-0f18000d7a21: start LeaderElection
2019-06-15 14:14:08,849 INFO  impl.RaftServerImpl (ServerState.java:setRaftConf(361)) - f8bb8dd7-d519-4feb-b424-f28ab6c7dc02:group-431FBC8113DD set configuration 0: [a147d26a-44f2-4d0e-ac1e-0f18000d7a21:192.168.19.23:42057, d640b49d-75fd-47e0-91a5-ddc3235196e9:192.168.19.23:36587, f8bb8dd7-d519-4feb-b424-f28ab6c7dc02:192.168.19.23:45015], old=null at 0
2019-06-15 14:14:08,856 INFO  impl.RaftServerImpl (RaftServerImpl.java:requestVote(738)) - f8bb8dd7-d519-4feb-b424-f28ab6c7dc02-LEADER: Withhold vote from candidate a147d26a-44f2-4d0e-ac1e-0f18000d7a21 with term 1. State: leader=f8bb8dd7-d519-4feb-b424-f28ab6c7dc02, term=1, lastRpcElapsed=null
2019-06-15 14:14:08,855 INFO  impl.RoleInfo (RoleInfo.java:shutdownLeaderElection(134)) - a147d26a-44f2-4d0e-ac1e-0f18000d7a21: shutdown LeaderElection
2019-06-15 14:14:08,874 INFO  impl.RoleInfo (RoleInfo.java:updateAndGet(143)) - a147d26a-44f2-4d0e-ac1e-0f18000d7a21: start FollowerState
2019-06-15 14:14:08,875 INFO  impl.LeaderElection (LeaderElection.java:logAndReturn(56)) - a147d26a-44f2-4d0e-ac1e-0f18000d7a21:group-431FBC8113DD:LeaderElection16: Election REJECTED; received 1 response(s) [a147d26a-44f2-4d0e-ac1e-0f18000d7a21->f8bb8dd7-d519-4feb-b424-f28ab6c7dc02,false-t1] and 0 exception(s); a147d26a-44f2-4d0e-ac1e-0f18000d7a21:t1, leader=null, voted=a147d26a-44f2-4d0e-ac1e-0f18000d7a21, raftlog=a147d26a-44f2-4d0e-ac1e-0f18000d7a21-SegmentedRaftLog:OPENED:c-1,f-1,i0, conf=-1: [a147d26a-44f2-4d0e-ac1e-0f18000d7a21:192.168.19.23:42057, d640b49d-75fd-47e0-91a5-ddc3235196e9:192.168.19.23:36587, f8bb8dd7-d519-4feb-b424-f28ab6c7dc02:192.168.19.23:45015], old=null
2019-06-15 14:14:08,877 INFO  impl.RaftServerImpl (ServerState.java:setLeader(263)) - a147d26a-44f2-4d0e-ac1e-0f18000d7a21:group-431FBC8113DD change Leader from null to f8bb8dd7-d519-4feb-b424-f28ab6c7dc02 at term 1 for appendEntries, leader elected after 1085ms
2019-06-15 14:14:08,878 INFO  impl.RaftServerImpl (ServerState.java:setLeader(263)) - d640b49d-75fd-47e0-91a5-ddc3235196e9:group-431FBC8113DD change Leader from null to f8bb8dd7-d519-4feb-b424-f28ab6c7dc02 at term 1 for appendEntries, leader elected after 1086ms
2019-06-15 14:14:08,885 INFO  storage.RaftLogWorker (RaftLogWorker.java:execute(469)) - f8bb8dd7-d519-4feb-b424-f28ab6c7dc02-RaftLogWorker: created new log segment /opt/src/hadoop-ozone/integration-test/target/test-dir/MiniOzoneClusterImpl-da264f4b-86ab-41e7-9dc3-3b38e302178a/datanode-0/data/ratis/b090a023-e87f-43d7-92c3-431fbc8113dd/current/log_inprogress_0
2019-06-15 14:14:08,887 INFO  impl.LeaderElection (LeaderElection.java:askForVotes(181)) - a147d26a-44f2-4d0e-ac1e-0f18000d7a21:group-DD0619CBCBE5:LeaderElection17: begin an election at term 1 for -1: [a147d26a-44f2-4d0e-ac1e-0f18000d7a21:192.168.19.23:42057], old=null
2019-06-15 14:14:08,887 INFO  impl.RoleInfo (RoleInfo.java:shutdownLeaderElection(134)) - a147d26a-44f2-4d0e-ac1e-0f18000d7a21: shutdown LeaderElection
2019-06-15 14:14:08,887 INFO  impl.RaftServerImpl (RaftServerImpl.java:setRole(164)) - a147d26a-44f2-4d0e-ac1e-0f18000d7a21:group-DD0619CBCBE5 changes role from CANDIDATE to LEADER at term 1 for changeToLeader
2019-06-15 14:14:08,887 INFO  impl.RaftServerImpl (ServerState.java:setLeader(263)) - a147d26a-44f2-4d0e-ac1e-0f18000d7a21:group-DD0619CBCBE5 change Leader from null to a147d26a-44f2-4d0e-ac1e-0f18000d7a21 at term 1 for becomeLeader, leader elected after 1139ms
2019-06-15 14:14:08,887 INFO  server.RaftServerConfigKeys (ConfUtils.java:logGet(43)) - raft.server.staging.catchup.gap = 1000 (default)
2019-06-15 14:14:08,887 INFO  server.RaftServerConfigKeys (ConfUtils.java:logGet(43)) - raft.server.rpc.sleep.time = 25ms (default)
2019-06-15 14:14:08,888 INFO  server.RaftServerConfigKeys (ConfUtils.java:logGet(43)) - raft.server.watch.timeout = 10s (default)
2019-06-15 14:14:08,888 INFO  server.RaftServerConfigKeys (ConfUtils.java:logGet(43)) - raft.server.watch.timeout.denomination = 1s (default)
2019-06-15 14:14:08,888 INFO  impl.RoleInfo (RoleInfo.java:updateAndGet(143)) - a147d26a-44f2-4d0e-ac1e-0f18000d7a21: start LeaderState
2019-06-15 14:14:08,888 INFO  storage.RaftLogWorker (RaftLogWorker.java:startLogSegment(298)) - a147d26a-44f2-4d0e-ac1e-0f18000d7a21-RaftLogWorker: Starting segment from index:0
2019-06-15 14:14:08,879 INFO  impl.RaftServerImpl (ServerState.java:setRaftConf(361)) - a147d26a-44f2-4d0e-ac1e-0f18000d7a21:group-431FBC8113DD set configuration 0: [a147d26a-44f2-4d0e-ac1e-0f18000d7a21:192.168.19.23:42057, d640b49d-75fd-47e0-91a5-ddc3235196e9:192.168.19.23:36587, f8bb8dd7-d519-4feb-b424-f28ab6c7dc02:192.168.19.23:45015], old=null at 0
2019-06-15 14:14:08,888 INFO  impl.RaftServerImpl (ServerState.java:setRaftConf(361)) - a147d26a-44f2-4d0e-ac1e-0f18000d7a21:group-DD0619CBCBE5 set configuration 0: [a147d26a-44f2-4d0e-ac1e-0f18000d7a21:192.168.19.23:42057], old=null at 0
2019-06-15 14:14:08,888 INFO  storage.RaftLogWorker (RaftLogWorker.java:startLogSegment(298)) - a147d26a-44f2-4d0e-ac1e-0f18000d7a21-RaftLogWorker: Starting segment from index:0
2019-06-15 14:14:08,910 INFO  impl.RaftServerImpl (ServerState.java:setRaftConf(361)) - d640b49d-75fd-47e0-91a5-ddc3235196e9:group-431FBC8113DD set configuration 0: [a147d26a-44f2-4d0e-ac1e-0f18000d7a21:192.168.19.23:42057, d640b49d-75fd-47e0-91a5-ddc3235196e9:192.168.19.23:36587, f8bb8dd7-d519-4feb-b424-f28ab6c7dc02:192.168.19.23:45015], old=null at 0
2019-06-15 14:14:08,910 INFO  storage.RaftLogWorker (RaftLogWorker.java:startLogSegment(298)) - d640b49d-75fd-47e0-91a5-ddc3235196e9-RaftLogWorker: Starting segment from index:0
2019-06-15 14:14:08,935 INFO  storage.RaftLogWorker (RaftLogWorker.java:execute(469)) - a147d26a-44f2-4d0e-ac1e-0f18000d7a21-RaftLogWorker: created new log segment /opt/src/hadoop-ozone/integration-test/target/test-dir/MiniOzoneClusterImpl-da264f4b-86ab-41e7-9dc3-3b38e302178a/datanode-2/data/ratis/9dcab00c-a9bd-43e0-93ff-dd0619cbcbe5/current/log_inprogress_0
2019-06-15 14:14:08,956 INFO  storage.RaftLogWorker (RaftLogWorker.java:execute(469)) - d640b49d-75fd-47e0-91a5-ddc3235196e9-RaftLogWorker: created new log segment /opt/src/hadoop-ozone/integration-test/target/test-dir/MiniOzoneClusterImpl-da264f4b-86ab-41e7-9dc3-3b38e302178a/datanode-1/data/ratis/b090a023-e87f-43d7-92c3-431fbc8113dd/current/log_inprogress_0
2019-06-15 14:14:08,970 INFO  storage.RaftLogWorker (RaftLogWorker.java:execute(469)) - a147d26a-44f2-4d0e-ac1e-0f18000d7a21-RaftLogWorker: created new log segment /opt/src/hadoop-ozone/integration-test/target/test-dir/MiniOzoneClusterImpl-da264f4b-86ab-41e7-9dc3-3b38e302178a/datanode-2/data/ratis/b090a023-e87f-43d7-92c3-431fbc8113dd/current/log_inprogress_0
2019-06-15 14:14:09,028 INFO  impl.FollowerState (FollowerState.java:run(101)) - ea4d1c43-0f6d-421d-8c14-440a538667e3:group-B1AB1FACD459 changes to CANDIDATE, lastRpcTime:1096, electionTimeout:1096ms
2019-06-15 14:14:09,028 INFO  impl.RoleInfo (RoleInfo.java:shutdownFollowerState(121)) - ea4d1c43-0f6d-421d-8c14-440a538667e3: shutdown FollowerState
2019-06-15 14:14:09,028 INFO  impl.RaftServerImpl (RaftServerImpl.java:setRole(164)) - ea4d1c43-0f6d-421d-8c14-440a538667e3:group-B1AB1FACD459 changes role from FOLLOWER to CANDIDATE at term 0 for changeToCandidate
2019-06-15 14:14:09,028 INFO  impl.RoleInfo (RoleInfo.java:updateAndGet(143)) - ea4d1c43-0f6d-421d-8c14-440a538667e3: start LeaderElection
2019-06-15 14:14:09,034 INFO  impl.LeaderElection (LeaderElection.java:askForVotes(181)) - ea4d1c43-0f6d-421d-8c14-440a538667e3:group-B1AB1FACD459:LeaderElection18: begin an election at term 1 for -1: [ea4d1c43-0f6d-421d-8c14-440a538667e3:192.168.19.23:41345], old=null
2019-06-15 14:14:09,034 INFO  impl.RoleInfo (RoleInfo.java:shutdownLeaderElection(134)) - ea4d1c43-0f6d-421d-8c14-440a538667e3: shutdown LeaderElection
2019-06-15 14:14:09,034 INFO  impl.RaftServerImpl (RaftServerImpl.java:setRole(164)) - ea4d1c43-0f6d-421d-8c14-440a538667e3:group-B1AB1FACD459 changes role from CANDIDATE to LEADER at term 1 for changeToLeader
2019-06-15 14:14:09,034 INFO  impl.RaftServerImpl (ServerState.java:setLeader(263)) - ea4d1c43-0f6d-421d-8c14-440a538667e3:group-B1AB1FACD459 change Leader from null to ea4d1c43-0f6d-421d-8c14-440a538667e3 at term 1 for becomeLeader, leader elected after 1104ms
2019-06-15 14:14:09,034 INFO  server.RaftServerConfigKeys (ConfUtils.java:logGet(43)) - raft.server.staging.catchup.gap = 1000 (default)
2019-06-15 14:14:09,034 INFO  server.RaftServerConfigKeys (ConfUtils.java:logGet(43)) - raft.server.rpc.sleep.time = 25ms (default)
2019-06-15 14:14:09,034 INFO  server.RaftServerConfigKeys (ConfUtils.java:logGet(43)) - raft.server.watch.timeout = 10s (default)
2019-06-15 14:14:09,035 INFO  server.RaftServerConfigKeys (ConfUtils.java:logGet(43)) - raft.server.watch.timeout.denomination = 1s (default)
2019-06-15 14:14:09,035 INFO  impl.RoleInfo (RoleInfo.java:updateAndGet(143)) - ea4d1c43-0f6d-421d-8c14-440a538667e3: start LeaderState
2019-06-15 14:14:09,035 INFO  storage.RaftLogWorker (RaftLogWorker.java:startLogSegment(298)) - ea4d1c43-0f6d-421d-8c14-440a538667e3-RaftLogWorker: Starting segment from index:0
2019-06-15 14:14:09,039 INFO  impl.RaftServerImpl (ServerState.java:setRaftConf(361)) - ea4d1c43-0f6d-421d-8c14-440a538667e3:group-B1AB1FACD459 set configuration 0: [ea4d1c43-0f6d-421d-8c14-440a538667e3:192.168.19.23:41345], old=null at 0
2019-06-15 14:14:09,072 INFO  storage.RaftLogWorker (RaftLogWorker.java:execute(469)) - ea4d1c43-0f6d-421d-8c14-440a538667e3-RaftLogWorker: created new log segment /opt/src/hadoop-ozone/integration-test/target/test-dir/MiniOzoneClusterImpl-da264f4b-86ab-41e7-9dc3-3b38e302178a/datanode-3/data/ratis/922c6fb3-5b1f-45af-92ee-b1ab1facd459/current/log_inprogress_0
2019-06-15 14:14:09,231 INFO  impl.FollowerState (FollowerState.java:run(101)) - 3fded229-c612-486b-924b-2bdfef1e93ec:group-C27349D32537 changes to CANDIDATE, lastRpcTime:1076, electionTimeout:1076ms
2019-06-15 14:14:09,232 INFO  impl.RoleInfo (RoleInfo.java:shutdownFollowerState(121)) - 3fded229-c612-486b-924b-2bdfef1e93ec: shutdown FollowerState
2019-06-15 14:14:09,232 INFO  impl.RaftServerImpl (RaftServerImpl.java:setRole(164)) - 3fded229-c612-486b-924b-2bdfef1e93ec:group-C27349D32537 changes role from FOLLOWER to CANDIDATE at term 0 for changeToCandidate
2019-06-15 14:14:09,232 INFO  impl.RoleInfo (RoleInfo.java:updateAndGet(143)) - 3fded229-c612-486b-924b-2bdfef1e93ec: start LeaderElection
2019-06-15 14:14:09,237 INFO  impl.LeaderElection (LeaderElection.java:askForVotes(181)) - 3fded229-c612-486b-924b-2bdfef1e93ec:group-C27349D32537:LeaderElection19: begin an election at term 1 for -1: [3fded229-c612-486b-924b-2bdfef1e93ec:192.168.19.23:34187], old=null
2019-06-15 14:14:09,237 INFO  impl.RoleInfo (RoleInfo.java:shutdownLeaderElection(134)) - 3fded229-c612-486b-924b-2bdfef1e93ec: shutdown LeaderElection
2019-06-15 14:14:09,238 INFO  impl.RaftServerImpl (RaftServerImpl.java:setRole(164)) - 3fded229-c612-486b-924b-2bdfef1e93ec:group-C27349D32537 changes role from CANDIDATE to LEADER at term 1 for changeToLeader
2019-06-15 14:14:09,238 INFO  impl.RaftServerImpl (ServerState.java:setLeader(263)) - 3fded229-c612-486b-924b-2bdfef1e93ec:group-C27349D32537 change Leader from null to 3fded229-c612-486b-924b-2bdfef1e93ec at term 1 for becomeLeader, leader elected after 1084ms
2019-06-15 14:14:09,238 INFO  server.RaftServerConfigKeys (ConfUtils.java:logGet(43)) - raft.server.staging.catchup.gap = 1000 (default)
2019-06-15 14:14:09,238 INFO  server.RaftServerConfigKeys (ConfUtils.java:logGet(43)) - raft.server.rpc.sleep.time = 25ms (default)
2019-06-15 14:14:09,238 INFO  server.RaftServerConfigKeys (ConfUtils.java:logGet(43)) - raft.server.watch.timeout = 10s (default)
2019-06-15 14:14:09,238 INFO  server.RaftServerConfigKeys (ConfUtils.java:logGet(43)) - raft.server.watch.timeout.denomination = 1s (default)
2019-06-15 14:14:09,238 INFO  impl.RoleInfo (RoleInfo.java:updateAndGet(143)) - 3fded229-c612-486b-924b-2bdfef1e93ec: start LeaderState
2019-06-15 14:14:09,238 INFO  storage.RaftLogWorker (RaftLogWorker.java:startLogSegment(298)) - 3fded229-c612-486b-924b-2bdfef1e93ec-RaftLogWorker: Starting segment from index:0
2019-06-15 14:14:09,242 INFO  impl.RaftServerImpl (ServerState.java:setRaftConf(361)) - 3fded229-c612-486b-924b-2bdfef1e93ec:group-C27349D32537 set configuration 0: [3fded229-c612-486b-924b-2bdfef1e93ec:192.168.19.23:34187], old=null at 0
2019-06-15 14:14:09,276 INFO  storage.RaftLogWorker (RaftLogWorker.java:execute(469)) - 3fded229-c612-486b-924b-2bdfef1e93ec-RaftLogWorker: created new log segment /opt/src/hadoop-ozone/integration-test/target/test-dir/MiniOzoneClusterImpl-da264f4b-86ab-41e7-9dc3-3b38e302178a/datanode-4/data/ratis/ba300c6b-c6b1-472d-a946-c27349d32537/current/log_inprogress_0
2019-06-15 14:14:09,478 INFO  impl.FollowerState (FollowerState.java:run(101)) - 92357d0a-3796-43b0-8533-2fae59331ae4:group-4A15A8C2359C changes to CANDIDATE, lastRpcTime:1069, electionTimeout:1068ms
2019-06-15 14:14:09,478 INFO  impl.RoleInfo (RoleInfo.java:shutdownFollowerState(121)) - 92357d0a-3796-43b0-8533-2fae59331ae4: shutdown FollowerState
2019-06-15 14:14:09,478 INFO  impl.RaftServerImpl (RaftServerImpl.java:setRole(164)) - 92357d0a-3796-43b0-8533-2fae59331ae4:group-4A15A8C2359C changes role from FOLLOWER to CANDIDATE at term 0 for changeToCandidate
2019-06-15 14:14:09,478 INFO  impl.RoleInfo (RoleInfo.java:updateAndGet(143)) - 92357d0a-3796-43b0-8533-2fae59331ae4: start LeaderElection
2019-06-15 14:14:09,484 INFO  impl.LeaderElection (LeaderElection.java:askForVotes(181)) - 92357d0a-3796-43b0-8533-2fae59331ae4:group-4A15A8C2359C:LeaderElection20: begin an election at term 1 for -1: [92357d0a-3796-43b0-8533-2fae59331ae4:192.168.19.23:46113, ea4d1c43-0f6d-421d-8c14-440a538667e3:192.168.19.23:41345, 3fded229-c612-486b-924b-2bdfef1e93ec:192.168.19.23:34187], old=null
2019-06-15 14:14:09,487 INFO  impl.RaftServerImpl (RaftServerImpl.java:setRole(164)) - ea4d1c43-0f6d-421d-8c14-440a538667e3:group-4A15A8C2359C changes role from FOLLOWER to FOLLOWER at term 1 for recognizeCandidate:92357d0a-3796-43b0-8533-2fae59331ae4
2019-06-15 14:14:09,487 INFO  impl.RoleInfo (RoleInfo.java:shutdownFollowerState(121)) - ea4d1c43-0f6d-421d-8c14-440a538667e3: shutdown FollowerState
2019-06-15 14:14:09,488 INFO  impl.RoleInfo (RoleInfo.java:updateAndGet(143)) - ea4d1c43-0f6d-421d-8c14-440a538667e3: start FollowerState
2019-06-15 14:14:09,488 INFO  impl.FollowerState (FollowerState.java:run(109)) - ea4d1c43-0f6d-421d-8c14-440a538667e3: FollowerState was interrupted: java.lang.InterruptedException: sleep interrupted
2019-06-15 14:14:09,491 INFO  impl.RaftServerImpl (RaftServerImpl.java:setRole(164)) - 3fded229-c612-486b-924b-2bdfef1e93ec:group-4A15A8C2359C changes role from FOLLOWER to FOLLOWER at term 1 for recognizeCandidate:92357d0a-3796-43b0-8533-2fae59331ae4
2019-06-15 14:14:09,491 INFO  impl.RoleInfo (RoleInfo.java:shutdownFollowerState(121)) - 3fded229-c612-486b-924b-2bdfef1e93ec: shutdown FollowerState
2019-06-15 14:14:09,491 INFO  impl.RoleInfo (RoleInfo.java:updateAndGet(143)) - 3fded229-c612-486b-924b-2bdfef1e93ec: start FollowerState
2019-06-15 14:14:09,491 INFO  impl.FollowerState (FollowerState.java:run(109)) - 3fded229-c612-486b-924b-2bdfef1e93ec: FollowerState was interrupted: java.lang.InterruptedException: sleep interrupted
2019-06-15 14:14:09,493 INFO  impl.LeaderElection (LeaderElection.java:logAndReturn(56)) - 92357d0a-3796-43b0-8533-2fae59331ae4:group-4A15A8C2359C:LeaderElection20: Election PASSED; received 1 response(s) [92357d0a-3796-43b0-8533-2fae59331ae4->ea4d1c43-0f6d-421d-8c14-440a538667e3,true-t1] and 0 exception(s); 92357d0a-3796-43b0-8533-2fae59331ae4:t1, leader=null, voted=92357d0a-3796-43b0-8533-2fae59331ae4, raftlog=92357d0a-3796-43b0-8533-2fae59331ae4-SegmentedRaftLog:OPENED:c-1,f-1,i0, conf=-1: [92357d0a-3796-43b0-8533-2fae59331ae4:192.168.19.23:46113, ea4d1c43-0f6d-421d-8c14-440a538667e3:192.168.19.23:41345, 3fded229-c612-486b-924b-2bdfef1e93ec:192.168.19.23:34187], old=null
2019-06-15 14:14:09,494 INFO  impl.RoleInfo (RoleInfo.java:shutdownLeaderElection(134)) - 92357d0a-3796-43b0-8533-2fae59331ae4: shutdown LeaderElection
2019-06-15 14:14:09,494 INFO  impl.RaftServerImpl (RaftServerImpl.java:setRole(164)) - 92357d0a-3796-43b0-8533-2fae59331ae4:group-4A15A8C2359C changes role from CANDIDATE to LEADER at term 1 for changeToLeader
2019-06-15 14:14:09,494 INFO  impl.RaftServerImpl (ServerState.java:setLeader(263)) - 92357d0a-3796-43b0-8533-2fae59331ae4:group-4A15A8C2359C change Leader from null to 92357d0a-3796-43b0-8533-2fae59331ae4 at term 1 for becomeLeader, leader elected after 1093ms
2019-06-15 14:14:09,494 INFO  server.RaftServerConfigKeys (ConfUtils.java:logGet(43)) - raft.server.staging.catchup.gap = 1000 (default)
2019-06-15 14:14:09,494 INFO  server.RaftServerConfigKeys (ConfUtils.java:logGet(43)) - raft.server.rpc.sleep.time = 25ms (default)
2019-06-15 14:14:09,494 INFO  server.RaftServerConfigKeys (ConfUtils.java:logGet(43)) - raft.server.watch.timeout = 10s (default)
2019-06-15 14:14:09,494 INFO  server.RaftServerConfigKeys (ConfUtils.java:logGet(43)) - raft.server.watch.timeout.denomination = 1s (default)
2019-06-15 14:14:09,494 INFO  server.RaftServerConfigKeys (ConfUtils.java:logGet(43)) - raft.server.log.appender.snapshot.chunk.size.max = 16MB (=16777216) (default)
2019-06-15 14:14:09,494 INFO  server.RaftServerConfigKeys (ConfUtils.java:logGet(43)) - raft.server.log.appender.buffer.byte-limit = 33554432 (custom)
2019-06-15 14:14:09,494 INFO  server.RaftServerConfigKeys (ConfUtils.java:logGet(43)) - raft.server.log.appender.buffer.element-limit = 1 (custom)
2019-06-15 14:14:09,494 INFO  grpc.GrpcConfigKeys$Server (ConfUtils.java:logGet(43)) - raft.grpc.server.leader.outstanding.appends.max = 128 (default)
2019-06-15 14:14:09,495 INFO  server.RaftServerConfigKeys (ConfUtils.java:logGet(43)) - raft.server.rpc.request.timeout = 3000ms (default)
2019-06-15 14:14:09,495 INFO  server.RaftServerConfigKeys (ConfUtils.java:logGet(43)) - raft.server.log.appender.install.snapshot.enabled = true (default)
2019-06-15 14:14:09,495 INFO  server.RaftServerConfigKeys (ConfUtils.java:logGet(43)) - raft.server.log.appender.snapshot.chunk.size.max = 16MB (=16777216) (default)
2019-06-15 14:14:09,495 INFO  server.RaftServerConfigKeys (ConfUtils.java:logGet(43)) - raft.server.log.appender.buffer.byte-limit = 33554432 (custom)
2019-06-15 14:14:09,495 INFO  server.RaftServerConfigKeys (ConfUtils.java:logGet(43)) - raft.server.log.appender.buffer.element-limit = 1 (custom)
2019-06-15 14:14:09,495 INFO  grpc.GrpcConfigKeys$Server (ConfUtils.java:logGet(43)) - raft.grpc.server.leader.outstanding.appends.max = 128 (default)
2019-06-15 14:14:09,495 INFO  server.RaftServerConfigKeys (ConfUtils.java:logGet(43)) - raft.server.rpc.request.timeout = 3000ms (default)
2019-06-15 14:14:09,495 INFO  server.RaftServerConfigKeys (ConfUtils.java:logGet(43)) - raft.server.log.appender.install.snapshot.enabled = true (default)
2019-06-15 14:14:09,495 INFO  impl.RoleInfo (RoleInfo.java:updateAndGet(143)) - 92357d0a-3796-43b0-8533-2fae59331ae4: start LeaderState
2019-06-15 14:14:09,496 INFO  storage.RaftLogWorker (RaftLogWorker.java:startLogSegment(298)) - 92357d0a-3796-43b0-8533-2fae59331ae4-RaftLogWorker: Starting segment from index:0
2019-06-15 14:14:09,497 INFO  impl.RaftServerImpl (ServerState.java:setRaftConf(361)) - 92357d0a-3796-43b0-8533-2fae59331ae4:group-4A15A8C2359C set configuration 0: [92357d0a-3796-43b0-8533-2fae59331ae4:192.168.19.23:46113, ea4d1c43-0f6d-421d-8c14-440a538667e3:192.168.19.23:41345, 3fded229-c612-486b-924b-2bdfef1e93ec:192.168.19.23:34187], old=null at 0
2019-06-15 14:14:09,534 INFO  impl.RaftServerImpl (ServerState.java:setLeader(263)) - ea4d1c43-0f6d-421d-8c14-440a538667e3:group-4A15A8C2359C change Leader from null to 92357d0a-3796-43b0-8533-2fae59331ae4 at term 1 for appendEntries, leader elected after 1130ms
2019-06-15 14:14:09,536 INFO  storage.RaftLogWorker (RaftLogWorker.java:execute(469)) - 92357d0a-3796-43b0-8533-2fae59331ae4-RaftLogWorker: created new log segment /opt/src/hadoop-ozone/integration-test/target/test-dir/MiniOzoneClusterImpl-da264f4b-86ab-41e7-9dc3-3b38e302178a/datanode-5/data/ratis/09608236-cdb1-4611-a1f9-4a15a8c2359c/current/log_inprogress_0
2019-06-15 14:14:09,534 INFO  impl.RaftServerImpl (ServerState.java:setLeader(263)) - 3fded229-c612-486b-924b-2bdfef1e93ec:group-4A15A8C2359C change Leader from null to 92357d0a-3796-43b0-8533-2fae59331ae4 at term 1 for appendEntries, leader elected after 1129ms
2019-06-15 14:14:09,542 INFO  impl.RaftServerImpl (ServerState.java:setRaftConf(361)) - ea4d1c43-0f6d-421d-8c14-440a538667e3:group-4A15A8C2359C set configuration 0: [92357d0a-3796-43b0-8533-2fae59331ae4:192.168.19.23:46113, ea4d1c43-0f6d-421d-8c14-440a538667e3:192.168.19.23:41345, 3fded229-c612-486b-924b-2bdfef1e93ec:192.168.19.23:34187], old=null at 0
2019-06-15 14:14:09,542 INFO  storage.RaftLogWorker (RaftLogWorker.java:startLogSegment(298)) - ea4d1c43-0f6d-421d-8c14-440a538667e3-RaftLogWorker: Starting segment from index:0
2019-06-15 14:14:09,561 INFO  impl.FollowerState (FollowerState.java:run(101)) - 92357d0a-3796-43b0-8533-2fae59331ae4:group-982A8659D1DC changes to CANDIDATE, lastRpcTime:1184, electionTimeout:1182ms
2019-06-15 14:14:09,561 INFO  impl.RaftServerImpl (ServerState.java:setRaftConf(361)) - 3fded229-c612-486b-924b-2bdfef1e93ec:group-4A15A8C2359C set configuration 0: [92357d0a-3796-43b0-8533-2fae59331ae4:192.168.19.23:46113, ea4d1c43-0f6d-421d-8c14-440a538667e3:192.168.19.23:41345, 3fded229-c612-486b-924b-2bdfef1e93ec:192.168.19.23:34187], old=null at 0
2019-06-15 14:14:09,561 INFO  ozone.MiniOzoneClusterImpl (MiniOzoneClusterImpl.java:lambda$waitForClusterToBeReady$0(142)) - Cluster is ready. Got 7 of 7 DN Heartbeats.
2019-06-15 14:14:09,561 INFO  impl.RoleInfo (RoleInfo.java:shutdownFollowerState(121)) - 92357d0a-3796-43b0-8533-2fae59331ae4: shutdown FollowerState
2019-06-15 14:14:09,563 INFO  impl.RaftServerImpl (RaftServerImpl.java:setRole(164)) - 92357d0a-3796-43b0-8533-2fae59331ae4:group-982A8659D1DC changes role from FOLLOWER to CANDIDATE at term 0 for changeToCandidate
2019-06-15 14:14:09,561 INFO  storage.RaftLogWorker (RaftLogWorker.java:startLogSegment(298)) - 3fded229-c612-486b-924b-2bdfef1e93ec-RaftLogWorker: Starting segment from index:0
2019-06-15 14:14:09,564 INFO  impl.RoleInfo (RoleInfo.java:updateAndGet(143)) - 92357d0a-3796-43b0-8533-2fae59331ae4: start LeaderElection
2019-06-15 14:14:09,607 INFO  storage.RaftLogWorker (RaftLogWorker.java:execute(469)) - 3fded229-c612-486b-924b-2bdfef1e93ec-RaftLogWorker: created new log segment /opt/src/hadoop-ozone/integration-test/target/test-dir/MiniOzoneClusterImpl-da264f4b-86ab-41e7-9dc3-3b38e302178a/datanode-4/data/ratis/09608236-cdb1-4611-a1f9-4a15a8c2359c/current/log_inprogress_0
2019-06-15 14:14:09,607 INFO  impl.LeaderElection (LeaderElection.java:askForVotes(181)) - 92357d0a-3796-43b0-8533-2fae59331ae4:group-982A8659D1DC:LeaderElection21: begin an election at term 1 for -1: [92357d0a-3796-43b0-8533-2fae59331ae4:192.168.19.23:46113], old=null
2019-06-15 14:14:09,607 INFO  impl.RoleInfo (RoleInfo.java:shutdownLeaderElection(134)) - 92357d0a-3796-43b0-8533-2fae59331ae4: shutdown LeaderElection
2019-06-15 14:14:09,607 INFO  impl.RaftServerImpl (RaftServerImpl.java:setRole(164)) - 92357d0a-3796-43b0-8533-2fae59331ae4:group-982A8659D1DC changes role from CANDIDATE to LEADER at term 1 for changeToLeader
2019-06-15 14:14:09,607 INFO  impl.RaftServerImpl (ServerState.java:setLeader(263)) - 92357d0a-3796-43b0-8533-2fae59331ae4:group-982A8659D1DC change Leader from null to 92357d0a-3796-43b0-8533-2fae59331ae4 at term 1 for becomeLeader, leader elected after 1233ms
2019-06-15 14:14:09,607 INFO  server.RaftServerConfigKeys (ConfUtils.java:logGet(43)) - raft.server.staging.catchup.gap = 1000 (default)
2019-06-15 14:14:09,607 INFO  server.RaftServerConfigKeys (ConfUtils.java:logGet(43)) - raft.server.rpc.sleep.time = 25ms (default)
2019-06-15 14:14:09,610 INFO  storage.RaftLogWorker (RaftLogWorker.java:execute(469)) - ea4d1c43-0f6d-421d-8c14-440a538667e3-RaftLogWorker: created new log segment /opt/src/hadoop-ozone/integration-test/target/test-dir/MiniOzoneClusterImpl-da264f4b-86ab-41e7-9dc3-3b38e302178a/datanode-3/data/ratis/09608236-cdb1-4611-a1f9-4a15a8c2359c/current/log_inprogress_0
2019-06-15 14:14:09,612 INFO  server.RaftServerConfigKeys (ConfUtils.java:logGet(43)) - raft.server.watch.timeout = 10s (default)
2019-06-15 14:14:09,612 INFO  server.RaftServerConfigKeys (ConfUtils.java:logGet(43)) - raft.server.watch.timeout.denomination = 1s (default)
2019-06-15 14:14:09,612 INFO  impl.RoleInfo (RoleInfo.java:updateAndGet(143)) - 92357d0a-3796-43b0-8533-2fae59331ae4: start LeaderState
2019-06-15 14:14:09,612 INFO  storage.RaftLogWorker (RaftLogWorker.java:startLogSegment(298)) - 92357d0a-3796-43b0-8533-2fae59331ae4-RaftLogWorker: Starting segment from index:0
2019-06-15 14:14:09,636 INFO  rpc.RpcClient (RpcClient.java:createVolume(289)) - Creating Volume: testblockoutputstreamwithretries, with jenkins1000 as owner.
2019-06-15 14:14:09,655 INFO  impl.FollowerState (FollowerState.java:run(101)) - 2385b319-ba7b-4a78-b350-7902e88869ee:group-8C385BFCD1BB changes to CANDIDATE, lastRpcTime:1075, electionTimeout:1061ms
2019-06-15 14:14:09,655 INFO  impl.RoleInfo (RoleInfo.java:shutdownFollowerState(121)) - 2385b319-ba7b-4a78-b350-7902e88869ee: shutdown FollowerState
2019-06-15 14:14:09,655 INFO  impl.RaftServerImpl (ServerState.java:setRaftConf(361)) - 92357d0a-3796-43b0-8533-2fae59331ae4:group-982A8659D1DC set configuration 0: [92357d0a-3796-43b0-8533-2fae59331ae4:192.168.19.23:46113], old=null at 0
2019-06-15 14:14:09,656 INFO  impl.RaftServerImpl (RaftServerImpl.java:setRole(164)) - 2385b319-ba7b-4a78-b350-7902e88869ee:group-8C385BFCD1BB changes role from FOLLOWER to CANDIDATE at term 0 for changeToCandidate
2019-06-15 14:14:09,658 INFO  impl.RoleInfo (RoleInfo.java:updateAndGet(143)) - 2385b319-ba7b-4a78-b350-7902e88869ee: start LeaderElection
2019-06-15 14:14:09,658 INFO  storage.RaftLogWorker (RaftLogWorker.java:execute(469)) - 92357d0a-3796-43b0-8533-2fae59331ae4-RaftLogWorker: created new log segment /opt/src/hadoop-ozone/integration-test/target/test-dir/MiniOzoneClusterImpl-da264f4b-86ab-41e7-9dc3-3b38e302178a/datanode-5/data/ratis/6aa4267e-a25a-4be5-a3c3-982a8659d1dc/current/log_inprogress_0
2019-06-15 14:14:09,664 INFO  impl.LeaderElection (LeaderElection.java:askForVotes(181)) - 2385b319-ba7b-4a78-b350-7902e88869ee:group-8C385BFCD1BB:LeaderElection22: begin an election at term 1 for -1: [2385b319-ba7b-4a78-b350-7902e88869ee:192.168.19.23:43299], old=null
2019-06-15 14:14:09,664 INFO  impl.RoleInfo (RoleInfo.java:shutdownLeaderElection(134)) - 2385b319-ba7b-4a78-b350-7902e88869ee: shutdown LeaderElection
2019-06-15 14:14:09,666 INFO  impl.RaftServerImpl (RaftServerImpl.java:setRole(164)) - 2385b319-ba7b-4a78-b350-7902e88869ee:group-8C385BFCD1BB changes role from CANDIDATE to LEADER at term 1 for changeToLeader
2019-06-15 14:14:09,666 INFO  impl.RaftServerImpl (ServerState.java:setLeader(263)) - 2385b319-ba7b-4a78-b350-7902e88869ee:group-8C385BFCD1BB change Leader from null to 2385b319-ba7b-4a78-b350-7902e88869ee at term 1 for becomeLeader, leader elected after 1088ms
2019-06-15 14:14:09,666 INFO  server.RaftServerConfigKeys (ConfUtils.java:logGet(43)) - raft.server.staging.catchup.gap = 1000 (default)
2019-06-15 14:14:09,666 INFO  server.RaftServerConfigKeys (ConfUtils.java:logGet(43)) - raft.server.rpc.sleep.time = 25ms (default)
2019-06-15 14:14:09,666 INFO  server.RaftServerConfigKeys (ConfUtils.java:logGet(43)) - raft.server.watch.timeout = 10s (default)
2019-06-15 14:14:09,666 INFO  server.RaftServerConfigKeys (ConfUtils.java:logGet(43)) - raft.server.watch.timeout.denomination = 1s (default)
2019-06-15 14:14:09,666 INFO  impl.RoleInfo (RoleInfo.java:updateAndGet(143)) - 2385b319-ba7b-4a78-b350-7902e88869ee: start LeaderState
2019-06-15 14:14:09,666 INFO  rpc.RpcClient (RpcClient.java:createBucket(426)) - Creating Bucket: testblockoutputstreamwithretries/testblockoutputstreamwithretries, with Versioning false and Storage Type set to DISK and Encryption set to false 
2019-06-15 14:14:09,666 INFO  storage.RaftLogWorker (RaftLogWorker.java:startLogSegment(298)) - 2385b319-ba7b-4a78-b350-7902e88869ee-RaftLogWorker: Starting segment from index:0
2019-06-15 14:14:09,667 INFO  impl.RaftServerImpl (ServerState.java:setRaftConf(361)) - 2385b319-ba7b-4a78-b350-7902e88869ee:group-8C385BFCD1BB set configuration 0: [2385b319-ba7b-4a78-b350-7902e88869ee:192.168.19.23:43299], old=null at 0
2019-06-15 14:14:09,705 INFO  storage.RaftLogWorker (RaftLogWorker.java:execute(469)) - 2385b319-ba7b-4a78-b350-7902e88869ee-RaftLogWorker: created new log segment /opt/src/hadoop-ozone/integration-test/target/test-dir/MiniOzoneClusterImpl-da264f4b-86ab-41e7-9dc3-3b38e302178a/datanode-6/data/ratis/87e9ba61-c08d-4eda-8372-8c385bfcd1bb/current/log_inprogress_0
2019-06-15 14:14:09,749 INFO  client.GrpcClientProtocolClient (GrpcClientProtocolClient.java:onNext(254)) - client-5A8FAA22B9C2->f8bb8dd7-d519-4feb-b424-f28ab6c7dc02: receive RaftClientReply:client-5A8FAA22B9C2->f8bb8dd7-d519-4feb-b424-f28ab6c7dc02@group-431FBC8113DD, cid=42, SUCCESS, logIndex=1, commits[f8bb8dd7-d519-4feb-b424-f28ab6c7dc02:c2, a147d26a-44f2-4d0e-ac1e-0f18000d7a21:c1, d640b49d-75fd-47e0-91a5-ddc3235196e9:c1]
2019-06-15 14:14:09,789 INFO  client.GrpcClientProtocolClient (GrpcClientProtocolClient.java:onNext(254)) - client-5A8FAA22B9C2->f8bb8dd7-d519-4feb-b424-f28ab6c7dc02: receive RaftClientReply:client-5A8FAA22B9C2->f8bb8dd7-d519-4feb-b424-f28ab6c7dc02@group-431FBC8113DD, cid=43, SUCCESS, logIndex=3, commits[f8bb8dd7-d519-4feb-b424-f28ab6c7dc02:c4, a147d26a-44f2-4d0e-ac1e-0f18000d7a21:c3, d640b49d-75fd-47e0-91a5-ddc3235196e9:c3]
2019-06-15 14:14:09,829 INFO  client.GrpcClientProtocolClient (GrpcClientProtocolClient.java:onNext(254)) - client-5A8FAA22B9C2->f8bb8dd7-d519-4feb-b424-f28ab6c7dc02: receive RaftClientReply:client-5A8FAA22B9C2->f8bb8dd7-d519-4feb-b424-f28ab6c7dc02@group-431FBC8113DD, cid=44, SUCCESS, logIndex=5, commits[f8bb8dd7-d519-4feb-b424-f28ab6c7dc02:c6, a147d26a-44f2-4d0e-ac1e-0f18000d7a21:c5, d640b49d-75fd-47e0-91a5-ddc3235196e9:c5]
2019-06-15 14:14:09,847 INFO  client.GrpcClientProtocolClient (GrpcClientProtocolClient.java:onNext(254)) - client-5A8FAA22B9C2->f8bb8dd7-d519-4feb-b424-f28ab6c7dc02: receive RaftClientReply:client-5A8FAA22B9C2->f8bb8dd7-d519-4feb-b424-f28ab6c7dc02@group-431FBC8113DD, cid=45, FAILED org.apache.ratis.protocol.StateMachineException: java.util.concurrent.CompletionException: java.lang.IllegalArgumentException, logIndex=7, commits[f8bb8dd7-d519-4feb-b424-f28ab6c7dc02:c7, a147d26a-44f2-4d0e-ac1e-0f18000d7a21:c6, d640b49d-75fd-47e0-91a5-ddc3235196e9:c5]
2019-06-15 14:14:09,850 INFO  ozone.MiniOzoneClusterImpl (MiniOzoneClusterImpl.java:shutdown(321)) - Shutting down the Mini Ozone Cluster
2019-06-15 14:14:09,850 INFO  ozone.MiniOzoneClusterImpl (MiniOzoneClusterImpl.java:stop(336)) - Stopping the Mini Ozone Cluster
2019-06-15 14:14:09,850 INFO  ozone.MiniOzoneClusterImpl (MiniOzoneClusterImpl.java:stop(338)) - Stopping the OzoneManager
2019-06-15 14:14:09,850 INFO  ipc.Server (Server.java:stop(3082)) - Stopping server on 38553
2019-06-15 14:14:09,858 INFO  ipc.Server (Server.java:run(1185)) - Stopping IPC Server listener on 38553
2019-06-15 14:14:09,861 INFO  utils.BackgroundService (BackgroundService.java:shutdown(148)) - Shutting down service KeyDeletingService
2019-06-15 14:14:09,861 INFO  ipc.Server (Server.java:run(1319)) - Stopping IPC Server Responder
2019-06-15 14:14:09,868 INFO  handler.ContextHandler (ContextHandler.java:doStop(910)) - Stopped o.e.j.w.WebAppContext@2cd3fc29{/,null,UNAVAILABLE}{/ozoneManager}
2019-06-15 14:14:09,868 INFO  server.AbstractConnector (AbstractConnector.java:doStop(318)) - Stopped ServerConnector@55951fcd{HTTP/1.1,[http/1.1]}{0.0.0.0:0}
2019-06-15 14:14:09,868 INFO  handler.ContextHandler (ContextHandler.java:doStop(910)) - Stopped o.e.j.s.ServletContextHandler@738a815c{/static,file:///opt/src/hadoop-ozone/integration-test/target/test-classes/webapps/static,UNAVAILABLE}
2019-06-15 14:14:09,869 INFO  handler.ContextHandler (ContextHandler.java:doStop(910)) - Stopped o.e.j.s.ServletContextHandler@1736c1e4{/logs,file:///opt/src/hadoop-ozone/integration-test/target/log,UNAVAILABLE}
2019-06-15 14:14:09,871 INFO  ozone.MiniOzoneClusterImpl (MiniOzoneClusterImpl.java:stop(344)) - Stopping the StorageContainerManager
2019-06-15 14:14:09,871 INFO  server.StorageContainerManager (StorageContainerManager.java:stop(790)) - Stopping Replication Manager Service.
2019-06-15 14:14:09,871 INFO  container.ReplicationManager (ReplicationManager.java:stop(191)) - Replication Monitor Thread is not running.
2019-06-15 14:14:09,871 INFO  server.StorageContainerManager (StorageContainerManager.java:stop(797)) - Stopping Lease Manager of the command watchers
2019-06-15 14:14:09,871 INFO  server.StorageContainerManager (StorageContainerManager.java:stop(804)) - Stopping datanode service RPC server
2019-06-15 14:14:09,871 INFO  server.SCMDatanodeProtocolServer (SCMDatanodeProtocolServer.java:stop(373)) - Stopping the RPC server for DataNodes
2019-06-15 14:14:09,872 INFO  ipc.Server (Server.java:stop(3082)) - Stopping server on 35457
2019-06-15 14:14:09,872 INFO  ipc.Server (Server.java:run(1185)) - Stopping IPC Server listener on 35457
2019-06-15 14:14:09,874 INFO  ipc.Server (Server.java:run(1319)) - Stopping IPC Server Responder
2019-06-15 14:14:09,875 INFO  server.StorageContainerManager (StorageContainerManager.java:stop(812)) - Stopping block service RPC server
2019-06-15 14:14:09,875 INFO  server.SCMBlockProtocolServer (SCMBlockProtocolServer.java:stop(145)) - Stopping the RPC server for Block Protocol
2019-06-15 14:14:09,875 INFO  ipc.Server (Server.java:stop(3082)) - Stopping server on 34193
2019-06-15 14:14:09,878 INFO  ipc.Server (Server.java:run(1185)) - Stopping IPC Server listener on 34193
2019-06-15 14:14:09,878 INFO  ipc.Server (Server.java:run(1319)) - Stopping IPC Server Responder
2019-06-15 14:14:09,878 INFO  server.StorageContainerManager (StorageContainerManager.java:stop(819)) - Stopping the StorageContainerLocationProtocol RPC server
2019-06-15 14:14:09,879 INFO  server.SCMClientProtocolServer (SCMClientProtocolServer.java:stop(157)) - Stopping the RPC server for Client Protocol
2019-06-15 14:14:09,879 INFO  ipc.Server (Server.java:stop(3082)) - Stopping server on 34341
2019-06-15 14:14:09,882 INFO  ipc.Server (Server.java:run(1185)) - Stopping IPC Server listener on 34341
2019-06-15 14:14:09,882 INFO  server.StorageContainerManager (StorageContainerManager.java:stop(826)) - Stopping Storage Container Manager HTTP server.
2019-06-15 14:14:09,883 INFO  ipc.Server (Server.java:run(1319)) - Stopping IPC Server Responder
2019-06-15 14:14:09,885 INFO  handler.ContextHandler (ContextHandler.java:doStop(910)) - Stopped o.e.j.w.WebAppContext@49cb5030{/,null,UNAVAILABLE}{/scm}
2019-06-15 14:14:09,885 INFO  server.AbstractConnector (AbstractConnector.java:doStop(318)) - Stopped ServerConnector@23c7cb18{HTTP/1.1,[http/1.1]}{0.0.0.0:0}
2019-06-15 14:14:09,886 INFO  handler.ContextHandler (ContextHandler.java:doStop(910)) - Stopped o.e.j.s.ServletContextHandler@41bb1f09{/static,file:///opt/src/hadoop-ozone/integration-test/target/test-classes/webapps/static,UNAVAILABLE}
2019-06-15 14:14:09,886 INFO  handler.ContextHandler (ContextHandler.java:doStop(910)) - Stopped o.e.j.s.ServletContextHandler@507049f2{/logs,file:///opt/src/hadoop-ozone/integration-test/target/log,UNAVAILABLE}
2019-06-15 14:14:09,886 INFO  server.StorageContainerManager (StorageContainerManager.java:stop(837)) - Stopping Block Manager Service.
2019-06-15 14:14:09,887 INFO  utils.BackgroundService (BackgroundService.java:shutdown(148)) - Shutting down service SCMBlockDeletingService
2019-06-15 14:14:09,887 INFO  utils.BackgroundService (BackgroundService.java:shutdown(148)) - Shutting down service SCMBlockDeletingService
2019-06-15 14:14:09,887 INFO  server.StorageContainerManager (StorageContainerManager.java:stop(859)) - Stopping SCM Event Queue.
2019-06-15 14:14:09,890 INFO  ozone.MiniOzoneClusterImpl (MiniOzoneClusterImpl.java:stop(350)) - Shutting the HddsDatanodes
2019-06-15 14:14:09,890 INFO  datanode.ObjectStoreHandler (ObjectStoreHandler.java:close(155)) - Closing ObjectStoreHandler.
2019-06-15 14:14:09,891 INFO  ozone.HddsDatanodeService (HddsDatanodeService.java:stop(452)) - Stopped plug-in org.apache.hadoop.ozone.web.OzoneHddsDatanodeService@34549979
2019-06-15 14:14:09,891 INFO  statemachine.DatanodeStateMachine (DatanodeStateMachine.java:lambda$startDaemon$0(350)) - Ozone container server started.
2019-06-15 14:14:09,893 INFO  ozoneimpl.OzoneContainer (OzoneContainer.java:stop(199)) - Attempting to stop container services.
2019-06-15 14:14:09,893 INFO  impl.RaftServerProxy (RaftServerProxy.java:lambda$close$4(314)) - f8bb8dd7-d519-4feb-b424-f28ab6c7dc02: close
2019-06-15 14:14:09,893 INFO  impl.RaftServerImpl (RaftServerImpl.java:lambda$shutdown$3(238)) - f8bb8dd7-d519-4feb-b424-f28ab6c7dc02: shutdown group-431FBC8113DD
2019-06-15 14:14:09,893 INFO  util.JmxRegister (JmxRegister.java:unregister(73)) - Successfully un-registered JMX Bean with object name Ratis:service=RaftServer,group=group-431FBC8113DD,id=f8bb8dd7-d519-4feb-b424-f28ab6c7dc02
2019-06-15 14:14:09,893 INFO  impl.RoleInfo (RoleInfo.java:shutdownLeaderState(104)) - f8bb8dd7-d519-4feb-b424-f28ab6c7dc02: shutdown LeaderState
2019-06-15 14:14:09,893 WARN  server.GrpcLogAppender (GrpcLogAppender.java:mayWait(142)) - GrpcLogAppender(f8bb8dd7-d519-4feb-b424-f28ab6c7dc02 -> a147d26a-44f2-4d0e-ac1e-0f18000d7a21): Wait interrupted by java.lang.InterruptedException
2019-06-15 14:14:09,893 INFO  impl.PendingRequests (PendingRequests.java:sendNotLeaderResponses(140)) - f8bb8dd7-d519-4feb-b424-f28ab6c7dc02-PendingRequests: sendNotLeaderResponses
2019-06-15 14:14:09,895 WARN  server.GrpcLogAppender (GrpcLogAppender.java:mayWait(142)) - GrpcLogAppender(f8bb8dd7-d519-4feb-b424-f28ab6c7dc02 -> d640b49d-75fd-47e0-91a5-ddc3235196e9): Wait interrupted by java.lang.InterruptedException
2019-06-15 14:14:09,895 INFO  server.GrpcServerProtocolService (GrpcServerProtocolService.java:onCompleted(104)) - a147d26a-44f2-4d0e-ac1e-0f18000d7a21: appendEntries completed
2019-06-15 14:14:09,895 INFO  server.GrpcServerProtocolService (GrpcServerProtocolService.java:onCompleted(104)) - d640b49d-75fd-47e0-91a5-ddc3235196e9: appendEntries completed
2019-06-15 14:14:09,895 INFO  server.GrpcLogAppender (GrpcLogAppender.java:onCompleted(277)) - f8bb8dd7-d519-4feb-b424-f28ab6c7dc02: follower f8bb8dd7-d519-4feb-b424-f28ab6c7dc02->a147d26a-44f2-4d0e-ac1e-0f18000d7a21(c7,m8,n9, attendVote=true, lastRpcSendTime=60, lastRpcResponseTime=49) response Completed
2019-06-15 14:14:09,896 INFO  server.GrpcLogAppender (GrpcLogAppender.java:onCompleted(277)) - f8bb8dd7-d519-4feb-b424-f28ab6c7dc02: follower f8bb8dd7-d519-4feb-b424-f28ab6c7dc02->d640b49d-75fd-47e0-91a5-ddc3235196e9(c7,m8,n9, attendVote=true, lastRpcSendTime=59, lastRpcResponseTime=57) response Completed
2019-06-15 14:14:09,897 INFO  impl.StateMachineUpdater (StateMachineUpdater.java:stopAndJoin(109)) - StateMachineUpdater-f8bb8dd7-d519-4feb-b424-f28ab6c7dc02-group-431FBC8113DD: set stopIndex = 8
2019-06-15 14:14:09,897 INFO  impl.FollowerInfo (FollowerInfo.java:lambda$new$0(50)) - f8bb8dd7-d519-4feb-b424-f28ab6c7dc02->a147d26a-44f2-4d0e-ac1e-0f18000d7a21: nextIndex: updateUnconditionally 9 -> 0
2019-06-15 14:14:09,897 INFO  ratis.ContainerStateMachine (ContainerStateMachine.java:takeSnapshot(245)) - Taking snapshot at termIndex:(t:1, i:6)
2019-06-15 14:14:09,897 INFO  ratis.ContainerStateMachine (ContainerStateMachine.java:takeSnapshot(249)) - Taking a snapshot to file /opt/src/hadoop-ozone/integration-test/target/test-dir/MiniOzoneClusterImpl-da264f4b-86ab-41e7-9dc3-3b38e302178a/datanode-0/data/ratis/b090a023-e87f-43d7-92c3-431fbc8113dd/sm/snapshot.1_6
2019-06-15 14:14:09,898 INFO  impl.RaftServerImpl (ServerState.java:close(394)) - f8bb8dd7-d519-4feb-b424-f28ab6c7dc02:group-431FBC8113DD closes. The last applied log index is 8
2019-06-15 14:14:09,898 INFO  storage.RaftLogWorker (RaftLogWorker.java:run(236)) - f8bb8dd7-d519-4feb-b424-f28ab6c7dc02-RaftLogWorker was interrupted, exiting. There are 0 tasks remaining in the queue.
2019-06-15 14:14:09,900 INFO  impl.FollowerInfo (FollowerInfo.java:lambda$new$0(50)) - f8bb8dd7-d519-4feb-b424-f28ab6c7dc02->d640b49d-75fd-47e0-91a5-ddc3235196e9: nextIndex: updateUnconditionally 9 -> -1
2019-06-15 14:14:09,900 INFO  storage.RaftLogWorker (RaftLogWorker.java:close(168)) - f8bb8dd7-d519-4feb-b424-f28ab6c7dc02-RaftLogWorker close()
2019-06-15 14:14:09,903 INFO  impl.RaftServerImpl (RaftServerImpl.java:lambda$shutdown$3(238)) - f8bb8dd7-d519-4feb-b424-f28ab6c7dc02: shutdown group-330FD0EAAC48
2019-06-15 14:14:09,903 INFO  util.JmxRegister (JmxRegister.java:unregister(73)) - Successfully un-registered JMX Bean with object name Ratis:service=RaftServer,group=group-330FD0EAAC48,id=f8bb8dd7-d519-4feb-b424-f28ab6c7dc02
2019-06-15 14:14:09,903 INFO  impl.RoleInfo (RoleInfo.java:shutdownLeaderState(104)) - f8bb8dd7-d519-4feb-b424-f28ab6c7dc02: shutdown LeaderState
2019-06-15 14:14:09,903 INFO  impl.PendingRequests (PendingRequests.java:sendNotLeaderResponses(140)) - f8bb8dd7-d519-4feb-b424-f28ab6c7dc02-PendingRequests: sendNotLeaderResponses
2019-06-15 14:14:09,903 INFO  impl.StateMachineUpdater (StateMachineUpdater.java:stopAndJoin(109)) - StateMachineUpdater-f8bb8dd7-d519-4feb-b424-f28ab6c7dc02-group-330FD0EAAC48: set stopIndex = 0
2019-06-15 14:14:09,903 INFO  ratis.ContainerStateMachine (ContainerStateMachine.java:takeSnapshot(245)) - Taking snapshot at termIndex:(t:0, i:~)
2019-06-15 14:14:09,903 INFO  impl.RaftServerImpl (ServerState.java:close(394)) - f8bb8dd7-d519-4feb-b424-f28ab6c7dc02:group-330FD0EAAC48 closes. The last applied log index is 0
2019-06-15 14:14:09,903 INFO  storage.RaftLogWorker (RaftLogWorker.java:run(236)) - f8bb8dd7-d519-4feb-b424-f28ab6c7dc02-RaftLogWorker was interrupted, exiting. There are 0 tasks remaining in the queue.
2019-06-15 14:14:09,905 INFO  storage.RaftLogWorker (RaftLogWorker.java:close(168)) - f8bb8dd7-d519-4feb-b424-f28ab6c7dc02-RaftLogWorker close()
2019-06-15 14:14:09,907 INFO  server.GrpcService (GrpcService.java:closeImpl(154)) - f8bb8dd7-d519-4feb-b424-f28ab6c7dc02: shutdown server with port 45015 now
2019-06-15 14:14:09,908 INFO  server.GrpcService (GrpcService.java:closeImpl(162)) - f8bb8dd7-d519-4feb-b424-f28ab6c7dc02: shutdown server with port 45015 successfully
2019-06-15 14:14:09,912 WARN  fs.CachingGetSpaceUsed (CachingGetSpaceUsed.java:run(183)) - Thread Interrupted waiting to refresh disk information: sleep interrupted
2019-06-15 14:14:09,917 ERROR statemachine.EndpointStateMachine (EndpointStateMachine.java:logIfNeeded(204)) - Unable to communicate to SCM server at 0.0.0.0:35457 for past 0 seconds.
java.io.EOFException: End of File Exception between local host is: "ozone-unit-076618677d3-hs227-2779846674/192.168.19.23"; destination host is: "0.0.0.0":35457; : java.io.EOFException; For more details see:  http://wiki.apache.org/hadoop/EOFException
	at sun.reflect.NativeConstructorAccessorImpl.newInstance0(Native Method)
	at sun.reflect.NativeConstructorAccessorImpl.newInstance(NativeConstructorAccessorImpl.java:62)
	at sun.reflect.DelegatingConstructorAccessorImpl.newInstance(DelegatingConstructorAccessorImpl.java:45)
	at java.lang.reflect.Constructor.newInstance(Constructor.java:423)
	at org.apache.hadoop.net.NetUtils.wrapWithMessage(NetUtils.java:831)
	at org.apache.hadoop.net.NetUtils.wrapException(NetUtils.java:789)
	at org.apache.hadoop.ipc.Client.getRpcResponse(Client.java:1515)
	at org.apache.hadoop.ipc.Client.call(Client.java:1457)
	at org.apache.hadoop.ipc.Client.call(Client.java:1367)
	at org.apache.hadoop.ipc.ProtobufRpcEngine$Invoker.invoke(ProtobufRpcEngine.java:228)
	at org.apache.hadoop.ipc.ProtobufRpcEngine$Invoker.invoke(ProtobufRpcEngine.java:116)
	at com.sun.proxy.$Proxy84.sendHeartbeat(Unknown Source)
	at org.apache.hadoop.ozone.protocolPB.StorageContainerDatanodeProtocolClientSideTranslatorPB.sendHeartbeat(StorageContainerDatanodeProtocolClientSideTranslatorPB.java:131)
	at org.apache.hadoop.ozone.container.common.states.endpoint.HeartbeatEndpointTask.call(HeartbeatEndpointTask.java:139)
	at org.apache.hadoop.ozone.container.common.states.endpoint.HeartbeatEndpointTask.call(HeartbeatEndpointTask.java:74)
	at java.util.concurrent.FutureTask.run(FutureTask.java:266)
	at java.util.concurrent.Executors$RunnableAdapter.call(Executors.java:511)
	at java.util.concurrent.FutureTask.run(FutureTask.java:266)
	at java.util.concurrent.ThreadPoolExecutor.runWorker(ThreadPoolExecutor.java:1149)
	at java.util.concurrent.ThreadPoolExecutor$Worker.run(ThreadPoolExecutor.java:624)
	at java.lang.Thread.run(Thread.java:748)
Caused by: java.io.EOFException
	at java.io.DataInputStream.readInt(DataInputStream.java:392)
	at org.apache.hadoop.ipc.Client$IpcStreams.readResponse(Client.java:1816)
	at org.apache.hadoop.ipc.Client$Connection.receiveRpcResponse(Client.java:1173)
	at org.apache.hadoop.ipc.Client$Connection.run(Client.java:1069)
2019-06-15 14:14:09,923 INFO  statemachine.DatanodeStateMachine (DatanodeStateMachine.java:stopDaemon(395)) - Ozone container server stopped.
2019-06-15 14:14:09,924 INFO  handler.ContextHandler (ContextHandler.java:doStop(910)) - Stopped o.e.j.w.WebAppContext@e4ca109{/,null,UNAVAILABLE}{/hddsDatanode}
2019-06-15 14:14:09,924 INFO  server.AbstractConnector (AbstractConnector.java:doStop(318)) - Stopped ServerConnector@15c16f19{HTTP/1.1,[http/1.1]}{0.0.0.0:0}
2019-06-15 14:14:09,924 INFO  handler.ContextHandler (ContextHandler.java:doStop(910)) - Stopped o.e.j.s.ServletContextHandler@21c75084{/static,jar:file:/home/user/.m2/repository/org/apache/hadoop/hadoop-hdds-container-service/0.5.0-SNAPSHOT/hadoop-hdds-container-service-0.5.0-SNAPSHOT.jar!/webapps/static,UNAVAILABLE}
2019-06-15 14:14:09,924 INFO  handler.ContextHandler (ContextHandler.java:doStop(910)) - Stopped o.e.j.s.ServletContextHandler@45e7bb79{/logs,file:///opt/src/hadoop-ozone/integration-test/target/log,UNAVAILABLE}
2019-06-15 14:14:09,925 INFO  datanode.ObjectStoreHandler (ObjectStoreHandler.java:close(155)) - Closing ObjectStoreHandler.
2019-06-15 14:14:09,925 INFO  ozone.HddsDatanodeService (HddsDatanodeService.java:stop(452)) - Stopped plug-in org.apache.hadoop.ozone.web.OzoneHddsDatanodeService@1bfa3893
2019-06-15 14:14:09,926 INFO  statemachine.DatanodeStateMachine (DatanodeStateMachine.java:lambda$startDaemon$0(350)) - Ozone container server started.
2019-06-15 14:14:09,926 INFO  ozoneimpl.OzoneContainer (OzoneContainer.java:stop(199)) - Attempting to stop container services.
2019-06-15 14:14:09,926 INFO  impl.RaftServerProxy (RaftServerProxy.java:lambda$close$4(314)) - d640b49d-75fd-47e0-91a5-ddc3235196e9: close
2019-06-15 14:14:09,926 INFO  impl.RaftServerImpl (RaftServerImpl.java:lambda$shutdown$3(238)) - d640b49d-75fd-47e0-91a5-ddc3235196e9: shutdown group-E30BC45FC591
2019-06-15 14:14:09,927 INFO  util.JmxRegister (JmxRegister.java:unregister(73)) - Successfully un-registered JMX Bean with object name Ratis:service=RaftServer,group=group-E30BC45FC591,id=d640b49d-75fd-47e0-91a5-ddc3235196e9
2019-06-15 14:14:09,927 INFO  impl.RoleInfo (RoleInfo.java:shutdownLeaderState(104)) - d640b49d-75fd-47e0-91a5-ddc3235196e9: shutdown LeaderState
2019-06-15 14:14:09,927 INFO  impl.PendingRequests (PendingRequests.java:sendNotLeaderResponses(140)) - d640b49d-75fd-47e0-91a5-ddc3235196e9-PendingRequests: sendNotLeaderResponses
2019-06-15 14:14:09,927 INFO  impl.StateMachineUpdater (StateMachineUpdater.java:stopAndJoin(109)) - StateMachineUpdater-d640b49d-75fd-47e0-91a5-ddc3235196e9-group-E30BC45FC591: set stopIndex = 0
2019-06-15 14:14:09,927 INFO  ratis.ContainerStateMachine (ContainerStateMachine.java:takeSnapshot(245)) - Taking snapshot at termIndex:(t:0, i:~)
2019-06-15 14:14:09,928 INFO  impl.RaftServerImpl (ServerState.java:close(394)) - d640b49d-75fd-47e0-91a5-ddc3235196e9:group-E30BC45FC591 closes. The last applied log index is 0
2019-06-15 14:14:09,928 INFO  storage.RaftLogWorker (RaftLogWorker.java:run(236)) - d640b49d-75fd-47e0-91a5-ddc3235196e9-RaftLogWorker was interrupted, exiting. There are 0 tasks remaining in the queue.
2019-06-15 14:14:09,930 INFO  storage.RaftLogWorker (RaftLogWorker.java:close(168)) - d640b49d-75fd-47e0-91a5-ddc3235196e9-RaftLogWorker close()
2019-06-15 14:14:09,932 INFO  impl.RaftServerImpl (RaftServerImpl.java:lambda$shutdown$3(238)) - d640b49d-75fd-47e0-91a5-ddc3235196e9: shutdown group-431FBC8113DD
2019-06-15 14:14:09,932 INFO  util.JmxRegister (JmxRegister.java:unregister(73)) - Successfully un-registered JMX Bean with object name Ratis:service=RaftServer,group=group-431FBC8113DD,id=d640b49d-75fd-47e0-91a5-ddc3235196e9
2019-06-15 14:14:09,932 INFO  impl.RoleInfo (RoleInfo.java:shutdownFollowerState(121)) - d640b49d-75fd-47e0-91a5-ddc3235196e9: shutdown FollowerState
2019-06-15 14:14:09,932 INFO  impl.StateMachineUpdater (StateMachineUpdater.java:stopAndJoin(109)) - StateMachineUpdater-d640b49d-75fd-47e0-91a5-ddc3235196e9-group-431FBC8113DD: set stopIndex = 7
2019-06-15 14:14:09,932 INFO  impl.FollowerState (FollowerState.java:run(109)) - d640b49d-75fd-47e0-91a5-ddc3235196e9: FollowerState was interrupted: java.lang.InterruptedException: sleep interrupted
2019-06-15 14:14:09,932 INFO  ratis.ContainerStateMachine (ContainerStateMachine.java:takeSnapshot(245)) - Taking snapshot at termIndex:(t:1, i:5)
2019-06-15 14:14:09,933 INFO  ratis.ContainerStateMachine (ContainerStateMachine.java:takeSnapshot(249)) - Taking a snapshot to file /opt/src/hadoop-ozone/integration-test/target/test-dir/MiniOzoneClusterImpl-da264f4b-86ab-41e7-9dc3-3b38e302178a/datanode-1/data/ratis/b090a023-e87f-43d7-92c3-431fbc8113dd/sm/snapshot.1_5
2019-06-15 14:14:09,933 INFO  impl.RaftServerImpl (ServerState.java:close(394)) - d640b49d-75fd-47e0-91a5-ddc3235196e9:group-431FBC8113DD closes. The last applied log index is 7
2019-06-15 14:14:09,934 INFO  storage.RaftLogWorker (RaftLogWorker.java:run(236)) - d640b49d-75fd-47e0-91a5-ddc3235196e9-RaftLogWorker was interrupted, exiting. There are 0 tasks remaining in the queue.
2019-06-15 14:14:09,938 INFO  storage.RaftLogWorker (RaftLogWorker.java:close(168)) - d640b49d-75fd-47e0-91a5-ddc3235196e9-RaftLogWorker close()
2019-06-15 14:14:09,942 INFO  server.GrpcService (GrpcService.java:closeImpl(154)) - d640b49d-75fd-47e0-91a5-ddc3235196e9: shutdown server with port 36587 now
2019-06-15 14:14:09,943 INFO  server.GrpcService (GrpcService.java:closeImpl(162)) - d640b49d-75fd-47e0-91a5-ddc3235196e9: shutdown server with port 36587 successfully
2019-06-15 14:14:09,944 WARN  fs.CachingGetSpaceUsed (CachingGetSpaceUsed.java:run(183)) - Thread Interrupted waiting to refresh disk information: sleep interrupted
2019-06-15 14:14:09,956 INFO  statemachine.DatanodeStateMachine (DatanodeStateMachine.java:stopDaemon(395)) - Ozone container server stopped.
2019-06-15 14:14:09,957 INFO  handler.ContextHandler (ContextHandler.java:doStop(910)) - Stopped o.e.j.w.WebAppContext@12c76d6e{/,null,UNAVAILABLE}{/hddsDatanode}
2019-06-15 14:14:09,957 INFO  server.AbstractConnector (AbstractConnector.java:doStop(318)) - Stopped ServerConnector@46702c26{HTTP/1.1,[http/1.1]}{0.0.0.0:0}
2019-06-15 14:14:09,957 INFO  handler.ContextHandler (ContextHandler.java:doStop(910)) - Stopped o.e.j.s.ServletContextHandler@592a1882{/static,jar:file:/home/user/.m2/repository/org/apache/hadoop/hadoop-hdds-container-service/0.5.0-SNAPSHOT/hadoop-hdds-container-service-0.5.0-SNAPSHOT.jar!/webapps/static,UNAVAILABLE}
2019-06-15 14:14:09,958 INFO  handler.ContextHandler (ContextHandler.java:doStop(910)) - Stopped o.e.j.s.ServletContextHandler@714f1a44{/logs,file:///opt/src/hadoop-ozone/integration-test/target/log,UNAVAILABLE}
2019-06-15 14:14:09,958 INFO  datanode.ObjectStoreHandler (ObjectStoreHandler.java:close(155)) - Closing ObjectStoreHandler.
2019-06-15 14:14:09,958 INFO  ozone.HddsDatanodeService (HddsDatanodeService.java:stop(452)) - Stopped plug-in org.apache.hadoop.ozone.web.OzoneHddsDatanodeService@95cecc5
2019-06-15 14:14:09,959 INFO  statemachine.DatanodeStateMachine (DatanodeStateMachine.java:lambda$startDaemon$0(350)) - Ozone container server started.
2019-06-15 14:14:09,959 INFO  ozoneimpl.OzoneContainer (OzoneContainer.java:stop(199)) - Attempting to stop container services.
2019-06-15 14:14:09,959 INFO  impl.RaftServerProxy (RaftServerProxy.java:lambda$close$4(314)) - a147d26a-44f2-4d0e-ac1e-0f18000d7a21: close
2019-06-15 14:14:09,959 INFO  impl.RaftServerImpl (RaftServerImpl.java:lambda$shutdown$3(238)) - a147d26a-44f2-4d0e-ac1e-0f18000d7a21: shutdown group-431FBC8113DD
2019-06-15 14:14:09,959 INFO  util.JmxRegister (JmxRegister.java:unregister(73)) - Successfully un-registered JMX Bean with object name Ratis:service=RaftServer,group=group-431FBC8113DD,id=a147d26a-44f2-4d0e-ac1e-0f18000d7a21
2019-06-15 14:14:09,960 INFO  impl.RoleInfo (RoleInfo.java:shutdownFollowerState(121)) - a147d26a-44f2-4d0e-ac1e-0f18000d7a21: shutdown FollowerState
2019-06-15 14:14:09,960 INFO  impl.StateMachineUpdater (StateMachineUpdater.java:stopAndJoin(109)) - StateMachineUpdater-a147d26a-44f2-4d0e-ac1e-0f18000d7a21-group-431FBC8113DD: set stopIndex = 7
2019-06-15 14:14:09,960 INFO  ratis.ContainerStateMachine (ContainerStateMachine.java:takeSnapshot(245)) - Taking snapshot at termIndex:(t:1, i:6)
2019-06-15 14:14:09,960 INFO  impl.FollowerState (FollowerState.java:run(109)) - a147d26a-44f2-4d0e-ac1e-0f18000d7a21: FollowerState was interrupted: java.lang.InterruptedException: sleep interrupted
2019-06-15 14:14:09,960 INFO  ratis.ContainerStateMachine (ContainerStateMachine.java:takeSnapshot(249)) - Taking a snapshot to file /opt/src/hadoop-ozone/integration-test/target/test-dir/MiniOzoneClusterImpl-da264f4b-86ab-41e7-9dc3-3b38e302178a/datanode-2/data/ratis/b090a023-e87f-43d7-92c3-431fbc8113dd/sm/snapshot.1_6
2019-06-15 14:14:09,961 INFO  impl.RaftServerImpl (ServerState.java:close(394)) - a147d26a-44f2-4d0e-ac1e-0f18000d7a21:group-431FBC8113DD closes. The last applied log index is 7
2019-06-15 14:14:09,961 INFO  storage.RaftLogWorker (RaftLogWorker.java:run(236)) - a147d26a-44f2-4d0e-ac1e-0f18000d7a21-RaftLogWorker was interrupted, exiting. There are 0 tasks remaining in the queue.
2019-06-15 14:14:09,962 INFO  storage.RaftLogWorker (RaftLogWorker.java:close(168)) - a147d26a-44f2-4d0e-ac1e-0f18000d7a21-RaftLogWorker close()
2019-06-15 14:14:09,963 INFO  impl.RaftServerImpl (RaftServerImpl.java:lambda$shutdown$3(238)) - a147d26a-44f2-4d0e-ac1e-0f18000d7a21: shutdown group-DD0619CBCBE5
2019-06-15 14:14:09,963 INFO  util.JmxRegister (JmxRegister.java:unregister(73)) - Successfully un-registered JMX Bean with object name Ratis:service=RaftServer,group=group-DD0619CBCBE5,id=a147d26a-44f2-4d0e-ac1e-0f18000d7a21
2019-06-15 14:14:09,963 INFO  impl.RoleInfo (RoleInfo.java:shutdownLeaderState(104)) - a147d26a-44f2-4d0e-ac1e-0f18000d7a21: shutdown LeaderState
2019-06-15 14:14:09,963 INFO  impl.PendingRequests (PendingRequests.java:sendNotLeaderResponses(140)) - a147d26a-44f2-4d0e-ac1e-0f18000d7a21-PendingRequests: sendNotLeaderResponses
2019-06-15 14:14:09,964 INFO  impl.StateMachineUpdater (StateMachineUpdater.java:stopAndJoin(109)) - StateMachineUpdater-a147d26a-44f2-4d0e-ac1e-0f18000d7a21-group-DD0619CBCBE5: set stopIndex = 0
2019-06-15 14:14:09,964 INFO  ratis.ContainerStateMachine (ContainerStateMachine.java:takeSnapshot(245)) - Taking snapshot at termIndex:(t:0, i:~)
2019-06-15 14:14:09,964 INFO  impl.RaftServerImpl (ServerState.java:close(394)) - a147d26a-44f2-4d0e-ac1e-0f18000d7a21:group-DD0619CBCBE5 closes. The last applied log index is 0
2019-06-15 14:14:09,964 INFO  storage.RaftLogWorker (RaftLogWorker.java:run(236)) - a147d26a-44f2-4d0e-ac1e-0f18000d7a21-RaftLogWorker was interrupted, exiting. There are 0 tasks remaining in the queue.
2019-06-15 14:14:09,965 INFO  storage.RaftLogWorker (RaftLogWorker.java:close(168)) - a147d26a-44f2-4d0e-ac1e-0f18000d7a21-RaftLogWorker close()
2019-06-15 14:14:09,966 INFO  server.GrpcService (GrpcService.java:closeImpl(154)) - a147d26a-44f2-4d0e-ac1e-0f18000d7a21: shutdown server with port 42057 now
2019-06-15 14:14:09,969 INFO  server.GrpcService (GrpcService.java:closeImpl(162)) - a147d26a-44f2-4d0e-ac1e-0f18000d7a21: shutdown server with port 42057 successfully
2019-06-15 14:14:09,970 WARN  fs.CachingGetSpaceUsed (CachingGetSpaceUsed.java:run(183)) - Thread Interrupted waiting to refresh disk information: sleep interrupted
2019-06-15 14:14:09,984 INFO  statemachine.DatanodeStateMachine (DatanodeStateMachine.java:stopDaemon(395)) - Ozone container server stopped.
2019-06-15 14:14:09,985 INFO  handler.ContextHandler (ContextHandler.java:doStop(910)) - Stopped o.e.j.w.WebAppContext@1b94c789{/,null,UNAVAILABLE}{/hddsDatanode}
2019-06-15 14:14:09,985 INFO  server.AbstractConnector (AbstractConnector.java:doStop(318)) - Stopped ServerConnector@299fc582{HTTP/1.1,[http/1.1]}{0.0.0.0:0}
2019-06-15 14:14:09,985 INFO  handler.ContextHandler (ContextHandler.java:doStop(910)) - Stopped o.e.j.s.ServletContextHandler@7ce30c0b{/static,jar:file:/home/user/.m2/repository/org/apache/hadoop/hadoop-hdds-container-service/0.5.0-SNAPSHOT/hadoop-hdds-container-service-0.5.0-SNAPSHOT.jar!/webapps/static,UNAVAILABLE}
2019-06-15 14:14:09,986 INFO  handler.ContextHandler (ContextHandler.java:doStop(910)) - Stopped o.e.j.s.ServletContextHandler@55638165{/logs,file:///opt/src/hadoop-ozone/integration-test/target/log,UNAVAILABLE}
2019-06-15 14:14:09,986 INFO  datanode.ObjectStoreHandler (ObjectStoreHandler.java:close(155)) - Closing ObjectStoreHandler.
2019-06-15 14:14:09,986 INFO  ozone.HddsDatanodeService (HddsDatanodeService.java:stop(452)) - Stopped plug-in org.apache.hadoop.ozone.web.OzoneHddsDatanodeService@7bdb4f17
2019-06-15 14:14:09,987 INFO  statemachine.DatanodeStateMachine (DatanodeStateMachine.java:lambda$startDaemon$0(350)) - Ozone container server started.
2019-06-15 14:14:09,987 INFO  ozoneimpl.OzoneContainer (OzoneContainer.java:stop(199)) - Attempting to stop container services.
2019-06-15 14:14:09,987 INFO  impl.RaftServerProxy (RaftServerProxy.java:lambda$close$4(314)) - ea4d1c43-0f6d-421d-8c14-440a538667e3: close
2019-06-15 14:14:09,987 INFO  impl.RaftServerImpl (RaftServerImpl.java:lambda$shutdown$3(238)) - ea4d1c43-0f6d-421d-8c14-440a538667e3: shutdown group-4A15A8C2359C
2019-06-15 14:14:09,987 INFO  impl.RaftServerImpl (RaftServerImpl.java:lambda$shutdown$3(238)) - ea4d1c43-0f6d-421d-8c14-440a538667e3: shutdown group-B1AB1FACD459
2019-06-15 14:14:09,987 INFO  util.JmxRegister (JmxRegister.java:unregister(73)) - Successfully un-registered JMX Bean with object name Ratis:service=RaftServer,group=group-4A15A8C2359C,id=ea4d1c43-0f6d-421d-8c14-440a538667e3
2019-06-15 14:14:09,988 INFO  util.JmxRegister (JmxRegister.java:unregister(73)) - Successfully un-registered JMX Bean with object name Ratis:service=RaftServer,group=group-B1AB1FACD459,id=ea4d1c43-0f6d-421d-8c14-440a538667e3
2019-06-15 14:14:09,988 INFO  impl.RoleInfo (RoleInfo.java:shutdownFollowerState(121)) - ea4d1c43-0f6d-421d-8c14-440a538667e3: shutdown FollowerState
2019-06-15 14:14:09,988 INFO  impl.RoleInfo (RoleInfo.java:shutdownLeaderState(104)) - ea4d1c43-0f6d-421d-8c14-440a538667e3: shutdown LeaderState
2019-06-15 14:14:09,988 INFO  ratis.ContainerStateMachine (ContainerStateMachine.java:takeSnapshot(245)) - Taking snapshot at termIndex:(t:0, i:~)
2019-06-15 14:14:09,988 INFO  impl.StateMachineUpdater (StateMachineUpdater.java:stopAndJoin(109)) - StateMachineUpdater-ea4d1c43-0f6d-421d-8c14-440a538667e3-group-4A15A8C2359C: set stopIndex = -1
2019-06-15 14:14:09,988 INFO  impl.FollowerState (FollowerState.java:run(109)) - ea4d1c43-0f6d-421d-8c14-440a538667e3: FollowerState was interrupted: java.lang.InterruptedException: sleep interrupted
2019-06-15 14:14:09,988 INFO  impl.RaftServerImpl (ServerState.java:close(394)) - ea4d1c43-0f6d-421d-8c14-440a538667e3:group-4A15A8C2359C closes. The last applied log index is -1
2019-06-15 14:14:09,988 INFO  impl.PendingRequests (PendingRequests.java:sendNotLeaderResponses(140)) - ea4d1c43-0f6d-421d-8c14-440a538667e3-PendingRequests: sendNotLeaderResponses
2019-06-15 14:14:09,989 INFO  storage.RaftLogWorker (RaftLogWorker.java:run(236)) - ea4d1c43-0f6d-421d-8c14-440a538667e3-RaftLogWorker was interrupted, exiting. There are 0 tasks remaining in the queue.
2019-06-15 14:14:09,990 INFO  impl.StateMachineUpdater (StateMachineUpdater.java:stopAndJoin(109)) - StateMachineUpdater-ea4d1c43-0f6d-421d-8c14-440a538667e3-group-B1AB1FACD459: set stopIndex = 0
2019-06-15 14:14:09,990 INFO  ratis.ContainerStateMachine (ContainerStateMachine.java:takeSnapshot(245)) - Taking snapshot at termIndex:(t:0, i:~)
2019-06-15 14:14:09,990 INFO  impl.RaftServerImpl (ServerState.java:close(394)) - ea4d1c43-0f6d-421d-8c14-440a538667e3:group-B1AB1FACD459 closes. The last applied log index is 0
2019-06-15 14:14:09,991 INFO  storage.RaftLogWorker (RaftLogWorker.java:run(236)) - ea4d1c43-0f6d-421d-8c14-440a538667e3-RaftLogWorker was interrupted, exiting. There are 0 tasks remaining in the queue.
2019-06-15 14:14:09,991 INFO  storage.RaftLogWorker (RaftLogWorker.java:close(168)) - ea4d1c43-0f6d-421d-8c14-440a538667e3-RaftLogWorker close()
2019-06-15 14:14:09,991 INFO  storage.RaftLogWorker (RaftLogWorker.java:close(168)) - ea4d1c43-0f6d-421d-8c14-440a538667e3-RaftLogWorker close()
2019-06-15 14:14:09,993 INFO  server.GrpcService (GrpcService.java:closeImpl(154)) - ea4d1c43-0f6d-421d-8c14-440a538667e3: shutdown server with port 41345 now
2019-06-15 14:14:09,994 WARN  server.GrpcServerProtocolService (LogUtils.java:warn(134)) - ea4d1c43-0f6d-421d-8c14-440a538667e3: appendEntries onError: org.apache.ratis.thirdparty.io.grpc.StatusRuntimeException: CANCELLED: cancelled before receiving half close
2019-06-15 14:14:09,995 INFO  server.GrpcService (GrpcService.java:closeImpl(162)) - ea4d1c43-0f6d-421d-8c14-440a538667e3: shutdown server with port 41345 successfully
2019-06-15 14:14:09,995 WARN  server.GrpcLogAppender (LogUtils.java:warn(134)) - 92357d0a-3796-43b0-8533-2fae59331ae4: Failed appendEntries to ea4d1c43-0f6d-421d-8c14-440a538667e3:192.168.19.23:41345: org.apache.ratis.thirdparty.io.grpc.StatusRuntimeException: CANCELLED: HTTP/2 error code: CANCEL
Received Rst Stream
2019-06-15 14:14:09,996 INFO  impl.FollowerInfo (FollowerInfo.java:lambda$new$0(50)) - 92357d0a-3796-43b0-8533-2fae59331ae4->ea4d1c43-0f6d-421d-8c14-440a538667e3: nextIndex: updateUnconditionally 1 -> 0
2019-06-15 14:14:09,997 WARN  fs.CachingGetSpaceUsed (CachingGetSpaceUsed.java:run(183)) - Thread Interrupted waiting to refresh disk information: sleep interrupted
2019-06-15 14:14:10,009 INFO  statemachine.DatanodeStateMachine (DatanodeStateMachine.java:stopDaemon(395)) - Ozone container server stopped.
2019-06-15 14:14:10,010 INFO  handler.ContextHandler (ContextHandler.java:doStop(910)) - Stopped o.e.j.w.WebAppContext@3cdfbbef{/,null,UNAVAILABLE}{/hddsDatanode}
2019-06-15 14:14:10,010 INFO  server.AbstractConnector (AbstractConnector.java:doStop(318)) - Stopped ServerConnector@7a1ddbf1{HTTP/1.1,[http/1.1]}{0.0.0.0:0}
2019-06-15 14:14:10,010 INFO  handler.ContextHandler (ContextHandler.java:doStop(910)) - Stopped o.e.j.s.ServletContextHandler@2c0dca15{/static,jar:file:/home/user/.m2/repository/org/apache/hadoop/hadoop-hdds-container-service/0.5.0-SNAPSHOT/hadoop-hdds-container-service-0.5.0-SNAPSHOT.jar!/webapps/static,UNAVAILABLE}
2019-06-15 14:14:10,010 INFO  handler.ContextHandler (ContextHandler.java:doStop(910)) - Stopped o.e.j.s.ServletContextHandler@17d816b3{/logs,file:///opt/src/hadoop-ozone/integration-test/target/log,UNAVAILABLE}
2019-06-15 14:14:10,011 INFO  datanode.ObjectStoreHandler (ObjectStoreHandler.java:close(155)) - Closing ObjectStoreHandler.
2019-06-15 14:14:10,011 INFO  ozone.HddsDatanodeService (HddsDatanodeService.java:stop(452)) - Stopped plug-in org.apache.hadoop.ozone.web.OzoneHddsDatanodeService@57fce8b
2019-06-15 14:14:10,011 INFO  statemachine.DatanodeStateMachine (DatanodeStateMachine.java:lambda$startDaemon$0(350)) - Ozone container server started.
2019-06-15 14:14:10,012 INFO  ozoneimpl.OzoneContainer (OzoneContainer.java:stop(199)) - Attempting to stop container services.
2019-06-15 14:14:10,012 INFO  impl.RaftServerProxy (RaftServerProxy.java:lambda$close$4(314)) - 3fded229-c612-486b-924b-2bdfef1e93ec: close
2019-06-15 14:14:10,012 INFO  impl.RaftServerImpl (RaftServerImpl.java:lambda$shutdown$3(238)) - 3fded229-c612-486b-924b-2bdfef1e93ec: shutdown group-4A15A8C2359C
2019-06-15 14:14:10,012 INFO  util.JmxRegister (JmxRegister.java:unregister(73)) - Successfully un-registered JMX Bean with object name Ratis:service=RaftServer,group=group-4A15A8C2359C,id=3fded229-c612-486b-924b-2bdfef1e93ec
2019-06-15 14:14:10,012 INFO  impl.RoleInfo (RoleInfo.java:shutdownFollowerState(121)) - 3fded229-c612-486b-924b-2bdfef1e93ec: shutdown FollowerState
2019-06-15 14:14:10,013 INFO  impl.StateMachineUpdater (StateMachineUpdater.java:stopAndJoin(109)) - StateMachineUpdater-3fded229-c612-486b-924b-2bdfef1e93ec-group-4A15A8C2359C: set stopIndex = -1
2019-06-15 14:14:10,013 INFO  ratis.ContainerStateMachine (ContainerStateMachine.java:takeSnapshot(245)) - Taking snapshot at termIndex:(t:0, i:~)
2019-06-15 14:14:10,013 INFO  impl.FollowerState (FollowerState.java:run(109)) - 3fded229-c612-486b-924b-2bdfef1e93ec: FollowerState was interrupted: java.lang.InterruptedException: sleep interrupted
2019-06-15 14:14:10,013 INFO  impl.RaftServerImpl (ServerState.java:close(394)) - 3fded229-c612-486b-924b-2bdfef1e93ec:group-4A15A8C2359C closes. The last applied log index is -1
2019-06-15 14:14:10,014 INFO  storage.RaftLogWorker (RaftLogWorker.java:run(236)) - 3fded229-c612-486b-924b-2bdfef1e93ec-RaftLogWorker was interrupted, exiting. There are 0 tasks remaining in the queue.
2019-06-15 14:14:10,014 INFO  storage.RaftLogWorker (RaftLogWorker.java:close(168)) - 3fded229-c612-486b-924b-2bdfef1e93ec-RaftLogWorker close()
2019-06-15 14:14:10,015 INFO  impl.RaftServerImpl (RaftServerImpl.java:lambda$shutdown$3(238)) - 3fded229-c612-486b-924b-2bdfef1e93ec: shutdown group-C27349D32537
2019-06-15 14:14:10,015 INFO  util.JmxRegister (JmxRegister.java:unregister(73)) - Successfully un-registered JMX Bean with object name Ratis:service=RaftServer,group=group-C27349D32537,id=3fded229-c612-486b-924b-2bdfef1e93ec
2019-06-15 14:14:10,016 INFO  impl.RoleInfo (RoleInfo.java:shutdownLeaderState(104)) - 3fded229-c612-486b-924b-2bdfef1e93ec: shutdown LeaderState
2019-06-15 14:14:10,016 INFO  impl.PendingRequests (PendingRequests.java:sendNotLeaderResponses(140)) - 3fded229-c612-486b-924b-2bdfef1e93ec-PendingRequests: sendNotLeaderResponses
2019-06-15 14:14:10,016 INFO  impl.StateMachineUpdater (StateMachineUpdater.java:stopAndJoin(109)) - StateMachineUpdater-3fded229-c612-486b-924b-2bdfef1e93ec-group-C27349D32537: set stopIndex = 0
2019-06-15 14:14:10,016 INFO  ratis.ContainerStateMachine (ContainerStateMachine.java:takeSnapshot(245)) - Taking snapshot at termIndex:(t:0, i:~)
2019-06-15 14:14:10,016 INFO  impl.RaftServerImpl (ServerState.java:close(394)) - 3fded229-c612-486b-924b-2bdfef1e93ec:group-C27349D32537 closes. The last applied log index is 0
2019-06-15 14:14:10,017 INFO  storage.RaftLogWorker (RaftLogWorker.java:run(236)) - 3fded229-c612-486b-924b-2bdfef1e93ec-RaftLogWorker was interrupted, exiting. There are 0 tasks remaining in the queue.
2019-06-15 14:14:10,018 INFO  storage.RaftLogWorker (RaftLogWorker.java:close(168)) - 3fded229-c612-486b-924b-2bdfef1e93ec-RaftLogWorker close()
2019-06-15 14:14:10,021 INFO  server.GrpcService (GrpcService.java:closeImpl(154)) - 3fded229-c612-486b-924b-2bdfef1e93ec: shutdown server with port 34187 now
2019-06-15 14:14:10,021 WARN  server.GrpcServerProtocolService (LogUtils.java:warn(134)) - 3fded229-c612-486b-924b-2bdfef1e93ec: appendEntries onError: org.apache.ratis.thirdparty.io.grpc.StatusRuntimeException: CANCELLED: cancelled before receiving half close
2019-06-15 14:14:10,022 INFO  server.GrpcService (GrpcService.java:closeImpl(162)) - 3fded229-c612-486b-924b-2bdfef1e93ec: shutdown server with port 34187 successfully
2019-06-15 14:14:10,022 WARN  server.GrpcLogAppender (LogUtils.java:warn(134)) - 92357d0a-3796-43b0-8533-2fae59331ae4: Failed appendEntries to 3fded229-c612-486b-924b-2bdfef1e93ec:192.168.19.23:34187: org.apache.ratis.thirdparty.io.grpc.StatusRuntimeException: CANCELLED: HTTP/2 error code: CANCEL
Received Rst Stream
2019-06-15 14:14:10,023 INFO  impl.FollowerInfo (FollowerInfo.java:lambda$new$0(50)) - 92357d0a-3796-43b0-8533-2fae59331ae4->3fded229-c612-486b-924b-2bdfef1e93ec: nextIndex: updateUnconditionally 1 -> 0
2019-06-15 14:14:10,023 WARN  fs.CachingGetSpaceUsed (CachingGetSpaceUsed.java:run(183)) - Thread Interrupted waiting to refresh disk information: sleep interrupted
2019-06-15 14:14:10,033 INFO  statemachine.DatanodeStateMachine (DatanodeStateMachine.java:stopDaemon(395)) - Ozone container server stopped.
2019-06-15 14:14:10,033 INFO  handler.ContextHandler (ContextHandler.java:doStop(910)) - Stopped o.e.j.w.WebAppContext@2c1ea7be{/,null,UNAVAILABLE}{/hddsDatanode}
2019-06-15 14:14:10,034 INFO  server.AbstractConnector (AbstractConnector.java:doStop(318)) - Stopped ServerConnector@2493eec6{HTTP/1.1,[http/1.1]}{0.0.0.0:0}
2019-06-15 14:14:10,034 INFO  handler.ContextHandler (ContextHandler.java:doStop(910)) - Stopped o.e.j.s.ServletContextHandler@11f3400c{/static,jar:file:/home/user/.m2/repository/org/apache/hadoop/hadoop-hdds-container-service/0.5.0-SNAPSHOT/hadoop-hdds-container-service-0.5.0-SNAPSHOT.jar!/webapps/static,UNAVAILABLE}
2019-06-15 14:14:10,034 INFO  handler.ContextHandler (ContextHandler.java:doStop(910)) - Stopped o.e.j.s.ServletContextHandler@60a4e619{/logs,file:///opt/src/hadoop-ozone/integration-test/target/log,UNAVAILABLE}
2019-06-15 14:14:10,035 INFO  datanode.ObjectStoreHandler (ObjectStoreHandler.java:close(155)) - Closing ObjectStoreHandler.
2019-06-15 14:14:10,035 INFO  ozone.HddsDatanodeService (HddsDatanodeService.java:stop(452)) - Stopped plug-in org.apache.hadoop.ozone.web.OzoneHddsDatanodeService@57927bc9
2019-06-15 14:14:10,035 INFO  statemachine.DatanodeStateMachine (DatanodeStateMachine.java:lambda$startDaemon$0(350)) - Ozone container server started.
2019-06-15 14:14:10,035 INFO  ozoneimpl.OzoneContainer (OzoneContainer.java:stop(199)) - Attempting to stop container services.
2019-06-15 14:14:10,035 INFO  impl.RaftServerProxy (RaftServerProxy.java:lambda$close$4(314)) - 92357d0a-3796-43b0-8533-2fae59331ae4: close
2019-06-15 14:14:10,036 INFO  impl.RaftServerImpl (RaftServerImpl.java:lambda$shutdown$3(238)) - 92357d0a-3796-43b0-8533-2fae59331ae4: shutdown group-4A15A8C2359C
2019-06-15 14:14:10,036 INFO  impl.RaftServerImpl (RaftServerImpl.java:lambda$shutdown$3(238)) - 92357d0a-3796-43b0-8533-2fae59331ae4: shutdown group-982A8659D1DC
2019-06-15 14:14:10,036 INFO  util.JmxRegister (JmxRegister.java:unregister(73)) - Successfully un-registered JMX Bean with object name Ratis:service=RaftServer,group=group-4A15A8C2359C,id=92357d0a-3796-43b0-8533-2fae59331ae4
2019-06-15 14:14:10,036 INFO  util.JmxRegister (JmxRegister.java:unregister(73)) - Successfully un-registered JMX Bean with object name Ratis:service=RaftServer,group=group-982A8659D1DC,id=92357d0a-3796-43b0-8533-2fae59331ae4
2019-06-15 14:14:10,036 INFO  impl.RoleInfo (RoleInfo.java:shutdownLeaderState(104)) - 92357d0a-3796-43b0-8533-2fae59331ae4: shutdown LeaderState
2019-06-15 14:14:10,036 INFO  impl.RoleInfo (RoleInfo.java:shutdownLeaderState(104)) - 92357d0a-3796-43b0-8533-2fae59331ae4: shutdown LeaderState
2019-06-15 14:14:10,036 WARN  server.GrpcLogAppender (GrpcLogAppender.java:mayWait(142)) - GrpcLogAppender(92357d0a-3796-43b0-8533-2fae59331ae4 -> 3fded229-c612-486b-924b-2bdfef1e93ec): Wait interrupted by java.lang.InterruptedException
2019-06-15 14:14:10,036 INFO  impl.PendingRequests (PendingRequests.java:sendNotLeaderResponses(140)) - 92357d0a-3796-43b0-8533-2fae59331ae4-PendingRequests: sendNotLeaderResponses
2019-06-15 14:14:10,036 WARN  server.GrpcLogAppender (GrpcLogAppender.java:mayWait(142)) - GrpcLogAppender(92357d0a-3796-43b0-8533-2fae59331ae4 -> ea4d1c43-0f6d-421d-8c14-440a538667e3): Wait interrupted by java.lang.InterruptedException
2019-06-15 14:14:10,037 INFO  impl.StateMachineUpdater (StateMachineUpdater.java:stopAndJoin(109)) - StateMachineUpdater-92357d0a-3796-43b0-8533-2fae59331ae4-group-4A15A8C2359C: set stopIndex = 0
2019-06-15 14:14:10,036 INFO  impl.PendingRequests (PendingRequests.java:sendNotLeaderResponses(140)) - 92357d0a-3796-43b0-8533-2fae59331ae4-PendingRequests: sendNotLeaderResponses
2019-06-15 14:14:10,037 INFO  ratis.ContainerStateMachine (ContainerStateMachine.java:takeSnapshot(245)) - Taking snapshot at termIndex:(t:0, i:~)
2019-06-15 14:14:10,037 INFO  impl.StateMachineUpdater (StateMachineUpdater.java:stopAndJoin(109)) - StateMachineUpdater-92357d0a-3796-43b0-8533-2fae59331ae4-group-982A8659D1DC: set stopIndex = 0
2019-06-15 14:14:10,037 INFO  impl.RaftServerImpl (ServerState.java:close(394)) - 92357d0a-3796-43b0-8533-2fae59331ae4:group-4A15A8C2359C closes. The last applied log index is 0
2019-06-15 14:14:10,037 INFO  ratis.ContainerStateMachine (ContainerStateMachine.java:takeSnapshot(245)) - Taking snapshot at termIndex:(t:0, i:~)
2019-06-15 14:14:10,037 INFO  storage.RaftLogWorker (RaftLogWorker.java:run(236)) - 92357d0a-3796-43b0-8533-2fae59331ae4-RaftLogWorker was interrupted, exiting. There are 0 tasks remaining in the queue.
2019-06-15 14:14:10,038 INFO  impl.RaftServerImpl (ServerState.java:close(394)) - 92357d0a-3796-43b0-8533-2fae59331ae4:group-982A8659D1DC closes. The last applied log index is 0
2019-06-15 14:14:10,038 INFO  storage.RaftLogWorker (RaftLogWorker.java:run(236)) - 92357d0a-3796-43b0-8533-2fae59331ae4-RaftLogWorker was interrupted, exiting. There are 0 tasks remaining in the queue.
2019-06-15 14:14:10,038 INFO  storage.RaftLogWorker (RaftLogWorker.java:close(168)) - 92357d0a-3796-43b0-8533-2fae59331ae4-RaftLogWorker close()
2019-06-15 14:14:10,038 INFO  storage.RaftLogWorker (RaftLogWorker.java:close(168)) - 92357d0a-3796-43b0-8533-2fae59331ae4-RaftLogWorker close()
2019-06-15 14:14:10,038 INFO  server.GrpcService (GrpcService.java:closeImpl(154)) - 92357d0a-3796-43b0-8533-2fae59331ae4: shutdown server with port 46113 now
2019-06-15 14:14:10,038 INFO  server.GrpcService (GrpcService.java:closeImpl(162)) - 92357d0a-3796-43b0-8533-2fae59331ae4: shutdown server with port 46113 successfully
2019-06-15 14:14:10,039 WARN  fs.CachingGetSpaceUsed (CachingGetSpaceUsed.java:run(183)) - Thread Interrupted waiting to refresh disk information: sleep interrupted
2019-06-15 14:14:10,048 INFO  statemachine.DatanodeStateMachine (DatanodeStateMachine.java:stopDaemon(395)) - Ozone container server stopped.
2019-06-15 14:14:10,049 INFO  handler.ContextHandler (ContextHandler.java:doStop(910)) - Stopped o.e.j.w.WebAppContext@474ce6b8{/,null,UNAVAILABLE}{/hddsDatanode}
2019-06-15 14:14:10,049 INFO  server.AbstractConnector (AbstractConnector.java:doStop(318)) - Stopped ServerConnector@248b2b61{HTTP/1.1,[http/1.1]}{0.0.0.0:0}
2019-06-15 14:14:10,049 INFO  handler.ContextHandler (ContextHandler.java:doStop(910)) - Stopped o.e.j.s.ServletContextHandler@900649e{/static,jar:file:/home/user/.m2/repository/org/apache/hadoop/hadoop-hdds-container-service/0.5.0-SNAPSHOT/hadoop-hdds-container-service-0.5.0-SNAPSHOT.jar!/webapps/static,UNAVAILABLE}
2019-06-15 14:14:10,050 INFO  handler.ContextHandler (ContextHandler.java:doStop(910)) - Stopped o.e.j.s.ServletContextHandler@15130002{/logs,file:///opt/src/hadoop-ozone/integration-test/target/log,UNAVAILABLE}
2019-06-15 14:14:10,050 INFO  datanode.ObjectStoreHandler (ObjectStoreHandler.java:close(155)) - Closing ObjectStoreHandler.
2019-06-15 14:14:10,050 INFO  ozone.HddsDatanodeService (HddsDatanodeService.java:stop(452)) - Stopped plug-in org.apache.hadoop.ozone.web.OzoneHddsDatanodeService@6d7e2795
2019-06-15 14:14:10,051 INFO  statemachine.DatanodeStateMachine (DatanodeStateMachine.java:lambda$startDaemon$0(350)) - Ozone container server started.
2019-06-15 14:14:10,051 INFO  ozoneimpl.OzoneContainer (OzoneContainer.java:stop(199)) - Attempting to stop container services.
2019-06-15 14:14:10,051 INFO  impl.RaftServerProxy (RaftServerProxy.java:lambda$close$4(314)) - 2385b319-ba7b-4a78-b350-7902e88869ee: close
2019-06-15 14:14:10,051 INFO  impl.RaftServerImpl (RaftServerImpl.java:lambda$shutdown$3(238)) - 2385b319-ba7b-4a78-b350-7902e88869ee: shutdown group-8C385BFCD1BB
2019-06-15 14:14:10,051 INFO  util.JmxRegister (JmxRegister.java:unregister(73)) - Successfully un-registered JMX Bean with object name Ratis:service=RaftServer,group=group-8C385BFCD1BB,id=2385b319-ba7b-4a78-b350-7902e88869ee
2019-06-15 14:14:10,052 INFO  impl.RoleInfo (RoleInfo.java:shutdownLeaderState(104)) - 2385b319-ba7b-4a78-b350-7902e88869ee: shutdown LeaderState
2019-06-15 14:14:10,052 INFO  impl.PendingRequests (PendingRequests.java:sendNotLeaderResponses(140)) - 2385b319-ba7b-4a78-b350-7902e88869ee-PendingRequests: sendNotLeaderResponses
2019-06-15 14:14:10,052 INFO  impl.StateMachineUpdater (StateMachineUpdater.java:stopAndJoin(109)) - StateMachineUpdater-2385b319-ba7b-4a78-b350-7902e88869ee-group-8C385BFCD1BB: set stopIndex = 0
2019-06-15 14:14:10,052 INFO  ratis.ContainerStateMachine (ContainerStateMachine.java:takeSnapshot(245)) - Taking snapshot at termIndex:(t:0, i:~)
2019-06-15 14:14:10,052 INFO  impl.RaftServerImpl (ServerState.java:close(394)) - 2385b319-ba7b-4a78-b350-7902e88869ee:group-8C385BFCD1BB closes. The last applied log index is 0
2019-06-15 14:14:10,053 INFO  storage.RaftLogWorker (RaftLogWorker.java:run(236)) - 2385b319-ba7b-4a78-b350-7902e88869ee-RaftLogWorker was interrupted, exiting. There are 0 tasks remaining in the queue.
2019-06-15 14:14:10,053 INFO  storage.RaftLogWorker (RaftLogWorker.java:close(168)) - 2385b319-ba7b-4a78-b350-7902e88869ee-RaftLogWorker close()
2019-06-15 14:14:10,053 INFO  server.GrpcService (GrpcService.java:closeImpl(154)) - 2385b319-ba7b-4a78-b350-7902e88869ee: shutdown server with port 43299 now
2019-06-15 14:14:10,054 INFO  server.GrpcService (GrpcService.java:closeImpl(162)) - 2385b319-ba7b-4a78-b350-7902e88869ee: shutdown server with port 43299 successfully
2019-06-15 14:14:10,054 WARN  fs.CachingGetSpaceUsed (CachingGetSpaceUsed.java:run(183)) - Thread Interrupted waiting to refresh disk information: sleep interrupted
2019-06-15 14:14:10,065 INFO  statemachine.DatanodeStateMachine (DatanodeStateMachine.java:stopDaemon(395)) - Ozone container server stopped.
2019-06-15 14:14:10,066 INFO  handler.ContextHandler (ContextHandler.java:doStop(910)) - Stopped o.e.j.w.WebAppContext@1c815814{/,null,UNAVAILABLE}{/hddsDatanode}
2019-06-15 14:14:10,067 INFO  server.AbstractConnector (AbstractConnector.java:doStop(318)) - Stopped ServerConnector@14af73e1{HTTP/1.1,[http/1.1]}{0.0.0.0:0}
2019-06-15 14:14:10,067 INFO  handler.ContextHandler (ContextHandler.java:doStop(910)) - Stopped o.e.j.s.ServletContextHandler@e3c36d{/static,jar:file:/home/user/.m2/repository/org/apache/hadoop/hadoop-hdds-container-service/0.5.0-SNAPSHOT/hadoop-hdds-container-service-0.5.0-SNAPSHOT.jar!/webapps/static,UNAVAILABLE}
2019-06-15 14:14:10,067 INFO  handler.ContextHandler (ContextHandler.java:doStop(910)) - Stopped o.e.j.s.ServletContextHandler@3516b881{/logs,file:///opt/src/hadoop-ozone/integration-test/target/log,UNAVAILABLE}
]]></system-out>
    <system-err><![CDATA[Jun 15, 2019 2:14:03 PM com.sun.jersey.server.impl.application.WebApplicationImpl _initiate
INFO: Initiating Jersey application, version 'Jersey: 1.19 02/11/2015 03:25 AM'
Jun 15, 2019 2:14:03 PM com.sun.jersey.server.impl.application.WebApplicationImpl _initiate
INFO: Initiating Jersey application, version 'Jersey: 1.19 02/11/2015 03:25 AM'
Jun 15, 2019 2:14:03 PM com.sun.jersey.server.impl.application.WebApplicationImpl _initiate
INFO: Initiating Jersey application, version 'Jersey: 1.19 02/11/2015 03:25 AM'
Jun 15, 2019 2:14:03 PM com.sun.jersey.server.impl.application.WebApplicationImpl _initiate
INFO: Initiating Jersey application, version 'Jersey: 1.19 02/11/2015 03:25 AM'
Jun 15, 2019 2:14:04 PM com.sun.jersey.server.impl.application.WebApplicationImpl _initiate
INFO: Initiating Jersey application, version 'Jersey: 1.19 02/11/2015 03:25 AM'
Jun 15, 2019 2:14:04 PM com.sun.jersey.server.impl.application.WebApplicationImpl _initiate
INFO: Initiating Jersey application, version 'Jersey: 1.19 02/11/2015 03:25 AM'
Jun 15, 2019 2:14:04 PM com.sun.jersey.server.impl.application.WebApplicationImpl _initiate
INFO: Initiating Jersey application, version 'Jersey: 1.19 02/11/2015 03:25 AM'
Jun 15, 2019 2:14:07 PM org.apache.ratis.thirdparty.io.grpc.internal.ManagedChannelOrphanWrapper$ManagedChannelReference cleanQueue
SEVERE: *~*~*~ Channel ManagedChannelImpl{logId=143, target=192.168.19.23:36271} was not shutdown properly!!! ~*~*~*
    Make sure to call shutdown()/shutdownNow() and wait until awaitTermination() returns true.
java.lang.RuntimeException: ManagedChannel allocation site
	at org.apache.ratis.thirdparty.io.grpc.internal.ManagedChannelOrphanWrapper$ManagedChannelReference.<init>(ManagedChannelOrphanWrapper.java:103)
	at org.apache.ratis.thirdparty.io.grpc.internal.ManagedChannelOrphanWrapper.<init>(ManagedChannelOrphanWrapper.java:53)
	at org.apache.ratis.thirdparty.io.grpc.internal.ManagedChannelOrphanWrapper.<init>(ManagedChannelOrphanWrapper.java:44)
	at org.apache.ratis.thirdparty.io.grpc.internal.AbstractManagedChannelImplBuilder.build(AbstractManagedChannelImplBuilder.java:411)
	at org.apache.ratis.grpc.client.GrpcClientProtocolClient.<init>(GrpcClientProtocolClient.java:118)
	at org.apache.ratis.grpc.client.GrpcClientRpc.lambda$new$0(GrpcClientRpc.java:55)
	at org.apache.ratis.util.PeerProxyMap$PeerAndProxy.lambda$getProxy$0(PeerProxyMap.java:61)
	at org.apache.ratis.util.LifeCycle.startAndTransition(LifeCycle.java:202)
	at org.apache.ratis.util.PeerProxyMap$PeerAndProxy.getProxy(PeerProxyMap.java:60)
	at org.apache.ratis.util.PeerProxyMap.getProxy(PeerProxyMap.java:107)
	at org.apache.ratis.grpc.client.GrpcClientRpc.sendRequest(GrpcClientRpc.java:91)
	at org.apache.ratis.client.impl.RaftClientImpl.sendRequest(RaftClientImpl.java:401)
	at org.apache.ratis.client.impl.RaftClientImpl.groupRemove(RaftClientImpl.java:280)
	at org.apache.hadoop.hdds.scm.pipeline.RatisPipelineUtils.destroyPipeline(RatisPipelineUtils.java:97)
	at org.apache.hadoop.hdds.scm.pipeline.RatisPipelineUtils.destroyPipeline(RatisPipelineUtils.java:64)
	at org.apache.hadoop.hdds.scm.pipeline.SCMPipelineManager.destroyPipeline(SCMPipelineManager.java:378)
	at org.apache.hadoop.hdds.scm.pipeline.SCMPipelineManager.finalizeAndDestroyPipeline(SCMPipelineManager.java:318)
	at org.apache.hadoop.ozone.container.ContainerTestHelper.waitForPipelineClose(ContainerTestHelper.java:799)
	at org.apache.hadoop.ozone.container.ContainerTestHelper.waitForPipelineClose(ContainerTestHelper.java:790)
	at org.apache.hadoop.ozone.container.ContainerTestHelper.waitForPipelineClose(ContainerTestHelper.java:754)
	at org.apache.hadoop.ozone.client.rpc.TestOzoneClientRetriesOnException.testGroupMismatchExceptionHandling(TestOzoneClientRetriesOnException.java:151)
	at sun.reflect.NativeMethodAccessorImpl.invoke0(Native Method)
	at sun.reflect.NativeMethodAccessorImpl.invoke(NativeMethodAccessorImpl.java:62)
	at sun.reflect.DelegatingMethodAccessorImpl.invoke(DelegatingMethodAccessorImpl.java:43)
	at java.lang.reflect.Method.invoke(Method.java:498)
	at org.junit.runners.model.FrameworkMethod$1.runReflectiveCall(FrameworkMethod.java:47)
	at org.junit.internal.runners.model.ReflectiveCallable.run(ReflectiveCallable.java:12)
	at org.junit.runners.model.FrameworkMethod.invokeExplosively(FrameworkMethod.java:44)
	at org.junit.internal.runners.statements.InvokeMethod.evaluate(InvokeMethod.java:17)
	at org.junit.internal.runners.statements.RunBefores.evaluate(RunBefores.java:26)
	at org.junit.internal.runners.statements.RunAfters.evaluate(RunAfters.java:27)
	at org.junit.runners.ParentRunner.runLeaf(ParentRunner.java:271)
	at org.junit.runners.BlockJUnit4ClassRunner.runChild(BlockJUnit4ClassRunner.java:70)
	at org.junit.runners.BlockJUnit4ClassRunner.runChild(BlockJUnit4ClassRunner.java:50)
	at org.junit.runners.ParentRunner$3.run(ParentRunner.java:238)
	at org.junit.runners.ParentRunner$1.schedule(ParentRunner.java:63)
	at org.junit.runners.ParentRunner.runChildren(ParentRunner.java:236)
	at org.junit.runners.ParentRunner.access$000(ParentRunner.java:53)
	at org.junit.runners.ParentRunner$2.evaluate(ParentRunner.java:229)
	at org.junit.runners.ParentRunner.run(ParentRunner.java:309)
	at org.apache.maven.surefire.junit4.JUnit4Provider.execute(JUnit4Provider.java:365)
	at org.apache.maven.surefire.junit4.JUnit4Provider.executeWithRerun(JUnit4Provider.java:273)
	at org.apache.maven.surefire.junit4.JUnit4Provider.executeTestSet(JUnit4Provider.java:238)
	at org.apache.maven.surefire.junit4.JUnit4Provider.invoke(JUnit4Provider.java:159)
	at org.apache.maven.surefire.booter.ForkedBooter.invokeProviderInSameClassLoader(ForkedBooter.java:384)
	at org.apache.maven.surefire.booter.ForkedBooter.runSuitesInProcess(ForkedBooter.java:345)
	at org.apache.maven.surefire.booter.ForkedBooter.execute(ForkedBooter.java:126)
	at org.apache.maven.surefire.booter.ForkedBooter.main(ForkedBooter.java:418)

Jun 15, 2019 2:14:07 PM org.apache.ratis.thirdparty.io.grpc.internal.ManagedChannelOrphanWrapper$ManagedChannelReference cleanQueue
SEVERE: *~*~*~ Channel ManagedChannelImpl{logId=153, target=192.168.19.23:41447} was not shutdown properly!!! ~*~*~*
    Make sure to call shutdown()/shutdownNow() and wait until awaitTermination() returns true.
java.lang.RuntimeException: ManagedChannel allocation site
	at org.apache.ratis.thirdparty.io.grpc.internal.ManagedChannelOrphanWrapper$ManagedChannelReference.<init>(ManagedChannelOrphanWrapper.java:103)
	at org.apache.ratis.thirdparty.io.grpc.internal.ManagedChannelOrphanWrapper.<init>(ManagedChannelOrphanWrapper.java:53)
	at org.apache.ratis.thirdparty.io.grpc.internal.ManagedChannelOrphanWrapper.<init>(ManagedChannelOrphanWrapper.java:44)
	at org.apache.ratis.thirdparty.io.grpc.internal.AbstractManagedChannelImplBuilder.build(AbstractManagedChannelImplBuilder.java:411)
	at org.apache.ratis.grpc.client.GrpcClientProtocolClient.<init>(GrpcClientProtocolClient.java:118)
	at org.apache.ratis.grpc.client.GrpcClientRpc.lambda$new$0(GrpcClientRpc.java:55)
	at org.apache.ratis.util.PeerProxyMap$PeerAndProxy.lambda$getProxy$0(PeerProxyMap.java:61)
	at org.apache.ratis.util.LifeCycle.startAndTransition(LifeCycle.java:202)
	at org.apache.ratis.util.PeerProxyMap$PeerAndProxy.getProxy(PeerProxyMap.java:60)
	at org.apache.ratis.util.PeerProxyMap.getProxy(PeerProxyMap.java:107)
	at org.apache.ratis.grpc.client.GrpcClientRpc.sendRequest(GrpcClientRpc.java:91)
	at org.apache.ratis.client.impl.RaftClientImpl.sendRequest(RaftClientImpl.java:401)
	at org.apache.ratis.client.impl.RaftClientImpl.groupRemove(RaftClientImpl.java:280)
	at org.apache.hadoop.hdds.scm.pipeline.RatisPipelineUtils.destroyPipeline(RatisPipelineUtils.java:97)
	at org.apache.hadoop.hdds.scm.pipeline.RatisPipelineUtils.destroyPipeline(RatisPipelineUtils.java:64)
	at org.apache.hadoop.hdds.scm.pipeline.SCMPipelineManager.destroyPipeline(SCMPipelineManager.java:378)
	at org.apache.hadoop.hdds.scm.pipeline.SCMPipelineManager.finalizeAndDestroyPipeline(SCMPipelineManager.java:318)
	at org.apache.hadoop.ozone.container.ContainerTestHelper.waitForPipelineClose(ContainerTestHelper.java:799)
	at org.apache.hadoop.ozone.container.ContainerTestHelper.waitForPipelineClose(ContainerTestHelper.java:790)
	at org.apache.hadoop.ozone.container.ContainerTestHelper.waitForPipelineClose(ContainerTestHelper.java:754)
	at org.apache.hadoop.ozone.client.rpc.TestOzoneClientRetriesOnException.testGroupMismatchExceptionHandling(TestOzoneClientRetriesOnException.java:151)
	at sun.reflect.NativeMethodAccessorImpl.invoke0(Native Method)
	at sun.reflect.NativeMethodAccessorImpl.invoke(NativeMethodAccessorImpl.java:62)
	at sun.reflect.DelegatingMethodAccessorImpl.invoke(DelegatingMethodAccessorImpl.java:43)
	at java.lang.reflect.Method.invoke(Method.java:498)
	at org.junit.runners.model.FrameworkMethod$1.runReflectiveCall(FrameworkMethod.java:47)
	at org.junit.internal.runners.model.ReflectiveCallable.run(ReflectiveCallable.java:12)
	at org.junit.runners.model.FrameworkMethod.invokeExplosively(FrameworkMethod.java:44)
	at org.junit.internal.runners.statements.InvokeMethod.evaluate(InvokeMethod.java:17)
	at org.junit.internal.runners.statements.RunBefores.evaluate(RunBefores.java:26)
	at org.junit.internal.runners.statements.RunAfters.evaluate(RunAfters.java:27)
	at org.junit.runners.ParentRunner.runLeaf(ParentRunner.java:271)
	at org.junit.runners.BlockJUnit4ClassRunner.runChild(BlockJUnit4ClassRunner.java:70)
	at org.junit.runners.BlockJUnit4ClassRunner.runChild(BlockJUnit4ClassRunner.java:50)
	at org.junit.runners.ParentRunner$3.run(ParentRunner.java:238)
	at org.junit.runners.ParentRunner$1.schedule(ParentRunner.java:63)
	at org.junit.runners.ParentRunner.runChildren(ParentRunner.java:236)
	at org.junit.runners.ParentRunner.access$000(ParentRunner.java:53)
	at org.junit.runners.ParentRunner$2.evaluate(ParentRunner.java:229)
	at org.junit.runners.ParentRunner.run(ParentRunner.java:309)
	at org.apache.maven.surefire.junit4.JUnit4Provider.execute(JUnit4Provider.java:365)
	at org.apache.maven.surefire.junit4.JUnit4Provider.executeWithRerun(JUnit4Provider.java:273)
	at org.apache.maven.surefire.junit4.JUnit4Provider.executeTestSet(JUnit4Provider.java:238)
	at org.apache.maven.surefire.junit4.JUnit4Provider.invoke(JUnit4Provider.java:159)
	at org.apache.maven.surefire.booter.ForkedBooter.invokeProviderInSameClassLoader(ForkedBooter.java:384)
	at org.apache.maven.surefire.booter.ForkedBooter.runSuitesInProcess(ForkedBooter.java:345)
	at org.apache.maven.surefire.booter.ForkedBooter.execute(ForkedBooter.java:126)
	at org.apache.maven.surefire.booter.ForkedBooter.main(ForkedBooter.java:418)

Jun 15, 2019 2:14:07 PM org.apache.ratis.thirdparty.io.grpc.internal.ManagedChannelOrphanWrapper$ManagedChannelReference cleanQueue
SEVERE: *~*~*~ Channel ManagedChannelImpl{logId=148, target=192.168.19.23:44595} was not shutdown properly!!! ~*~*~*
    Make sure to call shutdown()/shutdownNow() and wait until awaitTermination() returns true.
java.lang.RuntimeException: ManagedChannel allocation site
	at org.apache.ratis.thirdparty.io.grpc.internal.ManagedChannelOrphanWrapper$ManagedChannelReference.<init>(ManagedChannelOrphanWrapper.java:103)
	at org.apache.ratis.thirdparty.io.grpc.internal.ManagedChannelOrphanWrapper.<init>(ManagedChannelOrphanWrapper.java:53)
	at org.apache.ratis.thirdparty.io.grpc.internal.ManagedChannelOrphanWrapper.<init>(ManagedChannelOrphanWrapper.java:44)
	at org.apache.ratis.thirdparty.io.grpc.internal.AbstractManagedChannelImplBuilder.build(AbstractManagedChannelImplBuilder.java:411)
	at org.apache.ratis.grpc.client.GrpcClientProtocolClient.<init>(GrpcClientProtocolClient.java:118)
	at org.apache.ratis.grpc.client.GrpcClientRpc.lambda$new$0(GrpcClientRpc.java:55)
	at org.apache.ratis.util.PeerProxyMap$PeerAndProxy.lambda$getProxy$0(PeerProxyMap.java:61)
	at org.apache.ratis.util.LifeCycle.startAndTransition(LifeCycle.java:202)
	at org.apache.ratis.util.PeerProxyMap$PeerAndProxy.getProxy(PeerProxyMap.java:60)
	at org.apache.ratis.util.PeerProxyMap.getProxy(PeerProxyMap.java:107)
	at org.apache.ratis.grpc.client.GrpcClientRpc.sendRequest(GrpcClientRpc.java:91)
	at org.apache.ratis.client.impl.RaftClientImpl.sendRequest(RaftClientImpl.java:401)
	at org.apache.ratis.client.impl.RaftClientImpl.groupRemove(RaftClientImpl.java:280)
	at org.apache.hadoop.hdds.scm.pipeline.RatisPipelineUtils.destroyPipeline(RatisPipelineUtils.java:97)
	at org.apache.hadoop.hdds.scm.pipeline.RatisPipelineUtils.destroyPipeline(RatisPipelineUtils.java:64)
	at org.apache.hadoop.hdds.scm.pipeline.SCMPipelineManager.destroyPipeline(SCMPipelineManager.java:378)
	at org.apache.hadoop.hdds.scm.pipeline.SCMPipelineManager.finalizeAndDestroyPipeline(SCMPipelineManager.java:318)
	at org.apache.hadoop.ozone.container.ContainerTestHelper.waitForPipelineClose(ContainerTestHelper.java:799)
	at org.apache.hadoop.ozone.container.ContainerTestHelper.waitForPipelineClose(ContainerTestHelper.java:790)
	at org.apache.hadoop.ozone.container.ContainerTestHelper.waitForPipelineClose(ContainerTestHelper.java:754)
	at org.apache.hadoop.ozone.client.rpc.TestOzoneClientRetriesOnException.testGroupMismatchExceptionHandling(TestOzoneClientRetriesOnException.java:151)
	at sun.reflect.NativeMethodAccessorImpl.invoke0(Native Method)
	at sun.reflect.NativeMethodAccessorImpl.invoke(NativeMethodAccessorImpl.java:62)
	at sun.reflect.DelegatingMethodAccessorImpl.invoke(DelegatingMethodAccessorImpl.java:43)
	at java.lang.reflect.Method.invoke(Method.java:498)
	at org.junit.runners.model.FrameworkMethod$1.runReflectiveCall(FrameworkMethod.java:47)
	at org.junit.internal.runners.model.ReflectiveCallable.run(ReflectiveCallable.java:12)
	at org.junit.runners.model.FrameworkMethod.invokeExplosively(FrameworkMethod.java:44)
	at org.junit.internal.runners.statements.InvokeMethod.evaluate(InvokeMethod.java:17)
	at org.junit.internal.runners.statements.RunBefores.evaluate(RunBefores.java:26)
	at org.junit.internal.runners.statements.RunAfters.evaluate(RunAfters.java:27)
	at org.junit.runners.ParentRunner.runLeaf(ParentRunner.java:271)
	at org.junit.runners.BlockJUnit4ClassRunner.runChild(BlockJUnit4ClassRunner.java:70)
	at org.junit.runners.BlockJUnit4ClassRunner.runChild(BlockJUnit4ClassRunner.java:50)
	at org.junit.runners.ParentRunner$3.run(ParentRunner.java:238)
	at org.junit.runners.ParentRunner$1.schedule(ParentRunner.java:63)
	at org.junit.runners.ParentRunner.runChildren(ParentRunner.java:236)
	at org.junit.runners.ParentRunner.access$000(ParentRunner.java:53)
	at org.junit.runners.ParentRunner$2.evaluate(ParentRunner.java:229)
	at org.junit.runners.ParentRunner.run(ParentRunner.java:309)
	at org.apache.maven.surefire.junit4.JUnit4Provider.execute(JUnit4Provider.java:365)
	at org.apache.maven.surefire.junit4.JUnit4Provider.executeWithRerun(JUnit4Provider.java:273)
	at org.apache.maven.surefire.junit4.JUnit4Provider.executeTestSet(JUnit4Provider.java:238)
	at org.apache.maven.surefire.junit4.JUnit4Provider.invoke(JUnit4Provider.java:159)
	at org.apache.maven.surefire.booter.ForkedBooter.invokeProviderInSameClassLoader(ForkedBooter.java:384)
	at org.apache.maven.surefire.booter.ForkedBooter.runSuitesInProcess(ForkedBooter.java:345)
	at org.apache.maven.surefire.booter.ForkedBooter.execute(ForkedBooter.java:126)
	at org.apache.maven.surefire.booter.ForkedBooter.main(ForkedBooter.java:418)

]]></system-err>
  </testcase>
</testsuite>