<?xml version="1.0" encoding="UTF-8"?>
<testsuite xmlns:xsi="http://www.w3.org/2001/XMLSchema-instance" xsi:noNamespaceSchemaLocation="https://maven.apache.org/surefire/maven-surefire-plugin/xsd/surefire-test-report.xsd" name="org.apache.hadoop.hdds.scm.pipeline.TestNodeFailure" time="10.419" tests="1" errors="0" skipped="1" failures="0">
  <properties>
    <property name="awt.toolkit" value="sun.awt.X11.XToolkit"/>
    <property name="file.encoding.pkg" value="sun.io"/>
    <property name="java.specification.version" value="1.8"/>
    <property name="sun.cpu.isalist" value=""/>
    <property name="sun.jnu.encoding" value="UTF-8"/>
    <property name="java.class.path" value="/opt/src/hadoop-ozone/integration-test/target/test-classes:/opt/src/hadoop-ozone/integration-test/target/classes:/root/.m2/repository/org/apache/hadoop/hadoop-ozone-common/0.5.0-SNAPSHOT/hadoop-ozone-common-0.5.0-SNAPSHOT.jar:/root/.m2/repository/org/apache/commons/commons-compress/1.4.1/commons-compress-1.4.1.jar:/root/.m2/repository/org/tukaani/xz/1.0/xz-1.0.jar:/root/.m2/repository/org/apache/hadoop/hadoop-common/3.2.0/hadoop-common-3.2.0.jar:/root/.m2/repository/org/apache/hadoop/hadoop-hdfs/3.2.0/hadoop-hdfs-3.2.0.jar:/root/.m2/repository/org/apache/hadoop/hadoop-hdfs-client/3.2.0/hadoop-hdfs-client-3.2.0.jar:/root/.m2/repository/com/fasterxml/jackson/core/jackson-annotations/2.9.5/jackson-annotations-2.9.5.jar:/root/.m2/repository/org/apache/hadoop/hadoop-hdds-common/0.5.0-SNAPSHOT/hadoop-hdds-common-0.5.0-SNAPSHOT.jar:/root/.m2/repository/javax/annotation/javax.annotation-api/1.2/javax.annotation-api-1.2.jar:/root/.m2/repository/org/apache/ratis/ratis-server/0.4.0-fe2b15d-SNAPSHOT/ratis-server-0.4.0-fe2b15d-SNAPSHOT.jar:/root/.m2/repository/org/apache/ratis/ratis-thirdparty-misc/0.2.0/ratis-thirdparty-misc-0.2.0.jar:/root/.m2/repository/org/apache/ratis/ratis-proto/0.4.0-fe2b15d-SNAPSHOT/ratis-proto-0.4.0-fe2b15d-SNAPSHOT.jar:/root/.m2/repository/org/apache/ratis/ratis-common/0.4.0-fe2b15d-SNAPSHOT/ratis-common-0.4.0-fe2b15d-SNAPSHOT.jar:/root/.m2/repository/org/apache/ratis/ratis-client/0.4.0-fe2b15d-SNAPSHOT/ratis-client-0.4.0-fe2b15d-SNAPSHOT.jar:/root/.m2/repository/org/apache/ratis/ratis-netty/0.4.0-fe2b15d-SNAPSHOT/ratis-netty-0.4.0-fe2b15d-SNAPSHOT.jar:/root/.m2/repository/org/apache/ratis/ratis-grpc/0.4.0-fe2b15d-SNAPSHOT/ratis-grpc-0.4.0-fe2b15d-SNAPSHOT.jar:/root/.m2/repository/org/rocksdb/rocksdbjni/5.14.2/rocksdbjni-5.14.2.jar:/root/.m2/repository/org/apache/logging/log4j/log4j-api/2.11.0/log4j-api-2.11.0.jar:/root/.m2/repository/org/apache/logging/log4j/log4j-core/2.11.0/log4j-core-2.11.0.jar:/root/.m2/repository/com/lmax/disruptor/3.4.2/disruptor-3.4.2.jar:/root/.m2/repository/org/apache/commons/commons-pool2/2.6.0/commons-pool2-2.6.0.jar:/root/.m2/repository/org/bouncycastle/bcpkix-jdk15on/1.60/bcpkix-jdk15on-1.60.jar:/root/.m2/repository/commons-validator/commons-validator/1.6/commons-validator-1.6.jar:/root/.m2/repository/commons-digester/commons-digester/1.8.1/commons-digester-1.8.1.jar:/root/.m2/repository/io/jaegertracing/jaeger-client/0.33.1/jaeger-client-0.33.1.jar:/root/.m2/repository/io/jaegertracing/jaeger-thrift/0.33.1/jaeger-thrift-0.33.1.jar:/root/.m2/repository/org/apache/thrift/libthrift/0.11.0/libthrift-0.11.0.jar:/root/.m2/repository/com/squareup/okhttp3/okhttp/3.9.0/okhttp-3.9.0.jar:/root/.m2/repository/com/squareup/okio/okio/1.13.0/okio-1.13.0.jar:/root/.m2/repository/io/jaegertracing/jaeger-core/0.33.1/jaeger-core-0.33.1.jar:/root/.m2/repository/io/jaegertracing/jaeger-tracerresolver/0.33.1/jaeger-tracerresolver-0.33.1.jar:/root/.m2/repository/io/opentracing/contrib/opentracing-tracerresolver/0.1.5/opentracing-tracerresolver-0.1.5.jar:/root/.m2/repository/io/opentracing/opentracing-util/0.31.0/opentracing-util-0.31.0.jar:/root/.m2/repository/io/opentracing/opentracing-api/0.31.0/opentracing-api-0.31.0.jar:/root/.m2/repository/io/opentracing/opentracing-noop/0.31.0/opentracing-noop-0.31.0.jar:/root/.m2/repository/org/apache/hadoop/hadoop-hdds-server-framework/0.5.0-SNAPSHOT/hadoop-hdds-server-framework-0.5.0-SNAPSHOT.jar:/root/.m2/repository/org/apache/hadoop/hadoop-hdds-server-scm/0.5.0-SNAPSHOT/hadoop-hdds-server-scm-0.5.0-SNAPSHOT.jar:/root/.m2/repository/org/apache/hadoop/hadoop-hdds-container-service/0.5.0-SNAPSHOT/hadoop-hdds-container-service-0.5.0-SNAPSHOT.jar:/root/.m2/repository/org/apache/hadoop/hadoop-hdds-client/0.5.0-SNAPSHOT/hadoop-hdds-client-0.5.0-SNAPSHOT.jar:/root/.m2/repository/org/apache/hadoop/hadoop-hdds-tools/0.5.0-SNAPSHOT/hadoop-hdds-tools-0.5.0-SNAPSHOT.jar:/root/.m2/repository/org/apache/hadoop/hadoop-ozone-ozone-manager/0.5.0-SNAPSHOT/hadoop-ozone-ozone-manager-0.5.0-SNAPSHOT.jar:/root/.m2/repository/org/apache/hadoop/hadoop-hdds-docs/0.5.0-SNAPSHOT/hadoop-hdds-docs-0.5.0-SNAPSHOT.jar:/root/.m2/repository/org/bouncycastle/bcprov-jdk15on/1.60/bcprov-jdk15on-1.60.jar:/root/.m2/repository/org/apache/hadoop/hadoop-minikdc/3.2.0/hadoop-minikdc-3.2.0.jar:/root/.m2/repository/commons-io/commons-io/2.5/commons-io-2.5.jar:/root/.m2/repository/org/apache/kerby/kerb-simplekdc/1.0.1/kerb-simplekdc-1.0.1.jar:/root/.m2/repository/org/apache/kerby/kerb-client/1.0.1/kerb-client-1.0.1.jar:/root/.m2/repository/org/apache/kerby/kerby-config/1.0.1/kerby-config-1.0.1.jar:/root/.m2/repository/org/apache/kerby/kerb-core/1.0.1/kerb-core-1.0.1.jar:/root/.m2/repository/org/apache/kerby/kerby-pkix/1.0.1/kerby-pkix-1.0.1.jar:/root/.m2/repository/org/apache/kerby/kerby-asn1/1.0.1/kerby-asn1-1.0.1.jar:/root/.m2/repository/org/apache/kerby/kerby-util/1.0.1/kerby-util-1.0.1.jar:/root/.m2/repository/org/apache/kerby/kerb-common/1.0.1/kerb-common-1.0.1.jar:/root/.m2/repository/org/apache/kerby/kerb-crypto/1.0.1/kerb-crypto-1.0.1.jar:/root/.m2/repository/org/apache/kerby/kerb-util/1.0.1/kerb-util-1.0.1.jar:/root/.m2/repository/org/apache/kerby/token-provider/1.0.1/token-provider-1.0.1.jar:/root/.m2/repository/org/apache/kerby/kerb-admin/1.0.1/kerb-admin-1.0.1.jar:/root/.m2/repository/org/apache/kerby/kerb-server/1.0.1/kerb-server-1.0.1.jar:/root/.m2/repository/org/apache/kerby/kerb-identity/1.0.1/kerb-identity-1.0.1.jar:/root/.m2/repository/org/apache/kerby/kerby-xdr/1.0.1/kerby-xdr-1.0.1.jar:/root/.m2/repository/org/slf4j/slf4j-log4j12/1.7.25/slf4j-log4j12-1.7.25.jar:/root/.m2/repository/org/apache/hadoop/hadoop-ozone-objectstore-service/0.5.0-SNAPSHOT/hadoop-ozone-objectstore-service-0.5.0-SNAPSHOT.jar:/root/.m2/repository/org/apache/hadoop/hadoop-ozone-s3gateway/0.5.0-SNAPSHOT/hadoop-ozone-s3gateway-0.5.0-SNAPSHOT.jar:/root/.m2/repository/org/jboss/weld/servlet/weld-servlet/2.4.7.Final/weld-servlet-2.4.7.Final.jar:/root/.m2/repository/org/glassfish/jersey/containers/jersey-container-servlet-core/2.27/jersey-container-servlet-core-2.27.jar:/root/.m2/repository/org/glassfish/hk2/external/javax.inject/2.5.0-b42/javax.inject-2.5.0-b42.jar:/root/.m2/repository/org/glassfish/jersey/core/jersey-common/2.27/jersey-common-2.27.jar:/root/.m2/repository/org/glassfish/hk2/osgi-resource-locator/1.0.1/osgi-resource-locator-1.0.1.jar:/root/.m2/repository/javax/ws/rs/javax.ws.rs-api/2.1/javax.ws.rs-api-2.1.jar:/root/.m2/repository/org/glassfish/jersey/ext/cdi/jersey-cdi1x/2.27/jersey-cdi1x-2.27.jar:/root/.m2/repository/org/glassfish/jersey/inject/jersey-hk2/2.27/jersey-hk2-2.27.jar:/root/.m2/repository/org/glassfish/hk2/hk2-locator/2.5.0-b42/hk2-locator-2.5.0-b42.jar:/root/.m2/repository/org/javassist/javassist/3.22.0-CR2/javassist-3.22.0-CR2.jar:/root/.m2/repository/org/glassfish/hk2/hk2-api/2.5.0/hk2-api-2.5.0.jar:/root/.m2/repository/org/glassfish/hk2/external/jakarta.inject/2.5.0/jakarta.inject-2.5.0.jar:/root/.m2/repository/org/glassfish/hk2/hk2-utils/2.5.0/hk2-utils-2.5.0.jar:/root/.m2/repository/jakarta/annotation/jakarta.annotation-api/1.3.4/jakarta.annotation-api-1.3.4.jar:/root/.m2/repository/org/glassfish/hk2/external/aopalliance-repackaged/2.5.0/aopalliance-repackaged-2.5.0.jar:/root/.m2/repository/com/fasterxml/jackson/dataformat/jackson-dataformat-xml/2.9.0/jackson-dataformat-xml-2.9.0.jar:/root/.m2/repository/com/fasterxml/jackson/core/jackson-core/2.9.5/jackson-core-2.9.5.jar:/root/.m2/repository/com/fasterxml/jackson/module/jackson-module-jaxb-annotations/2.9.5/jackson-module-jaxb-annotations-2.9.5.jar:/root/.m2/repository/javax/enterprise/cdi-api/1.2/cdi-api-1.2.jar:/root/.m2/repository/javax/el/javax.el-api/3.0.0/javax.el-api-3.0.0.jar:/root/.m2/repository/javax/interceptor/javax.interceptor-api/1.2/javax.interceptor-api-1.2.jar:/root/.m2/repository/javax/inject/javax.inject/1/javax.inject-1.jar:/root/.m2/repository/com/sun/xml/bind/jaxb-impl/2.3.0.1/jaxb-impl-2.3.0.1.jar:/root/.m2/repository/com/sun/xml/bind/jaxb-core/2.3.0.1/jaxb-core-2.3.0.1.jar:/root/.m2/repository/javax/xml/bind/jaxb-api/2.3.0/jaxb-api-2.3.0.jar:/root/.m2/repository/javax/activation/activation/1.1.1/activation-1.1.1.jar:/root/.m2/repository/org/apache/hadoop/hadoop-ozone-csi/0.5.0-SNAPSHOT/hadoop-ozone-csi-0.5.0-SNAPSHOT.jar:/root/.m2/repository/com/google/protobuf/protobuf-java-util/3.5.1/protobuf-java-util-3.5.1.jar:/root/.m2/repository/org/apache/hadoop/hadoop-hdds-config/0.5.0-SNAPSHOT/hadoop-hdds-config-0.5.0-SNAPSHOT.jar:/root/.m2/repository/com/google/guava/guava/11.0.2/guava-11.0.2.jar:/root/.m2/repository/com/google/protobuf/protobuf-java/2.5.0/protobuf-java-2.5.0.jar:/root/.m2/repository/io/grpc/grpc-netty/1.17.1/grpc-netty-1.17.1.jar:/root/.m2/repository/io/grpc/grpc-core/1.17.1/grpc-core-1.17.1.jar:/root/.m2/repository/io/grpc/grpc-context/1.17.1/grpc-context-1.17.1.jar:/root/.m2/repository/com/google/errorprone/error_prone_annotations/2.2.0/error_prone_annotations-2.2.0.jar:/root/.m2/repository/org/codehaus/mojo/animal-sniffer-annotations/1.17/animal-sniffer-annotations-1.17.jar:/root/.m2/repository/io/opencensus/opencensus-api/0.17.0/opencensus-api-0.17.0.jar:/root/.m2/repository/io/opencensus/opencensus-contrib-grpc-metrics/0.17.0/opencensus-contrib-grpc-metrics-0.17.0.jar:/root/.m2/repository/io/netty/netty-codec-http2/4.1.30.Final/netty-codec-http2-4.1.30.Final.jar:/root/.m2/repository/io/netty/netty-codec-http/4.1.30.Final/netty-codec-http-4.1.30.Final.jar:/root/.m2/repository/io/netty/netty-codec/4.1.30.Final/netty-codec-4.1.30.Final.jar:/root/.m2/repository/io/netty/netty-handler/4.1.30.Final/netty-handler-4.1.30.Final.jar:/root/.m2/repository/io/netty/netty-handler-proxy/4.1.30.Final/netty-handler-proxy-4.1.30.Final.jar:/root/.m2/repository/io/netty/netty-codec-socks/4.1.30.Final/netty-codec-socks-4.1.30.Final.jar:/root/.m2/repository/io/netty/netty-transport-native-epoll/4.1.30.Final/netty-transport-native-epoll-4.1.30.Final.jar:/root/.m2/repository/io/netty/netty-common/4.1.30.Final/netty-common-4.1.30.Final.jar:/root/.m2/repository/io/netty/netty-buffer/4.1.30.Final/netty-buffer-4.1.30.Final.jar:/root/.m2/repository/io/netty/netty-transport/4.1.30.Final/netty-transport-4.1.30.Final.jar:/root/.m2/repository/io/netty/netty-resolver/4.1.30.Final/netty-resolver-4.1.30.Final.jar:/root/.m2/repository/io/netty/netty-transport-native-unix-common/4.1.30.Final/netty-transport-native-unix-common-4.1.30.Final.jar:/root/.m2/repository/io/grpc/grpc-protobuf/1.17.1/grpc-protobuf-1.17.1.jar:/root/.m2/repository/com/google/api/grpc/proto-google-common-protos/1.0.0/proto-google-common-protos-1.0.0.jar:/root/.m2/repository/io/grpc/grpc-protobuf-lite/1.17.1/grpc-protobuf-lite-1.17.1.jar:/root/.m2/repository/io/grpc/grpc-stub/1.17.1/grpc-stub-1.17.1.jar:/root/.m2/repository/org/apache/hadoop/hadoop-ozone-recon/0.5.0-SNAPSHOT/hadoop-ozone-recon-0.5.0-SNAPSHOT.jar:/root/.m2/repository/org/apache/hadoop/hadoop-ozone-reconcodegen/0.5.0-SNAPSHOT/hadoop-ozone-reconcodegen-0.5.0-SNAPSHOT.jar:/root/.m2/repository/com/google/inject/extensions/guice-multibindings/4.0/guice-multibindings-4.0.jar:/root/.m2/repository/com/google/inject/guice/4.0/guice-4.0.jar:/root/.m2/repository/aopalliance/aopalliance/1.0/aopalliance-1.0.jar:/root/.m2/repository/com/google/inject/extensions/guice-servlet/4.0/guice-servlet-4.0.jar:/root/.m2/repository/org/glassfish/jersey/containers/jersey-container-servlet/2.27/jersey-container-servlet-2.27.jar:/root/.m2/repository/org/glassfish/hk2/guice-bridge/2.5.0/guice-bridge-2.5.0.jar:/root/.m2/repository/org/glassfish/jersey/core/jersey-server/2.27/jersey-server-2.27.jar:/root/.m2/repository/org/glassfish/jersey/core/jersey-client/2.27/jersey-client-2.27.jar:/root/.m2/repository/org/glassfish/jersey/media/jersey-media-jaxb/2.27/jersey-media-jaxb-2.27.jar:/root/.m2/repository/javax/validation/validation-api/1.1.0.Final/validation-api-1.1.0.Final.jar:/root/.m2/repository/org/glassfish/jersey/media/jersey-media-json-jackson/2.27/jersey-media-json-jackson-2.27.jar:/root/.m2/repository/org/glassfish/jersey/ext/jersey-entity-filtering/2.27/jersey-entity-filtering-2.27.jar:/root/.m2/repository/com/google/inject/extensions/guice-assistedinject/4.0/guice-assistedinject-4.0.jar:/root/.m2/repository/org/jooq/jooq/3.11.10/jooq-3.11.10.jar:/root/.m2/repository/org/jooq/jooq-meta/3.11.10/jooq-meta-3.11.10.jar:/root/.m2/repository/org/jooq/jooq-codegen/3.11.10/jooq-codegen-3.11.10.jar:/root/.m2/repository/com/jolbox/bonecp/0.8.0.RELEASE/bonecp-0.8.0.RELEASE.jar:/root/.m2/repository/org/xerial/sqlite-jdbc/3.25.2/sqlite-jdbc-3.25.2.jar:/root/.m2/repository/org/springframework/spring-jdbc/5.1.3.RELEASE/spring-jdbc-5.1.3.RELEASE.jar:/root/.m2/repository/org/springframework/spring-beans/5.1.3.RELEASE/spring-beans-5.1.3.RELEASE.jar:/root/.m2/repository/org/springframework/spring-core/5.1.3.RELEASE/spring-core-5.1.3.RELEASE.jar:/root/.m2/repository/org/springframework/spring-jcl/5.1.3.RELEASE/spring-jcl-5.1.3.RELEASE.jar:/root/.m2/repository/org/springframework/spring-tx/5.1.3.RELEASE/spring-tx-5.1.3.RELEASE.jar:/root/.m2/repository/org/apache/hadoop/hadoop-ozone-client/0.5.0-SNAPSHOT/hadoop-ozone-client-0.5.0-SNAPSHOT.jar:/root/.m2/repository/org/apache/hadoop/hadoop-ozone-ozone-manager/0.5.0-SNAPSHOT/hadoop-ozone-ozone-manager-0.5.0-SNAPSHOT-tests.jar:/root/.m2/repository/junit/junit/4.11/junit-4.11.jar:/root/.m2/repository/org/hamcrest/hamcrest-core/1.3/hamcrest-core-1.3.jar:/root/.m2/repository/org/openjdk/jmh/jmh-core/1.19/jmh-core-1.19.jar:/root/.m2/repository/net/sf/jopt-simple/jopt-simple/4.6/jopt-simple-4.6.jar:/root/.m2/repository/org/apache/commons/commons-math3/3.1.1/commons-math3-3.1.1.jar:/root/.m2/repository/org/openjdk/jmh/jmh-generator-annprocess/1.19/jmh-generator-annprocess-1.19.jar:/root/.m2/repository/org/mockito/mockito-all/1.8.5/mockito-all-1.8.5.jar:/root/.m2/repository/org/apache/hadoop/hadoop-kms/3.2.0/hadoop-kms-3.2.0.jar:/root/.m2/repository/org/apache/hadoop/hadoop-auth/3.2.0/hadoop-auth-3.2.0.jar:/root/.m2/repository/com/nimbusds/nimbus-jose-jwt/4.41.1/nimbus-jose-jwt-4.41.1.jar:/root/.m2/repository/com/github/stephenc/jcip/jcip-annotations/1.0-1/jcip-annotations-1.0-1.jar:/root/.m2/repository/net/minidev/json-smart/2.3/json-smart-2.3.jar:/root/.m2/repository/net/minidev/accessors-smart/1.2/accessors-smart-1.2.jar:/root/.m2/repository/org/ow2/asm/asm/5.0.4/asm-5.0.4.jar:/root/.m2/repository/org/apache/curator/curator-framework/2.12.0/curator-framework-2.12.0.jar:/root/.m2/repository/com/sun/jersey/jersey-core/1.19/jersey-core-1.19.jar:/root/.m2/repository/javax/ws/rs/jsr311-api/1.1.1/jsr311-api-1.1.1.jar:/root/.m2/repository/com/sun/jersey/jersey-server/1.19/jersey-server-1.19.jar:/root/.m2/repository/javax/servlet/javax.servlet-api/3.1.0/javax.servlet-api-3.1.0.jar:/root/.m2/repository/org/eclipse/jetty/jetty-server/9.3.24.v20180605/jetty-server-9.3.24.v20180605.jar:/root/.m2/repository/org/eclipse/jetty/jetty-http/9.3.24.v20180605/jetty-http-9.3.24.v20180605.jar:/root/.m2/repository/org/eclipse/jetty/jetty-io/9.3.24.v20180605/jetty-io-9.3.24.v20180605.jar:/root/.m2/repository/org/eclipse/jetty/jetty-webapp/9.3.24.v20180605/jetty-webapp-9.3.24.v20180605.jar:/root/.m2/repository/org/eclipse/jetty/jetty-xml/9.3.24.v20180605/jetty-xml-9.3.24.v20180605.jar:/root/.m2/repository/log4j/log4j/1.2.17/log4j-1.2.17.jar:/root/.m2/repository/org/slf4j/slf4j-api/1.7.25/slf4j-api-1.7.25.jar:/root/.m2/repository/org/slf4j/jul-to-slf4j/1.7.25/jul-to-slf4j-1.7.25.jar:/root/.m2/repository/org/eclipse/jetty/jetty-util/9.3.24.v20180605/jetty-util-9.3.24.v20180605.jar:/root/.m2/repository/io/dropwizard/metrics/metrics-core/3.2.4/metrics-core-3.2.4.jar:/root/.m2/repository/com/fasterxml/jackson/core/jackson-databind/2.9.5/jackson-databind-2.9.5.jar:/root/.m2/repository/org/apache/hadoop/hadoop-kms/3.2.0/hadoop-kms-3.2.0-tests.jar:/root/.m2/repository/org/apache/hadoop/hadoop-hdds-server-scm/0.5.0-SNAPSHOT/hadoop-hdds-server-scm-0.5.0-SNAPSHOT-tests.jar:/root/.m2/repository/org/hamcrest/hamcrest-all/1.3/hamcrest-all-1.3.jar:/root/.m2/repository/info/picocli/picocli/3.9.6/picocli-3.9.6.jar:/root/.m2/repository/org/apache/hadoop/hadoop-hdds-container-service/0.5.0-SNAPSHOT/hadoop-hdds-container-service-0.5.0-SNAPSHOT-tests.jar:/root/.m2/repository/org/yaml/snakeyaml/1.16/snakeyaml-1.16.jar:/root/.m2/repository/org/apache/hadoop/hadoop-common/3.2.0/hadoop-common-3.2.0-tests.jar:/root/.m2/repository/org/apache/hadoop/hadoop-annotations/3.2.0/hadoop-annotations-3.2.0.jar:/usr/lib/jvm/java-1.8-openjdk/jre/../lib/tools.jar:/root/.m2/repository/commons-cli/commons-cli/1.2/commons-cli-1.2.jar:/root/.m2/repository/org/apache/httpcomponents/httpclient/4.5.2/httpclient-4.5.2.jar:/root/.m2/repository/org/apache/httpcomponents/httpcore/4.4.4/httpcore-4.4.4.jar:/root/.m2/repository/commons-codec/commons-codec/1.11/commons-codec-1.11.jar:/root/.m2/repository/commons-net/commons-net/3.6/commons-net-3.6.jar:/root/.m2/repository/commons-collections/commons-collections/3.2.2/commons-collections-3.2.2.jar:/root/.m2/repository/org/eclipse/jetty/jetty-servlet/9.3.24.v20180605/jetty-servlet-9.3.24.v20180605.jar:/root/.m2/repository/org/eclipse/jetty/jetty-security/9.3.24.v20180605/jetty-security-9.3.24.v20180605.jar:/root/.m2/repository/javax/servlet/jsp/jsp-api/2.1/jsp-api-2.1.jar:/root/.m2/repository/com/sun/jersey/jersey-servlet/1.19/jersey-servlet-1.19.jar:/root/.m2/repository/com/sun/jersey/jersey-json/1.19/jersey-json-1.19.jar:/root/.m2/repository/org/codehaus/jettison/jettison/1.1/jettison-1.1.jar:/root/.m2/repository/org/codehaus/jackson/jackson-core-asl/1.9.13/jackson-core-asl-1.9.13.jar:/root/.m2/repository/org/codehaus/jackson/jackson-mapper-asl/1.9.13/jackson-mapper-asl-1.9.13.jar:/root/.m2/repository/org/codehaus/jackson/jackson-jaxrs/1.9.13/jackson-jaxrs-1.9.13.jar:/root/.m2/repository/org/codehaus/jackson/jackson-xc/1.9.13/jackson-xc-1.9.13.jar:/root/.m2/repository/commons-logging/commons-logging/1.1.3/commons-logging-1.1.3.jar:/root/.m2/repository/commons-beanutils/commons-beanutils/1.9.3/commons-beanutils-1.9.3.jar:/root/.m2/repository/org/apache/commons/commons-configuration2/2.1.1/commons-configuration2-2.1.1.jar:/root/.m2/repository/org/apache/commons/commons-lang3/3.7/commons-lang3-3.7.jar:/root/.m2/repository/org/apache/commons/commons-text/1.4/commons-text-1.4.jar:/root/.m2/repository/org/apache/avro/avro/1.7.7/avro-1.7.7.jar:/root/.m2/repository/com/thoughtworks/paranamer/paranamer/2.3/paranamer-2.3.jar:/root/.m2/repository/org/xerial/snappy/snappy-java/1.0.5/snappy-java-1.0.5.jar:/root/.m2/repository/com/google/re2j/re2j/1.1/re2j-1.1.jar:/root/.m2/repository/com/google/code/gson/gson/2.2.4/gson-2.2.4.jar:/root/.m2/repository/com/jcraft/jsch/0.1.54/jsch-0.1.54.jar:/root/.m2/repository/org/apache/curator/curator-client/2.12.0/curator-client-2.12.0.jar:/root/.m2/repository/org/apache/curator/curator-recipes/2.12.0/curator-recipes-2.12.0.jar:/root/.m2/repository/com/google/code/findbugs/jsr305/3.0.0/jsr305-3.0.0.jar:/root/.m2/repository/org/apache/htrace/htrace-core4/4.1.0-incubating/htrace-core4-4.1.0-incubating.jar:/root/.m2/repository/org/apache/zookeeper/zookeeper/3.4.13/zookeeper-3.4.13.jar:/root/.m2/repository/org/apache/yetus/audience-annotations/0.5.0/audience-annotations-0.5.0.jar:/root/.m2/repository/org/codehaus/woodstox/stax2-api/3.1.4/stax2-api-3.1.4.jar:/root/.m2/repository/com/fasterxml/woodstox/woodstox-core/5.0.3/woodstox-core-5.0.3.jar:/root/.m2/repository/dnsjava/dnsjava/2.1.7/dnsjava-2.1.7.jar:/root/.m2/repository/org/apache/hadoop/hadoop-hdfs/3.2.0/hadoop-hdfs-3.2.0-tests.jar:/root/.m2/repository/org/eclipse/jetty/jetty-util-ajax/9.3.24.v20180605/jetty-util-ajax-9.3.24.v20180605.jar:/root/.m2/repository/commons-daemon/commons-daemon/1.0.13/commons-daemon-1.0.13.jar:/root/.m2/repository/io/netty/netty/3.10.5.Final/netty-3.10.5.Final.jar:/root/.m2/repository/io/netty/netty-all/4.0.52.Final/netty-all-4.0.52.Final.jar:/root/.m2/repository/org/fusesource/leveldbjni/leveldbjni-all/1.8/leveldbjni-all-1.8.jar:"/>
    <property name="java.vm.vendor" value="IcedTea"/>
    <property name="sun.arch.data.model" value="64"/>
    <property name="test.build.dir" value="/opt/src/hadoop-ozone/integration-test/target/test-dir"/>
    <property name="test.cache.data" value=""/>
    <property name="java.vendor.url" value="https://icedtea.classpath.org"/>
    <property name="user.timezone" value=""/>
    <property name="java.vm.specification.version" value="1.8"/>
    <property name="os.name" value="Linux"/>
    <property name="test.build.data" value="/opt/src/hadoop-ozone/integration-test/target/test-dir"/>
    <property name="user.country" value="US"/>
    <property name="sun.java.launcher" value="SUN_STANDARD"/>
    <property name="sun.boot.library.path" value="/usr/lib/jvm/java-1.8-openjdk/jre/lib/amd64"/>
    <property name="sun.java.command" value="/opt/src/hadoop-ozone/integration-test/target/surefire/surefirebooter617884076982981552.jar /opt/src/hadoop-ozone/integration-test/target/surefire 2019-06-12T20-39-23_579-jvmRun1 surefire33774261109573734tmp surefire_8562588820034091318tmp"/>
    <property name="surefire.test.class.path" value="/opt/src/hadoop-ozone/integration-test/target/test-classes:/opt/src/hadoop-ozone/integration-test/target/classes:/root/.m2/repository/org/apache/hadoop/hadoop-ozone-common/0.5.0-SNAPSHOT/hadoop-ozone-common-0.5.0-SNAPSHOT.jar:/root/.m2/repository/org/apache/commons/commons-compress/1.4.1/commons-compress-1.4.1.jar:/root/.m2/repository/org/tukaani/xz/1.0/xz-1.0.jar:/root/.m2/repository/org/apache/hadoop/hadoop-common/3.2.0/hadoop-common-3.2.0.jar:/root/.m2/repository/org/apache/hadoop/hadoop-hdfs/3.2.0/hadoop-hdfs-3.2.0.jar:/root/.m2/repository/org/apache/hadoop/hadoop-hdfs-client/3.2.0/hadoop-hdfs-client-3.2.0.jar:/root/.m2/repository/com/fasterxml/jackson/core/jackson-annotations/2.9.5/jackson-annotations-2.9.5.jar:/root/.m2/repository/org/apache/hadoop/hadoop-hdds-common/0.5.0-SNAPSHOT/hadoop-hdds-common-0.5.0-SNAPSHOT.jar:/root/.m2/repository/javax/annotation/javax.annotation-api/1.2/javax.annotation-api-1.2.jar:/root/.m2/repository/org/apache/ratis/ratis-server/0.4.0-fe2b15d-SNAPSHOT/ratis-server-0.4.0-fe2b15d-SNAPSHOT.jar:/root/.m2/repository/org/apache/ratis/ratis-thirdparty-misc/0.2.0/ratis-thirdparty-misc-0.2.0.jar:/root/.m2/repository/org/apache/ratis/ratis-proto/0.4.0-fe2b15d-SNAPSHOT/ratis-proto-0.4.0-fe2b15d-SNAPSHOT.jar:/root/.m2/repository/org/apache/ratis/ratis-common/0.4.0-fe2b15d-SNAPSHOT/ratis-common-0.4.0-fe2b15d-SNAPSHOT.jar:/root/.m2/repository/org/apache/ratis/ratis-client/0.4.0-fe2b15d-SNAPSHOT/ratis-client-0.4.0-fe2b15d-SNAPSHOT.jar:/root/.m2/repository/org/apache/ratis/ratis-netty/0.4.0-fe2b15d-SNAPSHOT/ratis-netty-0.4.0-fe2b15d-SNAPSHOT.jar:/root/.m2/repository/org/apache/ratis/ratis-grpc/0.4.0-fe2b15d-SNAPSHOT/ratis-grpc-0.4.0-fe2b15d-SNAPSHOT.jar:/root/.m2/repository/org/rocksdb/rocksdbjni/5.14.2/rocksdbjni-5.14.2.jar:/root/.m2/repository/org/apache/logging/log4j/log4j-api/2.11.0/log4j-api-2.11.0.jar:/root/.m2/repository/org/apache/logging/log4j/log4j-core/2.11.0/log4j-core-2.11.0.jar:/root/.m2/repository/com/lmax/disruptor/3.4.2/disruptor-3.4.2.jar:/root/.m2/repository/org/apache/commons/commons-pool2/2.6.0/commons-pool2-2.6.0.jar:/root/.m2/repository/org/bouncycastle/bcpkix-jdk15on/1.60/bcpkix-jdk15on-1.60.jar:/root/.m2/repository/commons-validator/commons-validator/1.6/commons-validator-1.6.jar:/root/.m2/repository/commons-digester/commons-digester/1.8.1/commons-digester-1.8.1.jar:/root/.m2/repository/io/jaegertracing/jaeger-client/0.33.1/jaeger-client-0.33.1.jar:/root/.m2/repository/io/jaegertracing/jaeger-thrift/0.33.1/jaeger-thrift-0.33.1.jar:/root/.m2/repository/org/apache/thrift/libthrift/0.11.0/libthrift-0.11.0.jar:/root/.m2/repository/com/squareup/okhttp3/okhttp/3.9.0/okhttp-3.9.0.jar:/root/.m2/repository/com/squareup/okio/okio/1.13.0/okio-1.13.0.jar:/root/.m2/repository/io/jaegertracing/jaeger-core/0.33.1/jaeger-core-0.33.1.jar:/root/.m2/repository/io/jaegertracing/jaeger-tracerresolver/0.33.1/jaeger-tracerresolver-0.33.1.jar:/root/.m2/repository/io/opentracing/contrib/opentracing-tracerresolver/0.1.5/opentracing-tracerresolver-0.1.5.jar:/root/.m2/repository/io/opentracing/opentracing-util/0.31.0/opentracing-util-0.31.0.jar:/root/.m2/repository/io/opentracing/opentracing-api/0.31.0/opentracing-api-0.31.0.jar:/root/.m2/repository/io/opentracing/opentracing-noop/0.31.0/opentracing-noop-0.31.0.jar:/root/.m2/repository/org/apache/hadoop/hadoop-hdds-server-framework/0.5.0-SNAPSHOT/hadoop-hdds-server-framework-0.5.0-SNAPSHOT.jar:/root/.m2/repository/org/apache/hadoop/hadoop-hdds-server-scm/0.5.0-SNAPSHOT/hadoop-hdds-server-scm-0.5.0-SNAPSHOT.jar:/root/.m2/repository/org/apache/hadoop/hadoop-hdds-container-service/0.5.0-SNAPSHOT/hadoop-hdds-container-service-0.5.0-SNAPSHOT.jar:/root/.m2/repository/org/apache/hadoop/hadoop-hdds-client/0.5.0-SNAPSHOT/hadoop-hdds-client-0.5.0-SNAPSHOT.jar:/root/.m2/repository/org/apache/hadoop/hadoop-hdds-tools/0.5.0-SNAPSHOT/hadoop-hdds-tools-0.5.0-SNAPSHOT.jar:/root/.m2/repository/org/apache/hadoop/hadoop-ozone-ozone-manager/0.5.0-SNAPSHOT/hadoop-ozone-ozone-manager-0.5.0-SNAPSHOT.jar:/root/.m2/repository/org/apache/hadoop/hadoop-hdds-docs/0.5.0-SNAPSHOT/hadoop-hdds-docs-0.5.0-SNAPSHOT.jar:/root/.m2/repository/org/bouncycastle/bcprov-jdk15on/1.60/bcprov-jdk15on-1.60.jar:/root/.m2/repository/org/apache/hadoop/hadoop-minikdc/3.2.0/hadoop-minikdc-3.2.0.jar:/root/.m2/repository/commons-io/commons-io/2.5/commons-io-2.5.jar:/root/.m2/repository/org/apache/kerby/kerb-simplekdc/1.0.1/kerb-simplekdc-1.0.1.jar:/root/.m2/repository/org/apache/kerby/kerb-client/1.0.1/kerb-client-1.0.1.jar:/root/.m2/repository/org/apache/kerby/kerby-config/1.0.1/kerby-config-1.0.1.jar:/root/.m2/repository/org/apache/kerby/kerb-core/1.0.1/kerb-core-1.0.1.jar:/root/.m2/repository/org/apache/kerby/kerby-pkix/1.0.1/kerby-pkix-1.0.1.jar:/root/.m2/repository/org/apache/kerby/kerby-asn1/1.0.1/kerby-asn1-1.0.1.jar:/root/.m2/repository/org/apache/kerby/kerby-util/1.0.1/kerby-util-1.0.1.jar:/root/.m2/repository/org/apache/kerby/kerb-common/1.0.1/kerb-common-1.0.1.jar:/root/.m2/repository/org/apache/kerby/kerb-crypto/1.0.1/kerb-crypto-1.0.1.jar:/root/.m2/repository/org/apache/kerby/kerb-util/1.0.1/kerb-util-1.0.1.jar:/root/.m2/repository/org/apache/kerby/token-provider/1.0.1/token-provider-1.0.1.jar:/root/.m2/repository/org/apache/kerby/kerb-admin/1.0.1/kerb-admin-1.0.1.jar:/root/.m2/repository/org/apache/kerby/kerb-server/1.0.1/kerb-server-1.0.1.jar:/root/.m2/repository/org/apache/kerby/kerb-identity/1.0.1/kerb-identity-1.0.1.jar:/root/.m2/repository/org/apache/kerby/kerby-xdr/1.0.1/kerby-xdr-1.0.1.jar:/root/.m2/repository/org/slf4j/slf4j-log4j12/1.7.25/slf4j-log4j12-1.7.25.jar:/root/.m2/repository/org/apache/hadoop/hadoop-ozone-objectstore-service/0.5.0-SNAPSHOT/hadoop-ozone-objectstore-service-0.5.0-SNAPSHOT.jar:/root/.m2/repository/org/apache/hadoop/hadoop-ozone-s3gateway/0.5.0-SNAPSHOT/hadoop-ozone-s3gateway-0.5.0-SNAPSHOT.jar:/root/.m2/repository/org/jboss/weld/servlet/weld-servlet/2.4.7.Final/weld-servlet-2.4.7.Final.jar:/root/.m2/repository/org/glassfish/jersey/containers/jersey-container-servlet-core/2.27/jersey-container-servlet-core-2.27.jar:/root/.m2/repository/org/glassfish/hk2/external/javax.inject/2.5.0-b42/javax.inject-2.5.0-b42.jar:/root/.m2/repository/org/glassfish/jersey/core/jersey-common/2.27/jersey-common-2.27.jar:/root/.m2/repository/org/glassfish/hk2/osgi-resource-locator/1.0.1/osgi-resource-locator-1.0.1.jar:/root/.m2/repository/javax/ws/rs/javax.ws.rs-api/2.1/javax.ws.rs-api-2.1.jar:/root/.m2/repository/org/glassfish/jersey/ext/cdi/jersey-cdi1x/2.27/jersey-cdi1x-2.27.jar:/root/.m2/repository/org/glassfish/jersey/inject/jersey-hk2/2.27/jersey-hk2-2.27.jar:/root/.m2/repository/org/glassfish/hk2/hk2-locator/2.5.0-b42/hk2-locator-2.5.0-b42.jar:/root/.m2/repository/org/javassist/javassist/3.22.0-CR2/javassist-3.22.0-CR2.jar:/root/.m2/repository/org/glassfish/hk2/hk2-api/2.5.0/hk2-api-2.5.0.jar:/root/.m2/repository/org/glassfish/hk2/external/jakarta.inject/2.5.0/jakarta.inject-2.5.0.jar:/root/.m2/repository/org/glassfish/hk2/hk2-utils/2.5.0/hk2-utils-2.5.0.jar:/root/.m2/repository/jakarta/annotation/jakarta.annotation-api/1.3.4/jakarta.annotation-api-1.3.4.jar:/root/.m2/repository/org/glassfish/hk2/external/aopalliance-repackaged/2.5.0/aopalliance-repackaged-2.5.0.jar:/root/.m2/repository/com/fasterxml/jackson/dataformat/jackson-dataformat-xml/2.9.0/jackson-dataformat-xml-2.9.0.jar:/root/.m2/repository/com/fasterxml/jackson/core/jackson-core/2.9.5/jackson-core-2.9.5.jar:/root/.m2/repository/com/fasterxml/jackson/module/jackson-module-jaxb-annotations/2.9.5/jackson-module-jaxb-annotations-2.9.5.jar:/root/.m2/repository/javax/enterprise/cdi-api/1.2/cdi-api-1.2.jar:/root/.m2/repository/javax/el/javax.el-api/3.0.0/javax.el-api-3.0.0.jar:/root/.m2/repository/javax/interceptor/javax.interceptor-api/1.2/javax.interceptor-api-1.2.jar:/root/.m2/repository/javax/inject/javax.inject/1/javax.inject-1.jar:/root/.m2/repository/com/sun/xml/bind/jaxb-impl/2.3.0.1/jaxb-impl-2.3.0.1.jar:/root/.m2/repository/com/sun/xml/bind/jaxb-core/2.3.0.1/jaxb-core-2.3.0.1.jar:/root/.m2/repository/javax/xml/bind/jaxb-api/2.3.0/jaxb-api-2.3.0.jar:/root/.m2/repository/javax/activation/activation/1.1.1/activation-1.1.1.jar:/root/.m2/repository/org/apache/hadoop/hadoop-ozone-csi/0.5.0-SNAPSHOT/hadoop-ozone-csi-0.5.0-SNAPSHOT.jar:/root/.m2/repository/com/google/protobuf/protobuf-java-util/3.5.1/protobuf-java-util-3.5.1.jar:/root/.m2/repository/org/apache/hadoop/hadoop-hdds-config/0.5.0-SNAPSHOT/hadoop-hdds-config-0.5.0-SNAPSHOT.jar:/root/.m2/repository/com/google/guava/guava/11.0.2/guava-11.0.2.jar:/root/.m2/repository/com/google/protobuf/protobuf-java/2.5.0/protobuf-java-2.5.0.jar:/root/.m2/repository/io/grpc/grpc-netty/1.17.1/grpc-netty-1.17.1.jar:/root/.m2/repository/io/grpc/grpc-core/1.17.1/grpc-core-1.17.1.jar:/root/.m2/repository/io/grpc/grpc-context/1.17.1/grpc-context-1.17.1.jar:/root/.m2/repository/com/google/errorprone/error_prone_annotations/2.2.0/error_prone_annotations-2.2.0.jar:/root/.m2/repository/org/codehaus/mojo/animal-sniffer-annotations/1.17/animal-sniffer-annotations-1.17.jar:/root/.m2/repository/io/opencensus/opencensus-api/0.17.0/opencensus-api-0.17.0.jar:/root/.m2/repository/io/opencensus/opencensus-contrib-grpc-metrics/0.17.0/opencensus-contrib-grpc-metrics-0.17.0.jar:/root/.m2/repository/io/netty/netty-codec-http2/4.1.30.Final/netty-codec-http2-4.1.30.Final.jar:/root/.m2/repository/io/netty/netty-codec-http/4.1.30.Final/netty-codec-http-4.1.30.Final.jar:/root/.m2/repository/io/netty/netty-codec/4.1.30.Final/netty-codec-4.1.30.Final.jar:/root/.m2/repository/io/netty/netty-handler/4.1.30.Final/netty-handler-4.1.30.Final.jar:/root/.m2/repository/io/netty/netty-handler-proxy/4.1.30.Final/netty-handler-proxy-4.1.30.Final.jar:/root/.m2/repository/io/netty/netty-codec-socks/4.1.30.Final/netty-codec-socks-4.1.30.Final.jar:/root/.m2/repository/io/netty/netty-transport-native-epoll/4.1.30.Final/netty-transport-native-epoll-4.1.30.Final.jar:/root/.m2/repository/io/netty/netty-common/4.1.30.Final/netty-common-4.1.30.Final.jar:/root/.m2/repository/io/netty/netty-buffer/4.1.30.Final/netty-buffer-4.1.30.Final.jar:/root/.m2/repository/io/netty/netty-transport/4.1.30.Final/netty-transport-4.1.30.Final.jar:/root/.m2/repository/io/netty/netty-resolver/4.1.30.Final/netty-resolver-4.1.30.Final.jar:/root/.m2/repository/io/netty/netty-transport-native-unix-common/4.1.30.Final/netty-transport-native-unix-common-4.1.30.Final.jar:/root/.m2/repository/io/grpc/grpc-protobuf/1.17.1/grpc-protobuf-1.17.1.jar:/root/.m2/repository/com/google/api/grpc/proto-google-common-protos/1.0.0/proto-google-common-protos-1.0.0.jar:/root/.m2/repository/io/grpc/grpc-protobuf-lite/1.17.1/grpc-protobuf-lite-1.17.1.jar:/root/.m2/repository/io/grpc/grpc-stub/1.17.1/grpc-stub-1.17.1.jar:/root/.m2/repository/org/apache/hadoop/hadoop-ozone-recon/0.5.0-SNAPSHOT/hadoop-ozone-recon-0.5.0-SNAPSHOT.jar:/root/.m2/repository/org/apache/hadoop/hadoop-ozone-reconcodegen/0.5.0-SNAPSHOT/hadoop-ozone-reconcodegen-0.5.0-SNAPSHOT.jar:/root/.m2/repository/com/google/inject/extensions/guice-multibindings/4.0/guice-multibindings-4.0.jar:/root/.m2/repository/com/google/inject/guice/4.0/guice-4.0.jar:/root/.m2/repository/aopalliance/aopalliance/1.0/aopalliance-1.0.jar:/root/.m2/repository/com/google/inject/extensions/guice-servlet/4.0/guice-servlet-4.0.jar:/root/.m2/repository/org/glassfish/jersey/containers/jersey-container-servlet/2.27/jersey-container-servlet-2.27.jar:/root/.m2/repository/org/glassfish/hk2/guice-bridge/2.5.0/guice-bridge-2.5.0.jar:/root/.m2/repository/org/glassfish/jersey/core/jersey-server/2.27/jersey-server-2.27.jar:/root/.m2/repository/org/glassfish/jersey/core/jersey-client/2.27/jersey-client-2.27.jar:/root/.m2/repository/org/glassfish/jersey/media/jersey-media-jaxb/2.27/jersey-media-jaxb-2.27.jar:/root/.m2/repository/javax/validation/validation-api/1.1.0.Final/validation-api-1.1.0.Final.jar:/root/.m2/repository/org/glassfish/jersey/media/jersey-media-json-jackson/2.27/jersey-media-json-jackson-2.27.jar:/root/.m2/repository/org/glassfish/jersey/ext/jersey-entity-filtering/2.27/jersey-entity-filtering-2.27.jar:/root/.m2/repository/com/google/inject/extensions/guice-assistedinject/4.0/guice-assistedinject-4.0.jar:/root/.m2/repository/org/jooq/jooq/3.11.10/jooq-3.11.10.jar:/root/.m2/repository/org/jooq/jooq-meta/3.11.10/jooq-meta-3.11.10.jar:/root/.m2/repository/org/jooq/jooq-codegen/3.11.10/jooq-codegen-3.11.10.jar:/root/.m2/repository/com/jolbox/bonecp/0.8.0.RELEASE/bonecp-0.8.0.RELEASE.jar:/root/.m2/repository/org/xerial/sqlite-jdbc/3.25.2/sqlite-jdbc-3.25.2.jar:/root/.m2/repository/org/springframework/spring-jdbc/5.1.3.RELEASE/spring-jdbc-5.1.3.RELEASE.jar:/root/.m2/repository/org/springframework/spring-beans/5.1.3.RELEASE/spring-beans-5.1.3.RELEASE.jar:/root/.m2/repository/org/springframework/spring-core/5.1.3.RELEASE/spring-core-5.1.3.RELEASE.jar:/root/.m2/repository/org/springframework/spring-jcl/5.1.3.RELEASE/spring-jcl-5.1.3.RELEASE.jar:/root/.m2/repository/org/springframework/spring-tx/5.1.3.RELEASE/spring-tx-5.1.3.RELEASE.jar:/root/.m2/repository/org/apache/hadoop/hadoop-ozone-client/0.5.0-SNAPSHOT/hadoop-ozone-client-0.5.0-SNAPSHOT.jar:/root/.m2/repository/org/apache/hadoop/hadoop-ozone-ozone-manager/0.5.0-SNAPSHOT/hadoop-ozone-ozone-manager-0.5.0-SNAPSHOT-tests.jar:/root/.m2/repository/junit/junit/4.11/junit-4.11.jar:/root/.m2/repository/org/hamcrest/hamcrest-core/1.3/hamcrest-core-1.3.jar:/root/.m2/repository/org/openjdk/jmh/jmh-core/1.19/jmh-core-1.19.jar:/root/.m2/repository/net/sf/jopt-simple/jopt-simple/4.6/jopt-simple-4.6.jar:/root/.m2/repository/org/apache/commons/commons-math3/3.1.1/commons-math3-3.1.1.jar:/root/.m2/repository/org/openjdk/jmh/jmh-generator-annprocess/1.19/jmh-generator-annprocess-1.19.jar:/root/.m2/repository/org/mockito/mockito-all/1.8.5/mockito-all-1.8.5.jar:/root/.m2/repository/org/apache/hadoop/hadoop-kms/3.2.0/hadoop-kms-3.2.0.jar:/root/.m2/repository/org/apache/hadoop/hadoop-auth/3.2.0/hadoop-auth-3.2.0.jar:/root/.m2/repository/com/nimbusds/nimbus-jose-jwt/4.41.1/nimbus-jose-jwt-4.41.1.jar:/root/.m2/repository/com/github/stephenc/jcip/jcip-annotations/1.0-1/jcip-annotations-1.0-1.jar:/root/.m2/repository/net/minidev/json-smart/2.3/json-smart-2.3.jar:/root/.m2/repository/net/minidev/accessors-smart/1.2/accessors-smart-1.2.jar:/root/.m2/repository/org/ow2/asm/asm/5.0.4/asm-5.0.4.jar:/root/.m2/repository/org/apache/curator/curator-framework/2.12.0/curator-framework-2.12.0.jar:/root/.m2/repository/com/sun/jersey/jersey-core/1.19/jersey-core-1.19.jar:/root/.m2/repository/javax/ws/rs/jsr311-api/1.1.1/jsr311-api-1.1.1.jar:/root/.m2/repository/com/sun/jersey/jersey-server/1.19/jersey-server-1.19.jar:/root/.m2/repository/javax/servlet/javax.servlet-api/3.1.0/javax.servlet-api-3.1.0.jar:/root/.m2/repository/org/eclipse/jetty/jetty-server/9.3.24.v20180605/jetty-server-9.3.24.v20180605.jar:/root/.m2/repository/org/eclipse/jetty/jetty-http/9.3.24.v20180605/jetty-http-9.3.24.v20180605.jar:/root/.m2/repository/org/eclipse/jetty/jetty-io/9.3.24.v20180605/jetty-io-9.3.24.v20180605.jar:/root/.m2/repository/org/eclipse/jetty/jetty-webapp/9.3.24.v20180605/jetty-webapp-9.3.24.v20180605.jar:/root/.m2/repository/org/eclipse/jetty/jetty-xml/9.3.24.v20180605/jetty-xml-9.3.24.v20180605.jar:/root/.m2/repository/log4j/log4j/1.2.17/log4j-1.2.17.jar:/root/.m2/repository/org/slf4j/slf4j-api/1.7.25/slf4j-api-1.7.25.jar:/root/.m2/repository/org/slf4j/jul-to-slf4j/1.7.25/jul-to-slf4j-1.7.25.jar:/root/.m2/repository/org/eclipse/jetty/jetty-util/9.3.24.v20180605/jetty-util-9.3.24.v20180605.jar:/root/.m2/repository/io/dropwizard/metrics/metrics-core/3.2.4/metrics-core-3.2.4.jar:/root/.m2/repository/com/fasterxml/jackson/core/jackson-databind/2.9.5/jackson-databind-2.9.5.jar:/root/.m2/repository/org/apache/hadoop/hadoop-kms/3.2.0/hadoop-kms-3.2.0-tests.jar:/root/.m2/repository/org/apache/hadoop/hadoop-hdds-server-scm/0.5.0-SNAPSHOT/hadoop-hdds-server-scm-0.5.0-SNAPSHOT-tests.jar:/root/.m2/repository/org/hamcrest/hamcrest-all/1.3/hamcrest-all-1.3.jar:/root/.m2/repository/info/picocli/picocli/3.9.6/picocli-3.9.6.jar:/root/.m2/repository/org/apache/hadoop/hadoop-hdds-container-service/0.5.0-SNAPSHOT/hadoop-hdds-container-service-0.5.0-SNAPSHOT-tests.jar:/root/.m2/repository/org/yaml/snakeyaml/1.16/snakeyaml-1.16.jar:/root/.m2/repository/org/apache/hadoop/hadoop-common/3.2.0/hadoop-common-3.2.0-tests.jar:/root/.m2/repository/org/apache/hadoop/hadoop-annotations/3.2.0/hadoop-annotations-3.2.0.jar:/usr/lib/jvm/java-1.8-openjdk/jre/../lib/tools.jar:/root/.m2/repository/commons-cli/commons-cli/1.2/commons-cli-1.2.jar:/root/.m2/repository/org/apache/httpcomponents/httpclient/4.5.2/httpclient-4.5.2.jar:/root/.m2/repository/org/apache/httpcomponents/httpcore/4.4.4/httpcore-4.4.4.jar:/root/.m2/repository/commons-codec/commons-codec/1.11/commons-codec-1.11.jar:/root/.m2/repository/commons-net/commons-net/3.6/commons-net-3.6.jar:/root/.m2/repository/commons-collections/commons-collections/3.2.2/commons-collections-3.2.2.jar:/root/.m2/repository/org/eclipse/jetty/jetty-servlet/9.3.24.v20180605/jetty-servlet-9.3.24.v20180605.jar:/root/.m2/repository/org/eclipse/jetty/jetty-security/9.3.24.v20180605/jetty-security-9.3.24.v20180605.jar:/root/.m2/repository/javax/servlet/jsp/jsp-api/2.1/jsp-api-2.1.jar:/root/.m2/repository/com/sun/jersey/jersey-servlet/1.19/jersey-servlet-1.19.jar:/root/.m2/repository/com/sun/jersey/jersey-json/1.19/jersey-json-1.19.jar:/root/.m2/repository/org/codehaus/jettison/jettison/1.1/jettison-1.1.jar:/root/.m2/repository/org/codehaus/jackson/jackson-core-asl/1.9.13/jackson-core-asl-1.9.13.jar:/root/.m2/repository/org/codehaus/jackson/jackson-mapper-asl/1.9.13/jackson-mapper-asl-1.9.13.jar:/root/.m2/repository/org/codehaus/jackson/jackson-jaxrs/1.9.13/jackson-jaxrs-1.9.13.jar:/root/.m2/repository/org/codehaus/jackson/jackson-xc/1.9.13/jackson-xc-1.9.13.jar:/root/.m2/repository/commons-logging/commons-logging/1.1.3/commons-logging-1.1.3.jar:/root/.m2/repository/commons-beanutils/commons-beanutils/1.9.3/commons-beanutils-1.9.3.jar:/root/.m2/repository/org/apache/commons/commons-configuration2/2.1.1/commons-configuration2-2.1.1.jar:/root/.m2/repository/org/apache/commons/commons-lang3/3.7/commons-lang3-3.7.jar:/root/.m2/repository/org/apache/commons/commons-text/1.4/commons-text-1.4.jar:/root/.m2/repository/org/apache/avro/avro/1.7.7/avro-1.7.7.jar:/root/.m2/repository/com/thoughtworks/paranamer/paranamer/2.3/paranamer-2.3.jar:/root/.m2/repository/org/xerial/snappy/snappy-java/1.0.5/snappy-java-1.0.5.jar:/root/.m2/repository/com/google/re2j/re2j/1.1/re2j-1.1.jar:/root/.m2/repository/com/google/code/gson/gson/2.2.4/gson-2.2.4.jar:/root/.m2/repository/com/jcraft/jsch/0.1.54/jsch-0.1.54.jar:/root/.m2/repository/org/apache/curator/curator-client/2.12.0/curator-client-2.12.0.jar:/root/.m2/repository/org/apache/curator/curator-recipes/2.12.0/curator-recipes-2.12.0.jar:/root/.m2/repository/com/google/code/findbugs/jsr305/3.0.0/jsr305-3.0.0.jar:/root/.m2/repository/org/apache/htrace/htrace-core4/4.1.0-incubating/htrace-core4-4.1.0-incubating.jar:/root/.m2/repository/org/apache/zookeeper/zookeeper/3.4.13/zookeeper-3.4.13.jar:/root/.m2/repository/org/apache/yetus/audience-annotations/0.5.0/audience-annotations-0.5.0.jar:/root/.m2/repository/org/codehaus/woodstox/stax2-api/3.1.4/stax2-api-3.1.4.jar:/root/.m2/repository/com/fasterxml/woodstox/woodstox-core/5.0.3/woodstox-core-5.0.3.jar:/root/.m2/repository/dnsjava/dnsjava/2.1.7/dnsjava-2.1.7.jar:/root/.m2/repository/org/apache/hadoop/hadoop-hdfs/3.2.0/hadoop-hdfs-3.2.0-tests.jar:/root/.m2/repository/org/eclipse/jetty/jetty-util-ajax/9.3.24.v20180605/jetty-util-ajax-9.3.24.v20180605.jar:/root/.m2/repository/commons-daemon/commons-daemon/1.0.13/commons-daemon-1.0.13.jar:/root/.m2/repository/io/netty/netty/3.10.5.Final/netty-3.10.5.Final.jar:/root/.m2/repository/io/netty/netty-all/4.0.52.Final/netty-all-4.0.52.Final.jar:/root/.m2/repository/org/fusesource/leveldbjni/leveldbjni-all/1.8/leveldbjni-all-1.8.jar:"/>
    <property name="sun.cpu.endian" value="little"/>
    <property name="user.home" value="/root"/>
    <property name="user.language" value="en"/>
    <property name="java.specification.vendor" value="Oracle Corporation"/>
    <property name="java.home" value="/usr/lib/jvm/java-1.8-openjdk/jre"/>
    <property name="java.security.krb5.conf" value="/opt/src/hadoop-ozone/integration-test/target/test-classes/krb5.conf"/>
    <property name="basedir" value="/opt/src/hadoop-ozone/integration-test"/>
    <property name="file.separator" value="/"/>
    <property name="line.separator" value="&#10;"/>
    <property name="java.vm.specification.vendor" value="Oracle Corporation"/>
    <property name="java.specification.name" value="Java Platform API Specification"/>
    <property name="java.awt.graphicsenv" value="sun.awt.X11GraphicsEnvironment"/>
    <property name="surefire.real.class.path" value="/opt/src/hadoop-ozone/integration-test/target/surefire/surefirebooter617884076982981552.jar"/>
    <property name="hadoop.log.dir" value="/opt/src/hadoop-ozone/integration-test/target/log"/>
    <property name="sun.boot.class.path" value="/usr/lib/jvm/java-1.8-openjdk/jre/lib/resources.jar:/usr/lib/jvm/java-1.8-openjdk/jre/lib/rt.jar:/usr/lib/jvm/java-1.8-openjdk/jre/lib/sunrsasign.jar:/usr/lib/jvm/java-1.8-openjdk/jre/lib/jsse.jar:/usr/lib/jvm/java-1.8-openjdk/jre/lib/jce.jar:/usr/lib/jvm/java-1.8-openjdk/jre/lib/charsets.jar:/usr/lib/jvm/java-1.8-openjdk/jre/lib/jfr.jar:/usr/lib/jvm/java-1.8-openjdk/jre/classes"/>
    <property name="sun.management.compiler" value="HotSpot 64-Bit Tiered Compilers"/>
    <property name="java.runtime.version" value="1.8.0_212-b04"/>
    <property name="java.net.preferIPv4Stack" value="true"/>
    <property name="user.name" value="root"/>
    <property name="path.separator" value=":"/>
    <property name="java.security.egd" value="file:///dev/urandom"/>
    <property name="os.version" value="4.15.0-1021-aws"/>
    <property name="java.endorsed.dirs" value="/usr/lib/jvm/java-1.8-openjdk/jre/lib/endorsed"/>
    <property name="java.runtime.name" value="OpenJDK Runtime Environment"/>
    <property name="file.encoding" value="UTF-8"/>
    <property name="java.vm.name" value="OpenJDK 64-Bit Server VM"/>
    <property name="test.build.webapps" value=""/>
    <property name="localRepository" value="/root/.m2/repository"/>
    <property name="java.vendor.url.bug" value="https://icedtea.classpath.org/bugzilla"/>
    <property name="java.io.tmpdir" value="/tmp"/>
    <property name="require.test.libhadoop" value=""/>
    <property name="java.version" value="1.8.0_212"/>
    <property name="user.dir" value="/opt/src/hadoop-ozone/integration-test"/>
    <property name="os.arch" value="amd64"/>
    <property name="java.vm.specification.name" value="Java Virtual Machine Specification"/>
    <property name="test.build.classes" value="/opt/src/hadoop-ozone/integration-test/target/test-classes"/>
    <property name="java.awt.printerjob" value="sun.print.PSPrinterJob"/>
    <property name="sun.os.patch.level" value="unknown"/>
    <property name="hadoop.tmp.dir" value="/opt/src/hadoop-ozone/integration-test/target/tmp"/>
    <property name="java.library.path" value="/usr/lib/jvm/java-1.8-openjdk/jre/lib/amd64/server:/usr/lib/jvm/java-1.8-openjdk/jre/lib/amd64:/usr/lib/jvm/java-1.8-openjdk/jre/../lib/amd64:/opt/src/hadoop-ozone/integration-test/target/native/target/usr/local/lib:/opt/src/hadoop-ozone/integration-test/../../hadoop-common-project/hadoop-common/target/native/target/usr/local/lib:/usr/java/packages/lib/amd64:/usr/lib64:/lib64:/lib:/usr/lib"/>
    <property name="java.vm.info" value="mixed mode"/>
    <property name="java.vendor" value="IcedTea"/>
    <property name="java.vm.version" value="25.212-b04"/>
    <property name="java.ext.dirs" value="/usr/lib/jvm/java-1.8-openjdk/jre/lib/ext:/usr/java/packages/lib/ext"/>
    <property name="sun.io.unicode.encoding" value="UnicodeLittle"/>
    <property name="java.class.version" value="52.0"/>
  </properties>
  <testcase name="testPipelineFail" classname="org.apache.hadoop.hdds.scm.pipeline.TestNodeFailure" time="0">
    <skipped/>
    <system-out><![CDATA[2019-06-12 20:43:16,564 WARN  server.ServerUtils (ServerUtils.java:getScmDbDir(145)) - ozone.scm.db.dirs is not configured. We recommend adding this setting. Falling back to ozone.metadata.dirs instead.
2019-06-12 20:43:16,642 WARN  server.ServerUtils (ServerUtils.java:getScmDbDir(145)) - ozone.scm.db.dirs is not configured. We recommend adding this setting. Falling back to ozone.metadata.dirs instead.
2019-06-12 20:43:16,645 WARN  server.ServerUtils (ServerUtils.java:getScmDbDir(145)) - ozone.scm.db.dirs is not configured. We recommend adding this setting. Falling back to ozone.metadata.dirs instead.
2019-06-12 20:43:16,658 INFO  util.log (Log.java:initialized(192)) - Logging initialized @715ms
2019-06-12 20:43:16,740 INFO  db.DBStoreBuilder (DBStoreBuilder.java:addTable(110)) - using custom profile for table: deletedBlocks
2019-06-12 20:43:16,741 INFO  db.DBStoreBuilder (DBStoreBuilder.java:processTables(161)) - Using default column profile:DBProfile.DISK for Table:deletedBlocks
2019-06-12 20:43:16,741 INFO  db.DBStoreBuilder (DBStoreBuilder.java:addTable(110)) - using custom profile for table: validCerts
2019-06-12 20:43:16,741 INFO  db.DBStoreBuilder (DBStoreBuilder.java:processTables(161)) - Using default column profile:DBProfile.DISK for Table:validCerts
2019-06-12 20:43:16,741 INFO  db.DBStoreBuilder (DBStoreBuilder.java:addTable(110)) - using custom profile for table: revokedCerts
2019-06-12 20:43:16,741 INFO  db.DBStoreBuilder (DBStoreBuilder.java:processTables(161)) - Using default column profile:DBProfile.DISK for Table:revokedCerts
2019-06-12 20:43:16,751 INFO  db.DBStoreBuilder (DBStoreBuilder.java:addTable(110)) - using custom profile for table: default
2019-06-12 20:43:16,751 INFO  db.DBStoreBuilder (DBStoreBuilder.java:processTables(167)) - Using default column profile:DBProfile.DISK for Table:default
2019-06-12 20:43:16,752 INFO  db.DBStoreBuilder (DBStoreBuilder.java:getDbProfile(198)) - Using default options. DBProfile.DISK
2019-06-12 20:43:16,819 INFO  node.SCMNodeManager (SCMNodeManager.java:<init>(108)) - Entering startup safe mode.
2019-06-12 20:43:16,874 INFO  net.NodeSchemaLoader (NodeSchemaLoader.java:loadSchemaFromFile(125)) - Loading file from sun.misc.CompoundEnumeration@443118b0
2019-06-12 20:43:16,876 INFO  net.NodeSchemaLoader (NodeSchemaLoader.java:loadSchema(171)) - Loading network topology layer schema file
2019-06-12 20:43:16,927 WARN  server.ServerUtils (ServerUtils.java:getScmDbDir(145)) - ozone.scm.db.dirs is not configured. We recommend adding this setting. Falling back to ozone.metadata.dirs instead.
2019-06-12 20:43:16,945 INFO  pipeline.SCMPipelineManager (SCMPipelineManager.java:initializePipelineState(126)) - No pipeline exists in current db
2019-06-12 20:43:16,947 WARN  server.ServerUtils (ServerUtils.java:getScmDbDir(145)) - ozone.scm.db.dirs is not configured. We recommend adding this setting. Falling back to ozone.metadata.dirs instead.
2019-06-12 20:43:16,995 WARN  events.EventQueue (EventQueue.java:fireEvent(175)) - No event handler registered for event TypedEvent{payloadType=SafeModeStatus, name='SafeModeStatus'}
2019-06-12 20:43:17,268 INFO  ipc.CallQueueManager (CallQueueManager.java:<init>(84)) - Using callQueue: class java.util.concurrent.LinkedBlockingQueue, queueCapacity: 2000, scheduler: class org.apache.hadoop.ipc.DefaultRpcScheduler, ipcBackoff: false.
2019-06-12 20:43:17,289 INFO  ipc.Server (Server.java:run(1074)) - Starting Socket Reader #1 for port 44889
2019-06-12 20:43:17,308 INFO  ipc.CallQueueManager (CallQueueManager.java:<init>(84)) - Using callQueue: class java.util.concurrent.LinkedBlockingQueue, queueCapacity: 2000, scheduler: class org.apache.hadoop.ipc.DefaultRpcScheduler, ipcBackoff: false.
2019-06-12 20:43:17,308 INFO  ipc.Server (Server.java:run(1074)) - Starting Socket Reader #1 for port 40617
2019-06-12 20:43:17,314 INFO  ipc.CallQueueManager (CallQueueManager.java:<init>(84)) - Using callQueue: class java.util.concurrent.LinkedBlockingQueue, queueCapacity: 2000, scheduler: class org.apache.hadoop.ipc.DefaultRpcScheduler, ipcBackoff: false.
2019-06-12 20:43:17,353 INFO  ipc.Server (Server.java:run(1074)) - Starting Socket Reader #1 for port 37431
2019-06-12 20:43:17,364 INFO  hdfs.DFSUtil (DFSUtil.java:httpServerTemplateForNNAndJN(1641)) - Starting Web-server for scm at: http://0.0.0.0:0
2019-06-12 20:43:17,500 INFO  server.AuthenticationFilter (AuthenticationFilter.java:constructSecretProvider(240)) - Unable to initialize FileSignerSecretProvider, falling back to use random secrets.
2019-06-12 20:43:17,505 WARN  http.HttpRequestLog (HttpRequestLog.java:getRequestLog(97)) - Jetty request log can only be enabled using Log4j
2019-06-12 20:43:17,512 INFO  http.HttpServer2 (HttpServer2.java:addGlobalFilter(975)) - Added global filter 'safety' (class=org.apache.hadoop.http.HttpServer2$QuotingInputFilter)
2019-06-12 20:43:17,515 INFO  http.HttpServer2 (HttpServer2.java:addFilter(948)) - Added filter static_user_filter (class=org.apache.hadoop.http.lib.StaticUserWebFilter$StaticUserFilter) to context scm
2019-06-12 20:43:17,515 INFO  http.HttpServer2 (HttpServer2.java:addFilter(958)) - Added filter static_user_filter (class=org.apache.hadoop.http.lib.StaticUserWebFilter$StaticUserFilter) to context logs
2019-06-12 20:43:17,515 INFO  http.HttpServer2 (HttpServer2.java:addFilter(958)) - Added filter static_user_filter (class=org.apache.hadoop.http.lib.StaticUserWebFilter$StaticUserFilter) to context static
2019-06-12 20:43:17,540 INFO  server.StorageContainerManager (StorageContainerManager.java:start(752)) - StorageContainerLocationProtocol RPC server is listening at /0.0.0.0:37431
2019-06-12 20:43:17,589 WARN  impl.MetricsConfig (MetricsConfig.java:loadFirst(134)) - Cannot locate configuration: tried hadoop-metrics2-storagecontainermanager.properties,hadoop-metrics2.properties
2019-06-12 20:43:17,599 INFO  impl.MetricsSystemImpl (MetricsSystemImpl.java:startTimer(374)) - Scheduled Metric snapshot period at 10 second(s).
2019-06-12 20:43:17,599 INFO  impl.MetricsSystemImpl (MetricsSystemImpl.java:start(191)) - StorageContainerManager metrics system started
2019-06-12 20:43:17,769 INFO  server.SCMClientProtocolServer (SCMClientProtocolServer.java:start(149)) - RPC server for Client  is listening at /0.0.0.0:37431
2019-06-12 20:43:17,770 INFO  ipc.Server (Server.java:run(1314)) - IPC Server Responder: starting
2019-06-12 20:43:17,771 INFO  ipc.Server (Server.java:run(1153)) - IPC Server listener on 37431: starting
2019-06-12 20:43:17,773 INFO  server.StorageContainerManager (StorageContainerManager.java:start(761)) - ScmBlockLocationProtocol RPC server is listening at /0.0.0.0:40617
2019-06-12 20:43:17,773 INFO  server.SCMBlockProtocolServer (SCMBlockProtocolServer.java:start(137)) - RPC server for Block Protocol is listening at /0.0.0.0:40617
2019-06-12 20:43:17,773 INFO  ipc.Server (Server.java:run(1314)) - IPC Server Responder: starting
2019-06-12 20:43:17,773 INFO  ipc.Server (Server.java:run(1153)) - IPC Server listener on 40617: starting
2019-06-12 20:43:17,780 INFO  server.StorageContainerManager (StorageContainerManager.java:start(765)) - ScmDatanodeProtocl RPC server is listening at /0.0.0.0:44889
2019-06-12 20:43:17,780 INFO  server.SCMDatanodeProtocolServer (SCMDatanodeProtocolServer.java:start(191)) - RPC server for DataNodes is listening at /0.0.0.0:44889
2019-06-12 20:43:17,780 INFO  ipc.Server (Server.java:run(1314)) - IPC Server Responder: starting
2019-06-12 20:43:17,780 INFO  ipc.Server (Server.java:run(1153)) - IPC Server listener on 44889: starting
2019-06-12 20:43:17,783 INFO  http.HttpServer2 (HttpServer2.java:bindListener(1191)) - Jetty bound to port 35457
2019-06-12 20:43:17,785 INFO  server.Server (Server.java:doStart(351)) - jetty-9.3.24.v20180605, build timestamp: 2018-06-05T17:11:56Z, git hash: 84205aa28f11a4f31f2a3b86d1bba2cc8ab69827
2019-06-12 20:43:17,815 INFO  handler.ContextHandler (ContextHandler.java:doStart(781)) - Started o.e.j.s.ServletContextHandler@2df6226d{/logs,file:///opt/src/hadoop-ozone/integration-test/target/log,AVAILABLE}
2019-06-12 20:43:17,816 INFO  handler.ContextHandler (ContextHandler.java:doStart(781)) - Started o.e.j.s.ServletContextHandler@4ff4357f{/static,file:///opt/src/hadoop-ozone/integration-test/target/test-classes/webapps/static,AVAILABLE}
2019-06-12 20:43:17,843 INFO  handler.ContextHandler (ContextHandler.java:doStart(781)) - Started o.e.j.w.WebAppContext@2484f433{/,file:///opt/src/hadoop-ozone/integration-test/target/test-classes/webapps/scm/,AVAILABLE}{/scm}
2019-06-12 20:43:17,847 INFO  server.AbstractConnector (AbstractConnector.java:doStart(278)) - Started ServerConnector@841e575{HTTP/1.1,[http/1.1]}{0.0.0.0:35457}
2019-06-12 20:43:17,847 INFO  server.Server (Server.java:doStart(419)) - Started @1904ms
2019-06-12 20:43:17,848 INFO  server.BaseHttpServer (BaseHttpServer.java:updateConnectorAddress(207)) - HTTP server of SCM is listening at http://0.0.0.0:35457
2019-06-12 20:43:17,860 INFO  util.JvmPauseMonitor (JvmPauseMonitor.java:run(188)) - Starting JVM pause monitor
2019-06-12 20:43:17,862 WARN  scm.ScmUtils (ScmUtils.java:getDBPath(63)) - ozone.om.db.dirs is not configured. We recommend adding this setting. Falling back to ozone.metadata.dirs instead.
2019-06-12 20:43:17,935 WARN  scm.ScmUtils (ScmUtils.java:getDBPath(63)) - ozone.om.db.dirs is not configured. We recommend adding this setting. Falling back to ozone.metadata.dirs instead.
2019-06-12 20:43:17,936 INFO  om.OzoneManager (OzoneManager.java:setOMNodeDetails(519)) - OM Service ID is not set. Setting it to the default ID: omServiceIdDefault
2019-06-12 20:43:17,937 INFO  om.OzoneManager (OzoneManager.java:setOMNodeDetails(525)) - OM Node ID is not set. Setting it to the OmStorage's OmID: 950b8dd7-54b8-4c5c-a986-68e6161840e7
2019-06-12 20:43:17,938 WARN  scm.HddsServerUtil (HddsServerUtil.java:getDefaultRatisDirectory(354)) - Storage directory for Ratis is not configured. It is a good idea to map this to an SSD disk. Falling back to ozone.metadata.dirs
2019-06-12 20:43:17,938 WARN  scm.HddsServerUtil (HddsServerUtil.java:getDefaultRatisDirectory(354)) - Storage directory for Ratis is not configured. It is a good idea to map this to an SSD disk. Falling back to ozone.metadata.dirs
2019-06-12 20:43:17,939 INFO  om.OzoneManager (OzoneManager.java:loadOMHAConfigs(476)) - Found matching OM address with OMServiceId: null, OMNodeId: null, RPC Address: localhost:0 and Ratis port: 9872
2019-06-12 20:43:18,103 WARN  scm.ScmUtils (ScmUtils.java:getDBPath(63)) - ozone.om.db.dirs is not configured. We recommend adding this setting. Falling back to ozone.metadata.dirs instead.
2019-06-12 20:43:18,108 INFO  db.DBStoreBuilder (DBStoreBuilder.java:addTable(110)) - using custom profile for table: userTable
2019-06-12 20:43:18,109 INFO  db.DBStoreBuilder (DBStoreBuilder.java:processTables(161)) - Using default column profile:DBProfile.DISK for Table:userTable
2019-06-12 20:43:18,109 INFO  db.DBStoreBuilder (DBStoreBuilder.java:addTable(110)) - using custom profile for table: volumeTable
2019-06-12 20:43:18,109 INFO  db.DBStoreBuilder (DBStoreBuilder.java:processTables(161)) - Using default column profile:DBProfile.DISK for Table:volumeTable
2019-06-12 20:43:18,109 INFO  db.DBStoreBuilder (DBStoreBuilder.java:addTable(110)) - using custom profile for table: bucketTable
2019-06-12 20:43:18,109 INFO  db.DBStoreBuilder (DBStoreBuilder.java:processTables(161)) - Using default column profile:DBProfile.DISK for Table:bucketTable
2019-06-12 20:43:18,110 INFO  db.DBStoreBuilder (DBStoreBuilder.java:addTable(110)) - using custom profile for table: keyTable
2019-06-12 20:43:18,110 INFO  db.DBStoreBuilder (DBStoreBuilder.java:processTables(161)) - Using default column profile:DBProfile.DISK for Table:keyTable
2019-06-12 20:43:18,110 INFO  db.DBStoreBuilder (DBStoreBuilder.java:addTable(110)) - using custom profile for table: deletedTable
2019-06-12 20:43:18,110 INFO  db.DBStoreBuilder (DBStoreBuilder.java:processTables(161)) - Using default column profile:DBProfile.DISK for Table:deletedTable
2019-06-12 20:43:18,110 INFO  db.DBStoreBuilder (DBStoreBuilder.java:addTable(110)) - using custom profile for table: openKeyTable
2019-06-12 20:43:18,110 INFO  db.DBStoreBuilder (DBStoreBuilder.java:processTables(161)) - Using default column profile:DBProfile.DISK for Table:openKeyTable
2019-06-12 20:43:18,111 INFO  db.DBStoreBuilder (DBStoreBuilder.java:addTable(110)) - using custom profile for table: s3Table
2019-06-12 20:43:18,111 INFO  db.DBStoreBuilder (DBStoreBuilder.java:processTables(161)) - Using default column profile:DBProfile.DISK for Table:s3Table
2019-06-12 20:43:18,111 INFO  db.DBStoreBuilder (DBStoreBuilder.java:addTable(110)) - using custom profile for table: multipartInfoTable
2019-06-12 20:43:18,111 INFO  db.DBStoreBuilder (DBStoreBuilder.java:processTables(161)) - Using default column profile:DBProfile.DISK for Table:multipartInfoTable
2019-06-12 20:43:18,111 INFO  db.DBStoreBuilder (DBStoreBuilder.java:addTable(110)) - using custom profile for table: dTokenTable
2019-06-12 20:43:18,112 INFO  db.DBStoreBuilder (DBStoreBuilder.java:processTables(161)) - Using default column profile:DBProfile.DISK for Table:dTokenTable
2019-06-12 20:43:18,112 INFO  db.DBStoreBuilder (DBStoreBuilder.java:addTable(110)) - using custom profile for table: s3SecretTable
2019-06-12 20:43:18,112 INFO  db.DBStoreBuilder (DBStoreBuilder.java:processTables(161)) - Using default column profile:DBProfile.DISK for Table:s3SecretTable
2019-06-12 20:43:18,112 INFO  db.DBStoreBuilder (DBStoreBuilder.java:addTable(110)) - using custom profile for table: prefixTable
2019-06-12 20:43:18,112 INFO  db.DBStoreBuilder (DBStoreBuilder.java:processTables(161)) - Using default column profile:DBProfile.DISK for Table:prefixTable
2019-06-12 20:43:18,112 INFO  db.DBStoreBuilder (DBStoreBuilder.java:addTable(110)) - using custom profile for table: default
2019-06-12 20:43:18,113 INFO  db.DBStoreBuilder (DBStoreBuilder.java:processTables(167)) - Using default column profile:DBProfile.DISK for Table:default
2019-06-12 20:43:18,113 INFO  db.DBStoreBuilder (DBStoreBuilder.java:getDbProfile(198)) - Using default options. DBProfile.DISK
2019-06-12 20:43:18,571 INFO  ipc.CallQueueManager (CallQueueManager.java:<init>(84)) - Using callQueue: class java.util.concurrent.LinkedBlockingQueue, queueCapacity: 2000, scheduler: class org.apache.hadoop.ipc.DefaultRpcScheduler, ipcBackoff: false.
2019-06-12 20:43:18,572 INFO  ipc.Server (Server.java:run(1074)) - Starting Socket Reader #1 for port 38911
2019-06-12 20:43:18,593 WARN  scm.ScmUtils (ScmUtils.java:getDBPath(63)) - ozone.om.db.dirs is not configured. We recommend adding this setting. Falling back to ozone.metadata.dirs instead.
2019-06-12 20:43:18,594 INFO  om.OzoneManager (OzoneManager.java:start(1217)) - OzoneManager RPC server is listening at localhost/127.0.0.1:38911
2019-06-12 20:43:18,594 INFO  impl.MetricsSystemImpl (MetricsSystemImpl.java:init(158)) - OzoneManager metrics system started (again)
2019-06-12 20:43:18,594 INFO  ipc.Server (Server.java:run(1314)) - IPC Server Responder: starting
2019-06-12 20:43:18,597 INFO  ipc.Server (Server.java:run(1153)) - IPC Server listener on 38911: starting
2019-06-12 20:43:18,611 INFO  hdfs.DFSUtil (DFSUtil.java:httpServerTemplateForNNAndJN(1641)) - Starting Web-server for ozoneManager at: http://0.0.0.0:0
2019-06-12 20:43:18,612 INFO  server.AuthenticationFilter (AuthenticationFilter.java:constructSecretProvider(240)) - Unable to initialize FileSignerSecretProvider, falling back to use random secrets.
2019-06-12 20:43:18,613 WARN  http.HttpRequestLog (HttpRequestLog.java:getRequestLog(97)) - Jetty request log can only be enabled using Log4j
2019-06-12 20:43:18,614 INFO  http.HttpServer2 (HttpServer2.java:addGlobalFilter(975)) - Added global filter 'safety' (class=org.apache.hadoop.http.HttpServer2$QuotingInputFilter)
2019-06-12 20:43:18,615 INFO  http.HttpServer2 (HttpServer2.java:addFilter(948)) - Added filter static_user_filter (class=org.apache.hadoop.http.lib.StaticUserWebFilter$StaticUserFilter) to context ozoneManager
2019-06-12 20:43:18,615 INFO  http.HttpServer2 (HttpServer2.java:addFilter(958)) - Added filter static_user_filter (class=org.apache.hadoop.http.lib.StaticUserWebFilter$StaticUserFilter) to context logs
2019-06-12 20:43:18,615 INFO  http.HttpServer2 (HttpServer2.java:addFilter(958)) - Added filter static_user_filter (class=org.apache.hadoop.http.lib.StaticUserWebFilter$StaticUserFilter) to context static
2019-06-12 20:43:18,617 INFO  http.HttpServer2 (HttpServer2.java:bindListener(1191)) - Jetty bound to port 38505
2019-06-12 20:43:18,617 INFO  server.Server (Server.java:doStart(351)) - jetty-9.3.24.v20180605, build timestamp: 2018-06-05T17:11:56Z, git hash: 84205aa28f11a4f31f2a3b86d1bba2cc8ab69827
2019-06-12 20:43:18,627 INFO  handler.ContextHandler (ContextHandler.java:doStart(781)) - Started o.e.j.s.ServletContextHandler@7c2a69b4{/logs,file:///opt/src/hadoop-ozone/integration-test/target/log,AVAILABLE}
2019-06-12 20:43:18,627 INFO  handler.ContextHandler (ContextHandler.java:doStart(781)) - Started o.e.j.s.ServletContextHandler@648ee871{/static,file:///opt/src/hadoop-ozone/integration-test/target/test-classes/webapps/static,AVAILABLE}
2019-06-12 20:43:18,632 INFO  handler.ContextHandler (ContextHandler.java:doStart(781)) - Started o.e.j.w.WebAppContext@6f012914{/,file:///opt/src/hadoop-ozone/integration-test/target/test-classes/webapps/ozoneManager/,AVAILABLE}{/ozoneManager}
2019-06-12 20:43:18,632 INFO  server.AbstractConnector (AbstractConnector.java:doStart(278)) - Started ServerConnector@18fdb6cf{HTTP/1.1,[http/1.1]}{0.0.0.0:38505}
2019-06-12 20:43:18,633 INFO  server.Server (Server.java:doStart(419)) - Started @2689ms
2019-06-12 20:43:18,633 INFO  server.BaseHttpServer (BaseHttpServer.java:updateConnectorAddress(207)) - HTTP server of OZONEMANAGER is listening at http://0.0.0.0:38505
2019-06-12 20:43:18,763 INFO  impl.MetricsSystemImpl (MetricsSystemImpl.java:init(158)) - HddsDatanode metrics system started (again)
2019-06-12 20:43:18,905 INFO  ozone.HddsDatanodeService (HddsDatanodeService.java:start(185)) - HddsDatanodeService host:ozone-kvdz9-1409474171 ip:192.168.19.5
2019-06-12 20:43:18,938 INFO  volume.HddsVolume (HddsVolume.java:<init>(176)) - Creating Volume: /opt/src/hadoop-ozone/integration-test/target/test-dir/MiniOzoneClusterImpl-7ac226a4-4068-4019-b634-19a29fd69213/datanode-0/data/containers/hdds of  storage type : DISK and capacity : 104021790720
2019-06-12 20:43:18,940 INFO  volume.VolumeSet (VolumeSet.java:initializeVolumeSet(170)) - Added Volume : /opt/src/hadoop-ozone/integration-test/target/test-dir/MiniOzoneClusterImpl-7ac226a4-4068-4019-b634-19a29fd69213/datanode-0/data/containers/hdds to VolumeSet
2019-06-12 20:43:18,943 INFO  volume.ThrottledAsyncChecker (ThrottledAsyncChecker.java:schedule(140)) - Scheduling a check for org.apache.hadoop.ozone.container.common.volume.HddsVolume@4a6c18ad
2019-06-12 20:43:18,959 INFO  volume.HddsVolumeChecker (HddsVolumeChecker.java:checkAllVolumes(203)) - Scheduled health check for volume org.apache.hadoop.ozone.container.common.volume.HddsVolume@4a6c18ad
2019-06-12 20:43:18,997 INFO  ratis.XceiverServerRatis (XceiverServerRatis.java:newXceiverServerRatis(401)) - Found a free port for the server : 33291
2019-06-12 20:43:19,058 INFO  impl.RaftServerProxy (ConfUtils.java:logGet(43)) - raft.rpc.type = GRPC (default)
2019-06-12 20:43:19,067 INFO  grpc.GrpcConfigKeys$Server (ConfUtils.java:logGet(43)) - raft.grpc.server.port = 33291 (custom)
2019-06-12 20:43:19,068 INFO  server.GrpcService (ConfUtils.java:logGet(43)) - raft.grpc.message.size.max = 33570816 (custom)
2019-06-12 20:43:19,069 INFO  server.RaftServerConfigKeys (ConfUtils.java:logGet(43)) - raft.server.log.appender.buffer.byte-limit = 33554432 (custom)
2019-06-12 20:43:19,070 INFO  server.GrpcService (ConfUtils.java:logGet(43)) - raft.grpc.flow.control.window = 1MB (=1048576) (default)
2019-06-12 20:43:19,071 INFO  server.RaftServerConfigKeys (ConfUtils.java:logGet(43)) - raft.server.rpc.request.timeout = 3000ms (default)
2019-06-12 20:43:19,187 INFO  server.RaftServerConfigKeys (ConfUtils.java:logGet(43)) - raft.server.storage.dir = [/opt/src/hadoop-ozone/integration-test/target/test-dir/MiniOzoneClusterImpl-7ac226a4-4068-4019-b634-19a29fd69213/datanode-0/data/ratis] (custom)
2019-06-12 20:43:19,194 INFO  server.XceiverServerGrpc (XceiverServerGrpc.java:<init>(97)) - Found a free port for the server : 36089
2019-06-12 20:43:19,217 INFO  replication.SimpleContainerDownloader (SimpleContainerDownloader.java:<init>(72)) - Starting container downloader service to copy containers to replicate.
2019-06-12 20:43:19,227 INFO  hdfs.DFSUtil (DFSUtil.java:httpServerTemplateForNNAndJN(1641)) - Starting Web-server for hddsDatanode at: http://0.0.0.0:0
2019-06-12 20:43:19,228 INFO  server.AuthenticationFilter (AuthenticationFilter.java:constructSecretProvider(240)) - Unable to initialize FileSignerSecretProvider, falling back to use random secrets.
2019-06-12 20:43:19,228 WARN  http.HttpRequestLog (HttpRequestLog.java:getRequestLog(97)) - Jetty request log can only be enabled using Log4j
2019-06-12 20:43:19,230 INFO  http.HttpServer2 (HttpServer2.java:addGlobalFilter(975)) - Added global filter 'safety' (class=org.apache.hadoop.http.HttpServer2$QuotingInputFilter)
2019-06-12 20:43:19,230 INFO  http.HttpServer2 (HttpServer2.java:addFilter(948)) - Added filter static_user_filter (class=org.apache.hadoop.http.lib.StaticUserWebFilter$StaticUserFilter) to context hddsDatanode
2019-06-12 20:43:19,231 INFO  http.HttpServer2 (HttpServer2.java:addFilter(958)) - Added filter static_user_filter (class=org.apache.hadoop.http.lib.StaticUserWebFilter$StaticUserFilter) to context logs
2019-06-12 20:43:19,231 INFO  http.HttpServer2 (HttpServer2.java:addFilter(958)) - Added filter static_user_filter (class=org.apache.hadoop.http.lib.StaticUserWebFilter$StaticUserFilter) to context static
2019-06-12 20:43:19,231 INFO  http.HttpServer2 (HttpServer2.java:bindListener(1191)) - Jetty bound to port 37109
2019-06-12 20:43:19,232 INFO  server.Server (Server.java:doStart(351)) - jetty-9.3.24.v20180605, build timestamp: 2018-06-05T17:11:56Z, git hash: 84205aa28f11a4f31f2a3b86d1bba2cc8ab69827
2019-06-12 20:43:19,234 INFO  handler.ContextHandler (ContextHandler.java:doStart(781)) - Started o.e.j.s.ServletContextHandler@2e51d054{/logs,file:///opt/src/hadoop-ozone/integration-test/target/log,AVAILABLE}
2019-06-12 20:43:19,234 INFO  handler.ContextHandler (ContextHandler.java:doStart(781)) - Started o.e.j.s.ServletContextHandler@615e3f51{/static,jar:file:/root/.m2/repository/org/apache/hadoop/hadoop-hdds-container-service/0.5.0-SNAPSHOT/hadoop-hdds-container-service-0.5.0-SNAPSHOT.jar!/webapps/static,AVAILABLE}
2019-06-12 20:43:19,260 INFO  handler.ContextHandler (ContextHandler.java:doStart(781)) - Started o.e.j.w.WebAppContext@5e1fc2aa{/,file:///tmp/jetty-0.0.0.0-37109-hddsDatanode-_-any-1640373736448002737.dir/webapp/,AVAILABLE}{/hddsDatanode}
2019-06-12 20:43:19,260 INFO  server.AbstractConnector (AbstractConnector.java:doStart(278)) - Started ServerConnector@688d411b{HTTP/1.1,[http/1.1]}{0.0.0.0:37109}
2019-06-12 20:43:19,260 INFO  server.Server (Server.java:doStart(419)) - Started @3317ms
2019-06-12 20:43:19,261 INFO  server.BaseHttpServer (BaseHttpServer.java:updateConnectorAddress(207)) - HTTP server of HDDSDATANODE is listening at http://0.0.0.0:37109
2019-06-12 20:43:20,088 INFO  ozone.HddsDatanodeService (HddsDatanodeService.java:startPlugins(396)) - Started plug-in org.apache.hadoop.ozone.web.OzoneHddsDatanodeService@30bf26df
2019-06-12 20:43:20,089 INFO  impl.MetricsSystemImpl (MetricsSystemImpl.java:init(158)) - HddsDatanode metrics system started (again)
2019-06-12 20:43:20,089 INFO  ozone.HddsDatanodeService (HddsDatanodeService.java:start(185)) - HddsDatanodeService host:ozone-kvdz9-1409474171 ip:192.168.19.5
2019-06-12 20:43:20,096 INFO  util.JvmPauseMonitor (JvmPauseMonitor.java:run(188)) - Starting JVM pause monitor
2019-06-12 20:43:20,109 INFO  volume.HddsVolume (HddsVolume.java:<init>(176)) - Creating Volume: /opt/src/hadoop-ozone/integration-test/target/test-dir/MiniOzoneClusterImpl-7ac226a4-4068-4019-b634-19a29fd69213/datanode-1/data/containers/hdds of  storage type : DISK and capacity : 104021790720
2019-06-12 20:43:20,110 INFO  volume.VolumeSet (VolumeSet.java:initializeVolumeSet(170)) - Added Volume : /opt/src/hadoop-ozone/integration-test/target/test-dir/MiniOzoneClusterImpl-7ac226a4-4068-4019-b634-19a29fd69213/datanode-1/data/containers/hdds to VolumeSet
2019-06-12 20:43:20,110 INFO  volume.ThrottledAsyncChecker (ThrottledAsyncChecker.java:schedule(140)) - Scheduling a check for org.apache.hadoop.ozone.container.common.volume.HddsVolume@f171912
2019-06-12 20:43:20,118 INFO  volume.HddsVolumeChecker (HddsVolumeChecker.java:checkAllVolumes(203)) - Scheduled health check for volume org.apache.hadoop.ozone.container.common.volume.HddsVolume@f171912
2019-06-12 20:43:20,137 INFO  ratis.XceiverServerRatis (XceiverServerRatis.java:newXceiverServerRatis(401)) - Found a free port for the server : 35767
2019-06-12 20:43:20,139 INFO  impl.RaftServerProxy (ConfUtils.java:logGet(43)) - raft.rpc.type = GRPC (default)
2019-06-12 20:43:20,139 INFO  grpc.GrpcConfigKeys$Server (ConfUtils.java:logGet(43)) - raft.grpc.server.port = 35767 (custom)
2019-06-12 20:43:20,140 INFO  server.GrpcService (ConfUtils.java:logGet(43)) - raft.grpc.message.size.max = 33570816 (custom)
2019-06-12 20:43:20,140 INFO  server.RaftServerConfigKeys (ConfUtils.java:logGet(43)) - raft.server.log.appender.buffer.byte-limit = 33554432 (custom)
2019-06-12 20:43:20,140 INFO  server.GrpcService (ConfUtils.java:logGet(43)) - raft.grpc.flow.control.window = 1MB (=1048576) (default)
2019-06-12 20:43:20,140 INFO  server.RaftServerConfigKeys (ConfUtils.java:logGet(43)) - raft.server.rpc.request.timeout = 3000ms (default)
2019-06-12 20:43:20,141 INFO  server.RaftServerConfigKeys (ConfUtils.java:logGet(43)) - raft.server.storage.dir = [/opt/src/hadoop-ozone/integration-test/target/test-dir/MiniOzoneClusterImpl-7ac226a4-4068-4019-b634-19a29fd69213/datanode-1/data/ratis] (custom)
2019-06-12 20:43:20,141 INFO  server.XceiverServerGrpc (XceiverServerGrpc.java:<init>(97)) - Found a free port for the server : 34827
2019-06-12 20:43:20,142 INFO  replication.SimpleContainerDownloader (SimpleContainerDownloader.java:<init>(72)) - Starting container downloader service to copy containers to replicate.
2019-06-12 20:43:20,143 INFO  hdfs.DFSUtil (DFSUtil.java:httpServerTemplateForNNAndJN(1641)) - Starting Web-server for hddsDatanode at: http://0.0.0.0:0
2019-06-12 20:43:20,145 INFO  server.AuthenticationFilter (AuthenticationFilter.java:constructSecretProvider(240)) - Unable to initialize FileSignerSecretProvider, falling back to use random secrets.
2019-06-12 20:43:20,149 WARN  http.HttpRequestLog (HttpRequestLog.java:getRequestLog(97)) - Jetty request log can only be enabled using Log4j
2019-06-12 20:43:20,151 INFO  http.HttpServer2 (HttpServer2.java:addGlobalFilter(975)) - Added global filter 'safety' (class=org.apache.hadoop.http.HttpServer2$QuotingInputFilter)
2019-06-12 20:43:20,152 INFO  http.HttpServer2 (HttpServer2.java:addFilter(948)) - Added filter static_user_filter (class=org.apache.hadoop.http.lib.StaticUserWebFilter$StaticUserFilter) to context hddsDatanode
2019-06-12 20:43:20,152 INFO  http.HttpServer2 (HttpServer2.java:addFilter(958)) - Added filter static_user_filter (class=org.apache.hadoop.http.lib.StaticUserWebFilter$StaticUserFilter) to context logs
2019-06-12 20:43:20,152 INFO  http.HttpServer2 (HttpServer2.java:addFilter(958)) - Added filter static_user_filter (class=org.apache.hadoop.http.lib.StaticUserWebFilter$StaticUserFilter) to context static
2019-06-12 20:43:20,153 INFO  http.HttpServer2 (HttpServer2.java:bindListener(1191)) - Jetty bound to port 44675
2019-06-12 20:43:20,153 INFO  server.Server (Server.java:doStart(351)) - jetty-9.3.24.v20180605, build timestamp: 2018-06-05T17:11:56Z, git hash: 84205aa28f11a4f31f2a3b86d1bba2cc8ab69827
2019-06-12 20:43:20,158 INFO  handler.ContextHandler (ContextHandler.java:doStart(781)) - Started o.e.j.s.ServletContextHandler@18b6d3c1{/logs,file:///opt/src/hadoop-ozone/integration-test/target/log,AVAILABLE}
2019-06-12 20:43:20,161 INFO  handler.ContextHandler (ContextHandler.java:doStart(781)) - Started o.e.j.s.ServletContextHandler@3fe512d2{/static,jar:file:/root/.m2/repository/org/apache/hadoop/hadoop-hdds-container-service/0.5.0-SNAPSHOT/hadoop-hdds-container-service-0.5.0-SNAPSHOT.jar!/webapps/static,AVAILABLE}
2019-06-12 20:43:20,190 INFO  datanode.InitDatanodeState (InitDatanodeState.java:persistContainerDatanodeDetails(140)) - DatanodeDetails is persisted to /opt/src/hadoop-ozone/integration-test/target/test-dir/MiniOzoneClusterImpl-7ac226a4-4068-4019-b634-19a29fd69213/datanode-0/meta/datanode.id
2019-06-12 20:43:20,192 INFO  handler.ContextHandler (ContextHandler.java:doStart(781)) - Started o.e.j.w.WebAppContext@e7b265e{/,file:///tmp/jetty-0.0.0.0-44675-hddsDatanode-_-any-3863425455066023429.dir/webapp/,AVAILABLE}{/hddsDatanode}
2019-06-12 20:43:20,193 INFO  server.AbstractConnector (AbstractConnector.java:doStart(278)) - Started ServerConnector@6ff6efc{HTTP/1.1,[http/1.1]}{0.0.0.0:44675}
2019-06-12 20:43:20,194 INFO  server.Server (Server.java:doStart(419)) - Started @4250ms
2019-06-12 20:43:20,194 INFO  server.BaseHttpServer (BaseHttpServer.java:updateConnectorAddress(207)) - HTTP server of HDDSDATANODE is listening at http://0.0.0.0:44675
2019-06-12 20:43:20,312 INFO  ozone.HddsDatanodeService (HddsDatanodeService.java:startPlugins(396)) - Started plug-in org.apache.hadoop.ozone.web.OzoneHddsDatanodeService@63fd4dda
2019-06-12 20:43:20,312 INFO  impl.MetricsSystemImpl (MetricsSystemImpl.java:init(158)) - HddsDatanode metrics system started (again)
2019-06-12 20:43:20,313 INFO  ozone.HddsDatanodeService (HddsDatanodeService.java:start(185)) - HddsDatanodeService host:ozone-kvdz9-1409474171 ip:192.168.19.5
2019-06-12 20:43:20,318 INFO  util.JvmPauseMonitor (JvmPauseMonitor.java:run(188)) - Starting JVM pause monitor
2019-06-12 20:43:20,324 INFO  datanode.InitDatanodeState (InitDatanodeState.java:persistContainerDatanodeDetails(140)) - DatanodeDetails is persisted to /opt/src/hadoop-ozone/integration-test/target/test-dir/MiniOzoneClusterImpl-7ac226a4-4068-4019-b634-19a29fd69213/datanode-1/meta/datanode.id
2019-06-12 20:43:20,327 INFO  volume.HddsVolume (HddsVolume.java:<init>(176)) - Creating Volume: /opt/src/hadoop-ozone/integration-test/target/test-dir/MiniOzoneClusterImpl-7ac226a4-4068-4019-b634-19a29fd69213/datanode-2/data/containers/hdds of  storage type : DISK and capacity : 104021790720
2019-06-12 20:43:20,328 INFO  volume.VolumeSet (VolumeSet.java:initializeVolumeSet(170)) - Added Volume : /opt/src/hadoop-ozone/integration-test/target/test-dir/MiniOzoneClusterImpl-7ac226a4-4068-4019-b634-19a29fd69213/datanode-2/data/containers/hdds to VolumeSet
2019-06-12 20:43:20,328 INFO  volume.ThrottledAsyncChecker (ThrottledAsyncChecker.java:schedule(140)) - Scheduling a check for org.apache.hadoop.ozone.container.common.volume.HddsVolume@4b56b031
2019-06-12 20:43:20,330 INFO  volume.HddsVolumeChecker (HddsVolumeChecker.java:checkAllVolumes(203)) - Scheduled health check for volume org.apache.hadoop.ozone.container.common.volume.HddsVolume@4b56b031
2019-06-12 20:43:20,341 INFO  ratis.XceiverServerRatis (XceiverServerRatis.java:newXceiverServerRatis(401)) - Found a free port for the server : 35725
2019-06-12 20:43:20,343 INFO  impl.RaftServerProxy (ConfUtils.java:logGet(43)) - raft.rpc.type = GRPC (default)
2019-06-12 20:43:20,343 INFO  grpc.GrpcConfigKeys$Server (ConfUtils.java:logGet(43)) - raft.grpc.server.port = 35725 (custom)
2019-06-12 20:43:20,343 INFO  server.GrpcService (ConfUtils.java:logGet(43)) - raft.grpc.message.size.max = 33570816 (custom)
2019-06-12 20:43:20,343 INFO  server.RaftServerConfigKeys (ConfUtils.java:logGet(43)) - raft.server.log.appender.buffer.byte-limit = 33554432 (custom)
2019-06-12 20:43:20,344 INFO  server.GrpcService (ConfUtils.java:logGet(43)) - raft.grpc.flow.control.window = 1MB (=1048576) (default)
2019-06-12 20:43:20,344 INFO  server.RaftServerConfigKeys (ConfUtils.java:logGet(43)) - raft.server.rpc.request.timeout = 3000ms (default)
2019-06-12 20:43:20,344 INFO  server.RaftServerConfigKeys (ConfUtils.java:logGet(43)) - raft.server.storage.dir = [/opt/src/hadoop-ozone/integration-test/target/test-dir/MiniOzoneClusterImpl-7ac226a4-4068-4019-b634-19a29fd69213/datanode-2/data/ratis] (custom)
2019-06-12 20:43:20,345 INFO  server.XceiverServerGrpc (XceiverServerGrpc.java:<init>(97)) - Found a free port for the server : 44133
2019-06-12 20:43:20,346 INFO  replication.SimpleContainerDownloader (SimpleContainerDownloader.java:<init>(72)) - Starting container downloader service to copy containers to replicate.
2019-06-12 20:43:20,347 INFO  hdfs.DFSUtil (DFSUtil.java:httpServerTemplateForNNAndJN(1641)) - Starting Web-server for hddsDatanode at: http://0.0.0.0:0
2019-06-12 20:43:20,348 INFO  server.AuthenticationFilter (AuthenticationFilter.java:constructSecretProvider(240)) - Unable to initialize FileSignerSecretProvider, falling back to use random secrets.
2019-06-12 20:43:20,348 WARN  http.HttpRequestLog (HttpRequestLog.java:getRequestLog(97)) - Jetty request log can only be enabled using Log4j
2019-06-12 20:43:20,350 INFO  http.HttpServer2 (HttpServer2.java:addGlobalFilter(975)) - Added global filter 'safety' (class=org.apache.hadoop.http.HttpServer2$QuotingInputFilter)
2019-06-12 20:43:20,351 INFO  http.HttpServer2 (HttpServer2.java:addFilter(948)) - Added filter static_user_filter (class=org.apache.hadoop.http.lib.StaticUserWebFilter$StaticUserFilter) to context hddsDatanode
2019-06-12 20:43:20,351 INFO  http.HttpServer2 (HttpServer2.java:addFilter(958)) - Added filter static_user_filter (class=org.apache.hadoop.http.lib.StaticUserWebFilter$StaticUserFilter) to context logs
2019-06-12 20:43:20,351 INFO  http.HttpServer2 (HttpServer2.java:addFilter(958)) - Added filter static_user_filter (class=org.apache.hadoop.http.lib.StaticUserWebFilter$StaticUserFilter) to context static
2019-06-12 20:43:20,352 INFO  http.HttpServer2 (HttpServer2.java:bindListener(1191)) - Jetty bound to port 34411
2019-06-12 20:43:20,352 INFO  server.Server (Server.java:doStart(351)) - jetty-9.3.24.v20180605, build timestamp: 2018-06-05T17:11:56Z, git hash: 84205aa28f11a4f31f2a3b86d1bba2cc8ab69827
2019-06-12 20:43:20,353 INFO  handler.ContextHandler (ContextHandler.java:doStart(781)) - Started o.e.j.s.ServletContextHandler@2443abd6{/logs,file:///opt/src/hadoop-ozone/integration-test/target/log,AVAILABLE}
2019-06-12 20:43:20,354 INFO  handler.ContextHandler (ContextHandler.java:doStart(781)) - Started o.e.j.s.ServletContextHandler@bd3eff4{/static,jar:file:/root/.m2/repository/org/apache/hadoop/hadoop-hdds-container-service/0.5.0-SNAPSHOT/hadoop-hdds-container-service-0.5.0-SNAPSHOT.jar!/webapps/static,AVAILABLE}
2019-06-12 20:43:20,375 INFO  handler.ContextHandler (ContextHandler.java:doStart(781)) - Started o.e.j.w.WebAppContext@4e80a001{/,file:///tmp/jetty-0.0.0.0-34411-hddsDatanode-_-any-3604377984098839443.dir/webapp/,AVAILABLE}{/hddsDatanode}
2019-06-12 20:43:20,376 INFO  server.AbstractConnector (AbstractConnector.java:doStart(278)) - Started ServerConnector@624b523{HTTP/1.1,[http/1.1]}{0.0.0.0:34411}
2019-06-12 20:43:20,377 INFO  server.Server (Server.java:doStart(419)) - Started @4434ms
2019-06-12 20:43:20,378 INFO  server.BaseHttpServer (BaseHttpServer.java:updateConnectorAddress(207)) - HTTP server of HDDSDATANODE is listening at http://0.0.0.0:34411
2019-06-12 20:43:20,532 INFO  ozone.HddsDatanodeService (HddsDatanodeService.java:startPlugins(396)) - Started plug-in org.apache.hadoop.ozone.web.OzoneHddsDatanodeService@11c78080
2019-06-12 20:43:20,534 INFO  impl.MetricsSystemImpl (MetricsSystemImpl.java:init(158)) - HddsDatanode metrics system started (again)
2019-06-12 20:43:20,534 INFO  ozone.HddsDatanodeService (HddsDatanodeService.java:start(185)) - HddsDatanodeService host:ozone-kvdz9-1409474171 ip:192.168.19.5
2019-06-12 20:43:20,537 INFO  util.JvmPauseMonitor (JvmPauseMonitor.java:run(188)) - Starting JVM pause monitor
2019-06-12 20:43:20,540 INFO  datanode.InitDatanodeState (InitDatanodeState.java:persistContainerDatanodeDetails(140)) - DatanodeDetails is persisted to /opt/src/hadoop-ozone/integration-test/target/test-dir/MiniOzoneClusterImpl-7ac226a4-4068-4019-b634-19a29fd69213/datanode-2/meta/datanode.id
2019-06-12 20:43:20,544 INFO  volume.HddsVolume (HddsVolume.java:<init>(176)) - Creating Volume: /opt/src/hadoop-ozone/integration-test/target/test-dir/MiniOzoneClusterImpl-7ac226a4-4068-4019-b634-19a29fd69213/datanode-3/data/containers/hdds of  storage type : DISK and capacity : 104021790720
2019-06-12 20:43:20,545 INFO  volume.VolumeSet (VolumeSet.java:initializeVolumeSet(170)) - Added Volume : /opt/src/hadoop-ozone/integration-test/target/test-dir/MiniOzoneClusterImpl-7ac226a4-4068-4019-b634-19a29fd69213/datanode-3/data/containers/hdds to VolumeSet
2019-06-12 20:43:20,545 INFO  volume.ThrottledAsyncChecker (ThrottledAsyncChecker.java:schedule(140)) - Scheduling a check for org.apache.hadoop.ozone.container.common.volume.HddsVolume@7c11d32
2019-06-12 20:43:20,546 INFO  volume.HddsVolumeChecker (HddsVolumeChecker.java:checkAllVolumes(203)) - Scheduled health check for volume org.apache.hadoop.ozone.container.common.volume.HddsVolume@7c11d32
2019-06-12 20:43:20,558 INFO  ratis.XceiverServerRatis (XceiverServerRatis.java:newXceiverServerRatis(401)) - Found a free port for the server : 41565
2019-06-12 20:43:20,560 INFO  impl.RaftServerProxy (ConfUtils.java:logGet(43)) - raft.rpc.type = GRPC (default)
2019-06-12 20:43:20,560 INFO  grpc.GrpcConfigKeys$Server (ConfUtils.java:logGet(43)) - raft.grpc.server.port = 41565 (custom)
2019-06-12 20:43:20,560 INFO  server.GrpcService (ConfUtils.java:logGet(43)) - raft.grpc.message.size.max = 33570816 (custom)
2019-06-12 20:43:20,560 INFO  server.RaftServerConfigKeys (ConfUtils.java:logGet(43)) - raft.server.log.appender.buffer.byte-limit = 33554432 (custom)
2019-06-12 20:43:20,560 INFO  server.GrpcService (ConfUtils.java:logGet(43)) - raft.grpc.flow.control.window = 1MB (=1048576) (default)
2019-06-12 20:43:20,560 INFO  server.RaftServerConfigKeys (ConfUtils.java:logGet(43)) - raft.server.rpc.request.timeout = 3000ms (default)
2019-06-12 20:43:20,561 INFO  server.RaftServerConfigKeys (ConfUtils.java:logGet(43)) - raft.server.storage.dir = [/opt/src/hadoop-ozone/integration-test/target/test-dir/MiniOzoneClusterImpl-7ac226a4-4068-4019-b634-19a29fd69213/datanode-3/data/ratis] (custom)
2019-06-12 20:43:20,561 INFO  server.XceiverServerGrpc (XceiverServerGrpc.java:<init>(97)) - Found a free port for the server : 45857
2019-06-12 20:43:20,562 INFO  replication.SimpleContainerDownloader (SimpleContainerDownloader.java:<init>(72)) - Starting container downloader service to copy containers to replicate.
2019-06-12 20:43:20,563 INFO  hdfs.DFSUtil (DFSUtil.java:httpServerTemplateForNNAndJN(1641)) - Starting Web-server for hddsDatanode at: http://0.0.0.0:0
2019-06-12 20:43:20,564 INFO  server.AuthenticationFilter (AuthenticationFilter.java:constructSecretProvider(240)) - Unable to initialize FileSignerSecretProvider, falling back to use random secrets.
2019-06-12 20:43:20,569 WARN  http.HttpRequestLog (HttpRequestLog.java:getRequestLog(97)) - Jetty request log can only be enabled using Log4j
2019-06-12 20:43:20,571 INFO  http.HttpServer2 (HttpServer2.java:addGlobalFilter(975)) - Added global filter 'safety' (class=org.apache.hadoop.http.HttpServer2$QuotingInputFilter)
2019-06-12 20:43:20,571 INFO  http.HttpServer2 (HttpServer2.java:addFilter(948)) - Added filter static_user_filter (class=org.apache.hadoop.http.lib.StaticUserWebFilter$StaticUserFilter) to context hddsDatanode
2019-06-12 20:43:20,571 INFO  http.HttpServer2 (HttpServer2.java:addFilter(958)) - Added filter static_user_filter (class=org.apache.hadoop.http.lib.StaticUserWebFilter$StaticUserFilter) to context logs
2019-06-12 20:43:20,571 INFO  http.HttpServer2 (HttpServer2.java:addFilter(958)) - Added filter static_user_filter (class=org.apache.hadoop.http.lib.StaticUserWebFilter$StaticUserFilter) to context static
2019-06-12 20:43:20,572 INFO  http.HttpServer2 (HttpServer2.java:bindListener(1191)) - Jetty bound to port 35517
2019-06-12 20:43:20,572 INFO  server.Server (Server.java:doStart(351)) - jetty-9.3.24.v20180605, build timestamp: 2018-06-05T17:11:56Z, git hash: 84205aa28f11a4f31f2a3b86d1bba2cc8ab69827
2019-06-12 20:43:20,584 INFO  handler.ContextHandler (ContextHandler.java:doStart(781)) - Started o.e.j.s.ServletContextHandler@25974207{/logs,file:///opt/src/hadoop-ozone/integration-test/target/log,AVAILABLE}
2019-06-12 20:43:20,585 INFO  handler.ContextHandler (ContextHandler.java:doStart(781)) - Started o.e.j.s.ServletContextHandler@195113de{/static,jar:file:/root/.m2/repository/org/apache/hadoop/hadoop-hdds-container-service/0.5.0-SNAPSHOT/hadoop-hdds-container-service-0.5.0-SNAPSHOT.jar!/webapps/static,AVAILABLE}
2019-06-12 20:43:20,607 INFO  handler.ContextHandler (ContextHandler.java:doStart(781)) - Started o.e.j.w.WebAppContext@74c9e11{/,file:///tmp/jetty-0.0.0.0-35517-hddsDatanode-_-any-2819853122943149382.dir/webapp/,AVAILABLE}{/hddsDatanode}
2019-06-12 20:43:20,608 INFO  server.AbstractConnector (AbstractConnector.java:doStart(278)) - Started ServerConnector@9fe720a{HTTP/1.1,[http/1.1]}{0.0.0.0:35517}
2019-06-12 20:43:20,608 INFO  server.Server (Server.java:doStart(419)) - Started @4665ms
2019-06-12 20:43:20,610 INFO  server.BaseHttpServer (BaseHttpServer.java:updateConnectorAddress(207)) - HTTP server of HDDSDATANODE is listening at http://0.0.0.0:35517
2019-06-12 20:43:20,753 INFO  ozone.HddsDatanodeService (HddsDatanodeService.java:startPlugins(396)) - Started plug-in org.apache.hadoop.ozone.web.OzoneHddsDatanodeService@76216830
2019-06-12 20:43:20,754 INFO  impl.MetricsSystemImpl (MetricsSystemImpl.java:init(158)) - HddsDatanode metrics system started (again)
2019-06-12 20:43:20,754 INFO  ozone.HddsDatanodeService (HddsDatanodeService.java:start(185)) - HddsDatanodeService host:ozone-kvdz9-1409474171 ip:192.168.19.5
2019-06-12 20:43:20,767 INFO  util.JvmPauseMonitor (JvmPauseMonitor.java:run(188)) - Starting JVM pause monitor
2019-06-12 20:43:20,774 INFO  volume.HddsVolume (HddsVolume.java:<init>(176)) - Creating Volume: /opt/src/hadoop-ozone/integration-test/target/test-dir/MiniOzoneClusterImpl-7ac226a4-4068-4019-b634-19a29fd69213/datanode-4/data/containers/hdds of  storage type : DISK and capacity : 104021790720
2019-06-12 20:43:20,775 INFO  volume.VolumeSet (VolumeSet.java:initializeVolumeSet(170)) - Added Volume : /opt/src/hadoop-ozone/integration-test/target/test-dir/MiniOzoneClusterImpl-7ac226a4-4068-4019-b634-19a29fd69213/datanode-4/data/containers/hdds to VolumeSet
2019-06-12 20:43:20,775 INFO  volume.ThrottledAsyncChecker (ThrottledAsyncChecker.java:schedule(140)) - Scheduling a check for org.apache.hadoop.ozone.container.common.volume.HddsVolume@391d1e33
2019-06-12 20:43:20,776 INFO  datanode.InitDatanodeState (InitDatanodeState.java:persistContainerDatanodeDetails(140)) - DatanodeDetails is persisted to /opt/src/hadoop-ozone/integration-test/target/test-dir/MiniOzoneClusterImpl-7ac226a4-4068-4019-b634-19a29fd69213/datanode-3/meta/datanode.id
2019-06-12 20:43:20,782 INFO  volume.HddsVolumeChecker (HddsVolumeChecker.java:checkAllVolumes(203)) - Scheduled health check for volume org.apache.hadoop.ozone.container.common.volume.HddsVolume@391d1e33
2019-06-12 20:43:20,792 INFO  ratis.XceiverServerRatis (XceiverServerRatis.java:newXceiverServerRatis(401)) - Found a free port for the server : 35133
2019-06-12 20:43:20,794 INFO  impl.RaftServerProxy (ConfUtils.java:logGet(43)) - raft.rpc.type = GRPC (default)
2019-06-12 20:43:20,794 INFO  grpc.GrpcConfigKeys$Server (ConfUtils.java:logGet(43)) - raft.grpc.server.port = 35133 (custom)
2019-06-12 20:43:20,794 INFO  server.GrpcService (ConfUtils.java:logGet(43)) - raft.grpc.message.size.max = 33570816 (custom)
2019-06-12 20:43:20,794 INFO  server.RaftServerConfigKeys (ConfUtils.java:logGet(43)) - raft.server.log.appender.buffer.byte-limit = 33554432 (custom)
2019-06-12 20:43:20,795 INFO  server.GrpcService (ConfUtils.java:logGet(43)) - raft.grpc.flow.control.window = 1MB (=1048576) (default)
2019-06-12 20:43:20,795 INFO  server.RaftServerConfigKeys (ConfUtils.java:logGet(43)) - raft.server.rpc.request.timeout = 3000ms (default)
2019-06-12 20:43:20,795 INFO  server.RaftServerConfigKeys (ConfUtils.java:logGet(43)) - raft.server.storage.dir = [/opt/src/hadoop-ozone/integration-test/target/test-dir/MiniOzoneClusterImpl-7ac226a4-4068-4019-b634-19a29fd69213/datanode-4/data/ratis] (custom)
2019-06-12 20:43:20,796 INFO  server.XceiverServerGrpc (XceiverServerGrpc.java:<init>(97)) - Found a free port for the server : 44429
2019-06-12 20:43:20,796 INFO  replication.SimpleContainerDownloader (SimpleContainerDownloader.java:<init>(72)) - Starting container downloader service to copy containers to replicate.
2019-06-12 20:43:20,797 INFO  hdfs.DFSUtil (DFSUtil.java:httpServerTemplateForNNAndJN(1641)) - Starting Web-server for hddsDatanode at: http://0.0.0.0:0
2019-06-12 20:43:20,798 INFO  server.AuthenticationFilter (AuthenticationFilter.java:constructSecretProvider(240)) - Unable to initialize FileSignerSecretProvider, falling back to use random secrets.
2019-06-12 20:43:20,799 WARN  http.HttpRequestLog (HttpRequestLog.java:getRequestLog(97)) - Jetty request log can only be enabled using Log4j
2019-06-12 20:43:20,800 INFO  http.HttpServer2 (HttpServer2.java:addGlobalFilter(975)) - Added global filter 'safety' (class=org.apache.hadoop.http.HttpServer2$QuotingInputFilter)
2019-06-12 20:43:20,801 INFO  http.HttpServer2 (HttpServer2.java:addFilter(948)) - Added filter static_user_filter (class=org.apache.hadoop.http.lib.StaticUserWebFilter$StaticUserFilter) to context hddsDatanode
2019-06-12 20:43:20,801 INFO  http.HttpServer2 (HttpServer2.java:addFilter(958)) - Added filter static_user_filter (class=org.apache.hadoop.http.lib.StaticUserWebFilter$StaticUserFilter) to context static
2019-06-12 20:43:20,801 INFO  http.HttpServer2 (HttpServer2.java:addFilter(958)) - Added filter static_user_filter (class=org.apache.hadoop.http.lib.StaticUserWebFilter$StaticUserFilter) to context logs
2019-06-12 20:43:20,802 INFO  http.HttpServer2 (HttpServer2.java:bindListener(1191)) - Jetty bound to port 39721
2019-06-12 20:43:20,802 INFO  server.Server (Server.java:doStart(351)) - jetty-9.3.24.v20180605, build timestamp: 2018-06-05T17:11:56Z, git hash: 84205aa28f11a4f31f2a3b86d1bba2cc8ab69827
2019-06-12 20:43:20,804 INFO  handler.ContextHandler (ContextHandler.java:doStart(781)) - Started o.e.j.s.ServletContextHandler@6f38f084{/logs,file:///opt/src/hadoop-ozone/integration-test/target/log,AVAILABLE}
2019-06-12 20:43:20,804 INFO  handler.ContextHandler (ContextHandler.java:doStart(781)) - Started o.e.j.s.ServletContextHandler@372f0a99{/static,jar:file:/root/.m2/repository/org/apache/hadoop/hadoop-hdds-container-service/0.5.0-SNAPSHOT/hadoop-hdds-container-service-0.5.0-SNAPSHOT.jar!/webapps/static,AVAILABLE}
2019-06-12 20:43:20,826 INFO  handler.ContextHandler (ContextHandler.java:doStart(781)) - Started o.e.j.w.WebAppContext@6b2fdffc{/,file:///tmp/jetty-0.0.0.0-39721-hddsDatanode-_-any-5372347543741670057.dir/webapp/,AVAILABLE}{/hddsDatanode}
2019-06-12 20:43:20,827 INFO  server.AbstractConnector (AbstractConnector.java:doStart(278)) - Started ServerConnector@2ca3d826{HTTP/1.1,[http/1.1]}{0.0.0.0:39721}
2019-06-12 20:43:20,828 INFO  server.Server (Server.java:doStart(419)) - Started @4885ms
2019-06-12 20:43:20,829 INFO  server.BaseHttpServer (BaseHttpServer.java:updateConnectorAddress(207)) - HTTP server of HDDSDATANODE is listening at http://0.0.0.0:39721
2019-06-12 20:43:20,942 INFO  ozone.HddsDatanodeService (HddsDatanodeService.java:startPlugins(396)) - Started plug-in org.apache.hadoop.ozone.web.OzoneHddsDatanodeService@624b3544
2019-06-12 20:43:20,943 INFO  impl.MetricsSystemImpl (MetricsSystemImpl.java:init(158)) - HddsDatanode metrics system started (again)
2019-06-12 20:43:20,943 INFO  ozone.HddsDatanodeService (HddsDatanodeService.java:start(185)) - HddsDatanodeService host:ozone-kvdz9-1409474171 ip:192.168.19.5
2019-06-12 20:43:20,948 INFO  util.JvmPauseMonitor (JvmPauseMonitor.java:run(188)) - Starting JVM pause monitor
2019-06-12 20:43:20,951 INFO  datanode.InitDatanodeState (InitDatanodeState.java:persistContainerDatanodeDetails(140)) - DatanodeDetails is persisted to /opt/src/hadoop-ozone/integration-test/target/test-dir/MiniOzoneClusterImpl-7ac226a4-4068-4019-b634-19a29fd69213/datanode-4/meta/datanode.id
2019-06-12 20:43:20,953 INFO  volume.HddsVolume (HddsVolume.java:<init>(176)) - Creating Volume: /opt/src/hadoop-ozone/integration-test/target/test-dir/MiniOzoneClusterImpl-7ac226a4-4068-4019-b634-19a29fd69213/datanode-5/data/containers/hdds of  storage type : DISK and capacity : 104021790720
2019-06-12 20:43:20,953 INFO  volume.VolumeSet (VolumeSet.java:initializeVolumeSet(170)) - Added Volume : /opt/src/hadoop-ozone/integration-test/target/test-dir/MiniOzoneClusterImpl-7ac226a4-4068-4019-b634-19a29fd69213/datanode-5/data/containers/hdds to VolumeSet
2019-06-12 20:43:20,953 INFO  volume.ThrottledAsyncChecker (ThrottledAsyncChecker.java:schedule(140)) - Scheduling a check for org.apache.hadoop.ozone.container.common.volume.HddsVolume@55a0f011
2019-06-12 20:43:20,955 INFO  volume.HddsVolumeChecker (HddsVolumeChecker.java:checkAllVolumes(203)) - Scheduled health check for volume org.apache.hadoop.ozone.container.common.volume.HddsVolume@55a0f011
2019-06-12 20:43:20,969 INFO  ratis.XceiverServerRatis (XceiverServerRatis.java:newXceiverServerRatis(401)) - Found a free port for the server : 43187
2019-06-12 20:43:20,971 INFO  impl.RaftServerProxy (ConfUtils.java:logGet(43)) - raft.rpc.type = GRPC (default)
2019-06-12 20:43:20,971 INFO  grpc.GrpcConfigKeys$Server (ConfUtils.java:logGet(43)) - raft.grpc.server.port = 43187 (custom)
2019-06-12 20:43:20,972 INFO  server.GrpcService (ConfUtils.java:logGet(43)) - raft.grpc.message.size.max = 33570816 (custom)
2019-06-12 20:43:20,972 INFO  server.RaftServerConfigKeys (ConfUtils.java:logGet(43)) - raft.server.log.appender.buffer.byte-limit = 33554432 (custom)
2019-06-12 20:43:20,972 INFO  server.GrpcService (ConfUtils.java:logGet(43)) - raft.grpc.flow.control.window = 1MB (=1048576) (default)
2019-06-12 20:43:20,972 INFO  server.RaftServerConfigKeys (ConfUtils.java:logGet(43)) - raft.server.rpc.request.timeout = 3000ms (default)
2019-06-12 20:43:20,973 INFO  server.RaftServerConfigKeys (ConfUtils.java:logGet(43)) - raft.server.storage.dir = [/opt/src/hadoop-ozone/integration-test/target/test-dir/MiniOzoneClusterImpl-7ac226a4-4068-4019-b634-19a29fd69213/datanode-5/data/ratis] (custom)
2019-06-12 20:43:20,973 INFO  server.XceiverServerGrpc (XceiverServerGrpc.java:<init>(97)) - Found a free port for the server : 37115
2019-06-12 20:43:20,974 INFO  replication.SimpleContainerDownloader (SimpleContainerDownloader.java:<init>(72)) - Starting container downloader service to copy containers to replicate.
2019-06-12 20:43:20,975 INFO  hdfs.DFSUtil (DFSUtil.java:httpServerTemplateForNNAndJN(1641)) - Starting Web-server for hddsDatanode at: http://0.0.0.0:0
2019-06-12 20:43:20,976 INFO  server.AuthenticationFilter (AuthenticationFilter.java:constructSecretProvider(240)) - Unable to initialize FileSignerSecretProvider, falling back to use random secrets.
2019-06-12 20:43:20,977 WARN  http.HttpRequestLog (HttpRequestLog.java:getRequestLog(97)) - Jetty request log can only be enabled using Log4j
2019-06-12 20:43:20,978 INFO  http.HttpServer2 (HttpServer2.java:addGlobalFilter(975)) - Added global filter 'safety' (class=org.apache.hadoop.http.HttpServer2$QuotingInputFilter)
2019-06-12 20:43:20,979 INFO  http.HttpServer2 (HttpServer2.java:addFilter(948)) - Added filter static_user_filter (class=org.apache.hadoop.http.lib.StaticUserWebFilter$StaticUserFilter) to context hddsDatanode
2019-06-12 20:43:20,979 INFO  http.HttpServer2 (HttpServer2.java:addFilter(958)) - Added filter static_user_filter (class=org.apache.hadoop.http.lib.StaticUserWebFilter$StaticUserFilter) to context logs
2019-06-12 20:43:20,979 INFO  http.HttpServer2 (HttpServer2.java:addFilter(958)) - Added filter static_user_filter (class=org.apache.hadoop.http.lib.StaticUserWebFilter$StaticUserFilter) to context static
2019-06-12 20:43:20,980 INFO  http.HttpServer2 (HttpServer2.java:bindListener(1191)) - Jetty bound to port 46871
2019-06-12 20:43:20,980 INFO  server.Server (Server.java:doStart(351)) - jetty-9.3.24.v20180605, build timestamp: 2018-06-05T17:11:56Z, git hash: 84205aa28f11a4f31f2a3b86d1bba2cc8ab69827
2019-06-12 20:43:20,985 INFO  handler.ContextHandler (ContextHandler.java:doStart(781)) - Started o.e.j.s.ServletContextHandler@23e61112{/logs,file:///opt/src/hadoop-ozone/integration-test/target/log,AVAILABLE}
2019-06-12 20:43:20,986 INFO  handler.ContextHandler (ContextHandler.java:doStart(781)) - Started o.e.j.s.ServletContextHandler@61b60600{/static,jar:file:/root/.m2/repository/org/apache/hadoop/hadoop-hdds-container-service/0.5.0-SNAPSHOT/hadoop-hdds-container-service-0.5.0-SNAPSHOT.jar!/webapps/static,AVAILABLE}
2019-06-12 20:43:21,015 INFO  handler.ContextHandler (ContextHandler.java:doStart(781)) - Started o.e.j.w.WebAppContext@245cb8df{/,file:///tmp/jetty-0.0.0.0-46871-hddsDatanode-_-any-2602573765382372456.dir/webapp/,AVAILABLE}{/hddsDatanode}
2019-06-12 20:43:21,017 INFO  server.AbstractConnector (AbstractConnector.java:doStart(278)) - Started ServerConnector@26b3c9a2{HTTP/1.1,[http/1.1]}{0.0.0.0:46871}
2019-06-12 20:43:21,018 INFO  server.Server (Server.java:doStart(419)) - Started @5075ms
2019-06-12 20:43:21,019 INFO  server.BaseHttpServer (BaseHttpServer.java:updateConnectorAddress(207)) - HTTP server of HDDSDATANODE is listening at http://0.0.0.0:46871
2019-06-12 20:43:21,143 INFO  ozone.HddsDatanodeService (HddsDatanodeService.java:startPlugins(396)) - Started plug-in org.apache.hadoop.ozone.web.OzoneHddsDatanodeService@4662752a
2019-06-12 20:43:21,144 INFO  ozone.MiniOzoneClusterImpl (MiniOzoneClusterImpl.java:lambda$waitForClusterToBeReady$0(142)) - Waiting for cluster to be ready. Got 0 of 6 DN Heartbeats.
2019-06-12 20:43:21,149 INFO  util.JvmPauseMonitor (JvmPauseMonitor.java:run(188)) - Starting JVM pause monitor
2019-06-12 20:43:21,151 INFO  datanode.InitDatanodeState (InitDatanodeState.java:persistContainerDatanodeDetails(140)) - DatanodeDetails is persisted to /opt/src/hadoop-ozone/integration-test/target/test-dir/MiniOzoneClusterImpl-7ac226a4-4068-4019-b634-19a29fd69213/datanode-5/meta/datanode.id
2019-06-12 20:43:22,117 INFO  ozoneimpl.OzoneContainer (OzoneContainer.java:start(186)) - Attempting to start container services.
2019-06-12 20:43:22,117 INFO  ozoneimpl.OzoneContainer (OzoneContainer.java:startContainerScrub(160)) - Background container scrubber has been disabled by hdds.containerscrub.enabled
2019-06-12 20:43:22,118 INFO  ratis.XceiverServerRatis (XceiverServerRatis.java:start(418)) - Starting XceiverServerRatis dea50da8-437d-495a-88b6-2e76fcbcd954 at port 33291
2019-06-12 20:43:22,139 INFO  impl.RaftServerProxy (RaftServerProxy.java:lambda$start$3(299)) - dea50da8-437d-495a-88b6-2e76fcbcd954: start RPC server
2019-06-12 20:43:22,144 INFO  ozone.MiniOzoneClusterImpl (MiniOzoneClusterImpl.java:lambda$waitForClusterToBeReady$0(142)) - Waiting for cluster to be ready. Got 0 of 6 DN Heartbeats.
2019-06-12 20:43:22,256 INFO  server.GrpcService (GrpcService.java:startImpl(148)) - dea50da8-437d-495a-88b6-2e76fcbcd954: GrpcService started, listening on 0.0.0.0/0.0.0.0:33291
2019-06-12 20:43:22,323 INFO  ozoneimpl.OzoneContainer (OzoneContainer.java:start(186)) - Attempting to start container services.
2019-06-12 20:43:22,323 INFO  ozoneimpl.OzoneContainer (OzoneContainer.java:startContainerScrub(160)) - Background container scrubber has been disabled by hdds.containerscrub.enabled
2019-06-12 20:43:22,324 INFO  ratis.XceiverServerRatis (XceiverServerRatis.java:start(418)) - Starting XceiverServerRatis 655c93e2-058b-4e0e-9ba6-f91576f9bf6e at port 35767
2019-06-12 20:43:22,329 INFO  impl.RaftServerProxy (RaftServerProxy.java:lambda$start$3(299)) - 655c93e2-058b-4e0e-9ba6-f91576f9bf6e: start RPC server
2019-06-12 20:43:22,331 INFO  server.GrpcService (GrpcService.java:startImpl(148)) - 655c93e2-058b-4e0e-9ba6-f91576f9bf6e: GrpcService started, listening on 0.0.0.0/0.0.0.0:35767
2019-06-12 20:43:22,541 INFO  ozoneimpl.OzoneContainer (OzoneContainer.java:start(186)) - Attempting to start container services.
2019-06-12 20:43:22,543 INFO  ozoneimpl.OzoneContainer (OzoneContainer.java:startContainerScrub(160)) - Background container scrubber has been disabled by hdds.containerscrub.enabled
2019-06-12 20:43:22,543 INFO  ratis.XceiverServerRatis (XceiverServerRatis.java:start(418)) - Starting XceiverServerRatis 82092e5a-678c-497d-b850-ca3590bbfec0 at port 35725
2019-06-12 20:43:22,548 INFO  impl.RaftServerProxy (RaftServerProxy.java:lambda$start$3(299)) - 82092e5a-678c-497d-b850-ca3590bbfec0: start RPC server
2019-06-12 20:43:22,550 INFO  server.GrpcService (GrpcService.java:startImpl(148)) - 82092e5a-678c-497d-b850-ca3590bbfec0: GrpcService started, listening on 0.0.0.0/0.0.0.0:35725
2019-06-12 20:43:22,771 INFO  ozoneimpl.OzoneContainer (OzoneContainer.java:start(186)) - Attempting to start container services.
2019-06-12 20:43:22,772 INFO  ozoneimpl.OzoneContainer (OzoneContainer.java:startContainerScrub(160)) - Background container scrubber has been disabled by hdds.containerscrub.enabled
2019-06-12 20:43:22,772 INFO  ratis.XceiverServerRatis (XceiverServerRatis.java:start(418)) - Starting XceiverServerRatis 12dc4d1a-ef4d-4106-b099-00b5b76e65e4 at port 41565
2019-06-12 20:43:22,778 INFO  impl.RaftServerProxy (RaftServerProxy.java:lambda$start$3(299)) - 12dc4d1a-ef4d-4106-b099-00b5b76e65e4: start RPC server
2019-06-12 20:43:22,780 INFO  server.GrpcService (GrpcService.java:startImpl(148)) - 12dc4d1a-ef4d-4106-b099-00b5b76e65e4: GrpcService started, listening on 0.0.0.0/0.0.0.0:41565
2019-06-12 20:43:22,952 INFO  ozoneimpl.OzoneContainer (OzoneContainer.java:start(186)) - Attempting to start container services.
2019-06-12 20:43:22,954 INFO  ozoneimpl.OzoneContainer (OzoneContainer.java:startContainerScrub(160)) - Background container scrubber has been disabled by hdds.containerscrub.enabled
2019-06-12 20:43:22,954 INFO  ratis.XceiverServerRatis (XceiverServerRatis.java:start(418)) - Starting XceiverServerRatis 47017f09-327d-49c6-be69-2e459deedab5 at port 35133
2019-06-12 20:43:22,959 INFO  impl.RaftServerProxy (RaftServerProxy.java:lambda$start$3(299)) - 47017f09-327d-49c6-be69-2e459deedab5: start RPC server
2019-06-12 20:43:22,961 INFO  server.GrpcService (GrpcService.java:startImpl(148)) - 47017f09-327d-49c6-be69-2e459deedab5: GrpcService started, listening on 0.0.0.0/0.0.0.0:35133
2019-06-12 20:43:23,144 INFO  ozone.MiniOzoneClusterImpl (MiniOzoneClusterImpl.java:lambda$waitForClusterToBeReady$0(142)) - Waiting for cluster to be ready. Got 0 of 6 DN Heartbeats.
2019-06-12 20:43:23,154 INFO  ozoneimpl.OzoneContainer (OzoneContainer.java:start(186)) - Attempting to start container services.
2019-06-12 20:43:23,156 INFO  ozoneimpl.OzoneContainer (OzoneContainer.java:startContainerScrub(160)) - Background container scrubber has been disabled by hdds.containerscrub.enabled
2019-06-12 20:43:23,156 INFO  ratis.XceiverServerRatis (XceiverServerRatis.java:start(418)) - Starting XceiverServerRatis 03ccd8f8-1f5a-46c0-84f6-5e08e6623b9d at port 43187
2019-06-12 20:43:23,159 INFO  impl.RaftServerProxy (RaftServerProxy.java:lambda$start$3(299)) - 03ccd8f8-1f5a-46c0-84f6-5e08e6623b9d: start RPC server
2019-06-12 20:43:23,162 INFO  server.GrpcService (GrpcService.java:startImpl(148)) - 03ccd8f8-1f5a-46c0-84f6-5e08e6623b9d: GrpcService started, listening on 0.0.0.0/0.0.0.0:43187
2019-06-12 20:43:24,117 INFO  node.SCMNodeManager (SCMNodeManager.java:register(234)) - Registered Data node : dea50da8-437d-495a-88b6-2e76fcbcd954{ip: 192.168.19.5, host: ozone-kvdz9-1409474171, networkLocation: /default-rack, certSerialId: null}
2019-06-12 20:43:24,132 INFO  safemode.SCMSafeModeManager (DataNodeSafeModeRule.java:process(71)) - SCM in safe mode. 1 DataNodes registered, 1 required.
2019-06-12 20:43:24,132 INFO  safemode.SCMSafeModeManager (SCMSafeModeManager.java:validateSafeModeExitRules(177)) - ScmSafeModeManager, all rules are successfully validated
2019-06-12 20:43:24,133 INFO  safemode.SCMSafeModeManager (SCMSafeModeManager.java:exitSafeMode(193)) - SCM exiting safe mode.
2019-06-12 20:43:24,146 INFO  ozone.MiniOzoneClusterImpl (MiniOzoneClusterImpl.java:lambda$waitForClusterToBeReady$0(142)) - Waiting for cluster to be ready. Got 1 of 6 DN Heartbeats.
2019-06-12 20:43:24,321 INFO  node.SCMNodeManager (SCMNodeManager.java:register(234)) - Registered Data node : 655c93e2-058b-4e0e-9ba6-f91576f9bf6e{ip: 192.168.19.5, host: ozone-kvdz9-1409474171, networkLocation: /default-rack, certSerialId: null}
2019-06-12 20:43:24,467 INFO  impl.RaftServerProxy (RaftServerProxy.java:addNew(89)) - dea50da8-437d-495a-88b6-2e76fcbcd954: addNew group-153756003E39:[dea50da8-437d-495a-88b6-2e76fcbcd954:192.168.19.5:33291] returns group-153756003E39:java.util.concurrent.CompletableFuture@64ad933c[Not completed]
2019-06-12 20:43:24,472 INFO  impl.RaftServerImpl (RaftServerImpl.java:<init>(91)) - dea50da8-437d-495a-88b6-2e76fcbcd954: new RaftServerImpl for group-153756003E39:[dea50da8-437d-495a-88b6-2e76fcbcd954:192.168.19.5:33291] with ContainerStateMachine:uninitialized
2019-06-12 20:43:24,473 INFO  server.RaftServerConfigKeys (ConfUtils.java:logGet(43)) - raft.server.rpc.timeout.min = 1s (custom)
2019-06-12 20:43:24,473 INFO  server.RaftServerConfigKeys (ConfUtils.java:logGet(43)) - raft.server.rpc.timeout.max = 1200ms (custom)
2019-06-12 20:43:24,474 INFO  server.RaftServerConfigKeys (ConfUtils.java:logGet(43)) - raft.server.rpcslowness.timeout = 10s (custom)
2019-06-12 20:43:24,474 INFO  server.RaftServerConfigKeys (ConfUtils.java:logGet(43)) - raft.server.log.appender.install.snapshot.enabled = true (default)
2019-06-12 20:43:24,479 INFO  impl.RaftServerImpl (ServerState.java:<init>(101)) - dea50da8-437d-495a-88b6-2e76fcbcd954:group-153756003E39 ConfigurationManager, init=-1: [dea50da8-437d-495a-88b6-2e76fcbcd954:192.168.19.5:33291], old=null, confs=<EMPTY_MAP>
2019-06-12 20:43:24,479 INFO  server.RaftServerConfigKeys (ConfUtils.java:logGet(43)) - raft.server.storage.dir = [/opt/src/hadoop-ozone/integration-test/target/test-dir/MiniOzoneClusterImpl-7ac226a4-4068-4019-b634-19a29fd69213/datanode-0/data/ratis] (custom)
2019-06-12 20:43:24,484 INFO  storage.RaftStorageDirectory (RaftStorageDirectory.java:analyzeStorage(246)) - The storage directory /opt/src/hadoop-ozone/integration-test/target/test-dir/MiniOzoneClusterImpl-7ac226a4-4068-4019-b634-19a29fd69213/datanode-0/data/ratis/f26e9b46-32ed-4caf-878a-153756003e39 does not exist. Creating ...
2019-06-12 20:43:24,490 INFO  storage.RaftStorageDirectory (RaftStorageDirectory.java:tryLock(328)) - Lock on /opt/src/hadoop-ozone/integration-test/target/test-dir/MiniOzoneClusterImpl-7ac226a4-4068-4019-b634-19a29fd69213/datanode-0/data/ratis/f26e9b46-32ed-4caf-878a-153756003e39/in_use.lock acquired by nodename 10172@ozone-kvdz9-1409474171
2019-06-12 20:43:24,493 INFO  storage.RaftStorage (RaftStorage.java:format(75)) - Storage directory /opt/src/hadoop-ozone/integration-test/target/test-dir/MiniOzoneClusterImpl-7ac226a4-4068-4019-b634-19a29fd69213/datanode-0/data/ratis/f26e9b46-32ed-4caf-878a-153756003e39 has been successfully formatted.
2019-06-12 20:43:24,494 INFO  ratis.ContainerStateMachine (ContainerStateMachine.java:loadSnapshot(199)) - The snapshot info is null.Setting the last applied index to:(t:0, i:~)
2019-06-12 20:43:24,495 INFO  server.RaftServerConfigKeys (ConfUtils.java:logGet(43)) - raft.server.leader.election.timeout = 10s (custom)
2019-06-12 20:43:24,496 INFO  server.RaftServerConfigKeys (ConfUtils.java:logGet(43)) - raft.server.log.use.memory = false (default)
2019-06-12 20:43:24,621 INFO  server.RaftServerConfigKeys (ConfUtils.java:logGet(43)) - raft.server.log.appender.buffer.byte-limit = 33554432 (custom)
2019-06-12 20:43:24,625 INFO  node.SCMNodeManager (SCMNodeManager.java:register(234)) - Registered Data node : 82092e5a-678c-497d-b850-ca3590bbfec0{ip: 192.168.19.5, host: ozone-kvdz9-1409474171, networkLocation: /default-rack, certSerialId: null}
2019-06-12 20:43:24,626 INFO  server.RaftServerConfigKeys (ConfUtils.java:logGet(43)) - raft.server.log.segment.size.max = 16384 (custom)
2019-06-12 20:43:24,629 INFO  server.RaftServerConfigKeys (ConfUtils.java:logGet(43)) - raft.server.log.segment.cache.num.max = 2 (custom)
2019-06-12 20:43:24,632 INFO  storage.RaftLogWorker (RaftLogWorker.java:<init>(123)) - new dea50da8-437d-495a-88b6-2e76fcbcd954-RaftLogWorker for Storage Directory /opt/src/hadoop-ozone/integration-test/target/test-dir/MiniOzoneClusterImpl-7ac226a4-4068-4019-b634-19a29fd69213/datanode-0/data/ratis/f26e9b46-32ed-4caf-878a-153756003e39
2019-06-12 20:43:24,632 INFO  server.RaftServerConfigKeys (ConfUtils.java:logGet(43)) - raft.server.log.queue.byte-limit = 2147483647 (custom)
2019-06-12 20:43:24,632 INFO  server.RaftServerConfigKeys (ConfUtils.java:logGet(43)) - raft.server.log.queue.element-limit = 1024 (custom)
2019-06-12 20:43:24,634 INFO  server.RaftServerConfigKeys (ConfUtils.java:logGet(43)) - raft.server.log.segment.size.max = 16384 (custom)
2019-06-12 20:43:24,635 INFO  server.RaftServerConfigKeys (ConfUtils.java:logGet(43)) - raft.server.log.preallocated.size = 16384 (custom)
2019-06-12 20:43:24,635 INFO  server.RaftServerConfigKeys (ConfUtils.java:logGet(43)) - raft.server.log.write.buffer.size = 33554432 (custom)
2019-06-12 20:43:24,635 INFO  server.RaftServerConfigKeys (ConfUtils.java:logGet(43)) - raft.server.log.force.sync.num = 128 (default)
2019-06-12 20:43:24,636 INFO  server.RaftServerConfigKeys (ConfUtils.java:logGet(43)) - raft.server.log.statemachine.data.sync = true (default)
2019-06-12 20:43:24,636 INFO  server.RaftServerConfigKeys (ConfUtils.java:logGet(43)) - raft.server.log.statemachine.data.sync.timeout = 10s (default)
2019-06-12 20:43:24,636 INFO  server.RaftServerConfigKeys (ConfUtils.java:logGet(43)) - raft.server.log.statemachine.data.sync.timeout.retry = -1 (default)
2019-06-12 20:43:24,639 INFO  server.RaftServerConfigKeys (ConfUtils.java:logGet(43)) - raft.server.log.statemachine.data.caching.enabled = true (custom)
2019-06-12 20:43:24,646 INFO  server.RaftServerConfigKeys (ConfUtils.java:logGet(43)) - raft.server.snapshot.auto.trigger.enabled = true (custom)
2019-06-12 20:43:24,646 INFO  server.RaftServerConfigKeys (ConfUtils.java:logGet(43)) - raft.server.snapshot.auto.trigger.threshold = 10000 (custom)
2019-06-12 20:43:24,647 INFO  server.RaftServerConfigKeys (ConfUtils.java:logGet(43)) - raft.server.retrycache.expirytime = 600000ms (custom)
2019-06-12 20:43:24,662 INFO  impl.RaftServerImpl (RaftServerImpl.java:start(173)) - dea50da8-437d-495a-88b6-2e76fcbcd954: start group-153756003E39
2019-06-12 20:43:24,663 INFO  impl.RaftServerImpl (RaftServerImpl.java:setRole(164)) - dea50da8-437d-495a-88b6-2e76fcbcd954:group-153756003E39 changes role from null to FOLLOWER at term 0 for startAsFollower
2019-06-12 20:43:24,664 INFO  impl.RoleInfo (RoleInfo.java:updateAndGet(143)) - dea50da8-437d-495a-88b6-2e76fcbcd954: start FollowerState
2019-06-12 20:43:24,665 INFO  util.JmxRegister (JmxRegister.java:tryRegister(44)) - Successfully registered JMX Bean with object name Ratis:service=RaftServer,group=group-153756003E39,id=dea50da8-437d-495a-88b6-2e76fcbcd954
2019-06-12 20:43:24,707 INFO  pipeline.PipelineStateManager (PipelineStateManager.java:addPipeline(56)) - Created pipeline Pipeline[ Id: f26e9b46-32ed-4caf-878a-153756003e39, Nodes: dea50da8-437d-495a-88b6-2e76fcbcd954{ip: 192.168.19.5, host: ozone-kvdz9-1409474171, networkLocation: /default-rack, certSerialId: null}, Type:RATIS, Factor:ONE, State:OPEN]
2019-06-12 20:43:24,726 INFO  impl.RaftServerProxy (RaftServerProxy.java:addNew(89)) - 82092e5a-678c-497d-b850-ca3590bbfec0: addNew group-2F6166187A06:[82092e5a-678c-497d-b850-ca3590bbfec0:192.168.19.5:35725] returns group-2F6166187A06:java.util.concurrent.CompletableFuture@2344a86e[Not completed]
2019-06-12 20:43:24,726 INFO  impl.RaftServerImpl (RaftServerImpl.java:<init>(91)) - 82092e5a-678c-497d-b850-ca3590bbfec0: new RaftServerImpl for group-2F6166187A06:[82092e5a-678c-497d-b850-ca3590bbfec0:192.168.19.5:35725] with ContainerStateMachine:uninitialized
2019-06-12 20:43:24,727 INFO  server.RaftServerConfigKeys (ConfUtils.java:logGet(43)) - raft.server.rpc.timeout.min = 1s (custom)
2019-06-12 20:43:24,727 INFO  server.RaftServerConfigKeys (ConfUtils.java:logGet(43)) - raft.server.rpc.timeout.max = 1200ms (custom)
2019-06-12 20:43:24,727 INFO  server.RaftServerConfigKeys (ConfUtils.java:logGet(43)) - raft.server.rpcslowness.timeout = 10s (custom)
2019-06-12 20:43:24,727 INFO  server.RaftServerConfigKeys (ConfUtils.java:logGet(43)) - raft.server.log.appender.install.snapshot.enabled = true (default)
2019-06-12 20:43:24,728 INFO  impl.RaftServerImpl (ServerState.java:<init>(101)) - 82092e5a-678c-497d-b850-ca3590bbfec0:group-2F6166187A06 ConfigurationManager, init=-1: [82092e5a-678c-497d-b850-ca3590bbfec0:192.168.19.5:35725], old=null, confs=<EMPTY_MAP>
2019-06-12 20:43:24,728 INFO  server.RaftServerConfigKeys (ConfUtils.java:logGet(43)) - raft.server.storage.dir = [/opt/src/hadoop-ozone/integration-test/target/test-dir/MiniOzoneClusterImpl-7ac226a4-4068-4019-b634-19a29fd69213/datanode-2/data/ratis] (custom)
2019-06-12 20:43:24,728 INFO  storage.RaftStorageDirectory (RaftStorageDirectory.java:analyzeStorage(246)) - The storage directory /opt/src/hadoop-ozone/integration-test/target/test-dir/MiniOzoneClusterImpl-7ac226a4-4068-4019-b634-19a29fd69213/datanode-2/data/ratis/3e7a1438-cc8d-4f9d-b005-2f6166187a06 does not exist. Creating ...
2019-06-12 20:43:24,730 INFO  storage.RaftStorageDirectory (RaftStorageDirectory.java:tryLock(328)) - Lock on /opt/src/hadoop-ozone/integration-test/target/test-dir/MiniOzoneClusterImpl-7ac226a4-4068-4019-b634-19a29fd69213/datanode-2/data/ratis/3e7a1438-cc8d-4f9d-b005-2f6166187a06/in_use.lock acquired by nodename 10172@ozone-kvdz9-1409474171
2019-06-12 20:43:24,732 INFO  storage.RaftStorage (RaftStorage.java:format(75)) - Storage directory /opt/src/hadoop-ozone/integration-test/target/test-dir/MiniOzoneClusterImpl-7ac226a4-4068-4019-b634-19a29fd69213/datanode-2/data/ratis/3e7a1438-cc8d-4f9d-b005-2f6166187a06 has been successfully formatted.
2019-06-12 20:43:24,732 INFO  ratis.ContainerStateMachine (ContainerStateMachine.java:loadSnapshot(199)) - The snapshot info is null.Setting the last applied index to:(t:0, i:~)
2019-06-12 20:43:24,732 INFO  server.RaftServerConfigKeys (ConfUtils.java:logGet(43)) - raft.server.leader.election.timeout = 10s (custom)
2019-06-12 20:43:24,733 INFO  server.RaftServerConfigKeys (ConfUtils.java:logGet(43)) - raft.server.log.use.memory = false (default)
2019-06-12 20:43:24,733 INFO  server.RaftServerConfigKeys (ConfUtils.java:logGet(43)) - raft.server.log.appender.buffer.byte-limit = 33554432 (custom)
2019-06-12 20:43:24,733 INFO  server.RaftServerConfigKeys (ConfUtils.java:logGet(43)) - raft.server.log.segment.size.max = 16384 (custom)
2019-06-12 20:43:24,733 INFO  server.RaftServerConfigKeys (ConfUtils.java:logGet(43)) - raft.server.log.segment.cache.num.max = 2 (custom)
2019-06-12 20:43:24,733 INFO  storage.RaftLogWorker (RaftLogWorker.java:<init>(123)) - new 82092e5a-678c-497d-b850-ca3590bbfec0-RaftLogWorker for Storage Directory /opt/src/hadoop-ozone/integration-test/target/test-dir/MiniOzoneClusterImpl-7ac226a4-4068-4019-b634-19a29fd69213/datanode-2/data/ratis/3e7a1438-cc8d-4f9d-b005-2f6166187a06
2019-06-12 20:43:24,734 INFO  server.RaftServerConfigKeys (ConfUtils.java:logGet(43)) - raft.server.log.queue.byte-limit = 2147483647 (custom)
2019-06-12 20:43:24,734 INFO  server.RaftServerConfigKeys (ConfUtils.java:logGet(43)) - raft.server.log.queue.element-limit = 1024 (custom)
2019-06-12 20:43:24,734 INFO  server.RaftServerConfigKeys (ConfUtils.java:logGet(43)) - raft.server.log.segment.size.max = 16384 (custom)
2019-06-12 20:43:24,734 INFO  server.RaftServerConfigKeys (ConfUtils.java:logGet(43)) - raft.server.log.preallocated.size = 16384 (custom)
2019-06-12 20:43:24,734 INFO  server.RaftServerConfigKeys (ConfUtils.java:logGet(43)) - raft.server.log.write.buffer.size = 33554432 (custom)
2019-06-12 20:43:24,734 INFO  server.RaftServerConfigKeys (ConfUtils.java:logGet(43)) - raft.server.log.force.sync.num = 128 (default)
2019-06-12 20:43:24,735 INFO  server.RaftServerConfigKeys (ConfUtils.java:logGet(43)) - raft.server.log.statemachine.data.sync = true (default)
2019-06-12 20:43:24,735 INFO  server.RaftServerConfigKeys (ConfUtils.java:logGet(43)) - raft.server.log.statemachine.data.sync.timeout = 10s (default)
2019-06-12 20:43:24,735 INFO  server.RaftServerConfigKeys (ConfUtils.java:logGet(43)) - raft.server.log.statemachine.data.sync.timeout.retry = -1 (default)
2019-06-12 20:43:24,735 INFO  server.RaftServerConfigKeys (ConfUtils.java:logGet(43)) - raft.server.log.statemachine.data.caching.enabled = true (custom)
2019-06-12 20:43:24,735 INFO  server.RaftServerConfigKeys (ConfUtils.java:logGet(43)) - raft.server.snapshot.auto.trigger.enabled = true (custom)
2019-06-12 20:43:24,735 INFO  server.RaftServerConfigKeys (ConfUtils.java:logGet(43)) - raft.server.snapshot.auto.trigger.threshold = 10000 (custom)
2019-06-12 20:43:24,735 INFO  server.RaftServerConfigKeys (ConfUtils.java:logGet(43)) - raft.server.retrycache.expirytime = 600000ms (custom)
2019-06-12 20:43:24,736 INFO  impl.RaftServerImpl (RaftServerImpl.java:start(173)) - 82092e5a-678c-497d-b850-ca3590bbfec0: start group-2F6166187A06
2019-06-12 20:43:24,736 INFO  impl.RaftServerImpl (RaftServerImpl.java:setRole(164)) - 82092e5a-678c-497d-b850-ca3590bbfec0:group-2F6166187A06 changes role from null to FOLLOWER at term 0 for startAsFollower
2019-06-12 20:43:24,736 INFO  impl.RoleInfo (RoleInfo.java:updateAndGet(143)) - 82092e5a-678c-497d-b850-ca3590bbfec0: start FollowerState
2019-06-12 20:43:24,737 INFO  util.JmxRegister (JmxRegister.java:tryRegister(44)) - Successfully registered JMX Bean with object name Ratis:service=RaftServer,group=group-2F6166187A06,id=82092e5a-678c-497d-b850-ca3590bbfec0
2019-06-12 20:43:24,744 INFO  pipeline.PipelineStateManager (PipelineStateManager.java:addPipeline(56)) - Created pipeline Pipeline[ Id: 3e7a1438-cc8d-4f9d-b005-2f6166187a06, Nodes: 82092e5a-678c-497d-b850-ca3590bbfec0{ip: 192.168.19.5, host: ozone-kvdz9-1409474171, networkLocation: /default-rack, certSerialId: null}, Type:RATIS, Factor:ONE, State:OPEN]
2019-06-12 20:43:24,758 INFO  impl.RaftServerProxy (RaftServerProxy.java:addNew(89)) - 655c93e2-058b-4e0e-9ba6-f91576f9bf6e: addNew group-D698C8293B2A:[655c93e2-058b-4e0e-9ba6-f91576f9bf6e:192.168.19.5:35767] returns group-D698C8293B2A:java.util.concurrent.CompletableFuture@47dce30b[Not completed]
2019-06-12 20:43:24,780 INFO  node.SCMNodeManager (SCMNodeManager.java:register(234)) - Registered Data node : 12dc4d1a-ef4d-4106-b099-00b5b76e65e4{ip: 192.168.19.5, host: ozone-kvdz9-1409474171, networkLocation: /default-rack, certSerialId: null}
2019-06-12 20:43:24,792 INFO  impl.RaftServerImpl (RaftServerImpl.java:<init>(91)) - 655c93e2-058b-4e0e-9ba6-f91576f9bf6e: new RaftServerImpl for group-D698C8293B2A:[655c93e2-058b-4e0e-9ba6-f91576f9bf6e:192.168.19.5:35767] with ContainerStateMachine:uninitialized
2019-06-12 20:43:24,792 INFO  server.RaftServerConfigKeys (ConfUtils.java:logGet(43)) - raft.server.rpc.timeout.min = 1s (custom)
2019-06-12 20:43:24,792 INFO  server.RaftServerConfigKeys (ConfUtils.java:logGet(43)) - raft.server.rpc.timeout.max = 1200ms (custom)
2019-06-12 20:43:24,792 INFO  server.RaftServerConfigKeys (ConfUtils.java:logGet(43)) - raft.server.rpcslowness.timeout = 10s (custom)
2019-06-12 20:43:24,792 INFO  server.RaftServerConfigKeys (ConfUtils.java:logGet(43)) - raft.server.log.appender.install.snapshot.enabled = true (default)
2019-06-12 20:43:24,792 INFO  impl.RaftServerImpl (ServerState.java:<init>(101)) - 655c93e2-058b-4e0e-9ba6-f91576f9bf6e:group-D698C8293B2A ConfigurationManager, init=-1: [655c93e2-058b-4e0e-9ba6-f91576f9bf6e:192.168.19.5:35767], old=null, confs=<EMPTY_MAP>
2019-06-12 20:43:24,793 INFO  server.RaftServerConfigKeys (ConfUtils.java:logGet(43)) - raft.server.storage.dir = [/opt/src/hadoop-ozone/integration-test/target/test-dir/MiniOzoneClusterImpl-7ac226a4-4068-4019-b634-19a29fd69213/datanode-1/data/ratis] (custom)
2019-06-12 20:43:24,793 INFO  storage.RaftStorageDirectory (RaftStorageDirectory.java:analyzeStorage(246)) - The storage directory /opt/src/hadoop-ozone/integration-test/target/test-dir/MiniOzoneClusterImpl-7ac226a4-4068-4019-b634-19a29fd69213/datanode-1/data/ratis/b0288bf0-7f3a-4260-9624-d698c8293b2a does not exist. Creating ...
2019-06-12 20:43:24,796 INFO  storage.RaftStorageDirectory (RaftStorageDirectory.java:tryLock(328)) - Lock on /opt/src/hadoop-ozone/integration-test/target/test-dir/MiniOzoneClusterImpl-7ac226a4-4068-4019-b634-19a29fd69213/datanode-1/data/ratis/b0288bf0-7f3a-4260-9624-d698c8293b2a/in_use.lock acquired by nodename 10172@ozone-kvdz9-1409474171
2019-06-12 20:43:24,798 INFO  storage.RaftStorage (RaftStorage.java:format(75)) - Storage directory /opt/src/hadoop-ozone/integration-test/target/test-dir/MiniOzoneClusterImpl-7ac226a4-4068-4019-b634-19a29fd69213/datanode-1/data/ratis/b0288bf0-7f3a-4260-9624-d698c8293b2a has been successfully formatted.
2019-06-12 20:43:24,799 INFO  ratis.ContainerStateMachine (ContainerStateMachine.java:loadSnapshot(199)) - The snapshot info is null.Setting the last applied index to:(t:0, i:~)
2019-06-12 20:43:24,800 INFO  server.RaftServerConfigKeys (ConfUtils.java:logGet(43)) - raft.server.leader.election.timeout = 10s (custom)
2019-06-12 20:43:24,800 INFO  server.RaftServerConfigKeys (ConfUtils.java:logGet(43)) - raft.server.log.use.memory = false (default)
2019-06-12 20:43:24,800 INFO  server.RaftServerConfigKeys (ConfUtils.java:logGet(43)) - raft.server.log.appender.buffer.byte-limit = 33554432 (custom)
2019-06-12 20:43:24,800 INFO  server.RaftServerConfigKeys (ConfUtils.java:logGet(43)) - raft.server.log.segment.size.max = 16384 (custom)
2019-06-12 20:43:24,801 INFO  server.RaftServerConfigKeys (ConfUtils.java:logGet(43)) - raft.server.log.segment.cache.num.max = 2 (custom)
2019-06-12 20:43:24,801 INFO  storage.RaftLogWorker (RaftLogWorker.java:<init>(123)) - new 655c93e2-058b-4e0e-9ba6-f91576f9bf6e-RaftLogWorker for Storage Directory /opt/src/hadoop-ozone/integration-test/target/test-dir/MiniOzoneClusterImpl-7ac226a4-4068-4019-b634-19a29fd69213/datanode-1/data/ratis/b0288bf0-7f3a-4260-9624-d698c8293b2a
2019-06-12 20:43:24,801 INFO  server.RaftServerConfigKeys (ConfUtils.java:logGet(43)) - raft.server.log.queue.byte-limit = 2147483647 (custom)
2019-06-12 20:43:24,801 INFO  server.RaftServerConfigKeys (ConfUtils.java:logGet(43)) - raft.server.log.queue.element-limit = 1024 (custom)
2019-06-12 20:43:24,801 INFO  server.RaftServerConfigKeys (ConfUtils.java:logGet(43)) - raft.server.log.segment.size.max = 16384 (custom)
2019-06-12 20:43:24,801 INFO  server.RaftServerConfigKeys (ConfUtils.java:logGet(43)) - raft.server.log.preallocated.size = 16384 (custom)
2019-06-12 20:43:24,801 INFO  server.RaftServerConfigKeys (ConfUtils.java:logGet(43)) - raft.server.log.write.buffer.size = 33554432 (custom)
2019-06-12 20:43:24,801 INFO  server.RaftServerConfigKeys (ConfUtils.java:logGet(43)) - raft.server.log.force.sync.num = 128 (default)
2019-06-12 20:43:24,801 INFO  server.RaftServerConfigKeys (ConfUtils.java:logGet(43)) - raft.server.log.statemachine.data.sync = true (default)
2019-06-12 20:43:24,802 INFO  server.RaftServerConfigKeys (ConfUtils.java:logGet(43)) - raft.server.log.statemachine.data.sync.timeout = 10s (default)
2019-06-12 20:43:24,802 INFO  server.RaftServerConfigKeys (ConfUtils.java:logGet(43)) - raft.server.log.statemachine.data.sync.timeout.retry = -1 (default)
2019-06-12 20:43:24,802 INFO  server.RaftServerConfigKeys (ConfUtils.java:logGet(43)) - raft.server.log.statemachine.data.caching.enabled = true (custom)
2019-06-12 20:43:24,802 INFO  server.RaftServerConfigKeys (ConfUtils.java:logGet(43)) - raft.server.snapshot.auto.trigger.enabled = true (custom)
2019-06-12 20:43:24,802 INFO  server.RaftServerConfigKeys (ConfUtils.java:logGet(43)) - raft.server.snapshot.auto.trigger.threshold = 10000 (custom)
2019-06-12 20:43:24,803 INFO  server.RaftServerConfigKeys (ConfUtils.java:logGet(43)) - raft.server.retrycache.expirytime = 600000ms (custom)
2019-06-12 20:43:24,803 INFO  impl.RaftServerImpl (RaftServerImpl.java:start(173)) - 655c93e2-058b-4e0e-9ba6-f91576f9bf6e: start group-D698C8293B2A
2019-06-12 20:43:24,803 INFO  impl.RaftServerImpl (RaftServerImpl.java:setRole(164)) - 655c93e2-058b-4e0e-9ba6-f91576f9bf6e:group-D698C8293B2A changes role from null to FOLLOWER at term 0 for startAsFollower
2019-06-12 20:43:24,803 INFO  impl.RoleInfo (RoleInfo.java:updateAndGet(143)) - 655c93e2-058b-4e0e-9ba6-f91576f9bf6e: start FollowerState
2019-06-12 20:43:24,803 INFO  util.JmxRegister (JmxRegister.java:tryRegister(44)) - Successfully registered JMX Bean with object name Ratis:service=RaftServer,group=group-D698C8293B2A,id=655c93e2-058b-4e0e-9ba6-f91576f9bf6e
2019-06-12 20:43:24,818 INFO  pipeline.PipelineStateManager (PipelineStateManager.java:addPipeline(56)) - Created pipeline Pipeline[ Id: b0288bf0-7f3a-4260-9624-d698c8293b2a, Nodes: 655c93e2-058b-4e0e-9ba6-f91576f9bf6e{ip: 192.168.19.5, host: ozone-kvdz9-1409474171, networkLocation: /default-rack, certSerialId: null}, Type:RATIS, Factor:ONE, State:OPEN]
2019-06-12 20:43:24,850 INFO  impl.RaftServerProxy (RaftServerProxy.java:addNew(89)) - 12dc4d1a-ef4d-4106-b099-00b5b76e65e4: addNew group-28164BFDDA1D:[12dc4d1a-ef4d-4106-b099-00b5b76e65e4:192.168.19.5:41565] returns group-28164BFDDA1D:java.util.concurrent.CompletableFuture@6d513a46[Not completed]
2019-06-12 20:43:24,854 INFO  impl.RaftServerImpl (RaftServerImpl.java:<init>(91)) - 12dc4d1a-ef4d-4106-b099-00b5b76e65e4: new RaftServerImpl for group-28164BFDDA1D:[12dc4d1a-ef4d-4106-b099-00b5b76e65e4:192.168.19.5:41565] with ContainerStateMachine:uninitialized
2019-06-12 20:43:24,854 INFO  server.RaftServerConfigKeys (ConfUtils.java:logGet(43)) - raft.server.rpc.timeout.min = 1s (custom)
2019-06-12 20:43:24,854 INFO  server.RaftServerConfigKeys (ConfUtils.java:logGet(43)) - raft.server.rpc.timeout.max = 1200ms (custom)
2019-06-12 20:43:24,854 INFO  server.RaftServerConfigKeys (ConfUtils.java:logGet(43)) - raft.server.rpcslowness.timeout = 10s (custom)
2019-06-12 20:43:24,854 INFO  server.RaftServerConfigKeys (ConfUtils.java:logGet(43)) - raft.server.log.appender.install.snapshot.enabled = true (default)
2019-06-12 20:43:24,854 INFO  impl.RaftServerImpl (ServerState.java:<init>(101)) - 12dc4d1a-ef4d-4106-b099-00b5b76e65e4:group-28164BFDDA1D ConfigurationManager, init=-1: [12dc4d1a-ef4d-4106-b099-00b5b76e65e4:192.168.19.5:41565], old=null, confs=<EMPTY_MAP>
2019-06-12 20:43:24,855 INFO  server.RaftServerConfigKeys (ConfUtils.java:logGet(43)) - raft.server.storage.dir = [/opt/src/hadoop-ozone/integration-test/target/test-dir/MiniOzoneClusterImpl-7ac226a4-4068-4019-b634-19a29fd69213/datanode-3/data/ratis] (custom)
2019-06-12 20:43:24,855 INFO  storage.RaftStorageDirectory (RaftStorageDirectory.java:analyzeStorage(246)) - The storage directory /opt/src/hadoop-ozone/integration-test/target/test-dir/MiniOzoneClusterImpl-7ac226a4-4068-4019-b634-19a29fd69213/datanode-3/data/ratis/57fd80c3-f2bb-4f60-9f9a-28164bfdda1d does not exist. Creating ...
2019-06-12 20:43:24,857 INFO  storage.RaftStorageDirectory (RaftStorageDirectory.java:tryLock(328)) - Lock on /opt/src/hadoop-ozone/integration-test/target/test-dir/MiniOzoneClusterImpl-7ac226a4-4068-4019-b634-19a29fd69213/datanode-3/data/ratis/57fd80c3-f2bb-4f60-9f9a-28164bfdda1d/in_use.lock acquired by nodename 10172@ozone-kvdz9-1409474171
2019-06-12 20:43:24,859 INFO  storage.RaftStorage (RaftStorage.java:format(75)) - Storage directory /opt/src/hadoop-ozone/integration-test/target/test-dir/MiniOzoneClusterImpl-7ac226a4-4068-4019-b634-19a29fd69213/datanode-3/data/ratis/57fd80c3-f2bb-4f60-9f9a-28164bfdda1d has been successfully formatted.
2019-06-12 20:43:24,859 INFO  ratis.ContainerStateMachine (ContainerStateMachine.java:loadSnapshot(199)) - The snapshot info is null.Setting the last applied index to:(t:0, i:~)
2019-06-12 20:43:24,860 INFO  server.RaftServerConfigKeys (ConfUtils.java:logGet(43)) - raft.server.leader.election.timeout = 10s (custom)
2019-06-12 20:43:24,860 INFO  server.RaftServerConfigKeys (ConfUtils.java:logGet(43)) - raft.server.log.use.memory = false (default)
2019-06-12 20:43:24,860 INFO  server.RaftServerConfigKeys (ConfUtils.java:logGet(43)) - raft.server.log.appender.buffer.byte-limit = 33554432 (custom)
2019-06-12 20:43:24,860 INFO  server.RaftServerConfigKeys (ConfUtils.java:logGet(43)) - raft.server.log.segment.size.max = 16384 (custom)
2019-06-12 20:43:24,860 INFO  server.RaftServerConfigKeys (ConfUtils.java:logGet(43)) - raft.server.log.segment.cache.num.max = 2 (custom)
2019-06-12 20:43:24,860 INFO  storage.RaftLogWorker (RaftLogWorker.java:<init>(123)) - new 12dc4d1a-ef4d-4106-b099-00b5b76e65e4-RaftLogWorker for Storage Directory /opt/src/hadoop-ozone/integration-test/target/test-dir/MiniOzoneClusterImpl-7ac226a4-4068-4019-b634-19a29fd69213/datanode-3/data/ratis/57fd80c3-f2bb-4f60-9f9a-28164bfdda1d
2019-06-12 20:43:24,860 INFO  server.RaftServerConfigKeys (ConfUtils.java:logGet(43)) - raft.server.log.queue.byte-limit = 2147483647 (custom)
2019-06-12 20:43:24,860 INFO  server.RaftServerConfigKeys (ConfUtils.java:logGet(43)) - raft.server.log.queue.element-limit = 1024 (custom)
2019-06-12 20:43:24,860 INFO  server.RaftServerConfigKeys (ConfUtils.java:logGet(43)) - raft.server.log.segment.size.max = 16384 (custom)
2019-06-12 20:43:24,860 INFO  server.RaftServerConfigKeys (ConfUtils.java:logGet(43)) - raft.server.log.preallocated.size = 16384 (custom)
2019-06-12 20:43:24,860 INFO  server.RaftServerConfigKeys (ConfUtils.java:logGet(43)) - raft.server.log.write.buffer.size = 33554432 (custom)
2019-06-12 20:43:24,861 INFO  server.RaftServerConfigKeys (ConfUtils.java:logGet(43)) - raft.server.log.force.sync.num = 128 (default)
2019-06-12 20:43:24,861 INFO  server.RaftServerConfigKeys (ConfUtils.java:logGet(43)) - raft.server.log.statemachine.data.sync = true (default)
2019-06-12 20:43:24,861 INFO  server.RaftServerConfigKeys (ConfUtils.java:logGet(43)) - raft.server.log.statemachine.data.sync.timeout = 10s (default)
2019-06-12 20:43:24,861 INFO  server.RaftServerConfigKeys (ConfUtils.java:logGet(43)) - raft.server.log.statemachine.data.sync.timeout.retry = -1 (default)
2019-06-12 20:43:24,861 INFO  server.RaftServerConfigKeys (ConfUtils.java:logGet(43)) - raft.server.log.statemachine.data.caching.enabled = true (custom)
2019-06-12 20:43:24,861 INFO  server.RaftServerConfigKeys (ConfUtils.java:logGet(43)) - raft.server.snapshot.auto.trigger.enabled = true (custom)
2019-06-12 20:43:24,861 INFO  server.RaftServerConfigKeys (ConfUtils.java:logGet(43)) - raft.server.snapshot.auto.trigger.threshold = 10000 (custom)
2019-06-12 20:43:24,862 INFO  server.RaftServerConfigKeys (ConfUtils.java:logGet(43)) - raft.server.retrycache.expirytime = 600000ms (custom)
2019-06-12 20:43:24,862 INFO  impl.RaftServerImpl (RaftServerImpl.java:start(173)) - 12dc4d1a-ef4d-4106-b099-00b5b76e65e4: start group-28164BFDDA1D
2019-06-12 20:43:24,862 INFO  impl.RaftServerImpl (RaftServerImpl.java:setRole(164)) - 12dc4d1a-ef4d-4106-b099-00b5b76e65e4:group-28164BFDDA1D changes role from null to FOLLOWER at term 0 for startAsFollower
2019-06-12 20:43:24,862 INFO  impl.RoleInfo (RoleInfo.java:updateAndGet(143)) - 12dc4d1a-ef4d-4106-b099-00b5b76e65e4: start FollowerState
2019-06-12 20:43:24,862 INFO  util.JmxRegister (JmxRegister.java:tryRegister(44)) - Successfully registered JMX Bean with object name Ratis:service=RaftServer,group=group-28164BFDDA1D,id=12dc4d1a-ef4d-4106-b099-00b5b76e65e4
2019-06-12 20:43:24,867 INFO  pipeline.PipelineStateManager (PipelineStateManager.java:addPipeline(56)) - Created pipeline Pipeline[ Id: 57fd80c3-f2bb-4f60-9f9a-28164bfdda1d, Nodes: 12dc4d1a-ef4d-4106-b099-00b5b76e65e4{ip: 192.168.19.5, host: ozone-kvdz9-1409474171, networkLocation: /default-rack, certSerialId: null}, Type:RATIS, Factor:ONE, State:OPEN]
2019-06-12 20:43:24,928 INFO  impl.RaftServerProxy (RaftServerProxy.java:addNew(89)) - dea50da8-437d-495a-88b6-2e76fcbcd954: addNew group-3EFFD9A12EB9:[82092e5a-678c-497d-b850-ca3590bbfec0:192.168.19.5:35725, 12dc4d1a-ef4d-4106-b099-00b5b76e65e4:192.168.19.5:41565, dea50da8-437d-495a-88b6-2e76fcbcd954:192.168.19.5:33291] returns group-3EFFD9A12EB9:java.util.concurrent.CompletableFuture@2030ce71[Not completed]
2019-06-12 20:43:24,929 INFO  impl.RaftServerImpl (RaftServerImpl.java:<init>(91)) - dea50da8-437d-495a-88b6-2e76fcbcd954: new RaftServerImpl for group-3EFFD9A12EB9:[82092e5a-678c-497d-b850-ca3590bbfec0:192.168.19.5:35725, 12dc4d1a-ef4d-4106-b099-00b5b76e65e4:192.168.19.5:41565, dea50da8-437d-495a-88b6-2e76fcbcd954:192.168.19.5:33291] with ContainerStateMachine:uninitialized
2019-06-12 20:43:24,929 INFO  server.RaftServerConfigKeys (ConfUtils.java:logGet(43)) - raft.server.rpc.timeout.min = 1s (custom)
2019-06-12 20:43:24,929 INFO  server.RaftServerConfigKeys (ConfUtils.java:logGet(43)) - raft.server.rpc.timeout.max = 1200ms (custom)
2019-06-12 20:43:24,929 INFO  impl.RaftServerProxy (RaftServerProxy.java:addNew(89)) - 82092e5a-678c-497d-b850-ca3590bbfec0: addNew group-3EFFD9A12EB9:[82092e5a-678c-497d-b850-ca3590bbfec0:192.168.19.5:35725, 12dc4d1a-ef4d-4106-b099-00b5b76e65e4:192.168.19.5:41565, dea50da8-437d-495a-88b6-2e76fcbcd954:192.168.19.5:33291] returns group-3EFFD9A12EB9:java.util.concurrent.CompletableFuture@65622ab8[Not completed]
2019-06-12 20:43:24,930 INFO  impl.RaftServerProxy (RaftServerProxy.java:addNew(89)) - 12dc4d1a-ef4d-4106-b099-00b5b76e65e4: addNew group-3EFFD9A12EB9:[82092e5a-678c-497d-b850-ca3590bbfec0:192.168.19.5:35725, 12dc4d1a-ef4d-4106-b099-00b5b76e65e4:192.168.19.5:41565, dea50da8-437d-495a-88b6-2e76fcbcd954:192.168.19.5:33291] returns group-3EFFD9A12EB9:java.util.concurrent.CompletableFuture@37fb3be5[Not completed]
2019-06-12 20:43:24,930 INFO  impl.RaftServerImpl (RaftServerImpl.java:<init>(91)) - 82092e5a-678c-497d-b850-ca3590bbfec0: new RaftServerImpl for group-3EFFD9A12EB9:[82092e5a-678c-497d-b850-ca3590bbfec0:192.168.19.5:35725, 12dc4d1a-ef4d-4106-b099-00b5b76e65e4:192.168.19.5:41565, dea50da8-437d-495a-88b6-2e76fcbcd954:192.168.19.5:33291] with ContainerStateMachine:uninitialized
2019-06-12 20:43:24,930 INFO  server.RaftServerConfigKeys (ConfUtils.java:logGet(43)) - raft.server.rpc.timeout.min = 1s (custom)
2019-06-12 20:43:24,930 INFO  server.RaftServerConfigKeys (ConfUtils.java:logGet(43)) - raft.server.rpc.timeout.max = 1200ms (custom)
2019-06-12 20:43:24,931 INFO  server.RaftServerConfigKeys (ConfUtils.java:logGet(43)) - raft.server.rpcslowness.timeout = 10s (custom)
2019-06-12 20:43:24,931 INFO  server.RaftServerConfigKeys (ConfUtils.java:logGet(43)) - raft.server.log.appender.install.snapshot.enabled = true (default)
2019-06-12 20:43:24,931 INFO  impl.RaftServerImpl (ServerState.java:<init>(101)) - 82092e5a-678c-497d-b850-ca3590bbfec0:group-3EFFD9A12EB9 ConfigurationManager, init=-1: [82092e5a-678c-497d-b850-ca3590bbfec0:192.168.19.5:35725, 12dc4d1a-ef4d-4106-b099-00b5b76e65e4:192.168.19.5:41565, dea50da8-437d-495a-88b6-2e76fcbcd954:192.168.19.5:33291], old=null, confs=<EMPTY_MAP>
2019-06-12 20:43:24,931 INFO  server.RaftServerConfigKeys (ConfUtils.java:logGet(43)) - raft.server.storage.dir = [/opt/src/hadoop-ozone/integration-test/target/test-dir/MiniOzoneClusterImpl-7ac226a4-4068-4019-b634-19a29fd69213/datanode-2/data/ratis] (custom)
2019-06-12 20:43:24,931 INFO  storage.RaftStorageDirectory (RaftStorageDirectory.java:analyzeStorage(246)) - The storage directory /opt/src/hadoop-ozone/integration-test/target/test-dir/MiniOzoneClusterImpl-7ac226a4-4068-4019-b634-19a29fd69213/datanode-2/data/ratis/3d027c4c-9f64-462f-b4a3-3effd9a12eb9 does not exist. Creating ...
2019-06-12 20:43:24,932 INFO  impl.RaftServerImpl (RaftServerImpl.java:<init>(91)) - 12dc4d1a-ef4d-4106-b099-00b5b76e65e4: new RaftServerImpl for group-3EFFD9A12EB9:[82092e5a-678c-497d-b850-ca3590bbfec0:192.168.19.5:35725, 12dc4d1a-ef4d-4106-b099-00b5b76e65e4:192.168.19.5:41565, dea50da8-437d-495a-88b6-2e76fcbcd954:192.168.19.5:33291] with ContainerStateMachine:uninitialized
2019-06-12 20:43:24,933 INFO  server.RaftServerConfigKeys (ConfUtils.java:logGet(43)) - raft.server.rpc.timeout.min = 1s (custom)
2019-06-12 20:43:24,933 INFO  server.RaftServerConfigKeys (ConfUtils.java:logGet(43)) - raft.server.rpc.timeout.max = 1200ms (custom)
2019-06-12 20:43:24,933 INFO  server.RaftServerConfigKeys (ConfUtils.java:logGet(43)) - raft.server.rpcslowness.timeout = 10s (custom)
2019-06-12 20:43:24,933 INFO  server.RaftServerConfigKeys (ConfUtils.java:logGet(43)) - raft.server.log.appender.install.snapshot.enabled = true (default)
2019-06-12 20:43:24,933 INFO  impl.RaftServerImpl (ServerState.java:<init>(101)) - 12dc4d1a-ef4d-4106-b099-00b5b76e65e4:group-3EFFD9A12EB9 ConfigurationManager, init=-1: [82092e5a-678c-497d-b850-ca3590bbfec0:192.168.19.5:35725, 12dc4d1a-ef4d-4106-b099-00b5b76e65e4:192.168.19.5:41565, dea50da8-437d-495a-88b6-2e76fcbcd954:192.168.19.5:33291], old=null, confs=<EMPTY_MAP>
2019-06-12 20:43:24,933 INFO  server.RaftServerConfigKeys (ConfUtils.java:logGet(43)) - raft.server.storage.dir = [/opt/src/hadoop-ozone/integration-test/target/test-dir/MiniOzoneClusterImpl-7ac226a4-4068-4019-b634-19a29fd69213/datanode-3/data/ratis] (custom)
2019-06-12 20:43:24,929 INFO  server.RaftServerConfigKeys (ConfUtils.java:logGet(43)) - raft.server.rpcslowness.timeout = 10s (custom)
2019-06-12 20:43:24,937 INFO  server.RaftServerConfigKeys (ConfUtils.java:logGet(43)) - raft.server.log.appender.install.snapshot.enabled = true (default)
2019-06-12 20:43:24,938 INFO  impl.RaftServerImpl (ServerState.java:<init>(101)) - dea50da8-437d-495a-88b6-2e76fcbcd954:group-3EFFD9A12EB9 ConfigurationManager, init=-1: [82092e5a-678c-497d-b850-ca3590bbfec0:192.168.19.5:35725, 12dc4d1a-ef4d-4106-b099-00b5b76e65e4:192.168.19.5:41565, dea50da8-437d-495a-88b6-2e76fcbcd954:192.168.19.5:33291], old=null, confs=<EMPTY_MAP>
2019-06-12 20:43:24,938 INFO  server.RaftServerConfigKeys (ConfUtils.java:logGet(43)) - raft.server.storage.dir = [/opt/src/hadoop-ozone/integration-test/target/test-dir/MiniOzoneClusterImpl-7ac226a4-4068-4019-b634-19a29fd69213/datanode-0/data/ratis] (custom)
2019-06-12 20:43:24,938 INFO  storage.RaftStorageDirectory (RaftStorageDirectory.java:analyzeStorage(246)) - The storage directory /opt/src/hadoop-ozone/integration-test/target/test-dir/MiniOzoneClusterImpl-7ac226a4-4068-4019-b634-19a29fd69213/datanode-0/data/ratis/3d027c4c-9f64-462f-b4a3-3effd9a12eb9 does not exist. Creating ...
2019-06-12 20:43:24,939 INFO  storage.RaftStorageDirectory (RaftStorageDirectory.java:analyzeStorage(246)) - The storage directory /opt/src/hadoop-ozone/integration-test/target/test-dir/MiniOzoneClusterImpl-7ac226a4-4068-4019-b634-19a29fd69213/datanode-3/data/ratis/3d027c4c-9f64-462f-b4a3-3effd9a12eb9 does not exist. Creating ...
2019-06-12 20:43:24,941 INFO  storage.RaftStorageDirectory (RaftStorageDirectory.java:tryLock(328)) - Lock on /opt/src/hadoop-ozone/integration-test/target/test-dir/MiniOzoneClusterImpl-7ac226a4-4068-4019-b634-19a29fd69213/datanode-3/data/ratis/3d027c4c-9f64-462f-b4a3-3effd9a12eb9/in_use.lock acquired by nodename 10172@ozone-kvdz9-1409474171
2019-06-12 20:43:24,941 INFO  storage.RaftStorageDirectory (RaftStorageDirectory.java:tryLock(328)) - Lock on /opt/src/hadoop-ozone/integration-test/target/test-dir/MiniOzoneClusterImpl-7ac226a4-4068-4019-b634-19a29fd69213/datanode-2/data/ratis/3d027c4c-9f64-462f-b4a3-3effd9a12eb9/in_use.lock acquired by nodename 10172@ozone-kvdz9-1409474171
2019-06-12 20:43:24,943 INFO  storage.RaftStorageDirectory (RaftStorageDirectory.java:tryLock(328)) - Lock on /opt/src/hadoop-ozone/integration-test/target/test-dir/MiniOzoneClusterImpl-7ac226a4-4068-4019-b634-19a29fd69213/datanode-0/data/ratis/3d027c4c-9f64-462f-b4a3-3effd9a12eb9/in_use.lock acquired by nodename 10172@ozone-kvdz9-1409474171
2019-06-12 20:43:24,946 INFO  storage.RaftStorage (RaftStorage.java:format(75)) - Storage directory /opt/src/hadoop-ozone/integration-test/target/test-dir/MiniOzoneClusterImpl-7ac226a4-4068-4019-b634-19a29fd69213/datanode-3/data/ratis/3d027c4c-9f64-462f-b4a3-3effd9a12eb9 has been successfully formatted.
2019-06-12 20:43:24,946 INFO  storage.RaftStorage (RaftStorage.java:format(75)) - Storage directory /opt/src/hadoop-ozone/integration-test/target/test-dir/MiniOzoneClusterImpl-7ac226a4-4068-4019-b634-19a29fd69213/datanode-2/data/ratis/3d027c4c-9f64-462f-b4a3-3effd9a12eb9 has been successfully formatted.
2019-06-12 20:43:24,946 INFO  ratis.ContainerStateMachine (ContainerStateMachine.java:loadSnapshot(199)) - The snapshot info is null.Setting the last applied index to:(t:0, i:~)
2019-06-12 20:43:24,946 INFO  ratis.ContainerStateMachine (ContainerStateMachine.java:loadSnapshot(199)) - The snapshot info is null.Setting the last applied index to:(t:0, i:~)
2019-06-12 20:43:24,946 INFO  server.RaftServerConfigKeys (ConfUtils.java:logGet(43)) - raft.server.leader.election.timeout = 10s (custom)
2019-06-12 20:43:24,946 INFO  server.RaftServerConfigKeys (ConfUtils.java:logGet(43)) - raft.server.log.use.memory = false (default)
2019-06-12 20:43:24,946 INFO  server.RaftServerConfigKeys (ConfUtils.java:logGet(43)) - raft.server.log.appender.buffer.byte-limit = 33554432 (custom)
2019-06-12 20:43:24,946 INFO  server.RaftServerConfigKeys (ConfUtils.java:logGet(43)) - raft.server.log.segment.size.max = 16384 (custom)
2019-06-12 20:43:24,946 INFO  server.RaftServerConfigKeys (ConfUtils.java:logGet(43)) - raft.server.log.segment.cache.num.max = 2 (custom)
2019-06-12 20:43:24,947 INFO  storage.RaftLogWorker (RaftLogWorker.java:<init>(123)) - new 82092e5a-678c-497d-b850-ca3590bbfec0-RaftLogWorker for Storage Directory /opt/src/hadoop-ozone/integration-test/target/test-dir/MiniOzoneClusterImpl-7ac226a4-4068-4019-b634-19a29fd69213/datanode-2/data/ratis/3d027c4c-9f64-462f-b4a3-3effd9a12eb9
2019-06-12 20:43:24,947 INFO  server.RaftServerConfigKeys (ConfUtils.java:logGet(43)) - raft.server.log.queue.byte-limit = 2147483647 (custom)
2019-06-12 20:43:24,947 INFO  server.RaftServerConfigKeys (ConfUtils.java:logGet(43)) - raft.server.log.queue.element-limit = 1024 (custom)
2019-06-12 20:43:24,947 INFO  server.RaftServerConfigKeys (ConfUtils.java:logGet(43)) - raft.server.log.segment.size.max = 16384 (custom)
2019-06-12 20:43:24,947 INFO  server.RaftServerConfigKeys (ConfUtils.java:logGet(43)) - raft.server.log.preallocated.size = 16384 (custom)
2019-06-12 20:43:24,947 INFO  server.RaftServerConfigKeys (ConfUtils.java:logGet(43)) - raft.server.log.write.buffer.size = 33554432 (custom)
2019-06-12 20:43:24,947 INFO  server.RaftServerConfigKeys (ConfUtils.java:logGet(43)) - raft.server.log.force.sync.num = 128 (default)
2019-06-12 20:43:24,947 INFO  server.RaftServerConfigKeys (ConfUtils.java:logGet(43)) - raft.server.log.statemachine.data.sync = true (default)
2019-06-12 20:43:24,947 INFO  server.RaftServerConfigKeys (ConfUtils.java:logGet(43)) - raft.server.log.statemachine.data.sync.timeout = 10s (default)
2019-06-12 20:43:24,947 INFO  server.RaftServerConfigKeys (ConfUtils.java:logGet(43)) - raft.server.log.statemachine.data.sync.timeout.retry = -1 (default)
2019-06-12 20:43:24,947 INFO  server.RaftServerConfigKeys (ConfUtils.java:logGet(43)) - raft.server.log.statemachine.data.caching.enabled = true (custom)
2019-06-12 20:43:24,946 INFO  server.RaftServerConfigKeys (ConfUtils.java:logGet(43)) - raft.server.leader.election.timeout = 10s (custom)
2019-06-12 20:43:24,950 INFO  server.RaftServerConfigKeys (ConfUtils.java:logGet(43)) - raft.server.log.use.memory = false (default)
2019-06-12 20:43:24,950 INFO  server.RaftServerConfigKeys (ConfUtils.java:logGet(43)) - raft.server.log.appender.buffer.byte-limit = 33554432 (custom)
2019-06-12 20:43:24,950 INFO  server.RaftServerConfigKeys (ConfUtils.java:logGet(43)) - raft.server.log.segment.size.max = 16384 (custom)
2019-06-12 20:43:24,951 INFO  server.RaftServerConfigKeys (ConfUtils.java:logGet(43)) - raft.server.log.segment.cache.num.max = 2 (custom)
2019-06-12 20:43:24,951 INFO  storage.RaftLogWorker (RaftLogWorker.java:<init>(123)) - new 12dc4d1a-ef4d-4106-b099-00b5b76e65e4-RaftLogWorker for Storage Directory /opt/src/hadoop-ozone/integration-test/target/test-dir/MiniOzoneClusterImpl-7ac226a4-4068-4019-b634-19a29fd69213/datanode-3/data/ratis/3d027c4c-9f64-462f-b4a3-3effd9a12eb9
2019-06-12 20:43:24,951 INFO  server.RaftServerConfigKeys (ConfUtils.java:logGet(43)) - raft.server.log.queue.byte-limit = 2147483647 (custom)
2019-06-12 20:43:24,951 INFO  server.RaftServerConfigKeys (ConfUtils.java:logGet(43)) - raft.server.log.queue.element-limit = 1024 (custom)
2019-06-12 20:43:24,951 INFO  server.RaftServerConfigKeys (ConfUtils.java:logGet(43)) - raft.server.log.segment.size.max = 16384 (custom)
2019-06-12 20:43:24,951 INFO  server.RaftServerConfigKeys (ConfUtils.java:logGet(43)) - raft.server.log.preallocated.size = 16384 (custom)
2019-06-12 20:43:24,951 INFO  server.RaftServerConfigKeys (ConfUtils.java:logGet(43)) - raft.server.log.write.buffer.size = 33554432 (custom)
2019-06-12 20:43:24,951 INFO  server.RaftServerConfigKeys (ConfUtils.java:logGet(43)) - raft.server.log.force.sync.num = 128 (default)
2019-06-12 20:43:24,951 INFO  server.RaftServerConfigKeys (ConfUtils.java:logGet(43)) - raft.server.log.statemachine.data.sync = true (default)
2019-06-12 20:43:24,952 INFO  server.RaftServerConfigKeys (ConfUtils.java:logGet(43)) - raft.server.log.statemachine.data.sync.timeout = 10s (default)
2019-06-12 20:43:24,952 INFO  server.RaftServerConfigKeys (ConfUtils.java:logGet(43)) - raft.server.log.statemachine.data.sync.timeout.retry = -1 (default)
2019-06-12 20:43:24,946 INFO  storage.RaftStorage (RaftStorage.java:format(75)) - Storage directory /opt/src/hadoop-ozone/integration-test/target/test-dir/MiniOzoneClusterImpl-7ac226a4-4068-4019-b634-19a29fd69213/datanode-0/data/ratis/3d027c4c-9f64-462f-b4a3-3effd9a12eb9 has been successfully formatted.
2019-06-12 20:43:24,951 INFO  node.SCMNodeManager (SCMNodeManager.java:register(234)) - Registered Data node : 47017f09-327d-49c6-be69-2e459deedab5{ip: 192.168.19.5, host: ozone-kvdz9-1409474171, networkLocation: /default-rack, certSerialId: null}
2019-06-12 20:43:24,952 INFO  ratis.ContainerStateMachine (ContainerStateMachine.java:loadSnapshot(199)) - The snapshot info is null.Setting the last applied index to:(t:0, i:~)
2019-06-12 20:43:24,953 INFO  server.RaftServerConfigKeys (ConfUtils.java:logGet(43)) - raft.server.leader.election.timeout = 10s (custom)
2019-06-12 20:43:24,953 INFO  server.RaftServerConfigKeys (ConfUtils.java:logGet(43)) - raft.server.log.use.memory = false (default)
2019-06-12 20:43:24,953 INFO  server.RaftServerConfigKeys (ConfUtils.java:logGet(43)) - raft.server.log.appender.buffer.byte-limit = 33554432 (custom)
2019-06-12 20:43:24,953 INFO  server.RaftServerConfigKeys (ConfUtils.java:logGet(43)) - raft.server.log.segment.size.max = 16384 (custom)
2019-06-12 20:43:24,953 INFO  server.RaftServerConfigKeys (ConfUtils.java:logGet(43)) - raft.server.log.segment.cache.num.max = 2 (custom)
2019-06-12 20:43:24,953 INFO  server.RaftServerConfigKeys (ConfUtils.java:logGet(43)) - raft.server.snapshot.auto.trigger.enabled = true (custom)
2019-06-12 20:43:24,953 INFO  server.RaftServerConfigKeys (ConfUtils.java:logGet(43)) - raft.server.log.statemachine.data.caching.enabled = true (custom)
2019-06-12 20:43:24,954 INFO  server.RaftServerConfigKeys (ConfUtils.java:logGet(43)) - raft.server.snapshot.auto.trigger.threshold = 10000 (custom)
2019-06-12 20:43:24,953 INFO  storage.RaftLogWorker (RaftLogWorker.java:<init>(123)) - new dea50da8-437d-495a-88b6-2e76fcbcd954-RaftLogWorker for Storage Directory /opt/src/hadoop-ozone/integration-test/target/test-dir/MiniOzoneClusterImpl-7ac226a4-4068-4019-b634-19a29fd69213/datanode-0/data/ratis/3d027c4c-9f64-462f-b4a3-3effd9a12eb9
2019-06-12 20:43:24,954 INFO  server.RaftServerConfigKeys (ConfUtils.java:logGet(43)) - raft.server.retrycache.expirytime = 600000ms (custom)
2019-06-12 20:43:24,954 INFO  server.RaftServerConfigKeys (ConfUtils.java:logGet(43)) - raft.server.snapshot.auto.trigger.enabled = true (custom)
2019-06-12 20:43:24,954 INFO  server.RaftServerConfigKeys (ConfUtils.java:logGet(43)) - raft.server.log.queue.byte-limit = 2147483647 (custom)
2019-06-12 20:43:24,954 INFO  impl.RaftServerImpl (RaftServerImpl.java:start(173)) - 82092e5a-678c-497d-b850-ca3590bbfec0: start group-3EFFD9A12EB9
2019-06-12 20:43:24,954 INFO  server.RaftServerConfigKeys (ConfUtils.java:logGet(43)) - raft.server.snapshot.auto.trigger.threshold = 10000 (custom)
2019-06-12 20:43:24,954 INFO  impl.RaftServerImpl (RaftServerImpl.java:setRole(164)) - 82092e5a-678c-497d-b850-ca3590bbfec0:group-3EFFD9A12EB9 changes role from null to FOLLOWER at term 0 for startAsFollower
2019-06-12 20:43:24,954 INFO  server.RaftServerConfigKeys (ConfUtils.java:logGet(43)) - raft.server.retrycache.expirytime = 600000ms (custom)
2019-06-12 20:43:24,955 INFO  impl.RaftServerImpl (RaftServerImpl.java:start(173)) - 12dc4d1a-ef4d-4106-b099-00b5b76e65e4: start group-3EFFD9A12EB9
2019-06-12 20:43:24,955 INFO  impl.RaftServerImpl (RaftServerImpl.java:setRole(164)) - 12dc4d1a-ef4d-4106-b099-00b5b76e65e4:group-3EFFD9A12EB9 changes role from null to FOLLOWER at term 0 for startAsFollower
2019-06-12 20:43:24,954 INFO  server.RaftServerConfigKeys (ConfUtils.java:logGet(43)) - raft.server.log.queue.element-limit = 1024 (custom)
2019-06-12 20:43:24,955 INFO  server.RaftServerConfigKeys (ConfUtils.java:logGet(43)) - raft.server.log.segment.size.max = 16384 (custom)
2019-06-12 20:43:24,955 INFO  server.RaftServerConfigKeys (ConfUtils.java:logGet(43)) - raft.server.log.preallocated.size = 16384 (custom)
2019-06-12 20:43:24,955 INFO  server.RaftServerConfigKeys (ConfUtils.java:logGet(43)) - raft.server.log.write.buffer.size = 33554432 (custom)
2019-06-12 20:43:24,955 INFO  server.RaftServerConfigKeys (ConfUtils.java:logGet(43)) - raft.server.log.force.sync.num = 128 (default)
2019-06-12 20:43:24,955 INFO  server.RaftServerConfigKeys (ConfUtils.java:logGet(43)) - raft.server.log.statemachine.data.sync = true (default)
2019-06-12 20:43:24,955 INFO  server.RaftServerConfigKeys (ConfUtils.java:logGet(43)) - raft.server.log.statemachine.data.sync.timeout = 10s (default)
2019-06-12 20:43:24,955 INFO  server.RaftServerConfigKeys (ConfUtils.java:logGet(43)) - raft.server.log.statemachine.data.sync.timeout.retry = -1 (default)
2019-06-12 20:43:24,955 INFO  server.RaftServerConfigKeys (ConfUtils.java:logGet(43)) - raft.server.log.statemachine.data.caching.enabled = true (custom)
2019-06-12 20:43:24,955 INFO  impl.RoleInfo (RoleInfo.java:updateAndGet(143)) - 12dc4d1a-ef4d-4106-b099-00b5b76e65e4: start FollowerState
2019-06-12 20:43:24,954 INFO  impl.RoleInfo (RoleInfo.java:updateAndGet(143)) - 82092e5a-678c-497d-b850-ca3590bbfec0: start FollowerState
2019-06-12 20:43:24,956 INFO  server.RaftServerConfigKeys (ConfUtils.java:logGet(43)) - raft.server.snapshot.auto.trigger.enabled = true (custom)
2019-06-12 20:43:24,956 INFO  server.RaftServerConfigKeys (ConfUtils.java:logGet(43)) - raft.server.snapshot.auto.trigger.threshold = 10000 (custom)
2019-06-12 20:43:24,956 INFO  server.RaftServerConfigKeys (ConfUtils.java:logGet(43)) - raft.server.retrycache.expirytime = 600000ms (custom)
2019-06-12 20:43:24,956 INFO  util.JmxRegister (JmxRegister.java:tryRegister(44)) - Successfully registered JMX Bean with object name Ratis:service=RaftServer,group=group-3EFFD9A12EB9,id=82092e5a-678c-497d-b850-ca3590bbfec0
2019-06-12 20:43:24,956 INFO  impl.RaftServerImpl (RaftServerImpl.java:start(173)) - dea50da8-437d-495a-88b6-2e76fcbcd954: start group-3EFFD9A12EB9
2019-06-12 20:43:24,956 INFO  impl.RaftServerImpl (RaftServerImpl.java:setRole(164)) - dea50da8-437d-495a-88b6-2e76fcbcd954:group-3EFFD9A12EB9 changes role from null to FOLLOWER at term 0 for startAsFollower
2019-06-12 20:43:24,957 INFO  impl.RoleInfo (RoleInfo.java:updateAndGet(143)) - dea50da8-437d-495a-88b6-2e76fcbcd954: start FollowerState
2019-06-12 20:43:24,957 INFO  util.JmxRegister (JmxRegister.java:tryRegister(44)) - Successfully registered JMX Bean with object name Ratis:service=RaftServer,group=group-3EFFD9A12EB9,id=12dc4d1a-ef4d-4106-b099-00b5b76e65e4
2019-06-12 20:43:24,957 INFO  util.JmxRegister (JmxRegister.java:tryRegister(44)) - Successfully registered JMX Bean with object name Ratis:service=RaftServer,group=group-3EFFD9A12EB9,id=dea50da8-437d-495a-88b6-2e76fcbcd954
2019-06-12 20:43:24,981 INFO  pipeline.PipelineStateManager (PipelineStateManager.java:addPipeline(56)) - Created pipeline Pipeline[ Id: 3d027c4c-9f64-462f-b4a3-3effd9a12eb9, Nodes: dea50da8-437d-495a-88b6-2e76fcbcd954{ip: 192.168.19.5, host: ozone-kvdz9-1409474171, networkLocation: /default-rack, certSerialId: null}12dc4d1a-ef4d-4106-b099-00b5b76e65e4{ip: 192.168.19.5, host: ozone-kvdz9-1409474171, networkLocation: /default-rack, certSerialId: null}82092e5a-678c-497d-b850-ca3590bbfec0{ip: 192.168.19.5, host: ozone-kvdz9-1409474171, networkLocation: /default-rack, certSerialId: null}, Type:RATIS, Factor:THREE, State:OPEN]
2019-06-12 20:43:25,000 INFO  impl.RaftServerProxy (RaftServerProxy.java:addNew(89)) - 47017f09-327d-49c6-be69-2e459deedab5: addNew group-AF8DD1DBCF98:[47017f09-327d-49c6-be69-2e459deedab5:192.168.19.5:35133] returns group-AF8DD1DBCF98:java.util.concurrent.CompletableFuture@7801c951[Not completed]
2019-06-12 20:43:25,001 INFO  impl.RaftServerImpl (RaftServerImpl.java:<init>(91)) - 47017f09-327d-49c6-be69-2e459deedab5: new RaftServerImpl for group-AF8DD1DBCF98:[47017f09-327d-49c6-be69-2e459deedab5:192.168.19.5:35133] with ContainerStateMachine:uninitialized
2019-06-12 20:43:25,002 INFO  server.RaftServerConfigKeys (ConfUtils.java:logGet(43)) - raft.server.rpc.timeout.min = 1s (custom)
2019-06-12 20:43:25,002 INFO  server.RaftServerConfigKeys (ConfUtils.java:logGet(43)) - raft.server.rpc.timeout.max = 1200ms (custom)
2019-06-12 20:43:25,002 INFO  server.RaftServerConfigKeys (ConfUtils.java:logGet(43)) - raft.server.rpcslowness.timeout = 10s (custom)
2019-06-12 20:43:25,002 INFO  server.RaftServerConfigKeys (ConfUtils.java:logGet(43)) - raft.server.log.appender.install.snapshot.enabled = true (default)
2019-06-12 20:43:25,002 INFO  impl.RaftServerImpl (ServerState.java:<init>(101)) - 47017f09-327d-49c6-be69-2e459deedab5:group-AF8DD1DBCF98 ConfigurationManager, init=-1: [47017f09-327d-49c6-be69-2e459deedab5:192.168.19.5:35133], old=null, confs=<EMPTY_MAP>
2019-06-12 20:43:25,003 INFO  server.RaftServerConfigKeys (ConfUtils.java:logGet(43)) - raft.server.storage.dir = [/opt/src/hadoop-ozone/integration-test/target/test-dir/MiniOzoneClusterImpl-7ac226a4-4068-4019-b634-19a29fd69213/datanode-4/data/ratis] (custom)
2019-06-12 20:43:25,003 INFO  storage.RaftStorageDirectory (RaftStorageDirectory.java:analyzeStorage(246)) - The storage directory /opt/src/hadoop-ozone/integration-test/target/test-dir/MiniOzoneClusterImpl-7ac226a4-4068-4019-b634-19a29fd69213/datanode-4/data/ratis/bb2a73a5-452b-4304-a54a-af8dd1dbcf98 does not exist. Creating ...
2019-06-12 20:43:25,005 INFO  storage.RaftStorageDirectory (RaftStorageDirectory.java:tryLock(328)) - Lock on /opt/src/hadoop-ozone/integration-test/target/test-dir/MiniOzoneClusterImpl-7ac226a4-4068-4019-b634-19a29fd69213/datanode-4/data/ratis/bb2a73a5-452b-4304-a54a-af8dd1dbcf98/in_use.lock acquired by nodename 10172@ozone-kvdz9-1409474171
2019-06-12 20:43:25,007 INFO  storage.RaftStorage (RaftStorage.java:format(75)) - Storage directory /opt/src/hadoop-ozone/integration-test/target/test-dir/MiniOzoneClusterImpl-7ac226a4-4068-4019-b634-19a29fd69213/datanode-4/data/ratis/bb2a73a5-452b-4304-a54a-af8dd1dbcf98 has been successfully formatted.
2019-06-12 20:43:25,008 INFO  ratis.ContainerStateMachine (ContainerStateMachine.java:loadSnapshot(199)) - The snapshot info is null.Setting the last applied index to:(t:0, i:~)
2019-06-12 20:43:25,008 INFO  server.RaftServerConfigKeys (ConfUtils.java:logGet(43)) - raft.server.leader.election.timeout = 10s (custom)
2019-06-12 20:43:25,008 INFO  server.RaftServerConfigKeys (ConfUtils.java:logGet(43)) - raft.server.log.use.memory = false (default)
2019-06-12 20:43:25,008 INFO  server.RaftServerConfigKeys (ConfUtils.java:logGet(43)) - raft.server.log.appender.buffer.byte-limit = 33554432 (custom)
2019-06-12 20:43:25,008 INFO  server.RaftServerConfigKeys (ConfUtils.java:logGet(43)) - raft.server.log.segment.size.max = 16384 (custom)
2019-06-12 20:43:25,008 INFO  server.RaftServerConfigKeys (ConfUtils.java:logGet(43)) - raft.server.log.segment.cache.num.max = 2 (custom)
2019-06-12 20:43:25,008 INFO  storage.RaftLogWorker (RaftLogWorker.java:<init>(123)) - new 47017f09-327d-49c6-be69-2e459deedab5-RaftLogWorker for Storage Directory /opt/src/hadoop-ozone/integration-test/target/test-dir/MiniOzoneClusterImpl-7ac226a4-4068-4019-b634-19a29fd69213/datanode-4/data/ratis/bb2a73a5-452b-4304-a54a-af8dd1dbcf98
2019-06-12 20:43:25,008 INFO  server.RaftServerConfigKeys (ConfUtils.java:logGet(43)) - raft.server.log.queue.byte-limit = 2147483647 (custom)
2019-06-12 20:43:25,008 INFO  server.RaftServerConfigKeys (ConfUtils.java:logGet(43)) - raft.server.log.queue.element-limit = 1024 (custom)
2019-06-12 20:43:25,009 INFO  server.RaftServerConfigKeys (ConfUtils.java:logGet(43)) - raft.server.log.segment.size.max = 16384 (custom)
2019-06-12 20:43:25,009 INFO  server.RaftServerConfigKeys (ConfUtils.java:logGet(43)) - raft.server.log.preallocated.size = 16384 (custom)
2019-06-12 20:43:25,009 INFO  server.RaftServerConfigKeys (ConfUtils.java:logGet(43)) - raft.server.log.write.buffer.size = 33554432 (custom)
2019-06-12 20:43:25,009 INFO  server.RaftServerConfigKeys (ConfUtils.java:logGet(43)) - raft.server.log.force.sync.num = 128 (default)
2019-06-12 20:43:25,009 INFO  server.RaftServerConfigKeys (ConfUtils.java:logGet(43)) - raft.server.log.statemachine.data.sync = true (default)
2019-06-12 20:43:25,009 INFO  server.RaftServerConfigKeys (ConfUtils.java:logGet(43)) - raft.server.log.statemachine.data.sync.timeout = 10s (default)
2019-06-12 20:43:25,009 INFO  server.RaftServerConfigKeys (ConfUtils.java:logGet(43)) - raft.server.log.statemachine.data.sync.timeout.retry = -1 (default)
2019-06-12 20:43:25,009 INFO  server.RaftServerConfigKeys (ConfUtils.java:logGet(43)) - raft.server.log.statemachine.data.caching.enabled = true (custom)
2019-06-12 20:43:25,010 INFO  server.RaftServerConfigKeys (ConfUtils.java:logGet(43)) - raft.server.snapshot.auto.trigger.enabled = true (custom)
2019-06-12 20:43:25,010 INFO  server.RaftServerConfigKeys (ConfUtils.java:logGet(43)) - raft.server.snapshot.auto.trigger.threshold = 10000 (custom)
2019-06-12 20:43:25,010 INFO  server.RaftServerConfigKeys (ConfUtils.java:logGet(43)) - raft.server.retrycache.expirytime = 600000ms (custom)
2019-06-12 20:43:25,010 INFO  impl.RaftServerImpl (RaftServerImpl.java:start(173)) - 47017f09-327d-49c6-be69-2e459deedab5: start group-AF8DD1DBCF98
2019-06-12 20:43:25,010 INFO  impl.RaftServerImpl (RaftServerImpl.java:setRole(164)) - 47017f09-327d-49c6-be69-2e459deedab5:group-AF8DD1DBCF98 changes role from null to FOLLOWER at term 0 for startAsFollower
2019-06-12 20:43:25,011 INFO  impl.RoleInfo (RoleInfo.java:updateAndGet(143)) - 47017f09-327d-49c6-be69-2e459deedab5: start FollowerState
2019-06-12 20:43:25,011 INFO  util.JmxRegister (JmxRegister.java:tryRegister(44)) - Successfully registered JMX Bean with object name Ratis:service=RaftServer,group=group-AF8DD1DBCF98,id=47017f09-327d-49c6-be69-2e459deedab5
2019-06-12 20:43:25,018 INFO  pipeline.PipelineStateManager (PipelineStateManager.java:addPipeline(56)) - Created pipeline Pipeline[ Id: bb2a73a5-452b-4304-a54a-af8dd1dbcf98, Nodes: 47017f09-327d-49c6-be69-2e459deedab5{ip: 192.168.19.5, host: ozone-kvdz9-1409474171, networkLocation: /default-rack, certSerialId: null}, Type:RATIS, Factor:ONE, State:OPEN]
2019-06-12 20:43:25,147 INFO  ozone.MiniOzoneClusterImpl (MiniOzoneClusterImpl.java:lambda$waitForClusterToBeReady$0(142)) - Waiting for cluster to be ready. Got 5 of 6 DN Heartbeats.
2019-06-12 20:43:25,152 INFO  node.SCMNodeManager (SCMNodeManager.java:register(234)) - Registered Data node : 03ccd8f8-1f5a-46c0-84f6-5e08e6623b9d{ip: 192.168.19.5, host: ozone-kvdz9-1409474171, networkLocation: /default-rack, certSerialId: null}
2019-06-12 20:43:25,167 INFO  impl.RaftServerProxy (RaftServerProxy.java:addNew(89)) - 03ccd8f8-1f5a-46c0-84f6-5e08e6623b9d: addNew group-808C4F1916A9:[03ccd8f8-1f5a-46c0-84f6-5e08e6623b9d:192.168.19.5:43187] returns group-808C4F1916A9:java.util.concurrent.CompletableFuture@6e9321dc[Not completed]
2019-06-12 20:43:25,168 INFO  impl.RaftServerImpl (RaftServerImpl.java:<init>(91)) - 03ccd8f8-1f5a-46c0-84f6-5e08e6623b9d: new RaftServerImpl for group-808C4F1916A9:[03ccd8f8-1f5a-46c0-84f6-5e08e6623b9d:192.168.19.5:43187] with ContainerStateMachine:uninitialized
2019-06-12 20:43:25,168 INFO  server.RaftServerConfigKeys (ConfUtils.java:logGet(43)) - raft.server.rpc.timeout.min = 1s (custom)
2019-06-12 20:43:25,168 INFO  server.RaftServerConfigKeys (ConfUtils.java:logGet(43)) - raft.server.rpc.timeout.max = 1200ms (custom)
2019-06-12 20:43:25,168 INFO  server.RaftServerConfigKeys (ConfUtils.java:logGet(43)) - raft.server.rpcslowness.timeout = 10s (custom)
2019-06-12 20:43:25,168 INFO  server.RaftServerConfigKeys (ConfUtils.java:logGet(43)) - raft.server.log.appender.install.snapshot.enabled = true (default)
2019-06-12 20:43:25,168 INFO  impl.RaftServerImpl (ServerState.java:<init>(101)) - 03ccd8f8-1f5a-46c0-84f6-5e08e6623b9d:group-808C4F1916A9 ConfigurationManager, init=-1: [03ccd8f8-1f5a-46c0-84f6-5e08e6623b9d:192.168.19.5:43187], old=null, confs=<EMPTY_MAP>
2019-06-12 20:43:25,168 INFO  server.RaftServerConfigKeys (ConfUtils.java:logGet(43)) - raft.server.storage.dir = [/opt/src/hadoop-ozone/integration-test/target/test-dir/MiniOzoneClusterImpl-7ac226a4-4068-4019-b634-19a29fd69213/datanode-5/data/ratis] (custom)
2019-06-12 20:43:25,168 INFO  storage.RaftStorageDirectory (RaftStorageDirectory.java:analyzeStorage(246)) - The storage directory /opt/src/hadoop-ozone/integration-test/target/test-dir/MiniOzoneClusterImpl-7ac226a4-4068-4019-b634-19a29fd69213/datanode-5/data/ratis/160d6548-3607-45e0-8181-808c4f1916a9 does not exist. Creating ...
2019-06-12 20:43:25,171 INFO  storage.RaftStorageDirectory (RaftStorageDirectory.java:tryLock(328)) - Lock on /opt/src/hadoop-ozone/integration-test/target/test-dir/MiniOzoneClusterImpl-7ac226a4-4068-4019-b634-19a29fd69213/datanode-5/data/ratis/160d6548-3607-45e0-8181-808c4f1916a9/in_use.lock acquired by nodename 10172@ozone-kvdz9-1409474171
2019-06-12 20:43:25,173 INFO  storage.RaftStorage (RaftStorage.java:format(75)) - Storage directory /opt/src/hadoop-ozone/integration-test/target/test-dir/MiniOzoneClusterImpl-7ac226a4-4068-4019-b634-19a29fd69213/datanode-5/data/ratis/160d6548-3607-45e0-8181-808c4f1916a9 has been successfully formatted.
2019-06-12 20:43:25,173 INFO  ratis.ContainerStateMachine (ContainerStateMachine.java:loadSnapshot(199)) - The snapshot info is null.Setting the last applied index to:(t:0, i:~)
2019-06-12 20:43:25,173 INFO  server.RaftServerConfigKeys (ConfUtils.java:logGet(43)) - raft.server.leader.election.timeout = 10s (custom)
2019-06-12 20:43:25,173 INFO  server.RaftServerConfigKeys (ConfUtils.java:logGet(43)) - raft.server.log.use.memory = false (default)
2019-06-12 20:43:25,173 INFO  server.RaftServerConfigKeys (ConfUtils.java:logGet(43)) - raft.server.log.appender.buffer.byte-limit = 33554432 (custom)
2019-06-12 20:43:25,173 INFO  server.RaftServerConfigKeys (ConfUtils.java:logGet(43)) - raft.server.log.segment.size.max = 16384 (custom)
2019-06-12 20:43:25,173 INFO  server.RaftServerConfigKeys (ConfUtils.java:logGet(43)) - raft.server.log.segment.cache.num.max = 2 (custom)
2019-06-12 20:43:25,173 INFO  storage.RaftLogWorker (RaftLogWorker.java:<init>(123)) - new 03ccd8f8-1f5a-46c0-84f6-5e08e6623b9d-RaftLogWorker for Storage Directory /opt/src/hadoop-ozone/integration-test/target/test-dir/MiniOzoneClusterImpl-7ac226a4-4068-4019-b634-19a29fd69213/datanode-5/data/ratis/160d6548-3607-45e0-8181-808c4f1916a9
2019-06-12 20:43:25,174 INFO  server.RaftServerConfigKeys (ConfUtils.java:logGet(43)) - raft.server.log.queue.byte-limit = 2147483647 (custom)
2019-06-12 20:43:25,174 INFO  server.RaftServerConfigKeys (ConfUtils.java:logGet(43)) - raft.server.log.queue.element-limit = 1024 (custom)
2019-06-12 20:43:25,174 INFO  server.RaftServerConfigKeys (ConfUtils.java:logGet(43)) - raft.server.log.segment.size.max = 16384 (custom)
2019-06-12 20:43:25,174 INFO  server.RaftServerConfigKeys (ConfUtils.java:logGet(43)) - raft.server.log.preallocated.size = 16384 (custom)
2019-06-12 20:43:25,174 INFO  server.RaftServerConfigKeys (ConfUtils.java:logGet(43)) - raft.server.log.write.buffer.size = 33554432 (custom)
2019-06-12 20:43:25,174 INFO  server.RaftServerConfigKeys (ConfUtils.java:logGet(43)) - raft.server.log.force.sync.num = 128 (default)
2019-06-12 20:43:25,174 INFO  server.RaftServerConfigKeys (ConfUtils.java:logGet(43)) - raft.server.log.statemachine.data.sync = true (default)
2019-06-12 20:43:25,174 INFO  server.RaftServerConfigKeys (ConfUtils.java:logGet(43)) - raft.server.log.statemachine.data.sync.timeout = 10s (default)
2019-06-12 20:43:25,174 INFO  server.RaftServerConfigKeys (ConfUtils.java:logGet(43)) - raft.server.log.statemachine.data.sync.timeout.retry = -1 (default)
2019-06-12 20:43:25,174 INFO  server.RaftServerConfigKeys (ConfUtils.java:logGet(43)) - raft.server.log.statemachine.data.caching.enabled = true (custom)
2019-06-12 20:43:25,175 INFO  server.RaftServerConfigKeys (ConfUtils.java:logGet(43)) - raft.server.snapshot.auto.trigger.enabled = true (custom)
2019-06-12 20:43:25,175 INFO  server.RaftServerConfigKeys (ConfUtils.java:logGet(43)) - raft.server.snapshot.auto.trigger.threshold = 10000 (custom)
2019-06-12 20:43:25,175 INFO  server.RaftServerConfigKeys (ConfUtils.java:logGet(43)) - raft.server.retrycache.expirytime = 600000ms (custom)
2019-06-12 20:43:25,175 INFO  impl.RaftServerImpl (RaftServerImpl.java:start(173)) - 03ccd8f8-1f5a-46c0-84f6-5e08e6623b9d: start group-808C4F1916A9
2019-06-12 20:43:25,175 INFO  impl.RaftServerImpl (RaftServerImpl.java:setRole(164)) - 03ccd8f8-1f5a-46c0-84f6-5e08e6623b9d:group-808C4F1916A9 changes role from null to FOLLOWER at term 0 for startAsFollower
2019-06-12 20:43:25,175 INFO  impl.RoleInfo (RoleInfo.java:updateAndGet(143)) - 03ccd8f8-1f5a-46c0-84f6-5e08e6623b9d: start FollowerState
2019-06-12 20:43:25,176 INFO  util.JmxRegister (JmxRegister.java:tryRegister(44)) - Successfully registered JMX Bean with object name Ratis:service=RaftServer,group=group-808C4F1916A9,id=03ccd8f8-1f5a-46c0-84f6-5e08e6623b9d
2019-06-12 20:43:25,182 INFO  pipeline.PipelineStateManager (PipelineStateManager.java:addPipeline(56)) - Created pipeline Pipeline[ Id: 160d6548-3607-45e0-8181-808c4f1916a9, Nodes: 03ccd8f8-1f5a-46c0-84f6-5e08e6623b9d{ip: 192.168.19.5, host: ozone-kvdz9-1409474171, networkLocation: /default-rack, certSerialId: null}, Type:RATIS, Factor:ONE, State:OPEN]
2019-06-12 20:43:25,200 INFO  impl.RaftServerProxy (RaftServerProxy.java:addNew(89)) - 03ccd8f8-1f5a-46c0-84f6-5e08e6623b9d: addNew group-CD6E16691AFC:[47017f09-327d-49c6-be69-2e459deedab5:192.168.19.5:35133, 03ccd8f8-1f5a-46c0-84f6-5e08e6623b9d:192.168.19.5:43187, 655c93e2-058b-4e0e-9ba6-f91576f9bf6e:192.168.19.5:35767] returns group-CD6E16691AFC:java.util.concurrent.CompletableFuture@abd0519[Not completed]
2019-06-12 20:43:25,201 INFO  impl.RaftServerImpl (RaftServerImpl.java:<init>(91)) - 03ccd8f8-1f5a-46c0-84f6-5e08e6623b9d: new RaftServerImpl for group-CD6E16691AFC:[47017f09-327d-49c6-be69-2e459deedab5:192.168.19.5:35133, 03ccd8f8-1f5a-46c0-84f6-5e08e6623b9d:192.168.19.5:43187, 655c93e2-058b-4e0e-9ba6-f91576f9bf6e:192.168.19.5:35767] with ContainerStateMachine:uninitialized
2019-06-12 20:43:25,201 INFO  server.RaftServerConfigKeys (ConfUtils.java:logGet(43)) - raft.server.rpc.timeout.min = 1s (custom)
2019-06-12 20:43:25,201 INFO  server.RaftServerConfigKeys (ConfUtils.java:logGet(43)) - raft.server.rpc.timeout.max = 1200ms (custom)
2019-06-12 20:43:25,201 INFO  server.RaftServerConfigKeys (ConfUtils.java:logGet(43)) - raft.server.rpcslowness.timeout = 10s (custom)
2019-06-12 20:43:25,203 INFO  server.RaftServerConfigKeys (ConfUtils.java:logGet(43)) - raft.server.log.appender.install.snapshot.enabled = true (default)
2019-06-12 20:43:25,203 INFO  impl.RaftServerProxy (RaftServerProxy.java:addNew(89)) - 655c93e2-058b-4e0e-9ba6-f91576f9bf6e: addNew group-CD6E16691AFC:[47017f09-327d-49c6-be69-2e459deedab5:192.168.19.5:35133, 03ccd8f8-1f5a-46c0-84f6-5e08e6623b9d:192.168.19.5:43187, 655c93e2-058b-4e0e-9ba6-f91576f9bf6e:192.168.19.5:35767] returns group-CD6E16691AFC:java.util.concurrent.CompletableFuture@549df478[Not completed]
2019-06-12 20:43:25,203 INFO  impl.RaftServerImpl (ServerState.java:<init>(101)) - 03ccd8f8-1f5a-46c0-84f6-5e08e6623b9d:group-CD6E16691AFC ConfigurationManager, init=-1: [47017f09-327d-49c6-be69-2e459deedab5:192.168.19.5:35133, 03ccd8f8-1f5a-46c0-84f6-5e08e6623b9d:192.168.19.5:43187, 655c93e2-058b-4e0e-9ba6-f91576f9bf6e:192.168.19.5:35767], old=null, confs=<EMPTY_MAP>
2019-06-12 20:43:25,203 INFO  impl.RaftServerProxy (RaftServerProxy.java:addNew(89)) - 47017f09-327d-49c6-be69-2e459deedab5: addNew group-CD6E16691AFC:[47017f09-327d-49c6-be69-2e459deedab5:192.168.19.5:35133, 03ccd8f8-1f5a-46c0-84f6-5e08e6623b9d:192.168.19.5:43187, 655c93e2-058b-4e0e-9ba6-f91576f9bf6e:192.168.19.5:35767] returns group-CD6E16691AFC:java.util.concurrent.CompletableFuture@51a12a65[Not completed]
2019-06-12 20:43:25,204 INFO  impl.RaftServerImpl (RaftServerImpl.java:<init>(91)) - 655c93e2-058b-4e0e-9ba6-f91576f9bf6e: new RaftServerImpl for group-CD6E16691AFC:[47017f09-327d-49c6-be69-2e459deedab5:192.168.19.5:35133, 03ccd8f8-1f5a-46c0-84f6-5e08e6623b9d:192.168.19.5:43187, 655c93e2-058b-4e0e-9ba6-f91576f9bf6e:192.168.19.5:35767] with ContainerStateMachine:uninitialized
2019-06-12 20:43:25,204 INFO  server.RaftServerConfigKeys (ConfUtils.java:logGet(43)) - raft.server.rpc.timeout.min = 1s (custom)
2019-06-12 20:43:25,204 INFO  server.RaftServerConfigKeys (ConfUtils.java:logGet(43)) - raft.server.rpc.timeout.max = 1200ms (custom)
2019-06-12 20:43:25,204 INFO  server.RaftServerConfigKeys (ConfUtils.java:logGet(43)) - raft.server.rpcslowness.timeout = 10s (custom)
2019-06-12 20:43:25,204 INFO  server.RaftServerConfigKeys (ConfUtils.java:logGet(43)) - raft.server.log.appender.install.snapshot.enabled = true (default)
2019-06-12 20:43:25,203 INFO  server.RaftServerConfigKeys (ConfUtils.java:logGet(43)) - raft.server.storage.dir = [/opt/src/hadoop-ozone/integration-test/target/test-dir/MiniOzoneClusterImpl-7ac226a4-4068-4019-b634-19a29fd69213/datanode-5/data/ratis] (custom)
2019-06-12 20:43:25,204 INFO  impl.RaftServerImpl (ServerState.java:<init>(101)) - 655c93e2-058b-4e0e-9ba6-f91576f9bf6e:group-CD6E16691AFC ConfigurationManager, init=-1: [47017f09-327d-49c6-be69-2e459deedab5:192.168.19.5:35133, 03ccd8f8-1f5a-46c0-84f6-5e08e6623b9d:192.168.19.5:43187, 655c93e2-058b-4e0e-9ba6-f91576f9bf6e:192.168.19.5:35767], old=null, confs=<EMPTY_MAP>
2019-06-12 20:43:25,205 INFO  server.RaftServerConfigKeys (ConfUtils.java:logGet(43)) - raft.server.storage.dir = [/opt/src/hadoop-ozone/integration-test/target/test-dir/MiniOzoneClusterImpl-7ac226a4-4068-4019-b634-19a29fd69213/datanode-1/data/ratis] (custom)
2019-06-12 20:43:25,205 INFO  storage.RaftStorageDirectory (RaftStorageDirectory.java:analyzeStorage(246)) - The storage directory /opt/src/hadoop-ozone/integration-test/target/test-dir/MiniOzoneClusterImpl-7ac226a4-4068-4019-b634-19a29fd69213/datanode-1/data/ratis/94578389-0eea-4758-bfdc-cd6e16691afc does not exist. Creating ...
2019-06-12 20:43:25,204 INFO  impl.RaftServerImpl (RaftServerImpl.java:<init>(91)) - 47017f09-327d-49c6-be69-2e459deedab5: new RaftServerImpl for group-CD6E16691AFC:[47017f09-327d-49c6-be69-2e459deedab5:192.168.19.5:35133, 03ccd8f8-1f5a-46c0-84f6-5e08e6623b9d:192.168.19.5:43187, 655c93e2-058b-4e0e-9ba6-f91576f9bf6e:192.168.19.5:35767] with ContainerStateMachine:uninitialized
2019-06-12 20:43:25,205 INFO  server.RaftServerConfigKeys (ConfUtils.java:logGet(43)) - raft.server.rpc.timeout.min = 1s (custom)
2019-06-12 20:43:25,205 INFO  storage.RaftStorageDirectory (RaftStorageDirectory.java:analyzeStorage(246)) - The storage directory /opt/src/hadoop-ozone/integration-test/target/test-dir/MiniOzoneClusterImpl-7ac226a4-4068-4019-b634-19a29fd69213/datanode-5/data/ratis/94578389-0eea-4758-bfdc-cd6e16691afc does not exist. Creating ...
2019-06-12 20:43:25,206 INFO  server.RaftServerConfigKeys (ConfUtils.java:logGet(43)) - raft.server.rpc.timeout.max = 1200ms (custom)
2019-06-12 20:43:25,206 INFO  server.RaftServerConfigKeys (ConfUtils.java:logGet(43)) - raft.server.rpcslowness.timeout = 10s (custom)
2019-06-12 20:43:25,206 INFO  server.RaftServerConfigKeys (ConfUtils.java:logGet(43)) - raft.server.log.appender.install.snapshot.enabled = true (default)
2019-06-12 20:43:25,206 INFO  impl.RaftServerImpl (ServerState.java:<init>(101)) - 47017f09-327d-49c6-be69-2e459deedab5:group-CD6E16691AFC ConfigurationManager, init=-1: [47017f09-327d-49c6-be69-2e459deedab5:192.168.19.5:35133, 03ccd8f8-1f5a-46c0-84f6-5e08e6623b9d:192.168.19.5:43187, 655c93e2-058b-4e0e-9ba6-f91576f9bf6e:192.168.19.5:35767], old=null, confs=<EMPTY_MAP>
2019-06-12 20:43:25,206 INFO  server.RaftServerConfigKeys (ConfUtils.java:logGet(43)) - raft.server.storage.dir = [/opt/src/hadoop-ozone/integration-test/target/test-dir/MiniOzoneClusterImpl-7ac226a4-4068-4019-b634-19a29fd69213/datanode-4/data/ratis] (custom)
2019-06-12 20:43:25,206 INFO  storage.RaftStorageDirectory (RaftStorageDirectory.java:analyzeStorage(246)) - The storage directory /opt/src/hadoop-ozone/integration-test/target/test-dir/MiniOzoneClusterImpl-7ac226a4-4068-4019-b634-19a29fd69213/datanode-4/data/ratis/94578389-0eea-4758-bfdc-cd6e16691afc does not exist. Creating ...
2019-06-12 20:43:25,208 INFO  storage.RaftStorageDirectory (RaftStorageDirectory.java:tryLock(328)) - Lock on /opt/src/hadoop-ozone/integration-test/target/test-dir/MiniOzoneClusterImpl-7ac226a4-4068-4019-b634-19a29fd69213/datanode-1/data/ratis/94578389-0eea-4758-bfdc-cd6e16691afc/in_use.lock acquired by nodename 10172@ozone-kvdz9-1409474171
2019-06-12 20:43:25,208 INFO  storage.RaftStorageDirectory (RaftStorageDirectory.java:tryLock(328)) - Lock on /opt/src/hadoop-ozone/integration-test/target/test-dir/MiniOzoneClusterImpl-7ac226a4-4068-4019-b634-19a29fd69213/datanode-5/data/ratis/94578389-0eea-4758-bfdc-cd6e16691afc/in_use.lock acquired by nodename 10172@ozone-kvdz9-1409474171
2019-06-12 20:43:25,211 INFO  storage.RaftStorageDirectory (RaftStorageDirectory.java:tryLock(328)) - Lock on /opt/src/hadoop-ozone/integration-test/target/test-dir/MiniOzoneClusterImpl-7ac226a4-4068-4019-b634-19a29fd69213/datanode-4/data/ratis/94578389-0eea-4758-bfdc-cd6e16691afc/in_use.lock acquired by nodename 10172@ozone-kvdz9-1409474171
2019-06-12 20:43:25,211 INFO  storage.RaftStorage (RaftStorage.java:format(75)) - Storage directory /opt/src/hadoop-ozone/integration-test/target/test-dir/MiniOzoneClusterImpl-7ac226a4-4068-4019-b634-19a29fd69213/datanode-1/data/ratis/94578389-0eea-4758-bfdc-cd6e16691afc has been successfully formatted.
2019-06-12 20:43:25,211 INFO  ratis.ContainerStateMachine (ContainerStateMachine.java:loadSnapshot(199)) - The snapshot info is null.Setting the last applied index to:(t:0, i:~)
2019-06-12 20:43:25,211 INFO  server.RaftServerConfigKeys (ConfUtils.java:logGet(43)) - raft.server.leader.election.timeout = 10s (custom)
2019-06-12 20:43:25,211 INFO  server.RaftServerConfigKeys (ConfUtils.java:logGet(43)) - raft.server.log.use.memory = false (default)
2019-06-12 20:43:25,211 INFO  server.RaftServerConfigKeys (ConfUtils.java:logGet(43)) - raft.server.log.appender.buffer.byte-limit = 33554432 (custom)
2019-06-12 20:43:25,211 INFO  server.RaftServerConfigKeys (ConfUtils.java:logGet(43)) - raft.server.log.segment.size.max = 16384 (custom)
2019-06-12 20:43:25,211 INFO  server.RaftServerConfigKeys (ConfUtils.java:logGet(43)) - raft.server.log.segment.cache.num.max = 2 (custom)
2019-06-12 20:43:25,212 INFO  storage.RaftLogWorker (RaftLogWorker.java:<init>(123)) - new 655c93e2-058b-4e0e-9ba6-f91576f9bf6e-RaftLogWorker for Storage Directory /opt/src/hadoop-ozone/integration-test/target/test-dir/MiniOzoneClusterImpl-7ac226a4-4068-4019-b634-19a29fd69213/datanode-1/data/ratis/94578389-0eea-4758-bfdc-cd6e16691afc
2019-06-12 20:43:25,212 INFO  server.RaftServerConfigKeys (ConfUtils.java:logGet(43)) - raft.server.log.queue.byte-limit = 2147483647 (custom)
2019-06-12 20:43:25,212 INFO  server.RaftServerConfigKeys (ConfUtils.java:logGet(43)) - raft.server.log.queue.element-limit = 1024 (custom)
2019-06-12 20:43:25,212 INFO  server.RaftServerConfigKeys (ConfUtils.java:logGet(43)) - raft.server.log.segment.size.max = 16384 (custom)
2019-06-12 20:43:25,212 INFO  server.RaftServerConfigKeys (ConfUtils.java:logGet(43)) - raft.server.log.preallocated.size = 16384 (custom)
2019-06-12 20:43:25,212 INFO  server.RaftServerConfigKeys (ConfUtils.java:logGet(43)) - raft.server.log.write.buffer.size = 33554432 (custom)
2019-06-12 20:43:25,212 INFO  server.RaftServerConfigKeys (ConfUtils.java:logGet(43)) - raft.server.log.force.sync.num = 128 (default)
2019-06-12 20:43:25,212 INFO  server.RaftServerConfigKeys (ConfUtils.java:logGet(43)) - raft.server.log.statemachine.data.sync = true (default)
2019-06-12 20:43:25,212 INFO  server.RaftServerConfigKeys (ConfUtils.java:logGet(43)) - raft.server.log.statemachine.data.sync.timeout = 10s (default)
2019-06-12 20:43:25,212 INFO  server.RaftServerConfigKeys (ConfUtils.java:logGet(43)) - raft.server.log.statemachine.data.sync.timeout.retry = -1 (default)
2019-06-12 20:43:25,212 INFO  server.RaftServerConfigKeys (ConfUtils.java:logGet(43)) - raft.server.log.statemachine.data.caching.enabled = true (custom)
2019-06-12 20:43:25,213 INFO  storage.RaftStorage (RaftStorage.java:format(75)) - Storage directory /opt/src/hadoop-ozone/integration-test/target/test-dir/MiniOzoneClusterImpl-7ac226a4-4068-4019-b634-19a29fd69213/datanode-5/data/ratis/94578389-0eea-4758-bfdc-cd6e16691afc has been successfully formatted.
2019-06-12 20:43:25,213 INFO  server.RaftServerConfigKeys (ConfUtils.java:logGet(43)) - raft.server.snapshot.auto.trigger.enabled = true (custom)
2019-06-12 20:43:25,213 INFO  server.RaftServerConfigKeys (ConfUtils.java:logGet(43)) - raft.server.snapshot.auto.trigger.threshold = 10000 (custom)
2019-06-12 20:43:25,213 INFO  ratis.ContainerStateMachine (ContainerStateMachine.java:loadSnapshot(199)) - The snapshot info is null.Setting the last applied index to:(t:0, i:~)
2019-06-12 20:43:25,213 INFO  server.RaftServerConfigKeys (ConfUtils.java:logGet(43)) - raft.server.retrycache.expirytime = 600000ms (custom)
2019-06-12 20:43:25,213 INFO  server.RaftServerConfigKeys (ConfUtils.java:logGet(43)) - raft.server.leader.election.timeout = 10s (custom)
2019-06-12 20:43:25,213 INFO  impl.RaftServerImpl (RaftServerImpl.java:start(173)) - 655c93e2-058b-4e0e-9ba6-f91576f9bf6e: start group-CD6E16691AFC
2019-06-12 20:43:25,213 INFO  server.RaftServerConfigKeys (ConfUtils.java:logGet(43)) - raft.server.log.use.memory = false (default)
2019-06-12 20:43:25,213 INFO  impl.RaftServerImpl (RaftServerImpl.java:setRole(164)) - 655c93e2-058b-4e0e-9ba6-f91576f9bf6e:group-CD6E16691AFC changes role from null to FOLLOWER at term 0 for startAsFollower
2019-06-12 20:43:25,213 INFO  server.RaftServerConfigKeys (ConfUtils.java:logGet(43)) - raft.server.log.appender.buffer.byte-limit = 33554432 (custom)
2019-06-12 20:43:25,214 INFO  impl.RoleInfo (RoleInfo.java:updateAndGet(143)) - 655c93e2-058b-4e0e-9ba6-f91576f9bf6e: start FollowerState
2019-06-12 20:43:25,214 INFO  server.RaftServerConfigKeys (ConfUtils.java:logGet(43)) - raft.server.log.segment.size.max = 16384 (custom)
2019-06-12 20:43:25,214 INFO  storage.RaftStorage (RaftStorage.java:format(75)) - Storage directory /opt/src/hadoop-ozone/integration-test/target/test-dir/MiniOzoneClusterImpl-7ac226a4-4068-4019-b634-19a29fd69213/datanode-4/data/ratis/94578389-0eea-4758-bfdc-cd6e16691afc has been successfully formatted.
2019-06-12 20:43:25,214 INFO  ratis.ContainerStateMachine (ContainerStateMachine.java:loadSnapshot(199)) - The snapshot info is null.Setting the last applied index to:(t:0, i:~)
2019-06-12 20:43:25,214 INFO  server.RaftServerConfigKeys (ConfUtils.java:logGet(43)) - raft.server.leader.election.timeout = 10s (custom)
2019-06-12 20:43:25,214 INFO  util.JmxRegister (JmxRegister.java:tryRegister(44)) - Successfully registered JMX Bean with object name Ratis:service=RaftServer,group=group-CD6E16691AFC,id=655c93e2-058b-4e0e-9ba6-f91576f9bf6e
2019-06-12 20:43:25,214 INFO  server.RaftServerConfigKeys (ConfUtils.java:logGet(43)) - raft.server.log.segment.cache.num.max = 2 (custom)
2019-06-12 20:43:25,214 INFO  server.RaftServerConfigKeys (ConfUtils.java:logGet(43)) - raft.server.log.use.memory = false (default)
2019-06-12 20:43:25,214 INFO  storage.RaftLogWorker (RaftLogWorker.java:<init>(123)) - new 03ccd8f8-1f5a-46c0-84f6-5e08e6623b9d-RaftLogWorker for Storage Directory /opt/src/hadoop-ozone/integration-test/target/test-dir/MiniOzoneClusterImpl-7ac226a4-4068-4019-b634-19a29fd69213/datanode-5/data/ratis/94578389-0eea-4758-bfdc-cd6e16691afc
2019-06-12 20:43:25,215 INFO  server.RaftServerConfigKeys (ConfUtils.java:logGet(43)) - raft.server.log.appender.buffer.byte-limit = 33554432 (custom)
2019-06-12 20:43:25,215 INFO  server.RaftServerConfigKeys (ConfUtils.java:logGet(43)) - raft.server.log.segment.size.max = 16384 (custom)
2019-06-12 20:43:25,215 INFO  server.RaftServerConfigKeys (ConfUtils.java:logGet(43)) - raft.server.log.segment.cache.num.max = 2 (custom)
2019-06-12 20:43:25,215 INFO  storage.RaftLogWorker (RaftLogWorker.java:<init>(123)) - new 47017f09-327d-49c6-be69-2e459deedab5-RaftLogWorker for Storage Directory /opt/src/hadoop-ozone/integration-test/target/test-dir/MiniOzoneClusterImpl-7ac226a4-4068-4019-b634-19a29fd69213/datanode-4/data/ratis/94578389-0eea-4758-bfdc-cd6e16691afc
2019-06-12 20:43:25,215 INFO  server.RaftServerConfigKeys (ConfUtils.java:logGet(43)) - raft.server.log.queue.byte-limit = 2147483647 (custom)
2019-06-12 20:43:25,215 INFO  server.RaftServerConfigKeys (ConfUtils.java:logGet(43)) - raft.server.log.queue.element-limit = 1024 (custom)
2019-06-12 20:43:25,215 INFO  server.RaftServerConfigKeys (ConfUtils.java:logGet(43)) - raft.server.log.segment.size.max = 16384 (custom)
2019-06-12 20:43:25,215 INFO  server.RaftServerConfigKeys (ConfUtils.java:logGet(43)) - raft.server.log.preallocated.size = 16384 (custom)
2019-06-12 20:43:25,216 INFO  server.RaftServerConfigKeys (ConfUtils.java:logGet(43)) - raft.server.log.write.buffer.size = 33554432 (custom)
2019-06-12 20:43:25,216 INFO  server.RaftServerConfigKeys (ConfUtils.java:logGet(43)) - raft.server.log.force.sync.num = 128 (default)
2019-06-12 20:43:25,216 INFO  server.RaftServerConfigKeys (ConfUtils.java:logGet(43)) - raft.server.log.statemachine.data.sync = true (default)
2019-06-12 20:43:25,216 INFO  server.RaftServerConfigKeys (ConfUtils.java:logGet(43)) - raft.server.log.statemachine.data.sync.timeout = 10s (default)
2019-06-12 20:43:25,216 INFO  server.RaftServerConfigKeys (ConfUtils.java:logGet(43)) - raft.server.log.statemachine.data.sync.timeout.retry = -1 (default)
2019-06-12 20:43:25,216 INFO  server.RaftServerConfigKeys (ConfUtils.java:logGet(43)) - raft.server.log.statemachine.data.caching.enabled = true (custom)
2019-06-12 20:43:25,216 INFO  server.RaftServerConfigKeys (ConfUtils.java:logGet(43)) - raft.server.snapshot.auto.trigger.enabled = true (custom)
2019-06-12 20:43:25,215 INFO  server.RaftServerConfigKeys (ConfUtils.java:logGet(43)) - raft.server.log.queue.byte-limit = 2147483647 (custom)
2019-06-12 20:43:25,217 INFO  server.RaftServerConfigKeys (ConfUtils.java:logGet(43)) - raft.server.snapshot.auto.trigger.threshold = 10000 (custom)
2019-06-12 20:43:25,217 INFO  server.RaftServerConfigKeys (ConfUtils.java:logGet(43)) - raft.server.retrycache.expirytime = 600000ms (custom)
2019-06-12 20:43:25,217 INFO  impl.RaftServerImpl (RaftServerImpl.java:start(173)) - 47017f09-327d-49c6-be69-2e459deedab5: start group-CD6E16691AFC
2019-06-12 20:43:25,217 INFO  impl.RaftServerImpl (RaftServerImpl.java:setRole(164)) - 47017f09-327d-49c6-be69-2e459deedab5:group-CD6E16691AFC changes role from null to FOLLOWER at term 0 for startAsFollower
2019-06-12 20:43:25,217 INFO  impl.RoleInfo (RoleInfo.java:updateAndGet(143)) - 47017f09-327d-49c6-be69-2e459deedab5: start FollowerState
2019-06-12 20:43:25,218 INFO  server.RaftServerConfigKeys (ConfUtils.java:logGet(43)) - raft.server.log.queue.element-limit = 1024 (custom)
2019-06-12 20:43:25,218 INFO  util.JmxRegister (JmxRegister.java:tryRegister(44)) - Successfully registered JMX Bean with object name Ratis:service=RaftServer,group=group-CD6E16691AFC,id=47017f09-327d-49c6-be69-2e459deedab5
2019-06-12 20:43:25,218 INFO  server.RaftServerConfigKeys (ConfUtils.java:logGet(43)) - raft.server.log.segment.size.max = 16384 (custom)
2019-06-12 20:43:25,218 INFO  server.RaftServerConfigKeys (ConfUtils.java:logGet(43)) - raft.server.log.preallocated.size = 16384 (custom)
2019-06-12 20:43:25,218 INFO  server.RaftServerConfigKeys (ConfUtils.java:logGet(43)) - raft.server.log.write.buffer.size = 33554432 (custom)
2019-06-12 20:43:25,218 INFO  server.RaftServerConfigKeys (ConfUtils.java:logGet(43)) - raft.server.log.force.sync.num = 128 (default)
2019-06-12 20:43:25,218 INFO  server.RaftServerConfigKeys (ConfUtils.java:logGet(43)) - raft.server.log.statemachine.data.sync = true (default)
2019-06-12 20:43:25,218 INFO  server.RaftServerConfigKeys (ConfUtils.java:logGet(43)) - raft.server.log.statemachine.data.sync.timeout = 10s (default)
2019-06-12 20:43:25,219 INFO  server.RaftServerConfigKeys (ConfUtils.java:logGet(43)) - raft.server.log.statemachine.data.sync.timeout.retry = -1 (default)
2019-06-12 20:43:25,219 INFO  server.RaftServerConfigKeys (ConfUtils.java:logGet(43)) - raft.server.log.statemachine.data.caching.enabled = true (custom)
2019-06-12 20:43:25,224 INFO  server.RaftServerConfigKeys (ConfUtils.java:logGet(43)) - raft.server.snapshot.auto.trigger.enabled = true (custom)
2019-06-12 20:43:25,224 INFO  server.RaftServerConfigKeys (ConfUtils.java:logGet(43)) - raft.server.snapshot.auto.trigger.threshold = 10000 (custom)
2019-06-12 20:43:25,224 INFO  server.RaftServerConfigKeys (ConfUtils.java:logGet(43)) - raft.server.retrycache.expirytime = 600000ms (custom)
2019-06-12 20:43:25,225 INFO  impl.RaftServerImpl (RaftServerImpl.java:start(173)) - 03ccd8f8-1f5a-46c0-84f6-5e08e6623b9d: start group-CD6E16691AFC
2019-06-12 20:43:25,225 INFO  impl.RaftServerImpl (RaftServerImpl.java:setRole(164)) - 03ccd8f8-1f5a-46c0-84f6-5e08e6623b9d:group-CD6E16691AFC changes role from null to FOLLOWER at term 0 for startAsFollower
2019-06-12 20:43:25,225 INFO  impl.RoleInfo (RoleInfo.java:updateAndGet(143)) - 03ccd8f8-1f5a-46c0-84f6-5e08e6623b9d: start FollowerState
2019-06-12 20:43:25,229 INFO  util.JmxRegister (JmxRegister.java:tryRegister(44)) - Successfully registered JMX Bean with object name Ratis:service=RaftServer,group=group-CD6E16691AFC,id=03ccd8f8-1f5a-46c0-84f6-5e08e6623b9d
2019-06-12 20:43:25,235 INFO  pipeline.PipelineStateManager (PipelineStateManager.java:addPipeline(56)) - Created pipeline Pipeline[ Id: 94578389-0eea-4758-bfdc-cd6e16691afc, Nodes: 47017f09-327d-49c6-be69-2e459deedab5{ip: 192.168.19.5, host: ozone-kvdz9-1409474171, networkLocation: /default-rack, certSerialId: null}655c93e2-058b-4e0e-9ba6-f91576f9bf6e{ip: 192.168.19.5, host: ozone-kvdz9-1409474171, networkLocation: /default-rack, certSerialId: null}03ccd8f8-1f5a-46c0-84f6-5e08e6623b9d{ip: 192.168.19.5, host: ozone-kvdz9-1409474171, networkLocation: /default-rack, certSerialId: null}, Type:RATIS, Factor:THREE, State:OPEN]
2019-06-12 20:43:25,812 INFO  impl.FollowerState (FollowerState.java:run(101)) - dea50da8-437d-495a-88b6-2e76fcbcd954:group-153756003E39 changes to CANDIDATE, lastRpcTime:1148, electionTimeout:1148ms
2019-06-12 20:43:25,812 INFO  impl.RoleInfo (RoleInfo.java:shutdownFollowerState(121)) - dea50da8-437d-495a-88b6-2e76fcbcd954: shutdown FollowerState
2019-06-12 20:43:25,813 INFO  impl.RaftServerImpl (RaftServerImpl.java:setRole(164)) - dea50da8-437d-495a-88b6-2e76fcbcd954:group-153756003E39 changes role from FOLLOWER to CANDIDATE at term 0 for changeToCandidate
2019-06-12 20:43:25,814 INFO  impl.RoleInfo (RoleInfo.java:updateAndGet(143)) - dea50da8-437d-495a-88b6-2e76fcbcd954: start LeaderElection
2019-06-12 20:43:25,821 INFO  impl.LeaderElection (LeaderElection.java:askForVotes(181)) - dea50da8-437d-495a-88b6-2e76fcbcd954:group-153756003E39:LeaderElection1: begin an election at term 1 for -1: [dea50da8-437d-495a-88b6-2e76fcbcd954:192.168.19.5:33291], old=null
2019-06-12 20:43:25,823 INFO  impl.RoleInfo (RoleInfo.java:shutdownLeaderElection(134)) - dea50da8-437d-495a-88b6-2e76fcbcd954: shutdown LeaderElection
2019-06-12 20:43:25,823 INFO  impl.RaftServerImpl (RaftServerImpl.java:setRole(164)) - dea50da8-437d-495a-88b6-2e76fcbcd954:group-153756003E39 changes role from CANDIDATE to LEADER at term 1 for changeToLeader
2019-06-12 20:43:25,823 INFO  impl.RaftServerImpl (ServerState.java:setLeader(263)) - dea50da8-437d-495a-88b6-2e76fcbcd954:group-153756003E39 change Leader from null to dea50da8-437d-495a-88b6-2e76fcbcd954 at term 1 for becomeLeader, leader elected after 1328ms
2019-06-12 20:43:25,827 INFO  server.RaftServerConfigKeys (ConfUtils.java:logGet(43)) - raft.server.staging.catchup.gap = 1000 (default)
2019-06-12 20:43:25,827 INFO  server.RaftServerConfigKeys (ConfUtils.java:logGet(43)) - raft.server.rpc.sleep.time = 25ms (default)
2019-06-12 20:43:25,829 INFO  server.RaftServerConfigKeys (ConfUtils.java:logGet(43)) - raft.server.watch.timeout = 10s (default)
2019-06-12 20:43:25,830 INFO  server.RaftServerConfigKeys (ConfUtils.java:logGet(43)) - raft.server.watch.timeout.denomination = 1s (default)
2019-06-12 20:43:25,836 INFO  impl.RoleInfo (RoleInfo.java:updateAndGet(143)) - dea50da8-437d-495a-88b6-2e76fcbcd954: start LeaderState
2019-06-12 20:43:25,851 INFO  storage.RaftLogWorker (RaftLogWorker.java:startLogSegment(298)) - dea50da8-437d-495a-88b6-2e76fcbcd954-RaftLogWorker: Starting segment from index:0
2019-06-12 20:43:25,884 INFO  impl.RaftServerImpl (ServerState.java:setRaftConf(361)) - dea50da8-437d-495a-88b6-2e76fcbcd954:group-153756003E39 set configuration 0: [dea50da8-437d-495a-88b6-2e76fcbcd954:192.168.19.5:33291], old=null at 0
2019-06-12 20:43:25,930 INFO  impl.FollowerState (FollowerState.java:run(101)) - 82092e5a-678c-497d-b850-ca3590bbfec0:group-2F6166187A06 changes to CANDIDATE, lastRpcTime:1194, electionTimeout:1193ms
2019-06-12 20:43:25,932 INFO  impl.RoleInfo (RoleInfo.java:shutdownFollowerState(121)) - 82092e5a-678c-497d-b850-ca3590bbfec0: shutdown FollowerState
2019-06-12 20:43:25,932 INFO  impl.RaftServerImpl (RaftServerImpl.java:setRole(164)) - 82092e5a-678c-497d-b850-ca3590bbfec0:group-2F6166187A06 changes role from FOLLOWER to CANDIDATE at term 0 for changeToCandidate
2019-06-12 20:43:25,932 INFO  impl.RoleInfo (RoleInfo.java:updateAndGet(143)) - 82092e5a-678c-497d-b850-ca3590bbfec0: start LeaderElection
2019-06-12 20:43:25,938 INFO  impl.LeaderElection (LeaderElection.java:askForVotes(181)) - 82092e5a-678c-497d-b850-ca3590bbfec0:group-2F6166187A06:LeaderElection2: begin an election at term 1 for -1: [82092e5a-678c-497d-b850-ca3590bbfec0:192.168.19.5:35725], old=null
2019-06-12 20:43:25,939 INFO  impl.RoleInfo (RoleInfo.java:shutdownLeaderElection(134)) - 82092e5a-678c-497d-b850-ca3590bbfec0: shutdown LeaderElection
2019-06-12 20:43:25,939 INFO  impl.RaftServerImpl (RaftServerImpl.java:setRole(164)) - 82092e5a-678c-497d-b850-ca3590bbfec0:group-2F6166187A06 changes role from CANDIDATE to LEADER at term 1 for changeToLeader
2019-06-12 20:43:25,939 INFO  impl.RaftServerImpl (ServerState.java:setLeader(263)) - 82092e5a-678c-497d-b850-ca3590bbfec0:group-2F6166187A06 change Leader from null to 82092e5a-678c-497d-b850-ca3590bbfec0 at term 1 for becomeLeader, leader elected after 1206ms
2019-06-12 20:43:25,941 INFO  server.RaftServerConfigKeys (ConfUtils.java:logGet(43)) - raft.server.staging.catchup.gap = 1000 (default)
2019-06-12 20:43:25,941 INFO  server.RaftServerConfigKeys (ConfUtils.java:logGet(43)) - raft.server.rpc.sleep.time = 25ms (default)
2019-06-12 20:43:25,941 INFO  server.RaftServerConfigKeys (ConfUtils.java:logGet(43)) - raft.server.watch.timeout = 10s (default)
2019-06-12 20:43:25,941 INFO  server.RaftServerConfigKeys (ConfUtils.java:logGet(43)) - raft.server.watch.timeout.denomination = 1s (default)
2019-06-12 20:43:25,941 INFO  impl.RoleInfo (RoleInfo.java:updateAndGet(143)) - 82092e5a-678c-497d-b850-ca3590bbfec0: start LeaderState
2019-06-12 20:43:25,941 INFO  storage.RaftLogWorker (RaftLogWorker.java:startLogSegment(298)) - 82092e5a-678c-497d-b850-ca3590bbfec0-RaftLogWorker: Starting segment from index:0
2019-06-12 20:43:25,948 INFO  impl.RaftServerImpl (ServerState.java:setRaftConf(361)) - 82092e5a-678c-497d-b850-ca3590bbfec0:group-2F6166187A06 set configuration 0: [82092e5a-678c-497d-b850-ca3590bbfec0:192.168.19.5:35725], old=null at 0
2019-06-12 20:43:25,975 INFO  impl.FollowerState (FollowerState.java:run(101)) - 12dc4d1a-ef4d-4106-b099-00b5b76e65e4:group-28164BFDDA1D changes to CANDIDATE, lastRpcTime:1113, electionTimeout:1113ms
2019-06-12 20:43:25,975 INFO  impl.RoleInfo (RoleInfo.java:shutdownFollowerState(121)) - 12dc4d1a-ef4d-4106-b099-00b5b76e65e4: shutdown FollowerState
2019-06-12 20:43:25,975 INFO  impl.RaftServerImpl (RaftServerImpl.java:setRole(164)) - 12dc4d1a-ef4d-4106-b099-00b5b76e65e4:group-28164BFDDA1D changes role from FOLLOWER to CANDIDATE at term 0 for changeToCandidate
2019-06-12 20:43:25,976 INFO  impl.RoleInfo (RoleInfo.java:updateAndGet(143)) - 12dc4d1a-ef4d-4106-b099-00b5b76e65e4: start LeaderElection
2019-06-12 20:43:25,982 INFO  impl.FollowerState (FollowerState.java:run(101)) - 655c93e2-058b-4e0e-9ba6-f91576f9bf6e:group-D698C8293B2A changes to CANDIDATE, lastRpcTime:1179, electionTimeout:1179ms
2019-06-12 20:43:25,982 INFO  impl.RoleInfo (RoleInfo.java:shutdownFollowerState(121)) - 655c93e2-058b-4e0e-9ba6-f91576f9bf6e: shutdown FollowerState
2019-06-12 20:43:25,983 INFO  impl.RaftServerImpl (RaftServerImpl.java:setRole(164)) - 655c93e2-058b-4e0e-9ba6-f91576f9bf6e:group-D698C8293B2A changes role from FOLLOWER to CANDIDATE at term 0 for changeToCandidate
2019-06-12 20:43:25,983 INFO  impl.RoleInfo (RoleInfo.java:updateAndGet(143)) - 655c93e2-058b-4e0e-9ba6-f91576f9bf6e: start LeaderElection
2019-06-12 20:43:25,985 INFO  impl.LeaderElection (LeaderElection.java:askForVotes(181)) - 12dc4d1a-ef4d-4106-b099-00b5b76e65e4:group-28164BFDDA1D:LeaderElection3: begin an election at term 1 for -1: [12dc4d1a-ef4d-4106-b099-00b5b76e65e4:192.168.19.5:41565], old=null
2019-06-12 20:43:25,986 INFO  impl.RoleInfo (RoleInfo.java:shutdownLeaderElection(134)) - 12dc4d1a-ef4d-4106-b099-00b5b76e65e4: shutdown LeaderElection
2019-06-12 20:43:25,986 INFO  impl.RaftServerImpl (RaftServerImpl.java:setRole(164)) - 12dc4d1a-ef4d-4106-b099-00b5b76e65e4:group-28164BFDDA1D changes role from CANDIDATE to LEADER at term 1 for changeToLeader
2019-06-12 20:43:25,986 INFO  impl.RaftServerImpl (ServerState.java:setLeader(263)) - 12dc4d1a-ef4d-4106-b099-00b5b76e65e4:group-28164BFDDA1D change Leader from null to 12dc4d1a-ef4d-4106-b099-00b5b76e65e4 at term 1 for becomeLeader, leader elected after 1126ms
2019-06-12 20:43:25,987 INFO  server.RaftServerConfigKeys (ConfUtils.java:logGet(43)) - raft.server.staging.catchup.gap = 1000 (default)
2019-06-12 20:43:25,987 INFO  server.RaftServerConfigKeys (ConfUtils.java:logGet(43)) - raft.server.rpc.sleep.time = 25ms (default)
2019-06-12 20:43:25,987 INFO  server.RaftServerConfigKeys (ConfUtils.java:logGet(43)) - raft.server.watch.timeout = 10s (default)
2019-06-12 20:43:25,987 INFO  server.RaftServerConfigKeys (ConfUtils.java:logGet(43)) - raft.server.watch.timeout.denomination = 1s (default)
2019-06-12 20:43:25,988 INFO  impl.RoleInfo (RoleInfo.java:updateAndGet(143)) - 12dc4d1a-ef4d-4106-b099-00b5b76e65e4: start LeaderState
2019-06-12 20:43:25,988 INFO  storage.RaftLogWorker (RaftLogWorker.java:startLogSegment(298)) - 12dc4d1a-ef4d-4106-b099-00b5b76e65e4-RaftLogWorker: Starting segment from index:0
2019-06-12 20:43:25,994 INFO  impl.RaftServerImpl (ServerState.java:setRaftConf(361)) - 12dc4d1a-ef4d-4106-b099-00b5b76e65e4:group-28164BFDDA1D set configuration 0: [12dc4d1a-ef4d-4106-b099-00b5b76e65e4:192.168.19.5:41565], old=null at 0
2019-06-12 20:43:25,995 INFO  impl.LeaderElection (LeaderElection.java:askForVotes(181)) - 655c93e2-058b-4e0e-9ba6-f91576f9bf6e:group-D698C8293B2A:LeaderElection4: begin an election at term 1 for -1: [655c93e2-058b-4e0e-9ba6-f91576f9bf6e:192.168.19.5:35767], old=null
2019-06-12 20:43:25,995 INFO  impl.RoleInfo (RoleInfo.java:shutdownLeaderElection(134)) - 655c93e2-058b-4e0e-9ba6-f91576f9bf6e: shutdown LeaderElection
2019-06-12 20:43:25,995 INFO  impl.RaftServerImpl (RaftServerImpl.java:setRole(164)) - 655c93e2-058b-4e0e-9ba6-f91576f9bf6e:group-D698C8293B2A changes role from CANDIDATE to LEADER at term 1 for changeToLeader
2019-06-12 20:43:25,995 INFO  impl.RaftServerImpl (ServerState.java:setLeader(263)) - 655c93e2-058b-4e0e-9ba6-f91576f9bf6e:group-D698C8293B2A change Leader from null to 655c93e2-058b-4e0e-9ba6-f91576f9bf6e at term 1 for becomeLeader, leader elected after 1195ms
2019-06-12 20:43:25,997 INFO  server.RaftServerConfigKeys (ConfUtils.java:logGet(43)) - raft.server.staging.catchup.gap = 1000 (default)
2019-06-12 20:43:25,997 INFO  server.RaftServerConfigKeys (ConfUtils.java:logGet(43)) - raft.server.rpc.sleep.time = 25ms (default)
2019-06-12 20:43:25,998 INFO  server.RaftServerConfigKeys (ConfUtils.java:logGet(43)) - raft.server.watch.timeout = 10s (default)
2019-06-12 20:43:25,998 INFO  server.RaftServerConfigKeys (ConfUtils.java:logGet(43)) - raft.server.watch.timeout.denomination = 1s (default)
2019-06-12 20:43:25,998 INFO  impl.RoleInfo (RoleInfo.java:updateAndGet(143)) - 655c93e2-058b-4e0e-9ba6-f91576f9bf6e: start LeaderState
2019-06-12 20:43:25,998 INFO  storage.RaftLogWorker (RaftLogWorker.java:startLogSegment(298)) - 655c93e2-058b-4e0e-9ba6-f91576f9bf6e-RaftLogWorker: Starting segment from index:0
2019-06-12 20:43:25,999 INFO  impl.RaftServerImpl (ServerState.java:setRaftConf(361)) - 655c93e2-058b-4e0e-9ba6-f91576f9bf6e:group-D698C8293B2A set configuration 0: [655c93e2-058b-4e0e-9ba6-f91576f9bf6e:192.168.19.5:35767], old=null at 0
2019-06-12 20:43:26,021 INFO  impl.FollowerState (FollowerState.java:run(101)) - 12dc4d1a-ef4d-4106-b099-00b5b76e65e4:group-3EFFD9A12EB9 changes to CANDIDATE, lastRpcTime:1066, electionTimeout:1058ms
2019-06-12 20:43:26,021 INFO  impl.RoleInfo (RoleInfo.java:shutdownFollowerState(121)) - 12dc4d1a-ef4d-4106-b099-00b5b76e65e4: shutdown FollowerState
2019-06-12 20:43:26,021 INFO  impl.RaftServerImpl (RaftServerImpl.java:setRole(164)) - 12dc4d1a-ef4d-4106-b099-00b5b76e65e4:group-3EFFD9A12EB9 changes role from FOLLOWER to CANDIDATE at term 0 for changeToCandidate
2019-06-12 20:43:26,021 INFO  impl.RoleInfo (RoleInfo.java:updateAndGet(143)) - 12dc4d1a-ef4d-4106-b099-00b5b76e65e4: start LeaderElection
2019-06-12 20:43:26,079 INFO  impl.FollowerState (FollowerState.java:run(101)) - dea50da8-437d-495a-88b6-2e76fcbcd954:group-3EFFD9A12EB9 changes to CANDIDATE, lastRpcTime:1095, electionTimeout:1071ms
2019-06-12 20:43:26,079 INFO  impl.RoleInfo (RoleInfo.java:shutdownFollowerState(121)) - dea50da8-437d-495a-88b6-2e76fcbcd954: shutdown FollowerState
2019-06-12 20:43:26,079 INFO  impl.RaftServerImpl (RaftServerImpl.java:setRole(164)) - dea50da8-437d-495a-88b6-2e76fcbcd954:group-3EFFD9A12EB9 changes role from FOLLOWER to CANDIDATE at term 0 for changeToCandidate
2019-06-12 20:43:26,079 INFO  impl.RoleInfo (RoleInfo.java:updateAndGet(143)) - dea50da8-437d-495a-88b6-2e76fcbcd954: start LeaderElection
2019-06-12 20:43:26,085 INFO  impl.LeaderElection (LeaderElection.java:askForVotes(181)) - 12dc4d1a-ef4d-4106-b099-00b5b76e65e4:group-3EFFD9A12EB9:LeaderElection5: begin an election at term 1 for -1: [82092e5a-678c-497d-b850-ca3590bbfec0:192.168.19.5:35725, 12dc4d1a-ef4d-4106-b099-00b5b76e65e4:192.168.19.5:41565, dea50da8-437d-495a-88b6-2e76fcbcd954:192.168.19.5:33291], old=null
2019-06-12 20:43:26,113 INFO  impl.FollowerState (FollowerState.java:run(101)) - 82092e5a-678c-497d-b850-ca3590bbfec0:group-3EFFD9A12EB9 changes to CANDIDATE, lastRpcTime:1158, electionTimeout:1149ms
2019-06-12 20:43:26,113 INFO  impl.RoleInfo (RoleInfo.java:shutdownFollowerState(121)) - 82092e5a-678c-497d-b850-ca3590bbfec0: shutdown FollowerState
2019-06-12 20:43:26,113 INFO  impl.RaftServerImpl (RaftServerImpl.java:setRole(164)) - 82092e5a-678c-497d-b850-ca3590bbfec0:group-3EFFD9A12EB9 changes role from FOLLOWER to CANDIDATE at term 0 for changeToCandidate
2019-06-12 20:43:26,113 INFO  impl.RoleInfo (RoleInfo.java:updateAndGet(143)) - 82092e5a-678c-497d-b850-ca3590bbfec0: start LeaderElection
2019-06-12 20:43:26,116 INFO  impl.LeaderElection (LeaderElection.java:askForVotes(181)) - dea50da8-437d-495a-88b6-2e76fcbcd954:group-3EFFD9A12EB9:LeaderElection6: begin an election at term 1 for -1: [82092e5a-678c-497d-b850-ca3590bbfec0:192.168.19.5:35725, 12dc4d1a-ef4d-4106-b099-00b5b76e65e4:192.168.19.5:41565, dea50da8-437d-495a-88b6-2e76fcbcd954:192.168.19.5:33291], old=null
2019-06-12 20:43:26,123 INFO  storage.RaftLogWorker (RaftLogWorker.java:execute(469)) - 655c93e2-058b-4e0e-9ba6-f91576f9bf6e-RaftLogWorker: created new log segment /opt/src/hadoop-ozone/integration-test/target/test-dir/MiniOzoneClusterImpl-7ac226a4-4068-4019-b634-19a29fd69213/datanode-1/data/ratis/b0288bf0-7f3a-4260-9624-d698c8293b2a/current/log_inprogress_0
2019-06-12 20:43:26,123 INFO  storage.RaftLogWorker (RaftLogWorker.java:execute(469)) - 82092e5a-678c-497d-b850-ca3590bbfec0-RaftLogWorker: created new log segment /opt/src/hadoop-ozone/integration-test/target/test-dir/MiniOzoneClusterImpl-7ac226a4-4068-4019-b634-19a29fd69213/datanode-2/data/ratis/3e7a1438-cc8d-4f9d-b005-2f6166187a06/current/log_inprogress_0
2019-06-12 20:43:26,125 INFO  storage.RaftLogWorker (RaftLogWorker.java:execute(469)) - 12dc4d1a-ef4d-4106-b099-00b5b76e65e4-RaftLogWorker: created new log segment /opt/src/hadoop-ozone/integration-test/target/test-dir/MiniOzoneClusterImpl-7ac226a4-4068-4019-b634-19a29fd69213/datanode-3/data/ratis/57fd80c3-f2bb-4f60-9f9a-28164bfdda1d/current/log_inprogress_0
2019-06-12 20:43:26,128 INFO  storage.RaftLogWorker (RaftLogWorker.java:execute(469)) - dea50da8-437d-495a-88b6-2e76fcbcd954-RaftLogWorker: created new log segment /opt/src/hadoop-ozone/integration-test/target/test-dir/MiniOzoneClusterImpl-7ac226a4-4068-4019-b634-19a29fd69213/datanode-0/data/ratis/f26e9b46-32ed-4caf-878a-153756003e39/current/log_inprogress_0
2019-06-12 20:43:26,131 INFO  impl.LeaderElection (LeaderElection.java:askForVotes(181)) - 82092e5a-678c-497d-b850-ca3590bbfec0:group-3EFFD9A12EB9:LeaderElection7: begin an election at term 1 for -1: [82092e5a-678c-497d-b850-ca3590bbfec0:192.168.19.5:35725, 12dc4d1a-ef4d-4106-b099-00b5b76e65e4:192.168.19.5:41565, dea50da8-437d-495a-88b6-2e76fcbcd954:192.168.19.5:33291], old=null
2019-06-12 20:43:26,147 INFO  ozone.MiniOzoneClusterImpl (MiniOzoneClusterImpl.java:lambda$waitForClusterToBeReady$0(142)) - Cluster is ready. Got 6 of 6 DN Heartbeats.
]]></system-out>
    <system-err><![CDATA[ERROR StatusLogger No Log4j 2 configuration file found. Using default configuration (logging only errors to the console), or user programmatically provided configurations. Set system property 'log4j2.debug' to show Log4j 2 internal initialization logging. See https://logging.apache.org/log4j/2.x/manual/configuration.html for instructions on how to configure Log4j 2
Jun 12, 2019 8:43:19 PM com.sun.jersey.server.impl.application.WebApplicationImpl _initiate
INFO: Initiating Jersey application, version 'Jersey: 1.19 02/11/2015 03:25 AM'
Jun 12, 2019 8:43:20 PM com.sun.jersey.server.impl.application.WebApplicationImpl _initiate
INFO: Initiating Jersey application, version 'Jersey: 1.19 02/11/2015 03:25 AM'
Jun 12, 2019 8:43:20 PM com.sun.jersey.server.impl.application.WebApplicationImpl _initiate
INFO: Initiating Jersey application, version 'Jersey: 1.19 02/11/2015 03:25 AM'
Jun 12, 2019 8:43:20 PM com.sun.jersey.server.impl.application.WebApplicationImpl _initiate
INFO: Initiating Jersey application, version 'Jersey: 1.19 02/11/2015 03:25 AM'
Jun 12, 2019 8:43:20 PM com.sun.jersey.server.impl.application.WebApplicationImpl _initiate
INFO: Initiating Jersey application, version 'Jersey: 1.19 02/11/2015 03:25 AM'
Jun 12, 2019 8:43:21 PM com.sun.jersey.server.impl.application.WebApplicationImpl _initiate
INFO: Initiating Jersey application, version 'Jersey: 1.19 02/11/2015 03:25 AM'
]]></system-err>
  </testcase>
</testsuite>