<?xml version="1.0" encoding="UTF-8"?>
<testsuite xmlns:xsi="http://www.w3.org/2001/XMLSchema-instance" xsi:noNamespaceSchemaLocation="https://maven.apache.org/surefire/maven-surefire-plugin/xsd/surefire-test-report.xsd" name="org.apache.hadoop.ozone.client.rpc.TestWatchForCommit" time="142.867" tests="6" errors="0" skipped="0" failures="1">
  <properties>
    <property name="awt.toolkit" value="sun.awt.X11.XToolkit"/>
    <property name="file.encoding.pkg" value="sun.io"/>
    <property name="java.specification.version" value="1.8"/>
    <property name="sun.cpu.isalist" value=""/>
    <property name="sun.jnu.encoding" value="UTF-8"/>
    <property name="java.class.path" value="/opt/src/hadoop-ozone/integration-test/target/test-classes:/opt/src/hadoop-ozone/integration-test/target/classes:/root/.m2/repository/org/apache/hadoop/hadoop-ozone-common/0.5.0-SNAPSHOT/hadoop-ozone-common-0.5.0-SNAPSHOT.jar:/root/.m2/repository/org/apache/commons/commons-compress/1.4.1/commons-compress-1.4.1.jar:/root/.m2/repository/org/tukaani/xz/1.0/xz-1.0.jar:/root/.m2/repository/org/apache/hadoop/hadoop-common/3.2.0/hadoop-common-3.2.0.jar:/root/.m2/repository/org/apache/hadoop/hadoop-hdfs/3.2.0/hadoop-hdfs-3.2.0.jar:/root/.m2/repository/org/apache/hadoop/hadoop-hdfs-client/3.2.0/hadoop-hdfs-client-3.2.0.jar:/root/.m2/repository/com/fasterxml/jackson/core/jackson-annotations/2.9.5/jackson-annotations-2.9.5.jar:/root/.m2/repository/org/apache/hadoop/hadoop-hdds-common/0.5.0-SNAPSHOT/hadoop-hdds-common-0.5.0-SNAPSHOT.jar:/root/.m2/repository/javax/annotation/javax.annotation-api/1.2/javax.annotation-api-1.2.jar:/root/.m2/repository/org/apache/ratis/ratis-server/0.4.0-fe2b15d-SNAPSHOT/ratis-server-0.4.0-fe2b15d-SNAPSHOT.jar:/root/.m2/repository/org/apache/ratis/ratis-thirdparty-misc/0.2.0/ratis-thirdparty-misc-0.2.0.jar:/root/.m2/repository/org/apache/ratis/ratis-proto/0.4.0-fe2b15d-SNAPSHOT/ratis-proto-0.4.0-fe2b15d-SNAPSHOT.jar:/root/.m2/repository/org/apache/ratis/ratis-common/0.4.0-fe2b15d-SNAPSHOT/ratis-common-0.4.0-fe2b15d-SNAPSHOT.jar:/root/.m2/repository/org/apache/ratis/ratis-client/0.4.0-fe2b15d-SNAPSHOT/ratis-client-0.4.0-fe2b15d-SNAPSHOT.jar:/root/.m2/repository/org/apache/ratis/ratis-netty/0.4.0-fe2b15d-SNAPSHOT/ratis-netty-0.4.0-fe2b15d-SNAPSHOT.jar:/root/.m2/repository/org/apache/ratis/ratis-grpc/0.4.0-fe2b15d-SNAPSHOT/ratis-grpc-0.4.0-fe2b15d-SNAPSHOT.jar:/root/.m2/repository/org/rocksdb/rocksdbjni/5.14.2/rocksdbjni-5.14.2.jar:/root/.m2/repository/org/apache/logging/log4j/log4j-api/2.11.0/log4j-api-2.11.0.jar:/root/.m2/repository/org/apache/logging/log4j/log4j-core/2.11.0/log4j-core-2.11.0.jar:/root/.m2/repository/com/lmax/disruptor/3.4.2/disruptor-3.4.2.jar:/root/.m2/repository/org/apache/commons/commons-pool2/2.6.0/commons-pool2-2.6.0.jar:/root/.m2/repository/org/bouncycastle/bcpkix-jdk15on/1.60/bcpkix-jdk15on-1.60.jar:/root/.m2/repository/commons-validator/commons-validator/1.6/commons-validator-1.6.jar:/root/.m2/repository/commons-digester/commons-digester/1.8.1/commons-digester-1.8.1.jar:/root/.m2/repository/io/jaegertracing/jaeger-client/0.33.1/jaeger-client-0.33.1.jar:/root/.m2/repository/io/jaegertracing/jaeger-thrift/0.33.1/jaeger-thrift-0.33.1.jar:/root/.m2/repository/org/apache/thrift/libthrift/0.11.0/libthrift-0.11.0.jar:/root/.m2/repository/com/squareup/okhttp3/okhttp/3.9.0/okhttp-3.9.0.jar:/root/.m2/repository/com/squareup/okio/okio/1.13.0/okio-1.13.0.jar:/root/.m2/repository/io/jaegertracing/jaeger-core/0.33.1/jaeger-core-0.33.1.jar:/root/.m2/repository/io/jaegertracing/jaeger-tracerresolver/0.33.1/jaeger-tracerresolver-0.33.1.jar:/root/.m2/repository/io/opentracing/contrib/opentracing-tracerresolver/0.1.5/opentracing-tracerresolver-0.1.5.jar:/root/.m2/repository/io/opentracing/opentracing-util/0.31.0/opentracing-util-0.31.0.jar:/root/.m2/repository/io/opentracing/opentracing-api/0.31.0/opentracing-api-0.31.0.jar:/root/.m2/repository/io/opentracing/opentracing-noop/0.31.0/opentracing-noop-0.31.0.jar:/root/.m2/repository/org/apache/hadoop/hadoop-hdds-server-framework/0.5.0-SNAPSHOT/hadoop-hdds-server-framework-0.5.0-SNAPSHOT.jar:/root/.m2/repository/org/apache/hadoop/hadoop-hdds-server-scm/0.5.0-SNAPSHOT/hadoop-hdds-server-scm-0.5.0-SNAPSHOT.jar:/root/.m2/repository/org/apache/hadoop/hadoop-hdds-container-service/0.5.0-SNAPSHOT/hadoop-hdds-container-service-0.5.0-SNAPSHOT.jar:/root/.m2/repository/org/apache/hadoop/hadoop-hdds-client/0.5.0-SNAPSHOT/hadoop-hdds-client-0.5.0-SNAPSHOT.jar:/root/.m2/repository/org/apache/hadoop/hadoop-hdds-tools/0.5.0-SNAPSHOT/hadoop-hdds-tools-0.5.0-SNAPSHOT.jar:/root/.m2/repository/org/apache/hadoop/hadoop-ozone-ozone-manager/0.5.0-SNAPSHOT/hadoop-ozone-ozone-manager-0.5.0-SNAPSHOT.jar:/root/.m2/repository/org/apache/hadoop/hadoop-hdds-docs/0.5.0-SNAPSHOT/hadoop-hdds-docs-0.5.0-SNAPSHOT.jar:/root/.m2/repository/org/bouncycastle/bcprov-jdk15on/1.60/bcprov-jdk15on-1.60.jar:/root/.m2/repository/org/apache/hadoop/hadoop-minikdc/3.2.0/hadoop-minikdc-3.2.0.jar:/root/.m2/repository/commons-io/commons-io/2.5/commons-io-2.5.jar:/root/.m2/repository/org/apache/kerby/kerb-simplekdc/1.0.1/kerb-simplekdc-1.0.1.jar:/root/.m2/repository/org/apache/kerby/kerb-client/1.0.1/kerb-client-1.0.1.jar:/root/.m2/repository/org/apache/kerby/kerby-config/1.0.1/kerby-config-1.0.1.jar:/root/.m2/repository/org/apache/kerby/kerb-core/1.0.1/kerb-core-1.0.1.jar:/root/.m2/repository/org/apache/kerby/kerby-pkix/1.0.1/kerby-pkix-1.0.1.jar:/root/.m2/repository/org/apache/kerby/kerby-asn1/1.0.1/kerby-asn1-1.0.1.jar:/root/.m2/repository/org/apache/kerby/kerby-util/1.0.1/kerby-util-1.0.1.jar:/root/.m2/repository/org/apache/kerby/kerb-common/1.0.1/kerb-common-1.0.1.jar:/root/.m2/repository/org/apache/kerby/kerb-crypto/1.0.1/kerb-crypto-1.0.1.jar:/root/.m2/repository/org/apache/kerby/kerb-util/1.0.1/kerb-util-1.0.1.jar:/root/.m2/repository/org/apache/kerby/token-provider/1.0.1/token-provider-1.0.1.jar:/root/.m2/repository/org/apache/kerby/kerb-admin/1.0.1/kerb-admin-1.0.1.jar:/root/.m2/repository/org/apache/kerby/kerb-server/1.0.1/kerb-server-1.0.1.jar:/root/.m2/repository/org/apache/kerby/kerb-identity/1.0.1/kerb-identity-1.0.1.jar:/root/.m2/repository/org/apache/kerby/kerby-xdr/1.0.1/kerby-xdr-1.0.1.jar:/root/.m2/repository/org/slf4j/slf4j-log4j12/1.7.25/slf4j-log4j12-1.7.25.jar:/root/.m2/repository/org/apache/hadoop/hadoop-ozone-objectstore-service/0.5.0-SNAPSHOT/hadoop-ozone-objectstore-service-0.5.0-SNAPSHOT.jar:/root/.m2/repository/org/apache/hadoop/hadoop-ozone-s3gateway/0.5.0-SNAPSHOT/hadoop-ozone-s3gateway-0.5.0-SNAPSHOT.jar:/root/.m2/repository/org/jboss/weld/servlet/weld-servlet/2.4.7.Final/weld-servlet-2.4.7.Final.jar:/root/.m2/repository/org/glassfish/jersey/containers/jersey-container-servlet-core/2.27/jersey-container-servlet-core-2.27.jar:/root/.m2/repository/org/glassfish/hk2/external/javax.inject/2.5.0-b42/javax.inject-2.5.0-b42.jar:/root/.m2/repository/org/glassfish/jersey/core/jersey-common/2.27/jersey-common-2.27.jar:/root/.m2/repository/org/glassfish/hk2/osgi-resource-locator/1.0.1/osgi-resource-locator-1.0.1.jar:/root/.m2/repository/javax/ws/rs/javax.ws.rs-api/2.1/javax.ws.rs-api-2.1.jar:/root/.m2/repository/org/glassfish/jersey/ext/cdi/jersey-cdi1x/2.27/jersey-cdi1x-2.27.jar:/root/.m2/repository/org/glassfish/jersey/inject/jersey-hk2/2.27/jersey-hk2-2.27.jar:/root/.m2/repository/org/glassfish/hk2/hk2-locator/2.5.0-b42/hk2-locator-2.5.0-b42.jar:/root/.m2/repository/org/javassist/javassist/3.22.0-CR2/javassist-3.22.0-CR2.jar:/root/.m2/repository/org/glassfish/hk2/hk2-api/2.5.0/hk2-api-2.5.0.jar:/root/.m2/repository/org/glassfish/hk2/external/jakarta.inject/2.5.0/jakarta.inject-2.5.0.jar:/root/.m2/repository/org/glassfish/hk2/hk2-utils/2.5.0/hk2-utils-2.5.0.jar:/root/.m2/repository/jakarta/annotation/jakarta.annotation-api/1.3.4/jakarta.annotation-api-1.3.4.jar:/root/.m2/repository/org/glassfish/hk2/external/aopalliance-repackaged/2.5.0/aopalliance-repackaged-2.5.0.jar:/root/.m2/repository/com/fasterxml/jackson/dataformat/jackson-dataformat-xml/2.9.0/jackson-dataformat-xml-2.9.0.jar:/root/.m2/repository/com/fasterxml/jackson/core/jackson-core/2.9.5/jackson-core-2.9.5.jar:/root/.m2/repository/com/fasterxml/jackson/module/jackson-module-jaxb-annotations/2.9.5/jackson-module-jaxb-annotations-2.9.5.jar:/root/.m2/repository/javax/enterprise/cdi-api/1.2/cdi-api-1.2.jar:/root/.m2/repository/javax/el/javax.el-api/3.0.0/javax.el-api-3.0.0.jar:/root/.m2/repository/javax/interceptor/javax.interceptor-api/1.2/javax.interceptor-api-1.2.jar:/root/.m2/repository/javax/inject/javax.inject/1/javax.inject-1.jar:/root/.m2/repository/com/sun/xml/bind/jaxb-impl/2.3.0.1/jaxb-impl-2.3.0.1.jar:/root/.m2/repository/com/sun/xml/bind/jaxb-core/2.3.0.1/jaxb-core-2.3.0.1.jar:/root/.m2/repository/javax/xml/bind/jaxb-api/2.3.0/jaxb-api-2.3.0.jar:/root/.m2/repository/javax/activation/activation/1.1.1/activation-1.1.1.jar:/root/.m2/repository/org/apache/hadoop/hadoop-ozone-csi/0.5.0-SNAPSHOT/hadoop-ozone-csi-0.5.0-SNAPSHOT.jar:/root/.m2/repository/com/google/protobuf/protobuf-java-util/3.5.1/protobuf-java-util-3.5.1.jar:/root/.m2/repository/org/apache/hadoop/hadoop-hdds-config/0.5.0-SNAPSHOT/hadoop-hdds-config-0.5.0-SNAPSHOT.jar:/root/.m2/repository/com/google/guava/guava/11.0.2/guava-11.0.2.jar:/root/.m2/repository/com/google/protobuf/protobuf-java/2.5.0/protobuf-java-2.5.0.jar:/root/.m2/repository/io/grpc/grpc-netty/1.17.1/grpc-netty-1.17.1.jar:/root/.m2/repository/io/grpc/grpc-core/1.17.1/grpc-core-1.17.1.jar:/root/.m2/repository/io/grpc/grpc-context/1.17.1/grpc-context-1.17.1.jar:/root/.m2/repository/com/google/errorprone/error_prone_annotations/2.2.0/error_prone_annotations-2.2.0.jar:/root/.m2/repository/org/codehaus/mojo/animal-sniffer-annotations/1.17/animal-sniffer-annotations-1.17.jar:/root/.m2/repository/io/opencensus/opencensus-api/0.17.0/opencensus-api-0.17.0.jar:/root/.m2/repository/io/opencensus/opencensus-contrib-grpc-metrics/0.17.0/opencensus-contrib-grpc-metrics-0.17.0.jar:/root/.m2/repository/io/netty/netty-codec-http2/4.1.30.Final/netty-codec-http2-4.1.30.Final.jar:/root/.m2/repository/io/netty/netty-codec-http/4.1.30.Final/netty-codec-http-4.1.30.Final.jar:/root/.m2/repository/io/netty/netty-codec/4.1.30.Final/netty-codec-4.1.30.Final.jar:/root/.m2/repository/io/netty/netty-handler/4.1.30.Final/netty-handler-4.1.30.Final.jar:/root/.m2/repository/io/netty/netty-handler-proxy/4.1.30.Final/netty-handler-proxy-4.1.30.Final.jar:/root/.m2/repository/io/netty/netty-codec-socks/4.1.30.Final/netty-codec-socks-4.1.30.Final.jar:/root/.m2/repository/io/netty/netty-transport-native-epoll/4.1.30.Final/netty-transport-native-epoll-4.1.30.Final.jar:/root/.m2/repository/io/netty/netty-common/4.1.30.Final/netty-common-4.1.30.Final.jar:/root/.m2/repository/io/netty/netty-buffer/4.1.30.Final/netty-buffer-4.1.30.Final.jar:/root/.m2/repository/io/netty/netty-transport/4.1.30.Final/netty-transport-4.1.30.Final.jar:/root/.m2/repository/io/netty/netty-resolver/4.1.30.Final/netty-resolver-4.1.30.Final.jar:/root/.m2/repository/io/netty/netty-transport-native-unix-common/4.1.30.Final/netty-transport-native-unix-common-4.1.30.Final.jar:/root/.m2/repository/io/grpc/grpc-protobuf/1.17.1/grpc-protobuf-1.17.1.jar:/root/.m2/repository/com/google/api/grpc/proto-google-common-protos/1.0.0/proto-google-common-protos-1.0.0.jar:/root/.m2/repository/io/grpc/grpc-protobuf-lite/1.17.1/grpc-protobuf-lite-1.17.1.jar:/root/.m2/repository/io/grpc/grpc-stub/1.17.1/grpc-stub-1.17.1.jar:/root/.m2/repository/org/apache/hadoop/hadoop-ozone-recon/0.5.0-SNAPSHOT/hadoop-ozone-recon-0.5.0-SNAPSHOT.jar:/root/.m2/repository/org/apache/hadoop/hadoop-ozone-reconcodegen/0.5.0-SNAPSHOT/hadoop-ozone-reconcodegen-0.5.0-SNAPSHOT.jar:/root/.m2/repository/com/google/inject/extensions/guice-multibindings/4.0/guice-multibindings-4.0.jar:/root/.m2/repository/com/google/inject/guice/4.0/guice-4.0.jar:/root/.m2/repository/aopalliance/aopalliance/1.0/aopalliance-1.0.jar:/root/.m2/repository/com/google/inject/extensions/guice-servlet/4.0/guice-servlet-4.0.jar:/root/.m2/repository/org/glassfish/jersey/containers/jersey-container-servlet/2.27/jersey-container-servlet-2.27.jar:/root/.m2/repository/org/glassfish/hk2/guice-bridge/2.5.0/guice-bridge-2.5.0.jar:/root/.m2/repository/org/glassfish/jersey/core/jersey-server/2.27/jersey-server-2.27.jar:/root/.m2/repository/org/glassfish/jersey/core/jersey-client/2.27/jersey-client-2.27.jar:/root/.m2/repository/org/glassfish/jersey/media/jersey-media-jaxb/2.27/jersey-media-jaxb-2.27.jar:/root/.m2/repository/javax/validation/validation-api/1.1.0.Final/validation-api-1.1.0.Final.jar:/root/.m2/repository/org/glassfish/jersey/media/jersey-media-json-jackson/2.27/jersey-media-json-jackson-2.27.jar:/root/.m2/repository/org/glassfish/jersey/ext/jersey-entity-filtering/2.27/jersey-entity-filtering-2.27.jar:/root/.m2/repository/com/google/inject/extensions/guice-assistedinject/4.0/guice-assistedinject-4.0.jar:/root/.m2/repository/org/jooq/jooq/3.11.10/jooq-3.11.10.jar:/root/.m2/repository/org/jooq/jooq-meta/3.11.10/jooq-meta-3.11.10.jar:/root/.m2/repository/org/jooq/jooq-codegen/3.11.10/jooq-codegen-3.11.10.jar:/root/.m2/repository/com/jolbox/bonecp/0.8.0.RELEASE/bonecp-0.8.0.RELEASE.jar:/root/.m2/repository/org/xerial/sqlite-jdbc/3.25.2/sqlite-jdbc-3.25.2.jar:/root/.m2/repository/org/springframework/spring-jdbc/5.1.3.RELEASE/spring-jdbc-5.1.3.RELEASE.jar:/root/.m2/repository/org/springframework/spring-beans/5.1.3.RELEASE/spring-beans-5.1.3.RELEASE.jar:/root/.m2/repository/org/springframework/spring-core/5.1.3.RELEASE/spring-core-5.1.3.RELEASE.jar:/root/.m2/repository/org/springframework/spring-jcl/5.1.3.RELEASE/spring-jcl-5.1.3.RELEASE.jar:/root/.m2/repository/org/springframework/spring-tx/5.1.3.RELEASE/spring-tx-5.1.3.RELEASE.jar:/root/.m2/repository/org/apache/hadoop/hadoop-ozone-client/0.5.0-SNAPSHOT/hadoop-ozone-client-0.5.0-SNAPSHOT.jar:/root/.m2/repository/org/apache/hadoop/hadoop-ozone-ozone-manager/0.5.0-SNAPSHOT/hadoop-ozone-ozone-manager-0.5.0-SNAPSHOT-tests.jar:/root/.m2/repository/junit/junit/4.11/junit-4.11.jar:/root/.m2/repository/org/hamcrest/hamcrest-core/1.3/hamcrest-core-1.3.jar:/root/.m2/repository/org/openjdk/jmh/jmh-core/1.19/jmh-core-1.19.jar:/root/.m2/repository/net/sf/jopt-simple/jopt-simple/4.6/jopt-simple-4.6.jar:/root/.m2/repository/org/apache/commons/commons-math3/3.1.1/commons-math3-3.1.1.jar:/root/.m2/repository/org/openjdk/jmh/jmh-generator-annprocess/1.19/jmh-generator-annprocess-1.19.jar:/root/.m2/repository/org/mockito/mockito-all/1.8.5/mockito-all-1.8.5.jar:/root/.m2/repository/org/apache/hadoop/hadoop-kms/3.2.0/hadoop-kms-3.2.0.jar:/root/.m2/repository/org/apache/hadoop/hadoop-auth/3.2.0/hadoop-auth-3.2.0.jar:/root/.m2/repository/com/nimbusds/nimbus-jose-jwt/4.41.1/nimbus-jose-jwt-4.41.1.jar:/root/.m2/repository/com/github/stephenc/jcip/jcip-annotations/1.0-1/jcip-annotations-1.0-1.jar:/root/.m2/repository/net/minidev/json-smart/2.3/json-smart-2.3.jar:/root/.m2/repository/net/minidev/accessors-smart/1.2/accessors-smart-1.2.jar:/root/.m2/repository/org/ow2/asm/asm/5.0.4/asm-5.0.4.jar:/root/.m2/repository/org/apache/curator/curator-framework/2.12.0/curator-framework-2.12.0.jar:/root/.m2/repository/com/sun/jersey/jersey-core/1.19/jersey-core-1.19.jar:/root/.m2/repository/javax/ws/rs/jsr311-api/1.1.1/jsr311-api-1.1.1.jar:/root/.m2/repository/com/sun/jersey/jersey-server/1.19/jersey-server-1.19.jar:/root/.m2/repository/javax/servlet/javax.servlet-api/3.1.0/javax.servlet-api-3.1.0.jar:/root/.m2/repository/org/eclipse/jetty/jetty-server/9.3.24.v20180605/jetty-server-9.3.24.v20180605.jar:/root/.m2/repository/org/eclipse/jetty/jetty-http/9.3.24.v20180605/jetty-http-9.3.24.v20180605.jar:/root/.m2/repository/org/eclipse/jetty/jetty-io/9.3.24.v20180605/jetty-io-9.3.24.v20180605.jar:/root/.m2/repository/org/eclipse/jetty/jetty-webapp/9.3.24.v20180605/jetty-webapp-9.3.24.v20180605.jar:/root/.m2/repository/org/eclipse/jetty/jetty-xml/9.3.24.v20180605/jetty-xml-9.3.24.v20180605.jar:/root/.m2/repository/log4j/log4j/1.2.17/log4j-1.2.17.jar:/root/.m2/repository/org/slf4j/slf4j-api/1.7.25/slf4j-api-1.7.25.jar:/root/.m2/repository/org/slf4j/jul-to-slf4j/1.7.25/jul-to-slf4j-1.7.25.jar:/root/.m2/repository/org/eclipse/jetty/jetty-util/9.3.24.v20180605/jetty-util-9.3.24.v20180605.jar:/root/.m2/repository/io/dropwizard/metrics/metrics-core/3.2.4/metrics-core-3.2.4.jar:/root/.m2/repository/com/fasterxml/jackson/core/jackson-databind/2.9.5/jackson-databind-2.9.5.jar:/root/.m2/repository/org/apache/hadoop/hadoop-kms/3.2.0/hadoop-kms-3.2.0-tests.jar:/root/.m2/repository/org/apache/hadoop/hadoop-hdds-server-scm/0.5.0-SNAPSHOT/hadoop-hdds-server-scm-0.5.0-SNAPSHOT-tests.jar:/root/.m2/repository/org/hamcrest/hamcrest-all/1.3/hamcrest-all-1.3.jar:/root/.m2/repository/info/picocli/picocli/3.9.6/picocli-3.9.6.jar:/root/.m2/repository/org/apache/hadoop/hadoop-hdds-container-service/0.5.0-SNAPSHOT/hadoop-hdds-container-service-0.5.0-SNAPSHOT-tests.jar:/root/.m2/repository/org/yaml/snakeyaml/1.16/snakeyaml-1.16.jar:/root/.m2/repository/org/apache/hadoop/hadoop-common/3.2.0/hadoop-common-3.2.0-tests.jar:/root/.m2/repository/org/apache/hadoop/hadoop-annotations/3.2.0/hadoop-annotations-3.2.0.jar:/usr/lib/jvm/java-1.8-openjdk/jre/../lib/tools.jar:/root/.m2/repository/commons-cli/commons-cli/1.2/commons-cli-1.2.jar:/root/.m2/repository/org/apache/httpcomponents/httpclient/4.5.2/httpclient-4.5.2.jar:/root/.m2/repository/org/apache/httpcomponents/httpcore/4.4.4/httpcore-4.4.4.jar:/root/.m2/repository/commons-codec/commons-codec/1.11/commons-codec-1.11.jar:/root/.m2/repository/commons-net/commons-net/3.6/commons-net-3.6.jar:/root/.m2/repository/commons-collections/commons-collections/3.2.2/commons-collections-3.2.2.jar:/root/.m2/repository/org/eclipse/jetty/jetty-servlet/9.3.24.v20180605/jetty-servlet-9.3.24.v20180605.jar:/root/.m2/repository/org/eclipse/jetty/jetty-security/9.3.24.v20180605/jetty-security-9.3.24.v20180605.jar:/root/.m2/repository/javax/servlet/jsp/jsp-api/2.1/jsp-api-2.1.jar:/root/.m2/repository/com/sun/jersey/jersey-servlet/1.19/jersey-servlet-1.19.jar:/root/.m2/repository/com/sun/jersey/jersey-json/1.19/jersey-json-1.19.jar:/root/.m2/repository/org/codehaus/jettison/jettison/1.1/jettison-1.1.jar:/root/.m2/repository/org/codehaus/jackson/jackson-core-asl/1.9.13/jackson-core-asl-1.9.13.jar:/root/.m2/repository/org/codehaus/jackson/jackson-mapper-asl/1.9.13/jackson-mapper-asl-1.9.13.jar:/root/.m2/repository/org/codehaus/jackson/jackson-jaxrs/1.9.13/jackson-jaxrs-1.9.13.jar:/root/.m2/repository/org/codehaus/jackson/jackson-xc/1.9.13/jackson-xc-1.9.13.jar:/root/.m2/repository/commons-logging/commons-logging/1.1.3/commons-logging-1.1.3.jar:/root/.m2/repository/commons-beanutils/commons-beanutils/1.9.3/commons-beanutils-1.9.3.jar:/root/.m2/repository/org/apache/commons/commons-configuration2/2.1.1/commons-configuration2-2.1.1.jar:/root/.m2/repository/org/apache/commons/commons-lang3/3.7/commons-lang3-3.7.jar:/root/.m2/repository/org/apache/commons/commons-text/1.4/commons-text-1.4.jar:/root/.m2/repository/org/apache/avro/avro/1.7.7/avro-1.7.7.jar:/root/.m2/repository/com/thoughtworks/paranamer/paranamer/2.3/paranamer-2.3.jar:/root/.m2/repository/org/xerial/snappy/snappy-java/1.0.5/snappy-java-1.0.5.jar:/root/.m2/repository/com/google/re2j/re2j/1.1/re2j-1.1.jar:/root/.m2/repository/com/google/code/gson/gson/2.2.4/gson-2.2.4.jar:/root/.m2/repository/com/jcraft/jsch/0.1.54/jsch-0.1.54.jar:/root/.m2/repository/org/apache/curator/curator-client/2.12.0/curator-client-2.12.0.jar:/root/.m2/repository/org/apache/curator/curator-recipes/2.12.0/curator-recipes-2.12.0.jar:/root/.m2/repository/com/google/code/findbugs/jsr305/3.0.0/jsr305-3.0.0.jar:/root/.m2/repository/org/apache/htrace/htrace-core4/4.1.0-incubating/htrace-core4-4.1.0-incubating.jar:/root/.m2/repository/org/apache/zookeeper/zookeeper/3.4.13/zookeeper-3.4.13.jar:/root/.m2/repository/org/apache/yetus/audience-annotations/0.5.0/audience-annotations-0.5.0.jar:/root/.m2/repository/org/codehaus/woodstox/stax2-api/3.1.4/stax2-api-3.1.4.jar:/root/.m2/repository/com/fasterxml/woodstox/woodstox-core/5.0.3/woodstox-core-5.0.3.jar:/root/.m2/repository/dnsjava/dnsjava/2.1.7/dnsjava-2.1.7.jar:/root/.m2/repository/org/apache/hadoop/hadoop-hdfs/3.2.0/hadoop-hdfs-3.2.0-tests.jar:/root/.m2/repository/org/eclipse/jetty/jetty-util-ajax/9.3.24.v20180605/jetty-util-ajax-9.3.24.v20180605.jar:/root/.m2/repository/commons-daemon/commons-daemon/1.0.13/commons-daemon-1.0.13.jar:/root/.m2/repository/io/netty/netty/3.10.5.Final/netty-3.10.5.Final.jar:/root/.m2/repository/io/netty/netty-all/4.0.52.Final/netty-all-4.0.52.Final.jar:/root/.m2/repository/org/fusesource/leveldbjni/leveldbjni-all/1.8/leveldbjni-all-1.8.jar:"/>
    <property name="java.vm.vendor" value="IcedTea"/>
    <property name="sun.arch.data.model" value="64"/>
    <property name="test.build.dir" value="/opt/src/hadoop-ozone/integration-test/target/test-dir"/>
    <property name="test.cache.data" value=""/>
    <property name="java.vendor.url" value="https://icedtea.classpath.org"/>
    <property name="user.timezone" value=""/>
    <property name="java.vm.specification.version" value="1.8"/>
    <property name="os.name" value="Linux"/>
    <property name="test.build.data" value="/opt/src/hadoop-ozone/integration-test/target/test-dir"/>
    <property name="user.country" value="US"/>
    <property name="sun.java.launcher" value="SUN_STANDARD"/>
    <property name="sun.boot.library.path" value="/usr/lib/jvm/java-1.8-openjdk/jre/lib/amd64"/>
    <property name="sun.java.command" value="/opt/src/hadoop-ozone/integration-test/target/surefire/surefirebooter8229808634131582558.jar /opt/src/hadoop-ozone/integration-test/target/surefire 2019-06-12T20-39-23_579-jvmRun1 surefire2638800537425223911tmp surefire_214181261201945144273tmp"/>
    <property name="surefire.test.class.path" value="/opt/src/hadoop-ozone/integration-test/target/test-classes:/opt/src/hadoop-ozone/integration-test/target/classes:/root/.m2/repository/org/apache/hadoop/hadoop-ozone-common/0.5.0-SNAPSHOT/hadoop-ozone-common-0.5.0-SNAPSHOT.jar:/root/.m2/repository/org/apache/commons/commons-compress/1.4.1/commons-compress-1.4.1.jar:/root/.m2/repository/org/tukaani/xz/1.0/xz-1.0.jar:/root/.m2/repository/org/apache/hadoop/hadoop-common/3.2.0/hadoop-common-3.2.0.jar:/root/.m2/repository/org/apache/hadoop/hadoop-hdfs/3.2.0/hadoop-hdfs-3.2.0.jar:/root/.m2/repository/org/apache/hadoop/hadoop-hdfs-client/3.2.0/hadoop-hdfs-client-3.2.0.jar:/root/.m2/repository/com/fasterxml/jackson/core/jackson-annotations/2.9.5/jackson-annotations-2.9.5.jar:/root/.m2/repository/org/apache/hadoop/hadoop-hdds-common/0.5.0-SNAPSHOT/hadoop-hdds-common-0.5.0-SNAPSHOT.jar:/root/.m2/repository/javax/annotation/javax.annotation-api/1.2/javax.annotation-api-1.2.jar:/root/.m2/repository/org/apache/ratis/ratis-server/0.4.0-fe2b15d-SNAPSHOT/ratis-server-0.4.0-fe2b15d-SNAPSHOT.jar:/root/.m2/repository/org/apache/ratis/ratis-thirdparty-misc/0.2.0/ratis-thirdparty-misc-0.2.0.jar:/root/.m2/repository/org/apache/ratis/ratis-proto/0.4.0-fe2b15d-SNAPSHOT/ratis-proto-0.4.0-fe2b15d-SNAPSHOT.jar:/root/.m2/repository/org/apache/ratis/ratis-common/0.4.0-fe2b15d-SNAPSHOT/ratis-common-0.4.0-fe2b15d-SNAPSHOT.jar:/root/.m2/repository/org/apache/ratis/ratis-client/0.4.0-fe2b15d-SNAPSHOT/ratis-client-0.4.0-fe2b15d-SNAPSHOT.jar:/root/.m2/repository/org/apache/ratis/ratis-netty/0.4.0-fe2b15d-SNAPSHOT/ratis-netty-0.4.0-fe2b15d-SNAPSHOT.jar:/root/.m2/repository/org/apache/ratis/ratis-grpc/0.4.0-fe2b15d-SNAPSHOT/ratis-grpc-0.4.0-fe2b15d-SNAPSHOT.jar:/root/.m2/repository/org/rocksdb/rocksdbjni/5.14.2/rocksdbjni-5.14.2.jar:/root/.m2/repository/org/apache/logging/log4j/log4j-api/2.11.0/log4j-api-2.11.0.jar:/root/.m2/repository/org/apache/logging/log4j/log4j-core/2.11.0/log4j-core-2.11.0.jar:/root/.m2/repository/com/lmax/disruptor/3.4.2/disruptor-3.4.2.jar:/root/.m2/repository/org/apache/commons/commons-pool2/2.6.0/commons-pool2-2.6.0.jar:/root/.m2/repository/org/bouncycastle/bcpkix-jdk15on/1.60/bcpkix-jdk15on-1.60.jar:/root/.m2/repository/commons-validator/commons-validator/1.6/commons-validator-1.6.jar:/root/.m2/repository/commons-digester/commons-digester/1.8.1/commons-digester-1.8.1.jar:/root/.m2/repository/io/jaegertracing/jaeger-client/0.33.1/jaeger-client-0.33.1.jar:/root/.m2/repository/io/jaegertracing/jaeger-thrift/0.33.1/jaeger-thrift-0.33.1.jar:/root/.m2/repository/org/apache/thrift/libthrift/0.11.0/libthrift-0.11.0.jar:/root/.m2/repository/com/squareup/okhttp3/okhttp/3.9.0/okhttp-3.9.0.jar:/root/.m2/repository/com/squareup/okio/okio/1.13.0/okio-1.13.0.jar:/root/.m2/repository/io/jaegertracing/jaeger-core/0.33.1/jaeger-core-0.33.1.jar:/root/.m2/repository/io/jaegertracing/jaeger-tracerresolver/0.33.1/jaeger-tracerresolver-0.33.1.jar:/root/.m2/repository/io/opentracing/contrib/opentracing-tracerresolver/0.1.5/opentracing-tracerresolver-0.1.5.jar:/root/.m2/repository/io/opentracing/opentracing-util/0.31.0/opentracing-util-0.31.0.jar:/root/.m2/repository/io/opentracing/opentracing-api/0.31.0/opentracing-api-0.31.0.jar:/root/.m2/repository/io/opentracing/opentracing-noop/0.31.0/opentracing-noop-0.31.0.jar:/root/.m2/repository/org/apache/hadoop/hadoop-hdds-server-framework/0.5.0-SNAPSHOT/hadoop-hdds-server-framework-0.5.0-SNAPSHOT.jar:/root/.m2/repository/org/apache/hadoop/hadoop-hdds-server-scm/0.5.0-SNAPSHOT/hadoop-hdds-server-scm-0.5.0-SNAPSHOT.jar:/root/.m2/repository/org/apache/hadoop/hadoop-hdds-container-service/0.5.0-SNAPSHOT/hadoop-hdds-container-service-0.5.0-SNAPSHOT.jar:/root/.m2/repository/org/apache/hadoop/hadoop-hdds-client/0.5.0-SNAPSHOT/hadoop-hdds-client-0.5.0-SNAPSHOT.jar:/root/.m2/repository/org/apache/hadoop/hadoop-hdds-tools/0.5.0-SNAPSHOT/hadoop-hdds-tools-0.5.0-SNAPSHOT.jar:/root/.m2/repository/org/apache/hadoop/hadoop-ozone-ozone-manager/0.5.0-SNAPSHOT/hadoop-ozone-ozone-manager-0.5.0-SNAPSHOT.jar:/root/.m2/repository/org/apache/hadoop/hadoop-hdds-docs/0.5.0-SNAPSHOT/hadoop-hdds-docs-0.5.0-SNAPSHOT.jar:/root/.m2/repository/org/bouncycastle/bcprov-jdk15on/1.60/bcprov-jdk15on-1.60.jar:/root/.m2/repository/org/apache/hadoop/hadoop-minikdc/3.2.0/hadoop-minikdc-3.2.0.jar:/root/.m2/repository/commons-io/commons-io/2.5/commons-io-2.5.jar:/root/.m2/repository/org/apache/kerby/kerb-simplekdc/1.0.1/kerb-simplekdc-1.0.1.jar:/root/.m2/repository/org/apache/kerby/kerb-client/1.0.1/kerb-client-1.0.1.jar:/root/.m2/repository/org/apache/kerby/kerby-config/1.0.1/kerby-config-1.0.1.jar:/root/.m2/repository/org/apache/kerby/kerb-core/1.0.1/kerb-core-1.0.1.jar:/root/.m2/repository/org/apache/kerby/kerby-pkix/1.0.1/kerby-pkix-1.0.1.jar:/root/.m2/repository/org/apache/kerby/kerby-asn1/1.0.1/kerby-asn1-1.0.1.jar:/root/.m2/repository/org/apache/kerby/kerby-util/1.0.1/kerby-util-1.0.1.jar:/root/.m2/repository/org/apache/kerby/kerb-common/1.0.1/kerb-common-1.0.1.jar:/root/.m2/repository/org/apache/kerby/kerb-crypto/1.0.1/kerb-crypto-1.0.1.jar:/root/.m2/repository/org/apache/kerby/kerb-util/1.0.1/kerb-util-1.0.1.jar:/root/.m2/repository/org/apache/kerby/token-provider/1.0.1/token-provider-1.0.1.jar:/root/.m2/repository/org/apache/kerby/kerb-admin/1.0.1/kerb-admin-1.0.1.jar:/root/.m2/repository/org/apache/kerby/kerb-server/1.0.1/kerb-server-1.0.1.jar:/root/.m2/repository/org/apache/kerby/kerb-identity/1.0.1/kerb-identity-1.0.1.jar:/root/.m2/repository/org/apache/kerby/kerby-xdr/1.0.1/kerby-xdr-1.0.1.jar:/root/.m2/repository/org/slf4j/slf4j-log4j12/1.7.25/slf4j-log4j12-1.7.25.jar:/root/.m2/repository/org/apache/hadoop/hadoop-ozone-objectstore-service/0.5.0-SNAPSHOT/hadoop-ozone-objectstore-service-0.5.0-SNAPSHOT.jar:/root/.m2/repository/org/apache/hadoop/hadoop-ozone-s3gateway/0.5.0-SNAPSHOT/hadoop-ozone-s3gateway-0.5.0-SNAPSHOT.jar:/root/.m2/repository/org/jboss/weld/servlet/weld-servlet/2.4.7.Final/weld-servlet-2.4.7.Final.jar:/root/.m2/repository/org/glassfish/jersey/containers/jersey-container-servlet-core/2.27/jersey-container-servlet-core-2.27.jar:/root/.m2/repository/org/glassfish/hk2/external/javax.inject/2.5.0-b42/javax.inject-2.5.0-b42.jar:/root/.m2/repository/org/glassfish/jersey/core/jersey-common/2.27/jersey-common-2.27.jar:/root/.m2/repository/org/glassfish/hk2/osgi-resource-locator/1.0.1/osgi-resource-locator-1.0.1.jar:/root/.m2/repository/javax/ws/rs/javax.ws.rs-api/2.1/javax.ws.rs-api-2.1.jar:/root/.m2/repository/org/glassfish/jersey/ext/cdi/jersey-cdi1x/2.27/jersey-cdi1x-2.27.jar:/root/.m2/repository/org/glassfish/jersey/inject/jersey-hk2/2.27/jersey-hk2-2.27.jar:/root/.m2/repository/org/glassfish/hk2/hk2-locator/2.5.0-b42/hk2-locator-2.5.0-b42.jar:/root/.m2/repository/org/javassist/javassist/3.22.0-CR2/javassist-3.22.0-CR2.jar:/root/.m2/repository/org/glassfish/hk2/hk2-api/2.5.0/hk2-api-2.5.0.jar:/root/.m2/repository/org/glassfish/hk2/external/jakarta.inject/2.5.0/jakarta.inject-2.5.0.jar:/root/.m2/repository/org/glassfish/hk2/hk2-utils/2.5.0/hk2-utils-2.5.0.jar:/root/.m2/repository/jakarta/annotation/jakarta.annotation-api/1.3.4/jakarta.annotation-api-1.3.4.jar:/root/.m2/repository/org/glassfish/hk2/external/aopalliance-repackaged/2.5.0/aopalliance-repackaged-2.5.0.jar:/root/.m2/repository/com/fasterxml/jackson/dataformat/jackson-dataformat-xml/2.9.0/jackson-dataformat-xml-2.9.0.jar:/root/.m2/repository/com/fasterxml/jackson/core/jackson-core/2.9.5/jackson-core-2.9.5.jar:/root/.m2/repository/com/fasterxml/jackson/module/jackson-module-jaxb-annotations/2.9.5/jackson-module-jaxb-annotations-2.9.5.jar:/root/.m2/repository/javax/enterprise/cdi-api/1.2/cdi-api-1.2.jar:/root/.m2/repository/javax/el/javax.el-api/3.0.0/javax.el-api-3.0.0.jar:/root/.m2/repository/javax/interceptor/javax.interceptor-api/1.2/javax.interceptor-api-1.2.jar:/root/.m2/repository/javax/inject/javax.inject/1/javax.inject-1.jar:/root/.m2/repository/com/sun/xml/bind/jaxb-impl/2.3.0.1/jaxb-impl-2.3.0.1.jar:/root/.m2/repository/com/sun/xml/bind/jaxb-core/2.3.0.1/jaxb-core-2.3.0.1.jar:/root/.m2/repository/javax/xml/bind/jaxb-api/2.3.0/jaxb-api-2.3.0.jar:/root/.m2/repository/javax/activation/activation/1.1.1/activation-1.1.1.jar:/root/.m2/repository/org/apache/hadoop/hadoop-ozone-csi/0.5.0-SNAPSHOT/hadoop-ozone-csi-0.5.0-SNAPSHOT.jar:/root/.m2/repository/com/google/protobuf/protobuf-java-util/3.5.1/protobuf-java-util-3.5.1.jar:/root/.m2/repository/org/apache/hadoop/hadoop-hdds-config/0.5.0-SNAPSHOT/hadoop-hdds-config-0.5.0-SNAPSHOT.jar:/root/.m2/repository/com/google/guava/guava/11.0.2/guava-11.0.2.jar:/root/.m2/repository/com/google/protobuf/protobuf-java/2.5.0/protobuf-java-2.5.0.jar:/root/.m2/repository/io/grpc/grpc-netty/1.17.1/grpc-netty-1.17.1.jar:/root/.m2/repository/io/grpc/grpc-core/1.17.1/grpc-core-1.17.1.jar:/root/.m2/repository/io/grpc/grpc-context/1.17.1/grpc-context-1.17.1.jar:/root/.m2/repository/com/google/errorprone/error_prone_annotations/2.2.0/error_prone_annotations-2.2.0.jar:/root/.m2/repository/org/codehaus/mojo/animal-sniffer-annotations/1.17/animal-sniffer-annotations-1.17.jar:/root/.m2/repository/io/opencensus/opencensus-api/0.17.0/opencensus-api-0.17.0.jar:/root/.m2/repository/io/opencensus/opencensus-contrib-grpc-metrics/0.17.0/opencensus-contrib-grpc-metrics-0.17.0.jar:/root/.m2/repository/io/netty/netty-codec-http2/4.1.30.Final/netty-codec-http2-4.1.30.Final.jar:/root/.m2/repository/io/netty/netty-codec-http/4.1.30.Final/netty-codec-http-4.1.30.Final.jar:/root/.m2/repository/io/netty/netty-codec/4.1.30.Final/netty-codec-4.1.30.Final.jar:/root/.m2/repository/io/netty/netty-handler/4.1.30.Final/netty-handler-4.1.30.Final.jar:/root/.m2/repository/io/netty/netty-handler-proxy/4.1.30.Final/netty-handler-proxy-4.1.30.Final.jar:/root/.m2/repository/io/netty/netty-codec-socks/4.1.30.Final/netty-codec-socks-4.1.30.Final.jar:/root/.m2/repository/io/netty/netty-transport-native-epoll/4.1.30.Final/netty-transport-native-epoll-4.1.30.Final.jar:/root/.m2/repository/io/netty/netty-common/4.1.30.Final/netty-common-4.1.30.Final.jar:/root/.m2/repository/io/netty/netty-buffer/4.1.30.Final/netty-buffer-4.1.30.Final.jar:/root/.m2/repository/io/netty/netty-transport/4.1.30.Final/netty-transport-4.1.30.Final.jar:/root/.m2/repository/io/netty/netty-resolver/4.1.30.Final/netty-resolver-4.1.30.Final.jar:/root/.m2/repository/io/netty/netty-transport-native-unix-common/4.1.30.Final/netty-transport-native-unix-common-4.1.30.Final.jar:/root/.m2/repository/io/grpc/grpc-protobuf/1.17.1/grpc-protobuf-1.17.1.jar:/root/.m2/repository/com/google/api/grpc/proto-google-common-protos/1.0.0/proto-google-common-protos-1.0.0.jar:/root/.m2/repository/io/grpc/grpc-protobuf-lite/1.17.1/grpc-protobuf-lite-1.17.1.jar:/root/.m2/repository/io/grpc/grpc-stub/1.17.1/grpc-stub-1.17.1.jar:/root/.m2/repository/org/apache/hadoop/hadoop-ozone-recon/0.5.0-SNAPSHOT/hadoop-ozone-recon-0.5.0-SNAPSHOT.jar:/root/.m2/repository/org/apache/hadoop/hadoop-ozone-reconcodegen/0.5.0-SNAPSHOT/hadoop-ozone-reconcodegen-0.5.0-SNAPSHOT.jar:/root/.m2/repository/com/google/inject/extensions/guice-multibindings/4.0/guice-multibindings-4.0.jar:/root/.m2/repository/com/google/inject/guice/4.0/guice-4.0.jar:/root/.m2/repository/aopalliance/aopalliance/1.0/aopalliance-1.0.jar:/root/.m2/repository/com/google/inject/extensions/guice-servlet/4.0/guice-servlet-4.0.jar:/root/.m2/repository/org/glassfish/jersey/containers/jersey-container-servlet/2.27/jersey-container-servlet-2.27.jar:/root/.m2/repository/org/glassfish/hk2/guice-bridge/2.5.0/guice-bridge-2.5.0.jar:/root/.m2/repository/org/glassfish/jersey/core/jersey-server/2.27/jersey-server-2.27.jar:/root/.m2/repository/org/glassfish/jersey/core/jersey-client/2.27/jersey-client-2.27.jar:/root/.m2/repository/org/glassfish/jersey/media/jersey-media-jaxb/2.27/jersey-media-jaxb-2.27.jar:/root/.m2/repository/javax/validation/validation-api/1.1.0.Final/validation-api-1.1.0.Final.jar:/root/.m2/repository/org/glassfish/jersey/media/jersey-media-json-jackson/2.27/jersey-media-json-jackson-2.27.jar:/root/.m2/repository/org/glassfish/jersey/ext/jersey-entity-filtering/2.27/jersey-entity-filtering-2.27.jar:/root/.m2/repository/com/google/inject/extensions/guice-assistedinject/4.0/guice-assistedinject-4.0.jar:/root/.m2/repository/org/jooq/jooq/3.11.10/jooq-3.11.10.jar:/root/.m2/repository/org/jooq/jooq-meta/3.11.10/jooq-meta-3.11.10.jar:/root/.m2/repository/org/jooq/jooq-codegen/3.11.10/jooq-codegen-3.11.10.jar:/root/.m2/repository/com/jolbox/bonecp/0.8.0.RELEASE/bonecp-0.8.0.RELEASE.jar:/root/.m2/repository/org/xerial/sqlite-jdbc/3.25.2/sqlite-jdbc-3.25.2.jar:/root/.m2/repository/org/springframework/spring-jdbc/5.1.3.RELEASE/spring-jdbc-5.1.3.RELEASE.jar:/root/.m2/repository/org/springframework/spring-beans/5.1.3.RELEASE/spring-beans-5.1.3.RELEASE.jar:/root/.m2/repository/org/springframework/spring-core/5.1.3.RELEASE/spring-core-5.1.3.RELEASE.jar:/root/.m2/repository/org/springframework/spring-jcl/5.1.3.RELEASE/spring-jcl-5.1.3.RELEASE.jar:/root/.m2/repository/org/springframework/spring-tx/5.1.3.RELEASE/spring-tx-5.1.3.RELEASE.jar:/root/.m2/repository/org/apache/hadoop/hadoop-ozone-client/0.5.0-SNAPSHOT/hadoop-ozone-client-0.5.0-SNAPSHOT.jar:/root/.m2/repository/org/apache/hadoop/hadoop-ozone-ozone-manager/0.5.0-SNAPSHOT/hadoop-ozone-ozone-manager-0.5.0-SNAPSHOT-tests.jar:/root/.m2/repository/junit/junit/4.11/junit-4.11.jar:/root/.m2/repository/org/hamcrest/hamcrest-core/1.3/hamcrest-core-1.3.jar:/root/.m2/repository/org/openjdk/jmh/jmh-core/1.19/jmh-core-1.19.jar:/root/.m2/repository/net/sf/jopt-simple/jopt-simple/4.6/jopt-simple-4.6.jar:/root/.m2/repository/org/apache/commons/commons-math3/3.1.1/commons-math3-3.1.1.jar:/root/.m2/repository/org/openjdk/jmh/jmh-generator-annprocess/1.19/jmh-generator-annprocess-1.19.jar:/root/.m2/repository/org/mockito/mockito-all/1.8.5/mockito-all-1.8.5.jar:/root/.m2/repository/org/apache/hadoop/hadoop-kms/3.2.0/hadoop-kms-3.2.0.jar:/root/.m2/repository/org/apache/hadoop/hadoop-auth/3.2.0/hadoop-auth-3.2.0.jar:/root/.m2/repository/com/nimbusds/nimbus-jose-jwt/4.41.1/nimbus-jose-jwt-4.41.1.jar:/root/.m2/repository/com/github/stephenc/jcip/jcip-annotations/1.0-1/jcip-annotations-1.0-1.jar:/root/.m2/repository/net/minidev/json-smart/2.3/json-smart-2.3.jar:/root/.m2/repository/net/minidev/accessors-smart/1.2/accessors-smart-1.2.jar:/root/.m2/repository/org/ow2/asm/asm/5.0.4/asm-5.0.4.jar:/root/.m2/repository/org/apache/curator/curator-framework/2.12.0/curator-framework-2.12.0.jar:/root/.m2/repository/com/sun/jersey/jersey-core/1.19/jersey-core-1.19.jar:/root/.m2/repository/javax/ws/rs/jsr311-api/1.1.1/jsr311-api-1.1.1.jar:/root/.m2/repository/com/sun/jersey/jersey-server/1.19/jersey-server-1.19.jar:/root/.m2/repository/javax/servlet/javax.servlet-api/3.1.0/javax.servlet-api-3.1.0.jar:/root/.m2/repository/org/eclipse/jetty/jetty-server/9.3.24.v20180605/jetty-server-9.3.24.v20180605.jar:/root/.m2/repository/org/eclipse/jetty/jetty-http/9.3.24.v20180605/jetty-http-9.3.24.v20180605.jar:/root/.m2/repository/org/eclipse/jetty/jetty-io/9.3.24.v20180605/jetty-io-9.3.24.v20180605.jar:/root/.m2/repository/org/eclipse/jetty/jetty-webapp/9.3.24.v20180605/jetty-webapp-9.3.24.v20180605.jar:/root/.m2/repository/org/eclipse/jetty/jetty-xml/9.3.24.v20180605/jetty-xml-9.3.24.v20180605.jar:/root/.m2/repository/log4j/log4j/1.2.17/log4j-1.2.17.jar:/root/.m2/repository/org/slf4j/slf4j-api/1.7.25/slf4j-api-1.7.25.jar:/root/.m2/repository/org/slf4j/jul-to-slf4j/1.7.25/jul-to-slf4j-1.7.25.jar:/root/.m2/repository/org/eclipse/jetty/jetty-util/9.3.24.v20180605/jetty-util-9.3.24.v20180605.jar:/root/.m2/repository/io/dropwizard/metrics/metrics-core/3.2.4/metrics-core-3.2.4.jar:/root/.m2/repository/com/fasterxml/jackson/core/jackson-databind/2.9.5/jackson-databind-2.9.5.jar:/root/.m2/repository/org/apache/hadoop/hadoop-kms/3.2.0/hadoop-kms-3.2.0-tests.jar:/root/.m2/repository/org/apache/hadoop/hadoop-hdds-server-scm/0.5.0-SNAPSHOT/hadoop-hdds-server-scm-0.5.0-SNAPSHOT-tests.jar:/root/.m2/repository/org/hamcrest/hamcrest-all/1.3/hamcrest-all-1.3.jar:/root/.m2/repository/info/picocli/picocli/3.9.6/picocli-3.9.6.jar:/root/.m2/repository/org/apache/hadoop/hadoop-hdds-container-service/0.5.0-SNAPSHOT/hadoop-hdds-container-service-0.5.0-SNAPSHOT-tests.jar:/root/.m2/repository/org/yaml/snakeyaml/1.16/snakeyaml-1.16.jar:/root/.m2/repository/org/apache/hadoop/hadoop-common/3.2.0/hadoop-common-3.2.0-tests.jar:/root/.m2/repository/org/apache/hadoop/hadoop-annotations/3.2.0/hadoop-annotations-3.2.0.jar:/usr/lib/jvm/java-1.8-openjdk/jre/../lib/tools.jar:/root/.m2/repository/commons-cli/commons-cli/1.2/commons-cli-1.2.jar:/root/.m2/repository/org/apache/httpcomponents/httpclient/4.5.2/httpclient-4.5.2.jar:/root/.m2/repository/org/apache/httpcomponents/httpcore/4.4.4/httpcore-4.4.4.jar:/root/.m2/repository/commons-codec/commons-codec/1.11/commons-codec-1.11.jar:/root/.m2/repository/commons-net/commons-net/3.6/commons-net-3.6.jar:/root/.m2/repository/commons-collections/commons-collections/3.2.2/commons-collections-3.2.2.jar:/root/.m2/repository/org/eclipse/jetty/jetty-servlet/9.3.24.v20180605/jetty-servlet-9.3.24.v20180605.jar:/root/.m2/repository/org/eclipse/jetty/jetty-security/9.3.24.v20180605/jetty-security-9.3.24.v20180605.jar:/root/.m2/repository/javax/servlet/jsp/jsp-api/2.1/jsp-api-2.1.jar:/root/.m2/repository/com/sun/jersey/jersey-servlet/1.19/jersey-servlet-1.19.jar:/root/.m2/repository/com/sun/jersey/jersey-json/1.19/jersey-json-1.19.jar:/root/.m2/repository/org/codehaus/jettison/jettison/1.1/jettison-1.1.jar:/root/.m2/repository/org/codehaus/jackson/jackson-core-asl/1.9.13/jackson-core-asl-1.9.13.jar:/root/.m2/repository/org/codehaus/jackson/jackson-mapper-asl/1.9.13/jackson-mapper-asl-1.9.13.jar:/root/.m2/repository/org/codehaus/jackson/jackson-jaxrs/1.9.13/jackson-jaxrs-1.9.13.jar:/root/.m2/repository/org/codehaus/jackson/jackson-xc/1.9.13/jackson-xc-1.9.13.jar:/root/.m2/repository/commons-logging/commons-logging/1.1.3/commons-logging-1.1.3.jar:/root/.m2/repository/commons-beanutils/commons-beanutils/1.9.3/commons-beanutils-1.9.3.jar:/root/.m2/repository/org/apache/commons/commons-configuration2/2.1.1/commons-configuration2-2.1.1.jar:/root/.m2/repository/org/apache/commons/commons-lang3/3.7/commons-lang3-3.7.jar:/root/.m2/repository/org/apache/commons/commons-text/1.4/commons-text-1.4.jar:/root/.m2/repository/org/apache/avro/avro/1.7.7/avro-1.7.7.jar:/root/.m2/repository/com/thoughtworks/paranamer/paranamer/2.3/paranamer-2.3.jar:/root/.m2/repository/org/xerial/snappy/snappy-java/1.0.5/snappy-java-1.0.5.jar:/root/.m2/repository/com/google/re2j/re2j/1.1/re2j-1.1.jar:/root/.m2/repository/com/google/code/gson/gson/2.2.4/gson-2.2.4.jar:/root/.m2/repository/com/jcraft/jsch/0.1.54/jsch-0.1.54.jar:/root/.m2/repository/org/apache/curator/curator-client/2.12.0/curator-client-2.12.0.jar:/root/.m2/repository/org/apache/curator/curator-recipes/2.12.0/curator-recipes-2.12.0.jar:/root/.m2/repository/com/google/code/findbugs/jsr305/3.0.0/jsr305-3.0.0.jar:/root/.m2/repository/org/apache/htrace/htrace-core4/4.1.0-incubating/htrace-core4-4.1.0-incubating.jar:/root/.m2/repository/org/apache/zookeeper/zookeeper/3.4.13/zookeeper-3.4.13.jar:/root/.m2/repository/org/apache/yetus/audience-annotations/0.5.0/audience-annotations-0.5.0.jar:/root/.m2/repository/org/codehaus/woodstox/stax2-api/3.1.4/stax2-api-3.1.4.jar:/root/.m2/repository/com/fasterxml/woodstox/woodstox-core/5.0.3/woodstox-core-5.0.3.jar:/root/.m2/repository/dnsjava/dnsjava/2.1.7/dnsjava-2.1.7.jar:/root/.m2/repository/org/apache/hadoop/hadoop-hdfs/3.2.0/hadoop-hdfs-3.2.0-tests.jar:/root/.m2/repository/org/eclipse/jetty/jetty-util-ajax/9.3.24.v20180605/jetty-util-ajax-9.3.24.v20180605.jar:/root/.m2/repository/commons-daemon/commons-daemon/1.0.13/commons-daemon-1.0.13.jar:/root/.m2/repository/io/netty/netty/3.10.5.Final/netty-3.10.5.Final.jar:/root/.m2/repository/io/netty/netty-all/4.0.52.Final/netty-all-4.0.52.Final.jar:/root/.m2/repository/org/fusesource/leveldbjni/leveldbjni-all/1.8/leveldbjni-all-1.8.jar:"/>
    <property name="sun.cpu.endian" value="little"/>
    <property name="user.home" value="/root"/>
    <property name="user.language" value="en"/>
    <property name="java.specification.vendor" value="Oracle Corporation"/>
    <property name="java.home" value="/usr/lib/jvm/java-1.8-openjdk/jre"/>
    <property name="java.security.krb5.conf" value="/opt/src/hadoop-ozone/integration-test/target/test-classes/krb5.conf"/>
    <property name="basedir" value="/opt/src/hadoop-ozone/integration-test"/>
    <property name="file.separator" value="/"/>
    <property name="line.separator" value="&#10;"/>
    <property name="java.vm.specification.vendor" value="Oracle Corporation"/>
    <property name="java.specification.name" value="Java Platform API Specification"/>
    <property name="java.awt.graphicsenv" value="sun.awt.X11GraphicsEnvironment"/>
    <property name="surefire.real.class.path" value="/opt/src/hadoop-ozone/integration-test/target/surefire/surefirebooter8229808634131582558.jar"/>
    <property name="hadoop.log.dir" value="/opt/src/hadoop-ozone/integration-test/target/log"/>
    <property name="sun.boot.class.path" value="/usr/lib/jvm/java-1.8-openjdk/jre/lib/resources.jar:/usr/lib/jvm/java-1.8-openjdk/jre/lib/rt.jar:/usr/lib/jvm/java-1.8-openjdk/jre/lib/sunrsasign.jar:/usr/lib/jvm/java-1.8-openjdk/jre/lib/jsse.jar:/usr/lib/jvm/java-1.8-openjdk/jre/lib/jce.jar:/usr/lib/jvm/java-1.8-openjdk/jre/lib/charsets.jar:/usr/lib/jvm/java-1.8-openjdk/jre/lib/jfr.jar:/usr/lib/jvm/java-1.8-openjdk/jre/classes"/>
    <property name="sun.management.compiler" value="HotSpot 64-Bit Tiered Compilers"/>
    <property name="java.runtime.version" value="1.8.0_212-b04"/>
    <property name="java.net.preferIPv4Stack" value="true"/>
    <property name="user.name" value="root"/>
    <property name="path.separator" value=":"/>
    <property name="java.security.egd" value="file:///dev/urandom"/>
    <property name="os.version" value="4.15.0-1021-aws"/>
    <property name="java.endorsed.dirs" value="/usr/lib/jvm/java-1.8-openjdk/jre/lib/endorsed"/>
    <property name="java.runtime.name" value="OpenJDK Runtime Environment"/>
    <property name="file.encoding" value="UTF-8"/>
    <property name="java.vm.name" value="OpenJDK 64-Bit Server VM"/>
    <property name="test.build.webapps" value=""/>
    <property name="localRepository" value="/root/.m2/repository"/>
    <property name="java.vendor.url.bug" value="https://icedtea.classpath.org/bugzilla"/>
    <property name="java.io.tmpdir" value="/tmp"/>
    <property name="require.test.libhadoop" value=""/>
    <property name="java.version" value="1.8.0_212"/>
    <property name="user.dir" value="/opt/src/hadoop-ozone/integration-test"/>
    <property name="os.arch" value="amd64"/>
    <property name="java.vm.specification.name" value="Java Virtual Machine Specification"/>
    <property name="test.build.classes" value="/opt/src/hadoop-ozone/integration-test/target/test-classes"/>
    <property name="java.awt.printerjob" value="sun.print.PSPrinterJob"/>
    <property name="sun.os.patch.level" value="unknown"/>
    <property name="hadoop.tmp.dir" value="/opt/src/hadoop-ozone/integration-test/target/tmp"/>
    <property name="java.library.path" value="/usr/lib/jvm/java-1.8-openjdk/jre/lib/amd64/server:/usr/lib/jvm/java-1.8-openjdk/jre/lib/amd64:/usr/lib/jvm/java-1.8-openjdk/jre/../lib/amd64:/opt/src/hadoop-ozone/integration-test/target/native/target/usr/local/lib:/opt/src/hadoop-ozone/integration-test/../../hadoop-common-project/hadoop-common/target/native/target/usr/local/lib:/usr/java/packages/lib/amd64:/usr/lib64:/lib64:/lib:/usr/lib"/>
    <property name="java.vm.info" value="mixed mode"/>
    <property name="java.vendor" value="IcedTea"/>
    <property name="java.vm.version" value="25.212-b04"/>
    <property name="java.ext.dirs" value="/usr/lib/jvm/java-1.8-openjdk/jre/lib/ext:/usr/java/packages/lib/ext"/>
    <property name="sun.io.unicode.encoding" value="UnicodeLittle"/>
    <property name="java.class.version" value="52.0"/>
  </properties>
  <testcase name="testWatchForCommitWithKeyWrite" classname="org.apache.hadoop.ozone.client.rpc.TestWatchForCommit" time="20.196"/>
  <testcase name="testWatchForCommitWithSmallerTimeoutValue" classname="org.apache.hadoop.ozone.client.rpc.TestWatchForCommit" time="20.101"/>
  <testcase name="testWatchForCommitForRetryfailure" classname="org.apache.hadoop.ozone.client.rpc.TestWatchForCommit" time="48.817">
    <failure type="java.lang.AssertionError">java.lang.AssertionError
	at org.junit.Assert.fail(Assert.java:86)
	at org.junit.Assert.assertTrue(Assert.java:41)
	at org.junit.Assert.assertTrue(Assert.java:52)
	at org.apache.hadoop.ozone.client.rpc.TestWatchForCommit.testWatchForCommitForRetryfailure(TestWatchForCommit.java:350)
	at sun.reflect.NativeMethodAccessorImpl.invoke0(Native Method)
	at sun.reflect.NativeMethodAccessorImpl.invoke(NativeMethodAccessorImpl.java:62)
	at sun.reflect.DelegatingMethodAccessorImpl.invoke(DelegatingMethodAccessorImpl.java:43)
	at java.lang.reflect.Method.invoke(Method.java:498)
	at org.junit.runners.model.FrameworkMethod$1.runReflectiveCall(FrameworkMethod.java:47)
	at org.junit.internal.runners.model.ReflectiveCallable.run(ReflectiveCallable.java:12)
	at org.junit.runners.model.FrameworkMethod.invokeExplosively(FrameworkMethod.java:44)
	at org.junit.internal.runners.statements.InvokeMethod.evaluate(InvokeMethod.java:17)
	at org.junit.runners.ParentRunner.runLeaf(ParentRunner.java:271)
	at org.junit.runners.BlockJUnit4ClassRunner.runChild(BlockJUnit4ClassRunner.java:70)
	at org.junit.runners.BlockJUnit4ClassRunner.runChild(BlockJUnit4ClassRunner.java:50)
	at org.junit.runners.ParentRunner$3.run(ParentRunner.java:238)
	at org.junit.runners.ParentRunner$1.schedule(ParentRunner.java:63)
	at org.junit.runners.ParentRunner.runChildren(ParentRunner.java:236)
	at org.junit.runners.ParentRunner.access$000(ParentRunner.java:53)
	at org.junit.runners.ParentRunner$2.evaluate(ParentRunner.java:229)
	at org.junit.runners.ParentRunner.run(ParentRunner.java:309)
	at org.apache.maven.surefire.junit4.JUnit4Provider.execute(JUnit4Provider.java:365)
	at org.apache.maven.surefire.junit4.JUnit4Provider.executeWithRerun(JUnit4Provider.java:273)
	at org.apache.maven.surefire.junit4.JUnit4Provider.executeTestSet(JUnit4Provider.java:238)
	at org.apache.maven.surefire.junit4.JUnit4Provider.invoke(JUnit4Provider.java:159)
	at org.apache.maven.surefire.booter.ForkedBooter.invokeProviderInSameClassLoader(ForkedBooter.java:384)
	at org.apache.maven.surefire.booter.ForkedBooter.runSuitesInProcess(ForkedBooter.java:345)
	at org.apache.maven.surefire.booter.ForkedBooter.execute(ForkedBooter.java:126)
	at org.apache.maven.surefire.booter.ForkedBooter.main(ForkedBooter.java:418)
</failure>
    <system-out><![CDATA[2019-06-12 20:59:20,490 WARN  server.ServerUtils (ServerUtils.java:getScmDbDir(145)) - ozone.scm.db.dirs is not configured. We recommend adding this setting. Falling back to ozone.metadata.dirs instead.
2019-06-12 20:59:20,494 WARN  server.ServerUtils (ServerUtils.java:getScmDbDir(145)) - ozone.scm.db.dirs is not configured. We recommend adding this setting. Falling back to ozone.metadata.dirs instead.
2019-06-12 20:59:20,494 WARN  server.ServerUtils (ServerUtils.java:getScmDbDir(145)) - ozone.scm.db.dirs is not configured. We recommend adding this setting. Falling back to ozone.metadata.dirs instead.
2019-06-12 20:59:20,495 INFO  db.DBStoreBuilder (DBStoreBuilder.java:addTable(110)) - using custom profile for table: deletedBlocks
2019-06-12 20:59:20,495 INFO  db.DBStoreBuilder (DBStoreBuilder.java:processTables(161)) - Using default column profile:DBProfile.DISK for Table:deletedBlocks
2019-06-12 20:59:20,495 INFO  db.DBStoreBuilder (DBStoreBuilder.java:addTable(110)) - using custom profile for table: validCerts
2019-06-12 20:59:20,495 INFO  db.DBStoreBuilder (DBStoreBuilder.java:processTables(161)) - Using default column profile:DBProfile.DISK for Table:validCerts
2019-06-12 20:59:20,495 INFO  db.DBStoreBuilder (DBStoreBuilder.java:addTable(110)) - using custom profile for table: revokedCerts
2019-06-12 20:59:20,496 INFO  db.DBStoreBuilder (DBStoreBuilder.java:processTables(161)) - Using default column profile:DBProfile.DISK for Table:revokedCerts
2019-06-12 20:59:20,496 INFO  db.DBStoreBuilder (DBStoreBuilder.java:addTable(110)) - using custom profile for table: default
2019-06-12 20:59:20,496 INFO  db.DBStoreBuilder (DBStoreBuilder.java:processTables(167)) - Using default column profile:DBProfile.DISK for Table:default
2019-06-12 20:59:20,496 INFO  db.DBStoreBuilder (DBStoreBuilder.java:getDbProfile(198)) - Using default options. DBProfile.DISK
2019-06-12 20:59:20,536 WARN  server.ServerUtils (ServerUtils.java:sanitizeUserArgs(70)) - ozone.scm.stale.node.interval value = 300000 is larger than max = 100000 based on the key value of ozone.scm.heartbeat.thread.interval, reset to the max value 100000.
2019-06-12 20:59:20,537 WARN  server.ServerUtils (ServerUtils.java:sanitizeUserArgs(70)) - ozone.scm.stale.node.interval value = 300000 is larger than max = 100000 based on the key value of ozone.scm.heartbeat.thread.interval, reset to the max value 100000.
2019-06-12 20:59:20,537 INFO  node.SCMNodeManager (SCMNodeManager.java:<init>(108)) - Entering startup safe mode.
2019-06-12 20:59:20,538 INFO  net.NodeSchemaLoader (NodeSchemaLoader.java:loadSchemaFromFile(125)) - Loading file from sun.misc.CompoundEnumeration@514dc5f4
2019-06-12 20:59:20,538 INFO  net.NodeSchemaLoader (NodeSchemaLoader.java:loadSchema(171)) - Loading network topology layer schema file
2019-06-12 20:59:20,540 WARN  server.ServerUtils (ServerUtils.java:getScmDbDir(145)) - ozone.scm.db.dirs is not configured. We recommend adding this setting. Falling back to ozone.metadata.dirs instead.
2019-06-12 20:59:20,553 INFO  pipeline.SCMPipelineManager (SCMPipelineManager.java:initializePipelineState(126)) - No pipeline exists in current db
2019-06-12 20:59:20,553 WARN  server.ServerUtils (ServerUtils.java:getScmDbDir(145)) - ozone.scm.db.dirs is not configured. We recommend adding this setting. Falling back to ozone.metadata.dirs instead.
2019-06-12 20:59:20,567 WARN  events.EventQueue (EventQueue.java:fireEvent(175)) - No event handler registered for event TypedEvent{payloadType=SafeModeStatus, name='SafeModeStatus'}
2019-06-12 20:59:20,568 INFO  ipc.CallQueueManager (CallQueueManager.java:<init>(84)) - Using callQueue: class java.util.concurrent.LinkedBlockingQueue, queueCapacity: 2000, scheduler: class org.apache.hadoop.ipc.DefaultRpcScheduler, ipcBackoff: false.
2019-06-12 20:59:20,569 INFO  ipc.Server (Server.java:run(1074)) - Starting Socket Reader #1 for port 39711
2019-06-12 20:59:20,571 INFO  ipc.CallQueueManager (CallQueueManager.java:<init>(84)) - Using callQueue: class java.util.concurrent.LinkedBlockingQueue, queueCapacity: 2000, scheduler: class org.apache.hadoop.ipc.DefaultRpcScheduler, ipcBackoff: false.
2019-06-12 20:59:20,571 INFO  ipc.Server (Server.java:run(1074)) - Starting Socket Reader #1 for port 35143
2019-06-12 20:59:20,573 INFO  ipc.CallQueueManager (CallQueueManager.java:<init>(84)) - Using callQueue: class java.util.concurrent.LinkedBlockingQueue, queueCapacity: 2000, scheduler: class org.apache.hadoop.ipc.DefaultRpcScheduler, ipcBackoff: false.
2019-06-12 20:59:20,573 INFO  ipc.Server (Server.java:run(1074)) - Starting Socket Reader #1 for port 38549
2019-06-12 20:59:20,575 INFO  hdfs.DFSUtil (DFSUtil.java:httpServerTemplateForNNAndJN(1641)) - Starting Web-server for scm at: http://0.0.0.0:0
2019-06-12 20:59:20,576 INFO  server.AuthenticationFilter (AuthenticationFilter.java:constructSecretProvider(240)) - Unable to initialize FileSignerSecretProvider, falling back to use random secrets.
2019-06-12 20:59:20,577 WARN  http.HttpRequestLog (HttpRequestLog.java:getRequestLog(97)) - Jetty request log can only be enabled using Log4j
2019-06-12 20:59:20,578 INFO  http.HttpServer2 (HttpServer2.java:addGlobalFilter(975)) - Added global filter 'safety' (class=org.apache.hadoop.http.HttpServer2$QuotingInputFilter)
2019-06-12 20:59:20,579 INFO  http.HttpServer2 (HttpServer2.java:addFilter(948)) - Added filter static_user_filter (class=org.apache.hadoop.http.lib.StaticUserWebFilter$StaticUserFilter) to context scm
2019-06-12 20:59:20,579 INFO  http.HttpServer2 (HttpServer2.java:addFilter(958)) - Added filter static_user_filter (class=org.apache.hadoop.http.lib.StaticUserWebFilter$StaticUserFilter) to context static
2019-06-12 20:59:20,579 INFO  http.HttpServer2 (HttpServer2.java:addFilter(958)) - Added filter static_user_filter (class=org.apache.hadoop.http.lib.StaticUserWebFilter$StaticUserFilter) to context logs
2019-06-12 20:59:20,583 INFO  server.StorageContainerManager (StorageContainerManager.java:start(752)) - StorageContainerLocationProtocol RPC server is listening at /0.0.0.0:38549
2019-06-12 20:59:20,583 INFO  impl.MetricsSystemImpl (MetricsSystemImpl.java:init(158)) - StorageContainerManager metrics system started (again)
2019-06-12 20:59:20,584 INFO  server.SCMClientProtocolServer (SCMClientProtocolServer.java:start(149)) - RPC server for Client  is listening at /0.0.0.0:38549
2019-06-12 20:59:20,584 INFO  ipc.Server (Server.java:run(1314)) - IPC Server Responder: starting
2019-06-12 20:59:20,584 INFO  ipc.Server (Server.java:run(1153)) - IPC Server listener on 38549: starting
2019-06-12 20:59:20,587 INFO  server.StorageContainerManager (StorageContainerManager.java:start(761)) - ScmBlockLocationProtocol RPC server is listening at /0.0.0.0:35143
2019-06-12 20:59:20,587 INFO  server.SCMBlockProtocolServer (SCMBlockProtocolServer.java:start(137)) - RPC server for Block Protocol is listening at /0.0.0.0:35143
2019-06-12 20:59:20,587 INFO  ipc.Server (Server.java:run(1314)) - IPC Server Responder: starting
2019-06-12 20:59:20,588 INFO  ipc.Server (Server.java:run(1153)) - IPC Server listener on 35143: starting
2019-06-12 20:59:20,591 INFO  server.StorageContainerManager (StorageContainerManager.java:start(765)) - ScmDatanodeProtocl RPC server is listening at /0.0.0.0:39711
2019-06-12 20:59:20,591 INFO  server.SCMDatanodeProtocolServer (SCMDatanodeProtocolServer.java:start(191)) - RPC server for DataNodes is listening at /0.0.0.0:39711
2019-06-12 20:59:20,591 INFO  ipc.Server (Server.java:run(1314)) - IPC Server Responder: starting
2019-06-12 20:59:20,591 INFO  ipc.Server (Server.java:run(1153)) - IPC Server listener on 39711: starting
2019-06-12 20:59:20,594 INFO  http.HttpServer2 (HttpServer2.java:bindListener(1191)) - Jetty bound to port 44471
2019-06-12 20:59:20,594 INFO  server.Server (Server.java:doStart(351)) - jetty-9.3.24.v20180605, build timestamp: 2018-06-05T17:11:56Z, git hash: 84205aa28f11a4f31f2a3b86d1bba2cc8ab69827
2019-06-12 20:59:20,595 INFO  handler.ContextHandler (ContextHandler.java:doStart(781)) - Started o.e.j.s.ServletContextHandler@45f8415b{/logs,file:///opt/src/hadoop-ozone/integration-test/target/log,AVAILABLE}
2019-06-12 20:59:20,596 INFO  handler.ContextHandler (ContextHandler.java:doStart(781)) - Started o.e.j.s.ServletContextHandler@69ab2d6a{/static,file:///opt/src/hadoop-ozone/integration-test/target/test-classes/webapps/static,AVAILABLE}
2019-06-12 20:59:20,599 INFO  handler.ContextHandler (ContextHandler.java:doStart(781)) - Started o.e.j.w.WebAppContext@23358740{/,file:///opt/src/hadoop-ozone/integration-test/target/test-classes/webapps/scm/,AVAILABLE}{/scm}
2019-06-12 20:59:20,599 INFO  server.AbstractConnector (AbstractConnector.java:doStart(278)) - Started ServerConnector@2cdcfaa6{HTTP/1.1,[http/1.1]}{0.0.0.0:44471}
2019-06-12 20:59:20,600 INFO  server.Server (Server.java:doStart(419)) - Started @40764ms
2019-06-12 20:59:20,600 INFO  server.BaseHttpServer (BaseHttpServer.java:updateConnectorAddress(207)) - HTTP server of SCM is listening at http://0.0.0.0:44471
2019-06-12 20:59:20,601 INFO  util.JvmPauseMonitor (JvmPauseMonitor.java:run(188)) - Starting JVM pause monitor
2019-06-12 20:59:20,602 WARN  scm.ScmUtils (ScmUtils.java:getDBPath(63)) - ozone.om.db.dirs is not configured. We recommend adding this setting. Falling back to ozone.metadata.dirs instead.
2019-06-12 20:59:20,604 WARN  scm.ScmUtils (ScmUtils.java:getDBPath(63)) - ozone.om.db.dirs is not configured. We recommend adding this setting. Falling back to ozone.metadata.dirs instead.
2019-06-12 20:59:20,604 INFO  om.OzoneManager (OzoneManager.java:setOMNodeDetails(519)) - OM Service ID is not set. Setting it to the default ID: omServiceIdDefault
2019-06-12 20:59:20,605 INFO  om.OzoneManager (OzoneManager.java:setOMNodeDetails(525)) - OM Node ID is not set. Setting it to the OmStorage's OmID: 2063f460-f1cd-4098-9e55-abdc8e76d7d8
2019-06-12 20:59:20,605 WARN  scm.HddsServerUtil (HddsServerUtil.java:getDefaultRatisDirectory(354)) - Storage directory for Ratis is not configured. It is a good idea to map this to an SSD disk. Falling back to ozone.metadata.dirs
2019-06-12 20:59:20,605 WARN  scm.HddsServerUtil (HddsServerUtil.java:getDefaultRatisDirectory(354)) - Storage directory for Ratis is not configured. It is a good idea to map this to an SSD disk. Falling back to ozone.metadata.dirs
2019-06-12 20:59:20,605 INFO  om.OzoneManager (OzoneManager.java:loadOMHAConfigs(476)) - Found matching OM address with OMServiceId: null, OMNodeId: null, RPC Address: localhost:0 and Ratis port: 9872
2019-06-12 20:59:20,609 WARN  scm.ScmUtils (ScmUtils.java:getDBPath(63)) - ozone.om.db.dirs is not configured. We recommend adding this setting. Falling back to ozone.metadata.dirs instead.
2019-06-12 20:59:20,609 INFO  db.DBStoreBuilder (DBStoreBuilder.java:addTable(110)) - using custom profile for table: userTable
2019-06-12 20:59:20,609 INFO  db.DBStoreBuilder (DBStoreBuilder.java:processTables(161)) - Using default column profile:DBProfile.DISK for Table:userTable
2019-06-12 20:59:20,610 INFO  db.DBStoreBuilder (DBStoreBuilder.java:addTable(110)) - using custom profile for table: volumeTable
2019-06-12 20:59:20,610 INFO  db.DBStoreBuilder (DBStoreBuilder.java:processTables(161)) - Using default column profile:DBProfile.DISK for Table:volumeTable
2019-06-12 20:59:20,610 INFO  db.DBStoreBuilder (DBStoreBuilder.java:addTable(110)) - using custom profile for table: bucketTable
2019-06-12 20:59:20,610 INFO  db.DBStoreBuilder (DBStoreBuilder.java:processTables(161)) - Using default column profile:DBProfile.DISK for Table:bucketTable
2019-06-12 20:59:20,610 INFO  db.DBStoreBuilder (DBStoreBuilder.java:addTable(110)) - using custom profile for table: keyTable
2019-06-12 20:59:20,610 INFO  db.DBStoreBuilder (DBStoreBuilder.java:processTables(161)) - Using default column profile:DBProfile.DISK for Table:keyTable
2019-06-12 20:59:20,610 INFO  db.DBStoreBuilder (DBStoreBuilder.java:addTable(110)) - using custom profile for table: deletedTable
2019-06-12 20:59:20,610 INFO  db.DBStoreBuilder (DBStoreBuilder.java:processTables(161)) - Using default column profile:DBProfile.DISK for Table:deletedTable
2019-06-12 20:59:20,610 INFO  db.DBStoreBuilder (DBStoreBuilder.java:addTable(110)) - using custom profile for table: openKeyTable
2019-06-12 20:59:20,611 INFO  db.DBStoreBuilder (DBStoreBuilder.java:processTables(161)) - Using default column profile:DBProfile.DISK for Table:openKeyTable
2019-06-12 20:59:20,611 INFO  db.DBStoreBuilder (DBStoreBuilder.java:addTable(110)) - using custom profile for table: s3Table
2019-06-12 20:59:20,611 INFO  db.DBStoreBuilder (DBStoreBuilder.java:processTables(161)) - Using default column profile:DBProfile.DISK for Table:s3Table
2019-06-12 20:59:20,611 INFO  db.DBStoreBuilder (DBStoreBuilder.java:addTable(110)) - using custom profile for table: multipartInfoTable
2019-06-12 20:59:20,611 INFO  db.DBStoreBuilder (DBStoreBuilder.java:processTables(161)) - Using default column profile:DBProfile.DISK for Table:multipartInfoTable
2019-06-12 20:59:20,611 INFO  db.DBStoreBuilder (DBStoreBuilder.java:addTable(110)) - using custom profile for table: dTokenTable
2019-06-12 20:59:20,611 INFO  db.DBStoreBuilder (DBStoreBuilder.java:processTables(161)) - Using default column profile:DBProfile.DISK for Table:dTokenTable
2019-06-12 20:59:20,611 INFO  db.DBStoreBuilder (DBStoreBuilder.java:addTable(110)) - using custom profile for table: s3SecretTable
2019-06-12 20:59:20,612 INFO  db.DBStoreBuilder (DBStoreBuilder.java:processTables(161)) - Using default column profile:DBProfile.DISK for Table:s3SecretTable
2019-06-12 20:59:20,612 INFO  db.DBStoreBuilder (DBStoreBuilder.java:addTable(110)) - using custom profile for table: prefixTable
2019-06-12 20:59:20,612 INFO  db.DBStoreBuilder (DBStoreBuilder.java:processTables(161)) - Using default column profile:DBProfile.DISK for Table:prefixTable
2019-06-12 20:59:20,612 INFO  db.DBStoreBuilder (DBStoreBuilder.java:addTable(110)) - using custom profile for table: default
2019-06-12 20:59:20,612 INFO  db.DBStoreBuilder (DBStoreBuilder.java:processTables(167)) - Using default column profile:DBProfile.DISK for Table:default
2019-06-12 20:59:20,612 INFO  db.DBStoreBuilder (DBStoreBuilder.java:getDbProfile(198)) - Using default options. DBProfile.DISK
2019-06-12 20:59:20,744 INFO  ipc.CallQueueManager (CallQueueManager.java:<init>(84)) - Using callQueue: class java.util.concurrent.LinkedBlockingQueue, queueCapacity: 2000, scheduler: class org.apache.hadoop.ipc.DefaultRpcScheduler, ipcBackoff: false.
2019-06-12 20:59:20,744 INFO  ipc.Server (Server.java:run(1074)) - Starting Socket Reader #1 for port 40623
2019-06-12 20:59:20,753 WARN  scm.ScmUtils (ScmUtils.java:getDBPath(63)) - ozone.om.db.dirs is not configured. We recommend adding this setting. Falling back to ozone.metadata.dirs instead.
2019-06-12 20:59:20,754 INFO  om.OzoneManager (OzoneManager.java:start(1217)) - OzoneManager RPC server is listening at localhost/127.0.0.1:40623
2019-06-12 20:59:20,754 INFO  impl.MetricsSystemImpl (MetricsSystemImpl.java:init(158)) - OzoneManager metrics system started (again)
2019-06-12 20:59:20,754 INFO  ipc.Server (Server.java:run(1314)) - IPC Server Responder: starting
2019-06-12 20:59:20,754 INFO  ipc.Server (Server.java:run(1153)) - IPC Server listener on 40623: starting
2019-06-12 20:59:20,759 INFO  hdfs.DFSUtil (DFSUtil.java:httpServerTemplateForNNAndJN(1641)) - Starting Web-server for ozoneManager at: http://0.0.0.0:0
2019-06-12 20:59:20,760 INFO  server.AuthenticationFilter (AuthenticationFilter.java:constructSecretProvider(240)) - Unable to initialize FileSignerSecretProvider, falling back to use random secrets.
2019-06-12 20:59:20,760 WARN  http.HttpRequestLog (HttpRequestLog.java:getRequestLog(97)) - Jetty request log can only be enabled using Log4j
2019-06-12 20:59:20,761 INFO  http.HttpServer2 (HttpServer2.java:addGlobalFilter(975)) - Added global filter 'safety' (class=org.apache.hadoop.http.HttpServer2$QuotingInputFilter)
2019-06-12 20:59:20,762 INFO  http.HttpServer2 (HttpServer2.java:addFilter(948)) - Added filter static_user_filter (class=org.apache.hadoop.http.lib.StaticUserWebFilter$StaticUserFilter) to context ozoneManager
2019-06-12 20:59:20,762 INFO  http.HttpServer2 (HttpServer2.java:addFilter(958)) - Added filter static_user_filter (class=org.apache.hadoop.http.lib.StaticUserWebFilter$StaticUserFilter) to context static
2019-06-12 20:59:20,762 INFO  http.HttpServer2 (HttpServer2.java:addFilter(958)) - Added filter static_user_filter (class=org.apache.hadoop.http.lib.StaticUserWebFilter$StaticUserFilter) to context logs
2019-06-12 20:59:20,762 INFO  http.HttpServer2 (HttpServer2.java:bindListener(1191)) - Jetty bound to port 39923
2019-06-12 20:59:20,762 INFO  server.Server (Server.java:doStart(351)) - jetty-9.3.24.v20180605, build timestamp: 2018-06-05T17:11:56Z, git hash: 84205aa28f11a4f31f2a3b86d1bba2cc8ab69827
2019-06-12 20:59:20,766 INFO  handler.ContextHandler (ContextHandler.java:doStart(781)) - Started o.e.j.s.ServletContextHandler@441aa7ae{/logs,file:///opt/src/hadoop-ozone/integration-test/target/log,AVAILABLE}
2019-06-12 20:59:20,767 INFO  handler.ContextHandler (ContextHandler.java:doStart(781)) - Started o.e.j.s.ServletContextHandler@53079ae6{/static,file:///opt/src/hadoop-ozone/integration-test/target/test-classes/webapps/static,AVAILABLE}
2019-06-12 20:59:20,769 INFO  handler.ContextHandler (ContextHandler.java:doStart(781)) - Started o.e.j.w.WebAppContext@5e62ca19{/,file:///opt/src/hadoop-ozone/integration-test/target/test-classes/webapps/ozoneManager/,AVAILABLE}{/ozoneManager}
2019-06-12 20:59:20,770 INFO  server.AbstractConnector (AbstractConnector.java:doStart(278)) - Started ServerConnector@188bf4d8{HTTP/1.1,[http/1.1]}{0.0.0.0:39923}
2019-06-12 20:59:20,770 INFO  server.Server (Server.java:doStart(419)) - Started @40935ms
2019-06-12 20:59:20,770 INFO  server.BaseHttpServer (BaseHttpServer.java:updateConnectorAddress(207)) - HTTP server of OZONEMANAGER is listening at http://0.0.0.0:39923
2019-06-12 20:59:20,782 INFO  impl.MetricsSystemImpl (MetricsSystemImpl.java:init(158)) - HddsDatanode metrics system started (again)
2019-06-12 20:59:20,783 INFO  ozone.HddsDatanodeService (HddsDatanodeService.java:start(185)) - HddsDatanodeService host:ozone-kvdz9-1409474171 ip:192.168.19.5
2019-06-12 20:59:20,791 INFO  volume.HddsVolume (HddsVolume.java:<init>(176)) - Creating Volume: /opt/src/hadoop-ozone/integration-test/target/test-dir/MiniOzoneClusterImpl-662cd06e-90be-4667-aa39-66a7bad7b745/datanode-0/data/containers/hdds of  storage type : DISK and capacity : 104021790720
2019-06-12 20:59:20,791 INFO  volume.VolumeSet (VolumeSet.java:initializeVolumeSet(170)) - Added Volume : /opt/src/hadoop-ozone/integration-test/target/test-dir/MiniOzoneClusterImpl-662cd06e-90be-4667-aa39-66a7bad7b745/datanode-0/data/containers/hdds to VolumeSet
2019-06-12 20:59:20,791 INFO  volume.ThrottledAsyncChecker (ThrottledAsyncChecker.java:schedule(140)) - Scheduling a check for org.apache.hadoop.ozone.container.common.volume.HddsVolume@51c008fd
2019-06-12 20:59:20,791 INFO  volume.HddsVolumeChecker (HddsVolumeChecker.java:checkAllVolumes(203)) - Scheduled health check for volume org.apache.hadoop.ozone.container.common.volume.HddsVolume@51c008fd
2019-06-12 20:59:20,801 INFO  ratis.XceiverServerRatis (XceiverServerRatis.java:newXceiverServerRatis(401)) - Found a free port for the server : 38425
2019-06-12 20:59:20,801 INFO  impl.RaftServerProxy (ConfUtils.java:logGet(43)) - raft.rpc.type = GRPC (default)
2019-06-12 20:59:20,802 INFO  grpc.GrpcConfigKeys$Server (ConfUtils.java:logGet(43)) - raft.grpc.server.port = 38425 (custom)
2019-06-12 20:59:20,802 INFO  server.GrpcService (ConfUtils.java:logGet(43)) - raft.grpc.message.size.max = 33570816 (custom)
2019-06-12 20:59:20,802 INFO  server.RaftServerConfigKeys (ConfUtils.java:logGet(43)) - raft.server.log.appender.buffer.byte-limit = 33554432 (custom)
2019-06-12 20:59:20,802 INFO  server.GrpcService (ConfUtils.java:logGet(43)) - raft.grpc.flow.control.window = 1MB (=1048576) (default)
2019-06-12 20:59:20,802 INFO  server.RaftServerConfigKeys (ConfUtils.java:logGet(43)) - raft.server.rpc.request.timeout = 3000ms (default)
2019-06-12 20:59:20,803 INFO  server.RaftServerConfigKeys (ConfUtils.java:logGet(43)) - raft.server.storage.dir = [/opt/src/hadoop-ozone/integration-test/target/test-dir/MiniOzoneClusterImpl-662cd06e-90be-4667-aa39-66a7bad7b745/datanode-0/data/ratis] (custom)
2019-06-12 20:59:20,803 INFO  server.XceiverServerGrpc (XceiverServerGrpc.java:<init>(97)) - Found a free port for the server : 36331
2019-06-12 20:59:20,803 INFO  replication.SimpleContainerDownloader (SimpleContainerDownloader.java:<init>(72)) - Starting container downloader service to copy containers to replicate.
2019-06-12 20:59:20,804 INFO  hdfs.DFSUtil (DFSUtil.java:httpServerTemplateForNNAndJN(1641)) - Starting Web-server for hddsDatanode at: http://0.0.0.0:0
2019-06-12 20:59:20,805 INFO  server.AuthenticationFilter (AuthenticationFilter.java:constructSecretProvider(240)) - Unable to initialize FileSignerSecretProvider, falling back to use random secrets.
2019-06-12 20:59:20,808 WARN  http.HttpRequestLog (HttpRequestLog.java:getRequestLog(97)) - Jetty request log can only be enabled using Log4j
2019-06-12 20:59:20,809 INFO  http.HttpServer2 (HttpServer2.java:addGlobalFilter(975)) - Added global filter 'safety' (class=org.apache.hadoop.http.HttpServer2$QuotingInputFilter)
2019-06-12 20:59:20,810 INFO  http.HttpServer2 (HttpServer2.java:addFilter(948)) - Added filter static_user_filter (class=org.apache.hadoop.http.lib.StaticUserWebFilter$StaticUserFilter) to context hddsDatanode
2019-06-12 20:59:20,810 INFO  http.HttpServer2 (HttpServer2.java:addFilter(958)) - Added filter static_user_filter (class=org.apache.hadoop.http.lib.StaticUserWebFilter$StaticUserFilter) to context logs
2019-06-12 20:59:20,810 INFO  http.HttpServer2 (HttpServer2.java:addFilter(958)) - Added filter static_user_filter (class=org.apache.hadoop.http.lib.StaticUserWebFilter$StaticUserFilter) to context static
2019-06-12 20:59:20,810 INFO  http.HttpServer2 (HttpServer2.java:bindListener(1191)) - Jetty bound to port 38979
2019-06-12 20:59:20,810 INFO  server.Server (Server.java:doStart(351)) - jetty-9.3.24.v20180605, build timestamp: 2018-06-05T17:11:56Z, git hash: 84205aa28f11a4f31f2a3b86d1bba2cc8ab69827
2019-06-12 20:59:20,812 INFO  handler.ContextHandler (ContextHandler.java:doStart(781)) - Started o.e.j.s.ServletContextHandler@5b74902c{/logs,file:///opt/src/hadoop-ozone/integration-test/target/log,AVAILABLE}
2019-06-12 20:59:20,812 INFO  handler.ContextHandler (ContextHandler.java:doStart(781)) - Started o.e.j.s.ServletContextHandler@43ee1cf7{/static,jar:file:/root/.m2/repository/org/apache/hadoop/hadoop-hdds-container-service/0.5.0-SNAPSHOT/hadoop-hdds-container-service-0.5.0-SNAPSHOT.jar!/webapps/static,AVAILABLE}
2019-06-12 20:59:20,833 INFO  handler.ContextHandler (ContextHandler.java:doStart(781)) - Started o.e.j.w.WebAppContext@33568e26{/,file:///tmp/jetty-0.0.0.0-38979-hddsDatanode-_-any-6080035554087052976.dir/webapp/,AVAILABLE}{/hddsDatanode}
2019-06-12 20:59:20,833 INFO  server.AbstractConnector (AbstractConnector.java:doStart(278)) - Started ServerConnector@97b84a4{HTTP/1.1,[http/1.1]}{0.0.0.0:38979}
2019-06-12 20:59:20,835 INFO  server.Server (Server.java:doStart(419)) - Started @40999ms
2019-06-12 20:59:20,835 INFO  server.BaseHttpServer (BaseHttpServer.java:updateConnectorAddress(207)) - HTTP server of HDDSDATANODE is listening at http://0.0.0.0:38979
2019-06-12 20:59:21,008 INFO  ozone.HddsDatanodeService (HddsDatanodeService.java:startPlugins(396)) - Started plug-in org.apache.hadoop.ozone.web.OzoneHddsDatanodeService@c697186
2019-06-12 20:59:21,009 INFO  impl.MetricsSystemImpl (MetricsSystemImpl.java:init(158)) - HddsDatanode metrics system started (again)
2019-06-12 20:59:21,009 INFO  ozone.HddsDatanodeService (HddsDatanodeService.java:start(185)) - HddsDatanodeService host:ozone-kvdz9-1409474171 ip:192.168.19.5
2019-06-12 20:59:21,017 INFO  util.JvmPauseMonitor (JvmPauseMonitor.java:run(188)) - Starting JVM pause monitor
2019-06-12 20:59:21,018 INFO  volume.HddsVolume (HddsVolume.java:<init>(176)) - Creating Volume: /opt/src/hadoop-ozone/integration-test/target/test-dir/MiniOzoneClusterImpl-662cd06e-90be-4667-aa39-66a7bad7b745/datanode-1/data/containers/hdds of  storage type : DISK and capacity : 104021790720
2019-06-12 20:59:21,018 INFO  volume.VolumeSet (VolumeSet.java:initializeVolumeSet(170)) - Added Volume : /opt/src/hadoop-ozone/integration-test/target/test-dir/MiniOzoneClusterImpl-662cd06e-90be-4667-aa39-66a7bad7b745/datanode-1/data/containers/hdds to VolumeSet
2019-06-12 20:59:21,019 INFO  volume.ThrottledAsyncChecker (ThrottledAsyncChecker.java:schedule(140)) - Scheduling a check for org.apache.hadoop.ozone.container.common.volume.HddsVolume@516b84d1
2019-06-12 20:59:21,019 INFO  volume.HddsVolumeChecker (HddsVolumeChecker.java:checkAllVolumes(203)) - Scheduled health check for volume org.apache.hadoop.ozone.container.common.volume.HddsVolume@516b84d1
2019-06-12 20:59:21,021 INFO  datanode.InitDatanodeState (InitDatanodeState.java:persistContainerDatanodeDetails(140)) - DatanodeDetails is persisted to /opt/src/hadoop-ozone/integration-test/target/test-dir/MiniOzoneClusterImpl-662cd06e-90be-4667-aa39-66a7bad7b745/datanode-0/meta/datanode.id
2019-06-12 20:59:21,032 INFO  ratis.XceiverServerRatis (XceiverServerRatis.java:newXceiverServerRatis(401)) - Found a free port for the server : 36431
2019-06-12 20:59:21,033 INFO  impl.RaftServerProxy (ConfUtils.java:logGet(43)) - raft.rpc.type = GRPC (default)
2019-06-12 20:59:21,033 INFO  grpc.GrpcConfigKeys$Server (ConfUtils.java:logGet(43)) - raft.grpc.server.port = 36431 (custom)
2019-06-12 20:59:21,033 INFO  server.GrpcService (ConfUtils.java:logGet(43)) - raft.grpc.message.size.max = 33570816 (custom)
2019-06-12 20:59:21,033 INFO  server.RaftServerConfigKeys (ConfUtils.java:logGet(43)) - raft.server.log.appender.buffer.byte-limit = 33554432 (custom)
2019-06-12 20:59:21,033 INFO  server.GrpcService (ConfUtils.java:logGet(43)) - raft.grpc.flow.control.window = 1MB (=1048576) (default)
2019-06-12 20:59:21,033 INFO  server.RaftServerConfigKeys (ConfUtils.java:logGet(43)) - raft.server.rpc.request.timeout = 3000ms (default)
2019-06-12 20:59:21,034 INFO  server.RaftServerConfigKeys (ConfUtils.java:logGet(43)) - raft.server.storage.dir = [/opt/src/hadoop-ozone/integration-test/target/test-dir/MiniOzoneClusterImpl-662cd06e-90be-4667-aa39-66a7bad7b745/datanode-1/data/ratis] (custom)
2019-06-12 20:59:21,034 INFO  server.XceiverServerGrpc (XceiverServerGrpc.java:<init>(97)) - Found a free port for the server : 40639
2019-06-12 20:59:21,034 INFO  replication.SimpleContainerDownloader (SimpleContainerDownloader.java:<init>(72)) - Starting container downloader service to copy containers to replicate.
2019-06-12 20:59:21,037 INFO  hdfs.DFSUtil (DFSUtil.java:httpServerTemplateForNNAndJN(1641)) - Starting Web-server for hddsDatanode at: http://0.0.0.0:0
2019-06-12 20:59:21,038 INFO  server.AuthenticationFilter (AuthenticationFilter.java:constructSecretProvider(240)) - Unable to initialize FileSignerSecretProvider, falling back to use random secrets.
2019-06-12 20:59:21,038 WARN  http.HttpRequestLog (HttpRequestLog.java:getRequestLog(97)) - Jetty request log can only be enabled using Log4j
2019-06-12 20:59:21,039 INFO  http.HttpServer2 (HttpServer2.java:addGlobalFilter(975)) - Added global filter 'safety' (class=org.apache.hadoop.http.HttpServer2$QuotingInputFilter)
2019-06-12 20:59:21,039 INFO  http.HttpServer2 (HttpServer2.java:addFilter(948)) - Added filter static_user_filter (class=org.apache.hadoop.http.lib.StaticUserWebFilter$StaticUserFilter) to context hddsDatanode
2019-06-12 20:59:21,039 INFO  http.HttpServer2 (HttpServer2.java:addFilter(958)) - Added filter static_user_filter (class=org.apache.hadoop.http.lib.StaticUserWebFilter$StaticUserFilter) to context logs
2019-06-12 20:59:21,040 INFO  http.HttpServer2 (HttpServer2.java:addFilter(958)) - Added filter static_user_filter (class=org.apache.hadoop.http.lib.StaticUserWebFilter$StaticUserFilter) to context static
2019-06-12 20:59:21,040 INFO  http.HttpServer2 (HttpServer2.java:bindListener(1191)) - Jetty bound to port 37329
2019-06-12 20:59:21,040 INFO  server.Server (Server.java:doStart(351)) - jetty-9.3.24.v20180605, build timestamp: 2018-06-05T17:11:56Z, git hash: 84205aa28f11a4f31f2a3b86d1bba2cc8ab69827
2019-06-12 20:59:21,041 INFO  handler.ContextHandler (ContextHandler.java:doStart(781)) - Started o.e.j.s.ServletContextHandler@665ed71a{/logs,file:///opt/src/hadoop-ozone/integration-test/target/log,AVAILABLE}
2019-06-12 20:59:21,042 INFO  handler.ContextHandler (ContextHandler.java:doStart(781)) - Started o.e.j.s.ServletContextHandler@23954300{/static,jar:file:/root/.m2/repository/org/apache/hadoop/hadoop-hdds-container-service/0.5.0-SNAPSHOT/hadoop-hdds-container-service-0.5.0-SNAPSHOT.jar!/webapps/static,AVAILABLE}
2019-06-12 20:59:21,062 INFO  handler.ContextHandler (ContextHandler.java:doStart(781)) - Started o.e.j.w.WebAppContext@1b841e7d{/,file:///tmp/jetty-0.0.0.0-37329-hddsDatanode-_-any-4157276538278196220.dir/webapp/,AVAILABLE}{/hddsDatanode}
2019-06-12 20:59:21,062 INFO  server.AbstractConnector (AbstractConnector.java:doStart(278)) - Started ServerConnector@6081f330{HTTP/1.1,[http/1.1]}{0.0.0.0:37329}
2019-06-12 20:59:21,063 INFO  server.Server (Server.java:doStart(419)) - Started @41228ms
2019-06-12 20:59:21,064 INFO  server.BaseHttpServer (BaseHttpServer.java:updateConnectorAddress(207)) - HTTP server of HDDSDATANODE is listening at http://0.0.0.0:37329
2019-06-12 20:59:21,201 INFO  ozone.HddsDatanodeService (HddsDatanodeService.java:startPlugins(396)) - Started plug-in org.apache.hadoop.ozone.web.OzoneHddsDatanodeService@59cde35
2019-06-12 20:59:21,201 INFO  impl.MetricsSystemImpl (MetricsSystemImpl.java:init(158)) - HddsDatanode metrics system started (again)
2019-06-12 20:59:21,202 INFO  ozone.HddsDatanodeService (HddsDatanodeService.java:start(185)) - HddsDatanodeService host:ozone-kvdz9-1409474171 ip:192.168.19.5
2019-06-12 20:59:21,202 INFO  util.JvmPauseMonitor (JvmPauseMonitor.java:run(188)) - Starting JVM pause monitor
2019-06-12 20:59:21,204 INFO  datanode.InitDatanodeState (InitDatanodeState.java:persistContainerDatanodeDetails(140)) - DatanodeDetails is persisted to /opt/src/hadoop-ozone/integration-test/target/test-dir/MiniOzoneClusterImpl-662cd06e-90be-4667-aa39-66a7bad7b745/datanode-1/meta/datanode.id
2019-06-12 20:59:21,206 INFO  volume.HddsVolume (HddsVolume.java:<init>(176)) - Creating Volume: /opt/src/hadoop-ozone/integration-test/target/test-dir/MiniOzoneClusterImpl-662cd06e-90be-4667-aa39-66a7bad7b745/datanode-2/data/containers/hdds of  storage type : DISK and capacity : 104021790720
2019-06-12 20:59:21,207 INFO  volume.VolumeSet (VolumeSet.java:initializeVolumeSet(170)) - Added Volume : /opt/src/hadoop-ozone/integration-test/target/test-dir/MiniOzoneClusterImpl-662cd06e-90be-4667-aa39-66a7bad7b745/datanode-2/data/containers/hdds to VolumeSet
2019-06-12 20:59:21,207 INFO  volume.ThrottledAsyncChecker (ThrottledAsyncChecker.java:schedule(140)) - Scheduling a check for org.apache.hadoop.ozone.container.common.volume.HddsVolume@74a03bd5
2019-06-12 20:59:21,207 INFO  volume.HddsVolumeChecker (HddsVolumeChecker.java:checkAllVolumes(203)) - Scheduled health check for volume org.apache.hadoop.ozone.container.common.volume.HddsVolume@74a03bd5
2019-06-12 20:59:21,216 INFO  ratis.XceiverServerRatis (XceiverServerRatis.java:newXceiverServerRatis(401)) - Found a free port for the server : 35453
2019-06-12 20:59:21,219 INFO  impl.RaftServerProxy (ConfUtils.java:logGet(43)) - raft.rpc.type = GRPC (default)
2019-06-12 20:59:21,219 INFO  grpc.GrpcConfigKeys$Server (ConfUtils.java:logGet(43)) - raft.grpc.server.port = 35453 (custom)
2019-06-12 20:59:21,220 INFO  server.GrpcService (ConfUtils.java:logGet(43)) - raft.grpc.message.size.max = 33570816 (custom)
2019-06-12 20:59:21,220 INFO  server.RaftServerConfigKeys (ConfUtils.java:logGet(43)) - raft.server.log.appender.buffer.byte-limit = 33554432 (custom)
2019-06-12 20:59:21,220 INFO  server.GrpcService (ConfUtils.java:logGet(43)) - raft.grpc.flow.control.window = 1MB (=1048576) (default)
2019-06-12 20:59:21,220 INFO  server.RaftServerConfigKeys (ConfUtils.java:logGet(43)) - raft.server.rpc.request.timeout = 3000ms (default)
2019-06-12 20:59:21,221 INFO  server.RaftServerConfigKeys (ConfUtils.java:logGet(43)) - raft.server.storage.dir = [/opt/src/hadoop-ozone/integration-test/target/test-dir/MiniOzoneClusterImpl-662cd06e-90be-4667-aa39-66a7bad7b745/datanode-2/data/ratis] (custom)
2019-06-12 20:59:21,221 INFO  server.XceiverServerGrpc (XceiverServerGrpc.java:<init>(97)) - Found a free port for the server : 42849
2019-06-12 20:59:21,221 INFO  replication.SimpleContainerDownloader (SimpleContainerDownloader.java:<init>(72)) - Starting container downloader service to copy containers to replicate.
2019-06-12 20:59:21,222 INFO  hdfs.DFSUtil (DFSUtil.java:httpServerTemplateForNNAndJN(1641)) - Starting Web-server for hddsDatanode at: http://0.0.0.0:0
2019-06-12 20:59:21,226 INFO  server.AuthenticationFilter (AuthenticationFilter.java:constructSecretProvider(240)) - Unable to initialize FileSignerSecretProvider, falling back to use random secrets.
2019-06-12 20:59:21,227 WARN  http.HttpRequestLog (HttpRequestLog.java:getRequestLog(97)) - Jetty request log can only be enabled using Log4j
2019-06-12 20:59:21,228 INFO  http.HttpServer2 (HttpServer2.java:addGlobalFilter(975)) - Added global filter 'safety' (class=org.apache.hadoop.http.HttpServer2$QuotingInputFilter)
2019-06-12 20:59:21,229 INFO  http.HttpServer2 (HttpServer2.java:addFilter(948)) - Added filter static_user_filter (class=org.apache.hadoop.http.lib.StaticUserWebFilter$StaticUserFilter) to context hddsDatanode
2019-06-12 20:59:21,229 INFO  http.HttpServer2 (HttpServer2.java:addFilter(958)) - Added filter static_user_filter (class=org.apache.hadoop.http.lib.StaticUserWebFilter$StaticUserFilter) to context static
2019-06-12 20:59:21,229 INFO  http.HttpServer2 (HttpServer2.java:addFilter(958)) - Added filter static_user_filter (class=org.apache.hadoop.http.lib.StaticUserWebFilter$StaticUserFilter) to context logs
2019-06-12 20:59:21,229 INFO  http.HttpServer2 (HttpServer2.java:bindListener(1191)) - Jetty bound to port 40073
2019-06-12 20:59:21,230 INFO  server.Server (Server.java:doStart(351)) - jetty-9.3.24.v20180605, build timestamp: 2018-06-05T17:11:56Z, git hash: 84205aa28f11a4f31f2a3b86d1bba2cc8ab69827
2019-06-12 20:59:21,231 INFO  handler.ContextHandler (ContextHandler.java:doStart(781)) - Started o.e.j.s.ServletContextHandler@1c4aa701{/logs,file:///opt/src/hadoop-ozone/integration-test/target/log,AVAILABLE}
2019-06-12 20:59:21,231 INFO  handler.ContextHandler (ContextHandler.java:doStart(781)) - Started o.e.j.s.ServletContextHandler@788a0513{/static,jar:file:/root/.m2/repository/org/apache/hadoop/hadoop-hdds-container-service/0.5.0-SNAPSHOT/hadoop-hdds-container-service-0.5.0-SNAPSHOT.jar!/webapps/static,AVAILABLE}
2019-06-12 20:59:21,261 INFO  handler.ContextHandler (ContextHandler.java:doStart(781)) - Started o.e.j.w.WebAppContext@628bcf2c{/,file:///tmp/jetty-0.0.0.0-40073-hddsDatanode-_-any-5831674513783722369.dir/webapp/,AVAILABLE}{/hddsDatanode}
2019-06-12 20:59:21,261 INFO  server.AbstractConnector (AbstractConnector.java:doStart(278)) - Started ServerConnector@4b76251c{HTTP/1.1,[http/1.1]}{0.0.0.0:40073}
2019-06-12 20:59:21,262 INFO  server.Server (Server.java:doStart(419)) - Started @41426ms
2019-06-12 20:59:21,262 INFO  server.BaseHttpServer (BaseHttpServer.java:updateConnectorAddress(207)) - HTTP server of HDDSDATANODE is listening at http://0.0.0.0:40073
2019-06-12 20:59:21,363 INFO  ozone.HddsDatanodeService (HddsDatanodeService.java:startPlugins(396)) - Started plug-in org.apache.hadoop.ozone.web.OzoneHddsDatanodeService@6f0ae0ee
2019-06-12 20:59:21,363 INFO  impl.MetricsSystemImpl (MetricsSystemImpl.java:init(158)) - HddsDatanode metrics system started (again)
2019-06-12 20:59:21,364 INFO  ozone.HddsDatanodeService (HddsDatanodeService.java:start(185)) - HddsDatanodeService host:ozone-kvdz9-1409474171 ip:192.168.19.5
2019-06-12 20:59:21,368 INFO  util.JvmPauseMonitor (JvmPauseMonitor.java:run(188)) - Starting JVM pause monitor
2019-06-12 20:59:21,369 INFO  datanode.InitDatanodeState (InitDatanodeState.java:persistContainerDatanodeDetails(140)) - DatanodeDetails is persisted to /opt/src/hadoop-ozone/integration-test/target/test-dir/MiniOzoneClusterImpl-662cd06e-90be-4667-aa39-66a7bad7b745/datanode-2/meta/datanode.id
2019-06-12 20:59:21,375 INFO  volume.HddsVolume (HddsVolume.java:<init>(176)) - Creating Volume: /opt/src/hadoop-ozone/integration-test/target/test-dir/MiniOzoneClusterImpl-662cd06e-90be-4667-aa39-66a7bad7b745/datanode-3/data/containers/hdds of  storage type : DISK and capacity : 104021790720
2019-06-12 20:59:21,375 INFO  volume.VolumeSet (VolumeSet.java:initializeVolumeSet(170)) - Added Volume : /opt/src/hadoop-ozone/integration-test/target/test-dir/MiniOzoneClusterImpl-662cd06e-90be-4667-aa39-66a7bad7b745/datanode-3/data/containers/hdds to VolumeSet
2019-06-12 20:59:21,375 INFO  volume.ThrottledAsyncChecker (ThrottledAsyncChecker.java:schedule(140)) - Scheduling a check for org.apache.hadoop.ozone.container.common.volume.HddsVolume@47e725af
2019-06-12 20:59:21,382 INFO  volume.HddsVolumeChecker (HddsVolumeChecker.java:checkAllVolumes(203)) - Scheduled health check for volume org.apache.hadoop.ozone.container.common.volume.HddsVolume@47e725af
2019-06-12 20:59:21,393 INFO  ratis.XceiverServerRatis (XceiverServerRatis.java:newXceiverServerRatis(401)) - Found a free port for the server : 44077
2019-06-12 20:59:21,394 INFO  impl.RaftServerProxy (ConfUtils.java:logGet(43)) - raft.rpc.type = GRPC (default)
2019-06-12 20:59:21,394 INFO  grpc.GrpcConfigKeys$Server (ConfUtils.java:logGet(43)) - raft.grpc.server.port = 44077 (custom)
2019-06-12 20:59:21,395 INFO  server.GrpcService (ConfUtils.java:logGet(43)) - raft.grpc.message.size.max = 33570816 (custom)
2019-06-12 20:59:21,395 INFO  server.RaftServerConfigKeys (ConfUtils.java:logGet(43)) - raft.server.log.appender.buffer.byte-limit = 33554432 (custom)
2019-06-12 20:59:21,395 INFO  server.GrpcService (ConfUtils.java:logGet(43)) - raft.grpc.flow.control.window = 1MB (=1048576) (default)
2019-06-12 20:59:21,395 INFO  server.RaftServerConfigKeys (ConfUtils.java:logGet(43)) - raft.server.rpc.request.timeout = 3000ms (default)
2019-06-12 20:59:21,396 INFO  server.RaftServerConfigKeys (ConfUtils.java:logGet(43)) - raft.server.storage.dir = [/opt/src/hadoop-ozone/integration-test/target/test-dir/MiniOzoneClusterImpl-662cd06e-90be-4667-aa39-66a7bad7b745/datanode-3/data/ratis] (custom)
2019-06-12 20:59:21,396 INFO  server.XceiverServerGrpc (XceiverServerGrpc.java:<init>(97)) - Found a free port for the server : 46389
2019-06-12 20:59:21,396 INFO  replication.SimpleContainerDownloader (SimpleContainerDownloader.java:<init>(72)) - Starting container downloader service to copy containers to replicate.
2019-06-12 20:59:21,404 INFO  hdfs.DFSUtil (DFSUtil.java:httpServerTemplateForNNAndJN(1641)) - Starting Web-server for hddsDatanode at: http://0.0.0.0:0
2019-06-12 20:59:21,405 INFO  server.AuthenticationFilter (AuthenticationFilter.java:constructSecretProvider(240)) - Unable to initialize FileSignerSecretProvider, falling back to use random secrets.
2019-06-12 20:59:21,409 WARN  http.HttpRequestLog (HttpRequestLog.java:getRequestLog(97)) - Jetty request log can only be enabled using Log4j
2019-06-12 20:59:21,411 INFO  http.HttpServer2 (HttpServer2.java:addGlobalFilter(975)) - Added global filter 'safety' (class=org.apache.hadoop.http.HttpServer2$QuotingInputFilter)
2019-06-12 20:59:21,411 INFO  http.HttpServer2 (HttpServer2.java:addFilter(948)) - Added filter static_user_filter (class=org.apache.hadoop.http.lib.StaticUserWebFilter$StaticUserFilter) to context hddsDatanode
2019-06-12 20:59:21,411 INFO  http.HttpServer2 (HttpServer2.java:addFilter(958)) - Added filter static_user_filter (class=org.apache.hadoop.http.lib.StaticUserWebFilter$StaticUserFilter) to context logs
2019-06-12 20:59:21,411 INFO  http.HttpServer2 (HttpServer2.java:addFilter(958)) - Added filter static_user_filter (class=org.apache.hadoop.http.lib.StaticUserWebFilter$StaticUserFilter) to context static
2019-06-12 20:59:21,412 INFO  http.HttpServer2 (HttpServer2.java:bindListener(1191)) - Jetty bound to port 40861
2019-06-12 20:59:21,412 INFO  server.Server (Server.java:doStart(351)) - jetty-9.3.24.v20180605, build timestamp: 2018-06-05T17:11:56Z, git hash: 84205aa28f11a4f31f2a3b86d1bba2cc8ab69827
2019-06-12 20:59:21,417 INFO  handler.ContextHandler (ContextHandler.java:doStart(781)) - Started o.e.j.s.ServletContextHandler@3e0704e2{/logs,file:///opt/src/hadoop-ozone/integration-test/target/log,AVAILABLE}
2019-06-12 20:59:21,417 INFO  handler.ContextHandler (ContextHandler.java:doStart(781)) - Started o.e.j.s.ServletContextHandler@64af5454{/static,jar:file:/root/.m2/repository/org/apache/hadoop/hadoop-hdds-container-service/0.5.0-SNAPSHOT/hadoop-hdds-container-service-0.5.0-SNAPSHOT.jar!/webapps/static,AVAILABLE}
2019-06-12 20:59:21,439 INFO  handler.ContextHandler (ContextHandler.java:doStart(781)) - Started o.e.j.w.WebAppContext@6a54aa7a{/,file:///tmp/jetty-0.0.0.0-40861-hddsDatanode-_-any-3127005745104326823.dir/webapp/,AVAILABLE}{/hddsDatanode}
2019-06-12 20:59:21,439 INFO  server.AbstractConnector (AbstractConnector.java:doStart(278)) - Started ServerConnector@4c114687{HTTP/1.1,[http/1.1]}{0.0.0.0:40861}
2019-06-12 20:59:21,441 INFO  server.Server (Server.java:doStart(419)) - Started @41605ms
2019-06-12 20:59:21,441 INFO  server.BaseHttpServer (BaseHttpServer.java:updateConnectorAddress(207)) - HTTP server of HDDSDATANODE is listening at http://0.0.0.0:40861
2019-06-12 20:59:21,526 INFO  ozone.HddsDatanodeService (HddsDatanodeService.java:startPlugins(396)) - Started plug-in org.apache.hadoop.ozone.web.OzoneHddsDatanodeService@73db7df0
2019-06-12 20:59:21,528 INFO  impl.MetricsSystemImpl (MetricsSystemImpl.java:init(158)) - HddsDatanode metrics system started (again)
2019-06-12 20:59:21,528 INFO  ozone.HddsDatanodeService (HddsDatanodeService.java:start(185)) - HddsDatanodeService host:ozone-kvdz9-1409474171 ip:192.168.19.5
2019-06-12 20:59:21,537 INFO  util.JvmPauseMonitor (JvmPauseMonitor.java:run(188)) - Starting JVM pause monitor
2019-06-12 20:59:21,542 INFO  datanode.InitDatanodeState (InitDatanodeState.java:persistContainerDatanodeDetails(140)) - DatanodeDetails is persisted to /opt/src/hadoop-ozone/integration-test/target/test-dir/MiniOzoneClusterImpl-662cd06e-90be-4667-aa39-66a7bad7b745/datanode-3/meta/datanode.id
2019-06-12 20:59:21,546 INFO  volume.HddsVolume (HddsVolume.java:<init>(176)) - Creating Volume: /opt/src/hadoop-ozone/integration-test/target/test-dir/MiniOzoneClusterImpl-662cd06e-90be-4667-aa39-66a7bad7b745/datanode-4/data/containers/hdds of  storage type : DISK and capacity : 104021790720
2019-06-12 20:59:21,546 INFO  volume.VolumeSet (VolumeSet.java:initializeVolumeSet(170)) - Added Volume : /opt/src/hadoop-ozone/integration-test/target/test-dir/MiniOzoneClusterImpl-662cd06e-90be-4667-aa39-66a7bad7b745/datanode-4/data/containers/hdds to VolumeSet
2019-06-12 20:59:21,547 INFO  volume.ThrottledAsyncChecker (ThrottledAsyncChecker.java:schedule(140)) - Scheduling a check for org.apache.hadoop.ozone.container.common.volume.HddsVolume@7f02b2d4
2019-06-12 20:59:21,550 INFO  volume.HddsVolumeChecker (HddsVolumeChecker.java:checkAllVolumes(203)) - Scheduled health check for volume org.apache.hadoop.ozone.container.common.volume.HddsVolume@7f02b2d4
2019-06-12 20:59:21,558 INFO  ratis.XceiverServerRatis (XceiverServerRatis.java:newXceiverServerRatis(401)) - Found a free port for the server : 37031
2019-06-12 20:59:21,559 INFO  impl.RaftServerProxy (ConfUtils.java:logGet(43)) - raft.rpc.type = GRPC (default)
2019-06-12 20:59:21,559 INFO  grpc.GrpcConfigKeys$Server (ConfUtils.java:logGet(43)) - raft.grpc.server.port = 37031 (custom)
2019-06-12 20:59:21,559 INFO  server.GrpcService (ConfUtils.java:logGet(43)) - raft.grpc.message.size.max = 33570816 (custom)
2019-06-12 20:59:21,560 INFO  server.RaftServerConfigKeys (ConfUtils.java:logGet(43)) - raft.server.log.appender.buffer.byte-limit = 33554432 (custom)
2019-06-12 20:59:21,560 INFO  server.GrpcService (ConfUtils.java:logGet(43)) - raft.grpc.flow.control.window = 1MB (=1048576) (default)
2019-06-12 20:59:21,560 INFO  server.RaftServerConfigKeys (ConfUtils.java:logGet(43)) - raft.server.rpc.request.timeout = 3000ms (default)
2019-06-12 20:59:21,560 INFO  server.RaftServerConfigKeys (ConfUtils.java:logGet(43)) - raft.server.storage.dir = [/opt/src/hadoop-ozone/integration-test/target/test-dir/MiniOzoneClusterImpl-662cd06e-90be-4667-aa39-66a7bad7b745/datanode-4/data/ratis] (custom)
2019-06-12 20:59:21,560 INFO  server.XceiverServerGrpc (XceiverServerGrpc.java:<init>(97)) - Found a free port for the server : 38891
2019-06-12 20:59:21,561 INFO  replication.SimpleContainerDownloader (SimpleContainerDownloader.java:<init>(72)) - Starting container downloader service to copy containers to replicate.
2019-06-12 20:59:21,562 INFO  hdfs.DFSUtil (DFSUtil.java:httpServerTemplateForNNAndJN(1641)) - Starting Web-server for hddsDatanode at: http://0.0.0.0:0
2019-06-12 20:59:21,562 INFO  server.AuthenticationFilter (AuthenticationFilter.java:constructSecretProvider(240)) - Unable to initialize FileSignerSecretProvider, falling back to use random secrets.
2019-06-12 20:59:21,563 WARN  http.HttpRequestLog (HttpRequestLog.java:getRequestLog(97)) - Jetty request log can only be enabled using Log4j
2019-06-12 20:59:21,564 INFO  http.HttpServer2 (HttpServer2.java:addGlobalFilter(975)) - Added global filter 'safety' (class=org.apache.hadoop.http.HttpServer2$QuotingInputFilter)
2019-06-12 20:59:21,564 INFO  http.HttpServer2 (HttpServer2.java:addFilter(948)) - Added filter static_user_filter (class=org.apache.hadoop.http.lib.StaticUserWebFilter$StaticUserFilter) to context hddsDatanode
2019-06-12 20:59:21,564 INFO  http.HttpServer2 (HttpServer2.java:addFilter(958)) - Added filter static_user_filter (class=org.apache.hadoop.http.lib.StaticUserWebFilter$StaticUserFilter) to context static
2019-06-12 20:59:21,564 INFO  http.HttpServer2 (HttpServer2.java:addFilter(958)) - Added filter static_user_filter (class=org.apache.hadoop.http.lib.StaticUserWebFilter$StaticUserFilter) to context logs
2019-06-12 20:59:21,565 INFO  http.HttpServer2 (HttpServer2.java:bindListener(1191)) - Jetty bound to port 46029
2019-06-12 20:59:21,565 INFO  server.Server (Server.java:doStart(351)) - jetty-9.3.24.v20180605, build timestamp: 2018-06-05T17:11:56Z, git hash: 84205aa28f11a4f31f2a3b86d1bba2cc8ab69827
2019-06-12 20:59:21,570 INFO  handler.ContextHandler (ContextHandler.java:doStart(781)) - Started o.e.j.s.ServletContextHandler@1e36baca{/logs,file:///opt/src/hadoop-ozone/integration-test/target/log,AVAILABLE}
2019-06-12 20:59:21,570 INFO  handler.ContextHandler (ContextHandler.java:doStart(781)) - Started o.e.j.s.ServletContextHandler@60484429{/static,jar:file:/root/.m2/repository/org/apache/hadoop/hadoop-hdds-container-service/0.5.0-SNAPSHOT/hadoop-hdds-container-service-0.5.0-SNAPSHOT.jar!/webapps/static,AVAILABLE}
2019-06-12 20:59:21,599 INFO  handler.ContextHandler (ContextHandler.java:doStart(781)) - Started o.e.j.w.WebAppContext@2a341e3d{/,file:///tmp/jetty-0.0.0.0-46029-hddsDatanode-_-any-4462953531845904467.dir/webapp/,AVAILABLE}{/hddsDatanode}
2019-06-12 20:59:21,600 INFO  server.AbstractConnector (AbstractConnector.java:doStart(278)) - Started ServerConnector@a4dcede{HTTP/1.1,[http/1.1]}{0.0.0.0:46029}
2019-06-12 20:59:21,600 INFO  server.Server (Server.java:doStart(419)) - Started @41765ms
2019-06-12 20:59:21,601 INFO  server.BaseHttpServer (BaseHttpServer.java:updateConnectorAddress(207)) - HTTP server of HDDSDATANODE is listening at http://0.0.0.0:46029
2019-06-12 20:59:21,740 INFO  ozone.HddsDatanodeService (HddsDatanodeService.java:startPlugins(396)) - Started plug-in org.apache.hadoop.ozone.web.OzoneHddsDatanodeService@53dbe7b2
2019-06-12 20:59:21,741 INFO  impl.MetricsSystemImpl (MetricsSystemImpl.java:init(158)) - HddsDatanode metrics system started (again)
2019-06-12 20:59:21,741 INFO  ozone.HddsDatanodeService (HddsDatanodeService.java:start(185)) - HddsDatanodeService host:ozone-kvdz9-1409474171 ip:192.168.19.5
2019-06-12 20:59:21,741 INFO  util.JvmPauseMonitor (JvmPauseMonitor.java:run(188)) - Starting JVM pause monitor
2019-06-12 20:59:21,742 INFO  datanode.InitDatanodeState (InitDatanodeState.java:persistContainerDatanodeDetails(140)) - DatanodeDetails is persisted to /opt/src/hadoop-ozone/integration-test/target/test-dir/MiniOzoneClusterImpl-662cd06e-90be-4667-aa39-66a7bad7b745/datanode-4/meta/datanode.id
2019-06-12 20:59:21,748 INFO  volume.HddsVolume (HddsVolume.java:<init>(176)) - Creating Volume: /opt/src/hadoop-ozone/integration-test/target/test-dir/MiniOzoneClusterImpl-662cd06e-90be-4667-aa39-66a7bad7b745/datanode-5/data/containers/hdds of  storage type : DISK and capacity : 104021790720
2019-06-12 20:59:21,748 INFO  volume.VolumeSet (VolumeSet.java:initializeVolumeSet(170)) - Added Volume : /opt/src/hadoop-ozone/integration-test/target/test-dir/MiniOzoneClusterImpl-662cd06e-90be-4667-aa39-66a7bad7b745/datanode-5/data/containers/hdds to VolumeSet
2019-06-12 20:59:21,748 INFO  volume.ThrottledAsyncChecker (ThrottledAsyncChecker.java:schedule(140)) - Scheduling a check for org.apache.hadoop.ozone.container.common.volume.HddsVolume@2ef1fc8a
2019-06-12 20:59:21,749 INFO  volume.HddsVolumeChecker (HddsVolumeChecker.java:checkAllVolumes(203)) - Scheduled health check for volume org.apache.hadoop.ozone.container.common.volume.HddsVolume@2ef1fc8a
2019-06-12 20:59:21,757 INFO  ratis.XceiverServerRatis (XceiverServerRatis.java:newXceiverServerRatis(401)) - Found a free port for the server : 40681
2019-06-12 20:59:21,758 INFO  impl.RaftServerProxy (ConfUtils.java:logGet(43)) - raft.rpc.type = GRPC (default)
2019-06-12 20:59:21,759 INFO  grpc.GrpcConfigKeys$Server (ConfUtils.java:logGet(43)) - raft.grpc.server.port = 40681 (custom)
2019-06-12 20:59:21,759 INFO  server.GrpcService (ConfUtils.java:logGet(43)) - raft.grpc.message.size.max = 33570816 (custom)
2019-06-12 20:59:21,759 INFO  server.RaftServerConfigKeys (ConfUtils.java:logGet(43)) - raft.server.log.appender.buffer.byte-limit = 33554432 (custom)
2019-06-12 20:59:21,759 INFO  server.GrpcService (ConfUtils.java:logGet(43)) - raft.grpc.flow.control.window = 1MB (=1048576) (default)
2019-06-12 20:59:21,759 INFO  server.RaftServerConfigKeys (ConfUtils.java:logGet(43)) - raft.server.rpc.request.timeout = 3000ms (default)
2019-06-12 20:59:21,760 INFO  server.RaftServerConfigKeys (ConfUtils.java:logGet(43)) - raft.server.storage.dir = [/opt/src/hadoop-ozone/integration-test/target/test-dir/MiniOzoneClusterImpl-662cd06e-90be-4667-aa39-66a7bad7b745/datanode-5/data/ratis] (custom)
2019-06-12 20:59:21,760 INFO  server.XceiverServerGrpc (XceiverServerGrpc.java:<init>(97)) - Found a free port for the server : 40237
2019-06-12 20:59:21,760 INFO  replication.SimpleContainerDownloader (SimpleContainerDownloader.java:<init>(72)) - Starting container downloader service to copy containers to replicate.
2019-06-12 20:59:21,761 INFO  hdfs.DFSUtil (DFSUtil.java:httpServerTemplateForNNAndJN(1641)) - Starting Web-server for hddsDatanode at: http://0.0.0.0:0
2019-06-12 20:59:21,762 INFO  server.AuthenticationFilter (AuthenticationFilter.java:constructSecretProvider(240)) - Unable to initialize FileSignerSecretProvider, falling back to use random secrets.
2019-06-12 20:59:21,765 WARN  http.HttpRequestLog (HttpRequestLog.java:getRequestLog(97)) - Jetty request log can only be enabled using Log4j
2019-06-12 20:59:21,766 INFO  http.HttpServer2 (HttpServer2.java:addGlobalFilter(975)) - Added global filter 'safety' (class=org.apache.hadoop.http.HttpServer2$QuotingInputFilter)
2019-06-12 20:59:21,766 INFO  http.HttpServer2 (HttpServer2.java:addFilter(948)) - Added filter static_user_filter (class=org.apache.hadoop.http.lib.StaticUserWebFilter$StaticUserFilter) to context hddsDatanode
2019-06-12 20:59:21,766 INFO  http.HttpServer2 (HttpServer2.java:addFilter(958)) - Added filter static_user_filter (class=org.apache.hadoop.http.lib.StaticUserWebFilter$StaticUserFilter) to context logs
2019-06-12 20:59:21,766 INFO  http.HttpServer2 (HttpServer2.java:addFilter(958)) - Added filter static_user_filter (class=org.apache.hadoop.http.lib.StaticUserWebFilter$StaticUserFilter) to context static
2019-06-12 20:59:21,767 INFO  http.HttpServer2 (HttpServer2.java:bindListener(1191)) - Jetty bound to port 40947
2019-06-12 20:59:21,767 INFO  server.Server (Server.java:doStart(351)) - jetty-9.3.24.v20180605, build timestamp: 2018-06-05T17:11:56Z, git hash: 84205aa28f11a4f31f2a3b86d1bba2cc8ab69827
2019-06-12 20:59:21,770 INFO  handler.ContextHandler (ContextHandler.java:doStart(781)) - Started o.e.j.s.ServletContextHandler@6baee63b{/logs,file:///opt/src/hadoop-ozone/integration-test/target/log,AVAILABLE}
2019-06-12 20:59:21,771 INFO  handler.ContextHandler (ContextHandler.java:doStart(781)) - Started o.e.j.s.ServletContextHandler@234bfc8c{/static,jar:file:/root/.m2/repository/org/apache/hadoop/hadoop-hdds-container-service/0.5.0-SNAPSHOT/hadoop-hdds-container-service-0.5.0-SNAPSHOT.jar!/webapps/static,AVAILABLE}
2019-06-12 20:59:21,799 INFO  handler.ContextHandler (ContextHandler.java:doStart(781)) - Started o.e.j.w.WebAppContext@7a569672{/,file:///tmp/jetty-0.0.0.0-40947-hddsDatanode-_-any-1937663038540075953.dir/webapp/,AVAILABLE}{/hddsDatanode}
2019-06-12 20:59:21,800 INFO  server.AbstractConnector (AbstractConnector.java:doStart(278)) - Started ServerConnector@49f41c2e{HTTP/1.1,[http/1.1]}{0.0.0.0:40947}
2019-06-12 20:59:21,801 INFO  server.Server (Server.java:doStart(419)) - Started @41965ms
2019-06-12 20:59:21,801 INFO  server.BaseHttpServer (BaseHttpServer.java:updateConnectorAddress(207)) - HTTP server of HDDSDATANODE is listening at http://0.0.0.0:40947
2019-06-12 20:59:21,899 INFO  ozone.HddsDatanodeService (HddsDatanodeService.java:startPlugins(396)) - Started plug-in org.apache.hadoop.ozone.web.OzoneHddsDatanodeService@c49e434
2019-06-12 20:59:21,900 INFO  impl.MetricsSystemImpl (MetricsSystemImpl.java:init(158)) - HddsDatanode metrics system started (again)
2019-06-12 20:59:21,900 INFO  ozone.HddsDatanodeService (HddsDatanodeService.java:start(185)) - HddsDatanodeService host:ozone-kvdz9-1409474171 ip:192.168.19.5
2019-06-12 20:59:21,901 INFO  util.JvmPauseMonitor (JvmPauseMonitor.java:run(188)) - Starting JVM pause monitor
2019-06-12 20:59:21,902 INFO  datanode.InitDatanodeState (InitDatanodeState.java:persistContainerDatanodeDetails(140)) - DatanodeDetails is persisted to /opt/src/hadoop-ozone/integration-test/target/test-dir/MiniOzoneClusterImpl-662cd06e-90be-4667-aa39-66a7bad7b745/datanode-5/meta/datanode.id
2019-06-12 20:59:21,906 INFO  volume.HddsVolume (HddsVolume.java:<init>(176)) - Creating Volume: /opt/src/hadoop-ozone/integration-test/target/test-dir/MiniOzoneClusterImpl-662cd06e-90be-4667-aa39-66a7bad7b745/datanode-6/data/containers/hdds of  storage type : DISK and capacity : 104021790720
2019-06-12 20:59:21,906 INFO  volume.VolumeSet (VolumeSet.java:initializeVolumeSet(170)) - Added Volume : /opt/src/hadoop-ozone/integration-test/target/test-dir/MiniOzoneClusterImpl-662cd06e-90be-4667-aa39-66a7bad7b745/datanode-6/data/containers/hdds to VolumeSet
2019-06-12 20:59:21,906 INFO  volume.ThrottledAsyncChecker (ThrottledAsyncChecker.java:schedule(140)) - Scheduling a check for org.apache.hadoop.ozone.container.common.volume.HddsVolume@16fb9fdd
2019-06-12 20:59:21,908 INFO  volume.HddsVolumeChecker (HddsVolumeChecker.java:checkAllVolumes(203)) - Scheduled health check for volume org.apache.hadoop.ozone.container.common.volume.HddsVolume@16fb9fdd
2019-06-12 20:59:21,916 INFO  ratis.XceiverServerRatis (XceiverServerRatis.java:newXceiverServerRatis(401)) - Found a free port for the server : 45565
2019-06-12 20:59:21,918 INFO  impl.RaftServerProxy (ConfUtils.java:logGet(43)) - raft.rpc.type = GRPC (default)
2019-06-12 20:59:21,918 INFO  grpc.GrpcConfigKeys$Server (ConfUtils.java:logGet(43)) - raft.grpc.server.port = 45565 (custom)
2019-06-12 20:59:21,918 INFO  server.GrpcService (ConfUtils.java:logGet(43)) - raft.grpc.message.size.max = 33570816 (custom)
2019-06-12 20:59:21,918 INFO  server.RaftServerConfigKeys (ConfUtils.java:logGet(43)) - raft.server.log.appender.buffer.byte-limit = 33554432 (custom)
2019-06-12 20:59:21,919 INFO  server.GrpcService (ConfUtils.java:logGet(43)) - raft.grpc.flow.control.window = 1MB (=1048576) (default)
2019-06-12 20:59:21,919 INFO  server.RaftServerConfigKeys (ConfUtils.java:logGet(43)) - raft.server.rpc.request.timeout = 3000ms (default)
2019-06-12 20:59:21,919 INFO  server.RaftServerConfigKeys (ConfUtils.java:logGet(43)) - raft.server.storage.dir = [/opt/src/hadoop-ozone/integration-test/target/test-dir/MiniOzoneClusterImpl-662cd06e-90be-4667-aa39-66a7bad7b745/datanode-6/data/ratis] (custom)
2019-06-12 20:59:21,920 INFO  server.XceiverServerGrpc (XceiverServerGrpc.java:<init>(97)) - Found a free port for the server : 36925
2019-06-12 20:59:21,920 INFO  replication.SimpleContainerDownloader (SimpleContainerDownloader.java:<init>(72)) - Starting container downloader service to copy containers to replicate.
2019-06-12 20:59:21,928 INFO  hdfs.DFSUtil (DFSUtil.java:httpServerTemplateForNNAndJN(1641)) - Starting Web-server for hddsDatanode at: http://0.0.0.0:0
2019-06-12 20:59:21,929 INFO  server.AuthenticationFilter (AuthenticationFilter.java:constructSecretProvider(240)) - Unable to initialize FileSignerSecretProvider, falling back to use random secrets.
2019-06-12 20:59:21,930 WARN  http.HttpRequestLog (HttpRequestLog.java:getRequestLog(97)) - Jetty request log can only be enabled using Log4j
2019-06-12 20:59:21,931 INFO  http.HttpServer2 (HttpServer2.java:addGlobalFilter(975)) - Added global filter 'safety' (class=org.apache.hadoop.http.HttpServer2$QuotingInputFilter)
2019-06-12 20:59:21,931 INFO  http.HttpServer2 (HttpServer2.java:addFilter(948)) - Added filter static_user_filter (class=org.apache.hadoop.http.lib.StaticUserWebFilter$StaticUserFilter) to context hddsDatanode
2019-06-12 20:59:21,932 INFO  http.HttpServer2 (HttpServer2.java:addFilter(958)) - Added filter static_user_filter (class=org.apache.hadoop.http.lib.StaticUserWebFilter$StaticUserFilter) to context logs
2019-06-12 20:59:21,932 INFO  http.HttpServer2 (HttpServer2.java:addFilter(958)) - Added filter static_user_filter (class=org.apache.hadoop.http.lib.StaticUserWebFilter$StaticUserFilter) to context static
2019-06-12 20:59:21,932 INFO  http.HttpServer2 (HttpServer2.java:bindListener(1191)) - Jetty bound to port 45845
2019-06-12 20:59:21,933 INFO  server.Server (Server.java:doStart(351)) - jetty-9.3.24.v20180605, build timestamp: 2018-06-05T17:11:56Z, git hash: 84205aa28f11a4f31f2a3b86d1bba2cc8ab69827
2019-06-12 20:59:21,936 INFO  handler.ContextHandler (ContextHandler.java:doStart(781)) - Started o.e.j.s.ServletContextHandler@34d3bfca{/logs,file:///opt/src/hadoop-ozone/integration-test/target/log,AVAILABLE}
2019-06-12 20:59:21,936 INFO  handler.ContextHandler (ContextHandler.java:doStart(781)) - Started o.e.j.s.ServletContextHandler@2484c868{/static,jar:file:/root/.m2/repository/org/apache/hadoop/hadoop-hdds-container-service/0.5.0-SNAPSHOT/hadoop-hdds-container-service-0.5.0-SNAPSHOT.jar!/webapps/static,AVAILABLE}
2019-06-12 20:59:21,962 INFO  handler.ContextHandler (ContextHandler.java:doStart(781)) - Started o.e.j.w.WebAppContext@59c00010{/,file:///tmp/jetty-0.0.0.0-45845-hddsDatanode-_-any-5282467135272746128.dir/webapp/,AVAILABLE}{/hddsDatanode}
2019-06-12 20:59:21,962 INFO  server.AbstractConnector (AbstractConnector.java:doStart(278)) - Started ServerConnector@244268a8{HTTP/1.1,[http/1.1]}{0.0.0.0:45845}
2019-06-12 20:59:21,963 INFO  server.Server (Server.java:doStart(419)) - Started @42128ms
2019-06-12 20:59:21,964 INFO  server.BaseHttpServer (BaseHttpServer.java:updateConnectorAddress(207)) - HTTP server of HDDSDATANODE is listening at http://0.0.0.0:45845
2019-06-12 20:59:22,065 INFO  ozone.HddsDatanodeService (HddsDatanodeService.java:startPlugins(396)) - Started plug-in org.apache.hadoop.ozone.web.OzoneHddsDatanodeService@4700963e
2019-06-12 20:59:22,066 INFO  ozone.MiniOzoneClusterImpl (MiniOzoneClusterImpl.java:lambda$waitForClusterToBeReady$0(142)) - Waiting for cluster to be ready. Got 0 of 7 DN Heartbeats.
2019-06-12 20:59:22,074 INFO  util.JvmPauseMonitor (JvmPauseMonitor.java:run(188)) - Starting JVM pause monitor
2019-06-12 20:59:22,075 INFO  datanode.InitDatanodeState (InitDatanodeState.java:persistContainerDatanodeDetails(140)) - DatanodeDetails is persisted to /opt/src/hadoop-ozone/integration-test/target/test-dir/MiniOzoneClusterImpl-662cd06e-90be-4667-aa39-66a7bad7b745/datanode-6/meta/datanode.id
2019-06-12 20:59:23,026 INFO  ozoneimpl.OzoneContainer (OzoneContainer.java:start(186)) - Attempting to start container services.
2019-06-12 20:59:23,026 INFO  ozoneimpl.OzoneContainer (OzoneContainer.java:startContainerScrub(160)) - Background container scrubber has been disabled by hdds.containerscrub.enabled
2019-06-12 20:59:23,026 INFO  ratis.XceiverServerRatis (XceiverServerRatis.java:start(418)) - Starting XceiverServerRatis 460e2dc4-d785-40fe-83e0-e12d10893b3d at port 38425
2019-06-12 20:59:23,048 INFO  impl.RaftServerProxy (RaftServerProxy.java:lambda$start$3(299)) - 460e2dc4-d785-40fe-83e0-e12d10893b3d: start RPC server
2019-06-12 20:59:23,049 INFO  server.GrpcService (GrpcService.java:startImpl(148)) - 460e2dc4-d785-40fe-83e0-e12d10893b3d: GrpcService started, listening on 0.0.0.0/0.0.0.0:38425
2019-06-12 20:59:23,066 INFO  ozone.MiniOzoneClusterImpl (MiniOzoneClusterImpl.java:lambda$waitForClusterToBeReady$0(142)) - Waiting for cluster to be ready. Got 0 of 7 DN Heartbeats.
2019-06-12 20:59:23,207 INFO  ozoneimpl.OzoneContainer (OzoneContainer.java:start(186)) - Attempting to start container services.
2019-06-12 20:59:23,208 INFO  ozoneimpl.OzoneContainer (OzoneContainer.java:startContainerScrub(160)) - Background container scrubber has been disabled by hdds.containerscrub.enabled
2019-06-12 20:59:23,208 INFO  ratis.XceiverServerRatis (XceiverServerRatis.java:start(418)) - Starting XceiverServerRatis dd3f3b49-f1f4-4661-93df-8c6d8c0e1a02 at port 36431
2019-06-12 20:59:23,231 INFO  impl.RaftServerProxy (RaftServerProxy.java:lambda$start$3(299)) - dd3f3b49-f1f4-4661-93df-8c6d8c0e1a02: start RPC server
2019-06-12 20:59:23,232 INFO  server.GrpcService (GrpcService.java:startImpl(148)) - dd3f3b49-f1f4-4661-93df-8c6d8c0e1a02: GrpcService started, listening on 0.0.0.0/0.0.0.0:36431
2019-06-12 20:59:23,374 INFO  ozoneimpl.OzoneContainer (OzoneContainer.java:start(186)) - Attempting to start container services.
2019-06-12 20:59:23,374 INFO  ozoneimpl.OzoneContainer (OzoneContainer.java:startContainerScrub(160)) - Background container scrubber has been disabled by hdds.containerscrub.enabled
2019-06-12 20:59:23,374 INFO  ratis.XceiverServerRatis (XceiverServerRatis.java:start(418)) - Starting XceiverServerRatis b64412d9-d7d0-40e0-9fbf-66bbf3ac4fdc at port 35453
2019-06-12 20:59:23,382 INFO  impl.RaftServerProxy (RaftServerProxy.java:lambda$start$3(299)) - b64412d9-d7d0-40e0-9fbf-66bbf3ac4fdc: start RPC server
2019-06-12 20:59:23,383 INFO  server.GrpcService (GrpcService.java:startImpl(148)) - b64412d9-d7d0-40e0-9fbf-66bbf3ac4fdc: GrpcService started, listening on 0.0.0.0/0.0.0.0:35453
2019-06-12 20:59:23,541 INFO  ozoneimpl.OzoneContainer (OzoneContainer.java:start(186)) - Attempting to start container services.
2019-06-12 20:59:23,541 INFO  ozoneimpl.OzoneContainer (OzoneContainer.java:startContainerScrub(160)) - Background container scrubber has been disabled by hdds.containerscrub.enabled
2019-06-12 20:59:23,541 INFO  ratis.XceiverServerRatis (XceiverServerRatis.java:start(418)) - Starting XceiverServerRatis 0db3e33a-947d-4e9b-8360-da6105f764ae at port 44077
2019-06-12 20:59:23,544 INFO  impl.RaftServerProxy (RaftServerProxy.java:lambda$start$3(299)) - 0db3e33a-947d-4e9b-8360-da6105f764ae: start RPC server
2019-06-12 20:59:23,549 INFO  server.GrpcService (GrpcService.java:startImpl(148)) - 0db3e33a-947d-4e9b-8360-da6105f764ae: GrpcService started, listening on 0.0.0.0/0.0.0.0:44077
2019-06-12 20:59:23,744 INFO  ozoneimpl.OzoneContainer (OzoneContainer.java:start(186)) - Attempting to start container services.
2019-06-12 20:59:23,745 INFO  ozoneimpl.OzoneContainer (OzoneContainer.java:startContainerScrub(160)) - Background container scrubber has been disabled by hdds.containerscrub.enabled
2019-06-12 20:59:23,745 INFO  ratis.XceiverServerRatis (XceiverServerRatis.java:start(418)) - Starting XceiverServerRatis fad3bd11-baf1-4357-bd05-a84b77a009dc at port 37031
2019-06-12 20:59:23,748 INFO  impl.RaftServerProxy (RaftServerProxy.java:lambda$start$3(299)) - fad3bd11-baf1-4357-bd05-a84b77a009dc: start RPC server
2019-06-12 20:59:23,749 INFO  server.GrpcService (GrpcService.java:startImpl(148)) - fad3bd11-baf1-4357-bd05-a84b77a009dc: GrpcService started, listening on 0.0.0.0/0.0.0.0:37031
2019-06-12 20:59:23,904 INFO  ozoneimpl.OzoneContainer (OzoneContainer.java:start(186)) - Attempting to start container services.
2019-06-12 20:59:23,904 INFO  ozoneimpl.OzoneContainer (OzoneContainer.java:startContainerScrub(160)) - Background container scrubber has been disabled by hdds.containerscrub.enabled
2019-06-12 20:59:23,904 INFO  ratis.XceiverServerRatis (XceiverServerRatis.java:start(418)) - Starting XceiverServerRatis 84878ea5-fe62-4064-bffc-3baef3bcb712 at port 40681
2019-06-12 20:59:23,908 INFO  impl.RaftServerProxy (RaftServerProxy.java:lambda$start$3(299)) - 84878ea5-fe62-4064-bffc-3baef3bcb712: start RPC server
2019-06-12 20:59:23,908 INFO  server.GrpcService (GrpcService.java:startImpl(148)) - 84878ea5-fe62-4064-bffc-3baef3bcb712: GrpcService started, listening on 0.0.0.0/0.0.0.0:40681
2019-06-12 20:59:24,066 INFO  ozone.MiniOzoneClusterImpl (MiniOzoneClusterImpl.java:lambda$waitForClusterToBeReady$0(142)) - Waiting for cluster to be ready. Got 0 of 7 DN Heartbeats.
2019-06-12 20:59:24,078 INFO  ozoneimpl.OzoneContainer (OzoneContainer.java:start(186)) - Attempting to start container services.
2019-06-12 20:59:24,078 INFO  ozoneimpl.OzoneContainer (OzoneContainer.java:startContainerScrub(160)) - Background container scrubber has been disabled by hdds.containerscrub.enabled
2019-06-12 20:59:24,078 INFO  ratis.XceiverServerRatis (XceiverServerRatis.java:start(418)) - Starting XceiverServerRatis 69f1fa07-9ea8-4df9-931f-cec33c9b995c at port 45565
2019-06-12 20:59:24,081 INFO  impl.RaftServerProxy (RaftServerProxy.java:lambda$start$3(299)) - 69f1fa07-9ea8-4df9-931f-cec33c9b995c: start RPC server
2019-06-12 20:59:24,082 INFO  server.GrpcService (GrpcService.java:startImpl(148)) - 69f1fa07-9ea8-4df9-931f-cec33c9b995c: GrpcService started, listening on 0.0.0.0/0.0.0.0:45565
2019-06-12 20:59:25,019 INFO  node.SCMNodeManager (SCMNodeManager.java:register(234)) - Registered Data node : 460e2dc4-d785-40fe-83e0-e12d10893b3d{ip: 192.168.19.5, host: ozone-kvdz9-1409474171, networkLocation: /default-rack, certSerialId: null}
2019-06-12 20:59:25,021 INFO  safemode.SCMSafeModeManager (DataNodeSafeModeRule.java:process(71)) - SCM in safe mode. 1 DataNodes registered, 1 required.
2019-06-12 20:59:25,024 INFO  safemode.SCMSafeModeManager (SCMSafeModeManager.java:validateSafeModeExitRules(177)) - ScmSafeModeManager, all rules are successfully validated
2019-06-12 20:59:25,024 INFO  safemode.SCMSafeModeManager (SCMSafeModeManager.java:exitSafeMode(193)) - SCM exiting safe mode.
2019-06-12 20:59:25,028 INFO  impl.RaftServerProxy (RaftServerProxy.java:addNew(89)) - 460e2dc4-d785-40fe-83e0-e12d10893b3d: addNew group-F7EB72BEC9FB:[460e2dc4-d785-40fe-83e0-e12d10893b3d:192.168.19.5:38425] returns group-F7EB72BEC9FB:java.util.concurrent.CompletableFuture@39386dba[Not completed]
2019-06-12 20:59:25,028 INFO  impl.RaftServerImpl (RaftServerImpl.java:<init>(91)) - 460e2dc4-d785-40fe-83e0-e12d10893b3d: new RaftServerImpl for group-F7EB72BEC9FB:[460e2dc4-d785-40fe-83e0-e12d10893b3d:192.168.19.5:38425] with ContainerStateMachine:uninitialized
2019-06-12 20:59:25,029 INFO  server.RaftServerConfigKeys (ConfUtils.java:logGet(43)) - raft.server.rpc.timeout.min = 1s (custom)
2019-06-12 20:59:25,029 INFO  server.RaftServerConfigKeys (ConfUtils.java:logGet(43)) - raft.server.rpc.timeout.max = 1200ms (custom)
2019-06-12 20:59:25,029 INFO  server.RaftServerConfigKeys (ConfUtils.java:logGet(43)) - raft.server.rpcslowness.timeout = 120s (custom)
2019-06-12 20:59:25,029 INFO  server.RaftServerConfigKeys (ConfUtils.java:logGet(43)) - raft.server.log.appender.install.snapshot.enabled = true (default)
2019-06-12 20:59:25,029 INFO  impl.RaftServerImpl (ServerState.java:<init>(101)) - 460e2dc4-d785-40fe-83e0-e12d10893b3d:group-F7EB72BEC9FB ConfigurationManager, init=-1: [460e2dc4-d785-40fe-83e0-e12d10893b3d:192.168.19.5:38425], old=null, confs=<EMPTY_MAP>
2019-06-12 20:59:25,029 INFO  server.RaftServerConfigKeys (ConfUtils.java:logGet(43)) - raft.server.storage.dir = [/opt/src/hadoop-ozone/integration-test/target/test-dir/MiniOzoneClusterImpl-662cd06e-90be-4667-aa39-66a7bad7b745/datanode-0/data/ratis] (custom)
2019-06-12 20:59:25,029 INFO  storage.RaftStorageDirectory (RaftStorageDirectory.java:analyzeStorage(246)) - The storage directory /opt/src/hadoop-ozone/integration-test/target/test-dir/MiniOzoneClusterImpl-662cd06e-90be-4667-aa39-66a7bad7b745/datanode-0/data/ratis/5a2d6743-f7a7-499d-bc13-f7eb72bec9fb does not exist. Creating ...
2019-06-12 20:59:25,032 INFO  storage.RaftStorageDirectory (RaftStorageDirectory.java:tryLock(328)) - Lock on /opt/src/hadoop-ozone/integration-test/target/test-dir/MiniOzoneClusterImpl-662cd06e-90be-4667-aa39-66a7bad7b745/datanode-0/data/ratis/5a2d6743-f7a7-499d-bc13-f7eb72bec9fb/in_use.lock acquired by nodename 20532@ozone-kvdz9-1409474171
2019-06-12 20:59:25,034 INFO  storage.RaftStorage (RaftStorage.java:format(75)) - Storage directory /opt/src/hadoop-ozone/integration-test/target/test-dir/MiniOzoneClusterImpl-662cd06e-90be-4667-aa39-66a7bad7b745/datanode-0/data/ratis/5a2d6743-f7a7-499d-bc13-f7eb72bec9fb has been successfully formatted.
2019-06-12 20:59:25,034 INFO  ratis.ContainerStateMachine (ContainerStateMachine.java:loadSnapshot(199)) - The snapshot info is null.Setting the last applied index to:(t:0, i:~)
2019-06-12 20:59:25,035 INFO  server.RaftServerConfigKeys (ConfUtils.java:logGet(43)) - raft.server.leader.election.timeout = 120s (custom)
2019-06-12 20:59:25,035 INFO  server.RaftServerConfigKeys (ConfUtils.java:logGet(43)) - raft.server.log.use.memory = false (default)
2019-06-12 20:59:25,035 INFO  server.RaftServerConfigKeys (ConfUtils.java:logGet(43)) - raft.server.log.appender.buffer.byte-limit = 33554432 (custom)
2019-06-12 20:59:25,035 INFO  server.RaftServerConfigKeys (ConfUtils.java:logGet(43)) - raft.server.log.segment.size.max = 16384 (custom)
2019-06-12 20:59:25,035 INFO  server.RaftServerConfigKeys (ConfUtils.java:logGet(43)) - raft.server.log.segment.cache.num.max = 2 (custom)
2019-06-12 20:59:25,035 INFO  storage.RaftLogWorker (RaftLogWorker.java:<init>(123)) - new 460e2dc4-d785-40fe-83e0-e12d10893b3d-RaftLogWorker for Storage Directory /opt/src/hadoop-ozone/integration-test/target/test-dir/MiniOzoneClusterImpl-662cd06e-90be-4667-aa39-66a7bad7b745/datanode-0/data/ratis/5a2d6743-f7a7-499d-bc13-f7eb72bec9fb
2019-06-12 20:59:25,035 INFO  server.RaftServerConfigKeys (ConfUtils.java:logGet(43)) - raft.server.log.queue.byte-limit = 2147483647 (custom)
2019-06-12 20:59:25,035 INFO  server.RaftServerConfigKeys (ConfUtils.java:logGet(43)) - raft.server.log.queue.element-limit = 1024 (custom)
2019-06-12 20:59:25,035 INFO  server.RaftServerConfigKeys (ConfUtils.java:logGet(43)) - raft.server.log.segment.size.max = 16384 (custom)
2019-06-12 20:59:25,035 INFO  server.RaftServerConfigKeys (ConfUtils.java:logGet(43)) - raft.server.log.preallocated.size = 16384 (custom)
2019-06-12 20:59:25,035 INFO  server.RaftServerConfigKeys (ConfUtils.java:logGet(43)) - raft.server.log.write.buffer.size = 33554432 (custom)
2019-06-12 20:59:25,035 INFO  server.RaftServerConfigKeys (ConfUtils.java:logGet(43)) - raft.server.log.force.sync.num = 128 (default)
2019-06-12 20:59:25,036 INFO  server.RaftServerConfigKeys (ConfUtils.java:logGet(43)) - raft.server.log.statemachine.data.sync = true (default)
2019-06-12 20:59:25,036 INFO  server.RaftServerConfigKeys (ConfUtils.java:logGet(43)) - raft.server.log.statemachine.data.sync.timeout = 10s (default)
2019-06-12 20:59:25,036 INFO  server.RaftServerConfigKeys (ConfUtils.java:logGet(43)) - raft.server.log.statemachine.data.sync.timeout.retry = -1 (default)
2019-06-12 20:59:25,036 INFO  server.RaftServerConfigKeys (ConfUtils.java:logGet(43)) - raft.server.log.statemachine.data.caching.enabled = true (custom)
2019-06-12 20:59:25,036 INFO  server.RaftServerConfigKeys (ConfUtils.java:logGet(43)) - raft.server.snapshot.auto.trigger.enabled = true (custom)
2019-06-12 20:59:25,036 INFO  server.RaftServerConfigKeys (ConfUtils.java:logGet(43)) - raft.server.snapshot.auto.trigger.threshold = 10000 (custom)
2019-06-12 20:59:25,037 INFO  server.RaftServerConfigKeys (ConfUtils.java:logGet(43)) - raft.server.retrycache.expirytime = 600000ms (custom)
2019-06-12 20:59:25,037 INFO  impl.RaftServerImpl (RaftServerImpl.java:start(173)) - 460e2dc4-d785-40fe-83e0-e12d10893b3d: start group-F7EB72BEC9FB
2019-06-12 20:59:25,037 INFO  impl.RaftServerImpl (RaftServerImpl.java:setRole(164)) - 460e2dc4-d785-40fe-83e0-e12d10893b3d:group-F7EB72BEC9FB changes role from null to FOLLOWER at term 0 for startAsFollower
2019-06-12 20:59:25,037 INFO  impl.RoleInfo (RoleInfo.java:updateAndGet(143)) - 460e2dc4-d785-40fe-83e0-e12d10893b3d: start FollowerState
2019-06-12 20:59:25,037 INFO  util.JmxRegister (JmxRegister.java:tryRegister(44)) - Successfully registered JMX Bean with object name Ratis:service=RaftServer,group=group-F7EB72BEC9FB,id=460e2dc4-d785-40fe-83e0-e12d10893b3d
2019-06-12 20:59:25,039 INFO  pipeline.PipelineStateManager (PipelineStateManager.java:addPipeline(56)) - Created pipeline Pipeline[ Id: 5a2d6743-f7a7-499d-bc13-f7eb72bec9fb, Nodes: 460e2dc4-d785-40fe-83e0-e12d10893b3d{ip: 192.168.19.5, host: ozone-kvdz9-1409474171, networkLocation: /default-rack, certSerialId: null}, Type:RATIS, Factor:ONE, State:OPEN]
2019-06-12 20:59:25,067 INFO  ozone.MiniOzoneClusterImpl (MiniOzoneClusterImpl.java:lambda$waitForClusterToBeReady$0(142)) - Waiting for cluster to be ready. Got 1 of 7 DN Heartbeats.
2019-06-12 20:59:25,203 INFO  node.SCMNodeManager (SCMNodeManager.java:register(234)) - Registered Data node : dd3f3b49-f1f4-4661-93df-8c6d8c0e1a02{ip: 192.168.19.5, host: ozone-kvdz9-1409474171, networkLocation: /default-rack, certSerialId: null}
2019-06-12 20:59:25,215 INFO  impl.RaftServerProxy (RaftServerProxy.java:addNew(89)) - dd3f3b49-f1f4-4661-93df-8c6d8c0e1a02: addNew group-4A68E4368407:[dd3f3b49-f1f4-4661-93df-8c6d8c0e1a02:192.168.19.5:36431] returns group-4A68E4368407:java.util.concurrent.CompletableFuture@62e61fab[Not completed]
2019-06-12 20:59:25,215 INFO  impl.RaftServerImpl (RaftServerImpl.java:<init>(91)) - dd3f3b49-f1f4-4661-93df-8c6d8c0e1a02: new RaftServerImpl for group-4A68E4368407:[dd3f3b49-f1f4-4661-93df-8c6d8c0e1a02:192.168.19.5:36431] with ContainerStateMachine:uninitialized
2019-06-12 20:59:25,215 INFO  server.RaftServerConfigKeys (ConfUtils.java:logGet(43)) - raft.server.rpc.timeout.min = 1s (custom)
2019-06-12 20:59:25,216 INFO  server.RaftServerConfigKeys (ConfUtils.java:logGet(43)) - raft.server.rpc.timeout.max = 1200ms (custom)
2019-06-12 20:59:25,216 INFO  server.RaftServerConfigKeys (ConfUtils.java:logGet(43)) - raft.server.rpcslowness.timeout = 120s (custom)
2019-06-12 20:59:25,216 INFO  server.RaftServerConfigKeys (ConfUtils.java:logGet(43)) - raft.server.log.appender.install.snapshot.enabled = true (default)
2019-06-12 20:59:25,216 INFO  impl.RaftServerImpl (ServerState.java:<init>(101)) - dd3f3b49-f1f4-4661-93df-8c6d8c0e1a02:group-4A68E4368407 ConfigurationManager, init=-1: [dd3f3b49-f1f4-4661-93df-8c6d8c0e1a02:192.168.19.5:36431], old=null, confs=<EMPTY_MAP>
2019-06-12 20:59:25,216 INFO  server.RaftServerConfigKeys (ConfUtils.java:logGet(43)) - raft.server.storage.dir = [/opt/src/hadoop-ozone/integration-test/target/test-dir/MiniOzoneClusterImpl-662cd06e-90be-4667-aa39-66a7bad7b745/datanode-1/data/ratis] (custom)
2019-06-12 20:59:25,216 INFO  storage.RaftStorageDirectory (RaftStorageDirectory.java:analyzeStorage(246)) - The storage directory /opt/src/hadoop-ozone/integration-test/target/test-dir/MiniOzoneClusterImpl-662cd06e-90be-4667-aa39-66a7bad7b745/datanode-1/data/ratis/ec97aa42-35ee-4827-bde3-4a68e4368407 does not exist. Creating ...
2019-06-12 20:59:25,218 INFO  storage.RaftStorageDirectory (RaftStorageDirectory.java:tryLock(328)) - Lock on /opt/src/hadoop-ozone/integration-test/target/test-dir/MiniOzoneClusterImpl-662cd06e-90be-4667-aa39-66a7bad7b745/datanode-1/data/ratis/ec97aa42-35ee-4827-bde3-4a68e4368407/in_use.lock acquired by nodename 20532@ozone-kvdz9-1409474171
2019-06-12 20:59:25,220 INFO  storage.RaftStorage (RaftStorage.java:format(75)) - Storage directory /opt/src/hadoop-ozone/integration-test/target/test-dir/MiniOzoneClusterImpl-662cd06e-90be-4667-aa39-66a7bad7b745/datanode-1/data/ratis/ec97aa42-35ee-4827-bde3-4a68e4368407 has been successfully formatted.
2019-06-12 20:59:25,220 INFO  ratis.ContainerStateMachine (ContainerStateMachine.java:loadSnapshot(199)) - The snapshot info is null.Setting the last applied index to:(t:0, i:~)
2019-06-12 20:59:25,220 INFO  server.RaftServerConfigKeys (ConfUtils.java:logGet(43)) - raft.server.leader.election.timeout = 120s (custom)
2019-06-12 20:59:25,220 INFO  server.RaftServerConfigKeys (ConfUtils.java:logGet(43)) - raft.server.log.use.memory = false (default)
2019-06-12 20:59:25,220 INFO  server.RaftServerConfigKeys (ConfUtils.java:logGet(43)) - raft.server.log.appender.buffer.byte-limit = 33554432 (custom)
2019-06-12 20:59:25,220 INFO  server.RaftServerConfigKeys (ConfUtils.java:logGet(43)) - raft.server.log.segment.size.max = 16384 (custom)
2019-06-12 20:59:25,221 INFO  server.RaftServerConfigKeys (ConfUtils.java:logGet(43)) - raft.server.log.segment.cache.num.max = 2 (custom)
2019-06-12 20:59:25,221 INFO  storage.RaftLogWorker (RaftLogWorker.java:<init>(123)) - new dd3f3b49-f1f4-4661-93df-8c6d8c0e1a02-RaftLogWorker for Storage Directory /opt/src/hadoop-ozone/integration-test/target/test-dir/MiniOzoneClusterImpl-662cd06e-90be-4667-aa39-66a7bad7b745/datanode-1/data/ratis/ec97aa42-35ee-4827-bde3-4a68e4368407
2019-06-12 20:59:25,221 INFO  server.RaftServerConfigKeys (ConfUtils.java:logGet(43)) - raft.server.log.queue.byte-limit = 2147483647 (custom)
2019-06-12 20:59:25,221 INFO  server.RaftServerConfigKeys (ConfUtils.java:logGet(43)) - raft.server.log.queue.element-limit = 1024 (custom)
2019-06-12 20:59:25,221 INFO  server.RaftServerConfigKeys (ConfUtils.java:logGet(43)) - raft.server.log.segment.size.max = 16384 (custom)
2019-06-12 20:59:25,221 INFO  server.RaftServerConfigKeys (ConfUtils.java:logGet(43)) - raft.server.log.preallocated.size = 16384 (custom)
2019-06-12 20:59:25,221 INFO  server.RaftServerConfigKeys (ConfUtils.java:logGet(43)) - raft.server.log.write.buffer.size = 33554432 (custom)
2019-06-12 20:59:25,221 INFO  server.RaftServerConfigKeys (ConfUtils.java:logGet(43)) - raft.server.log.force.sync.num = 128 (default)
2019-06-12 20:59:25,221 INFO  server.RaftServerConfigKeys (ConfUtils.java:logGet(43)) - raft.server.log.statemachine.data.sync = true (default)
2019-06-12 20:59:25,221 INFO  server.RaftServerConfigKeys (ConfUtils.java:logGet(43)) - raft.server.log.statemachine.data.sync.timeout = 10s (default)
2019-06-12 20:59:25,221 INFO  server.RaftServerConfigKeys (ConfUtils.java:logGet(43)) - raft.server.log.statemachine.data.sync.timeout.retry = -1 (default)
2019-06-12 20:59:25,221 INFO  server.RaftServerConfigKeys (ConfUtils.java:logGet(43)) - raft.server.log.statemachine.data.caching.enabled = true (custom)
2019-06-12 20:59:25,222 INFO  server.RaftServerConfigKeys (ConfUtils.java:logGet(43)) - raft.server.snapshot.auto.trigger.enabled = true (custom)
2019-06-12 20:59:25,222 INFO  server.RaftServerConfigKeys (ConfUtils.java:logGet(43)) - raft.server.snapshot.auto.trigger.threshold = 10000 (custom)
2019-06-12 20:59:25,222 INFO  server.RaftServerConfigKeys (ConfUtils.java:logGet(43)) - raft.server.retrycache.expirytime = 600000ms (custom)
2019-06-12 20:59:25,222 INFO  impl.RaftServerImpl (RaftServerImpl.java:start(173)) - dd3f3b49-f1f4-4661-93df-8c6d8c0e1a02: start group-4A68E4368407
2019-06-12 20:59:25,222 INFO  impl.RaftServerImpl (RaftServerImpl.java:setRole(164)) - dd3f3b49-f1f4-4661-93df-8c6d8c0e1a02:group-4A68E4368407 changes role from null to FOLLOWER at term 0 for startAsFollower
2019-06-12 20:59:25,222 INFO  impl.RoleInfo (RoleInfo.java:updateAndGet(143)) - dd3f3b49-f1f4-4661-93df-8c6d8c0e1a02: start FollowerState
2019-06-12 20:59:25,222 INFO  util.JmxRegister (JmxRegister.java:tryRegister(44)) - Successfully registered JMX Bean with object name Ratis:service=RaftServer,group=group-4A68E4368407,id=dd3f3b49-f1f4-4661-93df-8c6d8c0e1a02
2019-06-12 20:59:25,224 INFO  pipeline.PipelineStateManager (PipelineStateManager.java:addPipeline(56)) - Created pipeline Pipeline[ Id: ec97aa42-35ee-4827-bde3-4a68e4368407, Nodes: dd3f3b49-f1f4-4661-93df-8c6d8c0e1a02{ip: 192.168.19.5, host: ozone-kvdz9-1409474171, networkLocation: /default-rack, certSerialId: null}, Type:RATIS, Factor:ONE, State:OPEN]
2019-06-12 20:59:25,369 INFO  node.SCMNodeManager (SCMNodeManager.java:register(234)) - Registered Data node : b64412d9-d7d0-40e0-9fbf-66bbf3ac4fdc{ip: 192.168.19.5, host: ozone-kvdz9-1409474171, networkLocation: /default-rack, certSerialId: null}
2019-06-12 20:59:25,376 INFO  impl.RaftServerProxy (RaftServerProxy.java:addNew(89)) - b64412d9-d7d0-40e0-9fbf-66bbf3ac4fdc: addNew group-D1B758DD5278:[b64412d9-d7d0-40e0-9fbf-66bbf3ac4fdc:192.168.19.5:35453] returns group-D1B758DD5278:java.util.concurrent.CompletableFuture@208db7bf[Not completed]
2019-06-12 20:59:25,376 INFO  impl.RaftServerImpl (RaftServerImpl.java:<init>(91)) - b64412d9-d7d0-40e0-9fbf-66bbf3ac4fdc: new RaftServerImpl for group-D1B758DD5278:[b64412d9-d7d0-40e0-9fbf-66bbf3ac4fdc:192.168.19.5:35453] with ContainerStateMachine:uninitialized
2019-06-12 20:59:25,377 INFO  server.RaftServerConfigKeys (ConfUtils.java:logGet(43)) - raft.server.rpc.timeout.min = 1s (custom)
2019-06-12 20:59:25,377 INFO  server.RaftServerConfigKeys (ConfUtils.java:logGet(43)) - raft.server.rpc.timeout.max = 1200ms (custom)
2019-06-12 20:59:25,377 INFO  server.RaftServerConfigKeys (ConfUtils.java:logGet(43)) - raft.server.rpcslowness.timeout = 120s (custom)
2019-06-12 20:59:25,377 INFO  server.RaftServerConfigKeys (ConfUtils.java:logGet(43)) - raft.server.log.appender.install.snapshot.enabled = true (default)
2019-06-12 20:59:25,377 INFO  impl.RaftServerImpl (ServerState.java:<init>(101)) - b64412d9-d7d0-40e0-9fbf-66bbf3ac4fdc:group-D1B758DD5278 ConfigurationManager, init=-1: [b64412d9-d7d0-40e0-9fbf-66bbf3ac4fdc:192.168.19.5:35453], old=null, confs=<EMPTY_MAP>
2019-06-12 20:59:25,377 INFO  server.RaftServerConfigKeys (ConfUtils.java:logGet(43)) - raft.server.storage.dir = [/opt/src/hadoop-ozone/integration-test/target/test-dir/MiniOzoneClusterImpl-662cd06e-90be-4667-aa39-66a7bad7b745/datanode-2/data/ratis] (custom)
2019-06-12 20:59:25,377 INFO  storage.RaftStorageDirectory (RaftStorageDirectory.java:analyzeStorage(246)) - The storage directory /opt/src/hadoop-ozone/integration-test/target/test-dir/MiniOzoneClusterImpl-662cd06e-90be-4667-aa39-66a7bad7b745/datanode-2/data/ratis/2c40cce5-4c4f-4b66-8484-d1b758dd5278 does not exist. Creating ...
2019-06-12 20:59:25,379 INFO  storage.RaftStorageDirectory (RaftStorageDirectory.java:tryLock(328)) - Lock on /opt/src/hadoop-ozone/integration-test/target/test-dir/MiniOzoneClusterImpl-662cd06e-90be-4667-aa39-66a7bad7b745/datanode-2/data/ratis/2c40cce5-4c4f-4b66-8484-d1b758dd5278/in_use.lock acquired by nodename 20532@ozone-kvdz9-1409474171
2019-06-12 20:59:25,381 INFO  storage.RaftStorage (RaftStorage.java:format(75)) - Storage directory /opt/src/hadoop-ozone/integration-test/target/test-dir/MiniOzoneClusterImpl-662cd06e-90be-4667-aa39-66a7bad7b745/datanode-2/data/ratis/2c40cce5-4c4f-4b66-8484-d1b758dd5278 has been successfully formatted.
2019-06-12 20:59:25,382 INFO  ratis.ContainerStateMachine (ContainerStateMachine.java:loadSnapshot(199)) - The snapshot info is null.Setting the last applied index to:(t:0, i:~)
2019-06-12 20:59:25,382 INFO  server.RaftServerConfigKeys (ConfUtils.java:logGet(43)) - raft.server.leader.election.timeout = 120s (custom)
2019-06-12 20:59:25,382 INFO  server.RaftServerConfigKeys (ConfUtils.java:logGet(43)) - raft.server.log.use.memory = false (default)
2019-06-12 20:59:25,382 INFO  server.RaftServerConfigKeys (ConfUtils.java:logGet(43)) - raft.server.log.appender.buffer.byte-limit = 33554432 (custom)
2019-06-12 20:59:25,382 INFO  server.RaftServerConfigKeys (ConfUtils.java:logGet(43)) - raft.server.log.segment.size.max = 16384 (custom)
2019-06-12 20:59:25,382 INFO  server.RaftServerConfigKeys (ConfUtils.java:logGet(43)) - raft.server.log.segment.cache.num.max = 2 (custom)
2019-06-12 20:59:25,382 INFO  storage.RaftLogWorker (RaftLogWorker.java:<init>(123)) - new b64412d9-d7d0-40e0-9fbf-66bbf3ac4fdc-RaftLogWorker for Storage Directory /opt/src/hadoop-ozone/integration-test/target/test-dir/MiniOzoneClusterImpl-662cd06e-90be-4667-aa39-66a7bad7b745/datanode-2/data/ratis/2c40cce5-4c4f-4b66-8484-d1b758dd5278
2019-06-12 20:59:25,382 INFO  server.RaftServerConfigKeys (ConfUtils.java:logGet(43)) - raft.server.log.queue.byte-limit = 2147483647 (custom)
2019-06-12 20:59:25,382 INFO  server.RaftServerConfigKeys (ConfUtils.java:logGet(43)) - raft.server.log.queue.element-limit = 1024 (custom)
2019-06-12 20:59:25,382 INFO  server.RaftServerConfigKeys (ConfUtils.java:logGet(43)) - raft.server.log.segment.size.max = 16384 (custom)
2019-06-12 20:59:25,382 INFO  server.RaftServerConfigKeys (ConfUtils.java:logGet(43)) - raft.server.log.preallocated.size = 16384 (custom)
2019-06-12 20:59:25,382 INFO  server.RaftServerConfigKeys (ConfUtils.java:logGet(43)) - raft.server.log.write.buffer.size = 33554432 (custom)
2019-06-12 20:59:25,382 INFO  server.RaftServerConfigKeys (ConfUtils.java:logGet(43)) - raft.server.log.force.sync.num = 128 (default)
2019-06-12 20:59:25,382 INFO  server.RaftServerConfigKeys (ConfUtils.java:logGet(43)) - raft.server.log.statemachine.data.sync = true (default)
2019-06-12 20:59:25,382 INFO  server.RaftServerConfigKeys (ConfUtils.java:logGet(43)) - raft.server.log.statemachine.data.sync.timeout = 10s (default)
2019-06-12 20:59:25,383 INFO  server.RaftServerConfigKeys (ConfUtils.java:logGet(43)) - raft.server.log.statemachine.data.sync.timeout.retry = -1 (default)
2019-06-12 20:59:25,383 INFO  server.RaftServerConfigKeys (ConfUtils.java:logGet(43)) - raft.server.log.statemachine.data.caching.enabled = true (custom)
2019-06-12 20:59:25,383 INFO  server.RaftServerConfigKeys (ConfUtils.java:logGet(43)) - raft.server.snapshot.auto.trigger.enabled = true (custom)
2019-06-12 20:59:25,383 INFO  server.RaftServerConfigKeys (ConfUtils.java:logGet(43)) - raft.server.snapshot.auto.trigger.threshold = 10000 (custom)
2019-06-12 20:59:25,383 INFO  server.RaftServerConfigKeys (ConfUtils.java:logGet(43)) - raft.server.retrycache.expirytime = 600000ms (custom)
2019-06-12 20:59:25,383 INFO  impl.RaftServerImpl (RaftServerImpl.java:start(173)) - b64412d9-d7d0-40e0-9fbf-66bbf3ac4fdc: start group-D1B758DD5278
2019-06-12 20:59:25,383 INFO  impl.RaftServerImpl (RaftServerImpl.java:setRole(164)) - b64412d9-d7d0-40e0-9fbf-66bbf3ac4fdc:group-D1B758DD5278 changes role from null to FOLLOWER at term 0 for startAsFollower
2019-06-12 20:59:25,383 INFO  impl.RoleInfo (RoleInfo.java:updateAndGet(143)) - b64412d9-d7d0-40e0-9fbf-66bbf3ac4fdc: start FollowerState
2019-06-12 20:59:25,384 INFO  util.JmxRegister (JmxRegister.java:tryRegister(44)) - Successfully registered JMX Bean with object name Ratis:service=RaftServer,group=group-D1B758DD5278,id=b64412d9-d7d0-40e0-9fbf-66bbf3ac4fdc
2019-06-12 20:59:25,385 INFO  pipeline.PipelineStateManager (PipelineStateManager.java:addPipeline(56)) - Created pipeline Pipeline[ Id: 2c40cce5-4c4f-4b66-8484-d1b758dd5278, Nodes: b64412d9-d7d0-40e0-9fbf-66bbf3ac4fdc{ip: 192.168.19.5, host: ozone-kvdz9-1409474171, networkLocation: /default-rack, certSerialId: null}, Type:RATIS, Factor:ONE, State:OPEN]
2019-06-12 20:59:25,397 INFO  impl.RaftServerProxy (RaftServerProxy.java:addNew(89)) - b64412d9-d7d0-40e0-9fbf-66bbf3ac4fdc: addNew group-D34404557330:[dd3f3b49-f1f4-4661-93df-8c6d8c0e1a02:192.168.19.5:36431, 460e2dc4-d785-40fe-83e0-e12d10893b3d:192.168.19.5:38425, b64412d9-d7d0-40e0-9fbf-66bbf3ac4fdc:192.168.19.5:35453] returns group-D34404557330:java.util.concurrent.CompletableFuture@53b00cf3[Not completed]
2019-06-12 20:59:25,399 INFO  impl.RaftServerProxy (RaftServerProxy.java:addNew(89)) - 460e2dc4-d785-40fe-83e0-e12d10893b3d: addNew group-D34404557330:[dd3f3b49-f1f4-4661-93df-8c6d8c0e1a02:192.168.19.5:36431, 460e2dc4-d785-40fe-83e0-e12d10893b3d:192.168.19.5:38425, b64412d9-d7d0-40e0-9fbf-66bbf3ac4fdc:192.168.19.5:35453] returns group-D34404557330:java.util.concurrent.CompletableFuture@1ecd7975[Not completed]
2019-06-12 20:59:25,399 INFO  impl.RaftServerImpl (RaftServerImpl.java:<init>(91)) - b64412d9-d7d0-40e0-9fbf-66bbf3ac4fdc: new RaftServerImpl for group-D34404557330:[dd3f3b49-f1f4-4661-93df-8c6d8c0e1a02:192.168.19.5:36431, 460e2dc4-d785-40fe-83e0-e12d10893b3d:192.168.19.5:38425, b64412d9-d7d0-40e0-9fbf-66bbf3ac4fdc:192.168.19.5:35453] with ContainerStateMachine:uninitialized
2019-06-12 20:59:25,399 INFO  server.RaftServerConfigKeys (ConfUtils.java:logGet(43)) - raft.server.rpc.timeout.min = 1s (custom)
2019-06-12 20:59:25,399 INFO  server.RaftServerConfigKeys (ConfUtils.java:logGet(43)) - raft.server.rpc.timeout.max = 1200ms (custom)
2019-06-12 20:59:25,399 INFO  server.RaftServerConfigKeys (ConfUtils.java:logGet(43)) - raft.server.rpcslowness.timeout = 120s (custom)
2019-06-12 20:59:25,399 INFO  server.RaftServerConfigKeys (ConfUtils.java:logGet(43)) - raft.server.log.appender.install.snapshot.enabled = true (default)
2019-06-12 20:59:25,399 INFO  impl.RaftServerImpl (ServerState.java:<init>(101)) - b64412d9-d7d0-40e0-9fbf-66bbf3ac4fdc:group-D34404557330 ConfigurationManager, init=-1: [dd3f3b49-f1f4-4661-93df-8c6d8c0e1a02:192.168.19.5:36431, 460e2dc4-d785-40fe-83e0-e12d10893b3d:192.168.19.5:38425, b64412d9-d7d0-40e0-9fbf-66bbf3ac4fdc:192.168.19.5:35453], old=null, confs=<EMPTY_MAP>
2019-06-12 20:59:25,400 INFO  server.RaftServerConfigKeys (ConfUtils.java:logGet(43)) - raft.server.storage.dir = [/opt/src/hadoop-ozone/integration-test/target/test-dir/MiniOzoneClusterImpl-662cd06e-90be-4667-aa39-66a7bad7b745/datanode-2/data/ratis] (custom)
2019-06-12 20:59:25,400 INFO  storage.RaftStorageDirectory (RaftStorageDirectory.java:analyzeStorage(246)) - The storage directory /opt/src/hadoop-ozone/integration-test/target/test-dir/MiniOzoneClusterImpl-662cd06e-90be-4667-aa39-66a7bad7b745/datanode-2/data/ratis/818aac86-938d-4d03-a1bd-d34404557330 does not exist. Creating ...
2019-06-12 20:59:25,399 INFO  impl.RaftServerImpl (RaftServerImpl.java:<init>(91)) - 460e2dc4-d785-40fe-83e0-e12d10893b3d: new RaftServerImpl for group-D34404557330:[dd3f3b49-f1f4-4661-93df-8c6d8c0e1a02:192.168.19.5:36431, 460e2dc4-d785-40fe-83e0-e12d10893b3d:192.168.19.5:38425, b64412d9-d7d0-40e0-9fbf-66bbf3ac4fdc:192.168.19.5:35453] with ContainerStateMachine:uninitialized
2019-06-12 20:59:25,400 INFO  server.RaftServerConfigKeys (ConfUtils.java:logGet(43)) - raft.server.rpc.timeout.min = 1s (custom)
2019-06-12 20:59:25,400 INFO  server.RaftServerConfigKeys (ConfUtils.java:logGet(43)) - raft.server.rpc.timeout.max = 1200ms (custom)
2019-06-12 20:59:25,401 INFO  server.RaftServerConfigKeys (ConfUtils.java:logGet(43)) - raft.server.rpcslowness.timeout = 120s (custom)
2019-06-12 20:59:25,401 INFO  impl.RaftServerProxy (RaftServerProxy.java:addNew(89)) - dd3f3b49-f1f4-4661-93df-8c6d8c0e1a02: addNew group-D34404557330:[dd3f3b49-f1f4-4661-93df-8c6d8c0e1a02:192.168.19.5:36431, 460e2dc4-d785-40fe-83e0-e12d10893b3d:192.168.19.5:38425, b64412d9-d7d0-40e0-9fbf-66bbf3ac4fdc:192.168.19.5:35453] returns group-D34404557330:java.util.concurrent.CompletableFuture@4b26bb11[Not completed]
2019-06-12 20:59:25,401 INFO  server.RaftServerConfigKeys (ConfUtils.java:logGet(43)) - raft.server.log.appender.install.snapshot.enabled = true (default)
2019-06-12 20:59:25,401 INFO  impl.RaftServerImpl (ServerState.java:<init>(101)) - 460e2dc4-d785-40fe-83e0-e12d10893b3d:group-D34404557330 ConfigurationManager, init=-1: [dd3f3b49-f1f4-4661-93df-8c6d8c0e1a02:192.168.19.5:36431, 460e2dc4-d785-40fe-83e0-e12d10893b3d:192.168.19.5:38425, b64412d9-d7d0-40e0-9fbf-66bbf3ac4fdc:192.168.19.5:35453], old=null, confs=<EMPTY_MAP>
2019-06-12 20:59:25,401 INFO  server.RaftServerConfigKeys (ConfUtils.java:logGet(43)) - raft.server.storage.dir = [/opt/src/hadoop-ozone/integration-test/target/test-dir/MiniOzoneClusterImpl-662cd06e-90be-4667-aa39-66a7bad7b745/datanode-0/data/ratis] (custom)
2019-06-12 20:59:25,401 INFO  impl.RaftServerImpl (RaftServerImpl.java:<init>(91)) - dd3f3b49-f1f4-4661-93df-8c6d8c0e1a02: new RaftServerImpl for group-D34404557330:[dd3f3b49-f1f4-4661-93df-8c6d8c0e1a02:192.168.19.5:36431, 460e2dc4-d785-40fe-83e0-e12d10893b3d:192.168.19.5:38425, b64412d9-d7d0-40e0-9fbf-66bbf3ac4fdc:192.168.19.5:35453] with ContainerStateMachine:uninitialized
2019-06-12 20:59:25,401 INFO  server.RaftServerConfigKeys (ConfUtils.java:logGet(43)) - raft.server.rpc.timeout.min = 1s (custom)
2019-06-12 20:59:25,401 INFO  storage.RaftStorageDirectory (RaftStorageDirectory.java:analyzeStorage(246)) - The storage directory /opt/src/hadoop-ozone/integration-test/target/test-dir/MiniOzoneClusterImpl-662cd06e-90be-4667-aa39-66a7bad7b745/datanode-0/data/ratis/818aac86-938d-4d03-a1bd-d34404557330 does not exist. Creating ...
2019-06-12 20:59:25,401 INFO  server.RaftServerConfigKeys (ConfUtils.java:logGet(43)) - raft.server.rpc.timeout.max = 1200ms (custom)
2019-06-12 20:59:25,401 INFO  server.RaftServerConfigKeys (ConfUtils.java:logGet(43)) - raft.server.rpcslowness.timeout = 120s (custom)
2019-06-12 20:59:25,401 INFO  server.RaftServerConfigKeys (ConfUtils.java:logGet(43)) - raft.server.log.appender.install.snapshot.enabled = true (default)
2019-06-12 20:59:25,402 INFO  impl.RaftServerImpl (ServerState.java:<init>(101)) - dd3f3b49-f1f4-4661-93df-8c6d8c0e1a02:group-D34404557330 ConfigurationManager, init=-1: [dd3f3b49-f1f4-4661-93df-8c6d8c0e1a02:192.168.19.5:36431, 460e2dc4-d785-40fe-83e0-e12d10893b3d:192.168.19.5:38425, b64412d9-d7d0-40e0-9fbf-66bbf3ac4fdc:192.168.19.5:35453], old=null, confs=<EMPTY_MAP>
2019-06-12 20:59:25,402 INFO  server.RaftServerConfigKeys (ConfUtils.java:logGet(43)) - raft.server.storage.dir = [/opt/src/hadoop-ozone/integration-test/target/test-dir/MiniOzoneClusterImpl-662cd06e-90be-4667-aa39-66a7bad7b745/datanode-1/data/ratis] (custom)
2019-06-12 20:59:25,402 INFO  storage.RaftStorageDirectory (RaftStorageDirectory.java:analyzeStorage(246)) - The storage directory /opt/src/hadoop-ozone/integration-test/target/test-dir/MiniOzoneClusterImpl-662cd06e-90be-4667-aa39-66a7bad7b745/datanode-1/data/ratis/818aac86-938d-4d03-a1bd-d34404557330 does not exist. Creating ...
2019-06-12 20:59:25,403 INFO  storage.RaftStorageDirectory (RaftStorageDirectory.java:tryLock(328)) - Lock on /opt/src/hadoop-ozone/integration-test/target/test-dir/MiniOzoneClusterImpl-662cd06e-90be-4667-aa39-66a7bad7b745/datanode-2/data/ratis/818aac86-938d-4d03-a1bd-d34404557330/in_use.lock acquired by nodename 20532@ozone-kvdz9-1409474171
2019-06-12 20:59:25,405 INFO  storage.RaftStorageDirectory (RaftStorageDirectory.java:tryLock(328)) - Lock on /opt/src/hadoop-ozone/integration-test/target/test-dir/MiniOzoneClusterImpl-662cd06e-90be-4667-aa39-66a7bad7b745/datanode-0/data/ratis/818aac86-938d-4d03-a1bd-d34404557330/in_use.lock acquired by nodename 20532@ozone-kvdz9-1409474171
2019-06-12 20:59:25,405 INFO  storage.RaftStorageDirectory (RaftStorageDirectory.java:tryLock(328)) - Lock on /opt/src/hadoop-ozone/integration-test/target/test-dir/MiniOzoneClusterImpl-662cd06e-90be-4667-aa39-66a7bad7b745/datanode-1/data/ratis/818aac86-938d-4d03-a1bd-d34404557330/in_use.lock acquired by nodename 20532@ozone-kvdz9-1409474171
2019-06-12 20:59:25,406 INFO  storage.RaftStorage (RaftStorage.java:format(75)) - Storage directory /opt/src/hadoop-ozone/integration-test/target/test-dir/MiniOzoneClusterImpl-662cd06e-90be-4667-aa39-66a7bad7b745/datanode-2/data/ratis/818aac86-938d-4d03-a1bd-d34404557330 has been successfully formatted.
2019-06-12 20:59:25,406 INFO  ratis.ContainerStateMachine (ContainerStateMachine.java:loadSnapshot(199)) - The snapshot info is null.Setting the last applied index to:(t:0, i:~)
2019-06-12 20:59:25,406 INFO  server.RaftServerConfigKeys (ConfUtils.java:logGet(43)) - raft.server.leader.election.timeout = 120s (custom)
2019-06-12 20:59:25,406 INFO  server.RaftServerConfigKeys (ConfUtils.java:logGet(43)) - raft.server.log.use.memory = false (default)
2019-06-12 20:59:25,406 INFO  server.RaftServerConfigKeys (ConfUtils.java:logGet(43)) - raft.server.log.appender.buffer.byte-limit = 33554432 (custom)
2019-06-12 20:59:25,406 INFO  server.RaftServerConfigKeys (ConfUtils.java:logGet(43)) - raft.server.log.segment.size.max = 16384 (custom)
2019-06-12 20:59:25,407 INFO  server.RaftServerConfigKeys (ConfUtils.java:logGet(43)) - raft.server.log.segment.cache.num.max = 2 (custom)
2019-06-12 20:59:25,407 INFO  storage.RaftLogWorker (RaftLogWorker.java:<init>(123)) - new b64412d9-d7d0-40e0-9fbf-66bbf3ac4fdc-RaftLogWorker for Storage Directory /opt/src/hadoop-ozone/integration-test/target/test-dir/MiniOzoneClusterImpl-662cd06e-90be-4667-aa39-66a7bad7b745/datanode-2/data/ratis/818aac86-938d-4d03-a1bd-d34404557330
2019-06-12 20:59:25,407 INFO  server.RaftServerConfigKeys (ConfUtils.java:logGet(43)) - raft.server.log.queue.byte-limit = 2147483647 (custom)
2019-06-12 20:59:25,407 INFO  server.RaftServerConfigKeys (ConfUtils.java:logGet(43)) - raft.server.log.queue.element-limit = 1024 (custom)
2019-06-12 20:59:25,407 INFO  server.RaftServerConfigKeys (ConfUtils.java:logGet(43)) - raft.server.log.segment.size.max = 16384 (custom)
2019-06-12 20:59:25,407 INFO  server.RaftServerConfigKeys (ConfUtils.java:logGet(43)) - raft.server.log.preallocated.size = 16384 (custom)
2019-06-12 20:59:25,407 INFO  server.RaftServerConfigKeys (ConfUtils.java:logGet(43)) - raft.server.log.write.buffer.size = 33554432 (custom)
2019-06-12 20:59:25,407 INFO  server.RaftServerConfigKeys (ConfUtils.java:logGet(43)) - raft.server.log.force.sync.num = 128 (default)
2019-06-12 20:59:25,407 INFO  server.RaftServerConfigKeys (ConfUtils.java:logGet(43)) - raft.server.log.statemachine.data.sync = true (default)
2019-06-12 20:59:25,407 INFO  server.RaftServerConfigKeys (ConfUtils.java:logGet(43)) - raft.server.log.statemachine.data.sync.timeout = 10s (default)
2019-06-12 20:59:25,407 INFO  server.RaftServerConfigKeys (ConfUtils.java:logGet(43)) - raft.server.log.statemachine.data.sync.timeout.retry = -1 (default)
2019-06-12 20:59:25,407 INFO  server.RaftServerConfigKeys (ConfUtils.java:logGet(43)) - raft.server.log.statemachine.data.caching.enabled = true (custom)
2019-06-12 20:59:25,408 INFO  server.RaftServerConfigKeys (ConfUtils.java:logGet(43)) - raft.server.snapshot.auto.trigger.enabled = true (custom)
2019-06-12 20:59:25,408 INFO  server.RaftServerConfigKeys (ConfUtils.java:logGet(43)) - raft.server.snapshot.auto.trigger.threshold = 10000 (custom)
2019-06-12 20:59:25,408 INFO  storage.RaftStorage (RaftStorage.java:format(75)) - Storage directory /opt/src/hadoop-ozone/integration-test/target/test-dir/MiniOzoneClusterImpl-662cd06e-90be-4667-aa39-66a7bad7b745/datanode-1/data/ratis/818aac86-938d-4d03-a1bd-d34404557330 has been successfully formatted.
2019-06-12 20:59:25,408 INFO  storage.RaftStorage (RaftStorage.java:format(75)) - Storage directory /opt/src/hadoop-ozone/integration-test/target/test-dir/MiniOzoneClusterImpl-662cd06e-90be-4667-aa39-66a7bad7b745/datanode-0/data/ratis/818aac86-938d-4d03-a1bd-d34404557330 has been successfully formatted.
2019-06-12 20:59:25,408 INFO  ratis.ContainerStateMachine (ContainerStateMachine.java:loadSnapshot(199)) - The snapshot info is null.Setting the last applied index to:(t:0, i:~)
2019-06-12 20:59:25,408 INFO  server.RaftServerConfigKeys (ConfUtils.java:logGet(43)) - raft.server.retrycache.expirytime = 600000ms (custom)
2019-06-12 20:59:25,408 INFO  ratis.ContainerStateMachine (ContainerStateMachine.java:loadSnapshot(199)) - The snapshot info is null.Setting the last applied index to:(t:0, i:~)
2019-06-12 20:59:25,408 INFO  server.RaftServerConfigKeys (ConfUtils.java:logGet(43)) - raft.server.leader.election.timeout = 120s (custom)
2019-06-12 20:59:25,408 INFO  server.RaftServerConfigKeys (ConfUtils.java:logGet(43)) - raft.server.leader.election.timeout = 120s (custom)
2019-06-12 20:59:25,408 INFO  impl.RaftServerImpl (RaftServerImpl.java:start(173)) - b64412d9-d7d0-40e0-9fbf-66bbf3ac4fdc: start group-D34404557330
2019-06-12 20:59:25,408 INFO  server.RaftServerConfigKeys (ConfUtils.java:logGet(43)) - raft.server.log.use.memory = false (default)
2019-06-12 20:59:25,408 INFO  server.RaftServerConfigKeys (ConfUtils.java:logGet(43)) - raft.server.log.use.memory = false (default)
2019-06-12 20:59:25,408 INFO  server.RaftServerConfigKeys (ConfUtils.java:logGet(43)) - raft.server.log.appender.buffer.byte-limit = 33554432 (custom)
2019-06-12 20:59:25,408 INFO  impl.RaftServerImpl (RaftServerImpl.java:setRole(164)) - b64412d9-d7d0-40e0-9fbf-66bbf3ac4fdc:group-D34404557330 changes role from null to FOLLOWER at term 0 for startAsFollower
2019-06-12 20:59:25,408 INFO  server.RaftServerConfigKeys (ConfUtils.java:logGet(43)) - raft.server.log.segment.size.max = 16384 (custom)
2019-06-12 20:59:25,408 INFO  server.RaftServerConfigKeys (ConfUtils.java:logGet(43)) - raft.server.log.appender.buffer.byte-limit = 33554432 (custom)
2019-06-12 20:59:25,409 INFO  server.RaftServerConfigKeys (ConfUtils.java:logGet(43)) - raft.server.log.segment.cache.num.max = 2 (custom)
2019-06-12 20:59:25,409 INFO  impl.RoleInfo (RoleInfo.java:updateAndGet(143)) - b64412d9-d7d0-40e0-9fbf-66bbf3ac4fdc: start FollowerState
2019-06-12 20:59:25,409 INFO  storage.RaftLogWorker (RaftLogWorker.java:<init>(123)) - new 460e2dc4-d785-40fe-83e0-e12d10893b3d-RaftLogWorker for Storage Directory /opt/src/hadoop-ozone/integration-test/target/test-dir/MiniOzoneClusterImpl-662cd06e-90be-4667-aa39-66a7bad7b745/datanode-0/data/ratis/818aac86-938d-4d03-a1bd-d34404557330
2019-06-12 20:59:25,409 INFO  server.RaftServerConfigKeys (ConfUtils.java:logGet(43)) - raft.server.log.queue.byte-limit = 2147483647 (custom)
2019-06-12 20:59:25,409 INFO  server.RaftServerConfigKeys (ConfUtils.java:logGet(43)) - raft.server.log.queue.element-limit = 1024 (custom)
2019-06-12 20:59:25,409 INFO  server.RaftServerConfigKeys (ConfUtils.java:logGet(43)) - raft.server.log.segment.size.max = 16384 (custom)
2019-06-12 20:59:25,409 INFO  server.RaftServerConfigKeys (ConfUtils.java:logGet(43)) - raft.server.log.segment.size.max = 16384 (custom)
2019-06-12 20:59:25,409 INFO  util.JmxRegister (JmxRegister.java:tryRegister(44)) - Successfully registered JMX Bean with object name Ratis:service=RaftServer,group=group-D34404557330,id=b64412d9-d7d0-40e0-9fbf-66bbf3ac4fdc
2019-06-12 20:59:25,409 INFO  server.RaftServerConfigKeys (ConfUtils.java:logGet(43)) - raft.server.log.preallocated.size = 16384 (custom)
2019-06-12 20:59:25,409 INFO  server.RaftServerConfigKeys (ConfUtils.java:logGet(43)) - raft.server.log.write.buffer.size = 33554432 (custom)
2019-06-12 20:59:25,409 INFO  server.RaftServerConfigKeys (ConfUtils.java:logGet(43)) - raft.server.log.segment.cache.num.max = 2 (custom)
2019-06-12 20:59:25,410 INFO  storage.RaftLogWorker (RaftLogWorker.java:<init>(123)) - new dd3f3b49-f1f4-4661-93df-8c6d8c0e1a02-RaftLogWorker for Storage Directory /opt/src/hadoop-ozone/integration-test/target/test-dir/MiniOzoneClusterImpl-662cd06e-90be-4667-aa39-66a7bad7b745/datanode-1/data/ratis/818aac86-938d-4d03-a1bd-d34404557330
2019-06-12 20:59:25,410 INFO  server.RaftServerConfigKeys (ConfUtils.java:logGet(43)) - raft.server.log.queue.byte-limit = 2147483647 (custom)
2019-06-12 20:59:25,410 INFO  server.RaftServerConfigKeys (ConfUtils.java:logGet(43)) - raft.server.log.queue.element-limit = 1024 (custom)
2019-06-12 20:59:25,410 INFO  server.RaftServerConfigKeys (ConfUtils.java:logGet(43)) - raft.server.log.segment.size.max = 16384 (custom)
2019-06-12 20:59:25,410 INFO  server.RaftServerConfigKeys (ConfUtils.java:logGet(43)) - raft.server.log.preallocated.size = 16384 (custom)
2019-06-12 20:59:25,410 INFO  server.RaftServerConfigKeys (ConfUtils.java:logGet(43)) - raft.server.log.write.buffer.size = 33554432 (custom)
2019-06-12 20:59:25,410 INFO  server.RaftServerConfigKeys (ConfUtils.java:logGet(43)) - raft.server.log.force.sync.num = 128 (default)
2019-06-12 20:59:25,410 INFO  server.RaftServerConfigKeys (ConfUtils.java:logGet(43)) - raft.server.log.statemachine.data.sync = true (default)
2019-06-12 20:59:25,410 INFO  server.RaftServerConfigKeys (ConfUtils.java:logGet(43)) - raft.server.log.statemachine.data.sync.timeout = 10s (default)
2019-06-12 20:59:25,410 INFO  server.RaftServerConfigKeys (ConfUtils.java:logGet(43)) - raft.server.log.statemachine.data.sync.timeout.retry = -1 (default)
2019-06-12 20:59:25,411 INFO  server.RaftServerConfigKeys (ConfUtils.java:logGet(43)) - raft.server.log.statemachine.data.caching.enabled = true (custom)
2019-06-12 20:59:25,410 INFO  server.RaftServerConfigKeys (ConfUtils.java:logGet(43)) - raft.server.log.force.sync.num = 128 (default)
2019-06-12 20:59:25,411 INFO  server.RaftServerConfigKeys (ConfUtils.java:logGet(43)) - raft.server.log.statemachine.data.sync = true (default)
2019-06-12 20:59:25,411 INFO  server.RaftServerConfigKeys (ConfUtils.java:logGet(43)) - raft.server.log.statemachine.data.sync.timeout = 10s (default)
2019-06-12 20:59:25,411 INFO  server.RaftServerConfigKeys (ConfUtils.java:logGet(43)) - raft.server.log.statemachine.data.sync.timeout.retry = -1 (default)
2019-06-12 20:59:25,411 INFO  server.RaftServerConfigKeys (ConfUtils.java:logGet(43)) - raft.server.snapshot.auto.trigger.enabled = true (custom)
2019-06-12 20:59:25,411 INFO  server.RaftServerConfigKeys (ConfUtils.java:logGet(43)) - raft.server.snapshot.auto.trigger.threshold = 10000 (custom)
2019-06-12 20:59:25,411 INFO  server.RaftServerConfigKeys (ConfUtils.java:logGet(43)) - raft.server.retrycache.expirytime = 600000ms (custom)
2019-06-12 20:59:25,412 INFO  impl.RaftServerImpl (RaftServerImpl.java:start(173)) - dd3f3b49-f1f4-4661-93df-8c6d8c0e1a02: start group-D34404557330
2019-06-12 20:59:25,412 INFO  impl.RaftServerImpl (RaftServerImpl.java:setRole(164)) - dd3f3b49-f1f4-4661-93df-8c6d8c0e1a02:group-D34404557330 changes role from null to FOLLOWER at term 0 for startAsFollower
2019-06-12 20:59:25,412 INFO  impl.RoleInfo (RoleInfo.java:updateAndGet(143)) - dd3f3b49-f1f4-4661-93df-8c6d8c0e1a02: start FollowerState
2019-06-12 20:59:25,412 INFO  server.RaftServerConfigKeys (ConfUtils.java:logGet(43)) - raft.server.log.statemachine.data.caching.enabled = true (custom)
2019-06-12 20:59:25,412 INFO  util.JmxRegister (JmxRegister.java:tryRegister(44)) - Successfully registered JMX Bean with object name Ratis:service=RaftServer,group=group-D34404557330,id=dd3f3b49-f1f4-4661-93df-8c6d8c0e1a02
2019-06-12 20:59:25,412 INFO  server.RaftServerConfigKeys (ConfUtils.java:logGet(43)) - raft.server.snapshot.auto.trigger.enabled = true (custom)
2019-06-12 20:59:25,412 INFO  server.RaftServerConfigKeys (ConfUtils.java:logGet(43)) - raft.server.snapshot.auto.trigger.threshold = 10000 (custom)
2019-06-12 20:59:25,413 INFO  server.RaftServerConfigKeys (ConfUtils.java:logGet(43)) - raft.server.retrycache.expirytime = 600000ms (custom)
2019-06-12 20:59:25,413 INFO  impl.RaftServerImpl (RaftServerImpl.java:start(173)) - 460e2dc4-d785-40fe-83e0-e12d10893b3d: start group-D34404557330
2019-06-12 20:59:25,413 INFO  impl.RaftServerImpl (RaftServerImpl.java:setRole(164)) - 460e2dc4-d785-40fe-83e0-e12d10893b3d:group-D34404557330 changes role from null to FOLLOWER at term 0 for startAsFollower
2019-06-12 20:59:25,413 INFO  impl.RoleInfo (RoleInfo.java:updateAndGet(143)) - 460e2dc4-d785-40fe-83e0-e12d10893b3d: start FollowerState
2019-06-12 20:59:25,413 INFO  util.JmxRegister (JmxRegister.java:tryRegister(44)) - Successfully registered JMX Bean with object name Ratis:service=RaftServer,group=group-D34404557330,id=460e2dc4-d785-40fe-83e0-e12d10893b3d
2019-06-12 20:59:25,419 INFO  pipeline.PipelineStateManager (PipelineStateManager.java:addPipeline(56)) - Created pipeline Pipeline[ Id: 818aac86-938d-4d03-a1bd-d34404557330, Nodes: 460e2dc4-d785-40fe-83e0-e12d10893b3d{ip: 192.168.19.5, host: ozone-kvdz9-1409474171, networkLocation: /default-rack, certSerialId: null}b64412d9-d7d0-40e0-9fbf-66bbf3ac4fdc{ip: 192.168.19.5, host: ozone-kvdz9-1409474171, networkLocation: /default-rack, certSerialId: null}dd3f3b49-f1f4-4661-93df-8c6d8c0e1a02{ip: 192.168.19.5, host: ozone-kvdz9-1409474171, networkLocation: /default-rack, certSerialId: null}, Type:RATIS, Factor:THREE, State:OPEN]
2019-06-12 20:59:25,539 INFO  node.SCMNodeManager (SCMNodeManager.java:register(234)) - Registered Data node : 0db3e33a-947d-4e9b-8360-da6105f764ae{ip: 192.168.19.5, host: ozone-kvdz9-1409474171, networkLocation: /default-rack, certSerialId: null}
2019-06-12 20:59:25,546 INFO  impl.RaftServerProxy (RaftServerProxy.java:addNew(89)) - 0db3e33a-947d-4e9b-8360-da6105f764ae: addNew group-4C7B825DDC67:[0db3e33a-947d-4e9b-8360-da6105f764ae:192.168.19.5:44077] returns group-4C7B825DDC67:java.util.concurrent.CompletableFuture@603dc9c3[Not completed]
2019-06-12 20:59:25,547 INFO  impl.RaftServerImpl (RaftServerImpl.java:<init>(91)) - 0db3e33a-947d-4e9b-8360-da6105f764ae: new RaftServerImpl for group-4C7B825DDC67:[0db3e33a-947d-4e9b-8360-da6105f764ae:192.168.19.5:44077] with ContainerStateMachine:uninitialized
2019-06-12 20:59:25,547 INFO  server.RaftServerConfigKeys (ConfUtils.java:logGet(43)) - raft.server.rpc.timeout.min = 1s (custom)
2019-06-12 20:59:25,547 INFO  server.RaftServerConfigKeys (ConfUtils.java:logGet(43)) - raft.server.rpc.timeout.max = 1200ms (custom)
2019-06-12 20:59:25,547 INFO  server.RaftServerConfigKeys (ConfUtils.java:logGet(43)) - raft.server.rpcslowness.timeout = 120s (custom)
2019-06-12 20:59:25,547 INFO  server.RaftServerConfigKeys (ConfUtils.java:logGet(43)) - raft.server.log.appender.install.snapshot.enabled = true (default)
2019-06-12 20:59:25,547 INFO  impl.RaftServerImpl (ServerState.java:<init>(101)) - 0db3e33a-947d-4e9b-8360-da6105f764ae:group-4C7B825DDC67 ConfigurationManager, init=-1: [0db3e33a-947d-4e9b-8360-da6105f764ae:192.168.19.5:44077], old=null, confs=<EMPTY_MAP>
2019-06-12 20:59:25,547 INFO  server.RaftServerConfigKeys (ConfUtils.java:logGet(43)) - raft.server.storage.dir = [/opt/src/hadoop-ozone/integration-test/target/test-dir/MiniOzoneClusterImpl-662cd06e-90be-4667-aa39-66a7bad7b745/datanode-3/data/ratis] (custom)
2019-06-12 20:59:25,547 INFO  storage.RaftStorageDirectory (RaftStorageDirectory.java:analyzeStorage(246)) - The storage directory /opt/src/hadoop-ozone/integration-test/target/test-dir/MiniOzoneClusterImpl-662cd06e-90be-4667-aa39-66a7bad7b745/datanode-3/data/ratis/bb6eaef1-42e5-4ae2-9304-4c7b825ddc67 does not exist. Creating ...
2019-06-12 20:59:25,550 INFO  storage.RaftStorageDirectory (RaftStorageDirectory.java:tryLock(328)) - Lock on /opt/src/hadoop-ozone/integration-test/target/test-dir/MiniOzoneClusterImpl-662cd06e-90be-4667-aa39-66a7bad7b745/datanode-3/data/ratis/bb6eaef1-42e5-4ae2-9304-4c7b825ddc67/in_use.lock acquired by nodename 20532@ozone-kvdz9-1409474171
2019-06-12 20:59:25,551 INFO  storage.RaftStorage (RaftStorage.java:format(75)) - Storage directory /opt/src/hadoop-ozone/integration-test/target/test-dir/MiniOzoneClusterImpl-662cd06e-90be-4667-aa39-66a7bad7b745/datanode-3/data/ratis/bb6eaef1-42e5-4ae2-9304-4c7b825ddc67 has been successfully formatted.
2019-06-12 20:59:25,552 INFO  ratis.ContainerStateMachine (ContainerStateMachine.java:loadSnapshot(199)) - The snapshot info is null.Setting the last applied index to:(t:0, i:~)
2019-06-12 20:59:25,552 INFO  server.RaftServerConfigKeys (ConfUtils.java:logGet(43)) - raft.server.leader.election.timeout = 120s (custom)
2019-06-12 20:59:25,552 INFO  server.RaftServerConfigKeys (ConfUtils.java:logGet(43)) - raft.server.log.use.memory = false (default)
2019-06-12 20:59:25,552 INFO  server.RaftServerConfigKeys (ConfUtils.java:logGet(43)) - raft.server.log.appender.buffer.byte-limit = 33554432 (custom)
2019-06-12 20:59:25,552 INFO  server.RaftServerConfigKeys (ConfUtils.java:logGet(43)) - raft.server.log.segment.size.max = 16384 (custom)
2019-06-12 20:59:25,552 INFO  server.RaftServerConfigKeys (ConfUtils.java:logGet(43)) - raft.server.log.segment.cache.num.max = 2 (custom)
2019-06-12 20:59:25,552 INFO  storage.RaftLogWorker (RaftLogWorker.java:<init>(123)) - new 0db3e33a-947d-4e9b-8360-da6105f764ae-RaftLogWorker for Storage Directory /opt/src/hadoop-ozone/integration-test/target/test-dir/MiniOzoneClusterImpl-662cd06e-90be-4667-aa39-66a7bad7b745/datanode-3/data/ratis/bb6eaef1-42e5-4ae2-9304-4c7b825ddc67
2019-06-12 20:59:25,552 INFO  server.RaftServerConfigKeys (ConfUtils.java:logGet(43)) - raft.server.log.queue.byte-limit = 2147483647 (custom)
2019-06-12 20:59:25,552 INFO  server.RaftServerConfigKeys (ConfUtils.java:logGet(43)) - raft.server.log.queue.element-limit = 1024 (custom)
2019-06-12 20:59:25,553 INFO  server.RaftServerConfigKeys (ConfUtils.java:logGet(43)) - raft.server.log.segment.size.max = 16384 (custom)
2019-06-12 20:59:25,553 INFO  server.RaftServerConfigKeys (ConfUtils.java:logGet(43)) - raft.server.log.preallocated.size = 16384 (custom)
2019-06-12 20:59:25,553 INFO  server.RaftServerConfigKeys (ConfUtils.java:logGet(43)) - raft.server.log.write.buffer.size = 33554432 (custom)
2019-06-12 20:59:25,553 INFO  server.RaftServerConfigKeys (ConfUtils.java:logGet(43)) - raft.server.log.force.sync.num = 128 (default)
2019-06-12 20:59:25,553 INFO  server.RaftServerConfigKeys (ConfUtils.java:logGet(43)) - raft.server.log.statemachine.data.sync = true (default)
2019-06-12 20:59:25,553 INFO  server.RaftServerConfigKeys (ConfUtils.java:logGet(43)) - raft.server.log.statemachine.data.sync.timeout = 10s (default)
2019-06-12 20:59:25,553 INFO  server.RaftServerConfigKeys (ConfUtils.java:logGet(43)) - raft.server.log.statemachine.data.sync.timeout.retry = -1 (default)
2019-06-12 20:59:25,553 INFO  server.RaftServerConfigKeys (ConfUtils.java:logGet(43)) - raft.server.log.statemachine.data.caching.enabled = true (custom)
2019-06-12 20:59:25,554 INFO  server.RaftServerConfigKeys (ConfUtils.java:logGet(43)) - raft.server.snapshot.auto.trigger.enabled = true (custom)
2019-06-12 20:59:25,554 INFO  server.RaftServerConfigKeys (ConfUtils.java:logGet(43)) - raft.server.snapshot.auto.trigger.threshold = 10000 (custom)
2019-06-12 20:59:25,554 INFO  server.RaftServerConfigKeys (ConfUtils.java:logGet(43)) - raft.server.retrycache.expirytime = 600000ms (custom)
2019-06-12 20:59:25,554 INFO  impl.RaftServerImpl (RaftServerImpl.java:start(173)) - 0db3e33a-947d-4e9b-8360-da6105f764ae: start group-4C7B825DDC67
2019-06-12 20:59:25,554 INFO  impl.RaftServerImpl (RaftServerImpl.java:setRole(164)) - 0db3e33a-947d-4e9b-8360-da6105f764ae:group-4C7B825DDC67 changes role from null to FOLLOWER at term 0 for startAsFollower
2019-06-12 20:59:25,554 INFO  impl.RoleInfo (RoleInfo.java:updateAndGet(143)) - 0db3e33a-947d-4e9b-8360-da6105f764ae: start FollowerState
2019-06-12 20:59:25,554 INFO  util.JmxRegister (JmxRegister.java:tryRegister(44)) - Successfully registered JMX Bean with object name Ratis:service=RaftServer,group=group-4C7B825DDC67,id=0db3e33a-947d-4e9b-8360-da6105f764ae
2019-06-12 20:59:25,556 INFO  pipeline.PipelineStateManager (PipelineStateManager.java:addPipeline(56)) - Created pipeline Pipeline[ Id: bb6eaef1-42e5-4ae2-9304-4c7b825ddc67, Nodes: 0db3e33a-947d-4e9b-8360-da6105f764ae{ip: 192.168.19.5, host: ozone-kvdz9-1409474171, networkLocation: /default-rack, certSerialId: null}, Type:RATIS, Factor:ONE, State:OPEN]
2019-06-12 20:59:25,743 INFO  node.SCMNodeManager (SCMNodeManager.java:register(234)) - Registered Data node : fad3bd11-baf1-4357-bd05-a84b77a009dc{ip: 192.168.19.5, host: ozone-kvdz9-1409474171, networkLocation: /default-rack, certSerialId: null}
2019-06-12 20:59:25,751 INFO  impl.RaftServerProxy (RaftServerProxy.java:addNew(89)) - fad3bd11-baf1-4357-bd05-a84b77a009dc: addNew group-940DFBED0718:[fad3bd11-baf1-4357-bd05-a84b77a009dc:192.168.19.5:37031] returns group-940DFBED0718:java.util.concurrent.CompletableFuture@6f15e8ff[Not completed]
2019-06-12 20:59:25,751 INFO  impl.RaftServerImpl (RaftServerImpl.java:<init>(91)) - fad3bd11-baf1-4357-bd05-a84b77a009dc: new RaftServerImpl for group-940DFBED0718:[fad3bd11-baf1-4357-bd05-a84b77a009dc:192.168.19.5:37031] with ContainerStateMachine:uninitialized
2019-06-12 20:59:25,752 INFO  server.RaftServerConfigKeys (ConfUtils.java:logGet(43)) - raft.server.rpc.timeout.min = 1s (custom)
2019-06-12 20:59:25,752 INFO  server.RaftServerConfigKeys (ConfUtils.java:logGet(43)) - raft.server.rpc.timeout.max = 1200ms (custom)
2019-06-12 20:59:25,752 INFO  server.RaftServerConfigKeys (ConfUtils.java:logGet(43)) - raft.server.rpcslowness.timeout = 120s (custom)
2019-06-12 20:59:25,752 INFO  server.RaftServerConfigKeys (ConfUtils.java:logGet(43)) - raft.server.log.appender.install.snapshot.enabled = true (default)
2019-06-12 20:59:25,752 INFO  impl.RaftServerImpl (ServerState.java:<init>(101)) - fad3bd11-baf1-4357-bd05-a84b77a009dc:group-940DFBED0718 ConfigurationManager, init=-1: [fad3bd11-baf1-4357-bd05-a84b77a009dc:192.168.19.5:37031], old=null, confs=<EMPTY_MAP>
2019-06-12 20:59:25,752 INFO  server.RaftServerConfigKeys (ConfUtils.java:logGet(43)) - raft.server.storage.dir = [/opt/src/hadoop-ozone/integration-test/target/test-dir/MiniOzoneClusterImpl-662cd06e-90be-4667-aa39-66a7bad7b745/datanode-4/data/ratis] (custom)
2019-06-12 20:59:25,752 INFO  storage.RaftStorageDirectory (RaftStorageDirectory.java:analyzeStorage(246)) - The storage directory /opt/src/hadoop-ozone/integration-test/target/test-dir/MiniOzoneClusterImpl-662cd06e-90be-4667-aa39-66a7bad7b745/datanode-4/data/ratis/c32ffabb-a31a-4eda-ba56-940dfbed0718 does not exist. Creating ...
2019-06-12 20:59:25,754 INFO  storage.RaftStorageDirectory (RaftStorageDirectory.java:tryLock(328)) - Lock on /opt/src/hadoop-ozone/integration-test/target/test-dir/MiniOzoneClusterImpl-662cd06e-90be-4667-aa39-66a7bad7b745/datanode-4/data/ratis/c32ffabb-a31a-4eda-ba56-940dfbed0718/in_use.lock acquired by nodename 20532@ozone-kvdz9-1409474171
2019-06-12 20:59:25,756 INFO  storage.RaftStorage (RaftStorage.java:format(75)) - Storage directory /opt/src/hadoop-ozone/integration-test/target/test-dir/MiniOzoneClusterImpl-662cd06e-90be-4667-aa39-66a7bad7b745/datanode-4/data/ratis/c32ffabb-a31a-4eda-ba56-940dfbed0718 has been successfully formatted.
2019-06-12 20:59:25,757 INFO  ratis.ContainerStateMachine (ContainerStateMachine.java:loadSnapshot(199)) - The snapshot info is null.Setting the last applied index to:(t:0, i:~)
2019-06-12 20:59:25,757 INFO  server.RaftServerConfigKeys (ConfUtils.java:logGet(43)) - raft.server.leader.election.timeout = 120s (custom)
2019-06-12 20:59:25,757 INFO  server.RaftServerConfigKeys (ConfUtils.java:logGet(43)) - raft.server.log.use.memory = false (default)
2019-06-12 20:59:25,757 INFO  server.RaftServerConfigKeys (ConfUtils.java:logGet(43)) - raft.server.log.appender.buffer.byte-limit = 33554432 (custom)
2019-06-12 20:59:25,757 INFO  server.RaftServerConfigKeys (ConfUtils.java:logGet(43)) - raft.server.log.segment.size.max = 16384 (custom)
2019-06-12 20:59:25,757 INFO  server.RaftServerConfigKeys (ConfUtils.java:logGet(43)) - raft.server.log.segment.cache.num.max = 2 (custom)
2019-06-12 20:59:25,757 INFO  storage.RaftLogWorker (RaftLogWorker.java:<init>(123)) - new fad3bd11-baf1-4357-bd05-a84b77a009dc-RaftLogWorker for Storage Directory /opt/src/hadoop-ozone/integration-test/target/test-dir/MiniOzoneClusterImpl-662cd06e-90be-4667-aa39-66a7bad7b745/datanode-4/data/ratis/c32ffabb-a31a-4eda-ba56-940dfbed0718
2019-06-12 20:59:25,757 INFO  server.RaftServerConfigKeys (ConfUtils.java:logGet(43)) - raft.server.log.queue.byte-limit = 2147483647 (custom)
2019-06-12 20:59:25,757 INFO  server.RaftServerConfigKeys (ConfUtils.java:logGet(43)) - raft.server.log.queue.element-limit = 1024 (custom)
2019-06-12 20:59:25,757 INFO  server.RaftServerConfigKeys (ConfUtils.java:logGet(43)) - raft.server.log.segment.size.max = 16384 (custom)
2019-06-12 20:59:25,757 INFO  server.RaftServerConfigKeys (ConfUtils.java:logGet(43)) - raft.server.log.preallocated.size = 16384 (custom)
2019-06-12 20:59:25,757 INFO  server.RaftServerConfigKeys (ConfUtils.java:logGet(43)) - raft.server.log.write.buffer.size = 33554432 (custom)
2019-06-12 20:59:25,758 INFO  server.RaftServerConfigKeys (ConfUtils.java:logGet(43)) - raft.server.log.force.sync.num = 128 (default)
2019-06-12 20:59:25,758 INFO  server.RaftServerConfigKeys (ConfUtils.java:logGet(43)) - raft.server.log.statemachine.data.sync = true (default)
2019-06-12 20:59:25,758 INFO  server.RaftServerConfigKeys (ConfUtils.java:logGet(43)) - raft.server.log.statemachine.data.sync.timeout = 10s (default)
2019-06-12 20:59:25,758 INFO  server.RaftServerConfigKeys (ConfUtils.java:logGet(43)) - raft.server.log.statemachine.data.sync.timeout.retry = -1 (default)
2019-06-12 20:59:25,758 INFO  server.RaftServerConfigKeys (ConfUtils.java:logGet(43)) - raft.server.log.statemachine.data.caching.enabled = true (custom)
2019-06-12 20:59:25,758 INFO  server.RaftServerConfigKeys (ConfUtils.java:logGet(43)) - raft.server.snapshot.auto.trigger.enabled = true (custom)
2019-06-12 20:59:25,758 INFO  server.RaftServerConfigKeys (ConfUtils.java:logGet(43)) - raft.server.snapshot.auto.trigger.threshold = 10000 (custom)
2019-06-12 20:59:25,758 INFO  server.RaftServerConfigKeys (ConfUtils.java:logGet(43)) - raft.server.retrycache.expirytime = 600000ms (custom)
2019-06-12 20:59:25,758 INFO  impl.RaftServerImpl (RaftServerImpl.java:start(173)) - fad3bd11-baf1-4357-bd05-a84b77a009dc: start group-940DFBED0718
2019-06-12 20:59:25,759 INFO  impl.RaftServerImpl (RaftServerImpl.java:setRole(164)) - fad3bd11-baf1-4357-bd05-a84b77a009dc:group-940DFBED0718 changes role from null to FOLLOWER at term 0 for startAsFollower
2019-06-12 20:59:25,759 INFO  impl.RoleInfo (RoleInfo.java:updateAndGet(143)) - fad3bd11-baf1-4357-bd05-a84b77a009dc: start FollowerState
2019-06-12 20:59:25,759 INFO  util.JmxRegister (JmxRegister.java:tryRegister(44)) - Successfully registered JMX Bean with object name Ratis:service=RaftServer,group=group-940DFBED0718,id=fad3bd11-baf1-4357-bd05-a84b77a009dc
2019-06-12 20:59:25,761 INFO  pipeline.PipelineStateManager (PipelineStateManager.java:addPipeline(56)) - Created pipeline Pipeline[ Id: c32ffabb-a31a-4eda-ba56-940dfbed0718, Nodes: fad3bd11-baf1-4357-bd05-a84b77a009dc{ip: 192.168.19.5, host: ozone-kvdz9-1409474171, networkLocation: /default-rack, certSerialId: null}, Type:RATIS, Factor:ONE, State:OPEN]
2019-06-12 20:59:25,903 INFO  node.SCMNodeManager (SCMNodeManager.java:register(234)) - Registered Data node : 84878ea5-fe62-4064-bffc-3baef3bcb712{ip: 192.168.19.5, host: ozone-kvdz9-1409474171, networkLocation: /default-rack, certSerialId: null}
2019-06-12 20:59:25,911 INFO  impl.RaftServerProxy (RaftServerProxy.java:addNew(89)) - 84878ea5-fe62-4064-bffc-3baef3bcb712: addNew group-3297E763C184:[84878ea5-fe62-4064-bffc-3baef3bcb712:192.168.19.5:40681] returns group-3297E763C184:java.util.concurrent.CompletableFuture@5c9fa60b[Not completed]
2019-06-12 20:59:25,911 INFO  impl.RaftServerImpl (RaftServerImpl.java:<init>(91)) - 84878ea5-fe62-4064-bffc-3baef3bcb712: new RaftServerImpl for group-3297E763C184:[84878ea5-fe62-4064-bffc-3baef3bcb712:192.168.19.5:40681] with ContainerStateMachine:uninitialized
2019-06-12 20:59:25,911 INFO  server.RaftServerConfigKeys (ConfUtils.java:logGet(43)) - raft.server.rpc.timeout.min = 1s (custom)
2019-06-12 20:59:25,912 INFO  server.RaftServerConfigKeys (ConfUtils.java:logGet(43)) - raft.server.rpc.timeout.max = 1200ms (custom)
2019-06-12 20:59:25,912 INFO  server.RaftServerConfigKeys (ConfUtils.java:logGet(43)) - raft.server.rpcslowness.timeout = 120s (custom)
2019-06-12 20:59:25,912 INFO  server.RaftServerConfigKeys (ConfUtils.java:logGet(43)) - raft.server.log.appender.install.snapshot.enabled = true (default)
2019-06-12 20:59:25,912 INFO  impl.RaftServerImpl (ServerState.java:<init>(101)) - 84878ea5-fe62-4064-bffc-3baef3bcb712:group-3297E763C184 ConfigurationManager, init=-1: [84878ea5-fe62-4064-bffc-3baef3bcb712:192.168.19.5:40681], old=null, confs=<EMPTY_MAP>
2019-06-12 20:59:25,912 INFO  server.RaftServerConfigKeys (ConfUtils.java:logGet(43)) - raft.server.storage.dir = [/opt/src/hadoop-ozone/integration-test/target/test-dir/MiniOzoneClusterImpl-662cd06e-90be-4667-aa39-66a7bad7b745/datanode-5/data/ratis] (custom)
2019-06-12 20:59:25,912 INFO  storage.RaftStorageDirectory (RaftStorageDirectory.java:analyzeStorage(246)) - The storage directory /opt/src/hadoop-ozone/integration-test/target/test-dir/MiniOzoneClusterImpl-662cd06e-90be-4667-aa39-66a7bad7b745/datanode-5/data/ratis/61466251-8cc3-4336-912e-3297e763c184 does not exist. Creating ...
2019-06-12 20:59:25,914 INFO  storage.RaftStorageDirectory (RaftStorageDirectory.java:tryLock(328)) - Lock on /opt/src/hadoop-ozone/integration-test/target/test-dir/MiniOzoneClusterImpl-662cd06e-90be-4667-aa39-66a7bad7b745/datanode-5/data/ratis/61466251-8cc3-4336-912e-3297e763c184/in_use.lock acquired by nodename 20532@ozone-kvdz9-1409474171
2019-06-12 20:59:25,917 INFO  storage.RaftStorage (RaftStorage.java:format(75)) - Storage directory /opt/src/hadoop-ozone/integration-test/target/test-dir/MiniOzoneClusterImpl-662cd06e-90be-4667-aa39-66a7bad7b745/datanode-5/data/ratis/61466251-8cc3-4336-912e-3297e763c184 has been successfully formatted.
2019-06-12 20:59:25,917 INFO  ratis.ContainerStateMachine (ContainerStateMachine.java:loadSnapshot(199)) - The snapshot info is null.Setting the last applied index to:(t:0, i:~)
2019-06-12 20:59:25,917 INFO  server.RaftServerConfigKeys (ConfUtils.java:logGet(43)) - raft.server.leader.election.timeout = 120s (custom)
2019-06-12 20:59:25,917 INFO  server.RaftServerConfigKeys (ConfUtils.java:logGet(43)) - raft.server.log.use.memory = false (default)
2019-06-12 20:59:25,917 INFO  server.RaftServerConfigKeys (ConfUtils.java:logGet(43)) - raft.server.log.appender.buffer.byte-limit = 33554432 (custom)
2019-06-12 20:59:25,917 INFO  server.RaftServerConfigKeys (ConfUtils.java:logGet(43)) - raft.server.log.segment.size.max = 16384 (custom)
2019-06-12 20:59:25,917 INFO  server.RaftServerConfigKeys (ConfUtils.java:logGet(43)) - raft.server.log.segment.cache.num.max = 2 (custom)
2019-06-12 20:59:25,917 INFO  storage.RaftLogWorker (RaftLogWorker.java:<init>(123)) - new 84878ea5-fe62-4064-bffc-3baef3bcb712-RaftLogWorker for Storage Directory /opt/src/hadoop-ozone/integration-test/target/test-dir/MiniOzoneClusterImpl-662cd06e-90be-4667-aa39-66a7bad7b745/datanode-5/data/ratis/61466251-8cc3-4336-912e-3297e763c184
2019-06-12 20:59:25,917 INFO  server.RaftServerConfigKeys (ConfUtils.java:logGet(43)) - raft.server.log.queue.byte-limit = 2147483647 (custom)
2019-06-12 20:59:25,917 INFO  server.RaftServerConfigKeys (ConfUtils.java:logGet(43)) - raft.server.log.queue.element-limit = 1024 (custom)
2019-06-12 20:59:25,918 INFO  server.RaftServerConfigKeys (ConfUtils.java:logGet(43)) - raft.server.log.segment.size.max = 16384 (custom)
2019-06-12 20:59:25,918 INFO  server.RaftServerConfigKeys (ConfUtils.java:logGet(43)) - raft.server.log.preallocated.size = 16384 (custom)
2019-06-12 20:59:25,918 INFO  server.RaftServerConfigKeys (ConfUtils.java:logGet(43)) - raft.server.log.write.buffer.size = 33554432 (custom)
2019-06-12 20:59:25,918 INFO  server.RaftServerConfigKeys (ConfUtils.java:logGet(43)) - raft.server.log.force.sync.num = 128 (default)
2019-06-12 20:59:25,918 INFO  server.RaftServerConfigKeys (ConfUtils.java:logGet(43)) - raft.server.log.statemachine.data.sync = true (default)
2019-06-12 20:59:25,918 INFO  server.RaftServerConfigKeys (ConfUtils.java:logGet(43)) - raft.server.log.statemachine.data.sync.timeout = 10s (default)
2019-06-12 20:59:25,918 INFO  server.RaftServerConfigKeys (ConfUtils.java:logGet(43)) - raft.server.log.statemachine.data.sync.timeout.retry = -1 (default)
2019-06-12 20:59:25,918 INFO  server.RaftServerConfigKeys (ConfUtils.java:logGet(43)) - raft.server.log.statemachine.data.caching.enabled = true (custom)
2019-06-12 20:59:25,918 INFO  server.RaftServerConfigKeys (ConfUtils.java:logGet(43)) - raft.server.snapshot.auto.trigger.enabled = true (custom)
2019-06-12 20:59:25,918 INFO  server.RaftServerConfigKeys (ConfUtils.java:logGet(43)) - raft.server.snapshot.auto.trigger.threshold = 10000 (custom)
2019-06-12 20:59:25,918 INFO  server.RaftServerConfigKeys (ConfUtils.java:logGet(43)) - raft.server.retrycache.expirytime = 600000ms (custom)
2019-06-12 20:59:25,919 INFO  impl.RaftServerImpl (RaftServerImpl.java:start(173)) - 84878ea5-fe62-4064-bffc-3baef3bcb712: start group-3297E763C184
2019-06-12 20:59:25,919 INFO  impl.RaftServerImpl (RaftServerImpl.java:setRole(164)) - 84878ea5-fe62-4064-bffc-3baef3bcb712:group-3297E763C184 changes role from null to FOLLOWER at term 0 for startAsFollower
2019-06-12 20:59:25,919 INFO  impl.RoleInfo (RoleInfo.java:updateAndGet(143)) - 84878ea5-fe62-4064-bffc-3baef3bcb712: start FollowerState
2019-06-12 20:59:25,919 INFO  util.JmxRegister (JmxRegister.java:tryRegister(44)) - Successfully registered JMX Bean with object name Ratis:service=RaftServer,group=group-3297E763C184,id=84878ea5-fe62-4064-bffc-3baef3bcb712
2019-06-12 20:59:25,920 INFO  pipeline.PipelineStateManager (PipelineStateManager.java:addPipeline(56)) - Created pipeline Pipeline[ Id: 61466251-8cc3-4336-912e-3297e763c184, Nodes: 84878ea5-fe62-4064-bffc-3baef3bcb712{ip: 192.168.19.5, host: ozone-kvdz9-1409474171, networkLocation: /default-rack, certSerialId: null}, Type:RATIS, Factor:ONE, State:OPEN]
2019-06-12 20:59:25,934 INFO  impl.RaftServerProxy (RaftServerProxy.java:addNew(89)) - 84878ea5-fe62-4064-bffc-3baef3bcb712: addNew group-A84BD106114D:[0db3e33a-947d-4e9b-8360-da6105f764ae:192.168.19.5:44077, 84878ea5-fe62-4064-bffc-3baef3bcb712:192.168.19.5:40681, fad3bd11-baf1-4357-bd05-a84b77a009dc:192.168.19.5:37031] returns group-A84BD106114D:java.util.concurrent.CompletableFuture@9550206[Not completed]
2019-06-12 20:59:25,934 INFO  impl.RaftServerProxy (RaftServerProxy.java:addNew(89)) - 0db3e33a-947d-4e9b-8360-da6105f764ae: addNew group-A84BD106114D:[0db3e33a-947d-4e9b-8360-da6105f764ae:192.168.19.5:44077, 84878ea5-fe62-4064-bffc-3baef3bcb712:192.168.19.5:40681, fad3bd11-baf1-4357-bd05-a84b77a009dc:192.168.19.5:37031] returns group-A84BD106114D:java.util.concurrent.CompletableFuture@6b870fca[Not completed]
2019-06-12 20:59:25,935 INFO  impl.RaftServerImpl (RaftServerImpl.java:<init>(91)) - 84878ea5-fe62-4064-bffc-3baef3bcb712: new RaftServerImpl for group-A84BD106114D:[0db3e33a-947d-4e9b-8360-da6105f764ae:192.168.19.5:44077, 84878ea5-fe62-4064-bffc-3baef3bcb712:192.168.19.5:40681, fad3bd11-baf1-4357-bd05-a84b77a009dc:192.168.19.5:37031] with ContainerStateMachine:uninitialized
2019-06-12 20:59:25,935 INFO  impl.RaftServerProxy (RaftServerProxy.java:addNew(89)) - fad3bd11-baf1-4357-bd05-a84b77a009dc: addNew group-A84BD106114D:[0db3e33a-947d-4e9b-8360-da6105f764ae:192.168.19.5:44077, 84878ea5-fe62-4064-bffc-3baef3bcb712:192.168.19.5:40681, fad3bd11-baf1-4357-bd05-a84b77a009dc:192.168.19.5:37031] returns group-A84BD106114D:java.util.concurrent.CompletableFuture@353eaaec[Not completed]
2019-06-12 20:59:25,935 INFO  server.RaftServerConfigKeys (ConfUtils.java:logGet(43)) - raft.server.rpc.timeout.min = 1s (custom)
2019-06-12 20:59:25,935 INFO  server.RaftServerConfigKeys (ConfUtils.java:logGet(43)) - raft.server.rpc.timeout.max = 1200ms (custom)
2019-06-12 20:59:25,935 INFO  impl.RaftServerImpl (RaftServerImpl.java:<init>(91)) - 0db3e33a-947d-4e9b-8360-da6105f764ae: new RaftServerImpl for group-A84BD106114D:[0db3e33a-947d-4e9b-8360-da6105f764ae:192.168.19.5:44077, 84878ea5-fe62-4064-bffc-3baef3bcb712:192.168.19.5:40681, fad3bd11-baf1-4357-bd05-a84b77a009dc:192.168.19.5:37031] with ContainerStateMachine:uninitialized
2019-06-12 20:59:25,935 INFO  server.RaftServerConfigKeys (ConfUtils.java:logGet(43)) - raft.server.rpcslowness.timeout = 120s (custom)
2019-06-12 20:59:25,935 INFO  server.RaftServerConfigKeys (ConfUtils.java:logGet(43)) - raft.server.rpc.timeout.min = 1s (custom)
2019-06-12 20:59:25,935 INFO  server.RaftServerConfigKeys (ConfUtils.java:logGet(43)) - raft.server.rpc.timeout.max = 1200ms (custom)
2019-06-12 20:59:25,935 INFO  server.RaftServerConfigKeys (ConfUtils.java:logGet(43)) - raft.server.log.appender.install.snapshot.enabled = true (default)
2019-06-12 20:59:25,935 INFO  server.RaftServerConfigKeys (ConfUtils.java:logGet(43)) - raft.server.rpcslowness.timeout = 120s (custom)
2019-06-12 20:59:25,935 INFO  impl.RaftServerImpl (ServerState.java:<init>(101)) - 84878ea5-fe62-4064-bffc-3baef3bcb712:group-A84BD106114D ConfigurationManager, init=-1: [0db3e33a-947d-4e9b-8360-da6105f764ae:192.168.19.5:44077, 84878ea5-fe62-4064-bffc-3baef3bcb712:192.168.19.5:40681, fad3bd11-baf1-4357-bd05-a84b77a009dc:192.168.19.5:37031], old=null, confs=<EMPTY_MAP>
2019-06-12 20:59:25,936 INFO  server.RaftServerConfigKeys (ConfUtils.java:logGet(43)) - raft.server.log.appender.install.snapshot.enabled = true (default)
2019-06-12 20:59:25,936 INFO  server.RaftServerConfigKeys (ConfUtils.java:logGet(43)) - raft.server.storage.dir = [/opt/src/hadoop-ozone/integration-test/target/test-dir/MiniOzoneClusterImpl-662cd06e-90be-4667-aa39-66a7bad7b745/datanode-5/data/ratis] (custom)
2019-06-12 20:59:25,936 INFO  impl.RaftServerImpl (ServerState.java:<init>(101)) - 0db3e33a-947d-4e9b-8360-da6105f764ae:group-A84BD106114D ConfigurationManager, init=-1: [0db3e33a-947d-4e9b-8360-da6105f764ae:192.168.19.5:44077, 84878ea5-fe62-4064-bffc-3baef3bcb712:192.168.19.5:40681, fad3bd11-baf1-4357-bd05-a84b77a009dc:192.168.19.5:37031], old=null, confs=<EMPTY_MAP>
2019-06-12 20:59:25,936 INFO  server.RaftServerConfigKeys (ConfUtils.java:logGet(43)) - raft.server.storage.dir = [/opt/src/hadoop-ozone/integration-test/target/test-dir/MiniOzoneClusterImpl-662cd06e-90be-4667-aa39-66a7bad7b745/datanode-3/data/ratis] (custom)
2019-06-12 20:59:25,936 INFO  storage.RaftStorageDirectory (RaftStorageDirectory.java:analyzeStorage(246)) - The storage directory /opt/src/hadoop-ozone/integration-test/target/test-dir/MiniOzoneClusterImpl-662cd06e-90be-4667-aa39-66a7bad7b745/datanode-5/data/ratis/acb0b851-19cc-4c0a-90a2-a84bd106114d does not exist. Creating ...
2019-06-12 20:59:25,936 INFO  storage.RaftStorageDirectory (RaftStorageDirectory.java:analyzeStorage(246)) - The storage directory /opt/src/hadoop-ozone/integration-test/target/test-dir/MiniOzoneClusterImpl-662cd06e-90be-4667-aa39-66a7bad7b745/datanode-3/data/ratis/acb0b851-19cc-4c0a-90a2-a84bd106114d does not exist. Creating ...
2019-06-12 20:59:25,937 INFO  impl.RaftServerImpl (RaftServerImpl.java:<init>(91)) - fad3bd11-baf1-4357-bd05-a84b77a009dc: new RaftServerImpl for group-A84BD106114D:[0db3e33a-947d-4e9b-8360-da6105f764ae:192.168.19.5:44077, 84878ea5-fe62-4064-bffc-3baef3bcb712:192.168.19.5:40681, fad3bd11-baf1-4357-bd05-a84b77a009dc:192.168.19.5:37031] with ContainerStateMachine:uninitialized
2019-06-12 20:59:25,937 INFO  server.RaftServerConfigKeys (ConfUtils.java:logGet(43)) - raft.server.rpc.timeout.min = 1s (custom)
2019-06-12 20:59:25,937 INFO  server.RaftServerConfigKeys (ConfUtils.java:logGet(43)) - raft.server.rpc.timeout.max = 1200ms (custom)
2019-06-12 20:59:25,937 INFO  server.RaftServerConfigKeys (ConfUtils.java:logGet(43)) - raft.server.rpcslowness.timeout = 120s (custom)
2019-06-12 20:59:25,937 INFO  server.RaftServerConfigKeys (ConfUtils.java:logGet(43)) - raft.server.log.appender.install.snapshot.enabled = true (default)
2019-06-12 20:59:25,937 INFO  impl.RaftServerImpl (ServerState.java:<init>(101)) - fad3bd11-baf1-4357-bd05-a84b77a009dc:group-A84BD106114D ConfigurationManager, init=-1: [0db3e33a-947d-4e9b-8360-da6105f764ae:192.168.19.5:44077, 84878ea5-fe62-4064-bffc-3baef3bcb712:192.168.19.5:40681, fad3bd11-baf1-4357-bd05-a84b77a009dc:192.168.19.5:37031], old=null, confs=<EMPTY_MAP>
2019-06-12 20:59:25,937 INFO  server.RaftServerConfigKeys (ConfUtils.java:logGet(43)) - raft.server.storage.dir = [/opt/src/hadoop-ozone/integration-test/target/test-dir/MiniOzoneClusterImpl-662cd06e-90be-4667-aa39-66a7bad7b745/datanode-4/data/ratis] (custom)
2019-06-12 20:59:25,938 INFO  storage.RaftStorageDirectory (RaftStorageDirectory.java:analyzeStorage(246)) - The storage directory /opt/src/hadoop-ozone/integration-test/target/test-dir/MiniOzoneClusterImpl-662cd06e-90be-4667-aa39-66a7bad7b745/datanode-4/data/ratis/acb0b851-19cc-4c0a-90a2-a84bd106114d does not exist. Creating ...
2019-06-12 20:59:25,939 INFO  storage.RaftStorageDirectory (RaftStorageDirectory.java:tryLock(328)) - Lock on /opt/src/hadoop-ozone/integration-test/target/test-dir/MiniOzoneClusterImpl-662cd06e-90be-4667-aa39-66a7bad7b745/datanode-5/data/ratis/acb0b851-19cc-4c0a-90a2-a84bd106114d/in_use.lock acquired by nodename 20532@ozone-kvdz9-1409474171
2019-06-12 20:59:25,939 INFO  storage.RaftStorageDirectory (RaftStorageDirectory.java:tryLock(328)) - Lock on /opt/src/hadoop-ozone/integration-test/target/test-dir/MiniOzoneClusterImpl-662cd06e-90be-4667-aa39-66a7bad7b745/datanode-3/data/ratis/acb0b851-19cc-4c0a-90a2-a84bd106114d/in_use.lock acquired by nodename 20532@ozone-kvdz9-1409474171
2019-06-12 20:59:25,940 INFO  storage.RaftStorageDirectory (RaftStorageDirectory.java:tryLock(328)) - Lock on /opt/src/hadoop-ozone/integration-test/target/test-dir/MiniOzoneClusterImpl-662cd06e-90be-4667-aa39-66a7bad7b745/datanode-4/data/ratis/acb0b851-19cc-4c0a-90a2-a84bd106114d/in_use.lock acquired by nodename 20532@ozone-kvdz9-1409474171
2019-06-12 20:59:25,942 INFO  storage.RaftStorage (RaftStorage.java:format(75)) - Storage directory /opt/src/hadoop-ozone/integration-test/target/test-dir/MiniOzoneClusterImpl-662cd06e-90be-4667-aa39-66a7bad7b745/datanode-5/data/ratis/acb0b851-19cc-4c0a-90a2-a84bd106114d has been successfully formatted.
2019-06-12 20:59:25,942 INFO  storage.RaftStorage (RaftStorage.java:format(75)) - Storage directory /opt/src/hadoop-ozone/integration-test/target/test-dir/MiniOzoneClusterImpl-662cd06e-90be-4667-aa39-66a7bad7b745/datanode-3/data/ratis/acb0b851-19cc-4c0a-90a2-a84bd106114d has been successfully formatted.
2019-06-12 20:59:25,942 INFO  ratis.ContainerStateMachine (ContainerStateMachine.java:loadSnapshot(199)) - The snapshot info is null.Setting the last applied index to:(t:0, i:~)
2019-06-12 20:59:25,942 INFO  server.RaftServerConfigKeys (ConfUtils.java:logGet(43)) - raft.server.leader.election.timeout = 120s (custom)
2019-06-12 20:59:25,942 INFO  server.RaftServerConfigKeys (ConfUtils.java:logGet(43)) - raft.server.log.use.memory = false (default)
2019-06-12 20:59:25,942 INFO  server.RaftServerConfigKeys (ConfUtils.java:logGet(43)) - raft.server.log.appender.buffer.byte-limit = 33554432 (custom)
2019-06-12 20:59:25,942 INFO  server.RaftServerConfigKeys (ConfUtils.java:logGet(43)) - raft.server.log.segment.size.max = 16384 (custom)
2019-06-12 20:59:25,942 INFO  server.RaftServerConfigKeys (ConfUtils.java:logGet(43)) - raft.server.log.segment.cache.num.max = 2 (custom)
2019-06-12 20:59:25,942 INFO  storage.RaftLogWorker (RaftLogWorker.java:<init>(123)) - new 84878ea5-fe62-4064-bffc-3baef3bcb712-RaftLogWorker for Storage Directory /opt/src/hadoop-ozone/integration-test/target/test-dir/MiniOzoneClusterImpl-662cd06e-90be-4667-aa39-66a7bad7b745/datanode-5/data/ratis/acb0b851-19cc-4c0a-90a2-a84bd106114d
2019-06-12 20:59:25,943 INFO  ratis.ContainerStateMachine (ContainerStateMachine.java:loadSnapshot(199)) - The snapshot info is null.Setting the last applied index to:(t:0, i:~)
2019-06-12 20:59:25,943 INFO  server.RaftServerConfigKeys (ConfUtils.java:logGet(43)) - raft.server.log.queue.byte-limit = 2147483647 (custom)
2019-06-12 20:59:25,943 INFO  server.RaftServerConfigKeys (ConfUtils.java:logGet(43)) - raft.server.leader.election.timeout = 120s (custom)
2019-06-12 20:59:25,943 INFO  server.RaftServerConfigKeys (ConfUtils.java:logGet(43)) - raft.server.log.queue.element-limit = 1024 (custom)
2019-06-12 20:59:25,943 INFO  server.RaftServerConfigKeys (ConfUtils.java:logGet(43)) - raft.server.log.use.memory = false (default)
2019-06-12 20:59:25,943 INFO  storage.RaftStorage (RaftStorage.java:format(75)) - Storage directory /opt/src/hadoop-ozone/integration-test/target/test-dir/MiniOzoneClusterImpl-662cd06e-90be-4667-aa39-66a7bad7b745/datanode-4/data/ratis/acb0b851-19cc-4c0a-90a2-a84bd106114d has been successfully formatted.
2019-06-12 20:59:25,943 INFO  server.RaftServerConfigKeys (ConfUtils.java:logGet(43)) - raft.server.log.segment.size.max = 16384 (custom)
2019-06-12 20:59:25,943 INFO  ratis.ContainerStateMachine (ContainerStateMachine.java:loadSnapshot(199)) - The snapshot info is null.Setting the last applied index to:(t:0, i:~)
2019-06-12 20:59:25,943 INFO  server.RaftServerConfigKeys (ConfUtils.java:logGet(43)) - raft.server.log.appender.buffer.byte-limit = 33554432 (custom)
2019-06-12 20:59:25,943 INFO  server.RaftServerConfigKeys (ConfUtils.java:logGet(43)) - raft.server.leader.election.timeout = 120s (custom)
2019-06-12 20:59:25,943 INFO  server.RaftServerConfigKeys (ConfUtils.java:logGet(43)) - raft.server.log.preallocated.size = 16384 (custom)
2019-06-12 20:59:25,943 INFO  server.RaftServerConfigKeys (ConfUtils.java:logGet(43)) - raft.server.log.use.memory = false (default)
2019-06-12 20:59:25,943 INFO  server.RaftServerConfigKeys (ConfUtils.java:logGet(43)) - raft.server.log.segment.size.max = 16384 (custom)
2019-06-12 20:59:25,944 INFO  server.RaftServerConfigKeys (ConfUtils.java:logGet(43)) - raft.server.log.appender.buffer.byte-limit = 33554432 (custom)
2019-06-12 20:59:25,944 INFO  server.RaftServerConfigKeys (ConfUtils.java:logGet(43)) - raft.server.log.write.buffer.size = 33554432 (custom)
2019-06-12 20:59:25,944 INFO  server.RaftServerConfigKeys (ConfUtils.java:logGet(43)) - raft.server.log.segment.size.max = 16384 (custom)
2019-06-12 20:59:25,944 INFO  server.RaftServerConfigKeys (ConfUtils.java:logGet(43)) - raft.server.log.segment.cache.num.max = 2 (custom)
2019-06-12 20:59:25,944 INFO  server.RaftServerConfigKeys (ConfUtils.java:logGet(43)) - raft.server.log.segment.cache.num.max = 2 (custom)
2019-06-12 20:59:25,944 INFO  server.RaftServerConfigKeys (ConfUtils.java:logGet(43)) - raft.server.log.force.sync.num = 128 (default)
2019-06-12 20:59:25,944 INFO  storage.RaftLogWorker (RaftLogWorker.java:<init>(123)) - new fad3bd11-baf1-4357-bd05-a84b77a009dc-RaftLogWorker for Storage Directory /opt/src/hadoop-ozone/integration-test/target/test-dir/MiniOzoneClusterImpl-662cd06e-90be-4667-aa39-66a7bad7b745/datanode-4/data/ratis/acb0b851-19cc-4c0a-90a2-a84bd106114d
2019-06-12 20:59:25,944 INFO  storage.RaftLogWorker (RaftLogWorker.java:<init>(123)) - new 0db3e33a-947d-4e9b-8360-da6105f764ae-RaftLogWorker for Storage Directory /opt/src/hadoop-ozone/integration-test/target/test-dir/MiniOzoneClusterImpl-662cd06e-90be-4667-aa39-66a7bad7b745/datanode-3/data/ratis/acb0b851-19cc-4c0a-90a2-a84bd106114d
2019-06-12 20:59:25,944 INFO  server.RaftServerConfigKeys (ConfUtils.java:logGet(43)) - raft.server.log.queue.byte-limit = 2147483647 (custom)
2019-06-12 20:59:25,944 INFO  server.RaftServerConfigKeys (ConfUtils.java:logGet(43)) - raft.server.log.statemachine.data.sync = true (default)
2019-06-12 20:59:25,944 INFO  server.RaftServerConfigKeys (ConfUtils.java:logGet(43)) - raft.server.log.queue.element-limit = 1024 (custom)
2019-06-12 20:59:25,944 INFO  server.RaftServerConfigKeys (ConfUtils.java:logGet(43)) - raft.server.log.queue.byte-limit = 2147483647 (custom)
2019-06-12 20:59:25,945 INFO  server.RaftServerConfigKeys (ConfUtils.java:logGet(43)) - raft.server.log.segment.size.max = 16384 (custom)
2019-06-12 20:59:25,945 INFO  server.RaftServerConfigKeys (ConfUtils.java:logGet(43)) - raft.server.log.statemachine.data.sync.timeout = 10s (default)
2019-06-12 20:59:25,945 INFO  server.RaftServerConfigKeys (ConfUtils.java:logGet(43)) - raft.server.log.preallocated.size = 16384 (custom)
2019-06-12 20:59:25,945 INFO  server.RaftServerConfigKeys (ConfUtils.java:logGet(43)) - raft.server.log.queue.element-limit = 1024 (custom)
2019-06-12 20:59:25,945 INFO  server.RaftServerConfigKeys (ConfUtils.java:logGet(43)) - raft.server.log.write.buffer.size = 33554432 (custom)
2019-06-12 20:59:25,945 INFO  server.RaftServerConfigKeys (ConfUtils.java:logGet(43)) - raft.server.log.statemachine.data.sync.timeout.retry = -1 (default)
2019-06-12 20:59:25,945 INFO  server.RaftServerConfigKeys (ConfUtils.java:logGet(43)) - raft.server.log.force.sync.num = 128 (default)
2019-06-12 20:59:25,945 INFO  server.RaftServerConfigKeys (ConfUtils.java:logGet(43)) - raft.server.log.segment.size.max = 16384 (custom)
2019-06-12 20:59:25,945 INFO  server.RaftServerConfigKeys (ConfUtils.java:logGet(43)) - raft.server.log.statemachine.data.sync = true (default)
2019-06-12 20:59:25,945 INFO  server.RaftServerConfigKeys (ConfUtils.java:logGet(43)) - raft.server.log.statemachine.data.caching.enabled = true (custom)
2019-06-12 20:59:25,946 INFO  server.RaftServerConfigKeys (ConfUtils.java:logGet(43)) - raft.server.log.statemachine.data.sync.timeout = 10s (default)
2019-06-12 20:59:25,945 INFO  server.RaftServerConfigKeys (ConfUtils.java:logGet(43)) - raft.server.log.preallocated.size = 16384 (custom)
2019-06-12 20:59:25,946 INFO  server.RaftServerConfigKeys (ConfUtils.java:logGet(43)) - raft.server.log.write.buffer.size = 33554432 (custom)
2019-06-12 20:59:25,946 INFO  server.RaftServerConfigKeys (ConfUtils.java:logGet(43)) - raft.server.log.force.sync.num = 128 (default)
2019-06-12 20:59:25,946 INFO  server.RaftServerConfigKeys (ConfUtils.java:logGet(43)) - raft.server.snapshot.auto.trigger.enabled = true (custom)
2019-06-12 20:59:25,946 INFO  server.RaftServerConfigKeys (ConfUtils.java:logGet(43)) - raft.server.log.statemachine.data.sync.timeout.retry = -1 (default)
2019-06-12 20:59:25,946 INFO  server.RaftServerConfigKeys (ConfUtils.java:logGet(43)) - raft.server.log.statemachine.data.sync = true (default)
2019-06-12 20:59:25,946 INFO  server.RaftServerConfigKeys (ConfUtils.java:logGet(43)) - raft.server.log.statemachine.data.caching.enabled = true (custom)
2019-06-12 20:59:25,946 INFO  server.RaftServerConfigKeys (ConfUtils.java:logGet(43)) - raft.server.snapshot.auto.trigger.threshold = 10000 (custom)
2019-06-12 20:59:25,946 INFO  server.RaftServerConfigKeys (ConfUtils.java:logGet(43)) - raft.server.log.statemachine.data.sync.timeout = 10s (default)
2019-06-12 20:59:25,947 INFO  server.RaftServerConfigKeys (ConfUtils.java:logGet(43)) - raft.server.snapshot.auto.trigger.enabled = true (custom)
2019-06-12 20:59:25,947 INFO  server.RaftServerConfigKeys (ConfUtils.java:logGet(43)) - raft.server.retrycache.expirytime = 600000ms (custom)
2019-06-12 20:59:25,947 INFO  server.RaftServerConfigKeys (ConfUtils.java:logGet(43)) - raft.server.log.statemachine.data.sync.timeout.retry = -1 (default)
2019-06-12 20:59:25,947 INFO  impl.RaftServerImpl (RaftServerImpl.java:start(173)) - 84878ea5-fe62-4064-bffc-3baef3bcb712: start group-A84BD106114D
2019-06-12 20:59:25,947 INFO  server.RaftServerConfigKeys (ConfUtils.java:logGet(43)) - raft.server.snapshot.auto.trigger.threshold = 10000 (custom)
2019-06-12 20:59:25,947 INFO  impl.RaftServerImpl (RaftServerImpl.java:setRole(164)) - 84878ea5-fe62-4064-bffc-3baef3bcb712:group-A84BD106114D changes role from null to FOLLOWER at term 0 for startAsFollower
2019-06-12 20:59:25,947 INFO  server.RaftServerConfigKeys (ConfUtils.java:logGet(43)) - raft.server.log.statemachine.data.caching.enabled = true (custom)
2019-06-12 20:59:25,947 INFO  impl.RoleInfo (RoleInfo.java:updateAndGet(143)) - 84878ea5-fe62-4064-bffc-3baef3bcb712: start FollowerState
2019-06-12 20:59:25,947 INFO  server.RaftServerConfigKeys (ConfUtils.java:logGet(43)) - raft.server.retrycache.expirytime = 600000ms (custom)
2019-06-12 20:59:25,947 INFO  impl.RaftServerImpl (RaftServerImpl.java:start(173)) - fad3bd11-baf1-4357-bd05-a84b77a009dc: start group-A84BD106114D
2019-06-12 20:59:25,947 INFO  impl.RaftServerImpl (RaftServerImpl.java:setRole(164)) - fad3bd11-baf1-4357-bd05-a84b77a009dc:group-A84BD106114D changes role from null to FOLLOWER at term 0 for startAsFollower
2019-06-12 20:59:25,947 INFO  util.JmxRegister (JmxRegister.java:tryRegister(44)) - Successfully registered JMX Bean with object name Ratis:service=RaftServer,group=group-A84BD106114D,id=84878ea5-fe62-4064-bffc-3baef3bcb712
2019-06-12 20:59:25,948 INFO  server.RaftServerConfigKeys (ConfUtils.java:logGet(43)) - raft.server.snapshot.auto.trigger.enabled = true (custom)
2019-06-12 20:59:25,948 INFO  impl.RoleInfo (RoleInfo.java:updateAndGet(143)) - fad3bd11-baf1-4357-bd05-a84b77a009dc: start FollowerState
2019-06-12 20:59:25,948 INFO  server.RaftServerConfigKeys (ConfUtils.java:logGet(43)) - raft.server.snapshot.auto.trigger.threshold = 10000 (custom)
2019-06-12 20:59:25,949 INFO  server.RaftServerConfigKeys (ConfUtils.java:logGet(43)) - raft.server.retrycache.expirytime = 600000ms (custom)
2019-06-12 20:59:25,949 INFO  impl.RaftServerImpl (RaftServerImpl.java:start(173)) - 0db3e33a-947d-4e9b-8360-da6105f764ae: start group-A84BD106114D
2019-06-12 20:59:25,950 INFO  impl.RaftServerImpl (RaftServerImpl.java:setRole(164)) - 0db3e33a-947d-4e9b-8360-da6105f764ae:group-A84BD106114D changes role from null to FOLLOWER at term 0 for startAsFollower
2019-06-12 20:59:25,953 INFO  impl.RoleInfo (RoleInfo.java:updateAndGet(143)) - 0db3e33a-947d-4e9b-8360-da6105f764ae: start FollowerState
2019-06-12 20:59:25,953 INFO  util.JmxRegister (JmxRegister.java:tryRegister(44)) - Successfully registered JMX Bean with object name Ratis:service=RaftServer,group=group-A84BD106114D,id=fad3bd11-baf1-4357-bd05-a84b77a009dc
2019-06-12 20:59:25,954 INFO  util.JmxRegister (JmxRegister.java:tryRegister(44)) - Successfully registered JMX Bean with object name Ratis:service=RaftServer,group=group-A84BD106114D,id=0db3e33a-947d-4e9b-8360-da6105f764ae
2019-06-12 20:59:25,955 INFO  pipeline.PipelineStateManager (PipelineStateManager.java:addPipeline(56)) - Created pipeline Pipeline[ Id: acb0b851-19cc-4c0a-90a2-a84bd106114d, Nodes: fad3bd11-baf1-4357-bd05-a84b77a009dc{ip: 192.168.19.5, host: ozone-kvdz9-1409474171, networkLocation: /default-rack, certSerialId: null}0db3e33a-947d-4e9b-8360-da6105f764ae{ip: 192.168.19.5, host: ozone-kvdz9-1409474171, networkLocation: /default-rack, certSerialId: null}84878ea5-fe62-4064-bffc-3baef3bcb712{ip: 192.168.19.5, host: ozone-kvdz9-1409474171, networkLocation: /default-rack, certSerialId: null}, Type:RATIS, Factor:THREE, State:OPEN]
2019-06-12 20:59:26,067 INFO  ozone.MiniOzoneClusterImpl (MiniOzoneClusterImpl.java:lambda$waitForClusterToBeReady$0(142)) - Waiting for cluster to be ready. Got 6 of 7 DN Heartbeats.
2019-06-12 20:59:26,075 INFO  node.SCMNodeManager (SCMNodeManager.java:register(234)) - Registered Data node : 69f1fa07-9ea8-4df9-931f-cec33c9b995c{ip: 192.168.19.5, host: ozone-kvdz9-1409474171, networkLocation: /default-rack, certSerialId: null}
2019-06-12 20:59:26,084 INFO  impl.RaftServerProxy (RaftServerProxy.java:addNew(89)) - 69f1fa07-9ea8-4df9-931f-cec33c9b995c: addNew group-595A036110D9:[69f1fa07-9ea8-4df9-931f-cec33c9b995c:192.168.19.5:45565] returns group-595A036110D9:java.util.concurrent.CompletableFuture@36bfd6db[Not completed]
2019-06-12 20:59:26,085 INFO  impl.RaftServerImpl (RaftServerImpl.java:<init>(91)) - 69f1fa07-9ea8-4df9-931f-cec33c9b995c: new RaftServerImpl for group-595A036110D9:[69f1fa07-9ea8-4df9-931f-cec33c9b995c:192.168.19.5:45565] with ContainerStateMachine:uninitialized
2019-06-12 20:59:26,085 INFO  server.RaftServerConfigKeys (ConfUtils.java:logGet(43)) - raft.server.rpc.timeout.min = 1s (custom)
2019-06-12 20:59:26,085 INFO  server.RaftServerConfigKeys (ConfUtils.java:logGet(43)) - raft.server.rpc.timeout.max = 1200ms (custom)
2019-06-12 20:59:26,085 INFO  server.RaftServerConfigKeys (ConfUtils.java:logGet(43)) - raft.server.rpcslowness.timeout = 120s (custom)
2019-06-12 20:59:26,085 INFO  server.RaftServerConfigKeys (ConfUtils.java:logGet(43)) - raft.server.log.appender.install.snapshot.enabled = true (default)
2019-06-12 20:59:26,085 INFO  impl.RaftServerImpl (ServerState.java:<init>(101)) - 69f1fa07-9ea8-4df9-931f-cec33c9b995c:group-595A036110D9 ConfigurationManager, init=-1: [69f1fa07-9ea8-4df9-931f-cec33c9b995c:192.168.19.5:45565], old=null, confs=<EMPTY_MAP>
2019-06-12 20:59:26,086 INFO  server.RaftServerConfigKeys (ConfUtils.java:logGet(43)) - raft.server.storage.dir = [/opt/src/hadoop-ozone/integration-test/target/test-dir/MiniOzoneClusterImpl-662cd06e-90be-4667-aa39-66a7bad7b745/datanode-6/data/ratis] (custom)
2019-06-12 20:59:26,086 INFO  storage.RaftStorageDirectory (RaftStorageDirectory.java:analyzeStorage(246)) - The storage directory /opt/src/hadoop-ozone/integration-test/target/test-dir/MiniOzoneClusterImpl-662cd06e-90be-4667-aa39-66a7bad7b745/datanode-6/data/ratis/efbeca75-8eea-4040-af92-595a036110d9 does not exist. Creating ...
2019-06-12 20:59:26,088 INFO  storage.RaftStorageDirectory (RaftStorageDirectory.java:tryLock(328)) - Lock on /opt/src/hadoop-ozone/integration-test/target/test-dir/MiniOzoneClusterImpl-662cd06e-90be-4667-aa39-66a7bad7b745/datanode-6/data/ratis/efbeca75-8eea-4040-af92-595a036110d9/in_use.lock acquired by nodename 20532@ozone-kvdz9-1409474171
2019-06-12 20:59:26,090 INFO  storage.RaftStorage (RaftStorage.java:format(75)) - Storage directory /opt/src/hadoop-ozone/integration-test/target/test-dir/MiniOzoneClusterImpl-662cd06e-90be-4667-aa39-66a7bad7b745/datanode-6/data/ratis/efbeca75-8eea-4040-af92-595a036110d9 has been successfully formatted.
2019-06-12 20:59:26,090 INFO  ratis.ContainerStateMachine (ContainerStateMachine.java:loadSnapshot(199)) - The snapshot info is null.Setting the last applied index to:(t:0, i:~)
2019-06-12 20:59:26,091 INFO  server.RaftServerConfigKeys (ConfUtils.java:logGet(43)) - raft.server.leader.election.timeout = 120s (custom)
2019-06-12 20:59:26,091 INFO  server.RaftServerConfigKeys (ConfUtils.java:logGet(43)) - raft.server.log.use.memory = false (default)
2019-06-12 20:59:26,091 INFO  server.RaftServerConfigKeys (ConfUtils.java:logGet(43)) - raft.server.log.appender.buffer.byte-limit = 33554432 (custom)
2019-06-12 20:59:26,091 INFO  server.RaftServerConfigKeys (ConfUtils.java:logGet(43)) - raft.server.log.segment.size.max = 16384 (custom)
2019-06-12 20:59:26,091 INFO  server.RaftServerConfigKeys (ConfUtils.java:logGet(43)) - raft.server.log.segment.cache.num.max = 2 (custom)
2019-06-12 20:59:26,091 INFO  storage.RaftLogWorker (RaftLogWorker.java:<init>(123)) - new 69f1fa07-9ea8-4df9-931f-cec33c9b995c-RaftLogWorker for Storage Directory /opt/src/hadoop-ozone/integration-test/target/test-dir/MiniOzoneClusterImpl-662cd06e-90be-4667-aa39-66a7bad7b745/datanode-6/data/ratis/efbeca75-8eea-4040-af92-595a036110d9
2019-06-12 20:59:26,091 INFO  server.RaftServerConfigKeys (ConfUtils.java:logGet(43)) - raft.server.log.queue.byte-limit = 2147483647 (custom)
2019-06-12 20:59:26,091 INFO  server.RaftServerConfigKeys (ConfUtils.java:logGet(43)) - raft.server.log.queue.element-limit = 1024 (custom)
2019-06-12 20:59:26,091 INFO  server.RaftServerConfigKeys (ConfUtils.java:logGet(43)) - raft.server.log.segment.size.max = 16384 (custom)
2019-06-12 20:59:26,091 INFO  server.RaftServerConfigKeys (ConfUtils.java:logGet(43)) - raft.server.log.preallocated.size = 16384 (custom)
2019-06-12 20:59:26,091 INFO  server.RaftServerConfigKeys (ConfUtils.java:logGet(43)) - raft.server.log.write.buffer.size = 33554432 (custom)
2019-06-12 20:59:26,091 INFO  server.RaftServerConfigKeys (ConfUtils.java:logGet(43)) - raft.server.log.force.sync.num = 128 (default)
2019-06-12 20:59:26,091 INFO  server.RaftServerConfigKeys (ConfUtils.java:logGet(43)) - raft.server.log.statemachine.data.sync = true (default)
2019-06-12 20:59:26,091 INFO  server.RaftServerConfigKeys (ConfUtils.java:logGet(43)) - raft.server.log.statemachine.data.sync.timeout = 10s (default)
2019-06-12 20:59:26,091 INFO  server.RaftServerConfigKeys (ConfUtils.java:logGet(43)) - raft.server.log.statemachine.data.sync.timeout.retry = -1 (default)
2019-06-12 20:59:26,091 INFO  server.RaftServerConfigKeys (ConfUtils.java:logGet(43)) - raft.server.log.statemachine.data.caching.enabled = true (custom)
2019-06-12 20:59:26,092 INFO  server.RaftServerConfigKeys (ConfUtils.java:logGet(43)) - raft.server.snapshot.auto.trigger.enabled = true (custom)
2019-06-12 20:59:26,092 INFO  server.RaftServerConfigKeys (ConfUtils.java:logGet(43)) - raft.server.snapshot.auto.trigger.threshold = 10000 (custom)
2019-06-12 20:59:26,092 INFO  server.RaftServerConfigKeys (ConfUtils.java:logGet(43)) - raft.server.retrycache.expirytime = 600000ms (custom)
2019-06-12 20:59:26,092 INFO  impl.RaftServerImpl (RaftServerImpl.java:start(173)) - 69f1fa07-9ea8-4df9-931f-cec33c9b995c: start group-595A036110D9
2019-06-12 20:59:26,092 INFO  impl.RaftServerImpl (RaftServerImpl.java:setRole(164)) - 69f1fa07-9ea8-4df9-931f-cec33c9b995c:group-595A036110D9 changes role from null to FOLLOWER at term 0 for startAsFollower
2019-06-12 20:59:26,092 INFO  impl.RoleInfo (RoleInfo.java:updateAndGet(143)) - 69f1fa07-9ea8-4df9-931f-cec33c9b995c: start FollowerState
2019-06-12 20:59:26,092 INFO  util.JmxRegister (JmxRegister.java:tryRegister(44)) - Successfully registered JMX Bean with object name Ratis:service=RaftServer,group=group-595A036110D9,id=69f1fa07-9ea8-4df9-931f-cec33c9b995c
2019-06-12 20:59:26,094 INFO  pipeline.PipelineStateManager (PipelineStateManager.java:addPipeline(56)) - Created pipeline Pipeline[ Id: efbeca75-8eea-4040-af92-595a036110d9, Nodes: 69f1fa07-9ea8-4df9-931f-cec33c9b995c{ip: 192.168.19.5, host: ozone-kvdz9-1409474171, networkLocation: /default-rack, certSerialId: null}, Type:RATIS, Factor:ONE, State:OPEN]
2019-06-12 20:59:26,201 INFO  impl.FollowerState (FollowerState.java:run(101)) - 460e2dc4-d785-40fe-83e0-e12d10893b3d:group-F7EB72BEC9FB changes to CANDIDATE, lastRpcTime:1164, electionTimeout:1164ms
2019-06-12 20:59:26,201 INFO  impl.RoleInfo (RoleInfo.java:shutdownFollowerState(121)) - 460e2dc4-d785-40fe-83e0-e12d10893b3d: shutdown FollowerState
2019-06-12 20:59:26,201 INFO  impl.RaftServerImpl (RaftServerImpl.java:setRole(164)) - 460e2dc4-d785-40fe-83e0-e12d10893b3d:group-F7EB72BEC9FB changes role from FOLLOWER to CANDIDATE at term 0 for changeToCandidate
2019-06-12 20:59:26,202 INFO  impl.RoleInfo (RoleInfo.java:updateAndGet(143)) - 460e2dc4-d785-40fe-83e0-e12d10893b3d: start LeaderElection
2019-06-12 20:59:26,208 INFO  impl.LeaderElection (LeaderElection.java:askForVotes(181)) - 460e2dc4-d785-40fe-83e0-e12d10893b3d:group-F7EB72BEC9FB:LeaderElection30: begin an election at term 1 for -1: [460e2dc4-d785-40fe-83e0-e12d10893b3d:192.168.19.5:38425], old=null
2019-06-12 20:59:26,208 INFO  impl.RoleInfo (RoleInfo.java:shutdownLeaderElection(134)) - 460e2dc4-d785-40fe-83e0-e12d10893b3d: shutdown LeaderElection
2019-06-12 20:59:26,208 INFO  impl.RaftServerImpl (RaftServerImpl.java:setRole(164)) - 460e2dc4-d785-40fe-83e0-e12d10893b3d:group-F7EB72BEC9FB changes role from CANDIDATE to LEADER at term 1 for changeToLeader
2019-06-12 20:59:26,208 INFO  impl.RaftServerImpl (ServerState.java:setLeader(263)) - 460e2dc4-d785-40fe-83e0-e12d10893b3d:group-F7EB72BEC9FB change Leader from null to 460e2dc4-d785-40fe-83e0-e12d10893b3d at term 1 for becomeLeader, leader elected after 1173ms
2019-06-12 20:59:26,208 INFO  server.RaftServerConfigKeys (ConfUtils.java:logGet(43)) - raft.server.staging.catchup.gap = 1000 (default)
2019-06-12 20:59:26,208 INFO  server.RaftServerConfigKeys (ConfUtils.java:logGet(43)) - raft.server.rpc.sleep.time = 25ms (default)
2019-06-12 20:59:26,208 INFO  server.RaftServerConfigKeys (ConfUtils.java:logGet(43)) - raft.server.watch.timeout = 10s (default)
2019-06-12 20:59:26,208 INFO  server.RaftServerConfigKeys (ConfUtils.java:logGet(43)) - raft.server.watch.timeout.denomination = 1s (default)
2019-06-12 20:59:26,208 INFO  impl.RoleInfo (RoleInfo.java:updateAndGet(143)) - 460e2dc4-d785-40fe-83e0-e12d10893b3d: start LeaderState
2019-06-12 20:59:26,208 INFO  storage.RaftLogWorker (RaftLogWorker.java:startLogSegment(298)) - 460e2dc4-d785-40fe-83e0-e12d10893b3d-RaftLogWorker: Starting segment from index:0
2019-06-12 20:59:26,209 INFO  impl.RaftServerImpl (ServerState.java:setRaftConf(361)) - 460e2dc4-d785-40fe-83e0-e12d10893b3d:group-F7EB72BEC9FB set configuration 0: [460e2dc4-d785-40fe-83e0-e12d10893b3d:192.168.19.5:38425], old=null at 0
2019-06-12 20:59:26,243 INFO  storage.RaftLogWorker (RaftLogWorker.java:execute(469)) - 460e2dc4-d785-40fe-83e0-e12d10893b3d-RaftLogWorker: created new log segment /opt/src/hadoop-ozone/integration-test/target/test-dir/MiniOzoneClusterImpl-662cd06e-90be-4667-aa39-66a7bad7b745/datanode-0/data/ratis/5a2d6743-f7a7-499d-bc13-f7eb72bec9fb/current/log_inprogress_0
2019-06-12 20:59:26,404 INFO  impl.FollowerState (FollowerState.java:run(101)) - dd3f3b49-f1f4-4661-93df-8c6d8c0e1a02:group-4A68E4368407 changes to CANDIDATE, lastRpcTime:1182, electionTimeout:1179ms
2019-06-12 20:59:26,404 INFO  impl.RoleInfo (RoleInfo.java:shutdownFollowerState(121)) - dd3f3b49-f1f4-4661-93df-8c6d8c0e1a02: shutdown FollowerState
2019-06-12 20:59:26,405 INFO  impl.RaftServerImpl (RaftServerImpl.java:setRole(164)) - dd3f3b49-f1f4-4661-93df-8c6d8c0e1a02:group-4A68E4368407 changes role from FOLLOWER to CANDIDATE at term 0 for changeToCandidate
2019-06-12 20:59:26,406 INFO  impl.RoleInfo (RoleInfo.java:updateAndGet(143)) - dd3f3b49-f1f4-4661-93df-8c6d8c0e1a02: start LeaderElection
2019-06-12 20:59:26,411 INFO  impl.LeaderElection (LeaderElection.java:askForVotes(181)) - dd3f3b49-f1f4-4661-93df-8c6d8c0e1a02:group-4A68E4368407:LeaderElection31: begin an election at term 1 for -1: [dd3f3b49-f1f4-4661-93df-8c6d8c0e1a02:192.168.19.5:36431], old=null
2019-06-12 20:59:26,411 INFO  impl.RoleInfo (RoleInfo.java:shutdownLeaderElection(134)) - dd3f3b49-f1f4-4661-93df-8c6d8c0e1a02: shutdown LeaderElection
2019-06-12 20:59:26,411 INFO  impl.RaftServerImpl (RaftServerImpl.java:setRole(164)) - dd3f3b49-f1f4-4661-93df-8c6d8c0e1a02:group-4A68E4368407 changes role from CANDIDATE to LEADER at term 1 for changeToLeader
2019-06-12 20:59:26,412 INFO  impl.RaftServerImpl (ServerState.java:setLeader(263)) - dd3f3b49-f1f4-4661-93df-8c6d8c0e1a02:group-4A68E4368407 change Leader from null to dd3f3b49-f1f4-4661-93df-8c6d8c0e1a02 at term 1 for becomeLeader, leader elected after 1191ms
2019-06-12 20:59:26,412 INFO  server.RaftServerConfigKeys (ConfUtils.java:logGet(43)) - raft.server.staging.catchup.gap = 1000 (default)
2019-06-12 20:59:26,412 INFO  server.RaftServerConfigKeys (ConfUtils.java:logGet(43)) - raft.server.rpc.sleep.time = 25ms (default)
2019-06-12 20:59:26,412 INFO  server.RaftServerConfigKeys (ConfUtils.java:logGet(43)) - raft.server.watch.timeout = 10s (default)
2019-06-12 20:59:26,412 INFO  server.RaftServerConfigKeys (ConfUtils.java:logGet(43)) - raft.server.watch.timeout.denomination = 1s (default)
2019-06-12 20:59:26,412 INFO  impl.RoleInfo (RoleInfo.java:updateAndGet(143)) - dd3f3b49-f1f4-4661-93df-8c6d8c0e1a02: start LeaderState
2019-06-12 20:59:26,412 INFO  storage.RaftLogWorker (RaftLogWorker.java:startLogSegment(298)) - dd3f3b49-f1f4-4661-93df-8c6d8c0e1a02-RaftLogWorker: Starting segment from index:0
2019-06-12 20:59:26,412 INFO  impl.RaftServerImpl (ServerState.java:setRaftConf(361)) - dd3f3b49-f1f4-4661-93df-8c6d8c0e1a02:group-4A68E4368407 set configuration 0: [dd3f3b49-f1f4-4661-93df-8c6d8c0e1a02:192.168.19.5:36431], old=null at 0
2019-06-12 20:59:26,448 INFO  storage.RaftLogWorker (RaftLogWorker.java:execute(469)) - dd3f3b49-f1f4-4661-93df-8c6d8c0e1a02-RaftLogWorker: created new log segment /opt/src/hadoop-ozone/integration-test/target/test-dir/MiniOzoneClusterImpl-662cd06e-90be-4667-aa39-66a7bad7b745/datanode-1/data/ratis/ec97aa42-35ee-4827-bde3-4a68e4368407/current/log_inprogress_0
2019-06-12 20:59:26,465 INFO  impl.FollowerState (FollowerState.java:run(101)) - b64412d9-d7d0-40e0-9fbf-66bbf3ac4fdc:group-D1B758DD5278 changes to CANDIDATE, lastRpcTime:1081, electionTimeout:1081ms
2019-06-12 20:59:26,465 INFO  impl.RoleInfo (RoleInfo.java:shutdownFollowerState(121)) - b64412d9-d7d0-40e0-9fbf-66bbf3ac4fdc: shutdown FollowerState
2019-06-12 20:59:26,465 INFO  impl.RaftServerImpl (RaftServerImpl.java:setRole(164)) - b64412d9-d7d0-40e0-9fbf-66bbf3ac4fdc:group-D1B758DD5278 changes role from FOLLOWER to CANDIDATE at term 0 for changeToCandidate
2019-06-12 20:59:26,465 INFO  impl.RoleInfo (RoleInfo.java:updateAndGet(143)) - b64412d9-d7d0-40e0-9fbf-66bbf3ac4fdc: start LeaderElection
2019-06-12 20:59:26,471 INFO  impl.LeaderElection (LeaderElection.java:askForVotes(181)) - b64412d9-d7d0-40e0-9fbf-66bbf3ac4fdc:group-D1B758DD5278:LeaderElection32: begin an election at term 1 for -1: [b64412d9-d7d0-40e0-9fbf-66bbf3ac4fdc:192.168.19.5:35453], old=null
2019-06-12 20:59:26,471 INFO  impl.RoleInfo (RoleInfo.java:shutdownLeaderElection(134)) - b64412d9-d7d0-40e0-9fbf-66bbf3ac4fdc: shutdown LeaderElection
2019-06-12 20:59:26,471 INFO  impl.RaftServerImpl (RaftServerImpl.java:setRole(164)) - b64412d9-d7d0-40e0-9fbf-66bbf3ac4fdc:group-D1B758DD5278 changes role from CANDIDATE to LEADER at term 1 for changeToLeader
2019-06-12 20:59:26,471 INFO  impl.RaftServerImpl (ServerState.java:setLeader(263)) - b64412d9-d7d0-40e0-9fbf-66bbf3ac4fdc:group-D1B758DD5278 change Leader from null to b64412d9-d7d0-40e0-9fbf-66bbf3ac4fdc at term 1 for becomeLeader, leader elected after 1089ms
2019-06-12 20:59:26,471 INFO  server.RaftServerConfigKeys (ConfUtils.java:logGet(43)) - raft.server.staging.catchup.gap = 1000 (default)
2019-06-12 20:59:26,471 INFO  server.RaftServerConfigKeys (ConfUtils.java:logGet(43)) - raft.server.rpc.sleep.time = 25ms (default)
2019-06-12 20:59:26,471 INFO  server.RaftServerConfigKeys (ConfUtils.java:logGet(43)) - raft.server.watch.timeout = 10s (default)
2019-06-12 20:59:26,471 INFO  server.RaftServerConfigKeys (ConfUtils.java:logGet(43)) - raft.server.watch.timeout.denomination = 1s (default)
2019-06-12 20:59:26,471 INFO  impl.RoleInfo (RoleInfo.java:updateAndGet(143)) - b64412d9-d7d0-40e0-9fbf-66bbf3ac4fdc: start LeaderState
2019-06-12 20:59:26,471 INFO  storage.RaftLogWorker (RaftLogWorker.java:startLogSegment(298)) - b64412d9-d7d0-40e0-9fbf-66bbf3ac4fdc-RaftLogWorker: Starting segment from index:0
2019-06-12 20:59:26,472 INFO  impl.RaftServerImpl (ServerState.java:setRaftConf(361)) - b64412d9-d7d0-40e0-9fbf-66bbf3ac4fdc:group-D1B758DD5278 set configuration 0: [b64412d9-d7d0-40e0-9fbf-66bbf3ac4fdc:192.168.19.5:35453], old=null at 0
2019-06-12 20:59:26,506 INFO  storage.RaftLogWorker (RaftLogWorker.java:execute(469)) - b64412d9-d7d0-40e0-9fbf-66bbf3ac4fdc-RaftLogWorker: created new log segment /opt/src/hadoop-ozone/integration-test/target/test-dir/MiniOzoneClusterImpl-662cd06e-90be-4667-aa39-66a7bad7b745/datanode-2/data/ratis/2c40cce5-4c4f-4b66-8484-d1b758dd5278/current/log_inprogress_0
2019-06-12 20:59:26,519 INFO  impl.FollowerState (FollowerState.java:run(101)) - dd3f3b49-f1f4-4661-93df-8c6d8c0e1a02:group-D34404557330 changes to CANDIDATE, lastRpcTime:1107, electionTimeout:1107ms
2019-06-12 20:59:26,519 INFO  impl.RoleInfo (RoleInfo.java:shutdownFollowerState(121)) - dd3f3b49-f1f4-4661-93df-8c6d8c0e1a02: shutdown FollowerState
2019-06-12 20:59:26,519 INFO  impl.RaftServerImpl (RaftServerImpl.java:setRole(164)) - dd3f3b49-f1f4-4661-93df-8c6d8c0e1a02:group-D34404557330 changes role from FOLLOWER to CANDIDATE at term 0 for changeToCandidate
2019-06-12 20:59:26,520 INFO  impl.RoleInfo (RoleInfo.java:updateAndGet(143)) - dd3f3b49-f1f4-4661-93df-8c6d8c0e1a02: start LeaderElection
2019-06-12 20:59:26,525 INFO  impl.LeaderElection (LeaderElection.java:askForVotes(181)) - dd3f3b49-f1f4-4661-93df-8c6d8c0e1a02:group-D34404557330:LeaderElection33: begin an election at term 1 for -1: [dd3f3b49-f1f4-4661-93df-8c6d8c0e1a02:192.168.19.5:36431, 460e2dc4-d785-40fe-83e0-e12d10893b3d:192.168.19.5:38425, b64412d9-d7d0-40e0-9fbf-66bbf3ac4fdc:192.168.19.5:35453], old=null
2019-06-12 20:59:26,533 INFO  impl.RaftServerImpl (RaftServerImpl.java:setRole(164)) - 460e2dc4-d785-40fe-83e0-e12d10893b3d:group-D34404557330 changes role from FOLLOWER to FOLLOWER at term 1 for recognizeCandidate:dd3f3b49-f1f4-4661-93df-8c6d8c0e1a02
2019-06-12 20:59:26,533 INFO  impl.RoleInfo (RoleInfo.java:shutdownFollowerState(121)) - 460e2dc4-d785-40fe-83e0-e12d10893b3d: shutdown FollowerState
2019-06-12 20:59:26,539 INFO  impl.RaftServerImpl (RaftServerImpl.java:setRole(164)) - b64412d9-d7d0-40e0-9fbf-66bbf3ac4fdc:group-D34404557330 changes role from FOLLOWER to FOLLOWER at term 1 for recognizeCandidate:dd3f3b49-f1f4-4661-93df-8c6d8c0e1a02
2019-06-12 20:59:26,539 INFO  impl.RoleInfo (RoleInfo.java:shutdownFollowerState(121)) - b64412d9-d7d0-40e0-9fbf-66bbf3ac4fdc: shutdown FollowerState
2019-06-12 20:59:26,539 INFO  impl.RoleInfo (RoleInfo.java:updateAndGet(143)) - 460e2dc4-d785-40fe-83e0-e12d10893b3d: start FollowerState
2019-06-12 20:59:26,539 INFO  impl.FollowerState (FollowerState.java:run(109)) - b64412d9-d7d0-40e0-9fbf-66bbf3ac4fdc: FollowerState was interrupted: java.lang.InterruptedException: sleep interrupted
2019-06-12 20:59:26,539 INFO  impl.RoleInfo (RoleInfo.java:updateAndGet(143)) - b64412d9-d7d0-40e0-9fbf-66bbf3ac4fdc: start FollowerState
2019-06-12 20:59:26,539 INFO  impl.FollowerState (FollowerState.java:run(109)) - 460e2dc4-d785-40fe-83e0-e12d10893b3d: FollowerState was interrupted: java.lang.InterruptedException: sleep interrupted
2019-06-12 20:59:26,542 INFO  impl.LeaderElection (LeaderElection.java:logAndReturn(56)) - dd3f3b49-f1f4-4661-93df-8c6d8c0e1a02:group-D34404557330:LeaderElection33: Election PASSED; received 1 response(s) [dd3f3b49-f1f4-4661-93df-8c6d8c0e1a02->460e2dc4-d785-40fe-83e0-e12d10893b3d,true-t1] and 0 exception(s); dd3f3b49-f1f4-4661-93df-8c6d8c0e1a02:t1, leader=null, voted=dd3f3b49-f1f4-4661-93df-8c6d8c0e1a02, raftlog=dd3f3b49-f1f4-4661-93df-8c6d8c0e1a02-SegmentedRaftLog:OPENED:c-1,f-1,i0, conf=-1: [dd3f3b49-f1f4-4661-93df-8c6d8c0e1a02:192.168.19.5:36431, 460e2dc4-d785-40fe-83e0-e12d10893b3d:192.168.19.5:38425, b64412d9-d7d0-40e0-9fbf-66bbf3ac4fdc:192.168.19.5:35453], old=null
2019-06-12 20:59:26,542 INFO  impl.RoleInfo (RoleInfo.java:shutdownLeaderElection(134)) - dd3f3b49-f1f4-4661-93df-8c6d8c0e1a02: shutdown LeaderElection
2019-06-12 20:59:26,542 INFO  impl.RaftServerImpl (RaftServerImpl.java:setRole(164)) - dd3f3b49-f1f4-4661-93df-8c6d8c0e1a02:group-D34404557330 changes role from CANDIDATE to LEADER at term 1 for changeToLeader
2019-06-12 20:59:26,542 INFO  impl.RaftServerImpl (ServerState.java:setLeader(263)) - dd3f3b49-f1f4-4661-93df-8c6d8c0e1a02:group-D34404557330 change Leader from null to dd3f3b49-f1f4-4661-93df-8c6d8c0e1a02 at term 1 for becomeLeader, leader elected after 1134ms
2019-06-12 20:59:26,542 INFO  server.RaftServerConfigKeys (ConfUtils.java:logGet(43)) - raft.server.staging.catchup.gap = 1000 (default)
2019-06-12 20:59:26,542 INFO  server.RaftServerConfigKeys (ConfUtils.java:logGet(43)) - raft.server.rpc.sleep.time = 25ms (default)
2019-06-12 20:59:26,542 INFO  server.RaftServerConfigKeys (ConfUtils.java:logGet(43)) - raft.server.watch.timeout = 10s (default)
2019-06-12 20:59:26,543 INFO  server.RaftServerConfigKeys (ConfUtils.java:logGet(43)) - raft.server.watch.timeout.denomination = 1s (default)
2019-06-12 20:59:26,543 INFO  server.RaftServerConfigKeys (ConfUtils.java:logGet(43)) - raft.server.log.appender.snapshot.chunk.size.max = 16MB (=16777216) (default)
2019-06-12 20:59:26,543 INFO  server.RaftServerConfigKeys (ConfUtils.java:logGet(43)) - raft.server.log.appender.buffer.byte-limit = 33554432 (custom)
2019-06-12 20:59:26,543 INFO  server.RaftServerConfigKeys (ConfUtils.java:logGet(43)) - raft.server.log.appender.buffer.element-limit = 1 (custom)
2019-06-12 20:59:26,543 INFO  grpc.GrpcConfigKeys$Server (ConfUtils.java:logGet(43)) - raft.grpc.server.leader.outstanding.appends.max = 128 (default)
2019-06-12 20:59:26,543 INFO  server.RaftServerConfigKeys (ConfUtils.java:logGet(43)) - raft.server.rpc.request.timeout = 3000ms (default)
2019-06-12 20:59:26,543 INFO  server.RaftServerConfigKeys (ConfUtils.java:logGet(43)) - raft.server.log.appender.install.snapshot.enabled = true (default)
2019-06-12 20:59:26,543 INFO  server.RaftServerConfigKeys (ConfUtils.java:logGet(43)) - raft.server.log.appender.snapshot.chunk.size.max = 16MB (=16777216) (default)
2019-06-12 20:59:26,543 INFO  server.RaftServerConfigKeys (ConfUtils.java:logGet(43)) - raft.server.log.appender.buffer.byte-limit = 33554432 (custom)
2019-06-12 20:59:26,543 INFO  server.RaftServerConfigKeys (ConfUtils.java:logGet(43)) - raft.server.log.appender.buffer.element-limit = 1 (custom)
2019-06-12 20:59:26,544 INFO  grpc.GrpcConfigKeys$Server (ConfUtils.java:logGet(43)) - raft.grpc.server.leader.outstanding.appends.max = 128 (default)
2019-06-12 20:59:26,544 INFO  server.RaftServerConfigKeys (ConfUtils.java:logGet(43)) - raft.server.rpc.request.timeout = 3000ms (default)
2019-06-12 20:59:26,544 INFO  server.RaftServerConfigKeys (ConfUtils.java:logGet(43)) - raft.server.log.appender.install.snapshot.enabled = true (default)
2019-06-12 20:59:26,544 INFO  impl.RoleInfo (RoleInfo.java:updateAndGet(143)) - dd3f3b49-f1f4-4661-93df-8c6d8c0e1a02: start LeaderState
2019-06-12 20:59:26,544 INFO  storage.RaftLogWorker (RaftLogWorker.java:startLogSegment(298)) - dd3f3b49-f1f4-4661-93df-8c6d8c0e1a02-RaftLogWorker: Starting segment from index:0
2019-06-12 20:59:26,546 INFO  impl.RaftServerImpl (ServerState.java:setRaftConf(361)) - dd3f3b49-f1f4-4661-93df-8c6d8c0e1a02:group-D34404557330 set configuration 0: [dd3f3b49-f1f4-4661-93df-8c6d8c0e1a02:192.168.19.5:36431, 460e2dc4-d785-40fe-83e0-e12d10893b3d:192.168.19.5:38425, b64412d9-d7d0-40e0-9fbf-66bbf3ac4fdc:192.168.19.5:35453], old=null at 0
2019-06-12 20:59:26,563 INFO  impl.RaftServerImpl (ServerState.java:setLeader(263)) - 460e2dc4-d785-40fe-83e0-e12d10893b3d:group-D34404557330 change Leader from null to dd3f3b49-f1f4-4661-93df-8c6d8c0e1a02 at term 1 for appendEntries, leader elected after 1155ms
2019-06-12 20:59:26,565 INFO  impl.RaftServerImpl (ServerState.java:setLeader(263)) - b64412d9-d7d0-40e0-9fbf-66bbf3ac4fdc:group-D34404557330 change Leader from null to dd3f3b49-f1f4-4661-93df-8c6d8c0e1a02 at term 1 for appendEntries, leader elected after 1158ms
2019-06-12 20:59:26,584 INFO  impl.RaftServerImpl (ServerState.java:setRaftConf(361)) - 460e2dc4-d785-40fe-83e0-e12d10893b3d:group-D34404557330 set configuration 0: [dd3f3b49-f1f4-4661-93df-8c6d8c0e1a02:192.168.19.5:36431, 460e2dc4-d785-40fe-83e0-e12d10893b3d:192.168.19.5:38425, b64412d9-d7d0-40e0-9fbf-66bbf3ac4fdc:192.168.19.5:35453], old=null at 0
2019-06-12 20:59:26,584 INFO  impl.RaftServerImpl (ServerState.java:setRaftConf(361)) - b64412d9-d7d0-40e0-9fbf-66bbf3ac4fdc:group-D34404557330 set configuration 0: [dd3f3b49-f1f4-4661-93df-8c6d8c0e1a02:192.168.19.5:36431, 460e2dc4-d785-40fe-83e0-e12d10893b3d:192.168.19.5:38425, b64412d9-d7d0-40e0-9fbf-66bbf3ac4fdc:192.168.19.5:35453], old=null at 0
2019-06-12 20:59:26,584 INFO  storage.RaftLogWorker (RaftLogWorker.java:startLogSegment(298)) - 460e2dc4-d785-40fe-83e0-e12d10893b3d-RaftLogWorker: Starting segment from index:0
2019-06-12 20:59:26,584 INFO  storage.RaftLogWorker (RaftLogWorker.java:startLogSegment(298)) - b64412d9-d7d0-40e0-9fbf-66bbf3ac4fdc-RaftLogWorker: Starting segment from index:0
2019-06-12 20:59:26,584 INFO  storage.RaftLogWorker (RaftLogWorker.java:execute(469)) - dd3f3b49-f1f4-4661-93df-8c6d8c0e1a02-RaftLogWorker: created new log segment /opt/src/hadoop-ozone/integration-test/target/test-dir/MiniOzoneClusterImpl-662cd06e-90be-4667-aa39-66a7bad7b745/datanode-1/data/ratis/818aac86-938d-4d03-a1bd-d34404557330/current/log_inprogress_0
2019-06-12 20:59:26,618 INFO  impl.FollowerState (FollowerState.java:run(101)) - 0db3e33a-947d-4e9b-8360-da6105f764ae:group-4C7B825DDC67 changes to CANDIDATE, lastRpcTime:1064, electionTimeout:1064ms
2019-06-12 20:59:26,618 INFO  impl.RoleInfo (RoleInfo.java:shutdownFollowerState(121)) - 0db3e33a-947d-4e9b-8360-da6105f764ae: shutdown FollowerState
2019-06-12 20:59:26,619 INFO  impl.RaftServerImpl (RaftServerImpl.java:setRole(164)) - 0db3e33a-947d-4e9b-8360-da6105f764ae:group-4C7B825DDC67 changes role from FOLLOWER to CANDIDATE at term 0 for changeToCandidate
2019-06-12 20:59:26,619 INFO  impl.RoleInfo (RoleInfo.java:updateAndGet(143)) - 0db3e33a-947d-4e9b-8360-da6105f764ae: start LeaderElection
2019-06-12 20:59:26,627 INFO  storage.RaftLogWorker (RaftLogWorker.java:execute(469)) - b64412d9-d7d0-40e0-9fbf-66bbf3ac4fdc-RaftLogWorker: created new log segment /opt/src/hadoop-ozone/integration-test/target/test-dir/MiniOzoneClusterImpl-662cd06e-90be-4667-aa39-66a7bad7b745/datanode-2/data/ratis/818aac86-938d-4d03-a1bd-d34404557330/current/log_inprogress_0
2019-06-12 20:59:26,627 INFO  impl.LeaderElection (LeaderElection.java:askForVotes(181)) - 0db3e33a-947d-4e9b-8360-da6105f764ae:group-4C7B825DDC67:LeaderElection34: begin an election at term 1 for -1: [0db3e33a-947d-4e9b-8360-da6105f764ae:192.168.19.5:44077], old=null
2019-06-12 20:59:26,627 INFO  storage.RaftLogWorker (RaftLogWorker.java:execute(469)) - 460e2dc4-d785-40fe-83e0-e12d10893b3d-RaftLogWorker: created new log segment /opt/src/hadoop-ozone/integration-test/target/test-dir/MiniOzoneClusterImpl-662cd06e-90be-4667-aa39-66a7bad7b745/datanode-0/data/ratis/818aac86-938d-4d03-a1bd-d34404557330/current/log_inprogress_0
2019-06-12 20:59:26,627 INFO  impl.RoleInfo (RoleInfo.java:shutdownLeaderElection(134)) - 0db3e33a-947d-4e9b-8360-da6105f764ae: shutdown LeaderElection
2019-06-12 20:59:26,627 INFO  impl.RaftServerImpl (RaftServerImpl.java:setRole(164)) - 0db3e33a-947d-4e9b-8360-da6105f764ae:group-4C7B825DDC67 changes role from CANDIDATE to LEADER at term 1 for changeToLeader
2019-06-12 20:59:26,627 INFO  impl.RaftServerImpl (ServerState.java:setLeader(263)) - 0db3e33a-947d-4e9b-8360-da6105f764ae:group-4C7B825DDC67 change Leader from null to 0db3e33a-947d-4e9b-8360-da6105f764ae at term 1 for becomeLeader, leader elected after 1075ms
2019-06-12 20:59:26,627 INFO  server.RaftServerConfigKeys (ConfUtils.java:logGet(43)) - raft.server.staging.catchup.gap = 1000 (default)
2019-06-12 20:59:26,628 INFO  server.RaftServerConfigKeys (ConfUtils.java:logGet(43)) - raft.server.rpc.sleep.time = 25ms (default)
2019-06-12 20:59:26,628 INFO  server.RaftServerConfigKeys (ConfUtils.java:logGet(43)) - raft.server.watch.timeout = 10s (default)
2019-06-12 20:59:26,628 INFO  server.RaftServerConfigKeys (ConfUtils.java:logGet(43)) - raft.server.watch.timeout.denomination = 1s (default)
2019-06-12 20:59:26,628 INFO  impl.RoleInfo (RoleInfo.java:updateAndGet(143)) - 0db3e33a-947d-4e9b-8360-da6105f764ae: start LeaderState
2019-06-12 20:59:26,628 INFO  storage.RaftLogWorker (RaftLogWorker.java:startLogSegment(298)) - 0db3e33a-947d-4e9b-8360-da6105f764ae-RaftLogWorker: Starting segment from index:0
2019-06-12 20:59:26,633 INFO  impl.RaftServerImpl (ServerState.java:setRaftConf(361)) - 0db3e33a-947d-4e9b-8360-da6105f764ae:group-4C7B825DDC67 set configuration 0: [0db3e33a-947d-4e9b-8360-da6105f764ae:192.168.19.5:44077], old=null at 0
2019-06-12 20:59:26,664 INFO  storage.RaftLogWorker (RaftLogWorker.java:execute(469)) - 0db3e33a-947d-4e9b-8360-da6105f764ae-RaftLogWorker: created new log segment /opt/src/hadoop-ozone/integration-test/target/test-dir/MiniOzoneClusterImpl-662cd06e-90be-4667-aa39-66a7bad7b745/datanode-3/data/ratis/bb6eaef1-42e5-4ae2-9304-4c7b825ddc67/current/log_inprogress_0
2019-06-12 20:59:26,792 INFO  impl.FollowerState (FollowerState.java:run(101)) - fad3bd11-baf1-4357-bd05-a84b77a009dc:group-940DFBED0718 changes to CANDIDATE, lastRpcTime:1033, electionTimeout:1033ms
2019-06-12 20:59:26,792 INFO  impl.RoleInfo (RoleInfo.java:shutdownFollowerState(121)) - fad3bd11-baf1-4357-bd05-a84b77a009dc: shutdown FollowerState
2019-06-12 20:59:26,792 INFO  impl.RaftServerImpl (RaftServerImpl.java:setRole(164)) - fad3bd11-baf1-4357-bd05-a84b77a009dc:group-940DFBED0718 changes role from FOLLOWER to CANDIDATE at term 0 for changeToCandidate
2019-06-12 20:59:26,792 INFO  impl.RoleInfo (RoleInfo.java:updateAndGet(143)) - fad3bd11-baf1-4357-bd05-a84b77a009dc: start LeaderElection
2019-06-12 20:59:26,798 INFO  impl.LeaderElection (LeaderElection.java:askForVotes(181)) - fad3bd11-baf1-4357-bd05-a84b77a009dc:group-940DFBED0718:LeaderElection35: begin an election at term 1 for -1: [fad3bd11-baf1-4357-bd05-a84b77a009dc:192.168.19.5:37031], old=null
2019-06-12 20:59:26,798 INFO  impl.RoleInfo (RoleInfo.java:shutdownLeaderElection(134)) - fad3bd11-baf1-4357-bd05-a84b77a009dc: shutdown LeaderElection
2019-06-12 20:59:26,799 INFO  impl.RaftServerImpl (RaftServerImpl.java:setRole(164)) - fad3bd11-baf1-4357-bd05-a84b77a009dc:group-940DFBED0718 changes role from CANDIDATE to LEADER at term 1 for changeToLeader
2019-06-12 20:59:26,799 INFO  impl.RaftServerImpl (ServerState.java:setLeader(263)) - fad3bd11-baf1-4357-bd05-a84b77a009dc:group-940DFBED0718 change Leader from null to fad3bd11-baf1-4357-bd05-a84b77a009dc at term 1 for becomeLeader, leader elected after 1041ms
2019-06-12 20:59:26,799 INFO  server.RaftServerConfigKeys (ConfUtils.java:logGet(43)) - raft.server.staging.catchup.gap = 1000 (default)
2019-06-12 20:59:26,799 INFO  server.RaftServerConfigKeys (ConfUtils.java:logGet(43)) - raft.server.rpc.sleep.time = 25ms (default)
2019-06-12 20:59:26,799 INFO  server.RaftServerConfigKeys (ConfUtils.java:logGet(43)) - raft.server.watch.timeout = 10s (default)
2019-06-12 20:59:26,799 INFO  server.RaftServerConfigKeys (ConfUtils.java:logGet(43)) - raft.server.watch.timeout.denomination = 1s (default)
2019-06-12 20:59:26,799 INFO  impl.RoleInfo (RoleInfo.java:updateAndGet(143)) - fad3bd11-baf1-4357-bd05-a84b77a009dc: start LeaderState
2019-06-12 20:59:26,799 INFO  storage.RaftLogWorker (RaftLogWorker.java:startLogSegment(298)) - fad3bd11-baf1-4357-bd05-a84b77a009dc-RaftLogWorker: Starting segment from index:0
2019-06-12 20:59:26,800 INFO  impl.RaftServerImpl (ServerState.java:setRaftConf(361)) - fad3bd11-baf1-4357-bd05-a84b77a009dc:group-940DFBED0718 set configuration 0: [fad3bd11-baf1-4357-bd05-a84b77a009dc:192.168.19.5:37031], old=null at 0
2019-06-12 20:59:26,834 INFO  storage.RaftLogWorker (RaftLogWorker.java:execute(469)) - fad3bd11-baf1-4357-bd05-a84b77a009dc-RaftLogWorker: created new log segment /opt/src/hadoop-ozone/integration-test/target/test-dir/MiniOzoneClusterImpl-662cd06e-90be-4667-aa39-66a7bad7b745/datanode-4/data/ratis/c32ffabb-a31a-4eda-ba56-940dfbed0718/current/log_inprogress_0
2019-06-12 20:59:26,958 INFO  impl.FollowerState (FollowerState.java:run(101)) - 84878ea5-fe62-4064-bffc-3baef3bcb712:group-A84BD106114D changes to CANDIDATE, lastRpcTime:1010, electionTimeout:1010ms
2019-06-12 20:59:26,958 INFO  impl.RoleInfo (RoleInfo.java:shutdownFollowerState(121)) - 84878ea5-fe62-4064-bffc-3baef3bcb712: shutdown FollowerState
2019-06-12 20:59:26,958 INFO  impl.RaftServerImpl (RaftServerImpl.java:setRole(164)) - 84878ea5-fe62-4064-bffc-3baef3bcb712:group-A84BD106114D changes role from FOLLOWER to CANDIDATE at term 0 for changeToCandidate
2019-06-12 20:59:26,958 INFO  impl.RoleInfo (RoleInfo.java:updateAndGet(143)) - 84878ea5-fe62-4064-bffc-3baef3bcb712: start LeaderElection
2019-06-12 20:59:26,964 INFO  impl.LeaderElection (LeaderElection.java:askForVotes(181)) - 84878ea5-fe62-4064-bffc-3baef3bcb712:group-A84BD106114D:LeaderElection36: begin an election at term 1 for -1: [0db3e33a-947d-4e9b-8360-da6105f764ae:192.168.19.5:44077, 84878ea5-fe62-4064-bffc-3baef3bcb712:192.168.19.5:40681, fad3bd11-baf1-4357-bd05-a84b77a009dc:192.168.19.5:37031], old=null
2019-06-12 20:59:26,970 INFO  impl.FollowerState (FollowerState.java:run(101)) - 0db3e33a-947d-4e9b-8360-da6105f764ae:group-A84BD106114D changes to CANDIDATE, lastRpcTime:1016, electionTimeout:1015ms
2019-06-12 20:59:26,970 INFO  impl.RoleInfo (RoleInfo.java:shutdownFollowerState(121)) - 0db3e33a-947d-4e9b-8360-da6105f764ae: shutdown FollowerState
2019-06-12 20:59:26,970 INFO  impl.RaftServerImpl (RaftServerImpl.java:setRole(164)) - 0db3e33a-947d-4e9b-8360-da6105f764ae:group-A84BD106114D changes role from FOLLOWER to CANDIDATE at term 0 for changeToCandidate
2019-06-12 20:59:26,970 INFO  impl.RaftServerImpl (RaftServerImpl.java:setRole(164)) - fad3bd11-baf1-4357-bd05-a84b77a009dc:group-A84BD106114D changes role from FOLLOWER to FOLLOWER at term 1 for recognizeCandidate:84878ea5-fe62-4064-bffc-3baef3bcb712
2019-06-12 20:59:26,970 INFO  impl.RoleInfo (RoleInfo.java:shutdownFollowerState(121)) - fad3bd11-baf1-4357-bd05-a84b77a009dc: shutdown FollowerState
2019-06-12 20:59:26,970 INFO  impl.RoleInfo (RoleInfo.java:updateAndGet(143)) - fad3bd11-baf1-4357-bd05-a84b77a009dc: start FollowerState
2019-06-12 20:59:26,970 INFO  impl.RoleInfo (RoleInfo.java:updateAndGet(143)) - 0db3e33a-947d-4e9b-8360-da6105f764ae: start LeaderElection
2019-06-12 20:59:26,970 INFO  impl.FollowerState (FollowerState.java:run(109)) - fad3bd11-baf1-4357-bd05-a84b77a009dc: FollowerState was interrupted: java.lang.InterruptedException: sleep interrupted
2019-06-12 20:59:26,974 INFO  impl.RaftServerImpl (RaftServerImpl.java:setRole(164)) - 0db3e33a-947d-4e9b-8360-da6105f764ae:group-A84BD106114D changes role from CANDIDATE to FOLLOWER at term 1 for recognizeCandidate:84878ea5-fe62-4064-bffc-3baef3bcb712
2019-06-12 20:59:26,974 INFO  impl.RoleInfo (RoleInfo.java:shutdownLeaderElection(134)) - 0db3e33a-947d-4e9b-8360-da6105f764ae: shutdown LeaderElection
2019-06-12 20:59:26,974 INFO  impl.RoleInfo (RoleInfo.java:updateAndGet(143)) - 0db3e33a-947d-4e9b-8360-da6105f764ae: start FollowerState
2019-06-12 20:59:26,975 INFO  impl.LeaderElection (LeaderElection.java:logAndReturn(56)) - 84878ea5-fe62-4064-bffc-3baef3bcb712:group-A84BD106114D:LeaderElection36: Election PASSED; received 1 response(s) [84878ea5-fe62-4064-bffc-3baef3bcb712->fad3bd11-baf1-4357-bd05-a84b77a009dc,true-t1] and 0 exception(s); 84878ea5-fe62-4064-bffc-3baef3bcb712:t1, leader=null, voted=84878ea5-fe62-4064-bffc-3baef3bcb712, raftlog=84878ea5-fe62-4064-bffc-3baef3bcb712-SegmentedRaftLog:OPENED:c-1,f-1,i0, conf=-1: [0db3e33a-947d-4e9b-8360-da6105f764ae:192.168.19.5:44077, 84878ea5-fe62-4064-bffc-3baef3bcb712:192.168.19.5:40681, fad3bd11-baf1-4357-bd05-a84b77a009dc:192.168.19.5:37031], old=null
2019-06-12 20:59:26,975 INFO  impl.RoleInfo (RoleInfo.java:shutdownLeaderElection(134)) - 84878ea5-fe62-4064-bffc-3baef3bcb712: shutdown LeaderElection
2019-06-12 20:59:26,975 INFO  impl.RaftServerImpl (RaftServerImpl.java:setRole(164)) - 84878ea5-fe62-4064-bffc-3baef3bcb712:group-A84BD106114D changes role from CANDIDATE to LEADER at term 1 for changeToLeader
2019-06-12 20:59:26,975 INFO  impl.RaftServerImpl (ServerState.java:setLeader(263)) - 84878ea5-fe62-4064-bffc-3baef3bcb712:group-A84BD106114D change Leader from null to 84878ea5-fe62-4064-bffc-3baef3bcb712 at term 1 for becomeLeader, leader elected after 1032ms
2019-06-12 20:59:26,975 INFO  server.RaftServerConfigKeys (ConfUtils.java:logGet(43)) - raft.server.staging.catchup.gap = 1000 (default)
2019-06-12 20:59:26,975 INFO  server.RaftServerConfigKeys (ConfUtils.java:logGet(43)) - raft.server.rpc.sleep.time = 25ms (default)
2019-06-12 20:59:26,975 INFO  server.RaftServerConfigKeys (ConfUtils.java:logGet(43)) - raft.server.watch.timeout = 10s (default)
2019-06-12 20:59:26,975 INFO  server.RaftServerConfigKeys (ConfUtils.java:logGet(43)) - raft.server.watch.timeout.denomination = 1s (default)
2019-06-12 20:59:26,976 INFO  server.RaftServerConfigKeys (ConfUtils.java:logGet(43)) - raft.server.log.appender.snapshot.chunk.size.max = 16MB (=16777216) (default)
2019-06-12 20:59:26,976 INFO  server.RaftServerConfigKeys (ConfUtils.java:logGet(43)) - raft.server.log.appender.buffer.byte-limit = 33554432 (custom)
2019-06-12 20:59:26,976 INFO  server.RaftServerConfigKeys (ConfUtils.java:logGet(43)) - raft.server.log.appender.buffer.element-limit = 1 (custom)
2019-06-12 20:59:26,976 INFO  grpc.GrpcConfigKeys$Server (ConfUtils.java:logGet(43)) - raft.grpc.server.leader.outstanding.appends.max = 128 (default)
2019-06-12 20:59:26,976 INFO  server.RaftServerConfigKeys (ConfUtils.java:logGet(43)) - raft.server.rpc.request.timeout = 3000ms (default)
2019-06-12 20:59:26,976 INFO  server.RaftServerConfigKeys (ConfUtils.java:logGet(43)) - raft.server.log.appender.install.snapshot.enabled = true (default)
2019-06-12 20:59:26,976 INFO  server.RaftServerConfigKeys (ConfUtils.java:logGet(43)) - raft.server.log.appender.snapshot.chunk.size.max = 16MB (=16777216) (default)
2019-06-12 20:59:26,976 INFO  server.RaftServerConfigKeys (ConfUtils.java:logGet(43)) - raft.server.log.appender.buffer.byte-limit = 33554432 (custom)
2019-06-12 20:59:26,976 INFO  server.RaftServerConfigKeys (ConfUtils.java:logGet(43)) - raft.server.log.appender.buffer.element-limit = 1 (custom)
2019-06-12 20:59:26,977 INFO  grpc.GrpcConfigKeys$Server (ConfUtils.java:logGet(43)) - raft.grpc.server.leader.outstanding.appends.max = 128 (default)
2019-06-12 20:59:26,977 INFO  server.RaftServerConfigKeys (ConfUtils.java:logGet(43)) - raft.server.rpc.request.timeout = 3000ms (default)
2019-06-12 20:59:26,977 INFO  server.RaftServerConfigKeys (ConfUtils.java:logGet(43)) - raft.server.log.appender.install.snapshot.enabled = true (default)
2019-06-12 20:59:26,977 INFO  impl.RoleInfo (RoleInfo.java:updateAndGet(143)) - 84878ea5-fe62-4064-bffc-3baef3bcb712: start LeaderState
2019-06-12 20:59:26,978 INFO  storage.RaftLogWorker (RaftLogWorker.java:startLogSegment(298)) - 84878ea5-fe62-4064-bffc-3baef3bcb712-RaftLogWorker: Starting segment from index:0
2019-06-12 20:59:26,978 INFO  impl.RaftServerImpl (ServerState.java:setRaftConf(361)) - 84878ea5-fe62-4064-bffc-3baef3bcb712:group-A84BD106114D set configuration 0: [0db3e33a-947d-4e9b-8360-da6105f764ae:192.168.19.5:44077, 84878ea5-fe62-4064-bffc-3baef3bcb712:192.168.19.5:40681, fad3bd11-baf1-4357-bd05-a84b77a009dc:192.168.19.5:37031], old=null at 0
2019-06-12 20:59:26,979 INFO  impl.LeaderElection (LeaderElection.java:askForVotes(181)) - 0db3e33a-947d-4e9b-8360-da6105f764ae:group-A84BD106114D:LeaderElection37: begin an election at term 2 for -1: [0db3e33a-947d-4e9b-8360-da6105f764ae:192.168.19.5:44077, 84878ea5-fe62-4064-bffc-3baef3bcb712:192.168.19.5:40681, fad3bd11-baf1-4357-bd05-a84b77a009dc:192.168.19.5:37031], old=null
2019-06-12 20:59:26,981 INFO  impl.LeaderElection (LeaderElection.java:logAndReturn(56)) - 0db3e33a-947d-4e9b-8360-da6105f764ae:group-A84BD106114D:LeaderElection37: Election REJECTED; received 0 response(s) [] and 0 exception(s); 0db3e33a-947d-4e9b-8360-da6105f764ae:t2, leader=null, voted=0db3e33a-947d-4e9b-8360-da6105f764ae, raftlog=0db3e33a-947d-4e9b-8360-da6105f764ae-SegmentedRaftLog:OPENED:c-1,f-1,i0, conf=-1: [0db3e33a-947d-4e9b-8360-da6105f764ae:192.168.19.5:44077, 84878ea5-fe62-4064-bffc-3baef3bcb712:192.168.19.5:40681, fad3bd11-baf1-4357-bd05-a84b77a009dc:192.168.19.5:37031], old=null
2019-06-12 20:59:26,997 INFO  impl.FollowerState (FollowerState.java:run(101)) - 84878ea5-fe62-4064-bffc-3baef3bcb712:group-3297E763C184 changes to CANDIDATE, lastRpcTime:1078, electionTimeout:1077ms
2019-06-12 20:59:26,997 INFO  impl.RoleInfo (RoleInfo.java:shutdownFollowerState(121)) - 84878ea5-fe62-4064-bffc-3baef3bcb712: shutdown FollowerState
2019-06-12 20:59:26,997 INFO  impl.RaftServerImpl (ServerState.java:setLeader(263)) - fad3bd11-baf1-4357-bd05-a84b77a009dc:group-A84BD106114D change Leader from null to 84878ea5-fe62-4064-bffc-3baef3bcb712 at term 1 for appendEntries, leader elected after 1053ms
2019-06-12 20:59:26,997 INFO  impl.RaftServerImpl (RaftServerImpl.java:setRole(164)) - 84878ea5-fe62-4064-bffc-3baef3bcb712:group-3297E763C184 changes role from FOLLOWER to CANDIDATE at term 0 for changeToCandidate
2019-06-12 20:59:26,998 INFO  impl.RoleInfo (RoleInfo.java:updateAndGet(143)) - 84878ea5-fe62-4064-bffc-3baef3bcb712: start LeaderElection
2019-06-12 20:59:27,017 INFO  impl.RaftServerImpl (ServerState.java:setLeader(263)) - 84878ea5-fe62-4064-bffc-3baef3bcb712:group-A84BD106114D change Leader from 84878ea5-fe62-4064-bffc-3baef3bcb712 to null at term 2 for updateCurrentTerm
2019-06-12 20:59:27,017 INFO  impl.RaftServerImpl (RaftServerImpl.java:setRole(164)) - 84878ea5-fe62-4064-bffc-3baef3bcb712:group-A84BD106114D changes role from LEADER to FOLLOWER at term 2 for stepDown
2019-06-12 20:59:27,017 INFO  impl.RoleInfo (RoleInfo.java:shutdownLeaderState(104)) - 84878ea5-fe62-4064-bffc-3baef3bcb712: shutdown LeaderState
2019-06-12 20:59:27,017 INFO  impl.PendingRequests (PendingRequests.java:sendNotLeaderResponses(140)) - 84878ea5-fe62-4064-bffc-3baef3bcb712-PendingRequests: sendNotLeaderResponses
2019-06-12 20:59:27,017 INFO  impl.RoleInfo (RoleInfo.java:updateAndGet(143)) - 84878ea5-fe62-4064-bffc-3baef3bcb712: start FollowerState
2019-06-12 20:59:27,018 INFO  server.GrpcServerProtocolService (GrpcServerProtocolService.java:onCompleted(104)) - fad3bd11-baf1-4357-bd05-a84b77a009dc: appendEntries completed
2019-06-12 20:59:27,018 WARN  server.GrpcLogAppender (GrpcLogAppender.java:mayWait(142)) - GrpcLogAppender(84878ea5-fe62-4064-bffc-3baef3bcb712 -> 0db3e33a-947d-4e9b-8360-da6105f764ae): Wait interrupted by java.lang.InterruptedException
2019-06-12 20:59:27,019 INFO  server.GrpcLogAppender (GrpcLogAppender.java:onCompleted(277)) - 84878ea5-fe62-4064-bffc-3baef3bcb712: follower 84878ea5-fe62-4064-bffc-3baef3bcb712->fad3bd11-baf1-4357-bd05-a84b77a009dc(c-1,m0,n0, attendVote=true, lastRpcSendTime=39, lastRpcResponseTime=1) response Completed
2019-06-12 20:59:27,019 INFO  impl.FollowerInfo (FollowerInfo.java:lambda$new$0(50)) - 84878ea5-fe62-4064-bffc-3baef3bcb712->fad3bd11-baf1-4357-bd05-a84b77a009dc: nextIndex: updateUnconditionally 0 -> 0
2019-06-12 20:59:27,027 INFO  storage.RaftLogWorker (RaftLogWorker.java:execute(469)) - 84878ea5-fe62-4064-bffc-3baef3bcb712-RaftLogWorker: created new log segment /opt/src/hadoop-ozone/integration-test/target/test-dir/MiniOzoneClusterImpl-662cd06e-90be-4667-aa39-66a7bad7b745/datanode-5/data/ratis/acb0b851-19cc-4c0a-90a2-a84bd106114d/current/log_inprogress_0
2019-06-12 20:59:27,029 INFO  impl.RaftServerImpl (RaftServerImpl.java:setRole(164)) - 84878ea5-fe62-4064-bffc-3baef3bcb712:group-A84BD106114D changes role from FOLLOWER to FOLLOWER at term 2 for recognizeCandidate:0db3e33a-947d-4e9b-8360-da6105f764ae
2019-06-12 20:59:27,029 INFO  impl.RoleInfo (RoleInfo.java:shutdownFollowerState(121)) - 84878ea5-fe62-4064-bffc-3baef3bcb712: shutdown FollowerState
2019-06-12 20:59:27,029 INFO  impl.RoleInfo (RoleInfo.java:updateAndGet(143)) - 84878ea5-fe62-4064-bffc-3baef3bcb712: start FollowerState
2019-06-12 20:59:27,029 INFO  impl.LeaderElection (LeaderElection.java:askForVotes(181)) - 84878ea5-fe62-4064-bffc-3baef3bcb712:group-3297E763C184:LeaderElection38: begin an election at term 1 for -1: [84878ea5-fe62-4064-bffc-3baef3bcb712:192.168.19.5:40681], old=null
2019-06-12 20:59:27,029 INFO  impl.RoleInfo (RoleInfo.java:shutdownLeaderElection(134)) - 84878ea5-fe62-4064-bffc-3baef3bcb712: shutdown LeaderElection
2019-06-12 20:59:27,029 INFO  impl.RaftServerImpl (RaftServerImpl.java:setRole(164)) - 84878ea5-fe62-4064-bffc-3baef3bcb712:group-3297E763C184 changes role from CANDIDATE to LEADER at term 1 for changeToLeader
2019-06-12 20:59:27,030 INFO  impl.RaftServerImpl (ServerState.java:setLeader(263)) - 84878ea5-fe62-4064-bffc-3baef3bcb712:group-3297E763C184 change Leader from null to 84878ea5-fe62-4064-bffc-3baef3bcb712 at term 1 for becomeLeader, leader elected after 1112ms
2019-06-12 20:59:27,030 INFO  server.RaftServerConfigKeys (ConfUtils.java:logGet(43)) - raft.server.staging.catchup.gap = 1000 (default)
2019-06-12 20:59:27,030 INFO  server.RaftServerConfigKeys (ConfUtils.java:logGet(43)) - raft.server.rpc.sleep.time = 25ms (default)
2019-06-12 20:59:27,030 INFO  server.RaftServerConfigKeys (ConfUtils.java:logGet(43)) - raft.server.watch.timeout = 10s (default)
2019-06-12 20:59:27,030 INFO  server.RaftServerConfigKeys (ConfUtils.java:logGet(43)) - raft.server.watch.timeout.denomination = 1s (default)
2019-06-12 20:59:27,030 INFO  impl.RoleInfo (RoleInfo.java:updateAndGet(143)) - 84878ea5-fe62-4064-bffc-3baef3bcb712: start LeaderState
2019-06-12 20:59:27,030 INFO  storage.RaftLogWorker (RaftLogWorker.java:startLogSegment(298)) - 84878ea5-fe62-4064-bffc-3baef3bcb712-RaftLogWorker: Starting segment from index:0
2019-06-12 20:59:27,030 INFO  impl.RaftServerImpl (ServerState.java:setLeader(263)) - fad3bd11-baf1-4357-bd05-a84b77a009dc:group-A84BD106114D change Leader from 84878ea5-fe62-4064-bffc-3baef3bcb712 to null at term 2 for updateCurrentTerm
2019-06-12 20:59:27,031 INFO  impl.RaftServerImpl (RaftServerImpl.java:setRole(164)) - fad3bd11-baf1-4357-bd05-a84b77a009dc:group-A84BD106114D changes role from FOLLOWER to FOLLOWER at term 2 for recognizeCandidate:0db3e33a-947d-4e9b-8360-da6105f764ae
2019-06-12 20:59:27,031 INFO  impl.RoleInfo (RoleInfo.java:shutdownFollowerState(121)) - fad3bd11-baf1-4357-bd05-a84b77a009dc: shutdown FollowerState
2019-06-12 20:59:27,031 INFO  server.GrpcServerProtocolService (GrpcServerProtocolService.java:onCompleted(104)) - 0db3e33a-947d-4e9b-8360-da6105f764ae: appendEntries completed
2019-06-12 20:59:27,033 INFO  impl.FollowerState (FollowerState.java:run(109)) - 84878ea5-fe62-4064-bffc-3baef3bcb712: FollowerState was interrupted: java.lang.InterruptedException: sleep interrupted
2019-06-12 20:59:27,037 INFO  impl.RaftServerImpl (ServerState.java:setRaftConf(361)) - 84878ea5-fe62-4064-bffc-3baef3bcb712:group-3297E763C184 set configuration 0: [84878ea5-fe62-4064-bffc-3baef3bcb712:192.168.19.5:40681], old=null at 0
2019-06-12 20:59:27,037 INFO  impl.FollowerState (FollowerState.java:run(109)) - fad3bd11-baf1-4357-bd05-a84b77a009dc: FollowerState was interrupted: java.lang.InterruptedException: sleep interrupted
2019-06-12 20:59:27,037 INFO  impl.RoleInfo (RoleInfo.java:updateAndGet(143)) - fad3bd11-baf1-4357-bd05-a84b77a009dc: start FollowerState
2019-06-12 20:59:27,038 INFO  server.GrpcLogAppender (GrpcLogAppender.java:onCompleted(277)) - 84878ea5-fe62-4064-bffc-3baef3bcb712: follower 84878ea5-fe62-4064-bffc-3baef3bcb712->0db3e33a-947d-4e9b-8360-da6105f764ae(c-1,m0,n1, attendVote=true, lastRpcSendTime=19, lastRpcResponseTime=7) response Completed
2019-06-12 20:59:27,038 INFO  impl.FollowerInfo (FollowerInfo.java:lambda$new$0(50)) - 84878ea5-fe62-4064-bffc-3baef3bcb712->0db3e33a-947d-4e9b-8360-da6105f764ae: nextIndex: updateUnconditionally 1 -> 0
2019-06-12 20:59:27,067 INFO  ozone.MiniOzoneClusterImpl (MiniOzoneClusterImpl.java:lambda$waitForClusterToBeReady$0(142)) - Cluster is ready. Got 7 of 7 DN Heartbeats.
2019-06-12 20:59:27,068 INFO  storage.RaftLogWorker (RaftLogWorker.java:execute(469)) - 84878ea5-fe62-4064-bffc-3baef3bcb712-RaftLogWorker: created new log segment /opt/src/hadoop-ozone/integration-test/target/test-dir/MiniOzoneClusterImpl-662cd06e-90be-4667-aa39-66a7bad7b745/datanode-5/data/ratis/61466251-8cc3-4336-912e-3297e763c184/current/log_inprogress_0
2019-06-12 20:59:27,091 INFO  rpc.RpcClient (RpcClient.java:createVolume(289)) - Creating Volume: watchforcommithandlingtest, with root as owner.
2019-06-12 20:59:27,101 INFO  rpc.RpcClient (RpcClient.java:createBucket(426)) - Creating Bucket: watchforcommithandlingtest/watchforcommithandlingtest, with Versioning false and Storage Type set to DISK and Encryption set to false 
2019-06-12 20:59:27,104 INFO  ozone.MiniOzoneClusterImpl (MiniOzoneClusterImpl.java:getStorageContainerLocationClient(241)) - Creating StorageContainerLocationProtocol RPC client with address /0.0.0.0:38549
2019-06-12 20:59:27,112 INFO  client.GrpcClientProtocolClient (GrpcClientProtocolClient.java:onNext(254)) - client-418BEB3E5E55->460e2dc4-d785-40fe-83e0-e12d10893b3d: receive RaftClientReply:client-418BEB3E5E55->460e2dc4-d785-40fe-83e0-e12d10893b3d@group-D34404557330, cid=66, FAILED org.apache.ratis.protocol.NotLeaderException: Server 460e2dc4-d785-40fe-83e0-e12d10893b3d is not the leader (dd3f3b49-f1f4-4661-93df-8c6d8c0e1a02:192.168.19.5:36431). Request must be sent to leader., logIndex=0, commits[460e2dc4-d785-40fe-83e0-e12d10893b3d:c-1, dd3f3b49-f1f4-4661-93df-8c6d8c0e1a02:c-1, b64412d9-d7d0-40e0-9fbf-66bbf3ac4fdc:c-1]
2019-06-12 20:59:27,115 WARN  client.GrpcClientProtocolService (LogUtils.java:warn(134)) - 0-OrderedRequestStreamObserver0: onError: org.apache.ratis.thirdparty.io.grpc.StatusRuntimeException: CANCELLED: cancelled before receiving half close
2019-06-12 20:59:27,212 INFO  impl.FollowerState (FollowerState.java:run(101)) - 69f1fa07-9ea8-4df9-931f-cec33c9b995c:group-595A036110D9 changes to CANDIDATE, lastRpcTime:1120, electionTimeout:1120ms
2019-06-12 20:59:27,213 INFO  impl.RoleInfo (RoleInfo.java:shutdownFollowerState(121)) - 69f1fa07-9ea8-4df9-931f-cec33c9b995c: shutdown FollowerState
2019-06-12 20:59:27,213 INFO  impl.RaftServerImpl (RaftServerImpl.java:setRole(164)) - 69f1fa07-9ea8-4df9-931f-cec33c9b995c:group-595A036110D9 changes role from FOLLOWER to CANDIDATE at term 0 for changeToCandidate
2019-06-12 20:59:27,213 INFO  impl.RoleInfo (RoleInfo.java:updateAndGet(143)) - 69f1fa07-9ea8-4df9-931f-cec33c9b995c: start LeaderElection
2019-06-12 20:59:27,217 INFO  impl.LeaderElection (LeaderElection.java:askForVotes(181)) - 69f1fa07-9ea8-4df9-931f-cec33c9b995c:group-595A036110D9:LeaderElection39: begin an election at term 1 for -1: [69f1fa07-9ea8-4df9-931f-cec33c9b995c:192.168.19.5:45565], old=null
2019-06-12 20:59:27,218 INFO  impl.RoleInfo (RoleInfo.java:shutdownLeaderElection(134)) - 69f1fa07-9ea8-4df9-931f-cec33c9b995c: shutdown LeaderElection
2019-06-12 20:59:27,218 INFO  impl.RaftServerImpl (RaftServerImpl.java:setRole(164)) - 69f1fa07-9ea8-4df9-931f-cec33c9b995c:group-595A036110D9 changes role from CANDIDATE to LEADER at term 1 for changeToLeader
2019-06-12 20:59:27,218 INFO  impl.RaftServerImpl (ServerState.java:setLeader(263)) - 69f1fa07-9ea8-4df9-931f-cec33c9b995c:group-595A036110D9 change Leader from null to 69f1fa07-9ea8-4df9-931f-cec33c9b995c at term 1 for becomeLeader, leader elected after 1127ms
2019-06-12 20:59:27,218 INFO  server.RaftServerConfigKeys (ConfUtils.java:logGet(43)) - raft.server.staging.catchup.gap = 1000 (default)
2019-06-12 20:59:27,218 INFO  server.RaftServerConfigKeys (ConfUtils.java:logGet(43)) - raft.server.rpc.sleep.time = 25ms (default)
2019-06-12 20:59:27,218 INFO  server.RaftServerConfigKeys (ConfUtils.java:logGet(43)) - raft.server.watch.timeout = 10s (default)
2019-06-12 20:59:27,218 INFO  server.RaftServerConfigKeys (ConfUtils.java:logGet(43)) - raft.server.watch.timeout.denomination = 1s (default)
2019-06-12 20:59:27,218 INFO  impl.RoleInfo (RoleInfo.java:updateAndGet(143)) - 69f1fa07-9ea8-4df9-931f-cec33c9b995c: start LeaderState
2019-06-12 20:59:27,218 INFO  storage.RaftLogWorker (RaftLogWorker.java:startLogSegment(298)) - 69f1fa07-9ea8-4df9-931f-cec33c9b995c-RaftLogWorker: Starting segment from index:0
2019-06-12 20:59:27,219 INFO  impl.RaftServerImpl (ServerState.java:setRaftConf(361)) - 69f1fa07-9ea8-4df9-931f-cec33c9b995c:group-595A036110D9 set configuration 0: [69f1fa07-9ea8-4df9-931f-cec33c9b995c:192.168.19.5:45565], old=null at 0
2019-06-12 20:59:27,253 INFO  storage.RaftLogWorker (RaftLogWorker.java:execute(469)) - 69f1fa07-9ea8-4df9-931f-cec33c9b995c-RaftLogWorker: created new log segment /opt/src/hadoop-ozone/integration-test/target/test-dir/MiniOzoneClusterImpl-662cd06e-90be-4667-aa39-66a7bad7b745/datanode-6/data/ratis/efbeca75-8eea-4040-af92-595a036110d9/current/log_inprogress_0
2019-06-12 20:59:28,081 INFO  impl.FollowerState (FollowerState.java:run(101)) - 0db3e33a-947d-4e9b-8360-da6105f764ae:group-A84BD106114D changes to CANDIDATE, lastRpcTime:1106, electionTimeout:1106ms
2019-06-12 20:59:28,081 INFO  impl.RoleInfo (RoleInfo.java:shutdownFollowerState(121)) - 0db3e33a-947d-4e9b-8360-da6105f764ae: shutdown FollowerState
2019-06-12 20:59:28,081 INFO  impl.RaftServerImpl (RaftServerImpl.java:setRole(164)) - 0db3e33a-947d-4e9b-8360-da6105f764ae:group-A84BD106114D changes role from FOLLOWER to CANDIDATE at term 2 for changeToCandidate
2019-06-12 20:59:28,081 INFO  impl.RoleInfo (RoleInfo.java:updateAndGet(143)) - 0db3e33a-947d-4e9b-8360-da6105f764ae: start LeaderElection
2019-06-12 20:59:28,083 INFO  impl.LeaderElection (LeaderElection.java:askForVotes(181)) - 0db3e33a-947d-4e9b-8360-da6105f764ae:group-A84BD106114D:LeaderElection40: begin an election at term 3 for -1: [0db3e33a-947d-4e9b-8360-da6105f764ae:192.168.19.5:44077, 84878ea5-fe62-4064-bffc-3baef3bcb712:192.168.19.5:40681, fad3bd11-baf1-4357-bd05-a84b77a009dc:192.168.19.5:37031], old=null
2019-06-12 20:59:28,085 INFO  impl.RaftServerImpl (RaftServerImpl.java:setRole(164)) - 84878ea5-fe62-4064-bffc-3baef3bcb712:group-A84BD106114D changes role from FOLLOWER to FOLLOWER at term 3 for recognizeCandidate:0db3e33a-947d-4e9b-8360-da6105f764ae
2019-06-12 20:59:28,085 INFO  impl.RoleInfo (RoleInfo.java:shutdownFollowerState(121)) - 84878ea5-fe62-4064-bffc-3baef3bcb712: shutdown FollowerState
2019-06-12 20:59:28,085 INFO  impl.RoleInfo (RoleInfo.java:updateAndGet(143)) - 84878ea5-fe62-4064-bffc-3baef3bcb712: start FollowerState
2019-06-12 20:59:28,086 INFO  impl.FollowerState (FollowerState.java:run(109)) - 84878ea5-fe62-4064-bffc-3baef3bcb712: FollowerState was interrupted: java.lang.InterruptedException: sleep interrupted
2019-06-12 20:59:28,086 INFO  impl.RaftServerImpl (RaftServerImpl.java:setRole(164)) - fad3bd11-baf1-4357-bd05-a84b77a009dc:group-A84BD106114D changes role from FOLLOWER to FOLLOWER at term 3 for recognizeCandidate:0db3e33a-947d-4e9b-8360-da6105f764ae
2019-06-12 20:59:28,086 INFO  impl.RoleInfo (RoleInfo.java:shutdownFollowerState(121)) - fad3bd11-baf1-4357-bd05-a84b77a009dc: shutdown FollowerState
2019-06-12 20:59:28,087 INFO  impl.RoleInfo (RoleInfo.java:updateAndGet(143)) - fad3bd11-baf1-4357-bd05-a84b77a009dc: start FollowerState
2019-06-12 20:59:28,087 INFO  impl.FollowerState (FollowerState.java:run(109)) - fad3bd11-baf1-4357-bd05-a84b77a009dc: FollowerState was interrupted: java.lang.InterruptedException: sleep interrupted
2019-06-12 20:59:28,090 INFO  impl.LeaderElection (LeaderElection.java:logAndReturn(56)) - 0db3e33a-947d-4e9b-8360-da6105f764ae:group-A84BD106114D:LeaderElection40: Election PASSED; received 1 response(s) [0db3e33a-947d-4e9b-8360-da6105f764ae->fad3bd11-baf1-4357-bd05-a84b77a009dc,true-t3] and 0 exception(s); 0db3e33a-947d-4e9b-8360-da6105f764ae:t3, leader=null, voted=0db3e33a-947d-4e9b-8360-da6105f764ae, raftlog=0db3e33a-947d-4e9b-8360-da6105f764ae-SegmentedRaftLog:OPENED:c-1,f-1,i0, conf=-1: [0db3e33a-947d-4e9b-8360-da6105f764ae:192.168.19.5:44077, 84878ea5-fe62-4064-bffc-3baef3bcb712:192.168.19.5:40681, fad3bd11-baf1-4357-bd05-a84b77a009dc:192.168.19.5:37031], old=null
2019-06-12 20:59:28,090 INFO  impl.RoleInfo (RoleInfo.java:shutdownLeaderElection(134)) - 0db3e33a-947d-4e9b-8360-da6105f764ae: shutdown LeaderElection
2019-06-12 20:59:28,090 INFO  impl.RaftServerImpl (RaftServerImpl.java:setRole(164)) - 0db3e33a-947d-4e9b-8360-da6105f764ae:group-A84BD106114D changes role from CANDIDATE to LEADER at term 3 for changeToLeader
2019-06-12 20:59:28,091 INFO  impl.RaftServerImpl (ServerState.java:setLeader(263)) - 0db3e33a-947d-4e9b-8360-da6105f764ae:group-A84BD106114D change Leader from null to 0db3e33a-947d-4e9b-8360-da6105f764ae at term 3 for becomeLeader, leader elected after 2147ms
2019-06-12 20:59:28,091 INFO  server.RaftServerConfigKeys (ConfUtils.java:logGet(43)) - raft.server.staging.catchup.gap = 1000 (default)
2019-06-12 20:59:28,091 INFO  server.RaftServerConfigKeys (ConfUtils.java:logGet(43)) - raft.server.rpc.sleep.time = 25ms (default)
2019-06-12 20:59:28,091 INFO  server.RaftServerConfigKeys (ConfUtils.java:logGet(43)) - raft.server.watch.timeout = 10s (default)
2019-06-12 20:59:28,091 INFO  server.RaftServerConfigKeys (ConfUtils.java:logGet(43)) - raft.server.watch.timeout.denomination = 1s (default)
2019-06-12 20:59:28,091 INFO  server.RaftServerConfigKeys (ConfUtils.java:logGet(43)) - raft.server.log.appender.snapshot.chunk.size.max = 16MB (=16777216) (default)
2019-06-12 20:59:28,091 INFO  server.RaftServerConfigKeys (ConfUtils.java:logGet(43)) - raft.server.log.appender.buffer.byte-limit = 33554432 (custom)
2019-06-12 20:59:28,091 INFO  server.RaftServerConfigKeys (ConfUtils.java:logGet(43)) - raft.server.log.appender.buffer.element-limit = 1 (custom)
2019-06-12 20:59:28,091 INFO  grpc.GrpcConfigKeys$Server (ConfUtils.java:logGet(43)) - raft.grpc.server.leader.outstanding.appends.max = 128 (default)
2019-06-12 20:59:28,091 INFO  server.RaftServerConfigKeys (ConfUtils.java:logGet(43)) - raft.server.rpc.request.timeout = 3000ms (default)
2019-06-12 20:59:28,091 INFO  server.RaftServerConfigKeys (ConfUtils.java:logGet(43)) - raft.server.log.appender.install.snapshot.enabled = true (default)
2019-06-12 20:59:28,091 INFO  server.RaftServerConfigKeys (ConfUtils.java:logGet(43)) - raft.server.log.appender.snapshot.chunk.size.max = 16MB (=16777216) (default)
2019-06-12 20:59:28,092 INFO  server.RaftServerConfigKeys (ConfUtils.java:logGet(43)) - raft.server.log.appender.buffer.byte-limit = 33554432 (custom)
2019-06-12 20:59:28,092 INFO  server.RaftServerConfigKeys (ConfUtils.java:logGet(43)) - raft.server.log.appender.buffer.element-limit = 1 (custom)
2019-06-12 20:59:28,092 INFO  grpc.GrpcConfigKeys$Server (ConfUtils.java:logGet(43)) - raft.grpc.server.leader.outstanding.appends.max = 128 (default)
2019-06-12 20:59:28,092 INFO  server.RaftServerConfigKeys (ConfUtils.java:logGet(43)) - raft.server.rpc.request.timeout = 3000ms (default)
2019-06-12 20:59:28,092 INFO  server.RaftServerConfigKeys (ConfUtils.java:logGet(43)) - raft.server.log.appender.install.snapshot.enabled = true (default)
2019-06-12 20:59:28,092 INFO  impl.RoleInfo (RoleInfo.java:updateAndGet(143)) - 0db3e33a-947d-4e9b-8360-da6105f764ae: start LeaderState
2019-06-12 20:59:28,092 INFO  storage.RaftLogWorker (RaftLogWorker.java:startLogSegment(298)) - 0db3e33a-947d-4e9b-8360-da6105f764ae-RaftLogWorker: Starting segment from index:0
2019-06-12 20:59:28,094 INFO  impl.RaftServerImpl (ServerState.java:setLeader(263)) - 84878ea5-fe62-4064-bffc-3baef3bcb712:group-A84BD106114D change Leader from null to 0db3e33a-947d-4e9b-8360-da6105f764ae at term 3 for appendEntries, leader elected after 1077ms
2019-06-12 20:59:28,097 INFO  impl.RaftServerImpl (ServerState.java:setRaftConf(361)) - 0db3e33a-947d-4e9b-8360-da6105f764ae:group-A84BD106114D set configuration 0: [0db3e33a-947d-4e9b-8360-da6105f764ae:192.168.19.5:44077, 84878ea5-fe62-4064-bffc-3baef3bcb712:192.168.19.5:40681, fad3bd11-baf1-4357-bd05-a84b77a009dc:192.168.19.5:37031], old=null at 0
2019-06-12 20:59:28,113 INFO  impl.RaftServerImpl (ServerState.java:setLeader(263)) - fad3bd11-baf1-4357-bd05-a84b77a009dc:group-A84BD106114D change Leader from null to 0db3e33a-947d-4e9b-8360-da6105f764ae at term 3 for appendEntries, leader elected after 1082ms
2019-06-12 20:59:28,114 INFO  impl.RaftServerImpl (ServerState.java:setRaftConf(361)) - 84878ea5-fe62-4064-bffc-3baef3bcb712:group-A84BD106114D set configuration 0: [0db3e33a-947d-4e9b-8360-da6105f764ae:192.168.19.5:44077, 84878ea5-fe62-4064-bffc-3baef3bcb712:192.168.19.5:40681, fad3bd11-baf1-4357-bd05-a84b77a009dc:192.168.19.5:37031], old=null at 0
2019-06-12 20:59:28,116 INFO  storage.RaftLogWorker (RaftLogWorker.java:truncate(314)) - 84878ea5-fe62-4064-bffc-3baef3bcb712-RaftLogWorker: Truncating segments toTruncate: null
  toDelete: [(0, 0) isOpen? true, length=0, newEndIndex=-1], start index 0
2019-06-12 20:59:28,116 INFO  storage.RaftLogWorker (RaftLogWorker.java:startLogSegment(298)) - 84878ea5-fe62-4064-bffc-3baef3bcb712-RaftLogWorker: Starting segment from index:0
2019-06-12 20:59:28,117 INFO  storage.RaftLogWorker (RaftLogWorker.java:execute(533)) - 84878ea5-fe62-4064-bffc-3baef3bcb712-RaftLogWorker: Deleted log file /opt/src/hadoop-ozone/integration-test/target/test-dir/MiniOzoneClusterImpl-662cd06e-90be-4667-aa39-66a7bad7b745/datanode-5/data/ratis/acb0b851-19cc-4c0a-90a2-a84bd106114d/current/log_inprogress_0
2019-06-12 20:59:28,136 INFO  impl.RaftServerImpl (ServerState.java:setRaftConf(361)) - fad3bd11-baf1-4357-bd05-a84b77a009dc:group-A84BD106114D set configuration 0: [0db3e33a-947d-4e9b-8360-da6105f764ae:192.168.19.5:44077, 84878ea5-fe62-4064-bffc-3baef3bcb712:192.168.19.5:40681, fad3bd11-baf1-4357-bd05-a84b77a009dc:192.168.19.5:37031], old=null at 0
2019-06-12 20:59:28,137 INFO  storage.RaftLogWorker (RaftLogWorker.java:startLogSegment(298)) - fad3bd11-baf1-4357-bd05-a84b77a009dc-RaftLogWorker: Starting segment from index:0
2019-06-12 20:59:28,138 INFO  storage.RaftLogWorker (RaftLogWorker.java:execute(469)) - 0db3e33a-947d-4e9b-8360-da6105f764ae-RaftLogWorker: created new log segment /opt/src/hadoop-ozone/integration-test/target/test-dir/MiniOzoneClusterImpl-662cd06e-90be-4667-aa39-66a7bad7b745/datanode-3/data/ratis/acb0b851-19cc-4c0a-90a2-a84bd106114d/current/log_inprogress_0
2019-06-12 20:59:28,163 INFO  client.GrpcClientProtocolClient (GrpcClientProtocolClient.java:onNext(254)) - client-418BEB3E5E55->b64412d9-d7d0-40e0-9fbf-66bbf3ac4fdc: receive RaftClientReply:client-418BEB3E5E55->b64412d9-d7d0-40e0-9fbf-66bbf3ac4fdc@group-D34404557330, cid=66, FAILED org.apache.ratis.protocol.NotLeaderException: Server b64412d9-d7d0-40e0-9fbf-66bbf3ac4fdc is not the leader (dd3f3b49-f1f4-4661-93df-8c6d8c0e1a02:192.168.19.5:36431). Request must be sent to leader., logIndex=0, commits[b64412d9-d7d0-40e0-9fbf-66bbf3ac4fdc:c0, dd3f3b49-f1f4-4661-93df-8c6d8c0e1a02:c0, 460e2dc4-d785-40fe-83e0-e12d10893b3d:c0]
2019-06-12 20:59:28,163 WARN  client.GrpcClientProtocolService (LogUtils.java:warn(134)) - 0-OrderedRequestStreamObserver0: onError: org.apache.ratis.thirdparty.io.grpc.StatusRuntimeException: CANCELLED: cancelled before receiving half close
2019-06-12 20:59:28,185 INFO  storage.RaftLogWorker (RaftLogWorker.java:execute(469)) - fad3bd11-baf1-4357-bd05-a84b77a009dc-RaftLogWorker: created new log segment /opt/src/hadoop-ozone/integration-test/target/test-dir/MiniOzoneClusterImpl-662cd06e-90be-4667-aa39-66a7bad7b745/datanode-4/data/ratis/acb0b851-19cc-4c0a-90a2-a84bd106114d/current/log_inprogress_0
2019-06-12 20:59:28,185 INFO  storage.RaftLogWorker (RaftLogWorker.java:execute(469)) - 84878ea5-fe62-4064-bffc-3baef3bcb712-RaftLogWorker: created new log segment /opt/src/hadoop-ozone/integration-test/target/test-dir/MiniOzoneClusterImpl-662cd06e-90be-4667-aa39-66a7bad7b745/datanode-5/data/ratis/acb0b851-19cc-4c0a-90a2-a84bd106114d/current/log_inprogress_0
2019-06-12 20:59:29,210 INFO  client.GrpcClientProtocolClient (GrpcClientProtocolClient.java:onNext(254)) - client-418BEB3E5E55->dd3f3b49-f1f4-4661-93df-8c6d8c0e1a02: receive RaftClientReply:client-418BEB3E5E55->dd3f3b49-f1f4-4661-93df-8c6d8c0e1a02@group-D34404557330, cid=66, SUCCESS, logIndex=1, commits[dd3f3b49-f1f4-4661-93df-8c6d8c0e1a02:c2, 460e2dc4-d785-40fe-83e0-e12d10893b3d:c1, b64412d9-d7d0-40e0-9fbf-66bbf3ac4fdc:c1]
2019-06-12 20:59:29,212 INFO  datanode.ObjectStoreHandler (ObjectStoreHandler.java:close(155)) - Closing ObjectStoreHandler.
2019-06-12 20:59:29,212 INFO  ozone.HddsDatanodeService (HddsDatanodeService.java:stop(452)) - Stopped plug-in org.apache.hadoop.ozone.web.OzoneHddsDatanodeService@c697186
2019-06-12 20:59:29,213 INFO  statemachine.DatanodeStateMachine (DatanodeStateMachine.java:lambda$startDaemon$0(350)) - Ozone container server started.
2019-06-12 20:59:29,214 INFO  ozoneimpl.OzoneContainer (OzoneContainer.java:stop(199)) - Attempting to stop container services.
2019-06-12 20:59:29,214 INFO  impl.RaftServerProxy (RaftServerProxy.java:lambda$close$4(314)) - 460e2dc4-d785-40fe-83e0-e12d10893b3d: close
2019-06-12 20:59:29,214 INFO  impl.RaftServerImpl (RaftServerImpl.java:lambda$shutdown$3(238)) - 460e2dc4-d785-40fe-83e0-e12d10893b3d: shutdown group-F7EB72BEC9FB
2019-06-12 20:59:29,215 INFO  util.JmxRegister (JmxRegister.java:unregister(73)) - Successfully un-registered JMX Bean with object name Ratis:service=RaftServer,group=group-F7EB72BEC9FB,id=460e2dc4-d785-40fe-83e0-e12d10893b3d
2019-06-12 20:59:29,215 INFO  impl.RoleInfo (RoleInfo.java:shutdownLeaderState(104)) - 460e2dc4-d785-40fe-83e0-e12d10893b3d: shutdown LeaderState
2019-06-12 20:59:29,215 INFO  impl.PendingRequests (PendingRequests.java:sendNotLeaderResponses(140)) - 460e2dc4-d785-40fe-83e0-e12d10893b3d-PendingRequests: sendNotLeaderResponses
2019-06-12 20:59:29,218 INFO  impl.StateMachineUpdater (StateMachineUpdater.java:stopAndJoin(109)) - StateMachineUpdater-460e2dc4-d785-40fe-83e0-e12d10893b3d-group-F7EB72BEC9FB: set stopIndex = 0
2019-06-12 20:59:29,218 INFO  ratis.ContainerStateMachine (ContainerStateMachine.java:takeSnapshot(245)) - Taking snapshot at termIndex:(t:0, i:~)
2019-06-12 20:59:29,219 INFO  impl.RaftServerImpl (ServerState.java:close(394)) - 460e2dc4-d785-40fe-83e0-e12d10893b3d:group-F7EB72BEC9FB closes. The last applied log index is 0
2019-06-12 20:59:29,221 INFO  storage.RaftLogWorker (RaftLogWorker.java:run(236)) - 460e2dc4-d785-40fe-83e0-e12d10893b3d-RaftLogWorker was interrupted, exiting. There are 0 tasks remaining in the queue.
2019-06-12 20:59:29,223 INFO  storage.RaftLogWorker (RaftLogWorker.java:close(168)) - 460e2dc4-d785-40fe-83e0-e12d10893b3d-RaftLogWorker close()
2019-06-12 20:59:29,224 INFO  impl.RaftServerImpl (RaftServerImpl.java:lambda$shutdown$3(238)) - 460e2dc4-d785-40fe-83e0-e12d10893b3d: shutdown group-D34404557330
2019-06-12 20:59:29,224 INFO  util.JmxRegister (JmxRegister.java:unregister(73)) - Successfully un-registered JMX Bean with object name Ratis:service=RaftServer,group=group-D34404557330,id=460e2dc4-d785-40fe-83e0-e12d10893b3d
2019-06-12 20:59:29,225 INFO  impl.RoleInfo (RoleInfo.java:shutdownFollowerState(121)) - 460e2dc4-d785-40fe-83e0-e12d10893b3d: shutdown FollowerState
2019-06-12 20:59:29,225 INFO  impl.StateMachineUpdater (StateMachineUpdater.java:stopAndJoin(109)) - StateMachineUpdater-460e2dc4-d785-40fe-83e0-e12d10893b3d-group-D34404557330: set stopIndex = 1
2019-06-12 20:59:29,225 INFO  impl.FollowerState (FollowerState.java:run(109)) - 460e2dc4-d785-40fe-83e0-e12d10893b3d: FollowerState was interrupted: java.lang.InterruptedException: sleep interrupted
2019-06-12 20:59:29,225 INFO  ratis.ContainerStateMachine (ContainerStateMachine.java:takeSnapshot(245)) - Taking snapshot at termIndex:(t:1, i:1)
2019-06-12 20:59:29,225 INFO  ratis.ContainerStateMachine (ContainerStateMachine.java:takeSnapshot(249)) - Taking a snapshot to file /opt/src/hadoop-ozone/integration-test/target/test-dir/MiniOzoneClusterImpl-662cd06e-90be-4667-aa39-66a7bad7b745/datanode-0/data/ratis/818aac86-938d-4d03-a1bd-d34404557330/sm/snapshot.1_1
2019-06-12 20:59:29,225 INFO  impl.RaftServerImpl (ServerState.java:close(394)) - 460e2dc4-d785-40fe-83e0-e12d10893b3d:group-D34404557330 closes. The last applied log index is 1
2019-06-12 20:59:29,226 INFO  storage.RaftLogWorker (RaftLogWorker.java:run(236)) - 460e2dc4-d785-40fe-83e0-e12d10893b3d-RaftLogWorker was interrupted, exiting. There are 0 tasks remaining in the queue.
2019-06-12 20:59:29,227 INFO  storage.RaftLogWorker (RaftLogWorker.java:close(168)) - 460e2dc4-d785-40fe-83e0-e12d10893b3d-RaftLogWorker close()
2019-06-12 20:59:29,229 INFO  server.GrpcService (GrpcService.java:closeImpl(154)) - 460e2dc4-d785-40fe-83e0-e12d10893b3d: shutdown server with port 38425 now
2019-06-12 20:59:29,230 INFO  server.GrpcService (GrpcService.java:closeImpl(162)) - 460e2dc4-d785-40fe-83e0-e12d10893b3d: shutdown server with port 38425 successfully
2019-06-12 20:59:29,230 WARN  server.GrpcServerProtocolService (LogUtils.java:warn(134)) - 460e2dc4-d785-40fe-83e0-e12d10893b3d: appendEntries onError: org.apache.ratis.thirdparty.io.grpc.StatusRuntimeException: CANCELLED: cancelled before receiving half close
2019-06-12 20:59:29,232 WARN  server.GrpcLogAppender (LogUtils.java:warn(134)) - dd3f3b49-f1f4-4661-93df-8c6d8c0e1a02: Failed appendEntries to 460e2dc4-d785-40fe-83e0-e12d10893b3d:192.168.19.5:38425: org.apache.ratis.thirdparty.io.grpc.StatusRuntimeException: CANCELLED: HTTP/2 error code: CANCEL
Received Rst Stream
2019-06-12 20:59:29,232 INFO  impl.FollowerInfo (FollowerInfo.java:lambda$new$0(50)) - dd3f3b49-f1f4-4661-93df-8c6d8c0e1a02->460e2dc4-d785-40fe-83e0-e12d10893b3d: nextIndex: updateUnconditionally 3 -> 0
2019-06-12 20:59:29,235 WARN  fs.CachingGetSpaceUsed (CachingGetSpaceUsed.java:run(183)) - Thread Interrupted waiting to refresh disk information: sleep interrupted
2019-06-12 20:59:29,247 INFO  statemachine.DatanodeStateMachine (DatanodeStateMachine.java:stopDaemon(395)) - Ozone container server stopped.
2019-06-12 20:59:29,249 INFO  handler.ContextHandler (ContextHandler.java:doStop(910)) - Stopped o.e.j.w.WebAppContext@33568e26{/,null,UNAVAILABLE}{/hddsDatanode}
2019-06-12 20:59:29,249 INFO  server.AbstractConnector (AbstractConnector.java:doStop(318)) - Stopped ServerConnector@97b84a4{HTTP/1.1,[http/1.1]}{0.0.0.0:0}
2019-06-12 20:59:29,250 INFO  handler.ContextHandler (ContextHandler.java:doStop(910)) - Stopped o.e.j.s.ServletContextHandler@43ee1cf7{/static,jar:file:/root/.m2/repository/org/apache/hadoop/hadoop-hdds-container-service/0.5.0-SNAPSHOT/hadoop-hdds-container-service-0.5.0-SNAPSHOT.jar!/webapps/static,UNAVAILABLE}
2019-06-12 20:59:29,250 INFO  handler.ContextHandler (ContextHandler.java:doStop(910)) - Stopped o.e.j.s.ServletContextHandler@5b74902c{/logs,file:///opt/src/hadoop-ozone/integration-test/target/log,UNAVAILABLE}
2019-06-12 20:59:29,251 INFO  datanode.ObjectStoreHandler (ObjectStoreHandler.java:close(155)) - Closing ObjectStoreHandler.
2019-06-12 20:59:29,252 INFO  ozone.HddsDatanodeService (HddsDatanodeService.java:stop(452)) - Stopped plug-in org.apache.hadoop.ozone.web.OzoneHddsDatanodeService@6f0ae0ee
2019-06-12 20:59:29,252 INFO  statemachine.DatanodeStateMachine (DatanodeStateMachine.java:lambda$startDaemon$0(350)) - Ozone container server started.
2019-06-12 20:59:29,252 INFO  ozoneimpl.OzoneContainer (OzoneContainer.java:stop(199)) - Attempting to stop container services.
2019-06-12 20:59:29,253 INFO  impl.RaftServerProxy (RaftServerProxy.java:lambda$close$4(314)) - b64412d9-d7d0-40e0-9fbf-66bbf3ac4fdc: close
2019-06-12 20:59:29,253 INFO  impl.RaftServerImpl (RaftServerImpl.java:lambda$shutdown$3(238)) - b64412d9-d7d0-40e0-9fbf-66bbf3ac4fdc: shutdown group-D1B758DD5278
2019-06-12 20:59:29,253 INFO  util.JmxRegister (JmxRegister.java:unregister(73)) - Successfully un-registered JMX Bean with object name Ratis:service=RaftServer,group=group-D1B758DD5278,id=b64412d9-d7d0-40e0-9fbf-66bbf3ac4fdc
2019-06-12 20:59:29,253 INFO  impl.RoleInfo (RoleInfo.java:shutdownLeaderState(104)) - b64412d9-d7d0-40e0-9fbf-66bbf3ac4fdc: shutdown LeaderState
2019-06-12 20:59:29,253 INFO  impl.PendingRequests (PendingRequests.java:sendNotLeaderResponses(140)) - b64412d9-d7d0-40e0-9fbf-66bbf3ac4fdc-PendingRequests: sendNotLeaderResponses
2019-06-12 20:59:29,258 INFO  impl.StateMachineUpdater (StateMachineUpdater.java:stopAndJoin(109)) - StateMachineUpdater-b64412d9-d7d0-40e0-9fbf-66bbf3ac4fdc-group-D1B758DD5278: set stopIndex = 0
2019-06-12 20:59:29,258 INFO  ratis.ContainerStateMachine (ContainerStateMachine.java:takeSnapshot(245)) - Taking snapshot at termIndex:(t:0, i:~)
2019-06-12 20:59:29,258 INFO  impl.RaftServerImpl (ServerState.java:close(394)) - b64412d9-d7d0-40e0-9fbf-66bbf3ac4fdc:group-D1B758DD5278 closes. The last applied log index is 0
2019-06-12 20:59:29,258 INFO  storage.RaftLogWorker (RaftLogWorker.java:run(236)) - b64412d9-d7d0-40e0-9fbf-66bbf3ac4fdc-RaftLogWorker was interrupted, exiting. There are 0 tasks remaining in the queue.
2019-06-12 20:59:29,260 INFO  storage.RaftLogWorker (RaftLogWorker.java:close(168)) - b64412d9-d7d0-40e0-9fbf-66bbf3ac4fdc-RaftLogWorker close()
2019-06-12 20:59:29,261 INFO  impl.RaftServerImpl (RaftServerImpl.java:lambda$shutdown$3(238)) - b64412d9-d7d0-40e0-9fbf-66bbf3ac4fdc: shutdown group-D34404557330
2019-06-12 20:59:29,261 INFO  util.JmxRegister (JmxRegister.java:unregister(73)) - Successfully un-registered JMX Bean with object name Ratis:service=RaftServer,group=group-D34404557330,id=b64412d9-d7d0-40e0-9fbf-66bbf3ac4fdc
2019-06-12 20:59:29,261 INFO  impl.RoleInfo (RoleInfo.java:shutdownFollowerState(121)) - b64412d9-d7d0-40e0-9fbf-66bbf3ac4fdc: shutdown FollowerState
2019-06-12 20:59:29,261 INFO  impl.StateMachineUpdater (StateMachineUpdater.java:stopAndJoin(109)) - StateMachineUpdater-b64412d9-d7d0-40e0-9fbf-66bbf3ac4fdc-group-D34404557330: set stopIndex = 1
2019-06-12 20:59:29,261 INFO  ratis.ContainerStateMachine (ContainerStateMachine.java:takeSnapshot(245)) - Taking snapshot at termIndex:(t:1, i:1)
2019-06-12 20:59:29,261 INFO  impl.FollowerState (FollowerState.java:run(109)) - b64412d9-d7d0-40e0-9fbf-66bbf3ac4fdc: FollowerState was interrupted: java.lang.InterruptedException: sleep interrupted
2019-06-12 20:59:29,261 INFO  ratis.ContainerStateMachine (ContainerStateMachine.java:takeSnapshot(249)) - Taking a snapshot to file /opt/src/hadoop-ozone/integration-test/target/test-dir/MiniOzoneClusterImpl-662cd06e-90be-4667-aa39-66a7bad7b745/datanode-2/data/ratis/818aac86-938d-4d03-a1bd-d34404557330/sm/snapshot.1_1
2019-06-12 20:59:29,262 INFO  impl.RaftServerImpl (ServerState.java:close(394)) - b64412d9-d7d0-40e0-9fbf-66bbf3ac4fdc:group-D34404557330 closes. The last applied log index is 1
2019-06-12 20:59:29,262 INFO  storage.RaftLogWorker (RaftLogWorker.java:run(236)) - b64412d9-d7d0-40e0-9fbf-66bbf3ac4fdc-RaftLogWorker was interrupted, exiting. There are 0 tasks remaining in the queue.
2019-06-12 20:59:29,263 INFO  storage.RaftLogWorker (RaftLogWorker.java:close(168)) - b64412d9-d7d0-40e0-9fbf-66bbf3ac4fdc-RaftLogWorker close()
2019-06-12 20:59:29,264 INFO  server.GrpcService (GrpcService.java:closeImpl(154)) - b64412d9-d7d0-40e0-9fbf-66bbf3ac4fdc: shutdown server with port 35453 now
2019-06-12 20:59:29,267 WARN  server.GrpcServerProtocolService (LogUtils.java:warn(134)) - b64412d9-d7d0-40e0-9fbf-66bbf3ac4fdc: appendEntries onError: org.apache.ratis.thirdparty.io.grpc.StatusRuntimeException: CANCELLED: cancelled before receiving half close
2019-06-12 20:59:29,267 WARN  server.GrpcLogAppender (LogUtils.java:warn(134)) - dd3f3b49-f1f4-4661-93df-8c6d8c0e1a02: Failed appendEntries to b64412d9-d7d0-40e0-9fbf-66bbf3ac4fdc:192.168.19.5:35453: org.apache.ratis.thirdparty.io.grpc.StatusRuntimeException: CANCELLED: HTTP/2 error code: CANCEL
Received Rst Stream
2019-06-12 20:59:29,267 INFO  impl.FollowerInfo (FollowerInfo.java:lambda$new$0(50)) - dd3f3b49-f1f4-4661-93df-8c6d8c0e1a02->b64412d9-d7d0-40e0-9fbf-66bbf3ac4fdc: nextIndex: updateUnconditionally 3 -> 0
2019-06-12 20:59:29,268 INFO  server.GrpcService (GrpcService.java:closeImpl(162)) - b64412d9-d7d0-40e0-9fbf-66bbf3ac4fdc: shutdown server with port 35453 successfully
2019-06-12 20:59:29,269 WARN  fs.CachingGetSpaceUsed (CachingGetSpaceUsed.java:run(183)) - Thread Interrupted waiting to refresh disk information: sleep interrupted
2019-06-12 20:59:29,285 INFO  statemachine.DatanodeStateMachine (DatanodeStateMachine.java:stopDaemon(395)) - Ozone container server stopped.
2019-06-12 20:59:29,285 INFO  handler.ContextHandler (ContextHandler.java:doStop(910)) - Stopped o.e.j.w.WebAppContext@628bcf2c{/,null,UNAVAILABLE}{/hddsDatanode}
2019-06-12 20:59:29,287 INFO  server.AbstractConnector (AbstractConnector.java:doStop(318)) - Stopped ServerConnector@4b76251c{HTTP/1.1,[http/1.1]}{0.0.0.0:0}
2019-06-12 20:59:29,287 INFO  handler.ContextHandler (ContextHandler.java:doStop(910)) - Stopped o.e.j.s.ServletContextHandler@788a0513{/static,jar:file:/root/.m2/repository/org/apache/hadoop/hadoop-hdds-container-service/0.5.0-SNAPSHOT/hadoop-hdds-container-service-0.5.0-SNAPSHOT.jar!/webapps/static,UNAVAILABLE}
2019-06-12 20:59:29,288 INFO  handler.ContextHandler (ContextHandler.java:doStop(910)) - Stopped o.e.j.s.ServletContextHandler@1c4aa701{/logs,file:///opt/src/hadoop-ozone/integration-test/target/log,UNAVAILABLE}
2019-06-12 20:59:29,673 WARN  server.GrpcLogAppender (LogUtils.java:warn(134)) - dd3f3b49-f1f4-4661-93df-8c6d8c0e1a02: Failed appendEntries to 460e2dc4-d785-40fe-83e0-e12d10893b3d:192.168.19.5:38425: org.apache.ratis.thirdparty.io.grpc.StatusRuntimeException: UNAVAILABLE: io exception
2019-06-12 20:59:29,673 INFO  impl.FollowerInfo (FollowerInfo.java:lambda$new$0(50)) - dd3f3b49-f1f4-4661-93df-8c6d8c0e1a02->460e2dc4-d785-40fe-83e0-e12d10893b3d: nextIndex: updateUnconditionally 0 -> 0
2019-06-12 20:59:29,674 WARN  server.GrpcLogAppender (LogUtils.java:warn(134)) - dd3f3b49-f1f4-4661-93df-8c6d8c0e1a02: Failed appendEntries to b64412d9-d7d0-40e0-9fbf-66bbf3ac4fdc:192.168.19.5:35453: org.apache.ratis.thirdparty.io.grpc.StatusRuntimeException: UNAVAILABLE: io exception
2019-06-12 20:59:29,674 INFO  impl.FollowerInfo (FollowerInfo.java:lambda$new$0(50)) - dd3f3b49-f1f4-4661-93df-8c6d8c0e1a02->b64412d9-d7d0-40e0-9fbf-66bbf3ac4fdc: nextIndex: updateUnconditionally 0 -> 0
2019-06-12 20:59:30,173 WARN  server.GrpcLogAppender (LogUtils.java:warn(134)) - dd3f3b49-f1f4-4661-93df-8c6d8c0e1a02: Failed appendEntries to 460e2dc4-d785-40fe-83e0-e12d10893b3d:192.168.19.5:38425: org.apache.ratis.thirdparty.io.grpc.StatusRuntimeException: UNAVAILABLE: io exception
2019-06-12 20:59:30,174 INFO  impl.FollowerInfo (FollowerInfo.java:lambda$new$0(50)) - dd3f3b49-f1f4-4661-93df-8c6d8c0e1a02->460e2dc4-d785-40fe-83e0-e12d10893b3d: nextIndex: updateUnconditionally 0 -> 0
2019-06-12 20:59:30,175 WARN  server.GrpcLogAppender (LogUtils.java:warn(134)) - dd3f3b49-f1f4-4661-93df-8c6d8c0e1a02: Failed appendEntries to b64412d9-d7d0-40e0-9fbf-66bbf3ac4fdc:192.168.19.5:35453: org.apache.ratis.thirdparty.io.grpc.StatusRuntimeException: UNAVAILABLE: io exception
2019-06-12 20:59:30,175 INFO  impl.FollowerInfo (FollowerInfo.java:lambda$new$0(50)) - dd3f3b49-f1f4-4661-93df-8c6d8c0e1a02->b64412d9-d7d0-40e0-9fbf-66bbf3ac4fdc: nextIndex: updateUnconditionally 0 -> 0
2019-06-12 20:59:30,675 WARN  server.GrpcLogAppender (LogUtils.java:warn(134)) - dd3f3b49-f1f4-4661-93df-8c6d8c0e1a02: Failed appendEntries to 460e2dc4-d785-40fe-83e0-e12d10893b3d:192.168.19.5:38425: org.apache.ratis.thirdparty.io.grpc.StatusRuntimeException: UNAVAILABLE: io exception
2019-06-12 20:59:30,675 INFO  impl.FollowerInfo (FollowerInfo.java:lambda$new$0(50)) - dd3f3b49-f1f4-4661-93df-8c6d8c0e1a02->460e2dc4-d785-40fe-83e0-e12d10893b3d: nextIndex: updateUnconditionally 0 -> 0
2019-06-12 20:59:30,676 WARN  server.GrpcLogAppender (LogUtils.java:warn(134)) - dd3f3b49-f1f4-4661-93df-8c6d8c0e1a02: Failed appendEntries to b64412d9-d7d0-40e0-9fbf-66bbf3ac4fdc:192.168.19.5:35453: org.apache.ratis.thirdparty.io.grpc.StatusRuntimeException: UNAVAILABLE: io exception
2019-06-12 20:59:30,676 INFO  impl.FollowerInfo (FollowerInfo.java:lambda$new$0(50)) - dd3f3b49-f1f4-4661-93df-8c6d8c0e1a02->b64412d9-d7d0-40e0-9fbf-66bbf3ac4fdc: nextIndex: updateUnconditionally 0 -> 0
2019-06-12 20:59:31,175 WARN  server.GrpcLogAppender (LogUtils.java:warn(134)) - dd3f3b49-f1f4-4661-93df-8c6d8c0e1a02: Failed appendEntries to 460e2dc4-d785-40fe-83e0-e12d10893b3d:192.168.19.5:38425: org.apache.ratis.thirdparty.io.grpc.StatusRuntimeException: UNAVAILABLE: io exception
2019-06-12 20:59:31,175 INFO  impl.FollowerInfo (FollowerInfo.java:lambda$new$0(50)) - dd3f3b49-f1f4-4661-93df-8c6d8c0e1a02->460e2dc4-d785-40fe-83e0-e12d10893b3d: nextIndex: updateUnconditionally 0 -> 0
2019-06-12 20:59:31,176 WARN  server.GrpcLogAppender (LogUtils.java:warn(134)) - dd3f3b49-f1f4-4661-93df-8c6d8c0e1a02: Failed appendEntries to b64412d9-d7d0-40e0-9fbf-66bbf3ac4fdc:192.168.19.5:35453: org.apache.ratis.thirdparty.io.grpc.StatusRuntimeException: UNAVAILABLE: io exception
2019-06-12 20:59:31,176 INFO  impl.FollowerInfo (FollowerInfo.java:lambda$new$0(50)) - dd3f3b49-f1f4-4661-93df-8c6d8c0e1a02->b64412d9-d7d0-40e0-9fbf-66bbf3ac4fdc: nextIndex: updateUnconditionally 0 -> 0
2019-06-12 20:59:31,676 WARN  server.GrpcLogAppender (LogUtils.java:warn(134)) - dd3f3b49-f1f4-4661-93df-8c6d8c0e1a02: Failed appendEntries to 460e2dc4-d785-40fe-83e0-e12d10893b3d:192.168.19.5:38425: org.apache.ratis.thirdparty.io.grpc.StatusRuntimeException: UNAVAILABLE: io exception
2019-06-12 20:59:31,676 INFO  impl.FollowerInfo (FollowerInfo.java:lambda$new$0(50)) - dd3f3b49-f1f4-4661-93df-8c6d8c0e1a02->460e2dc4-d785-40fe-83e0-e12d10893b3d: nextIndex: updateUnconditionally 0 -> 0
2019-06-12 20:59:31,676 WARN  server.GrpcLogAppender (LogUtils.java:warn(134)) - dd3f3b49-f1f4-4661-93df-8c6d8c0e1a02: Failed appendEntries to b64412d9-d7d0-40e0-9fbf-66bbf3ac4fdc:192.168.19.5:35453: org.apache.ratis.thirdparty.io.grpc.StatusRuntimeException: UNAVAILABLE: io exception
2019-06-12 20:59:31,677 INFO  impl.FollowerInfo (FollowerInfo.java:lambda$new$0(50)) - dd3f3b49-f1f4-4661-93df-8c6d8c0e1a02->b64412d9-d7d0-40e0-9fbf-66bbf3ac4fdc: nextIndex: updateUnconditionally 0 -> 0
2019-06-12 20:59:32,176 WARN  server.GrpcLogAppender (LogUtils.java:warn(134)) - dd3f3b49-f1f4-4661-93df-8c6d8c0e1a02: Failed appendEntries to 460e2dc4-d785-40fe-83e0-e12d10893b3d:192.168.19.5:38425: org.apache.ratis.thirdparty.io.grpc.StatusRuntimeException: UNAVAILABLE: io exception
2019-06-12 20:59:32,176 INFO  impl.FollowerInfo (FollowerInfo.java:lambda$new$0(50)) - dd3f3b49-f1f4-4661-93df-8c6d8c0e1a02->460e2dc4-d785-40fe-83e0-e12d10893b3d: nextIndex: updateUnconditionally 0 -> 0
2019-06-12 20:59:32,177 WARN  server.GrpcLogAppender (LogUtils.java:warn(134)) - dd3f3b49-f1f4-4661-93df-8c6d8c0e1a02: Failed appendEntries to b64412d9-d7d0-40e0-9fbf-66bbf3ac4fdc:192.168.19.5:35453: org.apache.ratis.thirdparty.io.grpc.StatusRuntimeException: UNAVAILABLE: io exception
2019-06-12 20:59:32,177 INFO  impl.FollowerInfo (FollowerInfo.java:lambda$new$0(50)) - dd3f3b49-f1f4-4661-93df-8c6d8c0e1a02->b64412d9-d7d0-40e0-9fbf-66bbf3ac4fdc: nextIndex: updateUnconditionally 0 -> 0
2019-06-12 20:59:32,677 WARN  server.GrpcLogAppender (LogUtils.java:warn(134)) - dd3f3b49-f1f4-4661-93df-8c6d8c0e1a02: Failed appendEntries to 460e2dc4-d785-40fe-83e0-e12d10893b3d:192.168.19.5:38425: org.apache.ratis.thirdparty.io.grpc.StatusRuntimeException: UNAVAILABLE: io exception
2019-06-12 20:59:32,677 INFO  impl.FollowerInfo (FollowerInfo.java:lambda$new$0(50)) - dd3f3b49-f1f4-4661-93df-8c6d8c0e1a02->460e2dc4-d785-40fe-83e0-e12d10893b3d: nextIndex: updateUnconditionally 0 -> 0
2019-06-12 20:59:32,678 WARN  server.GrpcLogAppender (LogUtils.java:warn(134)) - dd3f3b49-f1f4-4661-93df-8c6d8c0e1a02: Failed appendEntries to b64412d9-d7d0-40e0-9fbf-66bbf3ac4fdc:192.168.19.5:35453: org.apache.ratis.thirdparty.io.grpc.StatusRuntimeException: UNAVAILABLE: io exception
2019-06-12 20:59:32,678 INFO  impl.FollowerInfo (FollowerInfo.java:lambda$new$0(50)) - dd3f3b49-f1f4-4661-93df-8c6d8c0e1a02->b64412d9-d7d0-40e0-9fbf-66bbf3ac4fdc: nextIndex: updateUnconditionally 0 -> 0
2019-06-12 20:59:33,178 WARN  server.GrpcLogAppender (LogUtils.java:warn(134)) - dd3f3b49-f1f4-4661-93df-8c6d8c0e1a02: Failed appendEntries to 460e2dc4-d785-40fe-83e0-e12d10893b3d:192.168.19.5:38425: org.apache.ratis.thirdparty.io.grpc.StatusRuntimeException: UNAVAILABLE: io exception
2019-06-12 20:59:33,178 INFO  impl.FollowerInfo (FollowerInfo.java:lambda$new$0(50)) - dd3f3b49-f1f4-4661-93df-8c6d8c0e1a02->460e2dc4-d785-40fe-83e0-e12d10893b3d: nextIndex: updateUnconditionally 0 -> 0
2019-06-12 20:59:33,178 WARN  server.GrpcLogAppender (LogUtils.java:warn(134)) - dd3f3b49-f1f4-4661-93df-8c6d8c0e1a02: Failed appendEntries to b64412d9-d7d0-40e0-9fbf-66bbf3ac4fdc:192.168.19.5:35453: org.apache.ratis.thirdparty.io.grpc.StatusRuntimeException: UNAVAILABLE: io exception
2019-06-12 20:59:33,178 INFO  impl.FollowerInfo (FollowerInfo.java:lambda$new$0(50)) - dd3f3b49-f1f4-4661-93df-8c6d8c0e1a02->b64412d9-d7d0-40e0-9fbf-66bbf3ac4fdc: nextIndex: updateUnconditionally 0 -> 0
2019-06-12 20:59:33,678 WARN  server.GrpcLogAppender (LogUtils.java:warn(134)) - dd3f3b49-f1f4-4661-93df-8c6d8c0e1a02: Failed appendEntries to 460e2dc4-d785-40fe-83e0-e12d10893b3d:192.168.19.5:38425: org.apache.ratis.thirdparty.io.grpc.StatusRuntimeException: UNAVAILABLE: io exception
2019-06-12 20:59:33,678 WARN  server.GrpcLogAppender (LogUtils.java:warn(134)) - dd3f3b49-f1f4-4661-93df-8c6d8c0e1a02: Failed appendEntries to b64412d9-d7d0-40e0-9fbf-66bbf3ac4fdc:192.168.19.5:35453: org.apache.ratis.thirdparty.io.grpc.StatusRuntimeException: UNAVAILABLE: io exception
2019-06-12 20:59:33,678 INFO  impl.FollowerInfo (FollowerInfo.java:lambda$new$0(50)) - dd3f3b49-f1f4-4661-93df-8c6d8c0e1a02->460e2dc4-d785-40fe-83e0-e12d10893b3d: nextIndex: updateUnconditionally 0 -> 0
2019-06-12 20:59:33,679 INFO  impl.FollowerInfo (FollowerInfo.java:lambda$new$0(50)) - dd3f3b49-f1f4-4661-93df-8c6d8c0e1a02->b64412d9-d7d0-40e0-9fbf-66bbf3ac4fdc: nextIndex: updateUnconditionally 0 -> 0
2019-06-12 20:59:34,179 WARN  server.GrpcLogAppender (LogUtils.java:warn(134)) - dd3f3b49-f1f4-4661-93df-8c6d8c0e1a02: Failed appendEntries to b64412d9-d7d0-40e0-9fbf-66bbf3ac4fdc:192.168.19.5:35453: org.apache.ratis.thirdparty.io.grpc.StatusRuntimeException: UNAVAILABLE: io exception
2019-06-12 20:59:34,179 INFO  impl.FollowerInfo (FollowerInfo.java:lambda$new$0(50)) - dd3f3b49-f1f4-4661-93df-8c6d8c0e1a02->b64412d9-d7d0-40e0-9fbf-66bbf3ac4fdc: nextIndex: updateUnconditionally 0 -> 0
2019-06-12 20:59:34,179 WARN  server.GrpcLogAppender (LogUtils.java:warn(134)) - dd3f3b49-f1f4-4661-93df-8c6d8c0e1a02: Failed appendEntries to 460e2dc4-d785-40fe-83e0-e12d10893b3d:192.168.19.5:38425: org.apache.ratis.thirdparty.io.grpc.StatusRuntimeException: UNAVAILABLE: io exception
2019-06-12 20:59:34,179 INFO  impl.FollowerInfo (FollowerInfo.java:lambda$new$0(50)) - dd3f3b49-f1f4-4661-93df-8c6d8c0e1a02->460e2dc4-d785-40fe-83e0-e12d10893b3d: nextIndex: updateUnconditionally 0 -> 0
2019-06-12 20:59:34,679 WARN  server.GrpcLogAppender (LogUtils.java:warn(134)) - dd3f3b49-f1f4-4661-93df-8c6d8c0e1a02: Failed appendEntries to 460e2dc4-d785-40fe-83e0-e12d10893b3d:192.168.19.5:38425: org.apache.ratis.thirdparty.io.grpc.StatusRuntimeException: UNAVAILABLE: io exception
2019-06-12 20:59:34,679 WARN  server.GrpcLogAppender (LogUtils.java:warn(134)) - dd3f3b49-f1f4-4661-93df-8c6d8c0e1a02: Failed appendEntries to b64412d9-d7d0-40e0-9fbf-66bbf3ac4fdc:192.168.19.5:35453: org.apache.ratis.thirdparty.io.grpc.StatusRuntimeException: UNAVAILABLE: io exception
2019-06-12 20:59:34,680 INFO  impl.FollowerInfo (FollowerInfo.java:lambda$new$0(50)) - dd3f3b49-f1f4-4661-93df-8c6d8c0e1a02->460e2dc4-d785-40fe-83e0-e12d10893b3d: nextIndex: updateUnconditionally 0 -> 0
2019-06-12 20:59:34,680 INFO  impl.FollowerInfo (FollowerInfo.java:lambda$new$0(50)) - dd3f3b49-f1f4-4661-93df-8c6d8c0e1a02->b64412d9-d7d0-40e0-9fbf-66bbf3ac4fdc: nextIndex: updateUnconditionally 0 -> 0
2019-06-12 20:59:35,180 WARN  server.GrpcLogAppender (LogUtils.java:warn(134)) - dd3f3b49-f1f4-4661-93df-8c6d8c0e1a02: Failed appendEntries to 460e2dc4-d785-40fe-83e0-e12d10893b3d:192.168.19.5:38425: org.apache.ratis.thirdparty.io.grpc.StatusRuntimeException: UNAVAILABLE: io exception
2019-06-12 20:59:35,180 INFO  impl.FollowerInfo (FollowerInfo.java:lambda$new$0(50)) - dd3f3b49-f1f4-4661-93df-8c6d8c0e1a02->460e2dc4-d785-40fe-83e0-e12d10893b3d: nextIndex: updateUnconditionally 0 -> 0
2019-06-12 20:59:35,180 WARN  server.GrpcLogAppender (LogUtils.java:warn(134)) - dd3f3b49-f1f4-4661-93df-8c6d8c0e1a02: Failed appendEntries to b64412d9-d7d0-40e0-9fbf-66bbf3ac4fdc:192.168.19.5:35453: org.apache.ratis.thirdparty.io.grpc.StatusRuntimeException: UNAVAILABLE: io exception
2019-06-12 20:59:35,181 INFO  impl.FollowerInfo (FollowerInfo.java:lambda$new$0(50)) - dd3f3b49-f1f4-4661-93df-8c6d8c0e1a02->b64412d9-d7d0-40e0-9fbf-66bbf3ac4fdc: nextIndex: updateUnconditionally 0 -> 0
2019-06-12 20:59:35,681 WARN  server.GrpcLogAppender (LogUtils.java:warn(134)) - dd3f3b49-f1f4-4661-93df-8c6d8c0e1a02: Failed appendEntries to 460e2dc4-d785-40fe-83e0-e12d10893b3d:192.168.19.5:38425: org.apache.ratis.thirdparty.io.grpc.StatusRuntimeException: UNAVAILABLE: io exception
2019-06-12 20:59:35,681 INFO  impl.FollowerInfo (FollowerInfo.java:lambda$new$0(50)) - dd3f3b49-f1f4-4661-93df-8c6d8c0e1a02->460e2dc4-d785-40fe-83e0-e12d10893b3d: nextIndex: updateUnconditionally 0 -> 0
2019-06-12 20:59:35,681 WARN  server.GrpcLogAppender (LogUtils.java:warn(134)) - dd3f3b49-f1f4-4661-93df-8c6d8c0e1a02: Failed appendEntries to b64412d9-d7d0-40e0-9fbf-66bbf3ac4fdc:192.168.19.5:35453: org.apache.ratis.thirdparty.io.grpc.StatusRuntimeException: UNAVAILABLE: io exception
2019-06-12 20:59:35,681 INFO  impl.FollowerInfo (FollowerInfo.java:lambda$new$0(50)) - dd3f3b49-f1f4-4661-93df-8c6d8c0e1a02->b64412d9-d7d0-40e0-9fbf-66bbf3ac4fdc: nextIndex: updateUnconditionally 0 -> 0
2019-06-12 20:59:36,181 WARN  server.GrpcLogAppender (LogUtils.java:warn(134)) - dd3f3b49-f1f4-4661-93df-8c6d8c0e1a02: Failed appendEntries to 460e2dc4-d785-40fe-83e0-e12d10893b3d:192.168.19.5:38425: org.apache.ratis.thirdparty.io.grpc.StatusRuntimeException: UNAVAILABLE: io exception
2019-06-12 20:59:36,182 INFO  impl.FollowerInfo (FollowerInfo.java:lambda$new$0(50)) - dd3f3b49-f1f4-4661-93df-8c6d8c0e1a02->460e2dc4-d785-40fe-83e0-e12d10893b3d: nextIndex: updateUnconditionally 0 -> 0
2019-06-12 20:59:36,182 WARN  server.GrpcLogAppender (LogUtils.java:warn(134)) - dd3f3b49-f1f4-4661-93df-8c6d8c0e1a02: Failed appendEntries to b64412d9-d7d0-40e0-9fbf-66bbf3ac4fdc:192.168.19.5:35453: org.apache.ratis.thirdparty.io.grpc.StatusRuntimeException: UNAVAILABLE: io exception
2019-06-12 20:59:36,182 INFO  impl.FollowerInfo (FollowerInfo.java:lambda$new$0(50)) - dd3f3b49-f1f4-4661-93df-8c6d8c0e1a02->b64412d9-d7d0-40e0-9fbf-66bbf3ac4fdc: nextIndex: updateUnconditionally 0 -> 0
2019-06-12 20:59:36,682 WARN  server.GrpcLogAppender (LogUtils.java:warn(134)) - dd3f3b49-f1f4-4661-93df-8c6d8c0e1a02: Failed appendEntries to 460e2dc4-d785-40fe-83e0-e12d10893b3d:192.168.19.5:38425: org.apache.ratis.thirdparty.io.grpc.StatusRuntimeException: UNAVAILABLE: io exception
2019-06-12 20:59:36,682 WARN  server.GrpcLogAppender (LogUtils.java:warn(134)) - dd3f3b49-f1f4-4661-93df-8c6d8c0e1a02: Failed appendEntries to b64412d9-d7d0-40e0-9fbf-66bbf3ac4fdc:192.168.19.5:35453: org.apache.ratis.thirdparty.io.grpc.StatusRuntimeException: UNAVAILABLE: io exception
2019-06-12 20:59:36,682 INFO  impl.FollowerInfo (FollowerInfo.java:lambda$new$0(50)) - dd3f3b49-f1f4-4661-93df-8c6d8c0e1a02->460e2dc4-d785-40fe-83e0-e12d10893b3d: nextIndex: updateUnconditionally 0 -> 0
2019-06-12 20:59:36,682 INFO  impl.FollowerInfo (FollowerInfo.java:lambda$new$0(50)) - dd3f3b49-f1f4-4661-93df-8c6d8c0e1a02->b64412d9-d7d0-40e0-9fbf-66bbf3ac4fdc: nextIndex: updateUnconditionally 0 -> 0
2019-06-12 20:59:37,183 WARN  server.GrpcLogAppender (LogUtils.java:warn(134)) - dd3f3b49-f1f4-4661-93df-8c6d8c0e1a02: Failed appendEntries to b64412d9-d7d0-40e0-9fbf-66bbf3ac4fdc:192.168.19.5:35453: org.apache.ratis.thirdparty.io.grpc.StatusRuntimeException: UNAVAILABLE: io exception
2019-06-12 20:59:37,183 WARN  server.GrpcLogAppender (LogUtils.java:warn(134)) - dd3f3b49-f1f4-4661-93df-8c6d8c0e1a02: Failed appendEntries to 460e2dc4-d785-40fe-83e0-e12d10893b3d:192.168.19.5:38425: org.apache.ratis.thirdparty.io.grpc.StatusRuntimeException: UNAVAILABLE: io exception
2019-06-12 20:59:37,183 INFO  impl.FollowerInfo (FollowerInfo.java:lambda$new$0(50)) - dd3f3b49-f1f4-4661-93df-8c6d8c0e1a02->b64412d9-d7d0-40e0-9fbf-66bbf3ac4fdc: nextIndex: updateUnconditionally 0 -> 0
2019-06-12 20:59:37,183 INFO  impl.FollowerInfo (FollowerInfo.java:lambda$new$0(50)) - dd3f3b49-f1f4-4661-93df-8c6d8c0e1a02->460e2dc4-d785-40fe-83e0-e12d10893b3d: nextIndex: updateUnconditionally 0 -> 0
2019-06-12 20:59:37,683 WARN  server.GrpcLogAppender (LogUtils.java:warn(134)) - dd3f3b49-f1f4-4661-93df-8c6d8c0e1a02: Failed appendEntries to b64412d9-d7d0-40e0-9fbf-66bbf3ac4fdc:192.168.19.5:35453: org.apache.ratis.thirdparty.io.grpc.StatusRuntimeException: UNAVAILABLE: io exception
2019-06-12 20:59:37,683 WARN  server.GrpcLogAppender (LogUtils.java:warn(134)) - dd3f3b49-f1f4-4661-93df-8c6d8c0e1a02: Failed appendEntries to 460e2dc4-d785-40fe-83e0-e12d10893b3d:192.168.19.5:38425: org.apache.ratis.thirdparty.io.grpc.StatusRuntimeException: UNAVAILABLE: io exception
2019-06-12 20:59:37,684 INFO  impl.FollowerInfo (FollowerInfo.java:lambda$new$0(50)) - dd3f3b49-f1f4-4661-93df-8c6d8c0e1a02->b64412d9-d7d0-40e0-9fbf-66bbf3ac4fdc: nextIndex: updateUnconditionally 0 -> 0
2019-06-12 20:59:37,684 INFO  impl.FollowerInfo (FollowerInfo.java:lambda$new$0(50)) - dd3f3b49-f1f4-4661-93df-8c6d8c0e1a02->460e2dc4-d785-40fe-83e0-e12d10893b3d: nextIndex: updateUnconditionally 0 -> 0
2019-06-12 20:59:38,184 WARN  server.GrpcLogAppender (LogUtils.java:warn(134)) - dd3f3b49-f1f4-4661-93df-8c6d8c0e1a02: Failed appendEntries to 460e2dc4-d785-40fe-83e0-e12d10893b3d:192.168.19.5:38425: org.apache.ratis.thirdparty.io.grpc.StatusRuntimeException: UNAVAILABLE: io exception
2019-06-12 20:59:38,184 WARN  server.GrpcLogAppender (LogUtils.java:warn(134)) - dd3f3b49-f1f4-4661-93df-8c6d8c0e1a02: Failed appendEntries to b64412d9-d7d0-40e0-9fbf-66bbf3ac4fdc:192.168.19.5:35453: org.apache.ratis.thirdparty.io.grpc.StatusRuntimeException: UNAVAILABLE: io exception
2019-06-12 20:59:38,184 INFO  impl.FollowerInfo (FollowerInfo.java:lambda$new$0(50)) - dd3f3b49-f1f4-4661-93df-8c6d8c0e1a02->460e2dc4-d785-40fe-83e0-e12d10893b3d: nextIndex: updateUnconditionally 0 -> 0
2019-06-12 20:59:38,185 INFO  impl.FollowerInfo (FollowerInfo.java:lambda$new$0(50)) - dd3f3b49-f1f4-4661-93df-8c6d8c0e1a02->b64412d9-d7d0-40e0-9fbf-66bbf3ac4fdc: nextIndex: updateUnconditionally 0 -> 0
2019-06-12 20:59:38,685 WARN  server.GrpcLogAppender (LogUtils.java:warn(134)) - dd3f3b49-f1f4-4661-93df-8c6d8c0e1a02: Failed appendEntries to 460e2dc4-d785-40fe-83e0-e12d10893b3d:192.168.19.5:38425: org.apache.ratis.thirdparty.io.grpc.StatusRuntimeException: UNAVAILABLE: io exception
2019-06-12 20:59:38,685 WARN  server.GrpcLogAppender (LogUtils.java:warn(134)) - dd3f3b49-f1f4-4661-93df-8c6d8c0e1a02: Failed appendEntries to b64412d9-d7d0-40e0-9fbf-66bbf3ac4fdc:192.168.19.5:35453: org.apache.ratis.thirdparty.io.grpc.StatusRuntimeException: UNAVAILABLE: io exception
2019-06-12 20:59:38,685 INFO  impl.FollowerInfo (FollowerInfo.java:lambda$new$0(50)) - dd3f3b49-f1f4-4661-93df-8c6d8c0e1a02->460e2dc4-d785-40fe-83e0-e12d10893b3d: nextIndex: updateUnconditionally 0 -> 0
2019-06-12 20:59:38,685 INFO  impl.FollowerInfo (FollowerInfo.java:lambda$new$0(50)) - dd3f3b49-f1f4-4661-93df-8c6d8c0e1a02->b64412d9-d7d0-40e0-9fbf-66bbf3ac4fdc: nextIndex: updateUnconditionally 0 -> 0
2019-06-12 20:59:39,186 WARN  server.GrpcLogAppender (LogUtils.java:warn(134)) - dd3f3b49-f1f4-4661-93df-8c6d8c0e1a02: Failed appendEntries to b64412d9-d7d0-40e0-9fbf-66bbf3ac4fdc:192.168.19.5:35453: org.apache.ratis.thirdparty.io.grpc.StatusRuntimeException: UNAVAILABLE: io exception
2019-06-12 20:59:39,186 WARN  server.GrpcLogAppender (LogUtils.java:warn(134)) - dd3f3b49-f1f4-4661-93df-8c6d8c0e1a02: Failed appendEntries to 460e2dc4-d785-40fe-83e0-e12d10893b3d:192.168.19.5:38425: org.apache.ratis.thirdparty.io.grpc.StatusRuntimeException: UNAVAILABLE: io exception
2019-06-12 20:59:39,186 INFO  impl.FollowerInfo (FollowerInfo.java:lambda$new$0(50)) - dd3f3b49-f1f4-4661-93df-8c6d8c0e1a02->b64412d9-d7d0-40e0-9fbf-66bbf3ac4fdc: nextIndex: updateUnconditionally 0 -> 0
2019-06-12 20:59:39,186 INFO  impl.FollowerInfo (FollowerInfo.java:lambda$new$0(50)) - dd3f3b49-f1f4-4661-93df-8c6d8c0e1a02->460e2dc4-d785-40fe-83e0-e12d10893b3d: nextIndex: updateUnconditionally 0 -> 0
2019-06-12 20:59:39,586 INFO  client.GrpcClientProtocolService (GrpcClientProtocolService.java:lambda$processClientRequest$0(264)) - Failed RaftClientRequest:client-418BEB3E5E55->dd3f3b49-f1f4-4661-93df-8c6d8c0e1a02@group-D34404557330, cid=67, seq=0, Watch-ALL_COMMITTED(2), Message:<EMPTY>, reply=RaftClientReply:client-418BEB3E5E55->dd3f3b49-f1f4-4661-93df-8c6d8c0e1a02@group-D34404557330, cid=67, FAILED org.apache.ratis.protocol.NotReplicatedException: Request with call Id 67 and log index 2 is not yet replicated to ALL_COMMITTED, logIndex=2, commits[dd3f3b49-f1f4-4661-93df-8c6d8c0e1a02:c2, 460e2dc4-d785-40fe-83e0-e12d10893b3d:c1, b64412d9-d7d0-40e0-9fbf-66bbf3ac4fdc:c1]
2019-06-12 20:59:39,686 WARN  server.GrpcLogAppender (LogUtils.java:warn(134)) - dd3f3b49-f1f4-4661-93df-8c6d8c0e1a02: Failed appendEntries to 460e2dc4-d785-40fe-83e0-e12d10893b3d:192.168.19.5:38425: org.apache.ratis.thirdparty.io.grpc.StatusRuntimeException: UNAVAILABLE: io exception
2019-06-12 20:59:39,686 WARN  server.GrpcLogAppender (LogUtils.java:warn(134)) - dd3f3b49-f1f4-4661-93df-8c6d8c0e1a02: Failed appendEntries to b64412d9-d7d0-40e0-9fbf-66bbf3ac4fdc:192.168.19.5:35453: org.apache.ratis.thirdparty.io.grpc.StatusRuntimeException: UNAVAILABLE: io exception
2019-06-12 20:59:39,687 INFO  impl.FollowerInfo (FollowerInfo.java:lambda$new$0(50)) - dd3f3b49-f1f4-4661-93df-8c6d8c0e1a02->460e2dc4-d785-40fe-83e0-e12d10893b3d: nextIndex: updateUnconditionally 0 -> 0
2019-06-12 20:59:39,687 INFO  impl.FollowerInfo (FollowerInfo.java:lambda$new$0(50)) - dd3f3b49-f1f4-4661-93df-8c6d8c0e1a02->b64412d9-d7d0-40e0-9fbf-66bbf3ac4fdc: nextIndex: updateUnconditionally 0 -> 0
2019-06-12 20:59:40,187 WARN  server.GrpcLogAppender (LogUtils.java:warn(134)) - dd3f3b49-f1f4-4661-93df-8c6d8c0e1a02: Failed appendEntries to 460e2dc4-d785-40fe-83e0-e12d10893b3d:192.168.19.5:38425: org.apache.ratis.thirdparty.io.grpc.StatusRuntimeException: UNAVAILABLE: io exception
2019-06-12 20:59:40,187 WARN  server.GrpcLogAppender (LogUtils.java:warn(134)) - dd3f3b49-f1f4-4661-93df-8c6d8c0e1a02: Failed appendEntries to b64412d9-d7d0-40e0-9fbf-66bbf3ac4fdc:192.168.19.5:35453: org.apache.ratis.thirdparty.io.grpc.StatusRuntimeException: UNAVAILABLE: io exception
2019-06-12 20:59:40,187 INFO  impl.FollowerInfo (FollowerInfo.java:lambda$new$0(50)) - dd3f3b49-f1f4-4661-93df-8c6d8c0e1a02->460e2dc4-d785-40fe-83e0-e12d10893b3d: nextIndex: updateUnconditionally 0 -> 0
2019-06-12 20:59:40,187 INFO  impl.FollowerInfo (FollowerInfo.java:lambda$new$0(50)) - dd3f3b49-f1f4-4661-93df-8c6d8c0e1a02->b64412d9-d7d0-40e0-9fbf-66bbf3ac4fdc: nextIndex: updateUnconditionally 0 -> 0
2019-06-12 20:59:40,688 WARN  server.GrpcLogAppender (LogUtils.java:warn(134)) - dd3f3b49-f1f4-4661-93df-8c6d8c0e1a02: Failed appendEntries to 460e2dc4-d785-40fe-83e0-e12d10893b3d:192.168.19.5:38425: org.apache.ratis.thirdparty.io.grpc.StatusRuntimeException: UNAVAILABLE: io exception
2019-06-12 20:59:40,739 INFO  impl.FollowerInfo (FollowerInfo.java:lambda$new$0(50)) - dd3f3b49-f1f4-4661-93df-8c6d8c0e1a02->460e2dc4-d785-40fe-83e0-e12d10893b3d: nextIndex: updateUnconditionally 0 -> 0
2019-06-12 20:59:40,738 WARN  server.GrpcLogAppender (LogUtils.java:warn(134)) - dd3f3b49-f1f4-4661-93df-8c6d8c0e1a02: Failed appendEntries to b64412d9-d7d0-40e0-9fbf-66bbf3ac4fdc:192.168.19.5:35453: org.apache.ratis.thirdparty.io.grpc.StatusRuntimeException: UNAVAILABLE: io exception
2019-06-12 20:59:40,739 INFO  impl.FollowerInfo (FollowerInfo.java:lambda$new$0(50)) - dd3f3b49-f1f4-4661-93df-8c6d8c0e1a02->b64412d9-d7d0-40e0-9fbf-66bbf3ac4fdc: nextIndex: updateUnconditionally 0 -> 0
2019-06-12 20:59:41,188 WARN  server.GrpcLogAppender (LogUtils.java:warn(134)) - dd3f3b49-f1f4-4661-93df-8c6d8c0e1a02: Failed appendEntries to b64412d9-d7d0-40e0-9fbf-66bbf3ac4fdc:192.168.19.5:35453: org.apache.ratis.thirdparty.io.grpc.StatusRuntimeException: UNAVAILABLE: io exception
2019-06-12 20:59:41,189 WARN  server.GrpcLogAppender (LogUtils.java:warn(134)) - dd3f3b49-f1f4-4661-93df-8c6d8c0e1a02: Failed appendEntries to 460e2dc4-d785-40fe-83e0-e12d10893b3d:192.168.19.5:38425: org.apache.ratis.thirdparty.io.grpc.StatusRuntimeException: UNAVAILABLE: io exception
2019-06-12 20:59:41,189 INFO  impl.FollowerInfo (FollowerInfo.java:lambda$new$0(50)) - dd3f3b49-f1f4-4661-93df-8c6d8c0e1a02->b64412d9-d7d0-40e0-9fbf-66bbf3ac4fdc: nextIndex: updateUnconditionally 0 -> 0
2019-06-12 20:59:41,189 INFO  impl.FollowerInfo (FollowerInfo.java:lambda$new$0(50)) - dd3f3b49-f1f4-4661-93df-8c6d8c0e1a02->460e2dc4-d785-40fe-83e0-e12d10893b3d: nextIndex: updateUnconditionally 0 -> 0
2019-06-12 20:59:41,689 WARN  server.GrpcLogAppender (LogUtils.java:warn(134)) - dd3f3b49-f1f4-4661-93df-8c6d8c0e1a02: Failed appendEntries to 460e2dc4-d785-40fe-83e0-e12d10893b3d:192.168.19.5:38425: org.apache.ratis.thirdparty.io.grpc.StatusRuntimeException: UNAVAILABLE: io exception
2019-06-12 20:59:41,689 WARN  server.GrpcLogAppender (LogUtils.java:warn(134)) - dd3f3b49-f1f4-4661-93df-8c6d8c0e1a02: Failed appendEntries to b64412d9-d7d0-40e0-9fbf-66bbf3ac4fdc:192.168.19.5:35453: org.apache.ratis.thirdparty.io.grpc.StatusRuntimeException: UNAVAILABLE: io exception
2019-06-12 20:59:41,689 INFO  impl.FollowerInfo (FollowerInfo.java:lambda$new$0(50)) - dd3f3b49-f1f4-4661-93df-8c6d8c0e1a02->460e2dc4-d785-40fe-83e0-e12d10893b3d: nextIndex: updateUnconditionally 0 -> 0
2019-06-12 20:59:41,689 INFO  impl.FollowerInfo (FollowerInfo.java:lambda$new$0(50)) - dd3f3b49-f1f4-4661-93df-8c6d8c0e1a02->b64412d9-d7d0-40e0-9fbf-66bbf3ac4fdc: nextIndex: updateUnconditionally 0 -> 0
2019-06-12 20:59:42,189 WARN  server.GrpcLogAppender (LogUtils.java:warn(134)) - dd3f3b49-f1f4-4661-93df-8c6d8c0e1a02: Failed appendEntries to b64412d9-d7d0-40e0-9fbf-66bbf3ac4fdc:192.168.19.5:35453: org.apache.ratis.thirdparty.io.grpc.StatusRuntimeException: UNAVAILABLE: io exception
2019-06-12 20:59:42,190 WARN  server.GrpcLogAppender (LogUtils.java:warn(134)) - dd3f3b49-f1f4-4661-93df-8c6d8c0e1a02: Failed appendEntries to 460e2dc4-d785-40fe-83e0-e12d10893b3d:192.168.19.5:38425: org.apache.ratis.thirdparty.io.grpc.StatusRuntimeException: UNAVAILABLE: io exception
2019-06-12 20:59:42,190 INFO  impl.FollowerInfo (FollowerInfo.java:lambda$new$0(50)) - dd3f3b49-f1f4-4661-93df-8c6d8c0e1a02->b64412d9-d7d0-40e0-9fbf-66bbf3ac4fdc: nextIndex: updateUnconditionally 0 -> 0
2019-06-12 20:59:42,190 INFO  impl.FollowerInfo (FollowerInfo.java:lambda$new$0(50)) - dd3f3b49-f1f4-4661-93df-8c6d8c0e1a02->460e2dc4-d785-40fe-83e0-e12d10893b3d: nextIndex: updateUnconditionally 0 -> 0
2019-06-12 20:59:42,690 WARN  server.GrpcLogAppender (LogUtils.java:warn(134)) - dd3f3b49-f1f4-4661-93df-8c6d8c0e1a02: Failed appendEntries to 460e2dc4-d785-40fe-83e0-e12d10893b3d:192.168.19.5:38425: org.apache.ratis.thirdparty.io.grpc.StatusRuntimeException: UNAVAILABLE: io exception
2019-06-12 20:59:42,690 INFO  impl.FollowerInfo (FollowerInfo.java:lambda$new$0(50)) - dd3f3b49-f1f4-4661-93df-8c6d8c0e1a02->460e2dc4-d785-40fe-83e0-e12d10893b3d: nextIndex: updateUnconditionally 0 -> 0
2019-06-12 20:59:42,690 WARN  server.GrpcLogAppender (LogUtils.java:warn(134)) - dd3f3b49-f1f4-4661-93df-8c6d8c0e1a02: Failed appendEntries to b64412d9-d7d0-40e0-9fbf-66bbf3ac4fdc:192.168.19.5:35453: org.apache.ratis.thirdparty.io.grpc.StatusRuntimeException: UNAVAILABLE: io exception
2019-06-12 20:59:42,691 INFO  impl.FollowerInfo (FollowerInfo.java:lambda$new$0(50)) - dd3f3b49-f1f4-4661-93df-8c6d8c0e1a02->b64412d9-d7d0-40e0-9fbf-66bbf3ac4fdc: nextIndex: updateUnconditionally 0 -> 0
2019-06-12 20:59:43,191 WARN  server.GrpcLogAppender (LogUtils.java:warn(134)) - dd3f3b49-f1f4-4661-93df-8c6d8c0e1a02: Failed appendEntries to 460e2dc4-d785-40fe-83e0-e12d10893b3d:192.168.19.5:38425: org.apache.ratis.thirdparty.io.grpc.StatusRuntimeException: UNAVAILABLE: io exception
2019-06-12 20:59:43,191 INFO  impl.FollowerInfo (FollowerInfo.java:lambda$new$0(50)) - dd3f3b49-f1f4-4661-93df-8c6d8c0e1a02->460e2dc4-d785-40fe-83e0-e12d10893b3d: nextIndex: updateUnconditionally 0 -> 0
2019-06-12 20:59:43,191 WARN  server.GrpcLogAppender (LogUtils.java:warn(134)) - dd3f3b49-f1f4-4661-93df-8c6d8c0e1a02: Failed appendEntries to b64412d9-d7d0-40e0-9fbf-66bbf3ac4fdc:192.168.19.5:35453: org.apache.ratis.thirdparty.io.grpc.StatusRuntimeException: UNAVAILABLE: io exception
2019-06-12 20:59:43,191 INFO  impl.FollowerInfo (FollowerInfo.java:lambda$new$0(50)) - dd3f3b49-f1f4-4661-93df-8c6d8c0e1a02->b64412d9-d7d0-40e0-9fbf-66bbf3ac4fdc: nextIndex: updateUnconditionally 0 -> 0
2019-06-12 20:59:43,691 WARN  server.GrpcLogAppender (LogUtils.java:warn(134)) - dd3f3b49-f1f4-4661-93df-8c6d8c0e1a02: Failed appendEntries to b64412d9-d7d0-40e0-9fbf-66bbf3ac4fdc:192.168.19.5:35453: org.apache.ratis.thirdparty.io.grpc.StatusRuntimeException: UNAVAILABLE: io exception
2019-06-12 20:59:43,691 WARN  server.GrpcLogAppender (LogUtils.java:warn(134)) - dd3f3b49-f1f4-4661-93df-8c6d8c0e1a02: Failed appendEntries to 460e2dc4-d785-40fe-83e0-e12d10893b3d:192.168.19.5:38425: org.apache.ratis.thirdparty.io.grpc.StatusRuntimeException: UNAVAILABLE: io exception
2019-06-12 20:59:43,692 INFO  impl.FollowerInfo (FollowerInfo.java:lambda$new$0(50)) - dd3f3b49-f1f4-4661-93df-8c6d8c0e1a02->b64412d9-d7d0-40e0-9fbf-66bbf3ac4fdc: nextIndex: updateUnconditionally 0 -> 0
2019-06-12 20:59:43,692 INFO  impl.FollowerInfo (FollowerInfo.java:lambda$new$0(50)) - dd3f3b49-f1f4-4661-93df-8c6d8c0e1a02->460e2dc4-d785-40fe-83e0-e12d10893b3d: nextIndex: updateUnconditionally 0 -> 0
2019-06-12 20:59:44,192 WARN  server.GrpcLogAppender (LogUtils.java:warn(134)) - dd3f3b49-f1f4-4661-93df-8c6d8c0e1a02: Failed appendEntries to b64412d9-d7d0-40e0-9fbf-66bbf3ac4fdc:192.168.19.5:35453: org.apache.ratis.thirdparty.io.grpc.StatusRuntimeException: UNAVAILABLE: io exception
2019-06-12 20:59:44,192 WARN  server.GrpcLogAppender (LogUtils.java:warn(134)) - dd3f3b49-f1f4-4661-93df-8c6d8c0e1a02: Failed appendEntries to 460e2dc4-d785-40fe-83e0-e12d10893b3d:192.168.19.5:38425: org.apache.ratis.thirdparty.io.grpc.StatusRuntimeException: UNAVAILABLE: io exception
2019-06-12 20:59:44,192 INFO  impl.FollowerInfo (FollowerInfo.java:lambda$new$0(50)) - dd3f3b49-f1f4-4661-93df-8c6d8c0e1a02->b64412d9-d7d0-40e0-9fbf-66bbf3ac4fdc: nextIndex: updateUnconditionally 0 -> 0
2019-06-12 20:59:44,192 INFO  impl.FollowerInfo (FollowerInfo.java:lambda$new$0(50)) - dd3f3b49-f1f4-4661-93df-8c6d8c0e1a02->460e2dc4-d785-40fe-83e0-e12d10893b3d: nextIndex: updateUnconditionally 0 -> 0
2019-06-12 20:59:44,582 INFO  client.GrpcClientProtocolService (GrpcClientProtocolService.java:lambda$processClientRequest$0(264)) - Failed RaftClientRequest:client-418BEB3E5E55->dd3f3b49-f1f4-4661-93df-8c6d8c0e1a02@group-D34404557330, cid=67, seq=0, Watch-ALL_COMMITTED(2), Message:<EMPTY>, reply=RaftClientReply:client-418BEB3E5E55->dd3f3b49-f1f4-4661-93df-8c6d8c0e1a02@group-D34404557330, cid=67, FAILED org.apache.ratis.protocol.NotReplicatedException: Request with call Id 67 and log index 2 is not yet replicated to ALL_COMMITTED, logIndex=2, commits[dd3f3b49-f1f4-4661-93df-8c6d8c0e1a02:c2, 460e2dc4-d785-40fe-83e0-e12d10893b3d:c1, b64412d9-d7d0-40e0-9fbf-66bbf3ac4fdc:c1]
2019-06-12 20:59:44,693 WARN  server.GrpcLogAppender (LogUtils.java:warn(134)) - dd3f3b49-f1f4-4661-93df-8c6d8c0e1a02: Failed appendEntries to 460e2dc4-d785-40fe-83e0-e12d10893b3d:192.168.19.5:38425: org.apache.ratis.thirdparty.io.grpc.StatusRuntimeException: UNAVAILABLE: io exception
2019-06-12 20:59:44,693 INFO  impl.FollowerInfo (FollowerInfo.java:lambda$new$0(50)) - dd3f3b49-f1f4-4661-93df-8c6d8c0e1a02->460e2dc4-d785-40fe-83e0-e12d10893b3d: nextIndex: updateUnconditionally 0 -> 0
2019-06-12 20:59:44,693 WARN  server.GrpcLogAppender (LogUtils.java:warn(134)) - dd3f3b49-f1f4-4661-93df-8c6d8c0e1a02: Failed appendEntries to b64412d9-d7d0-40e0-9fbf-66bbf3ac4fdc:192.168.19.5:35453: org.apache.ratis.thirdparty.io.grpc.StatusRuntimeException: UNAVAILABLE: io exception
2019-06-12 20:59:44,693 INFO  impl.FollowerInfo (FollowerInfo.java:lambda$new$0(50)) - dd3f3b49-f1f4-4661-93df-8c6d8c0e1a02->b64412d9-d7d0-40e0-9fbf-66bbf3ac4fdc: nextIndex: updateUnconditionally 0 -> 0
2019-06-12 20:59:45,193 WARN  server.GrpcLogAppender (LogUtils.java:warn(134)) - dd3f3b49-f1f4-4661-93df-8c6d8c0e1a02: Failed appendEntries to 460e2dc4-d785-40fe-83e0-e12d10893b3d:192.168.19.5:38425: org.apache.ratis.thirdparty.io.grpc.StatusRuntimeException: UNAVAILABLE: io exception
2019-06-12 20:59:45,193 WARN  server.GrpcLogAppender (LogUtils.java:warn(134)) - dd3f3b49-f1f4-4661-93df-8c6d8c0e1a02: Failed appendEntries to b64412d9-d7d0-40e0-9fbf-66bbf3ac4fdc:192.168.19.5:35453: org.apache.ratis.thirdparty.io.grpc.StatusRuntimeException: UNAVAILABLE: io exception
2019-06-12 20:59:45,194 INFO  impl.FollowerInfo (FollowerInfo.java:lambda$new$0(50)) - dd3f3b49-f1f4-4661-93df-8c6d8c0e1a02->460e2dc4-d785-40fe-83e0-e12d10893b3d: nextIndex: updateUnconditionally 0 -> 0
2019-06-12 20:59:45,194 INFO  impl.FollowerInfo (FollowerInfo.java:lambda$new$0(50)) - dd3f3b49-f1f4-4661-93df-8c6d8c0e1a02->b64412d9-d7d0-40e0-9fbf-66bbf3ac4fdc: nextIndex: updateUnconditionally 0 -> 0
2019-06-12 20:59:45,694 WARN  server.GrpcLogAppender (LogUtils.java:warn(134)) - dd3f3b49-f1f4-4661-93df-8c6d8c0e1a02: Failed appendEntries to b64412d9-d7d0-40e0-9fbf-66bbf3ac4fdc:192.168.19.5:35453: org.apache.ratis.thirdparty.io.grpc.StatusRuntimeException: UNAVAILABLE: io exception
2019-06-12 20:59:45,694 INFO  impl.FollowerInfo (FollowerInfo.java:lambda$new$0(50)) - dd3f3b49-f1f4-4661-93df-8c6d8c0e1a02->b64412d9-d7d0-40e0-9fbf-66bbf3ac4fdc: nextIndex: updateUnconditionally 0 -> 0
2019-06-12 20:59:45,695 WARN  server.GrpcLogAppender (LogUtils.java:warn(134)) - dd3f3b49-f1f4-4661-93df-8c6d8c0e1a02: Failed appendEntries to 460e2dc4-d785-40fe-83e0-e12d10893b3d:192.168.19.5:38425: org.apache.ratis.thirdparty.io.grpc.StatusRuntimeException: UNAVAILABLE: io exception
2019-06-12 20:59:45,695 INFO  impl.FollowerInfo (FollowerInfo.java:lambda$new$0(50)) - dd3f3b49-f1f4-4661-93df-8c6d8c0e1a02->460e2dc4-d785-40fe-83e0-e12d10893b3d: nextIndex: updateUnconditionally 0 -> 0
2019-06-12 20:59:46,194 WARN  server.GrpcLogAppender (LogUtils.java:warn(134)) - dd3f3b49-f1f4-4661-93df-8c6d8c0e1a02: Failed appendEntries to 460e2dc4-d785-40fe-83e0-e12d10893b3d:192.168.19.5:38425: org.apache.ratis.thirdparty.io.grpc.StatusRuntimeException: UNAVAILABLE: io exception
2019-06-12 20:59:46,195 INFO  impl.FollowerInfo (FollowerInfo.java:lambda$new$0(50)) - dd3f3b49-f1f4-4661-93df-8c6d8c0e1a02->460e2dc4-d785-40fe-83e0-e12d10893b3d: nextIndex: updateUnconditionally 0 -> 0
2019-06-12 20:59:46,195 WARN  server.GrpcLogAppender (LogUtils.java:warn(134)) - dd3f3b49-f1f4-4661-93df-8c6d8c0e1a02: Failed appendEntries to b64412d9-d7d0-40e0-9fbf-66bbf3ac4fdc:192.168.19.5:35453: org.apache.ratis.thirdparty.io.grpc.StatusRuntimeException: UNAVAILABLE: io exception
2019-06-12 20:59:46,195 INFO  impl.FollowerInfo (FollowerInfo.java:lambda$new$0(50)) - dd3f3b49-f1f4-4661-93df-8c6d8c0e1a02->b64412d9-d7d0-40e0-9fbf-66bbf3ac4fdc: nextIndex: updateUnconditionally 0 -> 0
2019-06-12 20:59:46,695 WARN  server.GrpcLogAppender (LogUtils.java:warn(134)) - dd3f3b49-f1f4-4661-93df-8c6d8c0e1a02: Failed appendEntries to 460e2dc4-d785-40fe-83e0-e12d10893b3d:192.168.19.5:38425: org.apache.ratis.thirdparty.io.grpc.StatusRuntimeException: UNAVAILABLE: io exception
2019-06-12 20:59:46,695 WARN  server.GrpcLogAppender (LogUtils.java:warn(134)) - dd3f3b49-f1f4-4661-93df-8c6d8c0e1a02: Failed appendEntries to b64412d9-d7d0-40e0-9fbf-66bbf3ac4fdc:192.168.19.5:35453: org.apache.ratis.thirdparty.io.grpc.StatusRuntimeException: UNAVAILABLE: io exception
2019-06-12 20:59:46,696 INFO  impl.FollowerInfo (FollowerInfo.java:lambda$new$0(50)) - dd3f3b49-f1f4-4661-93df-8c6d8c0e1a02->460e2dc4-d785-40fe-83e0-e12d10893b3d: nextIndex: updateUnconditionally 0 -> 0
2019-06-12 20:59:46,696 INFO  impl.FollowerInfo (FollowerInfo.java:lambda$new$0(50)) - dd3f3b49-f1f4-4661-93df-8c6d8c0e1a02->b64412d9-d7d0-40e0-9fbf-66bbf3ac4fdc: nextIndex: updateUnconditionally 0 -> 0
2019-06-12 20:59:47,196 WARN  server.GrpcLogAppender (LogUtils.java:warn(134)) - dd3f3b49-f1f4-4661-93df-8c6d8c0e1a02: Failed appendEntries to b64412d9-d7d0-40e0-9fbf-66bbf3ac4fdc:192.168.19.5:35453: org.apache.ratis.thirdparty.io.grpc.StatusRuntimeException: UNAVAILABLE: io exception
2019-06-12 20:59:47,196 INFO  impl.FollowerInfo (FollowerInfo.java:lambda$new$0(50)) - dd3f3b49-f1f4-4661-93df-8c6d8c0e1a02->b64412d9-d7d0-40e0-9fbf-66bbf3ac4fdc: nextIndex: updateUnconditionally 0 -> 0
2019-06-12 20:59:47,196 WARN  server.GrpcLogAppender (LogUtils.java:warn(134)) - dd3f3b49-f1f4-4661-93df-8c6d8c0e1a02: Failed appendEntries to 460e2dc4-d785-40fe-83e0-e12d10893b3d:192.168.19.5:38425: org.apache.ratis.thirdparty.io.grpc.StatusRuntimeException: UNAVAILABLE: io exception
2019-06-12 20:59:47,197 INFO  impl.FollowerInfo (FollowerInfo.java:lambda$new$0(50)) - dd3f3b49-f1f4-4661-93df-8c6d8c0e1a02->460e2dc4-d785-40fe-83e0-e12d10893b3d: nextIndex: updateUnconditionally 0 -> 0
2019-06-12 20:59:47,696 WARN  server.GrpcLogAppender (LogUtils.java:warn(134)) - dd3f3b49-f1f4-4661-93df-8c6d8c0e1a02: Failed appendEntries to b64412d9-d7d0-40e0-9fbf-66bbf3ac4fdc:192.168.19.5:35453: org.apache.ratis.thirdparty.io.grpc.StatusRuntimeException: UNAVAILABLE: io exception
2019-06-12 20:59:47,697 INFO  impl.FollowerInfo (FollowerInfo.java:lambda$new$0(50)) - dd3f3b49-f1f4-4661-93df-8c6d8c0e1a02->b64412d9-d7d0-40e0-9fbf-66bbf3ac4fdc: nextIndex: updateUnconditionally 0 -> 0
2019-06-12 20:59:47,697 WARN  server.GrpcLogAppender (LogUtils.java:warn(134)) - dd3f3b49-f1f4-4661-93df-8c6d8c0e1a02: Failed appendEntries to 460e2dc4-d785-40fe-83e0-e12d10893b3d:192.168.19.5:38425: org.apache.ratis.thirdparty.io.grpc.StatusRuntimeException: UNAVAILABLE: io exception
2019-06-12 20:59:47,697 INFO  impl.FollowerInfo (FollowerInfo.java:lambda$new$0(50)) - dd3f3b49-f1f4-4661-93df-8c6d8c0e1a02->460e2dc4-d785-40fe-83e0-e12d10893b3d: nextIndex: updateUnconditionally 0 -> 0
2019-06-12 20:59:48,197 WARN  server.GrpcLogAppender (LogUtils.java:warn(134)) - dd3f3b49-f1f4-4661-93df-8c6d8c0e1a02: Failed appendEntries to 460e2dc4-d785-40fe-83e0-e12d10893b3d:192.168.19.5:38425: org.apache.ratis.thirdparty.io.grpc.StatusRuntimeException: UNAVAILABLE: io exception
2019-06-12 20:59:48,197 WARN  server.GrpcLogAppender (LogUtils.java:warn(134)) - dd3f3b49-f1f4-4661-93df-8c6d8c0e1a02: Failed appendEntries to b64412d9-d7d0-40e0-9fbf-66bbf3ac4fdc:192.168.19.5:35453: org.apache.ratis.thirdparty.io.grpc.StatusRuntimeException: UNAVAILABLE: io exception
2019-06-12 20:59:48,197 INFO  impl.FollowerInfo (FollowerInfo.java:lambda$new$0(50)) - dd3f3b49-f1f4-4661-93df-8c6d8c0e1a02->460e2dc4-d785-40fe-83e0-e12d10893b3d: nextIndex: updateUnconditionally 0 -> 0
2019-06-12 20:59:48,197 INFO  impl.FollowerInfo (FollowerInfo.java:lambda$new$0(50)) - dd3f3b49-f1f4-4661-93df-8c6d8c0e1a02->b64412d9-d7d0-40e0-9fbf-66bbf3ac4fdc: nextIndex: updateUnconditionally 0 -> 0
2019-06-12 20:59:48,697 WARN  server.GrpcLogAppender (LogUtils.java:warn(134)) - dd3f3b49-f1f4-4661-93df-8c6d8c0e1a02: Failed appendEntries to b64412d9-d7d0-40e0-9fbf-66bbf3ac4fdc:192.168.19.5:35453: org.apache.ratis.thirdparty.io.grpc.StatusRuntimeException: UNAVAILABLE: io exception
2019-06-12 20:59:48,698 WARN  server.GrpcLogAppender (LogUtils.java:warn(134)) - dd3f3b49-f1f4-4661-93df-8c6d8c0e1a02: Failed appendEntries to 460e2dc4-d785-40fe-83e0-e12d10893b3d:192.168.19.5:38425: org.apache.ratis.thirdparty.io.grpc.StatusRuntimeException: UNAVAILABLE: io exception
2019-06-12 20:59:48,698 INFO  impl.FollowerInfo (FollowerInfo.java:lambda$new$0(50)) - dd3f3b49-f1f4-4661-93df-8c6d8c0e1a02->b64412d9-d7d0-40e0-9fbf-66bbf3ac4fdc: nextIndex: updateUnconditionally 0 -> 0
2019-06-12 20:59:48,698 INFO  impl.FollowerInfo (FollowerInfo.java:lambda$new$0(50)) - dd3f3b49-f1f4-4661-93df-8c6d8c0e1a02->460e2dc4-d785-40fe-83e0-e12d10893b3d: nextIndex: updateUnconditionally 0 -> 0
2019-06-12 20:59:49,198 WARN  server.GrpcLogAppender (LogUtils.java:warn(134)) - dd3f3b49-f1f4-4661-93df-8c6d8c0e1a02: Failed appendEntries to b64412d9-d7d0-40e0-9fbf-66bbf3ac4fdc:192.168.19.5:35453: org.apache.ratis.thirdparty.io.grpc.StatusRuntimeException: UNAVAILABLE: io exception
2019-06-12 20:59:49,198 WARN  server.GrpcLogAppender (LogUtils.java:warn(134)) - dd3f3b49-f1f4-4661-93df-8c6d8c0e1a02: Failed appendEntries to 460e2dc4-d785-40fe-83e0-e12d10893b3d:192.168.19.5:38425: org.apache.ratis.thirdparty.io.grpc.StatusRuntimeException: UNAVAILABLE: io exception
2019-06-12 20:59:49,198 INFO  impl.FollowerInfo (FollowerInfo.java:lambda$new$0(50)) - dd3f3b49-f1f4-4661-93df-8c6d8c0e1a02->b64412d9-d7d0-40e0-9fbf-66bbf3ac4fdc: nextIndex: updateUnconditionally 0 -> 0
2019-06-12 20:59:49,198 INFO  impl.FollowerInfo (FollowerInfo.java:lambda$new$0(50)) - dd3f3b49-f1f4-4661-93df-8c6d8c0e1a02->460e2dc4-d785-40fe-83e0-e12d10893b3d: nextIndex: updateUnconditionally 0 -> 0
2019-06-12 20:59:49,289 WARN  scm.XceiverClientRatis (XceiverClientRatis.java:watchForCommit(260)) - 3 way commit failed 
java.util.concurrent.TimeoutException
	at java.util.concurrent.CompletableFuture.timedGet(CompletableFuture.java:1771)
	at java.util.concurrent.CompletableFuture.get(CompletableFuture.java:1915)
	at org.apache.hadoop.hdds.scm.XceiverClientRatis.watchForCommit(XceiverClientRatis.java:257)
	at org.apache.hadoop.ozone.client.rpc.TestWatchForCommit.testWatchForCommitForRetryfailure(TestWatchForCommit.java:347)
	at sun.reflect.NativeMethodAccessorImpl.invoke0(Native Method)
	at sun.reflect.NativeMethodAccessorImpl.invoke(NativeMethodAccessorImpl.java:62)
	at sun.reflect.DelegatingMethodAccessorImpl.invoke(DelegatingMethodAccessorImpl.java:43)
	at java.lang.reflect.Method.invoke(Method.java:498)
	at org.junit.runners.model.FrameworkMethod$1.runReflectiveCall(FrameworkMethod.java:47)
	at org.junit.internal.runners.model.ReflectiveCallable.run(ReflectiveCallable.java:12)
	at org.junit.runners.model.FrameworkMethod.invokeExplosively(FrameworkMethod.java:44)
	at org.junit.internal.runners.statements.InvokeMethod.evaluate(InvokeMethod.java:17)
	at org.junit.runners.ParentRunner.runLeaf(ParentRunner.java:271)
	at org.junit.runners.BlockJUnit4ClassRunner.runChild(BlockJUnit4ClassRunner.java:70)
	at org.junit.runners.BlockJUnit4ClassRunner.runChild(BlockJUnit4ClassRunner.java:50)
	at org.junit.runners.ParentRunner$3.run(ParentRunner.java:238)
	at org.junit.runners.ParentRunner$1.schedule(ParentRunner.java:63)
	at org.junit.runners.ParentRunner.runChildren(ParentRunner.java:236)
	at org.junit.runners.ParentRunner.access$000(ParentRunner.java:53)
	at org.junit.runners.ParentRunner$2.evaluate(ParentRunner.java:229)
	at org.junit.runners.ParentRunner.run(ParentRunner.java:309)
	at org.apache.maven.surefire.junit4.JUnit4Provider.execute(JUnit4Provider.java:365)
	at org.apache.maven.surefire.junit4.JUnit4Provider.executeWithRerun(JUnit4Provider.java:273)
	at org.apache.maven.surefire.junit4.JUnit4Provider.executeTestSet(JUnit4Provider.java:238)
	at org.apache.maven.surefire.junit4.JUnit4Provider.invoke(JUnit4Provider.java:159)
	at org.apache.maven.surefire.booter.ForkedBooter.invokeProviderInSameClassLoader(ForkedBooter.java:384)
	at org.apache.maven.surefire.booter.ForkedBooter.runSuitesInProcess(ForkedBooter.java:345)
	at org.apache.maven.surefire.booter.ForkedBooter.execute(ForkedBooter.java:126)
	at org.apache.maven.surefire.booter.ForkedBooter.main(ForkedBooter.java:418)
2019-06-12 20:59:49,698 WARN  server.GrpcLogAppender (LogUtils.java:warn(134)) - dd3f3b49-f1f4-4661-93df-8c6d8c0e1a02: Failed appendEntries to b64412d9-d7d0-40e0-9fbf-66bbf3ac4fdc:192.168.19.5:35453: org.apache.ratis.thirdparty.io.grpc.StatusRuntimeException: UNAVAILABLE: io exception
2019-06-12 20:59:49,699 INFO  impl.FollowerInfo (FollowerInfo.java:lambda$new$0(50)) - dd3f3b49-f1f4-4661-93df-8c6d8c0e1a02->b64412d9-d7d0-40e0-9fbf-66bbf3ac4fdc: nextIndex: updateUnconditionally 0 -> 0
2019-06-12 20:59:49,699 WARN  server.GrpcLogAppender (LogUtils.java:warn(134)) - dd3f3b49-f1f4-4661-93df-8c6d8c0e1a02: Failed appendEntries to 460e2dc4-d785-40fe-83e0-e12d10893b3d:192.168.19.5:38425: org.apache.ratis.thirdparty.io.grpc.StatusRuntimeException: UNAVAILABLE: io exception
2019-06-12 20:59:49,699 INFO  impl.FollowerInfo (FollowerInfo.java:lambda$new$0(50)) - dd3f3b49-f1f4-4661-93df-8c6d8c0e1a02->460e2dc4-d785-40fe-83e0-e12d10893b3d: nextIndex: updateUnconditionally 0 -> 0
2019-06-12 20:59:50,199 WARN  server.GrpcLogAppender (LogUtils.java:warn(134)) - dd3f3b49-f1f4-4661-93df-8c6d8c0e1a02: Failed appendEntries to b64412d9-d7d0-40e0-9fbf-66bbf3ac4fdc:192.168.19.5:35453: org.apache.ratis.thirdparty.io.grpc.StatusRuntimeException: UNAVAILABLE: io exception
2019-06-12 20:59:50,199 WARN  server.GrpcLogAppender (LogUtils.java:warn(134)) - dd3f3b49-f1f4-4661-93df-8c6d8c0e1a02: Failed appendEntries to 460e2dc4-d785-40fe-83e0-e12d10893b3d:192.168.19.5:38425: org.apache.ratis.thirdparty.io.grpc.StatusRuntimeException: UNAVAILABLE: io exception
2019-06-12 20:59:50,199 INFO  impl.FollowerInfo (FollowerInfo.java:lambda$new$0(50)) - dd3f3b49-f1f4-4661-93df-8c6d8c0e1a02->b64412d9-d7d0-40e0-9fbf-66bbf3ac4fdc: nextIndex: updateUnconditionally 0 -> 0
2019-06-12 20:59:50,199 INFO  impl.FollowerInfo (FollowerInfo.java:lambda$new$0(50)) - dd3f3b49-f1f4-4661-93df-8c6d8c0e1a02->460e2dc4-d785-40fe-83e0-e12d10893b3d: nextIndex: updateUnconditionally 0 -> 0
2019-06-12 20:59:50,582 INFO  client.GrpcClientProtocolService (GrpcClientProtocolService.java:lambda$processClientRequest$0(264)) - Failed RaftClientRequest:client-418BEB3E5E55->dd3f3b49-f1f4-4661-93df-8c6d8c0e1a02@group-D34404557330, cid=67, seq=0, Watch-ALL_COMMITTED(2), Message:<EMPTY>, reply=RaftClientReply:client-418BEB3E5E55->dd3f3b49-f1f4-4661-93df-8c6d8c0e1a02@group-D34404557330, cid=67, FAILED org.apache.ratis.protocol.NotReplicatedException: Request with call Id 67 and log index 2 is not yet replicated to ALL_COMMITTED, logIndex=2, commits[dd3f3b49-f1f4-4661-93df-8c6d8c0e1a02:c2, 460e2dc4-d785-40fe-83e0-e12d10893b3d:c1, b64412d9-d7d0-40e0-9fbf-66bbf3ac4fdc:c1]
2019-06-12 20:59:50,700 WARN  server.GrpcLogAppender (LogUtils.java:warn(134)) - dd3f3b49-f1f4-4661-93df-8c6d8c0e1a02: Failed appendEntries to b64412d9-d7d0-40e0-9fbf-66bbf3ac4fdc:192.168.19.5:35453: org.apache.ratis.thirdparty.io.grpc.StatusRuntimeException: UNAVAILABLE: io exception
2019-06-12 20:59:50,700 INFO  impl.FollowerInfo (FollowerInfo.java:lambda$new$0(50)) - dd3f3b49-f1f4-4661-93df-8c6d8c0e1a02->b64412d9-d7d0-40e0-9fbf-66bbf3ac4fdc: nextIndex: updateUnconditionally 0 -> 0
2019-06-12 20:59:50,700 WARN  server.GrpcLogAppender (LogUtils.java:warn(134)) - dd3f3b49-f1f4-4661-93df-8c6d8c0e1a02: Failed appendEntries to 460e2dc4-d785-40fe-83e0-e12d10893b3d:192.168.19.5:38425: org.apache.ratis.thirdparty.io.grpc.StatusRuntimeException: UNAVAILABLE: io exception
2019-06-12 20:59:50,700 INFO  impl.FollowerInfo (FollowerInfo.java:lambda$new$0(50)) - dd3f3b49-f1f4-4661-93df-8c6d8c0e1a02->460e2dc4-d785-40fe-83e0-e12d10893b3d: nextIndex: updateUnconditionally 0 -> 0
2019-06-12 20:59:51,200 WARN  server.GrpcLogAppender (LogUtils.java:warn(134)) - dd3f3b49-f1f4-4661-93df-8c6d8c0e1a02: Failed appendEntries to b64412d9-d7d0-40e0-9fbf-66bbf3ac4fdc:192.168.19.5:35453: org.apache.ratis.thirdparty.io.grpc.StatusRuntimeException: UNAVAILABLE: io exception
2019-06-12 20:59:51,200 WARN  server.GrpcLogAppender (LogUtils.java:warn(134)) - dd3f3b49-f1f4-4661-93df-8c6d8c0e1a02: Failed appendEntries to 460e2dc4-d785-40fe-83e0-e12d10893b3d:192.168.19.5:38425: org.apache.ratis.thirdparty.io.grpc.StatusRuntimeException: UNAVAILABLE: io exception
2019-06-12 20:59:51,201 INFO  impl.FollowerInfo (FollowerInfo.java:lambda$new$0(50)) - dd3f3b49-f1f4-4661-93df-8c6d8c0e1a02->460e2dc4-d785-40fe-83e0-e12d10893b3d: nextIndex: updateUnconditionally 0 -> 0
2019-06-12 20:59:51,200 INFO  impl.FollowerInfo (FollowerInfo.java:lambda$new$0(50)) - dd3f3b49-f1f4-4661-93df-8c6d8c0e1a02->b64412d9-d7d0-40e0-9fbf-66bbf3ac4fdc: nextIndex: updateUnconditionally 0 -> 0
2019-06-12 20:59:51,701 WARN  server.GrpcLogAppender (LogUtils.java:warn(134)) - dd3f3b49-f1f4-4661-93df-8c6d8c0e1a02: Failed appendEntries to 460e2dc4-d785-40fe-83e0-e12d10893b3d:192.168.19.5:38425: org.apache.ratis.thirdparty.io.grpc.StatusRuntimeException: UNAVAILABLE: io exception
2019-06-12 20:59:51,701 WARN  server.GrpcLogAppender (LogUtils.java:warn(134)) - dd3f3b49-f1f4-4661-93df-8c6d8c0e1a02: Failed appendEntries to b64412d9-d7d0-40e0-9fbf-66bbf3ac4fdc:192.168.19.5:35453: org.apache.ratis.thirdparty.io.grpc.StatusRuntimeException: UNAVAILABLE: io exception
2019-06-12 20:59:51,701 INFO  impl.FollowerInfo (FollowerInfo.java:lambda$new$0(50)) - dd3f3b49-f1f4-4661-93df-8c6d8c0e1a02->460e2dc4-d785-40fe-83e0-e12d10893b3d: nextIndex: updateUnconditionally 0 -> 0
2019-06-12 20:59:51,701 INFO  impl.FollowerInfo (FollowerInfo.java:lambda$new$0(50)) - dd3f3b49-f1f4-4661-93df-8c6d8c0e1a02->b64412d9-d7d0-40e0-9fbf-66bbf3ac4fdc: nextIndex: updateUnconditionally 0 -> 0
2019-06-12 20:59:52,201 WARN  server.GrpcLogAppender (LogUtils.java:warn(134)) - dd3f3b49-f1f4-4661-93df-8c6d8c0e1a02: Failed appendEntries to b64412d9-d7d0-40e0-9fbf-66bbf3ac4fdc:192.168.19.5:35453: org.apache.ratis.thirdparty.io.grpc.StatusRuntimeException: UNAVAILABLE: io exception
2019-06-12 20:59:52,202 INFO  impl.FollowerInfo (FollowerInfo.java:lambda$new$0(50)) - dd3f3b49-f1f4-4661-93df-8c6d8c0e1a02->b64412d9-d7d0-40e0-9fbf-66bbf3ac4fdc: nextIndex: updateUnconditionally 0 -> 0
2019-06-12 20:59:52,202 WARN  server.GrpcLogAppender (LogUtils.java:warn(134)) - dd3f3b49-f1f4-4661-93df-8c6d8c0e1a02: Failed appendEntries to 460e2dc4-d785-40fe-83e0-e12d10893b3d:192.168.19.5:38425: org.apache.ratis.thirdparty.io.grpc.StatusRuntimeException: UNAVAILABLE: io exception
2019-06-12 20:59:52,202 INFO  impl.FollowerInfo (FollowerInfo.java:lambda$new$0(50)) - dd3f3b49-f1f4-4661-93df-8c6d8c0e1a02->460e2dc4-d785-40fe-83e0-e12d10893b3d: nextIndex: updateUnconditionally 0 -> 0
2019-06-12 20:59:52,702 WARN  server.GrpcLogAppender (LogUtils.java:warn(134)) - dd3f3b49-f1f4-4661-93df-8c6d8c0e1a02: Failed appendEntries to 460e2dc4-d785-40fe-83e0-e12d10893b3d:192.168.19.5:38425: org.apache.ratis.thirdparty.io.grpc.StatusRuntimeException: UNAVAILABLE: io exception
2019-06-12 20:59:52,702 WARN  server.GrpcLogAppender (LogUtils.java:warn(134)) - dd3f3b49-f1f4-4661-93df-8c6d8c0e1a02: Failed appendEntries to b64412d9-d7d0-40e0-9fbf-66bbf3ac4fdc:192.168.19.5:35453: org.apache.ratis.thirdparty.io.grpc.StatusRuntimeException: UNAVAILABLE: io exception
2019-06-12 20:59:52,702 INFO  impl.FollowerInfo (FollowerInfo.java:lambda$new$0(50)) - dd3f3b49-f1f4-4661-93df-8c6d8c0e1a02->460e2dc4-d785-40fe-83e0-e12d10893b3d: nextIndex: updateUnconditionally 0 -> 0
2019-06-12 20:59:52,702 INFO  impl.FollowerInfo (FollowerInfo.java:lambda$new$0(50)) - dd3f3b49-f1f4-4661-93df-8c6d8c0e1a02->b64412d9-d7d0-40e0-9fbf-66bbf3ac4fdc: nextIndex: updateUnconditionally 0 -> 0
2019-06-12 20:59:53,202 WARN  server.GrpcLogAppender (LogUtils.java:warn(134)) - dd3f3b49-f1f4-4661-93df-8c6d8c0e1a02: Failed appendEntries to b64412d9-d7d0-40e0-9fbf-66bbf3ac4fdc:192.168.19.5:35453: org.apache.ratis.thirdparty.io.grpc.StatusRuntimeException: UNAVAILABLE: io exception
2019-06-12 20:59:53,203 INFO  impl.FollowerInfo (FollowerInfo.java:lambda$new$0(50)) - dd3f3b49-f1f4-4661-93df-8c6d8c0e1a02->b64412d9-d7d0-40e0-9fbf-66bbf3ac4fdc: nextIndex: updateUnconditionally 0 -> 0
2019-06-12 20:59:53,203 WARN  server.GrpcLogAppender (LogUtils.java:warn(134)) - dd3f3b49-f1f4-4661-93df-8c6d8c0e1a02: Failed appendEntries to 460e2dc4-d785-40fe-83e0-e12d10893b3d:192.168.19.5:38425: org.apache.ratis.thirdparty.io.grpc.StatusRuntimeException: UNAVAILABLE: io exception
2019-06-12 20:59:53,203 INFO  impl.FollowerInfo (FollowerInfo.java:lambda$new$0(50)) - dd3f3b49-f1f4-4661-93df-8c6d8c0e1a02->460e2dc4-d785-40fe-83e0-e12d10893b3d: nextIndex: updateUnconditionally 0 -> 0
2019-06-12 20:59:53,703 WARN  server.GrpcLogAppender (LogUtils.java:warn(134)) - dd3f3b49-f1f4-4661-93df-8c6d8c0e1a02: Failed appendEntries to b64412d9-d7d0-40e0-9fbf-66bbf3ac4fdc:192.168.19.5:35453: org.apache.ratis.thirdparty.io.grpc.StatusRuntimeException: UNAVAILABLE: io exception
2019-06-12 20:59:53,703 WARN  server.GrpcLogAppender (LogUtils.java:warn(134)) - dd3f3b49-f1f4-4661-93df-8c6d8c0e1a02: Failed appendEntries to 460e2dc4-d785-40fe-83e0-e12d10893b3d:192.168.19.5:38425: org.apache.ratis.thirdparty.io.grpc.StatusRuntimeException: UNAVAILABLE: io exception
2019-06-12 20:59:53,703 INFO  impl.FollowerInfo (FollowerInfo.java:lambda$new$0(50)) - dd3f3b49-f1f4-4661-93df-8c6d8c0e1a02->b64412d9-d7d0-40e0-9fbf-66bbf3ac4fdc: nextIndex: updateUnconditionally 0 -> 0
2019-06-12 20:59:53,703 INFO  impl.FollowerInfo (FollowerInfo.java:lambda$new$0(50)) - dd3f3b49-f1f4-4661-93df-8c6d8c0e1a02->460e2dc4-d785-40fe-83e0-e12d10893b3d: nextIndex: updateUnconditionally 0 -> 0
2019-06-12 20:59:54,204 WARN  server.GrpcLogAppender (LogUtils.java:warn(134)) - dd3f3b49-f1f4-4661-93df-8c6d8c0e1a02: Failed appendEntries to b64412d9-d7d0-40e0-9fbf-66bbf3ac4fdc:192.168.19.5:35453: org.apache.ratis.thirdparty.io.grpc.StatusRuntimeException: UNAVAILABLE: io exception
2019-06-12 20:59:54,204 WARN  server.GrpcLogAppender (LogUtils.java:warn(134)) - dd3f3b49-f1f4-4661-93df-8c6d8c0e1a02: Failed appendEntries to 460e2dc4-d785-40fe-83e0-e12d10893b3d:192.168.19.5:38425: org.apache.ratis.thirdparty.io.grpc.StatusRuntimeException: UNAVAILABLE: io exception
2019-06-12 20:59:54,204 INFO  impl.FollowerInfo (FollowerInfo.java:lambda$new$0(50)) - dd3f3b49-f1f4-4661-93df-8c6d8c0e1a02->b64412d9-d7d0-40e0-9fbf-66bbf3ac4fdc: nextIndex: updateUnconditionally 0 -> 0
2019-06-12 20:59:54,204 INFO  impl.FollowerInfo (FollowerInfo.java:lambda$new$0(50)) - dd3f3b49-f1f4-4661-93df-8c6d8c0e1a02->460e2dc4-d785-40fe-83e0-e12d10893b3d: nextIndex: updateUnconditionally 0 -> 0
2019-06-12 20:59:54,704 WARN  server.GrpcLogAppender (LogUtils.java:warn(134)) - dd3f3b49-f1f4-4661-93df-8c6d8c0e1a02: Failed appendEntries to 460e2dc4-d785-40fe-83e0-e12d10893b3d:192.168.19.5:38425: org.apache.ratis.thirdparty.io.grpc.StatusRuntimeException: UNAVAILABLE: io exception
2019-06-12 20:59:54,704 WARN  server.GrpcLogAppender (LogUtils.java:warn(134)) - dd3f3b49-f1f4-4661-93df-8c6d8c0e1a02: Failed appendEntries to b64412d9-d7d0-40e0-9fbf-66bbf3ac4fdc:192.168.19.5:35453: org.apache.ratis.thirdparty.io.grpc.StatusRuntimeException: UNAVAILABLE: io exception
2019-06-12 20:59:54,705 INFO  impl.FollowerInfo (FollowerInfo.java:lambda$new$0(50)) - dd3f3b49-f1f4-4661-93df-8c6d8c0e1a02->460e2dc4-d785-40fe-83e0-e12d10893b3d: nextIndex: updateUnconditionally 0 -> 0
2019-06-12 20:59:54,705 INFO  impl.FollowerInfo (FollowerInfo.java:lambda$new$0(50)) - dd3f3b49-f1f4-4661-93df-8c6d8c0e1a02->b64412d9-d7d0-40e0-9fbf-66bbf3ac4fdc: nextIndex: updateUnconditionally 0 -> 0
2019-06-12 20:59:55,205 WARN  server.GrpcLogAppender (LogUtils.java:warn(134)) - dd3f3b49-f1f4-4661-93df-8c6d8c0e1a02: Failed appendEntries to 460e2dc4-d785-40fe-83e0-e12d10893b3d:192.168.19.5:38425: org.apache.ratis.thirdparty.io.grpc.StatusRuntimeException: UNAVAILABLE: io exception
2019-06-12 20:59:55,205 INFO  impl.FollowerInfo (FollowerInfo.java:lambda$new$0(50)) - dd3f3b49-f1f4-4661-93df-8c6d8c0e1a02->460e2dc4-d785-40fe-83e0-e12d10893b3d: nextIndex: updateUnconditionally 0 -> 0
2019-06-12 20:59:55,206 WARN  server.GrpcLogAppender (LogUtils.java:warn(134)) - dd3f3b49-f1f4-4661-93df-8c6d8c0e1a02: Failed appendEntries to b64412d9-d7d0-40e0-9fbf-66bbf3ac4fdc:192.168.19.5:35453: org.apache.ratis.thirdparty.io.grpc.StatusRuntimeException: UNAVAILABLE: io exception
2019-06-12 20:59:55,206 INFO  impl.FollowerInfo (FollowerInfo.java:lambda$new$0(50)) - dd3f3b49-f1f4-4661-93df-8c6d8c0e1a02->b64412d9-d7d0-40e0-9fbf-66bbf3ac4fdc: nextIndex: updateUnconditionally 0 -> 0
2019-06-12 20:59:55,582 INFO  client.GrpcClientProtocolService (GrpcClientProtocolService.java:lambda$processClientRequest$0(264)) - Failed RaftClientRequest:client-418BEB3E5E55->dd3f3b49-f1f4-4661-93df-8c6d8c0e1a02@group-D34404557330, cid=67, seq=0, Watch-ALL_COMMITTED(2), Message:<EMPTY>, reply=RaftClientReply:client-418BEB3E5E55->dd3f3b49-f1f4-4661-93df-8c6d8c0e1a02@group-D34404557330, cid=67, FAILED org.apache.ratis.protocol.NotReplicatedException: Request with call Id 67 and log index 2 is not yet replicated to ALL_COMMITTED, logIndex=2, commits[dd3f3b49-f1f4-4661-93df-8c6d8c0e1a02:c2, 460e2dc4-d785-40fe-83e0-e12d10893b3d:c1, b64412d9-d7d0-40e0-9fbf-66bbf3ac4fdc:c1]
2019-06-12 20:59:55,706 WARN  server.GrpcLogAppender (LogUtils.java:warn(134)) - dd3f3b49-f1f4-4661-93df-8c6d8c0e1a02: Failed appendEntries to b64412d9-d7d0-40e0-9fbf-66bbf3ac4fdc:192.168.19.5:35453: org.apache.ratis.thirdparty.io.grpc.StatusRuntimeException: UNAVAILABLE: io exception
2019-06-12 20:59:55,706 WARN  server.GrpcLogAppender (LogUtils.java:warn(134)) - dd3f3b49-f1f4-4661-93df-8c6d8c0e1a02: Failed appendEntries to 460e2dc4-d785-40fe-83e0-e12d10893b3d:192.168.19.5:38425: org.apache.ratis.thirdparty.io.grpc.StatusRuntimeException: UNAVAILABLE: io exception
2019-06-12 20:59:55,706 INFO  impl.FollowerInfo (FollowerInfo.java:lambda$new$0(50)) - dd3f3b49-f1f4-4661-93df-8c6d8c0e1a02->b64412d9-d7d0-40e0-9fbf-66bbf3ac4fdc: nextIndex: updateUnconditionally 0 -> 0
2019-06-12 20:59:55,706 INFO  impl.FollowerInfo (FollowerInfo.java:lambda$new$0(50)) - dd3f3b49-f1f4-4661-93df-8c6d8c0e1a02->460e2dc4-d785-40fe-83e0-e12d10893b3d: nextIndex: updateUnconditionally 0 -> 0
2019-06-12 20:59:56,206 WARN  server.GrpcLogAppender (LogUtils.java:warn(134)) - dd3f3b49-f1f4-4661-93df-8c6d8c0e1a02: Failed appendEntries to b64412d9-d7d0-40e0-9fbf-66bbf3ac4fdc:192.168.19.5:35453: org.apache.ratis.thirdparty.io.grpc.StatusRuntimeException: UNAVAILABLE: io exception
2019-06-12 20:59:56,206 INFO  impl.FollowerInfo (FollowerInfo.java:lambda$new$0(50)) - dd3f3b49-f1f4-4661-93df-8c6d8c0e1a02->b64412d9-d7d0-40e0-9fbf-66bbf3ac4fdc: nextIndex: updateUnconditionally 0 -> 0
2019-06-12 20:59:56,207 WARN  server.GrpcLogAppender (LogUtils.java:warn(134)) - dd3f3b49-f1f4-4661-93df-8c6d8c0e1a02: Failed appendEntries to 460e2dc4-d785-40fe-83e0-e12d10893b3d:192.168.19.5:38425: org.apache.ratis.thirdparty.io.grpc.StatusRuntimeException: UNAVAILABLE: io exception
2019-06-12 20:59:56,207 INFO  impl.FollowerInfo (FollowerInfo.java:lambda$new$0(50)) - dd3f3b49-f1f4-4661-93df-8c6d8c0e1a02->460e2dc4-d785-40fe-83e0-e12d10893b3d: nextIndex: updateUnconditionally 0 -> 0
2019-06-12 20:59:56,707 WARN  server.GrpcLogAppender (LogUtils.java:warn(134)) - dd3f3b49-f1f4-4661-93df-8c6d8c0e1a02: Failed appendEntries to 460e2dc4-d785-40fe-83e0-e12d10893b3d:192.168.19.5:38425: org.apache.ratis.thirdparty.io.grpc.StatusRuntimeException: UNAVAILABLE: io exception
2019-06-12 20:59:56,707 WARN  server.GrpcLogAppender (LogUtils.java:warn(134)) - dd3f3b49-f1f4-4661-93df-8c6d8c0e1a02: Failed appendEntries to b64412d9-d7d0-40e0-9fbf-66bbf3ac4fdc:192.168.19.5:35453: org.apache.ratis.thirdparty.io.grpc.StatusRuntimeException: UNAVAILABLE: io exception
2019-06-12 20:59:56,707 INFO  impl.FollowerInfo (FollowerInfo.java:lambda$new$0(50)) - dd3f3b49-f1f4-4661-93df-8c6d8c0e1a02->460e2dc4-d785-40fe-83e0-e12d10893b3d: nextIndex: updateUnconditionally 0 -> 0
2019-06-12 20:59:56,707 INFO  impl.FollowerInfo (FollowerInfo.java:lambda$new$0(50)) - dd3f3b49-f1f4-4661-93df-8c6d8c0e1a02->b64412d9-d7d0-40e0-9fbf-66bbf3ac4fdc: nextIndex: updateUnconditionally 0 -> 0
2019-06-12 20:59:57,207 WARN  server.GrpcLogAppender (LogUtils.java:warn(134)) - dd3f3b49-f1f4-4661-93df-8c6d8c0e1a02: Failed appendEntries to b64412d9-d7d0-40e0-9fbf-66bbf3ac4fdc:192.168.19.5:35453: org.apache.ratis.thirdparty.io.grpc.StatusRuntimeException: UNAVAILABLE: io exception
2019-06-12 20:59:57,207 WARN  server.GrpcLogAppender (LogUtils.java:warn(134)) - dd3f3b49-f1f4-4661-93df-8c6d8c0e1a02: Failed appendEntries to 460e2dc4-d785-40fe-83e0-e12d10893b3d:192.168.19.5:38425: org.apache.ratis.thirdparty.io.grpc.StatusRuntimeException: UNAVAILABLE: io exception
2019-06-12 20:59:57,208 INFO  impl.FollowerInfo (FollowerInfo.java:lambda$new$0(50)) - dd3f3b49-f1f4-4661-93df-8c6d8c0e1a02->b64412d9-d7d0-40e0-9fbf-66bbf3ac4fdc: nextIndex: updateUnconditionally 0 -> 0
2019-06-12 20:59:57,208 INFO  impl.FollowerInfo (FollowerInfo.java:lambda$new$0(50)) - dd3f3b49-f1f4-4661-93df-8c6d8c0e1a02->460e2dc4-d785-40fe-83e0-e12d10893b3d: nextIndex: updateUnconditionally 0 -> 0
2019-06-12 20:59:57,708 WARN  server.GrpcLogAppender (LogUtils.java:warn(134)) - dd3f3b49-f1f4-4661-93df-8c6d8c0e1a02: Failed appendEntries to 460e2dc4-d785-40fe-83e0-e12d10893b3d:192.168.19.5:38425: org.apache.ratis.thirdparty.io.grpc.StatusRuntimeException: UNAVAILABLE: io exception
2019-06-12 20:59:57,708 WARN  server.GrpcLogAppender (LogUtils.java:warn(134)) - dd3f3b49-f1f4-4661-93df-8c6d8c0e1a02: Failed appendEntries to b64412d9-d7d0-40e0-9fbf-66bbf3ac4fdc:192.168.19.5:35453: org.apache.ratis.thirdparty.io.grpc.StatusRuntimeException: UNAVAILABLE: io exception
2019-06-12 20:59:57,709 INFO  impl.FollowerInfo (FollowerInfo.java:lambda$new$0(50)) - dd3f3b49-f1f4-4661-93df-8c6d8c0e1a02->460e2dc4-d785-40fe-83e0-e12d10893b3d: nextIndex: updateUnconditionally 0 -> 0
2019-06-12 20:59:57,709 INFO  impl.FollowerInfo (FollowerInfo.java:lambda$new$0(50)) - dd3f3b49-f1f4-4661-93df-8c6d8c0e1a02->b64412d9-d7d0-40e0-9fbf-66bbf3ac4fdc: nextIndex: updateUnconditionally 0 -> 0
2019-06-12 20:59:58,208 WARN  server.GrpcLogAppender (LogUtils.java:warn(134)) - dd3f3b49-f1f4-4661-93df-8c6d8c0e1a02: Failed appendEntries to 460e2dc4-d785-40fe-83e0-e12d10893b3d:192.168.19.5:38425: org.apache.ratis.thirdparty.io.grpc.StatusRuntimeException: UNAVAILABLE: io exception
2019-06-12 20:59:58,209 INFO  impl.FollowerInfo (FollowerInfo.java:lambda$new$0(50)) - dd3f3b49-f1f4-4661-93df-8c6d8c0e1a02->460e2dc4-d785-40fe-83e0-e12d10893b3d: nextIndex: updateUnconditionally 0 -> 0
2019-06-12 20:59:58,209 WARN  server.GrpcLogAppender (LogUtils.java:warn(134)) - dd3f3b49-f1f4-4661-93df-8c6d8c0e1a02: Failed appendEntries to b64412d9-d7d0-40e0-9fbf-66bbf3ac4fdc:192.168.19.5:35453: org.apache.ratis.thirdparty.io.grpc.StatusRuntimeException: UNAVAILABLE: io exception
2019-06-12 20:59:58,209 INFO  impl.FollowerInfo (FollowerInfo.java:lambda$new$0(50)) - dd3f3b49-f1f4-4661-93df-8c6d8c0e1a02->b64412d9-d7d0-40e0-9fbf-66bbf3ac4fdc: nextIndex: updateUnconditionally 0 -> 0
2019-06-12 20:59:58,709 WARN  server.GrpcLogAppender (LogUtils.java:warn(134)) - dd3f3b49-f1f4-4661-93df-8c6d8c0e1a02: Failed appendEntries to b64412d9-d7d0-40e0-9fbf-66bbf3ac4fdc:192.168.19.5:35453: org.apache.ratis.thirdparty.io.grpc.StatusRuntimeException: UNAVAILABLE: io exception
2019-06-12 20:59:58,710 INFO  impl.FollowerInfo (FollowerInfo.java:lambda$new$0(50)) - dd3f3b49-f1f4-4661-93df-8c6d8c0e1a02->b64412d9-d7d0-40e0-9fbf-66bbf3ac4fdc: nextIndex: updateUnconditionally 0 -> 0
2019-06-12 20:59:58,710 WARN  server.GrpcLogAppender (LogUtils.java:warn(134)) - dd3f3b49-f1f4-4661-93df-8c6d8c0e1a02: Failed appendEntries to 460e2dc4-d785-40fe-83e0-e12d10893b3d:192.168.19.5:38425: org.apache.ratis.thirdparty.io.grpc.StatusRuntimeException: UNAVAILABLE: io exception
2019-06-12 20:59:58,710 INFO  impl.FollowerInfo (FollowerInfo.java:lambda$new$0(50)) - dd3f3b49-f1f4-4661-93df-8c6d8c0e1a02->460e2dc4-d785-40fe-83e0-e12d10893b3d: nextIndex: updateUnconditionally 0 -> 0
2019-06-12 20:59:59,210 WARN  server.GrpcLogAppender (LogUtils.java:warn(134)) - dd3f3b49-f1f4-4661-93df-8c6d8c0e1a02: Failed appendEntries to b64412d9-d7d0-40e0-9fbf-66bbf3ac4fdc:192.168.19.5:35453: org.apache.ratis.thirdparty.io.grpc.StatusRuntimeException: UNAVAILABLE: io exception
2019-06-12 20:59:59,210 INFO  impl.FollowerInfo (FollowerInfo.java:lambda$new$0(50)) - dd3f3b49-f1f4-4661-93df-8c6d8c0e1a02->b64412d9-d7d0-40e0-9fbf-66bbf3ac4fdc: nextIndex: updateUnconditionally 0 -> 0
2019-06-12 20:59:59,210 WARN  server.GrpcLogAppender (LogUtils.java:warn(134)) - dd3f3b49-f1f4-4661-93df-8c6d8c0e1a02: Failed appendEntries to 460e2dc4-d785-40fe-83e0-e12d10893b3d:192.168.19.5:38425: org.apache.ratis.thirdparty.io.grpc.StatusRuntimeException: UNAVAILABLE: io exception
2019-06-12 20:59:59,211 INFO  impl.FollowerInfo (FollowerInfo.java:lambda$new$0(50)) - dd3f3b49-f1f4-4661-93df-8c6d8c0e1a02->460e2dc4-d785-40fe-83e0-e12d10893b3d: nextIndex: updateUnconditionally 0 -> 0
2019-06-12 20:59:59,582 INFO  client.GrpcClientProtocolService (GrpcClientProtocolService.java:lambda$processClientRequest$0(264)) - Failed RaftClientRequest:client-418BEB3E5E55->dd3f3b49-f1f4-4661-93df-8c6d8c0e1a02@group-D34404557330, cid=67, seq=0, Watch-ALL_COMMITTED(2), Message:<EMPTY>, reply=RaftClientReply:client-418BEB3E5E55->dd3f3b49-f1f4-4661-93df-8c6d8c0e1a02@group-D34404557330, cid=67, FAILED org.apache.ratis.protocol.NotReplicatedException: Request with call Id 67 and log index 2 is not yet replicated to ALL_COMMITTED, logIndex=2, commits[dd3f3b49-f1f4-4661-93df-8c6d8c0e1a02:c2, 460e2dc4-d785-40fe-83e0-e12d10893b3d:c1, b64412d9-d7d0-40e0-9fbf-66bbf3ac4fdc:c1]
2019-06-12 20:59:59,710 WARN  server.GrpcLogAppender (LogUtils.java:warn(134)) - dd3f3b49-f1f4-4661-93df-8c6d8c0e1a02: Failed appendEntries to b64412d9-d7d0-40e0-9fbf-66bbf3ac4fdc:192.168.19.5:35453: org.apache.ratis.thirdparty.io.grpc.StatusRuntimeException: UNAVAILABLE: io exception
2019-06-12 20:59:59,710 INFO  impl.FollowerInfo (FollowerInfo.java:lambda$new$0(50)) - dd3f3b49-f1f4-4661-93df-8c6d8c0e1a02->b64412d9-d7d0-40e0-9fbf-66bbf3ac4fdc: nextIndex: updateUnconditionally 0 -> 0
2019-06-12 20:59:59,710 WARN  server.GrpcLogAppender (LogUtils.java:warn(134)) - dd3f3b49-f1f4-4661-93df-8c6d8c0e1a02: Failed appendEntries to 460e2dc4-d785-40fe-83e0-e12d10893b3d:192.168.19.5:38425: org.apache.ratis.thirdparty.io.grpc.StatusRuntimeException: UNAVAILABLE: io exception
2019-06-12 20:59:59,711 INFO  impl.FollowerInfo (FollowerInfo.java:lambda$new$0(50)) - dd3f3b49-f1f4-4661-93df-8c6d8c0e1a02->460e2dc4-d785-40fe-83e0-e12d10893b3d: nextIndex: updateUnconditionally 0 -> 0
2019-06-12 21:00:00,211 WARN  server.GrpcLogAppender (LogUtils.java:warn(134)) - dd3f3b49-f1f4-4661-93df-8c6d8c0e1a02: Failed appendEntries to 460e2dc4-d785-40fe-83e0-e12d10893b3d:192.168.19.5:38425: org.apache.ratis.thirdparty.io.grpc.StatusRuntimeException: UNAVAILABLE: io exception
2019-06-12 21:00:00,211 INFO  impl.FollowerInfo (FollowerInfo.java:lambda$new$0(50)) - dd3f3b49-f1f4-4661-93df-8c6d8c0e1a02->460e2dc4-d785-40fe-83e0-e12d10893b3d: nextIndex: updateUnconditionally 0 -> 0
2019-06-12 21:00:00,211 WARN  server.GrpcLogAppender (LogUtils.java:warn(134)) - dd3f3b49-f1f4-4661-93df-8c6d8c0e1a02: Failed appendEntries to b64412d9-d7d0-40e0-9fbf-66bbf3ac4fdc:192.168.19.5:35453: org.apache.ratis.thirdparty.io.grpc.StatusRuntimeException: UNAVAILABLE: io exception
2019-06-12 21:00:00,211 INFO  impl.FollowerInfo (FollowerInfo.java:lambda$new$0(50)) - dd3f3b49-f1f4-4661-93df-8c6d8c0e1a02->b64412d9-d7d0-40e0-9fbf-66bbf3ac4fdc: nextIndex: updateUnconditionally 0 -> 0
2019-06-12 21:00:00,582 INFO  client.GrpcClientProtocolService (GrpcClientProtocolService.java:lambda$processClientRequest$0(264)) - Failed RaftClientRequest:client-418BEB3E5E55->dd3f3b49-f1f4-4661-93df-8c6d8c0e1a02@group-D34404557330, cid=68, seq=0, Watch-MAJORITY_COMMITTED(2), Message:<EMPTY>, reply=RaftClientReply:client-418BEB3E5E55->dd3f3b49-f1f4-4661-93df-8c6d8c0e1a02@group-D34404557330, cid=68, FAILED org.apache.ratis.protocol.NotReplicatedException: Request with call Id 68 and log index 2 is not yet replicated to MAJORITY_COMMITTED, logIndex=2, commits[dd3f3b49-f1f4-4661-93df-8c6d8c0e1a02:c2, 460e2dc4-d785-40fe-83e0-e12d10893b3d:c1, b64412d9-d7d0-40e0-9fbf-66bbf3ac4fdc:c1]
2019-06-12 21:00:00,711 WARN  server.GrpcLogAppender (LogUtils.java:warn(134)) - dd3f3b49-f1f4-4661-93df-8c6d8c0e1a02: Failed appendEntries to 460e2dc4-d785-40fe-83e0-e12d10893b3d:192.168.19.5:38425: org.apache.ratis.thirdparty.io.grpc.StatusRuntimeException: UNAVAILABLE: io exception
2019-06-12 21:00:00,711 INFO  impl.FollowerInfo (FollowerInfo.java:lambda$new$0(50)) - dd3f3b49-f1f4-4661-93df-8c6d8c0e1a02->460e2dc4-d785-40fe-83e0-e12d10893b3d: nextIndex: updateUnconditionally 0 -> 0
2019-06-12 21:00:00,711 WARN  server.GrpcLogAppender (LogUtils.java:warn(134)) - dd3f3b49-f1f4-4661-93df-8c6d8c0e1a02: Failed appendEntries to b64412d9-d7d0-40e0-9fbf-66bbf3ac4fdc:192.168.19.5:35453: org.apache.ratis.thirdparty.io.grpc.StatusRuntimeException: UNAVAILABLE: io exception
2019-06-12 21:00:00,712 INFO  impl.FollowerInfo (FollowerInfo.java:lambda$new$0(50)) - dd3f3b49-f1f4-4661-93df-8c6d8c0e1a02->b64412d9-d7d0-40e0-9fbf-66bbf3ac4fdc: nextIndex: updateUnconditionally 0 -> 0
2019-06-12 21:00:01,212 WARN  server.GrpcLogAppender (LogUtils.java:warn(134)) - dd3f3b49-f1f4-4661-93df-8c6d8c0e1a02: Failed appendEntries to 460e2dc4-d785-40fe-83e0-e12d10893b3d:192.168.19.5:38425: org.apache.ratis.thirdparty.io.grpc.StatusRuntimeException: UNAVAILABLE: io exception
2019-06-12 21:00:01,212 INFO  impl.FollowerInfo (FollowerInfo.java:lambda$new$0(50)) - dd3f3b49-f1f4-4661-93df-8c6d8c0e1a02->460e2dc4-d785-40fe-83e0-e12d10893b3d: nextIndex: updateUnconditionally 0 -> 0
2019-06-12 21:00:01,212 WARN  server.GrpcLogAppender (LogUtils.java:warn(134)) - dd3f3b49-f1f4-4661-93df-8c6d8c0e1a02: Failed appendEntries to b64412d9-d7d0-40e0-9fbf-66bbf3ac4fdc:192.168.19.5:35453: org.apache.ratis.thirdparty.io.grpc.StatusRuntimeException: UNAVAILABLE: io exception
2019-06-12 21:00:01,212 INFO  impl.FollowerInfo (FollowerInfo.java:lambda$new$0(50)) - dd3f3b49-f1f4-4661-93df-8c6d8c0e1a02->b64412d9-d7d0-40e0-9fbf-66bbf3ac4fdc: nextIndex: updateUnconditionally 0 -> 0
2019-06-12 21:00:01,712 WARN  server.GrpcLogAppender (LogUtils.java:warn(134)) - dd3f3b49-f1f4-4661-93df-8c6d8c0e1a02: Failed appendEntries to 460e2dc4-d785-40fe-83e0-e12d10893b3d:192.168.19.5:38425: org.apache.ratis.thirdparty.io.grpc.StatusRuntimeException: UNAVAILABLE: io exception
2019-06-12 21:00:01,712 WARN  server.GrpcLogAppender (LogUtils.java:warn(134)) - dd3f3b49-f1f4-4661-93df-8c6d8c0e1a02: Failed appendEntries to b64412d9-d7d0-40e0-9fbf-66bbf3ac4fdc:192.168.19.5:35453: org.apache.ratis.thirdparty.io.grpc.StatusRuntimeException: UNAVAILABLE: io exception
2019-06-12 21:00:01,713 INFO  impl.FollowerInfo (FollowerInfo.java:lambda$new$0(50)) - dd3f3b49-f1f4-4661-93df-8c6d8c0e1a02->460e2dc4-d785-40fe-83e0-e12d10893b3d: nextIndex: updateUnconditionally 0 -> 0
2019-06-12 21:00:01,713 INFO  impl.FollowerInfo (FollowerInfo.java:lambda$new$0(50)) - dd3f3b49-f1f4-4661-93df-8c6d8c0e1a02->b64412d9-d7d0-40e0-9fbf-66bbf3ac4fdc: nextIndex: updateUnconditionally 0 -> 0
2019-06-12 21:00:02,213 WARN  server.GrpcLogAppender (LogUtils.java:warn(134)) - dd3f3b49-f1f4-4661-93df-8c6d8c0e1a02: Failed appendEntries to 460e2dc4-d785-40fe-83e0-e12d10893b3d:192.168.19.5:38425: org.apache.ratis.thirdparty.io.grpc.StatusRuntimeException: UNAVAILABLE: io exception
2019-06-12 21:00:02,213 WARN  server.GrpcLogAppender (LogUtils.java:warn(134)) - dd3f3b49-f1f4-4661-93df-8c6d8c0e1a02: Failed appendEntries to b64412d9-d7d0-40e0-9fbf-66bbf3ac4fdc:192.168.19.5:35453: org.apache.ratis.thirdparty.io.grpc.StatusRuntimeException: UNAVAILABLE: io exception
2019-06-12 21:00:02,213 INFO  impl.FollowerInfo (FollowerInfo.java:lambda$new$0(50)) - dd3f3b49-f1f4-4661-93df-8c6d8c0e1a02->460e2dc4-d785-40fe-83e0-e12d10893b3d: nextIndex: updateUnconditionally 0 -> 0
2019-06-12 21:00:02,213 INFO  impl.FollowerInfo (FollowerInfo.java:lambda$new$0(50)) - dd3f3b49-f1f4-4661-93df-8c6d8c0e1a02->b64412d9-d7d0-40e0-9fbf-66bbf3ac4fdc: nextIndex: updateUnconditionally 0 -> 0
2019-06-12 21:00:02,713 WARN  server.GrpcLogAppender (LogUtils.java:warn(134)) - dd3f3b49-f1f4-4661-93df-8c6d8c0e1a02: Failed appendEntries to 460e2dc4-d785-40fe-83e0-e12d10893b3d:192.168.19.5:38425: org.apache.ratis.thirdparty.io.grpc.StatusRuntimeException: UNAVAILABLE: io exception
2019-06-12 21:00:02,714 INFO  impl.FollowerInfo (FollowerInfo.java:lambda$new$0(50)) - dd3f3b49-f1f4-4661-93df-8c6d8c0e1a02->460e2dc4-d785-40fe-83e0-e12d10893b3d: nextIndex: updateUnconditionally 0 -> 0
2019-06-12 21:00:02,714 WARN  server.GrpcLogAppender (LogUtils.java:warn(134)) - dd3f3b49-f1f4-4661-93df-8c6d8c0e1a02: Failed appendEntries to b64412d9-d7d0-40e0-9fbf-66bbf3ac4fdc:192.168.19.5:35453: org.apache.ratis.thirdparty.io.grpc.StatusRuntimeException: UNAVAILABLE: io exception
2019-06-12 21:00:02,714 INFO  impl.FollowerInfo (FollowerInfo.java:lambda$new$0(50)) - dd3f3b49-f1f4-4661-93df-8c6d8c0e1a02->b64412d9-d7d0-40e0-9fbf-66bbf3ac4fdc: nextIndex: updateUnconditionally 0 -> 0
2019-06-12 21:00:03,214 WARN  server.GrpcLogAppender (LogUtils.java:warn(134)) - dd3f3b49-f1f4-4661-93df-8c6d8c0e1a02: Failed appendEntries to 460e2dc4-d785-40fe-83e0-e12d10893b3d:192.168.19.5:38425: org.apache.ratis.thirdparty.io.grpc.StatusRuntimeException: UNAVAILABLE: io exception
2019-06-12 21:00:03,214 WARN  server.GrpcLogAppender (LogUtils.java:warn(134)) - dd3f3b49-f1f4-4661-93df-8c6d8c0e1a02: Failed appendEntries to b64412d9-d7d0-40e0-9fbf-66bbf3ac4fdc:192.168.19.5:35453: org.apache.ratis.thirdparty.io.grpc.StatusRuntimeException: UNAVAILABLE: io exception
2019-06-12 21:00:03,214 INFO  impl.FollowerInfo (FollowerInfo.java:lambda$new$0(50)) - dd3f3b49-f1f4-4661-93df-8c6d8c0e1a02->460e2dc4-d785-40fe-83e0-e12d10893b3d: nextIndex: updateUnconditionally 0 -> 0
2019-06-12 21:00:03,214 INFO  impl.FollowerInfo (FollowerInfo.java:lambda$new$0(50)) - dd3f3b49-f1f4-4661-93df-8c6d8c0e1a02->b64412d9-d7d0-40e0-9fbf-66bbf3ac4fdc: nextIndex: updateUnconditionally 0 -> 0
2019-06-12 21:00:03,714 WARN  server.GrpcLogAppender (LogUtils.java:warn(134)) - dd3f3b49-f1f4-4661-93df-8c6d8c0e1a02: Failed appendEntries to 460e2dc4-d785-40fe-83e0-e12d10893b3d:192.168.19.5:38425: org.apache.ratis.thirdparty.io.grpc.StatusRuntimeException: UNAVAILABLE: io exception
2019-06-12 21:00:03,715 INFO  impl.FollowerInfo (FollowerInfo.java:lambda$new$0(50)) - dd3f3b49-f1f4-4661-93df-8c6d8c0e1a02->460e2dc4-d785-40fe-83e0-e12d10893b3d: nextIndex: updateUnconditionally 0 -> 0
2019-06-12 21:00:03,715 WARN  server.GrpcLogAppender (LogUtils.java:warn(134)) - dd3f3b49-f1f4-4661-93df-8c6d8c0e1a02: Failed appendEntries to b64412d9-d7d0-40e0-9fbf-66bbf3ac4fdc:192.168.19.5:35453: org.apache.ratis.thirdparty.io.grpc.StatusRuntimeException: UNAVAILABLE: io exception
2019-06-12 21:00:03,715 INFO  impl.FollowerInfo (FollowerInfo.java:lambda$new$0(50)) - dd3f3b49-f1f4-4661-93df-8c6d8c0e1a02->b64412d9-d7d0-40e0-9fbf-66bbf3ac4fdc: nextIndex: updateUnconditionally 0 -> 0
2019-06-12 21:00:04,215 WARN  server.GrpcLogAppender (LogUtils.java:warn(134)) - dd3f3b49-f1f4-4661-93df-8c6d8c0e1a02: Failed appendEntries to b64412d9-d7d0-40e0-9fbf-66bbf3ac4fdc:192.168.19.5:35453: org.apache.ratis.thirdparty.io.grpc.StatusRuntimeException: UNAVAILABLE: io exception
2019-06-12 21:00:04,215 WARN  server.GrpcLogAppender (LogUtils.java:warn(134)) - dd3f3b49-f1f4-4661-93df-8c6d8c0e1a02: Failed appendEntries to 460e2dc4-d785-40fe-83e0-e12d10893b3d:192.168.19.5:38425: org.apache.ratis.thirdparty.io.grpc.StatusRuntimeException: UNAVAILABLE: io exception
2019-06-12 21:00:04,215 INFO  impl.FollowerInfo (FollowerInfo.java:lambda$new$0(50)) - dd3f3b49-f1f4-4661-93df-8c6d8c0e1a02->b64412d9-d7d0-40e0-9fbf-66bbf3ac4fdc: nextIndex: updateUnconditionally 0 -> 0
2019-06-12 21:00:04,215 INFO  impl.FollowerInfo (FollowerInfo.java:lambda$new$0(50)) - dd3f3b49-f1f4-4661-93df-8c6d8c0e1a02->460e2dc4-d785-40fe-83e0-e12d10893b3d: nextIndex: updateUnconditionally 0 -> 0
2019-06-12 21:00:04,716 WARN  server.GrpcLogAppender (LogUtils.java:warn(134)) - dd3f3b49-f1f4-4661-93df-8c6d8c0e1a02: Failed appendEntries to 460e2dc4-d785-40fe-83e0-e12d10893b3d:192.168.19.5:38425: org.apache.ratis.thirdparty.io.grpc.StatusRuntimeException: UNAVAILABLE: io exception
2019-06-12 21:00:04,716 INFO  impl.FollowerInfo (FollowerInfo.java:lambda$new$0(50)) - dd3f3b49-f1f4-4661-93df-8c6d8c0e1a02->460e2dc4-d785-40fe-83e0-e12d10893b3d: nextIndex: updateUnconditionally 0 -> 0
2019-06-12 21:00:04,716 WARN  server.GrpcLogAppender (LogUtils.java:warn(134)) - dd3f3b49-f1f4-4661-93df-8c6d8c0e1a02: Failed appendEntries to b64412d9-d7d0-40e0-9fbf-66bbf3ac4fdc:192.168.19.5:35453: org.apache.ratis.thirdparty.io.grpc.StatusRuntimeException: UNAVAILABLE: io exception
2019-06-12 21:00:04,716 INFO  impl.FollowerInfo (FollowerInfo.java:lambda$new$0(50)) - dd3f3b49-f1f4-4661-93df-8c6d8c0e1a02->b64412d9-d7d0-40e0-9fbf-66bbf3ac4fdc: nextIndex: updateUnconditionally 0 -> 0
2019-06-12 21:00:05,216 WARN  server.GrpcLogAppender (LogUtils.java:warn(134)) - dd3f3b49-f1f4-4661-93df-8c6d8c0e1a02: Failed appendEntries to 460e2dc4-d785-40fe-83e0-e12d10893b3d:192.168.19.5:38425: org.apache.ratis.thirdparty.io.grpc.StatusRuntimeException: UNAVAILABLE: io exception
2019-06-12 21:00:05,216 WARN  server.GrpcLogAppender (LogUtils.java:warn(134)) - dd3f3b49-f1f4-4661-93df-8c6d8c0e1a02: Failed appendEntries to b64412d9-d7d0-40e0-9fbf-66bbf3ac4fdc:192.168.19.5:35453: org.apache.ratis.thirdparty.io.grpc.StatusRuntimeException: UNAVAILABLE: io exception
2019-06-12 21:00:05,216 INFO  impl.FollowerInfo (FollowerInfo.java:lambda$new$0(50)) - dd3f3b49-f1f4-4661-93df-8c6d8c0e1a02->460e2dc4-d785-40fe-83e0-e12d10893b3d: nextIndex: updateUnconditionally 0 -> 0
2019-06-12 21:00:05,217 INFO  impl.FollowerInfo (FollowerInfo.java:lambda$new$0(50)) - dd3f3b49-f1f4-4661-93df-8c6d8c0e1a02->b64412d9-d7d0-40e0-9fbf-66bbf3ac4fdc: nextIndex: updateUnconditionally 0 -> 0
2019-06-12 21:00:05,717 WARN  server.GrpcLogAppender (LogUtils.java:warn(134)) - dd3f3b49-f1f4-4661-93df-8c6d8c0e1a02: Failed appendEntries to 460e2dc4-d785-40fe-83e0-e12d10893b3d:192.168.19.5:38425: org.apache.ratis.thirdparty.io.grpc.StatusRuntimeException: UNAVAILABLE: io exception
2019-06-12 21:00:05,717 INFO  impl.FollowerInfo (FollowerInfo.java:lambda$new$0(50)) - dd3f3b49-f1f4-4661-93df-8c6d8c0e1a02->460e2dc4-d785-40fe-83e0-e12d10893b3d: nextIndex: updateUnconditionally 0 -> 0
2019-06-12 21:00:05,717 WARN  server.GrpcLogAppender (LogUtils.java:warn(134)) - dd3f3b49-f1f4-4661-93df-8c6d8c0e1a02: Failed appendEntries to b64412d9-d7d0-40e0-9fbf-66bbf3ac4fdc:192.168.19.5:35453: org.apache.ratis.thirdparty.io.grpc.StatusRuntimeException: UNAVAILABLE: io exception
2019-06-12 21:00:05,717 INFO  impl.FollowerInfo (FollowerInfo.java:lambda$new$0(50)) - dd3f3b49-f1f4-4661-93df-8c6d8c0e1a02->b64412d9-d7d0-40e0-9fbf-66bbf3ac4fdc: nextIndex: updateUnconditionally 0 -> 0
2019-06-12 21:00:06,217 WARN  server.GrpcLogAppender (LogUtils.java:warn(134)) - dd3f3b49-f1f4-4661-93df-8c6d8c0e1a02: Failed appendEntries to 460e2dc4-d785-40fe-83e0-e12d10893b3d:192.168.19.5:38425: org.apache.ratis.thirdparty.io.grpc.StatusRuntimeException: UNAVAILABLE: io exception
2019-06-12 21:00:06,217 WARN  server.GrpcLogAppender (LogUtils.java:warn(134)) - dd3f3b49-f1f4-4661-93df-8c6d8c0e1a02: Failed appendEntries to b64412d9-d7d0-40e0-9fbf-66bbf3ac4fdc:192.168.19.5:35453: org.apache.ratis.thirdparty.io.grpc.StatusRuntimeException: UNAVAILABLE: io exception
2019-06-12 21:00:06,217 INFO  impl.FollowerInfo (FollowerInfo.java:lambda$new$0(50)) - dd3f3b49-f1f4-4661-93df-8c6d8c0e1a02->460e2dc4-d785-40fe-83e0-e12d10893b3d: nextIndex: updateUnconditionally 0 -> 0
2019-06-12 21:00:06,218 INFO  impl.FollowerInfo (FollowerInfo.java:lambda$new$0(50)) - dd3f3b49-f1f4-4661-93df-8c6d8c0e1a02->b64412d9-d7d0-40e0-9fbf-66bbf3ac4fdc: nextIndex: updateUnconditionally 0 -> 0
2019-06-12 21:00:06,584 INFO  client.GrpcClientProtocolService (GrpcClientProtocolService.java:lambda$processClientRequest$0(264)) - Failed RaftClientRequest:client-418BEB3E5E55->dd3f3b49-f1f4-4661-93df-8c6d8c0e1a02@group-D34404557330, cid=68, seq=0, Watch-MAJORITY_COMMITTED(2), Message:<EMPTY>, reply=RaftClientReply:client-418BEB3E5E55->dd3f3b49-f1f4-4661-93df-8c6d8c0e1a02@group-D34404557330, cid=68, FAILED org.apache.ratis.protocol.NotReplicatedException: Request with call Id 68 and log index 2 is not yet replicated to MAJORITY_COMMITTED, logIndex=2, commits[dd3f3b49-f1f4-4661-93df-8c6d8c0e1a02:c2, 460e2dc4-d785-40fe-83e0-e12d10893b3d:c1, b64412d9-d7d0-40e0-9fbf-66bbf3ac4fdc:c1]
2019-06-12 21:00:06,718 WARN  server.GrpcLogAppender (LogUtils.java:warn(134)) - dd3f3b49-f1f4-4661-93df-8c6d8c0e1a02: Failed appendEntries to 460e2dc4-d785-40fe-83e0-e12d10893b3d:192.168.19.5:38425: org.apache.ratis.thirdparty.io.grpc.StatusRuntimeException: UNAVAILABLE: io exception
2019-06-12 21:00:06,718 WARN  server.GrpcLogAppender (LogUtils.java:warn(134)) - dd3f3b49-f1f4-4661-93df-8c6d8c0e1a02: Failed appendEntries to b64412d9-d7d0-40e0-9fbf-66bbf3ac4fdc:192.168.19.5:35453: org.apache.ratis.thirdparty.io.grpc.StatusRuntimeException: UNAVAILABLE: io exception
2019-06-12 21:00:06,718 INFO  impl.FollowerInfo (FollowerInfo.java:lambda$new$0(50)) - dd3f3b49-f1f4-4661-93df-8c6d8c0e1a02->460e2dc4-d785-40fe-83e0-e12d10893b3d: nextIndex: updateUnconditionally 0 -> 0
2019-06-12 21:00:06,718 INFO  impl.FollowerInfo (FollowerInfo.java:lambda$new$0(50)) - dd3f3b49-f1f4-4661-93df-8c6d8c0e1a02->b64412d9-d7d0-40e0-9fbf-66bbf3ac4fdc: nextIndex: updateUnconditionally 0 -> 0
2019-06-12 21:00:07,218 WARN  server.GrpcLogAppender (LogUtils.java:warn(134)) - dd3f3b49-f1f4-4661-93df-8c6d8c0e1a02: Failed appendEntries to 460e2dc4-d785-40fe-83e0-e12d10893b3d:192.168.19.5:38425: org.apache.ratis.thirdparty.io.grpc.StatusRuntimeException: UNAVAILABLE: io exception
2019-06-12 21:00:07,218 INFO  impl.FollowerInfo (FollowerInfo.java:lambda$new$0(50)) - dd3f3b49-f1f4-4661-93df-8c6d8c0e1a02->460e2dc4-d785-40fe-83e0-e12d10893b3d: nextIndex: updateUnconditionally 0 -> 0
2019-06-12 21:00:07,219 WARN  server.GrpcLogAppender (LogUtils.java:warn(134)) - dd3f3b49-f1f4-4661-93df-8c6d8c0e1a02: Failed appendEntries to b64412d9-d7d0-40e0-9fbf-66bbf3ac4fdc:192.168.19.5:35453: org.apache.ratis.thirdparty.io.grpc.StatusRuntimeException: UNAVAILABLE: io exception
2019-06-12 21:00:07,219 INFO  impl.FollowerInfo (FollowerInfo.java:lambda$new$0(50)) - dd3f3b49-f1f4-4661-93df-8c6d8c0e1a02->b64412d9-d7d0-40e0-9fbf-66bbf3ac4fdc: nextIndex: updateUnconditionally 0 -> 0
2019-06-12 21:00:07,719 WARN  server.GrpcLogAppender (LogUtils.java:warn(134)) - dd3f3b49-f1f4-4661-93df-8c6d8c0e1a02: Failed appendEntries to b64412d9-d7d0-40e0-9fbf-66bbf3ac4fdc:192.168.19.5:35453: org.apache.ratis.thirdparty.io.grpc.StatusRuntimeException: UNAVAILABLE: io exception
2019-06-12 21:00:07,719 WARN  server.GrpcLogAppender (LogUtils.java:warn(134)) - dd3f3b49-f1f4-4661-93df-8c6d8c0e1a02: Failed appendEntries to 460e2dc4-d785-40fe-83e0-e12d10893b3d:192.168.19.5:38425: org.apache.ratis.thirdparty.io.grpc.StatusRuntimeException: UNAVAILABLE: io exception
2019-06-12 21:00:07,719 INFO  impl.FollowerInfo (FollowerInfo.java:lambda$new$0(50)) - dd3f3b49-f1f4-4661-93df-8c6d8c0e1a02->b64412d9-d7d0-40e0-9fbf-66bbf3ac4fdc: nextIndex: updateUnconditionally 0 -> 0
2019-06-12 21:00:07,719 INFO  impl.FollowerInfo (FollowerInfo.java:lambda$new$0(50)) - dd3f3b49-f1f4-4661-93df-8c6d8c0e1a02->460e2dc4-d785-40fe-83e0-e12d10893b3d: nextIndex: updateUnconditionally 0 -> 0
2019-06-12 21:00:08,220 WARN  server.GrpcLogAppender (LogUtils.java:warn(134)) - dd3f3b49-f1f4-4661-93df-8c6d8c0e1a02: Failed appendEntries to 460e2dc4-d785-40fe-83e0-e12d10893b3d:192.168.19.5:38425: org.apache.ratis.thirdparty.io.grpc.StatusRuntimeException: UNAVAILABLE: io exception
2019-06-12 21:00:08,220 INFO  impl.FollowerInfo (FollowerInfo.java:lambda$new$0(50)) - dd3f3b49-f1f4-4661-93df-8c6d8c0e1a02->460e2dc4-d785-40fe-83e0-e12d10893b3d: nextIndex: updateUnconditionally 0 -> 0
2019-06-12 21:00:08,220 WARN  server.GrpcLogAppender (LogUtils.java:warn(134)) - dd3f3b49-f1f4-4661-93df-8c6d8c0e1a02: Failed appendEntries to b64412d9-d7d0-40e0-9fbf-66bbf3ac4fdc:192.168.19.5:35453: org.apache.ratis.thirdparty.io.grpc.StatusRuntimeException: UNAVAILABLE: io exception
2019-06-12 21:00:08,220 INFO  impl.FollowerInfo (FollowerInfo.java:lambda$new$0(50)) - dd3f3b49-f1f4-4661-93df-8c6d8c0e1a02->b64412d9-d7d0-40e0-9fbf-66bbf3ac4fdc: nextIndex: updateUnconditionally 0 -> 0
2019-06-12 21:00:08,720 WARN  server.GrpcLogAppender (LogUtils.java:warn(134)) - dd3f3b49-f1f4-4661-93df-8c6d8c0e1a02: Failed appendEntries to 460e2dc4-d785-40fe-83e0-e12d10893b3d:192.168.19.5:38425: org.apache.ratis.thirdparty.io.grpc.StatusRuntimeException: UNAVAILABLE: io exception
2019-06-12 21:00:08,720 WARN  server.GrpcLogAppender (LogUtils.java:warn(134)) - dd3f3b49-f1f4-4661-93df-8c6d8c0e1a02: Failed appendEntries to b64412d9-d7d0-40e0-9fbf-66bbf3ac4fdc:192.168.19.5:35453: org.apache.ratis.thirdparty.io.grpc.StatusRuntimeException: UNAVAILABLE: io exception
2019-06-12 21:00:08,720 INFO  impl.FollowerInfo (FollowerInfo.java:lambda$new$0(50)) - dd3f3b49-f1f4-4661-93df-8c6d8c0e1a02->460e2dc4-d785-40fe-83e0-e12d10893b3d: nextIndex: updateUnconditionally 0 -> 0
2019-06-12 21:00:08,721 INFO  impl.FollowerInfo (FollowerInfo.java:lambda$new$0(50)) - dd3f3b49-f1f4-4661-93df-8c6d8c0e1a02->b64412d9-d7d0-40e0-9fbf-66bbf3ac4fdc: nextIndex: updateUnconditionally 0 -> 0
2019-06-12 21:00:09,221 WARN  server.GrpcLogAppender (LogUtils.java:warn(134)) - dd3f3b49-f1f4-4661-93df-8c6d8c0e1a02: Failed appendEntries to 460e2dc4-d785-40fe-83e0-e12d10893b3d:192.168.19.5:38425: org.apache.ratis.thirdparty.io.grpc.StatusRuntimeException: UNAVAILABLE: io exception
2019-06-12 21:00:09,221 INFO  impl.FollowerInfo (FollowerInfo.java:lambda$new$0(50)) - dd3f3b49-f1f4-4661-93df-8c6d8c0e1a02->460e2dc4-d785-40fe-83e0-e12d10893b3d: nextIndex: updateUnconditionally 0 -> 0
2019-06-12 21:00:09,221 WARN  server.GrpcLogAppender (LogUtils.java:warn(134)) - dd3f3b49-f1f4-4661-93df-8c6d8c0e1a02: Failed appendEntries to b64412d9-d7d0-40e0-9fbf-66bbf3ac4fdc:192.168.19.5:35453: org.apache.ratis.thirdparty.io.grpc.StatusRuntimeException: UNAVAILABLE: io exception
2019-06-12 21:00:09,221 INFO  impl.FollowerInfo (FollowerInfo.java:lambda$new$0(50)) - dd3f3b49-f1f4-4661-93df-8c6d8c0e1a02->b64412d9-d7d0-40e0-9fbf-66bbf3ac4fdc: nextIndex: updateUnconditionally 0 -> 0
]]></system-out>
    <system-err><![CDATA[Jun 12, 2019 8:59:20 PM com.sun.jersey.server.impl.application.WebApplicationImpl _initiate
INFO: Initiating Jersey application, version 'Jersey: 1.19 02/11/2015 03:25 AM'
Jun 12, 2019 8:59:21 PM com.sun.jersey.server.impl.application.WebApplicationImpl _initiate
INFO: Initiating Jersey application, version 'Jersey: 1.19 02/11/2015 03:25 AM'
Jun 12, 2019 8:59:21 PM com.sun.jersey.server.impl.application.WebApplicationImpl _initiate
INFO: Initiating Jersey application, version 'Jersey: 1.19 02/11/2015 03:25 AM'
Jun 12, 2019 8:59:21 PM com.sun.jersey.server.impl.application.WebApplicationImpl _initiate
INFO: Initiating Jersey application, version 'Jersey: 1.19 02/11/2015 03:25 AM'
Jun 12, 2019 8:59:21 PM com.sun.jersey.server.impl.application.WebApplicationImpl _initiate
INFO: Initiating Jersey application, version 'Jersey: 1.19 02/11/2015 03:25 AM'
Jun 12, 2019 8:59:21 PM com.sun.jersey.server.impl.application.WebApplicationImpl _initiate
INFO: Initiating Jersey application, version 'Jersey: 1.19 02/11/2015 03:25 AM'
Jun 12, 2019 8:59:21 PM com.sun.jersey.server.impl.application.WebApplicationImpl _initiate
INFO: Initiating Jersey application, version 'Jersey: 1.19 02/11/2015 03:25 AM'
]]></system-err>
  </testcase>
  <testcase name="testWatchForCommitForGroupMismatchException" classname="org.apache.hadoop.ozone.client.rpc.TestWatchForCommit" time="8.339"/>
  <testcase name="test2WayCommitForTimeoutException" classname="org.apache.hadoop.ozone.client.rpc.TestWatchForCommit" time="13.189"/>
  <testcase name="test2WayCommitForRetryfailure" classname="org.apache.hadoop.ozone.client.rpc.TestWatchForCommit" time="32.163"/>
</testsuite>