<?xml version="1.0" encoding="UTF-8"?>
<testsuite xmlns:xsi="http://www.w3.org/2001/XMLSchema-instance" xsi:noNamespaceSchemaLocation="https://maven.apache.org/surefire/maven-surefire-plugin/xsd/surefire-test-report.xsd" name="org.apache.hadoop.hdds.scm.pipeline.TestNodeFailure" time="10.507" tests="1" errors="0" skipped="1" failures="0">
  <properties>
    <property name="awt.toolkit" value="sun.awt.X11.XToolkit"/>
    <property name="file.encoding.pkg" value="sun.io"/>
    <property name="java.specification.version" value="1.8"/>
    <property name="sun.cpu.isalist" value=""/>
    <property name="sun.jnu.encoding" value="UTF-8"/>
    <property name="java.class.path" value="/opt/src/hadoop-ozone/integration-test/target/test-classes:/opt/src/hadoop-ozone/integration-test/target/classes:/root/.m2/repository/org/apache/hadoop/hadoop-ozone-common/0.5.0-SNAPSHOT/hadoop-ozone-common-0.5.0-SNAPSHOT.jar:/root/.m2/repository/org/apache/commons/commons-compress/1.4.1/commons-compress-1.4.1.jar:/root/.m2/repository/org/tukaani/xz/1.0/xz-1.0.jar:/root/.m2/repository/org/apache/hadoop/hadoop-common/3.2.0/hadoop-common-3.2.0.jar:/root/.m2/repository/org/apache/hadoop/hadoop-hdfs/3.2.0/hadoop-hdfs-3.2.0.jar:/root/.m2/repository/org/apache/hadoop/hadoop-hdfs-client/3.2.0/hadoop-hdfs-client-3.2.0.jar:/root/.m2/repository/com/fasterxml/jackson/core/jackson-annotations/2.9.5/jackson-annotations-2.9.5.jar:/root/.m2/repository/org/apache/hadoop/hadoop-hdds-common/0.5.0-SNAPSHOT/hadoop-hdds-common-0.5.0-SNAPSHOT.jar:/root/.m2/repository/javax/annotation/javax.annotation-api/1.2/javax.annotation-api-1.2.jar:/root/.m2/repository/org/apache/ratis/ratis-server/0.4.0-fe2b15d-SNAPSHOT/ratis-server-0.4.0-fe2b15d-SNAPSHOT.jar:/root/.m2/repository/org/apache/ratis/ratis-thirdparty-misc/0.2.0/ratis-thirdparty-misc-0.2.0.jar:/root/.m2/repository/org/apache/ratis/ratis-proto/0.4.0-fe2b15d-SNAPSHOT/ratis-proto-0.4.0-fe2b15d-SNAPSHOT.jar:/root/.m2/repository/org/apache/ratis/ratis-common/0.4.0-fe2b15d-SNAPSHOT/ratis-common-0.4.0-fe2b15d-SNAPSHOT.jar:/root/.m2/repository/org/apache/ratis/ratis-client/0.4.0-fe2b15d-SNAPSHOT/ratis-client-0.4.0-fe2b15d-SNAPSHOT.jar:/root/.m2/repository/org/apache/ratis/ratis-netty/0.4.0-fe2b15d-SNAPSHOT/ratis-netty-0.4.0-fe2b15d-SNAPSHOT.jar:/root/.m2/repository/org/apache/ratis/ratis-grpc/0.4.0-fe2b15d-SNAPSHOT/ratis-grpc-0.4.0-fe2b15d-SNAPSHOT.jar:/root/.m2/repository/org/rocksdb/rocksdbjni/5.14.2/rocksdbjni-5.14.2.jar:/root/.m2/repository/org/apache/logging/log4j/log4j-api/2.11.0/log4j-api-2.11.0.jar:/root/.m2/repository/org/apache/logging/log4j/log4j-core/2.11.0/log4j-core-2.11.0.jar:/root/.m2/repository/com/lmax/disruptor/3.4.2/disruptor-3.4.2.jar:/root/.m2/repository/org/apache/commons/commons-pool2/2.6.0/commons-pool2-2.6.0.jar:/root/.m2/repository/org/bouncycastle/bcpkix-jdk15on/1.60/bcpkix-jdk15on-1.60.jar:/root/.m2/repository/commons-validator/commons-validator/1.6/commons-validator-1.6.jar:/root/.m2/repository/commons-digester/commons-digester/1.8.1/commons-digester-1.8.1.jar:/root/.m2/repository/io/jaegertracing/jaeger-client/0.33.1/jaeger-client-0.33.1.jar:/root/.m2/repository/io/jaegertracing/jaeger-thrift/0.33.1/jaeger-thrift-0.33.1.jar:/root/.m2/repository/org/apache/thrift/libthrift/0.11.0/libthrift-0.11.0.jar:/root/.m2/repository/com/squareup/okhttp3/okhttp/3.9.0/okhttp-3.9.0.jar:/root/.m2/repository/com/squareup/okio/okio/1.13.0/okio-1.13.0.jar:/root/.m2/repository/io/jaegertracing/jaeger-core/0.33.1/jaeger-core-0.33.1.jar:/root/.m2/repository/io/jaegertracing/jaeger-tracerresolver/0.33.1/jaeger-tracerresolver-0.33.1.jar:/root/.m2/repository/io/opentracing/contrib/opentracing-tracerresolver/0.1.5/opentracing-tracerresolver-0.1.5.jar:/root/.m2/repository/io/opentracing/opentracing-util/0.31.0/opentracing-util-0.31.0.jar:/root/.m2/repository/io/opentracing/opentracing-api/0.31.0/opentracing-api-0.31.0.jar:/root/.m2/repository/io/opentracing/opentracing-noop/0.31.0/opentracing-noop-0.31.0.jar:/root/.m2/repository/org/apache/hadoop/hadoop-hdds-server-framework/0.5.0-SNAPSHOT/hadoop-hdds-server-framework-0.5.0-SNAPSHOT.jar:/root/.m2/repository/org/apache/hadoop/hadoop-hdds-server-scm/0.5.0-SNAPSHOT/hadoop-hdds-server-scm-0.5.0-SNAPSHOT.jar:/root/.m2/repository/org/apache/hadoop/hadoop-hdds-container-service/0.5.0-SNAPSHOT/hadoop-hdds-container-service-0.5.0-SNAPSHOT.jar:/root/.m2/repository/org/apache/hadoop/hadoop-hdds-client/0.5.0-SNAPSHOT/hadoop-hdds-client-0.5.0-SNAPSHOT.jar:/root/.m2/repository/org/apache/hadoop/hadoop-hdds-tools/0.5.0-SNAPSHOT/hadoop-hdds-tools-0.5.0-SNAPSHOT.jar:/root/.m2/repository/org/apache/hadoop/hadoop-ozone-ozone-manager/0.5.0-SNAPSHOT/hadoop-ozone-ozone-manager-0.5.0-SNAPSHOT.jar:/root/.m2/repository/org/apache/hadoop/hadoop-hdds-docs/0.5.0-SNAPSHOT/hadoop-hdds-docs-0.5.0-SNAPSHOT.jar:/root/.m2/repository/org/bouncycastle/bcprov-jdk15on/1.60/bcprov-jdk15on-1.60.jar:/root/.m2/repository/org/apache/hadoop/hadoop-minikdc/3.2.0/hadoop-minikdc-3.2.0.jar:/root/.m2/repository/commons-io/commons-io/2.5/commons-io-2.5.jar:/root/.m2/repository/org/apache/kerby/kerb-simplekdc/1.0.1/kerb-simplekdc-1.0.1.jar:/root/.m2/repository/org/apache/kerby/kerb-client/1.0.1/kerb-client-1.0.1.jar:/root/.m2/repository/org/apache/kerby/kerby-config/1.0.1/kerby-config-1.0.1.jar:/root/.m2/repository/org/apache/kerby/kerb-core/1.0.1/kerb-core-1.0.1.jar:/root/.m2/repository/org/apache/kerby/kerby-pkix/1.0.1/kerby-pkix-1.0.1.jar:/root/.m2/repository/org/apache/kerby/kerby-asn1/1.0.1/kerby-asn1-1.0.1.jar:/root/.m2/repository/org/apache/kerby/kerby-util/1.0.1/kerby-util-1.0.1.jar:/root/.m2/repository/org/apache/kerby/kerb-common/1.0.1/kerb-common-1.0.1.jar:/root/.m2/repository/org/apache/kerby/kerb-crypto/1.0.1/kerb-crypto-1.0.1.jar:/root/.m2/repository/org/apache/kerby/kerb-util/1.0.1/kerb-util-1.0.1.jar:/root/.m2/repository/org/apache/kerby/token-provider/1.0.1/token-provider-1.0.1.jar:/root/.m2/repository/org/apache/kerby/kerb-admin/1.0.1/kerb-admin-1.0.1.jar:/root/.m2/repository/org/apache/kerby/kerb-server/1.0.1/kerb-server-1.0.1.jar:/root/.m2/repository/org/apache/kerby/kerb-identity/1.0.1/kerb-identity-1.0.1.jar:/root/.m2/repository/org/apache/kerby/kerby-xdr/1.0.1/kerby-xdr-1.0.1.jar:/root/.m2/repository/org/slf4j/slf4j-log4j12/1.7.25/slf4j-log4j12-1.7.25.jar:/root/.m2/repository/org/apache/hadoop/hadoop-ozone-objectstore-service/0.5.0-SNAPSHOT/hadoop-ozone-objectstore-service-0.5.0-SNAPSHOT.jar:/root/.m2/repository/org/apache/hadoop/hadoop-ozone-s3gateway/0.5.0-SNAPSHOT/hadoop-ozone-s3gateway-0.5.0-SNAPSHOT.jar:/root/.m2/repository/org/jboss/weld/servlet/weld-servlet/2.4.7.Final/weld-servlet-2.4.7.Final.jar:/root/.m2/repository/org/glassfish/jersey/containers/jersey-container-servlet-core/2.27/jersey-container-servlet-core-2.27.jar:/root/.m2/repository/org/glassfish/hk2/external/javax.inject/2.5.0-b42/javax.inject-2.5.0-b42.jar:/root/.m2/repository/org/glassfish/jersey/core/jersey-common/2.27/jersey-common-2.27.jar:/root/.m2/repository/org/glassfish/hk2/osgi-resource-locator/1.0.1/osgi-resource-locator-1.0.1.jar:/root/.m2/repository/javax/ws/rs/javax.ws.rs-api/2.1/javax.ws.rs-api-2.1.jar:/root/.m2/repository/org/glassfish/jersey/ext/cdi/jersey-cdi1x/2.27/jersey-cdi1x-2.27.jar:/root/.m2/repository/org/glassfish/jersey/inject/jersey-hk2/2.27/jersey-hk2-2.27.jar:/root/.m2/repository/org/glassfish/hk2/hk2-locator/2.5.0-b42/hk2-locator-2.5.0-b42.jar:/root/.m2/repository/org/javassist/javassist/3.22.0-CR2/javassist-3.22.0-CR2.jar:/root/.m2/repository/org/glassfish/hk2/hk2-api/2.5.0/hk2-api-2.5.0.jar:/root/.m2/repository/org/glassfish/hk2/external/jakarta.inject/2.5.0/jakarta.inject-2.5.0.jar:/root/.m2/repository/org/glassfish/hk2/hk2-utils/2.5.0/hk2-utils-2.5.0.jar:/root/.m2/repository/jakarta/annotation/jakarta.annotation-api/1.3.4/jakarta.annotation-api-1.3.4.jar:/root/.m2/repository/org/glassfish/hk2/external/aopalliance-repackaged/2.5.0/aopalliance-repackaged-2.5.0.jar:/root/.m2/repository/com/fasterxml/jackson/dataformat/jackson-dataformat-xml/2.9.0/jackson-dataformat-xml-2.9.0.jar:/root/.m2/repository/com/fasterxml/jackson/core/jackson-core/2.9.5/jackson-core-2.9.5.jar:/root/.m2/repository/com/fasterxml/jackson/module/jackson-module-jaxb-annotations/2.9.5/jackson-module-jaxb-annotations-2.9.5.jar:/root/.m2/repository/javax/enterprise/cdi-api/1.2/cdi-api-1.2.jar:/root/.m2/repository/javax/el/javax.el-api/3.0.0/javax.el-api-3.0.0.jar:/root/.m2/repository/javax/interceptor/javax.interceptor-api/1.2/javax.interceptor-api-1.2.jar:/root/.m2/repository/javax/inject/javax.inject/1/javax.inject-1.jar:/root/.m2/repository/com/sun/xml/bind/jaxb-impl/2.3.0.1/jaxb-impl-2.3.0.1.jar:/root/.m2/repository/com/sun/xml/bind/jaxb-core/2.3.0.1/jaxb-core-2.3.0.1.jar:/root/.m2/repository/javax/xml/bind/jaxb-api/2.3.0/jaxb-api-2.3.0.jar:/root/.m2/repository/javax/activation/activation/1.1.1/activation-1.1.1.jar:/root/.m2/repository/org/apache/hadoop/hadoop-ozone-csi/0.5.0-SNAPSHOT/hadoop-ozone-csi-0.5.0-SNAPSHOT.jar:/root/.m2/repository/com/google/protobuf/protobuf-java-util/3.5.1/protobuf-java-util-3.5.1.jar:/root/.m2/repository/org/apache/hadoop/hadoop-hdds-config/0.5.0-SNAPSHOT/hadoop-hdds-config-0.5.0-SNAPSHOT.jar:/root/.m2/repository/com/google/guava/guava/11.0.2/guava-11.0.2.jar:/root/.m2/repository/com/google/protobuf/protobuf-java/2.5.0/protobuf-java-2.5.0.jar:/root/.m2/repository/io/grpc/grpc-netty/1.17.1/grpc-netty-1.17.1.jar:/root/.m2/repository/io/grpc/grpc-core/1.17.1/grpc-core-1.17.1.jar:/root/.m2/repository/io/grpc/grpc-context/1.17.1/grpc-context-1.17.1.jar:/root/.m2/repository/com/google/errorprone/error_prone_annotations/2.2.0/error_prone_annotations-2.2.0.jar:/root/.m2/repository/org/codehaus/mojo/animal-sniffer-annotations/1.17/animal-sniffer-annotations-1.17.jar:/root/.m2/repository/io/opencensus/opencensus-api/0.17.0/opencensus-api-0.17.0.jar:/root/.m2/repository/io/opencensus/opencensus-contrib-grpc-metrics/0.17.0/opencensus-contrib-grpc-metrics-0.17.0.jar:/root/.m2/repository/io/netty/netty-codec-http2/4.1.30.Final/netty-codec-http2-4.1.30.Final.jar:/root/.m2/repository/io/netty/netty-codec-http/4.1.30.Final/netty-codec-http-4.1.30.Final.jar:/root/.m2/repository/io/netty/netty-codec/4.1.30.Final/netty-codec-4.1.30.Final.jar:/root/.m2/repository/io/netty/netty-handler/4.1.30.Final/netty-handler-4.1.30.Final.jar:/root/.m2/repository/io/netty/netty-handler-proxy/4.1.30.Final/netty-handler-proxy-4.1.30.Final.jar:/root/.m2/repository/io/netty/netty-codec-socks/4.1.30.Final/netty-codec-socks-4.1.30.Final.jar:/root/.m2/repository/io/netty/netty-transport-native-epoll/4.1.30.Final/netty-transport-native-epoll-4.1.30.Final.jar:/root/.m2/repository/io/netty/netty-common/4.1.30.Final/netty-common-4.1.30.Final.jar:/root/.m2/repository/io/netty/netty-buffer/4.1.30.Final/netty-buffer-4.1.30.Final.jar:/root/.m2/repository/io/netty/netty-transport/4.1.30.Final/netty-transport-4.1.30.Final.jar:/root/.m2/repository/io/netty/netty-resolver/4.1.30.Final/netty-resolver-4.1.30.Final.jar:/root/.m2/repository/io/netty/netty-transport-native-unix-common/4.1.30.Final/netty-transport-native-unix-common-4.1.30.Final.jar:/root/.m2/repository/io/grpc/grpc-protobuf/1.17.1/grpc-protobuf-1.17.1.jar:/root/.m2/repository/com/google/api/grpc/proto-google-common-protos/1.0.0/proto-google-common-protos-1.0.0.jar:/root/.m2/repository/io/grpc/grpc-protobuf-lite/1.17.1/grpc-protobuf-lite-1.17.1.jar:/root/.m2/repository/io/grpc/grpc-stub/1.17.1/grpc-stub-1.17.1.jar:/root/.m2/repository/org/apache/hadoop/hadoop-ozone-recon/0.5.0-SNAPSHOT/hadoop-ozone-recon-0.5.0-SNAPSHOT.jar:/root/.m2/repository/org/apache/hadoop/hadoop-ozone-reconcodegen/0.5.0-SNAPSHOT/hadoop-ozone-reconcodegen-0.5.0-SNAPSHOT.jar:/root/.m2/repository/com/google/inject/extensions/guice-multibindings/4.0/guice-multibindings-4.0.jar:/root/.m2/repository/com/google/inject/guice/4.0/guice-4.0.jar:/root/.m2/repository/aopalliance/aopalliance/1.0/aopalliance-1.0.jar:/root/.m2/repository/com/google/inject/extensions/guice-servlet/4.0/guice-servlet-4.0.jar:/root/.m2/repository/org/glassfish/jersey/containers/jersey-container-servlet/2.27/jersey-container-servlet-2.27.jar:/root/.m2/repository/org/glassfish/hk2/guice-bridge/2.5.0/guice-bridge-2.5.0.jar:/root/.m2/repository/org/glassfish/jersey/core/jersey-server/2.27/jersey-server-2.27.jar:/root/.m2/repository/org/glassfish/jersey/core/jersey-client/2.27/jersey-client-2.27.jar:/root/.m2/repository/org/glassfish/jersey/media/jersey-media-jaxb/2.27/jersey-media-jaxb-2.27.jar:/root/.m2/repository/javax/validation/validation-api/1.1.0.Final/validation-api-1.1.0.Final.jar:/root/.m2/repository/org/glassfish/jersey/media/jersey-media-json-jackson/2.27/jersey-media-json-jackson-2.27.jar:/root/.m2/repository/org/glassfish/jersey/ext/jersey-entity-filtering/2.27/jersey-entity-filtering-2.27.jar:/root/.m2/repository/com/google/inject/extensions/guice-assistedinject/4.0/guice-assistedinject-4.0.jar:/root/.m2/repository/org/jooq/jooq/3.11.10/jooq-3.11.10.jar:/root/.m2/repository/org/jooq/jooq-meta/3.11.10/jooq-meta-3.11.10.jar:/root/.m2/repository/org/jooq/jooq-codegen/3.11.10/jooq-codegen-3.11.10.jar:/root/.m2/repository/com/jolbox/bonecp/0.8.0.RELEASE/bonecp-0.8.0.RELEASE.jar:/root/.m2/repository/org/xerial/sqlite-jdbc/3.25.2/sqlite-jdbc-3.25.2.jar:/root/.m2/repository/org/springframework/spring-jdbc/5.1.3.RELEASE/spring-jdbc-5.1.3.RELEASE.jar:/root/.m2/repository/org/springframework/spring-beans/5.1.3.RELEASE/spring-beans-5.1.3.RELEASE.jar:/root/.m2/repository/org/springframework/spring-core/5.1.3.RELEASE/spring-core-5.1.3.RELEASE.jar:/root/.m2/repository/org/springframework/spring-jcl/5.1.3.RELEASE/spring-jcl-5.1.3.RELEASE.jar:/root/.m2/repository/org/springframework/spring-tx/5.1.3.RELEASE/spring-tx-5.1.3.RELEASE.jar:/root/.m2/repository/org/apache/hadoop/hadoop-ozone-client/0.5.0-SNAPSHOT/hadoop-ozone-client-0.5.0-SNAPSHOT.jar:/root/.m2/repository/org/apache/hadoop/hadoop-ozone-ozone-manager/0.5.0-SNAPSHOT/hadoop-ozone-ozone-manager-0.5.0-SNAPSHOT-tests.jar:/root/.m2/repository/junit/junit/4.11/junit-4.11.jar:/root/.m2/repository/org/hamcrest/hamcrest-core/1.3/hamcrest-core-1.3.jar:/root/.m2/repository/org/openjdk/jmh/jmh-core/1.19/jmh-core-1.19.jar:/root/.m2/repository/net/sf/jopt-simple/jopt-simple/4.6/jopt-simple-4.6.jar:/root/.m2/repository/org/apache/commons/commons-math3/3.1.1/commons-math3-3.1.1.jar:/root/.m2/repository/org/openjdk/jmh/jmh-generator-annprocess/1.19/jmh-generator-annprocess-1.19.jar:/root/.m2/repository/org/mockito/mockito-all/1.8.5/mockito-all-1.8.5.jar:/root/.m2/repository/org/apache/hadoop/hadoop-kms/3.2.0/hadoop-kms-3.2.0.jar:/root/.m2/repository/org/apache/hadoop/hadoop-auth/3.2.0/hadoop-auth-3.2.0.jar:/root/.m2/repository/com/nimbusds/nimbus-jose-jwt/4.41.1/nimbus-jose-jwt-4.41.1.jar:/root/.m2/repository/com/github/stephenc/jcip/jcip-annotations/1.0-1/jcip-annotations-1.0-1.jar:/root/.m2/repository/net/minidev/json-smart/2.3/json-smart-2.3.jar:/root/.m2/repository/net/minidev/accessors-smart/1.2/accessors-smart-1.2.jar:/root/.m2/repository/org/ow2/asm/asm/5.0.4/asm-5.0.4.jar:/root/.m2/repository/org/apache/curator/curator-framework/2.12.0/curator-framework-2.12.0.jar:/root/.m2/repository/com/sun/jersey/jersey-core/1.19/jersey-core-1.19.jar:/root/.m2/repository/javax/ws/rs/jsr311-api/1.1.1/jsr311-api-1.1.1.jar:/root/.m2/repository/com/sun/jersey/jersey-server/1.19/jersey-server-1.19.jar:/root/.m2/repository/javax/servlet/javax.servlet-api/3.1.0/javax.servlet-api-3.1.0.jar:/root/.m2/repository/org/eclipse/jetty/jetty-server/9.3.24.v20180605/jetty-server-9.3.24.v20180605.jar:/root/.m2/repository/org/eclipse/jetty/jetty-http/9.3.24.v20180605/jetty-http-9.3.24.v20180605.jar:/root/.m2/repository/org/eclipse/jetty/jetty-io/9.3.24.v20180605/jetty-io-9.3.24.v20180605.jar:/root/.m2/repository/org/eclipse/jetty/jetty-webapp/9.3.24.v20180605/jetty-webapp-9.3.24.v20180605.jar:/root/.m2/repository/org/eclipse/jetty/jetty-xml/9.3.24.v20180605/jetty-xml-9.3.24.v20180605.jar:/root/.m2/repository/log4j/log4j/1.2.17/log4j-1.2.17.jar:/root/.m2/repository/org/slf4j/slf4j-api/1.7.25/slf4j-api-1.7.25.jar:/root/.m2/repository/org/slf4j/jul-to-slf4j/1.7.25/jul-to-slf4j-1.7.25.jar:/root/.m2/repository/org/eclipse/jetty/jetty-util/9.3.24.v20180605/jetty-util-9.3.24.v20180605.jar:/root/.m2/repository/io/dropwizard/metrics/metrics-core/3.2.4/metrics-core-3.2.4.jar:/root/.m2/repository/com/fasterxml/jackson/core/jackson-databind/2.9.5/jackson-databind-2.9.5.jar:/root/.m2/repository/org/apache/hadoop/hadoop-kms/3.2.0/hadoop-kms-3.2.0-tests.jar:/root/.m2/repository/org/apache/hadoop/hadoop-hdds-server-scm/0.5.0-SNAPSHOT/hadoop-hdds-server-scm-0.5.0-SNAPSHOT-tests.jar:/root/.m2/repository/org/hamcrest/hamcrest-all/1.3/hamcrest-all-1.3.jar:/root/.m2/repository/info/picocli/picocli/3.9.6/picocli-3.9.6.jar:/root/.m2/repository/org/apache/hadoop/hadoop-hdds-container-service/0.5.0-SNAPSHOT/hadoop-hdds-container-service-0.5.0-SNAPSHOT-tests.jar:/root/.m2/repository/org/yaml/snakeyaml/1.16/snakeyaml-1.16.jar:/root/.m2/repository/org/apache/hadoop/hadoop-common/3.2.0/hadoop-common-3.2.0-tests.jar:/root/.m2/repository/org/apache/hadoop/hadoop-annotations/3.2.0/hadoop-annotations-3.2.0.jar:/usr/lib/jvm/java-1.8-openjdk/jre/../lib/tools.jar:/root/.m2/repository/commons-cli/commons-cli/1.2/commons-cli-1.2.jar:/root/.m2/repository/org/apache/httpcomponents/httpclient/4.5.2/httpclient-4.5.2.jar:/root/.m2/repository/org/apache/httpcomponents/httpcore/4.4.4/httpcore-4.4.4.jar:/root/.m2/repository/commons-codec/commons-codec/1.11/commons-codec-1.11.jar:/root/.m2/repository/commons-net/commons-net/3.6/commons-net-3.6.jar:/root/.m2/repository/commons-collections/commons-collections/3.2.2/commons-collections-3.2.2.jar:/root/.m2/repository/org/eclipse/jetty/jetty-servlet/9.3.24.v20180605/jetty-servlet-9.3.24.v20180605.jar:/root/.m2/repository/org/eclipse/jetty/jetty-security/9.3.24.v20180605/jetty-security-9.3.24.v20180605.jar:/root/.m2/repository/javax/servlet/jsp/jsp-api/2.1/jsp-api-2.1.jar:/root/.m2/repository/com/sun/jersey/jersey-servlet/1.19/jersey-servlet-1.19.jar:/root/.m2/repository/com/sun/jersey/jersey-json/1.19/jersey-json-1.19.jar:/root/.m2/repository/org/codehaus/jettison/jettison/1.1/jettison-1.1.jar:/root/.m2/repository/org/codehaus/jackson/jackson-core-asl/1.9.13/jackson-core-asl-1.9.13.jar:/root/.m2/repository/org/codehaus/jackson/jackson-mapper-asl/1.9.13/jackson-mapper-asl-1.9.13.jar:/root/.m2/repository/org/codehaus/jackson/jackson-jaxrs/1.9.13/jackson-jaxrs-1.9.13.jar:/root/.m2/repository/org/codehaus/jackson/jackson-xc/1.9.13/jackson-xc-1.9.13.jar:/root/.m2/repository/commons-logging/commons-logging/1.1.3/commons-logging-1.1.3.jar:/root/.m2/repository/commons-beanutils/commons-beanutils/1.9.3/commons-beanutils-1.9.3.jar:/root/.m2/repository/org/apache/commons/commons-configuration2/2.1.1/commons-configuration2-2.1.1.jar:/root/.m2/repository/org/apache/commons/commons-lang3/3.7/commons-lang3-3.7.jar:/root/.m2/repository/org/apache/commons/commons-text/1.4/commons-text-1.4.jar:/root/.m2/repository/org/apache/avro/avro/1.7.7/avro-1.7.7.jar:/root/.m2/repository/com/thoughtworks/paranamer/paranamer/2.3/paranamer-2.3.jar:/root/.m2/repository/org/xerial/snappy/snappy-java/1.0.5/snappy-java-1.0.5.jar:/root/.m2/repository/com/google/re2j/re2j/1.1/re2j-1.1.jar:/root/.m2/repository/com/google/code/gson/gson/2.2.4/gson-2.2.4.jar:/root/.m2/repository/com/jcraft/jsch/0.1.54/jsch-0.1.54.jar:/root/.m2/repository/org/apache/curator/curator-client/2.12.0/curator-client-2.12.0.jar:/root/.m2/repository/org/apache/curator/curator-recipes/2.12.0/curator-recipes-2.12.0.jar:/root/.m2/repository/com/google/code/findbugs/jsr305/3.0.0/jsr305-3.0.0.jar:/root/.m2/repository/org/apache/htrace/htrace-core4/4.1.0-incubating/htrace-core4-4.1.0-incubating.jar:/root/.m2/repository/org/apache/zookeeper/zookeeper/3.4.13/zookeeper-3.4.13.jar:/root/.m2/repository/org/apache/yetus/audience-annotations/0.5.0/audience-annotations-0.5.0.jar:/root/.m2/repository/org/codehaus/woodstox/stax2-api/3.1.4/stax2-api-3.1.4.jar:/root/.m2/repository/com/fasterxml/woodstox/woodstox-core/5.0.3/woodstox-core-5.0.3.jar:/root/.m2/repository/dnsjava/dnsjava/2.1.7/dnsjava-2.1.7.jar:/root/.m2/repository/org/apache/hadoop/hadoop-hdfs/3.2.0/hadoop-hdfs-3.2.0-tests.jar:/root/.m2/repository/org/eclipse/jetty/jetty-util-ajax/9.3.24.v20180605/jetty-util-ajax-9.3.24.v20180605.jar:/root/.m2/repository/commons-daemon/commons-daemon/1.0.13/commons-daemon-1.0.13.jar:/root/.m2/repository/io/netty/netty/3.10.5.Final/netty-3.10.5.Final.jar:/root/.m2/repository/io/netty/netty-all/4.0.52.Final/netty-all-4.0.52.Final.jar:/root/.m2/repository/org/fusesource/leveldbjni/leveldbjni-all/1.8/leveldbjni-all-1.8.jar:"/>
    <property name="java.vm.vendor" value="IcedTea"/>
    <property name="sun.arch.data.model" value="64"/>
    <property name="test.build.dir" value="/opt/src/hadoop-ozone/integration-test/target/test-dir"/>
    <property name="test.cache.data" value=""/>
    <property name="java.vendor.url" value="https://icedtea.classpath.org"/>
    <property name="user.timezone" value=""/>
    <property name="java.vm.specification.version" value="1.8"/>
    <property name="os.name" value="Linux"/>
    <property name="test.build.data" value="/opt/src/hadoop-ozone/integration-test/target/test-dir"/>
    <property name="user.country" value="US"/>
    <property name="sun.java.launcher" value="SUN_STANDARD"/>
    <property name="sun.boot.library.path" value="/usr/lib/jvm/java-1.8-openjdk/jre/lib/amd64"/>
    <property name="sun.java.command" value="/opt/src/hadoop-ozone/integration-test/target/surefire/surefirebooter6259224153263470326.jar /opt/src/hadoop-ozone/integration-test/target/surefire 2019-06-12T19-11-03_769-jvmRun1 surefire3002833266413330507tmp surefire_84598336984832398369tmp"/>
    <property name="surefire.test.class.path" value="/opt/src/hadoop-ozone/integration-test/target/test-classes:/opt/src/hadoop-ozone/integration-test/target/classes:/root/.m2/repository/org/apache/hadoop/hadoop-ozone-common/0.5.0-SNAPSHOT/hadoop-ozone-common-0.5.0-SNAPSHOT.jar:/root/.m2/repository/org/apache/commons/commons-compress/1.4.1/commons-compress-1.4.1.jar:/root/.m2/repository/org/tukaani/xz/1.0/xz-1.0.jar:/root/.m2/repository/org/apache/hadoop/hadoop-common/3.2.0/hadoop-common-3.2.0.jar:/root/.m2/repository/org/apache/hadoop/hadoop-hdfs/3.2.0/hadoop-hdfs-3.2.0.jar:/root/.m2/repository/org/apache/hadoop/hadoop-hdfs-client/3.2.0/hadoop-hdfs-client-3.2.0.jar:/root/.m2/repository/com/fasterxml/jackson/core/jackson-annotations/2.9.5/jackson-annotations-2.9.5.jar:/root/.m2/repository/org/apache/hadoop/hadoop-hdds-common/0.5.0-SNAPSHOT/hadoop-hdds-common-0.5.0-SNAPSHOT.jar:/root/.m2/repository/javax/annotation/javax.annotation-api/1.2/javax.annotation-api-1.2.jar:/root/.m2/repository/org/apache/ratis/ratis-server/0.4.0-fe2b15d-SNAPSHOT/ratis-server-0.4.0-fe2b15d-SNAPSHOT.jar:/root/.m2/repository/org/apache/ratis/ratis-thirdparty-misc/0.2.0/ratis-thirdparty-misc-0.2.0.jar:/root/.m2/repository/org/apache/ratis/ratis-proto/0.4.0-fe2b15d-SNAPSHOT/ratis-proto-0.4.0-fe2b15d-SNAPSHOT.jar:/root/.m2/repository/org/apache/ratis/ratis-common/0.4.0-fe2b15d-SNAPSHOT/ratis-common-0.4.0-fe2b15d-SNAPSHOT.jar:/root/.m2/repository/org/apache/ratis/ratis-client/0.4.0-fe2b15d-SNAPSHOT/ratis-client-0.4.0-fe2b15d-SNAPSHOT.jar:/root/.m2/repository/org/apache/ratis/ratis-netty/0.4.0-fe2b15d-SNAPSHOT/ratis-netty-0.4.0-fe2b15d-SNAPSHOT.jar:/root/.m2/repository/org/apache/ratis/ratis-grpc/0.4.0-fe2b15d-SNAPSHOT/ratis-grpc-0.4.0-fe2b15d-SNAPSHOT.jar:/root/.m2/repository/org/rocksdb/rocksdbjni/5.14.2/rocksdbjni-5.14.2.jar:/root/.m2/repository/org/apache/logging/log4j/log4j-api/2.11.0/log4j-api-2.11.0.jar:/root/.m2/repository/org/apache/logging/log4j/log4j-core/2.11.0/log4j-core-2.11.0.jar:/root/.m2/repository/com/lmax/disruptor/3.4.2/disruptor-3.4.2.jar:/root/.m2/repository/org/apache/commons/commons-pool2/2.6.0/commons-pool2-2.6.0.jar:/root/.m2/repository/org/bouncycastle/bcpkix-jdk15on/1.60/bcpkix-jdk15on-1.60.jar:/root/.m2/repository/commons-validator/commons-validator/1.6/commons-validator-1.6.jar:/root/.m2/repository/commons-digester/commons-digester/1.8.1/commons-digester-1.8.1.jar:/root/.m2/repository/io/jaegertracing/jaeger-client/0.33.1/jaeger-client-0.33.1.jar:/root/.m2/repository/io/jaegertracing/jaeger-thrift/0.33.1/jaeger-thrift-0.33.1.jar:/root/.m2/repository/org/apache/thrift/libthrift/0.11.0/libthrift-0.11.0.jar:/root/.m2/repository/com/squareup/okhttp3/okhttp/3.9.0/okhttp-3.9.0.jar:/root/.m2/repository/com/squareup/okio/okio/1.13.0/okio-1.13.0.jar:/root/.m2/repository/io/jaegertracing/jaeger-core/0.33.1/jaeger-core-0.33.1.jar:/root/.m2/repository/io/jaegertracing/jaeger-tracerresolver/0.33.1/jaeger-tracerresolver-0.33.1.jar:/root/.m2/repository/io/opentracing/contrib/opentracing-tracerresolver/0.1.5/opentracing-tracerresolver-0.1.5.jar:/root/.m2/repository/io/opentracing/opentracing-util/0.31.0/opentracing-util-0.31.0.jar:/root/.m2/repository/io/opentracing/opentracing-api/0.31.0/opentracing-api-0.31.0.jar:/root/.m2/repository/io/opentracing/opentracing-noop/0.31.0/opentracing-noop-0.31.0.jar:/root/.m2/repository/org/apache/hadoop/hadoop-hdds-server-framework/0.5.0-SNAPSHOT/hadoop-hdds-server-framework-0.5.0-SNAPSHOT.jar:/root/.m2/repository/org/apache/hadoop/hadoop-hdds-server-scm/0.5.0-SNAPSHOT/hadoop-hdds-server-scm-0.5.0-SNAPSHOT.jar:/root/.m2/repository/org/apache/hadoop/hadoop-hdds-container-service/0.5.0-SNAPSHOT/hadoop-hdds-container-service-0.5.0-SNAPSHOT.jar:/root/.m2/repository/org/apache/hadoop/hadoop-hdds-client/0.5.0-SNAPSHOT/hadoop-hdds-client-0.5.0-SNAPSHOT.jar:/root/.m2/repository/org/apache/hadoop/hadoop-hdds-tools/0.5.0-SNAPSHOT/hadoop-hdds-tools-0.5.0-SNAPSHOT.jar:/root/.m2/repository/org/apache/hadoop/hadoop-ozone-ozone-manager/0.5.0-SNAPSHOT/hadoop-ozone-ozone-manager-0.5.0-SNAPSHOT.jar:/root/.m2/repository/org/apache/hadoop/hadoop-hdds-docs/0.5.0-SNAPSHOT/hadoop-hdds-docs-0.5.0-SNAPSHOT.jar:/root/.m2/repository/org/bouncycastle/bcprov-jdk15on/1.60/bcprov-jdk15on-1.60.jar:/root/.m2/repository/org/apache/hadoop/hadoop-minikdc/3.2.0/hadoop-minikdc-3.2.0.jar:/root/.m2/repository/commons-io/commons-io/2.5/commons-io-2.5.jar:/root/.m2/repository/org/apache/kerby/kerb-simplekdc/1.0.1/kerb-simplekdc-1.0.1.jar:/root/.m2/repository/org/apache/kerby/kerb-client/1.0.1/kerb-client-1.0.1.jar:/root/.m2/repository/org/apache/kerby/kerby-config/1.0.1/kerby-config-1.0.1.jar:/root/.m2/repository/org/apache/kerby/kerb-core/1.0.1/kerb-core-1.0.1.jar:/root/.m2/repository/org/apache/kerby/kerby-pkix/1.0.1/kerby-pkix-1.0.1.jar:/root/.m2/repository/org/apache/kerby/kerby-asn1/1.0.1/kerby-asn1-1.0.1.jar:/root/.m2/repository/org/apache/kerby/kerby-util/1.0.1/kerby-util-1.0.1.jar:/root/.m2/repository/org/apache/kerby/kerb-common/1.0.1/kerb-common-1.0.1.jar:/root/.m2/repository/org/apache/kerby/kerb-crypto/1.0.1/kerb-crypto-1.0.1.jar:/root/.m2/repository/org/apache/kerby/kerb-util/1.0.1/kerb-util-1.0.1.jar:/root/.m2/repository/org/apache/kerby/token-provider/1.0.1/token-provider-1.0.1.jar:/root/.m2/repository/org/apache/kerby/kerb-admin/1.0.1/kerb-admin-1.0.1.jar:/root/.m2/repository/org/apache/kerby/kerb-server/1.0.1/kerb-server-1.0.1.jar:/root/.m2/repository/org/apache/kerby/kerb-identity/1.0.1/kerb-identity-1.0.1.jar:/root/.m2/repository/org/apache/kerby/kerby-xdr/1.0.1/kerby-xdr-1.0.1.jar:/root/.m2/repository/org/slf4j/slf4j-log4j12/1.7.25/slf4j-log4j12-1.7.25.jar:/root/.m2/repository/org/apache/hadoop/hadoop-ozone-objectstore-service/0.5.0-SNAPSHOT/hadoop-ozone-objectstore-service-0.5.0-SNAPSHOT.jar:/root/.m2/repository/org/apache/hadoop/hadoop-ozone-s3gateway/0.5.0-SNAPSHOT/hadoop-ozone-s3gateway-0.5.0-SNAPSHOT.jar:/root/.m2/repository/org/jboss/weld/servlet/weld-servlet/2.4.7.Final/weld-servlet-2.4.7.Final.jar:/root/.m2/repository/org/glassfish/jersey/containers/jersey-container-servlet-core/2.27/jersey-container-servlet-core-2.27.jar:/root/.m2/repository/org/glassfish/hk2/external/javax.inject/2.5.0-b42/javax.inject-2.5.0-b42.jar:/root/.m2/repository/org/glassfish/jersey/core/jersey-common/2.27/jersey-common-2.27.jar:/root/.m2/repository/org/glassfish/hk2/osgi-resource-locator/1.0.1/osgi-resource-locator-1.0.1.jar:/root/.m2/repository/javax/ws/rs/javax.ws.rs-api/2.1/javax.ws.rs-api-2.1.jar:/root/.m2/repository/org/glassfish/jersey/ext/cdi/jersey-cdi1x/2.27/jersey-cdi1x-2.27.jar:/root/.m2/repository/org/glassfish/jersey/inject/jersey-hk2/2.27/jersey-hk2-2.27.jar:/root/.m2/repository/org/glassfish/hk2/hk2-locator/2.5.0-b42/hk2-locator-2.5.0-b42.jar:/root/.m2/repository/org/javassist/javassist/3.22.0-CR2/javassist-3.22.0-CR2.jar:/root/.m2/repository/org/glassfish/hk2/hk2-api/2.5.0/hk2-api-2.5.0.jar:/root/.m2/repository/org/glassfish/hk2/external/jakarta.inject/2.5.0/jakarta.inject-2.5.0.jar:/root/.m2/repository/org/glassfish/hk2/hk2-utils/2.5.0/hk2-utils-2.5.0.jar:/root/.m2/repository/jakarta/annotation/jakarta.annotation-api/1.3.4/jakarta.annotation-api-1.3.4.jar:/root/.m2/repository/org/glassfish/hk2/external/aopalliance-repackaged/2.5.0/aopalliance-repackaged-2.5.0.jar:/root/.m2/repository/com/fasterxml/jackson/dataformat/jackson-dataformat-xml/2.9.0/jackson-dataformat-xml-2.9.0.jar:/root/.m2/repository/com/fasterxml/jackson/core/jackson-core/2.9.5/jackson-core-2.9.5.jar:/root/.m2/repository/com/fasterxml/jackson/module/jackson-module-jaxb-annotations/2.9.5/jackson-module-jaxb-annotations-2.9.5.jar:/root/.m2/repository/javax/enterprise/cdi-api/1.2/cdi-api-1.2.jar:/root/.m2/repository/javax/el/javax.el-api/3.0.0/javax.el-api-3.0.0.jar:/root/.m2/repository/javax/interceptor/javax.interceptor-api/1.2/javax.interceptor-api-1.2.jar:/root/.m2/repository/javax/inject/javax.inject/1/javax.inject-1.jar:/root/.m2/repository/com/sun/xml/bind/jaxb-impl/2.3.0.1/jaxb-impl-2.3.0.1.jar:/root/.m2/repository/com/sun/xml/bind/jaxb-core/2.3.0.1/jaxb-core-2.3.0.1.jar:/root/.m2/repository/javax/xml/bind/jaxb-api/2.3.0/jaxb-api-2.3.0.jar:/root/.m2/repository/javax/activation/activation/1.1.1/activation-1.1.1.jar:/root/.m2/repository/org/apache/hadoop/hadoop-ozone-csi/0.5.0-SNAPSHOT/hadoop-ozone-csi-0.5.0-SNAPSHOT.jar:/root/.m2/repository/com/google/protobuf/protobuf-java-util/3.5.1/protobuf-java-util-3.5.1.jar:/root/.m2/repository/org/apache/hadoop/hadoop-hdds-config/0.5.0-SNAPSHOT/hadoop-hdds-config-0.5.0-SNAPSHOT.jar:/root/.m2/repository/com/google/guava/guava/11.0.2/guava-11.0.2.jar:/root/.m2/repository/com/google/protobuf/protobuf-java/2.5.0/protobuf-java-2.5.0.jar:/root/.m2/repository/io/grpc/grpc-netty/1.17.1/grpc-netty-1.17.1.jar:/root/.m2/repository/io/grpc/grpc-core/1.17.1/grpc-core-1.17.1.jar:/root/.m2/repository/io/grpc/grpc-context/1.17.1/grpc-context-1.17.1.jar:/root/.m2/repository/com/google/errorprone/error_prone_annotations/2.2.0/error_prone_annotations-2.2.0.jar:/root/.m2/repository/org/codehaus/mojo/animal-sniffer-annotations/1.17/animal-sniffer-annotations-1.17.jar:/root/.m2/repository/io/opencensus/opencensus-api/0.17.0/opencensus-api-0.17.0.jar:/root/.m2/repository/io/opencensus/opencensus-contrib-grpc-metrics/0.17.0/opencensus-contrib-grpc-metrics-0.17.0.jar:/root/.m2/repository/io/netty/netty-codec-http2/4.1.30.Final/netty-codec-http2-4.1.30.Final.jar:/root/.m2/repository/io/netty/netty-codec-http/4.1.30.Final/netty-codec-http-4.1.30.Final.jar:/root/.m2/repository/io/netty/netty-codec/4.1.30.Final/netty-codec-4.1.30.Final.jar:/root/.m2/repository/io/netty/netty-handler/4.1.30.Final/netty-handler-4.1.30.Final.jar:/root/.m2/repository/io/netty/netty-handler-proxy/4.1.30.Final/netty-handler-proxy-4.1.30.Final.jar:/root/.m2/repository/io/netty/netty-codec-socks/4.1.30.Final/netty-codec-socks-4.1.30.Final.jar:/root/.m2/repository/io/netty/netty-transport-native-epoll/4.1.30.Final/netty-transport-native-epoll-4.1.30.Final.jar:/root/.m2/repository/io/netty/netty-common/4.1.30.Final/netty-common-4.1.30.Final.jar:/root/.m2/repository/io/netty/netty-buffer/4.1.30.Final/netty-buffer-4.1.30.Final.jar:/root/.m2/repository/io/netty/netty-transport/4.1.30.Final/netty-transport-4.1.30.Final.jar:/root/.m2/repository/io/netty/netty-resolver/4.1.30.Final/netty-resolver-4.1.30.Final.jar:/root/.m2/repository/io/netty/netty-transport-native-unix-common/4.1.30.Final/netty-transport-native-unix-common-4.1.30.Final.jar:/root/.m2/repository/io/grpc/grpc-protobuf/1.17.1/grpc-protobuf-1.17.1.jar:/root/.m2/repository/com/google/api/grpc/proto-google-common-protos/1.0.0/proto-google-common-protos-1.0.0.jar:/root/.m2/repository/io/grpc/grpc-protobuf-lite/1.17.1/grpc-protobuf-lite-1.17.1.jar:/root/.m2/repository/io/grpc/grpc-stub/1.17.1/grpc-stub-1.17.1.jar:/root/.m2/repository/org/apache/hadoop/hadoop-ozone-recon/0.5.0-SNAPSHOT/hadoop-ozone-recon-0.5.0-SNAPSHOT.jar:/root/.m2/repository/org/apache/hadoop/hadoop-ozone-reconcodegen/0.5.0-SNAPSHOT/hadoop-ozone-reconcodegen-0.5.0-SNAPSHOT.jar:/root/.m2/repository/com/google/inject/extensions/guice-multibindings/4.0/guice-multibindings-4.0.jar:/root/.m2/repository/com/google/inject/guice/4.0/guice-4.0.jar:/root/.m2/repository/aopalliance/aopalliance/1.0/aopalliance-1.0.jar:/root/.m2/repository/com/google/inject/extensions/guice-servlet/4.0/guice-servlet-4.0.jar:/root/.m2/repository/org/glassfish/jersey/containers/jersey-container-servlet/2.27/jersey-container-servlet-2.27.jar:/root/.m2/repository/org/glassfish/hk2/guice-bridge/2.5.0/guice-bridge-2.5.0.jar:/root/.m2/repository/org/glassfish/jersey/core/jersey-server/2.27/jersey-server-2.27.jar:/root/.m2/repository/org/glassfish/jersey/core/jersey-client/2.27/jersey-client-2.27.jar:/root/.m2/repository/org/glassfish/jersey/media/jersey-media-jaxb/2.27/jersey-media-jaxb-2.27.jar:/root/.m2/repository/javax/validation/validation-api/1.1.0.Final/validation-api-1.1.0.Final.jar:/root/.m2/repository/org/glassfish/jersey/media/jersey-media-json-jackson/2.27/jersey-media-json-jackson-2.27.jar:/root/.m2/repository/org/glassfish/jersey/ext/jersey-entity-filtering/2.27/jersey-entity-filtering-2.27.jar:/root/.m2/repository/com/google/inject/extensions/guice-assistedinject/4.0/guice-assistedinject-4.0.jar:/root/.m2/repository/org/jooq/jooq/3.11.10/jooq-3.11.10.jar:/root/.m2/repository/org/jooq/jooq-meta/3.11.10/jooq-meta-3.11.10.jar:/root/.m2/repository/org/jooq/jooq-codegen/3.11.10/jooq-codegen-3.11.10.jar:/root/.m2/repository/com/jolbox/bonecp/0.8.0.RELEASE/bonecp-0.8.0.RELEASE.jar:/root/.m2/repository/org/xerial/sqlite-jdbc/3.25.2/sqlite-jdbc-3.25.2.jar:/root/.m2/repository/org/springframework/spring-jdbc/5.1.3.RELEASE/spring-jdbc-5.1.3.RELEASE.jar:/root/.m2/repository/org/springframework/spring-beans/5.1.3.RELEASE/spring-beans-5.1.3.RELEASE.jar:/root/.m2/repository/org/springframework/spring-core/5.1.3.RELEASE/spring-core-5.1.3.RELEASE.jar:/root/.m2/repository/org/springframework/spring-jcl/5.1.3.RELEASE/spring-jcl-5.1.3.RELEASE.jar:/root/.m2/repository/org/springframework/spring-tx/5.1.3.RELEASE/spring-tx-5.1.3.RELEASE.jar:/root/.m2/repository/org/apache/hadoop/hadoop-ozone-client/0.5.0-SNAPSHOT/hadoop-ozone-client-0.5.0-SNAPSHOT.jar:/root/.m2/repository/org/apache/hadoop/hadoop-ozone-ozone-manager/0.5.0-SNAPSHOT/hadoop-ozone-ozone-manager-0.5.0-SNAPSHOT-tests.jar:/root/.m2/repository/junit/junit/4.11/junit-4.11.jar:/root/.m2/repository/org/hamcrest/hamcrest-core/1.3/hamcrest-core-1.3.jar:/root/.m2/repository/org/openjdk/jmh/jmh-core/1.19/jmh-core-1.19.jar:/root/.m2/repository/net/sf/jopt-simple/jopt-simple/4.6/jopt-simple-4.6.jar:/root/.m2/repository/org/apache/commons/commons-math3/3.1.1/commons-math3-3.1.1.jar:/root/.m2/repository/org/openjdk/jmh/jmh-generator-annprocess/1.19/jmh-generator-annprocess-1.19.jar:/root/.m2/repository/org/mockito/mockito-all/1.8.5/mockito-all-1.8.5.jar:/root/.m2/repository/org/apache/hadoop/hadoop-kms/3.2.0/hadoop-kms-3.2.0.jar:/root/.m2/repository/org/apache/hadoop/hadoop-auth/3.2.0/hadoop-auth-3.2.0.jar:/root/.m2/repository/com/nimbusds/nimbus-jose-jwt/4.41.1/nimbus-jose-jwt-4.41.1.jar:/root/.m2/repository/com/github/stephenc/jcip/jcip-annotations/1.0-1/jcip-annotations-1.0-1.jar:/root/.m2/repository/net/minidev/json-smart/2.3/json-smart-2.3.jar:/root/.m2/repository/net/minidev/accessors-smart/1.2/accessors-smart-1.2.jar:/root/.m2/repository/org/ow2/asm/asm/5.0.4/asm-5.0.4.jar:/root/.m2/repository/org/apache/curator/curator-framework/2.12.0/curator-framework-2.12.0.jar:/root/.m2/repository/com/sun/jersey/jersey-core/1.19/jersey-core-1.19.jar:/root/.m2/repository/javax/ws/rs/jsr311-api/1.1.1/jsr311-api-1.1.1.jar:/root/.m2/repository/com/sun/jersey/jersey-server/1.19/jersey-server-1.19.jar:/root/.m2/repository/javax/servlet/javax.servlet-api/3.1.0/javax.servlet-api-3.1.0.jar:/root/.m2/repository/org/eclipse/jetty/jetty-server/9.3.24.v20180605/jetty-server-9.3.24.v20180605.jar:/root/.m2/repository/org/eclipse/jetty/jetty-http/9.3.24.v20180605/jetty-http-9.3.24.v20180605.jar:/root/.m2/repository/org/eclipse/jetty/jetty-io/9.3.24.v20180605/jetty-io-9.3.24.v20180605.jar:/root/.m2/repository/org/eclipse/jetty/jetty-webapp/9.3.24.v20180605/jetty-webapp-9.3.24.v20180605.jar:/root/.m2/repository/org/eclipse/jetty/jetty-xml/9.3.24.v20180605/jetty-xml-9.3.24.v20180605.jar:/root/.m2/repository/log4j/log4j/1.2.17/log4j-1.2.17.jar:/root/.m2/repository/org/slf4j/slf4j-api/1.7.25/slf4j-api-1.7.25.jar:/root/.m2/repository/org/slf4j/jul-to-slf4j/1.7.25/jul-to-slf4j-1.7.25.jar:/root/.m2/repository/org/eclipse/jetty/jetty-util/9.3.24.v20180605/jetty-util-9.3.24.v20180605.jar:/root/.m2/repository/io/dropwizard/metrics/metrics-core/3.2.4/metrics-core-3.2.4.jar:/root/.m2/repository/com/fasterxml/jackson/core/jackson-databind/2.9.5/jackson-databind-2.9.5.jar:/root/.m2/repository/org/apache/hadoop/hadoop-kms/3.2.0/hadoop-kms-3.2.0-tests.jar:/root/.m2/repository/org/apache/hadoop/hadoop-hdds-server-scm/0.5.0-SNAPSHOT/hadoop-hdds-server-scm-0.5.0-SNAPSHOT-tests.jar:/root/.m2/repository/org/hamcrest/hamcrest-all/1.3/hamcrest-all-1.3.jar:/root/.m2/repository/info/picocli/picocli/3.9.6/picocli-3.9.6.jar:/root/.m2/repository/org/apache/hadoop/hadoop-hdds-container-service/0.5.0-SNAPSHOT/hadoop-hdds-container-service-0.5.0-SNAPSHOT-tests.jar:/root/.m2/repository/org/yaml/snakeyaml/1.16/snakeyaml-1.16.jar:/root/.m2/repository/org/apache/hadoop/hadoop-common/3.2.0/hadoop-common-3.2.0-tests.jar:/root/.m2/repository/org/apache/hadoop/hadoop-annotations/3.2.0/hadoop-annotations-3.2.0.jar:/usr/lib/jvm/java-1.8-openjdk/jre/../lib/tools.jar:/root/.m2/repository/commons-cli/commons-cli/1.2/commons-cli-1.2.jar:/root/.m2/repository/org/apache/httpcomponents/httpclient/4.5.2/httpclient-4.5.2.jar:/root/.m2/repository/org/apache/httpcomponents/httpcore/4.4.4/httpcore-4.4.4.jar:/root/.m2/repository/commons-codec/commons-codec/1.11/commons-codec-1.11.jar:/root/.m2/repository/commons-net/commons-net/3.6/commons-net-3.6.jar:/root/.m2/repository/commons-collections/commons-collections/3.2.2/commons-collections-3.2.2.jar:/root/.m2/repository/org/eclipse/jetty/jetty-servlet/9.3.24.v20180605/jetty-servlet-9.3.24.v20180605.jar:/root/.m2/repository/org/eclipse/jetty/jetty-security/9.3.24.v20180605/jetty-security-9.3.24.v20180605.jar:/root/.m2/repository/javax/servlet/jsp/jsp-api/2.1/jsp-api-2.1.jar:/root/.m2/repository/com/sun/jersey/jersey-servlet/1.19/jersey-servlet-1.19.jar:/root/.m2/repository/com/sun/jersey/jersey-json/1.19/jersey-json-1.19.jar:/root/.m2/repository/org/codehaus/jettison/jettison/1.1/jettison-1.1.jar:/root/.m2/repository/org/codehaus/jackson/jackson-core-asl/1.9.13/jackson-core-asl-1.9.13.jar:/root/.m2/repository/org/codehaus/jackson/jackson-mapper-asl/1.9.13/jackson-mapper-asl-1.9.13.jar:/root/.m2/repository/org/codehaus/jackson/jackson-jaxrs/1.9.13/jackson-jaxrs-1.9.13.jar:/root/.m2/repository/org/codehaus/jackson/jackson-xc/1.9.13/jackson-xc-1.9.13.jar:/root/.m2/repository/commons-logging/commons-logging/1.1.3/commons-logging-1.1.3.jar:/root/.m2/repository/commons-beanutils/commons-beanutils/1.9.3/commons-beanutils-1.9.3.jar:/root/.m2/repository/org/apache/commons/commons-configuration2/2.1.1/commons-configuration2-2.1.1.jar:/root/.m2/repository/org/apache/commons/commons-lang3/3.7/commons-lang3-3.7.jar:/root/.m2/repository/org/apache/commons/commons-text/1.4/commons-text-1.4.jar:/root/.m2/repository/org/apache/avro/avro/1.7.7/avro-1.7.7.jar:/root/.m2/repository/com/thoughtworks/paranamer/paranamer/2.3/paranamer-2.3.jar:/root/.m2/repository/org/xerial/snappy/snappy-java/1.0.5/snappy-java-1.0.5.jar:/root/.m2/repository/com/google/re2j/re2j/1.1/re2j-1.1.jar:/root/.m2/repository/com/google/code/gson/gson/2.2.4/gson-2.2.4.jar:/root/.m2/repository/com/jcraft/jsch/0.1.54/jsch-0.1.54.jar:/root/.m2/repository/org/apache/curator/curator-client/2.12.0/curator-client-2.12.0.jar:/root/.m2/repository/org/apache/curator/curator-recipes/2.12.0/curator-recipes-2.12.0.jar:/root/.m2/repository/com/google/code/findbugs/jsr305/3.0.0/jsr305-3.0.0.jar:/root/.m2/repository/org/apache/htrace/htrace-core4/4.1.0-incubating/htrace-core4-4.1.0-incubating.jar:/root/.m2/repository/org/apache/zookeeper/zookeeper/3.4.13/zookeeper-3.4.13.jar:/root/.m2/repository/org/apache/yetus/audience-annotations/0.5.0/audience-annotations-0.5.0.jar:/root/.m2/repository/org/codehaus/woodstox/stax2-api/3.1.4/stax2-api-3.1.4.jar:/root/.m2/repository/com/fasterxml/woodstox/woodstox-core/5.0.3/woodstox-core-5.0.3.jar:/root/.m2/repository/dnsjava/dnsjava/2.1.7/dnsjava-2.1.7.jar:/root/.m2/repository/org/apache/hadoop/hadoop-hdfs/3.2.0/hadoop-hdfs-3.2.0-tests.jar:/root/.m2/repository/org/eclipse/jetty/jetty-util-ajax/9.3.24.v20180605/jetty-util-ajax-9.3.24.v20180605.jar:/root/.m2/repository/commons-daemon/commons-daemon/1.0.13/commons-daemon-1.0.13.jar:/root/.m2/repository/io/netty/netty/3.10.5.Final/netty-3.10.5.Final.jar:/root/.m2/repository/io/netty/netty-all/4.0.52.Final/netty-all-4.0.52.Final.jar:/root/.m2/repository/org/fusesource/leveldbjni/leveldbjni-all/1.8/leveldbjni-all-1.8.jar:"/>
    <property name="sun.cpu.endian" value="little"/>
    <property name="user.home" value="/root"/>
    <property name="user.language" value="en"/>
    <property name="java.specification.vendor" value="Oracle Corporation"/>
    <property name="java.home" value="/usr/lib/jvm/java-1.8-openjdk/jre"/>
    <property name="java.security.krb5.conf" value="/opt/src/hadoop-ozone/integration-test/target/test-classes/krb5.conf"/>
    <property name="basedir" value="/opt/src/hadoop-ozone/integration-test"/>
    <property name="file.separator" value="/"/>
    <property name="line.separator" value="&#10;"/>
    <property name="java.vm.specification.vendor" value="Oracle Corporation"/>
    <property name="java.specification.name" value="Java Platform API Specification"/>
    <property name="java.awt.graphicsenv" value="sun.awt.X11GraphicsEnvironment"/>
    <property name="surefire.real.class.path" value="/opt/src/hadoop-ozone/integration-test/target/surefire/surefirebooter6259224153263470326.jar"/>
    <property name="hadoop.log.dir" value="/opt/src/hadoop-ozone/integration-test/target/log"/>
    <property name="sun.boot.class.path" value="/usr/lib/jvm/java-1.8-openjdk/jre/lib/resources.jar:/usr/lib/jvm/java-1.8-openjdk/jre/lib/rt.jar:/usr/lib/jvm/java-1.8-openjdk/jre/lib/sunrsasign.jar:/usr/lib/jvm/java-1.8-openjdk/jre/lib/jsse.jar:/usr/lib/jvm/java-1.8-openjdk/jre/lib/jce.jar:/usr/lib/jvm/java-1.8-openjdk/jre/lib/charsets.jar:/usr/lib/jvm/java-1.8-openjdk/jre/lib/jfr.jar:/usr/lib/jvm/java-1.8-openjdk/jre/classes"/>
    <property name="sun.management.compiler" value="HotSpot 64-Bit Tiered Compilers"/>
    <property name="java.runtime.version" value="1.8.0_212-b04"/>
    <property name="java.net.preferIPv4Stack" value="true"/>
    <property name="user.name" value="root"/>
    <property name="path.separator" value=":"/>
    <property name="java.security.egd" value="file:///dev/urandom"/>
    <property name="os.version" value="4.15.0-1021-aws"/>
    <property name="java.endorsed.dirs" value="/usr/lib/jvm/java-1.8-openjdk/jre/lib/endorsed"/>
    <property name="java.runtime.name" value="OpenJDK Runtime Environment"/>
    <property name="file.encoding" value="UTF-8"/>
    <property name="java.vm.name" value="OpenJDK 64-Bit Server VM"/>
    <property name="test.build.webapps" value=""/>
    <property name="localRepository" value="/root/.m2/repository"/>
    <property name="java.vendor.url.bug" value="https://icedtea.classpath.org/bugzilla"/>
    <property name="java.io.tmpdir" value="/tmp"/>
    <property name="require.test.libhadoop" value=""/>
    <property name="java.version" value="1.8.0_212"/>
    <property name="user.dir" value="/opt/src/hadoop-ozone/integration-test"/>
    <property name="os.arch" value="amd64"/>
    <property name="java.vm.specification.name" value="Java Virtual Machine Specification"/>
    <property name="test.build.classes" value="/opt/src/hadoop-ozone/integration-test/target/test-classes"/>
    <property name="java.awt.printerjob" value="sun.print.PSPrinterJob"/>
    <property name="sun.os.patch.level" value="unknown"/>
    <property name="hadoop.tmp.dir" value="/opt/src/hadoop-ozone/integration-test/target/tmp"/>
    <property name="java.library.path" value="/usr/lib/jvm/java-1.8-openjdk/jre/lib/amd64/server:/usr/lib/jvm/java-1.8-openjdk/jre/lib/amd64:/usr/lib/jvm/java-1.8-openjdk/jre/../lib/amd64:/opt/src/hadoop-ozone/integration-test/target/native/target/usr/local/lib:/opt/src/hadoop-ozone/integration-test/../../hadoop-common-project/hadoop-common/target/native/target/usr/local/lib:/usr/java/packages/lib/amd64:/usr/lib64:/lib64:/lib:/usr/lib"/>
    <property name="java.vm.info" value="mixed mode"/>
    <property name="java.vendor" value="IcedTea"/>
    <property name="java.vm.version" value="25.212-b04"/>
    <property name="java.ext.dirs" value="/usr/lib/jvm/java-1.8-openjdk/jre/lib/ext:/usr/java/packages/lib/ext"/>
    <property name="sun.io.unicode.encoding" value="UnicodeLittle"/>
    <property name="java.class.version" value="52.0"/>
  </properties>
  <testcase name="testPipelineFail" classname="org.apache.hadoop.hdds.scm.pipeline.TestNodeFailure" time="0">
    <skipped/>
    <system-out><![CDATA[2019-06-12 19:14:40,539 WARN  server.ServerUtils (ServerUtils.java:getScmDbDir(145)) - ozone.scm.db.dirs is not configured. We recommend adding this setting. Falling back to ozone.metadata.dirs instead.
2019-06-12 19:14:40,605 WARN  server.ServerUtils (ServerUtils.java:getScmDbDir(145)) - ozone.scm.db.dirs is not configured. We recommend adding this setting. Falling back to ozone.metadata.dirs instead.
2019-06-12 19:14:40,608 WARN  server.ServerUtils (ServerUtils.java:getScmDbDir(145)) - ozone.scm.db.dirs is not configured. We recommend adding this setting. Falling back to ozone.metadata.dirs instead.
2019-06-12 19:14:40,621 INFO  util.log (Log.java:initialized(192)) - Logging initialized @697ms
2019-06-12 19:14:40,706 INFO  db.DBStoreBuilder (DBStoreBuilder.java:addTable(110)) - using custom profile for table: deletedBlocks
2019-06-12 19:14:40,707 INFO  db.DBStoreBuilder (DBStoreBuilder.java:processTables(161)) - Using default column profile:DBProfile.DISK for Table:deletedBlocks
2019-06-12 19:14:40,707 INFO  db.DBStoreBuilder (DBStoreBuilder.java:addTable(110)) - using custom profile for table: validCerts
2019-06-12 19:14:40,708 INFO  db.DBStoreBuilder (DBStoreBuilder.java:processTables(161)) - Using default column profile:DBProfile.DISK for Table:validCerts
2019-06-12 19:14:40,708 INFO  db.DBStoreBuilder (DBStoreBuilder.java:addTable(110)) - using custom profile for table: revokedCerts
2019-06-12 19:14:40,708 INFO  db.DBStoreBuilder (DBStoreBuilder.java:processTables(161)) - Using default column profile:DBProfile.DISK for Table:revokedCerts
2019-06-12 19:14:40,718 INFO  db.DBStoreBuilder (DBStoreBuilder.java:addTable(110)) - using custom profile for table: default
2019-06-12 19:14:40,718 INFO  db.DBStoreBuilder (DBStoreBuilder.java:processTables(167)) - Using default column profile:DBProfile.DISK for Table:default
2019-06-12 19:14:40,719 INFO  db.DBStoreBuilder (DBStoreBuilder.java:getDbProfile(198)) - Using default options. DBProfile.DISK
2019-06-12 19:14:40,788 INFO  node.SCMNodeManager (SCMNodeManager.java:<init>(108)) - Entering startup safe mode.
2019-06-12 19:14:40,843 INFO  net.NodeSchemaLoader (NodeSchemaLoader.java:loadSchemaFromFile(125)) - Loading file from sun.misc.CompoundEnumeration@443118b0
2019-06-12 19:14:40,844 INFO  net.NodeSchemaLoader (NodeSchemaLoader.java:loadSchema(171)) - Loading network topology layer schema file
2019-06-12 19:14:40,894 WARN  server.ServerUtils (ServerUtils.java:getScmDbDir(145)) - ozone.scm.db.dirs is not configured. We recommend adding this setting. Falling back to ozone.metadata.dirs instead.
2019-06-12 19:14:40,914 INFO  pipeline.SCMPipelineManager (SCMPipelineManager.java:initializePipelineState(126)) - No pipeline exists in current db
2019-06-12 19:14:40,915 WARN  server.ServerUtils (ServerUtils.java:getScmDbDir(145)) - ozone.scm.db.dirs is not configured. We recommend adding this setting. Falling back to ozone.metadata.dirs instead.
2019-06-12 19:14:40,975 WARN  events.EventQueue (EventQueue.java:fireEvent(175)) - No event handler registered for event TypedEvent{payloadType=SafeModeStatus, name='SafeModeStatus'}
2019-06-12 19:14:41,241 INFO  ipc.CallQueueManager (CallQueueManager.java:<init>(84)) - Using callQueue: class java.util.concurrent.LinkedBlockingQueue, queueCapacity: 2000, scheduler: class org.apache.hadoop.ipc.DefaultRpcScheduler, ipcBackoff: false.
2019-06-12 19:14:41,264 INFO  ipc.Server (Server.java:run(1074)) - Starting Socket Reader #1 for port 37375
2019-06-12 19:14:41,283 INFO  ipc.CallQueueManager (CallQueueManager.java:<init>(84)) - Using callQueue: class java.util.concurrent.LinkedBlockingQueue, queueCapacity: 2000, scheduler: class org.apache.hadoop.ipc.DefaultRpcScheduler, ipcBackoff: false.
2019-06-12 19:14:41,284 INFO  ipc.Server (Server.java:run(1074)) - Starting Socket Reader #1 for port 40187
2019-06-12 19:14:41,289 INFO  ipc.CallQueueManager (CallQueueManager.java:<init>(84)) - Using callQueue: class java.util.concurrent.LinkedBlockingQueue, queueCapacity: 2000, scheduler: class org.apache.hadoop.ipc.DefaultRpcScheduler, ipcBackoff: false.
2019-06-12 19:14:41,315 INFO  ipc.Server (Server.java:run(1074)) - Starting Socket Reader #1 for port 42115
2019-06-12 19:14:41,335 INFO  hdfs.DFSUtil (DFSUtil.java:httpServerTemplateForNNAndJN(1641)) - Starting Web-server for scm at: http://0.0.0.0:0
2019-06-12 19:14:41,473 INFO  server.AuthenticationFilter (AuthenticationFilter.java:constructSecretProvider(240)) - Unable to initialize FileSignerSecretProvider, falling back to use random secrets.
2019-06-12 19:14:41,479 WARN  http.HttpRequestLog (HttpRequestLog.java:getRequestLog(97)) - Jetty request log can only be enabled using Log4j
2019-06-12 19:14:41,485 INFO  http.HttpServer2 (HttpServer2.java:addGlobalFilter(975)) - Added global filter 'safety' (class=org.apache.hadoop.http.HttpServer2$QuotingInputFilter)
2019-06-12 19:14:41,487 INFO  http.HttpServer2 (HttpServer2.java:addFilter(948)) - Added filter static_user_filter (class=org.apache.hadoop.http.lib.StaticUserWebFilter$StaticUserFilter) to context scm
2019-06-12 19:14:41,487 INFO  http.HttpServer2 (HttpServer2.java:addFilter(958)) - Added filter static_user_filter (class=org.apache.hadoop.http.lib.StaticUserWebFilter$StaticUserFilter) to context logs
2019-06-12 19:14:41,487 INFO  http.HttpServer2 (HttpServer2.java:addFilter(958)) - Added filter static_user_filter (class=org.apache.hadoop.http.lib.StaticUserWebFilter$StaticUserFilter) to context static
2019-06-12 19:14:41,508 INFO  server.StorageContainerManager (StorageContainerManager.java:start(752)) - StorageContainerLocationProtocol RPC server is listening at /0.0.0.0:42115
2019-06-12 19:14:41,553 WARN  impl.MetricsConfig (MetricsConfig.java:loadFirst(134)) - Cannot locate configuration: tried hadoop-metrics2-storagecontainermanager.properties,hadoop-metrics2.properties
2019-06-12 19:14:41,563 INFO  impl.MetricsSystemImpl (MetricsSystemImpl.java:startTimer(374)) - Scheduled Metric snapshot period at 10 second(s).
2019-06-12 19:14:41,563 INFO  impl.MetricsSystemImpl (MetricsSystemImpl.java:start(191)) - StorageContainerManager metrics system started
2019-06-12 19:14:41,730 INFO  server.SCMClientProtocolServer (SCMClientProtocolServer.java:start(149)) - RPC server for Client  is listening at /0.0.0.0:42115
2019-06-12 19:14:41,730 INFO  ipc.Server (Server.java:run(1314)) - IPC Server Responder: starting
2019-06-12 19:14:41,732 INFO  ipc.Server (Server.java:run(1153)) - IPC Server listener on 42115: starting
2019-06-12 19:14:41,734 INFO  server.StorageContainerManager (StorageContainerManager.java:start(761)) - ScmBlockLocationProtocol RPC server is listening at /0.0.0.0:40187
2019-06-12 19:14:41,735 INFO  server.SCMBlockProtocolServer (SCMBlockProtocolServer.java:start(137)) - RPC server for Block Protocol is listening at /0.0.0.0:40187
2019-06-12 19:14:41,735 INFO  ipc.Server (Server.java:run(1314)) - IPC Server Responder: starting
2019-06-12 19:14:41,735 INFO  ipc.Server (Server.java:run(1153)) - IPC Server listener on 40187: starting
2019-06-12 19:14:41,739 INFO  server.StorageContainerManager (StorageContainerManager.java:start(765)) - ScmDatanodeProtocl RPC server is listening at /0.0.0.0:37375
2019-06-12 19:14:41,739 INFO  server.SCMDatanodeProtocolServer (SCMDatanodeProtocolServer.java:start(191)) - RPC server for DataNodes is listening at /0.0.0.0:37375
2019-06-12 19:14:41,740 INFO  ipc.Server (Server.java:run(1314)) - IPC Server Responder: starting
2019-06-12 19:14:41,740 INFO  ipc.Server (Server.java:run(1153)) - IPC Server listener on 37375: starting
2019-06-12 19:14:41,743 INFO  http.HttpServer2 (HttpServer2.java:bindListener(1191)) - Jetty bound to port 43723
2019-06-12 19:14:41,745 INFO  server.Server (Server.java:doStart(351)) - jetty-9.3.24.v20180605, build timestamp: 2018-06-05T17:11:56Z, git hash: 84205aa28f11a4f31f2a3b86d1bba2cc8ab69827
2019-06-12 19:14:41,787 INFO  handler.ContextHandler (ContextHandler.java:doStart(781)) - Started o.e.j.s.ServletContextHandler@2df6226d{/logs,file:///opt/src/hadoop-ozone/integration-test/target/log,AVAILABLE}
2019-06-12 19:14:41,788 INFO  handler.ContextHandler (ContextHandler.java:doStart(781)) - Started o.e.j.s.ServletContextHandler@4ff4357f{/static,file:///opt/src/hadoop-ozone/integration-test/target/test-classes/webapps/static,AVAILABLE}
2019-06-12 19:14:41,823 INFO  handler.ContextHandler (ContextHandler.java:doStart(781)) - Started o.e.j.w.WebAppContext@2484f433{/,file:///opt/src/hadoop-ozone/integration-test/target/test-classes/webapps/scm/,AVAILABLE}{/scm}
2019-06-12 19:14:41,830 INFO  server.AbstractConnector (AbstractConnector.java:doStart(278)) - Started ServerConnector@841e575{HTTP/1.1,[http/1.1]}{0.0.0.0:43723}
2019-06-12 19:14:41,830 INFO  server.Server (Server.java:doStart(419)) - Started @1906ms
2019-06-12 19:14:41,831 INFO  server.BaseHttpServer (BaseHttpServer.java:updateConnectorAddress(207)) - HTTP server of SCM is listening at http://0.0.0.0:43723
2019-06-12 19:14:41,842 WARN  scm.ScmUtils (ScmUtils.java:getDBPath(63)) - ozone.om.db.dirs is not configured. We recommend adding this setting. Falling back to ozone.metadata.dirs instead.
2019-06-12 19:14:41,842 INFO  util.JvmPauseMonitor (JvmPauseMonitor.java:run(188)) - Starting JVM pause monitor
2019-06-12 19:14:41,934 WARN  scm.ScmUtils (ScmUtils.java:getDBPath(63)) - ozone.om.db.dirs is not configured. We recommend adding this setting. Falling back to ozone.metadata.dirs instead.
2019-06-12 19:14:41,934 INFO  om.OzoneManager (OzoneManager.java:setOMNodeDetails(519)) - OM Service ID is not set. Setting it to the default ID: omServiceIdDefault
2019-06-12 19:14:41,935 INFO  om.OzoneManager (OzoneManager.java:setOMNodeDetails(525)) - OM Node ID is not set. Setting it to the OmStorage's OmID: cf135914-b7df-44b7-bae0-eee446ab3de5
2019-06-12 19:14:41,936 WARN  scm.HddsServerUtil (HddsServerUtil.java:getDefaultRatisDirectory(354)) - Storage directory for Ratis is not configured. It is a good idea to map this to an SSD disk. Falling back to ozone.metadata.dirs
2019-06-12 19:14:41,936 WARN  scm.HddsServerUtil (HddsServerUtil.java:getDefaultRatisDirectory(354)) - Storage directory for Ratis is not configured. It is a good idea to map this to an SSD disk. Falling back to ozone.metadata.dirs
2019-06-12 19:14:41,937 INFO  om.OzoneManager (OzoneManager.java:loadOMHAConfigs(476)) - Found matching OM address with OMServiceId: null, OMNodeId: null, RPC Address: localhost:0 and Ratis port: 9872
2019-06-12 19:14:42,110 WARN  scm.ScmUtils (ScmUtils.java:getDBPath(63)) - ozone.om.db.dirs is not configured. We recommend adding this setting. Falling back to ozone.metadata.dirs instead.
2019-06-12 19:14:42,115 INFO  db.DBStoreBuilder (DBStoreBuilder.java:addTable(110)) - using custom profile for table: userTable
2019-06-12 19:14:42,116 INFO  db.DBStoreBuilder (DBStoreBuilder.java:processTables(161)) - Using default column profile:DBProfile.DISK for Table:userTable
2019-06-12 19:14:42,116 INFO  db.DBStoreBuilder (DBStoreBuilder.java:addTable(110)) - using custom profile for table: volumeTable
2019-06-12 19:14:42,116 INFO  db.DBStoreBuilder (DBStoreBuilder.java:processTables(161)) - Using default column profile:DBProfile.DISK for Table:volumeTable
2019-06-12 19:14:42,116 INFO  db.DBStoreBuilder (DBStoreBuilder.java:addTable(110)) - using custom profile for table: bucketTable
2019-06-12 19:14:42,116 INFO  db.DBStoreBuilder (DBStoreBuilder.java:processTables(161)) - Using default column profile:DBProfile.DISK for Table:bucketTable
2019-06-12 19:14:42,117 INFO  db.DBStoreBuilder (DBStoreBuilder.java:addTable(110)) - using custom profile for table: keyTable
2019-06-12 19:14:42,117 INFO  db.DBStoreBuilder (DBStoreBuilder.java:processTables(161)) - Using default column profile:DBProfile.DISK for Table:keyTable
2019-06-12 19:14:42,117 INFO  db.DBStoreBuilder (DBStoreBuilder.java:addTable(110)) - using custom profile for table: deletedTable
2019-06-12 19:14:42,117 INFO  db.DBStoreBuilder (DBStoreBuilder.java:processTables(161)) - Using default column profile:DBProfile.DISK for Table:deletedTable
2019-06-12 19:14:42,118 INFO  db.DBStoreBuilder (DBStoreBuilder.java:addTable(110)) - using custom profile for table: openKeyTable
2019-06-12 19:14:42,118 INFO  db.DBStoreBuilder (DBStoreBuilder.java:processTables(161)) - Using default column profile:DBProfile.DISK for Table:openKeyTable
2019-06-12 19:14:42,118 INFO  db.DBStoreBuilder (DBStoreBuilder.java:addTable(110)) - using custom profile for table: s3Table
2019-06-12 19:14:42,118 INFO  db.DBStoreBuilder (DBStoreBuilder.java:processTables(161)) - Using default column profile:DBProfile.DISK for Table:s3Table
2019-06-12 19:14:42,118 INFO  db.DBStoreBuilder (DBStoreBuilder.java:addTable(110)) - using custom profile for table: multipartInfoTable
2019-06-12 19:14:42,119 INFO  db.DBStoreBuilder (DBStoreBuilder.java:processTables(161)) - Using default column profile:DBProfile.DISK for Table:multipartInfoTable
2019-06-12 19:14:42,119 INFO  db.DBStoreBuilder (DBStoreBuilder.java:addTable(110)) - using custom profile for table: dTokenTable
2019-06-12 19:14:42,119 INFO  db.DBStoreBuilder (DBStoreBuilder.java:processTables(161)) - Using default column profile:DBProfile.DISK for Table:dTokenTable
2019-06-12 19:14:42,119 INFO  db.DBStoreBuilder (DBStoreBuilder.java:addTable(110)) - using custom profile for table: s3SecretTable
2019-06-12 19:14:42,120 INFO  db.DBStoreBuilder (DBStoreBuilder.java:processTables(161)) - Using default column profile:DBProfile.DISK for Table:s3SecretTable
2019-06-12 19:14:42,120 INFO  db.DBStoreBuilder (DBStoreBuilder.java:addTable(110)) - using custom profile for table: prefixTable
2019-06-12 19:14:42,120 INFO  db.DBStoreBuilder (DBStoreBuilder.java:processTables(161)) - Using default column profile:DBProfile.DISK for Table:prefixTable
2019-06-12 19:14:42,120 INFO  db.DBStoreBuilder (DBStoreBuilder.java:addTable(110)) - using custom profile for table: default
2019-06-12 19:14:42,121 INFO  db.DBStoreBuilder (DBStoreBuilder.java:processTables(167)) - Using default column profile:DBProfile.DISK for Table:default
2019-06-12 19:14:42,121 INFO  db.DBStoreBuilder (DBStoreBuilder.java:getDbProfile(198)) - Using default options. DBProfile.DISK
2019-06-12 19:14:42,593 INFO  ipc.CallQueueManager (CallQueueManager.java:<init>(84)) - Using callQueue: class java.util.concurrent.LinkedBlockingQueue, queueCapacity: 2000, scheduler: class org.apache.hadoop.ipc.DefaultRpcScheduler, ipcBackoff: false.
2019-06-12 19:14:42,594 INFO  ipc.Server (Server.java:run(1074)) - Starting Socket Reader #1 for port 44625
2019-06-12 19:14:42,616 WARN  scm.ScmUtils (ScmUtils.java:getDBPath(63)) - ozone.om.db.dirs is not configured. We recommend adding this setting. Falling back to ozone.metadata.dirs instead.
2019-06-12 19:14:42,617 INFO  om.OzoneManager (OzoneManager.java:start(1217)) - OzoneManager RPC server is listening at localhost/127.0.0.1:44625
2019-06-12 19:14:42,617 INFO  impl.MetricsSystemImpl (MetricsSystemImpl.java:init(158)) - OzoneManager metrics system started (again)
2019-06-12 19:14:42,617 INFO  ipc.Server (Server.java:run(1314)) - IPC Server Responder: starting
2019-06-12 19:14:42,621 INFO  ipc.Server (Server.java:run(1153)) - IPC Server listener on 44625: starting
2019-06-12 19:14:42,636 INFO  hdfs.DFSUtil (DFSUtil.java:httpServerTemplateForNNAndJN(1641)) - Starting Web-server for ozoneManager at: http://0.0.0.0:0
2019-06-12 19:14:42,638 INFO  server.AuthenticationFilter (AuthenticationFilter.java:constructSecretProvider(240)) - Unable to initialize FileSignerSecretProvider, falling back to use random secrets.
2019-06-12 19:14:42,639 WARN  http.HttpRequestLog (HttpRequestLog.java:getRequestLog(97)) - Jetty request log can only be enabled using Log4j
2019-06-12 19:14:42,640 INFO  http.HttpServer2 (HttpServer2.java:addGlobalFilter(975)) - Added global filter 'safety' (class=org.apache.hadoop.http.HttpServer2$QuotingInputFilter)
2019-06-12 19:14:42,641 INFO  http.HttpServer2 (HttpServer2.java:addFilter(948)) - Added filter static_user_filter (class=org.apache.hadoop.http.lib.StaticUserWebFilter$StaticUserFilter) to context ozoneManager
2019-06-12 19:14:42,642 INFO  http.HttpServer2 (HttpServer2.java:addFilter(958)) - Added filter static_user_filter (class=org.apache.hadoop.http.lib.StaticUserWebFilter$StaticUserFilter) to context logs
2019-06-12 19:14:42,642 INFO  http.HttpServer2 (HttpServer2.java:addFilter(958)) - Added filter static_user_filter (class=org.apache.hadoop.http.lib.StaticUserWebFilter$StaticUserFilter) to context static
2019-06-12 19:14:42,644 INFO  http.HttpServer2 (HttpServer2.java:bindListener(1191)) - Jetty bound to port 33183
2019-06-12 19:14:42,644 INFO  server.Server (Server.java:doStart(351)) - jetty-9.3.24.v20180605, build timestamp: 2018-06-05T17:11:56Z, git hash: 84205aa28f11a4f31f2a3b86d1bba2cc8ab69827
2019-06-12 19:14:42,658 INFO  handler.ContextHandler (ContextHandler.java:doStart(781)) - Started o.e.j.s.ServletContextHandler@7c2a69b4{/logs,file:///opt/src/hadoop-ozone/integration-test/target/log,AVAILABLE}
2019-06-12 19:14:42,659 INFO  handler.ContextHandler (ContextHandler.java:doStart(781)) - Started o.e.j.s.ServletContextHandler@648ee871{/static,file:///opt/src/hadoop-ozone/integration-test/target/test-classes/webapps/static,AVAILABLE}
2019-06-12 19:14:42,662 INFO  handler.ContextHandler (ContextHandler.java:doStart(781)) - Started o.e.j.w.WebAppContext@6f012914{/,file:///opt/src/hadoop-ozone/integration-test/target/test-classes/webapps/ozoneManager/,AVAILABLE}{/ozoneManager}
2019-06-12 19:14:42,663 INFO  server.AbstractConnector (AbstractConnector.java:doStart(278)) - Started ServerConnector@18fdb6cf{HTTP/1.1,[http/1.1]}{0.0.0.0:33183}
2019-06-12 19:14:42,663 INFO  server.Server (Server.java:doStart(419)) - Started @2739ms
2019-06-12 19:14:42,664 INFO  server.BaseHttpServer (BaseHttpServer.java:updateConnectorAddress(207)) - HTTP server of OZONEMANAGER is listening at http://0.0.0.0:33183
2019-06-12 19:14:42,803 INFO  impl.MetricsSystemImpl (MetricsSystemImpl.java:init(158)) - HddsDatanode metrics system started (again)
2019-06-12 19:14:42,948 INFO  ozone.HddsDatanodeService (HddsDatanodeService.java:start(185)) - HddsDatanodeService host:ozone-m98mp-537477102 ip:192.168.19.6
2019-06-12 19:14:42,976 INFO  volume.HddsVolume (HddsVolume.java:<init>(176)) - Creating Volume: /opt/src/hadoop-ozone/integration-test/target/test-dir/MiniOzoneClusterImpl-b1317580-f779-4086-8147-4ac774377abd/datanode-0/data/containers/hdds of  storage type : DISK and capacity : 104021790720
2019-06-12 19:14:42,977 INFO  volume.VolumeSet (VolumeSet.java:initializeVolumeSet(170)) - Added Volume : /opt/src/hadoop-ozone/integration-test/target/test-dir/MiniOzoneClusterImpl-b1317580-f779-4086-8147-4ac774377abd/datanode-0/data/containers/hdds to VolumeSet
2019-06-12 19:14:42,979 INFO  volume.ThrottledAsyncChecker (ThrottledAsyncChecker.java:schedule(140)) - Scheduling a check for org.apache.hadoop.ozone.container.common.volume.HddsVolume@4a6c18ad
2019-06-12 19:14:42,993 INFO  volume.HddsVolumeChecker (HddsVolumeChecker.java:checkAllVolumes(203)) - Scheduled health check for volume org.apache.hadoop.ozone.container.common.volume.HddsVolume@4a6c18ad
2019-06-12 19:14:43,028 INFO  ratis.XceiverServerRatis (XceiverServerRatis.java:newXceiverServerRatis(401)) - Found a free port for the server : 34489
2019-06-12 19:14:43,078 INFO  impl.RaftServerProxy (ConfUtils.java:logGet(43)) - raft.rpc.type = GRPC (default)
2019-06-12 19:14:43,086 INFO  grpc.GrpcConfigKeys$Server (ConfUtils.java:logGet(43)) - raft.grpc.server.port = 34489 (custom)
2019-06-12 19:14:43,086 INFO  server.GrpcService (ConfUtils.java:logGet(43)) - raft.grpc.message.size.max = 33570816 (custom)
2019-06-12 19:14:43,087 INFO  server.RaftServerConfigKeys (ConfUtils.java:logGet(43)) - raft.server.log.appender.buffer.byte-limit = 33554432 (custom)
2019-06-12 19:14:43,088 INFO  server.GrpcService (ConfUtils.java:logGet(43)) - raft.grpc.flow.control.window = 1MB (=1048576) (default)
2019-06-12 19:14:43,089 INFO  server.RaftServerConfigKeys (ConfUtils.java:logGet(43)) - raft.server.rpc.request.timeout = 3000ms (default)
2019-06-12 19:14:43,202 INFO  server.RaftServerConfigKeys (ConfUtils.java:logGet(43)) - raft.server.storage.dir = [/opt/src/hadoop-ozone/integration-test/target/test-dir/MiniOzoneClusterImpl-b1317580-f779-4086-8147-4ac774377abd/datanode-0/data/ratis] (custom)
2019-06-12 19:14:43,208 INFO  server.XceiverServerGrpc (XceiverServerGrpc.java:<init>(97)) - Found a free port for the server : 43801
2019-06-12 19:14:43,231 INFO  replication.SimpleContainerDownloader (SimpleContainerDownloader.java:<init>(72)) - Starting container downloader service to copy containers to replicate.
2019-06-12 19:14:43,241 INFO  hdfs.DFSUtil (DFSUtil.java:httpServerTemplateForNNAndJN(1641)) - Starting Web-server for hddsDatanode at: http://0.0.0.0:0
2019-06-12 19:14:43,242 INFO  server.AuthenticationFilter (AuthenticationFilter.java:constructSecretProvider(240)) - Unable to initialize FileSignerSecretProvider, falling back to use random secrets.
2019-06-12 19:14:43,243 WARN  http.HttpRequestLog (HttpRequestLog.java:getRequestLog(97)) - Jetty request log can only be enabled using Log4j
2019-06-12 19:14:43,245 INFO  http.HttpServer2 (HttpServer2.java:addGlobalFilter(975)) - Added global filter 'safety' (class=org.apache.hadoop.http.HttpServer2$QuotingInputFilter)
2019-06-12 19:14:43,246 INFO  http.HttpServer2 (HttpServer2.java:addFilter(948)) - Added filter static_user_filter (class=org.apache.hadoop.http.lib.StaticUserWebFilter$StaticUserFilter) to context hddsDatanode
2019-06-12 19:14:43,246 INFO  http.HttpServer2 (HttpServer2.java:addFilter(958)) - Added filter static_user_filter (class=org.apache.hadoop.http.lib.StaticUserWebFilter$StaticUserFilter) to context logs
2019-06-12 19:14:43,246 INFO  http.HttpServer2 (HttpServer2.java:addFilter(958)) - Added filter static_user_filter (class=org.apache.hadoop.http.lib.StaticUserWebFilter$StaticUserFilter) to context static
2019-06-12 19:14:43,247 INFO  http.HttpServer2 (HttpServer2.java:bindListener(1191)) - Jetty bound to port 39515
2019-06-12 19:14:43,247 INFO  server.Server (Server.java:doStart(351)) - jetty-9.3.24.v20180605, build timestamp: 2018-06-05T17:11:56Z, git hash: 84205aa28f11a4f31f2a3b86d1bba2cc8ab69827
2019-06-12 19:14:43,249 INFO  handler.ContextHandler (ContextHandler.java:doStart(781)) - Started o.e.j.s.ServletContextHandler@2e51d054{/logs,file:///opt/src/hadoop-ozone/integration-test/target/log,AVAILABLE}
2019-06-12 19:14:43,249 INFO  handler.ContextHandler (ContextHandler.java:doStart(781)) - Started o.e.j.s.ServletContextHandler@615e3f51{/static,jar:file:/root/.m2/repository/org/apache/hadoop/hadoop-hdds-container-service/0.5.0-SNAPSHOT/hadoop-hdds-container-service-0.5.0-SNAPSHOT.jar!/webapps/static,AVAILABLE}
2019-06-12 19:14:43,281 INFO  handler.ContextHandler (ContextHandler.java:doStart(781)) - Started o.e.j.w.WebAppContext@5e1fc2aa{/,file:///tmp/jetty-0.0.0.0-39515-hddsDatanode-_-any-4616893704576662656.dir/webapp/,AVAILABLE}{/hddsDatanode}
2019-06-12 19:14:43,282 INFO  server.AbstractConnector (AbstractConnector.java:doStart(278)) - Started ServerConnector@688d411b{HTTP/1.1,[http/1.1]}{0.0.0.0:39515}
2019-06-12 19:14:43,282 INFO  server.Server (Server.java:doStart(419)) - Started @3357ms
2019-06-12 19:14:43,283 INFO  server.BaseHttpServer (BaseHttpServer.java:updateConnectorAddress(207)) - HTTP server of HDDSDATANODE is listening at http://0.0.0.0:39515
2019-06-12 19:14:44,099 INFO  ozone.HddsDatanodeService (HddsDatanodeService.java:startPlugins(396)) - Started plug-in org.apache.hadoop.ozone.web.OzoneHddsDatanodeService@30bf26df
2019-06-12 19:14:44,101 INFO  impl.MetricsSystemImpl (MetricsSystemImpl.java:init(158)) - HddsDatanode metrics system started (again)
2019-06-12 19:14:44,101 INFO  ozone.HddsDatanodeService (HddsDatanodeService.java:start(185)) - HddsDatanodeService host:ozone-m98mp-537477102 ip:192.168.19.6
2019-06-12 19:14:44,114 INFO  util.JvmPauseMonitor (JvmPauseMonitor.java:run(188)) - Starting JVM pause monitor
2019-06-12 19:14:44,126 INFO  volume.HddsVolume (HddsVolume.java:<init>(176)) - Creating Volume: /opt/src/hadoop-ozone/integration-test/target/test-dir/MiniOzoneClusterImpl-b1317580-f779-4086-8147-4ac774377abd/datanode-1/data/containers/hdds of  storage type : DISK and capacity : 104021790720
2019-06-12 19:14:44,126 INFO  volume.VolumeSet (VolumeSet.java:initializeVolumeSet(170)) - Added Volume : /opt/src/hadoop-ozone/integration-test/target/test-dir/MiniOzoneClusterImpl-b1317580-f779-4086-8147-4ac774377abd/datanode-1/data/containers/hdds to VolumeSet
2019-06-12 19:14:44,126 INFO  volume.ThrottledAsyncChecker (ThrottledAsyncChecker.java:schedule(140)) - Scheduling a check for org.apache.hadoop.ozone.container.common.volume.HddsVolume@f171912
2019-06-12 19:14:44,134 INFO  volume.HddsVolumeChecker (HddsVolumeChecker.java:checkAllVolumes(203)) - Scheduled health check for volume org.apache.hadoop.ozone.container.common.volume.HddsVolume@f171912
2019-06-12 19:14:44,162 INFO  ratis.XceiverServerRatis (XceiverServerRatis.java:newXceiverServerRatis(401)) - Found a free port for the server : 34053
2019-06-12 19:14:44,163 INFO  impl.RaftServerProxy (ConfUtils.java:logGet(43)) - raft.rpc.type = GRPC (default)
2019-06-12 19:14:44,163 INFO  grpc.GrpcConfigKeys$Server (ConfUtils.java:logGet(43)) - raft.grpc.server.port = 34053 (custom)
2019-06-12 19:14:44,163 INFO  server.GrpcService (ConfUtils.java:logGet(43)) - raft.grpc.message.size.max = 33570816 (custom)
2019-06-12 19:14:44,163 INFO  server.RaftServerConfigKeys (ConfUtils.java:logGet(43)) - raft.server.log.appender.buffer.byte-limit = 33554432 (custom)
2019-06-12 19:14:44,164 INFO  server.GrpcService (ConfUtils.java:logGet(43)) - raft.grpc.flow.control.window = 1MB (=1048576) (default)
2019-06-12 19:14:44,164 INFO  server.RaftServerConfigKeys (ConfUtils.java:logGet(43)) - raft.server.rpc.request.timeout = 3000ms (default)
2019-06-12 19:14:44,164 INFO  server.RaftServerConfigKeys (ConfUtils.java:logGet(43)) - raft.server.storage.dir = [/opt/src/hadoop-ozone/integration-test/target/test-dir/MiniOzoneClusterImpl-b1317580-f779-4086-8147-4ac774377abd/datanode-1/data/ratis] (custom)
2019-06-12 19:14:44,165 INFO  server.XceiverServerGrpc (XceiverServerGrpc.java:<init>(97)) - Found a free port for the server : 45731
2019-06-12 19:14:44,165 INFO  replication.SimpleContainerDownloader (SimpleContainerDownloader.java:<init>(72)) - Starting container downloader service to copy containers to replicate.
2019-06-12 19:14:44,173 INFO  hdfs.DFSUtil (DFSUtil.java:httpServerTemplateForNNAndJN(1641)) - Starting Web-server for hddsDatanode at: http://0.0.0.0:0
2019-06-12 19:14:44,174 INFO  server.AuthenticationFilter (AuthenticationFilter.java:constructSecretProvider(240)) - Unable to initialize FileSignerSecretProvider, falling back to use random secrets.
2019-06-12 19:14:44,175 WARN  http.HttpRequestLog (HttpRequestLog.java:getRequestLog(97)) - Jetty request log can only be enabled using Log4j
2019-06-12 19:14:44,177 INFO  http.HttpServer2 (HttpServer2.java:addGlobalFilter(975)) - Added global filter 'safety' (class=org.apache.hadoop.http.HttpServer2$QuotingInputFilter)
2019-06-12 19:14:44,177 INFO  http.HttpServer2 (HttpServer2.java:addFilter(948)) - Added filter static_user_filter (class=org.apache.hadoop.http.lib.StaticUserWebFilter$StaticUserFilter) to context hddsDatanode
2019-06-12 19:14:44,178 INFO  http.HttpServer2 (HttpServer2.java:addFilter(958)) - Added filter static_user_filter (class=org.apache.hadoop.http.lib.StaticUserWebFilter$StaticUserFilter) to context logs
2019-06-12 19:14:44,178 INFO  http.HttpServer2 (HttpServer2.java:addFilter(958)) - Added filter static_user_filter (class=org.apache.hadoop.http.lib.StaticUserWebFilter$StaticUserFilter) to context static
2019-06-12 19:14:44,178 INFO  http.HttpServer2 (HttpServer2.java:bindListener(1191)) - Jetty bound to port 42635
2019-06-12 19:14:44,179 INFO  server.Server (Server.java:doStart(351)) - jetty-9.3.24.v20180605, build timestamp: 2018-06-05T17:11:56Z, git hash: 84205aa28f11a4f31f2a3b86d1bba2cc8ab69827
2019-06-12 19:14:44,191 INFO  handler.ContextHandler (ContextHandler.java:doStart(781)) - Started o.e.j.s.ServletContextHandler@18b6d3c1{/logs,file:///opt/src/hadoop-ozone/integration-test/target/log,AVAILABLE}
2019-06-12 19:14:44,193 INFO  handler.ContextHandler (ContextHandler.java:doStart(781)) - Started o.e.j.s.ServletContextHandler@3fe512d2{/static,jar:file:/root/.m2/repository/org/apache/hadoop/hadoop-hdds-container-service/0.5.0-SNAPSHOT/hadoop-hdds-container-service-0.5.0-SNAPSHOT.jar!/webapps/static,AVAILABLE}
2019-06-12 19:14:44,217 INFO  handler.ContextHandler (ContextHandler.java:doStart(781)) - Started o.e.j.w.WebAppContext@e7b265e{/,file:///tmp/jetty-0.0.0.0-42635-hddsDatanode-_-any-4977464376597659583.dir/webapp/,AVAILABLE}{/hddsDatanode}
2019-06-12 19:14:44,218 INFO  server.AbstractConnector (AbstractConnector.java:doStart(278)) - Started ServerConnector@51da32e5{HTTP/1.1,[http/1.1]}{0.0.0.0:42635}
2019-06-12 19:14:44,219 INFO  server.Server (Server.java:doStart(419)) - Started @4295ms
2019-06-12 19:14:44,220 INFO  server.BaseHttpServer (BaseHttpServer.java:updateConnectorAddress(207)) - HTTP server of HDDSDATANODE is listening at http://0.0.0.0:42635
2019-06-12 19:14:44,225 INFO  datanode.InitDatanodeState (InitDatanodeState.java:persistContainerDatanodeDetails(140)) - DatanodeDetails is persisted to /opt/src/hadoop-ozone/integration-test/target/test-dir/MiniOzoneClusterImpl-b1317580-f779-4086-8147-4ac774377abd/datanode-0/meta/datanode.id
2019-06-12 19:14:44,360 INFO  ozone.HddsDatanodeService (HddsDatanodeService.java:startPlugins(396)) - Started plug-in org.apache.hadoop.ozone.web.OzoneHddsDatanodeService@1d6751e3
2019-06-12 19:14:44,360 INFO  impl.MetricsSystemImpl (MetricsSystemImpl.java:init(158)) - HddsDatanode metrics system started (again)
2019-06-12 19:14:44,361 INFO  ozone.HddsDatanodeService (HddsDatanodeService.java:start(185)) - HddsDatanodeService host:ozone-m98mp-537477102 ip:192.168.19.6
2019-06-12 19:14:44,373 INFO  util.JvmPauseMonitor (JvmPauseMonitor.java:run(188)) - Starting JVM pause monitor
2019-06-12 19:14:44,382 INFO  volume.HddsVolume (HddsVolume.java:<init>(176)) - Creating Volume: /opt/src/hadoop-ozone/integration-test/target/test-dir/MiniOzoneClusterImpl-b1317580-f779-4086-8147-4ac774377abd/datanode-2/data/containers/hdds of  storage type : DISK and capacity : 104021790720
2019-06-12 19:14:44,383 INFO  volume.VolumeSet (VolumeSet.java:initializeVolumeSet(170)) - Added Volume : /opt/src/hadoop-ozone/integration-test/target/test-dir/MiniOzoneClusterImpl-b1317580-f779-4086-8147-4ac774377abd/datanode-2/data/containers/hdds to VolumeSet
2019-06-12 19:14:44,383 INFO  volume.ThrottledAsyncChecker (ThrottledAsyncChecker.java:schedule(140)) - Scheduling a check for org.apache.hadoop.ozone.container.common.volume.HddsVolume@2e7af36e
2019-06-12 19:14:44,383 INFO  datanode.InitDatanodeState (InitDatanodeState.java:persistContainerDatanodeDetails(140)) - DatanodeDetails is persisted to /opt/src/hadoop-ozone/integration-test/target/test-dir/MiniOzoneClusterImpl-b1317580-f779-4086-8147-4ac774377abd/datanode-1/meta/datanode.id
2019-06-12 19:14:44,386 INFO  volume.HddsVolumeChecker (HddsVolumeChecker.java:checkAllVolumes(203)) - Scheduled health check for volume org.apache.hadoop.ozone.container.common.volume.HddsVolume@2e7af36e
2019-06-12 19:14:44,397 INFO  ratis.XceiverServerRatis (XceiverServerRatis.java:newXceiverServerRatis(401)) - Found a free port for the server : 34417
2019-06-12 19:14:44,398 INFO  impl.RaftServerProxy (ConfUtils.java:logGet(43)) - raft.rpc.type = GRPC (default)
2019-06-12 19:14:44,398 INFO  grpc.GrpcConfigKeys$Server (ConfUtils.java:logGet(43)) - raft.grpc.server.port = 34417 (custom)
2019-06-12 19:14:44,398 INFO  server.GrpcService (ConfUtils.java:logGet(43)) - raft.grpc.message.size.max = 33570816 (custom)
2019-06-12 19:14:44,398 INFO  server.RaftServerConfigKeys (ConfUtils.java:logGet(43)) - raft.server.log.appender.buffer.byte-limit = 33554432 (custom)
2019-06-12 19:14:44,399 INFO  server.GrpcService (ConfUtils.java:logGet(43)) - raft.grpc.flow.control.window = 1MB (=1048576) (default)
2019-06-12 19:14:44,399 INFO  server.RaftServerConfigKeys (ConfUtils.java:logGet(43)) - raft.server.rpc.request.timeout = 3000ms (default)
2019-06-12 19:14:44,399 INFO  server.RaftServerConfigKeys (ConfUtils.java:logGet(43)) - raft.server.storage.dir = [/opt/src/hadoop-ozone/integration-test/target/test-dir/MiniOzoneClusterImpl-b1317580-f779-4086-8147-4ac774377abd/datanode-2/data/ratis] (custom)
2019-06-12 19:14:44,400 INFO  server.XceiverServerGrpc (XceiverServerGrpc.java:<init>(97)) - Found a free port for the server : 34681
2019-06-12 19:14:44,401 INFO  replication.SimpleContainerDownloader (SimpleContainerDownloader.java:<init>(72)) - Starting container downloader service to copy containers to replicate.
2019-06-12 19:14:44,402 INFO  hdfs.DFSUtil (DFSUtil.java:httpServerTemplateForNNAndJN(1641)) - Starting Web-server for hddsDatanode at: http://0.0.0.0:0
2019-06-12 19:14:44,403 INFO  server.AuthenticationFilter (AuthenticationFilter.java:constructSecretProvider(240)) - Unable to initialize FileSignerSecretProvider, falling back to use random secrets.
2019-06-12 19:14:44,403 WARN  http.HttpRequestLog (HttpRequestLog.java:getRequestLog(97)) - Jetty request log can only be enabled using Log4j
2019-06-12 19:14:44,405 INFO  http.HttpServer2 (HttpServer2.java:addGlobalFilter(975)) - Added global filter 'safety' (class=org.apache.hadoop.http.HttpServer2$QuotingInputFilter)
2019-06-12 19:14:44,405 INFO  http.HttpServer2 (HttpServer2.java:addFilter(948)) - Added filter static_user_filter (class=org.apache.hadoop.http.lib.StaticUserWebFilter$StaticUserFilter) to context hddsDatanode
2019-06-12 19:14:44,405 INFO  http.HttpServer2 (HttpServer2.java:addFilter(958)) - Added filter static_user_filter (class=org.apache.hadoop.http.lib.StaticUserWebFilter$StaticUserFilter) to context static
2019-06-12 19:14:44,406 INFO  http.HttpServer2 (HttpServer2.java:addFilter(958)) - Added filter static_user_filter (class=org.apache.hadoop.http.lib.StaticUserWebFilter$StaticUserFilter) to context logs
2019-06-12 19:14:44,406 INFO  http.HttpServer2 (HttpServer2.java:bindListener(1191)) - Jetty bound to port 39259
2019-06-12 19:14:44,406 INFO  server.Server (Server.java:doStart(351)) - jetty-9.3.24.v20180605, build timestamp: 2018-06-05T17:11:56Z, git hash: 84205aa28f11a4f31f2a3b86d1bba2cc8ab69827
2019-06-12 19:14:44,408 INFO  handler.ContextHandler (ContextHandler.java:doStart(781)) - Started o.e.j.s.ServletContextHandler@674da77b{/logs,file:///opt/src/hadoop-ozone/integration-test/target/log,AVAILABLE}
2019-06-12 19:14:44,408 INFO  handler.ContextHandler (ContextHandler.java:doStart(781)) - Started o.e.j.s.ServletContextHandler@6010d0d1{/static,jar:file:/root/.m2/repository/org/apache/hadoop/hadoop-hdds-container-service/0.5.0-SNAPSHOT/hadoop-hdds-container-service-0.5.0-SNAPSHOT.jar!/webapps/static,AVAILABLE}
2019-06-12 19:14:44,430 INFO  handler.ContextHandler (ContextHandler.java:doStart(781)) - Started o.e.j.w.WebAppContext@624b523{/,file:///tmp/jetty-0.0.0.0-39259-hddsDatanode-_-any-1187955420641261766.dir/webapp/,AVAILABLE}{/hddsDatanode}
2019-06-12 19:14:44,431 INFO  server.AbstractConnector (AbstractConnector.java:doStart(278)) - Started ServerConnector@17298aeb{HTTP/1.1,[http/1.1]}{0.0.0.0:39259}
2019-06-12 19:14:44,432 INFO  server.Server (Server.java:doStart(419)) - Started @4508ms
2019-06-12 19:14:44,433 INFO  server.BaseHttpServer (BaseHttpServer.java:updateConnectorAddress(207)) - HTTP server of HDDSDATANODE is listening at http://0.0.0.0:39259
2019-06-12 19:14:44,586 INFO  ozone.HddsDatanodeService (HddsDatanodeService.java:startPlugins(396)) - Started plug-in org.apache.hadoop.ozone.web.OzoneHddsDatanodeService@11c78080
2019-06-12 19:14:44,587 INFO  impl.MetricsSystemImpl (MetricsSystemImpl.java:init(158)) - HddsDatanode metrics system started (again)
2019-06-12 19:14:44,587 INFO  ozone.HddsDatanodeService (HddsDatanodeService.java:start(185)) - HddsDatanodeService host:ozone-m98mp-537477102 ip:192.168.19.6
2019-06-12 19:14:44,591 INFO  util.JvmPauseMonitor (JvmPauseMonitor.java:run(188)) - Starting JVM pause monitor
2019-06-12 19:14:44,595 INFO  datanode.InitDatanodeState (InitDatanodeState.java:persistContainerDatanodeDetails(140)) - DatanodeDetails is persisted to /opt/src/hadoop-ozone/integration-test/target/test-dir/MiniOzoneClusterImpl-b1317580-f779-4086-8147-4ac774377abd/datanode-2/meta/datanode.id
2019-06-12 19:14:44,596 INFO  volume.HddsVolume (HddsVolume.java:<init>(176)) - Creating Volume: /opt/src/hadoop-ozone/integration-test/target/test-dir/MiniOzoneClusterImpl-b1317580-f779-4086-8147-4ac774377abd/datanode-3/data/containers/hdds of  storage type : DISK and capacity : 104021790720
2019-06-12 19:14:44,596 INFO  volume.VolumeSet (VolumeSet.java:initializeVolumeSet(170)) - Added Volume : /opt/src/hadoop-ozone/integration-test/target/test-dir/MiniOzoneClusterImpl-b1317580-f779-4086-8147-4ac774377abd/datanode-3/data/containers/hdds to VolumeSet
2019-06-12 19:14:44,596 INFO  volume.ThrottledAsyncChecker (ThrottledAsyncChecker.java:schedule(140)) - Scheduling a check for org.apache.hadoop.ozone.container.common.volume.HddsVolume@7c11d32
2019-06-12 19:14:44,597 INFO  volume.HddsVolumeChecker (HddsVolumeChecker.java:checkAllVolumes(203)) - Scheduled health check for volume org.apache.hadoop.ozone.container.common.volume.HddsVolume@7c11d32
2019-06-12 19:14:44,610 INFO  ratis.XceiverServerRatis (XceiverServerRatis.java:newXceiverServerRatis(401)) - Found a free port for the server : 38037
2019-06-12 19:14:44,612 INFO  impl.RaftServerProxy (ConfUtils.java:logGet(43)) - raft.rpc.type = GRPC (default)
2019-06-12 19:14:44,612 INFO  grpc.GrpcConfigKeys$Server (ConfUtils.java:logGet(43)) - raft.grpc.server.port = 38037 (custom)
2019-06-12 19:14:44,612 INFO  server.GrpcService (ConfUtils.java:logGet(43)) - raft.grpc.message.size.max = 33570816 (custom)
2019-06-12 19:14:44,613 INFO  server.RaftServerConfigKeys (ConfUtils.java:logGet(43)) - raft.server.log.appender.buffer.byte-limit = 33554432 (custom)
2019-06-12 19:14:44,613 INFO  server.GrpcService (ConfUtils.java:logGet(43)) - raft.grpc.flow.control.window = 1MB (=1048576) (default)
2019-06-12 19:14:44,613 INFO  server.RaftServerConfigKeys (ConfUtils.java:logGet(43)) - raft.server.rpc.request.timeout = 3000ms (default)
2019-06-12 19:14:44,614 INFO  server.RaftServerConfigKeys (ConfUtils.java:logGet(43)) - raft.server.storage.dir = [/opt/src/hadoop-ozone/integration-test/target/test-dir/MiniOzoneClusterImpl-b1317580-f779-4086-8147-4ac774377abd/datanode-3/data/ratis] (custom)
2019-06-12 19:14:44,614 INFO  server.XceiverServerGrpc (XceiverServerGrpc.java:<init>(97)) - Found a free port for the server : 42537
2019-06-12 19:14:44,615 INFO  replication.SimpleContainerDownloader (SimpleContainerDownloader.java:<init>(72)) - Starting container downloader service to copy containers to replicate.
2019-06-12 19:14:44,616 INFO  hdfs.DFSUtil (DFSUtil.java:httpServerTemplateForNNAndJN(1641)) - Starting Web-server for hddsDatanode at: http://0.0.0.0:0
2019-06-12 19:14:44,617 INFO  server.AuthenticationFilter (AuthenticationFilter.java:constructSecretProvider(240)) - Unable to initialize FileSignerSecretProvider, falling back to use random secrets.
2019-06-12 19:14:44,618 WARN  http.HttpRequestLog (HttpRequestLog.java:getRequestLog(97)) - Jetty request log can only be enabled using Log4j
2019-06-12 19:14:44,620 INFO  http.HttpServer2 (HttpServer2.java:addGlobalFilter(975)) - Added global filter 'safety' (class=org.apache.hadoop.http.HttpServer2$QuotingInputFilter)
2019-06-12 19:14:44,620 INFO  http.HttpServer2 (HttpServer2.java:addFilter(948)) - Added filter static_user_filter (class=org.apache.hadoop.http.lib.StaticUserWebFilter$StaticUserFilter) to context hddsDatanode
2019-06-12 19:14:44,620 INFO  http.HttpServer2 (HttpServer2.java:addFilter(958)) - Added filter static_user_filter (class=org.apache.hadoop.http.lib.StaticUserWebFilter$StaticUserFilter) to context logs
2019-06-12 19:14:44,621 INFO  http.HttpServer2 (HttpServer2.java:addFilter(958)) - Added filter static_user_filter (class=org.apache.hadoop.http.lib.StaticUserWebFilter$StaticUserFilter) to context static
2019-06-12 19:14:44,621 INFO  http.HttpServer2 (HttpServer2.java:bindListener(1191)) - Jetty bound to port 35549
2019-06-12 19:14:44,622 INFO  server.Server (Server.java:doStart(351)) - jetty-9.3.24.v20180605, build timestamp: 2018-06-05T17:11:56Z, git hash: 84205aa28f11a4f31f2a3b86d1bba2cc8ab69827
2019-06-12 19:14:44,624 INFO  handler.ContextHandler (ContextHandler.java:doStart(781)) - Started o.e.j.s.ServletContextHandler@25974207{/logs,file:///opt/src/hadoop-ozone/integration-test/target/log,AVAILABLE}
2019-06-12 19:14:44,625 INFO  handler.ContextHandler (ContextHandler.java:doStart(781)) - Started o.e.j.s.ServletContextHandler@195113de{/static,jar:file:/root/.m2/repository/org/apache/hadoop/hadoop-hdds-container-service/0.5.0-SNAPSHOT/hadoop-hdds-container-service-0.5.0-SNAPSHOT.jar!/webapps/static,AVAILABLE}
2019-06-12 19:14:44,647 INFO  handler.ContextHandler (ContextHandler.java:doStart(781)) - Started o.e.j.w.WebAppContext@74c9e11{/,file:///tmp/jetty-0.0.0.0-35549-hddsDatanode-_-any-2358448286221740958.dir/webapp/,AVAILABLE}{/hddsDatanode}
2019-06-12 19:14:44,648 INFO  server.AbstractConnector (AbstractConnector.java:doStart(278)) - Started ServerConnector@51586e0b{HTTP/1.1,[http/1.1]}{0.0.0.0:35549}
2019-06-12 19:14:44,649 INFO  server.Server (Server.java:doStart(419)) - Started @4725ms
2019-06-12 19:14:44,650 INFO  server.BaseHttpServer (BaseHttpServer.java:updateConnectorAddress(207)) - HTTP server of HDDSDATANODE is listening at http://0.0.0.0:35549
2019-06-12 19:14:44,767 INFO  ozone.HddsDatanodeService (HddsDatanodeService.java:startPlugins(396)) - Started plug-in org.apache.hadoop.ozone.web.OzoneHddsDatanodeService@601d6622
2019-06-12 19:14:44,768 INFO  impl.MetricsSystemImpl (MetricsSystemImpl.java:init(158)) - HddsDatanode metrics system started (again)
2019-06-12 19:14:44,768 INFO  ozone.HddsDatanodeService (HddsDatanodeService.java:start(185)) - HddsDatanodeService host:ozone-m98mp-537477102 ip:192.168.19.6
2019-06-12 19:14:44,771 INFO  util.JvmPauseMonitor (JvmPauseMonitor.java:run(188)) - Starting JVM pause monitor
2019-06-12 19:14:44,773 INFO  datanode.InitDatanodeState (InitDatanodeState.java:persistContainerDatanodeDetails(140)) - DatanodeDetails is persisted to /opt/src/hadoop-ozone/integration-test/target/test-dir/MiniOzoneClusterImpl-b1317580-f779-4086-8147-4ac774377abd/datanode-3/meta/datanode.id
2019-06-12 19:14:44,779 INFO  volume.HddsVolume (HddsVolume.java:<init>(176)) - Creating Volume: /opt/src/hadoop-ozone/integration-test/target/test-dir/MiniOzoneClusterImpl-b1317580-f779-4086-8147-4ac774377abd/datanode-4/data/containers/hdds of  storage type : DISK and capacity : 104021790720
2019-06-12 19:14:44,779 INFO  volume.VolumeSet (VolumeSet.java:initializeVolumeSet(170)) - Added Volume : /opt/src/hadoop-ozone/integration-test/target/test-dir/MiniOzoneClusterImpl-b1317580-f779-4086-8147-4ac774377abd/datanode-4/data/containers/hdds to VolumeSet
2019-06-12 19:14:44,779 INFO  volume.ThrottledAsyncChecker (ThrottledAsyncChecker.java:schedule(140)) - Scheduling a check for org.apache.hadoop.ozone.container.common.volume.HddsVolume@57186526
2019-06-12 19:14:44,782 INFO  volume.HddsVolumeChecker (HddsVolumeChecker.java:checkAllVolumes(203)) - Scheduled health check for volume org.apache.hadoop.ozone.container.common.volume.HddsVolume@57186526
2019-06-12 19:14:44,791 INFO  ratis.XceiverServerRatis (XceiverServerRatis.java:newXceiverServerRatis(401)) - Found a free port for the server : 35307
2019-06-12 19:14:44,792 INFO  impl.RaftServerProxy (ConfUtils.java:logGet(43)) - raft.rpc.type = GRPC (default)
2019-06-12 19:14:44,793 INFO  grpc.GrpcConfigKeys$Server (ConfUtils.java:logGet(43)) - raft.grpc.server.port = 35307 (custom)
2019-06-12 19:14:44,793 INFO  server.GrpcService (ConfUtils.java:logGet(43)) - raft.grpc.message.size.max = 33570816 (custom)
2019-06-12 19:14:44,793 INFO  server.RaftServerConfigKeys (ConfUtils.java:logGet(43)) - raft.server.log.appender.buffer.byte-limit = 33554432 (custom)
2019-06-12 19:14:44,793 INFO  server.GrpcService (ConfUtils.java:logGet(43)) - raft.grpc.flow.control.window = 1MB (=1048576) (default)
2019-06-12 19:14:44,794 INFO  server.RaftServerConfigKeys (ConfUtils.java:logGet(43)) - raft.server.rpc.request.timeout = 3000ms (default)
2019-06-12 19:14:44,794 INFO  server.RaftServerConfigKeys (ConfUtils.java:logGet(43)) - raft.server.storage.dir = [/opt/src/hadoop-ozone/integration-test/target/test-dir/MiniOzoneClusterImpl-b1317580-f779-4086-8147-4ac774377abd/datanode-4/data/ratis] (custom)
2019-06-12 19:14:44,795 INFO  server.XceiverServerGrpc (XceiverServerGrpc.java:<init>(97)) - Found a free port for the server : 44907
2019-06-12 19:14:44,795 INFO  replication.SimpleContainerDownloader (SimpleContainerDownloader.java:<init>(72)) - Starting container downloader service to copy containers to replicate.
2019-06-12 19:14:44,796 INFO  hdfs.DFSUtil (DFSUtil.java:httpServerTemplateForNNAndJN(1641)) - Starting Web-server for hddsDatanode at: http://0.0.0.0:0
2019-06-12 19:14:44,797 INFO  server.AuthenticationFilter (AuthenticationFilter.java:constructSecretProvider(240)) - Unable to initialize FileSignerSecretProvider, falling back to use random secrets.
2019-06-12 19:14:44,801 WARN  http.HttpRequestLog (HttpRequestLog.java:getRequestLog(97)) - Jetty request log can only be enabled using Log4j
2019-06-12 19:14:44,802 INFO  http.HttpServer2 (HttpServer2.java:addGlobalFilter(975)) - Added global filter 'safety' (class=org.apache.hadoop.http.HttpServer2$QuotingInputFilter)
2019-06-12 19:14:44,803 INFO  http.HttpServer2 (HttpServer2.java:addFilter(948)) - Added filter static_user_filter (class=org.apache.hadoop.http.lib.StaticUserWebFilter$StaticUserFilter) to context hddsDatanode
2019-06-12 19:14:44,803 INFO  http.HttpServer2 (HttpServer2.java:addFilter(958)) - Added filter static_user_filter (class=org.apache.hadoop.http.lib.StaticUserWebFilter$StaticUserFilter) to context logs
2019-06-12 19:14:44,803 INFO  http.HttpServer2 (HttpServer2.java:addFilter(958)) - Added filter static_user_filter (class=org.apache.hadoop.http.lib.StaticUserWebFilter$StaticUserFilter) to context static
2019-06-12 19:14:44,803 INFO  http.HttpServer2 (HttpServer2.java:bindListener(1191)) - Jetty bound to port 44353
2019-06-12 19:14:44,804 INFO  server.Server (Server.java:doStart(351)) - jetty-9.3.24.v20180605, build timestamp: 2018-06-05T17:11:56Z, git hash: 84205aa28f11a4f31f2a3b86d1bba2cc8ab69827
2019-06-12 19:14:44,806 INFO  handler.ContextHandler (ContextHandler.java:doStart(781)) - Started o.e.j.s.ServletContextHandler@48cd319d{/logs,file:///opt/src/hadoop-ozone/integration-test/target/log,AVAILABLE}
2019-06-12 19:14:44,806 INFO  handler.ContextHandler (ContextHandler.java:doStart(781)) - Started o.e.j.s.ServletContextHandler@4ef18604{/static,jar:file:/root/.m2/repository/org/apache/hadoop/hadoop-hdds-container-service/0.5.0-SNAPSHOT/hadoop-hdds-container-service-0.5.0-SNAPSHOT.jar!/webapps/static,AVAILABLE}
2019-06-12 19:14:44,829 INFO  handler.ContextHandler (ContextHandler.java:doStart(781)) - Started o.e.j.w.WebAppContext@543fe698{/,file:///tmp/jetty-0.0.0.0-44353-hddsDatanode-_-any-7229470833660955616.dir/webapp/,AVAILABLE}{/hddsDatanode}
2019-06-12 19:14:44,834 INFO  server.AbstractConnector (AbstractConnector.java:doStart(278)) - Started ServerConnector@6b2fdffc{HTTP/1.1,[http/1.1]}{0.0.0.0:44353}
2019-06-12 19:14:44,834 INFO  server.Server (Server.java:doStart(419)) - Started @4910ms
2019-06-12 19:14:44,839 INFO  server.BaseHttpServer (BaseHttpServer.java:updateConnectorAddress(207)) - HTTP server of HDDSDATANODE is listening at http://0.0.0.0:44353
2019-06-12 19:14:44,951 INFO  ozone.HddsDatanodeService (HddsDatanodeService.java:startPlugins(396)) - Started plug-in org.apache.hadoop.ozone.web.OzoneHddsDatanodeService@20256a0b
2019-06-12 19:14:44,951 INFO  impl.MetricsSystemImpl (MetricsSystemImpl.java:init(158)) - HddsDatanode metrics system started (again)
2019-06-12 19:14:44,951 INFO  ozone.HddsDatanodeService (HddsDatanodeService.java:start(185)) - HddsDatanodeService host:ozone-m98mp-537477102 ip:192.168.19.6
2019-06-12 19:14:44,953 INFO  util.JvmPauseMonitor (JvmPauseMonitor.java:run(188)) - Starting JVM pause monitor
2019-06-12 19:14:44,955 INFO  datanode.InitDatanodeState (InitDatanodeState.java:persistContainerDatanodeDetails(140)) - DatanodeDetails is persisted to /opt/src/hadoop-ozone/integration-test/target/test-dir/MiniOzoneClusterImpl-b1317580-f779-4086-8147-4ac774377abd/datanode-4/meta/datanode.id
2019-06-12 19:14:44,962 INFO  volume.HddsVolume (HddsVolume.java:<init>(176)) - Creating Volume: /opt/src/hadoop-ozone/integration-test/target/test-dir/MiniOzoneClusterImpl-b1317580-f779-4086-8147-4ac774377abd/datanode-5/data/containers/hdds of  storage type : DISK and capacity : 104021790720
2019-06-12 19:14:44,962 INFO  volume.VolumeSet (VolumeSet.java:initializeVolumeSet(170)) - Added Volume : /opt/src/hadoop-ozone/integration-test/target/test-dir/MiniOzoneClusterImpl-b1317580-f779-4086-8147-4ac774377abd/datanode-5/data/containers/hdds to VolumeSet
2019-06-12 19:14:44,962 INFO  volume.ThrottledAsyncChecker (ThrottledAsyncChecker.java:schedule(140)) - Scheduling a check for org.apache.hadoop.ozone.container.common.volume.HddsVolume@7364f68
2019-06-12 19:14:44,966 INFO  volume.HddsVolumeChecker (HddsVolumeChecker.java:checkAllVolumes(203)) - Scheduled health check for volume org.apache.hadoop.ozone.container.common.volume.HddsVolume@7364f68
2019-06-12 19:14:44,977 INFO  ratis.XceiverServerRatis (XceiverServerRatis.java:newXceiverServerRatis(401)) - Found a free port for the server : 36373
2019-06-12 19:14:44,978 INFO  impl.RaftServerProxy (ConfUtils.java:logGet(43)) - raft.rpc.type = GRPC (default)
2019-06-12 19:14:44,978 INFO  grpc.GrpcConfigKeys$Server (ConfUtils.java:logGet(43)) - raft.grpc.server.port = 36373 (custom)
2019-06-12 19:14:44,979 INFO  server.GrpcService (ConfUtils.java:logGet(43)) - raft.grpc.message.size.max = 33570816 (custom)
2019-06-12 19:14:44,979 INFO  server.RaftServerConfigKeys (ConfUtils.java:logGet(43)) - raft.server.log.appender.buffer.byte-limit = 33554432 (custom)
2019-06-12 19:14:44,979 INFO  server.GrpcService (ConfUtils.java:logGet(43)) - raft.grpc.flow.control.window = 1MB (=1048576) (default)
2019-06-12 19:14:44,979 INFO  server.RaftServerConfigKeys (ConfUtils.java:logGet(43)) - raft.server.rpc.request.timeout = 3000ms (default)
2019-06-12 19:14:44,980 INFO  server.RaftServerConfigKeys (ConfUtils.java:logGet(43)) - raft.server.storage.dir = [/opt/src/hadoop-ozone/integration-test/target/test-dir/MiniOzoneClusterImpl-b1317580-f779-4086-8147-4ac774377abd/datanode-5/data/ratis] (custom)
2019-06-12 19:14:44,980 INFO  server.XceiverServerGrpc (XceiverServerGrpc.java:<init>(97)) - Found a free port for the server : 35055
2019-06-12 19:14:44,981 INFO  replication.SimpleContainerDownloader (SimpleContainerDownloader.java:<init>(72)) - Starting container downloader service to copy containers to replicate.
2019-06-12 19:14:44,982 INFO  hdfs.DFSUtil (DFSUtil.java:httpServerTemplateForNNAndJN(1641)) - Starting Web-server for hddsDatanode at: http://0.0.0.0:0
2019-06-12 19:14:44,983 INFO  server.AuthenticationFilter (AuthenticationFilter.java:constructSecretProvider(240)) - Unable to initialize FileSignerSecretProvider, falling back to use random secrets.
2019-06-12 19:14:44,983 WARN  http.HttpRequestLog (HttpRequestLog.java:getRequestLog(97)) - Jetty request log can only be enabled using Log4j
2019-06-12 19:14:44,985 INFO  http.HttpServer2 (HttpServer2.java:addGlobalFilter(975)) - Added global filter 'safety' (class=org.apache.hadoop.http.HttpServer2$QuotingInputFilter)
2019-06-12 19:14:44,985 INFO  http.HttpServer2 (HttpServer2.java:addFilter(948)) - Added filter static_user_filter (class=org.apache.hadoop.http.lib.StaticUserWebFilter$StaticUserFilter) to context hddsDatanode
2019-06-12 19:14:44,985 INFO  http.HttpServer2 (HttpServer2.java:addFilter(958)) - Added filter static_user_filter (class=org.apache.hadoop.http.lib.StaticUserWebFilter$StaticUserFilter) to context logs
2019-06-12 19:14:44,985 INFO  http.HttpServer2 (HttpServer2.java:addFilter(958)) - Added filter static_user_filter (class=org.apache.hadoop.http.lib.StaticUserWebFilter$StaticUserFilter) to context static
2019-06-12 19:14:44,986 INFO  http.HttpServer2 (HttpServer2.java:bindListener(1191)) - Jetty bound to port 34517
2019-06-12 19:14:44,986 INFO  server.Server (Server.java:doStart(351)) - jetty-9.3.24.v20180605, build timestamp: 2018-06-05T17:11:56Z, git hash: 84205aa28f11a4f31f2a3b86d1bba2cc8ab69827
2019-06-12 19:14:44,989 INFO  handler.ContextHandler (ContextHandler.java:doStart(781)) - Started o.e.j.s.ServletContextHandler@5122e4bf{/logs,file:///opt/src/hadoop-ozone/integration-test/target/log,AVAILABLE}
2019-06-12 19:14:44,989 INFO  handler.ContextHandler (ContextHandler.java:doStart(781)) - Started o.e.j.s.ServletContextHandler@58a7dc4{/static,jar:file:/root/.m2/repository/org/apache/hadoop/hadoop-hdds-container-service/0.5.0-SNAPSHOT/hadoop-hdds-container-service-0.5.0-SNAPSHOT.jar!/webapps/static,AVAILABLE}
2019-06-12 19:14:45,011 INFO  handler.ContextHandler (ContextHandler.java:doStart(781)) - Started o.e.j.w.WebAppContext@578c3fd9{/,file:///tmp/jetty-0.0.0.0-34517-hddsDatanode-_-any-7164908579724329653.dir/webapp/,AVAILABLE}{/hddsDatanode}
2019-06-12 19:14:45,012 INFO  server.AbstractConnector (AbstractConnector.java:doStart(278)) - Started ServerConnector@245cb8df{HTTP/1.1,[http/1.1]}{0.0.0.0:34517}
2019-06-12 19:14:45,012 INFO  server.Server (Server.java:doStart(419)) - Started @5088ms
2019-06-12 19:14:45,013 INFO  server.BaseHttpServer (BaseHttpServer.java:updateConnectorAddress(207)) - HTTP server of HDDSDATANODE is listening at http://0.0.0.0:34517
2019-06-12 19:14:45,133 INFO  ozone.HddsDatanodeService (HddsDatanodeService.java:startPlugins(396)) - Started plug-in org.apache.hadoop.ozone.web.OzoneHddsDatanodeService@28daf506
2019-06-12 19:14:45,139 INFO  ozone.MiniOzoneClusterImpl (MiniOzoneClusterImpl.java:lambda$waitForClusterToBeReady$0(142)) - Waiting for cluster to be ready. Got 0 of 6 DN Heartbeats.
2019-06-12 19:14:45,154 INFO  util.JvmPauseMonitor (JvmPauseMonitor.java:run(188)) - Starting JVM pause monitor
2019-06-12 19:14:45,156 INFO  datanode.InitDatanodeState (InitDatanodeState.java:persistContainerDatanodeDetails(140)) - DatanodeDetails is persisted to /opt/src/hadoop-ozone/integration-test/target/test-dir/MiniOzoneClusterImpl-b1317580-f779-4086-8147-4ac774377abd/datanode-5/meta/datanode.id
2019-06-12 19:14:46,134 INFO  ozoneimpl.OzoneContainer (OzoneContainer.java:start(186)) - Attempting to start container services.
2019-06-12 19:14:46,134 INFO  ozoneimpl.OzoneContainer (OzoneContainer.java:startContainerScrub(160)) - Background container scrubber has been disabled by hdds.containerscrub.enabled
2019-06-12 19:14:46,134 INFO  ratis.XceiverServerRatis (XceiverServerRatis.java:start(418)) - Starting XceiverServerRatis 01a34482-c46d-4df3-8915-0c7b7b184ed5 at port 34489
2019-06-12 19:14:46,139 INFO  ozone.MiniOzoneClusterImpl (MiniOzoneClusterImpl.java:lambda$waitForClusterToBeReady$0(142)) - Waiting for cluster to be ready. Got 0 of 6 DN Heartbeats.
2019-06-12 19:14:46,147 INFO  impl.RaftServerProxy (RaftServerProxy.java:lambda$start$3(299)) - 01a34482-c46d-4df3-8915-0c7b7b184ed5: start RPC server
2019-06-12 19:14:46,283 INFO  server.GrpcService (GrpcService.java:startImpl(148)) - 01a34482-c46d-4df3-8915-0c7b7b184ed5: GrpcService started, listening on 0.0.0.0/0.0.0.0:34489
2019-06-12 19:14:46,375 INFO  ozoneimpl.OzoneContainer (OzoneContainer.java:start(186)) - Attempting to start container services.
2019-06-12 19:14:46,376 INFO  ozoneimpl.OzoneContainer (OzoneContainer.java:startContainerScrub(160)) - Background container scrubber has been disabled by hdds.containerscrub.enabled
2019-06-12 19:14:46,376 INFO  ratis.XceiverServerRatis (XceiverServerRatis.java:start(418)) - Starting XceiverServerRatis 474081f4-98ab-4666-b66d-863cb91e4ce0 at port 34053
2019-06-12 19:14:46,385 INFO  impl.RaftServerProxy (RaftServerProxy.java:lambda$start$3(299)) - 474081f4-98ab-4666-b66d-863cb91e4ce0: start RPC server
2019-06-12 19:14:46,388 INFO  server.GrpcService (GrpcService.java:startImpl(148)) - 474081f4-98ab-4666-b66d-863cb91e4ce0: GrpcService started, listening on 0.0.0.0/0.0.0.0:34053
2019-06-12 19:14:46,595 INFO  ozoneimpl.OzoneContainer (OzoneContainer.java:start(186)) - Attempting to start container services.
2019-06-12 19:14:46,597 INFO  ozoneimpl.OzoneContainer (OzoneContainer.java:startContainerScrub(160)) - Background container scrubber has been disabled by hdds.containerscrub.enabled
2019-06-12 19:14:46,597 INFO  ratis.XceiverServerRatis (XceiverServerRatis.java:start(418)) - Starting XceiverServerRatis f97e7c7e-ed75-4576-92e0-8518368970d2 at port 34417
2019-06-12 19:14:46,601 INFO  impl.RaftServerProxy (RaftServerProxy.java:lambda$start$3(299)) - f97e7c7e-ed75-4576-92e0-8518368970d2: start RPC server
2019-06-12 19:14:46,605 INFO  server.GrpcService (GrpcService.java:startImpl(148)) - f97e7c7e-ed75-4576-92e0-8518368970d2: GrpcService started, listening on 0.0.0.0/0.0.0.0:34417
2019-06-12 19:14:46,775 INFO  ozoneimpl.OzoneContainer (OzoneContainer.java:start(186)) - Attempting to start container services.
2019-06-12 19:14:46,777 INFO  ozoneimpl.OzoneContainer (OzoneContainer.java:startContainerScrub(160)) - Background container scrubber has been disabled by hdds.containerscrub.enabled
2019-06-12 19:14:46,777 INFO  ratis.XceiverServerRatis (XceiverServerRatis.java:start(418)) - Starting XceiverServerRatis 9f047930-6d83-4636-ba44-982af7eec4da at port 38037
2019-06-12 19:14:46,782 INFO  impl.RaftServerProxy (RaftServerProxy.java:lambda$start$3(299)) - 9f047930-6d83-4636-ba44-982af7eec4da: start RPC server
2019-06-12 19:14:46,784 INFO  server.GrpcService (GrpcService.java:startImpl(148)) - 9f047930-6d83-4636-ba44-982af7eec4da: GrpcService started, listening on 0.0.0.0/0.0.0.0:38037
2019-06-12 19:14:46,958 INFO  ozoneimpl.OzoneContainer (OzoneContainer.java:start(186)) - Attempting to start container services.
2019-06-12 19:14:46,959 INFO  ozoneimpl.OzoneContainer (OzoneContainer.java:startContainerScrub(160)) - Background container scrubber has been disabled by hdds.containerscrub.enabled
2019-06-12 19:14:46,959 INFO  ratis.XceiverServerRatis (XceiverServerRatis.java:start(418)) - Starting XceiverServerRatis ea7ee8fc-a15b-4f2c-83ce-f1a420f63a3d at port 35307
2019-06-12 19:14:46,965 INFO  impl.RaftServerProxy (RaftServerProxy.java:lambda$start$3(299)) - ea7ee8fc-a15b-4f2c-83ce-f1a420f63a3d: start RPC server
2019-06-12 19:14:46,967 INFO  server.GrpcService (GrpcService.java:startImpl(148)) - ea7ee8fc-a15b-4f2c-83ce-f1a420f63a3d: GrpcService started, listening on 0.0.0.0/0.0.0.0:35307
2019-06-12 19:14:47,139 INFO  ozone.MiniOzoneClusterImpl (MiniOzoneClusterImpl.java:lambda$waitForClusterToBeReady$0(142)) - Waiting for cluster to be ready. Got 0 of 6 DN Heartbeats.
2019-06-12 19:14:47,158 INFO  ozoneimpl.OzoneContainer (OzoneContainer.java:start(186)) - Attempting to start container services.
2019-06-12 19:14:47,160 INFO  ozoneimpl.OzoneContainer (OzoneContainer.java:startContainerScrub(160)) - Background container scrubber has been disabled by hdds.containerscrub.enabled
2019-06-12 19:14:47,161 INFO  ratis.XceiverServerRatis (XceiverServerRatis.java:start(418)) - Starting XceiverServerRatis bc6c7ac5-51b7-479e-aac3-40cb5cdf6e14 at port 36373
2019-06-12 19:14:47,164 INFO  impl.RaftServerProxy (RaftServerProxy.java:lambda$start$3(299)) - bc6c7ac5-51b7-479e-aac3-40cb5cdf6e14: start RPC server
2019-06-12 19:14:47,166 INFO  server.GrpcService (GrpcService.java:startImpl(148)) - bc6c7ac5-51b7-479e-aac3-40cb5cdf6e14: GrpcService started, listening on 0.0.0.0/0.0.0.0:36373
2019-06-12 19:14:48,134 INFO  node.SCMNodeManager (SCMNodeManager.java:register(234)) - Registered Data node : 01a34482-c46d-4df3-8915-0c7b7b184ed5{ip: 192.168.19.6, host: ozone-m98mp-537477102, networkLocation: /default-rack, certSerialId: null}
2019-06-12 19:14:48,140 INFO  safemode.SCMSafeModeManager (DataNodeSafeModeRule.java:process(71)) - SCM in safe mode. 1 DataNodes registered, 1 required.
2019-06-12 19:14:48,140 INFO  ozone.MiniOzoneClusterImpl (MiniOzoneClusterImpl.java:lambda$waitForClusterToBeReady$0(142)) - Waiting for cluster to be ready. Got 1 of 6 DN Heartbeats.
2019-06-12 19:14:48,142 INFO  safemode.SCMSafeModeManager (SCMSafeModeManager.java:validateSafeModeExitRules(177)) - ScmSafeModeManager, all rules are successfully validated
2019-06-12 19:14:48,143 INFO  safemode.SCMSafeModeManager (SCMSafeModeManager.java:exitSafeMode(193)) - SCM exiting safe mode.
2019-06-12 19:14:48,380 INFO  node.SCMNodeManager (SCMNodeManager.java:register(234)) - Registered Data node : 474081f4-98ab-4666-b66d-863cb91e4ce0{ip: 192.168.19.6, host: ozone-m98mp-537477102, networkLocation: /default-rack, certSerialId: null}
2019-06-12 19:14:48,487 INFO  impl.RaftServerProxy (RaftServerProxy.java:addNew(89)) - 01a34482-c46d-4df3-8915-0c7b7b184ed5: addNew group-A079E7A23547:[01a34482-c46d-4df3-8915-0c7b7b184ed5:192.168.19.6:34489] returns group-A079E7A23547:java.util.concurrent.CompletableFuture@3f142f10[Not completed]
2019-06-12 19:14:48,492 INFO  impl.RaftServerImpl (RaftServerImpl.java:<init>(91)) - 01a34482-c46d-4df3-8915-0c7b7b184ed5: new RaftServerImpl for group-A079E7A23547:[01a34482-c46d-4df3-8915-0c7b7b184ed5:192.168.19.6:34489] with ContainerStateMachine:uninitialized
2019-06-12 19:14:48,493 INFO  server.RaftServerConfigKeys (ConfUtils.java:logGet(43)) - raft.server.rpc.timeout.min = 1s (custom)
2019-06-12 19:14:48,493 INFO  server.RaftServerConfigKeys (ConfUtils.java:logGet(43)) - raft.server.rpc.timeout.max = 1200ms (custom)
2019-06-12 19:14:48,493 INFO  server.RaftServerConfigKeys (ConfUtils.java:logGet(43)) - raft.server.rpcslowness.timeout = 10s (custom)
2019-06-12 19:14:48,494 INFO  server.RaftServerConfigKeys (ConfUtils.java:logGet(43)) - raft.server.log.appender.install.snapshot.enabled = true (default)
2019-06-12 19:14:48,501 INFO  impl.RaftServerImpl (ServerState.java:<init>(101)) - 01a34482-c46d-4df3-8915-0c7b7b184ed5:group-A079E7A23547 ConfigurationManager, init=-1: [01a34482-c46d-4df3-8915-0c7b7b184ed5:192.168.19.6:34489], old=null, confs=<EMPTY_MAP>
2019-06-12 19:14:48,501 INFO  server.RaftServerConfigKeys (ConfUtils.java:logGet(43)) - raft.server.storage.dir = [/opt/src/hadoop-ozone/integration-test/target/test-dir/MiniOzoneClusterImpl-b1317580-f779-4086-8147-4ac774377abd/datanode-0/data/ratis] (custom)
2019-06-12 19:14:48,506 INFO  storage.RaftStorageDirectory (RaftStorageDirectory.java:analyzeStorage(246)) - The storage directory /opt/src/hadoop-ozone/integration-test/target/test-dir/MiniOzoneClusterImpl-b1317580-f779-4086-8147-4ac774377abd/datanode-0/data/ratis/64cd18e4-4385-476c-982e-a079e7a23547 does not exist. Creating ...
2019-06-12 19:14:48,510 INFO  storage.RaftStorageDirectory (RaftStorageDirectory.java:tryLock(328)) - Lock on /opt/src/hadoop-ozone/integration-test/target/test-dir/MiniOzoneClusterImpl-b1317580-f779-4086-8147-4ac774377abd/datanode-0/data/ratis/64cd18e4-4385-476c-982e-a079e7a23547/in_use.lock acquired by nodename 10129@ozone-m98mp-537477102
2019-06-12 19:14:48,514 INFO  storage.RaftStorage (RaftStorage.java:format(75)) - Storage directory /opt/src/hadoop-ozone/integration-test/target/test-dir/MiniOzoneClusterImpl-b1317580-f779-4086-8147-4ac774377abd/datanode-0/data/ratis/64cd18e4-4385-476c-982e-a079e7a23547 has been successfully formatted.
2019-06-12 19:14:48,515 INFO  ratis.ContainerStateMachine (ContainerStateMachine.java:loadSnapshot(199)) - The snapshot info is null.Setting the last applied index to:(t:0, i:~)
2019-06-12 19:14:48,515 INFO  server.RaftServerConfigKeys (ConfUtils.java:logGet(43)) - raft.server.leader.election.timeout = 10s (custom)
2019-06-12 19:14:48,517 INFO  server.RaftServerConfigKeys (ConfUtils.java:logGet(43)) - raft.server.log.use.memory = false (default)
2019-06-12 19:14:48,519 INFO  server.RaftServerConfigKeys (ConfUtils.java:logGet(43)) - raft.server.log.appender.buffer.byte-limit = 33554432 (custom)
2019-06-12 19:14:48,521 INFO  server.RaftServerConfigKeys (ConfUtils.java:logGet(43)) - raft.server.log.segment.size.max = 16384 (custom)
2019-06-12 19:14:48,524 INFO  server.RaftServerConfigKeys (ConfUtils.java:logGet(43)) - raft.server.log.segment.cache.num.max = 2 (custom)
2019-06-12 19:14:48,648 INFO  storage.RaftLogWorker (RaftLogWorker.java:<init>(123)) - new 01a34482-c46d-4df3-8915-0c7b7b184ed5-RaftLogWorker for Storage Directory /opt/src/hadoop-ozone/integration-test/target/test-dir/MiniOzoneClusterImpl-b1317580-f779-4086-8147-4ac774377abd/datanode-0/data/ratis/64cd18e4-4385-476c-982e-a079e7a23547
2019-06-12 19:14:48,649 INFO  node.SCMNodeManager (SCMNodeManager.java:register(234)) - Registered Data node : f97e7c7e-ed75-4576-92e0-8518368970d2{ip: 192.168.19.6, host: ozone-m98mp-537477102, networkLocation: /default-rack, certSerialId: null}
2019-06-12 19:14:48,649 INFO  server.RaftServerConfigKeys (ConfUtils.java:logGet(43)) - raft.server.log.queue.byte-limit = 2147483647 (custom)
2019-06-12 19:14:48,650 INFO  server.RaftServerConfigKeys (ConfUtils.java:logGet(43)) - raft.server.log.queue.element-limit = 1024 (custom)
2019-06-12 19:14:48,652 INFO  server.RaftServerConfigKeys (ConfUtils.java:logGet(43)) - raft.server.log.segment.size.max = 16384 (custom)
2019-06-12 19:14:48,652 INFO  server.RaftServerConfigKeys (ConfUtils.java:logGet(43)) - raft.server.log.preallocated.size = 16384 (custom)
2019-06-12 19:14:48,653 INFO  server.RaftServerConfigKeys (ConfUtils.java:logGet(43)) - raft.server.log.write.buffer.size = 33554432 (custom)
2019-06-12 19:14:48,653 INFO  server.RaftServerConfigKeys (ConfUtils.java:logGet(43)) - raft.server.log.force.sync.num = 128 (default)
2019-06-12 19:14:48,654 INFO  server.RaftServerConfigKeys (ConfUtils.java:logGet(43)) - raft.server.log.statemachine.data.sync = true (default)
2019-06-12 19:14:48,654 INFO  server.RaftServerConfigKeys (ConfUtils.java:logGet(43)) - raft.server.log.statemachine.data.sync.timeout = 10s (default)
2019-06-12 19:14:48,655 INFO  server.RaftServerConfigKeys (ConfUtils.java:logGet(43)) - raft.server.log.statemachine.data.sync.timeout.retry = -1 (default)
2019-06-12 19:14:48,658 INFO  server.RaftServerConfigKeys (ConfUtils.java:logGet(43)) - raft.server.log.statemachine.data.caching.enabled = true (custom)
2019-06-12 19:14:48,664 INFO  server.RaftServerConfigKeys (ConfUtils.java:logGet(43)) - raft.server.snapshot.auto.trigger.enabled = true (custom)
2019-06-12 19:14:48,665 INFO  server.RaftServerConfigKeys (ConfUtils.java:logGet(43)) - raft.server.snapshot.auto.trigger.threshold = 10000 (custom)
2019-06-12 19:14:48,665 INFO  server.RaftServerConfigKeys (ConfUtils.java:logGet(43)) - raft.server.retrycache.expirytime = 600000ms (custom)
2019-06-12 19:14:48,684 INFO  impl.RaftServerImpl (RaftServerImpl.java:start(173)) - 01a34482-c46d-4df3-8915-0c7b7b184ed5: start group-A079E7A23547
2019-06-12 19:14:48,685 INFO  impl.RaftServerImpl (RaftServerImpl.java:setRole(164)) - 01a34482-c46d-4df3-8915-0c7b7b184ed5:group-A079E7A23547 changes role from null to FOLLOWER at term 0 for startAsFollower
2019-06-12 19:14:48,686 INFO  impl.RoleInfo (RoleInfo.java:updateAndGet(143)) - 01a34482-c46d-4df3-8915-0c7b7b184ed5: start FollowerState
2019-06-12 19:14:48,688 INFO  util.JmxRegister (JmxRegister.java:tryRegister(44)) - Successfully registered JMX Bean with object name Ratis:service=RaftServer,group=group-A079E7A23547,id=01a34482-c46d-4df3-8915-0c7b7b184ed5
2019-06-12 19:14:48,728 INFO  pipeline.PipelineStateManager (PipelineStateManager.java:addPipeline(56)) - Created pipeline Pipeline[ Id: 64cd18e4-4385-476c-982e-a079e7a23547, Nodes: 01a34482-c46d-4df3-8915-0c7b7b184ed5{ip: 192.168.19.6, host: ozone-m98mp-537477102, networkLocation: /default-rack, certSerialId: null}, Type:RATIS, Factor:ONE, State:OPEN]
2019-06-12 19:14:48,749 INFO  impl.RaftServerProxy (RaftServerProxy.java:addNew(89)) - f97e7c7e-ed75-4576-92e0-8518368970d2: addNew group-09C7A46A94E3:[f97e7c7e-ed75-4576-92e0-8518368970d2:192.168.19.6:34417] returns group-09C7A46A94E3:java.util.concurrent.CompletableFuture@19f76264[Not completed]
2019-06-12 19:14:48,750 INFO  impl.RaftServerImpl (RaftServerImpl.java:<init>(91)) - f97e7c7e-ed75-4576-92e0-8518368970d2: new RaftServerImpl for group-09C7A46A94E3:[f97e7c7e-ed75-4576-92e0-8518368970d2:192.168.19.6:34417] with ContainerStateMachine:uninitialized
2019-06-12 19:14:48,752 INFO  server.RaftServerConfigKeys (ConfUtils.java:logGet(43)) - raft.server.rpc.timeout.min = 1s (custom)
2019-06-12 19:14:48,752 INFO  server.RaftServerConfigKeys (ConfUtils.java:logGet(43)) - raft.server.rpc.timeout.max = 1200ms (custom)
2019-06-12 19:14:48,752 INFO  server.RaftServerConfigKeys (ConfUtils.java:logGet(43)) - raft.server.rpcslowness.timeout = 10s (custom)
2019-06-12 19:14:48,752 INFO  server.RaftServerConfigKeys (ConfUtils.java:logGet(43)) - raft.server.log.appender.install.snapshot.enabled = true (default)
2019-06-12 19:14:48,752 INFO  impl.RaftServerImpl (ServerState.java:<init>(101)) - f97e7c7e-ed75-4576-92e0-8518368970d2:group-09C7A46A94E3 ConfigurationManager, init=-1: [f97e7c7e-ed75-4576-92e0-8518368970d2:192.168.19.6:34417], old=null, confs=<EMPTY_MAP>
2019-06-12 19:14:48,752 INFO  server.RaftServerConfigKeys (ConfUtils.java:logGet(43)) - raft.server.storage.dir = [/opt/src/hadoop-ozone/integration-test/target/test-dir/MiniOzoneClusterImpl-b1317580-f779-4086-8147-4ac774377abd/datanode-2/data/ratis] (custom)
2019-06-12 19:14:48,753 INFO  storage.RaftStorageDirectory (RaftStorageDirectory.java:analyzeStorage(246)) - The storage directory /opt/src/hadoop-ozone/integration-test/target/test-dir/MiniOzoneClusterImpl-b1317580-f779-4086-8147-4ac774377abd/datanode-2/data/ratis/e5be8f3d-c7d8-4419-98fb-09c7a46a94e3 does not exist. Creating ...
2019-06-12 19:14:48,755 INFO  storage.RaftStorageDirectory (RaftStorageDirectory.java:tryLock(328)) - Lock on /opt/src/hadoop-ozone/integration-test/target/test-dir/MiniOzoneClusterImpl-b1317580-f779-4086-8147-4ac774377abd/datanode-2/data/ratis/e5be8f3d-c7d8-4419-98fb-09c7a46a94e3/in_use.lock acquired by nodename 10129@ozone-m98mp-537477102
2019-06-12 19:14:48,757 INFO  storage.RaftStorage (RaftStorage.java:format(75)) - Storage directory /opt/src/hadoop-ozone/integration-test/target/test-dir/MiniOzoneClusterImpl-b1317580-f779-4086-8147-4ac774377abd/datanode-2/data/ratis/e5be8f3d-c7d8-4419-98fb-09c7a46a94e3 has been successfully formatted.
2019-06-12 19:14:48,758 INFO  ratis.ContainerStateMachine (ContainerStateMachine.java:loadSnapshot(199)) - The snapshot info is null.Setting the last applied index to:(t:0, i:~)
2019-06-12 19:14:48,758 INFO  server.RaftServerConfigKeys (ConfUtils.java:logGet(43)) - raft.server.leader.election.timeout = 10s (custom)
2019-06-12 19:14:48,758 INFO  server.RaftServerConfigKeys (ConfUtils.java:logGet(43)) - raft.server.log.use.memory = false (default)
2019-06-12 19:14:48,758 INFO  server.RaftServerConfigKeys (ConfUtils.java:logGet(43)) - raft.server.log.appender.buffer.byte-limit = 33554432 (custom)
2019-06-12 19:14:48,758 INFO  server.RaftServerConfigKeys (ConfUtils.java:logGet(43)) - raft.server.log.segment.size.max = 16384 (custom)
2019-06-12 19:14:48,758 INFO  server.RaftServerConfigKeys (ConfUtils.java:logGet(43)) - raft.server.log.segment.cache.num.max = 2 (custom)
2019-06-12 19:14:48,758 INFO  storage.RaftLogWorker (RaftLogWorker.java:<init>(123)) - new f97e7c7e-ed75-4576-92e0-8518368970d2-RaftLogWorker for Storage Directory /opt/src/hadoop-ozone/integration-test/target/test-dir/MiniOzoneClusterImpl-b1317580-f779-4086-8147-4ac774377abd/datanode-2/data/ratis/e5be8f3d-c7d8-4419-98fb-09c7a46a94e3
2019-06-12 19:14:48,759 INFO  server.RaftServerConfigKeys (ConfUtils.java:logGet(43)) - raft.server.log.queue.byte-limit = 2147483647 (custom)
2019-06-12 19:14:48,759 INFO  server.RaftServerConfigKeys (ConfUtils.java:logGet(43)) - raft.server.log.queue.element-limit = 1024 (custom)
2019-06-12 19:14:48,759 INFO  server.RaftServerConfigKeys (ConfUtils.java:logGet(43)) - raft.server.log.segment.size.max = 16384 (custom)
2019-06-12 19:14:48,760 INFO  server.RaftServerConfigKeys (ConfUtils.java:logGet(43)) - raft.server.log.preallocated.size = 16384 (custom)
2019-06-12 19:14:48,760 INFO  server.RaftServerConfigKeys (ConfUtils.java:logGet(43)) - raft.server.log.write.buffer.size = 33554432 (custom)
2019-06-12 19:14:48,760 INFO  server.RaftServerConfigKeys (ConfUtils.java:logGet(43)) - raft.server.log.force.sync.num = 128 (default)
2019-06-12 19:14:48,760 INFO  server.RaftServerConfigKeys (ConfUtils.java:logGet(43)) - raft.server.log.statemachine.data.sync = true (default)
2019-06-12 19:14:48,760 INFO  server.RaftServerConfigKeys (ConfUtils.java:logGet(43)) - raft.server.log.statemachine.data.sync.timeout = 10s (default)
2019-06-12 19:14:48,760 INFO  server.RaftServerConfigKeys (ConfUtils.java:logGet(43)) - raft.server.log.statemachine.data.sync.timeout.retry = -1 (default)
2019-06-12 19:14:48,760 INFO  server.RaftServerConfigKeys (ConfUtils.java:logGet(43)) - raft.server.log.statemachine.data.caching.enabled = true (custom)
2019-06-12 19:14:48,761 INFO  server.RaftServerConfigKeys (ConfUtils.java:logGet(43)) - raft.server.snapshot.auto.trigger.enabled = true (custom)
2019-06-12 19:14:48,761 INFO  server.RaftServerConfigKeys (ConfUtils.java:logGet(43)) - raft.server.snapshot.auto.trigger.threshold = 10000 (custom)
2019-06-12 19:14:48,761 INFO  server.RaftServerConfigKeys (ConfUtils.java:logGet(43)) - raft.server.retrycache.expirytime = 600000ms (custom)
2019-06-12 19:14:48,761 INFO  impl.RaftServerImpl (RaftServerImpl.java:start(173)) - f97e7c7e-ed75-4576-92e0-8518368970d2: start group-09C7A46A94E3
2019-06-12 19:14:48,761 INFO  impl.RaftServerImpl (RaftServerImpl.java:setRole(164)) - f97e7c7e-ed75-4576-92e0-8518368970d2:group-09C7A46A94E3 changes role from null to FOLLOWER at term 0 for startAsFollower
2019-06-12 19:14:48,761 INFO  impl.RoleInfo (RoleInfo.java:updateAndGet(143)) - f97e7c7e-ed75-4576-92e0-8518368970d2: start FollowerState
2019-06-12 19:14:48,763 INFO  util.JmxRegister (JmxRegister.java:tryRegister(44)) - Successfully registered JMX Bean with object name Ratis:service=RaftServer,group=group-09C7A46A94E3,id=f97e7c7e-ed75-4576-92e0-8518368970d2
2019-06-12 19:14:48,776 INFO  node.SCMNodeManager (SCMNodeManager.java:register(234)) - Registered Data node : 9f047930-6d83-4636-ba44-982af7eec4da{ip: 192.168.19.6, host: ozone-m98mp-537477102, networkLocation: /default-rack, certSerialId: null}
2019-06-12 19:14:48,777 INFO  pipeline.PipelineStateManager (PipelineStateManager.java:addPipeline(56)) - Created pipeline Pipeline[ Id: e5be8f3d-c7d8-4419-98fb-09c7a46a94e3, Nodes: f97e7c7e-ed75-4576-92e0-8518368970d2{ip: 192.168.19.6, host: ozone-m98mp-537477102, networkLocation: /default-rack, certSerialId: null}, Type:RATIS, Factor:ONE, State:OPEN]
2019-06-12 19:14:48,790 INFO  impl.RaftServerProxy (RaftServerProxy.java:addNew(89)) - 474081f4-98ab-4666-b66d-863cb91e4ce0: addNew group-49825B6C8C0B:[474081f4-98ab-4666-b66d-863cb91e4ce0:192.168.19.6:34053] returns group-49825B6C8C0B:java.util.concurrent.CompletableFuture@46137647[Not completed]
2019-06-12 19:14:48,817 INFO  impl.RaftServerImpl (RaftServerImpl.java:<init>(91)) - 474081f4-98ab-4666-b66d-863cb91e4ce0: new RaftServerImpl for group-49825B6C8C0B:[474081f4-98ab-4666-b66d-863cb91e4ce0:192.168.19.6:34053] with ContainerStateMachine:uninitialized
2019-06-12 19:14:48,818 INFO  server.RaftServerConfigKeys (ConfUtils.java:logGet(43)) - raft.server.rpc.timeout.min = 1s (custom)
2019-06-12 19:14:48,818 INFO  server.RaftServerConfigKeys (ConfUtils.java:logGet(43)) - raft.server.rpc.timeout.max = 1200ms (custom)
2019-06-12 19:14:48,818 INFO  server.RaftServerConfigKeys (ConfUtils.java:logGet(43)) - raft.server.rpcslowness.timeout = 10s (custom)
2019-06-12 19:14:48,818 INFO  server.RaftServerConfigKeys (ConfUtils.java:logGet(43)) - raft.server.log.appender.install.snapshot.enabled = true (default)
2019-06-12 19:14:48,818 INFO  impl.RaftServerImpl (ServerState.java:<init>(101)) - 474081f4-98ab-4666-b66d-863cb91e4ce0:group-49825B6C8C0B ConfigurationManager, init=-1: [474081f4-98ab-4666-b66d-863cb91e4ce0:192.168.19.6:34053], old=null, confs=<EMPTY_MAP>
2019-06-12 19:14:48,818 INFO  server.RaftServerConfigKeys (ConfUtils.java:logGet(43)) - raft.server.storage.dir = [/opt/src/hadoop-ozone/integration-test/target/test-dir/MiniOzoneClusterImpl-b1317580-f779-4086-8147-4ac774377abd/datanode-1/data/ratis] (custom)
2019-06-12 19:14:48,819 INFO  storage.RaftStorageDirectory (RaftStorageDirectory.java:analyzeStorage(246)) - The storage directory /opt/src/hadoop-ozone/integration-test/target/test-dir/MiniOzoneClusterImpl-b1317580-f779-4086-8147-4ac774377abd/datanode-1/data/ratis/bac62ce8-bc48-46ec-b27c-49825b6c8c0b does not exist. Creating ...
2019-06-12 19:14:48,822 INFO  storage.RaftStorageDirectory (RaftStorageDirectory.java:tryLock(328)) - Lock on /opt/src/hadoop-ozone/integration-test/target/test-dir/MiniOzoneClusterImpl-b1317580-f779-4086-8147-4ac774377abd/datanode-1/data/ratis/bac62ce8-bc48-46ec-b27c-49825b6c8c0b/in_use.lock acquired by nodename 10129@ozone-m98mp-537477102
2019-06-12 19:14:48,824 INFO  storage.RaftStorage (RaftStorage.java:format(75)) - Storage directory /opt/src/hadoop-ozone/integration-test/target/test-dir/MiniOzoneClusterImpl-b1317580-f779-4086-8147-4ac774377abd/datanode-1/data/ratis/bac62ce8-bc48-46ec-b27c-49825b6c8c0b has been successfully formatted.
2019-06-12 19:14:48,825 INFO  ratis.ContainerStateMachine (ContainerStateMachine.java:loadSnapshot(199)) - The snapshot info is null.Setting the last applied index to:(t:0, i:~)
2019-06-12 19:14:48,826 INFO  server.RaftServerConfigKeys (ConfUtils.java:logGet(43)) - raft.server.leader.election.timeout = 10s (custom)
2019-06-12 19:14:48,826 INFO  server.RaftServerConfigKeys (ConfUtils.java:logGet(43)) - raft.server.log.use.memory = false (default)
2019-06-12 19:14:48,826 INFO  server.RaftServerConfigKeys (ConfUtils.java:logGet(43)) - raft.server.log.appender.buffer.byte-limit = 33554432 (custom)
2019-06-12 19:14:48,826 INFO  server.RaftServerConfigKeys (ConfUtils.java:logGet(43)) - raft.server.log.segment.size.max = 16384 (custom)
2019-06-12 19:14:48,826 INFO  server.RaftServerConfigKeys (ConfUtils.java:logGet(43)) - raft.server.log.segment.cache.num.max = 2 (custom)
2019-06-12 19:14:48,827 INFO  storage.RaftLogWorker (RaftLogWorker.java:<init>(123)) - new 474081f4-98ab-4666-b66d-863cb91e4ce0-RaftLogWorker for Storage Directory /opt/src/hadoop-ozone/integration-test/target/test-dir/MiniOzoneClusterImpl-b1317580-f779-4086-8147-4ac774377abd/datanode-1/data/ratis/bac62ce8-bc48-46ec-b27c-49825b6c8c0b
2019-06-12 19:14:48,827 INFO  server.RaftServerConfigKeys (ConfUtils.java:logGet(43)) - raft.server.log.queue.byte-limit = 2147483647 (custom)
2019-06-12 19:14:48,827 INFO  server.RaftServerConfigKeys (ConfUtils.java:logGet(43)) - raft.server.log.queue.element-limit = 1024 (custom)
2019-06-12 19:14:48,827 INFO  server.RaftServerConfigKeys (ConfUtils.java:logGet(43)) - raft.server.log.segment.size.max = 16384 (custom)
2019-06-12 19:14:48,827 INFO  server.RaftServerConfigKeys (ConfUtils.java:logGet(43)) - raft.server.log.preallocated.size = 16384 (custom)
2019-06-12 19:14:48,827 INFO  server.RaftServerConfigKeys (ConfUtils.java:logGet(43)) - raft.server.log.write.buffer.size = 33554432 (custom)
2019-06-12 19:14:48,827 INFO  server.RaftServerConfigKeys (ConfUtils.java:logGet(43)) - raft.server.log.force.sync.num = 128 (default)
2019-06-12 19:14:48,827 INFO  server.RaftServerConfigKeys (ConfUtils.java:logGet(43)) - raft.server.log.statemachine.data.sync = true (default)
2019-06-12 19:14:48,827 INFO  server.RaftServerConfigKeys (ConfUtils.java:logGet(43)) - raft.server.log.statemachine.data.sync.timeout = 10s (default)
2019-06-12 19:14:48,828 INFO  server.RaftServerConfigKeys (ConfUtils.java:logGet(43)) - raft.server.log.statemachine.data.sync.timeout.retry = -1 (default)
2019-06-12 19:14:48,828 INFO  server.RaftServerConfigKeys (ConfUtils.java:logGet(43)) - raft.server.log.statemachine.data.caching.enabled = true (custom)
2019-06-12 19:14:48,828 INFO  server.RaftServerConfigKeys (ConfUtils.java:logGet(43)) - raft.server.snapshot.auto.trigger.enabled = true (custom)
2019-06-12 19:14:48,828 INFO  server.RaftServerConfigKeys (ConfUtils.java:logGet(43)) - raft.server.snapshot.auto.trigger.threshold = 10000 (custom)
2019-06-12 19:14:48,828 INFO  server.RaftServerConfigKeys (ConfUtils.java:logGet(43)) - raft.server.retrycache.expirytime = 600000ms (custom)
2019-06-12 19:14:48,829 INFO  impl.RaftServerImpl (RaftServerImpl.java:start(173)) - 474081f4-98ab-4666-b66d-863cb91e4ce0: start group-49825B6C8C0B
2019-06-12 19:14:48,829 INFO  impl.RaftServerImpl (RaftServerImpl.java:setRole(164)) - 474081f4-98ab-4666-b66d-863cb91e4ce0:group-49825B6C8C0B changes role from null to FOLLOWER at term 0 for startAsFollower
2019-06-12 19:14:48,829 INFO  impl.RoleInfo (RoleInfo.java:updateAndGet(143)) - 474081f4-98ab-4666-b66d-863cb91e4ce0: start FollowerState
2019-06-12 19:14:48,829 INFO  util.JmxRegister (JmxRegister.java:tryRegister(44)) - Successfully registered JMX Bean with object name Ratis:service=RaftServer,group=group-49825B6C8C0B,id=474081f4-98ab-4666-b66d-863cb91e4ce0
2019-06-12 19:14:48,838 INFO  pipeline.PipelineStateManager (PipelineStateManager.java:addPipeline(56)) - Created pipeline Pipeline[ Id: bac62ce8-bc48-46ec-b27c-49825b6c8c0b, Nodes: 474081f4-98ab-4666-b66d-863cb91e4ce0{ip: 192.168.19.6, host: ozone-m98mp-537477102, networkLocation: /default-rack, certSerialId: null}, Type:RATIS, Factor:ONE, State:OPEN]
2019-06-12 19:14:48,856 INFO  impl.RaftServerProxy (RaftServerProxy.java:addNew(89)) - 9f047930-6d83-4636-ba44-982af7eec4da: addNew group-874AD4F1D95E:[9f047930-6d83-4636-ba44-982af7eec4da:192.168.19.6:38037] returns group-874AD4F1D95E:java.util.concurrent.CompletableFuture@76e204fd[Not completed]
2019-06-12 19:14:48,859 INFO  impl.RaftServerImpl (RaftServerImpl.java:<init>(91)) - 9f047930-6d83-4636-ba44-982af7eec4da: new RaftServerImpl for group-874AD4F1D95E:[9f047930-6d83-4636-ba44-982af7eec4da:192.168.19.6:38037] with ContainerStateMachine:uninitialized
2019-06-12 19:14:48,860 INFO  server.RaftServerConfigKeys (ConfUtils.java:logGet(43)) - raft.server.rpc.timeout.min = 1s (custom)
2019-06-12 19:14:48,860 INFO  server.RaftServerConfigKeys (ConfUtils.java:logGet(43)) - raft.server.rpc.timeout.max = 1200ms (custom)
2019-06-12 19:14:48,860 INFO  server.RaftServerConfigKeys (ConfUtils.java:logGet(43)) - raft.server.rpcslowness.timeout = 10s (custom)
2019-06-12 19:14:48,860 INFO  server.RaftServerConfigKeys (ConfUtils.java:logGet(43)) - raft.server.log.appender.install.snapshot.enabled = true (default)
2019-06-12 19:14:48,860 INFO  impl.RaftServerImpl (ServerState.java:<init>(101)) - 9f047930-6d83-4636-ba44-982af7eec4da:group-874AD4F1D95E ConfigurationManager, init=-1: [9f047930-6d83-4636-ba44-982af7eec4da:192.168.19.6:38037], old=null, confs=<EMPTY_MAP>
2019-06-12 19:14:48,860 INFO  server.RaftServerConfigKeys (ConfUtils.java:logGet(43)) - raft.server.storage.dir = [/opt/src/hadoop-ozone/integration-test/target/test-dir/MiniOzoneClusterImpl-b1317580-f779-4086-8147-4ac774377abd/datanode-3/data/ratis] (custom)
2019-06-12 19:14:48,860 INFO  storage.RaftStorageDirectory (RaftStorageDirectory.java:analyzeStorage(246)) - The storage directory /opt/src/hadoop-ozone/integration-test/target/test-dir/MiniOzoneClusterImpl-b1317580-f779-4086-8147-4ac774377abd/datanode-3/data/ratis/906cce0e-c5cc-4dbe-bef5-874ad4f1d95e does not exist. Creating ...
2019-06-12 19:14:48,862 INFO  storage.RaftStorageDirectory (RaftStorageDirectory.java:tryLock(328)) - Lock on /opt/src/hadoop-ozone/integration-test/target/test-dir/MiniOzoneClusterImpl-b1317580-f779-4086-8147-4ac774377abd/datanode-3/data/ratis/906cce0e-c5cc-4dbe-bef5-874ad4f1d95e/in_use.lock acquired by nodename 10129@ozone-m98mp-537477102
2019-06-12 19:14:48,865 INFO  storage.RaftStorage (RaftStorage.java:format(75)) - Storage directory /opt/src/hadoop-ozone/integration-test/target/test-dir/MiniOzoneClusterImpl-b1317580-f779-4086-8147-4ac774377abd/datanode-3/data/ratis/906cce0e-c5cc-4dbe-bef5-874ad4f1d95e has been successfully formatted.
2019-06-12 19:14:48,865 INFO  ratis.ContainerStateMachine (ContainerStateMachine.java:loadSnapshot(199)) - The snapshot info is null.Setting the last applied index to:(t:0, i:~)
2019-06-12 19:14:48,865 INFO  server.RaftServerConfigKeys (ConfUtils.java:logGet(43)) - raft.server.leader.election.timeout = 10s (custom)
2019-06-12 19:14:48,865 INFO  server.RaftServerConfigKeys (ConfUtils.java:logGet(43)) - raft.server.log.use.memory = false (default)
2019-06-12 19:14:48,865 INFO  server.RaftServerConfigKeys (ConfUtils.java:logGet(43)) - raft.server.log.appender.buffer.byte-limit = 33554432 (custom)
2019-06-12 19:14:48,865 INFO  server.RaftServerConfigKeys (ConfUtils.java:logGet(43)) - raft.server.log.segment.size.max = 16384 (custom)
2019-06-12 19:14:48,865 INFO  server.RaftServerConfigKeys (ConfUtils.java:logGet(43)) - raft.server.log.segment.cache.num.max = 2 (custom)
2019-06-12 19:14:48,865 INFO  storage.RaftLogWorker (RaftLogWorker.java:<init>(123)) - new 9f047930-6d83-4636-ba44-982af7eec4da-RaftLogWorker for Storage Directory /opt/src/hadoop-ozone/integration-test/target/test-dir/MiniOzoneClusterImpl-b1317580-f779-4086-8147-4ac774377abd/datanode-3/data/ratis/906cce0e-c5cc-4dbe-bef5-874ad4f1d95e
2019-06-12 19:14:48,866 INFO  server.RaftServerConfigKeys (ConfUtils.java:logGet(43)) - raft.server.log.queue.byte-limit = 2147483647 (custom)
2019-06-12 19:14:48,866 INFO  server.RaftServerConfigKeys (ConfUtils.java:logGet(43)) - raft.server.log.queue.element-limit = 1024 (custom)
2019-06-12 19:14:48,866 INFO  server.RaftServerConfigKeys (ConfUtils.java:logGet(43)) - raft.server.log.segment.size.max = 16384 (custom)
2019-06-12 19:14:48,866 INFO  server.RaftServerConfigKeys (ConfUtils.java:logGet(43)) - raft.server.log.preallocated.size = 16384 (custom)
2019-06-12 19:14:48,866 INFO  server.RaftServerConfigKeys (ConfUtils.java:logGet(43)) - raft.server.log.write.buffer.size = 33554432 (custom)
2019-06-12 19:14:48,866 INFO  server.RaftServerConfigKeys (ConfUtils.java:logGet(43)) - raft.server.log.force.sync.num = 128 (default)
2019-06-12 19:14:48,866 INFO  server.RaftServerConfigKeys (ConfUtils.java:logGet(43)) - raft.server.log.statemachine.data.sync = true (default)
2019-06-12 19:14:48,866 INFO  server.RaftServerConfigKeys (ConfUtils.java:logGet(43)) - raft.server.log.statemachine.data.sync.timeout = 10s (default)
2019-06-12 19:14:48,866 INFO  server.RaftServerConfigKeys (ConfUtils.java:logGet(43)) - raft.server.log.statemachine.data.sync.timeout.retry = -1 (default)
2019-06-12 19:14:48,866 INFO  server.RaftServerConfigKeys (ConfUtils.java:logGet(43)) - raft.server.log.statemachine.data.caching.enabled = true (custom)
2019-06-12 19:14:48,867 INFO  server.RaftServerConfigKeys (ConfUtils.java:logGet(43)) - raft.server.snapshot.auto.trigger.enabled = true (custom)
2019-06-12 19:14:48,867 INFO  server.RaftServerConfigKeys (ConfUtils.java:logGet(43)) - raft.server.snapshot.auto.trigger.threshold = 10000 (custom)
2019-06-12 19:14:48,867 INFO  server.RaftServerConfigKeys (ConfUtils.java:logGet(43)) - raft.server.retrycache.expirytime = 600000ms (custom)
2019-06-12 19:14:48,867 INFO  impl.RaftServerImpl (RaftServerImpl.java:start(173)) - 9f047930-6d83-4636-ba44-982af7eec4da: start group-874AD4F1D95E
2019-06-12 19:14:48,867 INFO  impl.RaftServerImpl (RaftServerImpl.java:setRole(164)) - 9f047930-6d83-4636-ba44-982af7eec4da:group-874AD4F1D95E changes role from null to FOLLOWER at term 0 for startAsFollower
2019-06-12 19:14:48,867 INFO  impl.RoleInfo (RoleInfo.java:updateAndGet(143)) - 9f047930-6d83-4636-ba44-982af7eec4da: start FollowerState
2019-06-12 19:14:48,867 INFO  util.JmxRegister (JmxRegister.java:tryRegister(44)) - Successfully registered JMX Bean with object name Ratis:service=RaftServer,group=group-874AD4F1D95E,id=9f047930-6d83-4636-ba44-982af7eec4da
2019-06-12 19:14:48,878 INFO  pipeline.PipelineStateManager (PipelineStateManager.java:addPipeline(56)) - Created pipeline Pipeline[ Id: 906cce0e-c5cc-4dbe-bef5-874ad4f1d95e, Nodes: 9f047930-6d83-4636-ba44-982af7eec4da{ip: 192.168.19.6, host: ozone-m98mp-537477102, networkLocation: /default-rack, certSerialId: null}, Type:RATIS, Factor:ONE, State:OPEN]
2019-06-12 19:14:48,907 INFO  impl.RaftServerImpl (RaftServerImpl.java:<init>(91)) - 474081f4-98ab-4666-b66d-863cb91e4ce0: new RaftServerImpl for group-7EFEE7AFCC74:[474081f4-98ab-4666-b66d-863cb91e4ce0:192.168.19.6:34053, 9f047930-6d83-4636-ba44-982af7eec4da:192.168.19.6:38037, f97e7c7e-ed75-4576-92e0-8518368970d2:192.168.19.6:34417] with ContainerStateMachine:uninitialized
2019-06-12 19:14:48,907 INFO  impl.RaftServerProxy (RaftServerProxy.java:addNew(89)) - 474081f4-98ab-4666-b66d-863cb91e4ce0: addNew group-7EFEE7AFCC74:[474081f4-98ab-4666-b66d-863cb91e4ce0:192.168.19.6:34053, 9f047930-6d83-4636-ba44-982af7eec4da:192.168.19.6:38037, f97e7c7e-ed75-4576-92e0-8518368970d2:192.168.19.6:34417] returns group-7EFEE7AFCC74:java.util.concurrent.CompletableFuture@6ed87adc[Not completed]
2019-06-12 19:14:48,908 INFO  server.RaftServerConfigKeys (ConfUtils.java:logGet(43)) - raft.server.rpc.timeout.min = 1s (custom)
2019-06-12 19:14:48,908 INFO  server.RaftServerConfigKeys (ConfUtils.java:logGet(43)) - raft.server.rpc.timeout.max = 1200ms (custom)
2019-06-12 19:14:48,908 INFO  server.RaftServerConfigKeys (ConfUtils.java:logGet(43)) - raft.server.rpcslowness.timeout = 10s (custom)
2019-06-12 19:14:48,909 INFO  server.RaftServerConfigKeys (ConfUtils.java:logGet(43)) - raft.server.log.appender.install.snapshot.enabled = true (default)
2019-06-12 19:14:48,909 INFO  impl.RaftServerImpl (ServerState.java:<init>(101)) - 474081f4-98ab-4666-b66d-863cb91e4ce0:group-7EFEE7AFCC74 ConfigurationManager, init=-1: [474081f4-98ab-4666-b66d-863cb91e4ce0:192.168.19.6:34053, 9f047930-6d83-4636-ba44-982af7eec4da:192.168.19.6:38037, f97e7c7e-ed75-4576-92e0-8518368970d2:192.168.19.6:34417], old=null, confs=<EMPTY_MAP>
2019-06-12 19:14:48,909 INFO  server.RaftServerConfigKeys (ConfUtils.java:logGet(43)) - raft.server.storage.dir = [/opt/src/hadoop-ozone/integration-test/target/test-dir/MiniOzoneClusterImpl-b1317580-f779-4086-8147-4ac774377abd/datanode-1/data/ratis] (custom)
2019-06-12 19:14:48,909 INFO  storage.RaftStorageDirectory (RaftStorageDirectory.java:analyzeStorage(246)) - The storage directory /opt/src/hadoop-ozone/integration-test/target/test-dir/MiniOzoneClusterImpl-b1317580-f779-4086-8147-4ac774377abd/datanode-1/data/ratis/f94deb9e-2a88-4016-a095-7efee7afcc74 does not exist. Creating ...
2019-06-12 19:14:48,915 INFO  storage.RaftStorageDirectory (RaftStorageDirectory.java:tryLock(328)) - Lock on /opt/src/hadoop-ozone/integration-test/target/test-dir/MiniOzoneClusterImpl-b1317580-f779-4086-8147-4ac774377abd/datanode-1/data/ratis/f94deb9e-2a88-4016-a095-7efee7afcc74/in_use.lock acquired by nodename 10129@ozone-m98mp-537477102
2019-06-12 19:14:48,918 INFO  storage.RaftStorage (RaftStorage.java:format(75)) - Storage directory /opt/src/hadoop-ozone/integration-test/target/test-dir/MiniOzoneClusterImpl-b1317580-f779-4086-8147-4ac774377abd/datanode-1/data/ratis/f94deb9e-2a88-4016-a095-7efee7afcc74 has been successfully formatted.
2019-06-12 19:14:48,919 INFO  impl.RaftServerProxy (RaftServerProxy.java:addNew(89)) - f97e7c7e-ed75-4576-92e0-8518368970d2: addNew group-7EFEE7AFCC74:[474081f4-98ab-4666-b66d-863cb91e4ce0:192.168.19.6:34053, 9f047930-6d83-4636-ba44-982af7eec4da:192.168.19.6:38037, f97e7c7e-ed75-4576-92e0-8518368970d2:192.168.19.6:34417] returns group-7EFEE7AFCC74:java.util.concurrent.CompletableFuture@6ed87be4[Not completed]
2019-06-12 19:14:48,919 INFO  impl.RaftServerProxy (RaftServerProxy.java:addNew(89)) - 9f047930-6d83-4636-ba44-982af7eec4da: addNew group-7EFEE7AFCC74:[474081f4-98ab-4666-b66d-863cb91e4ce0:192.168.19.6:34053, 9f047930-6d83-4636-ba44-982af7eec4da:192.168.19.6:38037, f97e7c7e-ed75-4576-92e0-8518368970d2:192.168.19.6:34417] returns group-7EFEE7AFCC74:java.util.concurrent.CompletableFuture@6ae7f3df[Not completed]
2019-06-12 19:14:48,919 INFO  ratis.ContainerStateMachine (ContainerStateMachine.java:loadSnapshot(199)) - The snapshot info is null.Setting the last applied index to:(t:0, i:~)
2019-06-12 19:14:48,920 INFO  server.RaftServerConfigKeys (ConfUtils.java:logGet(43)) - raft.server.leader.election.timeout = 10s (custom)
2019-06-12 19:14:48,920 INFO  server.RaftServerConfigKeys (ConfUtils.java:logGet(43)) - raft.server.log.use.memory = false (default)
2019-06-12 19:14:48,920 INFO  server.RaftServerConfigKeys (ConfUtils.java:logGet(43)) - raft.server.log.appender.buffer.byte-limit = 33554432 (custom)
2019-06-12 19:14:48,920 INFO  server.RaftServerConfigKeys (ConfUtils.java:logGet(43)) - raft.server.log.segment.size.max = 16384 (custom)
2019-06-12 19:14:48,920 INFO  server.RaftServerConfigKeys (ConfUtils.java:logGet(43)) - raft.server.log.segment.cache.num.max = 2 (custom)
2019-06-12 19:14:48,920 INFO  storage.RaftLogWorker (RaftLogWorker.java:<init>(123)) - new 474081f4-98ab-4666-b66d-863cb91e4ce0-RaftLogWorker for Storage Directory /opt/src/hadoop-ozone/integration-test/target/test-dir/MiniOzoneClusterImpl-b1317580-f779-4086-8147-4ac774377abd/datanode-1/data/ratis/f94deb9e-2a88-4016-a095-7efee7afcc74
2019-06-12 19:14:48,920 INFO  server.RaftServerConfigKeys (ConfUtils.java:logGet(43)) - raft.server.log.queue.byte-limit = 2147483647 (custom)
2019-06-12 19:14:48,920 INFO  server.RaftServerConfigKeys (ConfUtils.java:logGet(43)) - raft.server.log.queue.element-limit = 1024 (custom)
2019-06-12 19:14:48,920 INFO  server.RaftServerConfigKeys (ConfUtils.java:logGet(43)) - raft.server.log.segment.size.max = 16384 (custom)
2019-06-12 19:14:48,921 INFO  server.RaftServerConfigKeys (ConfUtils.java:logGet(43)) - raft.server.log.preallocated.size = 16384 (custom)
2019-06-12 19:14:48,921 INFO  server.RaftServerConfigKeys (ConfUtils.java:logGet(43)) - raft.server.log.write.buffer.size = 33554432 (custom)
2019-06-12 19:14:48,921 INFO  server.RaftServerConfigKeys (ConfUtils.java:logGet(43)) - raft.server.log.force.sync.num = 128 (default)
2019-06-12 19:14:48,921 INFO  server.RaftServerConfigKeys (ConfUtils.java:logGet(43)) - raft.server.log.statemachine.data.sync = true (default)
2019-06-12 19:14:48,921 INFO  server.RaftServerConfigKeys (ConfUtils.java:logGet(43)) - raft.server.log.statemachine.data.sync.timeout = 10s (default)
2019-06-12 19:14:48,921 INFO  server.RaftServerConfigKeys (ConfUtils.java:logGet(43)) - raft.server.log.statemachine.data.sync.timeout.retry = -1 (default)
2019-06-12 19:14:48,921 INFO  server.RaftServerConfigKeys (ConfUtils.java:logGet(43)) - raft.server.log.statemachine.data.caching.enabled = true (custom)
2019-06-12 19:14:48,922 INFO  impl.RaftServerImpl (RaftServerImpl.java:<init>(91)) - f97e7c7e-ed75-4576-92e0-8518368970d2: new RaftServerImpl for group-7EFEE7AFCC74:[474081f4-98ab-4666-b66d-863cb91e4ce0:192.168.19.6:34053, 9f047930-6d83-4636-ba44-982af7eec4da:192.168.19.6:38037, f97e7c7e-ed75-4576-92e0-8518368970d2:192.168.19.6:34417] with ContainerStateMachine:uninitialized
2019-06-12 19:14:48,922 INFO  server.RaftServerConfigKeys (ConfUtils.java:logGet(43)) - raft.server.rpc.timeout.min = 1s (custom)
2019-06-12 19:14:48,922 INFO  server.RaftServerConfigKeys (ConfUtils.java:logGet(43)) - raft.server.rpc.timeout.max = 1200ms (custom)
2019-06-12 19:14:48,922 INFO  server.RaftServerConfigKeys (ConfUtils.java:logGet(43)) - raft.server.rpcslowness.timeout = 10s (custom)
2019-06-12 19:14:48,922 INFO  server.RaftServerConfigKeys (ConfUtils.java:logGet(43)) - raft.server.log.appender.install.snapshot.enabled = true (default)
2019-06-12 19:14:48,922 INFO  impl.RaftServerImpl (RaftServerImpl.java:<init>(91)) - 9f047930-6d83-4636-ba44-982af7eec4da: new RaftServerImpl for group-7EFEE7AFCC74:[474081f4-98ab-4666-b66d-863cb91e4ce0:192.168.19.6:34053, 9f047930-6d83-4636-ba44-982af7eec4da:192.168.19.6:38037, f97e7c7e-ed75-4576-92e0-8518368970d2:192.168.19.6:34417] with ContainerStateMachine:uninitialized
2019-06-12 19:14:48,922 INFO  impl.RaftServerImpl (ServerState.java:<init>(101)) - f97e7c7e-ed75-4576-92e0-8518368970d2:group-7EFEE7AFCC74 ConfigurationManager, init=-1: [474081f4-98ab-4666-b66d-863cb91e4ce0:192.168.19.6:34053, 9f047930-6d83-4636-ba44-982af7eec4da:192.168.19.6:38037, f97e7c7e-ed75-4576-92e0-8518368970d2:192.168.19.6:34417], old=null, confs=<EMPTY_MAP>
2019-06-12 19:14:48,922 INFO  server.RaftServerConfigKeys (ConfUtils.java:logGet(43)) - raft.server.rpc.timeout.min = 1s (custom)
2019-06-12 19:14:48,923 INFO  server.RaftServerConfigKeys (ConfUtils.java:logGet(43)) - raft.server.storage.dir = [/opt/src/hadoop-ozone/integration-test/target/test-dir/MiniOzoneClusterImpl-b1317580-f779-4086-8147-4ac774377abd/datanode-2/data/ratis] (custom)
2019-06-12 19:14:48,923 INFO  server.RaftServerConfigKeys (ConfUtils.java:logGet(43)) - raft.server.rpc.timeout.max = 1200ms (custom)
2019-06-12 19:14:48,923 INFO  server.RaftServerConfigKeys (ConfUtils.java:logGet(43)) - raft.server.rpcslowness.timeout = 10s (custom)
2019-06-12 19:14:48,923 INFO  storage.RaftStorageDirectory (RaftStorageDirectory.java:analyzeStorage(246)) - The storage directory /opt/src/hadoop-ozone/integration-test/target/test-dir/MiniOzoneClusterImpl-b1317580-f779-4086-8147-4ac774377abd/datanode-2/data/ratis/f94deb9e-2a88-4016-a095-7efee7afcc74 does not exist. Creating ...
2019-06-12 19:14:48,923 INFO  server.RaftServerConfigKeys (ConfUtils.java:logGet(43)) - raft.server.log.appender.install.snapshot.enabled = true (default)
2019-06-12 19:14:48,923 INFO  impl.RaftServerImpl (ServerState.java:<init>(101)) - 9f047930-6d83-4636-ba44-982af7eec4da:group-7EFEE7AFCC74 ConfigurationManager, init=-1: [474081f4-98ab-4666-b66d-863cb91e4ce0:192.168.19.6:34053, 9f047930-6d83-4636-ba44-982af7eec4da:192.168.19.6:38037, f97e7c7e-ed75-4576-92e0-8518368970d2:192.168.19.6:34417], old=null, confs=<EMPTY_MAP>
2019-06-12 19:14:48,923 INFO  server.RaftServerConfigKeys (ConfUtils.java:logGet(43)) - raft.server.storage.dir = [/opt/src/hadoop-ozone/integration-test/target/test-dir/MiniOzoneClusterImpl-b1317580-f779-4086-8147-4ac774377abd/datanode-3/data/ratis] (custom)
2019-06-12 19:14:48,924 INFO  storage.RaftStorageDirectory (RaftStorageDirectory.java:analyzeStorage(246)) - The storage directory /opt/src/hadoop-ozone/integration-test/target/test-dir/MiniOzoneClusterImpl-b1317580-f779-4086-8147-4ac774377abd/datanode-3/data/ratis/f94deb9e-2a88-4016-a095-7efee7afcc74 does not exist. Creating ...
2019-06-12 19:14:48,925 INFO  storage.RaftStorageDirectory (RaftStorageDirectory.java:tryLock(328)) - Lock on /opt/src/hadoop-ozone/integration-test/target/test-dir/MiniOzoneClusterImpl-b1317580-f779-4086-8147-4ac774377abd/datanode-2/data/ratis/f94deb9e-2a88-4016-a095-7efee7afcc74/in_use.lock acquired by nodename 10129@ozone-m98mp-537477102
2019-06-12 19:14:48,928 INFO  storage.RaftStorageDirectory (RaftStorageDirectory.java:tryLock(328)) - Lock on /opt/src/hadoop-ozone/integration-test/target/test-dir/MiniOzoneClusterImpl-b1317580-f779-4086-8147-4ac774377abd/datanode-3/data/ratis/f94deb9e-2a88-4016-a095-7efee7afcc74/in_use.lock acquired by nodename 10129@ozone-m98mp-537477102
2019-06-12 19:14:48,930 INFO  storage.RaftStorage (RaftStorage.java:format(75)) - Storage directory /opt/src/hadoop-ozone/integration-test/target/test-dir/MiniOzoneClusterImpl-b1317580-f779-4086-8147-4ac774377abd/datanode-2/data/ratis/f94deb9e-2a88-4016-a095-7efee7afcc74 has been successfully formatted.
2019-06-12 19:14:48,930 INFO  ratis.ContainerStateMachine (ContainerStateMachine.java:loadSnapshot(199)) - The snapshot info is null.Setting the last applied index to:(t:0, i:~)
2019-06-12 19:14:48,930 INFO  server.RaftServerConfigKeys (ConfUtils.java:logGet(43)) - raft.server.leader.election.timeout = 10s (custom)
2019-06-12 19:14:48,930 INFO  server.RaftServerConfigKeys (ConfUtils.java:logGet(43)) - raft.server.log.use.memory = false (default)
2019-06-12 19:14:48,930 INFO  server.RaftServerConfigKeys (ConfUtils.java:logGet(43)) - raft.server.log.appender.buffer.byte-limit = 33554432 (custom)
2019-06-12 19:14:48,930 INFO  server.RaftServerConfigKeys (ConfUtils.java:logGet(43)) - raft.server.log.segment.size.max = 16384 (custom)
2019-06-12 19:14:48,930 INFO  server.RaftServerConfigKeys (ConfUtils.java:logGet(43)) - raft.server.log.segment.cache.num.max = 2 (custom)
2019-06-12 19:14:48,931 INFO  storage.RaftLogWorker (RaftLogWorker.java:<init>(123)) - new f97e7c7e-ed75-4576-92e0-8518368970d2-RaftLogWorker for Storage Directory /opt/src/hadoop-ozone/integration-test/target/test-dir/MiniOzoneClusterImpl-b1317580-f779-4086-8147-4ac774377abd/datanode-2/data/ratis/f94deb9e-2a88-4016-a095-7efee7afcc74
2019-06-12 19:14:48,931 INFO  server.RaftServerConfigKeys (ConfUtils.java:logGet(43)) - raft.server.log.queue.byte-limit = 2147483647 (custom)
2019-06-12 19:14:48,931 INFO  server.RaftServerConfigKeys (ConfUtils.java:logGet(43)) - raft.server.log.queue.element-limit = 1024 (custom)
2019-06-12 19:14:48,931 INFO  server.RaftServerConfigKeys (ConfUtils.java:logGet(43)) - raft.server.log.segment.size.max = 16384 (custom)
2019-06-12 19:14:48,931 INFO  server.RaftServerConfigKeys (ConfUtils.java:logGet(43)) - raft.server.log.preallocated.size = 16384 (custom)
2019-06-12 19:14:48,931 INFO  server.RaftServerConfigKeys (ConfUtils.java:logGet(43)) - raft.server.log.write.buffer.size = 33554432 (custom)
2019-06-12 19:14:48,931 INFO  server.RaftServerConfigKeys (ConfUtils.java:logGet(43)) - raft.server.log.force.sync.num = 128 (default)
2019-06-12 19:14:48,931 INFO  storage.RaftStorage (RaftStorage.java:format(75)) - Storage directory /opt/src/hadoop-ozone/integration-test/target/test-dir/MiniOzoneClusterImpl-b1317580-f779-4086-8147-4ac774377abd/datanode-3/data/ratis/f94deb9e-2a88-4016-a095-7efee7afcc74 has been successfully formatted.
2019-06-12 19:14:48,931 INFO  server.RaftServerConfigKeys (ConfUtils.java:logGet(43)) - raft.server.log.statemachine.data.sync = true (default)
2019-06-12 19:14:48,932 INFO  ratis.ContainerStateMachine (ContainerStateMachine.java:loadSnapshot(199)) - The snapshot info is null.Setting the last applied index to:(t:0, i:~)
2019-06-12 19:14:48,932 INFO  server.RaftServerConfigKeys (ConfUtils.java:logGet(43)) - raft.server.log.statemachine.data.sync.timeout = 10s (default)
2019-06-12 19:14:48,932 INFO  server.RaftServerConfigKeys (ConfUtils.java:logGet(43)) - raft.server.leader.election.timeout = 10s (custom)
2019-06-12 19:14:48,932 INFO  server.RaftServerConfigKeys (ConfUtils.java:logGet(43)) - raft.server.log.statemachine.data.sync.timeout.retry = -1 (default)
2019-06-12 19:14:48,932 INFO  server.RaftServerConfigKeys (ConfUtils.java:logGet(43)) - raft.server.log.use.memory = false (default)
2019-06-12 19:14:48,932 INFO  server.RaftServerConfigKeys (ConfUtils.java:logGet(43)) - raft.server.log.appender.buffer.byte-limit = 33554432 (custom)
2019-06-12 19:14:48,933 INFO  server.RaftServerConfigKeys (ConfUtils.java:logGet(43)) - raft.server.log.segment.size.max = 16384 (custom)
2019-06-12 19:14:48,933 INFO  server.RaftServerConfigKeys (ConfUtils.java:logGet(43)) - raft.server.log.segment.cache.num.max = 2 (custom)
2019-06-12 19:14:48,933 INFO  storage.RaftLogWorker (RaftLogWorker.java:<init>(123)) - new 9f047930-6d83-4636-ba44-982af7eec4da-RaftLogWorker for Storage Directory /opt/src/hadoop-ozone/integration-test/target/test-dir/MiniOzoneClusterImpl-b1317580-f779-4086-8147-4ac774377abd/datanode-3/data/ratis/f94deb9e-2a88-4016-a095-7efee7afcc74
2019-06-12 19:14:48,933 INFO  server.RaftServerConfigKeys (ConfUtils.java:logGet(43)) - raft.server.log.queue.byte-limit = 2147483647 (custom)
2019-06-12 19:14:48,933 INFO  server.RaftServerConfigKeys (ConfUtils.java:logGet(43)) - raft.server.log.queue.element-limit = 1024 (custom)
2019-06-12 19:14:48,933 INFO  server.RaftServerConfigKeys (ConfUtils.java:logGet(43)) - raft.server.log.segment.size.max = 16384 (custom)
2019-06-12 19:14:48,933 INFO  server.RaftServerConfigKeys (ConfUtils.java:logGet(43)) - raft.server.log.preallocated.size = 16384 (custom)
2019-06-12 19:14:48,933 INFO  server.RaftServerConfigKeys (ConfUtils.java:logGet(43)) - raft.server.log.write.buffer.size = 33554432 (custom)
2019-06-12 19:14:48,934 INFO  server.RaftServerConfigKeys (ConfUtils.java:logGet(43)) - raft.server.log.force.sync.num = 128 (default)
2019-06-12 19:14:48,934 INFO  server.RaftServerConfigKeys (ConfUtils.java:logGet(43)) - raft.server.log.statemachine.data.sync = true (default)
2019-06-12 19:14:48,934 INFO  server.RaftServerConfigKeys (ConfUtils.java:logGet(43)) - raft.server.log.statemachine.data.sync.timeout = 10s (default)
2019-06-12 19:14:48,934 INFO  server.RaftServerConfigKeys (ConfUtils.java:logGet(43)) - raft.server.log.statemachine.data.sync.timeout.retry = -1 (default)
2019-06-12 19:14:48,937 INFO  server.RaftServerConfigKeys (ConfUtils.java:logGet(43)) - raft.server.log.statemachine.data.caching.enabled = true (custom)
2019-06-12 19:14:48,937 INFO  server.RaftServerConfigKeys (ConfUtils.java:logGet(43)) - raft.server.log.statemachine.data.caching.enabled = true (custom)
2019-06-12 19:14:48,937 INFO  server.RaftServerConfigKeys (ConfUtils.java:logGet(43)) - raft.server.snapshot.auto.trigger.enabled = true (custom)
2019-06-12 19:14:48,938 INFO  server.RaftServerConfigKeys (ConfUtils.java:logGet(43)) - raft.server.snapshot.auto.trigger.threshold = 10000 (custom)
2019-06-12 19:14:48,938 INFO  server.RaftServerConfigKeys (ConfUtils.java:logGet(43)) - raft.server.snapshot.auto.trigger.enabled = true (custom)
2019-06-12 19:14:48,938 INFO  server.RaftServerConfigKeys (ConfUtils.java:logGet(43)) - raft.server.snapshot.auto.trigger.threshold = 10000 (custom)
2019-06-12 19:14:48,938 INFO  server.RaftServerConfigKeys (ConfUtils.java:logGet(43)) - raft.server.snapshot.auto.trigger.enabled = true (custom)
2019-06-12 19:14:48,938 INFO  server.RaftServerConfigKeys (ConfUtils.java:logGet(43)) - raft.server.retrycache.expirytime = 600000ms (custom)
2019-06-12 19:14:48,938 INFO  server.RaftServerConfigKeys (ConfUtils.java:logGet(43)) - raft.server.retrycache.expirytime = 600000ms (custom)
2019-06-12 19:14:48,938 INFO  server.RaftServerConfigKeys (ConfUtils.java:logGet(43)) - raft.server.snapshot.auto.trigger.threshold = 10000 (custom)
2019-06-12 19:14:48,939 INFO  impl.RaftServerImpl (RaftServerImpl.java:start(173)) - 474081f4-98ab-4666-b66d-863cb91e4ce0: start group-7EFEE7AFCC74
2019-06-12 19:14:48,939 INFO  impl.RaftServerImpl (RaftServerImpl.java:setRole(164)) - 474081f4-98ab-4666-b66d-863cb91e4ce0:group-7EFEE7AFCC74 changes role from null to FOLLOWER at term 0 for startAsFollower
2019-06-12 19:14:48,939 INFO  impl.RoleInfo (RoleInfo.java:updateAndGet(143)) - 474081f4-98ab-4666-b66d-863cb91e4ce0: start FollowerState
2019-06-12 19:14:48,938 INFO  impl.RaftServerImpl (RaftServerImpl.java:start(173)) - f97e7c7e-ed75-4576-92e0-8518368970d2: start group-7EFEE7AFCC74
2019-06-12 19:14:48,939 INFO  server.RaftServerConfigKeys (ConfUtils.java:logGet(43)) - raft.server.retrycache.expirytime = 600000ms (custom)
2019-06-12 19:14:48,939 INFO  util.JmxRegister (JmxRegister.java:tryRegister(44)) - Successfully registered JMX Bean with object name Ratis:service=RaftServer,group=group-7EFEE7AFCC74,id=474081f4-98ab-4666-b66d-863cb91e4ce0
2019-06-12 19:14:48,939 INFO  impl.RaftServerImpl (RaftServerImpl.java:setRole(164)) - f97e7c7e-ed75-4576-92e0-8518368970d2:group-7EFEE7AFCC74 changes role from null to FOLLOWER at term 0 for startAsFollower
2019-06-12 19:14:48,939 INFO  impl.RaftServerImpl (RaftServerImpl.java:start(173)) - 9f047930-6d83-4636-ba44-982af7eec4da: start group-7EFEE7AFCC74
2019-06-12 19:14:48,939 INFO  impl.RoleInfo (RoleInfo.java:updateAndGet(143)) - f97e7c7e-ed75-4576-92e0-8518368970d2: start FollowerState
2019-06-12 19:14:48,939 INFO  impl.RaftServerImpl (RaftServerImpl.java:setRole(164)) - 9f047930-6d83-4636-ba44-982af7eec4da:group-7EFEE7AFCC74 changes role from null to FOLLOWER at term 0 for startAsFollower
2019-06-12 19:14:48,940 INFO  impl.RoleInfo (RoleInfo.java:updateAndGet(143)) - 9f047930-6d83-4636-ba44-982af7eec4da: start FollowerState
2019-06-12 19:14:48,940 INFO  util.JmxRegister (JmxRegister.java:tryRegister(44)) - Successfully registered JMX Bean with object name Ratis:service=RaftServer,group=group-7EFEE7AFCC74,id=f97e7c7e-ed75-4576-92e0-8518368970d2
2019-06-12 19:14:48,940 INFO  util.JmxRegister (JmxRegister.java:tryRegister(44)) - Successfully registered JMX Bean with object name Ratis:service=RaftServer,group=group-7EFEE7AFCC74,id=9f047930-6d83-4636-ba44-982af7eec4da
2019-06-12 19:14:48,954 INFO  pipeline.PipelineStateManager (PipelineStateManager.java:addPipeline(56)) - Created pipeline Pipeline[ Id: f94deb9e-2a88-4016-a095-7efee7afcc74, Nodes: f97e7c7e-ed75-4576-92e0-8518368970d2{ip: 192.168.19.6, host: ozone-m98mp-537477102, networkLocation: /default-rack, certSerialId: null}474081f4-98ab-4666-b66d-863cb91e4ce0{ip: 192.168.19.6, host: ozone-m98mp-537477102, networkLocation: /default-rack, certSerialId: null}9f047930-6d83-4636-ba44-982af7eec4da{ip: 192.168.19.6, host: ozone-m98mp-537477102, networkLocation: /default-rack, certSerialId: null}, Type:RATIS, Factor:THREE, State:OPEN]
2019-06-12 19:14:48,959 INFO  node.SCMNodeManager (SCMNodeManager.java:register(234)) - Registered Data node : ea7ee8fc-a15b-4f2c-83ce-f1a420f63a3d{ip: 192.168.19.6, host: ozone-m98mp-537477102, networkLocation: /default-rack, certSerialId: null}
2019-06-12 19:14:48,972 INFO  impl.RaftServerProxy (RaftServerProxy.java:addNew(89)) - ea7ee8fc-a15b-4f2c-83ce-f1a420f63a3d: addNew group-53B4D0E02014:[ea7ee8fc-a15b-4f2c-83ce-f1a420f63a3d:192.168.19.6:35307] returns group-53B4D0E02014:java.util.concurrent.CompletableFuture@1e80dd76[Not completed]
2019-06-12 19:14:48,973 INFO  impl.RaftServerImpl (RaftServerImpl.java:<init>(91)) - ea7ee8fc-a15b-4f2c-83ce-f1a420f63a3d: new RaftServerImpl for group-53B4D0E02014:[ea7ee8fc-a15b-4f2c-83ce-f1a420f63a3d:192.168.19.6:35307] with ContainerStateMachine:uninitialized
2019-06-12 19:14:48,973 INFO  server.RaftServerConfigKeys (ConfUtils.java:logGet(43)) - raft.server.rpc.timeout.min = 1s (custom)
2019-06-12 19:14:48,974 INFO  server.RaftServerConfigKeys (ConfUtils.java:logGet(43)) - raft.server.rpc.timeout.max = 1200ms (custom)
2019-06-12 19:14:48,974 INFO  server.RaftServerConfigKeys (ConfUtils.java:logGet(43)) - raft.server.rpcslowness.timeout = 10s (custom)
2019-06-12 19:14:48,974 INFO  server.RaftServerConfigKeys (ConfUtils.java:logGet(43)) - raft.server.log.appender.install.snapshot.enabled = true (default)
2019-06-12 19:14:48,974 INFO  impl.RaftServerImpl (ServerState.java:<init>(101)) - ea7ee8fc-a15b-4f2c-83ce-f1a420f63a3d:group-53B4D0E02014 ConfigurationManager, init=-1: [ea7ee8fc-a15b-4f2c-83ce-f1a420f63a3d:192.168.19.6:35307], old=null, confs=<EMPTY_MAP>
2019-06-12 19:14:48,974 INFO  server.RaftServerConfigKeys (ConfUtils.java:logGet(43)) - raft.server.storage.dir = [/opt/src/hadoop-ozone/integration-test/target/test-dir/MiniOzoneClusterImpl-b1317580-f779-4086-8147-4ac774377abd/datanode-4/data/ratis] (custom)
2019-06-12 19:14:48,974 INFO  storage.RaftStorageDirectory (RaftStorageDirectory.java:analyzeStorage(246)) - The storage directory /opt/src/hadoop-ozone/integration-test/target/test-dir/MiniOzoneClusterImpl-b1317580-f779-4086-8147-4ac774377abd/datanode-4/data/ratis/3fd96153-223c-4f0e-8acf-53b4d0e02014 does not exist. Creating ...
2019-06-12 19:14:48,976 INFO  storage.RaftStorageDirectory (RaftStorageDirectory.java:tryLock(328)) - Lock on /opt/src/hadoop-ozone/integration-test/target/test-dir/MiniOzoneClusterImpl-b1317580-f779-4086-8147-4ac774377abd/datanode-4/data/ratis/3fd96153-223c-4f0e-8acf-53b4d0e02014/in_use.lock acquired by nodename 10129@ozone-m98mp-537477102
2019-06-12 19:14:48,978 INFO  storage.RaftStorage (RaftStorage.java:format(75)) - Storage directory /opt/src/hadoop-ozone/integration-test/target/test-dir/MiniOzoneClusterImpl-b1317580-f779-4086-8147-4ac774377abd/datanode-4/data/ratis/3fd96153-223c-4f0e-8acf-53b4d0e02014 has been successfully formatted.
2019-06-12 19:14:48,978 INFO  ratis.ContainerStateMachine (ContainerStateMachine.java:loadSnapshot(199)) - The snapshot info is null.Setting the last applied index to:(t:0, i:~)
2019-06-12 19:14:48,978 INFO  server.RaftServerConfigKeys (ConfUtils.java:logGet(43)) - raft.server.leader.election.timeout = 10s (custom)
2019-06-12 19:14:48,979 INFO  server.RaftServerConfigKeys (ConfUtils.java:logGet(43)) - raft.server.log.use.memory = false (default)
2019-06-12 19:14:48,979 INFO  server.RaftServerConfigKeys (ConfUtils.java:logGet(43)) - raft.server.log.appender.buffer.byte-limit = 33554432 (custom)
2019-06-12 19:14:48,979 INFO  server.RaftServerConfigKeys (ConfUtils.java:logGet(43)) - raft.server.log.segment.size.max = 16384 (custom)
2019-06-12 19:14:48,979 INFO  server.RaftServerConfigKeys (ConfUtils.java:logGet(43)) - raft.server.log.segment.cache.num.max = 2 (custom)
2019-06-12 19:14:48,979 INFO  storage.RaftLogWorker (RaftLogWorker.java:<init>(123)) - new ea7ee8fc-a15b-4f2c-83ce-f1a420f63a3d-RaftLogWorker for Storage Directory /opt/src/hadoop-ozone/integration-test/target/test-dir/MiniOzoneClusterImpl-b1317580-f779-4086-8147-4ac774377abd/datanode-4/data/ratis/3fd96153-223c-4f0e-8acf-53b4d0e02014
2019-06-12 19:14:48,979 INFO  server.RaftServerConfigKeys (ConfUtils.java:logGet(43)) - raft.server.log.queue.byte-limit = 2147483647 (custom)
2019-06-12 19:14:48,979 INFO  server.RaftServerConfigKeys (ConfUtils.java:logGet(43)) - raft.server.log.queue.element-limit = 1024 (custom)
2019-06-12 19:14:48,979 INFO  server.RaftServerConfigKeys (ConfUtils.java:logGet(43)) - raft.server.log.segment.size.max = 16384 (custom)
2019-06-12 19:14:48,979 INFO  server.RaftServerConfigKeys (ConfUtils.java:logGet(43)) - raft.server.log.preallocated.size = 16384 (custom)
2019-06-12 19:14:48,979 INFO  server.RaftServerConfigKeys (ConfUtils.java:logGet(43)) - raft.server.log.write.buffer.size = 33554432 (custom)
2019-06-12 19:14:48,979 INFO  server.RaftServerConfigKeys (ConfUtils.java:logGet(43)) - raft.server.log.force.sync.num = 128 (default)
2019-06-12 19:14:48,979 INFO  server.RaftServerConfigKeys (ConfUtils.java:logGet(43)) - raft.server.log.statemachine.data.sync = true (default)
2019-06-12 19:14:48,980 INFO  server.RaftServerConfigKeys (ConfUtils.java:logGet(43)) - raft.server.log.statemachine.data.sync.timeout = 10s (default)
2019-06-12 19:14:48,980 INFO  server.RaftServerConfigKeys (ConfUtils.java:logGet(43)) - raft.server.log.statemachine.data.sync.timeout.retry = -1 (default)
2019-06-12 19:14:48,980 INFO  server.RaftServerConfigKeys (ConfUtils.java:logGet(43)) - raft.server.log.statemachine.data.caching.enabled = true (custom)
2019-06-12 19:14:48,980 INFO  server.RaftServerConfigKeys (ConfUtils.java:logGet(43)) - raft.server.snapshot.auto.trigger.enabled = true (custom)
2019-06-12 19:14:48,980 INFO  server.RaftServerConfigKeys (ConfUtils.java:logGet(43)) - raft.server.snapshot.auto.trigger.threshold = 10000 (custom)
2019-06-12 19:14:48,980 INFO  server.RaftServerConfigKeys (ConfUtils.java:logGet(43)) - raft.server.retrycache.expirytime = 600000ms (custom)
2019-06-12 19:14:48,980 INFO  impl.RaftServerImpl (RaftServerImpl.java:start(173)) - ea7ee8fc-a15b-4f2c-83ce-f1a420f63a3d: start group-53B4D0E02014
2019-06-12 19:14:48,981 INFO  impl.RaftServerImpl (RaftServerImpl.java:setRole(164)) - ea7ee8fc-a15b-4f2c-83ce-f1a420f63a3d:group-53B4D0E02014 changes role from null to FOLLOWER at term 0 for startAsFollower
2019-06-12 19:14:48,981 INFO  impl.RoleInfo (RoleInfo.java:updateAndGet(143)) - ea7ee8fc-a15b-4f2c-83ce-f1a420f63a3d: start FollowerState
2019-06-12 19:14:48,981 INFO  util.JmxRegister (JmxRegister.java:tryRegister(44)) - Successfully registered JMX Bean with object name Ratis:service=RaftServer,group=group-53B4D0E02014,id=ea7ee8fc-a15b-4f2c-83ce-f1a420f63a3d
2019-06-12 19:14:48,992 INFO  pipeline.PipelineStateManager (PipelineStateManager.java:addPipeline(56)) - Created pipeline Pipeline[ Id: 3fd96153-223c-4f0e-8acf-53b4d0e02014, Nodes: ea7ee8fc-a15b-4f2c-83ce-f1a420f63a3d{ip: 192.168.19.6, host: ozone-m98mp-537477102, networkLocation: /default-rack, certSerialId: null}, Type:RATIS, Factor:ONE, State:OPEN]
2019-06-12 19:14:49,142 INFO  ozone.MiniOzoneClusterImpl (MiniOzoneClusterImpl.java:lambda$waitForClusterToBeReady$0(142)) - Waiting for cluster to be ready. Got 5 of 6 DN Heartbeats.
2019-06-12 19:14:49,156 INFO  node.SCMNodeManager (SCMNodeManager.java:register(234)) - Registered Data node : bc6c7ac5-51b7-479e-aac3-40cb5cdf6e14{ip: 192.168.19.6, host: ozone-m98mp-537477102, networkLocation: /default-rack, certSerialId: null}
2019-06-12 19:14:49,167 INFO  impl.RaftServerProxy (RaftServerProxy.java:addNew(89)) - bc6c7ac5-51b7-479e-aac3-40cb5cdf6e14: addNew group-FF4CF46436EE:[bc6c7ac5-51b7-479e-aac3-40cb5cdf6e14:192.168.19.6:36373] returns group-FF4CF46436EE:java.util.concurrent.CompletableFuture@66ba20ea[Not completed]
2019-06-12 19:14:49,168 INFO  impl.RaftServerImpl (RaftServerImpl.java:<init>(91)) - bc6c7ac5-51b7-479e-aac3-40cb5cdf6e14: new RaftServerImpl for group-FF4CF46436EE:[bc6c7ac5-51b7-479e-aac3-40cb5cdf6e14:192.168.19.6:36373] with ContainerStateMachine:uninitialized
2019-06-12 19:14:49,168 INFO  server.RaftServerConfigKeys (ConfUtils.java:logGet(43)) - raft.server.rpc.timeout.min = 1s (custom)
2019-06-12 19:14:49,168 INFO  server.RaftServerConfigKeys (ConfUtils.java:logGet(43)) - raft.server.rpc.timeout.max = 1200ms (custom)
2019-06-12 19:14:49,168 INFO  server.RaftServerConfigKeys (ConfUtils.java:logGet(43)) - raft.server.rpcslowness.timeout = 10s (custom)
2019-06-12 19:14:49,168 INFO  server.RaftServerConfigKeys (ConfUtils.java:logGet(43)) - raft.server.log.appender.install.snapshot.enabled = true (default)
2019-06-12 19:14:49,169 INFO  impl.RaftServerImpl (ServerState.java:<init>(101)) - bc6c7ac5-51b7-479e-aac3-40cb5cdf6e14:group-FF4CF46436EE ConfigurationManager, init=-1: [bc6c7ac5-51b7-479e-aac3-40cb5cdf6e14:192.168.19.6:36373], old=null, confs=<EMPTY_MAP>
2019-06-12 19:14:49,169 INFO  server.RaftServerConfigKeys (ConfUtils.java:logGet(43)) - raft.server.storage.dir = [/opt/src/hadoop-ozone/integration-test/target/test-dir/MiniOzoneClusterImpl-b1317580-f779-4086-8147-4ac774377abd/datanode-5/data/ratis] (custom)
2019-06-12 19:14:49,169 INFO  storage.RaftStorageDirectory (RaftStorageDirectory.java:analyzeStorage(246)) - The storage directory /opt/src/hadoop-ozone/integration-test/target/test-dir/MiniOzoneClusterImpl-b1317580-f779-4086-8147-4ac774377abd/datanode-5/data/ratis/93c67e10-fce9-4a89-a8a5-ff4cf46436ee does not exist. Creating ...
2019-06-12 19:14:49,171 INFO  storage.RaftStorageDirectory (RaftStorageDirectory.java:tryLock(328)) - Lock on /opt/src/hadoop-ozone/integration-test/target/test-dir/MiniOzoneClusterImpl-b1317580-f779-4086-8147-4ac774377abd/datanode-5/data/ratis/93c67e10-fce9-4a89-a8a5-ff4cf46436ee/in_use.lock acquired by nodename 10129@ozone-m98mp-537477102
2019-06-12 19:14:49,174 INFO  storage.RaftStorage (RaftStorage.java:format(75)) - Storage directory /opt/src/hadoop-ozone/integration-test/target/test-dir/MiniOzoneClusterImpl-b1317580-f779-4086-8147-4ac774377abd/datanode-5/data/ratis/93c67e10-fce9-4a89-a8a5-ff4cf46436ee has been successfully formatted.
2019-06-12 19:14:49,174 INFO  ratis.ContainerStateMachine (ContainerStateMachine.java:loadSnapshot(199)) - The snapshot info is null.Setting the last applied index to:(t:0, i:~)
2019-06-12 19:14:49,174 INFO  server.RaftServerConfigKeys (ConfUtils.java:logGet(43)) - raft.server.leader.election.timeout = 10s (custom)
2019-06-12 19:14:49,174 INFO  server.RaftServerConfigKeys (ConfUtils.java:logGet(43)) - raft.server.log.use.memory = false (default)
2019-06-12 19:14:49,174 INFO  server.RaftServerConfigKeys (ConfUtils.java:logGet(43)) - raft.server.log.appender.buffer.byte-limit = 33554432 (custom)
2019-06-12 19:14:49,174 INFO  server.RaftServerConfigKeys (ConfUtils.java:logGet(43)) - raft.server.log.segment.size.max = 16384 (custom)
2019-06-12 19:14:49,174 INFO  server.RaftServerConfigKeys (ConfUtils.java:logGet(43)) - raft.server.log.segment.cache.num.max = 2 (custom)
2019-06-12 19:14:49,174 INFO  storage.RaftLogWorker (RaftLogWorker.java:<init>(123)) - new bc6c7ac5-51b7-479e-aac3-40cb5cdf6e14-RaftLogWorker for Storage Directory /opt/src/hadoop-ozone/integration-test/target/test-dir/MiniOzoneClusterImpl-b1317580-f779-4086-8147-4ac774377abd/datanode-5/data/ratis/93c67e10-fce9-4a89-a8a5-ff4cf46436ee
2019-06-12 19:14:49,174 INFO  server.RaftServerConfigKeys (ConfUtils.java:logGet(43)) - raft.server.log.queue.byte-limit = 2147483647 (custom)
2019-06-12 19:14:49,174 INFO  server.RaftServerConfigKeys (ConfUtils.java:logGet(43)) - raft.server.log.queue.element-limit = 1024 (custom)
2019-06-12 19:14:49,174 INFO  server.RaftServerConfigKeys (ConfUtils.java:logGet(43)) - raft.server.log.segment.size.max = 16384 (custom)
2019-06-12 19:14:49,175 INFO  server.RaftServerConfigKeys (ConfUtils.java:logGet(43)) - raft.server.log.preallocated.size = 16384 (custom)
2019-06-12 19:14:49,175 INFO  server.RaftServerConfigKeys (ConfUtils.java:logGet(43)) - raft.server.log.write.buffer.size = 33554432 (custom)
2019-06-12 19:14:49,175 INFO  server.RaftServerConfigKeys (ConfUtils.java:logGet(43)) - raft.server.log.force.sync.num = 128 (default)
2019-06-12 19:14:49,175 INFO  server.RaftServerConfigKeys (ConfUtils.java:logGet(43)) - raft.server.log.statemachine.data.sync = true (default)
2019-06-12 19:14:49,175 INFO  server.RaftServerConfigKeys (ConfUtils.java:logGet(43)) - raft.server.log.statemachine.data.sync.timeout = 10s (default)
2019-06-12 19:14:49,175 INFO  server.RaftServerConfigKeys (ConfUtils.java:logGet(43)) - raft.server.log.statemachine.data.sync.timeout.retry = -1 (default)
2019-06-12 19:14:49,175 INFO  server.RaftServerConfigKeys (ConfUtils.java:logGet(43)) - raft.server.log.statemachine.data.caching.enabled = true (custom)
2019-06-12 19:14:49,175 INFO  server.RaftServerConfigKeys (ConfUtils.java:logGet(43)) - raft.server.snapshot.auto.trigger.enabled = true (custom)
2019-06-12 19:14:49,176 INFO  server.RaftServerConfigKeys (ConfUtils.java:logGet(43)) - raft.server.snapshot.auto.trigger.threshold = 10000 (custom)
2019-06-12 19:14:49,176 INFO  server.RaftServerConfigKeys (ConfUtils.java:logGet(43)) - raft.server.retrycache.expirytime = 600000ms (custom)
2019-06-12 19:14:49,176 INFO  impl.RaftServerImpl (RaftServerImpl.java:start(173)) - bc6c7ac5-51b7-479e-aac3-40cb5cdf6e14: start group-FF4CF46436EE
2019-06-12 19:14:49,176 INFO  impl.RaftServerImpl (RaftServerImpl.java:setRole(164)) - bc6c7ac5-51b7-479e-aac3-40cb5cdf6e14:group-FF4CF46436EE changes role from null to FOLLOWER at term 0 for startAsFollower
2019-06-12 19:14:49,176 INFO  impl.RoleInfo (RoleInfo.java:updateAndGet(143)) - bc6c7ac5-51b7-479e-aac3-40cb5cdf6e14: start FollowerState
2019-06-12 19:14:49,176 INFO  util.JmxRegister (JmxRegister.java:tryRegister(44)) - Successfully registered JMX Bean with object name Ratis:service=RaftServer,group=group-FF4CF46436EE,id=bc6c7ac5-51b7-479e-aac3-40cb5cdf6e14
2019-06-12 19:14:49,182 INFO  pipeline.PipelineStateManager (PipelineStateManager.java:addPipeline(56)) - Created pipeline Pipeline[ Id: 93c67e10-fce9-4a89-a8a5-ff4cf46436ee, Nodes: bc6c7ac5-51b7-479e-aac3-40cb5cdf6e14{ip: 192.168.19.6, host: ozone-m98mp-537477102, networkLocation: /default-rack, certSerialId: null}, Type:RATIS, Factor:ONE, State:OPEN]
2019-06-12 19:14:49,203 INFO  impl.RaftServerProxy (RaftServerProxy.java:addNew(89)) - ea7ee8fc-a15b-4f2c-83ce-f1a420f63a3d: addNew group-98EA897520B5:[bc6c7ac5-51b7-479e-aac3-40cb5cdf6e14:192.168.19.6:36373, 01a34482-c46d-4df3-8915-0c7b7b184ed5:192.168.19.6:34489, ea7ee8fc-a15b-4f2c-83ce-f1a420f63a3d:192.168.19.6:35307] returns group-98EA897520B5:java.util.concurrent.CompletableFuture@5410ccac[Not completed]
2019-06-12 19:14:49,203 INFO  impl.RaftServerProxy (RaftServerProxy.java:addNew(89)) - 01a34482-c46d-4df3-8915-0c7b7b184ed5: addNew group-98EA897520B5:[bc6c7ac5-51b7-479e-aac3-40cb5cdf6e14:192.168.19.6:36373, 01a34482-c46d-4df3-8915-0c7b7b184ed5:192.168.19.6:34489, ea7ee8fc-a15b-4f2c-83ce-f1a420f63a3d:192.168.19.6:35307] returns group-98EA897520B5:java.util.concurrent.CompletableFuture@50a856b1[Not completed]
2019-06-12 19:14:49,203 INFO  impl.RaftServerProxy (RaftServerProxy.java:addNew(89)) - bc6c7ac5-51b7-479e-aac3-40cb5cdf6e14: addNew group-98EA897520B5:[bc6c7ac5-51b7-479e-aac3-40cb5cdf6e14:192.168.19.6:36373, 01a34482-c46d-4df3-8915-0c7b7b184ed5:192.168.19.6:34489, ea7ee8fc-a15b-4f2c-83ce-f1a420f63a3d:192.168.19.6:35307] returns group-98EA897520B5:java.util.concurrent.CompletableFuture@3d9c9824[Not completed]
2019-06-12 19:14:49,204 INFO  impl.RaftServerImpl (RaftServerImpl.java:<init>(91)) - ea7ee8fc-a15b-4f2c-83ce-f1a420f63a3d: new RaftServerImpl for group-98EA897520B5:[bc6c7ac5-51b7-479e-aac3-40cb5cdf6e14:192.168.19.6:36373, 01a34482-c46d-4df3-8915-0c7b7b184ed5:192.168.19.6:34489, ea7ee8fc-a15b-4f2c-83ce-f1a420f63a3d:192.168.19.6:35307] with ContainerStateMachine:uninitialized
2019-06-12 19:14:49,204 INFO  server.RaftServerConfigKeys (ConfUtils.java:logGet(43)) - raft.server.rpc.timeout.min = 1s (custom)
2019-06-12 19:14:49,204 INFO  server.RaftServerConfigKeys (ConfUtils.java:logGet(43)) - raft.server.rpc.timeout.max = 1200ms (custom)
2019-06-12 19:14:49,204 INFO  server.RaftServerConfigKeys (ConfUtils.java:logGet(43)) - raft.server.rpcslowness.timeout = 10s (custom)
2019-06-12 19:14:49,204 INFO  impl.RaftServerImpl (RaftServerImpl.java:<init>(91)) - bc6c7ac5-51b7-479e-aac3-40cb5cdf6e14: new RaftServerImpl for group-98EA897520B5:[bc6c7ac5-51b7-479e-aac3-40cb5cdf6e14:192.168.19.6:36373, 01a34482-c46d-4df3-8915-0c7b7b184ed5:192.168.19.6:34489, ea7ee8fc-a15b-4f2c-83ce-f1a420f63a3d:192.168.19.6:35307] with ContainerStateMachine:uninitialized
2019-06-12 19:14:49,204 INFO  server.RaftServerConfigKeys (ConfUtils.java:logGet(43)) - raft.server.log.appender.install.snapshot.enabled = true (default)
2019-06-12 19:14:49,204 INFO  server.RaftServerConfigKeys (ConfUtils.java:logGet(43)) - raft.server.rpc.timeout.min = 1s (custom)
2019-06-12 19:14:49,204 INFO  impl.RaftServerImpl (ServerState.java:<init>(101)) - ea7ee8fc-a15b-4f2c-83ce-f1a420f63a3d:group-98EA897520B5 ConfigurationManager, init=-1: [bc6c7ac5-51b7-479e-aac3-40cb5cdf6e14:192.168.19.6:36373, 01a34482-c46d-4df3-8915-0c7b7b184ed5:192.168.19.6:34489, ea7ee8fc-a15b-4f2c-83ce-f1a420f63a3d:192.168.19.6:35307], old=null, confs=<EMPTY_MAP>
2019-06-12 19:14:49,204 INFO  server.RaftServerConfigKeys (ConfUtils.java:logGet(43)) - raft.server.rpc.timeout.max = 1200ms (custom)
2019-06-12 19:14:49,204 INFO  server.RaftServerConfigKeys (ConfUtils.java:logGet(43)) - raft.server.storage.dir = [/opt/src/hadoop-ozone/integration-test/target/test-dir/MiniOzoneClusterImpl-b1317580-f779-4086-8147-4ac774377abd/datanode-4/data/ratis] (custom)
2019-06-12 19:14:49,204 INFO  impl.RaftServerImpl (RaftServerImpl.java:<init>(91)) - 01a34482-c46d-4df3-8915-0c7b7b184ed5: new RaftServerImpl for group-98EA897520B5:[bc6c7ac5-51b7-479e-aac3-40cb5cdf6e14:192.168.19.6:36373, 01a34482-c46d-4df3-8915-0c7b7b184ed5:192.168.19.6:34489, ea7ee8fc-a15b-4f2c-83ce-f1a420f63a3d:192.168.19.6:35307] with ContainerStateMachine:uninitialized
2019-06-12 19:14:49,204 INFO  server.RaftServerConfigKeys (ConfUtils.java:logGet(43)) - raft.server.rpcslowness.timeout = 10s (custom)
2019-06-12 19:14:49,205 INFO  server.RaftServerConfigKeys (ConfUtils.java:logGet(43)) - raft.server.rpc.timeout.min = 1s (custom)
2019-06-12 19:14:49,205 INFO  storage.RaftStorageDirectory (RaftStorageDirectory.java:analyzeStorage(246)) - The storage directory /opt/src/hadoop-ozone/integration-test/target/test-dir/MiniOzoneClusterImpl-b1317580-f779-4086-8147-4ac774377abd/datanode-4/data/ratis/611a9e42-4c66-4113-b5f5-98ea897520b5 does not exist. Creating ...
2019-06-12 19:14:49,205 INFO  server.RaftServerConfigKeys (ConfUtils.java:logGet(43)) - raft.server.log.appender.install.snapshot.enabled = true (default)
2019-06-12 19:14:49,205 INFO  impl.RaftServerImpl (ServerState.java:<init>(101)) - bc6c7ac5-51b7-479e-aac3-40cb5cdf6e14:group-98EA897520B5 ConfigurationManager, init=-1: [bc6c7ac5-51b7-479e-aac3-40cb5cdf6e14:192.168.19.6:36373, 01a34482-c46d-4df3-8915-0c7b7b184ed5:192.168.19.6:34489, ea7ee8fc-a15b-4f2c-83ce-f1a420f63a3d:192.168.19.6:35307], old=null, confs=<EMPTY_MAP>
2019-06-12 19:14:49,205 INFO  server.RaftServerConfigKeys (ConfUtils.java:logGet(43)) - raft.server.storage.dir = [/opt/src/hadoop-ozone/integration-test/target/test-dir/MiniOzoneClusterImpl-b1317580-f779-4086-8147-4ac774377abd/datanode-5/data/ratis] (custom)
2019-06-12 19:14:49,205 INFO  storage.RaftStorageDirectory (RaftStorageDirectory.java:analyzeStorage(246)) - The storage directory /opt/src/hadoop-ozone/integration-test/target/test-dir/MiniOzoneClusterImpl-b1317580-f779-4086-8147-4ac774377abd/datanode-5/data/ratis/611a9e42-4c66-4113-b5f5-98ea897520b5 does not exist. Creating ...
2019-06-12 19:14:49,205 INFO  server.RaftServerConfigKeys (ConfUtils.java:logGet(43)) - raft.server.rpc.timeout.max = 1200ms (custom)
2019-06-12 19:14:49,206 INFO  server.RaftServerConfigKeys (ConfUtils.java:logGet(43)) - raft.server.rpcslowness.timeout = 10s (custom)
2019-06-12 19:14:49,206 INFO  server.RaftServerConfigKeys (ConfUtils.java:logGet(43)) - raft.server.log.appender.install.snapshot.enabled = true (default)
2019-06-12 19:14:49,206 INFO  impl.RaftServerImpl (ServerState.java:<init>(101)) - 01a34482-c46d-4df3-8915-0c7b7b184ed5:group-98EA897520B5 ConfigurationManager, init=-1: [bc6c7ac5-51b7-479e-aac3-40cb5cdf6e14:192.168.19.6:36373, 01a34482-c46d-4df3-8915-0c7b7b184ed5:192.168.19.6:34489, ea7ee8fc-a15b-4f2c-83ce-f1a420f63a3d:192.168.19.6:35307], old=null, confs=<EMPTY_MAP>
2019-06-12 19:14:49,206 INFO  server.RaftServerConfigKeys (ConfUtils.java:logGet(43)) - raft.server.storage.dir = [/opt/src/hadoop-ozone/integration-test/target/test-dir/MiniOzoneClusterImpl-b1317580-f779-4086-8147-4ac774377abd/datanode-0/data/ratis] (custom)
2019-06-12 19:14:49,207 INFO  storage.RaftStorageDirectory (RaftStorageDirectory.java:analyzeStorage(246)) - The storage directory /opt/src/hadoop-ozone/integration-test/target/test-dir/MiniOzoneClusterImpl-b1317580-f779-4086-8147-4ac774377abd/datanode-0/data/ratis/611a9e42-4c66-4113-b5f5-98ea897520b5 does not exist. Creating ...
2019-06-12 19:14:49,208 INFO  storage.RaftStorageDirectory (RaftStorageDirectory.java:tryLock(328)) - Lock on /opt/src/hadoop-ozone/integration-test/target/test-dir/MiniOzoneClusterImpl-b1317580-f779-4086-8147-4ac774377abd/datanode-4/data/ratis/611a9e42-4c66-4113-b5f5-98ea897520b5/in_use.lock acquired by nodename 10129@ozone-m98mp-537477102
2019-06-12 19:14:49,209 INFO  storage.RaftStorageDirectory (RaftStorageDirectory.java:tryLock(328)) - Lock on /opt/src/hadoop-ozone/integration-test/target/test-dir/MiniOzoneClusterImpl-b1317580-f779-4086-8147-4ac774377abd/datanode-5/data/ratis/611a9e42-4c66-4113-b5f5-98ea897520b5/in_use.lock acquired by nodename 10129@ozone-m98mp-537477102
2019-06-12 19:14:49,210 INFO  storage.RaftStorageDirectory (RaftStorageDirectory.java:tryLock(328)) - Lock on /opt/src/hadoop-ozone/integration-test/target/test-dir/MiniOzoneClusterImpl-b1317580-f779-4086-8147-4ac774377abd/datanode-0/data/ratis/611a9e42-4c66-4113-b5f5-98ea897520b5/in_use.lock acquired by nodename 10129@ozone-m98mp-537477102
2019-06-12 19:14:49,210 INFO  storage.RaftStorage (RaftStorage.java:format(75)) - Storage directory /opt/src/hadoop-ozone/integration-test/target/test-dir/MiniOzoneClusterImpl-b1317580-f779-4086-8147-4ac774377abd/datanode-4/data/ratis/611a9e42-4c66-4113-b5f5-98ea897520b5 has been successfully formatted.
2019-06-12 19:14:49,210 INFO  ratis.ContainerStateMachine (ContainerStateMachine.java:loadSnapshot(199)) - The snapshot info is null.Setting the last applied index to:(t:0, i:~)
2019-06-12 19:14:49,210 INFO  server.RaftServerConfigKeys (ConfUtils.java:logGet(43)) - raft.server.leader.election.timeout = 10s (custom)
2019-06-12 19:14:49,210 INFO  server.RaftServerConfigKeys (ConfUtils.java:logGet(43)) - raft.server.log.use.memory = false (default)
2019-06-12 19:14:49,211 INFO  server.RaftServerConfigKeys (ConfUtils.java:logGet(43)) - raft.server.log.appender.buffer.byte-limit = 33554432 (custom)
2019-06-12 19:14:49,211 INFO  server.RaftServerConfigKeys (ConfUtils.java:logGet(43)) - raft.server.log.segment.size.max = 16384 (custom)
2019-06-12 19:14:49,211 INFO  server.RaftServerConfigKeys (ConfUtils.java:logGet(43)) - raft.server.log.segment.cache.num.max = 2 (custom)
2019-06-12 19:14:49,211 INFO  storage.RaftLogWorker (RaftLogWorker.java:<init>(123)) - new ea7ee8fc-a15b-4f2c-83ce-f1a420f63a3d-RaftLogWorker for Storage Directory /opt/src/hadoop-ozone/integration-test/target/test-dir/MiniOzoneClusterImpl-b1317580-f779-4086-8147-4ac774377abd/datanode-4/data/ratis/611a9e42-4c66-4113-b5f5-98ea897520b5
2019-06-12 19:14:49,211 INFO  server.RaftServerConfigKeys (ConfUtils.java:logGet(43)) - raft.server.log.queue.byte-limit = 2147483647 (custom)
2019-06-12 19:14:49,211 INFO  server.RaftServerConfigKeys (ConfUtils.java:logGet(43)) - raft.server.log.queue.element-limit = 1024 (custom)
2019-06-12 19:14:49,211 INFO  server.RaftServerConfigKeys (ConfUtils.java:logGet(43)) - raft.server.log.segment.size.max = 16384 (custom)
2019-06-12 19:14:49,211 INFO  server.RaftServerConfigKeys (ConfUtils.java:logGet(43)) - raft.server.log.preallocated.size = 16384 (custom)
2019-06-12 19:14:49,211 INFO  server.RaftServerConfigKeys (ConfUtils.java:logGet(43)) - raft.server.log.write.buffer.size = 33554432 (custom)
2019-06-12 19:14:49,211 INFO  server.RaftServerConfigKeys (ConfUtils.java:logGet(43)) - raft.server.log.force.sync.num = 128 (default)
2019-06-12 19:14:49,212 INFO  server.RaftServerConfigKeys (ConfUtils.java:logGet(43)) - raft.server.log.statemachine.data.sync = true (default)
2019-06-12 19:14:49,212 INFO  server.RaftServerConfigKeys (ConfUtils.java:logGet(43)) - raft.server.log.statemachine.data.sync.timeout = 10s (default)
2019-06-12 19:14:49,212 INFO  server.RaftServerConfigKeys (ConfUtils.java:logGet(43)) - raft.server.log.statemachine.data.sync.timeout.retry = -1 (default)
2019-06-12 19:14:49,212 INFO  server.RaftServerConfigKeys (ConfUtils.java:logGet(43)) - raft.server.log.statemachine.data.caching.enabled = true (custom)
2019-06-12 19:14:49,212 INFO  storage.RaftStorage (RaftStorage.java:format(75)) - Storage directory /opt/src/hadoop-ozone/integration-test/target/test-dir/MiniOzoneClusterImpl-b1317580-f779-4086-8147-4ac774377abd/datanode-0/data/ratis/611a9e42-4c66-4113-b5f5-98ea897520b5 has been successfully formatted.
2019-06-12 19:14:49,212 INFO  server.RaftServerConfigKeys (ConfUtils.java:logGet(43)) - raft.server.snapshot.auto.trigger.enabled = true (custom)
2019-06-12 19:14:49,213 INFO  server.RaftServerConfigKeys (ConfUtils.java:logGet(43)) - raft.server.snapshot.auto.trigger.threshold = 10000 (custom)
2019-06-12 19:14:49,213 INFO  server.RaftServerConfigKeys (ConfUtils.java:logGet(43)) - raft.server.retrycache.expirytime = 600000ms (custom)
2019-06-12 19:14:49,213 INFO  impl.RaftServerImpl (RaftServerImpl.java:start(173)) - ea7ee8fc-a15b-4f2c-83ce-f1a420f63a3d: start group-98EA897520B5
2019-06-12 19:14:49,213 INFO  impl.RaftServerImpl (RaftServerImpl.java:setRole(164)) - ea7ee8fc-a15b-4f2c-83ce-f1a420f63a3d:group-98EA897520B5 changes role from null to FOLLOWER at term 0 for startAsFollower
2019-06-12 19:14:49,213 INFO  impl.RoleInfo (RoleInfo.java:updateAndGet(143)) - ea7ee8fc-a15b-4f2c-83ce-f1a420f63a3d: start FollowerState
2019-06-12 19:14:49,212 INFO  storage.RaftStorage (RaftStorage.java:format(75)) - Storage directory /opt/src/hadoop-ozone/integration-test/target/test-dir/MiniOzoneClusterImpl-b1317580-f779-4086-8147-4ac774377abd/datanode-5/data/ratis/611a9e42-4c66-4113-b5f5-98ea897520b5 has been successfully formatted.
2019-06-12 19:14:49,212 INFO  ratis.ContainerStateMachine (ContainerStateMachine.java:loadSnapshot(199)) - The snapshot info is null.Setting the last applied index to:(t:0, i:~)
2019-06-12 19:14:49,214 INFO  ratis.ContainerStateMachine (ContainerStateMachine.java:loadSnapshot(199)) - The snapshot info is null.Setting the last applied index to:(t:0, i:~)
2019-06-12 19:14:49,214 INFO  server.RaftServerConfigKeys (ConfUtils.java:logGet(43)) - raft.server.leader.election.timeout = 10s (custom)
2019-06-12 19:14:49,214 INFO  server.RaftServerConfigKeys (ConfUtils.java:logGet(43)) - raft.server.log.use.memory = false (default)
2019-06-12 19:14:49,214 INFO  server.RaftServerConfigKeys (ConfUtils.java:logGet(43)) - raft.server.log.appender.buffer.byte-limit = 33554432 (custom)
2019-06-12 19:14:49,214 INFO  server.RaftServerConfigKeys (ConfUtils.java:logGet(43)) - raft.server.log.segment.size.max = 16384 (custom)
2019-06-12 19:14:49,214 INFO  server.RaftServerConfigKeys (ConfUtils.java:logGet(43)) - raft.server.log.segment.cache.num.max = 2 (custom)
2019-06-12 19:14:49,214 INFO  storage.RaftLogWorker (RaftLogWorker.java:<init>(123)) - new 01a34482-c46d-4df3-8915-0c7b7b184ed5-RaftLogWorker for Storage Directory /opt/src/hadoop-ozone/integration-test/target/test-dir/MiniOzoneClusterImpl-b1317580-f779-4086-8147-4ac774377abd/datanode-0/data/ratis/611a9e42-4c66-4113-b5f5-98ea897520b5
2019-06-12 19:14:49,214 INFO  server.RaftServerConfigKeys (ConfUtils.java:logGet(43)) - raft.server.log.queue.byte-limit = 2147483647 (custom)
2019-06-12 19:14:49,214 INFO  server.RaftServerConfigKeys (ConfUtils.java:logGet(43)) - raft.server.log.queue.element-limit = 1024 (custom)
2019-06-12 19:14:49,214 INFO  server.RaftServerConfigKeys (ConfUtils.java:logGet(43)) - raft.server.log.segment.size.max = 16384 (custom)
2019-06-12 19:14:49,214 INFO  server.RaftServerConfigKeys (ConfUtils.java:logGet(43)) - raft.server.log.preallocated.size = 16384 (custom)
2019-06-12 19:14:49,214 INFO  server.RaftServerConfigKeys (ConfUtils.java:logGet(43)) - raft.server.log.write.buffer.size = 33554432 (custom)
2019-06-12 19:14:49,214 INFO  server.RaftServerConfigKeys (ConfUtils.java:logGet(43)) - raft.server.log.force.sync.num = 128 (default)
2019-06-12 19:14:49,215 INFO  server.RaftServerConfigKeys (ConfUtils.java:logGet(43)) - raft.server.log.statemachine.data.sync = true (default)
2019-06-12 19:14:49,215 INFO  server.RaftServerConfigKeys (ConfUtils.java:logGet(43)) - raft.server.log.statemachine.data.sync.timeout = 10s (default)
2019-06-12 19:14:49,215 INFO  server.RaftServerConfigKeys (ConfUtils.java:logGet(43)) - raft.server.log.statemachine.data.sync.timeout.retry = -1 (default)
2019-06-12 19:14:49,215 INFO  server.RaftServerConfigKeys (ConfUtils.java:logGet(43)) - raft.server.log.statemachine.data.caching.enabled = true (custom)
2019-06-12 19:14:49,215 INFO  server.RaftServerConfigKeys (ConfUtils.java:logGet(43)) - raft.server.leader.election.timeout = 10s (custom)
2019-06-12 19:14:49,215 INFO  server.RaftServerConfigKeys (ConfUtils.java:logGet(43)) - raft.server.log.use.memory = false (default)
2019-06-12 19:14:49,215 INFO  server.RaftServerConfigKeys (ConfUtils.java:logGet(43)) - raft.server.log.appender.buffer.byte-limit = 33554432 (custom)
2019-06-12 19:14:49,215 INFO  server.RaftServerConfigKeys (ConfUtils.java:logGet(43)) - raft.server.log.segment.size.max = 16384 (custom)
2019-06-12 19:14:49,215 INFO  server.RaftServerConfigKeys (ConfUtils.java:logGet(43)) - raft.server.log.segment.cache.num.max = 2 (custom)
2019-06-12 19:14:49,215 INFO  storage.RaftLogWorker (RaftLogWorker.java:<init>(123)) - new bc6c7ac5-51b7-479e-aac3-40cb5cdf6e14-RaftLogWorker for Storage Directory /opt/src/hadoop-ozone/integration-test/target/test-dir/MiniOzoneClusterImpl-b1317580-f779-4086-8147-4ac774377abd/datanode-5/data/ratis/611a9e42-4c66-4113-b5f5-98ea897520b5
2019-06-12 19:14:49,216 INFO  server.RaftServerConfigKeys (ConfUtils.java:logGet(43)) - raft.server.log.queue.byte-limit = 2147483647 (custom)
2019-06-12 19:14:49,216 INFO  server.RaftServerConfigKeys (ConfUtils.java:logGet(43)) - raft.server.log.queue.element-limit = 1024 (custom)
2019-06-12 19:14:49,216 INFO  server.RaftServerConfigKeys (ConfUtils.java:logGet(43)) - raft.server.log.segment.size.max = 16384 (custom)
2019-06-12 19:14:49,216 INFO  server.RaftServerConfigKeys (ConfUtils.java:logGet(43)) - raft.server.log.preallocated.size = 16384 (custom)
2019-06-12 19:14:49,216 INFO  server.RaftServerConfigKeys (ConfUtils.java:logGet(43)) - raft.server.log.write.buffer.size = 33554432 (custom)
2019-06-12 19:14:49,216 INFO  server.RaftServerConfigKeys (ConfUtils.java:logGet(43)) - raft.server.log.force.sync.num = 128 (default)
2019-06-12 19:14:49,216 INFO  server.RaftServerConfigKeys (ConfUtils.java:logGet(43)) - raft.server.log.statemachine.data.sync = true (default)
2019-06-12 19:14:49,216 INFO  server.RaftServerConfigKeys (ConfUtils.java:logGet(43)) - raft.server.log.statemachine.data.sync.timeout = 10s (default)
2019-06-12 19:14:49,216 INFO  server.RaftServerConfigKeys (ConfUtils.java:logGet(43)) - raft.server.log.statemachine.data.sync.timeout.retry = -1 (default)
2019-06-12 19:14:49,216 INFO  server.RaftServerConfigKeys (ConfUtils.java:logGet(43)) - raft.server.log.statemachine.data.caching.enabled = true (custom)
2019-06-12 19:14:49,214 INFO  util.JmxRegister (JmxRegister.java:tryRegister(44)) - Successfully registered JMX Bean with object name Ratis:service=RaftServer,group=group-98EA897520B5,id=ea7ee8fc-a15b-4f2c-83ce-f1a420f63a3d
2019-06-12 19:14:49,217 INFO  server.RaftServerConfigKeys (ConfUtils.java:logGet(43)) - raft.server.snapshot.auto.trigger.enabled = true (custom)
2019-06-12 19:14:49,217 INFO  server.RaftServerConfigKeys (ConfUtils.java:logGet(43)) - raft.server.snapshot.auto.trigger.threshold = 10000 (custom)
2019-06-12 19:14:49,217 INFO  server.RaftServerConfigKeys (ConfUtils.java:logGet(43)) - raft.server.retrycache.expirytime = 600000ms (custom)
2019-06-12 19:14:49,217 INFO  impl.RaftServerImpl (RaftServerImpl.java:start(173)) - bc6c7ac5-51b7-479e-aac3-40cb5cdf6e14: start group-98EA897520B5
2019-06-12 19:14:49,217 INFO  impl.RaftServerImpl (RaftServerImpl.java:setRole(164)) - bc6c7ac5-51b7-479e-aac3-40cb5cdf6e14:group-98EA897520B5 changes role from null to FOLLOWER at term 0 for startAsFollower
2019-06-12 19:14:49,217 INFO  impl.RoleInfo (RoleInfo.java:updateAndGet(143)) - bc6c7ac5-51b7-479e-aac3-40cb5cdf6e14: start FollowerState
2019-06-12 19:14:49,215 INFO  server.RaftServerConfigKeys (ConfUtils.java:logGet(43)) - raft.server.snapshot.auto.trigger.enabled = true (custom)
2019-06-12 19:14:49,217 INFO  server.RaftServerConfigKeys (ConfUtils.java:logGet(43)) - raft.server.snapshot.auto.trigger.threshold = 10000 (custom)
2019-06-12 19:14:49,217 INFO  util.JmxRegister (JmxRegister.java:tryRegister(44)) - Successfully registered JMX Bean with object name Ratis:service=RaftServer,group=group-98EA897520B5,id=bc6c7ac5-51b7-479e-aac3-40cb5cdf6e14
2019-06-12 19:14:49,218 INFO  server.RaftServerConfigKeys (ConfUtils.java:logGet(43)) - raft.server.retrycache.expirytime = 600000ms (custom)
2019-06-12 19:14:49,218 INFO  impl.RaftServerImpl (RaftServerImpl.java:start(173)) - 01a34482-c46d-4df3-8915-0c7b7b184ed5: start group-98EA897520B5
2019-06-12 19:14:49,218 INFO  impl.RaftServerImpl (RaftServerImpl.java:setRole(164)) - 01a34482-c46d-4df3-8915-0c7b7b184ed5:group-98EA897520B5 changes role from null to FOLLOWER at term 0 for startAsFollower
2019-06-12 19:14:49,218 INFO  impl.RoleInfo (RoleInfo.java:updateAndGet(143)) - 01a34482-c46d-4df3-8915-0c7b7b184ed5: start FollowerState
2019-06-12 19:14:49,219 INFO  util.JmxRegister (JmxRegister.java:tryRegister(44)) - Successfully registered JMX Bean with object name Ratis:service=RaftServer,group=group-98EA897520B5,id=01a34482-c46d-4df3-8915-0c7b7b184ed5
2019-06-12 19:14:49,240 INFO  pipeline.PipelineStateManager (PipelineStateManager.java:addPipeline(56)) - Created pipeline Pipeline[ Id: 611a9e42-4c66-4113-b5f5-98ea897520b5, Nodes: bc6c7ac5-51b7-479e-aac3-40cb5cdf6e14{ip: 192.168.19.6, host: ozone-m98mp-537477102, networkLocation: /default-rack, certSerialId: null}ea7ee8fc-a15b-4f2c-83ce-f1a420f63a3d{ip: 192.168.19.6, host: ozone-m98mp-537477102, networkLocation: /default-rack, certSerialId: null}01a34482-c46d-4df3-8915-0c7b7b184ed5{ip: 192.168.19.6, host: ozone-m98mp-537477102, networkLocation: /default-rack, certSerialId: null}, Type:RATIS, Factor:THREE, State:OPEN]
2019-06-12 19:14:49,801 INFO  impl.FollowerState (FollowerState.java:run(101)) - 01a34482-c46d-4df3-8915-0c7b7b184ed5:group-A079E7A23547 changes to CANDIDATE, lastRpcTime:1114, electionTimeout:1114ms
2019-06-12 19:14:49,801 INFO  impl.RoleInfo (RoleInfo.java:shutdownFollowerState(121)) - 01a34482-c46d-4df3-8915-0c7b7b184ed5: shutdown FollowerState
2019-06-12 19:14:49,801 INFO  impl.RaftServerImpl (RaftServerImpl.java:setRole(164)) - 01a34482-c46d-4df3-8915-0c7b7b184ed5:group-A079E7A23547 changes role from FOLLOWER to CANDIDATE at term 0 for changeToCandidate
2019-06-12 19:14:49,803 INFO  impl.RoleInfo (RoleInfo.java:updateAndGet(143)) - 01a34482-c46d-4df3-8915-0c7b7b184ed5: start LeaderElection
2019-06-12 19:14:49,803 INFO  impl.FollowerState (FollowerState.java:run(101)) - f97e7c7e-ed75-4576-92e0-8518368970d2:group-09C7A46A94E3 changes to CANDIDATE, lastRpcTime:1041, electionTimeout:1040ms
2019-06-12 19:14:49,805 INFO  impl.RoleInfo (RoleInfo.java:shutdownFollowerState(121)) - f97e7c7e-ed75-4576-92e0-8518368970d2: shutdown FollowerState
2019-06-12 19:14:49,805 INFO  impl.RaftServerImpl (RaftServerImpl.java:setRole(164)) - f97e7c7e-ed75-4576-92e0-8518368970d2:group-09C7A46A94E3 changes role from FOLLOWER to CANDIDATE at term 0 for changeToCandidate
2019-06-12 19:14:49,805 INFO  impl.RoleInfo (RoleInfo.java:updateAndGet(143)) - f97e7c7e-ed75-4576-92e0-8518368970d2: start LeaderElection
2019-06-12 19:14:49,811 INFO  impl.LeaderElection (LeaderElection.java:askForVotes(181)) - f97e7c7e-ed75-4576-92e0-8518368970d2:group-09C7A46A94E3:LeaderElection2: begin an election at term 1 for -1: [f97e7c7e-ed75-4576-92e0-8518368970d2:192.168.19.6:34417], old=null
2019-06-12 19:14:49,811 INFO  impl.LeaderElection (LeaderElection.java:askForVotes(181)) - 01a34482-c46d-4df3-8915-0c7b7b184ed5:group-A079E7A23547:LeaderElection1: begin an election at term 1 for -1: [01a34482-c46d-4df3-8915-0c7b7b184ed5:192.168.19.6:34489], old=null
2019-06-12 19:14:49,813 INFO  impl.RoleInfo (RoleInfo.java:shutdownLeaderElection(134)) - f97e7c7e-ed75-4576-92e0-8518368970d2: shutdown LeaderElection
2019-06-12 19:14:49,813 INFO  impl.RoleInfo (RoleInfo.java:shutdownLeaderElection(134)) - 01a34482-c46d-4df3-8915-0c7b7b184ed5: shutdown LeaderElection
2019-06-12 19:14:49,814 INFO  impl.RaftServerImpl (RaftServerImpl.java:setRole(164)) - 01a34482-c46d-4df3-8915-0c7b7b184ed5:group-A079E7A23547 changes role from CANDIDATE to LEADER at term 1 for changeToLeader
2019-06-12 19:14:49,814 INFO  impl.RaftServerImpl (RaftServerImpl.java:setRole(164)) - f97e7c7e-ed75-4576-92e0-8518368970d2:group-09C7A46A94E3 changes role from CANDIDATE to LEADER at term 1 for changeToLeader
2019-06-12 19:14:49,814 INFO  impl.RaftServerImpl (ServerState.java:setLeader(263)) - 01a34482-c46d-4df3-8915-0c7b7b184ed5:group-A079E7A23547 change Leader from null to 01a34482-c46d-4df3-8915-0c7b7b184ed5 at term 1 for becomeLeader, leader elected after 1298ms
2019-06-12 19:14:49,814 INFO  impl.RaftServerImpl (ServerState.java:setLeader(263)) - f97e7c7e-ed75-4576-92e0-8518368970d2:group-09C7A46A94E3 change Leader from null to f97e7c7e-ed75-4576-92e0-8518368970d2 at term 1 for becomeLeader, leader elected after 1056ms
2019-06-12 19:14:49,819 INFO  server.RaftServerConfigKeys (ConfUtils.java:logGet(43)) - raft.server.staging.catchup.gap = 1000 (default)
2019-06-12 19:14:49,819 INFO  server.RaftServerConfigKeys (ConfUtils.java:logGet(43)) - raft.server.staging.catchup.gap = 1000 (default)
2019-06-12 19:14:49,819 INFO  server.RaftServerConfigKeys (ConfUtils.java:logGet(43)) - raft.server.rpc.sleep.time = 25ms (default)
2019-06-12 19:14:49,820 INFO  server.RaftServerConfigKeys (ConfUtils.java:logGet(43)) - raft.server.rpc.sleep.time = 25ms (default)
2019-06-12 19:14:49,823 INFO  server.RaftServerConfigKeys (ConfUtils.java:logGet(43)) - raft.server.watch.timeout = 10s (default)
2019-06-12 19:14:49,823 INFO  server.RaftServerConfigKeys (ConfUtils.java:logGet(43)) - raft.server.watch.timeout = 10s (default)
2019-06-12 19:14:49,823 INFO  server.RaftServerConfigKeys (ConfUtils.java:logGet(43)) - raft.server.watch.timeout.denomination = 1s (default)
2019-06-12 19:14:49,823 INFO  server.RaftServerConfigKeys (ConfUtils.java:logGet(43)) - raft.server.watch.timeout.denomination = 1s (default)
2019-06-12 19:14:49,830 INFO  impl.RoleInfo (RoleInfo.java:updateAndGet(143)) - 01a34482-c46d-4df3-8915-0c7b7b184ed5: start LeaderState
2019-06-12 19:14:49,831 INFO  impl.RoleInfo (RoleInfo.java:updateAndGet(143)) - f97e7c7e-ed75-4576-92e0-8518368970d2: start LeaderState
2019-06-12 19:14:49,847 INFO  storage.RaftLogWorker (RaftLogWorker.java:startLogSegment(298)) - 01a34482-c46d-4df3-8915-0c7b7b184ed5-RaftLogWorker: Starting segment from index:0
2019-06-12 19:14:49,847 INFO  storage.RaftLogWorker (RaftLogWorker.java:startLogSegment(298)) - f97e7c7e-ed75-4576-92e0-8518368970d2-RaftLogWorker: Starting segment from index:0
2019-06-12 19:14:49,876 INFO  impl.RaftServerImpl (ServerState.java:setRaftConf(361)) - f97e7c7e-ed75-4576-92e0-8518368970d2:group-09C7A46A94E3 set configuration 0: [f97e7c7e-ed75-4576-92e0-8518368970d2:192.168.19.6:34417], old=null at 0
2019-06-12 19:14:49,884 INFO  impl.RaftServerImpl (ServerState.java:setRaftConf(361)) - 01a34482-c46d-4df3-8915-0c7b7b184ed5:group-A079E7A23547 set configuration 0: [01a34482-c46d-4df3-8915-0c7b7b184ed5:192.168.19.6:34489], old=null at 0
2019-06-12 19:14:49,999 INFO  impl.FollowerState (FollowerState.java:run(101)) - 9f047930-6d83-4636-ba44-982af7eec4da:group-7EFEE7AFCC74 changes to CANDIDATE, lastRpcTime:1059, electionTimeout:1059ms
2019-06-12 19:14:49,999 INFO  impl.RoleInfo (RoleInfo.java:shutdownFollowerState(121)) - 9f047930-6d83-4636-ba44-982af7eec4da: shutdown FollowerState
2019-06-12 19:14:49,999 INFO  impl.RaftServerImpl (RaftServerImpl.java:setRole(164)) - 9f047930-6d83-4636-ba44-982af7eec4da:group-7EFEE7AFCC74 changes role from FOLLOWER to CANDIDATE at term 0 for changeToCandidate
2019-06-12 19:14:50,000 INFO  impl.RoleInfo (RoleInfo.java:updateAndGet(143)) - 9f047930-6d83-4636-ba44-982af7eec4da: start LeaderElection
2019-06-12 19:14:50,010 INFO  impl.FollowerState (FollowerState.java:run(101)) - ea7ee8fc-a15b-4f2c-83ce-f1a420f63a3d:group-53B4D0E02014 changes to CANDIDATE, lastRpcTime:1029, electionTimeout:1029ms
2019-06-12 19:14:50,011 INFO  impl.RoleInfo (RoleInfo.java:shutdownFollowerState(121)) - ea7ee8fc-a15b-4f2c-83ce-f1a420f63a3d: shutdown FollowerState
2019-06-12 19:14:50,011 INFO  impl.RaftServerImpl (RaftServerImpl.java:setRole(164)) - ea7ee8fc-a15b-4f2c-83ce-f1a420f63a3d:group-53B4D0E02014 changes role from FOLLOWER to CANDIDATE at term 0 for changeToCandidate
2019-06-12 19:14:50,011 INFO  impl.LeaderElection (LeaderElection.java:askForVotes(181)) - 9f047930-6d83-4636-ba44-982af7eec4da:group-7EFEE7AFCC74:LeaderElection3: begin an election at term 1 for -1: [474081f4-98ab-4666-b66d-863cb91e4ce0:192.168.19.6:34053, 9f047930-6d83-4636-ba44-982af7eec4da:192.168.19.6:38037, f97e7c7e-ed75-4576-92e0-8518368970d2:192.168.19.6:34417], old=null
2019-06-12 19:14:50,011 INFO  impl.RoleInfo (RoleInfo.java:updateAndGet(143)) - ea7ee8fc-a15b-4f2c-83ce-f1a420f63a3d: start LeaderElection
2019-06-12 19:14:50,016 INFO  impl.FollowerState (FollowerState.java:run(101)) - 474081f4-98ab-4666-b66d-863cb91e4ce0:group-49825B6C8C0B changes to CANDIDATE, lastRpcTime:1187, electionTimeout:1186ms
2019-06-12 19:14:50,016 INFO  storage.RaftLogWorker (RaftLogWorker.java:execute(469)) - 01a34482-c46d-4df3-8915-0c7b7b184ed5-RaftLogWorker: created new log segment /opt/src/hadoop-ozone/integration-test/target/test-dir/MiniOzoneClusterImpl-b1317580-f779-4086-8147-4ac774377abd/datanode-0/data/ratis/64cd18e4-4385-476c-982e-a079e7a23547/current/log_inprogress_0
2019-06-12 19:14:50,017 INFO  impl.RoleInfo (RoleInfo.java:shutdownFollowerState(121)) - 474081f4-98ab-4666-b66d-863cb91e4ce0: shutdown FollowerState
2019-06-12 19:14:50,017 INFO  impl.RaftServerImpl (RaftServerImpl.java:setRole(164)) - 474081f4-98ab-4666-b66d-863cb91e4ce0:group-49825B6C8C0B changes role from FOLLOWER to CANDIDATE at term 0 for changeToCandidate
2019-06-12 19:14:50,017 INFO  impl.RoleInfo (RoleInfo.java:updateAndGet(143)) - 474081f4-98ab-4666-b66d-863cb91e4ce0: start LeaderElection
2019-06-12 19:14:50,016 INFO  storage.RaftLogWorker (RaftLogWorker.java:execute(469)) - f97e7c7e-ed75-4576-92e0-8518368970d2-RaftLogWorker: created new log segment /opt/src/hadoop-ozone/integration-test/target/test-dir/MiniOzoneClusterImpl-b1317580-f779-4086-8147-4ac774377abd/datanode-2/data/ratis/e5be8f3d-c7d8-4419-98fb-09c7a46a94e3/current/log_inprogress_0
2019-06-12 19:14:50,028 INFO  impl.FollowerState (FollowerState.java:run(101)) - 9f047930-6d83-4636-ba44-982af7eec4da:group-874AD4F1D95E changes to CANDIDATE, lastRpcTime:1161, electionTimeout:1161ms
2019-06-12 19:14:50,029 INFO  impl.LeaderElection (LeaderElection.java:askForVotes(181)) - 474081f4-98ab-4666-b66d-863cb91e4ce0:group-49825B6C8C0B:LeaderElection5: begin an election at term 1 for -1: [474081f4-98ab-4666-b66d-863cb91e4ce0:192.168.19.6:34053], old=null
2019-06-12 19:14:50,029 INFO  impl.RoleInfo (RoleInfo.java:shutdownFollowerState(121)) - 9f047930-6d83-4636-ba44-982af7eec4da: shutdown FollowerState
2019-06-12 19:14:50,029 INFO  impl.RaftServerImpl (RaftServerImpl.java:setRole(164)) - 9f047930-6d83-4636-ba44-982af7eec4da:group-874AD4F1D95E changes role from FOLLOWER to CANDIDATE at term 0 for changeToCandidate
2019-06-12 19:14:50,029 INFO  impl.RoleInfo (RoleInfo.java:updateAndGet(143)) - 9f047930-6d83-4636-ba44-982af7eec4da: start LeaderElection
2019-06-12 19:14:50,029 INFO  impl.RoleInfo (RoleInfo.java:shutdownLeaderElection(134)) - 474081f4-98ab-4666-b66d-863cb91e4ce0: shutdown LeaderElection
2019-06-12 19:14:50,029 INFO  impl.RaftServerImpl (RaftServerImpl.java:setRole(164)) - 474081f4-98ab-4666-b66d-863cb91e4ce0:group-49825B6C8C0B changes role from CANDIDATE to LEADER at term 1 for changeToLeader
2019-06-12 19:14:50,029 INFO  impl.RaftServerImpl (ServerState.java:setLeader(263)) - 474081f4-98ab-4666-b66d-863cb91e4ce0:group-49825B6C8C0B change Leader from null to 474081f4-98ab-4666-b66d-863cb91e4ce0 at term 1 for becomeLeader, leader elected after 1203ms
2019-06-12 19:14:50,029 INFO  impl.LeaderElection (LeaderElection.java:askForVotes(181)) - ea7ee8fc-a15b-4f2c-83ce-f1a420f63a3d:group-53B4D0E02014:LeaderElection4: begin an election at term 1 for -1: [ea7ee8fc-a15b-4f2c-83ce-f1a420f63a3d:192.168.19.6:35307], old=null
2019-06-12 19:14:50,029 INFO  impl.RoleInfo (RoleInfo.java:shutdownLeaderElection(134)) - ea7ee8fc-a15b-4f2c-83ce-f1a420f63a3d: shutdown LeaderElection
2019-06-12 19:14:50,029 INFO  impl.RaftServerImpl (RaftServerImpl.java:setRole(164)) - ea7ee8fc-a15b-4f2c-83ce-f1a420f63a3d:group-53B4D0E02014 changes role from CANDIDATE to LEADER at term 1 for changeToLeader
2019-06-12 19:14:50,030 INFO  impl.RaftServerImpl (ServerState.java:setLeader(263)) - ea7ee8fc-a15b-4f2c-83ce-f1a420f63a3d:group-53B4D0E02014 change Leader from null to ea7ee8fc-a15b-4f2c-83ce-f1a420f63a3d at term 1 for becomeLeader, leader elected after 1051ms
2019-06-12 19:14:50,031 INFO  server.RaftServerConfigKeys (ConfUtils.java:logGet(43)) - raft.server.staging.catchup.gap = 1000 (default)
2019-06-12 19:14:50,031 INFO  server.RaftServerConfigKeys (ConfUtils.java:logGet(43)) - raft.server.rpc.sleep.time = 25ms (default)
2019-06-12 19:14:50,032 INFO  server.RaftServerConfigKeys (ConfUtils.java:logGet(43)) - raft.server.watch.timeout = 10s (default)
2019-06-12 19:14:50,032 INFO  server.RaftServerConfigKeys (ConfUtils.java:logGet(43)) - raft.server.watch.timeout.denomination = 1s (default)
2019-06-12 19:14:50,032 INFO  impl.RoleInfo (RoleInfo.java:updateAndGet(143)) - 474081f4-98ab-4666-b66d-863cb91e4ce0: start LeaderState
2019-06-12 19:14:50,032 INFO  storage.RaftLogWorker (RaftLogWorker.java:startLogSegment(298)) - 474081f4-98ab-4666-b66d-863cb91e4ce0-RaftLogWorker: Starting segment from index:0
2019-06-12 19:14:50,031 INFO  server.RaftServerConfigKeys (ConfUtils.java:logGet(43)) - raft.server.staging.catchup.gap = 1000 (default)
2019-06-12 19:14:50,033 INFO  server.RaftServerConfigKeys (ConfUtils.java:logGet(43)) - raft.server.rpc.sleep.time = 25ms (default)
2019-06-12 19:14:50,054 INFO  impl.FollowerState (FollowerState.java:run(101)) - f97e7c7e-ed75-4576-92e0-8518368970d2:group-7EFEE7AFCC74 changes to CANDIDATE, lastRpcTime:1115, electionTimeout:1097ms
2019-06-12 19:14:50,054 INFO  impl.RaftServerImpl (ServerState.java:setRaftConf(361)) - 474081f4-98ab-4666-b66d-863cb91e4ce0:group-49825B6C8C0B set configuration 0: [474081f4-98ab-4666-b66d-863cb91e4ce0:192.168.19.6:34053], old=null at 0
2019-06-12 19:14:50,055 INFO  server.RaftServerConfigKeys (ConfUtils.java:logGet(43)) - raft.server.watch.timeout = 10s (default)
2019-06-12 19:14:50,055 INFO  server.RaftServerConfigKeys (ConfUtils.java:logGet(43)) - raft.server.watch.timeout.denomination = 1s (default)
2019-06-12 19:14:50,055 INFO  impl.RoleInfo (RoleInfo.java:updateAndGet(143)) - ea7ee8fc-a15b-4f2c-83ce-f1a420f63a3d: start LeaderState
2019-06-12 19:14:50,055 INFO  storage.RaftLogWorker (RaftLogWorker.java:startLogSegment(298)) - ea7ee8fc-a15b-4f2c-83ce-f1a420f63a3d-RaftLogWorker: Starting segment from index:0
2019-06-12 19:14:50,054 INFO  impl.RoleInfo (RoleInfo.java:shutdownFollowerState(121)) - f97e7c7e-ed75-4576-92e0-8518368970d2: shutdown FollowerState
2019-06-12 19:14:50,080 INFO  impl.RaftServerImpl (RaftServerImpl.java:setRole(164)) - f97e7c7e-ed75-4576-92e0-8518368970d2:group-7EFEE7AFCC74 changes role from FOLLOWER to CANDIDATE at term 0 for changeToCandidate
2019-06-12 19:14:50,080 INFO  impl.RoleInfo (RoleInfo.java:updateAndGet(143)) - f97e7c7e-ed75-4576-92e0-8518368970d2: start LeaderElection
2019-06-12 19:14:50,080 INFO  impl.LeaderElection (LeaderElection.java:askForVotes(181)) - 9f047930-6d83-4636-ba44-982af7eec4da:group-874AD4F1D95E:LeaderElection6: begin an election at term 1 for -1: [9f047930-6d83-4636-ba44-982af7eec4da:192.168.19.6:38037], old=null
2019-06-12 19:14:50,083 INFO  storage.RaftLogWorker (RaftLogWorker.java:execute(469)) - 474081f4-98ab-4666-b66d-863cb91e4ce0-RaftLogWorker: created new log segment /opt/src/hadoop-ozone/integration-test/target/test-dir/MiniOzoneClusterImpl-b1317580-f779-4086-8147-4ac774377abd/datanode-1/data/ratis/bac62ce8-bc48-46ec-b27c-49825b6c8c0b/current/log_inprogress_0
2019-06-12 19:14:50,080 INFO  impl.RaftServerImpl (ServerState.java:setRaftConf(361)) - ea7ee8fc-a15b-4f2c-83ce-f1a420f63a3d:group-53B4D0E02014 set configuration 0: [ea7ee8fc-a15b-4f2c-83ce-f1a420f63a3d:192.168.19.6:35307], old=null at 0
2019-06-12 19:14:50,090 INFO  impl.RoleInfo (RoleInfo.java:shutdownLeaderElection(134)) - 9f047930-6d83-4636-ba44-982af7eec4da: shutdown LeaderElection
2019-06-12 19:14:50,091 INFO  impl.RaftServerImpl (RaftServerImpl.java:setRole(164)) - 9f047930-6d83-4636-ba44-982af7eec4da:group-874AD4F1D95E changes role from CANDIDATE to LEADER at term 1 for changeToLeader
2019-06-12 19:14:50,091 INFO  impl.RaftServerImpl (ServerState.java:setLeader(263)) - 9f047930-6d83-4636-ba44-982af7eec4da:group-874AD4F1D95E change Leader from null to 9f047930-6d83-4636-ba44-982af7eec4da at term 1 for becomeLeader, leader elected after 1226ms
2019-06-12 19:14:50,104 INFO  server.RaftServerConfigKeys (ConfUtils.java:logGet(43)) - raft.server.staging.catchup.gap = 1000 (default)
2019-06-12 19:14:50,105 INFO  server.RaftServerConfigKeys (ConfUtils.java:logGet(43)) - raft.server.rpc.sleep.time = 25ms (default)
2019-06-12 19:14:50,105 INFO  server.RaftServerConfigKeys (ConfUtils.java:logGet(43)) - raft.server.watch.timeout = 10s (default)
2019-06-12 19:14:50,105 INFO  server.RaftServerConfigKeys (ConfUtils.java:logGet(43)) - raft.server.watch.timeout.denomination = 1s (default)
2019-06-12 19:14:50,105 INFO  impl.RoleInfo (RoleInfo.java:updateAndGet(143)) - 9f047930-6d83-4636-ba44-982af7eec4da: start LeaderState
2019-06-12 19:14:50,106 INFO  storage.RaftLogWorker (RaftLogWorker.java:startLogSegment(298)) - 9f047930-6d83-4636-ba44-982af7eec4da-RaftLogWorker: Starting segment from index:0
2019-06-12 19:14:50,107 INFO  impl.RaftServerImpl (ServerState.java:setRaftConf(361)) - 9f047930-6d83-4636-ba44-982af7eec4da:group-874AD4F1D95E set configuration 0: [9f047930-6d83-4636-ba44-982af7eec4da:192.168.19.6:38037], old=null at 0
2019-06-12 19:14:50,128 INFO  impl.RaftServerImpl (RaftServerImpl.java:setRole(164)) - f97e7c7e-ed75-4576-92e0-8518368970d2:group-7EFEE7AFCC74 changes role from CANDIDATE to FOLLOWER at term 1 for recognizeCandidate:9f047930-6d83-4636-ba44-982af7eec4da
2019-06-12 19:14:50,128 INFO  impl.RoleInfo (RoleInfo.java:shutdownLeaderElection(134)) - f97e7c7e-ed75-4576-92e0-8518368970d2: shutdown LeaderElection
2019-06-12 19:14:50,128 INFO  impl.RoleInfo (RoleInfo.java:updateAndGet(143)) - f97e7c7e-ed75-4576-92e0-8518368970d2: start FollowerState
2019-06-12 19:14:50,131 INFO  storage.RaftLogWorker (RaftLogWorker.java:execute(469)) - ea7ee8fc-a15b-4f2c-83ce-f1a420f63a3d-RaftLogWorker: created new log segment /opt/src/hadoop-ozone/integration-test/target/test-dir/MiniOzoneClusterImpl-b1317580-f779-4086-8147-4ac774377abd/datanode-4/data/ratis/3fd96153-223c-4f0e-8acf-53b4d0e02014/current/log_inprogress_0
2019-06-12 19:14:50,132 INFO  impl.RaftServerImpl (RaftServerImpl.java:setRole(164)) - 474081f4-98ab-4666-b66d-863cb91e4ce0:group-7EFEE7AFCC74 changes role from FOLLOWER to FOLLOWER at term 1 for recognizeCandidate:9f047930-6d83-4636-ba44-982af7eec4da
2019-06-12 19:14:50,132 INFO  impl.RoleInfo (RoleInfo.java:shutdownFollowerState(121)) - 474081f4-98ab-4666-b66d-863cb91e4ce0: shutdown FollowerState
2019-06-12 19:14:50,133 INFO  impl.RoleInfo (RoleInfo.java:updateAndGet(143)) - 474081f4-98ab-4666-b66d-863cb91e4ce0: start FollowerState
2019-06-12 19:14:50,153 INFO  ozone.MiniOzoneClusterImpl (MiniOzoneClusterImpl.java:lambda$waitForClusterToBeReady$0(142)) - Cluster is ready. Got 6 of 6 DN Heartbeats.
2019-06-12 19:14:50,156 INFO  storage.RaftLogWorker (RaftLogWorker.java:execute(469)) - 9f047930-6d83-4636-ba44-982af7eec4da-RaftLogWorker: created new log segment /opt/src/hadoop-ozone/integration-test/target/test-dir/MiniOzoneClusterImpl-b1317580-f779-4086-8147-4ac774377abd/datanode-3/data/ratis/906cce0e-c5cc-4dbe-bef5-874ad4f1d95e/current/log_inprogress_0
2019-06-12 19:14:50,168 INFO  impl.LeaderElection (LeaderElection.java:logAndReturn(56)) - 9f047930-6d83-4636-ba44-982af7eec4da:group-7EFEE7AFCC74:LeaderElection3: Election PASSED; received 1 response(s) [9f047930-6d83-4636-ba44-982af7eec4da->474081f4-98ab-4666-b66d-863cb91e4ce0,true-t1] and 0 exception(s); 9f047930-6d83-4636-ba44-982af7eec4da:t1, leader=null, voted=9f047930-6d83-4636-ba44-982af7eec4da, raftlog=9f047930-6d83-4636-ba44-982af7eec4da-SegmentedRaftLog:OPENED:c-1,f-1,i0, conf=-1: [474081f4-98ab-4666-b66d-863cb91e4ce0:192.168.19.6:34053, 9f047930-6d83-4636-ba44-982af7eec4da:192.168.19.6:38037, f97e7c7e-ed75-4576-92e0-8518368970d2:192.168.19.6:34417], old=null
2019-06-12 19:14:50,168 INFO  impl.RoleInfo (RoleInfo.java:shutdownLeaderElection(134)) - 9f047930-6d83-4636-ba44-982af7eec4da: shutdown LeaderElection
2019-06-12 19:14:50,168 INFO  impl.RaftServerImpl (RaftServerImpl.java:setRole(164)) - 9f047930-6d83-4636-ba44-982af7eec4da:group-7EFEE7AFCC74 changes role from CANDIDATE to LEADER at term 1 for changeToLeader
2019-06-12 19:14:50,169 INFO  impl.RaftServerImpl (ServerState.java:setLeader(263)) - 9f047930-6d83-4636-ba44-982af7eec4da:group-7EFEE7AFCC74 change Leader from null to 9f047930-6d83-4636-ba44-982af7eec4da at term 1 for becomeLeader, leader elected after 1236ms
2019-06-12 19:14:50,169 INFO  server.RaftServerConfigKeys (ConfUtils.java:logGet(43)) - raft.server.staging.catchup.gap = 1000 (default)
2019-06-12 19:14:50,169 INFO  server.RaftServerConfigKeys (ConfUtils.java:logGet(43)) - raft.server.rpc.sleep.time = 25ms (default)
2019-06-12 19:14:50,169 INFO  server.RaftServerConfigKeys (ConfUtils.java:logGet(43)) - raft.server.watch.timeout = 10s (default)
2019-06-12 19:14:50,169 INFO  server.RaftServerConfigKeys (ConfUtils.java:logGet(43)) - raft.server.watch.timeout.denomination = 1s (default)
2019-06-12 19:14:50,171 INFO  server.RaftServerConfigKeys (ConfUtils.java:logGet(43)) - raft.server.log.appender.snapshot.chunk.size.max = 16MB (=16777216) (default)
2019-06-12 19:14:50,175 INFO  server.RaftServerConfigKeys (ConfUtils.java:logGet(43)) - raft.server.log.appender.buffer.byte-limit = 33554432 (custom)
2019-06-12 19:14:50,175 INFO  server.RaftServerConfigKeys (ConfUtils.java:logGet(43)) - raft.server.log.appender.buffer.element-limit = 1 (custom)
2019-06-12 19:14:50,177 INFO  grpc.GrpcConfigKeys$Server (ConfUtils.java:logGet(43)) - raft.grpc.server.leader.outstanding.appends.max = 128 (default)
2019-06-12 19:14:50,178 INFO  server.RaftServerConfigKeys (ConfUtils.java:logGet(43)) - raft.server.rpc.request.timeout = 3000ms (default)
2019-06-12 19:14:50,178 INFO  server.RaftServerConfigKeys (ConfUtils.java:logGet(43)) - raft.server.log.appender.install.snapshot.enabled = true (default)
]]></system-out>
    <system-err><![CDATA[ERROR StatusLogger No Log4j 2 configuration file found. Using default configuration (logging only errors to the console), or user programmatically provided configurations. Set system property 'log4j2.debug' to show Log4j 2 internal initialization logging. See https://logging.apache.org/log4j/2.x/manual/configuration.html for instructions on how to configure Log4j 2
Jun 12, 2019 7:14:43 PM com.sun.jersey.server.impl.application.WebApplicationImpl _initiate
INFO: Initiating Jersey application, version 'Jersey: 1.19 02/11/2015 03:25 AM'
Jun 12, 2019 7:14:44 PM com.sun.jersey.server.impl.application.WebApplicationImpl _initiate
INFO: Initiating Jersey application, version 'Jersey: 1.19 02/11/2015 03:25 AM'
Jun 12, 2019 7:14:44 PM com.sun.jersey.server.impl.application.WebApplicationImpl _initiate
INFO: Initiating Jersey application, version 'Jersey: 1.19 02/11/2015 03:25 AM'
Jun 12, 2019 7:14:44 PM com.sun.jersey.server.impl.application.WebApplicationImpl _initiate
INFO: Initiating Jersey application, version 'Jersey: 1.19 02/11/2015 03:25 AM'
Jun 12, 2019 7:14:44 PM com.sun.jersey.server.impl.application.WebApplicationImpl _initiate
INFO: Initiating Jersey application, version 'Jersey: 1.19 02/11/2015 03:25 AM'
Jun 12, 2019 7:14:45 PM com.sun.jersey.server.impl.application.WebApplicationImpl _initiate
INFO: Initiating Jersey application, version 'Jersey: 1.19 02/11/2015 03:25 AM'
]]></system-err>
  </testcase>
</testsuite>