<?xml version="1.0" encoding="UTF-8"?>
<testsuite xmlns:xsi="http://www.w3.org/2001/XMLSchema-instance" xsi:noNamespaceSchemaLocation="https://maven.apache.org/surefire/maven-surefire-plugin/xsd/surefire-test-report.xsd" name="org.apache.hadoop.hdds.scm.pipeline.TestNodeFailure" time="10.277" tests="1" errors="0" skipped="1" failures="0">
  <properties>
    <property name="awt.toolkit" value="sun.awt.X11.XToolkit"/>
    <property name="file.encoding.pkg" value="sun.io"/>
    <property name="java.specification.version" value="1.8"/>
    <property name="sun.cpu.isalist" value=""/>
    <property name="sun.jnu.encoding" value="UTF-8"/>
    <property name="java.class.path" value="/opt/src/hadoop-ozone/integration-test/target/test-classes:/opt/src/hadoop-ozone/integration-test/target/classes:/root/.m2/repository/org/apache/hadoop/hadoop-ozone-common/0.5.0-SNAPSHOT/hadoop-ozone-common-0.5.0-SNAPSHOT.jar:/root/.m2/repository/org/apache/commons/commons-compress/1.4.1/commons-compress-1.4.1.jar:/root/.m2/repository/org/tukaani/xz/1.0/xz-1.0.jar:/root/.m2/repository/org/apache/hadoop/hadoop-common/3.2.0/hadoop-common-3.2.0.jar:/root/.m2/repository/org/apache/hadoop/hadoop-hdfs/3.2.0/hadoop-hdfs-3.2.0.jar:/root/.m2/repository/org/apache/hadoop/hadoop-hdfs-client/3.2.0/hadoop-hdfs-client-3.2.0.jar:/root/.m2/repository/com/fasterxml/jackson/core/jackson-annotations/2.9.5/jackson-annotations-2.9.5.jar:/root/.m2/repository/org/apache/hadoop/hadoop-hdds-common/0.5.0-SNAPSHOT/hadoop-hdds-common-0.5.0-SNAPSHOT.jar:/root/.m2/repository/javax/annotation/javax.annotation-api/1.2/javax.annotation-api-1.2.jar:/root/.m2/repository/org/apache/ratis/ratis-server/0.4.0-fe2b15d-SNAPSHOT/ratis-server-0.4.0-fe2b15d-SNAPSHOT.jar:/root/.m2/repository/org/apache/ratis/ratis-thirdparty-misc/0.2.0/ratis-thirdparty-misc-0.2.0.jar:/root/.m2/repository/org/apache/ratis/ratis-proto/0.4.0-fe2b15d-SNAPSHOT/ratis-proto-0.4.0-fe2b15d-SNAPSHOT.jar:/root/.m2/repository/org/apache/ratis/ratis-common/0.4.0-fe2b15d-SNAPSHOT/ratis-common-0.4.0-fe2b15d-SNAPSHOT.jar:/root/.m2/repository/org/apache/ratis/ratis-client/0.4.0-fe2b15d-SNAPSHOT/ratis-client-0.4.0-fe2b15d-SNAPSHOT.jar:/root/.m2/repository/org/apache/ratis/ratis-netty/0.4.0-fe2b15d-SNAPSHOT/ratis-netty-0.4.0-fe2b15d-SNAPSHOT.jar:/root/.m2/repository/org/apache/ratis/ratis-grpc/0.4.0-fe2b15d-SNAPSHOT/ratis-grpc-0.4.0-fe2b15d-SNAPSHOT.jar:/root/.m2/repository/org/rocksdb/rocksdbjni/5.14.2/rocksdbjni-5.14.2.jar:/root/.m2/repository/org/apache/logging/log4j/log4j-api/2.11.0/log4j-api-2.11.0.jar:/root/.m2/repository/org/apache/logging/log4j/log4j-core/2.11.0/log4j-core-2.11.0.jar:/root/.m2/repository/com/lmax/disruptor/3.4.2/disruptor-3.4.2.jar:/root/.m2/repository/org/apache/commons/commons-pool2/2.6.0/commons-pool2-2.6.0.jar:/root/.m2/repository/org/bouncycastle/bcpkix-jdk15on/1.60/bcpkix-jdk15on-1.60.jar:/root/.m2/repository/commons-validator/commons-validator/1.6/commons-validator-1.6.jar:/root/.m2/repository/commons-digester/commons-digester/1.8.1/commons-digester-1.8.1.jar:/root/.m2/repository/io/jaegertracing/jaeger-client/0.33.1/jaeger-client-0.33.1.jar:/root/.m2/repository/io/jaegertracing/jaeger-thrift/0.33.1/jaeger-thrift-0.33.1.jar:/root/.m2/repository/org/apache/thrift/libthrift/0.11.0/libthrift-0.11.0.jar:/root/.m2/repository/com/squareup/okhttp3/okhttp/3.9.0/okhttp-3.9.0.jar:/root/.m2/repository/com/squareup/okio/okio/1.13.0/okio-1.13.0.jar:/root/.m2/repository/io/jaegertracing/jaeger-core/0.33.1/jaeger-core-0.33.1.jar:/root/.m2/repository/io/jaegertracing/jaeger-tracerresolver/0.33.1/jaeger-tracerresolver-0.33.1.jar:/root/.m2/repository/io/opentracing/contrib/opentracing-tracerresolver/0.1.5/opentracing-tracerresolver-0.1.5.jar:/root/.m2/repository/io/opentracing/opentracing-util/0.31.0/opentracing-util-0.31.0.jar:/root/.m2/repository/io/opentracing/opentracing-api/0.31.0/opentracing-api-0.31.0.jar:/root/.m2/repository/io/opentracing/opentracing-noop/0.31.0/opentracing-noop-0.31.0.jar:/root/.m2/repository/org/apache/hadoop/hadoop-hdds-server-framework/0.5.0-SNAPSHOT/hadoop-hdds-server-framework-0.5.0-SNAPSHOT.jar:/root/.m2/repository/org/apache/hadoop/hadoop-hdds-server-scm/0.5.0-SNAPSHOT/hadoop-hdds-server-scm-0.5.0-SNAPSHOT.jar:/root/.m2/repository/org/apache/hadoop/hadoop-hdds-container-service/0.5.0-SNAPSHOT/hadoop-hdds-container-service-0.5.0-SNAPSHOT.jar:/root/.m2/repository/org/apache/hadoop/hadoop-hdds-client/0.5.0-SNAPSHOT/hadoop-hdds-client-0.5.0-SNAPSHOT.jar:/root/.m2/repository/org/apache/hadoop/hadoop-hdds-tools/0.5.0-SNAPSHOT/hadoop-hdds-tools-0.5.0-SNAPSHOT.jar:/root/.m2/repository/org/apache/hadoop/hadoop-ozone-ozone-manager/0.5.0-SNAPSHOT/hadoop-ozone-ozone-manager-0.5.0-SNAPSHOT.jar:/root/.m2/repository/org/apache/hadoop/hadoop-hdds-docs/0.5.0-SNAPSHOT/hadoop-hdds-docs-0.5.0-SNAPSHOT.jar:/root/.m2/repository/org/bouncycastle/bcprov-jdk15on/1.60/bcprov-jdk15on-1.60.jar:/root/.m2/repository/org/apache/hadoop/hadoop-minikdc/3.2.0/hadoop-minikdc-3.2.0.jar:/root/.m2/repository/commons-io/commons-io/2.5/commons-io-2.5.jar:/root/.m2/repository/org/apache/kerby/kerb-simplekdc/1.0.1/kerb-simplekdc-1.0.1.jar:/root/.m2/repository/org/apache/kerby/kerb-client/1.0.1/kerb-client-1.0.1.jar:/root/.m2/repository/org/apache/kerby/kerby-config/1.0.1/kerby-config-1.0.1.jar:/root/.m2/repository/org/apache/kerby/kerb-core/1.0.1/kerb-core-1.0.1.jar:/root/.m2/repository/org/apache/kerby/kerby-pkix/1.0.1/kerby-pkix-1.0.1.jar:/root/.m2/repository/org/apache/kerby/kerby-asn1/1.0.1/kerby-asn1-1.0.1.jar:/root/.m2/repository/org/apache/kerby/kerby-util/1.0.1/kerby-util-1.0.1.jar:/root/.m2/repository/org/apache/kerby/kerb-common/1.0.1/kerb-common-1.0.1.jar:/root/.m2/repository/org/apache/kerby/kerb-crypto/1.0.1/kerb-crypto-1.0.1.jar:/root/.m2/repository/org/apache/kerby/kerb-util/1.0.1/kerb-util-1.0.1.jar:/root/.m2/repository/org/apache/kerby/token-provider/1.0.1/token-provider-1.0.1.jar:/root/.m2/repository/org/apache/kerby/kerb-admin/1.0.1/kerb-admin-1.0.1.jar:/root/.m2/repository/org/apache/kerby/kerb-server/1.0.1/kerb-server-1.0.1.jar:/root/.m2/repository/org/apache/kerby/kerb-identity/1.0.1/kerb-identity-1.0.1.jar:/root/.m2/repository/org/apache/kerby/kerby-xdr/1.0.1/kerby-xdr-1.0.1.jar:/root/.m2/repository/org/slf4j/slf4j-log4j12/1.7.25/slf4j-log4j12-1.7.25.jar:/root/.m2/repository/org/apache/hadoop/hadoop-ozone-objectstore-service/0.5.0-SNAPSHOT/hadoop-ozone-objectstore-service-0.5.0-SNAPSHOT.jar:/root/.m2/repository/org/apache/hadoop/hadoop-ozone-s3gateway/0.5.0-SNAPSHOT/hadoop-ozone-s3gateway-0.5.0-SNAPSHOT.jar:/root/.m2/repository/org/jboss/weld/servlet/weld-servlet/2.4.7.Final/weld-servlet-2.4.7.Final.jar:/root/.m2/repository/org/glassfish/jersey/containers/jersey-container-servlet-core/2.27/jersey-container-servlet-core-2.27.jar:/root/.m2/repository/org/glassfish/hk2/external/javax.inject/2.5.0-b42/javax.inject-2.5.0-b42.jar:/root/.m2/repository/org/glassfish/jersey/core/jersey-common/2.27/jersey-common-2.27.jar:/root/.m2/repository/org/glassfish/hk2/osgi-resource-locator/1.0.1/osgi-resource-locator-1.0.1.jar:/root/.m2/repository/javax/ws/rs/javax.ws.rs-api/2.1/javax.ws.rs-api-2.1.jar:/root/.m2/repository/org/glassfish/jersey/ext/cdi/jersey-cdi1x/2.27/jersey-cdi1x-2.27.jar:/root/.m2/repository/org/glassfish/jersey/inject/jersey-hk2/2.27/jersey-hk2-2.27.jar:/root/.m2/repository/org/glassfish/hk2/hk2-locator/2.5.0-b42/hk2-locator-2.5.0-b42.jar:/root/.m2/repository/org/javassist/javassist/3.22.0-CR2/javassist-3.22.0-CR2.jar:/root/.m2/repository/org/glassfish/hk2/hk2-api/2.5.0/hk2-api-2.5.0.jar:/root/.m2/repository/org/glassfish/hk2/external/jakarta.inject/2.5.0/jakarta.inject-2.5.0.jar:/root/.m2/repository/org/glassfish/hk2/hk2-utils/2.5.0/hk2-utils-2.5.0.jar:/root/.m2/repository/jakarta/annotation/jakarta.annotation-api/1.3.4/jakarta.annotation-api-1.3.4.jar:/root/.m2/repository/org/glassfish/hk2/external/aopalliance-repackaged/2.5.0/aopalliance-repackaged-2.5.0.jar:/root/.m2/repository/com/fasterxml/jackson/dataformat/jackson-dataformat-xml/2.9.0/jackson-dataformat-xml-2.9.0.jar:/root/.m2/repository/com/fasterxml/jackson/core/jackson-core/2.9.5/jackson-core-2.9.5.jar:/root/.m2/repository/com/fasterxml/jackson/module/jackson-module-jaxb-annotations/2.9.5/jackson-module-jaxb-annotations-2.9.5.jar:/root/.m2/repository/javax/enterprise/cdi-api/1.2/cdi-api-1.2.jar:/root/.m2/repository/javax/el/javax.el-api/3.0.0/javax.el-api-3.0.0.jar:/root/.m2/repository/javax/interceptor/javax.interceptor-api/1.2/javax.interceptor-api-1.2.jar:/root/.m2/repository/javax/inject/javax.inject/1/javax.inject-1.jar:/root/.m2/repository/com/sun/xml/bind/jaxb-impl/2.3.0.1/jaxb-impl-2.3.0.1.jar:/root/.m2/repository/com/sun/xml/bind/jaxb-core/2.3.0.1/jaxb-core-2.3.0.1.jar:/root/.m2/repository/javax/xml/bind/jaxb-api/2.3.0/jaxb-api-2.3.0.jar:/root/.m2/repository/javax/activation/activation/1.1.1/activation-1.1.1.jar:/root/.m2/repository/org/apache/hadoop/hadoop-ozone-csi/0.5.0-SNAPSHOT/hadoop-ozone-csi-0.5.0-SNAPSHOT.jar:/root/.m2/repository/com/google/protobuf/protobuf-java-util/3.5.1/protobuf-java-util-3.5.1.jar:/root/.m2/repository/org/apache/hadoop/hadoop-hdds-config/0.5.0-SNAPSHOT/hadoop-hdds-config-0.5.0-SNAPSHOT.jar:/root/.m2/repository/com/google/guava/guava/11.0.2/guava-11.0.2.jar:/root/.m2/repository/com/google/protobuf/protobuf-java/2.5.0/protobuf-java-2.5.0.jar:/root/.m2/repository/io/grpc/grpc-netty/1.17.1/grpc-netty-1.17.1.jar:/root/.m2/repository/io/grpc/grpc-core/1.17.1/grpc-core-1.17.1.jar:/root/.m2/repository/io/grpc/grpc-context/1.17.1/grpc-context-1.17.1.jar:/root/.m2/repository/com/google/errorprone/error_prone_annotations/2.2.0/error_prone_annotations-2.2.0.jar:/root/.m2/repository/org/codehaus/mojo/animal-sniffer-annotations/1.17/animal-sniffer-annotations-1.17.jar:/root/.m2/repository/io/opencensus/opencensus-api/0.17.0/opencensus-api-0.17.0.jar:/root/.m2/repository/io/opencensus/opencensus-contrib-grpc-metrics/0.17.0/opencensus-contrib-grpc-metrics-0.17.0.jar:/root/.m2/repository/io/netty/netty-codec-http2/4.1.30.Final/netty-codec-http2-4.1.30.Final.jar:/root/.m2/repository/io/netty/netty-codec-http/4.1.30.Final/netty-codec-http-4.1.30.Final.jar:/root/.m2/repository/io/netty/netty-codec/4.1.30.Final/netty-codec-4.1.30.Final.jar:/root/.m2/repository/io/netty/netty-handler/4.1.30.Final/netty-handler-4.1.30.Final.jar:/root/.m2/repository/io/netty/netty-handler-proxy/4.1.30.Final/netty-handler-proxy-4.1.30.Final.jar:/root/.m2/repository/io/netty/netty-codec-socks/4.1.30.Final/netty-codec-socks-4.1.30.Final.jar:/root/.m2/repository/io/netty/netty-transport-native-epoll/4.1.30.Final/netty-transport-native-epoll-4.1.30.Final.jar:/root/.m2/repository/io/netty/netty-common/4.1.30.Final/netty-common-4.1.30.Final.jar:/root/.m2/repository/io/netty/netty-buffer/4.1.30.Final/netty-buffer-4.1.30.Final.jar:/root/.m2/repository/io/netty/netty-transport/4.1.30.Final/netty-transport-4.1.30.Final.jar:/root/.m2/repository/io/netty/netty-resolver/4.1.30.Final/netty-resolver-4.1.30.Final.jar:/root/.m2/repository/io/netty/netty-transport-native-unix-common/4.1.30.Final/netty-transport-native-unix-common-4.1.30.Final.jar:/root/.m2/repository/io/grpc/grpc-protobuf/1.17.1/grpc-protobuf-1.17.1.jar:/root/.m2/repository/com/google/api/grpc/proto-google-common-protos/1.0.0/proto-google-common-protos-1.0.0.jar:/root/.m2/repository/io/grpc/grpc-protobuf-lite/1.17.1/grpc-protobuf-lite-1.17.1.jar:/root/.m2/repository/io/grpc/grpc-stub/1.17.1/grpc-stub-1.17.1.jar:/root/.m2/repository/org/apache/hadoop/hadoop-ozone-recon/0.5.0-SNAPSHOT/hadoop-ozone-recon-0.5.0-SNAPSHOT.jar:/root/.m2/repository/org/apache/hadoop/hadoop-ozone-reconcodegen/0.5.0-SNAPSHOT/hadoop-ozone-reconcodegen-0.5.0-SNAPSHOT.jar:/root/.m2/repository/com/google/inject/extensions/guice-multibindings/4.0/guice-multibindings-4.0.jar:/root/.m2/repository/com/google/inject/guice/4.0/guice-4.0.jar:/root/.m2/repository/aopalliance/aopalliance/1.0/aopalliance-1.0.jar:/root/.m2/repository/com/google/inject/extensions/guice-servlet/4.0/guice-servlet-4.0.jar:/root/.m2/repository/org/glassfish/jersey/containers/jersey-container-servlet/2.27/jersey-container-servlet-2.27.jar:/root/.m2/repository/org/glassfish/hk2/guice-bridge/2.5.0/guice-bridge-2.5.0.jar:/root/.m2/repository/org/glassfish/jersey/core/jersey-server/2.27/jersey-server-2.27.jar:/root/.m2/repository/org/glassfish/jersey/core/jersey-client/2.27/jersey-client-2.27.jar:/root/.m2/repository/org/glassfish/jersey/media/jersey-media-jaxb/2.27/jersey-media-jaxb-2.27.jar:/root/.m2/repository/javax/validation/validation-api/1.1.0.Final/validation-api-1.1.0.Final.jar:/root/.m2/repository/org/glassfish/jersey/media/jersey-media-json-jackson/2.27/jersey-media-json-jackson-2.27.jar:/root/.m2/repository/org/glassfish/jersey/ext/jersey-entity-filtering/2.27/jersey-entity-filtering-2.27.jar:/root/.m2/repository/com/google/inject/extensions/guice-assistedinject/4.0/guice-assistedinject-4.0.jar:/root/.m2/repository/org/jooq/jooq/3.11.10/jooq-3.11.10.jar:/root/.m2/repository/org/jooq/jooq-meta/3.11.10/jooq-meta-3.11.10.jar:/root/.m2/repository/org/jooq/jooq-codegen/3.11.10/jooq-codegen-3.11.10.jar:/root/.m2/repository/com/jolbox/bonecp/0.8.0.RELEASE/bonecp-0.8.0.RELEASE.jar:/root/.m2/repository/org/xerial/sqlite-jdbc/3.25.2/sqlite-jdbc-3.25.2.jar:/root/.m2/repository/org/springframework/spring-jdbc/5.1.3.RELEASE/spring-jdbc-5.1.3.RELEASE.jar:/root/.m2/repository/org/springframework/spring-beans/5.1.3.RELEASE/spring-beans-5.1.3.RELEASE.jar:/root/.m2/repository/org/springframework/spring-core/5.1.3.RELEASE/spring-core-5.1.3.RELEASE.jar:/root/.m2/repository/org/springframework/spring-jcl/5.1.3.RELEASE/spring-jcl-5.1.3.RELEASE.jar:/root/.m2/repository/org/springframework/spring-tx/5.1.3.RELEASE/spring-tx-5.1.3.RELEASE.jar:/root/.m2/repository/org/apache/hadoop/hadoop-ozone-client/0.5.0-SNAPSHOT/hadoop-ozone-client-0.5.0-SNAPSHOT.jar:/root/.m2/repository/org/apache/hadoop/hadoop-ozone-ozone-manager/0.5.0-SNAPSHOT/hadoop-ozone-ozone-manager-0.5.0-SNAPSHOT-tests.jar:/root/.m2/repository/junit/junit/4.11/junit-4.11.jar:/root/.m2/repository/org/hamcrest/hamcrest-core/1.3/hamcrest-core-1.3.jar:/root/.m2/repository/org/openjdk/jmh/jmh-core/1.19/jmh-core-1.19.jar:/root/.m2/repository/net/sf/jopt-simple/jopt-simple/4.6/jopt-simple-4.6.jar:/root/.m2/repository/org/apache/commons/commons-math3/3.1.1/commons-math3-3.1.1.jar:/root/.m2/repository/org/openjdk/jmh/jmh-generator-annprocess/1.19/jmh-generator-annprocess-1.19.jar:/root/.m2/repository/org/mockito/mockito-all/1.8.5/mockito-all-1.8.5.jar:/root/.m2/repository/org/apache/hadoop/hadoop-kms/3.2.0/hadoop-kms-3.2.0.jar:/root/.m2/repository/org/apache/hadoop/hadoop-auth/3.2.0/hadoop-auth-3.2.0.jar:/root/.m2/repository/com/nimbusds/nimbus-jose-jwt/4.41.1/nimbus-jose-jwt-4.41.1.jar:/root/.m2/repository/com/github/stephenc/jcip/jcip-annotations/1.0-1/jcip-annotations-1.0-1.jar:/root/.m2/repository/net/minidev/json-smart/2.3/json-smart-2.3.jar:/root/.m2/repository/net/minidev/accessors-smart/1.2/accessors-smart-1.2.jar:/root/.m2/repository/org/ow2/asm/asm/5.0.4/asm-5.0.4.jar:/root/.m2/repository/org/apache/curator/curator-framework/2.12.0/curator-framework-2.12.0.jar:/root/.m2/repository/com/sun/jersey/jersey-core/1.19/jersey-core-1.19.jar:/root/.m2/repository/javax/ws/rs/jsr311-api/1.1.1/jsr311-api-1.1.1.jar:/root/.m2/repository/com/sun/jersey/jersey-server/1.19/jersey-server-1.19.jar:/root/.m2/repository/javax/servlet/javax.servlet-api/3.1.0/javax.servlet-api-3.1.0.jar:/root/.m2/repository/org/eclipse/jetty/jetty-server/9.3.24.v20180605/jetty-server-9.3.24.v20180605.jar:/root/.m2/repository/org/eclipse/jetty/jetty-http/9.3.24.v20180605/jetty-http-9.3.24.v20180605.jar:/root/.m2/repository/org/eclipse/jetty/jetty-io/9.3.24.v20180605/jetty-io-9.3.24.v20180605.jar:/root/.m2/repository/org/eclipse/jetty/jetty-webapp/9.3.24.v20180605/jetty-webapp-9.3.24.v20180605.jar:/root/.m2/repository/org/eclipse/jetty/jetty-xml/9.3.24.v20180605/jetty-xml-9.3.24.v20180605.jar:/root/.m2/repository/log4j/log4j/1.2.17/log4j-1.2.17.jar:/root/.m2/repository/org/slf4j/slf4j-api/1.7.25/slf4j-api-1.7.25.jar:/root/.m2/repository/org/slf4j/jul-to-slf4j/1.7.25/jul-to-slf4j-1.7.25.jar:/root/.m2/repository/org/eclipse/jetty/jetty-util/9.3.24.v20180605/jetty-util-9.3.24.v20180605.jar:/root/.m2/repository/io/dropwizard/metrics/metrics-core/3.2.4/metrics-core-3.2.4.jar:/root/.m2/repository/com/fasterxml/jackson/core/jackson-databind/2.9.5/jackson-databind-2.9.5.jar:/root/.m2/repository/org/apache/hadoop/hadoop-kms/3.2.0/hadoop-kms-3.2.0-tests.jar:/root/.m2/repository/org/apache/hadoop/hadoop-hdds-server-scm/0.5.0-SNAPSHOT/hadoop-hdds-server-scm-0.5.0-SNAPSHOT-tests.jar:/root/.m2/repository/org/hamcrest/hamcrest-all/1.3/hamcrest-all-1.3.jar:/root/.m2/repository/info/picocli/picocli/3.9.6/picocli-3.9.6.jar:/root/.m2/repository/org/apache/hadoop/hadoop-hdds-container-service/0.5.0-SNAPSHOT/hadoop-hdds-container-service-0.5.0-SNAPSHOT-tests.jar:/root/.m2/repository/org/yaml/snakeyaml/1.16/snakeyaml-1.16.jar:/root/.m2/repository/org/apache/hadoop/hadoop-common/3.2.0/hadoop-common-3.2.0-tests.jar:/root/.m2/repository/org/apache/hadoop/hadoop-annotations/3.2.0/hadoop-annotations-3.2.0.jar:/usr/lib/jvm/java-1.8-openjdk/jre/../lib/tools.jar:/root/.m2/repository/commons-cli/commons-cli/1.2/commons-cli-1.2.jar:/root/.m2/repository/org/apache/httpcomponents/httpclient/4.5.2/httpclient-4.5.2.jar:/root/.m2/repository/org/apache/httpcomponents/httpcore/4.4.4/httpcore-4.4.4.jar:/root/.m2/repository/commons-codec/commons-codec/1.11/commons-codec-1.11.jar:/root/.m2/repository/commons-net/commons-net/3.6/commons-net-3.6.jar:/root/.m2/repository/commons-collections/commons-collections/3.2.2/commons-collections-3.2.2.jar:/root/.m2/repository/org/eclipse/jetty/jetty-servlet/9.3.24.v20180605/jetty-servlet-9.3.24.v20180605.jar:/root/.m2/repository/org/eclipse/jetty/jetty-security/9.3.24.v20180605/jetty-security-9.3.24.v20180605.jar:/root/.m2/repository/javax/servlet/jsp/jsp-api/2.1/jsp-api-2.1.jar:/root/.m2/repository/com/sun/jersey/jersey-servlet/1.19/jersey-servlet-1.19.jar:/root/.m2/repository/com/sun/jersey/jersey-json/1.19/jersey-json-1.19.jar:/root/.m2/repository/org/codehaus/jettison/jettison/1.1/jettison-1.1.jar:/root/.m2/repository/org/codehaus/jackson/jackson-core-asl/1.9.13/jackson-core-asl-1.9.13.jar:/root/.m2/repository/org/codehaus/jackson/jackson-mapper-asl/1.9.13/jackson-mapper-asl-1.9.13.jar:/root/.m2/repository/org/codehaus/jackson/jackson-jaxrs/1.9.13/jackson-jaxrs-1.9.13.jar:/root/.m2/repository/org/codehaus/jackson/jackson-xc/1.9.13/jackson-xc-1.9.13.jar:/root/.m2/repository/commons-logging/commons-logging/1.1.3/commons-logging-1.1.3.jar:/root/.m2/repository/commons-beanutils/commons-beanutils/1.9.3/commons-beanutils-1.9.3.jar:/root/.m2/repository/org/apache/commons/commons-configuration2/2.1.1/commons-configuration2-2.1.1.jar:/root/.m2/repository/org/apache/commons/commons-lang3/3.7/commons-lang3-3.7.jar:/root/.m2/repository/org/apache/commons/commons-text/1.4/commons-text-1.4.jar:/root/.m2/repository/org/apache/avro/avro/1.7.7/avro-1.7.7.jar:/root/.m2/repository/com/thoughtworks/paranamer/paranamer/2.3/paranamer-2.3.jar:/root/.m2/repository/org/xerial/snappy/snappy-java/1.0.5/snappy-java-1.0.5.jar:/root/.m2/repository/com/google/re2j/re2j/1.1/re2j-1.1.jar:/root/.m2/repository/com/google/code/gson/gson/2.2.4/gson-2.2.4.jar:/root/.m2/repository/com/jcraft/jsch/0.1.54/jsch-0.1.54.jar:/root/.m2/repository/org/apache/curator/curator-client/2.12.0/curator-client-2.12.0.jar:/root/.m2/repository/org/apache/curator/curator-recipes/2.12.0/curator-recipes-2.12.0.jar:/root/.m2/repository/com/google/code/findbugs/jsr305/3.0.0/jsr305-3.0.0.jar:/root/.m2/repository/org/apache/htrace/htrace-core4/4.1.0-incubating/htrace-core4-4.1.0-incubating.jar:/root/.m2/repository/org/apache/zookeeper/zookeeper/3.4.13/zookeeper-3.4.13.jar:/root/.m2/repository/org/apache/yetus/audience-annotations/0.5.0/audience-annotations-0.5.0.jar:/root/.m2/repository/org/codehaus/woodstox/stax2-api/3.1.4/stax2-api-3.1.4.jar:/root/.m2/repository/com/fasterxml/woodstox/woodstox-core/5.0.3/woodstox-core-5.0.3.jar:/root/.m2/repository/dnsjava/dnsjava/2.1.7/dnsjava-2.1.7.jar:/root/.m2/repository/org/apache/hadoop/hadoop-hdfs/3.2.0/hadoop-hdfs-3.2.0-tests.jar:/root/.m2/repository/org/eclipse/jetty/jetty-util-ajax/9.3.24.v20180605/jetty-util-ajax-9.3.24.v20180605.jar:/root/.m2/repository/commons-daemon/commons-daemon/1.0.13/commons-daemon-1.0.13.jar:/root/.m2/repository/io/netty/netty/3.10.5.Final/netty-3.10.5.Final.jar:/root/.m2/repository/io/netty/netty-all/4.0.52.Final/netty-all-4.0.52.Final.jar:/root/.m2/repository/org/fusesource/leveldbjni/leveldbjni-all/1.8/leveldbjni-all-1.8.jar:"/>
    <property name="java.vm.vendor" value="IcedTea"/>
    <property name="sun.arch.data.model" value="64"/>
    <property name="test.build.dir" value="/opt/src/hadoop-ozone/integration-test/target/test-dir"/>
    <property name="test.cache.data" value=""/>
    <property name="java.vendor.url" value="https://icedtea.classpath.org"/>
    <property name="user.timezone" value=""/>
    <property name="java.vm.specification.version" value="1.8"/>
    <property name="os.name" value="Linux"/>
    <property name="test.build.data" value="/opt/src/hadoop-ozone/integration-test/target/test-dir"/>
    <property name="user.country" value="US"/>
    <property name="sun.java.launcher" value="SUN_STANDARD"/>
    <property name="sun.boot.library.path" value="/usr/lib/jvm/java-1.8-openjdk/jre/lib/amd64"/>
    <property name="sun.java.command" value="/opt/src/hadoop-ozone/integration-test/target/surefire/surefirebooter7354898440838165632.jar /opt/src/hadoop-ozone/integration-test/target/surefire 2019-06-13T11-51-04_798-jvmRun1 surefire7019422017636834191tmp surefire_85896793430179375596tmp"/>
    <property name="surefire.test.class.path" value="/opt/src/hadoop-ozone/integration-test/target/test-classes:/opt/src/hadoop-ozone/integration-test/target/classes:/root/.m2/repository/org/apache/hadoop/hadoop-ozone-common/0.5.0-SNAPSHOT/hadoop-ozone-common-0.5.0-SNAPSHOT.jar:/root/.m2/repository/org/apache/commons/commons-compress/1.4.1/commons-compress-1.4.1.jar:/root/.m2/repository/org/tukaani/xz/1.0/xz-1.0.jar:/root/.m2/repository/org/apache/hadoop/hadoop-common/3.2.0/hadoop-common-3.2.0.jar:/root/.m2/repository/org/apache/hadoop/hadoop-hdfs/3.2.0/hadoop-hdfs-3.2.0.jar:/root/.m2/repository/org/apache/hadoop/hadoop-hdfs-client/3.2.0/hadoop-hdfs-client-3.2.0.jar:/root/.m2/repository/com/fasterxml/jackson/core/jackson-annotations/2.9.5/jackson-annotations-2.9.5.jar:/root/.m2/repository/org/apache/hadoop/hadoop-hdds-common/0.5.0-SNAPSHOT/hadoop-hdds-common-0.5.0-SNAPSHOT.jar:/root/.m2/repository/javax/annotation/javax.annotation-api/1.2/javax.annotation-api-1.2.jar:/root/.m2/repository/org/apache/ratis/ratis-server/0.4.0-fe2b15d-SNAPSHOT/ratis-server-0.4.0-fe2b15d-SNAPSHOT.jar:/root/.m2/repository/org/apache/ratis/ratis-thirdparty-misc/0.2.0/ratis-thirdparty-misc-0.2.0.jar:/root/.m2/repository/org/apache/ratis/ratis-proto/0.4.0-fe2b15d-SNAPSHOT/ratis-proto-0.4.0-fe2b15d-SNAPSHOT.jar:/root/.m2/repository/org/apache/ratis/ratis-common/0.4.0-fe2b15d-SNAPSHOT/ratis-common-0.4.0-fe2b15d-SNAPSHOT.jar:/root/.m2/repository/org/apache/ratis/ratis-client/0.4.0-fe2b15d-SNAPSHOT/ratis-client-0.4.0-fe2b15d-SNAPSHOT.jar:/root/.m2/repository/org/apache/ratis/ratis-netty/0.4.0-fe2b15d-SNAPSHOT/ratis-netty-0.4.0-fe2b15d-SNAPSHOT.jar:/root/.m2/repository/org/apache/ratis/ratis-grpc/0.4.0-fe2b15d-SNAPSHOT/ratis-grpc-0.4.0-fe2b15d-SNAPSHOT.jar:/root/.m2/repository/org/rocksdb/rocksdbjni/5.14.2/rocksdbjni-5.14.2.jar:/root/.m2/repository/org/apache/logging/log4j/log4j-api/2.11.0/log4j-api-2.11.0.jar:/root/.m2/repository/org/apache/logging/log4j/log4j-core/2.11.0/log4j-core-2.11.0.jar:/root/.m2/repository/com/lmax/disruptor/3.4.2/disruptor-3.4.2.jar:/root/.m2/repository/org/apache/commons/commons-pool2/2.6.0/commons-pool2-2.6.0.jar:/root/.m2/repository/org/bouncycastle/bcpkix-jdk15on/1.60/bcpkix-jdk15on-1.60.jar:/root/.m2/repository/commons-validator/commons-validator/1.6/commons-validator-1.6.jar:/root/.m2/repository/commons-digester/commons-digester/1.8.1/commons-digester-1.8.1.jar:/root/.m2/repository/io/jaegertracing/jaeger-client/0.33.1/jaeger-client-0.33.1.jar:/root/.m2/repository/io/jaegertracing/jaeger-thrift/0.33.1/jaeger-thrift-0.33.1.jar:/root/.m2/repository/org/apache/thrift/libthrift/0.11.0/libthrift-0.11.0.jar:/root/.m2/repository/com/squareup/okhttp3/okhttp/3.9.0/okhttp-3.9.0.jar:/root/.m2/repository/com/squareup/okio/okio/1.13.0/okio-1.13.0.jar:/root/.m2/repository/io/jaegertracing/jaeger-core/0.33.1/jaeger-core-0.33.1.jar:/root/.m2/repository/io/jaegertracing/jaeger-tracerresolver/0.33.1/jaeger-tracerresolver-0.33.1.jar:/root/.m2/repository/io/opentracing/contrib/opentracing-tracerresolver/0.1.5/opentracing-tracerresolver-0.1.5.jar:/root/.m2/repository/io/opentracing/opentracing-util/0.31.0/opentracing-util-0.31.0.jar:/root/.m2/repository/io/opentracing/opentracing-api/0.31.0/opentracing-api-0.31.0.jar:/root/.m2/repository/io/opentracing/opentracing-noop/0.31.0/opentracing-noop-0.31.0.jar:/root/.m2/repository/org/apache/hadoop/hadoop-hdds-server-framework/0.5.0-SNAPSHOT/hadoop-hdds-server-framework-0.5.0-SNAPSHOT.jar:/root/.m2/repository/org/apache/hadoop/hadoop-hdds-server-scm/0.5.0-SNAPSHOT/hadoop-hdds-server-scm-0.5.0-SNAPSHOT.jar:/root/.m2/repository/org/apache/hadoop/hadoop-hdds-container-service/0.5.0-SNAPSHOT/hadoop-hdds-container-service-0.5.0-SNAPSHOT.jar:/root/.m2/repository/org/apache/hadoop/hadoop-hdds-client/0.5.0-SNAPSHOT/hadoop-hdds-client-0.5.0-SNAPSHOT.jar:/root/.m2/repository/org/apache/hadoop/hadoop-hdds-tools/0.5.0-SNAPSHOT/hadoop-hdds-tools-0.5.0-SNAPSHOT.jar:/root/.m2/repository/org/apache/hadoop/hadoop-ozone-ozone-manager/0.5.0-SNAPSHOT/hadoop-ozone-ozone-manager-0.5.0-SNAPSHOT.jar:/root/.m2/repository/org/apache/hadoop/hadoop-hdds-docs/0.5.0-SNAPSHOT/hadoop-hdds-docs-0.5.0-SNAPSHOT.jar:/root/.m2/repository/org/bouncycastle/bcprov-jdk15on/1.60/bcprov-jdk15on-1.60.jar:/root/.m2/repository/org/apache/hadoop/hadoop-minikdc/3.2.0/hadoop-minikdc-3.2.0.jar:/root/.m2/repository/commons-io/commons-io/2.5/commons-io-2.5.jar:/root/.m2/repository/org/apache/kerby/kerb-simplekdc/1.0.1/kerb-simplekdc-1.0.1.jar:/root/.m2/repository/org/apache/kerby/kerb-client/1.0.1/kerb-client-1.0.1.jar:/root/.m2/repository/org/apache/kerby/kerby-config/1.0.1/kerby-config-1.0.1.jar:/root/.m2/repository/org/apache/kerby/kerb-core/1.0.1/kerb-core-1.0.1.jar:/root/.m2/repository/org/apache/kerby/kerby-pkix/1.0.1/kerby-pkix-1.0.1.jar:/root/.m2/repository/org/apache/kerby/kerby-asn1/1.0.1/kerby-asn1-1.0.1.jar:/root/.m2/repository/org/apache/kerby/kerby-util/1.0.1/kerby-util-1.0.1.jar:/root/.m2/repository/org/apache/kerby/kerb-common/1.0.1/kerb-common-1.0.1.jar:/root/.m2/repository/org/apache/kerby/kerb-crypto/1.0.1/kerb-crypto-1.0.1.jar:/root/.m2/repository/org/apache/kerby/kerb-util/1.0.1/kerb-util-1.0.1.jar:/root/.m2/repository/org/apache/kerby/token-provider/1.0.1/token-provider-1.0.1.jar:/root/.m2/repository/org/apache/kerby/kerb-admin/1.0.1/kerb-admin-1.0.1.jar:/root/.m2/repository/org/apache/kerby/kerb-server/1.0.1/kerb-server-1.0.1.jar:/root/.m2/repository/org/apache/kerby/kerb-identity/1.0.1/kerb-identity-1.0.1.jar:/root/.m2/repository/org/apache/kerby/kerby-xdr/1.0.1/kerby-xdr-1.0.1.jar:/root/.m2/repository/org/slf4j/slf4j-log4j12/1.7.25/slf4j-log4j12-1.7.25.jar:/root/.m2/repository/org/apache/hadoop/hadoop-ozone-objectstore-service/0.5.0-SNAPSHOT/hadoop-ozone-objectstore-service-0.5.0-SNAPSHOT.jar:/root/.m2/repository/org/apache/hadoop/hadoop-ozone-s3gateway/0.5.0-SNAPSHOT/hadoop-ozone-s3gateway-0.5.0-SNAPSHOT.jar:/root/.m2/repository/org/jboss/weld/servlet/weld-servlet/2.4.7.Final/weld-servlet-2.4.7.Final.jar:/root/.m2/repository/org/glassfish/jersey/containers/jersey-container-servlet-core/2.27/jersey-container-servlet-core-2.27.jar:/root/.m2/repository/org/glassfish/hk2/external/javax.inject/2.5.0-b42/javax.inject-2.5.0-b42.jar:/root/.m2/repository/org/glassfish/jersey/core/jersey-common/2.27/jersey-common-2.27.jar:/root/.m2/repository/org/glassfish/hk2/osgi-resource-locator/1.0.1/osgi-resource-locator-1.0.1.jar:/root/.m2/repository/javax/ws/rs/javax.ws.rs-api/2.1/javax.ws.rs-api-2.1.jar:/root/.m2/repository/org/glassfish/jersey/ext/cdi/jersey-cdi1x/2.27/jersey-cdi1x-2.27.jar:/root/.m2/repository/org/glassfish/jersey/inject/jersey-hk2/2.27/jersey-hk2-2.27.jar:/root/.m2/repository/org/glassfish/hk2/hk2-locator/2.5.0-b42/hk2-locator-2.5.0-b42.jar:/root/.m2/repository/org/javassist/javassist/3.22.0-CR2/javassist-3.22.0-CR2.jar:/root/.m2/repository/org/glassfish/hk2/hk2-api/2.5.0/hk2-api-2.5.0.jar:/root/.m2/repository/org/glassfish/hk2/external/jakarta.inject/2.5.0/jakarta.inject-2.5.0.jar:/root/.m2/repository/org/glassfish/hk2/hk2-utils/2.5.0/hk2-utils-2.5.0.jar:/root/.m2/repository/jakarta/annotation/jakarta.annotation-api/1.3.4/jakarta.annotation-api-1.3.4.jar:/root/.m2/repository/org/glassfish/hk2/external/aopalliance-repackaged/2.5.0/aopalliance-repackaged-2.5.0.jar:/root/.m2/repository/com/fasterxml/jackson/dataformat/jackson-dataformat-xml/2.9.0/jackson-dataformat-xml-2.9.0.jar:/root/.m2/repository/com/fasterxml/jackson/core/jackson-core/2.9.5/jackson-core-2.9.5.jar:/root/.m2/repository/com/fasterxml/jackson/module/jackson-module-jaxb-annotations/2.9.5/jackson-module-jaxb-annotations-2.9.5.jar:/root/.m2/repository/javax/enterprise/cdi-api/1.2/cdi-api-1.2.jar:/root/.m2/repository/javax/el/javax.el-api/3.0.0/javax.el-api-3.0.0.jar:/root/.m2/repository/javax/interceptor/javax.interceptor-api/1.2/javax.interceptor-api-1.2.jar:/root/.m2/repository/javax/inject/javax.inject/1/javax.inject-1.jar:/root/.m2/repository/com/sun/xml/bind/jaxb-impl/2.3.0.1/jaxb-impl-2.3.0.1.jar:/root/.m2/repository/com/sun/xml/bind/jaxb-core/2.3.0.1/jaxb-core-2.3.0.1.jar:/root/.m2/repository/javax/xml/bind/jaxb-api/2.3.0/jaxb-api-2.3.0.jar:/root/.m2/repository/javax/activation/activation/1.1.1/activation-1.1.1.jar:/root/.m2/repository/org/apache/hadoop/hadoop-ozone-csi/0.5.0-SNAPSHOT/hadoop-ozone-csi-0.5.0-SNAPSHOT.jar:/root/.m2/repository/com/google/protobuf/protobuf-java-util/3.5.1/protobuf-java-util-3.5.1.jar:/root/.m2/repository/org/apache/hadoop/hadoop-hdds-config/0.5.0-SNAPSHOT/hadoop-hdds-config-0.5.0-SNAPSHOT.jar:/root/.m2/repository/com/google/guava/guava/11.0.2/guava-11.0.2.jar:/root/.m2/repository/com/google/protobuf/protobuf-java/2.5.0/protobuf-java-2.5.0.jar:/root/.m2/repository/io/grpc/grpc-netty/1.17.1/grpc-netty-1.17.1.jar:/root/.m2/repository/io/grpc/grpc-core/1.17.1/grpc-core-1.17.1.jar:/root/.m2/repository/io/grpc/grpc-context/1.17.1/grpc-context-1.17.1.jar:/root/.m2/repository/com/google/errorprone/error_prone_annotations/2.2.0/error_prone_annotations-2.2.0.jar:/root/.m2/repository/org/codehaus/mojo/animal-sniffer-annotations/1.17/animal-sniffer-annotations-1.17.jar:/root/.m2/repository/io/opencensus/opencensus-api/0.17.0/opencensus-api-0.17.0.jar:/root/.m2/repository/io/opencensus/opencensus-contrib-grpc-metrics/0.17.0/opencensus-contrib-grpc-metrics-0.17.0.jar:/root/.m2/repository/io/netty/netty-codec-http2/4.1.30.Final/netty-codec-http2-4.1.30.Final.jar:/root/.m2/repository/io/netty/netty-codec-http/4.1.30.Final/netty-codec-http-4.1.30.Final.jar:/root/.m2/repository/io/netty/netty-codec/4.1.30.Final/netty-codec-4.1.30.Final.jar:/root/.m2/repository/io/netty/netty-handler/4.1.30.Final/netty-handler-4.1.30.Final.jar:/root/.m2/repository/io/netty/netty-handler-proxy/4.1.30.Final/netty-handler-proxy-4.1.30.Final.jar:/root/.m2/repository/io/netty/netty-codec-socks/4.1.30.Final/netty-codec-socks-4.1.30.Final.jar:/root/.m2/repository/io/netty/netty-transport-native-epoll/4.1.30.Final/netty-transport-native-epoll-4.1.30.Final.jar:/root/.m2/repository/io/netty/netty-common/4.1.30.Final/netty-common-4.1.30.Final.jar:/root/.m2/repository/io/netty/netty-buffer/4.1.30.Final/netty-buffer-4.1.30.Final.jar:/root/.m2/repository/io/netty/netty-transport/4.1.30.Final/netty-transport-4.1.30.Final.jar:/root/.m2/repository/io/netty/netty-resolver/4.1.30.Final/netty-resolver-4.1.30.Final.jar:/root/.m2/repository/io/netty/netty-transport-native-unix-common/4.1.30.Final/netty-transport-native-unix-common-4.1.30.Final.jar:/root/.m2/repository/io/grpc/grpc-protobuf/1.17.1/grpc-protobuf-1.17.1.jar:/root/.m2/repository/com/google/api/grpc/proto-google-common-protos/1.0.0/proto-google-common-protos-1.0.0.jar:/root/.m2/repository/io/grpc/grpc-protobuf-lite/1.17.1/grpc-protobuf-lite-1.17.1.jar:/root/.m2/repository/io/grpc/grpc-stub/1.17.1/grpc-stub-1.17.1.jar:/root/.m2/repository/org/apache/hadoop/hadoop-ozone-recon/0.5.0-SNAPSHOT/hadoop-ozone-recon-0.5.0-SNAPSHOT.jar:/root/.m2/repository/org/apache/hadoop/hadoop-ozone-reconcodegen/0.5.0-SNAPSHOT/hadoop-ozone-reconcodegen-0.5.0-SNAPSHOT.jar:/root/.m2/repository/com/google/inject/extensions/guice-multibindings/4.0/guice-multibindings-4.0.jar:/root/.m2/repository/com/google/inject/guice/4.0/guice-4.0.jar:/root/.m2/repository/aopalliance/aopalliance/1.0/aopalliance-1.0.jar:/root/.m2/repository/com/google/inject/extensions/guice-servlet/4.0/guice-servlet-4.0.jar:/root/.m2/repository/org/glassfish/jersey/containers/jersey-container-servlet/2.27/jersey-container-servlet-2.27.jar:/root/.m2/repository/org/glassfish/hk2/guice-bridge/2.5.0/guice-bridge-2.5.0.jar:/root/.m2/repository/org/glassfish/jersey/core/jersey-server/2.27/jersey-server-2.27.jar:/root/.m2/repository/org/glassfish/jersey/core/jersey-client/2.27/jersey-client-2.27.jar:/root/.m2/repository/org/glassfish/jersey/media/jersey-media-jaxb/2.27/jersey-media-jaxb-2.27.jar:/root/.m2/repository/javax/validation/validation-api/1.1.0.Final/validation-api-1.1.0.Final.jar:/root/.m2/repository/org/glassfish/jersey/media/jersey-media-json-jackson/2.27/jersey-media-json-jackson-2.27.jar:/root/.m2/repository/org/glassfish/jersey/ext/jersey-entity-filtering/2.27/jersey-entity-filtering-2.27.jar:/root/.m2/repository/com/google/inject/extensions/guice-assistedinject/4.0/guice-assistedinject-4.0.jar:/root/.m2/repository/org/jooq/jooq/3.11.10/jooq-3.11.10.jar:/root/.m2/repository/org/jooq/jooq-meta/3.11.10/jooq-meta-3.11.10.jar:/root/.m2/repository/org/jooq/jooq-codegen/3.11.10/jooq-codegen-3.11.10.jar:/root/.m2/repository/com/jolbox/bonecp/0.8.0.RELEASE/bonecp-0.8.0.RELEASE.jar:/root/.m2/repository/org/xerial/sqlite-jdbc/3.25.2/sqlite-jdbc-3.25.2.jar:/root/.m2/repository/org/springframework/spring-jdbc/5.1.3.RELEASE/spring-jdbc-5.1.3.RELEASE.jar:/root/.m2/repository/org/springframework/spring-beans/5.1.3.RELEASE/spring-beans-5.1.3.RELEASE.jar:/root/.m2/repository/org/springframework/spring-core/5.1.3.RELEASE/spring-core-5.1.3.RELEASE.jar:/root/.m2/repository/org/springframework/spring-jcl/5.1.3.RELEASE/spring-jcl-5.1.3.RELEASE.jar:/root/.m2/repository/org/springframework/spring-tx/5.1.3.RELEASE/spring-tx-5.1.3.RELEASE.jar:/root/.m2/repository/org/apache/hadoop/hadoop-ozone-client/0.5.0-SNAPSHOT/hadoop-ozone-client-0.5.0-SNAPSHOT.jar:/root/.m2/repository/org/apache/hadoop/hadoop-ozone-ozone-manager/0.5.0-SNAPSHOT/hadoop-ozone-ozone-manager-0.5.0-SNAPSHOT-tests.jar:/root/.m2/repository/junit/junit/4.11/junit-4.11.jar:/root/.m2/repository/org/hamcrest/hamcrest-core/1.3/hamcrest-core-1.3.jar:/root/.m2/repository/org/openjdk/jmh/jmh-core/1.19/jmh-core-1.19.jar:/root/.m2/repository/net/sf/jopt-simple/jopt-simple/4.6/jopt-simple-4.6.jar:/root/.m2/repository/org/apache/commons/commons-math3/3.1.1/commons-math3-3.1.1.jar:/root/.m2/repository/org/openjdk/jmh/jmh-generator-annprocess/1.19/jmh-generator-annprocess-1.19.jar:/root/.m2/repository/org/mockito/mockito-all/1.8.5/mockito-all-1.8.5.jar:/root/.m2/repository/org/apache/hadoop/hadoop-kms/3.2.0/hadoop-kms-3.2.0.jar:/root/.m2/repository/org/apache/hadoop/hadoop-auth/3.2.0/hadoop-auth-3.2.0.jar:/root/.m2/repository/com/nimbusds/nimbus-jose-jwt/4.41.1/nimbus-jose-jwt-4.41.1.jar:/root/.m2/repository/com/github/stephenc/jcip/jcip-annotations/1.0-1/jcip-annotations-1.0-1.jar:/root/.m2/repository/net/minidev/json-smart/2.3/json-smart-2.3.jar:/root/.m2/repository/net/minidev/accessors-smart/1.2/accessors-smart-1.2.jar:/root/.m2/repository/org/ow2/asm/asm/5.0.4/asm-5.0.4.jar:/root/.m2/repository/org/apache/curator/curator-framework/2.12.0/curator-framework-2.12.0.jar:/root/.m2/repository/com/sun/jersey/jersey-core/1.19/jersey-core-1.19.jar:/root/.m2/repository/javax/ws/rs/jsr311-api/1.1.1/jsr311-api-1.1.1.jar:/root/.m2/repository/com/sun/jersey/jersey-server/1.19/jersey-server-1.19.jar:/root/.m2/repository/javax/servlet/javax.servlet-api/3.1.0/javax.servlet-api-3.1.0.jar:/root/.m2/repository/org/eclipse/jetty/jetty-server/9.3.24.v20180605/jetty-server-9.3.24.v20180605.jar:/root/.m2/repository/org/eclipse/jetty/jetty-http/9.3.24.v20180605/jetty-http-9.3.24.v20180605.jar:/root/.m2/repository/org/eclipse/jetty/jetty-io/9.3.24.v20180605/jetty-io-9.3.24.v20180605.jar:/root/.m2/repository/org/eclipse/jetty/jetty-webapp/9.3.24.v20180605/jetty-webapp-9.3.24.v20180605.jar:/root/.m2/repository/org/eclipse/jetty/jetty-xml/9.3.24.v20180605/jetty-xml-9.3.24.v20180605.jar:/root/.m2/repository/log4j/log4j/1.2.17/log4j-1.2.17.jar:/root/.m2/repository/org/slf4j/slf4j-api/1.7.25/slf4j-api-1.7.25.jar:/root/.m2/repository/org/slf4j/jul-to-slf4j/1.7.25/jul-to-slf4j-1.7.25.jar:/root/.m2/repository/org/eclipse/jetty/jetty-util/9.3.24.v20180605/jetty-util-9.3.24.v20180605.jar:/root/.m2/repository/io/dropwizard/metrics/metrics-core/3.2.4/metrics-core-3.2.4.jar:/root/.m2/repository/com/fasterxml/jackson/core/jackson-databind/2.9.5/jackson-databind-2.9.5.jar:/root/.m2/repository/org/apache/hadoop/hadoop-kms/3.2.0/hadoop-kms-3.2.0-tests.jar:/root/.m2/repository/org/apache/hadoop/hadoop-hdds-server-scm/0.5.0-SNAPSHOT/hadoop-hdds-server-scm-0.5.0-SNAPSHOT-tests.jar:/root/.m2/repository/org/hamcrest/hamcrest-all/1.3/hamcrest-all-1.3.jar:/root/.m2/repository/info/picocli/picocli/3.9.6/picocli-3.9.6.jar:/root/.m2/repository/org/apache/hadoop/hadoop-hdds-container-service/0.5.0-SNAPSHOT/hadoop-hdds-container-service-0.5.0-SNAPSHOT-tests.jar:/root/.m2/repository/org/yaml/snakeyaml/1.16/snakeyaml-1.16.jar:/root/.m2/repository/org/apache/hadoop/hadoop-common/3.2.0/hadoop-common-3.2.0-tests.jar:/root/.m2/repository/org/apache/hadoop/hadoop-annotations/3.2.0/hadoop-annotations-3.2.0.jar:/usr/lib/jvm/java-1.8-openjdk/jre/../lib/tools.jar:/root/.m2/repository/commons-cli/commons-cli/1.2/commons-cli-1.2.jar:/root/.m2/repository/org/apache/httpcomponents/httpclient/4.5.2/httpclient-4.5.2.jar:/root/.m2/repository/org/apache/httpcomponents/httpcore/4.4.4/httpcore-4.4.4.jar:/root/.m2/repository/commons-codec/commons-codec/1.11/commons-codec-1.11.jar:/root/.m2/repository/commons-net/commons-net/3.6/commons-net-3.6.jar:/root/.m2/repository/commons-collections/commons-collections/3.2.2/commons-collections-3.2.2.jar:/root/.m2/repository/org/eclipse/jetty/jetty-servlet/9.3.24.v20180605/jetty-servlet-9.3.24.v20180605.jar:/root/.m2/repository/org/eclipse/jetty/jetty-security/9.3.24.v20180605/jetty-security-9.3.24.v20180605.jar:/root/.m2/repository/javax/servlet/jsp/jsp-api/2.1/jsp-api-2.1.jar:/root/.m2/repository/com/sun/jersey/jersey-servlet/1.19/jersey-servlet-1.19.jar:/root/.m2/repository/com/sun/jersey/jersey-json/1.19/jersey-json-1.19.jar:/root/.m2/repository/org/codehaus/jettison/jettison/1.1/jettison-1.1.jar:/root/.m2/repository/org/codehaus/jackson/jackson-core-asl/1.9.13/jackson-core-asl-1.9.13.jar:/root/.m2/repository/org/codehaus/jackson/jackson-mapper-asl/1.9.13/jackson-mapper-asl-1.9.13.jar:/root/.m2/repository/org/codehaus/jackson/jackson-jaxrs/1.9.13/jackson-jaxrs-1.9.13.jar:/root/.m2/repository/org/codehaus/jackson/jackson-xc/1.9.13/jackson-xc-1.9.13.jar:/root/.m2/repository/commons-logging/commons-logging/1.1.3/commons-logging-1.1.3.jar:/root/.m2/repository/commons-beanutils/commons-beanutils/1.9.3/commons-beanutils-1.9.3.jar:/root/.m2/repository/org/apache/commons/commons-configuration2/2.1.1/commons-configuration2-2.1.1.jar:/root/.m2/repository/org/apache/commons/commons-lang3/3.7/commons-lang3-3.7.jar:/root/.m2/repository/org/apache/commons/commons-text/1.4/commons-text-1.4.jar:/root/.m2/repository/org/apache/avro/avro/1.7.7/avro-1.7.7.jar:/root/.m2/repository/com/thoughtworks/paranamer/paranamer/2.3/paranamer-2.3.jar:/root/.m2/repository/org/xerial/snappy/snappy-java/1.0.5/snappy-java-1.0.5.jar:/root/.m2/repository/com/google/re2j/re2j/1.1/re2j-1.1.jar:/root/.m2/repository/com/google/code/gson/gson/2.2.4/gson-2.2.4.jar:/root/.m2/repository/com/jcraft/jsch/0.1.54/jsch-0.1.54.jar:/root/.m2/repository/org/apache/curator/curator-client/2.12.0/curator-client-2.12.0.jar:/root/.m2/repository/org/apache/curator/curator-recipes/2.12.0/curator-recipes-2.12.0.jar:/root/.m2/repository/com/google/code/findbugs/jsr305/3.0.0/jsr305-3.0.0.jar:/root/.m2/repository/org/apache/htrace/htrace-core4/4.1.0-incubating/htrace-core4-4.1.0-incubating.jar:/root/.m2/repository/org/apache/zookeeper/zookeeper/3.4.13/zookeeper-3.4.13.jar:/root/.m2/repository/org/apache/yetus/audience-annotations/0.5.0/audience-annotations-0.5.0.jar:/root/.m2/repository/org/codehaus/woodstox/stax2-api/3.1.4/stax2-api-3.1.4.jar:/root/.m2/repository/com/fasterxml/woodstox/woodstox-core/5.0.3/woodstox-core-5.0.3.jar:/root/.m2/repository/dnsjava/dnsjava/2.1.7/dnsjava-2.1.7.jar:/root/.m2/repository/org/apache/hadoop/hadoop-hdfs/3.2.0/hadoop-hdfs-3.2.0-tests.jar:/root/.m2/repository/org/eclipse/jetty/jetty-util-ajax/9.3.24.v20180605/jetty-util-ajax-9.3.24.v20180605.jar:/root/.m2/repository/commons-daemon/commons-daemon/1.0.13/commons-daemon-1.0.13.jar:/root/.m2/repository/io/netty/netty/3.10.5.Final/netty-3.10.5.Final.jar:/root/.m2/repository/io/netty/netty-all/4.0.52.Final/netty-all-4.0.52.Final.jar:/root/.m2/repository/org/fusesource/leveldbjni/leveldbjni-all/1.8/leveldbjni-all-1.8.jar:"/>
    <property name="sun.cpu.endian" value="little"/>
    <property name="user.home" value="/root"/>
    <property name="user.language" value="en"/>
    <property name="java.specification.vendor" value="Oracle Corporation"/>
    <property name="java.home" value="/usr/lib/jvm/java-1.8-openjdk/jre"/>
    <property name="java.security.krb5.conf" value="/opt/src/hadoop-ozone/integration-test/target/test-classes/krb5.conf"/>
    <property name="basedir" value="/opt/src/hadoop-ozone/integration-test"/>
    <property name="file.separator" value="/"/>
    <property name="line.separator" value="&#10;"/>
    <property name="java.vm.specification.vendor" value="Oracle Corporation"/>
    <property name="java.specification.name" value="Java Platform API Specification"/>
    <property name="java.awt.graphicsenv" value="sun.awt.X11GraphicsEnvironment"/>
    <property name="surefire.real.class.path" value="/opt/src/hadoop-ozone/integration-test/target/surefire/surefirebooter7354898440838165632.jar"/>
    <property name="hadoop.log.dir" value="/opt/src/hadoop-ozone/integration-test/target/log"/>
    <property name="sun.boot.class.path" value="/usr/lib/jvm/java-1.8-openjdk/jre/lib/resources.jar:/usr/lib/jvm/java-1.8-openjdk/jre/lib/rt.jar:/usr/lib/jvm/java-1.8-openjdk/jre/lib/sunrsasign.jar:/usr/lib/jvm/java-1.8-openjdk/jre/lib/jsse.jar:/usr/lib/jvm/java-1.8-openjdk/jre/lib/jce.jar:/usr/lib/jvm/java-1.8-openjdk/jre/lib/charsets.jar:/usr/lib/jvm/java-1.8-openjdk/jre/lib/jfr.jar:/usr/lib/jvm/java-1.8-openjdk/jre/classes"/>
    <property name="sun.management.compiler" value="HotSpot 64-Bit Tiered Compilers"/>
    <property name="java.runtime.version" value="1.8.0_212-b04"/>
    <property name="java.net.preferIPv4Stack" value="true"/>
    <property name="user.name" value="root"/>
    <property name="path.separator" value=":"/>
    <property name="java.security.egd" value="file:///dev/urandom"/>
    <property name="os.version" value="4.15.0-1021-aws"/>
    <property name="java.endorsed.dirs" value="/usr/lib/jvm/java-1.8-openjdk/jre/lib/endorsed"/>
    <property name="java.runtime.name" value="OpenJDK Runtime Environment"/>
    <property name="file.encoding" value="UTF-8"/>
    <property name="java.vm.name" value="OpenJDK 64-Bit Server VM"/>
    <property name="test.build.webapps" value=""/>
    <property name="localRepository" value="/root/.m2/repository"/>
    <property name="java.vendor.url.bug" value="https://icedtea.classpath.org/bugzilla"/>
    <property name="java.io.tmpdir" value="/tmp"/>
    <property name="require.test.libhadoop" value=""/>
    <property name="java.version" value="1.8.0_212"/>
    <property name="user.dir" value="/opt/src/hadoop-ozone/integration-test"/>
    <property name="os.arch" value="amd64"/>
    <property name="java.vm.specification.name" value="Java Virtual Machine Specification"/>
    <property name="test.build.classes" value="/opt/src/hadoop-ozone/integration-test/target/test-classes"/>
    <property name="java.awt.printerjob" value="sun.print.PSPrinterJob"/>
    <property name="sun.os.patch.level" value="unknown"/>
    <property name="hadoop.tmp.dir" value="/opt/src/hadoop-ozone/integration-test/target/tmp"/>
    <property name="java.library.path" value="/usr/lib/jvm/java-1.8-openjdk/jre/lib/amd64/server:/usr/lib/jvm/java-1.8-openjdk/jre/lib/amd64:/usr/lib/jvm/java-1.8-openjdk/jre/../lib/amd64:/opt/src/hadoop-ozone/integration-test/target/native/target/usr/local/lib:/opt/src/hadoop-ozone/integration-test/../../hadoop-common-project/hadoop-common/target/native/target/usr/local/lib:/usr/java/packages/lib/amd64:/usr/lib64:/lib64:/lib:/usr/lib"/>
    <property name="java.vm.info" value="mixed mode"/>
    <property name="java.vendor" value="IcedTea"/>
    <property name="java.vm.version" value="25.212-b04"/>
    <property name="java.ext.dirs" value="/usr/lib/jvm/java-1.8-openjdk/jre/lib/ext:/usr/java/packages/lib/ext"/>
    <property name="sun.io.unicode.encoding" value="UnicodeLittle"/>
    <property name="java.class.version" value="52.0"/>
  </properties>
  <testcase name="testPipelineFail" classname="org.apache.hadoop.hdds.scm.pipeline.TestNodeFailure" time="0">
    <skipped/>
    <system-out><![CDATA[2019-06-13 11:54:56,549 WARN  server.ServerUtils (ServerUtils.java:getScmDbDir(145)) - ozone.scm.db.dirs is not configured. We recommend adding this setting. Falling back to ozone.metadata.dirs instead.
2019-06-13 11:54:56,610 WARN  server.ServerUtils (ServerUtils.java:getScmDbDir(145)) - ozone.scm.db.dirs is not configured. We recommend adding this setting. Falling back to ozone.metadata.dirs instead.
2019-06-13 11:54:56,613 WARN  server.ServerUtils (ServerUtils.java:getScmDbDir(145)) - ozone.scm.db.dirs is not configured. We recommend adding this setting. Falling back to ozone.metadata.dirs instead.
2019-06-13 11:54:56,626 INFO  util.log (Log.java:initialized(192)) - Logging initialized @619ms
2019-06-13 11:54:56,709 INFO  db.DBStoreBuilder (DBStoreBuilder.java:addTable(110)) - using custom profile for table: deletedBlocks
2019-06-13 11:54:56,709 INFO  db.DBStoreBuilder (DBStoreBuilder.java:processTables(161)) - Using default column profile:DBProfile.DISK for Table:deletedBlocks
2019-06-13 11:54:56,710 INFO  db.DBStoreBuilder (DBStoreBuilder.java:addTable(110)) - using custom profile for table: validCerts
2019-06-13 11:54:56,710 INFO  db.DBStoreBuilder (DBStoreBuilder.java:processTables(161)) - Using default column profile:DBProfile.DISK for Table:validCerts
2019-06-13 11:54:56,710 INFO  db.DBStoreBuilder (DBStoreBuilder.java:addTable(110)) - using custom profile for table: revokedCerts
2019-06-13 11:54:56,711 INFO  db.DBStoreBuilder (DBStoreBuilder.java:processTables(161)) - Using default column profile:DBProfile.DISK for Table:revokedCerts
2019-06-13 11:54:56,720 INFO  db.DBStoreBuilder (DBStoreBuilder.java:addTable(110)) - using custom profile for table: default
2019-06-13 11:54:56,720 INFO  db.DBStoreBuilder (DBStoreBuilder.java:processTables(167)) - Using default column profile:DBProfile.DISK for Table:default
2019-06-13 11:54:56,721 INFO  db.DBStoreBuilder (DBStoreBuilder.java:getDbProfile(198)) - Using default options. DBProfile.DISK
2019-06-13 11:54:56,784 INFO  node.SCMNodeManager (SCMNodeManager.java:<init>(108)) - Entering startup safe mode.
2019-06-13 11:54:56,843 INFO  net.NodeSchemaLoader (NodeSchemaLoader.java:loadSchemaFromFile(125)) - Loading file from sun.misc.CompoundEnumeration@443118b0
2019-06-13 11:54:56,844 INFO  net.NodeSchemaLoader (NodeSchemaLoader.java:loadSchema(171)) - Loading network topology layer schema file
2019-06-13 11:54:56,892 WARN  server.ServerUtils (ServerUtils.java:getScmDbDir(145)) - ozone.scm.db.dirs is not configured. We recommend adding this setting. Falling back to ozone.metadata.dirs instead.
2019-06-13 11:54:56,911 INFO  pipeline.SCMPipelineManager (SCMPipelineManager.java:initializePipelineState(126)) - No pipeline exists in current db
2019-06-13 11:54:56,913 WARN  server.ServerUtils (ServerUtils.java:getScmDbDir(145)) - ozone.scm.db.dirs is not configured. We recommend adding this setting. Falling back to ozone.metadata.dirs instead.
2019-06-13 11:54:56,961 WARN  events.EventQueue (EventQueue.java:fireEvent(175)) - No event handler registered for event TypedEvent{payloadType=SafeModeStatus, name='SafeModeStatus'}
2019-06-13 11:54:57,218 INFO  ipc.CallQueueManager (CallQueueManager.java:<init>(84)) - Using callQueue: class java.util.concurrent.LinkedBlockingQueue, queueCapacity: 2000, scheduler: class org.apache.hadoop.ipc.DefaultRpcScheduler, ipcBackoff: false.
2019-06-13 11:54:57,238 INFO  ipc.Server (Server.java:run(1074)) - Starting Socket Reader #1 for port 38249
2019-06-13 11:54:57,257 INFO  ipc.CallQueueManager (CallQueueManager.java:<init>(84)) - Using callQueue: class java.util.concurrent.LinkedBlockingQueue, queueCapacity: 2000, scheduler: class org.apache.hadoop.ipc.DefaultRpcScheduler, ipcBackoff: false.
2019-06-13 11:54:57,258 INFO  ipc.Server (Server.java:run(1074)) - Starting Socket Reader #1 for port 43989
2019-06-13 11:54:57,264 INFO  ipc.CallQueueManager (CallQueueManager.java:<init>(84)) - Using callQueue: class java.util.concurrent.LinkedBlockingQueue, queueCapacity: 2000, scheduler: class org.apache.hadoop.ipc.DefaultRpcScheduler, ipcBackoff: false.
2019-06-13 11:54:57,289 INFO  ipc.Server (Server.java:run(1074)) - Starting Socket Reader #1 for port 37933
2019-06-13 11:54:57,335 INFO  hdfs.DFSUtil (DFSUtil.java:httpServerTemplateForNNAndJN(1641)) - Starting Web-server for scm at: http://0.0.0.0:0
2019-06-13 11:54:57,458 INFO  server.AuthenticationFilter (AuthenticationFilter.java:constructSecretProvider(240)) - Unable to initialize FileSignerSecretProvider, falling back to use random secrets.
2019-06-13 11:54:57,463 WARN  http.HttpRequestLog (HttpRequestLog.java:getRequestLog(97)) - Jetty request log can only be enabled using Log4j
2019-06-13 11:54:57,471 INFO  http.HttpServer2 (HttpServer2.java:addGlobalFilter(975)) - Added global filter 'safety' (class=org.apache.hadoop.http.HttpServer2$QuotingInputFilter)
2019-06-13 11:54:57,473 INFO  http.HttpServer2 (HttpServer2.java:addFilter(948)) - Added filter static_user_filter (class=org.apache.hadoop.http.lib.StaticUserWebFilter$StaticUserFilter) to context scm
2019-06-13 11:54:57,473 INFO  http.HttpServer2 (HttpServer2.java:addFilter(958)) - Added filter static_user_filter (class=org.apache.hadoop.http.lib.StaticUserWebFilter$StaticUserFilter) to context logs
2019-06-13 11:54:57,474 INFO  http.HttpServer2 (HttpServer2.java:addFilter(958)) - Added filter static_user_filter (class=org.apache.hadoop.http.lib.StaticUserWebFilter$StaticUserFilter) to context static
2019-06-13 11:54:57,494 INFO  server.StorageContainerManager (StorageContainerManager.java:start(752)) - StorageContainerLocationProtocol RPC server is listening at /0.0.0.0:37933
2019-06-13 11:54:57,534 WARN  impl.MetricsConfig (MetricsConfig.java:loadFirst(134)) - Cannot locate configuration: tried hadoop-metrics2-storagecontainermanager.properties,hadoop-metrics2.properties
2019-06-13 11:54:57,543 INFO  impl.MetricsSystemImpl (MetricsSystemImpl.java:startTimer(374)) - Scheduled Metric snapshot period at 10 second(s).
2019-06-13 11:54:57,543 INFO  impl.MetricsSystemImpl (MetricsSystemImpl.java:start(191)) - StorageContainerManager metrics system started
2019-06-13 11:54:57,702 INFO  server.SCMClientProtocolServer (SCMClientProtocolServer.java:start(149)) - RPC server for Client  is listening at /0.0.0.0:37933
2019-06-13 11:54:57,703 INFO  ipc.Server (Server.java:run(1314)) - IPC Server Responder: starting
2019-06-13 11:54:57,705 INFO  ipc.Server (Server.java:run(1153)) - IPC Server listener on 37933: starting
2019-06-13 11:54:57,712 INFO  server.StorageContainerManager (StorageContainerManager.java:start(761)) - ScmBlockLocationProtocol RPC server is listening at /0.0.0.0:43989
2019-06-13 11:54:57,712 INFO  server.SCMBlockProtocolServer (SCMBlockProtocolServer.java:start(137)) - RPC server for Block Protocol is listening at /0.0.0.0:43989
2019-06-13 11:54:57,712 INFO  ipc.Server (Server.java:run(1314)) - IPC Server Responder: starting
2019-06-13 11:54:57,712 INFO  ipc.Server (Server.java:run(1153)) - IPC Server listener on 43989: starting
2019-06-13 11:54:57,714 INFO  server.StorageContainerManager (StorageContainerManager.java:start(765)) - ScmDatanodeProtocl RPC server is listening at /0.0.0.0:38249
2019-06-13 11:54:57,714 INFO  server.SCMDatanodeProtocolServer (SCMDatanodeProtocolServer.java:start(191)) - RPC server for DataNodes is listening at /0.0.0.0:38249
2019-06-13 11:54:57,714 INFO  ipc.Server (Server.java:run(1314)) - IPC Server Responder: starting
2019-06-13 11:54:57,714 INFO  ipc.Server (Server.java:run(1153)) - IPC Server listener on 38249: starting
2019-06-13 11:54:57,717 INFO  http.HttpServer2 (HttpServer2.java:bindListener(1191)) - Jetty bound to port 36215
2019-06-13 11:54:57,718 INFO  server.Server (Server.java:doStart(351)) - jetty-9.3.24.v20180605, build timestamp: 2018-06-05T17:11:56Z, git hash: 84205aa28f11a4f31f2a3b86d1bba2cc8ab69827
2019-06-13 11:54:57,750 INFO  handler.ContextHandler (ContextHandler.java:doStart(781)) - Started o.e.j.s.ServletContextHandler@2df6226d{/logs,file:///opt/src/hadoop-ozone/integration-test/target/log,AVAILABLE}
2019-06-13 11:54:57,750 INFO  handler.ContextHandler (ContextHandler.java:doStart(781)) - Started o.e.j.s.ServletContextHandler@4ff4357f{/static,file:///opt/src/hadoop-ozone/integration-test/target/test-classes/webapps/static,AVAILABLE}
2019-06-13 11:54:57,782 INFO  handler.ContextHandler (ContextHandler.java:doStart(781)) - Started o.e.j.w.WebAppContext@2484f433{/,file:///opt/src/hadoop-ozone/integration-test/target/test-classes/webapps/scm/,AVAILABLE}{/scm}
2019-06-13 11:54:57,787 INFO  server.AbstractConnector (AbstractConnector.java:doStart(278)) - Started ServerConnector@841e575{HTTP/1.1,[http/1.1]}{0.0.0.0:36215}
2019-06-13 11:54:57,788 INFO  server.Server (Server.java:doStart(419)) - Started @1781ms
2019-06-13 11:54:57,821 INFO  server.BaseHttpServer (BaseHttpServer.java:updateConnectorAddress(207)) - HTTP server of SCM is listening at http://0.0.0.0:36215
2019-06-13 11:54:57,827 INFO  util.JvmPauseMonitor (JvmPauseMonitor.java:run(188)) - Starting JVM pause monitor
2019-06-13 11:54:57,829 WARN  scm.ScmUtils (ScmUtils.java:getDBPath(63)) - ozone.om.db.dirs is not configured. We recommend adding this setting. Falling back to ozone.metadata.dirs instead.
2019-06-13 11:54:57,906 WARN  scm.ScmUtils (ScmUtils.java:getDBPath(63)) - ozone.om.db.dirs is not configured. We recommend adding this setting. Falling back to ozone.metadata.dirs instead.
2019-06-13 11:54:57,906 INFO  om.OzoneManager (OzoneManager.java:setOMNodeDetails(519)) - OM Service ID is not set. Setting it to the default ID: omServiceIdDefault
2019-06-13 11:54:57,906 INFO  om.OzoneManager (OzoneManager.java:setOMNodeDetails(525)) - OM Node ID is not set. Setting it to the OmStorage's OmID: 4a97b07d-3006-499f-9c53-6ebeb5071e6d
2019-06-13 11:54:57,908 WARN  scm.HddsServerUtil (HddsServerUtil.java:getDefaultRatisDirectory(354)) - Storage directory for Ratis is not configured. It is a good idea to map this to an SSD disk. Falling back to ozone.metadata.dirs
2019-06-13 11:54:57,908 WARN  scm.HddsServerUtil (HddsServerUtil.java:getDefaultRatisDirectory(354)) - Storage directory for Ratis is not configured. It is a good idea to map this to an SSD disk. Falling back to ozone.metadata.dirs
2019-06-13 11:54:57,908 INFO  om.OzoneManager (OzoneManager.java:loadOMHAConfigs(476)) - Found matching OM address with OMServiceId: null, OMNodeId: null, RPC Address: localhost:0 and Ratis port: 9872
2019-06-13 11:54:58,052 WARN  scm.ScmUtils (ScmUtils.java:getDBPath(63)) - ozone.om.db.dirs is not configured. We recommend adding this setting. Falling back to ozone.metadata.dirs instead.
2019-06-13 11:54:58,056 INFO  db.DBStoreBuilder (DBStoreBuilder.java:addTable(110)) - using custom profile for table: userTable
2019-06-13 11:54:58,057 INFO  db.DBStoreBuilder (DBStoreBuilder.java:processTables(161)) - Using default column profile:DBProfile.DISK for Table:userTable
2019-06-13 11:54:58,057 INFO  db.DBStoreBuilder (DBStoreBuilder.java:addTable(110)) - using custom profile for table: volumeTable
2019-06-13 11:54:58,057 INFO  db.DBStoreBuilder (DBStoreBuilder.java:processTables(161)) - Using default column profile:DBProfile.DISK for Table:volumeTable
2019-06-13 11:54:58,057 INFO  db.DBStoreBuilder (DBStoreBuilder.java:addTable(110)) - using custom profile for table: bucketTable
2019-06-13 11:54:58,057 INFO  db.DBStoreBuilder (DBStoreBuilder.java:processTables(161)) - Using default column profile:DBProfile.DISK for Table:bucketTable
2019-06-13 11:54:58,057 INFO  db.DBStoreBuilder (DBStoreBuilder.java:addTable(110)) - using custom profile for table: keyTable
2019-06-13 11:54:58,058 INFO  db.DBStoreBuilder (DBStoreBuilder.java:processTables(161)) - Using default column profile:DBProfile.DISK for Table:keyTable
2019-06-13 11:54:58,058 INFO  db.DBStoreBuilder (DBStoreBuilder.java:addTable(110)) - using custom profile for table: deletedTable
2019-06-13 11:54:58,058 INFO  db.DBStoreBuilder (DBStoreBuilder.java:processTables(161)) - Using default column profile:DBProfile.DISK for Table:deletedTable
2019-06-13 11:54:58,058 INFO  db.DBStoreBuilder (DBStoreBuilder.java:addTable(110)) - using custom profile for table: openKeyTable
2019-06-13 11:54:58,058 INFO  db.DBStoreBuilder (DBStoreBuilder.java:processTables(161)) - Using default column profile:DBProfile.DISK for Table:openKeyTable
2019-06-13 11:54:58,058 INFO  db.DBStoreBuilder (DBStoreBuilder.java:addTable(110)) - using custom profile for table: s3Table
2019-06-13 11:54:58,059 INFO  db.DBStoreBuilder (DBStoreBuilder.java:processTables(161)) - Using default column profile:DBProfile.DISK for Table:s3Table
2019-06-13 11:54:58,059 INFO  db.DBStoreBuilder (DBStoreBuilder.java:addTable(110)) - using custom profile for table: multipartInfoTable
2019-06-13 11:54:58,059 INFO  db.DBStoreBuilder (DBStoreBuilder.java:processTables(161)) - Using default column profile:DBProfile.DISK for Table:multipartInfoTable
2019-06-13 11:54:58,059 INFO  db.DBStoreBuilder (DBStoreBuilder.java:addTable(110)) - using custom profile for table: dTokenTable
2019-06-13 11:54:58,059 INFO  db.DBStoreBuilder (DBStoreBuilder.java:processTables(161)) - Using default column profile:DBProfile.DISK for Table:dTokenTable
2019-06-13 11:54:58,060 INFO  db.DBStoreBuilder (DBStoreBuilder.java:addTable(110)) - using custom profile for table: s3SecretTable
2019-06-13 11:54:58,060 INFO  db.DBStoreBuilder (DBStoreBuilder.java:processTables(161)) - Using default column profile:DBProfile.DISK for Table:s3SecretTable
2019-06-13 11:54:58,060 INFO  db.DBStoreBuilder (DBStoreBuilder.java:addTable(110)) - using custom profile for table: prefixTable
2019-06-13 11:54:58,060 INFO  db.DBStoreBuilder (DBStoreBuilder.java:processTables(161)) - Using default column profile:DBProfile.DISK for Table:prefixTable
2019-06-13 11:54:58,060 INFO  db.DBStoreBuilder (DBStoreBuilder.java:addTable(110)) - using custom profile for table: default
2019-06-13 11:54:58,060 INFO  db.DBStoreBuilder (DBStoreBuilder.java:processTables(167)) - Using default column profile:DBProfile.DISK for Table:default
2019-06-13 11:54:58,060 INFO  db.DBStoreBuilder (DBStoreBuilder.java:getDbProfile(198)) - Using default options. DBProfile.DISK
2019-06-13 11:54:58,495 INFO  ipc.CallQueueManager (CallQueueManager.java:<init>(84)) - Using callQueue: class java.util.concurrent.LinkedBlockingQueue, queueCapacity: 2000, scheduler: class org.apache.hadoop.ipc.DefaultRpcScheduler, ipcBackoff: false.
2019-06-13 11:54:58,495 INFO  ipc.Server (Server.java:run(1074)) - Starting Socket Reader #1 for port 39763
2019-06-13 11:54:58,522 WARN  scm.ScmUtils (ScmUtils.java:getDBPath(63)) - ozone.om.db.dirs is not configured. We recommend adding this setting. Falling back to ozone.metadata.dirs instead.
2019-06-13 11:54:58,522 INFO  om.OzoneManager (OzoneManager.java:start(1217)) - OzoneManager RPC server is listening at localhost/127.0.0.1:39763
2019-06-13 11:54:58,522 INFO  impl.MetricsSystemImpl (MetricsSystemImpl.java:init(158)) - OzoneManager metrics system started (again)
2019-06-13 11:54:58,523 INFO  ipc.Server (Server.java:run(1314)) - IPC Server Responder: starting
2019-06-13 11:54:58,523 INFO  ipc.Server (Server.java:run(1153)) - IPC Server listener on 39763: starting
2019-06-13 11:54:58,536 INFO  hdfs.DFSUtil (DFSUtil.java:httpServerTemplateForNNAndJN(1641)) - Starting Web-server for ozoneManager at: http://0.0.0.0:0
2019-06-13 11:54:58,537 INFO  server.AuthenticationFilter (AuthenticationFilter.java:constructSecretProvider(240)) - Unable to initialize FileSignerSecretProvider, falling back to use random secrets.
2019-06-13 11:54:58,537 WARN  http.HttpRequestLog (HttpRequestLog.java:getRequestLog(97)) - Jetty request log can only be enabled using Log4j
2019-06-13 11:54:58,539 INFO  http.HttpServer2 (HttpServer2.java:addGlobalFilter(975)) - Added global filter 'safety' (class=org.apache.hadoop.http.HttpServer2$QuotingInputFilter)
2019-06-13 11:54:58,540 INFO  http.HttpServer2 (HttpServer2.java:addFilter(948)) - Added filter static_user_filter (class=org.apache.hadoop.http.lib.StaticUserWebFilter$StaticUserFilter) to context ozoneManager
2019-06-13 11:54:58,541 INFO  http.HttpServer2 (HttpServer2.java:addFilter(958)) - Added filter static_user_filter (class=org.apache.hadoop.http.lib.StaticUserWebFilter$StaticUserFilter) to context logs
2019-06-13 11:54:58,541 INFO  http.HttpServer2 (HttpServer2.java:addFilter(958)) - Added filter static_user_filter (class=org.apache.hadoop.http.lib.StaticUserWebFilter$StaticUserFilter) to context static
2019-06-13 11:54:58,543 INFO  http.HttpServer2 (HttpServer2.java:bindListener(1191)) - Jetty bound to port 34889
2019-06-13 11:54:58,543 INFO  server.Server (Server.java:doStart(351)) - jetty-9.3.24.v20180605, build timestamp: 2018-06-05T17:11:56Z, git hash: 84205aa28f11a4f31f2a3b86d1bba2cc8ab69827
2019-06-13 11:54:58,544 INFO  handler.ContextHandler (ContextHandler.java:doStart(781)) - Started o.e.j.s.ServletContextHandler@7c2a69b4{/logs,file:///opt/src/hadoop-ozone/integration-test/target/log,AVAILABLE}
2019-06-13 11:54:58,545 INFO  handler.ContextHandler (ContextHandler.java:doStart(781)) - Started o.e.j.s.ServletContextHandler@648ee871{/static,file:///opt/src/hadoop-ozone/integration-test/target/test-classes/webapps/static,AVAILABLE}
2019-06-13 11:54:58,549 INFO  handler.ContextHandler (ContextHandler.java:doStart(781)) - Started o.e.j.w.WebAppContext@6f012914{/,file:///opt/src/hadoop-ozone/integration-test/target/test-classes/webapps/ozoneManager/,AVAILABLE}{/ozoneManager}
2019-06-13 11:54:58,550 INFO  server.AbstractConnector (AbstractConnector.java:doStart(278)) - Started ServerConnector@18fdb6cf{HTTP/1.1,[http/1.1]}{0.0.0.0:34889}
2019-06-13 11:54:58,550 INFO  server.Server (Server.java:doStart(419)) - Started @2543ms
2019-06-13 11:54:58,551 INFO  server.BaseHttpServer (BaseHttpServer.java:updateConnectorAddress(207)) - HTTP server of OZONEMANAGER is listening at http://0.0.0.0:34889
2019-06-13 11:54:58,679 INFO  impl.MetricsSystemImpl (MetricsSystemImpl.java:init(158)) - HddsDatanode metrics system started (again)
2019-06-13 11:54:58,826 INFO  ozone.HddsDatanodeService (HddsDatanodeService.java:start(185)) - HddsDatanodeService host:ozone-nffxw-186015654 ip:192.168.46.58
2019-06-13 11:54:58,847 INFO  volume.HddsVolume (HddsVolume.java:<init>(176)) - Creating Volume: /opt/src/hadoop-ozone/integration-test/target/test-dir/MiniOzoneClusterImpl-7f754a10-c83b-4ff5-b04e-87c1b0fa0a06/datanode-0/data/containers/hdds of  storage type : DISK and capacity : 104021790720
2019-06-13 11:54:58,848 INFO  volume.VolumeSet (VolumeSet.java:initializeVolumeSet(170)) - Added Volume : /opt/src/hadoop-ozone/integration-test/target/test-dir/MiniOzoneClusterImpl-7f754a10-c83b-4ff5-b04e-87c1b0fa0a06/datanode-0/data/containers/hdds to VolumeSet
2019-06-13 11:54:58,850 INFO  volume.ThrottledAsyncChecker (ThrottledAsyncChecker.java:schedule(140)) - Scheduling a check for org.apache.hadoop.ozone.container.common.volume.HddsVolume@4a6c18ad
2019-06-13 11:54:58,863 INFO  volume.HddsVolumeChecker (HddsVolumeChecker.java:checkAllVolumes(203)) - Scheduled health check for volume org.apache.hadoop.ozone.container.common.volume.HddsVolume@4a6c18ad
2019-06-13 11:54:58,897 INFO  ratis.XceiverServerRatis (XceiverServerRatis.java:newXceiverServerRatis(401)) - Found a free port for the server : 41827
2019-06-13 11:54:58,946 INFO  impl.RaftServerProxy (ConfUtils.java:logGet(43)) - raft.rpc.type = GRPC (default)
2019-06-13 11:54:58,953 INFO  grpc.GrpcConfigKeys$Server (ConfUtils.java:logGet(43)) - raft.grpc.server.port = 41827 (custom)
2019-06-13 11:54:58,954 INFO  server.GrpcService (ConfUtils.java:logGet(43)) - raft.grpc.message.size.max = 33570816 (custom)
2019-06-13 11:54:58,955 INFO  server.RaftServerConfigKeys (ConfUtils.java:logGet(43)) - raft.server.log.appender.buffer.byte-limit = 33554432 (custom)
2019-06-13 11:54:58,955 INFO  server.GrpcService (ConfUtils.java:logGet(43)) - raft.grpc.flow.control.window = 1MB (=1048576) (default)
2019-06-13 11:54:58,956 INFO  server.RaftServerConfigKeys (ConfUtils.java:logGet(43)) - raft.server.rpc.request.timeout = 3000ms (default)
2019-06-13 11:54:59,063 INFO  server.RaftServerConfigKeys (ConfUtils.java:logGet(43)) - raft.server.storage.dir = [/opt/src/hadoop-ozone/integration-test/target/test-dir/MiniOzoneClusterImpl-7f754a10-c83b-4ff5-b04e-87c1b0fa0a06/datanode-0/data/ratis] (custom)
2019-06-13 11:54:59,067 INFO  server.XceiverServerGrpc (XceiverServerGrpc.java:<init>(97)) - Found a free port for the server : 40847
2019-06-13 11:54:59,088 INFO  replication.SimpleContainerDownloader (SimpleContainerDownloader.java:<init>(72)) - Starting container downloader service to copy containers to replicate.
2019-06-13 11:54:59,099 INFO  hdfs.DFSUtil (DFSUtil.java:httpServerTemplateForNNAndJN(1641)) - Starting Web-server for hddsDatanode at: http://0.0.0.0:0
2019-06-13 11:54:59,100 INFO  server.AuthenticationFilter (AuthenticationFilter.java:constructSecretProvider(240)) - Unable to initialize FileSignerSecretProvider, falling back to use random secrets.
2019-06-13 11:54:59,100 WARN  http.HttpRequestLog (HttpRequestLog.java:getRequestLog(97)) - Jetty request log can only be enabled using Log4j
2019-06-13 11:54:59,101 INFO  http.HttpServer2 (HttpServer2.java:addGlobalFilter(975)) - Added global filter 'safety' (class=org.apache.hadoop.http.HttpServer2$QuotingInputFilter)
2019-06-13 11:54:59,102 INFO  http.HttpServer2 (HttpServer2.java:addFilter(948)) - Added filter static_user_filter (class=org.apache.hadoop.http.lib.StaticUserWebFilter$StaticUserFilter) to context hddsDatanode
2019-06-13 11:54:59,102 INFO  http.HttpServer2 (HttpServer2.java:addFilter(958)) - Added filter static_user_filter (class=org.apache.hadoop.http.lib.StaticUserWebFilter$StaticUserFilter) to context logs
2019-06-13 11:54:59,102 INFO  http.HttpServer2 (HttpServer2.java:addFilter(958)) - Added filter static_user_filter (class=org.apache.hadoop.http.lib.StaticUserWebFilter$StaticUserFilter) to context static
2019-06-13 11:54:59,103 INFO  http.HttpServer2 (HttpServer2.java:bindListener(1191)) - Jetty bound to port 37529
2019-06-13 11:54:59,103 INFO  server.Server (Server.java:doStart(351)) - jetty-9.3.24.v20180605, build timestamp: 2018-06-05T17:11:56Z, git hash: 84205aa28f11a4f31f2a3b86d1bba2cc8ab69827
2019-06-13 11:54:59,105 INFO  handler.ContextHandler (ContextHandler.java:doStart(781)) - Started o.e.j.s.ServletContextHandler@2e51d054{/logs,file:///opt/src/hadoop-ozone/integration-test/target/log,AVAILABLE}
2019-06-13 11:54:59,105 INFO  handler.ContextHandler (ContextHandler.java:doStart(781)) - Started o.e.j.s.ServletContextHandler@615e3f51{/static,jar:file:/root/.m2/repository/org/apache/hadoop/hadoop-hdds-container-service/0.5.0-SNAPSHOT/hadoop-hdds-container-service-0.5.0-SNAPSHOT.jar!/webapps/static,AVAILABLE}
2019-06-13 11:54:59,139 INFO  handler.ContextHandler (ContextHandler.java:doStart(781)) - Started o.e.j.w.WebAppContext@5e1fc2aa{/,file:///tmp/jetty-0.0.0.0-37529-hddsDatanode-_-any-2758011427603072870.dir/webapp/,AVAILABLE}{/hddsDatanode}
2019-06-13 11:54:59,140 INFO  server.AbstractConnector (AbstractConnector.java:doStart(278)) - Started ServerConnector@688d411b{HTTP/1.1,[http/1.1]}{0.0.0.0:37529}
2019-06-13 11:54:59,140 INFO  server.Server (Server.java:doStart(419)) - Started @3133ms
2019-06-13 11:54:59,141 INFO  server.BaseHttpServer (BaseHttpServer.java:updateConnectorAddress(207)) - HTTP server of HDDSDATANODE is listening at http://0.0.0.0:37529
2019-06-13 11:54:59,987 INFO  ozone.HddsDatanodeService (HddsDatanodeService.java:startPlugins(396)) - Started plug-in org.apache.hadoop.ozone.web.OzoneHddsDatanodeService@30bf26df
2019-06-13 11:54:59,988 INFO  impl.MetricsSystemImpl (MetricsSystemImpl.java:init(158)) - HddsDatanode metrics system started (again)
2019-06-13 11:54:59,989 INFO  ozone.HddsDatanodeService (HddsDatanodeService.java:start(185)) - HddsDatanodeService host:ozone-nffxw-186015654 ip:192.168.46.58
2019-06-13 11:54:59,999 INFO  volume.HddsVolume (HddsVolume.java:<init>(176)) - Creating Volume: /opt/src/hadoop-ozone/integration-test/target/test-dir/MiniOzoneClusterImpl-7f754a10-c83b-4ff5-b04e-87c1b0fa0a06/datanode-1/data/containers/hdds of  storage type : DISK and capacity : 104021790720
2019-06-13 11:54:59,999 INFO  volume.VolumeSet (VolumeSet.java:initializeVolumeSet(170)) - Added Volume : /opt/src/hadoop-ozone/integration-test/target/test-dir/MiniOzoneClusterImpl-7f754a10-c83b-4ff5-b04e-87c1b0fa0a06/datanode-1/data/containers/hdds to VolumeSet
2019-06-13 11:54:59,999 INFO  volume.ThrottledAsyncChecker (ThrottledAsyncChecker.java:schedule(140)) - Scheduling a check for org.apache.hadoop.ozone.container.common.volume.HddsVolume@f171912
2019-06-13 11:55:00,010 INFO  volume.HddsVolumeChecker (HddsVolumeChecker.java:checkAllVolumes(203)) - Scheduled health check for volume org.apache.hadoop.ozone.container.common.volume.HddsVolume@f171912
2019-06-13 11:55:00,010 INFO  util.JvmPauseMonitor (JvmPauseMonitor.java:run(188)) - Starting JVM pause monitor
2019-06-13 11:55:00,031 INFO  ratis.XceiverServerRatis (XceiverServerRatis.java:newXceiverServerRatis(401)) - Found a free port for the server : 35009
2019-06-13 11:55:00,032 INFO  impl.RaftServerProxy (ConfUtils.java:logGet(43)) - raft.rpc.type = GRPC (default)
2019-06-13 11:55:00,032 INFO  grpc.GrpcConfigKeys$Server (ConfUtils.java:logGet(43)) - raft.grpc.server.port = 35009 (custom)
2019-06-13 11:55:00,032 INFO  server.GrpcService (ConfUtils.java:logGet(43)) - raft.grpc.message.size.max = 33570816 (custom)
2019-06-13 11:55:00,032 INFO  server.RaftServerConfigKeys (ConfUtils.java:logGet(43)) - raft.server.log.appender.buffer.byte-limit = 33554432 (custom)
2019-06-13 11:55:00,033 INFO  server.GrpcService (ConfUtils.java:logGet(43)) - raft.grpc.flow.control.window = 1MB (=1048576) (default)
2019-06-13 11:55:00,033 INFO  server.RaftServerConfigKeys (ConfUtils.java:logGet(43)) - raft.server.rpc.request.timeout = 3000ms (default)
2019-06-13 11:55:00,034 INFO  server.RaftServerConfigKeys (ConfUtils.java:logGet(43)) - raft.server.storage.dir = [/opt/src/hadoop-ozone/integration-test/target/test-dir/MiniOzoneClusterImpl-7f754a10-c83b-4ff5-b04e-87c1b0fa0a06/datanode-1/data/ratis] (custom)
2019-06-13 11:55:00,034 INFO  server.XceiverServerGrpc (XceiverServerGrpc.java:<init>(97)) - Found a free port for the server : 34339
2019-06-13 11:55:00,034 INFO  replication.SimpleContainerDownloader (SimpleContainerDownloader.java:<init>(72)) - Starting container downloader service to copy containers to replicate.
2019-06-13 11:55:00,041 INFO  hdfs.DFSUtil (DFSUtil.java:httpServerTemplateForNNAndJN(1641)) - Starting Web-server for hddsDatanode at: http://0.0.0.0:0
2019-06-13 11:55:00,043 INFO  server.AuthenticationFilter (AuthenticationFilter.java:constructSecretProvider(240)) - Unable to initialize FileSignerSecretProvider, falling back to use random secrets.
2019-06-13 11:55:00,045 WARN  http.HttpRequestLog (HttpRequestLog.java:getRequestLog(97)) - Jetty request log can only be enabled using Log4j
2019-06-13 11:55:00,047 INFO  http.HttpServer2 (HttpServer2.java:addGlobalFilter(975)) - Added global filter 'safety' (class=org.apache.hadoop.http.HttpServer2$QuotingInputFilter)
2019-06-13 11:55:00,048 INFO  http.HttpServer2 (HttpServer2.java:addFilter(948)) - Added filter static_user_filter (class=org.apache.hadoop.http.lib.StaticUserWebFilter$StaticUserFilter) to context hddsDatanode
2019-06-13 11:55:00,048 INFO  http.HttpServer2 (HttpServer2.java:addFilter(958)) - Added filter static_user_filter (class=org.apache.hadoop.http.lib.StaticUserWebFilter$StaticUserFilter) to context logs
2019-06-13 11:55:00,048 INFO  http.HttpServer2 (HttpServer2.java:addFilter(958)) - Added filter static_user_filter (class=org.apache.hadoop.http.lib.StaticUserWebFilter$StaticUserFilter) to context static
2019-06-13 11:55:00,049 INFO  http.HttpServer2 (HttpServer2.java:bindListener(1191)) - Jetty bound to port 39887
2019-06-13 11:55:00,049 INFO  server.Server (Server.java:doStart(351)) - jetty-9.3.24.v20180605, build timestamp: 2018-06-05T17:11:56Z, git hash: 84205aa28f11a4f31f2a3b86d1bba2cc8ab69827
2019-06-13 11:55:00,062 INFO  handler.ContextHandler (ContextHandler.java:doStart(781)) - Started o.e.j.s.ServletContextHandler@18b6d3c1{/logs,file:///opt/src/hadoop-ozone/integration-test/target/log,AVAILABLE}
2019-06-13 11:55:00,063 INFO  handler.ContextHandler (ContextHandler.java:doStart(781)) - Started o.e.j.s.ServletContextHandler@3fe512d2{/static,jar:file:/root/.m2/repository/org/apache/hadoop/hadoop-hdds-container-service/0.5.0-SNAPSHOT/hadoop-hdds-container-service-0.5.0-SNAPSHOT.jar!/webapps/static,AVAILABLE}
2019-06-13 11:55:00,102 INFO  datanode.InitDatanodeState (InitDatanodeState.java:persistContainerDatanodeDetails(140)) - DatanodeDetails is persisted to /opt/src/hadoop-ozone/integration-test/target/test-dir/MiniOzoneClusterImpl-7f754a10-c83b-4ff5-b04e-87c1b0fa0a06/datanode-0/meta/datanode.id
2019-06-13 11:55:00,105 INFO  handler.ContextHandler (ContextHandler.java:doStart(781)) - Started o.e.j.w.WebAppContext@e7b265e{/,file:///tmp/jetty-0.0.0.0-39887-hddsDatanode-_-any-4986699869451555657.dir/webapp/,AVAILABLE}{/hddsDatanode}
2019-06-13 11:55:00,105 INFO  server.AbstractConnector (AbstractConnector.java:doStart(278)) - Started ServerConnector@386b98a{HTTP/1.1,[http/1.1]}{0.0.0.0:39887}
2019-06-13 11:55:00,106 INFO  server.Server (Server.java:doStart(419)) - Started @4099ms
2019-06-13 11:55:00,106 INFO  server.BaseHttpServer (BaseHttpServer.java:updateConnectorAddress(207)) - HTTP server of HDDSDATANODE is listening at http://0.0.0.0:39887
2019-06-13 11:55:00,258 INFO  ozone.HddsDatanodeService (HddsDatanodeService.java:startPlugins(396)) - Started plug-in org.apache.hadoop.ozone.web.OzoneHddsDatanodeService@63fd4dda
2019-06-13 11:55:00,259 INFO  impl.MetricsSystemImpl (MetricsSystemImpl.java:init(158)) - HddsDatanode metrics system started (again)
2019-06-13 11:55:00,260 INFO  ozone.HddsDatanodeService (HddsDatanodeService.java:start(185)) - HddsDatanodeService host:ozone-nffxw-186015654 ip:192.168.46.58
2019-06-13 11:55:00,298 INFO  volume.HddsVolume (HddsVolume.java:<init>(176)) - Creating Volume: /opt/src/hadoop-ozone/integration-test/target/test-dir/MiniOzoneClusterImpl-7f754a10-c83b-4ff5-b04e-87c1b0fa0a06/datanode-2/data/containers/hdds of  storage type : DISK and capacity : 104021790720
2019-06-13 11:55:00,298 INFO  volume.VolumeSet (VolumeSet.java:initializeVolumeSet(170)) - Added Volume : /opt/src/hadoop-ozone/integration-test/target/test-dir/MiniOzoneClusterImpl-7f754a10-c83b-4ff5-b04e-87c1b0fa0a06/datanode-2/data/containers/hdds to VolumeSet
2019-06-13 11:55:00,298 INFO  volume.ThrottledAsyncChecker (ThrottledAsyncChecker.java:schedule(140)) - Scheduling a check for org.apache.hadoop.ozone.container.common.volume.HddsVolume@4b56b031
2019-06-13 11:55:00,302 INFO  volume.HddsVolumeChecker (HddsVolumeChecker.java:checkAllVolumes(203)) - Scheduled health check for volume org.apache.hadoop.ozone.container.common.volume.HddsVolume@4b56b031
2019-06-13 11:55:00,302 INFO  util.JvmPauseMonitor (JvmPauseMonitor.java:run(188)) - Starting JVM pause monitor
2019-06-13 11:55:00,310 INFO  datanode.InitDatanodeState (InitDatanodeState.java:persistContainerDatanodeDetails(140)) - DatanodeDetails is persisted to /opt/src/hadoop-ozone/integration-test/target/test-dir/MiniOzoneClusterImpl-7f754a10-c83b-4ff5-b04e-87c1b0fa0a06/datanode-1/meta/datanode.id
2019-06-13 11:55:00,325 INFO  ratis.XceiverServerRatis (XceiverServerRatis.java:newXceiverServerRatis(401)) - Found a free port for the server : 46297
2019-06-13 11:55:00,326 INFO  impl.RaftServerProxy (ConfUtils.java:logGet(43)) - raft.rpc.type = GRPC (default)
2019-06-13 11:55:00,327 INFO  grpc.GrpcConfigKeys$Server (ConfUtils.java:logGet(43)) - raft.grpc.server.port = 46297 (custom)
2019-06-13 11:55:00,327 INFO  server.GrpcService (ConfUtils.java:logGet(43)) - raft.grpc.message.size.max = 33570816 (custom)
2019-06-13 11:55:00,327 INFO  server.RaftServerConfigKeys (ConfUtils.java:logGet(43)) - raft.server.log.appender.buffer.byte-limit = 33554432 (custom)
2019-06-13 11:55:00,327 INFO  server.GrpcService (ConfUtils.java:logGet(43)) - raft.grpc.flow.control.window = 1MB (=1048576) (default)
2019-06-13 11:55:00,327 INFO  server.RaftServerConfigKeys (ConfUtils.java:logGet(43)) - raft.server.rpc.request.timeout = 3000ms (default)
2019-06-13 11:55:00,328 INFO  server.RaftServerConfigKeys (ConfUtils.java:logGet(43)) - raft.server.storage.dir = [/opt/src/hadoop-ozone/integration-test/target/test-dir/MiniOzoneClusterImpl-7f754a10-c83b-4ff5-b04e-87c1b0fa0a06/datanode-2/data/ratis] (custom)
2019-06-13 11:55:00,328 INFO  server.XceiverServerGrpc (XceiverServerGrpc.java:<init>(97)) - Found a free port for the server : 45481
2019-06-13 11:55:00,329 INFO  replication.SimpleContainerDownloader (SimpleContainerDownloader.java:<init>(72)) - Starting container downloader service to copy containers to replicate.
2019-06-13 11:55:00,330 INFO  hdfs.DFSUtil (DFSUtil.java:httpServerTemplateForNNAndJN(1641)) - Starting Web-server for hddsDatanode at: http://0.0.0.0:0
2019-06-13 11:55:00,331 INFO  server.AuthenticationFilter (AuthenticationFilter.java:constructSecretProvider(240)) - Unable to initialize FileSignerSecretProvider, falling back to use random secrets.
2019-06-13 11:55:00,331 WARN  http.HttpRequestLog (HttpRequestLog.java:getRequestLog(97)) - Jetty request log can only be enabled using Log4j
2019-06-13 11:55:00,332 INFO  http.HttpServer2 (HttpServer2.java:addGlobalFilter(975)) - Added global filter 'safety' (class=org.apache.hadoop.http.HttpServer2$QuotingInputFilter)
2019-06-13 11:55:00,333 INFO  http.HttpServer2 (HttpServer2.java:addFilter(948)) - Added filter static_user_filter (class=org.apache.hadoop.http.lib.StaticUserWebFilter$StaticUserFilter) to context hddsDatanode
2019-06-13 11:55:00,333 INFO  http.HttpServer2 (HttpServer2.java:addFilter(958)) - Added filter static_user_filter (class=org.apache.hadoop.http.lib.StaticUserWebFilter$StaticUserFilter) to context logs
2019-06-13 11:55:00,333 INFO  http.HttpServer2 (HttpServer2.java:addFilter(958)) - Added filter static_user_filter (class=org.apache.hadoop.http.lib.StaticUserWebFilter$StaticUserFilter) to context static
2019-06-13 11:55:00,334 INFO  http.HttpServer2 (HttpServer2.java:bindListener(1191)) - Jetty bound to port 38617
2019-06-13 11:55:00,334 INFO  server.Server (Server.java:doStart(351)) - jetty-9.3.24.v20180605, build timestamp: 2018-06-05T17:11:56Z, git hash: 84205aa28f11a4f31f2a3b86d1bba2cc8ab69827
2019-06-13 11:55:00,335 INFO  handler.ContextHandler (ContextHandler.java:doStart(781)) - Started o.e.j.s.ServletContextHandler@2443abd6{/logs,file:///opt/src/hadoop-ozone/integration-test/target/log,AVAILABLE}
2019-06-13 11:55:00,336 INFO  handler.ContextHandler (ContextHandler.java:doStart(781)) - Started o.e.j.s.ServletContextHandler@bd3eff4{/static,jar:file:/root/.m2/repository/org/apache/hadoop/hadoop-hdds-container-service/0.5.0-SNAPSHOT/hadoop-hdds-container-service-0.5.0-SNAPSHOT.jar!/webapps/static,AVAILABLE}
2019-06-13 11:55:00,357 INFO  handler.ContextHandler (ContextHandler.java:doStart(781)) - Started o.e.j.w.WebAppContext@4e80a001{/,file:///tmp/jetty-0.0.0.0-38617-hddsDatanode-_-any-940792616162420063.dir/webapp/,AVAILABLE}{/hddsDatanode}
2019-06-13 11:55:00,358 INFO  server.AbstractConnector (AbstractConnector.java:doStart(278)) - Started ServerConnector@624b523{HTTP/1.1,[http/1.1]}{0.0.0.0:38617}
2019-06-13 11:55:00,358 INFO  server.Server (Server.java:doStart(419)) - Started @4352ms
2019-06-13 11:55:00,359 INFO  server.BaseHttpServer (BaseHttpServer.java:updateConnectorAddress(207)) - HTTP server of HDDSDATANODE is listening at http://0.0.0.0:38617
2019-06-13 11:55:00,519 INFO  ozone.HddsDatanodeService (HddsDatanodeService.java:startPlugins(396)) - Started plug-in org.apache.hadoop.ozone.web.OzoneHddsDatanodeService@11c78080
2019-06-13 11:55:00,520 INFO  impl.MetricsSystemImpl (MetricsSystemImpl.java:init(158)) - HddsDatanode metrics system started (again)
2019-06-13 11:55:00,520 INFO  ozone.HddsDatanodeService (HddsDatanodeService.java:start(185)) - HddsDatanodeService host:ozone-nffxw-186015654 ip:192.168.46.58
2019-06-13 11:55:00,530 INFO  util.JvmPauseMonitor (JvmPauseMonitor.java:run(188)) - Starting JVM pause monitor
2019-06-13 11:55:00,533 INFO  datanode.InitDatanodeState (InitDatanodeState.java:persistContainerDatanodeDetails(140)) - DatanodeDetails is persisted to /opt/src/hadoop-ozone/integration-test/target/test-dir/MiniOzoneClusterImpl-7f754a10-c83b-4ff5-b04e-87c1b0fa0a06/datanode-2/meta/datanode.id
2019-06-13 11:55:00,533 INFO  volume.HddsVolume (HddsVolume.java:<init>(176)) - Creating Volume: /opt/src/hadoop-ozone/integration-test/target/test-dir/MiniOzoneClusterImpl-7f754a10-c83b-4ff5-b04e-87c1b0fa0a06/datanode-3/data/containers/hdds of  storage type : DISK and capacity : 104021790720
2019-06-13 11:55:00,533 INFO  volume.VolumeSet (VolumeSet.java:initializeVolumeSet(170)) - Added Volume : /opt/src/hadoop-ozone/integration-test/target/test-dir/MiniOzoneClusterImpl-7f754a10-c83b-4ff5-b04e-87c1b0fa0a06/datanode-3/data/containers/hdds to VolumeSet
2019-06-13 11:55:00,534 INFO  volume.ThrottledAsyncChecker (ThrottledAsyncChecker.java:schedule(140)) - Scheduling a check for org.apache.hadoop.ozone.container.common.volume.HddsVolume@7c11d32
2019-06-13 11:55:00,538 INFO  volume.HddsVolumeChecker (HddsVolumeChecker.java:checkAllVolumes(203)) - Scheduled health check for volume org.apache.hadoop.ozone.container.common.volume.HddsVolume@7c11d32
2019-06-13 11:55:00,553 INFO  ratis.XceiverServerRatis (XceiverServerRatis.java:newXceiverServerRatis(401)) - Found a free port for the server : 33479
2019-06-13 11:55:00,554 INFO  impl.RaftServerProxy (ConfUtils.java:logGet(43)) - raft.rpc.type = GRPC (default)
2019-06-13 11:55:00,554 INFO  grpc.GrpcConfigKeys$Server (ConfUtils.java:logGet(43)) - raft.grpc.server.port = 33479 (custom)
2019-06-13 11:55:00,554 INFO  server.GrpcService (ConfUtils.java:logGet(43)) - raft.grpc.message.size.max = 33570816 (custom)
2019-06-13 11:55:00,555 INFO  server.RaftServerConfigKeys (ConfUtils.java:logGet(43)) - raft.server.log.appender.buffer.byte-limit = 33554432 (custom)
2019-06-13 11:55:00,555 INFO  server.GrpcService (ConfUtils.java:logGet(43)) - raft.grpc.flow.control.window = 1MB (=1048576) (default)
2019-06-13 11:55:00,555 INFO  server.RaftServerConfigKeys (ConfUtils.java:logGet(43)) - raft.server.rpc.request.timeout = 3000ms (default)
2019-06-13 11:55:00,556 INFO  server.RaftServerConfigKeys (ConfUtils.java:logGet(43)) - raft.server.storage.dir = [/opt/src/hadoop-ozone/integration-test/target/test-dir/MiniOzoneClusterImpl-7f754a10-c83b-4ff5-b04e-87c1b0fa0a06/datanode-3/data/ratis] (custom)
2019-06-13 11:55:00,556 INFO  server.XceiverServerGrpc (XceiverServerGrpc.java:<init>(97)) - Found a free port for the server : 38277
2019-06-13 11:55:00,556 INFO  replication.SimpleContainerDownloader (SimpleContainerDownloader.java:<init>(72)) - Starting container downloader service to copy containers to replicate.
2019-06-13 11:55:00,558 INFO  hdfs.DFSUtil (DFSUtil.java:httpServerTemplateForNNAndJN(1641)) - Starting Web-server for hddsDatanode at: http://0.0.0.0:0
2019-06-13 11:55:00,559 INFO  server.AuthenticationFilter (AuthenticationFilter.java:constructSecretProvider(240)) - Unable to initialize FileSignerSecretProvider, falling back to use random secrets.
2019-06-13 11:55:00,559 WARN  http.HttpRequestLog (HttpRequestLog.java:getRequestLog(97)) - Jetty request log can only be enabled using Log4j
2019-06-13 11:55:00,561 INFO  http.HttpServer2 (HttpServer2.java:addGlobalFilter(975)) - Added global filter 'safety' (class=org.apache.hadoop.http.HttpServer2$QuotingInputFilter)
2019-06-13 11:55:00,561 INFO  http.HttpServer2 (HttpServer2.java:addFilter(948)) - Added filter static_user_filter (class=org.apache.hadoop.http.lib.StaticUserWebFilter$StaticUserFilter) to context hddsDatanode
2019-06-13 11:55:00,562 INFO  http.HttpServer2 (HttpServer2.java:addFilter(958)) - Added filter static_user_filter (class=org.apache.hadoop.http.lib.StaticUserWebFilter$StaticUserFilter) to context logs
2019-06-13 11:55:00,562 INFO  http.HttpServer2 (HttpServer2.java:addFilter(958)) - Added filter static_user_filter (class=org.apache.hadoop.http.lib.StaticUserWebFilter$StaticUserFilter) to context static
2019-06-13 11:55:00,562 INFO  http.HttpServer2 (HttpServer2.java:bindListener(1191)) - Jetty bound to port 41897
2019-06-13 11:55:00,563 INFO  server.Server (Server.java:doStart(351)) - jetty-9.3.24.v20180605, build timestamp: 2018-06-05T17:11:56Z, git hash: 84205aa28f11a4f31f2a3b86d1bba2cc8ab69827
2019-06-13 11:55:00,570 INFO  handler.ContextHandler (ContextHandler.java:doStart(781)) - Started o.e.j.s.ServletContextHandler@25974207{/logs,file:///opt/src/hadoop-ozone/integration-test/target/log,AVAILABLE}
2019-06-13 11:55:00,570 INFO  handler.ContextHandler (ContextHandler.java:doStart(781)) - Started o.e.j.s.ServletContextHandler@195113de{/static,jar:file:/root/.m2/repository/org/apache/hadoop/hadoop-hdds-container-service/0.5.0-SNAPSHOT/hadoop-hdds-container-service-0.5.0-SNAPSHOT.jar!/webapps/static,AVAILABLE}
2019-06-13 11:55:00,590 INFO  handler.ContextHandler (ContextHandler.java:doStart(781)) - Started o.e.j.w.WebAppContext@74c9e11{/,file:///tmp/jetty-0.0.0.0-41897-hddsDatanode-_-any-1240745967769495329.dir/webapp/,AVAILABLE}{/hddsDatanode}
2019-06-13 11:55:00,591 INFO  server.AbstractConnector (AbstractConnector.java:doStart(278)) - Started ServerConnector@9fe720a{HTTP/1.1,[http/1.1]}{0.0.0.0:41897}
2019-06-13 11:55:00,591 INFO  server.Server (Server.java:doStart(419)) - Started @4585ms
2019-06-13 11:55:00,592 INFO  server.BaseHttpServer (BaseHttpServer.java:updateConnectorAddress(207)) - HTTP server of HDDSDATANODE is listening at http://0.0.0.0:41897
2019-06-13 11:55:00,689 INFO  ozone.HddsDatanodeService (HddsDatanodeService.java:startPlugins(396)) - Started plug-in org.apache.hadoop.ozone.web.OzoneHddsDatanodeService@76216830
2019-06-13 11:55:00,689 INFO  impl.MetricsSystemImpl (MetricsSystemImpl.java:init(158)) - HddsDatanode metrics system started (again)
2019-06-13 11:55:00,689 INFO  ozone.HddsDatanodeService (HddsDatanodeService.java:start(185)) - HddsDatanodeService host:ozone-nffxw-186015654 ip:192.168.46.58
2019-06-13 11:55:00,691 INFO  util.JvmPauseMonitor (JvmPauseMonitor.java:run(188)) - Starting JVM pause monitor
2019-06-13 11:55:00,693 INFO  datanode.InitDatanodeState (InitDatanodeState.java:persistContainerDatanodeDetails(140)) - DatanodeDetails is persisted to /opt/src/hadoop-ozone/integration-test/target/test-dir/MiniOzoneClusterImpl-7f754a10-c83b-4ff5-b04e-87c1b0fa0a06/datanode-3/meta/datanode.id
2019-06-13 11:55:00,701 INFO  volume.HddsVolume (HddsVolume.java:<init>(176)) - Creating Volume: /opt/src/hadoop-ozone/integration-test/target/test-dir/MiniOzoneClusterImpl-7f754a10-c83b-4ff5-b04e-87c1b0fa0a06/datanode-4/data/containers/hdds of  storage type : DISK and capacity : 104021790720
2019-06-13 11:55:00,702 INFO  volume.VolumeSet (VolumeSet.java:initializeVolumeSet(170)) - Added Volume : /opt/src/hadoop-ozone/integration-test/target/test-dir/MiniOzoneClusterImpl-7f754a10-c83b-4ff5-b04e-87c1b0fa0a06/datanode-4/data/containers/hdds to VolumeSet
2019-06-13 11:55:00,702 INFO  volume.ThrottledAsyncChecker (ThrottledAsyncChecker.java:schedule(140)) - Scheduling a check for org.apache.hadoop.ozone.container.common.volume.HddsVolume@391d1e33
2019-06-13 11:55:00,707 INFO  volume.HddsVolumeChecker (HddsVolumeChecker.java:checkAllVolumes(203)) - Scheduled health check for volume org.apache.hadoop.ozone.container.common.volume.HddsVolume@391d1e33
2019-06-13 11:55:00,715 INFO  ratis.XceiverServerRatis (XceiverServerRatis.java:newXceiverServerRatis(401)) - Found a free port for the server : 43177
2019-06-13 11:55:00,716 INFO  impl.RaftServerProxy (ConfUtils.java:logGet(43)) - raft.rpc.type = GRPC (default)
2019-06-13 11:55:00,716 INFO  grpc.GrpcConfigKeys$Server (ConfUtils.java:logGet(43)) - raft.grpc.server.port = 43177 (custom)
2019-06-13 11:55:00,717 INFO  server.GrpcService (ConfUtils.java:logGet(43)) - raft.grpc.message.size.max = 33570816 (custom)
2019-06-13 11:55:00,717 INFO  server.RaftServerConfigKeys (ConfUtils.java:logGet(43)) - raft.server.log.appender.buffer.byte-limit = 33554432 (custom)
2019-06-13 11:55:00,717 INFO  server.GrpcService (ConfUtils.java:logGet(43)) - raft.grpc.flow.control.window = 1MB (=1048576) (default)
2019-06-13 11:55:00,717 INFO  server.RaftServerConfigKeys (ConfUtils.java:logGet(43)) - raft.server.rpc.request.timeout = 3000ms (default)
2019-06-13 11:55:00,717 INFO  server.RaftServerConfigKeys (ConfUtils.java:logGet(43)) - raft.server.storage.dir = [/opt/src/hadoop-ozone/integration-test/target/test-dir/MiniOzoneClusterImpl-7f754a10-c83b-4ff5-b04e-87c1b0fa0a06/datanode-4/data/ratis] (custom)
2019-06-13 11:55:00,718 INFO  server.XceiverServerGrpc (XceiverServerGrpc.java:<init>(97)) - Found a free port for the server : 38757
2019-06-13 11:55:00,718 INFO  replication.SimpleContainerDownloader (SimpleContainerDownloader.java:<init>(72)) - Starting container downloader service to copy containers to replicate.
2019-06-13 11:55:00,719 INFO  hdfs.DFSUtil (DFSUtil.java:httpServerTemplateForNNAndJN(1641)) - Starting Web-server for hddsDatanode at: http://0.0.0.0:0
2019-06-13 11:55:00,720 INFO  server.AuthenticationFilter (AuthenticationFilter.java:constructSecretProvider(240)) - Unable to initialize FileSignerSecretProvider, falling back to use random secrets.
2019-06-13 11:55:00,720 WARN  http.HttpRequestLog (HttpRequestLog.java:getRequestLog(97)) - Jetty request log can only be enabled using Log4j
2019-06-13 11:55:00,721 INFO  http.HttpServer2 (HttpServer2.java:addGlobalFilter(975)) - Added global filter 'safety' (class=org.apache.hadoop.http.HttpServer2$QuotingInputFilter)
2019-06-13 11:55:00,721 INFO  http.HttpServer2 (HttpServer2.java:addFilter(948)) - Added filter static_user_filter (class=org.apache.hadoop.http.lib.StaticUserWebFilter$StaticUserFilter) to context hddsDatanode
2019-06-13 11:55:00,722 INFO  http.HttpServer2 (HttpServer2.java:addFilter(958)) - Added filter static_user_filter (class=org.apache.hadoop.http.lib.StaticUserWebFilter$StaticUserFilter) to context static
2019-06-13 11:55:00,722 INFO  http.HttpServer2 (HttpServer2.java:addFilter(958)) - Added filter static_user_filter (class=org.apache.hadoop.http.lib.StaticUserWebFilter$StaticUserFilter) to context logs
2019-06-13 11:55:00,722 INFO  http.HttpServer2 (HttpServer2.java:bindListener(1191)) - Jetty bound to port 44969
2019-06-13 11:55:00,722 INFO  server.Server (Server.java:doStart(351)) - jetty-9.3.24.v20180605, build timestamp: 2018-06-05T17:11:56Z, git hash: 84205aa28f11a4f31f2a3b86d1bba2cc8ab69827
2019-06-13 11:55:00,740 INFO  handler.ContextHandler (ContextHandler.java:doStart(781)) - Started o.e.j.s.ServletContextHandler@6f38f084{/logs,file:///opt/src/hadoop-ozone/integration-test/target/log,AVAILABLE}
2019-06-13 11:55:00,741 INFO  handler.ContextHandler (ContextHandler.java:doStart(781)) - Started o.e.j.s.ServletContextHandler@372f0a99{/static,jar:file:/root/.m2/repository/org/apache/hadoop/hadoop-hdds-container-service/0.5.0-SNAPSHOT/hadoop-hdds-container-service-0.5.0-SNAPSHOT.jar!/webapps/static,AVAILABLE}
2019-06-13 11:55:00,771 INFO  handler.ContextHandler (ContextHandler.java:doStart(781)) - Started o.e.j.w.WebAppContext@6b2fdffc{/,file:///tmp/jetty-0.0.0.0-44969-hddsDatanode-_-any-3472351334780942298.dir/webapp/,AVAILABLE}{/hddsDatanode}
2019-06-13 11:55:00,772 INFO  server.AbstractConnector (AbstractConnector.java:doStart(278)) - Started ServerConnector@2ca3d826{HTTP/1.1,[http/1.1]}{0.0.0.0:44969}
2019-06-13 11:55:00,773 INFO  server.Server (Server.java:doStart(419)) - Started @4766ms
2019-06-13 11:55:00,774 INFO  server.BaseHttpServer (BaseHttpServer.java:updateConnectorAddress(207)) - HTTP server of HDDSDATANODE is listening at http://0.0.0.0:44969
2019-06-13 11:55:00,868 INFO  ozone.HddsDatanodeService (HddsDatanodeService.java:startPlugins(396)) - Started plug-in org.apache.hadoop.ozone.web.OzoneHddsDatanodeService@624b3544
2019-06-13 11:55:00,869 INFO  impl.MetricsSystemImpl (MetricsSystemImpl.java:init(158)) - HddsDatanode metrics system started (again)
2019-06-13 11:55:00,869 INFO  ozone.HddsDatanodeService (HddsDatanodeService.java:start(185)) - HddsDatanodeService host:ozone-nffxw-186015654 ip:192.168.46.58
2019-06-13 11:55:00,870 INFO  util.JvmPauseMonitor (JvmPauseMonitor.java:run(188)) - Starting JVM pause monitor
2019-06-13 11:55:00,873 INFO  datanode.InitDatanodeState (InitDatanodeState.java:persistContainerDatanodeDetails(140)) - DatanodeDetails is persisted to /opt/src/hadoop-ozone/integration-test/target/test-dir/MiniOzoneClusterImpl-7f754a10-c83b-4ff5-b04e-87c1b0fa0a06/datanode-4/meta/datanode.id
2019-06-13 11:55:00,877 INFO  volume.HddsVolume (HddsVolume.java:<init>(176)) - Creating Volume: /opt/src/hadoop-ozone/integration-test/target/test-dir/MiniOzoneClusterImpl-7f754a10-c83b-4ff5-b04e-87c1b0fa0a06/datanode-5/data/containers/hdds of  storage type : DISK and capacity : 104021790720
2019-06-13 11:55:00,877 INFO  volume.VolumeSet (VolumeSet.java:initializeVolumeSet(170)) - Added Volume : /opt/src/hadoop-ozone/integration-test/target/test-dir/MiniOzoneClusterImpl-7f754a10-c83b-4ff5-b04e-87c1b0fa0a06/datanode-5/data/containers/hdds to VolumeSet
2019-06-13 11:55:00,877 INFO  volume.ThrottledAsyncChecker (ThrottledAsyncChecker.java:schedule(140)) - Scheduling a check for org.apache.hadoop.ozone.container.common.volume.HddsVolume@55a0f011
2019-06-13 11:55:00,878 INFO  volume.HddsVolumeChecker (HddsVolumeChecker.java:checkAllVolumes(203)) - Scheduled health check for volume org.apache.hadoop.ozone.container.common.volume.HddsVolume@55a0f011
2019-06-13 11:55:00,891 INFO  ratis.XceiverServerRatis (XceiverServerRatis.java:newXceiverServerRatis(401)) - Found a free port for the server : 35755
2019-06-13 11:55:00,892 INFO  impl.RaftServerProxy (ConfUtils.java:logGet(43)) - raft.rpc.type = GRPC (default)
2019-06-13 11:55:00,893 INFO  grpc.GrpcConfigKeys$Server (ConfUtils.java:logGet(43)) - raft.grpc.server.port = 35755 (custom)
2019-06-13 11:55:00,893 INFO  server.GrpcService (ConfUtils.java:logGet(43)) - raft.grpc.message.size.max = 33570816 (custom)
2019-06-13 11:55:00,893 INFO  server.RaftServerConfigKeys (ConfUtils.java:logGet(43)) - raft.server.log.appender.buffer.byte-limit = 33554432 (custom)
2019-06-13 11:55:00,893 INFO  server.GrpcService (ConfUtils.java:logGet(43)) - raft.grpc.flow.control.window = 1MB (=1048576) (default)
2019-06-13 11:55:00,894 INFO  server.RaftServerConfigKeys (ConfUtils.java:logGet(43)) - raft.server.rpc.request.timeout = 3000ms (default)
2019-06-13 11:55:00,894 INFO  server.RaftServerConfigKeys (ConfUtils.java:logGet(43)) - raft.server.storage.dir = [/opt/src/hadoop-ozone/integration-test/target/test-dir/MiniOzoneClusterImpl-7f754a10-c83b-4ff5-b04e-87c1b0fa0a06/datanode-5/data/ratis] (custom)
2019-06-13 11:55:00,895 INFO  server.XceiverServerGrpc (XceiverServerGrpc.java:<init>(97)) - Found a free port for the server : 34931
2019-06-13 11:55:00,895 INFO  replication.SimpleContainerDownloader (SimpleContainerDownloader.java:<init>(72)) - Starting container downloader service to copy containers to replicate.
2019-06-13 11:55:00,896 INFO  hdfs.DFSUtil (DFSUtil.java:httpServerTemplateForNNAndJN(1641)) - Starting Web-server for hddsDatanode at: http://0.0.0.0:0
2019-06-13 11:55:00,897 INFO  server.AuthenticationFilter (AuthenticationFilter.java:constructSecretProvider(240)) - Unable to initialize FileSignerSecretProvider, falling back to use random secrets.
2019-06-13 11:55:00,897 WARN  http.HttpRequestLog (HttpRequestLog.java:getRequestLog(97)) - Jetty request log can only be enabled using Log4j
2019-06-13 11:55:00,899 INFO  http.HttpServer2 (HttpServer2.java:addGlobalFilter(975)) - Added global filter 'safety' (class=org.apache.hadoop.http.HttpServer2$QuotingInputFilter)
2019-06-13 11:55:00,899 INFO  http.HttpServer2 (HttpServer2.java:addFilter(948)) - Added filter static_user_filter (class=org.apache.hadoop.http.lib.StaticUserWebFilter$StaticUserFilter) to context hddsDatanode
2019-06-13 11:55:00,900 INFO  http.HttpServer2 (HttpServer2.java:addFilter(958)) - Added filter static_user_filter (class=org.apache.hadoop.http.lib.StaticUserWebFilter$StaticUserFilter) to context logs
2019-06-13 11:55:00,900 INFO  http.HttpServer2 (HttpServer2.java:addFilter(958)) - Added filter static_user_filter (class=org.apache.hadoop.http.lib.StaticUserWebFilter$StaticUserFilter) to context static
2019-06-13 11:55:00,900 INFO  http.HttpServer2 (HttpServer2.java:bindListener(1191)) - Jetty bound to port 38967
2019-06-13 11:55:00,901 INFO  server.Server (Server.java:doStart(351)) - jetty-9.3.24.v20180605, build timestamp: 2018-06-05T17:11:56Z, git hash: 84205aa28f11a4f31f2a3b86d1bba2cc8ab69827
2019-06-13 11:55:00,902 INFO  handler.ContextHandler (ContextHandler.java:doStart(781)) - Started o.e.j.s.ServletContextHandler@23e61112{/logs,file:///opt/src/hadoop-ozone/integration-test/target/log,AVAILABLE}
2019-06-13 11:55:00,903 INFO  handler.ContextHandler (ContextHandler.java:doStart(781)) - Started o.e.j.s.ServletContextHandler@61b60600{/static,jar:file:/root/.m2/repository/org/apache/hadoop/hadoop-hdds-container-service/0.5.0-SNAPSHOT/hadoop-hdds-container-service-0.5.0-SNAPSHOT.jar!/webapps/static,AVAILABLE}
2019-06-13 11:55:00,926 INFO  handler.ContextHandler (ContextHandler.java:doStart(781)) - Started o.e.j.w.WebAppContext@245cb8df{/,file:///tmp/jetty-0.0.0.0-38967-hddsDatanode-_-any-4308468689600914876.dir/webapp/,AVAILABLE}{/hddsDatanode}
2019-06-13 11:55:00,927 INFO  server.AbstractConnector (AbstractConnector.java:doStart(278)) - Started ServerConnector@26b3c9a2{HTTP/1.1,[http/1.1]}{0.0.0.0:38967}
2019-06-13 11:55:00,927 INFO  server.Server (Server.java:doStart(419)) - Started @4920ms
2019-06-13 11:55:00,928 INFO  server.BaseHttpServer (BaseHttpServer.java:updateConnectorAddress(207)) - HTTP server of HDDSDATANODE is listening at http://0.0.0.0:38967
2019-06-13 11:55:01,034 INFO  ozone.HddsDatanodeService (HddsDatanodeService.java:startPlugins(396)) - Started plug-in org.apache.hadoop.ozone.web.OzoneHddsDatanodeService@4662752a
2019-06-13 11:55:01,035 INFO  ozone.MiniOzoneClusterImpl (MiniOzoneClusterImpl.java:lambda$waitForClusterToBeReady$0(142)) - Waiting for cluster to be ready. Got 0 of 6 DN Heartbeats.
2019-06-13 11:55:01,037 INFO  util.JvmPauseMonitor (JvmPauseMonitor.java:run(188)) - Starting JVM pause monitor
2019-06-13 11:55:01,042 INFO  datanode.InitDatanodeState (InitDatanodeState.java:persistContainerDatanodeDetails(140)) - DatanodeDetails is persisted to /opt/src/hadoop-ozone/integration-test/target/test-dir/MiniOzoneClusterImpl-7f754a10-c83b-4ff5-b04e-87c1b0fa0a06/datanode-5/meta/datanode.id
2019-06-13 11:55:02,035 INFO  ozone.MiniOzoneClusterImpl (MiniOzoneClusterImpl.java:lambda$waitForClusterToBeReady$0(142)) - Waiting for cluster to be ready. Got 0 of 6 DN Heartbeats.
2019-06-13 11:55:02,035 INFO  ozoneimpl.OzoneContainer (OzoneContainer.java:start(186)) - Attempting to start container services.
2019-06-13 11:55:02,035 INFO  ozoneimpl.OzoneContainer (OzoneContainer.java:startContainerScrub(160)) - Background container scrubber has been disabled by hdds.containerscrub.enabled
2019-06-13 11:55:02,035 INFO  ratis.XceiverServerRatis (XceiverServerRatis.java:start(418)) - Starting XceiverServerRatis 379af20f-2e24-4b89-be9d-6476cdae7aa5 at port 41827
2019-06-13 11:55:02,047 INFO  impl.RaftServerProxy (RaftServerProxy.java:lambda$start$3(299)) - 379af20f-2e24-4b89-be9d-6476cdae7aa5: start RPC server
2019-06-13 11:55:02,154 INFO  server.GrpcService (GrpcService.java:startImpl(148)) - 379af20f-2e24-4b89-be9d-6476cdae7aa5: GrpcService started, listening on 0.0.0.0/0.0.0.0:41827
2019-06-13 11:55:02,287 INFO  ozoneimpl.OzoneContainer (OzoneContainer.java:start(186)) - Attempting to start container services.
2019-06-13 11:55:02,287 INFO  ozoneimpl.OzoneContainer (OzoneContainer.java:startContainerScrub(160)) - Background container scrubber has been disabled by hdds.containerscrub.enabled
2019-06-13 11:55:02,287 INFO  ratis.XceiverServerRatis (XceiverServerRatis.java:start(418)) - Starting XceiverServerRatis b49dc9ab-1a84-4a23-b40e-05d381bbb6f8 at port 35009
2019-06-13 11:55:02,291 INFO  impl.RaftServerProxy (RaftServerProxy.java:lambda$start$3(299)) - b49dc9ab-1a84-4a23-b40e-05d381bbb6f8: start RPC server
2019-06-13 11:55:02,293 INFO  server.GrpcService (GrpcService.java:startImpl(148)) - b49dc9ab-1a84-4a23-b40e-05d381bbb6f8: GrpcService started, listening on 0.0.0.0/0.0.0.0:35009
2019-06-13 11:55:02,534 INFO  ozoneimpl.OzoneContainer (OzoneContainer.java:start(186)) - Attempting to start container services.
2019-06-13 11:55:02,535 INFO  ozoneimpl.OzoneContainer (OzoneContainer.java:startContainerScrub(160)) - Background container scrubber has been disabled by hdds.containerscrub.enabled
2019-06-13 11:55:02,535 INFO  ratis.XceiverServerRatis (XceiverServerRatis.java:start(418)) - Starting XceiverServerRatis 6fb66f77-4e6c-40d9-a1d6-af3a9c003036 at port 46297
2019-06-13 11:55:02,539 INFO  impl.RaftServerProxy (RaftServerProxy.java:lambda$start$3(299)) - 6fb66f77-4e6c-40d9-a1d6-af3a9c003036: start RPC server
2019-06-13 11:55:02,541 INFO  server.GrpcService (GrpcService.java:startImpl(148)) - 6fb66f77-4e6c-40d9-a1d6-af3a9c003036: GrpcService started, listening on 0.0.0.0/0.0.0.0:46297
2019-06-13 11:55:02,694 INFO  ozoneimpl.OzoneContainer (OzoneContainer.java:start(186)) - Attempting to start container services.
2019-06-13 11:55:02,695 INFO  ozoneimpl.OzoneContainer (OzoneContainer.java:startContainerScrub(160)) - Background container scrubber has been disabled by hdds.containerscrub.enabled
2019-06-13 11:55:02,695 INFO  ratis.XceiverServerRatis (XceiverServerRatis.java:start(418)) - Starting XceiverServerRatis 074c7ef2-98a0-434e-9e19-b8e2de364de7 at port 33479
2019-06-13 11:55:02,700 INFO  impl.RaftServerProxy (RaftServerProxy.java:lambda$start$3(299)) - 074c7ef2-98a0-434e-9e19-b8e2de364de7: start RPC server
2019-06-13 11:55:02,702 INFO  server.GrpcService (GrpcService.java:startImpl(148)) - 074c7ef2-98a0-434e-9e19-b8e2de364de7: GrpcService started, listening on 0.0.0.0/0.0.0.0:33479
2019-06-13 11:55:02,874 INFO  ozoneimpl.OzoneContainer (OzoneContainer.java:start(186)) - Attempting to start container services.
2019-06-13 11:55:02,875 INFO  ozoneimpl.OzoneContainer (OzoneContainer.java:startContainerScrub(160)) - Background container scrubber has been disabled by hdds.containerscrub.enabled
2019-06-13 11:55:02,876 INFO  ratis.XceiverServerRatis (XceiverServerRatis.java:start(418)) - Starting XceiverServerRatis a335b2d1-89b2-427a-915f-5d5bd245c3a9 at port 43177
2019-06-13 11:55:02,881 INFO  impl.RaftServerProxy (RaftServerProxy.java:lambda$start$3(299)) - a335b2d1-89b2-427a-915f-5d5bd245c3a9: start RPC server
2019-06-13 11:55:02,883 INFO  server.GrpcService (GrpcService.java:startImpl(148)) - a335b2d1-89b2-427a-915f-5d5bd245c3a9: GrpcService started, listening on 0.0.0.0/0.0.0.0:43177
2019-06-13 11:55:03,035 INFO  ozone.MiniOzoneClusterImpl (MiniOzoneClusterImpl.java:lambda$waitForClusterToBeReady$0(142)) - Waiting for cluster to be ready. Got 0 of 6 DN Heartbeats.
2019-06-13 11:55:03,041 INFO  ozoneimpl.OzoneContainer (OzoneContainer.java:start(186)) - Attempting to start container services.
2019-06-13 11:55:03,043 INFO  ozoneimpl.OzoneContainer (OzoneContainer.java:startContainerScrub(160)) - Background container scrubber has been disabled by hdds.containerscrub.enabled
2019-06-13 11:55:03,043 INFO  ratis.XceiverServerRatis (XceiverServerRatis.java:start(418)) - Starting XceiverServerRatis cfb43bf0-9dcc-420d-8b46-1b76b4b10a41 at port 35755
2019-06-13 11:55:03,046 INFO  impl.RaftServerProxy (RaftServerProxy.java:lambda$start$3(299)) - cfb43bf0-9dcc-420d-8b46-1b76b4b10a41: start RPC server
2019-06-13 11:55:03,048 INFO  server.GrpcService (GrpcService.java:startImpl(148)) - cfb43bf0-9dcc-420d-8b46-1b76b4b10a41: GrpcService started, listening on 0.0.0.0/0.0.0.0:35755
2019-06-13 11:55:04,036 INFO  ozone.MiniOzoneClusterImpl (MiniOzoneClusterImpl.java:lambda$waitForClusterToBeReady$0(142)) - Waiting for cluster to be ready. Got 1 of 6 DN Heartbeats.
2019-06-13 11:55:04,036 INFO  node.SCMNodeManager (SCMNodeManager.java:register(234)) - Registered Data node : 379af20f-2e24-4b89-be9d-6476cdae7aa5{ip: 192.168.46.58, host: ozone-nffxw-186015654, networkLocation: /default-rack, certSerialId: null}
2019-06-13 11:55:04,046 INFO  safemode.SCMSafeModeManager (DataNodeSafeModeRule.java:process(71)) - SCM in safe mode. 1 DataNodes registered, 1 required.
2019-06-13 11:55:04,046 INFO  safemode.SCMSafeModeManager (SCMSafeModeManager.java:validateSafeModeExitRules(177)) - ScmSafeModeManager, all rules are successfully validated
2019-06-13 11:55:04,046 INFO  safemode.SCMSafeModeManager (SCMSafeModeManager.java:exitSafeMode(193)) - SCM exiting safe mode.
2019-06-13 11:55:04,285 INFO  node.SCMNodeManager (SCMNodeManager.java:register(234)) - Registered Data node : b49dc9ab-1a84-4a23-b40e-05d381bbb6f8{ip: 192.168.46.58, host: ozone-nffxw-186015654, networkLocation: /default-rack, certSerialId: null}
2019-06-13 11:55:04,346 INFO  impl.RaftServerProxy (RaftServerProxy.java:addNew(89)) - 379af20f-2e24-4b89-be9d-6476cdae7aa5: addNew group-B37436A25E85:[379af20f-2e24-4b89-be9d-6476cdae7aa5:192.168.46.58:41827] returns group-B37436A25E85:java.util.concurrent.CompletableFuture@77672717[Not completed]
2019-06-13 11:55:04,350 INFO  impl.RaftServerImpl (RaftServerImpl.java:<init>(91)) - 379af20f-2e24-4b89-be9d-6476cdae7aa5: new RaftServerImpl for group-B37436A25E85:[379af20f-2e24-4b89-be9d-6476cdae7aa5:192.168.46.58:41827] with ContainerStateMachine:uninitialized
2019-06-13 11:55:04,351 INFO  server.RaftServerConfigKeys (ConfUtils.java:logGet(43)) - raft.server.rpc.timeout.min = 1s (custom)
2019-06-13 11:55:04,352 INFO  server.RaftServerConfigKeys (ConfUtils.java:logGet(43)) - raft.server.rpc.timeout.max = 1200ms (custom)
2019-06-13 11:55:04,352 INFO  server.RaftServerConfigKeys (ConfUtils.java:logGet(43)) - raft.server.rpcslowness.timeout = 10s (custom)
2019-06-13 11:55:04,353 INFO  server.RaftServerConfigKeys (ConfUtils.java:logGet(43)) - raft.server.log.appender.install.snapshot.enabled = true (default)
2019-06-13 11:55:04,359 INFO  impl.RaftServerImpl (ServerState.java:<init>(101)) - 379af20f-2e24-4b89-be9d-6476cdae7aa5:group-B37436A25E85 ConfigurationManager, init=-1: [379af20f-2e24-4b89-be9d-6476cdae7aa5:192.168.46.58:41827], old=null, confs=<EMPTY_MAP>
2019-06-13 11:55:04,359 INFO  server.RaftServerConfigKeys (ConfUtils.java:logGet(43)) - raft.server.storage.dir = [/opt/src/hadoop-ozone/integration-test/target/test-dir/MiniOzoneClusterImpl-7f754a10-c83b-4ff5-b04e-87c1b0fa0a06/datanode-0/data/ratis] (custom)
2019-06-13 11:55:04,365 INFO  storage.RaftStorageDirectory (RaftStorageDirectory.java:analyzeStorage(246)) - The storage directory /opt/src/hadoop-ozone/integration-test/target/test-dir/MiniOzoneClusterImpl-7f754a10-c83b-4ff5-b04e-87c1b0fa0a06/datanode-0/data/ratis/6b7df82f-c32e-4f4d-a1eb-b37436a25e85 does not exist. Creating ...
2019-06-13 11:55:04,370 INFO  storage.RaftStorageDirectory (RaftStorageDirectory.java:tryLock(328)) - Lock on /opt/src/hadoop-ozone/integration-test/target/test-dir/MiniOzoneClusterImpl-7f754a10-c83b-4ff5-b04e-87c1b0fa0a06/datanode-0/data/ratis/6b7df82f-c32e-4f4d-a1eb-b37436a25e85/in_use.lock acquired by nodename 9957@ozone-nffxw-186015654
2019-06-13 11:55:04,374 INFO  storage.RaftStorage (RaftStorage.java:format(75)) - Storage directory /opt/src/hadoop-ozone/integration-test/target/test-dir/MiniOzoneClusterImpl-7f754a10-c83b-4ff5-b04e-87c1b0fa0a06/datanode-0/data/ratis/6b7df82f-c32e-4f4d-a1eb-b37436a25e85 has been successfully formatted.
2019-06-13 11:55:04,375 INFO  ratis.ContainerStateMachine (ContainerStateMachine.java:loadSnapshot(199)) - The snapshot info is null.Setting the last applied index to:(t:0, i:~)
2019-06-13 11:55:04,375 INFO  server.RaftServerConfigKeys (ConfUtils.java:logGet(43)) - raft.server.leader.election.timeout = 10s (custom)
2019-06-13 11:55:04,376 INFO  server.RaftServerConfigKeys (ConfUtils.java:logGet(43)) - raft.server.log.use.memory = false (default)
2019-06-13 11:55:04,378 INFO  server.RaftServerConfigKeys (ConfUtils.java:logGet(43)) - raft.server.log.appender.buffer.byte-limit = 33554432 (custom)
2019-06-13 11:55:04,491 INFO  server.RaftServerConfigKeys (ConfUtils.java:logGet(43)) - raft.server.log.segment.size.max = 16384 (custom)
2019-06-13 11:55:04,495 INFO  server.RaftServerConfigKeys (ConfUtils.java:logGet(43)) - raft.server.log.segment.cache.num.max = 2 (custom)
2019-06-13 11:55:04,497 INFO  storage.RaftLogWorker (RaftLogWorker.java:<init>(123)) - new 379af20f-2e24-4b89-be9d-6476cdae7aa5-RaftLogWorker for Storage Directory /opt/src/hadoop-ozone/integration-test/target/test-dir/MiniOzoneClusterImpl-7f754a10-c83b-4ff5-b04e-87c1b0fa0a06/datanode-0/data/ratis/6b7df82f-c32e-4f4d-a1eb-b37436a25e85
2019-06-13 11:55:04,497 INFO  server.RaftServerConfigKeys (ConfUtils.java:logGet(43)) - raft.server.log.queue.byte-limit = 2147483647 (custom)
2019-06-13 11:55:04,498 INFO  server.RaftServerConfigKeys (ConfUtils.java:logGet(43)) - raft.server.log.queue.element-limit = 1024 (custom)
2019-06-13 11:55:04,499 INFO  server.RaftServerConfigKeys (ConfUtils.java:logGet(43)) - raft.server.log.segment.size.max = 16384 (custom)
2019-06-13 11:55:04,499 INFO  server.RaftServerConfigKeys (ConfUtils.java:logGet(43)) - raft.server.log.preallocated.size = 16384 (custom)
2019-06-13 11:55:04,500 INFO  server.RaftServerConfigKeys (ConfUtils.java:logGet(43)) - raft.server.log.write.buffer.size = 33554432 (custom)
2019-06-13 11:55:04,500 INFO  server.RaftServerConfigKeys (ConfUtils.java:logGet(43)) - raft.server.log.force.sync.num = 128 (default)
2019-06-13 11:55:04,501 INFO  server.RaftServerConfigKeys (ConfUtils.java:logGet(43)) - raft.server.log.statemachine.data.sync = true (default)
2019-06-13 11:55:04,501 INFO  server.RaftServerConfigKeys (ConfUtils.java:logGet(43)) - raft.server.log.statemachine.data.sync.timeout = 10s (default)
2019-06-13 11:55:04,501 INFO  server.RaftServerConfigKeys (ConfUtils.java:logGet(43)) - raft.server.log.statemachine.data.sync.timeout.retry = -1 (default)
2019-06-13 11:55:04,503 INFO  server.RaftServerConfigKeys (ConfUtils.java:logGet(43)) - raft.server.log.statemachine.data.caching.enabled = true (custom)
2019-06-13 11:55:04,508 INFO  server.RaftServerConfigKeys (ConfUtils.java:logGet(43)) - raft.server.snapshot.auto.trigger.enabled = true (custom)
2019-06-13 11:55:04,508 INFO  server.RaftServerConfigKeys (ConfUtils.java:logGet(43)) - raft.server.snapshot.auto.trigger.threshold = 10000 (custom)
2019-06-13 11:55:04,509 INFO  server.RaftServerConfigKeys (ConfUtils.java:logGet(43)) - raft.server.retrycache.expirytime = 600000ms (custom)
2019-06-13 11:55:04,522 INFO  impl.RaftServerImpl (RaftServerImpl.java:start(173)) - 379af20f-2e24-4b89-be9d-6476cdae7aa5: start group-B37436A25E85
2019-06-13 11:55:04,523 INFO  impl.RaftServerImpl (RaftServerImpl.java:setRole(164)) - 379af20f-2e24-4b89-be9d-6476cdae7aa5:group-B37436A25E85 changes role from null to FOLLOWER at term 0 for startAsFollower
2019-06-13 11:55:04,524 INFO  impl.RoleInfo (RoleInfo.java:updateAndGet(143)) - 379af20f-2e24-4b89-be9d-6476cdae7aa5: start FollowerState
2019-06-13 11:55:04,525 INFO  util.JmxRegister (JmxRegister.java:tryRegister(44)) - Successfully registered JMX Bean with object name Ratis:service=RaftServer,group=group-B37436A25E85,id=379af20f-2e24-4b89-be9d-6476cdae7aa5
2019-06-13 11:55:04,535 INFO  node.SCMNodeManager (SCMNodeManager.java:register(234)) - Registered Data node : 6fb66f77-4e6c-40d9-a1d6-af3a9c003036{ip: 192.168.46.58, host: ozone-nffxw-186015654, networkLocation: /default-rack, certSerialId: null}
2019-06-13 11:55:04,570 INFO  pipeline.PipelineStateManager (PipelineStateManager.java:addPipeline(56)) - Created pipeline Pipeline[ Id: 6b7df82f-c32e-4f4d-a1eb-b37436a25e85, Nodes: 379af20f-2e24-4b89-be9d-6476cdae7aa5{ip: 192.168.46.58, host: ozone-nffxw-186015654, networkLocation: /default-rack, certSerialId: null}, Type:RATIS, Factor:ONE, State:OPEN]
2019-06-13 11:55:04,587 INFO  impl.RaftServerProxy (RaftServerProxy.java:addNew(89)) - 6fb66f77-4e6c-40d9-a1d6-af3a9c003036: addNew group-19C3B6E2816B:[6fb66f77-4e6c-40d9-a1d6-af3a9c003036:192.168.46.58:46297] returns group-19C3B6E2816B:java.util.concurrent.CompletableFuture@3769f0a5[Not completed]
2019-06-13 11:55:04,588 INFO  impl.RaftServerImpl (RaftServerImpl.java:<init>(91)) - 6fb66f77-4e6c-40d9-a1d6-af3a9c003036: new RaftServerImpl for group-19C3B6E2816B:[6fb66f77-4e6c-40d9-a1d6-af3a9c003036:192.168.46.58:46297] with ContainerStateMachine:uninitialized
2019-06-13 11:55:04,589 INFO  server.RaftServerConfigKeys (ConfUtils.java:logGet(43)) - raft.server.rpc.timeout.min = 1s (custom)
2019-06-13 11:55:04,589 INFO  server.RaftServerConfigKeys (ConfUtils.java:logGet(43)) - raft.server.rpc.timeout.max = 1200ms (custom)
2019-06-13 11:55:04,589 INFO  server.RaftServerConfigKeys (ConfUtils.java:logGet(43)) - raft.server.rpcslowness.timeout = 10s (custom)
2019-06-13 11:55:04,589 INFO  server.RaftServerConfigKeys (ConfUtils.java:logGet(43)) - raft.server.log.appender.install.snapshot.enabled = true (default)
2019-06-13 11:55:04,589 INFO  impl.RaftServerImpl (ServerState.java:<init>(101)) - 6fb66f77-4e6c-40d9-a1d6-af3a9c003036:group-19C3B6E2816B ConfigurationManager, init=-1: [6fb66f77-4e6c-40d9-a1d6-af3a9c003036:192.168.46.58:46297], old=null, confs=<EMPTY_MAP>
2019-06-13 11:55:04,589 INFO  server.RaftServerConfigKeys (ConfUtils.java:logGet(43)) - raft.server.storage.dir = [/opt/src/hadoop-ozone/integration-test/target/test-dir/MiniOzoneClusterImpl-7f754a10-c83b-4ff5-b04e-87c1b0fa0a06/datanode-2/data/ratis] (custom)
2019-06-13 11:55:04,590 INFO  storage.RaftStorageDirectory (RaftStorageDirectory.java:analyzeStorage(246)) - The storage directory /opt/src/hadoop-ozone/integration-test/target/test-dir/MiniOzoneClusterImpl-7f754a10-c83b-4ff5-b04e-87c1b0fa0a06/datanode-2/data/ratis/99a8fba1-112a-4c0d-b5a3-19c3b6e2816b does not exist. Creating ...
2019-06-13 11:55:04,592 INFO  storage.RaftStorageDirectory (RaftStorageDirectory.java:tryLock(328)) - Lock on /opt/src/hadoop-ozone/integration-test/target/test-dir/MiniOzoneClusterImpl-7f754a10-c83b-4ff5-b04e-87c1b0fa0a06/datanode-2/data/ratis/99a8fba1-112a-4c0d-b5a3-19c3b6e2816b/in_use.lock acquired by nodename 9957@ozone-nffxw-186015654
2019-06-13 11:55:04,594 INFO  storage.RaftStorage (RaftStorage.java:format(75)) - Storage directory /opt/src/hadoop-ozone/integration-test/target/test-dir/MiniOzoneClusterImpl-7f754a10-c83b-4ff5-b04e-87c1b0fa0a06/datanode-2/data/ratis/99a8fba1-112a-4c0d-b5a3-19c3b6e2816b has been successfully formatted.
2019-06-13 11:55:04,594 INFO  ratis.ContainerStateMachine (ContainerStateMachine.java:loadSnapshot(199)) - The snapshot info is null.Setting the last applied index to:(t:0, i:~)
2019-06-13 11:55:04,594 INFO  server.RaftServerConfigKeys (ConfUtils.java:logGet(43)) - raft.server.leader.election.timeout = 10s (custom)
2019-06-13 11:55:04,594 INFO  server.RaftServerConfigKeys (ConfUtils.java:logGet(43)) - raft.server.log.use.memory = false (default)
2019-06-13 11:55:04,595 INFO  server.RaftServerConfigKeys (ConfUtils.java:logGet(43)) - raft.server.log.appender.buffer.byte-limit = 33554432 (custom)
2019-06-13 11:55:04,595 INFO  server.RaftServerConfigKeys (ConfUtils.java:logGet(43)) - raft.server.log.segment.size.max = 16384 (custom)
2019-06-13 11:55:04,595 INFO  server.RaftServerConfigKeys (ConfUtils.java:logGet(43)) - raft.server.log.segment.cache.num.max = 2 (custom)
2019-06-13 11:55:04,595 INFO  storage.RaftLogWorker (RaftLogWorker.java:<init>(123)) - new 6fb66f77-4e6c-40d9-a1d6-af3a9c003036-RaftLogWorker for Storage Directory /opt/src/hadoop-ozone/integration-test/target/test-dir/MiniOzoneClusterImpl-7f754a10-c83b-4ff5-b04e-87c1b0fa0a06/datanode-2/data/ratis/99a8fba1-112a-4c0d-b5a3-19c3b6e2816b
2019-06-13 11:55:04,596 INFO  server.RaftServerConfigKeys (ConfUtils.java:logGet(43)) - raft.server.log.queue.byte-limit = 2147483647 (custom)
2019-06-13 11:55:04,596 INFO  server.RaftServerConfigKeys (ConfUtils.java:logGet(43)) - raft.server.log.queue.element-limit = 1024 (custom)
2019-06-13 11:55:04,596 INFO  server.RaftServerConfigKeys (ConfUtils.java:logGet(43)) - raft.server.log.segment.size.max = 16384 (custom)
2019-06-13 11:55:04,596 INFO  server.RaftServerConfigKeys (ConfUtils.java:logGet(43)) - raft.server.log.preallocated.size = 16384 (custom)
2019-06-13 11:55:04,596 INFO  server.RaftServerConfigKeys (ConfUtils.java:logGet(43)) - raft.server.log.write.buffer.size = 33554432 (custom)
2019-06-13 11:55:04,596 INFO  server.RaftServerConfigKeys (ConfUtils.java:logGet(43)) - raft.server.log.force.sync.num = 128 (default)
2019-06-13 11:55:04,596 INFO  server.RaftServerConfigKeys (ConfUtils.java:logGet(43)) - raft.server.log.statemachine.data.sync = true (default)
2019-06-13 11:55:04,597 INFO  server.RaftServerConfigKeys (ConfUtils.java:logGet(43)) - raft.server.log.statemachine.data.sync.timeout = 10s (default)
2019-06-13 11:55:04,597 INFO  server.RaftServerConfigKeys (ConfUtils.java:logGet(43)) - raft.server.log.statemachine.data.sync.timeout.retry = -1 (default)
2019-06-13 11:55:04,597 INFO  server.RaftServerConfigKeys (ConfUtils.java:logGet(43)) - raft.server.log.statemachine.data.caching.enabled = true (custom)
2019-06-13 11:55:04,597 INFO  server.RaftServerConfigKeys (ConfUtils.java:logGet(43)) - raft.server.snapshot.auto.trigger.enabled = true (custom)
2019-06-13 11:55:04,597 INFO  server.RaftServerConfigKeys (ConfUtils.java:logGet(43)) - raft.server.snapshot.auto.trigger.threshold = 10000 (custom)
2019-06-13 11:55:04,597 INFO  server.RaftServerConfigKeys (ConfUtils.java:logGet(43)) - raft.server.retrycache.expirytime = 600000ms (custom)
2019-06-13 11:55:04,598 INFO  impl.RaftServerImpl (RaftServerImpl.java:start(173)) - 6fb66f77-4e6c-40d9-a1d6-af3a9c003036: start group-19C3B6E2816B
2019-06-13 11:55:04,598 INFO  impl.RaftServerImpl (RaftServerImpl.java:setRole(164)) - 6fb66f77-4e6c-40d9-a1d6-af3a9c003036:group-19C3B6E2816B changes role from null to FOLLOWER at term 0 for startAsFollower
2019-06-13 11:55:04,598 INFO  impl.RoleInfo (RoleInfo.java:updateAndGet(143)) - 6fb66f77-4e6c-40d9-a1d6-af3a9c003036: start FollowerState
2019-06-13 11:55:04,599 INFO  util.JmxRegister (JmxRegister.java:tryRegister(44)) - Successfully registered JMX Bean with object name Ratis:service=RaftServer,group=group-19C3B6E2816B,id=6fb66f77-4e6c-40d9-a1d6-af3a9c003036
2019-06-13 11:55:04,607 INFO  pipeline.PipelineStateManager (PipelineStateManager.java:addPipeline(56)) - Created pipeline Pipeline[ Id: 99a8fba1-112a-4c0d-b5a3-19c3b6e2816b, Nodes: 6fb66f77-4e6c-40d9-a1d6-af3a9c003036{ip: 192.168.46.58, host: ozone-nffxw-186015654, networkLocation: /default-rack, certSerialId: null}, Type:RATIS, Factor:ONE, State:OPEN]
2019-06-13 11:55:04,618 INFO  impl.RaftServerProxy (RaftServerProxy.java:addNew(89)) - b49dc9ab-1a84-4a23-b40e-05d381bbb6f8: addNew group-993CACC0E166:[b49dc9ab-1a84-4a23-b40e-05d381bbb6f8:192.168.46.58:35009] returns group-993CACC0E166:java.util.concurrent.CompletableFuture@6f09be15[Not completed]
2019-06-13 11:55:04,643 INFO  impl.RaftServerImpl (RaftServerImpl.java:<init>(91)) - b49dc9ab-1a84-4a23-b40e-05d381bbb6f8: new RaftServerImpl for group-993CACC0E166:[b49dc9ab-1a84-4a23-b40e-05d381bbb6f8:192.168.46.58:35009] with ContainerStateMachine:uninitialized
2019-06-13 11:55:04,643 INFO  server.RaftServerConfigKeys (ConfUtils.java:logGet(43)) - raft.server.rpc.timeout.min = 1s (custom)
2019-06-13 11:55:04,643 INFO  server.RaftServerConfigKeys (ConfUtils.java:logGet(43)) - raft.server.rpc.timeout.max = 1200ms (custom)
2019-06-13 11:55:04,644 INFO  server.RaftServerConfigKeys (ConfUtils.java:logGet(43)) - raft.server.rpcslowness.timeout = 10s (custom)
2019-06-13 11:55:04,644 INFO  server.RaftServerConfigKeys (ConfUtils.java:logGet(43)) - raft.server.log.appender.install.snapshot.enabled = true (default)
2019-06-13 11:55:04,644 INFO  impl.RaftServerImpl (ServerState.java:<init>(101)) - b49dc9ab-1a84-4a23-b40e-05d381bbb6f8:group-993CACC0E166 ConfigurationManager, init=-1: [b49dc9ab-1a84-4a23-b40e-05d381bbb6f8:192.168.46.58:35009], old=null, confs=<EMPTY_MAP>
2019-06-13 11:55:04,644 INFO  server.RaftServerConfigKeys (ConfUtils.java:logGet(43)) - raft.server.storage.dir = [/opt/src/hadoop-ozone/integration-test/target/test-dir/MiniOzoneClusterImpl-7f754a10-c83b-4ff5-b04e-87c1b0fa0a06/datanode-1/data/ratis] (custom)
2019-06-13 11:55:04,644 INFO  storage.RaftStorageDirectory (RaftStorageDirectory.java:analyzeStorage(246)) - The storage directory /opt/src/hadoop-ozone/integration-test/target/test-dir/MiniOzoneClusterImpl-7f754a10-c83b-4ff5-b04e-87c1b0fa0a06/datanode-1/data/ratis/4fe29007-a584-4d73-932d-993cacc0e166 does not exist. Creating ...
2019-06-13 11:55:04,647 INFO  storage.RaftStorageDirectory (RaftStorageDirectory.java:tryLock(328)) - Lock on /opt/src/hadoop-ozone/integration-test/target/test-dir/MiniOzoneClusterImpl-7f754a10-c83b-4ff5-b04e-87c1b0fa0a06/datanode-1/data/ratis/4fe29007-a584-4d73-932d-993cacc0e166/in_use.lock acquired by nodename 9957@ozone-nffxw-186015654
2019-06-13 11:55:04,650 INFO  storage.RaftStorage (RaftStorage.java:format(75)) - Storage directory /opt/src/hadoop-ozone/integration-test/target/test-dir/MiniOzoneClusterImpl-7f754a10-c83b-4ff5-b04e-87c1b0fa0a06/datanode-1/data/ratis/4fe29007-a584-4d73-932d-993cacc0e166 has been successfully formatted.
2019-06-13 11:55:04,650 INFO  ratis.ContainerStateMachine (ContainerStateMachine.java:loadSnapshot(199)) - The snapshot info is null.Setting the last applied index to:(t:0, i:~)
2019-06-13 11:55:04,651 INFO  server.RaftServerConfigKeys (ConfUtils.java:logGet(43)) - raft.server.leader.election.timeout = 10s (custom)
2019-06-13 11:55:04,651 INFO  server.RaftServerConfigKeys (ConfUtils.java:logGet(43)) - raft.server.log.use.memory = false (default)
2019-06-13 11:55:04,652 INFO  server.RaftServerConfigKeys (ConfUtils.java:logGet(43)) - raft.server.log.appender.buffer.byte-limit = 33554432 (custom)
2019-06-13 11:55:04,652 INFO  server.RaftServerConfigKeys (ConfUtils.java:logGet(43)) - raft.server.log.segment.size.max = 16384 (custom)
2019-06-13 11:55:04,652 INFO  server.RaftServerConfigKeys (ConfUtils.java:logGet(43)) - raft.server.log.segment.cache.num.max = 2 (custom)
2019-06-13 11:55:04,652 INFO  storage.RaftLogWorker (RaftLogWorker.java:<init>(123)) - new b49dc9ab-1a84-4a23-b40e-05d381bbb6f8-RaftLogWorker for Storage Directory /opt/src/hadoop-ozone/integration-test/target/test-dir/MiniOzoneClusterImpl-7f754a10-c83b-4ff5-b04e-87c1b0fa0a06/datanode-1/data/ratis/4fe29007-a584-4d73-932d-993cacc0e166
2019-06-13 11:55:04,652 INFO  server.RaftServerConfigKeys (ConfUtils.java:logGet(43)) - raft.server.log.queue.byte-limit = 2147483647 (custom)
2019-06-13 11:55:04,652 INFO  server.RaftServerConfigKeys (ConfUtils.java:logGet(43)) - raft.server.log.queue.element-limit = 1024 (custom)
2019-06-13 11:55:04,652 INFO  server.RaftServerConfigKeys (ConfUtils.java:logGet(43)) - raft.server.log.segment.size.max = 16384 (custom)
2019-06-13 11:55:04,652 INFO  server.RaftServerConfigKeys (ConfUtils.java:logGet(43)) - raft.server.log.preallocated.size = 16384 (custom)
2019-06-13 11:55:04,652 INFO  server.RaftServerConfigKeys (ConfUtils.java:logGet(43)) - raft.server.log.write.buffer.size = 33554432 (custom)
2019-06-13 11:55:04,653 INFO  server.RaftServerConfigKeys (ConfUtils.java:logGet(43)) - raft.server.log.force.sync.num = 128 (default)
2019-06-13 11:55:04,653 INFO  server.RaftServerConfigKeys (ConfUtils.java:logGet(43)) - raft.server.log.statemachine.data.sync = true (default)
2019-06-13 11:55:04,653 INFO  server.RaftServerConfigKeys (ConfUtils.java:logGet(43)) - raft.server.log.statemachine.data.sync.timeout = 10s (default)
2019-06-13 11:55:04,653 INFO  server.RaftServerConfigKeys (ConfUtils.java:logGet(43)) - raft.server.log.statemachine.data.sync.timeout.retry = -1 (default)
2019-06-13 11:55:04,653 INFO  server.RaftServerConfigKeys (ConfUtils.java:logGet(43)) - raft.server.log.statemachine.data.caching.enabled = true (custom)
2019-06-13 11:55:04,653 INFO  server.RaftServerConfigKeys (ConfUtils.java:logGet(43)) - raft.server.snapshot.auto.trigger.enabled = true (custom)
2019-06-13 11:55:04,654 INFO  server.RaftServerConfigKeys (ConfUtils.java:logGet(43)) - raft.server.snapshot.auto.trigger.threshold = 10000 (custom)
2019-06-13 11:55:04,654 INFO  server.RaftServerConfigKeys (ConfUtils.java:logGet(43)) - raft.server.retrycache.expirytime = 600000ms (custom)
2019-06-13 11:55:04,654 INFO  impl.RaftServerImpl (RaftServerImpl.java:start(173)) - b49dc9ab-1a84-4a23-b40e-05d381bbb6f8: start group-993CACC0E166
2019-06-13 11:55:04,654 INFO  impl.RaftServerImpl (RaftServerImpl.java:setRole(164)) - b49dc9ab-1a84-4a23-b40e-05d381bbb6f8:group-993CACC0E166 changes role from null to FOLLOWER at term 0 for startAsFollower
2019-06-13 11:55:04,654 INFO  impl.RoleInfo (RoleInfo.java:updateAndGet(143)) - b49dc9ab-1a84-4a23-b40e-05d381bbb6f8: start FollowerState
2019-06-13 11:55:04,655 INFO  util.JmxRegister (JmxRegister.java:tryRegister(44)) - Successfully registered JMX Bean with object name Ratis:service=RaftServer,group=group-993CACC0E166,id=b49dc9ab-1a84-4a23-b40e-05d381bbb6f8
2019-06-13 11:55:04,665 INFO  pipeline.PipelineStateManager (PipelineStateManager.java:addPipeline(56)) - Created pipeline Pipeline[ Id: 4fe29007-a584-4d73-932d-993cacc0e166, Nodes: b49dc9ab-1a84-4a23-b40e-05d381bbb6f8{ip: 192.168.46.58, host: ozone-nffxw-186015654, networkLocation: /default-rack, certSerialId: null}, Type:RATIS, Factor:ONE, State:OPEN]
2019-06-13 11:55:04,690 INFO  impl.RaftServerProxy (RaftServerProxy.java:addNew(89)) - 379af20f-2e24-4b89-be9d-6476cdae7aa5: addNew group-0747FAD4EA4D:[b49dc9ab-1a84-4a23-b40e-05d381bbb6f8:192.168.46.58:35009, 379af20f-2e24-4b89-be9d-6476cdae7aa5:192.168.46.58:41827, 6fb66f77-4e6c-40d9-a1d6-af3a9c003036:192.168.46.58:46297] returns group-0747FAD4EA4D:java.util.concurrent.CompletableFuture@67d054d5[Not completed]
2019-06-13 11:55:04,694 INFO  node.SCMNodeManager (SCMNodeManager.java:register(234)) - Registered Data node : 074c7ef2-98a0-434e-9e19-b8e2de364de7{ip: 192.168.46.58, host: ozone-nffxw-186015654, networkLocation: /default-rack, certSerialId: null}
2019-06-13 11:55:04,696 INFO  impl.RaftServerImpl (RaftServerImpl.java:<init>(91)) - 379af20f-2e24-4b89-be9d-6476cdae7aa5: new RaftServerImpl for group-0747FAD4EA4D:[b49dc9ab-1a84-4a23-b40e-05d381bbb6f8:192.168.46.58:35009, 379af20f-2e24-4b89-be9d-6476cdae7aa5:192.168.46.58:41827, 6fb66f77-4e6c-40d9-a1d6-af3a9c003036:192.168.46.58:46297] with ContainerStateMachine:uninitialized
2019-06-13 11:55:04,697 INFO  server.RaftServerConfigKeys (ConfUtils.java:logGet(43)) - raft.server.rpc.timeout.min = 1s (custom)
2019-06-13 11:55:04,697 INFO  server.RaftServerConfigKeys (ConfUtils.java:logGet(43)) - raft.server.rpc.timeout.max = 1200ms (custom)
2019-06-13 11:55:04,698 INFO  server.RaftServerConfigKeys (ConfUtils.java:logGet(43)) - raft.server.rpcslowness.timeout = 10s (custom)
2019-06-13 11:55:04,698 INFO  server.RaftServerConfigKeys (ConfUtils.java:logGet(43)) - raft.server.log.appender.install.snapshot.enabled = true (default)
2019-06-13 11:55:04,698 INFO  impl.RaftServerImpl (ServerState.java:<init>(101)) - 379af20f-2e24-4b89-be9d-6476cdae7aa5:group-0747FAD4EA4D ConfigurationManager, init=-1: [b49dc9ab-1a84-4a23-b40e-05d381bbb6f8:192.168.46.58:35009, 379af20f-2e24-4b89-be9d-6476cdae7aa5:192.168.46.58:41827, 6fb66f77-4e6c-40d9-a1d6-af3a9c003036:192.168.46.58:46297], old=null, confs=<EMPTY_MAP>
2019-06-13 11:55:04,699 INFO  server.RaftServerConfigKeys (ConfUtils.java:logGet(43)) - raft.server.storage.dir = [/opt/src/hadoop-ozone/integration-test/target/test-dir/MiniOzoneClusterImpl-7f754a10-c83b-4ff5-b04e-87c1b0fa0a06/datanode-0/data/ratis] (custom)
2019-06-13 11:55:04,699 INFO  storage.RaftStorageDirectory (RaftStorageDirectory.java:analyzeStorage(246)) - The storage directory /opt/src/hadoop-ozone/integration-test/target/test-dir/MiniOzoneClusterImpl-7f754a10-c83b-4ff5-b04e-87c1b0fa0a06/datanode-0/data/ratis/6cff011a-873f-4e3e-a5b0-0747fad4ea4d does not exist. Creating ...
2019-06-13 11:55:04,699 INFO  impl.RaftServerProxy (RaftServerProxy.java:addNew(89)) - 6fb66f77-4e6c-40d9-a1d6-af3a9c003036: addNew group-0747FAD4EA4D:[b49dc9ab-1a84-4a23-b40e-05d381bbb6f8:192.168.46.58:35009, 379af20f-2e24-4b89-be9d-6476cdae7aa5:192.168.46.58:41827, 6fb66f77-4e6c-40d9-a1d6-af3a9c003036:192.168.46.58:46297] returns group-0747FAD4EA4D:java.util.concurrent.CompletableFuture@176dc96b[Not completed]
2019-06-13 11:55:04,700 INFO  impl.RaftServerImpl (RaftServerImpl.java:<init>(91)) - 6fb66f77-4e6c-40d9-a1d6-af3a9c003036: new RaftServerImpl for group-0747FAD4EA4D:[b49dc9ab-1a84-4a23-b40e-05d381bbb6f8:192.168.46.58:35009, 379af20f-2e24-4b89-be9d-6476cdae7aa5:192.168.46.58:41827, 6fb66f77-4e6c-40d9-a1d6-af3a9c003036:192.168.46.58:46297] with ContainerStateMachine:uninitialized
2019-06-13 11:55:04,700 INFO  server.RaftServerConfigKeys (ConfUtils.java:logGet(43)) - raft.server.rpc.timeout.min = 1s (custom)
2019-06-13 11:55:04,700 INFO  server.RaftServerConfigKeys (ConfUtils.java:logGet(43)) - raft.server.rpc.timeout.max = 1200ms (custom)
2019-06-13 11:55:04,700 INFO  server.RaftServerConfigKeys (ConfUtils.java:logGet(43)) - raft.server.rpcslowness.timeout = 10s (custom)
2019-06-13 11:55:04,700 INFO  server.RaftServerConfigKeys (ConfUtils.java:logGet(43)) - raft.server.log.appender.install.snapshot.enabled = true (default)
2019-06-13 11:55:04,701 INFO  impl.RaftServerImpl (ServerState.java:<init>(101)) - 6fb66f77-4e6c-40d9-a1d6-af3a9c003036:group-0747FAD4EA4D ConfigurationManager, init=-1: [b49dc9ab-1a84-4a23-b40e-05d381bbb6f8:192.168.46.58:35009, 379af20f-2e24-4b89-be9d-6476cdae7aa5:192.168.46.58:41827, 6fb66f77-4e6c-40d9-a1d6-af3a9c003036:192.168.46.58:46297], old=null, confs=<EMPTY_MAP>
2019-06-13 11:55:04,701 INFO  server.RaftServerConfigKeys (ConfUtils.java:logGet(43)) - raft.server.storage.dir = [/opt/src/hadoop-ozone/integration-test/target/test-dir/MiniOzoneClusterImpl-7f754a10-c83b-4ff5-b04e-87c1b0fa0a06/datanode-2/data/ratis] (custom)
2019-06-13 11:55:04,701 INFO  storage.RaftStorageDirectory (RaftStorageDirectory.java:analyzeStorage(246)) - The storage directory /opt/src/hadoop-ozone/integration-test/target/test-dir/MiniOzoneClusterImpl-7f754a10-c83b-4ff5-b04e-87c1b0fa0a06/datanode-2/data/ratis/6cff011a-873f-4e3e-a5b0-0747fad4ea4d does not exist. Creating ...
2019-06-13 11:55:04,702 INFO  impl.RaftServerProxy (RaftServerProxy.java:addNew(89)) - b49dc9ab-1a84-4a23-b40e-05d381bbb6f8: addNew group-0747FAD4EA4D:[b49dc9ab-1a84-4a23-b40e-05d381bbb6f8:192.168.46.58:35009, 379af20f-2e24-4b89-be9d-6476cdae7aa5:192.168.46.58:41827, 6fb66f77-4e6c-40d9-a1d6-af3a9c003036:192.168.46.58:46297] returns group-0747FAD4EA4D:java.util.concurrent.CompletableFuture@63efccf7[Not completed]
2019-06-13 11:55:04,702 INFO  storage.RaftStorageDirectory (RaftStorageDirectory.java:tryLock(328)) - Lock on /opt/src/hadoop-ozone/integration-test/target/test-dir/MiniOzoneClusterImpl-7f754a10-c83b-4ff5-b04e-87c1b0fa0a06/datanode-0/data/ratis/6cff011a-873f-4e3e-a5b0-0747fad4ea4d/in_use.lock acquired by nodename 9957@ozone-nffxw-186015654
2019-06-13 11:55:04,702 INFO  impl.RaftServerImpl (RaftServerImpl.java:<init>(91)) - b49dc9ab-1a84-4a23-b40e-05d381bbb6f8: new RaftServerImpl for group-0747FAD4EA4D:[b49dc9ab-1a84-4a23-b40e-05d381bbb6f8:192.168.46.58:35009, 379af20f-2e24-4b89-be9d-6476cdae7aa5:192.168.46.58:41827, 6fb66f77-4e6c-40d9-a1d6-af3a9c003036:192.168.46.58:46297] with ContainerStateMachine:uninitialized
2019-06-13 11:55:04,703 INFO  server.RaftServerConfigKeys (ConfUtils.java:logGet(43)) - raft.server.rpc.timeout.min = 1s (custom)
2019-06-13 11:55:04,703 INFO  server.RaftServerConfigKeys (ConfUtils.java:logGet(43)) - raft.server.rpc.timeout.max = 1200ms (custom)
2019-06-13 11:55:04,703 INFO  server.RaftServerConfigKeys (ConfUtils.java:logGet(43)) - raft.server.rpcslowness.timeout = 10s (custom)
2019-06-13 11:55:04,703 INFO  server.RaftServerConfigKeys (ConfUtils.java:logGet(43)) - raft.server.log.appender.install.snapshot.enabled = true (default)
2019-06-13 11:55:04,703 INFO  impl.RaftServerImpl (ServerState.java:<init>(101)) - b49dc9ab-1a84-4a23-b40e-05d381bbb6f8:group-0747FAD4EA4D ConfigurationManager, init=-1: [b49dc9ab-1a84-4a23-b40e-05d381bbb6f8:192.168.46.58:35009, 379af20f-2e24-4b89-be9d-6476cdae7aa5:192.168.46.58:41827, 6fb66f77-4e6c-40d9-a1d6-af3a9c003036:192.168.46.58:46297], old=null, confs=<EMPTY_MAP>
2019-06-13 11:55:04,703 INFO  server.RaftServerConfigKeys (ConfUtils.java:logGet(43)) - raft.server.storage.dir = [/opt/src/hadoop-ozone/integration-test/target/test-dir/MiniOzoneClusterImpl-7f754a10-c83b-4ff5-b04e-87c1b0fa0a06/datanode-1/data/ratis] (custom)
2019-06-13 11:55:04,703 INFO  storage.RaftStorageDirectory (RaftStorageDirectory.java:analyzeStorage(246)) - The storage directory /opt/src/hadoop-ozone/integration-test/target/test-dir/MiniOzoneClusterImpl-7f754a10-c83b-4ff5-b04e-87c1b0fa0a06/datanode-1/data/ratis/6cff011a-873f-4e3e-a5b0-0747fad4ea4d does not exist. Creating ...
2019-06-13 11:55:04,704 INFO  storage.RaftStorageDirectory (RaftStorageDirectory.java:tryLock(328)) - Lock on /opt/src/hadoop-ozone/integration-test/target/test-dir/MiniOzoneClusterImpl-7f754a10-c83b-4ff5-b04e-87c1b0fa0a06/datanode-2/data/ratis/6cff011a-873f-4e3e-a5b0-0747fad4ea4d/in_use.lock acquired by nodename 9957@ozone-nffxw-186015654
2019-06-13 11:55:04,706 INFO  storage.RaftStorageDirectory (RaftStorageDirectory.java:tryLock(328)) - Lock on /opt/src/hadoop-ozone/integration-test/target/test-dir/MiniOzoneClusterImpl-7f754a10-c83b-4ff5-b04e-87c1b0fa0a06/datanode-1/data/ratis/6cff011a-873f-4e3e-a5b0-0747fad4ea4d/in_use.lock acquired by nodename 9957@ozone-nffxw-186015654
2019-06-13 11:55:04,706 INFO  storage.RaftStorage (RaftStorage.java:format(75)) - Storage directory /opt/src/hadoop-ozone/integration-test/target/test-dir/MiniOzoneClusterImpl-7f754a10-c83b-4ff5-b04e-87c1b0fa0a06/datanode-0/data/ratis/6cff011a-873f-4e3e-a5b0-0747fad4ea4d has been successfully formatted.
2019-06-13 11:55:04,706 INFO  ratis.ContainerStateMachine (ContainerStateMachine.java:loadSnapshot(199)) - The snapshot info is null.Setting the last applied index to:(t:0, i:~)
2019-06-13 11:55:04,707 INFO  server.RaftServerConfigKeys (ConfUtils.java:logGet(43)) - raft.server.leader.election.timeout = 10s (custom)
2019-06-13 11:55:04,707 INFO  server.RaftServerConfigKeys (ConfUtils.java:logGet(43)) - raft.server.log.use.memory = false (default)
2019-06-13 11:55:04,707 INFO  server.RaftServerConfigKeys (ConfUtils.java:logGet(43)) - raft.server.log.appender.buffer.byte-limit = 33554432 (custom)
2019-06-13 11:55:04,707 INFO  storage.RaftStorage (RaftStorage.java:format(75)) - Storage directory /opt/src/hadoop-ozone/integration-test/target/test-dir/MiniOzoneClusterImpl-7f754a10-c83b-4ff5-b04e-87c1b0fa0a06/datanode-2/data/ratis/6cff011a-873f-4e3e-a5b0-0747fad4ea4d has been successfully formatted.
2019-06-13 11:55:04,707 INFO  server.RaftServerConfigKeys (ConfUtils.java:logGet(43)) - raft.server.log.segment.size.max = 16384 (custom)
2019-06-13 11:55:04,707 INFO  ratis.ContainerStateMachine (ContainerStateMachine.java:loadSnapshot(199)) - The snapshot info is null.Setting the last applied index to:(t:0, i:~)
2019-06-13 11:55:04,707 INFO  server.RaftServerConfigKeys (ConfUtils.java:logGet(43)) - raft.server.log.segment.cache.num.max = 2 (custom)
2019-06-13 11:55:04,707 INFO  server.RaftServerConfigKeys (ConfUtils.java:logGet(43)) - raft.server.leader.election.timeout = 10s (custom)
2019-06-13 11:55:04,707 INFO  storage.RaftLogWorker (RaftLogWorker.java:<init>(123)) - new 379af20f-2e24-4b89-be9d-6476cdae7aa5-RaftLogWorker for Storage Directory /opt/src/hadoop-ozone/integration-test/target/test-dir/MiniOzoneClusterImpl-7f754a10-c83b-4ff5-b04e-87c1b0fa0a06/datanode-0/data/ratis/6cff011a-873f-4e3e-a5b0-0747fad4ea4d
2019-06-13 11:55:04,707 INFO  server.RaftServerConfigKeys (ConfUtils.java:logGet(43)) - raft.server.log.use.memory = false (default)
2019-06-13 11:55:04,707 INFO  server.RaftServerConfigKeys (ConfUtils.java:logGet(43)) - raft.server.log.queue.byte-limit = 2147483647 (custom)
2019-06-13 11:55:04,708 INFO  server.RaftServerConfigKeys (ConfUtils.java:logGet(43)) - raft.server.log.appender.buffer.byte-limit = 33554432 (custom)
2019-06-13 11:55:04,708 INFO  server.RaftServerConfigKeys (ConfUtils.java:logGet(43)) - raft.server.log.queue.element-limit = 1024 (custom)
2019-06-13 11:55:04,708 INFO  server.RaftServerConfigKeys (ConfUtils.java:logGet(43)) - raft.server.log.segment.size.max = 16384 (custom)
2019-06-13 11:55:04,708 INFO  server.RaftServerConfigKeys (ConfUtils.java:logGet(43)) - raft.server.log.segment.size.max = 16384 (custom)
2019-06-13 11:55:04,708 INFO  server.RaftServerConfigKeys (ConfUtils.java:logGet(43)) - raft.server.log.preallocated.size = 16384 (custom)
2019-06-13 11:55:04,708 INFO  server.RaftServerConfigKeys (ConfUtils.java:logGet(43)) - raft.server.log.write.buffer.size = 33554432 (custom)
2019-06-13 11:55:04,708 INFO  server.RaftServerConfigKeys (ConfUtils.java:logGet(43)) - raft.server.log.force.sync.num = 128 (default)
2019-06-13 11:55:04,708 INFO  server.RaftServerConfigKeys (ConfUtils.java:logGet(43)) - raft.server.log.statemachine.data.sync = true (default)
2019-06-13 11:55:04,709 INFO  server.RaftServerConfigKeys (ConfUtils.java:logGet(43)) - raft.server.log.statemachine.data.sync.timeout = 10s (default)
2019-06-13 11:55:04,709 INFO  server.RaftServerConfigKeys (ConfUtils.java:logGet(43)) - raft.server.log.statemachine.data.sync.timeout.retry = -1 (default)
2019-06-13 11:55:04,709 INFO  server.RaftServerConfigKeys (ConfUtils.java:logGet(43)) - raft.server.log.statemachine.data.caching.enabled = true (custom)
2019-06-13 11:55:04,709 INFO  storage.RaftStorage (RaftStorage.java:format(75)) - Storage directory /opt/src/hadoop-ozone/integration-test/target/test-dir/MiniOzoneClusterImpl-7f754a10-c83b-4ff5-b04e-87c1b0fa0a06/datanode-1/data/ratis/6cff011a-873f-4e3e-a5b0-0747fad4ea4d has been successfully formatted.
2019-06-13 11:55:04,708 INFO  server.RaftServerConfigKeys (ConfUtils.java:logGet(43)) - raft.server.log.segment.cache.num.max = 2 (custom)
2019-06-13 11:55:04,709 INFO  ratis.ContainerStateMachine (ContainerStateMachine.java:loadSnapshot(199)) - The snapshot info is null.Setting the last applied index to:(t:0, i:~)
2019-06-13 11:55:04,709 INFO  server.RaftServerConfigKeys (ConfUtils.java:logGet(43)) - raft.server.leader.election.timeout = 10s (custom)
2019-06-13 11:55:04,710 INFO  server.RaftServerConfigKeys (ConfUtils.java:logGet(43)) - raft.server.log.use.memory = false (default)
2019-06-13 11:55:04,710 INFO  server.RaftServerConfigKeys (ConfUtils.java:logGet(43)) - raft.server.log.appender.buffer.byte-limit = 33554432 (custom)
2019-06-13 11:55:04,710 INFO  server.RaftServerConfigKeys (ConfUtils.java:logGet(43)) - raft.server.log.segment.size.max = 16384 (custom)
2019-06-13 11:55:04,710 INFO  server.RaftServerConfigKeys (ConfUtils.java:logGet(43)) - raft.server.log.segment.cache.num.max = 2 (custom)
2019-06-13 11:55:04,710 INFO  storage.RaftLogWorker (RaftLogWorker.java:<init>(123)) - new b49dc9ab-1a84-4a23-b40e-05d381bbb6f8-RaftLogWorker for Storage Directory /opt/src/hadoop-ozone/integration-test/target/test-dir/MiniOzoneClusterImpl-7f754a10-c83b-4ff5-b04e-87c1b0fa0a06/datanode-1/data/ratis/6cff011a-873f-4e3e-a5b0-0747fad4ea4d
2019-06-13 11:55:04,710 INFO  server.RaftServerConfigKeys (ConfUtils.java:logGet(43)) - raft.server.log.queue.byte-limit = 2147483647 (custom)
2019-06-13 11:55:04,710 INFO  server.RaftServerConfigKeys (ConfUtils.java:logGet(43)) - raft.server.log.queue.element-limit = 1024 (custom)
2019-06-13 11:55:04,710 INFO  server.RaftServerConfigKeys (ConfUtils.java:logGet(43)) - raft.server.log.segment.size.max = 16384 (custom)
2019-06-13 11:55:04,710 INFO  server.RaftServerConfigKeys (ConfUtils.java:logGet(43)) - raft.server.log.preallocated.size = 16384 (custom)
2019-06-13 11:55:04,711 INFO  server.RaftServerConfigKeys (ConfUtils.java:logGet(43)) - raft.server.log.write.buffer.size = 33554432 (custom)
2019-06-13 11:55:04,711 INFO  server.RaftServerConfigKeys (ConfUtils.java:logGet(43)) - raft.server.log.force.sync.num = 128 (default)
2019-06-13 11:55:04,711 INFO  server.RaftServerConfigKeys (ConfUtils.java:logGet(43)) - raft.server.log.statemachine.data.sync = true (default)
2019-06-13 11:55:04,711 INFO  server.RaftServerConfigKeys (ConfUtils.java:logGet(43)) - raft.server.log.statemachine.data.sync.timeout = 10s (default)
2019-06-13 11:55:04,711 INFO  server.RaftServerConfigKeys (ConfUtils.java:logGet(43)) - raft.server.log.statemachine.data.sync.timeout.retry = -1 (default)
2019-06-13 11:55:04,711 INFO  storage.RaftLogWorker (RaftLogWorker.java:<init>(123)) - new 6fb66f77-4e6c-40d9-a1d6-af3a9c003036-RaftLogWorker for Storage Directory /opt/src/hadoop-ozone/integration-test/target/test-dir/MiniOzoneClusterImpl-7f754a10-c83b-4ff5-b04e-87c1b0fa0a06/datanode-2/data/ratis/6cff011a-873f-4e3e-a5b0-0747fad4ea4d
2019-06-13 11:55:04,711 INFO  server.RaftServerConfigKeys (ConfUtils.java:logGet(43)) - raft.server.log.queue.byte-limit = 2147483647 (custom)
2019-06-13 11:55:04,711 INFO  server.RaftServerConfigKeys (ConfUtils.java:logGet(43)) - raft.server.log.queue.element-limit = 1024 (custom)
2019-06-13 11:55:04,711 INFO  server.RaftServerConfigKeys (ConfUtils.java:logGet(43)) - raft.server.log.segment.size.max = 16384 (custom)
2019-06-13 11:55:04,712 INFO  server.RaftServerConfigKeys (ConfUtils.java:logGet(43)) - raft.server.log.preallocated.size = 16384 (custom)
2019-06-13 11:55:04,712 INFO  server.RaftServerConfigKeys (ConfUtils.java:logGet(43)) - raft.server.log.write.buffer.size = 33554432 (custom)
2019-06-13 11:55:04,712 INFO  server.RaftServerConfigKeys (ConfUtils.java:logGet(43)) - raft.server.log.force.sync.num = 128 (default)
2019-06-13 11:55:04,712 INFO  server.RaftServerConfigKeys (ConfUtils.java:logGet(43)) - raft.server.log.statemachine.data.sync = true (default)
2019-06-13 11:55:04,712 INFO  server.RaftServerConfigKeys (ConfUtils.java:logGet(43)) - raft.server.log.statemachine.data.sync.timeout = 10s (default)
2019-06-13 11:55:04,712 INFO  server.RaftServerConfigKeys (ConfUtils.java:logGet(43)) - raft.server.log.statemachine.data.sync.timeout.retry = -1 (default)
2019-06-13 11:55:04,713 INFO  server.RaftServerConfigKeys (ConfUtils.java:logGet(43)) - raft.server.log.statemachine.data.caching.enabled = true (custom)
2019-06-13 11:55:04,713 INFO  server.RaftServerConfigKeys (ConfUtils.java:logGet(43)) - raft.server.snapshot.auto.trigger.enabled = true (custom)
2019-06-13 11:55:04,714 INFO  server.RaftServerConfigKeys (ConfUtils.java:logGet(43)) - raft.server.snapshot.auto.trigger.threshold = 10000 (custom)
2019-06-13 11:55:04,717 INFO  server.RaftServerConfigKeys (ConfUtils.java:logGet(43)) - raft.server.log.statemachine.data.caching.enabled = true (custom)
2019-06-13 11:55:04,717 INFO  server.RaftServerConfigKeys (ConfUtils.java:logGet(43)) - raft.server.retrycache.expirytime = 600000ms (custom)
2019-06-13 11:55:04,718 INFO  impl.RaftServerImpl (RaftServerImpl.java:start(173)) - 379af20f-2e24-4b89-be9d-6476cdae7aa5: start group-0747FAD4EA4D
2019-06-13 11:55:04,718 INFO  impl.RaftServerImpl (RaftServerImpl.java:setRole(164)) - 379af20f-2e24-4b89-be9d-6476cdae7aa5:group-0747FAD4EA4D changes role from null to FOLLOWER at term 0 for startAsFollower
2019-06-13 11:55:04,717 INFO  server.RaftServerConfigKeys (ConfUtils.java:logGet(43)) - raft.server.snapshot.auto.trigger.enabled = true (custom)
2019-06-13 11:55:04,718 INFO  server.RaftServerConfigKeys (ConfUtils.java:logGet(43)) - raft.server.snapshot.auto.trigger.threshold = 10000 (custom)
2019-06-13 11:55:04,718 INFO  impl.RoleInfo (RoleInfo.java:updateAndGet(143)) - 379af20f-2e24-4b89-be9d-6476cdae7aa5: start FollowerState
2019-06-13 11:55:04,718 INFO  server.RaftServerConfigKeys (ConfUtils.java:logGet(43)) - raft.server.retrycache.expirytime = 600000ms (custom)
2019-06-13 11:55:04,719 INFO  impl.RaftServerImpl (RaftServerImpl.java:start(173)) - 6fb66f77-4e6c-40d9-a1d6-af3a9c003036: start group-0747FAD4EA4D
2019-06-13 11:55:04,719 INFO  impl.RaftServerImpl (RaftServerImpl.java:setRole(164)) - 6fb66f77-4e6c-40d9-a1d6-af3a9c003036:group-0747FAD4EA4D changes role from null to FOLLOWER at term 0 for startAsFollower
2019-06-13 11:55:04,719 INFO  impl.RoleInfo (RoleInfo.java:updateAndGet(143)) - 6fb66f77-4e6c-40d9-a1d6-af3a9c003036: start FollowerState
2019-06-13 11:55:04,718 INFO  server.RaftServerConfigKeys (ConfUtils.java:logGet(43)) - raft.server.snapshot.auto.trigger.enabled = true (custom)
2019-06-13 11:55:04,719 INFO  util.JmxRegister (JmxRegister.java:tryRegister(44)) - Successfully registered JMX Bean with object name Ratis:service=RaftServer,group=group-0747FAD4EA4D,id=379af20f-2e24-4b89-be9d-6476cdae7aa5
2019-06-13 11:55:04,719 INFO  server.RaftServerConfigKeys (ConfUtils.java:logGet(43)) - raft.server.snapshot.auto.trigger.threshold = 10000 (custom)
2019-06-13 11:55:04,719 INFO  util.JmxRegister (JmxRegister.java:tryRegister(44)) - Successfully registered JMX Bean with object name Ratis:service=RaftServer,group=group-0747FAD4EA4D,id=6fb66f77-4e6c-40d9-a1d6-af3a9c003036
2019-06-13 11:55:04,721 INFO  server.RaftServerConfigKeys (ConfUtils.java:logGet(43)) - raft.server.retrycache.expirytime = 600000ms (custom)
2019-06-13 11:55:04,721 INFO  impl.RaftServerImpl (RaftServerImpl.java:start(173)) - b49dc9ab-1a84-4a23-b40e-05d381bbb6f8: start group-0747FAD4EA4D
2019-06-13 11:55:04,721 INFO  impl.RaftServerImpl (RaftServerImpl.java:setRole(164)) - b49dc9ab-1a84-4a23-b40e-05d381bbb6f8:group-0747FAD4EA4D changes role from null to FOLLOWER at term 0 for startAsFollower
2019-06-13 11:55:04,727 INFO  impl.RoleInfo (RoleInfo.java:updateAndGet(143)) - b49dc9ab-1a84-4a23-b40e-05d381bbb6f8: start FollowerState
2019-06-13 11:55:04,727 INFO  util.JmxRegister (JmxRegister.java:tryRegister(44)) - Successfully registered JMX Bean with object name Ratis:service=RaftServer,group=group-0747FAD4EA4D,id=b49dc9ab-1a84-4a23-b40e-05d381bbb6f8
2019-06-13 11:55:04,749 INFO  pipeline.PipelineStateManager (PipelineStateManager.java:addPipeline(56)) - Created pipeline Pipeline[ Id: 6cff011a-873f-4e3e-a5b0-0747fad4ea4d, Nodes: 379af20f-2e24-4b89-be9d-6476cdae7aa5{ip: 192.168.46.58, host: ozone-nffxw-186015654, networkLocation: /default-rack, certSerialId: null}6fb66f77-4e6c-40d9-a1d6-af3a9c003036{ip: 192.168.46.58, host: ozone-nffxw-186015654, networkLocation: /default-rack, certSerialId: null}b49dc9ab-1a84-4a23-b40e-05d381bbb6f8{ip: 192.168.46.58, host: ozone-nffxw-186015654, networkLocation: /default-rack, certSerialId: null}, Type:RATIS, Factor:THREE, State:OPEN]
2019-06-13 11:55:04,760 INFO  impl.RaftServerProxy (RaftServerProxy.java:addNew(89)) - 074c7ef2-98a0-434e-9e19-b8e2de364de7: addNew group-017C3E0DA655:[074c7ef2-98a0-434e-9e19-b8e2de364de7:192.168.46.58:33479] returns group-017C3E0DA655:java.util.concurrent.CompletableFuture@17017a40[Not completed]
2019-06-13 11:55:04,760 INFO  impl.RaftServerImpl (RaftServerImpl.java:<init>(91)) - 074c7ef2-98a0-434e-9e19-b8e2de364de7: new RaftServerImpl for group-017C3E0DA655:[074c7ef2-98a0-434e-9e19-b8e2de364de7:192.168.46.58:33479] with ContainerStateMachine:uninitialized
2019-06-13 11:55:04,761 INFO  server.RaftServerConfigKeys (ConfUtils.java:logGet(43)) - raft.server.rpc.timeout.min = 1s (custom)
2019-06-13 11:55:04,761 INFO  server.RaftServerConfigKeys (ConfUtils.java:logGet(43)) - raft.server.rpc.timeout.max = 1200ms (custom)
2019-06-13 11:55:04,761 INFO  server.RaftServerConfigKeys (ConfUtils.java:logGet(43)) - raft.server.rpcslowness.timeout = 10s (custom)
2019-06-13 11:55:04,761 INFO  server.RaftServerConfigKeys (ConfUtils.java:logGet(43)) - raft.server.log.appender.install.snapshot.enabled = true (default)
2019-06-13 11:55:04,761 INFO  impl.RaftServerImpl (ServerState.java:<init>(101)) - 074c7ef2-98a0-434e-9e19-b8e2de364de7:group-017C3E0DA655 ConfigurationManager, init=-1: [074c7ef2-98a0-434e-9e19-b8e2de364de7:192.168.46.58:33479], old=null, confs=<EMPTY_MAP>
2019-06-13 11:55:04,761 INFO  server.RaftServerConfigKeys (ConfUtils.java:logGet(43)) - raft.server.storage.dir = [/opt/src/hadoop-ozone/integration-test/target/test-dir/MiniOzoneClusterImpl-7f754a10-c83b-4ff5-b04e-87c1b0fa0a06/datanode-3/data/ratis] (custom)
2019-06-13 11:55:04,762 INFO  storage.RaftStorageDirectory (RaftStorageDirectory.java:analyzeStorage(246)) - The storage directory /opt/src/hadoop-ozone/integration-test/target/test-dir/MiniOzoneClusterImpl-7f754a10-c83b-4ff5-b04e-87c1b0fa0a06/datanode-3/data/ratis/83318032-53db-4b72-a7f4-017c3e0da655 does not exist. Creating ...
2019-06-13 11:55:04,764 INFO  storage.RaftStorageDirectory (RaftStorageDirectory.java:tryLock(328)) - Lock on /opt/src/hadoop-ozone/integration-test/target/test-dir/MiniOzoneClusterImpl-7f754a10-c83b-4ff5-b04e-87c1b0fa0a06/datanode-3/data/ratis/83318032-53db-4b72-a7f4-017c3e0da655/in_use.lock acquired by nodename 9957@ozone-nffxw-186015654
2019-06-13 11:55:04,766 INFO  storage.RaftStorage (RaftStorage.java:format(75)) - Storage directory /opt/src/hadoop-ozone/integration-test/target/test-dir/MiniOzoneClusterImpl-7f754a10-c83b-4ff5-b04e-87c1b0fa0a06/datanode-3/data/ratis/83318032-53db-4b72-a7f4-017c3e0da655 has been successfully formatted.
2019-06-13 11:55:04,766 INFO  ratis.ContainerStateMachine (ContainerStateMachine.java:loadSnapshot(199)) - The snapshot info is null.Setting the last applied index to:(t:0, i:~)
2019-06-13 11:55:04,766 INFO  server.RaftServerConfigKeys (ConfUtils.java:logGet(43)) - raft.server.leader.election.timeout = 10s (custom)
2019-06-13 11:55:04,766 INFO  server.RaftServerConfigKeys (ConfUtils.java:logGet(43)) - raft.server.log.use.memory = false (default)
2019-06-13 11:55:04,766 INFO  server.RaftServerConfigKeys (ConfUtils.java:logGet(43)) - raft.server.log.appender.buffer.byte-limit = 33554432 (custom)
2019-06-13 11:55:04,767 INFO  server.RaftServerConfigKeys (ConfUtils.java:logGet(43)) - raft.server.log.segment.size.max = 16384 (custom)
2019-06-13 11:55:04,767 INFO  server.RaftServerConfigKeys (ConfUtils.java:logGet(43)) - raft.server.log.segment.cache.num.max = 2 (custom)
2019-06-13 11:55:04,767 INFO  storage.RaftLogWorker (RaftLogWorker.java:<init>(123)) - new 074c7ef2-98a0-434e-9e19-b8e2de364de7-RaftLogWorker for Storage Directory /opt/src/hadoop-ozone/integration-test/target/test-dir/MiniOzoneClusterImpl-7f754a10-c83b-4ff5-b04e-87c1b0fa0a06/datanode-3/data/ratis/83318032-53db-4b72-a7f4-017c3e0da655
2019-06-13 11:55:04,767 INFO  server.RaftServerConfigKeys (ConfUtils.java:logGet(43)) - raft.server.log.queue.byte-limit = 2147483647 (custom)
2019-06-13 11:55:04,767 INFO  server.RaftServerConfigKeys (ConfUtils.java:logGet(43)) - raft.server.log.queue.element-limit = 1024 (custom)
2019-06-13 11:55:04,767 INFO  server.RaftServerConfigKeys (ConfUtils.java:logGet(43)) - raft.server.log.segment.size.max = 16384 (custom)
2019-06-13 11:55:04,767 INFO  server.RaftServerConfigKeys (ConfUtils.java:logGet(43)) - raft.server.log.preallocated.size = 16384 (custom)
2019-06-13 11:55:04,767 INFO  server.RaftServerConfigKeys (ConfUtils.java:logGet(43)) - raft.server.log.write.buffer.size = 33554432 (custom)
2019-06-13 11:55:04,767 INFO  server.RaftServerConfigKeys (ConfUtils.java:logGet(43)) - raft.server.log.force.sync.num = 128 (default)
2019-06-13 11:55:04,767 INFO  server.RaftServerConfigKeys (ConfUtils.java:logGet(43)) - raft.server.log.statemachine.data.sync = true (default)
2019-06-13 11:55:04,767 INFO  server.RaftServerConfigKeys (ConfUtils.java:logGet(43)) - raft.server.log.statemachine.data.sync.timeout = 10s (default)
2019-06-13 11:55:04,767 INFO  server.RaftServerConfigKeys (ConfUtils.java:logGet(43)) - raft.server.log.statemachine.data.sync.timeout.retry = -1 (default)
2019-06-13 11:55:04,767 INFO  server.RaftServerConfigKeys (ConfUtils.java:logGet(43)) - raft.server.log.statemachine.data.caching.enabled = true (custom)
2019-06-13 11:55:04,768 INFO  server.RaftServerConfigKeys (ConfUtils.java:logGet(43)) - raft.server.snapshot.auto.trigger.enabled = true (custom)
2019-06-13 11:55:04,768 INFO  server.RaftServerConfigKeys (ConfUtils.java:logGet(43)) - raft.server.snapshot.auto.trigger.threshold = 10000 (custom)
2019-06-13 11:55:04,768 INFO  server.RaftServerConfigKeys (ConfUtils.java:logGet(43)) - raft.server.retrycache.expirytime = 600000ms (custom)
2019-06-13 11:55:04,768 INFO  impl.RaftServerImpl (RaftServerImpl.java:start(173)) - 074c7ef2-98a0-434e-9e19-b8e2de364de7: start group-017C3E0DA655
2019-06-13 11:55:04,768 INFO  impl.RaftServerImpl (RaftServerImpl.java:setRole(164)) - 074c7ef2-98a0-434e-9e19-b8e2de364de7:group-017C3E0DA655 changes role from null to FOLLOWER at term 0 for startAsFollower
2019-06-13 11:55:04,768 INFO  impl.RoleInfo (RoleInfo.java:updateAndGet(143)) - 074c7ef2-98a0-434e-9e19-b8e2de364de7: start FollowerState
2019-06-13 11:55:04,769 INFO  util.JmxRegister (JmxRegister.java:tryRegister(44)) - Successfully registered JMX Bean with object name Ratis:service=RaftServer,group=group-017C3E0DA655,id=074c7ef2-98a0-434e-9e19-b8e2de364de7
2019-06-13 11:55:04,776 INFO  pipeline.PipelineStateManager (PipelineStateManager.java:addPipeline(56)) - Created pipeline Pipeline[ Id: 83318032-53db-4b72-a7f4-017c3e0da655, Nodes: 074c7ef2-98a0-434e-9e19-b8e2de364de7{ip: 192.168.46.58, host: ozone-nffxw-186015654, networkLocation: /default-rack, certSerialId: null}, Type:RATIS, Factor:ONE, State:OPEN]
2019-06-13 11:55:04,872 INFO  node.SCMNodeManager (SCMNodeManager.java:register(234)) - Registered Data node : a335b2d1-89b2-427a-915f-5d5bd245c3a9{ip: 192.168.46.58, host: ozone-nffxw-186015654, networkLocation: /default-rack, certSerialId: null}
2019-06-13 11:55:04,883 INFO  impl.RaftServerProxy (RaftServerProxy.java:addNew(89)) - a335b2d1-89b2-427a-915f-5d5bd245c3a9: addNew group-7CB8A2A6A874:[a335b2d1-89b2-427a-915f-5d5bd245c3a9:192.168.46.58:43177] returns group-7CB8A2A6A874:java.util.concurrent.CompletableFuture@23c4ecf4[Not completed]
2019-06-13 11:55:04,883 INFO  impl.RaftServerImpl (RaftServerImpl.java:<init>(91)) - a335b2d1-89b2-427a-915f-5d5bd245c3a9: new RaftServerImpl for group-7CB8A2A6A874:[a335b2d1-89b2-427a-915f-5d5bd245c3a9:192.168.46.58:43177] with ContainerStateMachine:uninitialized
2019-06-13 11:55:04,884 INFO  server.RaftServerConfigKeys (ConfUtils.java:logGet(43)) - raft.server.rpc.timeout.min = 1s (custom)
2019-06-13 11:55:04,884 INFO  server.RaftServerConfigKeys (ConfUtils.java:logGet(43)) - raft.server.rpc.timeout.max = 1200ms (custom)
2019-06-13 11:55:04,884 INFO  server.RaftServerConfigKeys (ConfUtils.java:logGet(43)) - raft.server.rpcslowness.timeout = 10s (custom)
2019-06-13 11:55:04,884 INFO  server.RaftServerConfigKeys (ConfUtils.java:logGet(43)) - raft.server.log.appender.install.snapshot.enabled = true (default)
2019-06-13 11:55:04,884 INFO  impl.RaftServerImpl (ServerState.java:<init>(101)) - a335b2d1-89b2-427a-915f-5d5bd245c3a9:group-7CB8A2A6A874 ConfigurationManager, init=-1: [a335b2d1-89b2-427a-915f-5d5bd245c3a9:192.168.46.58:43177], old=null, confs=<EMPTY_MAP>
2019-06-13 11:55:04,884 INFO  server.RaftServerConfigKeys (ConfUtils.java:logGet(43)) - raft.server.storage.dir = [/opt/src/hadoop-ozone/integration-test/target/test-dir/MiniOzoneClusterImpl-7f754a10-c83b-4ff5-b04e-87c1b0fa0a06/datanode-4/data/ratis] (custom)
2019-06-13 11:55:04,884 INFO  storage.RaftStorageDirectory (RaftStorageDirectory.java:analyzeStorage(246)) - The storage directory /opt/src/hadoop-ozone/integration-test/target/test-dir/MiniOzoneClusterImpl-7f754a10-c83b-4ff5-b04e-87c1b0fa0a06/datanode-4/data/ratis/520d1430-1a4b-48c0-864c-7cb8a2a6a874 does not exist. Creating ...
2019-06-13 11:55:04,886 INFO  storage.RaftStorageDirectory (RaftStorageDirectory.java:tryLock(328)) - Lock on /opt/src/hadoop-ozone/integration-test/target/test-dir/MiniOzoneClusterImpl-7f754a10-c83b-4ff5-b04e-87c1b0fa0a06/datanode-4/data/ratis/520d1430-1a4b-48c0-864c-7cb8a2a6a874/in_use.lock acquired by nodename 9957@ozone-nffxw-186015654
2019-06-13 11:55:04,888 INFO  storage.RaftStorage (RaftStorage.java:format(75)) - Storage directory /opt/src/hadoop-ozone/integration-test/target/test-dir/MiniOzoneClusterImpl-7f754a10-c83b-4ff5-b04e-87c1b0fa0a06/datanode-4/data/ratis/520d1430-1a4b-48c0-864c-7cb8a2a6a874 has been successfully formatted.
2019-06-13 11:55:04,889 INFO  ratis.ContainerStateMachine (ContainerStateMachine.java:loadSnapshot(199)) - The snapshot info is null.Setting the last applied index to:(t:0, i:~)
2019-06-13 11:55:04,889 INFO  server.RaftServerConfigKeys (ConfUtils.java:logGet(43)) - raft.server.leader.election.timeout = 10s (custom)
2019-06-13 11:55:04,889 INFO  server.RaftServerConfigKeys (ConfUtils.java:logGet(43)) - raft.server.log.use.memory = false (default)
2019-06-13 11:55:04,889 INFO  server.RaftServerConfigKeys (ConfUtils.java:logGet(43)) - raft.server.log.appender.buffer.byte-limit = 33554432 (custom)
2019-06-13 11:55:04,889 INFO  server.RaftServerConfigKeys (ConfUtils.java:logGet(43)) - raft.server.log.segment.size.max = 16384 (custom)
2019-06-13 11:55:04,889 INFO  server.RaftServerConfigKeys (ConfUtils.java:logGet(43)) - raft.server.log.segment.cache.num.max = 2 (custom)
2019-06-13 11:55:04,889 INFO  storage.RaftLogWorker (RaftLogWorker.java:<init>(123)) - new a335b2d1-89b2-427a-915f-5d5bd245c3a9-RaftLogWorker for Storage Directory /opt/src/hadoop-ozone/integration-test/target/test-dir/MiniOzoneClusterImpl-7f754a10-c83b-4ff5-b04e-87c1b0fa0a06/datanode-4/data/ratis/520d1430-1a4b-48c0-864c-7cb8a2a6a874
2019-06-13 11:55:04,889 INFO  server.RaftServerConfigKeys (ConfUtils.java:logGet(43)) - raft.server.log.queue.byte-limit = 2147483647 (custom)
2019-06-13 11:55:04,889 INFO  server.RaftServerConfigKeys (ConfUtils.java:logGet(43)) - raft.server.log.queue.element-limit = 1024 (custom)
2019-06-13 11:55:04,889 INFO  server.RaftServerConfigKeys (ConfUtils.java:logGet(43)) - raft.server.log.segment.size.max = 16384 (custom)
2019-06-13 11:55:04,889 INFO  server.RaftServerConfigKeys (ConfUtils.java:logGet(43)) - raft.server.log.preallocated.size = 16384 (custom)
2019-06-13 11:55:04,889 INFO  server.RaftServerConfigKeys (ConfUtils.java:logGet(43)) - raft.server.log.write.buffer.size = 33554432 (custom)
2019-06-13 11:55:04,890 INFO  server.RaftServerConfigKeys (ConfUtils.java:logGet(43)) - raft.server.log.force.sync.num = 128 (default)
2019-06-13 11:55:04,890 INFO  server.RaftServerConfigKeys (ConfUtils.java:logGet(43)) - raft.server.log.statemachine.data.sync = true (default)
2019-06-13 11:55:04,890 INFO  server.RaftServerConfigKeys (ConfUtils.java:logGet(43)) - raft.server.log.statemachine.data.sync.timeout = 10s (default)
2019-06-13 11:55:04,890 INFO  server.RaftServerConfigKeys (ConfUtils.java:logGet(43)) - raft.server.log.statemachine.data.sync.timeout.retry = -1 (default)
2019-06-13 11:55:04,890 INFO  server.RaftServerConfigKeys (ConfUtils.java:logGet(43)) - raft.server.log.statemachine.data.caching.enabled = true (custom)
2019-06-13 11:55:04,890 INFO  server.RaftServerConfigKeys (ConfUtils.java:logGet(43)) - raft.server.snapshot.auto.trigger.enabled = true (custom)
2019-06-13 11:55:04,890 INFO  server.RaftServerConfigKeys (ConfUtils.java:logGet(43)) - raft.server.snapshot.auto.trigger.threshold = 10000 (custom)
2019-06-13 11:55:04,891 INFO  server.RaftServerConfigKeys (ConfUtils.java:logGet(43)) - raft.server.retrycache.expirytime = 600000ms (custom)
2019-06-13 11:55:04,891 INFO  impl.RaftServerImpl (RaftServerImpl.java:start(173)) - a335b2d1-89b2-427a-915f-5d5bd245c3a9: start group-7CB8A2A6A874
2019-06-13 11:55:04,891 INFO  impl.RaftServerImpl (RaftServerImpl.java:setRole(164)) - a335b2d1-89b2-427a-915f-5d5bd245c3a9:group-7CB8A2A6A874 changes role from null to FOLLOWER at term 0 for startAsFollower
2019-06-13 11:55:04,891 INFO  impl.RoleInfo (RoleInfo.java:updateAndGet(143)) - a335b2d1-89b2-427a-915f-5d5bd245c3a9: start FollowerState
2019-06-13 11:55:04,891 INFO  util.JmxRegister (JmxRegister.java:tryRegister(44)) - Successfully registered JMX Bean with object name Ratis:service=RaftServer,group=group-7CB8A2A6A874,id=a335b2d1-89b2-427a-915f-5d5bd245c3a9
2019-06-13 11:55:04,896 INFO  pipeline.PipelineStateManager (PipelineStateManager.java:addPipeline(56)) - Created pipeline Pipeline[ Id: 520d1430-1a4b-48c0-864c-7cb8a2a6a874, Nodes: a335b2d1-89b2-427a-915f-5d5bd245c3a9{ip: 192.168.46.58, host: ozone-nffxw-186015654, networkLocation: /default-rack, certSerialId: null}, Type:RATIS, Factor:ONE, State:OPEN]
2019-06-13 11:55:05,036 INFO  ozone.MiniOzoneClusterImpl (MiniOzoneClusterImpl.java:lambda$waitForClusterToBeReady$0(142)) - Waiting for cluster to be ready. Got 5 of 6 DN Heartbeats.
2019-06-13 11:55:05,041 INFO  node.SCMNodeManager (SCMNodeManager.java:register(234)) - Registered Data node : cfb43bf0-9dcc-420d-8b46-1b76b4b10a41{ip: 192.168.46.58, host: ozone-nffxw-186015654, networkLocation: /default-rack, certSerialId: null}
2019-06-13 11:55:05,054 INFO  impl.RaftServerProxy (RaftServerProxy.java:addNew(89)) - cfb43bf0-9dcc-420d-8b46-1b76b4b10a41: addNew group-8C5D63B0C6E6:[cfb43bf0-9dcc-420d-8b46-1b76b4b10a41:192.168.46.58:35755] returns group-8C5D63B0C6E6:java.util.concurrent.CompletableFuture@428c9bc2[Not completed]
2019-06-13 11:55:05,054 INFO  impl.RaftServerImpl (RaftServerImpl.java:<init>(91)) - cfb43bf0-9dcc-420d-8b46-1b76b4b10a41: new RaftServerImpl for group-8C5D63B0C6E6:[cfb43bf0-9dcc-420d-8b46-1b76b4b10a41:192.168.46.58:35755] with ContainerStateMachine:uninitialized
2019-06-13 11:55:05,055 INFO  server.RaftServerConfigKeys (ConfUtils.java:logGet(43)) - raft.server.rpc.timeout.min = 1s (custom)
2019-06-13 11:55:05,055 INFO  server.RaftServerConfigKeys (ConfUtils.java:logGet(43)) - raft.server.rpc.timeout.max = 1200ms (custom)
2019-06-13 11:55:05,055 INFO  server.RaftServerConfigKeys (ConfUtils.java:logGet(43)) - raft.server.rpcslowness.timeout = 10s (custom)
2019-06-13 11:55:05,055 INFO  server.RaftServerConfigKeys (ConfUtils.java:logGet(43)) - raft.server.log.appender.install.snapshot.enabled = true (default)
2019-06-13 11:55:05,055 INFO  impl.RaftServerImpl (ServerState.java:<init>(101)) - cfb43bf0-9dcc-420d-8b46-1b76b4b10a41:group-8C5D63B0C6E6 ConfigurationManager, init=-1: [cfb43bf0-9dcc-420d-8b46-1b76b4b10a41:192.168.46.58:35755], old=null, confs=<EMPTY_MAP>
2019-06-13 11:55:05,055 INFO  server.RaftServerConfigKeys (ConfUtils.java:logGet(43)) - raft.server.storage.dir = [/opt/src/hadoop-ozone/integration-test/target/test-dir/MiniOzoneClusterImpl-7f754a10-c83b-4ff5-b04e-87c1b0fa0a06/datanode-5/data/ratis] (custom)
2019-06-13 11:55:05,055 INFO  storage.RaftStorageDirectory (RaftStorageDirectory.java:analyzeStorage(246)) - The storage directory /opt/src/hadoop-ozone/integration-test/target/test-dir/MiniOzoneClusterImpl-7f754a10-c83b-4ff5-b04e-87c1b0fa0a06/datanode-5/data/ratis/11b45207-aec2-4157-abe5-8c5d63b0c6e6 does not exist. Creating ...
2019-06-13 11:55:05,058 INFO  storage.RaftStorageDirectory (RaftStorageDirectory.java:tryLock(328)) - Lock on /opt/src/hadoop-ozone/integration-test/target/test-dir/MiniOzoneClusterImpl-7f754a10-c83b-4ff5-b04e-87c1b0fa0a06/datanode-5/data/ratis/11b45207-aec2-4157-abe5-8c5d63b0c6e6/in_use.lock acquired by nodename 9957@ozone-nffxw-186015654
2019-06-13 11:55:05,061 INFO  storage.RaftStorage (RaftStorage.java:format(75)) - Storage directory /opt/src/hadoop-ozone/integration-test/target/test-dir/MiniOzoneClusterImpl-7f754a10-c83b-4ff5-b04e-87c1b0fa0a06/datanode-5/data/ratis/11b45207-aec2-4157-abe5-8c5d63b0c6e6 has been successfully formatted.
2019-06-13 11:55:05,061 INFO  ratis.ContainerStateMachine (ContainerStateMachine.java:loadSnapshot(199)) - The snapshot info is null.Setting the last applied index to:(t:0, i:~)
2019-06-13 11:55:05,061 INFO  server.RaftServerConfigKeys (ConfUtils.java:logGet(43)) - raft.server.leader.election.timeout = 10s (custom)
2019-06-13 11:55:05,061 INFO  server.RaftServerConfigKeys (ConfUtils.java:logGet(43)) - raft.server.log.use.memory = false (default)
2019-06-13 11:55:05,061 INFO  server.RaftServerConfigKeys (ConfUtils.java:logGet(43)) - raft.server.log.appender.buffer.byte-limit = 33554432 (custom)
2019-06-13 11:55:05,061 INFO  server.RaftServerConfigKeys (ConfUtils.java:logGet(43)) - raft.server.log.segment.size.max = 16384 (custom)
2019-06-13 11:55:05,061 INFO  server.RaftServerConfigKeys (ConfUtils.java:logGet(43)) - raft.server.log.segment.cache.num.max = 2 (custom)
2019-06-13 11:55:05,062 INFO  storage.RaftLogWorker (RaftLogWorker.java:<init>(123)) - new cfb43bf0-9dcc-420d-8b46-1b76b4b10a41-RaftLogWorker for Storage Directory /opt/src/hadoop-ozone/integration-test/target/test-dir/MiniOzoneClusterImpl-7f754a10-c83b-4ff5-b04e-87c1b0fa0a06/datanode-5/data/ratis/11b45207-aec2-4157-abe5-8c5d63b0c6e6
2019-06-13 11:55:05,062 INFO  server.RaftServerConfigKeys (ConfUtils.java:logGet(43)) - raft.server.log.queue.byte-limit = 2147483647 (custom)
2019-06-13 11:55:05,062 INFO  server.RaftServerConfigKeys (ConfUtils.java:logGet(43)) - raft.server.log.queue.element-limit = 1024 (custom)
2019-06-13 11:55:05,062 INFO  server.RaftServerConfigKeys (ConfUtils.java:logGet(43)) - raft.server.log.segment.size.max = 16384 (custom)
2019-06-13 11:55:05,062 INFO  server.RaftServerConfigKeys (ConfUtils.java:logGet(43)) - raft.server.log.preallocated.size = 16384 (custom)
2019-06-13 11:55:05,062 INFO  server.RaftServerConfigKeys (ConfUtils.java:logGet(43)) - raft.server.log.write.buffer.size = 33554432 (custom)
2019-06-13 11:55:05,062 INFO  server.RaftServerConfigKeys (ConfUtils.java:logGet(43)) - raft.server.log.force.sync.num = 128 (default)
2019-06-13 11:55:05,062 INFO  server.RaftServerConfigKeys (ConfUtils.java:logGet(43)) - raft.server.log.statemachine.data.sync = true (default)
2019-06-13 11:55:05,062 INFO  server.RaftServerConfigKeys (ConfUtils.java:logGet(43)) - raft.server.log.statemachine.data.sync.timeout = 10s (default)
2019-06-13 11:55:05,062 INFO  server.RaftServerConfigKeys (ConfUtils.java:logGet(43)) - raft.server.log.statemachine.data.sync.timeout.retry = -1 (default)
2019-06-13 11:55:05,062 INFO  server.RaftServerConfigKeys (ConfUtils.java:logGet(43)) - raft.server.log.statemachine.data.caching.enabled = true (custom)
2019-06-13 11:55:05,063 INFO  server.RaftServerConfigKeys (ConfUtils.java:logGet(43)) - raft.server.snapshot.auto.trigger.enabled = true (custom)
2019-06-13 11:55:05,063 INFO  server.RaftServerConfigKeys (ConfUtils.java:logGet(43)) - raft.server.snapshot.auto.trigger.threshold = 10000 (custom)
2019-06-13 11:55:05,063 INFO  server.RaftServerConfigKeys (ConfUtils.java:logGet(43)) - raft.server.retrycache.expirytime = 600000ms (custom)
2019-06-13 11:55:05,063 INFO  impl.RaftServerImpl (RaftServerImpl.java:start(173)) - cfb43bf0-9dcc-420d-8b46-1b76b4b10a41: start group-8C5D63B0C6E6
2019-06-13 11:55:05,063 INFO  impl.RaftServerImpl (RaftServerImpl.java:setRole(164)) - cfb43bf0-9dcc-420d-8b46-1b76b4b10a41:group-8C5D63B0C6E6 changes role from null to FOLLOWER at term 0 for startAsFollower
2019-06-13 11:55:05,063 INFO  impl.RoleInfo (RoleInfo.java:updateAndGet(143)) - cfb43bf0-9dcc-420d-8b46-1b76b4b10a41: start FollowerState
2019-06-13 11:55:05,063 INFO  util.JmxRegister (JmxRegister.java:tryRegister(44)) - Successfully registered JMX Bean with object name Ratis:service=RaftServer,group=group-8C5D63B0C6E6,id=cfb43bf0-9dcc-420d-8b46-1b76b4b10a41
2019-06-13 11:55:05,071 INFO  pipeline.PipelineStateManager (PipelineStateManager.java:addPipeline(56)) - Created pipeline Pipeline[ Id: 11b45207-aec2-4157-abe5-8c5d63b0c6e6, Nodes: cfb43bf0-9dcc-420d-8b46-1b76b4b10a41{ip: 192.168.46.58, host: ozone-nffxw-186015654, networkLocation: /default-rack, certSerialId: null}, Type:RATIS, Factor:ONE, State:OPEN]
2019-06-13 11:55:05,094 INFO  impl.RaftServerProxy (RaftServerProxy.java:addNew(89)) - a335b2d1-89b2-427a-915f-5d5bd245c3a9: addNew group-D2FA49DE94C1:[cfb43bf0-9dcc-420d-8b46-1b76b4b10a41:192.168.46.58:35755, a335b2d1-89b2-427a-915f-5d5bd245c3a9:192.168.46.58:43177, 074c7ef2-98a0-434e-9e19-b8e2de364de7:192.168.46.58:33479] returns group-D2FA49DE94C1:java.util.concurrent.CompletableFuture@46db25d6[Not completed]
2019-06-13 11:55:05,094 INFO  impl.RaftServerProxy (RaftServerProxy.java:addNew(89)) - cfb43bf0-9dcc-420d-8b46-1b76b4b10a41: addNew group-D2FA49DE94C1:[cfb43bf0-9dcc-420d-8b46-1b76b4b10a41:192.168.46.58:35755, a335b2d1-89b2-427a-915f-5d5bd245c3a9:192.168.46.58:43177, 074c7ef2-98a0-434e-9e19-b8e2de364de7:192.168.46.58:33479] returns group-D2FA49DE94C1:java.util.concurrent.CompletableFuture@5650c350[Not completed]
2019-06-13 11:55:05,095 INFO  impl.RaftServerProxy (RaftServerProxy.java:addNew(89)) - 074c7ef2-98a0-434e-9e19-b8e2de364de7: addNew group-D2FA49DE94C1:[cfb43bf0-9dcc-420d-8b46-1b76b4b10a41:192.168.46.58:35755, a335b2d1-89b2-427a-915f-5d5bd245c3a9:192.168.46.58:43177, 074c7ef2-98a0-434e-9e19-b8e2de364de7:192.168.46.58:33479] returns group-D2FA49DE94C1:java.util.concurrent.CompletableFuture@23c803a9[Not completed]
2019-06-13 11:55:05,095 INFO  impl.RaftServerImpl (RaftServerImpl.java:<init>(91)) - 074c7ef2-98a0-434e-9e19-b8e2de364de7: new RaftServerImpl for group-D2FA49DE94C1:[cfb43bf0-9dcc-420d-8b46-1b76b4b10a41:192.168.46.58:35755, a335b2d1-89b2-427a-915f-5d5bd245c3a9:192.168.46.58:43177, 074c7ef2-98a0-434e-9e19-b8e2de364de7:192.168.46.58:33479] with ContainerStateMachine:uninitialized
2019-06-13 11:55:05,095 INFO  server.RaftServerConfigKeys (ConfUtils.java:logGet(43)) - raft.server.rpc.timeout.min = 1s (custom)
2019-06-13 11:55:05,095 INFO  server.RaftServerConfigKeys (ConfUtils.java:logGet(43)) - raft.server.rpc.timeout.max = 1200ms (custom)
2019-06-13 11:55:05,096 INFO  server.RaftServerConfigKeys (ConfUtils.java:logGet(43)) - raft.server.rpcslowness.timeout = 10s (custom)
2019-06-13 11:55:05,096 INFO  server.RaftServerConfigKeys (ConfUtils.java:logGet(43)) - raft.server.log.appender.install.snapshot.enabled = true (default)
2019-06-13 11:55:05,096 INFO  impl.RaftServerImpl (ServerState.java:<init>(101)) - 074c7ef2-98a0-434e-9e19-b8e2de364de7:group-D2FA49DE94C1 ConfigurationManager, init=-1: [cfb43bf0-9dcc-420d-8b46-1b76b4b10a41:192.168.46.58:35755, a335b2d1-89b2-427a-915f-5d5bd245c3a9:192.168.46.58:43177, 074c7ef2-98a0-434e-9e19-b8e2de364de7:192.168.46.58:33479], old=null, confs=<EMPTY_MAP>
2019-06-13 11:55:05,096 INFO  impl.RaftServerImpl (RaftServerImpl.java:<init>(91)) - a335b2d1-89b2-427a-915f-5d5bd245c3a9: new RaftServerImpl for group-D2FA49DE94C1:[cfb43bf0-9dcc-420d-8b46-1b76b4b10a41:192.168.46.58:35755, a335b2d1-89b2-427a-915f-5d5bd245c3a9:192.168.46.58:43177, 074c7ef2-98a0-434e-9e19-b8e2de364de7:192.168.46.58:33479] with ContainerStateMachine:uninitialized
2019-06-13 11:55:05,096 INFO  server.RaftServerConfigKeys (ConfUtils.java:logGet(43)) - raft.server.storage.dir = [/opt/src/hadoop-ozone/integration-test/target/test-dir/MiniOzoneClusterImpl-7f754a10-c83b-4ff5-b04e-87c1b0fa0a06/datanode-3/data/ratis] (custom)
2019-06-13 11:55:05,096 INFO  server.RaftServerConfigKeys (ConfUtils.java:logGet(43)) - raft.server.rpc.timeout.min = 1s (custom)
2019-06-13 11:55:05,096 INFO  server.RaftServerConfigKeys (ConfUtils.java:logGet(43)) - raft.server.rpc.timeout.max = 1200ms (custom)
2019-06-13 11:55:05,096 INFO  storage.RaftStorageDirectory (RaftStorageDirectory.java:analyzeStorage(246)) - The storage directory /opt/src/hadoop-ozone/integration-test/target/test-dir/MiniOzoneClusterImpl-7f754a10-c83b-4ff5-b04e-87c1b0fa0a06/datanode-3/data/ratis/b0141111-640b-48b0-b45d-d2fa49de94c1 does not exist. Creating ...
2019-06-13 11:55:05,096 INFO  server.RaftServerConfigKeys (ConfUtils.java:logGet(43)) - raft.server.rpcslowness.timeout = 10s (custom)
2019-06-13 11:55:05,096 INFO  impl.RaftServerImpl (RaftServerImpl.java:<init>(91)) - cfb43bf0-9dcc-420d-8b46-1b76b4b10a41: new RaftServerImpl for group-D2FA49DE94C1:[cfb43bf0-9dcc-420d-8b46-1b76b4b10a41:192.168.46.58:35755, a335b2d1-89b2-427a-915f-5d5bd245c3a9:192.168.46.58:43177, 074c7ef2-98a0-434e-9e19-b8e2de364de7:192.168.46.58:33479] with ContainerStateMachine:uninitialized
2019-06-13 11:55:05,096 INFO  server.RaftServerConfigKeys (ConfUtils.java:logGet(43)) - raft.server.log.appender.install.snapshot.enabled = true (default)
2019-06-13 11:55:05,097 INFO  impl.RaftServerImpl (ServerState.java:<init>(101)) - a335b2d1-89b2-427a-915f-5d5bd245c3a9:group-D2FA49DE94C1 ConfigurationManager, init=-1: [cfb43bf0-9dcc-420d-8b46-1b76b4b10a41:192.168.46.58:35755, a335b2d1-89b2-427a-915f-5d5bd245c3a9:192.168.46.58:43177, 074c7ef2-98a0-434e-9e19-b8e2de364de7:192.168.46.58:33479], old=null, confs=<EMPTY_MAP>
2019-06-13 11:55:05,097 INFO  server.RaftServerConfigKeys (ConfUtils.java:logGet(43)) - raft.server.storage.dir = [/opt/src/hadoop-ozone/integration-test/target/test-dir/MiniOzoneClusterImpl-7f754a10-c83b-4ff5-b04e-87c1b0fa0a06/datanode-4/data/ratis] (custom)
2019-06-13 11:55:05,097 INFO  storage.RaftStorageDirectory (RaftStorageDirectory.java:analyzeStorage(246)) - The storage directory /opt/src/hadoop-ozone/integration-test/target/test-dir/MiniOzoneClusterImpl-7f754a10-c83b-4ff5-b04e-87c1b0fa0a06/datanode-4/data/ratis/b0141111-640b-48b0-b45d-d2fa49de94c1 does not exist. Creating ...
2019-06-13 11:55:05,097 INFO  server.RaftServerConfigKeys (ConfUtils.java:logGet(43)) - raft.server.rpc.timeout.min = 1s (custom)
2019-06-13 11:55:05,097 INFO  server.RaftServerConfigKeys (ConfUtils.java:logGet(43)) - raft.server.rpc.timeout.max = 1200ms (custom)
2019-06-13 11:55:05,098 INFO  server.RaftServerConfigKeys (ConfUtils.java:logGet(43)) - raft.server.rpcslowness.timeout = 10s (custom)
2019-06-13 11:55:05,098 INFO  server.RaftServerConfigKeys (ConfUtils.java:logGet(43)) - raft.server.log.appender.install.snapshot.enabled = true (default)
2019-06-13 11:55:05,098 INFO  impl.RaftServerImpl (ServerState.java:<init>(101)) - cfb43bf0-9dcc-420d-8b46-1b76b4b10a41:group-D2FA49DE94C1 ConfigurationManager, init=-1: [cfb43bf0-9dcc-420d-8b46-1b76b4b10a41:192.168.46.58:35755, a335b2d1-89b2-427a-915f-5d5bd245c3a9:192.168.46.58:43177, 074c7ef2-98a0-434e-9e19-b8e2de364de7:192.168.46.58:33479], old=null, confs=<EMPTY_MAP>
2019-06-13 11:55:05,098 INFO  server.RaftServerConfigKeys (ConfUtils.java:logGet(43)) - raft.server.storage.dir = [/opt/src/hadoop-ozone/integration-test/target/test-dir/MiniOzoneClusterImpl-7f754a10-c83b-4ff5-b04e-87c1b0fa0a06/datanode-5/data/ratis] (custom)
2019-06-13 11:55:05,098 INFO  storage.RaftStorageDirectory (RaftStorageDirectory.java:tryLock(328)) - Lock on /opt/src/hadoop-ozone/integration-test/target/test-dir/MiniOzoneClusterImpl-7f754a10-c83b-4ff5-b04e-87c1b0fa0a06/datanode-3/data/ratis/b0141111-640b-48b0-b45d-d2fa49de94c1/in_use.lock acquired by nodename 9957@ozone-nffxw-186015654
2019-06-13 11:55:05,098 INFO  storage.RaftStorageDirectory (RaftStorageDirectory.java:analyzeStorage(246)) - The storage directory /opt/src/hadoop-ozone/integration-test/target/test-dir/MiniOzoneClusterImpl-7f754a10-c83b-4ff5-b04e-87c1b0fa0a06/datanode-5/data/ratis/b0141111-640b-48b0-b45d-d2fa49de94c1 does not exist. Creating ...
2019-06-13 11:55:05,101 INFO  storage.RaftStorageDirectory (RaftStorageDirectory.java:tryLock(328)) - Lock on /opt/src/hadoop-ozone/integration-test/target/test-dir/MiniOzoneClusterImpl-7f754a10-c83b-4ff5-b04e-87c1b0fa0a06/datanode-4/data/ratis/b0141111-640b-48b0-b45d-d2fa49de94c1/in_use.lock acquired by nodename 9957@ozone-nffxw-186015654
2019-06-13 11:55:05,103 INFO  storage.RaftStorageDirectory (RaftStorageDirectory.java:tryLock(328)) - Lock on /opt/src/hadoop-ozone/integration-test/target/test-dir/MiniOzoneClusterImpl-7f754a10-c83b-4ff5-b04e-87c1b0fa0a06/datanode-5/data/ratis/b0141111-640b-48b0-b45d-d2fa49de94c1/in_use.lock acquired by nodename 9957@ozone-nffxw-186015654
2019-06-13 11:55:05,104 INFO  storage.RaftStorage (RaftStorage.java:format(75)) - Storage directory /opt/src/hadoop-ozone/integration-test/target/test-dir/MiniOzoneClusterImpl-7f754a10-c83b-4ff5-b04e-87c1b0fa0a06/datanode-3/data/ratis/b0141111-640b-48b0-b45d-d2fa49de94c1 has been successfully formatted.
2019-06-13 11:55:05,104 INFO  ratis.ContainerStateMachine (ContainerStateMachine.java:loadSnapshot(199)) - The snapshot info is null.Setting the last applied index to:(t:0, i:~)
2019-06-13 11:55:05,104 INFO  server.RaftServerConfigKeys (ConfUtils.java:logGet(43)) - raft.server.leader.election.timeout = 10s (custom)
2019-06-13 11:55:05,104 INFO  server.RaftServerConfigKeys (ConfUtils.java:logGet(43)) - raft.server.log.use.memory = false (default)
2019-06-13 11:55:05,104 INFO  server.RaftServerConfigKeys (ConfUtils.java:logGet(43)) - raft.server.log.appender.buffer.byte-limit = 33554432 (custom)
2019-06-13 11:55:05,104 INFO  server.RaftServerConfigKeys (ConfUtils.java:logGet(43)) - raft.server.log.segment.size.max = 16384 (custom)
2019-06-13 11:55:05,104 INFO  server.RaftServerConfigKeys (ConfUtils.java:logGet(43)) - raft.server.log.segment.cache.num.max = 2 (custom)
2019-06-13 11:55:05,104 INFO  storage.RaftLogWorker (RaftLogWorker.java:<init>(123)) - new 074c7ef2-98a0-434e-9e19-b8e2de364de7-RaftLogWorker for Storage Directory /opt/src/hadoop-ozone/integration-test/target/test-dir/MiniOzoneClusterImpl-7f754a10-c83b-4ff5-b04e-87c1b0fa0a06/datanode-3/data/ratis/b0141111-640b-48b0-b45d-d2fa49de94c1
2019-06-13 11:55:05,104 INFO  server.RaftServerConfigKeys (ConfUtils.java:logGet(43)) - raft.server.log.queue.byte-limit = 2147483647 (custom)
2019-06-13 11:55:05,104 INFO  server.RaftServerConfigKeys (ConfUtils.java:logGet(43)) - raft.server.log.queue.element-limit = 1024 (custom)
2019-06-13 11:55:05,104 INFO  server.RaftServerConfigKeys (ConfUtils.java:logGet(43)) - raft.server.log.segment.size.max = 16384 (custom)
2019-06-13 11:55:05,104 INFO  server.RaftServerConfigKeys (ConfUtils.java:logGet(43)) - raft.server.log.preallocated.size = 16384 (custom)
2019-06-13 11:55:05,105 INFO  server.RaftServerConfigKeys (ConfUtils.java:logGet(43)) - raft.server.log.write.buffer.size = 33554432 (custom)
2019-06-13 11:55:05,105 INFO  server.RaftServerConfigKeys (ConfUtils.java:logGet(43)) - raft.server.log.force.sync.num = 128 (default)
2019-06-13 11:55:05,105 INFO  server.RaftServerConfigKeys (ConfUtils.java:logGet(43)) - raft.server.log.statemachine.data.sync = true (default)
2019-06-13 11:55:05,105 INFO  server.RaftServerConfigKeys (ConfUtils.java:logGet(43)) - raft.server.log.statemachine.data.sync.timeout = 10s (default)
2019-06-13 11:55:05,105 INFO  server.RaftServerConfigKeys (ConfUtils.java:logGet(43)) - raft.server.log.statemachine.data.sync.timeout.retry = -1 (default)
2019-06-13 11:55:05,105 INFO  server.RaftServerConfigKeys (ConfUtils.java:logGet(43)) - raft.server.log.statemachine.data.caching.enabled = true (custom)
2019-06-13 11:55:05,103 INFO  storage.RaftStorage (RaftStorage.java:format(75)) - Storage directory /opt/src/hadoop-ozone/integration-test/target/test-dir/MiniOzoneClusterImpl-7f754a10-c83b-4ff5-b04e-87c1b0fa0a06/datanode-4/data/ratis/b0141111-640b-48b0-b45d-d2fa49de94c1 has been successfully formatted.
2019-06-13 11:55:05,106 INFO  ratis.ContainerStateMachine (ContainerStateMachine.java:loadSnapshot(199)) - The snapshot info is null.Setting the last applied index to:(t:0, i:~)
2019-06-13 11:55:05,106 INFO  server.RaftServerConfigKeys (ConfUtils.java:logGet(43)) - raft.server.leader.election.timeout = 10s (custom)
2019-06-13 11:55:05,106 INFO  server.RaftServerConfigKeys (ConfUtils.java:logGet(43)) - raft.server.log.use.memory = false (default)
2019-06-13 11:55:05,106 INFO  server.RaftServerConfigKeys (ConfUtils.java:logGet(43)) - raft.server.log.appender.buffer.byte-limit = 33554432 (custom)
2019-06-13 11:55:05,106 INFO  server.RaftServerConfigKeys (ConfUtils.java:logGet(43)) - raft.server.log.segment.size.max = 16384 (custom)
2019-06-13 11:55:05,106 INFO  server.RaftServerConfigKeys (ConfUtils.java:logGet(43)) - raft.server.log.segment.cache.num.max = 2 (custom)
2019-06-13 11:55:05,106 INFO  storage.RaftLogWorker (RaftLogWorker.java:<init>(123)) - new a335b2d1-89b2-427a-915f-5d5bd245c3a9-RaftLogWorker for Storage Directory /opt/src/hadoop-ozone/integration-test/target/test-dir/MiniOzoneClusterImpl-7f754a10-c83b-4ff5-b04e-87c1b0fa0a06/datanode-4/data/ratis/b0141111-640b-48b0-b45d-d2fa49de94c1
2019-06-13 11:55:05,106 INFO  server.RaftServerConfigKeys (ConfUtils.java:logGet(43)) - raft.server.log.queue.byte-limit = 2147483647 (custom)
2019-06-13 11:55:05,106 INFO  server.RaftServerConfigKeys (ConfUtils.java:logGet(43)) - raft.server.log.queue.element-limit = 1024 (custom)
2019-06-13 11:55:05,106 INFO  server.RaftServerConfigKeys (ConfUtils.java:logGet(43)) - raft.server.log.segment.size.max = 16384 (custom)
2019-06-13 11:55:05,106 INFO  server.RaftServerConfigKeys (ConfUtils.java:logGet(43)) - raft.server.log.preallocated.size = 16384 (custom)
2019-06-13 11:55:05,106 INFO  server.RaftServerConfigKeys (ConfUtils.java:logGet(43)) - raft.server.log.write.buffer.size = 33554432 (custom)
2019-06-13 11:55:05,107 INFO  server.RaftServerConfigKeys (ConfUtils.java:logGet(43)) - raft.server.log.force.sync.num = 128 (default)
2019-06-13 11:55:05,107 INFO  server.RaftServerConfigKeys (ConfUtils.java:logGet(43)) - raft.server.log.statemachine.data.sync = true (default)
2019-06-13 11:55:05,107 INFO  server.RaftServerConfigKeys (ConfUtils.java:logGet(43)) - raft.server.log.statemachine.data.sync.timeout = 10s (default)
2019-06-13 11:55:05,107 INFO  server.RaftServerConfigKeys (ConfUtils.java:logGet(43)) - raft.server.log.statemachine.data.sync.timeout.retry = -1 (default)
2019-06-13 11:55:05,107 INFO  server.RaftServerConfigKeys (ConfUtils.java:logGet(43)) - raft.server.log.statemachine.data.caching.enabled = true (custom)
2019-06-13 11:55:05,106 INFO  server.RaftServerConfigKeys (ConfUtils.java:logGet(43)) - raft.server.snapshot.auto.trigger.enabled = true (custom)
2019-06-13 11:55:05,107 INFO  server.RaftServerConfigKeys (ConfUtils.java:logGet(43)) - raft.server.snapshot.auto.trigger.enabled = true (custom)
2019-06-13 11:55:05,106 INFO  storage.RaftStorage (RaftStorage.java:format(75)) - Storage directory /opt/src/hadoop-ozone/integration-test/target/test-dir/MiniOzoneClusterImpl-7f754a10-c83b-4ff5-b04e-87c1b0fa0a06/datanode-5/data/ratis/b0141111-640b-48b0-b45d-d2fa49de94c1 has been successfully formatted.
2019-06-13 11:55:05,107 INFO  server.RaftServerConfigKeys (ConfUtils.java:logGet(43)) - raft.server.snapshot.auto.trigger.threshold = 10000 (custom)
2019-06-13 11:55:05,107 INFO  server.RaftServerConfigKeys (ConfUtils.java:logGet(43)) - raft.server.snapshot.auto.trigger.threshold = 10000 (custom)
2019-06-13 11:55:05,108 INFO  server.RaftServerConfigKeys (ConfUtils.java:logGet(43)) - raft.server.retrycache.expirytime = 600000ms (custom)
2019-06-13 11:55:05,107 INFO  ratis.ContainerStateMachine (ContainerStateMachine.java:loadSnapshot(199)) - The snapshot info is null.Setting the last applied index to:(t:0, i:~)
2019-06-13 11:55:05,108 INFO  server.RaftServerConfigKeys (ConfUtils.java:logGet(43)) - raft.server.retrycache.expirytime = 600000ms (custom)
2019-06-13 11:55:05,108 INFO  server.RaftServerConfigKeys (ConfUtils.java:logGet(43)) - raft.server.leader.election.timeout = 10s (custom)
2019-06-13 11:55:05,108 INFO  impl.RaftServerImpl (RaftServerImpl.java:start(173)) - a335b2d1-89b2-427a-915f-5d5bd245c3a9: start group-D2FA49DE94C1
2019-06-13 11:55:05,108 INFO  server.RaftServerConfigKeys (ConfUtils.java:logGet(43)) - raft.server.log.use.memory = false (default)
2019-06-13 11:55:05,108 INFO  impl.RaftServerImpl (RaftServerImpl.java:start(173)) - 074c7ef2-98a0-434e-9e19-b8e2de364de7: start group-D2FA49DE94C1
2019-06-13 11:55:05,108 INFO  impl.RaftServerImpl (RaftServerImpl.java:setRole(164)) - 074c7ef2-98a0-434e-9e19-b8e2de364de7:group-D2FA49DE94C1 changes role from null to FOLLOWER at term 0 for startAsFollower
2019-06-13 11:55:05,108 INFO  impl.RoleInfo (RoleInfo.java:updateAndGet(143)) - 074c7ef2-98a0-434e-9e19-b8e2de364de7: start FollowerState
2019-06-13 11:55:05,108 INFO  server.RaftServerConfigKeys (ConfUtils.java:logGet(43)) - raft.server.log.appender.buffer.byte-limit = 33554432 (custom)
2019-06-13 11:55:05,108 INFO  impl.RaftServerImpl (RaftServerImpl.java:setRole(164)) - a335b2d1-89b2-427a-915f-5d5bd245c3a9:group-D2FA49DE94C1 changes role from null to FOLLOWER at term 0 for startAsFollower
2019-06-13 11:55:05,109 INFO  util.JmxRegister (JmxRegister.java:tryRegister(44)) - Successfully registered JMX Bean with object name Ratis:service=RaftServer,group=group-D2FA49DE94C1,id=074c7ef2-98a0-434e-9e19-b8e2de364de7
2019-06-13 11:55:05,109 INFO  server.RaftServerConfigKeys (ConfUtils.java:logGet(43)) - raft.server.log.segment.size.max = 16384 (custom)
2019-06-13 11:55:05,109 INFO  impl.RoleInfo (RoleInfo.java:updateAndGet(143)) - a335b2d1-89b2-427a-915f-5d5bd245c3a9: start FollowerState
2019-06-13 11:55:05,109 INFO  server.RaftServerConfigKeys (ConfUtils.java:logGet(43)) - raft.server.log.segment.cache.num.max = 2 (custom)
2019-06-13 11:55:05,109 INFO  storage.RaftLogWorker (RaftLogWorker.java:<init>(123)) - new cfb43bf0-9dcc-420d-8b46-1b76b4b10a41-RaftLogWorker for Storage Directory /opt/src/hadoop-ozone/integration-test/target/test-dir/MiniOzoneClusterImpl-7f754a10-c83b-4ff5-b04e-87c1b0fa0a06/datanode-5/data/ratis/b0141111-640b-48b0-b45d-d2fa49de94c1
2019-06-13 11:55:05,109 INFO  server.RaftServerConfigKeys (ConfUtils.java:logGet(43)) - raft.server.log.queue.byte-limit = 2147483647 (custom)
2019-06-13 11:55:05,109 INFO  server.RaftServerConfigKeys (ConfUtils.java:logGet(43)) - raft.server.log.queue.element-limit = 1024 (custom)
2019-06-13 11:55:05,109 INFO  server.RaftServerConfigKeys (ConfUtils.java:logGet(43)) - raft.server.log.segment.size.max = 16384 (custom)
2019-06-13 11:55:05,109 INFO  server.RaftServerConfigKeys (ConfUtils.java:logGet(43)) - raft.server.log.preallocated.size = 16384 (custom)
2019-06-13 11:55:05,110 INFO  server.RaftServerConfigKeys (ConfUtils.java:logGet(43)) - raft.server.log.write.buffer.size = 33554432 (custom)
2019-06-13 11:55:05,110 INFO  server.RaftServerConfigKeys (ConfUtils.java:logGet(43)) - raft.server.log.force.sync.num = 128 (default)
2019-06-13 11:55:05,110 INFO  server.RaftServerConfigKeys (ConfUtils.java:logGet(43)) - raft.server.log.statemachine.data.sync = true (default)
2019-06-13 11:55:05,110 INFO  server.RaftServerConfigKeys (ConfUtils.java:logGet(43)) - raft.server.log.statemachine.data.sync.timeout = 10s (default)
2019-06-13 11:55:05,110 INFO  server.RaftServerConfigKeys (ConfUtils.java:logGet(43)) - raft.server.log.statemachine.data.sync.timeout.retry = -1 (default)
2019-06-13 11:55:05,111 INFO  server.RaftServerConfigKeys (ConfUtils.java:logGet(43)) - raft.server.log.statemachine.data.caching.enabled = true (custom)
2019-06-13 11:55:05,109 INFO  util.JmxRegister (JmxRegister.java:tryRegister(44)) - Successfully registered JMX Bean with object name Ratis:service=RaftServer,group=group-D2FA49DE94C1,id=a335b2d1-89b2-427a-915f-5d5bd245c3a9
2019-06-13 11:55:05,119 INFO  server.RaftServerConfigKeys (ConfUtils.java:logGet(43)) - raft.server.snapshot.auto.trigger.enabled = true (custom)
2019-06-13 11:55:05,119 INFO  server.RaftServerConfigKeys (ConfUtils.java:logGet(43)) - raft.server.snapshot.auto.trigger.threshold = 10000 (custom)
2019-06-13 11:55:05,120 INFO  server.RaftServerConfigKeys (ConfUtils.java:logGet(43)) - raft.server.retrycache.expirytime = 600000ms (custom)
2019-06-13 11:55:05,120 INFO  impl.RaftServerImpl (RaftServerImpl.java:start(173)) - cfb43bf0-9dcc-420d-8b46-1b76b4b10a41: start group-D2FA49DE94C1
2019-06-13 11:55:05,121 INFO  impl.RaftServerImpl (RaftServerImpl.java:setRole(164)) - cfb43bf0-9dcc-420d-8b46-1b76b4b10a41:group-D2FA49DE94C1 changes role from null to FOLLOWER at term 0 for startAsFollower
2019-06-13 11:55:05,121 INFO  impl.RoleInfo (RoleInfo.java:updateAndGet(143)) - cfb43bf0-9dcc-420d-8b46-1b76b4b10a41: start FollowerState
2019-06-13 11:55:05,121 INFO  util.JmxRegister (JmxRegister.java:tryRegister(44)) - Successfully registered JMX Bean with object name Ratis:service=RaftServer,group=group-D2FA49DE94C1,id=cfb43bf0-9dcc-420d-8b46-1b76b4b10a41
2019-06-13 11:55:05,131 INFO  pipeline.PipelineStateManager (PipelineStateManager.java:addPipeline(56)) - Created pipeline Pipeline[ Id: b0141111-640b-48b0-b45d-d2fa49de94c1, Nodes: a335b2d1-89b2-427a-915f-5d5bd245c3a9{ip: 192.168.46.58, host: ozone-nffxw-186015654, networkLocation: /default-rack, certSerialId: null}cfb43bf0-9dcc-420d-8b46-1b76b4b10a41{ip: 192.168.46.58, host: ozone-nffxw-186015654, networkLocation: /default-rack, certSerialId: null}074c7ef2-98a0-434e-9e19-b8e2de364de7{ip: 192.168.46.58, host: ozone-nffxw-186015654, networkLocation: /default-rack, certSerialId: null}, Type:RATIS, Factor:THREE, State:OPEN]
2019-06-13 11:55:05,595 INFO  impl.FollowerState (FollowerState.java:run(101)) - 379af20f-2e24-4b89-be9d-6476cdae7aa5:group-B37436A25E85 changes to CANDIDATE, lastRpcTime:1071, electionTimeout:1071ms
2019-06-13 11:55:05,595 INFO  impl.RoleInfo (RoleInfo.java:shutdownFollowerState(121)) - 379af20f-2e24-4b89-be9d-6476cdae7aa5: shutdown FollowerState
2019-06-13 11:55:05,595 INFO  impl.RaftServerImpl (RaftServerImpl.java:setRole(164)) - 379af20f-2e24-4b89-be9d-6476cdae7aa5:group-B37436A25E85 changes role from FOLLOWER to CANDIDATE at term 0 for changeToCandidate
2019-06-13 11:55:05,597 INFO  impl.RoleInfo (RoleInfo.java:updateAndGet(143)) - 379af20f-2e24-4b89-be9d-6476cdae7aa5: start LeaderElection
2019-06-13 11:55:05,603 INFO  impl.LeaderElection (LeaderElection.java:askForVotes(181)) - 379af20f-2e24-4b89-be9d-6476cdae7aa5:group-B37436A25E85:LeaderElection1: begin an election at term 1 for -1: [379af20f-2e24-4b89-be9d-6476cdae7aa5:192.168.46.58:41827], old=null
2019-06-13 11:55:05,605 INFO  impl.RoleInfo (RoleInfo.java:shutdownLeaderElection(134)) - 379af20f-2e24-4b89-be9d-6476cdae7aa5: shutdown LeaderElection
2019-06-13 11:55:05,605 INFO  impl.RaftServerImpl (RaftServerImpl.java:setRole(164)) - 379af20f-2e24-4b89-be9d-6476cdae7aa5:group-B37436A25E85 changes role from CANDIDATE to LEADER at term 1 for changeToLeader
2019-06-13 11:55:05,605 INFO  impl.RaftServerImpl (ServerState.java:setLeader(263)) - 379af20f-2e24-4b89-be9d-6476cdae7aa5:group-B37436A25E85 change Leader from null to 379af20f-2e24-4b89-be9d-6476cdae7aa5 at term 1 for becomeLeader, leader elected after 1229ms
2019-06-13 11:55:05,610 INFO  server.RaftServerConfigKeys (ConfUtils.java:logGet(43)) - raft.server.staging.catchup.gap = 1000 (default)
2019-06-13 11:55:05,610 INFO  server.RaftServerConfigKeys (ConfUtils.java:logGet(43)) - raft.server.rpc.sleep.time = 25ms (default)
2019-06-13 11:55:05,613 INFO  server.RaftServerConfigKeys (ConfUtils.java:logGet(43)) - raft.server.watch.timeout = 10s (default)
2019-06-13 11:55:05,613 INFO  server.RaftServerConfigKeys (ConfUtils.java:logGet(43)) - raft.server.watch.timeout.denomination = 1s (default)
2019-06-13 11:55:05,619 INFO  impl.RoleInfo (RoleInfo.java:updateAndGet(143)) - 379af20f-2e24-4b89-be9d-6476cdae7aa5: start LeaderState
2019-06-13 11:55:05,637 INFO  storage.RaftLogWorker (RaftLogWorker.java:startLogSegment(298)) - 379af20f-2e24-4b89-be9d-6476cdae7aa5-RaftLogWorker: Starting segment from index:0
2019-06-13 11:55:05,645 INFO  impl.RaftServerImpl (ServerState.java:setRaftConf(361)) - 379af20f-2e24-4b89-be9d-6476cdae7aa5:group-B37436A25E85 set configuration 0: [379af20f-2e24-4b89-be9d-6476cdae7aa5:192.168.46.58:41827], old=null at 0
2019-06-13 11:55:05,713 INFO  impl.FollowerState (FollowerState.java:run(101)) - 6fb66f77-4e6c-40d9-a1d6-af3a9c003036:group-19C3B6E2816B changes to CANDIDATE, lastRpcTime:1115, electionTimeout:1114ms
2019-06-13 11:55:05,714 INFO  impl.RoleInfo (RoleInfo.java:shutdownFollowerState(121)) - 6fb66f77-4e6c-40d9-a1d6-af3a9c003036: shutdown FollowerState
2019-06-13 11:55:05,714 INFO  impl.RaftServerImpl (RaftServerImpl.java:setRole(164)) - 6fb66f77-4e6c-40d9-a1d6-af3a9c003036:group-19C3B6E2816B changes role from FOLLOWER to CANDIDATE at term 0 for changeToCandidate
2019-06-13 11:55:05,714 INFO  impl.RoleInfo (RoleInfo.java:updateAndGet(143)) - 6fb66f77-4e6c-40d9-a1d6-af3a9c003036: start LeaderElection
2019-06-13 11:55:05,720 INFO  impl.LeaderElection (LeaderElection.java:askForVotes(181)) - 6fb66f77-4e6c-40d9-a1d6-af3a9c003036:group-19C3B6E2816B:LeaderElection2: begin an election at term 1 for -1: [6fb66f77-4e6c-40d9-a1d6-af3a9c003036:192.168.46.58:46297], old=null
2019-06-13 11:55:05,720 INFO  impl.RoleInfo (RoleInfo.java:shutdownLeaderElection(134)) - 6fb66f77-4e6c-40d9-a1d6-af3a9c003036: shutdown LeaderElection
2019-06-13 11:55:05,721 INFO  impl.RaftServerImpl (RaftServerImpl.java:setRole(164)) - 6fb66f77-4e6c-40d9-a1d6-af3a9c003036:group-19C3B6E2816B changes role from CANDIDATE to LEADER at term 1 for changeToLeader
2019-06-13 11:55:05,721 INFO  impl.RaftServerImpl (ServerState.java:setLeader(263)) - 6fb66f77-4e6c-40d9-a1d6-af3a9c003036:group-19C3B6E2816B change Leader from null to 6fb66f77-4e6c-40d9-a1d6-af3a9c003036 at term 1 for becomeLeader, leader elected after 1126ms
2019-06-13 11:55:05,721 INFO  server.RaftServerConfigKeys (ConfUtils.java:logGet(43)) - raft.server.staging.catchup.gap = 1000 (default)
2019-06-13 11:55:05,721 INFO  server.RaftServerConfigKeys (ConfUtils.java:logGet(43)) - raft.server.rpc.sleep.time = 25ms (default)
2019-06-13 11:55:05,722 INFO  server.RaftServerConfigKeys (ConfUtils.java:logGet(43)) - raft.server.watch.timeout = 10s (default)
2019-06-13 11:55:05,722 INFO  server.RaftServerConfigKeys (ConfUtils.java:logGet(43)) - raft.server.watch.timeout.denomination = 1s (default)
2019-06-13 11:55:05,722 INFO  impl.RoleInfo (RoleInfo.java:updateAndGet(143)) - 6fb66f77-4e6c-40d9-a1d6-af3a9c003036: start LeaderState
2019-06-13 11:55:05,722 INFO  storage.RaftLogWorker (RaftLogWorker.java:startLogSegment(298)) - 6fb66f77-4e6c-40d9-a1d6-af3a9c003036-RaftLogWorker: Starting segment from index:0
2019-06-13 11:55:05,722 INFO  impl.RaftServerImpl (ServerState.java:setRaftConf(361)) - 6fb66f77-4e6c-40d9-a1d6-af3a9c003036:group-19C3B6E2816B set configuration 0: [6fb66f77-4e6c-40d9-a1d6-af3a9c003036:192.168.46.58:46297], old=null at 0
2019-06-13 11:55:05,787 INFO  storage.RaftLogWorker (RaftLogWorker.java:execute(469)) - 379af20f-2e24-4b89-be9d-6476cdae7aa5-RaftLogWorker: created new log segment /opt/src/hadoop-ozone/integration-test/target/test-dir/MiniOzoneClusterImpl-7f754a10-c83b-4ff5-b04e-87c1b0fa0a06/datanode-0/data/ratis/6b7df82f-c32e-4f4d-a1eb-b37436a25e85/current/log_inprogress_0
2019-06-13 11:55:05,787 INFO  storage.RaftLogWorker (RaftLogWorker.java:execute(469)) - 6fb66f77-4e6c-40d9-a1d6-af3a9c003036-RaftLogWorker: created new log segment /opt/src/hadoop-ozone/integration-test/target/test-dir/MiniOzoneClusterImpl-7f754a10-c83b-4ff5-b04e-87c1b0fa0a06/datanode-2/data/ratis/99a8fba1-112a-4c0d-b5a3-19c3b6e2816b/current/log_inprogress_0
2019-06-13 11:55:05,820 INFO  impl.FollowerState (FollowerState.java:run(101)) - b49dc9ab-1a84-4a23-b40e-05d381bbb6f8:group-0747FAD4EA4D changes to CANDIDATE, lastRpcTime:1092, electionTimeout:1092ms
2019-06-13 11:55:05,820 INFO  impl.RoleInfo (RoleInfo.java:shutdownFollowerState(121)) - b49dc9ab-1a84-4a23-b40e-05d381bbb6f8: shutdown FollowerState
2019-06-13 11:55:05,820 INFO  impl.RaftServerImpl (RaftServerImpl.java:setRole(164)) - b49dc9ab-1a84-4a23-b40e-05d381bbb6f8:group-0747FAD4EA4D changes role from FOLLOWER to CANDIDATE at term 0 for changeToCandidate
2019-06-13 11:55:05,820 INFO  impl.RoleInfo (RoleInfo.java:updateAndGet(143)) - b49dc9ab-1a84-4a23-b40e-05d381bbb6f8: start LeaderElection
2019-06-13 11:55:05,825 INFO  impl.LeaderElection (LeaderElection.java:askForVotes(181)) - b49dc9ab-1a84-4a23-b40e-05d381bbb6f8:group-0747FAD4EA4D:LeaderElection3: begin an election at term 1 for -1: [b49dc9ab-1a84-4a23-b40e-05d381bbb6f8:192.168.46.58:35009, 379af20f-2e24-4b89-be9d-6476cdae7aa5:192.168.46.58:41827, 6fb66f77-4e6c-40d9-a1d6-af3a9c003036:192.168.46.58:46297], old=null
2019-06-13 11:55:05,839 INFO  impl.FollowerState (FollowerState.java:run(101)) - 379af20f-2e24-4b89-be9d-6476cdae7aa5:group-0747FAD4EA4D changes to CANDIDATE, lastRpcTime:1120, electionTimeout:1120ms
2019-06-13 11:55:05,839 INFO  impl.RoleInfo (RoleInfo.java:shutdownFollowerState(121)) - 379af20f-2e24-4b89-be9d-6476cdae7aa5: shutdown FollowerState
2019-06-13 11:55:05,839 INFO  impl.RaftServerImpl (RaftServerImpl.java:setRole(164)) - 379af20f-2e24-4b89-be9d-6476cdae7aa5:group-0747FAD4EA4D changes role from FOLLOWER to CANDIDATE at term 0 for changeToCandidate
2019-06-13 11:55:05,839 INFO  impl.RoleInfo (RoleInfo.java:updateAndGet(143)) - 379af20f-2e24-4b89-be9d-6476cdae7aa5: start LeaderElection
2019-06-13 11:55:05,844 INFO  impl.FollowerState (FollowerState.java:run(101)) - b49dc9ab-1a84-4a23-b40e-05d381bbb6f8:group-993CACC0E166 changes to CANDIDATE, lastRpcTime:1189, electionTimeout:1188ms
2019-06-13 11:55:05,844 INFO  impl.RoleInfo (RoleInfo.java:shutdownFollowerState(121)) - b49dc9ab-1a84-4a23-b40e-05d381bbb6f8: shutdown FollowerState
2019-06-13 11:55:05,844 INFO  impl.RaftServerImpl (RaftServerImpl.java:setRole(164)) - b49dc9ab-1a84-4a23-b40e-05d381bbb6f8:group-993CACC0E166 changes role from FOLLOWER to CANDIDATE at term 0 for changeToCandidate
2019-06-13 11:55:05,844 INFO  impl.RoleInfo (RoleInfo.java:updateAndGet(143)) - b49dc9ab-1a84-4a23-b40e-05d381bbb6f8: start LeaderElection
2019-06-13 11:55:05,847 INFO  impl.LeaderElection (LeaderElection.java:askForVotes(181)) - 379af20f-2e24-4b89-be9d-6476cdae7aa5:group-0747FAD4EA4D:LeaderElection4: begin an election at term 1 for -1: [b49dc9ab-1a84-4a23-b40e-05d381bbb6f8:192.168.46.58:35009, 379af20f-2e24-4b89-be9d-6476cdae7aa5:192.168.46.58:41827, 6fb66f77-4e6c-40d9-a1d6-af3a9c003036:192.168.46.58:46297], old=null
2019-06-13 11:55:05,847 INFO  impl.RaftServerImpl (RaftServerImpl.java:setRole(164)) - 6fb66f77-4e6c-40d9-a1d6-af3a9c003036:group-0747FAD4EA4D changes role from FOLLOWER to FOLLOWER at term 1 for recognizeCandidate:b49dc9ab-1a84-4a23-b40e-05d381bbb6f8
2019-06-13 11:55:05,847 INFO  impl.RoleInfo (RoleInfo.java:shutdownFollowerState(121)) - 6fb66f77-4e6c-40d9-a1d6-af3a9c003036: shutdown FollowerState
2019-06-13 11:55:05,854 INFO  impl.RoleInfo (RoleInfo.java:updateAndGet(143)) - 6fb66f77-4e6c-40d9-a1d6-af3a9c003036: start FollowerState
2019-06-13 11:55:05,854 INFO  impl.FollowerState (FollowerState.java:run(109)) - 6fb66f77-4e6c-40d9-a1d6-af3a9c003036: FollowerState was interrupted: java.lang.InterruptedException: sleep interrupted
2019-06-13 11:55:05,857 INFO  impl.LeaderElection (LeaderElection.java:askForVotes(181)) - b49dc9ab-1a84-4a23-b40e-05d381bbb6f8:group-993CACC0E166:LeaderElection5: begin an election at term 1 for -1: [b49dc9ab-1a84-4a23-b40e-05d381bbb6f8:192.168.46.58:35009], old=null
2019-06-13 11:55:05,857 INFO  impl.RoleInfo (RoleInfo.java:shutdownLeaderElection(134)) - b49dc9ab-1a84-4a23-b40e-05d381bbb6f8: shutdown LeaderElection
2019-06-13 11:55:05,857 INFO  impl.RaftServerImpl (RaftServerImpl.java:setRole(164)) - b49dc9ab-1a84-4a23-b40e-05d381bbb6f8:group-993CACC0E166 changes role from CANDIDATE to LEADER at term 1 for changeToLeader
2019-06-13 11:55:05,857 INFO  impl.RaftServerImpl (ServerState.java:setLeader(263)) - b49dc9ab-1a84-4a23-b40e-05d381bbb6f8:group-993CACC0E166 change Leader from null to b49dc9ab-1a84-4a23-b40e-05d381bbb6f8 at term 1 for becomeLeader, leader elected after 1205ms
2019-06-13 11:55:05,857 INFO  server.RaftServerConfigKeys (ConfUtils.java:logGet(43)) - raft.server.staging.catchup.gap = 1000 (default)
2019-06-13 11:55:05,857 INFO  server.RaftServerConfigKeys (ConfUtils.java:logGet(43)) - raft.server.rpc.sleep.time = 25ms (default)
2019-06-13 11:55:05,857 INFO  server.RaftServerConfigKeys (ConfUtils.java:logGet(43)) - raft.server.watch.timeout = 10s (default)
2019-06-13 11:55:05,857 INFO  server.RaftServerConfigKeys (ConfUtils.java:logGet(43)) - raft.server.watch.timeout.denomination = 1s (default)
2019-06-13 11:55:05,857 INFO  impl.RoleInfo (RoleInfo.java:updateAndGet(143)) - b49dc9ab-1a84-4a23-b40e-05d381bbb6f8: start LeaderState
2019-06-13 11:55:05,857 INFO  storage.RaftLogWorker (RaftLogWorker.java:startLogSegment(298)) - b49dc9ab-1a84-4a23-b40e-05d381bbb6f8-RaftLogWorker: Starting segment from index:0
2019-06-13 11:55:05,861 INFO  impl.RaftServerImpl (ServerState.java:setRaftConf(361)) - b49dc9ab-1a84-4a23-b40e-05d381bbb6f8:group-993CACC0E166 set configuration 0: [b49dc9ab-1a84-4a23-b40e-05d381bbb6f8:192.168.46.58:35009], old=null at 0
2019-06-13 11:55:05,899 INFO  impl.FollowerState (FollowerState.java:run(101)) - 074c7ef2-98a0-434e-9e19-b8e2de364de7:group-017C3E0DA655 changes to CANDIDATE, lastRpcTime:1111, electionTimeout:1095ms
2019-06-13 11:55:05,899 INFO  impl.RoleInfo (RoleInfo.java:shutdownFollowerState(121)) - 074c7ef2-98a0-434e-9e19-b8e2de364de7: shutdown FollowerState
2019-06-13 11:55:05,899 INFO  impl.RaftServerImpl (RaftServerImpl.java:setRole(164)) - 074c7ef2-98a0-434e-9e19-b8e2de364de7:group-017C3E0DA655 changes role from FOLLOWER to CANDIDATE at term 0 for changeToCandidate
2019-06-13 11:55:05,899 INFO  impl.RoleInfo (RoleInfo.java:updateAndGet(143)) - 074c7ef2-98a0-434e-9e19-b8e2de364de7: start LeaderElection
2019-06-13 11:55:05,904 INFO  storage.RaftLogWorker (RaftLogWorker.java:execute(469)) - b49dc9ab-1a84-4a23-b40e-05d381bbb6f8-RaftLogWorker: created new log segment /opt/src/hadoop-ozone/integration-test/target/test-dir/MiniOzoneClusterImpl-7f754a10-c83b-4ff5-b04e-87c1b0fa0a06/datanode-1/data/ratis/4fe29007-a584-4d73-932d-993cacc0e166/current/log_inprogress_0
2019-06-13 11:55:05,911 INFO  impl.LeaderElection (LeaderElection.java:askForVotes(181)) - 074c7ef2-98a0-434e-9e19-b8e2de364de7:group-017C3E0DA655:LeaderElection6: begin an election at term 1 for -1: [074c7ef2-98a0-434e-9e19-b8e2de364de7:192.168.46.58:33479], old=null
2019-06-13 11:55:05,911 INFO  impl.RoleInfo (RoleInfo.java:shutdownLeaderElection(134)) - 074c7ef2-98a0-434e-9e19-b8e2de364de7: shutdown LeaderElection
2019-06-13 11:55:05,911 INFO  impl.RaftServerImpl (RaftServerImpl.java:setRole(164)) - 074c7ef2-98a0-434e-9e19-b8e2de364de7:group-017C3E0DA655 changes role from CANDIDATE to LEADER at term 1 for changeToLeader
2019-06-13 11:55:05,911 INFO  impl.RaftServerImpl (ServerState.java:setLeader(263)) - 074c7ef2-98a0-434e-9e19-b8e2de364de7:group-017C3E0DA655 change Leader from null to 074c7ef2-98a0-434e-9e19-b8e2de364de7 at term 1 for becomeLeader, leader elected after 1145ms
2019-06-13 11:55:05,912 INFO  server.RaftServerConfigKeys (ConfUtils.java:logGet(43)) - raft.server.staging.catchup.gap = 1000 (default)
2019-06-13 11:55:05,912 INFO  server.RaftServerConfigKeys (ConfUtils.java:logGet(43)) - raft.server.rpc.sleep.time = 25ms (default)
2019-06-13 11:55:05,913 INFO  server.RaftServerConfigKeys (ConfUtils.java:logGet(43)) - raft.server.watch.timeout = 10s (default)
2019-06-13 11:55:05,913 INFO  server.RaftServerConfigKeys (ConfUtils.java:logGet(43)) - raft.server.watch.timeout.denomination = 1s (default)
2019-06-13 11:55:05,913 INFO  impl.RoleInfo (RoleInfo.java:updateAndGet(143)) - 074c7ef2-98a0-434e-9e19-b8e2de364de7: start LeaderState
2019-06-13 11:55:05,913 INFO  storage.RaftLogWorker (RaftLogWorker.java:startLogSegment(298)) - 074c7ef2-98a0-434e-9e19-b8e2de364de7-RaftLogWorker: Starting segment from index:0
2019-06-13 11:55:05,913 INFO  impl.LeaderElection (LeaderElection.java:logAndReturn(56)) - b49dc9ab-1a84-4a23-b40e-05d381bbb6f8:group-0747FAD4EA4D:LeaderElection3: Election PASSED; received 2 response(s) [b49dc9ab-1a84-4a23-b40e-05d381bbb6f8->379af20f-2e24-4b89-be9d-6476cdae7aa5,false-t1, b49dc9ab-1a84-4a23-b40e-05d381bbb6f8->6fb66f77-4e6c-40d9-a1d6-af3a9c003036,true-t1] and 0 exception(s); b49dc9ab-1a84-4a23-b40e-05d381bbb6f8:t1, leader=null, voted=b49dc9ab-1a84-4a23-b40e-05d381bbb6f8, raftlog=b49dc9ab-1a84-4a23-b40e-05d381bbb6f8-SegmentedRaftLog:OPENED:c-1,f-1,i0, conf=-1: [b49dc9ab-1a84-4a23-b40e-05d381bbb6f8:192.168.46.58:35009, 379af20f-2e24-4b89-be9d-6476cdae7aa5:192.168.46.58:41827, 6fb66f77-4e6c-40d9-a1d6-af3a9c003036:192.168.46.58:46297], old=null
2019-06-13 11:55:05,914 INFO  impl.RoleInfo (RoleInfo.java:shutdownLeaderElection(134)) - b49dc9ab-1a84-4a23-b40e-05d381bbb6f8: shutdown LeaderElection
2019-06-13 11:55:05,914 INFO  impl.RaftServerImpl (RaftServerImpl.java:setRole(164)) - b49dc9ab-1a84-4a23-b40e-05d381bbb6f8:group-0747FAD4EA4D changes role from CANDIDATE to LEADER at term 1 for changeToLeader
2019-06-13 11:55:05,914 INFO  impl.RaftServerImpl (ServerState.java:setLeader(263)) - b49dc9ab-1a84-4a23-b40e-05d381bbb6f8:group-0747FAD4EA4D change Leader from null to b49dc9ab-1a84-4a23-b40e-05d381bbb6f8 at term 1 for becomeLeader, leader elected after 1204ms
2019-06-13 11:55:05,914 INFO  server.RaftServerConfigKeys (ConfUtils.java:logGet(43)) - raft.server.staging.catchup.gap = 1000 (default)
2019-06-13 11:55:05,914 INFO  server.RaftServerConfigKeys (ConfUtils.java:logGet(43)) - raft.server.rpc.sleep.time = 25ms (default)
2019-06-13 11:55:05,914 INFO  server.RaftServerConfigKeys (ConfUtils.java:logGet(43)) - raft.server.watch.timeout = 10s (default)
2019-06-13 11:55:05,914 INFO  server.RaftServerConfigKeys (ConfUtils.java:logGet(43)) - raft.server.watch.timeout.denomination = 1s (default)
2019-06-13 11:55:05,933 INFO  server.RaftServerConfigKeys (ConfUtils.java:logGet(43)) - raft.server.log.appender.snapshot.chunk.size.max = 16MB (=16777216) (default)
2019-06-13 11:55:05,933 INFO  server.RaftServerConfigKeys (ConfUtils.java:logGet(43)) - raft.server.log.appender.buffer.byte-limit = 33554432 (custom)
2019-06-13 11:55:05,933 INFO  server.RaftServerConfigKeys (ConfUtils.java:logGet(43)) - raft.server.log.appender.buffer.element-limit = 1 (custom)
2019-06-13 11:55:05,935 INFO  grpc.GrpcConfigKeys$Server (ConfUtils.java:logGet(43)) - raft.grpc.server.leader.outstanding.appends.max = 128 (default)
2019-06-13 11:55:05,935 INFO  server.RaftServerConfigKeys (ConfUtils.java:logGet(43)) - raft.server.rpc.request.timeout = 3000ms (default)
2019-06-13 11:55:05,935 INFO  server.RaftServerConfigKeys (ConfUtils.java:logGet(43)) - raft.server.log.appender.install.snapshot.enabled = true (default)
2019-06-13 11:55:05,952 INFO  impl.FollowerState (FollowerState.java:run(101)) - a335b2d1-89b2-427a-915f-5d5bd245c3a9:group-7CB8A2A6A874 changes to CANDIDATE, lastRpcTime:1061, electionTimeout:1058ms
2019-06-13 11:55:05,954 INFO  server.RaftServerConfigKeys (ConfUtils.java:logGet(43)) - raft.server.log.appender.snapshot.chunk.size.max = 16MB (=16777216) (default)
2019-06-13 11:55:05,952 INFO  impl.RaftServerImpl (ServerState.java:setRaftConf(361)) - 074c7ef2-98a0-434e-9e19-b8e2de364de7:group-017C3E0DA655 set configuration 0: [074c7ef2-98a0-434e-9e19-b8e2de364de7:192.168.46.58:33479], old=null at 0
2019-06-13 11:55:05,954 INFO  server.RaftServerConfigKeys (ConfUtils.java:logGet(43)) - raft.server.log.appender.buffer.byte-limit = 33554432 (custom)
2019-06-13 11:55:05,954 INFO  server.RaftServerConfigKeys (ConfUtils.java:logGet(43)) - raft.server.log.appender.buffer.element-limit = 1 (custom)
2019-06-13 11:55:05,954 INFO  storage.RaftLogWorker (RaftLogWorker.java:execute(469)) - 074c7ef2-98a0-434e-9e19-b8e2de364de7-RaftLogWorker: created new log segment /opt/src/hadoop-ozone/integration-test/target/test-dir/MiniOzoneClusterImpl-7f754a10-c83b-4ff5-b04e-87c1b0fa0a06/datanode-3/data/ratis/83318032-53db-4b72-a7f4-017c3e0da655/current/log_inprogress_0
2019-06-13 11:55:05,954 INFO  impl.RoleInfo (RoleInfo.java:shutdownFollowerState(121)) - a335b2d1-89b2-427a-915f-5d5bd245c3a9: shutdown FollowerState
2019-06-13 11:55:05,956 INFO  impl.RaftServerImpl (RaftServerImpl.java:setRole(164)) - a335b2d1-89b2-427a-915f-5d5bd245c3a9:group-7CB8A2A6A874 changes role from FOLLOWER to CANDIDATE at term 0 for changeToCandidate
2019-06-13 11:55:05,956 INFO  impl.RoleInfo (RoleInfo.java:updateAndGet(143)) - a335b2d1-89b2-427a-915f-5d5bd245c3a9: start LeaderElection
2019-06-13 11:55:05,956 INFO  grpc.GrpcConfigKeys$Server (ConfUtils.java:logGet(43)) - raft.grpc.server.leader.outstanding.appends.max = 128 (default)
2019-06-13 11:55:05,958 INFO  server.RaftServerConfigKeys (ConfUtils.java:logGet(43)) - raft.server.rpc.request.timeout = 3000ms (default)
2019-06-13 11:55:05,958 INFO  server.RaftServerConfigKeys (ConfUtils.java:logGet(43)) - raft.server.log.appender.install.snapshot.enabled = true (default)
2019-06-13 11:55:05,958 INFO  impl.RoleInfo (RoleInfo.java:updateAndGet(143)) - b49dc9ab-1a84-4a23-b40e-05d381bbb6f8: start LeaderState
2019-06-13 11:55:05,958 INFO  storage.RaftLogWorker (RaftLogWorker.java:startLogSegment(298)) - b49dc9ab-1a84-4a23-b40e-05d381bbb6f8-RaftLogWorker: Starting segment from index:0
2019-06-13 11:55:05,961 INFO  impl.LeaderElection (LeaderElection.java:askForVotes(181)) - a335b2d1-89b2-427a-915f-5d5bd245c3a9:group-7CB8A2A6A874:LeaderElection7: begin an election at term 1 for -1: [a335b2d1-89b2-427a-915f-5d5bd245c3a9:192.168.46.58:43177], old=null
2019-06-13 11:55:05,962 INFO  impl.RoleInfo (RoleInfo.java:shutdownLeaderElection(134)) - a335b2d1-89b2-427a-915f-5d5bd245c3a9: shutdown LeaderElection
2019-06-13 11:55:05,962 INFO  impl.RaftServerImpl (RaftServerImpl.java:setRole(164)) - a335b2d1-89b2-427a-915f-5d5bd245c3a9:group-7CB8A2A6A874 changes role from CANDIDATE to LEADER at term 1 for changeToLeader
2019-06-13 11:55:05,962 INFO  impl.RaftServerImpl (ServerState.java:setLeader(263)) - a335b2d1-89b2-427a-915f-5d5bd245c3a9:group-7CB8A2A6A874 change Leader from null to a335b2d1-89b2-427a-915f-5d5bd245c3a9 at term 1 for becomeLeader, leader elected after 1073ms
2019-06-13 11:55:05,977 INFO  server.RaftServerConfigKeys (ConfUtils.java:logGet(43)) - raft.server.staging.catchup.gap = 1000 (default)
2019-06-13 11:55:05,977 INFO  server.RaftServerConfigKeys (ConfUtils.java:logGet(43)) - raft.server.rpc.sleep.time = 25ms (default)
2019-06-13 11:55:05,995 INFO  impl.RaftServerImpl (ServerState.java:setRaftConf(361)) - b49dc9ab-1a84-4a23-b40e-05d381bbb6f8:group-0747FAD4EA4D set configuration 0: [b49dc9ab-1a84-4a23-b40e-05d381bbb6f8:192.168.46.58:35009, 379af20f-2e24-4b89-be9d-6476cdae7aa5:192.168.46.58:41827, 6fb66f77-4e6c-40d9-a1d6-af3a9c003036:192.168.46.58:46297], old=null at 0
2019-06-13 11:55:05,997 INFO  server.RaftServerConfigKeys (ConfUtils.java:logGet(43)) - raft.server.watch.timeout = 10s (default)
2019-06-13 11:55:05,997 INFO  impl.RaftServerImpl (RaftServerImpl.java:requestVote(738)) - b49dc9ab-1a84-4a23-b40e-05d381bbb6f8-LEADER: Withhold vote from candidate 379af20f-2e24-4b89-be9d-6476cdae7aa5 with term 1. State: leader=b49dc9ab-1a84-4a23-b40e-05d381bbb6f8, term=1, lastRpcElapsed=null
2019-06-13 11:55:05,997 INFO  server.RaftServerConfigKeys (ConfUtils.java:logGet(43)) - raft.server.watch.timeout.denomination = 1s (default)
2019-06-13 11:55:05,997 INFO  impl.RoleInfo (RoleInfo.java:updateAndGet(143)) - a335b2d1-89b2-427a-915f-5d5bd245c3a9: start LeaderState
2019-06-13 11:55:05,997 INFO  storage.RaftLogWorker (RaftLogWorker.java:startLogSegment(298)) - a335b2d1-89b2-427a-915f-5d5bd245c3a9-RaftLogWorker: Starting segment from index:0
2019-06-13 11:55:05,999 INFO  storage.RaftLogWorker (RaftLogWorker.java:execute(469)) - b49dc9ab-1a84-4a23-b40e-05d381bbb6f8-RaftLogWorker: created new log segment /opt/src/hadoop-ozone/integration-test/target/test-dir/MiniOzoneClusterImpl-7f754a10-c83b-4ff5-b04e-87c1b0fa0a06/datanode-1/data/ratis/6cff011a-873f-4e3e-a5b0-0747fad4ea4d/current/log_inprogress_0
2019-06-13 11:55:06,022 INFO  impl.LeaderElection (LeaderElection.java:logAndReturn(56)) - 379af20f-2e24-4b89-be9d-6476cdae7aa5:group-0747FAD4EA4D:LeaderElection4: Election REJECTED; received 2 response(s) [379af20f-2e24-4b89-be9d-6476cdae7aa5->b49dc9ab-1a84-4a23-b40e-05d381bbb6f8,false-t1, 379af20f-2e24-4b89-be9d-6476cdae7aa5->6fb66f77-4e6c-40d9-a1d6-af3a9c003036,false-t1] and 0 exception(s); 379af20f-2e24-4b89-be9d-6476cdae7aa5:t1, leader=null, voted=379af20f-2e24-4b89-be9d-6476cdae7aa5, raftlog=379af20f-2e24-4b89-be9d-6476cdae7aa5-SegmentedRaftLog:OPENED:c-1,f-1,i0, conf=-1: [b49dc9ab-1a84-4a23-b40e-05d381bbb6f8:192.168.46.58:35009, 379af20f-2e24-4b89-be9d-6476cdae7aa5:192.168.46.58:41827, 6fb66f77-4e6c-40d9-a1d6-af3a9c003036:192.168.46.58:46297], old=null
2019-06-13 11:55:06,022 INFO  impl.RaftServerImpl (ServerState.java:setRaftConf(361)) - a335b2d1-89b2-427a-915f-5d5bd245c3a9:group-7CB8A2A6A874 set configuration 0: [a335b2d1-89b2-427a-915f-5d5bd245c3a9:192.168.46.58:43177], old=null at 0
2019-06-13 11:55:06,028 INFO  impl.RaftServerImpl (RaftServerImpl.java:setRole(164)) - 379af20f-2e24-4b89-be9d-6476cdae7aa5:group-0747FAD4EA4D changes role from CANDIDATE to FOLLOWER at term 1 for DISCOVERED_A_NEW_TERM
2019-06-13 11:55:06,029 INFO  impl.RoleInfo (RoleInfo.java:shutdownLeaderElection(134)) - 379af20f-2e24-4b89-be9d-6476cdae7aa5: shutdown LeaderElection
2019-06-13 11:55:06,029 INFO  impl.RoleInfo (RoleInfo.java:updateAndGet(143)) - 379af20f-2e24-4b89-be9d-6476cdae7aa5: start FollowerState
2019-06-13 11:55:06,036 INFO  ozone.MiniOzoneClusterImpl (MiniOzoneClusterImpl.java:lambda$waitForClusterToBeReady$0(142)) - Cluster is ready. Got 6 of 6 DN Heartbeats.
2019-06-13 11:55:06,040 INFO  impl.RaftServerImpl (ServerState.java:setLeader(263)) - 379af20f-2e24-4b89-be9d-6476cdae7aa5:group-0747FAD4EA4D change Leader from null to b49dc9ab-1a84-4a23-b40e-05d381bbb6f8 at term 1 for appendEntries, leader elected after 1333ms
2019-06-13 11:55:06,041 INFO  impl.RaftServerImpl (ServerState.java:setLeader(263)) - 6fb66f77-4e6c-40d9-a1d6-af3a9c003036:group-0747FAD4EA4D change Leader from null to b49dc9ab-1a84-4a23-b40e-05d381bbb6f8 at term 1 for appendEntries, leader elected after 1333ms
]]></system-out>
    <system-err><![CDATA[ERROR StatusLogger No Log4j 2 configuration file found. Using default configuration (logging only errors to the console), or user programmatically provided configurations. Set system property 'log4j2.debug' to show Log4j 2 internal initialization logging. See https://logging.apache.org/log4j/2.x/manual/configuration.html for instructions on how to configure Log4j 2
Jun 13, 2019 11:54:59 AM com.sun.jersey.server.impl.application.WebApplicationImpl _initiate
INFO: Initiating Jersey application, version 'Jersey: 1.19 02/11/2015 03:25 AM'
Jun 13, 2019 11:55:00 AM com.sun.jersey.server.impl.application.WebApplicationImpl _initiate
INFO: Initiating Jersey application, version 'Jersey: 1.19 02/11/2015 03:25 AM'
Jun 13, 2019 11:55:00 AM com.sun.jersey.server.impl.application.WebApplicationImpl _initiate
INFO: Initiating Jersey application, version 'Jersey: 1.19 02/11/2015 03:25 AM'
Jun 13, 2019 11:55:00 AM com.sun.jersey.server.impl.application.WebApplicationImpl _initiate
INFO: Initiating Jersey application, version 'Jersey: 1.19 02/11/2015 03:25 AM'
Jun 13, 2019 11:55:00 AM com.sun.jersey.server.impl.application.WebApplicationImpl _initiate
INFO: Initiating Jersey application, version 'Jersey: 1.19 02/11/2015 03:25 AM'
Jun 13, 2019 11:55:00 AM com.sun.jersey.server.impl.application.WebApplicationImpl _initiate
INFO: Initiating Jersey application, version 'Jersey: 1.19 02/11/2015 03:25 AM'
]]></system-err>
  </testcase>
</testsuite>