<?xml version="1.0" encoding="UTF-8"?>
<testsuite xmlns:xsi="http://www.w3.org/2001/XMLSchema-instance" xsi:noNamespaceSchemaLocation="https://maven.apache.org/surefire/maven-surefire-plugin/xsd/surefire-test-report.xsd" name="org.apache.hadoop.ozone.client.rpc.TestWatchForCommit" time="116.914" tests="6" errors="1" skipped="0" failures="0">
  <properties>
    <property name="awt.toolkit" value="sun.awt.X11.XToolkit"/>
    <property name="file.encoding.pkg" value="sun.io"/>
    <property name="java.specification.version" value="1.8"/>
    <property name="sun.cpu.isalist" value=""/>
    <property name="sun.jnu.encoding" value="UTF-8"/>
    <property name="java.class.path" value="/opt/src/hadoop-ozone/integration-test/target/test-classes:/opt/src/hadoop-ozone/integration-test/target/classes:/root/.m2/repository/org/apache/hadoop/hadoop-ozone-common/0.5.0-SNAPSHOT/hadoop-ozone-common-0.5.0-SNAPSHOT.jar:/root/.m2/repository/org/apache/commons/commons-compress/1.4.1/commons-compress-1.4.1.jar:/root/.m2/repository/org/tukaani/xz/1.0/xz-1.0.jar:/root/.m2/repository/org/apache/hadoop/hadoop-common/3.2.0/hadoop-common-3.2.0.jar:/root/.m2/repository/org/apache/hadoop/hadoop-hdfs/3.2.0/hadoop-hdfs-3.2.0.jar:/root/.m2/repository/org/apache/hadoop/hadoop-hdfs-client/3.2.0/hadoop-hdfs-client-3.2.0.jar:/root/.m2/repository/com/fasterxml/jackson/core/jackson-annotations/2.9.5/jackson-annotations-2.9.5.jar:/root/.m2/repository/org/apache/hadoop/hadoop-hdds-common/0.5.0-SNAPSHOT/hadoop-hdds-common-0.5.0-SNAPSHOT.jar:/root/.m2/repository/javax/annotation/javax.annotation-api/1.2/javax.annotation-api-1.2.jar:/root/.m2/repository/org/apache/ratis/ratis-server/0.4.0-fe2b15d-SNAPSHOT/ratis-server-0.4.0-fe2b15d-SNAPSHOT.jar:/root/.m2/repository/org/apache/ratis/ratis-thirdparty-misc/0.2.0/ratis-thirdparty-misc-0.2.0.jar:/root/.m2/repository/org/apache/ratis/ratis-proto/0.4.0-fe2b15d-SNAPSHOT/ratis-proto-0.4.0-fe2b15d-SNAPSHOT.jar:/root/.m2/repository/org/apache/ratis/ratis-common/0.4.0-fe2b15d-SNAPSHOT/ratis-common-0.4.0-fe2b15d-SNAPSHOT.jar:/root/.m2/repository/org/apache/ratis/ratis-client/0.4.0-fe2b15d-SNAPSHOT/ratis-client-0.4.0-fe2b15d-SNAPSHOT.jar:/root/.m2/repository/org/apache/ratis/ratis-netty/0.4.0-fe2b15d-SNAPSHOT/ratis-netty-0.4.0-fe2b15d-SNAPSHOT.jar:/root/.m2/repository/org/apache/ratis/ratis-grpc/0.4.0-fe2b15d-SNAPSHOT/ratis-grpc-0.4.0-fe2b15d-SNAPSHOT.jar:/root/.m2/repository/org/rocksdb/rocksdbjni/5.14.2/rocksdbjni-5.14.2.jar:/root/.m2/repository/org/apache/logging/log4j/log4j-api/2.11.0/log4j-api-2.11.0.jar:/root/.m2/repository/org/apache/logging/log4j/log4j-core/2.11.0/log4j-core-2.11.0.jar:/root/.m2/repository/com/lmax/disruptor/3.4.2/disruptor-3.4.2.jar:/root/.m2/repository/org/apache/commons/commons-pool2/2.6.0/commons-pool2-2.6.0.jar:/root/.m2/repository/org/bouncycastle/bcpkix-jdk15on/1.60/bcpkix-jdk15on-1.60.jar:/root/.m2/repository/commons-validator/commons-validator/1.6/commons-validator-1.6.jar:/root/.m2/repository/commons-digester/commons-digester/1.8.1/commons-digester-1.8.1.jar:/root/.m2/repository/io/jaegertracing/jaeger-client/0.33.1/jaeger-client-0.33.1.jar:/root/.m2/repository/io/jaegertracing/jaeger-thrift/0.33.1/jaeger-thrift-0.33.1.jar:/root/.m2/repository/org/apache/thrift/libthrift/0.11.0/libthrift-0.11.0.jar:/root/.m2/repository/com/squareup/okhttp3/okhttp/3.9.0/okhttp-3.9.0.jar:/root/.m2/repository/com/squareup/okio/okio/1.13.0/okio-1.13.0.jar:/root/.m2/repository/io/jaegertracing/jaeger-core/0.33.1/jaeger-core-0.33.1.jar:/root/.m2/repository/io/jaegertracing/jaeger-tracerresolver/0.33.1/jaeger-tracerresolver-0.33.1.jar:/root/.m2/repository/io/opentracing/contrib/opentracing-tracerresolver/0.1.5/opentracing-tracerresolver-0.1.5.jar:/root/.m2/repository/io/opentracing/opentracing-util/0.31.0/opentracing-util-0.31.0.jar:/root/.m2/repository/io/opentracing/opentracing-api/0.31.0/opentracing-api-0.31.0.jar:/root/.m2/repository/io/opentracing/opentracing-noop/0.31.0/opentracing-noop-0.31.0.jar:/root/.m2/repository/org/apache/hadoop/hadoop-hdds-server-framework/0.5.0-SNAPSHOT/hadoop-hdds-server-framework-0.5.0-SNAPSHOT.jar:/root/.m2/repository/org/apache/hadoop/hadoop-hdds-server-scm/0.5.0-SNAPSHOT/hadoop-hdds-server-scm-0.5.0-SNAPSHOT.jar:/root/.m2/repository/org/apache/hadoop/hadoop-hdds-container-service/0.5.0-SNAPSHOT/hadoop-hdds-container-service-0.5.0-SNAPSHOT.jar:/root/.m2/repository/org/apache/hadoop/hadoop-hdds-client/0.5.0-SNAPSHOT/hadoop-hdds-client-0.5.0-SNAPSHOT.jar:/root/.m2/repository/org/apache/hadoop/hadoop-hdds-tools/0.5.0-SNAPSHOT/hadoop-hdds-tools-0.5.0-SNAPSHOT.jar:/root/.m2/repository/org/apache/hadoop/hadoop-ozone-ozone-manager/0.5.0-SNAPSHOT/hadoop-ozone-ozone-manager-0.5.0-SNAPSHOT.jar:/root/.m2/repository/org/apache/hadoop/hadoop-hdds-docs/0.5.0-SNAPSHOT/hadoop-hdds-docs-0.5.0-SNAPSHOT.jar:/root/.m2/repository/org/bouncycastle/bcprov-jdk15on/1.60/bcprov-jdk15on-1.60.jar:/root/.m2/repository/org/apache/hadoop/hadoop-minikdc/3.2.0/hadoop-minikdc-3.2.0.jar:/root/.m2/repository/commons-io/commons-io/2.5/commons-io-2.5.jar:/root/.m2/repository/org/apache/kerby/kerb-simplekdc/1.0.1/kerb-simplekdc-1.0.1.jar:/root/.m2/repository/org/apache/kerby/kerb-client/1.0.1/kerb-client-1.0.1.jar:/root/.m2/repository/org/apache/kerby/kerby-config/1.0.1/kerby-config-1.0.1.jar:/root/.m2/repository/org/apache/kerby/kerb-core/1.0.1/kerb-core-1.0.1.jar:/root/.m2/repository/org/apache/kerby/kerby-pkix/1.0.1/kerby-pkix-1.0.1.jar:/root/.m2/repository/org/apache/kerby/kerby-asn1/1.0.1/kerby-asn1-1.0.1.jar:/root/.m2/repository/org/apache/kerby/kerby-util/1.0.1/kerby-util-1.0.1.jar:/root/.m2/repository/org/apache/kerby/kerb-common/1.0.1/kerb-common-1.0.1.jar:/root/.m2/repository/org/apache/kerby/kerb-crypto/1.0.1/kerb-crypto-1.0.1.jar:/root/.m2/repository/org/apache/kerby/kerb-util/1.0.1/kerb-util-1.0.1.jar:/root/.m2/repository/org/apache/kerby/token-provider/1.0.1/token-provider-1.0.1.jar:/root/.m2/repository/org/apache/kerby/kerb-admin/1.0.1/kerb-admin-1.0.1.jar:/root/.m2/repository/org/apache/kerby/kerb-server/1.0.1/kerb-server-1.0.1.jar:/root/.m2/repository/org/apache/kerby/kerb-identity/1.0.1/kerb-identity-1.0.1.jar:/root/.m2/repository/org/apache/kerby/kerby-xdr/1.0.1/kerby-xdr-1.0.1.jar:/root/.m2/repository/org/slf4j/slf4j-log4j12/1.7.25/slf4j-log4j12-1.7.25.jar:/root/.m2/repository/org/apache/hadoop/hadoop-ozone-objectstore-service/0.5.0-SNAPSHOT/hadoop-ozone-objectstore-service-0.5.0-SNAPSHOT.jar:/root/.m2/repository/org/apache/hadoop/hadoop-ozone-s3gateway/0.5.0-SNAPSHOT/hadoop-ozone-s3gateway-0.5.0-SNAPSHOT.jar:/root/.m2/repository/org/jboss/weld/servlet/weld-servlet/2.4.7.Final/weld-servlet-2.4.7.Final.jar:/root/.m2/repository/org/glassfish/jersey/containers/jersey-container-servlet-core/2.27/jersey-container-servlet-core-2.27.jar:/root/.m2/repository/org/glassfish/hk2/external/javax.inject/2.5.0-b42/javax.inject-2.5.0-b42.jar:/root/.m2/repository/org/glassfish/jersey/core/jersey-common/2.27/jersey-common-2.27.jar:/root/.m2/repository/org/glassfish/hk2/osgi-resource-locator/1.0.1/osgi-resource-locator-1.0.1.jar:/root/.m2/repository/javax/ws/rs/javax.ws.rs-api/2.1/javax.ws.rs-api-2.1.jar:/root/.m2/repository/org/glassfish/jersey/ext/cdi/jersey-cdi1x/2.27/jersey-cdi1x-2.27.jar:/root/.m2/repository/org/glassfish/jersey/inject/jersey-hk2/2.27/jersey-hk2-2.27.jar:/root/.m2/repository/org/glassfish/hk2/hk2-locator/2.5.0-b42/hk2-locator-2.5.0-b42.jar:/root/.m2/repository/org/javassist/javassist/3.22.0-CR2/javassist-3.22.0-CR2.jar:/root/.m2/repository/org/glassfish/hk2/hk2-api/2.5.0/hk2-api-2.5.0.jar:/root/.m2/repository/org/glassfish/hk2/external/jakarta.inject/2.5.0/jakarta.inject-2.5.0.jar:/root/.m2/repository/org/glassfish/hk2/hk2-utils/2.5.0/hk2-utils-2.5.0.jar:/root/.m2/repository/jakarta/annotation/jakarta.annotation-api/1.3.4/jakarta.annotation-api-1.3.4.jar:/root/.m2/repository/org/glassfish/hk2/external/aopalliance-repackaged/2.5.0/aopalliance-repackaged-2.5.0.jar:/root/.m2/repository/com/fasterxml/jackson/dataformat/jackson-dataformat-xml/2.9.0/jackson-dataformat-xml-2.9.0.jar:/root/.m2/repository/com/fasterxml/jackson/core/jackson-core/2.9.5/jackson-core-2.9.5.jar:/root/.m2/repository/com/fasterxml/jackson/module/jackson-module-jaxb-annotations/2.9.5/jackson-module-jaxb-annotations-2.9.5.jar:/root/.m2/repository/javax/enterprise/cdi-api/1.2/cdi-api-1.2.jar:/root/.m2/repository/javax/el/javax.el-api/3.0.0/javax.el-api-3.0.0.jar:/root/.m2/repository/javax/interceptor/javax.interceptor-api/1.2/javax.interceptor-api-1.2.jar:/root/.m2/repository/javax/inject/javax.inject/1/javax.inject-1.jar:/root/.m2/repository/com/sun/xml/bind/jaxb-impl/2.3.0.1/jaxb-impl-2.3.0.1.jar:/root/.m2/repository/com/sun/xml/bind/jaxb-core/2.3.0.1/jaxb-core-2.3.0.1.jar:/root/.m2/repository/javax/xml/bind/jaxb-api/2.3.0/jaxb-api-2.3.0.jar:/root/.m2/repository/javax/activation/activation/1.1.1/activation-1.1.1.jar:/root/.m2/repository/org/apache/hadoop/hadoop-ozone-csi/0.5.0-SNAPSHOT/hadoop-ozone-csi-0.5.0-SNAPSHOT.jar:/root/.m2/repository/com/google/protobuf/protobuf-java-util/3.5.1/protobuf-java-util-3.5.1.jar:/root/.m2/repository/org/apache/hadoop/hadoop-hdds-config/0.5.0-SNAPSHOT/hadoop-hdds-config-0.5.0-SNAPSHOT.jar:/root/.m2/repository/com/google/guava/guava/11.0.2/guava-11.0.2.jar:/root/.m2/repository/com/google/protobuf/protobuf-java/2.5.0/protobuf-java-2.5.0.jar:/root/.m2/repository/io/grpc/grpc-netty/1.17.1/grpc-netty-1.17.1.jar:/root/.m2/repository/io/grpc/grpc-core/1.17.1/grpc-core-1.17.1.jar:/root/.m2/repository/io/grpc/grpc-context/1.17.1/grpc-context-1.17.1.jar:/root/.m2/repository/com/google/errorprone/error_prone_annotations/2.2.0/error_prone_annotations-2.2.0.jar:/root/.m2/repository/org/codehaus/mojo/animal-sniffer-annotations/1.17/animal-sniffer-annotations-1.17.jar:/root/.m2/repository/io/opencensus/opencensus-api/0.17.0/opencensus-api-0.17.0.jar:/root/.m2/repository/io/opencensus/opencensus-contrib-grpc-metrics/0.17.0/opencensus-contrib-grpc-metrics-0.17.0.jar:/root/.m2/repository/io/netty/netty-codec-http2/4.1.30.Final/netty-codec-http2-4.1.30.Final.jar:/root/.m2/repository/io/netty/netty-codec-http/4.1.30.Final/netty-codec-http-4.1.30.Final.jar:/root/.m2/repository/io/netty/netty-codec/4.1.30.Final/netty-codec-4.1.30.Final.jar:/root/.m2/repository/io/netty/netty-handler/4.1.30.Final/netty-handler-4.1.30.Final.jar:/root/.m2/repository/io/netty/netty-handler-proxy/4.1.30.Final/netty-handler-proxy-4.1.30.Final.jar:/root/.m2/repository/io/netty/netty-codec-socks/4.1.30.Final/netty-codec-socks-4.1.30.Final.jar:/root/.m2/repository/io/netty/netty-transport-native-epoll/4.1.30.Final/netty-transport-native-epoll-4.1.30.Final.jar:/root/.m2/repository/io/netty/netty-common/4.1.30.Final/netty-common-4.1.30.Final.jar:/root/.m2/repository/io/netty/netty-buffer/4.1.30.Final/netty-buffer-4.1.30.Final.jar:/root/.m2/repository/io/netty/netty-transport/4.1.30.Final/netty-transport-4.1.30.Final.jar:/root/.m2/repository/io/netty/netty-resolver/4.1.30.Final/netty-resolver-4.1.30.Final.jar:/root/.m2/repository/io/netty/netty-transport-native-unix-common/4.1.30.Final/netty-transport-native-unix-common-4.1.30.Final.jar:/root/.m2/repository/io/grpc/grpc-protobuf/1.17.1/grpc-protobuf-1.17.1.jar:/root/.m2/repository/com/google/api/grpc/proto-google-common-protos/1.0.0/proto-google-common-protos-1.0.0.jar:/root/.m2/repository/io/grpc/grpc-protobuf-lite/1.17.1/grpc-protobuf-lite-1.17.1.jar:/root/.m2/repository/io/grpc/grpc-stub/1.17.1/grpc-stub-1.17.1.jar:/root/.m2/repository/org/apache/hadoop/hadoop-ozone-recon/0.5.0-SNAPSHOT/hadoop-ozone-recon-0.5.0-SNAPSHOT.jar:/root/.m2/repository/org/apache/hadoop/hadoop-ozone-reconcodegen/0.5.0-SNAPSHOT/hadoop-ozone-reconcodegen-0.5.0-SNAPSHOT.jar:/root/.m2/repository/com/google/inject/extensions/guice-multibindings/4.0/guice-multibindings-4.0.jar:/root/.m2/repository/com/google/inject/guice/4.0/guice-4.0.jar:/root/.m2/repository/aopalliance/aopalliance/1.0/aopalliance-1.0.jar:/root/.m2/repository/com/google/inject/extensions/guice-servlet/4.0/guice-servlet-4.0.jar:/root/.m2/repository/org/glassfish/jersey/containers/jersey-container-servlet/2.27/jersey-container-servlet-2.27.jar:/root/.m2/repository/org/glassfish/hk2/guice-bridge/2.5.0/guice-bridge-2.5.0.jar:/root/.m2/repository/org/glassfish/jersey/core/jersey-server/2.27/jersey-server-2.27.jar:/root/.m2/repository/org/glassfish/jersey/core/jersey-client/2.27/jersey-client-2.27.jar:/root/.m2/repository/org/glassfish/jersey/media/jersey-media-jaxb/2.27/jersey-media-jaxb-2.27.jar:/root/.m2/repository/javax/validation/validation-api/1.1.0.Final/validation-api-1.1.0.Final.jar:/root/.m2/repository/org/glassfish/jersey/media/jersey-media-json-jackson/2.27/jersey-media-json-jackson-2.27.jar:/root/.m2/repository/org/glassfish/jersey/ext/jersey-entity-filtering/2.27/jersey-entity-filtering-2.27.jar:/root/.m2/repository/com/google/inject/extensions/guice-assistedinject/4.0/guice-assistedinject-4.0.jar:/root/.m2/repository/org/jooq/jooq/3.11.10/jooq-3.11.10.jar:/root/.m2/repository/org/jooq/jooq-meta/3.11.10/jooq-meta-3.11.10.jar:/root/.m2/repository/org/jooq/jooq-codegen/3.11.10/jooq-codegen-3.11.10.jar:/root/.m2/repository/com/jolbox/bonecp/0.8.0.RELEASE/bonecp-0.8.0.RELEASE.jar:/root/.m2/repository/org/xerial/sqlite-jdbc/3.25.2/sqlite-jdbc-3.25.2.jar:/root/.m2/repository/org/springframework/spring-jdbc/5.1.3.RELEASE/spring-jdbc-5.1.3.RELEASE.jar:/root/.m2/repository/org/springframework/spring-beans/5.1.3.RELEASE/spring-beans-5.1.3.RELEASE.jar:/root/.m2/repository/org/springframework/spring-core/5.1.3.RELEASE/spring-core-5.1.3.RELEASE.jar:/root/.m2/repository/org/springframework/spring-jcl/5.1.3.RELEASE/spring-jcl-5.1.3.RELEASE.jar:/root/.m2/repository/org/springframework/spring-tx/5.1.3.RELEASE/spring-tx-5.1.3.RELEASE.jar:/root/.m2/repository/org/apache/hadoop/hadoop-ozone-client/0.5.0-SNAPSHOT/hadoop-ozone-client-0.5.0-SNAPSHOT.jar:/root/.m2/repository/org/apache/hadoop/hadoop-ozone-ozone-manager/0.5.0-SNAPSHOT/hadoop-ozone-ozone-manager-0.5.0-SNAPSHOT-tests.jar:/root/.m2/repository/junit/junit/4.11/junit-4.11.jar:/root/.m2/repository/org/hamcrest/hamcrest-core/1.3/hamcrest-core-1.3.jar:/root/.m2/repository/org/openjdk/jmh/jmh-core/1.19/jmh-core-1.19.jar:/root/.m2/repository/net/sf/jopt-simple/jopt-simple/4.6/jopt-simple-4.6.jar:/root/.m2/repository/org/apache/commons/commons-math3/3.1.1/commons-math3-3.1.1.jar:/root/.m2/repository/org/openjdk/jmh/jmh-generator-annprocess/1.19/jmh-generator-annprocess-1.19.jar:/root/.m2/repository/org/mockito/mockito-all/1.8.5/mockito-all-1.8.5.jar:/root/.m2/repository/org/apache/hadoop/hadoop-kms/3.2.0/hadoop-kms-3.2.0.jar:/root/.m2/repository/org/apache/hadoop/hadoop-auth/3.2.0/hadoop-auth-3.2.0.jar:/root/.m2/repository/com/nimbusds/nimbus-jose-jwt/4.41.1/nimbus-jose-jwt-4.41.1.jar:/root/.m2/repository/com/github/stephenc/jcip/jcip-annotations/1.0-1/jcip-annotations-1.0-1.jar:/root/.m2/repository/net/minidev/json-smart/2.3/json-smart-2.3.jar:/root/.m2/repository/net/minidev/accessors-smart/1.2/accessors-smart-1.2.jar:/root/.m2/repository/org/ow2/asm/asm/5.0.4/asm-5.0.4.jar:/root/.m2/repository/org/apache/curator/curator-framework/2.12.0/curator-framework-2.12.0.jar:/root/.m2/repository/com/sun/jersey/jersey-core/1.19/jersey-core-1.19.jar:/root/.m2/repository/javax/ws/rs/jsr311-api/1.1.1/jsr311-api-1.1.1.jar:/root/.m2/repository/com/sun/jersey/jersey-server/1.19/jersey-server-1.19.jar:/root/.m2/repository/javax/servlet/javax.servlet-api/3.1.0/javax.servlet-api-3.1.0.jar:/root/.m2/repository/org/eclipse/jetty/jetty-server/9.3.24.v20180605/jetty-server-9.3.24.v20180605.jar:/root/.m2/repository/org/eclipse/jetty/jetty-http/9.3.24.v20180605/jetty-http-9.3.24.v20180605.jar:/root/.m2/repository/org/eclipse/jetty/jetty-io/9.3.24.v20180605/jetty-io-9.3.24.v20180605.jar:/root/.m2/repository/org/eclipse/jetty/jetty-webapp/9.3.24.v20180605/jetty-webapp-9.3.24.v20180605.jar:/root/.m2/repository/org/eclipse/jetty/jetty-xml/9.3.24.v20180605/jetty-xml-9.3.24.v20180605.jar:/root/.m2/repository/log4j/log4j/1.2.17/log4j-1.2.17.jar:/root/.m2/repository/org/slf4j/slf4j-api/1.7.25/slf4j-api-1.7.25.jar:/root/.m2/repository/org/slf4j/jul-to-slf4j/1.7.25/jul-to-slf4j-1.7.25.jar:/root/.m2/repository/org/eclipse/jetty/jetty-util/9.3.24.v20180605/jetty-util-9.3.24.v20180605.jar:/root/.m2/repository/io/dropwizard/metrics/metrics-core/3.2.4/metrics-core-3.2.4.jar:/root/.m2/repository/com/fasterxml/jackson/core/jackson-databind/2.9.5/jackson-databind-2.9.5.jar:/root/.m2/repository/org/apache/hadoop/hadoop-kms/3.2.0/hadoop-kms-3.2.0-tests.jar:/root/.m2/repository/org/apache/hadoop/hadoop-hdds-server-scm/0.5.0-SNAPSHOT/hadoop-hdds-server-scm-0.5.0-SNAPSHOT-tests.jar:/root/.m2/repository/org/hamcrest/hamcrest-all/1.3/hamcrest-all-1.3.jar:/root/.m2/repository/info/picocli/picocli/3.9.6/picocli-3.9.6.jar:/root/.m2/repository/org/apache/hadoop/hadoop-hdds-container-service/0.5.0-SNAPSHOT/hadoop-hdds-container-service-0.5.0-SNAPSHOT-tests.jar:/root/.m2/repository/org/yaml/snakeyaml/1.16/snakeyaml-1.16.jar:/root/.m2/repository/org/apache/hadoop/hadoop-common/3.2.0/hadoop-common-3.2.0-tests.jar:/root/.m2/repository/org/apache/hadoop/hadoop-annotations/3.2.0/hadoop-annotations-3.2.0.jar:/usr/lib/jvm/java-1.8-openjdk/jre/../lib/tools.jar:/root/.m2/repository/commons-cli/commons-cli/1.2/commons-cli-1.2.jar:/root/.m2/repository/org/apache/httpcomponents/httpclient/4.5.2/httpclient-4.5.2.jar:/root/.m2/repository/org/apache/httpcomponents/httpcore/4.4.4/httpcore-4.4.4.jar:/root/.m2/repository/commons-codec/commons-codec/1.11/commons-codec-1.11.jar:/root/.m2/repository/commons-net/commons-net/3.6/commons-net-3.6.jar:/root/.m2/repository/commons-collections/commons-collections/3.2.2/commons-collections-3.2.2.jar:/root/.m2/repository/org/eclipse/jetty/jetty-servlet/9.3.24.v20180605/jetty-servlet-9.3.24.v20180605.jar:/root/.m2/repository/org/eclipse/jetty/jetty-security/9.3.24.v20180605/jetty-security-9.3.24.v20180605.jar:/root/.m2/repository/javax/servlet/jsp/jsp-api/2.1/jsp-api-2.1.jar:/root/.m2/repository/com/sun/jersey/jersey-servlet/1.19/jersey-servlet-1.19.jar:/root/.m2/repository/com/sun/jersey/jersey-json/1.19/jersey-json-1.19.jar:/root/.m2/repository/org/codehaus/jettison/jettison/1.1/jettison-1.1.jar:/root/.m2/repository/org/codehaus/jackson/jackson-core-asl/1.9.13/jackson-core-asl-1.9.13.jar:/root/.m2/repository/org/codehaus/jackson/jackson-mapper-asl/1.9.13/jackson-mapper-asl-1.9.13.jar:/root/.m2/repository/org/codehaus/jackson/jackson-jaxrs/1.9.13/jackson-jaxrs-1.9.13.jar:/root/.m2/repository/org/codehaus/jackson/jackson-xc/1.9.13/jackson-xc-1.9.13.jar:/root/.m2/repository/commons-logging/commons-logging/1.1.3/commons-logging-1.1.3.jar:/root/.m2/repository/commons-beanutils/commons-beanutils/1.9.3/commons-beanutils-1.9.3.jar:/root/.m2/repository/org/apache/commons/commons-configuration2/2.1.1/commons-configuration2-2.1.1.jar:/root/.m2/repository/org/apache/commons/commons-lang3/3.7/commons-lang3-3.7.jar:/root/.m2/repository/org/apache/commons/commons-text/1.4/commons-text-1.4.jar:/root/.m2/repository/org/apache/avro/avro/1.7.7/avro-1.7.7.jar:/root/.m2/repository/com/thoughtworks/paranamer/paranamer/2.3/paranamer-2.3.jar:/root/.m2/repository/org/xerial/snappy/snappy-java/1.0.5/snappy-java-1.0.5.jar:/root/.m2/repository/com/google/re2j/re2j/1.1/re2j-1.1.jar:/root/.m2/repository/com/google/code/gson/gson/2.2.4/gson-2.2.4.jar:/root/.m2/repository/com/jcraft/jsch/0.1.54/jsch-0.1.54.jar:/root/.m2/repository/org/apache/curator/curator-client/2.12.0/curator-client-2.12.0.jar:/root/.m2/repository/org/apache/curator/curator-recipes/2.12.0/curator-recipes-2.12.0.jar:/root/.m2/repository/com/google/code/findbugs/jsr305/3.0.0/jsr305-3.0.0.jar:/root/.m2/repository/org/apache/htrace/htrace-core4/4.1.0-incubating/htrace-core4-4.1.0-incubating.jar:/root/.m2/repository/org/apache/zookeeper/zookeeper/3.4.13/zookeeper-3.4.13.jar:/root/.m2/repository/org/apache/yetus/audience-annotations/0.5.0/audience-annotations-0.5.0.jar:/root/.m2/repository/org/codehaus/woodstox/stax2-api/3.1.4/stax2-api-3.1.4.jar:/root/.m2/repository/com/fasterxml/woodstox/woodstox-core/5.0.3/woodstox-core-5.0.3.jar:/root/.m2/repository/dnsjava/dnsjava/2.1.7/dnsjava-2.1.7.jar:/root/.m2/repository/org/apache/hadoop/hadoop-hdfs/3.2.0/hadoop-hdfs-3.2.0-tests.jar:/root/.m2/repository/org/eclipse/jetty/jetty-util-ajax/9.3.24.v20180605/jetty-util-ajax-9.3.24.v20180605.jar:/root/.m2/repository/commons-daemon/commons-daemon/1.0.13/commons-daemon-1.0.13.jar:/root/.m2/repository/io/netty/netty/3.10.5.Final/netty-3.10.5.Final.jar:/root/.m2/repository/io/netty/netty-all/4.0.52.Final/netty-all-4.0.52.Final.jar:/root/.m2/repository/org/fusesource/leveldbjni/leveldbjni-all/1.8/leveldbjni-all-1.8.jar:"/>
    <property name="java.vm.vendor" value="IcedTea"/>
    <property name="sun.arch.data.model" value="64"/>
    <property name="test.build.dir" value="/opt/src/hadoop-ozone/integration-test/target/test-dir"/>
    <property name="test.cache.data" value=""/>
    <property name="java.vendor.url" value="https://icedtea.classpath.org"/>
    <property name="user.timezone" value=""/>
    <property name="java.vm.specification.version" value="1.8"/>
    <property name="os.name" value="Linux"/>
    <property name="test.build.data" value="/opt/src/hadoop-ozone/integration-test/target/test-dir"/>
    <property name="user.country" value="US"/>
    <property name="sun.java.launcher" value="SUN_STANDARD"/>
    <property name="sun.boot.library.path" value="/usr/lib/jvm/java-1.8-openjdk/jre/lib/amd64"/>
    <property name="sun.java.command" value="/opt/src/hadoop-ozone/integration-test/target/surefire/surefirebooter772637281216258780.jar /opt/src/hadoop-ozone/integration-test/target/surefire 2019-06-13T11-51-04_798-jvmRun1 surefire3005039910252293612tmp surefire_217708147176490015927tmp"/>
    <property name="surefire.test.class.path" value="/opt/src/hadoop-ozone/integration-test/target/test-classes:/opt/src/hadoop-ozone/integration-test/target/classes:/root/.m2/repository/org/apache/hadoop/hadoop-ozone-common/0.5.0-SNAPSHOT/hadoop-ozone-common-0.5.0-SNAPSHOT.jar:/root/.m2/repository/org/apache/commons/commons-compress/1.4.1/commons-compress-1.4.1.jar:/root/.m2/repository/org/tukaani/xz/1.0/xz-1.0.jar:/root/.m2/repository/org/apache/hadoop/hadoop-common/3.2.0/hadoop-common-3.2.0.jar:/root/.m2/repository/org/apache/hadoop/hadoop-hdfs/3.2.0/hadoop-hdfs-3.2.0.jar:/root/.m2/repository/org/apache/hadoop/hadoop-hdfs-client/3.2.0/hadoop-hdfs-client-3.2.0.jar:/root/.m2/repository/com/fasterxml/jackson/core/jackson-annotations/2.9.5/jackson-annotations-2.9.5.jar:/root/.m2/repository/org/apache/hadoop/hadoop-hdds-common/0.5.0-SNAPSHOT/hadoop-hdds-common-0.5.0-SNAPSHOT.jar:/root/.m2/repository/javax/annotation/javax.annotation-api/1.2/javax.annotation-api-1.2.jar:/root/.m2/repository/org/apache/ratis/ratis-server/0.4.0-fe2b15d-SNAPSHOT/ratis-server-0.4.0-fe2b15d-SNAPSHOT.jar:/root/.m2/repository/org/apache/ratis/ratis-thirdparty-misc/0.2.0/ratis-thirdparty-misc-0.2.0.jar:/root/.m2/repository/org/apache/ratis/ratis-proto/0.4.0-fe2b15d-SNAPSHOT/ratis-proto-0.4.0-fe2b15d-SNAPSHOT.jar:/root/.m2/repository/org/apache/ratis/ratis-common/0.4.0-fe2b15d-SNAPSHOT/ratis-common-0.4.0-fe2b15d-SNAPSHOT.jar:/root/.m2/repository/org/apache/ratis/ratis-client/0.4.0-fe2b15d-SNAPSHOT/ratis-client-0.4.0-fe2b15d-SNAPSHOT.jar:/root/.m2/repository/org/apache/ratis/ratis-netty/0.4.0-fe2b15d-SNAPSHOT/ratis-netty-0.4.0-fe2b15d-SNAPSHOT.jar:/root/.m2/repository/org/apache/ratis/ratis-grpc/0.4.0-fe2b15d-SNAPSHOT/ratis-grpc-0.4.0-fe2b15d-SNAPSHOT.jar:/root/.m2/repository/org/rocksdb/rocksdbjni/5.14.2/rocksdbjni-5.14.2.jar:/root/.m2/repository/org/apache/logging/log4j/log4j-api/2.11.0/log4j-api-2.11.0.jar:/root/.m2/repository/org/apache/logging/log4j/log4j-core/2.11.0/log4j-core-2.11.0.jar:/root/.m2/repository/com/lmax/disruptor/3.4.2/disruptor-3.4.2.jar:/root/.m2/repository/org/apache/commons/commons-pool2/2.6.0/commons-pool2-2.6.0.jar:/root/.m2/repository/org/bouncycastle/bcpkix-jdk15on/1.60/bcpkix-jdk15on-1.60.jar:/root/.m2/repository/commons-validator/commons-validator/1.6/commons-validator-1.6.jar:/root/.m2/repository/commons-digester/commons-digester/1.8.1/commons-digester-1.8.1.jar:/root/.m2/repository/io/jaegertracing/jaeger-client/0.33.1/jaeger-client-0.33.1.jar:/root/.m2/repository/io/jaegertracing/jaeger-thrift/0.33.1/jaeger-thrift-0.33.1.jar:/root/.m2/repository/org/apache/thrift/libthrift/0.11.0/libthrift-0.11.0.jar:/root/.m2/repository/com/squareup/okhttp3/okhttp/3.9.0/okhttp-3.9.0.jar:/root/.m2/repository/com/squareup/okio/okio/1.13.0/okio-1.13.0.jar:/root/.m2/repository/io/jaegertracing/jaeger-core/0.33.1/jaeger-core-0.33.1.jar:/root/.m2/repository/io/jaegertracing/jaeger-tracerresolver/0.33.1/jaeger-tracerresolver-0.33.1.jar:/root/.m2/repository/io/opentracing/contrib/opentracing-tracerresolver/0.1.5/opentracing-tracerresolver-0.1.5.jar:/root/.m2/repository/io/opentracing/opentracing-util/0.31.0/opentracing-util-0.31.0.jar:/root/.m2/repository/io/opentracing/opentracing-api/0.31.0/opentracing-api-0.31.0.jar:/root/.m2/repository/io/opentracing/opentracing-noop/0.31.0/opentracing-noop-0.31.0.jar:/root/.m2/repository/org/apache/hadoop/hadoop-hdds-server-framework/0.5.0-SNAPSHOT/hadoop-hdds-server-framework-0.5.0-SNAPSHOT.jar:/root/.m2/repository/org/apache/hadoop/hadoop-hdds-server-scm/0.5.0-SNAPSHOT/hadoop-hdds-server-scm-0.5.0-SNAPSHOT.jar:/root/.m2/repository/org/apache/hadoop/hadoop-hdds-container-service/0.5.0-SNAPSHOT/hadoop-hdds-container-service-0.5.0-SNAPSHOT.jar:/root/.m2/repository/org/apache/hadoop/hadoop-hdds-client/0.5.0-SNAPSHOT/hadoop-hdds-client-0.5.0-SNAPSHOT.jar:/root/.m2/repository/org/apache/hadoop/hadoop-hdds-tools/0.5.0-SNAPSHOT/hadoop-hdds-tools-0.5.0-SNAPSHOT.jar:/root/.m2/repository/org/apache/hadoop/hadoop-ozone-ozone-manager/0.5.0-SNAPSHOT/hadoop-ozone-ozone-manager-0.5.0-SNAPSHOT.jar:/root/.m2/repository/org/apache/hadoop/hadoop-hdds-docs/0.5.0-SNAPSHOT/hadoop-hdds-docs-0.5.0-SNAPSHOT.jar:/root/.m2/repository/org/bouncycastle/bcprov-jdk15on/1.60/bcprov-jdk15on-1.60.jar:/root/.m2/repository/org/apache/hadoop/hadoop-minikdc/3.2.0/hadoop-minikdc-3.2.0.jar:/root/.m2/repository/commons-io/commons-io/2.5/commons-io-2.5.jar:/root/.m2/repository/org/apache/kerby/kerb-simplekdc/1.0.1/kerb-simplekdc-1.0.1.jar:/root/.m2/repository/org/apache/kerby/kerb-client/1.0.1/kerb-client-1.0.1.jar:/root/.m2/repository/org/apache/kerby/kerby-config/1.0.1/kerby-config-1.0.1.jar:/root/.m2/repository/org/apache/kerby/kerb-core/1.0.1/kerb-core-1.0.1.jar:/root/.m2/repository/org/apache/kerby/kerby-pkix/1.0.1/kerby-pkix-1.0.1.jar:/root/.m2/repository/org/apache/kerby/kerby-asn1/1.0.1/kerby-asn1-1.0.1.jar:/root/.m2/repository/org/apache/kerby/kerby-util/1.0.1/kerby-util-1.0.1.jar:/root/.m2/repository/org/apache/kerby/kerb-common/1.0.1/kerb-common-1.0.1.jar:/root/.m2/repository/org/apache/kerby/kerb-crypto/1.0.1/kerb-crypto-1.0.1.jar:/root/.m2/repository/org/apache/kerby/kerb-util/1.0.1/kerb-util-1.0.1.jar:/root/.m2/repository/org/apache/kerby/token-provider/1.0.1/token-provider-1.0.1.jar:/root/.m2/repository/org/apache/kerby/kerb-admin/1.0.1/kerb-admin-1.0.1.jar:/root/.m2/repository/org/apache/kerby/kerb-server/1.0.1/kerb-server-1.0.1.jar:/root/.m2/repository/org/apache/kerby/kerb-identity/1.0.1/kerb-identity-1.0.1.jar:/root/.m2/repository/org/apache/kerby/kerby-xdr/1.0.1/kerby-xdr-1.0.1.jar:/root/.m2/repository/org/slf4j/slf4j-log4j12/1.7.25/slf4j-log4j12-1.7.25.jar:/root/.m2/repository/org/apache/hadoop/hadoop-ozone-objectstore-service/0.5.0-SNAPSHOT/hadoop-ozone-objectstore-service-0.5.0-SNAPSHOT.jar:/root/.m2/repository/org/apache/hadoop/hadoop-ozone-s3gateway/0.5.0-SNAPSHOT/hadoop-ozone-s3gateway-0.5.0-SNAPSHOT.jar:/root/.m2/repository/org/jboss/weld/servlet/weld-servlet/2.4.7.Final/weld-servlet-2.4.7.Final.jar:/root/.m2/repository/org/glassfish/jersey/containers/jersey-container-servlet-core/2.27/jersey-container-servlet-core-2.27.jar:/root/.m2/repository/org/glassfish/hk2/external/javax.inject/2.5.0-b42/javax.inject-2.5.0-b42.jar:/root/.m2/repository/org/glassfish/jersey/core/jersey-common/2.27/jersey-common-2.27.jar:/root/.m2/repository/org/glassfish/hk2/osgi-resource-locator/1.0.1/osgi-resource-locator-1.0.1.jar:/root/.m2/repository/javax/ws/rs/javax.ws.rs-api/2.1/javax.ws.rs-api-2.1.jar:/root/.m2/repository/org/glassfish/jersey/ext/cdi/jersey-cdi1x/2.27/jersey-cdi1x-2.27.jar:/root/.m2/repository/org/glassfish/jersey/inject/jersey-hk2/2.27/jersey-hk2-2.27.jar:/root/.m2/repository/org/glassfish/hk2/hk2-locator/2.5.0-b42/hk2-locator-2.5.0-b42.jar:/root/.m2/repository/org/javassist/javassist/3.22.0-CR2/javassist-3.22.0-CR2.jar:/root/.m2/repository/org/glassfish/hk2/hk2-api/2.5.0/hk2-api-2.5.0.jar:/root/.m2/repository/org/glassfish/hk2/external/jakarta.inject/2.5.0/jakarta.inject-2.5.0.jar:/root/.m2/repository/org/glassfish/hk2/hk2-utils/2.5.0/hk2-utils-2.5.0.jar:/root/.m2/repository/jakarta/annotation/jakarta.annotation-api/1.3.4/jakarta.annotation-api-1.3.4.jar:/root/.m2/repository/org/glassfish/hk2/external/aopalliance-repackaged/2.5.0/aopalliance-repackaged-2.5.0.jar:/root/.m2/repository/com/fasterxml/jackson/dataformat/jackson-dataformat-xml/2.9.0/jackson-dataformat-xml-2.9.0.jar:/root/.m2/repository/com/fasterxml/jackson/core/jackson-core/2.9.5/jackson-core-2.9.5.jar:/root/.m2/repository/com/fasterxml/jackson/module/jackson-module-jaxb-annotations/2.9.5/jackson-module-jaxb-annotations-2.9.5.jar:/root/.m2/repository/javax/enterprise/cdi-api/1.2/cdi-api-1.2.jar:/root/.m2/repository/javax/el/javax.el-api/3.0.0/javax.el-api-3.0.0.jar:/root/.m2/repository/javax/interceptor/javax.interceptor-api/1.2/javax.interceptor-api-1.2.jar:/root/.m2/repository/javax/inject/javax.inject/1/javax.inject-1.jar:/root/.m2/repository/com/sun/xml/bind/jaxb-impl/2.3.0.1/jaxb-impl-2.3.0.1.jar:/root/.m2/repository/com/sun/xml/bind/jaxb-core/2.3.0.1/jaxb-core-2.3.0.1.jar:/root/.m2/repository/javax/xml/bind/jaxb-api/2.3.0/jaxb-api-2.3.0.jar:/root/.m2/repository/javax/activation/activation/1.1.1/activation-1.1.1.jar:/root/.m2/repository/org/apache/hadoop/hadoop-ozone-csi/0.5.0-SNAPSHOT/hadoop-ozone-csi-0.5.0-SNAPSHOT.jar:/root/.m2/repository/com/google/protobuf/protobuf-java-util/3.5.1/protobuf-java-util-3.5.1.jar:/root/.m2/repository/org/apache/hadoop/hadoop-hdds-config/0.5.0-SNAPSHOT/hadoop-hdds-config-0.5.0-SNAPSHOT.jar:/root/.m2/repository/com/google/guava/guava/11.0.2/guava-11.0.2.jar:/root/.m2/repository/com/google/protobuf/protobuf-java/2.5.0/protobuf-java-2.5.0.jar:/root/.m2/repository/io/grpc/grpc-netty/1.17.1/grpc-netty-1.17.1.jar:/root/.m2/repository/io/grpc/grpc-core/1.17.1/grpc-core-1.17.1.jar:/root/.m2/repository/io/grpc/grpc-context/1.17.1/grpc-context-1.17.1.jar:/root/.m2/repository/com/google/errorprone/error_prone_annotations/2.2.0/error_prone_annotations-2.2.0.jar:/root/.m2/repository/org/codehaus/mojo/animal-sniffer-annotations/1.17/animal-sniffer-annotations-1.17.jar:/root/.m2/repository/io/opencensus/opencensus-api/0.17.0/opencensus-api-0.17.0.jar:/root/.m2/repository/io/opencensus/opencensus-contrib-grpc-metrics/0.17.0/opencensus-contrib-grpc-metrics-0.17.0.jar:/root/.m2/repository/io/netty/netty-codec-http2/4.1.30.Final/netty-codec-http2-4.1.30.Final.jar:/root/.m2/repository/io/netty/netty-codec-http/4.1.30.Final/netty-codec-http-4.1.30.Final.jar:/root/.m2/repository/io/netty/netty-codec/4.1.30.Final/netty-codec-4.1.30.Final.jar:/root/.m2/repository/io/netty/netty-handler/4.1.30.Final/netty-handler-4.1.30.Final.jar:/root/.m2/repository/io/netty/netty-handler-proxy/4.1.30.Final/netty-handler-proxy-4.1.30.Final.jar:/root/.m2/repository/io/netty/netty-codec-socks/4.1.30.Final/netty-codec-socks-4.1.30.Final.jar:/root/.m2/repository/io/netty/netty-transport-native-epoll/4.1.30.Final/netty-transport-native-epoll-4.1.30.Final.jar:/root/.m2/repository/io/netty/netty-common/4.1.30.Final/netty-common-4.1.30.Final.jar:/root/.m2/repository/io/netty/netty-buffer/4.1.30.Final/netty-buffer-4.1.30.Final.jar:/root/.m2/repository/io/netty/netty-transport/4.1.30.Final/netty-transport-4.1.30.Final.jar:/root/.m2/repository/io/netty/netty-resolver/4.1.30.Final/netty-resolver-4.1.30.Final.jar:/root/.m2/repository/io/netty/netty-transport-native-unix-common/4.1.30.Final/netty-transport-native-unix-common-4.1.30.Final.jar:/root/.m2/repository/io/grpc/grpc-protobuf/1.17.1/grpc-protobuf-1.17.1.jar:/root/.m2/repository/com/google/api/grpc/proto-google-common-protos/1.0.0/proto-google-common-protos-1.0.0.jar:/root/.m2/repository/io/grpc/grpc-protobuf-lite/1.17.1/grpc-protobuf-lite-1.17.1.jar:/root/.m2/repository/io/grpc/grpc-stub/1.17.1/grpc-stub-1.17.1.jar:/root/.m2/repository/org/apache/hadoop/hadoop-ozone-recon/0.5.0-SNAPSHOT/hadoop-ozone-recon-0.5.0-SNAPSHOT.jar:/root/.m2/repository/org/apache/hadoop/hadoop-ozone-reconcodegen/0.5.0-SNAPSHOT/hadoop-ozone-reconcodegen-0.5.0-SNAPSHOT.jar:/root/.m2/repository/com/google/inject/extensions/guice-multibindings/4.0/guice-multibindings-4.0.jar:/root/.m2/repository/com/google/inject/guice/4.0/guice-4.0.jar:/root/.m2/repository/aopalliance/aopalliance/1.0/aopalliance-1.0.jar:/root/.m2/repository/com/google/inject/extensions/guice-servlet/4.0/guice-servlet-4.0.jar:/root/.m2/repository/org/glassfish/jersey/containers/jersey-container-servlet/2.27/jersey-container-servlet-2.27.jar:/root/.m2/repository/org/glassfish/hk2/guice-bridge/2.5.0/guice-bridge-2.5.0.jar:/root/.m2/repository/org/glassfish/jersey/core/jersey-server/2.27/jersey-server-2.27.jar:/root/.m2/repository/org/glassfish/jersey/core/jersey-client/2.27/jersey-client-2.27.jar:/root/.m2/repository/org/glassfish/jersey/media/jersey-media-jaxb/2.27/jersey-media-jaxb-2.27.jar:/root/.m2/repository/javax/validation/validation-api/1.1.0.Final/validation-api-1.1.0.Final.jar:/root/.m2/repository/org/glassfish/jersey/media/jersey-media-json-jackson/2.27/jersey-media-json-jackson-2.27.jar:/root/.m2/repository/org/glassfish/jersey/ext/jersey-entity-filtering/2.27/jersey-entity-filtering-2.27.jar:/root/.m2/repository/com/google/inject/extensions/guice-assistedinject/4.0/guice-assistedinject-4.0.jar:/root/.m2/repository/org/jooq/jooq/3.11.10/jooq-3.11.10.jar:/root/.m2/repository/org/jooq/jooq-meta/3.11.10/jooq-meta-3.11.10.jar:/root/.m2/repository/org/jooq/jooq-codegen/3.11.10/jooq-codegen-3.11.10.jar:/root/.m2/repository/com/jolbox/bonecp/0.8.0.RELEASE/bonecp-0.8.0.RELEASE.jar:/root/.m2/repository/org/xerial/sqlite-jdbc/3.25.2/sqlite-jdbc-3.25.2.jar:/root/.m2/repository/org/springframework/spring-jdbc/5.1.3.RELEASE/spring-jdbc-5.1.3.RELEASE.jar:/root/.m2/repository/org/springframework/spring-beans/5.1.3.RELEASE/spring-beans-5.1.3.RELEASE.jar:/root/.m2/repository/org/springframework/spring-core/5.1.3.RELEASE/spring-core-5.1.3.RELEASE.jar:/root/.m2/repository/org/springframework/spring-jcl/5.1.3.RELEASE/spring-jcl-5.1.3.RELEASE.jar:/root/.m2/repository/org/springframework/spring-tx/5.1.3.RELEASE/spring-tx-5.1.3.RELEASE.jar:/root/.m2/repository/org/apache/hadoop/hadoop-ozone-client/0.5.0-SNAPSHOT/hadoop-ozone-client-0.5.0-SNAPSHOT.jar:/root/.m2/repository/org/apache/hadoop/hadoop-ozone-ozone-manager/0.5.0-SNAPSHOT/hadoop-ozone-ozone-manager-0.5.0-SNAPSHOT-tests.jar:/root/.m2/repository/junit/junit/4.11/junit-4.11.jar:/root/.m2/repository/org/hamcrest/hamcrest-core/1.3/hamcrest-core-1.3.jar:/root/.m2/repository/org/openjdk/jmh/jmh-core/1.19/jmh-core-1.19.jar:/root/.m2/repository/net/sf/jopt-simple/jopt-simple/4.6/jopt-simple-4.6.jar:/root/.m2/repository/org/apache/commons/commons-math3/3.1.1/commons-math3-3.1.1.jar:/root/.m2/repository/org/openjdk/jmh/jmh-generator-annprocess/1.19/jmh-generator-annprocess-1.19.jar:/root/.m2/repository/org/mockito/mockito-all/1.8.5/mockito-all-1.8.5.jar:/root/.m2/repository/org/apache/hadoop/hadoop-kms/3.2.0/hadoop-kms-3.2.0.jar:/root/.m2/repository/org/apache/hadoop/hadoop-auth/3.2.0/hadoop-auth-3.2.0.jar:/root/.m2/repository/com/nimbusds/nimbus-jose-jwt/4.41.1/nimbus-jose-jwt-4.41.1.jar:/root/.m2/repository/com/github/stephenc/jcip/jcip-annotations/1.0-1/jcip-annotations-1.0-1.jar:/root/.m2/repository/net/minidev/json-smart/2.3/json-smart-2.3.jar:/root/.m2/repository/net/minidev/accessors-smart/1.2/accessors-smart-1.2.jar:/root/.m2/repository/org/ow2/asm/asm/5.0.4/asm-5.0.4.jar:/root/.m2/repository/org/apache/curator/curator-framework/2.12.0/curator-framework-2.12.0.jar:/root/.m2/repository/com/sun/jersey/jersey-core/1.19/jersey-core-1.19.jar:/root/.m2/repository/javax/ws/rs/jsr311-api/1.1.1/jsr311-api-1.1.1.jar:/root/.m2/repository/com/sun/jersey/jersey-server/1.19/jersey-server-1.19.jar:/root/.m2/repository/javax/servlet/javax.servlet-api/3.1.0/javax.servlet-api-3.1.0.jar:/root/.m2/repository/org/eclipse/jetty/jetty-server/9.3.24.v20180605/jetty-server-9.3.24.v20180605.jar:/root/.m2/repository/org/eclipse/jetty/jetty-http/9.3.24.v20180605/jetty-http-9.3.24.v20180605.jar:/root/.m2/repository/org/eclipse/jetty/jetty-io/9.3.24.v20180605/jetty-io-9.3.24.v20180605.jar:/root/.m2/repository/org/eclipse/jetty/jetty-webapp/9.3.24.v20180605/jetty-webapp-9.3.24.v20180605.jar:/root/.m2/repository/org/eclipse/jetty/jetty-xml/9.3.24.v20180605/jetty-xml-9.3.24.v20180605.jar:/root/.m2/repository/log4j/log4j/1.2.17/log4j-1.2.17.jar:/root/.m2/repository/org/slf4j/slf4j-api/1.7.25/slf4j-api-1.7.25.jar:/root/.m2/repository/org/slf4j/jul-to-slf4j/1.7.25/jul-to-slf4j-1.7.25.jar:/root/.m2/repository/org/eclipse/jetty/jetty-util/9.3.24.v20180605/jetty-util-9.3.24.v20180605.jar:/root/.m2/repository/io/dropwizard/metrics/metrics-core/3.2.4/metrics-core-3.2.4.jar:/root/.m2/repository/com/fasterxml/jackson/core/jackson-databind/2.9.5/jackson-databind-2.9.5.jar:/root/.m2/repository/org/apache/hadoop/hadoop-kms/3.2.0/hadoop-kms-3.2.0-tests.jar:/root/.m2/repository/org/apache/hadoop/hadoop-hdds-server-scm/0.5.0-SNAPSHOT/hadoop-hdds-server-scm-0.5.0-SNAPSHOT-tests.jar:/root/.m2/repository/org/hamcrest/hamcrest-all/1.3/hamcrest-all-1.3.jar:/root/.m2/repository/info/picocli/picocli/3.9.6/picocli-3.9.6.jar:/root/.m2/repository/org/apache/hadoop/hadoop-hdds-container-service/0.5.0-SNAPSHOT/hadoop-hdds-container-service-0.5.0-SNAPSHOT-tests.jar:/root/.m2/repository/org/yaml/snakeyaml/1.16/snakeyaml-1.16.jar:/root/.m2/repository/org/apache/hadoop/hadoop-common/3.2.0/hadoop-common-3.2.0-tests.jar:/root/.m2/repository/org/apache/hadoop/hadoop-annotations/3.2.0/hadoop-annotations-3.2.0.jar:/usr/lib/jvm/java-1.8-openjdk/jre/../lib/tools.jar:/root/.m2/repository/commons-cli/commons-cli/1.2/commons-cli-1.2.jar:/root/.m2/repository/org/apache/httpcomponents/httpclient/4.5.2/httpclient-4.5.2.jar:/root/.m2/repository/org/apache/httpcomponents/httpcore/4.4.4/httpcore-4.4.4.jar:/root/.m2/repository/commons-codec/commons-codec/1.11/commons-codec-1.11.jar:/root/.m2/repository/commons-net/commons-net/3.6/commons-net-3.6.jar:/root/.m2/repository/commons-collections/commons-collections/3.2.2/commons-collections-3.2.2.jar:/root/.m2/repository/org/eclipse/jetty/jetty-servlet/9.3.24.v20180605/jetty-servlet-9.3.24.v20180605.jar:/root/.m2/repository/org/eclipse/jetty/jetty-security/9.3.24.v20180605/jetty-security-9.3.24.v20180605.jar:/root/.m2/repository/javax/servlet/jsp/jsp-api/2.1/jsp-api-2.1.jar:/root/.m2/repository/com/sun/jersey/jersey-servlet/1.19/jersey-servlet-1.19.jar:/root/.m2/repository/com/sun/jersey/jersey-json/1.19/jersey-json-1.19.jar:/root/.m2/repository/org/codehaus/jettison/jettison/1.1/jettison-1.1.jar:/root/.m2/repository/org/codehaus/jackson/jackson-core-asl/1.9.13/jackson-core-asl-1.9.13.jar:/root/.m2/repository/org/codehaus/jackson/jackson-mapper-asl/1.9.13/jackson-mapper-asl-1.9.13.jar:/root/.m2/repository/org/codehaus/jackson/jackson-jaxrs/1.9.13/jackson-jaxrs-1.9.13.jar:/root/.m2/repository/org/codehaus/jackson/jackson-xc/1.9.13/jackson-xc-1.9.13.jar:/root/.m2/repository/commons-logging/commons-logging/1.1.3/commons-logging-1.1.3.jar:/root/.m2/repository/commons-beanutils/commons-beanutils/1.9.3/commons-beanutils-1.9.3.jar:/root/.m2/repository/org/apache/commons/commons-configuration2/2.1.1/commons-configuration2-2.1.1.jar:/root/.m2/repository/org/apache/commons/commons-lang3/3.7/commons-lang3-3.7.jar:/root/.m2/repository/org/apache/commons/commons-text/1.4/commons-text-1.4.jar:/root/.m2/repository/org/apache/avro/avro/1.7.7/avro-1.7.7.jar:/root/.m2/repository/com/thoughtworks/paranamer/paranamer/2.3/paranamer-2.3.jar:/root/.m2/repository/org/xerial/snappy/snappy-java/1.0.5/snappy-java-1.0.5.jar:/root/.m2/repository/com/google/re2j/re2j/1.1/re2j-1.1.jar:/root/.m2/repository/com/google/code/gson/gson/2.2.4/gson-2.2.4.jar:/root/.m2/repository/com/jcraft/jsch/0.1.54/jsch-0.1.54.jar:/root/.m2/repository/org/apache/curator/curator-client/2.12.0/curator-client-2.12.0.jar:/root/.m2/repository/org/apache/curator/curator-recipes/2.12.0/curator-recipes-2.12.0.jar:/root/.m2/repository/com/google/code/findbugs/jsr305/3.0.0/jsr305-3.0.0.jar:/root/.m2/repository/org/apache/htrace/htrace-core4/4.1.0-incubating/htrace-core4-4.1.0-incubating.jar:/root/.m2/repository/org/apache/zookeeper/zookeeper/3.4.13/zookeeper-3.4.13.jar:/root/.m2/repository/org/apache/yetus/audience-annotations/0.5.0/audience-annotations-0.5.0.jar:/root/.m2/repository/org/codehaus/woodstox/stax2-api/3.1.4/stax2-api-3.1.4.jar:/root/.m2/repository/com/fasterxml/woodstox/woodstox-core/5.0.3/woodstox-core-5.0.3.jar:/root/.m2/repository/dnsjava/dnsjava/2.1.7/dnsjava-2.1.7.jar:/root/.m2/repository/org/apache/hadoop/hadoop-hdfs/3.2.0/hadoop-hdfs-3.2.0-tests.jar:/root/.m2/repository/org/eclipse/jetty/jetty-util-ajax/9.3.24.v20180605/jetty-util-ajax-9.3.24.v20180605.jar:/root/.m2/repository/commons-daemon/commons-daemon/1.0.13/commons-daemon-1.0.13.jar:/root/.m2/repository/io/netty/netty/3.10.5.Final/netty-3.10.5.Final.jar:/root/.m2/repository/io/netty/netty-all/4.0.52.Final/netty-all-4.0.52.Final.jar:/root/.m2/repository/org/fusesource/leveldbjni/leveldbjni-all/1.8/leveldbjni-all-1.8.jar:"/>
    <property name="sun.cpu.endian" value="little"/>
    <property name="user.home" value="/root"/>
    <property name="user.language" value="en"/>
    <property name="java.specification.vendor" value="Oracle Corporation"/>
    <property name="java.home" value="/usr/lib/jvm/java-1.8-openjdk/jre"/>
    <property name="java.security.krb5.conf" value="/opt/src/hadoop-ozone/integration-test/target/test-classes/krb5.conf"/>
    <property name="basedir" value="/opt/src/hadoop-ozone/integration-test"/>
    <property name="file.separator" value="/"/>
    <property name="line.separator" value="&#10;"/>
    <property name="java.vm.specification.vendor" value="Oracle Corporation"/>
    <property name="java.specification.name" value="Java Platform API Specification"/>
    <property name="java.awt.graphicsenv" value="sun.awt.X11GraphicsEnvironment"/>
    <property name="surefire.real.class.path" value="/opt/src/hadoop-ozone/integration-test/target/surefire/surefirebooter772637281216258780.jar"/>
    <property name="hadoop.log.dir" value="/opt/src/hadoop-ozone/integration-test/target/log"/>
    <property name="sun.boot.class.path" value="/usr/lib/jvm/java-1.8-openjdk/jre/lib/resources.jar:/usr/lib/jvm/java-1.8-openjdk/jre/lib/rt.jar:/usr/lib/jvm/java-1.8-openjdk/jre/lib/sunrsasign.jar:/usr/lib/jvm/java-1.8-openjdk/jre/lib/jsse.jar:/usr/lib/jvm/java-1.8-openjdk/jre/lib/jce.jar:/usr/lib/jvm/java-1.8-openjdk/jre/lib/charsets.jar:/usr/lib/jvm/java-1.8-openjdk/jre/lib/jfr.jar:/usr/lib/jvm/java-1.8-openjdk/jre/classes"/>
    <property name="sun.management.compiler" value="HotSpot 64-Bit Tiered Compilers"/>
    <property name="java.runtime.version" value="1.8.0_212-b04"/>
    <property name="java.net.preferIPv4Stack" value="true"/>
    <property name="user.name" value="root"/>
    <property name="path.separator" value=":"/>
    <property name="java.security.egd" value="file:///dev/urandom"/>
    <property name="os.version" value="4.15.0-1021-aws"/>
    <property name="java.endorsed.dirs" value="/usr/lib/jvm/java-1.8-openjdk/jre/lib/endorsed"/>
    <property name="java.runtime.name" value="OpenJDK Runtime Environment"/>
    <property name="file.encoding" value="UTF-8"/>
    <property name="java.vm.name" value="OpenJDK 64-Bit Server VM"/>
    <property name="test.build.webapps" value=""/>
    <property name="localRepository" value="/root/.m2/repository"/>
    <property name="java.vendor.url.bug" value="https://icedtea.classpath.org/bugzilla"/>
    <property name="java.io.tmpdir" value="/tmp"/>
    <property name="require.test.libhadoop" value=""/>
    <property name="java.version" value="1.8.0_212"/>
    <property name="user.dir" value="/opt/src/hadoop-ozone/integration-test"/>
    <property name="os.arch" value="amd64"/>
    <property name="java.vm.specification.name" value="Java Virtual Machine Specification"/>
    <property name="test.build.classes" value="/opt/src/hadoop-ozone/integration-test/target/test-classes"/>
    <property name="java.awt.printerjob" value="sun.print.PSPrinterJob"/>
    <property name="sun.os.patch.level" value="unknown"/>
    <property name="hadoop.tmp.dir" value="/opt/src/hadoop-ozone/integration-test/target/tmp"/>
    <property name="java.library.path" value="/usr/lib/jvm/java-1.8-openjdk/jre/lib/amd64/server:/usr/lib/jvm/java-1.8-openjdk/jre/lib/amd64:/usr/lib/jvm/java-1.8-openjdk/jre/../lib/amd64:/opt/src/hadoop-ozone/integration-test/target/native/target/usr/local/lib:/opt/src/hadoop-ozone/integration-test/../../hadoop-common-project/hadoop-common/target/native/target/usr/local/lib:/usr/java/packages/lib/amd64:/usr/lib64:/lib64:/lib:/usr/lib"/>
    <property name="java.vm.info" value="mixed mode"/>
    <property name="java.vendor" value="IcedTea"/>
    <property name="java.vm.version" value="25.212-b04"/>
    <property name="java.ext.dirs" value="/usr/lib/jvm/java-1.8-openjdk/jre/lib/ext:/usr/java/packages/lib/ext"/>
    <property name="sun.io.unicode.encoding" value="UnicodeLittle"/>
    <property name="java.class.version" value="52.0"/>
  </properties>
  <testcase name="testWatchForCommitWithKeyWrite" classname="org.apache.hadoop.ozone.client.rpc.TestWatchForCommit" time="24.093">
    <error message="Allocate block failed." type="INTERNAL_ERROR org.apache.hadoop.ozone.om.exceptions.OMException">INTERNAL_ERROR org.apache.hadoop.ozone.om.exceptions.OMException: Allocate block failed.
	at org.apache.hadoop.ozone.om.protocolPB.OzoneManagerProtocolClientSideTranslatorPB.handleError(OzoneManagerProtocolClientSideTranslatorPB.java:720)
	at org.apache.hadoop.ozone.om.protocolPB.OzoneManagerProtocolClientSideTranslatorPB.allocateBlock(OzoneManagerProtocolClientSideTranslatorPB.java:743)
	at org.apache.hadoop.ozone.client.io.BlockOutputStreamEntryPool.allocateNewBlock(BlockOutputStreamEntryPool.java:248)
	at org.apache.hadoop.ozone.client.io.BlockOutputStreamEntryPool.allocateBlockIfNeeded(BlockOutputStreamEntryPool.java:296)
	at org.apache.hadoop.ozone.client.io.KeyOutputStream.handleWrite(KeyOutputStream.java:201)
	at org.apache.hadoop.ozone.client.io.KeyOutputStream.handleRetry(KeyOutputStream.java:376)
	at org.apache.hadoop.ozone.client.io.KeyOutputStream.handleException(KeyOutputStream.java:325)
	at org.apache.hadoop.ozone.client.io.KeyOutputStream.handleWrite(KeyOutputStream.java:231)
	at org.apache.hadoop.ozone.client.io.KeyOutputStream.write(KeyOutputStream.java:193)
	at org.apache.hadoop.ozone.client.io.OzoneOutputStream.write(OzoneOutputStream.java:49)
	at java.io.OutputStream.write(OutputStream.java:75)
	at org.apache.hadoop.ozone.client.rpc.TestWatchForCommit.testWatchForCommitWithKeyWrite(TestWatchForCommit.java:241)
	at sun.reflect.NativeMethodAccessorImpl.invoke0(Native Method)
	at sun.reflect.NativeMethodAccessorImpl.invoke(NativeMethodAccessorImpl.java:62)
	at sun.reflect.DelegatingMethodAccessorImpl.invoke(DelegatingMethodAccessorImpl.java:43)
	at java.lang.reflect.Method.invoke(Method.java:498)
	at org.junit.runners.model.FrameworkMethod$1.runReflectiveCall(FrameworkMethod.java:47)
	at org.junit.internal.runners.model.ReflectiveCallable.run(ReflectiveCallable.java:12)
	at org.junit.runners.model.FrameworkMethod.invokeExplosively(FrameworkMethod.java:44)
	at org.junit.internal.runners.statements.InvokeMethod.evaluate(InvokeMethod.java:17)
	at org.junit.runners.ParentRunner.runLeaf(ParentRunner.java:271)
	at org.junit.runners.BlockJUnit4ClassRunner.runChild(BlockJUnit4ClassRunner.java:70)
	at org.junit.runners.BlockJUnit4ClassRunner.runChild(BlockJUnit4ClassRunner.java:50)
	at org.junit.runners.ParentRunner$3.run(ParentRunner.java:238)
	at org.junit.runners.ParentRunner$1.schedule(ParentRunner.java:63)
	at org.junit.runners.ParentRunner.runChildren(ParentRunner.java:236)
	at org.junit.runners.ParentRunner.access$000(ParentRunner.java:53)
	at org.junit.runners.ParentRunner$2.evaluate(ParentRunner.java:229)
	at org.junit.runners.ParentRunner.run(ParentRunner.java:309)
	at org.apache.maven.surefire.junit4.JUnit4Provider.execute(JUnit4Provider.java:365)
	at org.apache.maven.surefire.junit4.JUnit4Provider.executeWithRerun(JUnit4Provider.java:273)
	at org.apache.maven.surefire.junit4.JUnit4Provider.executeTestSet(JUnit4Provider.java:238)
	at org.apache.maven.surefire.junit4.JUnit4Provider.invoke(JUnit4Provider.java:159)
	at org.apache.maven.surefire.booter.ForkedBooter.invokeProviderInSameClassLoader(ForkedBooter.java:384)
	at org.apache.maven.surefire.booter.ForkedBooter.runSuitesInProcess(ForkedBooter.java:345)
	at org.apache.maven.surefire.booter.ForkedBooter.execute(ForkedBooter.java:126)
	at org.apache.maven.surefire.booter.ForkedBooter.main(ForkedBooter.java:418)
</error>
    <system-out><![CDATA[2019-06-13 12:03:51,472 WARN  server.ServerUtils (ServerUtils.java:getScmDbDir(145)) - ozone.scm.db.dirs is not configured. We recommend adding this setting. Falling back to ozone.metadata.dirs instead.
2019-06-13 12:03:51,573 WARN  server.ServerUtils (ServerUtils.java:getScmDbDir(145)) - ozone.scm.db.dirs is not configured. We recommend adding this setting. Falling back to ozone.metadata.dirs instead.
2019-06-13 12:03:51,576 WARN  server.ServerUtils (ServerUtils.java:getScmDbDir(145)) - ozone.scm.db.dirs is not configured. We recommend adding this setting. Falling back to ozone.metadata.dirs instead.
2019-06-13 12:03:51,590 INFO  util.log (Log.java:initialized(192)) - Logging initialized @810ms
2019-06-13 12:03:51,677 INFO  db.DBStoreBuilder (DBStoreBuilder.java:addTable(110)) - using custom profile for table: deletedBlocks
2019-06-13 12:03:51,677 INFO  db.DBStoreBuilder (DBStoreBuilder.java:processTables(161)) - Using default column profile:DBProfile.DISK for Table:deletedBlocks
2019-06-13 12:03:51,678 INFO  db.DBStoreBuilder (DBStoreBuilder.java:addTable(110)) - using custom profile for table: validCerts
2019-06-13 12:03:51,678 INFO  db.DBStoreBuilder (DBStoreBuilder.java:processTables(161)) - Using default column profile:DBProfile.DISK for Table:validCerts
2019-06-13 12:03:51,678 INFO  db.DBStoreBuilder (DBStoreBuilder.java:addTable(110)) - using custom profile for table: revokedCerts
2019-06-13 12:03:51,678 INFO  db.DBStoreBuilder (DBStoreBuilder.java:processTables(161)) - Using default column profile:DBProfile.DISK for Table:revokedCerts
2019-06-13 12:03:51,690 INFO  db.DBStoreBuilder (DBStoreBuilder.java:addTable(110)) - using custom profile for table: default
2019-06-13 12:03:51,690 INFO  db.DBStoreBuilder (DBStoreBuilder.java:processTables(167)) - Using default column profile:DBProfile.DISK for Table:default
2019-06-13 12:03:51,691 INFO  db.DBStoreBuilder (DBStoreBuilder.java:getDbProfile(198)) - Using default options. DBProfile.DISK
2019-06-13 12:03:51,766 WARN  server.ServerUtils (ServerUtils.java:sanitizeUserArgs(70)) - ozone.scm.stale.node.interval value = 300000 is larger than max = 100000 based on the key value of ozone.scm.heartbeat.thread.interval, reset to the max value 100000.
2019-06-13 12:03:51,766 WARN  server.ServerUtils (ServerUtils.java:sanitizeUserArgs(70)) - ozone.scm.stale.node.interval value = 300000 is larger than max = 100000 based on the key value of ozone.scm.heartbeat.thread.interval, reset to the max value 100000.
2019-06-13 12:03:51,768 INFO  node.SCMNodeManager (SCMNodeManager.java:<init>(108)) - Entering startup safe mode.
2019-06-13 12:03:51,827 INFO  net.NodeSchemaLoader (NodeSchemaLoader.java:loadSchemaFromFile(125)) - Loading file from sun.misc.CompoundEnumeration@408d971b
2019-06-13 12:03:51,828 INFO  net.NodeSchemaLoader (NodeSchemaLoader.java:loadSchema(171)) - Loading network topology layer schema file
2019-06-13 12:03:51,894 WARN  server.ServerUtils (ServerUtils.java:getScmDbDir(145)) - ozone.scm.db.dirs is not configured. We recommend adding this setting. Falling back to ozone.metadata.dirs instead.
2019-06-13 12:03:51,921 INFO  pipeline.SCMPipelineManager (SCMPipelineManager.java:initializePipelineState(126)) - No pipeline exists in current db
2019-06-13 12:03:51,924 WARN  server.ServerUtils (ServerUtils.java:getScmDbDir(145)) - ozone.scm.db.dirs is not configured. We recommend adding this setting. Falling back to ozone.metadata.dirs instead.
2019-06-13 12:03:52,110 WARN  events.EventQueue (EventQueue.java:fireEvent(175)) - No event handler registered for event TypedEvent{payloadType=SafeModeStatus, name='SafeModeStatus'}
2019-06-13 12:03:52,431 INFO  ipc.CallQueueManager (CallQueueManager.java:<init>(84)) - Using callQueue: class java.util.concurrent.LinkedBlockingQueue, queueCapacity: 2000, scheduler: class org.apache.hadoop.ipc.DefaultRpcScheduler, ipcBackoff: false.
2019-06-13 12:03:52,461 INFO  ipc.Server (Server.java:run(1074)) - Starting Socket Reader #1 for port 40449
2019-06-13 12:03:52,499 INFO  ipc.CallQueueManager (CallQueueManager.java:<init>(84)) - Using callQueue: class java.util.concurrent.LinkedBlockingQueue, queueCapacity: 2000, scheduler: class org.apache.hadoop.ipc.DefaultRpcScheduler, ipcBackoff: false.
2019-06-13 12:03:52,540 INFO  ipc.Server (Server.java:run(1074)) - Starting Socket Reader #1 for port 43155
2019-06-13 12:03:52,547 INFO  ipc.CallQueueManager (CallQueueManager.java:<init>(84)) - Using callQueue: class java.util.concurrent.LinkedBlockingQueue, queueCapacity: 2000, scheduler: class org.apache.hadoop.ipc.DefaultRpcScheduler, ipcBackoff: false.
2019-06-13 12:03:52,548 INFO  ipc.Server (Server.java:run(1074)) - Starting Socket Reader #1 for port 45813
2019-06-13 12:03:52,564 INFO  hdfs.DFSUtil (DFSUtil.java:httpServerTemplateForNNAndJN(1641)) - Starting Web-server for scm at: http://0.0.0.0:0
2019-06-13 12:03:52,731 INFO  server.AuthenticationFilter (AuthenticationFilter.java:constructSecretProvider(240)) - Unable to initialize FileSignerSecretProvider, falling back to use random secrets.
2019-06-13 12:03:52,739 WARN  http.HttpRequestLog (HttpRequestLog.java:getRequestLog(97)) - Jetty request log can only be enabled using Log4j
2019-06-13 12:03:52,747 INFO  http.HttpServer2 (HttpServer2.java:addGlobalFilter(975)) - Added global filter 'safety' (class=org.apache.hadoop.http.HttpServer2$QuotingInputFilter)
2019-06-13 12:03:52,750 INFO  http.HttpServer2 (HttpServer2.java:addFilter(948)) - Added filter static_user_filter (class=org.apache.hadoop.http.lib.StaticUserWebFilter$StaticUserFilter) to context scm
2019-06-13 12:03:52,750 INFO  http.HttpServer2 (HttpServer2.java:addFilter(958)) - Added filter static_user_filter (class=org.apache.hadoop.http.lib.StaticUserWebFilter$StaticUserFilter) to context logs
2019-06-13 12:03:52,750 INFO  http.HttpServer2 (HttpServer2.java:addFilter(958)) - Added filter static_user_filter (class=org.apache.hadoop.http.lib.StaticUserWebFilter$StaticUserFilter) to context static
2019-06-13 12:03:52,778 INFO  server.StorageContainerManager (StorageContainerManager.java:start(752)) - StorageContainerLocationProtocol RPC server is listening at /0.0.0.0:45813
2019-06-13 12:03:52,844 WARN  impl.MetricsConfig (MetricsConfig.java:loadFirst(134)) - Cannot locate configuration: tried hadoop-metrics2-storagecontainermanager.properties,hadoop-metrics2.properties
2019-06-13 12:03:52,860 INFO  impl.MetricsSystemImpl (MetricsSystemImpl.java:startTimer(374)) - Scheduled Metric snapshot period at 10 second(s).
2019-06-13 12:03:52,861 INFO  impl.MetricsSystemImpl (MetricsSystemImpl.java:start(191)) - StorageContainerManager metrics system started
2019-06-13 12:03:53,097 INFO  server.SCMClientProtocolServer (SCMClientProtocolServer.java:start(149)) - RPC server for Client  is listening at /0.0.0.0:45813
2019-06-13 12:03:53,098 INFO  ipc.Server (Server.java:run(1314)) - IPC Server Responder: starting
2019-06-13 12:03:53,099 INFO  ipc.Server (Server.java:run(1153)) - IPC Server listener on 45813: starting
2019-06-13 12:03:53,108 INFO  server.StorageContainerManager (StorageContainerManager.java:start(761)) - ScmBlockLocationProtocol RPC server is listening at /0.0.0.0:43155
2019-06-13 12:03:53,108 INFO  server.SCMBlockProtocolServer (SCMBlockProtocolServer.java:start(137)) - RPC server for Block Protocol is listening at /0.0.0.0:43155
2019-06-13 12:03:53,109 INFO  ipc.Server (Server.java:run(1314)) - IPC Server Responder: starting
2019-06-13 12:03:53,110 INFO  ipc.Server (Server.java:run(1153)) - IPC Server listener on 43155: starting
2019-06-13 12:03:53,120 INFO  server.StorageContainerManager (StorageContainerManager.java:start(765)) - ScmDatanodeProtocl RPC server is listening at /0.0.0.0:40449
2019-06-13 12:03:53,120 INFO  server.SCMDatanodeProtocolServer (SCMDatanodeProtocolServer.java:start(191)) - RPC server for DataNodes is listening at /0.0.0.0:40449
2019-06-13 12:03:53,121 INFO  ipc.Server (Server.java:run(1314)) - IPC Server Responder: starting
2019-06-13 12:03:53,121 INFO  ipc.Server (Server.java:run(1153)) - IPC Server listener on 40449: starting
2019-06-13 12:03:53,126 INFO  http.HttpServer2 (HttpServer2.java:bindListener(1191)) - Jetty bound to port 38733
2019-06-13 12:03:53,128 INFO  server.Server (Server.java:doStart(351)) - jetty-9.3.24.v20180605, build timestamp: 2018-06-05T17:11:56Z, git hash: 84205aa28f11a4f31f2a3b86d1bba2cc8ab69827
2019-06-13 12:03:53,164 INFO  handler.ContextHandler (ContextHandler.java:doStart(781)) - Started o.e.j.s.ServletContextHandler@4879dfad{/logs,file:///opt/src/hadoop-ozone/integration-test/target/log,AVAILABLE}
2019-06-13 12:03:53,165 INFO  handler.ContextHandler (ContextHandler.java:doStart(781)) - Started o.e.j.s.ServletContextHandler@74eb909f{/static,file:///opt/src/hadoop-ozone/integration-test/target/test-classes/webapps/static,AVAILABLE}
2019-06-13 12:03:53,203 INFO  handler.ContextHandler (ContextHandler.java:doStart(781)) - Started o.e.j.w.WebAppContext@6c345c5f{/,file:///opt/src/hadoop-ozone/integration-test/target/test-classes/webapps/scm/,AVAILABLE}{/scm}
2019-06-13 12:03:53,207 INFO  server.AbstractConnector (AbstractConnector.java:doStart(278)) - Started ServerConnector@362a019c{HTTP/1.1,[http/1.1]}{0.0.0.0:38733}
2019-06-13 12:03:53,207 INFO  server.Server (Server.java:doStart(419)) - Started @2428ms
2019-06-13 12:03:53,208 INFO  server.BaseHttpServer (BaseHttpServer.java:updateConnectorAddress(207)) - HTTP server of SCM is listening at http://0.0.0.0:38733
2019-06-13 12:03:53,216 WARN  scm.ScmUtils (ScmUtils.java:getDBPath(63)) - ozone.om.db.dirs is not configured. We recommend adding this setting. Falling back to ozone.metadata.dirs instead.
2019-06-13 12:03:53,221 INFO  util.JvmPauseMonitor (JvmPauseMonitor.java:run(188)) - Starting JVM pause monitor
2019-06-13 12:03:53,331 WARN  scm.ScmUtils (ScmUtils.java:getDBPath(63)) - ozone.om.db.dirs is not configured. We recommend adding this setting. Falling back to ozone.metadata.dirs instead.
2019-06-13 12:03:53,332 INFO  om.OzoneManager (OzoneManager.java:setOMNodeDetails(519)) - OM Service ID is not set. Setting it to the default ID: omServiceIdDefault
2019-06-13 12:03:53,333 INFO  om.OzoneManager (OzoneManager.java:setOMNodeDetails(525)) - OM Node ID is not set. Setting it to the OmStorage's OmID: 0ccdec85-d3d5-4c40-9c3d-82cb62e87b29
2019-06-13 12:03:53,334 WARN  scm.HddsServerUtil (HddsServerUtil.java:getDefaultRatisDirectory(354)) - Storage directory for Ratis is not configured. It is a good idea to map this to an SSD disk. Falling back to ozone.metadata.dirs
2019-06-13 12:03:53,335 WARN  scm.HddsServerUtil (HddsServerUtil.java:getDefaultRatisDirectory(354)) - Storage directory for Ratis is not configured. It is a good idea to map this to an SSD disk. Falling back to ozone.metadata.dirs
2019-06-13 12:03:53,335 INFO  om.OzoneManager (OzoneManager.java:loadOMHAConfigs(476)) - Found matching OM address with OMServiceId: null, OMNodeId: null, RPC Address: localhost:0 and Ratis port: 9872
2019-06-13 12:03:53,554 WARN  scm.ScmUtils (ScmUtils.java:getDBPath(63)) - ozone.om.db.dirs is not configured. We recommend adding this setting. Falling back to ozone.metadata.dirs instead.
2019-06-13 12:03:53,560 INFO  db.DBStoreBuilder (DBStoreBuilder.java:addTable(110)) - using custom profile for table: userTable
2019-06-13 12:03:53,561 INFO  db.DBStoreBuilder (DBStoreBuilder.java:processTables(161)) - Using default column profile:DBProfile.DISK for Table:userTable
2019-06-13 12:03:53,561 INFO  db.DBStoreBuilder (DBStoreBuilder.java:addTable(110)) - using custom profile for table: volumeTable
2019-06-13 12:03:53,561 INFO  db.DBStoreBuilder (DBStoreBuilder.java:processTables(161)) - Using default column profile:DBProfile.DISK for Table:volumeTable
2019-06-13 12:03:53,562 INFO  db.DBStoreBuilder (DBStoreBuilder.java:addTable(110)) - using custom profile for table: bucketTable
2019-06-13 12:03:53,562 INFO  db.DBStoreBuilder (DBStoreBuilder.java:processTables(161)) - Using default column profile:DBProfile.DISK for Table:bucketTable
2019-06-13 12:03:53,562 INFO  db.DBStoreBuilder (DBStoreBuilder.java:addTable(110)) - using custom profile for table: keyTable
2019-06-13 12:03:53,562 INFO  db.DBStoreBuilder (DBStoreBuilder.java:processTables(161)) - Using default column profile:DBProfile.DISK for Table:keyTable
2019-06-13 12:03:53,563 INFO  db.DBStoreBuilder (DBStoreBuilder.java:addTable(110)) - using custom profile for table: deletedTable
2019-06-13 12:03:53,563 INFO  db.DBStoreBuilder (DBStoreBuilder.java:processTables(161)) - Using default column profile:DBProfile.DISK for Table:deletedTable
2019-06-13 12:03:53,563 INFO  db.DBStoreBuilder (DBStoreBuilder.java:addTable(110)) - using custom profile for table: openKeyTable
2019-06-13 12:03:53,563 INFO  db.DBStoreBuilder (DBStoreBuilder.java:processTables(161)) - Using default column profile:DBProfile.DISK for Table:openKeyTable
2019-06-13 12:03:53,564 INFO  db.DBStoreBuilder (DBStoreBuilder.java:addTable(110)) - using custom profile for table: s3Table
2019-06-13 12:03:53,564 INFO  db.DBStoreBuilder (DBStoreBuilder.java:processTables(161)) - Using default column profile:DBProfile.DISK for Table:s3Table
2019-06-13 12:03:53,564 INFO  db.DBStoreBuilder (DBStoreBuilder.java:addTable(110)) - using custom profile for table: multipartInfoTable
2019-06-13 12:03:53,564 INFO  db.DBStoreBuilder (DBStoreBuilder.java:processTables(161)) - Using default column profile:DBProfile.DISK for Table:multipartInfoTable
2019-06-13 12:03:53,565 INFO  db.DBStoreBuilder (DBStoreBuilder.java:addTable(110)) - using custom profile for table: dTokenTable
2019-06-13 12:03:53,565 INFO  db.DBStoreBuilder (DBStoreBuilder.java:processTables(161)) - Using default column profile:DBProfile.DISK for Table:dTokenTable
2019-06-13 12:03:53,565 INFO  db.DBStoreBuilder (DBStoreBuilder.java:addTable(110)) - using custom profile for table: s3SecretTable
2019-06-13 12:03:53,565 INFO  db.DBStoreBuilder (DBStoreBuilder.java:processTables(161)) - Using default column profile:DBProfile.DISK for Table:s3SecretTable
2019-06-13 12:03:53,566 INFO  db.DBStoreBuilder (DBStoreBuilder.java:addTable(110)) - using custom profile for table: prefixTable
2019-06-13 12:03:53,566 INFO  db.DBStoreBuilder (DBStoreBuilder.java:processTables(161)) - Using default column profile:DBProfile.DISK for Table:prefixTable
2019-06-13 12:03:53,566 INFO  db.DBStoreBuilder (DBStoreBuilder.java:addTable(110)) - using custom profile for table: default
2019-06-13 12:03:53,566 INFO  db.DBStoreBuilder (DBStoreBuilder.java:processTables(167)) - Using default column profile:DBProfile.DISK for Table:default
2019-06-13 12:03:53,567 INFO  db.DBStoreBuilder (DBStoreBuilder.java:getDbProfile(198)) - Using default options. DBProfile.DISK
2019-06-13 12:03:54,107 INFO  ipc.CallQueueManager (CallQueueManager.java:<init>(84)) - Using callQueue: class java.util.concurrent.LinkedBlockingQueue, queueCapacity: 2000, scheduler: class org.apache.hadoop.ipc.DefaultRpcScheduler, ipcBackoff: false.
2019-06-13 12:03:54,109 INFO  ipc.Server (Server.java:run(1074)) - Starting Socket Reader #1 for port 45805
2019-06-13 12:03:54,141 WARN  scm.ScmUtils (ScmUtils.java:getDBPath(63)) - ozone.om.db.dirs is not configured. We recommend adding this setting. Falling back to ozone.metadata.dirs instead.
2019-06-13 12:03:54,141 INFO  om.OzoneManager (OzoneManager.java:start(1217)) - OzoneManager RPC server is listening at localhost/127.0.0.1:45805
2019-06-13 12:03:54,142 INFO  impl.MetricsSystemImpl (MetricsSystemImpl.java:init(158)) - OzoneManager metrics system started (again)
2019-06-13 12:03:54,145 INFO  ipc.Server (Server.java:run(1314)) - IPC Server Responder: starting
2019-06-13 12:03:54,146 INFO  ipc.Server (Server.java:run(1153)) - IPC Server listener on 45805: starting
2019-06-13 12:03:54,159 INFO  hdfs.DFSUtil (DFSUtil.java:httpServerTemplateForNNAndJN(1641)) - Starting Web-server for ozoneManager at: http://0.0.0.0:0
2019-06-13 12:03:54,160 INFO  server.AuthenticationFilter (AuthenticationFilter.java:constructSecretProvider(240)) - Unable to initialize FileSignerSecretProvider, falling back to use random secrets.
2019-06-13 12:03:54,161 WARN  http.HttpRequestLog (HttpRequestLog.java:getRequestLog(97)) - Jetty request log can only be enabled using Log4j
2019-06-13 12:03:54,163 INFO  http.HttpServer2 (HttpServer2.java:addGlobalFilter(975)) - Added global filter 'safety' (class=org.apache.hadoop.http.HttpServer2$QuotingInputFilter)
2019-06-13 12:03:54,164 INFO  http.HttpServer2 (HttpServer2.java:addFilter(948)) - Added filter static_user_filter (class=org.apache.hadoop.http.lib.StaticUserWebFilter$StaticUserFilter) to context ozoneManager
2019-06-13 12:03:54,164 INFO  http.HttpServer2 (HttpServer2.java:addFilter(958)) - Added filter static_user_filter (class=org.apache.hadoop.http.lib.StaticUserWebFilter$StaticUserFilter) to context logs
2019-06-13 12:03:54,165 INFO  http.HttpServer2 (HttpServer2.java:addFilter(958)) - Added filter static_user_filter (class=org.apache.hadoop.http.lib.StaticUserWebFilter$StaticUserFilter) to context static
2019-06-13 12:03:54,166 INFO  http.HttpServer2 (HttpServer2.java:bindListener(1191)) - Jetty bound to port 42083
2019-06-13 12:03:54,166 INFO  server.Server (Server.java:doStart(351)) - jetty-9.3.24.v20180605, build timestamp: 2018-06-05T17:11:56Z, git hash: 84205aa28f11a4f31f2a3b86d1bba2cc8ab69827
2019-06-13 12:03:54,182 INFO  handler.ContextHandler (ContextHandler.java:doStart(781)) - Started o.e.j.s.ServletContextHandler@1a411233{/logs,file:///opt/src/hadoop-ozone/integration-test/target/log,AVAILABLE}
2019-06-13 12:03:54,182 INFO  handler.ContextHandler (ContextHandler.java:doStart(781)) - Started o.e.j.s.ServletContextHandler@7c2327fa{/static,file:///opt/src/hadoop-ozone/integration-test/target/test-classes/webapps/static,AVAILABLE}
2019-06-13 12:03:54,188 INFO  handler.ContextHandler (ContextHandler.java:doStart(781)) - Started o.e.j.w.WebAppContext@4565a70a{/,file:///opt/src/hadoop-ozone/integration-test/target/test-classes/webapps/ozoneManager/,AVAILABLE}{/ozoneManager}
2019-06-13 12:03:54,188 INFO  server.AbstractConnector (AbstractConnector.java:doStart(278)) - Started ServerConnector@a0a9fa5{HTTP/1.1,[http/1.1]}{0.0.0.0:42083}
2019-06-13 12:03:54,190 INFO  server.Server (Server.java:doStart(419)) - Started @3410ms
2019-06-13 12:03:54,190 INFO  server.BaseHttpServer (BaseHttpServer.java:updateConnectorAddress(207)) - HTTP server of OZONEMANAGER is listening at http://0.0.0.0:42083
2019-06-13 12:03:54,350 INFO  impl.MetricsSystemImpl (MetricsSystemImpl.java:init(158)) - HddsDatanode metrics system started (again)
2019-06-13 12:03:54,507 INFO  ozone.HddsDatanodeService (HddsDatanodeService.java:start(185)) - HddsDatanodeService host:ozone-nffxw-186015654 ip:192.168.46.58
2019-06-13 12:03:54,539 INFO  volume.HddsVolume (HddsVolume.java:<init>(176)) - Creating Volume: /opt/src/hadoop-ozone/integration-test/target/test-dir/MiniOzoneClusterImpl-116b67e6-721e-43d0-9aeb-aef0ab413853/datanode-0/data/containers/hdds of  storage type : DISK and capacity : 104021790720
2019-06-13 12:03:54,541 INFO  volume.VolumeSet (VolumeSet.java:initializeVolumeSet(170)) - Added Volume : /opt/src/hadoop-ozone/integration-test/target/test-dir/MiniOzoneClusterImpl-116b67e6-721e-43d0-9aeb-aef0ab413853/datanode-0/data/containers/hdds to VolumeSet
2019-06-13 12:03:54,544 INFO  volume.ThrottledAsyncChecker (ThrottledAsyncChecker.java:schedule(140)) - Scheduling a check for org.apache.hadoop.ozone.container.common.volume.HddsVolume@3d43fe
2019-06-13 12:03:54,561 INFO  volume.HddsVolumeChecker (HddsVolumeChecker.java:checkAllVolumes(203)) - Scheduled health check for volume org.apache.hadoop.ozone.container.common.volume.HddsVolume@3d43fe
2019-06-13 12:03:54,607 INFO  ratis.XceiverServerRatis (XceiverServerRatis.java:newXceiverServerRatis(401)) - Found a free port for the server : 41525
2019-06-13 12:03:54,673 INFO  impl.RaftServerProxy (ConfUtils.java:logGet(43)) - raft.rpc.type = GRPC (default)
2019-06-13 12:03:54,683 INFO  grpc.GrpcConfigKeys$Server (ConfUtils.java:logGet(43)) - raft.grpc.server.port = 41525 (custom)
2019-06-13 12:03:54,684 INFO  server.GrpcService (ConfUtils.java:logGet(43)) - raft.grpc.message.size.max = 33570816 (custom)
2019-06-13 12:03:54,686 INFO  server.RaftServerConfigKeys (ConfUtils.java:logGet(43)) - raft.server.log.appender.buffer.byte-limit = 33554432 (custom)
2019-06-13 12:03:54,687 INFO  server.GrpcService (ConfUtils.java:logGet(43)) - raft.grpc.flow.control.window = 1MB (=1048576) (default)
2019-06-13 12:03:54,687 INFO  server.RaftServerConfigKeys (ConfUtils.java:logGet(43)) - raft.server.rpc.request.timeout = 3000ms (default)
2019-06-13 12:03:54,833 INFO  server.RaftServerConfigKeys (ConfUtils.java:logGet(43)) - raft.server.storage.dir = [/opt/src/hadoop-ozone/integration-test/target/test-dir/MiniOzoneClusterImpl-116b67e6-721e-43d0-9aeb-aef0ab413853/datanode-0/data/ratis] (custom)
2019-06-13 12:03:54,840 INFO  server.XceiverServerGrpc (XceiverServerGrpc.java:<init>(97)) - Found a free port for the server : 38535
2019-06-13 12:03:54,863 INFO  replication.SimpleContainerDownloader (SimpleContainerDownloader.java:<init>(72)) - Starting container downloader service to copy containers to replicate.
2019-06-13 12:03:54,900 INFO  hdfs.DFSUtil (DFSUtil.java:httpServerTemplateForNNAndJN(1641)) - Starting Web-server for hddsDatanode at: http://0.0.0.0:0
2019-06-13 12:03:54,902 INFO  server.AuthenticationFilter (AuthenticationFilter.java:constructSecretProvider(240)) - Unable to initialize FileSignerSecretProvider, falling back to use random secrets.
2019-06-13 12:03:54,902 WARN  http.HttpRequestLog (HttpRequestLog.java:getRequestLog(97)) - Jetty request log can only be enabled using Log4j
2019-06-13 12:03:54,904 INFO  http.HttpServer2 (HttpServer2.java:addGlobalFilter(975)) - Added global filter 'safety' (class=org.apache.hadoop.http.HttpServer2$QuotingInputFilter)
2019-06-13 12:03:54,905 INFO  http.HttpServer2 (HttpServer2.java:addFilter(948)) - Added filter static_user_filter (class=org.apache.hadoop.http.lib.StaticUserWebFilter$StaticUserFilter) to context hddsDatanode
2019-06-13 12:03:54,905 INFO  http.HttpServer2 (HttpServer2.java:addFilter(958)) - Added filter static_user_filter (class=org.apache.hadoop.http.lib.StaticUserWebFilter$StaticUserFilter) to context static
2019-06-13 12:03:54,905 INFO  http.HttpServer2 (HttpServer2.java:addFilter(958)) - Added filter static_user_filter (class=org.apache.hadoop.http.lib.StaticUserWebFilter$StaticUserFilter) to context logs
2019-06-13 12:03:54,906 INFO  http.HttpServer2 (HttpServer2.java:bindListener(1191)) - Jetty bound to port 46157
2019-06-13 12:03:54,906 INFO  server.Server (Server.java:doStart(351)) - jetty-9.3.24.v20180605, build timestamp: 2018-06-05T17:11:56Z, git hash: 84205aa28f11a4f31f2a3b86d1bba2cc8ab69827
2019-06-13 12:03:54,921 INFO  handler.ContextHandler (ContextHandler.java:doStart(781)) - Started o.e.j.s.ServletContextHandler@6fc29daa{/logs,file:///opt/src/hadoop-ozone/integration-test/target/log,AVAILABLE}
2019-06-13 12:03:54,921 INFO  handler.ContextHandler (ContextHandler.java:doStart(781)) - Started o.e.j.s.ServletContextHandler@4d62f4c6{/static,jar:file:/root/.m2/repository/org/apache/hadoop/hadoop-hdds-container-service/0.5.0-SNAPSHOT/hadoop-hdds-container-service-0.5.0-SNAPSHOT.jar!/webapps/static,AVAILABLE}
2019-06-13 12:03:54,958 INFO  handler.ContextHandler (ContextHandler.java:doStart(781)) - Started o.e.j.w.WebAppContext@44924587{/,file:///tmp/jetty-0.0.0.0-46157-hddsDatanode-_-any-5873220615071650103.dir/webapp/,AVAILABLE}{/hddsDatanode}
2019-06-13 12:03:54,959 INFO  server.AbstractConnector (AbstractConnector.java:doStart(278)) - Started ServerConnector@18460128{HTTP/1.1,[http/1.1]}{0.0.0.0:46157}
2019-06-13 12:03:54,960 INFO  server.Server (Server.java:doStart(419)) - Started @4180ms
2019-06-13 12:03:54,961 INFO  server.BaseHttpServer (BaseHttpServer.java:updateConnectorAddress(207)) - HTTP server of HDDSDATANODE is listening at http://0.0.0.0:46157
2019-06-13 12:03:55,964 INFO  ozone.HddsDatanodeService (HddsDatanodeService.java:startPlugins(396)) - Started plug-in org.apache.hadoop.ozone.web.OzoneHddsDatanodeService@f171912
2019-06-13 12:03:55,969 INFO  impl.MetricsSystemImpl (MetricsSystemImpl.java:init(158)) - HddsDatanode metrics system started (again)
2019-06-13 12:03:55,971 INFO  ozone.HddsDatanodeService (HddsDatanodeService.java:start(185)) - HddsDatanodeService host:ozone-nffxw-186015654 ip:192.168.46.58
2019-06-13 12:03:55,994 INFO  util.JvmPauseMonitor (JvmPauseMonitor.java:run(188)) - Starting JVM pause monitor
2019-06-13 12:03:56,000 INFO  volume.HddsVolume (HddsVolume.java:<init>(176)) - Creating Volume: /opt/src/hadoop-ozone/integration-test/target/test-dir/MiniOzoneClusterImpl-116b67e6-721e-43d0-9aeb-aef0ab413853/datanode-1/data/containers/hdds of  storage type : DISK and capacity : 104021790720
2019-06-13 12:03:56,001 INFO  volume.VolumeSet (VolumeSet.java:initializeVolumeSet(170)) - Added Volume : /opt/src/hadoop-ozone/integration-test/target/test-dir/MiniOzoneClusterImpl-116b67e6-721e-43d0-9aeb-aef0ab413853/datanode-1/data/containers/hdds to VolumeSet
2019-06-13 12:03:56,001 INFO  volume.ThrottledAsyncChecker (ThrottledAsyncChecker.java:schedule(140)) - Scheduling a check for org.apache.hadoop.ozone.container.common.volume.HddsVolume@469a7575
2019-06-13 12:03:56,006 INFO  volume.HddsVolumeChecker (HddsVolumeChecker.java:checkAllVolumes(203)) - Scheduled health check for volume org.apache.hadoop.ozone.container.common.volume.HddsVolume@469a7575
2019-06-13 12:03:56,030 INFO  ratis.XceiverServerRatis (XceiverServerRatis.java:newXceiverServerRatis(401)) - Found a free port for the server : 34301
2019-06-13 12:03:56,031 INFO  impl.RaftServerProxy (ConfUtils.java:logGet(43)) - raft.rpc.type = GRPC (default)
2019-06-13 12:03:56,033 INFO  grpc.GrpcConfigKeys$Server (ConfUtils.java:logGet(43)) - raft.grpc.server.port = 34301 (custom)
2019-06-13 12:03:56,033 INFO  server.GrpcService (ConfUtils.java:logGet(43)) - raft.grpc.message.size.max = 33570816 (custom)
2019-06-13 12:03:56,033 INFO  server.RaftServerConfigKeys (ConfUtils.java:logGet(43)) - raft.server.log.appender.buffer.byte-limit = 33554432 (custom)
2019-06-13 12:03:56,034 INFO  server.GrpcService (ConfUtils.java:logGet(43)) - raft.grpc.flow.control.window = 1MB (=1048576) (default)
2019-06-13 12:03:56,034 INFO  server.RaftServerConfigKeys (ConfUtils.java:logGet(43)) - raft.server.rpc.request.timeout = 3000ms (default)
2019-06-13 12:03:56,035 INFO  server.RaftServerConfigKeys (ConfUtils.java:logGet(43)) - raft.server.storage.dir = [/opt/src/hadoop-ozone/integration-test/target/test-dir/MiniOzoneClusterImpl-116b67e6-721e-43d0-9aeb-aef0ab413853/datanode-1/data/ratis] (custom)
2019-06-13 12:03:56,036 INFO  server.XceiverServerGrpc (XceiverServerGrpc.java:<init>(97)) - Found a free port for the server : 41829
2019-06-13 12:03:56,036 INFO  replication.SimpleContainerDownloader (SimpleContainerDownloader.java:<init>(72)) - Starting container downloader service to copy containers to replicate.
2019-06-13 12:03:56,044 INFO  hdfs.DFSUtil (DFSUtil.java:httpServerTemplateForNNAndJN(1641)) - Starting Web-server for hddsDatanode at: http://0.0.0.0:0
2019-06-13 12:03:56,045 INFO  server.AuthenticationFilter (AuthenticationFilter.java:constructSecretProvider(240)) - Unable to initialize FileSignerSecretProvider, falling back to use random secrets.
2019-06-13 12:03:56,049 WARN  http.HttpRequestLog (HttpRequestLog.java:getRequestLog(97)) - Jetty request log can only be enabled using Log4j
2019-06-13 12:03:56,051 INFO  http.HttpServer2 (HttpServer2.java:addGlobalFilter(975)) - Added global filter 'safety' (class=org.apache.hadoop.http.HttpServer2$QuotingInputFilter)
2019-06-13 12:03:56,052 INFO  http.HttpServer2 (HttpServer2.java:addFilter(948)) - Added filter static_user_filter (class=org.apache.hadoop.http.lib.StaticUserWebFilter$StaticUserFilter) to context hddsDatanode
2019-06-13 12:03:56,052 INFO  http.HttpServer2 (HttpServer2.java:addFilter(958)) - Added filter static_user_filter (class=org.apache.hadoop.http.lib.StaticUserWebFilter$StaticUserFilter) to context static
2019-06-13 12:03:56,053 INFO  http.HttpServer2 (HttpServer2.java:addFilter(958)) - Added filter static_user_filter (class=org.apache.hadoop.http.lib.StaticUserWebFilter$StaticUserFilter) to context logs
2019-06-13 12:03:56,053 INFO  http.HttpServer2 (HttpServer2.java:bindListener(1191)) - Jetty bound to port 40787
2019-06-13 12:03:56,054 INFO  server.Server (Server.java:doStart(351)) - jetty-9.3.24.v20180605, build timestamp: 2018-06-05T17:11:56Z, git hash: 84205aa28f11a4f31f2a3b86d1bba2cc8ab69827
2019-06-13 12:03:56,056 INFO  handler.ContextHandler (ContextHandler.java:doStart(781)) - Started o.e.j.s.ServletContextHandler@38d80d65{/logs,file:///opt/src/hadoop-ozone/integration-test/target/log,AVAILABLE}
2019-06-13 12:03:56,057 INFO  handler.ContextHandler (ContextHandler.java:doStart(781)) - Started o.e.j.s.ServletContextHandler@5a0e0886{/static,jar:file:/root/.m2/repository/org/apache/hadoop/hadoop-hdds-container-service/0.5.0-SNAPSHOT/hadoop-hdds-container-service-0.5.0-SNAPSHOT.jar!/webapps/static,AVAILABLE}
2019-06-13 12:03:56,091 INFO  handler.ContextHandler (ContextHandler.java:doStart(781)) - Started o.e.j.w.WebAppContext@186d8a71{/,file:///tmp/jetty-0.0.0.0-40787-hddsDatanode-_-any-6289421941333088265.dir/webapp/,AVAILABLE}{/hddsDatanode}
2019-06-13 12:03:56,096 INFO  server.AbstractConnector (AbstractConnector.java:doStart(278)) - Started ServerConnector@3dc40ab9{HTTP/1.1,[http/1.1]}{0.0.0.0:40787}
2019-06-13 12:03:56,096 INFO  server.Server (Server.java:doStart(419)) - Started @5317ms
2019-06-13 12:03:56,103 INFO  server.BaseHttpServer (BaseHttpServer.java:updateConnectorAddress(207)) - HTTP server of HDDSDATANODE is listening at http://0.0.0.0:40787
2019-06-13 12:03:56,169 INFO  datanode.InitDatanodeState (InitDatanodeState.java:persistContainerDatanodeDetails(140)) - DatanodeDetails is persisted to /opt/src/hadoop-ozone/integration-test/target/test-dir/MiniOzoneClusterImpl-116b67e6-721e-43d0-9aeb-aef0ab413853/datanode-0/meta/datanode.id
2019-06-13 12:03:56,301 INFO  ozone.HddsDatanodeService (HddsDatanodeService.java:startPlugins(396)) - Started plug-in org.apache.hadoop.ozone.web.OzoneHddsDatanodeService@733e6df7
2019-06-13 12:03:56,305 INFO  impl.MetricsSystemImpl (MetricsSystemImpl.java:init(158)) - HddsDatanode metrics system started (again)
2019-06-13 12:03:56,306 INFO  ozone.HddsDatanodeService (HddsDatanodeService.java:start(185)) - HddsDatanodeService host:ozone-nffxw-186015654 ip:192.168.46.58
2019-06-13 12:03:56,313 INFO  util.JvmPauseMonitor (JvmPauseMonitor.java:run(188)) - Starting JVM pause monitor
2019-06-13 12:03:56,319 INFO  datanode.InitDatanodeState (InitDatanodeState.java:persistContainerDatanodeDetails(140)) - DatanodeDetails is persisted to /opt/src/hadoop-ozone/integration-test/target/test-dir/MiniOzoneClusterImpl-116b67e6-721e-43d0-9aeb-aef0ab413853/datanode-1/meta/datanode.id
2019-06-13 12:03:56,321 INFO  volume.HddsVolume (HddsVolume.java:<init>(176)) - Creating Volume: /opt/src/hadoop-ozone/integration-test/target/test-dir/MiniOzoneClusterImpl-116b67e6-721e-43d0-9aeb-aef0ab413853/datanode-2/data/containers/hdds of  storage type : DISK and capacity : 104021790720
2019-06-13 12:03:56,322 INFO  volume.VolumeSet (VolumeSet.java:initializeVolumeSet(170)) - Added Volume : /opt/src/hadoop-ozone/integration-test/target/test-dir/MiniOzoneClusterImpl-116b67e6-721e-43d0-9aeb-aef0ab413853/datanode-2/data/containers/hdds to VolumeSet
2019-06-13 12:03:56,322 INFO  volume.ThrottledAsyncChecker (ThrottledAsyncChecker.java:schedule(140)) - Scheduling a check for org.apache.hadoop.ozone.container.common.volume.HddsVolume@108e9837
2019-06-13 12:03:56,326 INFO  volume.HddsVolumeChecker (HddsVolumeChecker.java:checkAllVolumes(203)) - Scheduled health check for volume org.apache.hadoop.ozone.container.common.volume.HddsVolume@108e9837
2019-06-13 12:03:56,338 INFO  ratis.XceiverServerRatis (XceiverServerRatis.java:newXceiverServerRatis(401)) - Found a free port for the server : 43419
2019-06-13 12:03:56,339 INFO  impl.RaftServerProxy (ConfUtils.java:logGet(43)) - raft.rpc.type = GRPC (default)
2019-06-13 12:03:56,340 INFO  grpc.GrpcConfigKeys$Server (ConfUtils.java:logGet(43)) - raft.grpc.server.port = 43419 (custom)
2019-06-13 12:03:56,340 INFO  server.GrpcService (ConfUtils.java:logGet(43)) - raft.grpc.message.size.max = 33570816 (custom)
2019-06-13 12:03:56,340 INFO  server.RaftServerConfigKeys (ConfUtils.java:logGet(43)) - raft.server.log.appender.buffer.byte-limit = 33554432 (custom)
2019-06-13 12:03:56,341 INFO  server.GrpcService (ConfUtils.java:logGet(43)) - raft.grpc.flow.control.window = 1MB (=1048576) (default)
2019-06-13 12:03:56,341 INFO  server.RaftServerConfigKeys (ConfUtils.java:logGet(43)) - raft.server.rpc.request.timeout = 3000ms (default)
2019-06-13 12:03:56,341 INFO  server.RaftServerConfigKeys (ConfUtils.java:logGet(43)) - raft.server.storage.dir = [/opt/src/hadoop-ozone/integration-test/target/test-dir/MiniOzoneClusterImpl-116b67e6-721e-43d0-9aeb-aef0ab413853/datanode-2/data/ratis] (custom)
2019-06-13 12:03:56,342 INFO  server.XceiverServerGrpc (XceiverServerGrpc.java:<init>(97)) - Found a free port for the server : 42711
2019-06-13 12:03:56,343 INFO  replication.SimpleContainerDownloader (SimpleContainerDownloader.java:<init>(72)) - Starting container downloader service to copy containers to replicate.
2019-06-13 12:03:56,344 INFO  hdfs.DFSUtil (DFSUtil.java:httpServerTemplateForNNAndJN(1641)) - Starting Web-server for hddsDatanode at: http://0.0.0.0:0
2019-06-13 12:03:56,345 INFO  server.AuthenticationFilter (AuthenticationFilter.java:constructSecretProvider(240)) - Unable to initialize FileSignerSecretProvider, falling back to use random secrets.
2019-06-13 12:03:56,345 WARN  http.HttpRequestLog (HttpRequestLog.java:getRequestLog(97)) - Jetty request log can only be enabled using Log4j
2019-06-13 12:03:56,347 INFO  http.HttpServer2 (HttpServer2.java:addGlobalFilter(975)) - Added global filter 'safety' (class=org.apache.hadoop.http.HttpServer2$QuotingInputFilter)
2019-06-13 12:03:56,347 INFO  http.HttpServer2 (HttpServer2.java:addFilter(948)) - Added filter static_user_filter (class=org.apache.hadoop.http.lib.StaticUserWebFilter$StaticUserFilter) to context hddsDatanode
2019-06-13 12:03:56,347 INFO  http.HttpServer2 (HttpServer2.java:addFilter(958)) - Added filter static_user_filter (class=org.apache.hadoop.http.lib.StaticUserWebFilter$StaticUserFilter) to context logs
2019-06-13 12:03:56,347 INFO  http.HttpServer2 (HttpServer2.java:addFilter(958)) - Added filter static_user_filter (class=org.apache.hadoop.http.lib.StaticUserWebFilter$StaticUserFilter) to context static
2019-06-13 12:03:56,348 INFO  http.HttpServer2 (HttpServer2.java:bindListener(1191)) - Jetty bound to port 32937
2019-06-13 12:03:56,348 INFO  server.Server (Server.java:doStart(351)) - jetty-9.3.24.v20180605, build timestamp: 2018-06-05T17:11:56Z, git hash: 84205aa28f11a4f31f2a3b86d1bba2cc8ab69827
2019-06-13 12:03:56,363 INFO  handler.ContextHandler (ContextHandler.java:doStart(781)) - Started o.e.j.s.ServletContextHandler@2ba42204{/logs,file:///opt/src/hadoop-ozone/integration-test/target/log,AVAILABLE}
2019-06-13 12:03:56,366 INFO  handler.ContextHandler (ContextHandler.java:doStart(781)) - Started o.e.j.s.ServletContextHandler@5b1efaaf{/static,jar:file:/root/.m2/repository/org/apache/hadoop/hadoop-hdds-container-service/0.5.0-SNAPSHOT/hadoop-hdds-container-service-0.5.0-SNAPSHOT.jar!/webapps/static,AVAILABLE}
2019-06-13 12:03:56,398 INFO  handler.ContextHandler (ContextHandler.java:doStart(781)) - Started o.e.j.w.WebAppContext@611e5819{/,file:///tmp/jetty-0.0.0.0-32937-hddsDatanode-_-any-1304621054334458932.dir/webapp/,AVAILABLE}{/hddsDatanode}
2019-06-13 12:03:56,399 INFO  server.AbstractConnector (AbstractConnector.java:doStart(278)) - Started ServerConnector@2567f3fe{HTTP/1.1,[http/1.1]}{0.0.0.0:32937}
2019-06-13 12:03:56,400 INFO  server.Server (Server.java:doStart(419)) - Started @5621ms
2019-06-13 12:03:56,401 INFO  server.BaseHttpServer (BaseHttpServer.java:updateConnectorAddress(207)) - HTTP server of HDDSDATANODE is listening at http://0.0.0.0:32937
2019-06-13 12:03:56,548 INFO  ozone.HddsDatanodeService (HddsDatanodeService.java:startPlugins(396)) - Started plug-in org.apache.hadoop.ozone.web.OzoneHddsDatanodeService@707865bd
2019-06-13 12:03:56,549 INFO  impl.MetricsSystemImpl (MetricsSystemImpl.java:init(158)) - HddsDatanode metrics system started (again)
2019-06-13 12:03:56,550 INFO  ozone.HddsDatanodeService (HddsDatanodeService.java:start(185)) - HddsDatanodeService host:ozone-nffxw-186015654 ip:192.168.46.58
2019-06-13 12:03:56,574 INFO  volume.HddsVolume (HddsVolume.java:<init>(176)) - Creating Volume: /opt/src/hadoop-ozone/integration-test/target/test-dir/MiniOzoneClusterImpl-116b67e6-721e-43d0-9aeb-aef0ab413853/datanode-3/data/containers/hdds of  storage type : DISK and capacity : 104021790720
2019-06-13 12:03:56,574 INFO  util.JvmPauseMonitor (JvmPauseMonitor.java:run(188)) - Starting JVM pause monitor
2019-06-13 12:03:56,574 INFO  volume.VolumeSet (VolumeSet.java:initializeVolumeSet(170)) - Added Volume : /opt/src/hadoop-ozone/integration-test/target/test-dir/MiniOzoneClusterImpl-116b67e6-721e-43d0-9aeb-aef0ab413853/datanode-3/data/containers/hdds to VolumeSet
2019-06-13 12:03:56,574 INFO  volume.ThrottledAsyncChecker (ThrottledAsyncChecker.java:schedule(140)) - Scheduling a check for org.apache.hadoop.ozone.container.common.volume.HddsVolume@475f5672
2019-06-13 12:03:56,580 INFO  volume.HddsVolumeChecker (HddsVolumeChecker.java:checkAllVolumes(203)) - Scheduled health check for volume org.apache.hadoop.ozone.container.common.volume.HddsVolume@475f5672
2019-06-13 12:03:56,592 INFO  datanode.InitDatanodeState (InitDatanodeState.java:persistContainerDatanodeDetails(140)) - DatanodeDetails is persisted to /opt/src/hadoop-ozone/integration-test/target/test-dir/MiniOzoneClusterImpl-116b67e6-721e-43d0-9aeb-aef0ab413853/datanode-2/meta/datanode.id
2019-06-13 12:03:56,598 INFO  ratis.XceiverServerRatis (XceiverServerRatis.java:newXceiverServerRatis(401)) - Found a free port for the server : 38617
2019-06-13 12:03:56,599 INFO  impl.RaftServerProxy (ConfUtils.java:logGet(43)) - raft.rpc.type = GRPC (default)
2019-06-13 12:03:56,599 INFO  grpc.GrpcConfigKeys$Server (ConfUtils.java:logGet(43)) - raft.grpc.server.port = 38617 (custom)
2019-06-13 12:03:56,599 INFO  server.GrpcService (ConfUtils.java:logGet(43)) - raft.grpc.message.size.max = 33570816 (custom)
2019-06-13 12:03:56,600 INFO  server.RaftServerConfigKeys (ConfUtils.java:logGet(43)) - raft.server.log.appender.buffer.byte-limit = 33554432 (custom)
2019-06-13 12:03:56,600 INFO  server.GrpcService (ConfUtils.java:logGet(43)) - raft.grpc.flow.control.window = 1MB (=1048576) (default)
2019-06-13 12:03:56,600 INFO  server.RaftServerConfigKeys (ConfUtils.java:logGet(43)) - raft.server.rpc.request.timeout = 3000ms (default)
2019-06-13 12:03:56,601 INFO  server.RaftServerConfigKeys (ConfUtils.java:logGet(43)) - raft.server.storage.dir = [/opt/src/hadoop-ozone/integration-test/target/test-dir/MiniOzoneClusterImpl-116b67e6-721e-43d0-9aeb-aef0ab413853/datanode-3/data/ratis] (custom)
2019-06-13 12:03:56,601 INFO  server.XceiverServerGrpc (XceiverServerGrpc.java:<init>(97)) - Found a free port for the server : 35573
2019-06-13 12:03:56,602 INFO  replication.SimpleContainerDownloader (SimpleContainerDownloader.java:<init>(72)) - Starting container downloader service to copy containers to replicate.
2019-06-13 12:03:56,603 INFO  hdfs.DFSUtil (DFSUtil.java:httpServerTemplateForNNAndJN(1641)) - Starting Web-server for hddsDatanode at: http://0.0.0.0:0
2019-06-13 12:03:56,604 INFO  server.AuthenticationFilter (AuthenticationFilter.java:constructSecretProvider(240)) - Unable to initialize FileSignerSecretProvider, falling back to use random secrets.
2019-06-13 12:03:56,605 WARN  http.HttpRequestLog (HttpRequestLog.java:getRequestLog(97)) - Jetty request log can only be enabled using Log4j
2019-06-13 12:03:56,607 INFO  http.HttpServer2 (HttpServer2.java:addGlobalFilter(975)) - Added global filter 'safety' (class=org.apache.hadoop.http.HttpServer2$QuotingInputFilter)
2019-06-13 12:03:56,607 INFO  http.HttpServer2 (HttpServer2.java:addFilter(948)) - Added filter static_user_filter (class=org.apache.hadoop.http.lib.StaticUserWebFilter$StaticUserFilter) to context hddsDatanode
2019-06-13 12:03:56,608 INFO  http.HttpServer2 (HttpServer2.java:addFilter(958)) - Added filter static_user_filter (class=org.apache.hadoop.http.lib.StaticUserWebFilter$StaticUserFilter) to context logs
2019-06-13 12:03:56,608 INFO  http.HttpServer2 (HttpServer2.java:addFilter(958)) - Added filter static_user_filter (class=org.apache.hadoop.http.lib.StaticUserWebFilter$StaticUserFilter) to context static
2019-06-13 12:03:56,608 INFO  http.HttpServer2 (HttpServer2.java:bindListener(1191)) - Jetty bound to port 42071
2019-06-13 12:03:56,608 INFO  server.Server (Server.java:doStart(351)) - jetty-9.3.24.v20180605, build timestamp: 2018-06-05T17:11:56Z, git hash: 84205aa28f11a4f31f2a3b86d1bba2cc8ab69827
2019-06-13 12:03:56,626 INFO  handler.ContextHandler (ContextHandler.java:doStart(781)) - Started o.e.j.s.ServletContextHandler@3830f918{/logs,file:///opt/src/hadoop-ozone/integration-test/target/log,AVAILABLE}
2019-06-13 12:03:56,630 INFO  handler.ContextHandler (ContextHandler.java:doStart(781)) - Started o.e.j.s.ServletContextHandler@739831a4{/static,jar:file:/root/.m2/repository/org/apache/hadoop/hadoop-hdds-container-service/0.5.0-SNAPSHOT/hadoop-hdds-container-service-0.5.0-SNAPSHOT.jar!/webapps/static,AVAILABLE}
2019-06-13 12:03:56,659 INFO  handler.ContextHandler (ContextHandler.java:doStart(781)) - Started o.e.j.w.WebAppContext@e91af20{/,file:///tmp/jetty-0.0.0.0-42071-hddsDatanode-_-any-8992606268927902747.dir/webapp/,AVAILABLE}{/hddsDatanode}
2019-06-13 12:03:56,659 INFO  server.AbstractConnector (AbstractConnector.java:doStart(278)) - Started ServerConnector@6221b13b{HTTP/1.1,[http/1.1]}{0.0.0.0:42071}
2019-06-13 12:03:56,660 INFO  server.Server (Server.java:doStart(419)) - Started @5880ms
2019-06-13 12:03:56,661 INFO  server.BaseHttpServer (BaseHttpServer.java:updateConnectorAddress(207)) - HTTP server of HDDSDATANODE is listening at http://0.0.0.0:42071
2019-06-13 12:03:56,804 INFO  ozone.HddsDatanodeService (HddsDatanodeService.java:startPlugins(396)) - Started plug-in org.apache.hadoop.ozone.web.OzoneHddsDatanodeService@6d69a0d3
2019-06-13 12:03:56,805 INFO  impl.MetricsSystemImpl (MetricsSystemImpl.java:init(158)) - HddsDatanode metrics system started (again)
2019-06-13 12:03:56,805 INFO  ozone.HddsDatanodeService (HddsDatanodeService.java:start(185)) - HddsDatanodeService host:ozone-nffxw-186015654 ip:192.168.46.58
2019-06-13 12:03:56,828 INFO  util.JvmPauseMonitor (JvmPauseMonitor.java:run(188)) - Starting JVM pause monitor
2019-06-13 12:03:56,830 INFO  datanode.InitDatanodeState (InitDatanodeState.java:persistContainerDatanodeDetails(140)) - DatanodeDetails is persisted to /opt/src/hadoop-ozone/integration-test/target/test-dir/MiniOzoneClusterImpl-116b67e6-721e-43d0-9aeb-aef0ab413853/datanode-3/meta/datanode.id
2019-06-13 12:03:56,832 INFO  volume.HddsVolume (HddsVolume.java:<init>(176)) - Creating Volume: /opt/src/hadoop-ozone/integration-test/target/test-dir/MiniOzoneClusterImpl-116b67e6-721e-43d0-9aeb-aef0ab413853/datanode-4/data/containers/hdds of  storage type : DISK and capacity : 104021790720
2019-06-13 12:03:56,833 INFO  volume.VolumeSet (VolumeSet.java:initializeVolumeSet(170)) - Added Volume : /opt/src/hadoop-ozone/integration-test/target/test-dir/MiniOzoneClusterImpl-116b67e6-721e-43d0-9aeb-aef0ab413853/datanode-4/data/containers/hdds to VolumeSet
2019-06-13 12:03:56,833 INFO  volume.ThrottledAsyncChecker (ThrottledAsyncChecker.java:schedule(140)) - Scheduling a check for org.apache.hadoop.ozone.container.common.volume.HddsVolume@3b088163
2019-06-13 12:03:56,834 INFO  volume.HddsVolumeChecker (HddsVolumeChecker.java:checkAllVolumes(203)) - Scheduled health check for volume org.apache.hadoop.ozone.container.common.volume.HddsVolume@3b088163
2019-06-13 12:03:56,851 INFO  ratis.XceiverServerRatis (XceiverServerRatis.java:newXceiverServerRatis(401)) - Found a free port for the server : 43947
2019-06-13 12:03:56,855 INFO  impl.RaftServerProxy (ConfUtils.java:logGet(43)) - raft.rpc.type = GRPC (default)
2019-06-13 12:03:56,855 INFO  grpc.GrpcConfigKeys$Server (ConfUtils.java:logGet(43)) - raft.grpc.server.port = 43947 (custom)
2019-06-13 12:03:56,855 INFO  server.GrpcService (ConfUtils.java:logGet(43)) - raft.grpc.message.size.max = 33570816 (custom)
2019-06-13 12:03:56,856 INFO  server.RaftServerConfigKeys (ConfUtils.java:logGet(43)) - raft.server.log.appender.buffer.byte-limit = 33554432 (custom)
2019-06-13 12:03:56,856 INFO  server.GrpcService (ConfUtils.java:logGet(43)) - raft.grpc.flow.control.window = 1MB (=1048576) (default)
2019-06-13 12:03:56,857 INFO  server.RaftServerConfigKeys (ConfUtils.java:logGet(43)) - raft.server.rpc.request.timeout = 3000ms (default)
2019-06-13 12:03:56,857 INFO  server.RaftServerConfigKeys (ConfUtils.java:logGet(43)) - raft.server.storage.dir = [/opt/src/hadoop-ozone/integration-test/target/test-dir/MiniOzoneClusterImpl-116b67e6-721e-43d0-9aeb-aef0ab413853/datanode-4/data/ratis] (custom)
2019-06-13 12:03:56,858 INFO  server.XceiverServerGrpc (XceiverServerGrpc.java:<init>(97)) - Found a free port for the server : 42057
2019-06-13 12:03:56,858 INFO  replication.SimpleContainerDownloader (SimpleContainerDownloader.java:<init>(72)) - Starting container downloader service to copy containers to replicate.
2019-06-13 12:03:56,860 INFO  hdfs.DFSUtil (DFSUtil.java:httpServerTemplateForNNAndJN(1641)) - Starting Web-server for hddsDatanode at: http://0.0.0.0:0
2019-06-13 12:03:56,861 INFO  server.AuthenticationFilter (AuthenticationFilter.java:constructSecretProvider(240)) - Unable to initialize FileSignerSecretProvider, falling back to use random secrets.
2019-06-13 12:03:56,862 WARN  http.HttpRequestLog (HttpRequestLog.java:getRequestLog(97)) - Jetty request log can only be enabled using Log4j
2019-06-13 12:03:56,863 INFO  http.HttpServer2 (HttpServer2.java:addGlobalFilter(975)) - Added global filter 'safety' (class=org.apache.hadoop.http.HttpServer2$QuotingInputFilter)
2019-06-13 12:03:56,864 INFO  http.HttpServer2 (HttpServer2.java:addFilter(948)) - Added filter static_user_filter (class=org.apache.hadoop.http.lib.StaticUserWebFilter$StaticUserFilter) to context hddsDatanode
2019-06-13 12:03:56,864 INFO  http.HttpServer2 (HttpServer2.java:addFilter(958)) - Added filter static_user_filter (class=org.apache.hadoop.http.lib.StaticUserWebFilter$StaticUserFilter) to context static
2019-06-13 12:03:56,866 INFO  http.HttpServer2 (HttpServer2.java:addFilter(958)) - Added filter static_user_filter (class=org.apache.hadoop.http.lib.StaticUserWebFilter$StaticUserFilter) to context logs
2019-06-13 12:03:56,867 INFO  http.HttpServer2 (HttpServer2.java:bindListener(1191)) - Jetty bound to port 38433
2019-06-13 12:03:56,867 INFO  server.Server (Server.java:doStart(351)) - jetty-9.3.24.v20180605, build timestamp: 2018-06-05T17:11:56Z, git hash: 84205aa28f11a4f31f2a3b86d1bba2cc8ab69827
2019-06-13 12:03:56,882 INFO  handler.ContextHandler (ContextHandler.java:doStart(781)) - Started o.e.j.s.ServletContextHandler@526f6427{/logs,file:///opt/src/hadoop-ozone/integration-test/target/log,AVAILABLE}
2019-06-13 12:03:56,883 INFO  handler.ContextHandler (ContextHandler.java:doStart(781)) - Started o.e.j.s.ServletContextHandler@492521c4{/static,jar:file:/root/.m2/repository/org/apache/hadoop/hadoop-hdds-container-service/0.5.0-SNAPSHOT/hadoop-hdds-container-service-0.5.0-SNAPSHOT.jar!/webapps/static,AVAILABLE}
2019-06-13 12:03:56,912 INFO  handler.ContextHandler (ContextHandler.java:doStart(781)) - Started o.e.j.w.WebAppContext@5c3d4f05{/,file:///tmp/jetty-0.0.0.0-38433-hddsDatanode-_-any-7305112136877551116.dir/webapp/,AVAILABLE}{/hddsDatanode}
2019-06-13 12:03:56,916 INFO  server.AbstractConnector (AbstractConnector.java:doStart(278)) - Started ServerConnector@5ecb66d0{HTTP/1.1,[http/1.1]}{0.0.0.0:38433}
2019-06-13 12:03:56,916 INFO  server.Server (Server.java:doStart(419)) - Started @6137ms
2019-06-13 12:03:56,917 INFO  server.BaseHttpServer (BaseHttpServer.java:updateConnectorAddress(207)) - HTTP server of HDDSDATANODE is listening at http://0.0.0.0:38433
2019-06-13 12:03:57,063 INFO  ozone.HddsDatanodeService (HddsDatanodeService.java:startPlugins(396)) - Started plug-in org.apache.hadoop.ozone.web.OzoneHddsDatanodeService@ceb7701
2019-06-13 12:03:57,065 INFO  impl.MetricsSystemImpl (MetricsSystemImpl.java:init(158)) - HddsDatanode metrics system started (again)
2019-06-13 12:03:57,066 INFO  ozone.HddsDatanodeService (HddsDatanodeService.java:start(185)) - HddsDatanodeService host:ozone-nffxw-186015654 ip:192.168.46.58
2019-06-13 12:03:57,086 INFO  util.JvmPauseMonitor (JvmPauseMonitor.java:run(188)) - Starting JVM pause monitor
2019-06-13 12:03:57,089 INFO  volume.HddsVolume (HddsVolume.java:<init>(176)) - Creating Volume: /opt/src/hadoop-ozone/integration-test/target/test-dir/MiniOzoneClusterImpl-116b67e6-721e-43d0-9aeb-aef0ab413853/datanode-5/data/containers/hdds of  storage type : DISK and capacity : 104021790720
2019-06-13 12:03:57,090 INFO  volume.VolumeSet (VolumeSet.java:initializeVolumeSet(170)) - Added Volume : /opt/src/hadoop-ozone/integration-test/target/test-dir/MiniOzoneClusterImpl-116b67e6-721e-43d0-9aeb-aef0ab413853/datanode-5/data/containers/hdds to VolumeSet
2019-06-13 12:03:57,090 INFO  volume.ThrottledAsyncChecker (ThrottledAsyncChecker.java:schedule(140)) - Scheduling a check for org.apache.hadoop.ozone.container.common.volume.HddsVolume@5627cb29
2019-06-13 12:03:57,094 INFO  datanode.InitDatanodeState (InitDatanodeState.java:persistContainerDatanodeDetails(140)) - DatanodeDetails is persisted to /opt/src/hadoop-ozone/integration-test/target/test-dir/MiniOzoneClusterImpl-116b67e6-721e-43d0-9aeb-aef0ab413853/datanode-4/meta/datanode.id
2019-06-13 12:03:57,095 INFO  volume.HddsVolumeChecker (HddsVolumeChecker.java:checkAllVolumes(203)) - Scheduled health check for volume org.apache.hadoop.ozone.container.common.volume.HddsVolume@5627cb29
2019-06-13 12:03:57,107 INFO  ratis.XceiverServerRatis (XceiverServerRatis.java:newXceiverServerRatis(401)) - Found a free port for the server : 39721
2019-06-13 12:03:57,109 INFO  impl.RaftServerProxy (ConfUtils.java:logGet(43)) - raft.rpc.type = GRPC (default)
2019-06-13 12:03:57,109 INFO  grpc.GrpcConfigKeys$Server (ConfUtils.java:logGet(43)) - raft.grpc.server.port = 39721 (custom)
2019-06-13 12:03:57,109 INFO  server.GrpcService (ConfUtils.java:logGet(43)) - raft.grpc.message.size.max = 33570816 (custom)
2019-06-13 12:03:57,110 INFO  server.RaftServerConfigKeys (ConfUtils.java:logGet(43)) - raft.server.log.appender.buffer.byte-limit = 33554432 (custom)
2019-06-13 12:03:57,110 INFO  server.GrpcService (ConfUtils.java:logGet(43)) - raft.grpc.flow.control.window = 1MB (=1048576) (default)
2019-06-13 12:03:57,110 INFO  server.RaftServerConfigKeys (ConfUtils.java:logGet(43)) - raft.server.rpc.request.timeout = 3000ms (default)
2019-06-13 12:03:57,110 INFO  server.RaftServerConfigKeys (ConfUtils.java:logGet(43)) - raft.server.storage.dir = [/opt/src/hadoop-ozone/integration-test/target/test-dir/MiniOzoneClusterImpl-116b67e6-721e-43d0-9aeb-aef0ab413853/datanode-5/data/ratis] (custom)
2019-06-13 12:03:57,111 INFO  server.XceiverServerGrpc (XceiverServerGrpc.java:<init>(97)) - Found a free port for the server : 41915
2019-06-13 12:03:57,111 INFO  replication.SimpleContainerDownloader (SimpleContainerDownloader.java:<init>(72)) - Starting container downloader service to copy containers to replicate.
2019-06-13 12:03:57,112 INFO  hdfs.DFSUtil (DFSUtil.java:httpServerTemplateForNNAndJN(1641)) - Starting Web-server for hddsDatanode at: http://0.0.0.0:0
2019-06-13 12:03:57,113 INFO  server.AuthenticationFilter (AuthenticationFilter.java:constructSecretProvider(240)) - Unable to initialize FileSignerSecretProvider, falling back to use random secrets.
2019-06-13 12:03:57,114 WARN  http.HttpRequestLog (HttpRequestLog.java:getRequestLog(97)) - Jetty request log can only be enabled using Log4j
2019-06-13 12:03:57,115 INFO  http.HttpServer2 (HttpServer2.java:addGlobalFilter(975)) - Added global filter 'safety' (class=org.apache.hadoop.http.HttpServer2$QuotingInputFilter)
2019-06-13 12:03:57,116 INFO  http.HttpServer2 (HttpServer2.java:addFilter(948)) - Added filter static_user_filter (class=org.apache.hadoop.http.lib.StaticUserWebFilter$StaticUserFilter) to context hddsDatanode
2019-06-13 12:03:57,116 INFO  http.HttpServer2 (HttpServer2.java:addFilter(958)) - Added filter static_user_filter (class=org.apache.hadoop.http.lib.StaticUserWebFilter$StaticUserFilter) to context logs
2019-06-13 12:03:57,116 INFO  http.HttpServer2 (HttpServer2.java:addFilter(958)) - Added filter static_user_filter (class=org.apache.hadoop.http.lib.StaticUserWebFilter$StaticUserFilter) to context static
2019-06-13 12:03:57,117 INFO  http.HttpServer2 (HttpServer2.java:bindListener(1191)) - Jetty bound to port 46303
2019-06-13 12:03:57,117 INFO  server.Server (Server.java:doStart(351)) - jetty-9.3.24.v20180605, build timestamp: 2018-06-05T17:11:56Z, git hash: 84205aa28f11a4f31f2a3b86d1bba2cc8ab69827
2019-06-13 12:03:57,130 INFO  handler.ContextHandler (ContextHandler.java:doStart(781)) - Started o.e.j.s.ServletContextHandler@6b063470{/logs,file:///opt/src/hadoop-ozone/integration-test/target/log,AVAILABLE}
2019-06-13 12:03:57,131 INFO  handler.ContextHandler (ContextHandler.java:doStart(781)) - Started o.e.j.s.ServletContextHandler@527937d0{/static,jar:file:/root/.m2/repository/org/apache/hadoop/hadoop-hdds-container-service/0.5.0-SNAPSHOT/hadoop-hdds-container-service-0.5.0-SNAPSHOT.jar!/webapps/static,AVAILABLE}
2019-06-13 12:03:57,162 INFO  handler.ContextHandler (ContextHandler.java:doStart(781)) - Started o.e.j.w.WebAppContext@70be89ec{/,file:///tmp/jetty-0.0.0.0-46303-hddsDatanode-_-any-8669624996362007898.dir/webapp/,AVAILABLE}{/hddsDatanode}
2019-06-13 12:03:57,162 INFO  server.AbstractConnector (AbstractConnector.java:doStart(278)) - Started ServerConnector@2aee0704{HTTP/1.1,[http/1.1]}{0.0.0.0:46303}
2019-06-13 12:03:57,166 INFO  server.Server (Server.java:doStart(419)) - Started @6387ms
2019-06-13 12:03:57,167 INFO  server.BaseHttpServer (BaseHttpServer.java:updateConnectorAddress(207)) - HTTP server of HDDSDATANODE is listening at http://0.0.0.0:46303
2019-06-13 12:03:57,294 INFO  ozone.HddsDatanodeService (HddsDatanodeService.java:startPlugins(396)) - Started plug-in org.apache.hadoop.ozone.web.OzoneHddsDatanodeService@159ac15f
2019-06-13 12:03:57,297 INFO  impl.MetricsSystemImpl (MetricsSystemImpl.java:init(158)) - HddsDatanode metrics system started (again)
2019-06-13 12:03:57,298 INFO  ozone.HddsDatanodeService (HddsDatanodeService.java:start(185)) - HddsDatanodeService host:ozone-nffxw-186015654 ip:192.168.46.58
2019-06-13 12:03:57,315 INFO  util.JvmPauseMonitor (JvmPauseMonitor.java:run(188)) - Starting JVM pause monitor
2019-06-13 12:03:57,317 INFO  volume.HddsVolume (HddsVolume.java:<init>(176)) - Creating Volume: /opt/src/hadoop-ozone/integration-test/target/test-dir/MiniOzoneClusterImpl-116b67e6-721e-43d0-9aeb-aef0ab413853/datanode-6/data/containers/hdds of  storage type : DISK and capacity : 104021790720
2019-06-13 12:03:57,318 INFO  volume.VolumeSet (VolumeSet.java:initializeVolumeSet(170)) - Added Volume : /opt/src/hadoop-ozone/integration-test/target/test-dir/MiniOzoneClusterImpl-116b67e6-721e-43d0-9aeb-aef0ab413853/datanode-6/data/containers/hdds to VolumeSet
2019-06-13 12:03:57,318 INFO  volume.ThrottledAsyncChecker (ThrottledAsyncChecker.java:schedule(140)) - Scheduling a check for org.apache.hadoop.ozone.container.common.volume.HddsVolume@4e48462d
2019-06-13 12:03:57,322 INFO  datanode.InitDatanodeState (InitDatanodeState.java:persistContainerDatanodeDetails(140)) - DatanodeDetails is persisted to /opt/src/hadoop-ozone/integration-test/target/test-dir/MiniOzoneClusterImpl-116b67e6-721e-43d0-9aeb-aef0ab413853/datanode-5/meta/datanode.id
2019-06-13 12:03:57,326 INFO  volume.HddsVolumeChecker (HddsVolumeChecker.java:checkAllVolumes(203)) - Scheduled health check for volume org.apache.hadoop.ozone.container.common.volume.HddsVolume@4e48462d
2019-06-13 12:03:57,342 INFO  ratis.XceiverServerRatis (XceiverServerRatis.java:newXceiverServerRatis(401)) - Found a free port for the server : 46883
2019-06-13 12:03:57,344 INFO  impl.RaftServerProxy (ConfUtils.java:logGet(43)) - raft.rpc.type = GRPC (default)
2019-06-13 12:03:57,345 INFO  grpc.GrpcConfigKeys$Server (ConfUtils.java:logGet(43)) - raft.grpc.server.port = 46883 (custom)
2019-06-13 12:03:57,345 INFO  server.GrpcService (ConfUtils.java:logGet(43)) - raft.grpc.message.size.max = 33570816 (custom)
2019-06-13 12:03:57,345 INFO  server.RaftServerConfigKeys (ConfUtils.java:logGet(43)) - raft.server.log.appender.buffer.byte-limit = 33554432 (custom)
2019-06-13 12:03:57,346 INFO  server.GrpcService (ConfUtils.java:logGet(43)) - raft.grpc.flow.control.window = 1MB (=1048576) (default)
2019-06-13 12:03:57,346 INFO  server.RaftServerConfigKeys (ConfUtils.java:logGet(43)) - raft.server.rpc.request.timeout = 3000ms (default)
2019-06-13 12:03:57,346 INFO  server.RaftServerConfigKeys (ConfUtils.java:logGet(43)) - raft.server.storage.dir = [/opt/src/hadoop-ozone/integration-test/target/test-dir/MiniOzoneClusterImpl-116b67e6-721e-43d0-9aeb-aef0ab413853/datanode-6/data/ratis] (custom)
2019-06-13 12:03:57,347 INFO  server.XceiverServerGrpc (XceiverServerGrpc.java:<init>(97)) - Found a free port for the server : 46873
2019-06-13 12:03:57,347 INFO  replication.SimpleContainerDownloader (SimpleContainerDownloader.java:<init>(72)) - Starting container downloader service to copy containers to replicate.
2019-06-13 12:03:57,348 INFO  hdfs.DFSUtil (DFSUtil.java:httpServerTemplateForNNAndJN(1641)) - Starting Web-server for hddsDatanode at: http://0.0.0.0:0
2019-06-13 12:03:57,349 INFO  server.AuthenticationFilter (AuthenticationFilter.java:constructSecretProvider(240)) - Unable to initialize FileSignerSecretProvider, falling back to use random secrets.
2019-06-13 12:03:57,350 WARN  http.HttpRequestLog (HttpRequestLog.java:getRequestLog(97)) - Jetty request log can only be enabled using Log4j
2019-06-13 12:03:57,351 INFO  http.HttpServer2 (HttpServer2.java:addGlobalFilter(975)) - Added global filter 'safety' (class=org.apache.hadoop.http.HttpServer2$QuotingInputFilter)
2019-06-13 12:03:57,352 INFO  http.HttpServer2 (HttpServer2.java:addFilter(948)) - Added filter static_user_filter (class=org.apache.hadoop.http.lib.StaticUserWebFilter$StaticUserFilter) to context hddsDatanode
2019-06-13 12:03:57,352 INFO  http.HttpServer2 (HttpServer2.java:addFilter(958)) - Added filter static_user_filter (class=org.apache.hadoop.http.lib.StaticUserWebFilter$StaticUserFilter) to context logs
2019-06-13 12:03:57,352 INFO  http.HttpServer2 (HttpServer2.java:addFilter(958)) - Added filter static_user_filter (class=org.apache.hadoop.http.lib.StaticUserWebFilter$StaticUserFilter) to context static
2019-06-13 12:03:57,353 INFO  http.HttpServer2 (HttpServer2.java:bindListener(1191)) - Jetty bound to port 39713
2019-06-13 12:03:57,353 INFO  server.Server (Server.java:doStart(351)) - jetty-9.3.24.v20180605, build timestamp: 2018-06-05T17:11:56Z, git hash: 84205aa28f11a4f31f2a3b86d1bba2cc8ab69827
2019-06-13 12:03:57,359 INFO  handler.ContextHandler (ContextHandler.java:doStart(781)) - Started o.e.j.s.ServletContextHandler@410fc508{/logs,file:///opt/src/hadoop-ozone/integration-test/target/log,AVAILABLE}
2019-06-13 12:03:57,359 INFO  handler.ContextHandler (ContextHandler.java:doStart(781)) - Started o.e.j.s.ServletContextHandler@4f5c30b1{/static,jar:file:/root/.m2/repository/org/apache/hadoop/hadoop-hdds-container-service/0.5.0-SNAPSHOT/hadoop-hdds-container-service-0.5.0-SNAPSHOT.jar!/webapps/static,AVAILABLE}
2019-06-13 12:03:57,394 INFO  handler.ContextHandler (ContextHandler.java:doStart(781)) - Started o.e.j.w.WebAppContext@5c82031b{/,file:///tmp/jetty-0.0.0.0-39713-hddsDatanode-_-any-4635816759433653870.dir/webapp/,AVAILABLE}{/hddsDatanode}
2019-06-13 12:03:57,394 INFO  server.AbstractConnector (AbstractConnector.java:doStart(278)) - Started ServerConnector@274fdea6{HTTP/1.1,[http/1.1]}{0.0.0.0:39713}
2019-06-13 12:03:57,394 INFO  server.Server (Server.java:doStart(419)) - Started @6615ms
2019-06-13 12:03:57,395 INFO  server.BaseHttpServer (BaseHttpServer.java:updateConnectorAddress(207)) - HTTP server of HDDSDATANODE is listening at http://0.0.0.0:39713
2019-06-13 12:03:57,524 INFO  ozone.HddsDatanodeService (HddsDatanodeService.java:startPlugins(396)) - Started plug-in org.apache.hadoop.ozone.web.OzoneHddsDatanodeService@60928a61
2019-06-13 12:03:57,526 INFO  ozone.MiniOzoneClusterImpl (MiniOzoneClusterImpl.java:lambda$waitForClusterToBeReady$0(142)) - Waiting for cluster to be ready. Got 0 of 7 DN Heartbeats.
2019-06-13 12:03:57,533 INFO  util.JvmPauseMonitor (JvmPauseMonitor.java:run(188)) - Starting JVM pause monitor
2019-06-13 12:03:57,535 INFO  datanode.InitDatanodeState (InitDatanodeState.java:persistContainerDatanodeDetails(140)) - DatanodeDetails is persisted to /opt/src/hadoop-ozone/integration-test/target/test-dir/MiniOzoneClusterImpl-116b67e6-721e-43d0-9aeb-aef0ab413853/datanode-6/meta/datanode.id
2019-06-13 12:03:58,023 INFO  ozoneimpl.OzoneContainer (OzoneContainer.java:start(186)) - Attempting to start container services.
2019-06-13 12:03:58,023 INFO  ozoneimpl.OzoneContainer (OzoneContainer.java:startContainerScrub(160)) - Background container scrubber has been disabled by hdds.containerscrub.enabled
2019-06-13 12:03:58,024 INFO  ratis.XceiverServerRatis (XceiverServerRatis.java:start(418)) - Starting XceiverServerRatis 6cef66d5-8cd3-44aa-be07-575ef65ad786 at port 41525
2019-06-13 12:03:58,079 INFO  impl.RaftServerProxy (RaftServerProxy.java:lambda$start$3(299)) - 6cef66d5-8cd3-44aa-be07-575ef65ad786: start RPC server
2019-06-13 12:03:58,201 INFO  server.GrpcService (GrpcService.java:startImpl(148)) - 6cef66d5-8cd3-44aa-be07-575ef65ad786: GrpcService started, listening on 0.0.0.0/0.0.0.0:41525
2019-06-13 12:03:58,318 INFO  ozoneimpl.OzoneContainer (OzoneContainer.java:start(186)) - Attempting to start container services.
2019-06-13 12:03:58,320 INFO  ozoneimpl.OzoneContainer (OzoneContainer.java:startContainerScrub(160)) - Background container scrubber has been disabled by hdds.containerscrub.enabled
2019-06-13 12:03:58,320 INFO  ratis.XceiverServerRatis (XceiverServerRatis.java:start(418)) - Starting XceiverServerRatis 8cecba00-b083-47df-9f5a-b6be1e470733 at port 34301
2019-06-13 12:03:58,343 INFO  impl.RaftServerProxy (RaftServerProxy.java:lambda$start$3(299)) - 8cecba00-b083-47df-9f5a-b6be1e470733: start RPC server
2019-06-13 12:03:58,345 INFO  server.GrpcService (GrpcService.java:startImpl(148)) - 8cecba00-b083-47df-9f5a-b6be1e470733: GrpcService started, listening on 0.0.0.0/0.0.0.0:34301
2019-06-13 12:03:58,526 INFO  ozone.MiniOzoneClusterImpl (MiniOzoneClusterImpl.java:lambda$waitForClusterToBeReady$0(142)) - Waiting for cluster to be ready. Got 0 of 7 DN Heartbeats.
2019-06-13 12:03:58,591 INFO  ozoneimpl.OzoneContainer (OzoneContainer.java:start(186)) - Attempting to start container services.
2019-06-13 12:03:58,593 INFO  ozoneimpl.OzoneContainer (OzoneContainer.java:startContainerScrub(160)) - Background container scrubber has been disabled by hdds.containerscrub.enabled
2019-06-13 12:03:58,593 INFO  ratis.XceiverServerRatis (XceiverServerRatis.java:start(418)) - Starting XceiverServerRatis 859621b4-b51a-492c-ad6d-3244885c0c07 at port 43419
2019-06-13 12:03:58,621 INFO  impl.RaftServerProxy (RaftServerProxy.java:lambda$start$3(299)) - 859621b4-b51a-492c-ad6d-3244885c0c07: start RPC server
2019-06-13 12:03:58,622 INFO  server.GrpcService (GrpcService.java:startImpl(148)) - 859621b4-b51a-492c-ad6d-3244885c0c07: GrpcService started, listening on 0.0.0.0/0.0.0.0:43419
2019-06-13 12:03:58,845 INFO  ozoneimpl.OzoneContainer (OzoneContainer.java:start(186)) - Attempting to start container services.
2019-06-13 12:03:58,847 INFO  ozoneimpl.OzoneContainer (OzoneContainer.java:startContainerScrub(160)) - Background container scrubber has been disabled by hdds.containerscrub.enabled
2019-06-13 12:03:58,847 INFO  ratis.XceiverServerRatis (XceiverServerRatis.java:start(418)) - Starting XceiverServerRatis 40e85715-f542-4fe4-a7e5-a8202a6d8f0e at port 38617
2019-06-13 12:03:58,909 INFO  impl.RaftServerProxy (RaftServerProxy.java:lambda$start$3(299)) - 40e85715-f542-4fe4-a7e5-a8202a6d8f0e: start RPC server
2019-06-13 12:03:58,911 INFO  server.GrpcService (GrpcService.java:startImpl(148)) - 40e85715-f542-4fe4-a7e5-a8202a6d8f0e: GrpcService started, listening on 0.0.0.0/0.0.0.0:38617
2019-06-13 12:03:59,091 INFO  ozoneimpl.OzoneContainer (OzoneContainer.java:start(186)) - Attempting to start container services.
2019-06-13 12:03:59,092 INFO  ozoneimpl.OzoneContainer (OzoneContainer.java:startContainerScrub(160)) - Background container scrubber has been disabled by hdds.containerscrub.enabled
2019-06-13 12:03:59,092 INFO  ratis.XceiverServerRatis (XceiverServerRatis.java:start(418)) - Starting XceiverServerRatis 4385f424-31b1-428a-a0ea-2f137423452e at port 43947
2019-06-13 12:03:59,124 INFO  impl.RaftServerProxy (RaftServerProxy.java:lambda$start$3(299)) - 4385f424-31b1-428a-a0ea-2f137423452e: start RPC server
2019-06-13 12:03:59,126 INFO  server.GrpcService (GrpcService.java:startImpl(148)) - 4385f424-31b1-428a-a0ea-2f137423452e: GrpcService started, listening on 0.0.0.0/0.0.0.0:43947
2019-06-13 12:03:59,330 INFO  ozoneimpl.OzoneContainer (OzoneContainer.java:start(186)) - Attempting to start container services.
2019-06-13 12:03:59,332 INFO  ozoneimpl.OzoneContainer (OzoneContainer.java:startContainerScrub(160)) - Background container scrubber has been disabled by hdds.containerscrub.enabled
2019-06-13 12:03:59,332 INFO  ratis.XceiverServerRatis (XceiverServerRatis.java:start(418)) - Starting XceiverServerRatis cfa6ee40-d911-4f1c-9330-44c1c1a7e901 at port 39721
2019-06-13 12:03:59,341 INFO  impl.RaftServerProxy (RaftServerProxy.java:lambda$start$3(299)) - cfa6ee40-d911-4f1c-9330-44c1c1a7e901: start RPC server
2019-06-13 12:03:59,343 INFO  server.GrpcService (GrpcService.java:startImpl(148)) - cfa6ee40-d911-4f1c-9330-44c1c1a7e901: GrpcService started, listening on 0.0.0.0/0.0.0.0:39721
2019-06-13 12:03:59,527 INFO  ozone.MiniOzoneClusterImpl (MiniOzoneClusterImpl.java:lambda$waitForClusterToBeReady$0(142)) - Waiting for cluster to be ready. Got 0 of 7 DN Heartbeats.
2019-06-13 12:03:59,542 INFO  ozoneimpl.OzoneContainer (OzoneContainer.java:start(186)) - Attempting to start container services.
2019-06-13 12:03:59,544 INFO  ozoneimpl.OzoneContainer (OzoneContainer.java:startContainerScrub(160)) - Background container scrubber has been disabled by hdds.containerscrub.enabled
2019-06-13 12:03:59,544 INFO  ratis.XceiverServerRatis (XceiverServerRatis.java:start(418)) - Starting XceiverServerRatis cbd040e8-332a-45ed-83fb-6eccf47c1134 at port 46883
2019-06-13 12:03:59,567 INFO  impl.RaftServerProxy (RaftServerProxy.java:lambda$start$3(299)) - cbd040e8-332a-45ed-83fb-6eccf47c1134: start RPC server
2019-06-13 12:03:59,570 INFO  server.GrpcService (GrpcService.java:startImpl(148)) - cbd040e8-332a-45ed-83fb-6eccf47c1134: GrpcService started, listening on 0.0.0.0/0.0.0.0:46883
2019-06-13 12:04:00,012 INFO  node.SCMNodeManager (SCMNodeManager.java:register(234)) - Registered Data node : 6cef66d5-8cd3-44aa-be07-575ef65ad786{ip: 192.168.46.58, host: ozone-nffxw-186015654, networkLocation: /default-rack, certSerialId: null}
2019-06-13 12:04:00,020 INFO  safemode.SCMSafeModeManager (DataNodeSafeModeRule.java:process(71)) - SCM in safe mode. 1 DataNodes registered, 1 required.
2019-06-13 12:04:00,020 INFO  safemode.SCMSafeModeManager (SCMSafeModeManager.java:validateSafeModeExitRules(177)) - ScmSafeModeManager, all rules are successfully validated
2019-06-13 12:04:00,021 INFO  safemode.SCMSafeModeManager (SCMSafeModeManager.java:exitSafeMode(193)) - SCM exiting safe mode.
2019-06-13 12:04:00,337 INFO  node.SCMNodeManager (SCMNodeManager.java:register(234)) - Registered Data node : 8cecba00-b083-47df-9f5a-b6be1e470733{ip: 192.168.46.58, host: ozone-nffxw-186015654, networkLocation: /default-rack, certSerialId: null}
2019-06-13 12:04:00,454 INFO  impl.RaftServerProxy (RaftServerProxy.java:addNew(89)) - 6cef66d5-8cd3-44aa-be07-575ef65ad786: addNew group-5AA01594623B:[6cef66d5-8cd3-44aa-be07-575ef65ad786:192.168.46.58:41525] returns group-5AA01594623B:java.util.concurrent.CompletableFuture@1558df2[Not completed]
2019-06-13 12:04:00,462 INFO  impl.RaftServerImpl (RaftServerImpl.java:<init>(91)) - 6cef66d5-8cd3-44aa-be07-575ef65ad786: new RaftServerImpl for group-5AA01594623B:[6cef66d5-8cd3-44aa-be07-575ef65ad786:192.168.46.58:41525] with ContainerStateMachine:uninitialized
2019-06-13 12:04:00,463 INFO  server.RaftServerConfigKeys (ConfUtils.java:logGet(43)) - raft.server.rpc.timeout.min = 1s (custom)
2019-06-13 12:04:00,464 INFO  server.RaftServerConfigKeys (ConfUtils.java:logGet(43)) - raft.server.rpc.timeout.max = 1200ms (custom)
2019-06-13 12:04:00,464 INFO  server.RaftServerConfigKeys (ConfUtils.java:logGet(43)) - raft.server.rpcslowness.timeout = 120s (custom)
2019-06-13 12:04:00,470 INFO  server.RaftServerConfigKeys (ConfUtils.java:logGet(43)) - raft.server.log.appender.install.snapshot.enabled = true (default)
2019-06-13 12:04:00,476 INFO  impl.RaftServerImpl (ServerState.java:<init>(101)) - 6cef66d5-8cd3-44aa-be07-575ef65ad786:group-5AA01594623B ConfigurationManager, init=-1: [6cef66d5-8cd3-44aa-be07-575ef65ad786:192.168.46.58:41525], old=null, confs=<EMPTY_MAP>
2019-06-13 12:04:00,477 INFO  server.RaftServerConfigKeys (ConfUtils.java:logGet(43)) - raft.server.storage.dir = [/opt/src/hadoop-ozone/integration-test/target/test-dir/MiniOzoneClusterImpl-116b67e6-721e-43d0-9aeb-aef0ab413853/datanode-0/data/ratis] (custom)
2019-06-13 12:04:00,641 INFO  storage.RaftStorageDirectory (RaftStorageDirectory.java:analyzeStorage(246)) - The storage directory /opt/src/hadoop-ozone/integration-test/target/test-dir/MiniOzoneClusterImpl-116b67e6-721e-43d0-9aeb-aef0ab413853/datanode-0/data/ratis/fa242a1e-2f5c-491d-8f3c-5aa01594623b does not exist. Creating ...
2019-06-13 12:04:00,643 INFO  ozone.MiniOzoneClusterImpl (MiniOzoneClusterImpl.java:lambda$waitForClusterToBeReady$0(142)) - Waiting for cluster to be ready. Got 2 of 7 DN Heartbeats.
2019-06-13 12:04:00,648 INFO  node.SCMNodeManager (SCMNodeManager.java:register(234)) - Registered Data node : 859621b4-b51a-492c-ad6d-3244885c0c07{ip: 192.168.46.58, host: ozone-nffxw-186015654, networkLocation: /default-rack, certSerialId: null}
2019-06-13 12:04:00,650 INFO  storage.RaftStorageDirectory (RaftStorageDirectory.java:tryLock(328)) - Lock on /opt/src/hadoop-ozone/integration-test/target/test-dir/MiniOzoneClusterImpl-116b67e6-721e-43d0-9aeb-aef0ab413853/datanode-0/data/ratis/fa242a1e-2f5c-491d-8f3c-5aa01594623b/in_use.lock acquired by nodename 6420@ozone-nffxw-186015654
2019-06-13 12:04:00,653 INFO  storage.RaftStorage (RaftStorage.java:format(75)) - Storage directory /opt/src/hadoop-ozone/integration-test/target/test-dir/MiniOzoneClusterImpl-116b67e6-721e-43d0-9aeb-aef0ab413853/datanode-0/data/ratis/fa242a1e-2f5c-491d-8f3c-5aa01594623b has been successfully formatted.
2019-06-13 12:04:00,654 INFO  ratis.ContainerStateMachine (ContainerStateMachine.java:loadSnapshot(199)) - The snapshot info is null.Setting the last applied index to:(t:0, i:~)
2019-06-13 12:04:00,655 INFO  server.RaftServerConfigKeys (ConfUtils.java:logGet(43)) - raft.server.leader.election.timeout = 120s (custom)
2019-06-13 12:04:00,656 INFO  server.RaftServerConfigKeys (ConfUtils.java:logGet(43)) - raft.server.log.use.memory = false (default)
2019-06-13 12:04:00,658 INFO  server.RaftServerConfigKeys (ConfUtils.java:logGet(43)) - raft.server.log.appender.buffer.byte-limit = 33554432 (custom)
2019-06-13 12:04:00,660 INFO  server.RaftServerConfigKeys (ConfUtils.java:logGet(43)) - raft.server.log.segment.size.max = 16384 (custom)
2019-06-13 12:04:00,663 INFO  server.RaftServerConfigKeys (ConfUtils.java:logGet(43)) - raft.server.log.segment.cache.num.max = 2 (custom)
2019-06-13 12:04:00,665 INFO  storage.RaftLogWorker (RaftLogWorker.java:<init>(123)) - new 6cef66d5-8cd3-44aa-be07-575ef65ad786-RaftLogWorker for Storage Directory /opt/src/hadoop-ozone/integration-test/target/test-dir/MiniOzoneClusterImpl-116b67e6-721e-43d0-9aeb-aef0ab413853/datanode-0/data/ratis/fa242a1e-2f5c-491d-8f3c-5aa01594623b
2019-06-13 12:04:00,666 INFO  server.RaftServerConfigKeys (ConfUtils.java:logGet(43)) - raft.server.log.queue.byte-limit = 2147483647 (custom)
2019-06-13 12:04:00,666 INFO  server.RaftServerConfigKeys (ConfUtils.java:logGet(43)) - raft.server.log.queue.element-limit = 1024 (custom)
2019-06-13 12:04:00,667 INFO  server.RaftServerConfigKeys (ConfUtils.java:logGet(43)) - raft.server.log.segment.size.max = 16384 (custom)
2019-06-13 12:04:00,668 INFO  server.RaftServerConfigKeys (ConfUtils.java:logGet(43)) - raft.server.log.preallocated.size = 16384 (custom)
2019-06-13 12:04:00,668 INFO  server.RaftServerConfigKeys (ConfUtils.java:logGet(43)) - raft.server.log.write.buffer.size = 33554432 (custom)
2019-06-13 12:04:00,668 INFO  server.RaftServerConfigKeys (ConfUtils.java:logGet(43)) - raft.server.log.force.sync.num = 128 (default)
2019-06-13 12:04:00,669 INFO  server.RaftServerConfigKeys (ConfUtils.java:logGet(43)) - raft.server.log.statemachine.data.sync = true (default)
2019-06-13 12:04:00,669 INFO  server.RaftServerConfigKeys (ConfUtils.java:logGet(43)) - raft.server.log.statemachine.data.sync.timeout = 10s (default)
2019-06-13 12:04:00,670 INFO  server.RaftServerConfigKeys (ConfUtils.java:logGet(43)) - raft.server.log.statemachine.data.sync.timeout.retry = -1 (default)
2019-06-13 12:04:00,672 INFO  server.RaftServerConfigKeys (ConfUtils.java:logGet(43)) - raft.server.log.statemachine.data.caching.enabled = true (custom)
2019-06-13 12:04:00,676 INFO  server.RaftServerConfigKeys (ConfUtils.java:logGet(43)) - raft.server.snapshot.auto.trigger.enabled = true (custom)
2019-06-13 12:04:00,677 INFO  server.RaftServerConfigKeys (ConfUtils.java:logGet(43)) - raft.server.snapshot.auto.trigger.threshold = 10000 (custom)
2019-06-13 12:04:00,677 INFO  server.RaftServerConfigKeys (ConfUtils.java:logGet(43)) - raft.server.retrycache.expirytime = 600000ms (custom)
2019-06-13 12:04:00,692 INFO  impl.RaftServerImpl (RaftServerImpl.java:start(173)) - 6cef66d5-8cd3-44aa-be07-575ef65ad786: start group-5AA01594623B
2019-06-13 12:04:00,693 INFO  impl.RaftServerImpl (RaftServerImpl.java:setRole(164)) - 6cef66d5-8cd3-44aa-be07-575ef65ad786:group-5AA01594623B changes role from null to FOLLOWER at term 0 for startAsFollower
2019-06-13 12:04:00,694 INFO  impl.RoleInfo (RoleInfo.java:updateAndGet(143)) - 6cef66d5-8cd3-44aa-be07-575ef65ad786: start FollowerState
2019-06-13 12:04:00,696 INFO  util.JmxRegister (JmxRegister.java:tryRegister(44)) - Successfully registered JMX Bean with object name Ratis:service=RaftServer,group=group-5AA01594623B,id=6cef66d5-8cd3-44aa-be07-575ef65ad786
2019-06-13 12:04:00,742 INFO  pipeline.PipelineStateManager (PipelineStateManager.java:addPipeline(56)) - Created pipeline Pipeline[ Id: fa242a1e-2f5c-491d-8f3c-5aa01594623b, Nodes: 6cef66d5-8cd3-44aa-be07-575ef65ad786{ip: 192.168.46.58, host: ozone-nffxw-186015654, networkLocation: /default-rack, certSerialId: null}, Type:RATIS, Factor:ONE, State:OPEN]
2019-06-13 12:04:00,762 INFO  impl.RaftServerProxy (RaftServerProxy.java:addNew(89)) - 8cecba00-b083-47df-9f5a-b6be1e470733: addNew group-C97066A43D2B:[8cecba00-b083-47df-9f5a-b6be1e470733:192.168.46.58:34301] returns group-C97066A43D2B:java.util.concurrent.CompletableFuture@1e954311[Not completed]
2019-06-13 12:04:00,763 INFO  impl.RaftServerImpl (RaftServerImpl.java:<init>(91)) - 8cecba00-b083-47df-9f5a-b6be1e470733: new RaftServerImpl for group-C97066A43D2B:[8cecba00-b083-47df-9f5a-b6be1e470733:192.168.46.58:34301] with ContainerStateMachine:uninitialized
2019-06-13 12:04:00,764 INFO  server.RaftServerConfigKeys (ConfUtils.java:logGet(43)) - raft.server.rpc.timeout.min = 1s (custom)
2019-06-13 12:04:00,764 INFO  server.RaftServerConfigKeys (ConfUtils.java:logGet(43)) - raft.server.rpc.timeout.max = 1200ms (custom)
2019-06-13 12:04:00,764 INFO  server.RaftServerConfigKeys (ConfUtils.java:logGet(43)) - raft.server.rpcslowness.timeout = 120s (custom)
2019-06-13 12:04:00,764 INFO  server.RaftServerConfigKeys (ConfUtils.java:logGet(43)) - raft.server.log.appender.install.snapshot.enabled = true (default)
2019-06-13 12:04:00,764 INFO  impl.RaftServerImpl (ServerState.java:<init>(101)) - 8cecba00-b083-47df-9f5a-b6be1e470733:group-C97066A43D2B ConfigurationManager, init=-1: [8cecba00-b083-47df-9f5a-b6be1e470733:192.168.46.58:34301], old=null, confs=<EMPTY_MAP>
2019-06-13 12:04:00,764 INFO  server.RaftServerConfigKeys (ConfUtils.java:logGet(43)) - raft.server.storage.dir = [/opt/src/hadoop-ozone/integration-test/target/test-dir/MiniOzoneClusterImpl-116b67e6-721e-43d0-9aeb-aef0ab413853/datanode-1/data/ratis] (custom)
2019-06-13 12:04:00,764 INFO  storage.RaftStorageDirectory (RaftStorageDirectory.java:analyzeStorage(246)) - The storage directory /opt/src/hadoop-ozone/integration-test/target/test-dir/MiniOzoneClusterImpl-116b67e6-721e-43d0-9aeb-aef0ab413853/datanode-1/data/ratis/3bd32146-2159-469d-a7fe-c97066a43d2b does not exist. Creating ...
2019-06-13 12:04:00,768 INFO  storage.RaftStorageDirectory (RaftStorageDirectory.java:tryLock(328)) - Lock on /opt/src/hadoop-ozone/integration-test/target/test-dir/MiniOzoneClusterImpl-116b67e6-721e-43d0-9aeb-aef0ab413853/datanode-1/data/ratis/3bd32146-2159-469d-a7fe-c97066a43d2b/in_use.lock acquired by nodename 6420@ozone-nffxw-186015654
2019-06-13 12:04:00,771 INFO  storage.RaftStorage (RaftStorage.java:format(75)) - Storage directory /opt/src/hadoop-ozone/integration-test/target/test-dir/MiniOzoneClusterImpl-116b67e6-721e-43d0-9aeb-aef0ab413853/datanode-1/data/ratis/3bd32146-2159-469d-a7fe-c97066a43d2b has been successfully formatted.
2019-06-13 12:04:00,772 INFO  ratis.ContainerStateMachine (ContainerStateMachine.java:loadSnapshot(199)) - The snapshot info is null.Setting the last applied index to:(t:0, i:~)
2019-06-13 12:04:00,773 INFO  server.RaftServerConfigKeys (ConfUtils.java:logGet(43)) - raft.server.leader.election.timeout = 120s (custom)
2019-06-13 12:04:00,773 INFO  server.RaftServerConfigKeys (ConfUtils.java:logGet(43)) - raft.server.log.use.memory = false (default)
2019-06-13 12:04:00,774 INFO  server.RaftServerConfigKeys (ConfUtils.java:logGet(43)) - raft.server.log.appender.buffer.byte-limit = 33554432 (custom)
2019-06-13 12:04:00,774 INFO  server.RaftServerConfigKeys (ConfUtils.java:logGet(43)) - raft.server.log.segment.size.max = 16384 (custom)
2019-06-13 12:04:00,774 INFO  server.RaftServerConfigKeys (ConfUtils.java:logGet(43)) - raft.server.log.segment.cache.num.max = 2 (custom)
2019-06-13 12:04:00,774 INFO  storage.RaftLogWorker (RaftLogWorker.java:<init>(123)) - new 8cecba00-b083-47df-9f5a-b6be1e470733-RaftLogWorker for Storage Directory /opt/src/hadoop-ozone/integration-test/target/test-dir/MiniOzoneClusterImpl-116b67e6-721e-43d0-9aeb-aef0ab413853/datanode-1/data/ratis/3bd32146-2159-469d-a7fe-c97066a43d2b
2019-06-13 12:04:00,775 INFO  server.RaftServerConfigKeys (ConfUtils.java:logGet(43)) - raft.server.log.queue.byte-limit = 2147483647 (custom)
2019-06-13 12:04:00,775 INFO  server.RaftServerConfigKeys (ConfUtils.java:logGet(43)) - raft.server.log.queue.element-limit = 1024 (custom)
2019-06-13 12:04:00,775 INFO  server.RaftServerConfigKeys (ConfUtils.java:logGet(43)) - raft.server.log.segment.size.max = 16384 (custom)
2019-06-13 12:04:00,775 INFO  server.RaftServerConfigKeys (ConfUtils.java:logGet(43)) - raft.server.log.preallocated.size = 16384 (custom)
2019-06-13 12:04:00,775 INFO  server.RaftServerConfigKeys (ConfUtils.java:logGet(43)) - raft.server.log.write.buffer.size = 33554432 (custom)
2019-06-13 12:04:00,775 INFO  server.RaftServerConfigKeys (ConfUtils.java:logGet(43)) - raft.server.log.force.sync.num = 128 (default)
2019-06-13 12:04:00,775 INFO  server.RaftServerConfigKeys (ConfUtils.java:logGet(43)) - raft.server.log.statemachine.data.sync = true (default)
2019-06-13 12:04:00,775 INFO  server.RaftServerConfigKeys (ConfUtils.java:logGet(43)) - raft.server.log.statemachine.data.sync.timeout = 10s (default)
2019-06-13 12:04:00,775 INFO  server.RaftServerConfigKeys (ConfUtils.java:logGet(43)) - raft.server.log.statemachine.data.sync.timeout.retry = -1 (default)
2019-06-13 12:04:00,776 INFO  server.RaftServerConfigKeys (ConfUtils.java:logGet(43)) - raft.server.log.statemachine.data.caching.enabled = true (custom)
2019-06-13 12:04:00,776 INFO  server.RaftServerConfigKeys (ConfUtils.java:logGet(43)) - raft.server.snapshot.auto.trigger.enabled = true (custom)
2019-06-13 12:04:00,776 INFO  server.RaftServerConfigKeys (ConfUtils.java:logGet(43)) - raft.server.snapshot.auto.trigger.threshold = 10000 (custom)
2019-06-13 12:04:00,776 INFO  server.RaftServerConfigKeys (ConfUtils.java:logGet(43)) - raft.server.retrycache.expirytime = 600000ms (custom)
2019-06-13 12:04:00,777 INFO  impl.RaftServerImpl (RaftServerImpl.java:start(173)) - 8cecba00-b083-47df-9f5a-b6be1e470733: start group-C97066A43D2B
2019-06-13 12:04:00,777 INFO  impl.RaftServerImpl (RaftServerImpl.java:setRole(164)) - 8cecba00-b083-47df-9f5a-b6be1e470733:group-C97066A43D2B changes role from null to FOLLOWER at term 0 for startAsFollower
2019-06-13 12:04:00,777 INFO  impl.RoleInfo (RoleInfo.java:updateAndGet(143)) - 8cecba00-b083-47df-9f5a-b6be1e470733: start FollowerState
2019-06-13 12:04:00,779 INFO  util.JmxRegister (JmxRegister.java:tryRegister(44)) - Successfully registered JMX Bean with object name Ratis:service=RaftServer,group=group-C97066A43D2B,id=8cecba00-b083-47df-9f5a-b6be1e470733
2019-06-13 12:04:00,793 INFO  pipeline.PipelineStateManager (PipelineStateManager.java:addPipeline(56)) - Created pipeline Pipeline[ Id: 3bd32146-2159-469d-a7fe-c97066a43d2b, Nodes: 8cecba00-b083-47df-9f5a-b6be1e470733{ip: 192.168.46.58, host: ozone-nffxw-186015654, networkLocation: /default-rack, certSerialId: null}, Type:RATIS, Factor:ONE, State:OPEN]
2019-06-13 12:04:00,808 INFO  impl.RaftServerProxy (RaftServerProxy.java:addNew(89)) - 859621b4-b51a-492c-ad6d-3244885c0c07: addNew group-4A43CE0213D2:[859621b4-b51a-492c-ad6d-3244885c0c07:192.168.46.58:43419] returns group-4A43CE0213D2:java.util.concurrent.CompletableFuture@4594e96[Not completed]
2019-06-13 12:04:00,847 INFO  node.SCMNodeManager (SCMNodeManager.java:register(234)) - Registered Data node : 40e85715-f542-4fe4-a7e5-a8202a6d8f0e{ip: 192.168.46.58, host: ozone-nffxw-186015654, networkLocation: /default-rack, certSerialId: null}
2019-06-13 12:04:00,847 INFO  impl.RaftServerImpl (RaftServerImpl.java:<init>(91)) - 859621b4-b51a-492c-ad6d-3244885c0c07: new RaftServerImpl for group-4A43CE0213D2:[859621b4-b51a-492c-ad6d-3244885c0c07:192.168.46.58:43419] with ContainerStateMachine:uninitialized
2019-06-13 12:04:00,847 INFO  server.RaftServerConfigKeys (ConfUtils.java:logGet(43)) - raft.server.rpc.timeout.min = 1s (custom)
2019-06-13 12:04:00,847 INFO  server.RaftServerConfigKeys (ConfUtils.java:logGet(43)) - raft.server.rpc.timeout.max = 1200ms (custom)
2019-06-13 12:04:00,848 INFO  server.RaftServerConfigKeys (ConfUtils.java:logGet(43)) - raft.server.rpcslowness.timeout = 120s (custom)
2019-06-13 12:04:00,848 INFO  server.RaftServerConfigKeys (ConfUtils.java:logGet(43)) - raft.server.log.appender.install.snapshot.enabled = true (default)
2019-06-13 12:04:00,848 INFO  impl.RaftServerImpl (ServerState.java:<init>(101)) - 859621b4-b51a-492c-ad6d-3244885c0c07:group-4A43CE0213D2 ConfigurationManager, init=-1: [859621b4-b51a-492c-ad6d-3244885c0c07:192.168.46.58:43419], old=null, confs=<EMPTY_MAP>
2019-06-13 12:04:00,848 INFO  server.RaftServerConfigKeys (ConfUtils.java:logGet(43)) - raft.server.storage.dir = [/opt/src/hadoop-ozone/integration-test/target/test-dir/MiniOzoneClusterImpl-116b67e6-721e-43d0-9aeb-aef0ab413853/datanode-2/data/ratis] (custom)
2019-06-13 12:04:00,848 INFO  storage.RaftStorageDirectory (RaftStorageDirectory.java:analyzeStorage(246)) - The storage directory /opt/src/hadoop-ozone/integration-test/target/test-dir/MiniOzoneClusterImpl-116b67e6-721e-43d0-9aeb-aef0ab413853/datanode-2/data/ratis/611ac762-af55-4b31-b91d-4a43ce0213d2 does not exist. Creating ...
2019-06-13 12:04:00,851 INFO  storage.RaftStorageDirectory (RaftStorageDirectory.java:tryLock(328)) - Lock on /opt/src/hadoop-ozone/integration-test/target/test-dir/MiniOzoneClusterImpl-116b67e6-721e-43d0-9aeb-aef0ab413853/datanode-2/data/ratis/611ac762-af55-4b31-b91d-4a43ce0213d2/in_use.lock acquired by nodename 6420@ozone-nffxw-186015654
2019-06-13 12:04:00,853 INFO  storage.RaftStorage (RaftStorage.java:format(75)) - Storage directory /opt/src/hadoop-ozone/integration-test/target/test-dir/MiniOzoneClusterImpl-116b67e6-721e-43d0-9aeb-aef0ab413853/datanode-2/data/ratis/611ac762-af55-4b31-b91d-4a43ce0213d2 has been successfully formatted.
2019-06-13 12:04:00,854 INFO  ratis.ContainerStateMachine (ContainerStateMachine.java:loadSnapshot(199)) - The snapshot info is null.Setting the last applied index to:(t:0, i:~)
2019-06-13 12:04:00,854 INFO  server.RaftServerConfigKeys (ConfUtils.java:logGet(43)) - raft.server.leader.election.timeout = 120s (custom)
2019-06-13 12:04:00,854 INFO  server.RaftServerConfigKeys (ConfUtils.java:logGet(43)) - raft.server.log.use.memory = false (default)
2019-06-13 12:04:00,854 INFO  server.RaftServerConfigKeys (ConfUtils.java:logGet(43)) - raft.server.log.appender.buffer.byte-limit = 33554432 (custom)
2019-06-13 12:04:00,854 INFO  server.RaftServerConfigKeys (ConfUtils.java:logGet(43)) - raft.server.log.segment.size.max = 16384 (custom)
2019-06-13 12:04:00,854 INFO  server.RaftServerConfigKeys (ConfUtils.java:logGet(43)) - raft.server.log.segment.cache.num.max = 2 (custom)
2019-06-13 12:04:00,854 INFO  storage.RaftLogWorker (RaftLogWorker.java:<init>(123)) - new 859621b4-b51a-492c-ad6d-3244885c0c07-RaftLogWorker for Storage Directory /opt/src/hadoop-ozone/integration-test/target/test-dir/MiniOzoneClusterImpl-116b67e6-721e-43d0-9aeb-aef0ab413853/datanode-2/data/ratis/611ac762-af55-4b31-b91d-4a43ce0213d2
2019-06-13 12:04:00,854 INFO  server.RaftServerConfigKeys (ConfUtils.java:logGet(43)) - raft.server.log.queue.byte-limit = 2147483647 (custom)
2019-06-13 12:04:00,855 INFO  server.RaftServerConfigKeys (ConfUtils.java:logGet(43)) - raft.server.log.queue.element-limit = 1024 (custom)
2019-06-13 12:04:00,855 INFO  server.RaftServerConfigKeys (ConfUtils.java:logGet(43)) - raft.server.log.segment.size.max = 16384 (custom)
2019-06-13 12:04:00,855 INFO  server.RaftServerConfigKeys (ConfUtils.java:logGet(43)) - raft.server.log.preallocated.size = 16384 (custom)
2019-06-13 12:04:00,855 INFO  server.RaftServerConfigKeys (ConfUtils.java:logGet(43)) - raft.server.log.write.buffer.size = 33554432 (custom)
2019-06-13 12:04:00,855 INFO  server.RaftServerConfigKeys (ConfUtils.java:logGet(43)) - raft.server.log.force.sync.num = 128 (default)
2019-06-13 12:04:00,855 INFO  server.RaftServerConfigKeys (ConfUtils.java:logGet(43)) - raft.server.log.statemachine.data.sync = true (default)
2019-06-13 12:04:00,855 INFO  server.RaftServerConfigKeys (ConfUtils.java:logGet(43)) - raft.server.log.statemachine.data.sync.timeout = 10s (default)
2019-06-13 12:04:00,855 INFO  server.RaftServerConfigKeys (ConfUtils.java:logGet(43)) - raft.server.log.statemachine.data.sync.timeout.retry = -1 (default)
2019-06-13 12:04:00,855 INFO  server.RaftServerConfigKeys (ConfUtils.java:logGet(43)) - raft.server.log.statemachine.data.caching.enabled = true (custom)
2019-06-13 12:04:00,857 INFO  server.RaftServerConfigKeys (ConfUtils.java:logGet(43)) - raft.server.snapshot.auto.trigger.enabled = true (custom)
2019-06-13 12:04:00,857 INFO  server.RaftServerConfigKeys (ConfUtils.java:logGet(43)) - raft.server.snapshot.auto.trigger.threshold = 10000 (custom)
2019-06-13 12:04:00,857 INFO  server.RaftServerConfigKeys (ConfUtils.java:logGet(43)) - raft.server.retrycache.expirytime = 600000ms (custom)
2019-06-13 12:04:00,857 INFO  impl.RaftServerImpl (RaftServerImpl.java:start(173)) - 859621b4-b51a-492c-ad6d-3244885c0c07: start group-4A43CE0213D2
2019-06-13 12:04:00,857 INFO  impl.RaftServerImpl (RaftServerImpl.java:setRole(164)) - 859621b4-b51a-492c-ad6d-3244885c0c07:group-4A43CE0213D2 changes role from null to FOLLOWER at term 0 for startAsFollower
2019-06-13 12:04:00,857 INFO  impl.RoleInfo (RoleInfo.java:updateAndGet(143)) - 859621b4-b51a-492c-ad6d-3244885c0c07: start FollowerState
2019-06-13 12:04:00,857 INFO  util.JmxRegister (JmxRegister.java:tryRegister(44)) - Successfully registered JMX Bean with object name Ratis:service=RaftServer,group=group-4A43CE0213D2,id=859621b4-b51a-492c-ad6d-3244885c0c07
2019-06-13 12:04:00,878 INFO  pipeline.PipelineStateManager (PipelineStateManager.java:addPipeline(56)) - Created pipeline Pipeline[ Id: 611ac762-af55-4b31-b91d-4a43ce0213d2, Nodes: 859621b4-b51a-492c-ad6d-3244885c0c07{ip: 192.168.46.58, host: ozone-nffxw-186015654, networkLocation: /default-rack, certSerialId: null}, Type:RATIS, Factor:ONE, State:OPEN]
2019-06-13 12:04:00,890 INFO  impl.RaftServerProxy (RaftServerProxy.java:addNew(89)) - 40e85715-f542-4fe4-a7e5-a8202a6d8f0e: addNew group-D77F64A1D32A:[40e85715-f542-4fe4-a7e5-a8202a6d8f0e:192.168.46.58:38617] returns group-D77F64A1D32A:java.util.concurrent.CompletableFuture@6b9a4ba0[Not completed]
2019-06-13 12:04:00,894 INFO  impl.RaftServerImpl (RaftServerImpl.java:<init>(91)) - 40e85715-f542-4fe4-a7e5-a8202a6d8f0e: new RaftServerImpl for group-D77F64A1D32A:[40e85715-f542-4fe4-a7e5-a8202a6d8f0e:192.168.46.58:38617] with ContainerStateMachine:uninitialized
2019-06-13 12:04:00,894 INFO  server.RaftServerConfigKeys (ConfUtils.java:logGet(43)) - raft.server.rpc.timeout.min = 1s (custom)
2019-06-13 12:04:00,894 INFO  server.RaftServerConfigKeys (ConfUtils.java:logGet(43)) - raft.server.rpc.timeout.max = 1200ms (custom)
2019-06-13 12:04:00,894 INFO  server.RaftServerConfigKeys (ConfUtils.java:logGet(43)) - raft.server.rpcslowness.timeout = 120s (custom)
2019-06-13 12:04:00,894 INFO  server.RaftServerConfigKeys (ConfUtils.java:logGet(43)) - raft.server.log.appender.install.snapshot.enabled = true (default)
2019-06-13 12:04:00,894 INFO  impl.RaftServerImpl (ServerState.java:<init>(101)) - 40e85715-f542-4fe4-a7e5-a8202a6d8f0e:group-D77F64A1D32A ConfigurationManager, init=-1: [40e85715-f542-4fe4-a7e5-a8202a6d8f0e:192.168.46.58:38617], old=null, confs=<EMPTY_MAP>
2019-06-13 12:04:00,895 INFO  server.RaftServerConfigKeys (ConfUtils.java:logGet(43)) - raft.server.storage.dir = [/opt/src/hadoop-ozone/integration-test/target/test-dir/MiniOzoneClusterImpl-116b67e6-721e-43d0-9aeb-aef0ab413853/datanode-3/data/ratis] (custom)
2019-06-13 12:04:00,895 INFO  storage.RaftStorageDirectory (RaftStorageDirectory.java:analyzeStorage(246)) - The storage directory /opt/src/hadoop-ozone/integration-test/target/test-dir/MiniOzoneClusterImpl-116b67e6-721e-43d0-9aeb-aef0ab413853/datanode-3/data/ratis/2f151661-de39-4f57-9464-d77f64a1d32a does not exist. Creating ...
2019-06-13 12:04:00,898 INFO  storage.RaftStorageDirectory (RaftStorageDirectory.java:tryLock(328)) - Lock on /opt/src/hadoop-ozone/integration-test/target/test-dir/MiniOzoneClusterImpl-116b67e6-721e-43d0-9aeb-aef0ab413853/datanode-3/data/ratis/2f151661-de39-4f57-9464-d77f64a1d32a/in_use.lock acquired by nodename 6420@ozone-nffxw-186015654
2019-06-13 12:04:00,901 INFO  storage.RaftStorage (RaftStorage.java:format(75)) - Storage directory /opt/src/hadoop-ozone/integration-test/target/test-dir/MiniOzoneClusterImpl-116b67e6-721e-43d0-9aeb-aef0ab413853/datanode-3/data/ratis/2f151661-de39-4f57-9464-d77f64a1d32a has been successfully formatted.
2019-06-13 12:04:00,901 INFO  ratis.ContainerStateMachine (ContainerStateMachine.java:loadSnapshot(199)) - The snapshot info is null.Setting the last applied index to:(t:0, i:~)
2019-06-13 12:04:00,901 INFO  server.RaftServerConfigKeys (ConfUtils.java:logGet(43)) - raft.server.leader.election.timeout = 120s (custom)
2019-06-13 12:04:00,901 INFO  server.RaftServerConfigKeys (ConfUtils.java:logGet(43)) - raft.server.log.use.memory = false (default)
2019-06-13 12:04:00,901 INFO  server.RaftServerConfigKeys (ConfUtils.java:logGet(43)) - raft.server.log.appender.buffer.byte-limit = 33554432 (custom)
2019-06-13 12:04:00,901 INFO  server.RaftServerConfigKeys (ConfUtils.java:logGet(43)) - raft.server.log.segment.size.max = 16384 (custom)
2019-06-13 12:04:00,901 INFO  server.RaftServerConfigKeys (ConfUtils.java:logGet(43)) - raft.server.log.segment.cache.num.max = 2 (custom)
2019-06-13 12:04:00,901 INFO  storage.RaftLogWorker (RaftLogWorker.java:<init>(123)) - new 40e85715-f542-4fe4-a7e5-a8202a6d8f0e-RaftLogWorker for Storage Directory /opt/src/hadoop-ozone/integration-test/target/test-dir/MiniOzoneClusterImpl-116b67e6-721e-43d0-9aeb-aef0ab413853/datanode-3/data/ratis/2f151661-de39-4f57-9464-d77f64a1d32a
2019-06-13 12:04:00,901 INFO  server.RaftServerConfigKeys (ConfUtils.java:logGet(43)) - raft.server.log.queue.byte-limit = 2147483647 (custom)
2019-06-13 12:04:00,901 INFO  server.RaftServerConfigKeys (ConfUtils.java:logGet(43)) - raft.server.log.queue.element-limit = 1024 (custom)
2019-06-13 12:04:00,901 INFO  server.RaftServerConfigKeys (ConfUtils.java:logGet(43)) - raft.server.log.segment.size.max = 16384 (custom)
2019-06-13 12:04:00,902 INFO  server.RaftServerConfigKeys (ConfUtils.java:logGet(43)) - raft.server.log.preallocated.size = 16384 (custom)
2019-06-13 12:04:00,902 INFO  server.RaftServerConfigKeys (ConfUtils.java:logGet(43)) - raft.server.log.write.buffer.size = 33554432 (custom)
2019-06-13 12:04:00,902 INFO  server.RaftServerConfigKeys (ConfUtils.java:logGet(43)) - raft.server.log.force.sync.num = 128 (default)
2019-06-13 12:04:00,902 INFO  server.RaftServerConfigKeys (ConfUtils.java:logGet(43)) - raft.server.log.statemachine.data.sync = true (default)
2019-06-13 12:04:00,902 INFO  server.RaftServerConfigKeys (ConfUtils.java:logGet(43)) - raft.server.log.statemachine.data.sync.timeout = 10s (default)
2019-06-13 12:04:00,902 INFO  server.RaftServerConfigKeys (ConfUtils.java:logGet(43)) - raft.server.log.statemachine.data.sync.timeout.retry = -1 (default)
2019-06-13 12:04:00,902 INFO  server.RaftServerConfigKeys (ConfUtils.java:logGet(43)) - raft.server.log.statemachine.data.caching.enabled = true (custom)
2019-06-13 12:04:00,903 INFO  server.RaftServerConfigKeys (ConfUtils.java:logGet(43)) - raft.server.snapshot.auto.trigger.enabled = true (custom)
2019-06-13 12:04:00,903 INFO  server.RaftServerConfigKeys (ConfUtils.java:logGet(43)) - raft.server.snapshot.auto.trigger.threshold = 10000 (custom)
2019-06-13 12:04:00,903 INFO  server.RaftServerConfigKeys (ConfUtils.java:logGet(43)) - raft.server.retrycache.expirytime = 600000ms (custom)
2019-06-13 12:04:00,903 INFO  impl.RaftServerImpl (RaftServerImpl.java:start(173)) - 40e85715-f542-4fe4-a7e5-a8202a6d8f0e: start group-D77F64A1D32A
2019-06-13 12:04:00,903 INFO  impl.RaftServerImpl (RaftServerImpl.java:setRole(164)) - 40e85715-f542-4fe4-a7e5-a8202a6d8f0e:group-D77F64A1D32A changes role from null to FOLLOWER at term 0 for startAsFollower
2019-06-13 12:04:00,903 INFO  impl.RoleInfo (RoleInfo.java:updateAndGet(143)) - 40e85715-f542-4fe4-a7e5-a8202a6d8f0e: start FollowerState
2019-06-13 12:04:00,905 INFO  util.JmxRegister (JmxRegister.java:tryRegister(44)) - Successfully registered JMX Bean with object name Ratis:service=RaftServer,group=group-D77F64A1D32A,id=40e85715-f542-4fe4-a7e5-a8202a6d8f0e
2019-06-13 12:04:00,917 INFO  pipeline.PipelineStateManager (PipelineStateManager.java:addPipeline(56)) - Created pipeline Pipeline[ Id: 2f151661-de39-4f57-9464-d77f64a1d32a, Nodes: 40e85715-f542-4fe4-a7e5-a8202a6d8f0e{ip: 192.168.46.58, host: ozone-nffxw-186015654, networkLocation: /default-rack, certSerialId: null}, Type:RATIS, Factor:ONE, State:OPEN]
2019-06-13 12:04:00,946 INFO  impl.RaftServerProxy (RaftServerProxy.java:addNew(89)) - 859621b4-b51a-492c-ad6d-3244885c0c07: addNew group-20B8C391EFEC:[6cef66d5-8cd3-44aa-be07-575ef65ad786:192.168.46.58:41525, 859621b4-b51a-492c-ad6d-3244885c0c07:192.168.46.58:43419, 8cecba00-b083-47df-9f5a-b6be1e470733:192.168.46.58:34301] returns group-20B8C391EFEC:java.util.concurrent.CompletableFuture@3b3e0b1a[Not completed]
2019-06-13 12:04:00,950 INFO  impl.RaftServerProxy (RaftServerProxy.java:addNew(89)) - 8cecba00-b083-47df-9f5a-b6be1e470733: addNew group-20B8C391EFEC:[6cef66d5-8cd3-44aa-be07-575ef65ad786:192.168.46.58:41525, 859621b4-b51a-492c-ad6d-3244885c0c07:192.168.46.58:43419, 8cecba00-b083-47df-9f5a-b6be1e470733:192.168.46.58:34301] returns group-20B8C391EFEC:java.util.concurrent.CompletableFuture@3f0198a5[Not completed]
2019-06-13 12:04:00,950 INFO  impl.RaftServerImpl (RaftServerImpl.java:<init>(91)) - 8cecba00-b083-47df-9f5a-b6be1e470733: new RaftServerImpl for group-20B8C391EFEC:[6cef66d5-8cd3-44aa-be07-575ef65ad786:192.168.46.58:41525, 859621b4-b51a-492c-ad6d-3244885c0c07:192.168.46.58:43419, 8cecba00-b083-47df-9f5a-b6be1e470733:192.168.46.58:34301] with ContainerStateMachine:uninitialized
2019-06-13 12:04:00,951 INFO  server.RaftServerConfigKeys (ConfUtils.java:logGet(43)) - raft.server.rpc.timeout.min = 1s (custom)
2019-06-13 12:04:00,951 INFO  server.RaftServerConfigKeys (ConfUtils.java:logGet(43)) - raft.server.rpc.timeout.max = 1200ms (custom)
2019-06-13 12:04:00,951 INFO  server.RaftServerConfigKeys (ConfUtils.java:logGet(43)) - raft.server.rpcslowness.timeout = 120s (custom)
2019-06-13 12:04:00,951 INFO  server.RaftServerConfigKeys (ConfUtils.java:logGet(43)) - raft.server.log.appender.install.snapshot.enabled = true (default)
2019-06-13 12:04:00,951 INFO  impl.RaftServerImpl (ServerState.java:<init>(101)) - 8cecba00-b083-47df-9f5a-b6be1e470733:group-20B8C391EFEC ConfigurationManager, init=-1: [6cef66d5-8cd3-44aa-be07-575ef65ad786:192.168.46.58:41525, 859621b4-b51a-492c-ad6d-3244885c0c07:192.168.46.58:43419, 8cecba00-b083-47df-9f5a-b6be1e470733:192.168.46.58:34301], old=null, confs=<EMPTY_MAP>
2019-06-13 12:04:00,951 INFO  server.RaftServerConfigKeys (ConfUtils.java:logGet(43)) - raft.server.storage.dir = [/opt/src/hadoop-ozone/integration-test/target/test-dir/MiniOzoneClusterImpl-116b67e6-721e-43d0-9aeb-aef0ab413853/datanode-1/data/ratis] (custom)
2019-06-13 12:04:00,951 INFO  storage.RaftStorageDirectory (RaftStorageDirectory.java:analyzeStorage(246)) - The storage directory /opt/src/hadoop-ozone/integration-test/target/test-dir/MiniOzoneClusterImpl-116b67e6-721e-43d0-9aeb-aef0ab413853/datanode-1/data/ratis/65296e8a-15e3-4cd9-83ab-20b8c391efec does not exist. Creating ...
2019-06-13 12:04:00,953 INFO  impl.RaftServerImpl (RaftServerImpl.java:<init>(91)) - 859621b4-b51a-492c-ad6d-3244885c0c07: new RaftServerImpl for group-20B8C391EFEC:[6cef66d5-8cd3-44aa-be07-575ef65ad786:192.168.46.58:41525, 859621b4-b51a-492c-ad6d-3244885c0c07:192.168.46.58:43419, 8cecba00-b083-47df-9f5a-b6be1e470733:192.168.46.58:34301] with ContainerStateMachine:uninitialized
2019-06-13 12:04:00,953 INFO  server.RaftServerConfigKeys (ConfUtils.java:logGet(43)) - raft.server.rpc.timeout.min = 1s (custom)
2019-06-13 12:04:00,953 INFO  server.RaftServerConfigKeys (ConfUtils.java:logGet(43)) - raft.server.rpc.timeout.max = 1200ms (custom)
2019-06-13 12:04:00,953 INFO  server.RaftServerConfigKeys (ConfUtils.java:logGet(43)) - raft.server.rpcslowness.timeout = 120s (custom)
2019-06-13 12:04:00,953 INFO  impl.RaftServerProxy (RaftServerProxy.java:addNew(89)) - 6cef66d5-8cd3-44aa-be07-575ef65ad786: addNew group-20B8C391EFEC:[6cef66d5-8cd3-44aa-be07-575ef65ad786:192.168.46.58:41525, 859621b4-b51a-492c-ad6d-3244885c0c07:192.168.46.58:43419, 8cecba00-b083-47df-9f5a-b6be1e470733:192.168.46.58:34301] returns group-20B8C391EFEC:java.util.concurrent.CompletableFuture@9e22ef[Not completed]
2019-06-13 12:04:00,953 INFO  server.RaftServerConfigKeys (ConfUtils.java:logGet(43)) - raft.server.log.appender.install.snapshot.enabled = true (default)
2019-06-13 12:04:00,953 INFO  impl.RaftServerImpl (ServerState.java:<init>(101)) - 859621b4-b51a-492c-ad6d-3244885c0c07:group-20B8C391EFEC ConfigurationManager, init=-1: [6cef66d5-8cd3-44aa-be07-575ef65ad786:192.168.46.58:41525, 859621b4-b51a-492c-ad6d-3244885c0c07:192.168.46.58:43419, 8cecba00-b083-47df-9f5a-b6be1e470733:192.168.46.58:34301], old=null, confs=<EMPTY_MAP>
2019-06-13 12:04:00,953 INFO  server.RaftServerConfigKeys (ConfUtils.java:logGet(43)) - raft.server.storage.dir = [/opt/src/hadoop-ozone/integration-test/target/test-dir/MiniOzoneClusterImpl-116b67e6-721e-43d0-9aeb-aef0ab413853/datanode-2/data/ratis] (custom)
2019-06-13 12:04:00,954 INFO  storage.RaftStorageDirectory (RaftStorageDirectory.java:analyzeStorage(246)) - The storage directory /opt/src/hadoop-ozone/integration-test/target/test-dir/MiniOzoneClusterImpl-116b67e6-721e-43d0-9aeb-aef0ab413853/datanode-2/data/ratis/65296e8a-15e3-4cd9-83ab-20b8c391efec does not exist. Creating ...
2019-06-13 12:04:00,953 INFO  impl.RaftServerImpl (RaftServerImpl.java:<init>(91)) - 6cef66d5-8cd3-44aa-be07-575ef65ad786: new RaftServerImpl for group-20B8C391EFEC:[6cef66d5-8cd3-44aa-be07-575ef65ad786:192.168.46.58:41525, 859621b4-b51a-492c-ad6d-3244885c0c07:192.168.46.58:43419, 8cecba00-b083-47df-9f5a-b6be1e470733:192.168.46.58:34301] with ContainerStateMachine:uninitialized
2019-06-13 12:04:00,954 INFO  server.RaftServerConfigKeys (ConfUtils.java:logGet(43)) - raft.server.rpc.timeout.min = 1s (custom)
2019-06-13 12:04:00,954 INFO  server.RaftServerConfigKeys (ConfUtils.java:logGet(43)) - raft.server.rpc.timeout.max = 1200ms (custom)
2019-06-13 12:04:00,954 INFO  server.RaftServerConfigKeys (ConfUtils.java:logGet(43)) - raft.server.rpcslowness.timeout = 120s (custom)
2019-06-13 12:04:00,954 INFO  server.RaftServerConfigKeys (ConfUtils.java:logGet(43)) - raft.server.log.appender.install.snapshot.enabled = true (default)
2019-06-13 12:04:00,955 INFO  impl.RaftServerImpl (ServerState.java:<init>(101)) - 6cef66d5-8cd3-44aa-be07-575ef65ad786:group-20B8C391EFEC ConfigurationManager, init=-1: [6cef66d5-8cd3-44aa-be07-575ef65ad786:192.168.46.58:41525, 859621b4-b51a-492c-ad6d-3244885c0c07:192.168.46.58:43419, 8cecba00-b083-47df-9f5a-b6be1e470733:192.168.46.58:34301], old=null, confs=<EMPTY_MAP>
2019-06-13 12:04:00,955 INFO  server.RaftServerConfigKeys (ConfUtils.java:logGet(43)) - raft.server.storage.dir = [/opt/src/hadoop-ozone/integration-test/target/test-dir/MiniOzoneClusterImpl-116b67e6-721e-43d0-9aeb-aef0ab413853/datanode-0/data/ratis] (custom)
2019-06-13 12:04:00,955 INFO  storage.RaftStorageDirectory (RaftStorageDirectory.java:analyzeStorage(246)) - The storage directory /opt/src/hadoop-ozone/integration-test/target/test-dir/MiniOzoneClusterImpl-116b67e6-721e-43d0-9aeb-aef0ab413853/datanode-0/data/ratis/65296e8a-15e3-4cd9-83ab-20b8c391efec does not exist. Creating ...
2019-06-13 12:04:00,954 INFO  storage.RaftStorageDirectory (RaftStorageDirectory.java:tryLock(328)) - Lock on /opt/src/hadoop-ozone/integration-test/target/test-dir/MiniOzoneClusterImpl-116b67e6-721e-43d0-9aeb-aef0ab413853/datanode-1/data/ratis/65296e8a-15e3-4cd9-83ab-20b8c391efec/in_use.lock acquired by nodename 6420@ozone-nffxw-186015654
2019-06-13 12:04:00,956 INFO  storage.RaftStorageDirectory (RaftStorageDirectory.java:tryLock(328)) - Lock on /opt/src/hadoop-ozone/integration-test/target/test-dir/MiniOzoneClusterImpl-116b67e6-721e-43d0-9aeb-aef0ab413853/datanode-2/data/ratis/65296e8a-15e3-4cd9-83ab-20b8c391efec/in_use.lock acquired by nodename 6420@ozone-nffxw-186015654
2019-06-13 12:04:00,958 INFO  storage.RaftStorage (RaftStorage.java:format(75)) - Storage directory /opt/src/hadoop-ozone/integration-test/target/test-dir/MiniOzoneClusterImpl-116b67e6-721e-43d0-9aeb-aef0ab413853/datanode-1/data/ratis/65296e8a-15e3-4cd9-83ab-20b8c391efec has been successfully formatted.
2019-06-13 12:04:00,973 INFO  ratis.ContainerStateMachine (ContainerStateMachine.java:loadSnapshot(199)) - The snapshot info is null.Setting the last applied index to:(t:0, i:~)
2019-06-13 12:04:00,974 INFO  server.RaftServerConfigKeys (ConfUtils.java:logGet(43)) - raft.server.leader.election.timeout = 120s (custom)
2019-06-13 12:04:00,974 INFO  server.RaftServerConfigKeys (ConfUtils.java:logGet(43)) - raft.server.log.use.memory = false (default)
2019-06-13 12:04:00,974 INFO  server.RaftServerConfigKeys (ConfUtils.java:logGet(43)) - raft.server.log.appender.buffer.byte-limit = 33554432 (custom)
2019-06-13 12:04:00,974 INFO  server.RaftServerConfigKeys (ConfUtils.java:logGet(43)) - raft.server.log.segment.size.max = 16384 (custom)
2019-06-13 12:04:00,974 INFO  server.RaftServerConfigKeys (ConfUtils.java:logGet(43)) - raft.server.log.segment.cache.num.max = 2 (custom)
2019-06-13 12:04:00,974 INFO  storage.RaftLogWorker (RaftLogWorker.java:<init>(123)) - new 8cecba00-b083-47df-9f5a-b6be1e470733-RaftLogWorker for Storage Directory /opt/src/hadoop-ozone/integration-test/target/test-dir/MiniOzoneClusterImpl-116b67e6-721e-43d0-9aeb-aef0ab413853/datanode-1/data/ratis/65296e8a-15e3-4cd9-83ab-20b8c391efec
2019-06-13 12:04:00,974 INFO  server.RaftServerConfigKeys (ConfUtils.java:logGet(43)) - raft.server.log.queue.byte-limit = 2147483647 (custom)
2019-06-13 12:04:00,974 INFO  server.RaftServerConfigKeys (ConfUtils.java:logGet(43)) - raft.server.log.queue.element-limit = 1024 (custom)
2019-06-13 12:04:00,974 INFO  server.RaftServerConfigKeys (ConfUtils.java:logGet(43)) - raft.server.log.segment.size.max = 16384 (custom)
2019-06-13 12:04:00,974 INFO  server.RaftServerConfigKeys (ConfUtils.java:logGet(43)) - raft.server.log.preallocated.size = 16384 (custom)
2019-06-13 12:04:00,974 INFO  server.RaftServerConfigKeys (ConfUtils.java:logGet(43)) - raft.server.log.write.buffer.size = 33554432 (custom)
2019-06-13 12:04:00,974 INFO  server.RaftServerConfigKeys (ConfUtils.java:logGet(43)) - raft.server.log.force.sync.num = 128 (default)
2019-06-13 12:04:00,975 INFO  server.RaftServerConfigKeys (ConfUtils.java:logGet(43)) - raft.server.log.statemachine.data.sync = true (default)
2019-06-13 12:04:00,975 INFO  server.RaftServerConfigKeys (ConfUtils.java:logGet(43)) - raft.server.log.statemachine.data.sync.timeout = 10s (default)
2019-06-13 12:04:00,975 INFO  server.RaftServerConfigKeys (ConfUtils.java:logGet(43)) - raft.server.log.statemachine.data.sync.timeout.retry = -1 (default)
2019-06-13 12:04:00,975 INFO  server.RaftServerConfigKeys (ConfUtils.java:logGet(43)) - raft.server.log.statemachine.data.caching.enabled = true (custom)
2019-06-13 12:04:00,976 INFO  server.RaftServerConfigKeys (ConfUtils.java:logGet(43)) - raft.server.snapshot.auto.trigger.enabled = true (custom)
2019-06-13 12:04:00,976 INFO  server.RaftServerConfigKeys (ConfUtils.java:logGet(43)) - raft.server.snapshot.auto.trigger.threshold = 10000 (custom)
2019-06-13 12:04:00,976 INFO  server.RaftServerConfigKeys (ConfUtils.java:logGet(43)) - raft.server.retrycache.expirytime = 600000ms (custom)
2019-06-13 12:04:00,976 INFO  storage.RaftStorageDirectory (RaftStorageDirectory.java:tryLock(328)) - Lock on /opt/src/hadoop-ozone/integration-test/target/test-dir/MiniOzoneClusterImpl-116b67e6-721e-43d0-9aeb-aef0ab413853/datanode-0/data/ratis/65296e8a-15e3-4cd9-83ab-20b8c391efec/in_use.lock acquired by nodename 6420@ozone-nffxw-186015654
2019-06-13 12:04:00,976 INFO  storage.RaftStorage (RaftStorage.java:format(75)) - Storage directory /opt/src/hadoop-ozone/integration-test/target/test-dir/MiniOzoneClusterImpl-116b67e6-721e-43d0-9aeb-aef0ab413853/datanode-2/data/ratis/65296e8a-15e3-4cd9-83ab-20b8c391efec has been successfully formatted.
2019-06-13 12:04:00,976 INFO  impl.RaftServerImpl (RaftServerImpl.java:start(173)) - 8cecba00-b083-47df-9f5a-b6be1e470733: start group-20B8C391EFEC
2019-06-13 12:04:00,977 INFO  ratis.ContainerStateMachine (ContainerStateMachine.java:loadSnapshot(199)) - The snapshot info is null.Setting the last applied index to:(t:0, i:~)
2019-06-13 12:04:00,977 INFO  impl.RaftServerImpl (RaftServerImpl.java:setRole(164)) - 8cecba00-b083-47df-9f5a-b6be1e470733:group-20B8C391EFEC changes role from null to FOLLOWER at term 0 for startAsFollower
2019-06-13 12:04:00,977 INFO  server.RaftServerConfigKeys (ConfUtils.java:logGet(43)) - raft.server.leader.election.timeout = 120s (custom)
2019-06-13 12:04:00,977 INFO  server.RaftServerConfigKeys (ConfUtils.java:logGet(43)) - raft.server.log.use.memory = false (default)
2019-06-13 12:04:00,977 INFO  server.RaftServerConfigKeys (ConfUtils.java:logGet(43)) - raft.server.log.appender.buffer.byte-limit = 33554432 (custom)
2019-06-13 12:04:00,977 INFO  server.RaftServerConfigKeys (ConfUtils.java:logGet(43)) - raft.server.log.segment.size.max = 16384 (custom)
2019-06-13 12:04:00,978 INFO  server.RaftServerConfigKeys (ConfUtils.java:logGet(43)) - raft.server.log.segment.cache.num.max = 2 (custom)
2019-06-13 12:04:00,978 INFO  storage.RaftLogWorker (RaftLogWorker.java:<init>(123)) - new 859621b4-b51a-492c-ad6d-3244885c0c07-RaftLogWorker for Storage Directory /opt/src/hadoop-ozone/integration-test/target/test-dir/MiniOzoneClusterImpl-116b67e6-721e-43d0-9aeb-aef0ab413853/datanode-2/data/ratis/65296e8a-15e3-4cd9-83ab-20b8c391efec
2019-06-13 12:04:00,978 INFO  server.RaftServerConfigKeys (ConfUtils.java:logGet(43)) - raft.server.log.queue.byte-limit = 2147483647 (custom)
2019-06-13 12:04:00,978 INFO  server.RaftServerConfigKeys (ConfUtils.java:logGet(43)) - raft.server.log.queue.element-limit = 1024 (custom)
2019-06-13 12:04:00,978 INFO  server.RaftServerConfigKeys (ConfUtils.java:logGet(43)) - raft.server.log.segment.size.max = 16384 (custom)
2019-06-13 12:04:00,978 INFO  server.RaftServerConfigKeys (ConfUtils.java:logGet(43)) - raft.server.log.preallocated.size = 16384 (custom)
2019-06-13 12:04:00,978 INFO  server.RaftServerConfigKeys (ConfUtils.java:logGet(43)) - raft.server.log.write.buffer.size = 33554432 (custom)
2019-06-13 12:04:00,978 INFO  server.RaftServerConfigKeys (ConfUtils.java:logGet(43)) - raft.server.log.force.sync.num = 128 (default)
2019-06-13 12:04:00,978 INFO  storage.RaftStorage (RaftStorage.java:format(75)) - Storage directory /opt/src/hadoop-ozone/integration-test/target/test-dir/MiniOzoneClusterImpl-116b67e6-721e-43d0-9aeb-aef0ab413853/datanode-0/data/ratis/65296e8a-15e3-4cd9-83ab-20b8c391efec has been successfully formatted.
2019-06-13 12:04:00,979 INFO  impl.RoleInfo (RoleInfo.java:updateAndGet(143)) - 8cecba00-b083-47df-9f5a-b6be1e470733: start FollowerState
2019-06-13 12:04:00,978 INFO  server.RaftServerConfigKeys (ConfUtils.java:logGet(43)) - raft.server.log.statemachine.data.sync = true (default)
2019-06-13 12:04:00,979 INFO  server.RaftServerConfigKeys (ConfUtils.java:logGet(43)) - raft.server.log.statemachine.data.sync.timeout = 10s (default)
2019-06-13 12:04:00,979 INFO  server.RaftServerConfigKeys (ConfUtils.java:logGet(43)) - raft.server.log.statemachine.data.sync.timeout.retry = -1 (default)
2019-06-13 12:04:00,979 INFO  server.RaftServerConfigKeys (ConfUtils.java:logGet(43)) - raft.server.log.statemachine.data.caching.enabled = true (custom)
2019-06-13 12:04:00,979 INFO  ratis.ContainerStateMachine (ContainerStateMachine.java:loadSnapshot(199)) - The snapshot info is null.Setting the last applied index to:(t:0, i:~)
2019-06-13 12:04:00,980 INFO  server.RaftServerConfigKeys (ConfUtils.java:logGet(43)) - raft.server.leader.election.timeout = 120s (custom)
2019-06-13 12:04:00,980 INFO  server.RaftServerConfigKeys (ConfUtils.java:logGet(43)) - raft.server.log.use.memory = false (default)
2019-06-13 12:04:00,980 INFO  server.RaftServerConfigKeys (ConfUtils.java:logGet(43)) - raft.server.log.appender.buffer.byte-limit = 33554432 (custom)
2019-06-13 12:04:00,980 INFO  server.RaftServerConfigKeys (ConfUtils.java:logGet(43)) - raft.server.log.segment.size.max = 16384 (custom)
2019-06-13 12:04:00,980 INFO  server.RaftServerConfigKeys (ConfUtils.java:logGet(43)) - raft.server.log.segment.cache.num.max = 2 (custom)
2019-06-13 12:04:00,980 INFO  storage.RaftLogWorker (RaftLogWorker.java:<init>(123)) - new 6cef66d5-8cd3-44aa-be07-575ef65ad786-RaftLogWorker for Storage Directory /opt/src/hadoop-ozone/integration-test/target/test-dir/MiniOzoneClusterImpl-116b67e6-721e-43d0-9aeb-aef0ab413853/datanode-0/data/ratis/65296e8a-15e3-4cd9-83ab-20b8c391efec
2019-06-13 12:04:00,980 INFO  server.RaftServerConfigKeys (ConfUtils.java:logGet(43)) - raft.server.log.queue.byte-limit = 2147483647 (custom)
2019-06-13 12:04:00,980 INFO  server.RaftServerConfigKeys (ConfUtils.java:logGet(43)) - raft.server.log.queue.element-limit = 1024 (custom)
2019-06-13 12:04:00,980 INFO  server.RaftServerConfigKeys (ConfUtils.java:logGet(43)) - raft.server.log.segment.size.max = 16384 (custom)
2019-06-13 12:04:00,981 INFO  server.RaftServerConfigKeys (ConfUtils.java:logGet(43)) - raft.server.log.preallocated.size = 16384 (custom)
2019-06-13 12:04:00,981 INFO  server.RaftServerConfigKeys (ConfUtils.java:logGet(43)) - raft.server.log.write.buffer.size = 33554432 (custom)
2019-06-13 12:04:00,981 INFO  server.RaftServerConfigKeys (ConfUtils.java:logGet(43)) - raft.server.log.force.sync.num = 128 (default)
2019-06-13 12:04:00,981 INFO  server.RaftServerConfigKeys (ConfUtils.java:logGet(43)) - raft.server.log.statemachine.data.sync = true (default)
2019-06-13 12:04:00,981 INFO  server.RaftServerConfigKeys (ConfUtils.java:logGet(43)) - raft.server.log.statemachine.data.sync.timeout = 10s (default)
2019-06-13 12:04:00,981 INFO  server.RaftServerConfigKeys (ConfUtils.java:logGet(43)) - raft.server.log.statemachine.data.sync.timeout.retry = -1 (default)
2019-06-13 12:04:00,981 INFO  server.RaftServerConfigKeys (ConfUtils.java:logGet(43)) - raft.server.snapshot.auto.trigger.enabled = true (custom)
2019-06-13 12:04:00,981 INFO  server.RaftServerConfigKeys (ConfUtils.java:logGet(43)) - raft.server.snapshot.auto.trigger.threshold = 10000 (custom)
2019-06-13 12:04:00,982 INFO  server.RaftServerConfigKeys (ConfUtils.java:logGet(43)) - raft.server.retrycache.expirytime = 600000ms (custom)
2019-06-13 12:04:00,982 INFO  impl.RaftServerImpl (RaftServerImpl.java:start(173)) - 859621b4-b51a-492c-ad6d-3244885c0c07: start group-20B8C391EFEC
2019-06-13 12:04:00,982 INFO  impl.RaftServerImpl (RaftServerImpl.java:setRole(164)) - 859621b4-b51a-492c-ad6d-3244885c0c07:group-20B8C391EFEC changes role from null to FOLLOWER at term 0 for startAsFollower
2019-06-13 12:04:00,982 INFO  impl.RoleInfo (RoleInfo.java:updateAndGet(143)) - 859621b4-b51a-492c-ad6d-3244885c0c07: start FollowerState
2019-06-13 12:04:00,982 INFO  util.JmxRegister (JmxRegister.java:tryRegister(44)) - Successfully registered JMX Bean with object name Ratis:service=RaftServer,group=group-20B8C391EFEC,id=859621b4-b51a-492c-ad6d-3244885c0c07
2019-06-13 12:04:00,983 INFO  server.RaftServerConfigKeys (ConfUtils.java:logGet(43)) - raft.server.log.statemachine.data.caching.enabled = true (custom)
2019-06-13 12:04:00,983 INFO  util.JmxRegister (JmxRegister.java:tryRegister(44)) - Successfully registered JMX Bean with object name Ratis:service=RaftServer,group=group-20B8C391EFEC,id=8cecba00-b083-47df-9f5a-b6be1e470733
2019-06-13 12:04:00,984 INFO  server.RaftServerConfigKeys (ConfUtils.java:logGet(43)) - raft.server.snapshot.auto.trigger.enabled = true (custom)
2019-06-13 12:04:00,984 INFO  server.RaftServerConfigKeys (ConfUtils.java:logGet(43)) - raft.server.snapshot.auto.trigger.threshold = 10000 (custom)
2019-06-13 12:04:00,985 INFO  server.RaftServerConfigKeys (ConfUtils.java:logGet(43)) - raft.server.retrycache.expirytime = 600000ms (custom)
2019-06-13 12:04:00,987 INFO  impl.RaftServerImpl (RaftServerImpl.java:start(173)) - 6cef66d5-8cd3-44aa-be07-575ef65ad786: start group-20B8C391EFEC
2019-06-13 12:04:00,987 INFO  impl.RaftServerImpl (RaftServerImpl.java:setRole(164)) - 6cef66d5-8cd3-44aa-be07-575ef65ad786:group-20B8C391EFEC changes role from null to FOLLOWER at term 0 for startAsFollower
2019-06-13 12:04:00,987 INFO  impl.RoleInfo (RoleInfo.java:updateAndGet(143)) - 6cef66d5-8cd3-44aa-be07-575ef65ad786: start FollowerState
2019-06-13 12:04:00,987 INFO  util.JmxRegister (JmxRegister.java:tryRegister(44)) - Successfully registered JMX Bean with object name Ratis:service=RaftServer,group=group-20B8C391EFEC,id=6cef66d5-8cd3-44aa-be07-575ef65ad786
2019-06-13 12:04:01,007 INFO  pipeline.PipelineStateManager (PipelineStateManager.java:addPipeline(56)) - Created pipeline Pipeline[ Id: 65296e8a-15e3-4cd9-83ab-20b8c391efec, Nodes: 8cecba00-b083-47df-9f5a-b6be1e470733{ip: 192.168.46.58, host: ozone-nffxw-186015654, networkLocation: /default-rack, certSerialId: null}6cef66d5-8cd3-44aa-be07-575ef65ad786{ip: 192.168.46.58, host: ozone-nffxw-186015654, networkLocation: /default-rack, certSerialId: null}859621b4-b51a-492c-ad6d-3244885c0c07{ip: 192.168.46.58, host: ozone-nffxw-186015654, networkLocation: /default-rack, certSerialId: null}, Type:RATIS, Factor:THREE, State:OPEN]
2019-06-13 12:04:01,083 INFO  node.SCMNodeManager (SCMNodeManager.java:register(234)) - Registered Data node : 4385f424-31b1-428a-a0ea-2f137423452e{ip: 192.168.46.58, host: ozone-nffxw-186015654, networkLocation: /default-rack, certSerialId: null}
2019-06-13 12:04:01,094 INFO  impl.RaftServerProxy (RaftServerProxy.java:addNew(89)) - 4385f424-31b1-428a-a0ea-2f137423452e: addNew group-369E7644B2E9:[4385f424-31b1-428a-a0ea-2f137423452e:192.168.46.58:43947] returns group-369E7644B2E9:java.util.concurrent.CompletableFuture@1a2cfe6e[Not completed]
2019-06-13 12:04:01,096 INFO  impl.RaftServerImpl (RaftServerImpl.java:<init>(91)) - 4385f424-31b1-428a-a0ea-2f137423452e: new RaftServerImpl for group-369E7644B2E9:[4385f424-31b1-428a-a0ea-2f137423452e:192.168.46.58:43947] with ContainerStateMachine:uninitialized
2019-06-13 12:04:01,096 INFO  server.RaftServerConfigKeys (ConfUtils.java:logGet(43)) - raft.server.rpc.timeout.min = 1s (custom)
2019-06-13 12:04:01,096 INFO  server.RaftServerConfigKeys (ConfUtils.java:logGet(43)) - raft.server.rpc.timeout.max = 1200ms (custom)
2019-06-13 12:04:01,096 INFO  server.RaftServerConfigKeys (ConfUtils.java:logGet(43)) - raft.server.rpcslowness.timeout = 120s (custom)
2019-06-13 12:04:01,096 INFO  server.RaftServerConfigKeys (ConfUtils.java:logGet(43)) - raft.server.log.appender.install.snapshot.enabled = true (default)
2019-06-13 12:04:01,097 INFO  impl.RaftServerImpl (ServerState.java:<init>(101)) - 4385f424-31b1-428a-a0ea-2f137423452e:group-369E7644B2E9 ConfigurationManager, init=-1: [4385f424-31b1-428a-a0ea-2f137423452e:192.168.46.58:43947], old=null, confs=<EMPTY_MAP>
2019-06-13 12:04:01,097 INFO  server.RaftServerConfigKeys (ConfUtils.java:logGet(43)) - raft.server.storage.dir = [/opt/src/hadoop-ozone/integration-test/target/test-dir/MiniOzoneClusterImpl-116b67e6-721e-43d0-9aeb-aef0ab413853/datanode-4/data/ratis] (custom)
2019-06-13 12:04:01,097 INFO  storage.RaftStorageDirectory (RaftStorageDirectory.java:analyzeStorage(246)) - The storage directory /opt/src/hadoop-ozone/integration-test/target/test-dir/MiniOzoneClusterImpl-116b67e6-721e-43d0-9aeb-aef0ab413853/datanode-4/data/ratis/d74e3f68-ae12-42f7-8208-369e7644b2e9 does not exist. Creating ...
2019-06-13 12:04:01,101 INFO  storage.RaftStorageDirectory (RaftStorageDirectory.java:tryLock(328)) - Lock on /opt/src/hadoop-ozone/integration-test/target/test-dir/MiniOzoneClusterImpl-116b67e6-721e-43d0-9aeb-aef0ab413853/datanode-4/data/ratis/d74e3f68-ae12-42f7-8208-369e7644b2e9/in_use.lock acquired by nodename 6420@ozone-nffxw-186015654
2019-06-13 12:04:01,103 INFO  storage.RaftStorage (RaftStorage.java:format(75)) - Storage directory /opt/src/hadoop-ozone/integration-test/target/test-dir/MiniOzoneClusterImpl-116b67e6-721e-43d0-9aeb-aef0ab413853/datanode-4/data/ratis/d74e3f68-ae12-42f7-8208-369e7644b2e9 has been successfully formatted.
2019-06-13 12:04:01,103 INFO  ratis.ContainerStateMachine (ContainerStateMachine.java:loadSnapshot(199)) - The snapshot info is null.Setting the last applied index to:(t:0, i:~)
2019-06-13 12:04:01,103 INFO  server.RaftServerConfigKeys (ConfUtils.java:logGet(43)) - raft.server.leader.election.timeout = 120s (custom)
2019-06-13 12:04:01,103 INFO  server.RaftServerConfigKeys (ConfUtils.java:logGet(43)) - raft.server.log.use.memory = false (default)
2019-06-13 12:04:01,103 INFO  server.RaftServerConfigKeys (ConfUtils.java:logGet(43)) - raft.server.log.appender.buffer.byte-limit = 33554432 (custom)
2019-06-13 12:04:01,104 INFO  server.RaftServerConfigKeys (ConfUtils.java:logGet(43)) - raft.server.log.segment.size.max = 16384 (custom)
2019-06-13 12:04:01,104 INFO  server.RaftServerConfigKeys (ConfUtils.java:logGet(43)) - raft.server.log.segment.cache.num.max = 2 (custom)
2019-06-13 12:04:01,104 INFO  storage.RaftLogWorker (RaftLogWorker.java:<init>(123)) - new 4385f424-31b1-428a-a0ea-2f137423452e-RaftLogWorker for Storage Directory /opt/src/hadoop-ozone/integration-test/target/test-dir/MiniOzoneClusterImpl-116b67e6-721e-43d0-9aeb-aef0ab413853/datanode-4/data/ratis/d74e3f68-ae12-42f7-8208-369e7644b2e9
2019-06-13 12:04:01,104 INFO  server.RaftServerConfigKeys (ConfUtils.java:logGet(43)) - raft.server.log.queue.byte-limit = 2147483647 (custom)
2019-06-13 12:04:01,104 INFO  server.RaftServerConfigKeys (ConfUtils.java:logGet(43)) - raft.server.log.queue.element-limit = 1024 (custom)
2019-06-13 12:04:01,104 INFO  server.RaftServerConfigKeys (ConfUtils.java:logGet(43)) - raft.server.log.segment.size.max = 16384 (custom)
2019-06-13 12:04:01,104 INFO  server.RaftServerConfigKeys (ConfUtils.java:logGet(43)) - raft.server.log.preallocated.size = 16384 (custom)
2019-06-13 12:04:01,104 INFO  server.RaftServerConfigKeys (ConfUtils.java:logGet(43)) - raft.server.log.write.buffer.size = 33554432 (custom)
2019-06-13 12:04:01,104 INFO  server.RaftServerConfigKeys (ConfUtils.java:logGet(43)) - raft.server.log.force.sync.num = 128 (default)
2019-06-13 12:04:01,104 INFO  server.RaftServerConfigKeys (ConfUtils.java:logGet(43)) - raft.server.log.statemachine.data.sync = true (default)
2019-06-13 12:04:01,104 INFO  server.RaftServerConfigKeys (ConfUtils.java:logGet(43)) - raft.server.log.statemachine.data.sync.timeout = 10s (default)
2019-06-13 12:04:01,105 INFO  server.RaftServerConfigKeys (ConfUtils.java:logGet(43)) - raft.server.log.statemachine.data.sync.timeout.retry = -1 (default)
2019-06-13 12:04:01,105 INFO  server.RaftServerConfigKeys (ConfUtils.java:logGet(43)) - raft.server.log.statemachine.data.caching.enabled = true (custom)
2019-06-13 12:04:01,105 INFO  server.RaftServerConfigKeys (ConfUtils.java:logGet(43)) - raft.server.snapshot.auto.trigger.enabled = true (custom)
2019-06-13 12:04:01,105 INFO  server.RaftServerConfigKeys (ConfUtils.java:logGet(43)) - raft.server.snapshot.auto.trigger.threshold = 10000 (custom)
2019-06-13 12:04:01,105 INFO  server.RaftServerConfigKeys (ConfUtils.java:logGet(43)) - raft.server.retrycache.expirytime = 600000ms (custom)
2019-06-13 12:04:01,105 INFO  impl.RaftServerImpl (RaftServerImpl.java:start(173)) - 4385f424-31b1-428a-a0ea-2f137423452e: start group-369E7644B2E9
2019-06-13 12:04:01,105 INFO  impl.RaftServerImpl (RaftServerImpl.java:setRole(164)) - 4385f424-31b1-428a-a0ea-2f137423452e:group-369E7644B2E9 changes role from null to FOLLOWER at term 0 for startAsFollower
2019-06-13 12:04:01,106 INFO  impl.RoleInfo (RoleInfo.java:updateAndGet(143)) - 4385f424-31b1-428a-a0ea-2f137423452e: start FollowerState
2019-06-13 12:04:01,106 INFO  util.JmxRegister (JmxRegister.java:tryRegister(44)) - Successfully registered JMX Bean with object name Ratis:service=RaftServer,group=group-369E7644B2E9,id=4385f424-31b1-428a-a0ea-2f137423452e
2019-06-13 12:04:01,114 INFO  pipeline.PipelineStateManager (PipelineStateManager.java:addPipeline(56)) - Created pipeline Pipeline[ Id: d74e3f68-ae12-42f7-8208-369e7644b2e9, Nodes: 4385f424-31b1-428a-a0ea-2f137423452e{ip: 192.168.46.58, host: ozone-nffxw-186015654, networkLocation: /default-rack, certSerialId: null}, Type:RATIS, Factor:ONE, State:OPEN]
2019-06-13 12:04:01,316 INFO  node.SCMNodeManager (SCMNodeManager.java:register(234)) - Registered Data node : cfa6ee40-d911-4f1c-9330-44c1c1a7e901{ip: 192.168.46.58, host: ozone-nffxw-186015654, networkLocation: /default-rack, certSerialId: null}
2019-06-13 12:04:01,331 INFO  impl.RaftServerProxy (RaftServerProxy.java:addNew(89)) - cfa6ee40-d911-4f1c-9330-44c1c1a7e901: addNew group-186A2E842470:[cfa6ee40-d911-4f1c-9330-44c1c1a7e901:192.168.46.58:39721] returns group-186A2E842470:java.util.concurrent.CompletableFuture@63c0cd6b[Not completed]
2019-06-13 12:04:01,332 INFO  impl.RaftServerImpl (RaftServerImpl.java:<init>(91)) - cfa6ee40-d911-4f1c-9330-44c1c1a7e901: new RaftServerImpl for group-186A2E842470:[cfa6ee40-d911-4f1c-9330-44c1c1a7e901:192.168.46.58:39721] with ContainerStateMachine:uninitialized
2019-06-13 12:04:01,332 INFO  server.RaftServerConfigKeys (ConfUtils.java:logGet(43)) - raft.server.rpc.timeout.min = 1s (custom)
2019-06-13 12:04:01,332 INFO  server.RaftServerConfigKeys (ConfUtils.java:logGet(43)) - raft.server.rpc.timeout.max = 1200ms (custom)
2019-06-13 12:04:01,332 INFO  server.RaftServerConfigKeys (ConfUtils.java:logGet(43)) - raft.server.rpcslowness.timeout = 120s (custom)
2019-06-13 12:04:01,332 INFO  server.RaftServerConfigKeys (ConfUtils.java:logGet(43)) - raft.server.log.appender.install.snapshot.enabled = true (default)
2019-06-13 12:04:01,332 INFO  impl.RaftServerImpl (ServerState.java:<init>(101)) - cfa6ee40-d911-4f1c-9330-44c1c1a7e901:group-186A2E842470 ConfigurationManager, init=-1: [cfa6ee40-d911-4f1c-9330-44c1c1a7e901:192.168.46.58:39721], old=null, confs=<EMPTY_MAP>
2019-06-13 12:04:01,333 INFO  server.RaftServerConfigKeys (ConfUtils.java:logGet(43)) - raft.server.storage.dir = [/opt/src/hadoop-ozone/integration-test/target/test-dir/MiniOzoneClusterImpl-116b67e6-721e-43d0-9aeb-aef0ab413853/datanode-5/data/ratis] (custom)
2019-06-13 12:04:01,333 INFO  storage.RaftStorageDirectory (RaftStorageDirectory.java:analyzeStorage(246)) - The storage directory /opt/src/hadoop-ozone/integration-test/target/test-dir/MiniOzoneClusterImpl-116b67e6-721e-43d0-9aeb-aef0ab413853/datanode-5/data/ratis/55dac406-2a8a-4a18-96c5-186a2e842470 does not exist. Creating ...
2019-06-13 12:04:01,337 INFO  storage.RaftStorageDirectory (RaftStorageDirectory.java:tryLock(328)) - Lock on /opt/src/hadoop-ozone/integration-test/target/test-dir/MiniOzoneClusterImpl-116b67e6-721e-43d0-9aeb-aef0ab413853/datanode-5/data/ratis/55dac406-2a8a-4a18-96c5-186a2e842470/in_use.lock acquired by nodename 6420@ozone-nffxw-186015654
2019-06-13 12:04:01,339 INFO  storage.RaftStorage (RaftStorage.java:format(75)) - Storage directory /opt/src/hadoop-ozone/integration-test/target/test-dir/MiniOzoneClusterImpl-116b67e6-721e-43d0-9aeb-aef0ab413853/datanode-5/data/ratis/55dac406-2a8a-4a18-96c5-186a2e842470 has been successfully formatted.
2019-06-13 12:04:01,339 INFO  ratis.ContainerStateMachine (ContainerStateMachine.java:loadSnapshot(199)) - The snapshot info is null.Setting the last applied index to:(t:0, i:~)
2019-06-13 12:04:01,339 INFO  server.RaftServerConfigKeys (ConfUtils.java:logGet(43)) - raft.server.leader.election.timeout = 120s (custom)
2019-06-13 12:04:01,339 INFO  server.RaftServerConfigKeys (ConfUtils.java:logGet(43)) - raft.server.log.use.memory = false (default)
2019-06-13 12:04:01,339 INFO  server.RaftServerConfigKeys (ConfUtils.java:logGet(43)) - raft.server.log.appender.buffer.byte-limit = 33554432 (custom)
2019-06-13 12:04:01,339 INFO  server.RaftServerConfigKeys (ConfUtils.java:logGet(43)) - raft.server.log.segment.size.max = 16384 (custom)
2019-06-13 12:04:01,339 INFO  server.RaftServerConfigKeys (ConfUtils.java:logGet(43)) - raft.server.log.segment.cache.num.max = 2 (custom)
2019-06-13 12:04:01,339 INFO  storage.RaftLogWorker (RaftLogWorker.java:<init>(123)) - new cfa6ee40-d911-4f1c-9330-44c1c1a7e901-RaftLogWorker for Storage Directory /opt/src/hadoop-ozone/integration-test/target/test-dir/MiniOzoneClusterImpl-116b67e6-721e-43d0-9aeb-aef0ab413853/datanode-5/data/ratis/55dac406-2a8a-4a18-96c5-186a2e842470
2019-06-13 12:04:01,339 INFO  server.RaftServerConfigKeys (ConfUtils.java:logGet(43)) - raft.server.log.queue.byte-limit = 2147483647 (custom)
2019-06-13 12:04:01,340 INFO  server.RaftServerConfigKeys (ConfUtils.java:logGet(43)) - raft.server.log.queue.element-limit = 1024 (custom)
2019-06-13 12:04:01,340 INFO  server.RaftServerConfigKeys (ConfUtils.java:logGet(43)) - raft.server.log.segment.size.max = 16384 (custom)
2019-06-13 12:04:01,340 INFO  server.RaftServerConfigKeys (ConfUtils.java:logGet(43)) - raft.server.log.preallocated.size = 16384 (custom)
2019-06-13 12:04:01,340 INFO  server.RaftServerConfigKeys (ConfUtils.java:logGet(43)) - raft.server.log.write.buffer.size = 33554432 (custom)
2019-06-13 12:04:01,340 INFO  server.RaftServerConfigKeys (ConfUtils.java:logGet(43)) - raft.server.log.force.sync.num = 128 (default)
2019-06-13 12:04:01,340 INFO  server.RaftServerConfigKeys (ConfUtils.java:logGet(43)) - raft.server.log.statemachine.data.sync = true (default)
2019-06-13 12:04:01,340 INFO  server.RaftServerConfigKeys (ConfUtils.java:logGet(43)) - raft.server.log.statemachine.data.sync.timeout = 10s (default)
2019-06-13 12:04:01,340 INFO  server.RaftServerConfigKeys (ConfUtils.java:logGet(43)) - raft.server.log.statemachine.data.sync.timeout.retry = -1 (default)
2019-06-13 12:04:01,340 INFO  server.RaftServerConfigKeys (ConfUtils.java:logGet(43)) - raft.server.log.statemachine.data.caching.enabled = true (custom)
2019-06-13 12:04:01,340 INFO  server.RaftServerConfigKeys (ConfUtils.java:logGet(43)) - raft.server.snapshot.auto.trigger.enabled = true (custom)
2019-06-13 12:04:01,341 INFO  server.RaftServerConfigKeys (ConfUtils.java:logGet(43)) - raft.server.snapshot.auto.trigger.threshold = 10000 (custom)
2019-06-13 12:04:01,341 INFO  server.RaftServerConfigKeys (ConfUtils.java:logGet(43)) - raft.server.retrycache.expirytime = 600000ms (custom)
2019-06-13 12:04:01,341 INFO  impl.RaftServerImpl (RaftServerImpl.java:start(173)) - cfa6ee40-d911-4f1c-9330-44c1c1a7e901: start group-186A2E842470
2019-06-13 12:04:01,341 INFO  impl.RaftServerImpl (RaftServerImpl.java:setRole(164)) - cfa6ee40-d911-4f1c-9330-44c1c1a7e901:group-186A2E842470 changes role from null to FOLLOWER at term 0 for startAsFollower
2019-06-13 12:04:01,341 INFO  impl.RoleInfo (RoleInfo.java:updateAndGet(143)) - cfa6ee40-d911-4f1c-9330-44c1c1a7e901: start FollowerState
2019-06-13 12:04:01,341 INFO  util.JmxRegister (JmxRegister.java:tryRegister(44)) - Successfully registered JMX Bean with object name Ratis:service=RaftServer,group=group-186A2E842470,id=cfa6ee40-d911-4f1c-9330-44c1c1a7e901
2019-06-13 12:04:01,348 INFO  pipeline.PipelineStateManager (PipelineStateManager.java:addPipeline(56)) - Created pipeline Pipeline[ Id: 55dac406-2a8a-4a18-96c5-186a2e842470, Nodes: cfa6ee40-d911-4f1c-9330-44c1c1a7e901{ip: 192.168.46.58, host: ozone-nffxw-186015654, networkLocation: /default-rack, certSerialId: null}, Type:RATIS, Factor:ONE, State:OPEN]
2019-06-13 12:04:01,366 INFO  impl.RaftServerProxy (RaftServerProxy.java:addNew(89)) - 4385f424-31b1-428a-a0ea-2f137423452e: addNew group-BCE6487231AC:[cfa6ee40-d911-4f1c-9330-44c1c1a7e901:192.168.46.58:39721, 4385f424-31b1-428a-a0ea-2f137423452e:192.168.46.58:43947, 40e85715-f542-4fe4-a7e5-a8202a6d8f0e:192.168.46.58:38617] returns group-BCE6487231AC:java.util.concurrent.CompletableFuture@6170611d[Not completed]
2019-06-13 12:04:01,371 INFO  impl.RaftServerImpl (RaftServerImpl.java:<init>(91)) - 4385f424-31b1-428a-a0ea-2f137423452e: new RaftServerImpl for group-BCE6487231AC:[cfa6ee40-d911-4f1c-9330-44c1c1a7e901:192.168.46.58:39721, 4385f424-31b1-428a-a0ea-2f137423452e:192.168.46.58:43947, 40e85715-f542-4fe4-a7e5-a8202a6d8f0e:192.168.46.58:38617] with ContainerStateMachine:uninitialized
2019-06-13 12:04:01,372 INFO  server.RaftServerConfigKeys (ConfUtils.java:logGet(43)) - raft.server.rpc.timeout.min = 1s (custom)
2019-06-13 12:04:01,372 INFO  server.RaftServerConfigKeys (ConfUtils.java:logGet(43)) - raft.server.rpc.timeout.max = 1200ms (custom)
2019-06-13 12:04:01,372 INFO  server.RaftServerConfigKeys (ConfUtils.java:logGet(43)) - raft.server.rpcslowness.timeout = 120s (custom)
2019-06-13 12:04:01,372 INFO  server.RaftServerConfigKeys (ConfUtils.java:logGet(43)) - raft.server.log.appender.install.snapshot.enabled = true (default)
2019-06-13 12:04:01,372 INFO  impl.RaftServerImpl (ServerState.java:<init>(101)) - 4385f424-31b1-428a-a0ea-2f137423452e:group-BCE6487231AC ConfigurationManager, init=-1: [cfa6ee40-d911-4f1c-9330-44c1c1a7e901:192.168.46.58:39721, 4385f424-31b1-428a-a0ea-2f137423452e:192.168.46.58:43947, 40e85715-f542-4fe4-a7e5-a8202a6d8f0e:192.168.46.58:38617], old=null, confs=<EMPTY_MAP>
2019-06-13 12:04:01,372 INFO  server.RaftServerConfigKeys (ConfUtils.java:logGet(43)) - raft.server.storage.dir = [/opt/src/hadoop-ozone/integration-test/target/test-dir/MiniOzoneClusterImpl-116b67e6-721e-43d0-9aeb-aef0ab413853/datanode-4/data/ratis] (custom)
2019-06-13 12:04:01,372 INFO  storage.RaftStorageDirectory (RaftStorageDirectory.java:analyzeStorage(246)) - The storage directory /opt/src/hadoop-ozone/integration-test/target/test-dir/MiniOzoneClusterImpl-116b67e6-721e-43d0-9aeb-aef0ab413853/datanode-4/data/ratis/f1780b47-6fe6-43aa-ae34-bce6487231ac does not exist. Creating ...
2019-06-13 12:04:01,373 INFO  impl.RaftServerProxy (RaftServerProxy.java:addNew(89)) - 40e85715-f542-4fe4-a7e5-a8202a6d8f0e: addNew group-BCE6487231AC:[cfa6ee40-d911-4f1c-9330-44c1c1a7e901:192.168.46.58:39721, 4385f424-31b1-428a-a0ea-2f137423452e:192.168.46.58:43947, 40e85715-f542-4fe4-a7e5-a8202a6d8f0e:192.168.46.58:38617] returns group-BCE6487231AC:java.util.concurrent.CompletableFuture@654fe9eb[Not completed]
2019-06-13 12:04:01,375 INFO  impl.RaftServerProxy (RaftServerProxy.java:addNew(89)) - cfa6ee40-d911-4f1c-9330-44c1c1a7e901: addNew group-BCE6487231AC:[cfa6ee40-d911-4f1c-9330-44c1c1a7e901:192.168.46.58:39721, 4385f424-31b1-428a-a0ea-2f137423452e:192.168.46.58:43947, 40e85715-f542-4fe4-a7e5-a8202a6d8f0e:192.168.46.58:38617] returns group-BCE6487231AC:java.util.concurrent.CompletableFuture@1f0874f7[Not completed]
2019-06-13 12:04:01,375 INFO  impl.RaftServerImpl (RaftServerImpl.java:<init>(91)) - cfa6ee40-d911-4f1c-9330-44c1c1a7e901: new RaftServerImpl for group-BCE6487231AC:[cfa6ee40-d911-4f1c-9330-44c1c1a7e901:192.168.46.58:39721, 4385f424-31b1-428a-a0ea-2f137423452e:192.168.46.58:43947, 40e85715-f542-4fe4-a7e5-a8202a6d8f0e:192.168.46.58:38617] with ContainerStateMachine:uninitialized
2019-06-13 12:04:01,375 INFO  server.RaftServerConfigKeys (ConfUtils.java:logGet(43)) - raft.server.rpc.timeout.min = 1s (custom)
2019-06-13 12:04:01,375 INFO  server.RaftServerConfigKeys (ConfUtils.java:logGet(43)) - raft.server.rpc.timeout.max = 1200ms (custom)
2019-06-13 12:04:01,376 INFO  server.RaftServerConfigKeys (ConfUtils.java:logGet(43)) - raft.server.rpcslowness.timeout = 120s (custom)
2019-06-13 12:04:01,376 INFO  server.RaftServerConfigKeys (ConfUtils.java:logGet(43)) - raft.server.log.appender.install.snapshot.enabled = true (default)
2019-06-13 12:04:01,376 INFO  impl.RaftServerImpl (ServerState.java:<init>(101)) - cfa6ee40-d911-4f1c-9330-44c1c1a7e901:group-BCE6487231AC ConfigurationManager, init=-1: [cfa6ee40-d911-4f1c-9330-44c1c1a7e901:192.168.46.58:39721, 4385f424-31b1-428a-a0ea-2f137423452e:192.168.46.58:43947, 40e85715-f542-4fe4-a7e5-a8202a6d8f0e:192.168.46.58:38617], old=null, confs=<EMPTY_MAP>
2019-06-13 12:04:01,376 INFO  server.RaftServerConfigKeys (ConfUtils.java:logGet(43)) - raft.server.storage.dir = [/opt/src/hadoop-ozone/integration-test/target/test-dir/MiniOzoneClusterImpl-116b67e6-721e-43d0-9aeb-aef0ab413853/datanode-5/data/ratis] (custom)
2019-06-13 12:04:01,376 INFO  storage.RaftStorageDirectory (RaftStorageDirectory.java:analyzeStorage(246)) - The storage directory /opt/src/hadoop-ozone/integration-test/target/test-dir/MiniOzoneClusterImpl-116b67e6-721e-43d0-9aeb-aef0ab413853/datanode-5/data/ratis/f1780b47-6fe6-43aa-ae34-bce6487231ac does not exist. Creating ...
2019-06-13 12:04:01,376 INFO  storage.RaftStorageDirectory (RaftStorageDirectory.java:tryLock(328)) - Lock on /opt/src/hadoop-ozone/integration-test/target/test-dir/MiniOzoneClusterImpl-116b67e6-721e-43d0-9aeb-aef0ab413853/datanode-4/data/ratis/f1780b47-6fe6-43aa-ae34-bce6487231ac/in_use.lock acquired by nodename 6420@ozone-nffxw-186015654
2019-06-13 12:04:01,378 INFO  impl.RaftServerImpl (RaftServerImpl.java:<init>(91)) - 40e85715-f542-4fe4-a7e5-a8202a6d8f0e: new RaftServerImpl for group-BCE6487231AC:[cfa6ee40-d911-4f1c-9330-44c1c1a7e901:192.168.46.58:39721, 4385f424-31b1-428a-a0ea-2f137423452e:192.168.46.58:43947, 40e85715-f542-4fe4-a7e5-a8202a6d8f0e:192.168.46.58:38617] with ContainerStateMachine:uninitialized
2019-06-13 12:04:01,378 INFO  server.RaftServerConfigKeys (ConfUtils.java:logGet(43)) - raft.server.rpc.timeout.min = 1s (custom)
2019-06-13 12:04:01,378 INFO  server.RaftServerConfigKeys (ConfUtils.java:logGet(43)) - raft.server.rpc.timeout.max = 1200ms (custom)
2019-06-13 12:04:01,378 INFO  server.RaftServerConfigKeys (ConfUtils.java:logGet(43)) - raft.server.rpcslowness.timeout = 120s (custom)
2019-06-13 12:04:01,378 INFO  storage.RaftStorageDirectory (RaftStorageDirectory.java:tryLock(328)) - Lock on /opt/src/hadoop-ozone/integration-test/target/test-dir/MiniOzoneClusterImpl-116b67e6-721e-43d0-9aeb-aef0ab413853/datanode-5/data/ratis/f1780b47-6fe6-43aa-ae34-bce6487231ac/in_use.lock acquired by nodename 6420@ozone-nffxw-186015654
2019-06-13 12:04:01,378 INFO  server.RaftServerConfigKeys (ConfUtils.java:logGet(43)) - raft.server.log.appender.install.snapshot.enabled = true (default)
2019-06-13 12:04:01,378 INFO  impl.RaftServerImpl (ServerState.java:<init>(101)) - 40e85715-f542-4fe4-a7e5-a8202a6d8f0e:group-BCE6487231AC ConfigurationManager, init=-1: [cfa6ee40-d911-4f1c-9330-44c1c1a7e901:192.168.46.58:39721, 4385f424-31b1-428a-a0ea-2f137423452e:192.168.46.58:43947, 40e85715-f542-4fe4-a7e5-a8202a6d8f0e:192.168.46.58:38617], old=null, confs=<EMPTY_MAP>
2019-06-13 12:04:01,379 INFO  server.RaftServerConfigKeys (ConfUtils.java:logGet(43)) - raft.server.storage.dir = [/opt/src/hadoop-ozone/integration-test/target/test-dir/MiniOzoneClusterImpl-116b67e6-721e-43d0-9aeb-aef0ab413853/datanode-3/data/ratis] (custom)
2019-06-13 12:04:01,379 INFO  storage.RaftStorageDirectory (RaftStorageDirectory.java:analyzeStorage(246)) - The storage directory /opt/src/hadoop-ozone/integration-test/target/test-dir/MiniOzoneClusterImpl-116b67e6-721e-43d0-9aeb-aef0ab413853/datanode-3/data/ratis/f1780b47-6fe6-43aa-ae34-bce6487231ac does not exist. Creating ...
2019-06-13 12:04:01,379 INFO  storage.RaftStorage (RaftStorage.java:format(75)) - Storage directory /opt/src/hadoop-ozone/integration-test/target/test-dir/MiniOzoneClusterImpl-116b67e6-721e-43d0-9aeb-aef0ab413853/datanode-4/data/ratis/f1780b47-6fe6-43aa-ae34-bce6487231ac has been successfully formatted.
2019-06-13 12:04:01,379 INFO  ratis.ContainerStateMachine (ContainerStateMachine.java:loadSnapshot(199)) - The snapshot info is null.Setting the last applied index to:(t:0, i:~)
2019-06-13 12:04:01,380 INFO  server.RaftServerConfigKeys (ConfUtils.java:logGet(43)) - raft.server.leader.election.timeout = 120s (custom)
2019-06-13 12:04:01,380 INFO  server.RaftServerConfigKeys (ConfUtils.java:logGet(43)) - raft.server.log.use.memory = false (default)
2019-06-13 12:04:01,380 INFO  server.RaftServerConfigKeys (ConfUtils.java:logGet(43)) - raft.server.log.appender.buffer.byte-limit = 33554432 (custom)
2019-06-13 12:04:01,380 INFO  server.RaftServerConfigKeys (ConfUtils.java:logGet(43)) - raft.server.log.segment.size.max = 16384 (custom)
2019-06-13 12:04:01,380 INFO  server.RaftServerConfigKeys (ConfUtils.java:logGet(43)) - raft.server.log.segment.cache.num.max = 2 (custom)
2019-06-13 12:04:01,380 INFO  storage.RaftLogWorker (RaftLogWorker.java:<init>(123)) - new 4385f424-31b1-428a-a0ea-2f137423452e-RaftLogWorker for Storage Directory /opt/src/hadoop-ozone/integration-test/target/test-dir/MiniOzoneClusterImpl-116b67e6-721e-43d0-9aeb-aef0ab413853/datanode-4/data/ratis/f1780b47-6fe6-43aa-ae34-bce6487231ac
2019-06-13 12:04:01,380 INFO  server.RaftServerConfigKeys (ConfUtils.java:logGet(43)) - raft.server.log.queue.byte-limit = 2147483647 (custom)
2019-06-13 12:04:01,380 INFO  server.RaftServerConfigKeys (ConfUtils.java:logGet(43)) - raft.server.log.queue.element-limit = 1024 (custom)
2019-06-13 12:04:01,381 INFO  server.RaftServerConfigKeys (ConfUtils.java:logGet(43)) - raft.server.log.segment.size.max = 16384 (custom)
2019-06-13 12:04:01,381 INFO  server.RaftServerConfigKeys (ConfUtils.java:logGet(43)) - raft.server.log.preallocated.size = 16384 (custom)
2019-06-13 12:04:01,381 INFO  server.RaftServerConfigKeys (ConfUtils.java:logGet(43)) - raft.server.log.write.buffer.size = 33554432 (custom)
2019-06-13 12:04:01,381 INFO  server.RaftServerConfigKeys (ConfUtils.java:logGet(43)) - raft.server.log.force.sync.num = 128 (default)
2019-06-13 12:04:01,381 INFO  storage.RaftStorage (RaftStorage.java:format(75)) - Storage directory /opt/src/hadoop-ozone/integration-test/target/test-dir/MiniOzoneClusterImpl-116b67e6-721e-43d0-9aeb-aef0ab413853/datanode-5/data/ratis/f1780b47-6fe6-43aa-ae34-bce6487231ac has been successfully formatted.
2019-06-13 12:04:01,381 INFO  ratis.ContainerStateMachine (ContainerStateMachine.java:loadSnapshot(199)) - The snapshot info is null.Setting the last applied index to:(t:0, i:~)
2019-06-13 12:04:01,381 INFO  server.RaftServerConfigKeys (ConfUtils.java:logGet(43)) - raft.server.leader.election.timeout = 120s (custom)
2019-06-13 12:04:01,381 INFO  server.RaftServerConfigKeys (ConfUtils.java:logGet(43)) - raft.server.log.use.memory = false (default)
2019-06-13 12:04:01,382 INFO  server.RaftServerConfigKeys (ConfUtils.java:logGet(43)) - raft.server.log.appender.buffer.byte-limit = 33554432 (custom)
2019-06-13 12:04:01,382 INFO  server.RaftServerConfigKeys (ConfUtils.java:logGet(43)) - raft.server.log.segment.size.max = 16384 (custom)
2019-06-13 12:04:01,382 INFO  server.RaftServerConfigKeys (ConfUtils.java:logGet(43)) - raft.server.log.segment.cache.num.max = 2 (custom)
2019-06-13 12:04:01,382 INFO  storage.RaftLogWorker (RaftLogWorker.java:<init>(123)) - new cfa6ee40-d911-4f1c-9330-44c1c1a7e901-RaftLogWorker for Storage Directory /opt/src/hadoop-ozone/integration-test/target/test-dir/MiniOzoneClusterImpl-116b67e6-721e-43d0-9aeb-aef0ab413853/datanode-5/data/ratis/f1780b47-6fe6-43aa-ae34-bce6487231ac
2019-06-13 12:04:01,382 INFO  server.RaftServerConfigKeys (ConfUtils.java:logGet(43)) - raft.server.log.queue.byte-limit = 2147483647 (custom)
2019-06-13 12:04:01,382 INFO  server.RaftServerConfigKeys (ConfUtils.java:logGet(43)) - raft.server.log.queue.element-limit = 1024 (custom)
2019-06-13 12:04:01,382 INFO  server.RaftServerConfigKeys (ConfUtils.java:logGet(43)) - raft.server.log.segment.size.max = 16384 (custom)
2019-06-13 12:04:01,382 INFO  server.RaftServerConfigKeys (ConfUtils.java:logGet(43)) - raft.server.log.preallocated.size = 16384 (custom)
2019-06-13 12:04:01,382 INFO  server.RaftServerConfigKeys (ConfUtils.java:logGet(43)) - raft.server.log.write.buffer.size = 33554432 (custom)
2019-06-13 12:04:01,382 INFO  server.RaftServerConfigKeys (ConfUtils.java:logGet(43)) - raft.server.log.force.sync.num = 128 (default)
2019-06-13 12:04:01,383 INFO  server.RaftServerConfigKeys (ConfUtils.java:logGet(43)) - raft.server.log.statemachine.data.sync = true (default)
2019-06-13 12:04:01,383 INFO  server.RaftServerConfigKeys (ConfUtils.java:logGet(43)) - raft.server.log.statemachine.data.sync.timeout = 10s (default)
2019-06-13 12:04:01,383 INFO  server.RaftServerConfigKeys (ConfUtils.java:logGet(43)) - raft.server.log.statemachine.data.sync.timeout.retry = -1 (default)
2019-06-13 12:04:01,383 INFO  server.RaftServerConfigKeys (ConfUtils.java:logGet(43)) - raft.server.log.statemachine.data.caching.enabled = true (custom)
2019-06-13 12:04:01,383 INFO  server.RaftServerConfigKeys (ConfUtils.java:logGet(43)) - raft.server.snapshot.auto.trigger.enabled = true (custom)
2019-06-13 12:04:01,383 INFO  server.RaftServerConfigKeys (ConfUtils.java:logGet(43)) - raft.server.snapshot.auto.trigger.threshold = 10000 (custom)
2019-06-13 12:04:01,384 INFO  server.RaftServerConfigKeys (ConfUtils.java:logGet(43)) - raft.server.retrycache.expirytime = 600000ms (custom)
2019-06-13 12:04:01,384 INFO  impl.RaftServerImpl (RaftServerImpl.java:start(173)) - cfa6ee40-d911-4f1c-9330-44c1c1a7e901: start group-BCE6487231AC
2019-06-13 12:04:01,384 INFO  impl.RaftServerImpl (RaftServerImpl.java:setRole(164)) - cfa6ee40-d911-4f1c-9330-44c1c1a7e901:group-BCE6487231AC changes role from null to FOLLOWER at term 0 for startAsFollower
2019-06-13 12:04:01,384 INFO  impl.RoleInfo (RoleInfo.java:updateAndGet(143)) - cfa6ee40-d911-4f1c-9330-44c1c1a7e901: start FollowerState
2019-06-13 12:04:01,384 INFO  util.JmxRegister (JmxRegister.java:tryRegister(44)) - Successfully registered JMX Bean with object name Ratis:service=RaftServer,group=group-BCE6487231AC,id=cfa6ee40-d911-4f1c-9330-44c1c1a7e901
2019-06-13 12:04:01,384 INFO  server.RaftServerConfigKeys (ConfUtils.java:logGet(43)) - raft.server.log.statemachine.data.sync = true (default)
2019-06-13 12:04:01,385 INFO  server.RaftServerConfigKeys (ConfUtils.java:logGet(43)) - raft.server.log.statemachine.data.sync.timeout = 10s (default)
2019-06-13 12:04:01,385 INFO  server.RaftServerConfigKeys (ConfUtils.java:logGet(43)) - raft.server.log.statemachine.data.sync.timeout.retry = -1 (default)
2019-06-13 12:04:01,385 INFO  server.RaftServerConfigKeys (ConfUtils.java:logGet(43)) - raft.server.log.statemachine.data.caching.enabled = true (custom)
2019-06-13 12:04:01,385 INFO  storage.RaftStorageDirectory (RaftStorageDirectory.java:tryLock(328)) - Lock on /opt/src/hadoop-ozone/integration-test/target/test-dir/MiniOzoneClusterImpl-116b67e6-721e-43d0-9aeb-aef0ab413853/datanode-3/data/ratis/f1780b47-6fe6-43aa-ae34-bce6487231ac/in_use.lock acquired by nodename 6420@ozone-nffxw-186015654
2019-06-13 12:04:01,385 INFO  server.RaftServerConfigKeys (ConfUtils.java:logGet(43)) - raft.server.snapshot.auto.trigger.enabled = true (custom)
2019-06-13 12:04:01,386 INFO  server.RaftServerConfigKeys (ConfUtils.java:logGet(43)) - raft.server.snapshot.auto.trigger.threshold = 10000 (custom)
2019-06-13 12:04:01,386 INFO  server.RaftServerConfigKeys (ConfUtils.java:logGet(43)) - raft.server.retrycache.expirytime = 600000ms (custom)
2019-06-13 12:04:01,386 INFO  impl.RaftServerImpl (RaftServerImpl.java:start(173)) - 4385f424-31b1-428a-a0ea-2f137423452e: start group-BCE6487231AC
2019-06-13 12:04:01,387 INFO  impl.RaftServerImpl (RaftServerImpl.java:setRole(164)) - 4385f424-31b1-428a-a0ea-2f137423452e:group-BCE6487231AC changes role from null to FOLLOWER at term 0 for startAsFollower
2019-06-13 12:04:01,388 INFO  impl.RoleInfo (RoleInfo.java:updateAndGet(143)) - 4385f424-31b1-428a-a0ea-2f137423452e: start FollowerState
2019-06-13 12:04:01,388 INFO  storage.RaftStorage (RaftStorage.java:format(75)) - Storage directory /opt/src/hadoop-ozone/integration-test/target/test-dir/MiniOzoneClusterImpl-116b67e6-721e-43d0-9aeb-aef0ab413853/datanode-3/data/ratis/f1780b47-6fe6-43aa-ae34-bce6487231ac has been successfully formatted.
2019-06-13 12:04:01,388 INFO  ratis.ContainerStateMachine (ContainerStateMachine.java:loadSnapshot(199)) - The snapshot info is null.Setting the last applied index to:(t:0, i:~)
2019-06-13 12:04:01,388 INFO  server.RaftServerConfigKeys (ConfUtils.java:logGet(43)) - raft.server.leader.election.timeout = 120s (custom)
2019-06-13 12:04:01,388 INFO  server.RaftServerConfigKeys (ConfUtils.java:logGet(43)) - raft.server.log.use.memory = false (default)
2019-06-13 12:04:01,388 INFO  server.RaftServerConfigKeys (ConfUtils.java:logGet(43)) - raft.server.log.appender.buffer.byte-limit = 33554432 (custom)
2019-06-13 12:04:01,389 INFO  server.RaftServerConfigKeys (ConfUtils.java:logGet(43)) - raft.server.log.segment.size.max = 16384 (custom)
2019-06-13 12:04:01,389 INFO  server.RaftServerConfigKeys (ConfUtils.java:logGet(43)) - raft.server.log.segment.cache.num.max = 2 (custom)
2019-06-13 12:04:01,389 INFO  storage.RaftLogWorker (RaftLogWorker.java:<init>(123)) - new 40e85715-f542-4fe4-a7e5-a8202a6d8f0e-RaftLogWorker for Storage Directory /opt/src/hadoop-ozone/integration-test/target/test-dir/MiniOzoneClusterImpl-116b67e6-721e-43d0-9aeb-aef0ab413853/datanode-3/data/ratis/f1780b47-6fe6-43aa-ae34-bce6487231ac
2019-06-13 12:04:01,389 INFO  server.RaftServerConfigKeys (ConfUtils.java:logGet(43)) - raft.server.log.queue.byte-limit = 2147483647 (custom)
2019-06-13 12:04:01,389 INFO  server.RaftServerConfigKeys (ConfUtils.java:logGet(43)) - raft.server.log.queue.element-limit = 1024 (custom)
2019-06-13 12:04:01,389 INFO  server.RaftServerConfigKeys (ConfUtils.java:logGet(43)) - raft.server.log.segment.size.max = 16384 (custom)
2019-06-13 12:04:01,389 INFO  server.RaftServerConfigKeys (ConfUtils.java:logGet(43)) - raft.server.log.preallocated.size = 16384 (custom)
2019-06-13 12:04:01,389 INFO  server.RaftServerConfigKeys (ConfUtils.java:logGet(43)) - raft.server.log.write.buffer.size = 33554432 (custom)
2019-06-13 12:04:01,389 INFO  server.RaftServerConfigKeys (ConfUtils.java:logGet(43)) - raft.server.log.force.sync.num = 128 (default)
2019-06-13 12:04:01,389 INFO  server.RaftServerConfigKeys (ConfUtils.java:logGet(43)) - raft.server.log.statemachine.data.sync = true (default)
2019-06-13 12:04:01,389 INFO  util.JmxRegister (JmxRegister.java:tryRegister(44)) - Successfully registered JMX Bean with object name Ratis:service=RaftServer,group=group-BCE6487231AC,id=4385f424-31b1-428a-a0ea-2f137423452e
2019-06-13 12:04:01,390 INFO  server.RaftServerConfigKeys (ConfUtils.java:logGet(43)) - raft.server.log.statemachine.data.sync.timeout = 10s (default)
2019-06-13 12:04:01,390 INFO  server.RaftServerConfigKeys (ConfUtils.java:logGet(43)) - raft.server.log.statemachine.data.sync.timeout.retry = -1 (default)
2019-06-13 12:04:01,393 INFO  server.RaftServerConfigKeys (ConfUtils.java:logGet(43)) - raft.server.log.statemachine.data.caching.enabled = true (custom)
2019-06-13 12:04:01,403 INFO  server.RaftServerConfigKeys (ConfUtils.java:logGet(43)) - raft.server.snapshot.auto.trigger.enabled = true (custom)
2019-06-13 12:04:01,403 INFO  server.RaftServerConfigKeys (ConfUtils.java:logGet(43)) - raft.server.snapshot.auto.trigger.threshold = 10000 (custom)
2019-06-13 12:04:01,403 INFO  server.RaftServerConfigKeys (ConfUtils.java:logGet(43)) - raft.server.retrycache.expirytime = 600000ms (custom)
2019-06-13 12:04:01,403 INFO  impl.RaftServerImpl (RaftServerImpl.java:start(173)) - 40e85715-f542-4fe4-a7e5-a8202a6d8f0e: start group-BCE6487231AC
2019-06-13 12:04:01,403 INFO  impl.RaftServerImpl (RaftServerImpl.java:setRole(164)) - 40e85715-f542-4fe4-a7e5-a8202a6d8f0e:group-BCE6487231AC changes role from null to FOLLOWER at term 0 for startAsFollower
2019-06-13 12:04:01,403 INFO  impl.RoleInfo (RoleInfo.java:updateAndGet(143)) - 40e85715-f542-4fe4-a7e5-a8202a6d8f0e: start FollowerState
2019-06-13 12:04:01,405 INFO  util.JmxRegister (JmxRegister.java:tryRegister(44)) - Successfully registered JMX Bean with object name Ratis:service=RaftServer,group=group-BCE6487231AC,id=40e85715-f542-4fe4-a7e5-a8202a6d8f0e
2019-06-13 12:04:01,422 INFO  pipeline.PipelineStateManager (PipelineStateManager.java:addPipeline(56)) - Created pipeline Pipeline[ Id: f1780b47-6fe6-43aa-ae34-bce6487231ac, Nodes: cfa6ee40-d911-4f1c-9330-44c1c1a7e901{ip: 192.168.46.58, host: ozone-nffxw-186015654, networkLocation: /default-rack, certSerialId: null}40e85715-f542-4fe4-a7e5-a8202a6d8f0e{ip: 192.168.46.58, host: ozone-nffxw-186015654, networkLocation: /default-rack, certSerialId: null}4385f424-31b1-428a-a0ea-2f137423452e{ip: 192.168.46.58, host: ozone-nffxw-186015654, networkLocation: /default-rack, certSerialId: null}, Type:RATIS, Factor:THREE, State:OPEN]
2019-06-13 12:04:01,535 INFO  node.SCMNodeManager (SCMNodeManager.java:register(234)) - Registered Data node : cbd040e8-332a-45ed-83fb-6eccf47c1134{ip: 192.168.46.58, host: ozone-nffxw-186015654, networkLocation: /default-rack, certSerialId: null}
2019-06-13 12:04:01,549 INFO  impl.RaftServerProxy (RaftServerProxy.java:addNew(89)) - cbd040e8-332a-45ed-83fb-6eccf47c1134: addNew group-07A75213DABF:[cbd040e8-332a-45ed-83fb-6eccf47c1134:192.168.46.58:46883] returns group-07A75213DABF:java.util.concurrent.CompletableFuture@a094085[Not completed]
2019-06-13 12:04:01,551 INFO  impl.RaftServerImpl (RaftServerImpl.java:<init>(91)) - cbd040e8-332a-45ed-83fb-6eccf47c1134: new RaftServerImpl for group-07A75213DABF:[cbd040e8-332a-45ed-83fb-6eccf47c1134:192.168.46.58:46883] with ContainerStateMachine:uninitialized
2019-06-13 12:04:01,551 INFO  server.RaftServerConfigKeys (ConfUtils.java:logGet(43)) - raft.server.rpc.timeout.min = 1s (custom)
2019-06-13 12:04:01,551 INFO  server.RaftServerConfigKeys (ConfUtils.java:logGet(43)) - raft.server.rpc.timeout.max = 1200ms (custom)
2019-06-13 12:04:01,551 INFO  server.RaftServerConfigKeys (ConfUtils.java:logGet(43)) - raft.server.rpcslowness.timeout = 120s (custom)
2019-06-13 12:04:01,551 INFO  server.RaftServerConfigKeys (ConfUtils.java:logGet(43)) - raft.server.log.appender.install.snapshot.enabled = true (default)
2019-06-13 12:04:01,551 INFO  impl.RaftServerImpl (ServerState.java:<init>(101)) - cbd040e8-332a-45ed-83fb-6eccf47c1134:group-07A75213DABF ConfigurationManager, init=-1: [cbd040e8-332a-45ed-83fb-6eccf47c1134:192.168.46.58:46883], old=null, confs=<EMPTY_MAP>
2019-06-13 12:04:01,552 INFO  server.RaftServerConfigKeys (ConfUtils.java:logGet(43)) - raft.server.storage.dir = [/opt/src/hadoop-ozone/integration-test/target/test-dir/MiniOzoneClusterImpl-116b67e6-721e-43d0-9aeb-aef0ab413853/datanode-6/data/ratis] (custom)
2019-06-13 12:04:01,552 INFO  storage.RaftStorageDirectory (RaftStorageDirectory.java:analyzeStorage(246)) - The storage directory /opt/src/hadoop-ozone/integration-test/target/test-dir/MiniOzoneClusterImpl-116b67e6-721e-43d0-9aeb-aef0ab413853/datanode-6/data/ratis/f1ffeb69-68cf-4322-829f-07a75213dabf does not exist. Creating ...
2019-06-13 12:04:01,554 INFO  storage.RaftStorageDirectory (RaftStorageDirectory.java:tryLock(328)) - Lock on /opt/src/hadoop-ozone/integration-test/target/test-dir/MiniOzoneClusterImpl-116b67e6-721e-43d0-9aeb-aef0ab413853/datanode-6/data/ratis/f1ffeb69-68cf-4322-829f-07a75213dabf/in_use.lock acquired by nodename 6420@ozone-nffxw-186015654
2019-06-13 12:04:01,556 INFO  storage.RaftStorage (RaftStorage.java:format(75)) - Storage directory /opt/src/hadoop-ozone/integration-test/target/test-dir/MiniOzoneClusterImpl-116b67e6-721e-43d0-9aeb-aef0ab413853/datanode-6/data/ratis/f1ffeb69-68cf-4322-829f-07a75213dabf has been successfully formatted.
2019-06-13 12:04:01,556 INFO  ratis.ContainerStateMachine (ContainerStateMachine.java:loadSnapshot(199)) - The snapshot info is null.Setting the last applied index to:(t:0, i:~)
2019-06-13 12:04:01,556 INFO  server.RaftServerConfigKeys (ConfUtils.java:logGet(43)) - raft.server.leader.election.timeout = 120s (custom)
2019-06-13 12:04:01,556 INFO  server.RaftServerConfigKeys (ConfUtils.java:logGet(43)) - raft.server.log.use.memory = false (default)
2019-06-13 12:04:01,556 INFO  server.RaftServerConfigKeys (ConfUtils.java:logGet(43)) - raft.server.log.appender.buffer.byte-limit = 33554432 (custom)
2019-06-13 12:04:01,556 INFO  server.RaftServerConfigKeys (ConfUtils.java:logGet(43)) - raft.server.log.segment.size.max = 16384 (custom)
2019-06-13 12:04:01,557 INFO  server.RaftServerConfigKeys (ConfUtils.java:logGet(43)) - raft.server.log.segment.cache.num.max = 2 (custom)
2019-06-13 12:04:01,557 INFO  storage.RaftLogWorker (RaftLogWorker.java:<init>(123)) - new cbd040e8-332a-45ed-83fb-6eccf47c1134-RaftLogWorker for Storage Directory /opt/src/hadoop-ozone/integration-test/target/test-dir/MiniOzoneClusterImpl-116b67e6-721e-43d0-9aeb-aef0ab413853/datanode-6/data/ratis/f1ffeb69-68cf-4322-829f-07a75213dabf
2019-06-13 12:04:01,557 INFO  server.RaftServerConfigKeys (ConfUtils.java:logGet(43)) - raft.server.log.queue.byte-limit = 2147483647 (custom)
2019-06-13 12:04:01,557 INFO  server.RaftServerConfigKeys (ConfUtils.java:logGet(43)) - raft.server.log.queue.element-limit = 1024 (custom)
2019-06-13 12:04:01,557 INFO  server.RaftServerConfigKeys (ConfUtils.java:logGet(43)) - raft.server.log.segment.size.max = 16384 (custom)
2019-06-13 12:04:01,557 INFO  server.RaftServerConfigKeys (ConfUtils.java:logGet(43)) - raft.server.log.preallocated.size = 16384 (custom)
2019-06-13 12:04:01,557 INFO  server.RaftServerConfigKeys (ConfUtils.java:logGet(43)) - raft.server.log.write.buffer.size = 33554432 (custom)
2019-06-13 12:04:01,557 INFO  server.RaftServerConfigKeys (ConfUtils.java:logGet(43)) - raft.server.log.force.sync.num = 128 (default)
2019-06-13 12:04:01,557 INFO  server.RaftServerConfigKeys (ConfUtils.java:logGet(43)) - raft.server.log.statemachine.data.sync = true (default)
2019-06-13 12:04:01,557 INFO  server.RaftServerConfigKeys (ConfUtils.java:logGet(43)) - raft.server.log.statemachine.data.sync.timeout = 10s (default)
2019-06-13 12:04:01,557 INFO  server.RaftServerConfigKeys (ConfUtils.java:logGet(43)) - raft.server.log.statemachine.data.sync.timeout.retry = -1 (default)
2019-06-13 12:04:01,557 INFO  server.RaftServerConfigKeys (ConfUtils.java:logGet(43)) - raft.server.log.statemachine.data.caching.enabled = true (custom)
2019-06-13 12:04:01,558 INFO  server.RaftServerConfigKeys (ConfUtils.java:logGet(43)) - raft.server.snapshot.auto.trigger.enabled = true (custom)
2019-06-13 12:04:01,558 INFO  server.RaftServerConfigKeys (ConfUtils.java:logGet(43)) - raft.server.snapshot.auto.trigger.threshold = 10000 (custom)
2019-06-13 12:04:01,558 INFO  server.RaftServerConfigKeys (ConfUtils.java:logGet(43)) - raft.server.retrycache.expirytime = 600000ms (custom)
2019-06-13 12:04:01,558 INFO  impl.RaftServerImpl (RaftServerImpl.java:start(173)) - cbd040e8-332a-45ed-83fb-6eccf47c1134: start group-07A75213DABF
2019-06-13 12:04:01,558 INFO  impl.RaftServerImpl (RaftServerImpl.java:setRole(164)) - cbd040e8-332a-45ed-83fb-6eccf47c1134:group-07A75213DABF changes role from null to FOLLOWER at term 0 for startAsFollower
2019-06-13 12:04:01,558 INFO  impl.RoleInfo (RoleInfo.java:updateAndGet(143)) - cbd040e8-332a-45ed-83fb-6eccf47c1134: start FollowerState
2019-06-13 12:04:01,558 INFO  util.JmxRegister (JmxRegister.java:tryRegister(44)) - Successfully registered JMX Bean with object name Ratis:service=RaftServer,group=group-07A75213DABF,id=cbd040e8-332a-45ed-83fb-6eccf47c1134
2019-06-13 12:04:01,564 INFO  pipeline.PipelineStateManager (PipelineStateManager.java:addPipeline(56)) - Created pipeline Pipeline[ Id: f1ffeb69-68cf-4322-829f-07a75213dabf, Nodes: cbd040e8-332a-45ed-83fb-6eccf47c1134{ip: 192.168.46.58, host: ozone-nffxw-186015654, networkLocation: /default-rack, certSerialId: null}, Type:RATIS, Factor:ONE, State:OPEN]
2019-06-13 12:04:01,643 INFO  ozone.MiniOzoneClusterImpl (MiniOzoneClusterImpl.java:lambda$waitForClusterToBeReady$0(142)) - Cluster is ready. Got 7 of 7 DN Heartbeats.
2019-06-13 12:04:01,819 INFO  impl.FollowerState (FollowerState.java:run(101)) - 6cef66d5-8cd3-44aa-be07-575ef65ad786:group-5AA01594623B changes to CANDIDATE, lastRpcTime:1125, electionTimeout:1124ms
2019-06-13 12:04:01,819 INFO  impl.RoleInfo (RoleInfo.java:shutdownFollowerState(121)) - 6cef66d5-8cd3-44aa-be07-575ef65ad786: shutdown FollowerState
2019-06-13 12:04:01,819 INFO  impl.RaftServerImpl (RaftServerImpl.java:setRole(164)) - 6cef66d5-8cd3-44aa-be07-575ef65ad786:group-5AA01594623B changes role from FOLLOWER to CANDIDATE at term 0 for changeToCandidate
2019-06-13 12:04:01,821 INFO  impl.RoleInfo (RoleInfo.java:updateAndGet(143)) - 6cef66d5-8cd3-44aa-be07-575ef65ad786: start LeaderElection
2019-06-13 12:04:01,829 INFO  impl.LeaderElection (LeaderElection.java:askForVotes(181)) - 6cef66d5-8cd3-44aa-be07-575ef65ad786:group-5AA01594623B:LeaderElection1: begin an election at term 1 for -1: [6cef66d5-8cd3-44aa-be07-575ef65ad786:192.168.46.58:41525], old=null
2019-06-13 12:04:01,830 INFO  impl.RoleInfo (RoleInfo.java:shutdownLeaderElection(134)) - 6cef66d5-8cd3-44aa-be07-575ef65ad786: shutdown LeaderElection
2019-06-13 12:04:01,831 INFO  impl.RaftServerImpl (RaftServerImpl.java:setRole(164)) - 6cef66d5-8cd3-44aa-be07-575ef65ad786:group-5AA01594623B changes role from CANDIDATE to LEADER at term 1 for changeToLeader
2019-06-13 12:04:01,831 INFO  impl.RaftServerImpl (ServerState.java:setLeader(263)) - 6cef66d5-8cd3-44aa-be07-575ef65ad786:group-5AA01594623B change Leader from null to 6cef66d5-8cd3-44aa-be07-575ef65ad786 at term 1 for becomeLeader, leader elected after 1176ms
2019-06-13 12:04:01,835 INFO  server.RaftServerConfigKeys (ConfUtils.java:logGet(43)) - raft.server.staging.catchup.gap = 1000 (default)
2019-06-13 12:04:01,835 INFO  server.RaftServerConfigKeys (ConfUtils.java:logGet(43)) - raft.server.rpc.sleep.time = 25ms (default)
2019-06-13 12:04:01,837 INFO  server.RaftServerConfigKeys (ConfUtils.java:logGet(43)) - raft.server.watch.timeout = 10s (default)
2019-06-13 12:04:01,838 INFO  server.RaftServerConfigKeys (ConfUtils.java:logGet(43)) - raft.server.watch.timeout.denomination = 1s (default)
2019-06-13 12:04:01,844 INFO  impl.RoleInfo (RoleInfo.java:updateAndGet(143)) - 6cef66d5-8cd3-44aa-be07-575ef65ad786: start LeaderState
2019-06-13 12:04:01,874 INFO  storage.RaftLogWorker (RaftLogWorker.java:startLogSegment(298)) - 6cef66d5-8cd3-44aa-be07-575ef65ad786-RaftLogWorker: Starting segment from index:0
2019-06-13 12:04:01,891 INFO  impl.RaftServerImpl (ServerState.java:setRaftConf(361)) - 6cef66d5-8cd3-44aa-be07-575ef65ad786:group-5AA01594623B set configuration 0: [6cef66d5-8cd3-44aa-be07-575ef65ad786:192.168.46.58:41525], old=null at 0
2019-06-13 12:04:01,895 INFO  rpc.RpcClient (RpcClient.java:createVolume(289)) - Creating Volume: watchforcommithandlingtest, with root as owner.
2019-06-13 12:04:01,924 INFO  impl.FollowerState (FollowerState.java:run(101)) - 8cecba00-b083-47df-9f5a-b6be1e470733:group-C97066A43D2B changes to CANDIDATE, lastRpcTime:1146, electionTimeout:1145ms
2019-06-13 12:04:01,926 INFO  impl.RoleInfo (RoleInfo.java:shutdownFollowerState(121)) - 8cecba00-b083-47df-9f5a-b6be1e470733: shutdown FollowerState
2019-06-13 12:04:01,926 INFO  impl.RaftServerImpl (RaftServerImpl.java:setRole(164)) - 8cecba00-b083-47df-9f5a-b6be1e470733:group-C97066A43D2B changes role from FOLLOWER to CANDIDATE at term 0 for changeToCandidate
2019-06-13 12:04:01,926 INFO  impl.RoleInfo (RoleInfo.java:updateAndGet(143)) - 8cecba00-b083-47df-9f5a-b6be1e470733: start LeaderElection
2019-06-13 12:04:01,936 INFO  rpc.RpcClient (RpcClient.java:createBucket(426)) - Creating Bucket: watchforcommithandlingtest/watchforcommithandlingtest, with Versioning false and Storage Type set to DISK and Encryption set to false 
2019-06-13 12:04:01,937 INFO  impl.FollowerState (FollowerState.java:run(101)) - 40e85715-f542-4fe4-a7e5-a8202a6d8f0e:group-D77F64A1D32A changes to CANDIDATE, lastRpcTime:1034, electionTimeout:1032ms
2019-06-13 12:04:01,938 INFO  impl.RoleInfo (RoleInfo.java:shutdownFollowerState(121)) - 40e85715-f542-4fe4-a7e5-a8202a6d8f0e: shutdown FollowerState
2019-06-13 12:04:01,938 INFO  impl.RaftServerImpl (RaftServerImpl.java:setRole(164)) - 40e85715-f542-4fe4-a7e5-a8202a6d8f0e:group-D77F64A1D32A changes role from FOLLOWER to CANDIDATE at term 0 for changeToCandidate
2019-06-13 12:04:01,938 INFO  impl.RoleInfo (RoleInfo.java:updateAndGet(143)) - 40e85715-f542-4fe4-a7e5-a8202a6d8f0e: start LeaderElection
2019-06-13 12:04:01,939 INFO  impl.LeaderElection (LeaderElection.java:askForVotes(181)) - 8cecba00-b083-47df-9f5a-b6be1e470733:group-C97066A43D2B:LeaderElection2: begin an election at term 1 for -1: [8cecba00-b083-47df-9f5a-b6be1e470733:192.168.46.58:34301], old=null
2019-06-13 12:04:01,947 INFO  impl.RoleInfo (RoleInfo.java:shutdownLeaderElection(134)) - 8cecba00-b083-47df-9f5a-b6be1e470733: shutdown LeaderElection
2019-06-13 12:04:01,947 INFO  impl.RaftServerImpl (RaftServerImpl.java:setRole(164)) - 8cecba00-b083-47df-9f5a-b6be1e470733:group-C97066A43D2B changes role from CANDIDATE to LEADER at term 1 for changeToLeader
2019-06-13 12:04:01,947 INFO  impl.RaftServerImpl (ServerState.java:setLeader(263)) - 8cecba00-b083-47df-9f5a-b6be1e470733:group-C97066A43D2B change Leader from null to 8cecba00-b083-47df-9f5a-b6be1e470733 at term 1 for becomeLeader, leader elected after 1173ms
2019-06-13 12:04:01,949 INFO  server.RaftServerConfigKeys (ConfUtils.java:logGet(43)) - raft.server.staging.catchup.gap = 1000 (default)
2019-06-13 12:04:01,949 INFO  server.RaftServerConfigKeys (ConfUtils.java:logGet(43)) - raft.server.rpc.sleep.time = 25ms (default)
2019-06-13 12:04:01,949 INFO  server.RaftServerConfigKeys (ConfUtils.java:logGet(43)) - raft.server.watch.timeout = 10s (default)
2019-06-13 12:04:01,949 INFO  server.RaftServerConfigKeys (ConfUtils.java:logGet(43)) - raft.server.watch.timeout.denomination = 1s (default)
2019-06-13 12:04:01,950 INFO  impl.RoleInfo (RoleInfo.java:updateAndGet(143)) - 8cecba00-b083-47df-9f5a-b6be1e470733: start LeaderState
2019-06-13 12:04:01,950 INFO  storage.RaftLogWorker (RaftLogWorker.java:startLogSegment(298)) - 8cecba00-b083-47df-9f5a-b6be1e470733-RaftLogWorker: Starting segment from index:0
2019-06-13 12:04:01,951 INFO  ozone.MiniOzoneClusterImpl (MiniOzoneClusterImpl.java:getStorageContainerLocationClient(241)) - Creating StorageContainerLocationProtocol RPC client with address /0.0.0.0:45813
2019-06-13 12:04:01,953 INFO  impl.RaftServerImpl (ServerState.java:setRaftConf(361)) - 8cecba00-b083-47df-9f5a-b6be1e470733:group-C97066A43D2B set configuration 0: [8cecba00-b083-47df-9f5a-b6be1e470733:192.168.46.58:34301], old=null at 0
2019-06-13 12:04:01,973 INFO  impl.LeaderElection (LeaderElection.java:askForVotes(181)) - 40e85715-f542-4fe4-a7e5-a8202a6d8f0e:group-D77F64A1D32A:LeaderElection3: begin an election at term 1 for -1: [40e85715-f542-4fe4-a7e5-a8202a6d8f0e:192.168.46.58:38617], old=null
2019-06-13 12:04:01,973 INFO  impl.RoleInfo (RoleInfo.java:shutdownLeaderElection(134)) - 40e85715-f542-4fe4-a7e5-a8202a6d8f0e: shutdown LeaderElection
2019-06-13 12:04:01,974 INFO  impl.RaftServerImpl (RaftServerImpl.java:setRole(164)) - 40e85715-f542-4fe4-a7e5-a8202a6d8f0e:group-D77F64A1D32A changes role from CANDIDATE to LEADER at term 1 for changeToLeader
2019-06-13 12:04:01,974 INFO  impl.RaftServerImpl (ServerState.java:setLeader(263)) - 40e85715-f542-4fe4-a7e5-a8202a6d8f0e:group-D77F64A1D32A change Leader from null to 40e85715-f542-4fe4-a7e5-a8202a6d8f0e at term 1 for becomeLeader, leader elected after 1072ms
2019-06-13 12:04:01,981 INFO  server.RaftServerConfigKeys (ConfUtils.java:logGet(43)) - raft.server.staging.catchup.gap = 1000 (default)
2019-06-13 12:04:01,981 INFO  server.RaftServerConfigKeys (ConfUtils.java:logGet(43)) - raft.server.rpc.sleep.time = 25ms (default)
2019-06-13 12:04:01,981 INFO  impl.FollowerState (FollowerState.java:run(101)) - 859621b4-b51a-492c-ad6d-3244885c0c07:group-4A43CE0213D2 changes to CANDIDATE, lastRpcTime:1124, electionTimeout:1117ms
2019-06-13 12:04:01,981 INFO  impl.RoleInfo (RoleInfo.java:shutdownFollowerState(121)) - 859621b4-b51a-492c-ad6d-3244885c0c07: shutdown FollowerState
2019-06-13 12:04:01,981 INFO  server.RaftServerConfigKeys (ConfUtils.java:logGet(43)) - raft.server.watch.timeout = 10s (default)
2019-06-13 12:04:01,981 INFO  impl.RaftServerImpl (RaftServerImpl.java:setRole(164)) - 859621b4-b51a-492c-ad6d-3244885c0c07:group-4A43CE0213D2 changes role from FOLLOWER to CANDIDATE at term 0 for changeToCandidate
2019-06-13 12:04:01,987 INFO  impl.RoleInfo (RoleInfo.java:updateAndGet(143)) - 859621b4-b51a-492c-ad6d-3244885c0c07: start LeaderElection
2019-06-13 12:04:01,982 INFO  server.RaftServerConfigKeys (ConfUtils.java:logGet(43)) - raft.server.watch.timeout.denomination = 1s (default)
2019-06-13 12:04:01,988 INFO  impl.RoleInfo (RoleInfo.java:updateAndGet(143)) - 40e85715-f542-4fe4-a7e5-a8202a6d8f0e: start LeaderState
2019-06-13 12:04:01,988 INFO  storage.RaftLogWorker (RaftLogWorker.java:startLogSegment(298)) - 40e85715-f542-4fe4-a7e5-a8202a6d8f0e-RaftLogWorker: Starting segment from index:0
2019-06-13 12:04:02,008 INFO  impl.RaftServerImpl (ServerState.java:setRaftConf(361)) - 40e85715-f542-4fe4-a7e5-a8202a6d8f0e:group-D77F64A1D32A set configuration 0: [40e85715-f542-4fe4-a7e5-a8202a6d8f0e:192.168.46.58:38617], old=null at 0
2019-06-13 12:04:02,014 INFO  impl.LeaderElection (LeaderElection.java:askForVotes(181)) - 859621b4-b51a-492c-ad6d-3244885c0c07:group-4A43CE0213D2:LeaderElection4: begin an election at term 1 for -1: [859621b4-b51a-492c-ad6d-3244885c0c07:192.168.46.58:43419], old=null
2019-06-13 12:04:02,014 INFO  impl.RoleInfo (RoleInfo.java:shutdownLeaderElection(134)) - 859621b4-b51a-492c-ad6d-3244885c0c07: shutdown LeaderElection
2019-06-13 12:04:02,014 INFO  impl.RaftServerImpl (RaftServerImpl.java:setRole(164)) - 859621b4-b51a-492c-ad6d-3244885c0c07:group-4A43CE0213D2 changes role from CANDIDATE to LEADER at term 1 for changeToLeader
2019-06-13 12:04:02,015 INFO  impl.RaftServerImpl (ServerState.java:setLeader(263)) - 859621b4-b51a-492c-ad6d-3244885c0c07:group-4A43CE0213D2 change Leader from null to 859621b4-b51a-492c-ad6d-3244885c0c07 at term 1 for becomeLeader, leader elected after 1161ms
2019-06-13 12:04:02,016 INFO  server.RaftServerConfigKeys (ConfUtils.java:logGet(43)) - raft.server.staging.catchup.gap = 1000 (default)
2019-06-13 12:04:02,017 INFO  server.RaftServerConfigKeys (ConfUtils.java:logGet(43)) - raft.server.rpc.sleep.time = 25ms (default)
2019-06-13 12:04:02,017 INFO  server.RaftServerConfigKeys (ConfUtils.java:logGet(43)) - raft.server.watch.timeout = 10s (default)
2019-06-13 12:04:02,017 INFO  server.RaftServerConfigKeys (ConfUtils.java:logGet(43)) - raft.server.watch.timeout.denomination = 1s (default)
2019-06-13 12:04:02,017 INFO  impl.RoleInfo (RoleInfo.java:updateAndGet(143)) - 859621b4-b51a-492c-ad6d-3244885c0c07: start LeaderState
2019-06-13 12:04:02,017 INFO  storage.RaftLogWorker (RaftLogWorker.java:startLogSegment(298)) - 859621b4-b51a-492c-ad6d-3244885c0c07-RaftLogWorker: Starting segment from index:0
2019-06-13 12:04:02,018 INFO  impl.RaftServerImpl (ServerState.java:setRaftConf(361)) - 859621b4-b51a-492c-ad6d-3244885c0c07:group-4A43CE0213D2 set configuration 0: [859621b4-b51a-492c-ad6d-3244885c0c07:192.168.46.58:43419], old=null at 0
2019-06-13 12:04:02,082 INFO  impl.FollowerState (FollowerState.java:run(101)) - 6cef66d5-8cd3-44aa-be07-575ef65ad786:group-20B8C391EFEC changes to CANDIDATE, lastRpcTime:1094, electionTimeout:1094ms
2019-06-13 12:04:02,082 INFO  impl.RoleInfo (RoleInfo.java:shutdownFollowerState(121)) - 6cef66d5-8cd3-44aa-be07-575ef65ad786: shutdown FollowerState
2019-06-13 12:04:02,082 INFO  impl.RaftServerImpl (RaftServerImpl.java:setRole(164)) - 6cef66d5-8cd3-44aa-be07-575ef65ad786:group-20B8C391EFEC changes role from FOLLOWER to CANDIDATE at term 0 for changeToCandidate
2019-06-13 12:04:02,082 INFO  impl.RoleInfo (RoleInfo.java:updateAndGet(143)) - 6cef66d5-8cd3-44aa-be07-575ef65ad786: start LeaderElection
2019-06-13 12:04:02,112 INFO  impl.LeaderElection (LeaderElection.java:askForVotes(181)) - 6cef66d5-8cd3-44aa-be07-575ef65ad786:group-20B8C391EFEC:LeaderElection5: begin an election at term 1 for -1: [6cef66d5-8cd3-44aa-be07-575ef65ad786:192.168.46.58:41525, 859621b4-b51a-492c-ad6d-3244885c0c07:192.168.46.58:43419, 8cecba00-b083-47df-9f5a-b6be1e470733:192.168.46.58:34301], old=null
2019-06-13 12:04:02,129 INFO  impl.FollowerState (FollowerState.java:run(101)) - 4385f424-31b1-428a-a0ea-2f137423452e:group-369E7644B2E9 changes to CANDIDATE, lastRpcTime:1023, electionTimeout:1023ms
2019-06-13 12:04:02,129 INFO  impl.RoleInfo (RoleInfo.java:shutdownFollowerState(121)) - 4385f424-31b1-428a-a0ea-2f137423452e: shutdown FollowerState
2019-06-13 12:04:02,129 INFO  impl.RaftServerImpl (RaftServerImpl.java:setRole(164)) - 4385f424-31b1-428a-a0ea-2f137423452e:group-369E7644B2E9 changes role from FOLLOWER to CANDIDATE at term 0 for changeToCandidate
2019-06-13 12:04:02,129 INFO  impl.RoleInfo (RoleInfo.java:updateAndGet(143)) - 4385f424-31b1-428a-a0ea-2f137423452e: start LeaderElection
2019-06-13 12:04:02,172 INFO  impl.FollowerState (FollowerState.java:run(101)) - 859621b4-b51a-492c-ad6d-3244885c0c07:group-20B8C391EFEC changes to CANDIDATE, lastRpcTime:1190, electionTimeout:1190ms
2019-06-13 12:04:02,173 INFO  impl.RoleInfo (RoleInfo.java:shutdownFollowerState(121)) - 859621b4-b51a-492c-ad6d-3244885c0c07: shutdown FollowerState
2019-06-13 12:04:02,173 INFO  impl.RaftServerImpl (RaftServerImpl.java:setRole(164)) - 859621b4-b51a-492c-ad6d-3244885c0c07:group-20B8C391EFEC changes role from FOLLOWER to CANDIDATE at term 0 for changeToCandidate
2019-06-13 12:04:02,173 INFO  impl.RoleInfo (RoleInfo.java:updateAndGet(143)) - 859621b4-b51a-492c-ad6d-3244885c0c07: start LeaderElection
2019-06-13 12:04:02,173 INFO  impl.FollowerState (FollowerState.java:run(101)) - 8cecba00-b083-47df-9f5a-b6be1e470733:group-20B8C391EFEC changes to CANDIDATE, lastRpcTime:1194, electionTimeout:1185ms
2019-06-13 12:04:02,173 INFO  impl.RoleInfo (RoleInfo.java:shutdownFollowerState(121)) - 8cecba00-b083-47df-9f5a-b6be1e470733: shutdown FollowerState
2019-06-13 12:04:02,173 INFO  impl.RaftServerImpl (RaftServerImpl.java:setRole(164)) - 8cecba00-b083-47df-9f5a-b6be1e470733:group-20B8C391EFEC changes role from FOLLOWER to CANDIDATE at term 0 for changeToCandidate
2019-06-13 12:04:02,173 INFO  impl.LeaderElection (LeaderElection.java:askForVotes(181)) - 4385f424-31b1-428a-a0ea-2f137423452e:group-369E7644B2E9:LeaderElection6: begin an election at term 1 for -1: [4385f424-31b1-428a-a0ea-2f137423452e:192.168.46.58:43947], old=null
2019-06-13 12:04:02,173 INFO  impl.RoleInfo (RoleInfo.java:shutdownLeaderElection(134)) - 4385f424-31b1-428a-a0ea-2f137423452e: shutdown LeaderElection
2019-06-13 12:04:02,173 INFO  impl.RaftServerImpl (RaftServerImpl.java:setRole(164)) - 4385f424-31b1-428a-a0ea-2f137423452e:group-369E7644B2E9 changes role from CANDIDATE to LEADER at term 1 for changeToLeader
2019-06-13 12:04:02,173 INFO  impl.RaftServerImpl (ServerState.java:setLeader(263)) - 4385f424-31b1-428a-a0ea-2f137423452e:group-369E7644B2E9 change Leader from null to 4385f424-31b1-428a-a0ea-2f137423452e at term 1 for becomeLeader, leader elected after 1070ms
2019-06-13 12:04:02,200 INFO  impl.RoleInfo (RoleInfo.java:updateAndGet(143)) - 8cecba00-b083-47df-9f5a-b6be1e470733: start LeaderElection
2019-06-13 12:04:02,200 INFO  server.RaftServerConfigKeys (ConfUtils.java:logGet(43)) - raft.server.staging.catchup.gap = 1000 (default)
2019-06-13 12:04:02,219 INFO  server.RaftServerConfigKeys (ConfUtils.java:logGet(43)) - raft.server.rpc.sleep.time = 25ms (default)
2019-06-13 12:04:02,219 INFO  server.RaftServerConfigKeys (ConfUtils.java:logGet(43)) - raft.server.watch.timeout = 10s (default)
2019-06-13 12:04:02,219 INFO  server.RaftServerConfigKeys (ConfUtils.java:logGet(43)) - raft.server.watch.timeout.denomination = 1s (default)
2019-06-13 12:04:02,219 INFO  impl.RoleInfo (RoleInfo.java:updateAndGet(143)) - 4385f424-31b1-428a-a0ea-2f137423452e: start LeaderState
2019-06-13 12:04:02,219 INFO  storage.RaftLogWorker (RaftLogWorker.java:startLogSegment(298)) - 4385f424-31b1-428a-a0ea-2f137423452e-RaftLogWorker: Starting segment from index:0
2019-06-13 12:04:02,225 INFO  storage.RaftLogWorker (RaftLogWorker.java:execute(469)) - 859621b4-b51a-492c-ad6d-3244885c0c07-RaftLogWorker: created new log segment /opt/src/hadoop-ozone/integration-test/target/test-dir/MiniOzoneClusterImpl-116b67e6-721e-43d0-9aeb-aef0ab413853/datanode-2/data/ratis/611ac762-af55-4b31-b91d-4a43ce0213d2/current/log_inprogress_0
2019-06-13 12:04:02,225 INFO  impl.RaftServerImpl (ServerState.java:setRaftConf(361)) - 4385f424-31b1-428a-a0ea-2f137423452e:group-369E7644B2E9 set configuration 0: [4385f424-31b1-428a-a0ea-2f137423452e:192.168.46.58:43947], old=null at 0
2019-06-13 12:04:02,226 INFO  storage.RaftLogWorker (RaftLogWorker.java:execute(469)) - 8cecba00-b083-47df-9f5a-b6be1e470733-RaftLogWorker: created new log segment /opt/src/hadoop-ozone/integration-test/target/test-dir/MiniOzoneClusterImpl-116b67e6-721e-43d0-9aeb-aef0ab413853/datanode-1/data/ratis/3bd32146-2159-469d-a7fe-c97066a43d2b/current/log_inprogress_0
2019-06-13 12:04:02,264 INFO  storage.RaftLogWorker (RaftLogWorker.java:execute(469)) - 4385f424-31b1-428a-a0ea-2f137423452e-RaftLogWorker: created new log segment /opt/src/hadoop-ozone/integration-test/target/test-dir/MiniOzoneClusterImpl-116b67e6-721e-43d0-9aeb-aef0ab413853/datanode-4/data/ratis/d74e3f68-ae12-42f7-8208-369e7644b2e9/current/log_inprogress_0
2019-06-13 12:04:02,264 INFO  impl.LeaderElection (LeaderElection.java:askForVotes(181)) - 859621b4-b51a-492c-ad6d-3244885c0c07:group-20B8C391EFEC:LeaderElection7: begin an election at term 1 for -1: [6cef66d5-8cd3-44aa-be07-575ef65ad786:192.168.46.58:41525, 859621b4-b51a-492c-ad6d-3244885c0c07:192.168.46.58:43419, 8cecba00-b083-47df-9f5a-b6be1e470733:192.168.46.58:34301], old=null
2019-06-13 12:04:02,241 INFO  storage.RaftLogWorker (RaftLogWorker.java:execute(469)) - 6cef66d5-8cd3-44aa-be07-575ef65ad786-RaftLogWorker: created new log segment /opt/src/hadoop-ozone/integration-test/target/test-dir/MiniOzoneClusterImpl-116b67e6-721e-43d0-9aeb-aef0ab413853/datanode-0/data/ratis/fa242a1e-2f5c-491d-8f3c-5aa01594623b/current/log_inprogress_0
2019-06-13 12:04:02,241 INFO  storage.RaftLogWorker (RaftLogWorker.java:execute(469)) - 40e85715-f542-4fe4-a7e5-a8202a6d8f0e-RaftLogWorker: created new log segment /opt/src/hadoop-ozone/integration-test/target/test-dir/MiniOzoneClusterImpl-116b67e6-721e-43d0-9aeb-aef0ab413853/datanode-3/data/ratis/2f151661-de39-4f57-9464-d77f64a1d32a/current/log_inprogress_0
2019-06-13 12:04:02,273 INFO  impl.LeaderElection (LeaderElection.java:askForVotes(181)) - 8cecba00-b083-47df-9f5a-b6be1e470733:group-20B8C391EFEC:LeaderElection8: begin an election at term 1 for -1: [6cef66d5-8cd3-44aa-be07-575ef65ad786:192.168.46.58:41525, 859621b4-b51a-492c-ad6d-3244885c0c07:192.168.46.58:43419, 8cecba00-b083-47df-9f5a-b6be1e470733:192.168.46.58:34301], old=null
2019-06-13 12:04:02,308 INFO  impl.LeaderElection (LeaderElection.java:logAndReturn(56)) - 6cef66d5-8cd3-44aa-be07-575ef65ad786:group-20B8C391EFEC:LeaderElection5: Election REJECTED; received 2 response(s) [6cef66d5-8cd3-44aa-be07-575ef65ad786->859621b4-b51a-492c-ad6d-3244885c0c07,false-t1, 6cef66d5-8cd3-44aa-be07-575ef65ad786->8cecba00-b083-47df-9f5a-b6be1e470733,false-t1] and 0 exception(s); 6cef66d5-8cd3-44aa-be07-575ef65ad786:t1, leader=null, voted=6cef66d5-8cd3-44aa-be07-575ef65ad786, raftlog=6cef66d5-8cd3-44aa-be07-575ef65ad786-SegmentedRaftLog:OPENED:c-1,f-1,i0, conf=-1: [6cef66d5-8cd3-44aa-be07-575ef65ad786:192.168.46.58:41525, 859621b4-b51a-492c-ad6d-3244885c0c07:192.168.46.58:43419, 8cecba00-b083-47df-9f5a-b6be1e470733:192.168.46.58:34301], old=null
2019-06-13 12:04:02,308 INFO  impl.RaftServerImpl (RaftServerImpl.java:setRole(164)) - 6cef66d5-8cd3-44aa-be07-575ef65ad786:group-20B8C391EFEC changes role from CANDIDATE to FOLLOWER at term 1 for DISCOVERED_A_NEW_TERM
2019-06-13 12:04:02,308 INFO  impl.RoleInfo (RoleInfo.java:shutdownLeaderElection(134)) - 6cef66d5-8cd3-44aa-be07-575ef65ad786: shutdown LeaderElection
2019-06-13 12:04:02,309 INFO  impl.RoleInfo (RoleInfo.java:updateAndGet(143)) - 6cef66d5-8cd3-44aa-be07-575ef65ad786: start FollowerState
2019-06-13 12:04:02,340 INFO  impl.LeaderElection (LeaderElection.java:logAndReturn(56)) - 8cecba00-b083-47df-9f5a-b6be1e470733:group-20B8C391EFEC:LeaderElection8: Election REJECTED; received 2 response(s) [8cecba00-b083-47df-9f5a-b6be1e470733->6cef66d5-8cd3-44aa-be07-575ef65ad786,false-t1, 8cecba00-b083-47df-9f5a-b6be1e470733->859621b4-b51a-492c-ad6d-3244885c0c07,false-t1] and 0 exception(s); 8cecba00-b083-47df-9f5a-b6be1e470733:t1, leader=null, voted=8cecba00-b083-47df-9f5a-b6be1e470733, raftlog=8cecba00-b083-47df-9f5a-b6be1e470733-SegmentedRaftLog:OPENED:c-1,f-1,i0, conf=-1: [6cef66d5-8cd3-44aa-be07-575ef65ad786:192.168.46.58:41525, 859621b4-b51a-492c-ad6d-3244885c0c07:192.168.46.58:43419, 8cecba00-b083-47df-9f5a-b6be1e470733:192.168.46.58:34301], old=null
2019-06-13 12:04:02,342 INFO  impl.RaftServerImpl (RaftServerImpl.java:setRole(164)) - 8cecba00-b083-47df-9f5a-b6be1e470733:group-20B8C391EFEC changes role from CANDIDATE to FOLLOWER at term 1 for DISCOVERED_A_NEW_TERM
2019-06-13 12:04:02,342 INFO  impl.RoleInfo (RoleInfo.java:shutdownLeaderElection(134)) - 8cecba00-b083-47df-9f5a-b6be1e470733: shutdown LeaderElection
2019-06-13 12:04:02,343 INFO  impl.RoleInfo (RoleInfo.java:updateAndGet(143)) - 8cecba00-b083-47df-9f5a-b6be1e470733: start FollowerState
2019-06-13 12:04:02,348 INFO  impl.LeaderElection (LeaderElection.java:logAndReturn(56)) - 859621b4-b51a-492c-ad6d-3244885c0c07:group-20B8C391EFEC:LeaderElection7: Election REJECTED; received 2 response(s) [859621b4-b51a-492c-ad6d-3244885c0c07->6cef66d5-8cd3-44aa-be07-575ef65ad786,false-t1, 859621b4-b51a-492c-ad6d-3244885c0c07->8cecba00-b083-47df-9f5a-b6be1e470733,false-t1] and 0 exception(s); 859621b4-b51a-492c-ad6d-3244885c0c07:t1, leader=null, voted=859621b4-b51a-492c-ad6d-3244885c0c07, raftlog=859621b4-b51a-492c-ad6d-3244885c0c07-SegmentedRaftLog:OPENED:c-1,f-1,i0, conf=-1: [6cef66d5-8cd3-44aa-be07-575ef65ad786:192.168.46.58:41525, 859621b4-b51a-492c-ad6d-3244885c0c07:192.168.46.58:43419, 8cecba00-b083-47df-9f5a-b6be1e470733:192.168.46.58:34301], old=null
2019-06-13 12:04:02,349 INFO  impl.RaftServerImpl (RaftServerImpl.java:setRole(164)) - 859621b4-b51a-492c-ad6d-3244885c0c07:group-20B8C391EFEC changes role from CANDIDATE to FOLLOWER at term 1 for DISCOVERED_A_NEW_TERM
2019-06-13 12:04:02,349 INFO  impl.RoleInfo (RoleInfo.java:shutdownLeaderElection(134)) - 859621b4-b51a-492c-ad6d-3244885c0c07: shutdown LeaderElection
2019-06-13 12:04:02,349 INFO  impl.RoleInfo (RoleInfo.java:updateAndGet(143)) - 859621b4-b51a-492c-ad6d-3244885c0c07: start FollowerState
2019-06-13 12:04:02,388 INFO  client.GrpcClientProtocolClient (GrpcClientProtocolClient.java:onNext(254)) - client-8ED239EB40DA->cfa6ee40-d911-4f1c-9330-44c1c1a7e901: receive RaftClientReply:client-8ED239EB40DA->cfa6ee40-d911-4f1c-9330-44c1c1a7e901@group-BCE6487231AC, cid=13, FAILED org.apache.ratis.protocol.NotLeaderException: Server cfa6ee40-d911-4f1c-9330-44c1c1a7e901 is not the leader (4385f424-31b1-428a-a0ea-2f137423452e:192.168.46.58:43947). Request must be sent to leader., logIndex=0, commits[cfa6ee40-d911-4f1c-9330-44c1c1a7e901:c-1]
2019-06-13 12:04:02,396 WARN  client.GrpcClientProtocolService (LogUtils.java:warn(134)) - 0-OrderedRequestStreamObserver0: onError: org.apache.ratis.thirdparty.io.grpc.StatusRuntimeException: CANCELLED: cancelled before receiving half close
2019-06-13 12:04:02,490 INFO  impl.FollowerState (FollowerState.java:run(101)) - cfa6ee40-d911-4f1c-9330-44c1c1a7e901:group-BCE6487231AC changes to CANDIDATE, lastRpcTime:1106, electionTimeout:1106ms
2019-06-13 12:04:02,492 INFO  impl.RoleInfo (RoleInfo.java:shutdownFollowerState(121)) - cfa6ee40-d911-4f1c-9330-44c1c1a7e901: shutdown FollowerState
2019-06-13 12:04:02,492 INFO  impl.RaftServerImpl (RaftServerImpl.java:setRole(164)) - cfa6ee40-d911-4f1c-9330-44c1c1a7e901:group-BCE6487231AC changes role from FOLLOWER to CANDIDATE at term 0 for changeToCandidate
2019-06-13 12:04:02,492 INFO  impl.RoleInfo (RoleInfo.java:updateAndGet(143)) - cfa6ee40-d911-4f1c-9330-44c1c1a7e901: start LeaderElection
2019-06-13 12:04:02,497 INFO  impl.LeaderElection (LeaderElection.java:askForVotes(181)) - cfa6ee40-d911-4f1c-9330-44c1c1a7e901:group-BCE6487231AC:LeaderElection9: begin an election at term 1 for -1: [cfa6ee40-d911-4f1c-9330-44c1c1a7e901:192.168.46.58:39721, 4385f424-31b1-428a-a0ea-2f137423452e:192.168.46.58:43947, 40e85715-f542-4fe4-a7e5-a8202a6d8f0e:192.168.46.58:38617], old=null
2019-06-13 12:04:02,506 INFO  impl.FollowerState (FollowerState.java:run(101)) - 4385f424-31b1-428a-a0ea-2f137423452e:group-BCE6487231AC changes to CANDIDATE, lastRpcTime:1118, electionTimeout:1116ms
2019-06-13 12:04:02,506 INFO  impl.RoleInfo (RoleInfo.java:shutdownFollowerState(121)) - 4385f424-31b1-428a-a0ea-2f137423452e: shutdown FollowerState
2019-06-13 12:04:02,506 INFO  impl.RaftServerImpl (RaftServerImpl.java:setRole(164)) - 4385f424-31b1-428a-a0ea-2f137423452e:group-BCE6487231AC changes role from FOLLOWER to CANDIDATE at term 0 for changeToCandidate
2019-06-13 12:04:02,506 INFO  impl.RoleInfo (RoleInfo.java:updateAndGet(143)) - 4385f424-31b1-428a-a0ea-2f137423452e: start LeaderElection
2019-06-13 12:04:02,515 INFO  impl.RaftServerImpl (RaftServerImpl.java:setRole(164)) - 40e85715-f542-4fe4-a7e5-a8202a6d8f0e:group-BCE6487231AC changes role from FOLLOWER to FOLLOWER at term 1 for recognizeCandidate:cfa6ee40-d911-4f1c-9330-44c1c1a7e901
2019-06-13 12:04:02,515 INFO  impl.RoleInfo (RoleInfo.java:shutdownFollowerState(121)) - 40e85715-f542-4fe4-a7e5-a8202a6d8f0e: shutdown FollowerState
2019-06-13 12:04:02,516 INFO  impl.RoleInfo (RoleInfo.java:updateAndGet(143)) - 40e85715-f542-4fe4-a7e5-a8202a6d8f0e: start FollowerState
2019-06-13 12:04:02,516 INFO  impl.FollowerState (FollowerState.java:run(109)) - 40e85715-f542-4fe4-a7e5-a8202a6d8f0e: FollowerState was interrupted: java.lang.InterruptedException: sleep interrupted
2019-06-13 12:04:02,516 INFO  impl.FollowerState (FollowerState.java:run(101)) - cfa6ee40-d911-4f1c-9330-44c1c1a7e901:group-186A2E842470 changes to CANDIDATE, lastRpcTime:1174, electionTimeout:1174ms
2019-06-13 12:04:02,516 INFO  impl.RoleInfo (RoleInfo.java:shutdownFollowerState(121)) - cfa6ee40-d911-4f1c-9330-44c1c1a7e901: shutdown FollowerState
2019-06-13 12:04:02,516 INFO  impl.RaftServerImpl (RaftServerImpl.java:setRole(164)) - cfa6ee40-d911-4f1c-9330-44c1c1a7e901:group-186A2E842470 changes role from FOLLOWER to CANDIDATE at term 0 for changeToCandidate
2019-06-13 12:04:02,519 INFO  impl.RoleInfo (RoleInfo.java:updateAndGet(143)) - cfa6ee40-d911-4f1c-9330-44c1c1a7e901: start LeaderElection
2019-06-13 12:04:02,522 INFO  impl.LeaderElection (LeaderElection.java:askForVotes(181)) - 4385f424-31b1-428a-a0ea-2f137423452e:group-BCE6487231AC:LeaderElection10: begin an election at term 1 for -1: [cfa6ee40-d911-4f1c-9330-44c1c1a7e901:192.168.46.58:39721, 4385f424-31b1-428a-a0ea-2f137423452e:192.168.46.58:43947, 40e85715-f542-4fe4-a7e5-a8202a6d8f0e:192.168.46.58:38617], old=null
2019-06-13 12:04:02,527 INFO  impl.LeaderElection (LeaderElection.java:askForVotes(181)) - cfa6ee40-d911-4f1c-9330-44c1c1a7e901:group-186A2E842470:LeaderElection11: begin an election at term 1 for -1: [cfa6ee40-d911-4f1c-9330-44c1c1a7e901:192.168.46.58:39721], old=null
2019-06-13 12:04:02,527 INFO  impl.RoleInfo (RoleInfo.java:shutdownLeaderElection(134)) - cfa6ee40-d911-4f1c-9330-44c1c1a7e901: shutdown LeaderElection
2019-06-13 12:04:02,528 INFO  impl.RaftServerImpl (RaftServerImpl.java:setRole(164)) - cfa6ee40-d911-4f1c-9330-44c1c1a7e901:group-186A2E842470 changes role from CANDIDATE to LEADER at term 1 for changeToLeader
2019-06-13 12:04:02,528 INFO  impl.RaftServerImpl (ServerState.java:setLeader(263)) - cfa6ee40-d911-4f1c-9330-44c1c1a7e901:group-186A2E842470 change Leader from null to cfa6ee40-d911-4f1c-9330-44c1c1a7e901 at term 1 for becomeLeader, leader elected after 1188ms
2019-06-13 12:04:02,529 INFO  impl.LeaderElection (LeaderElection.java:logAndReturn(56)) - cfa6ee40-d911-4f1c-9330-44c1c1a7e901:group-BCE6487231AC:LeaderElection9: Election PASSED; received 1 response(s) [cfa6ee40-d911-4f1c-9330-44c1c1a7e901->40e85715-f542-4fe4-a7e5-a8202a6d8f0e,true-t1] and 0 exception(s); cfa6ee40-d911-4f1c-9330-44c1c1a7e901:t1, leader=null, voted=cfa6ee40-d911-4f1c-9330-44c1c1a7e901, raftlog=cfa6ee40-d911-4f1c-9330-44c1c1a7e901-SegmentedRaftLog:OPENED:c-1,f-1,i0, conf=-1: [cfa6ee40-d911-4f1c-9330-44c1c1a7e901:192.168.46.58:39721, 4385f424-31b1-428a-a0ea-2f137423452e:192.168.46.58:43947, 40e85715-f542-4fe4-a7e5-a8202a6d8f0e:192.168.46.58:38617], old=null
2019-06-13 12:04:02,529 INFO  impl.RoleInfo (RoleInfo.java:shutdownLeaderElection(134)) - cfa6ee40-d911-4f1c-9330-44c1c1a7e901: shutdown LeaderElection
2019-06-13 12:04:02,530 INFO  impl.RaftServerImpl (RaftServerImpl.java:setRole(164)) - cfa6ee40-d911-4f1c-9330-44c1c1a7e901:group-BCE6487231AC changes role from CANDIDATE to LEADER at term 1 for changeToLeader
2019-06-13 12:04:02,530 INFO  impl.RaftServerImpl (ServerState.java:setLeader(263)) - cfa6ee40-d911-4f1c-9330-44c1c1a7e901:group-BCE6487231AC change Leader from null to cfa6ee40-d911-4f1c-9330-44c1c1a7e901 at term 1 for becomeLeader, leader elected after 1148ms
2019-06-13 12:04:02,530 INFO  server.RaftServerConfigKeys (ConfUtils.java:logGet(43)) - raft.server.staging.catchup.gap = 1000 (default)
2019-06-13 12:04:02,530 INFO  server.RaftServerConfigKeys (ConfUtils.java:logGet(43)) - raft.server.rpc.sleep.time = 25ms (default)
2019-06-13 12:04:02,530 INFO  server.RaftServerConfigKeys (ConfUtils.java:logGet(43)) - raft.server.watch.timeout = 10s (default)
2019-06-13 12:04:02,530 INFO  server.RaftServerConfigKeys (ConfUtils.java:logGet(43)) - raft.server.watch.timeout.denomination = 1s (default)
2019-06-13 12:04:02,532 INFO  server.RaftServerConfigKeys (ConfUtils.java:logGet(43)) - raft.server.log.appender.snapshot.chunk.size.max = 16MB (=16777216) (default)
2019-06-13 12:04:02,532 INFO  server.RaftServerConfigKeys (ConfUtils.java:logGet(43)) - raft.server.log.appender.buffer.byte-limit = 33554432 (custom)
2019-06-13 12:04:02,533 INFO  server.RaftServerConfigKeys (ConfUtils.java:logGet(43)) - raft.server.log.appender.buffer.element-limit = 1 (custom)
2019-06-13 12:04:02,537 INFO  grpc.GrpcConfigKeys$Server (ConfUtils.java:logGet(43)) - raft.grpc.server.leader.outstanding.appends.max = 128 (default)
2019-06-13 12:04:02,538 INFO  server.RaftServerConfigKeys (ConfUtils.java:logGet(43)) - raft.server.rpc.request.timeout = 3000ms (default)
2019-06-13 12:04:02,545 INFO  server.RaftServerConfigKeys (ConfUtils.java:logGet(43)) - raft.server.log.appender.install.snapshot.enabled = true (default)
2019-06-13 12:04:02,545 INFO  server.RaftServerConfigKeys (ConfUtils.java:logGet(43)) - raft.server.staging.catchup.gap = 1000 (default)
2019-06-13 12:04:02,547 INFO  server.RaftServerConfigKeys (ConfUtils.java:logGet(43)) - raft.server.rpc.sleep.time = 25ms (default)
2019-06-13 12:04:02,547 INFO  server.RaftServerConfigKeys (ConfUtils.java:logGet(43)) - raft.server.watch.timeout = 10s (default)
2019-06-13 12:04:02,547 INFO  server.RaftServerConfigKeys (ConfUtils.java:logGet(43)) - raft.server.watch.timeout.denomination = 1s (default)
2019-06-13 12:04:02,547 INFO  impl.RoleInfo (RoleInfo.java:updateAndGet(143)) - cfa6ee40-d911-4f1c-9330-44c1c1a7e901: start LeaderState
2019-06-13 12:04:02,548 INFO  storage.RaftLogWorker (RaftLogWorker.java:startLogSegment(298)) - cfa6ee40-d911-4f1c-9330-44c1c1a7e901-RaftLogWorker: Starting segment from index:0
2019-06-13 12:04:02,553 INFO  impl.RaftServerImpl (ServerState.java:setRaftConf(361)) - cfa6ee40-d911-4f1c-9330-44c1c1a7e901:group-186A2E842470 set configuration 0: [cfa6ee40-d911-4f1c-9330-44c1c1a7e901:192.168.46.58:39721], old=null at 0
2019-06-13 12:04:02,546 INFO  server.RaftServerConfigKeys (ConfUtils.java:logGet(43)) - raft.server.log.appender.snapshot.chunk.size.max = 16MB (=16777216) (default)
2019-06-13 12:04:02,567 INFO  server.RaftServerConfigKeys (ConfUtils.java:logGet(43)) - raft.server.log.appender.buffer.byte-limit = 33554432 (custom)
2019-06-13 12:04:02,567 INFO  server.RaftServerConfigKeys (ConfUtils.java:logGet(43)) - raft.server.log.appender.buffer.element-limit = 1 (custom)
2019-06-13 12:04:02,567 INFO  grpc.GrpcConfigKeys$Server (ConfUtils.java:logGet(43)) - raft.grpc.server.leader.outstanding.appends.max = 128 (default)
2019-06-13 12:04:02,567 INFO  server.RaftServerConfigKeys (ConfUtils.java:logGet(43)) - raft.server.rpc.request.timeout = 3000ms (default)
2019-06-13 12:04:02,567 INFO  server.RaftServerConfigKeys (ConfUtils.java:logGet(43)) - raft.server.log.appender.install.snapshot.enabled = true (default)
2019-06-13 12:04:02,567 INFO  impl.RoleInfo (RoleInfo.java:updateAndGet(143)) - cfa6ee40-d911-4f1c-9330-44c1c1a7e901: start LeaderState
2019-06-13 12:04:02,568 INFO  storage.RaftLogWorker (RaftLogWorker.java:startLogSegment(298)) - cfa6ee40-d911-4f1c-9330-44c1c1a7e901-RaftLogWorker: Starting segment from index:0
2019-06-13 12:04:02,614 INFO  storage.RaftLogWorker (RaftLogWorker.java:execute(469)) - cfa6ee40-d911-4f1c-9330-44c1c1a7e901-RaftLogWorker: created new log segment /opt/src/hadoop-ozone/integration-test/target/test-dir/MiniOzoneClusterImpl-116b67e6-721e-43d0-9aeb-aef0ab413853/datanode-5/data/ratis/55dac406-2a8a-4a18-96c5-186a2e842470/current/log_inprogress_0
2019-06-13 12:04:02,615 INFO  impl.RaftServerImpl (ServerState.java:setRaftConf(361)) - cfa6ee40-d911-4f1c-9330-44c1c1a7e901:group-BCE6487231AC set configuration 0: [cfa6ee40-d911-4f1c-9330-44c1c1a7e901:192.168.46.58:39721, 4385f424-31b1-428a-a0ea-2f137423452e:192.168.46.58:43947, 40e85715-f542-4fe4-a7e5-a8202a6d8f0e:192.168.46.58:38617], old=null at 0
2019-06-13 12:04:02,618 INFO  impl.RaftServerImpl (RaftServerImpl.java:requestVote(738)) - cfa6ee40-d911-4f1c-9330-44c1c1a7e901-LEADER: Withhold vote from candidate 4385f424-31b1-428a-a0ea-2f137423452e with term 1. State: leader=cfa6ee40-d911-4f1c-9330-44c1c1a7e901, term=1, lastRpcElapsed=null
2019-06-13 12:04:02,618 INFO  storage.RaftLogWorker (RaftLogWorker.java:execute(469)) - cfa6ee40-d911-4f1c-9330-44c1c1a7e901-RaftLogWorker: created new log segment /opt/src/hadoop-ozone/integration-test/target/test-dir/MiniOzoneClusterImpl-116b67e6-721e-43d0-9aeb-aef0ab413853/datanode-5/data/ratis/f1780b47-6fe6-43aa-ae34-bce6487231ac/current/log_inprogress_0
2019-06-13 12:04:02,622 INFO  impl.LeaderElection (LeaderElection.java:logAndReturn(56)) - 4385f424-31b1-428a-a0ea-2f137423452e:group-BCE6487231AC:LeaderElection10: Election REJECTED; received 2 response(s) [4385f424-31b1-428a-a0ea-2f137423452e->cfa6ee40-d911-4f1c-9330-44c1c1a7e901,false-t1, 4385f424-31b1-428a-a0ea-2f137423452e->40e85715-f542-4fe4-a7e5-a8202a6d8f0e,false-t1] and 0 exception(s); 4385f424-31b1-428a-a0ea-2f137423452e:t1, leader=null, voted=4385f424-31b1-428a-a0ea-2f137423452e, raftlog=4385f424-31b1-428a-a0ea-2f137423452e-SegmentedRaftLog:OPENED:c-1,f-1,i0, conf=-1: [cfa6ee40-d911-4f1c-9330-44c1c1a7e901:192.168.46.58:39721, 4385f424-31b1-428a-a0ea-2f137423452e:192.168.46.58:43947, 40e85715-f542-4fe4-a7e5-a8202a6d8f0e:192.168.46.58:38617], old=null
2019-06-13 12:04:02,622 INFO  impl.RaftServerImpl (RaftServerImpl.java:setRole(164)) - 4385f424-31b1-428a-a0ea-2f137423452e:group-BCE6487231AC changes role from CANDIDATE to FOLLOWER at term 1 for DISCOVERED_A_NEW_TERM
2019-06-13 12:04:02,622 INFO  impl.RoleInfo (RoleInfo.java:shutdownLeaderElection(134)) - 4385f424-31b1-428a-a0ea-2f137423452e: shutdown LeaderElection
2019-06-13 12:04:02,622 INFO  impl.RoleInfo (RoleInfo.java:updateAndGet(143)) - 4385f424-31b1-428a-a0ea-2f137423452e: start FollowerState
2019-06-13 12:04:02,635 INFO  impl.RaftServerImpl (ServerState.java:setLeader(263)) - 4385f424-31b1-428a-a0ea-2f137423452e:group-BCE6487231AC change Leader from null to cfa6ee40-d911-4f1c-9330-44c1c1a7e901 at term 1 for appendEntries, leader elected after 1255ms
2019-06-13 12:04:02,636 INFO  impl.RaftServerImpl (ServerState.java:setLeader(263)) - 40e85715-f542-4fe4-a7e5-a8202a6d8f0e:group-BCE6487231AC change Leader from null to cfa6ee40-d911-4f1c-9330-44c1c1a7e901 at term 1 for appendEntries, leader elected after 1248ms
2019-06-13 12:04:02,657 INFO  impl.RaftServerImpl (ServerState.java:setRaftConf(361)) - 4385f424-31b1-428a-a0ea-2f137423452e:group-BCE6487231AC set configuration 0: [cfa6ee40-d911-4f1c-9330-44c1c1a7e901:192.168.46.58:39721, 4385f424-31b1-428a-a0ea-2f137423452e:192.168.46.58:43947, 40e85715-f542-4fe4-a7e5-a8202a6d8f0e:192.168.46.58:38617], old=null at 0
2019-06-13 12:04:02,657 INFO  impl.RaftServerImpl (ServerState.java:setRaftConf(361)) - 40e85715-f542-4fe4-a7e5-a8202a6d8f0e:group-BCE6487231AC set configuration 0: [cfa6ee40-d911-4f1c-9330-44c1c1a7e901:192.168.46.58:39721, 4385f424-31b1-428a-a0ea-2f137423452e:192.168.46.58:43947, 40e85715-f542-4fe4-a7e5-a8202a6d8f0e:192.168.46.58:38617], old=null at 0
2019-06-13 12:04:02,658 INFO  storage.RaftLogWorker (RaftLogWorker.java:startLogSegment(298)) - 4385f424-31b1-428a-a0ea-2f137423452e-RaftLogWorker: Starting segment from index:0
2019-06-13 12:04:02,658 INFO  storage.RaftLogWorker (RaftLogWorker.java:startLogSegment(298)) - 40e85715-f542-4fe4-a7e5-a8202a6d8f0e-RaftLogWorker: Starting segment from index:0
2019-06-13 12:04:02,698 INFO  storage.RaftLogWorker (RaftLogWorker.java:execute(469)) - 4385f424-31b1-428a-a0ea-2f137423452e-RaftLogWorker: created new log segment /opt/src/hadoop-ozone/integration-test/target/test-dir/MiniOzoneClusterImpl-116b67e6-721e-43d0-9aeb-aef0ab413853/datanode-4/data/ratis/f1780b47-6fe6-43aa-ae34-bce6487231ac/current/log_inprogress_0
2019-06-13 12:04:02,707 INFO  storage.RaftLogWorker (RaftLogWorker.java:execute(469)) - 40e85715-f542-4fe4-a7e5-a8202a6d8f0e-RaftLogWorker: created new log segment /opt/src/hadoop-ozone/integration-test/target/test-dir/MiniOzoneClusterImpl-116b67e6-721e-43d0-9aeb-aef0ab413853/datanode-3/data/ratis/f1780b47-6fe6-43aa-ae34-bce6487231ac/current/log_inprogress_0
2019-06-13 12:04:02,725 INFO  impl.FollowerState (FollowerState.java:run(101)) - cbd040e8-332a-45ed-83fb-6eccf47c1134:group-07A75213DABF changes to CANDIDATE, lastRpcTime:1166, electionTimeout:1166ms
2019-06-13 12:04:02,725 INFO  impl.RoleInfo (RoleInfo.java:shutdownFollowerState(121)) - cbd040e8-332a-45ed-83fb-6eccf47c1134: shutdown FollowerState
2019-06-13 12:04:02,725 INFO  impl.RaftServerImpl (RaftServerImpl.java:setRole(164)) - cbd040e8-332a-45ed-83fb-6eccf47c1134:group-07A75213DABF changes role from FOLLOWER to CANDIDATE at term 0 for changeToCandidate
2019-06-13 12:04:02,725 INFO  impl.RoleInfo (RoleInfo.java:updateAndGet(143)) - cbd040e8-332a-45ed-83fb-6eccf47c1134: start LeaderElection
2019-06-13 12:04:02,731 INFO  impl.LeaderElection (LeaderElection.java:askForVotes(181)) - cbd040e8-332a-45ed-83fb-6eccf47c1134:group-07A75213DABF:LeaderElection12: begin an election at term 1 for -1: [cbd040e8-332a-45ed-83fb-6eccf47c1134:192.168.46.58:46883], old=null
2019-06-13 12:04:02,731 INFO  impl.RoleInfo (RoleInfo.java:shutdownLeaderElection(134)) - cbd040e8-332a-45ed-83fb-6eccf47c1134: shutdown LeaderElection
2019-06-13 12:04:02,732 INFO  impl.RaftServerImpl (RaftServerImpl.java:setRole(164)) - cbd040e8-332a-45ed-83fb-6eccf47c1134:group-07A75213DABF changes role from CANDIDATE to LEADER at term 1 for changeToLeader
2019-06-13 12:04:02,732 INFO  impl.RaftServerImpl (ServerState.java:setLeader(263)) - cbd040e8-332a-45ed-83fb-6eccf47c1134:group-07A75213DABF change Leader from null to cbd040e8-332a-45ed-83fb-6eccf47c1134 at term 1 for becomeLeader, leader elected after 1175ms
2019-06-13 12:04:02,733 INFO  server.RaftServerConfigKeys (ConfUtils.java:logGet(43)) - raft.server.staging.catchup.gap = 1000 (default)
2019-06-13 12:04:02,733 INFO  server.RaftServerConfigKeys (ConfUtils.java:logGet(43)) - raft.server.rpc.sleep.time = 25ms (default)
2019-06-13 12:04:02,733 INFO  server.RaftServerConfigKeys (ConfUtils.java:logGet(43)) - raft.server.watch.timeout = 10s (default)
2019-06-13 12:04:02,733 INFO  server.RaftServerConfigKeys (ConfUtils.java:logGet(43)) - raft.server.watch.timeout.denomination = 1s (default)
2019-06-13 12:04:02,733 INFO  impl.RoleInfo (RoleInfo.java:updateAndGet(143)) - cbd040e8-332a-45ed-83fb-6eccf47c1134: start LeaderState
2019-06-13 12:04:02,733 INFO  storage.RaftLogWorker (RaftLogWorker.java:startLogSegment(298)) - cbd040e8-332a-45ed-83fb-6eccf47c1134-RaftLogWorker: Starting segment from index:0
2019-06-13 12:04:02,734 INFO  impl.RaftServerImpl (ServerState.java:setRaftConf(361)) - cbd040e8-332a-45ed-83fb-6eccf47c1134:group-07A75213DABF set configuration 0: [cbd040e8-332a-45ed-83fb-6eccf47c1134:192.168.46.58:46883], old=null at 0
2019-06-13 12:04:02,770 INFO  storage.RaftLogWorker (RaftLogWorker.java:execute(469)) - cbd040e8-332a-45ed-83fb-6eccf47c1134-RaftLogWorker: created new log segment /opt/src/hadoop-ozone/integration-test/target/test-dir/MiniOzoneClusterImpl-116b67e6-721e-43d0-9aeb-aef0ab413853/datanode-6/data/ratis/f1ffeb69-68cf-4322-829f-07a75213dabf/current/log_inprogress_0
2019-06-13 12:04:03,312 INFO  impl.FollowerState (FollowerState.java:run(101)) - 6cef66d5-8cd3-44aa-be07-575ef65ad786:group-20B8C391EFEC changes to CANDIDATE, lastRpcTime:1003, electionTimeout:1000ms
2019-06-13 12:04:03,312 INFO  impl.RoleInfo (RoleInfo.java:shutdownFollowerState(121)) - 6cef66d5-8cd3-44aa-be07-575ef65ad786: shutdown FollowerState
2019-06-13 12:04:03,312 INFO  impl.RaftServerImpl (RaftServerImpl.java:setRole(164)) - 6cef66d5-8cd3-44aa-be07-575ef65ad786:group-20B8C391EFEC changes role from FOLLOWER to CANDIDATE at term 1 for changeToCandidate
2019-06-13 12:04:03,312 INFO  impl.RoleInfo (RoleInfo.java:updateAndGet(143)) - 6cef66d5-8cd3-44aa-be07-575ef65ad786: start LeaderElection
2019-06-13 12:04:03,321 INFO  impl.LeaderElection (LeaderElection.java:askForVotes(181)) - 6cef66d5-8cd3-44aa-be07-575ef65ad786:group-20B8C391EFEC:LeaderElection13: begin an election at term 2 for -1: [6cef66d5-8cd3-44aa-be07-575ef65ad786:192.168.46.58:41525, 859621b4-b51a-492c-ad6d-3244885c0c07:192.168.46.58:43419, 8cecba00-b083-47df-9f5a-b6be1e470733:192.168.46.58:34301], old=null
2019-06-13 12:04:03,326 INFO  impl.RaftServerImpl (RaftServerImpl.java:setRole(164)) - 8cecba00-b083-47df-9f5a-b6be1e470733:group-20B8C391EFEC changes role from FOLLOWER to FOLLOWER at term 2 for recognizeCandidate:6cef66d5-8cd3-44aa-be07-575ef65ad786
2019-06-13 12:04:03,326 INFO  impl.RoleInfo (RoleInfo.java:shutdownFollowerState(121)) - 8cecba00-b083-47df-9f5a-b6be1e470733: shutdown FollowerState
2019-06-13 12:04:03,327 INFO  impl.RoleInfo (RoleInfo.java:updateAndGet(143)) - 8cecba00-b083-47df-9f5a-b6be1e470733: start FollowerState
2019-06-13 12:04:03,327 INFO  impl.FollowerState (FollowerState.java:run(109)) - 8cecba00-b083-47df-9f5a-b6be1e470733: FollowerState was interrupted: java.lang.InterruptedException: sleep interrupted
2019-06-13 12:04:03,334 INFO  impl.RaftServerImpl (RaftServerImpl.java:setRole(164)) - 859621b4-b51a-492c-ad6d-3244885c0c07:group-20B8C391EFEC changes role from FOLLOWER to FOLLOWER at term 2 for recognizeCandidate:6cef66d5-8cd3-44aa-be07-575ef65ad786
2019-06-13 12:04:03,334 INFO  impl.RoleInfo (RoleInfo.java:shutdownFollowerState(121)) - 859621b4-b51a-492c-ad6d-3244885c0c07: shutdown FollowerState
2019-06-13 12:04:03,334 INFO  impl.RoleInfo (RoleInfo.java:updateAndGet(143)) - 859621b4-b51a-492c-ad6d-3244885c0c07: start FollowerState
2019-06-13 12:04:03,335 INFO  impl.FollowerState (FollowerState.java:run(109)) - 859621b4-b51a-492c-ad6d-3244885c0c07: FollowerState was interrupted: java.lang.InterruptedException: sleep interrupted
2019-06-13 12:04:03,340 INFO  impl.LeaderElection (LeaderElection.java:logAndReturn(56)) - 6cef66d5-8cd3-44aa-be07-575ef65ad786:group-20B8C391EFEC:LeaderElection13: Election PASSED; received 1 response(s) [6cef66d5-8cd3-44aa-be07-575ef65ad786->8cecba00-b083-47df-9f5a-b6be1e470733,true-t2] and 0 exception(s); 6cef66d5-8cd3-44aa-be07-575ef65ad786:t2, leader=null, voted=6cef66d5-8cd3-44aa-be07-575ef65ad786, raftlog=6cef66d5-8cd3-44aa-be07-575ef65ad786-SegmentedRaftLog:OPENED:c-1,f-1,i0, conf=-1: [6cef66d5-8cd3-44aa-be07-575ef65ad786:192.168.46.58:41525, 859621b4-b51a-492c-ad6d-3244885c0c07:192.168.46.58:43419, 8cecba00-b083-47df-9f5a-b6be1e470733:192.168.46.58:34301], old=null
2019-06-13 12:04:03,341 INFO  impl.RoleInfo (RoleInfo.java:shutdownLeaderElection(134)) - 6cef66d5-8cd3-44aa-be07-575ef65ad786: shutdown LeaderElection
2019-06-13 12:04:03,341 INFO  impl.RaftServerImpl (RaftServerImpl.java:setRole(164)) - 6cef66d5-8cd3-44aa-be07-575ef65ad786:group-20B8C391EFEC changes role from CANDIDATE to LEADER at term 2 for changeToLeader
2019-06-13 12:04:03,341 INFO  impl.RaftServerImpl (ServerState.java:setLeader(263)) - 6cef66d5-8cd3-44aa-be07-575ef65ad786:group-20B8C391EFEC change Leader from null to 6cef66d5-8cd3-44aa-be07-575ef65ad786 at term 2 for becomeLeader, leader elected after 2361ms
2019-06-13 12:04:03,342 INFO  server.RaftServerConfigKeys (ConfUtils.java:logGet(43)) - raft.server.staging.catchup.gap = 1000 (default)
2019-06-13 12:04:03,342 INFO  server.RaftServerConfigKeys (ConfUtils.java:logGet(43)) - raft.server.rpc.sleep.time = 25ms (default)
2019-06-13 12:04:03,342 INFO  server.RaftServerConfigKeys (ConfUtils.java:logGet(43)) - raft.server.watch.timeout = 10s (default)
2019-06-13 12:04:03,342 INFO  server.RaftServerConfigKeys (ConfUtils.java:logGet(43)) - raft.server.watch.timeout.denomination = 1s (default)
2019-06-13 12:04:03,342 INFO  server.RaftServerConfigKeys (ConfUtils.java:logGet(43)) - raft.server.log.appender.snapshot.chunk.size.max = 16MB (=16777216) (default)
2019-06-13 12:04:03,346 INFO  server.RaftServerConfigKeys (ConfUtils.java:logGet(43)) - raft.server.log.appender.buffer.byte-limit = 33554432 (custom)
2019-06-13 12:04:03,346 INFO  server.RaftServerConfigKeys (ConfUtils.java:logGet(43)) - raft.server.log.appender.buffer.element-limit = 1 (custom)
2019-06-13 12:04:03,347 INFO  grpc.GrpcConfigKeys$Server (ConfUtils.java:logGet(43)) - raft.grpc.server.leader.outstanding.appends.max = 128 (default)
2019-06-13 12:04:03,347 INFO  server.RaftServerConfigKeys (ConfUtils.java:logGet(43)) - raft.server.rpc.request.timeout = 3000ms (default)
2019-06-13 12:04:03,347 INFO  server.RaftServerConfigKeys (ConfUtils.java:logGet(43)) - raft.server.log.appender.install.snapshot.enabled = true (default)
2019-06-13 12:04:03,347 INFO  server.RaftServerConfigKeys (ConfUtils.java:logGet(43)) - raft.server.log.appender.snapshot.chunk.size.max = 16MB (=16777216) (default)
2019-06-13 12:04:03,347 INFO  server.RaftServerConfigKeys (ConfUtils.java:logGet(43)) - raft.server.log.appender.buffer.byte-limit = 33554432 (custom)
2019-06-13 12:04:03,347 INFO  server.RaftServerConfigKeys (ConfUtils.java:logGet(43)) - raft.server.log.appender.buffer.element-limit = 1 (custom)
2019-06-13 12:04:03,347 INFO  grpc.GrpcConfigKeys$Server (ConfUtils.java:logGet(43)) - raft.grpc.server.leader.outstanding.appends.max = 128 (default)
2019-06-13 12:04:03,347 INFO  server.RaftServerConfigKeys (ConfUtils.java:logGet(43)) - raft.server.rpc.request.timeout = 3000ms (default)
2019-06-13 12:04:03,347 INFO  server.RaftServerConfigKeys (ConfUtils.java:logGet(43)) - raft.server.log.appender.install.snapshot.enabled = true (default)
2019-06-13 12:04:03,347 INFO  impl.RoleInfo (RoleInfo.java:updateAndGet(143)) - 6cef66d5-8cd3-44aa-be07-575ef65ad786: start LeaderState
2019-06-13 12:04:03,348 INFO  storage.RaftLogWorker (RaftLogWorker.java:startLogSegment(298)) - 6cef66d5-8cd3-44aa-be07-575ef65ad786-RaftLogWorker: Starting segment from index:0
2019-06-13 12:04:03,354 INFO  impl.RaftServerImpl (ServerState.java:setLeader(263)) - 859621b4-b51a-492c-ad6d-3244885c0c07:group-20B8C391EFEC change Leader from null to 6cef66d5-8cd3-44aa-be07-575ef65ad786 at term 2 for appendEntries, leader elected after 2377ms
2019-06-13 12:04:03,357 INFO  impl.RaftServerImpl (ServerState.java:setRaftConf(361)) - 6cef66d5-8cd3-44aa-be07-575ef65ad786:group-20B8C391EFEC set configuration 0: [6cef66d5-8cd3-44aa-be07-575ef65ad786:192.168.46.58:41525, 859621b4-b51a-492c-ad6d-3244885c0c07:192.168.46.58:43419, 8cecba00-b083-47df-9f5a-b6be1e470733:192.168.46.58:34301], old=null at 0
2019-06-13 12:04:03,372 INFO  impl.RaftServerImpl (ServerState.java:setLeader(263)) - 8cecba00-b083-47df-9f5a-b6be1e470733:group-20B8C391EFEC change Leader from null to 6cef66d5-8cd3-44aa-be07-575ef65ad786 at term 2 for appendEntries, leader elected after 2398ms
2019-06-13 12:04:03,403 INFO  impl.RaftServerImpl (ServerState.java:setRaftConf(361)) - 859621b4-b51a-492c-ad6d-3244885c0c07:group-20B8C391EFEC set configuration 0: [6cef66d5-8cd3-44aa-be07-575ef65ad786:192.168.46.58:41525, 859621b4-b51a-492c-ad6d-3244885c0c07:192.168.46.58:43419, 8cecba00-b083-47df-9f5a-b6be1e470733:192.168.46.58:34301], old=null at 0
2019-06-13 12:04:03,403 INFO  storage.RaftLogWorker (RaftLogWorker.java:startLogSegment(298)) - 859621b4-b51a-492c-ad6d-3244885c0c07-RaftLogWorker: Starting segment from index:0
2019-06-13 12:04:03,405 INFO  impl.RaftServerImpl (ServerState.java:setRaftConf(361)) - 8cecba00-b083-47df-9f5a-b6be1e470733:group-20B8C391EFEC set configuration 0: [6cef66d5-8cd3-44aa-be07-575ef65ad786:192.168.46.58:41525, 859621b4-b51a-492c-ad6d-3244885c0c07:192.168.46.58:43419, 8cecba00-b083-47df-9f5a-b6be1e470733:192.168.46.58:34301], old=null at 0
2019-06-13 12:04:03,405 INFO  storage.RaftLogWorker (RaftLogWorker.java:startLogSegment(298)) - 8cecba00-b083-47df-9f5a-b6be1e470733-RaftLogWorker: Starting segment from index:0
2019-06-13 12:04:03,417 INFO  storage.RaftLogWorker (RaftLogWorker.java:execute(469)) - 6cef66d5-8cd3-44aa-be07-575ef65ad786-RaftLogWorker: created new log segment /opt/src/hadoop-ozone/integration-test/target/test-dir/MiniOzoneClusterImpl-116b67e6-721e-43d0-9aeb-aef0ab413853/datanode-0/data/ratis/65296e8a-15e3-4cd9-83ab-20b8c391efec/current/log_inprogress_0
2019-06-13 12:04:03,460 INFO  storage.RaftLogWorker (RaftLogWorker.java:execute(469)) - 859621b4-b51a-492c-ad6d-3244885c0c07-RaftLogWorker: created new log segment /opt/src/hadoop-ozone/integration-test/target/test-dir/MiniOzoneClusterImpl-116b67e6-721e-43d0-9aeb-aef0ab413853/datanode-2/data/ratis/65296e8a-15e3-4cd9-83ab-20b8c391efec/current/log_inprogress_0
2019-06-13 12:04:03,461 INFO  client.GrpcClientProtocolClient (GrpcClientProtocolClient.java:onNext(254)) - client-8ED239EB40DA->40e85715-f542-4fe4-a7e5-a8202a6d8f0e: receive RaftClientReply:client-8ED239EB40DA->40e85715-f542-4fe4-a7e5-a8202a6d8f0e@group-BCE6487231AC, cid=13, FAILED org.apache.ratis.protocol.NotLeaderException: Server 40e85715-f542-4fe4-a7e5-a8202a6d8f0e is not the leader (cfa6ee40-d911-4f1c-9330-44c1c1a7e901:192.168.46.58:39721). Request must be sent to leader., logIndex=0, commits[40e85715-f542-4fe4-a7e5-a8202a6d8f0e:c0, cfa6ee40-d911-4f1c-9330-44c1c1a7e901:c0, 4385f424-31b1-428a-a0ea-2f137423452e:c0]
2019-06-13 12:04:03,463 INFO  storage.RaftLogWorker (RaftLogWorker.java:execute(469)) - 8cecba00-b083-47df-9f5a-b6be1e470733-RaftLogWorker: created new log segment /opt/src/hadoop-ozone/integration-test/target/test-dir/MiniOzoneClusterImpl-116b67e6-721e-43d0-9aeb-aef0ab413853/datanode-1/data/ratis/65296e8a-15e3-4cd9-83ab-20b8c391efec/current/log_inprogress_0
2019-06-13 12:04:03,465 WARN  client.GrpcClientProtocolService (LogUtils.java:warn(134)) - 0-OrderedRequestStreamObserver0: onError: org.apache.ratis.thirdparty.io.grpc.StatusRuntimeException: CANCELLED: cancelled before receiving half close
2019-06-13 12:04:04,638 INFO  client.GrpcClientProtocolClient (GrpcClientProtocolClient.java:onNext(254)) - client-8ED239EB40DA->cfa6ee40-d911-4f1c-9330-44c1c1a7e901: receive RaftClientReply:client-8ED239EB40DA->cfa6ee40-d911-4f1c-9330-44c1c1a7e901@group-BCE6487231AC, cid=13, SUCCESS, logIndex=1, commits[cfa6ee40-d911-4f1c-9330-44c1c1a7e901:c2, 4385f424-31b1-428a-a0ea-2f137423452e:c0, 40e85715-f542-4fe4-a7e5-a8202a6d8f0e:c1]
2019-06-13 12:04:04,680 INFO  client.GrpcClientProtocolClient (GrpcClientProtocolClient.java:onNext(254)) - client-8ED239EB40DA->cfa6ee40-d911-4f1c-9330-44c1c1a7e901: receive RaftClientReply:client-8ED239EB40DA->cfa6ee40-d911-4f1c-9330-44c1c1a7e901@group-BCE6487231AC, cid=14, SUCCESS, logIndex=3, commits[cfa6ee40-d911-4f1c-9330-44c1c1a7e901:c3, 4385f424-31b1-428a-a0ea-2f137423452e:c2, 40e85715-f542-4fe4-a7e5-a8202a6d8f0e:c1]
2019-06-13 12:04:04,727 INFO  client.GrpcClientProtocolClient (GrpcClientProtocolClient.java:onNext(254)) - client-8ED239EB40DA->cfa6ee40-d911-4f1c-9330-44c1c1a7e901: receive RaftClientReply:client-8ED239EB40DA->cfa6ee40-d911-4f1c-9330-44c1c1a7e901@group-BCE6487231AC, cid=15, SUCCESS, logIndex=5, commits[cfa6ee40-d911-4f1c-9330-44c1c1a7e901:c11, 4385f424-31b1-428a-a0ea-2f137423452e:c7, 40e85715-f542-4fe4-a7e5-a8202a6d8f0e:c5]
2019-06-13 12:04:04,741 INFO  client.GrpcClientProtocolClient (GrpcClientProtocolClient.java:onNext(254)) - client-8ED239EB40DA->cfa6ee40-d911-4f1c-9330-44c1c1a7e901: receive RaftClientReply:client-8ED239EB40DA->cfa6ee40-d911-4f1c-9330-44c1c1a7e901@group-BCE6487231AC, cid=16, SUCCESS, logIndex=6, commits[cfa6ee40-d911-4f1c-9330-44c1c1a7e901:c12, 4385f424-31b1-428a-a0ea-2f137423452e:c7, 40e85715-f542-4fe4-a7e5-a8202a6d8f0e:c8]
2019-06-13 12:04:04,746 INFO  client.GrpcClientProtocolClient (GrpcClientProtocolClient.java:onNext(254)) - client-8ED239EB40DA->cfa6ee40-d911-4f1c-9330-44c1c1a7e901: receive RaftClientReply:client-8ED239EB40DA->cfa6ee40-d911-4f1c-9330-44c1c1a7e901@group-BCE6487231AC, cid=17, SUCCESS, logIndex=7, commits[cfa6ee40-d911-4f1c-9330-44c1c1a7e901:c12, 4385f424-31b1-428a-a0ea-2f137423452e:c8, 40e85715-f542-4fe4-a7e5-a8202a6d8f0e:c8]
2019-06-13 12:04:04,770 INFO  client.GrpcClientProtocolClient (GrpcClientProtocolClient.java:onNext(254)) - client-8ED239EB40DA->cfa6ee40-d911-4f1c-9330-44c1c1a7e901: receive RaftClientReply:client-8ED239EB40DA->cfa6ee40-d911-4f1c-9330-44c1c1a7e901@group-BCE6487231AC, cid=18, SUCCESS, logIndex=8, commits[cfa6ee40-d911-4f1c-9330-44c1c1a7e901:c12, 4385f424-31b1-428a-a0ea-2f137423452e:c8, 40e85715-f542-4fe4-a7e5-a8202a6d8f0e:c8]
2019-06-13 12:04:04,789 INFO  client.GrpcClientProtocolClient (GrpcClientProtocolClient.java:onNext(254)) - client-8ED239EB40DA->cfa6ee40-d911-4f1c-9330-44c1c1a7e901: receive RaftClientReply:client-8ED239EB40DA->cfa6ee40-d911-4f1c-9330-44c1c1a7e901@group-BCE6487231AC, cid=19, SUCCESS, logIndex=13, commits[cfa6ee40-d911-4f1c-9330-44c1c1a7e901:c14, 4385f424-31b1-428a-a0ea-2f137423452e:c13, 40e85715-f542-4fe4-a7e5-a8202a6d8f0e:c12]
2019-06-13 12:04:04,804 INFO  client.GrpcClientProtocolClient (GrpcClientProtocolClient.java:onNext(254)) - client-8ED239EB40DA->cfa6ee40-d911-4f1c-9330-44c1c1a7e901: receive RaftClientReply:client-8ED239EB40DA->cfa6ee40-d911-4f1c-9330-44c1c1a7e901@group-BCE6487231AC, cid=20, SUCCESS, logIndex=15, commits[cfa6ee40-d911-4f1c-9330-44c1c1a7e901:c15, 4385f424-31b1-428a-a0ea-2f137423452e:c14, 40e85715-f542-4fe4-a7e5-a8202a6d8f0e:c14]
2019-06-13 12:04:04,838 INFO  client.GrpcClientProtocolClient (GrpcClientProtocolClient.java:onNext(254)) - client-8ED239EB40DA->cfa6ee40-d911-4f1c-9330-44c1c1a7e901: receive RaftClientReply:client-8ED239EB40DA->cfa6ee40-d911-4f1c-9330-44c1c1a7e901@group-BCE6487231AC, cid=21, SUCCESS, logIndex=0, commits[cfa6ee40-d911-4f1c-9330-44c1c1a7e901:c16, 4385f424-31b1-428a-a0ea-2f137423452e:c15, 40e85715-f542-4fe4-a7e5-a8202a6d8f0e:c15]
2019-06-13 12:04:04,841 INFO  datanode.ObjectStoreHandler (ObjectStoreHandler.java:close(155)) - Closing ObjectStoreHandler.
2019-06-13 12:04:04,842 INFO  ozone.HddsDatanodeService (HddsDatanodeService.java:stop(452)) - Stopped plug-in org.apache.hadoop.ozone.web.OzoneHddsDatanodeService@159ac15f
2019-06-13 12:04:04,842 INFO  statemachine.DatanodeStateMachine (DatanodeStateMachine.java:lambda$startDaemon$0(350)) - Ozone container server started.
2019-06-13 12:04:04,843 INFO  ozoneimpl.OzoneContainer (OzoneContainer.java:stop(199)) - Attempting to stop container services.
2019-06-13 12:04:04,844 INFO  impl.RaftServerProxy (RaftServerProxy.java:lambda$close$4(314)) - cfa6ee40-d911-4f1c-9330-44c1c1a7e901: close
2019-06-13 12:04:04,845 INFO  impl.RaftServerImpl (RaftServerImpl.java:lambda$shutdown$3(238)) - cfa6ee40-d911-4f1c-9330-44c1c1a7e901: shutdown group-BCE6487231AC
2019-06-13 12:04:04,845 INFO  util.JmxRegister (JmxRegister.java:unregister(73)) - Successfully un-registered JMX Bean with object name Ratis:service=RaftServer,group=group-BCE6487231AC,id=cfa6ee40-d911-4f1c-9330-44c1c1a7e901
2019-06-13 12:04:04,845 INFO  impl.RoleInfo (RoleInfo.java:shutdownLeaderState(104)) - cfa6ee40-d911-4f1c-9330-44c1c1a7e901: shutdown LeaderState
2019-06-13 12:04:04,846 INFO  impl.PendingRequests (PendingRequests.java:sendNotLeaderResponses(140)) - cfa6ee40-d911-4f1c-9330-44c1c1a7e901-PendingRequests: sendNotLeaderResponses
2019-06-13 12:04:04,849 WARN  server.GrpcLogAppender (GrpcLogAppender.java:mayWait(142)) - GrpcLogAppender(cfa6ee40-d911-4f1c-9330-44c1c1a7e901 -> 40e85715-f542-4fe4-a7e5-a8202a6d8f0e): Wait interrupted by java.lang.InterruptedException
2019-06-13 12:04:04,850 INFO  impl.RaftServerImpl (RaftServerImpl.java:lambda$shutdown$3(238)) - cfa6ee40-d911-4f1c-9330-44c1c1a7e901: shutdown group-186A2E842470
2019-06-13 12:04:04,850 INFO  util.JmxRegister (JmxRegister.java:unregister(73)) - Successfully un-registered JMX Bean with object name Ratis:service=RaftServer,group=group-186A2E842470,id=cfa6ee40-d911-4f1c-9330-44c1c1a7e901
2019-06-13 12:04:04,850 INFO  impl.RoleInfo (RoleInfo.java:shutdownLeaderState(104)) - cfa6ee40-d911-4f1c-9330-44c1c1a7e901: shutdown LeaderState
2019-06-13 12:04:04,849 WARN  server.GrpcLogAppender (GrpcLogAppender.java:mayWait(142)) - GrpcLogAppender(cfa6ee40-d911-4f1c-9330-44c1c1a7e901 -> 4385f424-31b1-428a-a0ea-2f137423452e): Wait interrupted by java.lang.InterruptedException
2019-06-13 12:04:04,851 INFO  impl.PendingRequests (PendingRequests.java:sendNotLeaderResponses(140)) - cfa6ee40-d911-4f1c-9330-44c1c1a7e901-PendingRequests: sendNotLeaderResponses
2019-06-13 12:04:04,853 INFO  server.GrpcServerProtocolService (GrpcServerProtocolService.java:onCompleted(104)) - 40e85715-f542-4fe4-a7e5-a8202a6d8f0e: appendEntries completed
2019-06-13 12:04:04,857 INFO  server.GrpcServerProtocolService (GrpcServerProtocolService.java:onCompleted(104)) - 4385f424-31b1-428a-a0ea-2f137423452e: appendEntries completed
2019-06-13 12:04:04,860 INFO  server.GrpcLogAppender (GrpcLogAppender.java:onCompleted(277)) - cfa6ee40-d911-4f1c-9330-44c1c1a7e901: follower cfa6ee40-d911-4f1c-9330-44c1c1a7e901->4385f424-31b1-428a-a0ea-2f137423452e(c15,m16,n17, attendVote=true, lastRpcSendTime=60, lastRpcResponseTime=56) response Completed
2019-06-13 12:04:04,860 INFO  server.GrpcLogAppender (GrpcLogAppender.java:onCompleted(277)) - cfa6ee40-d911-4f1c-9330-44c1c1a7e901: follower cfa6ee40-d911-4f1c-9330-44c1c1a7e901->40e85715-f542-4fe4-a7e5-a8202a6d8f0e(c15,m16,n17, attendVote=true, lastRpcSendTime=60, lastRpcResponseTime=47) response Completed
2019-06-13 12:04:04,862 INFO  ratis.ContainerStateMachine (ContainerStateMachine.java:takeSnapshot(245)) - Taking snapshot at termIndex:(t:0, i:~)
2019-06-13 12:04:04,863 INFO  impl.StateMachineUpdater (StateMachineUpdater.java:stopAndJoin(109)) - StateMachineUpdater-cfa6ee40-d911-4f1c-9330-44c1c1a7e901-group-186A2E842470: set stopIndex = 0
2019-06-13 12:04:04,863 INFO  impl.RaftServerImpl (ServerState.java:close(394)) - cfa6ee40-d911-4f1c-9330-44c1c1a7e901:group-186A2E842470 closes. The last applied log index is 0
2019-06-13 12:04:04,863 INFO  ratis.ContainerStateMachine (ContainerStateMachine.java:takeSnapshot(245)) - Taking snapshot at termIndex:(t:1, i:15)
2019-06-13 12:04:04,863 INFO  storage.RaftLogWorker (RaftLogWorker.java:run(236)) - cfa6ee40-d911-4f1c-9330-44c1c1a7e901-RaftLogWorker was interrupted, exiting. There are 0 tasks remaining in the queue.
2019-06-13 12:04:04,864 INFO  ratis.ContainerStateMachine (ContainerStateMachine.java:takeSnapshot(249)) - Taking a snapshot to file /opt/src/hadoop-ozone/integration-test/target/test-dir/MiniOzoneClusterImpl-116b67e6-721e-43d0-9aeb-aef0ab413853/datanode-5/data/ratis/f1780b47-6fe6-43aa-ae34-bce6487231ac/sm/snapshot.1_15
2019-06-13 12:04:04,869 INFO  impl.StateMachineUpdater (StateMachineUpdater.java:stopAndJoin(109)) - StateMachineUpdater-cfa6ee40-d911-4f1c-9330-44c1c1a7e901-group-BCE6487231AC: set stopIndex = 16
2019-06-13 12:04:04,872 INFO  impl.RaftServerImpl (ServerState.java:close(394)) - cfa6ee40-d911-4f1c-9330-44c1c1a7e901:group-BCE6487231AC closes. The last applied log index is 16
2019-06-13 12:04:04,873 INFO  storage.RaftLogWorker (RaftLogWorker.java:run(236)) - cfa6ee40-d911-4f1c-9330-44c1c1a7e901-RaftLogWorker was interrupted, exiting. There are 0 tasks remaining in the queue.
2019-06-13 12:04:04,875 INFO  impl.FollowerInfo (FollowerInfo.java:lambda$new$0(50)) - cfa6ee40-d911-4f1c-9330-44c1c1a7e901->4385f424-31b1-428a-a0ea-2f137423452e: nextIndex: updateUnconditionally 17 -> 0
2019-06-13 12:04:04,878 INFO  impl.FollowerInfo (FollowerInfo.java:lambda$new$0(50)) - cfa6ee40-d911-4f1c-9330-44c1c1a7e901->40e85715-f542-4fe4-a7e5-a8202a6d8f0e: nextIndex: updateUnconditionally 17 -> -1
2019-06-13 12:04:04,882 INFO  storage.RaftLogWorker (RaftLogWorker.java:close(168)) - cfa6ee40-d911-4f1c-9330-44c1c1a7e901-RaftLogWorker close()
2019-06-13 12:04:04,884 INFO  storage.RaftLogWorker (RaftLogWorker.java:close(168)) - cfa6ee40-d911-4f1c-9330-44c1c1a7e901-RaftLogWorker close()
2019-06-13 12:04:04,888 INFO  server.GrpcService (GrpcService.java:closeImpl(154)) - cfa6ee40-d911-4f1c-9330-44c1c1a7e901: shutdown server with port 39721 now
2019-06-13 12:04:04,891 WARN  client.GrpcClientProtocolService (LogUtils.java:warn(134)) - 2-UnorderedRequestStreamObserver2: onError: org.apache.ratis.thirdparty.io.grpc.StatusRuntimeException: CANCELLED: cancelled before receiving half close
2019-06-13 12:04:04,895 INFO  server.GrpcService (GrpcService.java:closeImpl(162)) - cfa6ee40-d911-4f1c-9330-44c1c1a7e901: shutdown server with port 39721 successfully
2019-06-13 12:04:04,907 WARN  fs.CachingGetSpaceUsed (CachingGetSpaceUsed.java:run(183)) - Thread Interrupted waiting to refresh disk information: sleep interrupted
2019-06-13 12:04:04,917 INFO  statemachine.DatanodeStateMachine (DatanodeStateMachine.java:stopDaemon(395)) - Ozone container server stopped.
2019-06-13 12:04:04,920 INFO  handler.ContextHandler (ContextHandler.java:doStop(910)) - Stopped o.e.j.w.WebAppContext@70be89ec{/,null,UNAVAILABLE}{/hddsDatanode}
2019-06-13 12:04:04,924 INFO  server.AbstractConnector (AbstractConnector.java:doStop(318)) - Stopped ServerConnector@2aee0704{HTTP/1.1,[http/1.1]}{0.0.0.0:0}
2019-06-13 12:04:04,924 INFO  handler.ContextHandler (ContextHandler.java:doStop(910)) - Stopped o.e.j.s.ServletContextHandler@527937d0{/static,jar:file:/root/.m2/repository/org/apache/hadoop/hadoop-hdds-container-service/0.5.0-SNAPSHOT/hadoop-hdds-container-service-0.5.0-SNAPSHOT.jar!/webapps/static,UNAVAILABLE}
2019-06-13 12:04:04,925 INFO  handler.ContextHandler (ContextHandler.java:doStop(910)) - Stopped o.e.j.s.ServletContextHandler@6b063470{/logs,file:///opt/src/hadoop-ozone/integration-test/target/log,UNAVAILABLE}
2019-06-13 12:04:04,927 INFO  datanode.ObjectStoreHandler (ObjectStoreHandler.java:close(155)) - Closing ObjectStoreHandler.
2019-06-13 12:04:04,927 INFO  ozone.HddsDatanodeService (HddsDatanodeService.java:stop(452)) - Stopped plug-in org.apache.hadoop.ozone.web.OzoneHddsDatanodeService@6d69a0d3
2019-06-13 12:04:04,928 INFO  statemachine.DatanodeStateMachine (DatanodeStateMachine.java:lambda$startDaemon$0(350)) - Ozone container server started.
2019-06-13 12:04:04,928 INFO  ozoneimpl.OzoneContainer (OzoneContainer.java:stop(199)) - Attempting to stop container services.
2019-06-13 12:04:04,928 INFO  impl.RaftServerProxy (RaftServerProxy.java:lambda$close$4(314)) - 40e85715-f542-4fe4-a7e5-a8202a6d8f0e: close
2019-06-13 12:04:04,929 INFO  impl.RaftServerImpl (RaftServerImpl.java:lambda$shutdown$3(238)) - 40e85715-f542-4fe4-a7e5-a8202a6d8f0e: shutdown group-D77F64A1D32A
2019-06-13 12:04:04,929 INFO  util.JmxRegister (JmxRegister.java:unregister(73)) - Successfully un-registered JMX Bean with object name Ratis:service=RaftServer,group=group-D77F64A1D32A,id=40e85715-f542-4fe4-a7e5-a8202a6d8f0e
2019-06-13 12:04:04,929 INFO  impl.RoleInfo (RoleInfo.java:shutdownLeaderState(104)) - 40e85715-f542-4fe4-a7e5-a8202a6d8f0e: shutdown LeaderState
2019-06-13 12:04:04,930 INFO  impl.PendingRequests (PendingRequests.java:sendNotLeaderResponses(140)) - 40e85715-f542-4fe4-a7e5-a8202a6d8f0e-PendingRequests: sendNotLeaderResponses
2019-06-13 12:04:04,934 INFO  impl.StateMachineUpdater (StateMachineUpdater.java:stopAndJoin(109)) - StateMachineUpdater-40e85715-f542-4fe4-a7e5-a8202a6d8f0e-group-D77F64A1D32A: set stopIndex = 0
2019-06-13 12:04:04,934 INFO  ratis.ContainerStateMachine (ContainerStateMachine.java:takeSnapshot(245)) - Taking snapshot at termIndex:(t:0, i:~)
2019-06-13 12:04:04,934 INFO  impl.RaftServerImpl (ServerState.java:close(394)) - 40e85715-f542-4fe4-a7e5-a8202a6d8f0e:group-D77F64A1D32A closes. The last applied log index is 0
2019-06-13 12:04:04,935 INFO  storage.RaftLogWorker (RaftLogWorker.java:run(236)) - 40e85715-f542-4fe4-a7e5-a8202a6d8f0e-RaftLogWorker was interrupted, exiting. There are 0 tasks remaining in the queue.
2019-06-13 12:04:04,938 INFO  storage.RaftLogWorker (RaftLogWorker.java:close(168)) - 40e85715-f542-4fe4-a7e5-a8202a6d8f0e-RaftLogWorker close()
2019-06-13 12:04:04,942 INFO  impl.RaftServerImpl (RaftServerImpl.java:lambda$shutdown$3(238)) - 40e85715-f542-4fe4-a7e5-a8202a6d8f0e: shutdown group-BCE6487231AC
2019-06-13 12:04:04,942 INFO  util.JmxRegister (JmxRegister.java:unregister(73)) - Successfully un-registered JMX Bean with object name Ratis:service=RaftServer,group=group-BCE6487231AC,id=40e85715-f542-4fe4-a7e5-a8202a6d8f0e
2019-06-13 12:04:04,943 INFO  impl.RoleInfo (RoleInfo.java:shutdownFollowerState(121)) - 40e85715-f542-4fe4-a7e5-a8202a6d8f0e: shutdown FollowerState
2019-06-13 12:04:04,943 INFO  ratis.ContainerStateMachine (ContainerStateMachine.java:takeSnapshot(245)) - Taking snapshot at termIndex:(t:1, i:15)
2019-06-13 12:04:04,943 INFO  ratis.ContainerStateMachine (ContainerStateMachine.java:takeSnapshot(249)) - Taking a snapshot to file /opt/src/hadoop-ozone/integration-test/target/test-dir/MiniOzoneClusterImpl-116b67e6-721e-43d0-9aeb-aef0ab413853/datanode-3/data/ratis/f1780b47-6fe6-43aa-ae34-bce6487231ac/sm/snapshot.1_15
2019-06-13 12:04:04,944 INFO  impl.StateMachineUpdater (StateMachineUpdater.java:stopAndJoin(109)) - StateMachineUpdater-40e85715-f542-4fe4-a7e5-a8202a6d8f0e-group-BCE6487231AC: set stopIndex = 15
2019-06-13 12:04:04,944 INFO  impl.RaftServerImpl (ServerState.java:close(394)) - 40e85715-f542-4fe4-a7e5-a8202a6d8f0e:group-BCE6487231AC closes. The last applied log index is 15
2019-06-13 12:04:04,944 INFO  storage.RaftLogWorker (RaftLogWorker.java:run(236)) - 40e85715-f542-4fe4-a7e5-a8202a6d8f0e-RaftLogWorker was interrupted, exiting. There are 0 tasks remaining in the queue.
2019-06-13 12:04:04,948 INFO  storage.RaftLogWorker (RaftLogWorker.java:close(168)) - 40e85715-f542-4fe4-a7e5-a8202a6d8f0e-RaftLogWorker close()
2019-06-13 12:04:04,950 INFO  server.GrpcService (GrpcService.java:closeImpl(154)) - 40e85715-f542-4fe4-a7e5-a8202a6d8f0e: shutdown server with port 38617 now
2019-06-13 12:04:04,951 INFO  server.GrpcService (GrpcService.java:closeImpl(162)) - 40e85715-f542-4fe4-a7e5-a8202a6d8f0e: shutdown server with port 38617 successfully
2019-06-13 12:04:04,952 INFO  impl.FollowerState (FollowerState.java:run(109)) - 40e85715-f542-4fe4-a7e5-a8202a6d8f0e: FollowerState was interrupted: java.lang.InterruptedException: sleep interrupted
2019-06-13 12:04:04,955 WARN  fs.CachingGetSpaceUsed (CachingGetSpaceUsed.java:run(183)) - Thread Interrupted waiting to refresh disk information: sleep interrupted
2019-06-13 12:04:04,967 INFO  statemachine.DatanodeStateMachine (DatanodeStateMachine.java:stopDaemon(395)) - Ozone container server stopped.
2019-06-13 12:04:04,968 INFO  handler.ContextHandler (ContextHandler.java:doStop(910)) - Stopped o.e.j.w.WebAppContext@e91af20{/,null,UNAVAILABLE}{/hddsDatanode}
2019-06-13 12:04:04,968 INFO  server.AbstractConnector (AbstractConnector.java:doStop(318)) - Stopped ServerConnector@6221b13b{HTTP/1.1,[http/1.1]}{0.0.0.0:0}
2019-06-13 12:04:04,968 INFO  handler.ContextHandler (ContextHandler.java:doStop(910)) - Stopped o.e.j.s.ServletContextHandler@739831a4{/static,jar:file:/root/.m2/repository/org/apache/hadoop/hadoop-hdds-container-service/0.5.0-SNAPSHOT/hadoop-hdds-container-service-0.5.0-SNAPSHOT.jar!/webapps/static,UNAVAILABLE}
2019-06-13 12:04:04,969 INFO  handler.ContextHandler (ContextHandler.java:doStop(910)) - Stopped o.e.j.s.ServletContextHandler@3830f918{/logs,file:///opt/src/hadoop-ozone/integration-test/target/log,UNAVAILABLE}
2019-06-13 12:04:06,001 INFO  impl.FollowerState (FollowerState.java:run(101)) - 4385f424-31b1-428a-a0ea-2f137423452e:group-BCE6487231AC changes to CANDIDATE, lastRpcTime:1198, electionTimeout:1166ms
2019-06-13 12:04:06,001 INFO  impl.RoleInfo (RoleInfo.java:shutdownFollowerState(121)) - 4385f424-31b1-428a-a0ea-2f137423452e: shutdown FollowerState
2019-06-13 12:04:06,002 INFO  impl.RaftServerImpl (RaftServerImpl.java:setRole(164)) - 4385f424-31b1-428a-a0ea-2f137423452e:group-BCE6487231AC changes role from FOLLOWER to CANDIDATE at term 1 for changeToCandidate
2019-06-13 12:04:06,002 INFO  impl.RoleInfo (RoleInfo.java:updateAndGet(143)) - 4385f424-31b1-428a-a0ea-2f137423452e: start LeaderElection
2019-06-13 12:04:06,003 INFO  impl.RaftServerImpl (ServerState.java:setLeader(263)) - 4385f424-31b1-428a-a0ea-2f137423452e:group-BCE6487231AC change Leader from cfa6ee40-d911-4f1c-9330-44c1c1a7e901 to null at term 1 for initElection
2019-06-13 12:04:06,004 INFO  client.GrpcClientProtocolClient (GrpcClientProtocolClient.java:onNext(254)) - client-8ED239EB40DA->4385f424-31b1-428a-a0ea-2f137423452e: receive RaftClientReply:client-8ED239EB40DA->4385f424-31b1-428a-a0ea-2f137423452e@group-BCE6487231AC, cid=22, FAILED org.apache.ratis.protocol.NotLeaderException: Server 4385f424-31b1-428a-a0ea-2f137423452e is not the leader (cfa6ee40-d911-4f1c-9330-44c1c1a7e901:192.168.46.58:39721). Request must be sent to leader., logIndex=0, commits[4385f424-31b1-428a-a0ea-2f137423452e:c15, cfa6ee40-d911-4f1c-9330-44c1c1a7e901:c15, 40e85715-f542-4fe4-a7e5-a8202a6d8f0e:c13]
2019-06-13 12:04:06,007 WARN  client.GrpcClientProtocolService (LogUtils.java:warn(134)) - 0-OrderedRequestStreamObserver0: onError: org.apache.ratis.thirdparty.io.grpc.StatusRuntimeException: CANCELLED: cancelled before receiving half close
2019-06-13 12:04:06,012 INFO  impl.LeaderElection (LeaderElection.java:askForVotes(181)) - 4385f424-31b1-428a-a0ea-2f137423452e:group-BCE6487231AC:LeaderElection14: begin an election at term 2 for 0: [cfa6ee40-d911-4f1c-9330-44c1c1a7e901:192.168.46.58:39721, 4385f424-31b1-428a-a0ea-2f137423452e:192.168.46.58:43947, 40e85715-f542-4fe4-a7e5-a8202a6d8f0e:192.168.46.58:38617], old=null
2019-06-13 12:04:06,018 INFO  impl.LeaderElection (LogUtils.java:infoOrTrace(149)) - 4385f424-31b1-428a-a0ea-2f137423452e:group-BCE6487231AC:LeaderElection14 got exception when requesting votes: {}
java.util.concurrent.ExecutionException: org.apache.ratis.thirdparty.io.grpc.StatusRuntimeException: UNAVAILABLE: io exception
	at java.util.concurrent.FutureTask.report(FutureTask.java:122)
	at java.util.concurrent.FutureTask.get(FutureTask.java:192)
	at org.apache.ratis.server.impl.LeaderElection.waitForResults(LeaderElection.java:262)
	at org.apache.ratis.server.impl.LeaderElection.askForVotes(LeaderElection.java:200)
	at org.apache.ratis.server.impl.LeaderElection.run(LeaderElection.java:130)
	at java.lang.Thread.run(Thread.java:748)
Caused by: org.apache.ratis.thirdparty.io.grpc.StatusRuntimeException: UNAVAILABLE: io exception
	at org.apache.ratis.thirdparty.io.grpc.stub.ClientCalls.toStatusRuntimeException(ClientCalls.java:233)
	at org.apache.ratis.thirdparty.io.grpc.stub.ClientCalls.getUnchecked(ClientCalls.java:214)
	at org.apache.ratis.thirdparty.io.grpc.stub.ClientCalls.blockingUnaryCall(ClientCalls.java:139)
	at org.apache.ratis.proto.grpc.RaftServerProtocolServiceGrpc$RaftServerProtocolServiceBlockingStub.requestVote(RaftServerProtocolServiceGrpc.java:265)
	at org.apache.ratis.grpc.server.GrpcServerProtocolClient.requestVote(GrpcServerProtocolClient.java:83)
	at org.apache.ratis.grpc.server.GrpcService.requestVote(GrpcService.java:194)
	at org.apache.ratis.server.impl.LeaderElection.lambda$submitRequests$1(LeaderElection.java:237)
	at java.util.concurrent.FutureTask.run(FutureTask.java:266)
	at java.util.concurrent.Executors$RunnableAdapter.call(Executors.java:511)
	at java.util.concurrent.FutureTask.run(FutureTask.java:266)
	at java.util.concurrent.ThreadPoolExecutor.runWorker(ThreadPoolExecutor.java:1149)
	at java.util.concurrent.ThreadPoolExecutor$Worker.run(ThreadPoolExecutor.java:624)
	... 1 more
Caused by: org.apache.ratis.thirdparty.io.netty.channel.AbstractChannel$AnnotatedConnectException: Connection refused: /192.168.46.58:38617
	at sun.nio.ch.SocketChannelImpl.checkConnect(Native Method)
	at sun.nio.ch.SocketChannelImpl.finishConnect(SocketChannelImpl.java:717)
	at org.apache.ratis.thirdparty.io.netty.channel.socket.nio.NioSocketChannel.doFinishConnect(NioSocketChannel.java:327)
	at org.apache.ratis.thirdparty.io.netty.channel.nio.AbstractNioChannel$AbstractNioUnsafe.finishConnect(AbstractNioChannel.java:340)
	at org.apache.ratis.thirdparty.io.netty.channel.nio.NioEventLoop.processSelectedKey(NioEventLoop.java:632)
	at org.apache.ratis.thirdparty.io.netty.channel.nio.NioEventLoop.processSelectedKeysOptimized(NioEventLoop.java:579)
	at org.apache.ratis.thirdparty.io.netty.channel.nio.NioEventLoop.processSelectedKeys(NioEventLoop.java:496)
	at org.apache.ratis.thirdparty.io.netty.channel.nio.NioEventLoop.run(NioEventLoop.java:458)
	at org.apache.ratis.thirdparty.io.netty.util.concurrent.SingleThreadEventExecutor$5.run(SingleThreadEventExecutor.java:897)
	at org.apache.ratis.thirdparty.io.netty.util.concurrent.FastThreadLocalRunnable.run(FastThreadLocalRunnable.java:30)
	... 1 more
Caused by: java.net.ConnectException: Connection refused
	... 11 more
2019-06-13 12:04:06,020 INFO  impl.LeaderElection (LogUtils.java:infoOrTrace(149)) - 4385f424-31b1-428a-a0ea-2f137423452e:group-BCE6487231AC:LeaderElection14 got exception when requesting votes: {}
java.util.concurrent.ExecutionException: org.apache.ratis.thirdparty.io.grpc.StatusRuntimeException: UNAVAILABLE: io exception
	at java.util.concurrent.FutureTask.report(FutureTask.java:122)
	at java.util.concurrent.FutureTask.get(FutureTask.java:192)
	at org.apache.ratis.server.impl.LeaderElection.waitForResults(LeaderElection.java:262)
	at org.apache.ratis.server.impl.LeaderElection.askForVotes(LeaderElection.java:200)
	at org.apache.ratis.server.impl.LeaderElection.run(LeaderElection.java:130)
	at java.lang.Thread.run(Thread.java:748)
Caused by: org.apache.ratis.thirdparty.io.grpc.StatusRuntimeException: UNAVAILABLE: io exception
	at org.apache.ratis.thirdparty.io.grpc.stub.ClientCalls.toStatusRuntimeException(ClientCalls.java:233)
	at org.apache.ratis.thirdparty.io.grpc.stub.ClientCalls.getUnchecked(ClientCalls.java:214)
	at org.apache.ratis.thirdparty.io.grpc.stub.ClientCalls.blockingUnaryCall(ClientCalls.java:139)
	at org.apache.ratis.proto.grpc.RaftServerProtocolServiceGrpc$RaftServerProtocolServiceBlockingStub.requestVote(RaftServerProtocolServiceGrpc.java:265)
	at org.apache.ratis.grpc.server.GrpcServerProtocolClient.requestVote(GrpcServerProtocolClient.java:83)
	at org.apache.ratis.grpc.server.GrpcService.requestVote(GrpcService.java:194)
	at org.apache.ratis.server.impl.LeaderElection.lambda$submitRequests$1(LeaderElection.java:237)
	at java.util.concurrent.FutureTask.run(FutureTask.java:266)
	at java.util.concurrent.Executors$RunnableAdapter.call(Executors.java:511)
	at java.util.concurrent.FutureTask.run(FutureTask.java:266)
	at java.util.concurrent.ThreadPoolExecutor.runWorker(ThreadPoolExecutor.java:1149)
	at java.util.concurrent.ThreadPoolExecutor$Worker.run(ThreadPoolExecutor.java:624)
	... 1 more
Caused by: org.apache.ratis.thirdparty.io.netty.channel.AbstractChannel$AnnotatedConnectException: Connection refused: /192.168.46.58:39721
	at sun.nio.ch.SocketChannelImpl.checkConnect(Native Method)
	at sun.nio.ch.SocketChannelImpl.finishConnect(SocketChannelImpl.java:717)
	at org.apache.ratis.thirdparty.io.netty.channel.socket.nio.NioSocketChannel.doFinishConnect(NioSocketChannel.java:327)
	at org.apache.ratis.thirdparty.io.netty.channel.nio.AbstractNioChannel$AbstractNioUnsafe.finishConnect(AbstractNioChannel.java:340)
	at org.apache.ratis.thirdparty.io.netty.channel.nio.NioEventLoop.processSelectedKey(NioEventLoop.java:632)
	at org.apache.ratis.thirdparty.io.netty.channel.nio.NioEventLoop.processSelectedKeysOptimized(NioEventLoop.java:579)
	at org.apache.ratis.thirdparty.io.netty.channel.nio.NioEventLoop.processSelectedKeys(NioEventLoop.java:496)
	at org.apache.ratis.thirdparty.io.netty.channel.nio.NioEventLoop.run(NioEventLoop.java:458)
	at org.apache.ratis.thirdparty.io.netty.util.concurrent.SingleThreadEventExecutor$5.run(SingleThreadEventExecutor.java:897)
	at org.apache.ratis.thirdparty.io.netty.util.concurrent.FastThreadLocalRunnable.run(FastThreadLocalRunnable.java:30)
	... 1 more
Caused by: java.net.ConnectException: Connection refused
	... 11 more
2019-06-13 12:04:06,022 INFO  impl.LeaderElection (LeaderElection.java:logAndReturn(56)) - 4385f424-31b1-428a-a0ea-2f137423452e:group-BCE6487231AC:LeaderElection14: Election REJECTED; received 0 response(s) [] and 2 exception(s); 4385f424-31b1-428a-a0ea-2f137423452e:t2, leader=null, voted=4385f424-31b1-428a-a0ea-2f137423452e, raftlog=4385f424-31b1-428a-a0ea-2f137423452e-SegmentedRaftLog:OPENED:c15,f16,i16, conf=0: [cfa6ee40-d911-4f1c-9330-44c1c1a7e901:192.168.46.58:39721, 4385f424-31b1-428a-a0ea-2f137423452e:192.168.46.58:43947, 40e85715-f542-4fe4-a7e5-a8202a6d8f0e:192.168.46.58:38617], old=null
2019-06-13 12:04:06,022 INFO  impl.LeaderElection (LogUtils.java:infoOrTrace(149)) -   Exception 0: {}
java.util.concurrent.ExecutionException: org.apache.ratis.thirdparty.io.grpc.StatusRuntimeException: UNAVAILABLE: io exception
	at java.util.concurrent.FutureTask.report(FutureTask.java:122)
	at java.util.concurrent.FutureTask.get(FutureTask.java:192)
	at org.apache.ratis.server.impl.LeaderElection.waitForResults(LeaderElection.java:262)
	at org.apache.ratis.server.impl.LeaderElection.askForVotes(LeaderElection.java:200)
	at org.apache.ratis.server.impl.LeaderElection.run(LeaderElection.java:130)
	at java.lang.Thread.run(Thread.java:748)
Caused by: org.apache.ratis.thirdparty.io.grpc.StatusRuntimeException: UNAVAILABLE: io exception
	at org.apache.ratis.thirdparty.io.grpc.stub.ClientCalls.toStatusRuntimeException(ClientCalls.java:233)
	at org.apache.ratis.thirdparty.io.grpc.stub.ClientCalls.getUnchecked(ClientCalls.java:214)
	at org.apache.ratis.thirdparty.io.grpc.stub.ClientCalls.blockingUnaryCall(ClientCalls.java:139)
	at org.apache.ratis.proto.grpc.RaftServerProtocolServiceGrpc$RaftServerProtocolServiceBlockingStub.requestVote(RaftServerProtocolServiceGrpc.java:265)
	at org.apache.ratis.grpc.server.GrpcServerProtocolClient.requestVote(GrpcServerProtocolClient.java:83)
	at org.apache.ratis.grpc.server.GrpcService.requestVote(GrpcService.java:194)
	at org.apache.ratis.server.impl.LeaderElection.lambda$submitRequests$1(LeaderElection.java:237)
	at java.util.concurrent.FutureTask.run(FutureTask.java:266)
	at java.util.concurrent.Executors$RunnableAdapter.call(Executors.java:511)
	at java.util.concurrent.FutureTask.run(FutureTask.java:266)
	at java.util.concurrent.ThreadPoolExecutor.runWorker(ThreadPoolExecutor.java:1149)
	at java.util.concurrent.ThreadPoolExecutor$Worker.run(ThreadPoolExecutor.java:624)
	... 1 more
Caused by: org.apache.ratis.thirdparty.io.netty.channel.AbstractChannel$AnnotatedConnectException: Connection refused: /192.168.46.58:38617
	at sun.nio.ch.SocketChannelImpl.checkConnect(Native Method)
	at sun.nio.ch.SocketChannelImpl.finishConnect(SocketChannelImpl.java:717)
	at org.apache.ratis.thirdparty.io.netty.channel.socket.nio.NioSocketChannel.doFinishConnect(NioSocketChannel.java:327)
	at org.apache.ratis.thirdparty.io.netty.channel.nio.AbstractNioChannel$AbstractNioUnsafe.finishConnect(AbstractNioChannel.java:340)
	at org.apache.ratis.thirdparty.io.netty.channel.nio.NioEventLoop.processSelectedKey(NioEventLoop.java:632)
	at org.apache.ratis.thirdparty.io.netty.channel.nio.NioEventLoop.processSelectedKeysOptimized(NioEventLoop.java:579)
	at org.apache.ratis.thirdparty.io.netty.channel.nio.NioEventLoop.processSelectedKeys(NioEventLoop.java:496)
	at org.apache.ratis.thirdparty.io.netty.channel.nio.NioEventLoop.run(NioEventLoop.java:458)
	at org.apache.ratis.thirdparty.io.netty.util.concurrent.SingleThreadEventExecutor$5.run(SingleThreadEventExecutor.java:897)
	at org.apache.ratis.thirdparty.io.netty.util.concurrent.FastThreadLocalRunnable.run(FastThreadLocalRunnable.java:30)
	... 1 more
Caused by: java.net.ConnectException: Connection refused
	... 11 more
2019-06-13 12:04:06,022 INFO  impl.LeaderElection (LogUtils.java:infoOrTrace(149)) -   Exception 1: {}
java.util.concurrent.ExecutionException: org.apache.ratis.thirdparty.io.grpc.StatusRuntimeException: UNAVAILABLE: io exception
	at java.util.concurrent.FutureTask.report(FutureTask.java:122)
	at java.util.concurrent.FutureTask.get(FutureTask.java:192)
	at org.apache.ratis.server.impl.LeaderElection.waitForResults(LeaderElection.java:262)
	at org.apache.ratis.server.impl.LeaderElection.askForVotes(LeaderElection.java:200)
	at org.apache.ratis.server.impl.LeaderElection.run(LeaderElection.java:130)
	at java.lang.Thread.run(Thread.java:748)
Caused by: org.apache.ratis.thirdparty.io.grpc.StatusRuntimeException: UNAVAILABLE: io exception
	at org.apache.ratis.thirdparty.io.grpc.stub.ClientCalls.toStatusRuntimeException(ClientCalls.java:233)
	at org.apache.ratis.thirdparty.io.grpc.stub.ClientCalls.getUnchecked(ClientCalls.java:214)
	at org.apache.ratis.thirdparty.io.grpc.stub.ClientCalls.blockingUnaryCall(ClientCalls.java:139)
	at org.apache.ratis.proto.grpc.RaftServerProtocolServiceGrpc$RaftServerProtocolServiceBlockingStub.requestVote(RaftServerProtocolServiceGrpc.java:265)
	at org.apache.ratis.grpc.server.GrpcServerProtocolClient.requestVote(GrpcServerProtocolClient.java:83)
	at org.apache.ratis.grpc.server.GrpcService.requestVote(GrpcService.java:194)
	at org.apache.ratis.server.impl.LeaderElection.lambda$submitRequests$1(LeaderElection.java:237)
	at java.util.concurrent.FutureTask.run(FutureTask.java:266)
	at java.util.concurrent.Executors$RunnableAdapter.call(Executors.java:511)
	at java.util.concurrent.FutureTask.run(FutureTask.java:266)
	at java.util.concurrent.ThreadPoolExecutor.runWorker(ThreadPoolExecutor.java:1149)
	at java.util.concurrent.ThreadPoolExecutor$Worker.run(ThreadPoolExecutor.java:624)
	... 1 more
Caused by: org.apache.ratis.thirdparty.io.netty.channel.AbstractChannel$AnnotatedConnectException: Connection refused: /192.168.46.58:39721
	at sun.nio.ch.SocketChannelImpl.checkConnect(Native Method)
	at sun.nio.ch.SocketChannelImpl.finishConnect(SocketChannelImpl.java:717)
	at org.apache.ratis.thirdparty.io.netty.channel.socket.nio.NioSocketChannel.doFinishConnect(NioSocketChannel.java:327)
	at org.apache.ratis.thirdparty.io.netty.channel.nio.AbstractNioChannel$AbstractNioUnsafe.finishConnect(AbstractNioChannel.java:340)
	at org.apache.ratis.thirdparty.io.netty.channel.nio.NioEventLoop.processSelectedKey(NioEventLoop.java:632)
	at org.apache.ratis.thirdparty.io.netty.channel.nio.NioEventLoop.processSelectedKeysOptimized(NioEventLoop.java:579)
	at org.apache.ratis.thirdparty.io.netty.channel.nio.NioEventLoop.processSelectedKeys(NioEventLoop.java:496)
	at org.apache.ratis.thirdparty.io.netty.channel.nio.NioEventLoop.run(NioEventLoop.java:458)
	at org.apache.ratis.thirdparty.io.netty.util.concurrent.SingleThreadEventExecutor$5.run(SingleThreadEventExecutor.java:897)
	at org.apache.ratis.thirdparty.io.netty.util.concurrent.FastThreadLocalRunnable.run(FastThreadLocalRunnable.java:30)
	... 1 more
Caused by: java.net.ConnectException: Connection refused
	... 11 more
2019-06-13 12:04:06,023 INFO  impl.RaftServerImpl (RaftServerImpl.java:setRole(164)) - 4385f424-31b1-428a-a0ea-2f137423452e:group-BCE6487231AC changes role from CANDIDATE to FOLLOWER at term 2 for DISCOVERED_A_NEW_TERM
2019-06-13 12:04:06,024 INFO  impl.RoleInfo (RoleInfo.java:shutdownLeaderElection(134)) - 4385f424-31b1-428a-a0ea-2f137423452e: shutdown LeaderElection
2019-06-13 12:04:06,024 INFO  impl.RoleInfo (RoleInfo.java:updateAndGet(143)) - 4385f424-31b1-428a-a0ea-2f137423452e: start FollowerState
2019-06-13 12:04:07,081 INFO  impl.FollowerState (FollowerState.java:run(101)) - 4385f424-31b1-428a-a0ea-2f137423452e:group-BCE6487231AC changes to CANDIDATE, lastRpcTime:1056, electionTimeout:1051ms
2019-06-13 12:04:07,082 INFO  impl.RoleInfo (RoleInfo.java:shutdownFollowerState(121)) - 4385f424-31b1-428a-a0ea-2f137423452e: shutdown FollowerState
2019-06-13 12:04:07,082 INFO  impl.RaftServerImpl (RaftServerImpl.java:setRole(164)) - 4385f424-31b1-428a-a0ea-2f137423452e:group-BCE6487231AC changes role from FOLLOWER to CANDIDATE at term 2 for changeToCandidate
2019-06-13 12:04:07,082 INFO  impl.RoleInfo (RoleInfo.java:updateAndGet(143)) - 4385f424-31b1-428a-a0ea-2f137423452e: start LeaderElection
2019-06-13 12:04:07,088 INFO  impl.LeaderElection (LeaderElection.java:askForVotes(181)) - 4385f424-31b1-428a-a0ea-2f137423452e:group-BCE6487231AC:LeaderElection15: begin an election at term 3 for 0: [cfa6ee40-d911-4f1c-9330-44c1c1a7e901:192.168.46.58:39721, 4385f424-31b1-428a-a0ea-2f137423452e:192.168.46.58:43947, 40e85715-f542-4fe4-a7e5-a8202a6d8f0e:192.168.46.58:38617], old=null
2019-06-13 12:04:07,089 INFO  impl.LeaderElection (LogUtils.java:infoOrTrace(149)) - 4385f424-31b1-428a-a0ea-2f137423452e:group-BCE6487231AC:LeaderElection15 got exception when requesting votes: {}
java.util.concurrent.ExecutionException: org.apache.ratis.thirdparty.io.grpc.StatusRuntimeException: UNAVAILABLE: io exception
	at java.util.concurrent.FutureTask.report(FutureTask.java:122)
	at java.util.concurrent.FutureTask.get(FutureTask.java:192)
	at org.apache.ratis.server.impl.LeaderElection.waitForResults(LeaderElection.java:262)
	at org.apache.ratis.server.impl.LeaderElection.askForVotes(LeaderElection.java:200)
	at org.apache.ratis.server.impl.LeaderElection.run(LeaderElection.java:130)
	at java.lang.Thread.run(Thread.java:748)
Caused by: org.apache.ratis.thirdparty.io.grpc.StatusRuntimeException: UNAVAILABLE: io exception
	at org.apache.ratis.thirdparty.io.grpc.stub.ClientCalls.toStatusRuntimeException(ClientCalls.java:233)
	at org.apache.ratis.thirdparty.io.grpc.stub.ClientCalls.getUnchecked(ClientCalls.java:214)
	at org.apache.ratis.thirdparty.io.grpc.stub.ClientCalls.blockingUnaryCall(ClientCalls.java:139)
	at org.apache.ratis.proto.grpc.RaftServerProtocolServiceGrpc$RaftServerProtocolServiceBlockingStub.requestVote(RaftServerProtocolServiceGrpc.java:265)
	at org.apache.ratis.grpc.server.GrpcServerProtocolClient.requestVote(GrpcServerProtocolClient.java:83)
	at org.apache.ratis.grpc.server.GrpcService.requestVote(GrpcService.java:194)
	at org.apache.ratis.server.impl.LeaderElection.lambda$submitRequests$1(LeaderElection.java:237)
	at java.util.concurrent.FutureTask.run(FutureTask.java:266)
	at java.util.concurrent.Executors$RunnableAdapter.call(Executors.java:511)
	at java.util.concurrent.FutureTask.run(FutureTask.java:266)
	at java.util.concurrent.ThreadPoolExecutor.runWorker(ThreadPoolExecutor.java:1149)
	at java.util.concurrent.ThreadPoolExecutor$Worker.run(ThreadPoolExecutor.java:624)
	... 1 more
Caused by: org.apache.ratis.thirdparty.io.netty.channel.AbstractChannel$AnnotatedConnectException: Connection refused: /192.168.46.58:39721
	at sun.nio.ch.SocketChannelImpl.checkConnect(Native Method)
	at sun.nio.ch.SocketChannelImpl.finishConnect(SocketChannelImpl.java:717)
	at org.apache.ratis.thirdparty.io.netty.channel.socket.nio.NioSocketChannel.doFinishConnect(NioSocketChannel.java:327)
	at org.apache.ratis.thirdparty.io.netty.channel.nio.AbstractNioChannel$AbstractNioUnsafe.finishConnect(AbstractNioChannel.java:340)
	at org.apache.ratis.thirdparty.io.netty.channel.nio.NioEventLoop.processSelectedKey(NioEventLoop.java:632)
	at org.apache.ratis.thirdparty.io.netty.channel.nio.NioEventLoop.processSelectedKeysOptimized(NioEventLoop.java:579)
	at org.apache.ratis.thirdparty.io.netty.channel.nio.NioEventLoop.processSelectedKeys(NioEventLoop.java:496)
	at org.apache.ratis.thirdparty.io.netty.channel.nio.NioEventLoop.run(NioEventLoop.java:458)
	at org.apache.ratis.thirdparty.io.netty.util.concurrent.SingleThreadEventExecutor$5.run(SingleThreadEventExecutor.java:897)
	at org.apache.ratis.thirdparty.io.netty.util.concurrent.FastThreadLocalRunnable.run(FastThreadLocalRunnable.java:30)
	... 1 more
Caused by: java.net.ConnectException: Connection refused
	... 11 more
2019-06-13 12:04:07,093 INFO  impl.LeaderElection (LogUtils.java:infoOrTrace(149)) - 4385f424-31b1-428a-a0ea-2f137423452e:group-BCE6487231AC:LeaderElection15 got exception when requesting votes: {}
java.util.concurrent.ExecutionException: org.apache.ratis.thirdparty.io.grpc.StatusRuntimeException: UNAVAILABLE: io exception
	at java.util.concurrent.FutureTask.report(FutureTask.java:122)
	at java.util.concurrent.FutureTask.get(FutureTask.java:192)
	at org.apache.ratis.server.impl.LeaderElection.waitForResults(LeaderElection.java:262)
	at org.apache.ratis.server.impl.LeaderElection.askForVotes(LeaderElection.java:200)
	at org.apache.ratis.server.impl.LeaderElection.run(LeaderElection.java:130)
	at java.lang.Thread.run(Thread.java:748)
Caused by: org.apache.ratis.thirdparty.io.grpc.StatusRuntimeException: UNAVAILABLE: io exception
	at org.apache.ratis.thirdparty.io.grpc.stub.ClientCalls.toStatusRuntimeException(ClientCalls.java:233)
	at org.apache.ratis.thirdparty.io.grpc.stub.ClientCalls.getUnchecked(ClientCalls.java:214)
	at org.apache.ratis.thirdparty.io.grpc.stub.ClientCalls.blockingUnaryCall(ClientCalls.java:139)
	at org.apache.ratis.proto.grpc.RaftServerProtocolServiceGrpc$RaftServerProtocolServiceBlockingStub.requestVote(RaftServerProtocolServiceGrpc.java:265)
	at org.apache.ratis.grpc.server.GrpcServerProtocolClient.requestVote(GrpcServerProtocolClient.java:83)
	at org.apache.ratis.grpc.server.GrpcService.requestVote(GrpcService.java:194)
	at org.apache.ratis.server.impl.LeaderElection.lambda$submitRequests$1(LeaderElection.java:237)
	at java.util.concurrent.FutureTask.run(FutureTask.java:266)
	at java.util.concurrent.Executors$RunnableAdapter.call(Executors.java:511)
	at java.util.concurrent.FutureTask.run(FutureTask.java:266)
	at java.util.concurrent.ThreadPoolExecutor.runWorker(ThreadPoolExecutor.java:1149)
	at java.util.concurrent.ThreadPoolExecutor$Worker.run(ThreadPoolExecutor.java:624)
	... 1 more
Caused by: org.apache.ratis.thirdparty.io.netty.channel.AbstractChannel$AnnotatedConnectException: Connection refused: /192.168.46.58:38617
	at sun.nio.ch.SocketChannelImpl.checkConnect(Native Method)
	at sun.nio.ch.SocketChannelImpl.finishConnect(SocketChannelImpl.java:717)
	at org.apache.ratis.thirdparty.io.netty.channel.socket.nio.NioSocketChannel.doFinishConnect(NioSocketChannel.java:327)
	at org.apache.ratis.thirdparty.io.netty.channel.nio.AbstractNioChannel$AbstractNioUnsafe.finishConnect(AbstractNioChannel.java:340)
	at org.apache.ratis.thirdparty.io.netty.channel.nio.NioEventLoop.processSelectedKey(NioEventLoop.java:632)
	at org.apache.ratis.thirdparty.io.netty.channel.nio.NioEventLoop.processSelectedKeysOptimized(NioEventLoop.java:579)
	at org.apache.ratis.thirdparty.io.netty.channel.nio.NioEventLoop.processSelectedKeys(NioEventLoop.java:496)
	at org.apache.ratis.thirdparty.io.netty.channel.nio.NioEventLoop.run(NioEventLoop.java:458)
	at org.apache.ratis.thirdparty.io.netty.util.concurrent.SingleThreadEventExecutor$5.run(SingleThreadEventExecutor.java:897)
	at org.apache.ratis.thirdparty.io.netty.util.concurrent.FastThreadLocalRunnable.run(FastThreadLocalRunnable.java:30)
	... 1 more
Caused by: java.net.ConnectException: Connection refused
	... 11 more
2019-06-13 12:04:07,094 INFO  impl.LeaderElection (LeaderElection.java:logAndReturn(56)) - 4385f424-31b1-428a-a0ea-2f137423452e:group-BCE6487231AC:LeaderElection15: Election REJECTED; received 0 response(s) [] and 2 exception(s); 4385f424-31b1-428a-a0ea-2f137423452e:t3, leader=null, voted=4385f424-31b1-428a-a0ea-2f137423452e, raftlog=4385f424-31b1-428a-a0ea-2f137423452e-SegmentedRaftLog:OPENED:c15,f16,i16, conf=0: [cfa6ee40-d911-4f1c-9330-44c1c1a7e901:192.168.46.58:39721, 4385f424-31b1-428a-a0ea-2f137423452e:192.168.46.58:43947, 40e85715-f542-4fe4-a7e5-a8202a6d8f0e:192.168.46.58:38617], old=null
2019-06-13 12:04:07,094 INFO  impl.LeaderElection (LogUtils.java:infoOrTrace(149)) -   Exception 0: {}
java.util.concurrent.ExecutionException: org.apache.ratis.thirdparty.io.grpc.StatusRuntimeException: UNAVAILABLE: io exception
	at java.util.concurrent.FutureTask.report(FutureTask.java:122)
	at java.util.concurrent.FutureTask.get(FutureTask.java:192)
	at org.apache.ratis.server.impl.LeaderElection.waitForResults(LeaderElection.java:262)
	at org.apache.ratis.server.impl.LeaderElection.askForVotes(LeaderElection.java:200)
	at org.apache.ratis.server.impl.LeaderElection.run(LeaderElection.java:130)
	at java.lang.Thread.run(Thread.java:748)
Caused by: org.apache.ratis.thirdparty.io.grpc.StatusRuntimeException: UNAVAILABLE: io exception
	at org.apache.ratis.thirdparty.io.grpc.stub.ClientCalls.toStatusRuntimeException(ClientCalls.java:233)
	at org.apache.ratis.thirdparty.io.grpc.stub.ClientCalls.getUnchecked(ClientCalls.java:214)
	at org.apache.ratis.thirdparty.io.grpc.stub.ClientCalls.blockingUnaryCall(ClientCalls.java:139)
	at org.apache.ratis.proto.grpc.RaftServerProtocolServiceGrpc$RaftServerProtocolServiceBlockingStub.requestVote(RaftServerProtocolServiceGrpc.java:265)
	at org.apache.ratis.grpc.server.GrpcServerProtocolClient.requestVote(GrpcServerProtocolClient.java:83)
	at org.apache.ratis.grpc.server.GrpcService.requestVote(GrpcService.java:194)
	at org.apache.ratis.server.impl.LeaderElection.lambda$submitRequests$1(LeaderElection.java:237)
	at java.util.concurrent.FutureTask.run(FutureTask.java:266)
	at java.util.concurrent.Executors$RunnableAdapter.call(Executors.java:511)
	at java.util.concurrent.FutureTask.run(FutureTask.java:266)
	at java.util.concurrent.ThreadPoolExecutor.runWorker(ThreadPoolExecutor.java:1149)
	at java.util.concurrent.ThreadPoolExecutor$Worker.run(ThreadPoolExecutor.java:624)
	... 1 more
Caused by: org.apache.ratis.thirdparty.io.netty.channel.AbstractChannel$AnnotatedConnectException: Connection refused: /192.168.46.58:39721
	at sun.nio.ch.SocketChannelImpl.checkConnect(Native Method)
	at sun.nio.ch.SocketChannelImpl.finishConnect(SocketChannelImpl.java:717)
	at org.apache.ratis.thirdparty.io.netty.channel.socket.nio.NioSocketChannel.doFinishConnect(NioSocketChannel.java:327)
	at org.apache.ratis.thirdparty.io.netty.channel.nio.AbstractNioChannel$AbstractNioUnsafe.finishConnect(AbstractNioChannel.java:340)
	at org.apache.ratis.thirdparty.io.netty.channel.nio.NioEventLoop.processSelectedKey(NioEventLoop.java:632)
	at org.apache.ratis.thirdparty.io.netty.channel.nio.NioEventLoop.processSelectedKeysOptimized(NioEventLoop.java:579)
	at org.apache.ratis.thirdparty.io.netty.channel.nio.NioEventLoop.processSelectedKeys(NioEventLoop.java:496)
	at org.apache.ratis.thirdparty.io.netty.channel.nio.NioEventLoop.run(NioEventLoop.java:458)
	at org.apache.ratis.thirdparty.io.netty.util.concurrent.SingleThreadEventExecutor$5.run(SingleThreadEventExecutor.java:897)
	at org.apache.ratis.thirdparty.io.netty.util.concurrent.FastThreadLocalRunnable.run(FastThreadLocalRunnable.java:30)
	... 1 more
Caused by: java.net.ConnectException: Connection refused
	... 11 more
2019-06-13 12:04:07,095 INFO  impl.LeaderElection (LogUtils.java:infoOrTrace(149)) -   Exception 1: {}
java.util.concurrent.ExecutionException: org.apache.ratis.thirdparty.io.grpc.StatusRuntimeException: UNAVAILABLE: io exception
	at java.util.concurrent.FutureTask.report(FutureTask.java:122)
	at java.util.concurrent.FutureTask.get(FutureTask.java:192)
	at org.apache.ratis.server.impl.LeaderElection.waitForResults(LeaderElection.java:262)
	at org.apache.ratis.server.impl.LeaderElection.askForVotes(LeaderElection.java:200)
	at org.apache.ratis.server.impl.LeaderElection.run(LeaderElection.java:130)
	at java.lang.Thread.run(Thread.java:748)
Caused by: org.apache.ratis.thirdparty.io.grpc.StatusRuntimeException: UNAVAILABLE: io exception
	at org.apache.ratis.thirdparty.io.grpc.stub.ClientCalls.toStatusRuntimeException(ClientCalls.java:233)
	at org.apache.ratis.thirdparty.io.grpc.stub.ClientCalls.getUnchecked(ClientCalls.java:214)
	at org.apache.ratis.thirdparty.io.grpc.stub.ClientCalls.blockingUnaryCall(ClientCalls.java:139)
	at org.apache.ratis.proto.grpc.RaftServerProtocolServiceGrpc$RaftServerProtocolServiceBlockingStub.requestVote(RaftServerProtocolServiceGrpc.java:265)
	at org.apache.ratis.grpc.server.GrpcServerProtocolClient.requestVote(GrpcServerProtocolClient.java:83)
	at org.apache.ratis.grpc.server.GrpcService.requestVote(GrpcService.java:194)
	at org.apache.ratis.server.impl.LeaderElection.lambda$submitRequests$1(LeaderElection.java:237)
	at java.util.concurrent.FutureTask.run(FutureTask.java:266)
	at java.util.concurrent.Executors$RunnableAdapter.call(Executors.java:511)
	at java.util.concurrent.FutureTask.run(FutureTask.java:266)
	at java.util.concurrent.ThreadPoolExecutor.runWorker(ThreadPoolExecutor.java:1149)
	at java.util.concurrent.ThreadPoolExecutor$Worker.run(ThreadPoolExecutor.java:624)
	... 1 more
Caused by: org.apache.ratis.thirdparty.io.netty.channel.AbstractChannel$AnnotatedConnectException: Connection refused: /192.168.46.58:38617
	at sun.nio.ch.SocketChannelImpl.checkConnect(Native Method)
	at sun.nio.ch.SocketChannelImpl.finishConnect(SocketChannelImpl.java:717)
	at org.apache.ratis.thirdparty.io.netty.channel.socket.nio.NioSocketChannel.doFinishConnect(NioSocketChannel.java:327)
	at org.apache.ratis.thirdparty.io.netty.channel.nio.AbstractNioChannel$AbstractNioUnsafe.finishConnect(AbstractNioChannel.java:340)
	at org.apache.ratis.thirdparty.io.netty.channel.nio.NioEventLoop.processSelectedKey(NioEventLoop.java:632)
	at org.apache.ratis.thirdparty.io.netty.channel.nio.NioEventLoop.processSelectedKeysOptimized(NioEventLoop.java:579)
	at org.apache.ratis.thirdparty.io.netty.channel.nio.NioEventLoop.processSelectedKeys(NioEventLoop.java:496)
	at org.apache.ratis.thirdparty.io.netty.channel.nio.NioEventLoop.run(NioEventLoop.java:458)
	at org.apache.ratis.thirdparty.io.netty.util.concurrent.SingleThreadEventExecutor$5.run(SingleThreadEventExecutor.java:897)
	at org.apache.ratis.thirdparty.io.netty.util.concurrent.FastThreadLocalRunnable.run(FastThreadLocalRunnable.java:30)
	... 1 more
Caused by: java.net.ConnectException: Connection refused
	... 11 more
2019-06-13 12:04:07,096 INFO  impl.RaftServerImpl (RaftServerImpl.java:setRole(164)) - 4385f424-31b1-428a-a0ea-2f137423452e:group-BCE6487231AC changes role from CANDIDATE to FOLLOWER at term 3 for DISCOVERED_A_NEW_TERM
2019-06-13 12:04:07,098 INFO  impl.RoleInfo (RoleInfo.java:shutdownLeaderElection(134)) - 4385f424-31b1-428a-a0ea-2f137423452e: shutdown LeaderElection
2019-06-13 12:04:07,098 INFO  impl.RoleInfo (RoleInfo.java:updateAndGet(143)) - 4385f424-31b1-428a-a0ea-2f137423452e: start FollowerState
2019-06-13 12:04:08,101 INFO  impl.FollowerState (FollowerState.java:run(101)) - 4385f424-31b1-428a-a0ea-2f137423452e:group-BCE6487231AC changes to CANDIDATE, lastRpcTime:1003, electionTimeout:1000ms
2019-06-13 12:04:08,103 INFO  impl.RoleInfo (RoleInfo.java:shutdownFollowerState(121)) - 4385f424-31b1-428a-a0ea-2f137423452e: shutdown FollowerState
2019-06-13 12:04:08,103 INFO  impl.RaftServerImpl (RaftServerImpl.java:setRole(164)) - 4385f424-31b1-428a-a0ea-2f137423452e:group-BCE6487231AC changes role from FOLLOWER to CANDIDATE at term 3 for changeToCandidate
2019-06-13 12:04:08,103 INFO  impl.RoleInfo (RoleInfo.java:updateAndGet(143)) - 4385f424-31b1-428a-a0ea-2f137423452e: start LeaderElection
2019-06-13 12:04:08,113 INFO  impl.LeaderElection (LeaderElection.java:askForVotes(181)) - 4385f424-31b1-428a-a0ea-2f137423452e:group-BCE6487231AC:LeaderElection16: begin an election at term 4 for 0: [cfa6ee40-d911-4f1c-9330-44c1c1a7e901:192.168.46.58:39721, 4385f424-31b1-428a-a0ea-2f137423452e:192.168.46.58:43947, 40e85715-f542-4fe4-a7e5-a8202a6d8f0e:192.168.46.58:38617], old=null
2019-06-13 12:04:08,114 INFO  impl.LeaderElection (LogUtils.java:infoOrTrace(149)) - 4385f424-31b1-428a-a0ea-2f137423452e:group-BCE6487231AC:LeaderElection16 got exception when requesting votes: {}
java.util.concurrent.ExecutionException: org.apache.ratis.thirdparty.io.grpc.StatusRuntimeException: UNAVAILABLE: io exception
	at java.util.concurrent.FutureTask.report(FutureTask.java:122)
	at java.util.concurrent.FutureTask.get(FutureTask.java:192)
	at org.apache.ratis.server.impl.LeaderElection.waitForResults(LeaderElection.java:262)
	at org.apache.ratis.server.impl.LeaderElection.askForVotes(LeaderElection.java:200)
	at org.apache.ratis.server.impl.LeaderElection.run(LeaderElection.java:130)
	at java.lang.Thread.run(Thread.java:748)
Caused by: org.apache.ratis.thirdparty.io.grpc.StatusRuntimeException: UNAVAILABLE: io exception
	at org.apache.ratis.thirdparty.io.grpc.stub.ClientCalls.toStatusRuntimeException(ClientCalls.java:233)
	at org.apache.ratis.thirdparty.io.grpc.stub.ClientCalls.getUnchecked(ClientCalls.java:214)
	at org.apache.ratis.thirdparty.io.grpc.stub.ClientCalls.blockingUnaryCall(ClientCalls.java:139)
	at org.apache.ratis.proto.grpc.RaftServerProtocolServiceGrpc$RaftServerProtocolServiceBlockingStub.requestVote(RaftServerProtocolServiceGrpc.java:265)
	at org.apache.ratis.grpc.server.GrpcServerProtocolClient.requestVote(GrpcServerProtocolClient.java:83)
	at org.apache.ratis.grpc.server.GrpcService.requestVote(GrpcService.java:194)
	at org.apache.ratis.server.impl.LeaderElection.lambda$submitRequests$1(LeaderElection.java:237)
	at java.util.concurrent.FutureTask.run(FutureTask.java:266)
	at java.util.concurrent.Executors$RunnableAdapter.call(Executors.java:511)
	at java.util.concurrent.FutureTask.run(FutureTask.java:266)
	at java.util.concurrent.ThreadPoolExecutor.runWorker(ThreadPoolExecutor.java:1149)
	at java.util.concurrent.ThreadPoolExecutor$Worker.run(ThreadPoolExecutor.java:624)
	... 1 more
Caused by: org.apache.ratis.thirdparty.io.netty.channel.AbstractChannel$AnnotatedConnectException: Connection refused: /192.168.46.58:38617
	at sun.nio.ch.SocketChannelImpl.checkConnect(Native Method)
	at sun.nio.ch.SocketChannelImpl.finishConnect(SocketChannelImpl.java:717)
	at org.apache.ratis.thirdparty.io.netty.channel.socket.nio.NioSocketChannel.doFinishConnect(NioSocketChannel.java:327)
	at org.apache.ratis.thirdparty.io.netty.channel.nio.AbstractNioChannel$AbstractNioUnsafe.finishConnect(AbstractNioChannel.java:340)
	at org.apache.ratis.thirdparty.io.netty.channel.nio.NioEventLoop.processSelectedKey(NioEventLoop.java:632)
	at org.apache.ratis.thirdparty.io.netty.channel.nio.NioEventLoop.processSelectedKeysOptimized(NioEventLoop.java:579)
	at org.apache.ratis.thirdparty.io.netty.channel.nio.NioEventLoop.processSelectedKeys(NioEventLoop.java:496)
	at org.apache.ratis.thirdparty.io.netty.channel.nio.NioEventLoop.run(NioEventLoop.java:458)
	at org.apache.ratis.thirdparty.io.netty.util.concurrent.SingleThreadEventExecutor$5.run(SingleThreadEventExecutor.java:897)
	at org.apache.ratis.thirdparty.io.netty.util.concurrent.FastThreadLocalRunnable.run(FastThreadLocalRunnable.java:30)
	... 1 more
Caused by: java.net.ConnectException: Connection refused
	... 11 more
2019-06-13 12:04:08,115 INFO  impl.LeaderElection (LogUtils.java:infoOrTrace(149)) - 4385f424-31b1-428a-a0ea-2f137423452e:group-BCE6487231AC:LeaderElection16 got exception when requesting votes: {}
java.util.concurrent.ExecutionException: org.apache.ratis.thirdparty.io.grpc.StatusRuntimeException: UNAVAILABLE: io exception
	at java.util.concurrent.FutureTask.report(FutureTask.java:122)
	at java.util.concurrent.FutureTask.get(FutureTask.java:192)
	at org.apache.ratis.server.impl.LeaderElection.waitForResults(LeaderElection.java:262)
	at org.apache.ratis.server.impl.LeaderElection.askForVotes(LeaderElection.java:200)
	at org.apache.ratis.server.impl.LeaderElection.run(LeaderElection.java:130)
	at java.lang.Thread.run(Thread.java:748)
Caused by: org.apache.ratis.thirdparty.io.grpc.StatusRuntimeException: UNAVAILABLE: io exception
	at org.apache.ratis.thirdparty.io.grpc.stub.ClientCalls.toStatusRuntimeException(ClientCalls.java:233)
	at org.apache.ratis.thirdparty.io.grpc.stub.ClientCalls.getUnchecked(ClientCalls.java:214)
	at org.apache.ratis.thirdparty.io.grpc.stub.ClientCalls.blockingUnaryCall(ClientCalls.java:139)
	at org.apache.ratis.proto.grpc.RaftServerProtocolServiceGrpc$RaftServerProtocolServiceBlockingStub.requestVote(RaftServerProtocolServiceGrpc.java:265)
	at org.apache.ratis.grpc.server.GrpcServerProtocolClient.requestVote(GrpcServerProtocolClient.java:83)
	at org.apache.ratis.grpc.server.GrpcService.requestVote(GrpcService.java:194)
	at org.apache.ratis.server.impl.LeaderElection.lambda$submitRequests$1(LeaderElection.java:237)
	at java.util.concurrent.FutureTask.run(FutureTask.java:266)
	at java.util.concurrent.Executors$RunnableAdapter.call(Executors.java:511)
	at java.util.concurrent.FutureTask.run(FutureTask.java:266)
	at java.util.concurrent.ThreadPoolExecutor.runWorker(ThreadPoolExecutor.java:1149)
	at java.util.concurrent.ThreadPoolExecutor$Worker.run(ThreadPoolExecutor.java:624)
	... 1 more
Caused by: org.apache.ratis.thirdparty.io.netty.channel.AbstractChannel$AnnotatedConnectException: Connection refused: /192.168.46.58:39721
	at sun.nio.ch.SocketChannelImpl.checkConnect(Native Method)
	at sun.nio.ch.SocketChannelImpl.finishConnect(SocketChannelImpl.java:717)
	at org.apache.ratis.thirdparty.io.netty.channel.socket.nio.NioSocketChannel.doFinishConnect(NioSocketChannel.java:327)
	at org.apache.ratis.thirdparty.io.netty.channel.nio.AbstractNioChannel$AbstractNioUnsafe.finishConnect(AbstractNioChannel.java:340)
	at org.apache.ratis.thirdparty.io.netty.channel.nio.NioEventLoop.processSelectedKey(NioEventLoop.java:632)
	at org.apache.ratis.thirdparty.io.netty.channel.nio.NioEventLoop.processSelectedKeysOptimized(NioEventLoop.java:579)
	at org.apache.ratis.thirdparty.io.netty.channel.nio.NioEventLoop.processSelectedKeys(NioEventLoop.java:496)
	at org.apache.ratis.thirdparty.io.netty.channel.nio.NioEventLoop.run(NioEventLoop.java:458)
	at org.apache.ratis.thirdparty.io.netty.util.concurrent.SingleThreadEventExecutor$5.run(SingleThreadEventExecutor.java:897)
	at org.apache.ratis.thirdparty.io.netty.util.concurrent.FastThreadLocalRunnable.run(FastThreadLocalRunnable.java:30)
	... 1 more
Caused by: java.net.ConnectException: Connection refused
	... 11 more
2019-06-13 12:04:08,117 INFO  impl.LeaderElection (LeaderElection.java:logAndReturn(56)) - 4385f424-31b1-428a-a0ea-2f137423452e:group-BCE6487231AC:LeaderElection16: Election REJECTED; received 0 response(s) [] and 2 exception(s); 4385f424-31b1-428a-a0ea-2f137423452e:t4, leader=null, voted=4385f424-31b1-428a-a0ea-2f137423452e, raftlog=4385f424-31b1-428a-a0ea-2f137423452e-SegmentedRaftLog:OPENED:c15,f16,i16, conf=0: [cfa6ee40-d911-4f1c-9330-44c1c1a7e901:192.168.46.58:39721, 4385f424-31b1-428a-a0ea-2f137423452e:192.168.46.58:43947, 40e85715-f542-4fe4-a7e5-a8202a6d8f0e:192.168.46.58:38617], old=null
2019-06-13 12:04:08,117 INFO  impl.LeaderElection (LogUtils.java:infoOrTrace(149)) -   Exception 0: {}
java.util.concurrent.ExecutionException: org.apache.ratis.thirdparty.io.grpc.StatusRuntimeException: UNAVAILABLE: io exception
	at java.util.concurrent.FutureTask.report(FutureTask.java:122)
	at java.util.concurrent.FutureTask.get(FutureTask.java:192)
	at org.apache.ratis.server.impl.LeaderElection.waitForResults(LeaderElection.java:262)
	at org.apache.ratis.server.impl.LeaderElection.askForVotes(LeaderElection.java:200)
	at org.apache.ratis.server.impl.LeaderElection.run(LeaderElection.java:130)
	at java.lang.Thread.run(Thread.java:748)
Caused by: org.apache.ratis.thirdparty.io.grpc.StatusRuntimeException: UNAVAILABLE: io exception
	at org.apache.ratis.thirdparty.io.grpc.stub.ClientCalls.toStatusRuntimeException(ClientCalls.java:233)
	at org.apache.ratis.thirdparty.io.grpc.stub.ClientCalls.getUnchecked(ClientCalls.java:214)
	at org.apache.ratis.thirdparty.io.grpc.stub.ClientCalls.blockingUnaryCall(ClientCalls.java:139)
	at org.apache.ratis.proto.grpc.RaftServerProtocolServiceGrpc$RaftServerProtocolServiceBlockingStub.requestVote(RaftServerProtocolServiceGrpc.java:265)
	at org.apache.ratis.grpc.server.GrpcServerProtocolClient.requestVote(GrpcServerProtocolClient.java:83)
	at org.apache.ratis.grpc.server.GrpcService.requestVote(GrpcService.java:194)
	at org.apache.ratis.server.impl.LeaderElection.lambda$submitRequests$1(LeaderElection.java:237)
	at java.util.concurrent.FutureTask.run(FutureTask.java:266)
	at java.util.concurrent.Executors$RunnableAdapter.call(Executors.java:511)
	at java.util.concurrent.FutureTask.run(FutureTask.java:266)
	at java.util.concurrent.ThreadPoolExecutor.runWorker(ThreadPoolExecutor.java:1149)
	at java.util.concurrent.ThreadPoolExecutor$Worker.run(ThreadPoolExecutor.java:624)
	... 1 more
Caused by: org.apache.ratis.thirdparty.io.netty.channel.AbstractChannel$AnnotatedConnectException: Connection refused: /192.168.46.58:38617
	at sun.nio.ch.SocketChannelImpl.checkConnect(Native Method)
	at sun.nio.ch.SocketChannelImpl.finishConnect(SocketChannelImpl.java:717)
	at org.apache.ratis.thirdparty.io.netty.channel.socket.nio.NioSocketChannel.doFinishConnect(NioSocketChannel.java:327)
	at org.apache.ratis.thirdparty.io.netty.channel.nio.AbstractNioChannel$AbstractNioUnsafe.finishConnect(AbstractNioChannel.java:340)
	at org.apache.ratis.thirdparty.io.netty.channel.nio.NioEventLoop.processSelectedKey(NioEventLoop.java:632)
	at org.apache.ratis.thirdparty.io.netty.channel.nio.NioEventLoop.processSelectedKeysOptimized(NioEventLoop.java:579)
	at org.apache.ratis.thirdparty.io.netty.channel.nio.NioEventLoop.processSelectedKeys(NioEventLoop.java:496)
	at org.apache.ratis.thirdparty.io.netty.channel.nio.NioEventLoop.run(NioEventLoop.java:458)
	at org.apache.ratis.thirdparty.io.netty.util.concurrent.SingleThreadEventExecutor$5.run(SingleThreadEventExecutor.java:897)
	at org.apache.ratis.thirdparty.io.netty.util.concurrent.FastThreadLocalRunnable.run(FastThreadLocalRunnable.java:30)
	... 1 more
Caused by: java.net.ConnectException: Connection refused
	... 11 more
2019-06-13 12:04:08,117 INFO  impl.LeaderElection (LogUtils.java:infoOrTrace(149)) -   Exception 1: {}
java.util.concurrent.ExecutionException: org.apache.ratis.thirdparty.io.grpc.StatusRuntimeException: UNAVAILABLE: io exception
	at java.util.concurrent.FutureTask.report(FutureTask.java:122)
	at java.util.concurrent.FutureTask.get(FutureTask.java:192)
	at org.apache.ratis.server.impl.LeaderElection.waitForResults(LeaderElection.java:262)
	at org.apache.ratis.server.impl.LeaderElection.askForVotes(LeaderElection.java:200)
	at org.apache.ratis.server.impl.LeaderElection.run(LeaderElection.java:130)
	at java.lang.Thread.run(Thread.java:748)
Caused by: org.apache.ratis.thirdparty.io.grpc.StatusRuntimeException: UNAVAILABLE: io exception
	at org.apache.ratis.thirdparty.io.grpc.stub.ClientCalls.toStatusRuntimeException(ClientCalls.java:233)
	at org.apache.ratis.thirdparty.io.grpc.stub.ClientCalls.getUnchecked(ClientCalls.java:214)
	at org.apache.ratis.thirdparty.io.grpc.stub.ClientCalls.blockingUnaryCall(ClientCalls.java:139)
	at org.apache.ratis.proto.grpc.RaftServerProtocolServiceGrpc$RaftServerProtocolServiceBlockingStub.requestVote(RaftServerProtocolServiceGrpc.java:265)
	at org.apache.ratis.grpc.server.GrpcServerProtocolClient.requestVote(GrpcServerProtocolClient.java:83)
	at org.apache.ratis.grpc.server.GrpcService.requestVote(GrpcService.java:194)
	at org.apache.ratis.server.impl.LeaderElection.lambda$submitRequests$1(LeaderElection.java:237)
	at java.util.concurrent.FutureTask.run(FutureTask.java:266)
	at java.util.concurrent.Executors$RunnableAdapter.call(Executors.java:511)
	at java.util.concurrent.FutureTask.run(FutureTask.java:266)
	at java.util.concurrent.ThreadPoolExecutor.runWorker(ThreadPoolExecutor.java:1149)
	at java.util.concurrent.ThreadPoolExecutor$Worker.run(ThreadPoolExecutor.java:624)
	... 1 more
Caused by: org.apache.ratis.thirdparty.io.netty.channel.AbstractChannel$AnnotatedConnectException: Connection refused: /192.168.46.58:39721
	at sun.nio.ch.SocketChannelImpl.checkConnect(Native Method)
	at sun.nio.ch.SocketChannelImpl.finishConnect(SocketChannelImpl.java:717)
	at org.apache.ratis.thirdparty.io.netty.channel.socket.nio.NioSocketChannel.doFinishConnect(NioSocketChannel.java:327)
	at org.apache.ratis.thirdparty.io.netty.channel.nio.AbstractNioChannel$AbstractNioUnsafe.finishConnect(AbstractNioChannel.java:340)
	at org.apache.ratis.thirdparty.io.netty.channel.nio.NioEventLoop.processSelectedKey(NioEventLoop.java:632)
	at org.apache.ratis.thirdparty.io.netty.channel.nio.NioEventLoop.processSelectedKeysOptimized(NioEventLoop.java:579)
	at org.apache.ratis.thirdparty.io.netty.channel.nio.NioEventLoop.processSelectedKeys(NioEventLoop.java:496)
	at org.apache.ratis.thirdparty.io.netty.channel.nio.NioEventLoop.run(NioEventLoop.java:458)
	at org.apache.ratis.thirdparty.io.netty.util.concurrent.SingleThreadEventExecutor$5.run(SingleThreadEventExecutor.java:897)
	at org.apache.ratis.thirdparty.io.netty.util.concurrent.FastThreadLocalRunnable.run(FastThreadLocalRunnable.java:30)
	... 1 more
Caused by: java.net.ConnectException: Connection refused
	... 11 more
2019-06-13 12:04:08,117 INFO  impl.RaftServerImpl (RaftServerImpl.java:setRole(164)) - 4385f424-31b1-428a-a0ea-2f137423452e:group-BCE6487231AC changes role from CANDIDATE to FOLLOWER at term 4 for DISCOVERED_A_NEW_TERM
2019-06-13 12:04:08,118 INFO  impl.RoleInfo (RoleInfo.java:shutdownLeaderElection(134)) - 4385f424-31b1-428a-a0ea-2f137423452e: shutdown LeaderElection
2019-06-13 12:04:08,118 INFO  impl.RoleInfo (RoleInfo.java:updateAndGet(143)) - 4385f424-31b1-428a-a0ea-2f137423452e: start FollowerState
2019-06-13 12:04:09,273 INFO  impl.FollowerState (FollowerState.java:run(101)) - 4385f424-31b1-428a-a0ea-2f137423452e:group-BCE6487231AC changes to CANDIDATE, lastRpcTime:1154, electionTimeout:1154ms
2019-06-13 12:04:09,274 INFO  impl.RoleInfo (RoleInfo.java:shutdownFollowerState(121)) - 4385f424-31b1-428a-a0ea-2f137423452e: shutdown FollowerState
2019-06-13 12:04:09,274 INFO  impl.RaftServerImpl (RaftServerImpl.java:setRole(164)) - 4385f424-31b1-428a-a0ea-2f137423452e:group-BCE6487231AC changes role from FOLLOWER to CANDIDATE at term 4 for changeToCandidate
2019-06-13 12:04:09,274 INFO  impl.RoleInfo (RoleInfo.java:updateAndGet(143)) - 4385f424-31b1-428a-a0ea-2f137423452e: start LeaderElection
2019-06-13 12:04:09,280 INFO  impl.LeaderElection (LeaderElection.java:askForVotes(181)) - 4385f424-31b1-428a-a0ea-2f137423452e:group-BCE6487231AC:LeaderElection17: begin an election at term 5 for 0: [cfa6ee40-d911-4f1c-9330-44c1c1a7e901:192.168.46.58:39721, 4385f424-31b1-428a-a0ea-2f137423452e:192.168.46.58:43947, 40e85715-f542-4fe4-a7e5-a8202a6d8f0e:192.168.46.58:38617], old=null
2019-06-13 12:04:09,281 INFO  impl.LeaderElection (LogUtils.java:infoOrTrace(149)) - 4385f424-31b1-428a-a0ea-2f137423452e:group-BCE6487231AC:LeaderElection17 got exception when requesting votes: {}
java.util.concurrent.ExecutionException: org.apache.ratis.thirdparty.io.grpc.StatusRuntimeException: UNAVAILABLE: io exception
	at java.util.concurrent.FutureTask.report(FutureTask.java:122)
	at java.util.concurrent.FutureTask.get(FutureTask.java:192)
	at org.apache.ratis.server.impl.LeaderElection.waitForResults(LeaderElection.java:262)
	at org.apache.ratis.server.impl.LeaderElection.askForVotes(LeaderElection.java:200)
	at org.apache.ratis.server.impl.LeaderElection.run(LeaderElection.java:130)
	at java.lang.Thread.run(Thread.java:748)
Caused by: org.apache.ratis.thirdparty.io.grpc.StatusRuntimeException: UNAVAILABLE: io exception
	at org.apache.ratis.thirdparty.io.grpc.stub.ClientCalls.toStatusRuntimeException(ClientCalls.java:233)
	at org.apache.ratis.thirdparty.io.grpc.stub.ClientCalls.getUnchecked(ClientCalls.java:214)
	at org.apache.ratis.thirdparty.io.grpc.stub.ClientCalls.blockingUnaryCall(ClientCalls.java:139)
	at org.apache.ratis.proto.grpc.RaftServerProtocolServiceGrpc$RaftServerProtocolServiceBlockingStub.requestVote(RaftServerProtocolServiceGrpc.java:265)
	at org.apache.ratis.grpc.server.GrpcServerProtocolClient.requestVote(GrpcServerProtocolClient.java:83)
	at org.apache.ratis.grpc.server.GrpcService.requestVote(GrpcService.java:194)
	at org.apache.ratis.server.impl.LeaderElection.lambda$submitRequests$1(LeaderElection.java:237)
	at java.util.concurrent.FutureTask.run(FutureTask.java:266)
	at java.util.concurrent.Executors$RunnableAdapter.call(Executors.java:511)
	at java.util.concurrent.FutureTask.run(FutureTask.java:266)
	at java.util.concurrent.ThreadPoolExecutor.runWorker(ThreadPoolExecutor.java:1149)
	at java.util.concurrent.ThreadPoolExecutor$Worker.run(ThreadPoolExecutor.java:624)
	... 1 more
Caused by: org.apache.ratis.thirdparty.io.netty.channel.AbstractChannel$AnnotatedConnectException: Connection refused: /192.168.46.58:38617
	at sun.nio.ch.SocketChannelImpl.checkConnect(Native Method)
	at sun.nio.ch.SocketChannelImpl.finishConnect(SocketChannelImpl.java:717)
	at org.apache.ratis.thirdparty.io.netty.channel.socket.nio.NioSocketChannel.doFinishConnect(NioSocketChannel.java:327)
	at org.apache.ratis.thirdparty.io.netty.channel.nio.AbstractNioChannel$AbstractNioUnsafe.finishConnect(AbstractNioChannel.java:340)
	at org.apache.ratis.thirdparty.io.netty.channel.nio.NioEventLoop.processSelectedKey(NioEventLoop.java:632)
	at org.apache.ratis.thirdparty.io.netty.channel.nio.NioEventLoop.processSelectedKeysOptimized(NioEventLoop.java:579)
	at org.apache.ratis.thirdparty.io.netty.channel.nio.NioEventLoop.processSelectedKeys(NioEventLoop.java:496)
	at org.apache.ratis.thirdparty.io.netty.channel.nio.NioEventLoop.run(NioEventLoop.java:458)
	at org.apache.ratis.thirdparty.io.netty.util.concurrent.SingleThreadEventExecutor$5.run(SingleThreadEventExecutor.java:897)
	at org.apache.ratis.thirdparty.io.netty.util.concurrent.FastThreadLocalRunnable.run(FastThreadLocalRunnable.java:30)
	... 1 more
Caused by: java.net.ConnectException: Connection refused
	... 11 more
2019-06-13 12:04:09,282 INFO  impl.LeaderElection (LogUtils.java:infoOrTrace(149)) - 4385f424-31b1-428a-a0ea-2f137423452e:group-BCE6487231AC:LeaderElection17 got exception when requesting votes: {}
java.util.concurrent.ExecutionException: org.apache.ratis.thirdparty.io.grpc.StatusRuntimeException: UNAVAILABLE: io exception
	at java.util.concurrent.FutureTask.report(FutureTask.java:122)
	at java.util.concurrent.FutureTask.get(FutureTask.java:192)
	at org.apache.ratis.server.impl.LeaderElection.waitForResults(LeaderElection.java:262)
	at org.apache.ratis.server.impl.LeaderElection.askForVotes(LeaderElection.java:200)
	at org.apache.ratis.server.impl.LeaderElection.run(LeaderElection.java:130)
	at java.lang.Thread.run(Thread.java:748)
Caused by: org.apache.ratis.thirdparty.io.grpc.StatusRuntimeException: UNAVAILABLE: io exception
	at org.apache.ratis.thirdparty.io.grpc.stub.ClientCalls.toStatusRuntimeException(ClientCalls.java:233)
	at org.apache.ratis.thirdparty.io.grpc.stub.ClientCalls.getUnchecked(ClientCalls.java:214)
	at org.apache.ratis.thirdparty.io.grpc.stub.ClientCalls.blockingUnaryCall(ClientCalls.java:139)
	at org.apache.ratis.proto.grpc.RaftServerProtocolServiceGrpc$RaftServerProtocolServiceBlockingStub.requestVote(RaftServerProtocolServiceGrpc.java:265)
	at org.apache.ratis.grpc.server.GrpcServerProtocolClient.requestVote(GrpcServerProtocolClient.java:83)
	at org.apache.ratis.grpc.server.GrpcService.requestVote(GrpcService.java:194)
	at org.apache.ratis.server.impl.LeaderElection.lambda$submitRequests$1(LeaderElection.java:237)
	at java.util.concurrent.FutureTask.run(FutureTask.java:266)
	at java.util.concurrent.Executors$RunnableAdapter.call(Executors.java:511)
	at java.util.concurrent.FutureTask.run(FutureTask.java:266)
	at java.util.concurrent.ThreadPoolExecutor.runWorker(ThreadPoolExecutor.java:1149)
	at java.util.concurrent.ThreadPoolExecutor$Worker.run(ThreadPoolExecutor.java:624)
	... 1 more
Caused by: org.apache.ratis.thirdparty.io.netty.channel.AbstractChannel$AnnotatedConnectException: Connection refused: /192.168.46.58:39721
	at sun.nio.ch.SocketChannelImpl.checkConnect(Native Method)
	at sun.nio.ch.SocketChannelImpl.finishConnect(SocketChannelImpl.java:717)
	at org.apache.ratis.thirdparty.io.netty.channel.socket.nio.NioSocketChannel.doFinishConnect(NioSocketChannel.java:327)
	at org.apache.ratis.thirdparty.io.netty.channel.nio.AbstractNioChannel$AbstractNioUnsafe.finishConnect(AbstractNioChannel.java:340)
	at org.apache.ratis.thirdparty.io.netty.channel.nio.NioEventLoop.processSelectedKey(NioEventLoop.java:632)
	at org.apache.ratis.thirdparty.io.netty.channel.nio.NioEventLoop.processSelectedKeysOptimized(NioEventLoop.java:579)
	at org.apache.ratis.thirdparty.io.netty.channel.nio.NioEventLoop.processSelectedKeys(NioEventLoop.java:496)
	at org.apache.ratis.thirdparty.io.netty.channel.nio.NioEventLoop.run(NioEventLoop.java:458)
	at org.apache.ratis.thirdparty.io.netty.util.concurrent.SingleThreadEventExecutor$5.run(SingleThreadEventExecutor.java:897)
	at org.apache.ratis.thirdparty.io.netty.util.concurrent.FastThreadLocalRunnable.run(FastThreadLocalRunnable.java:30)
	... 1 more
Caused by: java.net.ConnectException: Connection refused
	... 11 more
2019-06-13 12:04:09,283 INFO  impl.LeaderElection (LeaderElection.java:logAndReturn(56)) - 4385f424-31b1-428a-a0ea-2f137423452e:group-BCE6487231AC:LeaderElection17: Election REJECTED; received 0 response(s) [] and 2 exception(s); 4385f424-31b1-428a-a0ea-2f137423452e:t5, leader=null, voted=4385f424-31b1-428a-a0ea-2f137423452e, raftlog=4385f424-31b1-428a-a0ea-2f137423452e-SegmentedRaftLog:OPENED:c15,f16,i16, conf=0: [cfa6ee40-d911-4f1c-9330-44c1c1a7e901:192.168.46.58:39721, 4385f424-31b1-428a-a0ea-2f137423452e:192.168.46.58:43947, 40e85715-f542-4fe4-a7e5-a8202a6d8f0e:192.168.46.58:38617], old=null
2019-06-13 12:04:09,283 INFO  impl.LeaderElection (LogUtils.java:infoOrTrace(149)) -   Exception 0: {}
java.util.concurrent.ExecutionException: org.apache.ratis.thirdparty.io.grpc.StatusRuntimeException: UNAVAILABLE: io exception
	at java.util.concurrent.FutureTask.report(FutureTask.java:122)
	at java.util.concurrent.FutureTask.get(FutureTask.java:192)
	at org.apache.ratis.server.impl.LeaderElection.waitForResults(LeaderElection.java:262)
	at org.apache.ratis.server.impl.LeaderElection.askForVotes(LeaderElection.java:200)
	at org.apache.ratis.server.impl.LeaderElection.run(LeaderElection.java:130)
	at java.lang.Thread.run(Thread.java:748)
Caused by: org.apache.ratis.thirdparty.io.grpc.StatusRuntimeException: UNAVAILABLE: io exception
	at org.apache.ratis.thirdparty.io.grpc.stub.ClientCalls.toStatusRuntimeException(ClientCalls.java:233)
	at org.apache.ratis.thirdparty.io.grpc.stub.ClientCalls.getUnchecked(ClientCalls.java:214)
	at org.apache.ratis.thirdparty.io.grpc.stub.ClientCalls.blockingUnaryCall(ClientCalls.java:139)
	at org.apache.ratis.proto.grpc.RaftServerProtocolServiceGrpc$RaftServerProtocolServiceBlockingStub.requestVote(RaftServerProtocolServiceGrpc.java:265)
	at org.apache.ratis.grpc.server.GrpcServerProtocolClient.requestVote(GrpcServerProtocolClient.java:83)
	at org.apache.ratis.grpc.server.GrpcService.requestVote(GrpcService.java:194)
	at org.apache.ratis.server.impl.LeaderElection.lambda$submitRequests$1(LeaderElection.java:237)
	at java.util.concurrent.FutureTask.run(FutureTask.java:266)
	at java.util.concurrent.Executors$RunnableAdapter.call(Executors.java:511)
	at java.util.concurrent.FutureTask.run(FutureTask.java:266)
	at java.util.concurrent.ThreadPoolExecutor.runWorker(ThreadPoolExecutor.java:1149)
	at java.util.concurrent.ThreadPoolExecutor$Worker.run(ThreadPoolExecutor.java:624)
	... 1 more
Caused by: org.apache.ratis.thirdparty.io.netty.channel.AbstractChannel$AnnotatedConnectException: Connection refused: /192.168.46.58:38617
	at sun.nio.ch.SocketChannelImpl.checkConnect(Native Method)
	at sun.nio.ch.SocketChannelImpl.finishConnect(SocketChannelImpl.java:717)
	at org.apache.ratis.thirdparty.io.netty.channel.socket.nio.NioSocketChannel.doFinishConnect(NioSocketChannel.java:327)
	at org.apache.ratis.thirdparty.io.netty.channel.nio.AbstractNioChannel$AbstractNioUnsafe.finishConnect(AbstractNioChannel.java:340)
	at org.apache.ratis.thirdparty.io.netty.channel.nio.NioEventLoop.processSelectedKey(NioEventLoop.java:632)
	at org.apache.ratis.thirdparty.io.netty.channel.nio.NioEventLoop.processSelectedKeysOptimized(NioEventLoop.java:579)
	at org.apache.ratis.thirdparty.io.netty.channel.nio.NioEventLoop.processSelectedKeys(NioEventLoop.java:496)
	at org.apache.ratis.thirdparty.io.netty.channel.nio.NioEventLoop.run(NioEventLoop.java:458)
	at org.apache.ratis.thirdparty.io.netty.util.concurrent.SingleThreadEventExecutor$5.run(SingleThreadEventExecutor.java:897)
	at org.apache.ratis.thirdparty.io.netty.util.concurrent.FastThreadLocalRunnable.run(FastThreadLocalRunnable.java:30)
	... 1 more
Caused by: java.net.ConnectException: Connection refused
	... 11 more
2019-06-13 12:04:09,284 INFO  impl.LeaderElection (LogUtils.java:infoOrTrace(149)) -   Exception 1: {}
java.util.concurrent.ExecutionException: org.apache.ratis.thirdparty.io.grpc.StatusRuntimeException: UNAVAILABLE: io exception
	at java.util.concurrent.FutureTask.report(FutureTask.java:122)
	at java.util.concurrent.FutureTask.get(FutureTask.java:192)
	at org.apache.ratis.server.impl.LeaderElection.waitForResults(LeaderElection.java:262)
	at org.apache.ratis.server.impl.LeaderElection.askForVotes(LeaderElection.java:200)
	at org.apache.ratis.server.impl.LeaderElection.run(LeaderElection.java:130)
	at java.lang.Thread.run(Thread.java:748)
Caused by: org.apache.ratis.thirdparty.io.grpc.StatusRuntimeException: UNAVAILABLE: io exception
	at org.apache.ratis.thirdparty.io.grpc.stub.ClientCalls.toStatusRuntimeException(ClientCalls.java:233)
	at org.apache.ratis.thirdparty.io.grpc.stub.ClientCalls.getUnchecked(ClientCalls.java:214)
	at org.apache.ratis.thirdparty.io.grpc.stub.ClientCalls.blockingUnaryCall(ClientCalls.java:139)
	at org.apache.ratis.proto.grpc.RaftServerProtocolServiceGrpc$RaftServerProtocolServiceBlockingStub.requestVote(RaftServerProtocolServiceGrpc.java:265)
	at org.apache.ratis.grpc.server.GrpcServerProtocolClient.requestVote(GrpcServerProtocolClient.java:83)
	at org.apache.ratis.grpc.server.GrpcService.requestVote(GrpcService.java:194)
	at org.apache.ratis.server.impl.LeaderElection.lambda$submitRequests$1(LeaderElection.java:237)
	at java.util.concurrent.FutureTask.run(FutureTask.java:266)
	at java.util.concurrent.Executors$RunnableAdapter.call(Executors.java:511)
	at java.util.concurrent.FutureTask.run(FutureTask.java:266)
	at java.util.concurrent.ThreadPoolExecutor.runWorker(ThreadPoolExecutor.java:1149)
	at java.util.concurrent.ThreadPoolExecutor$Worker.run(ThreadPoolExecutor.java:624)
	... 1 more
Caused by: org.apache.ratis.thirdparty.io.netty.channel.AbstractChannel$AnnotatedConnectException: Connection refused: /192.168.46.58:39721
	at sun.nio.ch.SocketChannelImpl.checkConnect(Native Method)
	at sun.nio.ch.SocketChannelImpl.finishConnect(SocketChannelImpl.java:717)
	at org.apache.ratis.thirdparty.io.netty.channel.socket.nio.NioSocketChannel.doFinishConnect(NioSocketChannel.java:327)
	at org.apache.ratis.thirdparty.io.netty.channel.nio.AbstractNioChannel$AbstractNioUnsafe.finishConnect(AbstractNioChannel.java:340)
	at org.apache.ratis.thirdparty.io.netty.channel.nio.NioEventLoop.processSelectedKey(NioEventLoop.java:632)
	at org.apache.ratis.thirdparty.io.netty.channel.nio.NioEventLoop.processSelectedKeysOptimized(NioEventLoop.java:579)
	at org.apache.ratis.thirdparty.io.netty.channel.nio.NioEventLoop.processSelectedKeys(NioEventLoop.java:496)
	at org.apache.ratis.thirdparty.io.netty.channel.nio.NioEventLoop.run(NioEventLoop.java:458)
	at org.apache.ratis.thirdparty.io.netty.util.concurrent.SingleThreadEventExecutor$5.run(SingleThreadEventExecutor.java:897)
	at org.apache.ratis.thirdparty.io.netty.util.concurrent.FastThreadLocalRunnable.run(FastThreadLocalRunnable.java:30)
	... 1 more
Caused by: java.net.ConnectException: Connection refused
	... 11 more
2019-06-13 12:04:09,284 INFO  impl.RaftServerImpl (RaftServerImpl.java:setRole(164)) - 4385f424-31b1-428a-a0ea-2f137423452e:group-BCE6487231AC changes role from CANDIDATE to FOLLOWER at term 5 for DISCOVERED_A_NEW_TERM
2019-06-13 12:04:09,285 INFO  impl.RoleInfo (RoleInfo.java:shutdownLeaderElection(134)) - 4385f424-31b1-428a-a0ea-2f137423452e: shutdown LeaderElection
2019-06-13 12:04:09,285 INFO  impl.RoleInfo (RoleInfo.java:updateAndGet(143)) - 4385f424-31b1-428a-a0ea-2f137423452e: start FollowerState
2019-06-13 12:04:10,052 INFO  client.GrpcClientProtocolClient (GrpcClientProtocolClient.java:onNext(254)) - client-8ED239EB40DA->4385f424-31b1-428a-a0ea-2f137423452e: receive RaftClientReply:client-8ED239EB40DA->4385f424-31b1-428a-a0ea-2f137423452e@group-BCE6487231AC, cid=22, FAILED org.apache.ratis.protocol.NotLeaderException: Server 4385f424-31b1-428a-a0ea-2f137423452e is not the leader (cfa6ee40-d911-4f1c-9330-44c1c1a7e901:192.168.46.58:39721). Request must be sent to leader., logIndex=0, commits[4385f424-31b1-428a-a0ea-2f137423452e:c15, cfa6ee40-d911-4f1c-9330-44c1c1a7e901:c15, 40e85715-f542-4fe4-a7e5-a8202a6d8f0e:c13]
2019-06-13 12:04:10,063 WARN  io.KeyOutputStream (KeyOutputStream.java:handleException(276)) - Encountered exception java.io.IOException: Unexpected Storage Container Exception: java.util.concurrent.CompletionException: java.util.concurrent.CompletionException: org.apache.ratis.protocol.RaftRetryFailureException: Failed RaftClientRequest:client-8ED239EB40DA->4385f424-31b1-428a-a0ea-2f137423452e@group-BCE6487231AC, cid=22, seq=9*, RW, org.apache.hadoop.hdds.scm.XceiverClientRatis$$Lambda$367/1172170412@4974ce18 for 5 attempts with RetryLimited(maxAttempts=5, sleepTime=1000ms) on the pipeline Pipeline[ Id: f1780b47-6fe6-43aa-ae34-bce6487231ac, Nodes: cfa6ee40-d911-4f1c-9330-44c1c1a7e901{ip: 192.168.46.58, host: ozone-nffxw-186015654, networkLocation: /default-rack, certSerialId: null}40e85715-f542-4fe4-a7e5-a8202a6d8f0e{ip: 192.168.46.58, host: ozone-nffxw-186015654, networkLocation: /default-rack, certSerialId: null}4385f424-31b1-428a-a0ea-2f137423452e{ip: 192.168.46.58, host: ozone-nffxw-186015654, networkLocation: /default-rack, certSerialId: null}, Type:RATIS, Factor:THREE, State:OPEN]. The last committed block length is 450, uncommitted data length is 350 retry count 0
2019-06-13 12:04:10,099 INFO  client.GrpcClientProtocolClient (GrpcClientProtocolClient.java:onNext(254)) - client-9C0574E221EE->8cecba00-b083-47df-9f5a-b6be1e470733: receive RaftClientReply:client-9C0574E221EE->8cecba00-b083-47df-9f5a-b6be1e470733@group-20B8C391EFEC, cid=28, FAILED org.apache.ratis.protocol.NotLeaderException: Server 8cecba00-b083-47df-9f5a-b6be1e470733 is not the leader (6cef66d5-8cd3-44aa-be07-575ef65ad786:192.168.46.58:41525). Request must be sent to leader., logIndex=0, commits[8cecba00-b083-47df-9f5a-b6be1e470733:c0, 6cef66d5-8cd3-44aa-be07-575ef65ad786:c0, 859621b4-b51a-492c-ad6d-3244885c0c07:c0]
2019-06-13 12:04:10,109 WARN  client.GrpcClientProtocolService (LogUtils.java:warn(134)) - 0-OrderedRequestStreamObserver0: onError: org.apache.ratis.thirdparty.io.grpc.StatusRuntimeException: CANCELLED: cancelled before receiving half close
2019-06-13 12:04:10,406 INFO  impl.FollowerState (FollowerState.java:run(101)) - 4385f424-31b1-428a-a0ea-2f137423452e:group-BCE6487231AC changes to CANDIDATE, lastRpcTime:1121, electionTimeout:1120ms
2019-06-13 12:04:10,408 INFO  impl.RoleInfo (RoleInfo.java:shutdownFollowerState(121)) - 4385f424-31b1-428a-a0ea-2f137423452e: shutdown FollowerState
2019-06-13 12:04:10,408 INFO  impl.RaftServerImpl (RaftServerImpl.java:setRole(164)) - 4385f424-31b1-428a-a0ea-2f137423452e:group-BCE6487231AC changes role from FOLLOWER to CANDIDATE at term 5 for changeToCandidate
2019-06-13 12:04:10,409 INFO  impl.RoleInfo (RoleInfo.java:updateAndGet(143)) - 4385f424-31b1-428a-a0ea-2f137423452e: start LeaderElection
2019-06-13 12:04:10,414 INFO  impl.LeaderElection (LeaderElection.java:askForVotes(181)) - 4385f424-31b1-428a-a0ea-2f137423452e:group-BCE6487231AC:LeaderElection18: begin an election at term 6 for 0: [cfa6ee40-d911-4f1c-9330-44c1c1a7e901:192.168.46.58:39721, 4385f424-31b1-428a-a0ea-2f137423452e:192.168.46.58:43947, 40e85715-f542-4fe4-a7e5-a8202a6d8f0e:192.168.46.58:38617], old=null
2019-06-13 12:04:10,414 INFO  impl.LeaderElection (LogUtils.java:infoOrTrace(149)) - 4385f424-31b1-428a-a0ea-2f137423452e:group-BCE6487231AC:LeaderElection18 got exception when requesting votes: {}
java.util.concurrent.ExecutionException: org.apache.ratis.thirdparty.io.grpc.StatusRuntimeException: UNAVAILABLE: io exception
	at java.util.concurrent.FutureTask.report(FutureTask.java:122)
	at java.util.concurrent.FutureTask.get(FutureTask.java:192)
	at org.apache.ratis.server.impl.LeaderElection.waitForResults(LeaderElection.java:262)
	at org.apache.ratis.server.impl.LeaderElection.askForVotes(LeaderElection.java:200)
	at org.apache.ratis.server.impl.LeaderElection.run(LeaderElection.java:130)
	at java.lang.Thread.run(Thread.java:748)
Caused by: org.apache.ratis.thirdparty.io.grpc.StatusRuntimeException: UNAVAILABLE: io exception
	at org.apache.ratis.thirdparty.io.grpc.stub.ClientCalls.toStatusRuntimeException(ClientCalls.java:233)
	at org.apache.ratis.thirdparty.io.grpc.stub.ClientCalls.getUnchecked(ClientCalls.java:214)
	at org.apache.ratis.thirdparty.io.grpc.stub.ClientCalls.blockingUnaryCall(ClientCalls.java:139)
	at org.apache.ratis.proto.grpc.RaftServerProtocolServiceGrpc$RaftServerProtocolServiceBlockingStub.requestVote(RaftServerProtocolServiceGrpc.java:265)
	at org.apache.ratis.grpc.server.GrpcServerProtocolClient.requestVote(GrpcServerProtocolClient.java:83)
	at org.apache.ratis.grpc.server.GrpcService.requestVote(GrpcService.java:194)
	at org.apache.ratis.server.impl.LeaderElection.lambda$submitRequests$1(LeaderElection.java:237)
	at java.util.concurrent.FutureTask.run(FutureTask.java:266)
	at java.util.concurrent.Executors$RunnableAdapter.call(Executors.java:511)
	at java.util.concurrent.FutureTask.run(FutureTask.java:266)
	at java.util.concurrent.ThreadPoolExecutor.runWorker(ThreadPoolExecutor.java:1149)
	at java.util.concurrent.ThreadPoolExecutor$Worker.run(ThreadPoolExecutor.java:624)
	... 1 more
Caused by: org.apache.ratis.thirdparty.io.netty.channel.AbstractChannel$AnnotatedConnectException: Connection refused: /192.168.46.58:39721
	at sun.nio.ch.SocketChannelImpl.checkConnect(Native Method)
	at sun.nio.ch.SocketChannelImpl.finishConnect(SocketChannelImpl.java:717)
	at org.apache.ratis.thirdparty.io.netty.channel.socket.nio.NioSocketChannel.doFinishConnect(NioSocketChannel.java:327)
	at org.apache.ratis.thirdparty.io.netty.channel.nio.AbstractNioChannel$AbstractNioUnsafe.finishConnect(AbstractNioChannel.java:340)
	at org.apache.ratis.thirdparty.io.netty.channel.nio.NioEventLoop.processSelectedKey(NioEventLoop.java:632)
	at org.apache.ratis.thirdparty.io.netty.channel.nio.NioEventLoop.processSelectedKeysOptimized(NioEventLoop.java:579)
	at org.apache.ratis.thirdparty.io.netty.channel.nio.NioEventLoop.processSelectedKeys(NioEventLoop.java:496)
	at org.apache.ratis.thirdparty.io.netty.channel.nio.NioEventLoop.run(NioEventLoop.java:458)
	at org.apache.ratis.thirdparty.io.netty.util.concurrent.SingleThreadEventExecutor$5.run(SingleThreadEventExecutor.java:897)
	at org.apache.ratis.thirdparty.io.netty.util.concurrent.FastThreadLocalRunnable.run(FastThreadLocalRunnable.java:30)
	... 1 more
Caused by: java.net.ConnectException: Connection refused
	... 11 more
2019-06-13 12:04:10,416 INFO  impl.LeaderElection (LogUtils.java:infoOrTrace(149)) - 4385f424-31b1-428a-a0ea-2f137423452e:group-BCE6487231AC:LeaderElection18 got exception when requesting votes: {}
java.util.concurrent.ExecutionException: org.apache.ratis.thirdparty.io.grpc.StatusRuntimeException: UNAVAILABLE: io exception
	at java.util.concurrent.FutureTask.report(FutureTask.java:122)
	at java.util.concurrent.FutureTask.get(FutureTask.java:192)
	at org.apache.ratis.server.impl.LeaderElection.waitForResults(LeaderElection.java:262)
	at org.apache.ratis.server.impl.LeaderElection.askForVotes(LeaderElection.java:200)
	at org.apache.ratis.server.impl.LeaderElection.run(LeaderElection.java:130)
	at java.lang.Thread.run(Thread.java:748)
Caused by: org.apache.ratis.thirdparty.io.grpc.StatusRuntimeException: UNAVAILABLE: io exception
	at org.apache.ratis.thirdparty.io.grpc.stub.ClientCalls.toStatusRuntimeException(ClientCalls.java:233)
	at org.apache.ratis.thirdparty.io.grpc.stub.ClientCalls.getUnchecked(ClientCalls.java:214)
	at org.apache.ratis.thirdparty.io.grpc.stub.ClientCalls.blockingUnaryCall(ClientCalls.java:139)
	at org.apache.ratis.proto.grpc.RaftServerProtocolServiceGrpc$RaftServerProtocolServiceBlockingStub.requestVote(RaftServerProtocolServiceGrpc.java:265)
	at org.apache.ratis.grpc.server.GrpcServerProtocolClient.requestVote(GrpcServerProtocolClient.java:83)
	at org.apache.ratis.grpc.server.GrpcService.requestVote(GrpcService.java:194)
	at org.apache.ratis.server.impl.LeaderElection.lambda$submitRequests$1(LeaderElection.java:237)
	at java.util.concurrent.FutureTask.run(FutureTask.java:266)
	at java.util.concurrent.Executors$RunnableAdapter.call(Executors.java:511)
	at java.util.concurrent.FutureTask.run(FutureTask.java:266)
	at java.util.concurrent.ThreadPoolExecutor.runWorker(ThreadPoolExecutor.java:1149)
	at java.util.concurrent.ThreadPoolExecutor$Worker.run(ThreadPoolExecutor.java:624)
	... 1 more
Caused by: org.apache.ratis.thirdparty.io.netty.channel.AbstractChannel$AnnotatedConnectException: Connection refused: /192.168.46.58:38617
	at sun.nio.ch.SocketChannelImpl.checkConnect(Native Method)
	at sun.nio.ch.SocketChannelImpl.finishConnect(SocketChannelImpl.java:717)
	at org.apache.ratis.thirdparty.io.netty.channel.socket.nio.NioSocketChannel.doFinishConnect(NioSocketChannel.java:327)
	at org.apache.ratis.thirdparty.io.netty.channel.nio.AbstractNioChannel$AbstractNioUnsafe.finishConnect(AbstractNioChannel.java:340)
	at org.apache.ratis.thirdparty.io.netty.channel.nio.NioEventLoop.processSelectedKey(NioEventLoop.java:632)
	at org.apache.ratis.thirdparty.io.netty.channel.nio.NioEventLoop.processSelectedKeysOptimized(NioEventLoop.java:579)
	at org.apache.ratis.thirdparty.io.netty.channel.nio.NioEventLoop.processSelectedKeys(NioEventLoop.java:496)
	at org.apache.ratis.thirdparty.io.netty.channel.nio.NioEventLoop.run(NioEventLoop.java:458)
	at org.apache.ratis.thirdparty.io.netty.util.concurrent.SingleThreadEventExecutor$5.run(SingleThreadEventExecutor.java:897)
	at org.apache.ratis.thirdparty.io.netty.util.concurrent.FastThreadLocalRunnable.run(FastThreadLocalRunnable.java:30)
	... 1 more
Caused by: java.net.ConnectException: Connection refused
	... 11 more
2019-06-13 12:04:10,417 INFO  impl.LeaderElection (LeaderElection.java:logAndReturn(56)) - 4385f424-31b1-428a-a0ea-2f137423452e:group-BCE6487231AC:LeaderElection18: Election REJECTED; received 0 response(s) [] and 2 exception(s); 4385f424-31b1-428a-a0ea-2f137423452e:t6, leader=null, voted=4385f424-31b1-428a-a0ea-2f137423452e, raftlog=4385f424-31b1-428a-a0ea-2f137423452e-SegmentedRaftLog:OPENED:c15,f16,i16, conf=0: [cfa6ee40-d911-4f1c-9330-44c1c1a7e901:192.168.46.58:39721, 4385f424-31b1-428a-a0ea-2f137423452e:192.168.46.58:43947, 40e85715-f542-4fe4-a7e5-a8202a6d8f0e:192.168.46.58:38617], old=null
2019-06-13 12:04:10,417 INFO  impl.LeaderElection (LogUtils.java:infoOrTrace(149)) -   Exception 0: {}
java.util.concurrent.ExecutionException: org.apache.ratis.thirdparty.io.grpc.StatusRuntimeException: UNAVAILABLE: io exception
	at java.util.concurrent.FutureTask.report(FutureTask.java:122)
	at java.util.concurrent.FutureTask.get(FutureTask.java:192)
	at org.apache.ratis.server.impl.LeaderElection.waitForResults(LeaderElection.java:262)
	at org.apache.ratis.server.impl.LeaderElection.askForVotes(LeaderElection.java:200)
	at org.apache.ratis.server.impl.LeaderElection.run(LeaderElection.java:130)
	at java.lang.Thread.run(Thread.java:748)
Caused by: org.apache.ratis.thirdparty.io.grpc.StatusRuntimeException: UNAVAILABLE: io exception
	at org.apache.ratis.thirdparty.io.grpc.stub.ClientCalls.toStatusRuntimeException(ClientCalls.java:233)
	at org.apache.ratis.thirdparty.io.grpc.stub.ClientCalls.getUnchecked(ClientCalls.java:214)
	at org.apache.ratis.thirdparty.io.grpc.stub.ClientCalls.blockingUnaryCall(ClientCalls.java:139)
	at org.apache.ratis.proto.grpc.RaftServerProtocolServiceGrpc$RaftServerProtocolServiceBlockingStub.requestVote(RaftServerProtocolServiceGrpc.java:265)
	at org.apache.ratis.grpc.server.GrpcServerProtocolClient.requestVote(GrpcServerProtocolClient.java:83)
	at org.apache.ratis.grpc.server.GrpcService.requestVote(GrpcService.java:194)
	at org.apache.ratis.server.impl.LeaderElection.lambda$submitRequests$1(LeaderElection.java:237)
	at java.util.concurrent.FutureTask.run(FutureTask.java:266)
	at java.util.concurrent.Executors$RunnableAdapter.call(Executors.java:511)
	at java.util.concurrent.FutureTask.run(FutureTask.java:266)
	at java.util.concurrent.ThreadPoolExecutor.runWorker(ThreadPoolExecutor.java:1149)
	at java.util.concurrent.ThreadPoolExecutor$Worker.run(ThreadPoolExecutor.java:624)
	... 1 more
Caused by: org.apache.ratis.thirdparty.io.netty.channel.AbstractChannel$AnnotatedConnectException: Connection refused: /192.168.46.58:39721
	at sun.nio.ch.SocketChannelImpl.checkConnect(Native Method)
	at sun.nio.ch.SocketChannelImpl.finishConnect(SocketChannelImpl.java:717)
	at org.apache.ratis.thirdparty.io.netty.channel.socket.nio.NioSocketChannel.doFinishConnect(NioSocketChannel.java:327)
	at org.apache.ratis.thirdparty.io.netty.channel.nio.AbstractNioChannel$AbstractNioUnsafe.finishConnect(AbstractNioChannel.java:340)
	at org.apache.ratis.thirdparty.io.netty.channel.nio.NioEventLoop.processSelectedKey(NioEventLoop.java:632)
	at org.apache.ratis.thirdparty.io.netty.channel.nio.NioEventLoop.processSelectedKeysOptimized(NioEventLoop.java:579)
	at org.apache.ratis.thirdparty.io.netty.channel.nio.NioEventLoop.processSelectedKeys(NioEventLoop.java:496)
	at org.apache.ratis.thirdparty.io.netty.channel.nio.NioEventLoop.run(NioEventLoop.java:458)
	at org.apache.ratis.thirdparty.io.netty.util.concurrent.SingleThreadEventExecutor$5.run(SingleThreadEventExecutor.java:897)
	at org.apache.ratis.thirdparty.io.netty.util.concurrent.FastThreadLocalRunnable.run(FastThreadLocalRunnable.java:30)
	... 1 more
Caused by: java.net.ConnectException: Connection refused
	... 11 more
2019-06-13 12:04:10,417 INFO  impl.LeaderElection (LogUtils.java:infoOrTrace(149)) -   Exception 1: {}
java.util.concurrent.ExecutionException: org.apache.ratis.thirdparty.io.grpc.StatusRuntimeException: UNAVAILABLE: io exception
	at java.util.concurrent.FutureTask.report(FutureTask.java:122)
	at java.util.concurrent.FutureTask.get(FutureTask.java:192)
	at org.apache.ratis.server.impl.LeaderElection.waitForResults(LeaderElection.java:262)
	at org.apache.ratis.server.impl.LeaderElection.askForVotes(LeaderElection.java:200)
	at org.apache.ratis.server.impl.LeaderElection.run(LeaderElection.java:130)
	at java.lang.Thread.run(Thread.java:748)
Caused by: org.apache.ratis.thirdparty.io.grpc.StatusRuntimeException: UNAVAILABLE: io exception
	at org.apache.ratis.thirdparty.io.grpc.stub.ClientCalls.toStatusRuntimeException(ClientCalls.java:233)
	at org.apache.ratis.thirdparty.io.grpc.stub.ClientCalls.getUnchecked(ClientCalls.java:214)
	at org.apache.ratis.thirdparty.io.grpc.stub.ClientCalls.blockingUnaryCall(ClientCalls.java:139)
	at org.apache.ratis.proto.grpc.RaftServerProtocolServiceGrpc$RaftServerProtocolServiceBlockingStub.requestVote(RaftServerProtocolServiceGrpc.java:265)
	at org.apache.ratis.grpc.server.GrpcServerProtocolClient.requestVote(GrpcServerProtocolClient.java:83)
	at org.apache.ratis.grpc.server.GrpcService.requestVote(GrpcService.java:194)
	at org.apache.ratis.server.impl.LeaderElection.lambda$submitRequests$1(LeaderElection.java:237)
	at java.util.concurrent.FutureTask.run(FutureTask.java:266)
	at java.util.concurrent.Executors$RunnableAdapter.call(Executors.java:511)
	at java.util.concurrent.FutureTask.run(FutureTask.java:266)
	at java.util.concurrent.ThreadPoolExecutor.runWorker(ThreadPoolExecutor.java:1149)
	at java.util.concurrent.ThreadPoolExecutor$Worker.run(ThreadPoolExecutor.java:624)
	... 1 more
Caused by: org.apache.ratis.thirdparty.io.netty.channel.AbstractChannel$AnnotatedConnectException: Connection refused: /192.168.46.58:38617
	at sun.nio.ch.SocketChannelImpl.checkConnect(Native Method)
	at sun.nio.ch.SocketChannelImpl.finishConnect(SocketChannelImpl.java:717)
	at org.apache.ratis.thirdparty.io.netty.channel.socket.nio.NioSocketChannel.doFinishConnect(NioSocketChannel.java:327)
	at org.apache.ratis.thirdparty.io.netty.channel.nio.AbstractNioChannel$AbstractNioUnsafe.finishConnect(AbstractNioChannel.java:340)
	at org.apache.ratis.thirdparty.io.netty.channel.nio.NioEventLoop.processSelectedKey(NioEventLoop.java:632)
	at org.apache.ratis.thirdparty.io.netty.channel.nio.NioEventLoop.processSelectedKeysOptimized(NioEventLoop.java:579)
	at org.apache.ratis.thirdparty.io.netty.channel.nio.NioEventLoop.processSelectedKeys(NioEventLoop.java:496)
	at org.apache.ratis.thirdparty.io.netty.channel.nio.NioEventLoop.run(NioEventLoop.java:458)
	at org.apache.ratis.thirdparty.io.netty.util.concurrent.SingleThreadEventExecutor$5.run(SingleThreadEventExecutor.java:897)
	at org.apache.ratis.thirdparty.io.netty.util.concurrent.FastThreadLocalRunnable.run(FastThreadLocalRunnable.java:30)
	... 1 more
Caused by: java.net.ConnectException: Connection refused
	... 11 more
2019-06-13 12:04:10,417 INFO  impl.RaftServerImpl (RaftServerImpl.java:setRole(164)) - 4385f424-31b1-428a-a0ea-2f137423452e:group-BCE6487231AC changes role from CANDIDATE to FOLLOWER at term 6 for DISCOVERED_A_NEW_TERM
2019-06-13 12:04:10,418 INFO  impl.RoleInfo (RoleInfo.java:shutdownLeaderElection(134)) - 4385f424-31b1-428a-a0ea-2f137423452e: shutdown LeaderElection
2019-06-13 12:04:10,418 INFO  impl.RoleInfo (RoleInfo.java:updateAndGet(143)) - 4385f424-31b1-428a-a0ea-2f137423452e: start FollowerState
2019-06-13 12:04:11,119 INFO  client.GrpcClientProtocolClient (GrpcClientProtocolClient.java:onNext(254)) - client-9C0574E221EE->859621b4-b51a-492c-ad6d-3244885c0c07: receive RaftClientReply:client-9C0574E221EE->859621b4-b51a-492c-ad6d-3244885c0c07@group-20B8C391EFEC, cid=28, FAILED org.apache.ratis.protocol.NotLeaderException: Server 859621b4-b51a-492c-ad6d-3244885c0c07 is not the leader (6cef66d5-8cd3-44aa-be07-575ef65ad786:192.168.46.58:41525). Request must be sent to leader., logIndex=0, commits[859621b4-b51a-492c-ad6d-3244885c0c07:c0, 6cef66d5-8cd3-44aa-be07-575ef65ad786:c0, 8cecba00-b083-47df-9f5a-b6be1e470733:c0]
2019-06-13 12:04:11,123 WARN  client.GrpcClientProtocolService (LogUtils.java:warn(134)) - 0-OrderedRequestStreamObserver0: onError: org.apache.ratis.thirdparty.io.grpc.StatusRuntimeException: CANCELLED: cancelled before receiving half close
2019-06-13 12:04:11,497 INFO  impl.FollowerState (FollowerState.java:run(101)) - 4385f424-31b1-428a-a0ea-2f137423452e:group-BCE6487231AC changes to CANDIDATE, lastRpcTime:1079, electionTimeout:1079ms
2019-06-13 12:04:11,501 INFO  impl.RoleInfo (RoleInfo.java:shutdownFollowerState(121)) - 4385f424-31b1-428a-a0ea-2f137423452e: shutdown FollowerState
2019-06-13 12:04:11,501 INFO  impl.RaftServerImpl (RaftServerImpl.java:setRole(164)) - 4385f424-31b1-428a-a0ea-2f137423452e:group-BCE6487231AC changes role from FOLLOWER to CANDIDATE at term 6 for changeToCandidate
2019-06-13 12:04:11,501 INFO  impl.RoleInfo (RoleInfo.java:updateAndGet(143)) - 4385f424-31b1-428a-a0ea-2f137423452e: start LeaderElection
2019-06-13 12:04:11,520 INFO  impl.LeaderElection (LeaderElection.java:askForVotes(181)) - 4385f424-31b1-428a-a0ea-2f137423452e:group-BCE6487231AC:LeaderElection19: begin an election at term 7 for 0: [cfa6ee40-d911-4f1c-9330-44c1c1a7e901:192.168.46.58:39721, 4385f424-31b1-428a-a0ea-2f137423452e:192.168.46.58:43947, 40e85715-f542-4fe4-a7e5-a8202a6d8f0e:192.168.46.58:38617], old=null
2019-06-13 12:04:11,521 INFO  impl.LeaderElection (LogUtils.java:infoOrTrace(149)) - 4385f424-31b1-428a-a0ea-2f137423452e:group-BCE6487231AC:LeaderElection19 got exception when requesting votes: {}
java.util.concurrent.ExecutionException: org.apache.ratis.thirdparty.io.grpc.StatusRuntimeException: UNAVAILABLE: io exception
	at java.util.concurrent.FutureTask.report(FutureTask.java:122)
	at java.util.concurrent.FutureTask.get(FutureTask.java:192)
	at org.apache.ratis.server.impl.LeaderElection.waitForResults(LeaderElection.java:262)
	at org.apache.ratis.server.impl.LeaderElection.askForVotes(LeaderElection.java:200)
	at org.apache.ratis.server.impl.LeaderElection.run(LeaderElection.java:130)
	at java.lang.Thread.run(Thread.java:748)
Caused by: org.apache.ratis.thirdparty.io.grpc.StatusRuntimeException: UNAVAILABLE: io exception
	at org.apache.ratis.thirdparty.io.grpc.stub.ClientCalls.toStatusRuntimeException(ClientCalls.java:233)
	at org.apache.ratis.thirdparty.io.grpc.stub.ClientCalls.getUnchecked(ClientCalls.java:214)
	at org.apache.ratis.thirdparty.io.grpc.stub.ClientCalls.blockingUnaryCall(ClientCalls.java:139)
	at org.apache.ratis.proto.grpc.RaftServerProtocolServiceGrpc$RaftServerProtocolServiceBlockingStub.requestVote(RaftServerProtocolServiceGrpc.java:265)
	at org.apache.ratis.grpc.server.GrpcServerProtocolClient.requestVote(GrpcServerProtocolClient.java:83)
	at org.apache.ratis.grpc.server.GrpcService.requestVote(GrpcService.java:194)
	at org.apache.ratis.server.impl.LeaderElection.lambda$submitRequests$1(LeaderElection.java:237)
	at java.util.concurrent.FutureTask.run(FutureTask.java:266)
	at java.util.concurrent.Executors$RunnableAdapter.call(Executors.java:511)
	at java.util.concurrent.FutureTask.run(FutureTask.java:266)
	at java.util.concurrent.ThreadPoolExecutor.runWorker(ThreadPoolExecutor.java:1149)
	at java.util.concurrent.ThreadPoolExecutor$Worker.run(ThreadPoolExecutor.java:624)
	... 1 more
Caused by: org.apache.ratis.thirdparty.io.netty.channel.AbstractChannel$AnnotatedConnectException: Connection refused: /192.168.46.58:39721
	at sun.nio.ch.SocketChannelImpl.checkConnect(Native Method)
	at sun.nio.ch.SocketChannelImpl.finishConnect(SocketChannelImpl.java:717)
	at org.apache.ratis.thirdparty.io.netty.channel.socket.nio.NioSocketChannel.doFinishConnect(NioSocketChannel.java:327)
	at org.apache.ratis.thirdparty.io.netty.channel.nio.AbstractNioChannel$AbstractNioUnsafe.finishConnect(AbstractNioChannel.java:340)
	at org.apache.ratis.thirdparty.io.netty.channel.nio.NioEventLoop.processSelectedKey(NioEventLoop.java:632)
	at org.apache.ratis.thirdparty.io.netty.channel.nio.NioEventLoop.processSelectedKeysOptimized(NioEventLoop.java:579)
	at org.apache.ratis.thirdparty.io.netty.channel.nio.NioEventLoop.processSelectedKeys(NioEventLoop.java:496)
	at org.apache.ratis.thirdparty.io.netty.channel.nio.NioEventLoop.run(NioEventLoop.java:458)
	at org.apache.ratis.thirdparty.io.netty.util.concurrent.SingleThreadEventExecutor$5.run(SingleThreadEventExecutor.java:897)
	at org.apache.ratis.thirdparty.io.netty.util.concurrent.FastThreadLocalRunnable.run(FastThreadLocalRunnable.java:30)
	... 1 more
Caused by: java.net.ConnectException: Connection refused
	... 11 more
2019-06-13 12:04:11,523 INFO  impl.LeaderElection (LogUtils.java:infoOrTrace(149)) - 4385f424-31b1-428a-a0ea-2f137423452e:group-BCE6487231AC:LeaderElection19 got exception when requesting votes: {}
java.util.concurrent.ExecutionException: org.apache.ratis.thirdparty.io.grpc.StatusRuntimeException: UNAVAILABLE: io exception
	at java.util.concurrent.FutureTask.report(FutureTask.java:122)
	at java.util.concurrent.FutureTask.get(FutureTask.java:192)
	at org.apache.ratis.server.impl.LeaderElection.waitForResults(LeaderElection.java:262)
	at org.apache.ratis.server.impl.LeaderElection.askForVotes(LeaderElection.java:200)
	at org.apache.ratis.server.impl.LeaderElection.run(LeaderElection.java:130)
	at java.lang.Thread.run(Thread.java:748)
Caused by: org.apache.ratis.thirdparty.io.grpc.StatusRuntimeException: UNAVAILABLE: io exception
	at org.apache.ratis.thirdparty.io.grpc.stub.ClientCalls.toStatusRuntimeException(ClientCalls.java:233)
	at org.apache.ratis.thirdparty.io.grpc.stub.ClientCalls.getUnchecked(ClientCalls.java:214)
	at org.apache.ratis.thirdparty.io.grpc.stub.ClientCalls.blockingUnaryCall(ClientCalls.java:139)
	at org.apache.ratis.proto.grpc.RaftServerProtocolServiceGrpc$RaftServerProtocolServiceBlockingStub.requestVote(RaftServerProtocolServiceGrpc.java:265)
	at org.apache.ratis.grpc.server.GrpcServerProtocolClient.requestVote(GrpcServerProtocolClient.java:83)
	at org.apache.ratis.grpc.server.GrpcService.requestVote(GrpcService.java:194)
	at org.apache.ratis.server.impl.LeaderElection.lambda$submitRequests$1(LeaderElection.java:237)
	at java.util.concurrent.FutureTask.run(FutureTask.java:266)
	at java.util.concurrent.Executors$RunnableAdapter.call(Executors.java:511)
	at java.util.concurrent.FutureTask.run(FutureTask.java:266)
	at java.util.concurrent.ThreadPoolExecutor.runWorker(ThreadPoolExecutor.java:1149)
	at java.util.concurrent.ThreadPoolExecutor$Worker.run(ThreadPoolExecutor.java:624)
	... 1 more
Caused by: org.apache.ratis.thirdparty.io.netty.channel.AbstractChannel$AnnotatedConnectException: Connection refused: /192.168.46.58:38617
	at sun.nio.ch.SocketChannelImpl.checkConnect(Native Method)
	at sun.nio.ch.SocketChannelImpl.finishConnect(SocketChannelImpl.java:717)
	at org.apache.ratis.thirdparty.io.netty.channel.socket.nio.NioSocketChannel.doFinishConnect(NioSocketChannel.java:327)
	at org.apache.ratis.thirdparty.io.netty.channel.nio.AbstractNioChannel$AbstractNioUnsafe.finishConnect(AbstractNioChannel.java:340)
	at org.apache.ratis.thirdparty.io.netty.channel.nio.NioEventLoop.processSelectedKey(NioEventLoop.java:632)
	at org.apache.ratis.thirdparty.io.netty.channel.nio.NioEventLoop.processSelectedKeysOptimized(NioEventLoop.java:579)
	at org.apache.ratis.thirdparty.io.netty.channel.nio.NioEventLoop.processSelectedKeys(NioEventLoop.java:496)
	at org.apache.ratis.thirdparty.io.netty.channel.nio.NioEventLoop.run(NioEventLoop.java:458)
	at org.apache.ratis.thirdparty.io.netty.util.concurrent.SingleThreadEventExecutor$5.run(SingleThreadEventExecutor.java:897)
	at org.apache.ratis.thirdparty.io.netty.util.concurrent.FastThreadLocalRunnable.run(FastThreadLocalRunnable.java:30)
	... 1 more
Caused by: java.net.ConnectException: Connection refused
	... 11 more
2019-06-13 12:04:11,524 INFO  impl.LeaderElection (LeaderElection.java:logAndReturn(56)) - 4385f424-31b1-428a-a0ea-2f137423452e:group-BCE6487231AC:LeaderElection19: Election REJECTED; received 0 response(s) [] and 2 exception(s); 4385f424-31b1-428a-a0ea-2f137423452e:t7, leader=null, voted=4385f424-31b1-428a-a0ea-2f137423452e, raftlog=4385f424-31b1-428a-a0ea-2f137423452e-SegmentedRaftLog:OPENED:c15,f16,i16, conf=0: [cfa6ee40-d911-4f1c-9330-44c1c1a7e901:192.168.46.58:39721, 4385f424-31b1-428a-a0ea-2f137423452e:192.168.46.58:43947, 40e85715-f542-4fe4-a7e5-a8202a6d8f0e:192.168.46.58:38617], old=null
2019-06-13 12:04:11,524 INFO  impl.LeaderElection (LogUtils.java:infoOrTrace(149)) -   Exception 0: {}
java.util.concurrent.ExecutionException: org.apache.ratis.thirdparty.io.grpc.StatusRuntimeException: UNAVAILABLE: io exception
	at java.util.concurrent.FutureTask.report(FutureTask.java:122)
	at java.util.concurrent.FutureTask.get(FutureTask.java:192)
	at org.apache.ratis.server.impl.LeaderElection.waitForResults(LeaderElection.java:262)
	at org.apache.ratis.server.impl.LeaderElection.askForVotes(LeaderElection.java:200)
	at org.apache.ratis.server.impl.LeaderElection.run(LeaderElection.java:130)
	at java.lang.Thread.run(Thread.java:748)
Caused by: org.apache.ratis.thirdparty.io.grpc.StatusRuntimeException: UNAVAILABLE: io exception
	at org.apache.ratis.thirdparty.io.grpc.stub.ClientCalls.toStatusRuntimeException(ClientCalls.java:233)
	at org.apache.ratis.thirdparty.io.grpc.stub.ClientCalls.getUnchecked(ClientCalls.java:214)
	at org.apache.ratis.thirdparty.io.grpc.stub.ClientCalls.blockingUnaryCall(ClientCalls.java:139)
	at org.apache.ratis.proto.grpc.RaftServerProtocolServiceGrpc$RaftServerProtocolServiceBlockingStub.requestVote(RaftServerProtocolServiceGrpc.java:265)
	at org.apache.ratis.grpc.server.GrpcServerProtocolClient.requestVote(GrpcServerProtocolClient.java:83)
	at org.apache.ratis.grpc.server.GrpcService.requestVote(GrpcService.java:194)
	at org.apache.ratis.server.impl.LeaderElection.lambda$submitRequests$1(LeaderElection.java:237)
	at java.util.concurrent.FutureTask.run(FutureTask.java:266)
	at java.util.concurrent.Executors$RunnableAdapter.call(Executors.java:511)
	at java.util.concurrent.FutureTask.run(FutureTask.java:266)
	at java.util.concurrent.ThreadPoolExecutor.runWorker(ThreadPoolExecutor.java:1149)
	at java.util.concurrent.ThreadPoolExecutor$Worker.run(ThreadPoolExecutor.java:624)
	... 1 more
Caused by: org.apache.ratis.thirdparty.io.netty.channel.AbstractChannel$AnnotatedConnectException: Connection refused: /192.168.46.58:39721
	at sun.nio.ch.SocketChannelImpl.checkConnect(Native Method)
	at sun.nio.ch.SocketChannelImpl.finishConnect(SocketChannelImpl.java:717)
	at org.apache.ratis.thirdparty.io.netty.channel.socket.nio.NioSocketChannel.doFinishConnect(NioSocketChannel.java:327)
	at org.apache.ratis.thirdparty.io.netty.channel.nio.AbstractNioChannel$AbstractNioUnsafe.finishConnect(AbstractNioChannel.java:340)
	at org.apache.ratis.thirdparty.io.netty.channel.nio.NioEventLoop.processSelectedKey(NioEventLoop.java:632)
	at org.apache.ratis.thirdparty.io.netty.channel.nio.NioEventLoop.processSelectedKeysOptimized(NioEventLoop.java:579)
	at org.apache.ratis.thirdparty.io.netty.channel.nio.NioEventLoop.processSelectedKeys(NioEventLoop.java:496)
	at org.apache.ratis.thirdparty.io.netty.channel.nio.NioEventLoop.run(NioEventLoop.java:458)
	at org.apache.ratis.thirdparty.io.netty.util.concurrent.SingleThreadEventExecutor$5.run(SingleThreadEventExecutor.java:897)
	at org.apache.ratis.thirdparty.io.netty.util.concurrent.FastThreadLocalRunnable.run(FastThreadLocalRunnable.java:30)
	... 1 more
Caused by: java.net.ConnectException: Connection refused
	... 11 more
2019-06-13 12:04:11,524 INFO  impl.LeaderElection (LogUtils.java:infoOrTrace(149)) -   Exception 1: {}
java.util.concurrent.ExecutionException: org.apache.ratis.thirdparty.io.grpc.StatusRuntimeException: UNAVAILABLE: io exception
	at java.util.concurrent.FutureTask.report(FutureTask.java:122)
	at java.util.concurrent.FutureTask.get(FutureTask.java:192)
	at org.apache.ratis.server.impl.LeaderElection.waitForResults(LeaderElection.java:262)
	at org.apache.ratis.server.impl.LeaderElection.askForVotes(LeaderElection.java:200)
	at org.apache.ratis.server.impl.LeaderElection.run(LeaderElection.java:130)
	at java.lang.Thread.run(Thread.java:748)
Caused by: org.apache.ratis.thirdparty.io.grpc.StatusRuntimeException: UNAVAILABLE: io exception
	at org.apache.ratis.thirdparty.io.grpc.stub.ClientCalls.toStatusRuntimeException(ClientCalls.java:233)
	at org.apache.ratis.thirdparty.io.grpc.stub.ClientCalls.getUnchecked(ClientCalls.java:214)
	at org.apache.ratis.thirdparty.io.grpc.stub.ClientCalls.blockingUnaryCall(ClientCalls.java:139)
	at org.apache.ratis.proto.grpc.RaftServerProtocolServiceGrpc$RaftServerProtocolServiceBlockingStub.requestVote(RaftServerProtocolServiceGrpc.java:265)
	at org.apache.ratis.grpc.server.GrpcServerProtocolClient.requestVote(GrpcServerProtocolClient.java:83)
	at org.apache.ratis.grpc.server.GrpcService.requestVote(GrpcService.java:194)
	at org.apache.ratis.server.impl.LeaderElection.lambda$submitRequests$1(LeaderElection.java:237)
	at java.util.concurrent.FutureTask.run(FutureTask.java:266)
	at java.util.concurrent.Executors$RunnableAdapter.call(Executors.java:511)
	at java.util.concurrent.FutureTask.run(FutureTask.java:266)
	at java.util.concurrent.ThreadPoolExecutor.runWorker(ThreadPoolExecutor.java:1149)
	at java.util.concurrent.ThreadPoolExecutor$Worker.run(ThreadPoolExecutor.java:624)
	... 1 more
Caused by: org.apache.ratis.thirdparty.io.netty.channel.AbstractChannel$AnnotatedConnectException: Connection refused: /192.168.46.58:38617
	at sun.nio.ch.SocketChannelImpl.checkConnect(Native Method)
	at sun.nio.ch.SocketChannelImpl.finishConnect(SocketChannelImpl.java:717)
	at org.apache.ratis.thirdparty.io.netty.channel.socket.nio.NioSocketChannel.doFinishConnect(NioSocketChannel.java:327)
	at org.apache.ratis.thirdparty.io.netty.channel.nio.AbstractNioChannel$AbstractNioUnsafe.finishConnect(AbstractNioChannel.java:340)
	at org.apache.ratis.thirdparty.io.netty.channel.nio.NioEventLoop.processSelectedKey(NioEventLoop.java:632)
	at org.apache.ratis.thirdparty.io.netty.channel.nio.NioEventLoop.processSelectedKeysOptimized(NioEventLoop.java:579)
	at org.apache.ratis.thirdparty.io.netty.channel.nio.NioEventLoop.processSelectedKeys(NioEventLoop.java:496)
	at org.apache.ratis.thirdparty.io.netty.channel.nio.NioEventLoop.run(NioEventLoop.java:458)
	at org.apache.ratis.thirdparty.io.netty.util.concurrent.SingleThreadEventExecutor$5.run(SingleThreadEventExecutor.java:897)
	at org.apache.ratis.thirdparty.io.netty.util.concurrent.FastThreadLocalRunnable.run(FastThreadLocalRunnable.java:30)
	... 1 more
Caused by: java.net.ConnectException: Connection refused
	... 11 more
2019-06-13 12:04:11,525 INFO  impl.RaftServerImpl (RaftServerImpl.java:setRole(164)) - 4385f424-31b1-428a-a0ea-2f137423452e:group-BCE6487231AC changes role from CANDIDATE to FOLLOWER at term 7 for DISCOVERED_A_NEW_TERM
2019-06-13 12:04:11,525 INFO  impl.RoleInfo (RoleInfo.java:shutdownLeaderElection(134)) - 4385f424-31b1-428a-a0ea-2f137423452e: shutdown LeaderElection
2019-06-13 12:04:11,525 INFO  impl.RoleInfo (RoleInfo.java:updateAndGet(143)) - 4385f424-31b1-428a-a0ea-2f137423452e: start FollowerState
2019-06-13 12:04:12,131 INFO  client.GrpcClientProtocolClient (GrpcClientProtocolClient.java:onNext(254)) - client-9C0574E221EE->8cecba00-b083-47df-9f5a-b6be1e470733: receive RaftClientReply:client-9C0574E221EE->8cecba00-b083-47df-9f5a-b6be1e470733@group-20B8C391EFEC, cid=28, FAILED org.apache.ratis.protocol.NotLeaderException: Server 8cecba00-b083-47df-9f5a-b6be1e470733 is not the leader (6cef66d5-8cd3-44aa-be07-575ef65ad786:192.168.46.58:41525). Request must be sent to leader., logIndex=0, commits[8cecba00-b083-47df-9f5a-b6be1e470733:c0, 6cef66d5-8cd3-44aa-be07-575ef65ad786:c0, 859621b4-b51a-492c-ad6d-3244885c0c07:c0]
2019-06-13 12:04:12,134 WARN  client.GrpcClientProtocolService (LogUtils.java:warn(134)) - 1-OrderedRequestStreamObserver1: onError: org.apache.ratis.thirdparty.io.grpc.StatusRuntimeException: CANCELLED: cancelled before receiving half close
2019-06-13 12:04:12,583 INFO  impl.FollowerState (FollowerState.java:run(101)) - 4385f424-31b1-428a-a0ea-2f137423452e:group-BCE6487231AC changes to CANDIDATE, lastRpcTime:1058, electionTimeout:1058ms
2019-06-13 12:04:12,585 INFO  impl.RoleInfo (RoleInfo.java:shutdownFollowerState(121)) - 4385f424-31b1-428a-a0ea-2f137423452e: shutdown FollowerState
2019-06-13 12:04:12,585 INFO  impl.RaftServerImpl (RaftServerImpl.java:setRole(164)) - 4385f424-31b1-428a-a0ea-2f137423452e:group-BCE6487231AC changes role from FOLLOWER to CANDIDATE at term 7 for changeToCandidate
2019-06-13 12:04:12,585 INFO  impl.RoleInfo (RoleInfo.java:updateAndGet(143)) - 4385f424-31b1-428a-a0ea-2f137423452e: start LeaderElection
2019-06-13 12:04:12,600 INFO  impl.LeaderElection (LeaderElection.java:askForVotes(181)) - 4385f424-31b1-428a-a0ea-2f137423452e:group-BCE6487231AC:LeaderElection20: begin an election at term 8 for 0: [cfa6ee40-d911-4f1c-9330-44c1c1a7e901:192.168.46.58:39721, 4385f424-31b1-428a-a0ea-2f137423452e:192.168.46.58:43947, 40e85715-f542-4fe4-a7e5-a8202a6d8f0e:192.168.46.58:38617], old=null
2019-06-13 12:04:12,601 INFO  impl.LeaderElection (LogUtils.java:infoOrTrace(149)) - 4385f424-31b1-428a-a0ea-2f137423452e:group-BCE6487231AC:LeaderElection20 got exception when requesting votes: {}
java.util.concurrent.ExecutionException: org.apache.ratis.thirdparty.io.grpc.StatusRuntimeException: UNAVAILABLE: io exception
	at java.util.concurrent.FutureTask.report(FutureTask.java:122)
	at java.util.concurrent.FutureTask.get(FutureTask.java:192)
	at org.apache.ratis.server.impl.LeaderElection.waitForResults(LeaderElection.java:262)
	at org.apache.ratis.server.impl.LeaderElection.askForVotes(LeaderElection.java:200)
	at org.apache.ratis.server.impl.LeaderElection.run(LeaderElection.java:130)
	at java.lang.Thread.run(Thread.java:748)
Caused by: org.apache.ratis.thirdparty.io.grpc.StatusRuntimeException: UNAVAILABLE: io exception
	at org.apache.ratis.thirdparty.io.grpc.stub.ClientCalls.toStatusRuntimeException(ClientCalls.java:233)
	at org.apache.ratis.thirdparty.io.grpc.stub.ClientCalls.getUnchecked(ClientCalls.java:214)
	at org.apache.ratis.thirdparty.io.grpc.stub.ClientCalls.blockingUnaryCall(ClientCalls.java:139)
	at org.apache.ratis.proto.grpc.RaftServerProtocolServiceGrpc$RaftServerProtocolServiceBlockingStub.requestVote(RaftServerProtocolServiceGrpc.java:265)
	at org.apache.ratis.grpc.server.GrpcServerProtocolClient.requestVote(GrpcServerProtocolClient.java:83)
	at org.apache.ratis.grpc.server.GrpcService.requestVote(GrpcService.java:194)
	at org.apache.ratis.server.impl.LeaderElection.lambda$submitRequests$1(LeaderElection.java:237)
	at java.util.concurrent.FutureTask.run(FutureTask.java:266)
	at java.util.concurrent.Executors$RunnableAdapter.call(Executors.java:511)
	at java.util.concurrent.FutureTask.run(FutureTask.java:266)
	at java.util.concurrent.ThreadPoolExecutor.runWorker(ThreadPoolExecutor.java:1149)
	at java.util.concurrent.ThreadPoolExecutor$Worker.run(ThreadPoolExecutor.java:624)
	... 1 more
Caused by: org.apache.ratis.thirdparty.io.netty.channel.AbstractChannel$AnnotatedConnectException: Connection refused: /192.168.46.58:38617
	at sun.nio.ch.SocketChannelImpl.checkConnect(Native Method)
	at sun.nio.ch.SocketChannelImpl.finishConnect(SocketChannelImpl.java:717)
	at org.apache.ratis.thirdparty.io.netty.channel.socket.nio.NioSocketChannel.doFinishConnect(NioSocketChannel.java:327)
	at org.apache.ratis.thirdparty.io.netty.channel.nio.AbstractNioChannel$AbstractNioUnsafe.finishConnect(AbstractNioChannel.java:340)
	at org.apache.ratis.thirdparty.io.netty.channel.nio.NioEventLoop.processSelectedKey(NioEventLoop.java:632)
	at org.apache.ratis.thirdparty.io.netty.channel.nio.NioEventLoop.processSelectedKeysOptimized(NioEventLoop.java:579)
	at org.apache.ratis.thirdparty.io.netty.channel.nio.NioEventLoop.processSelectedKeys(NioEventLoop.java:496)
	at org.apache.ratis.thirdparty.io.netty.channel.nio.NioEventLoop.run(NioEventLoop.java:458)
	at org.apache.ratis.thirdparty.io.netty.util.concurrent.SingleThreadEventExecutor$5.run(SingleThreadEventExecutor.java:897)
	at org.apache.ratis.thirdparty.io.netty.util.concurrent.FastThreadLocalRunnable.run(FastThreadLocalRunnable.java:30)
	... 1 more
Caused by: java.net.ConnectException: Connection refused
	... 11 more
2019-06-13 12:04:12,602 INFO  impl.LeaderElection (LogUtils.java:infoOrTrace(149)) - 4385f424-31b1-428a-a0ea-2f137423452e:group-BCE6487231AC:LeaderElection20 got exception when requesting votes: {}
java.util.concurrent.ExecutionException: org.apache.ratis.thirdparty.io.grpc.StatusRuntimeException: UNAVAILABLE: io exception
	at java.util.concurrent.FutureTask.report(FutureTask.java:122)
	at java.util.concurrent.FutureTask.get(FutureTask.java:192)
	at org.apache.ratis.server.impl.LeaderElection.waitForResults(LeaderElection.java:262)
	at org.apache.ratis.server.impl.LeaderElection.askForVotes(LeaderElection.java:200)
	at org.apache.ratis.server.impl.LeaderElection.run(LeaderElection.java:130)
	at java.lang.Thread.run(Thread.java:748)
Caused by: org.apache.ratis.thirdparty.io.grpc.StatusRuntimeException: UNAVAILABLE: io exception
	at org.apache.ratis.thirdparty.io.grpc.stub.ClientCalls.toStatusRuntimeException(ClientCalls.java:233)
	at org.apache.ratis.thirdparty.io.grpc.stub.ClientCalls.getUnchecked(ClientCalls.java:214)
	at org.apache.ratis.thirdparty.io.grpc.stub.ClientCalls.blockingUnaryCall(ClientCalls.java:139)
	at org.apache.ratis.proto.grpc.RaftServerProtocolServiceGrpc$RaftServerProtocolServiceBlockingStub.requestVote(RaftServerProtocolServiceGrpc.java:265)
	at org.apache.ratis.grpc.server.GrpcServerProtocolClient.requestVote(GrpcServerProtocolClient.java:83)
	at org.apache.ratis.grpc.server.GrpcService.requestVote(GrpcService.java:194)
	at org.apache.ratis.server.impl.LeaderElection.lambda$submitRequests$1(LeaderElection.java:237)
	at java.util.concurrent.FutureTask.run(FutureTask.java:266)
	at java.util.concurrent.Executors$RunnableAdapter.call(Executors.java:511)
	at java.util.concurrent.FutureTask.run(FutureTask.java:266)
	at java.util.concurrent.ThreadPoolExecutor.runWorker(ThreadPoolExecutor.java:1149)
	at java.util.concurrent.ThreadPoolExecutor$Worker.run(ThreadPoolExecutor.java:624)
	... 1 more
Caused by: org.apache.ratis.thirdparty.io.netty.channel.AbstractChannel$AnnotatedConnectException: Connection refused: /192.168.46.58:39721
	at sun.nio.ch.SocketChannelImpl.checkConnect(Native Method)
	at sun.nio.ch.SocketChannelImpl.finishConnect(SocketChannelImpl.java:717)
	at org.apache.ratis.thirdparty.io.netty.channel.socket.nio.NioSocketChannel.doFinishConnect(NioSocketChannel.java:327)
	at org.apache.ratis.thirdparty.io.netty.channel.nio.AbstractNioChannel$AbstractNioUnsafe.finishConnect(AbstractNioChannel.java:340)
	at org.apache.ratis.thirdparty.io.netty.channel.nio.NioEventLoop.processSelectedKey(NioEventLoop.java:632)
	at org.apache.ratis.thirdparty.io.netty.channel.nio.NioEventLoop.processSelectedKeysOptimized(NioEventLoop.java:579)
	at org.apache.ratis.thirdparty.io.netty.channel.nio.NioEventLoop.processSelectedKeys(NioEventLoop.java:496)
	at org.apache.ratis.thirdparty.io.netty.channel.nio.NioEventLoop.run(NioEventLoop.java:458)
	at org.apache.ratis.thirdparty.io.netty.util.concurrent.SingleThreadEventExecutor$5.run(SingleThreadEventExecutor.java:897)
	at org.apache.ratis.thirdparty.io.netty.util.concurrent.FastThreadLocalRunnable.run(FastThreadLocalRunnable.java:30)
	... 1 more
Caused by: java.net.ConnectException: Connection refused
	... 11 more
2019-06-13 12:04:12,604 INFO  impl.LeaderElection (LeaderElection.java:logAndReturn(56)) - 4385f424-31b1-428a-a0ea-2f137423452e:group-BCE6487231AC:LeaderElection20: Election REJECTED; received 0 response(s) [] and 2 exception(s); 4385f424-31b1-428a-a0ea-2f137423452e:t8, leader=null, voted=4385f424-31b1-428a-a0ea-2f137423452e, raftlog=4385f424-31b1-428a-a0ea-2f137423452e-SegmentedRaftLog:OPENED:c15,f16,i16, conf=0: [cfa6ee40-d911-4f1c-9330-44c1c1a7e901:192.168.46.58:39721, 4385f424-31b1-428a-a0ea-2f137423452e:192.168.46.58:43947, 40e85715-f542-4fe4-a7e5-a8202a6d8f0e:192.168.46.58:38617], old=null
2019-06-13 12:04:12,604 INFO  impl.LeaderElection (LogUtils.java:infoOrTrace(149)) -   Exception 0: {}
java.util.concurrent.ExecutionException: org.apache.ratis.thirdparty.io.grpc.StatusRuntimeException: UNAVAILABLE: io exception
	at java.util.concurrent.FutureTask.report(FutureTask.java:122)
	at java.util.concurrent.FutureTask.get(FutureTask.java:192)
	at org.apache.ratis.server.impl.LeaderElection.waitForResults(LeaderElection.java:262)
	at org.apache.ratis.server.impl.LeaderElection.askForVotes(LeaderElection.java:200)
	at org.apache.ratis.server.impl.LeaderElection.run(LeaderElection.java:130)
	at java.lang.Thread.run(Thread.java:748)
Caused by: org.apache.ratis.thirdparty.io.grpc.StatusRuntimeException: UNAVAILABLE: io exception
	at org.apache.ratis.thirdparty.io.grpc.stub.ClientCalls.toStatusRuntimeException(ClientCalls.java:233)
	at org.apache.ratis.thirdparty.io.grpc.stub.ClientCalls.getUnchecked(ClientCalls.java:214)
	at org.apache.ratis.thirdparty.io.grpc.stub.ClientCalls.blockingUnaryCall(ClientCalls.java:139)
	at org.apache.ratis.proto.grpc.RaftServerProtocolServiceGrpc$RaftServerProtocolServiceBlockingStub.requestVote(RaftServerProtocolServiceGrpc.java:265)
	at org.apache.ratis.grpc.server.GrpcServerProtocolClient.requestVote(GrpcServerProtocolClient.java:83)
	at org.apache.ratis.grpc.server.GrpcService.requestVote(GrpcService.java:194)
	at org.apache.ratis.server.impl.LeaderElection.lambda$submitRequests$1(LeaderElection.java:237)
	at java.util.concurrent.FutureTask.run(FutureTask.java:266)
	at java.util.concurrent.Executors$RunnableAdapter.call(Executors.java:511)
	at java.util.concurrent.FutureTask.run(FutureTask.java:266)
	at java.util.concurrent.ThreadPoolExecutor.runWorker(ThreadPoolExecutor.java:1149)
	at java.util.concurrent.ThreadPoolExecutor$Worker.run(ThreadPoolExecutor.java:624)
	... 1 more
Caused by: org.apache.ratis.thirdparty.io.netty.channel.AbstractChannel$AnnotatedConnectException: Connection refused: /192.168.46.58:38617
	at sun.nio.ch.SocketChannelImpl.checkConnect(Native Method)
	at sun.nio.ch.SocketChannelImpl.finishConnect(SocketChannelImpl.java:717)
	at org.apache.ratis.thirdparty.io.netty.channel.socket.nio.NioSocketChannel.doFinishConnect(NioSocketChannel.java:327)
	at org.apache.ratis.thirdparty.io.netty.channel.nio.AbstractNioChannel$AbstractNioUnsafe.finishConnect(AbstractNioChannel.java:340)
	at org.apache.ratis.thirdparty.io.netty.channel.nio.NioEventLoop.processSelectedKey(NioEventLoop.java:632)
	at org.apache.ratis.thirdparty.io.netty.channel.nio.NioEventLoop.processSelectedKeysOptimized(NioEventLoop.java:579)
	at org.apache.ratis.thirdparty.io.netty.channel.nio.NioEventLoop.processSelectedKeys(NioEventLoop.java:496)
	at org.apache.ratis.thirdparty.io.netty.channel.nio.NioEventLoop.run(NioEventLoop.java:458)
	at org.apache.ratis.thirdparty.io.netty.util.concurrent.SingleThreadEventExecutor$5.run(SingleThreadEventExecutor.java:897)
	at org.apache.ratis.thirdparty.io.netty.util.concurrent.FastThreadLocalRunnable.run(FastThreadLocalRunnable.java:30)
	... 1 more
Caused by: java.net.ConnectException: Connection refused
	... 11 more
2019-06-13 12:04:12,604 INFO  impl.LeaderElection (LogUtils.java:infoOrTrace(149)) -   Exception 1: {}
java.util.concurrent.ExecutionException: org.apache.ratis.thirdparty.io.grpc.StatusRuntimeException: UNAVAILABLE: io exception
	at java.util.concurrent.FutureTask.report(FutureTask.java:122)
	at java.util.concurrent.FutureTask.get(FutureTask.java:192)
	at org.apache.ratis.server.impl.LeaderElection.waitForResults(LeaderElection.java:262)
	at org.apache.ratis.server.impl.LeaderElection.askForVotes(LeaderElection.java:200)
	at org.apache.ratis.server.impl.LeaderElection.run(LeaderElection.java:130)
	at java.lang.Thread.run(Thread.java:748)
Caused by: org.apache.ratis.thirdparty.io.grpc.StatusRuntimeException: UNAVAILABLE: io exception
	at org.apache.ratis.thirdparty.io.grpc.stub.ClientCalls.toStatusRuntimeException(ClientCalls.java:233)
	at org.apache.ratis.thirdparty.io.grpc.stub.ClientCalls.getUnchecked(ClientCalls.java:214)
	at org.apache.ratis.thirdparty.io.grpc.stub.ClientCalls.blockingUnaryCall(ClientCalls.java:139)
	at org.apache.ratis.proto.grpc.RaftServerProtocolServiceGrpc$RaftServerProtocolServiceBlockingStub.requestVote(RaftServerProtocolServiceGrpc.java:265)
	at org.apache.ratis.grpc.server.GrpcServerProtocolClient.requestVote(GrpcServerProtocolClient.java:83)
	at org.apache.ratis.grpc.server.GrpcService.requestVote(GrpcService.java:194)
	at org.apache.ratis.server.impl.LeaderElection.lambda$submitRequests$1(LeaderElection.java:237)
	at java.util.concurrent.FutureTask.run(FutureTask.java:266)
	at java.util.concurrent.Executors$RunnableAdapter.call(Executors.java:511)
	at java.util.concurrent.FutureTask.run(FutureTask.java:266)
	at java.util.concurrent.ThreadPoolExecutor.runWorker(ThreadPoolExecutor.java:1149)
	at java.util.concurrent.ThreadPoolExecutor$Worker.run(ThreadPoolExecutor.java:624)
	... 1 more
Caused by: org.apache.ratis.thirdparty.io.netty.channel.AbstractChannel$AnnotatedConnectException: Connection refused: /192.168.46.58:39721
	at sun.nio.ch.SocketChannelImpl.checkConnect(Native Method)
	at sun.nio.ch.SocketChannelImpl.finishConnect(SocketChannelImpl.java:717)
	at org.apache.ratis.thirdparty.io.netty.channel.socket.nio.NioSocketChannel.doFinishConnect(NioSocketChannel.java:327)
	at org.apache.ratis.thirdparty.io.netty.channel.nio.AbstractNioChannel$AbstractNioUnsafe.finishConnect(AbstractNioChannel.java:340)
	at org.apache.ratis.thirdparty.io.netty.channel.nio.NioEventLoop.processSelectedKey(NioEventLoop.java:632)
	at org.apache.ratis.thirdparty.io.netty.channel.nio.NioEventLoop.processSelectedKeysOptimized(NioEventLoop.java:579)
	at org.apache.ratis.thirdparty.io.netty.channel.nio.NioEventLoop.processSelectedKeys(NioEventLoop.java:496)
	at org.apache.ratis.thirdparty.io.netty.channel.nio.NioEventLoop.run(NioEventLoop.java:458)
	at org.apache.ratis.thirdparty.io.netty.util.concurrent.SingleThreadEventExecutor$5.run(SingleThreadEventExecutor.java:897)
	at org.apache.ratis.thirdparty.io.netty.util.concurrent.FastThreadLocalRunnable.run(FastThreadLocalRunnable.java:30)
	... 1 more
Caused by: java.net.ConnectException: Connection refused
	... 11 more
2019-06-13 12:04:12,604 INFO  impl.RaftServerImpl (RaftServerImpl.java:setRole(164)) - 4385f424-31b1-428a-a0ea-2f137423452e:group-BCE6487231AC changes role from CANDIDATE to FOLLOWER at term 8 for DISCOVERED_A_NEW_TERM
2019-06-13 12:04:12,604 INFO  impl.RoleInfo (RoleInfo.java:shutdownLeaderElection(134)) - 4385f424-31b1-428a-a0ea-2f137423452e: shutdown LeaderElection
2019-06-13 12:04:12,604 INFO  impl.RoleInfo (RoleInfo.java:updateAndGet(143)) - 4385f424-31b1-428a-a0ea-2f137423452e: start FollowerState
2019-06-13 12:04:13,144 INFO  client.GrpcClientProtocolClient (GrpcClientProtocolClient.java:onNext(254)) - client-9C0574E221EE->859621b4-b51a-492c-ad6d-3244885c0c07: receive RaftClientReply:client-9C0574E221EE->859621b4-b51a-492c-ad6d-3244885c0c07@group-20B8C391EFEC, cid=28, FAILED org.apache.ratis.protocol.NotLeaderException: Server 859621b4-b51a-492c-ad6d-3244885c0c07 is not the leader (6cef66d5-8cd3-44aa-be07-575ef65ad786:192.168.46.58:41525). Request must be sent to leader., logIndex=0, commits[859621b4-b51a-492c-ad6d-3244885c0c07:c0, 6cef66d5-8cd3-44aa-be07-575ef65ad786:c0, 8cecba00-b083-47df-9f5a-b6be1e470733:c0]
2019-06-13 12:04:13,146 WARN  client.GrpcClientProtocolService (LogUtils.java:warn(134)) - 1-OrderedRequestStreamObserver1: onError: org.apache.ratis.thirdparty.io.grpc.StatusRuntimeException: CANCELLED: cancelled before receiving half close
2019-06-13 12:04:13,702 INFO  impl.FollowerState (FollowerState.java:run(101)) - 4385f424-31b1-428a-a0ea-2f137423452e:group-BCE6487231AC changes to CANDIDATE, lastRpcTime:1097, electionTimeout:1097ms
2019-06-13 12:04:13,703 INFO  impl.RoleInfo (RoleInfo.java:shutdownFollowerState(121)) - 4385f424-31b1-428a-a0ea-2f137423452e: shutdown FollowerState
2019-06-13 12:04:13,703 INFO  impl.RaftServerImpl (RaftServerImpl.java:setRole(164)) - 4385f424-31b1-428a-a0ea-2f137423452e:group-BCE6487231AC changes role from FOLLOWER to CANDIDATE at term 8 for changeToCandidate
2019-06-13 12:04:13,703 INFO  impl.RoleInfo (RoleInfo.java:updateAndGet(143)) - 4385f424-31b1-428a-a0ea-2f137423452e: start LeaderElection
2019-06-13 12:04:13,740 INFO  impl.LeaderElection (LeaderElection.java:askForVotes(181)) - 4385f424-31b1-428a-a0ea-2f137423452e:group-BCE6487231AC:LeaderElection21: begin an election at term 9 for 0: [cfa6ee40-d911-4f1c-9330-44c1c1a7e901:192.168.46.58:39721, 4385f424-31b1-428a-a0ea-2f137423452e:192.168.46.58:43947, 40e85715-f542-4fe4-a7e5-a8202a6d8f0e:192.168.46.58:38617], old=null
2019-06-13 12:04:13,741 INFO  impl.LeaderElection (LogUtils.java:infoOrTrace(149)) - 4385f424-31b1-428a-a0ea-2f137423452e:group-BCE6487231AC:LeaderElection21 got exception when requesting votes: {}
java.util.concurrent.ExecutionException: org.apache.ratis.thirdparty.io.grpc.StatusRuntimeException: UNAVAILABLE: io exception
	at java.util.concurrent.FutureTask.report(FutureTask.java:122)
	at java.util.concurrent.FutureTask.get(FutureTask.java:192)
	at org.apache.ratis.server.impl.LeaderElection.waitForResults(LeaderElection.java:262)
	at org.apache.ratis.server.impl.LeaderElection.askForVotes(LeaderElection.java:200)
	at org.apache.ratis.server.impl.LeaderElection.run(LeaderElection.java:130)
	at java.lang.Thread.run(Thread.java:748)
Caused by: org.apache.ratis.thirdparty.io.grpc.StatusRuntimeException: UNAVAILABLE: io exception
	at org.apache.ratis.thirdparty.io.grpc.stub.ClientCalls.toStatusRuntimeException(ClientCalls.java:233)
	at org.apache.ratis.thirdparty.io.grpc.stub.ClientCalls.getUnchecked(ClientCalls.java:214)
	at org.apache.ratis.thirdparty.io.grpc.stub.ClientCalls.blockingUnaryCall(ClientCalls.java:139)
	at org.apache.ratis.proto.grpc.RaftServerProtocolServiceGrpc$RaftServerProtocolServiceBlockingStub.requestVote(RaftServerProtocolServiceGrpc.java:265)
	at org.apache.ratis.grpc.server.GrpcServerProtocolClient.requestVote(GrpcServerProtocolClient.java:83)
	at org.apache.ratis.grpc.server.GrpcService.requestVote(GrpcService.java:194)
	at org.apache.ratis.server.impl.LeaderElection.lambda$submitRequests$1(LeaderElection.java:237)
	at java.util.concurrent.FutureTask.run(FutureTask.java:266)
	at java.util.concurrent.Executors$RunnableAdapter.call(Executors.java:511)
	at java.util.concurrent.FutureTask.run(FutureTask.java:266)
	at java.util.concurrent.ThreadPoolExecutor.runWorker(ThreadPoolExecutor.java:1149)
	at java.util.concurrent.ThreadPoolExecutor$Worker.run(ThreadPoolExecutor.java:624)
	... 1 more
Caused by: org.apache.ratis.thirdparty.io.netty.channel.AbstractChannel$AnnotatedConnectException: Connection refused: /192.168.46.58:39721
	at sun.nio.ch.SocketChannelImpl.checkConnect(Native Method)
	at sun.nio.ch.SocketChannelImpl.finishConnect(SocketChannelImpl.java:717)
	at org.apache.ratis.thirdparty.io.netty.channel.socket.nio.NioSocketChannel.doFinishConnect(NioSocketChannel.java:327)
	at org.apache.ratis.thirdparty.io.netty.channel.nio.AbstractNioChannel$AbstractNioUnsafe.finishConnect(AbstractNioChannel.java:340)
	at org.apache.ratis.thirdparty.io.netty.channel.nio.NioEventLoop.processSelectedKey(NioEventLoop.java:632)
	at org.apache.ratis.thirdparty.io.netty.channel.nio.NioEventLoop.processSelectedKeysOptimized(NioEventLoop.java:579)
	at org.apache.ratis.thirdparty.io.netty.channel.nio.NioEventLoop.processSelectedKeys(NioEventLoop.java:496)
	at org.apache.ratis.thirdparty.io.netty.channel.nio.NioEventLoop.run(NioEventLoop.java:458)
	at org.apache.ratis.thirdparty.io.netty.util.concurrent.SingleThreadEventExecutor$5.run(SingleThreadEventExecutor.java:897)
	at org.apache.ratis.thirdparty.io.netty.util.concurrent.FastThreadLocalRunnable.run(FastThreadLocalRunnable.java:30)
	... 1 more
Caused by: java.net.ConnectException: Connection refused
	... 11 more
2019-06-13 12:04:13,743 INFO  impl.LeaderElection (LogUtils.java:infoOrTrace(149)) - 4385f424-31b1-428a-a0ea-2f137423452e:group-BCE6487231AC:LeaderElection21 got exception when requesting votes: {}
java.util.concurrent.ExecutionException: org.apache.ratis.thirdparty.io.grpc.StatusRuntimeException: UNAVAILABLE: io exception
	at java.util.concurrent.FutureTask.report(FutureTask.java:122)
	at java.util.concurrent.FutureTask.get(FutureTask.java:192)
	at org.apache.ratis.server.impl.LeaderElection.waitForResults(LeaderElection.java:262)
	at org.apache.ratis.server.impl.LeaderElection.askForVotes(LeaderElection.java:200)
	at org.apache.ratis.server.impl.LeaderElection.run(LeaderElection.java:130)
	at java.lang.Thread.run(Thread.java:748)
Caused by: org.apache.ratis.thirdparty.io.grpc.StatusRuntimeException: UNAVAILABLE: io exception
	at org.apache.ratis.thirdparty.io.grpc.stub.ClientCalls.toStatusRuntimeException(ClientCalls.java:233)
	at org.apache.ratis.thirdparty.io.grpc.stub.ClientCalls.getUnchecked(ClientCalls.java:214)
	at org.apache.ratis.thirdparty.io.grpc.stub.ClientCalls.blockingUnaryCall(ClientCalls.java:139)
	at org.apache.ratis.proto.grpc.RaftServerProtocolServiceGrpc$RaftServerProtocolServiceBlockingStub.requestVote(RaftServerProtocolServiceGrpc.java:265)
	at org.apache.ratis.grpc.server.GrpcServerProtocolClient.requestVote(GrpcServerProtocolClient.java:83)
	at org.apache.ratis.grpc.server.GrpcService.requestVote(GrpcService.java:194)
	at org.apache.ratis.server.impl.LeaderElection.lambda$submitRequests$1(LeaderElection.java:237)
	at java.util.concurrent.FutureTask.run(FutureTask.java:266)
	at java.util.concurrent.Executors$RunnableAdapter.call(Executors.java:511)
	at java.util.concurrent.FutureTask.run(FutureTask.java:266)
	at java.util.concurrent.ThreadPoolExecutor.runWorker(ThreadPoolExecutor.java:1149)
	at java.util.concurrent.ThreadPoolExecutor$Worker.run(ThreadPoolExecutor.java:624)
	... 1 more
Caused by: org.apache.ratis.thirdparty.io.netty.channel.AbstractChannel$AnnotatedConnectException: Connection refused: /192.168.46.58:38617
	at sun.nio.ch.SocketChannelImpl.checkConnect(Native Method)
	at sun.nio.ch.SocketChannelImpl.finishConnect(SocketChannelImpl.java:717)
	at org.apache.ratis.thirdparty.io.netty.channel.socket.nio.NioSocketChannel.doFinishConnect(NioSocketChannel.java:327)
	at org.apache.ratis.thirdparty.io.netty.channel.nio.AbstractNioChannel$AbstractNioUnsafe.finishConnect(AbstractNioChannel.java:340)
	at org.apache.ratis.thirdparty.io.netty.channel.nio.NioEventLoop.processSelectedKey(NioEventLoop.java:632)
	at org.apache.ratis.thirdparty.io.netty.channel.nio.NioEventLoop.processSelectedKeysOptimized(NioEventLoop.java:579)
	at org.apache.ratis.thirdparty.io.netty.channel.nio.NioEventLoop.processSelectedKeys(NioEventLoop.java:496)
	at org.apache.ratis.thirdparty.io.netty.channel.nio.NioEventLoop.run(NioEventLoop.java:458)
	at org.apache.ratis.thirdparty.io.netty.util.concurrent.SingleThreadEventExecutor$5.run(SingleThreadEventExecutor.java:897)
	at org.apache.ratis.thirdparty.io.netty.util.concurrent.FastThreadLocalRunnable.run(FastThreadLocalRunnable.java:30)
	... 1 more
Caused by: java.net.ConnectException: Connection refused
	... 11 more
2019-06-13 12:04:13,744 INFO  impl.LeaderElection (LeaderElection.java:logAndReturn(56)) - 4385f424-31b1-428a-a0ea-2f137423452e:group-BCE6487231AC:LeaderElection21: Election REJECTED; received 0 response(s) [] and 2 exception(s); 4385f424-31b1-428a-a0ea-2f137423452e:t9, leader=null, voted=4385f424-31b1-428a-a0ea-2f137423452e, raftlog=4385f424-31b1-428a-a0ea-2f137423452e-SegmentedRaftLog:OPENED:c15,f16,i16, conf=0: [cfa6ee40-d911-4f1c-9330-44c1c1a7e901:192.168.46.58:39721, 4385f424-31b1-428a-a0ea-2f137423452e:192.168.46.58:43947, 40e85715-f542-4fe4-a7e5-a8202a6d8f0e:192.168.46.58:38617], old=null
2019-06-13 12:04:13,744 INFO  impl.LeaderElection (LogUtils.java:infoOrTrace(149)) -   Exception 0: {}
java.util.concurrent.ExecutionException: org.apache.ratis.thirdparty.io.grpc.StatusRuntimeException: UNAVAILABLE: io exception
	at java.util.concurrent.FutureTask.report(FutureTask.java:122)
	at java.util.concurrent.FutureTask.get(FutureTask.java:192)
	at org.apache.ratis.server.impl.LeaderElection.waitForResults(LeaderElection.java:262)
	at org.apache.ratis.server.impl.LeaderElection.askForVotes(LeaderElection.java:200)
	at org.apache.ratis.server.impl.LeaderElection.run(LeaderElection.java:130)
	at java.lang.Thread.run(Thread.java:748)
Caused by: org.apache.ratis.thirdparty.io.grpc.StatusRuntimeException: UNAVAILABLE: io exception
	at org.apache.ratis.thirdparty.io.grpc.stub.ClientCalls.toStatusRuntimeException(ClientCalls.java:233)
	at org.apache.ratis.thirdparty.io.grpc.stub.ClientCalls.getUnchecked(ClientCalls.java:214)
	at org.apache.ratis.thirdparty.io.grpc.stub.ClientCalls.blockingUnaryCall(ClientCalls.java:139)
	at org.apache.ratis.proto.grpc.RaftServerProtocolServiceGrpc$RaftServerProtocolServiceBlockingStub.requestVote(RaftServerProtocolServiceGrpc.java:265)
	at org.apache.ratis.grpc.server.GrpcServerProtocolClient.requestVote(GrpcServerProtocolClient.java:83)
	at org.apache.ratis.grpc.server.GrpcService.requestVote(GrpcService.java:194)
	at org.apache.ratis.server.impl.LeaderElection.lambda$submitRequests$1(LeaderElection.java:237)
	at java.util.concurrent.FutureTask.run(FutureTask.java:266)
	at java.util.concurrent.Executors$RunnableAdapter.call(Executors.java:511)
	at java.util.concurrent.FutureTask.run(FutureTask.java:266)
	at java.util.concurrent.ThreadPoolExecutor.runWorker(ThreadPoolExecutor.java:1149)
	at java.util.concurrent.ThreadPoolExecutor$Worker.run(ThreadPoolExecutor.java:624)
	... 1 more
Caused by: org.apache.ratis.thirdparty.io.netty.channel.AbstractChannel$AnnotatedConnectException: Connection refused: /192.168.46.58:39721
	at sun.nio.ch.SocketChannelImpl.checkConnect(Native Method)
	at sun.nio.ch.SocketChannelImpl.finishConnect(SocketChannelImpl.java:717)
	at org.apache.ratis.thirdparty.io.netty.channel.socket.nio.NioSocketChannel.doFinishConnect(NioSocketChannel.java:327)
	at org.apache.ratis.thirdparty.io.netty.channel.nio.AbstractNioChannel$AbstractNioUnsafe.finishConnect(AbstractNioChannel.java:340)
	at org.apache.ratis.thirdparty.io.netty.channel.nio.NioEventLoop.processSelectedKey(NioEventLoop.java:632)
	at org.apache.ratis.thirdparty.io.netty.channel.nio.NioEventLoop.processSelectedKeysOptimized(NioEventLoop.java:579)
	at org.apache.ratis.thirdparty.io.netty.channel.nio.NioEventLoop.processSelectedKeys(NioEventLoop.java:496)
	at org.apache.ratis.thirdparty.io.netty.channel.nio.NioEventLoop.run(NioEventLoop.java:458)
	at org.apache.ratis.thirdparty.io.netty.util.concurrent.SingleThreadEventExecutor$5.run(SingleThreadEventExecutor.java:897)
	at org.apache.ratis.thirdparty.io.netty.util.concurrent.FastThreadLocalRunnable.run(FastThreadLocalRunnable.java:30)
	... 1 more
Caused by: java.net.ConnectException: Connection refused
	... 11 more
2019-06-13 12:04:13,744 INFO  impl.LeaderElection (LogUtils.java:infoOrTrace(149)) -   Exception 1: {}
java.util.concurrent.ExecutionException: org.apache.ratis.thirdparty.io.grpc.StatusRuntimeException: UNAVAILABLE: io exception
	at java.util.concurrent.FutureTask.report(FutureTask.java:122)
	at java.util.concurrent.FutureTask.get(FutureTask.java:192)
	at org.apache.ratis.server.impl.LeaderElection.waitForResults(LeaderElection.java:262)
	at org.apache.ratis.server.impl.LeaderElection.askForVotes(LeaderElection.java:200)
	at org.apache.ratis.server.impl.LeaderElection.run(LeaderElection.java:130)
	at java.lang.Thread.run(Thread.java:748)
Caused by: org.apache.ratis.thirdparty.io.grpc.StatusRuntimeException: UNAVAILABLE: io exception
	at org.apache.ratis.thirdparty.io.grpc.stub.ClientCalls.toStatusRuntimeException(ClientCalls.java:233)
	at org.apache.ratis.thirdparty.io.grpc.stub.ClientCalls.getUnchecked(ClientCalls.java:214)
	at org.apache.ratis.thirdparty.io.grpc.stub.ClientCalls.blockingUnaryCall(ClientCalls.java:139)
	at org.apache.ratis.proto.grpc.RaftServerProtocolServiceGrpc$RaftServerProtocolServiceBlockingStub.requestVote(RaftServerProtocolServiceGrpc.java:265)
	at org.apache.ratis.grpc.server.GrpcServerProtocolClient.requestVote(GrpcServerProtocolClient.java:83)
	at org.apache.ratis.grpc.server.GrpcService.requestVote(GrpcService.java:194)
	at org.apache.ratis.server.impl.LeaderElection.lambda$submitRequests$1(LeaderElection.java:237)
	at java.util.concurrent.FutureTask.run(FutureTask.java:266)
	at java.util.concurrent.Executors$RunnableAdapter.call(Executors.java:511)
	at java.util.concurrent.FutureTask.run(FutureTask.java:266)
	at java.util.concurrent.ThreadPoolExecutor.runWorker(ThreadPoolExecutor.java:1149)
	at java.util.concurrent.ThreadPoolExecutor$Worker.run(ThreadPoolExecutor.java:624)
	... 1 more
Caused by: org.apache.ratis.thirdparty.io.netty.channel.AbstractChannel$AnnotatedConnectException: Connection refused: /192.168.46.58:38617
	at sun.nio.ch.SocketChannelImpl.checkConnect(Native Method)
	at sun.nio.ch.SocketChannelImpl.finishConnect(SocketChannelImpl.java:717)
	at org.apache.ratis.thirdparty.io.netty.channel.socket.nio.NioSocketChannel.doFinishConnect(NioSocketChannel.java:327)
	at org.apache.ratis.thirdparty.io.netty.channel.nio.AbstractNioChannel$AbstractNioUnsafe.finishConnect(AbstractNioChannel.java:340)
	at org.apache.ratis.thirdparty.io.netty.channel.nio.NioEventLoop.processSelectedKey(NioEventLoop.java:632)
	at org.apache.ratis.thirdparty.io.netty.channel.nio.NioEventLoop.processSelectedKeysOptimized(NioEventLoop.java:579)
	at org.apache.ratis.thirdparty.io.netty.channel.nio.NioEventLoop.processSelectedKeys(NioEventLoop.java:496)
	at org.apache.ratis.thirdparty.io.netty.channel.nio.NioEventLoop.run(NioEventLoop.java:458)
	at org.apache.ratis.thirdparty.io.netty.util.concurrent.SingleThreadEventExecutor$5.run(SingleThreadEventExecutor.java:897)
	at org.apache.ratis.thirdparty.io.netty.util.concurrent.FastThreadLocalRunnable.run(FastThreadLocalRunnable.java:30)
	... 1 more
Caused by: java.net.ConnectException: Connection refused
	... 11 more
2019-06-13 12:04:13,745 INFO  impl.RaftServerImpl (RaftServerImpl.java:setRole(164)) - 4385f424-31b1-428a-a0ea-2f137423452e:group-BCE6487231AC changes role from CANDIDATE to FOLLOWER at term 9 for DISCOVERED_A_NEW_TERM
2019-06-13 12:04:13,745 INFO  impl.RoleInfo (RoleInfo.java:shutdownLeaderElection(134)) - 4385f424-31b1-428a-a0ea-2f137423452e: shutdown LeaderElection
2019-06-13 12:04:13,745 INFO  impl.RoleInfo (RoleInfo.java:updateAndGet(143)) - 4385f424-31b1-428a-a0ea-2f137423452e: start FollowerState
2019-06-13 12:04:14,156 INFO  client.GrpcClientProtocolClient (GrpcClientProtocolClient.java:onNext(254)) - client-9C0574E221EE->8cecba00-b083-47df-9f5a-b6be1e470733: receive RaftClientReply:client-9C0574E221EE->8cecba00-b083-47df-9f5a-b6be1e470733@group-20B8C391EFEC, cid=28, FAILED org.apache.ratis.protocol.NotLeaderException: Server 8cecba00-b083-47df-9f5a-b6be1e470733 is not the leader (6cef66d5-8cd3-44aa-be07-575ef65ad786:192.168.46.58:41525). Request must be sent to leader., logIndex=0, commits[8cecba00-b083-47df-9f5a-b6be1e470733:c0, 6cef66d5-8cd3-44aa-be07-575ef65ad786:c0, 859621b4-b51a-492c-ad6d-3244885c0c07:c0]
2019-06-13 12:04:14,160 WARN  client.GrpcClientProtocolService (LogUtils.java:warn(134)) - 2-OrderedRequestStreamObserver2: onError: org.apache.ratis.thirdparty.io.grpc.StatusRuntimeException: CANCELLED: cancelled before receiving half close
2019-06-13 12:04:14,769 INFO  impl.FollowerState (FollowerState.java:run(101)) - 4385f424-31b1-428a-a0ea-2f137423452e:group-BCE6487231AC changes to CANDIDATE, lastRpcTime:1024, electionTimeout:1024ms
2019-06-13 12:04:14,771 INFO  impl.RoleInfo (RoleInfo.java:shutdownFollowerState(121)) - 4385f424-31b1-428a-a0ea-2f137423452e: shutdown FollowerState
2019-06-13 12:04:14,771 INFO  impl.RaftServerImpl (RaftServerImpl.java:setRole(164)) - 4385f424-31b1-428a-a0ea-2f137423452e:group-BCE6487231AC changes role from FOLLOWER to CANDIDATE at term 9 for changeToCandidate
2019-06-13 12:04:14,771 INFO  impl.RoleInfo (RoleInfo.java:updateAndGet(143)) - 4385f424-31b1-428a-a0ea-2f137423452e: start LeaderElection
2019-06-13 12:04:14,803 INFO  impl.LeaderElection (LeaderElection.java:askForVotes(181)) - 4385f424-31b1-428a-a0ea-2f137423452e:group-BCE6487231AC:LeaderElection22: begin an election at term 10 for 0: [cfa6ee40-d911-4f1c-9330-44c1c1a7e901:192.168.46.58:39721, 4385f424-31b1-428a-a0ea-2f137423452e:192.168.46.58:43947, 40e85715-f542-4fe4-a7e5-a8202a6d8f0e:192.168.46.58:38617], old=null
2019-06-13 12:04:14,804 INFO  impl.LeaderElection (LogUtils.java:infoOrTrace(149)) - 4385f424-31b1-428a-a0ea-2f137423452e:group-BCE6487231AC:LeaderElection22 got exception when requesting votes: {}
java.util.concurrent.ExecutionException: org.apache.ratis.thirdparty.io.grpc.StatusRuntimeException: UNAVAILABLE: io exception
	at java.util.concurrent.FutureTask.report(FutureTask.java:122)
	at java.util.concurrent.FutureTask.get(FutureTask.java:192)
	at org.apache.ratis.server.impl.LeaderElection.waitForResults(LeaderElection.java:262)
	at org.apache.ratis.server.impl.LeaderElection.askForVotes(LeaderElection.java:200)
	at org.apache.ratis.server.impl.LeaderElection.run(LeaderElection.java:130)
	at java.lang.Thread.run(Thread.java:748)
Caused by: org.apache.ratis.thirdparty.io.grpc.StatusRuntimeException: UNAVAILABLE: io exception
	at org.apache.ratis.thirdparty.io.grpc.stub.ClientCalls.toStatusRuntimeException(ClientCalls.java:233)
	at org.apache.ratis.thirdparty.io.grpc.stub.ClientCalls.getUnchecked(ClientCalls.java:214)
	at org.apache.ratis.thirdparty.io.grpc.stub.ClientCalls.blockingUnaryCall(ClientCalls.java:139)
	at org.apache.ratis.proto.grpc.RaftServerProtocolServiceGrpc$RaftServerProtocolServiceBlockingStub.requestVote(RaftServerProtocolServiceGrpc.java:265)
	at org.apache.ratis.grpc.server.GrpcServerProtocolClient.requestVote(GrpcServerProtocolClient.java:83)
	at org.apache.ratis.grpc.server.GrpcService.requestVote(GrpcService.java:194)
	at org.apache.ratis.server.impl.LeaderElection.lambda$submitRequests$1(LeaderElection.java:237)
	at java.util.concurrent.FutureTask.run(FutureTask.java:266)
	at java.util.concurrent.Executors$RunnableAdapter.call(Executors.java:511)
	at java.util.concurrent.FutureTask.run(FutureTask.java:266)
	at java.util.concurrent.ThreadPoolExecutor.runWorker(ThreadPoolExecutor.java:1149)
	at java.util.concurrent.ThreadPoolExecutor$Worker.run(ThreadPoolExecutor.java:624)
	... 1 more
Caused by: org.apache.ratis.thirdparty.io.netty.channel.AbstractChannel$AnnotatedConnectException: Connection refused: /192.168.46.58:39721
	at sun.nio.ch.SocketChannelImpl.checkConnect(Native Method)
	at sun.nio.ch.SocketChannelImpl.finishConnect(SocketChannelImpl.java:717)
	at org.apache.ratis.thirdparty.io.netty.channel.socket.nio.NioSocketChannel.doFinishConnect(NioSocketChannel.java:327)
	at org.apache.ratis.thirdparty.io.netty.channel.nio.AbstractNioChannel$AbstractNioUnsafe.finishConnect(AbstractNioChannel.java:340)
	at org.apache.ratis.thirdparty.io.netty.channel.nio.NioEventLoop.processSelectedKey(NioEventLoop.java:632)
	at org.apache.ratis.thirdparty.io.netty.channel.nio.NioEventLoop.processSelectedKeysOptimized(NioEventLoop.java:579)
	at org.apache.ratis.thirdparty.io.netty.channel.nio.NioEventLoop.processSelectedKeys(NioEventLoop.java:496)
	at org.apache.ratis.thirdparty.io.netty.channel.nio.NioEventLoop.run(NioEventLoop.java:458)
	at org.apache.ratis.thirdparty.io.netty.util.concurrent.SingleThreadEventExecutor$5.run(SingleThreadEventExecutor.java:897)
	at org.apache.ratis.thirdparty.io.netty.util.concurrent.FastThreadLocalRunnable.run(FastThreadLocalRunnable.java:30)
	... 1 more
Caused by: java.net.ConnectException: Connection refused
	... 11 more
2019-06-13 12:04:14,805 INFO  impl.LeaderElection (LogUtils.java:infoOrTrace(149)) - 4385f424-31b1-428a-a0ea-2f137423452e:group-BCE6487231AC:LeaderElection22 got exception when requesting votes: {}
java.util.concurrent.ExecutionException: org.apache.ratis.thirdparty.io.grpc.StatusRuntimeException: UNAVAILABLE: io exception
	at java.util.concurrent.FutureTask.report(FutureTask.java:122)
	at java.util.concurrent.FutureTask.get(FutureTask.java:192)
	at org.apache.ratis.server.impl.LeaderElection.waitForResults(LeaderElection.java:262)
	at org.apache.ratis.server.impl.LeaderElection.askForVotes(LeaderElection.java:200)
	at org.apache.ratis.server.impl.LeaderElection.run(LeaderElection.java:130)
	at java.lang.Thread.run(Thread.java:748)
Caused by: org.apache.ratis.thirdparty.io.grpc.StatusRuntimeException: UNAVAILABLE: io exception
	at org.apache.ratis.thirdparty.io.grpc.stub.ClientCalls.toStatusRuntimeException(ClientCalls.java:233)
	at org.apache.ratis.thirdparty.io.grpc.stub.ClientCalls.getUnchecked(ClientCalls.java:214)
	at org.apache.ratis.thirdparty.io.grpc.stub.ClientCalls.blockingUnaryCall(ClientCalls.java:139)
	at org.apache.ratis.proto.grpc.RaftServerProtocolServiceGrpc$RaftServerProtocolServiceBlockingStub.requestVote(RaftServerProtocolServiceGrpc.java:265)
	at org.apache.ratis.grpc.server.GrpcServerProtocolClient.requestVote(GrpcServerProtocolClient.java:83)
	at org.apache.ratis.grpc.server.GrpcService.requestVote(GrpcService.java:194)
	at org.apache.ratis.server.impl.LeaderElection.lambda$submitRequests$1(LeaderElection.java:237)
	at java.util.concurrent.FutureTask.run(FutureTask.java:266)
	at java.util.concurrent.Executors$RunnableAdapter.call(Executors.java:511)
	at java.util.concurrent.FutureTask.run(FutureTask.java:266)
	at java.util.concurrent.ThreadPoolExecutor.runWorker(ThreadPoolExecutor.java:1149)
	at java.util.concurrent.ThreadPoolExecutor$Worker.run(ThreadPoolExecutor.java:624)
	... 1 more
Caused by: org.apache.ratis.thirdparty.io.netty.channel.AbstractChannel$AnnotatedConnectException: Connection refused: /192.168.46.58:38617
	at sun.nio.ch.SocketChannelImpl.checkConnect(Native Method)
	at sun.nio.ch.SocketChannelImpl.finishConnect(SocketChannelImpl.java:717)
	at org.apache.ratis.thirdparty.io.netty.channel.socket.nio.NioSocketChannel.doFinishConnect(NioSocketChannel.java:327)
	at org.apache.ratis.thirdparty.io.netty.channel.nio.AbstractNioChannel$AbstractNioUnsafe.finishConnect(AbstractNioChannel.java:340)
	at org.apache.ratis.thirdparty.io.netty.channel.nio.NioEventLoop.processSelectedKey(NioEventLoop.java:632)
	at org.apache.ratis.thirdparty.io.netty.channel.nio.NioEventLoop.processSelectedKeysOptimized(NioEventLoop.java:579)
	at org.apache.ratis.thirdparty.io.netty.channel.nio.NioEventLoop.processSelectedKeys(NioEventLoop.java:496)
	at org.apache.ratis.thirdparty.io.netty.channel.nio.NioEventLoop.run(NioEventLoop.java:458)
	at org.apache.ratis.thirdparty.io.netty.util.concurrent.SingleThreadEventExecutor$5.run(SingleThreadEventExecutor.java:897)
	at org.apache.ratis.thirdparty.io.netty.util.concurrent.FastThreadLocalRunnable.run(FastThreadLocalRunnable.java:30)
	... 1 more
Caused by: java.net.ConnectException: Connection refused
	... 11 more
2019-06-13 12:04:14,807 INFO  impl.LeaderElection (LeaderElection.java:logAndReturn(56)) - 4385f424-31b1-428a-a0ea-2f137423452e:group-BCE6487231AC:LeaderElection22: Election REJECTED; received 0 response(s) [] and 2 exception(s); 4385f424-31b1-428a-a0ea-2f137423452e:t10, leader=null, voted=4385f424-31b1-428a-a0ea-2f137423452e, raftlog=4385f424-31b1-428a-a0ea-2f137423452e-SegmentedRaftLog:OPENED:c15,f16,i16, conf=0: [cfa6ee40-d911-4f1c-9330-44c1c1a7e901:192.168.46.58:39721, 4385f424-31b1-428a-a0ea-2f137423452e:192.168.46.58:43947, 40e85715-f542-4fe4-a7e5-a8202a6d8f0e:192.168.46.58:38617], old=null
2019-06-13 12:04:14,807 INFO  impl.LeaderElection (LogUtils.java:infoOrTrace(149)) -   Exception 0: {}
java.util.concurrent.ExecutionException: org.apache.ratis.thirdparty.io.grpc.StatusRuntimeException: UNAVAILABLE: io exception
	at java.util.concurrent.FutureTask.report(FutureTask.java:122)
	at java.util.concurrent.FutureTask.get(FutureTask.java:192)
	at org.apache.ratis.server.impl.LeaderElection.waitForResults(LeaderElection.java:262)
	at org.apache.ratis.server.impl.LeaderElection.askForVotes(LeaderElection.java:200)
	at org.apache.ratis.server.impl.LeaderElection.run(LeaderElection.java:130)
	at java.lang.Thread.run(Thread.java:748)
Caused by: org.apache.ratis.thirdparty.io.grpc.StatusRuntimeException: UNAVAILABLE: io exception
	at org.apache.ratis.thirdparty.io.grpc.stub.ClientCalls.toStatusRuntimeException(ClientCalls.java:233)
	at org.apache.ratis.thirdparty.io.grpc.stub.ClientCalls.getUnchecked(ClientCalls.java:214)
	at org.apache.ratis.thirdparty.io.grpc.stub.ClientCalls.blockingUnaryCall(ClientCalls.java:139)
	at org.apache.ratis.proto.grpc.RaftServerProtocolServiceGrpc$RaftServerProtocolServiceBlockingStub.requestVote(RaftServerProtocolServiceGrpc.java:265)
	at org.apache.ratis.grpc.server.GrpcServerProtocolClient.requestVote(GrpcServerProtocolClient.java:83)
	at org.apache.ratis.grpc.server.GrpcService.requestVote(GrpcService.java:194)
	at org.apache.ratis.server.impl.LeaderElection.lambda$submitRequests$1(LeaderElection.java:237)
	at java.util.concurrent.FutureTask.run(FutureTask.java:266)
	at java.util.concurrent.Executors$RunnableAdapter.call(Executors.java:511)
	at java.util.concurrent.FutureTask.run(FutureTask.java:266)
	at java.util.concurrent.ThreadPoolExecutor.runWorker(ThreadPoolExecutor.java:1149)
	at java.util.concurrent.ThreadPoolExecutor$Worker.run(ThreadPoolExecutor.java:624)
	... 1 more
Caused by: org.apache.ratis.thirdparty.io.netty.channel.AbstractChannel$AnnotatedConnectException: Connection refused: /192.168.46.58:39721
	at sun.nio.ch.SocketChannelImpl.checkConnect(Native Method)
	at sun.nio.ch.SocketChannelImpl.finishConnect(SocketChannelImpl.java:717)
	at org.apache.ratis.thirdparty.io.netty.channel.socket.nio.NioSocketChannel.doFinishConnect(NioSocketChannel.java:327)
	at org.apache.ratis.thirdparty.io.netty.channel.nio.AbstractNioChannel$AbstractNioUnsafe.finishConnect(AbstractNioChannel.java:340)
	at org.apache.ratis.thirdparty.io.netty.channel.nio.NioEventLoop.processSelectedKey(NioEventLoop.java:632)
	at org.apache.ratis.thirdparty.io.netty.channel.nio.NioEventLoop.processSelectedKeysOptimized(NioEventLoop.java:579)
	at org.apache.ratis.thirdparty.io.netty.channel.nio.NioEventLoop.processSelectedKeys(NioEventLoop.java:496)
	at org.apache.ratis.thirdparty.io.netty.channel.nio.NioEventLoop.run(NioEventLoop.java:458)
	at org.apache.ratis.thirdparty.io.netty.util.concurrent.SingleThreadEventExecutor$5.run(SingleThreadEventExecutor.java:897)
	at org.apache.ratis.thirdparty.io.netty.util.concurrent.FastThreadLocalRunnable.run(FastThreadLocalRunnable.java:30)
	... 1 more
Caused by: java.net.ConnectException: Connection refused
	... 11 more
2019-06-13 12:04:14,807 INFO  impl.LeaderElection (LogUtils.java:infoOrTrace(149)) -   Exception 1: {}
java.util.concurrent.ExecutionException: org.apache.ratis.thirdparty.io.grpc.StatusRuntimeException: UNAVAILABLE: io exception
	at java.util.concurrent.FutureTask.report(FutureTask.java:122)
	at java.util.concurrent.FutureTask.get(FutureTask.java:192)
	at org.apache.ratis.server.impl.LeaderElection.waitForResults(LeaderElection.java:262)
	at org.apache.ratis.server.impl.LeaderElection.askForVotes(LeaderElection.java:200)
	at org.apache.ratis.server.impl.LeaderElection.run(LeaderElection.java:130)
	at java.lang.Thread.run(Thread.java:748)
Caused by: org.apache.ratis.thirdparty.io.grpc.StatusRuntimeException: UNAVAILABLE: io exception
	at org.apache.ratis.thirdparty.io.grpc.stub.ClientCalls.toStatusRuntimeException(ClientCalls.java:233)
	at org.apache.ratis.thirdparty.io.grpc.stub.ClientCalls.getUnchecked(ClientCalls.java:214)
	at org.apache.ratis.thirdparty.io.grpc.stub.ClientCalls.blockingUnaryCall(ClientCalls.java:139)
	at org.apache.ratis.proto.grpc.RaftServerProtocolServiceGrpc$RaftServerProtocolServiceBlockingStub.requestVote(RaftServerProtocolServiceGrpc.java:265)
	at org.apache.ratis.grpc.server.GrpcServerProtocolClient.requestVote(GrpcServerProtocolClient.java:83)
	at org.apache.ratis.grpc.server.GrpcService.requestVote(GrpcService.java:194)
	at org.apache.ratis.server.impl.LeaderElection.lambda$submitRequests$1(LeaderElection.java:237)
	at java.util.concurrent.FutureTask.run(FutureTask.java:266)
	at java.util.concurrent.Executors$RunnableAdapter.call(Executors.java:511)
	at java.util.concurrent.FutureTask.run(FutureTask.java:266)
	at java.util.concurrent.ThreadPoolExecutor.runWorker(ThreadPoolExecutor.java:1149)
	at java.util.concurrent.ThreadPoolExecutor$Worker.run(ThreadPoolExecutor.java:624)
	... 1 more
Caused by: org.apache.ratis.thirdparty.io.netty.channel.AbstractChannel$AnnotatedConnectException: Connection refused: /192.168.46.58:38617
	at sun.nio.ch.SocketChannelImpl.checkConnect(Native Method)
	at sun.nio.ch.SocketChannelImpl.finishConnect(SocketChannelImpl.java:717)
	at org.apache.ratis.thirdparty.io.netty.channel.socket.nio.NioSocketChannel.doFinishConnect(NioSocketChannel.java:327)
	at org.apache.ratis.thirdparty.io.netty.channel.nio.AbstractNioChannel$AbstractNioUnsafe.finishConnect(AbstractNioChannel.java:340)
	at org.apache.ratis.thirdparty.io.netty.channel.nio.NioEventLoop.processSelectedKey(NioEventLoop.java:632)
	at org.apache.ratis.thirdparty.io.netty.channel.nio.NioEventLoop.processSelectedKeysOptimized(NioEventLoop.java:579)
	at org.apache.ratis.thirdparty.io.netty.channel.nio.NioEventLoop.processSelectedKeys(NioEventLoop.java:496)
	at org.apache.ratis.thirdparty.io.netty.channel.nio.NioEventLoop.run(NioEventLoop.java:458)
	at org.apache.ratis.thirdparty.io.netty.util.concurrent.SingleThreadEventExecutor$5.run(SingleThreadEventExecutor.java:897)
	at org.apache.ratis.thirdparty.io.netty.util.concurrent.FastThreadLocalRunnable.run(FastThreadLocalRunnable.java:30)
	... 1 more
Caused by: java.net.ConnectException: Connection refused
	... 11 more
2019-06-13 12:04:14,807 INFO  impl.RaftServerImpl (RaftServerImpl.java:setRole(164)) - 4385f424-31b1-428a-a0ea-2f137423452e:group-BCE6487231AC changes role from CANDIDATE to FOLLOWER at term 10 for DISCOVERED_A_NEW_TERM
2019-06-13 12:04:14,807 INFO  impl.RoleInfo (RoleInfo.java:shutdownLeaderElection(134)) - 4385f424-31b1-428a-a0ea-2f137423452e: shutdown LeaderElection
2019-06-13 12:04:14,807 INFO  impl.RoleInfo (RoleInfo.java:updateAndGet(143)) - 4385f424-31b1-428a-a0ea-2f137423452e: start FollowerState
2019-06-13 12:04:15,179 INFO  client.GrpcClientProtocolClient (GrpcClientProtocolClient.java:onNext(254)) - client-9C0574E221EE->859621b4-b51a-492c-ad6d-3244885c0c07: receive RaftClientReply:client-9C0574E221EE->859621b4-b51a-492c-ad6d-3244885c0c07@group-20B8C391EFEC, cid=28, FAILED org.apache.ratis.protocol.NotLeaderException: Server 859621b4-b51a-492c-ad6d-3244885c0c07 is not the leader (6cef66d5-8cd3-44aa-be07-575ef65ad786:192.168.46.58:41525). Request must be sent to leader., logIndex=0, commits[859621b4-b51a-492c-ad6d-3244885c0c07:c0, 6cef66d5-8cd3-44aa-be07-575ef65ad786:c0, 8cecba00-b083-47df-9f5a-b6be1e470733:c0]
2019-06-13 12:04:15,185 WARN  io.KeyOutputStream (KeyOutputStream.java:handleException(276)) - Encountered exception java.io.IOException: Unexpected Storage Container Exception: java.util.concurrent.CompletionException: java.util.concurrent.CompletionException: org.apache.ratis.protocol.RaftRetryFailureException: Failed RaftClientRequest:client-9C0574E221EE->859621b4-b51a-492c-ad6d-3244885c0c07@group-20B8C391EFEC, cid=28, seq=1*, RW, org.apache.hadoop.hdds.scm.XceiverClientRatis$$Lambda$367/1172170412@3953d729 for 5 attempts with RetryLimited(maxAttempts=5, sleepTime=1000ms) on the pipeline Pipeline[ Id: 65296e8a-15e3-4cd9-83ab-20b8c391efec, Nodes: 8cecba00-b083-47df-9f5a-b6be1e470733{ip: 192.168.46.58, host: ozone-nffxw-186015654, networkLocation: /default-rack, certSerialId: null}6cef66d5-8cd3-44aa-be07-575ef65ad786{ip: 192.168.46.58, host: ozone-nffxw-186015654, networkLocation: /default-rack, certSerialId: null}859621b4-b51a-492c-ad6d-3244885c0c07{ip: 192.168.46.58, host: ozone-nffxw-186015654, networkLocation: /default-rack, certSerialId: null}, Type:RATIS, Factor:THREE, State:OPEN]. The last committed block length is 0, uncommitted data length is 400 retry count 0
2019-06-13 12:04:15,188 WARN  client.GrpcClientProtocolService (LogUtils.java:warn(134)) - 2-OrderedRequestStreamObserver2: onError: org.apache.ratis.thirdparty.io.grpc.StatusRuntimeException: CANCELLED: cancelled before receiving half close
2019-06-13 12:04:15,196 WARN  block.BlockManagerImpl (BlockManagerImpl.java:allocateBlock(192)) - Pipeline creation failed for type:RATIS factor:THREE. Retrying get pipelines call once.
org.apache.hadoop.hdds.scm.pipeline.InsufficientDatanodesException: Cannot create pipeline of factor 3 using 1 nodes.
	at org.apache.hadoop.hdds.scm.pipeline.RatisPipelineProvider.create(RatisPipelineProvider.java:151)
	at org.apache.hadoop.hdds.scm.pipeline.PipelineFactory.create(PipelineFactory.java:57)
	at org.apache.hadoop.hdds.scm.pipeline.SCMPipelineManager.createPipeline(SCMPipelineManager.java:149)
	at org.apache.hadoop.hdds.scm.block.BlockManagerImpl.allocateBlock(BlockManagerImpl.java:190)
	at org.apache.hadoop.hdds.scm.server.SCMBlockProtocolServer.allocateBlock(SCMBlockProtocolServer.java:172)
	at org.apache.hadoop.ozone.protocolPB.ScmBlockLocationProtocolServerSideTranslatorPB.allocateScmBlock(ScmBlockLocationProtocolServerSideTranslatorPB.java:82)
	at org.apache.hadoop.hdds.protocol.proto.ScmBlockLocationProtocolProtos$ScmBlockLocationProtocolService$2.callBlockingMethod(ScmBlockLocationProtocolProtos.java:7533)
	at org.apache.hadoop.ipc.ProtobufRpcEngine$Server$ProtoBufRpcInvoker.call(ProtobufRpcEngine.java:524)
	at org.apache.hadoop.ipc.RPC$Server.call(RPC.java:1025)
	at org.apache.hadoop.ipc.Server$RpcCall.run(Server.java:876)
	at org.apache.hadoop.ipc.Server$RpcCall.run(Server.java:822)
	at java.security.AccessController.doPrivileged(Native Method)
	at javax.security.auth.Subject.doAs(Subject.java:422)
	at org.apache.hadoop.security.UserGroupInformation.doAs(UserGroupInformation.java:1730)
	at org.apache.hadoop.ipc.Server$Handler.run(Server.java:2682)
2019-06-13 12:04:15,200 INFO  block.BlockManagerImpl (BlockManagerImpl.java:allocateBlock(198)) - Could not find available pipeline of type:RATIS and factor:THREE even after retrying
2019-06-13 12:04:15,200 ERROR block.BlockManagerImpl (BlockManagerImpl.java:allocateBlock(222)) - Unable to allocate a block for the size: 800, type: RATIS, factor: THREE
12:04:15.202 [IPC Server handler 0 on 45805] ERROR OMAudit - user=root | ip=127.0.0.1 | op=ALLOCATE_BLOCK {volume=watchforcommithandlingtest, bucket=watchforcommithandlingtest, key=d22d372c-e681-46f3-8c97-4145737cd270, dataSize=0, replicationType=null, replicationFactor=null, keyLocationInfo=null, clientID=102264172841664512} | ret=FAILURE
java.io.IOException: Allocate block failed.
	at org.apache.hadoop.hdds.scm.protocolPB.ScmBlockLocationProtocolClientSideTranslatorPB.allocateBlock(ScmBlockLocationProtocolClientSideTranslatorPB.java:111) ~[hadoop-hdds-common-0.5.0-SNAPSHOT.jar:?]
	at sun.reflect.NativeMethodAccessorImpl.invoke0(Native Method) ~[?:1.8.0_212]
	at sun.reflect.NativeMethodAccessorImpl.invoke(NativeMethodAccessorImpl.java:62) ~[?:1.8.0_212]
	at sun.reflect.DelegatingMethodAccessorImpl.invoke(DelegatingMethodAccessorImpl.java:43) ~[?:1.8.0_212]
	at java.lang.reflect.Method.invoke(Method.java:498) ~[?:1.8.0_212]
	at org.apache.hadoop.hdds.tracing.TraceAllMethod.invoke(TraceAllMethod.java:66) ~[hadoop-hdds-common-0.5.0-SNAPSHOT.jar:?]
	at com.sun.proxy.$Proxy25.allocateBlock(Unknown Source) ~[?:?]
	at org.apache.hadoop.ozone.om.KeyManagerImpl.allocateBlock(KeyManagerImpl.java:347) ~[hadoop-ozone-ozone-manager-0.5.0-SNAPSHOT.jar:?]
	at org.apache.hadoop.ozone.om.KeyManagerImpl.allocateBlock(KeyManagerImpl.java:315) ~[hadoop-ozone-ozone-manager-0.5.0-SNAPSHOT.jar:?]
	at org.apache.hadoop.ozone.om.OzoneManager.allocateBlock(OzoneManager.java:2301) [hadoop-ozone-ozone-manager-0.5.0-SNAPSHOT.jar:?]
	at org.apache.hadoop.ozone.protocolPB.OzoneManagerRequestHandler.allocateBlock(OzoneManagerRequestHandler.java:755) [hadoop-ozone-ozone-manager-0.5.0-SNAPSHOT.jar:?]
	at org.apache.hadoop.ozone.protocolPB.OzoneManagerRequestHandler.handle(OzoneManagerRequestHandler.java:249) [hadoop-ozone-ozone-manager-0.5.0-SNAPSHOT.jar:?]
	at org.apache.hadoop.ozone.protocolPB.OzoneManagerProtocolServerSideTranslatorPB.submitRequestDirectlyToOM(OzoneManagerProtocolServerSideTranslatorPB.java:180) [hadoop-ozone-ozone-manager-0.5.0-SNAPSHOT.jar:?]
	at org.apache.hadoop.ozone.protocolPB.OzoneManagerProtocolServerSideTranslatorPB.submitRequest(OzoneManagerProtocolServerSideTranslatorPB.java:102) [hadoop-ozone-ozone-manager-0.5.0-SNAPSHOT.jar:?]
	at org.apache.hadoop.ozone.protocol.proto.OzoneManagerProtocolProtos$OzoneManagerService$2.callBlockingMethod(OzoneManagerProtocolProtos.java) [hadoop-ozone-common-0.5.0-SNAPSHOT.jar:?]
	at org.apache.hadoop.ipc.ProtobufRpcEngine$Server$ProtoBufRpcInvoker.call(ProtobufRpcEngine.java:524) [hadoop-common-3.2.0.jar:?]
	at org.apache.hadoop.ipc.RPC$Server.call(RPC.java:1025) [hadoop-common-3.2.0.jar:?]
	at org.apache.hadoop.ipc.Server$RpcCall.run(Server.java:876) [hadoop-common-3.2.0.jar:?]
	at org.apache.hadoop.ipc.Server$RpcCall.run(Server.java:822) [hadoop-common-3.2.0.jar:?]
	at java.security.AccessController.doPrivileged(Native Method) [?:1.8.0_212]
	at javax.security.auth.Subject.doAs(Subject.java:422) [?:1.8.0_212]
	at org.apache.hadoop.security.UserGroupInformation.doAs(UserGroupInformation.java:1730) [hadoop-common-3.2.0.jar:?]
	at org.apache.hadoop.ipc.Server$Handler.run(Server.java:2682) [hadoop-common-3.2.0.jar:?]
2019-06-13 12:04:15,212 ERROR io.BlockOutputStreamEntryPool (BlockOutputStreamEntryPool.java:allocateBlockIfNeeded(299)) - Try to allocate more blocks for write failed, already allocated 0 blocks for this write.
INTERNAL_ERROR org.apache.hadoop.ozone.om.exceptions.OMException: Allocate block failed.
	at org.apache.hadoop.ozone.om.protocolPB.OzoneManagerProtocolClientSideTranslatorPB.handleError(OzoneManagerProtocolClientSideTranslatorPB.java:720)
	at org.apache.hadoop.ozone.om.protocolPB.OzoneManagerProtocolClientSideTranslatorPB.allocateBlock(OzoneManagerProtocolClientSideTranslatorPB.java:743)
	at org.apache.hadoop.ozone.client.io.BlockOutputStreamEntryPool.allocateNewBlock(BlockOutputStreamEntryPool.java:248)
	at org.apache.hadoop.ozone.client.io.BlockOutputStreamEntryPool.allocateBlockIfNeeded(BlockOutputStreamEntryPool.java:296)
	at org.apache.hadoop.ozone.client.io.KeyOutputStream.handleWrite(KeyOutputStream.java:201)
	at org.apache.hadoop.ozone.client.io.KeyOutputStream.handleRetry(KeyOutputStream.java:376)
	at org.apache.hadoop.ozone.client.io.KeyOutputStream.handleException(KeyOutputStream.java:325)
	at org.apache.hadoop.ozone.client.io.KeyOutputStream.handleWrite(KeyOutputStream.java:231)
	at org.apache.hadoop.ozone.client.io.KeyOutputStream.write(KeyOutputStream.java:193)
	at org.apache.hadoop.ozone.client.io.OzoneOutputStream.write(OzoneOutputStream.java:49)
	at java.io.OutputStream.write(OutputStream.java:75)
	at org.apache.hadoop.ozone.client.rpc.TestWatchForCommit.testWatchForCommitWithKeyWrite(TestWatchForCommit.java:241)
	at sun.reflect.NativeMethodAccessorImpl.invoke0(Native Method)
	at sun.reflect.NativeMethodAccessorImpl.invoke(NativeMethodAccessorImpl.java:62)
	at sun.reflect.DelegatingMethodAccessorImpl.invoke(DelegatingMethodAccessorImpl.java:43)
	at java.lang.reflect.Method.invoke(Method.java:498)
	at org.junit.runners.model.FrameworkMethod$1.runReflectiveCall(FrameworkMethod.java:47)
	at org.junit.internal.runners.model.ReflectiveCallable.run(ReflectiveCallable.java:12)
	at org.junit.runners.model.FrameworkMethod.invokeExplosively(FrameworkMethod.java:44)
	at org.junit.internal.runners.statements.InvokeMethod.evaluate(InvokeMethod.java:17)
	at org.junit.runners.ParentRunner.runLeaf(ParentRunner.java:271)
	at org.junit.runners.BlockJUnit4ClassRunner.runChild(BlockJUnit4ClassRunner.java:70)
	at org.junit.runners.BlockJUnit4ClassRunner.runChild(BlockJUnit4ClassRunner.java:50)
	at org.junit.runners.ParentRunner$3.run(ParentRunner.java:238)
	at org.junit.runners.ParentRunner$1.schedule(ParentRunner.java:63)
	at org.junit.runners.ParentRunner.runChildren(ParentRunner.java:236)
	at org.junit.runners.ParentRunner.access$000(ParentRunner.java:53)
	at org.junit.runners.ParentRunner$2.evaluate(ParentRunner.java:229)
	at org.junit.runners.ParentRunner.run(ParentRunner.java:309)
	at org.apache.maven.surefire.junit4.JUnit4Provider.execute(JUnit4Provider.java:365)
	at org.apache.maven.surefire.junit4.JUnit4Provider.executeWithRerun(JUnit4Provider.java:273)
	at org.apache.maven.surefire.junit4.JUnit4Provider.executeTestSet(JUnit4Provider.java:238)
	at org.apache.maven.surefire.junit4.JUnit4Provider.invoke(JUnit4Provider.java:159)
	at org.apache.maven.surefire.booter.ForkedBooter.invokeProviderInSameClassLoader(ForkedBooter.java:384)
	at org.apache.maven.surefire.booter.ForkedBooter.runSuitesInProcess(ForkedBooter.java:345)
	at org.apache.maven.surefire.booter.ForkedBooter.execute(ForkedBooter.java:126)
	at org.apache.maven.surefire.booter.ForkedBooter.main(ForkedBooter.java:418)
]]></system-out>
    <system-err><![CDATA[ERROR StatusLogger No Log4j 2 configuration file found. Using default configuration (logging only errors to the console), or user programmatically provided configurations. Set system property 'log4j2.debug' to show Log4j 2 internal initialization logging. See https://logging.apache.org/log4j/2.x/manual/configuration.html for instructions on how to configure Log4j 2
Jun 13, 2019 12:03:55 PM com.sun.jersey.server.impl.application.WebApplicationImpl _initiate
INFO: Initiating Jersey application, version 'Jersey: 1.19 02/11/2015 03:25 AM'
Jun 13, 2019 12:03:56 PM com.sun.jersey.server.impl.application.WebApplicationImpl _initiate
INFO: Initiating Jersey application, version 'Jersey: 1.19 02/11/2015 03:25 AM'
Jun 13, 2019 12:03:56 PM com.sun.jersey.server.impl.application.WebApplicationImpl _initiate
INFO: Initiating Jersey application, version 'Jersey: 1.19 02/11/2015 03:25 AM'
Jun 13, 2019 12:03:56 PM com.sun.jersey.server.impl.application.WebApplicationImpl _initiate
INFO: Initiating Jersey application, version 'Jersey: 1.19 02/11/2015 03:25 AM'
Jun 13, 2019 12:03:56 PM com.sun.jersey.server.impl.application.WebApplicationImpl _initiate
INFO: Initiating Jersey application, version 'Jersey: 1.19 02/11/2015 03:25 AM'
Jun 13, 2019 12:03:57 PM com.sun.jersey.server.impl.application.WebApplicationImpl _initiate
INFO: Initiating Jersey application, version 'Jersey: 1.19 02/11/2015 03:25 AM'
Jun 13, 2019 12:03:57 PM com.sun.jersey.server.impl.application.WebApplicationImpl _initiate
INFO: Initiating Jersey application, version 'Jersey: 1.19 02/11/2015 03:25 AM'
]]></system-err>
  </testcase>
  <testcase name="testWatchForCommitWithSmallerTimeoutValue" classname="org.apache.hadoop.ozone.client.rpc.TestWatchForCommit" time="15.95"/>
  <testcase name="testWatchForCommitForRetryfailure" classname="org.apache.hadoop.ozone.client.rpc.TestWatchForCommit" time="27.839"/>
  <testcase name="testWatchForCommitForGroupMismatchException" classname="org.apache.hadoop.ozone.client.rpc.TestWatchForCommit" time="8.979"/>
  <testcase name="test2WayCommitForTimeoutException" classname="org.apache.hadoop.ozone.client.rpc.TestWatchForCommit" time="12.175"/>
  <testcase name="test2WayCommitForRetryfailure" classname="org.apache.hadoop.ozone.client.rpc.TestWatchForCommit" time="27.815"/>
</testsuite>