<?xml version="1.0" encoding="UTF-8"?>
<testsuite xmlns:xsi="http://www.w3.org/2001/XMLSchema-instance" xsi:noNamespaceSchemaLocation="https://maven.apache.org/surefire/maven-surefire-plugin/xsd/surefire-test-report.xsd" name="org.apache.hadoop.hdds.scm.pipeline.TestNodeFailure" time="10.494" tests="1" errors="0" skipped="1" failures="0">
  <properties>
    <property name="awt.toolkit" value="sun.awt.X11.XToolkit"/>
    <property name="file.encoding.pkg" value="sun.io"/>
    <property name="java.specification.version" value="1.8"/>
    <property name="sun.cpu.isalist" value=""/>
    <property name="sun.jnu.encoding" value="UTF-8"/>
    <property name="java.class.path" value="/opt/src/hadoop-ozone/integration-test/target/test-classes:/opt/src/hadoop-ozone/integration-test/target/classes:/root/.m2/repository/org/apache/hadoop/hadoop-ozone-common/0.5.0-SNAPSHOT/hadoop-ozone-common-0.5.0-SNAPSHOT.jar:/root/.m2/repository/org/apache/commons/commons-compress/1.4.1/commons-compress-1.4.1.jar:/root/.m2/repository/org/tukaani/xz/1.0/xz-1.0.jar:/root/.m2/repository/org/apache/hadoop/hadoop-common/3.2.0/hadoop-common-3.2.0.jar:/root/.m2/repository/org/apache/hadoop/hadoop-hdfs/3.2.0/hadoop-hdfs-3.2.0.jar:/root/.m2/repository/org/apache/hadoop/hadoop-hdfs-client/3.2.0/hadoop-hdfs-client-3.2.0.jar:/root/.m2/repository/com/fasterxml/jackson/core/jackson-annotations/2.9.5/jackson-annotations-2.9.5.jar:/root/.m2/repository/org/apache/hadoop/hadoop-hdds-common/0.5.0-SNAPSHOT/hadoop-hdds-common-0.5.0-SNAPSHOT.jar:/root/.m2/repository/javax/annotation/javax.annotation-api/1.2/javax.annotation-api-1.2.jar:/root/.m2/repository/org/apache/ratis/ratis-server/0.4.0-fe2b15d-SNAPSHOT/ratis-server-0.4.0-fe2b15d-SNAPSHOT.jar:/root/.m2/repository/org/apache/ratis/ratis-thirdparty-misc/0.2.0/ratis-thirdparty-misc-0.2.0.jar:/root/.m2/repository/org/apache/ratis/ratis-proto/0.4.0-fe2b15d-SNAPSHOT/ratis-proto-0.4.0-fe2b15d-SNAPSHOT.jar:/root/.m2/repository/org/apache/ratis/ratis-common/0.4.0-fe2b15d-SNAPSHOT/ratis-common-0.4.0-fe2b15d-SNAPSHOT.jar:/root/.m2/repository/org/apache/ratis/ratis-client/0.4.0-fe2b15d-SNAPSHOT/ratis-client-0.4.0-fe2b15d-SNAPSHOT.jar:/root/.m2/repository/org/apache/ratis/ratis-netty/0.4.0-fe2b15d-SNAPSHOT/ratis-netty-0.4.0-fe2b15d-SNAPSHOT.jar:/root/.m2/repository/org/apache/ratis/ratis-grpc/0.4.0-fe2b15d-SNAPSHOT/ratis-grpc-0.4.0-fe2b15d-SNAPSHOT.jar:/root/.m2/repository/org/rocksdb/rocksdbjni/5.14.2/rocksdbjni-5.14.2.jar:/root/.m2/repository/org/apache/logging/log4j/log4j-api/2.11.0/log4j-api-2.11.0.jar:/root/.m2/repository/org/apache/logging/log4j/log4j-core/2.11.0/log4j-core-2.11.0.jar:/root/.m2/repository/com/lmax/disruptor/3.4.2/disruptor-3.4.2.jar:/root/.m2/repository/org/apache/commons/commons-pool2/2.6.0/commons-pool2-2.6.0.jar:/root/.m2/repository/org/bouncycastle/bcpkix-jdk15on/1.60/bcpkix-jdk15on-1.60.jar:/root/.m2/repository/commons-validator/commons-validator/1.6/commons-validator-1.6.jar:/root/.m2/repository/commons-digester/commons-digester/1.8.1/commons-digester-1.8.1.jar:/root/.m2/repository/io/jaegertracing/jaeger-client/0.33.1/jaeger-client-0.33.1.jar:/root/.m2/repository/io/jaegertracing/jaeger-thrift/0.33.1/jaeger-thrift-0.33.1.jar:/root/.m2/repository/org/apache/thrift/libthrift/0.11.0/libthrift-0.11.0.jar:/root/.m2/repository/com/squareup/okhttp3/okhttp/3.9.0/okhttp-3.9.0.jar:/root/.m2/repository/com/squareup/okio/okio/1.13.0/okio-1.13.0.jar:/root/.m2/repository/io/jaegertracing/jaeger-core/0.33.1/jaeger-core-0.33.1.jar:/root/.m2/repository/io/jaegertracing/jaeger-tracerresolver/0.33.1/jaeger-tracerresolver-0.33.1.jar:/root/.m2/repository/io/opentracing/contrib/opentracing-tracerresolver/0.1.5/opentracing-tracerresolver-0.1.5.jar:/root/.m2/repository/io/opentracing/opentracing-util/0.31.0/opentracing-util-0.31.0.jar:/root/.m2/repository/io/opentracing/opentracing-api/0.31.0/opentracing-api-0.31.0.jar:/root/.m2/repository/io/opentracing/opentracing-noop/0.31.0/opentracing-noop-0.31.0.jar:/root/.m2/repository/org/apache/hadoop/hadoop-hdds-server-framework/0.5.0-SNAPSHOT/hadoop-hdds-server-framework-0.5.0-SNAPSHOT.jar:/root/.m2/repository/org/apache/hadoop/hadoop-hdds-server-scm/0.5.0-SNAPSHOT/hadoop-hdds-server-scm-0.5.0-SNAPSHOT.jar:/root/.m2/repository/org/apache/hadoop/hadoop-hdds-container-service/0.5.0-SNAPSHOT/hadoop-hdds-container-service-0.5.0-SNAPSHOT.jar:/root/.m2/repository/org/apache/hadoop/hadoop-hdds-client/0.5.0-SNAPSHOT/hadoop-hdds-client-0.5.0-SNAPSHOT.jar:/root/.m2/repository/org/apache/hadoop/hadoop-hdds-tools/0.5.0-SNAPSHOT/hadoop-hdds-tools-0.5.0-SNAPSHOT.jar:/root/.m2/repository/org/apache/hadoop/hadoop-ozone-ozone-manager/0.5.0-SNAPSHOT/hadoop-ozone-ozone-manager-0.5.0-SNAPSHOT.jar:/root/.m2/repository/org/apache/hadoop/hadoop-hdds-docs/0.5.0-SNAPSHOT/hadoop-hdds-docs-0.5.0-SNAPSHOT.jar:/root/.m2/repository/org/bouncycastle/bcprov-jdk15on/1.60/bcprov-jdk15on-1.60.jar:/root/.m2/repository/org/apache/hadoop/hadoop-minikdc/3.2.0/hadoop-minikdc-3.2.0.jar:/root/.m2/repository/commons-io/commons-io/2.5/commons-io-2.5.jar:/root/.m2/repository/org/apache/kerby/kerb-simplekdc/1.0.1/kerb-simplekdc-1.0.1.jar:/root/.m2/repository/org/apache/kerby/kerb-client/1.0.1/kerb-client-1.0.1.jar:/root/.m2/repository/org/apache/kerby/kerby-config/1.0.1/kerby-config-1.0.1.jar:/root/.m2/repository/org/apache/kerby/kerb-core/1.0.1/kerb-core-1.0.1.jar:/root/.m2/repository/org/apache/kerby/kerby-pkix/1.0.1/kerby-pkix-1.0.1.jar:/root/.m2/repository/org/apache/kerby/kerby-asn1/1.0.1/kerby-asn1-1.0.1.jar:/root/.m2/repository/org/apache/kerby/kerby-util/1.0.1/kerby-util-1.0.1.jar:/root/.m2/repository/org/apache/kerby/kerb-common/1.0.1/kerb-common-1.0.1.jar:/root/.m2/repository/org/apache/kerby/kerb-crypto/1.0.1/kerb-crypto-1.0.1.jar:/root/.m2/repository/org/apache/kerby/kerb-util/1.0.1/kerb-util-1.0.1.jar:/root/.m2/repository/org/apache/kerby/token-provider/1.0.1/token-provider-1.0.1.jar:/root/.m2/repository/org/apache/kerby/kerb-admin/1.0.1/kerb-admin-1.0.1.jar:/root/.m2/repository/org/apache/kerby/kerb-server/1.0.1/kerb-server-1.0.1.jar:/root/.m2/repository/org/apache/kerby/kerb-identity/1.0.1/kerb-identity-1.0.1.jar:/root/.m2/repository/org/apache/kerby/kerby-xdr/1.0.1/kerby-xdr-1.0.1.jar:/root/.m2/repository/org/slf4j/slf4j-log4j12/1.7.25/slf4j-log4j12-1.7.25.jar:/root/.m2/repository/org/apache/hadoop/hadoop-ozone-objectstore-service/0.5.0-SNAPSHOT/hadoop-ozone-objectstore-service-0.5.0-SNAPSHOT.jar:/root/.m2/repository/org/apache/hadoop/hadoop-ozone-s3gateway/0.5.0-SNAPSHOT/hadoop-ozone-s3gateway-0.5.0-SNAPSHOT.jar:/root/.m2/repository/org/jboss/weld/servlet/weld-servlet/2.4.7.Final/weld-servlet-2.4.7.Final.jar:/root/.m2/repository/org/glassfish/jersey/containers/jersey-container-servlet-core/2.27/jersey-container-servlet-core-2.27.jar:/root/.m2/repository/org/glassfish/hk2/external/javax.inject/2.5.0-b42/javax.inject-2.5.0-b42.jar:/root/.m2/repository/org/glassfish/jersey/core/jersey-common/2.27/jersey-common-2.27.jar:/root/.m2/repository/org/glassfish/hk2/osgi-resource-locator/1.0.1/osgi-resource-locator-1.0.1.jar:/root/.m2/repository/javax/ws/rs/javax.ws.rs-api/2.1/javax.ws.rs-api-2.1.jar:/root/.m2/repository/org/glassfish/jersey/ext/cdi/jersey-cdi1x/2.27/jersey-cdi1x-2.27.jar:/root/.m2/repository/org/glassfish/jersey/inject/jersey-hk2/2.27/jersey-hk2-2.27.jar:/root/.m2/repository/org/glassfish/hk2/hk2-locator/2.5.0-b42/hk2-locator-2.5.0-b42.jar:/root/.m2/repository/org/javassist/javassist/3.22.0-CR2/javassist-3.22.0-CR2.jar:/root/.m2/repository/org/glassfish/hk2/hk2-api/2.5.0/hk2-api-2.5.0.jar:/root/.m2/repository/org/glassfish/hk2/external/jakarta.inject/2.5.0/jakarta.inject-2.5.0.jar:/root/.m2/repository/org/glassfish/hk2/hk2-utils/2.5.0/hk2-utils-2.5.0.jar:/root/.m2/repository/jakarta/annotation/jakarta.annotation-api/1.3.4/jakarta.annotation-api-1.3.4.jar:/root/.m2/repository/org/glassfish/hk2/external/aopalliance-repackaged/2.5.0/aopalliance-repackaged-2.5.0.jar:/root/.m2/repository/com/fasterxml/jackson/dataformat/jackson-dataformat-xml/2.9.0/jackson-dataformat-xml-2.9.0.jar:/root/.m2/repository/com/fasterxml/jackson/core/jackson-core/2.9.5/jackson-core-2.9.5.jar:/root/.m2/repository/com/fasterxml/jackson/module/jackson-module-jaxb-annotations/2.9.5/jackson-module-jaxb-annotations-2.9.5.jar:/root/.m2/repository/javax/enterprise/cdi-api/1.2/cdi-api-1.2.jar:/root/.m2/repository/javax/el/javax.el-api/3.0.0/javax.el-api-3.0.0.jar:/root/.m2/repository/javax/interceptor/javax.interceptor-api/1.2/javax.interceptor-api-1.2.jar:/root/.m2/repository/javax/inject/javax.inject/1/javax.inject-1.jar:/root/.m2/repository/com/sun/xml/bind/jaxb-impl/2.3.0.1/jaxb-impl-2.3.0.1.jar:/root/.m2/repository/com/sun/xml/bind/jaxb-core/2.3.0.1/jaxb-core-2.3.0.1.jar:/root/.m2/repository/javax/xml/bind/jaxb-api/2.3.0/jaxb-api-2.3.0.jar:/root/.m2/repository/javax/activation/activation/1.1.1/activation-1.1.1.jar:/root/.m2/repository/org/apache/hadoop/hadoop-ozone-csi/0.5.0-SNAPSHOT/hadoop-ozone-csi-0.5.0-SNAPSHOT.jar:/root/.m2/repository/com/google/protobuf/protobuf-java-util/3.5.1/protobuf-java-util-3.5.1.jar:/root/.m2/repository/org/apache/hadoop/hadoop-hdds-config/0.5.0-SNAPSHOT/hadoop-hdds-config-0.5.0-SNAPSHOT.jar:/root/.m2/repository/com/google/guava/guava/11.0.2/guava-11.0.2.jar:/root/.m2/repository/com/google/protobuf/protobuf-java/2.5.0/protobuf-java-2.5.0.jar:/root/.m2/repository/io/grpc/grpc-netty/1.17.1/grpc-netty-1.17.1.jar:/root/.m2/repository/io/grpc/grpc-core/1.17.1/grpc-core-1.17.1.jar:/root/.m2/repository/io/grpc/grpc-context/1.17.1/grpc-context-1.17.1.jar:/root/.m2/repository/com/google/errorprone/error_prone_annotations/2.2.0/error_prone_annotations-2.2.0.jar:/root/.m2/repository/org/codehaus/mojo/animal-sniffer-annotations/1.17/animal-sniffer-annotations-1.17.jar:/root/.m2/repository/io/opencensus/opencensus-api/0.17.0/opencensus-api-0.17.0.jar:/root/.m2/repository/io/opencensus/opencensus-contrib-grpc-metrics/0.17.0/opencensus-contrib-grpc-metrics-0.17.0.jar:/root/.m2/repository/io/netty/netty-codec-http2/4.1.30.Final/netty-codec-http2-4.1.30.Final.jar:/root/.m2/repository/io/netty/netty-codec-http/4.1.30.Final/netty-codec-http-4.1.30.Final.jar:/root/.m2/repository/io/netty/netty-codec/4.1.30.Final/netty-codec-4.1.30.Final.jar:/root/.m2/repository/io/netty/netty-handler/4.1.30.Final/netty-handler-4.1.30.Final.jar:/root/.m2/repository/io/netty/netty-handler-proxy/4.1.30.Final/netty-handler-proxy-4.1.30.Final.jar:/root/.m2/repository/io/netty/netty-codec-socks/4.1.30.Final/netty-codec-socks-4.1.30.Final.jar:/root/.m2/repository/io/netty/netty-transport-native-epoll/4.1.30.Final/netty-transport-native-epoll-4.1.30.Final.jar:/root/.m2/repository/io/netty/netty-common/4.1.30.Final/netty-common-4.1.30.Final.jar:/root/.m2/repository/io/netty/netty-buffer/4.1.30.Final/netty-buffer-4.1.30.Final.jar:/root/.m2/repository/io/netty/netty-transport/4.1.30.Final/netty-transport-4.1.30.Final.jar:/root/.m2/repository/io/netty/netty-resolver/4.1.30.Final/netty-resolver-4.1.30.Final.jar:/root/.m2/repository/io/netty/netty-transport-native-unix-common/4.1.30.Final/netty-transport-native-unix-common-4.1.30.Final.jar:/root/.m2/repository/io/grpc/grpc-protobuf/1.17.1/grpc-protobuf-1.17.1.jar:/root/.m2/repository/com/google/api/grpc/proto-google-common-protos/1.0.0/proto-google-common-protos-1.0.0.jar:/root/.m2/repository/io/grpc/grpc-protobuf-lite/1.17.1/grpc-protobuf-lite-1.17.1.jar:/root/.m2/repository/io/grpc/grpc-stub/1.17.1/grpc-stub-1.17.1.jar:/root/.m2/repository/org/apache/hadoop/hadoop-ozone-recon/0.5.0-SNAPSHOT/hadoop-ozone-recon-0.5.0-SNAPSHOT.jar:/root/.m2/repository/org/apache/hadoop/hadoop-ozone-reconcodegen/0.5.0-SNAPSHOT/hadoop-ozone-reconcodegen-0.5.0-SNAPSHOT.jar:/root/.m2/repository/com/google/inject/extensions/guice-multibindings/4.0/guice-multibindings-4.0.jar:/root/.m2/repository/com/google/inject/guice/4.0/guice-4.0.jar:/root/.m2/repository/aopalliance/aopalliance/1.0/aopalliance-1.0.jar:/root/.m2/repository/com/google/inject/extensions/guice-servlet/4.0/guice-servlet-4.0.jar:/root/.m2/repository/org/glassfish/jersey/containers/jersey-container-servlet/2.27/jersey-container-servlet-2.27.jar:/root/.m2/repository/org/glassfish/hk2/guice-bridge/2.5.0/guice-bridge-2.5.0.jar:/root/.m2/repository/org/glassfish/jersey/core/jersey-server/2.27/jersey-server-2.27.jar:/root/.m2/repository/org/glassfish/jersey/core/jersey-client/2.27/jersey-client-2.27.jar:/root/.m2/repository/org/glassfish/jersey/media/jersey-media-jaxb/2.27/jersey-media-jaxb-2.27.jar:/root/.m2/repository/javax/validation/validation-api/1.1.0.Final/validation-api-1.1.0.Final.jar:/root/.m2/repository/org/glassfish/jersey/media/jersey-media-json-jackson/2.27/jersey-media-json-jackson-2.27.jar:/root/.m2/repository/org/glassfish/jersey/ext/jersey-entity-filtering/2.27/jersey-entity-filtering-2.27.jar:/root/.m2/repository/com/google/inject/extensions/guice-assistedinject/4.0/guice-assistedinject-4.0.jar:/root/.m2/repository/org/jooq/jooq/3.11.10/jooq-3.11.10.jar:/root/.m2/repository/org/jooq/jooq-meta/3.11.10/jooq-meta-3.11.10.jar:/root/.m2/repository/org/jooq/jooq-codegen/3.11.10/jooq-codegen-3.11.10.jar:/root/.m2/repository/com/jolbox/bonecp/0.8.0.RELEASE/bonecp-0.8.0.RELEASE.jar:/root/.m2/repository/org/xerial/sqlite-jdbc/3.25.2/sqlite-jdbc-3.25.2.jar:/root/.m2/repository/org/springframework/spring-jdbc/5.1.3.RELEASE/spring-jdbc-5.1.3.RELEASE.jar:/root/.m2/repository/org/springframework/spring-beans/5.1.3.RELEASE/spring-beans-5.1.3.RELEASE.jar:/root/.m2/repository/org/springframework/spring-core/5.1.3.RELEASE/spring-core-5.1.3.RELEASE.jar:/root/.m2/repository/org/springframework/spring-jcl/5.1.3.RELEASE/spring-jcl-5.1.3.RELEASE.jar:/root/.m2/repository/org/springframework/spring-tx/5.1.3.RELEASE/spring-tx-5.1.3.RELEASE.jar:/root/.m2/repository/org/apache/hadoop/hadoop-ozone-client/0.5.0-SNAPSHOT/hadoop-ozone-client-0.5.0-SNAPSHOT.jar:/root/.m2/repository/org/apache/hadoop/hadoop-ozone-ozone-manager/0.5.0-SNAPSHOT/hadoop-ozone-ozone-manager-0.5.0-SNAPSHOT-tests.jar:/root/.m2/repository/junit/junit/4.11/junit-4.11.jar:/root/.m2/repository/org/hamcrest/hamcrest-core/1.3/hamcrest-core-1.3.jar:/root/.m2/repository/org/openjdk/jmh/jmh-core/1.19/jmh-core-1.19.jar:/root/.m2/repository/net/sf/jopt-simple/jopt-simple/4.6/jopt-simple-4.6.jar:/root/.m2/repository/org/apache/commons/commons-math3/3.1.1/commons-math3-3.1.1.jar:/root/.m2/repository/org/openjdk/jmh/jmh-generator-annprocess/1.19/jmh-generator-annprocess-1.19.jar:/root/.m2/repository/org/mockito/mockito-all/1.8.5/mockito-all-1.8.5.jar:/root/.m2/repository/org/apache/hadoop/hadoop-kms/3.2.0/hadoop-kms-3.2.0.jar:/root/.m2/repository/org/apache/hadoop/hadoop-auth/3.2.0/hadoop-auth-3.2.0.jar:/root/.m2/repository/com/nimbusds/nimbus-jose-jwt/4.41.1/nimbus-jose-jwt-4.41.1.jar:/root/.m2/repository/com/github/stephenc/jcip/jcip-annotations/1.0-1/jcip-annotations-1.0-1.jar:/root/.m2/repository/net/minidev/json-smart/2.3/json-smart-2.3.jar:/root/.m2/repository/net/minidev/accessors-smart/1.2/accessors-smart-1.2.jar:/root/.m2/repository/org/ow2/asm/asm/5.0.4/asm-5.0.4.jar:/root/.m2/repository/org/apache/curator/curator-framework/2.12.0/curator-framework-2.12.0.jar:/root/.m2/repository/com/sun/jersey/jersey-core/1.19/jersey-core-1.19.jar:/root/.m2/repository/javax/ws/rs/jsr311-api/1.1.1/jsr311-api-1.1.1.jar:/root/.m2/repository/com/sun/jersey/jersey-server/1.19/jersey-server-1.19.jar:/root/.m2/repository/javax/servlet/javax.servlet-api/3.1.0/javax.servlet-api-3.1.0.jar:/root/.m2/repository/org/eclipse/jetty/jetty-server/9.3.24.v20180605/jetty-server-9.3.24.v20180605.jar:/root/.m2/repository/org/eclipse/jetty/jetty-http/9.3.24.v20180605/jetty-http-9.3.24.v20180605.jar:/root/.m2/repository/org/eclipse/jetty/jetty-io/9.3.24.v20180605/jetty-io-9.3.24.v20180605.jar:/root/.m2/repository/org/eclipse/jetty/jetty-webapp/9.3.24.v20180605/jetty-webapp-9.3.24.v20180605.jar:/root/.m2/repository/org/eclipse/jetty/jetty-xml/9.3.24.v20180605/jetty-xml-9.3.24.v20180605.jar:/root/.m2/repository/log4j/log4j/1.2.17/log4j-1.2.17.jar:/root/.m2/repository/org/slf4j/slf4j-api/1.7.25/slf4j-api-1.7.25.jar:/root/.m2/repository/org/slf4j/jul-to-slf4j/1.7.25/jul-to-slf4j-1.7.25.jar:/root/.m2/repository/org/eclipse/jetty/jetty-util/9.3.24.v20180605/jetty-util-9.3.24.v20180605.jar:/root/.m2/repository/io/dropwizard/metrics/metrics-core/3.2.4/metrics-core-3.2.4.jar:/root/.m2/repository/com/fasterxml/jackson/core/jackson-databind/2.9.5/jackson-databind-2.9.5.jar:/root/.m2/repository/org/apache/hadoop/hadoop-kms/3.2.0/hadoop-kms-3.2.0-tests.jar:/root/.m2/repository/org/apache/hadoop/hadoop-hdds-server-scm/0.5.0-SNAPSHOT/hadoop-hdds-server-scm-0.5.0-SNAPSHOT-tests.jar:/root/.m2/repository/org/hamcrest/hamcrest-all/1.3/hamcrest-all-1.3.jar:/root/.m2/repository/info/picocli/picocli/3.9.6/picocli-3.9.6.jar:/root/.m2/repository/org/apache/hadoop/hadoop-hdds-container-service/0.5.0-SNAPSHOT/hadoop-hdds-container-service-0.5.0-SNAPSHOT-tests.jar:/root/.m2/repository/org/yaml/snakeyaml/1.16/snakeyaml-1.16.jar:/root/.m2/repository/org/apache/hadoop/hadoop-common/3.2.0/hadoop-common-3.2.0-tests.jar:/root/.m2/repository/org/apache/hadoop/hadoop-annotations/3.2.0/hadoop-annotations-3.2.0.jar:/usr/lib/jvm/java-1.8-openjdk/jre/../lib/tools.jar:/root/.m2/repository/commons-cli/commons-cli/1.2/commons-cli-1.2.jar:/root/.m2/repository/org/apache/httpcomponents/httpclient/4.5.2/httpclient-4.5.2.jar:/root/.m2/repository/org/apache/httpcomponents/httpcore/4.4.4/httpcore-4.4.4.jar:/root/.m2/repository/commons-codec/commons-codec/1.11/commons-codec-1.11.jar:/root/.m2/repository/commons-net/commons-net/3.6/commons-net-3.6.jar:/root/.m2/repository/commons-collections/commons-collections/3.2.2/commons-collections-3.2.2.jar:/root/.m2/repository/org/eclipse/jetty/jetty-servlet/9.3.24.v20180605/jetty-servlet-9.3.24.v20180605.jar:/root/.m2/repository/org/eclipse/jetty/jetty-security/9.3.24.v20180605/jetty-security-9.3.24.v20180605.jar:/root/.m2/repository/javax/servlet/jsp/jsp-api/2.1/jsp-api-2.1.jar:/root/.m2/repository/com/sun/jersey/jersey-servlet/1.19/jersey-servlet-1.19.jar:/root/.m2/repository/com/sun/jersey/jersey-json/1.19/jersey-json-1.19.jar:/root/.m2/repository/org/codehaus/jettison/jettison/1.1/jettison-1.1.jar:/root/.m2/repository/org/codehaus/jackson/jackson-core-asl/1.9.13/jackson-core-asl-1.9.13.jar:/root/.m2/repository/org/codehaus/jackson/jackson-mapper-asl/1.9.13/jackson-mapper-asl-1.9.13.jar:/root/.m2/repository/org/codehaus/jackson/jackson-jaxrs/1.9.13/jackson-jaxrs-1.9.13.jar:/root/.m2/repository/org/codehaus/jackson/jackson-xc/1.9.13/jackson-xc-1.9.13.jar:/root/.m2/repository/commons-logging/commons-logging/1.1.3/commons-logging-1.1.3.jar:/root/.m2/repository/commons-beanutils/commons-beanutils/1.9.3/commons-beanutils-1.9.3.jar:/root/.m2/repository/org/apache/commons/commons-configuration2/2.1.1/commons-configuration2-2.1.1.jar:/root/.m2/repository/org/apache/commons/commons-lang3/3.7/commons-lang3-3.7.jar:/root/.m2/repository/org/apache/commons/commons-text/1.4/commons-text-1.4.jar:/root/.m2/repository/org/apache/avro/avro/1.7.7/avro-1.7.7.jar:/root/.m2/repository/com/thoughtworks/paranamer/paranamer/2.3/paranamer-2.3.jar:/root/.m2/repository/org/xerial/snappy/snappy-java/1.0.5/snappy-java-1.0.5.jar:/root/.m2/repository/com/google/re2j/re2j/1.1/re2j-1.1.jar:/root/.m2/repository/com/google/code/gson/gson/2.2.4/gson-2.2.4.jar:/root/.m2/repository/com/jcraft/jsch/0.1.54/jsch-0.1.54.jar:/root/.m2/repository/org/apache/curator/curator-client/2.12.0/curator-client-2.12.0.jar:/root/.m2/repository/org/apache/curator/curator-recipes/2.12.0/curator-recipes-2.12.0.jar:/root/.m2/repository/com/google/code/findbugs/jsr305/3.0.0/jsr305-3.0.0.jar:/root/.m2/repository/org/apache/htrace/htrace-core4/4.1.0-incubating/htrace-core4-4.1.0-incubating.jar:/root/.m2/repository/org/apache/zookeeper/zookeeper/3.4.13/zookeeper-3.4.13.jar:/root/.m2/repository/org/apache/yetus/audience-annotations/0.5.0/audience-annotations-0.5.0.jar:/root/.m2/repository/org/codehaus/woodstox/stax2-api/3.1.4/stax2-api-3.1.4.jar:/root/.m2/repository/com/fasterxml/woodstox/woodstox-core/5.0.3/woodstox-core-5.0.3.jar:/root/.m2/repository/dnsjava/dnsjava/2.1.7/dnsjava-2.1.7.jar:/root/.m2/repository/org/apache/hadoop/hadoop-hdfs/3.2.0/hadoop-hdfs-3.2.0-tests.jar:/root/.m2/repository/org/eclipse/jetty/jetty-util-ajax/9.3.24.v20180605/jetty-util-ajax-9.3.24.v20180605.jar:/root/.m2/repository/commons-daemon/commons-daemon/1.0.13/commons-daemon-1.0.13.jar:/root/.m2/repository/io/netty/netty/3.10.5.Final/netty-3.10.5.Final.jar:/root/.m2/repository/io/netty/netty-all/4.0.52.Final/netty-all-4.0.52.Final.jar:/root/.m2/repository/org/fusesource/leveldbjni/leveldbjni-all/1.8/leveldbjni-all-1.8.jar:"/>
    <property name="java.vm.vendor" value="IcedTea"/>
    <property name="sun.arch.data.model" value="64"/>
    <property name="test.build.dir" value="/opt/src/hadoop-ozone/integration-test/target/test-dir"/>
    <property name="test.cache.data" value=""/>
    <property name="java.vendor.url" value="https://icedtea.classpath.org"/>
    <property name="user.timezone" value=""/>
    <property name="java.vm.specification.version" value="1.8"/>
    <property name="os.name" value="Linux"/>
    <property name="test.build.data" value="/opt/src/hadoop-ozone/integration-test/target/test-dir"/>
    <property name="user.country" value="US"/>
    <property name="sun.java.launcher" value="SUN_STANDARD"/>
    <property name="sun.boot.library.path" value="/usr/lib/jvm/java-1.8-openjdk/jre/lib/amd64"/>
    <property name="sun.java.command" value="/opt/src/hadoop-ozone/integration-test/target/surefire/surefirebooter6538082946825135256.jar /opt/src/hadoop-ozone/integration-test/target/surefire 2019-06-13T00-39-09_121-jvmRun1 surefire27689844225436299tmp surefire_87304436675092286447tmp"/>
    <property name="surefire.test.class.path" value="/opt/src/hadoop-ozone/integration-test/target/test-classes:/opt/src/hadoop-ozone/integration-test/target/classes:/root/.m2/repository/org/apache/hadoop/hadoop-ozone-common/0.5.0-SNAPSHOT/hadoop-ozone-common-0.5.0-SNAPSHOT.jar:/root/.m2/repository/org/apache/commons/commons-compress/1.4.1/commons-compress-1.4.1.jar:/root/.m2/repository/org/tukaani/xz/1.0/xz-1.0.jar:/root/.m2/repository/org/apache/hadoop/hadoop-common/3.2.0/hadoop-common-3.2.0.jar:/root/.m2/repository/org/apache/hadoop/hadoop-hdfs/3.2.0/hadoop-hdfs-3.2.0.jar:/root/.m2/repository/org/apache/hadoop/hadoop-hdfs-client/3.2.0/hadoop-hdfs-client-3.2.0.jar:/root/.m2/repository/com/fasterxml/jackson/core/jackson-annotations/2.9.5/jackson-annotations-2.9.5.jar:/root/.m2/repository/org/apache/hadoop/hadoop-hdds-common/0.5.0-SNAPSHOT/hadoop-hdds-common-0.5.0-SNAPSHOT.jar:/root/.m2/repository/javax/annotation/javax.annotation-api/1.2/javax.annotation-api-1.2.jar:/root/.m2/repository/org/apache/ratis/ratis-server/0.4.0-fe2b15d-SNAPSHOT/ratis-server-0.4.0-fe2b15d-SNAPSHOT.jar:/root/.m2/repository/org/apache/ratis/ratis-thirdparty-misc/0.2.0/ratis-thirdparty-misc-0.2.0.jar:/root/.m2/repository/org/apache/ratis/ratis-proto/0.4.0-fe2b15d-SNAPSHOT/ratis-proto-0.4.0-fe2b15d-SNAPSHOT.jar:/root/.m2/repository/org/apache/ratis/ratis-common/0.4.0-fe2b15d-SNAPSHOT/ratis-common-0.4.0-fe2b15d-SNAPSHOT.jar:/root/.m2/repository/org/apache/ratis/ratis-client/0.4.0-fe2b15d-SNAPSHOT/ratis-client-0.4.0-fe2b15d-SNAPSHOT.jar:/root/.m2/repository/org/apache/ratis/ratis-netty/0.4.0-fe2b15d-SNAPSHOT/ratis-netty-0.4.0-fe2b15d-SNAPSHOT.jar:/root/.m2/repository/org/apache/ratis/ratis-grpc/0.4.0-fe2b15d-SNAPSHOT/ratis-grpc-0.4.0-fe2b15d-SNAPSHOT.jar:/root/.m2/repository/org/rocksdb/rocksdbjni/5.14.2/rocksdbjni-5.14.2.jar:/root/.m2/repository/org/apache/logging/log4j/log4j-api/2.11.0/log4j-api-2.11.0.jar:/root/.m2/repository/org/apache/logging/log4j/log4j-core/2.11.0/log4j-core-2.11.0.jar:/root/.m2/repository/com/lmax/disruptor/3.4.2/disruptor-3.4.2.jar:/root/.m2/repository/org/apache/commons/commons-pool2/2.6.0/commons-pool2-2.6.0.jar:/root/.m2/repository/org/bouncycastle/bcpkix-jdk15on/1.60/bcpkix-jdk15on-1.60.jar:/root/.m2/repository/commons-validator/commons-validator/1.6/commons-validator-1.6.jar:/root/.m2/repository/commons-digester/commons-digester/1.8.1/commons-digester-1.8.1.jar:/root/.m2/repository/io/jaegertracing/jaeger-client/0.33.1/jaeger-client-0.33.1.jar:/root/.m2/repository/io/jaegertracing/jaeger-thrift/0.33.1/jaeger-thrift-0.33.1.jar:/root/.m2/repository/org/apache/thrift/libthrift/0.11.0/libthrift-0.11.0.jar:/root/.m2/repository/com/squareup/okhttp3/okhttp/3.9.0/okhttp-3.9.0.jar:/root/.m2/repository/com/squareup/okio/okio/1.13.0/okio-1.13.0.jar:/root/.m2/repository/io/jaegertracing/jaeger-core/0.33.1/jaeger-core-0.33.1.jar:/root/.m2/repository/io/jaegertracing/jaeger-tracerresolver/0.33.1/jaeger-tracerresolver-0.33.1.jar:/root/.m2/repository/io/opentracing/contrib/opentracing-tracerresolver/0.1.5/opentracing-tracerresolver-0.1.5.jar:/root/.m2/repository/io/opentracing/opentracing-util/0.31.0/opentracing-util-0.31.0.jar:/root/.m2/repository/io/opentracing/opentracing-api/0.31.0/opentracing-api-0.31.0.jar:/root/.m2/repository/io/opentracing/opentracing-noop/0.31.0/opentracing-noop-0.31.0.jar:/root/.m2/repository/org/apache/hadoop/hadoop-hdds-server-framework/0.5.0-SNAPSHOT/hadoop-hdds-server-framework-0.5.0-SNAPSHOT.jar:/root/.m2/repository/org/apache/hadoop/hadoop-hdds-server-scm/0.5.0-SNAPSHOT/hadoop-hdds-server-scm-0.5.0-SNAPSHOT.jar:/root/.m2/repository/org/apache/hadoop/hadoop-hdds-container-service/0.5.0-SNAPSHOT/hadoop-hdds-container-service-0.5.0-SNAPSHOT.jar:/root/.m2/repository/org/apache/hadoop/hadoop-hdds-client/0.5.0-SNAPSHOT/hadoop-hdds-client-0.5.0-SNAPSHOT.jar:/root/.m2/repository/org/apache/hadoop/hadoop-hdds-tools/0.5.0-SNAPSHOT/hadoop-hdds-tools-0.5.0-SNAPSHOT.jar:/root/.m2/repository/org/apache/hadoop/hadoop-ozone-ozone-manager/0.5.0-SNAPSHOT/hadoop-ozone-ozone-manager-0.5.0-SNAPSHOT.jar:/root/.m2/repository/org/apache/hadoop/hadoop-hdds-docs/0.5.0-SNAPSHOT/hadoop-hdds-docs-0.5.0-SNAPSHOT.jar:/root/.m2/repository/org/bouncycastle/bcprov-jdk15on/1.60/bcprov-jdk15on-1.60.jar:/root/.m2/repository/org/apache/hadoop/hadoop-minikdc/3.2.0/hadoop-minikdc-3.2.0.jar:/root/.m2/repository/commons-io/commons-io/2.5/commons-io-2.5.jar:/root/.m2/repository/org/apache/kerby/kerb-simplekdc/1.0.1/kerb-simplekdc-1.0.1.jar:/root/.m2/repository/org/apache/kerby/kerb-client/1.0.1/kerb-client-1.0.1.jar:/root/.m2/repository/org/apache/kerby/kerby-config/1.0.1/kerby-config-1.0.1.jar:/root/.m2/repository/org/apache/kerby/kerb-core/1.0.1/kerb-core-1.0.1.jar:/root/.m2/repository/org/apache/kerby/kerby-pkix/1.0.1/kerby-pkix-1.0.1.jar:/root/.m2/repository/org/apache/kerby/kerby-asn1/1.0.1/kerby-asn1-1.0.1.jar:/root/.m2/repository/org/apache/kerby/kerby-util/1.0.1/kerby-util-1.0.1.jar:/root/.m2/repository/org/apache/kerby/kerb-common/1.0.1/kerb-common-1.0.1.jar:/root/.m2/repository/org/apache/kerby/kerb-crypto/1.0.1/kerb-crypto-1.0.1.jar:/root/.m2/repository/org/apache/kerby/kerb-util/1.0.1/kerb-util-1.0.1.jar:/root/.m2/repository/org/apache/kerby/token-provider/1.0.1/token-provider-1.0.1.jar:/root/.m2/repository/org/apache/kerby/kerb-admin/1.0.1/kerb-admin-1.0.1.jar:/root/.m2/repository/org/apache/kerby/kerb-server/1.0.1/kerb-server-1.0.1.jar:/root/.m2/repository/org/apache/kerby/kerb-identity/1.0.1/kerb-identity-1.0.1.jar:/root/.m2/repository/org/apache/kerby/kerby-xdr/1.0.1/kerby-xdr-1.0.1.jar:/root/.m2/repository/org/slf4j/slf4j-log4j12/1.7.25/slf4j-log4j12-1.7.25.jar:/root/.m2/repository/org/apache/hadoop/hadoop-ozone-objectstore-service/0.5.0-SNAPSHOT/hadoop-ozone-objectstore-service-0.5.0-SNAPSHOT.jar:/root/.m2/repository/org/apache/hadoop/hadoop-ozone-s3gateway/0.5.0-SNAPSHOT/hadoop-ozone-s3gateway-0.5.0-SNAPSHOT.jar:/root/.m2/repository/org/jboss/weld/servlet/weld-servlet/2.4.7.Final/weld-servlet-2.4.7.Final.jar:/root/.m2/repository/org/glassfish/jersey/containers/jersey-container-servlet-core/2.27/jersey-container-servlet-core-2.27.jar:/root/.m2/repository/org/glassfish/hk2/external/javax.inject/2.5.0-b42/javax.inject-2.5.0-b42.jar:/root/.m2/repository/org/glassfish/jersey/core/jersey-common/2.27/jersey-common-2.27.jar:/root/.m2/repository/org/glassfish/hk2/osgi-resource-locator/1.0.1/osgi-resource-locator-1.0.1.jar:/root/.m2/repository/javax/ws/rs/javax.ws.rs-api/2.1/javax.ws.rs-api-2.1.jar:/root/.m2/repository/org/glassfish/jersey/ext/cdi/jersey-cdi1x/2.27/jersey-cdi1x-2.27.jar:/root/.m2/repository/org/glassfish/jersey/inject/jersey-hk2/2.27/jersey-hk2-2.27.jar:/root/.m2/repository/org/glassfish/hk2/hk2-locator/2.5.0-b42/hk2-locator-2.5.0-b42.jar:/root/.m2/repository/org/javassist/javassist/3.22.0-CR2/javassist-3.22.0-CR2.jar:/root/.m2/repository/org/glassfish/hk2/hk2-api/2.5.0/hk2-api-2.5.0.jar:/root/.m2/repository/org/glassfish/hk2/external/jakarta.inject/2.5.0/jakarta.inject-2.5.0.jar:/root/.m2/repository/org/glassfish/hk2/hk2-utils/2.5.0/hk2-utils-2.5.0.jar:/root/.m2/repository/jakarta/annotation/jakarta.annotation-api/1.3.4/jakarta.annotation-api-1.3.4.jar:/root/.m2/repository/org/glassfish/hk2/external/aopalliance-repackaged/2.5.0/aopalliance-repackaged-2.5.0.jar:/root/.m2/repository/com/fasterxml/jackson/dataformat/jackson-dataformat-xml/2.9.0/jackson-dataformat-xml-2.9.0.jar:/root/.m2/repository/com/fasterxml/jackson/core/jackson-core/2.9.5/jackson-core-2.9.5.jar:/root/.m2/repository/com/fasterxml/jackson/module/jackson-module-jaxb-annotations/2.9.5/jackson-module-jaxb-annotations-2.9.5.jar:/root/.m2/repository/javax/enterprise/cdi-api/1.2/cdi-api-1.2.jar:/root/.m2/repository/javax/el/javax.el-api/3.0.0/javax.el-api-3.0.0.jar:/root/.m2/repository/javax/interceptor/javax.interceptor-api/1.2/javax.interceptor-api-1.2.jar:/root/.m2/repository/javax/inject/javax.inject/1/javax.inject-1.jar:/root/.m2/repository/com/sun/xml/bind/jaxb-impl/2.3.0.1/jaxb-impl-2.3.0.1.jar:/root/.m2/repository/com/sun/xml/bind/jaxb-core/2.3.0.1/jaxb-core-2.3.0.1.jar:/root/.m2/repository/javax/xml/bind/jaxb-api/2.3.0/jaxb-api-2.3.0.jar:/root/.m2/repository/javax/activation/activation/1.1.1/activation-1.1.1.jar:/root/.m2/repository/org/apache/hadoop/hadoop-ozone-csi/0.5.0-SNAPSHOT/hadoop-ozone-csi-0.5.0-SNAPSHOT.jar:/root/.m2/repository/com/google/protobuf/protobuf-java-util/3.5.1/protobuf-java-util-3.5.1.jar:/root/.m2/repository/org/apache/hadoop/hadoop-hdds-config/0.5.0-SNAPSHOT/hadoop-hdds-config-0.5.0-SNAPSHOT.jar:/root/.m2/repository/com/google/guava/guava/11.0.2/guava-11.0.2.jar:/root/.m2/repository/com/google/protobuf/protobuf-java/2.5.0/protobuf-java-2.5.0.jar:/root/.m2/repository/io/grpc/grpc-netty/1.17.1/grpc-netty-1.17.1.jar:/root/.m2/repository/io/grpc/grpc-core/1.17.1/grpc-core-1.17.1.jar:/root/.m2/repository/io/grpc/grpc-context/1.17.1/grpc-context-1.17.1.jar:/root/.m2/repository/com/google/errorprone/error_prone_annotations/2.2.0/error_prone_annotations-2.2.0.jar:/root/.m2/repository/org/codehaus/mojo/animal-sniffer-annotations/1.17/animal-sniffer-annotations-1.17.jar:/root/.m2/repository/io/opencensus/opencensus-api/0.17.0/opencensus-api-0.17.0.jar:/root/.m2/repository/io/opencensus/opencensus-contrib-grpc-metrics/0.17.0/opencensus-contrib-grpc-metrics-0.17.0.jar:/root/.m2/repository/io/netty/netty-codec-http2/4.1.30.Final/netty-codec-http2-4.1.30.Final.jar:/root/.m2/repository/io/netty/netty-codec-http/4.1.30.Final/netty-codec-http-4.1.30.Final.jar:/root/.m2/repository/io/netty/netty-codec/4.1.30.Final/netty-codec-4.1.30.Final.jar:/root/.m2/repository/io/netty/netty-handler/4.1.30.Final/netty-handler-4.1.30.Final.jar:/root/.m2/repository/io/netty/netty-handler-proxy/4.1.30.Final/netty-handler-proxy-4.1.30.Final.jar:/root/.m2/repository/io/netty/netty-codec-socks/4.1.30.Final/netty-codec-socks-4.1.30.Final.jar:/root/.m2/repository/io/netty/netty-transport-native-epoll/4.1.30.Final/netty-transport-native-epoll-4.1.30.Final.jar:/root/.m2/repository/io/netty/netty-common/4.1.30.Final/netty-common-4.1.30.Final.jar:/root/.m2/repository/io/netty/netty-buffer/4.1.30.Final/netty-buffer-4.1.30.Final.jar:/root/.m2/repository/io/netty/netty-transport/4.1.30.Final/netty-transport-4.1.30.Final.jar:/root/.m2/repository/io/netty/netty-resolver/4.1.30.Final/netty-resolver-4.1.30.Final.jar:/root/.m2/repository/io/netty/netty-transport-native-unix-common/4.1.30.Final/netty-transport-native-unix-common-4.1.30.Final.jar:/root/.m2/repository/io/grpc/grpc-protobuf/1.17.1/grpc-protobuf-1.17.1.jar:/root/.m2/repository/com/google/api/grpc/proto-google-common-protos/1.0.0/proto-google-common-protos-1.0.0.jar:/root/.m2/repository/io/grpc/grpc-protobuf-lite/1.17.1/grpc-protobuf-lite-1.17.1.jar:/root/.m2/repository/io/grpc/grpc-stub/1.17.1/grpc-stub-1.17.1.jar:/root/.m2/repository/org/apache/hadoop/hadoop-ozone-recon/0.5.0-SNAPSHOT/hadoop-ozone-recon-0.5.0-SNAPSHOT.jar:/root/.m2/repository/org/apache/hadoop/hadoop-ozone-reconcodegen/0.5.0-SNAPSHOT/hadoop-ozone-reconcodegen-0.5.0-SNAPSHOT.jar:/root/.m2/repository/com/google/inject/extensions/guice-multibindings/4.0/guice-multibindings-4.0.jar:/root/.m2/repository/com/google/inject/guice/4.0/guice-4.0.jar:/root/.m2/repository/aopalliance/aopalliance/1.0/aopalliance-1.0.jar:/root/.m2/repository/com/google/inject/extensions/guice-servlet/4.0/guice-servlet-4.0.jar:/root/.m2/repository/org/glassfish/jersey/containers/jersey-container-servlet/2.27/jersey-container-servlet-2.27.jar:/root/.m2/repository/org/glassfish/hk2/guice-bridge/2.5.0/guice-bridge-2.5.0.jar:/root/.m2/repository/org/glassfish/jersey/core/jersey-server/2.27/jersey-server-2.27.jar:/root/.m2/repository/org/glassfish/jersey/core/jersey-client/2.27/jersey-client-2.27.jar:/root/.m2/repository/org/glassfish/jersey/media/jersey-media-jaxb/2.27/jersey-media-jaxb-2.27.jar:/root/.m2/repository/javax/validation/validation-api/1.1.0.Final/validation-api-1.1.0.Final.jar:/root/.m2/repository/org/glassfish/jersey/media/jersey-media-json-jackson/2.27/jersey-media-json-jackson-2.27.jar:/root/.m2/repository/org/glassfish/jersey/ext/jersey-entity-filtering/2.27/jersey-entity-filtering-2.27.jar:/root/.m2/repository/com/google/inject/extensions/guice-assistedinject/4.0/guice-assistedinject-4.0.jar:/root/.m2/repository/org/jooq/jooq/3.11.10/jooq-3.11.10.jar:/root/.m2/repository/org/jooq/jooq-meta/3.11.10/jooq-meta-3.11.10.jar:/root/.m2/repository/org/jooq/jooq-codegen/3.11.10/jooq-codegen-3.11.10.jar:/root/.m2/repository/com/jolbox/bonecp/0.8.0.RELEASE/bonecp-0.8.0.RELEASE.jar:/root/.m2/repository/org/xerial/sqlite-jdbc/3.25.2/sqlite-jdbc-3.25.2.jar:/root/.m2/repository/org/springframework/spring-jdbc/5.1.3.RELEASE/spring-jdbc-5.1.3.RELEASE.jar:/root/.m2/repository/org/springframework/spring-beans/5.1.3.RELEASE/spring-beans-5.1.3.RELEASE.jar:/root/.m2/repository/org/springframework/spring-core/5.1.3.RELEASE/spring-core-5.1.3.RELEASE.jar:/root/.m2/repository/org/springframework/spring-jcl/5.1.3.RELEASE/spring-jcl-5.1.3.RELEASE.jar:/root/.m2/repository/org/springframework/spring-tx/5.1.3.RELEASE/spring-tx-5.1.3.RELEASE.jar:/root/.m2/repository/org/apache/hadoop/hadoop-ozone-client/0.5.0-SNAPSHOT/hadoop-ozone-client-0.5.0-SNAPSHOT.jar:/root/.m2/repository/org/apache/hadoop/hadoop-ozone-ozone-manager/0.5.0-SNAPSHOT/hadoop-ozone-ozone-manager-0.5.0-SNAPSHOT-tests.jar:/root/.m2/repository/junit/junit/4.11/junit-4.11.jar:/root/.m2/repository/org/hamcrest/hamcrest-core/1.3/hamcrest-core-1.3.jar:/root/.m2/repository/org/openjdk/jmh/jmh-core/1.19/jmh-core-1.19.jar:/root/.m2/repository/net/sf/jopt-simple/jopt-simple/4.6/jopt-simple-4.6.jar:/root/.m2/repository/org/apache/commons/commons-math3/3.1.1/commons-math3-3.1.1.jar:/root/.m2/repository/org/openjdk/jmh/jmh-generator-annprocess/1.19/jmh-generator-annprocess-1.19.jar:/root/.m2/repository/org/mockito/mockito-all/1.8.5/mockito-all-1.8.5.jar:/root/.m2/repository/org/apache/hadoop/hadoop-kms/3.2.0/hadoop-kms-3.2.0.jar:/root/.m2/repository/org/apache/hadoop/hadoop-auth/3.2.0/hadoop-auth-3.2.0.jar:/root/.m2/repository/com/nimbusds/nimbus-jose-jwt/4.41.1/nimbus-jose-jwt-4.41.1.jar:/root/.m2/repository/com/github/stephenc/jcip/jcip-annotations/1.0-1/jcip-annotations-1.0-1.jar:/root/.m2/repository/net/minidev/json-smart/2.3/json-smart-2.3.jar:/root/.m2/repository/net/minidev/accessors-smart/1.2/accessors-smart-1.2.jar:/root/.m2/repository/org/ow2/asm/asm/5.0.4/asm-5.0.4.jar:/root/.m2/repository/org/apache/curator/curator-framework/2.12.0/curator-framework-2.12.0.jar:/root/.m2/repository/com/sun/jersey/jersey-core/1.19/jersey-core-1.19.jar:/root/.m2/repository/javax/ws/rs/jsr311-api/1.1.1/jsr311-api-1.1.1.jar:/root/.m2/repository/com/sun/jersey/jersey-server/1.19/jersey-server-1.19.jar:/root/.m2/repository/javax/servlet/javax.servlet-api/3.1.0/javax.servlet-api-3.1.0.jar:/root/.m2/repository/org/eclipse/jetty/jetty-server/9.3.24.v20180605/jetty-server-9.3.24.v20180605.jar:/root/.m2/repository/org/eclipse/jetty/jetty-http/9.3.24.v20180605/jetty-http-9.3.24.v20180605.jar:/root/.m2/repository/org/eclipse/jetty/jetty-io/9.3.24.v20180605/jetty-io-9.3.24.v20180605.jar:/root/.m2/repository/org/eclipse/jetty/jetty-webapp/9.3.24.v20180605/jetty-webapp-9.3.24.v20180605.jar:/root/.m2/repository/org/eclipse/jetty/jetty-xml/9.3.24.v20180605/jetty-xml-9.3.24.v20180605.jar:/root/.m2/repository/log4j/log4j/1.2.17/log4j-1.2.17.jar:/root/.m2/repository/org/slf4j/slf4j-api/1.7.25/slf4j-api-1.7.25.jar:/root/.m2/repository/org/slf4j/jul-to-slf4j/1.7.25/jul-to-slf4j-1.7.25.jar:/root/.m2/repository/org/eclipse/jetty/jetty-util/9.3.24.v20180605/jetty-util-9.3.24.v20180605.jar:/root/.m2/repository/io/dropwizard/metrics/metrics-core/3.2.4/metrics-core-3.2.4.jar:/root/.m2/repository/com/fasterxml/jackson/core/jackson-databind/2.9.5/jackson-databind-2.9.5.jar:/root/.m2/repository/org/apache/hadoop/hadoop-kms/3.2.0/hadoop-kms-3.2.0-tests.jar:/root/.m2/repository/org/apache/hadoop/hadoop-hdds-server-scm/0.5.0-SNAPSHOT/hadoop-hdds-server-scm-0.5.0-SNAPSHOT-tests.jar:/root/.m2/repository/org/hamcrest/hamcrest-all/1.3/hamcrest-all-1.3.jar:/root/.m2/repository/info/picocli/picocli/3.9.6/picocli-3.9.6.jar:/root/.m2/repository/org/apache/hadoop/hadoop-hdds-container-service/0.5.0-SNAPSHOT/hadoop-hdds-container-service-0.5.0-SNAPSHOT-tests.jar:/root/.m2/repository/org/yaml/snakeyaml/1.16/snakeyaml-1.16.jar:/root/.m2/repository/org/apache/hadoop/hadoop-common/3.2.0/hadoop-common-3.2.0-tests.jar:/root/.m2/repository/org/apache/hadoop/hadoop-annotations/3.2.0/hadoop-annotations-3.2.0.jar:/usr/lib/jvm/java-1.8-openjdk/jre/../lib/tools.jar:/root/.m2/repository/commons-cli/commons-cli/1.2/commons-cli-1.2.jar:/root/.m2/repository/org/apache/httpcomponents/httpclient/4.5.2/httpclient-4.5.2.jar:/root/.m2/repository/org/apache/httpcomponents/httpcore/4.4.4/httpcore-4.4.4.jar:/root/.m2/repository/commons-codec/commons-codec/1.11/commons-codec-1.11.jar:/root/.m2/repository/commons-net/commons-net/3.6/commons-net-3.6.jar:/root/.m2/repository/commons-collections/commons-collections/3.2.2/commons-collections-3.2.2.jar:/root/.m2/repository/org/eclipse/jetty/jetty-servlet/9.3.24.v20180605/jetty-servlet-9.3.24.v20180605.jar:/root/.m2/repository/org/eclipse/jetty/jetty-security/9.3.24.v20180605/jetty-security-9.3.24.v20180605.jar:/root/.m2/repository/javax/servlet/jsp/jsp-api/2.1/jsp-api-2.1.jar:/root/.m2/repository/com/sun/jersey/jersey-servlet/1.19/jersey-servlet-1.19.jar:/root/.m2/repository/com/sun/jersey/jersey-json/1.19/jersey-json-1.19.jar:/root/.m2/repository/org/codehaus/jettison/jettison/1.1/jettison-1.1.jar:/root/.m2/repository/org/codehaus/jackson/jackson-core-asl/1.9.13/jackson-core-asl-1.9.13.jar:/root/.m2/repository/org/codehaus/jackson/jackson-mapper-asl/1.9.13/jackson-mapper-asl-1.9.13.jar:/root/.m2/repository/org/codehaus/jackson/jackson-jaxrs/1.9.13/jackson-jaxrs-1.9.13.jar:/root/.m2/repository/org/codehaus/jackson/jackson-xc/1.9.13/jackson-xc-1.9.13.jar:/root/.m2/repository/commons-logging/commons-logging/1.1.3/commons-logging-1.1.3.jar:/root/.m2/repository/commons-beanutils/commons-beanutils/1.9.3/commons-beanutils-1.9.3.jar:/root/.m2/repository/org/apache/commons/commons-configuration2/2.1.1/commons-configuration2-2.1.1.jar:/root/.m2/repository/org/apache/commons/commons-lang3/3.7/commons-lang3-3.7.jar:/root/.m2/repository/org/apache/commons/commons-text/1.4/commons-text-1.4.jar:/root/.m2/repository/org/apache/avro/avro/1.7.7/avro-1.7.7.jar:/root/.m2/repository/com/thoughtworks/paranamer/paranamer/2.3/paranamer-2.3.jar:/root/.m2/repository/org/xerial/snappy/snappy-java/1.0.5/snappy-java-1.0.5.jar:/root/.m2/repository/com/google/re2j/re2j/1.1/re2j-1.1.jar:/root/.m2/repository/com/google/code/gson/gson/2.2.4/gson-2.2.4.jar:/root/.m2/repository/com/jcraft/jsch/0.1.54/jsch-0.1.54.jar:/root/.m2/repository/org/apache/curator/curator-client/2.12.0/curator-client-2.12.0.jar:/root/.m2/repository/org/apache/curator/curator-recipes/2.12.0/curator-recipes-2.12.0.jar:/root/.m2/repository/com/google/code/findbugs/jsr305/3.0.0/jsr305-3.0.0.jar:/root/.m2/repository/org/apache/htrace/htrace-core4/4.1.0-incubating/htrace-core4-4.1.0-incubating.jar:/root/.m2/repository/org/apache/zookeeper/zookeeper/3.4.13/zookeeper-3.4.13.jar:/root/.m2/repository/org/apache/yetus/audience-annotations/0.5.0/audience-annotations-0.5.0.jar:/root/.m2/repository/org/codehaus/woodstox/stax2-api/3.1.4/stax2-api-3.1.4.jar:/root/.m2/repository/com/fasterxml/woodstox/woodstox-core/5.0.3/woodstox-core-5.0.3.jar:/root/.m2/repository/dnsjava/dnsjava/2.1.7/dnsjava-2.1.7.jar:/root/.m2/repository/org/apache/hadoop/hadoop-hdfs/3.2.0/hadoop-hdfs-3.2.0-tests.jar:/root/.m2/repository/org/eclipse/jetty/jetty-util-ajax/9.3.24.v20180605/jetty-util-ajax-9.3.24.v20180605.jar:/root/.m2/repository/commons-daemon/commons-daemon/1.0.13/commons-daemon-1.0.13.jar:/root/.m2/repository/io/netty/netty/3.10.5.Final/netty-3.10.5.Final.jar:/root/.m2/repository/io/netty/netty-all/4.0.52.Final/netty-all-4.0.52.Final.jar:/root/.m2/repository/org/fusesource/leveldbjni/leveldbjni-all/1.8/leveldbjni-all-1.8.jar:"/>
    <property name="sun.cpu.endian" value="little"/>
    <property name="user.home" value="/root"/>
    <property name="user.language" value="en"/>
    <property name="java.specification.vendor" value="Oracle Corporation"/>
    <property name="java.home" value="/usr/lib/jvm/java-1.8-openjdk/jre"/>
    <property name="java.security.krb5.conf" value="/opt/src/hadoop-ozone/integration-test/target/test-classes/krb5.conf"/>
    <property name="basedir" value="/opt/src/hadoop-ozone/integration-test"/>
    <property name="file.separator" value="/"/>
    <property name="line.separator" value="&#10;"/>
    <property name="java.vm.specification.vendor" value="Oracle Corporation"/>
    <property name="java.specification.name" value="Java Platform API Specification"/>
    <property name="java.awt.graphicsenv" value="sun.awt.X11GraphicsEnvironment"/>
    <property name="surefire.real.class.path" value="/opt/src/hadoop-ozone/integration-test/target/surefire/surefirebooter6538082946825135256.jar"/>
    <property name="hadoop.log.dir" value="/opt/src/hadoop-ozone/integration-test/target/log"/>
    <property name="sun.boot.class.path" value="/usr/lib/jvm/java-1.8-openjdk/jre/lib/resources.jar:/usr/lib/jvm/java-1.8-openjdk/jre/lib/rt.jar:/usr/lib/jvm/java-1.8-openjdk/jre/lib/sunrsasign.jar:/usr/lib/jvm/java-1.8-openjdk/jre/lib/jsse.jar:/usr/lib/jvm/java-1.8-openjdk/jre/lib/jce.jar:/usr/lib/jvm/java-1.8-openjdk/jre/lib/charsets.jar:/usr/lib/jvm/java-1.8-openjdk/jre/lib/jfr.jar:/usr/lib/jvm/java-1.8-openjdk/jre/classes"/>
    <property name="sun.management.compiler" value="HotSpot 64-Bit Tiered Compilers"/>
    <property name="java.runtime.version" value="1.8.0_212-b04"/>
    <property name="java.net.preferIPv4Stack" value="true"/>
    <property name="user.name" value="root"/>
    <property name="path.separator" value=":"/>
    <property name="java.security.egd" value="file:///dev/urandom"/>
    <property name="os.version" value="4.15.0-1021-aws"/>
    <property name="java.endorsed.dirs" value="/usr/lib/jvm/java-1.8-openjdk/jre/lib/endorsed"/>
    <property name="java.runtime.name" value="OpenJDK Runtime Environment"/>
    <property name="file.encoding" value="UTF-8"/>
    <property name="java.vm.name" value="OpenJDK 64-Bit Server VM"/>
    <property name="test.build.webapps" value=""/>
    <property name="localRepository" value="/root/.m2/repository"/>
    <property name="java.vendor.url.bug" value="https://icedtea.classpath.org/bugzilla"/>
    <property name="java.io.tmpdir" value="/tmp"/>
    <property name="require.test.libhadoop" value=""/>
    <property name="java.version" value="1.8.0_212"/>
    <property name="user.dir" value="/opt/src/hadoop-ozone/integration-test"/>
    <property name="os.arch" value="amd64"/>
    <property name="java.vm.specification.name" value="Java Virtual Machine Specification"/>
    <property name="test.build.classes" value="/opt/src/hadoop-ozone/integration-test/target/test-classes"/>
    <property name="java.awt.printerjob" value="sun.print.PSPrinterJob"/>
    <property name="sun.os.patch.level" value="unknown"/>
    <property name="hadoop.tmp.dir" value="/opt/src/hadoop-ozone/integration-test/target/tmp"/>
    <property name="java.library.path" value="/usr/lib/jvm/java-1.8-openjdk/jre/lib/amd64/server:/usr/lib/jvm/java-1.8-openjdk/jre/lib/amd64:/usr/lib/jvm/java-1.8-openjdk/jre/../lib/amd64:/opt/src/hadoop-ozone/integration-test/target/native/target/usr/local/lib:/opt/src/hadoop-ozone/integration-test/../../hadoop-common-project/hadoop-common/target/native/target/usr/local/lib:/usr/java/packages/lib/amd64:/usr/lib64:/lib64:/lib:/usr/lib"/>
    <property name="java.vm.info" value="mixed mode"/>
    <property name="java.vendor" value="IcedTea"/>
    <property name="java.vm.version" value="25.212-b04"/>
    <property name="java.ext.dirs" value="/usr/lib/jvm/java-1.8-openjdk/jre/lib/ext:/usr/java/packages/lib/ext"/>
    <property name="sun.io.unicode.encoding" value="UnicodeLittle"/>
    <property name="java.class.version" value="52.0"/>
  </properties>
  <testcase name="testPipelineFail" classname="org.apache.hadoop.hdds.scm.pipeline.TestNodeFailure" time="0">
    <skipped/>
    <system-out><![CDATA[2019-06-13 00:42:52,906 WARN  server.ServerUtils (ServerUtils.java:getScmDbDir(145)) - ozone.scm.db.dirs is not configured. We recommend adding this setting. Falling back to ozone.metadata.dirs instead.
2019-06-13 00:42:52,994 WARN  server.ServerUtils (ServerUtils.java:getScmDbDir(145)) - ozone.scm.db.dirs is not configured. We recommend adding this setting. Falling back to ozone.metadata.dirs instead.
2019-06-13 00:42:52,997 WARN  server.ServerUtils (ServerUtils.java:getScmDbDir(145)) - ozone.scm.db.dirs is not configured. We recommend adding this setting. Falling back to ozone.metadata.dirs instead.
2019-06-13 00:42:53,016 INFO  util.log (Log.java:initialized(192)) - Logging initialized @737ms
2019-06-13 00:42:53,097 INFO  db.DBStoreBuilder (DBStoreBuilder.java:addTable(110)) - using custom profile for table: deletedBlocks
2019-06-13 00:42:53,097 INFO  db.DBStoreBuilder (DBStoreBuilder.java:processTables(161)) - Using default column profile:DBProfile.DISK for Table:deletedBlocks
2019-06-13 00:42:53,097 INFO  db.DBStoreBuilder (DBStoreBuilder.java:addTable(110)) - using custom profile for table: validCerts
2019-06-13 00:42:53,098 INFO  db.DBStoreBuilder (DBStoreBuilder.java:processTables(161)) - Using default column profile:DBProfile.DISK for Table:validCerts
2019-06-13 00:42:53,098 INFO  db.DBStoreBuilder (DBStoreBuilder.java:addTable(110)) - using custom profile for table: revokedCerts
2019-06-13 00:42:53,098 INFO  db.DBStoreBuilder (DBStoreBuilder.java:processTables(161)) - Using default column profile:DBProfile.DISK for Table:revokedCerts
2019-06-13 00:42:53,107 INFO  db.DBStoreBuilder (DBStoreBuilder.java:addTable(110)) - using custom profile for table: default
2019-06-13 00:42:53,107 INFO  db.DBStoreBuilder (DBStoreBuilder.java:processTables(167)) - Using default column profile:DBProfile.DISK for Table:default
2019-06-13 00:42:53,109 INFO  db.DBStoreBuilder (DBStoreBuilder.java:getDbProfile(198)) - Using default options. DBProfile.DISK
2019-06-13 00:42:53,174 INFO  node.SCMNodeManager (SCMNodeManager.java:<init>(108)) - Entering startup safe mode.
2019-06-13 00:42:53,230 INFO  net.NodeSchemaLoader (NodeSchemaLoader.java:loadSchemaFromFile(125)) - Loading file from sun.misc.CompoundEnumeration@443118b0
2019-06-13 00:42:53,231 INFO  net.NodeSchemaLoader (NodeSchemaLoader.java:loadSchema(171)) - Loading network topology layer schema file
2019-06-13 00:42:53,280 WARN  server.ServerUtils (ServerUtils.java:getScmDbDir(145)) - ozone.scm.db.dirs is not configured. We recommend adding this setting. Falling back to ozone.metadata.dirs instead.
2019-06-13 00:42:53,300 INFO  pipeline.SCMPipelineManager (SCMPipelineManager.java:initializePipelineState(126)) - No pipeline exists in current db
2019-06-13 00:42:53,302 WARN  server.ServerUtils (ServerUtils.java:getScmDbDir(145)) - ozone.scm.db.dirs is not configured. We recommend adding this setting. Falling back to ozone.metadata.dirs instead.
2019-06-13 00:42:53,351 WARN  events.EventQueue (EventQueue.java:fireEvent(175)) - No event handler registered for event TypedEvent{payloadType=SafeModeStatus, name='SafeModeStatus'}
2019-06-13 00:42:53,665 INFO  ipc.CallQueueManager (CallQueueManager.java:<init>(84)) - Using callQueue: class java.util.concurrent.LinkedBlockingQueue, queueCapacity: 2000, scheduler: class org.apache.hadoop.ipc.DefaultRpcScheduler, ipcBackoff: false.
2019-06-13 00:42:53,687 INFO  ipc.Server (Server.java:run(1074)) - Starting Socket Reader #1 for port 42237
2019-06-13 00:42:53,706 INFO  ipc.CallQueueManager (CallQueueManager.java:<init>(84)) - Using callQueue: class java.util.concurrent.LinkedBlockingQueue, queueCapacity: 2000, scheduler: class org.apache.hadoop.ipc.DefaultRpcScheduler, ipcBackoff: false.
2019-06-13 00:42:53,707 INFO  ipc.Server (Server.java:run(1074)) - Starting Socket Reader #1 for port 43183
2019-06-13 00:42:53,713 INFO  ipc.CallQueueManager (CallQueueManager.java:<init>(84)) - Using callQueue: class java.util.concurrent.LinkedBlockingQueue, queueCapacity: 2000, scheduler: class org.apache.hadoop.ipc.DefaultRpcScheduler, ipcBackoff: false.
2019-06-13 00:42:53,739 INFO  ipc.Server (Server.java:run(1074)) - Starting Socket Reader #1 for port 39193
2019-06-13 00:42:53,763 INFO  hdfs.DFSUtil (DFSUtil.java:httpServerTemplateForNNAndJN(1641)) - Starting Web-server for scm at: http://0.0.0.0:0
2019-06-13 00:42:53,919 INFO  server.AuthenticationFilter (AuthenticationFilter.java:constructSecretProvider(240)) - Unable to initialize FileSignerSecretProvider, falling back to use random secrets.
2019-06-13 00:42:53,929 WARN  http.HttpRequestLog (HttpRequestLog.java:getRequestLog(97)) - Jetty request log can only be enabled using Log4j
2019-06-13 00:42:53,935 INFO  http.HttpServer2 (HttpServer2.java:addGlobalFilter(975)) - Added global filter 'safety' (class=org.apache.hadoop.http.HttpServer2$QuotingInputFilter)
2019-06-13 00:42:53,937 INFO  http.HttpServer2 (HttpServer2.java:addFilter(948)) - Added filter static_user_filter (class=org.apache.hadoop.http.lib.StaticUserWebFilter$StaticUserFilter) to context scm
2019-06-13 00:42:53,937 INFO  http.HttpServer2 (HttpServer2.java:addFilter(958)) - Added filter static_user_filter (class=org.apache.hadoop.http.lib.StaticUserWebFilter$StaticUserFilter) to context logs
2019-06-13 00:42:53,938 INFO  http.HttpServer2 (HttpServer2.java:addFilter(958)) - Added filter static_user_filter (class=org.apache.hadoop.http.lib.StaticUserWebFilter$StaticUserFilter) to context static
2019-06-13 00:42:53,957 INFO  server.StorageContainerManager (StorageContainerManager.java:start(752)) - StorageContainerLocationProtocol RPC server is listening at /0.0.0.0:39193
2019-06-13 00:42:53,998 WARN  impl.MetricsConfig (MetricsConfig.java:loadFirst(134)) - Cannot locate configuration: tried hadoop-metrics2-storagecontainermanager.properties,hadoop-metrics2.properties
2019-06-13 00:42:54,006 INFO  impl.MetricsSystemImpl (MetricsSystemImpl.java:startTimer(374)) - Scheduled Metric snapshot period at 10 second(s).
2019-06-13 00:42:54,007 INFO  impl.MetricsSystemImpl (MetricsSystemImpl.java:start(191)) - StorageContainerManager metrics system started
2019-06-13 00:42:54,181 INFO  server.SCMClientProtocolServer (SCMClientProtocolServer.java:start(149)) - RPC server for Client  is listening at /0.0.0.0:39193
2019-06-13 00:42:54,182 INFO  ipc.Server (Server.java:run(1314)) - IPC Server Responder: starting
2019-06-13 00:42:54,182 INFO  ipc.Server (Server.java:run(1153)) - IPC Server listener on 39193: starting
2019-06-13 00:42:54,185 INFO  server.StorageContainerManager (StorageContainerManager.java:start(761)) - ScmBlockLocationProtocol RPC server is listening at /0.0.0.0:43183
2019-06-13 00:42:54,185 INFO  server.SCMBlockProtocolServer (SCMBlockProtocolServer.java:start(137)) - RPC server for Block Protocol is listening at /0.0.0.0:43183
2019-06-13 00:42:54,185 INFO  ipc.Server (Server.java:run(1314)) - IPC Server Responder: starting
2019-06-13 00:42:54,186 INFO  ipc.Server (Server.java:run(1153)) - IPC Server listener on 43183: starting
2019-06-13 00:42:54,192 INFO  server.StorageContainerManager (StorageContainerManager.java:start(765)) - ScmDatanodeProtocl RPC server is listening at /0.0.0.0:42237
2019-06-13 00:42:54,192 INFO  server.SCMDatanodeProtocolServer (SCMDatanodeProtocolServer.java:start(191)) - RPC server for DataNodes is listening at /0.0.0.0:42237
2019-06-13 00:42:54,192 INFO  ipc.Server (Server.java:run(1314)) - IPC Server Responder: starting
2019-06-13 00:42:54,192 INFO  ipc.Server (Server.java:run(1153)) - IPC Server listener on 42237: starting
2019-06-13 00:42:54,195 INFO  http.HttpServer2 (HttpServer2.java:bindListener(1191)) - Jetty bound to port 35095
2019-06-13 00:42:54,197 INFO  server.Server (Server.java:doStart(351)) - jetty-9.3.24.v20180605, build timestamp: 2018-06-05T17:11:56Z, git hash: 84205aa28f11a4f31f2a3b86d1bba2cc8ab69827
2019-06-13 00:42:54,230 INFO  handler.ContextHandler (ContextHandler.java:doStart(781)) - Started o.e.j.s.ServletContextHandler@2df6226d{/logs,file:///opt/src/hadoop-ozone/integration-test/target/log,AVAILABLE}
2019-06-13 00:42:54,231 INFO  handler.ContextHandler (ContextHandler.java:doStart(781)) - Started o.e.j.s.ServletContextHandler@4ff4357f{/static,file:///opt/src/hadoop-ozone/integration-test/target/test-classes/webapps/static,AVAILABLE}
2019-06-13 00:42:54,265 INFO  handler.ContextHandler (ContextHandler.java:doStart(781)) - Started o.e.j.w.WebAppContext@2484f433{/,file:///opt/src/hadoop-ozone/integration-test/target/test-classes/webapps/scm/,AVAILABLE}{/scm}
2019-06-13 00:42:54,270 INFO  server.AbstractConnector (AbstractConnector.java:doStart(278)) - Started ServerConnector@841e575{HTTP/1.1,[http/1.1]}{0.0.0.0:35095}
2019-06-13 00:42:54,271 INFO  server.Server (Server.java:doStart(419)) - Started @1992ms
2019-06-13 00:42:54,272 INFO  server.BaseHttpServer (BaseHttpServer.java:updateConnectorAddress(207)) - HTTP server of SCM is listening at http://0.0.0.0:35095
2019-06-13 00:42:54,278 INFO  util.JvmPauseMonitor (JvmPauseMonitor.java:run(188)) - Starting JVM pause monitor
2019-06-13 00:42:54,281 WARN  scm.ScmUtils (ScmUtils.java:getDBPath(63)) - ozone.om.db.dirs is not configured. We recommend adding this setting. Falling back to ozone.metadata.dirs instead.
2019-06-13 00:42:54,364 WARN  scm.ScmUtils (ScmUtils.java:getDBPath(63)) - ozone.om.db.dirs is not configured. We recommend adding this setting. Falling back to ozone.metadata.dirs instead.
2019-06-13 00:42:54,365 INFO  om.OzoneManager (OzoneManager.java:setOMNodeDetails(519)) - OM Service ID is not set. Setting it to the default ID: omServiceIdDefault
2019-06-13 00:42:54,365 INFO  om.OzoneManager (OzoneManager.java:setOMNodeDetails(525)) - OM Node ID is not set. Setting it to the OmStorage's OmID: 86b8d790-b1b9-46ea-925b-92e35567a278
2019-06-13 00:42:54,366 WARN  scm.HddsServerUtil (HddsServerUtil.java:getDefaultRatisDirectory(354)) - Storage directory for Ratis is not configured. It is a good idea to map this to an SSD disk. Falling back to ozone.metadata.dirs
2019-06-13 00:42:54,367 WARN  scm.HddsServerUtil (HddsServerUtil.java:getDefaultRatisDirectory(354)) - Storage directory for Ratis is not configured. It is a good idea to map this to an SSD disk. Falling back to ozone.metadata.dirs
2019-06-13 00:42:54,367 INFO  om.OzoneManager (OzoneManager.java:loadOMHAConfigs(476)) - Found matching OM address with OMServiceId: null, OMNodeId: null, RPC Address: localhost:0 and Ratis port: 9872
2019-06-13 00:42:54,525 WARN  scm.ScmUtils (ScmUtils.java:getDBPath(63)) - ozone.om.db.dirs is not configured. We recommend adding this setting. Falling back to ozone.metadata.dirs instead.
2019-06-13 00:42:54,532 INFO  db.DBStoreBuilder (DBStoreBuilder.java:addTable(110)) - using custom profile for table: userTable
2019-06-13 00:42:54,532 INFO  db.DBStoreBuilder (DBStoreBuilder.java:processTables(161)) - Using default column profile:DBProfile.DISK for Table:userTable
2019-06-13 00:42:54,532 INFO  db.DBStoreBuilder (DBStoreBuilder.java:addTable(110)) - using custom profile for table: volumeTable
2019-06-13 00:42:54,533 INFO  db.DBStoreBuilder (DBStoreBuilder.java:processTables(161)) - Using default column profile:DBProfile.DISK for Table:volumeTable
2019-06-13 00:42:54,533 INFO  db.DBStoreBuilder (DBStoreBuilder.java:addTable(110)) - using custom profile for table: bucketTable
2019-06-13 00:42:54,533 INFO  db.DBStoreBuilder (DBStoreBuilder.java:processTables(161)) - Using default column profile:DBProfile.DISK for Table:bucketTable
2019-06-13 00:42:54,534 INFO  db.DBStoreBuilder (DBStoreBuilder.java:addTable(110)) - using custom profile for table: keyTable
2019-06-13 00:42:54,534 INFO  db.DBStoreBuilder (DBStoreBuilder.java:processTables(161)) - Using default column profile:DBProfile.DISK for Table:keyTable
2019-06-13 00:42:54,534 INFO  db.DBStoreBuilder (DBStoreBuilder.java:addTable(110)) - using custom profile for table: deletedTable
2019-06-13 00:42:54,534 INFO  db.DBStoreBuilder (DBStoreBuilder.java:processTables(161)) - Using default column profile:DBProfile.DISK for Table:deletedTable
2019-06-13 00:42:54,535 INFO  db.DBStoreBuilder (DBStoreBuilder.java:addTable(110)) - using custom profile for table: openKeyTable
2019-06-13 00:42:54,535 INFO  db.DBStoreBuilder (DBStoreBuilder.java:processTables(161)) - Using default column profile:DBProfile.DISK for Table:openKeyTable
2019-06-13 00:42:54,535 INFO  db.DBStoreBuilder (DBStoreBuilder.java:addTable(110)) - using custom profile for table: s3Table
2019-06-13 00:42:54,535 INFO  db.DBStoreBuilder (DBStoreBuilder.java:processTables(161)) - Using default column profile:DBProfile.DISK for Table:s3Table
2019-06-13 00:42:54,536 INFO  db.DBStoreBuilder (DBStoreBuilder.java:addTable(110)) - using custom profile for table: multipartInfoTable
2019-06-13 00:42:54,536 INFO  db.DBStoreBuilder (DBStoreBuilder.java:processTables(161)) - Using default column profile:DBProfile.DISK for Table:multipartInfoTable
2019-06-13 00:42:54,536 INFO  db.DBStoreBuilder (DBStoreBuilder.java:addTable(110)) - using custom profile for table: dTokenTable
2019-06-13 00:42:54,536 INFO  db.DBStoreBuilder (DBStoreBuilder.java:processTables(161)) - Using default column profile:DBProfile.DISK for Table:dTokenTable
2019-06-13 00:42:54,537 INFO  db.DBStoreBuilder (DBStoreBuilder.java:addTable(110)) - using custom profile for table: s3SecretTable
2019-06-13 00:42:54,537 INFO  db.DBStoreBuilder (DBStoreBuilder.java:processTables(161)) - Using default column profile:DBProfile.DISK for Table:s3SecretTable
2019-06-13 00:42:54,537 INFO  db.DBStoreBuilder (DBStoreBuilder.java:addTable(110)) - using custom profile for table: prefixTable
2019-06-13 00:42:54,537 INFO  db.DBStoreBuilder (DBStoreBuilder.java:processTables(161)) - Using default column profile:DBProfile.DISK for Table:prefixTable
2019-06-13 00:42:54,537 INFO  db.DBStoreBuilder (DBStoreBuilder.java:addTable(110)) - using custom profile for table: default
2019-06-13 00:42:54,538 INFO  db.DBStoreBuilder (DBStoreBuilder.java:processTables(167)) - Using default column profile:DBProfile.DISK for Table:default
2019-06-13 00:42:54,538 INFO  db.DBStoreBuilder (DBStoreBuilder.java:getDbProfile(198)) - Using default options. DBProfile.DISK
2019-06-13 00:42:55,105 INFO  ipc.CallQueueManager (CallQueueManager.java:<init>(84)) - Using callQueue: class java.util.concurrent.LinkedBlockingQueue, queueCapacity: 2000, scheduler: class org.apache.hadoop.ipc.DefaultRpcScheduler, ipcBackoff: false.
2019-06-13 00:42:55,106 INFO  ipc.Server (Server.java:run(1074)) - Starting Socket Reader #1 for port 43621
2019-06-13 00:42:55,139 WARN  scm.ScmUtils (ScmUtils.java:getDBPath(63)) - ozone.om.db.dirs is not configured. We recommend adding this setting. Falling back to ozone.metadata.dirs instead.
2019-06-13 00:42:55,139 INFO  om.OzoneManager (OzoneManager.java:start(1217)) - OzoneManager RPC server is listening at localhost/127.0.0.1:43621
2019-06-13 00:42:55,139 INFO  impl.MetricsSystemImpl (MetricsSystemImpl.java:init(158)) - OzoneManager metrics system started (again)
2019-06-13 00:42:55,140 INFO  ipc.Server (Server.java:run(1314)) - IPC Server Responder: starting
2019-06-13 00:42:55,147 INFO  ipc.Server (Server.java:run(1153)) - IPC Server listener on 43621: starting
2019-06-13 00:42:55,168 INFO  hdfs.DFSUtil (DFSUtil.java:httpServerTemplateForNNAndJN(1641)) - Starting Web-server for ozoneManager at: http://0.0.0.0:0
2019-06-13 00:42:55,169 INFO  server.AuthenticationFilter (AuthenticationFilter.java:constructSecretProvider(240)) - Unable to initialize FileSignerSecretProvider, falling back to use random secrets.
2019-06-13 00:42:55,170 WARN  http.HttpRequestLog (HttpRequestLog.java:getRequestLog(97)) - Jetty request log can only be enabled using Log4j
2019-06-13 00:42:55,171 INFO  http.HttpServer2 (HttpServer2.java:addGlobalFilter(975)) - Added global filter 'safety' (class=org.apache.hadoop.http.HttpServer2$QuotingInputFilter)
2019-06-13 00:42:55,172 INFO  http.HttpServer2 (HttpServer2.java:addFilter(948)) - Added filter static_user_filter (class=org.apache.hadoop.http.lib.StaticUserWebFilter$StaticUserFilter) to context ozoneManager
2019-06-13 00:42:55,172 INFO  http.HttpServer2 (HttpServer2.java:addFilter(958)) - Added filter static_user_filter (class=org.apache.hadoop.http.lib.StaticUserWebFilter$StaticUserFilter) to context logs
2019-06-13 00:42:55,173 INFO  http.HttpServer2 (HttpServer2.java:addFilter(958)) - Added filter static_user_filter (class=org.apache.hadoop.http.lib.StaticUserWebFilter$StaticUserFilter) to context static
2019-06-13 00:42:55,174 INFO  http.HttpServer2 (HttpServer2.java:bindListener(1191)) - Jetty bound to port 43037
2019-06-13 00:42:55,175 INFO  server.Server (Server.java:doStart(351)) - jetty-9.3.24.v20180605, build timestamp: 2018-06-05T17:11:56Z, git hash: 84205aa28f11a4f31f2a3b86d1bba2cc8ab69827
2019-06-13 00:42:55,177 INFO  handler.ContextHandler (ContextHandler.java:doStart(781)) - Started o.e.j.s.ServletContextHandler@7c2a69b4{/logs,file:///opt/src/hadoop-ozone/integration-test/target/log,AVAILABLE}
2019-06-13 00:42:55,178 INFO  handler.ContextHandler (ContextHandler.java:doStart(781)) - Started o.e.j.s.ServletContextHandler@648ee871{/static,file:///opt/src/hadoop-ozone/integration-test/target/test-classes/webapps/static,AVAILABLE}
2019-06-13 00:42:55,183 INFO  handler.ContextHandler (ContextHandler.java:doStart(781)) - Started o.e.j.w.WebAppContext@6f012914{/,file:///opt/src/hadoop-ozone/integration-test/target/test-classes/webapps/ozoneManager/,AVAILABLE}{/ozoneManager}
2019-06-13 00:42:55,184 INFO  server.AbstractConnector (AbstractConnector.java:doStart(278)) - Started ServerConnector@18fdb6cf{HTTP/1.1,[http/1.1]}{0.0.0.0:43037}
2019-06-13 00:42:55,184 INFO  server.Server (Server.java:doStart(419)) - Started @2905ms
2019-06-13 00:42:55,185 INFO  server.BaseHttpServer (BaseHttpServer.java:updateConnectorAddress(207)) - HTTP server of OZONEMANAGER is listening at http://0.0.0.0:43037
2019-06-13 00:42:55,359 INFO  impl.MetricsSystemImpl (MetricsSystemImpl.java:init(158)) - HddsDatanode metrics system started (again)
2019-06-13 00:42:55,515 INFO  ozone.HddsDatanodeService (HddsDatanodeService.java:start(185)) - HddsDatanodeService host:ozone-2jgsv-1065785481 ip:192.168.11.210
2019-06-13 00:42:55,541 INFO  volume.HddsVolume (HddsVolume.java:<init>(176)) - Creating Volume: /opt/src/hadoop-ozone/integration-test/target/test-dir/MiniOzoneClusterImpl-6a794af7-f38d-49f1-8a1a-873dc60fa7fd/datanode-0/data/containers/hdds of  storage type : DISK and capacity : 104021790720
2019-06-13 00:42:55,542 INFO  volume.VolumeSet (VolumeSet.java:initializeVolumeSet(170)) - Added Volume : /opt/src/hadoop-ozone/integration-test/target/test-dir/MiniOzoneClusterImpl-6a794af7-f38d-49f1-8a1a-873dc60fa7fd/datanode-0/data/containers/hdds to VolumeSet
2019-06-13 00:42:55,545 INFO  volume.ThrottledAsyncChecker (ThrottledAsyncChecker.java:schedule(140)) - Scheduling a check for org.apache.hadoop.ozone.container.common.volume.HddsVolume@4a6c18ad
2019-06-13 00:42:55,559 INFO  volume.HddsVolumeChecker (HddsVolumeChecker.java:checkAllVolumes(203)) - Scheduled health check for volume org.apache.hadoop.ozone.container.common.volume.HddsVolume@4a6c18ad
2019-06-13 00:42:55,597 INFO  ratis.XceiverServerRatis (XceiverServerRatis.java:newXceiverServerRatis(401)) - Found a free port for the server : 40893
2019-06-13 00:42:55,647 INFO  impl.RaftServerProxy (ConfUtils.java:logGet(43)) - raft.rpc.type = GRPC (default)
2019-06-13 00:42:55,654 INFO  grpc.GrpcConfigKeys$Server (ConfUtils.java:logGet(43)) - raft.grpc.server.port = 40893 (custom)
2019-06-13 00:42:55,655 INFO  server.GrpcService (ConfUtils.java:logGet(43)) - raft.grpc.message.size.max = 33570816 (custom)
2019-06-13 00:42:55,656 INFO  server.RaftServerConfigKeys (ConfUtils.java:logGet(43)) - raft.server.log.appender.buffer.byte-limit = 33554432 (custom)
2019-06-13 00:42:55,657 INFO  server.GrpcService (ConfUtils.java:logGet(43)) - raft.grpc.flow.control.window = 1MB (=1048576) (default)
2019-06-13 00:42:55,657 INFO  server.RaftServerConfigKeys (ConfUtils.java:logGet(43)) - raft.server.rpc.request.timeout = 3000ms (default)
2019-06-13 00:42:55,767 INFO  server.RaftServerConfigKeys (ConfUtils.java:logGet(43)) - raft.server.storage.dir = [/opt/src/hadoop-ozone/integration-test/target/test-dir/MiniOzoneClusterImpl-6a794af7-f38d-49f1-8a1a-873dc60fa7fd/datanode-0/data/ratis] (custom)
2019-06-13 00:42:55,772 INFO  server.XceiverServerGrpc (XceiverServerGrpc.java:<init>(97)) - Found a free port for the server : 44665
2019-06-13 00:42:55,793 INFO  replication.SimpleContainerDownloader (SimpleContainerDownloader.java:<init>(72)) - Starting container downloader service to copy containers to replicate.
2019-06-13 00:42:55,803 INFO  hdfs.DFSUtil (DFSUtil.java:httpServerTemplateForNNAndJN(1641)) - Starting Web-server for hddsDatanode at: http://0.0.0.0:0
2019-06-13 00:42:55,804 INFO  server.AuthenticationFilter (AuthenticationFilter.java:constructSecretProvider(240)) - Unable to initialize FileSignerSecretProvider, falling back to use random secrets.
2019-06-13 00:42:55,804 WARN  http.HttpRequestLog (HttpRequestLog.java:getRequestLog(97)) - Jetty request log can only be enabled using Log4j
2019-06-13 00:42:55,806 INFO  http.HttpServer2 (HttpServer2.java:addGlobalFilter(975)) - Added global filter 'safety' (class=org.apache.hadoop.http.HttpServer2$QuotingInputFilter)
2019-06-13 00:42:55,806 INFO  http.HttpServer2 (HttpServer2.java:addFilter(948)) - Added filter static_user_filter (class=org.apache.hadoop.http.lib.StaticUserWebFilter$StaticUserFilter) to context hddsDatanode
2019-06-13 00:42:55,806 INFO  http.HttpServer2 (HttpServer2.java:addFilter(958)) - Added filter static_user_filter (class=org.apache.hadoop.http.lib.StaticUserWebFilter$StaticUserFilter) to context logs
2019-06-13 00:42:55,807 INFO  http.HttpServer2 (HttpServer2.java:addFilter(958)) - Added filter static_user_filter (class=org.apache.hadoop.http.lib.StaticUserWebFilter$StaticUserFilter) to context static
2019-06-13 00:42:55,807 INFO  http.HttpServer2 (HttpServer2.java:bindListener(1191)) - Jetty bound to port 34977
2019-06-13 00:42:55,807 INFO  server.Server (Server.java:doStart(351)) - jetty-9.3.24.v20180605, build timestamp: 2018-06-05T17:11:56Z, git hash: 84205aa28f11a4f31f2a3b86d1bba2cc8ab69827
2019-06-13 00:42:55,810 INFO  handler.ContextHandler (ContextHandler.java:doStart(781)) - Started o.e.j.s.ServletContextHandler@2e51d054{/logs,file:///opt/src/hadoop-ozone/integration-test/target/log,AVAILABLE}
2019-06-13 00:42:55,810 INFO  handler.ContextHandler (ContextHandler.java:doStart(781)) - Started o.e.j.s.ServletContextHandler@615e3f51{/static,jar:file:/root/.m2/repository/org/apache/hadoop/hadoop-hdds-container-service/0.5.0-SNAPSHOT/hadoop-hdds-container-service-0.5.0-SNAPSHOT.jar!/webapps/static,AVAILABLE}
2019-06-13 00:42:55,844 INFO  handler.ContextHandler (ContextHandler.java:doStart(781)) - Started o.e.j.w.WebAppContext@5e1fc2aa{/,file:///tmp/jetty-0.0.0.0-34977-hddsDatanode-_-any-8469521528642272512.dir/webapp/,AVAILABLE}{/hddsDatanode}
2019-06-13 00:42:55,845 INFO  server.AbstractConnector (AbstractConnector.java:doStart(278)) - Started ServerConnector@688d411b{HTTP/1.1,[http/1.1]}{0.0.0.0:34977}
2019-06-13 00:42:55,845 INFO  server.Server (Server.java:doStart(419)) - Started @3566ms
2019-06-13 00:42:55,846 INFO  server.BaseHttpServer (BaseHttpServer.java:updateConnectorAddress(207)) - HTTP server of HDDSDATANODE is listening at http://0.0.0.0:34977
2019-06-13 00:42:56,693 INFO  ozone.HddsDatanodeService (HddsDatanodeService.java:startPlugins(396)) - Started plug-in org.apache.hadoop.ozone.web.OzoneHddsDatanodeService@30bf26df
2019-06-13 00:42:56,694 INFO  impl.MetricsSystemImpl (MetricsSystemImpl.java:init(158)) - HddsDatanode metrics system started (again)
2019-06-13 00:42:56,694 INFO  ozone.HddsDatanodeService (HddsDatanodeService.java:start(185)) - HddsDatanodeService host:ozone-2jgsv-1065785481 ip:192.168.11.210
2019-06-13 00:42:56,702 INFO  util.JvmPauseMonitor (JvmPauseMonitor.java:run(188)) - Starting JVM pause monitor
2019-06-13 00:42:56,711 INFO  volume.HddsVolume (HddsVolume.java:<init>(176)) - Creating Volume: /opt/src/hadoop-ozone/integration-test/target/test-dir/MiniOzoneClusterImpl-6a794af7-f38d-49f1-8a1a-873dc60fa7fd/datanode-1/data/containers/hdds of  storage type : DISK and capacity : 104021790720
2019-06-13 00:42:56,711 INFO  volume.VolumeSet (VolumeSet.java:initializeVolumeSet(170)) - Added Volume : /opt/src/hadoop-ozone/integration-test/target/test-dir/MiniOzoneClusterImpl-6a794af7-f38d-49f1-8a1a-873dc60fa7fd/datanode-1/data/containers/hdds to VolumeSet
2019-06-13 00:42:56,711 INFO  volume.ThrottledAsyncChecker (ThrottledAsyncChecker.java:schedule(140)) - Scheduling a check for org.apache.hadoop.ozone.container.common.volume.HddsVolume@f171912
2019-06-13 00:42:56,719 INFO  volume.HddsVolumeChecker (HddsVolumeChecker.java:checkAllVolumes(203)) - Scheduled health check for volume org.apache.hadoop.ozone.container.common.volume.HddsVolume@f171912
2019-06-13 00:42:56,736 INFO  ratis.XceiverServerRatis (XceiverServerRatis.java:newXceiverServerRatis(401)) - Found a free port for the server : 34897
2019-06-13 00:42:56,737 INFO  impl.RaftServerProxy (ConfUtils.java:logGet(43)) - raft.rpc.type = GRPC (default)
2019-06-13 00:42:56,738 INFO  grpc.GrpcConfigKeys$Server (ConfUtils.java:logGet(43)) - raft.grpc.server.port = 34897 (custom)
2019-06-13 00:42:56,738 INFO  server.GrpcService (ConfUtils.java:logGet(43)) - raft.grpc.message.size.max = 33570816 (custom)
2019-06-13 00:42:56,738 INFO  server.RaftServerConfigKeys (ConfUtils.java:logGet(43)) - raft.server.log.appender.buffer.byte-limit = 33554432 (custom)
2019-06-13 00:42:56,739 INFO  server.GrpcService (ConfUtils.java:logGet(43)) - raft.grpc.flow.control.window = 1MB (=1048576) (default)
2019-06-13 00:42:56,739 INFO  server.RaftServerConfigKeys (ConfUtils.java:logGet(43)) - raft.server.rpc.request.timeout = 3000ms (default)
2019-06-13 00:42:56,743 INFO  server.RaftServerConfigKeys (ConfUtils.java:logGet(43)) - raft.server.storage.dir = [/opt/src/hadoop-ozone/integration-test/target/test-dir/MiniOzoneClusterImpl-6a794af7-f38d-49f1-8a1a-873dc60fa7fd/datanode-1/data/ratis] (custom)
2019-06-13 00:42:56,743 INFO  server.XceiverServerGrpc (XceiverServerGrpc.java:<init>(97)) - Found a free port for the server : 35127
2019-06-13 00:42:56,744 INFO  replication.SimpleContainerDownloader (SimpleContainerDownloader.java:<init>(72)) - Starting container downloader service to copy containers to replicate.
2019-06-13 00:42:56,745 INFO  hdfs.DFSUtil (DFSUtil.java:httpServerTemplateForNNAndJN(1641)) - Starting Web-server for hddsDatanode at: http://0.0.0.0:0
2019-06-13 00:42:56,746 INFO  server.AuthenticationFilter (AuthenticationFilter.java:constructSecretProvider(240)) - Unable to initialize FileSignerSecretProvider, falling back to use random secrets.
2019-06-13 00:42:56,749 WARN  http.HttpRequestLog (HttpRequestLog.java:getRequestLog(97)) - Jetty request log can only be enabled using Log4j
2019-06-13 00:42:56,751 INFO  http.HttpServer2 (HttpServer2.java:addGlobalFilter(975)) - Added global filter 'safety' (class=org.apache.hadoop.http.HttpServer2$QuotingInputFilter)
2019-06-13 00:42:56,751 INFO  http.HttpServer2 (HttpServer2.java:addFilter(948)) - Added filter static_user_filter (class=org.apache.hadoop.http.lib.StaticUserWebFilter$StaticUserFilter) to context hddsDatanode
2019-06-13 00:42:56,752 INFO  http.HttpServer2 (HttpServer2.java:addFilter(958)) - Added filter static_user_filter (class=org.apache.hadoop.http.lib.StaticUserWebFilter$StaticUserFilter) to context logs
2019-06-13 00:42:56,752 INFO  http.HttpServer2 (HttpServer2.java:addFilter(958)) - Added filter static_user_filter (class=org.apache.hadoop.http.lib.StaticUserWebFilter$StaticUserFilter) to context static
2019-06-13 00:42:56,752 INFO  http.HttpServer2 (HttpServer2.java:bindListener(1191)) - Jetty bound to port 34995
2019-06-13 00:42:56,753 INFO  server.Server (Server.java:doStart(351)) - jetty-9.3.24.v20180605, build timestamp: 2018-06-05T17:11:56Z, git hash: 84205aa28f11a4f31f2a3b86d1bba2cc8ab69827
2019-06-13 00:42:56,760 INFO  handler.ContextHandler (ContextHandler.java:doStart(781)) - Started o.e.j.s.ServletContextHandler@18b6d3c1{/logs,file:///opt/src/hadoop-ozone/integration-test/target/log,AVAILABLE}
2019-06-13 00:42:56,761 INFO  handler.ContextHandler (ContextHandler.java:doStart(781)) - Started o.e.j.s.ServletContextHandler@3fe512d2{/static,jar:file:/root/.m2/repository/org/apache/hadoop/hadoop-hdds-container-service/0.5.0-SNAPSHOT/hadoop-hdds-container-service-0.5.0-SNAPSHOT.jar!/webapps/static,AVAILABLE}
2019-06-13 00:42:56,787 INFO  datanode.InitDatanodeState (InitDatanodeState.java:persistContainerDatanodeDetails(140)) - DatanodeDetails is persisted to /opt/src/hadoop-ozone/integration-test/target/test-dir/MiniOzoneClusterImpl-6a794af7-f38d-49f1-8a1a-873dc60fa7fd/datanode-0/meta/datanode.id
2019-06-13 00:42:56,791 INFO  handler.ContextHandler (ContextHandler.java:doStart(781)) - Started o.e.j.w.WebAppContext@e7b265e{/,file:///tmp/jetty-0.0.0.0-34995-hddsDatanode-_-any-9116357066983729248.dir/webapp/,AVAILABLE}{/hddsDatanode}
2019-06-13 00:42:56,791 INFO  server.AbstractConnector (AbstractConnector.java:doStart(278)) - Started ServerConnector@51da32e5{HTTP/1.1,[http/1.1]}{0.0.0.0:34995}
2019-06-13 00:42:56,791 INFO  server.Server (Server.java:doStart(419)) - Started @4512ms
2019-06-13 00:42:56,792 INFO  server.BaseHttpServer (BaseHttpServer.java:updateConnectorAddress(207)) - HTTP server of HDDSDATANODE is listening at http://0.0.0.0:34995
2019-06-13 00:42:56,900 INFO  ozone.HddsDatanodeService (HddsDatanodeService.java:startPlugins(396)) - Started plug-in org.apache.hadoop.ozone.web.OzoneHddsDatanodeService@1d6751e3
2019-06-13 00:42:56,900 INFO  impl.MetricsSystemImpl (MetricsSystemImpl.java:init(158)) - HddsDatanode metrics system started (again)
2019-06-13 00:42:56,901 INFO  ozone.HddsDatanodeService (HddsDatanodeService.java:start(185)) - HddsDatanodeService host:ozone-2jgsv-1065785481 ip:192.168.11.210
2019-06-13 00:42:56,905 INFO  util.JvmPauseMonitor (JvmPauseMonitor.java:run(188)) - Starting JVM pause monitor
2019-06-13 00:42:56,912 INFO  datanode.InitDatanodeState (InitDatanodeState.java:persistContainerDatanodeDetails(140)) - DatanodeDetails is persisted to /opt/src/hadoop-ozone/integration-test/target/test-dir/MiniOzoneClusterImpl-6a794af7-f38d-49f1-8a1a-873dc60fa7fd/datanode-1/meta/datanode.id
2019-06-13 00:42:56,917 INFO  volume.HddsVolume (HddsVolume.java:<init>(176)) - Creating Volume: /opt/src/hadoop-ozone/integration-test/target/test-dir/MiniOzoneClusterImpl-6a794af7-f38d-49f1-8a1a-873dc60fa7fd/datanode-2/data/containers/hdds of  storage type : DISK and capacity : 104021790720
2019-06-13 00:42:56,918 INFO  volume.VolumeSet (VolumeSet.java:initializeVolumeSet(170)) - Added Volume : /opt/src/hadoop-ozone/integration-test/target/test-dir/MiniOzoneClusterImpl-6a794af7-f38d-49f1-8a1a-873dc60fa7fd/datanode-2/data/containers/hdds to VolumeSet
2019-06-13 00:42:56,918 INFO  volume.ThrottledAsyncChecker (ThrottledAsyncChecker.java:schedule(140)) - Scheduling a check for org.apache.hadoop.ozone.container.common.volume.HddsVolume@2e7af36e
2019-06-13 00:42:56,919 INFO  volume.HddsVolumeChecker (HddsVolumeChecker.java:checkAllVolumes(203)) - Scheduled health check for volume org.apache.hadoop.ozone.container.common.volume.HddsVolume@2e7af36e
2019-06-13 00:42:56,929 INFO  ratis.XceiverServerRatis (XceiverServerRatis.java:newXceiverServerRatis(401)) - Found a free port for the server : 41307
2019-06-13 00:42:56,930 INFO  impl.RaftServerProxy (ConfUtils.java:logGet(43)) - raft.rpc.type = GRPC (default)
2019-06-13 00:42:56,930 INFO  grpc.GrpcConfigKeys$Server (ConfUtils.java:logGet(43)) - raft.grpc.server.port = 41307 (custom)
2019-06-13 00:42:56,930 INFO  server.GrpcService (ConfUtils.java:logGet(43)) - raft.grpc.message.size.max = 33570816 (custom)
2019-06-13 00:42:56,930 INFO  server.RaftServerConfigKeys (ConfUtils.java:logGet(43)) - raft.server.log.appender.buffer.byte-limit = 33554432 (custom)
2019-06-13 00:42:56,930 INFO  server.GrpcService (ConfUtils.java:logGet(43)) - raft.grpc.flow.control.window = 1MB (=1048576) (default)
2019-06-13 00:42:56,931 INFO  server.RaftServerConfigKeys (ConfUtils.java:logGet(43)) - raft.server.rpc.request.timeout = 3000ms (default)
2019-06-13 00:42:56,931 INFO  server.RaftServerConfigKeys (ConfUtils.java:logGet(43)) - raft.server.storage.dir = [/opt/src/hadoop-ozone/integration-test/target/test-dir/MiniOzoneClusterImpl-6a794af7-f38d-49f1-8a1a-873dc60fa7fd/datanode-2/data/ratis] (custom)
2019-06-13 00:42:56,931 INFO  server.XceiverServerGrpc (XceiverServerGrpc.java:<init>(97)) - Found a free port for the server : 43547
2019-06-13 00:42:56,932 INFO  replication.SimpleContainerDownloader (SimpleContainerDownloader.java:<init>(72)) - Starting container downloader service to copy containers to replicate.
2019-06-13 00:42:56,933 INFO  hdfs.DFSUtil (DFSUtil.java:httpServerTemplateForNNAndJN(1641)) - Starting Web-server for hddsDatanode at: http://0.0.0.0:0
2019-06-13 00:42:56,934 INFO  server.AuthenticationFilter (AuthenticationFilter.java:constructSecretProvider(240)) - Unable to initialize FileSignerSecretProvider, falling back to use random secrets.
2019-06-13 00:42:56,934 WARN  http.HttpRequestLog (HttpRequestLog.java:getRequestLog(97)) - Jetty request log can only be enabled using Log4j
2019-06-13 00:42:56,936 INFO  http.HttpServer2 (HttpServer2.java:addGlobalFilter(975)) - Added global filter 'safety' (class=org.apache.hadoop.http.HttpServer2$QuotingInputFilter)
2019-06-13 00:42:56,936 INFO  http.HttpServer2 (HttpServer2.java:addFilter(948)) - Added filter static_user_filter (class=org.apache.hadoop.http.lib.StaticUserWebFilter$StaticUserFilter) to context hddsDatanode
2019-06-13 00:42:56,937 INFO  http.HttpServer2 (HttpServer2.java:addFilter(958)) - Added filter static_user_filter (class=org.apache.hadoop.http.lib.StaticUserWebFilter$StaticUserFilter) to context static
2019-06-13 00:42:56,937 INFO  http.HttpServer2 (HttpServer2.java:addFilter(958)) - Added filter static_user_filter (class=org.apache.hadoop.http.lib.StaticUserWebFilter$StaticUserFilter) to context logs
2019-06-13 00:42:56,937 INFO  http.HttpServer2 (HttpServer2.java:bindListener(1191)) - Jetty bound to port 41331
2019-06-13 00:42:56,938 INFO  server.Server (Server.java:doStart(351)) - jetty-9.3.24.v20180605, build timestamp: 2018-06-05T17:11:56Z, git hash: 84205aa28f11a4f31f2a3b86d1bba2cc8ab69827
2019-06-13 00:42:56,939 INFO  handler.ContextHandler (ContextHandler.java:doStart(781)) - Started o.e.j.s.ServletContextHandler@674da77b{/logs,file:///opt/src/hadoop-ozone/integration-test/target/log,AVAILABLE}
2019-06-13 00:42:56,940 INFO  handler.ContextHandler (ContextHandler.java:doStart(781)) - Started o.e.j.s.ServletContextHandler@6010d0d1{/static,jar:file:/root/.m2/repository/org/apache/hadoop/hadoop-hdds-container-service/0.5.0-SNAPSHOT/hadoop-hdds-container-service-0.5.0-SNAPSHOT.jar!/webapps/static,AVAILABLE}
2019-06-13 00:42:56,961 INFO  handler.ContextHandler (ContextHandler.java:doStart(781)) - Started o.e.j.w.WebAppContext@624b523{/,file:///tmp/jetty-0.0.0.0-41331-hddsDatanode-_-any-229321466751915284.dir/webapp/,AVAILABLE}{/hddsDatanode}
2019-06-13 00:42:56,962 INFO  server.AbstractConnector (AbstractConnector.java:doStart(278)) - Started ServerConnector@50b46e24{HTTP/1.1,[http/1.1]}{0.0.0.0:41331}
2019-06-13 00:42:56,962 INFO  server.Server (Server.java:doStart(419)) - Started @4684ms
2019-06-13 00:42:56,964 INFO  server.BaseHttpServer (BaseHttpServer.java:updateConnectorAddress(207)) - HTTP server of HDDSDATANODE is listening at http://0.0.0.0:41331
2019-06-13 00:42:57,138 INFO  ozone.HddsDatanodeService (HddsDatanodeService.java:startPlugins(396)) - Started plug-in org.apache.hadoop.ozone.web.OzoneHddsDatanodeService@662be9f7
2019-06-13 00:42:57,141 INFO  impl.MetricsSystemImpl (MetricsSystemImpl.java:init(158)) - HddsDatanode metrics system started (again)
2019-06-13 00:42:57,141 INFO  ozone.HddsDatanodeService (HddsDatanodeService.java:start(185)) - HddsDatanodeService host:ozone-2jgsv-1065785481 ip:192.168.11.210
2019-06-13 00:42:57,144 INFO  util.JvmPauseMonitor (JvmPauseMonitor.java:run(188)) - Starting JVM pause monitor
2019-06-13 00:42:57,148 INFO  datanode.InitDatanodeState (InitDatanodeState.java:persistContainerDatanodeDetails(140)) - DatanodeDetails is persisted to /opt/src/hadoop-ozone/integration-test/target/test-dir/MiniOzoneClusterImpl-6a794af7-f38d-49f1-8a1a-873dc60fa7fd/datanode-2/meta/datanode.id
2019-06-13 00:42:57,150 INFO  volume.HddsVolume (HddsVolume.java:<init>(176)) - Creating Volume: /opt/src/hadoop-ozone/integration-test/target/test-dir/MiniOzoneClusterImpl-6a794af7-f38d-49f1-8a1a-873dc60fa7fd/datanode-3/data/containers/hdds of  storage type : DISK and capacity : 104021790720
2019-06-13 00:42:57,150 INFO  volume.VolumeSet (VolumeSet.java:initializeVolumeSet(170)) - Added Volume : /opt/src/hadoop-ozone/integration-test/target/test-dir/MiniOzoneClusterImpl-6a794af7-f38d-49f1-8a1a-873dc60fa7fd/datanode-3/data/containers/hdds to VolumeSet
2019-06-13 00:42:57,150 INFO  volume.ThrottledAsyncChecker (ThrottledAsyncChecker.java:schedule(140)) - Scheduling a check for org.apache.hadoop.ozone.container.common.volume.HddsVolume@2f9dda71
2019-06-13 00:42:57,151 INFO  volume.HddsVolumeChecker (HddsVolumeChecker.java:checkAllVolumes(203)) - Scheduled health check for volume org.apache.hadoop.ozone.container.common.volume.HddsVolume@2f9dda71
2019-06-13 00:42:57,163 INFO  ratis.XceiverServerRatis (XceiverServerRatis.java:newXceiverServerRatis(401)) - Found a free port for the server : 44985
2019-06-13 00:42:57,165 INFO  impl.RaftServerProxy (ConfUtils.java:logGet(43)) - raft.rpc.type = GRPC (default)
2019-06-13 00:42:57,165 INFO  grpc.GrpcConfigKeys$Server (ConfUtils.java:logGet(43)) - raft.grpc.server.port = 44985 (custom)
2019-06-13 00:42:57,165 INFO  server.GrpcService (ConfUtils.java:logGet(43)) - raft.grpc.message.size.max = 33570816 (custom)
2019-06-13 00:42:57,165 INFO  server.RaftServerConfigKeys (ConfUtils.java:logGet(43)) - raft.server.log.appender.buffer.byte-limit = 33554432 (custom)
2019-06-13 00:42:57,166 INFO  server.GrpcService (ConfUtils.java:logGet(43)) - raft.grpc.flow.control.window = 1MB (=1048576) (default)
2019-06-13 00:42:57,166 INFO  server.RaftServerConfigKeys (ConfUtils.java:logGet(43)) - raft.server.rpc.request.timeout = 3000ms (default)
2019-06-13 00:42:57,166 INFO  server.RaftServerConfigKeys (ConfUtils.java:logGet(43)) - raft.server.storage.dir = [/opt/src/hadoop-ozone/integration-test/target/test-dir/MiniOzoneClusterImpl-6a794af7-f38d-49f1-8a1a-873dc60fa7fd/datanode-3/data/ratis] (custom)
2019-06-13 00:42:57,167 INFO  server.XceiverServerGrpc (XceiverServerGrpc.java:<init>(97)) - Found a free port for the server : 41677
2019-06-13 00:42:57,167 INFO  replication.SimpleContainerDownloader (SimpleContainerDownloader.java:<init>(72)) - Starting container downloader service to copy containers to replicate.
2019-06-13 00:42:57,168 INFO  hdfs.DFSUtil (DFSUtil.java:httpServerTemplateForNNAndJN(1641)) - Starting Web-server for hddsDatanode at: http://0.0.0.0:0
2019-06-13 00:42:57,170 INFO  server.AuthenticationFilter (AuthenticationFilter.java:constructSecretProvider(240)) - Unable to initialize FileSignerSecretProvider, falling back to use random secrets.
2019-06-13 00:42:57,170 WARN  http.HttpRequestLog (HttpRequestLog.java:getRequestLog(97)) - Jetty request log can only be enabled using Log4j
2019-06-13 00:42:57,172 INFO  http.HttpServer2 (HttpServer2.java:addGlobalFilter(975)) - Added global filter 'safety' (class=org.apache.hadoop.http.HttpServer2$QuotingInputFilter)
2019-06-13 00:42:57,172 INFO  http.HttpServer2 (HttpServer2.java:addFilter(948)) - Added filter static_user_filter (class=org.apache.hadoop.http.lib.StaticUserWebFilter$StaticUserFilter) to context hddsDatanode
2019-06-13 00:42:57,172 INFO  http.HttpServer2 (HttpServer2.java:addFilter(958)) - Added filter static_user_filter (class=org.apache.hadoop.http.lib.StaticUserWebFilter$StaticUserFilter) to context static
2019-06-13 00:42:57,172 INFO  http.HttpServer2 (HttpServer2.java:addFilter(958)) - Added filter static_user_filter (class=org.apache.hadoop.http.lib.StaticUserWebFilter$StaticUserFilter) to context logs
2019-06-13 00:42:57,173 INFO  http.HttpServer2 (HttpServer2.java:bindListener(1191)) - Jetty bound to port 41559
2019-06-13 00:42:57,173 INFO  server.Server (Server.java:doStart(351)) - jetty-9.3.24.v20180605, build timestamp: 2018-06-05T17:11:56Z, git hash: 84205aa28f11a4f31f2a3b86d1bba2cc8ab69827
2019-06-13 00:42:57,179 INFO  handler.ContextHandler (ContextHandler.java:doStart(781)) - Started o.e.j.s.ServletContextHandler@1f15e689{/logs,file:///opt/src/hadoop-ozone/integration-test/target/log,AVAILABLE}
2019-06-13 00:42:57,180 INFO  handler.ContextHandler (ContextHandler.java:doStart(781)) - Started o.e.j.s.ServletContextHandler@3ebc955b{/static,jar:file:/root/.m2/repository/org/apache/hadoop/hadoop-hdds-container-service/0.5.0-SNAPSHOT/hadoop-hdds-container-service-0.5.0-SNAPSHOT.jar!/webapps/static,AVAILABLE}
2019-06-13 00:42:57,203 INFO  handler.ContextHandler (ContextHandler.java:doStart(781)) - Started o.e.j.w.WebAppContext@9fe720a{/,file:///tmp/jetty-0.0.0.0-41559-hddsDatanode-_-any-1922732885329121328.dir/webapp/,AVAILABLE}{/hddsDatanode}
2019-06-13 00:42:57,204 INFO  server.AbstractConnector (AbstractConnector.java:doStart(278)) - Started ServerConnector@149274cb{HTTP/1.1,[http/1.1]}{0.0.0.0:41559}
2019-06-13 00:42:57,205 INFO  server.Server (Server.java:doStart(419)) - Started @4926ms
2019-06-13 00:42:57,209 INFO  server.BaseHttpServer (BaseHttpServer.java:updateConnectorAddress(207)) - HTTP server of HDDSDATANODE is listening at http://0.0.0.0:41559
2019-06-13 00:42:57,320 INFO  ozone.HddsDatanodeService (HddsDatanodeService.java:startPlugins(396)) - Started plug-in org.apache.hadoop.ozone.web.OzoneHddsDatanodeService@7aded903
2019-06-13 00:42:57,320 INFO  impl.MetricsSystemImpl (MetricsSystemImpl.java:init(158)) - HddsDatanode metrics system started (again)
2019-06-13 00:42:57,321 INFO  ozone.HddsDatanodeService (HddsDatanodeService.java:start(185)) - HddsDatanodeService host:ozone-2jgsv-1065785481 ip:192.168.11.210
2019-06-13 00:42:57,334 INFO  util.JvmPauseMonitor (JvmPauseMonitor.java:run(188)) - Starting JVM pause monitor
2019-06-13 00:42:57,336 INFO  datanode.InitDatanodeState (InitDatanodeState.java:persistContainerDatanodeDetails(140)) - DatanodeDetails is persisted to /opt/src/hadoop-ozone/integration-test/target/test-dir/MiniOzoneClusterImpl-6a794af7-f38d-49f1-8a1a-873dc60fa7fd/datanode-3/meta/datanode.id
2019-06-13 00:42:57,339 INFO  volume.HddsVolume (HddsVolume.java:<init>(176)) - Creating Volume: /opt/src/hadoop-ozone/integration-test/target/test-dir/MiniOzoneClusterImpl-6a794af7-f38d-49f1-8a1a-873dc60fa7fd/datanode-4/data/containers/hdds of  storage type : DISK and capacity : 104021790720
2019-06-13 00:42:57,339 INFO  volume.VolumeSet (VolumeSet.java:initializeVolumeSet(170)) - Added Volume : /opt/src/hadoop-ozone/integration-test/target/test-dir/MiniOzoneClusterImpl-6a794af7-f38d-49f1-8a1a-873dc60fa7fd/datanode-4/data/containers/hdds to VolumeSet
2019-06-13 00:42:57,339 INFO  volume.ThrottledAsyncChecker (ThrottledAsyncChecker.java:schedule(140)) - Scheduling a check for org.apache.hadoop.ozone.container.common.volume.HddsVolume@66f16742
2019-06-13 00:42:57,340 INFO  volume.HddsVolumeChecker (HddsVolumeChecker.java:checkAllVolumes(203)) - Scheduled health check for volume org.apache.hadoop.ozone.container.common.volume.HddsVolume@66f16742
2019-06-13 00:42:57,349 INFO  ratis.XceiverServerRatis (XceiverServerRatis.java:newXceiverServerRatis(401)) - Found a free port for the server : 36059
2019-06-13 00:42:57,350 INFO  impl.RaftServerProxy (ConfUtils.java:logGet(43)) - raft.rpc.type = GRPC (default)
2019-06-13 00:42:57,350 INFO  grpc.GrpcConfigKeys$Server (ConfUtils.java:logGet(43)) - raft.grpc.server.port = 36059 (custom)
2019-06-13 00:42:57,351 INFO  server.GrpcService (ConfUtils.java:logGet(43)) - raft.grpc.message.size.max = 33570816 (custom)
2019-06-13 00:42:57,351 INFO  server.RaftServerConfigKeys (ConfUtils.java:logGet(43)) - raft.server.log.appender.buffer.byte-limit = 33554432 (custom)
2019-06-13 00:42:57,351 INFO  server.GrpcService (ConfUtils.java:logGet(43)) - raft.grpc.flow.control.window = 1MB (=1048576) (default)
2019-06-13 00:42:57,351 INFO  server.RaftServerConfigKeys (ConfUtils.java:logGet(43)) - raft.server.rpc.request.timeout = 3000ms (default)
2019-06-13 00:42:57,352 INFO  server.RaftServerConfigKeys (ConfUtils.java:logGet(43)) - raft.server.storage.dir = [/opt/src/hadoop-ozone/integration-test/target/test-dir/MiniOzoneClusterImpl-6a794af7-f38d-49f1-8a1a-873dc60fa7fd/datanode-4/data/ratis] (custom)
2019-06-13 00:42:57,352 INFO  server.XceiverServerGrpc (XceiverServerGrpc.java:<init>(97)) - Found a free port for the server : 36007
2019-06-13 00:42:57,353 INFO  replication.SimpleContainerDownloader (SimpleContainerDownloader.java:<init>(72)) - Starting container downloader service to copy containers to replicate.
2019-06-13 00:42:57,354 INFO  hdfs.DFSUtil (DFSUtil.java:httpServerTemplateForNNAndJN(1641)) - Starting Web-server for hddsDatanode at: http://0.0.0.0:0
2019-06-13 00:42:57,355 INFO  server.AuthenticationFilter (AuthenticationFilter.java:constructSecretProvider(240)) - Unable to initialize FileSignerSecretProvider, falling back to use random secrets.
2019-06-13 00:42:57,355 WARN  http.HttpRequestLog (HttpRequestLog.java:getRequestLog(97)) - Jetty request log can only be enabled using Log4j
2019-06-13 00:42:57,356 INFO  http.HttpServer2 (HttpServer2.java:addGlobalFilter(975)) - Added global filter 'safety' (class=org.apache.hadoop.http.HttpServer2$QuotingInputFilter)
2019-06-13 00:42:57,357 INFO  http.HttpServer2 (HttpServer2.java:addFilter(948)) - Added filter static_user_filter (class=org.apache.hadoop.http.lib.StaticUserWebFilter$StaticUserFilter) to context hddsDatanode
2019-06-13 00:42:57,357 INFO  http.HttpServer2 (HttpServer2.java:addFilter(958)) - Added filter static_user_filter (class=org.apache.hadoop.http.lib.StaticUserWebFilter$StaticUserFilter) to context logs
2019-06-13 00:42:57,357 INFO  http.HttpServer2 (HttpServer2.java:addFilter(958)) - Added filter static_user_filter (class=org.apache.hadoop.http.lib.StaticUserWebFilter$StaticUserFilter) to context static
2019-06-13 00:42:57,357 INFO  http.HttpServer2 (HttpServer2.java:bindListener(1191)) - Jetty bound to port 40717
2019-06-13 00:42:57,358 INFO  server.Server (Server.java:doStart(351)) - jetty-9.3.24.v20180605, build timestamp: 2018-06-05T17:11:56Z, git hash: 84205aa28f11a4f31f2a3b86d1bba2cc8ab69827
2019-06-13 00:42:57,360 INFO  handler.ContextHandler (ContextHandler.java:doStart(781)) - Started o.e.j.s.ServletContextHandler@4ef18604{/logs,file:///opt/src/hadoop-ozone/integration-test/target/log,AVAILABLE}
2019-06-13 00:42:57,361 INFO  handler.ContextHandler (ContextHandler.java:doStart(781)) - Started o.e.j.s.ServletContextHandler@16cf8438{/static,jar:file:/root/.m2/repository/org/apache/hadoop/hadoop-hdds-container-service/0.5.0-SNAPSHOT/hadoop-hdds-container-service-0.5.0-SNAPSHOT.jar!/webapps/static,AVAILABLE}
2019-06-13 00:42:57,391 INFO  handler.ContextHandler (ContextHandler.java:doStart(781)) - Started o.e.j.w.WebAppContext@2ca3d826{/,file:///tmp/jetty-0.0.0.0-40717-hddsDatanode-_-any-7752159332973694917.dir/webapp/,AVAILABLE}{/hddsDatanode}
2019-06-13 00:42:57,392 INFO  server.AbstractConnector (AbstractConnector.java:doStart(278)) - Started ServerConnector@5d194314{HTTP/1.1,[http/1.1]}{0.0.0.0:40717}
2019-06-13 00:42:57,392 INFO  server.Server (Server.java:doStart(419)) - Started @5113ms
2019-06-13 00:42:57,393 INFO  server.BaseHttpServer (BaseHttpServer.java:updateConnectorAddress(207)) - HTTP server of HDDSDATANODE is listening at http://0.0.0.0:40717
2019-06-13 00:42:57,501 INFO  ozone.HddsDatanodeService (HddsDatanodeService.java:startPlugins(396)) - Started plug-in org.apache.hadoop.ozone.web.OzoneHddsDatanodeService@454bcbbf
2019-06-13 00:42:57,502 INFO  impl.MetricsSystemImpl (MetricsSystemImpl.java:init(158)) - HddsDatanode metrics system started (again)
2019-06-13 00:42:57,502 INFO  ozone.HddsDatanodeService (HddsDatanodeService.java:start(185)) - HddsDatanodeService host:ozone-2jgsv-1065785481 ip:192.168.11.210
2019-06-13 00:42:57,513 INFO  util.JvmPauseMonitor (JvmPauseMonitor.java:run(188)) - Starting JVM pause monitor
2019-06-13 00:42:57,516 INFO  datanode.InitDatanodeState (InitDatanodeState.java:persistContainerDatanodeDetails(140)) - DatanodeDetails is persisted to /opt/src/hadoop-ozone/integration-test/target/test-dir/MiniOzoneClusterImpl-6a794af7-f38d-49f1-8a1a-873dc60fa7fd/datanode-4/meta/datanode.id
2019-06-13 00:42:57,517 INFO  volume.HddsVolume (HddsVolume.java:<init>(176)) - Creating Volume: /opt/src/hadoop-ozone/integration-test/target/test-dir/MiniOzoneClusterImpl-6a794af7-f38d-49f1-8a1a-873dc60fa7fd/datanode-5/data/containers/hdds of  storage type : DISK and capacity : 104021790720
2019-06-13 00:42:57,517 INFO  volume.VolumeSet (VolumeSet.java:initializeVolumeSet(170)) - Added Volume : /opt/src/hadoop-ozone/integration-test/target/test-dir/MiniOzoneClusterImpl-6a794af7-f38d-49f1-8a1a-873dc60fa7fd/datanode-5/data/containers/hdds to VolumeSet
2019-06-13 00:42:57,517 INFO  volume.ThrottledAsyncChecker (ThrottledAsyncChecker.java:schedule(140)) - Scheduling a check for org.apache.hadoop.ozone.container.common.volume.HddsVolume@7ea42c82
2019-06-13 00:42:57,517 INFO  volume.HddsVolumeChecker (HddsVolumeChecker.java:checkAllVolumes(203)) - Scheduled health check for volume org.apache.hadoop.ozone.container.common.volume.HddsVolume@7ea42c82
2019-06-13 00:42:57,527 INFO  ratis.XceiverServerRatis (XceiverServerRatis.java:newXceiverServerRatis(401)) - Found a free port for the server : 41087
2019-06-13 00:42:57,528 INFO  impl.RaftServerProxy (ConfUtils.java:logGet(43)) - raft.rpc.type = GRPC (default)
2019-06-13 00:42:57,528 INFO  grpc.GrpcConfigKeys$Server (ConfUtils.java:logGet(43)) - raft.grpc.server.port = 41087 (custom)
2019-06-13 00:42:57,528 INFO  server.GrpcService (ConfUtils.java:logGet(43)) - raft.grpc.message.size.max = 33570816 (custom)
2019-06-13 00:42:57,528 INFO  server.RaftServerConfigKeys (ConfUtils.java:logGet(43)) - raft.server.log.appender.buffer.byte-limit = 33554432 (custom)
2019-06-13 00:42:57,528 INFO  server.GrpcService (ConfUtils.java:logGet(43)) - raft.grpc.flow.control.window = 1MB (=1048576) (default)
2019-06-13 00:42:57,528 INFO  server.RaftServerConfigKeys (ConfUtils.java:logGet(43)) - raft.server.rpc.request.timeout = 3000ms (default)
2019-06-13 00:42:57,529 INFO  server.RaftServerConfigKeys (ConfUtils.java:logGet(43)) - raft.server.storage.dir = [/opt/src/hadoop-ozone/integration-test/target/test-dir/MiniOzoneClusterImpl-6a794af7-f38d-49f1-8a1a-873dc60fa7fd/datanode-5/data/ratis] (custom)
2019-06-13 00:42:57,529 INFO  server.XceiverServerGrpc (XceiverServerGrpc.java:<init>(97)) - Found a free port for the server : 40405
2019-06-13 00:42:57,530 INFO  replication.SimpleContainerDownloader (SimpleContainerDownloader.java:<init>(72)) - Starting container downloader service to copy containers to replicate.
2019-06-13 00:42:57,531 INFO  hdfs.DFSUtil (DFSUtil.java:httpServerTemplateForNNAndJN(1641)) - Starting Web-server for hddsDatanode at: http://0.0.0.0:0
2019-06-13 00:42:57,532 INFO  server.AuthenticationFilter (AuthenticationFilter.java:constructSecretProvider(240)) - Unable to initialize FileSignerSecretProvider, falling back to use random secrets.
2019-06-13 00:42:57,533 WARN  http.HttpRequestLog (HttpRequestLog.java:getRequestLog(97)) - Jetty request log can only be enabled using Log4j
2019-06-13 00:42:57,534 INFO  http.HttpServer2 (HttpServer2.java:addGlobalFilter(975)) - Added global filter 'safety' (class=org.apache.hadoop.http.HttpServer2$QuotingInputFilter)
2019-06-13 00:42:57,534 INFO  http.HttpServer2 (HttpServer2.java:addFilter(948)) - Added filter static_user_filter (class=org.apache.hadoop.http.lib.StaticUserWebFilter$StaticUserFilter) to context hddsDatanode
2019-06-13 00:42:57,534 INFO  http.HttpServer2 (HttpServer2.java:addFilter(958)) - Added filter static_user_filter (class=org.apache.hadoop.http.lib.StaticUserWebFilter$StaticUserFilter) to context static
2019-06-13 00:42:57,535 INFO  http.HttpServer2 (HttpServer2.java:addFilter(958)) - Added filter static_user_filter (class=org.apache.hadoop.http.lib.StaticUserWebFilter$StaticUserFilter) to context logs
2019-06-13 00:42:57,535 INFO  http.HttpServer2 (HttpServer2.java:bindListener(1191)) - Jetty bound to port 36797
2019-06-13 00:42:57,535 INFO  server.Server (Server.java:doStart(351)) - jetty-9.3.24.v20180605, build timestamp: 2018-06-05T17:11:56Z, git hash: 84205aa28f11a4f31f2a3b86d1bba2cc8ab69827
2019-06-13 00:42:57,555 INFO  handler.ContextHandler (ContextHandler.java:doStart(781)) - Started o.e.j.s.ServletContextHandler@58a7dc4{/logs,file:///opt/src/hadoop-ozone/integration-test/target/log,AVAILABLE}
2019-06-13 00:42:57,556 INFO  handler.ContextHandler (ContextHandler.java:doStart(781)) - Started o.e.j.s.ServletContextHandler@27f71195{/static,jar:file:/root/.m2/repository/org/apache/hadoop/hadoop-hdds-container-service/0.5.0-SNAPSHOT/hadoop-hdds-container-service-0.5.0-SNAPSHOT.jar!/webapps/static,AVAILABLE}
2019-06-13 00:42:57,577 INFO  handler.ContextHandler (ContextHandler.java:doStart(781)) - Started o.e.j.w.WebAppContext@26b3c9a2{/,file:///tmp/jetty-0.0.0.0-36797-hddsDatanode-_-any-5782809259601180713.dir/webapp/,AVAILABLE}{/hddsDatanode}
2019-06-13 00:42:57,578 INFO  server.AbstractConnector (AbstractConnector.java:doStart(278)) - Started ServerConnector@241b971f{HTTP/1.1,[http/1.1]}{0.0.0.0:36797}
2019-06-13 00:42:57,578 INFO  server.Server (Server.java:doStart(419)) - Started @5299ms
2019-06-13 00:42:57,580 INFO  server.BaseHttpServer (BaseHttpServer.java:updateConnectorAddress(207)) - HTTP server of HDDSDATANODE is listening at http://0.0.0.0:36797
2019-06-13 00:42:57,699 INFO  ozone.HddsDatanodeService (HddsDatanodeService.java:startPlugins(396)) - Started plug-in org.apache.hadoop.ozone.web.OzoneHddsDatanodeService@693f2213
2019-06-13 00:42:57,700 INFO  ozone.MiniOzoneClusterImpl (MiniOzoneClusterImpl.java:lambda$waitForClusterToBeReady$0(142)) - Waiting for cluster to be ready. Got 0 of 6 DN Heartbeats.
2019-06-13 00:42:57,703 INFO  util.JvmPauseMonitor (JvmPauseMonitor.java:run(188)) - Starting JVM pause monitor
2019-06-13 00:42:57,704 INFO  datanode.InitDatanodeState (InitDatanodeState.java:persistContainerDatanodeDetails(140)) - DatanodeDetails is persisted to /opt/src/hadoop-ozone/integration-test/target/test-dir/MiniOzoneClusterImpl-6a794af7-f38d-49f1-8a1a-873dc60fa7fd/datanode-5/meta/datanode.id
2019-06-13 00:42:58,700 INFO  ozone.MiniOzoneClusterImpl (MiniOzoneClusterImpl.java:lambda$waitForClusterToBeReady$0(142)) - Waiting for cluster to be ready. Got 0 of 6 DN Heartbeats.
2019-06-13 00:42:58,725 INFO  ozoneimpl.OzoneContainer (OzoneContainer.java:start(186)) - Attempting to start container services.
2019-06-13 00:42:58,725 INFO  ozoneimpl.OzoneContainer (OzoneContainer.java:startContainerScrub(160)) - Background container scrubber has been disabled by hdds.containerscrub.enabled
2019-06-13 00:42:58,725 INFO  ratis.XceiverServerRatis (XceiverServerRatis.java:start(418)) - Starting XceiverServerRatis a0915343-0603-4683-b5ce-c75b94c7f7da at port 40893
2019-06-13 00:42:58,738 INFO  impl.RaftServerProxy (RaftServerProxy.java:lambda$start$3(299)) - a0915343-0603-4683-b5ce-c75b94c7f7da: start RPC server
2019-06-13 00:42:58,854 INFO  server.GrpcService (GrpcService.java:startImpl(148)) - a0915343-0603-4683-b5ce-c75b94c7f7da: GrpcService started, listening on 0.0.0.0/0.0.0.0:40893
2019-06-13 00:42:58,910 INFO  ozoneimpl.OzoneContainer (OzoneContainer.java:start(186)) - Attempting to start container services.
2019-06-13 00:42:58,911 INFO  ozoneimpl.OzoneContainer (OzoneContainer.java:startContainerScrub(160)) - Background container scrubber has been disabled by hdds.containerscrub.enabled
2019-06-13 00:42:58,911 INFO  ratis.XceiverServerRatis (XceiverServerRatis.java:start(418)) - Starting XceiverServerRatis 55e1c098-8b8e-4ad4-87b7-d27bd63e2ffa at port 34897
2019-06-13 00:42:58,938 INFO  impl.RaftServerProxy (RaftServerProxy.java:lambda$start$3(299)) - 55e1c098-8b8e-4ad4-87b7-d27bd63e2ffa: start RPC server
2019-06-13 00:42:58,941 INFO  server.GrpcService (GrpcService.java:startImpl(148)) - 55e1c098-8b8e-4ad4-87b7-d27bd63e2ffa: GrpcService started, listening on 0.0.0.0/0.0.0.0:34897
2019-06-13 00:42:59,148 INFO  ozoneimpl.OzoneContainer (OzoneContainer.java:start(186)) - Attempting to start container services.
2019-06-13 00:42:59,149 INFO  ozoneimpl.OzoneContainer (OzoneContainer.java:startContainerScrub(160)) - Background container scrubber has been disabled by hdds.containerscrub.enabled
2019-06-13 00:42:59,149 INFO  ratis.XceiverServerRatis (XceiverServerRatis.java:start(418)) - Starting XceiverServerRatis 844f77e4-6f8c-46a2-b010-a900c7d693e6 at port 41307
2019-06-13 00:42:59,155 INFO  impl.RaftServerProxy (RaftServerProxy.java:lambda$start$3(299)) - 844f77e4-6f8c-46a2-b010-a900c7d693e6: start RPC server
2019-06-13 00:42:59,156 INFO  server.GrpcService (GrpcService.java:startImpl(148)) - 844f77e4-6f8c-46a2-b010-a900c7d693e6: GrpcService started, listening on 0.0.0.0/0.0.0.0:41307
2019-06-13 00:42:59,337 INFO  ozoneimpl.OzoneContainer (OzoneContainer.java:start(186)) - Attempting to start container services.
2019-06-13 00:42:59,339 INFO  ozoneimpl.OzoneContainer (OzoneContainer.java:startContainerScrub(160)) - Background container scrubber has been disabled by hdds.containerscrub.enabled
2019-06-13 00:42:59,339 INFO  ratis.XceiverServerRatis (XceiverServerRatis.java:start(418)) - Starting XceiverServerRatis 49d64b5b-1fc9-4d81-bcbd-8097c10370d4 at port 44985
2019-06-13 00:42:59,344 INFO  impl.RaftServerProxy (RaftServerProxy.java:lambda$start$3(299)) - 49d64b5b-1fc9-4d81-bcbd-8097c10370d4: start RPC server
2019-06-13 00:42:59,346 INFO  server.GrpcService (GrpcService.java:startImpl(148)) - 49d64b5b-1fc9-4d81-bcbd-8097c10370d4: GrpcService started, listening on 0.0.0.0/0.0.0.0:44985
2019-06-13 00:42:59,515 INFO  ozoneimpl.OzoneContainer (OzoneContainer.java:start(186)) - Attempting to start container services.
2019-06-13 00:42:59,517 INFO  ozoneimpl.OzoneContainer (OzoneContainer.java:startContainerScrub(160)) - Background container scrubber has been disabled by hdds.containerscrub.enabled
2019-06-13 00:42:59,517 INFO  ratis.XceiverServerRatis (XceiverServerRatis.java:start(418)) - Starting XceiverServerRatis 34bd2fcb-f7ef-4b69-ad30-baf0b8c71beb at port 36059
2019-06-13 00:42:59,528 INFO  impl.RaftServerProxy (RaftServerProxy.java:lambda$start$3(299)) - 34bd2fcb-f7ef-4b69-ad30-baf0b8c71beb: start RPC server
2019-06-13 00:42:59,530 INFO  server.GrpcService (GrpcService.java:startImpl(148)) - 34bd2fcb-f7ef-4b69-ad30-baf0b8c71beb: GrpcService started, listening on 0.0.0.0/0.0.0.0:36059
2019-06-13 00:42:59,701 INFO  ozone.MiniOzoneClusterImpl (MiniOzoneClusterImpl.java:lambda$waitForClusterToBeReady$0(142)) - Waiting for cluster to be ready. Got 0 of 6 DN Heartbeats.
2019-06-13 00:42:59,707 INFO  ozoneimpl.OzoneContainer (OzoneContainer.java:start(186)) - Attempting to start container services.
2019-06-13 00:42:59,708 INFO  ozoneimpl.OzoneContainer (OzoneContainer.java:startContainerScrub(160)) - Background container scrubber has been disabled by hdds.containerscrub.enabled
2019-06-13 00:42:59,709 INFO  ratis.XceiverServerRatis (XceiverServerRatis.java:start(418)) - Starting XceiverServerRatis 4e26508f-a8d3-40d9-9a73-043557518c99 at port 41087
2019-06-13 00:42:59,712 INFO  impl.RaftServerProxy (RaftServerProxy.java:lambda$start$3(299)) - 4e26508f-a8d3-40d9-9a73-043557518c99: start RPC server
2019-06-13 00:42:59,714 INFO  server.GrpcService (GrpcService.java:startImpl(148)) - 4e26508f-a8d3-40d9-9a73-043557518c99: GrpcService started, listening on 0.0.0.0/0.0.0.0:41087
2019-06-13 00:43:00,701 INFO  ozone.MiniOzoneClusterImpl (MiniOzoneClusterImpl.java:lambda$waitForClusterToBeReady$0(142)) - Waiting for cluster to be ready. Got 0 of 6 DN Heartbeats.
2019-06-13 00:43:00,723 INFO  node.SCMNodeManager (SCMNodeManager.java:register(234)) - Registered Data node : a0915343-0603-4683-b5ce-c75b94c7f7da{ip: 192.168.11.210, host: ozone-2jgsv-1065785481, networkLocation: /default-rack, certSerialId: null}
2019-06-13 00:43:00,728 INFO  safemode.SCMSafeModeManager (DataNodeSafeModeRule.java:process(71)) - SCM in safe mode. 1 DataNodes registered, 1 required.
2019-06-13 00:43:00,728 INFO  safemode.SCMSafeModeManager (SCMSafeModeManager.java:validateSafeModeExitRules(177)) - ScmSafeModeManager, all rules are successfully validated
2019-06-13 00:43:00,728 INFO  safemode.SCMSafeModeManager (SCMSafeModeManager.java:exitSafeMode(193)) - SCM exiting safe mode.
2019-06-13 00:43:00,908 INFO  node.SCMNodeManager (SCMNodeManager.java:register(234)) - Registered Data node : 55e1c098-8b8e-4ad4-87b7-d27bd63e2ffa{ip: 192.168.11.210, host: ozone-2jgsv-1065785481, networkLocation: /default-rack, certSerialId: null}
2019-06-13 00:43:01,050 INFO  impl.RaftServerProxy (RaftServerProxy.java:addNew(89)) - a0915343-0603-4683-b5ce-c75b94c7f7da: addNew group-7C4BA77356E2:[a0915343-0603-4683-b5ce-c75b94c7f7da:192.168.11.210:40893] returns group-7C4BA77356E2:java.util.concurrent.CompletableFuture@2d98ea9a[Not completed]
2019-06-13 00:43:01,055 INFO  impl.RaftServerImpl (RaftServerImpl.java:<init>(91)) - a0915343-0603-4683-b5ce-c75b94c7f7da: new RaftServerImpl for group-7C4BA77356E2:[a0915343-0603-4683-b5ce-c75b94c7f7da:192.168.11.210:40893] with ContainerStateMachine:uninitialized
2019-06-13 00:43:01,056 INFO  server.RaftServerConfigKeys (ConfUtils.java:logGet(43)) - raft.server.rpc.timeout.min = 1s (custom)
2019-06-13 00:43:01,056 INFO  server.RaftServerConfigKeys (ConfUtils.java:logGet(43)) - raft.server.rpc.timeout.max = 1200ms (custom)
2019-06-13 00:43:01,056 INFO  server.RaftServerConfigKeys (ConfUtils.java:logGet(43)) - raft.server.rpcslowness.timeout = 10s (custom)
2019-06-13 00:43:01,057 INFO  server.RaftServerConfigKeys (ConfUtils.java:logGet(43)) - raft.server.log.appender.install.snapshot.enabled = true (default)
2019-06-13 00:43:01,063 INFO  impl.RaftServerImpl (ServerState.java:<init>(101)) - a0915343-0603-4683-b5ce-c75b94c7f7da:group-7C4BA77356E2 ConfigurationManager, init=-1: [a0915343-0603-4683-b5ce-c75b94c7f7da:192.168.11.210:40893], old=null, confs=<EMPTY_MAP>
2019-06-13 00:43:01,063 INFO  server.RaftServerConfigKeys (ConfUtils.java:logGet(43)) - raft.server.storage.dir = [/opt/src/hadoop-ozone/integration-test/target/test-dir/MiniOzoneClusterImpl-6a794af7-f38d-49f1-8a1a-873dc60fa7fd/datanode-0/data/ratis] (custom)
2019-06-13 00:43:01,069 INFO  storage.RaftStorageDirectory (RaftStorageDirectory.java:analyzeStorage(246)) - The storage directory /opt/src/hadoop-ozone/integration-test/target/test-dir/MiniOzoneClusterImpl-6a794af7-f38d-49f1-8a1a-873dc60fa7fd/datanode-0/data/ratis/6d569b78-a7bd-4a56-9175-7c4ba77356e2 does not exist. Creating ...
2019-06-13 00:43:01,075 INFO  storage.RaftStorageDirectory (RaftStorageDirectory.java:tryLock(328)) - Lock on /opt/src/hadoop-ozone/integration-test/target/test-dir/MiniOzoneClusterImpl-6a794af7-f38d-49f1-8a1a-873dc60fa7fd/datanode-0/data/ratis/6d569b78-a7bd-4a56-9175-7c4ba77356e2/in_use.lock acquired by nodename 9971@ozone-2jgsv-1065785481
2019-06-13 00:43:01,079 INFO  storage.RaftStorage (RaftStorage.java:format(75)) - Storage directory /opt/src/hadoop-ozone/integration-test/target/test-dir/MiniOzoneClusterImpl-6a794af7-f38d-49f1-8a1a-873dc60fa7fd/datanode-0/data/ratis/6d569b78-a7bd-4a56-9175-7c4ba77356e2 has been successfully formatted.
2019-06-13 00:43:01,081 INFO  ratis.ContainerStateMachine (ContainerStateMachine.java:loadSnapshot(199)) - The snapshot info is null.Setting the last applied index to:(t:0, i:~)
2019-06-13 00:43:01,081 INFO  server.RaftServerConfigKeys (ConfUtils.java:logGet(43)) - raft.server.leader.election.timeout = 10s (custom)
2019-06-13 00:43:01,083 INFO  server.RaftServerConfigKeys (ConfUtils.java:logGet(43)) - raft.server.log.use.memory = false (default)
2019-06-13 00:43:01,085 INFO  server.RaftServerConfigKeys (ConfUtils.java:logGet(43)) - raft.server.log.appender.buffer.byte-limit = 33554432 (custom)
2019-06-13 00:43:01,210 INFO  server.RaftServerConfigKeys (ConfUtils.java:logGet(43)) - raft.server.log.segment.size.max = 16384 (custom)
2019-06-13 00:43:01,211 INFO  node.SCMNodeManager (SCMNodeManager.java:register(234)) - Registered Data node : 844f77e4-6f8c-46a2-b010-a900c7d693e6{ip: 192.168.11.210, host: ozone-2jgsv-1065785481, networkLocation: /default-rack, certSerialId: null}
2019-06-13 00:43:01,215 INFO  server.RaftServerConfigKeys (ConfUtils.java:logGet(43)) - raft.server.log.segment.cache.num.max = 2 (custom)
2019-06-13 00:43:01,218 INFO  storage.RaftLogWorker (RaftLogWorker.java:<init>(123)) - new a0915343-0603-4683-b5ce-c75b94c7f7da-RaftLogWorker for Storage Directory /opt/src/hadoop-ozone/integration-test/target/test-dir/MiniOzoneClusterImpl-6a794af7-f38d-49f1-8a1a-873dc60fa7fd/datanode-0/data/ratis/6d569b78-a7bd-4a56-9175-7c4ba77356e2
2019-06-13 00:43:01,219 INFO  server.RaftServerConfigKeys (ConfUtils.java:logGet(43)) - raft.server.log.queue.byte-limit = 2147483647 (custom)
2019-06-13 00:43:01,219 INFO  server.RaftServerConfigKeys (ConfUtils.java:logGet(43)) - raft.server.log.queue.element-limit = 1024 (custom)
2019-06-13 00:43:01,221 INFO  server.RaftServerConfigKeys (ConfUtils.java:logGet(43)) - raft.server.log.segment.size.max = 16384 (custom)
2019-06-13 00:43:01,222 INFO  server.RaftServerConfigKeys (ConfUtils.java:logGet(43)) - raft.server.log.preallocated.size = 16384 (custom)
2019-06-13 00:43:01,222 INFO  server.RaftServerConfigKeys (ConfUtils.java:logGet(43)) - raft.server.log.write.buffer.size = 33554432 (custom)
2019-06-13 00:43:01,223 INFO  server.RaftServerConfigKeys (ConfUtils.java:logGet(43)) - raft.server.log.force.sync.num = 128 (default)
2019-06-13 00:43:01,224 INFO  server.RaftServerConfigKeys (ConfUtils.java:logGet(43)) - raft.server.log.statemachine.data.sync = true (default)
2019-06-13 00:43:01,224 INFO  server.RaftServerConfigKeys (ConfUtils.java:logGet(43)) - raft.server.log.statemachine.data.sync.timeout = 10s (default)
2019-06-13 00:43:01,224 INFO  server.RaftServerConfigKeys (ConfUtils.java:logGet(43)) - raft.server.log.statemachine.data.sync.timeout.retry = -1 (default)
2019-06-13 00:43:01,227 INFO  server.RaftServerConfigKeys (ConfUtils.java:logGet(43)) - raft.server.log.statemachine.data.caching.enabled = true (custom)
2019-06-13 00:43:01,232 INFO  server.RaftServerConfigKeys (ConfUtils.java:logGet(43)) - raft.server.snapshot.auto.trigger.enabled = true (custom)
2019-06-13 00:43:01,233 INFO  server.RaftServerConfigKeys (ConfUtils.java:logGet(43)) - raft.server.snapshot.auto.trigger.threshold = 10000 (custom)
2019-06-13 00:43:01,234 INFO  server.RaftServerConfigKeys (ConfUtils.java:logGet(43)) - raft.server.retrycache.expirytime = 600000ms (custom)
2019-06-13 00:43:01,251 INFO  impl.RaftServerImpl (RaftServerImpl.java:start(173)) - a0915343-0603-4683-b5ce-c75b94c7f7da: start group-7C4BA77356E2
2019-06-13 00:43:01,252 INFO  impl.RaftServerImpl (RaftServerImpl.java:setRole(164)) - a0915343-0603-4683-b5ce-c75b94c7f7da:group-7C4BA77356E2 changes role from null to FOLLOWER at term 0 for startAsFollower
2019-06-13 00:43:01,254 INFO  impl.RoleInfo (RoleInfo.java:updateAndGet(143)) - a0915343-0603-4683-b5ce-c75b94c7f7da: start FollowerState
2019-06-13 00:43:01,255 INFO  util.JmxRegister (JmxRegister.java:tryRegister(44)) - Successfully registered JMX Bean with object name Ratis:service=RaftServer,group=group-7C4BA77356E2,id=a0915343-0603-4683-b5ce-c75b94c7f7da
2019-06-13 00:43:01,296 INFO  pipeline.PipelineStateManager (PipelineStateManager.java:addPipeline(56)) - Created pipeline Pipeline[ Id: 6d569b78-a7bd-4a56-9175-7c4ba77356e2, Nodes: a0915343-0603-4683-b5ce-c75b94c7f7da{ip: 192.168.11.210, host: ozone-2jgsv-1065785481, networkLocation: /default-rack, certSerialId: null}, Type:RATIS, Factor:ONE, State:OPEN]
2019-06-13 00:43:01,312 INFO  impl.RaftServerProxy (RaftServerProxy.java:addNew(89)) - 844f77e4-6f8c-46a2-b010-a900c7d693e6: addNew group-2356A8F9C0AD:[844f77e4-6f8c-46a2-b010-a900c7d693e6:192.168.11.210:41307] returns group-2356A8F9C0AD:java.util.concurrent.CompletableFuture@1fd31f8e[Not completed]
2019-06-13 00:43:01,312 INFO  impl.RaftServerImpl (RaftServerImpl.java:<init>(91)) - 844f77e4-6f8c-46a2-b010-a900c7d693e6: new RaftServerImpl for group-2356A8F9C0AD:[844f77e4-6f8c-46a2-b010-a900c7d693e6:192.168.11.210:41307] with ContainerStateMachine:uninitialized
2019-06-13 00:43:01,313 INFO  server.RaftServerConfigKeys (ConfUtils.java:logGet(43)) - raft.server.rpc.timeout.min = 1s (custom)
2019-06-13 00:43:01,313 INFO  server.RaftServerConfigKeys (ConfUtils.java:logGet(43)) - raft.server.rpc.timeout.max = 1200ms (custom)
2019-06-13 00:43:01,313 INFO  server.RaftServerConfigKeys (ConfUtils.java:logGet(43)) - raft.server.rpcslowness.timeout = 10s (custom)
2019-06-13 00:43:01,313 INFO  server.RaftServerConfigKeys (ConfUtils.java:logGet(43)) - raft.server.log.appender.install.snapshot.enabled = true (default)
2019-06-13 00:43:01,314 INFO  impl.RaftServerImpl (ServerState.java:<init>(101)) - 844f77e4-6f8c-46a2-b010-a900c7d693e6:group-2356A8F9C0AD ConfigurationManager, init=-1: [844f77e4-6f8c-46a2-b010-a900c7d693e6:192.168.11.210:41307], old=null, confs=<EMPTY_MAP>
2019-06-13 00:43:01,314 INFO  server.RaftServerConfigKeys (ConfUtils.java:logGet(43)) - raft.server.storage.dir = [/opt/src/hadoop-ozone/integration-test/target/test-dir/MiniOzoneClusterImpl-6a794af7-f38d-49f1-8a1a-873dc60fa7fd/datanode-2/data/ratis] (custom)
2019-06-13 00:43:01,314 INFO  storage.RaftStorageDirectory (RaftStorageDirectory.java:analyzeStorage(246)) - The storage directory /opt/src/hadoop-ozone/integration-test/target/test-dir/MiniOzoneClusterImpl-6a794af7-f38d-49f1-8a1a-873dc60fa7fd/datanode-2/data/ratis/6615808c-bb03-4aee-a6b3-2356a8f9c0ad does not exist. Creating ...
2019-06-13 00:43:01,316 INFO  storage.RaftStorageDirectory (RaftStorageDirectory.java:tryLock(328)) - Lock on /opt/src/hadoop-ozone/integration-test/target/test-dir/MiniOzoneClusterImpl-6a794af7-f38d-49f1-8a1a-873dc60fa7fd/datanode-2/data/ratis/6615808c-bb03-4aee-a6b3-2356a8f9c0ad/in_use.lock acquired by nodename 9971@ozone-2jgsv-1065785481
2019-06-13 00:43:01,318 INFO  storage.RaftStorage (RaftStorage.java:format(75)) - Storage directory /opt/src/hadoop-ozone/integration-test/target/test-dir/MiniOzoneClusterImpl-6a794af7-f38d-49f1-8a1a-873dc60fa7fd/datanode-2/data/ratis/6615808c-bb03-4aee-a6b3-2356a8f9c0ad has been successfully formatted.
2019-06-13 00:43:01,318 INFO  ratis.ContainerStateMachine (ContainerStateMachine.java:loadSnapshot(199)) - The snapshot info is null.Setting the last applied index to:(t:0, i:~)
2019-06-13 00:43:01,319 INFO  server.RaftServerConfigKeys (ConfUtils.java:logGet(43)) - raft.server.leader.election.timeout = 10s (custom)
2019-06-13 00:43:01,319 INFO  server.RaftServerConfigKeys (ConfUtils.java:logGet(43)) - raft.server.log.use.memory = false (default)
2019-06-13 00:43:01,319 INFO  server.RaftServerConfigKeys (ConfUtils.java:logGet(43)) - raft.server.log.appender.buffer.byte-limit = 33554432 (custom)
2019-06-13 00:43:01,319 INFO  server.RaftServerConfigKeys (ConfUtils.java:logGet(43)) - raft.server.log.segment.size.max = 16384 (custom)
2019-06-13 00:43:01,319 INFO  server.RaftServerConfigKeys (ConfUtils.java:logGet(43)) - raft.server.log.segment.cache.num.max = 2 (custom)
2019-06-13 00:43:01,319 INFO  storage.RaftLogWorker (RaftLogWorker.java:<init>(123)) - new 844f77e4-6f8c-46a2-b010-a900c7d693e6-RaftLogWorker for Storage Directory /opt/src/hadoop-ozone/integration-test/target/test-dir/MiniOzoneClusterImpl-6a794af7-f38d-49f1-8a1a-873dc60fa7fd/datanode-2/data/ratis/6615808c-bb03-4aee-a6b3-2356a8f9c0ad
2019-06-13 00:43:01,320 INFO  server.RaftServerConfigKeys (ConfUtils.java:logGet(43)) - raft.server.log.queue.byte-limit = 2147483647 (custom)
2019-06-13 00:43:01,320 INFO  server.RaftServerConfigKeys (ConfUtils.java:logGet(43)) - raft.server.log.queue.element-limit = 1024 (custom)
2019-06-13 00:43:01,320 INFO  server.RaftServerConfigKeys (ConfUtils.java:logGet(43)) - raft.server.log.segment.size.max = 16384 (custom)
2019-06-13 00:43:01,320 INFO  server.RaftServerConfigKeys (ConfUtils.java:logGet(43)) - raft.server.log.preallocated.size = 16384 (custom)
2019-06-13 00:43:01,320 INFO  server.RaftServerConfigKeys (ConfUtils.java:logGet(43)) - raft.server.log.write.buffer.size = 33554432 (custom)
2019-06-13 00:43:01,320 INFO  server.RaftServerConfigKeys (ConfUtils.java:logGet(43)) - raft.server.log.force.sync.num = 128 (default)
2019-06-13 00:43:01,320 INFO  server.RaftServerConfigKeys (ConfUtils.java:logGet(43)) - raft.server.log.statemachine.data.sync = true (default)
2019-06-13 00:43:01,321 INFO  server.RaftServerConfigKeys (ConfUtils.java:logGet(43)) - raft.server.log.statemachine.data.sync.timeout = 10s (default)
2019-06-13 00:43:01,321 INFO  server.RaftServerConfigKeys (ConfUtils.java:logGet(43)) - raft.server.log.statemachine.data.sync.timeout.retry = -1 (default)
2019-06-13 00:43:01,321 INFO  server.RaftServerConfigKeys (ConfUtils.java:logGet(43)) - raft.server.log.statemachine.data.caching.enabled = true (custom)
2019-06-13 00:43:01,321 INFO  server.RaftServerConfigKeys (ConfUtils.java:logGet(43)) - raft.server.snapshot.auto.trigger.enabled = true (custom)
2019-06-13 00:43:01,321 INFO  server.RaftServerConfigKeys (ConfUtils.java:logGet(43)) - raft.server.snapshot.auto.trigger.threshold = 10000 (custom)
2019-06-13 00:43:01,321 INFO  server.RaftServerConfigKeys (ConfUtils.java:logGet(43)) - raft.server.retrycache.expirytime = 600000ms (custom)
2019-06-13 00:43:01,321 INFO  impl.RaftServerImpl (RaftServerImpl.java:start(173)) - 844f77e4-6f8c-46a2-b010-a900c7d693e6: start group-2356A8F9C0AD
2019-06-13 00:43:01,321 INFO  impl.RaftServerImpl (RaftServerImpl.java:setRole(164)) - 844f77e4-6f8c-46a2-b010-a900c7d693e6:group-2356A8F9C0AD changes role from null to FOLLOWER at term 0 for startAsFollower
2019-06-13 00:43:01,322 INFO  impl.RoleInfo (RoleInfo.java:updateAndGet(143)) - 844f77e4-6f8c-46a2-b010-a900c7d693e6: start FollowerState
2019-06-13 00:43:01,323 INFO  util.JmxRegister (JmxRegister.java:tryRegister(44)) - Successfully registered JMX Bean with object name Ratis:service=RaftServer,group=group-2356A8F9C0AD,id=844f77e4-6f8c-46a2-b010-a900c7d693e6
2019-06-13 00:43:01,332 INFO  pipeline.PipelineStateManager (PipelineStateManager.java:addPipeline(56)) - Created pipeline Pipeline[ Id: 6615808c-bb03-4aee-a6b3-2356a8f9c0ad, Nodes: 844f77e4-6f8c-46a2-b010-a900c7d693e6{ip: 192.168.11.210, host: ozone-2jgsv-1065785481, networkLocation: /default-rack, certSerialId: null}, Type:RATIS, Factor:ONE, State:OPEN]
2019-06-13 00:43:01,337 INFO  node.SCMNodeManager (SCMNodeManager.java:register(234)) - Registered Data node : 49d64b5b-1fc9-4d81-bcbd-8097c10370d4{ip: 192.168.11.210, host: ozone-2jgsv-1065785481, networkLocation: /default-rack, certSerialId: null}
2019-06-13 00:43:01,344 INFO  impl.RaftServerProxy (RaftServerProxy.java:addNew(89)) - 55e1c098-8b8e-4ad4-87b7-d27bd63e2ffa: addNew group-902AF6FD9FC9:[55e1c098-8b8e-4ad4-87b7-d27bd63e2ffa:192.168.11.210:34897] returns group-902AF6FD9FC9:java.util.concurrent.CompletableFuture@60482bff[Not completed]
2019-06-13 00:43:01,367 INFO  impl.RaftServerImpl (RaftServerImpl.java:<init>(91)) - 55e1c098-8b8e-4ad4-87b7-d27bd63e2ffa: new RaftServerImpl for group-902AF6FD9FC9:[55e1c098-8b8e-4ad4-87b7-d27bd63e2ffa:192.168.11.210:34897] with ContainerStateMachine:uninitialized
2019-06-13 00:43:01,367 INFO  server.RaftServerConfigKeys (ConfUtils.java:logGet(43)) - raft.server.rpc.timeout.min = 1s (custom)
2019-06-13 00:43:01,367 INFO  server.RaftServerConfigKeys (ConfUtils.java:logGet(43)) - raft.server.rpc.timeout.max = 1200ms (custom)
2019-06-13 00:43:01,367 INFO  server.RaftServerConfigKeys (ConfUtils.java:logGet(43)) - raft.server.rpcslowness.timeout = 10s (custom)
2019-06-13 00:43:01,367 INFO  server.RaftServerConfigKeys (ConfUtils.java:logGet(43)) - raft.server.log.appender.install.snapshot.enabled = true (default)
2019-06-13 00:43:01,367 INFO  impl.RaftServerImpl (ServerState.java:<init>(101)) - 55e1c098-8b8e-4ad4-87b7-d27bd63e2ffa:group-902AF6FD9FC9 ConfigurationManager, init=-1: [55e1c098-8b8e-4ad4-87b7-d27bd63e2ffa:192.168.11.210:34897], old=null, confs=<EMPTY_MAP>
2019-06-13 00:43:01,367 INFO  server.RaftServerConfigKeys (ConfUtils.java:logGet(43)) - raft.server.storage.dir = [/opt/src/hadoop-ozone/integration-test/target/test-dir/MiniOzoneClusterImpl-6a794af7-f38d-49f1-8a1a-873dc60fa7fd/datanode-1/data/ratis] (custom)
2019-06-13 00:43:01,368 INFO  storage.RaftStorageDirectory (RaftStorageDirectory.java:analyzeStorage(246)) - The storage directory /opt/src/hadoop-ozone/integration-test/target/test-dir/MiniOzoneClusterImpl-6a794af7-f38d-49f1-8a1a-873dc60fa7fd/datanode-1/data/ratis/f89000c1-cebc-415c-90ab-902af6fd9fc9 does not exist. Creating ...
2019-06-13 00:43:01,371 INFO  storage.RaftStorageDirectory (RaftStorageDirectory.java:tryLock(328)) - Lock on /opt/src/hadoop-ozone/integration-test/target/test-dir/MiniOzoneClusterImpl-6a794af7-f38d-49f1-8a1a-873dc60fa7fd/datanode-1/data/ratis/f89000c1-cebc-415c-90ab-902af6fd9fc9/in_use.lock acquired by nodename 9971@ozone-2jgsv-1065785481
2019-06-13 00:43:01,373 INFO  storage.RaftStorage (RaftStorage.java:format(75)) - Storage directory /opt/src/hadoop-ozone/integration-test/target/test-dir/MiniOzoneClusterImpl-6a794af7-f38d-49f1-8a1a-873dc60fa7fd/datanode-1/data/ratis/f89000c1-cebc-415c-90ab-902af6fd9fc9 has been successfully formatted.
2019-06-13 00:43:01,374 INFO  ratis.ContainerStateMachine (ContainerStateMachine.java:loadSnapshot(199)) - The snapshot info is null.Setting the last applied index to:(t:0, i:~)
2019-06-13 00:43:01,375 INFO  server.RaftServerConfigKeys (ConfUtils.java:logGet(43)) - raft.server.leader.election.timeout = 10s (custom)
2019-06-13 00:43:01,375 INFO  server.RaftServerConfigKeys (ConfUtils.java:logGet(43)) - raft.server.log.use.memory = false (default)
2019-06-13 00:43:01,375 INFO  server.RaftServerConfigKeys (ConfUtils.java:logGet(43)) - raft.server.log.appender.buffer.byte-limit = 33554432 (custom)
2019-06-13 00:43:01,375 INFO  server.RaftServerConfigKeys (ConfUtils.java:logGet(43)) - raft.server.log.segment.size.max = 16384 (custom)
2019-06-13 00:43:01,375 INFO  server.RaftServerConfigKeys (ConfUtils.java:logGet(43)) - raft.server.log.segment.cache.num.max = 2 (custom)
2019-06-13 00:43:01,375 INFO  storage.RaftLogWorker (RaftLogWorker.java:<init>(123)) - new 55e1c098-8b8e-4ad4-87b7-d27bd63e2ffa-RaftLogWorker for Storage Directory /opt/src/hadoop-ozone/integration-test/target/test-dir/MiniOzoneClusterImpl-6a794af7-f38d-49f1-8a1a-873dc60fa7fd/datanode-1/data/ratis/f89000c1-cebc-415c-90ab-902af6fd9fc9
2019-06-13 00:43:01,375 INFO  server.RaftServerConfigKeys (ConfUtils.java:logGet(43)) - raft.server.log.queue.byte-limit = 2147483647 (custom)
2019-06-13 00:43:01,375 INFO  server.RaftServerConfigKeys (ConfUtils.java:logGet(43)) - raft.server.log.queue.element-limit = 1024 (custom)
2019-06-13 00:43:01,376 INFO  server.RaftServerConfigKeys (ConfUtils.java:logGet(43)) - raft.server.log.segment.size.max = 16384 (custom)
2019-06-13 00:43:01,376 INFO  server.RaftServerConfigKeys (ConfUtils.java:logGet(43)) - raft.server.log.preallocated.size = 16384 (custom)
2019-06-13 00:43:01,376 INFO  server.RaftServerConfigKeys (ConfUtils.java:logGet(43)) - raft.server.log.write.buffer.size = 33554432 (custom)
2019-06-13 00:43:01,376 INFO  server.RaftServerConfigKeys (ConfUtils.java:logGet(43)) - raft.server.log.force.sync.num = 128 (default)
2019-06-13 00:43:01,376 INFO  server.RaftServerConfigKeys (ConfUtils.java:logGet(43)) - raft.server.log.statemachine.data.sync = true (default)
2019-06-13 00:43:01,376 INFO  server.RaftServerConfigKeys (ConfUtils.java:logGet(43)) - raft.server.log.statemachine.data.sync.timeout = 10s (default)
2019-06-13 00:43:01,376 INFO  server.RaftServerConfigKeys (ConfUtils.java:logGet(43)) - raft.server.log.statemachine.data.sync.timeout.retry = -1 (default)
2019-06-13 00:43:01,376 INFO  server.RaftServerConfigKeys (ConfUtils.java:logGet(43)) - raft.server.log.statemachine.data.caching.enabled = true (custom)
2019-06-13 00:43:01,376 INFO  server.RaftServerConfigKeys (ConfUtils.java:logGet(43)) - raft.server.snapshot.auto.trigger.enabled = true (custom)
2019-06-13 00:43:01,377 INFO  server.RaftServerConfigKeys (ConfUtils.java:logGet(43)) - raft.server.snapshot.auto.trigger.threshold = 10000 (custom)
2019-06-13 00:43:01,377 INFO  server.RaftServerConfigKeys (ConfUtils.java:logGet(43)) - raft.server.retrycache.expirytime = 600000ms (custom)
2019-06-13 00:43:01,377 INFO  impl.RaftServerImpl (RaftServerImpl.java:start(173)) - 55e1c098-8b8e-4ad4-87b7-d27bd63e2ffa: start group-902AF6FD9FC9
2019-06-13 00:43:01,377 INFO  impl.RaftServerImpl (RaftServerImpl.java:setRole(164)) - 55e1c098-8b8e-4ad4-87b7-d27bd63e2ffa:group-902AF6FD9FC9 changes role from null to FOLLOWER at term 0 for startAsFollower
2019-06-13 00:43:01,377 INFO  impl.RoleInfo (RoleInfo.java:updateAndGet(143)) - 55e1c098-8b8e-4ad4-87b7-d27bd63e2ffa: start FollowerState
2019-06-13 00:43:01,377 INFO  util.JmxRegister (JmxRegister.java:tryRegister(44)) - Successfully registered JMX Bean with object name Ratis:service=RaftServer,group=group-902AF6FD9FC9,id=55e1c098-8b8e-4ad4-87b7-d27bd63e2ffa
2019-06-13 00:43:01,384 INFO  pipeline.PipelineStateManager (PipelineStateManager.java:addPipeline(56)) - Created pipeline Pipeline[ Id: f89000c1-cebc-415c-90ab-902af6fd9fc9, Nodes: 55e1c098-8b8e-4ad4-87b7-d27bd63e2ffa{ip: 192.168.11.210, host: ozone-2jgsv-1065785481, networkLocation: /default-rack, certSerialId: null}, Type:RATIS, Factor:ONE, State:OPEN]
2019-06-13 00:43:01,399 INFO  impl.RaftServerProxy (RaftServerProxy.java:addNew(89)) - 49d64b5b-1fc9-4d81-bcbd-8097c10370d4: addNew group-2C8815314B93:[49d64b5b-1fc9-4d81-bcbd-8097c10370d4:192.168.11.210:44985] returns group-2C8815314B93:java.util.concurrent.CompletableFuture@205c68e0[Not completed]
2019-06-13 00:43:01,403 INFO  impl.RaftServerImpl (RaftServerImpl.java:<init>(91)) - 49d64b5b-1fc9-4d81-bcbd-8097c10370d4: new RaftServerImpl for group-2C8815314B93:[49d64b5b-1fc9-4d81-bcbd-8097c10370d4:192.168.11.210:44985] with ContainerStateMachine:uninitialized
2019-06-13 00:43:01,403 INFO  server.RaftServerConfigKeys (ConfUtils.java:logGet(43)) - raft.server.rpc.timeout.min = 1s (custom)
2019-06-13 00:43:01,403 INFO  server.RaftServerConfigKeys (ConfUtils.java:logGet(43)) - raft.server.rpc.timeout.max = 1200ms (custom)
2019-06-13 00:43:01,403 INFO  server.RaftServerConfigKeys (ConfUtils.java:logGet(43)) - raft.server.rpcslowness.timeout = 10s (custom)
2019-06-13 00:43:01,403 INFO  server.RaftServerConfigKeys (ConfUtils.java:logGet(43)) - raft.server.log.appender.install.snapshot.enabled = true (default)
2019-06-13 00:43:01,403 INFO  impl.RaftServerImpl (ServerState.java:<init>(101)) - 49d64b5b-1fc9-4d81-bcbd-8097c10370d4:group-2C8815314B93 ConfigurationManager, init=-1: [49d64b5b-1fc9-4d81-bcbd-8097c10370d4:192.168.11.210:44985], old=null, confs=<EMPTY_MAP>
2019-06-13 00:43:01,403 INFO  server.RaftServerConfigKeys (ConfUtils.java:logGet(43)) - raft.server.storage.dir = [/opt/src/hadoop-ozone/integration-test/target/test-dir/MiniOzoneClusterImpl-6a794af7-f38d-49f1-8a1a-873dc60fa7fd/datanode-3/data/ratis] (custom)
2019-06-13 00:43:01,403 INFO  storage.RaftStorageDirectory (RaftStorageDirectory.java:analyzeStorage(246)) - The storage directory /opt/src/hadoop-ozone/integration-test/target/test-dir/MiniOzoneClusterImpl-6a794af7-f38d-49f1-8a1a-873dc60fa7fd/datanode-3/data/ratis/1c3b3676-96fb-4e1a-91fc-2c8815314b93 does not exist. Creating ...
2019-06-13 00:43:01,405 INFO  storage.RaftStorageDirectory (RaftStorageDirectory.java:tryLock(328)) - Lock on /opt/src/hadoop-ozone/integration-test/target/test-dir/MiniOzoneClusterImpl-6a794af7-f38d-49f1-8a1a-873dc60fa7fd/datanode-3/data/ratis/1c3b3676-96fb-4e1a-91fc-2c8815314b93/in_use.lock acquired by nodename 9971@ozone-2jgsv-1065785481
2019-06-13 00:43:01,407 INFO  storage.RaftStorage (RaftStorage.java:format(75)) - Storage directory /opt/src/hadoop-ozone/integration-test/target/test-dir/MiniOzoneClusterImpl-6a794af7-f38d-49f1-8a1a-873dc60fa7fd/datanode-3/data/ratis/1c3b3676-96fb-4e1a-91fc-2c8815314b93 has been successfully formatted.
2019-06-13 00:43:01,408 INFO  ratis.ContainerStateMachine (ContainerStateMachine.java:loadSnapshot(199)) - The snapshot info is null.Setting the last applied index to:(t:0, i:~)
2019-06-13 00:43:01,408 INFO  server.RaftServerConfigKeys (ConfUtils.java:logGet(43)) - raft.server.leader.election.timeout = 10s (custom)
2019-06-13 00:43:01,408 INFO  server.RaftServerConfigKeys (ConfUtils.java:logGet(43)) - raft.server.log.use.memory = false (default)
2019-06-13 00:43:01,408 INFO  server.RaftServerConfigKeys (ConfUtils.java:logGet(43)) - raft.server.log.appender.buffer.byte-limit = 33554432 (custom)
2019-06-13 00:43:01,408 INFO  server.RaftServerConfigKeys (ConfUtils.java:logGet(43)) - raft.server.log.segment.size.max = 16384 (custom)
2019-06-13 00:43:01,408 INFO  server.RaftServerConfigKeys (ConfUtils.java:logGet(43)) - raft.server.log.segment.cache.num.max = 2 (custom)
2019-06-13 00:43:01,408 INFO  storage.RaftLogWorker (RaftLogWorker.java:<init>(123)) - new 49d64b5b-1fc9-4d81-bcbd-8097c10370d4-RaftLogWorker for Storage Directory /opt/src/hadoop-ozone/integration-test/target/test-dir/MiniOzoneClusterImpl-6a794af7-f38d-49f1-8a1a-873dc60fa7fd/datanode-3/data/ratis/1c3b3676-96fb-4e1a-91fc-2c8815314b93
2019-06-13 00:43:01,408 INFO  server.RaftServerConfigKeys (ConfUtils.java:logGet(43)) - raft.server.log.queue.byte-limit = 2147483647 (custom)
2019-06-13 00:43:01,409 INFO  server.RaftServerConfigKeys (ConfUtils.java:logGet(43)) - raft.server.log.queue.element-limit = 1024 (custom)
2019-06-13 00:43:01,409 INFO  server.RaftServerConfigKeys (ConfUtils.java:logGet(43)) - raft.server.log.segment.size.max = 16384 (custom)
2019-06-13 00:43:01,409 INFO  server.RaftServerConfigKeys (ConfUtils.java:logGet(43)) - raft.server.log.preallocated.size = 16384 (custom)
2019-06-13 00:43:01,409 INFO  server.RaftServerConfigKeys (ConfUtils.java:logGet(43)) - raft.server.log.write.buffer.size = 33554432 (custom)
2019-06-13 00:43:01,409 INFO  server.RaftServerConfigKeys (ConfUtils.java:logGet(43)) - raft.server.log.force.sync.num = 128 (default)
2019-06-13 00:43:01,409 INFO  server.RaftServerConfigKeys (ConfUtils.java:logGet(43)) - raft.server.log.statemachine.data.sync = true (default)
2019-06-13 00:43:01,409 INFO  server.RaftServerConfigKeys (ConfUtils.java:logGet(43)) - raft.server.log.statemachine.data.sync.timeout = 10s (default)
2019-06-13 00:43:01,409 INFO  server.RaftServerConfigKeys (ConfUtils.java:logGet(43)) - raft.server.log.statemachine.data.sync.timeout.retry = -1 (default)
2019-06-13 00:43:01,409 INFO  server.RaftServerConfigKeys (ConfUtils.java:logGet(43)) - raft.server.log.statemachine.data.caching.enabled = true (custom)
2019-06-13 00:43:01,411 INFO  server.RaftServerConfigKeys (ConfUtils.java:logGet(43)) - raft.server.snapshot.auto.trigger.enabled = true (custom)
2019-06-13 00:43:01,411 INFO  server.RaftServerConfigKeys (ConfUtils.java:logGet(43)) - raft.server.snapshot.auto.trigger.threshold = 10000 (custom)
2019-06-13 00:43:01,411 INFO  server.RaftServerConfigKeys (ConfUtils.java:logGet(43)) - raft.server.retrycache.expirytime = 600000ms (custom)
2019-06-13 00:43:01,411 INFO  impl.RaftServerImpl (RaftServerImpl.java:start(173)) - 49d64b5b-1fc9-4d81-bcbd-8097c10370d4: start group-2C8815314B93
2019-06-13 00:43:01,411 INFO  impl.RaftServerImpl (RaftServerImpl.java:setRole(164)) - 49d64b5b-1fc9-4d81-bcbd-8097c10370d4:group-2C8815314B93 changes role from null to FOLLOWER at term 0 for startAsFollower
2019-06-13 00:43:01,411 INFO  impl.RoleInfo (RoleInfo.java:updateAndGet(143)) - 49d64b5b-1fc9-4d81-bcbd-8097c10370d4: start FollowerState
2019-06-13 00:43:01,411 INFO  util.JmxRegister (JmxRegister.java:tryRegister(44)) - Successfully registered JMX Bean with object name Ratis:service=RaftServer,group=group-2C8815314B93,id=49d64b5b-1fc9-4d81-bcbd-8097c10370d4
2019-06-13 00:43:01,418 INFO  pipeline.PipelineStateManager (PipelineStateManager.java:addPipeline(56)) - Created pipeline Pipeline[ Id: 1c3b3676-96fb-4e1a-91fc-2c8815314b93, Nodes: 49d64b5b-1fc9-4d81-bcbd-8097c10370d4{ip: 192.168.11.210, host: ozone-2jgsv-1065785481, networkLocation: /default-rack, certSerialId: null}, Type:RATIS, Factor:ONE, State:OPEN]
2019-06-13 00:43:01,451 INFO  impl.RaftServerProxy (RaftServerProxy.java:addNew(89)) - 49d64b5b-1fc9-4d81-bcbd-8097c10370d4: addNew group-B0DBB49B5ECD:[a0915343-0603-4683-b5ce-c75b94c7f7da:192.168.11.210:40893, 844f77e4-6f8c-46a2-b010-a900c7d693e6:192.168.11.210:41307, 49d64b5b-1fc9-4d81-bcbd-8097c10370d4:192.168.11.210:44985] returns group-B0DBB49B5ECD:java.util.concurrent.CompletableFuture@155a2ace[Not completed]
2019-06-13 00:43:01,452 INFO  impl.RaftServerImpl (RaftServerImpl.java:<init>(91)) - 49d64b5b-1fc9-4d81-bcbd-8097c10370d4: new RaftServerImpl for group-B0DBB49B5ECD:[a0915343-0603-4683-b5ce-c75b94c7f7da:192.168.11.210:40893, 844f77e4-6f8c-46a2-b010-a900c7d693e6:192.168.11.210:41307, 49d64b5b-1fc9-4d81-bcbd-8097c10370d4:192.168.11.210:44985] with ContainerStateMachine:uninitialized
2019-06-13 00:43:01,452 INFO  server.RaftServerConfigKeys (ConfUtils.java:logGet(43)) - raft.server.rpc.timeout.min = 1s (custom)
2019-06-13 00:43:01,453 INFO  server.RaftServerConfigKeys (ConfUtils.java:logGet(43)) - raft.server.rpc.timeout.max = 1200ms (custom)
2019-06-13 00:43:01,453 INFO  server.RaftServerConfigKeys (ConfUtils.java:logGet(43)) - raft.server.rpcslowness.timeout = 10s (custom)
2019-06-13 00:43:01,453 INFO  server.RaftServerConfigKeys (ConfUtils.java:logGet(43)) - raft.server.log.appender.install.snapshot.enabled = true (default)
2019-06-13 00:43:01,453 INFO  impl.RaftServerImpl (ServerState.java:<init>(101)) - 49d64b5b-1fc9-4d81-bcbd-8097c10370d4:group-B0DBB49B5ECD ConfigurationManager, init=-1: [a0915343-0603-4683-b5ce-c75b94c7f7da:192.168.11.210:40893, 844f77e4-6f8c-46a2-b010-a900c7d693e6:192.168.11.210:41307, 49d64b5b-1fc9-4d81-bcbd-8097c10370d4:192.168.11.210:44985], old=null, confs=<EMPTY_MAP>
2019-06-13 00:43:01,453 INFO  server.RaftServerConfigKeys (ConfUtils.java:logGet(43)) - raft.server.storage.dir = [/opt/src/hadoop-ozone/integration-test/target/test-dir/MiniOzoneClusterImpl-6a794af7-f38d-49f1-8a1a-873dc60fa7fd/datanode-3/data/ratis] (custom)
2019-06-13 00:43:01,454 INFO  storage.RaftStorageDirectory (RaftStorageDirectory.java:analyzeStorage(246)) - The storage directory /opt/src/hadoop-ozone/integration-test/target/test-dir/MiniOzoneClusterImpl-6a794af7-f38d-49f1-8a1a-873dc60fa7fd/datanode-3/data/ratis/6bc896a0-fd47-48d3-86ab-b0dbb49b5ecd does not exist. Creating ...
2019-06-13 00:43:01,455 INFO  impl.RaftServerProxy (RaftServerProxy.java:addNew(89)) - 844f77e4-6f8c-46a2-b010-a900c7d693e6: addNew group-B0DBB49B5ECD:[a0915343-0603-4683-b5ce-c75b94c7f7da:192.168.11.210:40893, 844f77e4-6f8c-46a2-b010-a900c7d693e6:192.168.11.210:41307, 49d64b5b-1fc9-4d81-bcbd-8097c10370d4:192.168.11.210:44985] returns group-B0DBB49B5ECD:java.util.concurrent.CompletableFuture@1165acbd[Not completed]
2019-06-13 00:43:01,455 INFO  impl.RaftServerProxy (RaftServerProxy.java:addNew(89)) - a0915343-0603-4683-b5ce-c75b94c7f7da: addNew group-B0DBB49B5ECD:[a0915343-0603-4683-b5ce-c75b94c7f7da:192.168.11.210:40893, 844f77e4-6f8c-46a2-b010-a900c7d693e6:192.168.11.210:41307, 49d64b5b-1fc9-4d81-bcbd-8097c10370d4:192.168.11.210:44985] returns group-B0DBB49B5ECD:java.util.concurrent.CompletableFuture@26cdfe90[Not completed]
2019-06-13 00:43:01,456 INFO  impl.RaftServerImpl (RaftServerImpl.java:<init>(91)) - 844f77e4-6f8c-46a2-b010-a900c7d693e6: new RaftServerImpl for group-B0DBB49B5ECD:[a0915343-0603-4683-b5ce-c75b94c7f7da:192.168.11.210:40893, 844f77e4-6f8c-46a2-b010-a900c7d693e6:192.168.11.210:41307, 49d64b5b-1fc9-4d81-bcbd-8097c10370d4:192.168.11.210:44985] with ContainerStateMachine:uninitialized
2019-06-13 00:43:01,456 INFO  server.RaftServerConfigKeys (ConfUtils.java:logGet(43)) - raft.server.rpc.timeout.min = 1s (custom)
2019-06-13 00:43:01,456 INFO  server.RaftServerConfigKeys (ConfUtils.java:logGet(43)) - raft.server.rpc.timeout.max = 1200ms (custom)
2019-06-13 00:43:01,456 INFO  server.RaftServerConfigKeys (ConfUtils.java:logGet(43)) - raft.server.rpcslowness.timeout = 10s (custom)
2019-06-13 00:43:01,456 INFO  impl.RaftServerImpl (RaftServerImpl.java:<init>(91)) - a0915343-0603-4683-b5ce-c75b94c7f7da: new RaftServerImpl for group-B0DBB49B5ECD:[a0915343-0603-4683-b5ce-c75b94c7f7da:192.168.11.210:40893, 844f77e4-6f8c-46a2-b010-a900c7d693e6:192.168.11.210:41307, 49d64b5b-1fc9-4d81-bcbd-8097c10370d4:192.168.11.210:44985] with ContainerStateMachine:uninitialized
2019-06-13 00:43:01,456 INFO  server.RaftServerConfigKeys (ConfUtils.java:logGet(43)) - raft.server.rpc.timeout.min = 1s (custom)
2019-06-13 00:43:01,456 INFO  server.RaftServerConfigKeys (ConfUtils.java:logGet(43)) - raft.server.rpc.timeout.max = 1200ms (custom)
2019-06-13 00:43:01,456 INFO  server.RaftServerConfigKeys (ConfUtils.java:logGet(43)) - raft.server.rpcslowness.timeout = 10s (custom)
2019-06-13 00:43:01,456 INFO  server.RaftServerConfigKeys (ConfUtils.java:logGet(43)) - raft.server.log.appender.install.snapshot.enabled = true (default)
2019-06-13 00:43:01,457 INFO  impl.RaftServerImpl (ServerState.java:<init>(101)) - a0915343-0603-4683-b5ce-c75b94c7f7da:group-B0DBB49B5ECD ConfigurationManager, init=-1: [a0915343-0603-4683-b5ce-c75b94c7f7da:192.168.11.210:40893, 844f77e4-6f8c-46a2-b010-a900c7d693e6:192.168.11.210:41307, 49d64b5b-1fc9-4d81-bcbd-8097c10370d4:192.168.11.210:44985], old=null, confs=<EMPTY_MAP>
2019-06-13 00:43:01,457 INFO  server.RaftServerConfigKeys (ConfUtils.java:logGet(43)) - raft.server.storage.dir = [/opt/src/hadoop-ozone/integration-test/target/test-dir/MiniOzoneClusterImpl-6a794af7-f38d-49f1-8a1a-873dc60fa7fd/datanode-0/data/ratis] (custom)
2019-06-13 00:43:01,457 INFO  storage.RaftStorageDirectory (RaftStorageDirectory.java:analyzeStorage(246)) - The storage directory /opt/src/hadoop-ozone/integration-test/target/test-dir/MiniOzoneClusterImpl-6a794af7-f38d-49f1-8a1a-873dc60fa7fd/datanode-0/data/ratis/6bc896a0-fd47-48d3-86ab-b0dbb49b5ecd does not exist. Creating ...
2019-06-13 00:43:01,456 INFO  server.RaftServerConfigKeys (ConfUtils.java:logGet(43)) - raft.server.log.appender.install.snapshot.enabled = true (default)
2019-06-13 00:43:01,457 INFO  impl.RaftServerImpl (ServerState.java:<init>(101)) - 844f77e4-6f8c-46a2-b010-a900c7d693e6:group-B0DBB49B5ECD ConfigurationManager, init=-1: [a0915343-0603-4683-b5ce-c75b94c7f7da:192.168.11.210:40893, 844f77e4-6f8c-46a2-b010-a900c7d693e6:192.168.11.210:41307, 49d64b5b-1fc9-4d81-bcbd-8097c10370d4:192.168.11.210:44985], old=null, confs=<EMPTY_MAP>
2019-06-13 00:43:01,457 INFO  server.RaftServerConfigKeys (ConfUtils.java:logGet(43)) - raft.server.storage.dir = [/opt/src/hadoop-ozone/integration-test/target/test-dir/MiniOzoneClusterImpl-6a794af7-f38d-49f1-8a1a-873dc60fa7fd/datanode-2/data/ratis] (custom)
2019-06-13 00:43:01,458 INFO  storage.RaftStorageDirectory (RaftStorageDirectory.java:analyzeStorage(246)) - The storage directory /opt/src/hadoop-ozone/integration-test/target/test-dir/MiniOzoneClusterImpl-6a794af7-f38d-49f1-8a1a-873dc60fa7fd/datanode-2/data/ratis/6bc896a0-fd47-48d3-86ab-b0dbb49b5ecd does not exist. Creating ...
2019-06-13 00:43:01,458 INFO  storage.RaftStorageDirectory (RaftStorageDirectory.java:tryLock(328)) - Lock on /opt/src/hadoop-ozone/integration-test/target/test-dir/MiniOzoneClusterImpl-6a794af7-f38d-49f1-8a1a-873dc60fa7fd/datanode-3/data/ratis/6bc896a0-fd47-48d3-86ab-b0dbb49b5ecd/in_use.lock acquired by nodename 9971@ozone-2jgsv-1065785481
2019-06-13 00:43:01,459 INFO  storage.RaftStorageDirectory (RaftStorageDirectory.java:tryLock(328)) - Lock on /opt/src/hadoop-ozone/integration-test/target/test-dir/MiniOzoneClusterImpl-6a794af7-f38d-49f1-8a1a-873dc60fa7fd/datanode-0/data/ratis/6bc896a0-fd47-48d3-86ab-b0dbb49b5ecd/in_use.lock acquired by nodename 9971@ozone-2jgsv-1065785481
2019-06-13 00:43:01,460 INFO  storage.RaftStorageDirectory (RaftStorageDirectory.java:tryLock(328)) - Lock on /opt/src/hadoop-ozone/integration-test/target/test-dir/MiniOzoneClusterImpl-6a794af7-f38d-49f1-8a1a-873dc60fa7fd/datanode-2/data/ratis/6bc896a0-fd47-48d3-86ab-b0dbb49b5ecd/in_use.lock acquired by nodename 9971@ozone-2jgsv-1065785481
2019-06-13 00:43:01,461 INFO  storage.RaftStorage (RaftStorage.java:format(75)) - Storage directory /opt/src/hadoop-ozone/integration-test/target/test-dir/MiniOzoneClusterImpl-6a794af7-f38d-49f1-8a1a-873dc60fa7fd/datanode-3/data/ratis/6bc896a0-fd47-48d3-86ab-b0dbb49b5ecd has been successfully formatted.
2019-06-13 00:43:01,461 INFO  ratis.ContainerStateMachine (ContainerStateMachine.java:loadSnapshot(199)) - The snapshot info is null.Setting the last applied index to:(t:0, i:~)
2019-06-13 00:43:01,461 INFO  server.RaftServerConfigKeys (ConfUtils.java:logGet(43)) - raft.server.leader.election.timeout = 10s (custom)
2019-06-13 00:43:01,461 INFO  server.RaftServerConfigKeys (ConfUtils.java:logGet(43)) - raft.server.log.use.memory = false (default)
2019-06-13 00:43:01,462 INFO  storage.RaftStorage (RaftStorage.java:format(75)) - Storage directory /opt/src/hadoop-ozone/integration-test/target/test-dir/MiniOzoneClusterImpl-6a794af7-f38d-49f1-8a1a-873dc60fa7fd/datanode-0/data/ratis/6bc896a0-fd47-48d3-86ab-b0dbb49b5ecd has been successfully formatted.
2019-06-13 00:43:01,462 INFO  server.RaftServerConfigKeys (ConfUtils.java:logGet(43)) - raft.server.log.appender.buffer.byte-limit = 33554432 (custom)
2019-06-13 00:43:01,462 INFO  ratis.ContainerStateMachine (ContainerStateMachine.java:loadSnapshot(199)) - The snapshot info is null.Setting the last applied index to:(t:0, i:~)
2019-06-13 00:43:01,462 INFO  server.RaftServerConfigKeys (ConfUtils.java:logGet(43)) - raft.server.log.segment.size.max = 16384 (custom)
2019-06-13 00:43:01,462 INFO  server.RaftServerConfigKeys (ConfUtils.java:logGet(43)) - raft.server.leader.election.timeout = 10s (custom)
2019-06-13 00:43:01,462 INFO  server.RaftServerConfigKeys (ConfUtils.java:logGet(43)) - raft.server.log.segment.cache.num.max = 2 (custom)
2019-06-13 00:43:01,462 INFO  server.RaftServerConfigKeys (ConfUtils.java:logGet(43)) - raft.server.log.use.memory = false (default)
2019-06-13 00:43:01,462 INFO  storage.RaftLogWorker (RaftLogWorker.java:<init>(123)) - new 49d64b5b-1fc9-4d81-bcbd-8097c10370d4-RaftLogWorker for Storage Directory /opt/src/hadoop-ozone/integration-test/target/test-dir/MiniOzoneClusterImpl-6a794af7-f38d-49f1-8a1a-873dc60fa7fd/datanode-3/data/ratis/6bc896a0-fd47-48d3-86ab-b0dbb49b5ecd
2019-06-13 00:43:01,462 INFO  server.RaftServerConfigKeys (ConfUtils.java:logGet(43)) - raft.server.log.appender.buffer.byte-limit = 33554432 (custom)
2019-06-13 00:43:01,462 INFO  server.RaftServerConfigKeys (ConfUtils.java:logGet(43)) - raft.server.log.queue.byte-limit = 2147483647 (custom)
2019-06-13 00:43:01,463 INFO  server.RaftServerConfigKeys (ConfUtils.java:logGet(43)) - raft.server.log.segment.size.max = 16384 (custom)
2019-06-13 00:43:01,463 INFO  server.RaftServerConfigKeys (ConfUtils.java:logGet(43)) - raft.server.log.queue.element-limit = 1024 (custom)
2019-06-13 00:43:01,463 INFO  server.RaftServerConfigKeys (ConfUtils.java:logGet(43)) - raft.server.log.segment.cache.num.max = 2 (custom)
2019-06-13 00:43:01,463 INFO  server.RaftServerConfigKeys (ConfUtils.java:logGet(43)) - raft.server.log.segment.size.max = 16384 (custom)
2019-06-13 00:43:01,463 INFO  storage.RaftStorage (RaftStorage.java:format(75)) - Storage directory /opt/src/hadoop-ozone/integration-test/target/test-dir/MiniOzoneClusterImpl-6a794af7-f38d-49f1-8a1a-873dc60fa7fd/datanode-2/data/ratis/6bc896a0-fd47-48d3-86ab-b0dbb49b5ecd has been successfully formatted.
2019-06-13 00:43:01,463 INFO  server.RaftServerConfigKeys (ConfUtils.java:logGet(43)) - raft.server.log.preallocated.size = 16384 (custom)
2019-06-13 00:43:01,463 INFO  storage.RaftLogWorker (RaftLogWorker.java:<init>(123)) - new a0915343-0603-4683-b5ce-c75b94c7f7da-RaftLogWorker for Storage Directory /opt/src/hadoop-ozone/integration-test/target/test-dir/MiniOzoneClusterImpl-6a794af7-f38d-49f1-8a1a-873dc60fa7fd/datanode-0/data/ratis/6bc896a0-fd47-48d3-86ab-b0dbb49b5ecd
2019-06-13 00:43:01,463 INFO  server.RaftServerConfigKeys (ConfUtils.java:logGet(43)) - raft.server.log.write.buffer.size = 33554432 (custom)
2019-06-13 00:43:01,463 INFO  ratis.ContainerStateMachine (ContainerStateMachine.java:loadSnapshot(199)) - The snapshot info is null.Setting the last applied index to:(t:0, i:~)
2019-06-13 00:43:01,463 INFO  server.RaftServerConfigKeys (ConfUtils.java:logGet(43)) - raft.server.log.force.sync.num = 128 (default)
2019-06-13 00:43:01,463 INFO  server.RaftServerConfigKeys (ConfUtils.java:logGet(43)) - raft.server.log.queue.byte-limit = 2147483647 (custom)
2019-06-13 00:43:01,464 INFO  server.RaftServerConfigKeys (ConfUtils.java:logGet(43)) - raft.server.log.statemachine.data.sync = true (default)
2019-06-13 00:43:01,464 INFO  server.RaftServerConfigKeys (ConfUtils.java:logGet(43)) - raft.server.leader.election.timeout = 10s (custom)
2019-06-13 00:43:01,464 INFO  server.RaftServerConfigKeys (ConfUtils.java:logGet(43)) - raft.server.log.statemachine.data.sync.timeout = 10s (default)
2019-06-13 00:43:01,464 INFO  server.RaftServerConfigKeys (ConfUtils.java:logGet(43)) - raft.server.log.queue.element-limit = 1024 (custom)
2019-06-13 00:43:01,464 INFO  server.RaftServerConfigKeys (ConfUtils.java:logGet(43)) - raft.server.log.statemachine.data.sync.timeout.retry = -1 (default)
2019-06-13 00:43:01,464 INFO  server.RaftServerConfigKeys (ConfUtils.java:logGet(43)) - raft.server.log.use.memory = false (default)
2019-06-13 00:43:01,464 INFO  server.RaftServerConfigKeys (ConfUtils.java:logGet(43)) - raft.server.log.statemachine.data.caching.enabled = true (custom)
2019-06-13 00:43:01,464 INFO  server.RaftServerConfigKeys (ConfUtils.java:logGet(43)) - raft.server.log.segment.size.max = 16384 (custom)
2019-06-13 00:43:01,465 INFO  server.RaftServerConfigKeys (ConfUtils.java:logGet(43)) - raft.server.log.preallocated.size = 16384 (custom)
2019-06-13 00:43:01,465 INFO  server.RaftServerConfigKeys (ConfUtils.java:logGet(43)) - raft.server.log.write.buffer.size = 33554432 (custom)
2019-06-13 00:43:01,465 INFO  server.RaftServerConfigKeys (ConfUtils.java:logGet(43)) - raft.server.log.force.sync.num = 128 (default)
2019-06-13 00:43:01,465 INFO  server.RaftServerConfigKeys (ConfUtils.java:logGet(43)) - raft.server.log.statemachine.data.sync = true (default)
2019-06-13 00:43:01,465 INFO  server.RaftServerConfigKeys (ConfUtils.java:logGet(43)) - raft.server.log.statemachine.data.sync.timeout = 10s (default)
2019-06-13 00:43:01,465 INFO  server.RaftServerConfigKeys (ConfUtils.java:logGet(43)) - raft.server.log.statemachine.data.sync.timeout.retry = -1 (default)
2019-06-13 00:43:01,465 INFO  server.RaftServerConfigKeys (ConfUtils.java:logGet(43)) - raft.server.log.statemachine.data.caching.enabled = true (custom)
2019-06-13 00:43:01,464 INFO  server.RaftServerConfigKeys (ConfUtils.java:logGet(43)) - raft.server.log.appender.buffer.byte-limit = 33554432 (custom)
2019-06-13 00:43:01,465 INFO  server.RaftServerConfigKeys (ConfUtils.java:logGet(43)) - raft.server.snapshot.auto.trigger.enabled = true (custom)
2019-06-13 00:43:01,466 INFO  server.RaftServerConfigKeys (ConfUtils.java:logGet(43)) - raft.server.snapshot.auto.trigger.threshold = 10000 (custom)
2019-06-13 00:43:01,466 INFO  server.RaftServerConfigKeys (ConfUtils.java:logGet(43)) - raft.server.retrycache.expirytime = 600000ms (custom)
2019-06-13 00:43:01,466 INFO  impl.RaftServerImpl (RaftServerImpl.java:start(173)) - 49d64b5b-1fc9-4d81-bcbd-8097c10370d4: start group-B0DBB49B5ECD
2019-06-13 00:43:01,466 INFO  impl.RaftServerImpl (RaftServerImpl.java:setRole(164)) - 49d64b5b-1fc9-4d81-bcbd-8097c10370d4:group-B0DBB49B5ECD changes role from null to FOLLOWER at term 0 for startAsFollower
2019-06-13 00:43:01,466 INFO  impl.RoleInfo (RoleInfo.java:updateAndGet(143)) - 49d64b5b-1fc9-4d81-bcbd-8097c10370d4: start FollowerState
2019-06-13 00:43:01,466 INFO  server.RaftServerConfigKeys (ConfUtils.java:logGet(43)) - raft.server.snapshot.auto.trigger.enabled = true (custom)
2019-06-13 00:43:01,467 INFO  server.RaftServerConfigKeys (ConfUtils.java:logGet(43)) - raft.server.snapshot.auto.trigger.threshold = 10000 (custom)
2019-06-13 00:43:01,466 INFO  server.RaftServerConfigKeys (ConfUtils.java:logGet(43)) - raft.server.log.segment.size.max = 16384 (custom)
2019-06-13 00:43:01,467 INFO  server.RaftServerConfigKeys (ConfUtils.java:logGet(43)) - raft.server.log.segment.cache.num.max = 2 (custom)
2019-06-13 00:43:01,467 INFO  storage.RaftLogWorker (RaftLogWorker.java:<init>(123)) - new 844f77e4-6f8c-46a2-b010-a900c7d693e6-RaftLogWorker for Storage Directory /opt/src/hadoop-ozone/integration-test/target/test-dir/MiniOzoneClusterImpl-6a794af7-f38d-49f1-8a1a-873dc60fa7fd/datanode-2/data/ratis/6bc896a0-fd47-48d3-86ab-b0dbb49b5ecd
2019-06-13 00:43:01,467 INFO  server.RaftServerConfigKeys (ConfUtils.java:logGet(43)) - raft.server.log.queue.byte-limit = 2147483647 (custom)
2019-06-13 00:43:01,467 INFO  server.RaftServerConfigKeys (ConfUtils.java:logGet(43)) - raft.server.log.queue.element-limit = 1024 (custom)
2019-06-13 00:43:01,468 INFO  server.RaftServerConfigKeys (ConfUtils.java:logGet(43)) - raft.server.log.segment.size.max = 16384 (custom)
2019-06-13 00:43:01,468 INFO  server.RaftServerConfigKeys (ConfUtils.java:logGet(43)) - raft.server.log.preallocated.size = 16384 (custom)
2019-06-13 00:43:01,468 INFO  server.RaftServerConfigKeys (ConfUtils.java:logGet(43)) - raft.server.log.write.buffer.size = 33554432 (custom)
2019-06-13 00:43:01,468 INFO  server.RaftServerConfigKeys (ConfUtils.java:logGet(43)) - raft.server.log.force.sync.num = 128 (default)
2019-06-13 00:43:01,468 INFO  server.RaftServerConfigKeys (ConfUtils.java:logGet(43)) - raft.server.log.statemachine.data.sync = true (default)
2019-06-13 00:43:01,468 INFO  server.RaftServerConfigKeys (ConfUtils.java:logGet(43)) - raft.server.log.statemachine.data.sync.timeout = 10s (default)
2019-06-13 00:43:01,468 INFO  server.RaftServerConfigKeys (ConfUtils.java:logGet(43)) - raft.server.log.statemachine.data.sync.timeout.retry = -1 (default)
2019-06-13 00:43:01,468 INFO  server.RaftServerConfigKeys (ConfUtils.java:logGet(43)) - raft.server.log.statemachine.data.caching.enabled = true (custom)
2019-06-13 00:43:01,468 INFO  util.JmxRegister (JmxRegister.java:tryRegister(44)) - Successfully registered JMX Bean with object name Ratis:service=RaftServer,group=group-B0DBB49B5ECD,id=49d64b5b-1fc9-4d81-bcbd-8097c10370d4
2019-06-13 00:43:01,469 INFO  server.RaftServerConfigKeys (ConfUtils.java:logGet(43)) - raft.server.snapshot.auto.trigger.enabled = true (custom)
2019-06-13 00:43:01,469 INFO  server.RaftServerConfigKeys (ConfUtils.java:logGet(43)) - raft.server.snapshot.auto.trigger.threshold = 10000 (custom)
2019-06-13 00:43:01,469 INFO  server.RaftServerConfigKeys (ConfUtils.java:logGet(43)) - raft.server.retrycache.expirytime = 600000ms (custom)
2019-06-13 00:43:01,469 INFO  impl.RaftServerImpl (RaftServerImpl.java:start(173)) - 844f77e4-6f8c-46a2-b010-a900c7d693e6: start group-B0DBB49B5ECD
2019-06-13 00:43:01,469 INFO  impl.RaftServerImpl (RaftServerImpl.java:setRole(164)) - 844f77e4-6f8c-46a2-b010-a900c7d693e6:group-B0DBB49B5ECD changes role from null to FOLLOWER at term 0 for startAsFollower
2019-06-13 00:43:01,469 INFO  impl.RoleInfo (RoleInfo.java:updateAndGet(143)) - 844f77e4-6f8c-46a2-b010-a900c7d693e6: start FollowerState
2019-06-13 00:43:01,469 INFO  server.RaftServerConfigKeys (ConfUtils.java:logGet(43)) - raft.server.retrycache.expirytime = 600000ms (custom)
2019-06-13 00:43:01,469 INFO  util.JmxRegister (JmxRegister.java:tryRegister(44)) - Successfully registered JMX Bean with object name Ratis:service=RaftServer,group=group-B0DBB49B5ECD,id=844f77e4-6f8c-46a2-b010-a900c7d693e6
2019-06-13 00:43:01,470 INFO  impl.RaftServerImpl (RaftServerImpl.java:start(173)) - a0915343-0603-4683-b5ce-c75b94c7f7da: start group-B0DBB49B5ECD
2019-06-13 00:43:01,470 INFO  impl.RaftServerImpl (RaftServerImpl.java:setRole(164)) - a0915343-0603-4683-b5ce-c75b94c7f7da:group-B0DBB49B5ECD changes role from null to FOLLOWER at term 0 for startAsFollower
2019-06-13 00:43:01,470 INFO  impl.RoleInfo (RoleInfo.java:updateAndGet(143)) - a0915343-0603-4683-b5ce-c75b94c7f7da: start FollowerState
2019-06-13 00:43:01,471 INFO  util.JmxRegister (JmxRegister.java:tryRegister(44)) - Successfully registered JMX Bean with object name Ratis:service=RaftServer,group=group-B0DBB49B5ECD,id=a0915343-0603-4683-b5ce-c75b94c7f7da
2019-06-13 00:43:01,489 INFO  pipeline.PipelineStateManager (PipelineStateManager.java:addPipeline(56)) - Created pipeline Pipeline[ Id: 6bc896a0-fd47-48d3-86ab-b0dbb49b5ecd, Nodes: 844f77e4-6f8c-46a2-b010-a900c7d693e6{ip: 192.168.11.210, host: ozone-2jgsv-1065785481, networkLocation: /default-rack, certSerialId: null}49d64b5b-1fc9-4d81-bcbd-8097c10370d4{ip: 192.168.11.210, host: ozone-2jgsv-1065785481, networkLocation: /default-rack, certSerialId: null}a0915343-0603-4683-b5ce-c75b94c7f7da{ip: 192.168.11.210, host: ozone-2jgsv-1065785481, networkLocation: /default-rack, certSerialId: null}, Type:RATIS, Factor:THREE, State:OPEN]
2019-06-13 00:43:01,513 INFO  node.SCMNodeManager (SCMNodeManager.java:register(234)) - Registered Data node : 34bd2fcb-f7ef-4b69-ad30-baf0b8c71beb{ip: 192.168.11.210, host: ozone-2jgsv-1065785481, networkLocation: /default-rack, certSerialId: null}
2019-06-13 00:43:01,522 INFO  impl.RaftServerProxy (RaftServerProxy.java:addNew(89)) - 34bd2fcb-f7ef-4b69-ad30-baf0b8c71beb: addNew group-03BBC9E2960E:[34bd2fcb-f7ef-4b69-ad30-baf0b8c71beb:192.168.11.210:36059] returns group-03BBC9E2960E:java.util.concurrent.CompletableFuture@1fadc0b9[Not completed]
2019-06-13 00:43:01,523 INFO  impl.RaftServerImpl (RaftServerImpl.java:<init>(91)) - 34bd2fcb-f7ef-4b69-ad30-baf0b8c71beb: new RaftServerImpl for group-03BBC9E2960E:[34bd2fcb-f7ef-4b69-ad30-baf0b8c71beb:192.168.11.210:36059] with ContainerStateMachine:uninitialized
2019-06-13 00:43:01,523 INFO  server.RaftServerConfigKeys (ConfUtils.java:logGet(43)) - raft.server.rpc.timeout.min = 1s (custom)
2019-06-13 00:43:01,523 INFO  server.RaftServerConfigKeys (ConfUtils.java:logGet(43)) - raft.server.rpc.timeout.max = 1200ms (custom)
2019-06-13 00:43:01,523 INFO  server.RaftServerConfigKeys (ConfUtils.java:logGet(43)) - raft.server.rpcslowness.timeout = 10s (custom)
2019-06-13 00:43:01,523 INFO  server.RaftServerConfigKeys (ConfUtils.java:logGet(43)) - raft.server.log.appender.install.snapshot.enabled = true (default)
2019-06-13 00:43:01,523 INFO  impl.RaftServerImpl (ServerState.java:<init>(101)) - 34bd2fcb-f7ef-4b69-ad30-baf0b8c71beb:group-03BBC9E2960E ConfigurationManager, init=-1: [34bd2fcb-f7ef-4b69-ad30-baf0b8c71beb:192.168.11.210:36059], old=null, confs=<EMPTY_MAP>
2019-06-13 00:43:01,523 INFO  server.RaftServerConfigKeys (ConfUtils.java:logGet(43)) - raft.server.storage.dir = [/opt/src/hadoop-ozone/integration-test/target/test-dir/MiniOzoneClusterImpl-6a794af7-f38d-49f1-8a1a-873dc60fa7fd/datanode-4/data/ratis] (custom)
2019-06-13 00:43:01,524 INFO  storage.RaftStorageDirectory (RaftStorageDirectory.java:analyzeStorage(246)) - The storage directory /opt/src/hadoop-ozone/integration-test/target/test-dir/MiniOzoneClusterImpl-6a794af7-f38d-49f1-8a1a-873dc60fa7fd/datanode-4/data/ratis/2e0ffd73-bea0-4981-a07f-03bbc9e2960e does not exist. Creating ...
2019-06-13 00:43:01,526 INFO  storage.RaftStorageDirectory (RaftStorageDirectory.java:tryLock(328)) - Lock on /opt/src/hadoop-ozone/integration-test/target/test-dir/MiniOzoneClusterImpl-6a794af7-f38d-49f1-8a1a-873dc60fa7fd/datanode-4/data/ratis/2e0ffd73-bea0-4981-a07f-03bbc9e2960e/in_use.lock acquired by nodename 9971@ozone-2jgsv-1065785481
2019-06-13 00:43:01,528 INFO  storage.RaftStorage (RaftStorage.java:format(75)) - Storage directory /opt/src/hadoop-ozone/integration-test/target/test-dir/MiniOzoneClusterImpl-6a794af7-f38d-49f1-8a1a-873dc60fa7fd/datanode-4/data/ratis/2e0ffd73-bea0-4981-a07f-03bbc9e2960e has been successfully formatted.
2019-06-13 00:43:01,528 INFO  ratis.ContainerStateMachine (ContainerStateMachine.java:loadSnapshot(199)) - The snapshot info is null.Setting the last applied index to:(t:0, i:~)
2019-06-13 00:43:01,528 INFO  server.RaftServerConfigKeys (ConfUtils.java:logGet(43)) - raft.server.leader.election.timeout = 10s (custom)
2019-06-13 00:43:01,528 INFO  server.RaftServerConfigKeys (ConfUtils.java:logGet(43)) - raft.server.log.use.memory = false (default)
2019-06-13 00:43:01,528 INFO  server.RaftServerConfigKeys (ConfUtils.java:logGet(43)) - raft.server.log.appender.buffer.byte-limit = 33554432 (custom)
2019-06-13 00:43:01,528 INFO  server.RaftServerConfigKeys (ConfUtils.java:logGet(43)) - raft.server.log.segment.size.max = 16384 (custom)
2019-06-13 00:43:01,528 INFO  server.RaftServerConfigKeys (ConfUtils.java:logGet(43)) - raft.server.log.segment.cache.num.max = 2 (custom)
2019-06-13 00:43:01,528 INFO  storage.RaftLogWorker (RaftLogWorker.java:<init>(123)) - new 34bd2fcb-f7ef-4b69-ad30-baf0b8c71beb-RaftLogWorker for Storage Directory /opt/src/hadoop-ozone/integration-test/target/test-dir/MiniOzoneClusterImpl-6a794af7-f38d-49f1-8a1a-873dc60fa7fd/datanode-4/data/ratis/2e0ffd73-bea0-4981-a07f-03bbc9e2960e
2019-06-13 00:43:01,528 INFO  server.RaftServerConfigKeys (ConfUtils.java:logGet(43)) - raft.server.log.queue.byte-limit = 2147483647 (custom)
2019-06-13 00:43:01,528 INFO  server.RaftServerConfigKeys (ConfUtils.java:logGet(43)) - raft.server.log.queue.element-limit = 1024 (custom)
2019-06-13 00:43:01,529 INFO  server.RaftServerConfigKeys (ConfUtils.java:logGet(43)) - raft.server.log.segment.size.max = 16384 (custom)
2019-06-13 00:43:01,529 INFO  server.RaftServerConfigKeys (ConfUtils.java:logGet(43)) - raft.server.log.preallocated.size = 16384 (custom)
2019-06-13 00:43:01,529 INFO  server.RaftServerConfigKeys (ConfUtils.java:logGet(43)) - raft.server.log.write.buffer.size = 33554432 (custom)
2019-06-13 00:43:01,529 INFO  server.RaftServerConfigKeys (ConfUtils.java:logGet(43)) - raft.server.log.force.sync.num = 128 (default)
2019-06-13 00:43:01,529 INFO  server.RaftServerConfigKeys (ConfUtils.java:logGet(43)) - raft.server.log.statemachine.data.sync = true (default)
2019-06-13 00:43:01,529 INFO  server.RaftServerConfigKeys (ConfUtils.java:logGet(43)) - raft.server.log.statemachine.data.sync.timeout = 10s (default)
2019-06-13 00:43:01,529 INFO  server.RaftServerConfigKeys (ConfUtils.java:logGet(43)) - raft.server.log.statemachine.data.sync.timeout.retry = -1 (default)
2019-06-13 00:43:01,529 INFO  server.RaftServerConfigKeys (ConfUtils.java:logGet(43)) - raft.server.log.statemachine.data.caching.enabled = true (custom)
2019-06-13 00:43:01,530 INFO  server.RaftServerConfigKeys (ConfUtils.java:logGet(43)) - raft.server.snapshot.auto.trigger.enabled = true (custom)
2019-06-13 00:43:01,530 INFO  server.RaftServerConfigKeys (ConfUtils.java:logGet(43)) - raft.server.snapshot.auto.trigger.threshold = 10000 (custom)
2019-06-13 00:43:01,530 INFO  server.RaftServerConfigKeys (ConfUtils.java:logGet(43)) - raft.server.retrycache.expirytime = 600000ms (custom)
2019-06-13 00:43:01,530 INFO  impl.RaftServerImpl (RaftServerImpl.java:start(173)) - 34bd2fcb-f7ef-4b69-ad30-baf0b8c71beb: start group-03BBC9E2960E
2019-06-13 00:43:01,530 INFO  impl.RaftServerImpl (RaftServerImpl.java:setRole(164)) - 34bd2fcb-f7ef-4b69-ad30-baf0b8c71beb:group-03BBC9E2960E changes role from null to FOLLOWER at term 0 for startAsFollower
2019-06-13 00:43:01,530 INFO  impl.RoleInfo (RoleInfo.java:updateAndGet(143)) - 34bd2fcb-f7ef-4b69-ad30-baf0b8c71beb: start FollowerState
2019-06-13 00:43:01,531 INFO  util.JmxRegister (JmxRegister.java:tryRegister(44)) - Successfully registered JMX Bean with object name Ratis:service=RaftServer,group=group-03BBC9E2960E,id=34bd2fcb-f7ef-4b69-ad30-baf0b8c71beb
2019-06-13 00:43:01,537 INFO  pipeline.PipelineStateManager (PipelineStateManager.java:addPipeline(56)) - Created pipeline Pipeline[ Id: 2e0ffd73-bea0-4981-a07f-03bbc9e2960e, Nodes: 34bd2fcb-f7ef-4b69-ad30-baf0b8c71beb{ip: 192.168.11.210, host: ozone-2jgsv-1065785481, networkLocation: /default-rack, certSerialId: null}, Type:RATIS, Factor:ONE, State:OPEN]
2019-06-13 00:43:01,701 INFO  ozone.MiniOzoneClusterImpl (MiniOzoneClusterImpl.java:lambda$waitForClusterToBeReady$0(142)) - Waiting for cluster to be ready. Got 5 of 6 DN Heartbeats.
2019-06-13 00:43:01,705 INFO  node.SCMNodeManager (SCMNodeManager.java:register(234)) - Registered Data node : 4e26508f-a8d3-40d9-9a73-043557518c99{ip: 192.168.11.210, host: ozone-2jgsv-1065785481, networkLocation: /default-rack, certSerialId: null}
2019-06-13 00:43:01,717 INFO  impl.RaftServerProxy (RaftServerProxy.java:addNew(89)) - 4e26508f-a8d3-40d9-9a73-043557518c99: addNew group-540EDFAFDF15:[4e26508f-a8d3-40d9-9a73-043557518c99:192.168.11.210:41087] returns group-540EDFAFDF15:java.util.concurrent.CompletableFuture@7df0be4[Not completed]
2019-06-13 00:43:01,717 INFO  impl.RaftServerImpl (RaftServerImpl.java:<init>(91)) - 4e26508f-a8d3-40d9-9a73-043557518c99: new RaftServerImpl for group-540EDFAFDF15:[4e26508f-a8d3-40d9-9a73-043557518c99:192.168.11.210:41087] with ContainerStateMachine:uninitialized
2019-06-13 00:43:01,718 INFO  server.RaftServerConfigKeys (ConfUtils.java:logGet(43)) - raft.server.rpc.timeout.min = 1s (custom)
2019-06-13 00:43:01,718 INFO  server.RaftServerConfigKeys (ConfUtils.java:logGet(43)) - raft.server.rpc.timeout.max = 1200ms (custom)
2019-06-13 00:43:01,718 INFO  server.RaftServerConfigKeys (ConfUtils.java:logGet(43)) - raft.server.rpcslowness.timeout = 10s (custom)
2019-06-13 00:43:01,718 INFO  server.RaftServerConfigKeys (ConfUtils.java:logGet(43)) - raft.server.log.appender.install.snapshot.enabled = true (default)
2019-06-13 00:43:01,718 INFO  impl.RaftServerImpl (ServerState.java:<init>(101)) - 4e26508f-a8d3-40d9-9a73-043557518c99:group-540EDFAFDF15 ConfigurationManager, init=-1: [4e26508f-a8d3-40d9-9a73-043557518c99:192.168.11.210:41087], old=null, confs=<EMPTY_MAP>
2019-06-13 00:43:01,718 INFO  server.RaftServerConfigKeys (ConfUtils.java:logGet(43)) - raft.server.storage.dir = [/opt/src/hadoop-ozone/integration-test/target/test-dir/MiniOzoneClusterImpl-6a794af7-f38d-49f1-8a1a-873dc60fa7fd/datanode-5/data/ratis] (custom)
2019-06-13 00:43:01,718 INFO  storage.RaftStorageDirectory (RaftStorageDirectory.java:analyzeStorage(246)) - The storage directory /opt/src/hadoop-ozone/integration-test/target/test-dir/MiniOzoneClusterImpl-6a794af7-f38d-49f1-8a1a-873dc60fa7fd/datanode-5/data/ratis/6cde007a-1495-45c4-910d-540edfafdf15 does not exist. Creating ...
2019-06-13 00:43:01,720 INFO  storage.RaftStorageDirectory (RaftStorageDirectory.java:tryLock(328)) - Lock on /opt/src/hadoop-ozone/integration-test/target/test-dir/MiniOzoneClusterImpl-6a794af7-f38d-49f1-8a1a-873dc60fa7fd/datanode-5/data/ratis/6cde007a-1495-45c4-910d-540edfafdf15/in_use.lock acquired by nodename 9971@ozone-2jgsv-1065785481
2019-06-13 00:43:01,723 INFO  storage.RaftStorage (RaftStorage.java:format(75)) - Storage directory /opt/src/hadoop-ozone/integration-test/target/test-dir/MiniOzoneClusterImpl-6a794af7-f38d-49f1-8a1a-873dc60fa7fd/datanode-5/data/ratis/6cde007a-1495-45c4-910d-540edfafdf15 has been successfully formatted.
2019-06-13 00:43:01,723 INFO  ratis.ContainerStateMachine (ContainerStateMachine.java:loadSnapshot(199)) - The snapshot info is null.Setting the last applied index to:(t:0, i:~)
2019-06-13 00:43:01,723 INFO  server.RaftServerConfigKeys (ConfUtils.java:logGet(43)) - raft.server.leader.election.timeout = 10s (custom)
2019-06-13 00:43:01,723 INFO  server.RaftServerConfigKeys (ConfUtils.java:logGet(43)) - raft.server.log.use.memory = false (default)
2019-06-13 00:43:01,723 INFO  server.RaftServerConfigKeys (ConfUtils.java:logGet(43)) - raft.server.log.appender.buffer.byte-limit = 33554432 (custom)
2019-06-13 00:43:01,723 INFO  server.RaftServerConfigKeys (ConfUtils.java:logGet(43)) - raft.server.log.segment.size.max = 16384 (custom)
2019-06-13 00:43:01,723 INFO  server.RaftServerConfigKeys (ConfUtils.java:logGet(43)) - raft.server.log.segment.cache.num.max = 2 (custom)
2019-06-13 00:43:01,723 INFO  storage.RaftLogWorker (RaftLogWorker.java:<init>(123)) - new 4e26508f-a8d3-40d9-9a73-043557518c99-RaftLogWorker for Storage Directory /opt/src/hadoop-ozone/integration-test/target/test-dir/MiniOzoneClusterImpl-6a794af7-f38d-49f1-8a1a-873dc60fa7fd/datanode-5/data/ratis/6cde007a-1495-45c4-910d-540edfafdf15
2019-06-13 00:43:01,723 INFO  server.RaftServerConfigKeys (ConfUtils.java:logGet(43)) - raft.server.log.queue.byte-limit = 2147483647 (custom)
2019-06-13 00:43:01,724 INFO  server.RaftServerConfigKeys (ConfUtils.java:logGet(43)) - raft.server.log.queue.element-limit = 1024 (custom)
2019-06-13 00:43:01,724 INFO  server.RaftServerConfigKeys (ConfUtils.java:logGet(43)) - raft.server.log.segment.size.max = 16384 (custom)
2019-06-13 00:43:01,724 INFO  server.RaftServerConfigKeys (ConfUtils.java:logGet(43)) - raft.server.log.preallocated.size = 16384 (custom)
2019-06-13 00:43:01,724 INFO  server.RaftServerConfigKeys (ConfUtils.java:logGet(43)) - raft.server.log.write.buffer.size = 33554432 (custom)
2019-06-13 00:43:01,724 INFO  server.RaftServerConfigKeys (ConfUtils.java:logGet(43)) - raft.server.log.force.sync.num = 128 (default)
2019-06-13 00:43:01,724 INFO  server.RaftServerConfigKeys (ConfUtils.java:logGet(43)) - raft.server.log.statemachine.data.sync = true (default)
2019-06-13 00:43:01,724 INFO  server.RaftServerConfigKeys (ConfUtils.java:logGet(43)) - raft.server.log.statemachine.data.sync.timeout = 10s (default)
2019-06-13 00:43:01,724 INFO  server.RaftServerConfigKeys (ConfUtils.java:logGet(43)) - raft.server.log.statemachine.data.sync.timeout.retry = -1 (default)
2019-06-13 00:43:01,724 INFO  server.RaftServerConfigKeys (ConfUtils.java:logGet(43)) - raft.server.log.statemachine.data.caching.enabled = true (custom)
2019-06-13 00:43:01,726 INFO  server.RaftServerConfigKeys (ConfUtils.java:logGet(43)) - raft.server.snapshot.auto.trigger.enabled = true (custom)
2019-06-13 00:43:01,726 INFO  server.RaftServerConfigKeys (ConfUtils.java:logGet(43)) - raft.server.snapshot.auto.trigger.threshold = 10000 (custom)
2019-06-13 00:43:01,726 INFO  server.RaftServerConfigKeys (ConfUtils.java:logGet(43)) - raft.server.retrycache.expirytime = 600000ms (custom)
2019-06-13 00:43:01,726 INFO  impl.RaftServerImpl (RaftServerImpl.java:start(173)) - 4e26508f-a8d3-40d9-9a73-043557518c99: start group-540EDFAFDF15
2019-06-13 00:43:01,726 INFO  impl.RaftServerImpl (RaftServerImpl.java:setRole(164)) - 4e26508f-a8d3-40d9-9a73-043557518c99:group-540EDFAFDF15 changes role from null to FOLLOWER at term 0 for startAsFollower
2019-06-13 00:43:01,727 INFO  impl.RoleInfo (RoleInfo.java:updateAndGet(143)) - 4e26508f-a8d3-40d9-9a73-043557518c99: start FollowerState
2019-06-13 00:43:01,727 INFO  util.JmxRegister (JmxRegister.java:tryRegister(44)) - Successfully registered JMX Bean with object name Ratis:service=RaftServer,group=group-540EDFAFDF15,id=4e26508f-a8d3-40d9-9a73-043557518c99
2019-06-13 00:43:01,731 INFO  pipeline.PipelineStateManager (PipelineStateManager.java:addPipeline(56)) - Created pipeline Pipeline[ Id: 6cde007a-1495-45c4-910d-540edfafdf15, Nodes: 4e26508f-a8d3-40d9-9a73-043557518c99{ip: 192.168.11.210, host: ozone-2jgsv-1065785481, networkLocation: /default-rack, certSerialId: null}, Type:RATIS, Factor:ONE, State:OPEN]
2019-06-13 00:43:01,750 INFO  impl.RaftServerProxy (RaftServerProxy.java:addNew(89)) - 34bd2fcb-f7ef-4b69-ad30-baf0b8c71beb: addNew group-D524337B2F8D:[55e1c098-8b8e-4ad4-87b7-d27bd63e2ffa:192.168.11.210:34897, 34bd2fcb-f7ef-4b69-ad30-baf0b8c71beb:192.168.11.210:36059, 4e26508f-a8d3-40d9-9a73-043557518c99:192.168.11.210:41087] returns group-D524337B2F8D:java.util.concurrent.CompletableFuture@2c84432f[Not completed]
2019-06-13 00:43:01,751 INFO  impl.RaftServerImpl (RaftServerImpl.java:<init>(91)) - 34bd2fcb-f7ef-4b69-ad30-baf0b8c71beb: new RaftServerImpl for group-D524337B2F8D:[55e1c098-8b8e-4ad4-87b7-d27bd63e2ffa:192.168.11.210:34897, 34bd2fcb-f7ef-4b69-ad30-baf0b8c71beb:192.168.11.210:36059, 4e26508f-a8d3-40d9-9a73-043557518c99:192.168.11.210:41087] with ContainerStateMachine:uninitialized
2019-06-13 00:43:01,751 INFO  server.RaftServerConfigKeys (ConfUtils.java:logGet(43)) - raft.server.rpc.timeout.min = 1s (custom)
2019-06-13 00:43:01,751 INFO  server.RaftServerConfigKeys (ConfUtils.java:logGet(43)) - raft.server.rpc.timeout.max = 1200ms (custom)
2019-06-13 00:43:01,751 INFO  server.RaftServerConfigKeys (ConfUtils.java:logGet(43)) - raft.server.rpcslowness.timeout = 10s (custom)
2019-06-13 00:43:01,751 INFO  server.RaftServerConfigKeys (ConfUtils.java:logGet(43)) - raft.server.log.appender.install.snapshot.enabled = true (default)
2019-06-13 00:43:01,751 INFO  impl.RaftServerImpl (ServerState.java:<init>(101)) - 34bd2fcb-f7ef-4b69-ad30-baf0b8c71beb:group-D524337B2F8D ConfigurationManager, init=-1: [55e1c098-8b8e-4ad4-87b7-d27bd63e2ffa:192.168.11.210:34897, 34bd2fcb-f7ef-4b69-ad30-baf0b8c71beb:192.168.11.210:36059, 4e26508f-a8d3-40d9-9a73-043557518c99:192.168.11.210:41087], old=null, confs=<EMPTY_MAP>
2019-06-13 00:43:01,752 INFO  server.RaftServerConfigKeys (ConfUtils.java:logGet(43)) - raft.server.storage.dir = [/opt/src/hadoop-ozone/integration-test/target/test-dir/MiniOzoneClusterImpl-6a794af7-f38d-49f1-8a1a-873dc60fa7fd/datanode-4/data/ratis] (custom)
2019-06-13 00:43:01,752 INFO  storage.RaftStorageDirectory (RaftStorageDirectory.java:analyzeStorage(246)) - The storage directory /opt/src/hadoop-ozone/integration-test/target/test-dir/MiniOzoneClusterImpl-6a794af7-f38d-49f1-8a1a-873dc60fa7fd/datanode-4/data/ratis/e6fcdc5a-a9ad-4fcc-889d-d524337b2f8d does not exist. Creating ...
2019-06-13 00:43:01,754 INFO  storage.RaftStorageDirectory (RaftStorageDirectory.java:tryLock(328)) - Lock on /opt/src/hadoop-ozone/integration-test/target/test-dir/MiniOzoneClusterImpl-6a794af7-f38d-49f1-8a1a-873dc60fa7fd/datanode-4/data/ratis/e6fcdc5a-a9ad-4fcc-889d-d524337b2f8d/in_use.lock acquired by nodename 9971@ozone-2jgsv-1065785481
2019-06-13 00:43:01,755 INFO  impl.RaftServerProxy (RaftServerProxy.java:addNew(89)) - 55e1c098-8b8e-4ad4-87b7-d27bd63e2ffa: addNew group-D524337B2F8D:[55e1c098-8b8e-4ad4-87b7-d27bd63e2ffa:192.168.11.210:34897, 34bd2fcb-f7ef-4b69-ad30-baf0b8c71beb:192.168.11.210:36059, 4e26508f-a8d3-40d9-9a73-043557518c99:192.168.11.210:41087] returns group-D524337B2F8D:java.util.concurrent.CompletableFuture@78fc6af8[Not completed]
2019-06-13 00:43:01,755 INFO  impl.RaftServerImpl (RaftServerImpl.java:<init>(91)) - 55e1c098-8b8e-4ad4-87b7-d27bd63e2ffa: new RaftServerImpl for group-D524337B2F8D:[55e1c098-8b8e-4ad4-87b7-d27bd63e2ffa:192.168.11.210:34897, 34bd2fcb-f7ef-4b69-ad30-baf0b8c71beb:192.168.11.210:36059, 4e26508f-a8d3-40d9-9a73-043557518c99:192.168.11.210:41087] with ContainerStateMachine:uninitialized
2019-06-13 00:43:01,755 INFO  server.RaftServerConfigKeys (ConfUtils.java:logGet(43)) - raft.server.rpc.timeout.min = 1s (custom)
2019-06-13 00:43:01,756 INFO  server.RaftServerConfigKeys (ConfUtils.java:logGet(43)) - raft.server.rpc.timeout.max = 1200ms (custom)
2019-06-13 00:43:01,756 INFO  server.RaftServerConfigKeys (ConfUtils.java:logGet(43)) - raft.server.rpcslowness.timeout = 10s (custom)
2019-06-13 00:43:01,756 INFO  server.RaftServerConfigKeys (ConfUtils.java:logGet(43)) - raft.server.log.appender.install.snapshot.enabled = true (default)
2019-06-13 00:43:01,756 INFO  impl.RaftServerImpl (ServerState.java:<init>(101)) - 55e1c098-8b8e-4ad4-87b7-d27bd63e2ffa:group-D524337B2F8D ConfigurationManager, init=-1: [55e1c098-8b8e-4ad4-87b7-d27bd63e2ffa:192.168.11.210:34897, 34bd2fcb-f7ef-4b69-ad30-baf0b8c71beb:192.168.11.210:36059, 4e26508f-a8d3-40d9-9a73-043557518c99:192.168.11.210:41087], old=null, confs=<EMPTY_MAP>
2019-06-13 00:43:01,756 INFO  server.RaftServerConfigKeys (ConfUtils.java:logGet(43)) - raft.server.storage.dir = [/opt/src/hadoop-ozone/integration-test/target/test-dir/MiniOzoneClusterImpl-6a794af7-f38d-49f1-8a1a-873dc60fa7fd/datanode-1/data/ratis] (custom)
2019-06-13 00:43:01,756 INFO  storage.RaftStorageDirectory (RaftStorageDirectory.java:analyzeStorage(246)) - The storage directory /opt/src/hadoop-ozone/integration-test/target/test-dir/MiniOzoneClusterImpl-6a794af7-f38d-49f1-8a1a-873dc60fa7fd/datanode-1/data/ratis/e6fcdc5a-a9ad-4fcc-889d-d524337b2f8d does not exist. Creating ...
2019-06-13 00:43:01,756 INFO  storage.RaftStorage (RaftStorage.java:format(75)) - Storage directory /opt/src/hadoop-ozone/integration-test/target/test-dir/MiniOzoneClusterImpl-6a794af7-f38d-49f1-8a1a-873dc60fa7fd/datanode-4/data/ratis/e6fcdc5a-a9ad-4fcc-889d-d524337b2f8d has been successfully formatted.
2019-06-13 00:43:01,756 INFO  ratis.ContainerStateMachine (ContainerStateMachine.java:loadSnapshot(199)) - The snapshot info is null.Setting the last applied index to:(t:0, i:~)
2019-06-13 00:43:01,756 INFO  server.RaftServerConfigKeys (ConfUtils.java:logGet(43)) - raft.server.leader.election.timeout = 10s (custom)
2019-06-13 00:43:01,757 INFO  server.RaftServerConfigKeys (ConfUtils.java:logGet(43)) - raft.server.log.use.memory = false (default)
2019-06-13 00:43:01,757 INFO  server.RaftServerConfigKeys (ConfUtils.java:logGet(43)) - raft.server.log.appender.buffer.byte-limit = 33554432 (custom)
2019-06-13 00:43:01,757 INFO  server.RaftServerConfigKeys (ConfUtils.java:logGet(43)) - raft.server.log.segment.size.max = 16384 (custom)
2019-06-13 00:43:01,757 INFO  server.RaftServerConfigKeys (ConfUtils.java:logGet(43)) - raft.server.log.segment.cache.num.max = 2 (custom)
2019-06-13 00:43:01,757 INFO  storage.RaftLogWorker (RaftLogWorker.java:<init>(123)) - new 34bd2fcb-f7ef-4b69-ad30-baf0b8c71beb-RaftLogWorker for Storage Directory /opt/src/hadoop-ozone/integration-test/target/test-dir/MiniOzoneClusterImpl-6a794af7-f38d-49f1-8a1a-873dc60fa7fd/datanode-4/data/ratis/e6fcdc5a-a9ad-4fcc-889d-d524337b2f8d
2019-06-13 00:43:01,757 INFO  server.RaftServerConfigKeys (ConfUtils.java:logGet(43)) - raft.server.log.queue.byte-limit = 2147483647 (custom)
2019-06-13 00:43:01,758 INFO  storage.RaftStorageDirectory (RaftStorageDirectory.java:tryLock(328)) - Lock on /opt/src/hadoop-ozone/integration-test/target/test-dir/MiniOzoneClusterImpl-6a794af7-f38d-49f1-8a1a-873dc60fa7fd/datanode-1/data/ratis/e6fcdc5a-a9ad-4fcc-889d-d524337b2f8d/in_use.lock acquired by nodename 9971@ozone-2jgsv-1065785481
2019-06-13 00:43:01,758 INFO  server.RaftServerConfigKeys (ConfUtils.java:logGet(43)) - raft.server.log.queue.element-limit = 1024 (custom)
2019-06-13 00:43:01,758 INFO  server.RaftServerConfigKeys (ConfUtils.java:logGet(43)) - raft.server.log.segment.size.max = 16384 (custom)
2019-06-13 00:43:01,758 INFO  server.RaftServerConfigKeys (ConfUtils.java:logGet(43)) - raft.server.log.preallocated.size = 16384 (custom)
2019-06-13 00:43:01,758 INFO  server.RaftServerConfigKeys (ConfUtils.java:logGet(43)) - raft.server.log.write.buffer.size = 33554432 (custom)
2019-06-13 00:43:01,758 INFO  server.RaftServerConfigKeys (ConfUtils.java:logGet(43)) - raft.server.log.force.sync.num = 128 (default)
2019-06-13 00:43:01,758 INFO  server.RaftServerConfigKeys (ConfUtils.java:logGet(43)) - raft.server.log.statemachine.data.sync = true (default)
2019-06-13 00:43:01,758 INFO  server.RaftServerConfigKeys (ConfUtils.java:logGet(43)) - raft.server.log.statemachine.data.sync.timeout = 10s (default)
2019-06-13 00:43:01,758 INFO  server.RaftServerConfigKeys (ConfUtils.java:logGet(43)) - raft.server.log.statemachine.data.sync.timeout.retry = -1 (default)
2019-06-13 00:43:01,759 INFO  server.RaftServerConfigKeys (ConfUtils.java:logGet(43)) - raft.server.log.statemachine.data.caching.enabled = true (custom)
2019-06-13 00:43:01,759 INFO  impl.RaftServerImpl (RaftServerImpl.java:<init>(91)) - 4e26508f-a8d3-40d9-9a73-043557518c99: new RaftServerImpl for group-D524337B2F8D:[55e1c098-8b8e-4ad4-87b7-d27bd63e2ffa:192.168.11.210:34897, 34bd2fcb-f7ef-4b69-ad30-baf0b8c71beb:192.168.11.210:36059, 4e26508f-a8d3-40d9-9a73-043557518c99:192.168.11.210:41087] with ContainerStateMachine:uninitialized
2019-06-13 00:43:01,759 INFO  server.RaftServerConfigKeys (ConfUtils.java:logGet(43)) - raft.server.snapshot.auto.trigger.enabled = true (custom)
2019-06-13 00:43:01,759 INFO  server.RaftServerConfigKeys (ConfUtils.java:logGet(43)) - raft.server.rpc.timeout.min = 1s (custom)
2019-06-13 00:43:01,759 INFO  server.RaftServerConfigKeys (ConfUtils.java:logGet(43)) - raft.server.snapshot.auto.trigger.threshold = 10000 (custom)
2019-06-13 00:43:01,759 INFO  server.RaftServerConfigKeys (ConfUtils.java:logGet(43)) - raft.server.rpc.timeout.max = 1200ms (custom)
2019-06-13 00:43:01,759 INFO  server.RaftServerConfigKeys (ConfUtils.java:logGet(43)) - raft.server.retrycache.expirytime = 600000ms (custom)
2019-06-13 00:43:01,759 INFO  server.RaftServerConfigKeys (ConfUtils.java:logGet(43)) - raft.server.rpcslowness.timeout = 10s (custom)
2019-06-13 00:43:01,759 INFO  impl.RaftServerImpl (RaftServerImpl.java:start(173)) - 34bd2fcb-f7ef-4b69-ad30-baf0b8c71beb: start group-D524337B2F8D
2019-06-13 00:43:01,759 INFO  server.RaftServerConfigKeys (ConfUtils.java:logGet(43)) - raft.server.log.appender.install.snapshot.enabled = true (default)
2019-06-13 00:43:01,759 INFO  impl.RaftServerImpl (RaftServerImpl.java:setRole(164)) - 34bd2fcb-f7ef-4b69-ad30-baf0b8c71beb:group-D524337B2F8D changes role from null to FOLLOWER at term 0 for startAsFollower
2019-06-13 00:43:01,760 INFO  impl.RaftServerImpl (ServerState.java:<init>(101)) - 4e26508f-a8d3-40d9-9a73-043557518c99:group-D524337B2F8D ConfigurationManager, init=-1: [55e1c098-8b8e-4ad4-87b7-d27bd63e2ffa:192.168.11.210:34897, 34bd2fcb-f7ef-4b69-ad30-baf0b8c71beb:192.168.11.210:36059, 4e26508f-a8d3-40d9-9a73-043557518c99:192.168.11.210:41087], old=null, confs=<EMPTY_MAP>
2019-06-13 00:43:01,760 INFO  impl.RoleInfo (RoleInfo.java:updateAndGet(143)) - 34bd2fcb-f7ef-4b69-ad30-baf0b8c71beb: start FollowerState
2019-06-13 00:43:01,760 INFO  server.RaftServerConfigKeys (ConfUtils.java:logGet(43)) - raft.server.storage.dir = [/opt/src/hadoop-ozone/integration-test/target/test-dir/MiniOzoneClusterImpl-6a794af7-f38d-49f1-8a1a-873dc60fa7fd/datanode-5/data/ratis] (custom)
2019-06-13 00:43:01,760 INFO  storage.RaftStorageDirectory (RaftStorageDirectory.java:analyzeStorage(246)) - The storage directory /opt/src/hadoop-ozone/integration-test/target/test-dir/MiniOzoneClusterImpl-6a794af7-f38d-49f1-8a1a-873dc60fa7fd/datanode-5/data/ratis/e6fcdc5a-a9ad-4fcc-889d-d524337b2f8d does not exist. Creating ...
2019-06-13 00:43:01,760 INFO  util.JmxRegister (JmxRegister.java:tryRegister(44)) - Successfully registered JMX Bean with object name Ratis:service=RaftServer,group=group-D524337B2F8D,id=34bd2fcb-f7ef-4b69-ad30-baf0b8c71beb
2019-06-13 00:43:01,763 INFO  impl.RaftServerProxy (RaftServerProxy.java:addNew(89)) - 4e26508f-a8d3-40d9-9a73-043557518c99: addNew group-D524337B2F8D:[55e1c098-8b8e-4ad4-87b7-d27bd63e2ffa:192.168.11.210:34897, 34bd2fcb-f7ef-4b69-ad30-baf0b8c71beb:192.168.11.210:36059, 4e26508f-a8d3-40d9-9a73-043557518c99:192.168.11.210:41087] returns group-D524337B2F8D:java.util.concurrent.CompletableFuture@2803e57a[Not completed]
2019-06-13 00:43:01,763 INFO  storage.RaftStorageDirectory (RaftStorageDirectory.java:tryLock(328)) - Lock on /opt/src/hadoop-ozone/integration-test/target/test-dir/MiniOzoneClusterImpl-6a794af7-f38d-49f1-8a1a-873dc60fa7fd/datanode-5/data/ratis/e6fcdc5a-a9ad-4fcc-889d-d524337b2f8d/in_use.lock acquired by nodename 9971@ozone-2jgsv-1065785481
2019-06-13 00:43:01,765 INFO  storage.RaftStorage (RaftStorage.java:format(75)) - Storage directory /opt/src/hadoop-ozone/integration-test/target/test-dir/MiniOzoneClusterImpl-6a794af7-f38d-49f1-8a1a-873dc60fa7fd/datanode-1/data/ratis/e6fcdc5a-a9ad-4fcc-889d-d524337b2f8d has been successfully formatted.
2019-06-13 00:43:01,765 INFO  ratis.ContainerStateMachine (ContainerStateMachine.java:loadSnapshot(199)) - The snapshot info is null.Setting the last applied index to:(t:0, i:~)
2019-06-13 00:43:01,766 INFO  server.RaftServerConfigKeys (ConfUtils.java:logGet(43)) - raft.server.leader.election.timeout = 10s (custom)
2019-06-13 00:43:01,766 INFO  server.RaftServerConfigKeys (ConfUtils.java:logGet(43)) - raft.server.log.use.memory = false (default)
2019-06-13 00:43:01,766 INFO  server.RaftServerConfigKeys (ConfUtils.java:logGet(43)) - raft.server.log.appender.buffer.byte-limit = 33554432 (custom)
2019-06-13 00:43:01,766 INFO  server.RaftServerConfigKeys (ConfUtils.java:logGet(43)) - raft.server.log.segment.size.max = 16384 (custom)
2019-06-13 00:43:01,766 INFO  server.RaftServerConfigKeys (ConfUtils.java:logGet(43)) - raft.server.log.segment.cache.num.max = 2 (custom)
2019-06-13 00:43:01,766 INFO  storage.RaftLogWorker (RaftLogWorker.java:<init>(123)) - new 55e1c098-8b8e-4ad4-87b7-d27bd63e2ffa-RaftLogWorker for Storage Directory /opt/src/hadoop-ozone/integration-test/target/test-dir/MiniOzoneClusterImpl-6a794af7-f38d-49f1-8a1a-873dc60fa7fd/datanode-1/data/ratis/e6fcdc5a-a9ad-4fcc-889d-d524337b2f8d
2019-06-13 00:43:01,766 INFO  server.RaftServerConfigKeys (ConfUtils.java:logGet(43)) - raft.server.log.queue.byte-limit = 2147483647 (custom)
2019-06-13 00:43:01,766 INFO  server.RaftServerConfigKeys (ConfUtils.java:logGet(43)) - raft.server.log.queue.element-limit = 1024 (custom)
2019-06-13 00:43:01,766 INFO  server.RaftServerConfigKeys (ConfUtils.java:logGet(43)) - raft.server.log.segment.size.max = 16384 (custom)
2019-06-13 00:43:01,767 INFO  server.RaftServerConfigKeys (ConfUtils.java:logGet(43)) - raft.server.log.preallocated.size = 16384 (custom)
2019-06-13 00:43:01,768 INFO  storage.RaftStorage (RaftStorage.java:format(75)) - Storage directory /opt/src/hadoop-ozone/integration-test/target/test-dir/MiniOzoneClusterImpl-6a794af7-f38d-49f1-8a1a-873dc60fa7fd/datanode-5/data/ratis/e6fcdc5a-a9ad-4fcc-889d-d524337b2f8d has been successfully formatted.
2019-06-13 00:43:01,768 INFO  server.RaftServerConfigKeys (ConfUtils.java:logGet(43)) - raft.server.log.write.buffer.size = 33554432 (custom)
2019-06-13 00:43:01,768 INFO  ratis.ContainerStateMachine (ContainerStateMachine.java:loadSnapshot(199)) - The snapshot info is null.Setting the last applied index to:(t:0, i:~)
2019-06-13 00:43:01,768 INFO  server.RaftServerConfigKeys (ConfUtils.java:logGet(43)) - raft.server.log.force.sync.num = 128 (default)
2019-06-13 00:43:01,769 INFO  server.RaftServerConfigKeys (ConfUtils.java:logGet(43)) - raft.server.log.statemachine.data.sync = true (default)
2019-06-13 00:43:01,769 INFO  server.RaftServerConfigKeys (ConfUtils.java:logGet(43)) - raft.server.log.statemachine.data.sync.timeout = 10s (default)
2019-06-13 00:43:01,769 INFO  server.RaftServerConfigKeys (ConfUtils.java:logGet(43)) - raft.server.log.statemachine.data.sync.timeout.retry = -1 (default)
2019-06-13 00:43:01,769 INFO  server.RaftServerConfigKeys (ConfUtils.java:logGet(43)) - raft.server.log.statemachine.data.caching.enabled = true (custom)
2019-06-13 00:43:01,768 INFO  server.RaftServerConfigKeys (ConfUtils.java:logGet(43)) - raft.server.leader.election.timeout = 10s (custom)
2019-06-13 00:43:01,769 INFO  server.RaftServerConfigKeys (ConfUtils.java:logGet(43)) - raft.server.log.use.memory = false (default)
2019-06-13 00:43:01,769 INFO  server.RaftServerConfigKeys (ConfUtils.java:logGet(43)) - raft.server.log.appender.buffer.byte-limit = 33554432 (custom)
2019-06-13 00:43:01,769 INFO  server.RaftServerConfigKeys (ConfUtils.java:logGet(43)) - raft.server.log.segment.size.max = 16384 (custom)
2019-06-13 00:43:01,770 INFO  server.RaftServerConfigKeys (ConfUtils.java:logGet(43)) - raft.server.log.segment.cache.num.max = 2 (custom)
2019-06-13 00:43:01,770 INFO  storage.RaftLogWorker (RaftLogWorker.java:<init>(123)) - new 4e26508f-a8d3-40d9-9a73-043557518c99-RaftLogWorker for Storage Directory /opt/src/hadoop-ozone/integration-test/target/test-dir/MiniOzoneClusterImpl-6a794af7-f38d-49f1-8a1a-873dc60fa7fd/datanode-5/data/ratis/e6fcdc5a-a9ad-4fcc-889d-d524337b2f8d
2019-06-13 00:43:01,770 INFO  server.RaftServerConfigKeys (ConfUtils.java:logGet(43)) - raft.server.log.queue.byte-limit = 2147483647 (custom)
2019-06-13 00:43:01,770 INFO  server.RaftServerConfigKeys (ConfUtils.java:logGet(43)) - raft.server.log.queue.element-limit = 1024 (custom)
2019-06-13 00:43:01,770 INFO  server.RaftServerConfigKeys (ConfUtils.java:logGet(43)) - raft.server.log.segment.size.max = 16384 (custom)
2019-06-13 00:43:01,770 INFO  server.RaftServerConfigKeys (ConfUtils.java:logGet(43)) - raft.server.log.preallocated.size = 16384 (custom)
2019-06-13 00:43:01,770 INFO  server.RaftServerConfigKeys (ConfUtils.java:logGet(43)) - raft.server.log.write.buffer.size = 33554432 (custom)
2019-06-13 00:43:01,770 INFO  server.RaftServerConfigKeys (ConfUtils.java:logGet(43)) - raft.server.log.force.sync.num = 128 (default)
2019-06-13 00:43:01,770 INFO  server.RaftServerConfigKeys (ConfUtils.java:logGet(43)) - raft.server.log.statemachine.data.sync = true (default)
2019-06-13 00:43:01,770 INFO  server.RaftServerConfigKeys (ConfUtils.java:logGet(43)) - raft.server.log.statemachine.data.sync.timeout = 10s (default)
2019-06-13 00:43:01,771 INFO  server.RaftServerConfigKeys (ConfUtils.java:logGet(43)) - raft.server.log.statemachine.data.sync.timeout.retry = -1 (default)
2019-06-13 00:43:01,771 INFO  server.RaftServerConfigKeys (ConfUtils.java:logGet(43)) - raft.server.snapshot.auto.trigger.enabled = true (custom)
2019-06-13 00:43:01,771 INFO  server.RaftServerConfigKeys (ConfUtils.java:logGet(43)) - raft.server.snapshot.auto.trigger.threshold = 10000 (custom)
2019-06-13 00:43:01,771 INFO  server.RaftServerConfigKeys (ConfUtils.java:logGet(43)) - raft.server.retrycache.expirytime = 600000ms (custom)
2019-06-13 00:43:01,771 INFO  impl.RaftServerImpl (RaftServerImpl.java:start(173)) - 55e1c098-8b8e-4ad4-87b7-d27bd63e2ffa: start group-D524337B2F8D
2019-06-13 00:43:01,771 INFO  impl.RaftServerImpl (RaftServerImpl.java:setRole(164)) - 55e1c098-8b8e-4ad4-87b7-d27bd63e2ffa:group-D524337B2F8D changes role from null to FOLLOWER at term 0 for startAsFollower
2019-06-13 00:43:01,771 INFO  impl.RoleInfo (RoleInfo.java:updateAndGet(143)) - 55e1c098-8b8e-4ad4-87b7-d27bd63e2ffa: start FollowerState
2019-06-13 00:43:01,772 INFO  server.RaftServerConfigKeys (ConfUtils.java:logGet(43)) - raft.server.log.statemachine.data.caching.enabled = true (custom)
2019-06-13 00:43:01,772 INFO  util.JmxRegister (JmxRegister.java:tryRegister(44)) - Successfully registered JMX Bean with object name Ratis:service=RaftServer,group=group-D524337B2F8D,id=55e1c098-8b8e-4ad4-87b7-d27bd63e2ffa
2019-06-13 00:43:01,772 INFO  server.RaftServerConfigKeys (ConfUtils.java:logGet(43)) - raft.server.snapshot.auto.trigger.enabled = true (custom)
2019-06-13 00:43:01,772 INFO  server.RaftServerConfigKeys (ConfUtils.java:logGet(43)) - raft.server.snapshot.auto.trigger.threshold = 10000 (custom)
2019-06-13 00:43:01,772 INFO  server.RaftServerConfigKeys (ConfUtils.java:logGet(43)) - raft.server.retrycache.expirytime = 600000ms (custom)
2019-06-13 00:43:01,773 INFO  impl.RaftServerImpl (RaftServerImpl.java:start(173)) - 4e26508f-a8d3-40d9-9a73-043557518c99: start group-D524337B2F8D
2019-06-13 00:43:01,773 INFO  impl.RaftServerImpl (RaftServerImpl.java:setRole(164)) - 4e26508f-a8d3-40d9-9a73-043557518c99:group-D524337B2F8D changes role from null to FOLLOWER at term 0 for startAsFollower
2019-06-13 00:43:01,773 INFO  impl.RoleInfo (RoleInfo.java:updateAndGet(143)) - 4e26508f-a8d3-40d9-9a73-043557518c99: start FollowerState
2019-06-13 00:43:01,773 INFO  util.JmxRegister (JmxRegister.java:tryRegister(44)) - Successfully registered JMX Bean with object name Ratis:service=RaftServer,group=group-D524337B2F8D,id=4e26508f-a8d3-40d9-9a73-043557518c99
2019-06-13 00:43:01,784 INFO  pipeline.PipelineStateManager (PipelineStateManager.java:addPipeline(56)) - Created pipeline Pipeline[ Id: e6fcdc5a-a9ad-4fcc-889d-d524337b2f8d, Nodes: 55e1c098-8b8e-4ad4-87b7-d27bd63e2ffa{ip: 192.168.11.210, host: ozone-2jgsv-1065785481, networkLocation: /default-rack, certSerialId: null}34bd2fcb-f7ef-4b69-ad30-baf0b8c71beb{ip: 192.168.11.210, host: ozone-2jgsv-1065785481, networkLocation: /default-rack, certSerialId: null}4e26508f-a8d3-40d9-9a73-043557518c99{ip: 192.168.11.210, host: ozone-2jgsv-1065785481, networkLocation: /default-rack, certSerialId: null}, Type:RATIS, Factor:THREE, State:OPEN]
2019-06-13 00:43:02,265 INFO  impl.FollowerState (FollowerState.java:run(101)) - a0915343-0603-4683-b5ce-c75b94c7f7da:group-7C4BA77356E2 changes to CANDIDATE, lastRpcTime:1011, electionTimeout:1011ms
2019-06-13 00:43:02,265 INFO  impl.RoleInfo (RoleInfo.java:shutdownFollowerState(121)) - a0915343-0603-4683-b5ce-c75b94c7f7da: shutdown FollowerState
2019-06-13 00:43:02,265 INFO  impl.RaftServerImpl (RaftServerImpl.java:setRole(164)) - a0915343-0603-4683-b5ce-c75b94c7f7da:group-7C4BA77356E2 changes role from FOLLOWER to CANDIDATE at term 0 for changeToCandidate
2019-06-13 00:43:02,267 INFO  impl.RoleInfo (RoleInfo.java:updateAndGet(143)) - a0915343-0603-4683-b5ce-c75b94c7f7da: start LeaderElection
2019-06-13 00:43:02,273 INFO  impl.LeaderElection (LeaderElection.java:askForVotes(181)) - a0915343-0603-4683-b5ce-c75b94c7f7da:group-7C4BA77356E2:LeaderElection1: begin an election at term 1 for -1: [a0915343-0603-4683-b5ce-c75b94c7f7da:192.168.11.210:40893], old=null
2019-06-13 00:43:02,275 INFO  impl.RoleInfo (RoleInfo.java:shutdownLeaderElection(134)) - a0915343-0603-4683-b5ce-c75b94c7f7da: shutdown LeaderElection
2019-06-13 00:43:02,275 INFO  impl.RaftServerImpl (RaftServerImpl.java:setRole(164)) - a0915343-0603-4683-b5ce-c75b94c7f7da:group-7C4BA77356E2 changes role from CANDIDATE to LEADER at term 1 for changeToLeader
2019-06-13 00:43:02,275 INFO  impl.RaftServerImpl (ServerState.java:setLeader(263)) - a0915343-0603-4683-b5ce-c75b94c7f7da:group-7C4BA77356E2 change Leader from null to a0915343-0603-4683-b5ce-c75b94c7f7da at term 1 for becomeLeader, leader elected after 1194ms
2019-06-13 00:43:02,279 INFO  server.RaftServerConfigKeys (ConfUtils.java:logGet(43)) - raft.server.staging.catchup.gap = 1000 (default)
2019-06-13 00:43:02,279 INFO  server.RaftServerConfigKeys (ConfUtils.java:logGet(43)) - raft.server.rpc.sleep.time = 25ms (default)
2019-06-13 00:43:02,281 INFO  server.RaftServerConfigKeys (ConfUtils.java:logGet(43)) - raft.server.watch.timeout = 10s (default)
2019-06-13 00:43:02,281 INFO  server.RaftServerConfigKeys (ConfUtils.java:logGet(43)) - raft.server.watch.timeout.denomination = 1s (default)
2019-06-13 00:43:02,287 INFO  impl.RoleInfo (RoleInfo.java:updateAndGet(143)) - a0915343-0603-4683-b5ce-c75b94c7f7da: start LeaderState
2019-06-13 00:43:02,301 INFO  storage.RaftLogWorker (RaftLogWorker.java:startLogSegment(298)) - a0915343-0603-4683-b5ce-c75b94c7f7da-RaftLogWorker: Starting segment from index:0
2019-06-13 00:43:02,308 INFO  impl.RaftServerImpl (ServerState.java:setRaftConf(361)) - a0915343-0603-4683-b5ce-c75b94c7f7da:group-7C4BA77356E2 set configuration 0: [a0915343-0603-4683-b5ce-c75b94c7f7da:192.168.11.210:40893], old=null at 0
2019-06-13 00:43:02,431 INFO  storage.RaftLogWorker (RaftLogWorker.java:execute(469)) - a0915343-0603-4683-b5ce-c75b94c7f7da-RaftLogWorker: created new log segment /opt/src/hadoop-ozone/integration-test/target/test-dir/MiniOzoneClusterImpl-6a794af7-f38d-49f1-8a1a-873dc60fa7fd/datanode-0/data/ratis/6d569b78-a7bd-4a56-9175-7c4ba77356e2/current/log_inprogress_0
2019-06-13 00:43:02,465 INFO  impl.FollowerState (FollowerState.java:run(101)) - 49d64b5b-1fc9-4d81-bcbd-8097c10370d4:group-2C8815314B93 changes to CANDIDATE, lastRpcTime:1054, electionTimeout:1054ms
2019-06-13 00:43:02,467 INFO  impl.RoleInfo (RoleInfo.java:shutdownFollowerState(121)) - 49d64b5b-1fc9-4d81-bcbd-8097c10370d4: shutdown FollowerState
2019-06-13 00:43:02,467 INFO  impl.RaftServerImpl (RaftServerImpl.java:setRole(164)) - 49d64b5b-1fc9-4d81-bcbd-8097c10370d4:group-2C8815314B93 changes role from FOLLOWER to CANDIDATE at term 0 for changeToCandidate
2019-06-13 00:43:02,467 INFO  impl.RoleInfo (RoleInfo.java:updateAndGet(143)) - 49d64b5b-1fc9-4d81-bcbd-8097c10370d4: start LeaderElection
2019-06-13 00:43:02,472 INFO  impl.LeaderElection (LeaderElection.java:askForVotes(181)) - 49d64b5b-1fc9-4d81-bcbd-8097c10370d4:group-2C8815314B93:LeaderElection2: begin an election at term 1 for -1: [49d64b5b-1fc9-4d81-bcbd-8097c10370d4:192.168.11.210:44985], old=null
2019-06-13 00:43:02,473 INFO  impl.RoleInfo (RoleInfo.java:shutdownLeaderElection(134)) - 49d64b5b-1fc9-4d81-bcbd-8097c10370d4: shutdown LeaderElection
2019-06-13 00:43:02,473 INFO  impl.RaftServerImpl (RaftServerImpl.java:setRole(164)) - 49d64b5b-1fc9-4d81-bcbd-8097c10370d4:group-2C8815314B93 changes role from CANDIDATE to LEADER at term 1 for changeToLeader
2019-06-13 00:43:02,473 INFO  impl.RaftServerImpl (ServerState.java:setLeader(263)) - 49d64b5b-1fc9-4d81-bcbd-8097c10370d4:group-2C8815314B93 change Leader from null to 49d64b5b-1fc9-4d81-bcbd-8097c10370d4 at term 1 for becomeLeader, leader elected after 1065ms
2019-06-13 00:43:02,474 INFO  server.RaftServerConfigKeys (ConfUtils.java:logGet(43)) - raft.server.staging.catchup.gap = 1000 (default)
2019-06-13 00:43:02,474 INFO  server.RaftServerConfigKeys (ConfUtils.java:logGet(43)) - raft.server.rpc.sleep.time = 25ms (default)
2019-06-13 00:43:02,474 INFO  server.RaftServerConfigKeys (ConfUtils.java:logGet(43)) - raft.server.watch.timeout = 10s (default)
2019-06-13 00:43:02,474 INFO  server.RaftServerConfigKeys (ConfUtils.java:logGet(43)) - raft.server.watch.timeout.denomination = 1s (default)
2019-06-13 00:43:02,475 INFO  impl.RoleInfo (RoleInfo.java:updateAndGet(143)) - 49d64b5b-1fc9-4d81-bcbd-8097c10370d4: start LeaderState
2019-06-13 00:43:02,475 INFO  storage.RaftLogWorker (RaftLogWorker.java:startLogSegment(298)) - 49d64b5b-1fc9-4d81-bcbd-8097c10370d4-RaftLogWorker: Starting segment from index:0
2019-06-13 00:43:02,475 INFO  impl.RaftServerImpl (ServerState.java:setRaftConf(361)) - 49d64b5b-1fc9-4d81-bcbd-8097c10370d4:group-2C8815314B93 set configuration 0: [49d64b5b-1fc9-4d81-bcbd-8097c10370d4:192.168.11.210:44985], old=null at 0
2019-06-13 00:43:02,492 INFO  impl.FollowerState (FollowerState.java:run(101)) - 49d64b5b-1fc9-4d81-bcbd-8097c10370d4:group-B0DBB49B5ECD changes to CANDIDATE, lastRpcTime:1025, electionTimeout:1023ms
2019-06-13 00:43:02,492 INFO  impl.FollowerState (FollowerState.java:run(101)) - 55e1c098-8b8e-4ad4-87b7-d27bd63e2ffa:group-902AF6FD9FC9 changes to CANDIDATE, lastRpcTime:1114, electionTimeout:1104ms
2019-06-13 00:43:02,492 INFO  impl.RoleInfo (RoleInfo.java:shutdownFollowerState(121)) - 49d64b5b-1fc9-4d81-bcbd-8097c10370d4: shutdown FollowerState
2019-06-13 00:43:02,492 INFO  impl.FollowerState (FollowerState.java:run(101)) - a0915343-0603-4683-b5ce-c75b94c7f7da:group-B0DBB49B5ECD changes to CANDIDATE, lastRpcTime:1022, electionTimeout:1019ms
2019-06-13 00:43:02,492 INFO  impl.FollowerState (FollowerState.java:run(101)) - 844f77e4-6f8c-46a2-b010-a900c7d693e6:group-2356A8F9C0AD changes to CANDIDATE, lastRpcTime:1170, electionTimeout:1162ms
2019-06-13 00:43:02,492 INFO  impl.RoleInfo (RoleInfo.java:shutdownFollowerState(121)) - 55e1c098-8b8e-4ad4-87b7-d27bd63e2ffa: shutdown FollowerState
2019-06-13 00:43:02,492 INFO  impl.RoleInfo (RoleInfo.java:shutdownFollowerState(121)) - 844f77e4-6f8c-46a2-b010-a900c7d693e6: shutdown FollowerState
2019-06-13 00:43:02,492 INFO  impl.RoleInfo (RoleInfo.java:shutdownFollowerState(121)) - a0915343-0603-4683-b5ce-c75b94c7f7da: shutdown FollowerState
2019-06-13 00:43:02,492 INFO  impl.RaftServerImpl (RaftServerImpl.java:setRole(164)) - 49d64b5b-1fc9-4d81-bcbd-8097c10370d4:group-B0DBB49B5ECD changes role from FOLLOWER to CANDIDATE at term 0 for changeToCandidate
2019-06-13 00:43:02,493 INFO  impl.RaftServerImpl (RaftServerImpl.java:setRole(164)) - a0915343-0603-4683-b5ce-c75b94c7f7da:group-B0DBB49B5ECD changes role from FOLLOWER to CANDIDATE at term 0 for changeToCandidate
2019-06-13 00:43:02,493 INFO  impl.RoleInfo (RoleInfo.java:updateAndGet(143)) - 49d64b5b-1fc9-4d81-bcbd-8097c10370d4: start LeaderElection
2019-06-13 00:43:02,492 INFO  impl.RaftServerImpl (RaftServerImpl.java:setRole(164)) - 844f77e4-6f8c-46a2-b010-a900c7d693e6:group-2356A8F9C0AD changes role from FOLLOWER to CANDIDATE at term 0 for changeToCandidate
2019-06-13 00:43:02,492 INFO  impl.RaftServerImpl (RaftServerImpl.java:setRole(164)) - 55e1c098-8b8e-4ad4-87b7-d27bd63e2ffa:group-902AF6FD9FC9 changes role from FOLLOWER to CANDIDATE at term 0 for changeToCandidate
2019-06-13 00:43:02,493 INFO  impl.RoleInfo (RoleInfo.java:updateAndGet(143)) - a0915343-0603-4683-b5ce-c75b94c7f7da: start LeaderElection
2019-06-13 00:43:02,493 INFO  impl.RoleInfo (RoleInfo.java:updateAndGet(143)) - 55e1c098-8b8e-4ad4-87b7-d27bd63e2ffa: start LeaderElection
2019-06-13 00:43:02,511 INFO  impl.FollowerState (FollowerState.java:run(101)) - 844f77e4-6f8c-46a2-b010-a900c7d693e6:group-B0DBB49B5ECD changes to CANDIDATE, lastRpcTime:1040, electionTimeout:1030ms
2019-06-13 00:43:02,493 INFO  impl.RoleInfo (RoleInfo.java:updateAndGet(143)) - 844f77e4-6f8c-46a2-b010-a900c7d693e6: start LeaderElection
2019-06-13 00:43:02,511 INFO  impl.RoleInfo (RoleInfo.java:shutdownFollowerState(121)) - 844f77e4-6f8c-46a2-b010-a900c7d693e6: shutdown FollowerState
2019-06-13 00:43:02,511 INFO  impl.RaftServerImpl (RaftServerImpl.java:setRole(164)) - 844f77e4-6f8c-46a2-b010-a900c7d693e6:group-B0DBB49B5ECD changes role from FOLLOWER to CANDIDATE at term 0 for changeToCandidate
2019-06-13 00:43:02,511 INFO  impl.RoleInfo (RoleInfo.java:updateAndGet(143)) - 844f77e4-6f8c-46a2-b010-a900c7d693e6: start LeaderElection
2019-06-13 00:43:02,514 INFO  storage.RaftLogWorker (RaftLogWorker.java:execute(469)) - 49d64b5b-1fc9-4d81-bcbd-8097c10370d4-RaftLogWorker: created new log segment /opt/src/hadoop-ozone/integration-test/target/test-dir/MiniOzoneClusterImpl-6a794af7-f38d-49f1-8a1a-873dc60fa7fd/datanode-3/data/ratis/1c3b3676-96fb-4e1a-91fc-2c8815314b93/current/log_inprogress_0
2019-06-13 00:43:02,516 INFO  impl.LeaderElection (LeaderElection.java:askForVotes(181)) - 49d64b5b-1fc9-4d81-bcbd-8097c10370d4:group-B0DBB49B5ECD:LeaderElection3: begin an election at term 1 for -1: [a0915343-0603-4683-b5ce-c75b94c7f7da:192.168.11.210:40893, 844f77e4-6f8c-46a2-b010-a900c7d693e6:192.168.11.210:41307, 49d64b5b-1fc9-4d81-bcbd-8097c10370d4:192.168.11.210:44985], old=null
2019-06-13 00:43:02,517 INFO  impl.LeaderElection (LeaderElection.java:askForVotes(181)) - 844f77e4-6f8c-46a2-b010-a900c7d693e6:group-2356A8F9C0AD:LeaderElection5: begin an election at term 1 for -1: [844f77e4-6f8c-46a2-b010-a900c7d693e6:192.168.11.210:41307], old=null
2019-06-13 00:43:02,517 INFO  impl.LeaderElection (LeaderElection.java:askForVotes(181)) - a0915343-0603-4683-b5ce-c75b94c7f7da:group-B0DBB49B5ECD:LeaderElection4: begin an election at term 1 for -1: [a0915343-0603-4683-b5ce-c75b94c7f7da:192.168.11.210:40893, 844f77e4-6f8c-46a2-b010-a900c7d693e6:192.168.11.210:41307, 49d64b5b-1fc9-4d81-bcbd-8097c10370d4:192.168.11.210:44985], old=null
2019-06-13 00:43:02,517 INFO  impl.RoleInfo (RoleInfo.java:shutdownLeaderElection(134)) - 844f77e4-6f8c-46a2-b010-a900c7d693e6: shutdown LeaderElection
2019-06-13 00:43:02,517 INFO  impl.RaftServerImpl (RaftServerImpl.java:setRole(164)) - 844f77e4-6f8c-46a2-b010-a900c7d693e6:group-2356A8F9C0AD changes role from CANDIDATE to LEADER at term 1 for changeToLeader
2019-06-13 00:43:02,517 INFO  impl.RaftServerImpl (ServerState.java:setLeader(263)) - 844f77e4-6f8c-46a2-b010-a900c7d693e6:group-2356A8F9C0AD change Leader from null to 844f77e4-6f8c-46a2-b010-a900c7d693e6 at term 1 for becomeLeader, leader elected after 1198ms
2019-06-13 00:43:02,518 INFO  server.RaftServerConfigKeys (ConfUtils.java:logGet(43)) - raft.server.staging.catchup.gap = 1000 (default)
2019-06-13 00:43:02,518 INFO  impl.LeaderElection (LeaderElection.java:askForVotes(181)) - 55e1c098-8b8e-4ad4-87b7-d27bd63e2ffa:group-902AF6FD9FC9:LeaderElection6: begin an election at term 1 for -1: [55e1c098-8b8e-4ad4-87b7-d27bd63e2ffa:192.168.11.210:34897], old=null
2019-06-13 00:43:02,518 INFO  server.RaftServerConfigKeys (ConfUtils.java:logGet(43)) - raft.server.rpc.sleep.time = 25ms (default)
2019-06-13 00:43:02,518 INFO  impl.RoleInfo (RoleInfo.java:shutdownLeaderElection(134)) - 55e1c098-8b8e-4ad4-87b7-d27bd63e2ffa: shutdown LeaderElection
2019-06-13 00:43:02,518 INFO  server.RaftServerConfigKeys (ConfUtils.java:logGet(43)) - raft.server.watch.timeout = 10s (default)
2019-06-13 00:43:02,518 INFO  impl.RaftServerImpl (RaftServerImpl.java:setRole(164)) - 55e1c098-8b8e-4ad4-87b7-d27bd63e2ffa:group-902AF6FD9FC9 changes role from CANDIDATE to LEADER at term 1 for changeToLeader
2019-06-13 00:43:02,518 INFO  impl.RaftServerImpl (ServerState.java:setLeader(263)) - 55e1c098-8b8e-4ad4-87b7-d27bd63e2ffa:group-902AF6FD9FC9 change Leader from null to 55e1c098-8b8e-4ad4-87b7-d27bd63e2ffa at term 1 for becomeLeader, leader elected after 1143ms
2019-06-13 00:43:02,518 INFO  server.RaftServerConfigKeys (ConfUtils.java:logGet(43)) - raft.server.watch.timeout.denomination = 1s (default)
2019-06-13 00:43:02,520 INFO  impl.RoleInfo (RoleInfo.java:updateAndGet(143)) - 844f77e4-6f8c-46a2-b010-a900c7d693e6: start LeaderState
2019-06-13 00:43:02,520 INFO  storage.RaftLogWorker (RaftLogWorker.java:startLogSegment(298)) - 844f77e4-6f8c-46a2-b010-a900c7d693e6-RaftLogWorker: Starting segment from index:0
2019-06-13 00:43:02,519 INFO  server.RaftServerConfigKeys (ConfUtils.java:logGet(43)) - raft.server.staging.catchup.gap = 1000 (default)
2019-06-13 00:43:02,520 INFO  server.RaftServerConfigKeys (ConfUtils.java:logGet(43)) - raft.server.rpc.sleep.time = 25ms (default)
2019-06-13 00:43:02,523 INFO  impl.RaftServerImpl (ServerState.java:setRaftConf(361)) - 844f77e4-6f8c-46a2-b010-a900c7d693e6:group-2356A8F9C0AD set configuration 0: [844f77e4-6f8c-46a2-b010-a900c7d693e6:192.168.11.210:41307], old=null at 0
2019-06-13 00:43:02,527 INFO  impl.LeaderElection (LeaderElection.java:askForVotes(181)) - 844f77e4-6f8c-46a2-b010-a900c7d693e6:group-B0DBB49B5ECD:LeaderElection7: begin an election at term 1 for -1: [a0915343-0603-4683-b5ce-c75b94c7f7da:192.168.11.210:40893, 844f77e4-6f8c-46a2-b010-a900c7d693e6:192.168.11.210:41307, 49d64b5b-1fc9-4d81-bcbd-8097c10370d4:192.168.11.210:44985], old=null
2019-06-13 00:43:02,529 INFO  server.RaftServerConfigKeys (ConfUtils.java:logGet(43)) - raft.server.watch.timeout = 10s (default)
2019-06-13 00:43:02,529 INFO  server.RaftServerConfigKeys (ConfUtils.java:logGet(43)) - raft.server.watch.timeout.denomination = 1s (default)
2019-06-13 00:43:02,530 INFO  impl.RoleInfo (RoleInfo.java:updateAndGet(143)) - 55e1c098-8b8e-4ad4-87b7-d27bd63e2ffa: start LeaderState
2019-06-13 00:43:02,530 INFO  storage.RaftLogWorker (RaftLogWorker.java:startLogSegment(298)) - 55e1c098-8b8e-4ad4-87b7-d27bd63e2ffa-RaftLogWorker: Starting segment from index:0
2019-06-13 00:43:02,582 INFO  impl.RaftServerImpl (ServerState.java:setRaftConf(361)) - 55e1c098-8b8e-4ad4-87b7-d27bd63e2ffa:group-902AF6FD9FC9 set configuration 0: [55e1c098-8b8e-4ad4-87b7-d27bd63e2ffa:192.168.11.210:34897], old=null at 0
2019-06-13 00:43:02,592 INFO  storage.RaftLogWorker (RaftLogWorker.java:execute(469)) - 55e1c098-8b8e-4ad4-87b7-d27bd63e2ffa-RaftLogWorker: created new log segment /opt/src/hadoop-ozone/integration-test/target/test-dir/MiniOzoneClusterImpl-6a794af7-f38d-49f1-8a1a-873dc60fa7fd/datanode-1/data/ratis/f89000c1-cebc-415c-90ab-902af6fd9fc9/current/log_inprogress_0
2019-06-13 00:43:02,592 INFO  storage.RaftLogWorker (RaftLogWorker.java:execute(469)) - 844f77e4-6f8c-46a2-b010-a900c7d693e6-RaftLogWorker: created new log segment /opt/src/hadoop-ozone/integration-test/target/test-dir/MiniOzoneClusterImpl-6a794af7-f38d-49f1-8a1a-873dc60fa7fd/datanode-2/data/ratis/6615808c-bb03-4aee-a6b3-2356a8f9c0ad/current/log_inprogress_0
2019-06-13 00:43:02,621 INFO  impl.FollowerState (FollowerState.java:run(101)) - 34bd2fcb-f7ef-4b69-ad30-baf0b8c71beb:group-03BBC9E2960E changes to CANDIDATE, lastRpcTime:1090, electionTimeout:1090ms
2019-06-13 00:43:02,621 INFO  impl.LeaderElection (LeaderElection.java:logAndReturn(56)) - 844f77e4-6f8c-46a2-b010-a900c7d693e6:group-B0DBB49B5ECD:LeaderElection7: Election REJECTED; received 2 response(s) [844f77e4-6f8c-46a2-b010-a900c7d693e6->a0915343-0603-4683-b5ce-c75b94c7f7da,false-t1, 844f77e4-6f8c-46a2-b010-a900c7d693e6->49d64b5b-1fc9-4d81-bcbd-8097c10370d4,false-t1] and 0 exception(s); 844f77e4-6f8c-46a2-b010-a900c7d693e6:t1, leader=null, voted=844f77e4-6f8c-46a2-b010-a900c7d693e6, raftlog=844f77e4-6f8c-46a2-b010-a900c7d693e6-SegmentedRaftLog:OPENED:c-1,f-1,i0, conf=-1: [a0915343-0603-4683-b5ce-c75b94c7f7da:192.168.11.210:40893, 844f77e4-6f8c-46a2-b010-a900c7d693e6:192.168.11.210:41307, 49d64b5b-1fc9-4d81-bcbd-8097c10370d4:192.168.11.210:44985], old=null
2019-06-13 00:43:02,621 INFO  impl.RoleInfo (RoleInfo.java:shutdownFollowerState(121)) - 34bd2fcb-f7ef-4b69-ad30-baf0b8c71beb: shutdown FollowerState
2019-06-13 00:43:02,621 INFO  impl.RaftServerImpl (RaftServerImpl.java:setRole(164)) - 34bd2fcb-f7ef-4b69-ad30-baf0b8c71beb:group-03BBC9E2960E changes role from FOLLOWER to CANDIDATE at term 0 for changeToCandidate
2019-06-13 00:43:02,622 INFO  impl.RoleInfo (RoleInfo.java:updateAndGet(143)) - 34bd2fcb-f7ef-4b69-ad30-baf0b8c71beb: start LeaderElection
2019-06-13 00:43:02,622 INFO  impl.RaftServerImpl (RaftServerImpl.java:setRole(164)) - 844f77e4-6f8c-46a2-b010-a900c7d693e6:group-B0DBB49B5ECD changes role from CANDIDATE to FOLLOWER at term 1 for DISCOVERED_A_NEW_TERM
2019-06-13 00:43:02,622 INFO  impl.LeaderElection (LeaderElection.java:logAndReturn(56)) - 49d64b5b-1fc9-4d81-bcbd-8097c10370d4:group-B0DBB49B5ECD:LeaderElection3: Election REJECTED; received 2 response(s) [49d64b5b-1fc9-4d81-bcbd-8097c10370d4->a0915343-0603-4683-b5ce-c75b94c7f7da,false-t1, 49d64b5b-1fc9-4d81-bcbd-8097c10370d4->844f77e4-6f8c-46a2-b010-a900c7d693e6,false-t1] and 0 exception(s); 49d64b5b-1fc9-4d81-bcbd-8097c10370d4:t1, leader=null, voted=49d64b5b-1fc9-4d81-bcbd-8097c10370d4, raftlog=49d64b5b-1fc9-4d81-bcbd-8097c10370d4-SegmentedRaftLog:OPENED:c-1,f-1,i0, conf=-1: [a0915343-0603-4683-b5ce-c75b94c7f7da:192.168.11.210:40893, 844f77e4-6f8c-46a2-b010-a900c7d693e6:192.168.11.210:41307, 49d64b5b-1fc9-4d81-bcbd-8097c10370d4:192.168.11.210:44985], old=null
2019-06-13 00:43:02,623 INFO  impl.RoleInfo (RoleInfo.java:shutdownLeaderElection(134)) - 844f77e4-6f8c-46a2-b010-a900c7d693e6: shutdown LeaderElection
2019-06-13 00:43:02,624 INFO  impl.RoleInfo (RoleInfo.java:updateAndGet(143)) - 844f77e4-6f8c-46a2-b010-a900c7d693e6: start FollowerState
2019-06-13 00:43:02,624 INFO  impl.RaftServerImpl (RaftServerImpl.java:setRole(164)) - 49d64b5b-1fc9-4d81-bcbd-8097c10370d4:group-B0DBB49B5ECD changes role from CANDIDATE to FOLLOWER at term 1 for DISCOVERED_A_NEW_TERM
2019-06-13 00:43:02,630 INFO  impl.RoleInfo (RoleInfo.java:shutdownLeaderElection(134)) - 49d64b5b-1fc9-4d81-bcbd-8097c10370d4: shutdown LeaderElection
2019-06-13 00:43:02,630 INFO  impl.RoleInfo (RoleInfo.java:updateAndGet(143)) - 49d64b5b-1fc9-4d81-bcbd-8097c10370d4: start FollowerState
2019-06-13 00:43:02,631 INFO  impl.LeaderElection (LeaderElection.java:logAndReturn(56)) - a0915343-0603-4683-b5ce-c75b94c7f7da:group-B0DBB49B5ECD:LeaderElection4: Election REJECTED; received 2 response(s) [a0915343-0603-4683-b5ce-c75b94c7f7da->844f77e4-6f8c-46a2-b010-a900c7d693e6,false-t1, a0915343-0603-4683-b5ce-c75b94c7f7da->49d64b5b-1fc9-4d81-bcbd-8097c10370d4,false-t1] and 0 exception(s); a0915343-0603-4683-b5ce-c75b94c7f7da:t1, leader=null, voted=a0915343-0603-4683-b5ce-c75b94c7f7da, raftlog=a0915343-0603-4683-b5ce-c75b94c7f7da-SegmentedRaftLog:OPENED:c-1,f-1,i0, conf=-1: [a0915343-0603-4683-b5ce-c75b94c7f7da:192.168.11.210:40893, 844f77e4-6f8c-46a2-b010-a900c7d693e6:192.168.11.210:41307, 49d64b5b-1fc9-4d81-bcbd-8097c10370d4:192.168.11.210:44985], old=null
2019-06-13 00:43:02,631 INFO  impl.RaftServerImpl (RaftServerImpl.java:setRole(164)) - a0915343-0603-4683-b5ce-c75b94c7f7da:group-B0DBB49B5ECD changes role from CANDIDATE to FOLLOWER at term 1 for DISCOVERED_A_NEW_TERM
2019-06-13 00:43:02,632 INFO  impl.RoleInfo (RoleInfo.java:shutdownLeaderElection(134)) - a0915343-0603-4683-b5ce-c75b94c7f7da: shutdown LeaderElection
2019-06-13 00:43:02,633 INFO  impl.RoleInfo (RoleInfo.java:updateAndGet(143)) - a0915343-0603-4683-b5ce-c75b94c7f7da: start FollowerState
2019-06-13 00:43:02,645 INFO  impl.LeaderElection (LeaderElection.java:askForVotes(181)) - 34bd2fcb-f7ef-4b69-ad30-baf0b8c71beb:group-03BBC9E2960E:LeaderElection8: begin an election at term 1 for -1: [34bd2fcb-f7ef-4b69-ad30-baf0b8c71beb:192.168.11.210:36059], old=null
2019-06-13 00:43:02,645 INFO  impl.RoleInfo (RoleInfo.java:shutdownLeaderElection(134)) - 34bd2fcb-f7ef-4b69-ad30-baf0b8c71beb: shutdown LeaderElection
2019-06-13 00:43:02,648 INFO  impl.RaftServerImpl (RaftServerImpl.java:setRole(164)) - 34bd2fcb-f7ef-4b69-ad30-baf0b8c71beb:group-03BBC9E2960E changes role from CANDIDATE to LEADER at term 1 for changeToLeader
2019-06-13 00:43:02,648 INFO  impl.RaftServerImpl (ServerState.java:setLeader(263)) - 34bd2fcb-f7ef-4b69-ad30-baf0b8c71beb:group-03BBC9E2960E change Leader from null to 34bd2fcb-f7ef-4b69-ad30-baf0b8c71beb at term 1 for becomeLeader, leader elected after 1120ms
2019-06-13 00:43:02,649 INFO  server.RaftServerConfigKeys (ConfUtils.java:logGet(43)) - raft.server.staging.catchup.gap = 1000 (default)
2019-06-13 00:43:02,649 INFO  server.RaftServerConfigKeys (ConfUtils.java:logGet(43)) - raft.server.rpc.sleep.time = 25ms (default)
2019-06-13 00:43:02,649 INFO  server.RaftServerConfigKeys (ConfUtils.java:logGet(43)) - raft.server.watch.timeout = 10s (default)
2019-06-13 00:43:02,649 INFO  server.RaftServerConfigKeys (ConfUtils.java:logGet(43)) - raft.server.watch.timeout.denomination = 1s (default)
2019-06-13 00:43:02,650 INFO  impl.RoleInfo (RoleInfo.java:updateAndGet(143)) - 34bd2fcb-f7ef-4b69-ad30-baf0b8c71beb: start LeaderState
2019-06-13 00:43:02,650 INFO  storage.RaftLogWorker (RaftLogWorker.java:startLogSegment(298)) - 34bd2fcb-f7ef-4b69-ad30-baf0b8c71beb-RaftLogWorker: Starting segment from index:0
2019-06-13 00:43:02,650 INFO  impl.RaftServerImpl (ServerState.java:setRaftConf(361)) - 34bd2fcb-f7ef-4b69-ad30-baf0b8c71beb:group-03BBC9E2960E set configuration 0: [34bd2fcb-f7ef-4b69-ad30-baf0b8c71beb:192.168.11.210:36059], old=null at 0
2019-06-13 00:43:02,685 INFO  storage.RaftLogWorker (RaftLogWorker.java:execute(469)) - 34bd2fcb-f7ef-4b69-ad30-baf0b8c71beb-RaftLogWorker: created new log segment /opt/src/hadoop-ozone/integration-test/target/test-dir/MiniOzoneClusterImpl-6a794af7-f38d-49f1-8a1a-873dc60fa7fd/datanode-4/data/ratis/2e0ffd73-bea0-4981-a07f-03bbc9e2960e/current/log_inprogress_0
2019-06-13 00:43:02,702 INFO  ozone.MiniOzoneClusterImpl (MiniOzoneClusterImpl.java:lambda$waitForClusterToBeReady$0(142)) - Cluster is ready. Got 6 of 6 DN Heartbeats.
]]></system-out>
    <system-err><![CDATA[ERROR StatusLogger No Log4j 2 configuration file found. Using default configuration (logging only errors to the console), or user programmatically provided configurations. Set system property 'log4j2.debug' to show Log4j 2 internal initialization logging. See https://logging.apache.org/log4j/2.x/manual/configuration.html for instructions on how to configure Log4j 2
Jun 13, 2019 12:42:56 AM com.sun.jersey.server.impl.application.WebApplicationImpl _initiate
INFO: Initiating Jersey application, version 'Jersey: 1.19 02/11/2015 03:25 AM'
Jun 13, 2019 12:42:56 AM com.sun.jersey.server.impl.application.WebApplicationImpl _initiate
INFO: Initiating Jersey application, version 'Jersey: 1.19 02/11/2015 03:25 AM'
Jun 13, 2019 12:42:56 AM com.sun.jersey.server.impl.application.WebApplicationImpl _initiate
INFO: Initiating Jersey application, version 'Jersey: 1.19 02/11/2015 03:25 AM'
Jun 13, 2019 12:42:57 AM com.sun.jersey.server.impl.application.WebApplicationImpl _initiate
INFO: Initiating Jersey application, version 'Jersey: 1.19 02/11/2015 03:25 AM'
Jun 13, 2019 12:42:57 AM com.sun.jersey.server.impl.application.WebApplicationImpl _initiate
INFO: Initiating Jersey application, version 'Jersey: 1.19 02/11/2015 03:25 AM'
Jun 13, 2019 12:42:57 AM com.sun.jersey.server.impl.application.WebApplicationImpl _initiate
INFO: Initiating Jersey application, version 'Jersey: 1.19 02/11/2015 03:25 AM'
]]></system-err>
  </testcase>
</testsuite>