<?xml version="1.0" encoding="UTF-8"?>
<testsuite xmlns:xsi="http://www.w3.org/2001/XMLSchema-instance" xsi:noNamespaceSchemaLocation="https://maven.apache.org/surefire/maven-surefire-plugin/xsd/surefire-test-report.xsd" name="org.apache.hadoop.hdds.scm.pipeline.TestNodeFailure" time="10.33" tests="1" errors="0" skipped="1" failures="0">
  <properties>
    <property name="awt.toolkit" value="sun.awt.X11.XToolkit"/>
    <property name="file.encoding.pkg" value="sun.io"/>
    <property name="java.specification.version" value="1.8"/>
    <property name="sun.cpu.isalist" value=""/>
    <property name="sun.jnu.encoding" value="UTF-8"/>
    <property name="java.class.path" value="/opt/src/hadoop-ozone/integration-test/target/test-classes:/opt/src/hadoop-ozone/integration-test/target/classes:/root/.m2/repository/org/apache/hadoop/hadoop-ozone-common/0.5.0-SNAPSHOT/hadoop-ozone-common-0.5.0-SNAPSHOT.jar:/root/.m2/repository/org/apache/commons/commons-compress/1.4.1/commons-compress-1.4.1.jar:/root/.m2/repository/org/tukaani/xz/1.0/xz-1.0.jar:/root/.m2/repository/org/apache/hadoop/hadoop-common/3.2.0/hadoop-common-3.2.0.jar:/root/.m2/repository/org/apache/hadoop/hadoop-hdfs/3.2.0/hadoop-hdfs-3.2.0.jar:/root/.m2/repository/org/apache/hadoop/hadoop-hdfs-client/3.2.0/hadoop-hdfs-client-3.2.0.jar:/root/.m2/repository/com/fasterxml/jackson/core/jackson-annotations/2.9.5/jackson-annotations-2.9.5.jar:/root/.m2/repository/org/apache/hadoop/hadoop-hdds-common/0.5.0-SNAPSHOT/hadoop-hdds-common-0.5.0-SNAPSHOT.jar:/root/.m2/repository/javax/annotation/javax.annotation-api/1.2/javax.annotation-api-1.2.jar:/root/.m2/repository/org/apache/ratis/ratis-server/0.4.0-fe2b15d-SNAPSHOT/ratis-server-0.4.0-fe2b15d-SNAPSHOT.jar:/root/.m2/repository/org/apache/ratis/ratis-thirdparty-misc/0.2.0/ratis-thirdparty-misc-0.2.0.jar:/root/.m2/repository/org/apache/ratis/ratis-proto/0.4.0-fe2b15d-SNAPSHOT/ratis-proto-0.4.0-fe2b15d-SNAPSHOT.jar:/root/.m2/repository/org/apache/ratis/ratis-common/0.4.0-fe2b15d-SNAPSHOT/ratis-common-0.4.0-fe2b15d-SNAPSHOT.jar:/root/.m2/repository/org/apache/ratis/ratis-client/0.4.0-fe2b15d-SNAPSHOT/ratis-client-0.4.0-fe2b15d-SNAPSHOT.jar:/root/.m2/repository/org/apache/ratis/ratis-netty/0.4.0-fe2b15d-SNAPSHOT/ratis-netty-0.4.0-fe2b15d-SNAPSHOT.jar:/root/.m2/repository/org/apache/ratis/ratis-grpc/0.4.0-fe2b15d-SNAPSHOT/ratis-grpc-0.4.0-fe2b15d-SNAPSHOT.jar:/root/.m2/repository/org/rocksdb/rocksdbjni/5.14.2/rocksdbjni-5.14.2.jar:/root/.m2/repository/org/apache/logging/log4j/log4j-api/2.11.0/log4j-api-2.11.0.jar:/root/.m2/repository/org/apache/logging/log4j/log4j-core/2.11.0/log4j-core-2.11.0.jar:/root/.m2/repository/com/lmax/disruptor/3.4.2/disruptor-3.4.2.jar:/root/.m2/repository/org/apache/commons/commons-pool2/2.6.0/commons-pool2-2.6.0.jar:/root/.m2/repository/org/bouncycastle/bcpkix-jdk15on/1.60/bcpkix-jdk15on-1.60.jar:/root/.m2/repository/commons-validator/commons-validator/1.6/commons-validator-1.6.jar:/root/.m2/repository/commons-digester/commons-digester/1.8.1/commons-digester-1.8.1.jar:/root/.m2/repository/io/jaegertracing/jaeger-client/0.33.1/jaeger-client-0.33.1.jar:/root/.m2/repository/io/jaegertracing/jaeger-thrift/0.33.1/jaeger-thrift-0.33.1.jar:/root/.m2/repository/org/apache/thrift/libthrift/0.11.0/libthrift-0.11.0.jar:/root/.m2/repository/com/squareup/okhttp3/okhttp/3.9.0/okhttp-3.9.0.jar:/root/.m2/repository/com/squareup/okio/okio/1.13.0/okio-1.13.0.jar:/root/.m2/repository/io/jaegertracing/jaeger-core/0.33.1/jaeger-core-0.33.1.jar:/root/.m2/repository/io/jaegertracing/jaeger-tracerresolver/0.33.1/jaeger-tracerresolver-0.33.1.jar:/root/.m2/repository/io/opentracing/contrib/opentracing-tracerresolver/0.1.5/opentracing-tracerresolver-0.1.5.jar:/root/.m2/repository/io/opentracing/opentracing-util/0.31.0/opentracing-util-0.31.0.jar:/root/.m2/repository/io/opentracing/opentracing-api/0.31.0/opentracing-api-0.31.0.jar:/root/.m2/repository/io/opentracing/opentracing-noop/0.31.0/opentracing-noop-0.31.0.jar:/root/.m2/repository/org/apache/hadoop/hadoop-hdds-server-framework/0.5.0-SNAPSHOT/hadoop-hdds-server-framework-0.5.0-SNAPSHOT.jar:/root/.m2/repository/org/apache/hadoop/hadoop-hdds-server-scm/0.5.0-SNAPSHOT/hadoop-hdds-server-scm-0.5.0-SNAPSHOT.jar:/root/.m2/repository/org/apache/hadoop/hadoop-hdds-container-service/0.5.0-SNAPSHOT/hadoop-hdds-container-service-0.5.0-SNAPSHOT.jar:/root/.m2/repository/org/apache/hadoop/hadoop-hdds-client/0.5.0-SNAPSHOT/hadoop-hdds-client-0.5.0-SNAPSHOT.jar:/root/.m2/repository/org/apache/hadoop/hadoop-hdds-tools/0.5.0-SNAPSHOT/hadoop-hdds-tools-0.5.0-SNAPSHOT.jar:/root/.m2/repository/org/apache/hadoop/hadoop-ozone-ozone-manager/0.5.0-SNAPSHOT/hadoop-ozone-ozone-manager-0.5.0-SNAPSHOT.jar:/root/.m2/repository/org/apache/hadoop/hadoop-hdds-docs/0.5.0-SNAPSHOT/hadoop-hdds-docs-0.5.0-SNAPSHOT.jar:/root/.m2/repository/org/bouncycastle/bcprov-jdk15on/1.60/bcprov-jdk15on-1.60.jar:/root/.m2/repository/org/apache/hadoop/hadoop-minikdc/3.2.0/hadoop-minikdc-3.2.0.jar:/root/.m2/repository/commons-io/commons-io/2.5/commons-io-2.5.jar:/root/.m2/repository/org/apache/kerby/kerb-simplekdc/1.0.1/kerb-simplekdc-1.0.1.jar:/root/.m2/repository/org/apache/kerby/kerb-client/1.0.1/kerb-client-1.0.1.jar:/root/.m2/repository/org/apache/kerby/kerby-config/1.0.1/kerby-config-1.0.1.jar:/root/.m2/repository/org/apache/kerby/kerb-core/1.0.1/kerb-core-1.0.1.jar:/root/.m2/repository/org/apache/kerby/kerby-pkix/1.0.1/kerby-pkix-1.0.1.jar:/root/.m2/repository/org/apache/kerby/kerby-asn1/1.0.1/kerby-asn1-1.0.1.jar:/root/.m2/repository/org/apache/kerby/kerby-util/1.0.1/kerby-util-1.0.1.jar:/root/.m2/repository/org/apache/kerby/kerb-common/1.0.1/kerb-common-1.0.1.jar:/root/.m2/repository/org/apache/kerby/kerb-crypto/1.0.1/kerb-crypto-1.0.1.jar:/root/.m2/repository/org/apache/kerby/kerb-util/1.0.1/kerb-util-1.0.1.jar:/root/.m2/repository/org/apache/kerby/token-provider/1.0.1/token-provider-1.0.1.jar:/root/.m2/repository/org/apache/kerby/kerb-admin/1.0.1/kerb-admin-1.0.1.jar:/root/.m2/repository/org/apache/kerby/kerb-server/1.0.1/kerb-server-1.0.1.jar:/root/.m2/repository/org/apache/kerby/kerb-identity/1.0.1/kerb-identity-1.0.1.jar:/root/.m2/repository/org/apache/kerby/kerby-xdr/1.0.1/kerby-xdr-1.0.1.jar:/root/.m2/repository/org/slf4j/slf4j-log4j12/1.7.25/slf4j-log4j12-1.7.25.jar:/root/.m2/repository/org/apache/hadoop/hadoop-ozone-objectstore-service/0.5.0-SNAPSHOT/hadoop-ozone-objectstore-service-0.5.0-SNAPSHOT.jar:/root/.m2/repository/org/apache/hadoop/hadoop-ozone-s3gateway/0.5.0-SNAPSHOT/hadoop-ozone-s3gateway-0.5.0-SNAPSHOT.jar:/root/.m2/repository/org/jboss/weld/servlet/weld-servlet/2.4.7.Final/weld-servlet-2.4.7.Final.jar:/root/.m2/repository/org/glassfish/jersey/containers/jersey-container-servlet-core/2.27/jersey-container-servlet-core-2.27.jar:/root/.m2/repository/org/glassfish/hk2/external/javax.inject/2.5.0-b42/javax.inject-2.5.0-b42.jar:/root/.m2/repository/org/glassfish/jersey/core/jersey-common/2.27/jersey-common-2.27.jar:/root/.m2/repository/org/glassfish/hk2/osgi-resource-locator/1.0.1/osgi-resource-locator-1.0.1.jar:/root/.m2/repository/javax/ws/rs/javax.ws.rs-api/2.1/javax.ws.rs-api-2.1.jar:/root/.m2/repository/org/glassfish/jersey/ext/cdi/jersey-cdi1x/2.27/jersey-cdi1x-2.27.jar:/root/.m2/repository/org/glassfish/jersey/inject/jersey-hk2/2.27/jersey-hk2-2.27.jar:/root/.m2/repository/org/glassfish/hk2/hk2-locator/2.5.0-b42/hk2-locator-2.5.0-b42.jar:/root/.m2/repository/org/javassist/javassist/3.22.0-CR2/javassist-3.22.0-CR2.jar:/root/.m2/repository/org/glassfish/hk2/hk2-api/2.5.0/hk2-api-2.5.0.jar:/root/.m2/repository/org/glassfish/hk2/external/jakarta.inject/2.5.0/jakarta.inject-2.5.0.jar:/root/.m2/repository/org/glassfish/hk2/hk2-utils/2.5.0/hk2-utils-2.5.0.jar:/root/.m2/repository/jakarta/annotation/jakarta.annotation-api/1.3.4/jakarta.annotation-api-1.3.4.jar:/root/.m2/repository/org/glassfish/hk2/external/aopalliance-repackaged/2.5.0/aopalliance-repackaged-2.5.0.jar:/root/.m2/repository/com/fasterxml/jackson/dataformat/jackson-dataformat-xml/2.9.0/jackson-dataformat-xml-2.9.0.jar:/root/.m2/repository/com/fasterxml/jackson/core/jackson-core/2.9.5/jackson-core-2.9.5.jar:/root/.m2/repository/com/fasterxml/jackson/module/jackson-module-jaxb-annotations/2.9.5/jackson-module-jaxb-annotations-2.9.5.jar:/root/.m2/repository/javax/enterprise/cdi-api/1.2/cdi-api-1.2.jar:/root/.m2/repository/javax/el/javax.el-api/3.0.0/javax.el-api-3.0.0.jar:/root/.m2/repository/javax/interceptor/javax.interceptor-api/1.2/javax.interceptor-api-1.2.jar:/root/.m2/repository/javax/inject/javax.inject/1/javax.inject-1.jar:/root/.m2/repository/com/sun/xml/bind/jaxb-impl/2.3.0.1/jaxb-impl-2.3.0.1.jar:/root/.m2/repository/com/sun/xml/bind/jaxb-core/2.3.0.1/jaxb-core-2.3.0.1.jar:/root/.m2/repository/javax/xml/bind/jaxb-api/2.3.0/jaxb-api-2.3.0.jar:/root/.m2/repository/javax/activation/activation/1.1.1/activation-1.1.1.jar:/root/.m2/repository/org/apache/hadoop/hadoop-ozone-csi/0.5.0-SNAPSHOT/hadoop-ozone-csi-0.5.0-SNAPSHOT.jar:/root/.m2/repository/com/google/protobuf/protobuf-java-util/3.5.1/protobuf-java-util-3.5.1.jar:/root/.m2/repository/org/apache/hadoop/hadoop-hdds-config/0.5.0-SNAPSHOT/hadoop-hdds-config-0.5.0-SNAPSHOT.jar:/root/.m2/repository/com/google/guava/guava/11.0.2/guava-11.0.2.jar:/root/.m2/repository/com/google/protobuf/protobuf-java/2.5.0/protobuf-java-2.5.0.jar:/root/.m2/repository/io/grpc/grpc-netty/1.17.1/grpc-netty-1.17.1.jar:/root/.m2/repository/io/grpc/grpc-core/1.17.1/grpc-core-1.17.1.jar:/root/.m2/repository/io/grpc/grpc-context/1.17.1/grpc-context-1.17.1.jar:/root/.m2/repository/com/google/errorprone/error_prone_annotations/2.2.0/error_prone_annotations-2.2.0.jar:/root/.m2/repository/org/codehaus/mojo/animal-sniffer-annotations/1.17/animal-sniffer-annotations-1.17.jar:/root/.m2/repository/io/opencensus/opencensus-api/0.17.0/opencensus-api-0.17.0.jar:/root/.m2/repository/io/opencensus/opencensus-contrib-grpc-metrics/0.17.0/opencensus-contrib-grpc-metrics-0.17.0.jar:/root/.m2/repository/io/netty/netty-codec-http2/4.1.30.Final/netty-codec-http2-4.1.30.Final.jar:/root/.m2/repository/io/netty/netty-codec-http/4.1.30.Final/netty-codec-http-4.1.30.Final.jar:/root/.m2/repository/io/netty/netty-codec/4.1.30.Final/netty-codec-4.1.30.Final.jar:/root/.m2/repository/io/netty/netty-handler/4.1.30.Final/netty-handler-4.1.30.Final.jar:/root/.m2/repository/io/netty/netty-handler-proxy/4.1.30.Final/netty-handler-proxy-4.1.30.Final.jar:/root/.m2/repository/io/netty/netty-codec-socks/4.1.30.Final/netty-codec-socks-4.1.30.Final.jar:/root/.m2/repository/io/netty/netty-transport-native-epoll/4.1.30.Final/netty-transport-native-epoll-4.1.30.Final.jar:/root/.m2/repository/io/netty/netty-common/4.1.30.Final/netty-common-4.1.30.Final.jar:/root/.m2/repository/io/netty/netty-buffer/4.1.30.Final/netty-buffer-4.1.30.Final.jar:/root/.m2/repository/io/netty/netty-transport/4.1.30.Final/netty-transport-4.1.30.Final.jar:/root/.m2/repository/io/netty/netty-resolver/4.1.30.Final/netty-resolver-4.1.30.Final.jar:/root/.m2/repository/io/netty/netty-transport-native-unix-common/4.1.30.Final/netty-transport-native-unix-common-4.1.30.Final.jar:/root/.m2/repository/io/grpc/grpc-protobuf/1.17.1/grpc-protobuf-1.17.1.jar:/root/.m2/repository/com/google/api/grpc/proto-google-common-protos/1.0.0/proto-google-common-protos-1.0.0.jar:/root/.m2/repository/io/grpc/grpc-protobuf-lite/1.17.1/grpc-protobuf-lite-1.17.1.jar:/root/.m2/repository/io/grpc/grpc-stub/1.17.1/grpc-stub-1.17.1.jar:/root/.m2/repository/org/apache/hadoop/hadoop-ozone-recon/0.5.0-SNAPSHOT/hadoop-ozone-recon-0.5.0-SNAPSHOT.jar:/root/.m2/repository/org/apache/hadoop/hadoop-ozone-reconcodegen/0.5.0-SNAPSHOT/hadoop-ozone-reconcodegen-0.5.0-SNAPSHOT.jar:/root/.m2/repository/com/google/inject/extensions/guice-multibindings/4.0/guice-multibindings-4.0.jar:/root/.m2/repository/com/google/inject/guice/4.0/guice-4.0.jar:/root/.m2/repository/aopalliance/aopalliance/1.0/aopalliance-1.0.jar:/root/.m2/repository/com/google/inject/extensions/guice-servlet/4.0/guice-servlet-4.0.jar:/root/.m2/repository/org/glassfish/jersey/containers/jersey-container-servlet/2.27/jersey-container-servlet-2.27.jar:/root/.m2/repository/org/glassfish/hk2/guice-bridge/2.5.0/guice-bridge-2.5.0.jar:/root/.m2/repository/org/glassfish/jersey/core/jersey-server/2.27/jersey-server-2.27.jar:/root/.m2/repository/org/glassfish/jersey/core/jersey-client/2.27/jersey-client-2.27.jar:/root/.m2/repository/org/glassfish/jersey/media/jersey-media-jaxb/2.27/jersey-media-jaxb-2.27.jar:/root/.m2/repository/javax/validation/validation-api/1.1.0.Final/validation-api-1.1.0.Final.jar:/root/.m2/repository/org/glassfish/jersey/media/jersey-media-json-jackson/2.27/jersey-media-json-jackson-2.27.jar:/root/.m2/repository/org/glassfish/jersey/ext/jersey-entity-filtering/2.27/jersey-entity-filtering-2.27.jar:/root/.m2/repository/com/google/inject/extensions/guice-assistedinject/4.0/guice-assistedinject-4.0.jar:/root/.m2/repository/org/jooq/jooq/3.11.10/jooq-3.11.10.jar:/root/.m2/repository/org/jooq/jooq-meta/3.11.10/jooq-meta-3.11.10.jar:/root/.m2/repository/org/jooq/jooq-codegen/3.11.10/jooq-codegen-3.11.10.jar:/root/.m2/repository/com/jolbox/bonecp/0.8.0.RELEASE/bonecp-0.8.0.RELEASE.jar:/root/.m2/repository/org/xerial/sqlite-jdbc/3.25.2/sqlite-jdbc-3.25.2.jar:/root/.m2/repository/org/springframework/spring-jdbc/5.1.3.RELEASE/spring-jdbc-5.1.3.RELEASE.jar:/root/.m2/repository/org/springframework/spring-beans/5.1.3.RELEASE/spring-beans-5.1.3.RELEASE.jar:/root/.m2/repository/org/springframework/spring-core/5.1.3.RELEASE/spring-core-5.1.3.RELEASE.jar:/root/.m2/repository/org/springframework/spring-jcl/5.1.3.RELEASE/spring-jcl-5.1.3.RELEASE.jar:/root/.m2/repository/org/springframework/spring-tx/5.1.3.RELEASE/spring-tx-5.1.3.RELEASE.jar:/root/.m2/repository/org/apache/hadoop/hadoop-ozone-client/0.5.0-SNAPSHOT/hadoop-ozone-client-0.5.0-SNAPSHOT.jar:/root/.m2/repository/org/apache/hadoop/hadoop-ozone-ozone-manager/0.5.0-SNAPSHOT/hadoop-ozone-ozone-manager-0.5.0-SNAPSHOT-tests.jar:/root/.m2/repository/junit/junit/4.11/junit-4.11.jar:/root/.m2/repository/org/hamcrest/hamcrest-core/1.3/hamcrest-core-1.3.jar:/root/.m2/repository/org/openjdk/jmh/jmh-core/1.19/jmh-core-1.19.jar:/root/.m2/repository/net/sf/jopt-simple/jopt-simple/4.6/jopt-simple-4.6.jar:/root/.m2/repository/org/apache/commons/commons-math3/3.1.1/commons-math3-3.1.1.jar:/root/.m2/repository/org/openjdk/jmh/jmh-generator-annprocess/1.19/jmh-generator-annprocess-1.19.jar:/root/.m2/repository/org/mockito/mockito-all/1.8.5/mockito-all-1.8.5.jar:/root/.m2/repository/org/apache/hadoop/hadoop-kms/3.2.0/hadoop-kms-3.2.0.jar:/root/.m2/repository/org/apache/hadoop/hadoop-auth/3.2.0/hadoop-auth-3.2.0.jar:/root/.m2/repository/com/nimbusds/nimbus-jose-jwt/4.41.1/nimbus-jose-jwt-4.41.1.jar:/root/.m2/repository/com/github/stephenc/jcip/jcip-annotations/1.0-1/jcip-annotations-1.0-1.jar:/root/.m2/repository/net/minidev/json-smart/2.3/json-smart-2.3.jar:/root/.m2/repository/net/minidev/accessors-smart/1.2/accessors-smart-1.2.jar:/root/.m2/repository/org/ow2/asm/asm/5.0.4/asm-5.0.4.jar:/root/.m2/repository/org/apache/curator/curator-framework/2.12.0/curator-framework-2.12.0.jar:/root/.m2/repository/com/sun/jersey/jersey-core/1.19/jersey-core-1.19.jar:/root/.m2/repository/javax/ws/rs/jsr311-api/1.1.1/jsr311-api-1.1.1.jar:/root/.m2/repository/com/sun/jersey/jersey-server/1.19/jersey-server-1.19.jar:/root/.m2/repository/javax/servlet/javax.servlet-api/3.1.0/javax.servlet-api-3.1.0.jar:/root/.m2/repository/org/eclipse/jetty/jetty-server/9.3.24.v20180605/jetty-server-9.3.24.v20180605.jar:/root/.m2/repository/org/eclipse/jetty/jetty-http/9.3.24.v20180605/jetty-http-9.3.24.v20180605.jar:/root/.m2/repository/org/eclipse/jetty/jetty-io/9.3.24.v20180605/jetty-io-9.3.24.v20180605.jar:/root/.m2/repository/org/eclipse/jetty/jetty-webapp/9.3.24.v20180605/jetty-webapp-9.3.24.v20180605.jar:/root/.m2/repository/org/eclipse/jetty/jetty-xml/9.3.24.v20180605/jetty-xml-9.3.24.v20180605.jar:/root/.m2/repository/log4j/log4j/1.2.17/log4j-1.2.17.jar:/root/.m2/repository/org/slf4j/slf4j-api/1.7.25/slf4j-api-1.7.25.jar:/root/.m2/repository/org/slf4j/jul-to-slf4j/1.7.25/jul-to-slf4j-1.7.25.jar:/root/.m2/repository/org/eclipse/jetty/jetty-util/9.3.24.v20180605/jetty-util-9.3.24.v20180605.jar:/root/.m2/repository/io/dropwizard/metrics/metrics-core/3.2.4/metrics-core-3.2.4.jar:/root/.m2/repository/com/fasterxml/jackson/core/jackson-databind/2.9.5/jackson-databind-2.9.5.jar:/root/.m2/repository/org/apache/hadoop/hadoop-kms/3.2.0/hadoop-kms-3.2.0-tests.jar:/root/.m2/repository/org/apache/hadoop/hadoop-hdds-server-scm/0.5.0-SNAPSHOT/hadoop-hdds-server-scm-0.5.0-SNAPSHOT-tests.jar:/root/.m2/repository/org/hamcrest/hamcrest-all/1.3/hamcrest-all-1.3.jar:/root/.m2/repository/info/picocli/picocli/3.9.6/picocli-3.9.6.jar:/root/.m2/repository/org/apache/hadoop/hadoop-hdds-container-service/0.5.0-SNAPSHOT/hadoop-hdds-container-service-0.5.0-SNAPSHOT-tests.jar:/root/.m2/repository/org/yaml/snakeyaml/1.16/snakeyaml-1.16.jar:/root/.m2/repository/org/apache/hadoop/hadoop-common/3.2.0/hadoop-common-3.2.0-tests.jar:/root/.m2/repository/org/apache/hadoop/hadoop-annotations/3.2.0/hadoop-annotations-3.2.0.jar:/usr/lib/jvm/java-1.8-openjdk/jre/../lib/tools.jar:/root/.m2/repository/commons-cli/commons-cli/1.2/commons-cli-1.2.jar:/root/.m2/repository/org/apache/httpcomponents/httpclient/4.5.2/httpclient-4.5.2.jar:/root/.m2/repository/org/apache/httpcomponents/httpcore/4.4.4/httpcore-4.4.4.jar:/root/.m2/repository/commons-codec/commons-codec/1.11/commons-codec-1.11.jar:/root/.m2/repository/commons-net/commons-net/3.6/commons-net-3.6.jar:/root/.m2/repository/commons-collections/commons-collections/3.2.2/commons-collections-3.2.2.jar:/root/.m2/repository/org/eclipse/jetty/jetty-servlet/9.3.24.v20180605/jetty-servlet-9.3.24.v20180605.jar:/root/.m2/repository/org/eclipse/jetty/jetty-security/9.3.24.v20180605/jetty-security-9.3.24.v20180605.jar:/root/.m2/repository/javax/servlet/jsp/jsp-api/2.1/jsp-api-2.1.jar:/root/.m2/repository/com/sun/jersey/jersey-servlet/1.19/jersey-servlet-1.19.jar:/root/.m2/repository/com/sun/jersey/jersey-json/1.19/jersey-json-1.19.jar:/root/.m2/repository/org/codehaus/jettison/jettison/1.1/jettison-1.1.jar:/root/.m2/repository/org/codehaus/jackson/jackson-core-asl/1.9.13/jackson-core-asl-1.9.13.jar:/root/.m2/repository/org/codehaus/jackson/jackson-mapper-asl/1.9.13/jackson-mapper-asl-1.9.13.jar:/root/.m2/repository/org/codehaus/jackson/jackson-jaxrs/1.9.13/jackson-jaxrs-1.9.13.jar:/root/.m2/repository/org/codehaus/jackson/jackson-xc/1.9.13/jackson-xc-1.9.13.jar:/root/.m2/repository/commons-logging/commons-logging/1.1.3/commons-logging-1.1.3.jar:/root/.m2/repository/commons-beanutils/commons-beanutils/1.9.3/commons-beanutils-1.9.3.jar:/root/.m2/repository/org/apache/commons/commons-configuration2/2.1.1/commons-configuration2-2.1.1.jar:/root/.m2/repository/org/apache/commons/commons-lang3/3.7/commons-lang3-3.7.jar:/root/.m2/repository/org/apache/commons/commons-text/1.4/commons-text-1.4.jar:/root/.m2/repository/org/apache/avro/avro/1.7.7/avro-1.7.7.jar:/root/.m2/repository/com/thoughtworks/paranamer/paranamer/2.3/paranamer-2.3.jar:/root/.m2/repository/org/xerial/snappy/snappy-java/1.0.5/snappy-java-1.0.5.jar:/root/.m2/repository/com/google/re2j/re2j/1.1/re2j-1.1.jar:/root/.m2/repository/com/google/code/gson/gson/2.2.4/gson-2.2.4.jar:/root/.m2/repository/com/jcraft/jsch/0.1.54/jsch-0.1.54.jar:/root/.m2/repository/org/apache/curator/curator-client/2.12.0/curator-client-2.12.0.jar:/root/.m2/repository/org/apache/curator/curator-recipes/2.12.0/curator-recipes-2.12.0.jar:/root/.m2/repository/com/google/code/findbugs/jsr305/3.0.0/jsr305-3.0.0.jar:/root/.m2/repository/org/apache/htrace/htrace-core4/4.1.0-incubating/htrace-core4-4.1.0-incubating.jar:/root/.m2/repository/org/apache/zookeeper/zookeeper/3.4.13/zookeeper-3.4.13.jar:/root/.m2/repository/org/apache/yetus/audience-annotations/0.5.0/audience-annotations-0.5.0.jar:/root/.m2/repository/org/codehaus/woodstox/stax2-api/3.1.4/stax2-api-3.1.4.jar:/root/.m2/repository/com/fasterxml/woodstox/woodstox-core/5.0.3/woodstox-core-5.0.3.jar:/root/.m2/repository/dnsjava/dnsjava/2.1.7/dnsjava-2.1.7.jar:/root/.m2/repository/org/apache/hadoop/hadoop-hdfs/3.2.0/hadoop-hdfs-3.2.0-tests.jar:/root/.m2/repository/org/eclipse/jetty/jetty-util-ajax/9.3.24.v20180605/jetty-util-ajax-9.3.24.v20180605.jar:/root/.m2/repository/commons-daemon/commons-daemon/1.0.13/commons-daemon-1.0.13.jar:/root/.m2/repository/io/netty/netty/3.10.5.Final/netty-3.10.5.Final.jar:/root/.m2/repository/io/netty/netty-all/4.0.52.Final/netty-all-4.0.52.Final.jar:/root/.m2/repository/org/fusesource/leveldbjni/leveldbjni-all/1.8/leveldbjni-all-1.8.jar:"/>
    <property name="java.vm.vendor" value="IcedTea"/>
    <property name="sun.arch.data.model" value="64"/>
    <property name="test.build.dir" value="/opt/src/hadoop-ozone/integration-test/target/test-dir"/>
    <property name="test.cache.data" value=""/>
    <property name="java.vendor.url" value="https://icedtea.classpath.org"/>
    <property name="user.timezone" value=""/>
    <property name="java.vm.specification.version" value="1.8"/>
    <property name="os.name" value="Linux"/>
    <property name="test.build.data" value="/opt/src/hadoop-ozone/integration-test/target/test-dir"/>
    <property name="user.country" value="US"/>
    <property name="sun.java.launcher" value="SUN_STANDARD"/>
    <property name="sun.boot.library.path" value="/usr/lib/jvm/java-1.8-openjdk/jre/lib/amd64"/>
    <property name="sun.java.command" value="/opt/src/hadoop-ozone/integration-test/target/surefire/surefirebooter7572261397472305370.jar /opt/src/hadoop-ozone/integration-test/target/surefire 2019-06-13T08-19-52_165-jvmRun1 surefire3451726460835981207tmp surefire_84402262125294977758tmp"/>
    <property name="surefire.test.class.path" value="/opt/src/hadoop-ozone/integration-test/target/test-classes:/opt/src/hadoop-ozone/integration-test/target/classes:/root/.m2/repository/org/apache/hadoop/hadoop-ozone-common/0.5.0-SNAPSHOT/hadoop-ozone-common-0.5.0-SNAPSHOT.jar:/root/.m2/repository/org/apache/commons/commons-compress/1.4.1/commons-compress-1.4.1.jar:/root/.m2/repository/org/tukaani/xz/1.0/xz-1.0.jar:/root/.m2/repository/org/apache/hadoop/hadoop-common/3.2.0/hadoop-common-3.2.0.jar:/root/.m2/repository/org/apache/hadoop/hadoop-hdfs/3.2.0/hadoop-hdfs-3.2.0.jar:/root/.m2/repository/org/apache/hadoop/hadoop-hdfs-client/3.2.0/hadoop-hdfs-client-3.2.0.jar:/root/.m2/repository/com/fasterxml/jackson/core/jackson-annotations/2.9.5/jackson-annotations-2.9.5.jar:/root/.m2/repository/org/apache/hadoop/hadoop-hdds-common/0.5.0-SNAPSHOT/hadoop-hdds-common-0.5.0-SNAPSHOT.jar:/root/.m2/repository/javax/annotation/javax.annotation-api/1.2/javax.annotation-api-1.2.jar:/root/.m2/repository/org/apache/ratis/ratis-server/0.4.0-fe2b15d-SNAPSHOT/ratis-server-0.4.0-fe2b15d-SNAPSHOT.jar:/root/.m2/repository/org/apache/ratis/ratis-thirdparty-misc/0.2.0/ratis-thirdparty-misc-0.2.0.jar:/root/.m2/repository/org/apache/ratis/ratis-proto/0.4.0-fe2b15d-SNAPSHOT/ratis-proto-0.4.0-fe2b15d-SNAPSHOT.jar:/root/.m2/repository/org/apache/ratis/ratis-common/0.4.0-fe2b15d-SNAPSHOT/ratis-common-0.4.0-fe2b15d-SNAPSHOT.jar:/root/.m2/repository/org/apache/ratis/ratis-client/0.4.0-fe2b15d-SNAPSHOT/ratis-client-0.4.0-fe2b15d-SNAPSHOT.jar:/root/.m2/repository/org/apache/ratis/ratis-netty/0.4.0-fe2b15d-SNAPSHOT/ratis-netty-0.4.0-fe2b15d-SNAPSHOT.jar:/root/.m2/repository/org/apache/ratis/ratis-grpc/0.4.0-fe2b15d-SNAPSHOT/ratis-grpc-0.4.0-fe2b15d-SNAPSHOT.jar:/root/.m2/repository/org/rocksdb/rocksdbjni/5.14.2/rocksdbjni-5.14.2.jar:/root/.m2/repository/org/apache/logging/log4j/log4j-api/2.11.0/log4j-api-2.11.0.jar:/root/.m2/repository/org/apache/logging/log4j/log4j-core/2.11.0/log4j-core-2.11.0.jar:/root/.m2/repository/com/lmax/disruptor/3.4.2/disruptor-3.4.2.jar:/root/.m2/repository/org/apache/commons/commons-pool2/2.6.0/commons-pool2-2.6.0.jar:/root/.m2/repository/org/bouncycastle/bcpkix-jdk15on/1.60/bcpkix-jdk15on-1.60.jar:/root/.m2/repository/commons-validator/commons-validator/1.6/commons-validator-1.6.jar:/root/.m2/repository/commons-digester/commons-digester/1.8.1/commons-digester-1.8.1.jar:/root/.m2/repository/io/jaegertracing/jaeger-client/0.33.1/jaeger-client-0.33.1.jar:/root/.m2/repository/io/jaegertracing/jaeger-thrift/0.33.1/jaeger-thrift-0.33.1.jar:/root/.m2/repository/org/apache/thrift/libthrift/0.11.0/libthrift-0.11.0.jar:/root/.m2/repository/com/squareup/okhttp3/okhttp/3.9.0/okhttp-3.9.0.jar:/root/.m2/repository/com/squareup/okio/okio/1.13.0/okio-1.13.0.jar:/root/.m2/repository/io/jaegertracing/jaeger-core/0.33.1/jaeger-core-0.33.1.jar:/root/.m2/repository/io/jaegertracing/jaeger-tracerresolver/0.33.1/jaeger-tracerresolver-0.33.1.jar:/root/.m2/repository/io/opentracing/contrib/opentracing-tracerresolver/0.1.5/opentracing-tracerresolver-0.1.5.jar:/root/.m2/repository/io/opentracing/opentracing-util/0.31.0/opentracing-util-0.31.0.jar:/root/.m2/repository/io/opentracing/opentracing-api/0.31.0/opentracing-api-0.31.0.jar:/root/.m2/repository/io/opentracing/opentracing-noop/0.31.0/opentracing-noop-0.31.0.jar:/root/.m2/repository/org/apache/hadoop/hadoop-hdds-server-framework/0.5.0-SNAPSHOT/hadoop-hdds-server-framework-0.5.0-SNAPSHOT.jar:/root/.m2/repository/org/apache/hadoop/hadoop-hdds-server-scm/0.5.0-SNAPSHOT/hadoop-hdds-server-scm-0.5.0-SNAPSHOT.jar:/root/.m2/repository/org/apache/hadoop/hadoop-hdds-container-service/0.5.0-SNAPSHOT/hadoop-hdds-container-service-0.5.0-SNAPSHOT.jar:/root/.m2/repository/org/apache/hadoop/hadoop-hdds-client/0.5.0-SNAPSHOT/hadoop-hdds-client-0.5.0-SNAPSHOT.jar:/root/.m2/repository/org/apache/hadoop/hadoop-hdds-tools/0.5.0-SNAPSHOT/hadoop-hdds-tools-0.5.0-SNAPSHOT.jar:/root/.m2/repository/org/apache/hadoop/hadoop-ozone-ozone-manager/0.5.0-SNAPSHOT/hadoop-ozone-ozone-manager-0.5.0-SNAPSHOT.jar:/root/.m2/repository/org/apache/hadoop/hadoop-hdds-docs/0.5.0-SNAPSHOT/hadoop-hdds-docs-0.5.0-SNAPSHOT.jar:/root/.m2/repository/org/bouncycastle/bcprov-jdk15on/1.60/bcprov-jdk15on-1.60.jar:/root/.m2/repository/org/apache/hadoop/hadoop-minikdc/3.2.0/hadoop-minikdc-3.2.0.jar:/root/.m2/repository/commons-io/commons-io/2.5/commons-io-2.5.jar:/root/.m2/repository/org/apache/kerby/kerb-simplekdc/1.0.1/kerb-simplekdc-1.0.1.jar:/root/.m2/repository/org/apache/kerby/kerb-client/1.0.1/kerb-client-1.0.1.jar:/root/.m2/repository/org/apache/kerby/kerby-config/1.0.1/kerby-config-1.0.1.jar:/root/.m2/repository/org/apache/kerby/kerb-core/1.0.1/kerb-core-1.0.1.jar:/root/.m2/repository/org/apache/kerby/kerby-pkix/1.0.1/kerby-pkix-1.0.1.jar:/root/.m2/repository/org/apache/kerby/kerby-asn1/1.0.1/kerby-asn1-1.0.1.jar:/root/.m2/repository/org/apache/kerby/kerby-util/1.0.1/kerby-util-1.0.1.jar:/root/.m2/repository/org/apache/kerby/kerb-common/1.0.1/kerb-common-1.0.1.jar:/root/.m2/repository/org/apache/kerby/kerb-crypto/1.0.1/kerb-crypto-1.0.1.jar:/root/.m2/repository/org/apache/kerby/kerb-util/1.0.1/kerb-util-1.0.1.jar:/root/.m2/repository/org/apache/kerby/token-provider/1.0.1/token-provider-1.0.1.jar:/root/.m2/repository/org/apache/kerby/kerb-admin/1.0.1/kerb-admin-1.0.1.jar:/root/.m2/repository/org/apache/kerby/kerb-server/1.0.1/kerb-server-1.0.1.jar:/root/.m2/repository/org/apache/kerby/kerb-identity/1.0.1/kerb-identity-1.0.1.jar:/root/.m2/repository/org/apache/kerby/kerby-xdr/1.0.1/kerby-xdr-1.0.1.jar:/root/.m2/repository/org/slf4j/slf4j-log4j12/1.7.25/slf4j-log4j12-1.7.25.jar:/root/.m2/repository/org/apache/hadoop/hadoop-ozone-objectstore-service/0.5.0-SNAPSHOT/hadoop-ozone-objectstore-service-0.5.0-SNAPSHOT.jar:/root/.m2/repository/org/apache/hadoop/hadoop-ozone-s3gateway/0.5.0-SNAPSHOT/hadoop-ozone-s3gateway-0.5.0-SNAPSHOT.jar:/root/.m2/repository/org/jboss/weld/servlet/weld-servlet/2.4.7.Final/weld-servlet-2.4.7.Final.jar:/root/.m2/repository/org/glassfish/jersey/containers/jersey-container-servlet-core/2.27/jersey-container-servlet-core-2.27.jar:/root/.m2/repository/org/glassfish/hk2/external/javax.inject/2.5.0-b42/javax.inject-2.5.0-b42.jar:/root/.m2/repository/org/glassfish/jersey/core/jersey-common/2.27/jersey-common-2.27.jar:/root/.m2/repository/org/glassfish/hk2/osgi-resource-locator/1.0.1/osgi-resource-locator-1.0.1.jar:/root/.m2/repository/javax/ws/rs/javax.ws.rs-api/2.1/javax.ws.rs-api-2.1.jar:/root/.m2/repository/org/glassfish/jersey/ext/cdi/jersey-cdi1x/2.27/jersey-cdi1x-2.27.jar:/root/.m2/repository/org/glassfish/jersey/inject/jersey-hk2/2.27/jersey-hk2-2.27.jar:/root/.m2/repository/org/glassfish/hk2/hk2-locator/2.5.0-b42/hk2-locator-2.5.0-b42.jar:/root/.m2/repository/org/javassist/javassist/3.22.0-CR2/javassist-3.22.0-CR2.jar:/root/.m2/repository/org/glassfish/hk2/hk2-api/2.5.0/hk2-api-2.5.0.jar:/root/.m2/repository/org/glassfish/hk2/external/jakarta.inject/2.5.0/jakarta.inject-2.5.0.jar:/root/.m2/repository/org/glassfish/hk2/hk2-utils/2.5.0/hk2-utils-2.5.0.jar:/root/.m2/repository/jakarta/annotation/jakarta.annotation-api/1.3.4/jakarta.annotation-api-1.3.4.jar:/root/.m2/repository/org/glassfish/hk2/external/aopalliance-repackaged/2.5.0/aopalliance-repackaged-2.5.0.jar:/root/.m2/repository/com/fasterxml/jackson/dataformat/jackson-dataformat-xml/2.9.0/jackson-dataformat-xml-2.9.0.jar:/root/.m2/repository/com/fasterxml/jackson/core/jackson-core/2.9.5/jackson-core-2.9.5.jar:/root/.m2/repository/com/fasterxml/jackson/module/jackson-module-jaxb-annotations/2.9.5/jackson-module-jaxb-annotations-2.9.5.jar:/root/.m2/repository/javax/enterprise/cdi-api/1.2/cdi-api-1.2.jar:/root/.m2/repository/javax/el/javax.el-api/3.0.0/javax.el-api-3.0.0.jar:/root/.m2/repository/javax/interceptor/javax.interceptor-api/1.2/javax.interceptor-api-1.2.jar:/root/.m2/repository/javax/inject/javax.inject/1/javax.inject-1.jar:/root/.m2/repository/com/sun/xml/bind/jaxb-impl/2.3.0.1/jaxb-impl-2.3.0.1.jar:/root/.m2/repository/com/sun/xml/bind/jaxb-core/2.3.0.1/jaxb-core-2.3.0.1.jar:/root/.m2/repository/javax/xml/bind/jaxb-api/2.3.0/jaxb-api-2.3.0.jar:/root/.m2/repository/javax/activation/activation/1.1.1/activation-1.1.1.jar:/root/.m2/repository/org/apache/hadoop/hadoop-ozone-csi/0.5.0-SNAPSHOT/hadoop-ozone-csi-0.5.0-SNAPSHOT.jar:/root/.m2/repository/com/google/protobuf/protobuf-java-util/3.5.1/protobuf-java-util-3.5.1.jar:/root/.m2/repository/org/apache/hadoop/hadoop-hdds-config/0.5.0-SNAPSHOT/hadoop-hdds-config-0.5.0-SNAPSHOT.jar:/root/.m2/repository/com/google/guava/guava/11.0.2/guava-11.0.2.jar:/root/.m2/repository/com/google/protobuf/protobuf-java/2.5.0/protobuf-java-2.5.0.jar:/root/.m2/repository/io/grpc/grpc-netty/1.17.1/grpc-netty-1.17.1.jar:/root/.m2/repository/io/grpc/grpc-core/1.17.1/grpc-core-1.17.1.jar:/root/.m2/repository/io/grpc/grpc-context/1.17.1/grpc-context-1.17.1.jar:/root/.m2/repository/com/google/errorprone/error_prone_annotations/2.2.0/error_prone_annotations-2.2.0.jar:/root/.m2/repository/org/codehaus/mojo/animal-sniffer-annotations/1.17/animal-sniffer-annotations-1.17.jar:/root/.m2/repository/io/opencensus/opencensus-api/0.17.0/opencensus-api-0.17.0.jar:/root/.m2/repository/io/opencensus/opencensus-contrib-grpc-metrics/0.17.0/opencensus-contrib-grpc-metrics-0.17.0.jar:/root/.m2/repository/io/netty/netty-codec-http2/4.1.30.Final/netty-codec-http2-4.1.30.Final.jar:/root/.m2/repository/io/netty/netty-codec-http/4.1.30.Final/netty-codec-http-4.1.30.Final.jar:/root/.m2/repository/io/netty/netty-codec/4.1.30.Final/netty-codec-4.1.30.Final.jar:/root/.m2/repository/io/netty/netty-handler/4.1.30.Final/netty-handler-4.1.30.Final.jar:/root/.m2/repository/io/netty/netty-handler-proxy/4.1.30.Final/netty-handler-proxy-4.1.30.Final.jar:/root/.m2/repository/io/netty/netty-codec-socks/4.1.30.Final/netty-codec-socks-4.1.30.Final.jar:/root/.m2/repository/io/netty/netty-transport-native-epoll/4.1.30.Final/netty-transport-native-epoll-4.1.30.Final.jar:/root/.m2/repository/io/netty/netty-common/4.1.30.Final/netty-common-4.1.30.Final.jar:/root/.m2/repository/io/netty/netty-buffer/4.1.30.Final/netty-buffer-4.1.30.Final.jar:/root/.m2/repository/io/netty/netty-transport/4.1.30.Final/netty-transport-4.1.30.Final.jar:/root/.m2/repository/io/netty/netty-resolver/4.1.30.Final/netty-resolver-4.1.30.Final.jar:/root/.m2/repository/io/netty/netty-transport-native-unix-common/4.1.30.Final/netty-transport-native-unix-common-4.1.30.Final.jar:/root/.m2/repository/io/grpc/grpc-protobuf/1.17.1/grpc-protobuf-1.17.1.jar:/root/.m2/repository/com/google/api/grpc/proto-google-common-protos/1.0.0/proto-google-common-protos-1.0.0.jar:/root/.m2/repository/io/grpc/grpc-protobuf-lite/1.17.1/grpc-protobuf-lite-1.17.1.jar:/root/.m2/repository/io/grpc/grpc-stub/1.17.1/grpc-stub-1.17.1.jar:/root/.m2/repository/org/apache/hadoop/hadoop-ozone-recon/0.5.0-SNAPSHOT/hadoop-ozone-recon-0.5.0-SNAPSHOT.jar:/root/.m2/repository/org/apache/hadoop/hadoop-ozone-reconcodegen/0.5.0-SNAPSHOT/hadoop-ozone-reconcodegen-0.5.0-SNAPSHOT.jar:/root/.m2/repository/com/google/inject/extensions/guice-multibindings/4.0/guice-multibindings-4.0.jar:/root/.m2/repository/com/google/inject/guice/4.0/guice-4.0.jar:/root/.m2/repository/aopalliance/aopalliance/1.0/aopalliance-1.0.jar:/root/.m2/repository/com/google/inject/extensions/guice-servlet/4.0/guice-servlet-4.0.jar:/root/.m2/repository/org/glassfish/jersey/containers/jersey-container-servlet/2.27/jersey-container-servlet-2.27.jar:/root/.m2/repository/org/glassfish/hk2/guice-bridge/2.5.0/guice-bridge-2.5.0.jar:/root/.m2/repository/org/glassfish/jersey/core/jersey-server/2.27/jersey-server-2.27.jar:/root/.m2/repository/org/glassfish/jersey/core/jersey-client/2.27/jersey-client-2.27.jar:/root/.m2/repository/org/glassfish/jersey/media/jersey-media-jaxb/2.27/jersey-media-jaxb-2.27.jar:/root/.m2/repository/javax/validation/validation-api/1.1.0.Final/validation-api-1.1.0.Final.jar:/root/.m2/repository/org/glassfish/jersey/media/jersey-media-json-jackson/2.27/jersey-media-json-jackson-2.27.jar:/root/.m2/repository/org/glassfish/jersey/ext/jersey-entity-filtering/2.27/jersey-entity-filtering-2.27.jar:/root/.m2/repository/com/google/inject/extensions/guice-assistedinject/4.0/guice-assistedinject-4.0.jar:/root/.m2/repository/org/jooq/jooq/3.11.10/jooq-3.11.10.jar:/root/.m2/repository/org/jooq/jooq-meta/3.11.10/jooq-meta-3.11.10.jar:/root/.m2/repository/org/jooq/jooq-codegen/3.11.10/jooq-codegen-3.11.10.jar:/root/.m2/repository/com/jolbox/bonecp/0.8.0.RELEASE/bonecp-0.8.0.RELEASE.jar:/root/.m2/repository/org/xerial/sqlite-jdbc/3.25.2/sqlite-jdbc-3.25.2.jar:/root/.m2/repository/org/springframework/spring-jdbc/5.1.3.RELEASE/spring-jdbc-5.1.3.RELEASE.jar:/root/.m2/repository/org/springframework/spring-beans/5.1.3.RELEASE/spring-beans-5.1.3.RELEASE.jar:/root/.m2/repository/org/springframework/spring-core/5.1.3.RELEASE/spring-core-5.1.3.RELEASE.jar:/root/.m2/repository/org/springframework/spring-jcl/5.1.3.RELEASE/spring-jcl-5.1.3.RELEASE.jar:/root/.m2/repository/org/springframework/spring-tx/5.1.3.RELEASE/spring-tx-5.1.3.RELEASE.jar:/root/.m2/repository/org/apache/hadoop/hadoop-ozone-client/0.5.0-SNAPSHOT/hadoop-ozone-client-0.5.0-SNAPSHOT.jar:/root/.m2/repository/org/apache/hadoop/hadoop-ozone-ozone-manager/0.5.0-SNAPSHOT/hadoop-ozone-ozone-manager-0.5.0-SNAPSHOT-tests.jar:/root/.m2/repository/junit/junit/4.11/junit-4.11.jar:/root/.m2/repository/org/hamcrest/hamcrest-core/1.3/hamcrest-core-1.3.jar:/root/.m2/repository/org/openjdk/jmh/jmh-core/1.19/jmh-core-1.19.jar:/root/.m2/repository/net/sf/jopt-simple/jopt-simple/4.6/jopt-simple-4.6.jar:/root/.m2/repository/org/apache/commons/commons-math3/3.1.1/commons-math3-3.1.1.jar:/root/.m2/repository/org/openjdk/jmh/jmh-generator-annprocess/1.19/jmh-generator-annprocess-1.19.jar:/root/.m2/repository/org/mockito/mockito-all/1.8.5/mockito-all-1.8.5.jar:/root/.m2/repository/org/apache/hadoop/hadoop-kms/3.2.0/hadoop-kms-3.2.0.jar:/root/.m2/repository/org/apache/hadoop/hadoop-auth/3.2.0/hadoop-auth-3.2.0.jar:/root/.m2/repository/com/nimbusds/nimbus-jose-jwt/4.41.1/nimbus-jose-jwt-4.41.1.jar:/root/.m2/repository/com/github/stephenc/jcip/jcip-annotations/1.0-1/jcip-annotations-1.0-1.jar:/root/.m2/repository/net/minidev/json-smart/2.3/json-smart-2.3.jar:/root/.m2/repository/net/minidev/accessors-smart/1.2/accessors-smart-1.2.jar:/root/.m2/repository/org/ow2/asm/asm/5.0.4/asm-5.0.4.jar:/root/.m2/repository/org/apache/curator/curator-framework/2.12.0/curator-framework-2.12.0.jar:/root/.m2/repository/com/sun/jersey/jersey-core/1.19/jersey-core-1.19.jar:/root/.m2/repository/javax/ws/rs/jsr311-api/1.1.1/jsr311-api-1.1.1.jar:/root/.m2/repository/com/sun/jersey/jersey-server/1.19/jersey-server-1.19.jar:/root/.m2/repository/javax/servlet/javax.servlet-api/3.1.0/javax.servlet-api-3.1.0.jar:/root/.m2/repository/org/eclipse/jetty/jetty-server/9.3.24.v20180605/jetty-server-9.3.24.v20180605.jar:/root/.m2/repository/org/eclipse/jetty/jetty-http/9.3.24.v20180605/jetty-http-9.3.24.v20180605.jar:/root/.m2/repository/org/eclipse/jetty/jetty-io/9.3.24.v20180605/jetty-io-9.3.24.v20180605.jar:/root/.m2/repository/org/eclipse/jetty/jetty-webapp/9.3.24.v20180605/jetty-webapp-9.3.24.v20180605.jar:/root/.m2/repository/org/eclipse/jetty/jetty-xml/9.3.24.v20180605/jetty-xml-9.3.24.v20180605.jar:/root/.m2/repository/log4j/log4j/1.2.17/log4j-1.2.17.jar:/root/.m2/repository/org/slf4j/slf4j-api/1.7.25/slf4j-api-1.7.25.jar:/root/.m2/repository/org/slf4j/jul-to-slf4j/1.7.25/jul-to-slf4j-1.7.25.jar:/root/.m2/repository/org/eclipse/jetty/jetty-util/9.3.24.v20180605/jetty-util-9.3.24.v20180605.jar:/root/.m2/repository/io/dropwizard/metrics/metrics-core/3.2.4/metrics-core-3.2.4.jar:/root/.m2/repository/com/fasterxml/jackson/core/jackson-databind/2.9.5/jackson-databind-2.9.5.jar:/root/.m2/repository/org/apache/hadoop/hadoop-kms/3.2.0/hadoop-kms-3.2.0-tests.jar:/root/.m2/repository/org/apache/hadoop/hadoop-hdds-server-scm/0.5.0-SNAPSHOT/hadoop-hdds-server-scm-0.5.0-SNAPSHOT-tests.jar:/root/.m2/repository/org/hamcrest/hamcrest-all/1.3/hamcrest-all-1.3.jar:/root/.m2/repository/info/picocli/picocli/3.9.6/picocli-3.9.6.jar:/root/.m2/repository/org/apache/hadoop/hadoop-hdds-container-service/0.5.0-SNAPSHOT/hadoop-hdds-container-service-0.5.0-SNAPSHOT-tests.jar:/root/.m2/repository/org/yaml/snakeyaml/1.16/snakeyaml-1.16.jar:/root/.m2/repository/org/apache/hadoop/hadoop-common/3.2.0/hadoop-common-3.2.0-tests.jar:/root/.m2/repository/org/apache/hadoop/hadoop-annotations/3.2.0/hadoop-annotations-3.2.0.jar:/usr/lib/jvm/java-1.8-openjdk/jre/../lib/tools.jar:/root/.m2/repository/commons-cli/commons-cli/1.2/commons-cli-1.2.jar:/root/.m2/repository/org/apache/httpcomponents/httpclient/4.5.2/httpclient-4.5.2.jar:/root/.m2/repository/org/apache/httpcomponents/httpcore/4.4.4/httpcore-4.4.4.jar:/root/.m2/repository/commons-codec/commons-codec/1.11/commons-codec-1.11.jar:/root/.m2/repository/commons-net/commons-net/3.6/commons-net-3.6.jar:/root/.m2/repository/commons-collections/commons-collections/3.2.2/commons-collections-3.2.2.jar:/root/.m2/repository/org/eclipse/jetty/jetty-servlet/9.3.24.v20180605/jetty-servlet-9.3.24.v20180605.jar:/root/.m2/repository/org/eclipse/jetty/jetty-security/9.3.24.v20180605/jetty-security-9.3.24.v20180605.jar:/root/.m2/repository/javax/servlet/jsp/jsp-api/2.1/jsp-api-2.1.jar:/root/.m2/repository/com/sun/jersey/jersey-servlet/1.19/jersey-servlet-1.19.jar:/root/.m2/repository/com/sun/jersey/jersey-json/1.19/jersey-json-1.19.jar:/root/.m2/repository/org/codehaus/jettison/jettison/1.1/jettison-1.1.jar:/root/.m2/repository/org/codehaus/jackson/jackson-core-asl/1.9.13/jackson-core-asl-1.9.13.jar:/root/.m2/repository/org/codehaus/jackson/jackson-mapper-asl/1.9.13/jackson-mapper-asl-1.9.13.jar:/root/.m2/repository/org/codehaus/jackson/jackson-jaxrs/1.9.13/jackson-jaxrs-1.9.13.jar:/root/.m2/repository/org/codehaus/jackson/jackson-xc/1.9.13/jackson-xc-1.9.13.jar:/root/.m2/repository/commons-logging/commons-logging/1.1.3/commons-logging-1.1.3.jar:/root/.m2/repository/commons-beanutils/commons-beanutils/1.9.3/commons-beanutils-1.9.3.jar:/root/.m2/repository/org/apache/commons/commons-configuration2/2.1.1/commons-configuration2-2.1.1.jar:/root/.m2/repository/org/apache/commons/commons-lang3/3.7/commons-lang3-3.7.jar:/root/.m2/repository/org/apache/commons/commons-text/1.4/commons-text-1.4.jar:/root/.m2/repository/org/apache/avro/avro/1.7.7/avro-1.7.7.jar:/root/.m2/repository/com/thoughtworks/paranamer/paranamer/2.3/paranamer-2.3.jar:/root/.m2/repository/org/xerial/snappy/snappy-java/1.0.5/snappy-java-1.0.5.jar:/root/.m2/repository/com/google/re2j/re2j/1.1/re2j-1.1.jar:/root/.m2/repository/com/google/code/gson/gson/2.2.4/gson-2.2.4.jar:/root/.m2/repository/com/jcraft/jsch/0.1.54/jsch-0.1.54.jar:/root/.m2/repository/org/apache/curator/curator-client/2.12.0/curator-client-2.12.0.jar:/root/.m2/repository/org/apache/curator/curator-recipes/2.12.0/curator-recipes-2.12.0.jar:/root/.m2/repository/com/google/code/findbugs/jsr305/3.0.0/jsr305-3.0.0.jar:/root/.m2/repository/org/apache/htrace/htrace-core4/4.1.0-incubating/htrace-core4-4.1.0-incubating.jar:/root/.m2/repository/org/apache/zookeeper/zookeeper/3.4.13/zookeeper-3.4.13.jar:/root/.m2/repository/org/apache/yetus/audience-annotations/0.5.0/audience-annotations-0.5.0.jar:/root/.m2/repository/org/codehaus/woodstox/stax2-api/3.1.4/stax2-api-3.1.4.jar:/root/.m2/repository/com/fasterxml/woodstox/woodstox-core/5.0.3/woodstox-core-5.0.3.jar:/root/.m2/repository/dnsjava/dnsjava/2.1.7/dnsjava-2.1.7.jar:/root/.m2/repository/org/apache/hadoop/hadoop-hdfs/3.2.0/hadoop-hdfs-3.2.0-tests.jar:/root/.m2/repository/org/eclipse/jetty/jetty-util-ajax/9.3.24.v20180605/jetty-util-ajax-9.3.24.v20180605.jar:/root/.m2/repository/commons-daemon/commons-daemon/1.0.13/commons-daemon-1.0.13.jar:/root/.m2/repository/io/netty/netty/3.10.5.Final/netty-3.10.5.Final.jar:/root/.m2/repository/io/netty/netty-all/4.0.52.Final/netty-all-4.0.52.Final.jar:/root/.m2/repository/org/fusesource/leveldbjni/leveldbjni-all/1.8/leveldbjni-all-1.8.jar:"/>
    <property name="sun.cpu.endian" value="little"/>
    <property name="user.home" value="/root"/>
    <property name="user.language" value="en"/>
    <property name="java.specification.vendor" value="Oracle Corporation"/>
    <property name="java.home" value="/usr/lib/jvm/java-1.8-openjdk/jre"/>
    <property name="java.security.krb5.conf" value="/opt/src/hadoop-ozone/integration-test/target/test-classes/krb5.conf"/>
    <property name="basedir" value="/opt/src/hadoop-ozone/integration-test"/>
    <property name="file.separator" value="/"/>
    <property name="line.separator" value="&#10;"/>
    <property name="java.vm.specification.vendor" value="Oracle Corporation"/>
    <property name="java.specification.name" value="Java Platform API Specification"/>
    <property name="java.awt.graphicsenv" value="sun.awt.X11GraphicsEnvironment"/>
    <property name="surefire.real.class.path" value="/opt/src/hadoop-ozone/integration-test/target/surefire/surefirebooter7572261397472305370.jar"/>
    <property name="hadoop.log.dir" value="/opt/src/hadoop-ozone/integration-test/target/log"/>
    <property name="sun.boot.class.path" value="/usr/lib/jvm/java-1.8-openjdk/jre/lib/resources.jar:/usr/lib/jvm/java-1.8-openjdk/jre/lib/rt.jar:/usr/lib/jvm/java-1.8-openjdk/jre/lib/sunrsasign.jar:/usr/lib/jvm/java-1.8-openjdk/jre/lib/jsse.jar:/usr/lib/jvm/java-1.8-openjdk/jre/lib/jce.jar:/usr/lib/jvm/java-1.8-openjdk/jre/lib/charsets.jar:/usr/lib/jvm/java-1.8-openjdk/jre/lib/jfr.jar:/usr/lib/jvm/java-1.8-openjdk/jre/classes"/>
    <property name="sun.management.compiler" value="HotSpot 64-Bit Tiered Compilers"/>
    <property name="java.runtime.version" value="1.8.0_212-b04"/>
    <property name="java.net.preferIPv4Stack" value="true"/>
    <property name="user.name" value="root"/>
    <property name="path.separator" value=":"/>
    <property name="java.security.egd" value="file:///dev/urandom"/>
    <property name="os.version" value="4.15.0-1021-aws"/>
    <property name="java.endorsed.dirs" value="/usr/lib/jvm/java-1.8-openjdk/jre/lib/endorsed"/>
    <property name="java.runtime.name" value="OpenJDK Runtime Environment"/>
    <property name="file.encoding" value="UTF-8"/>
    <property name="java.vm.name" value="OpenJDK 64-Bit Server VM"/>
    <property name="test.build.webapps" value=""/>
    <property name="localRepository" value="/root/.m2/repository"/>
    <property name="java.vendor.url.bug" value="https://icedtea.classpath.org/bugzilla"/>
    <property name="java.io.tmpdir" value="/tmp"/>
    <property name="require.test.libhadoop" value=""/>
    <property name="java.version" value="1.8.0_212"/>
    <property name="user.dir" value="/opt/src/hadoop-ozone/integration-test"/>
    <property name="os.arch" value="amd64"/>
    <property name="java.vm.specification.name" value="Java Virtual Machine Specification"/>
    <property name="test.build.classes" value="/opt/src/hadoop-ozone/integration-test/target/test-classes"/>
    <property name="java.awt.printerjob" value="sun.print.PSPrinterJob"/>
    <property name="sun.os.patch.level" value="unknown"/>
    <property name="hadoop.tmp.dir" value="/opt/src/hadoop-ozone/integration-test/target/tmp"/>
    <property name="java.library.path" value="/usr/lib/jvm/java-1.8-openjdk/jre/lib/amd64/server:/usr/lib/jvm/java-1.8-openjdk/jre/lib/amd64:/usr/lib/jvm/java-1.8-openjdk/jre/../lib/amd64:/opt/src/hadoop-ozone/integration-test/target/native/target/usr/local/lib:/opt/src/hadoop-ozone/integration-test/../../hadoop-common-project/hadoop-common/target/native/target/usr/local/lib:/usr/java/packages/lib/amd64:/usr/lib64:/lib64:/lib:/usr/lib"/>
    <property name="java.vm.info" value="mixed mode"/>
    <property name="java.vendor" value="IcedTea"/>
    <property name="java.vm.version" value="25.212-b04"/>
    <property name="java.ext.dirs" value="/usr/lib/jvm/java-1.8-openjdk/jre/lib/ext:/usr/java/packages/lib/ext"/>
    <property name="sun.io.unicode.encoding" value="UnicodeLittle"/>
    <property name="java.class.version" value="52.0"/>
  </properties>
  <testcase name="testPipelineFail" classname="org.apache.hadoop.hdds.scm.pipeline.TestNodeFailure" time="0">
    <skipped/>
    <system-out><![CDATA[2019-06-13 08:23:34,264 WARN  server.ServerUtils (ServerUtils.java:getScmDbDir(145)) - ozone.scm.db.dirs is not configured. We recommend adding this setting. Falling back to ozone.metadata.dirs instead.
2019-06-13 08:23:34,328 WARN  server.ServerUtils (ServerUtils.java:getScmDbDir(145)) - ozone.scm.db.dirs is not configured. We recommend adding this setting. Falling back to ozone.metadata.dirs instead.
2019-06-13 08:23:34,331 WARN  server.ServerUtils (ServerUtils.java:getScmDbDir(145)) - ozone.scm.db.dirs is not configured. We recommend adding this setting. Falling back to ozone.metadata.dirs instead.
2019-06-13 08:23:34,344 INFO  util.log (Log.java:initialized(192)) - Logging initialized @631ms
2019-06-13 08:23:34,424 INFO  db.DBStoreBuilder (DBStoreBuilder.java:addTable(110)) - using custom profile for table: deletedBlocks
2019-06-13 08:23:34,425 INFO  db.DBStoreBuilder (DBStoreBuilder.java:processTables(161)) - Using default column profile:DBProfile.DISK for Table:deletedBlocks
2019-06-13 08:23:34,425 INFO  db.DBStoreBuilder (DBStoreBuilder.java:addTable(110)) - using custom profile for table: validCerts
2019-06-13 08:23:34,425 INFO  db.DBStoreBuilder (DBStoreBuilder.java:processTables(161)) - Using default column profile:DBProfile.DISK for Table:validCerts
2019-06-13 08:23:34,425 INFO  db.DBStoreBuilder (DBStoreBuilder.java:addTable(110)) - using custom profile for table: revokedCerts
2019-06-13 08:23:34,426 INFO  db.DBStoreBuilder (DBStoreBuilder.java:processTables(161)) - Using default column profile:DBProfile.DISK for Table:revokedCerts
2019-06-13 08:23:34,434 INFO  db.DBStoreBuilder (DBStoreBuilder.java:addTable(110)) - using custom profile for table: default
2019-06-13 08:23:34,435 INFO  db.DBStoreBuilder (DBStoreBuilder.java:processTables(167)) - Using default column profile:DBProfile.DISK for Table:default
2019-06-13 08:23:34,436 INFO  db.DBStoreBuilder (DBStoreBuilder.java:getDbProfile(198)) - Using default options. DBProfile.DISK
2019-06-13 08:23:34,500 INFO  node.SCMNodeManager (SCMNodeManager.java:<init>(108)) - Entering startup safe mode.
2019-06-13 08:23:34,555 INFO  net.NodeSchemaLoader (NodeSchemaLoader.java:loadSchemaFromFile(125)) - Loading file from sun.misc.CompoundEnumeration@443118b0
2019-06-13 08:23:34,557 INFO  net.NodeSchemaLoader (NodeSchemaLoader.java:loadSchema(171)) - Loading network topology layer schema file
2019-06-13 08:23:34,605 WARN  server.ServerUtils (ServerUtils.java:getScmDbDir(145)) - ozone.scm.db.dirs is not configured. We recommend adding this setting. Falling back to ozone.metadata.dirs instead.
2019-06-13 08:23:34,623 INFO  pipeline.SCMPipelineManager (SCMPipelineManager.java:initializePipelineState(126)) - No pipeline exists in current db
2019-06-13 08:23:34,625 WARN  server.ServerUtils (ServerUtils.java:getScmDbDir(145)) - ozone.scm.db.dirs is not configured. We recommend adding this setting. Falling back to ozone.metadata.dirs instead.
2019-06-13 08:23:34,675 WARN  events.EventQueue (EventQueue.java:fireEvent(175)) - No event handler registered for event TypedEvent{payloadType=SafeModeStatus, name='SafeModeStatus'}
2019-06-13 08:23:34,977 INFO  ipc.CallQueueManager (CallQueueManager.java:<init>(84)) - Using callQueue: class java.util.concurrent.LinkedBlockingQueue, queueCapacity: 2000, scheduler: class org.apache.hadoop.ipc.DefaultRpcScheduler, ipcBackoff: false.
2019-06-13 08:23:35,006 INFO  ipc.Server (Server.java:run(1074)) - Starting Socket Reader #1 for port 36231
2019-06-13 08:23:35,030 INFO  ipc.CallQueueManager (CallQueueManager.java:<init>(84)) - Using callQueue: class java.util.concurrent.LinkedBlockingQueue, queueCapacity: 2000, scheduler: class org.apache.hadoop.ipc.DefaultRpcScheduler, ipcBackoff: false.
2019-06-13 08:23:35,031 INFO  ipc.Server (Server.java:run(1074)) - Starting Socket Reader #1 for port 40323
2019-06-13 08:23:35,037 INFO  ipc.CallQueueManager (CallQueueManager.java:<init>(84)) - Using callQueue: class java.util.concurrent.LinkedBlockingQueue, queueCapacity: 2000, scheduler: class org.apache.hadoop.ipc.DefaultRpcScheduler, ipcBackoff: false.
2019-06-13 08:23:35,073 INFO  ipc.Server (Server.java:run(1074)) - Starting Socket Reader #1 for port 40389
2019-06-13 08:23:35,089 INFO  hdfs.DFSUtil (DFSUtil.java:httpServerTemplateForNNAndJN(1641)) - Starting Web-server for scm at: http://0.0.0.0:0
2019-06-13 08:23:35,223 INFO  server.AuthenticationFilter (AuthenticationFilter.java:constructSecretProvider(240)) - Unable to initialize FileSignerSecretProvider, falling back to use random secrets.
2019-06-13 08:23:35,230 WARN  http.HttpRequestLog (HttpRequestLog.java:getRequestLog(97)) - Jetty request log can only be enabled using Log4j
2019-06-13 08:23:35,238 INFO  http.HttpServer2 (HttpServer2.java:addGlobalFilter(975)) - Added global filter 'safety' (class=org.apache.hadoop.http.HttpServer2$QuotingInputFilter)
2019-06-13 08:23:35,241 INFO  http.HttpServer2 (HttpServer2.java:addFilter(948)) - Added filter static_user_filter (class=org.apache.hadoop.http.lib.StaticUserWebFilter$StaticUserFilter) to context scm
2019-06-13 08:23:35,241 INFO  http.HttpServer2 (HttpServer2.java:addFilter(958)) - Added filter static_user_filter (class=org.apache.hadoop.http.lib.StaticUserWebFilter$StaticUserFilter) to context logs
2019-06-13 08:23:35,241 INFO  http.HttpServer2 (HttpServer2.java:addFilter(958)) - Added filter static_user_filter (class=org.apache.hadoop.http.lib.StaticUserWebFilter$StaticUserFilter) to context static
2019-06-13 08:23:35,265 INFO  server.StorageContainerManager (StorageContainerManager.java:start(752)) - StorageContainerLocationProtocol RPC server is listening at /0.0.0.0:40389
2019-06-13 08:23:35,306 WARN  impl.MetricsConfig (MetricsConfig.java:loadFirst(134)) - Cannot locate configuration: tried hadoop-metrics2-storagecontainermanager.properties,hadoop-metrics2.properties
2019-06-13 08:23:35,315 INFO  impl.MetricsSystemImpl (MetricsSystemImpl.java:startTimer(374)) - Scheduled Metric snapshot period at 10 second(s).
2019-06-13 08:23:35,316 INFO  impl.MetricsSystemImpl (MetricsSystemImpl.java:start(191)) - StorageContainerManager metrics system started
2019-06-13 08:23:35,474 INFO  server.SCMClientProtocolServer (SCMClientProtocolServer.java:start(149)) - RPC server for Client  is listening at /0.0.0.0:40389
2019-06-13 08:23:35,474 INFO  ipc.Server (Server.java:run(1314)) - IPC Server Responder: starting
2019-06-13 08:23:35,476 INFO  ipc.Server (Server.java:run(1153)) - IPC Server listener on 40389: starting
2019-06-13 08:23:35,478 INFO  server.StorageContainerManager (StorageContainerManager.java:start(761)) - ScmBlockLocationProtocol RPC server is listening at /0.0.0.0:40323
2019-06-13 08:23:35,478 INFO  server.SCMBlockProtocolServer (SCMBlockProtocolServer.java:start(137)) - RPC server for Block Protocol is listening at /0.0.0.0:40323
2019-06-13 08:23:35,478 INFO  ipc.Server (Server.java:run(1314)) - IPC Server Responder: starting
2019-06-13 08:23:35,478 INFO  ipc.Server (Server.java:run(1153)) - IPC Server listener on 40323: starting
2019-06-13 08:23:35,480 INFO  server.StorageContainerManager (StorageContainerManager.java:start(765)) - ScmDatanodeProtocl RPC server is listening at /0.0.0.0:36231
2019-06-13 08:23:35,480 INFO  server.SCMDatanodeProtocolServer (SCMDatanodeProtocolServer.java:start(191)) - RPC server for DataNodes is listening at /0.0.0.0:36231
2019-06-13 08:23:35,480 INFO  ipc.Server (Server.java:run(1314)) - IPC Server Responder: starting
2019-06-13 08:23:35,480 INFO  ipc.Server (Server.java:run(1153)) - IPC Server listener on 36231: starting
2019-06-13 08:23:35,483 INFO  http.HttpServer2 (HttpServer2.java:bindListener(1191)) - Jetty bound to port 46219
2019-06-13 08:23:35,484 INFO  server.Server (Server.java:doStart(351)) - jetty-9.3.24.v20180605, build timestamp: 2018-06-05T17:11:56Z, git hash: 84205aa28f11a4f31f2a3b86d1bba2cc8ab69827
2019-06-13 08:23:35,512 INFO  handler.ContextHandler (ContextHandler.java:doStart(781)) - Started o.e.j.s.ServletContextHandler@2df6226d{/logs,file:///opt/src/hadoop-ozone/integration-test/target/log,AVAILABLE}
2019-06-13 08:23:35,512 INFO  handler.ContextHandler (ContextHandler.java:doStart(781)) - Started o.e.j.s.ServletContextHandler@4ff4357f{/static,file:///opt/src/hadoop-ozone/integration-test/target/test-classes/webapps/static,AVAILABLE}
2019-06-13 08:23:35,537 INFO  handler.ContextHandler (ContextHandler.java:doStart(781)) - Started o.e.j.w.WebAppContext@2484f433{/,file:///opt/src/hadoop-ozone/integration-test/target/test-classes/webapps/scm/,AVAILABLE}{/scm}
2019-06-13 08:23:35,541 INFO  server.AbstractConnector (AbstractConnector.java:doStart(278)) - Started ServerConnector@841e575{HTTP/1.1,[http/1.1]}{0.0.0.0:46219}
2019-06-13 08:23:35,542 INFO  server.Server (Server.java:doStart(419)) - Started @1829ms
2019-06-13 08:23:35,542 INFO  server.BaseHttpServer (BaseHttpServer.java:updateConnectorAddress(207)) - HTTP server of SCM is listening at http://0.0.0.0:46219
2019-06-13 08:23:35,550 INFO  util.JvmPauseMonitor (JvmPauseMonitor.java:run(188)) - Starting JVM pause monitor
2019-06-13 08:23:35,554 WARN  scm.ScmUtils (ScmUtils.java:getDBPath(63)) - ozone.om.db.dirs is not configured. We recommend adding this setting. Falling back to ozone.metadata.dirs instead.
2019-06-13 08:23:35,630 WARN  scm.ScmUtils (ScmUtils.java:getDBPath(63)) - ozone.om.db.dirs is not configured. We recommend adding this setting. Falling back to ozone.metadata.dirs instead.
2019-06-13 08:23:35,631 INFO  om.OzoneManager (OzoneManager.java:setOMNodeDetails(519)) - OM Service ID is not set. Setting it to the default ID: omServiceIdDefault
2019-06-13 08:23:35,631 INFO  om.OzoneManager (OzoneManager.java:setOMNodeDetails(525)) - OM Node ID is not set. Setting it to the OmStorage's OmID: 05e5c3e8-fe48-4b87-8e58-e8a1e7650ab0
2019-06-13 08:23:35,633 WARN  scm.HddsServerUtil (HddsServerUtil.java:getDefaultRatisDirectory(354)) - Storage directory for Ratis is not configured. It is a good idea to map this to an SSD disk. Falling back to ozone.metadata.dirs
2019-06-13 08:23:35,633 WARN  scm.HddsServerUtil (HddsServerUtil.java:getDefaultRatisDirectory(354)) - Storage directory for Ratis is not configured. It is a good idea to map this to an SSD disk. Falling back to ozone.metadata.dirs
2019-06-13 08:23:35,633 INFO  om.OzoneManager (OzoneManager.java:loadOMHAConfigs(476)) - Found matching OM address with OMServiceId: null, OMNodeId: null, RPC Address: localhost:0 and Ratis port: 9872
2019-06-13 08:23:35,805 WARN  scm.ScmUtils (ScmUtils.java:getDBPath(63)) - ozone.om.db.dirs is not configured. We recommend adding this setting. Falling back to ozone.metadata.dirs instead.
2019-06-13 08:23:35,812 INFO  db.DBStoreBuilder (DBStoreBuilder.java:addTable(110)) - using custom profile for table: userTable
2019-06-13 08:23:35,813 INFO  db.DBStoreBuilder (DBStoreBuilder.java:processTables(161)) - Using default column profile:DBProfile.DISK for Table:userTable
2019-06-13 08:23:35,813 INFO  db.DBStoreBuilder (DBStoreBuilder.java:addTable(110)) - using custom profile for table: volumeTable
2019-06-13 08:23:35,813 INFO  db.DBStoreBuilder (DBStoreBuilder.java:processTables(161)) - Using default column profile:DBProfile.DISK for Table:volumeTable
2019-06-13 08:23:35,813 INFO  db.DBStoreBuilder (DBStoreBuilder.java:addTable(110)) - using custom profile for table: bucketTable
2019-06-13 08:23:35,814 INFO  db.DBStoreBuilder (DBStoreBuilder.java:processTables(161)) - Using default column profile:DBProfile.DISK for Table:bucketTable
2019-06-13 08:23:35,814 INFO  db.DBStoreBuilder (DBStoreBuilder.java:addTable(110)) - using custom profile for table: keyTable
2019-06-13 08:23:35,814 INFO  db.DBStoreBuilder (DBStoreBuilder.java:processTables(161)) - Using default column profile:DBProfile.DISK for Table:keyTable
2019-06-13 08:23:35,814 INFO  db.DBStoreBuilder (DBStoreBuilder.java:addTable(110)) - using custom profile for table: deletedTable
2019-06-13 08:23:35,815 INFO  db.DBStoreBuilder (DBStoreBuilder.java:processTables(161)) - Using default column profile:DBProfile.DISK for Table:deletedTable
2019-06-13 08:23:35,815 INFO  db.DBStoreBuilder (DBStoreBuilder.java:addTable(110)) - using custom profile for table: openKeyTable
2019-06-13 08:23:35,815 INFO  db.DBStoreBuilder (DBStoreBuilder.java:processTables(161)) - Using default column profile:DBProfile.DISK for Table:openKeyTable
2019-06-13 08:23:35,815 INFO  db.DBStoreBuilder (DBStoreBuilder.java:addTable(110)) - using custom profile for table: s3Table
2019-06-13 08:23:35,816 INFO  db.DBStoreBuilder (DBStoreBuilder.java:processTables(161)) - Using default column profile:DBProfile.DISK for Table:s3Table
2019-06-13 08:23:35,816 INFO  db.DBStoreBuilder (DBStoreBuilder.java:addTable(110)) - using custom profile for table: multipartInfoTable
2019-06-13 08:23:35,816 INFO  db.DBStoreBuilder (DBStoreBuilder.java:processTables(161)) - Using default column profile:DBProfile.DISK for Table:multipartInfoTable
2019-06-13 08:23:35,816 INFO  db.DBStoreBuilder (DBStoreBuilder.java:addTable(110)) - using custom profile for table: dTokenTable
2019-06-13 08:23:35,817 INFO  db.DBStoreBuilder (DBStoreBuilder.java:processTables(161)) - Using default column profile:DBProfile.DISK for Table:dTokenTable
2019-06-13 08:23:35,817 INFO  db.DBStoreBuilder (DBStoreBuilder.java:addTable(110)) - using custom profile for table: s3SecretTable
2019-06-13 08:23:35,817 INFO  db.DBStoreBuilder (DBStoreBuilder.java:processTables(161)) - Using default column profile:DBProfile.DISK for Table:s3SecretTable
2019-06-13 08:23:35,817 INFO  db.DBStoreBuilder (DBStoreBuilder.java:addTable(110)) - using custom profile for table: prefixTable
2019-06-13 08:23:35,818 INFO  db.DBStoreBuilder (DBStoreBuilder.java:processTables(161)) - Using default column profile:DBProfile.DISK for Table:prefixTable
2019-06-13 08:23:35,818 INFO  db.DBStoreBuilder (DBStoreBuilder.java:addTable(110)) - using custom profile for table: default
2019-06-13 08:23:35,818 INFO  db.DBStoreBuilder (DBStoreBuilder.java:processTables(167)) - Using default column profile:DBProfile.DISK for Table:default
2019-06-13 08:23:35,818 INFO  db.DBStoreBuilder (DBStoreBuilder.java:getDbProfile(198)) - Using default options. DBProfile.DISK
2019-06-13 08:23:36,379 INFO  ipc.CallQueueManager (CallQueueManager.java:<init>(84)) - Using callQueue: class java.util.concurrent.LinkedBlockingQueue, queueCapacity: 2000, scheduler: class org.apache.hadoop.ipc.DefaultRpcScheduler, ipcBackoff: false.
2019-06-13 08:23:36,380 INFO  ipc.Server (Server.java:run(1074)) - Starting Socket Reader #1 for port 44459
2019-06-13 08:23:36,408 WARN  scm.ScmUtils (ScmUtils.java:getDBPath(63)) - ozone.om.db.dirs is not configured. We recommend adding this setting. Falling back to ozone.metadata.dirs instead.
2019-06-13 08:23:36,408 INFO  om.OzoneManager (OzoneManager.java:start(1217)) - OzoneManager RPC server is listening at localhost/127.0.0.1:44459
2019-06-13 08:23:36,409 INFO  impl.MetricsSystemImpl (MetricsSystemImpl.java:init(158)) - OzoneManager metrics system started (again)
2019-06-13 08:23:36,409 INFO  ipc.Server (Server.java:run(1314)) - IPC Server Responder: starting
2019-06-13 08:23:36,416 INFO  ipc.Server (Server.java:run(1153)) - IPC Server listener on 44459: starting
2019-06-13 08:23:36,441 INFO  hdfs.DFSUtil (DFSUtil.java:httpServerTemplateForNNAndJN(1641)) - Starting Web-server for ozoneManager at: http://0.0.0.0:0
2019-06-13 08:23:36,443 INFO  server.AuthenticationFilter (AuthenticationFilter.java:constructSecretProvider(240)) - Unable to initialize FileSignerSecretProvider, falling back to use random secrets.
2019-06-13 08:23:36,443 WARN  http.HttpRequestLog (HttpRequestLog.java:getRequestLog(97)) - Jetty request log can only be enabled using Log4j
2019-06-13 08:23:36,445 INFO  http.HttpServer2 (HttpServer2.java:addGlobalFilter(975)) - Added global filter 'safety' (class=org.apache.hadoop.http.HttpServer2$QuotingInputFilter)
2019-06-13 08:23:36,446 INFO  http.HttpServer2 (HttpServer2.java:addFilter(948)) - Added filter static_user_filter (class=org.apache.hadoop.http.lib.StaticUserWebFilter$StaticUserFilter) to context ozoneManager
2019-06-13 08:23:36,446 INFO  http.HttpServer2 (HttpServer2.java:addFilter(958)) - Added filter static_user_filter (class=org.apache.hadoop.http.lib.StaticUserWebFilter$StaticUserFilter) to context logs
2019-06-13 08:23:36,446 INFO  http.HttpServer2 (HttpServer2.java:addFilter(958)) - Added filter static_user_filter (class=org.apache.hadoop.http.lib.StaticUserWebFilter$StaticUserFilter) to context static
2019-06-13 08:23:36,448 INFO  http.HttpServer2 (HttpServer2.java:bindListener(1191)) - Jetty bound to port 34729
2019-06-13 08:23:36,448 INFO  server.Server (Server.java:doStart(351)) - jetty-9.3.24.v20180605, build timestamp: 2018-06-05T17:11:56Z, git hash: 84205aa28f11a4f31f2a3b86d1bba2cc8ab69827
2019-06-13 08:23:36,456 INFO  handler.ContextHandler (ContextHandler.java:doStart(781)) - Started o.e.j.s.ServletContextHandler@7c2a69b4{/logs,file:///opt/src/hadoop-ozone/integration-test/target/log,AVAILABLE}
2019-06-13 08:23:36,456 INFO  handler.ContextHandler (ContextHandler.java:doStart(781)) - Started o.e.j.s.ServletContextHandler@648ee871{/static,file:///opt/src/hadoop-ozone/integration-test/target/test-classes/webapps/static,AVAILABLE}
2019-06-13 08:23:36,461 INFO  handler.ContextHandler (ContextHandler.java:doStart(781)) - Started o.e.j.w.WebAppContext@6f012914{/,file:///opt/src/hadoop-ozone/integration-test/target/test-classes/webapps/ozoneManager/,AVAILABLE}{/ozoneManager}
2019-06-13 08:23:36,461 INFO  server.AbstractConnector (AbstractConnector.java:doStart(278)) - Started ServerConnector@18fdb6cf{HTTP/1.1,[http/1.1]}{0.0.0.0:34729}
2019-06-13 08:23:36,462 INFO  server.Server (Server.java:doStart(419)) - Started @2749ms
2019-06-13 08:23:36,462 INFO  server.BaseHttpServer (BaseHttpServer.java:updateConnectorAddress(207)) - HTTP server of OZONEMANAGER is listening at http://0.0.0.0:34729
2019-06-13 08:23:36,586 INFO  impl.MetricsSystemImpl (MetricsSystemImpl.java:init(158)) - HddsDatanode metrics system started (again)
2019-06-13 08:23:36,727 INFO  ozone.HddsDatanodeService (HddsDatanodeService.java:start(185)) - HddsDatanodeService host:ozone-vhvb6-1831697805 ip:192.168.46.21
2019-06-13 08:23:36,747 INFO  volume.HddsVolume (HddsVolume.java:<init>(176)) - Creating Volume: /opt/src/hadoop-ozone/integration-test/target/test-dir/MiniOzoneClusterImpl-e858ead4-c6ee-4ff2-98d1-13d579e3052d/datanode-0/data/containers/hdds of  storage type : DISK and capacity : 104021790720
2019-06-13 08:23:36,749 INFO  volume.VolumeSet (VolumeSet.java:initializeVolumeSet(170)) - Added Volume : /opt/src/hadoop-ozone/integration-test/target/test-dir/MiniOzoneClusterImpl-e858ead4-c6ee-4ff2-98d1-13d579e3052d/datanode-0/data/containers/hdds to VolumeSet
2019-06-13 08:23:36,751 INFO  volume.ThrottledAsyncChecker (ThrottledAsyncChecker.java:schedule(140)) - Scheduling a check for org.apache.hadoop.ozone.container.common.volume.HddsVolume@4a6c18ad
2019-06-13 08:23:36,764 INFO  volume.HddsVolumeChecker (HddsVolumeChecker.java:checkAllVolumes(203)) - Scheduled health check for volume org.apache.hadoop.ozone.container.common.volume.HddsVolume@4a6c18ad
2019-06-13 08:23:36,797 INFO  ratis.XceiverServerRatis (XceiverServerRatis.java:newXceiverServerRatis(401)) - Found a free port for the server : 33281
2019-06-13 08:23:36,846 INFO  impl.RaftServerProxy (ConfUtils.java:logGet(43)) - raft.rpc.type = GRPC (default)
2019-06-13 08:23:36,853 INFO  grpc.GrpcConfigKeys$Server (ConfUtils.java:logGet(43)) - raft.grpc.server.port = 33281 (custom)
2019-06-13 08:23:36,854 INFO  server.GrpcService (ConfUtils.java:logGet(43)) - raft.grpc.message.size.max = 33570816 (custom)
2019-06-13 08:23:36,855 INFO  server.RaftServerConfigKeys (ConfUtils.java:logGet(43)) - raft.server.log.appender.buffer.byte-limit = 33554432 (custom)
2019-06-13 08:23:36,855 INFO  server.GrpcService (ConfUtils.java:logGet(43)) - raft.grpc.flow.control.window = 1MB (=1048576) (default)
2019-06-13 08:23:36,856 INFO  server.RaftServerConfigKeys (ConfUtils.java:logGet(43)) - raft.server.rpc.request.timeout = 3000ms (default)
2019-06-13 08:23:36,964 INFO  server.RaftServerConfigKeys (ConfUtils.java:logGet(43)) - raft.server.storage.dir = [/opt/src/hadoop-ozone/integration-test/target/test-dir/MiniOzoneClusterImpl-e858ead4-c6ee-4ff2-98d1-13d579e3052d/datanode-0/data/ratis] (custom)
2019-06-13 08:23:36,971 INFO  server.XceiverServerGrpc (XceiverServerGrpc.java:<init>(97)) - Found a free port for the server : 36309
2019-06-13 08:23:36,995 INFO  replication.SimpleContainerDownloader (SimpleContainerDownloader.java:<init>(72)) - Starting container downloader service to copy containers to replicate.
2019-06-13 08:23:37,004 INFO  hdfs.DFSUtil (DFSUtil.java:httpServerTemplateForNNAndJN(1641)) - Starting Web-server for hddsDatanode at: http://0.0.0.0:0
2019-06-13 08:23:37,006 INFO  server.AuthenticationFilter (AuthenticationFilter.java:constructSecretProvider(240)) - Unable to initialize FileSignerSecretProvider, falling back to use random secrets.
2019-06-13 08:23:37,006 WARN  http.HttpRequestLog (HttpRequestLog.java:getRequestLog(97)) - Jetty request log can only be enabled using Log4j
2019-06-13 08:23:37,008 INFO  http.HttpServer2 (HttpServer2.java:addGlobalFilter(975)) - Added global filter 'safety' (class=org.apache.hadoop.http.HttpServer2$QuotingInputFilter)
2019-06-13 08:23:37,008 INFO  http.HttpServer2 (HttpServer2.java:addFilter(948)) - Added filter static_user_filter (class=org.apache.hadoop.http.lib.StaticUserWebFilter$StaticUserFilter) to context hddsDatanode
2019-06-13 08:23:37,008 INFO  http.HttpServer2 (HttpServer2.java:addFilter(958)) - Added filter static_user_filter (class=org.apache.hadoop.http.lib.StaticUserWebFilter$StaticUserFilter) to context logs
2019-06-13 08:23:37,008 INFO  http.HttpServer2 (HttpServer2.java:addFilter(958)) - Added filter static_user_filter (class=org.apache.hadoop.http.lib.StaticUserWebFilter$StaticUserFilter) to context static
2019-06-13 08:23:37,009 INFO  http.HttpServer2 (HttpServer2.java:bindListener(1191)) - Jetty bound to port 46661
2019-06-13 08:23:37,009 INFO  server.Server (Server.java:doStart(351)) - jetty-9.3.24.v20180605, build timestamp: 2018-06-05T17:11:56Z, git hash: 84205aa28f11a4f31f2a3b86d1bba2cc8ab69827
2019-06-13 08:23:37,011 INFO  handler.ContextHandler (ContextHandler.java:doStart(781)) - Started o.e.j.s.ServletContextHandler@2e51d054{/logs,file:///opt/src/hadoop-ozone/integration-test/target/log,AVAILABLE}
2019-06-13 08:23:37,012 INFO  handler.ContextHandler (ContextHandler.java:doStart(781)) - Started o.e.j.s.ServletContextHandler@615e3f51{/static,jar:file:/root/.m2/repository/org/apache/hadoop/hadoop-hdds-container-service/0.5.0-SNAPSHOT/hadoop-hdds-container-service-0.5.0-SNAPSHOT.jar!/webapps/static,AVAILABLE}
2019-06-13 08:23:37,044 INFO  handler.ContextHandler (ContextHandler.java:doStart(781)) - Started o.e.j.w.WebAppContext@5e1fc2aa{/,file:///tmp/jetty-0.0.0.0-46661-hddsDatanode-_-any-3438675717810740026.dir/webapp/,AVAILABLE}{/hddsDatanode}
2019-06-13 08:23:37,045 INFO  server.AbstractConnector (AbstractConnector.java:doStart(278)) - Started ServerConnector@576a2553{HTTP/1.1,[http/1.1]}{0.0.0.0:46661}
2019-06-13 08:23:37,046 INFO  server.Server (Server.java:doStart(419)) - Started @3333ms
2019-06-13 08:23:37,046 INFO  server.BaseHttpServer (BaseHttpServer.java:updateConnectorAddress(207)) - HTTP server of HDDSDATANODE is listening at http://0.0.0.0:46661
2019-06-13 08:23:37,825 INFO  ozone.HddsDatanodeService (HddsDatanodeService.java:startPlugins(396)) - Started plug-in org.apache.hadoop.ozone.web.OzoneHddsDatanodeService@1f992a3a
2019-06-13 08:23:37,826 INFO  impl.MetricsSystemImpl (MetricsSystemImpl.java:init(158)) - HddsDatanode metrics system started (again)
2019-06-13 08:23:37,827 INFO  ozone.HddsDatanodeService (HddsDatanodeService.java:start(185)) - HddsDatanodeService host:ozone-vhvb6-1831697805 ip:192.168.46.21
2019-06-13 08:23:37,842 INFO  volume.HddsVolume (HddsVolume.java:<init>(176)) - Creating Volume: /opt/src/hadoop-ozone/integration-test/target/test-dir/MiniOzoneClusterImpl-e858ead4-c6ee-4ff2-98d1-13d579e3052d/datanode-1/data/containers/hdds of  storage type : DISK and capacity : 104021790720
2019-06-13 08:23:37,842 INFO  volume.VolumeSet (VolumeSet.java:initializeVolumeSet(170)) - Added Volume : /opt/src/hadoop-ozone/integration-test/target/test-dir/MiniOzoneClusterImpl-e858ead4-c6ee-4ff2-98d1-13d579e3052d/datanode-1/data/containers/hdds to VolumeSet
2019-06-13 08:23:37,843 INFO  volume.ThrottledAsyncChecker (ThrottledAsyncChecker.java:schedule(140)) - Scheduling a check for org.apache.hadoop.ozone.container.common.volume.HddsVolume@78a8978a
2019-06-13 08:23:37,844 INFO  util.JvmPauseMonitor (JvmPauseMonitor.java:run(188)) - Starting JVM pause monitor
2019-06-13 08:23:37,844 INFO  volume.HddsVolumeChecker (HddsVolumeChecker.java:checkAllVolumes(203)) - Scheduled health check for volume org.apache.hadoop.ozone.container.common.volume.HddsVolume@78a8978a
2019-06-13 08:23:37,862 INFO  ratis.XceiverServerRatis (XceiverServerRatis.java:newXceiverServerRatis(401)) - Found a free port for the server : 44633
2019-06-13 08:23:37,863 INFO  impl.RaftServerProxy (ConfUtils.java:logGet(43)) - raft.rpc.type = GRPC (default)
2019-06-13 08:23:37,863 INFO  grpc.GrpcConfigKeys$Server (ConfUtils.java:logGet(43)) - raft.grpc.server.port = 44633 (custom)
2019-06-13 08:23:37,863 INFO  server.GrpcService (ConfUtils.java:logGet(43)) - raft.grpc.message.size.max = 33570816 (custom)
2019-06-13 08:23:37,864 INFO  server.RaftServerConfigKeys (ConfUtils.java:logGet(43)) - raft.server.log.appender.buffer.byte-limit = 33554432 (custom)
2019-06-13 08:23:37,864 INFO  server.GrpcService (ConfUtils.java:logGet(43)) - raft.grpc.flow.control.window = 1MB (=1048576) (default)
2019-06-13 08:23:37,864 INFO  server.RaftServerConfigKeys (ConfUtils.java:logGet(43)) - raft.server.rpc.request.timeout = 3000ms (default)
2019-06-13 08:23:37,865 INFO  server.RaftServerConfigKeys (ConfUtils.java:logGet(43)) - raft.server.storage.dir = [/opt/src/hadoop-ozone/integration-test/target/test-dir/MiniOzoneClusterImpl-e858ead4-c6ee-4ff2-98d1-13d579e3052d/datanode-1/data/ratis] (custom)
2019-06-13 08:23:37,865 INFO  server.XceiverServerGrpc (XceiverServerGrpc.java:<init>(97)) - Found a free port for the server : 44791
2019-06-13 08:23:37,866 INFO  replication.SimpleContainerDownloader (SimpleContainerDownloader.java:<init>(72)) - Starting container downloader service to copy containers to replicate.
2019-06-13 08:23:37,867 INFO  hdfs.DFSUtil (DFSUtil.java:httpServerTemplateForNNAndJN(1641)) - Starting Web-server for hddsDatanode at: http://0.0.0.0:0
2019-06-13 08:23:37,868 INFO  server.AuthenticationFilter (AuthenticationFilter.java:constructSecretProvider(240)) - Unable to initialize FileSignerSecretProvider, falling back to use random secrets.
2019-06-13 08:23:37,869 WARN  http.HttpRequestLog (HttpRequestLog.java:getRequestLog(97)) - Jetty request log can only be enabled using Log4j
2019-06-13 08:23:37,871 INFO  http.HttpServer2 (HttpServer2.java:addGlobalFilter(975)) - Added global filter 'safety' (class=org.apache.hadoop.http.HttpServer2$QuotingInputFilter)
2019-06-13 08:23:37,872 INFO  http.HttpServer2 (HttpServer2.java:addFilter(948)) - Added filter static_user_filter (class=org.apache.hadoop.http.lib.StaticUserWebFilter$StaticUserFilter) to context hddsDatanode
2019-06-13 08:23:37,872 INFO  http.HttpServer2 (HttpServer2.java:addFilter(958)) - Added filter static_user_filter (class=org.apache.hadoop.http.lib.StaticUserWebFilter$StaticUserFilter) to context logs
2019-06-13 08:23:37,872 INFO  http.HttpServer2 (HttpServer2.java:addFilter(958)) - Added filter static_user_filter (class=org.apache.hadoop.http.lib.StaticUserWebFilter$StaticUserFilter) to context static
2019-06-13 08:23:37,873 INFO  http.HttpServer2 (HttpServer2.java:bindListener(1191)) - Jetty bound to port 46615
2019-06-13 08:23:37,873 INFO  server.Server (Server.java:doStart(351)) - jetty-9.3.24.v20180605, build timestamp: 2018-06-05T17:11:56Z, git hash: 84205aa28f11a4f31f2a3b86d1bba2cc8ab69827
2019-06-13 08:23:37,886 INFO  handler.ContextHandler (ContextHandler.java:doStart(781)) - Started o.e.j.s.ServletContextHandler@2574a9e3{/logs,file:///opt/src/hadoop-ozone/integration-test/target/log,AVAILABLE}
2019-06-13 08:23:37,887 INFO  handler.ContextHandler (ContextHandler.java:doStart(781)) - Started o.e.j.s.ServletContextHandler@422ab737{/static,jar:file:/root/.m2/repository/org/apache/hadoop/hadoop-hdds-container-service/0.5.0-SNAPSHOT/hadoop-hdds-container-service-0.5.0-SNAPSHOT.jar!/webapps/static,AVAILABLE}
2019-06-13 08:23:37,916 INFO  handler.ContextHandler (ContextHandler.java:doStart(781)) - Started o.e.j.w.WebAppContext@78da899f{/,file:///tmp/jetty-0.0.0.0-46615-hddsDatanode-_-any-1891995118415804586.dir/webapp/,AVAILABLE}{/hddsDatanode}
2019-06-13 08:23:37,917 INFO  server.AbstractConnector (AbstractConnector.java:doStart(278)) - Started ServerConnector@e7b265e{HTTP/1.1,[http/1.1]}{0.0.0.0:46615}
2019-06-13 08:23:37,918 INFO  server.Server (Server.java:doStart(419)) - Started @4206ms
2019-06-13 08:23:37,919 INFO  server.BaseHttpServer (BaseHttpServer.java:updateConnectorAddress(207)) - HTTP server of HDDSDATANODE is listening at http://0.0.0.0:46615
2019-06-13 08:23:37,929 INFO  datanode.InitDatanodeState (InitDatanodeState.java:persistContainerDatanodeDetails(140)) - DatanodeDetails is persisted to /opt/src/hadoop-ozone/integration-test/target/test-dir/MiniOzoneClusterImpl-e858ead4-c6ee-4ff2-98d1-13d579e3052d/datanode-0/meta/datanode.id
2019-06-13 08:23:38,016 INFO  ozone.HddsDatanodeService (HddsDatanodeService.java:startPlugins(396)) - Started plug-in org.apache.hadoop.ozone.web.OzoneHddsDatanodeService@63fd4dda
2019-06-13 08:23:38,016 INFO  impl.MetricsSystemImpl (MetricsSystemImpl.java:init(158)) - HddsDatanode metrics system started (again)
2019-06-13 08:23:38,017 INFO  ozone.HddsDatanodeService (HddsDatanodeService.java:start(185)) - HddsDatanodeService host:ozone-vhvb6-1831697805 ip:192.168.46.21
2019-06-13 08:23:38,022 INFO  util.JvmPauseMonitor (JvmPauseMonitor.java:run(188)) - Starting JVM pause monitor
2019-06-13 08:23:38,029 INFO  volume.HddsVolume (HddsVolume.java:<init>(176)) - Creating Volume: /opt/src/hadoop-ozone/integration-test/target/test-dir/MiniOzoneClusterImpl-e858ead4-c6ee-4ff2-98d1-13d579e3052d/datanode-2/data/containers/hdds of  storage type : DISK and capacity : 104021790720
2019-06-13 08:23:38,029 INFO  volume.VolumeSet (VolumeSet.java:initializeVolumeSet(170)) - Added Volume : /opt/src/hadoop-ozone/integration-test/target/test-dir/MiniOzoneClusterImpl-e858ead4-c6ee-4ff2-98d1-13d579e3052d/datanode-2/data/containers/hdds to VolumeSet
2019-06-13 08:23:38,029 INFO  volume.ThrottledAsyncChecker (ThrottledAsyncChecker.java:schedule(140)) - Scheduling a check for org.apache.hadoop.ozone.container.common.volume.HddsVolume@4b56b031
2019-06-13 08:23:38,035 INFO  volume.HddsVolumeChecker (HddsVolumeChecker.java:checkAllVolumes(203)) - Scheduled health check for volume org.apache.hadoop.ozone.container.common.volume.HddsVolume@4b56b031
2019-06-13 08:23:38,039 INFO  datanode.InitDatanodeState (InitDatanodeState.java:persistContainerDatanodeDetails(140)) - DatanodeDetails is persisted to /opt/src/hadoop-ozone/integration-test/target/test-dir/MiniOzoneClusterImpl-e858ead4-c6ee-4ff2-98d1-13d579e3052d/datanode-1/meta/datanode.id
2019-06-13 08:23:38,052 INFO  ratis.XceiverServerRatis (XceiverServerRatis.java:newXceiverServerRatis(401)) - Found a free port for the server : 46071
2019-06-13 08:23:38,053 INFO  impl.RaftServerProxy (ConfUtils.java:logGet(43)) - raft.rpc.type = GRPC (default)
2019-06-13 08:23:38,053 INFO  grpc.GrpcConfigKeys$Server (ConfUtils.java:logGet(43)) - raft.grpc.server.port = 46071 (custom)
2019-06-13 08:23:38,054 INFO  server.GrpcService (ConfUtils.java:logGet(43)) - raft.grpc.message.size.max = 33570816 (custom)
2019-06-13 08:23:38,054 INFO  server.RaftServerConfigKeys (ConfUtils.java:logGet(43)) - raft.server.log.appender.buffer.byte-limit = 33554432 (custom)
2019-06-13 08:23:38,054 INFO  server.GrpcService (ConfUtils.java:logGet(43)) - raft.grpc.flow.control.window = 1MB (=1048576) (default)
2019-06-13 08:23:38,055 INFO  server.RaftServerConfigKeys (ConfUtils.java:logGet(43)) - raft.server.rpc.request.timeout = 3000ms (default)
2019-06-13 08:23:38,055 INFO  server.RaftServerConfigKeys (ConfUtils.java:logGet(43)) - raft.server.storage.dir = [/opt/src/hadoop-ozone/integration-test/target/test-dir/MiniOzoneClusterImpl-e858ead4-c6ee-4ff2-98d1-13d579e3052d/datanode-2/data/ratis] (custom)
2019-06-13 08:23:38,056 INFO  server.XceiverServerGrpc (XceiverServerGrpc.java:<init>(97)) - Found a free port for the server : 35143
2019-06-13 08:23:38,056 INFO  replication.SimpleContainerDownloader (SimpleContainerDownloader.java:<init>(72)) - Starting container downloader service to copy containers to replicate.
2019-06-13 08:23:38,057 INFO  hdfs.DFSUtil (DFSUtil.java:httpServerTemplateForNNAndJN(1641)) - Starting Web-server for hddsDatanode at: http://0.0.0.0:0
2019-06-13 08:23:38,059 INFO  server.AuthenticationFilter (AuthenticationFilter.java:constructSecretProvider(240)) - Unable to initialize FileSignerSecretProvider, falling back to use random secrets.
2019-06-13 08:23:38,059 WARN  http.HttpRequestLog (HttpRequestLog.java:getRequestLog(97)) - Jetty request log can only be enabled using Log4j
2019-06-13 08:23:38,061 INFO  http.HttpServer2 (HttpServer2.java:addGlobalFilter(975)) - Added global filter 'safety' (class=org.apache.hadoop.http.HttpServer2$QuotingInputFilter)
2019-06-13 08:23:38,061 INFO  http.HttpServer2 (HttpServer2.java:addFilter(948)) - Added filter static_user_filter (class=org.apache.hadoop.http.lib.StaticUserWebFilter$StaticUserFilter) to context hddsDatanode
2019-06-13 08:23:38,061 INFO  http.HttpServer2 (HttpServer2.java:addFilter(958)) - Added filter static_user_filter (class=org.apache.hadoop.http.lib.StaticUserWebFilter$StaticUserFilter) to context logs
2019-06-13 08:23:38,062 INFO  http.HttpServer2 (HttpServer2.java:addFilter(958)) - Added filter static_user_filter (class=org.apache.hadoop.http.lib.StaticUserWebFilter$StaticUserFilter) to context static
2019-06-13 08:23:38,062 INFO  http.HttpServer2 (HttpServer2.java:bindListener(1191)) - Jetty bound to port 43029
2019-06-13 08:23:38,062 INFO  server.Server (Server.java:doStart(351)) - jetty-9.3.24.v20180605, build timestamp: 2018-06-05T17:11:56Z, git hash: 84205aa28f11a4f31f2a3b86d1bba2cc8ab69827
2019-06-13 08:23:38,064 INFO  handler.ContextHandler (ContextHandler.java:doStart(781)) - Started o.e.j.s.ServletContextHandler@2443abd6{/logs,file:///opt/src/hadoop-ozone/integration-test/target/log,AVAILABLE}
2019-06-13 08:23:38,065 INFO  handler.ContextHandler (ContextHandler.java:doStart(781)) - Started o.e.j.s.ServletContextHandler@bd3eff4{/static,jar:file:/root/.m2/repository/org/apache/hadoop/hadoop-hdds-container-service/0.5.0-SNAPSHOT/hadoop-hdds-container-service-0.5.0-SNAPSHOT.jar!/webapps/static,AVAILABLE}
2019-06-13 08:23:38,095 INFO  handler.ContextHandler (ContextHandler.java:doStart(781)) - Started o.e.j.w.WebAppContext@4e80a001{/,file:///tmp/jetty-0.0.0.0-43029-hddsDatanode-_-any-6473676037558097199.dir/webapp/,AVAILABLE}{/hddsDatanode}
2019-06-13 08:23:38,095 INFO  server.AbstractConnector (AbstractConnector.java:doStart(278)) - Started ServerConnector@624b523{HTTP/1.1,[http/1.1]}{0.0.0.0:43029}
2019-06-13 08:23:38,096 INFO  server.Server (Server.java:doStart(419)) - Started @4384ms
2019-06-13 08:23:38,097 INFO  server.BaseHttpServer (BaseHttpServer.java:updateConnectorAddress(207)) - HTTP server of HDDSDATANODE is listening at http://0.0.0.0:43029
2019-06-13 08:23:38,292 INFO  ozone.HddsDatanodeService (HddsDatanodeService.java:startPlugins(396)) - Started plug-in org.apache.hadoop.ozone.web.OzoneHddsDatanodeService@11c78080
2019-06-13 08:23:38,293 INFO  impl.MetricsSystemImpl (MetricsSystemImpl.java:init(158)) - HddsDatanode metrics system started (again)
2019-06-13 08:23:38,293 INFO  ozone.HddsDatanodeService (HddsDatanodeService.java:start(185)) - HddsDatanodeService host:ozone-vhvb6-1831697805 ip:192.168.46.21
2019-06-13 08:23:38,298 INFO  util.JvmPauseMonitor (JvmPauseMonitor.java:run(188)) - Starting JVM pause monitor
2019-06-13 08:23:38,304 INFO  volume.HddsVolume (HddsVolume.java:<init>(176)) - Creating Volume: /opt/src/hadoop-ozone/integration-test/target/test-dir/MiniOzoneClusterImpl-e858ead4-c6ee-4ff2-98d1-13d579e3052d/datanode-3/data/containers/hdds of  storage type : DISK and capacity : 104021790720
2019-06-13 08:23:38,304 INFO  volume.VolumeSet (VolumeSet.java:initializeVolumeSet(170)) - Added Volume : /opt/src/hadoop-ozone/integration-test/target/test-dir/MiniOzoneClusterImpl-e858ead4-c6ee-4ff2-98d1-13d579e3052d/datanode-3/data/containers/hdds to VolumeSet
2019-06-13 08:23:38,305 INFO  volume.ThrottledAsyncChecker (ThrottledAsyncChecker.java:schedule(140)) - Scheduling a check for org.apache.hadoop.ozone.container.common.volume.HddsVolume@7c11d32
2019-06-13 08:23:38,305 INFO  datanode.InitDatanodeState (InitDatanodeState.java:persistContainerDatanodeDetails(140)) - DatanodeDetails is persisted to /opt/src/hadoop-ozone/integration-test/target/test-dir/MiniOzoneClusterImpl-e858ead4-c6ee-4ff2-98d1-13d579e3052d/datanode-2/meta/datanode.id
2019-06-13 08:23:38,310 INFO  volume.HddsVolumeChecker (HddsVolumeChecker.java:checkAllVolumes(203)) - Scheduled health check for volume org.apache.hadoop.ozone.container.common.volume.HddsVolume@7c11d32
2019-06-13 08:23:38,322 INFO  ratis.XceiverServerRatis (XceiverServerRatis.java:newXceiverServerRatis(401)) - Found a free port for the server : 42069
2019-06-13 08:23:38,323 INFO  impl.RaftServerProxy (ConfUtils.java:logGet(43)) - raft.rpc.type = GRPC (default)
2019-06-13 08:23:38,324 INFO  grpc.GrpcConfigKeys$Server (ConfUtils.java:logGet(43)) - raft.grpc.server.port = 42069 (custom)
2019-06-13 08:23:38,324 INFO  server.GrpcService (ConfUtils.java:logGet(43)) - raft.grpc.message.size.max = 33570816 (custom)
2019-06-13 08:23:38,324 INFO  server.RaftServerConfigKeys (ConfUtils.java:logGet(43)) - raft.server.log.appender.buffer.byte-limit = 33554432 (custom)
2019-06-13 08:23:38,324 INFO  server.GrpcService (ConfUtils.java:logGet(43)) - raft.grpc.flow.control.window = 1MB (=1048576) (default)
2019-06-13 08:23:38,325 INFO  server.RaftServerConfigKeys (ConfUtils.java:logGet(43)) - raft.server.rpc.request.timeout = 3000ms (default)
2019-06-13 08:23:38,325 INFO  server.RaftServerConfigKeys (ConfUtils.java:logGet(43)) - raft.server.storage.dir = [/opt/src/hadoop-ozone/integration-test/target/test-dir/MiniOzoneClusterImpl-e858ead4-c6ee-4ff2-98d1-13d579e3052d/datanode-3/data/ratis] (custom)
2019-06-13 08:23:38,326 INFO  server.XceiverServerGrpc (XceiverServerGrpc.java:<init>(97)) - Found a free port for the server : 38341
2019-06-13 08:23:38,326 INFO  replication.SimpleContainerDownloader (SimpleContainerDownloader.java:<init>(72)) - Starting container downloader service to copy containers to replicate.
2019-06-13 08:23:38,327 INFO  hdfs.DFSUtil (DFSUtil.java:httpServerTemplateForNNAndJN(1641)) - Starting Web-server for hddsDatanode at: http://0.0.0.0:0
2019-06-13 08:23:38,328 INFO  server.AuthenticationFilter (AuthenticationFilter.java:constructSecretProvider(240)) - Unable to initialize FileSignerSecretProvider, falling back to use random secrets.
2019-06-13 08:23:38,329 WARN  http.HttpRequestLog (HttpRequestLog.java:getRequestLog(97)) - Jetty request log can only be enabled using Log4j
2019-06-13 08:23:38,330 INFO  http.HttpServer2 (HttpServer2.java:addGlobalFilter(975)) - Added global filter 'safety' (class=org.apache.hadoop.http.HttpServer2$QuotingInputFilter)
2019-06-13 08:23:38,331 INFO  http.HttpServer2 (HttpServer2.java:addFilter(948)) - Added filter static_user_filter (class=org.apache.hadoop.http.lib.StaticUserWebFilter$StaticUserFilter) to context hddsDatanode
2019-06-13 08:23:38,331 INFO  http.HttpServer2 (HttpServer2.java:addFilter(958)) - Added filter static_user_filter (class=org.apache.hadoop.http.lib.StaticUserWebFilter$StaticUserFilter) to context logs
2019-06-13 08:23:38,331 INFO  http.HttpServer2 (HttpServer2.java:addFilter(958)) - Added filter static_user_filter (class=org.apache.hadoop.http.lib.StaticUserWebFilter$StaticUserFilter) to context static
2019-06-13 08:23:38,332 INFO  http.HttpServer2 (HttpServer2.java:bindListener(1191)) - Jetty bound to port 33025
2019-06-13 08:23:38,332 INFO  server.Server (Server.java:doStart(351)) - jetty-9.3.24.v20180605, build timestamp: 2018-06-05T17:11:56Z, git hash: 84205aa28f11a4f31f2a3b86d1bba2cc8ab69827
2019-06-13 08:23:38,338 INFO  handler.ContextHandler (ContextHandler.java:doStart(781)) - Started o.e.j.s.ServletContextHandler@25974207{/logs,file:///opt/src/hadoop-ozone/integration-test/target/log,AVAILABLE}
2019-06-13 08:23:38,338 INFO  handler.ContextHandler (ContextHandler.java:doStart(781)) - Started o.e.j.s.ServletContextHandler@195113de{/static,jar:file:/root/.m2/repository/org/apache/hadoop/hadoop-hdds-container-service/0.5.0-SNAPSHOT/hadoop-hdds-container-service-0.5.0-SNAPSHOT.jar!/webapps/static,AVAILABLE}
2019-06-13 08:23:38,359 INFO  handler.ContextHandler (ContextHandler.java:doStart(781)) - Started o.e.j.w.WebAppContext@74c9e11{/,file:///tmp/jetty-0.0.0.0-33025-hddsDatanode-_-any-2619750560729967288.dir/webapp/,AVAILABLE}{/hddsDatanode}
2019-06-13 08:23:38,360 INFO  server.AbstractConnector (AbstractConnector.java:doStart(278)) - Started ServerConnector@586e9d8f{HTTP/1.1,[http/1.1]}{0.0.0.0:33025}
2019-06-13 08:23:38,361 INFO  server.Server (Server.java:doStart(419)) - Started @4648ms
2019-06-13 08:23:38,361 INFO  server.BaseHttpServer (BaseHttpServer.java:updateConnectorAddress(207)) - HTTP server of HDDSDATANODE is listening at http://0.0.0.0:33025
2019-06-13 08:23:38,468 INFO  ozone.HddsDatanodeService (HddsDatanodeService.java:startPlugins(396)) - Started plug-in org.apache.hadoop.ozone.web.OzoneHddsDatanodeService@601d6622
2019-06-13 08:23:38,469 INFO  impl.MetricsSystemImpl (MetricsSystemImpl.java:init(158)) - HddsDatanode metrics system started (again)
2019-06-13 08:23:38,469 INFO  ozone.HddsDatanodeService (HddsDatanodeService.java:start(185)) - HddsDatanodeService host:ozone-vhvb6-1831697805 ip:192.168.46.21
2019-06-13 08:23:38,474 INFO  util.JvmPauseMonitor (JvmPauseMonitor.java:run(188)) - Starting JVM pause monitor
2019-06-13 08:23:38,479 INFO  datanode.InitDatanodeState (InitDatanodeState.java:persistContainerDatanodeDetails(140)) - DatanodeDetails is persisted to /opt/src/hadoop-ozone/integration-test/target/test-dir/MiniOzoneClusterImpl-e858ead4-c6ee-4ff2-98d1-13d579e3052d/datanode-3/meta/datanode.id
2019-06-13 08:23:38,484 INFO  volume.HddsVolume (HddsVolume.java:<init>(176)) - Creating Volume: /opt/src/hadoop-ozone/integration-test/target/test-dir/MiniOzoneClusterImpl-e858ead4-c6ee-4ff2-98d1-13d579e3052d/datanode-4/data/containers/hdds of  storage type : DISK and capacity : 104021790720
2019-06-13 08:23:38,484 INFO  volume.VolumeSet (VolumeSet.java:initializeVolumeSet(170)) - Added Volume : /opt/src/hadoop-ozone/integration-test/target/test-dir/MiniOzoneClusterImpl-e858ead4-c6ee-4ff2-98d1-13d579e3052d/datanode-4/data/containers/hdds to VolumeSet
2019-06-13 08:23:38,485 INFO  volume.ThrottledAsyncChecker (ThrottledAsyncChecker.java:schedule(140)) - Scheduling a check for org.apache.hadoop.ozone.container.common.volume.HddsVolume@57186526
2019-06-13 08:23:38,486 INFO  volume.HddsVolumeChecker (HddsVolumeChecker.java:checkAllVolumes(203)) - Scheduled health check for volume org.apache.hadoop.ozone.container.common.volume.HddsVolume@57186526
2019-06-13 08:23:38,498 INFO  ratis.XceiverServerRatis (XceiverServerRatis.java:newXceiverServerRatis(401)) - Found a free port for the server : 34927
2019-06-13 08:23:38,499 INFO  impl.RaftServerProxy (ConfUtils.java:logGet(43)) - raft.rpc.type = GRPC (default)
2019-06-13 08:23:38,499 INFO  grpc.GrpcConfigKeys$Server (ConfUtils.java:logGet(43)) - raft.grpc.server.port = 34927 (custom)
2019-06-13 08:23:38,500 INFO  server.GrpcService (ConfUtils.java:logGet(43)) - raft.grpc.message.size.max = 33570816 (custom)
2019-06-13 08:23:38,500 INFO  server.RaftServerConfigKeys (ConfUtils.java:logGet(43)) - raft.server.log.appender.buffer.byte-limit = 33554432 (custom)
2019-06-13 08:23:38,500 INFO  server.GrpcService (ConfUtils.java:logGet(43)) - raft.grpc.flow.control.window = 1MB (=1048576) (default)
2019-06-13 08:23:38,500 INFO  server.RaftServerConfigKeys (ConfUtils.java:logGet(43)) - raft.server.rpc.request.timeout = 3000ms (default)
2019-06-13 08:23:38,501 INFO  server.RaftServerConfigKeys (ConfUtils.java:logGet(43)) - raft.server.storage.dir = [/opt/src/hadoop-ozone/integration-test/target/test-dir/MiniOzoneClusterImpl-e858ead4-c6ee-4ff2-98d1-13d579e3052d/datanode-4/data/ratis] (custom)
2019-06-13 08:23:38,501 INFO  server.XceiverServerGrpc (XceiverServerGrpc.java:<init>(97)) - Found a free port for the server : 44979
2019-06-13 08:23:38,501 INFO  replication.SimpleContainerDownloader (SimpleContainerDownloader.java:<init>(72)) - Starting container downloader service to copy containers to replicate.
2019-06-13 08:23:38,502 INFO  hdfs.DFSUtil (DFSUtil.java:httpServerTemplateForNNAndJN(1641)) - Starting Web-server for hddsDatanode at: http://0.0.0.0:0
2019-06-13 08:23:38,503 INFO  server.AuthenticationFilter (AuthenticationFilter.java:constructSecretProvider(240)) - Unable to initialize FileSignerSecretProvider, falling back to use random secrets.
2019-06-13 08:23:38,504 WARN  http.HttpRequestLog (HttpRequestLog.java:getRequestLog(97)) - Jetty request log can only be enabled using Log4j
2019-06-13 08:23:38,505 INFO  http.HttpServer2 (HttpServer2.java:addGlobalFilter(975)) - Added global filter 'safety' (class=org.apache.hadoop.http.HttpServer2$QuotingInputFilter)
2019-06-13 08:23:38,505 INFO  http.HttpServer2 (HttpServer2.java:addFilter(948)) - Added filter static_user_filter (class=org.apache.hadoop.http.lib.StaticUserWebFilter$StaticUserFilter) to context hddsDatanode
2019-06-13 08:23:38,506 INFO  http.HttpServer2 (HttpServer2.java:addFilter(958)) - Added filter static_user_filter (class=org.apache.hadoop.http.lib.StaticUserWebFilter$StaticUserFilter) to context logs
2019-06-13 08:23:38,506 INFO  http.HttpServer2 (HttpServer2.java:addFilter(958)) - Added filter static_user_filter (class=org.apache.hadoop.http.lib.StaticUserWebFilter$StaticUserFilter) to context static
2019-06-13 08:23:38,506 INFO  http.HttpServer2 (HttpServer2.java:bindListener(1191)) - Jetty bound to port 36097
2019-06-13 08:23:38,506 INFO  server.Server (Server.java:doStart(351)) - jetty-9.3.24.v20180605, build timestamp: 2018-06-05T17:11:56Z, git hash: 84205aa28f11a4f31f2a3b86d1bba2cc8ab69827
2019-06-13 08:23:38,518 INFO  handler.ContextHandler (ContextHandler.java:doStart(781)) - Started o.e.j.s.ServletContextHandler@48cd319d{/logs,file:///opt/src/hadoop-ozone/integration-test/target/log,AVAILABLE}
2019-06-13 08:23:38,519 INFO  handler.ContextHandler (ContextHandler.java:doStart(781)) - Started o.e.j.s.ServletContextHandler@4ef18604{/static,jar:file:/root/.m2/repository/org/apache/hadoop/hadoop-hdds-container-service/0.5.0-SNAPSHOT/hadoop-hdds-container-service-0.5.0-SNAPSHOT.jar!/webapps/static,AVAILABLE}
2019-06-13 08:23:38,548 INFO  handler.ContextHandler (ContextHandler.java:doStart(781)) - Started o.e.j.w.WebAppContext@543fe698{/,file:///tmp/jetty-0.0.0.0-36097-hddsDatanode-_-any-5130178343462552355.dir/webapp/,AVAILABLE}{/hddsDatanode}
2019-06-13 08:23:38,548 INFO  server.AbstractConnector (AbstractConnector.java:doStart(278)) - Started ServerConnector@6b2fdffc{HTTP/1.1,[http/1.1]}{0.0.0.0:36097}
2019-06-13 08:23:38,549 INFO  server.Server (Server.java:doStart(419)) - Started @4837ms
2019-06-13 08:23:38,550 INFO  server.BaseHttpServer (BaseHttpServer.java:updateConnectorAddress(207)) - HTTP server of HDDSDATANODE is listening at http://0.0.0.0:36097
2019-06-13 08:23:38,656 INFO  ozone.HddsDatanodeService (HddsDatanodeService.java:startPlugins(396)) - Started plug-in org.apache.hadoop.ozone.web.OzoneHddsDatanodeService@20256a0b
2019-06-13 08:23:38,656 INFO  impl.MetricsSystemImpl (MetricsSystemImpl.java:init(158)) - HddsDatanode metrics system started (again)
2019-06-13 08:23:38,656 INFO  ozone.HddsDatanodeService (HddsDatanodeService.java:start(185)) - HddsDatanodeService host:ozone-vhvb6-1831697805 ip:192.168.46.21
2019-06-13 08:23:38,657 INFO  util.JvmPauseMonitor (JvmPauseMonitor.java:run(188)) - Starting JVM pause monitor
2019-06-13 08:23:38,659 INFO  datanode.InitDatanodeState (InitDatanodeState.java:persistContainerDatanodeDetails(140)) - DatanodeDetails is persisted to /opt/src/hadoop-ozone/integration-test/target/test-dir/MiniOzoneClusterImpl-e858ead4-c6ee-4ff2-98d1-13d579e3052d/datanode-4/meta/datanode.id
2019-06-13 08:23:38,663 INFO  volume.HddsVolume (HddsVolume.java:<init>(176)) - Creating Volume: /opt/src/hadoop-ozone/integration-test/target/test-dir/MiniOzoneClusterImpl-e858ead4-c6ee-4ff2-98d1-13d579e3052d/datanode-5/data/containers/hdds of  storage type : DISK and capacity : 104021790720
2019-06-13 08:23:38,663 INFO  volume.VolumeSet (VolumeSet.java:initializeVolumeSet(170)) - Added Volume : /opt/src/hadoop-ozone/integration-test/target/test-dir/MiniOzoneClusterImpl-e858ead4-c6ee-4ff2-98d1-13d579e3052d/datanode-5/data/containers/hdds to VolumeSet
2019-06-13 08:23:38,664 INFO  volume.ThrottledAsyncChecker (ThrottledAsyncChecker.java:schedule(140)) - Scheduling a check for org.apache.hadoop.ozone.container.common.volume.HddsVolume@7364f68
2019-06-13 08:23:38,666 INFO  volume.HddsVolumeChecker (HddsVolumeChecker.java:checkAllVolumes(203)) - Scheduled health check for volume org.apache.hadoop.ozone.container.common.volume.HddsVolume@7364f68
2019-06-13 08:23:38,675 INFO  ratis.XceiverServerRatis (XceiverServerRatis.java:newXceiverServerRatis(401)) - Found a free port for the server : 38161
2019-06-13 08:23:38,676 INFO  impl.RaftServerProxy (ConfUtils.java:logGet(43)) - raft.rpc.type = GRPC (default)
2019-06-13 08:23:38,676 INFO  grpc.GrpcConfigKeys$Server (ConfUtils.java:logGet(43)) - raft.grpc.server.port = 38161 (custom)
2019-06-13 08:23:38,676 INFO  server.GrpcService (ConfUtils.java:logGet(43)) - raft.grpc.message.size.max = 33570816 (custom)
2019-06-13 08:23:38,676 INFO  server.RaftServerConfigKeys (ConfUtils.java:logGet(43)) - raft.server.log.appender.buffer.byte-limit = 33554432 (custom)
2019-06-13 08:23:38,676 INFO  server.GrpcService (ConfUtils.java:logGet(43)) - raft.grpc.flow.control.window = 1MB (=1048576) (default)
2019-06-13 08:23:38,677 INFO  server.RaftServerConfigKeys (ConfUtils.java:logGet(43)) - raft.server.rpc.request.timeout = 3000ms (default)
2019-06-13 08:23:38,677 INFO  server.RaftServerConfigKeys (ConfUtils.java:logGet(43)) - raft.server.storage.dir = [/opt/src/hadoop-ozone/integration-test/target/test-dir/MiniOzoneClusterImpl-e858ead4-c6ee-4ff2-98d1-13d579e3052d/datanode-5/data/ratis] (custom)
2019-06-13 08:23:38,677 INFO  server.XceiverServerGrpc (XceiverServerGrpc.java:<init>(97)) - Found a free port for the server : 37489
2019-06-13 08:23:38,678 INFO  replication.SimpleContainerDownloader (SimpleContainerDownloader.java:<init>(72)) - Starting container downloader service to copy containers to replicate.
2019-06-13 08:23:38,679 INFO  hdfs.DFSUtil (DFSUtil.java:httpServerTemplateForNNAndJN(1641)) - Starting Web-server for hddsDatanode at: http://0.0.0.0:0
2019-06-13 08:23:38,679 INFO  server.AuthenticationFilter (AuthenticationFilter.java:constructSecretProvider(240)) - Unable to initialize FileSignerSecretProvider, falling back to use random secrets.
2019-06-13 08:23:38,681 WARN  http.HttpRequestLog (HttpRequestLog.java:getRequestLog(97)) - Jetty request log can only be enabled using Log4j
2019-06-13 08:23:38,682 INFO  http.HttpServer2 (HttpServer2.java:addGlobalFilter(975)) - Added global filter 'safety' (class=org.apache.hadoop.http.HttpServer2$QuotingInputFilter)
2019-06-13 08:23:38,683 INFO  http.HttpServer2 (HttpServer2.java:addFilter(948)) - Added filter static_user_filter (class=org.apache.hadoop.http.lib.StaticUserWebFilter$StaticUserFilter) to context hddsDatanode
2019-06-13 08:23:38,683 INFO  http.HttpServer2 (HttpServer2.java:addFilter(958)) - Added filter static_user_filter (class=org.apache.hadoop.http.lib.StaticUserWebFilter$StaticUserFilter) to context logs
2019-06-13 08:23:38,683 INFO  http.HttpServer2 (HttpServer2.java:addFilter(958)) - Added filter static_user_filter (class=org.apache.hadoop.http.lib.StaticUserWebFilter$StaticUserFilter) to context static
2019-06-13 08:23:38,683 INFO  http.HttpServer2 (HttpServer2.java:bindListener(1191)) - Jetty bound to port 35837
2019-06-13 08:23:38,684 INFO  server.Server (Server.java:doStart(351)) - jetty-9.3.24.v20180605, build timestamp: 2018-06-05T17:11:56Z, git hash: 84205aa28f11a4f31f2a3b86d1bba2cc8ab69827
2019-06-13 08:23:38,688 INFO  handler.ContextHandler (ContextHandler.java:doStart(781)) - Started o.e.j.s.ServletContextHandler@5122e4bf{/logs,file:///opt/src/hadoop-ozone/integration-test/target/log,AVAILABLE}
2019-06-13 08:23:38,688 INFO  handler.ContextHandler (ContextHandler.java:doStart(781)) - Started o.e.j.s.ServletContextHandler@58a7dc4{/static,jar:file:/root/.m2/repository/org/apache/hadoop/hadoop-hdds-container-service/0.5.0-SNAPSHOT/hadoop-hdds-container-service-0.5.0-SNAPSHOT.jar!/webapps/static,AVAILABLE}
2019-06-13 08:23:38,717 INFO  handler.ContextHandler (ContextHandler.java:doStart(781)) - Started o.e.j.w.WebAppContext@578c3fd9{/,file:///tmp/jetty-0.0.0.0-35837-hddsDatanode-_-any-7722615946856151762.dir/webapp/,AVAILABLE}{/hddsDatanode}
2019-06-13 08:23:38,718 INFO  server.AbstractConnector (AbstractConnector.java:doStart(278)) - Started ServerConnector@245cb8df{HTTP/1.1,[http/1.1]}{0.0.0.0:35837}
2019-06-13 08:23:38,719 INFO  server.Server (Server.java:doStart(419)) - Started @5006ms
2019-06-13 08:23:38,719 INFO  server.BaseHttpServer (BaseHttpServer.java:updateConnectorAddress(207)) - HTTP server of HDDSDATANODE is listening at http://0.0.0.0:35837
2019-06-13 08:23:38,857 INFO  ozone.HddsDatanodeService (HddsDatanodeService.java:startPlugins(396)) - Started plug-in org.apache.hadoop.ozone.web.OzoneHddsDatanodeService@28daf506
2019-06-13 08:23:38,857 INFO  ozone.MiniOzoneClusterImpl (MiniOzoneClusterImpl.java:lambda$waitForClusterToBeReady$0(142)) - Waiting for cluster to be ready. Got 0 of 6 DN Heartbeats.
2019-06-13 08:23:38,861 INFO  util.JvmPauseMonitor (JvmPauseMonitor.java:run(188)) - Starting JVM pause monitor
2019-06-13 08:23:38,862 INFO  datanode.InitDatanodeState (InitDatanodeState.java:persistContainerDatanodeDetails(140)) - DatanodeDetails is persisted to /opt/src/hadoop-ozone/integration-test/target/test-dir/MiniOzoneClusterImpl-e858ead4-c6ee-4ff2-98d1-13d579e3052d/datanode-5/meta/datanode.id
2019-06-13 08:23:39,858 INFO  ozone.MiniOzoneClusterImpl (MiniOzoneClusterImpl.java:lambda$waitForClusterToBeReady$0(142)) - Waiting for cluster to be ready. Got 0 of 6 DN Heartbeats.
2019-06-13 08:23:39,867 INFO  ozoneimpl.OzoneContainer (OzoneContainer.java:start(186)) - Attempting to start container services.
2019-06-13 08:23:39,867 INFO  ozoneimpl.OzoneContainer (OzoneContainer.java:startContainerScrub(160)) - Background container scrubber has been disabled by hdds.containerscrub.enabled
2019-06-13 08:23:39,867 INFO  ratis.XceiverServerRatis (XceiverServerRatis.java:start(418)) - Starting XceiverServerRatis 126092fe-746b-4437-82ad-f59d4bb6f6e4 at port 33281
2019-06-13 08:23:39,881 INFO  impl.RaftServerProxy (RaftServerProxy.java:lambda$start$3(299)) - 126092fe-746b-4437-82ad-f59d4bb6f6e4: start RPC server
2019-06-13 08:23:39,994 INFO  server.GrpcService (GrpcService.java:startImpl(148)) - 126092fe-746b-4437-82ad-f59d4bb6f6e4: GrpcService started, listening on 0.0.0.0/0.0.0.0:33281
2019-06-13 08:23:40,027 INFO  ozoneimpl.OzoneContainer (OzoneContainer.java:start(186)) - Attempting to start container services.
2019-06-13 08:23:40,028 INFO  ozoneimpl.OzoneContainer (OzoneContainer.java:startContainerScrub(160)) - Background container scrubber has been disabled by hdds.containerscrub.enabled
2019-06-13 08:23:40,028 INFO  ratis.XceiverServerRatis (XceiverServerRatis.java:start(418)) - Starting XceiverServerRatis dd768977-4102-4bb6-89f1-5c39dbf52758 at port 44633
2019-06-13 08:23:40,034 INFO  impl.RaftServerProxy (RaftServerProxy.java:lambda$start$3(299)) - dd768977-4102-4bb6-89f1-5c39dbf52758: start RPC server
2019-06-13 08:23:40,039 INFO  server.GrpcService (GrpcService.java:startImpl(148)) - dd768977-4102-4bb6-89f1-5c39dbf52758: GrpcService started, listening on 0.0.0.0/0.0.0.0:44633
2019-06-13 08:23:40,302 INFO  ozoneimpl.OzoneContainer (OzoneContainer.java:start(186)) - Attempting to start container services.
2019-06-13 08:23:40,304 INFO  ozoneimpl.OzoneContainer (OzoneContainer.java:startContainerScrub(160)) - Background container scrubber has been disabled by hdds.containerscrub.enabled
2019-06-13 08:23:40,304 INFO  ratis.XceiverServerRatis (XceiverServerRatis.java:start(418)) - Starting XceiverServerRatis 1acc29d4-579d-4f5f-836d-b707666a250c at port 46071
2019-06-13 08:23:40,319 INFO  impl.RaftServerProxy (RaftServerProxy.java:lambda$start$3(299)) - 1acc29d4-579d-4f5f-836d-b707666a250c: start RPC server
2019-06-13 08:23:40,321 INFO  server.GrpcService (GrpcService.java:startImpl(148)) - 1acc29d4-579d-4f5f-836d-b707666a250c: GrpcService started, listening on 0.0.0.0/0.0.0.0:46071
2019-06-13 08:23:40,477 INFO  ozoneimpl.OzoneContainer (OzoneContainer.java:start(186)) - Attempting to start container services.
2019-06-13 08:23:40,478 INFO  ozoneimpl.OzoneContainer (OzoneContainer.java:startContainerScrub(160)) - Background container scrubber has been disabled by hdds.containerscrub.enabled
2019-06-13 08:23:40,479 INFO  ratis.XceiverServerRatis (XceiverServerRatis.java:start(418)) - Starting XceiverServerRatis 6e0d6874-5413-4e7d-be4c-697216d5f152 at port 42069
2019-06-13 08:23:40,483 INFO  impl.RaftServerProxy (RaftServerProxy.java:lambda$start$3(299)) - 6e0d6874-5413-4e7d-be4c-697216d5f152: start RPC server
2019-06-13 08:23:40,485 INFO  server.GrpcService (GrpcService.java:startImpl(148)) - 6e0d6874-5413-4e7d-be4c-697216d5f152: GrpcService started, listening on 0.0.0.0/0.0.0.0:42069
2019-06-13 08:23:40,661 INFO  ozoneimpl.OzoneContainer (OzoneContainer.java:start(186)) - Attempting to start container services.
2019-06-13 08:23:40,662 INFO  ozoneimpl.OzoneContainer (OzoneContainer.java:startContainerScrub(160)) - Background container scrubber has been disabled by hdds.containerscrub.enabled
2019-06-13 08:23:40,662 INFO  ratis.XceiverServerRatis (XceiverServerRatis.java:start(418)) - Starting XceiverServerRatis 9adcc086-99e4-4799-be69-06b9906a2c33 at port 34927
2019-06-13 08:23:40,667 INFO  impl.RaftServerProxy (RaftServerProxy.java:lambda$start$3(299)) - 9adcc086-99e4-4799-be69-06b9906a2c33: start RPC server
2019-06-13 08:23:40,668 INFO  server.GrpcService (GrpcService.java:startImpl(148)) - 9adcc086-99e4-4799-be69-06b9906a2c33: GrpcService started, listening on 0.0.0.0/0.0.0.0:34927
2019-06-13 08:23:40,858 INFO  ozone.MiniOzoneClusterImpl (MiniOzoneClusterImpl.java:lambda$waitForClusterToBeReady$0(142)) - Waiting for cluster to be ready. Got 0 of 6 DN Heartbeats.
2019-06-13 08:23:40,864 INFO  ozoneimpl.OzoneContainer (OzoneContainer.java:start(186)) - Attempting to start container services.
2019-06-13 08:23:40,865 INFO  ozoneimpl.OzoneContainer (OzoneContainer.java:startContainerScrub(160)) - Background container scrubber has been disabled by hdds.containerscrub.enabled
2019-06-13 08:23:40,866 INFO  ratis.XceiverServerRatis (XceiverServerRatis.java:start(418)) - Starting XceiverServerRatis e43d15bb-b94a-46b7-b63a-5edd61edca27 at port 38161
2019-06-13 08:23:40,869 INFO  impl.RaftServerProxy (RaftServerProxy.java:lambda$start$3(299)) - e43d15bb-b94a-46b7-b63a-5edd61edca27: start RPC server
2019-06-13 08:23:40,871 INFO  server.GrpcService (GrpcService.java:startImpl(148)) - e43d15bb-b94a-46b7-b63a-5edd61edca27: GrpcService started, listening on 0.0.0.0/0.0.0.0:38161
2019-06-13 08:23:41,860 INFO  ozone.MiniOzoneClusterImpl (MiniOzoneClusterImpl.java:lambda$waitForClusterToBeReady$0(142)) - Waiting for cluster to be ready. Got 0 of 6 DN Heartbeats.
2019-06-13 08:23:41,864 INFO  node.SCMNodeManager (SCMNodeManager.java:register(234)) - Registered Data node : 126092fe-746b-4437-82ad-f59d4bb6f6e4{ip: 192.168.46.21, host: ozone-vhvb6-1831697805, networkLocation: /default-rack, certSerialId: null}
2019-06-13 08:23:41,867 INFO  safemode.SCMSafeModeManager (DataNodeSafeModeRule.java:process(71)) - SCM in safe mode. 1 DataNodes registered, 1 required.
2019-06-13 08:23:41,867 INFO  safemode.SCMSafeModeManager (SCMSafeModeManager.java:validateSafeModeExitRules(177)) - ScmSafeModeManager, all rules are successfully validated
2019-06-13 08:23:41,867 INFO  safemode.SCMSafeModeManager (SCMSafeModeManager.java:exitSafeMode(193)) - SCM exiting safe mode.
2019-06-13 08:23:42,025 INFO  node.SCMNodeManager (SCMNodeManager.java:register(234)) - Registered Data node : dd768977-4102-4bb6-89f1-5c39dbf52758{ip: 192.168.46.21, host: ozone-vhvb6-1831697805, networkLocation: /default-rack, certSerialId: null}
2019-06-13 08:23:42,170 INFO  impl.RaftServerProxy (RaftServerProxy.java:addNew(89)) - 126092fe-746b-4437-82ad-f59d4bb6f6e4: addNew group-2646D1A1901D:[126092fe-746b-4437-82ad-f59d4bb6f6e4:192.168.46.21:33281] returns group-2646D1A1901D:java.util.concurrent.CompletableFuture@1664ea96[Not completed]
2019-06-13 08:23:42,175 INFO  impl.RaftServerImpl (RaftServerImpl.java:<init>(91)) - 126092fe-746b-4437-82ad-f59d4bb6f6e4: new RaftServerImpl for group-2646D1A1901D:[126092fe-746b-4437-82ad-f59d4bb6f6e4:192.168.46.21:33281] with ContainerStateMachine:uninitialized
2019-06-13 08:23:42,177 INFO  server.RaftServerConfigKeys (ConfUtils.java:logGet(43)) - raft.server.rpc.timeout.min = 1s (custom)
2019-06-13 08:23:42,177 INFO  server.RaftServerConfigKeys (ConfUtils.java:logGet(43)) - raft.server.rpc.timeout.max = 1200ms (custom)
2019-06-13 08:23:42,177 INFO  server.RaftServerConfigKeys (ConfUtils.java:logGet(43)) - raft.server.rpcslowness.timeout = 10s (custom)
2019-06-13 08:23:42,178 INFO  server.RaftServerConfigKeys (ConfUtils.java:logGet(43)) - raft.server.log.appender.install.snapshot.enabled = true (default)
2019-06-13 08:23:42,184 INFO  impl.RaftServerImpl (ServerState.java:<init>(101)) - 126092fe-746b-4437-82ad-f59d4bb6f6e4:group-2646D1A1901D ConfigurationManager, init=-1: [126092fe-746b-4437-82ad-f59d4bb6f6e4:192.168.46.21:33281], old=null, confs=<EMPTY_MAP>
2019-06-13 08:23:42,184 INFO  server.RaftServerConfigKeys (ConfUtils.java:logGet(43)) - raft.server.storage.dir = [/opt/src/hadoop-ozone/integration-test/target/test-dir/MiniOzoneClusterImpl-e858ead4-c6ee-4ff2-98d1-13d579e3052d/datanode-0/data/ratis] (custom)
2019-06-13 08:23:42,190 INFO  storage.RaftStorageDirectory (RaftStorageDirectory.java:analyzeStorage(246)) - The storage directory /opt/src/hadoop-ozone/integration-test/target/test-dir/MiniOzoneClusterImpl-e858ead4-c6ee-4ff2-98d1-13d579e3052d/datanode-0/data/ratis/38e89240-4b37-4a15-aaef-2646d1a1901d does not exist. Creating ...
2019-06-13 08:23:42,196 INFO  storage.RaftStorageDirectory (RaftStorageDirectory.java:tryLock(328)) - Lock on /opt/src/hadoop-ozone/integration-test/target/test-dir/MiniOzoneClusterImpl-e858ead4-c6ee-4ff2-98d1-13d579e3052d/datanode-0/data/ratis/38e89240-4b37-4a15-aaef-2646d1a1901d/in_use.lock acquired by nodename 10142@ozone-vhvb6-1831697805
2019-06-13 08:23:42,199 INFO  storage.RaftStorage (RaftStorage.java:format(75)) - Storage directory /opt/src/hadoop-ozone/integration-test/target/test-dir/MiniOzoneClusterImpl-e858ead4-c6ee-4ff2-98d1-13d579e3052d/datanode-0/data/ratis/38e89240-4b37-4a15-aaef-2646d1a1901d has been successfully formatted.
2019-06-13 08:23:42,200 INFO  ratis.ContainerStateMachine (ContainerStateMachine.java:loadSnapshot(199)) - The snapshot info is null.Setting the last applied index to:(t:0, i:~)
2019-06-13 08:23:42,200 INFO  server.RaftServerConfigKeys (ConfUtils.java:logGet(43)) - raft.server.leader.election.timeout = 10s (custom)
2019-06-13 08:23:42,201 INFO  server.RaftServerConfigKeys (ConfUtils.java:logGet(43)) - raft.server.log.use.memory = false (default)
2019-06-13 08:23:42,203 INFO  server.RaftServerConfigKeys (ConfUtils.java:logGet(43)) - raft.server.log.appender.buffer.byte-limit = 33554432 (custom)
2019-06-13 08:23:42,206 INFO  server.RaftServerConfigKeys (ConfUtils.java:logGet(43)) - raft.server.log.segment.size.max = 16384 (custom)
2019-06-13 08:23:42,210 INFO  server.RaftServerConfigKeys (ConfUtils.java:logGet(43)) - raft.server.log.segment.cache.num.max = 2 (custom)
2019-06-13 08:23:42,324 INFO  node.SCMNodeManager (SCMNodeManager.java:register(234)) - Registered Data node : 1acc29d4-579d-4f5f-836d-b707666a250c{ip: 192.168.46.21, host: ozone-vhvb6-1831697805, networkLocation: /default-rack, certSerialId: null}
2019-06-13 08:23:42,327 INFO  storage.RaftLogWorker (RaftLogWorker.java:<init>(123)) - new 126092fe-746b-4437-82ad-f59d4bb6f6e4-RaftLogWorker for Storage Directory /opt/src/hadoop-ozone/integration-test/target/test-dir/MiniOzoneClusterImpl-e858ead4-c6ee-4ff2-98d1-13d579e3052d/datanode-0/data/ratis/38e89240-4b37-4a15-aaef-2646d1a1901d
2019-06-13 08:23:42,328 INFO  server.RaftServerConfigKeys (ConfUtils.java:logGet(43)) - raft.server.log.queue.byte-limit = 2147483647 (custom)
2019-06-13 08:23:42,328 INFO  server.RaftServerConfigKeys (ConfUtils.java:logGet(43)) - raft.server.log.queue.element-limit = 1024 (custom)
2019-06-13 08:23:42,330 INFO  server.RaftServerConfigKeys (ConfUtils.java:logGet(43)) - raft.server.log.segment.size.max = 16384 (custom)
2019-06-13 08:23:42,331 INFO  server.RaftServerConfigKeys (ConfUtils.java:logGet(43)) - raft.server.log.preallocated.size = 16384 (custom)
2019-06-13 08:23:42,331 INFO  server.RaftServerConfigKeys (ConfUtils.java:logGet(43)) - raft.server.log.write.buffer.size = 33554432 (custom)
2019-06-13 08:23:42,331 INFO  server.RaftServerConfigKeys (ConfUtils.java:logGet(43)) - raft.server.log.force.sync.num = 128 (default)
2019-06-13 08:23:42,332 INFO  server.RaftServerConfigKeys (ConfUtils.java:logGet(43)) - raft.server.log.statemachine.data.sync = true (default)
2019-06-13 08:23:42,333 INFO  server.RaftServerConfigKeys (ConfUtils.java:logGet(43)) - raft.server.log.statemachine.data.sync.timeout = 10s (default)
2019-06-13 08:23:42,333 INFO  server.RaftServerConfigKeys (ConfUtils.java:logGet(43)) - raft.server.log.statemachine.data.sync.timeout.retry = -1 (default)
2019-06-13 08:23:42,335 INFO  server.RaftServerConfigKeys (ConfUtils.java:logGet(43)) - raft.server.log.statemachine.data.caching.enabled = true (custom)
2019-06-13 08:23:42,341 INFO  server.RaftServerConfigKeys (ConfUtils.java:logGet(43)) - raft.server.snapshot.auto.trigger.enabled = true (custom)
2019-06-13 08:23:42,342 INFO  server.RaftServerConfigKeys (ConfUtils.java:logGet(43)) - raft.server.snapshot.auto.trigger.threshold = 10000 (custom)
2019-06-13 08:23:42,342 INFO  server.RaftServerConfigKeys (ConfUtils.java:logGet(43)) - raft.server.retrycache.expirytime = 600000ms (custom)
2019-06-13 08:23:42,360 INFO  impl.RaftServerImpl (RaftServerImpl.java:start(173)) - 126092fe-746b-4437-82ad-f59d4bb6f6e4: start group-2646D1A1901D
2019-06-13 08:23:42,361 INFO  impl.RaftServerImpl (RaftServerImpl.java:setRole(164)) - 126092fe-746b-4437-82ad-f59d4bb6f6e4:group-2646D1A1901D changes role from null to FOLLOWER at term 0 for startAsFollower
2019-06-13 08:23:42,361 INFO  impl.RoleInfo (RoleInfo.java:updateAndGet(143)) - 126092fe-746b-4437-82ad-f59d4bb6f6e4: start FollowerState
2019-06-13 08:23:42,363 INFO  util.JmxRegister (JmxRegister.java:tryRegister(44)) - Successfully registered JMX Bean with object name Ratis:service=RaftServer,group=group-2646D1A1901D,id=126092fe-746b-4437-82ad-f59d4bb6f6e4
2019-06-13 08:23:42,397 INFO  pipeline.PipelineStateManager (PipelineStateManager.java:addPipeline(56)) - Created pipeline Pipeline[ Id: 38e89240-4b37-4a15-aaef-2646d1a1901d, Nodes: 126092fe-746b-4437-82ad-f59d4bb6f6e4{ip: 192.168.46.21, host: ozone-vhvb6-1831697805, networkLocation: /default-rack, certSerialId: null}, Type:RATIS, Factor:ONE, State:OPEN]
2019-06-13 08:23:42,412 INFO  impl.RaftServerProxy (RaftServerProxy.java:addNew(89)) - dd768977-4102-4bb6-89f1-5c39dbf52758: addNew group-063994306BF6:[dd768977-4102-4bb6-89f1-5c39dbf52758:192.168.46.21:44633] returns group-063994306BF6:java.util.concurrent.CompletableFuture@2ab8bfe2[Not completed]
2019-06-13 08:23:42,412 INFO  impl.RaftServerImpl (RaftServerImpl.java:<init>(91)) - dd768977-4102-4bb6-89f1-5c39dbf52758: new RaftServerImpl for group-063994306BF6:[dd768977-4102-4bb6-89f1-5c39dbf52758:192.168.46.21:44633] with ContainerStateMachine:uninitialized
2019-06-13 08:23:42,413 INFO  server.RaftServerConfigKeys (ConfUtils.java:logGet(43)) - raft.server.rpc.timeout.min = 1s (custom)
2019-06-13 08:23:42,413 INFO  server.RaftServerConfigKeys (ConfUtils.java:logGet(43)) - raft.server.rpc.timeout.max = 1200ms (custom)
2019-06-13 08:23:42,414 INFO  server.RaftServerConfigKeys (ConfUtils.java:logGet(43)) - raft.server.rpcslowness.timeout = 10s (custom)
2019-06-13 08:23:42,414 INFO  server.RaftServerConfigKeys (ConfUtils.java:logGet(43)) - raft.server.log.appender.install.snapshot.enabled = true (default)
2019-06-13 08:23:42,414 INFO  impl.RaftServerImpl (ServerState.java:<init>(101)) - dd768977-4102-4bb6-89f1-5c39dbf52758:group-063994306BF6 ConfigurationManager, init=-1: [dd768977-4102-4bb6-89f1-5c39dbf52758:192.168.46.21:44633], old=null, confs=<EMPTY_MAP>
2019-06-13 08:23:42,414 INFO  server.RaftServerConfigKeys (ConfUtils.java:logGet(43)) - raft.server.storage.dir = [/opt/src/hadoop-ozone/integration-test/target/test-dir/MiniOzoneClusterImpl-e858ead4-c6ee-4ff2-98d1-13d579e3052d/datanode-1/data/ratis] (custom)
2019-06-13 08:23:42,414 INFO  storage.RaftStorageDirectory (RaftStorageDirectory.java:analyzeStorage(246)) - The storage directory /opt/src/hadoop-ozone/integration-test/target/test-dir/MiniOzoneClusterImpl-e858ead4-c6ee-4ff2-98d1-13d579e3052d/datanode-1/data/ratis/fc27bd02-623c-425d-ad0e-063994306bf6 does not exist. Creating ...
2019-06-13 08:23:42,416 INFO  storage.RaftStorageDirectory (RaftStorageDirectory.java:tryLock(328)) - Lock on /opt/src/hadoop-ozone/integration-test/target/test-dir/MiniOzoneClusterImpl-e858ead4-c6ee-4ff2-98d1-13d579e3052d/datanode-1/data/ratis/fc27bd02-623c-425d-ad0e-063994306bf6/in_use.lock acquired by nodename 10142@ozone-vhvb6-1831697805
2019-06-13 08:23:42,418 INFO  storage.RaftStorage (RaftStorage.java:format(75)) - Storage directory /opt/src/hadoop-ozone/integration-test/target/test-dir/MiniOzoneClusterImpl-e858ead4-c6ee-4ff2-98d1-13d579e3052d/datanode-1/data/ratis/fc27bd02-623c-425d-ad0e-063994306bf6 has been successfully formatted.
2019-06-13 08:23:42,418 INFO  ratis.ContainerStateMachine (ContainerStateMachine.java:loadSnapshot(199)) - The snapshot info is null.Setting the last applied index to:(t:0, i:~)
2019-06-13 08:23:42,419 INFO  server.RaftServerConfigKeys (ConfUtils.java:logGet(43)) - raft.server.leader.election.timeout = 10s (custom)
2019-06-13 08:23:42,419 INFO  server.RaftServerConfigKeys (ConfUtils.java:logGet(43)) - raft.server.log.use.memory = false (default)
2019-06-13 08:23:42,419 INFO  server.RaftServerConfigKeys (ConfUtils.java:logGet(43)) - raft.server.log.appender.buffer.byte-limit = 33554432 (custom)
2019-06-13 08:23:42,419 INFO  server.RaftServerConfigKeys (ConfUtils.java:logGet(43)) - raft.server.log.segment.size.max = 16384 (custom)
2019-06-13 08:23:42,419 INFO  server.RaftServerConfigKeys (ConfUtils.java:logGet(43)) - raft.server.log.segment.cache.num.max = 2 (custom)
2019-06-13 08:23:42,419 INFO  storage.RaftLogWorker (RaftLogWorker.java:<init>(123)) - new dd768977-4102-4bb6-89f1-5c39dbf52758-RaftLogWorker for Storage Directory /opt/src/hadoop-ozone/integration-test/target/test-dir/MiniOzoneClusterImpl-e858ead4-c6ee-4ff2-98d1-13d579e3052d/datanode-1/data/ratis/fc27bd02-623c-425d-ad0e-063994306bf6
2019-06-13 08:23:42,420 INFO  server.RaftServerConfigKeys (ConfUtils.java:logGet(43)) - raft.server.log.queue.byte-limit = 2147483647 (custom)
2019-06-13 08:23:42,420 INFO  server.RaftServerConfigKeys (ConfUtils.java:logGet(43)) - raft.server.log.queue.element-limit = 1024 (custom)
2019-06-13 08:23:42,420 INFO  server.RaftServerConfigKeys (ConfUtils.java:logGet(43)) - raft.server.log.segment.size.max = 16384 (custom)
2019-06-13 08:23:42,420 INFO  server.RaftServerConfigKeys (ConfUtils.java:logGet(43)) - raft.server.log.preallocated.size = 16384 (custom)
2019-06-13 08:23:42,420 INFO  server.RaftServerConfigKeys (ConfUtils.java:logGet(43)) - raft.server.log.write.buffer.size = 33554432 (custom)
2019-06-13 08:23:42,420 INFO  server.RaftServerConfigKeys (ConfUtils.java:logGet(43)) - raft.server.log.force.sync.num = 128 (default)
2019-06-13 08:23:42,420 INFO  server.RaftServerConfigKeys (ConfUtils.java:logGet(43)) - raft.server.log.statemachine.data.sync = true (default)
2019-06-13 08:23:42,420 INFO  server.RaftServerConfigKeys (ConfUtils.java:logGet(43)) - raft.server.log.statemachine.data.sync.timeout = 10s (default)
2019-06-13 08:23:42,420 INFO  server.RaftServerConfigKeys (ConfUtils.java:logGet(43)) - raft.server.log.statemachine.data.sync.timeout.retry = -1 (default)
2019-06-13 08:23:42,420 INFO  server.RaftServerConfigKeys (ConfUtils.java:logGet(43)) - raft.server.log.statemachine.data.caching.enabled = true (custom)
2019-06-13 08:23:42,421 INFO  server.RaftServerConfigKeys (ConfUtils.java:logGet(43)) - raft.server.snapshot.auto.trigger.enabled = true (custom)
2019-06-13 08:23:42,421 INFO  server.RaftServerConfigKeys (ConfUtils.java:logGet(43)) - raft.server.snapshot.auto.trigger.threshold = 10000 (custom)
2019-06-13 08:23:42,421 INFO  server.RaftServerConfigKeys (ConfUtils.java:logGet(43)) - raft.server.retrycache.expirytime = 600000ms (custom)
2019-06-13 08:23:42,421 INFO  impl.RaftServerImpl (RaftServerImpl.java:start(173)) - dd768977-4102-4bb6-89f1-5c39dbf52758: start group-063994306BF6
2019-06-13 08:23:42,421 INFO  impl.RaftServerImpl (RaftServerImpl.java:setRole(164)) - dd768977-4102-4bb6-89f1-5c39dbf52758:group-063994306BF6 changes role from null to FOLLOWER at term 0 for startAsFollower
2019-06-13 08:23:42,421 INFO  impl.RoleInfo (RoleInfo.java:updateAndGet(143)) - dd768977-4102-4bb6-89f1-5c39dbf52758: start FollowerState
2019-06-13 08:23:42,422 INFO  util.JmxRegister (JmxRegister.java:tryRegister(44)) - Successfully registered JMX Bean with object name Ratis:service=RaftServer,group=group-063994306BF6,id=dd768977-4102-4bb6-89f1-5c39dbf52758
2019-06-13 08:23:42,430 INFO  pipeline.PipelineStateManager (PipelineStateManager.java:addPipeline(56)) - Created pipeline Pipeline[ Id: fc27bd02-623c-425d-ad0e-063994306bf6, Nodes: dd768977-4102-4bb6-89f1-5c39dbf52758{ip: 192.168.46.21, host: ozone-vhvb6-1831697805, networkLocation: /default-rack, certSerialId: null}, Type:RATIS, Factor:ONE, State:OPEN]
2019-06-13 08:23:42,446 INFO  impl.RaftServerProxy (RaftServerProxy.java:addNew(89)) - 1acc29d4-579d-4f5f-836d-b707666a250c: addNew group-31C60033AB90:[1acc29d4-579d-4f5f-836d-b707666a250c:192.168.46.21:46071] returns group-31C60033AB90:java.util.concurrent.CompletableFuture@6972ac6c[Not completed]
2019-06-13 08:23:42,484 INFO  impl.RaftServerImpl (RaftServerImpl.java:<init>(91)) - 1acc29d4-579d-4f5f-836d-b707666a250c: new RaftServerImpl for group-31C60033AB90:[1acc29d4-579d-4f5f-836d-b707666a250c:192.168.46.21:46071] with ContainerStateMachine:uninitialized
2019-06-13 08:23:42,484 INFO  node.SCMNodeManager (SCMNodeManager.java:register(234)) - Registered Data node : 6e0d6874-5413-4e7d-be4c-697216d5f152{ip: 192.168.46.21, host: ozone-vhvb6-1831697805, networkLocation: /default-rack, certSerialId: null}
2019-06-13 08:23:42,484 INFO  server.RaftServerConfigKeys (ConfUtils.java:logGet(43)) - raft.server.rpc.timeout.min = 1s (custom)
2019-06-13 08:23:42,484 INFO  server.RaftServerConfigKeys (ConfUtils.java:logGet(43)) - raft.server.rpc.timeout.max = 1200ms (custom)
2019-06-13 08:23:42,485 INFO  server.RaftServerConfigKeys (ConfUtils.java:logGet(43)) - raft.server.rpcslowness.timeout = 10s (custom)
2019-06-13 08:23:42,485 INFO  server.RaftServerConfigKeys (ConfUtils.java:logGet(43)) - raft.server.log.appender.install.snapshot.enabled = true (default)
2019-06-13 08:23:42,485 INFO  impl.RaftServerImpl (ServerState.java:<init>(101)) - 1acc29d4-579d-4f5f-836d-b707666a250c:group-31C60033AB90 ConfigurationManager, init=-1: [1acc29d4-579d-4f5f-836d-b707666a250c:192.168.46.21:46071], old=null, confs=<EMPTY_MAP>
2019-06-13 08:23:42,489 INFO  server.RaftServerConfigKeys (ConfUtils.java:logGet(43)) - raft.server.storage.dir = [/opt/src/hadoop-ozone/integration-test/target/test-dir/MiniOzoneClusterImpl-e858ead4-c6ee-4ff2-98d1-13d579e3052d/datanode-2/data/ratis] (custom)
2019-06-13 08:23:42,489 INFO  storage.RaftStorageDirectory (RaftStorageDirectory.java:analyzeStorage(246)) - The storage directory /opt/src/hadoop-ozone/integration-test/target/test-dir/MiniOzoneClusterImpl-e858ead4-c6ee-4ff2-98d1-13d579e3052d/datanode-2/data/ratis/85d1f97b-a135-41cf-9cca-31c60033ab90 does not exist. Creating ...
2019-06-13 08:23:42,492 INFO  storage.RaftStorageDirectory (RaftStorageDirectory.java:tryLock(328)) - Lock on /opt/src/hadoop-ozone/integration-test/target/test-dir/MiniOzoneClusterImpl-e858ead4-c6ee-4ff2-98d1-13d579e3052d/datanode-2/data/ratis/85d1f97b-a135-41cf-9cca-31c60033ab90/in_use.lock acquired by nodename 10142@ozone-vhvb6-1831697805
2019-06-13 08:23:42,494 INFO  storage.RaftStorage (RaftStorage.java:format(75)) - Storage directory /opt/src/hadoop-ozone/integration-test/target/test-dir/MiniOzoneClusterImpl-e858ead4-c6ee-4ff2-98d1-13d579e3052d/datanode-2/data/ratis/85d1f97b-a135-41cf-9cca-31c60033ab90 has been successfully formatted.
2019-06-13 08:23:42,495 INFO  ratis.ContainerStateMachine (ContainerStateMachine.java:loadSnapshot(199)) - The snapshot info is null.Setting the last applied index to:(t:0, i:~)
2019-06-13 08:23:42,496 INFO  server.RaftServerConfigKeys (ConfUtils.java:logGet(43)) - raft.server.leader.election.timeout = 10s (custom)
2019-06-13 08:23:42,496 INFO  server.RaftServerConfigKeys (ConfUtils.java:logGet(43)) - raft.server.log.use.memory = false (default)
2019-06-13 08:23:42,497 INFO  server.RaftServerConfigKeys (ConfUtils.java:logGet(43)) - raft.server.log.appender.buffer.byte-limit = 33554432 (custom)
2019-06-13 08:23:42,497 INFO  server.RaftServerConfigKeys (ConfUtils.java:logGet(43)) - raft.server.log.segment.size.max = 16384 (custom)
2019-06-13 08:23:42,497 INFO  server.RaftServerConfigKeys (ConfUtils.java:logGet(43)) - raft.server.log.segment.cache.num.max = 2 (custom)
2019-06-13 08:23:42,497 INFO  storage.RaftLogWorker (RaftLogWorker.java:<init>(123)) - new 1acc29d4-579d-4f5f-836d-b707666a250c-RaftLogWorker for Storage Directory /opt/src/hadoop-ozone/integration-test/target/test-dir/MiniOzoneClusterImpl-e858ead4-c6ee-4ff2-98d1-13d579e3052d/datanode-2/data/ratis/85d1f97b-a135-41cf-9cca-31c60033ab90
2019-06-13 08:23:42,499 INFO  server.RaftServerConfigKeys (ConfUtils.java:logGet(43)) - raft.server.log.queue.byte-limit = 2147483647 (custom)
2019-06-13 08:23:42,499 INFO  server.RaftServerConfigKeys (ConfUtils.java:logGet(43)) - raft.server.log.queue.element-limit = 1024 (custom)
2019-06-13 08:23:42,499 INFO  server.RaftServerConfigKeys (ConfUtils.java:logGet(43)) - raft.server.log.segment.size.max = 16384 (custom)
2019-06-13 08:23:42,500 INFO  server.RaftServerConfigKeys (ConfUtils.java:logGet(43)) - raft.server.log.preallocated.size = 16384 (custom)
2019-06-13 08:23:42,500 INFO  server.RaftServerConfigKeys (ConfUtils.java:logGet(43)) - raft.server.log.write.buffer.size = 33554432 (custom)
2019-06-13 08:23:42,500 INFO  server.RaftServerConfigKeys (ConfUtils.java:logGet(43)) - raft.server.log.force.sync.num = 128 (default)
2019-06-13 08:23:42,500 INFO  server.RaftServerConfigKeys (ConfUtils.java:logGet(43)) - raft.server.log.statemachine.data.sync = true (default)
2019-06-13 08:23:42,500 INFO  server.RaftServerConfigKeys (ConfUtils.java:logGet(43)) - raft.server.log.statemachine.data.sync.timeout = 10s (default)
2019-06-13 08:23:42,500 INFO  server.RaftServerConfigKeys (ConfUtils.java:logGet(43)) - raft.server.log.statemachine.data.sync.timeout.retry = -1 (default)
2019-06-13 08:23:42,500 INFO  server.RaftServerConfigKeys (ConfUtils.java:logGet(43)) - raft.server.log.statemachine.data.caching.enabled = true (custom)
2019-06-13 08:23:42,501 INFO  server.RaftServerConfigKeys (ConfUtils.java:logGet(43)) - raft.server.snapshot.auto.trigger.enabled = true (custom)
2019-06-13 08:23:42,501 INFO  server.RaftServerConfigKeys (ConfUtils.java:logGet(43)) - raft.server.snapshot.auto.trigger.threshold = 10000 (custom)
2019-06-13 08:23:42,501 INFO  server.RaftServerConfigKeys (ConfUtils.java:logGet(43)) - raft.server.retrycache.expirytime = 600000ms (custom)
2019-06-13 08:23:42,501 INFO  impl.RaftServerImpl (RaftServerImpl.java:start(173)) - 1acc29d4-579d-4f5f-836d-b707666a250c: start group-31C60033AB90
2019-06-13 08:23:42,501 INFO  impl.RaftServerImpl (RaftServerImpl.java:setRole(164)) - 1acc29d4-579d-4f5f-836d-b707666a250c:group-31C60033AB90 changes role from null to FOLLOWER at term 0 for startAsFollower
2019-06-13 08:23:42,501 INFO  impl.RoleInfo (RoleInfo.java:updateAndGet(143)) - 1acc29d4-579d-4f5f-836d-b707666a250c: start FollowerState
2019-06-13 08:23:42,501 INFO  util.JmxRegister (JmxRegister.java:tryRegister(44)) - Successfully registered JMX Bean with object name Ratis:service=RaftServer,group=group-31C60033AB90,id=1acc29d4-579d-4f5f-836d-b707666a250c
2019-06-13 08:23:42,509 INFO  pipeline.PipelineStateManager (PipelineStateManager.java:addPipeline(56)) - Created pipeline Pipeline[ Id: 85d1f97b-a135-41cf-9cca-31c60033ab90, Nodes: 1acc29d4-579d-4f5f-836d-b707666a250c{ip: 192.168.46.21, host: ozone-vhvb6-1831697805, networkLocation: /default-rack, certSerialId: null}, Type:RATIS, Factor:ONE, State:OPEN]
2019-06-13 08:23:42,524 INFO  impl.RaftServerProxy (RaftServerProxy.java:addNew(89)) - 6e0d6874-5413-4e7d-be4c-697216d5f152: addNew group-22A153895954:[6e0d6874-5413-4e7d-be4c-697216d5f152:192.168.46.21:42069] returns group-22A153895954:java.util.concurrent.CompletableFuture@4257a1f0[Not completed]
2019-06-13 08:23:42,528 INFO  impl.RaftServerImpl (RaftServerImpl.java:<init>(91)) - 6e0d6874-5413-4e7d-be4c-697216d5f152: new RaftServerImpl for group-22A153895954:[6e0d6874-5413-4e7d-be4c-697216d5f152:192.168.46.21:42069] with ContainerStateMachine:uninitialized
2019-06-13 08:23:42,529 INFO  server.RaftServerConfigKeys (ConfUtils.java:logGet(43)) - raft.server.rpc.timeout.min = 1s (custom)
2019-06-13 08:23:42,529 INFO  server.RaftServerConfigKeys (ConfUtils.java:logGet(43)) - raft.server.rpc.timeout.max = 1200ms (custom)
2019-06-13 08:23:42,529 INFO  server.RaftServerConfigKeys (ConfUtils.java:logGet(43)) - raft.server.rpcslowness.timeout = 10s (custom)
2019-06-13 08:23:42,529 INFO  server.RaftServerConfigKeys (ConfUtils.java:logGet(43)) - raft.server.log.appender.install.snapshot.enabled = true (default)
2019-06-13 08:23:42,529 INFO  impl.RaftServerImpl (ServerState.java:<init>(101)) - 6e0d6874-5413-4e7d-be4c-697216d5f152:group-22A153895954 ConfigurationManager, init=-1: [6e0d6874-5413-4e7d-be4c-697216d5f152:192.168.46.21:42069], old=null, confs=<EMPTY_MAP>
2019-06-13 08:23:42,529 INFO  server.RaftServerConfigKeys (ConfUtils.java:logGet(43)) - raft.server.storage.dir = [/opt/src/hadoop-ozone/integration-test/target/test-dir/MiniOzoneClusterImpl-e858ead4-c6ee-4ff2-98d1-13d579e3052d/datanode-3/data/ratis] (custom)
2019-06-13 08:23:42,529 INFO  storage.RaftStorageDirectory (RaftStorageDirectory.java:analyzeStorage(246)) - The storage directory /opt/src/hadoop-ozone/integration-test/target/test-dir/MiniOzoneClusterImpl-e858ead4-c6ee-4ff2-98d1-13d579e3052d/datanode-3/data/ratis/4b725edc-50d4-4d38-9ef6-22a153895954 does not exist. Creating ...
2019-06-13 08:23:42,532 INFO  storage.RaftStorageDirectory (RaftStorageDirectory.java:tryLock(328)) - Lock on /opt/src/hadoop-ozone/integration-test/target/test-dir/MiniOzoneClusterImpl-e858ead4-c6ee-4ff2-98d1-13d579e3052d/datanode-3/data/ratis/4b725edc-50d4-4d38-9ef6-22a153895954/in_use.lock acquired by nodename 10142@ozone-vhvb6-1831697805
2019-06-13 08:23:42,534 INFO  storage.RaftStorage (RaftStorage.java:format(75)) - Storage directory /opt/src/hadoop-ozone/integration-test/target/test-dir/MiniOzoneClusterImpl-e858ead4-c6ee-4ff2-98d1-13d579e3052d/datanode-3/data/ratis/4b725edc-50d4-4d38-9ef6-22a153895954 has been successfully formatted.
2019-06-13 08:23:42,534 INFO  ratis.ContainerStateMachine (ContainerStateMachine.java:loadSnapshot(199)) - The snapshot info is null.Setting the last applied index to:(t:0, i:~)
2019-06-13 08:23:42,534 INFO  server.RaftServerConfigKeys (ConfUtils.java:logGet(43)) - raft.server.leader.election.timeout = 10s (custom)
2019-06-13 08:23:42,534 INFO  server.RaftServerConfigKeys (ConfUtils.java:logGet(43)) - raft.server.log.use.memory = false (default)
2019-06-13 08:23:42,534 INFO  server.RaftServerConfigKeys (ConfUtils.java:logGet(43)) - raft.server.log.appender.buffer.byte-limit = 33554432 (custom)
2019-06-13 08:23:42,534 INFO  server.RaftServerConfigKeys (ConfUtils.java:logGet(43)) - raft.server.log.segment.size.max = 16384 (custom)
2019-06-13 08:23:42,534 INFO  server.RaftServerConfigKeys (ConfUtils.java:logGet(43)) - raft.server.log.segment.cache.num.max = 2 (custom)
2019-06-13 08:23:42,534 INFO  storage.RaftLogWorker (RaftLogWorker.java:<init>(123)) - new 6e0d6874-5413-4e7d-be4c-697216d5f152-RaftLogWorker for Storage Directory /opt/src/hadoop-ozone/integration-test/target/test-dir/MiniOzoneClusterImpl-e858ead4-c6ee-4ff2-98d1-13d579e3052d/datanode-3/data/ratis/4b725edc-50d4-4d38-9ef6-22a153895954
2019-06-13 08:23:42,534 INFO  server.RaftServerConfigKeys (ConfUtils.java:logGet(43)) - raft.server.log.queue.byte-limit = 2147483647 (custom)
2019-06-13 08:23:42,535 INFO  server.RaftServerConfigKeys (ConfUtils.java:logGet(43)) - raft.server.log.queue.element-limit = 1024 (custom)
2019-06-13 08:23:42,535 INFO  server.RaftServerConfigKeys (ConfUtils.java:logGet(43)) - raft.server.log.segment.size.max = 16384 (custom)
2019-06-13 08:23:42,535 INFO  server.RaftServerConfigKeys (ConfUtils.java:logGet(43)) - raft.server.log.preallocated.size = 16384 (custom)
2019-06-13 08:23:42,535 INFO  server.RaftServerConfigKeys (ConfUtils.java:logGet(43)) - raft.server.log.write.buffer.size = 33554432 (custom)
2019-06-13 08:23:42,535 INFO  server.RaftServerConfigKeys (ConfUtils.java:logGet(43)) - raft.server.log.force.sync.num = 128 (default)
2019-06-13 08:23:42,535 INFO  server.RaftServerConfigKeys (ConfUtils.java:logGet(43)) - raft.server.log.statemachine.data.sync = true (default)
2019-06-13 08:23:42,535 INFO  server.RaftServerConfigKeys (ConfUtils.java:logGet(43)) - raft.server.log.statemachine.data.sync.timeout = 10s (default)
2019-06-13 08:23:42,535 INFO  server.RaftServerConfigKeys (ConfUtils.java:logGet(43)) - raft.server.log.statemachine.data.sync.timeout.retry = -1 (default)
2019-06-13 08:23:42,535 INFO  server.RaftServerConfigKeys (ConfUtils.java:logGet(43)) - raft.server.log.statemachine.data.caching.enabled = true (custom)
2019-06-13 08:23:42,535 INFO  server.RaftServerConfigKeys (ConfUtils.java:logGet(43)) - raft.server.snapshot.auto.trigger.enabled = true (custom)
2019-06-13 08:23:42,535 INFO  server.RaftServerConfigKeys (ConfUtils.java:logGet(43)) - raft.server.snapshot.auto.trigger.threshold = 10000 (custom)
2019-06-13 08:23:42,536 INFO  server.RaftServerConfigKeys (ConfUtils.java:logGet(43)) - raft.server.retrycache.expirytime = 600000ms (custom)
2019-06-13 08:23:42,536 INFO  impl.RaftServerImpl (RaftServerImpl.java:start(173)) - 6e0d6874-5413-4e7d-be4c-697216d5f152: start group-22A153895954
2019-06-13 08:23:42,536 INFO  impl.RaftServerImpl (RaftServerImpl.java:setRole(164)) - 6e0d6874-5413-4e7d-be4c-697216d5f152:group-22A153895954 changes role from null to FOLLOWER at term 0 for startAsFollower
2019-06-13 08:23:42,536 INFO  impl.RoleInfo (RoleInfo.java:updateAndGet(143)) - 6e0d6874-5413-4e7d-be4c-697216d5f152: start FollowerState
2019-06-13 08:23:42,536 INFO  util.JmxRegister (JmxRegister.java:tryRegister(44)) - Successfully registered JMX Bean with object name Ratis:service=RaftServer,group=group-22A153895954,id=6e0d6874-5413-4e7d-be4c-697216d5f152
2019-06-13 08:23:42,552 INFO  pipeline.PipelineStateManager (PipelineStateManager.java:addPipeline(56)) - Created pipeline Pipeline[ Id: 4b725edc-50d4-4d38-9ef6-22a153895954, Nodes: 6e0d6874-5413-4e7d-be4c-697216d5f152{ip: 192.168.46.21, host: ozone-vhvb6-1831697805, networkLocation: /default-rack, certSerialId: null}, Type:RATIS, Factor:ONE, State:OPEN]
2019-06-13 08:23:42,585 INFO  impl.RaftServerProxy (RaftServerProxy.java:addNew(89)) - 126092fe-746b-4437-82ad-f59d4bb6f6e4: addNew group-FD1344F45FD8:[dd768977-4102-4bb6-89f1-5c39dbf52758:192.168.46.21:44633, 1acc29d4-579d-4f5f-836d-b707666a250c:192.168.46.21:46071, 126092fe-746b-4437-82ad-f59d4bb6f6e4:192.168.46.21:33281] returns group-FD1344F45FD8:java.util.concurrent.CompletableFuture@4835369b[Not completed]
2019-06-13 08:23:42,586 INFO  impl.RaftServerProxy (RaftServerProxy.java:addNew(89)) - 1acc29d4-579d-4f5f-836d-b707666a250c: addNew group-FD1344F45FD8:[dd768977-4102-4bb6-89f1-5c39dbf52758:192.168.46.21:44633, 1acc29d4-579d-4f5f-836d-b707666a250c:192.168.46.21:46071, 126092fe-746b-4437-82ad-f59d4bb6f6e4:192.168.46.21:33281] returns group-FD1344F45FD8:java.util.concurrent.CompletableFuture@24ed1e59[Not completed]
2019-06-13 08:23:42,586 INFO  impl.RaftServerProxy (RaftServerProxy.java:addNew(89)) - dd768977-4102-4bb6-89f1-5c39dbf52758: addNew group-FD1344F45FD8:[dd768977-4102-4bb6-89f1-5c39dbf52758:192.168.46.21:44633, 1acc29d4-579d-4f5f-836d-b707666a250c:192.168.46.21:46071, 126092fe-746b-4437-82ad-f59d4bb6f6e4:192.168.46.21:33281] returns group-FD1344F45FD8:java.util.concurrent.CompletableFuture@6a7c40f3[Not completed]
2019-06-13 08:23:42,586 INFO  impl.RaftServerImpl (RaftServerImpl.java:<init>(91)) - 126092fe-746b-4437-82ad-f59d4bb6f6e4: new RaftServerImpl for group-FD1344F45FD8:[dd768977-4102-4bb6-89f1-5c39dbf52758:192.168.46.21:44633, 1acc29d4-579d-4f5f-836d-b707666a250c:192.168.46.21:46071, 126092fe-746b-4437-82ad-f59d4bb6f6e4:192.168.46.21:33281] with ContainerStateMachine:uninitialized
2019-06-13 08:23:42,586 INFO  server.RaftServerConfigKeys (ConfUtils.java:logGet(43)) - raft.server.rpc.timeout.min = 1s (custom)
2019-06-13 08:23:42,586 INFO  server.RaftServerConfigKeys (ConfUtils.java:logGet(43)) - raft.server.rpc.timeout.max = 1200ms (custom)
2019-06-13 08:23:42,586 INFO  server.RaftServerConfigKeys (ConfUtils.java:logGet(43)) - raft.server.rpcslowness.timeout = 10s (custom)
2019-06-13 08:23:42,586 INFO  impl.RaftServerImpl (RaftServerImpl.java:<init>(91)) - dd768977-4102-4bb6-89f1-5c39dbf52758: new RaftServerImpl for group-FD1344F45FD8:[dd768977-4102-4bb6-89f1-5c39dbf52758:192.168.46.21:44633, 1acc29d4-579d-4f5f-836d-b707666a250c:192.168.46.21:46071, 126092fe-746b-4437-82ad-f59d4bb6f6e4:192.168.46.21:33281] with ContainerStateMachine:uninitialized
2019-06-13 08:23:42,587 INFO  server.RaftServerConfigKeys (ConfUtils.java:logGet(43)) - raft.server.rpc.timeout.min = 1s (custom)
2019-06-13 08:23:42,587 INFO  server.RaftServerConfigKeys (ConfUtils.java:logGet(43)) - raft.server.rpc.timeout.max = 1200ms (custom)
2019-06-13 08:23:42,587 INFO  server.RaftServerConfigKeys (ConfUtils.java:logGet(43)) - raft.server.rpcslowness.timeout = 10s (custom)
2019-06-13 08:23:42,587 INFO  server.RaftServerConfigKeys (ConfUtils.java:logGet(43)) - raft.server.log.appender.install.snapshot.enabled = true (default)
2019-06-13 08:23:42,587 INFO  impl.RaftServerImpl (RaftServerImpl.java:<init>(91)) - 1acc29d4-579d-4f5f-836d-b707666a250c: new RaftServerImpl for group-FD1344F45FD8:[dd768977-4102-4bb6-89f1-5c39dbf52758:192.168.46.21:44633, 1acc29d4-579d-4f5f-836d-b707666a250c:192.168.46.21:46071, 126092fe-746b-4437-82ad-f59d4bb6f6e4:192.168.46.21:33281] with ContainerStateMachine:uninitialized
2019-06-13 08:23:42,587 INFO  server.RaftServerConfigKeys (ConfUtils.java:logGet(43)) - raft.server.rpc.timeout.min = 1s (custom)
2019-06-13 08:23:42,587 INFO  server.RaftServerConfigKeys (ConfUtils.java:logGet(43)) - raft.server.rpc.timeout.max = 1200ms (custom)
2019-06-13 08:23:42,587 INFO  server.RaftServerConfigKeys (ConfUtils.java:logGet(43)) - raft.server.rpcslowness.timeout = 10s (custom)
2019-06-13 08:23:42,587 INFO  server.RaftServerConfigKeys (ConfUtils.java:logGet(43)) - raft.server.log.appender.install.snapshot.enabled = true (default)
2019-06-13 08:23:42,587 INFO  impl.RaftServerImpl (ServerState.java:<init>(101)) - 1acc29d4-579d-4f5f-836d-b707666a250c:group-FD1344F45FD8 ConfigurationManager, init=-1: [dd768977-4102-4bb6-89f1-5c39dbf52758:192.168.46.21:44633, 1acc29d4-579d-4f5f-836d-b707666a250c:192.168.46.21:46071, 126092fe-746b-4437-82ad-f59d4bb6f6e4:192.168.46.21:33281], old=null, confs=<EMPTY_MAP>
2019-06-13 08:23:42,588 INFO  server.RaftServerConfigKeys (ConfUtils.java:logGet(43)) - raft.server.storage.dir = [/opt/src/hadoop-ozone/integration-test/target/test-dir/MiniOzoneClusterImpl-e858ead4-c6ee-4ff2-98d1-13d579e3052d/datanode-2/data/ratis] (custom)
2019-06-13 08:23:42,588 INFO  storage.RaftStorageDirectory (RaftStorageDirectory.java:analyzeStorage(246)) - The storage directory /opt/src/hadoop-ozone/integration-test/target/test-dir/MiniOzoneClusterImpl-e858ead4-c6ee-4ff2-98d1-13d579e3052d/datanode-2/data/ratis/04f8f878-a509-4d6d-991f-fd1344f45fd8 does not exist. Creating ...
2019-06-13 08:23:42,586 INFO  server.RaftServerConfigKeys (ConfUtils.java:logGet(43)) - raft.server.log.appender.install.snapshot.enabled = true (default)
2019-06-13 08:23:42,589 INFO  impl.RaftServerImpl (ServerState.java:<init>(101)) - 126092fe-746b-4437-82ad-f59d4bb6f6e4:group-FD1344F45FD8 ConfigurationManager, init=-1: [dd768977-4102-4bb6-89f1-5c39dbf52758:192.168.46.21:44633, 1acc29d4-579d-4f5f-836d-b707666a250c:192.168.46.21:46071, 126092fe-746b-4437-82ad-f59d4bb6f6e4:192.168.46.21:33281], old=null, confs=<EMPTY_MAP>
2019-06-13 08:23:42,589 INFO  server.RaftServerConfigKeys (ConfUtils.java:logGet(43)) - raft.server.storage.dir = [/opt/src/hadoop-ozone/integration-test/target/test-dir/MiniOzoneClusterImpl-e858ead4-c6ee-4ff2-98d1-13d579e3052d/datanode-0/data/ratis] (custom)
2019-06-13 08:23:42,589 INFO  storage.RaftStorageDirectory (RaftStorageDirectory.java:analyzeStorage(246)) - The storage directory /opt/src/hadoop-ozone/integration-test/target/test-dir/MiniOzoneClusterImpl-e858ead4-c6ee-4ff2-98d1-13d579e3052d/datanode-0/data/ratis/04f8f878-a509-4d6d-991f-fd1344f45fd8 does not exist. Creating ...
2019-06-13 08:23:42,587 INFO  impl.RaftServerImpl (ServerState.java:<init>(101)) - dd768977-4102-4bb6-89f1-5c39dbf52758:group-FD1344F45FD8 ConfigurationManager, init=-1: [dd768977-4102-4bb6-89f1-5c39dbf52758:192.168.46.21:44633, 1acc29d4-579d-4f5f-836d-b707666a250c:192.168.46.21:46071, 126092fe-746b-4437-82ad-f59d4bb6f6e4:192.168.46.21:33281], old=null, confs=<EMPTY_MAP>
2019-06-13 08:23:42,589 INFO  server.RaftServerConfigKeys (ConfUtils.java:logGet(43)) - raft.server.storage.dir = [/opt/src/hadoop-ozone/integration-test/target/test-dir/MiniOzoneClusterImpl-e858ead4-c6ee-4ff2-98d1-13d579e3052d/datanode-1/data/ratis] (custom)
2019-06-13 08:23:42,589 INFO  storage.RaftStorageDirectory (RaftStorageDirectory.java:analyzeStorage(246)) - The storage directory /opt/src/hadoop-ozone/integration-test/target/test-dir/MiniOzoneClusterImpl-e858ead4-c6ee-4ff2-98d1-13d579e3052d/datanode-1/data/ratis/04f8f878-a509-4d6d-991f-fd1344f45fd8 does not exist. Creating ...
2019-06-13 08:23:42,590 INFO  storage.RaftStorageDirectory (RaftStorageDirectory.java:tryLock(328)) - Lock on /opt/src/hadoop-ozone/integration-test/target/test-dir/MiniOzoneClusterImpl-e858ead4-c6ee-4ff2-98d1-13d579e3052d/datanode-2/data/ratis/04f8f878-a509-4d6d-991f-fd1344f45fd8/in_use.lock acquired by nodename 10142@ozone-vhvb6-1831697805
2019-06-13 08:23:42,591 INFO  storage.RaftStorageDirectory (RaftStorageDirectory.java:tryLock(328)) - Lock on /opt/src/hadoop-ozone/integration-test/target/test-dir/MiniOzoneClusterImpl-e858ead4-c6ee-4ff2-98d1-13d579e3052d/datanode-0/data/ratis/04f8f878-a509-4d6d-991f-fd1344f45fd8/in_use.lock acquired by nodename 10142@ozone-vhvb6-1831697805
2019-06-13 08:23:42,592 INFO  storage.RaftStorageDirectory (RaftStorageDirectory.java:tryLock(328)) - Lock on /opt/src/hadoop-ozone/integration-test/target/test-dir/MiniOzoneClusterImpl-e858ead4-c6ee-4ff2-98d1-13d579e3052d/datanode-1/data/ratis/04f8f878-a509-4d6d-991f-fd1344f45fd8/in_use.lock acquired by nodename 10142@ozone-vhvb6-1831697805
2019-06-13 08:23:42,593 INFO  storage.RaftStorage (RaftStorage.java:format(75)) - Storage directory /opt/src/hadoop-ozone/integration-test/target/test-dir/MiniOzoneClusterImpl-e858ead4-c6ee-4ff2-98d1-13d579e3052d/datanode-2/data/ratis/04f8f878-a509-4d6d-991f-fd1344f45fd8 has been successfully formatted.
2019-06-13 08:23:42,593 INFO  storage.RaftStorage (RaftStorage.java:format(75)) - Storage directory /opt/src/hadoop-ozone/integration-test/target/test-dir/MiniOzoneClusterImpl-e858ead4-c6ee-4ff2-98d1-13d579e3052d/datanode-0/data/ratis/04f8f878-a509-4d6d-991f-fd1344f45fd8 has been successfully formatted.
2019-06-13 08:23:42,593 INFO  ratis.ContainerStateMachine (ContainerStateMachine.java:loadSnapshot(199)) - The snapshot info is null.Setting the last applied index to:(t:0, i:~)
2019-06-13 08:23:42,594 INFO  ratis.ContainerStateMachine (ContainerStateMachine.java:loadSnapshot(199)) - The snapshot info is null.Setting the last applied index to:(t:0, i:~)
2019-06-13 08:23:42,594 INFO  server.RaftServerConfigKeys (ConfUtils.java:logGet(43)) - raft.server.leader.election.timeout = 10s (custom)
2019-06-13 08:23:42,594 INFO  server.RaftServerConfigKeys (ConfUtils.java:logGet(43)) - raft.server.leader.election.timeout = 10s (custom)
2019-06-13 08:23:42,594 INFO  server.RaftServerConfigKeys (ConfUtils.java:logGet(43)) - raft.server.log.use.memory = false (default)
2019-06-13 08:23:42,594 INFO  server.RaftServerConfigKeys (ConfUtils.java:logGet(43)) - raft.server.log.use.memory = false (default)
2019-06-13 08:23:42,594 INFO  server.RaftServerConfigKeys (ConfUtils.java:logGet(43)) - raft.server.log.appender.buffer.byte-limit = 33554432 (custom)
2019-06-13 08:23:42,594 INFO  server.RaftServerConfigKeys (ConfUtils.java:logGet(43)) - raft.server.log.appender.buffer.byte-limit = 33554432 (custom)
2019-06-13 08:23:42,594 INFO  server.RaftServerConfigKeys (ConfUtils.java:logGet(43)) - raft.server.log.segment.size.max = 16384 (custom)
2019-06-13 08:23:42,594 INFO  server.RaftServerConfigKeys (ConfUtils.java:logGet(43)) - raft.server.log.segment.size.max = 16384 (custom)
2019-06-13 08:23:42,594 INFO  server.RaftServerConfigKeys (ConfUtils.java:logGet(43)) - raft.server.log.segment.cache.num.max = 2 (custom)
2019-06-13 08:23:42,594 INFO  server.RaftServerConfigKeys (ConfUtils.java:logGet(43)) - raft.server.log.segment.cache.num.max = 2 (custom)
2019-06-13 08:23:42,594 INFO  storage.RaftLogWorker (RaftLogWorker.java:<init>(123)) - new 1acc29d4-579d-4f5f-836d-b707666a250c-RaftLogWorker for Storage Directory /opt/src/hadoop-ozone/integration-test/target/test-dir/MiniOzoneClusterImpl-e858ead4-c6ee-4ff2-98d1-13d579e3052d/datanode-2/data/ratis/04f8f878-a509-4d6d-991f-fd1344f45fd8
2019-06-13 08:23:42,594 INFO  storage.RaftLogWorker (RaftLogWorker.java:<init>(123)) - new 126092fe-746b-4437-82ad-f59d4bb6f6e4-RaftLogWorker for Storage Directory /opt/src/hadoop-ozone/integration-test/target/test-dir/MiniOzoneClusterImpl-e858ead4-c6ee-4ff2-98d1-13d579e3052d/datanode-0/data/ratis/04f8f878-a509-4d6d-991f-fd1344f45fd8
2019-06-13 08:23:42,595 INFO  server.RaftServerConfigKeys (ConfUtils.java:logGet(43)) - raft.server.log.queue.byte-limit = 2147483647 (custom)
2019-06-13 08:23:42,595 INFO  server.RaftServerConfigKeys (ConfUtils.java:logGet(43)) - raft.server.log.queue.byte-limit = 2147483647 (custom)
2019-06-13 08:23:42,595 INFO  server.RaftServerConfigKeys (ConfUtils.java:logGet(43)) - raft.server.log.queue.element-limit = 1024 (custom)
2019-06-13 08:23:42,595 INFO  storage.RaftStorage (RaftStorage.java:format(75)) - Storage directory /opt/src/hadoop-ozone/integration-test/target/test-dir/MiniOzoneClusterImpl-e858ead4-c6ee-4ff2-98d1-13d579e3052d/datanode-1/data/ratis/04f8f878-a509-4d6d-991f-fd1344f45fd8 has been successfully formatted.
2019-06-13 08:23:42,595 INFO  server.RaftServerConfigKeys (ConfUtils.java:logGet(43)) - raft.server.log.segment.size.max = 16384 (custom)
2019-06-13 08:23:42,595 INFO  server.RaftServerConfigKeys (ConfUtils.java:logGet(43)) - raft.server.log.preallocated.size = 16384 (custom)
2019-06-13 08:23:42,595 INFO  server.RaftServerConfigKeys (ConfUtils.java:logGet(43)) - raft.server.log.write.buffer.size = 33554432 (custom)
2019-06-13 08:23:42,595 INFO  server.RaftServerConfigKeys (ConfUtils.java:logGet(43)) - raft.server.log.force.sync.num = 128 (default)
2019-06-13 08:23:42,595 INFO  server.RaftServerConfigKeys (ConfUtils.java:logGet(43)) - raft.server.log.statemachine.data.sync = true (default)
2019-06-13 08:23:42,595 INFO  server.RaftServerConfigKeys (ConfUtils.java:logGet(43)) - raft.server.log.statemachine.data.sync.timeout = 10s (default)
2019-06-13 08:23:42,595 INFO  server.RaftServerConfigKeys (ConfUtils.java:logGet(43)) - raft.server.log.statemachine.data.sync.timeout.retry = -1 (default)
2019-06-13 08:23:42,595 INFO  server.RaftServerConfigKeys (ConfUtils.java:logGet(43)) - raft.server.log.statemachine.data.caching.enabled = true (custom)
2019-06-13 08:23:42,595 INFO  server.RaftServerConfigKeys (ConfUtils.java:logGet(43)) - raft.server.log.queue.element-limit = 1024 (custom)
2019-06-13 08:23:42,596 INFO  server.RaftServerConfigKeys (ConfUtils.java:logGet(43)) - raft.server.snapshot.auto.trigger.enabled = true (custom)
2019-06-13 08:23:42,595 INFO  ratis.ContainerStateMachine (ContainerStateMachine.java:loadSnapshot(199)) - The snapshot info is null.Setting the last applied index to:(t:0, i:~)
2019-06-13 08:23:42,596 INFO  server.RaftServerConfigKeys (ConfUtils.java:logGet(43)) - raft.server.snapshot.auto.trigger.threshold = 10000 (custom)
2019-06-13 08:23:42,596 INFO  server.RaftServerConfigKeys (ConfUtils.java:logGet(43)) - raft.server.log.segment.size.max = 16384 (custom)
2019-06-13 08:23:42,596 INFO  server.RaftServerConfigKeys (ConfUtils.java:logGet(43)) - raft.server.retrycache.expirytime = 600000ms (custom)
2019-06-13 08:23:42,596 INFO  server.RaftServerConfigKeys (ConfUtils.java:logGet(43)) - raft.server.leader.election.timeout = 10s (custom)
2019-06-13 08:23:42,596 INFO  impl.RaftServerImpl (RaftServerImpl.java:start(173)) - 1acc29d4-579d-4f5f-836d-b707666a250c: start group-FD1344F45FD8
2019-06-13 08:23:42,596 INFO  impl.RaftServerImpl (RaftServerImpl.java:setRole(164)) - 1acc29d4-579d-4f5f-836d-b707666a250c:group-FD1344F45FD8 changes role from null to FOLLOWER at term 0 for startAsFollower
2019-06-13 08:23:42,597 INFO  impl.RoleInfo (RoleInfo.java:updateAndGet(143)) - 1acc29d4-579d-4f5f-836d-b707666a250c: start FollowerState
2019-06-13 08:23:42,596 INFO  server.RaftServerConfigKeys (ConfUtils.java:logGet(43)) - raft.server.log.preallocated.size = 16384 (custom)
2019-06-13 08:23:42,597 INFO  server.RaftServerConfigKeys (ConfUtils.java:logGet(43)) - raft.server.log.write.buffer.size = 33554432 (custom)
2019-06-13 08:23:42,597 INFO  server.RaftServerConfigKeys (ConfUtils.java:logGet(43)) - raft.server.log.force.sync.num = 128 (default)
2019-06-13 08:23:42,597 INFO  server.RaftServerConfigKeys (ConfUtils.java:logGet(43)) - raft.server.log.statemachine.data.sync = true (default)
2019-06-13 08:23:42,597 INFO  server.RaftServerConfigKeys (ConfUtils.java:logGet(43)) - raft.server.log.statemachine.data.sync.timeout = 10s (default)
2019-06-13 08:23:42,597 INFO  server.RaftServerConfigKeys (ConfUtils.java:logGet(43)) - raft.server.log.statemachine.data.sync.timeout.retry = -1 (default)
2019-06-13 08:23:42,597 INFO  server.RaftServerConfigKeys (ConfUtils.java:logGet(43)) - raft.server.log.statemachine.data.caching.enabled = true (custom)
2019-06-13 08:23:42,597 INFO  util.JmxRegister (JmxRegister.java:tryRegister(44)) - Successfully registered JMX Bean with object name Ratis:service=RaftServer,group=group-FD1344F45FD8,id=1acc29d4-579d-4f5f-836d-b707666a250c
2019-06-13 08:23:42,596 INFO  server.RaftServerConfigKeys (ConfUtils.java:logGet(43)) - raft.server.log.use.memory = false (default)
2019-06-13 08:23:42,598 INFO  server.RaftServerConfigKeys (ConfUtils.java:logGet(43)) - raft.server.log.appender.buffer.byte-limit = 33554432 (custom)
2019-06-13 08:23:42,598 INFO  server.RaftServerConfigKeys (ConfUtils.java:logGet(43)) - raft.server.log.segment.size.max = 16384 (custom)
2019-06-13 08:23:42,598 INFO  server.RaftServerConfigKeys (ConfUtils.java:logGet(43)) - raft.server.log.segment.cache.num.max = 2 (custom)
2019-06-13 08:23:42,598 INFO  storage.RaftLogWorker (RaftLogWorker.java:<init>(123)) - new dd768977-4102-4bb6-89f1-5c39dbf52758-RaftLogWorker for Storage Directory /opt/src/hadoop-ozone/integration-test/target/test-dir/MiniOzoneClusterImpl-e858ead4-c6ee-4ff2-98d1-13d579e3052d/datanode-1/data/ratis/04f8f878-a509-4d6d-991f-fd1344f45fd8
2019-06-13 08:23:42,598 INFO  server.RaftServerConfigKeys (ConfUtils.java:logGet(43)) - raft.server.log.queue.byte-limit = 2147483647 (custom)
2019-06-13 08:23:42,599 INFO  server.RaftServerConfigKeys (ConfUtils.java:logGet(43)) - raft.server.log.queue.element-limit = 1024 (custom)
2019-06-13 08:23:42,599 INFO  server.RaftServerConfigKeys (ConfUtils.java:logGet(43)) - raft.server.log.segment.size.max = 16384 (custom)
2019-06-13 08:23:42,599 INFO  server.RaftServerConfigKeys (ConfUtils.java:logGet(43)) - raft.server.log.preallocated.size = 16384 (custom)
2019-06-13 08:23:42,599 INFO  server.RaftServerConfigKeys (ConfUtils.java:logGet(43)) - raft.server.log.write.buffer.size = 33554432 (custom)
2019-06-13 08:23:42,599 INFO  server.RaftServerConfigKeys (ConfUtils.java:logGet(43)) - raft.server.log.force.sync.num = 128 (default)
2019-06-13 08:23:42,599 INFO  server.RaftServerConfigKeys (ConfUtils.java:logGet(43)) - raft.server.log.statemachine.data.sync = true (default)
2019-06-13 08:23:42,599 INFO  server.RaftServerConfigKeys (ConfUtils.java:logGet(43)) - raft.server.log.statemachine.data.sync.timeout = 10s (default)
2019-06-13 08:23:42,599 INFO  server.RaftServerConfigKeys (ConfUtils.java:logGet(43)) - raft.server.log.statemachine.data.sync.timeout.retry = -1 (default)
2019-06-13 08:23:42,601 INFO  server.RaftServerConfigKeys (ConfUtils.java:logGet(43)) - raft.server.log.statemachine.data.caching.enabled = true (custom)
2019-06-13 08:23:42,602 INFO  server.RaftServerConfigKeys (ConfUtils.java:logGet(43)) - raft.server.snapshot.auto.trigger.enabled = true (custom)
2019-06-13 08:23:42,602 INFO  server.RaftServerConfigKeys (ConfUtils.java:logGet(43)) - raft.server.snapshot.auto.trigger.threshold = 10000 (custom)
2019-06-13 08:23:42,602 INFO  server.RaftServerConfigKeys (ConfUtils.java:logGet(43)) - raft.server.retrycache.expirytime = 600000ms (custom)
2019-06-13 08:23:42,602 INFO  impl.RaftServerImpl (RaftServerImpl.java:start(173)) - 126092fe-746b-4437-82ad-f59d4bb6f6e4: start group-FD1344F45FD8
2019-06-13 08:23:42,602 INFO  impl.RaftServerImpl (RaftServerImpl.java:setRole(164)) - 126092fe-746b-4437-82ad-f59d4bb6f6e4:group-FD1344F45FD8 changes role from null to FOLLOWER at term 0 for startAsFollower
2019-06-13 08:23:42,603 INFO  server.RaftServerConfigKeys (ConfUtils.java:logGet(43)) - raft.server.snapshot.auto.trigger.enabled = true (custom)
2019-06-13 08:23:42,603 INFO  server.RaftServerConfigKeys (ConfUtils.java:logGet(43)) - raft.server.snapshot.auto.trigger.threshold = 10000 (custom)
2019-06-13 08:23:42,604 INFO  impl.RoleInfo (RoleInfo.java:updateAndGet(143)) - 126092fe-746b-4437-82ad-f59d4bb6f6e4: start FollowerState
2019-06-13 08:23:42,604 INFO  server.RaftServerConfigKeys (ConfUtils.java:logGet(43)) - raft.server.retrycache.expirytime = 600000ms (custom)
2019-06-13 08:23:42,604 INFO  util.JmxRegister (JmxRegister.java:tryRegister(44)) - Successfully registered JMX Bean with object name Ratis:service=RaftServer,group=group-FD1344F45FD8,id=126092fe-746b-4437-82ad-f59d4bb6f6e4
2019-06-13 08:23:42,604 INFO  impl.RaftServerImpl (RaftServerImpl.java:start(173)) - dd768977-4102-4bb6-89f1-5c39dbf52758: start group-FD1344F45FD8
2019-06-13 08:23:42,605 INFO  impl.RaftServerImpl (RaftServerImpl.java:setRole(164)) - dd768977-4102-4bb6-89f1-5c39dbf52758:group-FD1344F45FD8 changes role from null to FOLLOWER at term 0 for startAsFollower
2019-06-13 08:23:42,606 INFO  impl.RoleInfo (RoleInfo.java:updateAndGet(143)) - dd768977-4102-4bb6-89f1-5c39dbf52758: start FollowerState
2019-06-13 08:23:42,608 INFO  util.JmxRegister (JmxRegister.java:tryRegister(44)) - Successfully registered JMX Bean with object name Ratis:service=RaftServer,group=group-FD1344F45FD8,id=dd768977-4102-4bb6-89f1-5c39dbf52758
2019-06-13 08:23:42,625 INFO  pipeline.PipelineStateManager (PipelineStateManager.java:addPipeline(56)) - Created pipeline Pipeline[ Id: 04f8f878-a509-4d6d-991f-fd1344f45fd8, Nodes: 126092fe-746b-4437-82ad-f59d4bb6f6e4{ip: 192.168.46.21, host: ozone-vhvb6-1831697805, networkLocation: /default-rack, certSerialId: null}dd768977-4102-4bb6-89f1-5c39dbf52758{ip: 192.168.46.21, host: ozone-vhvb6-1831697805, networkLocation: /default-rack, certSerialId: null}1acc29d4-579d-4f5f-836d-b707666a250c{ip: 192.168.46.21, host: ozone-vhvb6-1831697805, networkLocation: /default-rack, certSerialId: null}, Type:RATIS, Factor:THREE, State:OPEN]
2019-06-13 08:23:42,660 INFO  node.SCMNodeManager (SCMNodeManager.java:register(234)) - Registered Data node : 9adcc086-99e4-4799-be69-06b9906a2c33{ip: 192.168.46.21, host: ozone-vhvb6-1831697805, networkLocation: /default-rack, certSerialId: null}
2019-06-13 08:23:42,669 INFO  impl.RaftServerProxy (RaftServerProxy.java:addNew(89)) - 9adcc086-99e4-4799-be69-06b9906a2c33: addNew group-8F24DDC744F1:[9adcc086-99e4-4799-be69-06b9906a2c33:192.168.46.21:34927] returns group-8F24DDC744F1:java.util.concurrent.CompletableFuture@60ca3e42[Not completed]
2019-06-13 08:23:42,671 INFO  impl.RaftServerImpl (RaftServerImpl.java:<init>(91)) - 9adcc086-99e4-4799-be69-06b9906a2c33: new RaftServerImpl for group-8F24DDC744F1:[9adcc086-99e4-4799-be69-06b9906a2c33:192.168.46.21:34927] with ContainerStateMachine:uninitialized
2019-06-13 08:23:42,671 INFO  server.RaftServerConfigKeys (ConfUtils.java:logGet(43)) - raft.server.rpc.timeout.min = 1s (custom)
2019-06-13 08:23:42,671 INFO  server.RaftServerConfigKeys (ConfUtils.java:logGet(43)) - raft.server.rpc.timeout.max = 1200ms (custom)
2019-06-13 08:23:42,671 INFO  server.RaftServerConfigKeys (ConfUtils.java:logGet(43)) - raft.server.rpcslowness.timeout = 10s (custom)
2019-06-13 08:23:42,671 INFO  server.RaftServerConfigKeys (ConfUtils.java:logGet(43)) - raft.server.log.appender.install.snapshot.enabled = true (default)
2019-06-13 08:23:42,671 INFO  impl.RaftServerImpl (ServerState.java:<init>(101)) - 9adcc086-99e4-4799-be69-06b9906a2c33:group-8F24DDC744F1 ConfigurationManager, init=-1: [9adcc086-99e4-4799-be69-06b9906a2c33:192.168.46.21:34927], old=null, confs=<EMPTY_MAP>
2019-06-13 08:23:42,671 INFO  server.RaftServerConfigKeys (ConfUtils.java:logGet(43)) - raft.server.storage.dir = [/opt/src/hadoop-ozone/integration-test/target/test-dir/MiniOzoneClusterImpl-e858ead4-c6ee-4ff2-98d1-13d579e3052d/datanode-4/data/ratis] (custom)
2019-06-13 08:23:42,671 INFO  storage.RaftStorageDirectory (RaftStorageDirectory.java:analyzeStorage(246)) - The storage directory /opt/src/hadoop-ozone/integration-test/target/test-dir/MiniOzoneClusterImpl-e858ead4-c6ee-4ff2-98d1-13d579e3052d/datanode-4/data/ratis/96c3fc6f-f359-4104-948d-8f24ddc744f1 does not exist. Creating ...
2019-06-13 08:23:42,673 INFO  storage.RaftStorageDirectory (RaftStorageDirectory.java:tryLock(328)) - Lock on /opt/src/hadoop-ozone/integration-test/target/test-dir/MiniOzoneClusterImpl-e858ead4-c6ee-4ff2-98d1-13d579e3052d/datanode-4/data/ratis/96c3fc6f-f359-4104-948d-8f24ddc744f1/in_use.lock acquired by nodename 10142@ozone-vhvb6-1831697805
2019-06-13 08:23:42,675 INFO  storage.RaftStorage (RaftStorage.java:format(75)) - Storage directory /opt/src/hadoop-ozone/integration-test/target/test-dir/MiniOzoneClusterImpl-e858ead4-c6ee-4ff2-98d1-13d579e3052d/datanode-4/data/ratis/96c3fc6f-f359-4104-948d-8f24ddc744f1 has been successfully formatted.
2019-06-13 08:23:42,675 INFO  ratis.ContainerStateMachine (ContainerStateMachine.java:loadSnapshot(199)) - The snapshot info is null.Setting the last applied index to:(t:0, i:~)
2019-06-13 08:23:42,675 INFO  server.RaftServerConfigKeys (ConfUtils.java:logGet(43)) - raft.server.leader.election.timeout = 10s (custom)
2019-06-13 08:23:42,675 INFO  server.RaftServerConfigKeys (ConfUtils.java:logGet(43)) - raft.server.log.use.memory = false (default)
2019-06-13 08:23:42,676 INFO  server.RaftServerConfigKeys (ConfUtils.java:logGet(43)) - raft.server.log.appender.buffer.byte-limit = 33554432 (custom)
2019-06-13 08:23:42,676 INFO  server.RaftServerConfigKeys (ConfUtils.java:logGet(43)) - raft.server.log.segment.size.max = 16384 (custom)
2019-06-13 08:23:42,676 INFO  server.RaftServerConfigKeys (ConfUtils.java:logGet(43)) - raft.server.log.segment.cache.num.max = 2 (custom)
2019-06-13 08:23:42,676 INFO  storage.RaftLogWorker (RaftLogWorker.java:<init>(123)) - new 9adcc086-99e4-4799-be69-06b9906a2c33-RaftLogWorker for Storage Directory /opt/src/hadoop-ozone/integration-test/target/test-dir/MiniOzoneClusterImpl-e858ead4-c6ee-4ff2-98d1-13d579e3052d/datanode-4/data/ratis/96c3fc6f-f359-4104-948d-8f24ddc744f1
2019-06-13 08:23:42,676 INFO  server.RaftServerConfigKeys (ConfUtils.java:logGet(43)) - raft.server.log.queue.byte-limit = 2147483647 (custom)
2019-06-13 08:23:42,676 INFO  server.RaftServerConfigKeys (ConfUtils.java:logGet(43)) - raft.server.log.queue.element-limit = 1024 (custom)
2019-06-13 08:23:42,676 INFO  server.RaftServerConfigKeys (ConfUtils.java:logGet(43)) - raft.server.log.segment.size.max = 16384 (custom)
2019-06-13 08:23:42,676 INFO  server.RaftServerConfigKeys (ConfUtils.java:logGet(43)) - raft.server.log.preallocated.size = 16384 (custom)
2019-06-13 08:23:42,676 INFO  server.RaftServerConfigKeys (ConfUtils.java:logGet(43)) - raft.server.log.write.buffer.size = 33554432 (custom)
2019-06-13 08:23:42,676 INFO  server.RaftServerConfigKeys (ConfUtils.java:logGet(43)) - raft.server.log.force.sync.num = 128 (default)
2019-06-13 08:23:42,676 INFO  server.RaftServerConfigKeys (ConfUtils.java:logGet(43)) - raft.server.log.statemachine.data.sync = true (default)
2019-06-13 08:23:42,676 INFO  server.RaftServerConfigKeys (ConfUtils.java:logGet(43)) - raft.server.log.statemachine.data.sync.timeout = 10s (default)
2019-06-13 08:23:42,677 INFO  server.RaftServerConfigKeys (ConfUtils.java:logGet(43)) - raft.server.log.statemachine.data.sync.timeout.retry = -1 (default)
2019-06-13 08:23:42,677 INFO  server.RaftServerConfigKeys (ConfUtils.java:logGet(43)) - raft.server.log.statemachine.data.caching.enabled = true (custom)
2019-06-13 08:23:42,677 INFO  server.RaftServerConfigKeys (ConfUtils.java:logGet(43)) - raft.server.snapshot.auto.trigger.enabled = true (custom)
2019-06-13 08:23:42,677 INFO  server.RaftServerConfigKeys (ConfUtils.java:logGet(43)) - raft.server.snapshot.auto.trigger.threshold = 10000 (custom)
2019-06-13 08:23:42,677 INFO  server.RaftServerConfigKeys (ConfUtils.java:logGet(43)) - raft.server.retrycache.expirytime = 600000ms (custom)
2019-06-13 08:23:42,677 INFO  impl.RaftServerImpl (RaftServerImpl.java:start(173)) - 9adcc086-99e4-4799-be69-06b9906a2c33: start group-8F24DDC744F1
2019-06-13 08:23:42,677 INFO  impl.RaftServerImpl (RaftServerImpl.java:setRole(164)) - 9adcc086-99e4-4799-be69-06b9906a2c33:group-8F24DDC744F1 changes role from null to FOLLOWER at term 0 for startAsFollower
2019-06-13 08:23:42,677 INFO  impl.RoleInfo (RoleInfo.java:updateAndGet(143)) - 9adcc086-99e4-4799-be69-06b9906a2c33: start FollowerState
2019-06-13 08:23:42,681 INFO  util.JmxRegister (JmxRegister.java:tryRegister(44)) - Successfully registered JMX Bean with object name Ratis:service=RaftServer,group=group-8F24DDC744F1,id=9adcc086-99e4-4799-be69-06b9906a2c33
2019-06-13 08:23:42,687 INFO  pipeline.PipelineStateManager (PipelineStateManager.java:addPipeline(56)) - Created pipeline Pipeline[ Id: 96c3fc6f-f359-4104-948d-8f24ddc744f1, Nodes: 9adcc086-99e4-4799-be69-06b9906a2c33{ip: 192.168.46.21, host: ozone-vhvb6-1831697805, networkLocation: /default-rack, certSerialId: null}, Type:RATIS, Factor:ONE, State:OPEN]
2019-06-13 08:23:42,860 INFO  ozone.MiniOzoneClusterImpl (MiniOzoneClusterImpl.java:lambda$waitForClusterToBeReady$0(142)) - Waiting for cluster to be ready. Got 5 of 6 DN Heartbeats.
2019-06-13 08:23:42,862 INFO  node.SCMNodeManager (SCMNodeManager.java:register(234)) - Registered Data node : e43d15bb-b94a-46b7-b63a-5edd61edca27{ip: 192.168.46.21, host: ozone-vhvb6-1831697805, networkLocation: /default-rack, certSerialId: null}
2019-06-13 08:23:42,871 INFO  impl.RaftServerProxy (RaftServerProxy.java:addNew(89)) - e43d15bb-b94a-46b7-b63a-5edd61edca27: addNew group-5E9D924457FA:[e43d15bb-b94a-46b7-b63a-5edd61edca27:192.168.46.21:38161] returns group-5E9D924457FA:java.util.concurrent.CompletableFuture@2ce6f9b4[Not completed]
2019-06-13 08:23:42,871 INFO  impl.RaftServerImpl (RaftServerImpl.java:<init>(91)) - e43d15bb-b94a-46b7-b63a-5edd61edca27: new RaftServerImpl for group-5E9D924457FA:[e43d15bb-b94a-46b7-b63a-5edd61edca27:192.168.46.21:38161] with ContainerStateMachine:uninitialized
2019-06-13 08:23:42,871 INFO  server.RaftServerConfigKeys (ConfUtils.java:logGet(43)) - raft.server.rpc.timeout.min = 1s (custom)
2019-06-13 08:23:42,871 INFO  server.RaftServerConfigKeys (ConfUtils.java:logGet(43)) - raft.server.rpc.timeout.max = 1200ms (custom)
2019-06-13 08:23:42,871 INFO  server.RaftServerConfigKeys (ConfUtils.java:logGet(43)) - raft.server.rpcslowness.timeout = 10s (custom)
2019-06-13 08:23:42,872 INFO  server.RaftServerConfigKeys (ConfUtils.java:logGet(43)) - raft.server.log.appender.install.snapshot.enabled = true (default)
2019-06-13 08:23:42,872 INFO  impl.RaftServerImpl (ServerState.java:<init>(101)) - e43d15bb-b94a-46b7-b63a-5edd61edca27:group-5E9D924457FA ConfigurationManager, init=-1: [e43d15bb-b94a-46b7-b63a-5edd61edca27:192.168.46.21:38161], old=null, confs=<EMPTY_MAP>
2019-06-13 08:23:42,872 INFO  server.RaftServerConfigKeys (ConfUtils.java:logGet(43)) - raft.server.storage.dir = [/opt/src/hadoop-ozone/integration-test/target/test-dir/MiniOzoneClusterImpl-e858ead4-c6ee-4ff2-98d1-13d579e3052d/datanode-5/data/ratis] (custom)
2019-06-13 08:23:42,872 INFO  storage.RaftStorageDirectory (RaftStorageDirectory.java:analyzeStorage(246)) - The storage directory /opt/src/hadoop-ozone/integration-test/target/test-dir/MiniOzoneClusterImpl-e858ead4-c6ee-4ff2-98d1-13d579e3052d/datanode-5/data/ratis/1cd7caec-f9c6-4fd3-b1d9-5e9d924457fa does not exist. Creating ...
2019-06-13 08:23:42,874 INFO  storage.RaftStorageDirectory (RaftStorageDirectory.java:tryLock(328)) - Lock on /opt/src/hadoop-ozone/integration-test/target/test-dir/MiniOzoneClusterImpl-e858ead4-c6ee-4ff2-98d1-13d579e3052d/datanode-5/data/ratis/1cd7caec-f9c6-4fd3-b1d9-5e9d924457fa/in_use.lock acquired by nodename 10142@ozone-vhvb6-1831697805
2019-06-13 08:23:42,876 INFO  storage.RaftStorage (RaftStorage.java:format(75)) - Storage directory /opt/src/hadoop-ozone/integration-test/target/test-dir/MiniOzoneClusterImpl-e858ead4-c6ee-4ff2-98d1-13d579e3052d/datanode-5/data/ratis/1cd7caec-f9c6-4fd3-b1d9-5e9d924457fa has been successfully formatted.
2019-06-13 08:23:42,876 INFO  ratis.ContainerStateMachine (ContainerStateMachine.java:loadSnapshot(199)) - The snapshot info is null.Setting the last applied index to:(t:0, i:~)
2019-06-13 08:23:42,876 INFO  server.RaftServerConfigKeys (ConfUtils.java:logGet(43)) - raft.server.leader.election.timeout = 10s (custom)
2019-06-13 08:23:42,876 INFO  server.RaftServerConfigKeys (ConfUtils.java:logGet(43)) - raft.server.log.use.memory = false (default)
2019-06-13 08:23:42,876 INFO  server.RaftServerConfigKeys (ConfUtils.java:logGet(43)) - raft.server.log.appender.buffer.byte-limit = 33554432 (custom)
2019-06-13 08:23:42,877 INFO  server.RaftServerConfigKeys (ConfUtils.java:logGet(43)) - raft.server.log.segment.size.max = 16384 (custom)
2019-06-13 08:23:42,877 INFO  server.RaftServerConfigKeys (ConfUtils.java:logGet(43)) - raft.server.log.segment.cache.num.max = 2 (custom)
2019-06-13 08:23:42,877 INFO  storage.RaftLogWorker (RaftLogWorker.java:<init>(123)) - new e43d15bb-b94a-46b7-b63a-5edd61edca27-RaftLogWorker for Storage Directory /opt/src/hadoop-ozone/integration-test/target/test-dir/MiniOzoneClusterImpl-e858ead4-c6ee-4ff2-98d1-13d579e3052d/datanode-5/data/ratis/1cd7caec-f9c6-4fd3-b1d9-5e9d924457fa
2019-06-13 08:23:42,877 INFO  server.RaftServerConfigKeys (ConfUtils.java:logGet(43)) - raft.server.log.queue.byte-limit = 2147483647 (custom)
2019-06-13 08:23:42,877 INFO  server.RaftServerConfigKeys (ConfUtils.java:logGet(43)) - raft.server.log.queue.element-limit = 1024 (custom)
2019-06-13 08:23:42,877 INFO  server.RaftServerConfigKeys (ConfUtils.java:logGet(43)) - raft.server.log.segment.size.max = 16384 (custom)
2019-06-13 08:23:42,877 INFO  server.RaftServerConfigKeys (ConfUtils.java:logGet(43)) - raft.server.log.preallocated.size = 16384 (custom)
2019-06-13 08:23:42,877 INFO  server.RaftServerConfigKeys (ConfUtils.java:logGet(43)) - raft.server.log.write.buffer.size = 33554432 (custom)
2019-06-13 08:23:42,877 INFO  server.RaftServerConfigKeys (ConfUtils.java:logGet(43)) - raft.server.log.force.sync.num = 128 (default)
2019-06-13 08:23:42,877 INFO  server.RaftServerConfigKeys (ConfUtils.java:logGet(43)) - raft.server.log.statemachine.data.sync = true (default)
2019-06-13 08:23:42,877 INFO  server.RaftServerConfigKeys (ConfUtils.java:logGet(43)) - raft.server.log.statemachine.data.sync.timeout = 10s (default)
2019-06-13 08:23:42,877 INFO  server.RaftServerConfigKeys (ConfUtils.java:logGet(43)) - raft.server.log.statemachine.data.sync.timeout.retry = -1 (default)
2019-06-13 08:23:42,878 INFO  server.RaftServerConfigKeys (ConfUtils.java:logGet(43)) - raft.server.log.statemachine.data.caching.enabled = true (custom)
2019-06-13 08:23:42,878 INFO  server.RaftServerConfigKeys (ConfUtils.java:logGet(43)) - raft.server.snapshot.auto.trigger.enabled = true (custom)
2019-06-13 08:23:42,878 INFO  server.RaftServerConfigKeys (ConfUtils.java:logGet(43)) - raft.server.snapshot.auto.trigger.threshold = 10000 (custom)
2019-06-13 08:23:42,878 INFO  server.RaftServerConfigKeys (ConfUtils.java:logGet(43)) - raft.server.retrycache.expirytime = 600000ms (custom)
2019-06-13 08:23:42,878 INFO  impl.RaftServerImpl (RaftServerImpl.java:start(173)) - e43d15bb-b94a-46b7-b63a-5edd61edca27: start group-5E9D924457FA
2019-06-13 08:23:42,878 INFO  impl.RaftServerImpl (RaftServerImpl.java:setRole(164)) - e43d15bb-b94a-46b7-b63a-5edd61edca27:group-5E9D924457FA changes role from null to FOLLOWER at term 0 for startAsFollower
2019-06-13 08:23:42,878 INFO  impl.RoleInfo (RoleInfo.java:updateAndGet(143)) - e43d15bb-b94a-46b7-b63a-5edd61edca27: start FollowerState
2019-06-13 08:23:42,879 INFO  util.JmxRegister (JmxRegister.java:tryRegister(44)) - Successfully registered JMX Bean with object name Ratis:service=RaftServer,group=group-5E9D924457FA,id=e43d15bb-b94a-46b7-b63a-5edd61edca27
2019-06-13 08:23:42,884 INFO  pipeline.PipelineStateManager (PipelineStateManager.java:addPipeline(56)) - Created pipeline Pipeline[ Id: 1cd7caec-f9c6-4fd3-b1d9-5e9d924457fa, Nodes: e43d15bb-b94a-46b7-b63a-5edd61edca27{ip: 192.168.46.21, host: ozone-vhvb6-1831697805, networkLocation: /default-rack, certSerialId: null}, Type:RATIS, Factor:ONE, State:OPEN]
2019-06-13 08:23:42,899 INFO  impl.RaftServerProxy (RaftServerProxy.java:addNew(89)) - 6e0d6874-5413-4e7d-be4c-697216d5f152: addNew group-CD54FAC61F1D:[e43d15bb-b94a-46b7-b63a-5edd61edca27:192.168.46.21:38161, 9adcc086-99e4-4799-be69-06b9906a2c33:192.168.46.21:34927, 6e0d6874-5413-4e7d-be4c-697216d5f152:192.168.46.21:42069] returns group-CD54FAC61F1D:java.util.concurrent.CompletableFuture@9083ca0[Not completed]
2019-06-13 08:23:42,899 INFO  impl.RaftServerProxy (RaftServerProxy.java:addNew(89)) - 9adcc086-99e4-4799-be69-06b9906a2c33: addNew group-CD54FAC61F1D:[e43d15bb-b94a-46b7-b63a-5edd61edca27:192.168.46.21:38161, 9adcc086-99e4-4799-be69-06b9906a2c33:192.168.46.21:34927, 6e0d6874-5413-4e7d-be4c-697216d5f152:192.168.46.21:42069] returns group-CD54FAC61F1D:java.util.concurrent.CompletableFuture@65d01462[Not completed]
2019-06-13 08:23:42,901 INFO  impl.RaftServerProxy (RaftServerProxy.java:addNew(89)) - e43d15bb-b94a-46b7-b63a-5edd61edca27: addNew group-CD54FAC61F1D:[e43d15bb-b94a-46b7-b63a-5edd61edca27:192.168.46.21:38161, 9adcc086-99e4-4799-be69-06b9906a2c33:192.168.46.21:34927, 6e0d6874-5413-4e7d-be4c-697216d5f152:192.168.46.21:42069] returns group-CD54FAC61F1D:java.util.concurrent.CompletableFuture@18ac0c21[Not completed]
2019-06-13 08:23:42,901 INFO  impl.RaftServerImpl (RaftServerImpl.java:<init>(91)) - 6e0d6874-5413-4e7d-be4c-697216d5f152: new RaftServerImpl for group-CD54FAC61F1D:[e43d15bb-b94a-46b7-b63a-5edd61edca27:192.168.46.21:38161, 9adcc086-99e4-4799-be69-06b9906a2c33:192.168.46.21:34927, 6e0d6874-5413-4e7d-be4c-697216d5f152:192.168.46.21:42069] with ContainerStateMachine:uninitialized
2019-06-13 08:23:42,901 INFO  server.RaftServerConfigKeys (ConfUtils.java:logGet(43)) - raft.server.rpc.timeout.min = 1s (custom)
2019-06-13 08:23:42,901 INFO  server.RaftServerConfigKeys (ConfUtils.java:logGet(43)) - raft.server.rpc.timeout.max = 1200ms (custom)
2019-06-13 08:23:42,901 INFO  server.RaftServerConfigKeys (ConfUtils.java:logGet(43)) - raft.server.rpcslowness.timeout = 10s (custom)
2019-06-13 08:23:42,901 INFO  impl.RaftServerImpl (RaftServerImpl.java:<init>(91)) - e43d15bb-b94a-46b7-b63a-5edd61edca27: new RaftServerImpl for group-CD54FAC61F1D:[e43d15bb-b94a-46b7-b63a-5edd61edca27:192.168.46.21:38161, 9adcc086-99e4-4799-be69-06b9906a2c33:192.168.46.21:34927, 6e0d6874-5413-4e7d-be4c-697216d5f152:192.168.46.21:42069] with ContainerStateMachine:uninitialized
2019-06-13 08:23:42,901 INFO  server.RaftServerConfigKeys (ConfUtils.java:logGet(43)) - raft.server.rpc.timeout.min = 1s (custom)
2019-06-13 08:23:42,902 INFO  server.RaftServerConfigKeys (ConfUtils.java:logGet(43)) - raft.server.rpc.timeout.max = 1200ms (custom)
2019-06-13 08:23:42,901 INFO  server.RaftServerConfigKeys (ConfUtils.java:logGet(43)) - raft.server.log.appender.install.snapshot.enabled = true (default)
2019-06-13 08:23:42,902 INFO  server.RaftServerConfigKeys (ConfUtils.java:logGet(43)) - raft.server.rpcslowness.timeout = 10s (custom)
2019-06-13 08:23:42,902 INFO  impl.RaftServerImpl (ServerState.java:<init>(101)) - 6e0d6874-5413-4e7d-be4c-697216d5f152:group-CD54FAC61F1D ConfigurationManager, init=-1: [e43d15bb-b94a-46b7-b63a-5edd61edca27:192.168.46.21:38161, 9adcc086-99e4-4799-be69-06b9906a2c33:192.168.46.21:34927, 6e0d6874-5413-4e7d-be4c-697216d5f152:192.168.46.21:42069], old=null, confs=<EMPTY_MAP>
2019-06-13 08:23:42,902 INFO  server.RaftServerConfigKeys (ConfUtils.java:logGet(43)) - raft.server.log.appender.install.snapshot.enabled = true (default)
2019-06-13 08:23:42,902 INFO  server.RaftServerConfigKeys (ConfUtils.java:logGet(43)) - raft.server.storage.dir = [/opt/src/hadoop-ozone/integration-test/target/test-dir/MiniOzoneClusterImpl-e858ead4-c6ee-4ff2-98d1-13d579e3052d/datanode-3/data/ratis] (custom)
2019-06-13 08:23:42,902 INFO  impl.RaftServerImpl (RaftServerImpl.java:<init>(91)) - 9adcc086-99e4-4799-be69-06b9906a2c33: new RaftServerImpl for group-CD54FAC61F1D:[e43d15bb-b94a-46b7-b63a-5edd61edca27:192.168.46.21:38161, 9adcc086-99e4-4799-be69-06b9906a2c33:192.168.46.21:34927, 6e0d6874-5413-4e7d-be4c-697216d5f152:192.168.46.21:42069] with ContainerStateMachine:uninitialized
2019-06-13 08:23:42,902 INFO  server.RaftServerConfigKeys (ConfUtils.java:logGet(43)) - raft.server.rpc.timeout.min = 1s (custom)
2019-06-13 08:23:42,902 INFO  server.RaftServerConfigKeys (ConfUtils.java:logGet(43)) - raft.server.rpc.timeout.max = 1200ms (custom)
2019-06-13 08:23:42,902 INFO  server.RaftServerConfigKeys (ConfUtils.java:logGet(43)) - raft.server.rpcslowness.timeout = 10s (custom)
2019-06-13 08:23:42,902 INFO  server.RaftServerConfigKeys (ConfUtils.java:logGet(43)) - raft.server.log.appender.install.snapshot.enabled = true (default)
2019-06-13 08:23:42,902 INFO  impl.RaftServerImpl (ServerState.java:<init>(101)) - 9adcc086-99e4-4799-be69-06b9906a2c33:group-CD54FAC61F1D ConfigurationManager, init=-1: [e43d15bb-b94a-46b7-b63a-5edd61edca27:192.168.46.21:38161, 9adcc086-99e4-4799-be69-06b9906a2c33:192.168.46.21:34927, 6e0d6874-5413-4e7d-be4c-697216d5f152:192.168.46.21:42069], old=null, confs=<EMPTY_MAP>
2019-06-13 08:23:42,903 INFO  server.RaftServerConfigKeys (ConfUtils.java:logGet(43)) - raft.server.storage.dir = [/opt/src/hadoop-ozone/integration-test/target/test-dir/MiniOzoneClusterImpl-e858ead4-c6ee-4ff2-98d1-13d579e3052d/datanode-4/data/ratis] (custom)
2019-06-13 08:23:42,903 INFO  storage.RaftStorageDirectory (RaftStorageDirectory.java:analyzeStorage(246)) - The storage directory /opt/src/hadoop-ozone/integration-test/target/test-dir/MiniOzoneClusterImpl-e858ead4-c6ee-4ff2-98d1-13d579e3052d/datanode-4/data/ratis/71658c4f-b5ff-48cc-ac3b-cd54fac61f1d does not exist. Creating ...
2019-06-13 08:23:42,902 INFO  impl.RaftServerImpl (ServerState.java:<init>(101)) - e43d15bb-b94a-46b7-b63a-5edd61edca27:group-CD54FAC61F1D ConfigurationManager, init=-1: [e43d15bb-b94a-46b7-b63a-5edd61edca27:192.168.46.21:38161, 9adcc086-99e4-4799-be69-06b9906a2c33:192.168.46.21:34927, 6e0d6874-5413-4e7d-be4c-697216d5f152:192.168.46.21:42069], old=null, confs=<EMPTY_MAP>
2019-06-13 08:23:42,902 INFO  storage.RaftStorageDirectory (RaftStorageDirectory.java:analyzeStorage(246)) - The storage directory /opt/src/hadoop-ozone/integration-test/target/test-dir/MiniOzoneClusterImpl-e858ead4-c6ee-4ff2-98d1-13d579e3052d/datanode-3/data/ratis/71658c4f-b5ff-48cc-ac3b-cd54fac61f1d does not exist. Creating ...
2019-06-13 08:23:42,903 INFO  server.RaftServerConfigKeys (ConfUtils.java:logGet(43)) - raft.server.storage.dir = [/opt/src/hadoop-ozone/integration-test/target/test-dir/MiniOzoneClusterImpl-e858ead4-c6ee-4ff2-98d1-13d579e3052d/datanode-5/data/ratis] (custom)
2019-06-13 08:23:42,903 INFO  storage.RaftStorageDirectory (RaftStorageDirectory.java:analyzeStorage(246)) - The storage directory /opt/src/hadoop-ozone/integration-test/target/test-dir/MiniOzoneClusterImpl-e858ead4-c6ee-4ff2-98d1-13d579e3052d/datanode-5/data/ratis/71658c4f-b5ff-48cc-ac3b-cd54fac61f1d does not exist. Creating ...
2019-06-13 08:23:42,906 INFO  storage.RaftStorageDirectory (RaftStorageDirectory.java:tryLock(328)) - Lock on /opt/src/hadoop-ozone/integration-test/target/test-dir/MiniOzoneClusterImpl-e858ead4-c6ee-4ff2-98d1-13d579e3052d/datanode-4/data/ratis/71658c4f-b5ff-48cc-ac3b-cd54fac61f1d/in_use.lock acquired by nodename 10142@ozone-vhvb6-1831697805
2019-06-13 08:23:42,906 INFO  storage.RaftStorageDirectory (RaftStorageDirectory.java:tryLock(328)) - Lock on /opt/src/hadoop-ozone/integration-test/target/test-dir/MiniOzoneClusterImpl-e858ead4-c6ee-4ff2-98d1-13d579e3052d/datanode-3/data/ratis/71658c4f-b5ff-48cc-ac3b-cd54fac61f1d/in_use.lock acquired by nodename 10142@ozone-vhvb6-1831697805
2019-06-13 08:23:42,908 INFO  storage.RaftStorageDirectory (RaftStorageDirectory.java:tryLock(328)) - Lock on /opt/src/hadoop-ozone/integration-test/target/test-dir/MiniOzoneClusterImpl-e858ead4-c6ee-4ff2-98d1-13d579e3052d/datanode-5/data/ratis/71658c4f-b5ff-48cc-ac3b-cd54fac61f1d/in_use.lock acquired by nodename 10142@ozone-vhvb6-1831697805
2019-06-13 08:23:42,908 INFO  storage.RaftStorage (RaftStorage.java:format(75)) - Storage directory /opt/src/hadoop-ozone/integration-test/target/test-dir/MiniOzoneClusterImpl-e858ead4-c6ee-4ff2-98d1-13d579e3052d/datanode-4/data/ratis/71658c4f-b5ff-48cc-ac3b-cd54fac61f1d has been successfully formatted.
2019-06-13 08:23:42,908 INFO  storage.RaftStorage (RaftStorage.java:format(75)) - Storage directory /opt/src/hadoop-ozone/integration-test/target/test-dir/MiniOzoneClusterImpl-e858ead4-c6ee-4ff2-98d1-13d579e3052d/datanode-3/data/ratis/71658c4f-b5ff-48cc-ac3b-cd54fac61f1d has been successfully formatted.
2019-06-13 08:23:42,908 INFO  ratis.ContainerStateMachine (ContainerStateMachine.java:loadSnapshot(199)) - The snapshot info is null.Setting the last applied index to:(t:0, i:~)
2019-06-13 08:23:42,908 INFO  ratis.ContainerStateMachine (ContainerStateMachine.java:loadSnapshot(199)) - The snapshot info is null.Setting the last applied index to:(t:0, i:~)
2019-06-13 08:23:42,908 INFO  server.RaftServerConfigKeys (ConfUtils.java:logGet(43)) - raft.server.leader.election.timeout = 10s (custom)
2019-06-13 08:23:42,909 INFO  server.RaftServerConfigKeys (ConfUtils.java:logGet(43)) - raft.server.log.use.memory = false (default)
2019-06-13 08:23:42,909 INFO  server.RaftServerConfigKeys (ConfUtils.java:logGet(43)) - raft.server.log.appender.buffer.byte-limit = 33554432 (custom)
2019-06-13 08:23:42,909 INFO  server.RaftServerConfigKeys (ConfUtils.java:logGet(43)) - raft.server.log.segment.size.max = 16384 (custom)
2019-06-13 08:23:42,909 INFO  server.RaftServerConfigKeys (ConfUtils.java:logGet(43)) - raft.server.log.segment.cache.num.max = 2 (custom)
2019-06-13 08:23:42,909 INFO  storage.RaftLogWorker (RaftLogWorker.java:<init>(123)) - new 6e0d6874-5413-4e7d-be4c-697216d5f152-RaftLogWorker for Storage Directory /opt/src/hadoop-ozone/integration-test/target/test-dir/MiniOzoneClusterImpl-e858ead4-c6ee-4ff2-98d1-13d579e3052d/datanode-3/data/ratis/71658c4f-b5ff-48cc-ac3b-cd54fac61f1d
2019-06-13 08:23:42,909 INFO  server.RaftServerConfigKeys (ConfUtils.java:logGet(43)) - raft.server.log.queue.byte-limit = 2147483647 (custom)
2019-06-13 08:23:42,909 INFO  server.RaftServerConfigKeys (ConfUtils.java:logGet(43)) - raft.server.log.queue.element-limit = 1024 (custom)
2019-06-13 08:23:42,909 INFO  server.RaftServerConfigKeys (ConfUtils.java:logGet(43)) - raft.server.log.segment.size.max = 16384 (custom)
2019-06-13 08:23:42,909 INFO  server.RaftServerConfigKeys (ConfUtils.java:logGet(43)) - raft.server.log.preallocated.size = 16384 (custom)
2019-06-13 08:23:42,909 INFO  server.RaftServerConfigKeys (ConfUtils.java:logGet(43)) - raft.server.log.write.buffer.size = 33554432 (custom)
2019-06-13 08:23:42,909 INFO  server.RaftServerConfigKeys (ConfUtils.java:logGet(43)) - raft.server.log.force.sync.num = 128 (default)
2019-06-13 08:23:42,909 INFO  server.RaftServerConfigKeys (ConfUtils.java:logGet(43)) - raft.server.log.statemachine.data.sync = true (default)
2019-06-13 08:23:42,909 INFO  server.RaftServerConfigKeys (ConfUtils.java:logGet(43)) - raft.server.log.statemachine.data.sync.timeout = 10s (default)
2019-06-13 08:23:42,909 INFO  server.RaftServerConfigKeys (ConfUtils.java:logGet(43)) - raft.server.log.statemachine.data.sync.timeout.retry = -1 (default)
2019-06-13 08:23:42,910 INFO  server.RaftServerConfigKeys (ConfUtils.java:logGet(43)) - raft.server.log.statemachine.data.caching.enabled = true (custom)
2019-06-13 08:23:42,910 INFO  server.RaftServerConfigKeys (ConfUtils.java:logGet(43)) - raft.server.leader.election.timeout = 10s (custom)
2019-06-13 08:23:42,910 INFO  server.RaftServerConfigKeys (ConfUtils.java:logGet(43)) - raft.server.log.use.memory = false (default)
2019-06-13 08:23:42,910 INFO  server.RaftServerConfigKeys (ConfUtils.java:logGet(43)) - raft.server.log.appender.buffer.byte-limit = 33554432 (custom)
2019-06-13 08:23:42,910 INFO  server.RaftServerConfigKeys (ConfUtils.java:logGet(43)) - raft.server.log.segment.size.max = 16384 (custom)
2019-06-13 08:23:42,910 INFO  server.RaftServerConfigKeys (ConfUtils.java:logGet(43)) - raft.server.log.segment.cache.num.max = 2 (custom)
2019-06-13 08:23:42,910 INFO  storage.RaftLogWorker (RaftLogWorker.java:<init>(123)) - new 9adcc086-99e4-4799-be69-06b9906a2c33-RaftLogWorker for Storage Directory /opt/src/hadoop-ozone/integration-test/target/test-dir/MiniOzoneClusterImpl-e858ead4-c6ee-4ff2-98d1-13d579e3052d/datanode-4/data/ratis/71658c4f-b5ff-48cc-ac3b-cd54fac61f1d
2019-06-13 08:23:42,910 INFO  server.RaftServerConfigKeys (ConfUtils.java:logGet(43)) - raft.server.log.queue.byte-limit = 2147483647 (custom)
2019-06-13 08:23:42,910 INFO  server.RaftServerConfigKeys (ConfUtils.java:logGet(43)) - raft.server.log.queue.element-limit = 1024 (custom)
2019-06-13 08:23:42,910 INFO  storage.RaftStorage (RaftStorage.java:format(75)) - Storage directory /opt/src/hadoop-ozone/integration-test/target/test-dir/MiniOzoneClusterImpl-e858ead4-c6ee-4ff2-98d1-13d579e3052d/datanode-5/data/ratis/71658c4f-b5ff-48cc-ac3b-cd54fac61f1d has been successfully formatted.
2019-06-13 08:23:42,910 INFO  server.RaftServerConfigKeys (ConfUtils.java:logGet(43)) - raft.server.log.segment.size.max = 16384 (custom)
2019-06-13 08:23:42,911 INFO  server.RaftServerConfigKeys (ConfUtils.java:logGet(43)) - raft.server.log.preallocated.size = 16384 (custom)
2019-06-13 08:23:42,911 INFO  server.RaftServerConfigKeys (ConfUtils.java:logGet(43)) - raft.server.log.write.buffer.size = 33554432 (custom)
2019-06-13 08:23:42,911 INFO  server.RaftServerConfigKeys (ConfUtils.java:logGet(43)) - raft.server.log.force.sync.num = 128 (default)
2019-06-13 08:23:42,911 INFO  server.RaftServerConfigKeys (ConfUtils.java:logGet(43)) - raft.server.log.statemachine.data.sync = true (default)
2019-06-13 08:23:42,911 INFO  server.RaftServerConfigKeys (ConfUtils.java:logGet(43)) - raft.server.snapshot.auto.trigger.enabled = true (custom)
2019-06-13 08:23:42,911 INFO  server.RaftServerConfigKeys (ConfUtils.java:logGet(43)) - raft.server.snapshot.auto.trigger.threshold = 10000 (custom)
2019-06-13 08:23:42,911 INFO  server.RaftServerConfigKeys (ConfUtils.java:logGet(43)) - raft.server.log.statemachine.data.sync.timeout = 10s (default)
2019-06-13 08:23:42,911 INFO  server.RaftServerConfigKeys (ConfUtils.java:logGet(43)) - raft.server.retrycache.expirytime = 600000ms (custom)
2019-06-13 08:23:42,911 INFO  ratis.ContainerStateMachine (ContainerStateMachine.java:loadSnapshot(199)) - The snapshot info is null.Setting the last applied index to:(t:0, i:~)
2019-06-13 08:23:42,911 INFO  impl.RaftServerImpl (RaftServerImpl.java:start(173)) - 6e0d6874-5413-4e7d-be4c-697216d5f152: start group-CD54FAC61F1D
2019-06-13 08:23:42,911 INFO  server.RaftServerConfigKeys (ConfUtils.java:logGet(43)) - raft.server.log.statemachine.data.sync.timeout.retry = -1 (default)
2019-06-13 08:23:42,912 INFO  impl.RaftServerImpl (RaftServerImpl.java:setRole(164)) - 6e0d6874-5413-4e7d-be4c-697216d5f152:group-CD54FAC61F1D changes role from null to FOLLOWER at term 0 for startAsFollower
2019-06-13 08:23:42,911 INFO  server.RaftServerConfigKeys (ConfUtils.java:logGet(43)) - raft.server.leader.election.timeout = 10s (custom)
2019-06-13 08:23:42,912 INFO  impl.RoleInfo (RoleInfo.java:updateAndGet(143)) - 6e0d6874-5413-4e7d-be4c-697216d5f152: start FollowerState
2019-06-13 08:23:42,912 INFO  server.RaftServerConfigKeys (ConfUtils.java:logGet(43)) - raft.server.log.statemachine.data.caching.enabled = true (custom)
2019-06-13 08:23:42,912 INFO  util.JmxRegister (JmxRegister.java:tryRegister(44)) - Successfully registered JMX Bean with object name Ratis:service=RaftServer,group=group-CD54FAC61F1D,id=6e0d6874-5413-4e7d-be4c-697216d5f152
2019-06-13 08:23:42,912 INFO  server.RaftServerConfigKeys (ConfUtils.java:logGet(43)) - raft.server.snapshot.auto.trigger.enabled = true (custom)
2019-06-13 08:23:42,912 INFO  server.RaftServerConfigKeys (ConfUtils.java:logGet(43)) - raft.server.snapshot.auto.trigger.threshold = 10000 (custom)
2019-06-13 08:23:42,913 INFO  server.RaftServerConfigKeys (ConfUtils.java:logGet(43)) - raft.server.retrycache.expirytime = 600000ms (custom)
2019-06-13 08:23:42,913 INFO  impl.RaftServerImpl (RaftServerImpl.java:start(173)) - 9adcc086-99e4-4799-be69-06b9906a2c33: start group-CD54FAC61F1D
2019-06-13 08:23:42,913 INFO  impl.RaftServerImpl (RaftServerImpl.java:setRole(164)) - 9adcc086-99e4-4799-be69-06b9906a2c33:group-CD54FAC61F1D changes role from null to FOLLOWER at term 0 for startAsFollower
2019-06-13 08:23:42,913 INFO  impl.RoleInfo (RoleInfo.java:updateAndGet(143)) - 9adcc086-99e4-4799-be69-06b9906a2c33: start FollowerState
2019-06-13 08:23:42,912 INFO  server.RaftServerConfigKeys (ConfUtils.java:logGet(43)) - raft.server.log.use.memory = false (default)
2019-06-13 08:23:42,914 INFO  util.JmxRegister (JmxRegister.java:tryRegister(44)) - Successfully registered JMX Bean with object name Ratis:service=RaftServer,group=group-CD54FAC61F1D,id=9adcc086-99e4-4799-be69-06b9906a2c33
2019-06-13 08:23:42,914 INFO  server.RaftServerConfigKeys (ConfUtils.java:logGet(43)) - raft.server.log.appender.buffer.byte-limit = 33554432 (custom)
2019-06-13 08:23:42,914 INFO  server.RaftServerConfigKeys (ConfUtils.java:logGet(43)) - raft.server.log.segment.size.max = 16384 (custom)
2019-06-13 08:23:42,914 INFO  server.RaftServerConfigKeys (ConfUtils.java:logGet(43)) - raft.server.log.segment.cache.num.max = 2 (custom)
2019-06-13 08:23:42,915 INFO  storage.RaftLogWorker (RaftLogWorker.java:<init>(123)) - new e43d15bb-b94a-46b7-b63a-5edd61edca27-RaftLogWorker for Storage Directory /opt/src/hadoop-ozone/integration-test/target/test-dir/MiniOzoneClusterImpl-e858ead4-c6ee-4ff2-98d1-13d579e3052d/datanode-5/data/ratis/71658c4f-b5ff-48cc-ac3b-cd54fac61f1d
2019-06-13 08:23:42,915 INFO  server.RaftServerConfigKeys (ConfUtils.java:logGet(43)) - raft.server.log.queue.byte-limit = 2147483647 (custom)
2019-06-13 08:23:42,915 INFO  server.RaftServerConfigKeys (ConfUtils.java:logGet(43)) - raft.server.log.queue.element-limit = 1024 (custom)
2019-06-13 08:23:42,915 INFO  server.RaftServerConfigKeys (ConfUtils.java:logGet(43)) - raft.server.log.segment.size.max = 16384 (custom)
2019-06-13 08:23:42,915 INFO  server.RaftServerConfigKeys (ConfUtils.java:logGet(43)) - raft.server.log.preallocated.size = 16384 (custom)
2019-06-13 08:23:42,915 INFO  server.RaftServerConfigKeys (ConfUtils.java:logGet(43)) - raft.server.log.write.buffer.size = 33554432 (custom)
2019-06-13 08:23:42,915 INFO  server.RaftServerConfigKeys (ConfUtils.java:logGet(43)) - raft.server.log.force.sync.num = 128 (default)
2019-06-13 08:23:42,915 INFO  server.RaftServerConfigKeys (ConfUtils.java:logGet(43)) - raft.server.log.statemachine.data.sync = true (default)
2019-06-13 08:23:42,915 INFO  server.RaftServerConfigKeys (ConfUtils.java:logGet(43)) - raft.server.log.statemachine.data.sync.timeout = 10s (default)
2019-06-13 08:23:42,915 INFO  server.RaftServerConfigKeys (ConfUtils.java:logGet(43)) - raft.server.log.statemachine.data.sync.timeout.retry = -1 (default)
2019-06-13 08:23:42,918 INFO  server.RaftServerConfigKeys (ConfUtils.java:logGet(43)) - raft.server.log.statemachine.data.caching.enabled = true (custom)
2019-06-13 08:23:42,919 INFO  server.RaftServerConfigKeys (ConfUtils.java:logGet(43)) - raft.server.snapshot.auto.trigger.enabled = true (custom)
2019-06-13 08:23:42,919 INFO  server.RaftServerConfigKeys (ConfUtils.java:logGet(43)) - raft.server.snapshot.auto.trigger.threshold = 10000 (custom)
2019-06-13 08:23:42,923 INFO  server.RaftServerConfigKeys (ConfUtils.java:logGet(43)) - raft.server.retrycache.expirytime = 600000ms (custom)
2019-06-13 08:23:42,923 INFO  impl.RaftServerImpl (RaftServerImpl.java:start(173)) - e43d15bb-b94a-46b7-b63a-5edd61edca27: start group-CD54FAC61F1D
2019-06-13 08:23:42,923 INFO  impl.RaftServerImpl (RaftServerImpl.java:setRole(164)) - e43d15bb-b94a-46b7-b63a-5edd61edca27:group-CD54FAC61F1D changes role from null to FOLLOWER at term 0 for startAsFollower
2019-06-13 08:23:42,923 INFO  impl.RoleInfo (RoleInfo.java:updateAndGet(143)) - e43d15bb-b94a-46b7-b63a-5edd61edca27: start FollowerState
2019-06-13 08:23:42,923 INFO  util.JmxRegister (JmxRegister.java:tryRegister(44)) - Successfully registered JMX Bean with object name Ratis:service=RaftServer,group=group-CD54FAC61F1D,id=e43d15bb-b94a-46b7-b63a-5edd61edca27
2019-06-13 08:23:42,931 INFO  pipeline.PipelineStateManager (PipelineStateManager.java:addPipeline(56)) - Created pipeline Pipeline[ Id: 71658c4f-b5ff-48cc-ac3b-cd54fac61f1d, Nodes: e43d15bb-b94a-46b7-b63a-5edd61edca27{ip: 192.168.46.21, host: ozone-vhvb6-1831697805, networkLocation: /default-rack, certSerialId: null}6e0d6874-5413-4e7d-be4c-697216d5f152{ip: 192.168.46.21, host: ozone-vhvb6-1831697805, networkLocation: /default-rack, certSerialId: null}9adcc086-99e4-4799-be69-06b9906a2c33{ip: 192.168.46.21, host: ozone-vhvb6-1831697805, networkLocation: /default-rack, certSerialId: null}, Type:RATIS, Factor:THREE, State:OPEN]
2019-06-13 08:23:43,375 INFO  impl.FollowerState (FollowerState.java:run(101)) - 126092fe-746b-4437-82ad-f59d4bb6f6e4:group-2646D1A1901D changes to CANDIDATE, lastRpcTime:1013, electionTimeout:1013ms
2019-06-13 08:23:43,375 INFO  impl.RoleInfo (RoleInfo.java:shutdownFollowerState(121)) - 126092fe-746b-4437-82ad-f59d4bb6f6e4: shutdown FollowerState
2019-06-13 08:23:43,375 INFO  impl.RaftServerImpl (RaftServerImpl.java:setRole(164)) - 126092fe-746b-4437-82ad-f59d4bb6f6e4:group-2646D1A1901D changes role from FOLLOWER to CANDIDATE at term 0 for changeToCandidate
2019-06-13 08:23:43,377 INFO  impl.RoleInfo (RoleInfo.java:updateAndGet(143)) - 126092fe-746b-4437-82ad-f59d4bb6f6e4: start LeaderElection
2019-06-13 08:23:43,383 INFO  impl.LeaderElection (LeaderElection.java:askForVotes(181)) - 126092fe-746b-4437-82ad-f59d4bb6f6e4:group-2646D1A1901D:LeaderElection1: begin an election at term 1 for -1: [126092fe-746b-4437-82ad-f59d4bb6f6e4:192.168.46.21:33281], old=null
2019-06-13 08:23:43,384 INFO  impl.RoleInfo (RoleInfo.java:shutdownLeaderElection(134)) - 126092fe-746b-4437-82ad-f59d4bb6f6e4: shutdown LeaderElection
2019-06-13 08:23:43,385 INFO  impl.RaftServerImpl (RaftServerImpl.java:setRole(164)) - 126092fe-746b-4437-82ad-f59d4bb6f6e4:group-2646D1A1901D changes role from CANDIDATE to LEADER at term 1 for changeToLeader
2019-06-13 08:23:43,385 INFO  impl.RaftServerImpl (ServerState.java:setLeader(263)) - 126092fe-746b-4437-82ad-f59d4bb6f6e4:group-2646D1A1901D change Leader from null to 126092fe-746b-4437-82ad-f59d4bb6f6e4 at term 1 for becomeLeader, leader elected after 1184ms
2019-06-13 08:23:43,389 INFO  server.RaftServerConfigKeys (ConfUtils.java:logGet(43)) - raft.server.staging.catchup.gap = 1000 (default)
2019-06-13 08:23:43,389 INFO  server.RaftServerConfigKeys (ConfUtils.java:logGet(43)) - raft.server.rpc.sleep.time = 25ms (default)
2019-06-13 08:23:43,391 INFO  server.RaftServerConfigKeys (ConfUtils.java:logGet(43)) - raft.server.watch.timeout = 10s (default)
2019-06-13 08:23:43,391 INFO  server.RaftServerConfigKeys (ConfUtils.java:logGet(43)) - raft.server.watch.timeout.denomination = 1s (default)
2019-06-13 08:23:43,396 INFO  impl.RoleInfo (RoleInfo.java:updateAndGet(143)) - 126092fe-746b-4437-82ad-f59d4bb6f6e4: start LeaderState
2019-06-13 08:23:43,409 INFO  storage.RaftLogWorker (RaftLogWorker.java:startLogSegment(298)) - 126092fe-746b-4437-82ad-f59d4bb6f6e4-RaftLogWorker: Starting segment from index:0
2019-06-13 08:23:43,415 INFO  impl.RaftServerImpl (ServerState.java:setRaftConf(361)) - 126092fe-746b-4437-82ad-f59d4bb6f6e4:group-2646D1A1901D set configuration 0: [126092fe-746b-4437-82ad-f59d4bb6f6e4:192.168.46.21:33281], old=null at 0
2019-06-13 08:23:43,537 INFO  storage.RaftLogWorker (RaftLogWorker.java:execute(469)) - 126092fe-746b-4437-82ad-f59d4bb6f6e4-RaftLogWorker: created new log segment /opt/src/hadoop-ozone/integration-test/target/test-dir/MiniOzoneClusterImpl-e858ead4-c6ee-4ff2-98d1-13d579e3052d/datanode-0/data/ratis/38e89240-4b37-4a15-aaef-2646d1a1901d/current/log_inprogress_0
2019-06-13 08:23:43,585 INFO  impl.FollowerState (FollowerState.java:run(101)) - 1acc29d4-579d-4f5f-836d-b707666a250c:group-31C60033AB90 changes to CANDIDATE, lastRpcTime:1084, electionTimeout:1084ms
2019-06-13 08:23:43,586 INFO  impl.RoleInfo (RoleInfo.java:shutdownFollowerState(121)) - 1acc29d4-579d-4f5f-836d-b707666a250c: shutdown FollowerState
2019-06-13 08:23:43,586 INFO  impl.RaftServerImpl (RaftServerImpl.java:setRole(164)) - 1acc29d4-579d-4f5f-836d-b707666a250c:group-31C60033AB90 changes role from FOLLOWER to CANDIDATE at term 0 for changeToCandidate
2019-06-13 08:23:43,586 INFO  impl.RoleInfo (RoleInfo.java:updateAndGet(143)) - 1acc29d4-579d-4f5f-836d-b707666a250c: start LeaderElection
2019-06-13 08:23:43,591 INFO  impl.LeaderElection (LeaderElection.java:askForVotes(181)) - 1acc29d4-579d-4f5f-836d-b707666a250c:group-31C60033AB90:LeaderElection2: begin an election at term 1 for -1: [1acc29d4-579d-4f5f-836d-b707666a250c:192.168.46.21:46071], old=null
2019-06-13 08:23:43,591 INFO  impl.RoleInfo (RoleInfo.java:shutdownLeaderElection(134)) - 1acc29d4-579d-4f5f-836d-b707666a250c: shutdown LeaderElection
2019-06-13 08:23:43,592 INFO  impl.RaftServerImpl (RaftServerImpl.java:setRole(164)) - 1acc29d4-579d-4f5f-836d-b707666a250c:group-31C60033AB90 changes role from CANDIDATE to LEADER at term 1 for changeToLeader
2019-06-13 08:23:43,592 INFO  impl.RaftServerImpl (ServerState.java:setLeader(263)) - 1acc29d4-579d-4f5f-836d-b707666a250c:group-31C60033AB90 change Leader from null to 1acc29d4-579d-4f5f-836d-b707666a250c at term 1 for becomeLeader, leader elected after 1095ms
2019-06-13 08:23:43,592 INFO  server.RaftServerConfigKeys (ConfUtils.java:logGet(43)) - raft.server.staging.catchup.gap = 1000 (default)
2019-06-13 08:23:43,592 INFO  server.RaftServerConfigKeys (ConfUtils.java:logGet(43)) - raft.server.rpc.sleep.time = 25ms (default)
2019-06-13 08:23:43,593 INFO  server.RaftServerConfigKeys (ConfUtils.java:logGet(43)) - raft.server.watch.timeout = 10s (default)
2019-06-13 08:23:43,593 INFO  server.RaftServerConfigKeys (ConfUtils.java:logGet(43)) - raft.server.watch.timeout.denomination = 1s (default)
2019-06-13 08:23:43,593 INFO  impl.RoleInfo (RoleInfo.java:updateAndGet(143)) - 1acc29d4-579d-4f5f-836d-b707666a250c: start LeaderState
2019-06-13 08:23:43,593 INFO  storage.RaftLogWorker (RaftLogWorker.java:startLogSegment(298)) - 1acc29d4-579d-4f5f-836d-b707666a250c-RaftLogWorker: Starting segment from index:0
2019-06-13 08:23:43,593 INFO  impl.RaftServerImpl (ServerState.java:setRaftConf(361)) - 1acc29d4-579d-4f5f-836d-b707666a250c:group-31C60033AB90 set configuration 0: [1acc29d4-579d-4f5f-836d-b707666a250c:192.168.46.21:46071], old=null at 0
2019-06-13 08:23:43,614 INFO  impl.FollowerState (FollowerState.java:run(101)) - dd768977-4102-4bb6-89f1-5c39dbf52758:group-063994306BF6 changes to CANDIDATE, lastRpcTime:1192, electionTimeout:1192ms
2019-06-13 08:23:43,614 INFO  impl.RoleInfo (RoleInfo.java:shutdownFollowerState(121)) - dd768977-4102-4bb6-89f1-5c39dbf52758: shutdown FollowerState
2019-06-13 08:23:43,614 INFO  impl.RaftServerImpl (RaftServerImpl.java:setRole(164)) - dd768977-4102-4bb6-89f1-5c39dbf52758:group-063994306BF6 changes role from FOLLOWER to CANDIDATE at term 0 for changeToCandidate
2019-06-13 08:23:43,614 INFO  impl.RoleInfo (RoleInfo.java:updateAndGet(143)) - dd768977-4102-4bb6-89f1-5c39dbf52758: start LeaderElection
2019-06-13 08:23:43,629 INFO  storage.RaftLogWorker (RaftLogWorker.java:execute(469)) - 1acc29d4-579d-4f5f-836d-b707666a250c-RaftLogWorker: created new log segment /opt/src/hadoop-ozone/integration-test/target/test-dir/MiniOzoneClusterImpl-e858ead4-c6ee-4ff2-98d1-13d579e3052d/datanode-2/data/ratis/85d1f97b-a135-41cf-9cca-31c60033ab90/current/log_inprogress_0
2019-06-13 08:23:43,631 INFO  impl.LeaderElection (LeaderElection.java:askForVotes(181)) - dd768977-4102-4bb6-89f1-5c39dbf52758:group-063994306BF6:LeaderElection3: begin an election at term 1 for -1: [dd768977-4102-4bb6-89f1-5c39dbf52758:192.168.46.21:44633], old=null
2019-06-13 08:23:43,631 INFO  impl.RoleInfo (RoleInfo.java:shutdownLeaderElection(134)) - dd768977-4102-4bb6-89f1-5c39dbf52758: shutdown LeaderElection
2019-06-13 08:23:43,631 INFO  impl.RaftServerImpl (RaftServerImpl.java:setRole(164)) - dd768977-4102-4bb6-89f1-5c39dbf52758:group-063994306BF6 changes role from CANDIDATE to LEADER at term 1 for changeToLeader
2019-06-13 08:23:43,631 INFO  impl.RaftServerImpl (ServerState.java:setLeader(263)) - dd768977-4102-4bb6-89f1-5c39dbf52758:group-063994306BF6 change Leader from null to dd768977-4102-4bb6-89f1-5c39dbf52758 at term 1 for becomeLeader, leader elected after 1212ms
2019-06-13 08:23:43,632 INFO  server.RaftServerConfigKeys (ConfUtils.java:logGet(43)) - raft.server.staging.catchup.gap = 1000 (default)
2019-06-13 08:23:43,632 INFO  server.RaftServerConfigKeys (ConfUtils.java:logGet(43)) - raft.server.rpc.sleep.time = 25ms (default)
2019-06-13 08:23:43,632 INFO  server.RaftServerConfigKeys (ConfUtils.java:logGet(43)) - raft.server.watch.timeout = 10s (default)
2019-06-13 08:23:43,632 INFO  server.RaftServerConfigKeys (ConfUtils.java:logGet(43)) - raft.server.watch.timeout.denomination = 1s (default)
2019-06-13 08:23:43,632 INFO  impl.RoleInfo (RoleInfo.java:updateAndGet(143)) - dd768977-4102-4bb6-89f1-5c39dbf52758: start LeaderState
2019-06-13 08:23:43,632 INFO  storage.RaftLogWorker (RaftLogWorker.java:startLogSegment(298)) - dd768977-4102-4bb6-89f1-5c39dbf52758-RaftLogWorker: Starting segment from index:0
2019-06-13 08:23:43,633 INFO  impl.RaftServerImpl (ServerState.java:setRaftConf(361)) - dd768977-4102-4bb6-89f1-5c39dbf52758:group-063994306BF6 set configuration 0: [dd768977-4102-4bb6-89f1-5c39dbf52758:192.168.46.21:44633], old=null at 0
2019-06-13 08:23:43,667 INFO  storage.RaftLogWorker (RaftLogWorker.java:execute(469)) - dd768977-4102-4bb6-89f1-5c39dbf52758-RaftLogWorker: created new log segment /opt/src/hadoop-ozone/integration-test/target/test-dir/MiniOzoneClusterImpl-e858ead4-c6ee-4ff2-98d1-13d579e3052d/datanode-1/data/ratis/fc27bd02-623c-425d-ad0e-063994306bf6/current/log_inprogress_0
2019-06-13 08:23:43,688 INFO  impl.FollowerState (FollowerState.java:run(101)) - 1acc29d4-579d-4f5f-836d-b707666a250c:group-FD1344F45FD8 changes to CANDIDATE, lastRpcTime:1091, electionTimeout:1090ms
2019-06-13 08:23:43,688 INFO  impl.RoleInfo (RoleInfo.java:shutdownFollowerState(121)) - 1acc29d4-579d-4f5f-836d-b707666a250c: shutdown FollowerState
2019-06-13 08:23:43,688 INFO  impl.RaftServerImpl (RaftServerImpl.java:setRole(164)) - 1acc29d4-579d-4f5f-836d-b707666a250c:group-FD1344F45FD8 changes role from FOLLOWER to CANDIDATE at term 0 for changeToCandidate
2019-06-13 08:23:43,688 INFO  impl.RoleInfo (RoleInfo.java:updateAndGet(143)) - 1acc29d4-579d-4f5f-836d-b707666a250c: start LeaderElection
2019-06-13 08:23:43,691 INFO  impl.FollowerState (FollowerState.java:run(101)) - 6e0d6874-5413-4e7d-be4c-697216d5f152:group-22A153895954 changes to CANDIDATE, lastRpcTime:1155, electionTimeout:1155ms
2019-06-13 08:23:43,691 INFO  impl.RoleInfo (RoleInfo.java:shutdownFollowerState(121)) - 6e0d6874-5413-4e7d-be4c-697216d5f152: shutdown FollowerState
2019-06-13 08:23:43,691 INFO  impl.RaftServerImpl (RaftServerImpl.java:setRole(164)) - 6e0d6874-5413-4e7d-be4c-697216d5f152:group-22A153895954 changes role from FOLLOWER to CANDIDATE at term 0 for changeToCandidate
2019-06-13 08:23:43,691 INFO  impl.RoleInfo (RoleInfo.java:updateAndGet(143)) - 6e0d6874-5413-4e7d-be4c-697216d5f152: start LeaderElection
2019-06-13 08:23:43,694 INFO  impl.LeaderElection (LeaderElection.java:askForVotes(181)) - 1acc29d4-579d-4f5f-836d-b707666a250c:group-FD1344F45FD8:LeaderElection4: begin an election at term 1 for -1: [dd768977-4102-4bb6-89f1-5c39dbf52758:192.168.46.21:44633, 1acc29d4-579d-4f5f-836d-b707666a250c:192.168.46.21:46071, 126092fe-746b-4437-82ad-f59d4bb6f6e4:192.168.46.21:33281], old=null
2019-06-13 08:23:43,696 INFO  impl.LeaderElection (LeaderElection.java:askForVotes(181)) - 6e0d6874-5413-4e7d-be4c-697216d5f152:group-22A153895954:LeaderElection5: begin an election at term 1 for -1: [6e0d6874-5413-4e7d-be4c-697216d5f152:192.168.46.21:42069], old=null
2019-06-13 08:23:43,696 INFO  impl.RoleInfo (RoleInfo.java:shutdownLeaderElection(134)) - 6e0d6874-5413-4e7d-be4c-697216d5f152: shutdown LeaderElection
2019-06-13 08:23:43,696 INFO  impl.RaftServerImpl (RaftServerImpl.java:setRole(164)) - 6e0d6874-5413-4e7d-be4c-697216d5f152:group-22A153895954 changes role from CANDIDATE to LEADER at term 1 for changeToLeader
2019-06-13 08:23:43,696 INFO  impl.RaftServerImpl (ServerState.java:setLeader(263)) - 6e0d6874-5413-4e7d-be4c-697216d5f152:group-22A153895954 change Leader from null to 6e0d6874-5413-4e7d-be4c-697216d5f152 at term 1 for becomeLeader, leader elected after 1162ms
2019-06-13 08:23:43,697 INFO  server.RaftServerConfigKeys (ConfUtils.java:logGet(43)) - raft.server.staging.catchup.gap = 1000 (default)
2019-06-13 08:23:43,697 INFO  server.RaftServerConfigKeys (ConfUtils.java:logGet(43)) - raft.server.rpc.sleep.time = 25ms (default)
2019-06-13 08:23:43,698 INFO  server.RaftServerConfigKeys (ConfUtils.java:logGet(43)) - raft.server.watch.timeout = 10s (default)
2019-06-13 08:23:43,698 INFO  server.RaftServerConfigKeys (ConfUtils.java:logGet(43)) - raft.server.watch.timeout.denomination = 1s (default)
2019-06-13 08:23:43,699 INFO  impl.RoleInfo (RoleInfo.java:updateAndGet(143)) - 6e0d6874-5413-4e7d-be4c-697216d5f152: start LeaderState
2019-06-13 08:23:43,699 INFO  storage.RaftLogWorker (RaftLogWorker.java:startLogSegment(298)) - 6e0d6874-5413-4e7d-be4c-697216d5f152-RaftLogWorker: Starting segment from index:0
2019-06-13 08:23:43,716 INFO  impl.RaftServerImpl (ServerState.java:setRaftConf(361)) - 6e0d6874-5413-4e7d-be4c-697216d5f152:group-22A153895954 set configuration 0: [6e0d6874-5413-4e7d-be4c-697216d5f152:192.168.46.21:42069], old=null at 0
2019-06-13 08:23:43,735 INFO  storage.RaftLogWorker (RaftLogWorker.java:execute(469)) - 6e0d6874-5413-4e7d-be4c-697216d5f152-RaftLogWorker: created new log segment /opt/src/hadoop-ozone/integration-test/target/test-dir/MiniOzoneClusterImpl-e858ead4-c6ee-4ff2-98d1-13d579e3052d/datanode-3/data/ratis/4b725edc-50d4-4d38-9ef6-22a153895954/current/log_inprogress_0
2019-06-13 08:23:43,747 INFO  impl.RaftServerImpl (RaftServerImpl.java:setRole(164)) - dd768977-4102-4bb6-89f1-5c39dbf52758:group-FD1344F45FD8 changes role from FOLLOWER to FOLLOWER at term 1 for recognizeCandidate:1acc29d4-579d-4f5f-836d-b707666a250c
2019-06-13 08:23:43,747 INFO  impl.RaftServerImpl (RaftServerImpl.java:setRole(164)) - 126092fe-746b-4437-82ad-f59d4bb6f6e4:group-FD1344F45FD8 changes role from FOLLOWER to FOLLOWER at term 1 for recognizeCandidate:1acc29d4-579d-4f5f-836d-b707666a250c
2019-06-13 08:23:43,747 INFO  impl.RoleInfo (RoleInfo.java:shutdownFollowerState(121)) - 126092fe-746b-4437-82ad-f59d4bb6f6e4: shutdown FollowerState
2019-06-13 08:23:43,747 INFO  impl.RoleInfo (RoleInfo.java:updateAndGet(143)) - 126092fe-746b-4437-82ad-f59d4bb6f6e4: start FollowerState
2019-06-13 08:23:43,747 INFO  impl.RoleInfo (RoleInfo.java:shutdownFollowerState(121)) - dd768977-4102-4bb6-89f1-5c39dbf52758: shutdown FollowerState
2019-06-13 08:23:43,749 INFO  impl.RoleInfo (RoleInfo.java:updateAndGet(143)) - dd768977-4102-4bb6-89f1-5c39dbf52758: start FollowerState
2019-06-13 08:23:43,747 INFO  impl.FollowerState (FollowerState.java:run(109)) - 126092fe-746b-4437-82ad-f59d4bb6f6e4: FollowerState was interrupted: java.lang.InterruptedException: sleep interrupted
2019-06-13 08:23:43,749 INFO  impl.FollowerState (FollowerState.java:run(109)) - dd768977-4102-4bb6-89f1-5c39dbf52758: FollowerState was interrupted: java.lang.InterruptedException: sleep interrupted
2019-06-13 08:23:43,760 INFO  impl.LeaderElection (LeaderElection.java:logAndReturn(56)) - 1acc29d4-579d-4f5f-836d-b707666a250c:group-FD1344F45FD8:LeaderElection4: Election PASSED; received 1 response(s) [1acc29d4-579d-4f5f-836d-b707666a250c->126092fe-746b-4437-82ad-f59d4bb6f6e4,true-t1] and 0 exception(s); 1acc29d4-579d-4f5f-836d-b707666a250c:t1, leader=null, voted=1acc29d4-579d-4f5f-836d-b707666a250c, raftlog=1acc29d4-579d-4f5f-836d-b707666a250c-SegmentedRaftLog:OPENED:c-1,f-1,i0, conf=-1: [dd768977-4102-4bb6-89f1-5c39dbf52758:192.168.46.21:44633, 1acc29d4-579d-4f5f-836d-b707666a250c:192.168.46.21:46071, 126092fe-746b-4437-82ad-f59d4bb6f6e4:192.168.46.21:33281], old=null
2019-06-13 08:23:43,761 INFO  impl.RoleInfo (RoleInfo.java:shutdownLeaderElection(134)) - 1acc29d4-579d-4f5f-836d-b707666a250c: shutdown LeaderElection
2019-06-13 08:23:43,761 INFO  impl.RaftServerImpl (RaftServerImpl.java:setRole(164)) - 1acc29d4-579d-4f5f-836d-b707666a250c:group-FD1344F45FD8 changes role from CANDIDATE to LEADER at term 1 for changeToLeader
2019-06-13 08:23:43,762 INFO  impl.RaftServerImpl (ServerState.java:setLeader(263)) - 1acc29d4-579d-4f5f-836d-b707666a250c:group-FD1344F45FD8 change Leader from null to 1acc29d4-579d-4f5f-836d-b707666a250c at term 1 for becomeLeader, leader elected after 1168ms
2019-06-13 08:23:43,763 INFO  server.RaftServerConfigKeys (ConfUtils.java:logGet(43)) - raft.server.staging.catchup.gap = 1000 (default)
2019-06-13 08:23:43,763 INFO  server.RaftServerConfigKeys (ConfUtils.java:logGet(43)) - raft.server.rpc.sleep.time = 25ms (default)
2019-06-13 08:23:43,763 INFO  server.RaftServerConfigKeys (ConfUtils.java:logGet(43)) - raft.server.watch.timeout = 10s (default)
2019-06-13 08:23:43,763 INFO  server.RaftServerConfigKeys (ConfUtils.java:logGet(43)) - raft.server.watch.timeout.denomination = 1s (default)
2019-06-13 08:23:43,765 INFO  server.RaftServerConfigKeys (ConfUtils.java:logGet(43)) - raft.server.log.appender.snapshot.chunk.size.max = 16MB (=16777216) (default)
2019-06-13 08:23:43,765 INFO  server.RaftServerConfigKeys (ConfUtils.java:logGet(43)) - raft.server.log.appender.buffer.byte-limit = 33554432 (custom)
2019-06-13 08:23:43,766 INFO  server.RaftServerConfigKeys (ConfUtils.java:logGet(43)) - raft.server.log.appender.buffer.element-limit = 1 (custom)
2019-06-13 08:23:43,767 INFO  grpc.GrpcConfigKeys$Server (ConfUtils.java:logGet(43)) - raft.grpc.server.leader.outstanding.appends.max = 128 (default)
2019-06-13 08:23:43,767 INFO  server.RaftServerConfigKeys (ConfUtils.java:logGet(43)) - raft.server.rpc.request.timeout = 3000ms (default)
2019-06-13 08:23:43,767 INFO  server.RaftServerConfigKeys (ConfUtils.java:logGet(43)) - raft.server.log.appender.install.snapshot.enabled = true (default)
2019-06-13 08:23:43,767 INFO  server.RaftServerConfigKeys (ConfUtils.java:logGet(43)) - raft.server.log.appender.snapshot.chunk.size.max = 16MB (=16777216) (default)
2019-06-13 08:23:43,767 INFO  server.RaftServerConfigKeys (ConfUtils.java:logGet(43)) - raft.server.log.appender.buffer.byte-limit = 33554432 (custom)
2019-06-13 08:23:43,768 INFO  server.RaftServerConfigKeys (ConfUtils.java:logGet(43)) - raft.server.log.appender.buffer.element-limit = 1 (custom)
2019-06-13 08:23:43,768 INFO  grpc.GrpcConfigKeys$Server (ConfUtils.java:logGet(43)) - raft.grpc.server.leader.outstanding.appends.max = 128 (default)
2019-06-13 08:23:43,768 INFO  server.RaftServerConfigKeys (ConfUtils.java:logGet(43)) - raft.server.rpc.request.timeout = 3000ms (default)
2019-06-13 08:23:43,768 INFO  server.RaftServerConfigKeys (ConfUtils.java:logGet(43)) - raft.server.log.appender.install.snapshot.enabled = true (default)
2019-06-13 08:23:43,768 INFO  impl.RoleInfo (RoleInfo.java:updateAndGet(143)) - 1acc29d4-579d-4f5f-836d-b707666a250c: start LeaderState
2019-06-13 08:23:43,768 INFO  storage.RaftLogWorker (RaftLogWorker.java:startLogSegment(298)) - 1acc29d4-579d-4f5f-836d-b707666a250c-RaftLogWorker: Starting segment from index:0
2019-06-13 08:23:43,770 INFO  impl.RaftServerImpl (ServerState.java:setRaftConf(361)) - 1acc29d4-579d-4f5f-836d-b707666a250c:group-FD1344F45FD8 set configuration 0: [dd768977-4102-4bb6-89f1-5c39dbf52758:192.168.46.21:44633, 1acc29d4-579d-4f5f-836d-b707666a250c:192.168.46.21:46071, 126092fe-746b-4437-82ad-f59d4bb6f6e4:192.168.46.21:33281], old=null at 0
2019-06-13 08:23:43,805 INFO  storage.RaftLogWorker (RaftLogWorker.java:execute(469)) - 1acc29d4-579d-4f5f-836d-b707666a250c-RaftLogWorker: created new log segment /opt/src/hadoop-ozone/integration-test/target/test-dir/MiniOzoneClusterImpl-e858ead4-c6ee-4ff2-98d1-13d579e3052d/datanode-2/data/ratis/04f8f878-a509-4d6d-991f-fd1344f45fd8/current/log_inprogress_0
2019-06-13 08:23:43,813 INFO  impl.FollowerState (FollowerState.java:run(101)) - 9adcc086-99e4-4799-be69-06b9906a2c33:group-8F24DDC744F1 changes to CANDIDATE, lastRpcTime:1135, electionTimeout:1131ms
2019-06-13 08:23:43,813 INFO  impl.RoleInfo (RoleInfo.java:shutdownFollowerState(121)) - 9adcc086-99e4-4799-be69-06b9906a2c33: shutdown FollowerState
2019-06-13 08:23:43,813 INFO  impl.RaftServerImpl (RaftServerImpl.java:setRole(164)) - 9adcc086-99e4-4799-be69-06b9906a2c33:group-8F24DDC744F1 changes role from FOLLOWER to CANDIDATE at term 0 for changeToCandidate
2019-06-13 08:23:43,813 INFO  impl.RoleInfo (RoleInfo.java:updateAndGet(143)) - 9adcc086-99e4-4799-be69-06b9906a2c33: start LeaderElection
2019-06-13 08:23:43,828 INFO  impl.LeaderElection (LeaderElection.java:askForVotes(181)) - 9adcc086-99e4-4799-be69-06b9906a2c33:group-8F24DDC744F1:LeaderElection6: begin an election at term 1 for -1: [9adcc086-99e4-4799-be69-06b9906a2c33:192.168.46.21:34927], old=null
2019-06-13 08:23:43,828 INFO  impl.RoleInfo (RoleInfo.java:shutdownLeaderElection(134)) - 9adcc086-99e4-4799-be69-06b9906a2c33: shutdown LeaderElection
2019-06-13 08:23:43,828 INFO  impl.RaftServerImpl (RaftServerImpl.java:setRole(164)) - 9adcc086-99e4-4799-be69-06b9906a2c33:group-8F24DDC744F1 changes role from CANDIDATE to LEADER at term 1 for changeToLeader
2019-06-13 08:23:43,828 INFO  impl.RaftServerImpl (ServerState.java:setLeader(263)) - 9adcc086-99e4-4799-be69-06b9906a2c33:group-8F24DDC744F1 change Leader from null to 9adcc086-99e4-4799-be69-06b9906a2c33 at term 1 for becomeLeader, leader elected after 1152ms
2019-06-13 08:23:43,829 INFO  server.RaftServerConfigKeys (ConfUtils.java:logGet(43)) - raft.server.staging.catchup.gap = 1000 (default)
2019-06-13 08:23:43,830 INFO  server.RaftServerConfigKeys (ConfUtils.java:logGet(43)) - raft.server.rpc.sleep.time = 25ms (default)
2019-06-13 08:23:43,830 INFO  server.RaftServerConfigKeys (ConfUtils.java:logGet(43)) - raft.server.watch.timeout = 10s (default)
2019-06-13 08:23:43,831 INFO  server.RaftServerConfigKeys (ConfUtils.java:logGet(43)) - raft.server.watch.timeout.denomination = 1s (default)
2019-06-13 08:23:43,831 INFO  impl.RoleInfo (RoleInfo.java:updateAndGet(143)) - 9adcc086-99e4-4799-be69-06b9906a2c33: start LeaderState
2019-06-13 08:23:43,831 INFO  storage.RaftLogWorker (RaftLogWorker.java:startLogSegment(298)) - 9adcc086-99e4-4799-be69-06b9906a2c33-RaftLogWorker: Starting segment from index:0
2019-06-13 08:23:43,849 INFO  impl.RaftServerImpl (ServerState.java:setLeader(263)) - 126092fe-746b-4437-82ad-f59d4bb6f6e4:group-FD1344F45FD8 change Leader from null to 1acc29d4-579d-4f5f-836d-b707666a250c at term 1 for appendEntries, leader elected after 1255ms
2019-06-13 08:23:43,849 INFO  impl.RaftServerImpl (ServerState.java:setRaftConf(361)) - 9adcc086-99e4-4799-be69-06b9906a2c33:group-8F24DDC744F1 set configuration 0: [9adcc086-99e4-4799-be69-06b9906a2c33:192.168.46.21:34927], old=null at 0
2019-06-13 08:23:43,849 INFO  impl.RaftServerImpl (ServerState.java:setLeader(263)) - dd768977-4102-4bb6-89f1-5c39dbf52758:group-FD1344F45FD8 change Leader from null to 1acc29d4-579d-4f5f-836d-b707666a250c at term 1 for appendEntries, leader elected after 1253ms
2019-06-13 08:23:43,866 INFO  ozone.MiniOzoneClusterImpl (MiniOzoneClusterImpl.java:lambda$waitForClusterToBeReady$0(142)) - Cluster is ready. Got 6 of 6 DN Heartbeats.
2019-06-13 08:23:43,869 INFO  storage.RaftLogWorker (RaftLogWorker.java:execute(469)) - 9adcc086-99e4-4799-be69-06b9906a2c33-RaftLogWorker: created new log segment /opt/src/hadoop-ozone/integration-test/target/test-dir/MiniOzoneClusterImpl-e858ead4-c6ee-4ff2-98d1-13d579e3052d/datanode-4/data/ratis/96c3fc6f-f359-4104-948d-8f24ddc744f1/current/log_inprogress_0
]]></system-out>
    <system-err><![CDATA[ERROR StatusLogger No Log4j 2 configuration file found. Using default configuration (logging only errors to the console), or user programmatically provided configurations. Set system property 'log4j2.debug' to show Log4j 2 internal initialization logging. See https://logging.apache.org/log4j/2.x/manual/configuration.html for instructions on how to configure Log4j 2
Jun 13, 2019 8:23:37 AM com.sun.jersey.server.impl.application.WebApplicationImpl _initiate
INFO: Initiating Jersey application, version 'Jersey: 1.19 02/11/2015 03:25 AM'
Jun 13, 2019 8:23:37 AM com.sun.jersey.server.impl.application.WebApplicationImpl _initiate
INFO: Initiating Jersey application, version 'Jersey: 1.19 02/11/2015 03:25 AM'
Jun 13, 2019 8:23:38 AM com.sun.jersey.server.impl.application.WebApplicationImpl _initiate
INFO: Initiating Jersey application, version 'Jersey: 1.19 02/11/2015 03:25 AM'
Jun 13, 2019 8:23:38 AM com.sun.jersey.server.impl.application.WebApplicationImpl _initiate
INFO: Initiating Jersey application, version 'Jersey: 1.19 02/11/2015 03:25 AM'
Jun 13, 2019 8:23:38 AM com.sun.jersey.server.impl.application.WebApplicationImpl _initiate
INFO: Initiating Jersey application, version 'Jersey: 1.19 02/11/2015 03:25 AM'
Jun 13, 2019 8:23:38 AM com.sun.jersey.server.impl.application.WebApplicationImpl _initiate
INFO: Initiating Jersey application, version 'Jersey: 1.19 02/11/2015 03:25 AM'
]]></system-err>
  </testcase>
</testsuite>