<?xml version="1.0" encoding="UTF-8"?>
<testsuite xmlns:xsi="http://www.w3.org/2001/XMLSchema-instance" xsi:noNamespaceSchemaLocation="https://maven.apache.org/surefire/maven-surefire-plugin/xsd/surefire-test-report.xsd" name="org.apache.hadoop.hdds.scm.pipeline.TestNodeFailure" time="11.611" tests="1" errors="0" skipped="1" failures="0">
  <properties>
    <property name="awt.toolkit" value="sun.awt.X11.XToolkit"/>
    <property name="file.encoding.pkg" value="sun.io"/>
    <property name="java.specification.version" value="1.8"/>
    <property name="sun.cpu.isalist" value=""/>
    <property name="sun.jnu.encoding" value="UTF-8"/>
    <property name="java.class.path" value="/opt/src/hadoop-ozone/integration-test/target/test-classes:/opt/src/hadoop-ozone/integration-test/target/classes:/root/.m2/repository/org/apache/hadoop/hadoop-ozone-common/0.5.0-SNAPSHOT/hadoop-ozone-common-0.5.0-SNAPSHOT.jar:/root/.m2/repository/org/apache/commons/commons-compress/1.4.1/commons-compress-1.4.1.jar:/root/.m2/repository/org/tukaani/xz/1.0/xz-1.0.jar:/root/.m2/repository/org/apache/hadoop/hadoop-common/3.2.0/hadoop-common-3.2.0.jar:/root/.m2/repository/org/apache/hadoop/hadoop-hdfs/3.2.0/hadoop-hdfs-3.2.0.jar:/root/.m2/repository/org/apache/hadoop/hadoop-hdfs-client/3.2.0/hadoop-hdfs-client-3.2.0.jar:/root/.m2/repository/com/fasterxml/jackson/core/jackson-annotations/2.9.5/jackson-annotations-2.9.5.jar:/root/.m2/repository/org/apache/hadoop/hadoop-hdds-common/0.5.0-SNAPSHOT/hadoop-hdds-common-0.5.0-SNAPSHOT.jar:/root/.m2/repository/javax/annotation/javax.annotation-api/1.2/javax.annotation-api-1.2.jar:/root/.m2/repository/org/apache/ratis/ratis-server/0.4.0-fe2b15d-SNAPSHOT/ratis-server-0.4.0-fe2b15d-SNAPSHOT.jar:/root/.m2/repository/org/apache/ratis/ratis-thirdparty-misc/0.2.0/ratis-thirdparty-misc-0.2.0.jar:/root/.m2/repository/org/apache/ratis/ratis-proto/0.4.0-fe2b15d-SNAPSHOT/ratis-proto-0.4.0-fe2b15d-SNAPSHOT.jar:/root/.m2/repository/org/apache/ratis/ratis-common/0.4.0-fe2b15d-SNAPSHOT/ratis-common-0.4.0-fe2b15d-SNAPSHOT.jar:/root/.m2/repository/org/apache/ratis/ratis-client/0.4.0-fe2b15d-SNAPSHOT/ratis-client-0.4.0-fe2b15d-SNAPSHOT.jar:/root/.m2/repository/org/apache/ratis/ratis-netty/0.4.0-fe2b15d-SNAPSHOT/ratis-netty-0.4.0-fe2b15d-SNAPSHOT.jar:/root/.m2/repository/org/apache/ratis/ratis-grpc/0.4.0-fe2b15d-SNAPSHOT/ratis-grpc-0.4.0-fe2b15d-SNAPSHOT.jar:/root/.m2/repository/org/rocksdb/rocksdbjni/5.14.2/rocksdbjni-5.14.2.jar:/root/.m2/repository/org/apache/logging/log4j/log4j-api/2.11.0/log4j-api-2.11.0.jar:/root/.m2/repository/org/apache/logging/log4j/log4j-core/2.11.0/log4j-core-2.11.0.jar:/root/.m2/repository/com/lmax/disruptor/3.4.2/disruptor-3.4.2.jar:/root/.m2/repository/org/apache/commons/commons-pool2/2.6.0/commons-pool2-2.6.0.jar:/root/.m2/repository/org/bouncycastle/bcpkix-jdk15on/1.60/bcpkix-jdk15on-1.60.jar:/root/.m2/repository/commons-validator/commons-validator/1.6/commons-validator-1.6.jar:/root/.m2/repository/commons-digester/commons-digester/1.8.1/commons-digester-1.8.1.jar:/root/.m2/repository/io/jaegertracing/jaeger-client/0.33.1/jaeger-client-0.33.1.jar:/root/.m2/repository/io/jaegertracing/jaeger-thrift/0.33.1/jaeger-thrift-0.33.1.jar:/root/.m2/repository/org/apache/thrift/libthrift/0.11.0/libthrift-0.11.0.jar:/root/.m2/repository/com/squareup/okhttp3/okhttp/3.9.0/okhttp-3.9.0.jar:/root/.m2/repository/com/squareup/okio/okio/1.13.0/okio-1.13.0.jar:/root/.m2/repository/io/jaegertracing/jaeger-core/0.33.1/jaeger-core-0.33.1.jar:/root/.m2/repository/io/jaegertracing/jaeger-tracerresolver/0.33.1/jaeger-tracerresolver-0.33.1.jar:/root/.m2/repository/io/opentracing/contrib/opentracing-tracerresolver/0.1.5/opentracing-tracerresolver-0.1.5.jar:/root/.m2/repository/io/opentracing/opentracing-util/0.31.0/opentracing-util-0.31.0.jar:/root/.m2/repository/io/opentracing/opentracing-api/0.31.0/opentracing-api-0.31.0.jar:/root/.m2/repository/io/opentracing/opentracing-noop/0.31.0/opentracing-noop-0.31.0.jar:/root/.m2/repository/org/apache/hadoop/hadoop-hdds-server-framework/0.5.0-SNAPSHOT/hadoop-hdds-server-framework-0.5.0-SNAPSHOT.jar:/root/.m2/repository/org/apache/hadoop/hadoop-hdds-server-scm/0.5.0-SNAPSHOT/hadoop-hdds-server-scm-0.5.0-SNAPSHOT.jar:/root/.m2/repository/org/apache/hadoop/hadoop-hdds-container-service/0.5.0-SNAPSHOT/hadoop-hdds-container-service-0.5.0-SNAPSHOT.jar:/root/.m2/repository/org/apache/hadoop/hadoop-hdds-client/0.5.0-SNAPSHOT/hadoop-hdds-client-0.5.0-SNAPSHOT.jar:/root/.m2/repository/org/apache/hadoop/hadoop-hdds-tools/0.5.0-SNAPSHOT/hadoop-hdds-tools-0.5.0-SNAPSHOT.jar:/root/.m2/repository/org/apache/hadoop/hadoop-ozone-ozone-manager/0.5.0-SNAPSHOT/hadoop-ozone-ozone-manager-0.5.0-SNAPSHOT.jar:/root/.m2/repository/org/apache/hadoop/hadoop-hdds-docs/0.5.0-SNAPSHOT/hadoop-hdds-docs-0.5.0-SNAPSHOT.jar:/root/.m2/repository/org/bouncycastle/bcprov-jdk15on/1.60/bcprov-jdk15on-1.60.jar:/root/.m2/repository/org/apache/hadoop/hadoop-minikdc/3.2.0/hadoop-minikdc-3.2.0.jar:/root/.m2/repository/commons-io/commons-io/2.5/commons-io-2.5.jar:/root/.m2/repository/org/apache/kerby/kerb-simplekdc/1.0.1/kerb-simplekdc-1.0.1.jar:/root/.m2/repository/org/apache/kerby/kerb-client/1.0.1/kerb-client-1.0.1.jar:/root/.m2/repository/org/apache/kerby/kerby-config/1.0.1/kerby-config-1.0.1.jar:/root/.m2/repository/org/apache/kerby/kerb-core/1.0.1/kerb-core-1.0.1.jar:/root/.m2/repository/org/apache/kerby/kerby-pkix/1.0.1/kerby-pkix-1.0.1.jar:/root/.m2/repository/org/apache/kerby/kerby-asn1/1.0.1/kerby-asn1-1.0.1.jar:/root/.m2/repository/org/apache/kerby/kerby-util/1.0.1/kerby-util-1.0.1.jar:/root/.m2/repository/org/apache/kerby/kerb-common/1.0.1/kerb-common-1.0.1.jar:/root/.m2/repository/org/apache/kerby/kerb-crypto/1.0.1/kerb-crypto-1.0.1.jar:/root/.m2/repository/org/apache/kerby/kerb-util/1.0.1/kerb-util-1.0.1.jar:/root/.m2/repository/org/apache/kerby/token-provider/1.0.1/token-provider-1.0.1.jar:/root/.m2/repository/org/apache/kerby/kerb-admin/1.0.1/kerb-admin-1.0.1.jar:/root/.m2/repository/org/apache/kerby/kerb-server/1.0.1/kerb-server-1.0.1.jar:/root/.m2/repository/org/apache/kerby/kerb-identity/1.0.1/kerb-identity-1.0.1.jar:/root/.m2/repository/org/apache/kerby/kerby-xdr/1.0.1/kerby-xdr-1.0.1.jar:/root/.m2/repository/org/slf4j/slf4j-log4j12/1.7.25/slf4j-log4j12-1.7.25.jar:/root/.m2/repository/org/apache/hadoop/hadoop-ozone-objectstore-service/0.5.0-SNAPSHOT/hadoop-ozone-objectstore-service-0.5.0-SNAPSHOT.jar:/root/.m2/repository/org/apache/hadoop/hadoop-ozone-s3gateway/0.5.0-SNAPSHOT/hadoop-ozone-s3gateway-0.5.0-SNAPSHOT.jar:/root/.m2/repository/org/jboss/weld/servlet/weld-servlet/2.4.7.Final/weld-servlet-2.4.7.Final.jar:/root/.m2/repository/org/glassfish/jersey/containers/jersey-container-servlet-core/2.27/jersey-container-servlet-core-2.27.jar:/root/.m2/repository/org/glassfish/hk2/external/javax.inject/2.5.0-b42/javax.inject-2.5.0-b42.jar:/root/.m2/repository/org/glassfish/jersey/core/jersey-common/2.27/jersey-common-2.27.jar:/root/.m2/repository/org/glassfish/hk2/osgi-resource-locator/1.0.1/osgi-resource-locator-1.0.1.jar:/root/.m2/repository/javax/ws/rs/javax.ws.rs-api/2.1/javax.ws.rs-api-2.1.jar:/root/.m2/repository/org/glassfish/jersey/ext/cdi/jersey-cdi1x/2.27/jersey-cdi1x-2.27.jar:/root/.m2/repository/org/glassfish/jersey/inject/jersey-hk2/2.27/jersey-hk2-2.27.jar:/root/.m2/repository/org/glassfish/hk2/hk2-locator/2.5.0-b42/hk2-locator-2.5.0-b42.jar:/root/.m2/repository/org/javassist/javassist/3.22.0-CR2/javassist-3.22.0-CR2.jar:/root/.m2/repository/org/glassfish/hk2/hk2-api/2.5.0/hk2-api-2.5.0.jar:/root/.m2/repository/org/glassfish/hk2/external/jakarta.inject/2.5.0/jakarta.inject-2.5.0.jar:/root/.m2/repository/org/glassfish/hk2/hk2-utils/2.5.0/hk2-utils-2.5.0.jar:/root/.m2/repository/jakarta/annotation/jakarta.annotation-api/1.3.4/jakarta.annotation-api-1.3.4.jar:/root/.m2/repository/org/glassfish/hk2/external/aopalliance-repackaged/2.5.0/aopalliance-repackaged-2.5.0.jar:/root/.m2/repository/com/fasterxml/jackson/dataformat/jackson-dataformat-xml/2.9.0/jackson-dataformat-xml-2.9.0.jar:/root/.m2/repository/com/fasterxml/jackson/core/jackson-core/2.9.5/jackson-core-2.9.5.jar:/root/.m2/repository/com/fasterxml/jackson/module/jackson-module-jaxb-annotations/2.9.5/jackson-module-jaxb-annotations-2.9.5.jar:/root/.m2/repository/javax/enterprise/cdi-api/1.2/cdi-api-1.2.jar:/root/.m2/repository/javax/el/javax.el-api/3.0.0/javax.el-api-3.0.0.jar:/root/.m2/repository/javax/interceptor/javax.interceptor-api/1.2/javax.interceptor-api-1.2.jar:/root/.m2/repository/javax/inject/javax.inject/1/javax.inject-1.jar:/root/.m2/repository/com/sun/xml/bind/jaxb-impl/2.3.0.1/jaxb-impl-2.3.0.1.jar:/root/.m2/repository/com/sun/xml/bind/jaxb-core/2.3.0.1/jaxb-core-2.3.0.1.jar:/root/.m2/repository/javax/xml/bind/jaxb-api/2.3.0/jaxb-api-2.3.0.jar:/root/.m2/repository/javax/activation/activation/1.1.1/activation-1.1.1.jar:/root/.m2/repository/org/apache/hadoop/hadoop-ozone-csi/0.5.0-SNAPSHOT/hadoop-ozone-csi-0.5.0-SNAPSHOT.jar:/root/.m2/repository/com/google/protobuf/protobuf-java-util/3.5.1/protobuf-java-util-3.5.1.jar:/root/.m2/repository/org/apache/hadoop/hadoop-hdds-config/0.5.0-SNAPSHOT/hadoop-hdds-config-0.5.0-SNAPSHOT.jar:/root/.m2/repository/com/google/guava/guava/11.0.2/guava-11.0.2.jar:/root/.m2/repository/com/google/protobuf/protobuf-java/2.5.0/protobuf-java-2.5.0.jar:/root/.m2/repository/io/grpc/grpc-netty/1.17.1/grpc-netty-1.17.1.jar:/root/.m2/repository/io/grpc/grpc-core/1.17.1/grpc-core-1.17.1.jar:/root/.m2/repository/io/grpc/grpc-context/1.17.1/grpc-context-1.17.1.jar:/root/.m2/repository/com/google/errorprone/error_prone_annotations/2.2.0/error_prone_annotations-2.2.0.jar:/root/.m2/repository/org/codehaus/mojo/animal-sniffer-annotations/1.17/animal-sniffer-annotations-1.17.jar:/root/.m2/repository/io/opencensus/opencensus-api/0.17.0/opencensus-api-0.17.0.jar:/root/.m2/repository/io/opencensus/opencensus-contrib-grpc-metrics/0.17.0/opencensus-contrib-grpc-metrics-0.17.0.jar:/root/.m2/repository/io/netty/netty-codec-http2/4.1.30.Final/netty-codec-http2-4.1.30.Final.jar:/root/.m2/repository/io/netty/netty-codec-http/4.1.30.Final/netty-codec-http-4.1.30.Final.jar:/root/.m2/repository/io/netty/netty-codec/4.1.30.Final/netty-codec-4.1.30.Final.jar:/root/.m2/repository/io/netty/netty-handler/4.1.30.Final/netty-handler-4.1.30.Final.jar:/root/.m2/repository/io/netty/netty-handler-proxy/4.1.30.Final/netty-handler-proxy-4.1.30.Final.jar:/root/.m2/repository/io/netty/netty-codec-socks/4.1.30.Final/netty-codec-socks-4.1.30.Final.jar:/root/.m2/repository/io/netty/netty-transport-native-epoll/4.1.30.Final/netty-transport-native-epoll-4.1.30.Final.jar:/root/.m2/repository/io/netty/netty-common/4.1.30.Final/netty-common-4.1.30.Final.jar:/root/.m2/repository/io/netty/netty-buffer/4.1.30.Final/netty-buffer-4.1.30.Final.jar:/root/.m2/repository/io/netty/netty-transport/4.1.30.Final/netty-transport-4.1.30.Final.jar:/root/.m2/repository/io/netty/netty-resolver/4.1.30.Final/netty-resolver-4.1.30.Final.jar:/root/.m2/repository/io/netty/netty-transport-native-unix-common/4.1.30.Final/netty-transport-native-unix-common-4.1.30.Final.jar:/root/.m2/repository/io/grpc/grpc-protobuf/1.17.1/grpc-protobuf-1.17.1.jar:/root/.m2/repository/com/google/api/grpc/proto-google-common-protos/1.0.0/proto-google-common-protos-1.0.0.jar:/root/.m2/repository/io/grpc/grpc-protobuf-lite/1.17.1/grpc-protobuf-lite-1.17.1.jar:/root/.m2/repository/io/grpc/grpc-stub/1.17.1/grpc-stub-1.17.1.jar:/root/.m2/repository/org/apache/hadoop/hadoop-ozone-recon/0.5.0-SNAPSHOT/hadoop-ozone-recon-0.5.0-SNAPSHOT.jar:/root/.m2/repository/org/apache/hadoop/hadoop-ozone-reconcodegen/0.5.0-SNAPSHOT/hadoop-ozone-reconcodegen-0.5.0-SNAPSHOT.jar:/root/.m2/repository/com/google/inject/extensions/guice-multibindings/4.0/guice-multibindings-4.0.jar:/root/.m2/repository/com/google/inject/guice/4.0/guice-4.0.jar:/root/.m2/repository/aopalliance/aopalliance/1.0/aopalliance-1.0.jar:/root/.m2/repository/com/google/inject/extensions/guice-servlet/4.0/guice-servlet-4.0.jar:/root/.m2/repository/org/glassfish/jersey/containers/jersey-container-servlet/2.27/jersey-container-servlet-2.27.jar:/root/.m2/repository/org/glassfish/hk2/guice-bridge/2.5.0/guice-bridge-2.5.0.jar:/root/.m2/repository/org/glassfish/jersey/core/jersey-server/2.27/jersey-server-2.27.jar:/root/.m2/repository/org/glassfish/jersey/core/jersey-client/2.27/jersey-client-2.27.jar:/root/.m2/repository/org/glassfish/jersey/media/jersey-media-jaxb/2.27/jersey-media-jaxb-2.27.jar:/root/.m2/repository/javax/validation/validation-api/1.1.0.Final/validation-api-1.1.0.Final.jar:/root/.m2/repository/org/glassfish/jersey/media/jersey-media-json-jackson/2.27/jersey-media-json-jackson-2.27.jar:/root/.m2/repository/org/glassfish/jersey/ext/jersey-entity-filtering/2.27/jersey-entity-filtering-2.27.jar:/root/.m2/repository/com/google/inject/extensions/guice-assistedinject/4.0/guice-assistedinject-4.0.jar:/root/.m2/repository/org/jooq/jooq/3.11.10/jooq-3.11.10.jar:/root/.m2/repository/org/jooq/jooq-meta/3.11.10/jooq-meta-3.11.10.jar:/root/.m2/repository/org/jooq/jooq-codegen/3.11.10/jooq-codegen-3.11.10.jar:/root/.m2/repository/com/jolbox/bonecp/0.8.0.RELEASE/bonecp-0.8.0.RELEASE.jar:/root/.m2/repository/org/xerial/sqlite-jdbc/3.25.2/sqlite-jdbc-3.25.2.jar:/root/.m2/repository/org/springframework/spring-jdbc/5.1.3.RELEASE/spring-jdbc-5.1.3.RELEASE.jar:/root/.m2/repository/org/springframework/spring-beans/5.1.3.RELEASE/spring-beans-5.1.3.RELEASE.jar:/root/.m2/repository/org/springframework/spring-core/5.1.3.RELEASE/spring-core-5.1.3.RELEASE.jar:/root/.m2/repository/org/springframework/spring-jcl/5.1.3.RELEASE/spring-jcl-5.1.3.RELEASE.jar:/root/.m2/repository/org/springframework/spring-tx/5.1.3.RELEASE/spring-tx-5.1.3.RELEASE.jar:/root/.m2/repository/org/apache/hadoop/hadoop-ozone-client/0.5.0-SNAPSHOT/hadoop-ozone-client-0.5.0-SNAPSHOT.jar:/root/.m2/repository/org/apache/hadoop/hadoop-ozone-ozone-manager/0.5.0-SNAPSHOT/hadoop-ozone-ozone-manager-0.5.0-SNAPSHOT-tests.jar:/root/.m2/repository/junit/junit/4.11/junit-4.11.jar:/root/.m2/repository/org/hamcrest/hamcrest-core/1.3/hamcrest-core-1.3.jar:/root/.m2/repository/org/openjdk/jmh/jmh-core/1.19/jmh-core-1.19.jar:/root/.m2/repository/net/sf/jopt-simple/jopt-simple/4.6/jopt-simple-4.6.jar:/root/.m2/repository/org/apache/commons/commons-math3/3.1.1/commons-math3-3.1.1.jar:/root/.m2/repository/org/openjdk/jmh/jmh-generator-annprocess/1.19/jmh-generator-annprocess-1.19.jar:/root/.m2/repository/org/mockito/mockito-all/1.8.5/mockito-all-1.8.5.jar:/root/.m2/repository/org/apache/hadoop/hadoop-kms/3.2.0/hadoop-kms-3.2.0.jar:/root/.m2/repository/org/apache/hadoop/hadoop-auth/3.2.0/hadoop-auth-3.2.0.jar:/root/.m2/repository/com/nimbusds/nimbus-jose-jwt/4.41.1/nimbus-jose-jwt-4.41.1.jar:/root/.m2/repository/com/github/stephenc/jcip/jcip-annotations/1.0-1/jcip-annotations-1.0-1.jar:/root/.m2/repository/net/minidev/json-smart/2.3/json-smart-2.3.jar:/root/.m2/repository/net/minidev/accessors-smart/1.2/accessors-smart-1.2.jar:/root/.m2/repository/org/ow2/asm/asm/5.0.4/asm-5.0.4.jar:/root/.m2/repository/org/apache/curator/curator-framework/2.12.0/curator-framework-2.12.0.jar:/root/.m2/repository/com/sun/jersey/jersey-core/1.19/jersey-core-1.19.jar:/root/.m2/repository/javax/ws/rs/jsr311-api/1.1.1/jsr311-api-1.1.1.jar:/root/.m2/repository/com/sun/jersey/jersey-server/1.19/jersey-server-1.19.jar:/root/.m2/repository/javax/servlet/javax.servlet-api/3.1.0/javax.servlet-api-3.1.0.jar:/root/.m2/repository/org/eclipse/jetty/jetty-server/9.3.24.v20180605/jetty-server-9.3.24.v20180605.jar:/root/.m2/repository/org/eclipse/jetty/jetty-http/9.3.24.v20180605/jetty-http-9.3.24.v20180605.jar:/root/.m2/repository/org/eclipse/jetty/jetty-io/9.3.24.v20180605/jetty-io-9.3.24.v20180605.jar:/root/.m2/repository/org/eclipse/jetty/jetty-webapp/9.3.24.v20180605/jetty-webapp-9.3.24.v20180605.jar:/root/.m2/repository/org/eclipse/jetty/jetty-xml/9.3.24.v20180605/jetty-xml-9.3.24.v20180605.jar:/root/.m2/repository/log4j/log4j/1.2.17/log4j-1.2.17.jar:/root/.m2/repository/org/slf4j/slf4j-api/1.7.25/slf4j-api-1.7.25.jar:/root/.m2/repository/org/slf4j/jul-to-slf4j/1.7.25/jul-to-slf4j-1.7.25.jar:/root/.m2/repository/org/eclipse/jetty/jetty-util/9.3.24.v20180605/jetty-util-9.3.24.v20180605.jar:/root/.m2/repository/io/dropwizard/metrics/metrics-core/3.2.4/metrics-core-3.2.4.jar:/root/.m2/repository/com/fasterxml/jackson/core/jackson-databind/2.9.5/jackson-databind-2.9.5.jar:/root/.m2/repository/org/apache/hadoop/hadoop-kms/3.2.0/hadoop-kms-3.2.0-tests.jar:/root/.m2/repository/org/apache/hadoop/hadoop-hdds-server-scm/0.5.0-SNAPSHOT/hadoop-hdds-server-scm-0.5.0-SNAPSHOT-tests.jar:/root/.m2/repository/org/hamcrest/hamcrest-all/1.3/hamcrest-all-1.3.jar:/root/.m2/repository/info/picocli/picocli/3.9.6/picocli-3.9.6.jar:/root/.m2/repository/org/apache/hadoop/hadoop-hdds-container-service/0.5.0-SNAPSHOT/hadoop-hdds-container-service-0.5.0-SNAPSHOT-tests.jar:/root/.m2/repository/org/yaml/snakeyaml/1.16/snakeyaml-1.16.jar:/root/.m2/repository/org/apache/hadoop/hadoop-common/3.2.0/hadoop-common-3.2.0-tests.jar:/root/.m2/repository/org/apache/hadoop/hadoop-annotations/3.2.0/hadoop-annotations-3.2.0.jar:/usr/lib/jvm/java-1.8-openjdk/jre/../lib/tools.jar:/root/.m2/repository/commons-cli/commons-cli/1.2/commons-cli-1.2.jar:/root/.m2/repository/org/apache/httpcomponents/httpclient/4.5.2/httpclient-4.5.2.jar:/root/.m2/repository/org/apache/httpcomponents/httpcore/4.4.4/httpcore-4.4.4.jar:/root/.m2/repository/commons-codec/commons-codec/1.11/commons-codec-1.11.jar:/root/.m2/repository/commons-net/commons-net/3.6/commons-net-3.6.jar:/root/.m2/repository/commons-collections/commons-collections/3.2.2/commons-collections-3.2.2.jar:/root/.m2/repository/org/eclipse/jetty/jetty-servlet/9.3.24.v20180605/jetty-servlet-9.3.24.v20180605.jar:/root/.m2/repository/org/eclipse/jetty/jetty-security/9.3.24.v20180605/jetty-security-9.3.24.v20180605.jar:/root/.m2/repository/javax/servlet/jsp/jsp-api/2.1/jsp-api-2.1.jar:/root/.m2/repository/com/sun/jersey/jersey-servlet/1.19/jersey-servlet-1.19.jar:/root/.m2/repository/com/sun/jersey/jersey-json/1.19/jersey-json-1.19.jar:/root/.m2/repository/org/codehaus/jettison/jettison/1.1/jettison-1.1.jar:/root/.m2/repository/org/codehaus/jackson/jackson-core-asl/1.9.13/jackson-core-asl-1.9.13.jar:/root/.m2/repository/org/codehaus/jackson/jackson-mapper-asl/1.9.13/jackson-mapper-asl-1.9.13.jar:/root/.m2/repository/org/codehaus/jackson/jackson-jaxrs/1.9.13/jackson-jaxrs-1.9.13.jar:/root/.m2/repository/org/codehaus/jackson/jackson-xc/1.9.13/jackson-xc-1.9.13.jar:/root/.m2/repository/commons-logging/commons-logging/1.1.3/commons-logging-1.1.3.jar:/root/.m2/repository/commons-beanutils/commons-beanutils/1.9.3/commons-beanutils-1.9.3.jar:/root/.m2/repository/org/apache/commons/commons-configuration2/2.1.1/commons-configuration2-2.1.1.jar:/root/.m2/repository/org/apache/commons/commons-lang3/3.7/commons-lang3-3.7.jar:/root/.m2/repository/org/apache/commons/commons-text/1.4/commons-text-1.4.jar:/root/.m2/repository/org/apache/avro/avro/1.7.7/avro-1.7.7.jar:/root/.m2/repository/com/thoughtworks/paranamer/paranamer/2.3/paranamer-2.3.jar:/root/.m2/repository/org/xerial/snappy/snappy-java/1.0.5/snappy-java-1.0.5.jar:/root/.m2/repository/com/google/re2j/re2j/1.1/re2j-1.1.jar:/root/.m2/repository/com/google/code/gson/gson/2.2.4/gson-2.2.4.jar:/root/.m2/repository/com/jcraft/jsch/0.1.54/jsch-0.1.54.jar:/root/.m2/repository/org/apache/curator/curator-client/2.12.0/curator-client-2.12.0.jar:/root/.m2/repository/org/apache/curator/curator-recipes/2.12.0/curator-recipes-2.12.0.jar:/root/.m2/repository/com/google/code/findbugs/jsr305/3.0.0/jsr305-3.0.0.jar:/root/.m2/repository/org/apache/htrace/htrace-core4/4.1.0-incubating/htrace-core4-4.1.0-incubating.jar:/root/.m2/repository/org/apache/zookeeper/zookeeper/3.4.13/zookeeper-3.4.13.jar:/root/.m2/repository/org/apache/yetus/audience-annotations/0.5.0/audience-annotations-0.5.0.jar:/root/.m2/repository/org/codehaus/woodstox/stax2-api/3.1.4/stax2-api-3.1.4.jar:/root/.m2/repository/com/fasterxml/woodstox/woodstox-core/5.0.3/woodstox-core-5.0.3.jar:/root/.m2/repository/dnsjava/dnsjava/2.1.7/dnsjava-2.1.7.jar:/root/.m2/repository/org/apache/hadoop/hadoop-hdfs/3.2.0/hadoop-hdfs-3.2.0-tests.jar:/root/.m2/repository/org/eclipse/jetty/jetty-util-ajax/9.3.24.v20180605/jetty-util-ajax-9.3.24.v20180605.jar:/root/.m2/repository/commons-daemon/commons-daemon/1.0.13/commons-daemon-1.0.13.jar:/root/.m2/repository/io/netty/netty/3.10.5.Final/netty-3.10.5.Final.jar:/root/.m2/repository/io/netty/netty-all/4.0.52.Final/netty-all-4.0.52.Final.jar:/root/.m2/repository/org/fusesource/leveldbjni/leveldbjni-all/1.8/leveldbjni-all-1.8.jar:"/>
    <property name="java.vm.vendor" value="IcedTea"/>
    <property name="sun.arch.data.model" value="64"/>
    <property name="test.build.dir" value="/opt/src/hadoop-ozone/integration-test/target/test-dir"/>
    <property name="test.cache.data" value=""/>
    <property name="java.vendor.url" value="https://icedtea.classpath.org"/>
    <property name="user.timezone" value=""/>
    <property name="java.vm.specification.version" value="1.8"/>
    <property name="os.name" value="Linux"/>
    <property name="test.build.data" value="/opt/src/hadoop-ozone/integration-test/target/test-dir"/>
    <property name="user.country" value="US"/>
    <property name="sun.java.launcher" value="SUN_STANDARD"/>
    <property name="sun.boot.library.path" value="/usr/lib/jvm/java-1.8-openjdk/jre/lib/amd64"/>
    <property name="sun.java.command" value="/opt/src/hadoop-ozone/integration-test/target/surefire/surefirebooter5660299286824868546.jar /opt/src/hadoop-ozone/integration-test/target/surefire 2019-06-13T05-01-10_534-jvmRun1 surefire4446622374961312674tmp surefire_86124412480561210732tmp"/>
    <property name="surefire.test.class.path" value="/opt/src/hadoop-ozone/integration-test/target/test-classes:/opt/src/hadoop-ozone/integration-test/target/classes:/root/.m2/repository/org/apache/hadoop/hadoop-ozone-common/0.5.0-SNAPSHOT/hadoop-ozone-common-0.5.0-SNAPSHOT.jar:/root/.m2/repository/org/apache/commons/commons-compress/1.4.1/commons-compress-1.4.1.jar:/root/.m2/repository/org/tukaani/xz/1.0/xz-1.0.jar:/root/.m2/repository/org/apache/hadoop/hadoop-common/3.2.0/hadoop-common-3.2.0.jar:/root/.m2/repository/org/apache/hadoop/hadoop-hdfs/3.2.0/hadoop-hdfs-3.2.0.jar:/root/.m2/repository/org/apache/hadoop/hadoop-hdfs-client/3.2.0/hadoop-hdfs-client-3.2.0.jar:/root/.m2/repository/com/fasterxml/jackson/core/jackson-annotations/2.9.5/jackson-annotations-2.9.5.jar:/root/.m2/repository/org/apache/hadoop/hadoop-hdds-common/0.5.0-SNAPSHOT/hadoop-hdds-common-0.5.0-SNAPSHOT.jar:/root/.m2/repository/javax/annotation/javax.annotation-api/1.2/javax.annotation-api-1.2.jar:/root/.m2/repository/org/apache/ratis/ratis-server/0.4.0-fe2b15d-SNAPSHOT/ratis-server-0.4.0-fe2b15d-SNAPSHOT.jar:/root/.m2/repository/org/apache/ratis/ratis-thirdparty-misc/0.2.0/ratis-thirdparty-misc-0.2.0.jar:/root/.m2/repository/org/apache/ratis/ratis-proto/0.4.0-fe2b15d-SNAPSHOT/ratis-proto-0.4.0-fe2b15d-SNAPSHOT.jar:/root/.m2/repository/org/apache/ratis/ratis-common/0.4.0-fe2b15d-SNAPSHOT/ratis-common-0.4.0-fe2b15d-SNAPSHOT.jar:/root/.m2/repository/org/apache/ratis/ratis-client/0.4.0-fe2b15d-SNAPSHOT/ratis-client-0.4.0-fe2b15d-SNAPSHOT.jar:/root/.m2/repository/org/apache/ratis/ratis-netty/0.4.0-fe2b15d-SNAPSHOT/ratis-netty-0.4.0-fe2b15d-SNAPSHOT.jar:/root/.m2/repository/org/apache/ratis/ratis-grpc/0.4.0-fe2b15d-SNAPSHOT/ratis-grpc-0.4.0-fe2b15d-SNAPSHOT.jar:/root/.m2/repository/org/rocksdb/rocksdbjni/5.14.2/rocksdbjni-5.14.2.jar:/root/.m2/repository/org/apache/logging/log4j/log4j-api/2.11.0/log4j-api-2.11.0.jar:/root/.m2/repository/org/apache/logging/log4j/log4j-core/2.11.0/log4j-core-2.11.0.jar:/root/.m2/repository/com/lmax/disruptor/3.4.2/disruptor-3.4.2.jar:/root/.m2/repository/org/apache/commons/commons-pool2/2.6.0/commons-pool2-2.6.0.jar:/root/.m2/repository/org/bouncycastle/bcpkix-jdk15on/1.60/bcpkix-jdk15on-1.60.jar:/root/.m2/repository/commons-validator/commons-validator/1.6/commons-validator-1.6.jar:/root/.m2/repository/commons-digester/commons-digester/1.8.1/commons-digester-1.8.1.jar:/root/.m2/repository/io/jaegertracing/jaeger-client/0.33.1/jaeger-client-0.33.1.jar:/root/.m2/repository/io/jaegertracing/jaeger-thrift/0.33.1/jaeger-thrift-0.33.1.jar:/root/.m2/repository/org/apache/thrift/libthrift/0.11.0/libthrift-0.11.0.jar:/root/.m2/repository/com/squareup/okhttp3/okhttp/3.9.0/okhttp-3.9.0.jar:/root/.m2/repository/com/squareup/okio/okio/1.13.0/okio-1.13.0.jar:/root/.m2/repository/io/jaegertracing/jaeger-core/0.33.1/jaeger-core-0.33.1.jar:/root/.m2/repository/io/jaegertracing/jaeger-tracerresolver/0.33.1/jaeger-tracerresolver-0.33.1.jar:/root/.m2/repository/io/opentracing/contrib/opentracing-tracerresolver/0.1.5/opentracing-tracerresolver-0.1.5.jar:/root/.m2/repository/io/opentracing/opentracing-util/0.31.0/opentracing-util-0.31.0.jar:/root/.m2/repository/io/opentracing/opentracing-api/0.31.0/opentracing-api-0.31.0.jar:/root/.m2/repository/io/opentracing/opentracing-noop/0.31.0/opentracing-noop-0.31.0.jar:/root/.m2/repository/org/apache/hadoop/hadoop-hdds-server-framework/0.5.0-SNAPSHOT/hadoop-hdds-server-framework-0.5.0-SNAPSHOT.jar:/root/.m2/repository/org/apache/hadoop/hadoop-hdds-server-scm/0.5.0-SNAPSHOT/hadoop-hdds-server-scm-0.5.0-SNAPSHOT.jar:/root/.m2/repository/org/apache/hadoop/hadoop-hdds-container-service/0.5.0-SNAPSHOT/hadoop-hdds-container-service-0.5.0-SNAPSHOT.jar:/root/.m2/repository/org/apache/hadoop/hadoop-hdds-client/0.5.0-SNAPSHOT/hadoop-hdds-client-0.5.0-SNAPSHOT.jar:/root/.m2/repository/org/apache/hadoop/hadoop-hdds-tools/0.5.0-SNAPSHOT/hadoop-hdds-tools-0.5.0-SNAPSHOT.jar:/root/.m2/repository/org/apache/hadoop/hadoop-ozone-ozone-manager/0.5.0-SNAPSHOT/hadoop-ozone-ozone-manager-0.5.0-SNAPSHOT.jar:/root/.m2/repository/org/apache/hadoop/hadoop-hdds-docs/0.5.0-SNAPSHOT/hadoop-hdds-docs-0.5.0-SNAPSHOT.jar:/root/.m2/repository/org/bouncycastle/bcprov-jdk15on/1.60/bcprov-jdk15on-1.60.jar:/root/.m2/repository/org/apache/hadoop/hadoop-minikdc/3.2.0/hadoop-minikdc-3.2.0.jar:/root/.m2/repository/commons-io/commons-io/2.5/commons-io-2.5.jar:/root/.m2/repository/org/apache/kerby/kerb-simplekdc/1.0.1/kerb-simplekdc-1.0.1.jar:/root/.m2/repository/org/apache/kerby/kerb-client/1.0.1/kerb-client-1.0.1.jar:/root/.m2/repository/org/apache/kerby/kerby-config/1.0.1/kerby-config-1.0.1.jar:/root/.m2/repository/org/apache/kerby/kerb-core/1.0.1/kerb-core-1.0.1.jar:/root/.m2/repository/org/apache/kerby/kerby-pkix/1.0.1/kerby-pkix-1.0.1.jar:/root/.m2/repository/org/apache/kerby/kerby-asn1/1.0.1/kerby-asn1-1.0.1.jar:/root/.m2/repository/org/apache/kerby/kerby-util/1.0.1/kerby-util-1.0.1.jar:/root/.m2/repository/org/apache/kerby/kerb-common/1.0.1/kerb-common-1.0.1.jar:/root/.m2/repository/org/apache/kerby/kerb-crypto/1.0.1/kerb-crypto-1.0.1.jar:/root/.m2/repository/org/apache/kerby/kerb-util/1.0.1/kerb-util-1.0.1.jar:/root/.m2/repository/org/apache/kerby/token-provider/1.0.1/token-provider-1.0.1.jar:/root/.m2/repository/org/apache/kerby/kerb-admin/1.0.1/kerb-admin-1.0.1.jar:/root/.m2/repository/org/apache/kerby/kerb-server/1.0.1/kerb-server-1.0.1.jar:/root/.m2/repository/org/apache/kerby/kerb-identity/1.0.1/kerb-identity-1.0.1.jar:/root/.m2/repository/org/apache/kerby/kerby-xdr/1.0.1/kerby-xdr-1.0.1.jar:/root/.m2/repository/org/slf4j/slf4j-log4j12/1.7.25/slf4j-log4j12-1.7.25.jar:/root/.m2/repository/org/apache/hadoop/hadoop-ozone-objectstore-service/0.5.0-SNAPSHOT/hadoop-ozone-objectstore-service-0.5.0-SNAPSHOT.jar:/root/.m2/repository/org/apache/hadoop/hadoop-ozone-s3gateway/0.5.0-SNAPSHOT/hadoop-ozone-s3gateway-0.5.0-SNAPSHOT.jar:/root/.m2/repository/org/jboss/weld/servlet/weld-servlet/2.4.7.Final/weld-servlet-2.4.7.Final.jar:/root/.m2/repository/org/glassfish/jersey/containers/jersey-container-servlet-core/2.27/jersey-container-servlet-core-2.27.jar:/root/.m2/repository/org/glassfish/hk2/external/javax.inject/2.5.0-b42/javax.inject-2.5.0-b42.jar:/root/.m2/repository/org/glassfish/jersey/core/jersey-common/2.27/jersey-common-2.27.jar:/root/.m2/repository/org/glassfish/hk2/osgi-resource-locator/1.0.1/osgi-resource-locator-1.0.1.jar:/root/.m2/repository/javax/ws/rs/javax.ws.rs-api/2.1/javax.ws.rs-api-2.1.jar:/root/.m2/repository/org/glassfish/jersey/ext/cdi/jersey-cdi1x/2.27/jersey-cdi1x-2.27.jar:/root/.m2/repository/org/glassfish/jersey/inject/jersey-hk2/2.27/jersey-hk2-2.27.jar:/root/.m2/repository/org/glassfish/hk2/hk2-locator/2.5.0-b42/hk2-locator-2.5.0-b42.jar:/root/.m2/repository/org/javassist/javassist/3.22.0-CR2/javassist-3.22.0-CR2.jar:/root/.m2/repository/org/glassfish/hk2/hk2-api/2.5.0/hk2-api-2.5.0.jar:/root/.m2/repository/org/glassfish/hk2/external/jakarta.inject/2.5.0/jakarta.inject-2.5.0.jar:/root/.m2/repository/org/glassfish/hk2/hk2-utils/2.5.0/hk2-utils-2.5.0.jar:/root/.m2/repository/jakarta/annotation/jakarta.annotation-api/1.3.4/jakarta.annotation-api-1.3.4.jar:/root/.m2/repository/org/glassfish/hk2/external/aopalliance-repackaged/2.5.0/aopalliance-repackaged-2.5.0.jar:/root/.m2/repository/com/fasterxml/jackson/dataformat/jackson-dataformat-xml/2.9.0/jackson-dataformat-xml-2.9.0.jar:/root/.m2/repository/com/fasterxml/jackson/core/jackson-core/2.9.5/jackson-core-2.9.5.jar:/root/.m2/repository/com/fasterxml/jackson/module/jackson-module-jaxb-annotations/2.9.5/jackson-module-jaxb-annotations-2.9.5.jar:/root/.m2/repository/javax/enterprise/cdi-api/1.2/cdi-api-1.2.jar:/root/.m2/repository/javax/el/javax.el-api/3.0.0/javax.el-api-3.0.0.jar:/root/.m2/repository/javax/interceptor/javax.interceptor-api/1.2/javax.interceptor-api-1.2.jar:/root/.m2/repository/javax/inject/javax.inject/1/javax.inject-1.jar:/root/.m2/repository/com/sun/xml/bind/jaxb-impl/2.3.0.1/jaxb-impl-2.3.0.1.jar:/root/.m2/repository/com/sun/xml/bind/jaxb-core/2.3.0.1/jaxb-core-2.3.0.1.jar:/root/.m2/repository/javax/xml/bind/jaxb-api/2.3.0/jaxb-api-2.3.0.jar:/root/.m2/repository/javax/activation/activation/1.1.1/activation-1.1.1.jar:/root/.m2/repository/org/apache/hadoop/hadoop-ozone-csi/0.5.0-SNAPSHOT/hadoop-ozone-csi-0.5.0-SNAPSHOT.jar:/root/.m2/repository/com/google/protobuf/protobuf-java-util/3.5.1/protobuf-java-util-3.5.1.jar:/root/.m2/repository/org/apache/hadoop/hadoop-hdds-config/0.5.0-SNAPSHOT/hadoop-hdds-config-0.5.0-SNAPSHOT.jar:/root/.m2/repository/com/google/guava/guava/11.0.2/guava-11.0.2.jar:/root/.m2/repository/com/google/protobuf/protobuf-java/2.5.0/protobuf-java-2.5.0.jar:/root/.m2/repository/io/grpc/grpc-netty/1.17.1/grpc-netty-1.17.1.jar:/root/.m2/repository/io/grpc/grpc-core/1.17.1/grpc-core-1.17.1.jar:/root/.m2/repository/io/grpc/grpc-context/1.17.1/grpc-context-1.17.1.jar:/root/.m2/repository/com/google/errorprone/error_prone_annotations/2.2.0/error_prone_annotations-2.2.0.jar:/root/.m2/repository/org/codehaus/mojo/animal-sniffer-annotations/1.17/animal-sniffer-annotations-1.17.jar:/root/.m2/repository/io/opencensus/opencensus-api/0.17.0/opencensus-api-0.17.0.jar:/root/.m2/repository/io/opencensus/opencensus-contrib-grpc-metrics/0.17.0/opencensus-contrib-grpc-metrics-0.17.0.jar:/root/.m2/repository/io/netty/netty-codec-http2/4.1.30.Final/netty-codec-http2-4.1.30.Final.jar:/root/.m2/repository/io/netty/netty-codec-http/4.1.30.Final/netty-codec-http-4.1.30.Final.jar:/root/.m2/repository/io/netty/netty-codec/4.1.30.Final/netty-codec-4.1.30.Final.jar:/root/.m2/repository/io/netty/netty-handler/4.1.30.Final/netty-handler-4.1.30.Final.jar:/root/.m2/repository/io/netty/netty-handler-proxy/4.1.30.Final/netty-handler-proxy-4.1.30.Final.jar:/root/.m2/repository/io/netty/netty-codec-socks/4.1.30.Final/netty-codec-socks-4.1.30.Final.jar:/root/.m2/repository/io/netty/netty-transport-native-epoll/4.1.30.Final/netty-transport-native-epoll-4.1.30.Final.jar:/root/.m2/repository/io/netty/netty-common/4.1.30.Final/netty-common-4.1.30.Final.jar:/root/.m2/repository/io/netty/netty-buffer/4.1.30.Final/netty-buffer-4.1.30.Final.jar:/root/.m2/repository/io/netty/netty-transport/4.1.30.Final/netty-transport-4.1.30.Final.jar:/root/.m2/repository/io/netty/netty-resolver/4.1.30.Final/netty-resolver-4.1.30.Final.jar:/root/.m2/repository/io/netty/netty-transport-native-unix-common/4.1.30.Final/netty-transport-native-unix-common-4.1.30.Final.jar:/root/.m2/repository/io/grpc/grpc-protobuf/1.17.1/grpc-protobuf-1.17.1.jar:/root/.m2/repository/com/google/api/grpc/proto-google-common-protos/1.0.0/proto-google-common-protos-1.0.0.jar:/root/.m2/repository/io/grpc/grpc-protobuf-lite/1.17.1/grpc-protobuf-lite-1.17.1.jar:/root/.m2/repository/io/grpc/grpc-stub/1.17.1/grpc-stub-1.17.1.jar:/root/.m2/repository/org/apache/hadoop/hadoop-ozone-recon/0.5.0-SNAPSHOT/hadoop-ozone-recon-0.5.0-SNAPSHOT.jar:/root/.m2/repository/org/apache/hadoop/hadoop-ozone-reconcodegen/0.5.0-SNAPSHOT/hadoop-ozone-reconcodegen-0.5.0-SNAPSHOT.jar:/root/.m2/repository/com/google/inject/extensions/guice-multibindings/4.0/guice-multibindings-4.0.jar:/root/.m2/repository/com/google/inject/guice/4.0/guice-4.0.jar:/root/.m2/repository/aopalliance/aopalliance/1.0/aopalliance-1.0.jar:/root/.m2/repository/com/google/inject/extensions/guice-servlet/4.0/guice-servlet-4.0.jar:/root/.m2/repository/org/glassfish/jersey/containers/jersey-container-servlet/2.27/jersey-container-servlet-2.27.jar:/root/.m2/repository/org/glassfish/hk2/guice-bridge/2.5.0/guice-bridge-2.5.0.jar:/root/.m2/repository/org/glassfish/jersey/core/jersey-server/2.27/jersey-server-2.27.jar:/root/.m2/repository/org/glassfish/jersey/core/jersey-client/2.27/jersey-client-2.27.jar:/root/.m2/repository/org/glassfish/jersey/media/jersey-media-jaxb/2.27/jersey-media-jaxb-2.27.jar:/root/.m2/repository/javax/validation/validation-api/1.1.0.Final/validation-api-1.1.0.Final.jar:/root/.m2/repository/org/glassfish/jersey/media/jersey-media-json-jackson/2.27/jersey-media-json-jackson-2.27.jar:/root/.m2/repository/org/glassfish/jersey/ext/jersey-entity-filtering/2.27/jersey-entity-filtering-2.27.jar:/root/.m2/repository/com/google/inject/extensions/guice-assistedinject/4.0/guice-assistedinject-4.0.jar:/root/.m2/repository/org/jooq/jooq/3.11.10/jooq-3.11.10.jar:/root/.m2/repository/org/jooq/jooq-meta/3.11.10/jooq-meta-3.11.10.jar:/root/.m2/repository/org/jooq/jooq-codegen/3.11.10/jooq-codegen-3.11.10.jar:/root/.m2/repository/com/jolbox/bonecp/0.8.0.RELEASE/bonecp-0.8.0.RELEASE.jar:/root/.m2/repository/org/xerial/sqlite-jdbc/3.25.2/sqlite-jdbc-3.25.2.jar:/root/.m2/repository/org/springframework/spring-jdbc/5.1.3.RELEASE/spring-jdbc-5.1.3.RELEASE.jar:/root/.m2/repository/org/springframework/spring-beans/5.1.3.RELEASE/spring-beans-5.1.3.RELEASE.jar:/root/.m2/repository/org/springframework/spring-core/5.1.3.RELEASE/spring-core-5.1.3.RELEASE.jar:/root/.m2/repository/org/springframework/spring-jcl/5.1.3.RELEASE/spring-jcl-5.1.3.RELEASE.jar:/root/.m2/repository/org/springframework/spring-tx/5.1.3.RELEASE/spring-tx-5.1.3.RELEASE.jar:/root/.m2/repository/org/apache/hadoop/hadoop-ozone-client/0.5.0-SNAPSHOT/hadoop-ozone-client-0.5.0-SNAPSHOT.jar:/root/.m2/repository/org/apache/hadoop/hadoop-ozone-ozone-manager/0.5.0-SNAPSHOT/hadoop-ozone-ozone-manager-0.5.0-SNAPSHOT-tests.jar:/root/.m2/repository/junit/junit/4.11/junit-4.11.jar:/root/.m2/repository/org/hamcrest/hamcrest-core/1.3/hamcrest-core-1.3.jar:/root/.m2/repository/org/openjdk/jmh/jmh-core/1.19/jmh-core-1.19.jar:/root/.m2/repository/net/sf/jopt-simple/jopt-simple/4.6/jopt-simple-4.6.jar:/root/.m2/repository/org/apache/commons/commons-math3/3.1.1/commons-math3-3.1.1.jar:/root/.m2/repository/org/openjdk/jmh/jmh-generator-annprocess/1.19/jmh-generator-annprocess-1.19.jar:/root/.m2/repository/org/mockito/mockito-all/1.8.5/mockito-all-1.8.5.jar:/root/.m2/repository/org/apache/hadoop/hadoop-kms/3.2.0/hadoop-kms-3.2.0.jar:/root/.m2/repository/org/apache/hadoop/hadoop-auth/3.2.0/hadoop-auth-3.2.0.jar:/root/.m2/repository/com/nimbusds/nimbus-jose-jwt/4.41.1/nimbus-jose-jwt-4.41.1.jar:/root/.m2/repository/com/github/stephenc/jcip/jcip-annotations/1.0-1/jcip-annotations-1.0-1.jar:/root/.m2/repository/net/minidev/json-smart/2.3/json-smart-2.3.jar:/root/.m2/repository/net/minidev/accessors-smart/1.2/accessors-smart-1.2.jar:/root/.m2/repository/org/ow2/asm/asm/5.0.4/asm-5.0.4.jar:/root/.m2/repository/org/apache/curator/curator-framework/2.12.0/curator-framework-2.12.0.jar:/root/.m2/repository/com/sun/jersey/jersey-core/1.19/jersey-core-1.19.jar:/root/.m2/repository/javax/ws/rs/jsr311-api/1.1.1/jsr311-api-1.1.1.jar:/root/.m2/repository/com/sun/jersey/jersey-server/1.19/jersey-server-1.19.jar:/root/.m2/repository/javax/servlet/javax.servlet-api/3.1.0/javax.servlet-api-3.1.0.jar:/root/.m2/repository/org/eclipse/jetty/jetty-server/9.3.24.v20180605/jetty-server-9.3.24.v20180605.jar:/root/.m2/repository/org/eclipse/jetty/jetty-http/9.3.24.v20180605/jetty-http-9.3.24.v20180605.jar:/root/.m2/repository/org/eclipse/jetty/jetty-io/9.3.24.v20180605/jetty-io-9.3.24.v20180605.jar:/root/.m2/repository/org/eclipse/jetty/jetty-webapp/9.3.24.v20180605/jetty-webapp-9.3.24.v20180605.jar:/root/.m2/repository/org/eclipse/jetty/jetty-xml/9.3.24.v20180605/jetty-xml-9.3.24.v20180605.jar:/root/.m2/repository/log4j/log4j/1.2.17/log4j-1.2.17.jar:/root/.m2/repository/org/slf4j/slf4j-api/1.7.25/slf4j-api-1.7.25.jar:/root/.m2/repository/org/slf4j/jul-to-slf4j/1.7.25/jul-to-slf4j-1.7.25.jar:/root/.m2/repository/org/eclipse/jetty/jetty-util/9.3.24.v20180605/jetty-util-9.3.24.v20180605.jar:/root/.m2/repository/io/dropwizard/metrics/metrics-core/3.2.4/metrics-core-3.2.4.jar:/root/.m2/repository/com/fasterxml/jackson/core/jackson-databind/2.9.5/jackson-databind-2.9.5.jar:/root/.m2/repository/org/apache/hadoop/hadoop-kms/3.2.0/hadoop-kms-3.2.0-tests.jar:/root/.m2/repository/org/apache/hadoop/hadoop-hdds-server-scm/0.5.0-SNAPSHOT/hadoop-hdds-server-scm-0.5.0-SNAPSHOT-tests.jar:/root/.m2/repository/org/hamcrest/hamcrest-all/1.3/hamcrest-all-1.3.jar:/root/.m2/repository/info/picocli/picocli/3.9.6/picocli-3.9.6.jar:/root/.m2/repository/org/apache/hadoop/hadoop-hdds-container-service/0.5.0-SNAPSHOT/hadoop-hdds-container-service-0.5.0-SNAPSHOT-tests.jar:/root/.m2/repository/org/yaml/snakeyaml/1.16/snakeyaml-1.16.jar:/root/.m2/repository/org/apache/hadoop/hadoop-common/3.2.0/hadoop-common-3.2.0-tests.jar:/root/.m2/repository/org/apache/hadoop/hadoop-annotations/3.2.0/hadoop-annotations-3.2.0.jar:/usr/lib/jvm/java-1.8-openjdk/jre/../lib/tools.jar:/root/.m2/repository/commons-cli/commons-cli/1.2/commons-cli-1.2.jar:/root/.m2/repository/org/apache/httpcomponents/httpclient/4.5.2/httpclient-4.5.2.jar:/root/.m2/repository/org/apache/httpcomponents/httpcore/4.4.4/httpcore-4.4.4.jar:/root/.m2/repository/commons-codec/commons-codec/1.11/commons-codec-1.11.jar:/root/.m2/repository/commons-net/commons-net/3.6/commons-net-3.6.jar:/root/.m2/repository/commons-collections/commons-collections/3.2.2/commons-collections-3.2.2.jar:/root/.m2/repository/org/eclipse/jetty/jetty-servlet/9.3.24.v20180605/jetty-servlet-9.3.24.v20180605.jar:/root/.m2/repository/org/eclipse/jetty/jetty-security/9.3.24.v20180605/jetty-security-9.3.24.v20180605.jar:/root/.m2/repository/javax/servlet/jsp/jsp-api/2.1/jsp-api-2.1.jar:/root/.m2/repository/com/sun/jersey/jersey-servlet/1.19/jersey-servlet-1.19.jar:/root/.m2/repository/com/sun/jersey/jersey-json/1.19/jersey-json-1.19.jar:/root/.m2/repository/org/codehaus/jettison/jettison/1.1/jettison-1.1.jar:/root/.m2/repository/org/codehaus/jackson/jackson-core-asl/1.9.13/jackson-core-asl-1.9.13.jar:/root/.m2/repository/org/codehaus/jackson/jackson-mapper-asl/1.9.13/jackson-mapper-asl-1.9.13.jar:/root/.m2/repository/org/codehaus/jackson/jackson-jaxrs/1.9.13/jackson-jaxrs-1.9.13.jar:/root/.m2/repository/org/codehaus/jackson/jackson-xc/1.9.13/jackson-xc-1.9.13.jar:/root/.m2/repository/commons-logging/commons-logging/1.1.3/commons-logging-1.1.3.jar:/root/.m2/repository/commons-beanutils/commons-beanutils/1.9.3/commons-beanutils-1.9.3.jar:/root/.m2/repository/org/apache/commons/commons-configuration2/2.1.1/commons-configuration2-2.1.1.jar:/root/.m2/repository/org/apache/commons/commons-lang3/3.7/commons-lang3-3.7.jar:/root/.m2/repository/org/apache/commons/commons-text/1.4/commons-text-1.4.jar:/root/.m2/repository/org/apache/avro/avro/1.7.7/avro-1.7.7.jar:/root/.m2/repository/com/thoughtworks/paranamer/paranamer/2.3/paranamer-2.3.jar:/root/.m2/repository/org/xerial/snappy/snappy-java/1.0.5/snappy-java-1.0.5.jar:/root/.m2/repository/com/google/re2j/re2j/1.1/re2j-1.1.jar:/root/.m2/repository/com/google/code/gson/gson/2.2.4/gson-2.2.4.jar:/root/.m2/repository/com/jcraft/jsch/0.1.54/jsch-0.1.54.jar:/root/.m2/repository/org/apache/curator/curator-client/2.12.0/curator-client-2.12.0.jar:/root/.m2/repository/org/apache/curator/curator-recipes/2.12.0/curator-recipes-2.12.0.jar:/root/.m2/repository/com/google/code/findbugs/jsr305/3.0.0/jsr305-3.0.0.jar:/root/.m2/repository/org/apache/htrace/htrace-core4/4.1.0-incubating/htrace-core4-4.1.0-incubating.jar:/root/.m2/repository/org/apache/zookeeper/zookeeper/3.4.13/zookeeper-3.4.13.jar:/root/.m2/repository/org/apache/yetus/audience-annotations/0.5.0/audience-annotations-0.5.0.jar:/root/.m2/repository/org/codehaus/woodstox/stax2-api/3.1.4/stax2-api-3.1.4.jar:/root/.m2/repository/com/fasterxml/woodstox/woodstox-core/5.0.3/woodstox-core-5.0.3.jar:/root/.m2/repository/dnsjava/dnsjava/2.1.7/dnsjava-2.1.7.jar:/root/.m2/repository/org/apache/hadoop/hadoop-hdfs/3.2.0/hadoop-hdfs-3.2.0-tests.jar:/root/.m2/repository/org/eclipse/jetty/jetty-util-ajax/9.3.24.v20180605/jetty-util-ajax-9.3.24.v20180605.jar:/root/.m2/repository/commons-daemon/commons-daemon/1.0.13/commons-daemon-1.0.13.jar:/root/.m2/repository/io/netty/netty/3.10.5.Final/netty-3.10.5.Final.jar:/root/.m2/repository/io/netty/netty-all/4.0.52.Final/netty-all-4.0.52.Final.jar:/root/.m2/repository/org/fusesource/leveldbjni/leveldbjni-all/1.8/leveldbjni-all-1.8.jar:"/>
    <property name="sun.cpu.endian" value="little"/>
    <property name="user.home" value="/root"/>
    <property name="user.language" value="en"/>
    <property name="java.specification.vendor" value="Oracle Corporation"/>
    <property name="java.home" value="/usr/lib/jvm/java-1.8-openjdk/jre"/>
    <property name="java.security.krb5.conf" value="/opt/src/hadoop-ozone/integration-test/target/test-classes/krb5.conf"/>
    <property name="basedir" value="/opt/src/hadoop-ozone/integration-test"/>
    <property name="file.separator" value="/"/>
    <property name="line.separator" value="&#10;"/>
    <property name="java.vm.specification.vendor" value="Oracle Corporation"/>
    <property name="java.specification.name" value="Java Platform API Specification"/>
    <property name="java.awt.graphicsenv" value="sun.awt.X11GraphicsEnvironment"/>
    <property name="surefire.real.class.path" value="/opt/src/hadoop-ozone/integration-test/target/surefire/surefirebooter5660299286824868546.jar"/>
    <property name="hadoop.log.dir" value="/opt/src/hadoop-ozone/integration-test/target/log"/>
    <property name="sun.boot.class.path" value="/usr/lib/jvm/java-1.8-openjdk/jre/lib/resources.jar:/usr/lib/jvm/java-1.8-openjdk/jre/lib/rt.jar:/usr/lib/jvm/java-1.8-openjdk/jre/lib/sunrsasign.jar:/usr/lib/jvm/java-1.8-openjdk/jre/lib/jsse.jar:/usr/lib/jvm/java-1.8-openjdk/jre/lib/jce.jar:/usr/lib/jvm/java-1.8-openjdk/jre/lib/charsets.jar:/usr/lib/jvm/java-1.8-openjdk/jre/lib/jfr.jar:/usr/lib/jvm/java-1.8-openjdk/jre/classes"/>
    <property name="sun.management.compiler" value="HotSpot 64-Bit Tiered Compilers"/>
    <property name="java.runtime.version" value="1.8.0_212-b04"/>
    <property name="java.net.preferIPv4Stack" value="true"/>
    <property name="user.name" value="root"/>
    <property name="path.separator" value=":"/>
    <property name="java.security.egd" value="file:///dev/urandom"/>
    <property name="os.version" value="4.15.0-1021-aws"/>
    <property name="java.endorsed.dirs" value="/usr/lib/jvm/java-1.8-openjdk/jre/lib/endorsed"/>
    <property name="java.runtime.name" value="OpenJDK Runtime Environment"/>
    <property name="file.encoding" value="UTF-8"/>
    <property name="java.vm.name" value="OpenJDK 64-Bit Server VM"/>
    <property name="test.build.webapps" value=""/>
    <property name="localRepository" value="/root/.m2/repository"/>
    <property name="java.vendor.url.bug" value="https://icedtea.classpath.org/bugzilla"/>
    <property name="java.io.tmpdir" value="/tmp"/>
    <property name="require.test.libhadoop" value=""/>
    <property name="java.version" value="1.8.0_212"/>
    <property name="user.dir" value="/opt/src/hadoop-ozone/integration-test"/>
    <property name="os.arch" value="amd64"/>
    <property name="java.vm.specification.name" value="Java Virtual Machine Specification"/>
    <property name="test.build.classes" value="/opt/src/hadoop-ozone/integration-test/target/test-classes"/>
    <property name="java.awt.printerjob" value="sun.print.PSPrinterJob"/>
    <property name="sun.os.patch.level" value="unknown"/>
    <property name="hadoop.tmp.dir" value="/opt/src/hadoop-ozone/integration-test/target/tmp"/>
    <property name="java.library.path" value="/usr/lib/jvm/java-1.8-openjdk/jre/lib/amd64/server:/usr/lib/jvm/java-1.8-openjdk/jre/lib/amd64:/usr/lib/jvm/java-1.8-openjdk/jre/../lib/amd64:/opt/src/hadoop-ozone/integration-test/target/native/target/usr/local/lib:/opt/src/hadoop-ozone/integration-test/../../hadoop-common-project/hadoop-common/target/native/target/usr/local/lib:/usr/java/packages/lib/amd64:/usr/lib64:/lib64:/lib:/usr/lib"/>
    <property name="java.vm.info" value="mixed mode"/>
    <property name="java.vendor" value="IcedTea"/>
    <property name="java.vm.version" value="25.212-b04"/>
    <property name="java.ext.dirs" value="/usr/lib/jvm/java-1.8-openjdk/jre/lib/ext:/usr/java/packages/lib/ext"/>
    <property name="sun.io.unicode.encoding" value="UnicodeLittle"/>
    <property name="java.class.version" value="52.0"/>
  </properties>
  <testcase name="testPipelineFail" classname="org.apache.hadoop.hdds.scm.pipeline.TestNodeFailure" time="0">
    <skipped/>
    <system-out><![CDATA[2019-06-13 05:05:11,691 WARN  server.ServerUtils (ServerUtils.java:getScmDbDir(145)) - ozone.scm.db.dirs is not configured. We recommend adding this setting. Falling back to ozone.metadata.dirs instead.
2019-06-13 05:05:11,754 WARN  server.ServerUtils (ServerUtils.java:getScmDbDir(145)) - ozone.scm.db.dirs is not configured. We recommend adding this setting. Falling back to ozone.metadata.dirs instead.
2019-06-13 05:05:11,757 WARN  server.ServerUtils (ServerUtils.java:getScmDbDir(145)) - ozone.scm.db.dirs is not configured. We recommend adding this setting. Falling back to ozone.metadata.dirs instead.
2019-06-13 05:05:11,770 INFO  util.log (Log.java:initialized(192)) - Logging initialized @743ms
2019-06-13 05:05:11,852 INFO  db.DBStoreBuilder (DBStoreBuilder.java:addTable(110)) - using custom profile for table: deletedBlocks
2019-06-13 05:05:11,853 INFO  db.DBStoreBuilder (DBStoreBuilder.java:processTables(161)) - Using default column profile:DBProfile.DISK for Table:deletedBlocks
2019-06-13 05:05:11,853 INFO  db.DBStoreBuilder (DBStoreBuilder.java:addTable(110)) - using custom profile for table: validCerts
2019-06-13 05:05:11,853 INFO  db.DBStoreBuilder (DBStoreBuilder.java:processTables(161)) - Using default column profile:DBProfile.DISK for Table:validCerts
2019-06-13 05:05:11,853 INFO  db.DBStoreBuilder (DBStoreBuilder.java:addTable(110)) - using custom profile for table: revokedCerts
2019-06-13 05:05:11,854 INFO  db.DBStoreBuilder (DBStoreBuilder.java:processTables(161)) - Using default column profile:DBProfile.DISK for Table:revokedCerts
2019-06-13 05:05:11,863 INFO  db.DBStoreBuilder (DBStoreBuilder.java:addTable(110)) - using custom profile for table: default
2019-06-13 05:05:11,863 INFO  db.DBStoreBuilder (DBStoreBuilder.java:processTables(167)) - Using default column profile:DBProfile.DISK for Table:default
2019-06-13 05:05:11,864 INFO  db.DBStoreBuilder (DBStoreBuilder.java:getDbProfile(198)) - Using default options. DBProfile.DISK
2019-06-13 05:05:11,946 INFO  node.SCMNodeManager (SCMNodeManager.java:<init>(108)) - Entering startup safe mode.
2019-06-13 05:05:12,010 INFO  net.NodeSchemaLoader (NodeSchemaLoader.java:loadSchemaFromFile(125)) - Loading file from sun.misc.CompoundEnumeration@74235045
2019-06-13 05:05:12,012 INFO  net.NodeSchemaLoader (NodeSchemaLoader.java:loadSchema(171)) - Loading network topology layer schema file
2019-06-13 05:05:12,075 WARN  server.ServerUtils (ServerUtils.java:getScmDbDir(145)) - ozone.scm.db.dirs is not configured. We recommend adding this setting. Falling back to ozone.metadata.dirs instead.
2019-06-13 05:05:12,100 INFO  pipeline.SCMPipelineManager (SCMPipelineManager.java:initializePipelineState(126)) - No pipeline exists in current db
2019-06-13 05:05:12,102 WARN  server.ServerUtils (ServerUtils.java:getScmDbDir(145)) - ozone.scm.db.dirs is not configured. We recommend adding this setting. Falling back to ozone.metadata.dirs instead.
2019-06-13 05:05:12,167 WARN  events.EventQueue (EventQueue.java:fireEvent(175)) - No event handler registered for event TypedEvent{payloadType=SafeModeStatus, name='SafeModeStatus'}
2019-06-13 05:05:12,545 INFO  ipc.CallQueueManager (CallQueueManager.java:<init>(84)) - Using callQueue: class java.util.concurrent.LinkedBlockingQueue, queueCapacity: 2000, scheduler: class org.apache.hadoop.ipc.DefaultRpcScheduler, ipcBackoff: false.
2019-06-13 05:05:12,566 INFO  ipc.Server (Server.java:run(1074)) - Starting Socket Reader #1 for port 37437
2019-06-13 05:05:12,587 INFO  ipc.CallQueueManager (CallQueueManager.java:<init>(84)) - Using callQueue: class java.util.concurrent.LinkedBlockingQueue, queueCapacity: 2000, scheduler: class org.apache.hadoop.ipc.DefaultRpcScheduler, ipcBackoff: false.
2019-06-13 05:05:12,587 INFO  ipc.Server (Server.java:run(1074)) - Starting Socket Reader #1 for port 41871
2019-06-13 05:05:12,593 INFO  ipc.CallQueueManager (CallQueueManager.java:<init>(84)) - Using callQueue: class java.util.concurrent.LinkedBlockingQueue, queueCapacity: 2000, scheduler: class org.apache.hadoop.ipc.DefaultRpcScheduler, ipcBackoff: false.
2019-06-13 05:05:12,618 INFO  ipc.Server (Server.java:run(1074)) - Starting Socket Reader #1 for port 42109
2019-06-13 05:05:12,641 INFO  hdfs.DFSUtil (DFSUtil.java:httpServerTemplateForNNAndJN(1641)) - Starting Web-server for scm at: http://0.0.0.0:0
2019-06-13 05:05:12,820 INFO  server.AuthenticationFilter (AuthenticationFilter.java:constructSecretProvider(240)) - Unable to initialize FileSignerSecretProvider, falling back to use random secrets.
2019-06-13 05:05:12,828 WARN  http.HttpRequestLog (HttpRequestLog.java:getRequestLog(97)) - Jetty request log can only be enabled using Log4j
2019-06-13 05:05:12,837 INFO  http.HttpServer2 (HttpServer2.java:addGlobalFilter(975)) - Added global filter 'safety' (class=org.apache.hadoop.http.HttpServer2$QuotingInputFilter)
2019-06-13 05:05:12,839 INFO  http.HttpServer2 (HttpServer2.java:addFilter(948)) - Added filter static_user_filter (class=org.apache.hadoop.http.lib.StaticUserWebFilter$StaticUserFilter) to context scm
2019-06-13 05:05:12,839 INFO  http.HttpServer2 (HttpServer2.java:addFilter(958)) - Added filter static_user_filter (class=org.apache.hadoop.http.lib.StaticUserWebFilter$StaticUserFilter) to context static
2019-06-13 05:05:12,840 INFO  http.HttpServer2 (HttpServer2.java:addFilter(958)) - Added filter static_user_filter (class=org.apache.hadoop.http.lib.StaticUserWebFilter$StaticUserFilter) to context logs
2019-06-13 05:05:12,868 INFO  server.StorageContainerManager (StorageContainerManager.java:start(752)) - StorageContainerLocationProtocol RPC server is listening at /0.0.0.0:42109
2019-06-13 05:05:12,940 WARN  impl.MetricsConfig (MetricsConfig.java:loadFirst(134)) - Cannot locate configuration: tried hadoop-metrics2-storagecontainermanager.properties,hadoop-metrics2.properties
2019-06-13 05:05:12,956 INFO  impl.MetricsSystemImpl (MetricsSystemImpl.java:startTimer(374)) - Scheduled Metric snapshot period at 10 second(s).
2019-06-13 05:05:12,956 INFO  impl.MetricsSystemImpl (MetricsSystemImpl.java:start(191)) - StorageContainerManager metrics system started
2019-06-13 05:05:13,183 INFO  server.SCMClientProtocolServer (SCMClientProtocolServer.java:start(149)) - RPC server for Client  is listening at /0.0.0.0:42109
2019-06-13 05:05:13,184 INFO  ipc.Server (Server.java:run(1314)) - IPC Server Responder: starting
2019-06-13 05:05:13,185 INFO  ipc.Server (Server.java:run(1153)) - IPC Server listener on 42109: starting
2019-06-13 05:05:13,189 INFO  server.StorageContainerManager (StorageContainerManager.java:start(761)) - ScmBlockLocationProtocol RPC server is listening at /0.0.0.0:41871
2019-06-13 05:05:13,189 INFO  server.SCMBlockProtocolServer (SCMBlockProtocolServer.java:start(137)) - RPC server for Block Protocol is listening at /0.0.0.0:41871
2019-06-13 05:05:13,189 INFO  ipc.Server (Server.java:run(1314)) - IPC Server Responder: starting
2019-06-13 05:05:13,189 INFO  ipc.Server (Server.java:run(1153)) - IPC Server listener on 41871: starting
2019-06-13 05:05:13,192 INFO  server.StorageContainerManager (StorageContainerManager.java:start(765)) - ScmDatanodeProtocl RPC server is listening at /0.0.0.0:37437
2019-06-13 05:05:13,192 INFO  server.SCMDatanodeProtocolServer (SCMDatanodeProtocolServer.java:start(191)) - RPC server for DataNodes is listening at /0.0.0.0:37437
2019-06-13 05:05:13,192 INFO  ipc.Server (Server.java:run(1314)) - IPC Server Responder: starting
2019-06-13 05:05:13,192 INFO  ipc.Server (Server.java:run(1153)) - IPC Server listener on 37437: starting
2019-06-13 05:05:13,196 INFO  http.HttpServer2 (HttpServer2.java:bindListener(1191)) - Jetty bound to port 38961
2019-06-13 05:05:13,198 INFO  server.Server (Server.java:doStart(351)) - jetty-9.3.24.v20180605, build timestamp: 2018-06-05T17:11:56Z, git hash: 84205aa28f11a4f31f2a3b86d1bba2cc8ab69827
2019-06-13 05:05:13,237 INFO  handler.ContextHandler (ContextHandler.java:doStart(781)) - Started o.e.j.s.ServletContextHandler@4ff4357f{/logs,file:///opt/src/hadoop-ozone/integration-test/target/log,AVAILABLE}
2019-06-13 05:05:13,239 INFO  handler.ContextHandler (ContextHandler.java:doStart(781)) - Started o.e.j.s.ServletContextHandler@55322aab{/static,file:///opt/src/hadoop-ozone/integration-test/target/test-classes/webapps/static,AVAILABLE}
2019-06-13 05:05:13,268 INFO  handler.ContextHandler (ContextHandler.java:doStart(781)) - Started o.e.j.w.WebAppContext@60b71e8f{/,file:///opt/src/hadoop-ozone/integration-test/target/test-classes/webapps/scm/,AVAILABLE}{/scm}
2019-06-13 05:05:13,272 INFO  server.AbstractConnector (AbstractConnector.java:doStart(278)) - Started ServerConnector@27a5328c{HTTP/1.1,[http/1.1]}{0.0.0.0:38961}
2019-06-13 05:05:13,272 INFO  server.Server (Server.java:doStart(419)) - Started @2245ms
2019-06-13 05:05:13,305 INFO  server.BaseHttpServer (BaseHttpServer.java:updateConnectorAddress(207)) - HTTP server of SCM is listening at http://0.0.0.0:38961
2019-06-13 05:05:13,314 INFO  util.JvmPauseMonitor (JvmPauseMonitor.java:run(188)) - Starting JVM pause monitor
2019-06-13 05:05:13,315 WARN  scm.ScmUtils (ScmUtils.java:getDBPath(63)) - ozone.om.db.dirs is not configured. We recommend adding this setting. Falling back to ozone.metadata.dirs instead.
2019-06-13 05:05:13,411 WARN  scm.ScmUtils (ScmUtils.java:getDBPath(63)) - ozone.om.db.dirs is not configured. We recommend adding this setting. Falling back to ozone.metadata.dirs instead.
2019-06-13 05:05:13,412 INFO  om.OzoneManager (OzoneManager.java:setOMNodeDetails(519)) - OM Service ID is not set. Setting it to the default ID: omServiceIdDefault
2019-06-13 05:05:13,412 INFO  om.OzoneManager (OzoneManager.java:setOMNodeDetails(525)) - OM Node ID is not set. Setting it to the OmStorage's OmID: effe76e5-99a3-4675-b4dc-1368d9f46ac2
2019-06-13 05:05:13,414 WARN  scm.HddsServerUtil (HddsServerUtil.java:getDefaultRatisDirectory(354)) - Storage directory for Ratis is not configured. It is a good idea to map this to an SSD disk. Falling back to ozone.metadata.dirs
2019-06-13 05:05:13,414 WARN  scm.HddsServerUtil (HddsServerUtil.java:getDefaultRatisDirectory(354)) - Storage directory for Ratis is not configured. It is a good idea to map this to an SSD disk. Falling back to ozone.metadata.dirs
2019-06-13 05:05:13,415 INFO  om.OzoneManager (OzoneManager.java:loadOMHAConfigs(476)) - Found matching OM address with OMServiceId: null, OMNodeId: null, RPC Address: localhost:0 and Ratis port: 9872
2019-06-13 05:05:13,623 WARN  scm.ScmUtils (ScmUtils.java:getDBPath(63)) - ozone.om.db.dirs is not configured. We recommend adding this setting. Falling back to ozone.metadata.dirs instead.
2019-06-13 05:05:13,630 INFO  db.DBStoreBuilder (DBStoreBuilder.java:addTable(110)) - using custom profile for table: userTable
2019-06-13 05:05:13,630 INFO  db.DBStoreBuilder (DBStoreBuilder.java:processTables(161)) - Using default column profile:DBProfile.DISK for Table:userTable
2019-06-13 05:05:13,631 INFO  db.DBStoreBuilder (DBStoreBuilder.java:addTable(110)) - using custom profile for table: volumeTable
2019-06-13 05:05:13,631 INFO  db.DBStoreBuilder (DBStoreBuilder.java:processTables(161)) - Using default column profile:DBProfile.DISK for Table:volumeTable
2019-06-13 05:05:13,631 INFO  db.DBStoreBuilder (DBStoreBuilder.java:addTable(110)) - using custom profile for table: bucketTable
2019-06-13 05:05:13,631 INFO  db.DBStoreBuilder (DBStoreBuilder.java:processTables(161)) - Using default column profile:DBProfile.DISK for Table:bucketTable
2019-06-13 05:05:13,632 INFO  db.DBStoreBuilder (DBStoreBuilder.java:addTable(110)) - using custom profile for table: keyTable
2019-06-13 05:05:13,632 INFO  db.DBStoreBuilder (DBStoreBuilder.java:processTables(161)) - Using default column profile:DBProfile.DISK for Table:keyTable
2019-06-13 05:05:13,632 INFO  db.DBStoreBuilder (DBStoreBuilder.java:addTable(110)) - using custom profile for table: deletedTable
2019-06-13 05:05:13,632 INFO  db.DBStoreBuilder (DBStoreBuilder.java:processTables(161)) - Using default column profile:DBProfile.DISK for Table:deletedTable
2019-06-13 05:05:13,633 INFO  db.DBStoreBuilder (DBStoreBuilder.java:addTable(110)) - using custom profile for table: openKeyTable
2019-06-13 05:05:13,633 INFO  db.DBStoreBuilder (DBStoreBuilder.java:processTables(161)) - Using default column profile:DBProfile.DISK for Table:openKeyTable
2019-06-13 05:05:13,633 INFO  db.DBStoreBuilder (DBStoreBuilder.java:addTable(110)) - using custom profile for table: s3Table
2019-06-13 05:05:13,633 INFO  db.DBStoreBuilder (DBStoreBuilder.java:processTables(161)) - Using default column profile:DBProfile.DISK for Table:s3Table
2019-06-13 05:05:13,634 INFO  db.DBStoreBuilder (DBStoreBuilder.java:addTable(110)) - using custom profile for table: multipartInfoTable
2019-06-13 05:05:13,634 INFO  db.DBStoreBuilder (DBStoreBuilder.java:processTables(161)) - Using default column profile:DBProfile.DISK for Table:multipartInfoTable
2019-06-13 05:05:13,634 INFO  db.DBStoreBuilder (DBStoreBuilder.java:addTable(110)) - using custom profile for table: dTokenTable
2019-06-13 05:05:13,634 INFO  db.DBStoreBuilder (DBStoreBuilder.java:processTables(161)) - Using default column profile:DBProfile.DISK for Table:dTokenTable
2019-06-13 05:05:13,635 INFO  db.DBStoreBuilder (DBStoreBuilder.java:addTable(110)) - using custom profile for table: s3SecretTable
2019-06-13 05:05:13,635 INFO  db.DBStoreBuilder (DBStoreBuilder.java:processTables(161)) - Using default column profile:DBProfile.DISK for Table:s3SecretTable
2019-06-13 05:05:13,635 INFO  db.DBStoreBuilder (DBStoreBuilder.java:addTable(110)) - using custom profile for table: prefixTable
2019-06-13 05:05:13,635 INFO  db.DBStoreBuilder (DBStoreBuilder.java:processTables(161)) - Using default column profile:DBProfile.DISK for Table:prefixTable
2019-06-13 05:05:13,636 INFO  db.DBStoreBuilder (DBStoreBuilder.java:addTable(110)) - using custom profile for table: default
2019-06-13 05:05:13,636 INFO  db.DBStoreBuilder (DBStoreBuilder.java:processTables(167)) - Using default column profile:DBProfile.DISK for Table:default
2019-06-13 05:05:13,636 INFO  db.DBStoreBuilder (DBStoreBuilder.java:getDbProfile(198)) - Using default options. DBProfile.DISK
2019-06-13 05:05:14,226 INFO  ipc.CallQueueManager (CallQueueManager.java:<init>(84)) - Using callQueue: class java.util.concurrent.LinkedBlockingQueue, queueCapacity: 2000, scheduler: class org.apache.hadoop.ipc.DefaultRpcScheduler, ipcBackoff: false.
2019-06-13 05:05:14,226 INFO  ipc.Server (Server.java:run(1074)) - Starting Socket Reader #1 for port 34965
2019-06-13 05:05:14,255 WARN  scm.ScmUtils (ScmUtils.java:getDBPath(63)) - ozone.om.db.dirs is not configured. We recommend adding this setting. Falling back to ozone.metadata.dirs instead.
2019-06-13 05:05:14,256 INFO  om.OzoneManager (OzoneManager.java:start(1217)) - OzoneManager RPC server is listening at localhost/127.0.0.1:34965
2019-06-13 05:05:14,256 INFO  impl.MetricsSystemImpl (MetricsSystemImpl.java:init(158)) - OzoneManager metrics system started (again)
2019-06-13 05:05:14,258 INFO  ipc.Server (Server.java:run(1314)) - IPC Server Responder: starting
2019-06-13 05:05:14,258 INFO  ipc.Server (Server.java:run(1153)) - IPC Server listener on 34965: starting
2019-06-13 05:05:14,268 INFO  hdfs.DFSUtil (DFSUtil.java:httpServerTemplateForNNAndJN(1641)) - Starting Web-server for ozoneManager at: http://0.0.0.0:0
2019-06-13 05:05:14,270 INFO  server.AuthenticationFilter (AuthenticationFilter.java:constructSecretProvider(240)) - Unable to initialize FileSignerSecretProvider, falling back to use random secrets.
2019-06-13 05:05:14,271 WARN  http.HttpRequestLog (HttpRequestLog.java:getRequestLog(97)) - Jetty request log can only be enabled using Log4j
2019-06-13 05:05:14,273 INFO  http.HttpServer2 (HttpServer2.java:addGlobalFilter(975)) - Added global filter 'safety' (class=org.apache.hadoop.http.HttpServer2$QuotingInputFilter)
2019-06-13 05:05:14,274 INFO  http.HttpServer2 (HttpServer2.java:addFilter(948)) - Added filter static_user_filter (class=org.apache.hadoop.http.lib.StaticUserWebFilter$StaticUserFilter) to context ozoneManager
2019-06-13 05:05:14,274 INFO  http.HttpServer2 (HttpServer2.java:addFilter(958)) - Added filter static_user_filter (class=org.apache.hadoop.http.lib.StaticUserWebFilter$StaticUserFilter) to context logs
2019-06-13 05:05:14,275 INFO  http.HttpServer2 (HttpServer2.java:addFilter(958)) - Added filter static_user_filter (class=org.apache.hadoop.http.lib.StaticUserWebFilter$StaticUserFilter) to context static
2019-06-13 05:05:14,276 INFO  http.HttpServer2 (HttpServer2.java:bindListener(1191)) - Jetty bound to port 42727
2019-06-13 05:05:14,277 INFO  server.Server (Server.java:doStart(351)) - jetty-9.3.24.v20180605, build timestamp: 2018-06-05T17:11:56Z, git hash: 84205aa28f11a4f31f2a3b86d1bba2cc8ab69827
2019-06-13 05:05:14,278 INFO  handler.ContextHandler (ContextHandler.java:doStart(781)) - Started o.e.j.s.ServletContextHandler@a619c2{/logs,file:///opt/src/hadoop-ozone/integration-test/target/log,AVAILABLE}
2019-06-13 05:05:14,286 INFO  handler.ContextHandler (ContextHandler.java:doStart(781)) - Started o.e.j.s.ServletContextHandler@375b5b7f{/static,file:///opt/src/hadoop-ozone/integration-test/target/test-classes/webapps/static,AVAILABLE}
2019-06-13 05:05:14,290 INFO  handler.ContextHandler (ContextHandler.java:doStart(781)) - Started o.e.j.w.WebAppContext@18fdb6cf{/,file:///opt/src/hadoop-ozone/integration-test/target/test-classes/webapps/ozoneManager/,AVAILABLE}{/ozoneManager}
2019-06-13 05:05:14,291 INFO  server.AbstractConnector (AbstractConnector.java:doStart(278)) - Started ServerConnector@d02f8d{HTTP/1.1,[http/1.1]}{0.0.0.0:42727}
2019-06-13 05:05:14,291 INFO  server.Server (Server.java:doStart(419)) - Started @3263ms
2019-06-13 05:05:14,292 INFO  server.BaseHttpServer (BaseHttpServer.java:updateConnectorAddress(207)) - HTTP server of OZONEMANAGER is listening at http://0.0.0.0:42727
2019-06-13 05:05:14,447 INFO  impl.MetricsSystemImpl (MetricsSystemImpl.java:init(158)) - HddsDatanode metrics system started (again)
2019-06-13 05:05:14,617 INFO  ozone.HddsDatanodeService (HddsDatanodeService.java:start(185)) - HddsDatanodeService host:ozone-2qf2r-1835183004 ip:192.168.46.45
2019-06-13 05:05:14,657 INFO  volume.HddsVolume (HddsVolume.java:<init>(176)) - Creating Volume: /opt/src/hadoop-ozone/integration-test/target/test-dir/MiniOzoneClusterImpl-884a966f-396a-4f87-a149-6a85524fb75d/datanode-0/data/containers/hdds of  storage type : DISK and capacity : 104021790720
2019-06-13 05:05:14,659 INFO  volume.VolumeSet (VolumeSet.java:initializeVolumeSet(170)) - Added Volume : /opt/src/hadoop-ozone/integration-test/target/test-dir/MiniOzoneClusterImpl-884a966f-396a-4f87-a149-6a85524fb75d/datanode-0/data/containers/hdds to VolumeSet
2019-06-13 05:05:14,662 INFO  volume.ThrottledAsyncChecker (ThrottledAsyncChecker.java:schedule(140)) - Scheduling a check for org.apache.hadoop.ozone.container.common.volume.HddsVolume@5e8604bf
2019-06-13 05:05:14,677 INFO  volume.HddsVolumeChecker (HddsVolumeChecker.java:checkAllVolumes(203)) - Scheduled health check for volume org.apache.hadoop.ozone.container.common.volume.HddsVolume@5e8604bf
2019-06-13 05:05:14,717 INFO  ratis.XceiverServerRatis (XceiverServerRatis.java:newXceiverServerRatis(401)) - Found a free port for the server : 44129
2019-06-13 05:05:14,780 INFO  impl.RaftServerProxy (ConfUtils.java:logGet(43)) - raft.rpc.type = GRPC (default)
2019-06-13 05:05:14,790 INFO  grpc.GrpcConfigKeys$Server (ConfUtils.java:logGet(43)) - raft.grpc.server.port = 44129 (custom)
2019-06-13 05:05:14,791 INFO  server.GrpcService (ConfUtils.java:logGet(43)) - raft.grpc.message.size.max = 33570816 (custom)
2019-06-13 05:05:14,792 INFO  server.RaftServerConfigKeys (ConfUtils.java:logGet(43)) - raft.server.log.appender.buffer.byte-limit = 33554432 (custom)
2019-06-13 05:05:14,792 INFO  server.GrpcService (ConfUtils.java:logGet(43)) - raft.grpc.flow.control.window = 1MB (=1048576) (default)
2019-06-13 05:05:14,793 INFO  server.RaftServerConfigKeys (ConfUtils.java:logGet(43)) - raft.server.rpc.request.timeout = 3000ms (default)
2019-06-13 05:05:14,938 INFO  server.RaftServerConfigKeys (ConfUtils.java:logGet(43)) - raft.server.storage.dir = [/opt/src/hadoop-ozone/integration-test/target/test-dir/MiniOzoneClusterImpl-884a966f-396a-4f87-a149-6a85524fb75d/datanode-0/data/ratis] (custom)
2019-06-13 05:05:14,945 INFO  server.XceiverServerGrpc (XceiverServerGrpc.java:<init>(97)) - Found a free port for the server : 41453
2019-06-13 05:05:14,972 INFO  replication.SimpleContainerDownloader (SimpleContainerDownloader.java:<init>(72)) - Starting container downloader service to copy containers to replicate.
2019-06-13 05:05:14,983 INFO  hdfs.DFSUtil (DFSUtil.java:httpServerTemplateForNNAndJN(1641)) - Starting Web-server for hddsDatanode at: http://0.0.0.0:0
2019-06-13 05:05:14,985 INFO  server.AuthenticationFilter (AuthenticationFilter.java:constructSecretProvider(240)) - Unable to initialize FileSignerSecretProvider, falling back to use random secrets.
2019-06-13 05:05:14,985 WARN  http.HttpRequestLog (HttpRequestLog.java:getRequestLog(97)) - Jetty request log can only be enabled using Log4j
2019-06-13 05:05:14,987 INFO  http.HttpServer2 (HttpServer2.java:addGlobalFilter(975)) - Added global filter 'safety' (class=org.apache.hadoop.http.HttpServer2$QuotingInputFilter)
2019-06-13 05:05:14,987 INFO  http.HttpServer2 (HttpServer2.java:addFilter(948)) - Added filter static_user_filter (class=org.apache.hadoop.http.lib.StaticUserWebFilter$StaticUserFilter) to context hddsDatanode
2019-06-13 05:05:14,987 INFO  http.HttpServer2 (HttpServer2.java:addFilter(958)) - Added filter static_user_filter (class=org.apache.hadoop.http.lib.StaticUserWebFilter$StaticUserFilter) to context logs
2019-06-13 05:05:14,988 INFO  http.HttpServer2 (HttpServer2.java:addFilter(958)) - Added filter static_user_filter (class=org.apache.hadoop.http.lib.StaticUserWebFilter$StaticUserFilter) to context static
2019-06-13 05:05:14,988 INFO  http.HttpServer2 (HttpServer2.java:bindListener(1191)) - Jetty bound to port 37373
2019-06-13 05:05:14,988 INFO  server.Server (Server.java:doStart(351)) - jetty-9.3.24.v20180605, build timestamp: 2018-06-05T17:11:56Z, git hash: 84205aa28f11a4f31f2a3b86d1bba2cc8ab69827
2019-06-13 05:05:14,994 INFO  handler.ContextHandler (ContextHandler.java:doStart(781)) - Started o.e.j.s.ServletContextHandler@4f5f6e45{/logs,file:///opt/src/hadoop-ozone/integration-test/target/log,AVAILABLE}
2019-06-13 05:05:14,996 INFO  handler.ContextHandler (ContextHandler.java:doStart(781)) - Started o.e.j.s.ServletContextHandler@407873d3{/static,jar:file:/root/.m2/repository/org/apache/hadoop/hadoop-hdds-container-service/0.5.0-SNAPSHOT/hadoop-hdds-container-service-0.5.0-SNAPSHOT.jar!/webapps/static,AVAILABLE}
2019-06-13 05:05:15,025 INFO  handler.ContextHandler (ContextHandler.java:doStart(781)) - Started o.e.j.w.WebAppContext@688d411b{/,file:///tmp/jetty-0.0.0.0-37373-hddsDatanode-_-any-1379469296928575393.dir/webapp/,AVAILABLE}{/hddsDatanode}
2019-06-13 05:05:15,026 INFO  server.AbstractConnector (AbstractConnector.java:doStart(278)) - Started ServerConnector@382c90c2{HTTP/1.1,[http/1.1]}{0.0.0.0:37373}
2019-06-13 05:05:15,026 INFO  server.Server (Server.java:doStart(419)) - Started @3999ms
2019-06-13 05:05:15,028 INFO  server.BaseHttpServer (BaseHttpServer.java:updateConnectorAddress(207)) - HTTP server of HDDSDATANODE is listening at http://0.0.0.0:37373
2019-06-13 05:05:16,032 INFO  ozone.HddsDatanodeService (HddsDatanodeService.java:startPlugins(396)) - Started plug-in org.apache.hadoop.ozone.web.OzoneHddsDatanodeService@261bd7b
2019-06-13 05:05:16,038 INFO  impl.MetricsSystemImpl (MetricsSystemImpl.java:init(158)) - HddsDatanode metrics system started (again)
2019-06-13 05:05:16,039 INFO  ozone.HddsDatanodeService (HddsDatanodeService.java:start(185)) - HddsDatanodeService host:ozone-2qf2r-1835183004 ip:192.168.46.45
2019-06-13 05:05:16,082 INFO  util.JvmPauseMonitor (JvmPauseMonitor.java:run(188)) - Starting JVM pause monitor
2019-06-13 05:05:16,087 INFO  volume.HddsVolume (HddsVolume.java:<init>(176)) - Creating Volume: /opt/src/hadoop-ozone/integration-test/target/test-dir/MiniOzoneClusterImpl-884a966f-396a-4f87-a149-6a85524fb75d/datanode-1/data/containers/hdds of  storage type : DISK and capacity : 104021790720
2019-06-13 05:05:16,087 INFO  volume.VolumeSet (VolumeSet.java:initializeVolumeSet(170)) - Added Volume : /opt/src/hadoop-ozone/integration-test/target/test-dir/MiniOzoneClusterImpl-884a966f-396a-4f87-a149-6a85524fb75d/datanode-1/data/containers/hdds to VolumeSet
2019-06-13 05:05:16,088 INFO  volume.ThrottledAsyncChecker (ThrottledAsyncChecker.java:schedule(140)) - Scheduling a check for org.apache.hadoop.ozone.container.common.volume.HddsVolume@7d4d8579
2019-06-13 05:05:16,092 INFO  volume.HddsVolumeChecker (HddsVolumeChecker.java:checkAllVolumes(203)) - Scheduled health check for volume org.apache.hadoop.ozone.container.common.volume.HddsVolume@7d4d8579
2019-06-13 05:05:16,138 INFO  ratis.XceiverServerRatis (XceiverServerRatis.java:newXceiverServerRatis(401)) - Found a free port for the server : 42003
2019-06-13 05:05:16,139 INFO  impl.RaftServerProxy (ConfUtils.java:logGet(43)) - raft.rpc.type = GRPC (default)
2019-06-13 05:05:16,139 INFO  grpc.GrpcConfigKeys$Server (ConfUtils.java:logGet(43)) - raft.grpc.server.port = 42003 (custom)
2019-06-13 05:05:16,140 INFO  server.GrpcService (ConfUtils.java:logGet(43)) - raft.grpc.message.size.max = 33570816 (custom)
2019-06-13 05:05:16,140 INFO  server.RaftServerConfigKeys (ConfUtils.java:logGet(43)) - raft.server.log.appender.buffer.byte-limit = 33554432 (custom)
2019-06-13 05:05:16,140 INFO  server.GrpcService (ConfUtils.java:logGet(43)) - raft.grpc.flow.control.window = 1MB (=1048576) (default)
2019-06-13 05:05:16,140 INFO  server.RaftServerConfigKeys (ConfUtils.java:logGet(43)) - raft.server.rpc.request.timeout = 3000ms (default)
2019-06-13 05:05:16,141 INFO  server.RaftServerConfigKeys (ConfUtils.java:logGet(43)) - raft.server.storage.dir = [/opt/src/hadoop-ozone/integration-test/target/test-dir/MiniOzoneClusterImpl-884a966f-396a-4f87-a149-6a85524fb75d/datanode-1/data/ratis] (custom)
2019-06-13 05:05:16,145 INFO  server.XceiverServerGrpc (XceiverServerGrpc.java:<init>(97)) - Found a free port for the server : 42047
2019-06-13 05:05:16,145 INFO  replication.SimpleContainerDownloader (SimpleContainerDownloader.java:<init>(72)) - Starting container downloader service to copy containers to replicate.
2019-06-13 05:05:16,175 INFO  hdfs.DFSUtil (DFSUtil.java:httpServerTemplateForNNAndJN(1641)) - Starting Web-server for hddsDatanode at: http://0.0.0.0:0
2019-06-13 05:05:16,177 INFO  server.AuthenticationFilter (AuthenticationFilter.java:constructSecretProvider(240)) - Unable to initialize FileSignerSecretProvider, falling back to use random secrets.
2019-06-13 05:05:16,181 WARN  http.HttpRequestLog (HttpRequestLog.java:getRequestLog(97)) - Jetty request log can only be enabled using Log4j
2019-06-13 05:05:16,183 INFO  http.HttpServer2 (HttpServer2.java:addGlobalFilter(975)) - Added global filter 'safety' (class=org.apache.hadoop.http.HttpServer2$QuotingInputFilter)
2019-06-13 05:05:16,184 INFO  http.HttpServer2 (HttpServer2.java:addFilter(948)) - Added filter static_user_filter (class=org.apache.hadoop.http.lib.StaticUserWebFilter$StaticUserFilter) to context hddsDatanode
2019-06-13 05:05:16,185 INFO  http.HttpServer2 (HttpServer2.java:addFilter(958)) - Added filter static_user_filter (class=org.apache.hadoop.http.lib.StaticUserWebFilter$StaticUserFilter) to context static
2019-06-13 05:05:16,185 INFO  http.HttpServer2 (HttpServer2.java:addFilter(958)) - Added filter static_user_filter (class=org.apache.hadoop.http.lib.StaticUserWebFilter$StaticUserFilter) to context logs
2019-06-13 05:05:16,186 INFO  http.HttpServer2 (HttpServer2.java:bindListener(1191)) - Jetty bound to port 37899
2019-06-13 05:05:16,186 INFO  server.Server (Server.java:doStart(351)) - jetty-9.3.24.v20180605, build timestamp: 2018-06-05T17:11:56Z, git hash: 84205aa28f11a4f31f2a3b86d1bba2cc8ab69827
2019-06-13 05:05:16,198 INFO  handler.ContextHandler (ContextHandler.java:doStart(781)) - Started o.e.j.s.ServletContextHandler@422ab737{/logs,file:///opt/src/hadoop-ozone/integration-test/target/log,AVAILABLE}
2019-06-13 05:05:16,199 INFO  handler.ContextHandler (ContextHandler.java:doStart(781)) - Started o.e.j.s.ServletContextHandler@3fde8f7c{/static,jar:file:/root/.m2/repository/org/apache/hadoop/hadoop-hdds-container-service/0.5.0-SNAPSHOT/hadoop-hdds-container-service-0.5.0-SNAPSHOT.jar!/webapps/static,AVAILABLE}
2019-06-13 05:05:16,255 INFO  handler.ContextHandler (ContextHandler.java:doStart(781)) - Started o.e.j.w.WebAppContext@51da32e5{/,file:///tmp/jetty-0.0.0.0-37899-hddsDatanode-_-any-7172160318847122489.dir/webapp/,AVAILABLE}{/hddsDatanode}
2019-06-13 05:05:16,256 INFO  server.AbstractConnector (AbstractConnector.java:doStart(278)) - Started ServerConnector@33d60b7e{HTTP/1.1,[http/1.1]}{0.0.0.0:37899}
2019-06-13 05:05:16,257 INFO  server.Server (Server.java:doStart(419)) - Started @5230ms
2019-06-13 05:05:16,258 INFO  server.BaseHttpServer (BaseHttpServer.java:updateConnectorAddress(207)) - HTTP server of HDDSDATANODE is listening at http://0.0.0.0:37899
2019-06-13 05:05:16,274 INFO  datanode.InitDatanodeState (InitDatanodeState.java:persistContainerDatanodeDetails(140)) - DatanodeDetails is persisted to /opt/src/hadoop-ozone/integration-test/target/test-dir/MiniOzoneClusterImpl-884a966f-396a-4f87-a149-6a85524fb75d/datanode-0/meta/datanode.id
2019-06-13 05:05:16,418 INFO  ozone.HddsDatanodeService (HddsDatanodeService.java:startPlugins(396)) - Started plug-in org.apache.hadoop.ozone.web.OzoneHddsDatanodeService@2d258eff
2019-06-13 05:05:16,419 INFO  impl.MetricsSystemImpl (MetricsSystemImpl.java:init(158)) - HddsDatanode metrics system started (again)
2019-06-13 05:05:16,420 INFO  ozone.HddsDatanodeService (HddsDatanodeService.java:start(185)) - HddsDatanodeService host:ozone-2qf2r-1835183004 ip:192.168.46.45
2019-06-13 05:05:16,430 INFO  volume.HddsVolume (HddsVolume.java:<init>(176)) - Creating Volume: /opt/src/hadoop-ozone/integration-test/target/test-dir/MiniOzoneClusterImpl-884a966f-396a-4f87-a149-6a85524fb75d/datanode-2/data/containers/hdds of  storage type : DISK and capacity : 104021790720
2019-06-13 05:05:16,431 INFO  volume.VolumeSet (VolumeSet.java:initializeVolumeSet(170)) - Added Volume : /opt/src/hadoop-ozone/integration-test/target/test-dir/MiniOzoneClusterImpl-884a966f-396a-4f87-a149-6a85524fb75d/datanode-2/data/containers/hdds to VolumeSet
2019-06-13 05:05:16,431 INFO  volume.ThrottledAsyncChecker (ThrottledAsyncChecker.java:schedule(140)) - Scheduling a check for org.apache.hadoop.ozone.container.common.volume.HddsVolume@1283ca23
2019-06-13 05:05:16,438 INFO  util.JvmPauseMonitor (JvmPauseMonitor.java:run(188)) - Starting JVM pause monitor
2019-06-13 05:05:16,443 INFO  volume.HddsVolumeChecker (HddsVolumeChecker.java:checkAllVolumes(203)) - Scheduled health check for volume org.apache.hadoop.ozone.container.common.volume.HddsVolume@1283ca23
2019-06-13 05:05:16,450 INFO  datanode.InitDatanodeState (InitDatanodeState.java:persistContainerDatanodeDetails(140)) - DatanodeDetails is persisted to /opt/src/hadoop-ozone/integration-test/target/test-dir/MiniOzoneClusterImpl-884a966f-396a-4f87-a149-6a85524fb75d/datanode-1/meta/datanode.id
2019-06-13 05:05:16,459 INFO  ratis.XceiverServerRatis (XceiverServerRatis.java:newXceiverServerRatis(401)) - Found a free port for the server : 42419
2019-06-13 05:05:16,461 INFO  impl.RaftServerProxy (ConfUtils.java:logGet(43)) - raft.rpc.type = GRPC (default)
2019-06-13 05:05:16,461 INFO  grpc.GrpcConfigKeys$Server (ConfUtils.java:logGet(43)) - raft.grpc.server.port = 42419 (custom)
2019-06-13 05:05:16,461 INFO  server.GrpcService (ConfUtils.java:logGet(43)) - raft.grpc.message.size.max = 33570816 (custom)
2019-06-13 05:05:16,461 INFO  server.RaftServerConfigKeys (ConfUtils.java:logGet(43)) - raft.server.log.appender.buffer.byte-limit = 33554432 (custom)
2019-06-13 05:05:16,462 INFO  server.GrpcService (ConfUtils.java:logGet(43)) - raft.grpc.flow.control.window = 1MB (=1048576) (default)
2019-06-13 05:05:16,462 INFO  server.RaftServerConfigKeys (ConfUtils.java:logGet(43)) - raft.server.rpc.request.timeout = 3000ms (default)
2019-06-13 05:05:16,462 INFO  server.RaftServerConfigKeys (ConfUtils.java:logGet(43)) - raft.server.storage.dir = [/opt/src/hadoop-ozone/integration-test/target/test-dir/MiniOzoneClusterImpl-884a966f-396a-4f87-a149-6a85524fb75d/datanode-2/data/ratis] (custom)
2019-06-13 05:05:16,463 INFO  server.XceiverServerGrpc (XceiverServerGrpc.java:<init>(97)) - Found a free port for the server : 44079
2019-06-13 05:05:16,464 INFO  replication.SimpleContainerDownloader (SimpleContainerDownloader.java:<init>(72)) - Starting container downloader service to copy containers to replicate.
2019-06-13 05:05:16,468 INFO  hdfs.DFSUtil (DFSUtil.java:httpServerTemplateForNNAndJN(1641)) - Starting Web-server for hddsDatanode at: http://0.0.0.0:0
2019-06-13 05:05:16,470 INFO  server.AuthenticationFilter (AuthenticationFilter.java:constructSecretProvider(240)) - Unable to initialize FileSignerSecretProvider, falling back to use random secrets.
2019-06-13 05:05:16,470 WARN  http.HttpRequestLog (HttpRequestLog.java:getRequestLog(97)) - Jetty request log can only be enabled using Log4j
2019-06-13 05:05:16,472 INFO  http.HttpServer2 (HttpServer2.java:addGlobalFilter(975)) - Added global filter 'safety' (class=org.apache.hadoop.http.HttpServer2$QuotingInputFilter)
2019-06-13 05:05:16,472 INFO  http.HttpServer2 (HttpServer2.java:addFilter(948)) - Added filter static_user_filter (class=org.apache.hadoop.http.lib.StaticUserWebFilter$StaticUserFilter) to context hddsDatanode
2019-06-13 05:05:16,472 INFO  http.HttpServer2 (HttpServer2.java:addFilter(958)) - Added filter static_user_filter (class=org.apache.hadoop.http.lib.StaticUserWebFilter$StaticUserFilter) to context logs
2019-06-13 05:05:16,473 INFO  http.HttpServer2 (HttpServer2.java:addFilter(958)) - Added filter static_user_filter (class=org.apache.hadoop.http.lib.StaticUserWebFilter$StaticUserFilter) to context static
2019-06-13 05:05:16,473 INFO  http.HttpServer2 (HttpServer2.java:bindListener(1191)) - Jetty bound to port 37325
2019-06-13 05:05:16,473 INFO  server.Server (Server.java:doStart(351)) - jetty-9.3.24.v20180605, build timestamp: 2018-06-05T17:11:56Z, git hash: 84205aa28f11a4f31f2a3b86d1bba2cc8ab69827
2019-06-13 05:05:16,476 INFO  handler.ContextHandler (ContextHandler.java:doStart(781)) - Started o.e.j.s.ServletContextHandler@bd3eff4{/logs,file:///opt/src/hadoop-ozone/integration-test/target/log,AVAILABLE}
2019-06-13 05:05:16,477 INFO  handler.ContextHandler (ContextHandler.java:doStart(781)) - Started o.e.j.s.ServletContextHandler@5934ca1e{/static,jar:file:/root/.m2/repository/org/apache/hadoop/hadoop-hdds-container-service/0.5.0-SNAPSHOT/hadoop-hdds-container-service-0.5.0-SNAPSHOT.jar!/webapps/static,AVAILABLE}
2019-06-13 05:05:16,506 INFO  handler.ContextHandler (ContextHandler.java:doStart(781)) - Started o.e.j.w.WebAppContext@50b46e24{/,file:///tmp/jetty-0.0.0.0-37325-hddsDatanode-_-any-2269192776720289572.dir/webapp/,AVAILABLE}{/hddsDatanode}
2019-06-13 05:05:16,507 INFO  server.AbstractConnector (AbstractConnector.java:doStart(278)) - Started ServerConnector@1c30cb85{HTTP/1.1,[http/1.1]}{0.0.0.0:37325}
2019-06-13 05:05:16,507 INFO  server.Server (Server.java:doStart(419)) - Started @5480ms
2019-06-13 05:05:16,508 INFO  server.BaseHttpServer (BaseHttpServer.java:updateConnectorAddress(207)) - HTTP server of HDDSDATANODE is listening at http://0.0.0.0:37325
2019-06-13 05:05:16,640 INFO  ozone.HddsDatanodeService (HddsDatanodeService.java:startPlugins(396)) - Started plug-in org.apache.hadoop.ozone.web.OzoneHddsDatanodeService@4962b41e
2019-06-13 05:05:16,640 INFO  impl.MetricsSystemImpl (MetricsSystemImpl.java:init(158)) - HddsDatanode metrics system started (again)
2019-06-13 05:05:16,641 INFO  ozone.HddsDatanodeService (HddsDatanodeService.java:start(185)) - HddsDatanodeService host:ozone-2qf2r-1835183004 ip:192.168.46.45
2019-06-13 05:05:16,646 INFO  util.JvmPauseMonitor (JvmPauseMonitor.java:run(188)) - Starting JVM pause monitor
2019-06-13 05:05:16,653 INFO  volume.HddsVolume (HddsVolume.java:<init>(176)) - Creating Volume: /opt/src/hadoop-ozone/integration-test/target/test-dir/MiniOzoneClusterImpl-884a966f-396a-4f87-a149-6a85524fb75d/datanode-3/data/containers/hdds of  storage type : DISK and capacity : 104021790720
2019-06-13 05:05:16,654 INFO  volume.VolumeSet (VolumeSet.java:initializeVolumeSet(170)) - Added Volume : /opt/src/hadoop-ozone/integration-test/target/test-dir/MiniOzoneClusterImpl-884a966f-396a-4f87-a149-6a85524fb75d/datanode-3/data/containers/hdds to VolumeSet
2019-06-13 05:05:16,654 INFO  volume.ThrottledAsyncChecker (ThrottledAsyncChecker.java:schedule(140)) - Scheduling a check for org.apache.hadoop.ozone.container.common.volume.HddsVolume@58278366
2019-06-13 05:05:16,654 INFO  datanode.InitDatanodeState (InitDatanodeState.java:persistContainerDatanodeDetails(140)) - DatanodeDetails is persisted to /opt/src/hadoop-ozone/integration-test/target/test-dir/MiniOzoneClusterImpl-884a966f-396a-4f87-a149-6a85524fb75d/datanode-2/meta/datanode.id
2019-06-13 05:05:16,658 INFO  volume.HddsVolumeChecker (HddsVolumeChecker.java:checkAllVolumes(203)) - Scheduled health check for volume org.apache.hadoop.ozone.container.common.volume.HddsVolume@58278366
2019-06-13 05:05:16,671 INFO  ratis.XceiverServerRatis (XceiverServerRatis.java:newXceiverServerRatis(401)) - Found a free port for the server : 45535
2019-06-13 05:05:16,672 INFO  impl.RaftServerProxy (ConfUtils.java:logGet(43)) - raft.rpc.type = GRPC (default)
2019-06-13 05:05:16,672 INFO  grpc.GrpcConfigKeys$Server (ConfUtils.java:logGet(43)) - raft.grpc.server.port = 45535 (custom)
2019-06-13 05:05:16,672 INFO  server.GrpcService (ConfUtils.java:logGet(43)) - raft.grpc.message.size.max = 33570816 (custom)
2019-06-13 05:05:16,673 INFO  server.RaftServerConfigKeys (ConfUtils.java:logGet(43)) - raft.server.log.appender.buffer.byte-limit = 33554432 (custom)
2019-06-13 05:05:16,673 INFO  server.GrpcService (ConfUtils.java:logGet(43)) - raft.grpc.flow.control.window = 1MB (=1048576) (default)
2019-06-13 05:05:16,673 INFO  server.RaftServerConfigKeys (ConfUtils.java:logGet(43)) - raft.server.rpc.request.timeout = 3000ms (default)
2019-06-13 05:05:16,674 INFO  server.RaftServerConfigKeys (ConfUtils.java:logGet(43)) - raft.server.storage.dir = [/opt/src/hadoop-ozone/integration-test/target/test-dir/MiniOzoneClusterImpl-884a966f-396a-4f87-a149-6a85524fb75d/datanode-3/data/ratis] (custom)
2019-06-13 05:05:16,674 INFO  server.XceiverServerGrpc (XceiverServerGrpc.java:<init>(97)) - Found a free port for the server : 36867
2019-06-13 05:05:16,675 INFO  replication.SimpleContainerDownloader (SimpleContainerDownloader.java:<init>(72)) - Starting container downloader service to copy containers to replicate.
2019-06-13 05:05:16,676 INFO  hdfs.DFSUtil (DFSUtil.java:httpServerTemplateForNNAndJN(1641)) - Starting Web-server for hddsDatanode at: http://0.0.0.0:0
2019-06-13 05:05:16,677 INFO  server.AuthenticationFilter (AuthenticationFilter.java:constructSecretProvider(240)) - Unable to initialize FileSignerSecretProvider, falling back to use random secrets.
2019-06-13 05:05:16,681 WARN  http.HttpRequestLog (HttpRequestLog.java:getRequestLog(97)) - Jetty request log can only be enabled using Log4j
2019-06-13 05:05:16,683 INFO  http.HttpServer2 (HttpServer2.java:addGlobalFilter(975)) - Added global filter 'safety' (class=org.apache.hadoop.http.HttpServer2$QuotingInputFilter)
2019-06-13 05:05:16,684 INFO  http.HttpServer2 (HttpServer2.java:addFilter(948)) - Added filter static_user_filter (class=org.apache.hadoop.http.lib.StaticUserWebFilter$StaticUserFilter) to context hddsDatanode
2019-06-13 05:05:16,684 INFO  http.HttpServer2 (HttpServer2.java:addFilter(958)) - Added filter static_user_filter (class=org.apache.hadoop.http.lib.StaticUserWebFilter$StaticUserFilter) to context static
2019-06-13 05:05:16,684 INFO  http.HttpServer2 (HttpServer2.java:addFilter(958)) - Added filter static_user_filter (class=org.apache.hadoop.http.lib.StaticUserWebFilter$StaticUserFilter) to context logs
2019-06-13 05:05:16,685 INFO  http.HttpServer2 (HttpServer2.java:bindListener(1191)) - Jetty bound to port 38249
2019-06-13 05:05:16,685 INFO  server.Server (Server.java:doStart(351)) - jetty-9.3.24.v20180605, build timestamp: 2018-06-05T17:11:56Z, git hash: 84205aa28f11a4f31f2a3b86d1bba2cc8ab69827
2019-06-13 05:05:16,693 INFO  handler.ContextHandler (ContextHandler.java:doStart(781)) - Started o.e.j.s.ServletContextHandler@195113de{/logs,file:///opt/src/hadoop-ozone/integration-test/target/log,AVAILABLE}
2019-06-13 05:05:16,693 INFO  handler.ContextHandler (ContextHandler.java:doStart(781)) - Started o.e.j.s.ServletContextHandler@21a46ff1{/static,jar:file:/root/.m2/repository/org/apache/hadoop/hadoop-hdds-container-service/0.5.0-SNAPSHOT/hadoop-hdds-container-service-0.5.0-SNAPSHOT.jar!/webapps/static,AVAILABLE}
2019-06-13 05:05:16,724 INFO  handler.ContextHandler (ContextHandler.java:doStart(781)) - Started o.e.j.w.WebAppContext@149274cb{/,file:///tmp/jetty-0.0.0.0-38249-hddsDatanode-_-any-7766980842373856098.dir/webapp/,AVAILABLE}{/hddsDatanode}
2019-06-13 05:05:16,725 INFO  server.AbstractConnector (AbstractConnector.java:doStart(278)) - Started ServerConnector@118acf70{HTTP/1.1,[http/1.1]}{0.0.0.0:38249}
2019-06-13 05:05:16,725 INFO  server.Server (Server.java:doStart(419)) - Started @5698ms
2019-06-13 05:05:16,727 INFO  server.BaseHttpServer (BaseHttpServer.java:updateConnectorAddress(207)) - HTTP server of HDDSDATANODE is listening at http://0.0.0.0:38249
2019-06-13 05:05:16,917 INFO  ozone.HddsDatanodeService (HddsDatanodeService.java:startPlugins(396)) - Started plug-in org.apache.hadoop.ozone.web.OzoneHddsDatanodeService@2db86a7c
2019-06-13 05:05:16,923 INFO  impl.MetricsSystemImpl (MetricsSystemImpl.java:init(158)) - HddsDatanode metrics system started (again)
2019-06-13 05:05:16,923 INFO  ozone.HddsDatanodeService (HddsDatanodeService.java:start(185)) - HddsDatanodeService host:ozone-2qf2r-1835183004 ip:192.168.46.45
2019-06-13 05:05:16,947 INFO  util.JvmPauseMonitor (JvmPauseMonitor.java:run(188)) - Starting JVM pause monitor
2019-06-13 05:05:16,955 INFO  datanode.InitDatanodeState (InitDatanodeState.java:persistContainerDatanodeDetails(140)) - DatanodeDetails is persisted to /opt/src/hadoop-ozone/integration-test/target/test-dir/MiniOzoneClusterImpl-884a966f-396a-4f87-a149-6a85524fb75d/datanode-3/meta/datanode.id
2019-06-13 05:05:16,962 INFO  volume.HddsVolume (HddsVolume.java:<init>(176)) - Creating Volume: /opt/src/hadoop-ozone/integration-test/target/test-dir/MiniOzoneClusterImpl-884a966f-396a-4f87-a149-6a85524fb75d/datanode-4/data/containers/hdds of  storage type : DISK and capacity : 104021790720
2019-06-13 05:05:16,963 INFO  volume.VolumeSet (VolumeSet.java:initializeVolumeSet(170)) - Added Volume : /opt/src/hadoop-ozone/integration-test/target/test-dir/MiniOzoneClusterImpl-884a966f-396a-4f87-a149-6a85524fb75d/datanode-4/data/containers/hdds to VolumeSet
2019-06-13 05:05:16,963 INFO  volume.ThrottledAsyncChecker (ThrottledAsyncChecker.java:schedule(140)) - Scheduling a check for org.apache.hadoop.ozone.container.common.volume.HddsVolume@2871ac91
2019-06-13 05:05:16,966 INFO  volume.HddsVolumeChecker (HddsVolumeChecker.java:checkAllVolumes(203)) - Scheduled health check for volume org.apache.hadoop.ozone.container.common.volume.HddsVolume@2871ac91
2019-06-13 05:05:16,986 INFO  ratis.XceiverServerRatis (XceiverServerRatis.java:newXceiverServerRatis(401)) - Found a free port for the server : 35657
2019-06-13 05:05:16,987 INFO  impl.RaftServerProxy (ConfUtils.java:logGet(43)) - raft.rpc.type = GRPC (default)
2019-06-13 05:05:16,987 INFO  grpc.GrpcConfigKeys$Server (ConfUtils.java:logGet(43)) - raft.grpc.server.port = 35657 (custom)
2019-06-13 05:05:16,987 INFO  server.GrpcService (ConfUtils.java:logGet(43)) - raft.grpc.message.size.max = 33570816 (custom)
2019-06-13 05:05:16,987 INFO  server.RaftServerConfigKeys (ConfUtils.java:logGet(43)) - raft.server.log.appender.buffer.byte-limit = 33554432 (custom)
2019-06-13 05:05:16,988 INFO  server.GrpcService (ConfUtils.java:logGet(43)) - raft.grpc.flow.control.window = 1MB (=1048576) (default)
2019-06-13 05:05:16,988 INFO  server.RaftServerConfigKeys (ConfUtils.java:logGet(43)) - raft.server.rpc.request.timeout = 3000ms (default)
2019-06-13 05:05:16,988 INFO  server.RaftServerConfigKeys (ConfUtils.java:logGet(43)) - raft.server.storage.dir = [/opt/src/hadoop-ozone/integration-test/target/test-dir/MiniOzoneClusterImpl-884a966f-396a-4f87-a149-6a85524fb75d/datanode-4/data/ratis] (custom)
2019-06-13 05:05:16,989 INFO  server.XceiverServerGrpc (XceiverServerGrpc.java:<init>(97)) - Found a free port for the server : 43481
2019-06-13 05:05:16,989 INFO  replication.SimpleContainerDownloader (SimpleContainerDownloader.java:<init>(72)) - Starting container downloader service to copy containers to replicate.
2019-06-13 05:05:16,990 INFO  hdfs.DFSUtil (DFSUtil.java:httpServerTemplateForNNAndJN(1641)) - Starting Web-server for hddsDatanode at: http://0.0.0.0:0
2019-06-13 05:05:16,992 INFO  server.AuthenticationFilter (AuthenticationFilter.java:constructSecretProvider(240)) - Unable to initialize FileSignerSecretProvider, falling back to use random secrets.
2019-06-13 05:05:16,998 WARN  http.HttpRequestLog (HttpRequestLog.java:getRequestLog(97)) - Jetty request log can only be enabled using Log4j
2019-06-13 05:05:17,000 INFO  http.HttpServer2 (HttpServer2.java:addGlobalFilter(975)) - Added global filter 'safety' (class=org.apache.hadoop.http.HttpServer2$QuotingInputFilter)
2019-06-13 05:05:17,000 INFO  http.HttpServer2 (HttpServer2.java:addFilter(948)) - Added filter static_user_filter (class=org.apache.hadoop.http.lib.StaticUserWebFilter$StaticUserFilter) to context hddsDatanode
2019-06-13 05:05:17,000 INFO  http.HttpServer2 (HttpServer2.java:addFilter(958)) - Added filter static_user_filter (class=org.apache.hadoop.http.lib.StaticUserWebFilter$StaticUserFilter) to context logs
2019-06-13 05:05:17,000 INFO  http.HttpServer2 (HttpServer2.java:addFilter(958)) - Added filter static_user_filter (class=org.apache.hadoop.http.lib.StaticUserWebFilter$StaticUserFilter) to context static
2019-06-13 05:05:17,001 INFO  http.HttpServer2 (HttpServer2.java:bindListener(1191)) - Jetty bound to port 43409
2019-06-13 05:05:17,001 INFO  server.Server (Server.java:doStart(351)) - jetty-9.3.24.v20180605, build timestamp: 2018-06-05T17:11:56Z, git hash: 84205aa28f11a4f31f2a3b86d1bba2cc8ab69827
2019-06-13 05:05:17,004 INFO  handler.ContextHandler (ContextHandler.java:doStart(781)) - Started o.e.j.s.ServletContextHandler@372f0a99{/logs,file:///opt/src/hadoop-ozone/integration-test/target/log,AVAILABLE}
2019-06-13 05:05:17,005 INFO  handler.ContextHandler (ContextHandler.java:doStart(781)) - Started o.e.j.s.ServletContextHandler@3e5beab5{/static,jar:file:/root/.m2/repository/org/apache/hadoop/hadoop-hdds-container-service/0.5.0-SNAPSHOT/hadoop-hdds-container-service-0.5.0-SNAPSHOT.jar!/webapps/static,AVAILABLE}
2019-06-13 05:05:17,034 INFO  handler.ContextHandler (ContextHandler.java:doStart(781)) - Started o.e.j.w.WebAppContext@5d194314{/,file:///tmp/jetty-0.0.0.0-43409-hddsDatanode-_-any-3032212686343672165.dir/webapp/,AVAILABLE}{/hddsDatanode}
2019-06-13 05:05:17,034 INFO  server.AbstractConnector (AbstractConnector.java:doStart(278)) - Started ServerConnector@76396509{HTTP/1.1,[http/1.1]}{0.0.0.0:43409}
2019-06-13 05:05:17,034 INFO  server.Server (Server.java:doStart(419)) - Started @6007ms
2019-06-13 05:05:17,042 INFO  server.BaseHttpServer (BaseHttpServer.java:updateConnectorAddress(207)) - HTTP server of HDDSDATANODE is listening at http://0.0.0.0:43409
2019-06-13 05:05:17,242 INFO  ozone.HddsDatanodeService (HddsDatanodeService.java:startPlugins(396)) - Started plug-in org.apache.hadoop.ozone.web.OzoneHddsDatanodeService@2c9fdb64
2019-06-13 05:05:17,243 INFO  impl.MetricsSystemImpl (MetricsSystemImpl.java:init(158)) - HddsDatanode metrics system started (again)
2019-06-13 05:05:17,243 INFO  ozone.HddsDatanodeService (HddsDatanodeService.java:start(185)) - HddsDatanodeService host:ozone-2qf2r-1835183004 ip:192.168.46.45
2019-06-13 05:05:17,261 INFO  datanode.InitDatanodeState (InitDatanodeState.java:persistContainerDatanodeDetails(140)) - DatanodeDetails is persisted to /opt/src/hadoop-ozone/integration-test/target/test-dir/MiniOzoneClusterImpl-884a966f-396a-4f87-a149-6a85524fb75d/datanode-4/meta/datanode.id
2019-06-13 05:05:17,269 INFO  util.JvmPauseMonitor (JvmPauseMonitor.java:run(188)) - Starting JVM pause monitor
2019-06-13 05:05:17,277 INFO  volume.HddsVolume (HddsVolume.java:<init>(176)) - Creating Volume: /opt/src/hadoop-ozone/integration-test/target/test-dir/MiniOzoneClusterImpl-884a966f-396a-4f87-a149-6a85524fb75d/datanode-5/data/containers/hdds of  storage type : DISK and capacity : 104021790720
2019-06-13 05:05:17,278 INFO  volume.VolumeSet (VolumeSet.java:initializeVolumeSet(170)) - Added Volume : /opt/src/hadoop-ozone/integration-test/target/test-dir/MiniOzoneClusterImpl-884a966f-396a-4f87-a149-6a85524fb75d/datanode-5/data/containers/hdds to VolumeSet
2019-06-13 05:05:17,278 INFO  volume.ThrottledAsyncChecker (ThrottledAsyncChecker.java:schedule(140)) - Scheduling a check for org.apache.hadoop.ozone.container.common.volume.HddsVolume@39133244
2019-06-13 05:05:17,286 INFO  volume.HddsVolumeChecker (HddsVolumeChecker.java:checkAllVolumes(203)) - Scheduled health check for volume org.apache.hadoop.ozone.container.common.volume.HddsVolume@39133244
2019-06-13 05:05:17,311 INFO  ratis.XceiverServerRatis (XceiverServerRatis.java:newXceiverServerRatis(401)) - Found a free port for the server : 35843
2019-06-13 05:05:17,312 INFO  impl.RaftServerProxy (ConfUtils.java:logGet(43)) - raft.rpc.type = GRPC (default)
2019-06-13 05:05:17,313 INFO  grpc.GrpcConfigKeys$Server (ConfUtils.java:logGet(43)) - raft.grpc.server.port = 35843 (custom)
2019-06-13 05:05:17,313 INFO  server.GrpcService (ConfUtils.java:logGet(43)) - raft.grpc.message.size.max = 33570816 (custom)
2019-06-13 05:05:17,313 INFO  server.RaftServerConfigKeys (ConfUtils.java:logGet(43)) - raft.server.log.appender.buffer.byte-limit = 33554432 (custom)
2019-06-13 05:05:17,314 INFO  server.GrpcService (ConfUtils.java:logGet(43)) - raft.grpc.flow.control.window = 1MB (=1048576) (default)
2019-06-13 05:05:17,314 INFO  server.RaftServerConfigKeys (ConfUtils.java:logGet(43)) - raft.server.rpc.request.timeout = 3000ms (default)
2019-06-13 05:05:17,318 INFO  server.RaftServerConfigKeys (ConfUtils.java:logGet(43)) - raft.server.storage.dir = [/opt/src/hadoop-ozone/integration-test/target/test-dir/MiniOzoneClusterImpl-884a966f-396a-4f87-a149-6a85524fb75d/datanode-5/data/ratis] (custom)
2019-06-13 05:05:17,319 INFO  server.XceiverServerGrpc (XceiverServerGrpc.java:<init>(97)) - Found a free port for the server : 37585
2019-06-13 05:05:17,319 INFO  replication.SimpleContainerDownloader (SimpleContainerDownloader.java:<init>(72)) - Starting container downloader service to copy containers to replicate.
2019-06-13 05:05:17,330 INFO  hdfs.DFSUtil (DFSUtil.java:httpServerTemplateForNNAndJN(1641)) - Starting Web-server for hddsDatanode at: http://0.0.0.0:0
2019-06-13 05:05:17,331 INFO  server.AuthenticationFilter (AuthenticationFilter.java:constructSecretProvider(240)) - Unable to initialize FileSignerSecretProvider, falling back to use random secrets.
2019-06-13 05:05:17,333 WARN  http.HttpRequestLog (HttpRequestLog.java:getRequestLog(97)) - Jetty request log can only be enabled using Log4j
2019-06-13 05:05:17,335 INFO  http.HttpServer2 (HttpServer2.java:addGlobalFilter(975)) - Added global filter 'safety' (class=org.apache.hadoop.http.HttpServer2$QuotingInputFilter)
2019-06-13 05:05:17,336 INFO  http.HttpServer2 (HttpServer2.java:addFilter(948)) - Added filter static_user_filter (class=org.apache.hadoop.http.lib.StaticUserWebFilter$StaticUserFilter) to context hddsDatanode
2019-06-13 05:05:17,336 INFO  http.HttpServer2 (HttpServer2.java:addFilter(958)) - Added filter static_user_filter (class=org.apache.hadoop.http.lib.StaticUserWebFilter$StaticUserFilter) to context static
2019-06-13 05:05:17,336 INFO  http.HttpServer2 (HttpServer2.java:addFilter(958)) - Added filter static_user_filter (class=org.apache.hadoop.http.lib.StaticUserWebFilter$StaticUserFilter) to context logs
2019-06-13 05:05:17,336 INFO  http.HttpServer2 (HttpServer2.java:bindListener(1191)) - Jetty bound to port 33189
2019-06-13 05:05:17,337 INFO  server.Server (Server.java:doStart(351)) - jetty-9.3.24.v20180605, build timestamp: 2018-06-05T17:11:56Z, git hash: 84205aa28f11a4f31f2a3b86d1bba2cc8ab69827
2019-06-13 05:05:17,362 INFO  handler.ContextHandler (ContextHandler.java:doStart(781)) - Started o.e.j.s.ServletContextHandler@61b60600{/logs,file:///opt/src/hadoop-ozone/integration-test/target/log,AVAILABLE}
2019-06-13 05:05:17,366 INFO  handler.ContextHandler (ContextHandler.java:doStart(781)) - Started o.e.j.s.ServletContextHandler@340afaf8{/static,jar:file:/root/.m2/repository/org/apache/hadoop/hadoop-hdds-container-service/0.5.0-SNAPSHOT/hadoop-hdds-container-service-0.5.0-SNAPSHOT.jar!/webapps/static,AVAILABLE}
2019-06-13 05:05:17,423 INFO  handler.ContextHandler (ContextHandler.java:doStart(781)) - Started o.e.j.w.WebAppContext@241b971f{/,file:///tmp/jetty-0.0.0.0-33189-hddsDatanode-_-any-2009592047108383378.dir/webapp/,AVAILABLE}{/hddsDatanode}
2019-06-13 05:05:17,427 INFO  server.AbstractConnector (AbstractConnector.java:doStart(278)) - Started ServerConnector@125f16b2{HTTP/1.1,[http/1.1]}{0.0.0.0:33189}
2019-06-13 05:05:17,427 INFO  server.Server (Server.java:doStart(419)) - Started @6399ms
2019-06-13 05:05:17,429 INFO  server.BaseHttpServer (BaseHttpServer.java:updateConnectorAddress(207)) - HTTP server of HDDSDATANODE is listening at http://0.0.0.0:33189
2019-06-13 05:05:17,586 INFO  ozone.HddsDatanodeService (HddsDatanodeService.java:startPlugins(396)) - Started plug-in org.apache.hadoop.ozone.web.OzoneHddsDatanodeService@514377fc
2019-06-13 05:05:17,587 INFO  ozone.MiniOzoneClusterImpl (MiniOzoneClusterImpl.java:lambda$waitForClusterToBeReady$0(142)) - Waiting for cluster to be ready. Got 0 of 6 DN Heartbeats.
2019-06-13 05:05:17,589 INFO  util.JvmPauseMonitor (JvmPauseMonitor.java:run(188)) - Starting JVM pause monitor
2019-06-13 05:05:17,591 INFO  datanode.InitDatanodeState (InitDatanodeState.java:persistContainerDatanodeDetails(140)) - DatanodeDetails is persisted to /opt/src/hadoop-ozone/integration-test/target/test-dir/MiniOzoneClusterImpl-884a966f-396a-4f87-a149-6a85524fb75d/datanode-5/meta/datanode.id
2019-06-13 05:05:18,120 INFO  ozoneimpl.OzoneContainer (OzoneContainer.java:start(186)) - Attempting to start container services.
2019-06-13 05:05:18,120 INFO  ozoneimpl.OzoneContainer (OzoneContainer.java:startContainerScrub(160)) - Background container scrubber has been disabled by hdds.containerscrub.enabled
2019-06-13 05:05:18,120 INFO  ratis.XceiverServerRatis (XceiverServerRatis.java:start(418)) - Starting XceiverServerRatis e1c0ca98-3cfd-44fb-a142-fadd04cbef23 at port 44129
2019-06-13 05:05:18,232 INFO  impl.RaftServerProxy (RaftServerProxy.java:lambda$start$3(299)) - e1c0ca98-3cfd-44fb-a142-fadd04cbef23: start RPC server
2019-06-13 05:05:18,413 INFO  server.GrpcService (GrpcService.java:startImpl(148)) - e1c0ca98-3cfd-44fb-a142-fadd04cbef23: GrpcService started, listening on 0.0.0.0/0.0.0.0:44129
2019-06-13 05:05:18,446 INFO  ozoneimpl.OzoneContainer (OzoneContainer.java:start(186)) - Attempting to start container services.
2019-06-13 05:05:18,450 INFO  ozoneimpl.OzoneContainer (OzoneContainer.java:startContainerScrub(160)) - Background container scrubber has been disabled by hdds.containerscrub.enabled
2019-06-13 05:05:18,450 INFO  ratis.XceiverServerRatis (XceiverServerRatis.java:start(418)) - Starting XceiverServerRatis 97ecd936-9d92-4ddf-a882-e915fe563002 at port 42003
2019-06-13 05:05:18,477 INFO  impl.RaftServerProxy (RaftServerProxy.java:lambda$start$3(299)) - 97ecd936-9d92-4ddf-a882-e915fe563002: start RPC server
2019-06-13 05:05:18,481 INFO  server.GrpcService (GrpcService.java:startImpl(148)) - 97ecd936-9d92-4ddf-a882-e915fe563002: GrpcService started, listening on 0.0.0.0/0.0.0.0:42003
2019-06-13 05:05:18,588 INFO  ozone.MiniOzoneClusterImpl (MiniOzoneClusterImpl.java:lambda$waitForClusterToBeReady$0(142)) - Waiting for cluster to be ready. Got 0 of 6 DN Heartbeats.
2019-06-13 05:05:18,652 INFO  ozoneimpl.OzoneContainer (OzoneContainer.java:start(186)) - Attempting to start container services.
2019-06-13 05:05:18,653 INFO  ozoneimpl.OzoneContainer (OzoneContainer.java:startContainerScrub(160)) - Background container scrubber has been disabled by hdds.containerscrub.enabled
2019-06-13 05:05:18,653 INFO  ratis.XceiverServerRatis (XceiverServerRatis.java:start(418)) - Starting XceiverServerRatis 510c58ce-ca2c-44ea-84c1-02074cbd4bc9 at port 42419
2019-06-13 05:05:18,659 INFO  impl.RaftServerProxy (RaftServerProxy.java:lambda$start$3(299)) - 510c58ce-ca2c-44ea-84c1-02074cbd4bc9: start RPC server
2019-06-13 05:05:18,662 INFO  server.GrpcService (GrpcService.java:startImpl(148)) - 510c58ce-ca2c-44ea-84c1-02074cbd4bc9: GrpcService started, listening on 0.0.0.0/0.0.0.0:42419
2019-06-13 05:05:18,952 INFO  ozoneimpl.OzoneContainer (OzoneContainer.java:start(186)) - Attempting to start container services.
2019-06-13 05:05:18,953 INFO  ozoneimpl.OzoneContainer (OzoneContainer.java:startContainerScrub(160)) - Background container scrubber has been disabled by hdds.containerscrub.enabled
2019-06-13 05:05:18,953 INFO  ratis.XceiverServerRatis (XceiverServerRatis.java:start(418)) - Starting XceiverServerRatis 08f28f5e-993a-4e74-ae97-acbcb04e9b8f at port 45535
2019-06-13 05:05:18,962 INFO  impl.RaftServerProxy (RaftServerProxy.java:lambda$start$3(299)) - 08f28f5e-993a-4e74-ae97-acbcb04e9b8f: start RPC server
2019-06-13 05:05:18,965 INFO  server.GrpcService (GrpcService.java:startImpl(148)) - 08f28f5e-993a-4e74-ae97-acbcb04e9b8f: GrpcService started, listening on 0.0.0.0/0.0.0.0:45535
2019-06-13 05:05:19,261 INFO  ozoneimpl.OzoneContainer (OzoneContainer.java:start(186)) - Attempting to start container services.
2019-06-13 05:05:19,263 INFO  ozoneimpl.OzoneContainer (OzoneContainer.java:startContainerScrub(160)) - Background container scrubber has been disabled by hdds.containerscrub.enabled
2019-06-13 05:05:19,264 INFO  ratis.XceiverServerRatis (XceiverServerRatis.java:start(418)) - Starting XceiverServerRatis 2cf06b71-4ba7-4011-855b-70e7b0969120 at port 35657
2019-06-13 05:05:19,273 INFO  impl.RaftServerProxy (RaftServerProxy.java:lambda$start$3(299)) - 2cf06b71-4ba7-4011-855b-70e7b0969120: start RPC server
2019-06-13 05:05:19,279 INFO  server.GrpcService (GrpcService.java:startImpl(148)) - 2cf06b71-4ba7-4011-855b-70e7b0969120: GrpcService started, listening on 0.0.0.0/0.0.0.0:35657
2019-06-13 05:05:19,588 INFO  ozone.MiniOzoneClusterImpl (MiniOzoneClusterImpl.java:lambda$waitForClusterToBeReady$0(142)) - Waiting for cluster to be ready. Got 0 of 6 DN Heartbeats.
2019-06-13 05:05:19,596 INFO  ozoneimpl.OzoneContainer (OzoneContainer.java:start(186)) - Attempting to start container services.
2019-06-13 05:05:19,598 INFO  ozoneimpl.OzoneContainer (OzoneContainer.java:startContainerScrub(160)) - Background container scrubber has been disabled by hdds.containerscrub.enabled
2019-06-13 05:05:19,599 INFO  ratis.XceiverServerRatis (XceiverServerRatis.java:start(418)) - Starting XceiverServerRatis 4a4a623e-5586-416a-aeef-ffc9f5b250f3 at port 35843
2019-06-13 05:05:19,607 INFO  impl.RaftServerProxy (RaftServerProxy.java:lambda$start$3(299)) - 4a4a623e-5586-416a-aeef-ffc9f5b250f3: start RPC server
2019-06-13 05:05:19,620 INFO  server.GrpcService (GrpcService.java:startImpl(148)) - 4a4a623e-5586-416a-aeef-ffc9f5b250f3: GrpcService started, listening on 0.0.0.0/0.0.0.0:35843
2019-06-13 05:05:20,120 INFO  node.SCMNodeManager (SCMNodeManager.java:register(234)) - Registered Data node : e1c0ca98-3cfd-44fb-a142-fadd04cbef23{ip: 192.168.46.45, host: ozone-2qf2r-1835183004, networkLocation: /default-rack, certSerialId: null}
2019-06-13 05:05:20,129 INFO  safemode.SCMSafeModeManager (DataNodeSafeModeRule.java:process(71)) - SCM in safe mode. 1 DataNodes registered, 1 required.
2019-06-13 05:05:20,129 INFO  safemode.SCMSafeModeManager (SCMSafeModeManager.java:validateSafeModeExitRules(177)) - ScmSafeModeManager, all rules are successfully validated
2019-06-13 05:05:20,129 INFO  safemode.SCMSafeModeManager (SCMSafeModeManager.java:exitSafeMode(193)) - SCM exiting safe mode.
2019-06-13 05:05:20,448 INFO  node.SCMNodeManager (SCMNodeManager.java:register(234)) - Registered Data node : 97ecd936-9d92-4ddf-a882-e915fe563002{ip: 192.168.46.45, host: ozone-2qf2r-1835183004, networkLocation: /default-rack, certSerialId: null}
2019-06-13 05:05:20,588 INFO  ozone.MiniOzoneClusterImpl (MiniOzoneClusterImpl.java:lambda$waitForClusterToBeReady$0(142)) - Waiting for cluster to be ready. Got 2 of 6 DN Heartbeats.
2019-06-13 05:05:20,650 INFO  node.SCMNodeManager (SCMNodeManager.java:register(234)) - Registered Data node : 510c58ce-ca2c-44ea-84c1-02074cbd4bc9{ip: 192.168.46.45, host: ozone-2qf2r-1835183004, networkLocation: /default-rack, certSerialId: null}
2019-06-13 05:05:20,714 INFO  impl.RaftServerProxy (RaftServerProxy.java:addNew(89)) - e1c0ca98-3cfd-44fb-a142-fadd04cbef23: addNew group-DD16ED269824:[e1c0ca98-3cfd-44fb-a142-fadd04cbef23:192.168.46.45:44129] returns group-DD16ED269824:java.util.concurrent.CompletableFuture@6294816c[Not completed]
2019-06-13 05:05:20,722 INFO  impl.RaftServerImpl (RaftServerImpl.java:<init>(91)) - e1c0ca98-3cfd-44fb-a142-fadd04cbef23: new RaftServerImpl for group-DD16ED269824:[e1c0ca98-3cfd-44fb-a142-fadd04cbef23:192.168.46.45:44129] with ContainerStateMachine:uninitialized
2019-06-13 05:05:20,723 INFO  server.RaftServerConfigKeys (ConfUtils.java:logGet(43)) - raft.server.rpc.timeout.min = 1s (custom)
2019-06-13 05:05:20,723 INFO  server.RaftServerConfigKeys (ConfUtils.java:logGet(43)) - raft.server.rpc.timeout.max = 1200ms (custom)
2019-06-13 05:05:20,723 INFO  server.RaftServerConfigKeys (ConfUtils.java:logGet(43)) - raft.server.rpcslowness.timeout = 10s (custom)
2019-06-13 05:05:20,724 INFO  server.RaftServerConfigKeys (ConfUtils.java:logGet(43)) - raft.server.log.appender.install.snapshot.enabled = true (default)
2019-06-13 05:05:20,731 INFO  impl.RaftServerImpl (ServerState.java:<init>(101)) - e1c0ca98-3cfd-44fb-a142-fadd04cbef23:group-DD16ED269824 ConfigurationManager, init=-1: [e1c0ca98-3cfd-44fb-a142-fadd04cbef23:192.168.46.45:44129], old=null, confs=<EMPTY_MAP>
2019-06-13 05:05:20,731 INFO  server.RaftServerConfigKeys (ConfUtils.java:logGet(43)) - raft.server.storage.dir = [/opt/src/hadoop-ozone/integration-test/target/test-dir/MiniOzoneClusterImpl-884a966f-396a-4f87-a149-6a85524fb75d/datanode-0/data/ratis] (custom)
2019-06-13 05:05:20,737 INFO  storage.RaftStorageDirectory (RaftStorageDirectory.java:analyzeStorage(246)) - The storage directory /opt/src/hadoop-ozone/integration-test/target/test-dir/MiniOzoneClusterImpl-884a966f-396a-4f87-a149-6a85524fb75d/datanode-0/data/ratis/6f2bf6ae-9fa7-4f39-9bf4-dd16ed269824 does not exist. Creating ...
2019-06-13 05:05:20,742 INFO  storage.RaftStorageDirectory (RaftStorageDirectory.java:tryLock(328)) - Lock on /opt/src/hadoop-ozone/integration-test/target/test-dir/MiniOzoneClusterImpl-884a966f-396a-4f87-a149-6a85524fb75d/datanode-0/data/ratis/6f2bf6ae-9fa7-4f39-9bf4-dd16ed269824/in_use.lock acquired by nodename 10163@ozone-2qf2r-1835183004
2019-06-13 05:05:20,745 INFO  storage.RaftStorage (RaftStorage.java:format(75)) - Storage directory /opt/src/hadoop-ozone/integration-test/target/test-dir/MiniOzoneClusterImpl-884a966f-396a-4f87-a149-6a85524fb75d/datanode-0/data/ratis/6f2bf6ae-9fa7-4f39-9bf4-dd16ed269824 has been successfully formatted.
2019-06-13 05:05:20,747 INFO  ratis.ContainerStateMachine (ContainerStateMachine.java:loadSnapshot(199)) - The snapshot info is null.Setting the last applied index to:(t:0, i:~)
2019-06-13 05:05:20,747 INFO  server.RaftServerConfigKeys (ConfUtils.java:logGet(43)) - raft.server.leader.election.timeout = 10s (custom)
2019-06-13 05:05:20,880 INFO  server.RaftServerConfigKeys (ConfUtils.java:logGet(43)) - raft.server.log.use.memory = false (default)
2019-06-13 05:05:20,881 INFO  server.RaftServerConfigKeys (ConfUtils.java:logGet(43)) - raft.server.log.appender.buffer.byte-limit = 33554432 (custom)
2019-06-13 05:05:20,884 INFO  server.RaftServerConfigKeys (ConfUtils.java:logGet(43)) - raft.server.log.segment.size.max = 16384 (custom)
2019-06-13 05:05:20,887 INFO  server.RaftServerConfigKeys (ConfUtils.java:logGet(43)) - raft.server.log.segment.cache.num.max = 2 (custom)
2019-06-13 05:05:20,890 INFO  storage.RaftLogWorker (RaftLogWorker.java:<init>(123)) - new e1c0ca98-3cfd-44fb-a142-fadd04cbef23-RaftLogWorker for Storage Directory /opt/src/hadoop-ozone/integration-test/target/test-dir/MiniOzoneClusterImpl-884a966f-396a-4f87-a149-6a85524fb75d/datanode-0/data/ratis/6f2bf6ae-9fa7-4f39-9bf4-dd16ed269824
2019-06-13 05:05:20,890 INFO  server.RaftServerConfigKeys (ConfUtils.java:logGet(43)) - raft.server.log.queue.byte-limit = 2147483647 (custom)
2019-06-13 05:05:20,890 INFO  server.RaftServerConfigKeys (ConfUtils.java:logGet(43)) - raft.server.log.queue.element-limit = 1024 (custom)
2019-06-13 05:05:20,892 INFO  server.RaftServerConfigKeys (ConfUtils.java:logGet(43)) - raft.server.log.segment.size.max = 16384 (custom)
2019-06-13 05:05:20,893 INFO  server.RaftServerConfigKeys (ConfUtils.java:logGet(43)) - raft.server.log.preallocated.size = 16384 (custom)
2019-06-13 05:05:20,893 INFO  server.RaftServerConfigKeys (ConfUtils.java:logGet(43)) - raft.server.log.write.buffer.size = 33554432 (custom)
2019-06-13 05:05:20,893 INFO  server.RaftServerConfigKeys (ConfUtils.java:logGet(43)) - raft.server.log.force.sync.num = 128 (default)
2019-06-13 05:05:20,894 INFO  server.RaftServerConfigKeys (ConfUtils.java:logGet(43)) - raft.server.log.statemachine.data.sync = true (default)
2019-06-13 05:05:20,894 INFO  server.RaftServerConfigKeys (ConfUtils.java:logGet(43)) - raft.server.log.statemachine.data.sync.timeout = 10s (default)
2019-06-13 05:05:20,895 INFO  server.RaftServerConfigKeys (ConfUtils.java:logGet(43)) - raft.server.log.statemachine.data.sync.timeout.retry = -1 (default)
2019-06-13 05:05:20,897 INFO  server.RaftServerConfigKeys (ConfUtils.java:logGet(43)) - raft.server.log.statemachine.data.caching.enabled = true (custom)
2019-06-13 05:05:20,903 INFO  server.RaftServerConfigKeys (ConfUtils.java:logGet(43)) - raft.server.snapshot.auto.trigger.enabled = true (custom)
2019-06-13 05:05:20,904 INFO  server.RaftServerConfigKeys (ConfUtils.java:logGet(43)) - raft.server.snapshot.auto.trigger.threshold = 10000 (custom)
2019-06-13 05:05:20,904 INFO  server.RaftServerConfigKeys (ConfUtils.java:logGet(43)) - raft.server.retrycache.expirytime = 600000ms (custom)
2019-06-13 05:05:20,924 INFO  impl.RaftServerImpl (RaftServerImpl.java:start(173)) - e1c0ca98-3cfd-44fb-a142-fadd04cbef23: start group-DD16ED269824
2019-06-13 05:05:20,925 INFO  impl.RaftServerImpl (RaftServerImpl.java:setRole(164)) - e1c0ca98-3cfd-44fb-a142-fadd04cbef23:group-DD16ED269824 changes role from null to FOLLOWER at term 0 for startAsFollower
2019-06-13 05:05:20,926 INFO  impl.RoleInfo (RoleInfo.java:updateAndGet(143)) - e1c0ca98-3cfd-44fb-a142-fadd04cbef23: start FollowerState
2019-06-13 05:05:20,930 INFO  util.JmxRegister (JmxRegister.java:tryRegister(44)) - Successfully registered JMX Bean with object name Ratis:service=RaftServer,group=group-DD16ED269824,id=e1c0ca98-3cfd-44fb-a142-fadd04cbef23
2019-06-13 05:05:20,949 INFO  node.SCMNodeManager (SCMNodeManager.java:register(234)) - Registered Data node : 08f28f5e-993a-4e74-ae97-acbcb04e9b8f{ip: 192.168.46.45, host: ozone-2qf2r-1835183004, networkLocation: /default-rack, certSerialId: null}
2019-06-13 05:05:20,974 INFO  pipeline.PipelineStateManager (PipelineStateManager.java:addPipeline(56)) - Created pipeline Pipeline[ Id: 6f2bf6ae-9fa7-4f39-9bf4-dd16ed269824, Nodes: e1c0ca98-3cfd-44fb-a142-fadd04cbef23{ip: 192.168.46.45, host: ozone-2qf2r-1835183004, networkLocation: /default-rack, certSerialId: null}, Type:RATIS, Factor:ONE, State:OPEN]
2019-06-13 05:05:21,002 INFO  impl.RaftServerProxy (RaftServerProxy.java:addNew(89)) - 97ecd936-9d92-4ddf-a882-e915fe563002: addNew group-729EFE9C2C3E:[97ecd936-9d92-4ddf-a882-e915fe563002:192.168.46.45:42003] returns group-729EFE9C2C3E:java.util.concurrent.CompletableFuture@4cc26229[Not completed]
2019-06-13 05:05:21,003 INFO  impl.RaftServerImpl (RaftServerImpl.java:<init>(91)) - 97ecd936-9d92-4ddf-a882-e915fe563002: new RaftServerImpl for group-729EFE9C2C3E:[97ecd936-9d92-4ddf-a882-e915fe563002:192.168.46.45:42003] with ContainerStateMachine:uninitialized
2019-06-13 05:05:21,004 INFO  server.RaftServerConfigKeys (ConfUtils.java:logGet(43)) - raft.server.rpc.timeout.min = 1s (custom)
2019-06-13 05:05:21,005 INFO  server.RaftServerConfigKeys (ConfUtils.java:logGet(43)) - raft.server.rpc.timeout.max = 1200ms (custom)
2019-06-13 05:05:21,005 INFO  server.RaftServerConfigKeys (ConfUtils.java:logGet(43)) - raft.server.rpcslowness.timeout = 10s (custom)
2019-06-13 05:05:21,005 INFO  server.RaftServerConfigKeys (ConfUtils.java:logGet(43)) - raft.server.log.appender.install.snapshot.enabled = true (default)
2019-06-13 05:05:21,005 INFO  impl.RaftServerImpl (ServerState.java:<init>(101)) - 97ecd936-9d92-4ddf-a882-e915fe563002:group-729EFE9C2C3E ConfigurationManager, init=-1: [97ecd936-9d92-4ddf-a882-e915fe563002:192.168.46.45:42003], old=null, confs=<EMPTY_MAP>
2019-06-13 05:05:21,005 INFO  server.RaftServerConfigKeys (ConfUtils.java:logGet(43)) - raft.server.storage.dir = [/opt/src/hadoop-ozone/integration-test/target/test-dir/MiniOzoneClusterImpl-884a966f-396a-4f87-a149-6a85524fb75d/datanode-1/data/ratis] (custom)
2019-06-13 05:05:21,005 INFO  storage.RaftStorageDirectory (RaftStorageDirectory.java:analyzeStorage(246)) - The storage directory /opt/src/hadoop-ozone/integration-test/target/test-dir/MiniOzoneClusterImpl-884a966f-396a-4f87-a149-6a85524fb75d/datanode-1/data/ratis/a6476aa1-332e-4fdf-b9a8-729efe9c2c3e does not exist. Creating ...
2019-06-13 05:05:21,007 INFO  storage.RaftStorageDirectory (RaftStorageDirectory.java:tryLock(328)) - Lock on /opt/src/hadoop-ozone/integration-test/target/test-dir/MiniOzoneClusterImpl-884a966f-396a-4f87-a149-6a85524fb75d/datanode-1/data/ratis/a6476aa1-332e-4fdf-b9a8-729efe9c2c3e/in_use.lock acquired by nodename 10163@ozone-2qf2r-1835183004
2019-06-13 05:05:21,009 INFO  storage.RaftStorage (RaftStorage.java:format(75)) - Storage directory /opt/src/hadoop-ozone/integration-test/target/test-dir/MiniOzoneClusterImpl-884a966f-396a-4f87-a149-6a85524fb75d/datanode-1/data/ratis/a6476aa1-332e-4fdf-b9a8-729efe9c2c3e has been successfully formatted.
2019-06-13 05:05:21,010 INFO  ratis.ContainerStateMachine (ContainerStateMachine.java:loadSnapshot(199)) - The snapshot info is null.Setting the last applied index to:(t:0, i:~)
2019-06-13 05:05:21,010 INFO  server.RaftServerConfigKeys (ConfUtils.java:logGet(43)) - raft.server.leader.election.timeout = 10s (custom)
2019-06-13 05:05:21,010 INFO  server.RaftServerConfigKeys (ConfUtils.java:logGet(43)) - raft.server.log.use.memory = false (default)
2019-06-13 05:05:21,010 INFO  server.RaftServerConfigKeys (ConfUtils.java:logGet(43)) - raft.server.log.appender.buffer.byte-limit = 33554432 (custom)
2019-06-13 05:05:21,010 INFO  server.RaftServerConfigKeys (ConfUtils.java:logGet(43)) - raft.server.log.segment.size.max = 16384 (custom)
2019-06-13 05:05:21,010 INFO  server.RaftServerConfigKeys (ConfUtils.java:logGet(43)) - raft.server.log.segment.cache.num.max = 2 (custom)
2019-06-13 05:05:21,010 INFO  storage.RaftLogWorker (RaftLogWorker.java:<init>(123)) - new 97ecd936-9d92-4ddf-a882-e915fe563002-RaftLogWorker for Storage Directory /opt/src/hadoop-ozone/integration-test/target/test-dir/MiniOzoneClusterImpl-884a966f-396a-4f87-a149-6a85524fb75d/datanode-1/data/ratis/a6476aa1-332e-4fdf-b9a8-729efe9c2c3e
2019-06-13 05:05:21,011 INFO  server.RaftServerConfigKeys (ConfUtils.java:logGet(43)) - raft.server.log.queue.byte-limit = 2147483647 (custom)
2019-06-13 05:05:21,011 INFO  server.RaftServerConfigKeys (ConfUtils.java:logGet(43)) - raft.server.log.queue.element-limit = 1024 (custom)
2019-06-13 05:05:21,011 INFO  server.RaftServerConfigKeys (ConfUtils.java:logGet(43)) - raft.server.log.segment.size.max = 16384 (custom)
2019-06-13 05:05:21,011 INFO  server.RaftServerConfigKeys (ConfUtils.java:logGet(43)) - raft.server.log.preallocated.size = 16384 (custom)
2019-06-13 05:05:21,011 INFO  server.RaftServerConfigKeys (ConfUtils.java:logGet(43)) - raft.server.log.write.buffer.size = 33554432 (custom)
2019-06-13 05:05:21,011 INFO  server.RaftServerConfigKeys (ConfUtils.java:logGet(43)) - raft.server.log.force.sync.num = 128 (default)
2019-06-13 05:05:21,012 INFO  server.RaftServerConfigKeys (ConfUtils.java:logGet(43)) - raft.server.log.statemachine.data.sync = true (default)
2019-06-13 05:05:21,012 INFO  server.RaftServerConfigKeys (ConfUtils.java:logGet(43)) - raft.server.log.statemachine.data.sync.timeout = 10s (default)
2019-06-13 05:05:21,012 INFO  server.RaftServerConfigKeys (ConfUtils.java:logGet(43)) - raft.server.log.statemachine.data.sync.timeout.retry = -1 (default)
2019-06-13 05:05:21,012 INFO  server.RaftServerConfigKeys (ConfUtils.java:logGet(43)) - raft.server.log.statemachine.data.caching.enabled = true (custom)
2019-06-13 05:05:21,012 INFO  server.RaftServerConfigKeys (ConfUtils.java:logGet(43)) - raft.server.snapshot.auto.trigger.enabled = true (custom)
2019-06-13 05:05:21,012 INFO  server.RaftServerConfigKeys (ConfUtils.java:logGet(43)) - raft.server.snapshot.auto.trigger.threshold = 10000 (custom)
2019-06-13 05:05:21,013 INFO  server.RaftServerConfigKeys (ConfUtils.java:logGet(43)) - raft.server.retrycache.expirytime = 600000ms (custom)
2019-06-13 05:05:21,013 INFO  impl.RaftServerImpl (RaftServerImpl.java:start(173)) - 97ecd936-9d92-4ddf-a882-e915fe563002: start group-729EFE9C2C3E
2019-06-13 05:05:21,013 INFO  impl.RaftServerImpl (RaftServerImpl.java:setRole(164)) - 97ecd936-9d92-4ddf-a882-e915fe563002:group-729EFE9C2C3E changes role from null to FOLLOWER at term 0 for startAsFollower
2019-06-13 05:05:21,013 INFO  impl.RoleInfo (RoleInfo.java:updateAndGet(143)) - 97ecd936-9d92-4ddf-a882-e915fe563002: start FollowerState
2019-06-13 05:05:21,015 INFO  util.JmxRegister (JmxRegister.java:tryRegister(44)) - Successfully registered JMX Bean with object name Ratis:service=RaftServer,group=group-729EFE9C2C3E,id=97ecd936-9d92-4ddf-a882-e915fe563002
2019-06-13 05:05:21,026 INFO  pipeline.PipelineStateManager (PipelineStateManager.java:addPipeline(56)) - Created pipeline Pipeline[ Id: a6476aa1-332e-4fdf-b9a8-729efe9c2c3e, Nodes: 97ecd936-9d92-4ddf-a882-e915fe563002{ip: 192.168.46.45, host: ozone-2qf2r-1835183004, networkLocation: /default-rack, certSerialId: null}, Type:RATIS, Factor:ONE, State:OPEN]
2019-06-13 05:05:21,051 INFO  impl.RaftServerProxy (RaftServerProxy.java:addNew(89)) - 510c58ce-ca2c-44ea-84c1-02074cbd4bc9: addNew group-4A556264930D:[510c58ce-ca2c-44ea-84c1-02074cbd4bc9:192.168.46.45:42419] returns group-4A556264930D:java.util.concurrent.CompletableFuture@3a350cf1[Not completed]
2019-06-13 05:05:21,087 INFO  impl.RaftServerImpl (RaftServerImpl.java:<init>(91)) - 510c58ce-ca2c-44ea-84c1-02074cbd4bc9: new RaftServerImpl for group-4A556264930D:[510c58ce-ca2c-44ea-84c1-02074cbd4bc9:192.168.46.45:42419] with ContainerStateMachine:uninitialized
2019-06-13 05:05:21,087 INFO  server.RaftServerConfigKeys (ConfUtils.java:logGet(43)) - raft.server.rpc.timeout.min = 1s (custom)
2019-06-13 05:05:21,088 INFO  server.RaftServerConfigKeys (ConfUtils.java:logGet(43)) - raft.server.rpc.timeout.max = 1200ms (custom)
2019-06-13 05:05:21,088 INFO  server.RaftServerConfigKeys (ConfUtils.java:logGet(43)) - raft.server.rpcslowness.timeout = 10s (custom)
2019-06-13 05:05:21,088 INFO  server.RaftServerConfigKeys (ConfUtils.java:logGet(43)) - raft.server.log.appender.install.snapshot.enabled = true (default)
2019-06-13 05:05:21,088 INFO  impl.RaftServerImpl (ServerState.java:<init>(101)) - 510c58ce-ca2c-44ea-84c1-02074cbd4bc9:group-4A556264930D ConfigurationManager, init=-1: [510c58ce-ca2c-44ea-84c1-02074cbd4bc9:192.168.46.45:42419], old=null, confs=<EMPTY_MAP>
2019-06-13 05:05:21,088 INFO  server.RaftServerConfigKeys (ConfUtils.java:logGet(43)) - raft.server.storage.dir = [/opt/src/hadoop-ozone/integration-test/target/test-dir/MiniOzoneClusterImpl-884a966f-396a-4f87-a149-6a85524fb75d/datanode-2/data/ratis] (custom)
2019-06-13 05:05:21,089 INFO  storage.RaftStorageDirectory (RaftStorageDirectory.java:analyzeStorage(246)) - The storage directory /opt/src/hadoop-ozone/integration-test/target/test-dir/MiniOzoneClusterImpl-884a966f-396a-4f87-a149-6a85524fb75d/datanode-2/data/ratis/dc798161-1104-4406-8be0-4a556264930d does not exist. Creating ...
2019-06-13 05:05:21,092 INFO  storage.RaftStorageDirectory (RaftStorageDirectory.java:tryLock(328)) - Lock on /opt/src/hadoop-ozone/integration-test/target/test-dir/MiniOzoneClusterImpl-884a966f-396a-4f87-a149-6a85524fb75d/datanode-2/data/ratis/dc798161-1104-4406-8be0-4a556264930d/in_use.lock acquired by nodename 10163@ozone-2qf2r-1835183004
2019-06-13 05:05:21,095 INFO  storage.RaftStorage (RaftStorage.java:format(75)) - Storage directory /opt/src/hadoop-ozone/integration-test/target/test-dir/MiniOzoneClusterImpl-884a966f-396a-4f87-a149-6a85524fb75d/datanode-2/data/ratis/dc798161-1104-4406-8be0-4a556264930d has been successfully formatted.
2019-06-13 05:05:21,096 INFO  ratis.ContainerStateMachine (ContainerStateMachine.java:loadSnapshot(199)) - The snapshot info is null.Setting the last applied index to:(t:0, i:~)
2019-06-13 05:05:21,096 INFO  server.RaftServerConfigKeys (ConfUtils.java:logGet(43)) - raft.server.leader.election.timeout = 10s (custom)
2019-06-13 05:05:21,097 INFO  server.RaftServerConfigKeys (ConfUtils.java:logGet(43)) - raft.server.log.use.memory = false (default)
2019-06-13 05:05:21,097 INFO  server.RaftServerConfigKeys (ConfUtils.java:logGet(43)) - raft.server.log.appender.buffer.byte-limit = 33554432 (custom)
2019-06-13 05:05:21,097 INFO  server.RaftServerConfigKeys (ConfUtils.java:logGet(43)) - raft.server.log.segment.size.max = 16384 (custom)
2019-06-13 05:05:21,097 INFO  server.RaftServerConfigKeys (ConfUtils.java:logGet(43)) - raft.server.log.segment.cache.num.max = 2 (custom)
2019-06-13 05:05:21,097 INFO  storage.RaftLogWorker (RaftLogWorker.java:<init>(123)) - new 510c58ce-ca2c-44ea-84c1-02074cbd4bc9-RaftLogWorker for Storage Directory /opt/src/hadoop-ozone/integration-test/target/test-dir/MiniOzoneClusterImpl-884a966f-396a-4f87-a149-6a85524fb75d/datanode-2/data/ratis/dc798161-1104-4406-8be0-4a556264930d
2019-06-13 05:05:21,097 INFO  server.RaftServerConfigKeys (ConfUtils.java:logGet(43)) - raft.server.log.queue.byte-limit = 2147483647 (custom)
2019-06-13 05:05:21,097 INFO  server.RaftServerConfigKeys (ConfUtils.java:logGet(43)) - raft.server.log.queue.element-limit = 1024 (custom)
2019-06-13 05:05:21,098 INFO  server.RaftServerConfigKeys (ConfUtils.java:logGet(43)) - raft.server.log.segment.size.max = 16384 (custom)
2019-06-13 05:05:21,098 INFO  server.RaftServerConfigKeys (ConfUtils.java:logGet(43)) - raft.server.log.preallocated.size = 16384 (custom)
2019-06-13 05:05:21,098 INFO  server.RaftServerConfigKeys (ConfUtils.java:logGet(43)) - raft.server.log.write.buffer.size = 33554432 (custom)
2019-06-13 05:05:21,098 INFO  server.RaftServerConfigKeys (ConfUtils.java:logGet(43)) - raft.server.log.force.sync.num = 128 (default)
2019-06-13 05:05:21,098 INFO  server.RaftServerConfigKeys (ConfUtils.java:logGet(43)) - raft.server.log.statemachine.data.sync = true (default)
2019-06-13 05:05:21,098 INFO  server.RaftServerConfigKeys (ConfUtils.java:logGet(43)) - raft.server.log.statemachine.data.sync.timeout = 10s (default)
2019-06-13 05:05:21,098 INFO  server.RaftServerConfigKeys (ConfUtils.java:logGet(43)) - raft.server.log.statemachine.data.sync.timeout.retry = -1 (default)
2019-06-13 05:05:21,098 INFO  server.RaftServerConfigKeys (ConfUtils.java:logGet(43)) - raft.server.log.statemachine.data.caching.enabled = true (custom)
2019-06-13 05:05:21,099 INFO  server.RaftServerConfigKeys (ConfUtils.java:logGet(43)) - raft.server.snapshot.auto.trigger.enabled = true (custom)
2019-06-13 05:05:21,099 INFO  server.RaftServerConfigKeys (ConfUtils.java:logGet(43)) - raft.server.snapshot.auto.trigger.threshold = 10000 (custom)
2019-06-13 05:05:21,099 INFO  server.RaftServerConfigKeys (ConfUtils.java:logGet(43)) - raft.server.retrycache.expirytime = 600000ms (custom)
2019-06-13 05:05:21,099 INFO  impl.RaftServerImpl (RaftServerImpl.java:start(173)) - 510c58ce-ca2c-44ea-84c1-02074cbd4bc9: start group-4A556264930D
2019-06-13 05:05:21,100 INFO  impl.RaftServerImpl (RaftServerImpl.java:setRole(164)) - 510c58ce-ca2c-44ea-84c1-02074cbd4bc9:group-4A556264930D changes role from null to FOLLOWER at term 0 for startAsFollower
2019-06-13 05:05:21,100 INFO  impl.RoleInfo (RoleInfo.java:updateAndGet(143)) - 510c58ce-ca2c-44ea-84c1-02074cbd4bc9: start FollowerState
2019-06-13 05:05:21,102 INFO  util.JmxRegister (JmxRegister.java:tryRegister(44)) - Successfully registered JMX Bean with object name Ratis:service=RaftServer,group=group-4A556264930D,id=510c58ce-ca2c-44ea-84c1-02074cbd4bc9
2019-06-13 05:05:21,115 INFO  pipeline.PipelineStateManager (PipelineStateManager.java:addPipeline(56)) - Created pipeline Pipeline[ Id: dc798161-1104-4406-8be0-4a556264930d, Nodes: 510c58ce-ca2c-44ea-84c1-02074cbd4bc9{ip: 192.168.46.45, host: ozone-2qf2r-1835183004, networkLocation: /default-rack, certSerialId: null}, Type:RATIS, Factor:ONE, State:OPEN]
2019-06-13 05:05:21,137 INFO  impl.RaftServerProxy (RaftServerProxy.java:addNew(89)) - 08f28f5e-993a-4e74-ae97-acbcb04e9b8f: addNew group-D6C66B9BC8E0:[08f28f5e-993a-4e74-ae97-acbcb04e9b8f:192.168.46.45:45535] returns group-D6C66B9BC8E0:java.util.concurrent.CompletableFuture@106c77c3[Not completed]
2019-06-13 05:05:21,141 INFO  impl.RaftServerImpl (RaftServerImpl.java:<init>(91)) - 08f28f5e-993a-4e74-ae97-acbcb04e9b8f: new RaftServerImpl for group-D6C66B9BC8E0:[08f28f5e-993a-4e74-ae97-acbcb04e9b8f:192.168.46.45:45535] with ContainerStateMachine:uninitialized
2019-06-13 05:05:21,142 INFO  server.RaftServerConfigKeys (ConfUtils.java:logGet(43)) - raft.server.rpc.timeout.min = 1s (custom)
2019-06-13 05:05:21,142 INFO  server.RaftServerConfigKeys (ConfUtils.java:logGet(43)) - raft.server.rpc.timeout.max = 1200ms (custom)
2019-06-13 05:05:21,142 INFO  server.RaftServerConfigKeys (ConfUtils.java:logGet(43)) - raft.server.rpcslowness.timeout = 10s (custom)
2019-06-13 05:05:21,142 INFO  server.RaftServerConfigKeys (ConfUtils.java:logGet(43)) - raft.server.log.appender.install.snapshot.enabled = true (default)
2019-06-13 05:05:21,142 INFO  impl.RaftServerImpl (ServerState.java:<init>(101)) - 08f28f5e-993a-4e74-ae97-acbcb04e9b8f:group-D6C66B9BC8E0 ConfigurationManager, init=-1: [08f28f5e-993a-4e74-ae97-acbcb04e9b8f:192.168.46.45:45535], old=null, confs=<EMPTY_MAP>
2019-06-13 05:05:21,142 INFO  server.RaftServerConfigKeys (ConfUtils.java:logGet(43)) - raft.server.storage.dir = [/opt/src/hadoop-ozone/integration-test/target/test-dir/MiniOzoneClusterImpl-884a966f-396a-4f87-a149-6a85524fb75d/datanode-3/data/ratis] (custom)
2019-06-13 05:05:21,143 INFO  storage.RaftStorageDirectory (RaftStorageDirectory.java:analyzeStorage(246)) - The storage directory /opt/src/hadoop-ozone/integration-test/target/test-dir/MiniOzoneClusterImpl-884a966f-396a-4f87-a149-6a85524fb75d/datanode-3/data/ratis/23a9c421-8917-4b0c-ad8a-d6c66b9bc8e0 does not exist. Creating ...
2019-06-13 05:05:21,145 INFO  storage.RaftStorageDirectory (RaftStorageDirectory.java:tryLock(328)) - Lock on /opt/src/hadoop-ozone/integration-test/target/test-dir/MiniOzoneClusterImpl-884a966f-396a-4f87-a149-6a85524fb75d/datanode-3/data/ratis/23a9c421-8917-4b0c-ad8a-d6c66b9bc8e0/in_use.lock acquired by nodename 10163@ozone-2qf2r-1835183004
2019-06-13 05:05:21,147 INFO  storage.RaftStorage (RaftStorage.java:format(75)) - Storage directory /opt/src/hadoop-ozone/integration-test/target/test-dir/MiniOzoneClusterImpl-884a966f-396a-4f87-a149-6a85524fb75d/datanode-3/data/ratis/23a9c421-8917-4b0c-ad8a-d6c66b9bc8e0 has been successfully formatted.
2019-06-13 05:05:21,147 INFO  ratis.ContainerStateMachine (ContainerStateMachine.java:loadSnapshot(199)) - The snapshot info is null.Setting the last applied index to:(t:0, i:~)
2019-06-13 05:05:21,147 INFO  server.RaftServerConfigKeys (ConfUtils.java:logGet(43)) - raft.server.leader.election.timeout = 10s (custom)
2019-06-13 05:05:21,147 INFO  server.RaftServerConfigKeys (ConfUtils.java:logGet(43)) - raft.server.log.use.memory = false (default)
2019-06-13 05:05:21,148 INFO  server.RaftServerConfigKeys (ConfUtils.java:logGet(43)) - raft.server.log.appender.buffer.byte-limit = 33554432 (custom)
2019-06-13 05:05:21,148 INFO  server.RaftServerConfigKeys (ConfUtils.java:logGet(43)) - raft.server.log.segment.size.max = 16384 (custom)
2019-06-13 05:05:21,148 INFO  server.RaftServerConfigKeys (ConfUtils.java:logGet(43)) - raft.server.log.segment.cache.num.max = 2 (custom)
2019-06-13 05:05:21,148 INFO  storage.RaftLogWorker (RaftLogWorker.java:<init>(123)) - new 08f28f5e-993a-4e74-ae97-acbcb04e9b8f-RaftLogWorker for Storage Directory /opt/src/hadoop-ozone/integration-test/target/test-dir/MiniOzoneClusterImpl-884a966f-396a-4f87-a149-6a85524fb75d/datanode-3/data/ratis/23a9c421-8917-4b0c-ad8a-d6c66b9bc8e0
2019-06-13 05:05:21,148 INFO  server.RaftServerConfigKeys (ConfUtils.java:logGet(43)) - raft.server.log.queue.byte-limit = 2147483647 (custom)
2019-06-13 05:05:21,148 INFO  server.RaftServerConfigKeys (ConfUtils.java:logGet(43)) - raft.server.log.queue.element-limit = 1024 (custom)
2019-06-13 05:05:21,148 INFO  server.RaftServerConfigKeys (ConfUtils.java:logGet(43)) - raft.server.log.segment.size.max = 16384 (custom)
2019-06-13 05:05:21,148 INFO  server.RaftServerConfigKeys (ConfUtils.java:logGet(43)) - raft.server.log.preallocated.size = 16384 (custom)
2019-06-13 05:05:21,148 INFO  server.RaftServerConfigKeys (ConfUtils.java:logGet(43)) - raft.server.log.write.buffer.size = 33554432 (custom)
2019-06-13 05:05:21,149 INFO  server.RaftServerConfigKeys (ConfUtils.java:logGet(43)) - raft.server.log.force.sync.num = 128 (default)
2019-06-13 05:05:21,149 INFO  server.RaftServerConfigKeys (ConfUtils.java:logGet(43)) - raft.server.log.statemachine.data.sync = true (default)
2019-06-13 05:05:21,149 INFO  server.RaftServerConfigKeys (ConfUtils.java:logGet(43)) - raft.server.log.statemachine.data.sync.timeout = 10s (default)
2019-06-13 05:05:21,149 INFO  server.RaftServerConfigKeys (ConfUtils.java:logGet(43)) - raft.server.log.statemachine.data.sync.timeout.retry = -1 (default)
2019-06-13 05:05:21,149 INFO  server.RaftServerConfigKeys (ConfUtils.java:logGet(43)) - raft.server.log.statemachine.data.caching.enabled = true (custom)
2019-06-13 05:05:21,150 INFO  server.RaftServerConfigKeys (ConfUtils.java:logGet(43)) - raft.server.snapshot.auto.trigger.enabled = true (custom)
2019-06-13 05:05:21,150 INFO  server.RaftServerConfigKeys (ConfUtils.java:logGet(43)) - raft.server.snapshot.auto.trigger.threshold = 10000 (custom)
2019-06-13 05:05:21,150 INFO  server.RaftServerConfigKeys (ConfUtils.java:logGet(43)) - raft.server.retrycache.expirytime = 600000ms (custom)
2019-06-13 05:05:21,150 INFO  impl.RaftServerImpl (RaftServerImpl.java:start(173)) - 08f28f5e-993a-4e74-ae97-acbcb04e9b8f: start group-D6C66B9BC8E0
2019-06-13 05:05:21,150 INFO  impl.RaftServerImpl (RaftServerImpl.java:setRole(164)) - 08f28f5e-993a-4e74-ae97-acbcb04e9b8f:group-D6C66B9BC8E0 changes role from null to FOLLOWER at term 0 for startAsFollower
2019-06-13 05:05:21,150 INFO  impl.RoleInfo (RoleInfo.java:updateAndGet(143)) - 08f28f5e-993a-4e74-ae97-acbcb04e9b8f: start FollowerState
2019-06-13 05:05:21,151 INFO  util.JmxRegister (JmxRegister.java:tryRegister(44)) - Successfully registered JMX Bean with object name Ratis:service=RaftServer,group=group-D6C66B9BC8E0,id=08f28f5e-993a-4e74-ae97-acbcb04e9b8f
2019-06-13 05:05:21,157 INFO  pipeline.PipelineStateManager (PipelineStateManager.java:addPipeline(56)) - Created pipeline Pipeline[ Id: 23a9c421-8917-4b0c-ad8a-d6c66b9bc8e0, Nodes: 08f28f5e-993a-4e74-ae97-acbcb04e9b8f{ip: 192.168.46.45, host: ozone-2qf2r-1835183004, networkLocation: /default-rack, certSerialId: null}, Type:RATIS, Factor:ONE, State:OPEN]
2019-06-13 05:05:21,190 INFO  impl.RaftServerProxy (RaftServerProxy.java:addNew(89)) - 510c58ce-ca2c-44ea-84c1-02074cbd4bc9: addNew group-6BE61EFD3C77:[510c58ce-ca2c-44ea-84c1-02074cbd4bc9:192.168.46.45:42419, 97ecd936-9d92-4ddf-a882-e915fe563002:192.168.46.45:42003, 08f28f5e-993a-4e74-ae97-acbcb04e9b8f:192.168.46.45:45535] returns group-6BE61EFD3C77:java.util.concurrent.CompletableFuture@498df502[Not completed]
2019-06-13 05:05:21,191 INFO  impl.RaftServerImpl (RaftServerImpl.java:<init>(91)) - 510c58ce-ca2c-44ea-84c1-02074cbd4bc9: new RaftServerImpl for group-6BE61EFD3C77:[510c58ce-ca2c-44ea-84c1-02074cbd4bc9:192.168.46.45:42419, 97ecd936-9d92-4ddf-a882-e915fe563002:192.168.46.45:42003, 08f28f5e-993a-4e74-ae97-acbcb04e9b8f:192.168.46.45:45535] with ContainerStateMachine:uninitialized
2019-06-13 05:05:21,192 INFO  server.RaftServerConfigKeys (ConfUtils.java:logGet(43)) - raft.server.rpc.timeout.min = 1s (custom)
2019-06-13 05:05:21,192 INFO  server.RaftServerConfigKeys (ConfUtils.java:logGet(43)) - raft.server.rpc.timeout.max = 1200ms (custom)
2019-06-13 05:05:21,192 INFO  server.RaftServerConfigKeys (ConfUtils.java:logGet(43)) - raft.server.rpcslowness.timeout = 10s (custom)
2019-06-13 05:05:21,196 INFO  server.RaftServerConfigKeys (ConfUtils.java:logGet(43)) - raft.server.log.appender.install.snapshot.enabled = true (default)
2019-06-13 05:05:21,198 INFO  impl.RaftServerImpl (ServerState.java:<init>(101)) - 510c58ce-ca2c-44ea-84c1-02074cbd4bc9:group-6BE61EFD3C77 ConfigurationManager, init=-1: [510c58ce-ca2c-44ea-84c1-02074cbd4bc9:192.168.46.45:42419, 97ecd936-9d92-4ddf-a882-e915fe563002:192.168.46.45:42003, 08f28f5e-993a-4e74-ae97-acbcb04e9b8f:192.168.46.45:45535], old=null, confs=<EMPTY_MAP>
2019-06-13 05:05:21,198 INFO  server.RaftServerConfigKeys (ConfUtils.java:logGet(43)) - raft.server.storage.dir = [/opt/src/hadoop-ozone/integration-test/target/test-dir/MiniOzoneClusterImpl-884a966f-396a-4f87-a149-6a85524fb75d/datanode-2/data/ratis] (custom)
2019-06-13 05:05:21,198 INFO  storage.RaftStorageDirectory (RaftStorageDirectory.java:analyzeStorage(246)) - The storage directory /opt/src/hadoop-ozone/integration-test/target/test-dir/MiniOzoneClusterImpl-884a966f-396a-4f87-a149-6a85524fb75d/datanode-2/data/ratis/0edac449-d6fc-410d-ae47-6be61efd3c77 does not exist. Creating ...
2019-06-13 05:05:21,199 INFO  impl.RaftServerProxy (RaftServerProxy.java:addNew(89)) - 97ecd936-9d92-4ddf-a882-e915fe563002: addNew group-6BE61EFD3C77:[510c58ce-ca2c-44ea-84c1-02074cbd4bc9:192.168.46.45:42419, 97ecd936-9d92-4ddf-a882-e915fe563002:192.168.46.45:42003, 08f28f5e-993a-4e74-ae97-acbcb04e9b8f:192.168.46.45:45535] returns group-6BE61EFD3C77:java.util.concurrent.CompletableFuture@67b2e13f[Not completed]
2019-06-13 05:05:21,200 INFO  impl.RaftServerImpl (RaftServerImpl.java:<init>(91)) - 97ecd936-9d92-4ddf-a882-e915fe563002: new RaftServerImpl for group-6BE61EFD3C77:[510c58ce-ca2c-44ea-84c1-02074cbd4bc9:192.168.46.45:42419, 97ecd936-9d92-4ddf-a882-e915fe563002:192.168.46.45:42003, 08f28f5e-993a-4e74-ae97-acbcb04e9b8f:192.168.46.45:45535] with ContainerStateMachine:uninitialized
2019-06-13 05:05:21,201 INFO  server.RaftServerConfigKeys (ConfUtils.java:logGet(43)) - raft.server.rpc.timeout.min = 1s (custom)
2019-06-13 05:05:21,201 INFO  server.RaftServerConfigKeys (ConfUtils.java:logGet(43)) - raft.server.rpc.timeout.max = 1200ms (custom)
2019-06-13 05:05:21,201 INFO  server.RaftServerConfigKeys (ConfUtils.java:logGet(43)) - raft.server.rpcslowness.timeout = 10s (custom)
2019-06-13 05:05:21,201 INFO  server.RaftServerConfigKeys (ConfUtils.java:logGet(43)) - raft.server.log.appender.install.snapshot.enabled = true (default)
2019-06-13 05:05:21,201 INFO  impl.RaftServerImpl (ServerState.java:<init>(101)) - 97ecd936-9d92-4ddf-a882-e915fe563002:group-6BE61EFD3C77 ConfigurationManager, init=-1: [510c58ce-ca2c-44ea-84c1-02074cbd4bc9:192.168.46.45:42419, 97ecd936-9d92-4ddf-a882-e915fe563002:192.168.46.45:42003, 08f28f5e-993a-4e74-ae97-acbcb04e9b8f:192.168.46.45:45535], old=null, confs=<EMPTY_MAP>
2019-06-13 05:05:21,201 INFO  server.RaftServerConfigKeys (ConfUtils.java:logGet(43)) - raft.server.storage.dir = [/opt/src/hadoop-ozone/integration-test/target/test-dir/MiniOzoneClusterImpl-884a966f-396a-4f87-a149-6a85524fb75d/datanode-1/data/ratis] (custom)
2019-06-13 05:05:21,201 INFO  storage.RaftStorageDirectory (RaftStorageDirectory.java:analyzeStorage(246)) - The storage directory /opt/src/hadoop-ozone/integration-test/target/test-dir/MiniOzoneClusterImpl-884a966f-396a-4f87-a149-6a85524fb75d/datanode-1/data/ratis/0edac449-d6fc-410d-ae47-6be61efd3c77 does not exist. Creating ...
2019-06-13 05:05:21,204 INFO  storage.RaftStorageDirectory (RaftStorageDirectory.java:tryLock(328)) - Lock on /opt/src/hadoop-ozone/integration-test/target/test-dir/MiniOzoneClusterImpl-884a966f-396a-4f87-a149-6a85524fb75d/datanode-2/data/ratis/0edac449-d6fc-410d-ae47-6be61efd3c77/in_use.lock acquired by nodename 10163@ozone-2qf2r-1835183004
2019-06-13 05:05:21,204 INFO  storage.RaftStorageDirectory (RaftStorageDirectory.java:tryLock(328)) - Lock on /opt/src/hadoop-ozone/integration-test/target/test-dir/MiniOzoneClusterImpl-884a966f-396a-4f87-a149-6a85524fb75d/datanode-1/data/ratis/0edac449-d6fc-410d-ae47-6be61efd3c77/in_use.lock acquired by nodename 10163@ozone-2qf2r-1835183004
2019-06-13 05:05:21,206 INFO  impl.RaftServerProxy (RaftServerProxy.java:addNew(89)) - 08f28f5e-993a-4e74-ae97-acbcb04e9b8f: addNew group-6BE61EFD3C77:[510c58ce-ca2c-44ea-84c1-02074cbd4bc9:192.168.46.45:42419, 97ecd936-9d92-4ddf-a882-e915fe563002:192.168.46.45:42003, 08f28f5e-993a-4e74-ae97-acbcb04e9b8f:192.168.46.45:45535] returns group-6BE61EFD3C77:java.util.concurrent.CompletableFuture@697513b9[Not completed]
2019-06-13 05:05:21,206 INFO  impl.RaftServerImpl (RaftServerImpl.java:<init>(91)) - 08f28f5e-993a-4e74-ae97-acbcb04e9b8f: new RaftServerImpl for group-6BE61EFD3C77:[510c58ce-ca2c-44ea-84c1-02074cbd4bc9:192.168.46.45:42419, 97ecd936-9d92-4ddf-a882-e915fe563002:192.168.46.45:42003, 08f28f5e-993a-4e74-ae97-acbcb04e9b8f:192.168.46.45:45535] with ContainerStateMachine:uninitialized
2019-06-13 05:05:21,206 INFO  server.RaftServerConfigKeys (ConfUtils.java:logGet(43)) - raft.server.rpc.timeout.min = 1s (custom)
2019-06-13 05:05:21,207 INFO  server.RaftServerConfigKeys (ConfUtils.java:logGet(43)) - raft.server.rpc.timeout.max = 1200ms (custom)
2019-06-13 05:05:21,207 INFO  server.RaftServerConfigKeys (ConfUtils.java:logGet(43)) - raft.server.rpcslowness.timeout = 10s (custom)
2019-06-13 05:05:21,207 INFO  server.RaftServerConfigKeys (ConfUtils.java:logGet(43)) - raft.server.log.appender.install.snapshot.enabled = true (default)
2019-06-13 05:05:21,207 INFO  impl.RaftServerImpl (ServerState.java:<init>(101)) - 08f28f5e-993a-4e74-ae97-acbcb04e9b8f:group-6BE61EFD3C77 ConfigurationManager, init=-1: [510c58ce-ca2c-44ea-84c1-02074cbd4bc9:192.168.46.45:42419, 97ecd936-9d92-4ddf-a882-e915fe563002:192.168.46.45:42003, 08f28f5e-993a-4e74-ae97-acbcb04e9b8f:192.168.46.45:45535], old=null, confs=<EMPTY_MAP>
2019-06-13 05:05:21,207 INFO  server.RaftServerConfigKeys (ConfUtils.java:logGet(43)) - raft.server.storage.dir = [/opt/src/hadoop-ozone/integration-test/target/test-dir/MiniOzoneClusterImpl-884a966f-396a-4f87-a149-6a85524fb75d/datanode-3/data/ratis] (custom)
2019-06-13 05:05:21,207 INFO  storage.RaftStorageDirectory (RaftStorageDirectory.java:analyzeStorage(246)) - The storage directory /opt/src/hadoop-ozone/integration-test/target/test-dir/MiniOzoneClusterImpl-884a966f-396a-4f87-a149-6a85524fb75d/datanode-3/data/ratis/0edac449-d6fc-410d-ae47-6be61efd3c77 does not exist. Creating ...
2019-06-13 05:05:21,208 INFO  storage.RaftStorage (RaftStorage.java:format(75)) - Storage directory /opt/src/hadoop-ozone/integration-test/target/test-dir/MiniOzoneClusterImpl-884a966f-396a-4f87-a149-6a85524fb75d/datanode-1/data/ratis/0edac449-d6fc-410d-ae47-6be61efd3c77 has been successfully formatted.
2019-06-13 05:05:21,208 INFO  ratis.ContainerStateMachine (ContainerStateMachine.java:loadSnapshot(199)) - The snapshot info is null.Setting the last applied index to:(t:0, i:~)
2019-06-13 05:05:21,208 INFO  server.RaftServerConfigKeys (ConfUtils.java:logGet(43)) - raft.server.leader.election.timeout = 10s (custom)
2019-06-13 05:05:21,208 INFO  server.RaftServerConfigKeys (ConfUtils.java:logGet(43)) - raft.server.log.use.memory = false (default)
2019-06-13 05:05:21,208 INFO  server.RaftServerConfigKeys (ConfUtils.java:logGet(43)) - raft.server.log.appender.buffer.byte-limit = 33554432 (custom)
2019-06-13 05:05:21,208 INFO  server.RaftServerConfigKeys (ConfUtils.java:logGet(43)) - raft.server.log.segment.size.max = 16384 (custom)
2019-06-13 05:05:21,209 INFO  server.RaftServerConfigKeys (ConfUtils.java:logGet(43)) - raft.server.log.segment.cache.num.max = 2 (custom)
2019-06-13 05:05:21,209 INFO  storage.RaftLogWorker (RaftLogWorker.java:<init>(123)) - new 97ecd936-9d92-4ddf-a882-e915fe563002-RaftLogWorker for Storage Directory /opt/src/hadoop-ozone/integration-test/target/test-dir/MiniOzoneClusterImpl-884a966f-396a-4f87-a149-6a85524fb75d/datanode-1/data/ratis/0edac449-d6fc-410d-ae47-6be61efd3c77
2019-06-13 05:05:21,209 INFO  server.RaftServerConfigKeys (ConfUtils.java:logGet(43)) - raft.server.log.queue.byte-limit = 2147483647 (custom)
2019-06-13 05:05:21,209 INFO  server.RaftServerConfigKeys (ConfUtils.java:logGet(43)) - raft.server.log.queue.element-limit = 1024 (custom)
2019-06-13 05:05:21,209 INFO  server.RaftServerConfigKeys (ConfUtils.java:logGet(43)) - raft.server.log.segment.size.max = 16384 (custom)
2019-06-13 05:05:21,209 INFO  server.RaftServerConfigKeys (ConfUtils.java:logGet(43)) - raft.server.log.preallocated.size = 16384 (custom)
2019-06-13 05:05:21,209 INFO  server.RaftServerConfigKeys (ConfUtils.java:logGet(43)) - raft.server.log.write.buffer.size = 33554432 (custom)
2019-06-13 05:05:21,209 INFO  server.RaftServerConfigKeys (ConfUtils.java:logGet(43)) - raft.server.log.force.sync.num = 128 (default)
2019-06-13 05:05:21,209 INFO  server.RaftServerConfigKeys (ConfUtils.java:logGet(43)) - raft.server.log.statemachine.data.sync = true (default)
2019-06-13 05:05:21,209 INFO  server.RaftServerConfigKeys (ConfUtils.java:logGet(43)) - raft.server.log.statemachine.data.sync.timeout = 10s (default)
2019-06-13 05:05:21,210 INFO  server.RaftServerConfigKeys (ConfUtils.java:logGet(43)) - raft.server.log.statemachine.data.sync.timeout.retry = -1 (default)
2019-06-13 05:05:21,210 INFO  server.RaftServerConfigKeys (ConfUtils.java:logGet(43)) - raft.server.log.statemachine.data.caching.enabled = true (custom)
2019-06-13 05:05:21,210 INFO  server.RaftServerConfigKeys (ConfUtils.java:logGet(43)) - raft.server.snapshot.auto.trigger.enabled = true (custom)
2019-06-13 05:05:21,210 INFO  server.RaftServerConfigKeys (ConfUtils.java:logGet(43)) - raft.server.snapshot.auto.trigger.threshold = 10000 (custom)
2019-06-13 05:05:21,210 INFO  server.RaftServerConfigKeys (ConfUtils.java:logGet(43)) - raft.server.retrycache.expirytime = 600000ms (custom)
2019-06-13 05:05:21,211 INFO  impl.RaftServerImpl (RaftServerImpl.java:start(173)) - 97ecd936-9d92-4ddf-a882-e915fe563002: start group-6BE61EFD3C77
2019-06-13 05:05:21,211 INFO  impl.RaftServerImpl (RaftServerImpl.java:setRole(164)) - 97ecd936-9d92-4ddf-a882-e915fe563002:group-6BE61EFD3C77 changes role from null to FOLLOWER at term 0 for startAsFollower
2019-06-13 05:05:21,211 INFO  impl.RoleInfo (RoleInfo.java:updateAndGet(143)) - 97ecd936-9d92-4ddf-a882-e915fe563002: start FollowerState
2019-06-13 05:05:21,211 INFO  storage.RaftStorage (RaftStorage.java:format(75)) - Storage directory /opt/src/hadoop-ozone/integration-test/target/test-dir/MiniOzoneClusterImpl-884a966f-396a-4f87-a149-6a85524fb75d/datanode-2/data/ratis/0edac449-d6fc-410d-ae47-6be61efd3c77 has been successfully formatted.
2019-06-13 05:05:21,211 INFO  ratis.ContainerStateMachine (ContainerStateMachine.java:loadSnapshot(199)) - The snapshot info is null.Setting the last applied index to:(t:0, i:~)
2019-06-13 05:05:21,211 INFO  server.RaftServerConfigKeys (ConfUtils.java:logGet(43)) - raft.server.leader.election.timeout = 10s (custom)
2019-06-13 05:05:21,211 INFO  server.RaftServerConfigKeys (ConfUtils.java:logGet(43)) - raft.server.log.use.memory = false (default)
2019-06-13 05:05:21,211 INFO  server.RaftServerConfigKeys (ConfUtils.java:logGet(43)) - raft.server.log.appender.buffer.byte-limit = 33554432 (custom)
2019-06-13 05:05:21,211 INFO  server.RaftServerConfigKeys (ConfUtils.java:logGet(43)) - raft.server.log.segment.size.max = 16384 (custom)
2019-06-13 05:05:21,212 INFO  server.RaftServerConfigKeys (ConfUtils.java:logGet(43)) - raft.server.log.segment.cache.num.max = 2 (custom)
2019-06-13 05:05:21,212 INFO  storage.RaftLogWorker (RaftLogWorker.java:<init>(123)) - new 510c58ce-ca2c-44ea-84c1-02074cbd4bc9-RaftLogWorker for Storage Directory /opt/src/hadoop-ozone/integration-test/target/test-dir/MiniOzoneClusterImpl-884a966f-396a-4f87-a149-6a85524fb75d/datanode-2/data/ratis/0edac449-d6fc-410d-ae47-6be61efd3c77
2019-06-13 05:05:21,212 INFO  server.RaftServerConfigKeys (ConfUtils.java:logGet(43)) - raft.server.log.queue.byte-limit = 2147483647 (custom)
2019-06-13 05:05:21,212 INFO  server.RaftServerConfigKeys (ConfUtils.java:logGet(43)) - raft.server.log.queue.element-limit = 1024 (custom)
2019-06-13 05:05:21,212 INFO  server.RaftServerConfigKeys (ConfUtils.java:logGet(43)) - raft.server.log.segment.size.max = 16384 (custom)
2019-06-13 05:05:21,212 INFO  server.RaftServerConfigKeys (ConfUtils.java:logGet(43)) - raft.server.log.preallocated.size = 16384 (custom)
2019-06-13 05:05:21,212 INFO  server.RaftServerConfigKeys (ConfUtils.java:logGet(43)) - raft.server.log.write.buffer.size = 33554432 (custom)
2019-06-13 05:05:21,212 INFO  server.RaftServerConfigKeys (ConfUtils.java:logGet(43)) - raft.server.log.force.sync.num = 128 (default)
2019-06-13 05:05:21,212 INFO  server.RaftServerConfigKeys (ConfUtils.java:logGet(43)) - raft.server.log.statemachine.data.sync = true (default)
2019-06-13 05:05:21,212 INFO  server.RaftServerConfigKeys (ConfUtils.java:logGet(43)) - raft.server.log.statemachine.data.sync.timeout = 10s (default)
2019-06-13 05:05:21,213 INFO  server.RaftServerConfigKeys (ConfUtils.java:logGet(43)) - raft.server.log.statemachine.data.sync.timeout.retry = -1 (default)
2019-06-13 05:05:21,213 INFO  storage.RaftStorageDirectory (RaftStorageDirectory.java:tryLock(328)) - Lock on /opt/src/hadoop-ozone/integration-test/target/test-dir/MiniOzoneClusterImpl-884a966f-396a-4f87-a149-6a85524fb75d/datanode-3/data/ratis/0edac449-d6fc-410d-ae47-6be61efd3c77/in_use.lock acquired by nodename 10163@ozone-2qf2r-1835183004
2019-06-13 05:05:21,213 INFO  server.RaftServerConfigKeys (ConfUtils.java:logGet(43)) - raft.server.log.statemachine.data.caching.enabled = true (custom)
2019-06-13 05:05:21,213 INFO  util.JmxRegister (JmxRegister.java:tryRegister(44)) - Successfully registered JMX Bean with object name Ratis:service=RaftServer,group=group-6BE61EFD3C77,id=97ecd936-9d92-4ddf-a882-e915fe563002
2019-06-13 05:05:21,215 INFO  storage.RaftStorage (RaftStorage.java:format(75)) - Storage directory /opt/src/hadoop-ozone/integration-test/target/test-dir/MiniOzoneClusterImpl-884a966f-396a-4f87-a149-6a85524fb75d/datanode-3/data/ratis/0edac449-d6fc-410d-ae47-6be61efd3c77 has been successfully formatted.
2019-06-13 05:05:21,215 INFO  ratis.ContainerStateMachine (ContainerStateMachine.java:loadSnapshot(199)) - The snapshot info is null.Setting the last applied index to:(t:0, i:~)
2019-06-13 05:05:21,215 INFO  server.RaftServerConfigKeys (ConfUtils.java:logGet(43)) - raft.server.leader.election.timeout = 10s (custom)
2019-06-13 05:05:21,215 INFO  server.RaftServerConfigKeys (ConfUtils.java:logGet(43)) - raft.server.log.use.memory = false (default)
2019-06-13 05:05:21,215 INFO  server.RaftServerConfigKeys (ConfUtils.java:logGet(43)) - raft.server.log.appender.buffer.byte-limit = 33554432 (custom)
2019-06-13 05:05:21,216 INFO  server.RaftServerConfigKeys (ConfUtils.java:logGet(43)) - raft.server.log.segment.size.max = 16384 (custom)
2019-06-13 05:05:21,216 INFO  server.RaftServerConfigKeys (ConfUtils.java:logGet(43)) - raft.server.log.segment.cache.num.max = 2 (custom)
2019-06-13 05:05:21,216 INFO  storage.RaftLogWorker (RaftLogWorker.java:<init>(123)) - new 08f28f5e-993a-4e74-ae97-acbcb04e9b8f-RaftLogWorker for Storage Directory /opt/src/hadoop-ozone/integration-test/target/test-dir/MiniOzoneClusterImpl-884a966f-396a-4f87-a149-6a85524fb75d/datanode-3/data/ratis/0edac449-d6fc-410d-ae47-6be61efd3c77
2019-06-13 05:05:21,216 INFO  server.RaftServerConfigKeys (ConfUtils.java:logGet(43)) - raft.server.log.queue.byte-limit = 2147483647 (custom)
2019-06-13 05:05:21,216 INFO  server.RaftServerConfigKeys (ConfUtils.java:logGet(43)) - raft.server.log.queue.element-limit = 1024 (custom)
2019-06-13 05:05:21,216 INFO  server.RaftServerConfigKeys (ConfUtils.java:logGet(43)) - raft.server.log.segment.size.max = 16384 (custom)
2019-06-13 05:05:21,216 INFO  server.RaftServerConfigKeys (ConfUtils.java:logGet(43)) - raft.server.log.preallocated.size = 16384 (custom)
2019-06-13 05:05:21,216 INFO  server.RaftServerConfigKeys (ConfUtils.java:logGet(43)) - raft.server.log.write.buffer.size = 33554432 (custom)
2019-06-13 05:05:21,216 INFO  server.RaftServerConfigKeys (ConfUtils.java:logGet(43)) - raft.server.log.force.sync.num = 128 (default)
2019-06-13 05:05:21,216 INFO  server.RaftServerConfigKeys (ConfUtils.java:logGet(43)) - raft.server.log.statemachine.data.sync = true (default)
2019-06-13 05:05:21,217 INFO  server.RaftServerConfigKeys (ConfUtils.java:logGet(43)) - raft.server.log.statemachine.data.sync.timeout = 10s (default)
2019-06-13 05:05:21,217 INFO  server.RaftServerConfigKeys (ConfUtils.java:logGet(43)) - raft.server.log.statemachine.data.sync.timeout.retry = -1 (default)
2019-06-13 05:05:21,217 INFO  server.RaftServerConfigKeys (ConfUtils.java:logGet(43)) - raft.server.log.statemachine.data.caching.enabled = true (custom)
2019-06-13 05:05:21,219 INFO  server.RaftServerConfigKeys (ConfUtils.java:logGet(43)) - raft.server.snapshot.auto.trigger.enabled = true (custom)
2019-06-13 05:05:21,219 INFO  server.RaftServerConfigKeys (ConfUtils.java:logGet(43)) - raft.server.snapshot.auto.trigger.threshold = 10000 (custom)
2019-06-13 05:05:21,219 INFO  server.RaftServerConfigKeys (ConfUtils.java:logGet(43)) - raft.server.retrycache.expirytime = 600000ms (custom)
2019-06-13 05:05:21,219 INFO  impl.RaftServerImpl (RaftServerImpl.java:start(173)) - 510c58ce-ca2c-44ea-84c1-02074cbd4bc9: start group-6BE61EFD3C77
2019-06-13 05:05:21,219 INFO  impl.RaftServerImpl (RaftServerImpl.java:setRole(164)) - 510c58ce-ca2c-44ea-84c1-02074cbd4bc9:group-6BE61EFD3C77 changes role from null to FOLLOWER at term 0 for startAsFollower
2019-06-13 05:05:21,220 INFO  impl.RoleInfo (RoleInfo.java:updateAndGet(143)) - 510c58ce-ca2c-44ea-84c1-02074cbd4bc9: start FollowerState
2019-06-13 05:05:21,221 INFO  server.RaftServerConfigKeys (ConfUtils.java:logGet(43)) - raft.server.snapshot.auto.trigger.enabled = true (custom)
2019-06-13 05:05:21,222 INFO  util.JmxRegister (JmxRegister.java:tryRegister(44)) - Successfully registered JMX Bean with object name Ratis:service=RaftServer,group=group-6BE61EFD3C77,id=510c58ce-ca2c-44ea-84c1-02074cbd4bc9
2019-06-13 05:05:21,224 INFO  server.RaftServerConfigKeys (ConfUtils.java:logGet(43)) - raft.server.snapshot.auto.trigger.threshold = 10000 (custom)
2019-06-13 05:05:21,226 INFO  server.RaftServerConfigKeys (ConfUtils.java:logGet(43)) - raft.server.retrycache.expirytime = 600000ms (custom)
2019-06-13 05:05:21,226 INFO  impl.RaftServerImpl (RaftServerImpl.java:start(173)) - 08f28f5e-993a-4e74-ae97-acbcb04e9b8f: start group-6BE61EFD3C77
2019-06-13 05:05:21,226 INFO  impl.RaftServerImpl (RaftServerImpl.java:setRole(164)) - 08f28f5e-993a-4e74-ae97-acbcb04e9b8f:group-6BE61EFD3C77 changes role from null to FOLLOWER at term 0 for startAsFollower
2019-06-13 05:05:21,234 INFO  impl.RoleInfo (RoleInfo.java:updateAndGet(143)) - 08f28f5e-993a-4e74-ae97-acbcb04e9b8f: start FollowerState
2019-06-13 05:05:21,235 INFO  util.JmxRegister (JmxRegister.java:tryRegister(44)) - Successfully registered JMX Bean with object name Ratis:service=RaftServer,group=group-6BE61EFD3C77,id=08f28f5e-993a-4e74-ae97-acbcb04e9b8f
2019-06-13 05:05:21,249 INFO  pipeline.PipelineStateManager (PipelineStateManager.java:addPipeline(56)) - Created pipeline Pipeline[ Id: 0edac449-d6fc-410d-ae47-6be61efd3c77, Nodes: 97ecd936-9d92-4ddf-a882-e915fe563002{ip: 192.168.46.45, host: ozone-2qf2r-1835183004, networkLocation: /default-rack, certSerialId: null}510c58ce-ca2c-44ea-84c1-02074cbd4bc9{ip: 192.168.46.45, host: ozone-2qf2r-1835183004, networkLocation: /default-rack, certSerialId: null}08f28f5e-993a-4e74-ae97-acbcb04e9b8f{ip: 192.168.46.45, host: ozone-2qf2r-1835183004, networkLocation: /default-rack, certSerialId: null}, Type:RATIS, Factor:THREE, State:OPEN]
2019-06-13 05:05:21,258 INFO  node.SCMNodeManager (SCMNodeManager.java:register(234)) - Registered Data node : 2cf06b71-4ba7-4011-855b-70e7b0969120{ip: 192.168.46.45, host: ozone-2qf2r-1835183004, networkLocation: /default-rack, certSerialId: null}
2019-06-13 05:05:21,271 INFO  impl.RaftServerProxy (RaftServerProxy.java:addNew(89)) - 2cf06b71-4ba7-4011-855b-70e7b0969120: addNew group-A783855FE6AA:[2cf06b71-4ba7-4011-855b-70e7b0969120:192.168.46.45:35657] returns group-A783855FE6AA:java.util.concurrent.CompletableFuture@5803aead[Not completed]
2019-06-13 05:05:21,273 INFO  impl.RaftServerImpl (RaftServerImpl.java:<init>(91)) - 2cf06b71-4ba7-4011-855b-70e7b0969120: new RaftServerImpl for group-A783855FE6AA:[2cf06b71-4ba7-4011-855b-70e7b0969120:192.168.46.45:35657] with ContainerStateMachine:uninitialized
2019-06-13 05:05:21,274 INFO  server.RaftServerConfigKeys (ConfUtils.java:logGet(43)) - raft.server.rpc.timeout.min = 1s (custom)
2019-06-13 05:05:21,274 INFO  server.RaftServerConfigKeys (ConfUtils.java:logGet(43)) - raft.server.rpc.timeout.max = 1200ms (custom)
2019-06-13 05:05:21,274 INFO  server.RaftServerConfigKeys (ConfUtils.java:logGet(43)) - raft.server.rpcslowness.timeout = 10s (custom)
2019-06-13 05:05:21,274 INFO  server.RaftServerConfigKeys (ConfUtils.java:logGet(43)) - raft.server.log.appender.install.snapshot.enabled = true (default)
2019-06-13 05:05:21,274 INFO  impl.RaftServerImpl (ServerState.java:<init>(101)) - 2cf06b71-4ba7-4011-855b-70e7b0969120:group-A783855FE6AA ConfigurationManager, init=-1: [2cf06b71-4ba7-4011-855b-70e7b0969120:192.168.46.45:35657], old=null, confs=<EMPTY_MAP>
2019-06-13 05:05:21,274 INFO  server.RaftServerConfigKeys (ConfUtils.java:logGet(43)) - raft.server.storage.dir = [/opt/src/hadoop-ozone/integration-test/target/test-dir/MiniOzoneClusterImpl-884a966f-396a-4f87-a149-6a85524fb75d/datanode-4/data/ratis] (custom)
2019-06-13 05:05:21,274 INFO  storage.RaftStorageDirectory (RaftStorageDirectory.java:analyzeStorage(246)) - The storage directory /opt/src/hadoop-ozone/integration-test/target/test-dir/MiniOzoneClusterImpl-884a966f-396a-4f87-a149-6a85524fb75d/datanode-4/data/ratis/681550b6-685c-4ae3-b600-a783855fe6aa does not exist. Creating ...
2019-06-13 05:05:21,276 INFO  storage.RaftStorageDirectory (RaftStorageDirectory.java:tryLock(328)) - Lock on /opt/src/hadoop-ozone/integration-test/target/test-dir/MiniOzoneClusterImpl-884a966f-396a-4f87-a149-6a85524fb75d/datanode-4/data/ratis/681550b6-685c-4ae3-b600-a783855fe6aa/in_use.lock acquired by nodename 10163@ozone-2qf2r-1835183004
2019-06-13 05:05:21,278 INFO  storage.RaftStorage (RaftStorage.java:format(75)) - Storage directory /opt/src/hadoop-ozone/integration-test/target/test-dir/MiniOzoneClusterImpl-884a966f-396a-4f87-a149-6a85524fb75d/datanode-4/data/ratis/681550b6-685c-4ae3-b600-a783855fe6aa has been successfully formatted.
2019-06-13 05:05:21,278 INFO  ratis.ContainerStateMachine (ContainerStateMachine.java:loadSnapshot(199)) - The snapshot info is null.Setting the last applied index to:(t:0, i:~)
2019-06-13 05:05:21,279 INFO  server.RaftServerConfigKeys (ConfUtils.java:logGet(43)) - raft.server.leader.election.timeout = 10s (custom)
2019-06-13 05:05:21,279 INFO  server.RaftServerConfigKeys (ConfUtils.java:logGet(43)) - raft.server.log.use.memory = false (default)
2019-06-13 05:05:21,279 INFO  server.RaftServerConfigKeys (ConfUtils.java:logGet(43)) - raft.server.log.appender.buffer.byte-limit = 33554432 (custom)
2019-06-13 05:05:21,279 INFO  server.RaftServerConfigKeys (ConfUtils.java:logGet(43)) - raft.server.log.segment.size.max = 16384 (custom)
2019-06-13 05:05:21,279 INFO  server.RaftServerConfigKeys (ConfUtils.java:logGet(43)) - raft.server.log.segment.cache.num.max = 2 (custom)
2019-06-13 05:05:21,279 INFO  storage.RaftLogWorker (RaftLogWorker.java:<init>(123)) - new 2cf06b71-4ba7-4011-855b-70e7b0969120-RaftLogWorker for Storage Directory /opt/src/hadoop-ozone/integration-test/target/test-dir/MiniOzoneClusterImpl-884a966f-396a-4f87-a149-6a85524fb75d/datanode-4/data/ratis/681550b6-685c-4ae3-b600-a783855fe6aa
2019-06-13 05:05:21,279 INFO  server.RaftServerConfigKeys (ConfUtils.java:logGet(43)) - raft.server.log.queue.byte-limit = 2147483647 (custom)
2019-06-13 05:05:21,279 INFO  server.RaftServerConfigKeys (ConfUtils.java:logGet(43)) - raft.server.log.queue.element-limit = 1024 (custom)
2019-06-13 05:05:21,279 INFO  server.RaftServerConfigKeys (ConfUtils.java:logGet(43)) - raft.server.log.segment.size.max = 16384 (custom)
2019-06-13 05:05:21,279 INFO  server.RaftServerConfigKeys (ConfUtils.java:logGet(43)) - raft.server.log.preallocated.size = 16384 (custom)
2019-06-13 05:05:21,279 INFO  server.RaftServerConfigKeys (ConfUtils.java:logGet(43)) - raft.server.log.write.buffer.size = 33554432 (custom)
2019-06-13 05:05:21,279 INFO  server.RaftServerConfigKeys (ConfUtils.java:logGet(43)) - raft.server.log.force.sync.num = 128 (default)
2019-06-13 05:05:21,279 INFO  server.RaftServerConfigKeys (ConfUtils.java:logGet(43)) - raft.server.log.statemachine.data.sync = true (default)
2019-06-13 05:05:21,280 INFO  server.RaftServerConfigKeys (ConfUtils.java:logGet(43)) - raft.server.log.statemachine.data.sync.timeout = 10s (default)
2019-06-13 05:05:21,280 INFO  server.RaftServerConfigKeys (ConfUtils.java:logGet(43)) - raft.server.log.statemachine.data.sync.timeout.retry = -1 (default)
2019-06-13 05:05:21,280 INFO  server.RaftServerConfigKeys (ConfUtils.java:logGet(43)) - raft.server.log.statemachine.data.caching.enabled = true (custom)
2019-06-13 05:05:21,280 INFO  server.RaftServerConfigKeys (ConfUtils.java:logGet(43)) - raft.server.snapshot.auto.trigger.enabled = true (custom)
2019-06-13 05:05:21,280 INFO  server.RaftServerConfigKeys (ConfUtils.java:logGet(43)) - raft.server.snapshot.auto.trigger.threshold = 10000 (custom)
2019-06-13 05:05:21,280 INFO  server.RaftServerConfigKeys (ConfUtils.java:logGet(43)) - raft.server.retrycache.expirytime = 600000ms (custom)
2019-06-13 05:05:21,280 INFO  impl.RaftServerImpl (RaftServerImpl.java:start(173)) - 2cf06b71-4ba7-4011-855b-70e7b0969120: start group-A783855FE6AA
2019-06-13 05:05:21,280 INFO  impl.RaftServerImpl (RaftServerImpl.java:setRole(164)) - 2cf06b71-4ba7-4011-855b-70e7b0969120:group-A783855FE6AA changes role from null to FOLLOWER at term 0 for startAsFollower
2019-06-13 05:05:21,281 INFO  impl.RoleInfo (RoleInfo.java:updateAndGet(143)) - 2cf06b71-4ba7-4011-855b-70e7b0969120: start FollowerState
2019-06-13 05:05:21,281 INFO  util.JmxRegister (JmxRegister.java:tryRegister(44)) - Successfully registered JMX Bean with object name Ratis:service=RaftServer,group=group-A783855FE6AA,id=2cf06b71-4ba7-4011-855b-70e7b0969120
2019-06-13 05:05:21,289 INFO  pipeline.PipelineStateManager (PipelineStateManager.java:addPipeline(56)) - Created pipeline Pipeline[ Id: 681550b6-685c-4ae3-b600-a783855fe6aa, Nodes: 2cf06b71-4ba7-4011-855b-70e7b0969120{ip: 192.168.46.45, host: ozone-2qf2r-1835183004, networkLocation: /default-rack, certSerialId: null}, Type:RATIS, Factor:ONE, State:OPEN]
2019-06-13 05:05:21,589 INFO  ozone.MiniOzoneClusterImpl (MiniOzoneClusterImpl.java:lambda$waitForClusterToBeReady$0(142)) - Waiting for cluster to be ready. Got 5 of 6 DN Heartbeats.
2019-06-13 05:05:21,594 INFO  node.SCMNodeManager (SCMNodeManager.java:register(234)) - Registered Data node : 4a4a623e-5586-416a-aeef-ffc9f5b250f3{ip: 192.168.46.45, host: ozone-2qf2r-1835183004, networkLocation: /default-rack, certSerialId: null}
2019-06-13 05:05:21,604 INFO  impl.RaftServerProxy (RaftServerProxy.java:addNew(89)) - 4a4a623e-5586-416a-aeef-ffc9f5b250f3: addNew group-9D4192386473:[4a4a623e-5586-416a-aeef-ffc9f5b250f3:192.168.46.45:35843] returns group-9D4192386473:java.util.concurrent.CompletableFuture@4867e6cd[Not completed]
2019-06-13 05:05:21,605 INFO  impl.RaftServerImpl (RaftServerImpl.java:<init>(91)) - 4a4a623e-5586-416a-aeef-ffc9f5b250f3: new RaftServerImpl for group-9D4192386473:[4a4a623e-5586-416a-aeef-ffc9f5b250f3:192.168.46.45:35843] with ContainerStateMachine:uninitialized
2019-06-13 05:05:21,605 INFO  server.RaftServerConfigKeys (ConfUtils.java:logGet(43)) - raft.server.rpc.timeout.min = 1s (custom)
2019-06-13 05:05:21,605 INFO  server.RaftServerConfigKeys (ConfUtils.java:logGet(43)) - raft.server.rpc.timeout.max = 1200ms (custom)
2019-06-13 05:05:21,605 INFO  server.RaftServerConfigKeys (ConfUtils.java:logGet(43)) - raft.server.rpcslowness.timeout = 10s (custom)
2019-06-13 05:05:21,605 INFO  server.RaftServerConfigKeys (ConfUtils.java:logGet(43)) - raft.server.log.appender.install.snapshot.enabled = true (default)
2019-06-13 05:05:21,605 INFO  impl.RaftServerImpl (ServerState.java:<init>(101)) - 4a4a623e-5586-416a-aeef-ffc9f5b250f3:group-9D4192386473 ConfigurationManager, init=-1: [4a4a623e-5586-416a-aeef-ffc9f5b250f3:192.168.46.45:35843], old=null, confs=<EMPTY_MAP>
2019-06-13 05:05:21,605 INFO  server.RaftServerConfigKeys (ConfUtils.java:logGet(43)) - raft.server.storage.dir = [/opt/src/hadoop-ozone/integration-test/target/test-dir/MiniOzoneClusterImpl-884a966f-396a-4f87-a149-6a85524fb75d/datanode-5/data/ratis] (custom)
2019-06-13 05:05:21,606 INFO  storage.RaftStorageDirectory (RaftStorageDirectory.java:analyzeStorage(246)) - The storage directory /opt/src/hadoop-ozone/integration-test/target/test-dir/MiniOzoneClusterImpl-884a966f-396a-4f87-a149-6a85524fb75d/datanode-5/data/ratis/76bc9a66-cf64-4788-9f8e-9d4192386473 does not exist. Creating ...
2019-06-13 05:05:21,608 INFO  storage.RaftStorageDirectory (RaftStorageDirectory.java:tryLock(328)) - Lock on /opt/src/hadoop-ozone/integration-test/target/test-dir/MiniOzoneClusterImpl-884a966f-396a-4f87-a149-6a85524fb75d/datanode-5/data/ratis/76bc9a66-cf64-4788-9f8e-9d4192386473/in_use.lock acquired by nodename 10163@ozone-2qf2r-1835183004
2019-06-13 05:05:21,610 INFO  storage.RaftStorage (RaftStorage.java:format(75)) - Storage directory /opt/src/hadoop-ozone/integration-test/target/test-dir/MiniOzoneClusterImpl-884a966f-396a-4f87-a149-6a85524fb75d/datanode-5/data/ratis/76bc9a66-cf64-4788-9f8e-9d4192386473 has been successfully formatted.
2019-06-13 05:05:21,610 INFO  ratis.ContainerStateMachine (ContainerStateMachine.java:loadSnapshot(199)) - The snapshot info is null.Setting the last applied index to:(t:0, i:~)
2019-06-13 05:05:21,610 INFO  server.RaftServerConfigKeys (ConfUtils.java:logGet(43)) - raft.server.leader.election.timeout = 10s (custom)
2019-06-13 05:05:21,610 INFO  server.RaftServerConfigKeys (ConfUtils.java:logGet(43)) - raft.server.log.use.memory = false (default)
2019-06-13 05:05:21,610 INFO  server.RaftServerConfigKeys (ConfUtils.java:logGet(43)) - raft.server.log.appender.buffer.byte-limit = 33554432 (custom)
2019-06-13 05:05:21,610 INFO  server.RaftServerConfigKeys (ConfUtils.java:logGet(43)) - raft.server.log.segment.size.max = 16384 (custom)
2019-06-13 05:05:21,610 INFO  server.RaftServerConfigKeys (ConfUtils.java:logGet(43)) - raft.server.log.segment.cache.num.max = 2 (custom)
2019-06-13 05:05:21,611 INFO  storage.RaftLogWorker (RaftLogWorker.java:<init>(123)) - new 4a4a623e-5586-416a-aeef-ffc9f5b250f3-RaftLogWorker for Storage Directory /opt/src/hadoop-ozone/integration-test/target/test-dir/MiniOzoneClusterImpl-884a966f-396a-4f87-a149-6a85524fb75d/datanode-5/data/ratis/76bc9a66-cf64-4788-9f8e-9d4192386473
2019-06-13 05:05:21,611 INFO  server.RaftServerConfigKeys (ConfUtils.java:logGet(43)) - raft.server.log.queue.byte-limit = 2147483647 (custom)
2019-06-13 05:05:21,611 INFO  server.RaftServerConfigKeys (ConfUtils.java:logGet(43)) - raft.server.log.queue.element-limit = 1024 (custom)
2019-06-13 05:05:21,611 INFO  server.RaftServerConfigKeys (ConfUtils.java:logGet(43)) - raft.server.log.segment.size.max = 16384 (custom)
2019-06-13 05:05:21,611 INFO  server.RaftServerConfigKeys (ConfUtils.java:logGet(43)) - raft.server.log.preallocated.size = 16384 (custom)
2019-06-13 05:05:21,611 INFO  server.RaftServerConfigKeys (ConfUtils.java:logGet(43)) - raft.server.log.write.buffer.size = 33554432 (custom)
2019-06-13 05:05:21,611 INFO  server.RaftServerConfigKeys (ConfUtils.java:logGet(43)) - raft.server.log.force.sync.num = 128 (default)
2019-06-13 05:05:21,611 INFO  server.RaftServerConfigKeys (ConfUtils.java:logGet(43)) - raft.server.log.statemachine.data.sync = true (default)
2019-06-13 05:05:21,611 INFO  server.RaftServerConfigKeys (ConfUtils.java:logGet(43)) - raft.server.log.statemachine.data.sync.timeout = 10s (default)
2019-06-13 05:05:21,611 INFO  server.RaftServerConfigKeys (ConfUtils.java:logGet(43)) - raft.server.log.statemachine.data.sync.timeout.retry = -1 (default)
2019-06-13 05:05:21,611 INFO  server.RaftServerConfigKeys (ConfUtils.java:logGet(43)) - raft.server.log.statemachine.data.caching.enabled = true (custom)
2019-06-13 05:05:21,612 INFO  server.RaftServerConfigKeys (ConfUtils.java:logGet(43)) - raft.server.snapshot.auto.trigger.enabled = true (custom)
2019-06-13 05:05:21,612 INFO  server.RaftServerConfigKeys (ConfUtils.java:logGet(43)) - raft.server.snapshot.auto.trigger.threshold = 10000 (custom)
2019-06-13 05:05:21,612 INFO  server.RaftServerConfigKeys (ConfUtils.java:logGet(43)) - raft.server.retrycache.expirytime = 600000ms (custom)
2019-06-13 05:05:21,612 INFO  impl.RaftServerImpl (RaftServerImpl.java:start(173)) - 4a4a623e-5586-416a-aeef-ffc9f5b250f3: start group-9D4192386473
2019-06-13 05:05:21,612 INFO  impl.RaftServerImpl (RaftServerImpl.java:setRole(164)) - 4a4a623e-5586-416a-aeef-ffc9f5b250f3:group-9D4192386473 changes role from null to FOLLOWER at term 0 for startAsFollower
2019-06-13 05:05:21,612 INFO  impl.RoleInfo (RoleInfo.java:updateAndGet(143)) - 4a4a623e-5586-416a-aeef-ffc9f5b250f3: start FollowerState
2019-06-13 05:05:21,612 INFO  util.JmxRegister (JmxRegister.java:tryRegister(44)) - Successfully registered JMX Bean with object name Ratis:service=RaftServer,group=group-9D4192386473,id=4a4a623e-5586-416a-aeef-ffc9f5b250f3
2019-06-13 05:05:21,616 INFO  pipeline.PipelineStateManager (PipelineStateManager.java:addPipeline(56)) - Created pipeline Pipeline[ Id: 76bc9a66-cf64-4788-9f8e-9d4192386473, Nodes: 4a4a623e-5586-416a-aeef-ffc9f5b250f3{ip: 192.168.46.45, host: ozone-2qf2r-1835183004, networkLocation: /default-rack, certSerialId: null}, Type:RATIS, Factor:ONE, State:OPEN]
2019-06-13 05:05:21,633 INFO  impl.RaftServerProxy (RaftServerProxy.java:addNew(89)) - 4a4a623e-5586-416a-aeef-ffc9f5b250f3: addNew group-02768ABD40E6:[2cf06b71-4ba7-4011-855b-70e7b0969120:192.168.46.45:35657, 4a4a623e-5586-416a-aeef-ffc9f5b250f3:192.168.46.45:35843, e1c0ca98-3cfd-44fb-a142-fadd04cbef23:192.168.46.45:44129] returns group-02768ABD40E6:java.util.concurrent.CompletableFuture@5dfa0c1a[Not completed]
2019-06-13 05:05:21,633 INFO  impl.RaftServerImpl (RaftServerImpl.java:<init>(91)) - 4a4a623e-5586-416a-aeef-ffc9f5b250f3: new RaftServerImpl for group-02768ABD40E6:[2cf06b71-4ba7-4011-855b-70e7b0969120:192.168.46.45:35657, 4a4a623e-5586-416a-aeef-ffc9f5b250f3:192.168.46.45:35843, e1c0ca98-3cfd-44fb-a142-fadd04cbef23:192.168.46.45:44129] with ContainerStateMachine:uninitialized
2019-06-13 05:05:21,634 INFO  server.RaftServerConfigKeys (ConfUtils.java:logGet(43)) - raft.server.rpc.timeout.min = 1s (custom)
2019-06-13 05:05:21,634 INFO  impl.RaftServerProxy (RaftServerProxy.java:addNew(89)) - e1c0ca98-3cfd-44fb-a142-fadd04cbef23: addNew group-02768ABD40E6:[2cf06b71-4ba7-4011-855b-70e7b0969120:192.168.46.45:35657, 4a4a623e-5586-416a-aeef-ffc9f5b250f3:192.168.46.45:35843, e1c0ca98-3cfd-44fb-a142-fadd04cbef23:192.168.46.45:44129] returns group-02768ABD40E6:java.util.concurrent.CompletableFuture@27c258a0[Not completed]
2019-06-13 05:05:21,634 INFO  server.RaftServerConfigKeys (ConfUtils.java:logGet(43)) - raft.server.rpc.timeout.max = 1200ms (custom)
2019-06-13 05:05:21,634 INFO  server.RaftServerConfigKeys (ConfUtils.java:logGet(43)) - raft.server.rpcslowness.timeout = 10s (custom)
2019-06-13 05:05:21,634 INFO  server.RaftServerConfigKeys (ConfUtils.java:logGet(43)) - raft.server.log.appender.install.snapshot.enabled = true (default)
2019-06-13 05:05:21,634 INFO  impl.RaftServerImpl (ServerState.java:<init>(101)) - 4a4a623e-5586-416a-aeef-ffc9f5b250f3:group-02768ABD40E6 ConfigurationManager, init=-1: [2cf06b71-4ba7-4011-855b-70e7b0969120:192.168.46.45:35657, 4a4a623e-5586-416a-aeef-ffc9f5b250f3:192.168.46.45:35843, e1c0ca98-3cfd-44fb-a142-fadd04cbef23:192.168.46.45:44129], old=null, confs=<EMPTY_MAP>
2019-06-13 05:05:21,634 INFO  impl.RaftServerImpl (RaftServerImpl.java:<init>(91)) - e1c0ca98-3cfd-44fb-a142-fadd04cbef23: new RaftServerImpl for group-02768ABD40E6:[2cf06b71-4ba7-4011-855b-70e7b0969120:192.168.46.45:35657, 4a4a623e-5586-416a-aeef-ffc9f5b250f3:192.168.46.45:35843, e1c0ca98-3cfd-44fb-a142-fadd04cbef23:192.168.46.45:44129] with ContainerStateMachine:uninitialized
2019-06-13 05:05:21,634 INFO  server.RaftServerConfigKeys (ConfUtils.java:logGet(43)) - raft.server.storage.dir = [/opt/src/hadoop-ozone/integration-test/target/test-dir/MiniOzoneClusterImpl-884a966f-396a-4f87-a149-6a85524fb75d/datanode-5/data/ratis] (custom)
2019-06-13 05:05:21,635 INFO  server.RaftServerConfigKeys (ConfUtils.java:logGet(43)) - raft.server.rpc.timeout.min = 1s (custom)
2019-06-13 05:05:21,635 INFO  server.RaftServerConfigKeys (ConfUtils.java:logGet(43)) - raft.server.rpc.timeout.max = 1200ms (custom)
2019-06-13 05:05:21,635 INFO  impl.RaftServerProxy (RaftServerProxy.java:addNew(89)) - 2cf06b71-4ba7-4011-855b-70e7b0969120: addNew group-02768ABD40E6:[2cf06b71-4ba7-4011-855b-70e7b0969120:192.168.46.45:35657, 4a4a623e-5586-416a-aeef-ffc9f5b250f3:192.168.46.45:35843, e1c0ca98-3cfd-44fb-a142-fadd04cbef23:192.168.46.45:44129] returns group-02768ABD40E6:java.util.concurrent.CompletableFuture@1c18cbf[Not completed]
2019-06-13 05:05:21,635 INFO  server.RaftServerConfigKeys (ConfUtils.java:logGet(43)) - raft.server.rpcslowness.timeout = 10s (custom)
2019-06-13 05:05:21,636 INFO  server.RaftServerConfigKeys (ConfUtils.java:logGet(43)) - raft.server.log.appender.install.snapshot.enabled = true (default)
2019-06-13 05:05:21,636 INFO  impl.RaftServerImpl (ServerState.java:<init>(101)) - e1c0ca98-3cfd-44fb-a142-fadd04cbef23:group-02768ABD40E6 ConfigurationManager, init=-1: [2cf06b71-4ba7-4011-855b-70e7b0969120:192.168.46.45:35657, 4a4a623e-5586-416a-aeef-ffc9f5b250f3:192.168.46.45:35843, e1c0ca98-3cfd-44fb-a142-fadd04cbef23:192.168.46.45:44129], old=null, confs=<EMPTY_MAP>
2019-06-13 05:05:21,636 INFO  server.RaftServerConfigKeys (ConfUtils.java:logGet(43)) - raft.server.storage.dir = [/opt/src/hadoop-ozone/integration-test/target/test-dir/MiniOzoneClusterImpl-884a966f-396a-4f87-a149-6a85524fb75d/datanode-0/data/ratis] (custom)
2019-06-13 05:05:21,636 INFO  storage.RaftStorageDirectory (RaftStorageDirectory.java:analyzeStorage(246)) - The storage directory /opt/src/hadoop-ozone/integration-test/target/test-dir/MiniOzoneClusterImpl-884a966f-396a-4f87-a149-6a85524fb75d/datanode-0/data/ratis/af39f775-6cea-4a03-99da-02768abd40e6 does not exist. Creating ...
2019-06-13 05:05:21,635 INFO  storage.RaftStorageDirectory (RaftStorageDirectory.java:analyzeStorage(246)) - The storage directory /opt/src/hadoop-ozone/integration-test/target/test-dir/MiniOzoneClusterImpl-884a966f-396a-4f87-a149-6a85524fb75d/datanode-5/data/ratis/af39f775-6cea-4a03-99da-02768abd40e6 does not exist. Creating ...
2019-06-13 05:05:21,636 INFO  impl.RaftServerImpl (RaftServerImpl.java:<init>(91)) - 2cf06b71-4ba7-4011-855b-70e7b0969120: new RaftServerImpl for group-02768ABD40E6:[2cf06b71-4ba7-4011-855b-70e7b0969120:192.168.46.45:35657, 4a4a623e-5586-416a-aeef-ffc9f5b250f3:192.168.46.45:35843, e1c0ca98-3cfd-44fb-a142-fadd04cbef23:192.168.46.45:44129] with ContainerStateMachine:uninitialized
2019-06-13 05:05:21,636 INFO  server.RaftServerConfigKeys (ConfUtils.java:logGet(43)) - raft.server.rpc.timeout.min = 1s (custom)
2019-06-13 05:05:21,636 INFO  server.RaftServerConfigKeys (ConfUtils.java:logGet(43)) - raft.server.rpc.timeout.max = 1200ms (custom)
2019-06-13 05:05:21,637 INFO  server.RaftServerConfigKeys (ConfUtils.java:logGet(43)) - raft.server.rpcslowness.timeout = 10s (custom)
2019-06-13 05:05:21,637 INFO  server.RaftServerConfigKeys (ConfUtils.java:logGet(43)) - raft.server.log.appender.install.snapshot.enabled = true (default)
2019-06-13 05:05:21,637 INFO  impl.RaftServerImpl (ServerState.java:<init>(101)) - 2cf06b71-4ba7-4011-855b-70e7b0969120:group-02768ABD40E6 ConfigurationManager, init=-1: [2cf06b71-4ba7-4011-855b-70e7b0969120:192.168.46.45:35657, 4a4a623e-5586-416a-aeef-ffc9f5b250f3:192.168.46.45:35843, e1c0ca98-3cfd-44fb-a142-fadd04cbef23:192.168.46.45:44129], old=null, confs=<EMPTY_MAP>
2019-06-13 05:05:21,637 INFO  server.RaftServerConfigKeys (ConfUtils.java:logGet(43)) - raft.server.storage.dir = [/opt/src/hadoop-ozone/integration-test/target/test-dir/MiniOzoneClusterImpl-884a966f-396a-4f87-a149-6a85524fb75d/datanode-4/data/ratis] (custom)
2019-06-13 05:05:21,637 INFO  storage.RaftStorageDirectory (RaftStorageDirectory.java:analyzeStorage(246)) - The storage directory /opt/src/hadoop-ozone/integration-test/target/test-dir/MiniOzoneClusterImpl-884a966f-396a-4f87-a149-6a85524fb75d/datanode-4/data/ratis/af39f775-6cea-4a03-99da-02768abd40e6 does not exist. Creating ...
2019-06-13 05:05:21,638 INFO  storage.RaftStorageDirectory (RaftStorageDirectory.java:tryLock(328)) - Lock on /opt/src/hadoop-ozone/integration-test/target/test-dir/MiniOzoneClusterImpl-884a966f-396a-4f87-a149-6a85524fb75d/datanode-5/data/ratis/af39f775-6cea-4a03-99da-02768abd40e6/in_use.lock acquired by nodename 10163@ozone-2qf2r-1835183004
2019-06-13 05:05:21,638 INFO  storage.RaftStorageDirectory (RaftStorageDirectory.java:tryLock(328)) - Lock on /opt/src/hadoop-ozone/integration-test/target/test-dir/MiniOzoneClusterImpl-884a966f-396a-4f87-a149-6a85524fb75d/datanode-0/data/ratis/af39f775-6cea-4a03-99da-02768abd40e6/in_use.lock acquired by nodename 10163@ozone-2qf2r-1835183004
2019-06-13 05:05:21,639 INFO  storage.RaftStorageDirectory (RaftStorageDirectory.java:tryLock(328)) - Lock on /opt/src/hadoop-ozone/integration-test/target/test-dir/MiniOzoneClusterImpl-884a966f-396a-4f87-a149-6a85524fb75d/datanode-4/data/ratis/af39f775-6cea-4a03-99da-02768abd40e6/in_use.lock acquired by nodename 10163@ozone-2qf2r-1835183004
2019-06-13 05:05:21,642 INFO  storage.RaftStorage (RaftStorage.java:format(75)) - Storage directory /opt/src/hadoop-ozone/integration-test/target/test-dir/MiniOzoneClusterImpl-884a966f-396a-4f87-a149-6a85524fb75d/datanode-5/data/ratis/af39f775-6cea-4a03-99da-02768abd40e6 has been successfully formatted.
2019-06-13 05:05:21,642 INFO  storage.RaftStorage (RaftStorage.java:format(75)) - Storage directory /opt/src/hadoop-ozone/integration-test/target/test-dir/MiniOzoneClusterImpl-884a966f-396a-4f87-a149-6a85524fb75d/datanode-0/data/ratis/af39f775-6cea-4a03-99da-02768abd40e6 has been successfully formatted.
2019-06-13 05:05:21,642 INFO  ratis.ContainerStateMachine (ContainerStateMachine.java:loadSnapshot(199)) - The snapshot info is null.Setting the last applied index to:(t:0, i:~)
2019-06-13 05:05:21,642 INFO  ratis.ContainerStateMachine (ContainerStateMachine.java:loadSnapshot(199)) - The snapshot info is null.Setting the last applied index to:(t:0, i:~)
2019-06-13 05:05:21,642 INFO  server.RaftServerConfigKeys (ConfUtils.java:logGet(43)) - raft.server.leader.election.timeout = 10s (custom)
2019-06-13 05:05:21,642 INFO  server.RaftServerConfigKeys (ConfUtils.java:logGet(43)) - raft.server.leader.election.timeout = 10s (custom)
2019-06-13 05:05:21,642 INFO  server.RaftServerConfigKeys (ConfUtils.java:logGet(43)) - raft.server.log.use.memory = false (default)
2019-06-13 05:05:21,642 INFO  storage.RaftStorage (RaftStorage.java:format(75)) - Storage directory /opt/src/hadoop-ozone/integration-test/target/test-dir/MiniOzoneClusterImpl-884a966f-396a-4f87-a149-6a85524fb75d/datanode-4/data/ratis/af39f775-6cea-4a03-99da-02768abd40e6 has been successfully formatted.
2019-06-13 05:05:21,642 INFO  server.RaftServerConfigKeys (ConfUtils.java:logGet(43)) - raft.server.log.use.memory = false (default)
2019-06-13 05:05:21,642 INFO  ratis.ContainerStateMachine (ContainerStateMachine.java:loadSnapshot(199)) - The snapshot info is null.Setting the last applied index to:(t:0, i:~)
2019-06-13 05:05:21,642 INFO  server.RaftServerConfigKeys (ConfUtils.java:logGet(43)) - raft.server.log.appender.buffer.byte-limit = 33554432 (custom)
2019-06-13 05:05:21,642 INFO  server.RaftServerConfigKeys (ConfUtils.java:logGet(43)) - raft.server.leader.election.timeout = 10s (custom)
2019-06-13 05:05:21,642 INFO  server.RaftServerConfigKeys (ConfUtils.java:logGet(43)) - raft.server.log.appender.buffer.byte-limit = 33554432 (custom)
2019-06-13 05:05:21,643 INFO  server.RaftServerConfigKeys (ConfUtils.java:logGet(43)) - raft.server.log.use.memory = false (default)
2019-06-13 05:05:21,643 INFO  server.RaftServerConfigKeys (ConfUtils.java:logGet(43)) - raft.server.log.segment.size.max = 16384 (custom)
2019-06-13 05:05:21,643 INFO  server.RaftServerConfigKeys (ConfUtils.java:logGet(43)) - raft.server.log.appender.buffer.byte-limit = 33554432 (custom)
2019-06-13 05:05:21,643 INFO  server.RaftServerConfigKeys (ConfUtils.java:logGet(43)) - raft.server.log.segment.size.max = 16384 (custom)
2019-06-13 05:05:21,643 INFO  server.RaftServerConfigKeys (ConfUtils.java:logGet(43)) - raft.server.log.segment.size.max = 16384 (custom)
2019-06-13 05:05:21,643 INFO  server.RaftServerConfigKeys (ConfUtils.java:logGet(43)) - raft.server.log.segment.cache.num.max = 2 (custom)
2019-06-13 05:05:21,643 INFO  server.RaftServerConfigKeys (ConfUtils.java:logGet(43)) - raft.server.log.segment.cache.num.max = 2 (custom)
2019-06-13 05:05:21,643 INFO  server.RaftServerConfigKeys (ConfUtils.java:logGet(43)) - raft.server.log.segment.cache.num.max = 2 (custom)
2019-06-13 05:05:21,643 INFO  storage.RaftLogWorker (RaftLogWorker.java:<init>(123)) - new 2cf06b71-4ba7-4011-855b-70e7b0969120-RaftLogWorker for Storage Directory /opt/src/hadoop-ozone/integration-test/target/test-dir/MiniOzoneClusterImpl-884a966f-396a-4f87-a149-6a85524fb75d/datanode-4/data/ratis/af39f775-6cea-4a03-99da-02768abd40e6
2019-06-13 05:05:21,643 INFO  storage.RaftLogWorker (RaftLogWorker.java:<init>(123)) - new 4a4a623e-5586-416a-aeef-ffc9f5b250f3-RaftLogWorker for Storage Directory /opt/src/hadoop-ozone/integration-test/target/test-dir/MiniOzoneClusterImpl-884a966f-396a-4f87-a149-6a85524fb75d/datanode-5/data/ratis/af39f775-6cea-4a03-99da-02768abd40e6
2019-06-13 05:05:21,643 INFO  server.RaftServerConfigKeys (ConfUtils.java:logGet(43)) - raft.server.log.queue.byte-limit = 2147483647 (custom)
2019-06-13 05:05:21,644 INFO  server.RaftServerConfigKeys (ConfUtils.java:logGet(43)) - raft.server.log.queue.element-limit = 1024 (custom)
2019-06-13 05:05:21,644 INFO  server.RaftServerConfigKeys (ConfUtils.java:logGet(43)) - raft.server.log.segment.size.max = 16384 (custom)
2019-06-13 05:05:21,644 INFO  server.RaftServerConfigKeys (ConfUtils.java:logGet(43)) - raft.server.log.preallocated.size = 16384 (custom)
2019-06-13 05:05:21,644 INFO  server.RaftServerConfigKeys (ConfUtils.java:logGet(43)) - raft.server.log.write.buffer.size = 33554432 (custom)
2019-06-13 05:05:21,644 INFO  server.RaftServerConfigKeys (ConfUtils.java:logGet(43)) - raft.server.log.force.sync.num = 128 (default)
2019-06-13 05:05:21,644 INFO  server.RaftServerConfigKeys (ConfUtils.java:logGet(43)) - raft.server.log.statemachine.data.sync = true (default)
2019-06-13 05:05:21,644 INFO  server.RaftServerConfigKeys (ConfUtils.java:logGet(43)) - raft.server.log.statemachine.data.sync.timeout = 10s (default)
2019-06-13 05:05:21,644 INFO  server.RaftServerConfigKeys (ConfUtils.java:logGet(43)) - raft.server.log.statemachine.data.sync.timeout.retry = -1 (default)
2019-06-13 05:05:21,644 INFO  server.RaftServerConfigKeys (ConfUtils.java:logGet(43)) - raft.server.log.statemachine.data.caching.enabled = true (custom)
2019-06-13 05:05:21,643 INFO  storage.RaftLogWorker (RaftLogWorker.java:<init>(123)) - new e1c0ca98-3cfd-44fb-a142-fadd04cbef23-RaftLogWorker for Storage Directory /opt/src/hadoop-ozone/integration-test/target/test-dir/MiniOzoneClusterImpl-884a966f-396a-4f87-a149-6a85524fb75d/datanode-0/data/ratis/af39f775-6cea-4a03-99da-02768abd40e6
2019-06-13 05:05:21,645 INFO  server.RaftServerConfigKeys (ConfUtils.java:logGet(43)) - raft.server.snapshot.auto.trigger.enabled = true (custom)
2019-06-13 05:05:21,645 INFO  server.RaftServerConfigKeys (ConfUtils.java:logGet(43)) - raft.server.log.queue.byte-limit = 2147483647 (custom)
2019-06-13 05:05:21,645 INFO  server.RaftServerConfigKeys (ConfUtils.java:logGet(43)) - raft.server.log.queue.byte-limit = 2147483647 (custom)
2019-06-13 05:05:21,645 INFO  server.RaftServerConfigKeys (ConfUtils.java:logGet(43)) - raft.server.log.queue.element-limit = 1024 (custom)
2019-06-13 05:05:21,645 INFO  server.RaftServerConfigKeys (ConfUtils.java:logGet(43)) - raft.server.snapshot.auto.trigger.threshold = 10000 (custom)
2019-06-13 05:05:21,645 INFO  server.RaftServerConfigKeys (ConfUtils.java:logGet(43)) - raft.server.log.segment.size.max = 16384 (custom)
2019-06-13 05:05:21,645 INFO  server.RaftServerConfigKeys (ConfUtils.java:logGet(43)) - raft.server.retrycache.expirytime = 600000ms (custom)
2019-06-13 05:05:21,645 INFO  server.RaftServerConfigKeys (ConfUtils.java:logGet(43)) - raft.server.log.queue.element-limit = 1024 (custom)
2019-06-13 05:05:21,645 INFO  impl.RaftServerImpl (RaftServerImpl.java:start(173)) - 2cf06b71-4ba7-4011-855b-70e7b0969120: start group-02768ABD40E6
2019-06-13 05:05:21,645 INFO  server.RaftServerConfigKeys (ConfUtils.java:logGet(43)) - raft.server.log.preallocated.size = 16384 (custom)
2019-06-13 05:05:21,645 INFO  impl.RaftServerImpl (RaftServerImpl.java:setRole(164)) - 2cf06b71-4ba7-4011-855b-70e7b0969120:group-02768ABD40E6 changes role from null to FOLLOWER at term 0 for startAsFollower
2019-06-13 05:05:21,645 INFO  server.RaftServerConfigKeys (ConfUtils.java:logGet(43)) - raft.server.log.segment.size.max = 16384 (custom)
2019-06-13 05:05:21,646 INFO  impl.RoleInfo (RoleInfo.java:updateAndGet(143)) - 2cf06b71-4ba7-4011-855b-70e7b0969120: start FollowerState
2019-06-13 05:05:21,645 INFO  server.RaftServerConfigKeys (ConfUtils.java:logGet(43)) - raft.server.log.write.buffer.size = 33554432 (custom)
2019-06-13 05:05:21,646 INFO  server.RaftServerConfigKeys (ConfUtils.java:logGet(43)) - raft.server.log.preallocated.size = 16384 (custom)
2019-06-13 05:05:21,646 INFO  server.RaftServerConfigKeys (ConfUtils.java:logGet(43)) - raft.server.log.write.buffer.size = 33554432 (custom)
2019-06-13 05:05:21,646 INFO  util.JmxRegister (JmxRegister.java:tryRegister(44)) - Successfully registered JMX Bean with object name Ratis:service=RaftServer,group=group-02768ABD40E6,id=2cf06b71-4ba7-4011-855b-70e7b0969120
2019-06-13 05:05:21,646 INFO  server.RaftServerConfigKeys (ConfUtils.java:logGet(43)) - raft.server.log.force.sync.num = 128 (default)
2019-06-13 05:05:21,646 INFO  server.RaftServerConfigKeys (ConfUtils.java:logGet(43)) - raft.server.log.force.sync.num = 128 (default)
2019-06-13 05:05:21,646 INFO  server.RaftServerConfigKeys (ConfUtils.java:logGet(43)) - raft.server.log.statemachine.data.sync = true (default)
2019-06-13 05:05:21,646 INFO  server.RaftServerConfigKeys (ConfUtils.java:logGet(43)) - raft.server.log.statemachine.data.sync.timeout = 10s (default)
2019-06-13 05:05:21,646 INFO  server.RaftServerConfigKeys (ConfUtils.java:logGet(43)) - raft.server.log.statemachine.data.sync.timeout.retry = -1 (default)
2019-06-13 05:05:21,647 INFO  server.RaftServerConfigKeys (ConfUtils.java:logGet(43)) - raft.server.log.statemachine.data.caching.enabled = true (custom)
2019-06-13 05:05:21,647 INFO  server.RaftServerConfigKeys (ConfUtils.java:logGet(43)) - raft.server.log.statemachine.data.sync = true (default)
2019-06-13 05:05:21,647 INFO  server.RaftServerConfigKeys (ConfUtils.java:logGet(43)) - raft.server.log.statemachine.data.sync.timeout = 10s (default)
2019-06-13 05:05:21,647 INFO  server.RaftServerConfigKeys (ConfUtils.java:logGet(43)) - raft.server.log.statemachine.data.sync.timeout.retry = -1 (default)
2019-06-13 05:05:21,655 INFO  server.RaftServerConfigKeys (ConfUtils.java:logGet(43)) - raft.server.snapshot.auto.trigger.enabled = true (custom)
2019-06-13 05:05:21,655 INFO  server.RaftServerConfigKeys (ConfUtils.java:logGet(43)) - raft.server.log.statemachine.data.caching.enabled = true (custom)
2019-06-13 05:05:21,655 INFO  server.RaftServerConfigKeys (ConfUtils.java:logGet(43)) - raft.server.snapshot.auto.trigger.threshold = 10000 (custom)
2019-06-13 05:05:21,656 INFO  server.RaftServerConfigKeys (ConfUtils.java:logGet(43)) - raft.server.retrycache.expirytime = 600000ms (custom)
2019-06-13 05:05:21,656 INFO  impl.RaftServerImpl (RaftServerImpl.java:start(173)) - e1c0ca98-3cfd-44fb-a142-fadd04cbef23: start group-02768ABD40E6
2019-06-13 05:05:21,656 INFO  impl.RaftServerImpl (RaftServerImpl.java:setRole(164)) - e1c0ca98-3cfd-44fb-a142-fadd04cbef23:group-02768ABD40E6 changes role from null to FOLLOWER at term 0 for startAsFollower
2019-06-13 05:05:21,657 INFO  impl.RoleInfo (RoleInfo.java:updateAndGet(143)) - e1c0ca98-3cfd-44fb-a142-fadd04cbef23: start FollowerState
2019-06-13 05:05:21,657 INFO  server.RaftServerConfigKeys (ConfUtils.java:logGet(43)) - raft.server.snapshot.auto.trigger.enabled = true (custom)
2019-06-13 05:05:21,657 INFO  server.RaftServerConfigKeys (ConfUtils.java:logGet(43)) - raft.server.snapshot.auto.trigger.threshold = 10000 (custom)
2019-06-13 05:05:21,658 INFO  util.JmxRegister (JmxRegister.java:tryRegister(44)) - Successfully registered JMX Bean with object name Ratis:service=RaftServer,group=group-02768ABD40E6,id=e1c0ca98-3cfd-44fb-a142-fadd04cbef23
2019-06-13 05:05:21,658 INFO  server.RaftServerConfigKeys (ConfUtils.java:logGet(43)) - raft.server.retrycache.expirytime = 600000ms (custom)
2019-06-13 05:05:21,658 INFO  impl.RaftServerImpl (RaftServerImpl.java:start(173)) - 4a4a623e-5586-416a-aeef-ffc9f5b250f3: start group-02768ABD40E6
2019-06-13 05:05:21,658 INFO  impl.RaftServerImpl (RaftServerImpl.java:setRole(164)) - 4a4a623e-5586-416a-aeef-ffc9f5b250f3:group-02768ABD40E6 changes role from null to FOLLOWER at term 0 for startAsFollower
2019-06-13 05:05:21,663 INFO  impl.RoleInfo (RoleInfo.java:updateAndGet(143)) - 4a4a623e-5586-416a-aeef-ffc9f5b250f3: start FollowerState
2019-06-13 05:05:21,664 INFO  util.JmxRegister (JmxRegister.java:tryRegister(44)) - Successfully registered JMX Bean with object name Ratis:service=RaftServer,group=group-02768ABD40E6,id=4a4a623e-5586-416a-aeef-ffc9f5b250f3
2019-06-13 05:05:21,674 INFO  pipeline.PipelineStateManager (PipelineStateManager.java:addPipeline(56)) - Created pipeline Pipeline[ Id: af39f775-6cea-4a03-99da-02768abd40e6, Nodes: e1c0ca98-3cfd-44fb-a142-fadd04cbef23{ip: 192.168.46.45, host: ozone-2qf2r-1835183004, networkLocation: /default-rack, certSerialId: null}2cf06b71-4ba7-4011-855b-70e7b0969120{ip: 192.168.46.45, host: ozone-2qf2r-1835183004, networkLocation: /default-rack, certSerialId: null}4a4a623e-5586-416a-aeef-ffc9f5b250f3{ip: 192.168.46.45, host: ozone-2qf2r-1835183004, networkLocation: /default-rack, certSerialId: null}, Type:RATIS, Factor:THREE, State:OPEN]
2019-06-13 05:05:21,974 INFO  impl.FollowerState (FollowerState.java:run(101)) - e1c0ca98-3cfd-44fb-a142-fadd04cbef23:group-DD16ED269824 changes to CANDIDATE, lastRpcTime:1048, electionTimeout:1044ms
2019-06-13 05:05:21,975 INFO  impl.RoleInfo (RoleInfo.java:shutdownFollowerState(121)) - e1c0ca98-3cfd-44fb-a142-fadd04cbef23: shutdown FollowerState
2019-06-13 05:05:21,975 INFO  impl.RaftServerImpl (RaftServerImpl.java:setRole(164)) - e1c0ca98-3cfd-44fb-a142-fadd04cbef23:group-DD16ED269824 changes role from FOLLOWER to CANDIDATE at term 0 for changeToCandidate
2019-06-13 05:05:21,976 INFO  impl.RoleInfo (RoleInfo.java:updateAndGet(143)) - e1c0ca98-3cfd-44fb-a142-fadd04cbef23: start LeaderElection
2019-06-13 05:05:21,982 INFO  impl.LeaderElection (LeaderElection.java:askForVotes(181)) - e1c0ca98-3cfd-44fb-a142-fadd04cbef23:group-DD16ED269824:LeaderElection1: begin an election at term 1 for -1: [e1c0ca98-3cfd-44fb-a142-fadd04cbef23:192.168.46.45:44129], old=null
2019-06-13 05:05:21,984 INFO  impl.RoleInfo (RoleInfo.java:shutdownLeaderElection(134)) - e1c0ca98-3cfd-44fb-a142-fadd04cbef23: shutdown LeaderElection
2019-06-13 05:05:21,984 INFO  impl.RaftServerImpl (RaftServerImpl.java:setRole(164)) - e1c0ca98-3cfd-44fb-a142-fadd04cbef23:group-DD16ED269824 changes role from CANDIDATE to LEADER at term 1 for changeToLeader
2019-06-13 05:05:21,984 INFO  impl.RaftServerImpl (ServerState.java:setLeader(263)) - e1c0ca98-3cfd-44fb-a142-fadd04cbef23:group-DD16ED269824 change Leader from null to e1c0ca98-3cfd-44fb-a142-fadd04cbef23 at term 1 for becomeLeader, leader elected after 1237ms
2019-06-13 05:05:21,988 INFO  server.RaftServerConfigKeys (ConfUtils.java:logGet(43)) - raft.server.staging.catchup.gap = 1000 (default)
2019-06-13 05:05:21,988 INFO  server.RaftServerConfigKeys (ConfUtils.java:logGet(43)) - raft.server.rpc.sleep.time = 25ms (default)
2019-06-13 05:05:21,990 INFO  server.RaftServerConfigKeys (ConfUtils.java:logGet(43)) - raft.server.watch.timeout = 10s (default)
2019-06-13 05:05:21,990 INFO  server.RaftServerConfigKeys (ConfUtils.java:logGet(43)) - raft.server.watch.timeout.denomination = 1s (default)
2019-06-13 05:05:21,995 INFO  impl.RoleInfo (RoleInfo.java:updateAndGet(143)) - e1c0ca98-3cfd-44fb-a142-fadd04cbef23: start LeaderState
2019-06-13 05:05:22,008 INFO  storage.RaftLogWorker (RaftLogWorker.java:startLogSegment(298)) - e1c0ca98-3cfd-44fb-a142-fadd04cbef23-RaftLogWorker: Starting segment from index:0
2019-06-13 05:05:22,015 INFO  impl.RaftServerImpl (ServerState.java:setRaftConf(361)) - e1c0ca98-3cfd-44fb-a142-fadd04cbef23:group-DD16ED269824 set configuration 0: [e1c0ca98-3cfd-44fb-a142-fadd04cbef23:192.168.46.45:44129], old=null at 0
2019-06-13 05:05:22,148 INFO  impl.FollowerState (FollowerState.java:run(101)) - 97ecd936-9d92-4ddf-a882-e915fe563002:group-729EFE9C2C3E changes to CANDIDATE, lastRpcTime:1135, electionTimeout:1132ms
2019-06-13 05:05:22,156 INFO  impl.RoleInfo (RoleInfo.java:shutdownFollowerState(121)) - 97ecd936-9d92-4ddf-a882-e915fe563002: shutdown FollowerState
2019-06-13 05:05:22,156 INFO  impl.RaftServerImpl (RaftServerImpl.java:setRole(164)) - 97ecd936-9d92-4ddf-a882-e915fe563002:group-729EFE9C2C3E changes role from FOLLOWER to CANDIDATE at term 0 for changeToCandidate
2019-06-13 05:05:22,156 INFO  impl.RoleInfo (RoleInfo.java:updateAndGet(143)) - 97ecd936-9d92-4ddf-a882-e915fe563002: start LeaderElection
2019-06-13 05:05:22,163 INFO  impl.LeaderElection (LeaderElection.java:askForVotes(181)) - 97ecd936-9d92-4ddf-a882-e915fe563002:group-729EFE9C2C3E:LeaderElection2: begin an election at term 1 for -1: [97ecd936-9d92-4ddf-a882-e915fe563002:192.168.46.45:42003], old=null
2019-06-13 05:05:22,164 INFO  storage.RaftLogWorker (RaftLogWorker.java:execute(469)) - e1c0ca98-3cfd-44fb-a142-fadd04cbef23-RaftLogWorker: created new log segment /opt/src/hadoop-ozone/integration-test/target/test-dir/MiniOzoneClusterImpl-884a966f-396a-4f87-a149-6a85524fb75d/datanode-0/data/ratis/6f2bf6ae-9fa7-4f39-9bf4-dd16ed269824/current/log_inprogress_0
2019-06-13 05:05:22,164 INFO  impl.RoleInfo (RoleInfo.java:shutdownLeaderElection(134)) - 97ecd936-9d92-4ddf-a882-e915fe563002: shutdown LeaderElection
2019-06-13 05:05:22,164 INFO  impl.RaftServerImpl (RaftServerImpl.java:setRole(164)) - 97ecd936-9d92-4ddf-a882-e915fe563002:group-729EFE9C2C3E changes role from CANDIDATE to LEADER at term 1 for changeToLeader
2019-06-13 05:05:22,164 INFO  impl.RaftServerImpl (ServerState.java:setLeader(263)) - 97ecd936-9d92-4ddf-a882-e915fe563002:group-729EFE9C2C3E change Leader from null to 97ecd936-9d92-4ddf-a882-e915fe563002 at term 1 for becomeLeader, leader elected after 1154ms
2019-06-13 05:05:22,169 INFO  server.RaftServerConfigKeys (ConfUtils.java:logGet(43)) - raft.server.staging.catchup.gap = 1000 (default)
2019-06-13 05:05:22,170 INFO  server.RaftServerConfigKeys (ConfUtils.java:logGet(43)) - raft.server.rpc.sleep.time = 25ms (default)
2019-06-13 05:05:22,170 INFO  server.RaftServerConfigKeys (ConfUtils.java:logGet(43)) - raft.server.watch.timeout = 10s (default)
2019-06-13 05:05:22,170 INFO  server.RaftServerConfigKeys (ConfUtils.java:logGet(43)) - raft.server.watch.timeout.denomination = 1s (default)
2019-06-13 05:05:22,170 INFO  impl.RoleInfo (RoleInfo.java:updateAndGet(143)) - 97ecd936-9d92-4ddf-a882-e915fe563002: start LeaderState
2019-06-13 05:05:22,170 INFO  storage.RaftLogWorker (RaftLogWorker.java:startLogSegment(298)) - 97ecd936-9d92-4ddf-a882-e915fe563002-RaftLogWorker: Starting segment from index:0
2019-06-13 05:05:22,173 INFO  impl.RaftServerImpl (ServerState.java:setRaftConf(361)) - 97ecd936-9d92-4ddf-a882-e915fe563002:group-729EFE9C2C3E set configuration 0: [97ecd936-9d92-4ddf-a882-e915fe563002:192.168.46.45:42003], old=null at 0
2019-06-13 05:05:22,208 INFO  impl.FollowerState (FollowerState.java:run(101)) - 510c58ce-ca2c-44ea-84c1-02074cbd4bc9:group-4A556264930D changes to CANDIDATE, lastRpcTime:1107, electionTimeout:1103ms
2019-06-13 05:05:22,208 INFO  impl.RoleInfo (RoleInfo.java:shutdownFollowerState(121)) - 510c58ce-ca2c-44ea-84c1-02074cbd4bc9: shutdown FollowerState
2019-06-13 05:05:22,208 INFO  impl.RaftServerImpl (RaftServerImpl.java:setRole(164)) - 510c58ce-ca2c-44ea-84c1-02074cbd4bc9:group-4A556264930D changes role from FOLLOWER to CANDIDATE at term 0 for changeToCandidate
2019-06-13 05:05:22,208 INFO  impl.RoleInfo (RoleInfo.java:updateAndGet(143)) - 510c58ce-ca2c-44ea-84c1-02074cbd4bc9: start LeaderElection
2019-06-13 05:05:22,219 INFO  storage.RaftLogWorker (RaftLogWorker.java:execute(469)) - 97ecd936-9d92-4ddf-a882-e915fe563002-RaftLogWorker: created new log segment /opt/src/hadoop-ozone/integration-test/target/test-dir/MiniOzoneClusterImpl-884a966f-396a-4f87-a149-6a85524fb75d/datanode-1/data/ratis/a6476aa1-332e-4fdf-b9a8-729efe9c2c3e/current/log_inprogress_0
2019-06-13 05:05:22,223 INFO  impl.LeaderElection (LeaderElection.java:askForVotes(181)) - 510c58ce-ca2c-44ea-84c1-02074cbd4bc9:group-4A556264930D:LeaderElection3: begin an election at term 1 for -1: [510c58ce-ca2c-44ea-84c1-02074cbd4bc9:192.168.46.45:42419], old=null
2019-06-13 05:05:22,223 INFO  impl.RoleInfo (RoleInfo.java:shutdownLeaderElection(134)) - 510c58ce-ca2c-44ea-84c1-02074cbd4bc9: shutdown LeaderElection
2019-06-13 05:05:22,223 INFO  impl.RaftServerImpl (RaftServerImpl.java:setRole(164)) - 510c58ce-ca2c-44ea-84c1-02074cbd4bc9:group-4A556264930D changes role from CANDIDATE to LEADER at term 1 for changeToLeader
2019-06-13 05:05:22,223 INFO  impl.RaftServerImpl (ServerState.java:setLeader(263)) - 510c58ce-ca2c-44ea-84c1-02074cbd4bc9:group-4A556264930D change Leader from null to 510c58ce-ca2c-44ea-84c1-02074cbd4bc9 at term 1 for becomeLeader, leader elected after 1126ms
2019-06-13 05:05:22,225 INFO  server.RaftServerConfigKeys (ConfUtils.java:logGet(43)) - raft.server.staging.catchup.gap = 1000 (default)
2019-06-13 05:05:22,225 INFO  server.RaftServerConfigKeys (ConfUtils.java:logGet(43)) - raft.server.rpc.sleep.time = 25ms (default)
2019-06-13 05:05:22,225 INFO  server.RaftServerConfigKeys (ConfUtils.java:logGet(43)) - raft.server.watch.timeout = 10s (default)
2019-06-13 05:05:22,225 INFO  server.RaftServerConfigKeys (ConfUtils.java:logGet(43)) - raft.server.watch.timeout.denomination = 1s (default)
2019-06-13 05:05:22,225 INFO  impl.RoleInfo (RoleInfo.java:updateAndGet(143)) - 510c58ce-ca2c-44ea-84c1-02074cbd4bc9: start LeaderState
2019-06-13 05:05:22,225 INFO  storage.RaftLogWorker (RaftLogWorker.java:startLogSegment(298)) - 510c58ce-ca2c-44ea-84c1-02074cbd4bc9-RaftLogWorker: Starting segment from index:0
2019-06-13 05:05:22,226 INFO  impl.RaftServerImpl (ServerState.java:setRaftConf(361)) - 510c58ce-ca2c-44ea-84c1-02074cbd4bc9:group-4A556264930D set configuration 0: [510c58ce-ca2c-44ea-84c1-02074cbd4bc9:192.168.46.45:42419], old=null at 0
2019-06-13 05:05:22,247 INFO  impl.FollowerState (FollowerState.java:run(101)) - 08f28f5e-993a-4e74-ae97-acbcb04e9b8f:group-D6C66B9BC8E0 changes to CANDIDATE, lastRpcTime:1096, electionTimeout:1086ms
2019-06-13 05:05:22,247 INFO  impl.RoleInfo (RoleInfo.java:shutdownFollowerState(121)) - 08f28f5e-993a-4e74-ae97-acbcb04e9b8f: shutdown FollowerState
2019-06-13 05:05:22,247 INFO  impl.RaftServerImpl (RaftServerImpl.java:setRole(164)) - 08f28f5e-993a-4e74-ae97-acbcb04e9b8f:group-D6C66B9BC8E0 changes role from FOLLOWER to CANDIDATE at term 0 for changeToCandidate
2019-06-13 05:05:22,247 INFO  impl.RoleInfo (RoleInfo.java:updateAndGet(143)) - 08f28f5e-993a-4e74-ae97-acbcb04e9b8f: start LeaderElection
2019-06-13 05:05:22,272 INFO  storage.RaftLogWorker (RaftLogWorker.java:execute(469)) - 510c58ce-ca2c-44ea-84c1-02074cbd4bc9-RaftLogWorker: created new log segment /opt/src/hadoop-ozone/integration-test/target/test-dir/MiniOzoneClusterImpl-884a966f-396a-4f87-a149-6a85524fb75d/datanode-2/data/ratis/dc798161-1104-4406-8be0-4a556264930d/current/log_inprogress_0
2019-06-13 05:05:22,272 INFO  impl.LeaderElection (LeaderElection.java:askForVotes(181)) - 08f28f5e-993a-4e74-ae97-acbcb04e9b8f:group-D6C66B9BC8E0:LeaderElection4: begin an election at term 1 for -1: [08f28f5e-993a-4e74-ae97-acbcb04e9b8f:192.168.46.45:45535], old=null
2019-06-13 05:05:22,273 INFO  impl.RoleInfo (RoleInfo.java:shutdownLeaderElection(134)) - 08f28f5e-993a-4e74-ae97-acbcb04e9b8f: shutdown LeaderElection
2019-06-13 05:05:22,273 INFO  impl.RaftServerImpl (RaftServerImpl.java:setRole(164)) - 08f28f5e-993a-4e74-ae97-acbcb04e9b8f:group-D6C66B9BC8E0 changes role from CANDIDATE to LEADER at term 1 for changeToLeader
2019-06-13 05:05:22,273 INFO  impl.RaftServerImpl (ServerState.java:setLeader(263)) - 08f28f5e-993a-4e74-ae97-acbcb04e9b8f:group-D6C66B9BC8E0 change Leader from null to 08f28f5e-993a-4e74-ae97-acbcb04e9b8f at term 1 for becomeLeader, leader elected after 1125ms
2019-06-13 05:05:22,275 INFO  server.RaftServerConfigKeys (ConfUtils.java:logGet(43)) - raft.server.staging.catchup.gap = 1000 (default)
2019-06-13 05:05:22,275 INFO  server.RaftServerConfigKeys (ConfUtils.java:logGet(43)) - raft.server.rpc.sleep.time = 25ms (default)
2019-06-13 05:05:22,275 INFO  server.RaftServerConfigKeys (ConfUtils.java:logGet(43)) - raft.server.watch.timeout = 10s (default)
2019-06-13 05:05:22,275 INFO  server.RaftServerConfigKeys (ConfUtils.java:logGet(43)) - raft.server.watch.timeout.denomination = 1s (default)
2019-06-13 05:05:22,275 INFO  impl.RoleInfo (RoleInfo.java:updateAndGet(143)) - 08f28f5e-993a-4e74-ae97-acbcb04e9b8f: start LeaderState
2019-06-13 05:05:22,275 INFO  storage.RaftLogWorker (RaftLogWorker.java:startLogSegment(298)) - 08f28f5e-993a-4e74-ae97-acbcb04e9b8f-RaftLogWorker: Starting segment from index:0
2019-06-13 05:05:22,277 INFO  impl.RaftServerImpl (ServerState.java:setRaftConf(361)) - 08f28f5e-993a-4e74-ae97-acbcb04e9b8f:group-D6C66B9BC8E0 set configuration 0: [08f28f5e-993a-4e74-ae97-acbcb04e9b8f:192.168.46.45:45535], old=null at 0
2019-06-13 05:05:22,294 INFO  impl.FollowerState (FollowerState.java:run(101)) - 08f28f5e-993a-4e74-ae97-acbcb04e9b8f:group-6BE61EFD3C77 changes to CANDIDATE, lastRpcTime:1060, electionTimeout:1049ms
2019-06-13 05:05:22,294 INFO  impl.RoleInfo (RoleInfo.java:shutdownFollowerState(121)) - 08f28f5e-993a-4e74-ae97-acbcb04e9b8f: shutdown FollowerState
2019-06-13 05:05:22,294 INFO  impl.RaftServerImpl (RaftServerImpl.java:setRole(164)) - 08f28f5e-993a-4e74-ae97-acbcb04e9b8f:group-6BE61EFD3C77 changes role from FOLLOWER to CANDIDATE at term 0 for changeToCandidate
2019-06-13 05:05:22,294 INFO  impl.RoleInfo (RoleInfo.java:updateAndGet(143)) - 08f28f5e-993a-4e74-ae97-acbcb04e9b8f: start LeaderElection
2019-06-13 05:05:22,312 INFO  impl.FollowerState (FollowerState.java:run(101)) - 97ecd936-9d92-4ddf-a882-e915fe563002:group-6BE61EFD3C77 changes to CANDIDATE, lastRpcTime:1101, electionTimeout:1097ms
2019-06-13 05:05:22,314 INFO  impl.RoleInfo (RoleInfo.java:shutdownFollowerState(121)) - 97ecd936-9d92-4ddf-a882-e915fe563002: shutdown FollowerState
2019-06-13 05:05:22,314 INFO  impl.RaftServerImpl (RaftServerImpl.java:setRole(164)) - 97ecd936-9d92-4ddf-a882-e915fe563002:group-6BE61EFD3C77 changes role from FOLLOWER to CANDIDATE at term 0 for changeToCandidate
2019-06-13 05:05:22,314 INFO  storage.RaftLogWorker (RaftLogWorker.java:execute(469)) - 08f28f5e-993a-4e74-ae97-acbcb04e9b8f-RaftLogWorker: created new log segment /opt/src/hadoop-ozone/integration-test/target/test-dir/MiniOzoneClusterImpl-884a966f-396a-4f87-a149-6a85524fb75d/datanode-3/data/ratis/23a9c421-8917-4b0c-ad8a-d6c66b9bc8e0/current/log_inprogress_0
2019-06-13 05:05:22,314 INFO  impl.RoleInfo (RoleInfo.java:updateAndGet(143)) - 97ecd936-9d92-4ddf-a882-e915fe563002: start LeaderElection
2019-06-13 05:05:22,316 INFO  impl.LeaderElection (LeaderElection.java:askForVotes(181)) - 08f28f5e-993a-4e74-ae97-acbcb04e9b8f:group-6BE61EFD3C77:LeaderElection5: begin an election at term 1 for -1: [510c58ce-ca2c-44ea-84c1-02074cbd4bc9:192.168.46.45:42419, 97ecd936-9d92-4ddf-a882-e915fe563002:192.168.46.45:42003, 08f28f5e-993a-4e74-ae97-acbcb04e9b8f:192.168.46.45:45535], old=null
2019-06-13 05:05:22,322 INFO  impl.LeaderElection (LeaderElection.java:askForVotes(181)) - 97ecd936-9d92-4ddf-a882-e915fe563002:group-6BE61EFD3C77:LeaderElection6: begin an election at term 1 for -1: [510c58ce-ca2c-44ea-84c1-02074cbd4bc9:192.168.46.45:42419, 97ecd936-9d92-4ddf-a882-e915fe563002:192.168.46.45:42003, 08f28f5e-993a-4e74-ae97-acbcb04e9b8f:192.168.46.45:45535], old=null
2019-06-13 05:05:22,357 INFO  impl.RaftServerImpl (RaftServerImpl.java:setRole(164)) - 510c58ce-ca2c-44ea-84c1-02074cbd4bc9:group-6BE61EFD3C77 changes role from FOLLOWER to FOLLOWER at term 1 for recognizeCandidate:08f28f5e-993a-4e74-ae97-acbcb04e9b8f
2019-06-13 05:05:22,357 INFO  impl.RoleInfo (RoleInfo.java:shutdownFollowerState(121)) - 510c58ce-ca2c-44ea-84c1-02074cbd4bc9: shutdown FollowerState
2019-06-13 05:05:22,358 INFO  impl.RoleInfo (RoleInfo.java:updateAndGet(143)) - 510c58ce-ca2c-44ea-84c1-02074cbd4bc9: start FollowerState
2019-06-13 05:05:22,358 INFO  impl.FollowerState (FollowerState.java:run(109)) - 510c58ce-ca2c-44ea-84c1-02074cbd4bc9: FollowerState was interrupted: java.lang.InterruptedException: sleep interrupted
2019-06-13 05:05:22,367 INFO  impl.FollowerState (FollowerState.java:run(101)) - 2cf06b71-4ba7-4011-855b-70e7b0969120:group-A783855FE6AA changes to CANDIDATE, lastRpcTime:1086, electionTimeout:1086ms
2019-06-13 05:05:22,367 INFO  impl.RoleInfo (RoleInfo.java:shutdownFollowerState(121)) - 2cf06b71-4ba7-4011-855b-70e7b0969120: shutdown FollowerState
2019-06-13 05:05:22,367 INFO  impl.RaftServerImpl (RaftServerImpl.java:setRole(164)) - 2cf06b71-4ba7-4011-855b-70e7b0969120:group-A783855FE6AA changes role from FOLLOWER to CANDIDATE at term 0 for changeToCandidate
2019-06-13 05:05:22,367 INFO  impl.RoleInfo (RoleInfo.java:updateAndGet(143)) - 2cf06b71-4ba7-4011-855b-70e7b0969120: start LeaderElection
2019-06-13 05:05:22,376 INFO  impl.LeaderElection (LeaderElection.java:logAndReturn(56)) - 08f28f5e-993a-4e74-ae97-acbcb04e9b8f:group-6BE61EFD3C77:LeaderElection5: Election PASSED; received 1 response(s) [08f28f5e-993a-4e74-ae97-acbcb04e9b8f->510c58ce-ca2c-44ea-84c1-02074cbd4bc9,true-t1] and 0 exception(s); 08f28f5e-993a-4e74-ae97-acbcb04e9b8f:t1, leader=null, voted=08f28f5e-993a-4e74-ae97-acbcb04e9b8f, raftlog=08f28f5e-993a-4e74-ae97-acbcb04e9b8f-SegmentedRaftLog:OPENED:c-1,f-1,i0, conf=-1: [510c58ce-ca2c-44ea-84c1-02074cbd4bc9:192.168.46.45:42419, 97ecd936-9d92-4ddf-a882-e915fe563002:192.168.46.45:42003, 08f28f5e-993a-4e74-ae97-acbcb04e9b8f:192.168.46.45:45535], old=null
2019-06-13 05:05:22,376 INFO  impl.RoleInfo (RoleInfo.java:shutdownLeaderElection(134)) - 08f28f5e-993a-4e74-ae97-acbcb04e9b8f: shutdown LeaderElection
2019-06-13 05:05:22,376 INFO  impl.RaftServerImpl (RaftServerImpl.java:setRole(164)) - 08f28f5e-993a-4e74-ae97-acbcb04e9b8f:group-6BE61EFD3C77 changes role from CANDIDATE to LEADER at term 1 for changeToLeader
2019-06-13 05:05:22,376 INFO  impl.RaftServerImpl (ServerState.java:setLeader(263)) - 08f28f5e-993a-4e74-ae97-acbcb04e9b8f:group-6BE61EFD3C77 change Leader from null to 08f28f5e-993a-4e74-ae97-acbcb04e9b8f at term 1 for becomeLeader, leader elected after 1160ms
2019-06-13 05:05:22,376 INFO  server.RaftServerConfigKeys (ConfUtils.java:logGet(43)) - raft.server.staging.catchup.gap = 1000 (default)
2019-06-13 05:05:22,376 INFO  server.RaftServerConfigKeys (ConfUtils.java:logGet(43)) - raft.server.rpc.sleep.time = 25ms (default)
2019-06-13 05:05:22,376 INFO  server.RaftServerConfigKeys (ConfUtils.java:logGet(43)) - raft.server.watch.timeout = 10s (default)
2019-06-13 05:05:22,376 INFO  server.RaftServerConfigKeys (ConfUtils.java:logGet(43)) - raft.server.watch.timeout.denomination = 1s (default)
2019-06-13 05:05:22,378 INFO  server.RaftServerConfigKeys (ConfUtils.java:logGet(43)) - raft.server.log.appender.snapshot.chunk.size.max = 16MB (=16777216) (default)
2019-06-13 05:05:22,379 INFO  impl.LeaderElection (LeaderElection.java:askForVotes(181)) - 2cf06b71-4ba7-4011-855b-70e7b0969120:group-A783855FE6AA:LeaderElection7: begin an election at term 1 for -1: [2cf06b71-4ba7-4011-855b-70e7b0969120:192.168.46.45:35657], old=null
2019-06-13 05:05:22,384 INFO  impl.RoleInfo (RoleInfo.java:shutdownLeaderElection(134)) - 2cf06b71-4ba7-4011-855b-70e7b0969120: shutdown LeaderElection
2019-06-13 05:05:22,384 INFO  impl.RaftServerImpl (RaftServerImpl.java:setRole(164)) - 2cf06b71-4ba7-4011-855b-70e7b0969120:group-A783855FE6AA changes role from CANDIDATE to LEADER at term 1 for changeToLeader
2019-06-13 05:05:22,384 INFO  impl.RaftServerImpl (ServerState.java:setLeader(263)) - 2cf06b71-4ba7-4011-855b-70e7b0969120:group-A783855FE6AA change Leader from null to 2cf06b71-4ba7-4011-855b-70e7b0969120 at term 1 for becomeLeader, leader elected after 1105ms
2019-06-13 05:05:22,379 INFO  server.RaftServerConfigKeys (ConfUtils.java:logGet(43)) - raft.server.log.appender.buffer.byte-limit = 33554432 (custom)
2019-06-13 05:05:22,386 INFO  server.RaftServerConfigKeys (ConfUtils.java:logGet(43)) - raft.server.staging.catchup.gap = 1000 (default)
2019-06-13 05:05:22,386 INFO  server.RaftServerConfigKeys (ConfUtils.java:logGet(43)) - raft.server.rpc.sleep.time = 25ms (default)
2019-06-13 05:05:22,386 INFO  server.RaftServerConfigKeys (ConfUtils.java:logGet(43)) - raft.server.log.appender.buffer.element-limit = 1 (custom)
2019-06-13 05:05:22,386 INFO  server.RaftServerConfigKeys (ConfUtils.java:logGet(43)) - raft.server.watch.timeout = 10s (default)
2019-06-13 05:05:22,386 INFO  server.RaftServerConfigKeys (ConfUtils.java:logGet(43)) - raft.server.watch.timeout.denomination = 1s (default)
2019-06-13 05:05:22,387 INFO  impl.RoleInfo (RoleInfo.java:updateAndGet(143)) - 2cf06b71-4ba7-4011-855b-70e7b0969120: start LeaderState
2019-06-13 05:05:22,387 INFO  storage.RaftLogWorker (RaftLogWorker.java:startLogSegment(298)) - 2cf06b71-4ba7-4011-855b-70e7b0969120-RaftLogWorker: Starting segment from index:0
2019-06-13 05:05:22,389 INFO  impl.RaftServerImpl (ServerState.java:setRaftConf(361)) - 2cf06b71-4ba7-4011-855b-70e7b0969120:group-A783855FE6AA set configuration 0: [2cf06b71-4ba7-4011-855b-70e7b0969120:192.168.46.45:35657], old=null at 0
2019-06-13 05:05:22,406 INFO  grpc.GrpcConfigKeys$Server (ConfUtils.java:logGet(43)) - raft.grpc.server.leader.outstanding.appends.max = 128 (default)
2019-06-13 05:05:22,407 INFO  impl.LeaderElection (LeaderElection.java:logAndReturn(56)) - 97ecd936-9d92-4ddf-a882-e915fe563002:group-6BE61EFD3C77:LeaderElection6: Election REJECTED; received 2 response(s) [97ecd936-9d92-4ddf-a882-e915fe563002->510c58ce-ca2c-44ea-84c1-02074cbd4bc9,false-t1, 97ecd936-9d92-4ddf-a882-e915fe563002->08f28f5e-993a-4e74-ae97-acbcb04e9b8f,false-t1] and 0 exception(s); 97ecd936-9d92-4ddf-a882-e915fe563002:t1, leader=null, voted=97ecd936-9d92-4ddf-a882-e915fe563002, raftlog=97ecd936-9d92-4ddf-a882-e915fe563002-SegmentedRaftLog:OPENED:c-1,f-1,i0, conf=-1: [510c58ce-ca2c-44ea-84c1-02074cbd4bc9:192.168.46.45:42419, 97ecd936-9d92-4ddf-a882-e915fe563002:192.168.46.45:42003, 08f28f5e-993a-4e74-ae97-acbcb04e9b8f:192.168.46.45:45535], old=null
2019-06-13 05:05:22,407 INFO  impl.RaftServerImpl (RaftServerImpl.java:setRole(164)) - 97ecd936-9d92-4ddf-a882-e915fe563002:group-6BE61EFD3C77 changes role from CANDIDATE to FOLLOWER at term 1 for DISCOVERED_A_NEW_TERM
2019-06-13 05:05:22,407 INFO  impl.RoleInfo (RoleInfo.java:shutdownLeaderElection(134)) - 97ecd936-9d92-4ddf-a882-e915fe563002: shutdown LeaderElection
2019-06-13 05:05:22,407 INFO  impl.RoleInfo (RoleInfo.java:updateAndGet(143)) - 97ecd936-9d92-4ddf-a882-e915fe563002: start FollowerState
2019-06-13 05:05:22,407 INFO  server.RaftServerConfigKeys (ConfUtils.java:logGet(43)) - raft.server.rpc.request.timeout = 3000ms (default)
2019-06-13 05:05:22,425 INFO  server.RaftServerConfigKeys (ConfUtils.java:logGet(43)) - raft.server.log.appender.install.snapshot.enabled = true (default)
2019-06-13 05:05:22,425 INFO  server.RaftServerConfigKeys (ConfUtils.java:logGet(43)) - raft.server.log.appender.snapshot.chunk.size.max = 16MB (=16777216) (default)
2019-06-13 05:05:22,425 INFO  storage.RaftLogWorker (RaftLogWorker.java:execute(469)) - 2cf06b71-4ba7-4011-855b-70e7b0969120-RaftLogWorker: created new log segment /opt/src/hadoop-ozone/integration-test/target/test-dir/MiniOzoneClusterImpl-884a966f-396a-4f87-a149-6a85524fb75d/datanode-4/data/ratis/681550b6-685c-4ae3-b600-a783855fe6aa/current/log_inprogress_0
2019-06-13 05:05:22,426 INFO  server.RaftServerConfigKeys (ConfUtils.java:logGet(43)) - raft.server.log.appender.buffer.byte-limit = 33554432 (custom)
2019-06-13 05:05:22,426 INFO  server.RaftServerConfigKeys (ConfUtils.java:logGet(43)) - raft.server.log.appender.buffer.element-limit = 1 (custom)
2019-06-13 05:05:22,426 INFO  grpc.GrpcConfigKeys$Server (ConfUtils.java:logGet(43)) - raft.grpc.server.leader.outstanding.appends.max = 128 (default)
2019-06-13 05:05:22,426 INFO  server.RaftServerConfigKeys (ConfUtils.java:logGet(43)) - raft.server.rpc.request.timeout = 3000ms (default)
2019-06-13 05:05:22,426 INFO  server.RaftServerConfigKeys (ConfUtils.java:logGet(43)) - raft.server.log.appender.install.snapshot.enabled = true (default)
2019-06-13 05:05:22,426 INFO  impl.RoleInfo (RoleInfo.java:updateAndGet(143)) - 08f28f5e-993a-4e74-ae97-acbcb04e9b8f: start LeaderState
2019-06-13 05:05:22,426 INFO  storage.RaftLogWorker (RaftLogWorker.java:startLogSegment(298)) - 08f28f5e-993a-4e74-ae97-acbcb04e9b8f-RaftLogWorker: Starting segment from index:0
2019-06-13 05:05:22,437 INFO  impl.RaftServerImpl (ServerState.java:setRaftConf(361)) - 08f28f5e-993a-4e74-ae97-acbcb04e9b8f:group-6BE61EFD3C77 set configuration 0: [510c58ce-ca2c-44ea-84c1-02074cbd4bc9:192.168.46.45:42419, 97ecd936-9d92-4ddf-a882-e915fe563002:192.168.46.45:42003, 08f28f5e-993a-4e74-ae97-acbcb04e9b8f:192.168.46.45:45535], old=null at 0
2019-06-13 05:05:22,470 INFO  storage.RaftLogWorker (RaftLogWorker.java:execute(469)) - 08f28f5e-993a-4e74-ae97-acbcb04e9b8f-RaftLogWorker: created new log segment /opt/src/hadoop-ozone/integration-test/target/test-dir/MiniOzoneClusterImpl-884a966f-396a-4f87-a149-6a85524fb75d/datanode-3/data/ratis/0edac449-d6fc-410d-ae47-6be61efd3c77/current/log_inprogress_0
2019-06-13 05:05:22,481 INFO  impl.RaftServerImpl (ServerState.java:setLeader(263)) - 97ecd936-9d92-4ddf-a882-e915fe563002:group-6BE61EFD3C77 change Leader from null to 08f28f5e-993a-4e74-ae97-acbcb04e9b8f at term 1 for appendEntries, leader elected after 1273ms
2019-06-13 05:05:22,482 INFO  impl.RaftServerImpl (ServerState.java:setLeader(263)) - 510c58ce-ca2c-44ea-84c1-02074cbd4bc9:group-6BE61EFD3C77 change Leader from null to 08f28f5e-993a-4e74-ae97-acbcb04e9b8f at term 1 for appendEntries, leader elected after 1270ms
2019-06-13 05:05:22,503 INFO  impl.RaftServerImpl (ServerState.java:setRaftConf(361)) - 97ecd936-9d92-4ddf-a882-e915fe563002:group-6BE61EFD3C77 set configuration 0: [510c58ce-ca2c-44ea-84c1-02074cbd4bc9:192.168.46.45:42419, 97ecd936-9d92-4ddf-a882-e915fe563002:192.168.46.45:42003, 08f28f5e-993a-4e74-ae97-acbcb04e9b8f:192.168.46.45:45535], old=null at 0
2019-06-13 05:05:22,503 INFO  impl.RaftServerImpl (ServerState.java:setRaftConf(361)) - 510c58ce-ca2c-44ea-84c1-02074cbd4bc9:group-6BE61EFD3C77 set configuration 0: [510c58ce-ca2c-44ea-84c1-02074cbd4bc9:192.168.46.45:42419, 97ecd936-9d92-4ddf-a882-e915fe563002:192.168.46.45:42003, 08f28f5e-993a-4e74-ae97-acbcb04e9b8f:192.168.46.45:45535], old=null at 0
2019-06-13 05:05:22,503 INFO  storage.RaftLogWorker (RaftLogWorker.java:startLogSegment(298)) - 510c58ce-ca2c-44ea-84c1-02074cbd4bc9-RaftLogWorker: Starting segment from index:0
2019-06-13 05:05:22,504 INFO  storage.RaftLogWorker (RaftLogWorker.java:startLogSegment(298)) - 97ecd936-9d92-4ddf-a882-e915fe563002-RaftLogWorker: Starting segment from index:0
2019-06-13 05:05:22,555 INFO  storage.RaftLogWorker (RaftLogWorker.java:execute(469)) - 510c58ce-ca2c-44ea-84c1-02074cbd4bc9-RaftLogWorker: created new log segment /opt/src/hadoop-ozone/integration-test/target/test-dir/MiniOzoneClusterImpl-884a966f-396a-4f87-a149-6a85524fb75d/datanode-2/data/ratis/0edac449-d6fc-410d-ae47-6be61efd3c77/current/log_inprogress_0
2019-06-13 05:05:22,556 INFO  storage.RaftLogWorker (RaftLogWorker.java:execute(469)) - 97ecd936-9d92-4ddf-a882-e915fe563002-RaftLogWorker: created new log segment /opt/src/hadoop-ozone/integration-test/target/test-dir/MiniOzoneClusterImpl-884a966f-396a-4f87-a149-6a85524fb75d/datanode-1/data/ratis/0edac449-d6fc-410d-ae47-6be61efd3c77/current/log_inprogress_0
2019-06-13 05:05:22,589 INFO  ozone.MiniOzoneClusterImpl (MiniOzoneClusterImpl.java:lambda$waitForClusterToBeReady$0(142)) - Cluster is ready. Got 6 of 6 DN Heartbeats.
]]></system-out>
    <system-err><![CDATA[ERROR StatusLogger No Log4j 2 configuration file found. Using default configuration (logging only errors to the console), or user programmatically provided configurations. Set system property 'log4j2.debug' to show Log4j 2 internal initialization logging. See https://logging.apache.org/log4j/2.x/manual/configuration.html for instructions on how to configure Log4j 2
Jun 13, 2019 5:05:15 AM com.sun.jersey.server.impl.application.WebApplicationImpl _initiate
INFO: Initiating Jersey application, version 'Jersey: 1.19 02/11/2015 03:25 AM'
Jun 13, 2019 5:05:16 AM com.sun.jersey.server.impl.application.WebApplicationImpl _initiate
INFO: Initiating Jersey application, version 'Jersey: 1.19 02/11/2015 03:25 AM'
Jun 13, 2019 5:05:16 AM com.sun.jersey.server.impl.application.WebApplicationImpl _initiate
INFO: Initiating Jersey application, version 'Jersey: 1.19 02/11/2015 03:25 AM'
Jun 13, 2019 5:05:16 AM com.sun.jersey.server.impl.application.WebApplicationImpl _initiate
INFO: Initiating Jersey application, version 'Jersey: 1.19 02/11/2015 03:25 AM'
Jun 13, 2019 5:05:17 AM com.sun.jersey.server.impl.application.WebApplicationImpl _initiate
INFO: Initiating Jersey application, version 'Jersey: 1.19 02/11/2015 03:25 AM'
Jun 13, 2019 5:05:17 AM com.sun.jersey.server.impl.application.WebApplicationImpl _initiate
INFO: Initiating Jersey application, version 'Jersey: 1.19 02/11/2015 03:25 AM'
]]></system-err>
  </testcase>
</testsuite>